LUA_PATH=/home/mdcallag/git/mytools/bench/sysbench.lua/lua/?.lua /home/mdcallag/git/mytools/bench/sysbench.lua/lua/sysbench --db-driver=pgsql --range-size=100 --table-size=10000000 --tables=8 --threads=40 --events=0 --warmup-time=5 --time=930 --pgsql_conn_id=true /home/mdcallag/git/mytools/bench/sysbench.lua/lua/oltp_inlist_update.lua run --pgsql-user=root --pgsql-password=pw --pgsql-host=127.0.0.1 --pgsql-db=ib --rand-type=uniform
48 CPUs
sysbench 1.1.0-9072687 (using bundled LuaJIT 2.1.0-beta3)

Running the test with following options:
Number of threads: 40
Warmup time: 5s
Initializing random number generator from current time


Initializing worker threads...

explain: for update-inlist :: explain UPDATE sbtest%d set c=7 WHERE id IN ( 5967760, 4644348, 5751556, 9693546, 7042508, 4571306, 6630106, 1881428, 3450455, 9565219)
for update-inlist
table 1 : explain UPDATE sbtest1 set c=7 WHERE id IN ( 5967760, 4644348, 5751556, 9693546, 7042508, 4571306, 6630106, 1881428, 3450455, 9565219)
	Update on sbtest1  (cost=0.43..48.53 rows=0 width=0)
	  ->  Index Scan using sbtest1_pkey on sbtest1  (cost=0.43..48.53 rows=10 width=490)
	        Index Cond: (id = ANY ('{5967760,4644348,5751556,9693546,7042508,4571306,6630106,1881428,3450455,9565219}'::integer[]))

table 2 : explain UPDATE sbtest2 set c=7 WHERE id IN ( 5967760, 4644348, 5751556, 9693546, 7042508, 4571306, 6630106, 1881428, 3450455, 9565219)
	Update on sbtest2  (cost=0.43..48.53 rows=0 width=0)
	  ->  Index Scan using sbtest2_pkey on sbtest2  (cost=0.43..48.53 rows=10 width=490)
	        Index Cond: (id = ANY ('{5967760,4644348,5751556,9693546,7042508,4571306,6630106,1881428,3450455,9565219}'::integer[]))

table 3 : explain UPDATE sbtest3 set c=7 WHERE id IN ( 5967760, 4644348, 5751556, 9693546, 7042508, 4571306, 6630106, 1881428, 3450455, 9565219)
	Update on sbtest3  (cost=0.43..48.53 rows=0 width=0)
	  ->  Index Scan using sbtest3_pkey on sbtest3  (cost=0.43..48.53 rows=10 width=490)
	        Index Cond: (id = ANY ('{5967760,4644348,5751556,9693546,7042508,4571306,6630106,1881428,3450455,9565219}'::integer[]))

table 4 : explain UPDATE sbtest4 set c=7 WHERE id IN ( 5967760, 4644348, 5751556, 9693546, 7042508, 4571306, 6630106, 1881428, 3450455, 9565219)
	Update on sbtest4  (cost=0.43..48.53 rows=0 width=0)
	  ->  Index Scan using sbtest4_pkey on sbtest4  (cost=0.43..48.53 rows=10 width=490)
	        Index Cond: (id = ANY ('{5967760,4644348,5751556,9693546,7042508,4571306,6630106,1881428,3450455,9565219}'::integer[]))

table 5 : explain UPDATE sbtest5 set c=7 WHERE id IN ( 5967760, 4644348, 5751556, 9693546, 7042508, 4571306, 6630106, 1881428, 3450455, 9565219)
	Update on sbtest5  (cost=0.43..48.53 rows=0 width=0)
	  ->  Index Scan using sbtest5_pkey on sbtest5  (cost=0.43..48.53 rows=10 width=490)
	        Index Cond: (id = ANY ('{5967760,4644348,5751556,9693546,7042508,4571306,6630106,1881428,3450455,9565219}'::integer[]))

table 6 : explain UPDATE sbtest6 set c=7 WHERE id IN ( 5967760, 4644348, 5751556, 9693546, 7042508, 4571306, 6630106, 1881428, 3450455, 9565219)
	Update on sbtest6  (cost=0.43..48.53 rows=0 width=0)
	  ->  Index Scan using sbtest6_pkey on sbtest6  (cost=0.43..48.53 rows=10 width=490)
	        Index Cond: (id = ANY ('{5967760,4644348,5751556,9693546,7042508,4571306,6630106,1881428,3450455,9565219}'::integer[]))

table 7 : explain UPDATE sbtest7 set c=7 WHERE id IN ( 5967760, 4644348, 5751556, 9693546, 7042508, 4571306, 6630106, 1881428, 3450455, 9565219)
	Update on sbtest7  (cost=0.43..48.53 rows=0 width=0)
	  ->  Index Scan using sbtest7_pkey on sbtest7  (cost=0.43..48.53 rows=10 width=490)
	        Index Cond: (id = ANY ('{5967760,4644348,5751556,9693546,7042508,4571306,6630106,1881428,3450455,9565219}'::integer[]))

table 8 : explain UPDATE sbtest8 set c=7 WHERE id IN ( 5967760, 4644348, 5751556, 9693546, 7042508, 4571306, 6630106, 1881428, 3450455, 9565219)
	Update on sbtest8  (cost=0.43..48.53 rows=0 width=0)
	  ->  Index Scan using sbtest8_pkey on sbtest8  (cost=0.43..48.53 rows=10 width=490)
	        Index Cond: (id = ANY ('{5967760,4644348,5751556,9693546,7042508,4571306,6630106,1881428,3450455,9565219}'::integer[]))

explain: for update-inlist :: explain UPDATE sbtest%d set c=7 WHERE id IN ( 597306, 7897493, 2682605, 1367110, 5175415, 4925688, 6036280, 3303157, 8708925, 6779670)
explain: for update-inlist :: explain UPDATE sbtest%d set c=7 WHERE id IN ( 999451, 2688545, 5070678, 1172917, 3715322, 4422743, 567149, 9038276, 5969867, 5452186)
explain: for update-inlist :: explain UPDATE sbtest%d set c=7 WHERE id IN ( 5975636, 6767022, 1988858, 3630928, 3477642, 4988230, 9482652, 941524, 3479827, 4540050)
explain: for update-inlist :: explain UPDATE sbtest%d set c=7 WHERE id IN ( 1503625, 9763454, 9632380, 6701033, 6508037, 9218829, 4174451, 1004730, 461264, 4467966)
explain: for update-inlist :: explain UPDATE sbtest%d set c=7 WHERE id IN ( 1430368, 8342976, 5197822, 8262395, 5201298, 2231307, 3661929, 3451607, 2043597, 1385377)
explain: for update-inlist :: explain UPDATE sbtest%d set c=7 WHERE id IN ( 2977931, 7735288, 1103792, 7255931, 2574918, 9984528, 7906480, 9774458, 5085745, 1194756)
for update-inlist
table 1 : explain UPDATE sbtest1 set c=7 WHERE id IN ( 597306, 7897493, 2682605, 1367110, 5175415, 4925688, 6036280, 3303157, 8708925, 6779670)
	Update on sbtest1  (cost=0.43..48.53 rows=0 width=0)
	  ->  Index Scan using sbtest1_pkey on sbtest1  (cost=0.43..48.53 rows=10 width=490)
	        Index Cond: (id = ANY ('{597306,7897493,2682605,1367110,5175415,4925688,6036280,3303157,8708925,6779670}'::integer[]))

table 2 : explain UPDATE sbtest2 set c=7 WHERE id IN ( 597306, 7897493, 2682605, 1367110, 5175415, 4925688, 6036280, 3303157, 8708925, 6779670)
	Update on sbtest2  (cost=0.43..48.53 rows=0 width=0)
	  ->  Index Scan using sbtest2_pkey on sbtest2  (cost=0.43..48.53 rows=10 width=490)
	        Index Cond: (id = ANY ('{597306,7897493,2682605,1367110,5175415,4925688,6036280,3303157,8708925,6779670}'::integer[]))

table 3 : explain UPDATE sbtest3 set c=7 WHERE id IN ( 597306, 7897493, 2682605, 1367110, 5175415, 4925688, 6036280, 3303157, 8708925, 6779670)
	Update on sbtest3  (cost=0.43..48.53 rows=0 width=0)
	  ->  Index Scan using sbtest3_pkey on sbtest3  (cost=0.43..48.53 rows=10 width=490)
	        Index Cond: (id = ANY ('{597306,7897493,2682605,1367110,5175415,4925688,6036280,3303157,8708925,6779670}'::integer[]))

table 4 : explain UPDATE sbtest4 set c=7 WHERE id IN ( 597306, 7897493, 2682605, 1367110, 5175415, 4925688, 6036280, 3303157, 8708925, 6779670)
	Update on sbtest4  (cost=0.43..48.53 rows=0 width=0)
	  ->  Index Scan using sbtest4_pkey on sbtest4  (cost=0.43..48.53 rows=10 width=490)
	        Index Cond: (id = ANY ('{597306,7897493,2682605,1367110,5175415,4925688,6036280,3303157,8708925,6779670}'::integer[]))

table 5 : explain UPDATE sbtest5 set c=7 WHERE id IN ( 597306, 7897493, 2682605, 1367110, 5175415, 4925688, 6036280, 3303157, 8708925, 6779670)
	Update on sbtest5  (cost=0.43..48.53 rows=0 width=0)
	  ->  Index Scan using sbtest5_pkey on sbtest5  (cost=0.43..48.53 rows=10 width=490)
	        Index Cond: (id = ANY ('{597306,7897493,2682605,1367110,5175415,4925688,6036280,3303157,8708925,6779670}'::integer[]))

table 6 : explain UPDATE sbtest6 set c=7 WHERE id IN ( 597306, 7897493, 2682605, 1367110, 5175415, 4925688, 6036280, 3303157, 8708925, 6779670)
	Update on sbtest6  (cost=0.43..48.53 rows=0 width=0)
	  ->  Index Scan using sbtest6_pkey on sbtest6  (cost=0.43..48.53 rows=10 width=490)
	        Index Cond: (id = ANY ('{597306,7897493,2682605,1367110,5175415,4925688,6036280,3303157,8708925,6779670}'::integer[]))

table 7 : explain UPDATE sbtest7 set c=7 WHERE id IN ( 597306, 7897493, 2682605, 1367110, 5175415, 4925688, 6036280, 3303157, 8708925, 6779670)
	Update on sbtest7  (cost=0.43..48.53 rows=0 width=0)
	  ->  Index Scan using sbtest7_pkey on sbtest7  (cost=0.43..48.53 rows=10 width=490)
	        Index Cond: (id = ANY ('{597306,7897493,2682605,1367110,5175415,4925688,6036280,3303157,8708925,6779670}'::integer[]))

table 8 : explain UPDATE sbtest8 set c=7 WHERE id IN ( 597306, 7897493, 2682605, 1367110, 5175415, 4925688, 6036280, 3303157, 8708925, 6779670)
	Update on sbtest8  (cost=0.43..48.53 rows=0 width=0)
	  ->  Index Scan using sbtest8_pkey on sbtest8  (cost=0.43..48.53 rows=10 width=490)
	        Index Cond: (id = ANY ('{597306,7897493,2682605,1367110,5175415,4925688,6036280,3303157,8708925,6779670}'::integer[]))

explain: for update-inlist :: explain UPDATE sbtest%d set c=7 WHERE id IN ( 370092, 4848248, 7955018, 925593, 9932637, 5947774, 3499372, 171168, 8478626, 1805176)
for update-inlist
table 1 : explain UPDATE sbtest1 set c=7 WHERE id IN ( 1503625, 9763454, 9632380, 6701033, 6508037, 9218829, 4174451, 1004730, 461264, 4467966)
	Update on sbtest1  (cost=0.43..48.53 rows=0 width=0)
	  ->  Index Scan using sbtest1_pkey on sbtest1  (cost=0.43..48.53 rows=10 width=490)
	        Index Cond: (id = ANY ('{1503625,9763454,9632380,6701033,6508037,9218829,4174451,1004730,461264,4467966}'::integer[]))

table 2 : explain UPDATE sbtest2 set c=7 WHERE id IN ( 1503625, 9763454, 9632380, 6701033, 6508037, 9218829, 4174451, 1004730, 461264, 4467966)
	Update on sbtest2  (cost=0.43..48.53 rows=0 width=0)
	  ->  Index Scan using sbtest2_pkey on sbtest2  (cost=0.43..48.53 rows=10 width=490)
	        Index Cond: (id = ANY ('{1503625,9763454,9632380,6701033,6508037,9218829,4174451,1004730,461264,4467966}'::integer[]))

table 3 : explain UPDATE sbtest3 set c=7 WHERE id IN ( 1503625, 9763454, 9632380, 6701033, 6508037, 9218829, 4174451, 1004730, 461264, 4467966)
	Update on sbtest3  (cost=0.43..48.53 rows=0 width=0)
	  ->  Index Scan using sbtest3_pkey on sbtest3  (cost=0.43..48.53 rows=10 width=490)
	        Index Cond: (id = ANY ('{1503625,9763454,9632380,6701033,6508037,9218829,4174451,1004730,461264,4467966}'::integer[]))

table 4 : explain UPDATE sbtest4 set c=7 WHERE id IN ( 1503625, 9763454, 9632380, 6701033, 6508037, 9218829, 4174451, 1004730, 461264, 4467966)
	Update on sbtest4  (cost=0.43..48.53 rows=0 width=0)
	  ->  Index Scan using sbtest4_pkey on sbtest4  (cost=0.43..48.53 rows=10 width=490)
	        Index Cond: (id = ANY ('{1503625,9763454,9632380,6701033,6508037,9218829,4174451,1004730,461264,4467966}'::integer[]))

table 5 : explain UPDATE sbtest5 set c=7 WHERE id IN ( 1503625, 9763454, 9632380, 6701033, 6508037, 9218829, 4174451, 1004730, 461264, 4467966)
	Update on sbtest5  (cost=0.43..48.53 rows=0 width=0)
	  ->  Index Scan using sbtest5_pkey on sbtest5  (cost=0.43..48.53 rows=10 width=490)
	        Index Cond: (id = ANY ('{1503625,9763454,9632380,6701033,6508037,9218829,4174451,1004730,461264,4467966}'::integer[]))

table 6 : explain UPDATE sbtest6 set c=7 WHERE id IN ( 1503625, 9763454, 9632380, 6701033, 6508037, 9218829, 4174451, 1004730, 461264, 4467966)
	Update on sbtest6  (cost=0.43..48.53 rows=0 width=0)
	  ->  Index Scan using sbtest6_pkey on sbtest6  (cost=0.43..48.53 rows=10 width=490)
	        Index Cond: (id = ANY ('{1503625,9763454,9632380,6701033,6508037,9218829,4174451,1004730,461264,4467966}'::integer[]))

table 7 : explain UPDATE sbtest7 set c=7 WHERE id IN ( 1503625, 9763454, 9632380, 6701033, 6508037, 9218829, 4174451, 1004730, 461264, 4467966)
	Update on sbtest7  (cost=0.43..48.53 rows=0 width=0)
	  ->  Index Scan using sbtest7_pkey on sbtest7  (cost=0.43..48.53 rows=10 width=490)
	        Index Cond: (id = ANY ('{1503625,9763454,9632380,6701033,6508037,9218829,4174451,1004730,461264,4467966}'::integer[]))

table 8 : explain UPDATE sbtest8 set c=7 WHERE id IN ( 1503625, 9763454, 9632380, 6701033, 6508037, 9218829, 4174451, 1004730, 461264, 4467966)
	Update on sbtest8  (cost=0.43..48.53 rows=0 width=0)
	  ->  Index Scan using sbtest8_pkey on sbtest8  (cost=0.43..48.53 rows=10 width=490)
	        Index Cond: (id = ANY ('{1503625,9763454,9632380,6701033,6508037,9218829,4174451,1004730,461264,4467966}'::integer[]))

for update-inlist
table 1 : explain UPDATE sbtest1 set c=7 WHERE id IN ( 5975636, 6767022, 1988858, 3630928, 3477642, 4988230, 9482652, 941524, 3479827, 4540050)
	Update on sbtest1  (cost=0.43..48.53 rows=0 width=0)
	  ->  Index Scan using sbtest1_pkey on sbtest1  (cost=0.43..48.53 rows=10 width=490)
	        Index Cond: (id = ANY ('{5975636,6767022,1988858,3630928,3477642,4988230,9482652,941524,3479827,4540050}'::integer[]))

table 2 : explain UPDATE sbtest2 set c=7 WHERE id IN ( 5975636, 6767022, 1988858, 3630928, 3477642, 4988230, 9482652, 941524, 3479827, 4540050)
	Update on sbtest2  (cost=0.43..48.53 rows=0 width=0)
	  ->  Index Scan using sbtest2_pkey on sbtest2  (cost=0.43..48.53 rows=10 width=490)
	        Index Cond: (id = ANY ('{5975636,6767022,1988858,3630928,3477642,4988230,9482652,941524,3479827,4540050}'::integer[]))

table 3 : explain UPDATE sbtest3 set c=7 WHERE id IN ( 5975636, 6767022, 1988858, 3630928, 3477642, 4988230, 9482652, 941524, 3479827, 4540050)
	Update on sbtest3  (cost=0.43..48.53 rows=0 width=0)
	  ->  Index Scan using sbtest3_pkey on sbtest3  (cost=0.43..48.53 rows=10 width=490)
	        Index Cond: (id = ANY ('{5975636,6767022,1988858,3630928,3477642,4988230,9482652,941524,3479827,4540050}'::integer[]))

table 4 : explain UPDATE sbtest4 set c=7 WHERE id IN ( 5975636, 6767022, 1988858, 3630928, 3477642, 4988230, 9482652, 941524, 3479827, 4540050)
	Update on sbtest4  (cost=0.43..48.53 rows=0 width=0)
	  ->  Index Scan using sbtest4_pkey on sbtest4  (cost=0.43..48.53 rows=10 width=490)
	        Index Cond: (id = ANY ('{5975636,6767022,1988858,3630928,3477642,4988230,9482652,941524,3479827,4540050}'::integer[]))

table 5 : explain UPDATE sbtest5 set c=7 WHERE id IN ( 5975636, 6767022, 1988858, 3630928, 3477642, 4988230, 9482652, 941524, 3479827, 4540050)
	Update on sbtest5  (cost=0.43..48.53 rows=0 width=0)
	  ->  Index Scan using sbtest5_pkey on sbtest5  (cost=0.43..48.53 rows=10 width=490)
	        Index Cond: (id = ANY ('{5975636,6767022,1988858,3630928,3477642,4988230,9482652,941524,3479827,4540050}'::integer[]))

table 6 : explain UPDATE sbtest6 set c=7 WHERE id IN ( 5975636, 6767022, 1988858, 3630928, 3477642, 4988230, 9482652, 941524, 3479827, 4540050)
	Update on sbtest6  (cost=0.43..48.53 rows=0 width=0)
	  ->  Index Scan using sbtest6_pkey on sbtest6  (cost=0.43..48.53 rows=10 width=490)
	        Index Cond: (id = ANY ('{5975636,6767022,1988858,3630928,3477642,4988230,9482652,941524,3479827,4540050}'::integer[]))

table 7 : explain UPDATE sbtest7 set c=7 WHERE id IN ( 5975636, 6767022, 1988858, 3630928, 3477642, 4988230, 9482652, 941524, 3479827, 4540050)
	Update on sbtest7  (cost=0.43..48.53 rows=0 width=0)
	  ->  Index Scan using sbtest7_pkey on sbtest7  (cost=0.43..48.53 rows=10 width=490)
	        Index Cond: (id = ANY ('{5975636,6767022,1988858,3630928,3477642,4988230,9482652,941524,3479827,4540050}'::integer[]))

table 8 : explain UPDATE sbtest8 set c=7 WHERE id IN ( 5975636, 6767022, 1988858, 3630928, 3477642, 4988230, 9482652, 941524, 3479827, 4540050)
	Update on sbtest8  (cost=0.43..48.53 rows=0 width=0)
	  ->  Index Scan using sbtest8_pkey on sbtest8  (cost=0.43..48.53 rows=10 width=490)
	        Index Cond: (id = ANY ('{5975636,6767022,1988858,3630928,3477642,4988230,9482652,941524,3479827,4540050}'::integer[]))

explain: for update-inlist :: explain UPDATE sbtest%d set c=7 WHERE id IN ( 1130605, 343647, 1785240, 9549803, 2284860, 7377964, 7918965, 6689476, 2731841, 598779)
for update-inlist
table 1 : explain UPDATE sbtest1 set c=7 WHERE id IN ( 999451, 2688545, 5070678, 1172917, 3715322, 4422743, 567149, 9038276, 5969867, 5452186)
	Update on sbtest1  (cost=0.43..48.53 rows=0 width=0)
	  ->  Index Scan using sbtest1_pkey on sbtest1  (cost=0.43..48.53 rows=10 width=490)
	        Index Cond: (id = ANY ('{999451,2688545,5070678,1172917,3715322,4422743,567149,9038276,5969867,5452186}'::integer[]))

table 2 : explain UPDATE sbtest2 set c=7 WHERE id IN ( 999451, 2688545, 5070678, 1172917, 3715322, 4422743, 567149, 9038276, 5969867, 5452186)
	Update on sbtest2  (cost=0.43..48.53 rows=0 width=0)
	  ->  Index Scan using sbtest2_pkey on sbtest2  (cost=0.43..48.53 rows=10 width=490)
	        Index Cond: (id = ANY ('{999451,2688545,5070678,1172917,3715322,4422743,567149,9038276,5969867,5452186}'::integer[]))

table 3 : explain UPDATE sbtest3 set c=7 WHERE id IN ( 999451, 2688545, 5070678, 1172917, 3715322, 4422743, 567149, 9038276, 5969867, 5452186)
	Update on sbtest3  (cost=0.43..48.53 rows=0 width=0)
	  ->  Index Scan using sbtest3_pkey on sbtest3  (cost=0.43..48.53 rows=10 width=490)
	        Index Cond: (id = ANY ('{999451,2688545,5070678,1172917,3715322,4422743,567149,9038276,5969867,5452186}'::integer[]))

table 4 : explain UPDATE sbtest4 set c=7 WHERE id IN ( 999451, 2688545, 5070678, 1172917, 3715322, 4422743, 567149, 9038276, 5969867, 5452186)
	Update on sbtest4  (cost=0.43..48.53 rows=0 width=0)
	  ->  Index Scan using sbtest4_pkey on sbtest4  (cost=0.43..48.53 rows=10 width=490)
	        Index Cond: (id = ANY ('{999451,2688545,5070678,1172917,3715322,4422743,567149,9038276,5969867,5452186}'::integer[]))

table 5 : explain UPDATE sbtest5 set c=7 WHERE id IN ( 999451, 2688545, 5070678, 1172917, 3715322, 4422743, 567149, 9038276, 5969867, 5452186)
	Update on sbtest5  (cost=0.43..48.53 rows=0 width=0)
	  ->  Index Scan using sbtest5_pkey on sbtest5  (cost=0.43..48.53 rows=10 width=490)
	        Index Cond: (id = ANY ('{999451,2688545,5070678,1172917,3715322,4422743,567149,9038276,5969867,5452186}'::integer[]))

table 6 : explain UPDATE sbtest6 set c=7 WHERE id IN ( 999451, 2688545, 5070678, 1172917, 3715322, 4422743, 567149, 9038276, 5969867, 5452186)
	Update on sbtest6  (cost=0.43..48.53 rows=0 width=0)
	  ->  Index Scan using sbtest6_pkey on sbtest6  (cost=0.43..48.53 rows=10 width=490)
	        Index Cond: (id = ANY ('{999451,2688545,5070678,1172917,3715322,4422743,567149,9038276,5969867,5452186}'::integer[]))

table 7 : explain UPDATE sbtest7 set c=7 WHERE id IN ( 999451, 2688545, 5070678, 1172917, 3715322, 4422743, 567149, 9038276, 5969867, 5452186)
	Update on sbtest7  (cost=0.43..48.53 rows=0 width=0)
	  ->  Index Scan using sbtest7_pkey on sbtest7  (cost=0.43..48.53 rows=10 width=490)
	        Index Cond: (id = ANY ('{999451,2688545,5070678,1172917,3715322,4422743,567149,9038276,5969867,5452186}'::integer[]))

table 8 : explain UPDATE sbtest8 set c=7 WHERE id IN ( 999451, 2688545, 5070678, 1172917, 3715322, 4422743, 567149, 9038276, 5969867, 5452186)
	Update on sbtest8  (cost=0.43..48.53 rows=0 width=0)
	  ->  Index Scan using sbtest8_pkey on sbtest8  (cost=0.43..48.53 rows=10 width=490)
	        Index Cond: (id = ANY ('{999451,2688545,5070678,1172917,3715322,4422743,567149,9038276,5969867,5452186}'::integer[]))

for update-inlist
table 1 : explain UPDATE sbtest1 set c=7 WHERE id IN ( 1430368, 8342976, 5197822, 8262395, 5201298, 2231307, 3661929, 3451607, 2043597, 1385377)
	Update on sbtest1  (cost=0.43..48.53 rows=0 width=0)
	  ->  Index Scan using sbtest1_pkey on sbtest1  (cost=0.43..48.53 rows=10 width=490)
	        Index Cond: (id = ANY ('{1430368,8342976,5197822,8262395,5201298,2231307,3661929,3451607,2043597,1385377}'::integer[]))

table 2 : explain UPDATE sbtest2 set c=7 WHERE id IN ( 1430368, 8342976, 5197822, 8262395, 5201298, 2231307, 3661929, 3451607, 2043597, 1385377)
	Update on sbtest2  (cost=0.43..48.53 rows=0 width=0)
	  ->  Index Scan using sbtest2_pkey on sbtest2  (cost=0.43..48.53 rows=10 width=490)
	        Index Cond: (id = ANY ('{1430368,8342976,5197822,8262395,5201298,2231307,3661929,3451607,2043597,1385377}'::integer[]))

table 3 : explain UPDATE sbtest3 set c=7 WHERE id IN ( 1430368, 8342976, 5197822, 8262395, 5201298, 2231307, 3661929, 3451607, 2043597, 1385377)
	Update on sbtest3  (cost=0.43..48.53 rows=0 width=0)
	  ->  Index Scan using sbtest3_pkey on sbtest3  (cost=0.43..48.53 rows=10 width=490)
	        Index Cond: (id = ANY ('{1430368,8342976,5197822,8262395,5201298,2231307,3661929,3451607,2043597,1385377}'::integer[]))

table 4 : explain UPDATE sbtest4 set c=7 WHERE id IN ( 1430368, 8342976, 5197822, 8262395, 5201298, 2231307, 3661929, 3451607, 2043597, 1385377)
	Update on sbtest4  (cost=0.43..48.53 rows=0 width=0)
	  ->  Index Scan using sbtest4_pkey on sbtest4  (cost=0.43..48.53 rows=10 width=490)
	        Index Cond: (id = ANY ('{1430368,8342976,5197822,8262395,5201298,2231307,3661929,3451607,2043597,1385377}'::integer[]))

table 5 : explain UPDATE sbtest5 set c=7 WHERE id IN ( 1430368, 8342976, 5197822, 8262395, 5201298, 2231307, 3661929, 3451607, 2043597, 1385377)
	Update on sbtest5  (cost=0.43..48.53 rows=0 width=0)
	  ->  Index Scan using sbtest5_pkey on sbtest5  (cost=0.43..48.53 rows=10 width=490)
	        Index Cond: (id = ANY ('{1430368,8342976,5197822,8262395,5201298,2231307,3661929,3451607,2043597,1385377}'::integer[]))

table 6 : explain UPDATE sbtest6 set c=7 WHERE id IN ( 1430368, 8342976, 5197822, 8262395, 5201298, 2231307, 3661929, 3451607, 2043597, 1385377)
	Update on sbtest6  (cost=0.43..48.53 rows=0 width=0)
	  ->  Index Scan using sbtest6_pkey on sbtest6  (cost=0.43..48.53 rows=10 width=490)
	        Index Cond: (id = ANY ('{1430368,8342976,5197822,8262395,5201298,2231307,3661929,3451607,2043597,1385377}'::integer[]))

table 7 : explain UPDATE sbtest7 set c=7 WHERE id IN ( 1430368, 8342976, 5197822, 8262395, 5201298, 2231307, 3661929, 3451607, 2043597, 1385377)
	Update on sbtest7  (cost=0.43..48.53 rows=0 width=0)
	  ->  Index Scan using sbtest7_pkey on sbtest7  (cost=0.43..48.53 rows=10 width=490)
	        Index Cond: (id = ANY ('{1430368,8342976,5197822,8262395,5201298,2231307,3661929,3451607,2043597,1385377}'::integer[]))

table 8 : explain UPDATE sbtest8 set c=7 WHERE id IN ( 1430368, 8342976, 5197822, 8262395, 5201298, 2231307, 3661929, 3451607, 2043597, 1385377)
	Update on sbtest8  (cost=0.43..48.53 rows=0 width=0)
	  ->  Index Scan using sbtest8_pkey on sbtest8  (cost=0.43..48.53 rows=10 width=490)
	        Index Cond: (id = ANY ('{1430368,8342976,5197822,8262395,5201298,2231307,3661929,3451607,2043597,1385377}'::integer[]))

for update-inlist
table 1 : explain UPDATE sbtest1 set c=7 WHERE id IN ( 2977931, 7735288, 1103792, 7255931, 2574918, 9984528, 7906480, 9774458, 5085745, 1194756)
	Update on sbtest1  (cost=0.43..48.53 rows=0 width=0)
	  ->  Index Scan using sbtest1_pkey on sbtest1  (cost=0.43..48.53 rows=10 width=490)
	        Index Cond: (id = ANY ('{2977931,7735288,1103792,7255931,2574918,9984528,7906480,9774458,5085745,1194756}'::integer[]))

table 2 : explain UPDATE sbtest2 set c=7 WHERE id IN ( 2977931, 7735288, 1103792, 7255931, 2574918, 9984528, 7906480, 9774458, 5085745, 1194756)
	Update on sbtest2  (cost=0.43..48.53 rows=0 width=0)
	  ->  Index Scan using sbtest2_pkey on sbtest2  (cost=0.43..48.53 rows=10 width=490)
	        Index Cond: (id = ANY ('{2977931,7735288,1103792,7255931,2574918,9984528,7906480,9774458,5085745,1194756}'::integer[]))

table 3 : explain UPDATE sbtest3 set c=7 WHERE id IN ( 2977931, 7735288, 1103792, 7255931, 2574918, 9984528, 7906480, 9774458, 5085745, 1194756)
	Update on sbtest3  (cost=0.43..48.53 rows=0 width=0)
	  ->  Index Scan using sbtest3_pkey on sbtest3  (cost=0.43..48.53 rows=10 width=490)
	        Index Cond: (id = ANY ('{2977931,7735288,1103792,7255931,2574918,9984528,7906480,9774458,5085745,1194756}'::integer[]))

table 4 : explain UPDATE sbtest4 set c=7 WHERE id IN ( 2977931, 7735288, 1103792, 7255931, 2574918, 9984528, 7906480, 9774458, 5085745, 1194756)
	Update on sbtest4  (cost=0.43..48.53 rows=0 width=0)
	  ->  Index Scan using sbtest4_pkey on sbtest4  (cost=0.43..48.53 rows=10 width=490)
	        Index Cond: (id = ANY ('{2977931,7735288,1103792,7255931,2574918,9984528,7906480,9774458,5085745,1194756}'::integer[]))

table 5 : explain UPDATE sbtest5 set c=7 WHERE id IN ( 2977931, 7735288, 1103792, 7255931, 2574918, 9984528, 7906480, 9774458, 5085745, 1194756)
	Update on sbtest5  (cost=0.43..48.53 rows=0 width=0)
	  ->  Index Scan using sbtest5_pkey on sbtest5  (cost=0.43..48.53 rows=10 width=490)
	        Index Cond: (id = ANY ('{2977931,7735288,1103792,7255931,2574918,9984528,7906480,9774458,5085745,1194756}'::integer[]))

table 6 : explain UPDATE sbtest6 set c=7 WHERE id IN ( 2977931, 7735288, 1103792, 7255931, 2574918, 9984528, 7906480, 9774458, 5085745, 1194756)
	Update on sbtest6  (cost=0.43..48.53 rows=0 width=0)
	  ->  Index Scan using sbtest6_pkey on sbtest6  (cost=0.43..48.53 rows=10 width=490)
	        Index Cond: (id = ANY ('{2977931,7735288,1103792,7255931,2574918,9984528,7906480,9774458,5085745,1194756}'::integer[]))

table 7 : explain UPDATE sbtest7 set c=7 WHERE id IN ( 2977931, 7735288, 1103792, 7255931, 2574918, 9984528, 7906480, 9774458, 5085745, 1194756)
	Update on sbtest7  (cost=0.43..48.53 rows=0 width=0)
	  ->  Index Scan using sbtest7_pkey on sbtest7  (cost=0.43..48.53 rows=10 width=490)
	        Index Cond: (id = ANY ('{2977931,7735288,1103792,7255931,2574918,9984528,7906480,9774458,5085745,1194756}'::integer[]))

table 8 : explain UPDATE sbtest8 set c=7 WHERE id IN ( 2977931, 7735288, 1103792, 7255931, 2574918, 9984528, 7906480, 9774458, 5085745, 1194756)
	Update on sbtest8  (cost=0.43..48.53 rows=0 width=0)
	  ->  Index Scan using sbtest8_pkey on sbtest8  (cost=0.43..48.53 rows=10 width=490)
	        Index Cond: (id = ANY ('{2977931,7735288,1103792,7255931,2574918,9984528,7906480,9774458,5085745,1194756}'::integer[]))

explain: for update-inlist :: explain UPDATE sbtest%d set c=7 WHERE id IN ( 8943276, 5987069, 1589994, 78624, 1878656, 2725000, 6541044, 3387529, 2678393, 2342467)
for update-inlist
table 1 : explain UPDATE sbtest1 set c=7 WHERE id IN ( 370092, 4848248, 7955018, 925593, 9932637, 5947774, 3499372, 171168, 8478626, 1805176)
	Update on sbtest1  (cost=0.43..48.53 rows=0 width=0)
	  ->  Index Scan using sbtest1_pkey on sbtest1  (cost=0.43..48.53 rows=10 width=490)
	        Index Cond: (id = ANY ('{370092,4848248,7955018,925593,9932637,5947774,3499372,171168,8478626,1805176}'::integer[]))

table 2 : explain UPDATE sbtest2 set c=7 WHERE id IN ( 370092, 4848248, 7955018, 925593, 9932637, 5947774, 3499372, 171168, 8478626, 1805176)
	Update on sbtest2  (cost=0.43..48.53 rows=0 width=0)
	  ->  Index Scan using sbtest2_pkey on sbtest2  (cost=0.43..48.53 rows=10 width=490)
	        Index Cond: (id = ANY ('{370092,4848248,7955018,925593,9932637,5947774,3499372,171168,8478626,1805176}'::integer[]))

table 3 : explain UPDATE sbtest3 set c=7 WHERE id IN ( 370092, 4848248, 7955018, 925593, 9932637, 5947774, 3499372, 171168, 8478626, 1805176)
	Update on sbtest3  (cost=0.43..48.53 rows=0 width=0)
	  ->  Index Scan using sbtest3_pkey on sbtest3  (cost=0.43..48.53 rows=10 width=490)
	        Index Cond: (id = ANY ('{370092,4848248,7955018,925593,9932637,5947774,3499372,171168,8478626,1805176}'::integer[]))

table 4 : explain UPDATE sbtest4 set c=7 WHERE id IN ( 370092, 4848248, 7955018, 925593, 9932637, 5947774, 3499372, 171168, 8478626, 1805176)
	Update on sbtest4  (cost=0.43..48.53 rows=0 width=0)
	  ->  Index Scan using sbtest4_pkey on sbtest4  (cost=0.43..48.53 rows=10 width=490)
	        Index Cond: (id = ANY ('{370092,4848248,7955018,925593,9932637,5947774,3499372,171168,8478626,1805176}'::integer[]))

table 5 : explain UPDATE sbtest5 set c=7 WHERE id IN ( 370092, 4848248, 7955018, 925593, 9932637, 5947774, 3499372, 171168, 8478626, 1805176)
	Update on sbtest5  (cost=0.43..48.53 rows=0 width=0)
	  ->  Index Scan using sbtest5_pkey on sbtest5  (cost=0.43..48.53 rows=10 width=490)
	        Index Cond: (id = ANY ('{370092,4848248,7955018,925593,9932637,5947774,3499372,171168,8478626,1805176}'::integer[]))

table 6 : explain UPDATE sbtest6 set c=7 WHERE id IN ( 370092, 4848248, 7955018, 925593, 9932637, 5947774, 3499372, 171168, 8478626, 1805176)
	Update on sbtest6  (cost=0.43..48.53 rows=0 width=0)
	  ->  Index Scan using sbtest6_pkey on sbtest6  (cost=0.43..48.53 rows=10 width=490)
	        Index Cond: (id = ANY ('{370092,4848248,7955018,925593,9932637,5947774,3499372,171168,8478626,1805176}'::integer[]))

table 7 : explain UPDATE sbtest7 set c=7 WHERE id IN ( 370092, 4848248, 7955018, 925593, 9932637, 5947774, 3499372, 171168, 8478626, 1805176)
	Update on sbtest7  (cost=0.43..48.53 rows=0 width=0)
	  ->  Index Scan using sbtest7_pkey on sbtest7  (cost=0.43..48.53 rows=10 width=490)
	        Index Cond: (id = ANY ('{370092,4848248,7955018,925593,9932637,5947774,3499372,171168,8478626,1805176}'::integer[]))

table 8 : explain UPDATE sbtest8 set c=7 WHERE id IN ( 370092, 4848248, 7955018, 925593, 9932637, 5947774, 3499372, 171168, 8478626, 1805176)
	Update on sbtest8  (cost=0.43..48.53 rows=0 width=0)
	  ->  Index Scan using sbtest8_pkey on sbtest8  (cost=0.43..48.53 rows=10 width=490)
	        Index Cond: (id = ANY ('{370092,4848248,7955018,925593,9932637,5947774,3499372,171168,8478626,1805176}'::integer[]))

for update-inlist
table 1 : explain UPDATE sbtest1 set c=7 WHERE id IN ( 1130605, 343647, 1785240, 9549803, 2284860, 7377964, 7918965, 6689476, 2731841, 598779)
	Update on sbtest1  (cost=0.43..48.53 rows=0 width=0)
	  ->  Index Scan using sbtest1_pkey on sbtest1  (cost=0.43..48.53 rows=10 width=490)
	        Index Cond: (id = ANY ('{1130605,343647,1785240,9549803,2284860,7377964,7918965,6689476,2731841,598779}'::integer[]))

table 2 : explain UPDATE sbtest2 set c=7 WHERE id IN ( 1130605, 343647, 1785240, 9549803, 2284860, 7377964, 7918965, 6689476, 2731841, 598779)
	Update on sbtest2  (cost=0.43..48.53 rows=0 width=0)
	  ->  Index Scan using sbtest2_pkey on sbtest2  (cost=0.43..48.53 rows=10 width=490)
	        Index Cond: (id = ANY ('{1130605,343647,1785240,9549803,2284860,7377964,7918965,6689476,2731841,598779}'::integer[]))

table 3 : explain UPDATE sbtest3 set c=7 WHERE id IN ( 1130605, 343647, 1785240, 9549803, 2284860, 7377964, 7918965, 6689476, 2731841, 598779)
	Update on sbtest3  (cost=0.43..48.53 rows=0 width=0)
	  ->  Index Scan using sbtest3_pkey on sbtest3  (cost=0.43..48.53 rows=10 width=490)
	        Index Cond: (id = ANY ('{1130605,343647,1785240,9549803,2284860,7377964,7918965,6689476,2731841,598779}'::integer[]))

table 4 : explain UPDATE sbtest4 set c=7 WHERE id IN ( 1130605, 343647, 1785240, 9549803, 2284860, 7377964, 7918965, 6689476, 2731841, 598779)
	Update on sbtest4  (cost=0.43..48.53 rows=0 width=0)
	  ->  Index Scan using sbtest4_pkey on sbtest4  (cost=0.43..48.53 rows=10 width=490)
	        Index Cond: (id = ANY ('{1130605,343647,1785240,9549803,2284860,7377964,7918965,6689476,2731841,598779}'::integer[]))

table 5 : explain UPDATE sbtest5 set c=7 WHERE id IN ( 1130605, 343647, 1785240, 9549803, 2284860, 7377964, 7918965, 6689476, 2731841, 598779)
	Update on sbtest5  (cost=0.43..48.53 rows=0 width=0)
	  ->  Index Scan using sbtest5_pkey on sbtest5  (cost=0.43..48.53 rows=10 width=490)
	        Index Cond: (id = ANY ('{1130605,343647,1785240,9549803,2284860,7377964,7918965,6689476,2731841,598779}'::integer[]))

table 6 : explain UPDATE sbtest6 set c=7 WHERE id IN ( 1130605, 343647, 1785240, 9549803, 2284860, 7377964, 7918965, 6689476, 2731841, 598779)
	Update on sbtest6  (cost=0.43..48.53 rows=0 width=0)
	  ->  Index Scan using sbtest6_pkey on sbtest6  (cost=0.43..48.53 rows=10 width=490)
	        Index Cond: (id = ANY ('{1130605,343647,1785240,9549803,2284860,7377964,7918965,6689476,2731841,598779}'::integer[]))

table 7 : explain UPDATE sbtest7 set c=7 WHERE id IN ( 1130605, 343647, 1785240, 9549803, 2284860, 7377964, 7918965, 6689476, 2731841, 598779)
	Update on sbtest7  (cost=0.43..48.53 rows=0 width=0)
	  ->  Index Scan using sbtest7_pkey on sbtest7  (cost=0.43..48.53 rows=10 width=490)
	        Index Cond: (id = ANY ('{1130605,343647,1785240,9549803,2284860,7377964,7918965,6689476,2731841,598779}'::integer[]))

table 8 : explain UPDATE sbtest8 set c=7 WHERE id IN ( 1130605, 343647, 1785240, 9549803, 2284860, 7377964, 7918965, 6689476, 2731841, 598779)
	Update on sbtest8  (cost=0.43..48.53 rows=0 width=0)
	  ->  Index Scan using sbtest8_pkey on sbtest8  (cost=0.43..48.53 rows=10 width=490)
	        Index Cond: (id = ANY ('{1130605,343647,1785240,9549803,2284860,7377964,7918965,6689476,2731841,598779}'::integer[]))

explain: for update-inlist :: explain UPDATE sbtest%d set c=7 WHERE id IN ( 1645573, 1709550, 7608793, 841593, 3060368, 3628773, 7210710, 3715602, 2696395, 6195353)
for update-inlist
table 1 : explain UPDATE sbtest1 set c=7 WHERE id IN ( 1645573, 1709550, 7608793, 841593, 3060368, 3628773, 7210710, 3715602, 2696395, 6195353)
	Update on sbtest1  (cost=0.43..48.53 rows=0 width=0)
	  ->  Index Scan using sbtest1_pkey on sbtest1  (cost=0.43..48.53 rows=10 width=490)
	        Index Cond: (id = ANY ('{1645573,1709550,7608793,841593,3060368,3628773,7210710,3715602,2696395,6195353}'::integer[]))

table 2 : explain UPDATE sbtest2 set c=7 WHERE id IN ( 1645573, 1709550, 7608793, 841593, 3060368, 3628773, 7210710, 3715602, 2696395, 6195353)
	Update on sbtest2  (cost=0.43..48.53 rows=0 width=0)
	  ->  Index Scan using sbtest2_pkey on sbtest2  (cost=0.43..48.53 rows=10 width=490)
	        Index Cond: (id = ANY ('{1645573,1709550,7608793,841593,3060368,3628773,7210710,3715602,2696395,6195353}'::integer[]))

table 3 : explain UPDATE sbtest3 set c=7 WHERE id IN ( 1645573, 1709550, 7608793, 841593, 3060368, 3628773, 7210710, 3715602, 2696395, 6195353)
	Update on sbtest3  (cost=0.43..48.53 rows=0 width=0)
	  ->  Index Scan using sbtest3_pkey on sbtest3  (cost=0.43..48.53 rows=10 width=490)
	        Index Cond: (id = ANY ('{1645573,1709550,7608793,841593,3060368,3628773,7210710,3715602,2696395,6195353}'::integer[]))

table 4 : explain UPDATE sbtest4 set c=7 WHERE id IN ( 1645573, 1709550, 7608793, 841593, 3060368, 3628773, 7210710, 3715602, 2696395, 6195353)
	Update on sbtest4  (cost=0.43..48.53 rows=0 width=0)
	  ->  Index Scan using sbtest4_pkey on sbtest4  (cost=0.43..48.53 rows=10 width=490)
	        Index Cond: (id = ANY ('{1645573,1709550,7608793,841593,3060368,3628773,7210710,3715602,2696395,6195353}'::integer[]))

table 5 : explain UPDATE sbtest5 set c=7 WHERE id IN ( 1645573, 1709550, 7608793, 841593, 3060368, 3628773, 7210710, 3715602, 2696395, 6195353)
	Update on sbtest5  (cost=0.43..48.53 rows=0 width=0)
	  ->  Index Scan using sbtest5_pkey on sbtest5  (cost=0.43..48.53 rows=10 width=490)
	        Index Cond: (id = ANY ('{1645573,1709550,7608793,841593,3060368,3628773,7210710,3715602,2696395,6195353}'::integer[]))

table 6 : explain UPDATE sbtest6 set c=7 WHERE id IN ( 1645573, 1709550, 7608793, 841593, 3060368, 3628773, 7210710, 3715602, 2696395, 6195353)
	Update on sbtest6  (cost=0.43..48.53 rows=0 width=0)
	  ->  Index Scan using sbtest6_pkey on sbtest6  (cost=0.43..48.53 rows=10 width=490)
	        Index Cond: (id = ANY ('{1645573,1709550,7608793,841593,3060368,3628773,7210710,3715602,2696395,6195353}'::integer[]))

table 7 : explain UPDATE sbtest7 set c=7 WHERE id IN ( 1645573, 1709550, 7608793, 841593, 3060368, 3628773, 7210710, 3715602, 2696395, 6195353)
	Update on sbtest7  (cost=0.43..48.53 rows=0 width=0)
	  ->  Index Scan using sbtest7_pkey on sbtest7  (cost=0.43..48.53 rows=10 width=490)
	        Index Cond: (id = ANY ('{1645573,1709550,7608793,841593,3060368,3628773,7210710,3715602,2696395,6195353}'::integer[]))

table 8 : explain UPDATE sbtest8 set c=7 WHERE id IN ( 1645573, 1709550, 7608793, 841593, 3060368, 3628773, 7210710, 3715602, 2696395, 6195353)
	Update on sbtest8  (cost=0.43..48.53 rows=0 width=0)
	  ->  Index Scan using sbtest8_pkey on sbtest8  (cost=0.43..48.53 rows=10 width=490)
	        Index Cond: (id = ANY ('{1645573,1709550,7608793,841593,3060368,3628773,7210710,3715602,2696395,6195353}'::integer[]))

for update-inlist
table 1 : explain UPDATE sbtest1 set c=7 WHERE id IN ( 8943276, 5987069, 1589994, 78624, 1878656, 2725000, 6541044, 3387529, 2678393, 2342467)
	Update on sbtest1  (cost=0.43..48.53 rows=0 width=0)
	  ->  Index Scan using sbtest1_pkey on sbtest1  (cost=0.43..48.53 rows=10 width=490)
	        Index Cond: (id = ANY ('{8943276,5987069,1589994,78624,1878656,2725000,6541044,3387529,2678393,2342467}'::integer[]))

table 2 : explain UPDATE sbtest2 set c=7 WHERE id IN ( 8943276, 5987069, 1589994, 78624, 1878656, 2725000, 6541044, 3387529, 2678393, 2342467)
	Update on sbtest2  (cost=0.43..48.53 rows=0 width=0)
	  ->  Index Scan using sbtest2_pkey on sbtest2  (cost=0.43..48.53 rows=10 width=490)
	        Index Cond: (id = ANY ('{8943276,5987069,1589994,78624,1878656,2725000,6541044,3387529,2678393,2342467}'::integer[]))

table 3 : explain UPDATE sbtest3 set c=7 WHERE id IN ( 8943276, 5987069, 1589994, 78624, 1878656, 2725000, 6541044, 3387529, 2678393, 2342467)
	Update on sbtest3  (cost=0.43..48.53 rows=0 width=0)
	  ->  Index Scan using sbtest3_pkey on sbtest3  (cost=0.43..48.53 rows=10 width=490)
	        Index Cond: (id = ANY ('{8943276,5987069,1589994,78624,1878656,2725000,6541044,3387529,2678393,2342467}'::integer[]))

table 4 : explain UPDATE sbtest4 set c=7 WHERE id IN ( 8943276, 5987069, 1589994, 78624, 1878656, 2725000, 6541044, 3387529, 2678393, 2342467)
	Update on sbtest4  (cost=0.43..48.53 rows=0 width=0)
	  ->  Index Scan using sbtest4_pkey on sbtest4  (cost=0.43..48.53 rows=10 width=490)
	        Index Cond: (id = ANY ('{8943276,5987069,1589994,78624,1878656,2725000,6541044,3387529,2678393,2342467}'::integer[]))

table 5 : explain UPDATE sbtest5 set c=7 WHERE id IN ( 8943276, 5987069, 1589994, 78624, 1878656, 2725000, 6541044, 3387529, 2678393, 2342467)
	Update on sbtest5  (cost=0.43..48.53 rows=0 width=0)
	  ->  Index Scan using sbtest5_pkey on sbtest5  (cost=0.43..48.53 rows=10 width=490)
	        Index Cond: (id = ANY ('{8943276,5987069,1589994,78624,1878656,2725000,6541044,3387529,2678393,2342467}'::integer[]))

table 6 : explain UPDATE sbtest6 set c=7 WHERE id IN ( 8943276, 5987069, 1589994, 78624, 1878656, 2725000, 6541044, 3387529, 2678393, 2342467)
	Update on sbtest6  (cost=0.43..48.53 rows=0 width=0)
	  ->  Index Scan using sbtest6_pkey on sbtest6  (cost=0.43..48.53 rows=10 width=490)
	        Index Cond: (id = ANY ('{8943276,5987069,1589994,78624,1878656,2725000,6541044,3387529,2678393,2342467}'::integer[]))

table 7 : explain UPDATE sbtest7 set c=7 WHERE id IN ( 8943276, 5987069, 1589994, 78624, 1878656, 2725000, 6541044, 3387529, 2678393, 2342467)
	Update on sbtest7  (cost=0.43..48.53 rows=0 width=0)
	  ->  Index Scan using sbtest7_pkey on sbtest7  (cost=0.43..48.53 rows=10 width=490)
	        Index Cond: (id = ANY ('{8943276,5987069,1589994,78624,1878656,2725000,6541044,3387529,2678393,2342467}'::integer[]))

table 8 : explain UPDATE sbtest8 set c=7 WHERE id IN ( 8943276, 5987069, 1589994, 78624, 1878656, 2725000, 6541044, 3387529, 2678393, 2342467)
	Update on sbtest8  (cost=0.43..48.53 rows=0 width=0)
	  ->  Index Scan using sbtest8_pkey on sbtest8  (cost=0.43..48.53 rows=10 width=490)
	        Index Cond: (id = ANY ('{8943276,5987069,1589994,78624,1878656,2725000,6541044,3387529,2678393,2342467}'::integer[]))

explain: for update-inlist :: explain UPDATE sbtest%d set c=7 WHERE id IN ( 8068666, 7902081, 6288278, 602516, 861918, 8316710, 3912318, 562598, 3193478, 4607920)
explain: for update-inlist :: explain UPDATE sbtest%d set c=7 WHERE id IN ( 1878781, 7260075, 2294782, 6611013, 3324040, 5556325, 1578288, 6236848, 9933226, 1099102)
explain: for update-inlist :: explain UPDATE sbtest%d set c=7 WHERE id IN ( 7889901, 5631601, 440858, 5670565, 3952056, 2101336, 3696829, 7690948, 5147393, 3311757)
explain: for update-inlist :: explain UPDATE sbtest%d set c=7 WHERE id IN ( 6673451, 6891505, 7005299, 1304804, 3757651, 149182, 9461688, 4471997, 5008355, 2455070)
explain: for update-inlist :: explain UPDATE sbtest%d set c=7 WHERE id IN ( 930995, 1938398, 2490526, 9830368, 7619270, 9845119, 6287343, 7293917, 1705858, 9824252)
explain: for update-inlist :: explain UPDATE sbtest%d set c=7 WHERE id IN ( 4909382, 1156375, 2694530, 7439434, 344916, 851273, 6707339, 1634184, 6368610, 5403960)
explain: for update-inlist :: explain UPDATE sbtest%d set c=7 WHERE id IN ( 3332147, 9692653, 7814283, 7082977, 4241083, 362047, 6037526, 5775445, 6447514, 1021887)
for update-inlist
table 1 : explain UPDATE sbtest1 set c=7 WHERE id IN ( 1878781, 7260075, 2294782, 6611013, 3324040, 5556325, 1578288, 6236848, 9933226, 1099102)
	Update on sbtest1  (cost=0.43..48.53 rows=0 width=0)
	  ->  Index Scan using sbtest1_pkey on sbtest1  (cost=0.43..48.53 rows=10 width=490)
	        Index Cond: (id = ANY ('{1878781,7260075,2294782,6611013,3324040,5556325,1578288,6236848,9933226,1099102}'::integer[]))

table 2 : explain UPDATE sbtest2 set c=7 WHERE id IN ( 1878781, 7260075, 2294782, 6611013, 3324040, 5556325, 1578288, 6236848, 9933226, 1099102)
	Update on sbtest2  (cost=0.43..48.53 rows=0 width=0)
	  ->  Index Scan using sbtest2_pkey on sbtest2  (cost=0.43..48.53 rows=10 width=490)
	        Index Cond: (id = ANY ('{1878781,7260075,2294782,6611013,3324040,5556325,1578288,6236848,9933226,1099102}'::integer[]))

table 3 : explain UPDATE sbtest3 set c=7 WHERE id IN ( 1878781, 7260075, 2294782, 6611013, 3324040, 5556325, 1578288, 6236848, 9933226, 1099102)
	Update on sbtest3  (cost=0.43..48.53 rows=0 width=0)
	  ->  Index Scan using sbtest3_pkey on sbtest3  (cost=0.43..48.53 rows=10 width=490)
	        Index Cond: (id = ANY ('{1878781,7260075,2294782,6611013,3324040,5556325,1578288,6236848,9933226,1099102}'::integer[]))

table 4 : explain UPDATE sbtest4 set c=7 WHERE id IN ( 1878781, 7260075, 2294782, 6611013, 3324040, 5556325, 1578288, 6236848, 9933226, 1099102)
	Update on sbtest4  (cost=0.43..48.53 rows=0 width=0)
	  ->  Index Scan using sbtest4_pkey on sbtest4  (cost=0.43..48.53 rows=10 width=490)
	        Index Cond: (id = ANY ('{1878781,7260075,2294782,6611013,3324040,5556325,1578288,6236848,9933226,1099102}'::integer[]))

table 5 : explain UPDATE sbtest5 set c=7 WHERE id IN ( 1878781, 7260075, 2294782, 6611013, 3324040, 5556325, 1578288, 6236848, 9933226, 1099102)
	Update on sbtest5  (cost=0.43..48.53 rows=0 width=0)
	  ->  Index Scan using sbtest5_pkey on sbtest5  (cost=0.43..48.53 rows=10 width=490)
	        Index Cond: (id = ANY ('{1878781,7260075,2294782,6611013,3324040,5556325,1578288,6236848,9933226,1099102}'::integer[]))

table 6 : explain UPDATE sbtest6 set c=7 WHERE id IN ( 1878781, 7260075, 2294782, 6611013, 3324040, 5556325, 1578288, 6236848, 9933226, 1099102)
	Update on sbtest6  (cost=0.43..48.53 rows=0 width=0)
	  ->  Index Scan using sbtest6_pkey on sbtest6  (cost=0.43..48.53 rows=10 width=490)
	        Index Cond: (id = ANY ('{1878781,7260075,2294782,6611013,3324040,5556325,1578288,6236848,9933226,1099102}'::integer[]))

table 7 : explain UPDATE sbtest7 set c=7 WHERE id IN ( 1878781, 7260075, 2294782, 6611013, 3324040, 5556325, 1578288, 6236848, 9933226, 1099102)
	Update on sbtest7  (cost=0.43..48.53 rows=0 width=0)
	  ->  Index Scan using sbtest7_pkey on sbtest7  (cost=0.43..48.53 rows=10 width=490)
	        Index Cond: (id = ANY ('{1878781,7260075,2294782,6611013,3324040,5556325,1578288,6236848,9933226,1099102}'::integer[]))

table 8 : explain UPDATE sbtest8 set c=7 WHERE id IN ( 1878781, 7260075, 2294782, 6611013, 3324040, 5556325, 1578288, 6236848, 9933226, 1099102)
	Update on sbtest8  (cost=0.43..48.53 rows=0 width=0)
	  ->  Index Scan using sbtest8_pkey on sbtest8  (cost=0.43..48.53 rows=10 width=490)
	        Index Cond: (id = ANY ('{1878781,7260075,2294782,6611013,3324040,5556325,1578288,6236848,9933226,1099102}'::integer[]))

explain: for update-inlist :: explain UPDATE sbtest%d set c=7 WHERE id IN ( 7335230, 3005357, 6548146, 4141699, 3970127, 4961848, 9206132, 8808473, 5501024, 7827545)
explain: for update-inlist :: explain UPDATE sbtest%d set c=7 WHERE id IN ( 2276502, 7114192, 7460787, 9160440, 4716547, 4999574, 1927397, 4805548, 8588702, 596957)
for update-inlist
table 1 : explain UPDATE sbtest1 set c=7 WHERE id IN ( 7889901, 5631601, 440858, 5670565, 3952056, 2101336, 3696829, 7690948, 5147393, 3311757)
	Update on sbtest1  (cost=0.43..48.53 rows=0 width=0)
	  ->  Index Scan using sbtest1_pkey on sbtest1  (cost=0.43..48.53 rows=10 width=490)
	        Index Cond: (id = ANY ('{7889901,5631601,440858,5670565,3952056,2101336,3696829,7690948,5147393,3311757}'::integer[]))

table 2 : explain UPDATE sbtest2 set c=7 WHERE id IN ( 7889901, 5631601, 440858, 5670565, 3952056, 2101336, 3696829, 7690948, 5147393, 3311757)
	Update on sbtest2  (cost=0.43..48.53 rows=0 width=0)
	  ->  Index Scan using sbtest2_pkey on sbtest2  (cost=0.43..48.53 rows=10 width=490)
	        Index Cond: (id = ANY ('{7889901,5631601,440858,5670565,3952056,2101336,3696829,7690948,5147393,3311757}'::integer[]))

table 3 : explain UPDATE sbtest3 set c=7 WHERE id IN ( 7889901, 5631601, 440858, 5670565, 3952056, 2101336, 3696829, 7690948, 5147393, 3311757)
	Update on sbtest3  (cost=0.43..48.53 rows=0 width=0)
	  ->  Index Scan using sbtest3_pkey on sbtest3  (cost=0.43..48.53 rows=10 width=490)
	        Index Cond: (id = ANY ('{7889901,5631601,440858,5670565,3952056,2101336,3696829,7690948,5147393,3311757}'::integer[]))

table 4 : explain UPDATE sbtest4 set c=7 WHERE id IN ( 7889901, 5631601, 440858, 5670565, 3952056, 2101336, 3696829, 7690948, 5147393, 3311757)
	Update on sbtest4  (cost=0.43..48.53 rows=0 width=0)
	  ->  Index Scan using sbtest4_pkey on sbtest4  (cost=0.43..48.53 rows=10 width=490)
	        Index Cond: (id = ANY ('{7889901,5631601,440858,5670565,3952056,2101336,3696829,7690948,5147393,3311757}'::integer[]))

table 5 : explain UPDATE sbtest5 set c=7 WHERE id IN ( 7889901, 5631601, 440858, 5670565, 3952056, 2101336, 3696829, 7690948, 5147393, 3311757)
	Update on sbtest5  (cost=0.43..48.53 rows=0 width=0)
	  ->  Index Scan using sbtest5_pkey on sbtest5  (cost=0.43..48.53 rows=10 width=490)
	        Index Cond: (id = ANY ('{7889901,5631601,440858,5670565,3952056,2101336,3696829,7690948,5147393,3311757}'::integer[]))

table 6 : explain UPDATE sbtest6 set c=7 WHERE id IN ( 7889901, 5631601, 440858, 5670565, 3952056, 2101336, 3696829, 7690948, 5147393, 3311757)
	Update on sbtest6  (cost=0.43..48.53 rows=0 width=0)
	  ->  Index Scan using sbtest6_pkey on sbtest6  (cost=0.43..48.53 rows=10 width=490)
	        Index Cond: (id = ANY ('{7889901,5631601,440858,5670565,3952056,2101336,3696829,7690948,5147393,3311757}'::integer[]))

table 7 : explain UPDATE sbtest7 set c=7 WHERE id IN ( 7889901, 5631601, 440858, 5670565, 3952056, 2101336, 3696829, 7690948, 5147393, 3311757)
	Update on sbtest7  (cost=0.43..48.53 rows=0 width=0)
	  ->  Index Scan using sbtest7_pkey on sbtest7  (cost=0.43..48.53 rows=10 width=490)
	        Index Cond: (id = ANY ('{7889901,5631601,440858,5670565,3952056,2101336,3696829,7690948,5147393,3311757}'::integer[]))

table 8 : explain UPDATE sbtest8 set c=7 WHERE id IN ( 7889901, 5631601, 440858, 5670565, 3952056, 2101336, 3696829, 7690948, 5147393, 3311757)
	Update on sbtest8  (cost=0.43..48.53 rows=0 width=0)
	  ->  Index Scan using sbtest8_pkey on sbtest8  (cost=0.43..48.53 rows=10 width=490)
	        Index Cond: (id = ANY ('{7889901,5631601,440858,5670565,3952056,2101336,3696829,7690948,5147393,3311757}'::integer[]))

for update-inlist
table 1 : explain UPDATE sbtest1 set c=7 WHERE id IN ( 930995, 1938398, 2490526, 9830368, 7619270, 9845119, 6287343, 7293917, 1705858, 9824252)
	Update on sbtest1  (cost=0.43..48.53 rows=0 width=0)
	  ->  Index Scan using sbtest1_pkey on sbtest1  (cost=0.43..48.53 rows=10 width=490)
	        Index Cond: (id = ANY ('{930995,1938398,2490526,9830368,7619270,9845119,6287343,7293917,1705858,9824252}'::integer[]))

table 2 : explain UPDATE sbtest2 set c=7 WHERE id IN ( 930995, 1938398, 2490526, 9830368, 7619270, 9845119, 6287343, 7293917, 1705858, 9824252)
	Update on sbtest2  (cost=0.43..48.53 rows=0 width=0)
	  ->  Index Scan using sbtest2_pkey on sbtest2  (cost=0.43..48.53 rows=10 width=490)
	        Index Cond: (id = ANY ('{930995,1938398,2490526,9830368,7619270,9845119,6287343,7293917,1705858,9824252}'::integer[]))

table 3 : explain UPDATE sbtest3 set c=7 WHERE id IN ( 930995, 1938398, 2490526, 9830368, 7619270, 9845119, 6287343, 7293917, 1705858, 9824252)
	Update on sbtest3  (cost=0.43..48.53 rows=0 width=0)
	  ->  Index Scan using sbtest3_pkey on sbtest3  (cost=0.43..48.53 rows=10 width=490)
	        Index Cond: (id = ANY ('{930995,1938398,2490526,9830368,7619270,9845119,6287343,7293917,1705858,9824252}'::integer[]))

table 4 : explain UPDATE sbtest4 set c=7 WHERE id IN ( 930995, 1938398, 2490526, 9830368, 7619270, 9845119, 6287343, 7293917, 1705858, 9824252)
	Update on sbtest4  (cost=0.43..48.53 rows=0 width=0)
	  ->  Index Scan using sbtest4_pkey on sbtest4  (cost=0.43..48.53 rows=10 width=490)
	        Index Cond: (id = ANY ('{930995,1938398,2490526,9830368,7619270,9845119,6287343,7293917,1705858,9824252}'::integer[]))

table 5 : explain UPDATE sbtest5 set c=7 WHERE id IN ( 930995, 1938398, 2490526, 9830368, 7619270, 9845119, 6287343, 7293917, 1705858, 9824252)
	Update on sbtest5  (cost=0.43..48.53 rows=0 width=0)
	  ->  Index Scan using sbtest5_pkey on sbtest5  (cost=0.43..48.53 rows=10 width=490)
	        Index Cond: (id = ANY ('{930995,1938398,2490526,9830368,7619270,9845119,6287343,7293917,1705858,9824252}'::integer[]))

table 6 : explain UPDATE sbtest6 set c=7 WHERE id IN ( 930995, 1938398, 2490526, 9830368, 7619270, 9845119, 6287343, 7293917, 1705858, 9824252)
	Update on sbtest6  (cost=0.43..48.53 rows=0 width=0)
	  ->  Index Scan using sbtest6_pkey on sbtest6  (cost=0.43..48.53 rows=10 width=490)
	        Index Cond: (id = ANY ('{930995,1938398,2490526,9830368,7619270,9845119,6287343,7293917,1705858,9824252}'::integer[]))

table 7 : explain UPDATE sbtest7 set c=7 WHERE id IN ( 930995, 1938398, 2490526, 9830368, 7619270, 9845119, 6287343, 7293917, 1705858, 9824252)
	Update on sbtest7  (cost=0.43..48.53 rows=0 width=0)
	  ->  Index Scan using sbtest7_pkey on sbtest7  (cost=0.43..48.53 rows=10 width=490)
	        Index Cond: (id = ANY ('{930995,1938398,2490526,9830368,7619270,9845119,6287343,7293917,1705858,9824252}'::integer[]))

table 8 : explain UPDATE sbtest8 set c=7 WHERE id IN ( 930995, 1938398, 2490526, 9830368, 7619270, 9845119, 6287343, 7293917, 1705858, 9824252)
	Update on sbtest8  (cost=0.43..48.53 rows=0 width=0)
	  ->  Index Scan using sbtest8_pkey on sbtest8  (cost=0.43..48.53 rows=10 width=490)
	        Index Cond: (id = ANY ('{930995,1938398,2490526,9830368,7619270,9845119,6287343,7293917,1705858,9824252}'::integer[]))

for update-inlist
table 1 : explain UPDATE sbtest1 set c=7 WHERE id IN ( 4909382, 1156375, 2694530, 7439434, 344916, 851273, 6707339, 1634184, 6368610, 5403960)
	Update on sbtest1  (cost=0.43..48.53 rows=0 width=0)
	  ->  Index Scan using sbtest1_pkey on sbtest1  (cost=0.43..48.53 rows=10 width=490)
	        Index Cond: (id = ANY ('{4909382,1156375,2694530,7439434,344916,851273,6707339,1634184,6368610,5403960}'::integer[]))

table 2 : explain UPDATE sbtest2 set c=7 WHERE id IN ( 4909382, 1156375, 2694530, 7439434, 344916, 851273, 6707339, 1634184, 6368610, 5403960)
	Update on sbtest2  (cost=0.43..48.53 rows=0 width=0)
	  ->  Index Scan using sbtest2_pkey on sbtest2  (cost=0.43..48.53 rows=10 width=490)
	        Index Cond: (id = ANY ('{4909382,1156375,2694530,7439434,344916,851273,6707339,1634184,6368610,5403960}'::integer[]))

table 3 : explain UPDATE sbtest3 set c=7 WHERE id IN ( 4909382, 1156375, 2694530, 7439434, 344916, 851273, 6707339, 1634184, 6368610, 5403960)
	Update on sbtest3  (cost=0.43..48.53 rows=0 width=0)
	  ->  Index Scan using sbtest3_pkey on sbtest3  (cost=0.43..48.53 rows=10 width=490)
	        Index Cond: (id = ANY ('{4909382,1156375,2694530,7439434,344916,851273,6707339,1634184,6368610,5403960}'::integer[]))

table 4 : explain UPDATE sbtest4 set c=7 WHERE id IN ( 4909382, 1156375, 2694530, 7439434, 344916, 851273, 6707339, 1634184, 6368610, 5403960)
	Update on sbtest4  (cost=0.43..48.53 rows=0 width=0)
	  ->  Index Scan using sbtest4_pkey on sbtest4  (cost=0.43..48.53 rows=10 width=490)
	        Index Cond: (id = ANY ('{4909382,1156375,2694530,7439434,344916,851273,6707339,1634184,6368610,5403960}'::integer[]))

table 5 : explain UPDATE sbtest5 set c=7 WHERE id IN ( 4909382, 1156375, 2694530, 7439434, 344916, 851273, 6707339, 1634184, 6368610, 5403960)
	Update on sbtest5  (cost=0.43..48.53 rows=0 width=0)
	  ->  Index Scan using sbtest5_pkey on sbtest5  (cost=0.43..48.53 rows=10 width=490)
	        Index Cond: (id = ANY ('{4909382,1156375,2694530,7439434,344916,851273,6707339,1634184,6368610,5403960}'::integer[]))

table 6 : explain UPDATE sbtest6 set c=7 WHERE id IN ( 4909382, 1156375, 2694530, 7439434, 344916, 851273, 6707339, 1634184, 6368610, 5403960)
	Update on sbtest6  (cost=0.43..48.53 rows=0 width=0)
	  ->  Index Scan using sbtest6_pkey on sbtest6  (cost=0.43..48.53 rows=10 width=490)
	        Index Cond: (id = ANY ('{4909382,1156375,2694530,7439434,344916,851273,6707339,1634184,6368610,5403960}'::integer[]))

table 7 : explain UPDATE sbtest7 set c=7 WHERE id IN ( 4909382, 1156375, 2694530, 7439434, 344916, 851273, 6707339, 1634184, 6368610, 5403960)
	Update on sbtest7  (cost=0.43..48.53 rows=0 width=0)
	  ->  Index Scan using sbtest7_pkey on sbtest7  (cost=0.43..48.53 rows=10 width=490)
	        Index Cond: (id = ANY ('{4909382,1156375,2694530,7439434,344916,851273,6707339,1634184,6368610,5403960}'::integer[]))

table 8 : explain UPDATE sbtest8 set c=7 WHERE id IN ( 4909382, 1156375, 2694530, 7439434, 344916, 851273, 6707339, 1634184, 6368610, 5403960)
	Update on sbtest8  (cost=0.43..48.53 rows=0 width=0)
	  ->  Index Scan using sbtest8_pkey on sbtest8  (cost=0.43..48.53 rows=10 width=490)
	        Index Cond: (id = ANY ('{4909382,1156375,2694530,7439434,344916,851273,6707339,1634184,6368610,5403960}'::integer[]))

for update-inlist
table 1 : explain UPDATE sbtest1 set c=7 WHERE id IN ( 3332147, 9692653, 7814283, 7082977, 4241083, 362047, 6037526, 5775445, 6447514, 1021887)
	Update on sbtest1  (cost=0.43..48.53 rows=0 width=0)
	  ->  Index Scan using sbtest1_pkey on sbtest1  (cost=0.43..48.53 rows=10 width=490)
	        Index Cond: (id = ANY ('{3332147,9692653,7814283,7082977,4241083,362047,6037526,5775445,6447514,1021887}'::integer[]))

table 2 : explain UPDATE sbtest2 set c=7 WHERE id IN ( 3332147, 9692653, 7814283, 7082977, 4241083, 362047, 6037526, 5775445, 6447514, 1021887)
	Update on sbtest2  (cost=0.43..48.53 rows=0 width=0)
	  ->  Index Scan using sbtest2_pkey on sbtest2  (cost=0.43..48.53 rows=10 width=490)
	        Index Cond: (id = ANY ('{3332147,9692653,7814283,7082977,4241083,362047,6037526,5775445,6447514,1021887}'::integer[]))

table 3 : explain UPDATE sbtest3 set c=7 WHERE id IN ( 3332147, 9692653, 7814283, 7082977, 4241083, 362047, 6037526, 5775445, 6447514, 1021887)
	Update on sbtest3  (cost=0.43..48.53 rows=0 width=0)
	  ->  Index Scan using sbtest3_pkey on sbtest3  (cost=0.43..48.53 rows=10 width=490)
	        Index Cond: (id = ANY ('{3332147,9692653,7814283,7082977,4241083,362047,6037526,5775445,6447514,1021887}'::integer[]))

table 4 : explain UPDATE sbtest4 set c=7 WHERE id IN ( 3332147, 9692653, 7814283, 7082977, 4241083, 362047, 6037526, 5775445, 6447514, 1021887)
	Update on sbtest4  (cost=0.43..48.53 rows=0 width=0)
	  ->  Index Scan using sbtest4_pkey on sbtest4  (cost=0.43..48.53 rows=10 width=490)
	        Index Cond: (id = ANY ('{3332147,9692653,7814283,7082977,4241083,362047,6037526,5775445,6447514,1021887}'::integer[]))

table 5 : explain UPDATE sbtest5 set c=7 WHERE id IN ( 3332147, 9692653, 7814283, 7082977, 4241083, 362047, 6037526, 5775445, 6447514, 1021887)
	Update on sbtest5  (cost=0.43..48.53 rows=0 width=0)
	  ->  Index Scan using sbtest5_pkey on sbtest5  (cost=0.43..48.53 rows=10 width=490)
	        Index Cond: (id = ANY ('{3332147,9692653,7814283,7082977,4241083,362047,6037526,5775445,6447514,1021887}'::integer[]))

table 6 : explain UPDATE sbtest6 set c=7 WHERE id IN ( 3332147, 9692653, 7814283, 7082977, 4241083, 362047, 6037526, 5775445, 6447514, 1021887)
	Update on sbtest6  (cost=0.43..48.53 rows=0 width=0)
	  ->  Index Scan using sbtest6_pkey on sbtest6  (cost=0.43..48.53 rows=10 width=490)
	        Index Cond: (id = ANY ('{3332147,9692653,7814283,7082977,4241083,362047,6037526,5775445,6447514,1021887}'::integer[]))

table 7 : explain UPDATE sbtest7 set c=7 WHERE id IN ( 3332147, 9692653, 7814283, 7082977, 4241083, 362047, 6037526, 5775445, 6447514, 1021887)
	Update on sbtest7  (cost=0.43..48.53 rows=0 width=0)
	  ->  Index Scan using sbtest7_pkey on sbtest7  (cost=0.43..48.53 rows=10 width=490)
	        Index Cond: (id = ANY ('{3332147,9692653,7814283,7082977,4241083,362047,6037526,5775445,6447514,1021887}'::integer[]))

table 8 : explain UPDATE sbtest8 set c=7 WHERE id IN ( 3332147, 9692653, 7814283, 7082977, 4241083, 362047, 6037526, 5775445, 6447514, 1021887)
	Update on sbtest8  (cost=0.43..48.53 rows=0 width=0)
	  ->  Index Scan using sbtest8_pkey on sbtest8  (cost=0.43..48.53 rows=10 width=490)
	        Index Cond: (id = ANY ('{3332147,9692653,7814283,7082977,4241083,362047,6037526,5775445,6447514,1021887}'::integer[]))

for update-inlist
table 1 : explain UPDATE sbtest1 set c=7 WHERE id IN ( 6673451, 6891505, 7005299, 1304804, 3757651, 149182, 9461688, 4471997, 5008355, 2455070)
	Update on sbtest1  (cost=0.43..48.53 rows=0 width=0)
	  ->  Index Scan using sbtest1_pkey on sbtest1  (cost=0.43..48.53 rows=10 width=490)
	        Index Cond: (id = ANY ('{6673451,6891505,7005299,1304804,3757651,149182,9461688,4471997,5008355,2455070}'::integer[]))

table 2 : explain UPDATE sbtest2 set c=7 WHERE id IN ( 6673451, 6891505, 7005299, 1304804, 3757651, 149182, 9461688, 4471997, 5008355, 2455070)
	Update on sbtest2  (cost=0.43..48.53 rows=0 width=0)
	  ->  Index Scan using sbtest2_pkey on sbtest2  (cost=0.43..48.53 rows=10 width=490)
	        Index Cond: (id = ANY ('{6673451,6891505,7005299,1304804,3757651,149182,9461688,4471997,5008355,2455070}'::integer[]))

table 3 : explain UPDATE sbtest3 set c=7 WHERE id IN ( 6673451, 6891505, 7005299, 1304804, 3757651, 149182, 9461688, 4471997, 5008355, 2455070)
	Update on sbtest3  (cost=0.43..48.53 rows=0 width=0)
	  ->  Index Scan using sbtest3_pkey on sbtest3  (cost=0.43..48.53 rows=10 width=490)
	        Index Cond: (id = ANY ('{6673451,6891505,7005299,1304804,3757651,149182,9461688,4471997,5008355,2455070}'::integer[]))

table 4 : explain UPDATE sbtest4 set c=7 WHERE id IN ( 6673451, 6891505, 7005299, 1304804, 3757651, 149182, 9461688, 4471997, 5008355, 2455070)
	Update on sbtest4  (cost=0.43..48.53 rows=0 width=0)
	  ->  Index Scan using sbtest4_pkey on sbtest4  (cost=0.43..48.53 rows=10 width=490)
	        Index Cond: (id = ANY ('{6673451,6891505,7005299,1304804,3757651,149182,9461688,4471997,5008355,2455070}'::integer[]))

table 5 : explain UPDATE sbtest5 set c=7 WHERE id IN ( 6673451, 6891505, 7005299, 1304804, 3757651, 149182, 9461688, 4471997, 5008355, 2455070)
	Update on sbtest5  (cost=0.43..48.53 rows=0 width=0)
	  ->  Index Scan using sbtest5_pkey on sbtest5  (cost=0.43..48.53 rows=10 width=490)
	        Index Cond: (id = ANY ('{6673451,6891505,7005299,1304804,3757651,149182,9461688,4471997,5008355,2455070}'::integer[]))

table 6 : explain UPDATE sbtest6 set c=7 WHERE id IN ( 6673451, 6891505, 7005299, 1304804, 3757651, 149182, 9461688, 4471997, 5008355, 2455070)
	Update on sbtest6  (cost=0.43..48.53 rows=0 width=0)
	  ->  Index Scan using sbtest6_pkey on sbtest6  (cost=0.43..48.53 rows=10 width=490)
	        Index Cond: (id = ANY ('{6673451,6891505,7005299,1304804,3757651,149182,9461688,4471997,5008355,2455070}'::integer[]))

table 7 : explain UPDATE sbtest7 set c=7 WHERE id IN ( 6673451, 6891505, 7005299, 1304804, 3757651, 149182, 9461688, 4471997, 5008355, 2455070)
	Update on sbtest7  (cost=0.43..48.53 rows=0 width=0)
	  ->  Index Scan using sbtest7_pkey on sbtest7  (cost=0.43..48.53 rows=10 width=490)
	        Index Cond: (id = ANY ('{6673451,6891505,7005299,1304804,3757651,149182,9461688,4471997,5008355,2455070}'::integer[]))

table 8 : explain UPDATE sbtest8 set c=7 WHERE id IN ( 6673451, 6891505, 7005299, 1304804, 3757651, 149182, 9461688, 4471997, 5008355, 2455070)
	Update on sbtest8  (cost=0.43..48.53 rows=0 width=0)
	  ->  Index Scan using sbtest8_pkey on sbtest8  (cost=0.43..48.53 rows=10 width=490)
	        Index Cond: (id = ANY ('{6673451,6891505,7005299,1304804,3757651,149182,9461688,4471997,5008355,2455070}'::integer[]))

explain: for update-inlist :: explain UPDATE sbtest%d set c=7 WHERE id IN ( 2182455, 2229673, 6592533, 9466266, 7536671, 4355617, 8065281, 7943401, 3250524, 7770604)
for update-inlist
table 1 : explain UPDATE sbtest1 set c=7 WHERE id IN ( 7335230, 3005357, 6548146, 4141699, 3970127, 4961848, 9206132, 8808473, 5501024, 7827545)
	Update on sbtest1  (cost=0.43..48.53 rows=0 width=0)
	  ->  Index Scan using sbtest1_pkey on sbtest1  (cost=0.43..48.53 rows=10 width=490)
	        Index Cond: (id = ANY ('{7335230,3005357,6548146,4141699,3970127,4961848,9206132,8808473,5501024,7827545}'::integer[]))

table 2 : explain UPDATE sbtest2 set c=7 WHERE id IN ( 7335230, 3005357, 6548146, 4141699, 3970127, 4961848, 9206132, 8808473, 5501024, 7827545)
	Update on sbtest2  (cost=0.43..48.53 rows=0 width=0)
	  ->  Index Scan using sbtest2_pkey on sbtest2  (cost=0.43..48.53 rows=10 width=490)
	        Index Cond: (id = ANY ('{7335230,3005357,6548146,4141699,3970127,4961848,9206132,8808473,5501024,7827545}'::integer[]))

table 3 : explain UPDATE sbtest3 set c=7 WHERE id IN ( 7335230, 3005357, 6548146, 4141699, 3970127, 4961848, 9206132, 8808473, 5501024, 7827545)
	Update on sbtest3  (cost=0.43..48.53 rows=0 width=0)
	  ->  Index Scan using sbtest3_pkey on sbtest3  (cost=0.43..48.53 rows=10 width=490)
	        Index Cond: (id = ANY ('{7335230,3005357,6548146,4141699,3970127,4961848,9206132,8808473,5501024,7827545}'::integer[]))

table 4 : explain UPDATE sbtest4 set c=7 WHERE id IN ( 7335230, 3005357, 6548146, 4141699, 3970127, 4961848, 9206132, 8808473, 5501024, 7827545)
	Update on sbtest4  (cost=0.43..48.53 rows=0 width=0)
	  ->  Index Scan using sbtest4_pkey on sbtest4  (cost=0.43..48.53 rows=10 width=490)
	        Index Cond: (id = ANY ('{7335230,3005357,6548146,4141699,3970127,4961848,9206132,8808473,5501024,7827545}'::integer[]))

table 5 : explain UPDATE sbtest5 set c=7 WHERE id IN ( 7335230, 3005357, 6548146, 4141699, 3970127, 4961848, 9206132, 8808473, 5501024, 7827545)
	Update on sbtest5  (cost=0.43..48.53 rows=0 width=0)
	  ->  Index Scan using sbtest5_pkey on sbtest5  (cost=0.43..48.53 rows=10 width=490)
	        Index Cond: (id = ANY ('{7335230,3005357,6548146,4141699,3970127,4961848,9206132,8808473,5501024,7827545}'::integer[]))

table 6 : explain UPDATE sbtest6 set c=7 WHERE id IN ( 7335230, 3005357, 6548146, 4141699, 3970127, 4961848, 9206132, 8808473, 5501024, 7827545)
	Update on sbtest6  (cost=0.43..48.53 rows=0 width=0)
	  ->  Index Scan using sbtest6_pkey on sbtest6  (cost=0.43..48.53 rows=10 width=490)
	        Index Cond: (id = ANY ('{7335230,3005357,6548146,4141699,3970127,4961848,9206132,8808473,5501024,7827545}'::integer[]))

table 7 : explain UPDATE sbtest7 set c=7 WHERE id IN ( 7335230, 3005357, 6548146, 4141699, 3970127, 4961848, 9206132, 8808473, 5501024, 7827545)
	Update on sbtest7  (cost=0.43..48.53 rows=0 width=0)
	  ->  Index Scan using sbtest7_pkey on sbtest7  (cost=0.43..48.53 rows=10 width=490)
	        Index Cond: (id = ANY ('{7335230,3005357,6548146,4141699,3970127,4961848,9206132,8808473,5501024,7827545}'::integer[]))

table 8 : explain UPDATE sbtest8 set c=7 WHERE id IN ( 7335230, 3005357, 6548146, 4141699, 3970127, 4961848, 9206132, 8808473, 5501024, 7827545)
	Update on sbtest8  (cost=0.43..48.53 rows=0 width=0)
	  ->  Index Scan using sbtest8_pkey on sbtest8  (cost=0.43..48.53 rows=10 width=490)
	        Index Cond: (id = ANY ('{7335230,3005357,6548146,4141699,3970127,4961848,9206132,8808473,5501024,7827545}'::integer[]))

explain: for update-inlist :: explain UPDATE sbtest%d set c=7 WHERE id IN ( 7237991, 9011816, 2973712, 5469980, 872751, 4609925, 8678651, 9914168, 4587659, 9314571)
explain: for update-inlist :: explain UPDATE sbtest%d set c=7 WHERE id IN ( 7610613, 8939557, 4775848, 7854790, 5642837, 2082089, 8632592, 3648241, 7600016, 4379887)
for update-inlist
table 1 : explain UPDATE sbtest1 set c=7 WHERE id IN ( 8068666, 7902081, 6288278, 602516, 861918, 8316710, 3912318, 562598, 3193478, 4607920)
	Update on sbtest1  (cost=0.43..48.53 rows=0 width=0)
	  ->  Index Scan using sbtest1_pkey on sbtest1  (cost=0.43..48.53 rows=10 width=490)
	        Index Cond: (id = ANY ('{8068666,7902081,6288278,602516,861918,8316710,3912318,562598,3193478,4607920}'::integer[]))

table 2 : explain UPDATE sbtest2 set c=7 WHERE id IN ( 8068666, 7902081, 6288278, 602516, 861918, 8316710, 3912318, 562598, 3193478, 4607920)
	Update on sbtest2  (cost=0.43..48.53 rows=0 width=0)
	  ->  Index Scan using sbtest2_pkey on sbtest2  (cost=0.43..48.53 rows=10 width=490)
	        Index Cond: (id = ANY ('{8068666,7902081,6288278,602516,861918,8316710,3912318,562598,3193478,4607920}'::integer[]))

table 3 : explain UPDATE sbtest3 set c=7 WHERE id IN ( 8068666, 7902081, 6288278, 602516, 861918, 8316710, 3912318, 562598, 3193478, 4607920)
	Update on sbtest3  (cost=0.43..48.53 rows=0 width=0)
	  ->  Index Scan using sbtest3_pkey on sbtest3  (cost=0.43..48.53 rows=10 width=490)
	        Index Cond: (id = ANY ('{8068666,7902081,6288278,602516,861918,8316710,3912318,562598,3193478,4607920}'::integer[]))

table 4 : explain UPDATE sbtest4 set c=7 WHERE id IN ( 8068666, 7902081, 6288278, 602516, 861918, 8316710, 3912318, 562598, 3193478, 4607920)
	Update on sbtest4  (cost=0.43..48.53 rows=0 width=0)
	  ->  Index Scan using sbtest4_pkey on sbtest4  (cost=0.43..48.53 rows=10 width=490)
	        Index Cond: (id = ANY ('{8068666,7902081,6288278,602516,861918,8316710,3912318,562598,3193478,4607920}'::integer[]))

table 5 : explain UPDATE sbtest5 set c=7 WHERE id IN ( 8068666, 7902081, 6288278, 602516, 861918, 8316710, 3912318, 562598, 3193478, 4607920)
	Update on sbtest5  (cost=0.43..48.53 rows=0 width=0)
	  ->  Index Scan using sbtest5_pkey on sbtest5  (cost=0.43..48.53 rows=10 width=490)
	        Index Cond: (id = ANY ('{8068666,7902081,6288278,602516,861918,8316710,3912318,562598,3193478,4607920}'::integer[]))

table 6 : explain UPDATE sbtest6 set c=7 WHERE id IN ( 8068666, 7902081, 6288278, 602516, 861918, 8316710, 3912318, 562598, 3193478, 4607920)
	Update on sbtest6  (cost=0.43..48.53 rows=0 width=0)
	  ->  Index Scan using sbtest6_pkey on sbtest6  (cost=0.43..48.53 rows=10 width=490)
	        Index Cond: (id = ANY ('{8068666,7902081,6288278,602516,861918,8316710,3912318,562598,3193478,4607920}'::integer[]))

table 7 : explain UPDATE sbtest7 set c=7 WHERE id IN ( 8068666, 7902081, 6288278, 602516, 861918, 8316710, 3912318, 562598, 3193478, 4607920)
	Update on sbtest7  (cost=0.43..48.53 rows=0 width=0)
	  ->  Index Scan using sbtest7_pkey on sbtest7  (cost=0.43..48.53 rows=10 width=490)
	        Index Cond: (id = ANY ('{8068666,7902081,6288278,602516,861918,8316710,3912318,562598,3193478,4607920}'::integer[]))

table 8 : explain UPDATE sbtest8 set c=7 WHERE id IN ( 8068666, 7902081, 6288278, 602516, 861918, 8316710, 3912318, 562598, 3193478, 4607920)
	Update on sbtest8  (cost=0.43..48.53 rows=0 width=0)
	  ->  Index Scan using sbtest8_pkey on sbtest8  (cost=0.43..48.53 rows=10 width=490)
	        Index Cond: (id = ANY ('{8068666,7902081,6288278,602516,861918,8316710,3912318,562598,3193478,4607920}'::integer[]))

for update-inlist
table 1 : explain UPDATE sbtest1 set c=7 WHERE id IN ( 2182455, 2229673, 6592533, 9466266, 7536671, 4355617, 8065281, 7943401, 3250524, 7770604)
	Update on sbtest1  (cost=0.43..48.53 rows=0 width=0)
	  ->  Index Scan using sbtest1_pkey on sbtest1  (cost=0.43..48.53 rows=10 width=490)
	        Index Cond: (id = ANY ('{2182455,2229673,6592533,9466266,7536671,4355617,8065281,7943401,3250524,7770604}'::integer[]))

table 2 : explain UPDATE sbtest2 set c=7 WHERE id IN ( 2182455, 2229673, 6592533, 9466266, 7536671, 4355617, 8065281, 7943401, 3250524, 7770604)
	Update on sbtest2  (cost=0.43..48.53 rows=0 width=0)
	  ->  Index Scan using sbtest2_pkey on sbtest2  (cost=0.43..48.53 rows=10 width=490)
	        Index Cond: (id = ANY ('{2182455,2229673,6592533,9466266,7536671,4355617,8065281,7943401,3250524,7770604}'::integer[]))

table 3 : explain UPDATE sbtest3 set c=7 WHERE id IN ( 2182455, 2229673, 6592533, 9466266, 7536671, 4355617, 8065281, 7943401, 3250524, 7770604)
	Update on sbtest3  (cost=0.43..48.53 rows=0 width=0)
	  ->  Index Scan using sbtest3_pkey on sbtest3  (cost=0.43..48.53 rows=10 width=490)
	        Index Cond: (id = ANY ('{2182455,2229673,6592533,9466266,7536671,4355617,8065281,7943401,3250524,7770604}'::integer[]))

table 4 : explain UPDATE sbtest4 set c=7 WHERE id IN ( 2182455, 2229673, 6592533, 9466266, 7536671, 4355617, 8065281, 7943401, 3250524, 7770604)
	Update on sbtest4  (cost=0.43..48.53 rows=0 width=0)
	  ->  Index Scan using sbtest4_pkey on sbtest4  (cost=0.43..48.53 rows=10 width=490)
	        Index Cond: (id = ANY ('{2182455,2229673,6592533,9466266,7536671,4355617,8065281,7943401,3250524,7770604}'::integer[]))

table 5 : explain UPDATE sbtest5 set c=7 WHERE id IN ( 2182455, 2229673, 6592533, 9466266, 7536671, 4355617, 8065281, 7943401, 3250524, 7770604)
	Update on sbtest5  (cost=0.43..48.53 rows=0 width=0)
	  ->  Index Scan using sbtest5_pkey on sbtest5  (cost=0.43..48.53 rows=10 width=490)
	        Index Cond: (id = ANY ('{2182455,2229673,6592533,9466266,7536671,4355617,8065281,7943401,3250524,7770604}'::integer[]))

table 6 : explain UPDATE sbtest6 set c=7 WHERE id IN ( 2182455, 2229673, 6592533, 9466266, 7536671, 4355617, 8065281, 7943401, 3250524, 7770604)
	Update on sbtest6  (cost=0.43..48.53 rows=0 width=0)
	  ->  Index Scan using sbtest6_pkey on sbtest6  (cost=0.43..48.53 rows=10 width=490)
	        Index Cond: (id = ANY ('{2182455,2229673,6592533,9466266,7536671,4355617,8065281,7943401,3250524,7770604}'::integer[]))

table 7 : explain UPDATE sbtest7 set c=7 WHERE id IN ( 2182455, 2229673, 6592533, 9466266, 7536671, 4355617, 8065281, 7943401, 3250524, 7770604)
	Update on sbtest7  (cost=0.43..48.53 rows=0 width=0)
	  ->  Index Scan using sbtest7_pkey on sbtest7  (cost=0.43..48.53 rows=10 width=490)
	        Index Cond: (id = ANY ('{2182455,2229673,6592533,9466266,7536671,4355617,8065281,7943401,3250524,7770604}'::integer[]))

table 8 : explain UPDATE sbtest8 set c=7 WHERE id IN ( 2182455, 2229673, 6592533, 9466266, 7536671, 4355617, 8065281, 7943401, 3250524, 7770604)
	Update on sbtest8  (cost=0.43..48.53 rows=0 width=0)
	  ->  Index Scan using sbtest8_pkey on sbtest8  (cost=0.43..48.53 rows=10 width=490)
	        Index Cond: (id = ANY ('{2182455,2229673,6592533,9466266,7536671,4355617,8065281,7943401,3250524,7770604}'::integer[]))

for update-inlist
table 1 : explain UPDATE sbtest1 set c=7 WHERE id IN ( 2276502, 7114192, 7460787, 9160440, 4716547, 4999574, 1927397, 4805548, 8588702, 596957)
	Update on sbtest1  (cost=0.43..48.53 rows=0 width=0)
	  ->  Index Scan using sbtest1_pkey on sbtest1  (cost=0.43..48.53 rows=10 width=490)
	        Index Cond: (id = ANY ('{2276502,7114192,7460787,9160440,4716547,4999574,1927397,4805548,8588702,596957}'::integer[]))

table 2 : explain UPDATE sbtest2 set c=7 WHERE id IN ( 2276502, 7114192, 7460787, 9160440, 4716547, 4999574, 1927397, 4805548, 8588702, 596957)
	Update on sbtest2  (cost=0.43..48.53 rows=0 width=0)
	  ->  Index Scan using sbtest2_pkey on sbtest2  (cost=0.43..48.53 rows=10 width=490)
	        Index Cond: (id = ANY ('{2276502,7114192,7460787,9160440,4716547,4999574,1927397,4805548,8588702,596957}'::integer[]))

table 3 : explain UPDATE sbtest3 set c=7 WHERE id IN ( 2276502, 7114192, 7460787, 9160440, 4716547, 4999574, 1927397, 4805548, 8588702, 596957)
	Update on sbtest3  (cost=0.43..48.53 rows=0 width=0)
	  ->  Index Scan using sbtest3_pkey on sbtest3  (cost=0.43..48.53 rows=10 width=490)
	        Index Cond: (id = ANY ('{2276502,7114192,7460787,9160440,4716547,4999574,1927397,4805548,8588702,596957}'::integer[]))

table 4 : explain UPDATE sbtest4 set c=7 WHERE id IN ( 2276502, 7114192, 7460787, 9160440, 4716547, 4999574, 1927397, 4805548, 8588702, 596957)
	Update on sbtest4  (cost=0.43..48.53 rows=0 width=0)
	  ->  Index Scan using sbtest4_pkey on sbtest4  (cost=0.43..48.53 rows=10 width=490)
	        Index Cond: (id = ANY ('{2276502,7114192,7460787,9160440,4716547,4999574,1927397,4805548,8588702,596957}'::integer[]))

table 5 : explain UPDATE sbtest5 set c=7 WHERE id IN ( 2276502, 7114192, 7460787, 9160440, 4716547, 4999574, 1927397, 4805548, 8588702, 596957)
	Update on sbtest5  (cost=0.43..48.53 rows=0 width=0)
	  ->  Index Scan using sbtest5_pkey on sbtest5  (cost=0.43..48.53 rows=10 width=490)
	        Index Cond: (id = ANY ('{2276502,7114192,7460787,9160440,4716547,4999574,1927397,4805548,8588702,596957}'::integer[]))

table 6 : explain UPDATE sbtest6 set c=7 WHERE id IN ( 2276502, 7114192, 7460787, 9160440, 4716547, 4999574, 1927397, 4805548, 8588702, 596957)
	Update on sbtest6  (cost=0.43..48.53 rows=0 width=0)
	  ->  Index Scan using sbtest6_pkey on sbtest6  (cost=0.43..48.53 rows=10 width=490)
	        Index Cond: (id = ANY ('{2276502,7114192,7460787,9160440,4716547,4999574,1927397,4805548,8588702,596957}'::integer[]))

table 7 : explain UPDATE sbtest7 set c=7 WHERE id IN ( 2276502, 7114192, 7460787, 9160440, 4716547, 4999574, 1927397, 4805548, 8588702, 596957)
	Update on sbtest7  (cost=0.43..48.53 rows=0 width=0)
	  ->  Index Scan using sbtest7_pkey on sbtest7  (cost=0.43..48.53 rows=10 width=490)
	        Index Cond: (id = ANY ('{2276502,7114192,7460787,9160440,4716547,4999574,1927397,4805548,8588702,596957}'::integer[]))

table 8 : explain UPDATE sbtest8 set c=7 WHERE id IN ( 2276502, 7114192, 7460787, 9160440, 4716547, 4999574, 1927397, 4805548, 8588702, 596957)
	Update on sbtest8  (cost=0.43..48.53 rows=0 width=0)
	  ->  Index Scan using sbtest8_pkey on sbtest8  (cost=0.43..48.53 rows=10 width=490)
	        Index Cond: (id = ANY ('{2276502,7114192,7460787,9160440,4716547,4999574,1927397,4805548,8588702,596957}'::integer[]))

for update-inlist
table 1 : explain UPDATE sbtest1 set c=7 WHERE id IN ( 7237991, 9011816, 2973712, 5469980, 872751, 4609925, 8678651, 9914168, 4587659, 9314571)
	Update on sbtest1  (cost=0.43..48.53 rows=0 width=0)
	  ->  Index Scan using sbtest1_pkey on sbtest1  (cost=0.43..48.53 rows=10 width=490)
	        Index Cond: (id = ANY ('{7237991,9011816,2973712,5469980,872751,4609925,8678651,9914168,4587659,9314571}'::integer[]))

table 2 : explain UPDATE sbtest2 set c=7 WHERE id IN ( 7237991, 9011816, 2973712, 5469980, 872751, 4609925, 8678651, 9914168, 4587659, 9314571)
	Update on sbtest2  (cost=0.43..48.53 rows=0 width=0)
	  ->  Index Scan using sbtest2_pkey on sbtest2  (cost=0.43..48.53 rows=10 width=490)
	        Index Cond: (id = ANY ('{7237991,9011816,2973712,5469980,872751,4609925,8678651,9914168,4587659,9314571}'::integer[]))

table 3 : explain UPDATE sbtest3 set c=7 WHERE id IN ( 7237991, 9011816, 2973712, 5469980, 872751, 4609925, 8678651, 9914168, 4587659, 9314571)
	Update on sbtest3  (cost=0.43..48.53 rows=0 width=0)
	  ->  Index Scan using sbtest3_pkey on sbtest3  (cost=0.43..48.53 rows=10 width=490)
	        Index Cond: (id = ANY ('{7237991,9011816,2973712,5469980,872751,4609925,8678651,9914168,4587659,9314571}'::integer[]))

table 4 : explain UPDATE sbtest4 set c=7 WHERE id IN ( 7237991, 9011816, 2973712, 5469980, 872751, 4609925, 8678651, 9914168, 4587659, 9314571)
	Update on sbtest4  (cost=0.43..48.53 rows=0 width=0)
	  ->  Index Scan using sbtest4_pkey on sbtest4  (cost=0.43..48.53 rows=10 width=490)
	        Index Cond: (id = ANY ('{7237991,9011816,2973712,5469980,872751,4609925,8678651,9914168,4587659,9314571}'::integer[]))

table 5 : explain UPDATE sbtest5 set c=7 WHERE id IN ( 7237991, 9011816, 2973712, 5469980, 872751, 4609925, 8678651, 9914168, 4587659, 9314571)
	Update on sbtest5  (cost=0.43..48.53 rows=0 width=0)
	  ->  Index Scan using sbtest5_pkey on sbtest5  (cost=0.43..48.53 rows=10 width=490)
	        Index Cond: (id = ANY ('{7237991,9011816,2973712,5469980,872751,4609925,8678651,9914168,4587659,9314571}'::integer[]))

table 6 : explain UPDATE sbtest6 set c=7 WHERE id IN ( 7237991, 9011816, 2973712, 5469980, 872751, 4609925, 8678651, 9914168, 4587659, 9314571)
	Update on sbtest6  (cost=0.43..48.53 rows=0 width=0)
	  ->  Index Scan using sbtest6_pkey on sbtest6  (cost=0.43..48.53 rows=10 width=490)
	        Index Cond: (id = ANY ('{7237991,9011816,2973712,5469980,872751,4609925,8678651,9914168,4587659,9314571}'::integer[]))

table 7 : explain UPDATE sbtest7 set c=7 WHERE id IN ( 7237991, 9011816, 2973712, 5469980, 872751, 4609925, 8678651, 9914168, 4587659, 9314571)
	Update on sbtest7  (cost=0.43..48.53 rows=0 width=0)
	  ->  Index Scan using sbtest7_pkey on sbtest7  (cost=0.43..48.53 rows=10 width=490)
	        Index Cond: (id = ANY ('{7237991,9011816,2973712,5469980,872751,4609925,8678651,9914168,4587659,9314571}'::integer[]))

table 8 : explain UPDATE sbtest8 set c=7 WHERE id IN ( 7237991, 9011816, 2973712, 5469980, 872751, 4609925, 8678651, 9914168, 4587659, 9314571)
	Update on sbtest8  (cost=0.43..48.53 rows=0 width=0)
	  ->  Index Scan using sbtest8_pkey on sbtest8  (cost=0.43..48.53 rows=10 width=490)
	        Index Cond: (id = ANY ('{7237991,9011816,2973712,5469980,872751,4609925,8678651,9914168,4587659,9314571}'::integer[]))

explain: for update-inlist :: explain UPDATE sbtest%d set c=7 WHERE id IN ( 8737471, 2611688, 6527157, 6459547, 3438905, 7194014, 36021, 8653597, 3687694, 6250543)
explain: for update-inlist :: explain UPDATE sbtest%d set c=7 WHERE id IN ( 3182539, 1669307, 555301, 4404016, 9340915, 8553144, 2099958, 4820684, 2478535, 5130411)
explain: for update-inlist :: explain UPDATE sbtest%d set c=7 WHERE id IN ( 9852746, 554694, 4713564, 1938201, 8138801, 4752960, 9312321, 2596105, 2664919, 1789736)
for update-inlist
table 1 : explain UPDATE sbtest1 set c=7 WHERE id IN ( 7610613, 8939557, 4775848, 7854790, 5642837, 2082089, 8632592, 3648241, 7600016, 4379887)
	Update on sbtest1  (cost=0.43..48.53 rows=0 width=0)
	  ->  Index Scan using sbtest1_pkey on sbtest1  (cost=0.43..48.53 rows=10 width=490)
	        Index Cond: (id = ANY ('{7610613,8939557,4775848,7854790,5642837,2082089,8632592,3648241,7600016,4379887}'::integer[]))

table 2 : explain UPDATE sbtest2 set c=7 WHERE id IN ( 7610613, 8939557, 4775848, 7854790, 5642837, 2082089, 8632592, 3648241, 7600016, 4379887)
	Update on sbtest2  (cost=0.43..48.53 rows=0 width=0)
	  ->  Index Scan using sbtest2_pkey on sbtest2  (cost=0.43..48.53 rows=10 width=490)
	        Index Cond: (id = ANY ('{7610613,8939557,4775848,7854790,5642837,2082089,8632592,3648241,7600016,4379887}'::integer[]))

table 3 : explain UPDATE sbtest3 set c=7 WHERE id IN ( 7610613, 8939557, 4775848, 7854790, 5642837, 2082089, 8632592, 3648241, 7600016, 4379887)
	Update on sbtest3  (cost=0.43..48.53 rows=0 width=0)
	  ->  Index Scan using sbtest3_pkey on sbtest3  (cost=0.43..48.53 rows=10 width=490)
	        Index Cond: (id = ANY ('{7610613,8939557,4775848,7854790,5642837,2082089,8632592,3648241,7600016,4379887}'::integer[]))

table 4 : explain UPDATE sbtest4 set c=7 WHERE id IN ( 7610613, 8939557, 4775848, 7854790, 5642837, 2082089, 8632592, 3648241, 7600016, 4379887)
	Update on sbtest4  (cost=0.43..48.53 rows=0 width=0)
	  ->  Index Scan using sbtest4_pkey on sbtest4  (cost=0.43..48.53 rows=10 width=490)
	        Index Cond: (id = ANY ('{7610613,8939557,4775848,7854790,5642837,2082089,8632592,3648241,7600016,4379887}'::integer[]))

table 5 : explain UPDATE sbtest5 set c=7 WHERE id IN ( 7610613, 8939557, 4775848, 7854790, 5642837, 2082089, 8632592, 3648241, 7600016, 4379887)
	Update on sbtest5  (cost=0.43..48.53 rows=0 width=0)
	  ->  Index Scan using sbtest5_pkey on sbtest5  (cost=0.43..48.53 rows=10 width=490)
	        Index Cond: (id = ANY ('{7610613,8939557,4775848,7854790,5642837,2082089,8632592,3648241,7600016,4379887}'::integer[]))

table 6 : explain UPDATE sbtest6 set c=7 WHERE id IN ( 7610613, 8939557, 4775848, 7854790, 5642837, 2082089, 8632592, 3648241, 7600016, 4379887)
	Update on sbtest6  (cost=0.43..48.53 rows=0 width=0)
	  ->  Index Scan using sbtest6_pkey on sbtest6  (cost=0.43..48.53 rows=10 width=490)
	        Index Cond: (id = ANY ('{7610613,8939557,4775848,7854790,5642837,2082089,8632592,3648241,7600016,4379887}'::integer[]))

table 7 : explain UPDATE sbtest7 set c=7 WHERE id IN ( 7610613, 8939557, 4775848, 7854790, 5642837, 2082089, 8632592, 3648241, 7600016, 4379887)
	Update on sbtest7  (cost=0.43..48.53 rows=0 width=0)
	  ->  Index Scan using sbtest7_pkey on sbtest7  (cost=0.43..48.53 rows=10 width=490)
	        Index Cond: (id = ANY ('{7610613,8939557,4775848,7854790,5642837,2082089,8632592,3648241,7600016,4379887}'::integer[]))

table 8 : explain UPDATE sbtest8 set c=7 WHERE id IN ( 7610613, 8939557, 4775848, 7854790, 5642837, 2082089, 8632592, 3648241, 7600016, 4379887)
	Update on sbtest8  (cost=0.43..48.53 rows=0 width=0)
	  ->  Index Scan using sbtest8_pkey on sbtest8  (cost=0.43..48.53 rows=10 width=490)
	        Index Cond: (id = ANY ('{7610613,8939557,4775848,7854790,5642837,2082089,8632592,3648241,7600016,4379887}'::integer[]))

explain: for update-inlist :: explain UPDATE sbtest%d set c=7 WHERE id IN ( 5846213, 9443870, 8052627, 7978421, 8149604, 1466334, 3433611, 9585119, 6965079, 121344)
explain: for update-inlist :: explain UPDATE sbtest%d set c=7 WHERE id IN ( 5551503, 431645, 5230226, 3099443, 8022090, 6830963, 2283307, 322149, 3682656, 6229975)
for update-inlist
table 1 : explain UPDATE sbtest1 set c=7 WHERE id IN ( 8737471, 2611688, 6527157, 6459547, 3438905, 7194014, 36021, 8653597, 3687694, 6250543)
	Update on sbtest1  (cost=0.43..48.53 rows=0 width=0)
	  ->  Index Scan using sbtest1_pkey on sbtest1  (cost=0.43..48.53 rows=10 width=490)
	        Index Cond: (id = ANY ('{8737471,2611688,6527157,6459547,3438905,7194014,36021,8653597,3687694,6250543}'::integer[]))

table 2 : explain UPDATE sbtest2 set c=7 WHERE id IN ( 8737471, 2611688, 6527157, 6459547, 3438905, 7194014, 36021, 8653597, 3687694, 6250543)
	Update on sbtest2  (cost=0.43..48.53 rows=0 width=0)
	  ->  Index Scan using sbtest2_pkey on sbtest2  (cost=0.43..48.53 rows=10 width=490)
	        Index Cond: (id = ANY ('{8737471,2611688,6527157,6459547,3438905,7194014,36021,8653597,3687694,6250543}'::integer[]))

table 3 : explain UPDATE sbtest3 set c=7 WHERE id IN ( 8737471, 2611688, 6527157, 6459547, 3438905, 7194014, 36021, 8653597, 3687694, 6250543)
	Update on sbtest3  (cost=0.43..48.53 rows=0 width=0)
	  ->  Index Scan using sbtest3_pkey on sbtest3  (cost=0.43..48.53 rows=10 width=490)
	        Index Cond: (id = ANY ('{8737471,2611688,6527157,6459547,3438905,7194014,36021,8653597,3687694,6250543}'::integer[]))

table 4 : explain UPDATE sbtest4 set c=7 WHERE id IN ( 8737471, 2611688, 6527157, 6459547, 3438905, 7194014, 36021, 8653597, 3687694, 6250543)
	Update on sbtest4  (cost=0.43..48.53 rows=0 width=0)
	  ->  Index Scan using sbtest4_pkey on sbtest4  (cost=0.43..48.53 rows=10 width=490)
	        Index Cond: (id = ANY ('{8737471,2611688,6527157,6459547,3438905,7194014,36021,8653597,3687694,6250543}'::integer[]))

table 5 : explain UPDATE sbtest5 set c=7 WHERE id IN ( 8737471, 2611688, 6527157, 6459547, 3438905, 7194014, 36021, 8653597, 3687694, 6250543)
	Update on sbtest5  (cost=0.43..48.53 rows=0 width=0)
	  ->  Index Scan using sbtest5_pkey on sbtest5  (cost=0.43..48.53 rows=10 width=490)
	        Index Cond: (id = ANY ('{8737471,2611688,6527157,6459547,3438905,7194014,36021,8653597,3687694,6250543}'::integer[]))

table 6 : explain UPDATE sbtest6 set c=7 WHERE id IN ( 8737471, 2611688, 6527157, 6459547, 3438905, 7194014, 36021, 8653597, 3687694, 6250543)
	Update on sbtest6  (cost=0.43..48.53 rows=0 width=0)
	  ->  Index Scan using sbtest6_pkey on sbtest6  (cost=0.43..48.53 rows=10 width=490)
	        Index Cond: (id = ANY ('{8737471,2611688,6527157,6459547,3438905,7194014,36021,8653597,3687694,6250543}'::integer[]))

table 7 : explain UPDATE sbtest7 set c=7 WHERE id IN ( 8737471, 2611688, 6527157, 6459547, 3438905, 7194014, 36021, 8653597, 3687694, 6250543)
	Update on sbtest7  (cost=0.43..48.53 rows=0 width=0)
	  ->  Index Scan using sbtest7_pkey on sbtest7  (cost=0.43..48.53 rows=10 width=490)
	        Index Cond: (id = ANY ('{8737471,2611688,6527157,6459547,3438905,7194014,36021,8653597,3687694,6250543}'::integer[]))

table 8 : explain UPDATE sbtest8 set c=7 WHERE id IN ( 8737471, 2611688, 6527157, 6459547, 3438905, 7194014, 36021, 8653597, 3687694, 6250543)
	Update on sbtest8  (cost=0.43..48.53 rows=0 width=0)
	  ->  Index Scan using sbtest8_pkey on sbtest8  (cost=0.43..48.53 rows=10 width=490)
	        Index Cond: (id = ANY ('{8737471,2611688,6527157,6459547,3438905,7194014,36021,8653597,3687694,6250543}'::integer[]))

for update-inlist
table 1 : explain UPDATE sbtest1 set c=7 WHERE id IN ( 9852746, 554694, 4713564, 1938201, 8138801, 4752960, 9312321, 2596105, 2664919, 1789736)
	Update on sbtest1  (cost=0.43..48.53 rows=0 width=0)
	  ->  Index Scan using sbtest1_pkey on sbtest1  (cost=0.43..48.53 rows=10 width=490)
	        Index Cond: (id = ANY ('{9852746,554694,4713564,1938201,8138801,4752960,9312321,2596105,2664919,1789736}'::integer[]))

table 2 : explain UPDATE sbtest2 set c=7 WHERE id IN ( 9852746, 554694, 4713564, 1938201, 8138801, 4752960, 9312321, 2596105, 2664919, 1789736)
	Update on sbtest2  (cost=0.43..48.53 rows=0 width=0)
	  ->  Index Scan using sbtest2_pkey on sbtest2  (cost=0.43..48.53 rows=10 width=490)
	        Index Cond: (id = ANY ('{9852746,554694,4713564,1938201,8138801,4752960,9312321,2596105,2664919,1789736}'::integer[]))

table 3 : explain UPDATE sbtest3 set c=7 WHERE id IN ( 9852746, 554694, 4713564, 1938201, 8138801, 4752960, 9312321, 2596105, 2664919, 1789736)
	Update on sbtest3  (cost=0.43..48.53 rows=0 width=0)
	  ->  Index Scan using sbtest3_pkey on sbtest3  (cost=0.43..48.53 rows=10 width=490)
	        Index Cond: (id = ANY ('{9852746,554694,4713564,1938201,8138801,4752960,9312321,2596105,2664919,1789736}'::integer[]))

table 4 : explain UPDATE sbtest4 set c=7 WHERE id IN ( 9852746, 554694, 4713564, 1938201, 8138801, 4752960, 9312321, 2596105, 2664919, 1789736)
	Update on sbtest4  (cost=0.43..48.53 rows=0 width=0)
	  ->  Index Scan using sbtest4_pkey on sbtest4  (cost=0.43..48.53 rows=10 width=490)
	        Index Cond: (id = ANY ('{9852746,554694,4713564,1938201,8138801,4752960,9312321,2596105,2664919,1789736}'::integer[]))

table 5 : explain UPDATE sbtest5 set c=7 WHERE id IN ( 9852746, 554694, 4713564, 1938201, 8138801, 4752960, 9312321, 2596105, 2664919, 1789736)
	Update on sbtest5  (cost=0.43..48.53 rows=0 width=0)
	  ->  Index Scan using sbtest5_pkey on sbtest5  (cost=0.43..48.53 rows=10 width=490)
	        Index Cond: (id = ANY ('{9852746,554694,4713564,1938201,8138801,4752960,9312321,2596105,2664919,1789736}'::integer[]))

table 6 : explain UPDATE sbtest6 set c=7 WHERE id IN ( 9852746, 554694, 4713564, 1938201, 8138801, 4752960, 9312321, 2596105, 2664919, 1789736)
	Update on sbtest6  (cost=0.43..48.53 rows=0 width=0)
	  ->  Index Scan using sbtest6_pkey on sbtest6  (cost=0.43..48.53 rows=10 width=490)
	        Index Cond: (id = ANY ('{9852746,554694,4713564,1938201,8138801,4752960,9312321,2596105,2664919,1789736}'::integer[]))

table 7 : explain UPDATE sbtest7 set c=7 WHERE id IN ( 9852746, 554694, 4713564, 1938201, 8138801, 4752960, 9312321, 2596105, 2664919, 1789736)
	Update on sbtest7  (cost=0.43..48.53 rows=0 width=0)
	  ->  Index Scan using sbtest7_pkey on sbtest7  (cost=0.43..48.53 rows=10 width=490)
	        Index Cond: (id = ANY ('{9852746,554694,4713564,1938201,8138801,4752960,9312321,2596105,2664919,1789736}'::integer[]))

table 8 : explain UPDATE sbtest8 set c=7 WHERE id IN ( 9852746, 554694, 4713564, 1938201, 8138801, 4752960, 9312321, 2596105, 2664919, 1789736)
	Update on sbtest8  (cost=0.43..48.53 rows=0 width=0)
	  ->  Index Scan using sbtest8_pkey on sbtest8  (cost=0.43..48.53 rows=10 width=490)
	        Index Cond: (id = ANY ('{9852746,554694,4713564,1938201,8138801,4752960,9312321,2596105,2664919,1789736}'::integer[]))

for update-inlist
table 1 : explain UPDATE sbtest1 set c=7 WHERE id IN ( 5846213, 9443870, 8052627, 7978421, 8149604, 1466334, 3433611, 9585119, 6965079, 121344)
	Update on sbtest1  (cost=0.43..48.53 rows=0 width=0)
	  ->  Index Scan using sbtest1_pkey on sbtest1  (cost=0.43..48.53 rows=10 width=490)
	        Index Cond: (id = ANY ('{5846213,9443870,8052627,7978421,8149604,1466334,3433611,9585119,6965079,121344}'::integer[]))

table 2 : explain UPDATE sbtest2 set c=7 WHERE id IN ( 5846213, 9443870, 8052627, 7978421, 8149604, 1466334, 3433611, 9585119, 6965079, 121344)
	Update on sbtest2  (cost=0.43..48.53 rows=0 width=0)
	  ->  Index Scan using sbtest2_pkey on sbtest2  (cost=0.43..48.53 rows=10 width=490)
	        Index Cond: (id = ANY ('{5846213,9443870,8052627,7978421,8149604,1466334,3433611,9585119,6965079,121344}'::integer[]))

table 3 : explain UPDATE sbtest3 set c=7 WHERE id IN ( 5846213, 9443870, 8052627, 7978421, 8149604, 1466334, 3433611, 9585119, 6965079, 121344)
	Update on sbtest3  (cost=0.43..48.53 rows=0 width=0)
	  ->  Index Scan using sbtest3_pkey on sbtest3  (cost=0.43..48.53 rows=10 width=490)
	        Index Cond: (id = ANY ('{5846213,9443870,8052627,7978421,8149604,1466334,3433611,9585119,6965079,121344}'::integer[]))

table 4 : explain UPDATE sbtest4 set c=7 WHERE id IN ( 5846213, 9443870, 8052627, 7978421, 8149604, 1466334, 3433611, 9585119, 6965079, 121344)
	Update on sbtest4  (cost=0.43..48.53 rows=0 width=0)
	  ->  Index Scan using sbtest4_pkey on sbtest4  (cost=0.43..48.53 rows=10 width=490)
	        Index Cond: (id = ANY ('{5846213,9443870,8052627,7978421,8149604,1466334,3433611,9585119,6965079,121344}'::integer[]))

table 5 : explain UPDATE sbtest5 set c=7 WHERE id IN ( 5846213, 9443870, 8052627, 7978421, 8149604, 1466334, 3433611, 9585119, 6965079, 121344)
	Update on sbtest5  (cost=0.43..48.53 rows=0 width=0)
	  ->  Index Scan using sbtest5_pkey on sbtest5  (cost=0.43..48.53 rows=10 width=490)
	        Index Cond: (id = ANY ('{5846213,9443870,8052627,7978421,8149604,1466334,3433611,9585119,6965079,121344}'::integer[]))

table 6 : explain UPDATE sbtest6 set c=7 WHERE id IN ( 5846213, 9443870, 8052627, 7978421, 8149604, 1466334, 3433611, 9585119, 6965079, 121344)
	Update on sbtest6  (cost=0.43..48.53 rows=0 width=0)
	  ->  Index Scan using sbtest6_pkey on sbtest6  (cost=0.43..48.53 rows=10 width=490)
	        Index Cond: (id = ANY ('{5846213,9443870,8052627,7978421,8149604,1466334,3433611,9585119,6965079,121344}'::integer[]))

table 7 : explain UPDATE sbtest7 set c=7 WHERE id IN ( 5846213, 9443870, 8052627, 7978421, 8149604, 1466334, 3433611, 9585119, 6965079, 121344)
	Update on sbtest7  (cost=0.43..48.53 rows=0 width=0)
	  ->  Index Scan using sbtest7_pkey on sbtest7  (cost=0.43..48.53 rows=10 width=490)
	        Index Cond: (id = ANY ('{5846213,9443870,8052627,7978421,8149604,1466334,3433611,9585119,6965079,121344}'::integer[]))

table 8 : explain UPDATE sbtest8 set c=7 WHERE id IN ( 5846213, 9443870, 8052627, 7978421, 8149604, 1466334, 3433611, 9585119, 6965079, 121344)
	Update on sbtest8  (cost=0.43..48.53 rows=0 width=0)
	  ->  Index Scan using sbtest8_pkey on sbtest8  (cost=0.43..48.53 rows=10 width=490)
	        Index Cond: (id = ANY ('{5846213,9443870,8052627,7978421,8149604,1466334,3433611,9585119,6965079,121344}'::integer[]))

for update-inlist
table 1 : explain UPDATE sbtest1 set c=7 WHERE id IN ( 5551503, 431645, 5230226, 3099443, 8022090, 6830963, 2283307, 322149, 3682656, 6229975)
	Update on sbtest1  (cost=0.43..48.53 rows=0 width=0)
	  ->  Index Scan using sbtest1_pkey on sbtest1  (cost=0.43..48.53 rows=10 width=490)
	        Index Cond: (id = ANY ('{5551503,431645,5230226,3099443,8022090,6830963,2283307,322149,3682656,6229975}'::integer[]))

table 2 : explain UPDATE sbtest2 set c=7 WHERE id IN ( 5551503, 431645, 5230226, 3099443, 8022090, 6830963, 2283307, 322149, 3682656, 6229975)
	Update on sbtest2  (cost=0.43..48.53 rows=0 width=0)
	  ->  Index Scan using sbtest2_pkey on sbtest2  (cost=0.43..48.53 rows=10 width=490)
	        Index Cond: (id = ANY ('{5551503,431645,5230226,3099443,8022090,6830963,2283307,322149,3682656,6229975}'::integer[]))

table 3 : explain UPDATE sbtest3 set c=7 WHERE id IN ( 5551503, 431645, 5230226, 3099443, 8022090, 6830963, 2283307, 322149, 3682656, 6229975)
	Update on sbtest3  (cost=0.43..48.53 rows=0 width=0)
	  ->  Index Scan using sbtest3_pkey on sbtest3  (cost=0.43..48.53 rows=10 width=490)
	        Index Cond: (id = ANY ('{5551503,431645,5230226,3099443,8022090,6830963,2283307,322149,3682656,6229975}'::integer[]))

table 4 : explain UPDATE sbtest4 set c=7 WHERE id IN ( 5551503, 431645, 5230226, 3099443, 8022090, 6830963, 2283307, 322149, 3682656, 6229975)
	Update on sbtest4  (cost=0.43..48.53 rows=0 width=0)
	  ->  Index Scan using sbtest4_pkey on sbtest4  (cost=0.43..48.53 rows=10 width=490)
	        Index Cond: (id = ANY ('{5551503,431645,5230226,3099443,8022090,6830963,2283307,322149,3682656,6229975}'::integer[]))

table 5 : explain UPDATE sbtest5 set c=7 WHERE id IN ( 5551503, 431645, 5230226, 3099443, 8022090, 6830963, 2283307, 322149, 3682656, 6229975)
	Update on sbtest5  (cost=0.43..48.53 rows=0 width=0)
	  ->  Index Scan using sbtest5_pkey on sbtest5  (cost=0.43..48.53 rows=10 width=490)
	        Index Cond: (id = ANY ('{5551503,431645,5230226,3099443,8022090,6830963,2283307,322149,3682656,6229975}'::integer[]))

table 6 : explain UPDATE sbtest6 set c=7 WHERE id IN ( 5551503, 431645, 5230226, 3099443, 8022090, 6830963, 2283307, 322149, 3682656, 6229975)
	Update on sbtest6  (cost=0.43..48.53 rows=0 width=0)
	  ->  Index Scan using sbtest6_pkey on sbtest6  (cost=0.43..48.53 rows=10 width=490)
	        Index Cond: (id = ANY ('{5551503,431645,5230226,3099443,8022090,6830963,2283307,322149,3682656,6229975}'::integer[]))

table 7 : explain UPDATE sbtest7 set c=7 WHERE id IN ( 5551503, 431645, 5230226, 3099443, 8022090, 6830963, 2283307, 322149, 3682656, 6229975)
	Update on sbtest7  (cost=0.43..48.53 rows=0 width=0)
	  ->  Index Scan using sbtest7_pkey on sbtest7  (cost=0.43..48.53 rows=10 width=490)
	        Index Cond: (id = ANY ('{5551503,431645,5230226,3099443,8022090,6830963,2283307,322149,3682656,6229975}'::integer[]))

table 8 : explain UPDATE sbtest8 set c=7 WHERE id IN ( 5551503, 431645, 5230226, 3099443, 8022090, 6830963, 2283307, 322149, 3682656, 6229975)
	Update on sbtest8  (cost=0.43..48.53 rows=0 width=0)
	  ->  Index Scan using sbtest8_pkey on sbtest8  (cost=0.43..48.53 rows=10 width=490)
	        Index Cond: (id = ANY ('{5551503,431645,5230226,3099443,8022090,6830963,2283307,322149,3682656,6229975}'::integer[]))

for update-inlist
table 1 : explain UPDATE sbtest1 set c=7 WHERE id IN ( 3182539, 1669307, 555301, 4404016, 9340915, 8553144, 2099958, 4820684, 2478535, 5130411)
	Update on sbtest1  (cost=0.43..48.53 rows=0 width=0)
	  ->  Index Scan using sbtest1_pkey on sbtest1  (cost=0.43..48.53 rows=10 width=490)
	        Index Cond: (id = ANY ('{3182539,1669307,555301,4404016,9340915,8553144,2099958,4820684,2478535,5130411}'::integer[]))

table 2 : explain UPDATE sbtest2 set c=7 WHERE id IN ( 3182539, 1669307, 555301, 4404016, 9340915, 8553144, 2099958, 4820684, 2478535, 5130411)
	Update on sbtest2  (cost=0.43..48.53 rows=0 width=0)
	  ->  Index Scan using sbtest2_pkey on sbtest2  (cost=0.43..48.53 rows=10 width=490)
	        Index Cond: (id = ANY ('{3182539,1669307,555301,4404016,9340915,8553144,2099958,4820684,2478535,5130411}'::integer[]))

table 3 : explain UPDATE sbtest3 set c=7 WHERE id IN ( 3182539, 1669307, 555301, 4404016, 9340915, 8553144, 2099958, 4820684, 2478535, 5130411)
	Update on sbtest3  (cost=0.43..48.53 rows=0 width=0)
	  ->  Index Scan using sbtest3_pkey on sbtest3  (cost=0.43..48.53 rows=10 width=490)
	        Index Cond: (id = ANY ('{3182539,1669307,555301,4404016,9340915,8553144,2099958,4820684,2478535,5130411}'::integer[]))

table 4 : explain UPDATE sbtest4 set c=7 WHERE id IN ( 3182539, 1669307, 555301, 4404016, 9340915, 8553144, 2099958, 4820684, 2478535, 5130411)
	Update on sbtest4  (cost=0.43..48.53 rows=0 width=0)
	  ->  Index Scan using sbtest4_pkey on sbtest4  (cost=0.43..48.53 rows=10 width=490)
	        Index Cond: (id = ANY ('{3182539,1669307,555301,4404016,9340915,8553144,2099958,4820684,2478535,5130411}'::integer[]))

table 5 : explain UPDATE sbtest5 set c=7 WHERE id IN ( 3182539, 1669307, 555301, 4404016, 9340915, 8553144, 2099958, 4820684, 2478535, 5130411)
	Update on sbtest5  (cost=0.43..48.53 rows=0 width=0)
	  ->  Index Scan using sbtest5_pkey on sbtest5  (cost=0.43..48.53 rows=10 width=490)
	        Index Cond: (id = ANY ('{3182539,1669307,555301,4404016,9340915,8553144,2099958,4820684,2478535,5130411}'::integer[]))

table 6 : explain UPDATE sbtest6 set c=7 WHERE id IN ( 3182539, 1669307, 555301, 4404016, 9340915, 8553144, 2099958, 4820684, 2478535, 5130411)
	Update on sbtest6  (cost=0.43..48.53 rows=0 width=0)
	  ->  Index Scan using sbtest6_pkey on sbtest6  (cost=0.43..48.53 rows=10 width=490)
	        Index Cond: (id = ANY ('{3182539,1669307,555301,4404016,9340915,8553144,2099958,4820684,2478535,5130411}'::integer[]))

table 7 : explain UPDATE sbtest7 set c=7 WHERE id IN ( 3182539, 1669307, 555301, 4404016, 9340915, 8553144, 2099958, 4820684, 2478535, 5130411)
	Update on sbtest7  (cost=0.43..48.53 rows=0 width=0)
	  ->  Index Scan using sbtest7_pkey on sbtest7  (cost=0.43..48.53 rows=10 width=490)
	        Index Cond: (id = ANY ('{3182539,1669307,555301,4404016,9340915,8553144,2099958,4820684,2478535,5130411}'::integer[]))

table 8 : explain UPDATE sbtest8 set c=7 WHERE id IN ( 3182539, 1669307, 555301, 4404016, 9340915, 8553144, 2099958, 4820684, 2478535, 5130411)
	Update on sbtest8  (cost=0.43..48.53 rows=0 width=0)
	  ->  Index Scan using sbtest8_pkey on sbtest8  (cost=0.43..48.53 rows=10 width=490)
	        Index Cond: (id = ANY ('{3182539,1669307,555301,4404016,9340915,8553144,2099958,4820684,2478535,5130411}'::integer[]))

explain: for update-inlist :: explain UPDATE sbtest%d set c=7 WHERE id IN ( 1851455, 5901012, 1709433, 7057694, 4410021, 9421984, 3122553, 9664128, 242745, 6789654)
explain: for update-inlist :: explain UPDATE sbtest%d set c=7 WHERE id IN ( 1437188, 9222753, 9813065, 2668637, 2220817, 9658801, 8841612, 9261103, 6954314, 6435660)
explain: for update-inlist :: explain UPDATE sbtest%d set c=7 WHERE id IN ( 841814, 3641832, 2287006, 8480800, 1543093, 5650737, 4159707, 319712, 3876648, 7619425)
explain: for update-inlist :: explain UPDATE sbtest%d set c=7 WHERE id IN ( 8158220, 5625222, 5222947, 4233626, 6724293, 7162266, 6878803, 4885301, 4329053, 1506261)
explain: for update-inlist :: explain UPDATE sbtest%d set c=7 WHERE id IN ( 2699725, 7859000, 2059446, 396671, 7813625, 7143353, 2490988, 1256357, 8091988, 1691574)
explain: for update-inlist :: explain UPDATE sbtest%d set c=7 WHERE id IN ( 1356956, 4463479, 8028938, 5028610, 7548476, 4794058, 1176885, 9012964, 5751066, 4212015)
explain: for update-inlist :: explain UPDATE sbtest%d set c=7 WHERE id IN ( 3133976, 6459297, 8964332, 5047687, 5319969, 8843563, 2060097, 5408889, 375557, 4187159)
for update-inlist
table 1 : explain UPDATE sbtest1 set c=7 WHERE id IN ( 1851455, 5901012, 1709433, 7057694, 4410021, 9421984, 3122553, 9664128, 242745, 6789654)
	Update on sbtest1  (cost=0.43..48.53 rows=0 width=0)
	  ->  Index Scan using sbtest1_pkey on sbtest1  (cost=0.43..48.53 rows=10 width=490)
	        Index Cond: (id = ANY ('{1851455,5901012,1709433,7057694,4410021,9421984,3122553,9664128,242745,6789654}'::integer[]))

table 2 : explain UPDATE sbtest2 set c=7 WHERE id IN ( 1851455, 5901012, 1709433, 7057694, 4410021, 9421984, 3122553, 9664128, 242745, 6789654)
	Update on sbtest2  (cost=0.43..48.53 rows=0 width=0)
	  ->  Index Scan using sbtest2_pkey on sbtest2  (cost=0.43..48.53 rows=10 width=490)
	        Index Cond: (id = ANY ('{1851455,5901012,1709433,7057694,4410021,9421984,3122553,9664128,242745,6789654}'::integer[]))

table 3 : explain UPDATE sbtest3 set c=7 WHERE id IN ( 1851455, 5901012, 1709433, 7057694, 4410021, 9421984, 3122553, 9664128, 242745, 6789654)
	Update on sbtest3  (cost=0.43..48.53 rows=0 width=0)
	  ->  Index Scan using sbtest3_pkey on sbtest3  (cost=0.43..48.53 rows=10 width=490)
	        Index Cond: (id = ANY ('{1851455,5901012,1709433,7057694,4410021,9421984,3122553,9664128,242745,6789654}'::integer[]))

table 4 : explain UPDATE sbtest4 set c=7 WHERE id IN ( 1851455, 5901012, 1709433, 7057694, 4410021, 9421984, 3122553, 9664128, 242745, 6789654)
	Update on sbtest4  (cost=0.43..48.53 rows=0 width=0)
	  ->  Index Scan using sbtest4_pkey on sbtest4  (cost=0.43..48.53 rows=10 width=490)
	        Index Cond: (id = ANY ('{1851455,5901012,1709433,7057694,4410021,9421984,3122553,9664128,242745,6789654}'::integer[]))

table 5 : explain UPDATE sbtest5 set c=7 WHERE id IN ( 1851455, 5901012, 1709433, 7057694, 4410021, 9421984, 3122553, 9664128, 242745, 6789654)
	Update on sbtest5  (cost=0.43..48.53 rows=0 width=0)
	  ->  Index Scan using sbtest5_pkey on sbtest5  (cost=0.43..48.53 rows=10 width=490)
	        Index Cond: (id = ANY ('{1851455,5901012,1709433,7057694,4410021,9421984,3122553,9664128,242745,6789654}'::integer[]))

table 6 : explain UPDATE sbtest6 set c=7 WHERE id IN ( 1851455, 5901012, 1709433, 7057694, 4410021, 9421984, 3122553, 9664128, 242745, 6789654)
	Update on sbtest6  (cost=0.43..48.53 rows=0 width=0)
	  ->  Index Scan using sbtest6_pkey on sbtest6  (cost=0.43..48.53 rows=10 width=490)
	        Index Cond: (id = ANY ('{1851455,5901012,1709433,7057694,4410021,9421984,3122553,9664128,242745,6789654}'::integer[]))

table 7 : explain UPDATE sbtest7 set c=7 WHERE id IN ( 1851455, 5901012, 1709433, 7057694, 4410021, 9421984, 3122553, 9664128, 242745, 6789654)
	Update on sbtest7  (cost=0.43..48.53 rows=0 width=0)
	  ->  Index Scan using sbtest7_pkey on sbtest7  (cost=0.43..48.53 rows=10 width=490)
	        Index Cond: (id = ANY ('{1851455,5901012,1709433,7057694,4410021,9421984,3122553,9664128,242745,6789654}'::integer[]))

table 8 : explain UPDATE sbtest8 set c=7 WHERE id IN ( 1851455, 5901012, 1709433, 7057694, 4410021, 9421984, 3122553, 9664128, 242745, 6789654)
	Update on sbtest8  (cost=0.43..48.53 rows=0 width=0)
	  ->  Index Scan using sbtest8_pkey on sbtest8  (cost=0.43..48.53 rows=10 width=490)
	        Index Cond: (id = ANY ('{1851455,5901012,1709433,7057694,4410021,9421984,3122553,9664128,242745,6789654}'::integer[]))

for update-inlist
table 1 : explain UPDATE sbtest1 set c=7 WHERE id IN ( 8158220, 5625222, 5222947, 4233626, 6724293, 7162266, 6878803, 4885301, 4329053, 1506261)
	Update on sbtest1  (cost=0.43..48.53 rows=0 width=0)
	  ->  Index Scan using sbtest1_pkey on sbtest1  (cost=0.43..48.53 rows=10 width=490)
	        Index Cond: (id = ANY ('{8158220,5625222,5222947,4233626,6724293,7162266,6878803,4885301,4329053,1506261}'::integer[]))

table 2 : explain UPDATE sbtest2 set c=7 WHERE id IN ( 8158220, 5625222, 5222947, 4233626, 6724293, 7162266, 6878803, 4885301, 4329053, 1506261)
	Update on sbtest2  (cost=0.43..48.53 rows=0 width=0)
	  ->  Index Scan using sbtest2_pkey on sbtest2  (cost=0.43..48.53 rows=10 width=490)
	        Index Cond: (id = ANY ('{8158220,5625222,5222947,4233626,6724293,7162266,6878803,4885301,4329053,1506261}'::integer[]))

table 3 : explain UPDATE sbtest3 set c=7 WHERE id IN ( 8158220, 5625222, 5222947, 4233626, 6724293, 7162266, 6878803, 4885301, 4329053, 1506261)
	Update on sbtest3  (cost=0.43..48.53 rows=0 width=0)
	  ->  Index Scan using sbtest3_pkey on sbtest3  (cost=0.43..48.53 rows=10 width=490)
	        Index Cond: (id = ANY ('{8158220,5625222,5222947,4233626,6724293,7162266,6878803,4885301,4329053,1506261}'::integer[]))

table 4 : explain UPDATE sbtest4 set c=7 WHERE id IN ( 8158220, 5625222, 5222947, 4233626, 6724293, 7162266, 6878803, 4885301, 4329053, 1506261)
	Update on sbtest4  (cost=0.43..48.53 rows=0 width=0)
	  ->  Index Scan using sbtest4_pkey on sbtest4  (cost=0.43..48.53 rows=10 width=490)
	        Index Cond: (id = ANY ('{8158220,5625222,5222947,4233626,6724293,7162266,6878803,4885301,4329053,1506261}'::integer[]))

table 5 : explain UPDATE sbtest5 set c=7 WHERE id IN ( 8158220, 5625222, 5222947, 4233626, 6724293, 7162266, 6878803, 4885301, 4329053, 1506261)
	Update on sbtest5  (cost=0.43..48.53 rows=0 width=0)
	  ->  Index Scan using sbtest5_pkey on sbtest5  (cost=0.43..48.53 rows=10 width=490)
	        Index Cond: (id = ANY ('{8158220,5625222,5222947,4233626,6724293,7162266,6878803,4885301,4329053,1506261}'::integer[]))

table 6 : explain UPDATE sbtest6 set c=7 WHERE id IN ( 8158220, 5625222, 5222947, 4233626, 6724293, 7162266, 6878803, 4885301, 4329053, 1506261)
	Update on sbtest6  (cost=0.43..48.53 rows=0 width=0)
	  ->  Index Scan using sbtest6_pkey on sbtest6  (cost=0.43..48.53 rows=10 width=490)
	        Index Cond: (id = ANY ('{8158220,5625222,5222947,4233626,6724293,7162266,6878803,4885301,4329053,1506261}'::integer[]))

table 7 : explain UPDATE sbtest7 set c=7 WHERE id IN ( 8158220, 5625222, 5222947, 4233626, 6724293, 7162266, 6878803, 4885301, 4329053, 1506261)
	Update on sbtest7  (cost=0.43..48.53 rows=0 width=0)
	  ->  Index Scan using sbtest7_pkey on sbtest7  (cost=0.43..48.53 rows=10 width=490)
	        Index Cond: (id = ANY ('{8158220,5625222,5222947,4233626,6724293,7162266,6878803,4885301,4329053,1506261}'::integer[]))

table 8 : explain UPDATE sbtest8 set c=7 WHERE id IN ( 8158220, 5625222, 5222947, 4233626, 6724293, 7162266, 6878803, 4885301, 4329053, 1506261)
	Update on sbtest8  (cost=0.43..48.53 rows=0 width=0)
	  ->  Index Scan using sbtest8_pkey on sbtest8  (cost=0.43..48.53 rows=10 width=490)
	        Index Cond: (id = ANY ('{8158220,5625222,5222947,4233626,6724293,7162266,6878803,4885301,4329053,1506261}'::integer[]))

for update-inlist
table 1 : explain UPDATE sbtest1 set c=7 WHERE id IN ( 2699725, 7859000, 2059446, 396671, 7813625, 7143353, 2490988, 1256357, 8091988, 1691574)
	Update on sbtest1  (cost=0.43..48.53 rows=0 width=0)
	  ->  Index Scan using sbtest1_pkey on sbtest1  (cost=0.43..48.53 rows=10 width=490)
	        Index Cond: (id = ANY ('{2699725,7859000,2059446,396671,7813625,7143353,2490988,1256357,8091988,1691574}'::integer[]))

table 2 : explain UPDATE sbtest2 set c=7 WHERE id IN ( 2699725, 7859000, 2059446, 396671, 7813625, 7143353, 2490988, 1256357, 8091988, 1691574)
	Update on sbtest2  (cost=0.43..48.53 rows=0 width=0)
	  ->  Index Scan using sbtest2_pkey on sbtest2  (cost=0.43..48.53 rows=10 width=490)
	        Index Cond: (id = ANY ('{2699725,7859000,2059446,396671,7813625,7143353,2490988,1256357,8091988,1691574}'::integer[]))

table 3 : explain UPDATE sbtest3 set c=7 WHERE id IN ( 2699725, 7859000, 2059446, 396671, 7813625, 7143353, 2490988, 1256357, 8091988, 1691574)
	Update on sbtest3  (cost=0.43..48.53 rows=0 width=0)
	  ->  Index Scan using sbtest3_pkey on sbtest3  (cost=0.43..48.53 rows=10 width=490)
	        Index Cond: (id = ANY ('{2699725,7859000,2059446,396671,7813625,7143353,2490988,1256357,8091988,1691574}'::integer[]))

table 4 : explain UPDATE sbtest4 set c=7 WHERE id IN ( 2699725, 7859000, 2059446, 396671, 7813625, 7143353, 2490988, 1256357, 8091988, 1691574)
	Update on sbtest4  (cost=0.43..48.53 rows=0 width=0)
	  ->  Index Scan using sbtest4_pkey on sbtest4  (cost=0.43..48.53 rows=10 width=490)
	        Index Cond: (id = ANY ('{2699725,7859000,2059446,396671,7813625,7143353,2490988,1256357,8091988,1691574}'::integer[]))

table 5 : explain UPDATE sbtest5 set c=7 WHERE id IN ( 2699725, 7859000, 2059446, 396671, 7813625, 7143353, 2490988, 1256357, 8091988, 1691574)
	Update on sbtest5  (cost=0.43..48.53 rows=0 width=0)
	  ->  Index Scan using sbtest5_pkey on sbtest5  (cost=0.43..48.53 rows=10 width=490)
	        Index Cond: (id = ANY ('{2699725,7859000,2059446,396671,7813625,7143353,2490988,1256357,8091988,1691574}'::integer[]))

table 6 : explain UPDATE sbtest6 set c=7 WHERE id IN ( 2699725, 7859000, 2059446, 396671, 7813625, 7143353, 2490988, 1256357, 8091988, 1691574)
	Update on sbtest6  (cost=0.43..48.53 rows=0 width=0)
	  ->  Index Scan using sbtest6_pkey on sbtest6  (cost=0.43..48.53 rows=10 width=490)
	        Index Cond: (id = ANY ('{2699725,7859000,2059446,396671,7813625,7143353,2490988,1256357,8091988,1691574}'::integer[]))

table 7 : explain UPDATE sbtest7 set c=7 WHERE id IN ( 2699725, 7859000, 2059446, 396671, 7813625, 7143353, 2490988, 1256357, 8091988, 1691574)
	Update on sbtest7  (cost=0.43..48.53 rows=0 width=0)
	  ->  Index Scan using sbtest7_pkey on sbtest7  (cost=0.43..48.53 rows=10 width=490)
	        Index Cond: (id = ANY ('{2699725,7859000,2059446,396671,7813625,7143353,2490988,1256357,8091988,1691574}'::integer[]))

table 8 : explain UPDATE sbtest8 set c=7 WHERE id IN ( 2699725, 7859000, 2059446, 396671, 7813625, 7143353, 2490988, 1256357, 8091988, 1691574)
	Update on sbtest8  (cost=0.43..48.53 rows=0 width=0)
	  ->  Index Scan using sbtest8_pkey on sbtest8  (cost=0.43..48.53 rows=10 width=490)
	        Index Cond: (id = ANY ('{2699725,7859000,2059446,396671,7813625,7143353,2490988,1256357,8091988,1691574}'::integer[]))

for update-inlist
table 1 : explain UPDATE sbtest1 set c=7 WHERE id IN ( 1356956, 4463479, 8028938, 5028610, 7548476, 4794058, 1176885, 9012964, 5751066, 4212015)
	Update on sbtest1  (cost=0.43..48.53 rows=0 width=0)
	  ->  Index Scan using sbtest1_pkey on sbtest1  (cost=0.43..48.53 rows=10 width=490)
	        Index Cond: (id = ANY ('{1356956,4463479,8028938,5028610,7548476,4794058,1176885,9012964,5751066,4212015}'::integer[]))

table 2 : explain UPDATE sbtest2 set c=7 WHERE id IN ( 1356956, 4463479, 8028938, 5028610, 7548476, 4794058, 1176885, 9012964, 5751066, 4212015)
	Update on sbtest2  (cost=0.43..48.53 rows=0 width=0)
	  ->  Index Scan using sbtest2_pkey on sbtest2  (cost=0.43..48.53 rows=10 width=490)
	        Index Cond: (id = ANY ('{1356956,4463479,8028938,5028610,7548476,4794058,1176885,9012964,5751066,4212015}'::integer[]))

table 3 : explain UPDATE sbtest3 set c=7 WHERE id IN ( 1356956, 4463479, 8028938, 5028610, 7548476, 4794058, 1176885, 9012964, 5751066, 4212015)
	Update on sbtest3  (cost=0.43..48.53 rows=0 width=0)
	  ->  Index Scan using sbtest3_pkey on sbtest3  (cost=0.43..48.53 rows=10 width=490)
	        Index Cond: (id = ANY ('{1356956,4463479,8028938,5028610,7548476,4794058,1176885,9012964,5751066,4212015}'::integer[]))

table 4 : explain UPDATE sbtest4 set c=7 WHERE id IN ( 1356956, 4463479, 8028938, 5028610, 7548476, 4794058, 1176885, 9012964, 5751066, 4212015)
	Update on sbtest4  (cost=0.43..48.53 rows=0 width=0)
	  ->  Index Scan using sbtest4_pkey on sbtest4  (cost=0.43..48.53 rows=10 width=490)
	        Index Cond: (id = ANY ('{1356956,4463479,8028938,5028610,7548476,4794058,1176885,9012964,5751066,4212015}'::integer[]))

table 5 : explain UPDATE sbtest5 set c=7 WHERE id IN ( 1356956, 4463479, 8028938, 5028610, 7548476, 4794058, 1176885, 9012964, 5751066, 4212015)
	Update on sbtest5  (cost=0.43..48.53 rows=0 width=0)
	  ->  Index Scan using sbtest5_pkey on sbtest5  (cost=0.43..48.53 rows=10 width=490)
	        Index Cond: (id = ANY ('{1356956,4463479,8028938,5028610,7548476,4794058,1176885,9012964,5751066,4212015}'::integer[]))

table 6 : explain UPDATE sbtest6 set c=7 WHERE id IN ( 1356956, 4463479, 8028938, 5028610, 7548476, 4794058, 1176885, 9012964, 5751066, 4212015)
	Update on sbtest6  (cost=0.43..48.53 rows=0 width=0)
	  ->  Index Scan using sbtest6_pkey on sbtest6  (cost=0.43..48.53 rows=10 width=490)
	        Index Cond: (id = ANY ('{1356956,4463479,8028938,5028610,7548476,4794058,1176885,9012964,5751066,4212015}'::integer[]))

table 7 : explain UPDATE sbtest7 set c=7 WHERE id IN ( 1356956, 4463479, 8028938, 5028610, 7548476, 4794058, 1176885, 9012964, 5751066, 4212015)
	Update on sbtest7  (cost=0.43..48.53 rows=0 width=0)
	  ->  Index Scan using sbtest7_pkey on sbtest7  (cost=0.43..48.53 rows=10 width=490)
	        Index Cond: (id = ANY ('{1356956,4463479,8028938,5028610,7548476,4794058,1176885,9012964,5751066,4212015}'::integer[]))

table 8 : explain UPDATE sbtest8 set c=7 WHERE id IN ( 1356956, 4463479, 8028938, 5028610, 7548476, 4794058, 1176885, 9012964, 5751066, 4212015)
	Update on sbtest8  (cost=0.43..48.53 rows=0 width=0)
	  ->  Index Scan using sbtest8_pkey on sbtest8  (cost=0.43..48.53 rows=10 width=490)
	        Index Cond: (id = ANY ('{1356956,4463479,8028938,5028610,7548476,4794058,1176885,9012964,5751066,4212015}'::integer[]))

for update-inlist
table 1 : explain UPDATE sbtest1 set c=7 WHERE id IN ( 3133976, 6459297, 8964332, 5047687, 5319969, 8843563, 2060097, 5408889, 375557, 4187159)
	Update on sbtest1  (cost=0.43..48.53 rows=0 width=0)
	  ->  Index Scan using sbtest1_pkey on sbtest1  (cost=0.43..48.53 rows=10 width=490)
	        Index Cond: (id = ANY ('{3133976,6459297,8964332,5047687,5319969,8843563,2060097,5408889,375557,4187159}'::integer[]))

table 2 : explain UPDATE sbtest2 set c=7 WHERE id IN ( 3133976, 6459297, 8964332, 5047687, 5319969, 8843563, 2060097, 5408889, 375557, 4187159)
	Update on sbtest2  (cost=0.43..48.53 rows=0 width=0)
	  ->  Index Scan using sbtest2_pkey on sbtest2  (cost=0.43..48.53 rows=10 width=490)
	        Index Cond: (id = ANY ('{3133976,6459297,8964332,5047687,5319969,8843563,2060097,5408889,375557,4187159}'::integer[]))

table 3 : explain UPDATE sbtest3 set c=7 WHERE id IN ( 3133976, 6459297, 8964332, 5047687, 5319969, 8843563, 2060097, 5408889, 375557, 4187159)
	Update on sbtest3  (cost=0.43..48.53 rows=0 width=0)
	  ->  Index Scan using sbtest3_pkey on sbtest3  (cost=0.43..48.53 rows=10 width=490)
	        Index Cond: (id = ANY ('{3133976,6459297,8964332,5047687,5319969,8843563,2060097,5408889,375557,4187159}'::integer[]))

table 4 : explain UPDATE sbtest4 set c=7 WHERE id IN ( 3133976, 6459297, 8964332, 5047687, 5319969, 8843563, 2060097, 5408889, 375557, 4187159)
	Update on sbtest4  (cost=0.43..48.53 rows=0 width=0)
	  ->  Index Scan using sbtest4_pkey on sbtest4  (cost=0.43..48.53 rows=10 width=490)
	        Index Cond: (id = ANY ('{3133976,6459297,8964332,5047687,5319969,8843563,2060097,5408889,375557,4187159}'::integer[]))

table 5 : explain UPDATE sbtest5 set c=7 WHERE id IN ( 3133976, 6459297, 8964332, 5047687, 5319969, 8843563, 2060097, 5408889, 375557, 4187159)
	Update on sbtest5  (cost=0.43..48.53 rows=0 width=0)
	  ->  Index Scan using sbtest5_pkey on sbtest5  (cost=0.43..48.53 rows=10 width=490)
	        Index Cond: (id = ANY ('{3133976,6459297,8964332,5047687,5319969,8843563,2060097,5408889,375557,4187159}'::integer[]))

table 6 : explain UPDATE sbtest6 set c=7 WHERE id IN ( 3133976, 6459297, 8964332, 5047687, 5319969, 8843563, 2060097, 5408889, 375557, 4187159)
	Update on sbtest6  (cost=0.43..48.53 rows=0 width=0)
	  ->  Index Scan using sbtest6_pkey on sbtest6  (cost=0.43..48.53 rows=10 width=490)
	        Index Cond: (id = ANY ('{3133976,6459297,8964332,5047687,5319969,8843563,2060097,5408889,375557,4187159}'::integer[]))

table 7 : explain UPDATE sbtest7 set c=7 WHERE id IN ( 3133976, 6459297, 8964332, 5047687, 5319969, 8843563, 2060097, 5408889, 375557, 4187159)
	Update on sbtest7  (cost=0.43..48.53 rows=0 width=0)
	  ->  Index Scan using sbtest7_pkey on sbtest7  (cost=0.43..48.53 rows=10 width=490)
	        Index Cond: (id = ANY ('{3133976,6459297,8964332,5047687,5319969,8843563,2060097,5408889,375557,4187159}'::integer[]))

table 8 : explain UPDATE sbtest8 set c=7 WHERE id IN ( 3133976, 6459297, 8964332, 5047687, 5319969, 8843563, 2060097, 5408889, 375557, 4187159)
	Update on sbtest8  (cost=0.43..48.53 rows=0 width=0)
	  ->  Index Scan using sbtest8_pkey on sbtest8  (cost=0.43..48.53 rows=10 width=490)
	        Index Cond: (id = ANY ('{3133976,6459297,8964332,5047687,5319969,8843563,2060097,5408889,375557,4187159}'::integer[]))

explain: for update-inlist :: explain UPDATE sbtest%d set c=7 WHERE id IN ( 35625, 1427427, 6391010, 2850004, 3352637, 2966838, 7408844, 6444359, 9328066, 6968555)
for update-inlist
table 1 : explain UPDATE sbtest1 set c=7 WHERE id IN ( 1437188, 9222753, 9813065, 2668637, 2220817, 9658801, 8841612, 9261103, 6954314, 6435660)
	Update on sbtest1  (cost=0.43..48.53 rows=0 width=0)
	  ->  Index Scan using sbtest1_pkey on sbtest1  (cost=0.43..48.53 rows=10 width=490)
	        Index Cond: (id = ANY ('{1437188,9222753,9813065,2668637,2220817,9658801,8841612,9261103,6954314,6435660}'::integer[]))

table 2 : explain UPDATE sbtest2 set c=7 WHERE id IN ( 1437188, 9222753, 9813065, 2668637, 2220817, 9658801, 8841612, 9261103, 6954314, 6435660)
	Update on sbtest2  (cost=0.43..48.53 rows=0 width=0)
	  ->  Index Scan using sbtest2_pkey on sbtest2  (cost=0.43..48.53 rows=10 width=490)
	        Index Cond: (id = ANY ('{1437188,9222753,9813065,2668637,2220817,9658801,8841612,9261103,6954314,6435660}'::integer[]))

table 3 : explain UPDATE sbtest3 set c=7 WHERE id IN ( 1437188, 9222753, 9813065, 2668637, 2220817, 9658801, 8841612, 9261103, 6954314, 6435660)
	Update on sbtest3  (cost=0.43..48.53 rows=0 width=0)
	  ->  Index Scan using sbtest3_pkey on sbtest3  (cost=0.43..48.53 rows=10 width=490)
	        Index Cond: (id = ANY ('{1437188,9222753,9813065,2668637,2220817,9658801,8841612,9261103,6954314,6435660}'::integer[]))

table 4 : explain UPDATE sbtest4 set c=7 WHERE id IN ( 1437188, 9222753, 9813065, 2668637, 2220817, 9658801, 8841612, 9261103, 6954314, 6435660)
	Update on sbtest4  (cost=0.43..48.53 rows=0 width=0)
	  ->  Index Scan using sbtest4_pkey on sbtest4  (cost=0.43..48.53 rows=10 width=490)
	        Index Cond: (id = ANY ('{1437188,9222753,9813065,2668637,2220817,9658801,8841612,9261103,6954314,6435660}'::integer[]))

table 5 : explain UPDATE sbtest5 set c=7 WHERE id IN ( 1437188, 9222753, 9813065, 2668637, 2220817, 9658801, 8841612, 9261103, 6954314, 6435660)
	Update on sbtest5  (cost=0.43..48.53 rows=0 width=0)
	  ->  Index Scan using sbtest5_pkey on sbtest5  (cost=0.43..48.53 rows=10 width=490)
	        Index Cond: (id = ANY ('{1437188,9222753,9813065,2668637,2220817,9658801,8841612,9261103,6954314,6435660}'::integer[]))

table 6 : explain UPDATE sbtest6 set c=7 WHERE id IN ( 1437188, 9222753, 9813065, 2668637, 2220817, 9658801, 8841612, 9261103, 6954314, 6435660)
	Update on sbtest6  (cost=0.43..48.53 rows=0 width=0)
	  ->  Index Scan using sbtest6_pkey on sbtest6  (cost=0.43..48.53 rows=10 width=490)
	        Index Cond: (id = ANY ('{1437188,9222753,9813065,2668637,2220817,9658801,8841612,9261103,6954314,6435660}'::integer[]))

table 7 : explain UPDATE sbtest7 set c=7 WHERE id IN ( 1437188, 9222753, 9813065, 2668637, 2220817, 9658801, 8841612, 9261103, 6954314, 6435660)
	Update on sbtest7  (cost=0.43..48.53 rows=0 width=0)
	  ->  Index Scan using sbtest7_pkey on sbtest7  (cost=0.43..48.53 rows=10 width=490)
	        Index Cond: (id = ANY ('{1437188,9222753,9813065,2668637,2220817,9658801,8841612,9261103,6954314,6435660}'::integer[]))

table 8 : explain UPDATE sbtest8 set c=7 WHERE id IN ( 1437188, 9222753, 9813065, 2668637, 2220817, 9658801, 8841612, 9261103, 6954314, 6435660)
	Update on sbtest8  (cost=0.43..48.53 rows=0 width=0)
	  ->  Index Scan using sbtest8_pkey on sbtest8  (cost=0.43..48.53 rows=10 width=490)
	        Index Cond: (id = ANY ('{1437188,9222753,9813065,2668637,2220817,9658801,8841612,9261103,6954314,6435660}'::integer[]))

for update-inlist
table 1 : explain UPDATE sbtest1 set c=7 WHERE id IN ( 841814, 3641832, 2287006, 8480800, 1543093, 5650737, 4159707, 319712, 3876648, 7619425)
	Update on sbtest1  (cost=0.43..48.53 rows=0 width=0)
	  ->  Index Scan using sbtest1_pkey on sbtest1  (cost=0.43..48.53 rows=10 width=490)
	        Index Cond: (id = ANY ('{841814,3641832,2287006,8480800,1543093,5650737,4159707,319712,3876648,7619425}'::integer[]))

table 2 : explain UPDATE sbtest2 set c=7 WHERE id IN ( 841814, 3641832, 2287006, 8480800, 1543093, 5650737, 4159707, 319712, 3876648, 7619425)
	Update on sbtest2  (cost=0.43..48.53 rows=0 width=0)
	  ->  Index Scan using sbtest2_pkey on sbtest2  (cost=0.43..48.53 rows=10 width=490)
	        Index Cond: (id = ANY ('{841814,3641832,2287006,8480800,1543093,5650737,4159707,319712,3876648,7619425}'::integer[]))

table 3 : explain UPDATE sbtest3 set c=7 WHERE id IN ( 841814, 3641832, 2287006, 8480800, 1543093, 5650737, 4159707, 319712, 3876648, 7619425)
	Update on sbtest3  (cost=0.43..48.53 rows=0 width=0)
	  ->  Index Scan using sbtest3_pkey on sbtest3  (cost=0.43..48.53 rows=10 width=490)
	        Index Cond: (id = ANY ('{841814,3641832,2287006,8480800,1543093,5650737,4159707,319712,3876648,7619425}'::integer[]))

table 4 : explain UPDATE sbtest4 set c=7 WHERE id IN ( 841814, 3641832, 2287006, 8480800, 1543093, 5650737, 4159707, 319712, 3876648, 7619425)
	Update on sbtest4  (cost=0.43..48.53 rows=0 width=0)
	  ->  Index Scan using sbtest4_pkey on sbtest4  (cost=0.43..48.53 rows=10 width=490)
	        Index Cond: (id = ANY ('{841814,3641832,2287006,8480800,1543093,5650737,4159707,319712,3876648,7619425}'::integer[]))

table 5 : explain UPDATE sbtest5 set c=7 WHERE id IN ( 841814, 3641832, 2287006, 8480800, 1543093, 5650737, 4159707, 319712, 3876648, 7619425)
	Update on sbtest5  (cost=0.43..48.53 rows=0 width=0)
	  ->  Index Scan using sbtest5_pkey on sbtest5  (cost=0.43..48.53 rows=10 width=490)
	        Index Cond: (id = ANY ('{841814,3641832,2287006,8480800,1543093,5650737,4159707,319712,3876648,7619425}'::integer[]))

table 6 : explain UPDATE sbtest6 set c=7 WHERE id IN ( 841814, 3641832, 2287006, 8480800, 1543093, 5650737, 4159707, 319712, 3876648, 7619425)
	Update on sbtest6  (cost=0.43..48.53 rows=0 width=0)
	  ->  Index Scan using sbtest6_pkey on sbtest6  (cost=0.43..48.53 rows=10 width=490)
	        Index Cond: (id = ANY ('{841814,3641832,2287006,8480800,1543093,5650737,4159707,319712,3876648,7619425}'::integer[]))

table 7 : explain UPDATE sbtest7 set c=7 WHERE id IN ( 841814, 3641832, 2287006, 8480800, 1543093, 5650737, 4159707, 319712, 3876648, 7619425)
	Update on sbtest7  (cost=0.43..48.53 rows=0 width=0)
	  ->  Index Scan using sbtest7_pkey on sbtest7  (cost=0.43..48.53 rows=10 width=490)
	        Index Cond: (id = ANY ('{841814,3641832,2287006,8480800,1543093,5650737,4159707,319712,3876648,7619425}'::integer[]))

table 8 : explain UPDATE sbtest8 set c=7 WHERE id IN ( 841814, 3641832, 2287006, 8480800, 1543093, 5650737, 4159707, 319712, 3876648, 7619425)
	Update on sbtest8  (cost=0.43..48.53 rows=0 width=0)
	  ->  Index Scan using sbtest8_pkey on sbtest8  (cost=0.43..48.53 rows=10 width=490)
	        Index Cond: (id = ANY ('{841814,3641832,2287006,8480800,1543093,5650737,4159707,319712,3876648,7619425}'::integer[]))

for update-inlist
table 1 : explain UPDATE sbtest1 set c=7 WHERE id IN ( 35625, 1427427, 6391010, 2850004, 3352637, 2966838, 7408844, 6444359, 9328066, 6968555)
	Update on sbtest1  (cost=0.43..48.53 rows=0 width=0)
	  ->  Index Scan using sbtest1_pkey on sbtest1  (cost=0.43..48.53 rows=10 width=490)
	        Index Cond: (id = ANY ('{35625,1427427,6391010,2850004,3352637,2966838,7408844,6444359,9328066,6968555}'::integer[]))

table 2 : explain UPDATE sbtest2 set c=7 WHERE id IN ( 35625, 1427427, 6391010, 2850004, 3352637, 2966838, 7408844, 6444359, 9328066, 6968555)
	Update on sbtest2  (cost=0.43..48.53 rows=0 width=0)
	  ->  Index Scan using sbtest2_pkey on sbtest2  (cost=0.43..48.53 rows=10 width=490)
	        Index Cond: (id = ANY ('{35625,1427427,6391010,2850004,3352637,2966838,7408844,6444359,9328066,6968555}'::integer[]))

table 3 : explain UPDATE sbtest3 set c=7 WHERE id IN ( 35625, 1427427, 6391010, 2850004, 3352637, 2966838, 7408844, 6444359, 9328066, 6968555)
	Update on sbtest3  (cost=0.43..48.53 rows=0 width=0)
	  ->  Index Scan using sbtest3_pkey on sbtest3  (cost=0.43..48.53 rows=10 width=490)
	        Index Cond: (id = ANY ('{35625,1427427,6391010,2850004,3352637,2966838,7408844,6444359,9328066,6968555}'::integer[]))

table 4 : explain UPDATE sbtest4 set c=7 WHERE id IN ( 35625, 1427427, 6391010, 2850004, 3352637, 2966838, 7408844, 6444359, 9328066, 6968555)
	Update on sbtest4  (cost=0.43..48.53 rows=0 width=0)
	  ->  Index Scan using sbtest4_pkey on sbtest4  (cost=0.43..48.53 rows=10 width=490)
	        Index Cond: (id = ANY ('{35625,1427427,6391010,2850004,3352637,2966838,7408844,6444359,9328066,6968555}'::integer[]))

table 5 : explain UPDATE sbtest5 set c=7 WHERE id IN ( 35625, 1427427, 6391010, 2850004, 3352637, 2966838, 7408844, 6444359, 9328066, 6968555)
	Update on sbtest5  (cost=0.43..48.53 rows=0 width=0)
	  ->  Index Scan using sbtest5_pkey on sbtest5  (cost=0.43..48.53 rows=10 width=490)
	        Index Cond: (id = ANY ('{35625,1427427,6391010,2850004,3352637,2966838,7408844,6444359,9328066,6968555}'::integer[]))

table 6 : explain UPDATE sbtest6 set c=7 WHERE id IN ( 35625, 1427427, 6391010, 2850004, 3352637, 2966838, 7408844, 6444359, 9328066, 6968555)
	Update on sbtest6  (cost=0.43..48.53 rows=0 width=0)
	  ->  Index Scan using sbtest6_pkey on sbtest6  (cost=0.43..48.53 rows=10 width=490)
	        Index Cond: (id = ANY ('{35625,1427427,6391010,2850004,3352637,2966838,7408844,6444359,9328066,6968555}'::integer[]))

table 7 : explain UPDATE sbtest7 set c=7 WHERE id IN ( 35625, 1427427, 6391010, 2850004, 3352637, 2966838, 7408844, 6444359, 9328066, 6968555)
	Update on sbtest7  (cost=0.43..48.53 rows=0 width=0)
	  ->  Index Scan using sbtest7_pkey on sbtest7  (cost=0.43..48.53 rows=10 width=490)
	        Index Cond: (id = ANY ('{35625,1427427,6391010,2850004,3352637,2966838,7408844,6444359,9328066,6968555}'::integer[]))

table 8 : explain UPDATE sbtest8 set c=7 WHERE id IN ( 35625, 1427427, 6391010, 2850004, 3352637, 2966838, 7408844, 6444359, 9328066, 6968555)
	Update on sbtest8  (cost=0.43..48.53 rows=0 width=0)
	  ->  Index Scan using sbtest8_pkey on sbtest8  (cost=0.43..48.53 rows=10 width=490)
	        Index Cond: (id = ANY ('{35625,1427427,6391010,2850004,3352637,2966838,7408844,6444359,9328066,6968555}'::integer[]))

explain: for update-inlist :: explain UPDATE sbtest%d set c=7 WHERE id IN ( 4828660, 8843550, 3193762, 455183, 9033809, 9165344, 4042116, 2405281, 2324281, 69363)
explain: for update-inlist :: explain UPDATE sbtest%d set c=7 WHERE id IN ( 7027654, 1596227, 5008150, 3993201, 7595975, 4352247, 3260179, 5408889, 2636271, 5200431)
for update-inlist
table 1 : explain UPDATE sbtest1 set c=7 WHERE id IN ( 4828660, 8843550, 3193762, 455183, 9033809, 9165344, 4042116, 2405281, 2324281, 69363)
	Update on sbtest1  (cost=0.43..48.53 rows=0 width=0)
	  ->  Index Scan using sbtest1_pkey on sbtest1  (cost=0.43..48.53 rows=10 width=490)
	        Index Cond: (id = ANY ('{4828660,8843550,3193762,455183,9033809,9165344,4042116,2405281,2324281,69363}'::integer[]))

table 2 : explain UPDATE sbtest2 set c=7 WHERE id IN ( 4828660, 8843550, 3193762, 455183, 9033809, 9165344, 4042116, 2405281, 2324281, 69363)
	Update on sbtest2  (cost=0.43..48.53 rows=0 width=0)
	  ->  Index Scan using sbtest2_pkey on sbtest2  (cost=0.43..48.53 rows=10 width=490)
	        Index Cond: (id = ANY ('{4828660,8843550,3193762,455183,9033809,9165344,4042116,2405281,2324281,69363}'::integer[]))

table 3 : explain UPDATE sbtest3 set c=7 WHERE id IN ( 4828660, 8843550, 3193762, 455183, 9033809, 9165344, 4042116, 2405281, 2324281, 69363)
	Update on sbtest3  (cost=0.43..48.53 rows=0 width=0)
	  ->  Index Scan using sbtest3_pkey on sbtest3  (cost=0.43..48.53 rows=10 width=490)
	        Index Cond: (id = ANY ('{4828660,8843550,3193762,455183,9033809,9165344,4042116,2405281,2324281,69363}'::integer[]))

table 4 : explain UPDATE sbtest4 set c=7 WHERE id IN ( 4828660, 8843550, 3193762, 455183, 9033809, 9165344, 4042116, 2405281, 2324281, 69363)
	Update on sbtest4  (cost=0.43..48.53 rows=0 width=0)
	  ->  Index Scan using sbtest4_pkey on sbtest4  (cost=0.43..48.53 rows=10 width=490)
	        Index Cond: (id = ANY ('{4828660,8843550,3193762,455183,9033809,9165344,4042116,2405281,2324281,69363}'::integer[]))

table 5 : explain UPDATE sbtest5 set c=7 WHERE id IN ( 4828660, 8843550, 3193762, 455183, 9033809, 9165344, 4042116, 2405281, 2324281, 69363)
	Update on sbtest5  (cost=0.43..48.53 rows=0 width=0)
	  ->  Index Scan using sbtest5_pkey on sbtest5  (cost=0.43..48.53 rows=10 width=490)
	        Index Cond: (id = ANY ('{4828660,8843550,3193762,455183,9033809,9165344,4042116,2405281,2324281,69363}'::integer[]))

table 6 : explain UPDATE sbtest6 set c=7 WHERE id IN ( 4828660, 8843550, 3193762, 455183, 9033809, 9165344, 4042116, 2405281, 2324281, 69363)
	Update on sbtest6  (cost=0.43..48.53 rows=0 width=0)
	  ->  Index Scan using sbtest6_pkey on sbtest6  (cost=0.43..48.53 rows=10 width=490)
	        Index Cond: (id = ANY ('{4828660,8843550,3193762,455183,9033809,9165344,4042116,2405281,2324281,69363}'::integer[]))

table 7 : explain UPDATE sbtest7 set c=7 WHERE id IN ( 4828660, 8843550, 3193762, 455183, 9033809, 9165344, 4042116, 2405281, 2324281, 69363)
	Update on sbtest7  (cost=0.43..48.53 rows=0 width=0)
	  ->  Index Scan using sbtest7_pkey on sbtest7  (cost=0.43..48.53 rows=10 width=490)
	        Index Cond: (id = ANY ('{4828660,8843550,3193762,455183,9033809,9165344,4042116,2405281,2324281,69363}'::integer[]))

table 8 : explain UPDATE sbtest8 set c=7 WHERE id IN ( 4828660, 8843550, 3193762, 455183, 9033809, 9165344, 4042116, 2405281, 2324281, 69363)
	Update on sbtest8  (cost=0.43..48.53 rows=0 width=0)
	  ->  Index Scan using sbtest8_pkey on sbtest8  (cost=0.43..48.53 rows=10 width=490)
	        Index Cond: (id = ANY ('{4828660,8843550,3193762,455183,9033809,9165344,4042116,2405281,2324281,69363}'::integer[]))

for update-inlist
table 1 : explain UPDATE sbtest1 set c=7 WHERE id IN ( 7027654, 1596227, 5008150, 3993201, 7595975, 4352247, 3260179, 5408889, 2636271, 5200431)
	Update on sbtest1  (cost=0.43..48.53 rows=0 width=0)
	  ->  Index Scan using sbtest1_pkey on sbtest1  (cost=0.43..48.53 rows=10 width=490)
	        Index Cond: (id = ANY ('{7027654,1596227,5008150,3993201,7595975,4352247,3260179,5408889,2636271,5200431}'::integer[]))

table 2 : explain UPDATE sbtest2 set c=7 WHERE id IN ( 7027654, 1596227, 5008150, 3993201, 7595975, 4352247, 3260179, 5408889, 2636271, 5200431)
	Update on sbtest2  (cost=0.43..48.53 rows=0 width=0)
	  ->  Index Scan using sbtest2_pkey on sbtest2  (cost=0.43..48.53 rows=10 width=490)
	        Index Cond: (id = ANY ('{7027654,1596227,5008150,3993201,7595975,4352247,3260179,5408889,2636271,5200431}'::integer[]))

table 3 : explain UPDATE sbtest3 set c=7 WHERE id IN ( 7027654, 1596227, 5008150, 3993201, 7595975, 4352247, 3260179, 5408889, 2636271, 5200431)
	Update on sbtest3  (cost=0.43..48.53 rows=0 width=0)
	  ->  Index Scan using sbtest3_pkey on sbtest3  (cost=0.43..48.53 rows=10 width=490)
	        Index Cond: (id = ANY ('{7027654,1596227,5008150,3993201,7595975,4352247,3260179,5408889,2636271,5200431}'::integer[]))

table 4 : explain UPDATE sbtest4 set c=7 WHERE id IN ( 7027654, 1596227, 5008150, 3993201, 7595975, 4352247, 3260179, 5408889, 2636271, 5200431)
	Update on sbtest4  (cost=0.43..48.53 rows=0 width=0)
	  ->  Index Scan using sbtest4_pkey on sbtest4  (cost=0.43..48.53 rows=10 width=490)
	        Index Cond: (id = ANY ('{7027654,1596227,5008150,3993201,7595975,4352247,3260179,5408889,2636271,5200431}'::integer[]))

table 5 : explain UPDATE sbtest5 set c=7 WHERE id IN ( 7027654, 1596227, 5008150, 3993201, 7595975, 4352247, 3260179, 5408889, 2636271, 5200431)
	Update on sbtest5  (cost=0.43..48.53 rows=0 width=0)
	  ->  Index Scan using sbtest5_pkey on sbtest5  (cost=0.43..48.53 rows=10 width=490)
	        Index Cond: (id = ANY ('{7027654,1596227,5008150,3993201,7595975,4352247,3260179,5408889,2636271,5200431}'::integer[]))

table 6 : explain UPDATE sbtest6 set c=7 WHERE id IN ( 7027654, 1596227, 5008150, 3993201, 7595975, 4352247, 3260179, 5408889, 2636271, 5200431)
	Update on sbtest6  (cost=0.43..48.53 rows=0 width=0)
	  ->  Index Scan using sbtest6_pkey on sbtest6  (cost=0.43..48.53 rows=10 width=490)
	        Index Cond: (id = ANY ('{7027654,1596227,5008150,3993201,7595975,4352247,3260179,5408889,2636271,5200431}'::integer[]))

table 7 : explain UPDATE sbtest7 set c=7 WHERE id IN ( 7027654, 1596227, 5008150, 3993201, 7595975, 4352247, 3260179, 5408889, 2636271, 5200431)
	Update on sbtest7  (cost=0.43..48.53 rows=0 width=0)
	  ->  Index Scan using sbtest7_pkey on sbtest7  (cost=0.43..48.53 rows=10 width=490)
	        Index Cond: (id = ANY ('{7027654,1596227,5008150,3993201,7595975,4352247,3260179,5408889,2636271,5200431}'::integer[]))

table 8 : explain UPDATE sbtest8 set c=7 WHERE id IN ( 7027654, 1596227, 5008150, 3993201, 7595975, 4352247, 3260179, 5408889, 2636271, 5200431)
	Update on sbtest8  (cost=0.43..48.53 rows=0 width=0)
	  ->  Index Scan using sbtest8_pkey on sbtest8  (cost=0.43..48.53 rows=10 width=490)
	        Index Cond: (id = ANY ('{7027654,1596227,5008150,3993201,7595975,4352247,3260179,5408889,2636271,5200431}'::integer[]))

explain: for update-inlist :: explain UPDATE sbtest%d set c=7 WHERE id IN ( 6168171, 7756823, 5581691, 9665887, 2283357, 7721881, 7217409, 1748214, 7671927, 7500630)
explain: for update-inlist :: explain UPDATE sbtest%d set c=7 WHERE id IN ( 3763503, 7565836, 7848921, 2563333, 1067941, 6254401, 2672395, 528425, 2515333, 5823262)
for update-inlist
table 1 : explain UPDATE sbtest1 set c=7 WHERE id IN ( 6168171, 7756823, 5581691, 9665887, 2283357, 7721881, 7217409, 1748214, 7671927, 7500630)
	Update on sbtest1  (cost=0.43..48.53 rows=0 width=0)
	  ->  Index Scan using sbtest1_pkey on sbtest1  (cost=0.43..48.53 rows=10 width=490)
	        Index Cond: (id = ANY ('{6168171,7756823,5581691,9665887,2283357,7721881,7217409,1748214,7671927,7500630}'::integer[]))

table 2 : explain UPDATE sbtest2 set c=7 WHERE id IN ( 6168171, 7756823, 5581691, 9665887, 2283357, 7721881, 7217409, 1748214, 7671927, 7500630)
	Update on sbtest2  (cost=0.43..48.53 rows=0 width=0)
	  ->  Index Scan using sbtest2_pkey on sbtest2  (cost=0.43..48.53 rows=10 width=490)
	        Index Cond: (id = ANY ('{6168171,7756823,5581691,9665887,2283357,7721881,7217409,1748214,7671927,7500630}'::integer[]))

table 3 : explain UPDATE sbtest3 set c=7 WHERE id IN ( 6168171, 7756823, 5581691, 9665887, 2283357, 7721881, 7217409, 1748214, 7671927, 7500630)
	Update on sbtest3  (cost=0.43..48.53 rows=0 width=0)
	  ->  Index Scan using sbtest3_pkey on sbtest3  (cost=0.43..48.53 rows=10 width=490)
	        Index Cond: (id = ANY ('{6168171,7756823,5581691,9665887,2283357,7721881,7217409,1748214,7671927,7500630}'::integer[]))

table 4 : explain UPDATE sbtest4 set c=7 WHERE id IN ( 6168171, 7756823, 5581691, 9665887, 2283357, 7721881, 7217409, 1748214, 7671927, 7500630)
	Update on sbtest4  (cost=0.43..48.53 rows=0 width=0)
	  ->  Index Scan using sbtest4_pkey on sbtest4  (cost=0.43..48.53 rows=10 width=490)
	        Index Cond: (id = ANY ('{6168171,7756823,5581691,9665887,2283357,7721881,7217409,1748214,7671927,7500630}'::integer[]))

table 5 : explain UPDATE sbtest5 set c=7 WHERE id IN ( 6168171, 7756823, 5581691, 9665887, 2283357, 7721881, 7217409, 1748214, 7671927, 7500630)
	Update on sbtest5  (cost=0.43..48.53 rows=0 width=0)
	  ->  Index Scan using sbtest5_pkey on sbtest5  (cost=0.43..48.53 rows=10 width=490)
	        Index Cond: (id = ANY ('{6168171,7756823,5581691,9665887,2283357,7721881,7217409,1748214,7671927,7500630}'::integer[]))

table 6 : explain UPDATE sbtest6 set c=7 WHERE id IN ( 6168171, 7756823, 5581691, 9665887, 2283357, 7721881, 7217409, 1748214, 7671927, 7500630)
	Update on sbtest6  (cost=0.43..48.53 rows=0 width=0)
	  ->  Index Scan using sbtest6_pkey on sbtest6  (cost=0.43..48.53 rows=10 width=490)
	        Index Cond: (id = ANY ('{6168171,7756823,5581691,9665887,2283357,7721881,7217409,1748214,7671927,7500630}'::integer[]))

table 7 : explain UPDATE sbtest7 set c=7 WHERE id IN ( 6168171, 7756823, 5581691, 9665887, 2283357, 7721881, 7217409, 1748214, 7671927, 7500630)
	Update on sbtest7  (cost=0.43..48.53 rows=0 width=0)
	  ->  Index Scan using sbtest7_pkey on sbtest7  (cost=0.43..48.53 rows=10 width=490)
	        Index Cond: (id = ANY ('{6168171,7756823,5581691,9665887,2283357,7721881,7217409,1748214,7671927,7500630}'::integer[]))

table 8 : explain UPDATE sbtest8 set c=7 WHERE id IN ( 6168171, 7756823, 5581691, 9665887, 2283357, 7721881, 7217409, 1748214, 7671927, 7500630)
	Update on sbtest8  (cost=0.43..48.53 rows=0 width=0)
	  ->  Index Scan using sbtest8_pkey on sbtest8  (cost=0.43..48.53 rows=10 width=490)
	        Index Cond: (id = ANY ('{6168171,7756823,5581691,9665887,2283357,7721881,7217409,1748214,7671927,7500630}'::integer[]))

for update-inlist
table 1 : explain UPDATE sbtest1 set c=7 WHERE id IN ( 3763503, 7565836, 7848921, 2563333, 1067941, 6254401, 2672395, 528425, 2515333, 5823262)
	Update on sbtest1  (cost=0.43..48.53 rows=0 width=0)
	  ->  Index Scan using sbtest1_pkey on sbtest1  (cost=0.43..48.53 rows=10 width=490)
	        Index Cond: (id = ANY ('{3763503,7565836,7848921,2563333,1067941,6254401,2672395,528425,2515333,5823262}'::integer[]))

table 2 : explain UPDATE sbtest2 set c=7 WHERE id IN ( 3763503, 7565836, 7848921, 2563333, 1067941, 6254401, 2672395, 528425, 2515333, 5823262)
	Update on sbtest2  (cost=0.43..48.53 rows=0 width=0)
	  ->  Index Scan using sbtest2_pkey on sbtest2  (cost=0.43..48.53 rows=10 width=490)
	        Index Cond: (id = ANY ('{3763503,7565836,7848921,2563333,1067941,6254401,2672395,528425,2515333,5823262}'::integer[]))

table 3 : explain UPDATE sbtest3 set c=7 WHERE id IN ( 3763503, 7565836, 7848921, 2563333, 1067941, 6254401, 2672395, 528425, 2515333, 5823262)
	Update on sbtest3  (cost=0.43..48.53 rows=0 width=0)
	  ->  Index Scan using sbtest3_pkey on sbtest3  (cost=0.43..48.53 rows=10 width=490)
	        Index Cond: (id = ANY ('{3763503,7565836,7848921,2563333,1067941,6254401,2672395,528425,2515333,5823262}'::integer[]))

table 4 : explain UPDATE sbtest4 set c=7 WHERE id IN ( 3763503, 7565836, 7848921, 2563333, 1067941, 6254401, 2672395, 528425, 2515333, 5823262)
	Update on sbtest4  (cost=0.43..48.53 rows=0 width=0)
	  ->  Index Scan using sbtest4_pkey on sbtest4  (cost=0.43..48.53 rows=10 width=490)
	        Index Cond: (id = ANY ('{3763503,7565836,7848921,2563333,1067941,6254401,2672395,528425,2515333,5823262}'::integer[]))

table 5 : explain UPDATE sbtest5 set c=7 WHERE id IN ( 3763503, 7565836, 7848921, 2563333, 1067941, 6254401, 2672395, 528425, 2515333, 5823262)
	Update on sbtest5  (cost=0.43..48.53 rows=0 width=0)
	  ->  Index Scan using sbtest5_pkey on sbtest5  (cost=0.43..48.53 rows=10 width=490)
	        Index Cond: (id = ANY ('{3763503,7565836,7848921,2563333,1067941,6254401,2672395,528425,2515333,5823262}'::integer[]))

table 6 : explain UPDATE sbtest6 set c=7 WHERE id IN ( 3763503, 7565836, 7848921, 2563333, 1067941, 6254401, 2672395, 528425, 2515333, 5823262)
	Update on sbtest6  (cost=0.43..48.53 rows=0 width=0)
	  ->  Index Scan using sbtest6_pkey on sbtest6  (cost=0.43..48.53 rows=10 width=490)
	        Index Cond: (id = ANY ('{3763503,7565836,7848921,2563333,1067941,6254401,2672395,528425,2515333,5823262}'::integer[]))

table 7 : explain UPDATE sbtest7 set c=7 WHERE id IN ( 3763503, 7565836, 7848921, 2563333, 1067941, 6254401, 2672395, 528425, 2515333, 5823262)
	Update on sbtest7  (cost=0.43..48.53 rows=0 width=0)
	  ->  Index Scan using sbtest7_pkey on sbtest7  (cost=0.43..48.53 rows=10 width=490)
	        Index Cond: (id = ANY ('{3763503,7565836,7848921,2563333,1067941,6254401,2672395,528425,2515333,5823262}'::integer[]))

table 8 : explain UPDATE sbtest8 set c=7 WHERE id IN ( 3763503, 7565836, 7848921, 2563333, 1067941, 6254401, 2672395, 528425, 2515333, 5823262)
	Update on sbtest8  (cost=0.43..48.53 rows=0 width=0)
	  ->  Index Scan using sbtest8_pkey on sbtest8  (cost=0.43..48.53 rows=10 width=490)
	        Index Cond: (id = ANY ('{3763503,7565836,7848921,2563333,1067941,6254401,2672395,528425,2515333,5823262}'::integer[]))

Threads started!

Warming up for 5 seconds...

SQL statistics:
    queries performed:
        read:                            0
        write:                           114831347
        other:                           0
        total:                           114831347
    transactions:                        114831347 (123473.36 per sec.)
    queries:                             114831347 (123473.36 per sec.)
    ignored errors:                      0      (0.00 per sec.)
    reconnects:                          0      (0.00 per sec.)

Throughput:
    events/s (eps):                      123473.3585
    time elapsed:                        930.0092s
    total number of events:              114831347

Latency (ms):
         min:                                    0.11
         avg:                                    0.32
         max:                                  193.23
         95th percentile:                        0.50
         sum:                             37126752.03

Threads fairness:
    events (avg/stddev):           2870783.6750/19456.00
    execution time (avg/stddev):   928.1688/0.03

