LUA_PATH=/home/mdcallag/git/mytools/bench/sysbench.lua/lua/?.lua /home/mdcallag/git/mytools/bench/sysbench.lua/lua/sysbench --db-driver=pgsql --range-size=1000 --table-size=10000000 --tables=8 --threads=40 --events=0 --warmup-time=5 --time=630 --pgsql_conn_id=true /home/mdcallag/git/mytools/bench/sysbench.lua/lua/oltp_read_only.lua run --pgsql-user=root --pgsql-password=pw --pgsql-host=127.0.0.1 --pgsql-db=ib --rand-type=uniform --simple-ranges=1 --sum-ranges=0 --order-ranges=0 --distinct-ranges=0
48 CPUs
sysbench 1.1.0-9072687 (using bundled LuaJIT 2.1.0-beta3)

Running the test with following options:
Number of threads: 40
Warmup time: 5s
Initializing random number generator from current time


Initializing worker threads...

explain: for point_selects :: explain SELECT c FROM sbtest%u WHERE id=%u
explain: for point_selects :: explain SELECT c FROM sbtest%u WHERE id=%u
explain: for point_selects :: explain SELECT c FROM sbtest%u WHERE id=%u
explain: for point_selects :: explain SELECT c FROM sbtest%u WHERE id=%u
explain: for point_selects :: explain SELECT c FROM sbtest%u WHERE id=%u
explain: for point_selects :: explain SELECT c FROM sbtest%u WHERE id=%u
for point_selects
table 1 : explain SELECT c FROM sbtest1 WHERE id=7129334
	Index Scan using sbtest1_pkey on sbtest1  (cost=0.43..8.45 rows=1 width=121)
	  Index Cond: (id = 7129334)

table 2 : explain SELECT c FROM sbtest2 WHERE id=5911460
	Index Scan using sbtest2_pkey on sbtest2  (cost=0.43..8.45 rows=1 width=121)
	  Index Cond: (id = 5911460)

table 3 : explain SELECT c FROM sbtest3 WHERE id=1545130
	Index Scan using sbtest3_pkey on sbtest3  (cost=0.43..8.45 rows=1 width=121)
	  Index Cond: (id = 1545130)

table 4 : explain SELECT c FROM sbtest4 WHERE id=4147888
	Index Scan using sbtest4_pkey on sbtest4  (cost=0.43..8.45 rows=1 width=121)
	  Index Cond: (id = 4147888)

table 5 : explain SELECT c FROM sbtest5 WHERE id=7245419
	Index Scan using sbtest5_pkey on sbtest5  (cost=0.43..8.45 rows=1 width=121)
	  Index Cond: (id = 7245419)

table 6 : explain SELECT c FROM sbtest6 WHERE id=3735058
	Index Scan using sbtest6_pkey on sbtest6  (cost=0.43..8.45 rows=1 width=121)
	  Index Cond: (id = 3735058)

table 7 : explain SELECT c FROM sbtest7 WHERE id=4397849
	Index Scan using sbtest7_pkey on sbtest7  (cost=0.43..8.45 rows=1 width=121)
	  Index Cond: (id = 4397849)

table 8 : explain SELECT c FROM sbtest8 WHERE id=9627465
	Index Scan using sbtest8_pkey on sbtest8  (cost=0.43..8.45 rows=1 width=121)
	  Index Cond: (id = 9627465)

for point_selects
table 1 : explain SELECT c FROM sbtest1 WHERE id=5831342
	Index Scan using sbtest1_pkey on sbtest1  (cost=0.43..8.45 rows=1 width=121)
	  Index Cond: (id = 5831342)

table 2 : explain SELECT c FROM sbtest2 WHERE id=5797723
	Index Scan using sbtest2_pkey on sbtest2  (cost=0.43..8.45 rows=1 width=121)
	  Index Cond: (id = 5797723)

table 3 : explain SELECT c FROM sbtest3 WHERE id=5790933
	Index Scan using sbtest3_pkey on sbtest3  (cost=0.43..8.45 rows=1 width=121)
	  Index Cond: (id = 5790933)

table 4 : explain SELECT c FROM sbtest4 WHERE id=2445704
	Index Scan using sbtest4_pkey on sbtest4  (cost=0.43..8.45 rows=1 width=121)
	  Index Cond: (id = 2445704)

table 5 : explain SELECT c FROM sbtest5 WHERE id=8154406
	Index Scan using sbtest5_pkey on sbtest5  (cost=0.43..8.45 rows=1 width=121)
	  Index Cond: (id = 8154406)

table 6 : explain SELECT c FROM sbtest6 WHERE id=2029182
	Index Scan using sbtest6_pkey on sbtest6  (cost=0.43..8.45 rows=1 width=121)
	  Index Cond: (id = 2029182)

table 7 : explain SELECT c FROM sbtest7 WHERE id=7150221
	Index Scan using sbtest7_pkey on sbtest7  (cost=0.43..8.45 rows=1 width=121)
	  Index Cond: (id = 7150221)

table 8 : explain SELECT c FROM sbtest8 WHERE id=3468348
	Index Scan using sbtest8_pkey on sbtest8  (cost=0.43..8.45 rows=1 width=121)
	  Index Cond: (id = 3468348)

for point_selects
table 1 : explain SELECT c FROM sbtest1 WHERE id=7072046
	Index Scan using sbtest1_pkey on sbtest1  (cost=0.43..8.45 rows=1 width=121)
	  Index Cond: (id = 7072046)

table 2 : explain SELECT c FROM sbtest2 WHERE id=5761816
	Index Scan using sbtest2_pkey on sbtest2  (cost=0.43..8.45 rows=1 width=121)
	  Index Cond: (id = 5761816)

table 3 : explain SELECT c FROM sbtest3 WHERE id=3035354
	Index Scan using sbtest3_pkey on sbtest3  (cost=0.43..8.45 rows=1 width=121)
	  Index Cond: (id = 3035354)

table 4 : explain SELECT c FROM sbtest4 WHERE id=8446473
	Index Scan using sbtest4_pkey on sbtest4  (cost=0.43..8.45 rows=1 width=121)
	  Index Cond: (id = 8446473)

table 5 : explain SELECT c FROM sbtest5 WHERE id=2416112
	Index Scan using sbtest5_pkey on sbtest5  (cost=0.43..8.45 rows=1 width=121)
	  Index Cond: (id = 2416112)

table 6 : explain SELECT c FROM sbtest6 WHERE id=3293537
	Index Scan using sbtest6_pkey on sbtest6  (cost=0.43..8.45 rows=1 width=121)
	  Index Cond: (id = 3293537)

table 7 : explain SELECT c FROM sbtest7 WHERE id=7812894
	Index Scan using sbtest7_pkey on sbtest7  (cost=0.43..8.45 rows=1 width=121)
	  Index Cond: (id = 7812894)

table 8 : explain SELECT c FROM sbtest8 WHERE id=1327262
	Index Scan using sbtest8_pkey on sbtest8  (cost=0.43..8.45 rows=1 width=121)
	  Index Cond: (id = 1327262)

for: simple_ranges
table 1 : explain SELECT c FROM sbtest1 WHERE id BETWEEN 9424454 AND 9425453
	Bitmap Heap Scan on sbtest1  (cost=22.46..3776.20 rows=978 width=121)
	  Recheck Cond: ((id >= 9424454) AND (id <= 9425453))
	  ->  Bitmap Index Scan on sbtest1_pkey  (cost=0.00..22.21 rows=978 width=0)
	        Index Cond: ((id >= 9424454) AND (id <= 9425453))

table 2 : explain SELECT c FROM sbtest2 WHERE id BETWEEN 252052 AND 253051
	Bitmap Heap Scan on sbtest2  (cost=27.87..4295.07 rows=1116 width=121)
	  Recheck Cond: ((id >= 252052) AND (id <= 253051))
	  ->  Bitmap Index Scan on sbtest2_pkey  (cost=0.00..27.59 rows=1116 width=0)
	        Index Cond: ((id >= 252052) AND (id <= 253051))

table 3 : explain SELECT c FROM sbtest3 WHERE id BETWEEN 6420544 AND 6421543
	Bitmap Heap Scan on sbtest3  (cost=21.57..3448.46 rows=891 width=121)
	  Recheck Cond: ((id >= 6420544) AND (id <= 6421543))
	  ->  Bitmap Index Scan on sbtest3_pkey  (cost=0.00..21.34 rows=891 width=0)
	        Index Cond: ((id >= 6420544) AND (id <= 6421543))

table 4 : explain SELECT c FROM sbtest4 WHERE id BETWEEN 423716 AND 424715
	Bitmap Heap Scan on sbtest4  (cost=22.07..3633.68 rows=940 width=121)
	  Recheck Cond: ((id >= 423716) AND (id <= 424715))
	  ->  Bitmap Index Scan on sbtest4_pkey  (cost=0.00..21.83 rows=940 width=0)
	        Index Cond: ((id >= 423716) AND (id <= 424715))

table 5 : explain SELECT c FROM sbtest5 WHERE id BETWEEN 2570190 AND 2571189
	Bitmap Heap Scan on sbtest5  (cost=22.64..3844.84 rows=996 width=121)
	  Recheck Cond: ((id >= 2570190) AND (id <= 2571189))
	  ->  Bitmap Index Scan on sbtest5_pkey  (cost=0.00..22.39 rows=996 width=0)
	        Index Cond: ((id >= 2570190) AND (id <= 2571189))

table 6 : explain SELECT c FROM sbtest6 WHERE id BETWEEN 6985252 AND 6986251
	Bitmap Heap Scan on sbtest6  (cost=22.93..3951.26 rows=1024 width=121)
	  Recheck Cond: ((id >= 6985252) AND (id <= 6986251))
	  ->  Bitmap Index Scan on sbtest6_pkey  (cost=0.00..22.68 rows=1024 width=0)
	        Index Cond: ((id >= 6985252) AND (id <= 6986251))

table 7 : explain SELECT c FROM sbtest7 WHERE id BETWEEN 3798943 AND 3799942
	Bitmap Heap Scan on sbtest7  (cost=22.46..3777.64 rows=978 width=121)
	  Recheck Cond: ((id >= 3798943) AND (id <= 3799942))
	  ->  Bitmap Index Scan on sbtest7_pkey  (cost=0.00..22.21 rows=978 width=0)
	        Index Cond: ((id >= 3798943) AND (id <= 3799942))

table 8 : explain SELECT c FROM sbtest8 WHERE id BETWEEN 6406116 AND 6407115
	Bitmap Heap Scan on sbtest8  (cost=21.77..3525.87 rows=911 width=121)
	  Recheck Cond: ((id >= 6406116) AND (id <= 6407115))
	  ->  Bitmap Index Scan on sbtest8_pkey  (cost=0.00..21.54 rows=911 width=0)
	        Index Cond: ((id >= 6406116) AND (id <= 6407115))

for point_selects
table 1 : explain SELECT c FROM sbtest1 WHERE id=5709395
	Index Scan using sbtest1_pkey on sbtest1  (cost=0.43..8.45 rows=1 width=121)
	  Index Cond: (id = 5709395)

table 2 : explain SELECT c FROM sbtest2 WHERE id=3991284
	Index Scan using sbtest2_pkey on sbtest2  (cost=0.43..8.45 rows=1 width=121)
	  Index Cond: (id = 3991284)

table 3 : explain SELECT c FROM sbtest3 WHERE id=7198839
	Index Scan using sbtest3_pkey on sbtest3  (cost=0.43..8.45 rows=1 width=121)
	  Index Cond: (id = 7198839)

table 4 : explain SELECT c FROM sbtest4 WHERE id=4666439
	Index Scan using sbtest4_pkey on sbtest4  (cost=0.43..8.45 rows=1 width=121)
	  Index Cond: (id = 4666439)

table 5 : explain SELECT c FROM sbtest5 WHERE id=1021122
	Index Scan using sbtest5_pkey on sbtest5  (cost=0.43..8.45 rows=1 width=121)
	  Index Cond: (id = 1021122)

table 6 : explain SELECT c FROM sbtest6 WHERE id=7316965
	Index Scan using sbtest6_pkey on sbtest6  (cost=0.43..8.45 rows=1 width=121)
	  Index Cond: (id = 7316965)

table 7 : explain SELECT c FROM sbtest7 WHERE id=9014146
	Index Scan using sbtest7_pkey on sbtest7  (cost=0.43..8.45 rows=1 width=121)
	  Index Cond: (id = 9014146)

table 8 : explain SELECT c FROM sbtest8 WHERE id=104042
	Index Scan using sbtest8_pkey on sbtest8  (cost=0.43..8.45 rows=1 width=121)
	  Index Cond: (id = 104042)

for point_selects
table 1 : explain SELECT c FROM sbtest1 WHERE id=772544
	Index Scan using sbtest1_pkey on sbtest1  (cost=0.43..8.45 rows=1 width=121)
	  Index Cond: (id = 772544)

table 2 : explain SELECT c FROM sbtest2 WHERE id=5568615
	Index Scan using sbtest2_pkey on sbtest2  (cost=0.43..8.45 rows=1 width=121)
	  Index Cond: (id = 5568615)

table 3 : explain SELECT c FROM sbtest3 WHERE id=6951404
	Index Scan using sbtest3_pkey on sbtest3  (cost=0.43..8.45 rows=1 width=121)
	  Index Cond: (id = 6951404)

table 4 : explain SELECT c FROM sbtest4 WHERE id=4901891
	Index Scan using sbtest4_pkey on sbtest4  (cost=0.43..8.45 rows=1 width=121)
	  Index Cond: (id = 4901891)

table 5 : explain SELECT c FROM sbtest5 WHERE id=7830091
	Index Scan using sbtest5_pkey on sbtest5  (cost=0.43..8.45 rows=1 width=121)
	  Index Cond: (id = 7830091)

table 6 : explain SELECT c FROM sbtest6 WHERE id=5082103
	Index Scan using sbtest6_pkey on sbtest6  (cost=0.43..8.45 rows=1 width=121)
	  Index Cond: (id = 5082103)

table 7 : explain SELECT c FROM sbtest7 WHERE id=1490923
	Index Scan using sbtest7_pkey on sbtest7  (cost=0.43..8.45 rows=1 width=121)
	  Index Cond: (id = 1490923)

table 8 : explain SELECT c FROM sbtest8 WHERE id=925
	Index Scan using sbtest8_pkey on sbtest8  (cost=0.43..8.45 rows=1 width=121)
	  Index Cond: (id = 925)

for: simple_ranges
table 1 : explain SELECT c FROM sbtest1 WHERE id BETWEEN 6615410 AND 6616409
	Bitmap Heap Scan on sbtest1  (cost=21.89..3565.10 rows=922 width=121)
	  Recheck Cond: ((id >= 6615410) AND (id <= 6616409))
	  ->  Bitmap Index Scan on sbtest1_pkey  (cost=0.00..21.65 rows=922 width=0)
	        Index Cond: ((id >= 6615410) AND (id <= 6616409))

table 2 : explain SELECT c FROM sbtest2 WHERE id BETWEEN 1720595 AND 1721594
	Bitmap Heap Scan on sbtest2  (cost=22.59..3825.26 rows=991 width=121)
	  Recheck Cond: ((id >= 1720595) AND (id <= 1721594))
	  ->  Bitmap Index Scan on sbtest2_pkey  (cost=0.00..22.34 rows=991 width=0)
	        Index Cond: ((id >= 1720595) AND (id <= 1721594))

table 3 : explain SELECT c FROM sbtest3 WHERE id BETWEEN 1415211 AND 1416210
	Bitmap Heap Scan on sbtest3  (cost=22.27..3708.84 rows=960 width=121)
	  Recheck Cond: ((id >= 1415211) AND (id <= 1416210))
	  ->  Bitmap Index Scan on sbtest3_pkey  (cost=0.00..22.04 rows=960 width=0)
	        Index Cond: ((id >= 1415211) AND (id <= 1416210))

table 4 : explain SELECT c FROM sbtest4 WHERE id BETWEEN 6946884 AND 6947883
	Bitmap Heap Scan on sbtest4  (cost=22.75..3882.35 rows=1006 width=121)
	  Recheck Cond: ((id >= 6946884) AND (id <= 6947883))
	  ->  Bitmap Index Scan on sbtest4_pkey  (cost=0.00..22.50 rows=1006 width=0)
	        Index Cond: ((id >= 6946884) AND (id <= 6947883))

table 5 : explain SELECT c FROM sbtest5 WHERE id BETWEEN 3878285 AND 3879284
	Bitmap Heap Scan on sbtest5  (cost=22.94..3953.97 rows=1025 width=121)
	  Recheck Cond: ((id >= 3878285) AND (id <= 3879284))
	  ->  Bitmap Index Scan on sbtest5_pkey  (cost=0.00..22.68 rows=1025 width=0)
	        Index Cond: ((id >= 3878285) AND (id <= 3879284))

table 6 : explain SELECT c FROM sbtest6 WHERE id BETWEEN 9379719 AND 9380718
	Bitmap Heap Scan on sbtest6  (cost=21.78..3529.01 rows=912 width=121)
	  Recheck Cond: ((id >= 9379719) AND (id <= 9380718))
	  ->  Bitmap Index Scan on sbtest6_pkey  (cost=0.00..21.55 rows=912 width=0)
	        Index Cond: ((id >= 9379719) AND (id <= 9380718))

table 7 : explain SELECT c FROM sbtest7 WHERE id BETWEEN 9879669 AND 9880668
	Bitmap Heap Scan on sbtest7  (cost=22.94..3954.60 rows=1025 width=121)
	  Recheck Cond: ((id >= 9879669) AND (id <= 9880668))
	  ->  Bitmap Index Scan on sbtest7_pkey  (cost=0.00..22.68 rows=1025 width=0)
	        Index Cond: ((id >= 9879669) AND (id <= 9880668))

table 8 : explain SELECT c FROM sbtest8 WHERE id BETWEEN 5497755 AND 5498754
	Bitmap Heap Scan on sbtest8  (cost=22.65..3850.35 rows=997 width=121)
	  Recheck Cond: ((id >= 5497755) AND (id <= 5498754))
	  ->  Bitmap Index Scan on sbtest8_pkey  (cost=0.00..22.40 rows=997 width=0)
	        Index Cond: ((id >= 5497755) AND (id <= 5498754))

for: simple_ranges
table 1 : explain SELECT c FROM sbtest1 WHERE id BETWEEN 9195402 AND 9196401
	Bitmap Heap Scan on sbtest1  (cost=23.06..3998.16 rows=1037 width=121)
	  Recheck Cond: ((id >= 9195402) AND (id <= 9196401))
	  ->  Bitmap Index Scan on sbtest1_pkey  (cost=0.00..22.80 rows=1037 width=0)
	        Index Cond: ((id >= 9195402) AND (id <= 9196401))

table 2 : explain SELECT c FROM sbtest2 WHERE id BETWEEN 6563902 AND 6564901
	Bitmap Heap Scan on sbtest2  (cost=22.36..3738.65 rows=968 width=121)
	  Recheck Cond: ((id >= 6563902) AND (id <= 6564901))
	  ->  Bitmap Index Scan on sbtest2_pkey  (cost=0.00..22.11 rows=968 width=0)
	        Index Cond: ((id >= 6563902) AND (id <= 6564901))

table 3 : explain SELECT c FROM sbtest3 WHERE id BETWEEN 9126251 AND 9127250
	Bitmap Heap Scan on sbtest3  (cost=22.33..3727.69 rows=965 width=121)
	  Recheck Cond: ((id >= 9126251) AND (id <= 9127250))
	  ->  Bitmap Index Scan on sbtest3_pkey  (cost=0.00..22.08 rows=965 width=0)
	        Index Cond: ((id >= 9126251) AND (id <= 9127250))

table 4 : explain SELECT c FROM sbtest4 WHERE id BETWEEN 7689425 AND 7690424
	Bitmap Heap Scan on sbtest4  (cost=22.81..3904.93 rows=1012 width=121)
	  Recheck Cond: ((id >= 7689425) AND (id <= 7690424))
	  ->  Bitmap Index Scan on sbtest4_pkey  (cost=0.00..22.55 rows=1012 width=0)
	        Index Cond: ((id >= 7689425) AND (id <= 7690424))

table 5 : explain SELECT c FROM sbtest5 WHERE id BETWEEN 472175 AND 473174
	Bitmap Heap Scan on sbtest5  (cost=23.28..4078.01 rows=1058 width=121)
	  Recheck Cond: ((id >= 472175) AND (id <= 473174))
	  ->  Bitmap Index Scan on sbtest5_pkey  (cost=0.00..23.01 rows=1058 width=0)
	        Index Cond: ((id >= 472175) AND (id <= 473174))

table 6 : explain SELECT c FROM sbtest6 WHERE id BETWEEN 2343271 AND 2344270
	Bitmap Heap Scan on sbtest6  (cost=22.12..3653.59 rows=945 width=121)
	  Recheck Cond: ((id >= 2343271) AND (id <= 2344270))
	  ->  Bitmap Index Scan on sbtest6_pkey  (cost=0.00..21.89 rows=945 width=0)
	        Index Cond: ((id >= 2343271) AND (id <= 2344270))

table 7 : explain SELECT c FROM sbtest7 WHERE id BETWEEN 4162975 AND 4163974
	Bitmap Heap Scan on sbtest7  (cost=22.38..3747.49 rows=970 width=121)
	  Recheck Cond: ((id >= 4162975) AND (id <= 4163974))
	  ->  Bitmap Index Scan on sbtest7_pkey  (cost=0.00..22.14 rows=970 width=0)
	        Index Cond: ((id >= 4162975) AND (id <= 4163974))

table 8 : explain SELECT c FROM sbtest8 WHERE id BETWEEN 9538233 AND 9539232
	Bitmap Heap Scan on sbtest8  (cost=22.79..3899.31 rows=1010 width=121)
	  Recheck Cond: ((id >= 9538233) AND (id <= 9539232))
	  ->  Bitmap Index Scan on sbtest8_pkey  (cost=0.00..22.54 rows=1010 width=0)
	        Index Cond: ((id >= 9538233) AND (id <= 9539232))

explain: for point_selects :: explain SELECT c FROM sbtest%u WHERE id=%u
for: simple_ranges
table 1 : explain SELECT c FROM sbtest1 WHERE id BETWEEN 6686177 AND 6687176
	Bitmap Heap Scan on sbtest1  (cost=22.53..3802.56 rows=985 width=121)
	  Recheck Cond: ((id >= 6686177) AND (id <= 6687176))
	  ->  Bitmap Index Scan on sbtest1_pkey  (cost=0.00..22.29 rows=985 width=0)
	        Index Cond: ((id >= 6686177) AND (id <= 6687176))

table 2 : explain SELECT c FROM sbtest2 WHERE id BETWEEN 7158026 AND 7159025
	Bitmap Heap Scan on sbtest2  (cost=23.00..3975.73 rows=1031 width=121)
	  Recheck Cond: ((id >= 7158026) AND (id <= 7159025))
	  ->  Bitmap Index Scan on sbtest2_pkey  (cost=0.00..22.75 rows=1031 width=0)
	        Index Cond: ((id >= 7158026) AND (id <= 7159025))

table 3 : explain SELECT c FROM sbtest3 WHERE id BETWEEN 7176218 AND 7177217
	Bitmap Heap Scan on sbtest3  (cost=23.56..4178.95 rows=1085 width=121)
	  Recheck Cond: ((id >= 7176218) AND (id <= 7177217))
	  ->  Bitmap Index Scan on sbtest3_pkey  (cost=0.00..23.29 rows=1085 width=0)
	        Index Cond: ((id >= 7176218) AND (id <= 7177217))

table 4 : explain SELECT c FROM sbtest4 WHERE id BETWEEN 4799240 AND 4800239
	Bitmap Heap Scan on sbtest4  (cost=23.02..3983.91 rows=1033 width=121)
	  Recheck Cond: ((id >= 4799240) AND (id <= 4800239))
	  ->  Bitmap Index Scan on sbtest4_pkey  (cost=0.00..22.76 rows=1033 width=0)
	        Index Cond: ((id >= 4799240) AND (id <= 4800239))

table 5 : explain SELECT c FROM sbtest5 WHERE id BETWEEN 1374549 AND 1375548
	Bitmap Heap Scan on sbtest5  (cost=22.38..3746.91 rows=970 width=121)
	  Recheck Cond: ((id >= 1374549) AND (id <= 1375548))
	  ->  Bitmap Index Scan on sbtest5_pkey  (cost=0.00..22.14 rows=970 width=0)
	        Index Cond: ((id >= 1374549) AND (id <= 1375548))

table 6 : explain SELECT c FROM sbtest6 WHERE id BETWEEN 355159 AND 356158
	Bitmap Heap Scan on sbtest6  (cost=22.93..3951.26 rows=1024 width=121)
	  Recheck Cond: ((id >= 355159) AND (id <= 356158))
	  ->  Bitmap Index Scan on sbtest6_pkey  (cost=0.00..22.68 rows=1024 width=0)
	        Index Cond: ((id >= 355159) AND (id <= 356158))

table 7 : explain SELECT c FROM sbtest7 WHERE id BETWEEN 2873785 AND 2874784
	Bitmap Heap Scan on sbtest7  (cost=22.75..3883.09 rows=1006 width=121)
	  Recheck Cond: ((id >= 2873785) AND (id <= 2874784))
	  ->  Bitmap Index Scan on sbtest7_pkey  (cost=0.00..22.50 rows=1006 width=0)
	        Index Cond: ((id >= 2873785) AND (id <= 2874784))

table 8 : explain SELECT c FROM sbtest8 WHERE id BETWEEN 4404420 AND 4405419
	Bitmap Heap Scan on sbtest8  (cost=21.74..3514.53 rows=908 width=121)
	  Recheck Cond: ((id >= 4404420) AND (id <= 4405419))
	  ->  Bitmap Index Scan on sbtest8_pkey  (cost=0.00..21.51 rows=908 width=0)
	        Index Cond: ((id >= 4404420) AND (id <= 4405419))

for: simple_ranges
table 1 : explain SELECT c FROM sbtest1 WHERE id BETWEEN 4774065 AND 4775064
	Bitmap Heap Scan on sbtest1  (cost=23.32..4092.08 rows=1062 width=121)
	  Recheck Cond: ((id >= 4774065) AND (id <= 4775064))
	  ->  Bitmap Index Scan on sbtest1_pkey  (cost=0.00..23.05 rows=1062 width=0)
	        Index Cond: ((id >= 4774065) AND (id <= 4775064))

table 2 : explain SELECT c FROM sbtest2 WHERE id BETWEEN 5381752 AND 5382751
	Bitmap Heap Scan on sbtest2  (cost=22.60..3829.03 rows=992 width=121)
	  Recheck Cond: ((id >= 5381752) AND (id <= 5382751))
	  ->  Bitmap Index Scan on sbtest2_pkey  (cost=0.00..22.36 rows=992 width=0)
	        Index Cond: ((id >= 5381752) AND (id <= 5382751))

table 3 : explain SELECT c FROM sbtest3 WHERE id BETWEEN 4735043 AND 4736042
	Bitmap Heap Scan on sbtest3  (cost=22.59..3825.62 rows=991 width=121)
	  Recheck Cond: ((id >= 4735043) AND (id <= 4736042))
	  ->  Bitmap Index Scan on sbtest3_pkey  (cost=0.00..22.34 rows=991 width=0)
	        Index Cond: ((id >= 4735043) AND (id <= 4736042))

table 4 : explain SELECT c FROM sbtest4 WHERE id BETWEEN 6450787 AND 6451786
	Bitmap Heap Scan on sbtest4  (cost=22.72..3871.06 rows=1003 width=121)
	  Recheck Cond: ((id >= 6450787) AND (id <= 6451786))
	  ->  Bitmap Index Scan on sbtest4_pkey  (cost=0.00..22.46 rows=1003 width=0)
	        Index Cond: ((id >= 6450787) AND (id <= 6451786))

table 5 : explain SELECT c FROM sbtest5 WHERE id BETWEEN 3384841 AND 3385840
	Bitmap Heap Scan on sbtest5  (cost=22.61..3833.55 rows=993 width=121)
	  Recheck Cond: ((id >= 3384841) AND (id <= 3385840))
	  ->  Bitmap Index Scan on sbtest5_pkey  (cost=0.00..22.36 rows=993 width=0)
	        Index Cond: ((id >= 3384841) AND (id <= 3385840))

table 6 : explain SELECT c FROM sbtest6 WHERE id BETWEEN 9608485 AND 9609484
	Bitmap Heap Scan on sbtest6  (cost=22.06..3630.95 rows=939 width=121)
	  Recheck Cond: ((id >= 9608485) AND (id <= 9609484))
	  ->  Bitmap Index Scan on sbtest6_pkey  (cost=0.00..21.82 rows=939 width=0)
	        Index Cond: ((id >= 9608485) AND (id <= 9609484))

table 7 : explain SELECT c FROM sbtest7 WHERE id BETWEEN 9614303 AND 9615302
	Bitmap Heap Scan on sbtest7  (cost=23.46..4146.29 rows=1076 width=121)
	  Recheck Cond: ((id >= 9614303) AND (id <= 9615302))
	  ->  Bitmap Index Scan on sbtest7_pkey  (cost=0.00..23.19 rows=1076 width=0)
	        Index Cond: ((id >= 9614303) AND (id <= 9615302))

table 8 : explain SELECT c FROM sbtest8 WHERE id BETWEEN 5253357 AND 5254356
	Bitmap Heap Scan on sbtest8  (cost=22.36..3741.04 rows=968 width=121)
	  Recheck Cond: ((id >= 5253357) AND (id <= 5254356))
	  ->  Bitmap Index Scan on sbtest8_pkey  (cost=0.00..22.11 rows=968 width=0)
	        Index Cond: ((id >= 5253357) AND (id <= 5254356))

explain: for point_selects :: explain SELECT c FROM sbtest%u WHERE id=%u
for point_selects
table 1 : explain SELECT c FROM sbtest1 WHERE id=9374227
	Index Scan using sbtest1_pkey on sbtest1  (cost=0.43..8.45 rows=1 width=121)
	  Index Cond: (id = 9374227)

table 2 : explain SELECT c FROM sbtest2 WHERE id=3060105
	Index Scan using sbtest2_pkey on sbtest2  (cost=0.43..8.45 rows=1 width=121)
	  Index Cond: (id = 3060105)

table 3 : explain SELECT c FROM sbtest3 WHERE id=8779334
	Index Scan using sbtest3_pkey on sbtest3  (cost=0.43..8.45 rows=1 width=121)
	  Index Cond: (id = 8779334)

table 4 : explain SELECT c FROM sbtest4 WHERE id=1658688
	Index Scan using sbtest4_pkey on sbtest4  (cost=0.43..8.45 rows=1 width=121)
	  Index Cond: (id = 1658688)

table 5 : explain SELECT c FROM sbtest5 WHERE id=7404700
	Index Scan using sbtest5_pkey on sbtest5  (cost=0.43..8.45 rows=1 width=121)
	  Index Cond: (id = 7404700)

table 6 : explain SELECT c FROM sbtest6 WHERE id=1597423
	Index Scan using sbtest6_pkey on sbtest6  (cost=0.43..8.45 rows=1 width=121)
	  Index Cond: (id = 1597423)

table 7 : explain SELECT c FROM sbtest7 WHERE id=9029680
	Index Scan using sbtest7_pkey on sbtest7  (cost=0.43..8.45 rows=1 width=121)
	  Index Cond: (id = 9029680)

table 8 : explain SELECT c FROM sbtest8 WHERE id=1016025
	Index Scan using sbtest8_pkey on sbtest8  (cost=0.43..8.45 rows=1 width=121)
	  Index Cond: (id = 1016025)

explain: for point_selects :: explain SELECT c FROM sbtest%u WHERE id=%u
for: sum_ranges
table 1 : explain SELECT SUM(k) FROM sbtest1 WHERE id BETWEEN 9552256 AND 9553255
	Aggregate  (cost=4023.32..4023.33 rows=1 width=8)
	  ->  Bitmap Heap Scan on sbtest1  (cost=23.13..4020.71 rows=1043 width=4)
	        Recheck Cond: ((id >= 9552256) AND (id <= 9553255))
	        ->  Bitmap Index Scan on sbtest1_pkey  (cost=0.00..22.86 rows=1043 width=0)
	              Index Cond: ((id >= 9552256) AND (id <= 9553255))

table 2 : explain SELECT SUM(k) FROM sbtest2 WHERE id BETWEEN 6006771 AND 6007770
	Aggregate  (cost=4185.03..4185.04 rows=1 width=8)
	  ->  Bitmap Heap Scan on sbtest2  (cost=23.58..4182.31 rows=1087 width=4)
	        Recheck Cond: ((id >= 6006771) AND (id <= 6007770))
	        ->  Bitmap Index Scan on sbtest2_pkey  (cost=0.00..23.30 rows=1087 width=0)
	              Index Cond: ((id >= 6006771) AND (id <= 6007770))

table 3 : explain SELECT SUM(k) FROM sbtest3 WHERE id BETWEEN 6499904 AND 6500903
	Aggregate  (cost=3450.69..3450.70 rows=1 width=8)
	  ->  Bitmap Heap Scan on sbtest3  (cost=21.57..3448.46 rows=891 width=4)
	        Recheck Cond: ((id >= 6499904) AND (id <= 6500903))
	        ->  Bitmap Index Scan on sbtest3_pkey  (cost=0.00..21.34 rows=891 width=0)
	              Index Cond: ((id >= 6499904) AND (id <= 6500903))

table 4 : explain SELECT SUM(k) FROM sbtest4 WHERE id BETWEEN 5110594 AND 5111593
	Aggregate  (cost=3752.98..3752.99 rows=1 width=8)
	  ->  Bitmap Heap Scan on sbtest4  (cost=22.39..3750.55 rows=971 width=4)
	        Recheck Cond: ((id >= 5110594) AND (id <= 5111593))
	        ->  Bitmap Index Scan on sbtest4_pkey  (cost=0.00..22.14 rows=971 width=0)
	              Index Cond: ((id >= 5110594) AND (id <= 5111593))

table 5 : explain SELECT SUM(k) FROM sbtest5 WHERE id BETWEEN 8617777 AND 8618776
	Aggregate  (cost=3922.65..3922.66 rows=1 width=8)
	  ->  Bitmap Heap Scan on sbtest5  (cost=22.85..3920.11 rows=1016 width=4)
	        Recheck Cond: ((id >= 8617777) AND (id <= 8618776))
	        ->  Bitmap Index Scan on sbtest5_pkey  (cost=0.00..22.59 rows=1016 width=0)
	              Index Cond: ((id >= 8617777) AND (id <= 8618776))

table 6 : explain SELECT SUM(k) FROM sbtest6 WHERE id BETWEEN 2569442 AND 2570441
	Aggregate  (cost=3942.52..3942.53 rows=1 width=8)
	  ->  Bitmap Heap Scan on sbtest6  (cost=22.90..3939.97 rows=1021 width=4)
	        Recheck Cond: ((id >= 2569442) AND (id <= 2570441))
	        ->  Bitmap Index Scan on sbtest6_pkey  (cost=0.00..22.64 rows=1021 width=0)
	              Index Cond: ((id >= 2569442) AND (id <= 2570441))

table 7 : explain SELECT SUM(k) FROM sbtest7 WHERE id BETWEEN 7691563 AND 7692562
	Aggregate  (cost=3783.85..3783.86 rows=1 width=8)
	  ->  Bitmap Heap Scan on sbtest7  (cost=22.47..3781.41 rows=979 width=4)
	        Recheck Cond: ((id >= 7691563) AND (id <= 7692562))
	        ->  Bitmap Index Scan on sbtest7_pkey  (cost=0.00..22.22 rows=979 width=0)
	              Index Cond: ((id >= 7691563) AND (id <= 7692562))

table 8 : explain SELECT SUM(k) FROM sbtest8 WHERE id BETWEEN 3209255 AND 3210254
	Aggregate  (cost=3988.47..3988.48 rows=1 width=8)
	  ->  Bitmap Heap Scan on sbtest8  (cost=23.02..3985.89 rows=1033 width=4)
	        Recheck Cond: ((id >= 3209255) AND (id <= 3210254))
	        ->  Bitmap Index Scan on sbtest8_pkey  (cost=0.00..22.76 rows=1033 width=0)
	              Index Cond: ((id >= 3209255) AND (id <= 3210254))

for point_selects
table 1 : explain SELECT c FROM sbtest1 WHERE id=7997483
	Index Scan using sbtest1_pkey on sbtest1  (cost=0.43..8.45 rows=1 width=121)
	  Index Cond: (id = 7997483)

table 2 : explain SELECT c FROM sbtest2 WHERE id=8289792
	Index Scan using sbtest2_pkey on sbtest2  (cost=0.43..8.45 rows=1 width=121)
	  Index Cond: (id = 8289792)

table 3 : explain SELECT c FROM sbtest3 WHERE id=4271740
	Index Scan using sbtest3_pkey on sbtest3  (cost=0.43..8.45 rows=1 width=121)
	  Index Cond: (id = 4271740)

table 4 : explain SELECT c FROM sbtest4 WHERE id=1032809
	Index Scan using sbtest4_pkey on sbtest4  (cost=0.43..8.45 rows=1 width=121)
	  Index Cond: (id = 1032809)

table 5 : explain SELECT c FROM sbtest5 WHERE id=9223028
	Index Scan using sbtest5_pkey on sbtest5  (cost=0.43..8.45 rows=1 width=121)
	  Index Cond: (id = 9223028)

table 6 : explain SELECT c FROM sbtest6 WHERE id=8617979
	Index Scan using sbtest6_pkey on sbtest6  (cost=0.43..8.45 rows=1 width=121)
	  Index Cond: (id = 8617979)

table 7 : explain SELECT c FROM sbtest7 WHERE id=2085841
	Index Scan using sbtest7_pkey on sbtest7  (cost=0.43..8.45 rows=1 width=121)
	  Index Cond: (id = 2085841)

table 8 : explain SELECT c FROM sbtest8 WHERE id=6668106
	Index Scan using sbtest8_pkey on sbtest8  (cost=0.43..8.45 rows=1 width=121)
	  Index Cond: (id = 6668106)

for point_selects
table 1 : explain SELECT c FROM sbtest1 WHERE id=736769
	Index Scan using sbtest1_pkey on sbtest1  (cost=0.43..8.45 rows=1 width=121)
	  Index Cond: (id = 736769)

table 2 : explain SELECT c FROM sbtest2 WHERE id=4830022
	Index Scan using sbtest2_pkey on sbtest2  (cost=0.43..8.45 rows=1 width=121)
	  Index Cond: (id = 4830022)

table 3 : explain SELECT c FROM sbtest3 WHERE id=3559767
	Index Scan using sbtest3_pkey on sbtest3  (cost=0.43..8.45 rows=1 width=121)
	  Index Cond: (id = 3559767)

table 4 : explain SELECT c FROM sbtest4 WHERE id=2510821
	Index Scan using sbtest4_pkey on sbtest4  (cost=0.43..8.45 rows=1 width=121)
	  Index Cond: (id = 2510821)

table 5 : explain SELECT c FROM sbtest5 WHERE id=2184264
	Index Scan using sbtest5_pkey on sbtest5  (cost=0.43..8.45 rows=1 width=121)
	  Index Cond: (id = 2184264)

table 6 : explain SELECT c FROM sbtest6 WHERE id=7223933
	Index Scan using sbtest6_pkey on sbtest6  (cost=0.43..8.45 rows=1 width=121)
	  Index Cond: (id = 7223933)

table 7 : explain SELECT c FROM sbtest7 WHERE id=7211080
	Index Scan using sbtest7_pkey on sbtest7  (cost=0.43..8.45 rows=1 width=121)
	  Index Cond: (id = 7211080)

table 8 : explain SELECT c FROM sbtest8 WHERE id=365923
	Index Scan using sbtest8_pkey on sbtest8  (cost=0.43..8.45 rows=1 width=121)
	  Index Cond: (id = 365923)

for: sum_ranges
table 1 : explain SELECT SUM(k) FROM sbtest1 WHERE id BETWEEN 924733 AND 925732
	Aggregate  (cost=3756.04..3756.05 rows=1 width=8)
	  ->  Bitmap Heap Scan on sbtest1  (cost=22.40..3753.61 rows=972 width=4)
	        Recheck Cond: ((id >= 924733) AND (id <= 925732))
	        ->  Bitmap Index Scan on sbtest1_pkey  (cost=0.00..22.15 rows=972 width=0)
	              Index Cond: ((id >= 924733) AND (id <= 925732))

table 2 : explain SELECT SUM(k) FROM sbtest2 WHERE id BETWEEN 8465607 AND 8466606
	Aggregate  (cost=3741.07..3741.08 rows=1 width=8)
	  ->  Bitmap Heap Scan on sbtest2  (cost=22.36..3738.65 rows=968 width=4)
	        Recheck Cond: ((id >= 8465607) AND (id <= 8466606))
	        ->  Bitmap Index Scan on sbtest2_pkey  (cost=0.00..22.11 rows=968 width=0)
	              Index Cond: ((id >= 8465607) AND (id <= 8466606))

table 3 : explain SELECT SUM(k) FROM sbtest3 WHERE id BETWEEN 5231209 AND 5232208
	Aggregate  (cost=3865.76..3865.77 rows=1 width=8)
	  ->  Bitmap Heap Scan on sbtest3  (cost=22.70..3863.26 rows=1001 width=4)
	        Recheck Cond: ((id >= 5231209) AND (id <= 5232208))
	        ->  Bitmap Index Scan on sbtest3_pkey  (cost=0.00..22.44 rows=1001 width=0)
	              Index Cond: ((id >= 5231209) AND (id <= 5232208))

table 4 : explain SELECT SUM(k) FROM sbtest4 WHERE id BETWEEN 6013393 AND 6014392
	Aggregate  (cost=4373.62..4373.63 rows=1 width=8)
	  ->  Bitmap Heap Scan on sbtest4  (cost=28.08..4370.78 rows=1136 width=4)
	        Recheck Cond: ((id >= 6013393) AND (id <= 6014392))
	        ->  Bitmap Index Scan on sbtest4_pkey  (cost=0.00..27.79 rows=1136 width=0)
	              Index Cond: ((id >= 6013393) AND (id <= 6014392))

table 5 : explain SELECT SUM(k) FROM sbtest5 WHERE id BETWEEN 5408092 AND 5409091
	Aggregate  (cost=3933.94..3933.95 rows=1 width=8)
	  ->  Bitmap Heap Scan on sbtest5  (cost=22.88..3931.40 rows=1019 width=4)
	        Recheck Cond: ((id >= 5408092) AND (id <= 5409091))
	        ->  Bitmap Index Scan on sbtest5_pkey  (cost=0.00..22.62 rows=1019 width=0)
	              Index Cond: ((id >= 5408092) AND (id <= 5409091))

table 6 : explain SELECT SUM(k) FROM sbtest6 WHERE id BETWEEN 5601727 AND 5602726
	Aggregate  (cost=3893.56..3893.57 rows=1 width=8)
	  ->  Bitmap Heap Scan on sbtest6  (cost=22.77..3891.04 rows=1008 width=4)
	        Recheck Cond: ((id >= 5601727) AND (id <= 5602726))
	        ->  Bitmap Index Scan on sbtest6_pkey  (cost=0.00..22.51 rows=1008 width=0)
	              Index Cond: ((id >= 5601727) AND (id <= 5602726))

table 7 : explain SELECT SUM(k) FROM sbtest7 WHERE id BETWEEN 867159 AND 868158
	Aggregate  (cost=3836.63..3836.64 rows=1 width=8)
	  ->  Bitmap Heap Scan on sbtest7  (cost=22.61..3834.15 rows=993 width=4)
	        Recheck Cond: ((id >= 867159) AND (id <= 868158))
	        ->  Bitmap Index Scan on sbtest7_pkey  (cost=0.00..22.36 rows=993 width=0)
	              Index Cond: ((id >= 867159) AND (id <= 868158))

table 8 : explain SELECT SUM(k) FROM sbtest8 WHERE id BETWEEN 3545814 AND 3546813
	Aggregate  (cost=3800.05..3800.06 rows=1 width=8)
	  ->  Bitmap Heap Scan on sbtest8  (cost=22.51..3797.59 rows=983 width=4)
	        Recheck Cond: ((id >= 3545814) AND (id <= 3546813))
	        ->  Bitmap Index Scan on sbtest8_pkey  (cost=0.00..22.26 rows=983 width=0)
	              Index Cond: ((id >= 3545814) AND (id <= 3546813))

for: simple_ranges
table 1 : explain SELECT c FROM sbtest1 WHERE id BETWEEN 2769666 AND 2770665
	Bitmap Heap Scan on sbtest1  (cost=23.12..4016.95 rows=1042 width=121)
	  Recheck Cond: ((id >= 2769666) AND (id <= 2770665))
	  ->  Bitmap Index Scan on sbtest1_pkey  (cost=0.00..22.86 rows=1042 width=0)
	        Index Cond: ((id >= 2769666) AND (id <= 2770665))

table 2 : explain SELECT c FROM sbtest2 WHERE id BETWEEN 8817457 AND 8818456
	Bitmap Heap Scan on sbtest2  (cost=22.49..3787.61 rows=981 width=121)
	  Recheck Cond: ((id >= 8817457) AND (id <= 8818456))
	  ->  Bitmap Index Scan on sbtest2_pkey  (cost=0.00..22.25 rows=981 width=0)
	        Index Cond: ((id >= 8817457) AND (id <= 8818456))

table 3 : explain SELECT c FROM sbtest3 WHERE id BETWEEN 3558646 AND 3559645
	Bitmap Heap Scan on sbtest3  (cost=21.94..3584.39 rows=927 width=121)
	  Recheck Cond: ((id >= 3558646) AND (id <= 3559645))
	  ->  Bitmap Index Scan on sbtest3_pkey  (cost=0.00..21.70 rows=927 width=0)
	        Index Cond: ((id >= 3558646) AND (id <= 3559645))

table 4 : explain SELECT c FROM sbtest4 WHERE id BETWEEN 7533897 AND 7534896
	Bitmap Heap Scan on sbtest4  (cost=22.16..3667.63 rows=949 width=121)
	  Recheck Cond: ((id >= 7533897) AND (id <= 7534896))
	  ->  Bitmap Index Scan on sbtest4_pkey  (cost=0.00..21.93 rows=949 width=0)
	        Index Cond: ((id >= 7533897) AND (id <= 7534896))

table 5 : explain SELECT c FROM sbtest5 WHERE id BETWEEN 5059726 AND 5060725
	Bitmap Heap Scan on sbtest5  (cost=21.67..3486.58 rows=901 width=121)
	  Recheck Cond: ((id >= 5059726) AND (id <= 5060725))
	  ->  Bitmap Index Scan on sbtest5_pkey  (cost=0.00..21.44 rows=901 width=0)
	        Index Cond: ((id >= 5059726) AND (id <= 5060725))

table 6 : explain SELECT c FROM sbtest6 WHERE id BETWEEN 743549 AND 744548
	Bitmap Heap Scan on sbtest6  (cost=23.17..4037.76 rows=1047 width=121)
	  Recheck Cond: ((id >= 743549) AND (id <= 744548))
	  ->  Bitmap Index Scan on sbtest6_pkey  (cost=0.00..22.90 rows=1047 width=0)
	        Index Cond: ((id >= 743549) AND (id <= 744548))

table 7 : explain SELECT c FROM sbtest7 WHERE id BETWEEN 4484759 AND 4485758
	Bitmap Heap Scan on sbtest7  (cost=22.57..3819.08 rows=989 width=121)
	  Recheck Cond: ((id >= 4484759) AND (id <= 4485758))
	  ->  Bitmap Index Scan on sbtest7_pkey  (cost=0.00..22.32 rows=989 width=0)
	        Index Cond: ((id >= 4484759) AND (id <= 4485758))

table 8 : explain SELECT c FROM sbtest8 WHERE id BETWEEN 6551365 AND 6552364
	Bitmap Heap Scan on sbtest8  (cost=22.67..3857.88 rows=999 width=121)
	  Recheck Cond: ((id >= 6551365) AND (id <= 6552364))
	  ->  Bitmap Index Scan on sbtest8_pkey  (cost=0.00..22.43 rows=999 width=0)
	        Index Cond: ((id >= 6551365) AND (id <= 6552364))

for point_selects
table 1 : explain SELECT c FROM sbtest1 WHERE id=4902977
	Index Scan using sbtest1_pkey on sbtest1  (cost=0.43..8.45 rows=1 width=121)
	  Index Cond: (id = 4902977)

table 2 : explain SELECT c FROM sbtest2 WHERE id=2644374
	Index Scan using sbtest2_pkey on sbtest2  (cost=0.43..8.45 rows=1 width=121)
	  Index Cond: (id = 2644374)

table 3 : explain SELECT c FROM sbtest3 WHERE id=220998
	Index Scan using sbtest3_pkey on sbtest3  (cost=0.43..8.45 rows=1 width=121)
	  Index Cond: (id = 220998)

table 4 : explain SELECT c FROM sbtest4 WHERE id=7428920
	Index Scan using sbtest4_pkey on sbtest4  (cost=0.43..8.45 rows=1 width=121)
	  Index Cond: (id = 7428920)

table 5 : explain SELECT c FROM sbtest5 WHERE id=1997166
	Index Scan using sbtest5_pkey on sbtest5  (cost=0.43..8.45 rows=1 width=121)
	  Index Cond: (id = 1997166)

table 6 : explain SELECT c FROM sbtest6 WHERE id=626151
	Index Scan using sbtest6_pkey on sbtest6  (cost=0.43..8.45 rows=1 width=121)
	  Index Cond: (id = 626151)

table 7 : explain SELECT c FROM sbtest7 WHERE id=6209881
	Index Scan using sbtest7_pkey on sbtest7  (cost=0.43..8.45 rows=1 width=121)
	  Index Cond: (id = 6209881)

table 8 : explain SELECT c FROM sbtest8 WHERE id=1620916
	Index Scan using sbtest8_pkey on sbtest8  (cost=0.43..8.45 rows=1 width=121)
	  Index Cond: (id = 1620916)

explain: for point_selects :: explain SELECT c FROM sbtest%u WHERE id=%u
for: simple_ranges
table 1 : explain SELECT c FROM sbtest1 WHERE id BETWEEN 6414942 AND 6415941
	Bitmap Heap Scan on sbtest1  (cost=22.80..3900.41 rows=1011 width=121)
	  Recheck Cond: ((id >= 6414942) AND (id <= 6415941))
	  ->  Bitmap Index Scan on sbtest1_pkey  (cost=0.00..22.54 rows=1011 width=0)
	        Index Cond: ((id >= 6414942) AND (id <= 6415941))

table 2 : explain SELECT c FROM sbtest2 WHERE id BETWEEN 2880680 AND 2881679
	Bitmap Heap Scan on sbtest2  (cost=22.16..3667.04 rows=949 width=121)
	  Recheck Cond: ((id >= 2880680) AND (id <= 2881679))
	  ->  Bitmap Index Scan on sbtest2_pkey  (cost=0.00..21.93 rows=949 width=0)
	        Index Cond: ((id >= 2880680) AND (id <= 2881679))

table 3 : explain SELECT c FROM sbtest3 WHERE id BETWEEN 3165238 AND 3166237
	Bitmap Heap Scan on sbtest3  (cost=22.48..3784.20 rows=980 width=121)
	  Recheck Cond: ((id >= 3165238) AND (id <= 3166237))
	  ->  Bitmap Index Scan on sbtest3_pkey  (cost=0.00..22.23 rows=980 width=0)
	        Index Cond: ((id >= 3165238) AND (id <= 3166237))

table 4 : explain SELECT c FROM sbtest4 WHERE id BETWEEN 9921666 AND 9922665
	Bitmap Heap Scan on sbtest4  (cost=27.70..4232.06 rows=1099 width=121)
	  Recheck Cond: ((id >= 9921666) AND (id <= 9922665))
	  ->  Bitmap Index Scan on sbtest4_pkey  (cost=0.00..27.43 rows=1099 width=0)
	        Index Cond: ((id >= 9921666) AND (id <= 9922665))

table 5 : explain SELECT c FROM sbtest5 WHERE id BETWEEN 4812216 AND 4813215
	Bitmap Heap Scan on sbtest5  (cost=21.81..3539.45 rows=915 width=121)
	  Recheck Cond: ((id >= 4812216) AND (id <= 4813215))
	  ->  Bitmap Index Scan on sbtest5_pkey  (cost=0.00..21.58 rows=915 width=0)
	        Index Cond: ((id >= 4812216) AND (id <= 4813215))

table 6 : explain SELECT c FROM sbtest6 WHERE id BETWEEN 3202742 AND 3203741
	Bitmap Heap Scan on sbtest6  (cost=22.05..3627.18 rows=938 width=121)
	  Recheck Cond: ((id >= 3202742) AND (id <= 3203741))
	  ->  Bitmap Index Scan on sbtest6_pkey  (cost=0.00..21.82 rows=938 width=0)
	        Index Cond: ((id >= 3202742) AND (id <= 3203741))

table 7 : explain SELECT c FROM sbtest7 WHERE id BETWEEN 9040656 AND 9041655
	Bitmap Heap Scan on sbtest7  (cost=22.82..3909.44 rows=1013 width=121)
	  Recheck Cond: ((id >= 9040656) AND (id <= 9041655))
	  ->  Bitmap Index Scan on sbtest7_pkey  (cost=0.00..22.57 rows=1013 width=0)
	        Index Cond: ((id >= 9040656) AND (id <= 9041655))

table 8 : explain SELECT c FROM sbtest8 WHERE id BETWEEN 9481615 AND 9482614
	Bitmap Heap Scan on sbtest8  (cost=23.06..4000.94 rows=1037 width=121)
	  Recheck Cond: ((id >= 9481615) AND (id <= 9482614))
	  ->  Bitmap Index Scan on sbtest8_pkey  (cost=0.00..22.80 rows=1037 width=0)
	        Index Cond: ((id >= 9481615) AND (id <= 9482614))

for: simple_ranges
table 1 : explain SELECT c FROM sbtest1 WHERE id BETWEEN 6609321 AND 6610320
	Bitmap Heap Scan on sbtest1  (cost=21.89..3565.10 rows=922 width=121)
	  Recheck Cond: ((id >= 6609321) AND (id <= 6610320))
	  ->  Bitmap Index Scan on sbtest1_pkey  (cost=0.00..21.65 rows=922 width=0)
	        Index Cond: ((id >= 6609321) AND (id <= 6610320))

table 2 : explain SELECT c FROM sbtest2 WHERE id BETWEEN 2761326 AND 2762325
	Bitmap Heap Scan on sbtest2  (cost=23.61..4193.57 rows=1090 width=121)
	  Recheck Cond: ((id >= 2761326) AND (id <= 2762325))
	  ->  Bitmap Index Scan on sbtest2_pkey  (cost=0.00..23.33 rows=1090 width=0)
	        Index Cond: ((id >= 2761326) AND (id <= 2762325))

table 3 : explain SELECT c FROM sbtest3 WHERE id BETWEEN 3689110 AND 3690109
	Bitmap Heap Scan on sbtest3  (cost=22.33..3727.69 rows=965 width=121)
	  Recheck Cond: ((id >= 3689110) AND (id <= 3690109))
	  ->  Bitmap Index Scan on sbtest3_pkey  (cost=0.00..22.08 rows=965 width=0)
	        Index Cond: ((id >= 3689110) AND (id <= 3690109))

table 4 : explain SELECT c FROM sbtest4 WHERE id BETWEEN 8996804 AND 8997803
	Bitmap Heap Scan on sbtest4  (cost=21.83..3546.89 rows=917 width=121)
	  Recheck Cond: ((id >= 8996804) AND (id <= 8997803))
	  ->  Bitmap Index Scan on sbtest4_pkey  (cost=0.00..21.61 rows=917 width=0)
	        Index Cond: ((id >= 8996804) AND (id <= 8997803))

table 5 : explain SELECT c FROM sbtest5 WHERE id BETWEEN 5444882 AND 5445881
	Bitmap Heap Scan on sbtest5  (cost=22.88..3931.40 rows=1019 width=121)
	  Recheck Cond: ((id >= 5444882) AND (id <= 5445881))
	  ->  Bitmap Index Scan on sbtest5_pkey  (cost=0.00..22.62 rows=1019 width=0)
	        Index Cond: ((id >= 5444882) AND (id <= 5445881))

table 6 : explain SELECT c FROM sbtest6 WHERE id BETWEEN 5900303 AND 5901302
	Bitmap Heap Scan on sbtest6  (cost=23.34..4101.66 rows=1064 width=121)
	  Recheck Cond: ((id >= 5900303) AND (id <= 5901302))
	  ->  Bitmap Index Scan on sbtest6_pkey  (cost=0.00..23.07 rows=1064 width=0)
	        Index Cond: ((id >= 5900303) AND (id <= 5901302))

table 7 : explain SELECT c FROM sbtest7 WHERE id BETWEEN 4471858 AND 4472857
	Bitmap Heap Scan on sbtest7  (cost=22.57..3819.08 rows=989 width=121)
	  Recheck Cond: ((id >= 4471858) AND (id <= 4472857))
	  ->  Bitmap Index Scan on sbtest7_pkey  (cost=0.00..22.32 rows=989 width=0)
	        Index Cond: ((id >= 4471858) AND (id <= 4472857))

table 8 : explain SELECT c FROM sbtest8 WHERE id BETWEEN 3602582 AND 3603581
	Bitmap Heap Scan on sbtest8  (cost=22.92..3948.25 rows=1023 width=121)
	  Recheck Cond: ((id >= 3602582) AND (id <= 3603581))
	  ->  Bitmap Index Scan on sbtest8_pkey  (cost=0.00..22.66 rows=1023 width=0)
	        Index Cond: ((id >= 3602582) AND (id <= 3603581))

for: order_ranges
table 1 : explain SELECT c FROM sbtest1 WHERE id BETWEEN 2325799 AND 2326798 ORDER BY c
	Sort  (cost=4240.81..4243.53 rows=1088 width=121)
	  Sort Key: c
	  ->  Bitmap Heap Scan on sbtest1  (cost=23.59..4185.94 rows=1088 width=121)
	        Recheck Cond: ((id >= 2325799) AND (id <= 2326798))
	        ->  Bitmap Index Scan on sbtest1_pkey  (cost=0.00..23.32 rows=1088 width=0)
	              Index Cond: ((id >= 2325799) AND (id <= 2326798))

table 2 : explain SELECT c FROM sbtest2 WHERE id BETWEEN 4014172 AND 4015171 ORDER BY c
	Sort  (cost=4137.95..4140.60 rows=1060 width=121)
	  Sort Key: c
	  ->  Bitmap Heap Scan on sbtest2  (cost=23.30..4084.69 rows=1060 width=121)
	        Recheck Cond: ((id >= 4014172) AND (id <= 4015171))
	        ->  Bitmap Index Scan on sbtest2_pkey  (cost=0.00..23.04 rows=1060 width=0)
	              Index Cond: ((id >= 4014172) AND (id <= 4015171))

table 3 : explain SELECT c FROM sbtest3 WHERE id BETWEEN 659547 AND 660546 ORDER BY c
	Sort  (cost=3767.87..3770.28 rows=963 width=121)
	  Sort Key: c
	  ->  Bitmap Heap Scan on sbtest3  (cost=22.31..3720.15 rows=963 width=121)
	        Recheck Cond: ((id >= 659547) AND (id <= 660546))
	        ->  Bitmap Index Scan on sbtest3_pkey  (cost=0.00..22.07 rows=963 width=0)
	              Index Cond: ((id >= 659547) AND (id <= 660546))

table 4 : explain SELECT c FROM sbtest4 WHERE id BETWEEN 6311253 AND 6312252 ORDER BY c
	Sort  (cost=3622.66..3624.97 rows=925 width=121)
	  Sort Key: c
	  ->  Bitmap Heap Scan on sbtest4  (cost=21.92..3577.09 rows=925 width=121)
	        Recheck Cond: ((id >= 6311253) AND (id <= 6312252))
	        ->  Bitmap Index Scan on sbtest4_pkey  (cost=0.00..21.68 rows=925 width=0)
	              Index Cond: ((id >= 6311253) AND (id <= 6312252))

table 5 : explain SELECT c FROM sbtest5 WHERE id BETWEEN 438382 AND 439381 ORDER BY c
	Sort  (cost=4131.16..4133.81 rows=1058 width=121)
	  Sort Key: c
	  ->  Bitmap Heap Scan on sbtest5  (cost=23.28..4078.01 rows=1058 width=121)
	        Recheck Cond: ((id >= 438382) AND (id <= 439381))
	        ->  Bitmap Index Scan on sbtest5_pkey  (cost=0.00..23.01 rows=1058 width=0)
	              Index Cond: ((id >= 438382) AND (id <= 439381))

table 6 : explain SELECT c FROM sbtest6 WHERE id BETWEEN 5996399 AND 5997398 ORDER BY c
	Sort  (cost=3665.82..3668.16 rows=936 width=121)
	  Sort Key: c
	  ->  Bitmap Heap Scan on sbtest6  (cost=22.03..3619.63 rows=936 width=121)
	        Recheck Cond: ((id >= 5996399) AND (id <= 5997398))
	        ->  Bitmap Index Scan on sbtest6_pkey  (cost=0.00..21.79 rows=936 width=0)
	              Index Cond: ((id >= 5996399) AND (id <= 5997398))

table 7 : explain SELECT c FROM sbtest7 WHERE id BETWEEN 2276292 AND 2277291 ORDER BY c
	Sort  (cost=4032.58..4035.16 rows=1032 width=121)
	  Sort Key: c
	  ->  Bitmap Heap Scan on sbtest7  (cost=23.01..3980.93 rows=1032 width=121)
	        Recheck Cond: ((id >= 2276292) AND (id <= 2277291))
	        ->  Bitmap Index Scan on sbtest7_pkey  (cost=0.00..22.75 rows=1032 width=0)
	              Index Cond: ((id >= 2276292) AND (id <= 2277291))

table 8 : explain SELECT c FROM sbtest8 WHERE id BETWEEN 1596868 AND 1597867 ORDER BY c
	Sort  (cost=3922.95..3925.46 rows=1003 width=121)
	  Sort Key: c
	  ->  Bitmap Heap Scan on sbtest8  (cost=22.72..3872.95 rows=1003 width=121)
	        Recheck Cond: ((id >= 1596868) AND (id <= 1597867))
	        ->  Bitmap Index Scan on sbtest8_pkey  (cost=0.00..22.46 rows=1003 width=0)
	              Index Cond: ((id >= 1596868) AND (id <= 1597867))

explain: for point_selects :: explain SELECT c FROM sbtest%u WHERE id=%u
for: sum_ranges
table 1 : explain SELECT SUM(k) FROM sbtest1 WHERE id BETWEEN 289419 AND 290418
	Aggregate  (cost=3869.05..3869.06 rows=1 width=8)
	  ->  Bitmap Heap Scan on sbtest1  (cost=22.71..3866.55 rows=1002 width=4)
	        Recheck Cond: ((id >= 289419) AND (id <= 290418))
	        ->  Bitmap Index Scan on sbtest1_pkey  (cost=0.00..22.45 rows=1002 width=0)
	              Index Cond: ((id >= 289419) AND (id <= 290418))

table 2 : explain SELECT SUM(k) FROM sbtest2 WHERE id BETWEEN 9725046 AND 9726045
	Aggregate  (cost=3869.17..3869.18 rows=1 width=8)
	  ->  Bitmap Heap Scan on sbtest2  (cost=22.71..3866.66 rows=1002 width=4)
	        Recheck Cond: ((id >= 9725046) AND (id <= 9726045))
	        ->  Bitmap Index Scan on sbtest2_pkey  (cost=0.00..22.45 rows=1002 width=0)
	              Index Cond: ((id >= 9725046) AND (id <= 9726045))

table 3 : explain SELECT SUM(k) FROM sbtest3 WHERE id BETWEEN 4683327 AND 4684326
	Aggregate  (cost=3662.20..3662.21 rows=1 width=8)
	  ->  Bitmap Heap Scan on sbtest3  (cost=22.14..3659.84 rows=947 width=4)
	        Recheck Cond: ((id >= 4683327) AND (id <= 4684326))
	        ->  Bitmap Index Scan on sbtest3_pkey  (cost=0.00..21.90 rows=947 width=0)
	              Index Cond: ((id >= 4683327) AND (id <= 4684326))

table 4 : explain SELECT SUM(k) FROM sbtest4 WHERE id BETWEEN 8959445 AND 8960444
	Aggregate  (cost=3549.18..3549.19 rows=1 width=8)
	  ->  Bitmap Heap Scan on sbtest4  (cost=21.83..3546.89 rows=917 width=4)
	        Recheck Cond: ((id >= 8959445) AND (id <= 8960444))
	        ->  Bitmap Index Scan on sbtest4_pkey  (cost=0.00..21.61 rows=917 width=0)
	              Index Cond: ((id >= 8959445) AND (id <= 8960444))

table 5 : explain SELECT SUM(k) FROM sbtest5 WHERE id BETWEEN 9958853 AND 9959852
	Aggregate  (cost=3798.34..3798.35 rows=1 width=8)
	  ->  Bitmap Heap Scan on sbtest5  (cost=22.51..3795.89 rows=983 width=4)
	        Recheck Cond: ((id >= 9958853) AND (id <= 9959852))
	        ->  Bitmap Index Scan on sbtest5_pkey  (cost=0.00..22.26 rows=983 width=0)
	              Index Cond: ((id >= 9958853) AND (id <= 9959852))

table 6 : explain SELECT SUM(k) FROM sbtest6 WHERE id BETWEEN 5244429 AND 5245428
	Aggregate  (cost=3878.48..3878.49 rows=1 width=8)
	  ->  Bitmap Heap Scan on sbtest6  (cost=22.73..3875.97 rows=1004 width=4)
	        Recheck Cond: ((id >= 5244429) AND (id <= 5245428))
	        ->  Bitmap Index Scan on sbtest6_pkey  (cost=0.00..22.47 rows=1004 width=0)
	              Index Cond: ((id >= 5244429) AND (id <= 5245428))

table 7 : explain SELECT SUM(k) FROM sbtest7 WHERE id BETWEEN 3776428 AND 3777427
	Aggregate  (cost=3780.08..3780.09 rows=1 width=8)
	  ->  Bitmap Heap Scan on sbtest7  (cost=22.46..3777.64 rows=978 width=4)
	        Recheck Cond: ((id >= 3776428) AND (id <= 3777427))
	        ->  Bitmap Index Scan on sbtest7_pkey  (cost=0.00..22.21 rows=978 width=0)
	              Index Cond: ((id >= 3776428) AND (id <= 3777427))

table 8 : explain SELECT SUM(k) FROM sbtest8 WHERE id BETWEEN 8184026 AND 8185025
	Aggregate  (cost=4037.41..4037.42 rows=1 width=8)
	  ->  Bitmap Heap Scan on sbtest8  (cost=23.16..4034.79 rows=1046 width=4)
	        Recheck Cond: ((id >= 8184026) AND (id <= 8185025))
	        ->  Bitmap Index Scan on sbtest8_pkey  (cost=0.00..22.89 rows=1046 width=0)
	              Index Cond: ((id >= 8184026) AND (id <= 8185025))

for: distinct_ranges
table 1 : explain SELECT DISTINCT c FROM sbtest1 WHERE id BETWEEN 569878 AND 570877 ORDER BY c
	Unique  (cost=4153.08..4158.40 rows=1064 width=121)
	  ->  Sort  (cost=4153.08..4155.74 rows=1064 width=121)
	        Sort Key: c
	        ->  Bitmap Heap Scan on sbtest1  (cost=23.34..4099.59 rows=1064 width=121)
	              Recheck Cond: ((id >= 569878) AND (id <= 570877))
	              ->  Bitmap Index Scan on sbtest1_pkey  (cost=0.00..23.07 rows=1064 width=0)
	                    Index Cond: ((id >= 569878) AND (id <= 570877))

table 2 : explain SELECT DISTINCT c FROM sbtest2 WHERE id BETWEEN 1470040 AND 1471039 ORDER BY c
	Unique  (cost=3736.93..3741.70 rows=955 width=121)
	  ->  Sort  (cost=3736.93..3739.32 rows=955 width=121)
	        Sort Key: c
	        ->  Bitmap Heap Scan on sbtest2  (cost=22.22..3689.66 rows=955 width=121)
	              Recheck Cond: ((id >= 1470040) AND (id <= 1471039))
	              ->  Bitmap Index Scan on sbtest2_pkey  (cost=0.00..21.98 rows=955 width=0)
	                    Index Cond: ((id >= 1470040) AND (id <= 1471039))

table 3 : explain SELECT DISTINCT c FROM sbtest3 WHERE id BETWEEN 2982005 AND 2983004 ORDER BY c
	Unique  (cost=4039.16..4044.33 rows=1034 width=121)
	  ->  Sort  (cost=4039.16..4041.75 rows=1034 width=121)
	        Sort Key: c
	        ->  Bitmap Heap Scan on sbtest3  (cost=23.03..3987.39 rows=1034 width=121)
	              Recheck Cond: ((id >= 2982005) AND (id <= 2983004))
	              ->  Bitmap Index Scan on sbtest3_pkey  (cost=0.00..22.77 rows=1034 width=0)
	                    Index Cond: ((id >= 2982005) AND (id <= 2983004))

table 4 : explain SELECT DISTINCT c FROM sbtest4 WHERE id BETWEEN 7331425 AND 7332424 ORDER BY c
	Unique  (cost=4127.20..4132.49 rows=1057 width=121)
	  ->  Sort  (cost=4127.20..4129.84 rows=1057 width=121)
	        Sort Key: c
	        ->  Bitmap Heap Scan on sbtest4  (cost=23.27..4074.11 rows=1057 width=121)
	              Recheck Cond: ((id >= 7331425) AND (id <= 7332424))
	              ->  Bitmap Index Scan on sbtest4_pkey  (cost=0.00..23.00 rows=1057 width=0)
	                    Index Cond: ((id >= 7331425) AND (id <= 7332424))

table 5 : explain SELECT DISTINCT c FROM sbtest5 WHERE id BETWEEN 5584669 AND 5585668 ORDER BY c
	Unique  (cost=4367.69..4373.29 rows=1120 width=121)
	  ->  Sort  (cost=4367.69..4370.49 rows=1120 width=121)
	        Sort Key: c
	        ->  Bitmap Heap Scan on sbtest5  (cost=27.92..4310.97 rows=1120 width=121)
	              Recheck Cond: ((id >= 5584669) AND (id <= 5585668))
	              ->  Bitmap Index Scan on sbtest5_pkey  (cost=0.00..27.64 rows=1120 width=0)
	                    Index Cond: ((id >= 5584669) AND (id <= 5585668))

table 6 : explain SELECT DISTINCT c FROM sbtest6 WHERE id BETWEEN 9143022 AND 9144021 ORDER BY c
	Unique  (cost=4055.92..4061.11 rows=1038 width=121)
	  ->  Sort  (cost=4055.92..4058.52 rows=1038 width=121)
	        Sort Key: c
	        ->  Bitmap Heap Scan on sbtest6  (cost=23.07..4003.92 rows=1038 width=121)
	              Recheck Cond: ((id >= 9143022) AND (id <= 9144021))
	              ->  Bitmap Index Scan on sbtest6_pkey  (cost=0.00..22.82 rows=1038 width=0)
	                    Index Cond: ((id >= 9143022) AND (id <= 9144021))

table 7 : explain SELECT DISTINCT c FROM sbtest7 WHERE id BETWEEN 7222442 AND 7223441 ORDER BY c
	Unique  (cost=4177.60..4182.95 rows=1070 width=121)
	  ->  Sort  (cost=4177.60..4180.27 rows=1070 width=121)
	        Sort Key: c
	        ->  Bitmap Heap Scan on sbtest7  (cost=23.40..4123.76 rows=1070 width=121)
	              Recheck Cond: ((id >= 7222442) AND (id <= 7223441))
	              ->  Bitmap Index Scan on sbtest7_pkey  (cost=0.00..23.14 rows=1070 width=0)
	                    Index Cond: ((id >= 7222442) AND (id <= 7223441))

table 8 : explain SELECT DISTINCT c FROM sbtest8 WHERE id BETWEEN 747042 AND 748041 ORDER BY c
	Unique  (cost=4014.68..4019.82 rows=1027 width=121)
	  ->  Sort  (cost=4014.68..4017.25 rows=1027 width=121)
	        Sort Key: c
	        ->  Bitmap Heap Scan on sbtest8  (cost=22.96..3963.31 rows=1027 width=121)
	              Recheck Cond: ((id >= 747042) AND (id <= 748041))
	              ->  Bitmap Index Scan on sbtest8_pkey  (cost=0.00..22.70 rows=1027 width=0)
	                    Index Cond: ((id >= 747042) AND (id <= 748041))

for point_selects
table 1 : explain SELECT c FROM sbtest1 WHERE id=1832244
	Index Scan using sbtest1_pkey on sbtest1  (cost=0.43..8.45 rows=1 width=121)
	  Index Cond: (id = 1832244)

table 2 : explain SELECT c FROM sbtest2 WHERE id=8173936
	Index Scan using sbtest2_pkey on sbtest2  (cost=0.43..8.45 rows=1 width=121)
	  Index Cond: (id = 8173936)

table 3 : explain SELECT c FROM sbtest3 WHERE id=2896489
	Index Scan using sbtest3_pkey on sbtest3  (cost=0.43..8.45 rows=1 width=121)
	  Index Cond: (id = 2896489)

table 4 : explain SELECT c FROM sbtest4 WHERE id=7629872
	Index Scan using sbtest4_pkey on sbtest4  (cost=0.43..8.45 rows=1 width=121)
	  Index Cond: (id = 7629872)

table 5 : explain SELECT c FROM sbtest5 WHERE id=1653958
	Index Scan using sbtest5_pkey on sbtest5  (cost=0.43..8.45 rows=1 width=121)
	  Index Cond: (id = 1653958)

table 6 : explain SELECT c FROM sbtest6 WHERE id=3706580
	Index Scan using sbtest6_pkey on sbtest6  (cost=0.43..8.45 rows=1 width=121)
	  Index Cond: (id = 3706580)

table 7 : explain SELECT c FROM sbtest7 WHERE id=6109389
	Index Scan using sbtest7_pkey on sbtest7  (cost=0.43..8.45 rows=1 width=121)
	  Index Cond: (id = 6109389)

table 8 : explain SELECT c FROM sbtest8 WHERE id=6600796
	Index Scan using sbtest8_pkey on sbtest8  (cost=0.43..8.45 rows=1 width=121)
	  Index Cond: (id = 6600796)

for: sum_ranges
table 1 : explain SELECT SUM(k) FROM sbtest1 WHERE id BETWEEN 186293 AND 187292
	Aggregate  (cost=3782.42..3782.43 rows=1 width=8)
	  ->  Bitmap Heap Scan on sbtest1  (cost=22.47..3779.97 rows=979 width=4)
	        Recheck Cond: ((id >= 186293) AND (id <= 187292))
	        ->  Bitmap Index Scan on sbtest1_pkey  (cost=0.00..22.22 rows=979 width=0)
	              Index Cond: ((id >= 186293) AND (id <= 187292))

table 2 : explain SELECT SUM(k) FROM sbtest2 WHERE id BETWEEN 5261425 AND 5262424
	Aggregate  (cost=3805.13..3805.14 rows=1 width=8)
	  ->  Bitmap Heap Scan on sbtest2  (cost=22.53..3802.67 rows=985 width=4)
	        Recheck Cond: ((id >= 5261425) AND (id <= 5262424))
	        ->  Bitmap Index Scan on sbtest2_pkey  (cost=0.00..22.29 rows=985 width=0)
	              Index Cond: ((id >= 5261425) AND (id <= 5262424))

table 3 : explain SELECT SUM(k) FROM sbtest3 WHERE id BETWEEN 132220 AND 133219
	Aggregate  (cost=3835.63..3835.64 rows=1 width=8)
	  ->  Bitmap Heap Scan on sbtest3  (cost=22.61..3833.15 rows=993 width=4)
	        Recheck Cond: ((id >= 132220) AND (id <= 133219))
	        ->  Bitmap Index Scan on sbtest3_pkey  (cost=0.00..22.36 rows=993 width=0)
	              Index Cond: ((id >= 132220) AND (id <= 133219))

table 4 : explain SELECT SUM(k) FROM sbtest4 WHERE id BETWEEN 416475 AND 417474
	Aggregate  (cost=3636.03..3636.04 rows=1 width=8)
	  ->  Bitmap Heap Scan on sbtest4  (cost=22.07..3633.68 rows=940 width=4)
	        Recheck Cond: ((id >= 416475) AND (id <= 417474))
	        ->  Bitmap Index Scan on sbtest4_pkey  (cost=0.00..21.83 rows=940 width=0)
	              Index Cond: ((id >= 416475) AND (id <= 417474))

table 5 : explain SELECT SUM(k) FROM sbtest5 WHERE id BETWEEN 3678568 AND 3679567
	Aggregate  (cost=4028.01..4028.02 rows=1 width=8)
	  ->  Bitmap Heap Scan on sbtest5  (cost=23.14..4025.40 rows=1044 width=4)
	        Recheck Cond: ((id >= 3678568) AND (id <= 3679567))
	        ->  Bitmap Index Scan on sbtest5_pkey  (cost=0.00..22.87 rows=1044 width=0)
	              Index Cond: ((id >= 3678568) AND (id <= 3679567))

table 6 : explain SELECT SUM(k) FROM sbtest6 WHERE id BETWEEN 4543639 AND 4544638
	Aggregate  (cost=3780.48..3780.49 rows=1 width=8)
	  ->  Bitmap Heap Scan on sbtest6  (cost=22.46..3778.03 rows=978 width=4)
	        Recheck Cond: ((id >= 4543639) AND (id <= 4544638))
	        ->  Bitmap Index Scan on sbtest6_pkey  (cost=0.00..22.21 rows=978 width=0)
	              Index Cond: ((id >= 4543639) AND (id <= 4544638))

table 7 : explain SELECT SUM(k) FROM sbtest7 WHERE id BETWEEN 2204209 AND 2205208
	Aggregate  (cost=4137.71..4137.72 rows=1 width=8)
	  ->  Bitmap Heap Scan on sbtest7  (cost=23.43..4135.02 rows=1073 width=4)
	        Recheck Cond: ((id >= 2204209) AND (id <= 2205208))
	        ->  Bitmap Index Scan on sbtest7_pkey  (cost=0.00..23.16 rows=1073 width=0)
	              Index Cond: ((id >= 2204209) AND (id <= 2205208))

table 8 : explain SELECT SUM(k) FROM sbtest8 WHERE id BETWEEN 978727 AND 979726
	Aggregate  (cost=4330.86..4330.87 rows=1 width=8)
	  ->  Bitmap Heap Scan on sbtest8  (cost=27.96..4328.05 rows=1124 width=4)
	        Recheck Cond: ((id >= 978727) AND (id <= 979726))
	        ->  Bitmap Index Scan on sbtest8_pkey  (cost=0.00..27.68 rows=1124 width=0)
	              Index Cond: ((id >= 978727) AND (id <= 979726))

explain: for point_selects :: explain SELECT c FROM sbtest%u WHERE id=%u
for: simple_ranges
table 1 : explain SELECT c FROM sbtest1 WHERE id BETWEEN 1498036 AND 1499035
	Bitmap Heap Scan on sbtest1  (cost=23.15..4028.22 rows=1045 width=121)
	  Recheck Cond: ((id >= 1498036) AND (id <= 1499035))
	  ->  Bitmap Index Scan on sbtest1_pkey  (cost=0.00..22.89 rows=1045 width=0)
	        Index Cond: ((id >= 1498036) AND (id <= 1499035))

table 2 : explain SELECT c FROM sbtest2 WHERE id BETWEEN 5653931 AND 5654930
	Bitmap Heap Scan on sbtest2  (cost=22.79..3896.76 rows=1010 width=121)
	  Recheck Cond: ((id >= 5653931) AND (id <= 5654930))
	  ->  Bitmap Index Scan on sbtest2_pkey  (cost=0.00..22.54 rows=1010 width=0)
	        Index Cond: ((id >= 5653931) AND (id <= 5654930))

table 3 : explain SELECT c FROM sbtest3 WHERE id BETWEEN 8064616 AND 8065615
	Bitmap Heap Scan on sbtest3  (cost=22.54..3806.79 rows=986 width=121)
	  Recheck Cond: ((id >= 8064616) AND (id <= 8065615))
	  ->  Bitmap Index Scan on sbtest3_pkey  (cost=0.00..22.29 rows=986 width=0)
	        Index Cond: ((id >= 8064616) AND (id <= 8065615))

table 4 : explain SELECT c FROM sbtest4 WHERE id BETWEEN 1528772 AND 1529771
	Bitmap Heap Scan on sbtest4  (cost=21.96..3592.18 rows=929 width=121)
	  Recheck Cond: ((id >= 1528772) AND (id <= 1529771))
	  ->  Bitmap Index Scan on sbtest4_pkey  (cost=0.00..21.72 rows=929 width=0)
	        Index Cond: ((id >= 1528772) AND (id <= 1529771))

table 5 : explain SELECT c FROM sbtest5 WHERE id BETWEEN 4671034 AND 4672033
	Bitmap Heap Scan on sbtest5  (cost=22.81..3905.06 rows=1012 width=121)
	  Recheck Cond: ((id >= 4671034) AND (id <= 4672033))
	  ->  Bitmap Index Scan on sbtest5_pkey  (cost=0.00..22.55 rows=1012 width=0)
	        Index Cond: ((id >= 4671034) AND (id <= 4672033))

table 6 : explain SELECT c FROM sbtest6 WHERE id BETWEEN 6044220 AND 6045219
	Bitmap Heap Scan on sbtest6  (cost=22.30..3717.72 rows=962 width=121)
	  Recheck Cond: ((id >= 6044220) AND (id <= 6045219))
	  ->  Bitmap Index Scan on sbtest6_pkey  (cost=0.00..22.05 rows=962 width=0)
	        Index Cond: ((id >= 6044220) AND (id <= 6045219))

table 7 : explain SELECT c FROM sbtest7 WHERE id BETWEEN 8154370 AND 8155369
	Bitmap Heap Scan on sbtest7  (cost=22.51..3796.48 rows=983 width=121)
	  Recheck Cond: ((id >= 8154370) AND (id <= 8155369))
	  ->  Bitmap Index Scan on sbtest7_pkey  (cost=0.00..22.26 rows=983 width=0)
	        Index Cond: ((id >= 8154370) AND (id <= 8155369))

table 8 : explain SELECT c FROM sbtest8 WHERE id BETWEEN 9999457 AND 10000456
	Bitmap Heap Scan on sbtest8  (cost=13.86..2071.50 rows=529 width=121)
	  Recheck Cond: ((id >= 9999457) AND (id <= 10000456))
	  ->  Bitmap Index Scan on sbtest8_pkey  (cost=0.00..13.72 rows=529 width=0)
	        Index Cond: ((id >= 9999457) AND (id <= 10000456))

for: simple_ranges
table 1 : explain SELECT c FROM sbtest1 WHERE id BETWEEN 9994124 AND 9995123
	Bitmap Heap Scan on sbtest1  (cost=23.33..4095.83 rows=1063 width=121)
	  Recheck Cond: ((id >= 9994124) AND (id <= 9995123))
	  ->  Bitmap Index Scan on sbtest1_pkey  (cost=0.00..23.07 rows=1063 width=0)
	        Index Cond: ((id >= 9994124) AND (id <= 9995123))

table 2 : explain SELECT c FROM sbtest2 WHERE id BETWEEN 1074740 AND 1075739
	Bitmap Heap Scan on sbtest2  (cost=22.72..3870.42 rows=1003 width=121)
	  Recheck Cond: ((id >= 1074740) AND (id <= 1075739))
	  ->  Bitmap Index Scan on sbtest2_pkey  (cost=0.00..22.46 rows=1003 width=0)
	        Index Cond: ((id >= 1074740) AND (id <= 1075739))

table 3 : explain SELECT c FROM sbtest3 WHERE id BETWEEN 5095271 AND 5096270
	Bitmap Heap Scan on sbtest3  (cost=22.24..3697.54 rows=957 width=121)
	  Recheck Cond: ((id >= 5095271) AND (id <= 5096270))
	  ->  Bitmap Index Scan on sbtest3_pkey  (cost=0.00..22.00 rows=957 width=0)
	        Index Cond: ((id >= 5095271) AND (id <= 5096270))

table 4 : explain SELECT c FROM sbtest4 WHERE id BETWEEN 1935559 AND 1936558
	Bitmap Heap Scan on sbtest4  (cost=23.25..4066.60 rows=1055 width=121)
	  Recheck Cond: ((id >= 1935559) AND (id <= 1936558))
	  ->  Bitmap Index Scan on sbtest4_pkey  (cost=0.00..22.98 rows=1055 width=0)
	        Index Cond: ((id >= 1935559) AND (id <= 1936558))

table 5 : explain SELECT c FROM sbtest5 WHERE id BETWEEN 3966894 AND 3967893
	Bitmap Heap Scan on sbtest5  (cost=22.86..3923.87 rows=1017 width=121)
	  Recheck Cond: ((id >= 3966894) AND (id <= 3967893))
	  ->  Bitmap Index Scan on sbtest5_pkey  (cost=0.00..22.61 rows=1017 width=0)
	        Index Cond: ((id >= 3966894) AND (id <= 3967893))

table 6 : explain SELECT c FROM sbtest6 WHERE id BETWEEN 4090104 AND 4091103
	Bitmap Heap Scan on sbtest6  (cost=22.48..3785.57 rows=980 width=121)
	  Recheck Cond: ((id >= 4090104) AND (id <= 4091103))
	  ->  Bitmap Index Scan on sbtest6_pkey  (cost=0.00..22.23 rows=980 width=0)
	        Index Cond: ((id >= 4090104) AND (id <= 4091103))

table 7 : explain SELECT c FROM sbtest7 WHERE id BETWEEN 4558862 AND 4559861
	Bitmap Heap Scan on sbtest7  (cost=22.02..3615.49 rows=935 width=121)
	  Recheck Cond: ((id >= 4558862) AND (id <= 4559861))
	  ->  Bitmap Index Scan on sbtest7_pkey  (cost=0.00..21.79 rows=935 width=0)
	        Index Cond: ((id >= 4558862) AND (id <= 4559861))

table 8 : explain SELECT c FROM sbtest8 WHERE id BETWEEN 7340249 AND 7341248
	Bitmap Heap Scan on sbtest8  (cost=22.08..3639.17 rows=941 width=121)
	  Recheck Cond: ((id >= 7340249) AND (id <= 7341248))
	  ->  Bitmap Index Scan on sbtest8_pkey  (cost=0.00..21.84 rows=941 width=0)
	        Index Cond: ((id >= 7340249) AND (id <= 7341248))

for: sum_ranges
table 1 : explain SELECT SUM(k) FROM sbtest1 WHERE id BETWEEN 888260 AND 889259
	Aggregate  (cost=3635.35..3635.36 rows=1 width=8)
	  ->  Bitmap Heap Scan on sbtest1  (cost=22.07..3633.00 rows=940 width=4)
	        Recheck Cond: ((id >= 888260) AND (id <= 889259))
	        ->  Bitmap Index Scan on sbtest1_pkey  (cost=0.00..21.83 rows=940 width=0)
	              Index Cond: ((id >= 888260) AND (id <= 889259))

table 2 : explain SELECT SUM(k) FROM sbtest2 WHERE id BETWEEN 2813421 AND 2814420
	Aggregate  (cost=3669.41..3669.42 rows=1 width=8)
	  ->  Bitmap Heap Scan on sbtest2  (cost=22.16..3667.04 rows=949 width=4)
	        Recheck Cond: ((id >= 2813421) AND (id <= 2814420))
	        ->  Bitmap Index Scan on sbtest2_pkey  (cost=0.00..21.93 rows=949 width=0)
	              Index Cond: ((id >= 2813421) AND (id <= 2814420))

table 3 : explain SELECT SUM(k) FROM sbtest3 WHERE id BETWEEN 3686781 AND 3687780
	Aggregate  (cost=3730.10..3730.11 rows=1 width=8)
	  ->  Bitmap Heap Scan on sbtest3  (cost=22.33..3727.69 rows=965 width=4)
	        Recheck Cond: ((id >= 3686781) AND (id <= 3687780))
	        ->  Bitmap Index Scan on sbtest3_pkey  (cost=0.00..22.08 rows=965 width=0)
	              Index Cond: ((id >= 3686781) AND (id <= 3687780))

table 4 : explain SELECT SUM(k) FROM sbtest4 WHERE id BETWEEN 73157 AND 74156
	Aggregate  (cost=3707.72..3707.73 rows=1 width=8)
	  ->  Bitmap Heap Scan on sbtest4  (cost=22.26..3705.33 rows=959 width=4)
	        Recheck Cond: ((id >= 73157) AND (id <= 74156))
	        ->  Bitmap Index Scan on sbtest4_pkey  (cost=0.00..22.02 rows=959 width=0)
	              Index Cond: ((id >= 73157) AND (id <= 74156))

table 5 : explain SELECT SUM(k) FROM sbtest5 WHERE id BETWEEN 9707064 AND 9708063
	Aggregate  (cost=3945.24..3945.25 rows=1 width=8)
	  ->  Bitmap Heap Scan on sbtest5  (cost=22.91..3942.68 rows=1022 width=4)
	        Recheck Cond: ((id >= 9707064) AND (id <= 9708063))
	        ->  Bitmap Index Scan on sbtest5_pkey  (cost=0.00..22.65 rows=1022 width=0)
	              Index Cond: ((id >= 9707064) AND (id <= 9708063))

table 6 : explain SELECT SUM(k) FROM sbtest6 WHERE id BETWEEN 685573 AND 686572
	Aggregate  (cost=3799.33..3799.34 rows=1 width=8)
	  ->  Bitmap Heap Scan on sbtest6  (cost=22.51..3796.87 rows=983 width=4)
	        Recheck Cond: ((id >= 685573) AND (id <= 686572))
	        ->  Bitmap Index Scan on sbtest6_pkey  (cost=0.00..22.26 rows=983 width=0)
	              Index Cond: ((id >= 685573) AND (id <= 686572))

table 7 : explain SELECT SUM(k) FROM sbtest7 WHERE id BETWEEN 8648925 AND 8649924
	Aggregate  (cost=3866.77..3866.78 rows=1 width=8)
	  ->  Bitmap Heap Scan on sbtest7  (cost=22.70..3864.27 rows=1001 width=4)
	        Recheck Cond: ((id >= 8648925) AND (id <= 8649924))
	        ->  Bitmap Index Scan on sbtest7_pkey  (cost=0.00..22.44 rows=1001 width=0)
	              Index Cond: ((id >= 8648925) AND (id <= 8649924))

table 8 : explain SELECT SUM(k) FROM sbtest8 WHERE id BETWEEN 4761839 AND 4762838
	Aggregate  (cost=3837.76..3837.77 rows=1 width=8)
	  ->  Bitmap Heap Scan on sbtest8  (cost=22.61..3835.28 rows=993 width=4)
	        Recheck Cond: ((id >= 4761839) AND (id <= 4762838))
	        ->  Bitmap Index Scan on sbtest8_pkey  (cost=0.00..22.36 rows=993 width=0)
	              Index Cond: ((id >= 4761839) AND (id <= 4762838))

for: sum_ranges
table 1 : explain SELECT SUM(k) FROM sbtest1 WHERE id BETWEEN 2504355 AND 2505354
	Aggregate  (cost=3665.54..3665.55 rows=1 width=8)
	  ->  Bitmap Heap Scan on sbtest1  (cost=22.15..3663.17 rows=948 width=4)
	        Recheck Cond: ((id >= 2504355) AND (id <= 2505354))
	        ->  Bitmap Index Scan on sbtest1_pkey  (cost=0.00..21.91 rows=948 width=0)
	              Index Cond: ((id >= 2504355) AND (id <= 2505354))

table 2 : explain SELECT SUM(k) FROM sbtest2 WHERE id BETWEEN 3908062 AND 3909061
	Aggregate  (cost=3605.26..3605.27 rows=1 width=8)
	  ->  Bitmap Heap Scan on sbtest2  (cost=21.99..3602.93 rows=932 width=4)
	        Recheck Cond: ((id >= 3908062) AND (id <= 3909061))
	        ->  Bitmap Index Scan on sbtest2_pkey  (cost=0.00..21.75 rows=932 width=0)
	              Index Cond: ((id >= 3908062) AND (id <= 3909061))

table 3 : explain SELECT SUM(k) FROM sbtest3 WHERE id BETWEEN 3698078 AND 3699077
	Aggregate  (cost=3730.10..3730.11 rows=1 width=8)
	  ->  Bitmap Heap Scan on sbtest3  (cost=22.33..3727.69 rows=965 width=4)
	        Recheck Cond: ((id >= 3698078) AND (id <= 3699077))
	        ->  Bitmap Index Scan on sbtest3_pkey  (cost=0.00..22.08 rows=965 width=0)
	              Index Cond: ((id >= 3698078) AND (id <= 3699077))

table 4 : explain SELECT SUM(k) FROM sbtest4 WHERE id BETWEEN 8566461 AND 8567460
	Aggregate  (cost=3775.60..3775.61 rows=1 width=8)
	  ->  Bitmap Heap Scan on sbtest4  (cost=22.45..3773.16 rows=977 width=4)
	        Recheck Cond: ((id >= 8566461) AND (id <= 8567460))
	        ->  Bitmap Index Scan on sbtest4_pkey  (cost=0.00..22.20 rows=977 width=0)
	              Index Cond: ((id >= 8566461) AND (id <= 8567460))

table 5 : explain SELECT SUM(k) FROM sbtest5 WHERE id BETWEEN 4623882 AND 4624881
	Aggregate  (cost=4088.17..4088.18 rows=1 width=8)
	  ->  Bitmap Heap Scan on sbtest5  (cost=23.30..4085.52 rows=1060 width=4)
	        Recheck Cond: ((id >= 4623882) AND (id <= 4624881))
	        ->  Bitmap Index Scan on sbtest5_pkey  (cost=0.00..23.04 rows=1060 width=0)
	              Index Cond: ((id >= 4623882) AND (id <= 4624881))

table 6 : explain SELECT SUM(k) FROM sbtest6 WHERE id BETWEEN 1989205 AND 1990204
	Aggregate  (cost=3848.34..3848.35 rows=1 width=8)
	  ->  Bitmap Heap Scan on sbtest6  (cost=22.64..3845.85 rows=996 width=4)
	        Recheck Cond: ((id >= 1989205) AND (id <= 1990204))
	        ->  Bitmap Index Scan on sbtest6_pkey  (cost=0.00..22.39 rows=996 width=0)
	              Index Cond: ((id >= 1989205) AND (id <= 1990204))

table 7 : explain SELECT SUM(k) FROM sbtest7 WHERE id BETWEEN 7660216 AND 7661215
	Aggregate  (cost=3783.85..3783.86 rows=1 width=8)
	  ->  Bitmap Heap Scan on sbtest7  (cost=22.47..3781.41 rows=979 width=4)
	        Recheck Cond: ((id >= 7660216) AND (id <= 7661215))
	        ->  Bitmap Index Scan on sbtest7_pkey  (cost=0.00..22.22 rows=979 width=0)
	              Index Cond: ((id >= 7660216) AND (id <= 7661215))

table 8 : explain SELECT SUM(k) FROM sbtest8 WHERE id BETWEEN 2347889 AND 2348888
	Aggregate  (cost=3845.30..3845.31 rows=1 width=8)
	  ->  Bitmap Heap Scan on sbtest8  (cost=22.63..3842.81 rows=995 width=4)
	        Recheck Cond: ((id >= 2347889) AND (id <= 2348888))
	        ->  Bitmap Index Scan on sbtest8_pkey  (cost=0.00..22.39 rows=995 width=0)
	              Index Cond: ((id >= 2347889) AND (id <= 2348888))

for point_selects
table 1 : explain SELECT c FROM sbtest1 WHERE id=3194224
	Index Scan using sbtest1_pkey on sbtest1  (cost=0.43..8.45 rows=1 width=121)
	  Index Cond: (id = 3194224)

table 2 : explain SELECT c FROM sbtest2 WHERE id=635330
	Index Scan using sbtest2_pkey on sbtest2  (cost=0.43..8.45 rows=1 width=121)
	  Index Cond: (id = 635330)

table 3 : explain SELECT c FROM sbtest3 WHERE id=8778810
	Index Scan using sbtest3_pkey on sbtest3  (cost=0.43..8.45 rows=1 width=121)
	  Index Cond: (id = 8778810)

table 4 : explain SELECT c FROM sbtest4 WHERE id=9863422
	Index Scan using sbtest4_pkey on sbtest4  (cost=0.43..8.45 rows=1 width=121)
	  Index Cond: (id = 9863422)

table 5 : explain SELECT c FROM sbtest5 WHERE id=2558008
	Index Scan using sbtest5_pkey on sbtest5  (cost=0.43..8.45 rows=1 width=121)
	  Index Cond: (id = 2558008)

table 6 : explain SELECT c FROM sbtest6 WHERE id=5392193
	Index Scan using sbtest6_pkey on sbtest6  (cost=0.43..8.45 rows=1 width=121)
	  Index Cond: (id = 5392193)

table 7 : explain SELECT c FROM sbtest7 WHERE id=5432114
	Index Scan using sbtest7_pkey on sbtest7  (cost=0.43..8.45 rows=1 width=121)
	  Index Cond: (id = 5432114)

table 8 : explain SELECT c FROM sbtest8 WHERE id=4753651
	Index Scan using sbtest8_pkey on sbtest8  (cost=0.43..8.45 rows=1 width=121)
	  Index Cond: (id = 4753651)

for: order_ranges
table 1 : explain SELECT c FROM sbtest1 WHERE id BETWEEN 9453694 AND 9454693 ORDER BY c
	Sort  (cost=3824.78..3827.22 rows=978 width=121)
	  Sort Key: c
	  ->  Bitmap Heap Scan on sbtest1  (cost=22.46..3776.20 rows=978 width=121)
	        Recheck Cond: ((id >= 9453694) AND (id <= 9454693))
	        ->  Bitmap Index Scan on sbtest1_pkey  (cost=0.00..22.21 rows=978 width=0)
	              Index Cond: ((id >= 9453694) AND (id <= 9454693))

table 2 : explain SELECT c FROM sbtest2 WHERE id BETWEEN 9185510 AND 9186509 ORDER BY c
	Sort  (cost=4054.04..4056.64 rows=1038 width=121)
	  Sort Key: c
	  ->  Bitmap Heap Scan on sbtest2  (cost=23.07..4002.04 rows=1038 width=121)
	        Recheck Cond: ((id >= 9185510) AND (id <= 9186509))
	        ->  Bitmap Index Scan on sbtest2_pkey  (cost=0.00..22.82 rows=1038 width=0)
	              Index Cond: ((id >= 9185510) AND (id <= 9186509))

table 3 : explain SELECT c FROM sbtest3 WHERE id BETWEEN 5520075 AND 5521074 ORDER BY c
	Sort  (cost=3936.07..3938.59 rows=1007 width=121)
	  Sort Key: c
	  ->  Bitmap Heap Scan on sbtest3  (cost=22.76..3885.84 rows=1007 width=121)
	        Recheck Cond: ((id >= 5520075) AND (id <= 5521074))
	        ->  Bitmap Index Scan on sbtest3_pkey  (cost=0.00..22.50 rows=1007 width=0)
	              Index Cond: ((id >= 5520075) AND (id <= 5521074))

table 4 : explain SELECT c FROM sbtest4 WHERE id BETWEEN 1835504 AND 1836503 ORDER BY c
	Sort  (cost=3687.76..3690.11 rows=942 width=121)
	  Sort Key: c
	  ->  Bitmap Heap Scan on sbtest4  (cost=22.09..3641.23 rows=942 width=121)
	        Recheck Cond: ((id >= 1835504) AND (id <= 1836503))
	        ->  Bitmap Index Scan on sbtest4_pkey  (cost=0.00..21.86 rows=942 width=0)
	              Index Cond: ((id >= 1835504) AND (id <= 1836503))

table 5 : explain SELECT c FROM sbtest5 WHERE id BETWEEN 8814066 AND 8815065 ORDER BY c
	Sort  (cost=3848.57..3851.03 rows=984 width=121)
	  Sort Key: c
	  ->  Bitmap Heap Scan on sbtest5  (cost=22.52..3799.65 rows=984 width=121)
	        Recheck Cond: ((id >= 8814066) AND (id <= 8815065))
	        ->  Bitmap Index Scan on sbtest5_pkey  (cost=0.00..22.27 rows=984 width=0)
	              Index Cond: ((id >= 8814066) AND (id <= 8815065))

table 6 : explain SELECT c FROM sbtest6 WHERE id BETWEEN 402318 AND 403317 ORDER BY c
	Sort  (cost=4063.56..4066.16 rows=1040 width=121)
	  Sort Key: c
	  ->  Bitmap Heap Scan on sbtest6  (cost=23.09..4011.44 rows=1040 width=121)
	        Recheck Cond: ((id >= 402318) AND (id <= 403317))
	        ->  Bitmap Index Scan on sbtest6_pkey  (cost=0.00..22.83 rows=1040 width=0)
	              Index Cond: ((id >= 402318) AND (id <= 403317))

table 7 : explain SELECT c FROM sbtest7 WHERE id BETWEEN 7320067 AND 7321066 ORDER BY c
	Sort  (cost=3650.13..3652.46 rows=932 width=121)
	  Sort Key: c
	  ->  Bitmap Heap Scan on sbtest7  (cost=21.99..3604.17 rows=932 width=121)
	        Recheck Cond: ((id >= 7320067) AND (id <= 7321066))
	        ->  Bitmap Index Scan on sbtest7_pkey  (cost=0.00..21.75 rows=932 width=0)
	              Index Cond: ((id >= 7320067) AND (id <= 7321066))

table 8 : explain SELECT c FROM sbtest8 WHERE id BETWEEN 3814356 AND 3815355 ORDER BY c
	Sort  (cost=4350.71..4353.50 rows=1115 width=121)
	  Sort Key: c
	  ->  Bitmap Heap Scan on sbtest8  (cost=27.86..4294.28 rows=1115 width=121)
	        Recheck Cond: ((id >= 3814356) AND (id <= 3815355))
	        ->  Bitmap Index Scan on sbtest8_pkey  (cost=0.00..27.58 rows=1115 width=0)
	              Index Cond: ((id >= 3814356) AND (id <= 3815355))

explain: for point_selects :: explain SELECT c FROM sbtest%u WHERE id=%u
for: sum_ranges
table 1 : explain SELECT SUM(k) FROM sbtest1 WHERE id BETWEEN 7850439 AND 7851438
	Aggregate  (cost=3887.88..3887.89 rows=1 width=8)
	  ->  Bitmap Heap Scan on sbtest1  (cost=22.76..3885.36 rows=1007 width=4)
	        Recheck Cond: ((id >= 7850439) AND (id <= 7851438))
	        ->  Bitmap Index Scan on sbtest1_pkey  (cost=0.00..22.50 rows=1007 width=0)
	              Index Cond: ((id >= 7850439) AND (id <= 7851438))

table 2 : explain SELECT SUM(k) FROM sbtest2 WHERE id BETWEEN 9186249 AND 9187248
	Aggregate  (cost=4004.64..4004.65 rows=1 width=8)
	  ->  Bitmap Heap Scan on sbtest2  (cost=23.07..4002.04 rows=1038 width=4)
	        Recheck Cond: ((id >= 9186249) AND (id <= 9187248))
	        ->  Bitmap Index Scan on sbtest2_pkey  (cost=0.00..22.82 rows=1038 width=0)
	              Index Cond: ((id >= 9186249) AND (id <= 9187248))

table 3 : explain SELECT SUM(k) FROM sbtest3 WHERE id BETWEEN 295153 AND 296152
	Aggregate  (cost=3458.25..3458.26 rows=1 width=8)
	  ->  Bitmap Heap Scan on sbtest3  (cost=21.59..3456.02 rows=893 width=4)
	        Recheck Cond: ((id >= 295153) AND (id <= 296152))
	        ->  Bitmap Index Scan on sbtest3_pkey  (cost=0.00..21.36 rows=893 width=0)
	              Index Cond: ((id >= 295153) AND (id <= 296152))

table 4 : explain SELECT SUM(k) FROM sbtest4 WHERE id BETWEEN 8822867 AND 8823866
	Aggregate  (cost=3798.21..3798.22 rows=1 width=8)
	  ->  Bitmap Heap Scan on sbtest4  (cost=22.51..3795.76 rows=983 width=4)
	        Recheck Cond: ((id >= 8822867) AND (id <= 8823866))
	        ->  Bitmap Index Scan on sbtest4_pkey  (cost=0.00..22.26 rows=983 width=0)
	              Index Cond: ((id >= 8822867) AND (id <= 8823866))

table 5 : explain SELECT SUM(k) FROM sbtest5 WHERE id BETWEEN 1141592 AND 1142591
	Aggregate  (cost=3933.94..3933.95 rows=1 width=8)
	  ->  Bitmap Heap Scan on sbtest5  (cost=22.88..3931.40 rows=1019 width=4)
	        Recheck Cond: ((id >= 1141592) AND (id <= 1142591))
	        ->  Bitmap Index Scan on sbtest5_pkey  (cost=0.00..22.62 rows=1019 width=0)
	              Index Cond: ((id >= 1141592) AND (id <= 1142591))

table 6 : explain SELECT SUM(k) FROM sbtest6 WHERE id BETWEEN 3119106 AND 3120105
	Aggregate  (cost=4141.92..4141.93 rows=1 width=8)
	  ->  Bitmap Heap Scan on sbtest6  (cost=23.44..4139.23 rows=1074 width=4)
	        Recheck Cond: ((id >= 3119106) AND (id <= 3120105))
	        ->  Bitmap Index Scan on sbtest6_pkey  (cost=0.00..23.18 rows=1074 width=0)
	              Index Cond: ((id >= 3119106) AND (id <= 3120105))

table 7 : explain SELECT SUM(k) FROM sbtest7 WHERE id BETWEEN 5003037 AND 5004036
	Aggregate  (cost=3576.28..3576.29 rows=1 width=8)
	  ->  Bitmap Heap Scan on sbtest7  (cost=21.91..3573.97 rows=924 width=4)
	        Recheck Cond: ((id >= 5003037) AND (id <= 5004036))
	        ->  Bitmap Index Scan on sbtest7_pkey  (cost=0.00..21.68 rows=924 width=0)
	              Index Cond: ((id >= 5003037) AND (id <= 5004036))

table 8 : explain SELECT SUM(k) FROM sbtest8 WHERE id BETWEEN 2984306 AND 2985305
	Aggregate  (cost=4218.16..4218.17 rows=1 width=8)
	  ->  Bitmap Heap Scan on sbtest8  (cost=27.64..4215.42 rows=1093 width=4)
	        Recheck Cond: ((id >= 2984306) AND (id <= 2985305))
	        ->  Bitmap Index Scan on sbtest8_pkey  (cost=0.00..27.36 rows=1093 width=0)
	              Index Cond: ((id >= 2984306) AND (id <= 2985305))

for: simple_ranges
table 1 : explain SELECT c FROM sbtest1 WHERE id BETWEEN 3563197 AND 3564196
	Bitmap Heap Scan on sbtest1  (cost=22.46..3776.20 rows=978 width=121)
	  Recheck Cond: ((id >= 3563197) AND (id <= 3564196))
	  ->  Bitmap Index Scan on sbtest1_pkey  (cost=0.00..22.21 rows=978 width=0)
	        Index Cond: ((id >= 3563197) AND (id <= 3564196))

table 2 : explain SELECT c FROM sbtest2 WHERE id BETWEEN 3960907 AND 3961906
	Bitmap Heap Scan on sbtest2  (cost=21.99..3602.93 rows=932 width=121)
	  Recheck Cond: ((id >= 3960907) AND (id <= 3961906))
	  ->  Bitmap Index Scan on sbtest2_pkey  (cost=0.00..21.75 rows=932 width=0)
	        Index Cond: ((id >= 3960907) AND (id <= 3961906))

table 3 : explain SELECT c FROM sbtest3 WHERE id BETWEEN 1125014 AND 1126013
	Bitmap Heap Scan on sbtest3  (cost=22.91..3942.27 rows=1022 width=121)
	  Recheck Cond: ((id >= 1125014) AND (id <= 1126013))
	  ->  Bitmap Index Scan on sbtest3_pkey  (cost=0.00..22.65 rows=1022 width=0)
	        Index Cond: ((id >= 1125014) AND (id <= 1126013))

table 4 : explain SELECT c FROM sbtest4 WHERE id BETWEEN 6267115 AND 6268114
	Bitmap Heap Scan on sbtest4  (cost=21.92..3577.09 rows=925 width=121)
	  Recheck Cond: ((id >= 6267115) AND (id <= 6268114))
	  ->  Bitmap Index Scan on sbtest4_pkey  (cost=0.00..21.68 rows=925 width=0)
	        Index Cond: ((id >= 6267115) AND (id <= 6268114))

table 5 : explain SELECT c FROM sbtest5 WHERE id BETWEEN 9632855 AND 9633854
	Bitmap Heap Scan on sbtest5  (cost=22.07..3633.80 rows=940 width=121)
	  Recheck Cond: ((id >= 9632855) AND (id <= 9633854))
	  ->  Bitmap Index Scan on sbtest5_pkey  (cost=0.00..21.83 rows=940 width=0)
	        Index Cond: ((id >= 9632855) AND (id <= 9633854))

table 6 : explain SELECT c FROM sbtest6 WHERE id BETWEEN 4992307 AND 4993306
	Bitmap Heap Scan on sbtest6  (cost=22.38..3747.88 rows=970 width=121)
	  Recheck Cond: ((id >= 4992307) AND (id <= 4993306))
	  ->  Bitmap Index Scan on sbtest6_pkey  (cost=0.00..22.14 rows=970 width=0)
	        Index Cond: ((id >= 4992307) AND (id <= 4993306))

table 7 : explain SELECT c FROM sbtest7 WHERE id BETWEEN 7848255 AND 7849254
	Bitmap Heap Scan on sbtest7  (cost=22.85..3920.73 rows=1016 width=121)
	  Recheck Cond: ((id >= 7848255) AND (id <= 7849254))
	  ->  Bitmap Index Scan on sbtest7_pkey  (cost=0.00..22.59 rows=1016 width=0)
	        Index Cond: ((id >= 7848255) AND (id <= 7849254))

table 8 : explain SELECT c FROM sbtest8 WHERE id BETWEEN 6810175 AND 6811174
	Bitmap Heap Scan on sbtest8  (cost=22.80..3903.08 rows=1011 width=121)
	  Recheck Cond: ((id >= 6810175) AND (id <= 6811174))
	  ->  Bitmap Index Scan on sbtest8_pkey  (cost=0.00..22.54 rows=1011 width=0)
	        Index Cond: ((id >= 6810175) AND (id <= 6811174))

for: sum_ranges
table 1 : explain SELECT SUM(k) FROM sbtest1 WHERE id BETWEEN 6790208 AND 6791207
	Aggregate  (cost=4406.45..4406.46 rows=1 width=8)
	  ->  Bitmap Heap Scan on sbtest1  (cost=28.17..4403.59 rows=1145 width=4)
	        Recheck Cond: ((id >= 6790208) AND (id <= 6791207))
	        ->  Bitmap Index Scan on sbtest1_pkey  (cost=0.00..27.89 rows=1145 width=0)
	              Index Cond: ((id >= 6790208) AND (id <= 6791207))

table 2 : explain SELECT SUM(k) FROM sbtest2 WHERE id BETWEEN 5572751 AND 5573750
	Aggregate  (cost=3899.28..3899.29 rows=1 width=8)
	  ->  Bitmap Heap Scan on sbtest2  (cost=22.79..3896.76 rows=1010 width=4)
	        Recheck Cond: ((id >= 5572751) AND (id <= 5573750))
	        ->  Bitmap Index Scan on sbtest2_pkey  (cost=0.00..22.54 rows=1010 width=0)
	              Index Cond: ((id >= 5572751) AND (id <= 5573750))

table 3 : explain SELECT SUM(k) FROM sbtest3 WHERE id BETWEEN 5953084 AND 5954083
	Aggregate  (cost=3835.63..3835.64 rows=1 width=8)
	  ->  Bitmap Heap Scan on sbtest3  (cost=22.61..3833.15 rows=993 width=4)
	        Recheck Cond: ((id >= 5953084) AND (id <= 5954083))
	        ->  Bitmap Index Scan on sbtest3_pkey  (cost=0.00..22.36 rows=993 width=0)
	              Index Cond: ((id >= 5953084) AND (id <= 5954083))

table 4 : explain SELECT SUM(k) FROM sbtest4 WHERE id BETWEEN 8046902 AND 8047901
	Aggregate  (cost=3911.22..3911.23 rows=1 width=8)
	  ->  Bitmap Heap Scan on sbtest4  (cost=22.82..3908.69 rows=1013 width=4)
	        Recheck Cond: ((id >= 8046902) AND (id <= 8047901))
	        ->  Bitmap Index Scan on sbtest4_pkey  (cost=0.00..22.57 rows=1013 width=0)
	              Index Cond: ((id >= 8046902) AND (id <= 8047901))

table 5 : explain SELECT SUM(k) FROM sbtest5 WHERE id BETWEEN 8960271 AND 8961270
	Aggregate  (cost=4167.09..4167.10 rows=1 width=8)
	  ->  Bitmap Heap Scan on sbtest5  (cost=23.52..4164.39 rows=1081 width=4)
	        Recheck Cond: ((id >= 8960271) AND (id <= 8961270))
	        ->  Bitmap Index Scan on sbtest5_pkey  (cost=0.00..23.25 rows=1081 width=0)
	              Index Cond: ((id >= 8960271) AND (id <= 8961270))

table 6 : explain SELECT SUM(k) FROM sbtest6 WHERE id BETWEEN 1645855 AND 1646854
	Aggregate  (cost=3946.28..3946.29 rows=1 width=8)
	  ->  Bitmap Heap Scan on sbtest6  (cost=22.91..3943.73 rows=1022 width=4)
	        Recheck Cond: ((id >= 1645855) AND (id <= 1646854))
	        ->  Bitmap Index Scan on sbtest6_pkey  (cost=0.00..22.65 rows=1022 width=0)
	              Index Cond: ((id >= 1645855) AND (id <= 1646854))

table 7 : explain SELECT SUM(k) FROM sbtest7 WHERE id BETWEEN 933681 AND 934680
	Aggregate  (cost=3753.69..3753.70 rows=1 width=8)
	  ->  Bitmap Heap Scan on sbtest7  (cost=22.39..3751.26 rows=971 width=4)
	        Recheck Cond: ((id >= 933681) AND (id <= 934680))
	        ->  Bitmap Index Scan on sbtest7_pkey  (cost=0.00..22.14 rows=971 width=0)
	              Index Cond: ((id >= 933681) AND (id <= 934680))

table 8 : explain SELECT SUM(k) FROM sbtest8 WHERE id BETWEEN 8984726 AND 8985725
	Aggregate  (cost=3705.72..3705.73 rows=1 width=8)
	  ->  Bitmap Heap Scan on sbtest8  (cost=22.25..3703.32 rows=958 width=4)
	        Recheck Cond: ((id >= 8984726) AND (id <= 8985725))
	        ->  Bitmap Index Scan on sbtest8_pkey  (cost=0.00..22.01 rows=958 width=0)
	              Index Cond: ((id >= 8984726) AND (id <= 8985725))

for point_selects
table 1 : explain SELECT c FROM sbtest1 WHERE id=7153229
	Index Scan using sbtest1_pkey on sbtest1  (cost=0.43..8.45 rows=1 width=121)
	  Index Cond: (id = 7153229)

table 2 : explain SELECT c FROM sbtest2 WHERE id=2313035
	Index Scan using sbtest2_pkey on sbtest2  (cost=0.43..8.45 rows=1 width=121)
	  Index Cond: (id = 2313035)

table 3 : explain SELECT c FROM sbtest3 WHERE id=8474970
	Index Scan using sbtest3_pkey on sbtest3  (cost=0.43..8.45 rows=1 width=121)
	  Index Cond: (id = 8474970)

table 4 : explain SELECT c FROM sbtest4 WHERE id=1359076
	Index Scan using sbtest4_pkey on sbtest4  (cost=0.43..8.45 rows=1 width=121)
	  Index Cond: (id = 1359076)

table 5 : explain SELECT c FROM sbtest5 WHERE id=8105651
	Index Scan using sbtest5_pkey on sbtest5  (cost=0.43..8.45 rows=1 width=121)
	  Index Cond: (id = 8105651)

table 6 : explain SELECT c FROM sbtest6 WHERE id=8968036
	Index Scan using sbtest6_pkey on sbtest6  (cost=0.43..8.45 rows=1 width=121)
	  Index Cond: (id = 8968036)

table 7 : explain SELECT c FROM sbtest7 WHERE id=4995600
	Index Scan using sbtest7_pkey on sbtest7  (cost=0.43..8.45 rows=1 width=121)
	  Index Cond: (id = 4995600)

table 8 : explain SELECT c FROM sbtest8 WHERE id=2279257
	Index Scan using sbtest8_pkey on sbtest8  (cost=0.43..8.45 rows=1 width=121)
	  Index Cond: (id = 2279257)

explain: for point_selects :: explain SELECT c FROM sbtest%u WHERE id=%u
for: distinct_ranges
table 1 : explain SELECT DISTINCT c FROM sbtest1 WHERE id BETWEEN 1970736 AND 1971735 ORDER BY c
	Unique  (cost=4023.40..4028.55 rows=1030 width=121)
	  ->  Sort  (cost=4023.40..4025.97 rows=1030 width=121)
	        Sort Key: c
	        ->  Bitmap Heap Scan on sbtest1  (cost=22.99..3971.85 rows=1030 width=121)
	              Recheck Cond: ((id >= 1970736) AND (id <= 1971735))
	              ->  Bitmap Index Scan on sbtest1_pkey  (cost=0.00..22.73 rows=1030 width=0)
	                    Index Cond: ((id >= 1970736) AND (id <= 1971735))

table 2 : explain SELECT DISTINCT c FROM sbtest2 WHERE id BETWEEN 6809994 AND 6810993 ORDER BY c
	Unique  (cost=4210.38..4215.77 rows=1079 width=121)
	  ->  Sort  (cost=4210.38..4213.08 rows=1079 width=121)
	        Sort Key: c
	        ->  Bitmap Heap Scan on sbtest2  (cost=23.49..4156.02 rows=1079 width=121)
	              Recheck Cond: ((id >= 6809994) AND (id <= 6810993))
	              ->  Bitmap Index Scan on sbtest2_pkey  (cost=0.00..23.22 rows=1079 width=0)
	                    Index Cond: ((id >= 6809994) AND (id <= 6810993))

table 3 : explain SELECT DISTINCT c FROM sbtest3 WHERE id BETWEEN 6712792 AND 6713791 ORDER BY c
	Unique  (cost=4233.65..4239.07 rows=1085 width=121)
	  ->  Sort  (cost=4233.65..4236.36 rows=1085 width=121)
	        Sort Key: c
	        ->  Bitmap Heap Scan on sbtest3  (cost=23.56..4178.95 rows=1085 width=121)
	              Recheck Cond: ((id >= 6712792) AND (id <= 6713791))
	              ->  Bitmap Index Scan on sbtest3_pkey  (cost=0.00..23.29 rows=1085 width=0)
	                    Index Cond: ((id >= 6712792) AND (id <= 6713791))

table 4 : explain SELECT DISTINCT c FROM sbtest4 WHERE id BETWEEN 2261785 AND 2262784 ORDER BY c
	Unique  (cost=3982.17..3987.27 rows=1019 width=121)
	  ->  Sort  (cost=3982.17..3984.72 rows=1019 width=121)
	        Sort Key: c
	        ->  Bitmap Heap Scan on sbtest4  (cost=22.88..3931.26 rows=1019 width=121)
	              Recheck Cond: ((id >= 2261785) AND (id <= 2262784))
	              ->  Bitmap Index Scan on sbtest4_pkey  (cost=0.00..22.62 rows=1019 width=0)
	                    Index Cond: ((id >= 2261785) AND (id <= 2262784))

table 5 : explain SELECT DISTINCT c FROM sbtest5 WHERE id BETWEEN 6557174 AND 6558173 ORDER BY c
	Unique  (cost=3909.73..3914.73 rows=1000 width=121)
	  ->  Sort  (cost=3909.73..3912.23 rows=1000 width=121)
	        Sort Key: c
	        ->  Bitmap Heap Scan on sbtest5  (cost=22.68..3859.90 rows=1000 width=121)
	              Recheck Cond: ((id >= 6557174) AND (id <= 6558173))
	              ->  Bitmap Index Scan on sbtest5_pkey  (cost=0.00..22.43 rows=1000 width=0)
	                    Index Cond: ((id >= 6557174) AND (id <= 6558173))

table 6 : explain SELECT DISTINCT c FROM sbtest6 WHERE id BETWEEN 7839699 AND 7840698 ORDER BY c
	Unique  (cost=4181.86..4187.21 rows=1071 width=121)
	  ->  Sort  (cost=4181.86..4184.54 rows=1071 width=121)
	        Sort Key: c
	        ->  Bitmap Heap Scan on sbtest6  (cost=23.41..4127.96 rows=1071 width=121)
	              Recheck Cond: ((id >= 7839699) AND (id <= 7840698))
	              ->  Bitmap Index Scan on sbtest6_pkey  (cost=0.00..23.14 rows=1071 width=0)
	                    Index Cond: ((id >= 7839699) AND (id <= 7840698))

table 7 : explain SELECT DISTINCT c FROM sbtest7 WHERE id BETWEEN 3026839 AND 3027838 ORDER BY c
	Unique  (cost=4082.21..4087.44 rows=1045 width=121)
	  ->  Sort  (cost=4082.21..4084.83 rows=1045 width=121)
	        Sort Key: c
	        ->  Bitmap Heap Scan on sbtest7  (cost=23.15..4029.81 rows=1045 width=121)
	              Recheck Cond: ((id >= 3026839) AND (id <= 3027838))
	              ->  Bitmap Index Scan on sbtest7_pkey  (cost=0.00..22.89 rows=1045 width=0)
	                    Index Cond: ((id >= 3026839) AND (id <= 3027838))

table 8 : explain SELECT DISTINCT c FROM sbtest8 WHERE id BETWEEN 8963348 AND 8964347 ORDER BY c
	Unique  (cost=3750.76..3755.55 rows=958 width=121)
	  ->  Sort  (cost=3750.76..3753.16 rows=958 width=121)
	        Sort Key: c
	        ->  Bitmap Heap Scan on sbtest8  (cost=22.25..3703.32 rows=958 width=121)
	              Recheck Cond: ((id >= 8963348) AND (id <= 8964347))
	              ->  Bitmap Index Scan on sbtest8_pkey  (cost=0.00..22.01 rows=958 width=0)
	                    Index Cond: ((id >= 8963348) AND (id <= 8964347))

explain: for point_selects :: explain SELECT c FROM sbtest%u WHERE id=%u
for point_selects
table 1 : explain SELECT c FROM sbtest1 WHERE id=8943760
	Index Scan using sbtest1_pkey on sbtest1  (cost=0.43..8.45 rows=1 width=121)
	  Index Cond: (id = 8943760)

table 2 : explain SELECT c FROM sbtest2 WHERE id=2057470
	Index Scan using sbtest2_pkey on sbtest2  (cost=0.43..8.45 rows=1 width=121)
	  Index Cond: (id = 2057470)

table 3 : explain SELECT c FROM sbtest3 WHERE id=531606
	Index Scan using sbtest3_pkey on sbtest3  (cost=0.43..8.45 rows=1 width=121)
	  Index Cond: (id = 531606)

table 4 : explain SELECT c FROM sbtest4 WHERE id=1603546
	Index Scan using sbtest4_pkey on sbtest4  (cost=0.43..8.45 rows=1 width=121)
	  Index Cond: (id = 1603546)

table 5 : explain SELECT c FROM sbtest5 WHERE id=3792466
	Index Scan using sbtest5_pkey on sbtest5  (cost=0.43..8.45 rows=1 width=121)
	  Index Cond: (id = 3792466)

table 6 : explain SELECT c FROM sbtest6 WHERE id=681105
	Index Scan using sbtest6_pkey on sbtest6  (cost=0.43..8.45 rows=1 width=121)
	  Index Cond: (id = 681105)

table 7 : explain SELECT c FROM sbtest7 WHERE id=4524678
	Index Scan using sbtest7_pkey on sbtest7  (cost=0.43..8.45 rows=1 width=121)
	  Index Cond: (id = 4524678)

table 8 : explain SELECT c FROM sbtest8 WHERE id=1971077
	Index Scan using sbtest8_pkey on sbtest8  (cost=0.43..8.45 rows=1 width=121)
	  Index Cond: (id = 1971077)

explain: for point_selects :: explain SELECT c FROM sbtest%u WHERE id=%u
for: simple_ranges
table 1 : explain SELECT c FROM sbtest1 WHERE id BETWEEN 2157948 AND 2158947
	Bitmap Heap Scan on sbtest1  (cost=22.20..3682.01 rows=953 width=121)
	  Recheck Cond: ((id >= 2157948) AND (id <= 2158947))
	  ->  Bitmap Index Scan on sbtest1_pkey  (cost=0.00..21.96 rows=953 width=0)
	        Index Cond: ((id >= 2157948) AND (id <= 2158947))

table 2 : explain SELECT c FROM sbtest2 WHERE id BETWEEN 4567844 AND 4568843
	Bitmap Heap Scan on sbtest2  (cost=21.93..3580.30 rows=926 width=121)
	  Recheck Cond: ((id >= 4567844) AND (id <= 4568843))
	  ->  Bitmap Index Scan on sbtest2_pkey  (cost=0.00..21.69 rows=926 width=0)
	        Index Cond: ((id >= 4567844) AND (id <= 4568843))

table 3 : explain SELECT c FROM sbtest3 WHERE id BETWEEN 7139521 AND 7140520
	Bitmap Heap Scan on sbtest3  (cost=23.56..4178.95 rows=1085 width=121)
	  Recheck Cond: ((id >= 7139521) AND (id <= 7140520))
	  ->  Bitmap Index Scan on sbtest3_pkey  (cost=0.00..23.29 rows=1085 width=0)
	        Index Cond: ((id >= 7139521) AND (id <= 7140520))

table 4 : explain SELECT c FROM sbtest4 WHERE id BETWEEN 5857696 AND 5858695
	Bitmap Heap Scan on sbtest4  (cost=23.25..4066.60 rows=1055 width=121)
	  Recheck Cond: ((id >= 5857696) AND (id <= 5858695))
	  ->  Bitmap Index Scan on sbtest4_pkey  (cost=0.00..22.98 rows=1055 width=0)
	        Index Cond: ((id >= 5857696) AND (id <= 5858695))

table 5 : explain SELECT c FROM sbtest5 WHERE id BETWEEN 7617374 AND 7618373
	Bitmap Heap Scan on sbtest5  (cost=22.92..3946.44 rows=1023 width=121)
	  Recheck Cond: ((id >= 7617374) AND (id <= 7618373))
	  ->  Bitmap Index Scan on sbtest5_pkey  (cost=0.00..22.66 rows=1023 width=0)
	        Index Cond: ((id >= 7617374) AND (id <= 7618373))

table 6 : explain SELECT c FROM sbtest6 WHERE id BETWEEN 3277823 AND 3278822
	Bitmap Heap Scan on sbtest6  (cost=22.05..3627.18 rows=938 width=121)
	  Recheck Cond: ((id >= 3277823) AND (id <= 3278822))
	  ->  Bitmap Index Scan on sbtest6_pkey  (cost=0.00..21.82 rows=938 width=0)
	        Index Cond: ((id >= 3277823) AND (id <= 3278822))

table 7 : explain SELECT c FROM sbtest7 WHERE id BETWEEN 7748676 AND 7749675
	Bitmap Heap Scan on sbtest7  (cost=27.71..4236.66 rows=1100 width=121)
	  Recheck Cond: ((id >= 7748676) AND (id <= 7749675))
	  ->  Bitmap Index Scan on sbtest7_pkey  (cost=0.00..27.43 rows=1100 width=0)
	        Index Cond: ((id >= 7748676) AND (id <= 7749675))

table 8 : explain SELECT c FROM sbtest8 WHERE id BETWEEN 9828653 AND 9829652
	Bitmap Heap Scan on sbtest8  (cost=27.53..4174.11 rows=1082 width=121)
	  Recheck Cond: ((id >= 9828653) AND (id <= 9829652))
	  ->  Bitmap Index Scan on sbtest8_pkey  (cost=0.00..27.25 rows=1082 width=0)
	        Index Cond: ((id >= 9828653) AND (id <= 9829652))

for: order_ranges
table 1 : explain SELECT c FROM sbtest1 WHERE id BETWEEN 4169478 AND 4170477 ORDER BY c
	Sort  (cost=3683.25..3685.60 rows=941 width=121)
	  Sort Key: c
	  ->  Bitmap Heap Scan on sbtest1  (cost=22.08..3636.77 rows=941 width=121)
	        Recheck Cond: ((id >= 4169478) AND (id <= 4170477))
	        ->  Bitmap Index Scan on sbtest1_pkey  (cost=0.00..21.84 rows=941 width=0)
	              Index Cond: ((id >= 4169478) AND (id <= 4170477))

table 2 : explain SELECT c FROM sbtest2 WHERE id BETWEEN 5516529 AND 5517528 ORDER BY c
	Sort  (cost=3947.16..3949.68 rows=1010 width=121)
	  Sort Key: c
	  ->  Bitmap Heap Scan on sbtest2  (cost=22.79..3896.76 rows=1010 width=121)
	        Recheck Cond: ((id >= 5516529) AND (id <= 5517528))
	        ->  Bitmap Index Scan on sbtest2_pkey  (cost=0.00..22.54 rows=1010 width=0)
	              Index Cond: ((id >= 5516529) AND (id <= 5517528))

table 3 : explain SELECT c FROM sbtest3 WHERE id BETWEEN 8876718 AND 8877717 ORDER BY c
	Sort  (cost=3901.68..3904.18 rows=998 width=121)
	  Sort Key: c
	  ->  Bitmap Heap Scan on sbtest3  (cost=22.66..3851.97 rows=998 width=121)
	        Recheck Cond: ((id >= 8876718) AND (id <= 8877717))
	        ->  Bitmap Index Scan on sbtest3_pkey  (cost=0.00..22.41 rows=998 width=0)
	              Index Cond: ((id >= 8876718) AND (id <= 8877717))

table 4 : explain SELECT c FROM sbtest4 WHERE id BETWEEN 9683715 AND 9684714 ORDER BY c
	Sort  (cost=4176.78..4179.45 rows=1070 width=121)
	  Sort Key: c
	  ->  Bitmap Heap Scan on sbtest4  (cost=23.40..4122.94 rows=1070 width=121)
	        Recheck Cond: ((id >= 9683715) AND (id <= 9684714))
	        ->  Bitmap Index Scan on sbtest4_pkey  (cost=0.00..23.14 rows=1070 width=0)
	              Index Cond: ((id >= 9683715) AND (id <= 9684714))

table 5 : explain SELECT c FROM sbtest5 WHERE id BETWEEN 5693756 AND 5694755 ORDER BY c
	Sort  (cost=3875.33..3877.81 rows=991 width=121)
	  Sort Key: c
	  ->  Bitmap Heap Scan on sbtest5  (cost=22.59..3826.01 rows=991 width=121)
	        Recheck Cond: ((id >= 5693756) AND (id <= 5694755))
	        ->  Bitmap Index Scan on sbtest5_pkey  (cost=0.00..22.34 rows=991 width=0)
	              Index Cond: ((id >= 5693756) AND (id <= 5694755))

table 6 : explain SELECT c FROM sbtest6 WHERE id BETWEEN 8929066 AND 8930065 ORDER BY c
	Sort  (cost=3527.83..3530.08 rows=900 width=121)
	  Sort Key: c
	  ->  Bitmap Heap Scan on sbtest6  (cost=21.66..3483.67 rows=900 width=121)
	        Recheck Cond: ((id >= 8929066) AND (id <= 8930065))
	        ->  Bitmap Index Scan on sbtest6_pkey  (cost=0.00..21.43 rows=900 width=0)
	              Index Cond: ((id >= 8929066) AND (id <= 8930065))

table 7 : explain SELECT c FROM sbtest7 WHERE id BETWEEN 5276964 AND 5277963 ORDER BY c
	Sort  (cost=3630.98..3633.30 rows=927 width=121)
	  Sort Key: c
	  ->  Bitmap Heap Scan on sbtest7  (cost=21.94..3585.29 rows=927 width=121)
	        Recheck Cond: ((id >= 5276964) AND (id <= 5277963))
	        ->  Bitmap Index Scan on sbtest7_pkey  (cost=0.00..21.70 rows=927 width=0)
	              Index Cond: ((id >= 5276964) AND (id <= 5277963))

table 8 : explain SELECT c FROM sbtest8 WHERE id BETWEEN 5672453 AND 5673452 ORDER BY c
	Sort  (cost=3639.66..3641.99 rows=929 width=121)
	  Sort Key: c
	  ->  Bitmap Heap Scan on sbtest8  (cost=21.96..3593.87 rows=929 width=121)
	        Recheck Cond: ((id >= 5672453) AND (id <= 5673452))
	        ->  Bitmap Index Scan on sbtest8_pkey  (cost=0.00..21.72 rows=929 width=0)
	              Index Cond: ((id >= 5672453) AND (id <= 5673452))

for: order_ranges
table 1 : explain SELECT c FROM sbtest1 WHERE id BETWEEN 719952 AND 720951 ORDER BY c
	Sort  (cost=3759.77..3762.18 rows=961 width=121)
	  Sort Key: c
	  ->  Bitmap Heap Scan on sbtest1  (cost=22.29..3712.16 rows=961 width=121)
	        Recheck Cond: ((id >= 719952) AND (id <= 720951))
	        ->  Bitmap Index Scan on sbtest1_pkey  (cost=0.00..22.04 rows=961 width=0)
	              Index Cond: ((id >= 719952) AND (id <= 720951))

table 2 : explain SELECT c FROM sbtest2 WHERE id BETWEEN 747183 AND 748182 ORDER BY c
	Sort  (cost=3805.77..3808.21 rows=973 width=121)
	  Sort Key: c
	  ->  Bitmap Heap Scan on sbtest2  (cost=22.41..3757.48 rows=973 width=121)
	        Recheck Cond: ((id >= 747183) AND (id <= 748182))
	        ->  Bitmap Index Scan on sbtest2_pkey  (cost=0.00..22.16 rows=973 width=0)
	              Index Cond: ((id >= 747183) AND (id <= 748182))

table 3 : explain SELECT c FROM sbtest3 WHERE id BETWEEN 4673238 AND 4674237 ORDER BY c
	Sort  (cost=3706.65..3709.02 rows=947 width=121)
	  Sort Key: c
	  ->  Bitmap Heap Scan on sbtest3  (cost=22.14..3659.84 rows=947 width=121)
	        Recheck Cond: ((id >= 4673238) AND (id <= 4674237))
	        ->  Bitmap Index Scan on sbtest3_pkey  (cost=0.00..21.90 rows=947 width=0)
	              Index Cond: ((id >= 4673238) AND (id <= 4674237))

table 4 : explain SELECT c FROM sbtest4 WHERE id BETWEEN 5187886 AND 5188885 ORDER BY c
	Sort  (cost=3695.42..3697.78 rows=944 width=121)
	  Sort Key: c
	  ->  Bitmap Heap Scan on sbtest4  (cost=22.11..3648.77 rows=944 width=121)
	        Recheck Cond: ((id >= 5187886) AND (id <= 5188885))
	        ->  Bitmap Index Scan on sbtest4_pkey  (cost=0.00..21.87 rows=944 width=0)
	              Index Cond: ((id >= 5187886) AND (id <= 5188885))

table 5 : explain SELECT c FROM sbtest5 WHERE id BETWEEN 850322 AND 851321 ORDER BY c
	Sort  (cost=4012.86..4015.43 rows=1027 width=121)
	  Sort Key: c
	  ->  Bitmap Heap Scan on sbtest5  (cost=22.96..3961.49 rows=1027 width=121)
	        Recheck Cond: ((id >= 850322) AND (id <= 851321))
	        ->  Bitmap Index Scan on sbtest5_pkey  (cost=0.00..22.70 rows=1027 width=0)
	              Index Cond: ((id >= 850322) AND (id <= 851321))

table 6 : explain SELECT c FROM sbtest6 WHERE id BETWEEN 8068965 AND 8069964 ORDER BY c
	Sort  (cost=3707.96..3710.32 rows=947 width=121)
	  Sort Key: c
	  ->  Bitmap Heap Scan on sbtest6  (cost=22.14..3661.14 rows=947 width=121)
	        Recheck Cond: ((id >= 8068965) AND (id <= 8069964))
	        ->  Bitmap Index Scan on sbtest6_pkey  (cost=0.00..21.90 rows=947 width=0)
	              Index Cond: ((id >= 8068965) AND (id <= 8069964))

table 7 : explain SELECT c FROM sbtest7 WHERE id BETWEEN 4411243 AND 4412242 ORDER BY c
	Sort  (cost=3523.65..3525.90 rows=899 width=121)
	  Sort Key: c
	  ->  Bitmap Heap Scan on sbtest7  (cost=21.65..3479.54 rows=899 width=121)
	        Recheck Cond: ((id >= 4411243) AND (id <= 4412242))
	        ->  Bitmap Index Scan on sbtest7_pkey  (cost=0.00..21.43 rows=899 width=0)
	              Index Cond: ((id >= 4411243) AND (id <= 4412242))

table 8 : explain SELECT c FROM sbtest8 WHERE id BETWEEN 1477019 AND 1478018 ORDER BY c
	Sort  (cost=3743.10..3745.49 rows=956 width=121)
	  Sort Key: c
	  ->  Bitmap Heap Scan on sbtest8  (cost=22.23..3695.78 rows=956 width=121)
	        Recheck Cond: ((id >= 1477019) AND (id <= 1478018))
	        ->  Bitmap Index Scan on sbtest8_pkey  (cost=0.00..22.00 rows=956 width=0)
	              Index Cond: ((id >= 1477019) AND (id <= 1478018))

for: order_ranges
table 1 : explain SELECT c FROM sbtest1 WHERE id BETWEEN 3807518 AND 3808517 ORDER BY c
	Sort  (cost=3514.72..3516.96 rows=897 width=121)
	  Sort Key: c
	  ->  Bitmap Heap Scan on sbtest1  (cost=21.63..3470.72 rows=897 width=121)
	        Recheck Cond: ((id >= 3807518) AND (id <= 3808517))
	        ->  Bitmap Index Scan on sbtest1_pkey  (cost=0.00..21.40 rows=897 width=0)
	              Index Cond: ((id >= 3807518) AND (id <= 3808517))

table 2 : explain SELECT c FROM sbtest2 WHERE id BETWEEN 3021652 AND 3022651 ORDER BY c
	Sort  (cost=4134.14..4136.79 rows=1059 width=121)
	  Sort Key: c
	  ->  Bitmap Heap Scan on sbtest2  (cost=23.29..4080.94 rows=1059 width=121)
	        Recheck Cond: ((id >= 3021652) AND (id <= 3022651))
	        ->  Bitmap Index Scan on sbtest2_pkey  (cost=0.00..23.02 rows=1059 width=0)
	              Index Cond: ((id >= 3021652) AND (id <= 3022651))

table 3 : explain SELECT c FROM sbtest3 WHERE id BETWEEN 5021929 AND 5022928 ORDER BY c
	Sort  (cost=3744.92..3747.31 rows=957 width=121)
	  Sort Key: c
	  ->  Bitmap Heap Scan on sbtest3  (cost=22.24..3697.54 rows=957 width=121)
	        Recheck Cond: ((id >= 5021929) AND (id <= 5022928))
	        ->  Bitmap Index Scan on sbtest3_pkey  (cost=0.00..22.00 rows=957 width=0)
	              Index Cond: ((id >= 5021929) AND (id <= 5022928))

table 4 : explain SELECT c FROM sbtest4 WHERE id BETWEEN 1060955 AND 1061954 ORDER BY c
	Sort  (cost=4073.79..4076.40 rows=1043 width=121)
	  Sort Key: c
	  ->  Bitmap Heap Scan on sbtest4  (cost=23.13..4021.50 rows=1043 width=121)
	        Recheck Cond: ((id >= 1060955) AND (id <= 1061954))
	        ->  Bitmap Index Scan on sbtest4_pkey  (cost=0.00..22.86 rows=1043 width=0)
	              Index Cond: ((id >= 1060955) AND (id <= 1061954))

table 5 : explain SELECT c FROM sbtest5 WHERE id BETWEEN 7711333 AND 7712332 ORDER BY c
	Sort  (cost=3649.59..3651.92 rows=932 width=121)
	  Sort Key: c
	  ->  Bitmap Heap Scan on sbtest5  (cost=21.99..3603.62 rows=932 width=121)
	        Recheck Cond: ((id >= 7711333) AND (id <= 7712332))
	        ->  Bitmap Index Scan on sbtest5_pkey  (cost=0.00..21.75 rows=932 width=0)
	              Index Cond: ((id >= 7711333) AND (id <= 7712332))

table 6 : explain SELECT c FROM sbtest6 WHERE id BETWEEN 1382087 AND 1383086 ORDER BY c
	Sort  (cost=3631.34..3633.66 rows=927 width=121)
	  Sort Key: c
	  ->  Bitmap Heap Scan on sbtest6  (cost=21.94..3585.66 rows=927 width=121)
	        Recheck Cond: ((id >= 1382087) AND (id <= 1383086))
	        ->  Bitmap Index Scan on sbtest6_pkey  (cost=0.00..21.70 rows=927 width=0)
	              Index Cond: ((id >= 1382087) AND (id <= 1383086))

table 7 : explain SELECT c FROM sbtest7 WHERE id BETWEEN 8876280 AND 8877279 ORDER BY c
	Sort  (cost=3948.55..3951.08 rows=1010 width=121)
	  Sort Key: c
	  ->  Bitmap Heap Scan on sbtest7  (cost=22.79..3898.15 rows=1010 width=121)
	        Recheck Cond: ((id >= 8876280) AND (id <= 8877279))
	        ->  Bitmap Index Scan on sbtest7_pkey  (cost=0.00..22.54 rows=1010 width=0)
	              Index Cond: ((id >= 8876280) AND (id <= 8877279))

table 8 : explain SELECT c FROM sbtest8 WHERE id BETWEEN 3738847 AND 3739846 ORDER BY c
	Sort  (cost=4255.33..4258.06 rows=1089 width=121)
	  Sort Key: c
	  ->  Bitmap Heap Scan on sbtest8  (cost=27.60..4200.40 rows=1089 width=121)
	        Recheck Cond: ((id >= 3738847) AND (id <= 3739846))
	        ->  Bitmap Index Scan on sbtest8_pkey  (cost=0.00..27.32 rows=1089 width=0)
	              Index Cond: ((id >= 3738847) AND (id <= 3739846))

explain: for point_selects :: explain SELECT c FROM sbtest%u WHERE id=%u
for: simple_ranges
table 1 : explain SELECT c FROM sbtest1 WHERE id BETWEEN 8578140 AND 8579139
	Bitmap Heap Scan on sbtest1  (cost=22.57..3817.62 rows=989 width=121)
	  Recheck Cond: ((id >= 8578140) AND (id <= 8579139))
	  ->  Bitmap Index Scan on sbtest1_pkey  (cost=0.00..22.32 rows=989 width=0)
	        Index Cond: ((id >= 8578140) AND (id <= 8579139))

table 2 : explain SELECT c FROM sbtest2 WHERE id BETWEEN 5442982 AND 5443981
	Bitmap Heap Scan on sbtest2  (cost=21.67..3485.93 rows=901 width=121)
	  Recheck Cond: ((id >= 5442982) AND (id <= 5443981))
	  ->  Bitmap Index Scan on sbtest2_pkey  (cost=0.00..21.44 rows=901 width=0)
	        Index Cond: ((id >= 5442982) AND (id <= 5443981))

table 3 : explain SELECT c FROM sbtest3 WHERE id BETWEEN 791728 AND 792727
	Bitmap Heap Scan on sbtest3  (cost=21.66..3482.46 rows=900 width=121)
	  Recheck Cond: ((id >= 791728) AND (id <= 792727))
	  ->  Bitmap Index Scan on sbtest3_pkey  (cost=0.00..21.43 rows=900 width=0)
	        Index Cond: ((id >= 791728) AND (id <= 792727))

table 4 : explain SELECT c FROM sbtest4 WHERE id BETWEEN 5760572 AND 5761571
	Bitmap Heap Scan on sbtest4  (cost=22.24..3697.79 rows=957 width=121)
	  Recheck Cond: ((id >= 5760572) AND (id <= 5761571))
	  ->  Bitmap Index Scan on sbtest4_pkey  (cost=0.00..22.00 rows=957 width=0)
	        Index Cond: ((id >= 5760572) AND (id <= 5761571))

table 5 : explain SELECT c FROM sbtest5 WHERE id BETWEEN 285851 AND 286850
	Bitmap Heap Scan on sbtest5  (cost=23.19..4044.19 rows=1049 width=121)
	  Recheck Cond: ((id >= 285851) AND (id <= 286850))
	  ->  Bitmap Index Scan on sbtest5_pkey  (cost=0.00..22.93 rows=1049 width=0)
	        Index Cond: ((id >= 285851) AND (id <= 286850))

table 6 : explain SELECT c FROM sbtest6 WHERE id BETWEEN 2943844 AND 2944843
	Bitmap Heap Scan on sbtest6  (cost=22.19..3680.00 rows=952 width=121)
	  Recheck Cond: ((id >= 2943844) AND (id <= 2944843))
	  ->  Bitmap Index Scan on sbtest6_pkey  (cost=0.00..21.95 rows=952 width=0)
	        Index Cond: ((id >= 2943844) AND (id <= 2944843))

table 7 : explain SELECT c FROM sbtest7 WHERE id BETWEEN 8953502 AND 8954501
	Bitmap Heap Scan on sbtest7  (cost=23.19..4044.85 rows=1049 width=121)
	  Recheck Cond: ((id >= 8953502) AND (id <= 8954501))
	  ->  Bitmap Index Scan on sbtest7_pkey  (cost=0.00..22.93 rows=1049 width=0)
	        Index Cond: ((id >= 8953502) AND (id <= 8954501))

table 8 : explain SELECT c FROM sbtest8 WHERE id BETWEEN 7059180 AND 7060179
	Bitmap Heap Scan on sbtest8  (cost=21.92..3578.76 rows=925 width=121)
	  Recheck Cond: ((id >= 7059180) AND (id <= 7060179))
	  ->  Bitmap Index Scan on sbtest8_pkey  (cost=0.00..21.68 rows=925 width=0)
	        Index Cond: ((id >= 7059180) AND (id <= 7060179))

for: order_ranges
table 1 : explain SELECT c FROM sbtest1 WHERE id BETWEEN 285562 AND 286561 ORDER BY c
	Sort  (cost=3916.49..3918.99 rows=1002 width=121)
	  Sort Key: c
	  ->  Bitmap Heap Scan on sbtest1  (cost=22.71..3866.55 rows=1002 width=121)
	        Recheck Cond: ((id >= 285562) AND (id <= 286561))
	        ->  Bitmap Index Scan on sbtest1_pkey  (cost=0.00..22.45 rows=1002 width=0)
	              Index Cond: ((id >= 285562) AND (id <= 286561))

table 2 : explain SELECT c FROM sbtest2 WHERE id BETWEEN 9036297 AND 9037296 ORDER BY c
	Sort  (cost=3939.52..3942.04 rows=1008 width=121)
	  Sort Key: c
	  ->  Bitmap Heap Scan on sbtest2  (cost=22.77..3889.24 rows=1008 width=121)
	        Recheck Cond: ((id >= 9036297) AND (id <= 9037296))
	        ->  Bitmap Index Scan on sbtest2_pkey  (cost=0.00..22.51 rows=1008 width=0)
	              Index Cond: ((id >= 9036297) AND (id <= 9037296))

table 3 : explain SELECT c FROM sbtest3 WHERE id BETWEEN 739732 AND 740731 ORDER BY c
	Sort  (cost=3526.62..3528.87 rows=900 width=121)
	  Sort Key: c
	  ->  Bitmap Heap Scan on sbtest3  (cost=21.66..3482.46 rows=900 width=121)
	        Recheck Cond: ((id >= 739732) AND (id <= 740731))
	        ->  Bitmap Index Scan on sbtest3_pkey  (cost=0.00..21.43 rows=900 width=0)
	              Index Cond: ((id >= 739732) AND (id <= 740731))

table 4 : explain SELECT c FROM sbtest4 WHERE id BETWEEN 5042200 AND 5043199 ORDER BY c
	Sort  (cost=4214.90..4217.60 rows=1080 width=121)
	  Sort Key: c
	  ->  Bitmap Heap Scan on sbtest4  (cost=23.50..4160.48 rows=1080 width=121)
	        Recheck Cond: ((id >= 5042200) AND (id <= 5043199))
	        ->  Bitmap Index Scan on sbtest4_pkey  (cost=0.00..23.23 rows=1080 width=0)
	              Index Cond: ((id >= 5042200) AND (id <= 5043199))

table 5 : explain SELECT c FROM sbtest5 WHERE id BETWEEN 5686905 AND 5687904 ORDER BY c
	Sort  (cost=3875.33..3877.81 rows=991 width=121)
	  Sort Key: c
	  ->  Bitmap Heap Scan on sbtest5  (cost=22.59..3826.01 rows=991 width=121)
	        Recheck Cond: ((id >= 5686905) AND (id <= 5687904))
	        ->  Bitmap Index Scan on sbtest5_pkey  (cost=0.00..22.34 rows=991 width=0)
	              Index Cond: ((id >= 5686905) AND (id <= 5687904))

table 6 : explain SELECT c FROM sbtest6 WHERE id BETWEEN 3132385 AND 3133384 ORDER BY c
	Sort  (cost=4193.30..4195.99 rows=1074 width=121)
	  Sort Key: c
	  ->  Bitmap Heap Scan on sbtest6  (cost=23.44..4139.23 rows=1074 width=121)
	        Recheck Cond: ((id >= 3132385) AND (id <= 3133384))
	        ->  Bitmap Index Scan on sbtest6_pkey  (cost=0.00..23.18 rows=1074 width=0)
	              Index Cond: ((id >= 3132385) AND (id <= 3133384))

table 7 : explain SELECT c FROM sbtest7 WHERE id BETWEEN 708117 AND 709116 ORDER BY c
	Sort  (cost=4009.67..4012.24 rows=1026 width=121)
	  Sort Key: c
	  ->  Bitmap Heap Scan on sbtest7  (cost=22.95..3958.36 rows=1026 width=121)
	        Recheck Cond: ((id >= 708117) AND (id <= 709116))
	        ->  Bitmap Index Scan on sbtest7_pkey  (cost=0.00..22.69 rows=1026 width=0)
	              Index Cond: ((id >= 708117) AND (id <= 709116))

table 8 : explain SELECT c FROM sbtest8 WHERE id BETWEEN 4462991 AND 4463990 ORDER BY c
	Sort  (cost=3945.89..3948.41 rows=1009 width=121)
	  Sort Key: c
	  ->  Bitmap Heap Scan on sbtest8  (cost=22.78..3895.55 rows=1009 width=121)
	        Recheck Cond: ((id >= 4462991) AND (id <= 4463990))
	        ->  Bitmap Index Scan on sbtest8_pkey  (cost=0.00..22.52 rows=1009 width=0)
	              Index Cond: ((id >= 4462991) AND (id <= 4463990))

for: sum_ranges
table 1 : explain SELECT SUM(k) FROM sbtest1 WHERE id BETWEEN 3837215 AND 3838214
	Aggregate  (cost=4106.00..4106.01 rows=1 width=8)
	  ->  Bitmap Heap Scan on sbtest1  (cost=23.35..4103.34 rows=1065 width=4)
	        Recheck Cond: ((id >= 3837215) AND (id <= 3838214))
	        ->  Bitmap Index Scan on sbtest1_pkey  (cost=0.00..23.08 rows=1065 width=0)
	              Index Cond: ((id >= 3837215) AND (id <= 3838214))

table 2 : explain SELECT SUM(k) FROM sbtest2 WHERE id BETWEEN 291102 AND 292101
	Aggregate  (cost=4297.86..4297.87 rows=1 width=8)
	  ->  Bitmap Heap Scan on sbtest2  (cost=27.87..4295.07 rows=1116 width=4)
	        Recheck Cond: ((id >= 291102) AND (id <= 292101))
	        ->  Bitmap Index Scan on sbtest2_pkey  (cost=0.00..27.59 rows=1116 width=0)
	              Index Cond: ((id >= 291102) AND (id <= 292101))

table 3 : explain SELECT SUM(k) FROM sbtest3 WHERE id BETWEEN 6337199 AND 6338198
	Aggregate  (cost=3884.59..3884.60 rows=1 width=8)
	  ->  Bitmap Heap Scan on sbtest3  (cost=22.75..3882.08 rows=1006 width=4)
	        Recheck Cond: ((id >= 6337199) AND (id <= 6338198))
	        ->  Bitmap Index Scan on sbtest3_pkey  (cost=0.00..22.50 rows=1006 width=0)
	              Index Cond: ((id >= 6337199) AND (id <= 6338198))

table 4 : explain SELECT SUM(k) FROM sbtest4 WHERE id BETWEEN 7845553 AND 7846552
	Aggregate  (cost=3794.45..3794.46 rows=1 width=8)
	  ->  Bitmap Heap Scan on sbtest4  (cost=22.50..3791.99 rows=982 width=4)
	        Recheck Cond: ((id >= 7845553) AND (id <= 7846552))
	        ->  Bitmap Index Scan on sbtest4_pkey  (cost=0.00..22.25 rows=982 width=0)
	              Index Cond: ((id >= 7845553) AND (id <= 7846552))

table 5 : explain SELECT SUM(k) FROM sbtest5 WHERE id BETWEEN 9033470 AND 9034469
	Aggregate  (cost=3794.58..3794.59 rows=1 width=8)
	  ->  Bitmap Heap Scan on sbtest5  (cost=22.50..3792.12 rows=982 width=4)
	        Recheck Cond: ((id >= 9033470) AND (id <= 9034469))
	        ->  Bitmap Index Scan on sbtest5_pkey  (cost=0.00..22.25 rows=982 width=0)
	              Index Cond: ((id >= 9033470) AND (id <= 9034469))

table 6 : explain SELECT SUM(k) FROM sbtest6 WHERE id BETWEEN 7281892 AND 7282891
	Aggregate  (cost=4104.32..4104.33 rows=1 width=8)
	  ->  Bitmap Heap Scan on sbtest6  (cost=23.34..4101.66 rows=1064 width=4)
	        Recheck Cond: ((id >= 7281892) AND (id <= 7282891))
	        ->  Bitmap Index Scan on sbtest6_pkey  (cost=0.00..23.07 rows=1064 width=0)
	              Index Cond: ((id >= 7281892) AND (id <= 7282891))

table 7 : explain SELECT SUM(k) FROM sbtest7 WHERE id BETWEEN 2596549 AND 2597548
	Aggregate  (cost=4039.95..4039.96 rows=1 width=8)
	  ->  Bitmap Heap Scan on sbtest7  (cost=23.17..4037.33 rows=1047 width=4)
	        Recheck Cond: ((id >= 2596549) AND (id <= 2597548))
	        ->  Bitmap Index Scan on sbtest7_pkey  (cost=0.00..22.90 rows=1047 width=0)
	              Index Cond: ((id >= 2596549) AND (id <= 2597548))

table 8 : explain SELECT SUM(k) FROM sbtest8 WHERE id BETWEEN 3820019 AND 3821018
	Aggregate  (cost=4297.07..4297.08 rows=1 width=8)
	  ->  Bitmap Heap Scan on sbtest8  (cost=27.86..4294.28 rows=1115 width=4)
	        Recheck Cond: ((id >= 3820019) AND (id <= 3821018))
	        ->  Bitmap Index Scan on sbtest8_pkey  (cost=0.00..27.58 rows=1115 width=0)
	              Index Cond: ((id >= 3820019) AND (id <= 3821018))

for: order_ranges
table 1 : explain SELECT c FROM sbtest1 WHERE id BETWEEN 749745 AND 750744 ORDER BY c
	Sort  (cost=3759.77..3762.18 rows=961 width=121)
	  Sort Key: c
	  ->  Bitmap Heap Scan on sbtest1  (cost=22.29..3712.16 rows=961 width=121)
	        Recheck Cond: ((id >= 749745) AND (id <= 750744))
	        ->  Bitmap Index Scan on sbtest1_pkey  (cost=0.00..22.04 rows=961 width=0)
	              Index Cond: ((id >= 749745) AND (id <= 750744))

table 2 : explain SELECT c FROM sbtest2 WHERE id BETWEEN 963845 AND 964844 ORDER BY c
	Sort  (cost=4347.76..4350.55 rows=1115 width=121)
	  Sort Key: c
	  ->  Bitmap Heap Scan on sbtest2  (cost=27.86..4291.32 rows=1115 width=121)
	        Recheck Cond: ((id >= 963845) AND (id <= 964844))
	        ->  Bitmap Index Scan on sbtest2_pkey  (cost=0.00..27.58 rows=1115 width=0)
	              Index Cond: ((id >= 963845) AND (id <= 964844))

table 3 : explain SELECT c FROM sbtest3 WHERE id BETWEEN 1333298 AND 1334297 ORDER BY c
	Sort  (cost=3756.40..3758.80 rows=960 width=121)
	  Sort Key: c
	  ->  Bitmap Heap Scan on sbtest3  (cost=22.27..3708.84 rows=960 width=121)
	        Recheck Cond: ((id >= 1333298) AND (id <= 1334297))
	        ->  Bitmap Index Scan on sbtest3_pkey  (cost=0.00..22.04 rows=960 width=0)
	              Index Cond: ((id >= 1333298) AND (id <= 1334297))

table 4 : explain SELECT c FROM sbtest4 WHERE id BETWEEN 1310075 AND 1311074 ORDER BY c
	Sort  (cost=3695.42..3697.78 rows=944 width=121)
	  Sort Key: c
	  ->  Bitmap Heap Scan on sbtest4  (cost=22.11..3648.77 rows=944 width=121)
	        Recheck Cond: ((id >= 1310075) AND (id <= 1311074))
	        ->  Bitmap Index Scan on sbtest4_pkey  (cost=0.00..21.87 rows=944 width=0)
	              Index Cond: ((id >= 1310075) AND (id <= 1311074))

table 5 : explain SELECT c FROM sbtest5 WHERE id BETWEEN 998527 AND 999526 ORDER BY c
	Sort  (cost=4024.31..4026.89 rows=1030 width=121)
	  Sort Key: c
	  ->  Bitmap Heap Scan on sbtest5  (cost=22.99..3972.77 rows=1030 width=121)
	        Recheck Cond: ((id >= 998527) AND (id <= 999526))
	        ->  Bitmap Index Scan on sbtest5_pkey  (cost=0.00..22.73 rows=1030 width=0)
	              Index Cond: ((id >= 998527) AND (id <= 999526))

table 6 : explain SELECT c FROM sbtest6 WHERE id BETWEEN 9916481 AND 9917480 ORDER BY c
	Sort  (cost=3635.17..3637.49 rows=928 width=121)
	  Sort Key: c
	  ->  Bitmap Heap Scan on sbtest6  (cost=21.95..3589.43 rows=928 width=121)
	        Recheck Cond: ((id >= 9916481) AND (id <= 9917480))
	        ->  Bitmap Index Scan on sbtest6_pkey  (cost=0.00..21.71 rows=928 width=0)
	              Index Cond: ((id >= 9916481) AND (id <= 9917480))

table 7 : explain SELECT c FROM sbtest7 WHERE id BETWEEN 5860850 AND 5861849 ORDER BY c
	Sort  (cost=4051.67..4054.27 rows=1037 width=121)
	  Sort Key: c
	  ->  Bitmap Heap Scan on sbtest7  (cost=23.06..3999.73 rows=1037 width=121)
	        Recheck Cond: ((id >= 5860850) AND (id <= 5861849))
	        ->  Bitmap Index Scan on sbtest7_pkey  (cost=0.00..22.80 rows=1037 width=0)
	              Index Cond: ((id >= 5860850) AND (id <= 5861849))

table 8 : explain SELECT c FROM sbtest8 WHERE id BETWEEN 9634812 AND 9635811 ORDER BY c
	Sort  (cost=4125.43..4128.07 rows=1056 width=121)
	  Sort Key: c
	  ->  Bitmap Heap Scan on sbtest8  (cost=23.26..4072.40 rows=1056 width=121)
	        Recheck Cond: ((id >= 9634812) AND (id <= 9635811))
	        ->  Bitmap Index Scan on sbtest8_pkey  (cost=0.00..23.00 rows=1056 width=0)
	              Index Cond: ((id >= 9634812) AND (id <= 9635811))

for: sum_ranges
table 1 : explain SELECT SUM(k) FROM sbtest1 WHERE id BETWEEN 9415251 AND 9416250
	Aggregate  (cost=3778.65..3778.66 rows=1 width=8)
	  ->  Bitmap Heap Scan on sbtest1  (cost=22.46..3776.20 rows=978 width=4)
	        Recheck Cond: ((id >= 9415251) AND (id <= 9416250))
	        ->  Bitmap Index Scan on sbtest1_pkey  (cost=0.00..22.21 rows=978 width=0)
	              Index Cond: ((id >= 9415251) AND (id <= 9416250))

table 2 : explain SELECT SUM(k) FROM sbtest2 WHERE id BETWEEN 4009800 AND 4010799
	Aggregate  (cost=4087.34..4087.35 rows=1 width=8)
	  ->  Bitmap Heap Scan on sbtest2  (cost=23.30..4084.69 rows=1060 width=4)
	        Recheck Cond: ((id >= 4009800) AND (id <= 4010799))
	        ->  Bitmap Index Scan on sbtest2_pkey  (cost=0.00..23.04 rows=1060 width=0)
	              Index Cond: ((id >= 4009800) AND (id <= 4010799))

table 3 : explain SELECT SUM(k) FROM sbtest3 WHERE id BETWEEN 2153381 AND 2154380
	Aggregate  (cost=3601.81..3601.82 rows=1 width=8)
	  ->  Bitmap Heap Scan on sbtest3  (cost=21.98..3599.49 rows=931 width=4)
	        Recheck Cond: ((id >= 2153381) AND (id <= 2154380))
	        ->  Bitmap Index Scan on sbtest3_pkey  (cost=0.00..21.75 rows=931 width=0)
	              Index Cond: ((id >= 2153381) AND (id <= 2154380))

table 4 : explain SELECT SUM(k) FROM sbtest4 WHERE id BETWEEN 3796251 AND 3797250
	Aggregate  (cost=4178.21..4178.22 rows=1 width=8)
	  ->  Bitmap Heap Scan on sbtest4  (cost=23.55..4175.50 rows=1084 width=4)
	        Recheck Cond: ((id >= 3796251) AND (id <= 3797250))
	        ->  Bitmap Index Scan on sbtest4_pkey  (cost=0.00..23.27 rows=1084 width=0)
	              Index Cond: ((id >= 3796251) AND (id <= 3797250))

table 5 : explain SELECT SUM(k) FROM sbtest5 WHERE id BETWEEN 1954379 AND 1955378
	Aggregate  (cost=3753.11..3753.12 rows=1 width=8)
	  ->  Bitmap Heap Scan on sbtest5  (cost=22.39..3750.68 rows=971 width=4)
	        Recheck Cond: ((id >= 1954379) AND (id <= 1955378))
	        ->  Bitmap Index Scan on sbtest5_pkey  (cost=0.00..22.14 rows=971 width=0)
	              Index Cond: ((id >= 1954379) AND (id <= 1955378))

table 6 : explain SELECT SUM(k) FROM sbtest6 WHERE id BETWEEN 640335 AND 641334
	Aggregate  (cost=3799.33..3799.34 rows=1 width=8)
	  ->  Bitmap Heap Scan on sbtest6  (cost=22.51..3796.87 rows=983 width=4)
	        Recheck Cond: ((id >= 640335) AND (id <= 641334))
	        ->  Bitmap Index Scan on sbtest6_pkey  (cost=0.00..22.26 rows=983 width=0)
	              Index Cond: ((id >= 640335) AND (id <= 641334))

table 7 : explain SELECT SUM(k) FROM sbtest7 WHERE id BETWEEN 4479300 AND 4480299
	Aggregate  (cost=3821.55..3821.56 rows=1 width=8)
	  ->  Bitmap Heap Scan on sbtest7  (cost=22.57..3819.08 rows=989 width=4)
	        Recheck Cond: ((id >= 4479300) AND (id <= 4480299))
	        ->  Bitmap Index Scan on sbtest7_pkey  (cost=0.00..22.32 rows=989 width=0)
	              Index Cond: ((id >= 4479300) AND (id <= 4480299))

table 8 : explain SELECT SUM(k) FROM sbtest8 WHERE id BETWEEN 61152 AND 62151
	Aggregate  (cost=3886.76..3886.77 rows=1 width=8)
	  ->  Bitmap Heap Scan on sbtest8  (cost=22.75..3884.25 rows=1006 width=4)
	        Recheck Cond: ((id >= 61152) AND (id <= 62151))
	        ->  Bitmap Index Scan on sbtest8_pkey  (cost=0.00..22.50 rows=1006 width=0)
	              Index Cond: ((id >= 61152) AND (id <= 62151))

for: distinct_ranges
table 1 : explain SELECT DISTINCT c FROM sbtest1 WHERE id BETWEEN 832898 AND 833897 ORDER BY c
	Unique  (cost=3679.42..3684.12 rows=940 width=121)
	  ->  Sort  (cost=3679.42..3681.77 rows=940 width=121)
	        Sort Key: c
	        ->  Bitmap Heap Scan on sbtest1  (cost=22.07..3633.00 rows=940 width=121)
	              Recheck Cond: ((id >= 832898) AND (id <= 833897))
	              ->  Bitmap Index Scan on sbtest1_pkey  (cost=0.00..21.83 rows=940 width=0)
	                    Index Cond: ((id >= 832898) AND (id <= 833897))

table 2 : explain SELECT DISTINCT c FROM sbtest2 WHERE id BETWEEN 4434784 AND 4435783 ORDER BY c
	Unique  (cost=3897.50..3902.49 rows=997 width=121)
	  ->  Sort  (cost=3897.50..3899.99 rows=997 width=121)
	        Sort Key: c
	        ->  Bitmap Heap Scan on sbtest2  (cost=22.65..3847.84 rows=997 width=121)
	              Recheck Cond: ((id >= 4434784) AND (id <= 4435783))
	              ->  Bitmap Index Scan on sbtest2_pkey  (cost=0.00..22.40 rows=997 width=0)
	                    Index Cond: ((id >= 4434784) AND (id <= 4435783))

table 3 : explain SELECT DISTINCT c FROM sbtest3 WHERE id BETWEEN 5378759 AND 5379758 ORDER BY c
	Unique  (cost=3855.82..3860.75 rows=986 width=121)
	  ->  Sort  (cost=3855.82..3858.29 rows=986 width=121)
	        Sort Key: c
	        ->  Bitmap Heap Scan on sbtest3  (cost=22.54..3806.79 rows=986 width=121)
	              Recheck Cond: ((id >= 5378759) AND (id <= 5379758))
	              ->  Bitmap Index Scan on sbtest3_pkey  (cost=0.00..22.29 rows=986 width=0)
	                    Index Cond: ((id >= 5378759) AND (id <= 5379758))

table 4 : explain SELECT DISTINCT c FROM sbtest4 WHERE id BETWEEN 9223575 AND 9224574 ORDER BY c
	Unique  (cost=3943.98..3949.03 rows=1009 width=121)
	  ->  Sort  (cost=3943.98..3946.50 rows=1009 width=121)
	        Sort Key: c
	        ->  Bitmap Heap Scan on sbtest4  (cost=22.78..3893.64 rows=1009 width=121)
	              Recheck Cond: ((id >= 9223575) AND (id <= 9224574))
	              ->  Bitmap Index Scan on sbtest4_pkey  (cost=0.00..22.52 rows=1009 width=0)
	                    Index Cond: ((id >= 9223575) AND (id <= 9224574))

table 5 : explain SELECT DISTINCT c FROM sbtest5 WHERE id BETWEEN 3338517 AND 3339516 ORDER BY c
	Unique  (cost=3825.63..3830.52 rows=978 width=121)
	  ->  Sort  (cost=3825.63..3828.07 rows=978 width=121)
	        Sort Key: c
	        ->  Bitmap Heap Scan on sbtest5  (cost=22.46..3777.05 rows=978 width=121)
	              Recheck Cond: ((id >= 3338517) AND (id <= 3339516))
	              ->  Bitmap Index Scan on sbtest5_pkey  (cost=0.00..22.21 rows=978 width=0)
	                    Index Cond: ((id >= 3338517) AND (id <= 3339516))

table 6 : explain SELECT DISTINCT c FROM sbtest6 WHERE id BETWEEN 203572 AND 204571 ORDER BY c
	Unique  (cost=4044.47..4049.64 rows=1035 width=121)
	  ->  Sort  (cost=4044.47..4047.05 rows=1035 width=121)
	        Sort Key: c
	        ->  Bitmap Heap Scan on sbtest6  (cost=23.04..3992.64 rows=1035 width=121)
	              Recheck Cond: ((id >= 203572) AND (id <= 204571))
	              ->  Bitmap Index Scan on sbtest6_pkey  (cost=0.00..22.79 rows=1035 width=0)
	                    Index Cond: ((id >= 203572) AND (id <= 204571))

table 7 : explain SELECT DISTINCT c FROM sbtest7 WHERE id BETWEEN 6740679 AND 6741678 ORDER BY c
	Unique  (cost=4116.56..4121.83 rows=1054 width=121)
	  ->  Sort  (cost=4116.56..4119.19 rows=1054 width=121)
	        Sort Key: c
	        ->  Bitmap Heap Scan on sbtest7  (cost=23.24..4063.64 rows=1054 width=121)
	              Recheck Cond: ((id >= 6740679) AND (id <= 6741678))
	              ->  Bitmap Index Scan on sbtest7_pkey  (cost=0.00..22.97 rows=1054 width=0)
	                    Index Cond: ((id >= 6740679) AND (id <= 6741678))

table 8 : explain SELECT DISTINCT c FROM sbtest8 WHERE id BETWEEN 6817227 AND 6818226 ORDER BY c
	Unique  (cost=3953.53..3958.59 rows=1011 width=121)
	  ->  Sort  (cost=3953.53..3956.06 rows=1011 width=121)
	        Sort Key: c
	        ->  Bitmap Heap Scan on sbtest8  (cost=22.80..3903.08 rows=1011 width=121)
	              Recheck Cond: ((id >= 6817227) AND (id <= 6818226))
	              ->  Bitmap Index Scan on sbtest8_pkey  (cost=0.00..22.54 rows=1011 width=0)
	                    Index Cond: ((id >= 6817227) AND (id <= 6818226))

explain: for point_selects :: explain SELECT c FROM sbtest%u WHERE id=%u
explain: for point_selects :: explain SELECT c FROM sbtest%u WHERE id=%u
for point_selects
table 1 : explain SELECT c FROM sbtest1 WHERE id=9117886
	Index Scan using sbtest1_pkey on sbtest1  (cost=0.43..8.45 rows=1 width=121)
	  Index Cond: (id = 9117886)

table 2 : explain SELECT c FROM sbtest2 WHERE id=355487
	Index Scan using sbtest2_pkey on sbtest2  (cost=0.43..8.45 rows=1 width=121)
	  Index Cond: (id = 355487)

table 3 : explain SELECT c FROM sbtest3 WHERE id=6842419
	Index Scan using sbtest3_pkey on sbtest3  (cost=0.43..8.45 rows=1 width=121)
	  Index Cond: (id = 6842419)

table 4 : explain SELECT c FROM sbtest4 WHERE id=304846
	Index Scan using sbtest4_pkey on sbtest4  (cost=0.43..8.45 rows=1 width=121)
	  Index Cond: (id = 304846)

table 5 : explain SELECT c FROM sbtest5 WHERE id=8817364
	Index Scan using sbtest5_pkey on sbtest5  (cost=0.43..8.45 rows=1 width=121)
	  Index Cond: (id = 8817364)

table 6 : explain SELECT c FROM sbtest6 WHERE id=2223974
	Index Scan using sbtest6_pkey on sbtest6  (cost=0.43..8.45 rows=1 width=121)
	  Index Cond: (id = 2223974)

table 7 : explain SELECT c FROM sbtest7 WHERE id=4619980
	Index Scan using sbtest7_pkey on sbtest7  (cost=0.43..8.45 rows=1 width=121)
	  Index Cond: (id = 4619980)

table 8 : explain SELECT c FROM sbtest8 WHERE id=3993985
	Index Scan using sbtest8_pkey on sbtest8  (cost=0.43..8.45 rows=1 width=121)
	  Index Cond: (id = 3993985)

for point_selects
table 1 : explain SELECT c FROM sbtest1 WHERE id=9837800
	Index Scan using sbtest1_pkey on sbtest1  (cost=0.43..8.45 rows=1 width=121)
	  Index Cond: (id = 9837800)

table 2 : explain SELECT c FROM sbtest2 WHERE id=3126592
	Index Scan using sbtest2_pkey on sbtest2  (cost=0.43..8.45 rows=1 width=121)
	  Index Cond: (id = 3126592)

table 3 : explain SELECT c FROM sbtest3 WHERE id=5274756
	Index Scan using sbtest3_pkey on sbtest3  (cost=0.43..8.45 rows=1 width=121)
	  Index Cond: (id = 5274756)

table 4 : explain SELECT c FROM sbtest4 WHERE id=8994612
	Index Scan using sbtest4_pkey on sbtest4  (cost=0.43..8.45 rows=1 width=121)
	  Index Cond: (id = 8994612)

table 5 : explain SELECT c FROM sbtest5 WHERE id=410871
	Index Scan using sbtest5_pkey on sbtest5  (cost=0.43..8.45 rows=1 width=121)
	  Index Cond: (id = 410871)

table 6 : explain SELECT c FROM sbtest6 WHERE id=671627
	Index Scan using sbtest6_pkey on sbtest6  (cost=0.43..8.45 rows=1 width=121)
	  Index Cond: (id = 671627)

table 7 : explain SELECT c FROM sbtest7 WHERE id=611942
	Index Scan using sbtest7_pkey on sbtest7  (cost=0.43..8.45 rows=1 width=121)
	  Index Cond: (id = 611942)

table 8 : explain SELECT c FROM sbtest8 WHERE id=7619266
	Index Scan using sbtest8_pkey on sbtest8  (cost=0.43..8.45 rows=1 width=121)
	  Index Cond: (id = 7619266)

for: order_ranges
table 1 : explain SELECT c FROM sbtest1 WHERE id BETWEEN 5089996 AND 5090995 ORDER BY c
	Sort  (cost=3893.57..3896.06 rows=996 width=121)
	  Sort Key: c
	  ->  Bitmap Heap Scan on sbtest1  (cost=22.64..3843.97 rows=996 width=121)
	        Recheck Cond: ((id >= 5089996) AND (id <= 5090995))
	        ->  Bitmap Index Scan on sbtest1_pkey  (cost=0.00..22.39 rows=996 width=0)
	              Index Cond: ((id >= 5089996) AND (id <= 5090995))

table 2 : explain SELECT c FROM sbtest2 WHERE id BETWEEN 5953247 AND 5954246 ORDER BY c
	Sort  (cost=4496.12..4499.01 rows=1154 width=121)
	  Sort Key: c
	  ->  Bitmap Heap Scan on sbtest2  (cost=28.26..4437.43 rows=1154 width=121)
	        Recheck Cond: ((id >= 5953247) AND (id <= 5954246))
	        ->  Bitmap Index Scan on sbtest2_pkey  (cost=0.00..27.97 rows=1154 width=0)
	              Index Cond: ((id >= 5953247) AND (id <= 5954246))

table 3 : explain SELECT c FROM sbtest3 WHERE id BETWEEN 8420669 AND 8421668 ORDER BY c
	Sort  (cost=4378.64..4381.44 rows=1123 width=121)
	  Sort Key: c
	  ->  Bitmap Heap Scan on sbtest3  (cost=27.95..4321.74 rows=1123 width=121)
	        Recheck Cond: ((id >= 8420669) AND (id <= 8421668))
	        ->  Bitmap Index Scan on sbtest3_pkey  (cost=0.00..27.66 rows=1123 width=0)
	              Index Cond: ((id >= 8420669) AND (id <= 8421668))

table 4 : explain SELECT c FROM sbtest4 WHERE id BETWEEN 9736729 AND 9737728 ORDER BY c
	Sort  (cost=4318.04..4320.81 rows=1107 width=121)
	  Sort Key: c
	  ->  Bitmap Heap Scan on sbtest4  (cost=27.78..4262.07 rows=1107 width=121)
	        Recheck Cond: ((id >= 9736729) AND (id <= 9737728))
	        ->  Bitmap Index Scan on sbtest4_pkey  (cost=0.00..27.50 rows=1107 width=0)
	              Index Cond: ((id >= 9736729) AND (id <= 9737728))

table 5 : explain SELECT c FROM sbtest5 WHERE id BETWEEN 1411645 AND 1412644 ORDER BY c
	Sort  (cost=3795.03..3797.46 rows=970 width=121)
	  Sort Key: c
	  ->  Bitmap Heap Scan on sbtest5  (cost=22.38..3746.91 rows=970 width=121)
	        Recheck Cond: ((id >= 1411645) AND (id <= 1412644))
	        ->  Bitmap Index Scan on sbtest5_pkey  (cost=0.00..22.14 rows=970 width=0)
	              Index Cond: ((id >= 1411645) AND (id <= 1412644))

table 6 : explain SELECT c FROM sbtest6 WHERE id BETWEEN 7939727 AND 7940726 ORDER BY c
	Sort  (cost=3692.64..3694.99 rows=943 width=121)
	  Sort Key: c
	  ->  Bitmap Heap Scan on sbtest6  (cost=22.10..3646.05 rows=943 width=121)
	        Recheck Cond: ((id >= 7939727) AND (id <= 7940726))
	        ->  Bitmap Index Scan on sbtest6_pkey  (cost=0.00..21.86 rows=943 width=0)
	              Index Cond: ((id >= 7939727) AND (id <= 7940726))

table 7 : explain SELECT c FROM sbtest7 WHERE id BETWEEN 5321650 AND 5322649 ORDER BY c
	Sort  (cost=3630.98..3633.30 rows=927 width=121)
	  Sort Key: c
	  ->  Bitmap Heap Scan on sbtest7  (cost=21.94..3585.29 rows=927 width=121)
	        Recheck Cond: ((id >= 5321650) AND (id <= 5322649))
	        ->  Bitmap Index Scan on sbtest7_pkey  (cost=0.00..21.70 rows=927 width=0)
	              Index Cond: ((id >= 5321650) AND (id <= 5322649))

table 8 : explain SELECT c FROM sbtest8 WHERE id BETWEEN 5934957 AND 5935956 ORDER BY c
	Sort  (cost=4026.14..4028.72 rows=1030 width=121)
	  Sort Key: c
	  ->  Bitmap Heap Scan on sbtest8  (cost=22.99..3974.60 rows=1030 width=121)
	        Recheck Cond: ((id >= 5934957) AND (id <= 5935956))
	        ->  Bitmap Index Scan on sbtest8_pkey  (cost=0.00..22.73 rows=1030 width=0)
	              Index Cond: ((id >= 5934957) AND (id <= 5935956))

for: distinct_ranges
table 1 : explain SELECT DISTINCT c FROM sbtest1 WHERE id BETWEEN 9728312 AND 9729311 ORDER BY c
	Unique  (cost=3698.56..3703.28 rows=945 width=121)
	  ->  Sort  (cost=3698.56..3700.92 rows=945 width=121)
	        Sort Key: c
	        ->  Bitmap Heap Scan on sbtest1  (cost=22.12..3651.86 rows=945 width=121)
	              Recheck Cond: ((id >= 9728312) AND (id <= 9729311))
	              ->  Bitmap Index Scan on sbtest1_pkey  (cost=0.00..21.89 rows=945 width=0)
	                    Index Cond: ((id >= 9728312) AND (id <= 9729311))

table 2 : explain SELECT DISTINCT c FROM sbtest2 WHERE id BETWEEN 7462781 AND 7463780 ORDER BY c
	Unique  (cost=3763.71..3768.52 rows=962 width=121)
	  ->  Sort  (cost=3763.71..3766.11 rows=962 width=121)
	        Sort Key: c
	        ->  Bitmap Heap Scan on sbtest2  (cost=22.30..3716.04 rows=962 width=121)
	              Recheck Cond: ((id >= 7462781) AND (id <= 7463780))
	              ->  Bitmap Index Scan on sbtest2_pkey  (cost=0.00..22.05 rows=962 width=0)
	                    Index Cond: ((id >= 7462781) AND (id <= 7463780))

table 3 : explain SELECT DISTINCT c FROM sbtest3 WHERE id BETWEEN 1763309 AND 1764308 ORDER BY c
	Unique  (cost=3664.54..3669.22 rows=936 width=121)
	  ->  Sort  (cost=3664.54..3666.88 rows=936 width=121)
	        Sort Key: c
	        ->  Bitmap Heap Scan on sbtest3  (cost=22.03..3618.35 rows=936 width=121)
	              Recheck Cond: ((id >= 1763309) AND (id <= 1764308))
	              ->  Bitmap Index Scan on sbtest3_pkey  (cost=0.00..21.79 rows=936 width=0)
	                    Index Cond: ((id >= 1763309) AND (id <= 1764308))

table 4 : explain SELECT DISTINCT c FROM sbtest4 WHERE id BETWEEN 4847651 AND 4848650 ORDER BY c
	Unique  (cost=4035.63..4040.79 rows=1033 width=121)
	  ->  Sort  (cost=4035.63..4038.21 rows=1033 width=121)
	        Sort Key: c
	        ->  Bitmap Heap Scan on sbtest4  (cost=23.02..3983.91 rows=1033 width=121)
	              Recheck Cond: ((id >= 4847651) AND (id <= 4848650))
	              ->  Bitmap Index Scan on sbtest4_pkey  (cost=0.00..22.76 rows=1033 width=0)
	                    Index Cond: ((id >= 4847651) AND (id <= 4848650))

table 5 : explain SELECT DISTINCT c FROM sbtest5 WHERE id BETWEEN 3608210 AND 3609209 ORDER BY c
	Unique  (cost=4272.48..4277.96 rows=1095 width=121)
	  ->  Sort  (cost=4272.48..4275.22 rows=1095 width=121)
	        Sort Key: c
	        ->  Bitmap Heap Scan on sbtest5  (cost=27.66..4217.20 rows=1095 width=121)
	              Recheck Cond: ((id >= 3608210) AND (id <= 3609209))
	              ->  Bitmap Index Scan on sbtest5_pkey  (cost=0.00..27.39 rows=1095 width=0)
	                    Index Cond: ((id >= 3608210) AND (id <= 3609209))

table 6 : explain SELECT DISTINCT c FROM sbtest6 WHERE id BETWEEN 8061704 AND 8062703 ORDER BY c
	Unique  (cost=3707.96..3712.69 rows=947 width=121)
	  ->  Sort  (cost=3707.96..3710.32 rows=947 width=121)
	        Sort Key: c
	        ->  Bitmap Heap Scan on sbtest6  (cost=22.14..3661.14 rows=947 width=121)
	              Recheck Cond: ((id >= 8061704) AND (id <= 8062703))
	              ->  Bitmap Index Scan on sbtest6_pkey  (cost=0.00..21.90 rows=947 width=0)
	                    Index Cond: ((id >= 8061704) AND (id <= 8062703))

table 7 : explain SELECT DISTINCT c FROM sbtest7 WHERE id BETWEEN 8994303 AND 8995302 ORDER BY c
	Unique  (cost=3960.01..3965.08 rows=1013 width=121)
	  ->  Sort  (cost=3960.01..3962.55 rows=1013 width=121)
	        Sort Key: c
	        ->  Bitmap Heap Scan on sbtest7  (cost=22.82..3909.44 rows=1013 width=121)
	              Recheck Cond: ((id >= 8994303) AND (id <= 8995302))
	              ->  Bitmap Index Scan on sbtest7_pkey  (cost=0.00..22.57 rows=1013 width=0)
	                    Index Cond: ((id >= 8994303) AND (id <= 8995302))

table 8 : explain SELECT DISTINCT c FROM sbtest8 WHERE id BETWEEN 4665864 AND 4666863 ORDER BY c
	Unique  (cost=3555.31..3559.85 rows=907 width=121)
	  ->  Sort  (cost=3555.31..3557.58 rows=907 width=121)
	        Sort Key: c
	        ->  Bitmap Heap Scan on sbtest8  (cost=21.73..3510.76 rows=907 width=121)
	              Recheck Cond: ((id >= 4665864) AND (id <= 4666863))
	              ->  Bitmap Index Scan on sbtest8_pkey  (cost=0.00..21.50 rows=907 width=0)
	                    Index Cond: ((id >= 4665864) AND (id <= 4666863))

for point_selects
table 1 : explain SELECT c FROM sbtest1 WHERE id=6465102
	Index Scan using sbtest1_pkey on sbtest1  (cost=0.43..8.45 rows=1 width=121)
	  Index Cond: (id = 6465102)

table 2 : explain SELECT c FROM sbtest2 WHERE id=2701203
	Index Scan using sbtest2_pkey on sbtest2  (cost=0.43..8.45 rows=1 width=121)
	  Index Cond: (id = 2701203)

table 3 : explain SELECT c FROM sbtest3 WHERE id=3219558
	Index Scan using sbtest3_pkey on sbtest3  (cost=0.43..8.45 rows=1 width=121)
	  Index Cond: (id = 3219558)

table 4 : explain SELECT c FROM sbtest4 WHERE id=751080
	Index Scan using sbtest4_pkey on sbtest4  (cost=0.43..8.45 rows=1 width=121)
	  Index Cond: (id = 751080)

table 5 : explain SELECT c FROM sbtest5 WHERE id=5921744
	Index Scan using sbtest5_pkey on sbtest5  (cost=0.43..8.45 rows=1 width=121)
	  Index Cond: (id = 5921744)

table 6 : explain SELECT c FROM sbtest6 WHERE id=9098819
	Index Scan using sbtest6_pkey on sbtest6  (cost=0.43..8.45 rows=1 width=121)
	  Index Cond: (id = 9098819)

table 7 : explain SELECT c FROM sbtest7 WHERE id=1082312
	Index Scan using sbtest7_pkey on sbtest7  (cost=0.43..8.45 rows=1 width=121)
	  Index Cond: (id = 1082312)

table 8 : explain SELECT c FROM sbtest8 WHERE id=7695519
	Index Scan using sbtest8_pkey on sbtest8  (cost=0.43..8.45 rows=1 width=121)
	  Index Cond: (id = 7695519)

for: sum_ranges
table 1 : explain SELECT SUM(k) FROM sbtest1 WHERE id BETWEEN 8970573 AND 8971572
	Aggregate  (cost=4357.73..4357.74 rows=1 width=8)
	  ->  Bitmap Heap Scan on sbtest1  (cost=28.04..4354.90 rows=1132 width=4)
	        Recheck Cond: ((id >= 8970573) AND (id <= 8971572))
	        ->  Bitmap Index Scan on sbtest1_pkey  (cost=0.00..27.75 rows=1132 width=0)
	              Index Cond: ((id >= 8970573) AND (id <= 8971572))

table 2 : explain SELECT SUM(k) FROM sbtest2 WHERE id BETWEEN 832157 AND 833156
	Aggregate  (cost=3635.46..3635.47 rows=1 width=8)
	  ->  Bitmap Heap Scan on sbtest2  (cost=22.07..3633.11 rows=940 width=4)
	        Recheck Cond: ((id >= 832157) AND (id <= 833156))
	        ->  Bitmap Index Scan on sbtest2_pkey  (cost=0.00..21.83 rows=940 width=0)
	              Index Cond: ((id >= 832157) AND (id <= 833156))

table 3 : explain SELECT SUM(k) FROM sbtest3 WHERE id BETWEEN 8269523 AND 8270522
	Aggregate  (cost=4380.79..4380.80 rows=1 width=8)
	  ->  Bitmap Heap Scan on sbtest3  (cost=28.10..4377.95 rows=1138 width=4)
	        Recheck Cond: ((id >= 8269523) AND (id <= 8270522))
	        ->  Bitmap Index Scan on sbtest3_pkey  (cost=0.00..27.82 rows=1138 width=0)
	              Index Cond: ((id >= 8269523) AND (id <= 8270522))

table 4 : explain SELECT SUM(k) FROM sbtest4 WHERE id BETWEEN 6433747 AND 6434746
	Aggregate  (cost=3873.57..3873.58 rows=1 width=8)
	  ->  Bitmap Heap Scan on sbtest4  (cost=22.72..3871.06 rows=1003 width=4)
	        Recheck Cond: ((id >= 6433747) AND (id <= 6434746))
	        ->  Bitmap Index Scan on sbtest4_pkey  (cost=0.00..22.46 rows=1003 width=0)
	              Index Cond: ((id >= 6433747) AND (id <= 6434746))

table 5 : explain SELECT SUM(k) FROM sbtest5 WHERE id BETWEEN 7318572 AND 7319571
	Aggregate  (cost=3971.58..3971.59 rows=1 width=8)
	  ->  Bitmap Heap Scan on sbtest5  (cost=22.98..3969.01 rows=1029 width=4)
	        Recheck Cond: ((id >= 7318572) AND (id <= 7319571))
	        ->  Bitmap Index Scan on sbtest5_pkey  (cost=0.00..22.72 rows=1029 width=0)
	              Index Cond: ((id >= 7318572) AND (id <= 7319571))

table 6 : explain SELECT SUM(k) FROM sbtest6 WHERE id BETWEEN 5514182 AND 5515181
	Aggregate  (cost=3893.56..3893.57 rows=1 width=8)
	  ->  Bitmap Heap Scan on sbtest6  (cost=22.77..3891.04 rows=1008 width=4)
	        Recheck Cond: ((id >= 5514182) AND (id <= 5515181))
	        ->  Bitmap Index Scan on sbtest6_pkey  (cost=0.00..22.51 rows=1008 width=0)
	              Index Cond: ((id >= 5514182) AND (id <= 5515181))

table 7 : explain SELECT SUM(k) FROM sbtest7 WHERE id BETWEEN 5569094 AND 5570093
	Aggregate  (cost=3814.01..3814.02 rows=1 width=8)
	  ->  Bitmap Heap Scan on sbtest7  (cost=22.55..3811.55 rows=987 width=4)
	        Recheck Cond: ((id >= 5569094) AND (id <= 5570093))
	        ->  Bitmap Index Scan on sbtest7_pkey  (cost=0.00..22.30 rows=987 width=0)
	              Index Cond: ((id >= 5569094) AND (id <= 5570093))

table 8 : explain SELECT SUM(k) FROM sbtest8 WHERE id BETWEEN 4979742 AND 4980741
	Aggregate  (cost=3954.58..3954.59 rows=1 width=8)
	  ->  Bitmap Heap Scan on sbtest8  (cost=22.93..3952.02 rows=1024 width=4)
	        Recheck Cond: ((id >= 4979742) AND (id <= 4980741))
	        ->  Bitmap Index Scan on sbtest8_pkey  (cost=0.00..22.68 rows=1024 width=0)
	              Index Cond: ((id >= 4979742) AND (id <= 4980741))

for: distinct_ranges
table 1 : explain SELECT DISTINCT c FROM sbtest1 WHERE id BETWEEN 9835803 AND 9836802 ORDER BY c
	Unique  (cost=4198.82..4204.20 rows=1076 width=121)
	  ->  Sort  (cost=4198.82..4201.51 rows=1076 width=121)
	        Sort Key: c
	        ->  Bitmap Heap Scan on sbtest1  (cost=23.46..4144.63 rows=1076 width=121)
	              Recheck Cond: ((id >= 9835803) AND (id <= 9836802))
	              ->  Bitmap Index Scan on sbtest1_pkey  (cost=0.00..23.19 rows=1076 width=0)
	                    Index Cond: ((id >= 9835803) AND (id <= 9836802))

table 2 : explain SELECT DISTINCT c FROM sbtest2 WHERE id BETWEEN 4088086 AND 4089085 ORDER BY c
	Unique  (cost=4137.95..4143.25 rows=1060 width=121)
	  ->  Sort  (cost=4137.95..4140.60 rows=1060 width=121)
	        Sort Key: c
	        ->  Bitmap Heap Scan on sbtest2  (cost=23.30..4084.69 rows=1060 width=121)
	              Recheck Cond: ((id >= 4088086) AND (id <= 4089085))
	              ->  Bitmap Index Scan on sbtest2_pkey  (cost=0.00..23.04 rows=1060 width=0)
	                    Index Cond: ((id >= 4088086) AND (id <= 4089085))

table 3 : explain SELECT DISTINCT c FROM sbtest3 WHERE id BETWEEN 3727679 AND 3728678 ORDER BY c
	Unique  (cost=3775.52..3780.35 rows=965 width=121)
	  ->  Sort  (cost=3775.52..3777.94 rows=965 width=121)
	        Sort Key: c
	        ->  Bitmap Heap Scan on sbtest3  (cost=22.33..3727.69 rows=965 width=121)
	              Recheck Cond: ((id >= 3727679) AND (id <= 3728678))
	              ->  Bitmap Index Scan on sbtest3_pkey  (cost=0.00..22.08 rows=965 width=0)
	                    Index Cond: ((id >= 3727679) AND (id <= 3728678))

table 4 : explain SELECT DISTINCT c FROM sbtest4 WHERE id BETWEEN 3718147 AND 3719146 ORDER BY c
	Unique  (cost=3898.13..3903.12 rows=997 width=121)
	  ->  Sort  (cost=3898.13..3900.62 rows=997 width=121)
	        Sort Key: c
	        ->  Bitmap Heap Scan on sbtest4  (cost=22.65..3848.47 rows=997 width=121)
	              Recheck Cond: ((id >= 3718147) AND (id <= 3719146))
	              ->  Bitmap Index Scan on sbtest4_pkey  (cost=0.00..22.40 rows=997 width=0)
	                    Index Cond: ((id >= 3718147) AND (id <= 3719146))

table 5 : explain SELECT DISTINCT c FROM sbtest5 WHERE id BETWEEN 9518136 AND 9519135 ORDER BY c
	Unique  (cost=3909.73..3914.73 rows=1000 width=121)
	  ->  Sort  (cost=3909.73..3912.23 rows=1000 width=121)
	        Sort Key: c
	        ->  Bitmap Heap Scan on sbtest5  (cost=22.68..3859.90 rows=1000 width=121)
	              Recheck Cond: ((id >= 9518136) AND (id <= 9519135))
	              ->  Bitmap Index Scan on sbtest5_pkey  (cost=0.00..22.43 rows=1000 width=0)
	                    Index Cond: ((id >= 9518136) AND (id <= 9519135))

table 6 : explain SELECT DISTINCT c FROM sbtest6 WHERE id BETWEEN 3780982 AND 3781981 ORDER BY c
	Unique  (cost=4120.82..4126.09 rows=1055 width=121)
	  ->  Sort  (cost=4120.82..4123.45 rows=1055 width=121)
	        Sort Key: c
	        ->  Bitmap Heap Scan on sbtest6  (cost=23.25..4067.84 rows=1055 width=121)
	              Recheck Cond: ((id >= 3780982) AND (id <= 3781981))
	              ->  Bitmap Index Scan on sbtest6_pkey  (cost=0.00..22.98 rows=1055 width=0)
	                    Index Cond: ((id >= 3780982) AND (id <= 3781981))

table 7 : explain SELECT DISTINCT c FROM sbtest7 WHERE id BETWEEN 5702437 AND 5703436 ORDER BY c
	Unique  (cost=4017.31..4022.45 rows=1028 width=121)
	  ->  Sort  (cost=4017.31..4019.88 rows=1028 width=121)
	        Sort Key: c
	        ->  Bitmap Heap Scan on sbtest7  (cost=22.97..3965.88 rows=1028 width=121)
	              Recheck Cond: ((id >= 5702437) AND (id <= 5703436))
	              ->  Bitmap Index Scan on sbtest7_pkey  (cost=0.00..22.71 rows=1028 width=0)
	                    Index Cond: ((id >= 5702437) AND (id <= 5703436))

table 8 : explain SELECT DISTINCT c FROM sbtest8 WHERE id BETWEEN 1280041 AND 1281040 ORDER BY c
	Unique  (cost=3789.05..3793.89 rows=968 width=121)
	  ->  Sort  (cost=3789.05..3791.47 rows=968 width=121)
	        Sort Key: c
	        ->  Bitmap Heap Scan on sbtest8  (cost=22.36..3741.04 rows=968 width=121)
	              Recheck Cond: ((id >= 1280041) AND (id <= 1281040))
	              ->  Bitmap Index Scan on sbtest8_pkey  (cost=0.00..22.11 rows=968 width=0)
	                    Index Cond: ((id >= 1280041) AND (id <= 1281040))

for: distinct_ranges
table 1 : explain SELECT DISTINCT c FROM sbtest1 WHERE id BETWEEN 8953637 AND 8954636 ORDER BY c
	Unique  (cost=4412.31..4417.97 rows=1132 width=121)
	  ->  Sort  (cost=4412.31..4415.14 rows=1132 width=121)
	        Sort Key: c
	        ->  Bitmap Heap Scan on sbtest1  (cost=28.04..4354.90 rows=1132 width=121)
	              Recheck Cond: ((id >= 8953637) AND (id <= 8954636))
	              ->  Bitmap Index Scan on sbtest1_pkey  (cost=0.00..27.75 rows=1132 width=0)
	                    Index Cond: ((id >= 8953637) AND (id <= 8954636))

table 2 : explain SELECT DISTINCT c FROM sbtest2 WHERE id BETWEEN 2698858 AND 2699857 ORDER BY c
	Unique  (cost=3736.93..3741.70 rows=955 width=121)
	  ->  Sort  (cost=3736.93..3739.32 rows=955 width=121)
	        Sort Key: c
	        ->  Bitmap Heap Scan on sbtest2  (cost=22.22..3689.66 rows=955 width=121)
	              Recheck Cond: ((id >= 2698858) AND (id <= 2699857))
	              ->  Bitmap Index Scan on sbtest2_pkey  (cost=0.00..21.98 rows=955 width=0)
	                    Index Cond: ((id >= 2698858) AND (id <= 2699857))

table 3 : explain SELECT DISTINCT c FROM sbtest3 WHERE id BETWEEN 3547114 AND 3548113 ORDER BY c
	Unique  (cost=3630.08..3634.71 rows=927 width=121)
	  ->  Sort  (cost=3630.08..3632.40 rows=927 width=121)
	        Sort Key: c
	        ->  Bitmap Heap Scan on sbtest3  (cost=21.94..3584.39 rows=927 width=121)
	              Recheck Cond: ((id >= 3547114) AND (id <= 3548113))
	              ->  Bitmap Index Scan on sbtest3_pkey  (cost=0.00..21.70 rows=927 width=0)
	                    Index Cond: ((id >= 3547114) AND (id <= 3548113))

table 4 : explain SELECT DISTINCT c FROM sbtest4 WHERE id BETWEEN 8811584 AND 8812583 ORDER BY c
	Unique  (cost=3844.62..3849.53 rows=983 width=121)
	  ->  Sort  (cost=3844.62..3847.08 rows=983 width=121)
	        Sort Key: c
	        ->  Bitmap Heap Scan on sbtest4  (cost=22.51..3795.76 rows=983 width=121)
	              Recheck Cond: ((id >= 8811584) AND (id <= 8812583))
	              ->  Bitmap Index Scan on sbtest4_pkey  (cost=0.00..22.26 rows=983 width=0)
	                    Index Cond: ((id >= 8811584) AND (id <= 8812583))

table 5 : explain SELECT DISTINCT c FROM sbtest5 WHERE id BETWEEN 3739481 AND 3740480 ORDER BY c
	Unique  (cost=4077.75..4082.97 rows=1044 width=121)
	  ->  Sort  (cost=4077.75..4080.36 rows=1044 width=121)
	        Sort Key: c
	        ->  Bitmap Heap Scan on sbtest5  (cost=23.14..4025.40 rows=1044 width=121)
	              Recheck Cond: ((id >= 3739481) AND (id <= 3740480))
	              ->  Bitmap Index Scan on sbtest5_pkey  (cost=0.00..22.87 rows=1044 width=0)
	                    Index Cond: ((id >= 3739481) AND (id <= 3740480))

table 6 : explain SELECT DISTINCT c FROM sbtest6 WHERE id BETWEEN 8016220 AND 8017219 ORDER BY c
	Unique  (cost=3853.38..3858.31 rows=985 width=121)
	  ->  Sort  (cost=3853.38..3855.85 rows=985 width=121)
	        Sort Key: c
	        ->  Bitmap Heap Scan on sbtest6  (cost=22.53..3804.41 rows=985 width=121)
	              Recheck Cond: ((id >= 8016220) AND (id <= 8017219))
	              ->  Bitmap Index Scan on sbtest6_pkey  (cost=0.00..22.29 rows=985 width=0)
	                    Index Cond: ((id >= 8016220) AND (id <= 8017219))

table 7 : explain SELECT DISTINCT c FROM sbtest7 WHERE id BETWEEN 2995209 AND 2996208 ORDER BY c
	Unique  (cost=4082.21..4087.44 rows=1045 width=121)
	  ->  Sort  (cost=4082.21..4084.83 rows=1045 width=121)
	        Sort Key: c
	        ->  Bitmap Heap Scan on sbtest7  (cost=23.15..4029.81 rows=1045 width=121)
	              Recheck Cond: ((id >= 2995209) AND (id <= 2996208))
	              ->  Bitmap Index Scan on sbtest7_pkey  (cost=0.00..22.89 rows=1045 width=0)
	                    Index Cond: ((id >= 2995209) AND (id <= 2996208))

table 8 : explain SELECT DISTINCT c FROM sbtest8 WHERE id BETWEEN 151777 AND 152776 ORDER BY c
	Unique  (cost=4232.45..4237.87 rows=1083 width=121)
	  ->  Sort  (cost=4232.45..4235.16 rows=1083 width=121)
	        Sort Key: c
	        ->  Bitmap Heap Scan on sbtest8  (cost=27.54..4177.86 rows=1083 width=121)
	              Recheck Cond: ((id >= 151777) AND (id <= 152776))
	              ->  Bitmap Index Scan on sbtest8_pkey  (cost=0.00..27.26 rows=1083 width=0)
	                    Index Cond: ((id >= 151777) AND (id <= 152776))

for: distinct_ranges
table 1 : explain SELECT DISTINCT c FROM sbtest1 WHERE id BETWEEN 831831 AND 832830 ORDER BY c
	Unique  (cost=3679.42..3684.12 rows=940 width=121)
	  ->  Sort  (cost=3679.42..3681.77 rows=940 width=121)
	        Sort Key: c
	        ->  Bitmap Heap Scan on sbtest1  (cost=22.07..3633.00 rows=940 width=121)
	              Recheck Cond: ((id >= 831831) AND (id <= 832830))
	              ->  Bitmap Index Scan on sbtest1_pkey  (cost=0.00..21.83 rows=940 width=0)
	                    Index Cond: ((id >= 831831) AND (id <= 832830))

table 2 : explain SELECT DISTINCT c FROM sbtest2 WHERE id BETWEEN 9868254 AND 9869253 ORDER BY c
	Unique  (cost=3977.71..3982.80 rows=1018 width=121)
	  ->  Sort  (cost=3977.71..3980.25 rows=1018 width=121)
	        Sort Key: c
	        ->  Bitmap Heap Scan on sbtest2  (cost=22.87..3926.85 rows=1018 width=121)
	              Recheck Cond: ((id >= 9868254) AND (id <= 9869253))
	              ->  Bitmap Index Scan on sbtest2_pkey  (cost=0.00..22.61 rows=1018 width=0)
	                    Index Cond: ((id >= 9868254) AND (id <= 9869253))

table 3 : explain SELECT DISTINCT c FROM sbtest3 WHERE id BETWEEN 2780420 AND 2781419 ORDER BY c
	Unique  (cost=4046.79..4051.97 rows=1036 width=121)
	  ->  Sort  (cost=4046.79..4049.38 rows=1036 width=121)
	        Sort Key: c
	        ->  Bitmap Heap Scan on sbtest3  (cost=23.05..3994.91 rows=1036 width=121)
	              Recheck Cond: ((id >= 2780420) AND (id <= 2781419))
	              ->  Bitmap Index Scan on sbtest3_pkey  (cost=0.00..22.79 rows=1036 width=0)
	                    Index Cond: ((id >= 2780420) AND (id <= 2781419))

table 4 : explain SELECT DISTINCT c FROM sbtest4 WHERE id BETWEEN 5307926 AND 5308925 ORDER BY c
	Unique  (cost=3400.27..3404.60 rows=867 width=121)
	  ->  Sort  (cost=3400.27..3402.43 rows=867 width=121)
	        Sort Key: c
	        ->  Bitmap Heap Scan on sbtest4  (cost=21.32..3357.96 rows=867 width=121)
	              Recheck Cond: ((id >= 5307926) AND (id <= 5308925))
	              ->  Bitmap Index Scan on sbtest4_pkey  (cost=0.00..21.11 rows=867 width=0)
	                    Index Cond: ((id >= 5307926) AND (id <= 5308925))

table 5 : explain SELECT DISTINCT c FROM sbtest5 WHERE id BETWEEN 2399999 AND 2400998 ORDER BY c
	Unique  (cost=4256.97..4262.42 rows=1091 width=121)
	  ->  Sort  (cost=4256.97..4259.69 rows=1091 width=121)
	        Sort Key: c
	        ->  Bitmap Heap Scan on sbtest5  (cost=23.62..4201.92 rows=1091 width=121)
	              Recheck Cond: ((id >= 2399999) AND (id <= 2400998))
	              ->  Bitmap Index Scan on sbtest5_pkey  (cost=0.00..23.34 rows=1091 width=0)
	                    Index Cond: ((id >= 2399999) AND (id <= 2400998))

table 6 : explain SELECT DISTINCT c FROM sbtest6 WHERE id BETWEEN 4432092 AND 4433091 ORDER BY c
	Unique  (cost=3707.96..3712.69 rows=947 width=121)
	  ->  Sort  (cost=3707.96..3710.32 rows=947 width=121)
	        Sort Key: c
	        ->  Bitmap Heap Scan on sbtest6  (cost=22.14..3661.14 rows=947 width=121)
	              Recheck Cond: ((id >= 4432092) AND (id <= 4433091))
	              ->  Bitmap Index Scan on sbtest6_pkey  (cost=0.00..21.90 rows=947 width=0)
	                    Index Cond: ((id >= 4432092) AND (id <= 4433091))

table 7 : explain SELECT DISTINCT c FROM sbtest7 WHERE id BETWEEN 5051781 AND 5052780 ORDER BY c
	Unique  (cost=4040.22..4045.39 rows=1034 width=121)
	  ->  Sort  (cost=4040.22..4042.81 rows=1034 width=121)
	        Sort Key: c
	        ->  Bitmap Heap Scan on sbtest7  (cost=23.03..3988.45 rows=1034 width=121)
	              Recheck Cond: ((id >= 5051781) AND (id <= 5052780))
	              ->  Bitmap Index Scan on sbtest7_pkey  (cost=0.00..22.77 rows=1034 width=0)
	                    Index Cond: ((id >= 5051781) AND (id <= 5052780))

table 8 : explain SELECT DISTINCT c FROM sbtest8 WHERE id BETWEEN 3793277 AND 3794276 ORDER BY c
	Unique  (cost=4350.71..4356.29 rows=1115 width=121)
	  ->  Sort  (cost=4350.71..4353.50 rows=1115 width=121)
	        Sort Key: c
	        ->  Bitmap Heap Scan on sbtest8  (cost=27.86..4294.28 rows=1115 width=121)
	              Recheck Cond: ((id >= 3793277) AND (id <= 3794276))
	              ->  Bitmap Index Scan on sbtest8_pkey  (cost=0.00..27.58 rows=1115 width=0)
	                    Index Cond: ((id >= 3793277) AND (id <= 3794276))

explain: for point_selects :: explain SELECT c FROM sbtest%u WHERE id=%u
for: simple_ranges
table 1 : explain SELECT c FROM sbtest1 WHERE id BETWEEN 6359217 AND 6360216
	Bitmap Heap Scan on sbtest1  (cost=22.80..3900.41 rows=1011 width=121)
	  Recheck Cond: ((id >= 6359217) AND (id <= 6360216))
	  ->  Bitmap Index Scan on sbtest1_pkey  (cost=0.00..22.54 rows=1011 width=0)
	        Index Cond: ((id >= 6359217) AND (id <= 6360216))

table 2 : explain SELECT c FROM sbtest2 WHERE id BETWEEN 155289 AND 156288
	Bitmap Heap Scan on sbtest2  (cost=22.35..3734.88 rows=967 width=121)
	  Recheck Cond: ((id >= 155289) AND (id <= 156288))
	  ->  Bitmap Index Scan on sbtest2_pkey  (cost=0.00..22.11 rows=967 width=0)
	        Index Cond: ((id >= 155289) AND (id <= 156288))

table 3 : explain SELECT c FROM sbtest3 WHERE id BETWEEN 8641119 AND 8642118
	Bitmap Heap Scan on sbtest3  (cost=21.18..3304.78 rows=853 width=121)
	  Recheck Cond: ((id >= 8641119) AND (id <= 8642118))
	  ->  Bitmap Index Scan on sbtest3_pkey  (cost=0.00..20.96 rows=853 width=0)
	        Index Cond: ((id >= 8641119) AND (id <= 8642118))

table 4 : explain SELECT c FROM sbtest4 WHERE id BETWEEN 8057791 AND 8058790
	Bitmap Heap Scan on sbtest4  (cost=22.82..3908.69 rows=1013 width=121)
	  Recheck Cond: ((id >= 8057791) AND (id <= 8058790))
	  ->  Bitmap Index Scan on sbtest4_pkey  (cost=0.00..22.57 rows=1013 width=0)
	        Index Cond: ((id >= 8057791) AND (id <= 8058790))

table 5 : explain SELECT c FROM sbtest5 WHERE id BETWEEN 2166884 AND 2167883
	Bitmap Heap Scan on sbtest5  (cost=21.99..3603.62 rows=932 width=121)
	  Recheck Cond: ((id >= 2166884) AND (id <= 2167883))
	  ->  Bitmap Index Scan on sbtest5_pkey  (cost=0.00..21.75 rows=932 width=0)
	        Index Cond: ((id >= 2166884) AND (id <= 2167883))

table 6 : explain SELECT c FROM sbtest6 WHERE id BETWEEN 1230912 AND 1231911
	Bitmap Heap Scan on sbtest6  (cost=22.17..3672.46 rows=950 width=121)
	  Recheck Cond: ((id >= 1230912) AND (id <= 1231911))
	  ->  Bitmap Index Scan on sbtest6_pkey  (cost=0.00..21.93 rows=950 width=0)
	        Index Cond: ((id >= 1230912) AND (id <= 1231911))

table 7 : explain SELECT c FROM sbtest7 WHERE id BETWEEN 3387521 AND 3388520
	Bitmap Heap Scan on sbtest7  (cost=22.48..3785.18 rows=980 width=121)
	  Recheck Cond: ((id >= 3387521) AND (id <= 3388520))
	  ->  Bitmap Index Scan on sbtest7_pkey  (cost=0.00..22.23 rows=980 width=0)
	        Index Cond: ((id >= 3387521) AND (id <= 3388520))

table 8 : explain SELECT c FROM sbtest8 WHERE id BETWEEN 3087289 AND 3088288
	Bitmap Heap Scan on sbtest8  (cost=23.22..4057.36 rows=1052 width=121)
	  Recheck Cond: ((id >= 3087289) AND (id <= 3088288))
	  ->  Bitmap Index Scan on sbtest8_pkey  (cost=0.00..22.95 rows=1052 width=0)
	        Index Cond: ((id >= 3087289) AND (id <= 3088288))

explain: for point_selects :: explain SELECT c FROM sbtest%u WHERE id=%ufor: order_ranges
table 1 : explain SELECT c FROM sbtest1 WHERE id BETWEEN 5106246 AND 5107245 ORDER BY c
	Sort  (cost=4027.21..4029.79 rows=1031 width=121)
	  Sort Key: c
	  ->  Bitmap Heap Scan on sbtest1  (cost=23.00..3975.61 rows=1031 width=121)
	        Recheck Cond: ((id >= 5106246) AND (id <= 5107245))
	        ->  Bitmap Index Scan on sbtest1_pkey  (cost=0.00..22.75 rows=1031 width=0)
	              Index Cond: ((id >= 5106246) AND (id <= 5107245))

table 2 : explain SELECT c FROM sbtest2 WHERE id BETWEEN 9385107 AND 9386106 ORDER BY c
	Sort  (cost=4271.61..4274.34 rows=1095 width=121)
	  Sort Key: c
	  ->  Bitmap Heap Scan on sbtest2  (cost=27.66..4216.33 rows=1095 width=121)
	        Recheck Cond: ((id >= 9385107) AND (id <= 9386106))
	        ->  Bitmap Index Scan on sbtest2_pkey  (cost=0.00..27.39 rows=1095 width=0)
	              Index Cond: ((id >= 9385107) AND (id <= 9386106))

table 3 : explain SELECT c FROM sbtest3 WHERE id BETWEEN 543986 AND 544985 ORDER BY c
	Sort  (cost=4199.35..4202.04 rows=1076 width=121)
	  Sort Key: c
	  ->  Bitmap Heap Scan on sbtest3  (cost=23.46..4145.17 rows=1076 width=121)
	        Recheck Cond: ((id >= 543986) AND (id <= 544985))
	        ->  Bitmap Index Scan on sbtest3_pkey  (cost=0.00..23.19 rows=1076 width=0)
	              Index Cond: ((id >= 543986) AND (id <= 544985))

table 4 : explain SELECT c FROM sbtest4 WHERE id BETWEEN 4125109 AND 4126108 ORDER BY c
	Sort  (cost=4142.46..4145.11 rows=1061 width=121)
	  Sort Key: c
	  ->  Bitmap Heap Scan on sbtest4  (cost=23.31..4089.14 rows=1061 width=121)
	        Recheck Cond: ((id >= 4125109) AND (id <= 4126108))
	        ->  Bitmap Index Scan on sbtest4_pkey  (cost=0.00..23.04 rows=1061 width=0)
	              Index Cond: ((id >= 4125109) AND (id <= 4126108))

table 5 : explain SELECT c FROM sbtest5 WHERE id BETWEEN 1052653 AND 1053652 ORDER BY c
	Sort  (cost=4024.31..4026.89 rows=1030 width=121)
	  Sort Key: c
	  ->  Bitmap Heap Scan on sbtest5  (cost=22.99..3972.77 rows=1030 width=121)
	        Recheck Cond: ((id >= 1052653) AND (id <= 1053652))
	        ->  Bitmap Index Scan on sbtest5_pkey  (cost=0.00..22.73 rows=1030 width=0)
	              Index Cond: ((id >= 1052653) AND (id <= 1053652))

table 6 : explain SELECT c FROM sbtest6 WHERE id BETWEEN 806580 AND 807579 ORDER BY c
	Sort  (cost=4094.10..4096.72 rows=1048 width=121)
	  Sort Key: c
	  ->  Bitmap Heap Scan on sbtest6  (cost=23.18..4041.52 rows=1048 width=121)
	        Recheck Cond: ((id >= 806580) AND (id <= 807579))
	        ->  Bitmap Index Scan on sbtest6_pkey  (cost=0.00..22.91 rows=1048 width=0)
	              Index Cond: ((id >= 806580) AND (id <= 807579))

table 7 : explain SELECT c FROM sbtest7 WHERE id BETWEEN 3060647 AND 3061646 ORDER BY c
	Sort  (cost=3761.17..3763.57 rows=961 width=121)
	  Sort Key: c
	  ->  Bitmap Heap Scan on sbtest7  (cost=22.29..3713.56 rows=961 width=121)
	        Recheck Cond: ((id >= 3060647) AND (id <= 3061646))
	        ->  Bitmap Index Scan on sbtest7_pkey  (cost=0.00..22.04 rows=961 width=0)
	              Index Cond: ((id >= 3060647) AND (id <= 3061646))

table 8 : explain SELECT c FROM sbtest8 WHERE id BETWEEN 9998623 AND 9999622 ORDER BY c
	Sort  (cost=3804.36..3806.79 rows=972 width=121)
	  Sort Key: c
	  ->  Bitmap Heap Scan on sbtest8  (cost=22.40..3756.12 rows=972 width=121)
	        Recheck Cond: ((id >= 9998623) AND (id <= 9999622))
	        ->  Bitmap Index Scan on sbtest8_pkey  (cost=0.00..22.15 rows=972 width=0)
	              Index Cond: ((id >= 9998623) AND (id <= 9999622))
for: order_ranges
table 1 : explain SELECT c FROM sbtest1 WHERE id BETWEEN 2855144 AND 2856143 ORDER BY c
	Sort  (cost=3950.86..3953.39 rows=1011 width=121)
	  Sort Key: c
	  ->  Bitmap Heap Scan on sbtest1  (cost=22.80..3900.41 rows=1011 width=121)
	        Recheck Cond: ((id >= 2855144) AND (id <= 2856143))
	        ->  Bitmap Index Scan on sbtest1_pkey  (cost=0.00..22.54 rows=1011 width=0)
	              Index Cond: ((id >= 2855144) AND (id <= 2856143))

table 2 : explain SELECT c FROM sbtest2 WHERE id BETWEEN 9659637 AND 9660636 ORDER BY c
	Sort  (cost=3817.24..3819.68 rows=976 width=121)
	  Sort Key: c
	  ->  Bitmap Heap Scan on sbtest2  (cost=22.44..3768.78 rows=976 width=121)
	        Recheck Cond: ((id >= 9659637) AND (id <= 9660636))
	        ->  Bitmap Index Scan on sbtest2_pkey  (cost=0.00..22.19 rows=976 width=0)
	              Index Cond: ((id >= 9659637) AND (id <= 9660636))

table 3 : explain SELECT c FROM sbtest3 WHERE id BETWEEN 6566802 AND 6567801 ORDER BY c
	Sort  (cost=4332.96..4335.73 rows=1111 width=121)
	  Sort Key: c
	  ->  Bitmap Heap Scan on sbtest3  (cost=27.82..4276.75 rows=1111 width=121)
	        Recheck Cond: ((id >= 6566802) AND (id <= 6567801))
	        ->  Bitmap Index Scan on sbtest3_pkey  (cost=0.00..27.54 rows=1111 width=0)
	              Index Cond: ((id >= 6566802) AND (id <= 6567801))

table 4 : explain SELECT c FROM sbtest4 WHERE id BETWEEN 2755243 AND 2756242 ORDER BY c
	Sort  (cost=3863.73..3866.20 rows=988 width=121)
	  Sort Key: c
	  ->  Bitmap Heap Scan on sbtest4  (cost=22.56..3814.59 rows=988 width=121)
	        Recheck Cond: ((id >= 2755243) AND (id <= 2756242))
	        ->  Bitmap Index Scan on sbtest4_pkey  (cost=0.00..22.32 rows=988 width=0)
	              Index Cond: ((id >= 2755243) AND (id <= 2756242))

table 5 : explain SELECT c FROM sbtest5 WHERE id BETWEEN 9975089 AND 9976088 ORDER BY c
	Sort  (cost=3844.75..3847.20 rows=983 width=121)
	  Sort Key: c
	  ->  Bitmap Heap Scan on sbtest5  (cost=22.51..3795.89 rows=983 width=121)
	        Recheck Cond: ((id >= 9975089) AND (id <= 9976088))
	        ->  Bitmap Index Scan on sbtest5_pkey  (cost=0.00..22.26 rows=983 width=0)
	              Index Cond: ((id >= 9975089) AND (id <= 9976088))

table 6 : explain SELECT c FROM sbtest6 WHERE id BETWEEN 7435793 AND 7436792 ORDER BY c
	Sort  (cost=3765.38..3767.79 rows=962 width=121)
	  Sort Key: c
	  ->  Bitmap Heap Scan on sbtest6  (cost=22.30..3717.72 rows=962 width=121)
	        Recheck Cond: ((id >= 7435793) AND (id <= 7436792))
	        ->  Bitmap Index Scan on sbtest6_pkey  (cost=0.00..22.05 rows=962 width=0)
	              Index Cond: ((id >= 7435793) AND (id <= 7436792))

table 7 : explain SELECT c FROM sbtest7 WHERE id BETWEEN 5183833 AND 5184832 ORDER BY c
	Sort  (cost=3933.27..3935.78 rows=1006 width=121)
	  Sort Key: c
	  ->  Bitmap Heap Scan on sbtest7  (cost=22.75..3883.09 rows=1006 width=121)
	        Recheck Cond: ((id >= 5183833) AND (id <= 5184832))
	        ->  Bitmap Index Scan on sbtest7_pkey  (cost=0.00..22.50 rows=1006 width=0)
	              Index Cond: ((id >= 5183833) AND (id <= 5184832))

table 8 : explain SELECT c FROM sbtest8 WHERE id BETWEEN 3829317 AND 3830316 ORDER BY c
	Sort  (cost=4350.71..4353.50 rows=1115 width=121)
	  Sort Key: c
	  ->  Bitmap Heap Scan on sbtest8  (cost=27.86..4294.28 rows=1115 width=121)
	        Recheck Cond: ((id >= 3829317) AND (id <= 3830316))
	        ->  Bitmap Index Scan on sbtest8_pkey  (cost=0.00..27.58 rows=1115 width=0)
	              Index Cond: ((id >= 3829317) AND (id <= 3830316))

for: order_ranges
table 1 : explain SELECT c FROM sbtest1 WHERE id BETWEEN 1115873 AND 1116872 ORDER BY c
	Sort  (cost=3851.54..3854.00 rows=985 width=121)
	  Sort Key: c
	  ->  Bitmap Heap Scan on sbtest1  (cost=22.53..3802.56 rows=985 width=121)
	        Recheck Cond: ((id >= 1115873) AND (id <= 1116872))
	        ->  Bitmap Index Scan on sbtest1_pkey  (cost=0.00..22.29 rows=985 width=0)
	              Index Cond: ((id >= 1115873) AND (id <= 1116872))

table 2 : explain SELECT c FROM sbtest2 WHERE id BETWEEN 1774703 AND 1775702 ORDER BY c
	Sort  (cost=3874.58..3877.05 rows=991 width=121)
	  Sort Key: c
	  ->  Bitmap Heap Scan on sbtest2  (cost=22.59..3825.26 rows=991 width=121)
	        Recheck Cond: ((id >= 1774703) AND (id <= 1775702))
	        ->  Bitmap Index Scan on sbtest2_pkey  (cost=0.00..22.34 rows=991 width=0)
	              Index Cond: ((id >= 1774703) AND (id <= 1775702))

table 3 : explain SELECT c FROM sbtest3 WHERE id BETWEEN 7984965 AND 7985964 ORDER BY c
	Sort  (cost=3832.89..3835.34 rows=980 width=121)
	  Sort Key: c
	  ->  Bitmap Heap Scan on sbtest3  (cost=22.48..3784.20 rows=980 width=121)
	        Recheck Cond: ((id >= 7984965) AND (id <= 7985964))
	        ->  Bitmap Index Scan on sbtest3_pkey  (cost=0.00..22.23 rows=980 width=0)
	              Index Cond: ((id >= 7984965) AND (id <= 7985964))

table 4 : explain SELECT c FROM sbtest4 WHERE id BETWEEN 391071 AND 392070 ORDER BY c
	Sort  (cost=3787.25..3789.67 rows=968 width=121)
	  Sort Key: c
	  ->  Bitmap Heap Scan on sbtest4  (cost=22.36..3739.25 rows=968 width=121)
	        Recheck Cond: ((id >= 391071) AND (id <= 392070))
	        ->  Bitmap Index Scan on sbtest4_pkey  (cost=0.00..22.11 rows=968 width=0)
	              Index Cond: ((id >= 391071) AND (id <= 392070))

table 5 : explain SELECT c FROM sbtest5 WHERE id BETWEEN 8324015 AND 8325014 ORDER BY c
	Sort  (cost=3638.10..3640.42 rows=929 width=121)
	  Sort Key: c
	  ->  Bitmap Heap Scan on sbtest5  (cost=21.96..3592.30 rows=929 width=121)
	        Recheck Cond: ((id >= 8324015) AND (id <= 8325014))
	        ->  Bitmap Index Scan on sbtest5_pkey  (cost=0.00..21.72 rows=929 width=0)
	              Index Cond: ((id >= 8324015) AND (id <= 8325014))

table 6 : explain SELECT c FROM sbtest6 WHERE id BETWEEN 4626383 AND 4627382 ORDER BY c
	Sort  (cost=3623.68..3625.99 rows=925 width=121)
	  Sort Key: c
	  ->  Bitmap Heap Scan on sbtest6  (cost=21.92..3578.11 rows=925 width=121)
	        Recheck Cond: ((id >= 4626383) AND (id <= 4627382))
	        ->  Bitmap Index Scan on sbtest6_pkey  (cost=0.00..21.68 rows=925 width=0)
	              Index Cond: ((id >= 4626383) AND (id <= 4627382))

table 7 : explain SELECT c FROM sbtest7 WHERE id BETWEEN 8135248 AND 8136247 ORDER BY c
	Sort  (cost=3845.34..3847.80 rows=983 width=121)
	  Sort Key: c
	  ->  Bitmap Heap Scan on sbtest7  (cost=22.51..3796.48 rows=983 width=121)
	        Recheck Cond: ((id >= 8135248) AND (id <= 8136247))
	        ->  Bitmap Index Scan on sbtest7_pkey  (cost=0.00..22.26 rows=983 width=0)
	              Index Cond: ((id >= 8135248) AND (id <= 8136247))

table 8 : explain SELECT c FROM sbtest8 WHERE id BETWEEN 8629564 AND 8630563 ORDER BY c
	Sort  (cost=4201.94..4204.62 rows=1075 width=121)
	  Sort Key: c
	  ->  Bitmap Heap Scan on sbtest8  (cost=27.45..4147.81 rows=1075 width=121)
	        Recheck Cond: ((id >= 8629564) AND (id <= 8630563))
	        ->  Bitmap Index Scan on sbtest8_pkey  (cost=0.00..27.18 rows=1075 width=0)
	              Index Cond: ((id >= 8629564) AND (id <= 8630563))



for point_selects
table 1 : explain SELECT c FROM sbtest1 WHERE id=2212195
	Index Scan using sbtest1_pkey on sbtest1  (cost=0.43..8.45 rows=1 width=121)
	  Index Cond: (id = 2212195)

table 2 : explain SELECT c FROM sbtest2 WHERE id=8057837
	Index Scan using sbtest2_pkey on sbtest2  (cost=0.43..8.45 rows=1 width=121)
	  Index Cond: (id = 8057837)

table 3 : explain SELECT c FROM sbtest3 WHERE id=3839651
	Index Scan using sbtest3_pkey on sbtest3  (cost=0.43..8.45 rows=1 width=121)
	  Index Cond: (id = 3839651)

table 4 : explain SELECT c FROM sbtest4 WHERE id=2474291
	Index Scan using sbtest4_pkey on sbtest4  (cost=0.43..8.45 rows=1 width=121)
	  Index Cond: (id = 2474291)

table 5 : explain SELECT c FROM sbtest5 WHERE id=2656527
	Index Scan using sbtest5_pkey on sbtest5  (cost=0.43..8.45 rows=1 width=121)
	  Index Cond: (id = 2656527)

table 6 : explain SELECT c FROM sbtest6 WHERE id=6830031
	Index Scan using sbtest6_pkey on sbtest6  (cost=0.43..8.45 rows=1 width=121)
	  Index Cond: (id = 6830031)

table 7 : explain SELECT c FROM sbtest7 WHERE id=7088203
	Index Scan using sbtest7_pkey on sbtest7  (cost=0.43..8.45 rows=1 width=121)
	  Index Cond: (id = 7088203)

table 8 : explain SELECT c FROM sbtest8 WHERE id=5774516
	Index Scan using sbtest8_pkey on sbtest8  (cost=0.43..8.45 rows=1 width=121)
	  Index Cond: (id = 5774516)

for: sum_ranges
table 1 : explain SELECT SUM(k) FROM sbtest1 WHERE id BETWEEN 9902387 AND 9903386
	Aggregate  (cost=4147.32..4147.33 rows=1 width=8)
	  ->  Bitmap Heap Scan on sbtest1  (cost=23.46..4144.63 rows=1076 width=4)
	        Recheck Cond: ((id >= 9902387) AND (id <= 9903386))
	        ->  Bitmap Index Scan on sbtest1_pkey  (cost=0.00..23.19 rows=1076 width=0)
	              Index Cond: ((id >= 9902387) AND (id <= 9903386))

table 2 : explain SELECT SUM(k) FROM sbtest2 WHERE id BETWEEN 2205695 AND 2206694
	Aggregate  (cost=3872.93..3872.94 rows=1 width=8)
	  ->  Bitmap Heap Scan on sbtest2  (cost=22.72..3870.42 rows=1003 width=4)
	        Recheck Cond: ((id >= 2205695) AND (id <= 2206694))
	        ->  Bitmap Index Scan on sbtest2_pkey  (cost=0.00..22.46 rows=1003 width=0)
	              Index Cond: ((id >= 2205695) AND (id <= 2206694))

table 3 : explain SELECT SUM(k) FROM sbtest3 WHERE id BETWEEN 6711479 AND 6712478
	Aggregate  (cost=4181.66..4181.67 rows=1 width=8)
	  ->  Bitmap Heap Scan on sbtest3  (cost=23.56..4178.95 rows=1085 width=4)
	        Recheck Cond: ((id >= 6711479) AND (id <= 6712478))
	        ->  Bitmap Index Scan on sbtest3_pkey  (cost=0.00..23.29 rows=1085 width=0)
	              Index Cond: ((id >= 6711479) AND (id <= 6712478))

table 4 : explain SELECT SUM(k) FROM sbtest4 WHERE id BETWEEN 3659852 AND 3660851
	Aggregate  (cost=3899.93..3899.94 rows=1 width=8)
	  ->  Bitmap Heap Scan on sbtest4  (cost=22.79..3897.40 rows=1010 width=4)
	        Recheck Cond: ((id >= 3659852) AND (id <= 3660851))
	        ->  Bitmap Index Scan on sbtest4_pkey  (cost=0.00..22.54 rows=1010 width=0)
	              Index Cond: ((id >= 3659852) AND (id <= 3660851))

table 5 : explain SELECT SUM(k) FROM sbtest5 WHERE id BETWEEN 1909812 AND 1910811
	Aggregate  (cost=3753.11..3753.12 rows=1 width=8)
	  ->  Bitmap Heap Scan on sbtest5  (cost=22.39..3750.68 rows=971 width=4)
	        Recheck Cond: ((id >= 1909812) AND (id <= 1910811))
	        ->  Bitmap Index Scan on sbtest5_pkey  (cost=0.00..22.14 rows=971 width=0)
	              Index Cond: ((id >= 1909812) AND (id <= 1910811))

table 6 : explain SELECT SUM(k) FROM sbtest6 WHERE id BETWEEN 7835394 AND 7836393
	Aggregate  (cost=4130.64..4130.65 rows=1 width=8)
	  ->  Bitmap Heap Scan on sbtest6  (cost=23.41..4127.96 rows=1071 width=4)
	        Recheck Cond: ((id >= 7835394) AND (id <= 7836393))
	        ->  Bitmap Index Scan on sbtest6_pkey  (cost=0.00..23.14 rows=1071 width=0)
	              Index Cond: ((id >= 7835394) AND (id <= 7836393))

table 7 : explain SELECT SUM(k) FROM sbtest7 WHERE id BETWEEN 7968542 AND 7969541
	Aggregate  (cost=3530.93..3530.94 rows=1 width=8)
	  ->  Bitmap Heap Scan on sbtest7  (cost=21.78..3528.65 rows=912 width=4)
	        Recheck Cond: ((id >= 7968542) AND (id <= 7969541))
	        ->  Bitmap Index Scan on sbtest7_pkey  (cost=0.00..21.55 rows=912 width=0)
	              Index Cond: ((id >= 7968542) AND (id <= 7969541))

table 8 : explain SELECT SUM(k) FROM sbtest8 WHERE id BETWEEN 7680067 AND 7681066
	Aggregate  (cost=3667.96..3667.97 rows=1 width=8)
	  ->  Bitmap Heap Scan on sbtest8  (cost=22.15..3665.59 rows=948 width=4)
	        Recheck Cond: ((id >= 7680067) AND (id <= 7681066))
	        ->  Bitmap Index Scan on sbtest8_pkey  (cost=0.00..21.91 rows=948 width=0)
	              Index Cond: ((id >= 7680067) AND (id <= 7681066))

for point_selects
table 1 : explain SELECT c FROM sbtest1 WHERE id=1122367
	Index Scan using sbtest1_pkey on sbtest1  (cost=0.43..8.45 rows=1 width=121)
	  Index Cond: (id = 1122367)

table 2 : explain SELECT c FROM sbtest2 WHERE id=991708
	Index Scan using sbtest2_pkey on sbtest2  (cost=0.43..8.45 rows=1 width=121)
	  Index Cond: (id = 991708)

table 3 : explain SELECT c FROM sbtest3 WHERE id=9741716
	Index Scan using sbtest3_pkey on sbtest3  (cost=0.43..8.45 rows=1 width=121)
	  Index Cond: (id = 9741716)

table 4 : explain SELECT c FROM sbtest4 WHERE id=7280787
	Index Scan using sbtest4_pkey on sbtest4  (cost=0.43..8.45 rows=1 width=121)
	  Index Cond: (id = 7280787)

table 5 : explain SELECT c FROM sbtest5 WHERE id=8572585
	Index Scan using sbtest5_pkey on sbtest5  (cost=0.43..8.45 rows=1 width=121)
	  Index Cond: (id = 8572585)

table 6 : explain SELECT c FROM sbtest6 WHERE id=5244835
	Index Scan using sbtest6_pkey on sbtest6  (cost=0.43..8.45 rows=1 width=121)
	  Index Cond: (id = 5244835)

table 7 : explain SELECT c FROM sbtest7 WHERE id=8184206
	Index Scan using sbtest7_pkey on sbtest7  (cost=0.43..8.45 rows=1 width=121)
	  Index Cond: (id = 8184206)

table 8 : explain SELECT c FROM sbtest8 WHERE id=9152917
	Index Scan using sbtest8_pkey on sbtest8  (cost=0.43..8.45 rows=1 width=121)
	  Index Cond: (id = 9152917)

for: distinct_ranges
table 1 : explain SELECT DISTINCT c FROM sbtest1 WHERE id BETWEEN 970577 AND 971576 ORDER BY c
	Unique  (cost=3801.84..3806.70 rows=972 width=121)
	  ->  Sort  (cost=3801.84..3804.27 rows=972 width=121)
	        Sort Key: c
	        ->  Bitmap Heap Scan on sbtest1  (cost=22.40..3753.61 rows=972 width=121)
	              Recheck Cond: ((id >= 970577) AND (id <= 971576))
	              ->  Bitmap Index Scan on sbtest1_pkey  (cost=0.00..22.15 rows=972 width=0)
	                    Index Cond: ((id >= 970577) AND (id <= 971576))

table 2 : explain SELECT DISTINCT c FROM sbtest2 WHERE id BETWEEN 5663456 AND 5664455 ORDER BY c
	Unique  (cost=3947.16..3952.21 rows=1010 width=121)
	  ->  Sort  (cost=3947.16..3949.68 rows=1010 width=121)
	        Sort Key: c
	        ->  Bitmap Heap Scan on sbtest2  (cost=22.79..3896.76 rows=1010 width=121)
	              Recheck Cond: ((id >= 5663456) AND (id <= 5664455))
	              ->  Bitmap Index Scan on sbtest2_pkey  (cost=0.00..22.54 rows=1010 width=0)
	                    Index Cond: ((id >= 5663456) AND (id <= 5664455))

table 3 : explain SELECT DISTINCT c FROM sbtest3 WHERE id BETWEEN 9608072 AND 9609071 ORDER BY c
	Unique  (cost=4344.38..4349.95 rows=1114 width=121)
	  ->  Sort  (cost=4344.38..4347.16 rows=1114 width=121)
	        Sort Key: c
	        ->  Bitmap Heap Scan on sbtest3  (cost=27.85..4288.00 rows=1114 width=121)
	              Recheck Cond: ((id >= 9608072) AND (id <= 9609071))
	              ->  Bitmap Index Scan on sbtest3_pkey  (cost=0.00..27.57 rows=1114 width=0)
	                    Index Cond: ((id >= 9608072) AND (id <= 9609071))

table 4 : explain SELECT DISTINCT c FROM sbtest4 WHERE id BETWEEN 7463573 AND 7464572 ORDER BY c
	Unique  (cost=3886.67..3891.64 rows=994 width=121)
	  ->  Sort  (cost=3886.67..3889.15 rows=994 width=121)
	        Sort Key: c
	        ->  Bitmap Heap Scan on sbtest4  (cost=22.62..3837.18 rows=994 width=121)
	              Recheck Cond: ((id >= 7463573) AND (id <= 7464572))
	              ->  Bitmap Index Scan on sbtest4_pkey  (cost=0.00..22.37 rows=994 width=0)
	                    Index Cond: ((id >= 7463573) AND (id <= 7464572))

table 5 : explain SELECT DISTINCT c FROM sbtest5 WHERE id BETWEEN 1147697 AND 1148696 ORDER BY c
	Unique  (cost=3982.31..3987.41 rows=1019 width=121)
	  ->  Sort  (cost=3982.31..3984.86 rows=1019 width=121)
	        Sort Key: c
	        ->  Bitmap Heap Scan on sbtest5  (cost=22.88..3931.40 rows=1019 width=121)
	              Recheck Cond: ((id >= 1147697) AND (id <= 1148696))
	              ->  Bitmap Index Scan on sbtest5_pkey  (cost=0.00..22.62 rows=1019 width=0)
	                    Index Cond: ((id >= 1147697) AND (id <= 1148696))

table 6 : explain SELECT DISTINCT c FROM sbtest6 WHERE id BETWEEN 3387350 AND 3388349 ORDER BY c
	Unique  (cost=4139.90..4145.20 rows=1060 width=121)
	  ->  Sort  (cost=4139.90..4142.55 rows=1060 width=121)
	        Sort Key: c
	        ->  Bitmap Heap Scan on sbtest6  (cost=23.30..4086.63 rows=1060 width=121)
	              Recheck Cond: ((id >= 3387350) AND (id <= 3388349))
	              ->  Bitmap Index Scan on sbtest6_pkey  (cost=0.00..23.04 rows=1060 width=0)
	                    Index Cond: ((id >= 3387350) AND (id <= 3388349))

table 7 : explain SELECT DISTINCT c FROM sbtest7 WHERE id BETWEEN 5385588 AND 5386587 ORDER BY c
	Unique  (cost=4234.79..4240.21 rows=1085 width=121)
	  ->  Sort  (cost=4234.79..4237.50 rows=1085 width=121)
	        Sort Key: c
	        ->  Bitmap Heap Scan on sbtest7  (cost=23.56..4180.09 rows=1085 width=121)
	              Recheck Cond: ((id >= 5385588) AND (id <= 5386587))
	              ->  Bitmap Index Scan on sbtest7_pkey  (cost=0.00..23.29 rows=1085 width=0)
	                    Index Cond: ((id >= 5385588) AND (id <= 5386587))

table 8 : explain SELECT DISTINCT c FROM sbtest8 WHERE id BETWEEN 5728960 AND 5729959 ORDER BY c
	Unique  (cost=3639.66..3644.31 rows=929 width=121)
	  ->  Sort  (cost=3639.66..3641.99 rows=929 width=121)
	        Sort Key: c
	        ->  Bitmap Heap Scan on sbtest8  (cost=21.96..3593.87 rows=929 width=121)
	              Recheck Cond: ((id >= 5728960) AND (id <= 5729959))
	              ->  Bitmap Index Scan on sbtest8_pkey  (cost=0.00..21.72 rows=929 width=0)
	                    Index Cond: ((id >= 5728960) AND (id <= 5729959))

for point_selects
table 1 : explain SELECT c FROM sbtest1 WHERE id=3425519
	Index Scan using sbtest1_pkey on sbtest1  (cost=0.43..8.45 rows=1 width=121)
	  Index Cond: (id = 3425519)

table 2 : explain SELECT c FROM sbtest2 WHERE id=7178525
	Index Scan using sbtest2_pkey on sbtest2  (cost=0.43..8.45 rows=1 width=121)
	  Index Cond: (id = 7178525)

table 3 : explain SELECT c FROM sbtest3 WHERE id=807765
	Index Scan using sbtest3_pkey on sbtest3  (cost=0.43..8.45 rows=1 width=121)
	  Index Cond: (id = 807765)

table 4 : explain SELECT c FROM sbtest4 WHERE id=4417185
	Index Scan using sbtest4_pkey on sbtest4  (cost=0.43..8.45 rows=1 width=121)
	  Index Cond: (id = 4417185)

table 5 : explain SELECT c FROM sbtest5 WHERE id=5028757
	Index Scan using sbtest5_pkey on sbtest5  (cost=0.43..8.45 rows=1 width=121)
	  Index Cond: (id = 5028757)

table 6 : explain SELECT c FROM sbtest6 WHERE id=2887161
	Index Scan using sbtest6_pkey on sbtest6  (cost=0.43..8.45 rows=1 width=121)
	  Index Cond: (id = 2887161)

table 7 : explain SELECT c FROM sbtest7 WHERE id=7768582
	Index Scan using sbtest7_pkey on sbtest7  (cost=0.43..8.45 rows=1 width=121)
	  Index Cond: (id = 7768582)

table 8 : explain SELECT c FROM sbtest8 WHERE id=3596545
	Index Scan using sbtest8_pkey on sbtest8  (cost=0.43..8.45 rows=1 width=121)
	  Index Cond: (id = 3596545)

for: distinct_ranges
table 1 : explain SELECT DISTINCT c FROM sbtest1 WHERE id BETWEEN 836793 AND 837792 ORDER BY c
	Unique  (cost=3679.42..3684.12 rows=940 width=121)
	  ->  Sort  (cost=3679.42..3681.77 rows=940 width=121)
	        Sort Key: c
	        ->  Bitmap Heap Scan on sbtest1  (cost=22.07..3633.00 rows=940 width=121)
	              Recheck Cond: ((id >= 836793) AND (id <= 837792))
	              ->  Bitmap Index Scan on sbtest1_pkey  (cost=0.00..21.83 rows=940 width=0)
	                    Index Cond: ((id >= 836793) AND (id <= 837792))

table 2 : explain SELECT DISTINCT c FROM sbtest2 WHERE id BETWEEN 1081930 AND 1082929 ORDER BY c
	Unique  (cost=3920.42..3925.44 rows=1003 width=121)
	  ->  Sort  (cost=3920.42..3922.93 rows=1003 width=121)
	        Sort Key: c
	        ->  Bitmap Heap Scan on sbtest2  (cost=22.72..3870.42 rows=1003 width=121)
	              Recheck Cond: ((id >= 1081930) AND (id <= 1082929))
	              ->  Bitmap Index Scan on sbtest2_pkey  (cost=0.00..22.46 rows=1003 width=0)
	                    Index Cond: ((id >= 1081930) AND (id <= 1082929))

table 3 : explain SELECT DISTINCT c FROM sbtest3 WHERE id BETWEEN 3651780 AND 3652779 ORDER BY c
	Unique  (cost=3775.52..3780.35 rows=965 width=121)
	  ->  Sort  (cost=3775.52..3777.94 rows=965 width=121)
	        Sort Key: c
	        ->  Bitmap Heap Scan on sbtest3  (cost=22.33..3727.69 rows=965 width=121)
	              Recheck Cond: ((id >= 3651780) AND (id <= 3652779))
	              ->  Bitmap Index Scan on sbtest3_pkey  (cost=0.00..22.08 rows=965 width=0)
	                    Index Cond: ((id >= 3651780) AND (id <= 3652779))

table 4 : explain SELECT DISTINCT c FROM sbtest4 WHERE id BETWEEN 8476869 AND 8477868 ORDER BY c
	Unique  (cost=3726.04..3730.80 rows=952 width=121)
	  ->  Sort  (cost=3726.04..3728.42 rows=952 width=121)
	        Sort Key: c
	        ->  Bitmap Heap Scan on sbtest4  (cost=22.19..3678.94 rows=952 width=121)
	              Recheck Cond: ((id >= 8476869) AND (id <= 8477868))
	              ->  Bitmap Index Scan on sbtest4_pkey  (cost=0.00..21.95 rows=952 width=0)
	                    Index Cond: ((id >= 8476869) AND (id <= 8477868))

table 5 : explain SELECT DISTINCT c FROM sbtest5 WHERE id BETWEEN 7885162 AND 7886161 ORDER BY c
	Unique  (cost=3840.92..3845.83 rows=982 width=121)
	  ->  Sort  (cost=3840.92..3843.38 rows=982 width=121)
	        Sort Key: c
	        ->  Bitmap Heap Scan on sbtest5  (cost=22.50..3792.12 rows=982 width=121)
	              Recheck Cond: ((id >= 7885162) AND (id <= 7886161))
	              ->  Bitmap Index Scan on sbtest5_pkey  (cost=0.00..22.25 rows=982 width=0)
	                    Index Cond: ((id >= 7885162) AND (id <= 7886161))

table 6 : explain SELECT DISTINCT c FROM sbtest6 WHERE id BETWEEN 9367082 AND 9368081 ORDER BY c
	Unique  (cost=3971.89..3976.97 rows=1016 width=121)
	  ->  Sort  (cost=3971.89..3974.43 rows=1016 width=121)
	        Sort Key: c
	        ->  Bitmap Heap Scan on sbtest6  (cost=22.85..3921.15 rows=1016 width=121)
	              Recheck Cond: ((id >= 9367082) AND (id <= 9368081))
	              ->  Bitmap Index Scan on sbtest6_pkey  (cost=0.00..22.59 rows=1016 width=0)
	                    Index Cond: ((id >= 9367082) AND (id <= 9368081))

table 7 : explain SELECT DISTINCT c FROM sbtest7 WHERE id BETWEEN 2165849 AND 2166848 ORDER BY c
	Unique  (cost=4189.04..4194.40 rows=1073 width=121)
	  ->  Sort  (cost=4189.04..4191.72 rows=1073 width=121)
	        Sort Key: c
	        ->  Bitmap Heap Scan on sbtest7  (cost=23.43..4135.02 rows=1073 width=121)
	              Recheck Cond: ((id >= 2165849) AND (id <= 2166848))
	              ->  Bitmap Index Scan on sbtest7_pkey  (cost=0.00..23.16 rows=1073 width=0)
	                    Index Cond: ((id >= 2165849) AND (id <= 2166848))

table 8 : explain SELECT DISTINCT c FROM sbtest8 WHERE id BETWEEN 9955414 AND 9956413 ORDER BY c
	Unique  (cost=3804.36..3809.22 rows=972 width=121)
	  ->  Sort  (cost=3804.36..3806.79 rows=972 width=121)
	        Sort Key: c
	        ->  Bitmap Heap Scan on sbtest8  (cost=22.40..3756.12 rows=972 width=121)
	              Recheck Cond: ((id >= 9955414) AND (id <= 9956413))
	              ->  Bitmap Index Scan on sbtest8_pkey  (cost=0.00..22.15 rows=972 width=0)
	                    Index Cond: ((id >= 9955414) AND (id <= 9956413))

for: distinct_ranges
table 1 : explain SELECT DISTINCT c FROM sbtest1 WHERE id BETWEEN 4631675 AND 4632674 ORDER BY c
	Unique  (cost=3992.86..3997.97 rows=1022 width=121)
	  ->  Sort  (cost=3992.86..3995.42 rows=1022 width=121)
	        Sort Key: c
	        ->  Bitmap Heap Scan on sbtest1  (cost=22.91..3941.78 rows=1022 width=121)
	              Recheck Cond: ((id >= 4631675) AND (id <= 4632674))
	              ->  Bitmap Index Scan on sbtest1_pkey  (cost=0.00..22.65 rows=1022 width=0)
	                    Index Cond: ((id >= 4631675) AND (id <= 4632674))

table 2 : explain SELECT DISTINCT c FROM sbtest2 WHERE id BETWEEN 2451544 AND 2452543 ORDER BY c
	Unique  (cost=4046.41..4051.59 rows=1036 width=121)
	  ->  Sort  (cost=4046.41..4049.00 rows=1036 width=121)
	        Sort Key: c
	        ->  Bitmap Heap Scan on sbtest2  (cost=23.05..3994.52 rows=1036 width=121)
	              Recheck Cond: ((id >= 2451544) AND (id <= 2452543))
	              ->  Bitmap Index Scan on sbtest2_pkey  (cost=0.00..22.79 rows=1036 width=0)
	                    Index Cond: ((id >= 2451544) AND (id <= 2452543))

table 3 : explain SELECT DISTINCT c FROM sbtest3 WHERE id BETWEEN 6334388 AND 6335387 ORDER BY c
	Unique  (cost=3932.25..3937.28 rows=1006 width=121)
	  ->  Sort  (cost=3932.25..3934.76 rows=1006 width=121)
	        Sort Key: c
	        ->  Bitmap Heap Scan on sbtest3  (cost=22.75..3882.08 rows=1006 width=121)
	              Recheck Cond: ((id >= 6334388) AND (id <= 6335387))
	              ->  Bitmap Index Scan on sbtest3_pkey  (cost=0.00..22.50 rows=1006 width=0)
	                    Index Cond: ((id >= 6334388) AND (id <= 6335387))

table 4 : explain SELECT DISTINCT c FROM sbtest4 WHERE id BETWEEN 3461992 AND 3462991 ORDER BY c
	Unique  (cost=3553.69..3558.22 rows=907 width=121)
	  ->  Sort  (cost=3553.69..3555.95 rows=907 width=121)
	        Sort Key: c
	        ->  Bitmap Heap Scan on sbtest4  (cost=21.73..3509.13 rows=907 width=121)
	              Recheck Cond: ((id >= 3461992) AND (id <= 3462991))
	              ->  Bitmap Index Scan on sbtest4_pkey  (cost=0.00..21.50 rows=907 width=0)
	                    Index Cond: ((id >= 3461992) AND (id <= 3462991))

table 5 : explain SELECT DISTINCT c FROM sbtest5 WHERE id BETWEEN 1591938 AND 1592937 ORDER BY c
	Unique  (cost=3687.88..3692.59 rows=942 width=121)
	  ->  Sort  (cost=3687.88..3690.23 rows=942 width=121)
	        Sort Key: c
	        ->  Bitmap Heap Scan on sbtest5  (cost=22.09..3641.35 rows=942 width=121)
	              Recheck Cond: ((id >= 1591938) AND (id <= 1592937))
	              ->  Bitmap Index Scan on sbtest5_pkey  (cost=0.00..21.86 rows=942 width=0)
	                    Index Cond: ((id >= 1591938) AND (id <= 1592937))

table 6 : explain SELECT DISTINCT c FROM sbtest6 WHERE id BETWEEN 589054 AND 590053 ORDER BY c
	Unique  (cost=3558.51..3563.05 rows=908 width=121)
	  ->  Sort  (cost=3558.51..3560.78 rows=908 width=121)
	        Sort Key: c
	        ->  Bitmap Heap Scan on sbtest6  (cost=21.74..3513.90 rows=908 width=121)
	              Recheck Cond: ((id >= 589054) AND (id <= 590053))
	              ->  Bitmap Index Scan on sbtest6_pkey  (cost=0.00..21.51 rows=908 width=0)
	                    Index Cond: ((id >= 589054) AND (id <= 590053))

table 7 : explain SELECT DISTINCT c FROM sbtest7 WHERE id BETWEEN 1714148 AND 1715147 ORDER BY c
	Unique  (cost=3546.66..3551.18 rows=905 width=121)
	  ->  Sort  (cost=3546.66..3548.92 rows=905 width=121)
	        Sort Key: c
	        ->  Bitmap Heap Scan on sbtest7  (cost=21.71..3502.21 rows=905 width=121)
	              Recheck Cond: ((id >= 1714148) AND (id <= 1715147))
	              ->  Bitmap Index Scan on sbtest7_pkey  (cost=0.00..21.48 rows=905 width=0)
	                    Index Cond: ((id >= 1714148) AND (id <= 1715147))

table 8 : explain SELECT DISTINCT c FROM sbtest8 WHERE id BETWEEN 5360764 AND 5361763 ORDER BY c
	Unique  (cost=3815.84..3820.71 rows=975 width=121)
	  ->  Sort  (cost=3815.84..3818.28 rows=975 width=121)
	        Sort Key: c
	        ->  Bitmap Heap Scan on sbtest8  (cost=22.43..3767.43 rows=975 width=121)
	              Recheck Cond: ((id >= 5360764) AND (id <= 5361763))
	              ->  Bitmap Index Scan on sbtest8_pkey  (cost=0.00..22.18 rows=975 width=0)
	                    Index Cond: ((id >= 5360764) AND (id <= 5361763))

for: simple_ranges
table 1 : explain SELECT c FROM sbtest1 WHERE id BETWEEN 1617711 AND 1618710
	Bitmap Heap Scan on sbtest1  (cost=23.54..4170.90 rows=1083 width=121)
	  Recheck Cond: ((id >= 1617711) AND (id <= 1618710))
	  ->  Bitmap Index Scan on sbtest1_pkey  (cost=0.00..23.26 rows=1083 width=0)
	        Index Cond: ((id >= 1617711) AND (id <= 1618710))

table 2 : explain SELECT c FROM sbtest2 WHERE id BETWEEN 9678073 AND 9679072
	Bitmap Heap Scan on sbtest2  (cost=22.44..3768.78 rows=976 width=121)
	  Recheck Cond: ((id >= 9678073) AND (id <= 9679072))
	  ->  Bitmap Index Scan on sbtest2_pkey  (cost=0.00..22.19 rows=976 width=0)
	        Index Cond: ((id >= 9678073) AND (id <= 9679072))

table 3 : explain SELECT c FROM sbtest3 WHERE id BETWEEN 9093414 AND 9094413
	Bitmap Heap Scan on sbtest3  (cost=22.58..3821.85 rows=990 width=121)
	  Recheck Cond: ((id >= 9093414) AND (id <= 9094413))
	  ->  Bitmap Index Scan on sbtest3_pkey  (cost=0.00..22.33 rows=990 width=0)
	        Index Cond: ((id >= 9093414) AND (id <= 9094413))

table 4 : explain SELECT c FROM sbtest4 WHERE id BETWEEN 6493400 AND 6494399
	Bitmap Heap Scan on sbtest4  (cost=21.78..3528.01 rows=912 width=121)
	  Recheck Cond: ((id >= 6493400) AND (id <= 6494399))
	  ->  Bitmap Index Scan on sbtest4_pkey  (cost=0.00..21.55 rows=912 width=0)
	        Index Cond: ((id >= 6493400) AND (id <= 6494399))

table 5 : explain SELECT c FROM sbtest5 WHERE id BETWEEN 3692007 AND 3693006
	Bitmap Heap Scan on sbtest5  (cost=23.14..4025.40 rows=1044 width=121)
	  Recheck Cond: ((id >= 3692007) AND (id <= 3693006))
	  ->  Bitmap Index Scan on sbtest5_pkey  (cost=0.00..22.87 rows=1044 width=0)
	        Index Cond: ((id >= 3692007) AND (id <= 3693006))

table 6 : explain SELECT c FROM sbtest6 WHERE id BETWEEN 9562330 AND 9563329
	Bitmap Heap Scan on sbtest6  (cost=22.14..3661.14 rows=947 width=121)
	  Recheck Cond: ((id >= 9562330) AND (id <= 9563329))
	  ->  Bitmap Index Scan on sbtest6_pkey  (cost=0.00..21.90 rows=947 width=0)
	        Index Cond: ((id >= 9562330) AND (id <= 9563329))

table 7 : explain SELECT c FROM sbtest7 WHERE id BETWEEN 7950512 AND 7951511
	Bitmap Heap Scan on sbtest7  (cost=21.78..3528.65 rows=912 width=121)
	  Recheck Cond: ((id >= 7950512) AND (id <= 7951511))
	  ->  Bitmap Index Scan on sbtest7_pkey  (cost=0.00..21.55 rows=912 width=0)
	        Index Cond: ((id >= 7950512) AND (id <= 7951511))

table 8 : explain SELECT c FROM sbtest8 WHERE id BETWEEN 371383 AND 372382
	Bitmap Heap Scan on sbtest8  (cost=21.90..3571.21 rows=923 width=121)
	  Recheck Cond: ((id >= 371383) AND (id <= 372382))
	  ->  Bitmap Index Scan on sbtest8_pkey  (cost=0.00..21.66 rows=923 width=0)
	        Index Cond: ((id >= 371383) AND (id <= 372382))

explain: for point_selects :: explain SELECT c FROM sbtest%u WHERE id=%u
for: simple_ranges
table 1 : explain SELECT c FROM sbtest1 WHERE id BETWEEN 8929939 AND 8930938
	Bitmap Heap Scan on sbtest1  (cost=28.04..4354.90 rows=1132 width=121)
	  Recheck Cond: ((id >= 8929939) AND (id <= 8930938))
	  ->  Bitmap Index Scan on sbtest1_pkey  (cost=0.00..27.75 rows=1132 width=0)
	        Index Cond: ((id >= 8929939) AND (id <= 8930938))

table 2 : explain SELECT c FROM sbtest2 WHERE id BETWEEN 18277 AND 19276
	Bitmap Heap Scan on sbtest2  (cost=22.19..3678.35 rows=952 width=121)
	  Recheck Cond: ((id >= 18277) AND (id <= 19276))
	  ->  Bitmap Index Scan on sbtest2_pkey  (cost=0.00..21.95 rows=952 width=0)
	        Index Cond: ((id >= 18277) AND (id <= 19276))

table 3 : explain SELECT c FROM sbtest3 WHERE id BETWEEN 3685525 AND 3686524
	Bitmap Heap Scan on sbtest3  (cost=22.33..3727.69 rows=965 width=121)
	  Recheck Cond: ((id >= 3685525) AND (id <= 3686524))
	  ->  Bitmap Index Scan on sbtest3_pkey  (cost=0.00..22.08 rows=965 width=0)
	        Index Cond: ((id >= 3685525) AND (id <= 3686524))

table 4 : explain SELECT c FROM sbtest4 WHERE id BETWEEN 8280501 AND 8281500
	Bitmap Heap Scan on sbtest4  (cost=22.89..3935.02 rows=1020 width=121)
	  Recheck Cond: ((id >= 8280501) AND (id <= 8281500))
	  ->  Bitmap Index Scan on sbtest4_pkey  (cost=0.00..22.64 rows=1020 width=0)
	        Index Cond: ((id >= 8280501) AND (id <= 8281500))

table 5 : explain SELECT c FROM sbtest5 WHERE id BETWEEN 5855371 AND 5856370
	Bitmap Heap Scan on sbtest5  (cost=27.65..4213.45 rows=1094 width=121)
	  Recheck Cond: ((id >= 5855371) AND (id <= 5856370))
	  ->  Bitmap Index Scan on sbtest5_pkey  (cost=0.00..27.37 rows=1094 width=0)
	        Index Cond: ((id >= 5855371) AND (id <= 5856370))

table 6 : explain SELECT c FROM sbtest6 WHERE id BETWEEN 5242476 AND 5243475
	Bitmap Heap Scan on sbtest6  (cost=22.73..3875.97 rows=1004 width=121)
	  Recheck Cond: ((id >= 5242476) AND (id <= 5243475))
	  ->  Bitmap Index Scan on sbtest6_pkey  (cost=0.00..22.47 rows=1004 width=0)
	        Index Cond: ((id >= 5242476) AND (id <= 5243475))

table 7 : explain SELECT c FROM sbtest7 WHERE id BETWEEN 4375917 AND 4376916
	Bitmap Heap Scan on sbtest7  (cost=21.65..3479.54 rows=899 width=121)
	  Recheck Cond: ((id >= 4375917) AND (id <= 4376916))
	  ->  Bitmap Index Scan on sbtest7_pkey  (cost=0.00..21.43 rows=899 width=0)
	        Index Cond: ((id >= 4375917) AND (id <= 4376916))

table 8 : explain SELECT c FROM sbtest8 WHERE id BETWEEN 6446041 AND 6447040
	Bitmap Heap Scan on sbtest8  (cost=21.77..3525.87 rows=911 width=121)
	  Recheck Cond: ((id >= 6446041) AND (id <= 6447040))
	  ->  Bitmap Index Scan on sbtest8_pkey  (cost=0.00..21.54 rows=911 width=0)
	        Index Cond: ((id >= 6446041) AND (id <= 6447040))

for: sum_ranges
table 1 : explain SELECT SUM(k) FROM sbtest1 WHERE id BETWEEN 3140987 AND 3141986
	Aggregate  (cost=3921.75..3921.76 rows=1 width=8)
	  ->  Bitmap Heap Scan on sbtest1  (cost=22.85..3919.21 rows=1016 width=4)
	        Recheck Cond: ((id >= 3140987) AND (id <= 3141986))
	        ->  Bitmap Index Scan on sbtest1_pkey  (cost=0.00..22.59 rows=1016 width=0)
	              Index Cond: ((id >= 3140987) AND (id <= 3141986))

table 2 : explain SELECT SUM(k) FROM sbtest2 WHERE id BETWEEN 8869262 AND 8870261
	Aggregate  (cost=3790.06..3790.07 rows=1 width=8)
	  ->  Bitmap Heap Scan on sbtest2  (cost=22.49..3787.61 rows=981 width=4)
	        Recheck Cond: ((id >= 8869262) AND (id <= 8870261))
	        ->  Bitmap Index Scan on sbtest2_pkey  (cost=0.00..22.25 rows=981 width=0)
	              Index Cond: ((id >= 8869262) AND (id <= 8870261))

table 3 : explain SELECT SUM(k) FROM sbtest3 WHERE id BETWEEN 5090303 AND 5091302
	Aggregate  (cost=3699.93..3699.94 rows=1 width=8)
	  ->  Bitmap Heap Scan on sbtest3  (cost=22.24..3697.54 rows=957 width=4)
	        Recheck Cond: ((id >= 5090303) AND (id <= 5091302))
	        ->  Bitmap Index Scan on sbtest3_pkey  (cost=0.00..22.00 rows=957 width=0)
	              Index Cond: ((id >= 5090303) AND (id <= 5091302))

table 4 : explain SELECT SUM(k) FROM sbtest4 WHERE id BETWEEN 7757591 AND 7758590
	Aggregate  (cost=3907.46..3907.47 rows=1 width=8)
	  ->  Bitmap Heap Scan on sbtest4  (cost=22.81..3904.93 rows=1012 width=4)
	        Recheck Cond: ((id >= 7757591) AND (id <= 7758590))
	        ->  Bitmap Index Scan on sbtest4_pkey  (cost=0.00..22.55 rows=1012 width=0)
	              Index Cond: ((id >= 7757591) AND (id <= 7758590))

table 5 : explain SELECT SUM(k) FROM sbtest5 WHERE id BETWEEN 1170252 AND 1171251
	Aggregate  (cost=3869.93..3869.94 rows=1 width=8)
	  ->  Bitmap Heap Scan on sbtest5  (cost=22.71..3867.43 rows=1002 width=4)
	        Recheck Cond: ((id >= 1170252) AND (id <= 1171251))
	        ->  Bitmap Index Scan on sbtest5_pkey  (cost=0.00..22.45 rows=1002 width=0)
	              Index Cond: ((id >= 1170252) AND (id <= 1171251))

table 6 : explain SELECT SUM(k) FROM sbtest6 WHERE id BETWEEN 4730011 AND 4731010
	Aggregate  (cost=3561.52..3561.53 rows=1 width=8)
	  ->  Bitmap Heap Scan on sbtest6  (cost=21.87..3559.22 rows=920 width=4)
	        Recheck Cond: ((id >= 4730011) AND (id <= 4731010))
	        ->  Bitmap Index Scan on sbtest6_pkey  (cost=0.00..21.64 rows=920 width=0)
	              Index Cond: ((id >= 4730011) AND (id <= 4731010))

table 7 : explain SELECT SUM(k) FROM sbtest7 WHERE id BETWEEN 494421 AND 495420
	Aggregate  (cost=3908.21..3908.22 rows=1 width=8)
	  ->  Bitmap Heap Scan on sbtest7  (cost=22.81..3905.68 rows=1012 width=4)
	        Recheck Cond: ((id >= 494421) AND (id <= 495420))
	        ->  Bitmap Index Scan on sbtest7_pkey  (cost=0.00..22.55 rows=1012 width=0)
	              Index Cond: ((id >= 494421) AND (id <= 495420))

table 8 : explain SELECT SUM(k) FROM sbtest8 WHERE id BETWEEN 6313743 AND 6314742
	Aggregate  (cost=3996.00..3996.01 rows=1 width=8)
	  ->  Bitmap Heap Scan on sbtest8  (cost=23.04..3993.41 rows=1035 width=4)
	        Recheck Cond: ((id >= 6313743) AND (id <= 6314742))
	        ->  Bitmap Index Scan on sbtest8_pkey  (cost=0.00..22.79 rows=1035 width=0)
	              Index Cond: ((id >= 6313743) AND (id <= 6314742))

for: simple_ranges
table 1 : explain SELECT c FROM sbtest1 WHERE id BETWEEN 5205792 AND 5206791
	Bitmap Heap Scan on sbtest1  (cost=22.43..3764.90 rows=975 width=121)
	  Recheck Cond: ((id >= 5205792) AND (id <= 5206791))
	  ->  Bitmap Index Scan on sbtest1_pkey  (cost=0.00..22.18 rows=975 width=0)
	        Index Cond: ((id >= 5205792) AND (id <= 5206791))

table 2 : explain SELECT c FROM sbtest2 WHERE id BETWEEN 5845957 AND 5846956
	Bitmap Heap Scan on sbtest2  (cost=22.75..3881.71 rows=1006 width=121)
	  Recheck Cond: ((id >= 5845957) AND (id <= 5846956))
	  ->  Bitmap Index Scan on sbtest2_pkey  (cost=0.00..22.50 rows=1006 width=0)
	        Index Cond: ((id >= 5845957) AND (id <= 5846956))

table 3 : explain SELECT c FROM sbtest3 WHERE id BETWEEN 8176552 AND 8177551
	Bitmap Heap Scan on sbtest3  (cost=21.78..3527.78 rows=912 width=121)
	  Recheck Cond: ((id >= 8176552) AND (id <= 8177551))
	  ->  Bitmap Index Scan on sbtest3_pkey  (cost=0.00..21.55 rows=912 width=0)
	        Index Cond: ((id >= 8176552) AND (id <= 8177551))

table 4 : explain SELECT c FROM sbtest4 WHERE id BETWEEN 5925991 AND 5926990
	Bitmap Heap Scan on sbtest4  (cost=23.28..4077.87 rows=1058 width=121)
	  Recheck Cond: ((id >= 5925991) AND (id <= 5926990))
	  ->  Bitmap Index Scan on sbtest4_pkey  (cost=0.00..23.01 rows=1058 width=0)
	        Index Cond: ((id >= 5925991) AND (id <= 5926990))

table 5 : explain SELECT c FROM sbtest5 WHERE id BETWEEN 5697836 AND 5698835
	Bitmap Heap Scan on sbtest5  (cost=22.59..3826.01 rows=991 width=121)
	  Recheck Cond: ((id >= 5697836) AND (id <= 5698835))
	  ->  Bitmap Index Scan on sbtest5_pkey  (cost=0.00..22.34 rows=991 width=0)
	        Index Cond: ((id >= 5697836) AND (id <= 5698835))

table 6 : explain SELECT c FROM sbtest6 WHERE id BETWEEN 4059728 AND 4060727
	Bitmap Heap Scan on sbtest6  (cost=21.98..3600.76 rows=931 width=121)
	  Recheck Cond: ((id >= 4059728) AND (id <= 4060727))
	  ->  Bitmap Index Scan on sbtest6_pkey  (cost=0.00..21.75 rows=931 width=0)
	        Index Cond: ((id >= 4059728) AND (id <= 4060727))

table 7 : explain SELECT c FROM sbtest7 WHERE id BETWEEN 3651952 AND 3652951
	Bitmap Heap Scan on sbtest7  (cost=22.85..3920.73 rows=1016 width=121)
	  Recheck Cond: ((id >= 3651952) AND (id <= 3652951))
	  ->  Bitmap Index Scan on sbtest7_pkey  (cost=0.00..22.59 rows=1016 width=0)
	        Index Cond: ((id >= 3651952) AND (id <= 3652951))

table 8 : explain SELECT c FROM sbtest8 WHERE id BETWEEN 5535232 AND 5536231
	Bitmap Heap Scan on sbtest8  (cost=22.65..3850.35 rows=997 width=121)
	  Recheck Cond: ((id >= 5535232) AND (id <= 5536231))
	  ->  Bitmap Index Scan on sbtest8_pkey  (cost=0.00..22.40 rows=997 width=0)
	        Index Cond: ((id >= 5535232) AND (id <= 5536231))

for: order_ranges
table 1 : explain SELECT c FROM sbtest1 WHERE id BETWEEN 6295598 AND 6296597 ORDER BY c
	Sort  (cost=3912.67..3915.17 rows=1001 width=121)
	  Sort Key: c
	  ->  Bitmap Heap Scan on sbtest1  (cost=22.70..3862.78 rows=1001 width=121)
	        Recheck Cond: ((id >= 6295598) AND (id <= 6296597))
	        ->  Bitmap Index Scan on sbtest1_pkey  (cost=0.00..22.44 rows=1001 width=0)
	              Index Cond: ((id >= 6295598) AND (id <= 6296597))

table 2 : explain SELECT c FROM sbtest2 WHERE id BETWEEN 2780007 AND 2781006 ORDER BY c
	Sort  (cost=4248.56..4251.29 rows=1090 width=121)
	  Sort Key: c
	  ->  Bitmap Heap Scan on sbtest2  (cost=23.61..4193.57 rows=1090 width=121)
	        Recheck Cond: ((id >= 2780007) AND (id <= 2781006))
	        ->  Bitmap Index Scan on sbtest2_pkey  (cost=0.00..23.33 rows=1090 width=0)
	              Index Cond: ((id >= 2780007) AND (id <= 2781006))

table 3 : explain SELECT c FROM sbtest3 WHERE id BETWEEN 2907652 AND 2908651 ORDER BY c
	Sort  (cost=4279.64..4282.38 rows=1097 width=121)
	  Sort Key: c
	  ->  Bitmap Heap Scan on sbtest3  (cost=27.68..4224.24 rows=1097 width=121)
	        Recheck Cond: ((id >= 2907652) AND (id <= 2908651))
	        ->  Bitmap Index Scan on sbtest3_pkey  (cost=0.00..27.40 rows=1097 width=0)
	              Index Cond: ((id >= 2907652) AND (id <= 2908651))

table 4 : explain SELECT c FROM sbtest4 WHERE id BETWEEN 3145356 AND 3146355 ORDER BY c
	Sort  (cost=3729.86..3732.25 rows=953 width=121)
	  Sort Key: c
	  ->  Bitmap Heap Scan on sbtest4  (cost=22.20..3682.71 rows=953 width=121)
	        Recheck Cond: ((id >= 3145356) AND (id <= 3146355))
	        ->  Bitmap Index Scan on sbtest4_pkey  (cost=0.00..21.96 rows=953 width=0)
	              Index Cond: ((id >= 3145356) AND (id <= 3146355))

table 5 : explain SELECT c FROM sbtest5 WHERE id BETWEEN 9070207 AND 9071206 ORDER BY c
	Sort  (cost=3840.92..3843.38 rows=982 width=121)
	  Sort Key: c
	  ->  Bitmap Heap Scan on sbtest5  (cost=22.50..3792.12 rows=982 width=121)
	        Recheck Cond: ((id >= 9070207) AND (id <= 9071206))
	        ->  Bitmap Index Scan on sbtest5_pkey  (cost=0.00..22.25 rows=982 width=0)
	              Index Cond: ((id >= 9070207) AND (id <= 9071206))

table 6 : explain SELECT c FROM sbtest6 WHERE id BETWEEN 4166363 AND 4167362 ORDER BY c
	Sort  (cost=3834.26..3836.71 rows=980 width=121)
	  Sort Key: c
	  ->  Bitmap Heap Scan on sbtest6  (cost=22.48..3785.57 rows=980 width=121)
	        Recheck Cond: ((id >= 4166363) AND (id <= 4167362))
	        ->  Bitmap Index Scan on sbtest6_pkey  (cost=0.00..22.23 rows=980 width=0)
	              Index Cond: ((id >= 4166363) AND (id <= 4167362))

table 7 : explain SELECT c FROM sbtest7 WHERE id BETWEEN 4963741 AND 4964740 ORDER BY c
	Sort  (cost=3619.48..3621.79 rows=924 width=121)
	  Sort Key: c
	  ->  Bitmap Heap Scan on sbtest7  (cost=21.91..3573.97 rows=924 width=121)
	        Recheck Cond: ((id >= 4963741) AND (id <= 4964740))
	        ->  Bitmap Index Scan on sbtest7_pkey  (cost=0.00..21.68 rows=924 width=0)
	              Index Cond: ((id >= 4963741) AND (id <= 4964740))

table 8 : explain SELECT c FROM sbtest8 WHERE id BETWEEN 1288400 AND 1289399 ORDER BY c
	Sort  (cost=3789.05..3791.47 rows=968 width=121)
	  Sort Key: c
	  ->  Bitmap Heap Scan on sbtest8  (cost=22.36..3741.04 rows=968 width=121)
	        Recheck Cond: ((id >= 1288400) AND (id <= 1289399))
	        ->  Bitmap Index Scan on sbtest8_pkey  (cost=0.00..22.11 rows=968 width=0)
	              Index Cond: ((id >= 1288400) AND (id <= 1289399))

for: simple_ranges
table 1 : explain SELECT c FROM sbtest1 WHERE id BETWEEN 4633863 AND 4634862
	Bitmap Heap Scan on sbtest1  (cost=22.91..3941.78 rows=1022 width=121)
	  Recheck Cond: ((id >= 4633863) AND (id <= 4634862))
	  ->  Bitmap Index Scan on sbtest1_pkey  (cost=0.00..22.65 rows=1022 width=0)
	        Index Cond: ((id >= 4633863) AND (id <= 4634862))

table 2 : explain SELECT c FROM sbtest2 WHERE id BETWEEN 5123185 AND 5124184
	Bitmap Heap Scan on sbtest2  (cost=22.62..3836.55 rows=994 width=121)
	  Recheck Cond: ((id >= 5123185) AND (id <= 5124184))
	  ->  Bitmap Index Scan on sbtest2_pkey  (cost=0.00..22.37 rows=994 width=0)
	        Index Cond: ((id >= 5123185) AND (id <= 5124184))

table 3 : explain SELECT c FROM sbtest3 WHERE id BETWEEN 9408402 AND 9409401
	Bitmap Heap Scan on sbtest3  (cost=23.28..4077.57 rows=1058 width=121)
	  Recheck Cond: ((id >= 9408402) AND (id <= 9409401))
	  ->  Bitmap Index Scan on sbtest3_pkey  (cost=0.00..23.01 rows=1058 width=0)
	        Index Cond: ((id >= 9408402) AND (id <= 9409401))

table 4 : explain SELECT c FROM sbtest4 WHERE id BETWEEN 1475752 AND 1476751
	Bitmap Heap Scan on sbtest4  (cost=22.16..3667.63 rows=949 width=121)
	  Recheck Cond: ((id >= 1475752) AND (id <= 1476751))
	  ->  Bitmap Index Scan on sbtest4_pkey  (cost=0.00..21.93 rows=949 width=0)
	        Index Cond: ((id >= 1475752) AND (id <= 1476751))

table 5 : explain SELECT c FROM sbtest5 WHERE id BETWEEN 1783831 AND 1784830
	Bitmap Heap Scan on sbtest5  (cost=21.65..3479.03 rows=899 width=121)
	  Recheck Cond: ((id >= 1783831) AND (id <= 1784830))
	  ->  Bitmap Index Scan on sbtest5_pkey  (cost=0.00..21.43 rows=899 width=0)
	        Index Cond: ((id >= 1783831) AND (id <= 1784830))

table 6 : explain SELECT c FROM sbtest6 WHERE id BETWEEN 8415713 AND 8416712
	Bitmap Heap Scan on sbtest6  (cost=22.14..3661.14 rows=947 width=121)
	  Recheck Cond: ((id >= 8415713) AND (id <= 8416712))
	  ->  Bitmap Index Scan on sbtest6_pkey  (cost=0.00..21.90 rows=947 width=0)
	        Index Cond: ((id >= 8415713) AND (id <= 8416712))

table 7 : explain SELECT c FROM sbtest7 WHERE id BETWEEN 1777642 AND 1778641
	Bitmap Heap Scan on sbtest7  (cost=22.33..3728.64 rows=965 width=121)
	  Recheck Cond: ((id >= 1777642) AND (id <= 1778641))
	  ->  Bitmap Index Scan on sbtest7_pkey  (cost=0.00..22.08 rows=965 width=0)
	        Index Cond: ((id >= 1777642) AND (id <= 1778641))

table 8 : explain SELECT c FROM sbtest8 WHERE id BETWEEN 5954026 AND 5955025
	Bitmap Heap Scan on sbtest8  (cost=22.99..3974.60 rows=1030 width=121)
	  Recheck Cond: ((id >= 5954026) AND (id <= 5955025))
	  ->  Bitmap Index Scan on sbtest8_pkey  (cost=0.00..22.73 rows=1030 width=0)
	        Index Cond: ((id >= 5954026) AND (id <= 5955025))

for point_selects
table 1 : explain SELECT c FROM sbtest1 WHERE id=8474458
	Index Scan using sbtest1_pkey on sbtest1  (cost=0.43..8.45 rows=1 width=121)
	  Index Cond: (id = 8474458)

table 2 : explain SELECT c FROM sbtest2 WHERE id=8381178
	Index Scan using sbtest2_pkey on sbtest2  (cost=0.43..8.45 rows=1 width=121)
	  Index Cond: (id = 8381178)

table 3 : explain SELECT c FROM sbtest3 WHERE id=7420215
	Index Scan using sbtest3_pkey on sbtest3  (cost=0.43..8.45 rows=1 width=121)
	  Index Cond: (id = 7420215)

table 4 : explain SELECT c FROM sbtest4 WHERE id=8102731
	Index Scan using sbtest4_pkey on sbtest4  (cost=0.43..8.45 rows=1 width=121)
	  Index Cond: (id = 8102731)

table 5 : explain SELECT c FROM sbtest5 WHERE id=7643277
	Index Scan using sbtest5_pkey on sbtest5  (cost=0.43..8.45 rows=1 width=121)
	  Index Cond: (id = 7643277)

table 6 : explain SELECT c FROM sbtest6 WHERE id=3864541
	Index Scan using sbtest6_pkey on sbtest6  (cost=0.43..8.45 rows=1 width=121)
	  Index Cond: (id = 3864541)

table 7 : explain SELECT c FROM sbtest7 WHERE id=1713678
	Index Scan using sbtest7_pkey on sbtest7  (cost=0.43..8.45 rows=1 width=121)
	  Index Cond: (id = 1713678)

table 8 : explain SELECT c FROM sbtest8 WHERE id=5725285
	Index Scan using sbtest8_pkey on sbtest8  (cost=0.43..8.45 rows=1 width=121)
	  Index Cond: (id = 5725285)

for: distinct_ranges
table 1 : explain SELECT DISTINCT c FROM sbtest1 WHERE id BETWEEN 2642655 AND 2643654 ORDER BY c
	Unique  (cost=3958.50..3963.56 rows=1013 width=121)
	  ->  Sort  (cost=3958.50..3961.03 rows=1013 width=121)
	        Sort Key: c
	        ->  Bitmap Heap Scan on sbtest1  (cost=22.82..3907.93 rows=1013 width=121)
	              Recheck Cond: ((id >= 2642655) AND (id <= 2643654))
	              ->  Bitmap Index Scan on sbtest1_pkey  (cost=0.00..22.57 rows=1013 width=0)
	                    Index Cond: ((id >= 2642655) AND (id <= 2643654))

table 2 : explain SELECT DISTINCT c FROM sbtest2 WHERE id BETWEEN 1527100 AND 1528099 ORDER BY c
	Unique  (cost=4012.06..4017.20 rows=1027 width=121)
	  ->  Sort  (cost=4012.06..4014.63 rows=1027 width=121)
	        Sort Key: c
	        ->  Bitmap Heap Scan on sbtest2  (cost=22.96..3960.69 rows=1027 width=121)
	              Recheck Cond: ((id >= 1527100) AND (id <= 1528099))
	              ->  Bitmap Index Scan on sbtest2_pkey  (cost=0.00..22.70 rows=1027 width=0)
	                    Index Cond: ((id >= 1527100) AND (id <= 1528099))

table 3 : explain SELECT DISTINCT c FROM sbtest3 WHERE id BETWEEN 3720318 AND 3721317 ORDER BY c
	Unique  (cost=3775.52..3780.35 rows=965 width=121)
	  ->  Sort  (cost=3775.52..3777.94 rows=965 width=121)
	        Sort Key: c
	        ->  Bitmap Heap Scan on sbtest3  (cost=22.33..3727.69 rows=965 width=121)
	              Recheck Cond: ((id >= 3720318) AND (id <= 3721317))
	              ->  Bitmap Index Scan on sbtest3_pkey  (cost=0.00..22.08 rows=965 width=0)
	                    Index Cond: ((id >= 3720318) AND (id <= 3721317))

table 4 : explain SELECT DISTINCT c FROM sbtest4 WHERE id BETWEEN 7773820 AND 7774819 ORDER BY c
	Unique  (cost=3955.44..3960.50 rows=1012 width=121)
	  ->  Sort  (cost=3955.44..3957.97 rows=1012 width=121)
	        Sort Key: c
	        ->  Bitmap Heap Scan on sbtest4  (cost=22.81..3904.93 rows=1012 width=121)
	              Recheck Cond: ((id >= 7773820) AND (id <= 7774819))
	              ->  Bitmap Index Scan on sbtest4_pkey  (cost=0.00..22.55 rows=1012 width=0)
	                    Index Cond: ((id >= 7773820) AND (id <= 7774819))

table 5 : explain SELECT DISTINCT c FROM sbtest5 WHERE id BETWEEN 9761896 AND 9762895 ORDER BY c
	Unique  (cost=3993.77..3998.88 rows=1022 width=121)
	  ->  Sort  (cost=3993.77..3996.32 rows=1022 width=121)
	        Sort Key: c
	        ->  Bitmap Heap Scan on sbtest5  (cost=22.91..3942.68 rows=1022 width=121)
	              Recheck Cond: ((id >= 9761896) AND (id <= 9762895))
	              ->  Bitmap Index Scan on sbtest5_pkey  (cost=0.00..22.65 rows=1022 width=0)
	                    Index Cond: ((id >= 9761896) AND (id <= 9762895))

table 6 : explain SELECT DISTINCT c FROM sbtest6 WHERE id BETWEEN 1737616 AND 1738615 ORDER BY c
	Unique  (cost=4307.94..4313.46 rows=1104 width=121)
	  ->  Sort  (cost=4307.94..4310.70 rows=1104 width=121)
	        Sort Key: c
	        ->  Bitmap Heap Scan on sbtest6  (cost=27.75..4252.14 rows=1104 width=121)
	              Recheck Cond: ((id >= 1737616) AND (id <= 1738615))
	              ->  Bitmap Index Scan on sbtest6_pkey  (cost=0.00..27.47 rows=1104 width=0)
	                    Index Cond: ((id >= 1737616) AND (id <= 1738615))

table 7 : explain SELECT DISTINCT c FROM sbtest7 WHERE id BETWEEN 5835894 AND 5836893 ORDER BY c
	Unique  (cost=3703.75..3708.48 rows=946 width=121)
	  ->  Sort  (cost=3703.75..3706.12 rows=946 width=121)
	        Sort Key: c
	        ->  Bitmap Heap Scan on sbtest7  (cost=22.13..3656.99 rows=946 width=121)
	              Recheck Cond: ((id >= 5835894) AND (id <= 5836893))
	              ->  Bitmap Index Scan on sbtest7_pkey  (cost=0.00..21.89 rows=946 width=0)
	                    Index Cond: ((id >= 5835894) AND (id <= 5836893))

table 8 : explain SELECT DISTINCT c FROM sbtest8 WHERE id BETWEEN 5564785 AND 5565784 ORDER BY c
	Unique  (cost=3639.66..3644.31 rows=929 width=121)
	  ->  Sort  (cost=3639.66..3641.99 rows=929 width=121)
	        Sort Key: c
	        ->  Bitmap Heap Scan on sbtest8  (cost=21.96..3593.87 rows=929 width=121)
	              Recheck Cond: ((id >= 5564785) AND (id <= 5565784))
	              ->  Bitmap Index Scan on sbtest8_pkey  (cost=0.00..21.72 rows=929 width=0)
	                    Index Cond: ((id >= 5564785) AND (id <= 5565784))

for: order_ranges
table 1 : explain SELECT c FROM sbtest1 WHERE id BETWEEN 3045168 AND 3046167 ORDER BY c
	Sort  (cost=3438.03..3440.22 rows=877 width=121)
	  Sort Key: c
	  ->  Bitmap Heap Scan on sbtest1  (cost=21.42..3395.16 rows=877 width=121)
	        Recheck Cond: ((id >= 3045168) AND (id <= 3046167))
	        ->  Bitmap Index Scan on sbtest1_pkey  (cost=0.00..21.20 rows=877 width=0)
	              Index Cond: ((id >= 3045168) AND (id <= 3046167))

table 2 : explain SELECT c FROM sbtest2 WHERE id BETWEEN 1533383 AND 1534382 ORDER BY c
	Sort  (cost=4012.06..4014.63 rows=1027 width=121)
	  Sort Key: c
	  ->  Bitmap Heap Scan on sbtest2  (cost=22.96..3960.69 rows=1027 width=121)
	        Recheck Cond: ((id >= 1533383) AND (id <= 1534382))
	        ->  Bitmap Index Scan on sbtest2_pkey  (cost=0.00..22.70 rows=1027 width=0)
	              Index Cond: ((id >= 1533383) AND (id <= 1534382))

table 3 : explain SELECT c FROM sbtest3 WHERE id BETWEEN 7379411 AND 7380410 ORDER BY c
	Sort  (cost=3714.31..3716.68 rows=949 width=121)
	  Sort Key: c
	  ->  Bitmap Heap Scan on sbtest3  (cost=22.16..3667.38 rows=949 width=121)
	        Recheck Cond: ((id >= 7379411) AND (id <= 7380410))
	        ->  Bitmap Index Scan on sbtest3_pkey  (cost=0.00..21.93 rows=949 width=0)
	              Index Cond: ((id >= 7379411) AND (id <= 7380410))

table 4 : explain SELECT c FROM sbtest4 WHERE id BETWEEN 5852224 AND 5853223 ORDER BY c
	Sort  (cost=4119.57..4122.21 rows=1055 width=121)
	  Sort Key: c
	  ->  Bitmap Heap Scan on sbtest4  (cost=23.25..4066.60 rows=1055 width=121)
	        Recheck Cond: ((id >= 5852224) AND (id <= 5853223))
	        ->  Bitmap Index Scan on sbtest4_pkey  (cost=0.00..22.98 rows=1055 width=0)
	              Index Cond: ((id >= 5852224) AND (id <= 5853223))

table 5 : explain SELECT c FROM sbtest5 WHERE id BETWEEN 8064049 AND 8065048 ORDER BY c
	Sort  (cost=3791.21..3793.63 rows=969 width=121)
	  Sort Key: c
	  ->  Bitmap Heap Scan on sbtest5  (cost=22.37..3743.14 rows=969 width=121)
	        Recheck Cond: ((id >= 8064049) AND (id <= 8065048))
	        ->  Bitmap Index Scan on sbtest5_pkey  (cost=0.00..22.12 rows=969 width=0)
	              Index Cond: ((id >= 8064049) AND (id <= 8065048))

table 6 : explain SELECT c FROM sbtest6 WHERE id BETWEEN 4044713 AND 4045712 ORDER BY c
	Sort  (cost=3646.67..3649.00 rows=931 width=121)
	  Sort Key: c
	  ->  Bitmap Heap Scan on sbtest6  (cost=21.98..3600.76 rows=931 width=121)
	        Recheck Cond: ((id >= 4044713) AND (id <= 4045712))
	        ->  Bitmap Index Scan on sbtest6_pkey  (cost=0.00..21.75 rows=931 width=0)
	              Index Cond: ((id >= 4044713) AND (id <= 4045712))

table 7 : explain SELECT c FROM sbtest7 WHERE id BETWEEN 6368966 AND 6369965 ORDER BY c
	Sort  (cost=4097.48..4100.10 rows=1049 width=121)
	  Sort Key: c
	  ->  Bitmap Heap Scan on sbtest7  (cost=23.19..4044.85 rows=1049 width=121)
	        Recheck Cond: ((id >= 6368966) AND (id <= 6369965))
	        ->  Bitmap Index Scan on sbtest7_pkey  (cost=0.00..22.93 rows=1049 width=0)
	              Index Cond: ((id >= 6368966) AND (id <= 6369965))

table 8 : explain SELECT c FROM sbtest8 WHERE id BETWEEN 2355401 AND 2356400 ORDER BY c
	Sort  (cost=3892.36..3894.84 rows=995 width=121)
	  Sort Key: c
	  ->  Bitmap Heap Scan on sbtest8  (cost=22.63..3842.81 rows=995 width=121)
	        Recheck Cond: ((id >= 2355401) AND (id <= 2356400))
	        ->  Bitmap Index Scan on sbtest8_pkey  (cost=0.00..22.39 rows=995 width=0)
	              Index Cond: ((id >= 2355401) AND (id <= 2356400))

for: simple_ranges
table 1 : explain SELECT c FROM sbtest1 WHERE id BETWEEN 3649768 AND 3650767
	Bitmap Heap Scan on sbtest1  (cost=22.17..3670.71 rows=950 width=121)
	  Recheck Cond: ((id >= 3649768) AND (id <= 3650767))
	  ->  Bitmap Index Scan on sbtest1_pkey  (cost=0.00..21.93 rows=950 width=0)
	        Index Cond: ((id >= 3649768) AND (id <= 3650767))

table 2 : explain SELECT c FROM sbtest2 WHERE id BETWEEN 3907080 AND 3908079
	Bitmap Heap Scan on sbtest2  (cost=21.99..3602.93 rows=932 width=121)
	  Recheck Cond: ((id >= 3907080) AND (id <= 3908079))
	  ->  Bitmap Index Scan on sbtest2_pkey  (cost=0.00..21.75 rows=932 width=0)
	        Index Cond: ((id >= 3907080) AND (id <= 3908079))

table 3 : explain SELECT c FROM sbtest3 WHERE id BETWEEN 3248457 AND 3249456
	Bitmap Heap Scan on sbtest3  (cost=22.95..3957.31 rows=1026 width=121)
	  Recheck Cond: ((id >= 3248457) AND (id <= 3249456))
	  ->  Bitmap Index Scan on sbtest3_pkey  (cost=0.00..22.69 rows=1026 width=0)
	        Index Cond: ((id >= 3248457) AND (id <= 3249456))

table 4 : explain SELECT c FROM sbtest4 WHERE id BETWEEN 9584524 AND 9585523
	Bitmap Heap Scan on sbtest4  (cost=22.35..3735.48 rows=967 width=121)
	  Recheck Cond: ((id >= 9584524) AND (id <= 9585523))
	  ->  Bitmap Index Scan on sbtest4_pkey  (cost=0.00..22.11 rows=967 width=0)
	        Index Cond: ((id >= 9584524) AND (id <= 9585523))

table 5 : explain SELECT c FROM sbtest5 WHERE id BETWEEN 5696860 AND 5697859
	Bitmap Heap Scan on sbtest5  (cost=22.59..3826.01 rows=991 width=121)
	  Recheck Cond: ((id >= 5696860) AND (id <= 5697859))
	  ->  Bitmap Index Scan on sbtest5_pkey  (cost=0.00..22.34 rows=991 width=0)
	        Index Cond: ((id >= 5696860) AND (id <= 5697859))

table 6 : explain SELECT c FROM sbtest6 WHERE id BETWEEN 6997577 AND 6998576
	Bitmap Heap Scan on sbtest6  (cost=22.93..3951.26 rows=1024 width=121)
	  Recheck Cond: ((id >= 6997577) AND (id <= 6998576))
	  ->  Bitmap Index Scan on sbtest6_pkey  (cost=0.00..22.68 rows=1024 width=0)
	        Index Cond: ((id >= 6997577) AND (id <= 6998576))

table 7 : explain SELECT c FROM sbtest7 WHERE id BETWEEN 2681137 AND 2682136
	Bitmap Heap Scan on sbtest7  (cost=22.08..3638.13 rows=941 width=121)
	  Recheck Cond: ((id >= 2681137) AND (id <= 2682136))
	  ->  Bitmap Index Scan on sbtest7_pkey  (cost=0.00..21.84 rows=941 width=0)
	        Index Cond: ((id >= 2681137) AND (id <= 2682136))

table 8 : explain SELECT c FROM sbtest8 WHERE id BETWEEN 2410894 AND 2411893
	Bitmap Heap Scan on sbtest8  (cost=21.76..3522.09 rows=910 width=121)
	  Recheck Cond: ((id >= 2410894) AND (id <= 2411893))
	  ->  Bitmap Index Scan on sbtest8_pkey  (cost=0.00..21.54 rows=910 width=0)
	        Index Cond: ((id >= 2410894) AND (id <= 2411893))

for point_selects
table 1 : explain SELECT c FROM sbtest1 WHERE id=8453766
	Index Scan using sbtest1_pkey on sbtest1  (cost=0.43..8.45 rows=1 width=121)
	  Index Cond: (id = 8453766)

table 2 : explain SELECT c FROM sbtest2 WHERE id=8082348
	Index Scan using sbtest2_pkey on sbtest2  (cost=0.43..8.45 rows=1 width=121)
	  Index Cond: (id = 8082348)

table 3 : explain SELECT c FROM sbtest3 WHERE id=947269
	Index Scan using sbtest3_pkey on sbtest3  (cost=0.43..8.45 rows=1 width=121)
	  Index Cond: (id = 947269)

table 4 : explain SELECT c FROM sbtest4 WHERE id=9435647
	Index Scan using sbtest4_pkey on sbtest4  (cost=0.43..8.45 rows=1 width=121)
	  Index Cond: (id = 9435647)

table 5 : explain SELECT c FROM sbtest5 WHERE id=2171150
	Index Scan using sbtest5_pkey on sbtest5  (cost=0.43..8.45 rows=1 width=121)
	  Index Cond: (id = 2171150)

table 6 : explain SELECT c FROM sbtest6 WHERE id=1860469
	Index Scan using sbtest6_pkey on sbtest6  (cost=0.43..8.45 rows=1 width=121)
	  Index Cond: (id = 1860469)

table 7 : explain SELECT c FROM sbtest7 WHERE id=1240219
	Index Scan using sbtest7_pkey on sbtest7  (cost=0.43..8.45 rows=1 width=121)
	  Index Cond: (id = 1240219)

table 8 : explain SELECT c FROM sbtest8 WHERE id=6093835
	Index Scan using sbtest8_pkey on sbtest8  (cost=0.43..8.45 rows=1 width=121)
	  Index Cond: (id = 6093835)

for: sum_ranges
table 1 : explain SELECT SUM(k) FROM sbtest1 WHERE id BETWEEN 6663392 AND 6664391
	Aggregate  (cost=3805.02..3805.03 rows=1 width=8)
	  ->  Bitmap Heap Scan on sbtest1  (cost=22.53..3802.56 rows=985 width=4)
	        Recheck Cond: ((id >= 6663392) AND (id <= 6664391))
	        ->  Bitmap Index Scan on sbtest1_pkey  (cost=0.00..22.29 rows=985 width=0)
	              Index Cond: ((id >= 6663392) AND (id <= 6664391))

table 2 : explain SELECT SUM(k) FROM sbtest2 WHERE id BETWEEN 276749 AND 277748
	Aggregate  (cost=4297.86..4297.87 rows=1 width=8)
	  ->  Bitmap Heap Scan on sbtest2  (cost=27.87..4295.07 rows=1116 width=4)
	        Recheck Cond: ((id >= 276749) AND (id <= 277748))
	        ->  Bitmap Index Scan on sbtest2_pkey  (cost=0.00..27.59 rows=1116 width=0)
	              Index Cond: ((id >= 276749) AND (id <= 277748))

table 3 : explain SELECT SUM(k) FROM sbtest3 WHERE id BETWEEN 1666400 AND 1667399
	Aggregate  (cost=3613.14..3613.15 rows=1 width=8)
	  ->  Bitmap Heap Scan on sbtest3  (cost=22.01..3610.80 rows=934 width=4)
	        Recheck Cond: ((id >= 1666400) AND (id <= 1667399))
	        ->  Bitmap Index Scan on sbtest3_pkey  (cost=0.00..21.77 rows=934 width=0)
	              Index Cond: ((id >= 1666400) AND (id <= 1667399))

table 4 : explain SELECT SUM(k) FROM sbtest4 WHERE id BETWEEN 3711932 AND 3712931
	Aggregate  (cost=3850.97..3850.98 rows=1 width=8)
	  ->  Bitmap Heap Scan on sbtest4  (cost=22.65..3848.47 rows=997 width=4)
	        Recheck Cond: ((id >= 3711932) AND (id <= 3712931))
	        ->  Bitmap Index Scan on sbtest4_pkey  (cost=0.00..22.40 rows=997 width=0)
	              Index Cond: ((id >= 3711932) AND (id <= 3712931))

table 5 : explain SELECT SUM(k) FROM sbtest5 WHERE id BETWEEN 9678471 AND 9679470
	Aggregate  (cost=3636.15..3636.16 rows=1 width=8)
	  ->  Bitmap Heap Scan on sbtest5  (cost=22.07..3633.80 rows=940 width=4)
	        Recheck Cond: ((id >= 9678471) AND (id <= 9679470))
	        ->  Bitmap Index Scan on sbtest5_pkey  (cost=0.00..21.83 rows=940 width=0)
	              Index Cond: ((id >= 9678471) AND (id <= 9679470))

table 6 : explain SELECT SUM(k) FROM sbtest6 WHERE id BETWEEN 769370 AND 770369
	Aggregate  (cost=4040.38..4040.39 rows=1 width=8)
	  ->  Bitmap Heap Scan on sbtest6  (cost=23.17..4037.76 rows=1047 width=4)
	        Recheck Cond: ((id >= 769370) AND (id <= 770369))
	        ->  Bitmap Index Scan on sbtest6_pkey  (cost=0.00..22.90 rows=1047 width=0)
	              Index Cond: ((id >= 769370) AND (id <= 770369))

table 7 : explain SELECT SUM(k) FROM sbtest7 WHERE id BETWEEN 8575158 AND 8576157
	Aggregate  (cost=4145.22..4145.23 rows=1 width=8)
	  ->  Bitmap Heap Scan on sbtest7  (cost=23.45..4142.54 rows=1075 width=4)
	        Recheck Cond: ((id >= 8575158) AND (id <= 8576157))
	        ->  Bitmap Index Scan on sbtest7_pkey  (cost=0.00..23.18 rows=1075 width=0)
	              Index Cond: ((id >= 8575158) AND (id <= 8576157))

table 8 : explain SELECT SUM(k) FROM sbtest8 WHERE id BETWEEN 4758453 AND 4759452
	Aggregate  (cost=3837.76..3837.77 rows=1 width=8)
	  ->  Bitmap Heap Scan on sbtest8  (cost=22.61..3835.28 rows=993 width=4)
	        Recheck Cond: ((id >= 4758453) AND (id <= 4759452))
	        ->  Bitmap Index Scan on sbtest8_pkey  (cost=0.00..22.36 rows=993 width=0)
	              Index Cond: ((id >= 4758453) AND (id <= 4759452))

for: sum_ranges
table 1 : explain SELECT SUM(k) FROM sbtest1 WHERE id BETWEEN 1808029 AND 1809028
	Aggregate  (cost=3552.30..3552.31 rows=1 width=8)
	  ->  Bitmap Heap Scan on sbtest1  (cost=21.84..3550.01 rows=918 width=4)
	        Recheck Cond: ((id >= 1808029) AND (id <= 1809028))
	        ->  Bitmap Index Scan on sbtest1_pkey  (cost=0.00..21.61 rows=918 width=0)
	              Index Cond: ((id >= 1808029) AND (id <= 1809028))

table 2 : explain SELECT SUM(k) FROM sbtest2 WHERE id BETWEEN 1768045 AND 1769044
	Aggregate  (cost=3827.74..3827.75 rows=1 width=8)
	  ->  Bitmap Heap Scan on sbtest2  (cost=22.59..3825.26 rows=991 width=4)
	        Recheck Cond: ((id >= 1768045) AND (id <= 1769044))
	        ->  Bitmap Index Scan on sbtest2_pkey  (cost=0.00..22.34 rows=991 width=0)
	              Index Cond: ((id >= 1768045) AND (id <= 1769044))

table 3 : explain SELECT SUM(k) FROM sbtest3 WHERE id BETWEEN 934380 AND 935379
	Aggregate  (cost=4121.56..4121.57 rows=1 width=8)
	  ->  Bitmap Heap Scan on sbtest3  (cost=23.39..4118.89 rows=1069 width=4)
	        Recheck Cond: ((id >= 934380) AND (id <= 935379))
	        ->  Bitmap Index Scan on sbtest3_pkey  (cost=0.00..23.12 rows=1069 width=0)
	              Index Cond: ((id >= 934380) AND (id <= 935379))

table 4 : explain SELECT SUM(k) FROM sbtest4 WHERE id BETWEEN 349717 AND 350716
	Aggregate  (cost=3741.67..3741.68 rows=1 width=8)
	  ->  Bitmap Heap Scan on sbtest4  (cost=22.36..3739.25 rows=968 width=4)
	        Recheck Cond: ((id >= 349717) AND (id <= 350716))
	        ->  Bitmap Index Scan on sbtest4_pkey  (cost=0.00..22.11 rows=968 width=0)
	              Index Cond: ((id >= 349717) AND (id <= 350716))

table 5 : explain SELECT SUM(k) FROM sbtest5 WHERE id BETWEEN 8390433 AND 8391432
	Aggregate  (cost=3632.38..3632.39 rows=1 width=8)
	  ->  Bitmap Heap Scan on sbtest5  (cost=22.06..3630.03 rows=939 width=4)
	        Recheck Cond: ((id >= 8390433) AND (id <= 8391432))
	        ->  Bitmap Index Scan on sbtest5_pkey  (cost=0.00..21.82 rows=939 width=0)
	              Index Cond: ((id >= 8390433) AND (id <= 8391432))

table 6 : explain SELECT SUM(k) FROM sbtest6 WHERE id BETWEEN 3961835 AND 3962834
	Aggregate  (cost=4051.67..4051.68 rows=1 width=8)
	  ->  Bitmap Heap Scan on sbtest6  (cost=23.20..4049.04 rows=1050 width=4)
	        Recheck Cond: ((id >= 3961835) AND (id <= 3962834))
	        ->  Bitmap Index Scan on sbtest6_pkey  (cost=0.00..22.93 rows=1050 width=0)
	              Index Cond: ((id >= 3961835) AND (id <= 3962834))

table 7 : explain SELECT SUM(k) FROM sbtest7 WHERE id BETWEEN 9893532 AND 9894531
	Aggregate  (cost=3957.16..3957.17 rows=1 width=8)
	  ->  Bitmap Heap Scan on sbtest7  (cost=22.94..3954.60 rows=1025 width=4)
	        Recheck Cond: ((id >= 9893532) AND (id <= 9894531))
	        ->  Bitmap Index Scan on sbtest7_pkey  (cost=0.00..22.68 rows=1025 width=0)
	              Index Cond: ((id >= 9893532) AND (id <= 9894531))

table 8 : explain SELECT SUM(k) FROM sbtest8 WHERE id BETWEEN 2325129 AND 2326128
	Aggregate  (cost=3845.30..3845.31 rows=1 width=8)
	  ->  Bitmap Heap Scan on sbtest8  (cost=22.63..3842.81 rows=995 width=4)
	        Recheck Cond: ((id >= 2325129) AND (id <= 2326128))
	        ->  Bitmap Index Scan on sbtest8_pkey  (cost=0.00..22.39 rows=995 width=0)
	              Index Cond: ((id >= 2325129) AND (id <= 2326128))

for: sum_ranges
table 1 : explain SELECT SUM(k) FROM sbtest1 WHERE id BETWEEN 4757668 AND 4758667
	Aggregate  (cost=4094.73..4094.74 rows=1 width=8)
	  ->  Bitmap Heap Scan on sbtest1  (cost=23.32..4092.08 rows=1062 width=4)
	        Recheck Cond: ((id >= 4757668) AND (id <= 4758667))
	        ->  Bitmap Index Scan on sbtest1_pkey  (cost=0.00..23.05 rows=1062 width=0)
	              Index Cond: ((id >= 4757668) AND (id <= 4758667))

table 2 : explain SELECT SUM(k) FROM sbtest2 WHERE id BETWEEN 8742960 AND 8743959
	Aggregate  (cost=3556.18..3556.19 rows=1 width=8)
	  ->  Bitmap Heap Scan on sbtest2  (cost=21.85..3553.88 rows=919 width=4)
	        Recheck Cond: ((id >= 8742960) AND (id <= 8743959))
	        ->  Bitmap Index Scan on sbtest2_pkey  (cost=0.00..21.62 rows=919 width=0)
	              Index Cond: ((id >= 8742960) AND (id <= 8743959))

table 3 : explain SELECT SUM(k) FROM sbtest3 WHERE id BETWEEN 5140013 AND 5141012
	Aggregate  (cost=3658.43..3658.44 rows=1 width=8)
	  ->  Bitmap Heap Scan on sbtest3  (cost=22.13..3656.06 rows=946 width=4)
	        Recheck Cond: ((id >= 5140013) AND (id <= 5141012))
	        ->  Bitmap Index Scan on sbtest3_pkey  (cost=0.00..21.89 rows=946 width=0)
	              Index Cond: ((id >= 5140013) AND (id <= 5141012))

table 4 : explain SELECT SUM(k) FROM sbtest4 WHERE id BETWEEN 7301626 AND 7302625
	Aggregate  (cost=4076.75..4076.76 rows=1 width=8)
	  ->  Bitmap Heap Scan on sbtest4  (cost=23.27..4074.11 rows=1057 width=4)
	        Recheck Cond: ((id >= 7301626) AND (id <= 7302625))
	        ->  Bitmap Index Scan on sbtest4_pkey  (cost=0.00..23.00 rows=1057 width=0)
	              Index Cond: ((id >= 7301626) AND (id <= 7302625))

table 5 : explain SELECT SUM(k) FROM sbtest5 WHERE id BETWEEN 5989697 AND 5990696
	Aggregate  (cost=3873.70..3873.71 rows=1 width=8)
	  ->  Bitmap Heap Scan on sbtest5  (cost=22.72..3871.19 rows=1003 width=4)
	        Recheck Cond: ((id >= 5989697) AND (id <= 5990696))
	        ->  Bitmap Index Scan on sbtest5_pkey  (cost=0.00..22.46 rows=1003 width=0)
	              Index Cond: ((id >= 5989697) AND (id <= 5990696))

table 6 : explain SELECT SUM(k) FROM sbtest6 WHERE id BETWEEN 589801 AND 590800
	Aggregate  (cost=3516.17..3516.18 rows=1 width=8)
	  ->  Bitmap Heap Scan on sbtest6  (cost=21.74..3513.90 rows=908 width=4)
	        Recheck Cond: ((id >= 589801) AND (id <= 590800))
	        ->  Bitmap Index Scan on sbtest6_pkey  (cost=0.00..21.51 rows=908 width=0)
	              Index Cond: ((id >= 589801) AND (id <= 590800))

table 7 : explain SELECT SUM(k) FROM sbtest7 WHERE id BETWEEN 5259959 AND 5260958
	Aggregate  (cost=3587.61..3587.62 rows=1 width=8)
	  ->  Bitmap Heap Scan on sbtest7  (cost=21.94..3585.29 rows=927 width=4)
	        Recheck Cond: ((id >= 5259959) AND (id <= 5260958))
	        ->  Bitmap Index Scan on sbtest7_pkey  (cost=0.00..21.70 rows=927 width=0)
	              Index Cond: ((id >= 5259959) AND (id <= 5260958))

table 8 : explain SELECT SUM(k) FROM sbtest8 WHERE id BETWEEN 806769 AND 807768
	Aggregate  (cost=3984.70..3984.71 rows=1 width=8)
	  ->  Bitmap Heap Scan on sbtest8  (cost=23.01..3982.12 rows=1032 width=4)
	        Recheck Cond: ((id >= 806769) AND (id <= 807768))
	        ->  Bitmap Index Scan on sbtest8_pkey  (cost=0.00..22.75 rows=1032 width=0)
	              Index Cond: ((id >= 806769) AND (id <= 807768))

for: sum_ranges
table 1 : explain SELECT SUM(k) FROM sbtest1 WHERE id BETWEEN 2882228 AND 2883227
	Aggregate  (cost=3902.93..3902.94 rows=1 width=8)
	  ->  Bitmap Heap Scan on sbtest1  (cost=22.80..3900.41 rows=1011 width=4)
	        Recheck Cond: ((id >= 2882228) AND (id <= 2883227))
	        ->  Bitmap Index Scan on sbtest1_pkey  (cost=0.00..22.54 rows=1011 width=0)
	              Index Cond: ((id >= 2882228) AND (id <= 2883227))

table 2 : explain SELECT SUM(k) FROM sbtest2 WHERE id BETWEEN 385584 AND 386583
	Aggregate  (cost=4241.58..4241.59 rows=1 width=8)
	  ->  Bitmap Heap Scan on sbtest2  (cost=27.72..4238.83 rows=1101 width=4)
	        Recheck Cond: ((id >= 385584) AND (id <= 386583))
	        ->  Bitmap Index Scan on sbtest2_pkey  (cost=0.00..27.44 rows=1101 width=0)
	              Index Cond: ((id >= 385584) AND (id <= 386583))

table 3 : explain SELECT SUM(k) FROM sbtest3 WHERE id BETWEEN 5681097 AND 5682096
	Aggregate  (cost=4053.91..4053.92 rows=1 width=8)
	  ->  Bitmap Heap Scan on sbtest3  (cost=23.21..4051.28 rows=1051 width=4)
	        Recheck Cond: ((id >= 5681097) AND (id <= 5682096))
	        ->  Bitmap Index Scan on sbtest3_pkey  (cost=0.00..22.94 rows=1051 width=0)
	              Index Cond: ((id >= 5681097) AND (id <= 5682096))

table 4 : explain SELECT SUM(k) FROM sbtest4 WHERE id BETWEEN 4971679 AND 4972678
	Aggregate  (cost=4163.18..4163.19 rows=1 width=8)
	  ->  Bitmap Heap Scan on sbtest4  (cost=23.50..4160.48 rows=1080 width=4)
	        Recheck Cond: ((id >= 4971679) AND (id <= 4972678))
	        ->  Bitmap Index Scan on sbtest4_pkey  (cost=0.00..23.23 rows=1080 width=0)
	              Index Cond: ((id >= 4971679) AND (id <= 4972678))

table 5 : explain SELECT SUM(k) FROM sbtest5 WHERE id BETWEEN 5755243 AND 5756242
	Aggregate  (cost=4219.94..4219.95 rows=1 width=8)
	  ->  Bitmap Heap Scan on sbtest5  (cost=27.66..4217.20 rows=1095 width=4)
	        Recheck Cond: ((id >= 5755243) AND (id <= 5756242))
	        ->  Bitmap Index Scan on sbtest5_pkey  (cost=0.00..27.39 rows=1095 width=0)
	              Index Cond: ((id >= 5755243) AND (id <= 5756242))

table 6 : explain SELECT SUM(k) FROM sbtest6 WHERE id BETWEEN 8240269 AND 8241268
	Aggregate  (cost=3844.57..3844.58 rows=1 width=8)
	  ->  Bitmap Heap Scan on sbtest6  (cost=22.63..3842.08 rows=995 width=4)
	        Recheck Cond: ((id >= 8240269) AND (id <= 8241268))
	        ->  Bitmap Index Scan on sbtest6_pkey  (cost=0.00..22.39 rows=995 width=0)
	              Index Cond: ((id >= 8240269) AND (id <= 8241268))

table 7 : explain SELECT SUM(k) FROM sbtest7 WHERE id BETWEEN 4802600 AND 4803599
	Aggregate  (cost=3851.70..3851.71 rows=1 width=8)
	  ->  Bitmap Heap Scan on sbtest7  (cost=22.65..3849.21 rows=997 width=4)
	        Recheck Cond: ((id >= 4802600) AND (id <= 4803599))
	        ->  Bitmap Index Scan on sbtest7_pkey  (cost=0.00..22.40 rows=997 width=0)
	              Index Cond: ((id >= 4802600) AND (id <= 4803599))

table 8 : explain SELECT SUM(k) FROM sbtest8 WHERE id BETWEEN 6625717 AND 6626716
	Aggregate  (cost=3879.23..3879.24 rows=1 width=8)
	  ->  Bitmap Heap Scan on sbtest8  (cost=22.73..3876.72 rows=1004 width=4)
	        Recheck Cond: ((id >= 6625717) AND (id <= 6626716))
	        ->  Bitmap Index Scan on sbtest8_pkey  (cost=0.00..22.47 rows=1004 width=0)
	              Index Cond: ((id >= 6625717) AND (id <= 6626716))

for: order_ranges
table 1 : explain SELECT c FROM sbtest1 WHERE id BETWEEN 5720128 AND 5721127 ORDER BY c
	Sort  (cost=3778.90..3781.31 rows=966 width=121)
	  Sort Key: c
	  ->  Bitmap Heap Scan on sbtest1  (cost=22.34..3731.00 rows=966 width=121)
	        Recheck Cond: ((id >= 5720128) AND (id <= 5721127))
	        ->  Bitmap Index Scan on sbtest1_pkey  (cost=0.00..22.09 rows=966 width=0)
	              Index Cond: ((id >= 5720128) AND (id <= 5721127))

table 2 : explain SELECT c FROM sbtest2 WHERE id BETWEEN 3557292 AND 3558291 ORDER BY c
	Sort  (cost=3671.87..3674.22 rows=938 width=121)
	  Sort Key: c
	  ->  Bitmap Heap Scan on sbtest2  (cost=22.05..3625.56 rows=938 width=121)
	        Recheck Cond: ((id >= 3557292) AND (id <= 3558291))
	        ->  Bitmap Index Scan on sbtest2_pkey  (cost=0.00..21.82 rows=938 width=0)
	              Index Cond: ((id >= 3557292) AND (id <= 3558291))

table 3 : explain SELECT c FROM sbtest3 WHERE id BETWEEN 394970 AND 395969 ORDER BY c
	Sort  (cost=3499.79..3502.02 rows=893 width=121)
	  Sort Key: c
	  ->  Bitmap Heap Scan on sbtest3  (cost=21.59..3456.02 rows=893 width=121)
	        Recheck Cond: ((id >= 394970) AND (id <= 395969))
	        ->  Bitmap Index Scan on sbtest3_pkey  (cost=0.00..21.36 rows=893 width=0)
	              Index Cond: ((id >= 394970) AND (id <= 395969))

table 4 : explain SELECT c FROM sbtest4 WHERE id BETWEEN 9784626 AND 9785625 ORDER BY c
	Sort  (cost=4318.04..4320.81 rows=1107 width=121)
	  Sort Key: c
	  ->  Bitmap Heap Scan on sbtest4  (cost=27.78..4262.07 rows=1107 width=121)
	        Recheck Cond: ((id >= 9784626) AND (id <= 9785625))
	        ->  Bitmap Index Scan on sbtest4_pkey  (cost=0.00..27.50 rows=1107 width=0)
	              Index Cond: ((id >= 9784626) AND (id <= 9785625))

table 5 : explain SELECT c FROM sbtest5 WHERE id BETWEEN 6206469 AND 6207468 ORDER BY c
	Sort  (cost=3875.33..3877.81 rows=991 width=121)
	  Sort Key: c
	  ->  Bitmap Heap Scan on sbtest5  (cost=22.59..3826.01 rows=991 width=121)
	        Recheck Cond: ((id >= 6206469) AND (id <= 6207468))
	        ->  Bitmap Index Scan on sbtest5_pkey  (cost=0.00..22.34 rows=991 width=0)
	              Index Cond: ((id >= 6206469) AND (id <= 6207468))

table 6 : explain SELECT c FROM sbtest6 WHERE id BETWEEN 6097804 AND 6098803 ORDER BY c
	Sort  (cost=3765.38..3767.79 rows=962 width=121)
	  Sort Key: c
	  ->  Bitmap Heap Scan on sbtest6  (cost=22.30..3717.72 rows=962 width=121)
	        Recheck Cond: ((id >= 6097804) AND (id <= 6098803))
	        ->  Bitmap Index Scan on sbtest6_pkey  (cost=0.00..22.05 rows=962 width=0)
	              Index Cond: ((id >= 6097804) AND (id <= 6098803))

table 7 : explain SELECT c FROM sbtest7 WHERE id BETWEEN 4054135 AND 4055134 ORDER BY c
	Sort  (cost=3810.91..3813.35 rows=974 width=121)
	  Sort Key: c
	  ->  Bitmap Heap Scan on sbtest7  (cost=22.42..3762.57 rows=974 width=121)
	        Recheck Cond: ((id >= 4054135) AND (id <= 4055134))
	        ->  Bitmap Index Scan on sbtest7_pkey  (cost=0.00..22.18 rows=974 width=0)
	              Index Cond: ((id >= 4054135) AND (id <= 4055134))

table 8 : explain SELECT c FROM sbtest8 WHERE id BETWEEN 7515000 AND 7515999 ORDER BY c
	Sort  (cost=3834.97..3837.42 rows=980 width=121)
	  Sort Key: c
	  ->  Bitmap Heap Scan on sbtest8  (cost=22.48..3786.28 rows=980 width=121)
	        Recheck Cond: ((id >= 7515000) AND (id <= 7515999))
	        ->  Bitmap Index Scan on sbtest8_pkey  (cost=0.00..22.23 rows=980 width=0)
	              Index Cond: ((id >= 7515000) AND (id <= 7515999))

explain: for point_selects :: explain SELECT c FROM sbtest%u WHERE id=%u
for: order_ranges
table 1 : explain SELECT c FROM sbtest1 WHERE id BETWEEN 3342165 AND 3343164 ORDER BY c
	Sort  (cost=3897.39..3899.88 rows=997 width=121)
	  Sort Key: c
	  ->  Bitmap Heap Scan on sbtest1  (cost=22.65..3847.73 rows=997 width=121)
	        Recheck Cond: ((id >= 3342165) AND (id <= 3343164))
	        ->  Bitmap Index Scan on sbtest1_pkey  (cost=0.00..22.40 rows=997 width=0)
	              Index Cond: ((id >= 3342165) AND (id <= 3343164))

table 2 : explain SELECT c FROM sbtest2 WHERE id BETWEEN 7497812 AND 7498811 ORDER BY c
	Sort  (cost=3606.78..3609.08 rows=921 width=121)
	  Sort Key: c
	  ->  Bitmap Heap Scan on sbtest2  (cost=21.88..3561.43 rows=921 width=121)
	        Recheck Cond: ((id >= 7497812) AND (id <= 7498811))
	        ->  Bitmap Index Scan on sbtest2_pkey  (cost=0.00..21.64 rows=921 width=0)
	              Index Cond: ((id >= 7497812) AND (id <= 7498811))

table 3 : explain SELECT c FROM sbtest3 WHERE id BETWEEN 7925887 AND 7926886 ORDER BY c
	Sort  (cost=3832.89..3835.34 rows=980 width=121)
	  Sort Key: c
	  ->  Bitmap Heap Scan on sbtest3  (cost=22.48..3784.20 rows=980 width=121)
	        Recheck Cond: ((id >= 7925887) AND (id <= 7926886))
	        ->  Bitmap Index Scan on sbtest3_pkey  (cost=0.00..22.23 rows=980 width=0)
	              Index Cond: ((id >= 7925887) AND (id <= 7926886))

table 4 : explain SELECT c FROM sbtest4 WHERE id BETWEEN 3380153 AND 3381152 ORDER BY c
	Sort  (cost=3553.69..3555.95 rows=907 width=121)
	  Sort Key: c
	  ->  Bitmap Heap Scan on sbtest4  (cost=21.73..3509.13 rows=907 width=121)
	        Recheck Cond: ((id >= 3380153) AND (id <= 3381152))
	        ->  Bitmap Index Scan on sbtest4_pkey  (cost=0.00..21.50 rows=907 width=0)
	              Index Cond: ((id >= 3380153) AND (id <= 3381152))

table 5 : explain SELECT c FROM sbtest5 WHERE id BETWEEN 7268313 AND 7269312 ORDER BY c
	Sort  (cost=3695.54..3697.90 rows=944 width=121)
	  Sort Key: c
	  ->  Bitmap Heap Scan on sbtest5  (cost=22.11..3648.89 rows=944 width=121)
	        Recheck Cond: ((id >= 7268313) AND (id <= 7269312))
	        ->  Bitmap Index Scan on sbtest5_pkey  (cost=0.00..21.87 rows=944 width=0)
	              Index Cond: ((id >= 7268313) AND (id <= 7269312))

table 6 : explain SELECT c FROM sbtest6 WHERE id BETWEEN 1188381 AND 1189380 ORDER BY c
	Sort  (cost=3688.81..3691.16 rows=942 width=121)
	  Sort Key: c
	  ->  Bitmap Heap Scan on sbtest6  (cost=22.09..3642.27 rows=942 width=121)
	        Recheck Cond: ((id >= 1188381) AND (id <= 1189380))
	        ->  Bitmap Index Scan on sbtest6_pkey  (cost=0.00..21.86 rows=942 width=0)
	              Index Cond: ((id >= 1188381) AND (id <= 1189380))

table 7 : explain SELECT c FROM sbtest7 WHERE id BETWEEN 6155208 AND 6156207 ORDER BY c
	Sort  (cost=3772.65..3775.06 rows=964 width=121)
	  Sort Key: c
	  ->  Bitmap Heap Scan on sbtest7  (cost=22.32..3724.87 rows=964 width=121)
	        Recheck Cond: ((id >= 6155208) AND (id <= 6156207))
	        ->  Bitmap Index Scan on sbtest7_pkey  (cost=0.00..22.07 rows=964 width=0)
	              Index Cond: ((id >= 6155208) AND (id <= 6156207))

table 8 : explain SELECT c FROM sbtest8 WHERE id BETWEEN 288930 AND 289929 ORDER BY c
	Sort  (cost=3892.36..3894.84 rows=995 width=121)
	  Sort Key: c
	  ->  Bitmap Heap Scan on sbtest8  (cost=22.63..3842.81 rows=995 width=121)
	        Recheck Cond: ((id >= 288930) AND (id <= 289929))
	        ->  Bitmap Index Scan on sbtest8_pkey  (cost=0.00..22.39 rows=995 width=0)
	              Index Cond: ((id >= 288930) AND (id <= 289929))

explain: for point_selects :: explain SELECT c FROM sbtest%u WHERE id=%u
for: distinct_ranges
table 1 : explain SELECT DISTINCT c FROM sbtest1 WHERE id BETWEEN 4009349 AND 4010348 ORDER BY c
	Unique  (cost=3621.99..3626.62 rows=925 width=121)
	  ->  Sort  (cost=3621.99..3624.31 rows=925 width=121)
	        Sort Key: c
	        ->  Bitmap Heap Scan on sbtest1  (cost=21.92..3576.42 rows=925 width=121)
	              Recheck Cond: ((id >= 4009349) AND (id <= 4010348))
	              ->  Bitmap Index Scan on sbtest1_pkey  (cost=0.00..21.68 rows=925 width=0)
	                    Index Cond: ((id >= 4009349) AND (id <= 4010348))

table 2 : explain SELECT DISTINCT c FROM sbtest2 WHERE id BETWEEN 2105096 AND 2106095 ORDER BY c
	Unique  (cost=4042.60..4047.77 rows=1035 width=121)
	  ->  Sort  (cost=4042.60..4045.18 rows=1035 width=121)
	        Sort Key: c
	        ->  Bitmap Heap Scan on sbtest2  (cost=23.04..3990.77 rows=1035 width=121)
	              Recheck Cond: ((id >= 2105096) AND (id <= 2106095))
	              ->  Bitmap Index Scan on sbtest2_pkey  (cost=0.00..22.79 rows=1035 width=0)
	                    Index Cond: ((id >= 2105096) AND (id <= 2106095))

table 3 : explain SELECT DISTINCT c FROM sbtest3 WHERE id BETWEEN 4364812 AND 4365811 ORDER BY c
	Unique  (cost=4031.53..4036.69 rows=1032 width=121)
	  ->  Sort  (cost=4031.53..4034.11 rows=1032 width=121)
	        Sort Key: c
	        ->  Bitmap Heap Scan on sbtest3  (cost=23.01..3979.87 rows=1032 width=121)
	              Recheck Cond: ((id >= 4364812) AND (id <= 4365811))
	              ->  Bitmap Index Scan on sbtest3_pkey  (cost=0.00..22.75 rows=1032 width=0)
	                    Index Cond: ((id >= 4364812) AND (id <= 4365811))

table 4 : explain SELECT DISTINCT c FROM sbtest4 WHERE id BETWEEN 8289709 AND 8290708 ORDER BY c
	Unique  (cost=3989.81..3994.92 rows=1021 width=121)
	  ->  Sort  (cost=3989.81..3992.36 rows=1021 width=121)
	        Sort Key: c
	        ->  Bitmap Heap Scan on sbtest4  (cost=22.90..3938.78 rows=1021 width=121)
	              Recheck Cond: ((id >= 8289709) AND (id <= 8290708))
	              ->  Bitmap Index Scan on sbtest4_pkey  (cost=0.00..22.64 rows=1021 width=0)
	                    Index Cond: ((id >= 8289709) AND (id <= 8290708))

table 5 : explain SELECT DISTINCT c FROM sbtest5 WHERE id BETWEEN 1546519 AND 1547518 ORDER BY c
	Unique  (cost=4005.22..4010.35 rows=1025 width=121)
	  ->  Sort  (cost=4005.22..4007.79 rows=1025 width=121)
	        Sort Key: c
	        ->  Bitmap Heap Scan on sbtest5  (cost=22.94..3953.97 rows=1025 width=121)
	              Recheck Cond: ((id >= 1546519) AND (id <= 1547518))
	              ->  Bitmap Index Scan on sbtest5_pkey  (cost=0.00..22.68 rows=1025 width=0)
	                    Index Cond: ((id >= 1546519) AND (id <= 1547518))

table 6 : explain SELECT DISTINCT c FROM sbtest6 WHERE id BETWEEN 4342385 AND 4343384 ORDER BY c
	Unique  (cost=3937.50..3942.53 rows=1007 width=121)
	  ->  Sort  (cost=3937.50..3940.02 rows=1007 width=121)
	        Sort Key: c
	        ->  Bitmap Heap Scan on sbtest6  (cost=22.76..3887.27 rows=1007 width=121)
	              Recheck Cond: ((id >= 4342385) AND (id <= 4343384))
	              ->  Bitmap Index Scan on sbtest6_pkey  (cost=0.00..22.50 rows=1007 width=0)
	                    Index Cond: ((id >= 4342385) AND (id <= 4343384))

table 7 : explain SELECT DISTINCT c FROM sbtest7 WHERE id BETWEEN 8289879 AND 8290878 ORDER BY c
	Unique  (cost=4345.56..4351.13 rows=1114 width=121)
	  ->  Sort  (cost=4345.56..4348.35 rows=1114 width=121)
	        Sort Key: c
	        ->  Bitmap Heap Scan on sbtest7  (cost=27.85..4289.19 rows=1114 width=121)
	              Recheck Cond: ((id >= 8289879) AND (id <= 8290878))
	              ->  Bitmap Index Scan on sbtest7_pkey  (cost=0.00..27.57 rows=1114 width=0)
	                    Index Cond: ((id >= 8289879) AND (id <= 8290878))

table 8 : explain SELECT DISTINCT c FROM sbtest8 WHERE id BETWEEN 2657391 AND 2658390 ORDER BY c
	Unique  (cost=3842.63..3847.54 rows=982 width=121)
	  ->  Sort  (cost=3842.63..3845.08 rows=982 width=121)
	        Sort Key: c
	        ->  Bitmap Heap Scan on sbtest8  (cost=22.50..3793.82 rows=982 width=121)
	              Recheck Cond: ((id >= 2657391) AND (id <= 2658390))
	              ->  Bitmap Index Scan on sbtest8_pkey  (cost=0.00..22.25 rows=982 width=0)
	                    Index Cond: ((id >= 2657391) AND (id <= 2658390))

for: order_ranges
table 1 : explain SELECT c FROM sbtest1 WHERE id BETWEEN 2491705 AND 2492704 ORDER BY c
	Sort  (cost=4103.51..4106.14 rows=1051 width=121)
	  Sort Key: c
	  ->  Bitmap Heap Scan on sbtest1  (cost=23.21..4050.76 rows=1051 width=121)
	        Recheck Cond: ((id >= 2491705) AND (id <= 2492704))
	        ->  Bitmap Index Scan on sbtest1_pkey  (cost=0.00..22.94 rows=1051 width=0)
	              Index Cond: ((id >= 2491705) AND (id <= 2492704))

table 2 : explain SELECT c FROM sbtest2 WHERE id BETWEEN 1227344 AND 1228343 ORDER BY c
	Sort  (cost=4492.32..4495.20 rows=1153 width=121)
	  Sort Key: c
	  ->  Bitmap Heap Scan on sbtest2  (cost=28.25..4433.68 rows=1153 width=121)
	        Recheck Cond: ((id >= 1227344) AND (id <= 1228343))
	        ->  Bitmap Index Scan on sbtest2_pkey  (cost=0.00..27.96 rows=1153 width=0)
	              Index Cond: ((id >= 1227344) AND (id <= 1228343))

table 3 : explain SELECT c FROM sbtest3 WHERE id BETWEEN 2588672 AND 2589671 ORDER BY c
	Sort  (cost=4035.34..4037.93 rows=1033 width=121)
	  Sort Key: c
	  ->  Bitmap Heap Scan on sbtest3  (cost=23.02..3983.63 rows=1033 width=121)
	        Recheck Cond: ((id >= 2588672) AND (id <= 2589671))
	        ->  Bitmap Index Scan on sbtest3_pkey  (cost=0.00..22.76 rows=1033 width=0)
	              Index Cond: ((id >= 2588672) AND (id <= 2589671))

table 4 : explain SELECT c FROM sbtest4 WHERE id BETWEEN 8355368 AND 8356367 ORDER BY c
	Sort  (cost=3989.81..3992.36 rows=1021 width=121)
	  Sort Key: c
	  ->  Bitmap Heap Scan on sbtest4  (cost=22.90..3938.78 rows=1021 width=121)
	        Recheck Cond: ((id >= 8355368) AND (id <= 8356367))
	        ->  Bitmap Index Scan on sbtest4_pkey  (cost=0.00..22.64 rows=1021 width=0)
	              Index Cond: ((id >= 8355368) AND (id <= 8356367))

table 5 : explain SELECT c FROM sbtest5 WHERE id BETWEEN 3457788 AND 3458787 ORDER BY c
	Sort  (cost=3882.98..3885.46 rows=993 width=121)
	  Sort Key: c
	  ->  Bitmap Heap Scan on sbtest5  (cost=22.61..3833.55 rows=993 width=121)
	        Recheck Cond: ((id >= 3457788) AND (id <= 3458787))
	        ->  Bitmap Index Scan on sbtest5_pkey  (cost=0.00..22.36 rows=993 width=0)
	              Index Cond: ((id >= 3457788) AND (id <= 3458787))

table 6 : explain SELECT c FROM sbtest6 WHERE id BETWEEN 4853617 AND 4854616 ORDER BY c
	Sort  (cost=4208.56..4211.25 rows=1078 width=121)
	  Sort Key: c
	  ->  Bitmap Heap Scan on sbtest6  (cost=23.48..4154.26 rows=1078 width=121)
	        Recheck Cond: ((id >= 4853617) AND (id <= 4854616))
	        ->  Bitmap Index Scan on sbtest6_pkey  (cost=0.00..23.21 rows=1078 width=0)
	              Index Cond: ((id >= 4853617) AND (id <= 4854616))

table 7 : explain SELECT c FROM sbtest7 WHERE id BETWEEN 2127063 AND 2128062 ORDER BY c
	Sort  (cost=3952.37..3954.90 rows=1011 width=121)
	  Sort Key: c
	  ->  Bitmap Heap Scan on sbtest7  (cost=22.80..3901.92 rows=1011 width=121)
	        Recheck Cond: ((id >= 2127063) AND (id <= 2128062))
	        ->  Bitmap Index Scan on sbtest7_pkey  (cost=0.00..22.54 rows=1011 width=0)
	              Index Cond: ((id >= 2127063) AND (id <= 2128062))

table 8 : explain SELECT c FROM sbtest8 WHERE id BETWEEN 2770950 AND 2771949 ORDER BY c
	Sort  (cost=3447.86..3450.06 rows=879 width=121)
	  Sort Key: c
	  ->  Bitmap Heap Scan on sbtest8  (cost=21.44..3404.88 rows=879 width=121)
	        Recheck Cond: ((id >= 2770950) AND (id <= 2771949))
	        ->  Bitmap Index Scan on sbtest8_pkey  (cost=0.00..21.22 rows=879 width=0)
	              Index Cond: ((id >= 2770950) AND (id <= 2771949))

explain: for point_selects :: explain SELECT c FROM sbtest%u WHERE id=%u
for: order_ranges
table 1 : explain SELECT c FROM sbtest1 WHERE id BETWEEN 5764340 AND 5765339 ORDER BY c
	Sort  (cost=3778.90..3781.31 rows=966 width=121)
	  Sort Key: c
	  ->  Bitmap Heap Scan on sbtest1  (cost=22.34..3731.00 rows=966 width=121)
	        Recheck Cond: ((id >= 5764340) AND (id <= 5765339))
	        ->  Bitmap Index Scan on sbtest1_pkey  (cost=0.00..22.09 rows=966 width=0)
	              Index Cond: ((id >= 5764340) AND (id <= 5765339))

table 2 : explain SELECT c FROM sbtest2 WHERE id BETWEEN 8951117 AND 8952116 ORDER BY c
	Sort  (cost=3717.80..3720.17 rows=950 width=121)
	  Sort Key: c
	  ->  Bitmap Heap Scan on sbtest2  (cost=22.17..3670.81 rows=950 width=121)
	        Recheck Cond: ((id >= 8951117) AND (id <= 8952116))
	        ->  Bitmap Index Scan on sbtest2_pkey  (cost=0.00..21.93 rows=950 width=0)
	              Index Cond: ((id >= 8951117) AND (id <= 8952116))

table 3 : explain SELECT c FROM sbtest3 WHERE id BETWEEN 6065783 AND 6066782 ORDER BY c
	Sort  (cost=3951.35..3953.87 rows=1011 width=121)
	  Sort Key: c
	  ->  Bitmap Heap Scan on sbtest3  (cost=22.80..3900.89 rows=1011 width=121)
	        Recheck Cond: ((id >= 6065783) AND (id <= 6066782))
	        ->  Bitmap Index Scan on sbtest3_pkey  (cost=0.00..22.54 rows=1011 width=0)
	              Index Cond: ((id >= 6065783) AND (id <= 6066782))

table 4 : explain SELECT c FROM sbtest4 WHERE id BETWEEN 9267992 AND 9268991 ORDER BY c
	Sort  (cost=3943.98..3946.50 rows=1009 width=121)
	  Sort Key: c
	  ->  Bitmap Heap Scan on sbtest4  (cost=22.78..3893.64 rows=1009 width=121)
	        Recheck Cond: ((id >= 9267992) AND (id <= 9268991))
	        ->  Bitmap Index Scan on sbtest4_pkey  (cost=0.00..22.52 rows=1009 width=0)
	              Index Cond: ((id >= 9267992) AND (id <= 9268991))

table 5 : explain SELECT c FROM sbtest5 WHERE id BETWEEN 1912088 AND 1913087 ORDER BY c
	Sort  (cost=3798.86..3801.28 rows=971 width=121)
	  Sort Key: c
	  ->  Bitmap Heap Scan on sbtest5  (cost=22.39..3750.68 rows=971 width=121)
	        Recheck Cond: ((id >= 1912088) AND (id <= 1913087))
	        ->  Bitmap Index Scan on sbtest5_pkey  (cost=0.00..22.14 rows=971 width=0)
	              Index Cond: ((id >= 1912088) AND (id <= 1913087))

table 6 : explain SELECT c FROM sbtest6 WHERE id BETWEEN 1694606 AND 1695605 ORDER BY c
	Sort  (cost=3994.82..3997.37 rows=1022 width=121)
	  Sort Key: c
	  ->  Bitmap Heap Scan on sbtest6  (cost=22.91..3943.73 rows=1022 width=121)
	        Recheck Cond: ((id >= 1694606) AND (id <= 1695605))
	        ->  Bitmap Index Scan on sbtest6_pkey  (cost=0.00..22.65 rows=1022 width=0)
	              Index Cond: ((id >= 1694606) AND (id <= 1695605))

table 7 : explain SELECT c FROM sbtest7 WHERE id BETWEEN 5320225 AND 5321224 ORDER BY c
	Sort  (cost=3630.98..3633.30 rows=927 width=121)
	  Sort Key: c
	  ->  Bitmap Heap Scan on sbtest7  (cost=21.94..3585.29 rows=927 width=121)
	        Recheck Cond: ((id >= 5320225) AND (id <= 5321224))
	        ->  Bitmap Index Scan on sbtest7_pkey  (cost=0.00..21.70 rows=927 width=0)
	              Index Cond: ((id >= 5320225) AND (id <= 5321224))

table 8 : explain SELECT c FROM sbtest8 WHERE id BETWEEN 3195879 AND 3196878 ORDER BY c
	Sort  (cost=4037.60..4040.19 rows=1033 width=121)
	  Sort Key: c
	  ->  Bitmap Heap Scan on sbtest8  (cost=23.02..3985.89 rows=1033 width=121)
	        Recheck Cond: ((id >= 3195879) AND (id <= 3196878))
	        ->  Bitmap Index Scan on sbtest8_pkey  (cost=0.00..22.76 rows=1033 width=0)
	              Index Cond: ((id >= 3195879) AND (id <= 3196878))

for: distinct_ranges
table 1 : explain SELECT DISTINCT c FROM sbtest1 WHERE id BETWEEN 9868534 AND 9869533 ORDER BY c
	Unique  (cost=4198.82..4204.20 rows=1076 width=121)
	  ->  Sort  (cost=4198.82..4201.51 rows=1076 width=121)
	        Sort Key: c
	        ->  Bitmap Heap Scan on sbtest1  (cost=23.46..4144.63 rows=1076 width=121)
	              Recheck Cond: ((id >= 9868534) AND (id <= 9869533))
	              ->  Bitmap Index Scan on sbtest1_pkey  (cost=0.00..23.19 rows=1076 width=0)
	                    Index Cond: ((id >= 9868534) AND (id <= 9869533))

table 2 : explain SELECT DISTINCT c FROM sbtest2 WHERE id BETWEEN 6164981 AND 6165980 ORDER BY c
	Unique  (cost=4034.96..4040.13 rows=1033 width=121)
	  ->  Sort  (cost=4034.96..4037.55 rows=1033 width=121)
	        Sort Key: c
	        ->  Bitmap Heap Scan on sbtest2  (cost=23.02..3983.25 rows=1033 width=121)
	              Recheck Cond: ((id >= 6164981) AND (id <= 6165980))
	              ->  Bitmap Index Scan on sbtest2_pkey  (cost=0.00..22.76 rows=1033 width=0)
	                    Index Cond: ((id >= 6164981) AND (id <= 6165980))

table 3 : explain SELECT DISTINCT c FROM sbtest3 WHERE id BETWEEN 4599064 AND 4600063 ORDER BY c
	Unique  (cost=3905.51..3910.50 rows=999 width=121)
	  ->  Sort  (cost=3905.51..3908.00 rows=999 width=121)
	        Sort Key: c
	        ->  Bitmap Heap Scan on sbtest3  (cost=22.67..3855.73 rows=999 width=121)
	              Recheck Cond: ((id >= 4599064) AND (id <= 4600063))
	              ->  Bitmap Index Scan on sbtest3_pkey  (cost=0.00..22.43 rows=999 width=0)
	                    Index Cond: ((id >= 4599064) AND (id <= 4600063))

table 4 : explain SELECT DISTINCT c FROM sbtest4 WHERE id BETWEEN 6305330 AND 6306329 ORDER BY c
	Unique  (cost=3622.66..3627.28 rows=925 width=121)
	  ->  Sort  (cost=3622.66..3624.97 rows=925 width=121)
	        Sort Key: c
	        ->  Bitmap Heap Scan on sbtest4  (cost=21.92..3577.09 rows=925 width=121)
	              Recheck Cond: ((id >= 6305330) AND (id <= 6306329))
	              ->  Bitmap Index Scan on sbtest4_pkey  (cost=0.00..21.68 rows=925 width=0)
	                    Index Cond: ((id >= 6305330) AND (id <= 6306329))

table 5 : explain SELECT DISTINCT c FROM sbtest5 WHERE id BETWEEN 9228143 AND 9229142 ORDER BY c
	Unique  (cost=4012.86..4017.99 rows=1027 width=121)
	  ->  Sort  (cost=4012.86..4015.43 rows=1027 width=121)
	        Sort Key: c
	        ->  Bitmap Heap Scan on sbtest5  (cost=22.96..3961.49 rows=1027 width=121)
	              Recheck Cond: ((id >= 9228143) AND (id <= 9229142))
	              ->  Bitmap Index Scan on sbtest5_pkey  (cost=0.00..22.70 rows=1027 width=0)
	                    Index Cond: ((id >= 9228143) AND (id <= 9229142))

table 6 : explain SELECT DISTINCT c FROM sbtest6 WHERE id BETWEEN 9456476 AND 9457475 ORDER BY c
	Unique  (cost=3573.85..3578.41 rows=912 width=121)
	  ->  Sort  (cost=3573.85..3576.13 rows=912 width=121)
	        Sort Key: c
	        ->  Bitmap Heap Scan on sbtest6  (cost=21.78..3529.01 rows=912 width=121)
	              Recheck Cond: ((id >= 9456476) AND (id <= 9457475))
	              ->  Bitmap Index Scan on sbtest6_pkey  (cost=0.00..21.55 rows=912 width=0)
	                    Index Cond: ((id >= 9456476) AND (id <= 9457475))

table 7 : explain SELECT DISTINCT c FROM sbtest7 WHERE id BETWEEN 4224902 AND 4225901 ORDER BY c
	Unique  (cost=3795.61..3800.46 rows=970 width=121)
	  ->  Sort  (cost=3795.61..3798.04 rows=970 width=121)
	        Sort Key: c
	        ->  Bitmap Heap Scan on sbtest7  (cost=22.38..3747.49 rows=970 width=121)
	              Recheck Cond: ((id >= 4224902) AND (id <= 4225901))
	              ->  Bitmap Index Scan on sbtest7_pkey  (cost=0.00..22.14 rows=970 width=0)
	                    Index Cond: ((id >= 4224902) AND (id <= 4225901))

table 8 : explain SELECT DISTINCT c FROM sbtest8 WHERE id BETWEEN 117397 AND 118396 ORDER BY c
	Unique  (cost=4232.45..4237.87 rows=1083 width=121)
	  ->  Sort  (cost=4232.45..4235.16 rows=1083 width=121)
	        Sort Key: c
	        ->  Bitmap Heap Scan on sbtest8  (cost=27.54..4177.86 rows=1083 width=121)
	              Recheck Cond: ((id >= 117397) AND (id <= 118396))
	              ->  Bitmap Index Scan on sbtest8_pkey  (cost=0.00..27.26 rows=1083 width=0)
	                    Index Cond: ((id >= 117397) AND (id <= 118396))

for: distinct_ranges
table 1 : explain SELECT DISTINCT c FROM sbtest1 WHERE id BETWEEN 6275806 AND 6276805 ORDER BY c
	Unique  (cost=3912.67..3917.67 rows=1001 width=121)
	  ->  Sort  (cost=3912.67..3915.17 rows=1001 width=121)
	        Sort Key: c
	        ->  Bitmap Heap Scan on sbtest1  (cost=22.70..3862.78 rows=1001 width=121)
	              Recheck Cond: ((id >= 6275806) AND (id <= 6276805))
	              ->  Bitmap Index Scan on sbtest1_pkey  (cost=0.00..22.44 rows=1001 width=0)
	                    Index Cond: ((id >= 6275806) AND (id <= 6276805))

table 2 : explain SELECT DISTINCT c FROM sbtest2 WHERE id BETWEEN 2429238 AND 2430237 ORDER BY c
	Unique  (cost=4046.41..4051.59 rows=1036 width=121)
	  ->  Sort  (cost=4046.41..4049.00 rows=1036 width=121)
	        Sort Key: c
	        ->  Bitmap Heap Scan on sbtest2  (cost=23.05..3994.52 rows=1036 width=121)
	              Recheck Cond: ((id >= 2429238) AND (id <= 2430237))
	              ->  Bitmap Index Scan on sbtest2_pkey  (cost=0.00..22.79 rows=1036 width=0)
	                    Index Cond: ((id >= 2429238) AND (id <= 2430237))

table 3 : explain SELECT DISTINCT c FROM sbtest3 WHERE id BETWEEN 4703026 AND 4704025 ORDER BY c
	Unique  (cost=3706.65..3711.39 rows=947 width=121)
	  ->  Sort  (cost=3706.65..3709.02 rows=947 width=121)
	        Sort Key: c
	        ->  Bitmap Heap Scan on sbtest3  (cost=22.14..3659.84 rows=947 width=121)
	              Recheck Cond: ((id >= 4703026) AND (id <= 4704025))
	              ->  Bitmap Index Scan on sbtest3_pkey  (cost=0.00..21.90 rows=947 width=0)
	                    Index Cond: ((id >= 4703026) AND (id <= 4704025))

table 4 : explain SELECT DISTINCT c FROM sbtest4 WHERE id BETWEEN 7461703 AND 7462702 ORDER BY c
	Unique  (cost=3886.67..3891.64 rows=994 width=121)
	  ->  Sort  (cost=3886.67..3889.15 rows=994 width=121)
	        Sort Key: c
	        ->  Bitmap Heap Scan on sbtest4  (cost=22.62..3837.18 rows=994 width=121)
	              Recheck Cond: ((id >= 7461703) AND (id <= 7462702))
	              ->  Bitmap Index Scan on sbtest4_pkey  (cost=0.00..22.37 rows=994 width=0)
	                    Index Cond: ((id >= 7461703) AND (id <= 7462702))

table 5 : explain SELECT DISTINCT c FROM sbtest5 WHERE id BETWEEN 5716384 AND 5717383 ORDER BY c
	Unique  (cost=3875.33..3880.29 rows=991 width=121)
	  ->  Sort  (cost=3875.33..3877.81 rows=991 width=121)
	        Sort Key: c
	        ->  Bitmap Heap Scan on sbtest5  (cost=22.59..3826.01 rows=991 width=121)
	              Recheck Cond: ((id >= 5716384) AND (id <= 5717383))
	              ->  Bitmap Index Scan on sbtest5_pkey  (cost=0.00..22.34 rows=991 width=0)
	                    Index Cond: ((id >= 5716384) AND (id <= 5717383))

table 6 : explain SELECT DISTINCT c FROM sbtest6 WHERE id BETWEEN 8600280 AND 8601279 ORDER BY c
	Unique  (cost=3646.67..3651.32 rows=931 width=121)
	  ->  Sort  (cost=3646.67..3649.00 rows=931 width=121)
	        Sort Key: c
	        ->  Bitmap Heap Scan on sbtest6  (cost=21.98..3600.76 rows=931 width=121)
	              Recheck Cond: ((id >= 8600280) AND (id <= 8601279))
	              ->  Bitmap Index Scan on sbtest6_pkey  (cost=0.00..21.75 rows=931 width=0)
	                    Index Cond: ((id >= 8600280) AND (id <= 8601279))

table 7 : explain SELECT DISTINCT c FROM sbtest7 WHERE id BETWEEN 7216255 AND 7217254 ORDER BY c
	Unique  (cost=4177.60..4182.95 rows=1070 width=121)
	  ->  Sort  (cost=4177.60..4180.27 rows=1070 width=121)
	        Sort Key: c
	        ->  Bitmap Heap Scan on sbtest7  (cost=23.40..4123.76 rows=1070 width=121)
	              Recheck Cond: ((id >= 7216255) AND (id <= 7217254))
	              ->  Bitmap Index Scan on sbtest7_pkey  (cost=0.00..23.14 rows=1070 width=0)
	                    Index Cond: ((id >= 7216255) AND (id <= 7217254))

table 8 : explain SELECT DISTINCT c FROM sbtest8 WHERE id BETWEEN 4334301 AND 4335300 ORDER BY c
	Unique  (cost=3677.99..3682.68 rows=939 width=121)
	  ->  Sort  (cost=3677.99..3680.33 rows=939 width=121)
	        Sort Key: c
	        ->  Bitmap Heap Scan on sbtest8  (cost=22.06..3631.62 rows=939 width=121)
	              Recheck Cond: ((id >= 4334301) AND (id <= 4335300))
	              ->  Bitmap Index Scan on sbtest8_pkey  (cost=0.00..21.82 rows=939 width=0)
	                    Index Cond: ((id >= 4334301) AND (id <= 4335300))

for point_selects
table 1 : explain SELECT c FROM sbtest1 WHERE id=3384902
	Index Scan using sbtest1_pkey on sbtest1  (cost=0.43..8.45 rows=1 width=121)
	  Index Cond: (id = 3384902)

table 2 : explain SELECT c FROM sbtest2 WHERE id=7786380
	Index Scan using sbtest2_pkey on sbtest2  (cost=0.43..8.45 rows=1 width=121)
	  Index Cond: (id = 7786380)

table 3 : explain SELECT c FROM sbtest3 WHERE id=795617
	Index Scan using sbtest3_pkey on sbtest3  (cost=0.43..8.45 rows=1 width=121)
	  Index Cond: (id = 795617)

table 4 : explain SELECT c FROM sbtest4 WHERE id=7078809
	Index Scan using sbtest4_pkey on sbtest4  (cost=0.43..8.45 rows=1 width=121)
	  Index Cond: (id = 7078809)

table 5 : explain SELECT c FROM sbtest5 WHERE id=5887685
	Index Scan using sbtest5_pkey on sbtest5  (cost=0.43..8.45 rows=1 width=121)
	  Index Cond: (id = 5887685)

table 6 : explain SELECT c FROM sbtest6 WHERE id=7200016
	Index Scan using sbtest6_pkey on sbtest6  (cost=0.43..8.45 rows=1 width=121)
	  Index Cond: (id = 7200016)

table 7 : explain SELECT c FROM sbtest7 WHERE id=8720545
	Index Scan using sbtest7_pkey on sbtest7  (cost=0.43..8.45 rows=1 width=121)
	  Index Cond: (id = 8720545)

table 8 : explain SELECT c FROM sbtest8 WHERE id=8388137
	Index Scan using sbtest8_pkey on sbtest8  (cost=0.43..8.45 rows=1 width=121)
	  Index Cond: (id = 8388137)

explain: for point_selects :: explain SELECT c FROM sbtest%u WHERE id=%u
explain: for point_selects :: explain SELECT c FROM sbtest%u WHERE id=%u
for: distinct_ranges
table 1 : explain SELECT DISTINCT c FROM sbtest1 WHERE id BETWEEN 9056985 AND 9057984 ORDER BY c
	Unique  (cost=3775.07..3779.90 rows=965 width=121)
	  ->  Sort  (cost=3775.07..3777.48 rows=965 width=121)
	        Sort Key: c
	        ->  Bitmap Heap Scan on sbtest1  (cost=22.33..3727.24 rows=965 width=121)
	              Recheck Cond: ((id >= 9056985) AND (id <= 9057984))
	              ->  Bitmap Index Scan on sbtest1_pkey  (cost=0.00..22.08 rows=965 width=0)
	                    Index Cond: ((id >= 9056985) AND (id <= 9057984))

table 2 : explain SELECT DISTINCT c FROM sbtest2 WHERE id BETWEEN 2847393 AND 2848392 ORDER BY c
	Unique  (cost=3713.97..3718.72 rows=949 width=121)
	  ->  Sort  (cost=3713.97..3716.34 rows=949 width=121)
	        Sort Key: c
	        ->  Bitmap Heap Scan on sbtest2  (cost=22.16..3667.04 rows=949 width=121)
	              Recheck Cond: ((id >= 2847393) AND (id <= 2848392))
	              ->  Bitmap Index Scan on sbtest2_pkey  (cost=0.00..21.93 rows=949 width=0)
	                    Index Cond: ((id >= 2847393) AND (id <= 2848392))

table 3 : explain SELECT DISTINCT c FROM sbtest3 WHERE id BETWEEN 6818242 AND 6819241 ORDER BY c
	Unique  (cost=3985.72..3990.82 rows=1020 width=121)
	  ->  Sort  (cost=3985.72..3988.27 rows=1020 width=121)
	        Sort Key: c
	        ->  Bitmap Heap Scan on sbtest3  (cost=22.89..3934.75 rows=1020 width=121)
	              Recheck Cond: ((id >= 6818242) AND (id <= 6819241))
	              ->  Bitmap Index Scan on sbtest3_pkey  (cost=0.00..22.64 rows=1020 width=0)
	                    Index Cond: ((id >= 6818242) AND (id <= 6819241))

table 4 : explain SELECT DISTINCT c FROM sbtest4 WHERE id BETWEEN 8663996 AND 8664995 ORDER BY c
	Unique  (cost=3940.16..3945.20 rows=1008 width=121)
	  ->  Sort  (cost=3940.16..3942.68 rows=1008 width=121)
	        Sort Key: c
	        ->  Bitmap Heap Scan on sbtest4  (cost=22.77..3889.87 rows=1008 width=121)
	              Recheck Cond: ((id >= 8663996) AND (id <= 8664995))
	              ->  Bitmap Index Scan on sbtest4_pkey  (cost=0.00..22.51 rows=1008 width=0)
	                    Index Cond: ((id >= 8663996) AND (id <= 8664995))

table 5 : explain SELECT DISTINCT c FROM sbtest5 WHERE id BETWEEN 7619568 AND 7620567 ORDER BY c
	Unique  (cost=3997.59..4002.70 rows=1023 width=121)
	  ->  Sort  (cost=3997.59..4000.14 rows=1023 width=121)
	        Sort Key: c
	        ->  Bitmap Heap Scan on sbtest5  (cost=22.92..3946.44 rows=1023 width=121)
	              Recheck Cond: ((id >= 7619568) AND (id <= 7620567))
	              ->  Bitmap Index Scan on sbtest5_pkey  (cost=0.00..22.66 rows=1023 width=0)
	                    Index Cond: ((id >= 7619568) AND (id <= 7620567))

table 6 : explain SELECT DISTINCT c FROM sbtest6 WHERE id BETWEEN 6783947 AND 6784946 ORDER BY c
	Unique  (cost=3669.65..3674.34 rows=937 width=121)
	  ->  Sort  (cost=3669.65..3672.00 rows=937 width=121)
	        Sort Key: c
	        ->  Bitmap Heap Scan on sbtest6  (cost=22.04..3623.40 rows=937 width=121)
	              Recheck Cond: ((id >= 6783947) AND (id <= 6784946))
	              ->  Bitmap Index Scan on sbtest6_pkey  (cost=0.00..21.80 rows=937 width=0)
	                    Index Cond: ((id >= 6783947) AND (id <= 6784946))

table 7 : explain SELECT DISTINCT c FROM sbtest7 WHERE id BETWEEN 9820638 AND 9821637 ORDER BY c
	Unique  (cost=4005.85..4010.98 rows=1025 width=121)
	  ->  Sort  (cost=4005.85..4008.42 rows=1025 width=121)
	        Sort Key: c
	        ->  Bitmap Heap Scan on sbtest7  (cost=22.94..3954.60 rows=1025 width=121)
	              Recheck Cond: ((id >= 9820638) AND (id <= 9821637))
	              ->  Bitmap Index Scan on sbtest7_pkey  (cost=0.00..22.68 rows=1025 width=0)
	                    Index Cond: ((id >= 9820638) AND (id <= 9821637))

table 8 : explain SELECT DISTINCT c FROM sbtest8 WHERE id BETWEEN 9543943 AND 9544942 ORDER BY c
	Unique  (cost=3949.71..3954.76 rows=1010 width=121)
	  ->  Sort  (cost=3949.71..3952.24 rows=1010 width=121)
	        Sort Key: c
	        ->  Bitmap Heap Scan on sbtest8  (cost=22.79..3899.31 rows=1010 width=121)
	              Recheck Cond: ((id >= 9543943) AND (id <= 9544942))
	              ->  Bitmap Index Scan on sbtest8_pkey  (cost=0.00..22.54 rows=1010 width=0)
	                    Index Cond: ((id >= 9543943) AND (id <= 9544942))

for point_selects
table 1 : explain SELECT c FROM sbtest1 WHERE id=2963080
	Index Scan using sbtest1_pkey on sbtest1  (cost=0.43..8.45 rows=1 width=121)
	  Index Cond: (id = 2963080)

table 2 : explain SELECT c FROM sbtest2 WHERE id=3467319
	Index Scan using sbtest2_pkey on sbtest2  (cost=0.43..8.45 rows=1 width=121)
	  Index Cond: (id = 3467319)

table 3 : explain SELECT c FROM sbtest3 WHERE id=6016783
	Index Scan using sbtest3_pkey on sbtest3  (cost=0.43..8.45 rows=1 width=121)
	  Index Cond: (id = 6016783)

table 4 : explain SELECT c FROM sbtest4 WHERE id=382134
	Index Scan using sbtest4_pkey on sbtest4  (cost=0.43..8.45 rows=1 width=121)
	  Index Cond: (id = 382134)

table 5 : explain SELECT c FROM sbtest5 WHERE id=6536196
	Index Scan using sbtest5_pkey on sbtest5  (cost=0.43..8.45 rows=1 width=121)
	  Index Cond: (id = 6536196)

table 6 : explain SELECT c FROM sbtest6 WHERE id=9037330
	Index Scan using sbtest6_pkey on sbtest6  (cost=0.43..8.45 rows=1 width=121)
	  Index Cond: (id = 9037330)

table 7 : explain SELECT c FROM sbtest7 WHERE id=2454486
	Index Scan using sbtest7_pkey on sbtest7  (cost=0.43..8.45 rows=1 width=121)
	  Index Cond: (id = 2454486)

table 8 : explain SELECT c FROM sbtest8 WHERE id=4442424
	Index Scan using sbtest8_pkey on sbtest8  (cost=0.43..8.45 rows=1 width=121)
	  Index Cond: (id = 4442424)

for: distinct_ranges
table 1 : explain SELECT DISTINCT c FROM sbtest1 WHERE id BETWEEN 3654876 AND 3655875 ORDER BY c
	Unique  (cost=3717.69..3722.44 rows=950 width=121)
	  ->  Sort  (cost=3717.69..3720.07 rows=950 width=121)
	        Sort Key: c
	        ->  Bitmap Heap Scan on sbtest1  (cost=22.17..3670.71 rows=950 width=121)
	              Recheck Cond: ((id >= 3654876) AND (id <= 3655875))
	              ->  Bitmap Index Scan on sbtest1_pkey  (cost=0.00..21.93 rows=950 width=0)
	                    Index Cond: ((id >= 3654876) AND (id <= 3655875))

table 2 : explain SELECT DISTINCT c FROM sbtest2 WHERE id BETWEEN 1649151 AND 1650150 ORDER BY c
	Unique  (cost=4050.23..4055.41 rows=1037 width=121)
	  ->  Sort  (cost=4050.23..4052.82 rows=1037 width=121)
	        Sort Key: c
	        ->  Bitmap Heap Scan on sbtest2  (cost=23.06..3998.28 rows=1037 width=121)
	              Recheck Cond: ((id >= 1649151) AND (id <= 1650150))
	              ->  Bitmap Index Scan on sbtest2_pkey  (cost=0.00..22.80 rows=1037 width=0)
	                    Index Cond: ((id >= 1649151) AND (id <= 1650150))

table 3 : explain SELECT DISTINCT c FROM sbtest3 WHERE id BETWEEN 6569441 AND 6570440 ORDER BY c
	Unique  (cost=4332.96..4338.51 rows=1111 width=121)
	  ->  Sort  (cost=4332.96..4335.73 rows=1111 width=121)
	        Sort Key: c
	        ->  Bitmap Heap Scan on sbtest3  (cost=27.82..4276.75 rows=1111 width=121)
	              Recheck Cond: ((id >= 6569441) AND (id <= 6570440))
	              ->  Bitmap Index Scan on sbtest3_pkey  (cost=0.00..27.54 rows=1111 width=0)
	                    Index Cond: ((id >= 6569441) AND (id <= 6570440))

table 4 : explain SELECT DISTINCT c FROM sbtest4 WHERE id BETWEEN 9772246 AND 9773245 ORDER BY c
	Unique  (cost=4318.04..4323.57 rows=1107 width=121)
	  ->  Sort  (cost=4318.04..4320.81 rows=1107 width=121)
	        Sort Key: c
	        ->  Bitmap Heap Scan on sbtest4  (cost=27.78..4262.07 rows=1107 width=121)
	              Recheck Cond: ((id >= 9772246) AND (id <= 9773245))
	              ->  Bitmap Index Scan on sbtest4_pkey  (cost=0.00..27.50 rows=1107 width=0)
	                    Index Cond: ((id >= 9772246) AND (id <= 9773245))

table 5 : explain SELECT DISTINCT c FROM sbtest5 WHERE id BETWEEN 2351126 AND 2352125 ORDER BY c
	Unique  (cost=3882.98..3887.94 rows=993 width=121)
	  ->  Sort  (cost=3882.98..3885.46 rows=993 width=121)
	        Sort Key: c
	        ->  Bitmap Heap Scan on sbtest5  (cost=22.61..3833.55 rows=993 width=121)
	              Recheck Cond: ((id >= 2351126) AND (id <= 2352125))
	              ->  Bitmap Index Scan on sbtest5_pkey  (cost=0.00..22.36 rows=993 width=0)
	                    Index Cond: ((id >= 2351126) AND (id <= 2352125))

table 6 : explain SELECT DISTINCT c FROM sbtest6 WHERE id BETWEEN 6110449 AND 6111448 ORDER BY c
	Unique  (cost=3765.38..3770.19 rows=962 width=121)
	  ->  Sort  (cost=3765.38..3767.79 rows=962 width=121)
	        Sort Key: c
	        ->  Bitmap Heap Scan on sbtest6  (cost=22.30..3717.72 rows=962 width=121)
	              Recheck Cond: ((id >= 6110449) AND (id <= 6111448))
	              ->  Bitmap Index Scan on sbtest6_pkey  (cost=0.00..22.05 rows=962 width=0)
	                    Index Cond: ((id >= 6110449) AND (id <= 6111448))

table 7 : explain SELECT DISTINCT c FROM sbtest7 WHERE id BETWEEN 5133755 AND 5134754 ORDER BY c
	Unique  (cost=4040.22..4045.39 rows=1034 width=121)
	  ->  Sort  (cost=4040.22..4042.81 rows=1034 width=121)
	        Sort Key: c
	        ->  Bitmap Heap Scan on sbtest7  (cost=23.03..3988.45 rows=1034 width=121)
	              Recheck Cond: ((id >= 5133755) AND (id <= 5134754))
	              ->  Bitmap Index Scan on sbtest7_pkey  (cost=0.00..22.77 rows=1034 width=0)
	                    Index Cond: ((id >= 5133755) AND (id <= 5134754))

table 8 : explain SELECT DISTINCT c FROM sbtest8 WHERE id BETWEEN 1583869 AND 1584868 ORDER BY c
	Unique  (cost=3922.95..3927.96 rows=1003 width=121)
	  ->  Sort  (cost=3922.95..3925.46 rows=1003 width=121)
	        Sort Key: c
	        ->  Bitmap Heap Scan on sbtest8  (cost=22.72..3872.95 rows=1003 width=121)
	              Recheck Cond: ((id >= 1583869) AND (id <= 1584868))
	              ->  Bitmap Index Scan on sbtest8_pkey  (cost=0.00..22.46 rows=1003 width=0)
	                    Index Cond: ((id >= 1583869) AND (id <= 1584868))

for: simple_ranges
table 1 : explain SELECT c FROM sbtest1 WHERE id BETWEEN 8864539 AND 8865538
	Bitmap Heap Scan on sbtest1  (cost=22.61..3832.68 rows=993 width=121)
	  Recheck Cond: ((id >= 8864539) AND (id <= 8865538))
	  ->  Bitmap Index Scan on sbtest1_pkey  (cost=0.00..22.36 rows=993 width=0)
	        Index Cond: ((id >= 8864539) AND (id <= 8865538))

table 2 : explain SELECT c FROM sbtest2 WHERE id BETWEEN 7144201 AND 7145200
	Bitmap Heap Scan on sbtest2  (cost=23.00..3975.73 rows=1031 width=121)
	  Recheck Cond: ((id >= 7144201) AND (id <= 7145200))
	  ->  Bitmap Index Scan on sbtest2_pkey  (cost=0.00..22.75 rows=1031 width=0)
	        Index Cond: ((id >= 7144201) AND (id <= 7145200))

table 3 : explain SELECT c FROM sbtest3 WHERE id BETWEEN 3976626 AND 3977625
	Bitmap Heap Scan on sbtest3  (cost=22.24..3697.54 rows=957 width=121)
	  Recheck Cond: ((id >= 3976626) AND (id <= 3977625))
	  ->  Bitmap Index Scan on sbtest3_pkey  (cost=0.00..22.00 rows=957 width=0)
	        Index Cond: ((id >= 3976626) AND (id <= 3977625))

table 4 : explain SELECT c FROM sbtest4 WHERE id BETWEEN 386840 AND 387839
	Bitmap Heap Scan on sbtest4  (cost=22.36..3739.25 rows=968 width=121)
	  Recheck Cond: ((id >= 386840) AND (id <= 387839))
	  ->  Bitmap Index Scan on sbtest4_pkey  (cost=0.00..22.11 rows=968 width=0)
	        Index Cond: ((id >= 386840) AND (id <= 387839))

table 5 : explain SELECT c FROM sbtest5 WHERE id BETWEEN 8273047 AND 8274046
	Bitmap Heap Scan on sbtest5  (cost=23.04..3991.57 rows=1035 width=121)
	  Recheck Cond: ((id >= 8273047) AND (id <= 8274046))
	  ->  Bitmap Index Scan on sbtest5_pkey  (cost=0.00..22.79 rows=1035 width=0)
	        Index Cond: ((id >= 8273047) AND (id <= 8274046))

table 6 : explain SELECT c FROM sbtest6 WHERE id BETWEEN 336725 AND 337724
	Bitmap Heap Scan on sbtest6  (cost=22.93..3951.26 rows=1024 width=121)
	  Recheck Cond: ((id >= 336725) AND (id <= 337724))
	  ->  Bitmap Index Scan on sbtest6_pkey  (cost=0.00..22.68 rows=1024 width=0)
	        Index Cond: ((id >= 336725) AND (id <= 337724))

table 7 : explain SELECT c FROM sbtest7 WHERE id BETWEEN 5538541 AND 5539540
	Bitmap Heap Scan on sbtest7  (cost=21.98..3600.39 rows=931 width=121)
	  Recheck Cond: ((id >= 5538541) AND (id <= 5539540))
	  ->  Bitmap Index Scan on sbtest7_pkey  (cost=0.00..21.75 rows=931 width=0)
	        Index Cond: ((id >= 5538541) AND (id <= 5539540))

table 8 : explain SELECT c FROM sbtest8 WHERE id BETWEEN 5419549 AND 5420548
	Bitmap Heap Scan on sbtest8  (cost=22.43..3767.43 rows=975 width=121)
	  Recheck Cond: ((id >= 5419549) AND (id <= 5420548))
	  ->  Bitmap Index Scan on sbtest8_pkey  (cost=0.00..22.18 rows=975 width=0)
	        Index Cond: ((id >= 5419549) AND (id <= 5420548))

for point_selects
table 1 : explain SELECT c FROM sbtest1 WHERE id=6765061
	Index Scan using sbtest1_pkey on sbtest1  (cost=0.43..8.45 rows=1 width=121)
	  Index Cond: (id = 6765061)

table 2 : explain SELECT c FROM sbtest2 WHERE id=4657782
	Index Scan using sbtest2_pkey on sbtest2  (cost=0.43..8.45 rows=1 width=121)
	  Index Cond: (id = 4657782)

table 3 : explain SELECT c FROM sbtest3 WHERE id=264209
	Index Scan using sbtest3_pkey on sbtest3  (cost=0.43..8.45 rows=1 width=121)
	  Index Cond: (id = 264209)

table 4 : explain SELECT c FROM sbtest4 WHERE id=7873292
	Index Scan using sbtest4_pkey on sbtest4  (cost=0.43..8.45 rows=1 width=121)
	  Index Cond: (id = 7873292)

table 5 : explain SELECT c FROM sbtest5 WHERE id=5196066
	Index Scan using sbtest5_pkey on sbtest5  (cost=0.43..8.45 rows=1 width=121)
	  Index Cond: (id = 5196066)

table 6 : explain SELECT c FROM sbtest6 WHERE id=2977819
	Index Scan using sbtest6_pkey on sbtest6  (cost=0.43..8.45 rows=1 width=121)
	  Index Cond: (id = 2977819)

table 7 : explain SELECT c FROM sbtest7 WHERE id=5311831
	Index Scan using sbtest7_pkey on sbtest7  (cost=0.43..8.45 rows=1 width=121)
	  Index Cond: (id = 5311831)

table 8 : explain SELECT c FROM sbtest8 WHERE id=1252626
	Index Scan using sbtest8_pkey on sbtest8  (cost=0.43..8.45 rows=1 width=121)
	  Index Cond: (id = 1252626)

for: distinct_ranges
table 1 : explain SELECT DISTINCT c FROM sbtest1 WHERE id BETWEEN 6972507 AND 6973506 ORDER BY c
	Unique  (cost=4015.76..4020.90 rows=1028 width=121)
	  ->  Sort  (cost=4015.76..4018.33 rows=1028 width=121)
	        Sort Key: c
	        ->  Bitmap Heap Scan on sbtest1  (cost=22.97..3964.33 rows=1028 width=121)
	              Recheck Cond: ((id >= 6972507) AND (id <= 6973506))
	              ->  Bitmap Index Scan on sbtest1_pkey  (cost=0.00..22.71 rows=1028 width=0)
	                    Index Cond: ((id >= 6972507) AND (id <= 6973506))

table 2 : explain SELECT DISTINCT c FROM sbtest2 WHERE id BETWEEN 9959676 AND 9960675 ORDER BY c
	Unique  (cost=3950.98..3956.03 rows=1011 width=121)
	  ->  Sort  (cost=3950.98..3953.51 rows=1011 width=121)
	        Sort Key: c
	        ->  Bitmap Heap Scan on sbtest2  (cost=22.80..3900.52 rows=1011 width=121)
	              Recheck Cond: ((id >= 9959676) AND (id <= 9960675))
	              ->  Bitmap Index Scan on sbtest2_pkey  (cost=0.00..22.54 rows=1011 width=0)
	                    Index Cond: ((id >= 9959676) AND (id <= 9960675))

table 3 : explain SELECT DISTINCT c FROM sbtest3 WHERE id BETWEEN 6775112 AND 6776111 ORDER BY c
	Unique  (cost=4233.65..4239.07 rows=1085 width=121)
	  ->  Sort  (cost=4233.65..4236.36 rows=1085 width=121)
	        Sort Key: c
	        ->  Bitmap Heap Scan on sbtest3  (cost=23.56..4178.95 rows=1085 width=121)
	              Recheck Cond: ((id >= 6775112) AND (id <= 6776111))
	              ->  Bitmap Index Scan on sbtest3_pkey  (cost=0.00..23.29 rows=1085 width=0)
	                    Index Cond: ((id >= 6775112) AND (id <= 6776111))

table 4 : explain SELECT DISTINCT c FROM sbtest4 WHERE id BETWEEN 7772595 AND 7773594 ORDER BY c
	Unique  (cost=3955.44..3960.50 rows=1012 width=121)
	  ->  Sort  (cost=3955.44..3957.97 rows=1012 width=121)
	        Sort Key: c
	        ->  Bitmap Heap Scan on sbtest4  (cost=22.81..3904.93 rows=1012 width=121)
	              Recheck Cond: ((id >= 7772595) AND (id <= 7773594))
	              ->  Bitmap Index Scan on sbtest4_pkey  (cost=0.00..22.55 rows=1012 width=0)
	                    Index Cond: ((id >= 7772595) AND (id <= 7773594))

table 5 : explain SELECT DISTINCT c FROM sbtest5 WHERE id BETWEEN 3664359 AND 3665358 ORDER BY c
	Unique  (cost=4077.75..4082.97 rows=1044 width=121)
	  ->  Sort  (cost=4077.75..4080.36 rows=1044 width=121)
	        Sort Key: c
	        ->  Bitmap Heap Scan on sbtest5  (cost=23.14..4025.40 rows=1044 width=121)
	              Recheck Cond: ((id >= 3664359) AND (id <= 3665358))
	              ->  Bitmap Index Scan on sbtest5_pkey  (cost=0.00..22.87 rows=1044 width=0)
	                    Index Cond: ((id >= 3664359) AND (id <= 3665358))

table 6 : explain SELECT DISTINCT c FROM sbtest6 WHERE id BETWEEN 9931178 AND 9932177 ORDER BY c
	Unique  (cost=3635.17..3639.81 rows=928 width=121)
	  ->  Sort  (cost=3635.17..3637.49 rows=928 width=121)
	        Sort Key: c
	        ->  Bitmap Heap Scan on sbtest6  (cost=21.95..3589.43 rows=928 width=121)
	              Recheck Cond: ((id >= 9931178) AND (id <= 9932177))
	              ->  Bitmap Index Scan on sbtest6_pkey  (cost=0.00..21.71 rows=928 width=0)
	                    Index Cond: ((id >= 9931178) AND (id <= 9932177))

table 7 : explain SELECT DISTINCT c FROM sbtest7 WHERE id BETWEEN 8673119 AND 8674118 ORDER BY c
	Unique  (cost=3914.16..3919.16 rows=1001 width=121)
	  ->  Sort  (cost=3914.16..3916.66 rows=1001 width=121)
	        Sort Key: c
	        ->  Bitmap Heap Scan on sbtest7  (cost=22.70..3864.27 rows=1001 width=121)
	              Recheck Cond: ((id >= 8673119) AND (id <= 8674118))
	              ->  Bitmap Index Scan on sbtest7_pkey  (cost=0.00..22.44 rows=1001 width=0)
	                    Index Cond: ((id >= 8673119) AND (id <= 8674118))

table 8 : explain SELECT DISTINCT c FROM sbtest8 WHERE id BETWEEN 5581375 AND 5582374 ORDER BY c
	Unique  (cost=3639.66..3644.31 rows=929 width=121)
	  ->  Sort  (cost=3639.66..3641.99 rows=929 width=121)
	        Sort Key: c
	        ->  Bitmap Heap Scan on sbtest8  (cost=21.96..3593.87 rows=929 width=121)
	              Recheck Cond: ((id >= 5581375) AND (id <= 5582374))
	              ->  Bitmap Index Scan on sbtest8_pkey  (cost=0.00..21.72 rows=929 width=0)
	                    Index Cond: ((id >= 5581375) AND (id <= 5582374))

for: simple_ranges
table 1 : explain SELECT c FROM sbtest1 WHERE id BETWEEN 1637469 AND 1638468
	Bitmap Heap Scan on sbtest1  (cost=27.77..4257.45 rows=1106 width=121)
	  Recheck Cond: ((id >= 1637469) AND (id <= 1638468))
	  ->  Bitmap Index Scan on sbtest1_pkey  (cost=0.00..27.50 rows=1106 width=0)
	        Index Cond: ((id >= 1637469) AND (id <= 1638468))

table 2 : explain SELECT c FROM sbtest2 WHERE id BETWEEN 851872 AND 852871
	Bitmap Heap Scan on sbtest2  (cost=22.07..3633.11 rows=940 width=121)
	  Recheck Cond: ((id >= 851872) AND (id <= 852871))
	  ->  Bitmap Index Scan on sbtest2_pkey  (cost=0.00..21.83 rows=940 width=0)
	        Index Cond: ((id >= 851872) AND (id <= 852871))

table 3 : explain SELECT c FROM sbtest3 WHERE id BETWEEN 4552052 AND 4553051
	Bitmap Heap Scan on sbtest3  (cost=22.67..3855.73 rows=999 width=121)
	  Recheck Cond: ((id >= 4552052) AND (id <= 4553051))
	  ->  Bitmap Index Scan on sbtest3_pkey  (cost=0.00..22.43 rows=999 width=0)
	        Index Cond: ((id >= 4552052) AND (id <= 4553051))

table 4 : explain SELECT c FROM sbtest4 WHERE id BETWEEN 6100931 AND 6101930
	Bitmap Heap Scan on sbtest4  (cost=21.73..3509.13 rows=907 width=121)
	  Recheck Cond: ((id >= 6100931) AND (id <= 6101930))
	  ->  Bitmap Index Scan on sbtest4_pkey  (cost=0.00..21.50 rows=907 width=0)
	        Index Cond: ((id >= 6100931) AND (id <= 6101930))

table 5 : explain SELECT c FROM sbtest5 WHERE id BETWEEN 7594136 AND 7595135
	Bitmap Heap Scan on sbtest5  (cost=22.92..3946.44 rows=1023 width=121)
	  Recheck Cond: ((id >= 7594136) AND (id <= 7595135))
	  ->  Bitmap Index Scan on sbtest5_pkey  (cost=0.00..22.66 rows=1023 width=0)
	        Index Cond: ((id >= 7594136) AND (id <= 7595135))

table 6 : explain SELECT c FROM sbtest6 WHERE id BETWEEN 7891823 AND 7892822
	Bitmap Heap Scan on sbtest6  (cost=22.10..3646.05 rows=943 width=121)
	  Recheck Cond: ((id >= 7891823) AND (id <= 7892822))
	  ->  Bitmap Index Scan on sbtest6_pkey  (cost=0.00..21.86 rows=943 width=0)
	        Index Cond: ((id >= 7891823) AND (id <= 7892822))

table 7 : explain SELECT c FROM sbtest7 WHERE id BETWEEN 8027090 AND 8028089
	Bitmap Heap Scan on sbtest7  (cost=22.85..3920.73 rows=1016 width=121)
	  Recheck Cond: ((id >= 8027090) AND (id <= 8028089))
	  ->  Bitmap Index Scan on sbtest7_pkey  (cost=0.00..22.59 rows=1016 width=0)
	        Index Cond: ((id >= 8027090) AND (id <= 8028089))

table 8 : explain SELECT c FROM sbtest8 WHERE id BETWEEN 8429408 AND 8430407
	Bitmap Heap Scan on sbtest8  (cost=22.83..3914.37 rows=1014 width=121)
	  Recheck Cond: ((id >= 8429408) AND (id <= 8430407))
	  ->  Bitmap Index Scan on sbtest8_pkey  (cost=0.00..22.57 rows=1014 width=0)
	        Index Cond: ((id >= 8429408) AND (id <= 8430407))

for: sum_ranges
table 1 : explain SELECT SUM(k) FROM sbtest1 WHERE id BETWEEN 8082075 AND 8083074
	Aggregate  (cost=3816.33..3816.34 rows=1 width=8)
	  ->  Bitmap Heap Scan on sbtest1  (cost=22.56..3813.86 rows=988 width=4)
	        Recheck Cond: ((id >= 8082075) AND (id <= 8083074))
	        ->  Bitmap Index Scan on sbtest1_pkey  (cost=0.00..22.32 rows=988 width=0)
	              Index Cond: ((id >= 8082075) AND (id <= 8083074))

table 2 : explain SELECT SUM(k) FROM sbtest2 WHERE id BETWEEN 8177130 AND 8178129
	Aggregate  (cost=3820.20..3820.21 rows=1 width=8)
	  ->  Bitmap Heap Scan on sbtest2  (cost=22.57..3817.73 rows=989 width=4)
	        Recheck Cond: ((id >= 8177130) AND (id <= 8178129))
	        ->  Bitmap Index Scan on sbtest2_pkey  (cost=0.00..22.32 rows=989 width=0)
	              Index Cond: ((id >= 8177130) AND (id <= 8178129))

table 3 : explain SELECT SUM(k) FROM sbtest3 WHERE id BETWEEN 8998841 AND 8999840
	Aggregate  (cost=4061.42..4061.43 rows=1 width=8)
	  ->  Bitmap Heap Scan on sbtest3  (cost=23.23..4058.79 rows=1053 width=4)
	        Recheck Cond: ((id >= 8998841) AND (id <= 8999840))
	        ->  Bitmap Index Scan on sbtest3_pkey  (cost=0.00..22.96 rows=1053 width=0)
	              Index Cond: ((id >= 8998841) AND (id <= 8999840))

table 4 : explain SELECT SUM(k) FROM sbtest4 WHERE id BETWEEN 6488608 AND 6489607
	Aggregate  (cost=3530.29..3530.30 rows=1 width=8)
	  ->  Bitmap Heap Scan on sbtest4  (cost=21.78..3528.01 rows=912 width=4)
	        Recheck Cond: ((id >= 6488608) AND (id <= 6489607))
	        ->  Bitmap Index Scan on sbtest4_pkey  (cost=0.00..21.55 rows=912 width=0)
	              Index Cond: ((id >= 6488608) AND (id <= 6489607))

table 5 : explain SELECT SUM(k) FROM sbtest5 WHERE id BETWEEN 7389829 AND 7390828
	Aggregate  (cost=4035.53..4035.54 rows=1 width=8)
	  ->  Bitmap Heap Scan on sbtest5  (cost=23.16..4032.92 rows=1046 width=4)
	        Recheck Cond: ((id >= 7389829) AND (id <= 7390828))
	        ->  Bitmap Index Scan on sbtest5_pkey  (cost=0.00..22.89 rows=1046 width=0)
	              Index Cond: ((id >= 7389829) AND (id <= 7390828))

table 6 : explain SELECT SUM(k) FROM sbtest6 WHERE id BETWEEN 9381892 AND 9382891
	Aggregate  (cost=3531.29..3531.30 rows=1 width=8)
	  ->  Bitmap Heap Scan on sbtest6  (cost=21.78..3529.01 rows=912 width=4)
	        Recheck Cond: ((id >= 9381892) AND (id <= 9382891))
	        ->  Bitmap Index Scan on sbtest6_pkey  (cost=0.00..21.55 rows=912 width=0)
	              Index Cond: ((id >= 9381892) AND (id <= 9382891))

table 7 : explain SELECT SUM(k) FROM sbtest7 WHERE id BETWEEN 6851633 AND 6852632
	Aggregate  (cost=4141.47..4141.48 rows=1 width=8)
	  ->  Bitmap Heap Scan on sbtest7  (cost=23.44..4138.78 rows=1074 width=4)
	        Recheck Cond: ((id >= 6851633) AND (id <= 6852632))
	        ->  Bitmap Index Scan on sbtest7_pkey  (cost=0.00..23.18 rows=1074 width=0)
	              Index Cond: ((id >= 6851633) AND (id <= 6852632))

table 8 : explain SELECT SUM(k) FROM sbtest8 WHERE id BETWEEN 9280702 AND 9281701
	Aggregate  (cost=3444.93..3444.94 rows=1 width=8)
	  ->  Bitmap Heap Scan on sbtest8  (cost=21.55..3442.71 rows=889 width=4)
	        Recheck Cond: ((id >= 9280702) AND (id <= 9281701))
	        ->  Bitmap Index Scan on sbtest8_pkey  (cost=0.00..21.32 rows=889 width=0)
	              Index Cond: ((id >= 9280702) AND (id <= 9281701))

for: simple_ranges
table 1 : explain SELECT c FROM sbtest1 WHERE id BETWEEN 1268895 AND 1269894
	Bitmap Heap Scan on sbtest1  (cost=22.23..3693.32 rows=956 width=121)
	  Recheck Cond: ((id >= 1268895) AND (id <= 1269894))
	  ->  Bitmap Index Scan on sbtest1_pkey  (cost=0.00..22.00 rows=956 width=0)
	        Index Cond: ((id >= 1268895) AND (id <= 1269894))

table 2 : explain SELECT c FROM sbtest2 WHERE id BETWEEN 1451908 AND 1452907
	Bitmap Heap Scan on sbtest2  (cost=22.22..3689.66 rows=955 width=121)
	  Recheck Cond: ((id >= 1451908) AND (id <= 1452907))
	  ->  Bitmap Index Scan on sbtest2_pkey  (cost=0.00..21.98 rows=955 width=0)
	        Index Cond: ((id >= 1451908) AND (id <= 1452907))

table 3 : explain SELECT c FROM sbtest3 WHERE id BETWEEN 6307956 AND 6308955
	Bitmap Heap Scan on sbtest3  (cost=22.75..3882.08 rows=1006 width=121)
	  Recheck Cond: ((id >= 6307956) AND (id <= 6308955))
	  ->  Bitmap Index Scan on sbtest3_pkey  (cost=0.00..22.50 rows=1006 width=0)
	        Index Cond: ((id >= 6307956) AND (id <= 6308955))

table 4 : explain SELECT c FROM sbtest4 WHERE id BETWEEN 993773 AND 994772
	Bitmap Heap Scan on sbtest4  (cost=23.13..4021.50 rows=1043 width=121)
	  Recheck Cond: ((id >= 993773) AND (id <= 994772))
	  ->  Bitmap Index Scan on sbtest4_pkey  (cost=0.00..22.86 rows=1043 width=0)
	        Index Cond: ((id >= 993773) AND (id <= 994772))

table 5 : explain SELECT c FROM sbtest5 WHERE id BETWEEN 9651539 AND 9652538
	Bitmap Heap Scan on sbtest5  (cost=22.07..3633.80 rows=940 width=121)
	  Recheck Cond: ((id >= 9651539) AND (id <= 9652538))
	  ->  Bitmap Index Scan on sbtest5_pkey  (cost=0.00..21.83 rows=940 width=0)
	        Index Cond: ((id >= 9651539) AND (id <= 9652538))

table 6 : explain SELECT c FROM sbtest6 WHERE id BETWEEN 4018385 AND 4019384
	Bitmap Heap Scan on sbtest6  (cost=21.98..3600.76 rows=931 width=121)
	  Recheck Cond: ((id >= 4018385) AND (id <= 4019384))
	  ->  Bitmap Index Scan on sbtest6_pkey  (cost=0.00..21.75 rows=931 width=0)
	        Index Cond: ((id >= 4018385) AND (id <= 4019384))

table 7 : explain SELECT c FROM sbtest7 WHERE id BETWEEN 7755989 AND 7756988
	Bitmap Heap Scan on sbtest7  (cost=27.71..4236.66 rows=1100 width=121)
	  Recheck Cond: ((id >= 7755989) AND (id <= 7756988))
	  ->  Bitmap Index Scan on sbtest7_pkey  (cost=0.00..27.43 rows=1100 width=0)
	        Index Cond: ((id >= 7755989) AND (id <= 7756988))

table 8 : explain SELECT c FROM sbtest8 WHERE id BETWEEN 8304019 AND 8305018
	Bitmap Heap Scan on sbtest8  (cost=22.53..3805.13 rows=985 width=121)
	  Recheck Cond: ((id >= 8304019) AND (id <= 8305018))
	  ->  Bitmap Index Scan on sbtest8_pkey  (cost=0.00..22.29 rows=985 width=0)
	        Index Cond: ((id >= 8304019) AND (id <= 8305018))

explain: for point_selects :: explain SELECT c FROM sbtest%u WHERE id=%u
for point_selects
table 1 : explain SELECT c FROM sbtest1 WHERE id=5257252
	Index Scan using sbtest1_pkey on sbtest1  (cost=0.43..8.45 rows=1 width=121)
	  Index Cond: (id = 5257252)

table 2 : explain SELECT c FROM sbtest2 WHERE id=1263625
	Index Scan using sbtest2_pkey on sbtest2  (cost=0.43..8.45 rows=1 width=121)
	  Index Cond: (id = 1263625)

table 3 : explain SELECT c FROM sbtest3 WHERE id=2975889
	Index Scan using sbtest3_pkey on sbtest3  (cost=0.43..8.45 rows=1 width=121)
	  Index Cond: (id = 2975889)

table 4 : explain SELECT c FROM sbtest4 WHERE id=8020589
	Index Scan using sbtest4_pkey on sbtest4  (cost=0.43..8.45 rows=1 width=121)
	  Index Cond: (id = 8020589)

table 5 : explain SELECT c FROM sbtest5 WHERE id=6908479
	Index Scan using sbtest5_pkey on sbtest5  (cost=0.43..8.45 rows=1 width=121)
	  Index Cond: (id = 6908479)

table 6 : explain SELECT c FROM sbtest6 WHERE id=7457240
	Index Scan using sbtest6_pkey on sbtest6  (cost=0.43..8.45 rows=1 width=121)
	  Index Cond: (id = 7457240)

table 7 : explain SELECT c FROM sbtest7 WHERE id=1758887
	Index Scan using sbtest7_pkey on sbtest7  (cost=0.43..8.45 rows=1 width=121)
	  Index Cond: (id = 1758887)

table 8 : explain SELECT c FROM sbtest8 WHERE id=1539686
	Index Scan using sbtest8_pkey on sbtest8  (cost=0.43..8.45 rows=1 width=121)
	  Index Cond: (id = 1539686)

for point_selects
table 1 : explain SELECT c FROM sbtest1 WHERE id=2890063
	Index Scan using sbtest1_pkey on sbtest1  (cost=0.43..8.45 rows=1 width=121)
	  Index Cond: (id = 2890063)

table 2 : explain SELECT c FROM sbtest2 WHERE id=2356728
	Index Scan using sbtest2_pkey on sbtest2  (cost=0.43..8.45 rows=1 width=121)
	  Index Cond: (id = 2356728)

table 3 : explain SELECT c FROM sbtest3 WHERE id=6586737
	Index Scan using sbtest3_pkey on sbtest3  (cost=0.43..8.45 rows=1 width=121)
	  Index Cond: (id = 6586737)

table 4 : explain SELECT c FROM sbtest4 WHERE id=8466335
	Index Scan using sbtest4_pkey on sbtest4  (cost=0.43..8.45 rows=1 width=121)
	  Index Cond: (id = 8466335)

table 5 : explain SELECT c FROM sbtest5 WHERE id=952663
	Index Scan using sbtest5_pkey on sbtest5  (cost=0.43..8.45 rows=1 width=121)
	  Index Cond: (id = 952663)

table 6 : explain SELECT c FROM sbtest6 WHERE id=6409988
	Index Scan using sbtest6_pkey on sbtest6  (cost=0.43..8.45 rows=1 width=121)
	  Index Cond: (id = 6409988)

table 7 : explain SELECT c FROM sbtest7 WHERE id=2964201
	Index Scan using sbtest7_pkey on sbtest7  (cost=0.43..8.45 rows=1 width=121)
	  Index Cond: (id = 2964201)

table 8 : explain SELECT c FROM sbtest8 WHERE id=7518368
	Index Scan using sbtest8_pkey on sbtest8  (cost=0.43..8.45 rows=1 width=121)
	  Index Cond: (id = 7518368)

for: sum_ranges
table 1 : explain SELECT SUM(k) FROM sbtest1 WHERE id BETWEEN 2773406 AND 2774405
	Aggregate  (cost=4019.56..4019.57 rows=1 width=8)
	  ->  Bitmap Heap Scan on sbtest1  (cost=23.12..4016.95 rows=1042 width=4)
	        Recheck Cond: ((id >= 2773406) AND (id <= 2774405))
	        ->  Bitmap Index Scan on sbtest1_pkey  (cost=0.00..22.86 rows=1042 width=0)
	              Index Cond: ((id >= 2773406) AND (id <= 2774405))

table 2 : explain SELECT SUM(k) FROM sbtest2 WHERE id BETWEEN 1167940 AND 1168939
	Aggregate  (cost=3989.59..3989.60 rows=1 width=8)
	  ->  Bitmap Heap Scan on sbtest2  (cost=23.03..3987.01 rows=1034 width=4)
	        Recheck Cond: ((id >= 1167940) AND (id <= 1168939))
	        ->  Bitmap Index Scan on sbtest2_pkey  (cost=0.00..22.77 rows=1034 width=0)
	              Index Cond: ((id >= 1167940) AND (id <= 1168939))

table 3 : explain SELECT SUM(k) FROM sbtest3 WHERE id BETWEEN 1868689 AND 1869688
	Aggregate  (cost=3790.42..3790.43 rows=1 width=8)
	  ->  Bitmap Heap Scan on sbtest3  (cost=22.49..3787.96 rows=981 width=4)
	        Recheck Cond: ((id >= 1868689) AND (id <= 1869688))
	        ->  Bitmap Index Scan on sbtest3_pkey  (cost=0.00..22.25 rows=981 width=0)
	              Index Cond: ((id >= 1868689) AND (id <= 1869688))

table 4 : explain SELECT SUM(k) FROM sbtest4 WHERE id BETWEEN 5536400 AND 5537399
	Aggregate  (cost=3903.69..3903.70 rows=1 width=8)
	  ->  Bitmap Heap Scan on sbtest4  (cost=22.80..3901.16 rows=1011 width=4)
	        Recheck Cond: ((id >= 5536400) AND (id <= 5537399))
	        ->  Bitmap Index Scan on sbtest4_pkey  (cost=0.00..22.54 rows=1011 width=0)
	              Index Cond: ((id >= 5536400) AND (id <= 5537399))

table 5 : explain SELECT SUM(k) FROM sbtest5 WHERE id BETWEEN 3826503 AND 3827502
	Aggregate  (cost=3881.23..3881.24 rows=1 width=8)
	  ->  Bitmap Heap Scan on sbtest5  (cost=22.74..3878.72 rows=1005 width=4)
	        Recheck Cond: ((id >= 3826503) AND (id <= 3827502))
	        ->  Bitmap Index Scan on sbtest5_pkey  (cost=0.00..22.48 rows=1005 width=0)
	              Index Cond: ((id >= 3826503) AND (id <= 3827502))

table 6 : explain SELECT SUM(k) FROM sbtest6 WHERE id BETWEEN 5870243 AND 5871242
	Aggregate  (cost=4104.32..4104.33 rows=1 width=8)
	  ->  Bitmap Heap Scan on sbtest6  (cost=23.34..4101.66 rows=1064 width=4)
	        Recheck Cond: ((id >= 5870243) AND (id <= 5871242))
	        ->  Bitmap Index Scan on sbtest6_pkey  (cost=0.00..23.07 rows=1064 width=0)
	              Index Cond: ((id >= 5870243) AND (id <= 5871242))

table 7 : explain SELECT SUM(k) FROM sbtest7 WHERE id BETWEEN 8552665 AND 8553664
	Aggregate  (cost=4145.22..4145.23 rows=1 width=8)
	  ->  Bitmap Heap Scan on sbtest7  (cost=23.45..4142.54 rows=1075 width=4)
	        Recheck Cond: ((id >= 8552665) AND (id <= 8553664))
	        ->  Bitmap Index Scan on sbtest7_pkey  (cost=0.00..23.18 rows=1075 width=0)
	              Index Cond: ((id >= 8552665) AND (id <= 8553664))

table 8 : explain SELECT SUM(k) FROM sbtest8 WHERE id BETWEEN 4045869 AND 4046868
	Aggregate  (cost=4229.43..4229.44 rows=1 width=8)
	  ->  Bitmap Heap Scan on sbtest8  (cost=27.67..4226.69 rows=1096 width=4)
	        Recheck Cond: ((id >= 4045869) AND (id <= 4046868))
	        ->  Bitmap Index Scan on sbtest8_pkey  (cost=0.00..27.39 rows=1096 width=0)
	              Index Cond: ((id >= 4045869) AND (id <= 4046868))

for: simple_ranges
table 1 : explain SELECT c FROM sbtest1 WHERE id BETWEEN 9918221 AND 9919220
	Bitmap Heap Scan on sbtest1  (cost=23.33..4095.83 rows=1063 width=121)
	  Recheck Cond: ((id >= 9918221) AND (id <= 9919220))
	  ->  Bitmap Index Scan on sbtest1_pkey  (cost=0.00..23.07 rows=1063 width=0)
	        Index Cond: ((id >= 9918221) AND (id <= 9919220))

table 2 : explain SELECT c FROM sbtest2 WHERE id BETWEEN 1746617 AND 1747616
	Bitmap Heap Scan on sbtest2  (cost=22.59..3825.26 rows=991 width=121)
	  Recheck Cond: ((id >= 1746617) AND (id <= 1747616))
	  ->  Bitmap Index Scan on sbtest2_pkey  (cost=0.00..22.34 rows=991 width=0)
	        Index Cond: ((id >= 1746617) AND (id <= 1747616))

table 3 : explain SELECT c FROM sbtest3 WHERE id BETWEEN 9848263 AND 9849262
	Bitmap Heap Scan on sbtest3  (cost=22.93..3949.79 rows=1024 width=121)
	  Recheck Cond: ((id >= 9848263) AND (id <= 9849262))
	  ->  Bitmap Index Scan on sbtest3_pkey  (cost=0.00..22.68 rows=1024 width=0)
	        Index Cond: ((id >= 9848263) AND (id <= 9849262))

table 4 : explain SELECT c FROM sbtest4 WHERE id BETWEEN 7192160 AND 7193159
	Bitmap Heap Scan on sbtest4  (cost=22.33..3727.94 rows=965 width=121)
	  Recheck Cond: ((id >= 7192160) AND (id <= 7193159))
	  ->  Bitmap Index Scan on sbtest4_pkey  (cost=0.00..22.08 rows=965 width=0)
	        Index Cond: ((id >= 7192160) AND (id <= 7193159))

table 5 : explain SELECT c FROM sbtest5 WHERE id BETWEEN 2640940 AND 2641939
	Bitmap Heap Scan on sbtest5  (cost=22.25..3701.68 rows=958 width=121)
	  Recheck Cond: ((id >= 2640940) AND (id <= 2641939))
	  ->  Bitmap Index Scan on sbtest5_pkey  (cost=0.00..22.01 rows=958 width=0)
	        Index Cond: ((id >= 2640940) AND (id <= 2641939))

table 6 : explain SELECT c FROM sbtest6 WHERE id BETWEEN 8035299 AND 8036298
	Bitmap Heap Scan on sbtest6  (cost=22.53..3804.41 rows=985 width=121)
	  Recheck Cond: ((id >= 8035299) AND (id <= 8036298))
	  ->  Bitmap Index Scan on sbtest6_pkey  (cost=0.00..22.29 rows=985 width=0)
	        Index Cond: ((id >= 8035299) AND (id <= 8036298))

table 7 : explain SELECT c FROM sbtest7 WHERE id BETWEEN 5825300 AND 5826299
	Bitmap Heap Scan on sbtest7  (cost=22.13..3656.99 rows=946 width=121)
	  Recheck Cond: ((id >= 5825300) AND (id <= 5826299))
	  ->  Bitmap Index Scan on sbtest7_pkey  (cost=0.00..21.89 rows=946 width=0)
	        Index Cond: ((id >= 5825300) AND (id <= 5826299))

table 8 : explain SELECT c FROM sbtest8 WHERE id BETWEEN 8279197 AND 8280196
	Bitmap Heap Scan on sbtest8  (cost=22.88..3933.20 rows=1019 width=121)
	  Recheck Cond: ((id >= 8279197) AND (id <= 8280196))
	  ->  Bitmap Index Scan on sbtest8_pkey  (cost=0.00..22.62 rows=1019 width=0)
	        Index Cond: ((id >= 8279197) AND (id <= 8280196))

for: simple_ranges
table 1 : explain SELECT c FROM sbtest1 WHERE id BETWEEN 1963222 AND 1964221
	Bitmap Heap Scan on sbtest1  (cost=22.99..3971.85 rows=1030 width=121)
	  Recheck Cond: ((id >= 1963222) AND (id <= 1964221))
	  ->  Bitmap Index Scan on sbtest1_pkey  (cost=0.00..22.73 rows=1030 width=0)
	        Index Cond: ((id >= 1963222) AND (id <= 1964221))

table 2 : explain SELECT c FROM sbtest2 WHERE id BETWEEN 6093423 AND 6094422
	Bitmap Heap Scan on sbtest2  (cost=23.58..4182.31 rows=1087 width=121)
	  Recheck Cond: ((id >= 6093423) AND (id <= 6094422))
	  ->  Bitmap Index Scan on sbtest2_pkey  (cost=0.00..23.30 rows=1087 width=0)
	        Index Cond: ((id >= 6093423) AND (id <= 6094422))

table 3 : explain SELECT c FROM sbtest3 WHERE id BETWEEN 4442630 AND 4443629
	Bitmap Heap Scan on sbtest3  (cost=23.28..4077.57 rows=1058 width=121)
	  Recheck Cond: ((id >= 4442630) AND (id <= 4443629))
	  ->  Bitmap Index Scan on sbtest3_pkey  (cost=0.00..23.01 rows=1058 width=0)
	        Index Cond: ((id >= 4442630) AND (id <= 4443629))

table 4 : explain SELECT c FROM sbtest4 WHERE id BETWEEN 3411511 AND 3412510
	Bitmap Heap Scan on sbtest4  (cost=21.73..3509.13 rows=907 width=121)
	  Recheck Cond: ((id >= 3411511) AND (id <= 3412510))
	  ->  Bitmap Index Scan on sbtest4_pkey  (cost=0.00..21.50 rows=907 width=0)
	        Index Cond: ((id >= 3411511) AND (id <= 3412510))

table 5 : explain SELECT c FROM sbtest5 WHERE id BETWEEN 8609345 AND 8610344
	Bitmap Heap Scan on sbtest5  (cost=22.85..3920.11 rows=1016 width=121)
	  Recheck Cond: ((id >= 8609345) AND (id <= 8610344))
	  ->  Bitmap Index Scan on sbtest5_pkey  (cost=0.00..22.59 rows=1016 width=0)
	        Index Cond: ((id >= 8609345) AND (id <= 8610344))

table 6 : explain SELECT c FROM sbtest6 WHERE id BETWEEN 7938987 AND 7939986
	Bitmap Heap Scan on sbtest6  (cost=22.10..3646.05 rows=943 width=121)
	  Recheck Cond: ((id >= 7938987) AND (id <= 7939986))
	  ->  Bitmap Index Scan on sbtest6_pkey  (cost=0.00..21.86 rows=943 width=0)
	        Index Cond: ((id >= 7938987) AND (id <= 7939986))

table 7 : explain SELECT c FROM sbtest7 WHERE id BETWEEN 8665328 AND 8666327
	Bitmap Heap Scan on sbtest7  (cost=22.70..3864.27 rows=1001 width=121)
	  Recheck Cond: ((id >= 8665328) AND (id <= 8666327))
	  ->  Bitmap Index Scan on sbtest7_pkey  (cost=0.00..22.44 rows=1001 width=0)
	        Index Cond: ((id >= 8665328) AND (id <= 8666327))

table 8 : explain SELECT c FROM sbtest8 WHERE id BETWEEN 1604636 AND 1605635
	Bitmap Heap Scan on sbtest8  (cost=22.72..3872.95 rows=1003 width=121)
	  Recheck Cond: ((id >= 1604636) AND (id <= 1605635))
	  ->  Bitmap Index Scan on sbtest8_pkey  (cost=0.00..22.46 rows=1003 width=0)
	        Index Cond: ((id >= 1604636) AND (id <= 1605635))

for: sum_ranges
table 1 : explain SELECT SUM(k) FROM sbtest1 WHERE id BETWEEN 8286076 AND 8287075
	Aggregate  (cost=4064.67..4064.68 rows=1 width=8)
	  ->  Bitmap Heap Scan on sbtest1  (cost=23.24..4062.03 rows=1054 width=4)
	        Recheck Cond: ((id >= 8286076) AND (id <= 8287075))
	        ->  Bitmap Index Scan on sbtest1_pkey  (cost=0.00..22.97 rows=1054 width=0)
	              Index Cond: ((id >= 8286076) AND (id <= 8287075))

table 2 : explain SELECT SUM(k) FROM sbtest2 WHERE id BETWEEN 1652602 AND 1653601
	Aggregate  (cost=4000.87..4000.88 rows=1 width=8)
	  ->  Bitmap Heap Scan on sbtest2  (cost=23.06..3998.28 rows=1037 width=4)
	        Recheck Cond: ((id >= 1652602) AND (id <= 1653601))
	        ->  Bitmap Index Scan on sbtest2_pkey  (cost=0.00..22.80 rows=1037 width=0)
	              Index Cond: ((id >= 1652602) AND (id <= 1653601))

table 3 : explain SELECT SUM(k) FROM sbtest3 WHERE id BETWEEN 1360657 AND 1361656
	Aggregate  (cost=3711.24..3711.25 rows=1 width=8)
	  ->  Bitmap Heap Scan on sbtest3  (cost=22.27..3708.84 rows=960 width=4)
	        Recheck Cond: ((id >= 1360657) AND (id <= 1361656))
	        ->  Bitmap Index Scan on sbtest3_pkey  (cost=0.00..22.04 rows=960 width=0)
	              Index Cond: ((id >= 1360657) AND (id <= 1361656))

table 4 : explain SELECT SUM(k) FROM sbtest4 WHERE id BETWEEN 2522849 AND 2523848
	Aggregate  (cost=4042.91..4042.92 rows=1 width=8)
	  ->  Bitmap Heap Scan on sbtest4  (cost=23.18..4040.29 rows=1048 width=4)
	        Recheck Cond: ((id >= 2522849) AND (id <= 2523848))
	        ->  Bitmap Index Scan on sbtest4_pkey  (cost=0.00..22.91 rows=1048 width=0)
	              Index Cond: ((id >= 2522849) AND (id <= 2523848))

table 5 : explain SELECT SUM(k) FROM sbtest5 WHERE id BETWEEN 9537954 AND 9538953
	Aggregate  (cost=3862.40..3862.41 rows=1 width=8)
	  ->  Bitmap Heap Scan on sbtest5  (cost=22.68..3859.90 rows=1000 width=4)
	        Recheck Cond: ((id >= 9537954) AND (id <= 9538953))
	        ->  Bitmap Index Scan on sbtest5_pkey  (cost=0.00..22.43 rows=1000 width=0)
	              Index Cond: ((id >= 9537954) AND (id <= 9538953))

table 6 : explain SELECT SUM(k) FROM sbtest6 WHERE id BETWEEN 8942002 AND 8943001
	Aggregate  (cost=3485.92..3485.93 rows=1 width=8)
	  ->  Bitmap Heap Scan on sbtest6  (cost=21.66..3483.67 rows=900 width=4)
	        Recheck Cond: ((id >= 8942002) AND (id <= 8943001))
	        ->  Bitmap Index Scan on sbtest6_pkey  (cost=0.00..21.43 rows=900 width=0)
	              Index Cond: ((id >= 8942002) AND (id <= 8943001))

table 7 : explain SELECT SUM(k) FROM sbtest7 WHERE id BETWEEN 148908 AND 149907
	Aggregate  (cost=3670.68..3670.69 rows=1 width=8)
	  ->  Bitmap Heap Scan on sbtest7  (cost=22.16..3668.31 rows=949 width=4)
	        Recheck Cond: ((id >= 148908) AND (id <= 149907))
	        ->  Bitmap Index Scan on sbtest7_pkey  (cost=0.00..21.93 rows=949 width=0)
	              Index Cond: ((id >= 148908) AND (id <= 149907))

table 8 : explain SELECT SUM(k) FROM sbtest8 WHERE id BETWEEN 5104846 AND 5105845
	Aggregate  (cost=3531.93..3531.94 rows=1 width=8)
	  ->  Bitmap Heap Scan on sbtest8  (cost=21.78..3529.65 rows=912 width=4)
	        Recheck Cond: ((id >= 5104846) AND (id <= 5105845))
	        ->  Bitmap Index Scan on sbtest8_pkey  (cost=0.00..21.55 rows=912 width=0)
	              Index Cond: ((id >= 5104846) AND (id <= 5105845))

for: order_ranges
table 1 : explain SELECT c FROM sbtest1 WHERE id BETWEEN 488196 AND 489195 ORDER BY c
	Sort  (cost=3931.77..3934.28 rows=1006 width=121)
	  Sort Key: c
	  ->  Bitmap Heap Scan on sbtest1  (cost=22.75..3881.60 rows=1006 width=121)
	        Recheck Cond: ((id >= 488196) AND (id <= 489195))
	        ->  Bitmap Index Scan on sbtest1_pkey  (cost=0.00..22.50 rows=1006 width=0)
	              Index Cond: ((id >= 488196) AND (id <= 489195))

table 2 : explain SELECT c FROM sbtest2 WHERE id BETWEEN 2563416 AND 2564415 ORDER BY c
	Sort  (cost=4088.38..4090.99 rows=1047 width=121)
	  Sort Key: c
	  ->  Bitmap Heap Scan on sbtest2  (cost=23.17..4035.86 rows=1047 width=121)
	        Recheck Cond: ((id >= 2563416) AND (id <= 2564415))
	        ->  Bitmap Index Scan on sbtest2_pkey  (cost=0.00..22.90 rows=1047 width=0)
	              Index Cond: ((id >= 2563416) AND (id <= 2564415))

table 3 : explain SELECT c FROM sbtest3 WHERE id BETWEEN 2470741 AND 2471740 ORDER BY c
	Sort  (cost=3492.12..3494.34 rows=891 width=121)
	  Sort Key: c
	  ->  Bitmap Heap Scan on sbtest3  (cost=21.57..3448.46 rows=891 width=121)
	        Recheck Cond: ((id >= 2470741) AND (id <= 2471740))
	        ->  Bitmap Index Scan on sbtest3_pkey  (cost=0.00..21.34 rows=891 width=0)
	              Index Cond: ((id >= 2470741) AND (id <= 2471740))

table 4 : explain SELECT c FROM sbtest4 WHERE id BETWEEN 776986 AND 777985 ORDER BY c
	Sort  (cost=4142.46..4145.11 rows=1061 width=121)
	  Sort Key: c
	  ->  Bitmap Heap Scan on sbtest4  (cost=23.31..4089.14 rows=1061 width=121)
	        Recheck Cond: ((id >= 776986) AND (id <= 777985))
	        ->  Bitmap Index Scan on sbtest4_pkey  (cost=0.00..23.04 rows=1061 width=0)
	              Index Cond: ((id >= 776986) AND (id <= 777985))

table 5 : explain SELECT c FROM sbtest5 WHERE id BETWEEN 10181 AND 11180 ORDER BY c
	Sort  (cost=3684.05..3686.40 rows=941 width=121)
	  Sort Key: c
	  ->  Bitmap Heap Scan on sbtest5  (cost=22.08..3637.57 rows=941 width=121)
	        Recheck Cond: ((id >= 10181) AND (id <= 11180))
	        ->  Bitmap Index Scan on sbtest5_pkey  (cost=0.00..21.84 rows=941 width=0)
	              Index Cond: ((id >= 10181) AND (id <= 11180))

table 6 : explain SELECT c FROM sbtest6 WHERE id BETWEEN 1502456 AND 1503455 ORDER BY c
	Sort  (cost=3734.76..3737.14 rows=954 width=121)
	  Sort Key: c
	  ->  Bitmap Heap Scan on sbtest6  (cost=22.21..3687.55 rows=954 width=121)
	        Recheck Cond: ((id >= 1502456) AND (id <= 1503455))
	        ->  Bitmap Index Scan on sbtest6_pkey  (cost=0.00..21.97 rows=954 width=0)
	              Index Cond: ((id >= 1502456) AND (id <= 1503455))

table 7 : explain SELECT c FROM sbtest7 WHERE id BETWEEN 7961165 AND 7962164 ORDER BY c
	Sort  (cost=3573.49..3575.77 rows=912 width=121)
	  Sort Key: c
	  ->  Bitmap Heap Scan on sbtest7  (cost=21.78..3528.65 rows=912 width=121)
	        Recheck Cond: ((id >= 7961165) AND (id <= 7962164))
	        ->  Bitmap Index Scan on sbtest7_pkey  (cost=0.00..21.55 rows=912 width=0)
	              Index Cond: ((id >= 7961165) AND (id <= 7962164))

table 8 : explain SELECT c FROM sbtest8 WHERE id BETWEEN 9206144 AND 9207143 ORDER BY c
	Sort  (cost=3486.25..3488.47 rows=889 width=121)
	  Sort Key: c
	  ->  Bitmap Heap Scan on sbtest8  (cost=21.55..3442.71 rows=889 width=121)
	        Recheck Cond: ((id >= 9206144) AND (id <= 9207143))
	        ->  Bitmap Index Scan on sbtest8_pkey  (cost=0.00..21.32 rows=889 width=0)
	              Index Cond: ((id >= 9206144) AND (id <= 9207143))

for: simple_ranges
table 1 : explain SELECT c FROM sbtest1 WHERE id BETWEEN 3412960 AND 3413959
	Bitmap Heap Scan on sbtest1  (cost=22.65..3847.73 rows=997 width=121)
	  Recheck Cond: ((id >= 3412960) AND (id <= 3413959))
	  ->  Bitmap Index Scan on sbtest1_pkey  (cost=0.00..22.40 rows=997 width=0)
	        Index Cond: ((id >= 3412960) AND (id <= 3413959))

table 2 : explain SELECT c FROM sbtest2 WHERE id BETWEEN 164423 AND 165422
	Bitmap Heap Scan on sbtest2  (cost=22.35..3734.88 rows=967 width=121)
	  Recheck Cond: ((id >= 164423) AND (id <= 165422))
	  ->  Bitmap Index Scan on sbtest2_pkey  (cost=0.00..22.11 rows=967 width=0)
	        Index Cond: ((id >= 164423) AND (id <= 165422))

table 3 : explain SELECT c FROM sbtest3 WHERE id BETWEEN 4937793 AND 4938792
	Bitmap Heap Scan on sbtest3  (cost=23.63..4201.49 rows=1092 width=121)
	  Recheck Cond: ((id >= 4937793) AND (id <= 4938792))
	  ->  Bitmap Index Scan on sbtest3_pkey  (cost=0.00..23.36 rows=1092 width=0)
	        Index Cond: ((id >= 4937793) AND (id <= 4938792))

table 4 : explain SELECT c FROM sbtest4 WHERE id BETWEEN 6209051 AND 6210050
	Bitmap Heap Scan on sbtest4  (cost=22.51..3795.76 rows=983 width=121)
	  Recheck Cond: ((id >= 6209051) AND (id <= 6210050))
	  ->  Bitmap Index Scan on sbtest4_pkey  (cost=0.00..22.26 rows=983 width=0)
	        Index Cond: ((id >= 6209051) AND (id <= 6210050))

table 5 : explain SELECT c FROM sbtest5 WHERE id BETWEEN 6835971 AND 6836970
	Bitmap Heap Scan on sbtest5  (cost=21.78..3528.13 rows=912 width=121)
	  Recheck Cond: ((id >= 6835971) AND (id <= 6836970))
	  ->  Bitmap Index Scan on sbtest5_pkey  (cost=0.00..21.55 rows=912 width=0)
	        Index Cond: ((id >= 6835971) AND (id <= 6836970))

table 6 : explain SELECT c FROM sbtest6 WHERE id BETWEEN 3419792 AND 3420791
	Bitmap Heap Scan on sbtest6  (cost=22.76..3887.27 rows=1007 width=121)
	  Recheck Cond: ((id >= 3419792) AND (id <= 3420791))
	  ->  Bitmap Index Scan on sbtest6_pkey  (cost=0.00..22.50 rows=1007 width=0)
	        Index Cond: ((id >= 3419792) AND (id <= 3420791))

table 7 : explain SELECT c FROM sbtest7 WHERE id BETWEEN 205732 AND 206731
	Bitmap Heap Scan on sbtest7  (cost=22.16..3668.31 rows=949 width=121)
	  Recheck Cond: ((id >= 205732) AND (id <= 206731))
	  ->  Bitmap Index Scan on sbtest7_pkey  (cost=0.00..21.93 rows=949 width=0)
	        Index Cond: ((id >= 205732) AND (id <= 206731))

table 8 : explain SELECT c FROM sbtest8 WHERE id BETWEEN 5321148 AND 5322147
	Bitmap Heap Scan on sbtest8  (cost=22.97..3967.07 rows=1028 width=121)
	  Recheck Cond: ((id >= 5321148) AND (id <= 5322147))
	  ->  Bitmap Index Scan on sbtest8_pkey  (cost=0.00..22.71 rows=1028 width=0)
	        Index Cond: ((id >= 5321148) AND (id <= 5322147))

for: sum_ranges
table 1 : explain SELECT SUM(k) FROM sbtest1 WHERE id BETWEEN 6360054 AND 6361053
	Aggregate  (cost=3902.93..3902.94 rows=1 width=8)
	  ->  Bitmap Heap Scan on sbtest1  (cost=22.80..3900.41 rows=1011 width=4)
	        Recheck Cond: ((id >= 6360054) AND (id <= 6361053))
	        ->  Bitmap Index Scan on sbtest1_pkey  (cost=0.00..22.54 rows=1011 width=0)
	              Index Cond: ((id >= 6360054) AND (id <= 6361053))

table 2 : explain SELECT SUM(k) FROM sbtest2 WHERE id BETWEEN 2715144 AND 2716143
	Aggregate  (cost=4196.29..4196.30 rows=1 width=8)
	  ->  Bitmap Heap Scan on sbtest2  (cost=23.61..4193.57 rows=1090 width=4)
	        Recheck Cond: ((id >= 2715144) AND (id <= 2716143))
	        ->  Bitmap Index Scan on sbtest2_pkey  (cost=0.00..23.33 rows=1090 width=0)
	              Index Cond: ((id >= 2715144) AND (id <= 2716143))

table 3 : explain SELECT SUM(k) FROM sbtest3 WHERE id BETWEEN 2865031 AND 2866030
	Aggregate  (cost=4226.99..4227.00 rows=1 width=8)
	  ->  Bitmap Heap Scan on sbtest3  (cost=27.68..4224.24 rows=1097 width=4)
	        Recheck Cond: ((id >= 2865031) AND (id <= 2866030))
	        ->  Bitmap Index Scan on sbtest3_pkey  (cost=0.00..27.40 rows=1097 width=0)
	              Index Cond: ((id >= 2865031) AND (id <= 2866030))

table 4 : explain SELECT SUM(k) FROM sbtest4 WHERE id BETWEEN 400544 AND 401543
	Aggregate  (cost=3741.67..3741.68 rows=1 width=8)
	  ->  Bitmap Heap Scan on sbtest4  (cost=22.36..3739.25 rows=968 width=4)
	        Recheck Cond: ((id >= 400544) AND (id <= 401543))
	        ->  Bitmap Index Scan on sbtest4_pkey  (cost=0.00..22.11 rows=968 width=0)
	              Index Cond: ((id >= 400544) AND (id <= 401543))

table 5 : explain SELECT SUM(k) FROM sbtest5 WHERE id BETWEEN 6430595 AND 6431594
	Aggregate  (cost=3485.05..3485.06 rows=1 width=8)
	  ->  Bitmap Heap Scan on sbtest5  (cost=21.66..3482.80 rows=900 width=4)
	        Recheck Cond: ((id >= 6430595) AND (id <= 6431594))
	        ->  Bitmap Index Scan on sbtest5_pkey  (cost=0.00..21.43 rows=900 width=0)
	              Index Cond: ((id >= 6430595) AND (id <= 6431594))

table 6 : explain SELECT SUM(k) FROM sbtest6 WHERE id BETWEEN 6002152 AND 6003151
	Aggregate  (cost=3621.97..3621.98 rows=1 width=8)
	  ->  Bitmap Heap Scan on sbtest6  (cost=22.03..3619.63 rows=936 width=4)
	        Recheck Cond: ((id >= 6002152) AND (id <= 6003151))
	        ->  Bitmap Index Scan on sbtest6_pkey  (cost=0.00..21.79 rows=936 width=0)
	              Index Cond: ((id >= 6002152) AND (id <= 6003151))

table 7 : explain SELECT SUM(k) FROM sbtest7 WHERE id BETWEEN 85394 AND 86393
	Aggregate  (cost=3772.54..3772.55 rows=1 width=8)
	  ->  Bitmap Heap Scan on sbtest7  (cost=22.44..3770.10 rows=976 width=4)
	        Recheck Cond: ((id >= 85394) AND (id <= 86393))
	        ->  Bitmap Index Scan on sbtest7_pkey  (cost=0.00..22.19 rows=976 width=0)
	              Index Cond: ((id >= 85394) AND (id <= 86393))

table 8 : explain SELECT SUM(k) FROM sbtest8 WHERE id BETWEEN 5597306 AND 5598305
	Aggregate  (cost=3596.19..3596.20 rows=1 width=8)
	  ->  Bitmap Heap Scan on sbtest8  (cost=21.96..3593.87 rows=929 width=4)
	        Recheck Cond: ((id >= 5597306) AND (id <= 5598305))
	        ->  Bitmap Index Scan on sbtest8_pkey  (cost=0.00..21.72 rows=929 width=0)
	              Index Cond: ((id >= 5597306) AND (id <= 5598305))

for: distinct_ranges
table 1 : explain SELECT DISTINCT c FROM sbtest1 WHERE id BETWEEN 9314577 AND 9315576 ORDER BY c
	Unique  (cost=3992.86..3997.97 rows=1022 width=121)
	  ->  Sort  (cost=3992.86..3995.42 rows=1022 width=121)
	        Sort Key: c
	        ->  Bitmap Heap Scan on sbtest1  (cost=22.91..3941.78 rows=1022 width=121)
	              Recheck Cond: ((id >= 9314577) AND (id <= 9315576))
	              ->  Bitmap Index Scan on sbtest1_pkey  (cost=0.00..22.65 rows=1022 width=0)
	                    Index Cond: ((id >= 9314577) AND (id <= 9315576))

table 2 : explain SELECT DISTINCT c FROM sbtest2 WHERE id BETWEEN 146839 AND 147838 ORDER BY c
	Unique  (cost=3782.83..3787.66 rows=967 width=121)
	  ->  Sort  (cost=3782.83..3785.25 rows=967 width=121)
	        Sort Key: c
	        ->  Bitmap Heap Scan on sbtest2  (cost=22.35..3734.88 rows=967 width=121)
	              Recheck Cond: ((id >= 146839) AND (id <= 147838))
	              ->  Bitmap Index Scan on sbtest2_pkey  (cost=0.00..22.11 rows=967 width=0)
	                    Index Cond: ((id >= 146839) AND (id <= 147838))

table 3 : explain SELECT DISTINCT c FROM sbtest3 WHERE id BETWEEN 9975162 AND 9976161 ORDER BY c
	Unique  (cost=4092.58..4097.82 rows=1048 width=121)
	  ->  Sort  (cost=4092.58..4095.20 rows=1048 width=121)
	        Sort Key: c
	        ->  Bitmap Heap Scan on sbtest3  (cost=23.18..4040.01 rows=1048 width=121)
	              Recheck Cond: ((id >= 9975162) AND (id <= 9976161))
	              ->  Bitmap Index Scan on sbtest3_pkey  (cost=0.00..22.91 rows=1048 width=0)
	                    Index Cond: ((id >= 9975162) AND (id <= 9976161))

table 4 : explain SELECT DISTINCT c FROM sbtest4 WHERE id BETWEEN 5665230 AND 5666229 ORDER BY c
	Unique  (cost=3745.17..3749.96 rows=957 width=121)
	  ->  Sort  (cost=3745.17..3747.56 rows=957 width=121)
	        Sort Key: c
	        ->  Bitmap Heap Scan on sbtest4  (cost=22.24..3697.79 rows=957 width=121)
	              Recheck Cond: ((id >= 5665230) AND (id <= 5666229))
	              ->  Bitmap Index Scan on sbtest4_pkey  (cost=0.00..22.00 rows=957 width=0)
	                    Index Cond: ((id >= 5665230) AND (id <= 5666229))

table 5 : explain SELECT DISTINCT c FROM sbtest5 WHERE id BETWEEN 8085491 AND 8086490 ORDER BY c
	Unique  (cost=3795.03..3799.88 rows=970 width=121)
	  ->  Sort  (cost=3795.03..3797.46 rows=970 width=121)
	        Sort Key: c
	        ->  Bitmap Heap Scan on sbtest5  (cost=22.38..3746.91 rows=970 width=121)
	              Recheck Cond: ((id >= 8085491) AND (id <= 8086490))
	              ->  Bitmap Index Scan on sbtest5_pkey  (cost=0.00..22.14 rows=970 width=0)
	                    Index Cond: ((id >= 8085491) AND (id <= 8086490))

table 6 : explain SELECT DISTINCT c FROM sbtest6 WHERE id BETWEEN 6387790 AND 6388789 ORDER BY c
	Unique  (cost=4105.55..4110.80 rows=1051 width=121)
	  ->  Sort  (cost=4105.55..4108.18 rows=1051 width=121)
	        Sort Key: c
	        ->  Bitmap Heap Scan on sbtest6  (cost=23.21..4052.80 rows=1051 width=121)
	              Recheck Cond: ((id >= 6387790) AND (id <= 6388789))
	              ->  Bitmap Index Scan on sbtest6_pkey  (cost=0.00..22.94 rows=1051 width=0)
	                    Index Cond: ((id >= 6387790) AND (id <= 6388789))

table 7 : explain SELECT DISTINCT c FROM sbtest7 WHERE id BETWEEN 7966372 AND 7967371 ORDER BY c
	Unique  (cost=3573.49..3578.05 rows=912 width=121)
	  ->  Sort  (cost=3573.49..3575.77 rows=912 width=121)
	        Sort Key: c
	        ->  Bitmap Heap Scan on sbtest7  (cost=21.78..3528.65 rows=912 width=121)
	              Recheck Cond: ((id >= 7966372) AND (id <= 7967371))
	              ->  Bitmap Index Scan on sbtest7_pkey  (cost=0.00..21.55 rows=912 width=0)
	                    Index Cond: ((id >= 7966372) AND (id <= 7967371))

table 8 : explain SELECT DISTINCT c FROM sbtest8 WHERE id BETWEEN 499332 AND 500331 ORDER BY c
	Unique  (cost=3945.89..3950.93 rows=1009 width=121)
	  ->  Sort  (cost=3945.89..3948.41 rows=1009 width=121)
	        Sort Key: c
	        ->  Bitmap Heap Scan on sbtest8  (cost=22.78..3895.55 rows=1009 width=121)
	              Recheck Cond: ((id >= 499332) AND (id <= 500331))
	              ->  Bitmap Index Scan on sbtest8_pkey  (cost=0.00..22.52 rows=1009 width=0)
	                    Index Cond: ((id >= 499332) AND (id <= 500331))

explain: for point_selects :: explain SELECT c FROM sbtest%u WHERE id=%u
for: sum_ranges
table 1 : explain SELECT SUM(k) FROM sbtest1 WHERE id BETWEEN 8267061 AND 8268060
	Aggregate  (cost=4064.67..4064.68 rows=1 width=8)
	  ->  Bitmap Heap Scan on sbtest1  (cost=23.24..4062.03 rows=1054 width=4)
	        Recheck Cond: ((id >= 8267061) AND (id <= 8268060))
	        ->  Bitmap Index Scan on sbtest1_pkey  (cost=0.00..22.97 rows=1054 width=0)
	              Index Cond: ((id >= 8267061) AND (id <= 8268060))

table 2 : explain SELECT SUM(k) FROM sbtest2 WHERE id BETWEEN 953671 AND 954670
	Aggregate  (cost=4294.11..4294.12 rows=1 width=8)
	  ->  Bitmap Heap Scan on sbtest2  (cost=27.86..4291.32 rows=1115 width=4)
	        Recheck Cond: ((id >= 953671) AND (id <= 954670))
	        ->  Bitmap Index Scan on sbtest2_pkey  (cost=0.00..27.58 rows=1115 width=0)
	              Index Cond: ((id >= 953671) AND (id <= 954670))

table 3 : explain SELECT SUM(k) FROM sbtest3 WHERE id BETWEEN 9221006 AND 9222005
	Aggregate  (cost=3730.10..3730.11 rows=1 width=8)
	  ->  Bitmap Heap Scan on sbtest3  (cost=22.33..3727.69 rows=965 width=4)
	        Recheck Cond: ((id >= 9221006) AND (id <= 9222005))
	        ->  Bitmap Index Scan on sbtest3_pkey  (cost=0.00..22.08 rows=965 width=0)
	              Index Cond: ((id >= 9221006) AND (id <= 9222005))

table 4 : explain SELECT SUM(k) FROM sbtest4 WHERE id BETWEEN 5556795 AND 5557794
	Aggregate  (cost=3903.69..3903.70 rows=1 width=8)
	  ->  Bitmap Heap Scan on sbtest4  (cost=22.80..3901.16 rows=1011 width=4)
	        Recheck Cond: ((id >= 5556795) AND (id <= 5557794))
	        ->  Bitmap Index Scan on sbtest4_pkey  (cost=0.00..22.54 rows=1011 width=0)
	              Index Cond: ((id >= 5556795) AND (id <= 5557794))

table 5 : explain SELECT SUM(k) FROM sbtest5 WHERE id BETWEEN 6344185 AND 6345184
	Aggregate  (cost=3575.74..3575.75 rows=1 width=8)
	  ->  Bitmap Heap Scan on sbtest5  (cost=21.91..3573.43 rows=924 width=4)
	        Recheck Cond: ((id >= 6344185) AND (id <= 6345184))
	        ->  Bitmap Index Scan on sbtest5_pkey  (cost=0.00..21.68 rows=924 width=0)
	              Index Cond: ((id >= 6344185) AND (id <= 6345184))

table 6 : explain SELECT SUM(k) FROM sbtest6 WHERE id BETWEEN 8154175 AND 8155174
	Aggregate  (cost=3663.51..3663.52 rows=1 width=8)
	  ->  Bitmap Heap Scan on sbtest6  (cost=22.14..3661.14 rows=947 width=4)
	        Recheck Cond: ((id >= 8154175) AND (id <= 8155174))
	        ->  Bitmap Index Scan on sbtest6_pkey  (cost=0.00..21.90 rows=947 width=0)
	              Index Cond: ((id >= 8154175) AND (id <= 8155174))

table 7 : explain SELECT SUM(k) FROM sbtest7 WHERE id BETWEEN 2854287 AND 2855286
	Aggregate  (cost=3885.61..3885.62 rows=1 width=8)
	  ->  Bitmap Heap Scan on sbtest7  (cost=22.75..3883.09 rows=1006 width=4)
	        Recheck Cond: ((id >= 2854287) AND (id <= 2855286))
	        ->  Bitmap Index Scan on sbtest7_pkey  (cost=0.00..22.50 rows=1006 width=0)
	              Index Cond: ((id >= 2854287) AND (id <= 2855286))

table 8 : explain SELECT SUM(k) FROM sbtest8 WHERE id BETWEEN 1943373 AND 1944372
	Aggregate  (cost=3928.21..3928.22 rows=1 width=8)
	  ->  Bitmap Heap Scan on sbtest8  (cost=22.86..3925.67 rows=1017 width=4)
	        Recheck Cond: ((id >= 1943373) AND (id <= 1944372))
	        ->  Bitmap Index Scan on sbtest8_pkey  (cost=0.00..22.61 rows=1017 width=0)
	              Index Cond: ((id >= 1943373) AND (id <= 1944372))

for: order_ranges
table 1 : explain SELECT c FROM sbtest1 WHERE id BETWEEN 2610827 AND 2611826 ORDER BY c
	Sort  (cost=3958.50..3961.03 rows=1013 width=121)
	  Sort Key: c
	  ->  Bitmap Heap Scan on sbtest1  (cost=22.82..3907.93 rows=1013 width=121)
	        Recheck Cond: ((id >= 2610827) AND (id <= 2611826))
	        ->  Bitmap Index Scan on sbtest1_pkey  (cost=0.00..22.57 rows=1013 width=0)
	              Index Cond: ((id >= 2610827) AND (id <= 2611826))

table 2 : explain SELECT c FROM sbtest2 WHERE id BETWEEN 3339664 AND 3340663 ORDER BY c
	Sort  (cost=3790.48..3792.90 rows=969 width=121)
	  Sort Key: c
	  ->  Bitmap Heap Scan on sbtest2  (cost=22.37..3742.41 rows=969 width=121)
	        Recheck Cond: ((id >= 3339664) AND (id <= 3340663))
	        ->  Bitmap Index Scan on sbtest2_pkey  (cost=0.00..22.12 rows=969 width=0)
	              Index Cond: ((id >= 3339664) AND (id <= 3340663))

table 3 : explain SELECT c FROM sbtest3 WHERE id BETWEEN 2218247 AND 2219246 ORDER BY c
	Sort  (cost=3645.40..3647.72 rows=931 width=121)
	  Sort Key: c
	  ->  Bitmap Heap Scan on sbtest3  (cost=21.98..3599.49 rows=931 width=121)
	        Recheck Cond: ((id >= 2218247) AND (id <= 2219246))
	        ->  Bitmap Index Scan on sbtest3_pkey  (cost=0.00..21.75 rows=931 width=0)
	              Index Cond: ((id >= 2218247) AND (id <= 2219246))

table 4 : explain SELECT c FROM sbtest4 WHERE id BETWEEN 6277741 AND 6278740 ORDER BY c
	Sort  (cost=3622.66..3624.97 rows=925 width=121)
	  Sort Key: c
	  ->  Bitmap Heap Scan on sbtest4  (cost=21.92..3577.09 rows=925 width=121)
	        Recheck Cond: ((id >= 6277741) AND (id <= 6278740))
	        ->  Bitmap Index Scan on sbtest4_pkey  (cost=0.00..21.68 rows=925 width=0)
	              Index Cond: ((id >= 6277741) AND (id <= 6278740))

table 5 : explain SELECT c FROM sbtest5 WHERE id BETWEEN 5740457 AND 5741456 ORDER BY c
	Sort  (cost=4272.48..4275.22 rows=1095 width=121)
	  Sort Key: c
	  ->  Bitmap Heap Scan on sbtest5  (cost=27.66..4217.20 rows=1095 width=121)
	        Recheck Cond: ((id >= 5740457) AND (id <= 5741456))
	        ->  Bitmap Index Scan on sbtest5_pkey  (cost=0.00..27.39 rows=1095 width=0)
	              Index Cond: ((id >= 5740457) AND (id <= 5741456))

table 6 : explain SELECT c FROM sbtest6 WHERE id BETWEEN 7655792 AND 7656791 ORDER BY c
	Sort  (cost=3987.17..3989.72 rows=1020 width=121)
	  Sort Key: c
	  ->  Bitmap Heap Scan on sbtest6  (cost=22.89..3936.20 rows=1020 width=121)
	        Recheck Cond: ((id >= 7655792) AND (id <= 7656791))
	        ->  Bitmap Index Scan on sbtest6_pkey  (cost=0.00..22.64 rows=1020 width=0)
	              Index Cond: ((id >= 7655792) AND (id <= 7656791))

table 7 : explain SELECT c FROM sbtest7 WHERE id BETWEEN 7011620 AND 7012619 ORDER BY c
	Sort  (cost=3925.62..3928.13 rows=1004 width=121)
	  Sort Key: c
	  ->  Bitmap Heap Scan on sbtest7  (cost=22.73..3875.57 rows=1004 width=121)
	        Recheck Cond: ((id >= 7011620) AND (id <= 7012619))
	        ->  Bitmap Index Scan on sbtest7_pkey  (cost=0.00..22.47 rows=1004 width=0)
	              Index Cond: ((id >= 7011620) AND (id <= 7012619))

table 8 : explain SELECT c FROM sbtest8 WHERE id BETWEEN 9078690 AND 9079689 ORDER BY c
	Sort  (cost=3915.30..3917.80 rows=1001 width=121)
	  Sort Key: c
	  ->  Bitmap Heap Scan on sbtest8  (cost=22.70..3865.42 rows=1001 width=121)
	        Recheck Cond: ((id >= 9078690) AND (id <= 9079689))
	        ->  Bitmap Index Scan on sbtest8_pkey  (cost=0.00..22.44 rows=1001 width=0)
	              Index Cond: ((id >= 9078690) AND (id <= 9079689))

for point_selects
table 1 : explain SELECT c FROM sbtest1 WHERE id=4676599
	Index Scan using sbtest1_pkey on sbtest1  (cost=0.43..8.45 rows=1 width=121)
	  Index Cond: (id = 4676599)

table 2 : explain SELECT c FROM sbtest2 WHERE id=2791302
	Index Scan using sbtest2_pkey on sbtest2  (cost=0.43..8.45 rows=1 width=121)
	  Index Cond: (id = 2791302)

table 3 : explain SELECT c FROM sbtest3 WHERE id=8090617
	Index Scan using sbtest3_pkey on sbtest3  (cost=0.43..8.45 rows=1 width=121)
	  Index Cond: (id = 8090617)

table 4 : explain SELECT c FROM sbtest4 WHERE id=2477485
	Index Scan using sbtest4_pkey on sbtest4  (cost=0.43..8.45 rows=1 width=121)
	  Index Cond: (id = 2477485)

table 5 : explain SELECT c FROM sbtest5 WHERE id=5886163
	Index Scan using sbtest5_pkey on sbtest5  (cost=0.43..8.45 rows=1 width=121)
	  Index Cond: (id = 5886163)

table 6 : explain SELECT c FROM sbtest6 WHERE id=6112231
	Index Scan using sbtest6_pkey on sbtest6  (cost=0.43..8.45 rows=1 width=121)
	  Index Cond: (id = 6112231)

table 7 : explain SELECT c FROM sbtest7 WHERE id=7426320
	Index Scan using sbtest7_pkey on sbtest7  (cost=0.43..8.45 rows=1 width=121)
	  Index Cond: (id = 7426320)

table 8 : explain SELECT c FROM sbtest8 WHERE id=3952207
	Index Scan using sbtest8_pkey on sbtest8  (cost=0.43..8.45 rows=1 width=121)
	  Index Cond: (id = 3952207)

for: sum_ranges
table 1 : explain SELECT SUM(k) FROM sbtest1 WHERE id BETWEEN 2147641 AND 2148640
	Aggregate  (cost=3684.40..3684.41 rows=1 width=8)
	  ->  Bitmap Heap Scan on sbtest1  (cost=22.20..3682.01 rows=953 width=4)
	        Recheck Cond: ((id >= 2147641) AND (id <= 2148640))
	        ->  Bitmap Index Scan on sbtest1_pkey  (cost=0.00..21.96 rows=953 width=0)
	              Index Cond: ((id >= 2147641) AND (id <= 2148640))

table 2 : explain SELECT SUM(k) FROM sbtest2 WHERE id BETWEEN 3986237 AND 3987236
	Aggregate  (cost=3605.26..3605.27 rows=1 width=8)
	  ->  Bitmap Heap Scan on sbtest2  (cost=21.99..3602.93 rows=932 width=4)
	        Recheck Cond: ((id >= 3986237) AND (id <= 3987236))
	        ->  Bitmap Index Scan on sbtest2_pkey  (cost=0.00..21.75 rows=932 width=0)
	              Index Cond: ((id >= 3986237) AND (id <= 3987236))

table 3 : explain SELECT SUM(k) FROM sbtest3 WHERE id BETWEEN 1609154 AND 1610153
	Aggregate  (cost=4016.30..4016.31 rows=1 width=8)
	  ->  Bitmap Heap Scan on sbtest3  (cost=23.11..4013.70 rows=1041 width=4)
	        Recheck Cond: ((id >= 1609154) AND (id <= 1610153))
	        ->  Bitmap Index Scan on sbtest3_pkey  (cost=0.00..22.84 rows=1041 width=0)
	              Index Cond: ((id >= 1609154) AND (id <= 1610153))

table 4 : explain SELECT SUM(k) FROM sbtest4 WHERE id BETWEEN 4729030 AND 4730029
	Aggregate  (cost=3907.46..3907.47 rows=1 width=8)
	  ->  Bitmap Heap Scan on sbtest4  (cost=22.81..3904.93 rows=1012 width=4)
	        Recheck Cond: ((id >= 4729030) AND (id <= 4730029))
	        ->  Bitmap Index Scan on sbtest4_pkey  (cost=0.00..22.55 rows=1012 width=0)
	              Index Cond: ((id >= 4729030) AND (id <= 4730029))

table 5 : explain SELECT SUM(k) FROM sbtest5 WHERE id BETWEEN 3286376 AND 3287375
	Aggregate  (cost=3779.50..3779.51 rows=1 width=8)
	  ->  Bitmap Heap Scan on sbtest5  (cost=22.46..3777.05 rows=978 width=4)
	        Recheck Cond: ((id >= 3286376) AND (id <= 3287375))
	        ->  Bitmap Index Scan on sbtest5_pkey  (cost=0.00..22.21 rows=978 width=0)
	              Index Cond: ((id >= 3286376) AND (id <= 3287375))

table 6 : explain SELECT SUM(k) FROM sbtest6 WHERE id BETWEEN 8081137 AND 8082136
	Aggregate  (cost=3663.51..3663.52 rows=1 width=8)
	  ->  Bitmap Heap Scan on sbtest6  (cost=22.14..3661.14 rows=947 width=4)
	        Recheck Cond: ((id >= 8081137) AND (id <= 8082136))
	        ->  Bitmap Index Scan on sbtest6_pkey  (cost=0.00..21.90 rows=947 width=0)
	              Index Cond: ((id >= 8081137) AND (id <= 8082136))

table 7 : explain SELECT SUM(k) FROM sbtest7 WHERE id BETWEEN 3484282 AND 3485281
	Aggregate  (cost=3983.51..3983.52 rows=1 width=8)
	  ->  Bitmap Heap Scan on sbtest7  (cost=23.01..3980.93 rows=1032 width=4)
	        Recheck Cond: ((id >= 3484282) AND (id <= 3485281))
	        ->  Bitmap Index Scan on sbtest7_pkey  (cost=0.00..22.75 rows=1032 width=0)
	              Index Cond: ((id >= 3484282) AND (id <= 3485281))

table 8 : explain SELECT SUM(k) FROM sbtest8 WHERE id BETWEEN 5939547 AND 5940546
	Aggregate  (cost=3977.17..3977.18 rows=1 width=8)
	  ->  Bitmap Heap Scan on sbtest8  (cost=22.99..3974.60 rows=1030 width=4)
	        Recheck Cond: ((id >= 5939547) AND (id <= 5940546))
	        ->  Bitmap Index Scan on sbtest8_pkey  (cost=0.00..22.73 rows=1030 width=0)
	              Index Cond: ((id >= 5939547) AND (id <= 5940546))

explain: for point_selects :: explain SELECT c FROM sbtest%u WHERE id=%u
for: sum_ranges
table 1 : explain SELECT SUM(k) FROM sbtest1 WHERE id BETWEEN 8567970 AND 8568969
	Aggregate  (cost=3820.09..3820.10 rows=1 width=8)
	  ->  Bitmap Heap Scan on sbtest1  (cost=22.57..3817.62 rows=989 width=4)
	        Recheck Cond: ((id >= 8567970) AND (id <= 8568969))
	        ->  Bitmap Index Scan on sbtest1_pkey  (cost=0.00..22.32 rows=989 width=0)
	              Index Cond: ((id >= 8567970) AND (id <= 8568969))

table 2 : explain SELECT SUM(k) FROM sbtest2 WHERE id BETWEEN 394800 AND 395799
	Aggregate  (cost=3692.05..3692.06 rows=1 width=8)
	  ->  Bitmap Heap Scan on sbtest2  (cost=22.22..3689.66 rows=955 width=4)
	        Recheck Cond: ((id >= 394800) AND (id <= 395799))
	        ->  Bitmap Index Scan on sbtest2_pkey  (cost=0.00..21.98 rows=955 width=0)
	              Index Cond: ((id >= 394800) AND (id <= 395799))

table 3 : explain SELECT SUM(k) FROM sbtest3 WHERE id BETWEEN 6898761 AND 6899760
	Aggregate  (cost=3605.59..3605.60 rows=1 width=8)
	  ->  Bitmap Heap Scan on sbtest3  (cost=21.99..3603.26 rows=932 width=4)
	        Recheck Cond: ((id >= 6898761) AND (id <= 6899760))
	        ->  Bitmap Index Scan on sbtest3_pkey  (cost=0.00..21.75 rows=932 width=0)
	              Index Cond: ((id >= 6898761) AND (id <= 6899760))

table 4 : explain SELECT SUM(k) FROM sbtest4 WHERE id BETWEEN 3541317 AND 3542316
	Aggregate  (cost=3903.69..3903.70 rows=1 width=8)
	  ->  Bitmap Heap Scan on sbtest4  (cost=22.80..3901.16 rows=1011 width=4)
	        Recheck Cond: ((id >= 3541317) AND (id <= 3542316))
	        ->  Bitmap Index Scan on sbtest4_pkey  (cost=0.00..22.54 rows=1011 width=0)
	              Index Cond: ((id >= 3541317) AND (id <= 3542316))

table 5 : explain SELECT SUM(k) FROM sbtest5 WHERE id BETWEEN 1788306 AND 1789305
	Aggregate  (cost=3481.27..3481.28 rows=1 width=8)
	  ->  Bitmap Heap Scan on sbtest5  (cost=21.65..3479.03 rows=899 width=4)
	        Recheck Cond: ((id >= 1788306) AND (id <= 1789305))
	        ->  Bitmap Index Scan on sbtest5_pkey  (cost=0.00..21.43 rows=899 width=0)
	              Index Cond: ((id >= 1788306) AND (id <= 1789305))

table 6 : explain SELECT SUM(k) FROM sbtest6 WHERE id BETWEEN 3148507 AND 3149506
	Aggregate  (cost=4141.92..4141.93 rows=1 width=8)
	  ->  Bitmap Heap Scan on sbtest6  (cost=23.44..4139.23 rows=1074 width=4)
	        Recheck Cond: ((id >= 3148507) AND (id <= 3149506))
	        ->  Bitmap Index Scan on sbtest6_pkey  (cost=0.00..23.18 rows=1074 width=0)
	              Index Cond: ((id >= 3148507) AND (id <= 3149506))

table 7 : explain SELECT SUM(k) FROM sbtest7 WHERE id BETWEEN 3022315 AND 3023314
	Aggregate  (cost=4032.42..4032.43 rows=1 width=8)
	  ->  Bitmap Heap Scan on sbtest7  (cost=23.15..4029.81 rows=1045 width=4)
	        Recheck Cond: ((id >= 3022315) AND (id <= 3023314))
	        ->  Bitmap Index Scan on sbtest7_pkey  (cost=0.00..22.89 rows=1045 width=0)
	              Index Cond: ((id >= 3022315) AND (id <= 3023314))

table 8 : explain SELECT SUM(k) FROM sbtest8 WHERE id BETWEEN 7349579 AND 7350578
	Aggregate  (cost=3641.52..3641.53 rows=1 width=8)
	  ->  Bitmap Heap Scan on sbtest8  (cost=22.08..3639.17 rows=941 width=4)
	        Recheck Cond: ((id >= 7349579) AND (id <= 7350578))
	        ->  Bitmap Index Scan on sbtest8_pkey  (cost=0.00..21.84 rows=941 width=0)
	              Index Cond: ((id >= 7349579) AND (id <= 7350578))

explain: for point_selects :: explain SELECT c FROM sbtest%u WHERE id=%u
for: simple_ranges
table 1 : explain SELECT c FROM sbtest1 WHERE id BETWEEN 4109626 AND 4110625
	Bitmap Heap Scan on sbtest1  (cost=22.95..3956.81 rows=1026 width=121)
	  Recheck Cond: ((id >= 4109626) AND (id <= 4110625))
	  ->  Bitmap Index Scan on sbtest1_pkey  (cost=0.00..22.69 rows=1026 width=0)
	        Index Cond: ((id >= 4109626) AND (id <= 4110625))

table 2 : explain SELECT c FROM sbtest2 WHERE id BETWEEN 1337882 AND 1338881
	Bitmap Heap Scan on sbtest2  (cost=23.45..4141.01 rows=1075 width=121)
	  Recheck Cond: ((id >= 1337882) AND (id <= 1338881))
	  ->  Bitmap Index Scan on sbtest2_pkey  (cost=0.00..23.18 rows=1075 width=0)
	        Index Cond: ((id >= 1337882) AND (id <= 1338881))

table 3 : explain SELECT c FROM sbtest3 WHERE id BETWEEN 1784706 AND 1785705
	Bitmap Heap Scan on sbtest3  (cost=22.03..3618.35 rows=936 width=121)
	  Recheck Cond: ((id >= 1784706) AND (id <= 1785705))
	  ->  Bitmap Index Scan on sbtest3_pkey  (cost=0.00..21.79 rows=936 width=0)
	        Index Cond: ((id >= 1784706) AND (id <= 1785705))

table 4 : explain SELECT c FROM sbtest4 WHERE id BETWEEN 863611 AND 864610
	Bitmap Heap Scan on sbtest4  (cost=22.49..3788.22 rows=981 width=121)
	  Recheck Cond: ((id >= 863611) AND (id <= 864610))
	  ->  Bitmap Index Scan on sbtest4_pkey  (cost=0.00..22.25 rows=981 width=0)
	        Index Cond: ((id >= 863611) AND (id <= 864610))

table 5 : explain SELECT c FROM sbtest5 WHERE id BETWEEN 5308810 AND 5309809
	Bitmap Heap Scan on sbtest5  (cost=22.92..3946.44 rows=1023 width=121)
	  Recheck Cond: ((id >= 5308810) AND (id <= 5309809))
	  ->  Bitmap Index Scan on sbtest5_pkey  (cost=0.00..22.66 rows=1023 width=0)
	        Index Cond: ((id >= 5308810) AND (id <= 5309809))

table 6 : explain SELECT c FROM sbtest6 WHERE id BETWEEN 1604909 AND 1605908
	Bitmap Heap Scan on sbtest6  (cost=22.46..3778.03 rows=978 width=121)
	  Recheck Cond: ((id >= 1604909) AND (id <= 1605908))
	  ->  Bitmap Index Scan on sbtest6_pkey  (cost=0.00..22.21 rows=978 width=0)
	        Index Cond: ((id >= 1604909) AND (id <= 1605908))

table 7 : explain SELECT c FROM sbtest7 WHERE id BETWEEN 1934438 AND 1935437
	Bitmap Heap Scan on sbtest7  (cost=22.20..3683.40 rows=953 width=121)
	  Recheck Cond: ((id >= 1934438) AND (id <= 1935437))
	  ->  Bitmap Index Scan on sbtest7_pkey  (cost=0.00..21.96 rows=953 width=0)
	        Index Cond: ((id >= 1934438) AND (id <= 1935437))

table 8 : explain SELECT c FROM sbtest8 WHERE id BETWEEN 4327669 AND 4328668
	Bitmap Heap Scan on sbtest8  (cost=22.06..3631.62 rows=939 width=121)
	  Recheck Cond: ((id >= 4327669) AND (id <= 4328668))
	  ->  Bitmap Index Scan on sbtest8_pkey  (cost=0.00..21.82 rows=939 width=0)
	        Index Cond: ((id >= 4327669) AND (id <= 4328668))

for: order_ranges
table 1 : explain SELECT c FROM sbtest1 WHERE id BETWEEN 4445641 AND 4446640 ORDER BY c
	Sort  (cost=4153.08..4155.74 rows=1064 width=121)
	  Sort Key: c
	  ->  Bitmap Heap Scan on sbtest1  (cost=23.34..4099.59 rows=1064 width=121)
	        Recheck Cond: ((id >= 4445641) AND (id <= 4446640))
	        ->  Bitmap Index Scan on sbtest1_pkey  (cost=0.00..23.07 rows=1064 width=0)
	              Index Cond: ((id >= 4445641) AND (id <= 4446640))

table 2 : explain SELECT c FROM sbtest2 WHERE id BETWEEN 560242 AND 561241 ORDER BY c
	Sort  (cost=3648.90..3651.23 rows=932 width=121)
	  Sort Key: c
	  ->  Bitmap Heap Scan on sbtest2  (cost=21.99..3602.93 rows=932 width=121)
	        Recheck Cond: ((id >= 560242) AND (id <= 561241))
	        ->  Bitmap Index Scan on sbtest2_pkey  (cost=0.00..21.75 rows=932 width=0)
	              Index Cond: ((id >= 560242) AND (id <= 561241))

table 3 : explain SELECT c FROM sbtest3 WHERE id BETWEEN 8563352 AND 8564351 ORDER BY c
	Sort  (cost=3557.29..3559.56 rows=908 width=121)
	  Sort Key: c
	  ->  Bitmap Heap Scan on sbtest3  (cost=21.74..3512.67 rows=908 width=121)
	        Recheck Cond: ((id >= 8563352) AND (id <= 8564351))
	        ->  Bitmap Index Scan on sbtest3_pkey  (cost=0.00..21.51 rows=908 width=0)
	              Index Cond: ((id >= 8563352) AND (id <= 8564351))

table 4 : explain SELECT c FROM sbtest4 WHERE id BETWEEN 5832890 AND 5833889 ORDER BY c
	Sort  (cost=4119.57..4122.21 rows=1055 width=121)
	  Sort Key: c
	  ->  Bitmap Heap Scan on sbtest4  (cost=23.25..4066.60 rows=1055 width=121)
	        Recheck Cond: ((id >= 5832890) AND (id <= 5833889))
	        ->  Bitmap Index Scan on sbtest4_pkey  (cost=0.00..22.98 rows=1055 width=0)
	              Index Cond: ((id >= 5832890) AND (id <= 5833889))

table 5 : explain SELECT c FROM sbtest5 WHERE id BETWEEN 4531321 AND 4532320 ORDER BY c
	Sort  (cost=3752.95..3755.35 rows=959 width=121)
	  Sort Key: c
	  ->  Bitmap Heap Scan on sbtest5  (cost=22.26..3705.45 rows=959 width=121)
	        Recheck Cond: ((id >= 4531321) AND (id <= 4532320))
	        ->  Bitmap Index Scan on sbtest5_pkey  (cost=0.00..22.02 rows=959 width=0)
	              Index Cond: ((id >= 4531321) AND (id <= 4532320))

table 6 : explain SELECT c FROM sbtest6 WHERE id BETWEEN 3841782 AND 3842781 ORDER BY c
	Sort  (cost=3883.98..3886.46 rows=993 width=121)
	  Sort Key: c
	  ->  Bitmap Heap Scan on sbtest6  (cost=22.61..3834.55 rows=993 width=121)
	        Recheck Cond: ((id >= 3841782) AND (id <= 3842781))
	        ->  Bitmap Index Scan on sbtest6_pkey  (cost=0.00..22.36 rows=993 width=0)
	              Index Cond: ((id >= 3841782) AND (id <= 3842781))

table 7 : explain SELECT c FROM sbtest7 WHERE id BETWEEN 6433402 AND 6434401 ORDER BY c
	Sort  (cost=4097.48..4100.10 rows=1049 width=121)
	  Sort Key: c
	  ->  Bitmap Heap Scan on sbtest7  (cost=23.19..4044.85 rows=1049 width=121)
	        Recheck Cond: ((id >= 6433402) AND (id <= 6434401))
	        ->  Bitmap Index Scan on sbtest7_pkey  (cost=0.00..22.93 rows=1049 width=0)
	              Index Cond: ((id >= 6433402) AND (id <= 6434401))

table 8 : explain SELECT c FROM sbtest8 WHERE id BETWEEN 8825248 AND 8826247 ORDER BY c
	Sort  (cost=3861.76..3864.22 rows=987 width=121)
	  Sort Key: c
	  ->  Bitmap Heap Scan on sbtest8  (cost=22.55..3812.67 rows=987 width=121)
	        Recheck Cond: ((id >= 8825248) AND (id <= 8826247))
	        ->  Bitmap Index Scan on sbtest8_pkey  (cost=0.00..22.30 rows=987 width=0)
	              Index Cond: ((id >= 8825248) AND (id <= 8826247))

for: order_ranges
table 1 : explain SELECT c FROM sbtest1 WHERE id BETWEEN 8212211 AND 8213210 ORDER BY c
	Sort  (cost=3744.47..3746.87 rows=957 width=121)
	  Sort Key: c
	  ->  Bitmap Heap Scan on sbtest1  (cost=22.24..3697.09 rows=957 width=121)
	        Recheck Cond: ((id >= 8212211) AND (id <= 8213210))
	        ->  Bitmap Index Scan on sbtest1_pkey  (cost=0.00..22.00 rows=957 width=0)
	              Index Cond: ((id >= 8212211) AND (id <= 8213210))

table 2 : explain SELECT c FROM sbtest2 WHERE id BETWEEN 3485280 AND 3486279 ORDER BY c
	Sort  (cost=3878.40..3880.88 rows=992 width=121)
	  Sort Key: c
	  ->  Bitmap Heap Scan on sbtest2  (cost=22.60..3829.03 rows=992 width=121)
	        Recheck Cond: ((id >= 3485280) AND (id <= 3486279))
	        ->  Bitmap Index Scan on sbtest2_pkey  (cost=0.00..22.36 rows=992 width=0)
	              Index Cond: ((id >= 3485280) AND (id <= 3486279))

table 3 : explain SELECT c FROM sbtest3 WHERE id BETWEEN 7087270 AND 7088269 ORDER BY c
	Sort  (cost=3955.17..3957.70 rows=1012 width=121)
	  Sort Key: c
	  ->  Bitmap Heap Scan on sbtest3  (cost=22.81..3904.65 rows=1012 width=121)
	        Recheck Cond: ((id >= 7087270) AND (id <= 7088269))
	        ->  Bitmap Index Scan on sbtest3_pkey  (cost=0.00..22.55 rows=1012 width=0)
	              Index Cond: ((id >= 7087270) AND (id <= 7088269))

table 4 : explain SELECT c FROM sbtest4 WHERE id BETWEEN 9311839 AND 9312838 ORDER BY c
	Sort  (cost=3943.98..3946.50 rows=1009 width=121)
	  Sort Key: c
	  ->  Bitmap Heap Scan on sbtest4  (cost=22.78..3893.64 rows=1009 width=121)
	        Recheck Cond: ((id >= 9311839) AND (id <= 9312838))
	        ->  Bitmap Index Scan on sbtest4_pkey  (cost=0.00..22.52 rows=1009 width=0)
	              Index Cond: ((id >= 9311839) AND (id <= 9312838))

table 5 : explain SELECT c FROM sbtest5 WHERE id BETWEEN 1259665 AND 1260664 ORDER BY c
	Sort  (cost=4199.80..4202.49 rows=1076 width=121)
	  Sort Key: c
	  ->  Bitmap Heap Scan on sbtest5  (cost=23.46..4145.61 rows=1076 width=121)
	        Recheck Cond: ((id >= 1259665) AND (id <= 1260664))
	        ->  Bitmap Index Scan on sbtest5_pkey  (cost=0.00..23.19 rows=1076 width=0)
	              Index Cond: ((id >= 1259665) AND (id <= 1260664))

table 6 : explain SELECT c FROM sbtest6 WHERE id BETWEEN 3719173 AND 3720172 ORDER BY c
	Sort  (cost=4120.82..4123.45 rows=1055 width=121)
	  Sort Key: c
	  ->  Bitmap Heap Scan on sbtest6  (cost=23.25..4067.84 rows=1055 width=121)
	        Recheck Cond: ((id >= 3719173) AND (id <= 3720172))
	        ->  Bitmap Index Scan on sbtest6_pkey  (cost=0.00..22.98 rows=1055 width=0)
	              Index Cond: ((id >= 3719173) AND (id <= 3720172))

table 7 : explain SELECT c FROM sbtest7 WHERE id BETWEEN 6850036 AND 6851035 ORDER BY c
	Sort  (cost=4192.85..4195.53 rows=1074 width=121)
	  Sort Key: c
	  ->  Bitmap Heap Scan on sbtest7  (cost=23.44..4138.78 rows=1074 width=121)
	        Recheck Cond: ((id >= 6850036) AND (id <= 6851035))
	        ->  Bitmap Index Scan on sbtest7_pkey  (cost=0.00..23.18 rows=1074 width=0)
	              Index Cond: ((id >= 6850036) AND (id <= 6851035))

table 8 : explain SELECT c FROM sbtest8 WHERE id BETWEEN 9788301 AND 9789300 ORDER BY c
	Sort  (cost=3616.66..3618.97 rows=923 width=121)
	  Sort Key: c
	  ->  Bitmap Heap Scan on sbtest8  (cost=21.90..3571.21 rows=923 width=121)
	        Recheck Cond: ((id >= 9788301) AND (id <= 9789300))
	        ->  Bitmap Index Scan on sbtest8_pkey  (cost=0.00..21.66 rows=923 width=0)
	              Index Cond: ((id >= 9788301) AND (id <= 9789300))

explain: for point_selects :: explain SELECT c FROM sbtest%u WHERE id=%u
explain: for point_selects :: explain SELECT c FROM sbtest%u WHERE id=%u
for: distinct_ranges
table 1 : explain SELECT DISTINCT c FROM sbtest1 WHERE id BETWEEN 2945495 AND 2946494 ORDER BY c
	Unique  (cost=3541.55..3546.07 rows=904 width=121)
	  ->  Sort  (cost=3541.55..3543.81 rows=904 width=121)
	        Sort Key: c
	        ->  Bitmap Heap Scan on sbtest1  (cost=21.70..3497.16 rows=904 width=121)
	              Recheck Cond: ((id >= 2945495) AND (id <= 2946494))
	              ->  Bitmap Index Scan on sbtest1_pkey  (cost=0.00..21.47 rows=904 width=0)
	                    Index Cond: ((id >= 2945495) AND (id <= 2946494))

table 2 : explain SELECT DISTINCT c FROM sbtest2 WHERE id BETWEEN 7886235 AND 7887234 ORDER BY c
	Unique  (cost=3725.45..3730.21 rows=952 width=121)
	  ->  Sort  (cost=3725.45..3727.83 rows=952 width=121)
	        Sort Key: c
	        ->  Bitmap Heap Scan on sbtest2  (cost=22.19..3678.35 rows=952 width=121)
	              Recheck Cond: ((id >= 7886235) AND (id <= 7887234))
	              ->  Bitmap Index Scan on sbtest2_pkey  (cost=0.00..21.95 rows=952 width=0)
	                    Index Cond: ((id >= 7886235) AND (id <= 7887234))

table 3 : explain SELECT DISTINCT c FROM sbtest3 WHERE id BETWEEN 723785 AND 724784 ORDER BY c
	Unique  (cost=3526.62..3531.12 rows=900 width=121)
	  ->  Sort  (cost=3526.62..3528.87 rows=900 width=121)
	        Sort Key: c
	        ->  Bitmap Heap Scan on sbtest3  (cost=21.66..3482.46 rows=900 width=121)
	              Recheck Cond: ((id >= 723785) AND (id <= 724784))
	              ->  Bitmap Index Scan on sbtest3_pkey  (cost=0.00..21.43 rows=900 width=0)
	                    Index Cond: ((id >= 723785) AND (id <= 724784))

table 4 : explain SELECT DISTINCT c FROM sbtest4 WHERE id BETWEEN 7565792 AND 7566791 ORDER BY c
	Unique  (cost=3714.55..3719.30 rows=949 width=121)
	  ->  Sort  (cost=3714.55..3716.93 rows=949 width=121)
	        Sort Key: c
	        ->  Bitmap Heap Scan on sbtest4  (cost=22.16..3667.63 rows=949 width=121)
	              Recheck Cond: ((id >= 7565792) AND (id <= 7566791))
	              ->  Bitmap Index Scan on sbtest4_pkey  (cost=0.00..21.93 rows=949 width=0)
	                    Index Cond: ((id >= 7565792) AND (id <= 7566791))

table 5 : explain SELECT DISTINCT c FROM sbtest5 WHERE id BETWEEN 181928 AND 182927 ORDER BY c
	Unique  (cost=3737.64..3742.42 rows=955 width=121)
	  ->  Sort  (cost=3737.64..3740.03 rows=955 width=121)
	        Sort Key: c
	        ->  Bitmap Heap Scan on sbtest5  (cost=22.22..3690.37 rows=955 width=121)
	              Recheck Cond: ((id >= 181928) AND (id <= 182927))
	              ->  Bitmap Index Scan on sbtest5_pkey  (cost=0.00..21.98 rows=955 width=0)
	                    Index Cond: ((id >= 181928) AND (id <= 182927))

table 6 : explain SELECT DISTINCT c FROM sbtest6 WHERE id BETWEEN 9065864 AND 9066863 ORDER BY c
	Unique  (cost=3818.96..3823.84 rows=976 width=121)
	  ->  Sort  (cost=3818.96..3821.40 rows=976 width=121)
	        Sort Key: c
	        ->  Bitmap Heap Scan on sbtest6  (cost=22.44..3770.50 rows=976 width=121)
	              Recheck Cond: ((id >= 9065864) AND (id <= 9066863))
	              ->  Bitmap Index Scan on sbtest6_pkey  (cost=0.00..22.19 rows=976 width=0)
	                    Index Cond: ((id >= 9065864) AND (id <= 9066863))

table 7 : explain SELECT DISTINCT c FROM sbtest7 WHERE id BETWEEN 7233964 AND 7234963 ORDER BY c
	Unique  (cost=4177.60..4182.95 rows=1070 width=121)
	  ->  Sort  (cost=4177.60..4180.27 rows=1070 width=121)
	        Sort Key: c
	        ->  Bitmap Heap Scan on sbtest7  (cost=23.40..4123.76 rows=1070 width=121)
	              Recheck Cond: ((id >= 7233964) AND (id <= 7234963))
	              ->  Bitmap Index Scan on sbtest7_pkey  (cost=0.00..23.14 rows=1070 width=0)
	                    Index Cond: ((id >= 7233964) AND (id <= 7234963))

table 8 : explain SELECT DISTINCT c FROM sbtest8 WHERE id BETWEEN 45938 AND 46937 ORDER BY c
	Unique  (cost=3934.42..3939.45 rows=1006 width=121)
	  ->  Sort  (cost=3934.42..3936.93 rows=1006 width=121)
	        Sort Key: c
	        ->  Bitmap Heap Scan on sbtest8  (cost=22.75..3884.25 rows=1006 width=121)
	              Recheck Cond: ((id >= 45938) AND (id <= 46937))
	              ->  Bitmap Index Scan on sbtest8_pkey  (cost=0.00..22.50 rows=1006 width=0)
	                    Index Cond: ((id >= 45938) AND (id <= 46937))

explain: for point_selects :: explain SELECT c FROM sbtest%u WHERE id=%u
for: sum_ranges
table 1 : explain SELECT SUM(k) FROM sbtest1 WHERE id BETWEEN 7727321 AND 7728320
	Aggregate  (cost=4042.11..4042.12 rows=1 width=8)
	  ->  Bitmap Heap Scan on sbtest1  (cost=23.18..4039.49 rows=1048 width=4)
	        Recheck Cond: ((id >= 7727321) AND (id <= 7728320))
	        ->  Bitmap Index Scan on sbtest1_pkey  (cost=0.00..22.91 rows=1048 width=0)
	              Index Cond: ((id >= 7727321) AND (id <= 7728320))

table 2 : explain SELECT SUM(k) FROM sbtest2 WHERE id BETWEEN 7903513 AND 7904512
	Aggregate  (cost=3910.58..3910.59 rows=1 width=8)
	  ->  Bitmap Heap Scan on sbtest2  (cost=22.82..3908.04 rows=1013 width=4)
	        Recheck Cond: ((id >= 7903513) AND (id <= 7904512))
	        ->  Bitmap Index Scan on sbtest2_pkey  (cost=0.00..22.57 rows=1013 width=0)
	              Index Cond: ((id >= 7903513) AND (id <= 7904512))

table 3 : explain SELECT SUM(k) FROM sbtest3 WHERE id BETWEEN 5119710 AND 5120709
	Aggregate  (cost=3658.43..3658.44 rows=1 width=8)
	  ->  Bitmap Heap Scan on sbtest3  (cost=22.13..3656.06 rows=946 width=4)
	        Recheck Cond: ((id >= 5119710) AND (id <= 5120709))
	        ->  Bitmap Index Scan on sbtest3_pkey  (cost=0.00..21.89 rows=946 width=0)
	              Index Cond: ((id >= 5119710) AND (id <= 5120709))

table 4 : explain SELECT SUM(k) FROM sbtest4 WHERE id BETWEEN 2750390 AND 2751389
	Aggregate  (cost=3817.06..3817.07 rows=1 width=8)
	  ->  Bitmap Heap Scan on sbtest4  (cost=22.56..3814.59 rows=988 width=4)
	        Recheck Cond: ((id >= 2750390) AND (id <= 2751389))
	        ->  Bitmap Index Scan on sbtest4_pkey  (cost=0.00..22.32 rows=988 width=0)
	              Index Cond: ((id >= 2750390) AND (id <= 2751389))

table 5 : explain SELECT SUM(k) FROM sbtest5 WHERE id BETWEEN 7335211 AND 7336210
	Aggregate  (cost=3971.58..3971.59 rows=1 width=8)
	  ->  Bitmap Heap Scan on sbtest5  (cost=22.98..3969.01 rows=1029 width=4)
	        Recheck Cond: ((id >= 7335211) AND (id <= 7336210))
	        ->  Bitmap Index Scan on sbtest5_pkey  (cost=0.00..22.72 rows=1029 width=0)
	              Index Cond: ((id >= 7335211) AND (id <= 7336210))

table 6 : explain SELECT SUM(k) FROM sbtest6 WHERE id BETWEEN 5342011 AND 5343010
	Aggregate  (cost=4006.52..4006.53 rows=1 width=8)
	  ->  Bitmap Heap Scan on sbtest6  (cost=23.07..4003.92 rows=1038 width=4)
	        Recheck Cond: ((id >= 5342011) AND (id <= 5343010))
	        ->  Bitmap Index Scan on sbtest6_pkey  (cost=0.00..22.82 rows=1038 width=0)
	              Index Cond: ((id >= 5342011) AND (id <= 5343010))

table 7 : explain SELECT SUM(k) FROM sbtest7 WHERE id BETWEEN 4357037 AND 4358036
	Aggregate  (cost=3481.79..3481.80 rows=1 width=8)
	  ->  Bitmap Heap Scan on sbtest7  (cost=21.65..3479.54 rows=899 width=4)
	        Recheck Cond: ((id >= 4357037) AND (id <= 4358036))
	        ->  Bitmap Index Scan on sbtest7_pkey  (cost=0.00..21.43 rows=899 width=0)
	              Index Cond: ((id >= 4357037) AND (id <= 4358036))

table 8 : explain SELECT SUM(k) FROM sbtest8 WHERE id BETWEEN 8400758 AND 8401757
	Aggregate  (cost=3916.91..3916.92 rows=1 width=8)
	  ->  Bitmap Heap Scan on sbtest8  (cost=22.83..3914.37 rows=1014 width=4)
	        Recheck Cond: ((id >= 8400758) AND (id <= 8401757))
	        ->  Bitmap Index Scan on sbtest8_pkey  (cost=0.00..22.57 rows=1014 width=0)
	              Index Cond: ((id >= 8400758) AND (id <= 8401757))

explain: for point_selects :: explain SELECT c FROM sbtest%u WHERE id=%u
for point_selects
table 1 : explain SELECT c FROM sbtest1 WHERE id=2984576
	Index Scan using sbtest1_pkey on sbtest1  (cost=0.43..8.45 rows=1 width=121)
	  Index Cond: (id = 2984576)

table 2 : explain SELECT c FROM sbtest2 WHERE id=2480033
	Index Scan using sbtest2_pkey on sbtest2  (cost=0.43..8.45 rows=1 width=121)
	  Index Cond: (id = 2480033)

table 3 : explain SELECT c FROM sbtest3 WHERE id=2239994
	Index Scan using sbtest3_pkey on sbtest3  (cost=0.43..8.45 rows=1 width=121)
	  Index Cond: (id = 2239994)

table 4 : explain SELECT c FROM sbtest4 WHERE id=2717192
	Index Scan using sbtest4_pkey on sbtest4  (cost=0.43..8.45 rows=1 width=121)
	  Index Cond: (id = 2717192)

table 5 : explain SELECT c FROM sbtest5 WHERE id=3491811
	Index Scan using sbtest5_pkey on sbtest5  (cost=0.43..8.45 rows=1 width=121)
	  Index Cond: (id = 3491811)

table 6 : explain SELECT c FROM sbtest6 WHERE id=3520371
	Index Scan using sbtest6_pkey on sbtest6  (cost=0.43..8.45 rows=1 width=121)
	  Index Cond: (id = 3520371)

table 7 : explain SELECT c FROM sbtest7 WHERE id=8212423
	Index Scan using sbtest7_pkey on sbtest7  (cost=0.43..8.45 rows=1 width=121)
	  Index Cond: (id = 8212423)

table 8 : explain SELECT c FROM sbtest8 WHERE id=5534842
	Index Scan using sbtest8_pkey on sbtest8  (cost=0.43..8.45 rows=1 width=121)
	  Index Cond: (id = 5534842)

for: order_ranges
table 1 : explain SELECT c FROM sbtest1 WHERE id BETWEEN 7249132 AND 7250131 ORDER BY c
	Sort  (cost=4004.31..4006.87 rows=1025 width=121)
	  Sort Key: c
	  ->  Bitmap Heap Scan on sbtest1  (cost=22.94..3953.05 rows=1025 width=121)
	        Recheck Cond: ((id >= 7249132) AND (id <= 7250131))
	        ->  Bitmap Index Scan on sbtest1_pkey  (cost=0.00..22.68 rows=1025 width=0)
	              Index Cond: ((id >= 7249132) AND (id <= 7250131))

table 2 : explain SELECT c FROM sbtest2 WHERE id BETWEEN 4024080 AND 4025079 ORDER BY c
	Sort  (cost=4137.95..4140.60 rows=1060 width=121)
	  Sort Key: c
	  ->  Bitmap Heap Scan on sbtest2  (cost=23.30..4084.69 rows=1060 width=121)
	        Recheck Cond: ((id >= 4024080) AND (id <= 4025079))
	        ->  Bitmap Index Scan on sbtest2_pkey  (cost=0.00..23.04 rows=1060 width=0)
	              Index Cond: ((id >= 4024080) AND (id <= 4025079))

table 3 : explain SELECT c FROM sbtest3 WHERE id BETWEEN 7190101 AND 7191100 ORDER BY c
	Sort  (cost=4233.65..4236.36 rows=1085 width=121)
	  Sort Key: c
	  ->  Bitmap Heap Scan on sbtest3  (cost=23.56..4178.95 rows=1085 width=121)
	        Recheck Cond: ((id >= 7190101) AND (id <= 7191100))
	        ->  Bitmap Index Scan on sbtest3_pkey  (cost=0.00..23.29 rows=1085 width=0)
	              Index Cond: ((id >= 7190101) AND (id <= 7191100))

table 4 : explain SELECT c FROM sbtest4 WHERE id BETWEEN 4140453 AND 4141452 ORDER BY c
	Sort  (cost=4142.46..4145.11 rows=1061 width=121)
	  Sort Key: c
	  ->  Bitmap Heap Scan on sbtest4  (cost=23.31..4089.14 rows=1061 width=121)
	        Recheck Cond: ((id >= 4140453) AND (id <= 4141452))
	        ->  Bitmap Index Scan on sbtest4_pkey  (cost=0.00..23.04 rows=1061 width=0)
	              Index Cond: ((id >= 4140453) AND (id <= 4141452))

table 5 : explain SELECT c FROM sbtest5 WHERE id BETWEEN 9960002 AND 9961001 ORDER BY c
	Sort  (cost=3844.75..3847.20 rows=983 width=121)
	  Sort Key: c
	  ->  Bitmap Heap Scan on sbtest5  (cost=22.51..3795.89 rows=983 width=121)
	        Recheck Cond: ((id >= 9960002) AND (id <= 9961001))
	        ->  Bitmap Index Scan on sbtest5_pkey  (cost=0.00..22.26 rows=983 width=0)
	              Index Cond: ((id >= 9960002) AND (id <= 9961001))

table 6 : explain SELECT c FROM sbtest6 WHERE id BETWEEN 5320792 AND 5321791 ORDER BY c
	Sort  (cost=4055.92..4058.52 rows=1038 width=121)
	  Sort Key: c
	  ->  Bitmap Heap Scan on sbtest6  (cost=23.07..4003.92 rows=1038 width=121)
	        Recheck Cond: ((id >= 5320792) AND (id <= 5321791))
	        ->  Bitmap Index Scan on sbtest6_pkey  (cost=0.00..22.82 rows=1038 width=0)
	              Index Cond: ((id >= 5320792) AND (id <= 5321791))

table 7 : explain SELECT c FROM sbtest7 WHERE id BETWEEN 6038992 AND 6039991 ORDER BY c
	Sort  (cost=4196.66..4199.35 rows=1075 width=121)
	  Sort Key: c
	  ->  Bitmap Heap Scan on sbtest7  (cost=23.45..4142.54 rows=1075 width=121)
	        Recheck Cond: ((id >= 6038992) AND (id <= 6039991))
	        ->  Bitmap Index Scan on sbtest7_pkey  (cost=0.00..23.18 rows=1075 width=0)
	              Index Cond: ((id >= 6038992) AND (id <= 6039991))

table 8 : explain SELECT c FROM sbtest8 WHERE id BETWEEN 9990175 AND 9991174 ORDER BY c
	Sort  (cost=3804.36..3806.79 rows=972 width=121)
	  Sort Key: c
	  ->  Bitmap Heap Scan on sbtest8  (cost=22.40..3756.12 rows=972 width=121)
	        Recheck Cond: ((id >= 9990175) AND (id <= 9991174))
	        ->  Bitmap Index Scan on sbtest8_pkey  (cost=0.00..22.15 rows=972 width=0)
	              Index Cond: ((id >= 9990175) AND (id <= 9991174))

explain: for point_selects :: explain SELECT c FROM sbtest%u WHERE id=%u
for: distinct_ranges
table 1 : explain SELECT DISTINCT c FROM sbtest1 WHERE id BETWEEN 2545193 AND 2546192 ORDER BY c
	Unique  (cost=3710.04..3714.78 rows=948 width=121)
	  ->  Sort  (cost=3710.04..3712.41 rows=948 width=121)
	        Sort Key: c
	        ->  Bitmap Heap Scan on sbtest1  (cost=22.15..3663.17 rows=948 width=121)
	              Recheck Cond: ((id >= 2545193) AND (id <= 2546192))
	              ->  Bitmap Index Scan on sbtest1_pkey  (cost=0.00..21.91 rows=948 width=0)
	                    Index Cond: ((id >= 2545193) AND (id <= 2546192))

table 2 : explain SELECT DISTINCT c FROM sbtest2 WHERE id BETWEEN 5295436 AND 5296435 ORDER BY c
	Unique  (cost=3851.65..3856.57 rows=985 width=121)
	  ->  Sort  (cost=3851.65..3854.11 rows=985 width=121)
	        Sort Key: c
	        ->  Bitmap Heap Scan on sbtest2  (cost=22.53..3802.67 rows=985 width=121)
	              Recheck Cond: ((id >= 5295436) AND (id <= 5296435))
	              ->  Bitmap Index Scan on sbtest2_pkey  (cost=0.00..22.29 rows=985 width=0)
	                    Index Cond: ((id >= 5295436) AND (id <= 5296435))

table 3 : explain SELECT DISTINCT c FROM sbtest3 WHERE id BETWEEN 1584582 AND 1585581 ORDER BY c
	Unique  (cost=4065.87..4071.08 rows=1041 width=121)
	  ->  Sort  (cost=4065.87..4068.48 rows=1041 width=121)
	        Sort Key: c
	        ->  Bitmap Heap Scan on sbtest3  (cost=23.11..4013.70 rows=1041 width=121)
	              Recheck Cond: ((id >= 1584582) AND (id <= 1585581))
	              ->  Bitmap Index Scan on sbtest3_pkey  (cost=0.00..22.84 rows=1041 width=0)
	                    Index Cond: ((id >= 1584582) AND (id <= 1585581))

table 4 : explain SELECT DISTINCT c FROM sbtest4 WHERE id BETWEEN 434643 AND 435642 ORDER BY c
	Unique  (cost=3680.10..3684.80 rows=940 width=121)
	  ->  Sort  (cost=3680.10..3682.45 rows=940 width=121)
	        Sort Key: c
	        ->  Bitmap Heap Scan on sbtest4  (cost=22.07..3633.68 rows=940 width=121)
	              Recheck Cond: ((id >= 434643) AND (id <= 435642))
	              ->  Bitmap Index Scan on sbtest4_pkey  (cost=0.00..21.83 rows=940 width=0)
	                    Index Cond: ((id >= 434643) AND (id <= 435642))

table 5 : explain SELECT DISTINCT c FROM sbtest5 WHERE id BETWEEN 3112669 AND 3113668 ORDER BY c
	Unique  (cost=3989.95..3995.05 rows=1021 width=121)
	  ->  Sort  (cost=3989.95..3992.50 rows=1021 width=121)
	        Sort Key: c
	        ->  Bitmap Heap Scan on sbtest5  (cost=22.90..3938.92 rows=1021 width=121)
	              Recheck Cond: ((id >= 3112669) AND (id <= 3113668))
	              ->  Bitmap Index Scan on sbtest5_pkey  (cost=0.00..22.64 rows=1021 width=0)
	                    Index Cond: ((id >= 3112669) AND (id <= 3113668))

table 6 : explain SELECT DISTINCT c FROM sbtest6 WHERE id BETWEEN 9206809 AND 9207808 ORDER BY c
	Unique  (cost=4017.73..4022.87 rows=1028 width=121)
	  ->  Sort  (cost=4017.73..4020.30 rows=1028 width=121)
	        Sort Key: c
	        ->  Bitmap Heap Scan on sbtest6  (cost=22.97..3966.31 rows=1028 width=121)
	              Recheck Cond: ((id >= 9206809) AND (id <= 9207808))
	              ->  Bitmap Index Scan on sbtest6_pkey  (cost=0.00..22.71 rows=1028 width=0)
	                    Index Cond: ((id >= 9206809) AND (id <= 9207808))

table 7 : explain SELECT DISTINCT c FROM sbtest7 WHERE id BETWEEN 367354 AND 368353 ORDER BY c
	Unique  (cost=3634.81..3639.45 rows=928 width=121)
	  ->  Sort  (cost=3634.81..3637.13 rows=928 width=121)
	        Sort Key: c
	        ->  Bitmap Heap Scan on sbtest7  (cost=21.95..3589.07 rows=928 width=121)
	              Recheck Cond: ((id >= 367354) AND (id <= 368353))
	              ->  Bitmap Index Scan on sbtest7_pkey  (cost=0.00..21.71 rows=928 width=0)
	                    Index Cond: ((id >= 367354) AND (id <= 368353))

table 8 : explain SELECT DISTINCT c FROM sbtest8 WHERE id BETWEEN 3580147 AND 3581146 ORDER BY c
	Unique  (cost=3999.40..4004.51 rows=1023 width=121)
	  ->  Sort  (cost=3999.40..4001.95 rows=1023 width=121)
	        Sort Key: c
	        ->  Bitmap Heap Scan on sbtest8  (cost=22.92..3948.25 rows=1023 width=121)
	              Recheck Cond: ((id >= 3580147) AND (id <= 3581146))
	              ->  Bitmap Index Scan on sbtest8_pkey  (cost=0.00..22.66 rows=1023 width=0)
	                    Index Cond: ((id >= 3580147) AND (id <= 3581146))
for point_selects
table 1 : explain SELECT c FROM sbtest1 WHERE id=8335349
	Index Scan using sbtest1_pkey on sbtest1  (cost=0.43..8.45 rows=1 width=121)
	  Index Cond: (id = 8335349)

table 2 : explain SELECT c FROM sbtest2 WHERE id=8901187
	Index Scan using sbtest2_pkey on sbtest2  (cost=0.43..8.45 rows=1 width=121)
	  Index Cond: (id = 8901187)

table 3 : explain SELECT c FROM sbtest3 WHERE id=8214692
	Index Scan using sbtest3_pkey on sbtest3  (cost=0.43..8.45 rows=1 width=121)
	  Index Cond: (id = 8214692)

table 4 : explain SELECT c FROM sbtest4 WHERE id=9550878
	Index Scan using sbtest4_pkey on sbtest4  (cost=0.43..8.45 rows=1 width=121)
	  Index Cond: (id = 9550878)

table 5 : explain SELECT c FROM sbtest5 WHERE id=4625756
	Index Scan using sbtest5_pkey on sbtest5  (cost=0.43..8.45 rows=1 width=121)
	  Index Cond: (id = 4625756)

table 6 : explain SELECT c FROM sbtest6 WHERE id=5662978
	Index Scan using sbtest6_pkey on sbtest6  (cost=0.43..8.45 rows=1 width=121)
	  Index Cond: (id = 5662978)

table 7 : explain SELECT c FROM sbtest7 WHERE id=7552262
	Index Scan using sbtest7_pkey on sbtest7  (cost=0.43..8.45 rows=1 width=121)
	  Index Cond: (id = 7552262)

table 8 : explain SELECT c FROM sbtest8 WHERE id=29844
	Index Scan using sbtest8_pkey on sbtest8  (cost=0.43..8.45 rows=1 width=121)
	  Index Cond: (id = 29844)


for point_selects
table 1 : explain SELECT c FROM sbtest1 WHERE id=6046646
	Index Scan using sbtest1_pkey on sbtest1  (cost=0.43..8.45 rows=1 width=121)
	  Index Cond: (id = 6046646)

table 2 : explain SELECT c FROM sbtest2 WHERE id=5185354
	Index Scan using sbtest2_pkey on sbtest2  (cost=0.43..8.45 rows=1 width=121)
	  Index Cond: (id = 5185354)

table 3 : explain SELECT c FROM sbtest3 WHERE id=1254426
	Index Scan using sbtest3_pkey on sbtest3  (cost=0.43..8.45 rows=1 width=121)
	  Index Cond: (id = 1254426)

table 4 : explain SELECT c FROM sbtest4 WHERE id=7055335
	Index Scan using sbtest4_pkey on sbtest4  (cost=0.43..8.45 rows=1 width=121)
	  Index Cond: (id = 7055335)

table 5 : explain SELECT c FROM sbtest5 WHERE id=5280672
	Index Scan using sbtest5_pkey on sbtest5  (cost=0.43..8.45 rows=1 width=121)
	  Index Cond: (id = 5280672)

table 6 : explain SELECT c FROM sbtest6 WHERE id=5425211
	Index Scan using sbtest6_pkey on sbtest6  (cost=0.43..8.45 rows=1 width=121)
	  Index Cond: (id = 5425211)

table 7 : explain SELECT c FROM sbtest7 WHERE id=5491790
	Index Scan using sbtest7_pkey on sbtest7  (cost=0.43..8.45 rows=1 width=121)
	  Index Cond: (id = 5491790)

table 8 : explain SELECT c FROM sbtest8 WHERE id=5594483
	Index Scan using sbtest8_pkey on sbtest8  (cost=0.43..8.45 rows=1 width=121)
	  Index Cond: (id = 5594483)

for: simple_ranges
table 1 : explain SELECT c FROM sbtest1 WHERE id BETWEEN 1414310 AND 1415309
	Bitmap Heap Scan on sbtest1  (cost=22.94..3953.05 rows=1025 width=121)
	  Recheck Cond: ((id >= 1414310) AND (id <= 1415309))
	  ->  Bitmap Index Scan on sbtest1_pkey  (cost=0.00..22.68 rows=1025 width=0)
	        Index Cond: ((id >= 1414310) AND (id <= 1415309))

table 2 : explain SELECT c FROM sbtest2 WHERE id BETWEEN 3778592 AND 3779591
	Bitmap Heap Scan on sbtest2  (cost=23.54..4171.03 rows=1083 width=121)
	  Recheck Cond: ((id >= 3778592) AND (id <= 3779591))
	  ->  Bitmap Index Scan on sbtest2_pkey  (cost=0.00..23.26 rows=1083 width=0)
	        Index Cond: ((id >= 3778592) AND (id <= 3779591))

table 3 : explain SELECT c FROM sbtest3 WHERE id BETWEEN 5979819 AND 5980818
	Bitmap Heap Scan on sbtest3  (cost=22.61..3833.15 rows=993 width=121)
	  Recheck Cond: ((id >= 5979819) AND (id <= 5980818))
	  ->  Bitmap Index Scan on sbtest3_pkey  (cost=0.00..22.36 rows=993 width=0)
	        Index Cond: ((id >= 5979819) AND (id <= 5980818))

table 4 : explain SELECT c FROM sbtest4 WHERE id BETWEEN 2883374 AND 2884373
	Bitmap Heap Scan on sbtest4  (cost=23.62..4198.04 rows=1091 width=121)
	  Recheck Cond: ((id >= 2883374) AND (id <= 2884373))
	  ->  Bitmap Index Scan on sbtest4_pkey  (cost=0.00..23.34 rows=1091 width=0)
	        Index Cond: ((id >= 2883374) AND (id <= 2884373))

table 5 : explain SELECT c FROM sbtest5 WHERE id BETWEEN 7464421 AND 7465420
	Bitmap Heap Scan on sbtest5  (cost=23.16..4032.92 rows=1046 width=121)
	  Recheck Cond: ((id >= 7464421) AND (id <= 7465420))
	  ->  Bitmap Index Scan on sbtest5_pkey  (cost=0.00..22.89 rows=1046 width=0)
	        Index Cond: ((id >= 7464421) AND (id <= 7465420))

table 6 : explain SELECT c FROM sbtest6 WHERE id BETWEEN 9657086 AND 9658085
	Bitmap Heap Scan on sbtest6  (cost=22.06..3630.95 rows=939 width=121)
	  Recheck Cond: ((id >= 9657086) AND (id <= 9658085))
	  ->  Bitmap Index Scan on sbtest6_pkey  (cost=0.00..21.82 rows=939 width=0)
	        Index Cond: ((id >= 9657086) AND (id <= 9658085))

table 7 : explain SELECT c FROM sbtest7 WHERE id BETWEEN 4983062 AND 4984061
	Bitmap Heap Scan on sbtest7  (cost=21.91..3573.97 rows=924 width=121)
	  Recheck Cond: ((id >= 4983062) AND (id <= 4984061))
	  ->  Bitmap Index Scan on sbtest7_pkey  (cost=0.00..21.68 rows=924 width=0)
	        Index Cond: ((id >= 4983062) AND (id <= 4984061))

table 8 : explain SELECT c FROM sbtest8 WHERE id BETWEEN 6654815 AND 6655814
	Bitmap Heap Scan on sbtest8  (cost=22.73..3876.72 rows=1004 width=121)
	  Recheck Cond: ((id >= 6654815) AND (id <= 6655814))
	  ->  Bitmap Index Scan on sbtest8_pkey  (cost=0.00..22.47 rows=1004 width=0)
	        Index Cond: ((id >= 6654815) AND (id <= 6655814))

explain: for point_selects :: explain SELECT c FROM sbtest%u WHERE id=%u
for: order_ranges
table 1 : explain SELECT c FROM sbtest1 WHERE id BETWEEN 3371671 AND 3372670 ORDER BY c
	Sort  (cost=3897.39..3899.88 rows=997 width=121)
	  Sort Key: c
	  ->  Bitmap Heap Scan on sbtest1  (cost=22.65..3847.73 rows=997 width=121)
	        Recheck Cond: ((id >= 3371671) AND (id <= 3372670))
	        ->  Bitmap Index Scan on sbtest1_pkey  (cost=0.00..22.40 rows=997 width=0)
	              Index Cond: ((id >= 3371671) AND (id <= 3372670))

table 2 : explain SELECT c FROM sbtest2 WHERE id BETWEEN 9837242 AND 9838241 ORDER BY c
	Sort  (cost=3977.71..3980.25 rows=1018 width=121)
	  Sort Key: c
	  ->  Bitmap Heap Scan on sbtest2  (cost=22.87..3926.85 rows=1018 width=121)
	        Recheck Cond: ((id >= 9837242) AND (id <= 9838241))
	        ->  Bitmap Index Scan on sbtest2_pkey  (cost=0.00..22.61 rows=1018 width=0)
	              Index Cond: ((id >= 9837242) AND (id <= 9838241))

table 3 : explain SELECT c FROM sbtest3 WHERE id BETWEEN 6925781 AND 6926780 ORDER BY c
	Sort  (cost=3649.23..3651.56 rows=932 width=121)
	  Sort Key: c
	  ->  Bitmap Heap Scan on sbtest3  (cost=21.99..3603.26 rows=932 width=121)
	        Recheck Cond: ((id >= 6925781) AND (id <= 6926780))
	        ->  Bitmap Index Scan on sbtest3_pkey  (cost=0.00..21.75 rows=932 width=0)
	              Index Cond: ((id >= 6925781) AND (id <= 6926780))

table 4 : explain SELECT c FROM sbtest4 WHERE id BETWEEN 2212717 AND 2213716 ORDER BY c
	Sort  (cost=3982.17..3984.72 rows=1019 width=121)
	  Sort Key: c
	  ->  Bitmap Heap Scan on sbtest4  (cost=22.88..3931.26 rows=1019 width=121)
	        Recheck Cond: ((id >= 2212717) AND (id <= 2213716))
	        ->  Bitmap Index Scan on sbtest4_pkey  (cost=0.00..22.62 rows=1019 width=0)
	              Index Cond: ((id >= 2212717) AND (id <= 2213716))

table 5 : explain SELECT c FROM sbtest5 WHERE id BETWEEN 2079209 AND 2080208 ORDER BY c
	Sort  (cost=3649.59..3651.92 rows=932 width=121)
	  Sort Key: c
	  ->  Bitmap Heap Scan on sbtest5  (cost=21.99..3603.62 rows=932 width=121)
	        Recheck Cond: ((id >= 2079209) AND (id <= 2080208))
	        ->  Bitmap Index Scan on sbtest5_pkey  (cost=0.00..21.75 rows=932 width=0)
	              Index Cond: ((id >= 2079209) AND (id <= 2080208))

table 6 : explain SELECT c FROM sbtest6 WHERE id BETWEEN 8582385 AND 8583384 ORDER BY c
	Sort  (cost=3646.67..3649.00 rows=931 width=121)
	  Sort Key: c
	  ->  Bitmap Heap Scan on sbtest6  (cost=21.98..3600.76 rows=931 width=121)
	        Recheck Cond: ((id >= 8582385) AND (id <= 8583384))
	        ->  Bitmap Index Scan on sbtest6_pkey  (cost=0.00..21.75 rows=931 width=0)
	              Index Cond: ((id >= 8582385) AND (id <= 8583384))

table 7 : explain SELECT c FROM sbtest7 WHERE id BETWEEN 9995809 AND 9996808 ORDER BY c
	Sort  (cost=3833.86..3836.31 rows=980 width=121)
	  Sort Key: c
	  ->  Bitmap Heap Scan on sbtest7  (cost=22.48..3785.18 rows=980 width=121)
	        Recheck Cond: ((id >= 9995809) AND (id <= 9996808))
	        ->  Bitmap Index Scan on sbtest7_pkey  (cost=0.00..22.23 rows=980 width=0)
	              Index Cond: ((id >= 9995809) AND (id <= 9996808))

table 8 : explain SELECT c FROM sbtest8 WHERE id BETWEEN 8506542 AND 8507541 ORDER BY c
	Sort  (cost=3911.48..3913.98 rows=1000 width=121)
	  Sort Key: c
	  ->  Bitmap Heap Scan on sbtest8  (cost=22.68..3861.65 rows=1000 width=121)
	        Recheck Cond: ((id >= 8506542) AND (id <= 8507541))
	        ->  Bitmap Index Scan on sbtest8_pkey  (cost=0.00..22.43 rows=1000 width=0)
	              Index Cond: ((id >= 8506542) AND (id <= 8507541))

for point_selects
table 1 : explain SELECT c FROM sbtest1 WHERE id=3748678
	Index Scan using sbtest1_pkey on sbtest1  (cost=0.43..8.45 rows=1 width=121)
	  Index Cond: (id = 3748678)

table 2 : explain SELECT c FROM sbtest2 WHERE id=4723851
	Index Scan using sbtest2_pkey on sbtest2  (cost=0.43..8.45 rows=1 width=121)
	  Index Cond: (id = 4723851)

table 3 : explain SELECT c FROM sbtest3 WHERE id=3367850
	Index Scan using sbtest3_pkey on sbtest3  (cost=0.43..8.45 rows=1 width=121)
	  Index Cond: (id = 3367850)

table 4 : explain SELECT c FROM sbtest4 WHERE id=3963194
	Index Scan using sbtest4_pkey on sbtest4  (cost=0.43..8.45 rows=1 width=121)
	  Index Cond: (id = 3963194)

table 5 : explain SELECT c FROM sbtest5 WHERE id=7751967
	Index Scan using sbtest5_pkey on sbtest5  (cost=0.43..8.45 rows=1 width=121)
	  Index Cond: (id = 7751967)

table 6 : explain SELECT c FROM sbtest6 WHERE id=5661585
	Index Scan using sbtest6_pkey on sbtest6  (cost=0.43..8.45 rows=1 width=121)
	  Index Cond: (id = 5661585)

table 7 : explain SELECT c FROM sbtest7 WHERE id=8821441
	Index Scan using sbtest7_pkey on sbtest7  (cost=0.43..8.45 rows=1 width=121)
	  Index Cond: (id = 8821441)

table 8 : explain SELECT c FROM sbtest8 WHERE id=4623817
	Index Scan using sbtest8_pkey on sbtest8  (cost=0.43..8.45 rows=1 width=121)
	  Index Cond: (id = 4623817)

for point_selects
table 1 : explain SELECT c FROM sbtest1 WHERE id=1699883
	Index Scan using sbtest1_pkey on sbtest1  (cost=0.43..8.45 rows=1 width=121)
	  Index Cond: (id = 1699883)

table 2 : explain SELECT c FROM sbtest2 WHERE id=1788967
	Index Scan using sbtest2_pkey on sbtest2  (cost=0.43..8.45 rows=1 width=121)
	  Index Cond: (id = 1788967)

table 3 : explain SELECT c FROM sbtest3 WHERE id=4914400
	Index Scan using sbtest3_pkey on sbtest3  (cost=0.43..8.45 rows=1 width=121)
	  Index Cond: (id = 4914400)

table 4 : explain SELECT c FROM sbtest4 WHERE id=5024087
	Index Scan using sbtest4_pkey on sbtest4  (cost=0.43..8.45 rows=1 width=121)
	  Index Cond: (id = 5024087)

table 5 : explain SELECT c FROM sbtest5 WHERE id=1808502
	Index Scan using sbtest5_pkey on sbtest5  (cost=0.43..8.45 rows=1 width=121)
	  Index Cond: (id = 1808502)

table 6 : explain SELECT c FROM sbtest6 WHERE id=456946
	Index Scan using sbtest6_pkey on sbtest6  (cost=0.43..8.45 rows=1 width=121)
	  Index Cond: (id = 456946)

table 7 : explain SELECT c FROM sbtest7 WHERE id=2782935
	Index Scan using sbtest7_pkey on sbtest7  (cost=0.43..8.45 rows=1 width=121)
	  Index Cond: (id = 2782935)

table 8 : explain SELECT c FROM sbtest8 WHERE id=1721581
	Index Scan using sbtest8_pkey on sbtest8  (cost=0.43..8.45 rows=1 width=121)
	  Index Cond: (id = 1721581)

for: simple_ranges
table 1 : explain SELECT c FROM sbtest1 WHERE id BETWEEN 9574508 AND 9575507
	Bitmap Heap Scan on sbtest1  (cost=23.13..4020.71 rows=1043 width=121)
	  Recheck Cond: ((id >= 9574508) AND (id <= 9575507))
	  ->  Bitmap Index Scan on sbtest1_pkey  (cost=0.00..22.86 rows=1043 width=0)
	        Index Cond: ((id >= 9574508) AND (id <= 9575507))

table 2 : explain SELECT c FROM sbtest2 WHERE id BETWEEN 8933316 AND 8934315
	Bitmap Heap Scan on sbtest2  (cost=22.17..3670.81 rows=950 width=121)
	  Recheck Cond: ((id >= 8933316) AND (id <= 8934315))
	  ->  Bitmap Index Scan on sbtest2_pkey  (cost=0.00..21.93 rows=950 width=0)
	        Index Cond: ((id >= 8933316) AND (id <= 8934315))

table 3 : explain SELECT c FROM sbtest3 WHERE id BETWEEN 499730 AND 500729
	Bitmap Heap Scan on sbtest3  (cost=21.68..3490.01 rows=902 width=121)
	  Recheck Cond: ((id >= 499730) AND (id <= 500729))
	  ->  Bitmap Index Scan on sbtest3_pkey  (cost=0.00..21.45 rows=902 width=0)
	        Index Cond: ((id >= 499730) AND (id <= 500729))

table 4 : explain SELECT c FROM sbtest4 WHERE id BETWEEN 423915 AND 424914
	Bitmap Heap Scan on sbtest4  (cost=22.07..3633.68 rows=940 width=121)
	  Recheck Cond: ((id >= 423915) AND (id <= 424914))
	  ->  Bitmap Index Scan on sbtest4_pkey  (cost=0.00..21.83 rows=940 width=0)
	        Index Cond: ((id >= 423915) AND (id <= 424914))

table 5 : explain SELECT c FROM sbtest5 WHERE id BETWEEN 5653008 AND 5654007
	Bitmap Heap Scan on sbtest5  (cost=22.59..3826.01 rows=991 width=121)
	  Recheck Cond: ((id >= 5653008) AND (id <= 5654007))
	  ->  Bitmap Index Scan on sbtest5_pkey  (cost=0.00..22.34 rows=991 width=0)
	        Index Cond: ((id >= 5653008) AND (id <= 5654007))

table 6 : explain SELECT c FROM sbtest6 WHERE id BETWEEN 2596867 AND 2597866
	Bitmap Heap Scan on sbtest6  (cost=22.04..3623.40 rows=937 width=121)
	  Recheck Cond: ((id >= 2596867) AND (id <= 2597866))
	  ->  Bitmap Index Scan on sbtest6_pkey  (cost=0.00..21.80 rows=937 width=0)
	        Index Cond: ((id >= 2596867) AND (id <= 2597866))

table 7 : explain SELECT c FROM sbtest7 WHERE id BETWEEN 7385848 AND 7386847
	Bitmap Heap Scan on sbtest7  (cost=21.99..3604.17 rows=932 width=121)
	  Recheck Cond: ((id >= 7385848) AND (id <= 7386847))
	  ->  Bitmap Index Scan on sbtest7_pkey  (cost=0.00..21.75 rows=932 width=0)
	        Index Cond: ((id >= 7385848) AND (id <= 7386847))

table 8 : explain SELECT c FROM sbtest8 WHERE id BETWEEN 5327141 AND 5328140
	Bitmap Heap Scan on sbtest8  (cost=22.97..3967.07 rows=1028 width=121)
	  Recheck Cond: ((id >= 5327141) AND (id <= 5328140))
	  ->  Bitmap Index Scan on sbtest8_pkey  (cost=0.00..22.71 rows=1028 width=0)
	        Index Cond: ((id >= 5327141) AND (id <= 5328140))

for: simple_ranges
table 1 : explain SELECT c FROM sbtest1 WHERE id BETWEEN 1726353 AND 1727352
	Bitmap Heap Scan on sbtest1  (cost=27.74..4246.20 rows=1103 width=121)
	  Recheck Cond: ((id >= 1726353) AND (id <= 1727352))
	  ->  Bitmap Index Scan on sbtest1_pkey  (cost=0.00..27.46 rows=1103 width=0)
	        Index Cond: ((id >= 1726353) AND (id <= 1727352))

table 2 : explain SELECT c FROM sbtest2 WHERE id BETWEEN 6487003 AND 6488002
	Bitmap Heap Scan on sbtest2  (cost=23.39..4118.48 rows=1069 width=121)
	  Recheck Cond: ((id >= 6487003) AND (id <= 6488002))
	  ->  Bitmap Index Scan on sbtest2_pkey  (cost=0.00..23.12 rows=1069 width=0)
	        Index Cond: ((id >= 6487003) AND (id <= 6488002))

table 3 : explain SELECT c FROM sbtest3 WHERE id BETWEEN 9082160 AND 9083159
	Bitmap Heap Scan on sbtest3  (cost=22.58..3821.85 rows=990 width=121)
	  Recheck Cond: ((id >= 9082160) AND (id <= 9083159))
	  ->  Bitmap Index Scan on sbtest3_pkey  (cost=0.00..22.33 rows=990 width=0)
	        Index Cond: ((id >= 9082160) AND (id <= 9083159))

table 4 : explain SELECT c FROM sbtest4 WHERE id BETWEEN 5970923 AND 5971922
	Bitmap Heap Scan on sbtest4  (cost=28.08..4370.78 rows=1136 width=121)
	  Recheck Cond: ((id >= 5970923) AND (id <= 5971922))
	  ->  Bitmap Index Scan on sbtest4_pkey  (cost=0.00..27.79 rows=1136 width=0)
	        Index Cond: ((id >= 5970923) AND (id <= 5971922))

table 5 : explain SELECT c FROM sbtest5 WHERE id BETWEEN 4350314 AND 4351313
	Bitmap Heap Scan on sbtest5  (cost=22.86..3923.87 rows=1017 width=121)
	  Recheck Cond: ((id >= 4350314) AND (id <= 4351313))
	  ->  Bitmap Index Scan on sbtest5_pkey  (cost=0.00..22.61 rows=1017 width=0)
	        Index Cond: ((id >= 4350314) AND (id <= 4351313))

table 6 : explain SELECT c FROM sbtest6 WHERE id BETWEEN 1126637 AND 1127636
	Bitmap Heap Scan on sbtest6  (cost=22.09..3642.27 rows=942 width=121)
	  Recheck Cond: ((id >= 1126637) AND (id <= 1127636))
	  ->  Bitmap Index Scan on sbtest6_pkey  (cost=0.00..21.86 rows=942 width=0)
	        Index Cond: ((id >= 1126637) AND (id <= 1127636))

table 7 : explain SELECT c FROM sbtest7 WHERE id BETWEEN 4636453 AND 4637452
	Bitmap Heap Scan on sbtest7  (cost=22.02..3615.49 rows=935 width=121)
	  Recheck Cond: ((id >= 4636453) AND (id <= 4637452))
	  ->  Bitmap Index Scan on sbtest7_pkey  (cost=0.00..21.79 rows=935 width=0)
	        Index Cond: ((id >= 4636453) AND (id <= 4637452))

table 8 : explain SELECT c FROM sbtest8 WHERE id BETWEEN 3541031 AND 3542030
	Bitmap Heap Scan on sbtest8  (cost=22.51..3797.59 rows=983 width=121)
	  Recheck Cond: ((id >= 3541031) AND (id <= 3542030))
	  ->  Bitmap Index Scan on sbtest8_pkey  (cost=0.00..22.26 rows=983 width=0)
	        Index Cond: ((id >= 3541031) AND (id <= 3542030))

for: sum_ranges
table 1 : explain SELECT SUM(k) FROM sbtest1 WHERE id BETWEEN 9716650 AND 9717649
	Aggregate  (cost=3654.22..3654.23 rows=1 width=8)
	  ->  Bitmap Heap Scan on sbtest1  (cost=22.12..3651.86 rows=945 width=4)
	        Recheck Cond: ((id >= 9716650) AND (id <= 9717649))
	        ->  Bitmap Index Scan on sbtest1_pkey  (cost=0.00..21.89 rows=945 width=0)
	              Index Cond: ((id >= 9716650) AND (id <= 9717649))

table 2 : explain SELECT SUM(k) FROM sbtest2 WHERE id BETWEEN 747896 AND 748895
	Aggregate  (cost=3759.91..3759.92 rows=1 width=8)
	  ->  Bitmap Heap Scan on sbtest2  (cost=22.41..3757.48 rows=973 width=4)
	        Recheck Cond: ((id >= 747896) AND (id <= 748895))
	        ->  Bitmap Index Scan on sbtest2_pkey  (cost=0.00..22.16 rows=973 width=0)
	              Index Cond: ((id >= 747896) AND (id <= 748895))

table 3 : explain SELECT SUM(k) FROM sbtest3 WHERE id BETWEEN 5455229 AND 5456228
	Aggregate  (cost=3933.53..3933.54 rows=1 width=8)
	  ->  Bitmap Heap Scan on sbtest3  (cost=22.88..3930.98 rows=1019 width=4)
	        Recheck Cond: ((id >= 5455229) AND (id <= 5456228))
	        ->  Bitmap Index Scan on sbtest3_pkey  (cost=0.00..22.62 rows=1019 width=0)
	              Index Cond: ((id >= 5455229) AND (id <= 5456228))

table 4 : explain SELECT SUM(k) FROM sbtest4 WHERE id BETWEEN 1459134 AND 1460133
	Aggregate  (cost=3670.00..3670.01 rows=1 width=8)
	  ->  Bitmap Heap Scan on sbtest4  (cost=22.16..3667.63 rows=949 width=4)
	        Recheck Cond: ((id >= 1459134) AND (id <= 1460133))
	        ->  Bitmap Index Scan on sbtest4_pkey  (cost=0.00..21.93 rows=949 width=0)
	              Index Cond: ((id >= 1459134) AND (id <= 1460133))

table 5 : explain SELECT SUM(k) FROM sbtest5 WHERE id BETWEEN 2996076 AND 2997075
	Aggregate  (cost=3828.49..3828.50 rows=1 width=8)
	  ->  Bitmap Heap Scan on sbtest5  (cost=22.59..3826.01 rows=991 width=4)
	        Recheck Cond: ((id >= 2996076) AND (id <= 2997075))
	        ->  Bitmap Index Scan on sbtest5_pkey  (cost=0.00..22.34 rows=991 width=0)
	              Index Cond: ((id >= 2996076) AND (id <= 2997075))

table 6 : explain SELECT SUM(k) FROM sbtest6 WHERE id BETWEEN 6598135 AND 6599134
	Aggregate  (cost=4344.99..4345.00 rows=1 width=8)
	  ->  Bitmap Heap Scan on sbtest6  (cost=28.00..4342.17 rows=1128 width=4)
	        Recheck Cond: ((id >= 6598135) AND (id <= 6599134))
	        ->  Bitmap Index Scan on sbtest6_pkey  (cost=0.00..27.71 rows=1128 width=0)
	              Index Cond: ((id >= 6598135) AND (id <= 6599134))

table 7 : explain SELECT SUM(k) FROM sbtest7 WHERE id BETWEEN 8988755 AND 8989754
	Aggregate  (cost=4047.47..4047.48 rows=1 width=8)
	  ->  Bitmap Heap Scan on sbtest7  (cost=23.19..4044.85 rows=1049 width=4)
	        Recheck Cond: ((id >= 8988755) AND (id <= 8989754))
	        ->  Bitmap Index Scan on sbtest7_pkey  (cost=0.00..22.93 rows=1049 width=0)
	              Index Cond: ((id >= 8988755) AND (id <= 8989754))

table 8 : explain SELECT SUM(k) FROM sbtest8 WHERE id BETWEEN 4437248 AND 4438247
	Aggregate  (cost=3516.80..3516.81 rows=1 width=8)
	  ->  Bitmap Heap Scan on sbtest8  (cost=21.74..3514.53 rows=908 width=4)
	        Recheck Cond: ((id >= 4437248) AND (id <= 4438247))
	        ->  Bitmap Index Scan on sbtest8_pkey  (cost=0.00..21.51 rows=908 width=0)
	              Index Cond: ((id >= 4437248) AND (id <= 4438247))

for: simple_ranges
table 1 : explain SELECT c FROM sbtest1 WHERE id BETWEEN 3852003 AND 3853002
	Bitmap Heap Scan on sbtest1  (cost=23.35..4103.34 rows=1065 width=121)
	  Recheck Cond: ((id >= 3852003) AND (id <= 3853002))
	  ->  Bitmap Index Scan on sbtest1_pkey  (cost=0.00..23.08 rows=1065 width=0)
	        Index Cond: ((id >= 3852003) AND (id <= 3853002))

table 2 : explain SELECT c FROM sbtest2 WHERE id BETWEEN 1195596 AND 1196595
	Bitmap Heap Scan on sbtest2  (cost=23.03..3987.01 rows=1034 width=121)
	  Recheck Cond: ((id >= 1195596) AND (id <= 1196595))
	  ->  Bitmap Index Scan on sbtest2_pkey  (cost=0.00..22.77 rows=1034 width=0)
	        Index Cond: ((id >= 1195596) AND (id <= 1196595))

table 3 : explain SELECT c FROM sbtest3 WHERE id BETWEEN 9254826 AND 9255825
	Bitmap Heap Scan on sbtest3  (cost=22.45..3772.90 rows=977 width=121)
	  Recheck Cond: ((id >= 9254826) AND (id <= 9255825))
	  ->  Bitmap Index Scan on sbtest3_pkey  (cost=0.00..22.20 rows=977 width=0)
	        Index Cond: ((id >= 9254826) AND (id <= 9255825))

table 4 : explain SELECT c FROM sbtest4 WHERE id BETWEEN 8782372 AND 8783371
	Bitmap Heap Scan on sbtest4  (cost=22.64..3844.71 rows=996 width=121)
	  Recheck Cond: ((id >= 8782372) AND (id <= 8783371))
	  ->  Bitmap Index Scan on sbtest4_pkey  (cost=0.00..22.39 rows=996 width=0)
	        Index Cond: ((id >= 8782372) AND (id <= 8783371))

table 5 : explain SELECT c FROM sbtest5 WHERE id BETWEEN 9457388 AND 9458387
	Bitmap Heap Scan on sbtest5  (cost=22.14..3660.21 rows=947 width=121)
	  Recheck Cond: ((id >= 9457388) AND (id <= 9458387))
	  ->  Bitmap Index Scan on sbtest5_pkey  (cost=0.00..21.90 rows=947 width=0)
	        Index Cond: ((id >= 9457388) AND (id <= 9458387))

table 6 : explain SELECT c FROM sbtest6 WHERE id BETWEEN 2334532 AND 2335531
	Bitmap Heap Scan on sbtest6  (cost=22.12..3653.59 rows=945 width=121)
	  Recheck Cond: ((id >= 2334532) AND (id <= 2335531))
	  ->  Bitmap Index Scan on sbtest6_pkey  (cost=0.00..21.89 rows=945 width=0)
	        Index Cond: ((id >= 2334532) AND (id <= 2335531))

table 7 : explain SELECT c FROM sbtest7 WHERE id BETWEEN 8296404 AND 8297403
	Bitmap Heap Scan on sbtest7  (cost=27.85..4289.19 rows=1114 width=121)
	  Recheck Cond: ((id >= 8296404) AND (id <= 8297403))
	  ->  Bitmap Index Scan on sbtest7_pkey  (cost=0.00..27.57 rows=1114 width=0)
	        Index Cond: ((id >= 8296404) AND (id <= 8297403))

table 8 : explain SELECT c FROM sbtest8 WHERE id BETWEEN 1108133 AND 1109132
	Bitmap Heap Scan on sbtest8  (cost=22.53..3805.13 rows=985 width=121)
	  Recheck Cond: ((id >= 1108133) AND (id <= 1109132))
	  ->  Bitmap Index Scan on sbtest8_pkey  (cost=0.00..22.29 rows=985 width=0)
	        Index Cond: ((id >= 1108133) AND (id <= 1109132))

for: sum_ranges
table 1 : explain SELECT SUM(k) FROM sbtest1 WHERE id BETWEEN 4179765 AND 4180764
	Aggregate  (cost=3639.13..3639.14 rows=1 width=8)
	  ->  Bitmap Heap Scan on sbtest1  (cost=22.08..3636.77 rows=941 width=4)
	        Recheck Cond: ((id >= 4179765) AND (id <= 4180764))
	        ->  Bitmap Index Scan on sbtest1_pkey  (cost=0.00..21.84 rows=941 width=0)
	              Index Cond: ((id >= 4179765) AND (id <= 4180764))

table 2 : explain SELECT SUM(k) FROM sbtest2 WHERE id BETWEEN 6449899 AND 6450898
	Aggregate  (cost=4121.16..4121.17 rows=1 width=8)
	  ->  Bitmap Heap Scan on sbtest2  (cost=23.39..4118.48 rows=1069 width=4)
	        Recheck Cond: ((id >= 6449899) AND (id <= 6450898))
	        ->  Bitmap Index Scan on sbtest2_pkey  (cost=0.00..23.12 rows=1069 width=0)
	              Index Cond: ((id >= 6449899) AND (id <= 6450898))

table 3 : explain SELECT SUM(k) FROM sbtest3 WHERE id BETWEEN 24416 AND 25415
	Aggregate  (cost=4125.31..4125.32 rows=1 width=8)
	  ->  Bitmap Heap Scan on sbtest3  (cost=23.40..4122.64 rows=1070 width=4)
	        Recheck Cond: ((id >= 24416) AND (id <= 25415))
	        ->  Bitmap Index Scan on sbtest3_pkey  (cost=0.00..23.14 rows=1070 width=0)
	              Index Cond: ((id >= 24416) AND (id <= 25415))

table 4 : explain SELECT SUM(k) FROM sbtest4 WHERE id BETWEEN 6197670 AND 6198669
	Aggregate  (cost=3798.21..3798.22 rows=1 width=8)
	  ->  Bitmap Heap Scan on sbtest4  (cost=22.51..3795.76 rows=983 width=4)
	        Recheck Cond: ((id >= 6197670) AND (id <= 6198669))
	        ->  Bitmap Index Scan on sbtest4_pkey  (cost=0.00..22.26 rows=983 width=0)
	              Index Cond: ((id >= 6197670) AND (id <= 6198669))

table 5 : explain SELECT SUM(k) FROM sbtest5 WHERE id BETWEEN 7555968 AND 7556967
	Aggregate  (cost=3967.82..3967.83 rows=1 width=8)
	  ->  Bitmap Heap Scan on sbtest5  (cost=22.97..3965.25 rows=1028 width=4)
	        Recheck Cond: ((id >= 7555968) AND (id <= 7556967))
	        ->  Bitmap Index Scan on sbtest5_pkey  (cost=0.00..22.71 rows=1028 width=0)
	              Index Cond: ((id >= 7555968) AND (id <= 7556967))

table 6 : explain SELECT SUM(k) FROM sbtest6 WHERE id BETWEEN 1099362 AND 1100361
	Aggregate  (cost=3644.63..3644.64 rows=1 width=8)
	  ->  Bitmap Heap Scan on sbtest6  (cost=22.09..3642.27 rows=942 width=4)
	        Recheck Cond: ((id >= 1099362) AND (id <= 1100361))
	        ->  Bitmap Index Scan on sbtest6_pkey  (cost=0.00..21.86 rows=942 width=0)
	              Index Cond: ((id >= 1099362) AND (id <= 1100361))

table 7 : explain SELECT SUM(k) FROM sbtest7 WHERE id BETWEEN 8534918 AND 8535917
	Aggregate  (cost=4145.22..4145.23 rows=1 width=8)
	  ->  Bitmap Heap Scan on sbtest7  (cost=23.45..4142.54 rows=1075 width=4)
	        Recheck Cond: ((id >= 8534918) AND (id <= 8535917))
	        ->  Bitmap Index Scan on sbtest7_pkey  (cost=0.00..23.18 rows=1075 width=0)
	              Index Cond: ((id >= 8534918) AND (id <= 8535917))

table 8 : explain SELECT SUM(k) FROM sbtest8 WHERE id BETWEEN 3540554 AND 3541553
	Aggregate  (cost=3800.05..3800.06 rows=1 width=8)
	  ->  Bitmap Heap Scan on sbtest8  (cost=22.51..3797.59 rows=983 width=4)
	        Recheck Cond: ((id >= 3540554) AND (id <= 3541553))
	        ->  Bitmap Index Scan on sbtest8_pkey  (cost=0.00..22.26 rows=983 width=0)
	              Index Cond: ((id >= 3540554) AND (id <= 3541553))

explain: for point_selects :: explain SELECT c FROM sbtest%u WHERE id=%u
for: distinct_ranges
table 1 : explain SELECT DISTINCT c FROM sbtest1 WHERE id BETWEEN 2115782 AND 2116781 ORDER BY c
	Unique  (cost=3729.17..3733.94 rows=953 width=121)
	  ->  Sort  (cost=3729.17..3731.55 rows=953 width=121)
	        Sort Key: c
	        ->  Bitmap Heap Scan on sbtest1  (cost=22.20..3682.01 rows=953 width=121)
	              Recheck Cond: ((id >= 2115782) AND (id <= 2116781))
	              ->  Bitmap Index Scan on sbtest1_pkey  (cost=0.00..21.96 rows=953 width=0)
	                    Index Cond: ((id >= 2115782) AND (id <= 2116781))

table 2 : explain SELECT DISTINCT c FROM sbtest2 WHERE id BETWEEN 3671908 AND 3672907 ORDER BY c
	Unique  (cost=3943.34..3948.39 rows=1009 width=121)
	  ->  Sort  (cost=3943.34..3945.86 rows=1009 width=121)
	        Sort Key: c
	        ->  Bitmap Heap Scan on sbtest2  (cost=22.78..3893.00 rows=1009 width=121)
	              Recheck Cond: ((id >= 3671908) AND (id <= 3672907))
	              ->  Bitmap Index Scan on sbtest2_pkey  (cost=0.00..22.52 rows=1009 width=0)
	                    Index Cond: ((id >= 3671908) AND (id <= 3672907))

table 3 : explain SELECT DISTINCT c FROM sbtest3 WHERE id BETWEEN 3431955 AND 3432954 ORDER BY c
	Unique  (cost=3798.47..3803.33 rows=971 width=121)
	  ->  Sort  (cost=3798.47..3800.90 rows=971 width=121)
	        Sort Key: c
	        ->  Bitmap Heap Scan on sbtest3  (cost=22.39..3750.29 rows=971 width=121)
	              Recheck Cond: ((id >= 3431955) AND (id <= 3432954))
	              ->  Bitmap Index Scan on sbtest3_pkey  (cost=0.00..22.14 rows=971 width=0)
	                    Index Cond: ((id >= 3431955) AND (id <= 3432954))

table 4 : explain SELECT DISTINCT c FROM sbtest4 WHERE id BETWEEN 4964078 AND 4965077 ORDER BY c
	Unique  (cost=4214.90..4220.30 rows=1080 width=121)
	  ->  Sort  (cost=4214.90..4217.60 rows=1080 width=121)
	        Sort Key: c
	        ->  Bitmap Heap Scan on sbtest4  (cost=23.50..4160.48 rows=1080 width=121)
	              Recheck Cond: ((id >= 4964078) AND (id <= 4965077))
	              ->  Bitmap Index Scan on sbtest4_pkey  (cost=0.00..23.23 rows=1080 width=0)
	                    Index Cond: ((id >= 4964078) AND (id <= 4965077))

table 5 : explain SELECT DISTINCT c FROM sbtest5 WHERE id BETWEEN 7803466 AND 7804465 ORDER BY c
	Unique  (cost=3875.33..3880.29 rows=991 width=121)
	  ->  Sort  (cost=3875.33..3877.81 rows=991 width=121)
	        Sort Key: c
	        ->  Bitmap Heap Scan on sbtest5  (cost=22.59..3826.01 rows=991 width=121)
	              Recheck Cond: ((id >= 7803466) AND (id <= 7804465))
	              ->  Bitmap Index Scan on sbtest5_pkey  (cost=0.00..22.34 rows=991 width=0)
	                    Index Cond: ((id >= 7803466) AND (id <= 7804465))

table 6 : explain SELECT DISTINCT c FROM sbtest6 WHERE id BETWEEN 1929792 AND 1930791 ORDER BY c
	Unique  (cost=3895.45..3900.43 rows=996 width=121)
	  ->  Sort  (cost=3895.45..3897.94 rows=996 width=121)
	        Sort Key: c
	        ->  Bitmap Heap Scan on sbtest6  (cost=22.64..3845.85 rows=996 width=121)
	              Recheck Cond: ((id >= 1929792) AND (id <= 1930791))
	              ->  Bitmap Index Scan on sbtest6_pkey  (cost=0.00..22.39 rows=996 width=0)
	                    Index Cond: ((id >= 1929792) AND (id <= 1930791))

table 7 : explain SELECT DISTINCT c FROM sbtest7 WHERE id BETWEEN 6165816 AND 6166815 ORDER BY c
	Unique  (cost=3772.65..3777.47 rows=964 width=121)
	  ->  Sort  (cost=3772.65..3775.06 rows=964 width=121)
	        Sort Key: c
	        ->  Bitmap Heap Scan on sbtest7  (cost=22.32..3724.87 rows=964 width=121)
	              Recheck Cond: ((id >= 6165816) AND (id <= 6166815))
	              ->  Bitmap Index Scan on sbtest7_pkey  (cost=0.00..22.07 rows=964 width=0)
	                    Index Cond: ((id >= 6165816) AND (id <= 6166815))

table 8 : explain SELECT DISTINCT c FROM sbtest8 WHERE id BETWEEN 8237234 AND 8238233 ORDER BY c
	Unique  (cost=3984.11..3989.21 rows=1019 width=121)
	  ->  Sort  (cost=3984.11..3986.66 rows=1019 width=121)
	        Sort Key: c
	        ->  Bitmap Heap Scan on sbtest8  (cost=22.88..3933.20 rows=1019 width=121)
	              Recheck Cond: ((id >= 8237234) AND (id <= 8238233))
	              ->  Bitmap Index Scan on sbtest8_pkey  (cost=0.00..22.62 rows=1019 width=0)
	                    Index Cond: ((id >= 8237234) AND (id <= 8238233))

for point_selects
table 1 : explain SELECT c FROM sbtest1 WHERE id=1304667
	Index Scan using sbtest1_pkey on sbtest1  (cost=0.43..8.45 rows=1 width=121)
	  Index Cond: (id = 1304667)

table 2 : explain SELECT c FROM sbtest2 WHERE id=2745719
	Index Scan using sbtest2_pkey on sbtest2  (cost=0.43..8.45 rows=1 width=121)
	  Index Cond: (id = 2745719)

table 3 : explain SELECT c FROM sbtest3 WHERE id=8632109
	Index Scan using sbtest3_pkey on sbtest3  (cost=0.43..8.45 rows=1 width=121)
	  Index Cond: (id = 8632109)

table 4 : explain SELECT c FROM sbtest4 WHERE id=5159650
	Index Scan using sbtest4_pkey on sbtest4  (cost=0.43..8.45 rows=1 width=121)
	  Index Cond: (id = 5159650)

table 5 : explain SELECT c FROM sbtest5 WHERE id=3156315
	Index Scan using sbtest5_pkey on sbtest5  (cost=0.43..8.45 rows=1 width=121)
	  Index Cond: (id = 3156315)

table 6 : explain SELECT c FROM sbtest6 WHERE id=2183240
	Index Scan using sbtest6_pkey on sbtest6  (cost=0.43..8.45 rows=1 width=121)
	  Index Cond: (id = 2183240)

table 7 : explain SELECT c FROM sbtest7 WHERE id=5461606
	Index Scan using sbtest7_pkey on sbtest7  (cost=0.43..8.45 rows=1 width=121)
	  Index Cond: (id = 5461606)

table 8 : explain SELECT c FROM sbtest8 WHERE id=9410911
	Index Scan using sbtest8_pkey on sbtest8  (cost=0.43..8.45 rows=1 width=121)
	  Index Cond: (id = 9410911)

for: simple_ranges
table 1 : explain SELECT c FROM sbtest1 WHERE id BETWEEN 878432 AND 879431
	Bitmap Heap Scan on sbtest1  (cost=22.07..3633.00 rows=940 width=121)
	  Recheck Cond: ((id >= 878432) AND (id <= 879431))
	  ->  Bitmap Index Scan on sbtest1_pkey  (cost=0.00..21.83 rows=940 width=0)
	        Index Cond: ((id >= 878432) AND (id <= 879431))

table 2 : explain SELECT c FROM sbtest2 WHERE id BETWEEN 5033463 AND 5034462
	Bitmap Heap Scan on sbtest2  (cost=23.13..4020.83 rows=1043 width=121)
	  Recheck Cond: ((id >= 5033463) AND (id <= 5034462))
	  ->  Bitmap Index Scan on sbtest2_pkey  (cost=0.00..22.86 rows=1043 width=0)
	        Index Cond: ((id >= 5033463) AND (id <= 5034462))

table 3 : explain SELECT c FROM sbtest3 WHERE id BETWEEN 9430358 AND 9431357
	Bitmap Heap Scan on sbtest3  (cost=22.33..3727.69 rows=965 width=121)
	  Recheck Cond: ((id >= 9430358) AND (id <= 9431357))
	  ->  Bitmap Index Scan on sbtest3_pkey  (cost=0.00..22.08 rows=965 width=0)
	        Index Cond: ((id >= 9430358) AND (id <= 9431357))

table 4 : explain SELECT c FROM sbtest4 WHERE id BETWEEN 6209488 AND 6210487
	Bitmap Heap Scan on sbtest4  (cost=22.51..3795.76 rows=983 width=121)
	  Recheck Cond: ((id >= 6209488) AND (id <= 6210487))
	  ->  Bitmap Index Scan on sbtest4_pkey  (cost=0.00..22.26 rows=983 width=0)
	        Index Cond: ((id >= 6209488) AND (id <= 6210487))

table 5 : explain SELECT c FROM sbtest5 WHERE id BETWEEN 1640962 AND 1641961
	Bitmap Heap Scan on sbtest5  (cost=22.09..3641.35 rows=942 width=121)
	  Recheck Cond: ((id >= 1640962) AND (id <= 1641961))
	  ->  Bitmap Index Scan on sbtest5_pkey  (cost=0.00..21.86 rows=942 width=0)
	        Index Cond: ((id >= 1640962) AND (id <= 1641961))

table 6 : explain SELECT c FROM sbtest6 WHERE id BETWEEN 9316184 AND 9317183
	Bitmap Heap Scan on sbtest6  (cost=22.85..3921.15 rows=1016 width=121)
	  Recheck Cond: ((id >= 9316184) AND (id <= 9317183))
	  ->  Bitmap Index Scan on sbtest6_pkey  (cost=0.00..22.59 rows=1016 width=0)
	        Index Cond: ((id >= 9316184) AND (id <= 9317183))

table 7 : explain SELECT c FROM sbtest7 WHERE id BETWEEN 1025707 AND 1026706
	Bitmap Heap Scan on sbtest7  (cost=23.28..4078.67 rows=1058 width=121)
	  Recheck Cond: ((id >= 1025707) AND (id <= 1026706))
	  ->  Bitmap Index Scan on sbtest7_pkey  (cost=0.00..23.01 rows=1058 width=0)
	        Index Cond: ((id >= 1025707) AND (id <= 1026706))

table 8 : explain SELECT c FROM sbtest8 WHERE id BETWEEN 6742930 AND 6743929
	Bitmap Heap Scan on sbtest8  (cost=22.93..3952.02 rows=1024 width=121)
	  Recheck Cond: ((id >= 6742930) AND (id <= 6743929))
	  ->  Bitmap Index Scan on sbtest8_pkey  (cost=0.00..22.68 rows=1024 width=0)
	        Index Cond: ((id >= 6742930) AND (id <= 6743929))

for: simple_ranges
table 1 : explain SELECT c FROM sbtest1 WHERE id BETWEEN 7391007 AND 7392006
	Bitmap Heap Scan on sbtest1  (cost=27.79..4264.95 rows=1108 width=121)
	  Recheck Cond: ((id >= 7391007) AND (id <= 7392006))
	  ->  Bitmap Index Scan on sbtest1_pkey  (cost=0.00..27.51 rows=1108 width=0)
	        Index Cond: ((id >= 7391007) AND (id <= 7392006))

table 2 : explain SELECT c FROM sbtest2 WHERE id BETWEEN 9109584 AND 9110583
	Bitmap Heap Scan on sbtest2  (cost=22.77..3889.24 rows=1008 width=121)
	  Recheck Cond: ((id >= 9109584) AND (id <= 9110583))
	  ->  Bitmap Index Scan on sbtest2_pkey  (cost=0.00..22.51 rows=1008 width=0)
	        Index Cond: ((id >= 9109584) AND (id <= 9110583))

table 3 : explain SELECT c FROM sbtest3 WHERE id BETWEEN 1665480 AND 1666479
	Bitmap Heap Scan on sbtest3  (cost=22.01..3610.80 rows=934 width=121)
	  Recheck Cond: ((id >= 1665480) AND (id <= 1666479))
	  ->  Bitmap Index Scan on sbtest3_pkey  (cost=0.00..21.77 rows=934 width=0)
	        Index Cond: ((id >= 1665480) AND (id <= 1666479))

table 4 : explain SELECT c FROM sbtest4 WHERE id BETWEEN 630793 AND 631792
	Bitmap Heap Scan on sbtest4  (cost=22.80..3901.16 rows=1011 width=121)
	  Recheck Cond: ((id >= 630793) AND (id <= 631792))
	  ->  Bitmap Index Scan on sbtest4_pkey  (cost=0.00..22.54 rows=1011 width=0)
	        Index Cond: ((id >= 630793) AND (id <= 631792))

table 5 : explain SELECT c FROM sbtest5 WHERE id BETWEEN 1831599 AND 1832598
	Bitmap Heap Scan on sbtest5  (cost=21.65..3479.03 rows=899 width=121)
	  Recheck Cond: ((id >= 1831599) AND (id <= 1832598))
	  ->  Bitmap Index Scan on sbtest5_pkey  (cost=0.00..21.43 rows=899 width=0)
	        Index Cond: ((id >= 1831599) AND (id <= 1832598))

table 6 : explain SELECT c FROM sbtest6 WHERE id BETWEEN 3951732 AND 3952731
	Bitmap Heap Scan on sbtest6  (cost=23.20..4049.04 rows=1050 width=121)
	  Recheck Cond: ((id >= 3951732) AND (id <= 3952731))
	  ->  Bitmap Index Scan on sbtest6_pkey  (cost=0.00..22.93 rows=1050 width=0)
	        Index Cond: ((id >= 3951732) AND (id <= 3952731))

table 7 : explain SELECT c FROM sbtest7 WHERE id BETWEEN 3893322 AND 3894321
	Bitmap Heap Scan on sbtest7  (cost=22.60..3830.38 rows=992 width=121)
	  Recheck Cond: ((id >= 3893322) AND (id <= 3894321))
	  ->  Bitmap Index Scan on sbtest7_pkey  (cost=0.00..22.36 rows=992 width=0)
	        Index Cond: ((id >= 3893322) AND (id <= 3894321))

table 8 : explain SELECT c FROM sbtest8 WHERE id BETWEEN 9046933 AND 9047932
	Bitmap Heap Scan on sbtest8  (cost=22.70..3865.42 rows=1001 width=121)
	  Recheck Cond: ((id >= 9046933) AND (id <= 9047932))
	  ->  Bitmap Index Scan on sbtest8_pkey  (cost=0.00..22.44 rows=1001 width=0)
	        Index Cond: ((id >= 9046933) AND (id <= 9047932))

for: sum_ranges
table 1 : explain SELECT SUM(k) FROM sbtest1 WHERE id BETWEEN 4020321 AND 4021320
	Aggregate  (cost=3578.74..3578.75 rows=1 width=8)
	  ->  Bitmap Heap Scan on sbtest1  (cost=21.92..3576.42 rows=925 width=4)
	        Recheck Cond: ((id >= 4020321) AND (id <= 4021320))
	        ->  Bitmap Index Scan on sbtest1_pkey  (cost=0.00..21.68 rows=925 width=0)
	              Index Cond: ((id >= 4020321) AND (id <= 4021320))

table 2 : explain SELECT SUM(k) FROM sbtest2 WHERE id BETWEEN 7900280 AND 7901279
	Aggregate  (cost=3680.73..3680.74 rows=1 width=8)
	  ->  Bitmap Heap Scan on sbtest2  (cost=22.19..3678.35 rows=952 width=4)
	        Recheck Cond: ((id >= 7900280) AND (id <= 7901279))
	        ->  Bitmap Index Scan on sbtest2_pkey  (cost=0.00..21.95 rows=952 width=0)
	              Index Cond: ((id >= 7900280) AND (id <= 7901279))

table 3 : explain SELECT SUM(k) FROM sbtest3 WHERE id BETWEEN 7523867 AND 7524866
	Aggregate  (cost=3594.26..3594.27 rows=1 width=8)
	  ->  Bitmap Heap Scan on sbtest3  (cost=21.96..3591.94 rows=929 width=4)
	        Recheck Cond: ((id >= 7523867) AND (id <= 7524866))
	        ->  Bitmap Index Scan on sbtest3_pkey  (cost=0.00..21.72 rows=929 width=0)
	              Index Cond: ((id >= 7523867) AND (id <= 7524866))

table 4 : explain SELECT SUM(k) FROM sbtest4 WHERE id BETWEEN 4922519 AND 4923518
	Aggregate  (cost=3688.86..3688.87 rows=1 width=8)
	  ->  Bitmap Heap Scan on sbtest4  (cost=22.21..3686.48 rows=954 width=4)
	        Recheck Cond: ((id >= 4922519) AND (id <= 4923518))
	        ->  Bitmap Index Scan on sbtest4_pkey  (cost=0.00..21.97 rows=954 width=0)
	              Index Cond: ((id >= 4922519) AND (id <= 4923518))

table 5 : explain SELECT SUM(k) FROM sbtest5 WHERE id BETWEEN 3103013 AND 3104012
	Aggregate  (cost=3941.47..3941.48 rows=1 width=8)
	  ->  Bitmap Heap Scan on sbtest5  (cost=22.90..3938.92 rows=1021 width=4)
	        Recheck Cond: ((id >= 3103013) AND (id <= 3104012))
	        ->  Bitmap Index Scan on sbtest5_pkey  (cost=0.00..22.64 rows=1021 width=0)
	              Index Cond: ((id >= 3103013) AND (id <= 3104012))

table 6 : explain SELECT SUM(k) FROM sbtest6 WHERE id BETWEEN 5198833 AND 5199832
	Aggregate  (cost=3821.95..3821.96 rows=1 width=8)
	  ->  Bitmap Heap Scan on sbtest6  (cost=22.57..3819.48 rows=989 width=4)
	        Recheck Cond: ((id >= 5198833) AND (id <= 5199832))
	        ->  Bitmap Index Scan on sbtest6_pkey  (cost=0.00..22.32 rows=989 width=0)
	              Index Cond: ((id >= 5198833) AND (id <= 5199832))

table 7 : explain SELECT SUM(k) FROM sbtest7 WHERE id BETWEEN 7042333 AND 7043332
	Aggregate  (cost=4073.80..4073.81 rows=1 width=8)
	  ->  Bitmap Heap Scan on sbtest7  (cost=23.26..4071.16 rows=1056 width=4)
	        Recheck Cond: ((id >= 7042333) AND (id <= 7043332))
	        ->  Bitmap Index Scan on sbtest7_pkey  (cost=0.00..23.00 rows=1056 width=0)
	              Index Cond: ((id >= 7042333) AND (id <= 7043332))

table 8 : explain SELECT SUM(k) FROM sbtest8 WHERE id BETWEEN 817709 AND 818708
	Aggregate  (cost=3984.70..3984.71 rows=1 width=8)
	  ->  Bitmap Heap Scan on sbtest8  (cost=23.01..3982.12 rows=1032 width=4)
	        Recheck Cond: ((id >= 817709) AND (id <= 818708))
	        ->  Bitmap Index Scan on sbtest8_pkey  (cost=0.00..22.75 rows=1032 width=0)
	              Index Cond: ((id >= 817709) AND (id <= 818708))

for: sum_ranges
table 1 : explain SELECT SUM(k) FROM sbtest1 WHERE id BETWEEN 4507027 AND 4508026
	Aggregate  (cost=4102.25..4102.26 rows=1 width=8)
	  ->  Bitmap Heap Scan on sbtest1  (cost=23.34..4099.59 rows=1064 width=4)
	        Recheck Cond: ((id >= 4507027) AND (id <= 4508026))
	        ->  Bitmap Index Scan on sbtest1_pkey  (cost=0.00..23.07 rows=1064 width=0)
	              Index Cond: ((id >= 4507027) AND (id <= 4508026))

table 2 : explain SELECT SUM(k) FROM sbtest2 WHERE id BETWEEN 9638002 AND 9639001
	Aggregate  (cost=3771.22..3771.23 rows=1 width=8)
	  ->  Bitmap Heap Scan on sbtest2  (cost=22.44..3768.78 rows=976 width=4)
	        Recheck Cond: ((id >= 9638002) AND (id <= 9639001))
	        ->  Bitmap Index Scan on sbtest2_pkey  (cost=0.00..22.19 rows=976 width=0)
	              Index Cond: ((id >= 9638002) AND (id <= 9639001))

table 3 : explain SELECT SUM(k) FROM sbtest3 WHERE id BETWEEN 9203363 AND 9204362
	Aggregate  (cost=3730.10..3730.11 rows=1 width=8)
	  ->  Bitmap Heap Scan on sbtest3  (cost=22.33..3727.69 rows=965 width=4)
	        Recheck Cond: ((id >= 9203363) AND (id <= 9204362))
	        ->  Bitmap Index Scan on sbtest3_pkey  (cost=0.00..22.08 rows=965 width=0)
	              Index Cond: ((id >= 9203363) AND (id <= 9204362))

table 4 : explain SELECT SUM(k) FROM sbtest4 WHERE id BETWEEN 123383 AND 124382
	Aggregate  (cost=3948.86..3948.87 rows=1 width=8)
	  ->  Bitmap Heap Scan on sbtest4  (cost=22.92..3946.31 rows=1023 width=4)
	        Recheck Cond: ((id >= 123383) AND (id <= 124382))
	        ->  Bitmap Index Scan on sbtest4_pkey  (cost=0.00..22.66 rows=1023 width=0)
	              Index Cond: ((id >= 123383) AND (id <= 124382))

table 5 : explain SELECT SUM(k) FROM sbtest5 WHERE id BETWEEN 5730709 AND 5731708
	Aggregate  (cost=3828.49..3828.50 rows=1 width=8)
	  ->  Bitmap Heap Scan on sbtest5  (cost=22.59..3826.01 rows=991 width=4)
	        Recheck Cond: ((id >= 5730709) AND (id <= 5731708))
	        ->  Bitmap Index Scan on sbtest5_pkey  (cost=0.00..22.34 rows=991 width=0)
	              Index Cond: ((id >= 5730709) AND (id <= 5731708))

table 6 : explain SELECT SUM(k) FROM sbtest6 WHERE id BETWEEN 7062262 AND 7063261
	Aggregate  (cost=3953.82..3953.83 rows=1 width=8)
	  ->  Bitmap Heap Scan on sbtest6  (cost=22.93..3951.26 rows=1024 width=4)
	        Recheck Cond: ((id >= 7062262) AND (id <= 7063261))
	        ->  Bitmap Index Scan on sbtest6_pkey  (cost=0.00..22.68 rows=1024 width=0)
	              Index Cond: ((id >= 7062262) AND (id <= 7063261))

table 7 : explain SELECT SUM(k) FROM sbtest7 WHERE id BETWEEN 7333178 AND 7334177
	Aggregate  (cost=3606.50..3606.51 rows=1 width=8)
	  ->  Bitmap Heap Scan on sbtest7  (cost=21.99..3604.17 rows=932 width=4)
	        Recheck Cond: ((id >= 7333178) AND (id <= 7334177))
	        ->  Bitmap Index Scan on sbtest7_pkey  (cost=0.00..21.75 rows=932 width=0)
	              Index Cond: ((id >= 7333178) AND (id <= 7334177))

table 8 : explain SELECT SUM(k) FROM sbtest8 WHERE id BETWEEN 2423320 AND 2424319
	Aggregate  (cost=3524.37..3524.38 rows=1 width=8)
	  ->  Bitmap Heap Scan on sbtest8  (cost=21.76..3522.09 rows=910 width=4)
	        Recheck Cond: ((id >= 2423320) AND (id <= 2424319))
	        ->  Bitmap Index Scan on sbtest8_pkey  (cost=0.00..21.54 rows=910 width=0)
	              Index Cond: ((id >= 2423320) AND (id <= 2424319))

for: order_ranges
table 1 : explain SELECT c FROM sbtest1 WHERE id BETWEEN 5449032 AND 5450031 ORDER BY c
	Sort  (cost=4191.20..4193.88 rows=1074 width=121)
	  Sort Key: c
	  ->  Bitmap Heap Scan on sbtest1  (cost=23.44..4137.13 rows=1074 width=121)
	        Recheck Cond: ((id >= 5449032) AND (id <= 5450031))
	        ->  Bitmap Index Scan on sbtest1_pkey  (cost=0.00..23.18 rows=1074 width=0)
	              Index Cond: ((id >= 5449032) AND (id <= 5450031))

table 2 : explain SELECT c FROM sbtest2 WHERE id BETWEEN 219567 AND 220566 ORDER BY c
	Sort  (cost=4351.56..4354.35 rows=1116 width=121)
	  Sort Key: c
	  ->  Bitmap Heap Scan on sbtest2  (cost=27.87..4295.07 rows=1116 width=121)
	        Recheck Cond: ((id >= 219567) AND (id <= 220566))
	        ->  Bitmap Index Scan on sbtest2_pkey  (cost=0.00..27.59 rows=1116 width=0)
	              Index Cond: ((id >= 219567) AND (id <= 220566))

table 3 : explain SELECT c FROM sbtest3 WHERE id BETWEEN 6727322 AND 6728321 ORDER BY c
	Sort  (cost=4233.65..4236.36 rows=1085 width=121)
	  Sort Key: c
	  ->  Bitmap Heap Scan on sbtest3  (cost=23.56..4178.95 rows=1085 width=121)
	        Recheck Cond: ((id >= 6727322) AND (id <= 6728321))
	        ->  Bitmap Index Scan on sbtest3_pkey  (cost=0.00..23.29 rows=1085 width=0)
	              Index Cond: ((id >= 6727322) AND (id <= 6728321))

table 4 : explain SELECT c FROM sbtest4 WHERE id BETWEEN 7022307 AND 7023306 ORDER BY c
	Sort  (cost=3852.26..3854.73 rows=985 width=121)
	  Sort Key: c
	  ->  Bitmap Heap Scan on sbtest4  (cost=22.53..3803.29 rows=985 width=121)
	        Recheck Cond: ((id >= 7022307) AND (id <= 7023306))
	        ->  Bitmap Index Scan on sbtest4_pkey  (cost=0.00..22.29 rows=985 width=0)
	              Index Cond: ((id >= 7022307) AND (id <= 7023306))

table 5 : explain SELECT c FROM sbtest5 WHERE id BETWEEN 3491104 AND 3492103 ORDER BY c
	Sort  (cost=3905.91..3908.40 rows=999 width=121)
	  Sort Key: c
	  ->  Bitmap Heap Scan on sbtest5  (cost=22.67..3856.13 rows=999 width=121)
	        Recheck Cond: ((id >= 3491104) AND (id <= 3492103))
	        ->  Bitmap Index Scan on sbtest5_pkey  (cost=0.00..22.43 rows=999 width=0)
	              Index Cond: ((id >= 3491104) AND (id <= 3492103))

table 6 : explain SELECT c FROM sbtest6 WHERE id BETWEEN 7306466 AND 7307465 ORDER BY c
	Sort  (cost=4155.16..4157.82 rows=1064 width=121)
	  Sort Key: c
	  ->  Bitmap Heap Scan on sbtest6  (cost=23.34..4101.66 rows=1064 width=121)
	        Recheck Cond: ((id >= 7306466) AND (id <= 7307465))
	        ->  Bitmap Index Scan on sbtest6_pkey  (cost=0.00..23.07 rows=1064 width=0)
	              Index Cond: ((id >= 7306466) AND (id <= 7307465))

table 7 : explain SELECT c FROM sbtest7 WHERE id BETWEEN 9646891 AND 9647890 ORDER BY c
	Sort  (cost=4200.48..4203.17 rows=1076 width=121)
	  Sort Key: c
	  ->  Bitmap Heap Scan on sbtest7  (cost=23.46..4146.29 rows=1076 width=121)
	        Recheck Cond: ((id >= 9646891) AND (id <= 9647890))
	        ->  Bitmap Index Scan on sbtest7_pkey  (cost=0.00..23.19 rows=1076 width=0)
	              Index Cond: ((id >= 9646891) AND (id <= 9647890))

table 8 : explain SELECT c FROM sbtest8 WHERE id BETWEEN 5557311 AND 5558310 ORDER BY c
	Sort  (cost=3900.00..3902.50 rows=997 width=121)
	  Sort Key: c
	  ->  Bitmap Heap Scan on sbtest8  (cost=22.65..3850.35 rows=997 width=121)
	        Recheck Cond: ((id >= 5557311) AND (id <= 5558310))
	        ->  Bitmap Index Scan on sbtest8_pkey  (cost=0.00..22.40 rows=997 width=0)
	              Index Cond: ((id >= 5557311) AND (id <= 5558310))

for: distinct_ranges
table 1 : explain SELECT DISTINCT c FROM sbtest1 WHERE id BETWEEN 1225124 AND 1226123 ORDER BY c
	Unique  (cost=3740.65..3745.43 rows=956 width=121)
	  ->  Sort  (cost=3740.65..3743.04 rows=956 width=121)
	        Sort Key: c
	        ->  Bitmap Heap Scan on sbtest1  (cost=22.23..3693.32 rows=956 width=121)
	              Recheck Cond: ((id >= 1225124) AND (id <= 1226123))
	              ->  Bitmap Index Scan on sbtest1_pkey  (cost=0.00..22.00 rows=956 width=0)
	                    Index Cond: ((id >= 1225124) AND (id <= 1226123))

table 2 : explain SELECT DISTINCT c FROM sbtest2 WHERE id BETWEEN 974107 AND 975106 ORDER BY c
	Unique  (cost=4347.76..4353.33 rows=1115 width=121)
	  ->  Sort  (cost=4347.76..4350.55 rows=1115 width=121)
	        Sort Key: c
	        ->  Bitmap Heap Scan on sbtest2  (cost=27.86..4291.32 rows=1115 width=121)
	              Recheck Cond: ((id >= 974107) AND (id <= 975106))
	              ->  Bitmap Index Scan on sbtest2_pkey  (cost=0.00..27.58 rows=1115 width=0)
	                    Index Cond: ((id >= 974107) AND (id <= 975106))

table 3 : explain SELECT DISTINCT c FROM sbtest3 WHERE id BETWEEN 2624939 AND 2625938 ORDER BY c
	Unique  (cost=4035.34..4040.51 rows=1033 width=121)
	  ->  Sort  (cost=4035.34..4037.93 rows=1033 width=121)
	        Sort Key: c
	        ->  Bitmap Heap Scan on sbtest3  (cost=23.02..3983.63 rows=1033 width=121)
	              Recheck Cond: ((id >= 2624939) AND (id <= 2625938))
	              ->  Bitmap Index Scan on sbtest3_pkey  (cost=0.00..22.76 rows=1033 width=0)
	                    Index Cond: ((id >= 2624939) AND (id <= 2625938))

table 4 : explain SELECT DISTINCT c FROM sbtest4 WHERE id BETWEEN 4671564 AND 4672563 ORDER BY c
	Unique  (cost=3955.44..3960.50 rows=1012 width=121)
	  ->  Sort  (cost=3955.44..3957.97 rows=1012 width=121)
	        Sort Key: c
	        ->  Bitmap Heap Scan on sbtest4  (cost=22.81..3904.93 rows=1012 width=121)
	              Recheck Cond: ((id >= 4671564) AND (id <= 4672563))
	              ->  Bitmap Index Scan on sbtest4_pkey  (cost=0.00..22.55 rows=1012 width=0)
	                    Index Cond: ((id >= 4671564) AND (id <= 4672563))

table 5 : explain SELECT DISTINCT c FROM sbtest5 WHERE id BETWEEN 3050572 AND 3051571 ORDER BY c
	Unique  (cost=3875.33..3880.29 rows=991 width=121)
	  ->  Sort  (cost=3875.33..3877.81 rows=991 width=121)
	        Sort Key: c
	        ->  Bitmap Heap Scan on sbtest5  (cost=22.59..3826.01 rows=991 width=121)
	              Recheck Cond: ((id >= 3050572) AND (id <= 3051571))
	              ->  Bitmap Index Scan on sbtest5_pkey  (cost=0.00..22.34 rows=991 width=0)
	                    Index Cond: ((id >= 3050572) AND (id <= 3051571))

table 6 : explain SELECT DISTINCT c FROM sbtest6 WHERE id BETWEEN 7557066 AND 7558065 ORDER BY c
	Unique  (cost=4063.56..4068.76 rows=1040 width=121)
	  ->  Sort  (cost=4063.56..4066.16 rows=1040 width=121)
	        Sort Key: c
	        ->  Bitmap Heap Scan on sbtest6  (cost=23.09..4011.44 rows=1040 width=121)
	              Recheck Cond: ((id >= 7557066) AND (id <= 7558065))
	              ->  Bitmap Index Scan on sbtest6_pkey  (cost=0.00..22.83 rows=1040 width=0)
	                    Index Cond: ((id >= 7557066) AND (id <= 7558065))

table 7 : explain SELECT DISTINCT c FROM sbtest7 WHERE id BETWEEN 6220488 AND 6221487 ORDER BY c
	Unique  (cost=3772.65..3777.47 rows=964 width=121)
	  ->  Sort  (cost=3772.65..3775.06 rows=964 width=121)
	        Sort Key: c
	        ->  Bitmap Heap Scan on sbtest7  (cost=22.32..3724.87 rows=964 width=121)
	              Recheck Cond: ((id >= 6220488) AND (id <= 6221487))
	              ->  Bitmap Index Scan on sbtest7_pkey  (cost=0.00..22.07 rows=964 width=0)
	                    Index Cond: ((id >= 6220488) AND (id <= 6221487))

table 8 : explain SELECT DISTINCT c FROM sbtest8 WHERE id BETWEEN 6385136 AND 6386135 ORDER BY c
	Unique  (cost=3570.65..3575.21 rows=911 width=121)
	  ->  Sort  (cost=3570.65..3572.93 rows=911 width=121)
	        Sort Key: c
	        ->  Bitmap Heap Scan on sbtest8  (cost=21.77..3525.87 rows=911 width=121)
	              Recheck Cond: ((id >= 6385136) AND (id <= 6386135))
	              ->  Bitmap Index Scan on sbtest8_pkey  (cost=0.00..21.54 rows=911 width=0)
	                    Index Cond: ((id >= 6385136) AND (id <= 6386135))

for: distinct_ranges
table 1 : explain SELECT DISTINCT c FROM sbtest1 WHERE id BETWEEN 1397827 AND 1398826 ORDER BY c
	Unique  (cost=4004.31..4009.44 rows=1025 width=121)
	  ->  Sort  (cost=4004.31..4006.87 rows=1025 width=121)
	        Sort Key: c
	        ->  Bitmap Heap Scan on sbtest1  (cost=22.94..3953.05 rows=1025 width=121)
	              Recheck Cond: ((id >= 1397827) AND (id <= 1398826))
	              ->  Bitmap Index Scan on sbtest1_pkey  (cost=0.00..22.68 rows=1025 width=0)
	                    Index Cond: ((id >= 1397827) AND (id <= 1398826))

table 2 : explain SELECT DISTINCT c FROM sbtest2 WHERE id BETWEEN 9085012 AND 9086011 ORDER BY c
	Unique  (cost=3939.52..3944.56 rows=1008 width=121)
	  ->  Sort  (cost=3939.52..3942.04 rows=1008 width=121)
	        Sort Key: c
	        ->  Bitmap Heap Scan on sbtest2  (cost=22.77..3889.24 rows=1008 width=121)
	              Recheck Cond: ((id >= 9085012) AND (id <= 9086011))
	              ->  Bitmap Index Scan on sbtest2_pkey  (cost=0.00..22.51 rows=1008 width=0)
	                    Index Cond: ((id >= 9085012) AND (id <= 9086011))

table 3 : explain SELECT DISTINCT c FROM sbtest3 WHERE id BETWEEN 2257374 AND 2258373 ORDER BY c
	Unique  (cost=4088.77..4094.00 rows=1047 width=121)
	  ->  Sort  (cost=4088.77..4091.38 rows=1047 width=121)
	        Sort Key: c
	        ->  Bitmap Heap Scan on sbtest3  (cost=23.17..4036.25 rows=1047 width=121)
	              Recheck Cond: ((id >= 2257374) AND (id <= 2258373))
	              ->  Bitmap Index Scan on sbtest3_pkey  (cost=0.00..22.90 rows=1047 width=0)
	                    Index Cond: ((id >= 2257374) AND (id <= 2258373))

table 4 : explain SELECT DISTINCT c FROM sbtest4 WHERE id BETWEEN 7492789 AND 7493788 ORDER BY c
	Unique  (cost=3714.55..3719.30 rows=949 width=121)
	  ->  Sort  (cost=3714.55..3716.93 rows=949 width=121)
	        Sort Key: c
	        ->  Bitmap Heap Scan on sbtest4  (cost=22.16..3667.63 rows=949 width=121)
	              Recheck Cond: ((id >= 7492789) AND (id <= 7493788))
	              ->  Bitmap Index Scan on sbtest4_pkey  (cost=0.00..21.93 rows=949 width=0)
	                    Index Cond: ((id >= 7492789) AND (id <= 7493788))

table 5 : explain SELECT DISTINCT c FROM sbtest5 WHERE id BETWEEN 6647224 AND 6648223 ORDER BY c
	Unique  (cost=3511.63..3516.11 rows=896 width=121)
	  ->  Sort  (cost=3511.63..3513.87 rows=896 width=121)
	        Sort Key: c
	        ->  Bitmap Heap Scan on sbtest5  (cost=21.62..3467.69 rows=896 width=121)
	              Recheck Cond: ((id >= 6647224) AND (id <= 6648223))
	              ->  Bitmap Index Scan on sbtest5_pkey  (cost=0.00..21.39 rows=896 width=0)
	                    Index Cond: ((id >= 6647224) AND (id <= 6648223))

table 6 : explain SELECT DISTINCT c FROM sbtest6 WHERE id BETWEEN 421402 AND 422401 ORDER BY c
	Unique  (cost=4063.56..4068.76 rows=1040 width=121)
	  ->  Sort  (cost=4063.56..4066.16 rows=1040 width=121)
	        Sort Key: c
	        ->  Bitmap Heap Scan on sbtest6  (cost=23.09..4011.44 rows=1040 width=121)
	              Recheck Cond: ((id >= 421402) AND (id <= 422401))
	              ->  Bitmap Index Scan on sbtest6_pkey  (cost=0.00..22.83 rows=1040 width=0)
	                    Index Cond: ((id >= 421402) AND (id <= 422401))

table 7 : explain SELECT DISTINCT c FROM sbtest7 WHERE id BETWEEN 6462109 AND 6463108 ORDER BY c
	Unique  (cost=4021.13..4026.27 rows=1029 width=121)
	  ->  Sort  (cost=4021.13..4023.70 rows=1029 width=121)
	        Sort Key: c
	        ->  Bitmap Heap Scan on sbtest7  (cost=22.98..3969.64 rows=1029 width=121)
	              Recheck Cond: ((id >= 6462109) AND (id <= 6463108))
	              ->  Bitmap Index Scan on sbtest7_pkey  (cost=0.00..22.72 rows=1029 width=0)
	                    Index Cond: ((id >= 6462109) AND (id <= 6463108))

table 8 : explain SELECT DISTINCT c FROM sbtest8 WHERE id BETWEEN 1215596 AND 1216595 ORDER BY c
	Unique  (cost=3984.11..3989.21 rows=1019 width=121)
	  ->  Sort  (cost=3984.11..3986.66 rows=1019 width=121)
	        Sort Key: c
	        ->  Bitmap Heap Scan on sbtest8  (cost=22.88..3933.20 rows=1019 width=121)
	              Recheck Cond: ((id >= 1215596) AND (id <= 1216595))
	              ->  Bitmap Index Scan on sbtest8_pkey  (cost=0.00..22.62 rows=1019 width=0)
	                    Index Cond: ((id >= 1215596) AND (id <= 1216595))

for point_selects
table 1 : explain SELECT c FROM sbtest1 WHERE id=4851641
	Index Scan using sbtest1_pkey on sbtest1  (cost=0.43..8.45 rows=1 width=121)
	  Index Cond: (id = 4851641)

table 2 : explain SELECT c FROM sbtest2 WHERE id=9897958
	Index Scan using sbtest2_pkey on sbtest2  (cost=0.43..8.45 rows=1 width=121)
	  Index Cond: (id = 9897958)

table 3 : explain SELECT c FROM sbtest3 WHERE id=6930453
	Index Scan using sbtest3_pkey on sbtest3  (cost=0.43..8.45 rows=1 width=121)
	  Index Cond: (id = 6930453)

table 4 : explain SELECT c FROM sbtest4 WHERE id=9738210
	Index Scan using sbtest4_pkey on sbtest4  (cost=0.43..8.45 rows=1 width=121)
	  Index Cond: (id = 9738210)

table 5 : explain SELECT c FROM sbtest5 WHERE id=9326030
	Index Scan using sbtest5_pkey on sbtest5  (cost=0.43..8.45 rows=1 width=121)
	  Index Cond: (id = 9326030)

table 6 : explain SELECT c FROM sbtest6 WHERE id=418231
	Index Scan using sbtest6_pkey on sbtest6  (cost=0.43..8.45 rows=1 width=121)
	  Index Cond: (id = 418231)

table 7 : explain SELECT c FROM sbtest7 WHERE id=9185780
	Index Scan using sbtest7_pkey on sbtest7  (cost=0.43..8.45 rows=1 width=121)
	  Index Cond: (id = 9185780)

table 8 : explain SELECT c FROM sbtest8 WHERE id=8889508
	Index Scan using sbtest8_pkey on sbtest8  (cost=0.43..8.45 rows=1 width=121)
	  Index Cond: (id = 8889508)

for: simple_ranges
table 1 : explain SELECT c FROM sbtest1 WHERE id BETWEEN 607665 AND 608664
	Bitmap Heap Scan on sbtest1  (cost=22.70..3862.78 rows=1001 width=121)
	  Recheck Cond: ((id >= 607665) AND (id <= 608664))
	  ->  Bitmap Index Scan on sbtest1_pkey  (cost=0.00..22.44 rows=1001 width=0)
	        Index Cond: ((id >= 607665) AND (id <= 608664))

table 2 : explain SELECT c FROM sbtest2 WHERE id BETWEEN 9012624 AND 9013623
	Bitmap Heap Scan on sbtest2  (cost=22.17..3670.81 rows=950 width=121)
	  Recheck Cond: ((id >= 9012624) AND (id <= 9013623))
	  ->  Bitmap Index Scan on sbtest2_pkey  (cost=0.00..21.93 rows=950 width=0)
	        Index Cond: ((id >= 9012624) AND (id <= 9013623))

table 3 : explain SELECT c FROM sbtest3 WHERE id BETWEEN 683629 AND 684628
	Bitmap Heap Scan on sbtest3  (cost=22.31..3720.15 rows=963 width=121)
	  Recheck Cond: ((id >= 683629) AND (id <= 684628))
	  ->  Bitmap Index Scan on sbtest3_pkey  (cost=0.00..22.07 rows=963 width=0)
	        Index Cond: ((id >= 683629) AND (id <= 684628))

table 4 : explain SELECT c FROM sbtest4 WHERE id BETWEEN 7589270 AND 7590269
	Bitmap Heap Scan on sbtest4  (cost=22.36..3739.25 rows=968 width=121)
	  Recheck Cond: ((id >= 7589270) AND (id <= 7590269))
	  ->  Bitmap Index Scan on sbtest4_pkey  (cost=0.00..22.11 rows=968 width=0)
	        Index Cond: ((id >= 7589270) AND (id <= 7590269))

table 5 : explain SELECT c FROM sbtest5 WHERE id BETWEEN 7405263 AND 7406262
	Bitmap Heap Scan on sbtest5  (cost=23.16..4032.92 rows=1046 width=121)
	  Recheck Cond: ((id >= 7405263) AND (id <= 7406262))
	  ->  Bitmap Index Scan on sbtest5_pkey  (cost=0.00..22.89 rows=1046 width=0)
	        Index Cond: ((id >= 7405263) AND (id <= 7406262))

table 6 : explain SELECT c FROM sbtest6 WHERE id BETWEEN 690607 AND 691606
	Bitmap Heap Scan on sbtest6  (cost=22.51..3796.87 rows=983 width=121)
	  Recheck Cond: ((id >= 690607) AND (id <= 691606))
	  ->  Bitmap Index Scan on sbtest6_pkey  (cost=0.00..22.26 rows=983 width=0)
	        Index Cond: ((id >= 690607) AND (id <= 691606))

table 7 : explain SELECT c FROM sbtest7 WHERE id BETWEEN 5222691 AND 5223690
	Bitmap Heap Scan on sbtest7  (cost=22.75..3883.09 rows=1006 width=121)
	  Recheck Cond: ((id >= 5222691) AND (id <= 5223690))
	  ->  Bitmap Index Scan on sbtest7_pkey  (cost=0.00..22.50 rows=1006 width=0)
	        Index Cond: ((id >= 5222691) AND (id <= 5223690))

table 8 : explain SELECT c FROM sbtest8 WHERE id BETWEEN 6947919 AND 6948918
	Bitmap Heap Scan on sbtest8  (cost=22.16..3669.37 rows=949 width=121)
	  Recheck Cond: ((id >= 6947919) AND (id <= 6948918))
	  ->  Bitmap Index Scan on sbtest8_pkey  (cost=0.00..21.93 rows=949 width=0)
	        Index Cond: ((id >= 6947919) AND (id <= 6948918))

for point_selects
table 1 : explain SELECT c FROM sbtest1 WHERE id=4203279
	Index Scan using sbtest1_pkey on sbtest1  (cost=0.43..8.45 rows=1 width=121)
	  Index Cond: (id = 4203279)

table 2 : explain SELECT c FROM sbtest2 WHERE id=1104398
	Index Scan using sbtest2_pkey on sbtest2  (cost=0.43..8.45 rows=1 width=121)
	  Index Cond: (id = 1104398)

table 3 : explain SELECT c FROM sbtest3 WHERE id=6011502
	Index Scan using sbtest3_pkey on sbtest3  (cost=0.43..8.45 rows=1 width=121)
	  Index Cond: (id = 6011502)

table 4 : explain SELECT c FROM sbtest4 WHERE id=9928885
	Index Scan using sbtest4_pkey on sbtest4  (cost=0.43..8.45 rows=1 width=121)
	  Index Cond: (id = 9928885)

table 5 : explain SELECT c FROM sbtest5 WHERE id=3817261
	Index Scan using sbtest5_pkey on sbtest5  (cost=0.43..8.45 rows=1 width=121)
	  Index Cond: (id = 3817261)

table 6 : explain SELECT c FROM sbtest6 WHERE id=868914
	Index Scan using sbtest6_pkey on sbtest6  (cost=0.43..8.45 rows=1 width=121)
	  Index Cond: (id = 868914)

table 7 : explain SELECT c FROM sbtest7 WHERE id=9902471
	Index Scan using sbtest7_pkey on sbtest7  (cost=0.43..8.45 rows=1 width=121)
	  Index Cond: (id = 9902471)

table 8 : explain SELECT c FROM sbtest8 WHERE id=3409782
	Index Scan using sbtest8_pkey on sbtest8  (cost=0.43..8.45 rows=1 width=121)
	  Index Cond: (id = 3409782)

explain: for point_selects :: explain SELECT c FROM sbtest%u WHERE id=%u
for: sum_ranges
table 1 : explain SELECT SUM(k) FROM sbtest1 WHERE id BETWEEN 6342694 AND 6343693
	Aggregate  (cost=3902.93..3902.94 rows=1 width=8)
	  ->  Bitmap Heap Scan on sbtest1  (cost=22.80..3900.41 rows=1011 width=4)
	        Recheck Cond: ((id >= 6342694) AND (id <= 6343693))
	        ->  Bitmap Index Scan on sbtest1_pkey  (cost=0.00..22.54 rows=1011 width=0)
	              Index Cond: ((id >= 6342694) AND (id <= 6343693))

table 2 : explain SELECT SUM(k) FROM sbtest2 WHERE id BETWEEN 1491507 AND 1492506
	Aggregate  (cost=3963.26..3963.27 rows=1 width=8)
	  ->  Bitmap Heap Scan on sbtest2  (cost=22.96..3960.69 rows=1027 width=4)
	        Recheck Cond: ((id >= 1491507) AND (id <= 1492506))
	        ->  Bitmap Index Scan on sbtest2_pkey  (cost=0.00..22.70 rows=1027 width=0)
	              Index Cond: ((id >= 1491507) AND (id <= 1492506))

table 3 : explain SELECT SUM(k) FROM sbtest3 WHERE id BETWEEN 3071657 AND 3072656
	Aggregate  (cost=3839.40..3839.41 rows=1 width=8)
	  ->  Bitmap Heap Scan on sbtest3  (cost=22.62..3836.91 rows=994 width=4)
	        Recheck Cond: ((id >= 3071657) AND (id <= 3072656))
	        ->  Bitmap Index Scan on sbtest3_pkey  (cost=0.00..22.37 rows=994 width=0)
	              Index Cond: ((id >= 3071657) AND (id <= 3072656))

table 4 : explain SELECT SUM(k) FROM sbtest4 WHERE id BETWEEN 4703311 AND 4704310
	Aggregate  (cost=3907.46..3907.47 rows=1 width=8)
	  ->  Bitmap Heap Scan on sbtest4  (cost=22.81..3904.93 rows=1012 width=4)
	        Recheck Cond: ((id >= 4703311) AND (id <= 4704310))
	        ->  Bitmap Index Scan on sbtest4_pkey  (cost=0.00..22.55 rows=1012 width=0)
	              Index Cond: ((id >= 4703311) AND (id <= 4704310))

table 5 : explain SELECT SUM(k) FROM sbtest5 WHERE id BETWEEN 393673 AND 394672
	Aggregate  (cost=4302.51..4302.52 rows=1 width=8)
	  ->  Bitmap Heap Scan on sbtest5  (cost=27.88..4299.72 rows=1117 width=4)
	        Recheck Cond: ((id >= 393673) AND (id <= 394672))
	        ->  Bitmap Index Scan on sbtest5_pkey  (cost=0.00..27.61 rows=1117 width=0)
	              Index Cond: ((id >= 393673) AND (id <= 394672))

table 6 : explain SELECT SUM(k) FROM sbtest6 WHERE id BETWEEN 8259951 AND 8260950
	Aggregate  (cost=3844.57..3844.58 rows=1 width=8)
	  ->  Bitmap Heap Scan on sbtest6  (cost=22.63..3842.08 rows=995 width=4)
	        Recheck Cond: ((id >= 8259951) AND (id <= 8260950))
	        ->  Bitmap Index Scan on sbtest6_pkey  (cost=0.00..22.39 rows=995 width=0)
	              Index Cond: ((id >= 8259951) AND (id <= 8260950))

table 7 : explain SELECT SUM(k) FROM sbtest7 WHERE id BETWEEN 2269524 AND 2270523
	Aggregate  (cost=3983.51..3983.52 rows=1 width=8)
	  ->  Bitmap Heap Scan on sbtest7  (cost=23.01..3980.93 rows=1032 width=4)
	        Recheck Cond: ((id >= 2269524) AND (id <= 2270523))
	        ->  Bitmap Index Scan on sbtest7_pkey  (cost=0.00..22.75 rows=1032 width=0)
	              Index Cond: ((id >= 2269524) AND (id <= 2270523))

table 8 : explain SELECT SUM(k) FROM sbtest8 WHERE id BETWEEN 2761688 AND 2762687
	Aggregate  (cost=3407.08..3407.09 rows=1 width=8)
	  ->  Bitmap Heap Scan on sbtest8  (cost=21.44..3404.88 rows=879 width=4)
	        Recheck Cond: ((id >= 2761688) AND (id <= 2762687))
	        ->  Bitmap Index Scan on sbtest8_pkey  (cost=0.00..21.22 rows=879 width=0)
	              Index Cond: ((id >= 2761688) AND (id <= 2762687))

for point_selects
table 1 : explain SELECT c FROM sbtest1 WHERE id=7515694
	Index Scan using sbtest1_pkey on sbtest1  (cost=0.43..8.45 rows=1 width=121)
	  Index Cond: (id = 7515694)

table 2 : explain SELECT c FROM sbtest2 WHERE id=5126745
	Index Scan using sbtest2_pkey on sbtest2  (cost=0.43..8.45 rows=1 width=121)
	  Index Cond: (id = 5126745)

table 3 : explain SELECT c FROM sbtest3 WHERE id=275176
	Index Scan using sbtest3_pkey on sbtest3  (cost=0.43..8.45 rows=1 width=121)
	  Index Cond: (id = 275176)

table 4 : explain SELECT c FROM sbtest4 WHERE id=6285625
	Index Scan using sbtest4_pkey on sbtest4  (cost=0.43..8.45 rows=1 width=121)
	  Index Cond: (id = 6285625)

table 5 : explain SELECT c FROM sbtest5 WHERE id=4059035
	Index Scan using sbtest5_pkey on sbtest5  (cost=0.43..8.45 rows=1 width=121)
	  Index Cond: (id = 4059035)

table 6 : explain SELECT c FROM sbtest6 WHERE id=8631314
	Index Scan using sbtest6_pkey on sbtest6  (cost=0.43..8.45 rows=1 width=121)
	  Index Cond: (id = 8631314)

table 7 : explain SELECT c FROM sbtest7 WHERE id=8978819
	Index Scan using sbtest7_pkey on sbtest7  (cost=0.43..8.45 rows=1 width=121)
	  Index Cond: (id = 8978819)

table 8 : explain SELECT c FROM sbtest8 WHERE id=2875415
	Index Scan using sbtest8_pkey on sbtest8  (cost=0.43..8.45 rows=1 width=121)
	  Index Cond: (id = 2875415)

for: order_ranges
table 1 : explain SELECT c FROM sbtest1 WHERE id BETWEEN 5457340 AND 5458339 ORDER BY c
	Sort  (cost=4191.20..4193.88 rows=1074 width=121)
	  Sort Key: c
	  ->  Bitmap Heap Scan on sbtest1  (cost=23.44..4137.13 rows=1074 width=121)
	        Recheck Cond: ((id >= 5457340) AND (id <= 5458339))
	        ->  Bitmap Index Scan on sbtest1_pkey  (cost=0.00..23.18 rows=1074 width=0)
	              Index Cond: ((id >= 5457340) AND (id <= 5458339))

table 2 : explain SELECT c FROM sbtest2 WHERE id BETWEEN 5872980 AND 5873979 ORDER BY c
	Sort  (cost=3931.88..3934.40 rows=1006 width=121)
	  Sort Key: c
	  ->  Bitmap Heap Scan on sbtest2  (cost=22.75..3881.71 rows=1006 width=121)
	        Recheck Cond: ((id >= 5872980) AND (id <= 5873979))
	        ->  Bitmap Index Scan on sbtest2_pkey  (cost=0.00..22.50 rows=1006 width=0)
	              Index Cond: ((id >= 5872980) AND (id <= 5873979))

table 3 : explain SELECT c FROM sbtest3 WHERE id BETWEEN 4809642 AND 4810641 ORDER BY c
	Sort  (cost=4016.26..4018.83 rows=1028 width=121)
	  Sort Key: c
	  ->  Bitmap Heap Scan on sbtest3  (cost=22.97..3964.83 rows=1028 width=121)
	        Recheck Cond: ((id >= 4809642) AND (id <= 4810641))
	        ->  Bitmap Index Scan on sbtest3_pkey  (cost=0.00..22.71 rows=1028 width=0)
	              Index Cond: ((id >= 4809642) AND (id <= 4810641))

table 4 : explain SELECT c FROM sbtest4 WHERE id BETWEEN 7872295 AND 7873294 ORDER BY c
	Sort  (cost=3840.79..3843.25 rows=982 width=121)
	  Sort Key: c
	  ->  Bitmap Heap Scan on sbtest4  (cost=22.50..3791.99 rows=982 width=121)
	        Recheck Cond: ((id >= 7872295) AND (id <= 7873294))
	        ->  Bitmap Index Scan on sbtest4_pkey  (cost=0.00..22.25 rows=982 width=0)
	              Index Cond: ((id >= 7872295) AND (id <= 7873294))

table 5 : explain SELECT c FROM sbtest5 WHERE id BETWEEN 6861891 AND 6862890 ORDER BY c
	Sort  (cost=3718.50..3720.88 rows=950 width=121)
	  Sort Key: c
	  ->  Bitmap Heap Scan on sbtest5  (cost=22.17..3671.52 rows=950 width=121)
	        Recheck Cond: ((id >= 6861891) AND (id <= 6862890))
	        ->  Bitmap Index Scan on sbtest5_pkey  (cost=0.00..21.93 rows=950 width=0)
	              Index Cond: ((id >= 6861891) AND (id <= 6862890))

table 6 : explain SELECT c FROM sbtest6 WHERE id BETWEEN 5644706 AND 5645705 ORDER BY c
	Sort  (cost=3948.96..3951.49 rows=1010 width=121)
	  Sort Key: c
	  ->  Bitmap Heap Scan on sbtest6  (cost=22.79..3898.56 rows=1010 width=121)
	        Recheck Cond: ((id >= 5644706) AND (id <= 5645705))
	        ->  Bitmap Index Scan on sbtest6_pkey  (cost=0.00..22.54 rows=1010 width=0)
	              Index Cond: ((id >= 5644706) AND (id <= 5645705))

table 7 : explain SELECT c FROM sbtest7 WHERE id BETWEEN 2990305 AND 2991304 ORDER BY c
	Sort  (cost=4082.21..4084.83 rows=1045 width=121)
	  Sort Key: c
	  ->  Bitmap Heap Scan on sbtest7  (cost=23.15..4029.81 rows=1045 width=121)
	        Recheck Cond: ((id >= 2990305) AND (id <= 2991304))
	        ->  Bitmap Index Scan on sbtest7_pkey  (cost=0.00..22.89 rows=1045 width=0)
	              Index Cond: ((id >= 2990305) AND (id <= 2991304))

table 8 : explain SELECT c FROM sbtest8 WHERE id BETWEEN 6248802 AND 6249801 ORDER BY c
	Sort  (cost=4068.16..4070.76 rows=1041 width=121)
	  Sort Key: c
	  ->  Bitmap Heap Scan on sbtest8  (cost=23.11..4015.98 rows=1041 width=121)
	        Recheck Cond: ((id >= 6248802) AND (id <= 6249801))
	        ->  Bitmap Index Scan on sbtest8_pkey  (cost=0.00..22.84 rows=1041 width=0)
	              Index Cond: ((id >= 6248802) AND (id <= 6249801))

for: sum_ranges
table 1 : explain SELECT SUM(k) FROM sbtest1 WHERE id BETWEEN 3874082 AND 3875081
	Aggregate  (cost=4106.00..4106.01 rows=1 width=8)
	  ->  Bitmap Heap Scan on sbtest1  (cost=23.35..4103.34 rows=1065 width=4)
	        Recheck Cond: ((id >= 3874082) AND (id <= 3875081))
	        ->  Bitmap Index Scan on sbtest1_pkey  (cost=0.00..23.08 rows=1065 width=0)
	              Index Cond: ((id >= 3874082) AND (id <= 3875081))

table 2 : explain SELECT SUM(k) FROM sbtest2 WHERE id BETWEEN 8497713 AND 8498712
	Aggregate  (cost=3741.07..3741.08 rows=1 width=8)
	  ->  Bitmap Heap Scan on sbtest2  (cost=22.36..3738.65 rows=968 width=4)
	        Recheck Cond: ((id >= 8497713) AND (id <= 8498712))
	        ->  Bitmap Index Scan on sbtest2_pkey  (cost=0.00..22.11 rows=968 width=0)
	              Index Cond: ((id >= 8497713) AND (id <= 8498712))

table 3 : explain SELECT SUM(k) FROM sbtest3 WHERE id BETWEEN 9986637 AND 9987636
	Aggregate  (cost=4042.63..4042.64 rows=1 width=8)
	  ->  Bitmap Heap Scan on sbtest3  (cost=23.18..4040.01 rows=1048 width=4)
	        Recheck Cond: ((id >= 9986637) AND (id <= 9987636))
	        ->  Bitmap Index Scan on sbtest3_pkey  (cost=0.00..22.91 rows=1048 width=0)
	              Index Cond: ((id >= 9986637) AND (id <= 9987636))

table 4 : explain SELECT SUM(k) FROM sbtest4 WHERE id BETWEEN 1349503 AND 1350502
	Aggregate  (cost=3651.13..3651.14 rows=1 width=8)
	  ->  Bitmap Heap Scan on sbtest4  (cost=22.11..3648.77 rows=944 width=4)
	        Recheck Cond: ((id >= 1349503) AND (id <= 1350502))
	        ->  Bitmap Index Scan on sbtest4_pkey  (cost=0.00..21.87 rows=944 width=0)
	              Index Cond: ((id >= 1349503) AND (id <= 1350502))

table 5 : explain SELECT SUM(k) FROM sbtest5 WHERE id BETWEEN 6940490 AND 6941489
	Aggregate  (cost=3798.34..3798.35 rows=1 width=8)
	  ->  Bitmap Heap Scan on sbtest5  (cost=22.51..3795.89 rows=983 width=4)
	        Recheck Cond: ((id >= 6940490) AND (id <= 6941489))
	        ->  Bitmap Index Scan on sbtest5_pkey  (cost=0.00..22.26 rows=983 width=0)
	              Index Cond: ((id >= 6940490) AND (id <= 6941489))

table 6 : explain SELECT SUM(k) FROM sbtest6 WHERE id BETWEEN 1981942 AND 1982941
	Aggregate  (cost=3848.34..3848.35 rows=1 width=8)
	  ->  Bitmap Heap Scan on sbtest6  (cost=22.64..3845.85 rows=996 width=4)
	        Recheck Cond: ((id >= 1981942) AND (id <= 1982941))
	        ->  Bitmap Index Scan on sbtest6_pkey  (cost=0.00..22.39 rows=996 width=0)
	              Index Cond: ((id >= 1981942) AND (id <= 1982941))

table 7 : explain SELECT SUM(k) FROM sbtest7 WHERE id BETWEEN 1746949 AND 1747948
	Aggregate  (cost=3731.06..3731.07 rows=1 width=8)
	  ->  Bitmap Heap Scan on sbtest7  (cost=22.33..3728.64 rows=965 width=4)
	        Recheck Cond: ((id >= 1746949) AND (id <= 1747948))
	        ->  Bitmap Index Scan on sbtest7_pkey  (cost=0.00..22.08 rows=965 width=0)
	              Index Cond: ((id >= 1746949) AND (id <= 1747948))

table 8 : explain SELECT SUM(k) FROM sbtest8 WHERE id BETWEEN 8738456 AND 8739455
	Aggregate  (cost=4116.65..4116.66 rows=1 width=8)
	  ->  Bitmap Heap Scan on sbtest8  (cost=27.36..4113.99 rows=1066 width=4)
	        Recheck Cond: ((id >= 8738456) AND (id <= 8739455))
	        ->  Bitmap Index Scan on sbtest8_pkey  (cost=0.00..27.09 rows=1066 width=0)
	              Index Cond: ((id >= 8738456) AND (id <= 8739455))

for: order_ranges
table 1 : explain SELECT c FROM sbtest1 WHERE id BETWEEN 4056514 AND 4057513 ORDER BY c
	Sort  (cost=4008.13..4010.69 rows=1026 width=121)
	  Sort Key: c
	  ->  Bitmap Heap Scan on sbtest1  (cost=22.95..3956.81 rows=1026 width=121)
	        Recheck Cond: ((id >= 4056514) AND (id <= 4057513))
	        ->  Bitmap Index Scan on sbtest1_pkey  (cost=0.00..22.69 rows=1026 width=0)
	              Index Cond: ((id >= 4056514) AND (id <= 4057513))

table 2 : explain SELECT c FROM sbtest2 WHERE id BETWEEN 3806679 AND 3807678 ORDER BY c
	Sort  (cost=3901.32..3903.82 rows=998 width=121)
	  Sort Key: c
	  ->  Bitmap Heap Scan on sbtest2  (cost=22.66..3851.61 rows=998 width=121)
	        Recheck Cond: ((id >= 3806679) AND (id <= 3807678))
	        ->  Bitmap Index Scan on sbtest2_pkey  (cost=0.00..22.41 rows=998 width=0)
	              Index Cond: ((id >= 3806679) AND (id <= 3807678))

table 3 : explain SELECT c FROM sbtest3 WHERE id BETWEEN 9681144 AND 9682143 ORDER BY c
	Sort  (cost=4134.54..4137.18 rows=1059 width=121)
	  Sort Key: c
	  ->  Bitmap Heap Scan on sbtest3  (cost=23.29..4081.33 rows=1059 width=121)
	        Recheck Cond: ((id >= 9681144) AND (id <= 9682143))
	        ->  Bitmap Index Scan on sbtest3_pkey  (cost=0.00..23.02 rows=1059 width=0)
	              Index Cond: ((id >= 9681144) AND (id <= 9682143))

table 4 : explain SELECT c FROM sbtest4 WHERE id BETWEEN 9460187 AND 9461186 ORDER BY c
	Sort  (cost=3943.98..3946.50 rows=1009 width=121)
	  Sort Key: c
	  ->  Bitmap Heap Scan on sbtest4  (cost=22.78..3893.64 rows=1009 width=121)
	        Recheck Cond: ((id >= 9460187) AND (id <= 9461186))
	        ->  Bitmap Index Scan on sbtest4_pkey  (cost=0.00..22.52 rows=1009 width=0)
	              Index Cond: ((id >= 9460187) AND (id <= 9461186))

table 5 : explain SELECT c FROM sbtest5 WHERE id BETWEEN 8362156 AND 8363155 ORDER BY c
	Sort  (cost=3638.10..3640.42 rows=929 width=121)
	  Sort Key: c
	  ->  Bitmap Heap Scan on sbtest5  (cost=21.96..3592.30 rows=929 width=121)
	        Recheck Cond: ((id >= 8362156) AND (id <= 8363155))
	        ->  Bitmap Index Scan on sbtest5_pkey  (cost=0.00..21.72 rows=929 width=0)
	              Index Cond: ((id >= 8362156) AND (id <= 8363155))

table 6 : explain SELECT c FROM sbtest6 WHERE id BETWEEN 5021756 AND 5022755 ORDER BY c
	Sort  (cost=3845.73..3848.19 rows=983 width=121)
	  Sort Key: c
	  ->  Bitmap Heap Scan on sbtest6  (cost=22.51..3796.87 rows=983 width=121)
	        Recheck Cond: ((id >= 5021756) AND (id <= 5022755))
	        ->  Bitmap Index Scan on sbtest6_pkey  (cost=0.00..22.26 rows=983 width=0)
	              Index Cond: ((id >= 5021756) AND (id <= 5022755))

table 7 : explain SELECT c FROM sbtest7 WHERE id BETWEEN 8489300 AND 8490299 ORDER BY c
	Sort  (cost=3856.81..3859.28 rows=986 width=121)
	  Sort Key: c
	  ->  Bitmap Heap Scan on sbtest7  (cost=22.54..3807.78 rows=986 width=121)
	        Recheck Cond: ((id >= 8489300) AND (id <= 8490299))
	        ->  Bitmap Index Scan on sbtest7_pkey  (cost=0.00..22.29 rows=986 width=0)
	              Index Cond: ((id >= 8489300) AND (id <= 8490299))

table 8 : explain SELECT c FROM sbtest8 WHERE id BETWEEN 9655646 AND 9656645 ORDER BY c
	Sort  (cost=4125.43..4128.07 rows=1056 width=121)
	  Sort Key: c
	  ->  Bitmap Heap Scan on sbtest8  (cost=23.26..4072.40 rows=1056 width=121)
	        Recheck Cond: ((id >= 9655646) AND (id <= 9656645))
	        ->  Bitmap Index Scan on sbtest8_pkey  (cost=0.00..23.00 rows=1056 width=0)
	              Index Cond: ((id >= 9655646) AND (id <= 9656645))

for: order_ranges
table 1 : explain SELECT c FROM sbtest1 WHERE id BETWEEN 4377613 AND 4378612 ORDER BY c
	Sort  (cost=4027.21..4029.79 rows=1031 width=121)
	  Sort Key: c
	  ->  Bitmap Heap Scan on sbtest1  (cost=23.00..3975.61 rows=1031 width=121)
	        Recheck Cond: ((id >= 4377613) AND (id <= 4378612))
	        ->  Bitmap Index Scan on sbtest1_pkey  (cost=0.00..22.75 rows=1031 width=0)
	              Index Cond: ((id >= 4377613) AND (id <= 4378612))

table 2 : explain SELECT c FROM sbtest2 WHERE id BETWEEN 4910497 AND 4911496 ORDER BY c
	Sort  (cost=3847.82..3850.28 rows=984 width=121)
	  Sort Key: c
	  ->  Bitmap Heap Scan on sbtest2  (cost=22.52..3798.91 rows=984 width=121)
	        Recheck Cond: ((id >= 4910497) AND (id <= 4911496))
	        ->  Bitmap Index Scan on sbtest2_pkey  (cost=0.00..22.27 rows=984 width=0)
	              Index Cond: ((id >= 4910497) AND (id <= 4911496))

table 3 : explain SELECT c FROM sbtest3 WHERE id BETWEEN 8157496 AND 8158495 ORDER BY c
	Sort  (cost=3572.61..3574.89 rows=912 width=121)
	  Sort Key: c
	  ->  Bitmap Heap Scan on sbtest3  (cost=21.78..3527.78 rows=912 width=121)
	        Recheck Cond: ((id >= 8157496) AND (id <= 8158495))
	        ->  Bitmap Index Scan on sbtest3_pkey  (cost=0.00..21.55 rows=912 width=0)
	              Index Cond: ((id >= 8157496) AND (id <= 8158495))

table 4 : explain SELECT c FROM sbtest4 WHERE id BETWEEN 405369 AND 406368 ORDER BY c
	Sort  (cost=3680.10..3682.45 rows=940 width=121)
	  Sort Key: c
	  ->  Bitmap Heap Scan on sbtest4  (cost=22.07..3633.68 rows=940 width=121)
	        Recheck Cond: ((id >= 405369) AND (id <= 406368))
	        ->  Bitmap Index Scan on sbtest4_pkey  (cost=0.00..21.83 rows=940 width=0)
	              Index Cond: ((id >= 405369) AND (id <= 406368))

table 5 : explain SELECT c FROM sbtest5 WHERE id BETWEEN 1463755 AND 1464754 ORDER BY c
	Sort  (cost=4005.22..4007.79 rows=1025 width=121)
	  Sort Key: c
	  ->  Bitmap Heap Scan on sbtest5  (cost=22.94..3953.97 rows=1025 width=121)
	        Recheck Cond: ((id >= 1463755) AND (id <= 1464754))
	        ->  Bitmap Index Scan on sbtest5_pkey  (cost=0.00..22.68 rows=1025 width=0)
	              Index Cond: ((id >= 1463755) AND (id <= 1464754))

table 6 : explain SELECT c FROM sbtest6 WHERE id BETWEEN 3418320 AND 3419319 ORDER BY c
	Sort  (cost=3937.50..3940.02 rows=1007 width=121)
	  Sort Key: c
	  ->  Bitmap Heap Scan on sbtest6  (cost=22.76..3887.27 rows=1007 width=121)
	        Recheck Cond: ((id >= 3418320) AND (id <= 3419319))
	        ->  Bitmap Index Scan on sbtest6_pkey  (cost=0.00..22.50 rows=1007 width=0)
	              Index Cond: ((id >= 3418320) AND (id <= 3419319))

table 7 : explain SELECT c FROM sbtest7 WHERE id BETWEEN 3330324 AND 3331323 ORDER BY c
	Sort  (cost=3799.44..3801.86 rows=971 width=121)
	  Sort Key: c
	  ->  Bitmap Heap Scan on sbtest7  (cost=22.39..3751.26 rows=971 width=121)
	        Recheck Cond: ((id >= 3330324) AND (id <= 3331323))
	        ->  Bitmap Index Scan on sbtest7_pkey  (cost=0.00..22.14 rows=971 width=0)
	              Index Cond: ((id >= 3330324) AND (id <= 3331323))

table 8 : explain SELECT c FROM sbtest8 WHERE id BETWEEN 7239028 AND 7240027 ORDER BY c
	Sort  (cost=3716.29..3718.67 rows=949 width=121)
	  Sort Key: c
	  ->  Bitmap Heap Scan on sbtest8  (cost=22.16..3669.37 rows=949 width=121)
	        Recheck Cond: ((id >= 7239028) AND (id <= 7240027))
	        ->  Bitmap Index Scan on sbtest8_pkey  (cost=0.00..21.93 rows=949 width=0)
	              Index Cond: ((id >= 7239028) AND (id <= 7240027))

for: distinct_ranges
table 1 : explain SELECT DISTINCT c FROM sbtest1 WHERE id BETWEEN 7811921 AND 7812920 ORDER BY c
	Unique  (cost=3935.59..3940.62 rows=1007 width=121)
	  ->  Sort  (cost=3935.59..3938.10 rows=1007 width=121)
	        Sort Key: c
	        ->  Bitmap Heap Scan on sbtest1  (cost=22.76..3885.36 rows=1007 width=121)
	              Recheck Cond: ((id >= 7811921) AND (id <= 7812920))
	              ->  Bitmap Index Scan on sbtest1_pkey  (cost=0.00..22.50 rows=1007 width=0)
	                    Index Cond: ((id >= 7811921) AND (id <= 7812920))

table 2 : explain SELECT DISTINCT c FROM sbtest2 WHERE id BETWEEN 9682602 AND 9683601 ORDER BY c
	Unique  (cost=3817.24..3822.12 rows=976 width=121)
	  ->  Sort  (cost=3817.24..3819.68 rows=976 width=121)
	        Sort Key: c
	        ->  Bitmap Heap Scan on sbtest2  (cost=22.44..3768.78 rows=976 width=121)
	              Recheck Cond: ((id >= 9682602) AND (id <= 9683601))
	              ->  Bitmap Index Scan on sbtest2_pkey  (cost=0.00..22.19 rows=976 width=0)
	                    Index Cond: ((id >= 9682602) AND (id <= 9683601))

table 3 : explain SELECT DISTINCT c FROM sbtest3 WHERE id BETWEEN 2263560 AND 2264559 ORDER BY c
	Unique  (cost=4088.77..4094.00 rows=1047 width=121)
	  ->  Sort  (cost=4088.77..4091.38 rows=1047 width=121)
	        Sort Key: c
	        ->  Bitmap Heap Scan on sbtest3  (cost=23.17..4036.25 rows=1047 width=121)
	              Recheck Cond: ((id >= 2263560) AND (id <= 2264559))
	              ->  Bitmap Index Scan on sbtest3_pkey  (cost=0.00..22.90 rows=1047 width=0)
	                    Index Cond: ((id >= 2263560) AND (id <= 2264559))

table 4 : explain SELECT DISTINCT c FROM sbtest4 WHERE id BETWEEN 3286000 AND 3286999 ORDER BY c
	Unique  (cost=3993.63..3998.74 rows=1022 width=121)
	  ->  Sort  (cost=3993.63..3996.19 rows=1022 width=121)
	        Sort Key: c
	        ->  Bitmap Heap Scan on sbtest4  (cost=22.91..3942.55 rows=1022 width=121)
	              Recheck Cond: ((id >= 3286000) AND (id <= 3286999))
	              ->  Bitmap Index Scan on sbtest4_pkey  (cost=0.00..22.65 rows=1022 width=0)
	                    Index Cond: ((id >= 3286000) AND (id <= 3286999))

table 5 : explain SELECT DISTINCT c FROM sbtest5 WHERE id BETWEEN 9251652 AND 9252651 ORDER BY c
	Unique  (cost=4012.86..4017.99 rows=1027 width=121)
	  ->  Sort  (cost=4012.86..4015.43 rows=1027 width=121)
	        Sort Key: c
	        ->  Bitmap Heap Scan on sbtest5  (cost=22.96..3961.49 rows=1027 width=121)
	              Recheck Cond: ((id >= 9251652) AND (id <= 9252651))
	              ->  Bitmap Index Scan on sbtest5_pkey  (cost=0.00..22.70 rows=1027 width=0)
	                    Index Cond: ((id >= 9251652) AND (id <= 9252651))

table 6 : explain SELECT DISTINCT c FROM sbtest6 WHERE id BETWEEN 6008624 AND 6009623 ORDER BY c
	Unique  (cost=3665.82..3670.50 rows=936 width=121)
	  ->  Sort  (cost=3665.82..3668.16 rows=936 width=121)
	        Sort Key: c
	        ->  Bitmap Heap Scan on sbtest6  (cost=22.03..3619.63 rows=936 width=121)
	              Recheck Cond: ((id >= 6008624) AND (id <= 6009623))
	              ->  Bitmap Index Scan on sbtest6_pkey  (cost=0.00..21.79 rows=936 width=0)
	                    Index Cond: ((id >= 6008624) AND (id <= 6009623))

table 7 : explain SELECT DISTINCT c FROM sbtest7 WHERE id BETWEEN 9076165 AND 9077164 ORDER BY c
	Unique  (cost=3960.01..3965.08 rows=1013 width=121)
	  ->  Sort  (cost=3960.01..3962.55 rows=1013 width=121)
	        Sort Key: c
	        ->  Bitmap Heap Scan on sbtest7  (cost=22.82..3909.44 rows=1013 width=121)
	              Recheck Cond: ((id >= 9076165) AND (id <= 9077164))
	              ->  Bitmap Index Scan on sbtest7_pkey  (cost=0.00..22.57 rows=1013 width=0)
	                    Index Cond: ((id >= 9076165) AND (id <= 9077164))

table 8 : explain SELECT DISTINCT c FROM sbtest8 WHERE id BETWEEN 1315849 AND 1316848 ORDER BY c
	Unique  (cost=3789.05..3793.89 rows=968 width=121)
	  ->  Sort  (cost=3789.05..3791.47 rows=968 width=121)
	        Sort Key: c
	        ->  Bitmap Heap Scan on sbtest8  (cost=22.36..3741.04 rows=968 width=121)
	              Recheck Cond: ((id >= 1315849) AND (id <= 1316848))
	              ->  Bitmap Index Scan on sbtest8_pkey  (cost=0.00..22.11 rows=968 width=0)
	                    Index Cond: ((id >= 1315849) AND (id <= 1316848))

for: simple_ranges
table 1 : explain SELECT c FROM sbtest1 WHERE id BETWEEN 1709816 AND 1710815
	Bitmap Heap Scan on sbtest1  (cost=27.74..4246.20 rows=1103 width=121)
	  Recheck Cond: ((id >= 1709816) AND (id <= 1710815))
	  ->  Bitmap Index Scan on sbtest1_pkey  (cost=0.00..27.46 rows=1103 width=0)
	        Index Cond: ((id >= 1709816) AND (id <= 1710815))

table 2 : explain SELECT c FROM sbtest2 WHERE id BETWEEN 4006047 AND 4007046
	Bitmap Heap Scan on sbtest2  (cost=23.30..4084.69 rows=1060 width=121)
	  Recheck Cond: ((id >= 4006047) AND (id <= 4007046))
	  ->  Bitmap Index Scan on sbtest2_pkey  (cost=0.00..23.04 rows=1060 width=0)
	        Index Cond: ((id >= 4006047) AND (id <= 4007046))

table 3 : explain SELECT c FROM sbtest3 WHERE id BETWEEN 154103 AND 155102
	Bitmap Heap Scan on sbtest3  (cost=22.61..3833.15 rows=993 width=121)
	  Recheck Cond: ((id >= 154103) AND (id <= 155102))
	  ->  Bitmap Index Scan on sbtest3_pkey  (cost=0.00..22.36 rows=993 width=0)
	        Index Cond: ((id >= 154103) AND (id <= 155102))

table 4 : explain SELECT c FROM sbtest4 WHERE id BETWEEN 9927998 AND 9928997
	Bitmap Heap Scan on sbtest4  (cost=27.70..4232.06 rows=1099 width=121)
	  Recheck Cond: ((id >= 9927998) AND (id <= 9928997))
	  ->  Bitmap Index Scan on sbtest4_pkey  (cost=0.00..27.43 rows=1099 width=0)
	        Index Cond: ((id >= 9927998) AND (id <= 9928997))

table 5 : explain SELECT c FROM sbtest5 WHERE id BETWEEN 5571142 AND 5572141
	Bitmap Heap Scan on sbtest5  (cost=27.92..4310.97 rows=1120 width=121)
	  Recheck Cond: ((id >= 5571142) AND (id <= 5572141))
	  ->  Bitmap Index Scan on sbtest5_pkey  (cost=0.00..27.64 rows=1120 width=0)
	        Index Cond: ((id >= 5571142) AND (id <= 5572141))

table 6 : explain SELECT c FROM sbtest6 WHERE id BETWEEN 746316 AND 747315
	Bitmap Heap Scan on sbtest6  (cost=23.17..4037.76 rows=1047 width=121)
	  Recheck Cond: ((id >= 746316) AND (id <= 747315))
	  ->  Bitmap Index Scan on sbtest6_pkey  (cost=0.00..22.90 rows=1047 width=0)
	        Index Cond: ((id >= 746316) AND (id <= 747315))

table 7 : explain SELECT c FROM sbtest7 WHERE id BETWEEN 9795069 AND 9796068
	Bitmap Heap Scan on sbtest7  (cost=21.69..3494.66 rows=903 width=121)
	  Recheck Cond: ((id >= 9795069) AND (id <= 9796068))
	  ->  Bitmap Index Scan on sbtest7_pkey  (cost=0.00..21.46 rows=903 width=0)
	        Index Cond: ((id >= 9795069) AND (id <= 9796068))

table 8 : explain SELECT c FROM sbtest8 WHERE id BETWEEN 7709775 AND 7710774
	Bitmap Heap Scan on sbtest8  (cost=22.55..3812.67 rows=987 width=121)
	  Recheck Cond: ((id >= 7709775) AND (id <= 7710774))
	  ->  Bitmap Index Scan on sbtest8_pkey  (cost=0.00..22.30 rows=987 width=0)
	        Index Cond: ((id >= 7709775) AND (id <= 7710774))

for: distinct_ranges
table 1 : explain SELECT DISTINCT c FROM sbtest1 WHERE id BETWEEN 6390091 AND 6391090 ORDER BY c
	Unique  (cost=3950.86..3955.92 rows=1011 width=121)
	  ->  Sort  (cost=3950.86..3953.39 rows=1011 width=121)
	        Sort Key: c
	        ->  Bitmap Heap Scan on sbtest1  (cost=22.80..3900.41 rows=1011 width=121)
	              Recheck Cond: ((id >= 6390091) AND (id <= 6391090))
	              ->  Bitmap Index Scan on sbtest1_pkey  (cost=0.00..22.54 rows=1011 width=0)
	                    Index Cond: ((id >= 6390091) AND (id <= 6391090))

table 2 : explain SELECT DISTINCT c FROM sbtest2 WHERE id BETWEEN 2897019 AND 2898018 ORDER BY c
	Unique  (cost=3908.96..3913.96 rows=1000 width=121)
	  ->  Sort  (cost=3908.96..3911.46 rows=1000 width=121)
	        Sort Key: c
	        ->  Bitmap Heap Scan on sbtest2  (cost=22.68..3859.13 rows=1000 width=121)
	              Recheck Cond: ((id >= 2897019) AND (id <= 2898018))
	              ->  Bitmap Index Scan on sbtest2_pkey  (cost=0.00..22.43 rows=1000 width=0)
	                    Index Cond: ((id >= 2897019) AND (id <= 2898018))

table 3 : explain SELECT DISTINCT c FROM sbtest3 WHERE id BETWEEN 5124881 AND 5125880 ORDER BY c
	Unique  (cost=3702.82..3707.55 rows=946 width=121)
	  ->  Sort  (cost=3702.82..3705.19 rows=946 width=121)
	        Sort Key: c
	        ->  Bitmap Heap Scan on sbtest3  (cost=22.13..3656.06 rows=946 width=121)
	              Recheck Cond: ((id >= 5124881) AND (id <= 5125880))
	              ->  Bitmap Index Scan on sbtest3_pkey  (cost=0.00..21.89 rows=946 width=0)
	                    Index Cond: ((id >= 5124881) AND (id <= 5125880))

table 4 : explain SELECT DISTINCT c FROM sbtest4 WHERE id BETWEEN 614369 AND 615368 ORDER BY c
	Unique  (cost=3951.62..3956.68 rows=1011 width=121)
	  ->  Sort  (cost=3951.62..3954.15 rows=1011 width=121)
	        Sort Key: c
	        ->  Bitmap Heap Scan on sbtest4  (cost=22.80..3901.16 rows=1011 width=121)
	              Recheck Cond: ((id >= 614369) AND (id <= 615368))
	              ->  Bitmap Index Scan on sbtest4_pkey  (cost=0.00..22.54 rows=1011 width=0)
	                    Index Cond: ((id >= 614369) AND (id <= 615368))

table 5 : explain SELECT DISTINCT c FROM sbtest5 WHERE id BETWEEN 8819903 AND 8820902 ORDER BY c
	Unique  (cost=3848.57..3853.49 rows=984 width=121)
	  ->  Sort  (cost=3848.57..3851.03 rows=984 width=121)
	        Sort Key: c
	        ->  Bitmap Heap Scan on sbtest5  (cost=22.52..3799.65 rows=984 width=121)
	              Recheck Cond: ((id >= 8819903) AND (id <= 8820902))
	              ->  Bitmap Index Scan on sbtest5_pkey  (cost=0.00..22.27 rows=984 width=0)
	                    Index Cond: ((id >= 8819903) AND (id <= 8820902))

table 6 : explain SELECT DISTINCT c FROM sbtest6 WHERE id BETWEEN 2641279 AND 2642278 ORDER BY c
	Unique  (cost=3669.65..3674.34 rows=937 width=121)
	  ->  Sort  (cost=3669.65..3672.00 rows=937 width=121)
	        Sort Key: c
	        ->  Bitmap Heap Scan on sbtest6  (cost=22.04..3623.40 rows=937 width=121)
	              Recheck Cond: ((id >= 2641279) AND (id <= 2642278))
	              ->  Bitmap Index Scan on sbtest6_pkey  (cost=0.00..21.80 rows=937 width=0)
	                    Index Cond: ((id >= 2641279) AND (id <= 2642278))

table 7 : explain SELECT DISTINCT c FROM sbtest7 WHERE id BETWEEN 7138345 AND 7139344 ORDER BY c
	Unique  (cost=4238.60..4244.03 rows=1086 width=121)
	  ->  Sort  (cost=4238.60..4241.32 rows=1086 width=121)
	        Sort Key: c
	        ->  Bitmap Heap Scan on sbtest7  (cost=23.57..4183.84 rows=1086 width=121)
	              Recheck Cond: ((id >= 7138345) AND (id <= 7139344))
	              ->  Bitmap Index Scan on sbtest7_pkey  (cost=0.00..23.29 rows=1086 width=0)
	                    Index Cond: ((id >= 7138345) AND (id <= 7139344))

table 8 : explain SELECT DISTINCT c FROM sbtest8 WHERE id BETWEEN 9776702 AND 9777701 ORDER BY c
	Unique  (cost=3616.66..3621.28 rows=923 width=121)
	  ->  Sort  (cost=3616.66..3618.97 rows=923 width=121)
	        Sort Key: c
	        ->  Bitmap Heap Scan on sbtest8  (cost=21.90..3571.21 rows=923 width=121)
	              Recheck Cond: ((id >= 9776702) AND (id <= 9777701))
	              ->  Bitmap Index Scan on sbtest8_pkey  (cost=0.00..21.66 rows=923 width=0)
	                    Index Cond: ((id >= 9776702) AND (id <= 9777701))

for: order_ranges
table 1 : explain SELECT c FROM sbtest1 WHERE id BETWEEN 8291911 AND 8292910 ORDER BY c
	Sort  (cost=4114.95..4117.59 rows=1054 width=121)
	  Sort Key: c
	  ->  Bitmap Heap Scan on sbtest1  (cost=23.24..4062.03 rows=1054 width=121)
	        Recheck Cond: ((id >= 8291911) AND (id <= 8292910))
	        ->  Bitmap Index Scan on sbtest1_pkey  (cost=0.00..22.97 rows=1054 width=0)
	              Index Cond: ((id >= 8291911) AND (id <= 8292910))

table 2 : explain SELECT c FROM sbtest2 WHERE id BETWEEN 2320829 AND 2321828 ORDER BY c
	Sort  (cost=3614.44..3616.74 rows=923 width=121)
	  Sort Key: c
	  ->  Bitmap Heap Scan on sbtest2  (cost=21.90..3568.98 rows=923 width=121)
	        Recheck Cond: ((id >= 2320829) AND (id <= 2321828))
	        ->  Bitmap Index Scan on sbtest2_pkey  (cost=0.00..21.66 rows=923 width=0)
	              Index Cond: ((id >= 2320829) AND (id <= 2321828))

table 3 : explain SELECT c FROM sbtest3 WHERE id BETWEEN 3869004 AND 3870003 ORDER BY c
	Sort  (cost=4294.88..4297.63 rows=1101 width=121)
	  Sort Key: c
	  ->  Bitmap Heap Scan on sbtest3  (cost=27.72..4239.25 rows=1101 width=121)
	        Recheck Cond: ((id >= 3869004) AND (id <= 3870003))
	        ->  Bitmap Index Scan on sbtest3_pkey  (cost=0.00..27.44 rows=1101 width=0)
	              Index Cond: ((id >= 3869004) AND (id <= 3870003))

table 4 : explain SELECT c FROM sbtest4 WHERE id BETWEEN 7727625 AND 7728624 ORDER BY c
	Sort  (cost=3955.44..3957.97 rows=1012 width=121)
	  Sort Key: c
	  ->  Bitmap Heap Scan on sbtest4  (cost=22.81..3904.93 rows=1012 width=121)
	        Recheck Cond: ((id >= 7727625) AND (id <= 7728624))
	        ->  Bitmap Index Scan on sbtest4_pkey  (cost=0.00..22.55 rows=1012 width=0)
	              Index Cond: ((id >= 7727625) AND (id <= 7728624))

table 5 : explain SELECT c FROM sbtest5 WHERE id BETWEEN 6261838 AND 6262837 ORDER BY c
	Sort  (cost=3768.25..3770.66 rows=963 width=121)
	  Sort Key: c
	  ->  Bitmap Heap Scan on sbtest5  (cost=22.31..3720.53 rows=963 width=121)
	        Recheck Cond: ((id >= 6261838) AND (id <= 6262837))
	        ->  Bitmap Index Scan on sbtest5_pkey  (cost=0.00..22.07 rows=963 width=0)
	              Index Cond: ((id >= 6261838) AND (id <= 6262837))

table 6 : explain SELECT c FROM sbtest6 WHERE id BETWEEN 752144 AND 753143 ORDER BY c
	Sort  (cost=4090.28..4092.90 rows=1047 width=121)
	  Sort Key: c
	  ->  Bitmap Heap Scan on sbtest6  (cost=23.17..4037.76 rows=1047 width=121)
	        Recheck Cond: ((id >= 752144) AND (id <= 753143))
	        ->  Bitmap Index Scan on sbtest6_pkey  (cost=0.00..22.90 rows=1047 width=0)
	              Index Cond: ((id >= 752144) AND (id <= 753143))

table 7 : explain SELECT c FROM sbtest7 WHERE id BETWEEN 8014927 AND 8015926 ORDER BY c
	Sort  (cost=3573.49..3575.77 rows=912 width=121)
	  Sort Key: c
	  ->  Bitmap Heap Scan on sbtest7  (cost=21.78..3528.65 rows=912 width=121)
	        Recheck Cond: ((id >= 8014927) AND (id <= 8015926))
	        ->  Bitmap Index Scan on sbtest7_pkey  (cost=0.00..21.55 rows=912 width=0)
	              Index Cond: ((id >= 8014927) AND (id <= 8015926))

table 8 : explain SELECT c FROM sbtest8 WHERE id BETWEEN 9992514 AND 9993513 ORDER BY c
	Sort  (cost=3804.36..3806.79 rows=972 width=121)
	  Sort Key: c
	  ->  Bitmap Heap Scan on sbtest8  (cost=22.40..3756.12 rows=972 width=121)
	        Recheck Cond: ((id >= 9992514) AND (id <= 9993513))
	        ->  Bitmap Index Scan on sbtest8_pkey  (cost=0.00..22.15 rows=972 width=0)
	              Index Cond: ((id >= 9992514) AND (id <= 9993513))

for: distinct_ranges
table 1 : explain SELECT DISTINCT c FROM sbtest1 WHERE id BETWEEN 766511 AND 767510 ORDER BY c
	Unique  (cost=3759.77..3764.58 rows=961 width=121)
	  ->  Sort  (cost=3759.77..3762.18 rows=961 width=121)
	        Sort Key: c
	        ->  Bitmap Heap Scan on sbtest1  (cost=22.29..3712.16 rows=961 width=121)
	              Recheck Cond: ((id >= 766511) AND (id <= 767510))
	              ->  Bitmap Index Scan on sbtest1_pkey  (cost=0.00..22.04 rows=961 width=0)
	                    Index Cond: ((id >= 766511) AND (id <= 767510))

table 2 : explain SELECT DISTINCT c FROM sbtest2 WHERE id BETWEEN 7203592 AND 7204591 ORDER BY c
	Unique  (cost=4015.88..4021.02 rows=1028 width=121)
	  ->  Sort  (cost=4015.88..4018.45 rows=1028 width=121)
	        Sort Key: c
	        ->  Bitmap Heap Scan on sbtest2  (cost=22.97..3964.45 rows=1028 width=121)
	              Recheck Cond: ((id >= 7203592) AND (id <= 7204591))
	              ->  Bitmap Index Scan on sbtest2_pkey  (cost=0.00..22.71 rows=1028 width=0)
	                    Index Cond: ((id >= 7203592) AND (id <= 7204591))

table 3 : explain SELECT DISTINCT c FROM sbtest3 WHERE id BETWEEN 434032 AND 435031 ORDER BY c
	Unique  (cost=3534.29..3538.80 rows=902 width=121)
	  ->  Sort  (cost=3534.29..3536.54 rows=902 width=121)
	        Sort Key: c
	        ->  Bitmap Heap Scan on sbtest3  (cost=21.68..3490.01 rows=902 width=121)
	              Recheck Cond: ((id >= 434032) AND (id <= 435031))
	              ->  Bitmap Index Scan on sbtest3_pkey  (cost=0.00..21.45 rows=902 width=0)
	                    Index Cond: ((id >= 434032) AND (id <= 435031))

table 4 : explain SELECT DISTINCT c FROM sbtest4 WHERE id BETWEEN 8342402 AND 8343401 ORDER BY c
	Unique  (cost=3989.81..3994.92 rows=1021 width=121)
	  ->  Sort  (cost=3989.81..3992.36 rows=1021 width=121)
	        Sort Key: c
	        ->  Bitmap Heap Scan on sbtest4  (cost=22.90..3938.78 rows=1021 width=121)
	              Recheck Cond: ((id >= 8342402) AND (id <= 8343401))
	              ->  Bitmap Index Scan on sbtest4_pkey  (cost=0.00..22.64 rows=1021 width=0)
	                    Index Cond: ((id >= 8342402) AND (id <= 8343401))

table 5 : explain SELECT DISTINCT c FROM sbtest5 WHERE id BETWEEN 1934988 AND 1935987 ORDER BY c
	Unique  (cost=3798.86..3803.71 rows=971 width=121)
	  ->  Sort  (cost=3798.86..3801.28 rows=971 width=121)
	        Sort Key: c
	        ->  Bitmap Heap Scan on sbtest5  (cost=22.39..3750.68 rows=971 width=121)
	              Recheck Cond: ((id >= 1934988) AND (id <= 1935987))
	              ->  Bitmap Index Scan on sbtest5_pkey  (cost=0.00..22.14 rows=971 width=0)
	                    Index Cond: ((id >= 1934988) AND (id <= 1935987))

table 6 : explain SELECT DISTINCT c FROM sbtest6 WHERE id BETWEEN 8270806 AND 8271805 ORDER BY c
	Unique  (cost=3975.71..3980.80 rows=1017 width=121)
	  ->  Sort  (cost=3975.71..3978.26 rows=1017 width=121)
	        Sort Key: c
	        ->  Bitmap Heap Scan on sbtest6  (cost=22.86..3924.91 rows=1017 width=121)
	              Recheck Cond: ((id >= 8270806) AND (id <= 8271805))
	              ->  Bitmap Index Scan on sbtest6_pkey  (cost=0.00..22.61 rows=1017 width=0)
	                    Index Cond: ((id >= 8270806) AND (id <= 8271805))

table 7 : explain SELECT DISTINCT c FROM sbtest7 WHERE id BETWEEN 6063923 AND 6064922 ORDER BY c
	Unique  (cost=3833.86..3838.76 rows=980 width=121)
	  ->  Sort  (cost=3833.86..3836.31 rows=980 width=121)
	        Sort Key: c
	        ->  Bitmap Heap Scan on sbtest7  (cost=22.48..3785.18 rows=980 width=121)
	              Recheck Cond: ((id >= 6063923) AND (id <= 6064922))
	              ->  Bitmap Index Scan on sbtest7_pkey  (cost=0.00..22.23 rows=980 width=0)
	                    Index Cond: ((id >= 6063923) AND (id <= 6064922))

table 8 : explain SELECT DISTINCT c FROM sbtest8 WHERE id BETWEEN 970327 AND 971326 ORDER BY c
	Unique  (cost=4404.05..4409.69 rows=1129 width=121)
	  ->  Sort  (cost=4404.05..4406.87 rows=1129 width=121)
	        Sort Key: c
	        ->  Bitmap Heap Scan on sbtest8  (cost=28.01..4346.80 rows=1129 width=121)
	              Recheck Cond: ((id >= 970327) AND (id <= 971326))
	              ->  Bitmap Index Scan on sbtest8_pkey  (cost=0.00..27.72 rows=1129 width=0)
	                    Index Cond: ((id >= 970327) AND (id <= 971326))

for: distinct_ranges
table 1 : explain SELECT DISTINCT c FROM sbtest1 WHERE id BETWEEN 1211564 AND 1212563 ORDER BY c
	Unique  (cost=3801.84..3806.70 rows=972 width=121)
	  ->  Sort  (cost=3801.84..3804.27 rows=972 width=121)
	        Sort Key: c
	        ->  Bitmap Heap Scan on sbtest1  (cost=22.40..3753.61 rows=972 width=121)
	              Recheck Cond: ((id >= 1211564) AND (id <= 1212563))
	              ->  Bitmap Index Scan on sbtest1_pkey  (cost=0.00..22.15 rows=972 width=0)
	                    Index Cond: ((id >= 1211564) AND (id <= 1212563))

table 2 : explain SELECT DISTINCT c FROM sbtest2 WHERE id BETWEEN 8038059 AND 8039058 ORDER BY c
	Unique  (cost=4225.62..4231.03 rows=1083 width=121)
	  ->  Sort  (cost=4225.62..4228.33 rows=1083 width=121)
	        Sort Key: c
	        ->  Bitmap Heap Scan on sbtest2  (cost=23.54..4171.03 rows=1083 width=121)
	              Recheck Cond: ((id >= 8038059) AND (id <= 8039058))
	              ->  Bitmap Index Scan on sbtest2_pkey  (cost=0.00..23.26 rows=1083 width=0)
	                    Index Cond: ((id >= 8038059) AND (id <= 8039058))

table 3 : explain SELECT DISTINCT c FROM sbtest3 WHERE id BETWEEN 4001558 AND 4002557 ORDER BY c
	Unique  (cost=3744.92..3749.70 rows=957 width=121)
	  ->  Sort  (cost=3744.92..3747.31 rows=957 width=121)
	        Sort Key: c
	        ->  Bitmap Heap Scan on sbtest3  (cost=22.24..3697.54 rows=957 width=121)
	              Recheck Cond: ((id >= 4001558) AND (id <= 4002557))
	              ->  Bitmap Index Scan on sbtest3_pkey  (cost=0.00..22.00 rows=957 width=0)
	                    Index Cond: ((id >= 4001558) AND (id <= 4002557))

table 4 : explain SELECT DISTINCT c FROM sbtest4 WHERE id BETWEEN 7844247 AND 7845246 ORDER BY c
	Unique  (cost=3840.79..3845.70 rows=982 width=121)
	  ->  Sort  (cost=3840.79..3843.25 rows=982 width=121)
	        Sort Key: c
	        ->  Bitmap Heap Scan on sbtest4  (cost=22.50..3791.99 rows=982 width=121)
	              Recheck Cond: ((id >= 7844247) AND (id <= 7845246))
	              ->  Bitmap Index Scan on sbtest4_pkey  (cost=0.00..22.25 rows=982 width=0)
	                    Index Cond: ((id >= 7844247) AND (id <= 7845246))

table 5 : explain SELECT DISTINCT c FROM sbtest5 WHERE id BETWEEN 5159021 AND 5160020 ORDER BY c
	Unique  (cost=3863.86..3868.80 rows=988 width=121)
	  ->  Sort  (cost=3863.86..3866.33 rows=988 width=121)
	        Sort Key: c
	        ->  Bitmap Heap Scan on sbtest5  (cost=22.56..3814.72 rows=988 width=121)
	              Recheck Cond: ((id >= 5159021) AND (id <= 5160020))
	              ->  Bitmap Index Scan on sbtest5_pkey  (cost=0.00..22.32 rows=988 width=0)
	                    Index Cond: ((id >= 5159021) AND (id <= 5160020))

table 6 : explain SELECT DISTINCT c FROM sbtest6 WHERE id BETWEEN 6035317 AND 6036316 ORDER BY c
	Unique  (cost=3765.38..3770.19 rows=962 width=121)
	  ->  Sort  (cost=3765.38..3767.79 rows=962 width=121)
	        Sort Key: c
	        ->  Bitmap Heap Scan on sbtest6  (cost=22.30..3717.72 rows=962 width=121)
	              Recheck Cond: ((id >= 6035317) AND (id <= 6036316))
	              ->  Bitmap Index Scan on sbtest6_pkey  (cost=0.00..22.05 rows=962 width=0)
	                    Index Cond: ((id >= 6035317) AND (id <= 6036316))

table 7 : explain SELECT DISTINCT c FROM sbtest7 WHERE id BETWEEN 6935836 AND 6936835 ORDER BY c
	Unique  (cost=3925.62..3930.64 rows=1004 width=121)
	  ->  Sort  (cost=3925.62..3928.13 rows=1004 width=121)
	        Sort Key: c
	        ->  Bitmap Heap Scan on sbtest7  (cost=22.73..3875.57 rows=1004 width=121)
	              Recheck Cond: ((id >= 6935836) AND (id <= 6936835))
	              ->  Bitmap Index Scan on sbtest7_pkey  (cost=0.00..22.47 rows=1004 width=0)
	                    Index Cond: ((id >= 6935836) AND (id <= 6936835))

table 8 : explain SELECT DISTINCT c FROM sbtest8 WHERE id BETWEEN 3341765 AND 3342764 ORDER BY c
	Unique  (cost=3643.50..3648.15 rows=930 width=121)
	  ->  Sort  (cost=3643.50..3645.82 rows=930 width=121)
	        Sort Key: c
	        ->  Bitmap Heap Scan on sbtest8  (cost=21.97..3597.64 rows=930 width=121)
	              Recheck Cond: ((id >= 3341765) AND (id <= 3342764))
	              ->  Bitmap Index Scan on sbtest8_pkey  (cost=0.00..21.73 rows=930 width=0)
	                    Index Cond: ((id >= 3341765) AND (id <= 3342764))

for: sum_ranges
table 1 : explain SELECT SUM(k) FROM sbtest1 WHERE id BETWEEN 3383039 AND 3384038
	Aggregate  (cost=3850.22..3850.23 rows=1 width=8)
	  ->  Bitmap Heap Scan on sbtest1  (cost=22.65..3847.73 rows=997 width=4)
	        Recheck Cond: ((id >= 3383039) AND (id <= 3384038))
	        ->  Bitmap Index Scan on sbtest1_pkey  (cost=0.00..22.40 rows=997 width=0)
	              Index Cond: ((id >= 3383039) AND (id <= 3384038))

table 2 : explain SELECT SUM(k) FROM sbtest2 WHERE id BETWEEN 9217028 AND 9218027
	Aggregate  (cost=4256.59..4256.60 rows=1 width=8)
	  ->  Bitmap Heap Scan on sbtest2  (cost=27.76..4253.83 rows=1105 width=4)
	        Recheck Cond: ((id >= 9217028) AND (id <= 9218027))
	        ->  Bitmap Index Scan on sbtest2_pkey  (cost=0.00..27.48 rows=1105 width=0)
	              Index Cond: ((id >= 9217028) AND (id <= 9218027))

table 3 : explain SELECT SUM(k) FROM sbtest3 WHERE id BETWEEN 4132690 AND 4133689
	Aggregate  (cost=4027.58..4027.59 rows=1 width=8)
	  ->  Bitmap Heap Scan on sbtest3  (cost=23.14..4024.97 rows=1044 width=4)
	        Recheck Cond: ((id >= 4132690) AND (id <= 4133689))
	        ->  Bitmap Index Scan on sbtest3_pkey  (cost=0.00..22.87 rows=1044 width=0)
	              Index Cond: ((id >= 4132690) AND (id <= 4133689))

table 4 : explain SELECT SUM(k) FROM sbtest4 WHERE id BETWEEN 7482234 AND 7483233
	Aggregate  (cost=3670.00..3670.01 rows=1 width=8)
	  ->  Bitmap Heap Scan on sbtest4  (cost=22.16..3667.63 rows=949 width=4)
	        Recheck Cond: ((id >= 7482234) AND (id <= 7483233))
	        ->  Bitmap Index Scan on sbtest4_pkey  (cost=0.00..21.93 rows=949 width=0)
	              Index Cond: ((id >= 7482234) AND (id <= 7483233))

table 5 : explain SELECT SUM(k) FROM sbtest5 WHERE id BETWEEN 952467 AND 953466
	Aggregate  (cost=4583.58..4583.59 rows=1 width=8)
	  ->  Bitmap Heap Scan on sbtest5  (cost=28.65..4580.60 rows=1192 width=4)
	        Recheck Cond: ((id >= 952467) AND (id <= 953466))
	        ->  Bitmap Index Scan on sbtest5_pkey  (cost=0.00..28.36 rows=1192 width=0)
	              Index Cond: ((id >= 952467) AND (id <= 953466))

table 6 : explain SELECT SUM(k) FROM sbtest6 WHERE id BETWEEN 339685 AND 340684
	Aggregate  (cost=3953.82..3953.83 rows=1 width=8)
	  ->  Bitmap Heap Scan on sbtest6  (cost=22.93..3951.26 rows=1024 width=4)
	        Recheck Cond: ((id >= 339685) AND (id <= 340684))
	        ->  Bitmap Index Scan on sbtest6_pkey  (cost=0.00..22.68 rows=1024 width=0)
	              Index Cond: ((id >= 339685) AND (id <= 340684))

table 7 : explain SELECT SUM(k) FROM sbtest7 WHERE id BETWEEN 2862223 AND 2863222
	Aggregate  (cost=3885.61..3885.62 rows=1 width=8)
	  ->  Bitmap Heap Scan on sbtest7  (cost=22.75..3883.09 rows=1006 width=4)
	        Recheck Cond: ((id >= 2862223) AND (id <= 2863222))
	        ->  Bitmap Index Scan on sbtest7_pkey  (cost=0.00..22.50 rows=1006 width=0)
	              Index Cond: ((id >= 2862223) AND (id <= 2863222))

table 8 : explain SELECT SUM(k) FROM sbtest8 WHERE id BETWEEN 3451689 AND 3452688
	Aggregate  (cost=3833.99..3834.00 rows=1 width=8)
	  ->  Bitmap Heap Scan on sbtest8  (cost=22.60..3831.51 rows=992 width=4)
	        Recheck Cond: ((id >= 3451689) AND (id <= 3452688))
	        ->  Bitmap Index Scan on sbtest8_pkey  (cost=0.00..22.36 rows=992 width=0)
	              Index Cond: ((id >= 3451689) AND (id <= 3452688))

for: simple_ranges
table 1 : explain SELECT c FROM sbtest1 WHERE id BETWEEN 3478953 AND 3479952
	Bitmap Heap Scan on sbtest1  (cost=23.05..3994.40 rows=1036 width=121)
	  Recheck Cond: ((id >= 3478953) AND (id <= 3479952))
	  ->  Bitmap Index Scan on sbtest1_pkey  (cost=0.00..22.79 rows=1036 width=0)
	        Index Cond: ((id >= 3478953) AND (id <= 3479952))

table 2 : explain SELECT c FROM sbtest2 WHERE id BETWEEN 7190576 AND 7191575
	Bitmap Heap Scan on sbtest2  (cost=23.00..3975.73 rows=1031 width=121)
	  Recheck Cond: ((id >= 7190576) AND (id <= 7191575))
	  ->  Bitmap Index Scan on sbtest2_pkey  (cost=0.00..22.75 rows=1031 width=0)
	        Index Cond: ((id >= 7190576) AND (id <= 7191575))

table 3 : explain SELECT c FROM sbtest3 WHERE id BETWEEN 4712989 AND 4713988
	Bitmap Heap Scan on sbtest3  (cost=22.14..3659.84 rows=947 width=121)
	  Recheck Cond: ((id >= 4712989) AND (id <= 4713988))
	  ->  Bitmap Index Scan on sbtest3_pkey  (cost=0.00..21.90 rows=947 width=0)
	        Index Cond: ((id >= 4712989) AND (id <= 4713988))

table 4 : explain SELECT c FROM sbtest4 WHERE id BETWEEN 7006335 AND 7007334
	Bitmap Heap Scan on sbtest4  (cost=22.53..3803.29 rows=985 width=121)
	  Recheck Cond: ((id >= 7006335) AND (id <= 7007334))
	  ->  Bitmap Index Scan on sbtest4_pkey  (cost=0.00..22.29 rows=985 width=0)
	        Index Cond: ((id >= 7006335) AND (id <= 7007334))

table 5 : explain SELECT c FROM sbtest5 WHERE id BETWEEN 457672 AND 458671
	Bitmap Heap Scan on sbtest5  (cost=23.28..4078.01 rows=1058 width=121)
	  Recheck Cond: ((id >= 457672) AND (id <= 458671))
	  ->  Bitmap Index Scan on sbtest5_pkey  (cost=0.00..23.01 rows=1058 width=0)
	        Index Cond: ((id >= 457672) AND (id <= 458671))

table 6 : explain SELECT c FROM sbtest6 WHERE id BETWEEN 7446898 AND 7447897
	Bitmap Heap Scan on sbtest6  (cost=22.30..3717.72 rows=962 width=121)
	  Recheck Cond: ((id >= 7446898) AND (id <= 7447897))
	  ->  Bitmap Index Scan on sbtest6_pkey  (cost=0.00..22.05 rows=962 width=0)
	        Index Cond: ((id >= 7446898) AND (id <= 7447897))

table 7 : explain SELECT c FROM sbtest7 WHERE id BETWEEN 5855368 AND 5856367
	Bitmap Heap Scan on sbtest7  (cost=23.06..3999.73 rows=1037 width=121)
	  Recheck Cond: ((id >= 5855368) AND (id <= 5856367))
	  ->  Bitmap Index Scan on sbtest7_pkey  (cost=0.00..22.80 rows=1037 width=0)
	        Index Cond: ((id >= 5855368) AND (id <= 5856367))

table 8 : explain SELECT c FROM sbtest8 WHERE id BETWEEN 158663 AND 159662
	Bitmap Heap Scan on sbtest8  (cost=27.54..4177.86 rows=1083 width=121)
	  Recheck Cond: ((id >= 158663) AND (id <= 159662))
	  ->  Bitmap Index Scan on sbtest8_pkey  (cost=0.00..27.26 rows=1083 width=0)
	        Index Cond: ((id >= 158663) AND (id <= 159662))

explain: for point_selects :: explain SELECT c FROM sbtest%u WHERE id=%u
for point_selects
table 1 : explain SELECT c FROM sbtest1 WHERE id=1985287
	Index Scan using sbtest1_pkey on sbtest1  (cost=0.43..8.45 rows=1 width=121)
	  Index Cond: (id = 1985287)

table 2 : explain SELECT c FROM sbtest2 WHERE id=6931510
	Index Scan using sbtest2_pkey on sbtest2  (cost=0.43..8.45 rows=1 width=121)
	  Index Cond: (id = 6931510)

table 3 : explain SELECT c FROM sbtest3 WHERE id=6754363
	Index Scan using sbtest3_pkey on sbtest3  (cost=0.43..8.45 rows=1 width=121)
	  Index Cond: (id = 6754363)

table 4 : explain SELECT c FROM sbtest4 WHERE id=1038110
	Index Scan using sbtest4_pkey on sbtest4  (cost=0.43..8.45 rows=1 width=121)
	  Index Cond: (id = 1038110)

table 5 : explain SELECT c FROM sbtest5 WHERE id=1625429
	Index Scan using sbtest5_pkey on sbtest5  (cost=0.43..8.45 rows=1 width=121)
	  Index Cond: (id = 1625429)

table 6 : explain SELECT c FROM sbtest6 WHERE id=3145178
	Index Scan using sbtest6_pkey on sbtest6  (cost=0.43..8.45 rows=1 width=121)
	  Index Cond: (id = 3145178)

table 7 : explain SELECT c FROM sbtest7 WHERE id=3763771
	Index Scan using sbtest7_pkey on sbtest7  (cost=0.43..8.45 rows=1 width=121)
	  Index Cond: (id = 3763771)

table 8 : explain SELECT c FROM sbtest8 WHERE id=7437973
	Index Scan using sbtest8_pkey on sbtest8  (cost=0.43..8.45 rows=1 width=121)
	  Index Cond: (id = 7437973)

for: sum_ranges
table 1 : explain SELECT SUM(k) FROM sbtest1 WHERE id BETWEEN 335063 AND 336062
	Aggregate  (cost=3899.17..3899.18 rows=1 width=8)
	  ->  Bitmap Heap Scan on sbtest1  (cost=22.79..3896.64 rows=1010 width=4)
	        Recheck Cond: ((id >= 335063) AND (id <= 336062))
	        ->  Bitmap Index Scan on sbtest1_pkey  (cost=0.00..22.54 rows=1010 width=0)
	              Index Cond: ((id >= 335063) AND (id <= 336062))

table 2 : explain SELECT SUM(k) FROM sbtest2 WHERE id BETWEEN 3792259 AND 3793258
	Aggregate  (cost=3854.10..3854.11 rows=1 width=8)
	  ->  Bitmap Heap Scan on sbtest2  (cost=22.66..3851.61 rows=998 width=4)
	        Recheck Cond: ((id >= 3792259) AND (id <= 3793258))
	        ->  Bitmap Index Scan on sbtest2_pkey  (cost=0.00..22.41 rows=998 width=0)
	              Index Cond: ((id >= 3792259) AND (id <= 3793258))

table 3 : explain SELECT SUM(k) FROM sbtest3 WHERE id BETWEEN 504757 AND 505756
	Aggregate  (cost=3492.27..3492.28 rows=1 width=8)
	  ->  Bitmap Heap Scan on sbtest3  (cost=21.68..3490.01 rows=902 width=4)
	        Recheck Cond: ((id >= 504757) AND (id <= 505756))
	        ->  Bitmap Index Scan on sbtest3_pkey  (cost=0.00..21.45 rows=902 width=0)
	              Index Cond: ((id >= 504757) AND (id <= 505756))

table 4 : explain SELECT SUM(k) FROM sbtest4 WHERE id BETWEEN 6184733 AND 6185732
	Aggregate  (cost=3798.21..3798.22 rows=1 width=8)
	  ->  Bitmap Heap Scan on sbtest4  (cost=22.51..3795.76 rows=983 width=4)
	        Recheck Cond: ((id >= 6184733) AND (id <= 6185732))
	        ->  Bitmap Index Scan on sbtest4_pkey  (cost=0.00..22.26 rows=983 width=0)
	              Index Cond: ((id >= 6184733) AND (id <= 6185732))

table 5 : explain SELECT SUM(k) FROM sbtest5 WHERE id BETWEEN 9757326 AND 9758325
	Aggregate  (cost=3945.24..3945.25 rows=1 width=8)
	  ->  Bitmap Heap Scan on sbtest5  (cost=22.91..3942.68 rows=1022 width=4)
	        Recheck Cond: ((id >= 9757326) AND (id <= 9758325))
	        ->  Bitmap Index Scan on sbtest5_pkey  (cost=0.00..22.65 rows=1022 width=0)
	              Index Cond: ((id >= 9757326) AND (id <= 9758325))

table 6 : explain SELECT SUM(k) FROM sbtest6 WHERE id BETWEEN 9165612 AND 9166611
	Aggregate  (cost=4006.52..4006.53 rows=1 width=8)
	  ->  Bitmap Heap Scan on sbtest6  (cost=23.07..4003.92 rows=1038 width=4)
	        Recheck Cond: ((id >= 9165612) AND (id <= 9166611))
	        ->  Bitmap Index Scan on sbtest6_pkey  (cost=0.00..22.82 rows=1038 width=0)
	              Index Cond: ((id >= 9165612) AND (id <= 9166611))

table 7 : explain SELECT SUM(k) FROM sbtest7 WHERE id BETWEEN 5427802 AND 5428801
	Aggregate  (cost=4182.80..4182.81 rows=1 width=8)
	  ->  Bitmap Heap Scan on sbtest7  (cost=23.56..4180.09 rows=1085 width=4)
	        Recheck Cond: ((id >= 5427802) AND (id <= 5428801))
	        ->  Bitmap Index Scan on sbtest7_pkey  (cost=0.00..23.29 rows=1085 width=0)
	              Index Cond: ((id >= 5427802) AND (id <= 5428801))

table 8 : explain SELECT SUM(k) FROM sbtest8 WHERE id BETWEEN 5561288 AND 5562287
	Aggregate  (cost=3852.84..3852.85 rows=1 width=8)
	  ->  Bitmap Heap Scan on sbtest8  (cost=22.65..3850.35 rows=997 width=4)
	        Recheck Cond: ((id >= 5561288) AND (id <= 5562287))
	        ->  Bitmap Index Scan on sbtest8_pkey  (cost=0.00..22.40 rows=997 width=0)
	              Index Cond: ((id >= 5561288) AND (id <= 5562287))

for: order_ranges
table 1 : explain SELECT c FROM sbtest1 WHERE id BETWEEN 3612331 AND 3613330 ORDER BY c
	Sort  (cost=3813.31..3815.75 rows=975 width=121)
	  Sort Key: c
	  ->  Bitmap Heap Scan on sbtest1  (cost=22.43..3764.90 rows=975 width=121)
	        Recheck Cond: ((id >= 3612331) AND (id <= 3613330))
	        ->  Bitmap Index Scan on sbtest1_pkey  (cost=0.00..22.18 rows=975 width=0)
	              Index Cond: ((id >= 3612331) AND (id <= 3613330))

table 2 : explain SELECT c FROM sbtest2 WHERE id BETWEEN 8082863 AND 8083862 ORDER BY c
	Sort  (cost=4225.62..4228.33 rows=1083 width=121)
	  Sort Key: c
	  ->  Bitmap Heap Scan on sbtest2  (cost=23.54..4171.03 rows=1083 width=121)
	        Recheck Cond: ((id >= 8082863) AND (id <= 8083862))
	        ->  Bitmap Index Scan on sbtest2_pkey  (cost=0.00..23.26 rows=1083 width=0)
	              Index Cond: ((id >= 8082863) AND (id <= 8083862))

table 3 : explain SELECT c FROM sbtest3 WHERE id BETWEEN 4424027 AND 4425026 ORDER BY c
	Sort  (cost=4031.53..4034.11 rows=1032 width=121)
	  Sort Key: c
	  ->  Bitmap Heap Scan on sbtest3  (cost=23.01..3979.87 rows=1032 width=121)
	        Recheck Cond: ((id >= 4424027) AND (id <= 4425026))
	        ->  Bitmap Index Scan on sbtest3_pkey  (cost=0.00..22.75 rows=1032 width=0)
	              Index Cond: ((id >= 4424027) AND (id <= 4425026))

table 4 : explain SELECT c FROM sbtest4 WHERE id BETWEEN 4136249 AND 4137248 ORDER BY c
	Sort  (cost=4142.46..4145.11 rows=1061 width=121)
	  Sort Key: c
	  ->  Bitmap Heap Scan on sbtest4  (cost=23.31..4089.14 rows=1061 width=121)
	        Recheck Cond: ((id >= 4136249) AND (id <= 4137248))
	        ->  Bitmap Index Scan on sbtest4_pkey  (cost=0.00..23.04 rows=1061 width=0)
	              Index Cond: ((id >= 4136249) AND (id <= 4137248))

table 5 : explain SELECT c FROM sbtest5 WHERE id BETWEEN 9590139 AND 9591138 ORDER BY c
	Sort  (cost=3909.73..3912.23 rows=1000 width=121)
	  Sort Key: c
	  ->  Bitmap Heap Scan on sbtest5  (cost=22.68..3859.90 rows=1000 width=121)
	        Recheck Cond: ((id >= 9590139) AND (id <= 9591138))
	        ->  Bitmap Index Scan on sbtest5_pkey  (cost=0.00..22.43 rows=1000 width=0)
	              Index Cond: ((id >= 9590139) AND (id <= 9591138))

table 6 : explain SELECT c FROM sbtest6 WHERE id BETWEEN 977425 AND 978424 ORDER BY c
	Sort  (cost=3593.01..3595.31 rows=917 width=121)
	  Sort Key: c
	  ->  Bitmap Heap Scan on sbtest6  (cost=21.83..3547.89 rows=917 width=121)
	        Recheck Cond: ((id >= 977425) AND (id <= 978424))
	        ->  Bitmap Index Scan on sbtest6_pkey  (cost=0.00..21.61 rows=917 width=0)
	              Index Cond: ((id >= 977425) AND (id <= 978424))

table 7 : explain SELECT c FROM sbtest7 WHERE id BETWEEN 1446756 AND 1447755 ORDER BY c
	Sort  (cost=3979.12..3981.66 rows=1018 width=121)
	  Sort Key: c
	  ->  Bitmap Heap Scan on sbtest7  (cost=22.87..3928.26 rows=1018 width=121)
	        Recheck Cond: ((id >= 1446756) AND (id <= 1447755))
	        ->  Bitmap Index Scan on sbtest7_pkey  (cost=0.00..22.61 rows=1018 width=0)
	              Index Cond: ((id >= 1446756) AND (id <= 1447755))

table 8 : explain SELECT c FROM sbtest8 WHERE id BETWEEN 5270632 AND 5271631 ORDER BY c
	Sort  (cost=4018.50..4021.07 rows=1028 width=121)
	  Sort Key: c
	  ->  Bitmap Heap Scan on sbtest8  (cost=22.97..3967.07 rows=1028 width=121)
	        Recheck Cond: ((id >= 5270632) AND (id <= 5271631))
	        ->  Bitmap Index Scan on sbtest8_pkey  (cost=0.00..22.71 rows=1028 width=0)
	              Index Cond: ((id >= 5270632) AND (id <= 5271631))

for: order_ranges
table 1 : explain SELECT c FROM sbtest1 WHERE id BETWEEN 4240643 AND 4241642 ORDER BY c
	Sort  (cost=3633.48..3635.80 rows=928 width=121)
	  Sort Key: c
	  ->  Bitmap Heap Scan on sbtest1  (cost=21.95..3587.74 rows=928 width=121)
	        Recheck Cond: ((id >= 4240643) AND (id <= 4241642))
	        ->  Bitmap Index Scan on sbtest1_pkey  (cost=0.00..21.71 rows=928 width=0)
	              Index Cond: ((id >= 4240643) AND (id <= 4241642))

table 2 : explain SELECT c FROM sbtest2 WHERE id BETWEEN 2780139 AND 2781138 ORDER BY c
	Sort  (cost=4248.56..4251.29 rows=1090 width=121)
	  Sort Key: c
	  ->  Bitmap Heap Scan on sbtest2  (cost=23.61..4193.57 rows=1090 width=121)
	        Recheck Cond: ((id >= 2780139) AND (id <= 2781138))
	        ->  Bitmap Index Scan on sbtest2_pkey  (cost=0.00..23.33 rows=1090 width=0)
	              Index Cond: ((id >= 2780139) AND (id <= 2781138))

table 3 : explain SELECT c FROM sbtest3 WHERE id BETWEEN 4775774 AND 4776773 ORDER BY c
	Sort  (cost=4016.26..4018.83 rows=1028 width=121)
	  Sort Key: c
	  ->  Bitmap Heap Scan on sbtest3  (cost=22.97..3964.83 rows=1028 width=121)
	        Recheck Cond: ((id >= 4775774) AND (id <= 4776773))
	        ->  Bitmap Index Scan on sbtest3_pkey  (cost=0.00..22.71 rows=1028 width=0)
	              Index Cond: ((id >= 4775774) AND (id <= 4776773))

table 4 : explain SELECT c FROM sbtest4 WHERE id BETWEEN 132017 AND 133016 ORDER BY c
	Sort  (cost=3997.45..4000.01 rows=1023 width=121)
	  Sort Key: c
	  ->  Bitmap Heap Scan on sbtest4  (cost=22.92..3946.31 rows=1023 width=121)
	        Recheck Cond: ((id >= 132017) AND (id <= 133016))
	        ->  Bitmap Index Scan on sbtest4_pkey  (cost=0.00..22.66 rows=1023 width=0)
	              Index Cond: ((id >= 132017) AND (id <= 133016))

table 5 : explain SELECT c FROM sbtest5 WHERE id BETWEEN 1578172 AND 1579171 ORDER BY c
	Sort  (cost=3687.88..3690.23 rows=942 width=121)
	  Sort Key: c
	  ->  Bitmap Heap Scan on sbtest5  (cost=22.09..3641.35 rows=942 width=121)
	        Recheck Cond: ((id >= 1578172) AND (id <= 1579171))
	        ->  Bitmap Index Scan on sbtest5_pkey  (cost=0.00..21.86 rows=942 width=0)
	              Index Cond: ((id >= 1578172) AND (id <= 1579171))

table 6 : explain SELECT c FROM sbtest6 WHERE id BETWEEN 3019589 AND 3020588 ORDER BY c
	Sort  (cost=4044.47..4047.05 rows=1035 width=121)
	  Sort Key: c
	  ->  Bitmap Heap Scan on sbtest6  (cost=23.04..3992.64 rows=1035 width=121)
	        Recheck Cond: ((id >= 3019589) AND (id <= 3020588))
	        ->  Bitmap Index Scan on sbtest6_pkey  (cost=0.00..22.79 rows=1035 width=0)
	              Index Cond: ((id >= 3019589) AND (id <= 3020588))

table 7 : explain SELECT c FROM sbtest7 WHERE id BETWEEN 3286977 AND 3287976 ORDER BY c
	Sort  (cost=3799.44..3801.86 rows=971 width=121)
	  Sort Key: c
	  ->  Bitmap Heap Scan on sbtest7  (cost=22.39..3751.26 rows=971 width=121)
	        Recheck Cond: ((id >= 3286977) AND (id <= 3287976))
	        ->  Bitmap Index Scan on sbtest7_pkey  (cost=0.00..22.14 rows=971 width=0)
	              Index Cond: ((id >= 3286977) AND (id <= 3287976))

table 8 : explain SELECT c FROM sbtest8 WHERE id BETWEEN 3733346 AND 3734345 ORDER BY c
	Sort  (cost=4255.33..4258.06 rows=1089 width=121)
	  Sort Key: c
	  ->  Bitmap Heap Scan on sbtest8  (cost=27.60..4200.40 rows=1089 width=121)
	        Recheck Cond: ((id >= 3733346) AND (id <= 3734345))
	        ->  Bitmap Index Scan on sbtest8_pkey  (cost=0.00..27.32 rows=1089 width=0)
	              Index Cond: ((id >= 3733346) AND (id <= 3734345))

for: order_ranges
table 1 : explain SELECT c FROM sbtest1 WHERE id BETWEEN 9012693 AND 9013692 ORDER BY c
	Sort  (cost=4412.31..4415.14 rows=1132 width=121)
	  Sort Key: c
	  ->  Bitmap Heap Scan on sbtest1  (cost=28.04..4354.90 rows=1132 width=121)
	        Recheck Cond: ((id >= 9012693) AND (id <= 9013692))
	        ->  Bitmap Index Scan on sbtest1_pkey  (cost=0.00..27.75 rows=1132 width=0)
	              Index Cond: ((id >= 9012693) AND (id <= 9013692))

table 2 : explain SELECT c FROM sbtest2 WHERE id BETWEEN 9438504 AND 9439503 ORDER BY c
	Sort  (cost=3591.45..3593.75 rows=917 width=121)
	  Sort Key: c
	  ->  Bitmap Heap Scan on sbtest2  (cost=21.83..3546.33 rows=917 width=121)
	        Recheck Cond: ((id >= 9438504) AND (id <= 9439503))
	        ->  Bitmap Index Scan on sbtest2_pkey  (cost=0.00..21.61 rows=917 width=0)
	              Index Cond: ((id >= 9438504) AND (id <= 9439503))

table 3 : explain SELECT c FROM sbtest3 WHERE id BETWEEN 8705353 AND 8706352 ORDER BY c
	Sort  (cost=3346.31..3348.44 rows=853 width=121)
	  Sort Key: c
	  ->  Bitmap Heap Scan on sbtest3  (cost=21.18..3304.78 rows=853 width=121)
	        Recheck Cond: ((id >= 8705353) AND (id <= 8706352))
	        ->  Bitmap Index Scan on sbtest3_pkey  (cost=0.00..20.96 rows=853 width=0)
	              Index Cond: ((id >= 8705353) AND (id <= 8706352))

table 4 : explain SELECT c FROM sbtest4 WHERE id BETWEEN 1279079 AND 1280078 ORDER BY c
	Sort  (cost=3879.02..3881.50 rows=992 width=121)
	  Sort Key: c
	  ->  Bitmap Heap Scan on sbtest4  (cost=22.60..3829.65 rows=992 width=121)
	        Recheck Cond: ((id >= 1279079) AND (id <= 1280078))
	        ->  Bitmap Index Scan on sbtest4_pkey  (cost=0.00..22.36 rows=992 width=0)
	              Index Cond: ((id >= 1279079) AND (id <= 1280078))

table 5 : explain SELECT c FROM sbtest5 WHERE id BETWEEN 9955263 AND 9956262 ORDER BY c
	Sort  (cost=3844.75..3847.20 rows=983 width=121)
	  Sort Key: c
	  ->  Bitmap Heap Scan on sbtest5  (cost=22.51..3795.89 rows=983 width=121)
	        Recheck Cond: ((id >= 9955263) AND (id <= 9956262))
	        ->  Bitmap Index Scan on sbtest5_pkey  (cost=0.00..22.26 rows=983 width=0)
	              Index Cond: ((id >= 9955263) AND (id <= 9956262))

table 6 : explain SELECT c FROM sbtest6 WHERE id BETWEEN 8186315 AND 8187314 ORDER BY c
	Sort  (cost=3891.63..3894.11 rows=995 width=121)
	  Sort Key: c
	  ->  Bitmap Heap Scan on sbtest6  (cost=22.63..3842.08 rows=995 width=121)
	        Recheck Cond: ((id >= 8186315) AND (id <= 8187314))
	        ->  Bitmap Index Scan on sbtest6_pkey  (cost=0.00..22.39 rows=995 width=0)
	              Index Cond: ((id >= 8186315) AND (id <= 8187314))

table 7 : explain SELECT c FROM sbtest7 WHERE id BETWEEN 4656542 AND 4657541 ORDER BY c
	Sort  (cost=4234.79..4237.50 rows=1085 width=121)
	  Sort Key: c
	  ->  Bitmap Heap Scan on sbtest7  (cost=23.56..4180.09 rows=1085 width=121)
	        Recheck Cond: ((id >= 4656542) AND (id <= 4657541))
	        ->  Bitmap Index Scan on sbtest7_pkey  (cost=0.00..23.29 rows=1085 width=0)
	              Index Cond: ((id >= 4656542) AND (id <= 4657541))

table 8 : explain SELECT c FROM sbtest8 WHERE id BETWEEN 2057463 AND 2058462 ORDER BY c
	Sort  (cost=3681.82..3684.17 rows=940 width=121)
	  Sort Key: c
	  ->  Bitmap Heap Scan on sbtest8  (cost=22.07..3635.40 rows=940 width=121)
	        Recheck Cond: ((id >= 2057463) AND (id <= 2058462))
	        ->  Bitmap Index Scan on sbtest8_pkey  (cost=0.00..21.83 rows=940 width=0)
	              Index Cond: ((id >= 2057463) AND (id <= 2058462))

for: simple_ranges
table 1 : explain SELECT c FROM sbtest1 WHERE id BETWEEN 2677664 AND 2678663
	Bitmap Heap Scan on sbtest1  (cost=22.82..3907.93 rows=1013 width=121)
	  Recheck Cond: ((id >= 2677664) AND (id <= 2678663))
	  ->  Bitmap Index Scan on sbtest1_pkey  (cost=0.00..22.57 rows=1013 width=0)
	        Index Cond: ((id >= 2677664) AND (id <= 2678663))

table 2 : explain SELECT c FROM sbtest2 WHERE id BETWEEN 6612410 AND 6613409
	Bitmap Heap Scan on sbtest2  (cost=22.24..3697.20 rows=957 width=121)
	  Recheck Cond: ((id >= 6612410) AND (id <= 6613409))
	  ->  Bitmap Index Scan on sbtest2_pkey  (cost=0.00..22.00 rows=957 width=0)
	        Index Cond: ((id >= 6612410) AND (id <= 6613409))

table 3 : explain SELECT c FROM sbtest3 WHERE id BETWEEN 4108108 AND 4109107
	Bitmap Heap Scan on sbtest3  (cost=27.75..4250.50 rows=1104 width=121)
	  Recheck Cond: ((id >= 4108108) AND (id <= 4109107))
	  ->  Bitmap Index Scan on sbtest3_pkey  (cost=0.00..27.47 rows=1104 width=0)
	        Index Cond: ((id >= 4108108) AND (id <= 4109107))

table 4 : explain SELECT c FROM sbtest4 WHERE id BETWEEN 6715991 AND 6716990
	Bitmap Heap Scan on sbtest4  (cost=22.15..3663.85 rows=948 width=121)
	  Recheck Cond: ((id >= 6715991) AND (id <= 6716990))
	  ->  Bitmap Index Scan on sbtest4_pkey  (cost=0.00..21.91 rows=948 width=0)
	        Index Cond: ((id >= 6715991) AND (id <= 6716990))

table 5 : explain SELECT c FROM sbtest5 WHERE id BETWEEN 6555310 AND 6556309
	Bitmap Heap Scan on sbtest5  (cost=22.68..3859.90 rows=1000 width=121)
	  Recheck Cond: ((id >= 6555310) AND (id <= 6556309))
	  ->  Bitmap Index Scan on sbtest5_pkey  (cost=0.00..22.43 rows=1000 width=0)
	        Index Cond: ((id >= 6555310) AND (id <= 6556309))

table 6 : explain SELECT c FROM sbtest6 WHERE id BETWEEN 8081592 AND 8082591
	Bitmap Heap Scan on sbtest6  (cost=22.14..3661.14 rows=947 width=121)
	  Recheck Cond: ((id >= 8081592) AND (id <= 8082591))
	  ->  Bitmap Index Scan on sbtest6_pkey  (cost=0.00..21.90 rows=947 width=0)
	        Index Cond: ((id >= 8081592) AND (id <= 8082591))

table 7 : explain SELECT c FROM sbtest7 WHERE id BETWEEN 9634792 AND 9635791
	Bitmap Heap Scan on sbtest7  (cost=23.46..4146.29 rows=1076 width=121)
	  Recheck Cond: ((id >= 9634792) AND (id <= 9635791))
	  ->  Bitmap Index Scan on sbtest7_pkey  (cost=0.00..23.19 rows=1076 width=0)
	        Index Cond: ((id >= 9634792) AND (id <= 9635791))

table 8 : explain SELECT c FROM sbtest8 WHERE id BETWEEN 8883172 AND 8884171
	Bitmap Heap Scan on sbtest8  (cost=22.51..3797.59 rows=983 width=121)
	  Recheck Cond: ((id >= 8883172) AND (id <= 8884171))
	  ->  Bitmap Index Scan on sbtest8_pkey  (cost=0.00..22.26 rows=983 width=0)
	        Index Cond: ((id >= 8883172) AND (id <= 8884171))

for: distinct_ranges
table 1 : explain SELECT DISTINCT c FROM sbtest1 WHERE id BETWEEN 1594812 AND 1595811 ORDER BY c
	Unique  (cost=3989.04..3994.15 rows=1021 width=121)
	  ->  Sort  (cost=3989.04..3991.60 rows=1021 width=121)
	        Sort Key: c
	        ->  Bitmap Heap Scan on sbtest1  (cost=22.90..3938.01 rows=1021 width=121)
	              Recheck Cond: ((id >= 1594812) AND (id <= 1595811))
	              ->  Bitmap Index Scan on sbtest1_pkey  (cost=0.00..22.64 rows=1021 width=0)
	                    Index Cond: ((id >= 1594812) AND (id <= 1595811))

table 2 : explain SELECT DISTINCT c FROM sbtest2 WHERE id BETWEEN 8744630 AND 8745629 ORDER BY c
	Unique  (cost=3599.11..3603.71 rows=919 width=121)
	  ->  Sort  (cost=3599.11..3601.41 rows=919 width=121)
	        Sort Key: c
	        ->  Bitmap Heap Scan on sbtest2  (cost=21.85..3553.88 rows=919 width=121)
	              Recheck Cond: ((id >= 8744630) AND (id <= 8745629))
	              ->  Bitmap Index Scan on sbtest2_pkey  (cost=0.00..21.62 rows=919 width=0)
	                    Index Cond: ((id >= 8744630) AND (id <= 8745629))

table 3 : explain SELECT DISTINCT c FROM sbtest3 WHERE id BETWEEN 9686680 AND 9687679 ORDER BY c
	Unique  (cost=4134.54..4139.83 rows=1059 width=121)
	  ->  Sort  (cost=4134.54..4137.18 rows=1059 width=121)
	        Sort Key: c
	        ->  Bitmap Heap Scan on sbtest3  (cost=23.29..4081.33 rows=1059 width=121)
	              Recheck Cond: ((id >= 9686680) AND (id <= 9687679))
	              ->  Bitmap Index Scan on sbtest3_pkey  (cost=0.00..23.02 rows=1059 width=0)
	                    Index Cond: ((id >= 9686680) AND (id <= 9687679))

table 4 : explain SELECT DISTINCT c FROM sbtest4 WHERE id BETWEEN 1308964 AND 1309963 ORDER BY c
	Unique  (cost=3695.42..3700.14 rows=944 width=121)
	  ->  Sort  (cost=3695.42..3697.78 rows=944 width=121)
	        Sort Key: c
	        ->  Bitmap Heap Scan on sbtest4  (cost=22.11..3648.77 rows=944 width=121)
	              Recheck Cond: ((id >= 1308964) AND (id <= 1309963))
	              ->  Bitmap Index Scan on sbtest4_pkey  (cost=0.00..21.87 rows=944 width=0)
	                    Index Cond: ((id >= 1308964) AND (id <= 1309963))

table 5 : explain SELECT DISTINCT c FROM sbtest5 WHERE id BETWEEN 4913720 AND 4914719 ORDER BY c
	Unique  (cost=3779.73..3784.56 rows=966 width=121)
	  ->  Sort  (cost=3779.73..3782.15 rows=966 width=121)
	        Sort Key: c
	        ->  Bitmap Heap Scan on sbtest5  (cost=22.34..3731.84 rows=966 width=121)
	              Recheck Cond: ((id >= 4913720) AND (id <= 4914719))
	              ->  Bitmap Index Scan on sbtest5_pkey  (cost=0.00..22.09 rows=966 width=0)
	                    Index Cond: ((id >= 4913720) AND (id <= 4914719))

table 6 : explain SELECT DISTINCT c FROM sbtest6 WHERE id BETWEEN 5903575 AND 5904574 ORDER BY c
	Unique  (cost=4155.16..4160.48 rows=1064 width=121)
	  ->  Sort  (cost=4155.16..4157.82 rows=1064 width=121)
	        Sort Key: c
	        ->  Bitmap Heap Scan on sbtest6  (cost=23.34..4101.66 rows=1064 width=121)
	              Recheck Cond: ((id >= 5903575) AND (id <= 5904574))
	              ->  Bitmap Index Scan on sbtest6_pkey  (cost=0.00..23.07 rows=1064 width=0)
	                    Index Cond: ((id >= 5903575) AND (id <= 5904574))

table 7 : explain SELECT DISTINCT c FROM sbtest7 WHERE id BETWEEN 4709531 AND 4710530 ORDER BY c
	Unique  (cost=4234.79..4240.21 rows=1085 width=121)
	  ->  Sort  (cost=4234.79..4237.50 rows=1085 width=121)
	        Sort Key: c
	        ->  Bitmap Heap Scan on sbtest7  (cost=23.56..4180.09 rows=1085 width=121)
	              Recheck Cond: ((id >= 4709531) AND (id <= 4710530))
	              ->  Bitmap Index Scan on sbtest7_pkey  (cost=0.00..23.29 rows=1085 width=0)
	                    Index Cond: ((id >= 4709531) AND (id <= 4710530))

table 8 : explain SELECT DISTINCT c FROM sbtest8 WHERE id BETWEEN 2273803 AND 2274802 ORDER BY c
	Unique  (cost=3892.36..3897.33 rows=995 width=121)
	  ->  Sort  (cost=3892.36..3894.84 rows=995 width=121)
	        Sort Key: c
	        ->  Bitmap Heap Scan on sbtest8  (cost=22.63..3842.81 rows=995 width=121)
	              Recheck Cond: ((id >= 2273803) AND (id <= 2274802))
	              ->  Bitmap Index Scan on sbtest8_pkey  (cost=0.00..22.39 rows=995 width=0)
	                    Index Cond: ((id >= 2273803) AND (id <= 2274802))

for: distinct_ranges
table 1 : explain SELECT DISTINCT c FROM sbtest1 WHERE id BETWEEN 3247108 AND 3248107 ORDER BY c
	Unique  (cost=4069.18..4074.39 rows=1042 width=121)
	  ->  Sort  (cost=4069.18..4071.79 rows=1042 width=121)
	        Sort Key: c
	        ->  Bitmap Heap Scan on sbtest1  (cost=23.12..4016.95 rows=1042 width=121)
	              Recheck Cond: ((id >= 3247108) AND (id <= 3248107))
	              ->  Bitmap Index Scan on sbtest1_pkey  (cost=0.00..22.86 rows=1042 width=0)
	                    Index Cond: ((id >= 3247108) AND (id <= 3248107))

table 2 : explain SELECT DISTINCT c FROM sbtest2 WHERE id BETWEEN 6369733 AND 6370732 ORDER BY c
	Unique  (cost=3702.49..3707.22 rows=946 width=121)
	  ->  Sort  (cost=3702.49..3704.86 rows=946 width=121)
	        Sort Key: c
	        ->  Bitmap Heap Scan on sbtest2  (cost=22.13..3655.73 rows=946 width=121)
	              Recheck Cond: ((id >= 6369733) AND (id <= 6370732))
	              ->  Bitmap Index Scan on sbtest2_pkey  (cost=0.00..21.89 rows=946 width=0)
	                    Index Cond: ((id >= 6369733) AND (id <= 6370732))

table 3 : explain SELECT DISTINCT c FROM sbtest3 WHERE id BETWEEN 5245577 AND 5246576 ORDER BY c
	Unique  (cost=3913.15..3918.15 rows=1001 width=121)
	  ->  Sort  (cost=3913.15..3915.65 rows=1001 width=121)
	        Sort Key: c
	        ->  Bitmap Heap Scan on sbtest3  (cost=22.70..3863.26 rows=1001 width=121)
	              Recheck Cond: ((id >= 5245577) AND (id <= 5246576))
	              ->  Bitmap Index Scan on sbtest3_pkey  (cost=0.00..22.44 rows=1001 width=0)
	                    Index Cond: ((id >= 5245577) AND (id <= 5246576))

table 4 : explain SELECT DISTINCT c FROM sbtest4 WHERE id BETWEEN 6709290 AND 6710289 ORDER BY c
	Unique  (cost=3710.73..3715.47 rows=948 width=121)
	  ->  Sort  (cost=3710.73..3713.10 rows=948 width=121)
	        Sort Key: c
	        ->  Bitmap Heap Scan on sbtest4  (cost=22.15..3663.85 rows=948 width=121)
	              Recheck Cond: ((id >= 6709290) AND (id <= 6710289))
	              ->  Bitmap Index Scan on sbtest4_pkey  (cost=0.00..21.91 rows=948 width=0)
	                    Index Cond: ((id >= 6709290) AND (id <= 6710289))

table 5 : explain SELECT DISTINCT c FROM sbtest5 WHERE id BETWEEN 6395149 AND 6396148 ORDER BY c
	Unique  (cost=3618.94..3623.56 rows=924 width=121)
	  ->  Sort  (cost=3618.94..3621.25 rows=924 width=121)
	        Sort Key: c
	        ->  Bitmap Heap Scan on sbtest5  (cost=21.91..3573.43 rows=924 width=121)
	              Recheck Cond: ((id >= 6395149) AND (id <= 6396148))
	              ->  Bitmap Index Scan on sbtest5_pkey  (cost=0.00..21.68 rows=924 width=0)
	                    Index Cond: ((id >= 6395149) AND (id <= 6396148))

table 6 : explain SELECT DISTINCT c FROM sbtest6 WHERE id BETWEEN 7220446 AND 7221445 ORDER BY c
	Unique  (cost=3998.64..4003.75 rows=1023 width=121)
	  ->  Sort  (cost=3998.64..4001.19 rows=1023 width=121)
	        Sort Key: c
	        ->  Bitmap Heap Scan on sbtest6  (cost=22.92..3947.49 rows=1023 width=121)
	              Recheck Cond: ((id >= 7220446) AND (id <= 7221445))
	              ->  Bitmap Index Scan on sbtest6_pkey  (cost=0.00..22.66 rows=1023 width=0)
	                    Index Cond: ((id >= 7220446) AND (id <= 7221445))

table 7 : explain SELECT DISTINCT c FROM sbtest7 WHERE id BETWEEN 2252959 AND 2253958 ORDER BY c
	Unique  (cost=4032.58..4037.74 rows=1032 width=121)
	  ->  Sort  (cost=4032.58..4035.16 rows=1032 width=121)
	        Sort Key: c
	        ->  Bitmap Heap Scan on sbtest7  (cost=23.01..3980.93 rows=1032 width=121)
	              Recheck Cond: ((id >= 2252959) AND (id <= 2253958))
	              ->  Bitmap Index Scan on sbtest7_pkey  (cost=0.00..22.75 rows=1032 width=0)
	                    Index Cond: ((id >= 2252959) AND (id <= 2253958))

table 8 : explain SELECT DISTINCT c FROM sbtest8 WHERE id BETWEEN 7863540 AND 7864539 ORDER BY c
	Unique  (cost=3708.63..3713.37 rows=947 width=121)
	  ->  Sort  (cost=3708.63..3711.00 rows=947 width=121)
	        Sort Key: c
	        ->  Bitmap Heap Scan on sbtest8  (cost=22.14..3661.82 rows=947 width=121)
	              Recheck Cond: ((id >= 7863540) AND (id <= 7864539))
	              ->  Bitmap Index Scan on sbtest8_pkey  (cost=0.00..21.90 rows=947 width=0)
	                    Index Cond: ((id >= 7863540) AND (id <= 7864539))

for: distinct_ranges
table 1 : explain SELECT DISTINCT c FROM sbtest1 WHERE id BETWEEN 5432441 AND 5433440 ORDER BY c
	Unique  (cost=4191.20..4196.57 rows=1074 width=121)
	  ->  Sort  (cost=4191.20..4193.88 rows=1074 width=121)
	        Sort Key: c
	        ->  Bitmap Heap Scan on sbtest1  (cost=23.44..4137.13 rows=1074 width=121)
	              Recheck Cond: ((id >= 5432441) AND (id <= 5433440))
	              ->  Bitmap Index Scan on sbtest1_pkey  (cost=0.00..23.18 rows=1074 width=0)
	                    Index Cond: ((id >= 5432441) AND (id <= 5433440))

table 2 : explain SELECT DISTINCT c FROM sbtest2 WHERE id BETWEEN 1319396 AND 1320395 ORDER BY c
	Unique  (cost=4195.13..4200.51 rows=1075 width=121)
	  ->  Sort  (cost=4195.13..4197.82 rows=1075 width=121)
	        Sort Key: c
	        ->  Bitmap Heap Scan on sbtest2  (cost=23.45..4141.01 rows=1075 width=121)
	              Recheck Cond: ((id >= 1319396) AND (id <= 1320395))
	              ->  Bitmap Index Scan on sbtest2_pkey  (cost=0.00..23.18 rows=1075 width=0)
	                    Index Cond: ((id >= 1319396) AND (id <= 1320395))

table 3 : explain SELECT DISTINCT c FROM sbtest3 WHERE id BETWEEN 2914373 AND 2915372 ORDER BY c
	Unique  (cost=4279.64..4285.12 rows=1097 width=121)
	  ->  Sort  (cost=4279.64..4282.38 rows=1097 width=121)
	        Sort Key: c
	        ->  Bitmap Heap Scan on sbtest3  (cost=27.68..4224.24 rows=1097 width=121)
	              Recheck Cond: ((id >= 2914373) AND (id <= 2915372))
	              ->  Bitmap Index Scan on sbtest3_pkey  (cost=0.00..27.40 rows=1097 width=0)
	                    Index Cond: ((id >= 2914373) AND (id <= 2915372))

table 4 : explain SELECT DISTINCT c FROM sbtest4 WHERE id BETWEEN 6431505 AND 6432504 ORDER BY c
	Unique  (cost=3921.06..3926.07 rows=1003 width=121)
	  ->  Sort  (cost=3921.06..3923.57 rows=1003 width=121)
	        Sort Key: c
	        ->  Bitmap Heap Scan on sbtest4  (cost=22.72..3871.06 rows=1003 width=121)
	              Recheck Cond: ((id >= 6431505) AND (id <= 6432504))
	              ->  Bitmap Index Scan on sbtest4_pkey  (cost=0.00..22.46 rows=1003 width=0)
	                    Index Cond: ((id >= 6431505) AND (id <= 6432504))

table 5 : explain SELECT DISTINCT c FROM sbtest5 WHERE id BETWEEN 4239849 AND 4240848 ORDER BY c
	Unique  (cost=3951.76..3956.81 rows=1011 width=121)
	  ->  Sort  (cost=3951.76..3954.28 rows=1011 width=121)
	        Sort Key: c
	        ->  Bitmap Heap Scan on sbtest5  (cost=22.80..3901.30 rows=1011 width=121)
	              Recheck Cond: ((id >= 4239849) AND (id <= 4240848))
	              ->  Bitmap Index Scan on sbtest5_pkey  (cost=0.00..22.54 rows=1011 width=0)
	                    Index Cond: ((id >= 4239849) AND (id <= 4240848))

table 6 : explain SELECT DISTINCT c FROM sbtest6 WHERE id BETWEEN 4288993 AND 4289992 ORDER BY c
	Unique  (cost=3937.50..3942.53 rows=1007 width=121)
	  ->  Sort  (cost=3937.50..3940.02 rows=1007 width=121)
	        Sort Key: c
	        ->  Bitmap Heap Scan on sbtest6  (cost=22.76..3887.27 rows=1007 width=121)
	              Recheck Cond: ((id >= 4288993) AND (id <= 4289992))
	              ->  Bitmap Index Scan on sbtest6_pkey  (cost=0.00..22.50 rows=1007 width=0)
	                    Index Cond: ((id >= 4288993) AND (id <= 4289992))

table 7 : explain SELECT DISTINCT c FROM sbtest7 WHERE id BETWEEN 5074010 AND 5075009 ORDER BY c
	Unique  (cost=4040.22..4045.39 rows=1034 width=121)
	  ->  Sort  (cost=4040.22..4042.81 rows=1034 width=121)
	        Sort Key: c
	        ->  Bitmap Heap Scan on sbtest7  (cost=23.03..3988.45 rows=1034 width=121)
	              Recheck Cond: ((id >= 5074010) AND (id <= 5075009))
	              ->  Bitmap Index Scan on sbtest7_pkey  (cost=0.00..22.77 rows=1034 width=0)
	                    Index Cond: ((id >= 5074010) AND (id <= 5075009))

table 8 : explain SELECT DISTINCT c FROM sbtest8 WHERE id BETWEEN 7248624 AND 7249623 ORDER BY c
	Unique  (cost=3716.29..3721.04 rows=949 width=121)
	  ->  Sort  (cost=3716.29..3718.67 rows=949 width=121)
	        Sort Key: c
	        ->  Bitmap Heap Scan on sbtest8  (cost=22.16..3669.37 rows=949 width=121)
	              Recheck Cond: ((id >= 7248624) AND (id <= 7249623))
	              ->  Bitmap Index Scan on sbtest8_pkey  (cost=0.00..21.93 rows=949 width=0)
	                    Index Cond: ((id >= 7248624) AND (id <= 7249623))

for: simple_ranges
table 1 : explain SELECT c FROM sbtest1 WHERE id BETWEEN 1033341 AND 1034340
	Bitmap Heap Scan on sbtest1  (cost=22.53..3802.56 rows=985 width=121)
	  Recheck Cond: ((id >= 1033341) AND (id <= 1034340))
	  ->  Bitmap Index Scan on sbtest1_pkey  (cost=0.00..22.29 rows=985 width=0)
	        Index Cond: ((id >= 1033341) AND (id <= 1034340))

table 2 : explain SELECT c FROM sbtest2 WHERE id BETWEEN 9976321 AND 9977320
	Bitmap Heap Scan on sbtest2  (cost=22.80..3900.52 rows=1011 width=121)
	  Recheck Cond: ((id >= 9976321) AND (id <= 9977320))
	  ->  Bitmap Index Scan on sbtest2_pkey  (cost=0.00..22.54 rows=1011 width=0)
	        Index Cond: ((id >= 9976321) AND (id <= 9977320))

table 3 : explain SELECT c FROM sbtest3 WHERE id BETWEEN 9984307 AND 9985306
	Bitmap Heap Scan on sbtest3  (cost=23.18..4040.01 rows=1048 width=121)
	  Recheck Cond: ((id >= 9984307) AND (id <= 9985306))
	  ->  Bitmap Index Scan on sbtest3_pkey  (cost=0.00..22.91 rows=1048 width=0)
	        Index Cond: ((id >= 9984307) AND (id <= 9985306))

table 4 : explain SELECT c FROM sbtest4 WHERE id BETWEEN 1096633 AND 1097632
	Bitmap Heap Scan on sbtest4  (cost=22.98..3968.87 rows=1029 width=121)
	  Recheck Cond: ((id >= 1096633) AND (id <= 1097632))
	  ->  Bitmap Index Scan on sbtest4_pkey  (cost=0.00..22.72 rows=1029 width=0)
	        Index Cond: ((id >= 1096633) AND (id <= 1097632))

table 5 : explain SELECT c FROM sbtest5 WHERE id BETWEEN 6887765 AND 6888764
	Bitmap Heap Scan on sbtest5  (cost=22.51..3795.89 rows=983 width=121)
	  Recheck Cond: ((id >= 6887765) AND (id <= 6888764))
	  ->  Bitmap Index Scan on sbtest5_pkey  (cost=0.00..22.26 rows=983 width=0)
	        Index Cond: ((id >= 6887765) AND (id <= 6888764))

table 6 : explain SELECT c FROM sbtest6 WHERE id BETWEEN 3712125 AND 3713124
	Bitmap Heap Scan on sbtest6  (cost=23.25..4067.84 rows=1055 width=121)
	  Recheck Cond: ((id >= 3712125) AND (id <= 3713124))
	  ->  Bitmap Index Scan on sbtest6_pkey  (cost=0.00..22.98 rows=1055 width=0)
	        Index Cond: ((id >= 3712125) AND (id <= 3713124))

table 7 : explain SELECT c FROM sbtest7 WHERE id BETWEEN 7448972 AND 7449971
	Bitmap Heap Scan on sbtest7  (cost=23.09..4011.01 rows=1040 width=121)
	  Recheck Cond: ((id >= 7448972) AND (id <= 7449971))
	  ->  Bitmap Index Scan on sbtest7_pkey  (cost=0.00..22.83 rows=1040 width=0)
	        Index Cond: ((id >= 7448972) AND (id <= 7449971))

table 8 : explain SELECT c FROM sbtest8 WHERE id BETWEEN 3331549 AND 3332548
	Bitmap Heap Scan on sbtest8  (cost=21.97..3597.64 rows=930 width=121)
	  Recheck Cond: ((id >= 3331549) AND (id <= 3332548))
	  ->  Bitmap Index Scan on sbtest8_pkey  (cost=0.00..21.73 rows=930 width=0)
	        Index Cond: ((id >= 3331549) AND (id <= 3332548))

for: order_ranges
table 1 : explain SELECT c FROM sbtest1 WHERE id BETWEEN 3565795 AND 3566794 ORDER BY c
	Sort  (cost=3824.78..3827.22 rows=978 width=121)
	  Sort Key: c
	  ->  Bitmap Heap Scan on sbtest1  (cost=22.46..3776.20 rows=978 width=121)
	        Recheck Cond: ((id >= 3565795) AND (id <= 3566794))
	        ->  Bitmap Index Scan on sbtest1_pkey  (cost=0.00..22.21 rows=978 width=0)
	              Index Cond: ((id >= 3565795) AND (id <= 3566794))

table 2 : explain SELECT c FROM sbtest2 WHERE id BETWEEN 7988058 AND 7989057 ORDER BY c
	Sort  (cost=3958.62..3961.15 rows=1013 width=121)
	  Sort Key: c
	  ->  Bitmap Heap Scan on sbtest2  (cost=22.82..3908.04 rows=1013 width=121)
	        Recheck Cond: ((id >= 7988058) AND (id <= 7989057))
	        ->  Bitmap Index Scan on sbtest2_pkey  (cost=0.00..22.57 rows=1013 width=0)
	              Index Cond: ((id >= 7988058) AND (id <= 7989057))

table 3 : explain SELECT c FROM sbtest3 WHERE id BETWEEN 7039552 AND 7040551 ORDER BY c
	Sort  (cost=3955.17..3957.70 rows=1012 width=121)
	  Sort Key: c
	  ->  Bitmap Heap Scan on sbtest3  (cost=22.81..3904.65 rows=1012 width=121)
	        Recheck Cond: ((id >= 7039552) AND (id <= 7040551))
	        ->  Bitmap Index Scan on sbtest3_pkey  (cost=0.00..22.55 rows=1012 width=0)
	              Index Cond: ((id >= 7039552) AND (id <= 7040551))

table 4 : explain SELECT c FROM sbtest4 WHERE id BETWEEN 926441 AND 927440 ORDER BY c
	Sort  (cost=4276.14..4278.88 rows=1096 width=121)
	  Sort Key: c
	  ->  Bitmap Heap Scan on sbtest4  (cost=27.67..4220.80 rows=1096 width=121)
	        Recheck Cond: ((id >= 926441) AND (id <= 927440))
	        ->  Bitmap Index Scan on sbtest4_pkey  (cost=0.00..27.39 rows=1096 width=0)
	              Index Cond: ((id >= 926441) AND (id <= 927440))

table 5 : explain SELECT c FROM sbtest5 WHERE id BETWEEN 8016367 AND 8017366 ORDER BY c
	Sort  (cost=3791.21..3793.63 rows=969 width=121)
	  Sort Key: c
	  ->  Bitmap Heap Scan on sbtest5  (cost=22.37..3743.14 rows=969 width=121)
	        Recheck Cond: ((id >= 8016367) AND (id <= 8017366))
	        ->  Bitmap Index Scan on sbtest5_pkey  (cost=0.00..22.12 rows=969 width=0)
	              Index Cond: ((id >= 8016367) AND (id <= 8017366))

table 6 : explain SELECT c FROM sbtest6 WHERE id BETWEEN 191617 AND 192616 ORDER BY c
	Sort  (cost=4029.19..4031.77 rows=1031 width=121)
	  Sort Key: c
	  ->  Bitmap Heap Scan on sbtest6  (cost=23.00..3977.59 rows=1031 width=121)
	        Recheck Cond: ((id >= 191617) AND (id <= 192616))
	        ->  Bitmap Index Scan on sbtest6_pkey  (cost=0.00..22.75 rows=1031 width=0)
	              Index Cond: ((id >= 191617) AND (id <= 192616))

table 7 : explain SELECT c FROM sbtest7 WHERE id BETWEEN 4769386 AND 4770385 ORDER BY c
	Sort  (cost=3898.87..3901.36 rows=997 width=121)
	  Sort Key: c
	  ->  Bitmap Heap Scan on sbtest7  (cost=22.65..3849.21 rows=997 width=121)
	        Recheck Cond: ((id >= 4769386) AND (id <= 4770385))
	        ->  Bitmap Index Scan on sbtest7_pkey  (cost=0.00..22.40 rows=997 width=0)
	              Index Cond: ((id >= 4769386) AND (id <= 4770385))

table 8 : explain SELECT c FROM sbtest8 WHERE id BETWEEN 7510511 AND 7511510 ORDER BY c
	Sort  (cost=3834.97..3837.42 rows=980 width=121)
	  Sort Key: c
	  ->  Bitmap Heap Scan on sbtest8  (cost=22.48..3786.28 rows=980 width=121)
	        Recheck Cond: ((id >= 7510511) AND (id <= 7511510))
	        ->  Bitmap Index Scan on sbtest8_pkey  (cost=0.00..22.23 rows=980 width=0)
	              Index Cond: ((id >= 7510511) AND (id <= 7511510))

for: order_ranges
table 1 : explain SELECT c FROM sbtest1 WHERE id BETWEEN 7838683 AND 7839682 ORDER BY c
	Sort  (cost=3935.59..3938.10 rows=1007 width=121)
	  Sort Key: c
	  ->  Bitmap Heap Scan on sbtest1  (cost=22.76..3885.36 rows=1007 width=121)
	        Recheck Cond: ((id >= 7838683) AND (id <= 7839682))
	        ->  Bitmap Index Scan on sbtest1_pkey  (cost=0.00..22.50 rows=1007 width=0)
	              Index Cond: ((id >= 7838683) AND (id <= 7839682))

table 2 : explain SELECT c FROM sbtest2 WHERE id BETWEEN 9199421 AND 9200420 ORDER BY c
	Sort  (cost=4054.04..4056.64 rows=1038 width=121)
	  Sort Key: c
	  ->  Bitmap Heap Scan on sbtest2  (cost=23.07..4002.04 rows=1038 width=121)
	        Recheck Cond: ((id >= 9199421) AND (id <= 9200420))
	        ->  Bitmap Index Scan on sbtest2_pkey  (cost=0.00..22.82 rows=1038 width=0)
	              Index Cond: ((id >= 9199421) AND (id <= 9200420))

table 3 : explain SELECT c FROM sbtest3 WHERE id BETWEEN 1313250 AND 1314249 ORDER BY c
	Sort  (cost=3871.11..3873.59 rows=990 width=121)
	  Sort Key: c
	  ->  Bitmap Heap Scan on sbtest3  (cost=22.58..3821.85 rows=990 width=121)
	        Recheck Cond: ((id >= 1313250) AND (id <= 1314249))
	        ->  Bitmap Index Scan on sbtest3_pkey  (cost=0.00..22.33 rows=990 width=0)
	              Index Cond: ((id >= 1313250) AND (id <= 1314249))

table 4 : explain SELECT c FROM sbtest4 WHERE id BETWEEN 9359444 AND 9360443 ORDER BY c
	Sort  (cost=3737.52..3739.90 rows=955 width=121)
	  Sort Key: c
	  ->  Bitmap Heap Scan on sbtest4  (cost=22.22..3690.25 rows=955 width=121)
	        Recheck Cond: ((id >= 9359444) AND (id <= 9360443))
	        ->  Bitmap Index Scan on sbtest4_pkey  (cost=0.00..21.98 rows=955 width=0)
	              Index Cond: ((id >= 9359444) AND (id <= 9360443))

table 5 : explain SELECT c FROM sbtest5 WHERE id BETWEEN 9895612 AND 9896611 ORDER BY c
	Sort  (cost=3829.45..3831.90 rows=979 width=121)
	  Sort Key: c
	  ->  Bitmap Heap Scan on sbtest5  (cost=22.47..3780.82 rows=979 width=121)
	        Recheck Cond: ((id >= 9895612) AND (id <= 9896611))
	        ->  Bitmap Index Scan on sbtest5_pkey  (cost=0.00..22.22 rows=979 width=0)
	              Index Cond: ((id >= 9895612) AND (id <= 9896611))

table 6 : explain SELECT c FROM sbtest6 WHERE id BETWEEN 4746462 AND 4747461 ORDER BY c
	Sort  (cost=3604.51..3606.81 rows=920 width=121)
	  Sort Key: c
	  ->  Bitmap Heap Scan on sbtest6  (cost=21.87..3559.22 rows=920 width=121)
	        Recheck Cond: ((id >= 4746462) AND (id <= 4747461))
	        ->  Bitmap Index Scan on sbtest6_pkey  (cost=0.00..21.64 rows=920 width=0)
	              Index Cond: ((id >= 4746462) AND (id <= 4747461))

table 7 : explain SELECT c FROM sbtest7 WHERE id BETWEEN 9245819 AND 9246818 ORDER BY c
	Sort  (cost=4166.15..4168.82 rows=1067 width=121)
	  Sort Key: c
	  ->  Bitmap Heap Scan on sbtest7  (cost=23.37..4112.49 rows=1067 width=121)
	        Recheck Cond: ((id >= 9245819) AND (id <= 9246818))
	        ->  Bitmap Index Scan on sbtest7_pkey  (cost=0.00..23.11 rows=1067 width=0)
	              Index Cond: ((id >= 9245819) AND (id <= 9246818))

table 8 : explain SELECT c FROM sbtest8 WHERE id BETWEEN 2664526 AND 2665525 ORDER BY c
	Sort  (cost=3447.86..3450.06 rows=879 width=121)
	  Sort Key: c
	  ->  Bitmap Heap Scan on sbtest8  (cost=21.44..3404.88 rows=879 width=121)
	        Recheck Cond: ((id >= 2664526) AND (id <= 2665525))
	        ->  Bitmap Index Scan on sbtest8_pkey  (cost=0.00..21.22 rows=879 width=0)
	              Index Cond: ((id >= 2664526) AND (id <= 2665525))

for: sum_ranges
table 1 : explain SELECT SUM(k) FROM sbtest1 WHERE id BETWEEN 8604559 AND 8605558
	Aggregate  (cost=3820.09..3820.10 rows=1 width=8)
	  ->  Bitmap Heap Scan on sbtest1  (cost=22.57..3817.62 rows=989 width=4)
	        Recheck Cond: ((id >= 8604559) AND (id <= 8605558))
	        ->  Bitmap Index Scan on sbtest1_pkey  (cost=0.00..22.32 rows=989 width=0)
	              Index Cond: ((id >= 8604559) AND (id <= 8605558))

table 2 : explain SELECT SUM(k) FROM sbtest2 WHERE id BETWEEN 2025149 AND 2026148
	Aggregate  (cost=3650.55..3650.56 rows=1 width=8)
	  ->  Bitmap Heap Scan on sbtest2  (cost=22.11..3648.19 rows=944 width=4)
	        Recheck Cond: ((id >= 2025149) AND (id <= 2026148))
	        ->  Bitmap Index Scan on sbtest2_pkey  (cost=0.00..21.87 rows=944 width=0)
	              Index Cond: ((id >= 2025149) AND (id <= 2026148))

table 3 : explain SELECT SUM(k) FROM sbtest3 WHERE id BETWEEN 938768 AND 939767
	Aggregate  (cost=4121.56..4121.57 rows=1 width=8)
	  ->  Bitmap Heap Scan on sbtest3  (cost=23.39..4118.89 rows=1069 width=4)
	        Recheck Cond: ((id >= 938768) AND (id <= 939767))
	        ->  Bitmap Index Scan on sbtest3_pkey  (cost=0.00..23.12 rows=1069 width=0)
	              Index Cond: ((id >= 938768) AND (id <= 939767))

table 4 : explain SELECT SUM(k) FROM sbtest4 WHERE id BETWEEN 9975897 AND 9976896
	Aggregate  (cost=4234.80..4234.81 rows=1 width=8)
	  ->  Bitmap Heap Scan on sbtest4  (cost=27.70..4232.06 rows=1099 width=4)
	        Recheck Cond: ((id >= 9975897) AND (id <= 9976896))
	        ->  Bitmap Index Scan on sbtest4_pkey  (cost=0.00..27.43 rows=1099 width=0)
	              Index Cond: ((id >= 9975897) AND (id <= 9976896))

table 5 : explain SELECT SUM(k) FROM sbtest5 WHERE id BETWEEN 2763403 AND 2764402
	Aggregate  (cost=3964.06..3964.07 rows=1 width=8)
	  ->  Bitmap Heap Scan on sbtest5  (cost=22.96..3961.49 rows=1027 width=4)
	        Recheck Cond: ((id >= 2763403) AND (id <= 2764402))
	        ->  Bitmap Index Scan on sbtest5_pkey  (cost=0.00..22.70 rows=1027 width=0)
	              Index Cond: ((id >= 2763403) AND (id <= 2764402))

table 6 : explain SELECT SUM(k) FROM sbtest6 WHERE id BETWEEN 3188724 AND 3189723
	Aggregate  (cost=3893.56..3893.57 rows=1 width=8)
	  ->  Bitmap Heap Scan on sbtest6  (cost=22.77..3891.04 rows=1008 width=4)
	        Recheck Cond: ((id >= 3188724) AND (id <= 3189723))
	        ->  Bitmap Index Scan on sbtest6_pkey  (cost=0.00..22.51 rows=1008 width=0)
	              Index Cond: ((id >= 3188724) AND (id <= 3189723))

table 7 : explain SELECT SUM(k) FROM sbtest7 WHERE id BETWEEN 7204100 AND 7205099
	Aggregate  (cost=4186.56..4186.57 rows=1 width=8)
	  ->  Bitmap Heap Scan on sbtest7  (cost=23.57..4183.84 rows=1086 width=4)
	        Recheck Cond: ((id >= 7204100) AND (id <= 7205099))
	        ->  Bitmap Index Scan on sbtest7_pkey  (cost=0.00..23.29 rows=1086 width=0)
	              Index Cond: ((id >= 7204100) AND (id <= 7205099))

table 8 : explain SELECT SUM(k) FROM sbtest8 WHERE id BETWEEN 2891547 AND 2892546
	Aggregate  (cost=3818.91..3818.92 rows=1 width=8)
	  ->  Bitmap Heap Scan on sbtest8  (cost=22.56..3816.44 rows=988 width=4)
	        Recheck Cond: ((id >= 2891547) AND (id <= 2892546))
	        ->  Bitmap Index Scan on sbtest8_pkey  (cost=0.00..22.32 rows=988 width=0)
	              Index Cond: ((id >= 2891547) AND (id <= 2892546))

for: sum_ranges
table 1 : explain SELECT SUM(k) FROM sbtest1 WHERE id BETWEEN 335471 AND 336470
	Aggregate  (cost=3899.17..3899.18 rows=1 width=8)
	  ->  Bitmap Heap Scan on sbtest1  (cost=22.79..3896.64 rows=1010 width=4)
	        Recheck Cond: ((id >= 335471) AND (id <= 336470))
	        ->  Bitmap Index Scan on sbtest1_pkey  (cost=0.00..22.54 rows=1010 width=0)
	              Index Cond: ((id >= 335471) AND (id <= 336470))

table 2 : explain SELECT SUM(k) FROM sbtest2 WHERE id BETWEEN 4063953 AND 4064952
	Aggregate  (cost=4087.34..4087.35 rows=1 width=8)
	  ->  Bitmap Heap Scan on sbtest2  (cost=23.30..4084.69 rows=1060 width=4)
	        Recheck Cond: ((id >= 4063953) AND (id <= 4064952))
	        ->  Bitmap Index Scan on sbtest2_pkey  (cost=0.00..23.04 rows=1060 width=0)
	              Index Cond: ((id >= 4063953) AND (id <= 4064952))

table 3 : explain SELECT SUM(k) FROM sbtest3 WHERE id BETWEEN 6982153 AND 6983152
	Aggregate  (cost=3605.59..3605.60 rows=1 width=8)
	  ->  Bitmap Heap Scan on sbtest3  (cost=21.99..3603.26 rows=932 width=4)
	        Recheck Cond: ((id >= 6982153) AND (id <= 6983152))
	        ->  Bitmap Index Scan on sbtest3_pkey  (cost=0.00..21.75 rows=932 width=0)
	              Index Cond: ((id >= 6982153) AND (id <= 6983152))

table 4 : explain SELECT SUM(k) FROM sbtest4 WHERE id BETWEEN 8797335 AND 8798334
	Aggregate  (cost=3798.21..3798.22 rows=1 width=8)
	  ->  Bitmap Heap Scan on sbtest4  (cost=22.51..3795.76 rows=983 width=4)
	        Recheck Cond: ((id >= 8797335) AND (id <= 8798334))
	        ->  Bitmap Index Scan on sbtest4_pkey  (cost=0.00..22.26 rows=983 width=0)
	              Index Cond: ((id >= 8797335) AND (id <= 8798334))

table 5 : explain SELECT SUM(k) FROM sbtest5 WHERE id BETWEEN 5105983 AND 5106982
	Aggregate  (cost=3817.19..3817.20 rows=1 width=8)
	  ->  Bitmap Heap Scan on sbtest5  (cost=22.56..3814.72 rows=988 width=4)
	        Recheck Cond: ((id >= 5105983) AND (id <= 5106982))
	        ->  Bitmap Index Scan on sbtest5_pkey  (cost=0.00..22.32 rows=988 width=0)
	              Index Cond: ((id >= 5105983) AND (id <= 5106982))

table 6 : explain SELECT SUM(k) FROM sbtest6 WHERE id BETWEEN 5168435 AND 5169434
	Aggregate  (cost=3821.95..3821.96 rows=1 width=8)
	  ->  Bitmap Heap Scan on sbtest6  (cost=22.57..3819.48 rows=989 width=4)
	        Recheck Cond: ((id >= 5168435) AND (id <= 5169434))
	        ->  Bitmap Index Scan on sbtest6_pkey  (cost=0.00..22.32 rows=989 width=0)
	              Index Cond: ((id >= 5168435) AND (id <= 5169434))

table 7 : explain SELECT SUM(k) FROM sbtest7 WHERE id BETWEEN 4591518 AND 4592517
	Aggregate  (cost=3617.83..3617.84 rows=1 width=8)
	  ->  Bitmap Heap Scan on sbtest7  (cost=22.02..3615.49 rows=935 width=4)
	        Recheck Cond: ((id >= 4591518) AND (id <= 4592517))
	        ->  Bitmap Index Scan on sbtest7_pkey  (cost=0.00..21.79 rows=935 width=0)
	              Index Cond: ((id >= 4591518) AND (id <= 4592517))

table 8 : explain SELECT SUM(k) FROM sbtest8 WHERE id BETWEEN 1726497 AND 1727496
	Aggregate  (cost=3683.07..3683.08 rows=1 width=8)
	  ->  Bitmap Heap Scan on sbtest8  (cost=22.19..3680.69 rows=952 width=4)
	        Recheck Cond: ((id >= 1726497) AND (id <= 1727496))
	        ->  Bitmap Index Scan on sbtest8_pkey  (cost=0.00..21.95 rows=952 width=0)
	              Index Cond: ((id >= 1726497) AND (id <= 1727496))

for point_selects
table 1 : explain SELECT c FROM sbtest1 WHERE id=21528
	Index Scan using sbtest1_pkey on sbtest1  (cost=0.43..8.45 rows=1 width=121)
	  Index Cond: (id = 21528)

table 2 : explain SELECT c FROM sbtest2 WHERE id=1022324
	Index Scan using sbtest2_pkey on sbtest2  (cost=0.43..8.45 rows=1 width=121)
	  Index Cond: (id = 1022324)

table 3 : explain SELECT c FROM sbtest3 WHERE id=899481
	Index Scan using sbtest3_pkey on sbtest3  (cost=0.43..8.45 rows=1 width=121)
	  Index Cond: (id = 899481)

table 4 : explain SELECT c FROM sbtest4 WHERE id=3886497
	Index Scan using sbtest4_pkey on sbtest4  (cost=0.43..8.45 rows=1 width=121)
	  Index Cond: (id = 3886497)

table 5 : explain SELECT c FROM sbtest5 WHERE id=5708965
	Index Scan using sbtest5_pkey on sbtest5  (cost=0.43..8.45 rows=1 width=121)
	  Index Cond: (id = 5708965)

table 6 : explain SELECT c FROM sbtest6 WHERE id=3877430
	Index Scan using sbtest6_pkey on sbtest6  (cost=0.43..8.45 rows=1 width=121)
	  Index Cond: (id = 3877430)

table 7 : explain SELECT c FROM sbtest7 WHERE id=2376189
	Index Scan using sbtest7_pkey on sbtest7  (cost=0.43..8.45 rows=1 width=121)
	  Index Cond: (id = 2376189)

table 8 : explain SELECT c FROM sbtest8 WHERE id=3971450
	Index Scan using sbtest8_pkey on sbtest8  (cost=0.43..8.45 rows=1 width=121)
	  Index Cond: (id = 3971450)

for: distinct_ranges
table 1 : explain SELECT DISTINCT c FROM sbtest1 WHERE id BETWEEN 9051942 AND 9052941 ORDER BY c
	Unique  (cost=3775.07..3779.90 rows=965 width=121)
	  ->  Sort  (cost=3775.07..3777.48 rows=965 width=121)
	        Sort Key: c
	        ->  Bitmap Heap Scan on sbtest1  (cost=22.33..3727.24 rows=965 width=121)
	              Recheck Cond: ((id >= 9051942) AND (id <= 9052941))
	              ->  Bitmap Index Scan on sbtest1_pkey  (cost=0.00..22.08 rows=965 width=0)
	                    Index Cond: ((id >= 9051942) AND (id <= 9052941))

table 2 : explain SELECT DISTINCT c FROM sbtest2 WHERE id BETWEEN 4504385 AND 4505384 ORDER BY c
	Unique  (cost=3625.92..3630.55 rows=926 width=121)
	  ->  Sort  (cost=3625.92..3628.24 rows=926 width=121)
	        Sort Key: c
	        ->  Bitmap Heap Scan on sbtest2  (cost=21.93..3580.30 rows=926 width=121)
	              Recheck Cond: ((id >= 4504385) AND (id <= 4505384))
	              ->  Bitmap Index Scan on sbtest2_pkey  (cost=0.00..21.69 rows=926 width=0)
	                    Index Cond: ((id >= 4504385) AND (id <= 4505384))

table 3 : explain SELECT DISTINCT c FROM sbtest3 WHERE id BETWEEN 5242054 AND 5243053 ORDER BY c
	Unique  (cost=3913.15..3918.15 rows=1001 width=121)
	  ->  Sort  (cost=3913.15..3915.65 rows=1001 width=121)
	        Sort Key: c
	        ->  Bitmap Heap Scan on sbtest3  (cost=22.70..3863.26 rows=1001 width=121)
	              Recheck Cond: ((id >= 5242054) AND (id <= 5243053))
	              ->  Bitmap Index Scan on sbtest3_pkey  (cost=0.00..22.44 rows=1001 width=0)
	                    Index Cond: ((id >= 5242054) AND (id <= 5243053))

table 4 : explain SELECT DISTINCT c FROM sbtest4 WHERE id BETWEEN 2933840 AND 2934839 ORDER BY c
	Unique  (cost=4253.09..4258.54 rows=1091 width=121)
	  ->  Sort  (cost=4253.09..4255.82 rows=1091 width=121)
	        Sort Key: c
	        ->  Bitmap Heap Scan on sbtest4  (cost=23.62..4198.04 rows=1091 width=121)
	              Recheck Cond: ((id >= 2933840) AND (id <= 2934839))
	              ->  Bitmap Index Scan on sbtest4_pkey  (cost=0.00..23.34 rows=1091 width=0)
	                    Index Cond: ((id >= 2933840) AND (id <= 2934839))

table 5 : explain SELECT DISTINCT c FROM sbtest5 WHERE id BETWEEN 4637290 AND 4638289 ORDER BY c
	Unique  (cost=4138.79..4144.09 rows=1060 width=121)
	  ->  Sort  (cost=4138.79..4141.44 rows=1060 width=121)
	        Sort Key: c
	        ->  Bitmap Heap Scan on sbtest5  (cost=23.30..4085.52 rows=1060 width=121)
	              Recheck Cond: ((id >= 4637290) AND (id <= 4638289))
	              ->  Bitmap Index Scan on sbtest5_pkey  (cost=0.00..23.04 rows=1060 width=0)
	                    Index Cond: ((id >= 4637290) AND (id <= 4638289))

table 6 : explain SELECT DISTINCT c FROM sbtest6 WHERE id BETWEEN 7441424 AND 7442423 ORDER BY c
	Unique  (cost=3765.38..3770.19 rows=962 width=121)
	  ->  Sort  (cost=3765.38..3767.79 rows=962 width=121)
	        Sort Key: c
	        ->  Bitmap Heap Scan on sbtest6  (cost=22.30..3717.72 rows=962 width=121)
	              Recheck Cond: ((id >= 7441424) AND (id <= 7442423))
	              ->  Bitmap Index Scan on sbtest6_pkey  (cost=0.00..22.05 rows=962 width=0)
	                    Index Cond: ((id >= 7441424) AND (id <= 7442423))

table 7 : explain SELECT DISTINCT c FROM sbtest7 WHERE id BETWEEN 2952628 AND 2953627 ORDER BY c
	Unique  (cost=4082.21..4087.44 rows=1045 width=121)
	  ->  Sort  (cost=4082.21..4084.83 rows=1045 width=121)
	        Sort Key: c
	        ->  Bitmap Heap Scan on sbtest7  (cost=23.15..4029.81 rows=1045 width=121)
	              Recheck Cond: ((id >= 2952628) AND (id <= 2953627))
	              ->  Bitmap Index Scan on sbtest7_pkey  (cost=0.00..22.89 rows=1045 width=0)
	                    Index Cond: ((id >= 2952628) AND (id <= 2953627))

table 8 : explain SELECT DISTINCT c FROM sbtest8 WHERE id BETWEEN 9631757 AND 9632756 ORDER BY c
	Unique  (cost=4125.43..4130.71 rows=1056 width=121)
	  ->  Sort  (cost=4125.43..4128.07 rows=1056 width=121)
	        Sort Key: c
	        ->  Bitmap Heap Scan on sbtest8  (cost=23.26..4072.40 rows=1056 width=121)
	              Recheck Cond: ((id >= 9631757) AND (id <= 9632756))
	              ->  Bitmap Index Scan on sbtest8_pkey  (cost=0.00..23.00 rows=1056 width=0)
	                    Index Cond: ((id >= 9631757) AND (id <= 9632756))

for point_selects
table 1 : explain SELECT c FROM sbtest1 WHERE id=8877590
	Index Scan using sbtest1_pkey on sbtest1  (cost=0.43..8.45 rows=1 width=121)
	  Index Cond: (id = 8877590)

table 2 : explain SELECT c FROM sbtest2 WHERE id=2796962
	Index Scan using sbtest2_pkey on sbtest2  (cost=0.43..8.45 rows=1 width=121)
	  Index Cond: (id = 2796962)

table 3 : explain SELECT c FROM sbtest3 WHERE id=1426751
	Index Scan using sbtest3_pkey on sbtest3  (cost=0.43..8.45 rows=1 width=121)
	  Index Cond: (id = 1426751)

table 4 : explain SELECT c FROM sbtest4 WHERE id=7942377
	Index Scan using sbtest4_pkey on sbtest4  (cost=0.43..8.45 rows=1 width=121)
	  Index Cond: (id = 7942377)

table 5 : explain SELECT c FROM sbtest5 WHERE id=6931932
	Index Scan using sbtest5_pkey on sbtest5  (cost=0.43..8.45 rows=1 width=121)
	  Index Cond: (id = 6931932)

table 6 : explain SELECT c FROM sbtest6 WHERE id=1041337
	Index Scan using sbtest6_pkey on sbtest6  (cost=0.43..8.45 rows=1 width=121)
	  Index Cond: (id = 1041337)

table 7 : explain SELECT c FROM sbtest7 WHERE id=9433721
	Index Scan using sbtest7_pkey on sbtest7  (cost=0.43..8.45 rows=1 width=121)
	  Index Cond: (id = 9433721)

table 8 : explain SELECT c FROM sbtest8 WHERE id=3513833
	Index Scan using sbtest8_pkey on sbtest8  (cost=0.43..8.45 rows=1 width=121)
	  Index Cond: (id = 3513833)

for: sum_ranges
table 1 : explain SELECT SUM(k) FROM sbtest1 WHERE id BETWEEN 9843661 AND 9844660
	Aggregate  (cost=4147.32..4147.33 rows=1 width=8)
	  ->  Bitmap Heap Scan on sbtest1  (cost=23.46..4144.63 rows=1076 width=4)
	        Recheck Cond: ((id >= 9843661) AND (id <= 9844660))
	        ->  Bitmap Index Scan on sbtest1_pkey  (cost=0.00..23.19 rows=1076 width=0)
	              Index Cond: ((id >= 9843661) AND (id <= 9844660))

table 2 : explain SELECT SUM(k) FROM sbtest2 WHERE id BETWEEN 6661928 AND 6662927
	Aggregate  (cost=3699.59..3699.60 rows=1 width=8)
	  ->  Bitmap Heap Scan on sbtest2  (cost=22.24..3697.20 rows=957 width=4)
	        Recheck Cond: ((id >= 6661928) AND (id <= 6662927))
	        ->  Bitmap Index Scan on sbtest2_pkey  (cost=0.00..22.00 rows=957 width=0)
	              Index Cond: ((id >= 6661928) AND (id <= 6662927))

table 3 : explain SELECT SUM(k) FROM sbtest3 WHERE id BETWEEN 2355944 AND 2356943
	Aggregate  (cost=4275.78..4275.79 rows=1 width=8)
	  ->  Bitmap Heap Scan on sbtest3  (cost=27.81..4273.00 rows=1110 width=4)
	        Recheck Cond: ((id >= 2355944) AND (id <= 2356943))
	        ->  Bitmap Index Scan on sbtest3_pkey  (cost=0.00..27.54 rows=1110 width=0)
	              Index Cond: ((id >= 2355944) AND (id <= 2356943))

table 4 : explain SELECT SUM(k) FROM sbtest4 WHERE id BETWEEN 6629094 AND 6630093
	Aggregate  (cost=3926.28..3926.29 rows=1 width=8)
	  ->  Bitmap Heap Scan on sbtest4  (cost=22.86..3923.74 rows=1017 width=4)
	        Recheck Cond: ((id >= 6629094) AND (id <= 6630093))
	        ->  Bitmap Index Scan on sbtest4_pkey  (cost=0.00..22.61 rows=1017 width=0)
	              Index Cond: ((id >= 6629094) AND (id <= 6630093))

table 5 : explain SELECT SUM(k) FROM sbtest5 WHERE id BETWEEN 5050859 AND 5051858
	Aggregate  (cost=3488.83..3488.84 rows=1 width=8)
	  ->  Bitmap Heap Scan on sbtest5  (cost=21.67..3486.58 rows=901 width=4)
	        Recheck Cond: ((id >= 5050859) AND (id <= 5051858))
	        ->  Bitmap Index Scan on sbtest5_pkey  (cost=0.00..21.44 rows=901 width=0)
	              Index Cond: ((id >= 5050859) AND (id <= 5051858))

table 6 : explain SELECT SUM(k) FROM sbtest6 WHERE id BETWEEN 9613555 AND 9614554
	Aggregate  (cost=3633.30..3633.31 rows=1 width=8)
	  ->  Bitmap Heap Scan on sbtest6  (cost=22.06..3630.95 rows=939 width=4)
	        Recheck Cond: ((id >= 9613555) AND (id <= 9614554))
	        ->  Bitmap Index Scan on sbtest6_pkey  (cost=0.00..21.82 rows=939 width=0)
	              Index Cond: ((id >= 9613555) AND (id <= 9614554))

table 7 : explain SELECT SUM(k) FROM sbtest7 WHERE id BETWEEN 9782422 AND 9783421
	Aggregate  (cost=3496.91..3496.92 rows=1 width=8)
	  ->  Bitmap Heap Scan on sbtest7  (cost=21.69..3494.66 rows=903 width=4)
	        Recheck Cond: ((id >= 9782422) AND (id <= 9783421))
	        ->  Bitmap Index Scan on sbtest7_pkey  (cost=0.00..21.46 rows=903 width=0)
	              Index Cond: ((id >= 9782422) AND (id <= 9783421))

table 8 : explain SELECT SUM(k) FROM sbtest8 WHERE id BETWEEN 8810845 AND 8811844
	Aggregate  (cost=3815.13..3815.14 rows=1 width=8)
	  ->  Bitmap Heap Scan on sbtest8  (cost=22.55..3812.67 rows=987 width=4)
	        Recheck Cond: ((id >= 8810845) AND (id <= 8811844))
	        ->  Bitmap Index Scan on sbtest8_pkey  (cost=0.00..22.30 rows=987 width=0)
	              Index Cond: ((id >= 8810845) AND (id <= 8811844))

for: order_ranges
table 1 : explain SELECT c FROM sbtest1 WHERE id BETWEEN 2597244 AND 2598243 ORDER BY c
	Sort  (cost=3710.04..3712.41 rows=948 width=121)
	  Sort Key: c
	  ->  Bitmap Heap Scan on sbtest1  (cost=22.15..3663.17 rows=948 width=121)
	        Recheck Cond: ((id >= 2597244) AND (id <= 2598243))
	        ->  Bitmap Index Scan on sbtest1_pkey  (cost=0.00..21.91 rows=948 width=0)
	              Index Cond: ((id >= 2597244) AND (id <= 2598243))

table 2 : explain SELECT c FROM sbtest2 WHERE id BETWEEN 7225658 AND 7226657 ORDER BY c
	Sort  (cost=4015.88..4018.45 rows=1028 width=121)
	  Sort Key: c
	  ->  Bitmap Heap Scan on sbtest2  (cost=22.97..3964.45 rows=1028 width=121)
	        Recheck Cond: ((id >= 7225658) AND (id <= 7226657))
	        ->  Bitmap Index Scan on sbtest2_pkey  (cost=0.00..22.71 rows=1028 width=0)
	              Index Cond: ((id >= 7225658) AND (id <= 7226657))

table 3 : explain SELECT c FROM sbtest3 WHERE id BETWEEN 2991832 AND 2992831 ORDER BY c
	Sort  (cost=4039.16..4041.75 rows=1034 width=121)
	  Sort Key: c
	  ->  Bitmap Heap Scan on sbtest3  (cost=23.03..3987.39 rows=1034 width=121)
	        Recheck Cond: ((id >= 2991832) AND (id <= 2992831))
	        ->  Bitmap Index Scan on sbtest3_pkey  (cost=0.00..22.77 rows=1034 width=0)
	              Index Cond: ((id >= 2991832) AND (id <= 2992831))

table 4 : explain SELECT c FROM sbtest4 WHERE id BETWEEN 7149892 AND 7150891 ORDER BY c
	Sort  (cost=3722.21..3724.59 rows=951 width=121)
	  Sort Key: c
	  ->  Bitmap Heap Scan on sbtest4  (cost=22.18..3675.17 rows=951 width=121)
	        Recheck Cond: ((id >= 7149892) AND (id <= 7150891))
	        ->  Bitmap Index Scan on sbtest4_pkey  (cost=0.00..21.94 rows=951 width=0)
	              Index Cond: ((id >= 7149892) AND (id <= 7150891))

table 5 : explain SELECT c FROM sbtest5 WHERE id BETWEEN 395746 AND 396745 ORDER BY c
	Sort  (cost=4131.16..4133.81 rows=1058 width=121)
	  Sort Key: c
	  ->  Bitmap Heap Scan on sbtest5  (cost=23.28..4078.01 rows=1058 width=121)
	        Recheck Cond: ((id >= 395746) AND (id <= 396745))
	        ->  Bitmap Index Scan on sbtest5_pkey  (cost=0.00..23.01 rows=1058 width=0)
	              Index Cond: ((id >= 395746) AND (id <= 396745))

table 6 : explain SELECT c FROM sbtest6 WHERE id BETWEEN 9179859 AND 9180858 ORDER BY c
	Sort  (cost=4017.73..4020.30 rows=1028 width=121)
	  Sort Key: c
	  ->  Bitmap Heap Scan on sbtest6  (cost=22.97..3966.31 rows=1028 width=121)
	        Recheck Cond: ((id >= 9179859) AND (id <= 9180858))
	        ->  Bitmap Index Scan on sbtest6_pkey  (cost=0.00..22.71 rows=1028 width=0)
	              Index Cond: ((id >= 9179859) AND (id <= 9180858))

table 7 : explain SELECT c FROM sbtest7 WHERE id BETWEEN 8008094 AND 8009093 ORDER BY c
	Sort  (cost=3573.49..3575.77 rows=912 width=121)
	  Sort Key: c
	  ->  Bitmap Heap Scan on sbtest7  (cost=21.78..3528.65 rows=912 width=121)
	        Recheck Cond: ((id >= 8008094) AND (id <= 8009093))
	        ->  Bitmap Index Scan on sbtest7_pkey  (cost=0.00..21.55 rows=912 width=0)
	              Index Cond: ((id >= 8008094) AND (id <= 8009093))

table 8 : explain SELECT c FROM sbtest8 WHERE id BETWEEN 2091126 AND 2092125 ORDER BY c
	Sort  (cost=4029.96..4032.54 rows=1031 width=121)
	  Sort Key: c
	  ->  Bitmap Heap Scan on sbtest8  (cost=23.00..3978.36 rows=1031 width=121)
	        Recheck Cond: ((id >= 2091126) AND (id <= 2092125))
	        ->  Bitmap Index Scan on sbtest8_pkey  (cost=0.00..22.75 rows=1031 width=0)
	              Index Cond: ((id >= 2091126) AND (id <= 2092125))

for: distinct_ranges
table 1 : explain SELECT DISTINCT c FROM sbtest1 WHERE id BETWEEN 2376814 AND 2377813 ORDER BY c
	Unique  (cost=4240.81..4246.25 rows=1088 width=121)
	  ->  Sort  (cost=4240.81..4243.53 rows=1088 width=121)
	        Sort Key: c
	        ->  Bitmap Heap Scan on sbtest1  (cost=23.59..4185.94 rows=1088 width=121)
	              Recheck Cond: ((id >= 2376814) AND (id <= 2377813))
	              ->  Bitmap Index Scan on sbtest1_pkey  (cost=0.00..23.32 rows=1088 width=0)
	                    Index Cond: ((id >= 2376814) AND (id <= 2377813))

table 2 : explain SELECT DISTINCT c FROM sbtest2 WHERE id BETWEEN 4465210 AND 4466209 ORDER BY c
	Unique  (cost=3897.50..3902.49 rows=997 width=121)
	  ->  Sort  (cost=3897.50..3899.99 rows=997 width=121)
	        Sort Key: c
	        ->  Bitmap Heap Scan on sbtest2  (cost=22.65..3847.84 rows=997 width=121)
	              Recheck Cond: ((id >= 4465210) AND (id <= 4466209))
	              ->  Bitmap Index Scan on sbtest2_pkey  (cost=0.00..22.40 rows=997 width=0)
	                    Index Cond: ((id >= 4465210) AND (id <= 4466209))

table 3 : explain SELECT DISTINCT c FROM sbtest3 WHERE id BETWEEN 36109 AND 37108 ORDER BY c
	Unique  (cost=4176.48..4181.83 rows=1070 width=121)
	  ->  Sort  (cost=4176.48..4179.15 rows=1070 width=121)
	        Sort Key: c
	        ->  Bitmap Heap Scan on sbtest3  (cost=23.40..4122.64 rows=1070 width=121)
	              Recheck Cond: ((id >= 36109) AND (id <= 37108))
	              ->  Bitmap Index Scan on sbtest3_pkey  (cost=0.00..23.14 rows=1070 width=0)
	                    Index Cond: ((id >= 36109) AND (id <= 37108))

table 4 : explain SELECT DISTINCT c FROM sbtest4 WHERE id BETWEEN 9656744 AND 9657743 ORDER BY c
	Unique  (cost=4176.78..4182.13 rows=1070 width=121)
	  ->  Sort  (cost=4176.78..4179.45 rows=1070 width=121)
	        Sort Key: c
	        ->  Bitmap Heap Scan on sbtest4  (cost=23.40..4122.94 rows=1070 width=121)
	              Recheck Cond: ((id >= 9656744) AND (id <= 9657743))
	              ->  Bitmap Index Scan on sbtest4_pkey  (cost=0.00..23.14 rows=1070 width=0)
	                    Index Cond: ((id >= 9656744) AND (id <= 9657743))

table 5 : explain SELECT DISTINCT c FROM sbtest5 WHERE id BETWEEN 9796069 AND 9797068 ORDER BY c
	Unique  (cost=3875.33..3880.29 rows=991 width=121)
	  ->  Sort  (cost=3875.33..3877.81 rows=991 width=121)
	        Sort Key: c
	        ->  Bitmap Heap Scan on sbtest5  (cost=22.59..3826.01 rows=991 width=121)
	              Recheck Cond: ((id >= 9796069) AND (id <= 9797068))
	              ->  Bitmap Index Scan on sbtest5_pkey  (cost=0.00..22.34 rows=991 width=0)
	                    Index Cond: ((id >= 9796069) AND (id <= 9797068))

table 6 : explain SELECT DISTINCT c FROM sbtest6 WHERE id BETWEEN 2548377 AND 2549376 ORDER BY c
	Unique  (cost=3990.99..3996.10 rows=1021 width=121)
	  ->  Sort  (cost=3990.99..3993.55 rows=1021 width=121)
	        Sort Key: c
	        ->  Bitmap Heap Scan on sbtest6  (cost=22.90..3939.97 rows=1021 width=121)
	              Recheck Cond: ((id >= 2548377) AND (id <= 2549376))
	              ->  Bitmap Index Scan on sbtest6_pkey  (cost=0.00..22.64 rows=1021 width=0)
	                    Index Cond: ((id >= 2548377) AND (id <= 2549376))

table 7 : explain SELECT DISTINCT c FROM sbtest7 WHERE id BETWEEN 8072609 AND 8073608 ORDER BY c
	Unique  (cost=3971.48..3976.56 rows=1016 width=121)
	  ->  Sort  (cost=3971.48..3974.02 rows=1016 width=121)
	        Sort Key: c
	        ->  Bitmap Heap Scan on sbtest7  (cost=22.85..3920.73 rows=1016 width=121)
	              Recheck Cond: ((id >= 8072609) AND (id <= 8073608))
	              ->  Bitmap Index Scan on sbtest7_pkey  (cost=0.00..22.59 rows=1016 width=0)
	                    Index Cond: ((id >= 8072609) AND (id <= 8073608))

table 8 : explain SELECT DISTINCT c FROM sbtest8 WHERE id BETWEEN 3729763 AND 3730762 ORDER BY c
	Unique  (cost=4255.33..4260.78 rows=1089 width=121)
	  ->  Sort  (cost=4255.33..4258.06 rows=1089 width=121)
	        Sort Key: c
	        ->  Bitmap Heap Scan on sbtest8  (cost=27.60..4200.40 rows=1089 width=121)
	              Recheck Cond: ((id >= 3729763) AND (id <= 3730762))
	              ->  Bitmap Index Scan on sbtest8_pkey  (cost=0.00..27.32 rows=1089 width=0)
	                    Index Cond: ((id >= 3729763) AND (id <= 3730762))

for: simple_ranges
table 1 : explain SELECT c FROM sbtest1 WHERE id BETWEEN 2309706 AND 2310705
	Bitmap Heap Scan on sbtest1  (cost=23.59..4185.94 rows=1088 width=121)
	  Recheck Cond: ((id >= 2309706) AND (id <= 2310705))
	  ->  Bitmap Index Scan on sbtest1_pkey  (cost=0.00..23.32 rows=1088 width=0)
	        Index Cond: ((id >= 2309706) AND (id <= 2310705))

table 2 : explain SELECT c FROM sbtest2 WHERE id BETWEEN 6637527 AND 6638526
	Bitmap Heap Scan on sbtest2  (cost=22.24..3697.20 rows=957 width=121)
	  Recheck Cond: ((id >= 6637527) AND (id <= 6638526))
	  ->  Bitmap Index Scan on sbtest2_pkey  (cost=0.00..22.00 rows=957 width=0)
	        Index Cond: ((id >= 6637527) AND (id <= 6638526))

table 3 : explain SELECT c FROM sbtest3 WHERE id BETWEEN 1887680 AND 1888679
	Bitmap Heap Scan on sbtest3  (cost=22.49..3787.96 rows=981 width=121)
	  Recheck Cond: ((id >= 1887680) AND (id <= 1888679))
	  ->  Bitmap Index Scan on sbtest3_pkey  (cost=0.00..22.25 rows=981 width=0)
	        Index Cond: ((id >= 1887680) AND (id <= 1888679))

table 4 : explain SELECT c FROM sbtest4 WHERE id BETWEEN 7498631 AND 7499630
	Bitmap Heap Scan on sbtest4  (cost=22.16..3667.63 rows=949 width=121)
	  Recheck Cond: ((id >= 7498631) AND (id <= 7499630))
	  ->  Bitmap Index Scan on sbtest4_pkey  (cost=0.00..21.93 rows=949 width=0)
	        Index Cond: ((id >= 7498631) AND (id <= 7499630))

table 5 : explain SELECT c FROM sbtest5 WHERE id BETWEEN 7055930 AND 7056929
	Bitmap Heap Scan on sbtest5  (cost=21.97..3596.07 rows=930 width=121)
	  Recheck Cond: ((id >= 7055930) AND (id <= 7056929))
	  ->  Bitmap Index Scan on sbtest5_pkey  (cost=0.00..21.73 rows=930 width=0)
	        Index Cond: ((id >= 7055930) AND (id <= 7056929))

table 6 : explain SELECT c FROM sbtest6 WHERE id BETWEEN 3819776 AND 3820775
	Bitmap Heap Scan on sbtest6  (cost=22.61..3834.55 rows=993 width=121)
	  Recheck Cond: ((id >= 3819776) AND (id <= 3820775))
	  ->  Bitmap Index Scan on sbtest6_pkey  (cost=0.00..22.36 rows=993 width=0)
	        Index Cond: ((id >= 3819776) AND (id <= 3820775))

table 7 : explain SELECT c FROM sbtest7 WHERE id BETWEEN 8261705 AND 8262704
	Bitmap Heap Scan on sbtest7  (cost=27.85..4289.19 rows=1114 width=121)
	  Recheck Cond: ((id >= 8261705) AND (id <= 8262704))
	  ->  Bitmap Index Scan on sbtest7_pkey  (cost=0.00..27.57 rows=1114 width=0)
	        Index Cond: ((id >= 8261705) AND (id <= 8262704))

table 8 : explain SELECT c FROM sbtest8 WHERE id BETWEEN 4880926 AND 4881925
	Bitmap Heap Scan on sbtest8  (cost=23.21..4053.60 rows=1051 width=121)
	  Recheck Cond: ((id >= 4880926) AND (id <= 4881925))
	  ->  Bitmap Index Scan on sbtest8_pkey  (cost=0.00..22.94 rows=1051 width=0)
	        Index Cond: ((id >= 4880926) AND (id <= 4881925))

for: distinct_ranges
table 1 : explain SELECT DISTINCT c FROM sbtest1 WHERE id BETWEEN 1208058 AND 1209057 ORDER BY c
	Unique  (cost=3801.84..3806.70 rows=972 width=121)
	  ->  Sort  (cost=3801.84..3804.27 rows=972 width=121)
	        Sort Key: c
	        ->  Bitmap Heap Scan on sbtest1  (cost=22.40..3753.61 rows=972 width=121)
	              Recheck Cond: ((id >= 1208058) AND (id <= 1209057))
	              ->  Bitmap Index Scan on sbtest1_pkey  (cost=0.00..22.15 rows=972 width=0)
	                    Index Cond: ((id >= 1208058) AND (id <= 1209057))

table 2 : explain SELECT DISTINCT c FROM sbtest2 WHERE id BETWEEN 9258580 AND 9259579 ORDER BY c
	Unique  (cost=4309.69..4315.21 rows=1105 width=121)
	  ->  Sort  (cost=4309.69..4312.45 rows=1105 width=121)
	        Sort Key: c
	        ->  Bitmap Heap Scan on sbtest2  (cost=27.76..4253.83 rows=1105 width=121)
	              Recheck Cond: ((id >= 9258580) AND (id <= 9259579))
	              ->  Bitmap Index Scan on sbtest2_pkey  (cost=0.00..27.48 rows=1105 width=0)
	                    Index Cond: ((id >= 9258580) AND (id <= 9259579))

table 3 : explain SELECT DISTINCT c FROM sbtest3 WHERE id BETWEEN 2697600 AND 2698599 ORDER BY c
	Unique  (cost=3901.68..3906.67 rows=998 width=121)
	  ->  Sort  (cost=3901.68..3904.18 rows=998 width=121)
	        Sort Key: c
	        ->  Bitmap Heap Scan on sbtest3  (cost=22.66..3851.97 rows=998 width=121)
	              Recheck Cond: ((id >= 2697600) AND (id <= 2698599))
	              ->  Bitmap Index Scan on sbtest3_pkey  (cost=0.00..22.41 rows=998 width=0)
	                    Index Cond: ((id >= 2697600) AND (id <= 2698599))

table 4 : explain SELECT DISTINCT c FROM sbtest4 WHERE id BETWEEN 3722345 AND 3723344 ORDER BY c
	Unique  (cost=3898.13..3903.12 rows=997 width=121)
	  ->  Sort  (cost=3898.13..3900.62 rows=997 width=121)
	        Sort Key: c
	        ->  Bitmap Heap Scan on sbtest4  (cost=22.65..3848.47 rows=997 width=121)
	              Recheck Cond: ((id >= 3722345) AND (id <= 3723344))
	              ->  Bitmap Index Scan on sbtest4_pkey  (cost=0.00..22.40 rows=997 width=0)
	                    Index Cond: ((id >= 3722345) AND (id <= 3723344))

table 5 : explain SELECT DISTINCT c FROM sbtest5 WHERE id BETWEEN 4140275 AND 4141274 ORDER BY c
	Unique  (cost=3687.88..3692.59 rows=942 width=121)
	  ->  Sort  (cost=3687.88..3690.23 rows=942 width=121)
	        Sort Key: c
	        ->  Bitmap Heap Scan on sbtest5  (cost=22.09..3641.35 rows=942 width=121)
	              Recheck Cond: ((id >= 4140275) AND (id <= 4141274))
	              ->  Bitmap Index Scan on sbtest5_pkey  (cost=0.00..21.86 rows=942 width=0)
	                    Index Cond: ((id >= 4140275) AND (id <= 4141274))

table 6 : explain SELECT DISTINCT c FROM sbtest6 WHERE id BETWEEN 8335660 AND 8336659 ORDER BY c
	Unique  (cost=3975.71..3980.80 rows=1017 width=121)
	  ->  Sort  (cost=3975.71..3978.26 rows=1017 width=121)
	        Sort Key: c
	        ->  Bitmap Heap Scan on sbtest6  (cost=22.86..3924.91 rows=1017 width=121)
	              Recheck Cond: ((id >= 8335660) AND (id <= 8336659))
	              ->  Bitmap Index Scan on sbtest6_pkey  (cost=0.00..22.61 rows=1017 width=0)
	                    Index Cond: ((id >= 8335660) AND (id <= 8336659))

table 7 : explain SELECT DISTINCT c FROM sbtest7 WHERE id BETWEEN 1881756 AND 1882755 ORDER BY c
	Unique  (cost=3730.55..3735.32 rows=953 width=121)
	  ->  Sort  (cost=3730.55..3732.93 rows=953 width=121)
	        Sort Key: c
	        ->  Bitmap Heap Scan on sbtest7  (cost=22.20..3683.40 rows=953 width=121)
	              Recheck Cond: ((id >= 1881756) AND (id <= 1882755))
	              ->  Bitmap Index Scan on sbtest7_pkey  (cost=0.00..21.96 rows=953 width=0)
	                    Index Cond: ((id >= 1881756) AND (id <= 1882755))

table 8 : explain SELECT DISTINCT c FROM sbtest8 WHERE id BETWEEN 5328840 AND 5329839 ORDER BY c
	Unique  (cost=4018.50..4023.64 rows=1028 width=121)
	  ->  Sort  (cost=4018.50..4021.07 rows=1028 width=121)
	        Sort Key: c
	        ->  Bitmap Heap Scan on sbtest8  (cost=22.97..3967.07 rows=1028 width=121)
	              Recheck Cond: ((id >= 5328840) AND (id <= 5329839))
	              ->  Bitmap Index Scan on sbtest8_pkey  (cost=0.00..22.71 rows=1028 width=0)
	                    Index Cond: ((id >= 5328840) AND (id <= 5329839))

for point_selects
table 1 : explain SELECT c FROM sbtest1 WHERE id=8906310
	Index Scan using sbtest1_pkey on sbtest1  (cost=0.43..8.45 rows=1 width=121)
	  Index Cond: (id = 8906310)

table 2 : explain SELECT c FROM sbtest2 WHERE id=1975062
	Index Scan using sbtest2_pkey on sbtest2  (cost=0.43..8.45 rows=1 width=121)
	  Index Cond: (id = 1975062)

table 3 : explain SELECT c FROM sbtest3 WHERE id=4705427
	Index Scan using sbtest3_pkey on sbtest3  (cost=0.43..8.45 rows=1 width=121)
	  Index Cond: (id = 4705427)

table 4 : explain SELECT c FROM sbtest4 WHERE id=7659010
	Index Scan using sbtest4_pkey on sbtest4  (cost=0.43..8.45 rows=1 width=121)
	  Index Cond: (id = 7659010)

table 5 : explain SELECT c FROM sbtest5 WHERE id=7009252
	Index Scan using sbtest5_pkey on sbtest5  (cost=0.43..8.45 rows=1 width=121)
	  Index Cond: (id = 7009252)

table 6 : explain SELECT c FROM sbtest6 WHERE id=4706414
	Index Scan using sbtest6_pkey on sbtest6  (cost=0.43..8.45 rows=1 width=121)
	  Index Cond: (id = 4706414)

table 7 : explain SELECT c FROM sbtest7 WHERE id=2702332
	Index Scan using sbtest7_pkey on sbtest7  (cost=0.43..8.45 rows=1 width=121)
	  Index Cond: (id = 2702332)

table 8 : explain SELECT c FROM sbtest8 WHERE id=2135109
	Index Scan using sbtest8_pkey on sbtest8  (cost=0.43..8.45 rows=1 width=121)
	  Index Cond: (id = 2135109)

for: order_ranges
table 1 : explain SELECT c FROM sbtest1 WHERE id BETWEEN 8394365 AND 8395364 ORDER BY c
	Sort  (cost=3874.46..3876.94 rows=991 width=121)
	  Sort Key: c
	  ->  Bitmap Heap Scan on sbtest1  (cost=22.59..3825.15 rows=991 width=121)
	        Recheck Cond: ((id >= 8394365) AND (id <= 8395364))
	        ->  Bitmap Index Scan on sbtest1_pkey  (cost=0.00..22.34 rows=991 width=0)
	              Index Cond: ((id >= 8394365) AND (id <= 8395364))

table 2 : explain SELECT c FROM sbtest2 WHERE id BETWEEN 4999482 AND 5000481 ORDER BY c
	Sort  (cost=4073.12..4075.73 rows=1043 width=121)
	  Sort Key: c
	  ->  Bitmap Heap Scan on sbtest2  (cost=23.13..4020.83 rows=1043 width=121)
	        Recheck Cond: ((id >= 4999482) AND (id <= 5000481))
	        ->  Bitmap Index Scan on sbtest2_pkey  (cost=0.00..22.86 rows=1043 width=0)
	              Index Cond: ((id >= 4999482) AND (id <= 5000481))

table 3 : explain SELECT c FROM sbtest3 WHERE id BETWEEN 5559164 AND 5560163 ORDER BY c
	Sort  (cost=3936.07..3938.59 rows=1007 width=121)
	  Sort Key: c
	  ->  Bitmap Heap Scan on sbtest3  (cost=22.76..3885.84 rows=1007 width=121)
	        Recheck Cond: ((id >= 5559164) AND (id <= 5560163))
	        ->  Bitmap Index Scan on sbtest3_pkey  (cost=0.00..22.50 rows=1007 width=0)
	              Index Cond: ((id >= 5559164) AND (id <= 5560163))

table 4 : explain SELECT c FROM sbtest4 WHERE id BETWEEN 4908675 AND 4909674 ORDER BY c
	Sort  (cost=3733.69..3736.08 rows=954 width=121)
	  Sort Key: c
	  ->  Bitmap Heap Scan on sbtest4  (cost=22.21..3686.48 rows=954 width=121)
	        Recheck Cond: ((id >= 4908675) AND (id <= 4909674))
	        ->  Bitmap Index Scan on sbtest4_pkey  (cost=0.00..21.97 rows=954 width=0)
	              Index Cond: ((id >= 4908675) AND (id <= 4909674))

table 5 : explain SELECT c FROM sbtest5 WHERE id BETWEEN 1242996 AND 1243995 ORDER BY c
	Sort  (cost=3917.37..3919.88 rows=1002 width=121)
	  Sort Key: c
	  ->  Bitmap Heap Scan on sbtest5  (cost=22.71..3867.43 rows=1002 width=121)
	        Recheck Cond: ((id >= 1242996) AND (id <= 1243995))
	        ->  Bitmap Index Scan on sbtest5_pkey  (cost=0.00..22.45 rows=1002 width=0)
	              Index Cond: ((id >= 1242996) AND (id <= 1243995))

table 6 : explain SELECT c FROM sbtest6 WHERE id BETWEEN 235630 AND 236629 ORDER BY c
	Sort  (cost=4044.47..4047.05 rows=1035 width=121)
	  Sort Key: c
	  ->  Bitmap Heap Scan on sbtest6  (cost=23.04..3992.64 rows=1035 width=121)
	        Recheck Cond: ((id >= 235630) AND (id <= 236629))
	        ->  Bitmap Index Scan on sbtest6_pkey  (cost=0.00..22.79 rows=1035 width=0)
	              Index Cond: ((id >= 235630) AND (id <= 236629))

table 7 : explain SELECT c FROM sbtest7 WHERE id BETWEEN 6749455 AND 6750454 ORDER BY c
	Sort  (cost=4116.56..4119.19 rows=1054 width=121)
	  Sort Key: c
	  ->  Bitmap Heap Scan on sbtest7  (cost=23.24..4063.64 rows=1054 width=121)
	        Recheck Cond: ((id >= 6749455) AND (id <= 6750454))
	        ->  Bitmap Index Scan on sbtest7_pkey  (cost=0.00..22.97 rows=1054 width=0)
	              Index Cond: ((id >= 6749455) AND (id <= 6750454))

table 8 : explain SELECT c FROM sbtest8 WHERE id BETWEEN 8297552 AND 8298551 ORDER BY c
	Sort  (cost=3854.10..3856.57 rows=985 width=121)
	  Sort Key: c
	  ->  Bitmap Heap Scan on sbtest8  (cost=22.53..3805.13 rows=985 width=121)
	        Recheck Cond: ((id >= 8297552) AND (id <= 8298551))
	        ->  Bitmap Index Scan on sbtest8_pkey  (cost=0.00..22.29 rows=985 width=0)
	              Index Cond: ((id >= 8297552) AND (id <= 8298551))

for: distinct_ranges
table 1 : explain SELECT DISTINCT c FROM sbtest1 WHERE id BETWEEN 460339 AND 461338 ORDER BY c
	Unique  (cost=3931.77..3936.80 rows=1006 width=121)
	  ->  Sort  (cost=3931.77..3934.28 rows=1006 width=121)
	        Sort Key: c
	        ->  Bitmap Heap Scan on sbtest1  (cost=22.75..3881.60 rows=1006 width=121)
	              Recheck Cond: ((id >= 460339) AND (id <= 461338))
	              ->  Bitmap Index Scan on sbtest1_pkey  (cost=0.00..22.50 rows=1006 width=0)
	                    Index Cond: ((id >= 460339) AND (id <= 461338))

table 2 : explain SELECT DISTINCT c FROM sbtest2 WHERE id BETWEEN 4592995 AND 4593994 ORDER BY c
	Unique  (cost=3625.92..3630.55 rows=926 width=121)
	  ->  Sort  (cost=3625.92..3628.24 rows=926 width=121)
	        Sort Key: c
	        ->  Bitmap Heap Scan on sbtest2  (cost=21.93..3580.30 rows=926 width=121)
	              Recheck Cond: ((id >= 4592995) AND (id <= 4593994))
	              ->  Bitmap Index Scan on sbtest2_pkey  (cost=0.00..21.69 rows=926 width=0)
	                    Index Cond: ((id >= 4592995) AND (id <= 4593994))

table 3 : explain SELECT DISTINCT c FROM sbtest3 WHERE id BETWEEN 5128303 AND 5129302 ORDER BY c
	Unique  (cost=3702.82..3707.55 rows=946 width=121)
	  ->  Sort  (cost=3702.82..3705.19 rows=946 width=121)
	        Sort Key: c
	        ->  Bitmap Heap Scan on sbtest3  (cost=22.13..3656.06 rows=946 width=121)
	              Recheck Cond: ((id >= 5128303) AND (id <= 5129302))
	              ->  Bitmap Index Scan on sbtest3_pkey  (cost=0.00..21.89 rows=946 width=0)
	                    Index Cond: ((id >= 5128303) AND (id <= 5129302))

table 4 : explain SELECT DISTINCT c FROM sbtest4 WHERE id BETWEEN 375994 AND 376993 ORDER BY c
	Unique  (cost=3787.25..3792.09 rows=968 width=121)
	  ->  Sort  (cost=3787.25..3789.67 rows=968 width=121)
	        Sort Key: c
	        ->  Bitmap Heap Scan on sbtest4  (cost=22.36..3739.25 rows=968 width=121)
	              Recheck Cond: ((id >= 375994) AND (id <= 376993))
	              ->  Bitmap Index Scan on sbtest4_pkey  (cost=0.00..22.11 rows=968 width=0)
	                    Index Cond: ((id >= 375994) AND (id <= 376993))

table 5 : explain SELECT DISTINCT c FROM sbtest5 WHERE id BETWEEN 1999190 AND 2000189 ORDER BY c
	Unique  (cost=4096.83..4102.07 rows=1049 width=121)
	  ->  Sort  (cost=4096.83..4099.45 rows=1049 width=121)
	        Sort Key: c
	        ->  Bitmap Heap Scan on sbtest5  (cost=23.19..4044.19 rows=1049 width=121)
	              Recheck Cond: ((id >= 1999190) AND (id <= 2000189))
	              ->  Bitmap Index Scan on sbtest5_pkey  (cost=0.00..22.93 rows=1049 width=0)
	                    Index Cond: ((id >= 1999190) AND (id <= 2000189))

table 6 : explain SELECT DISTINCT c FROM sbtest6 WHERE id BETWEEN 1515999 AND 1516998 ORDER BY c
	Unique  (cost=3773.04..3777.86 rows=964 width=121)
	  ->  Sort  (cost=3773.04..3775.45 rows=964 width=121)
	        Sort Key: c
	        ->  Bitmap Heap Scan on sbtest6  (cost=22.32..3725.26 rows=964 width=121)
	              Recheck Cond: ((id >= 1515999) AND (id <= 1516998))
	              ->  Bitmap Index Scan on sbtest6_pkey  (cost=0.00..22.07 rows=964 width=0)
	                    Index Cond: ((id >= 1515999) AND (id <= 1516998))

table 7 : explain SELECT DISTINCT c FROM sbtest7 WHERE id BETWEEN 8711840 AND 8712839 ORDER BY c
	Unique  (cost=4028.77..4033.92 rows=1031 width=121)
	  ->  Sort  (cost=4028.77..4031.34 rows=1031 width=121)
	        Sort Key: c
	        ->  Bitmap Heap Scan on sbtest7  (cost=23.00..3977.17 rows=1031 width=121)
	              Recheck Cond: ((id >= 8711840) AND (id <= 8712839))
	              ->  Bitmap Index Scan on sbtest7_pkey  (cost=0.00..22.75 rows=1031 width=0)
	                    Index Cond: ((id >= 8711840) AND (id <= 8712839))

table 8 : explain SELECT DISTINCT c FROM sbtest8 WHERE id BETWEEN 6810735 AND 6811734 ORDER BY c
	Unique  (cost=3953.53..3958.59 rows=1011 width=121)
	  ->  Sort  (cost=3953.53..3956.06 rows=1011 width=121)
	        Sort Key: c
	        ->  Bitmap Heap Scan on sbtest8  (cost=22.80..3903.08 rows=1011 width=121)
	              Recheck Cond: ((id >= 6810735) AND (id <= 6811734))
	              ->  Bitmap Index Scan on sbtest8_pkey  (cost=0.00..22.54 rows=1011 width=0)
	                    Index Cond: ((id >= 6810735) AND (id <= 6811734))

for: sum_ranges
table 1 : explain SELECT SUM(k) FROM sbtest1 WHERE id BETWEEN 7350608 AND 7351607
	Aggregate  (cost=4267.72..4267.73 rows=1 width=8)
	  ->  Bitmap Heap Scan on sbtest1  (cost=27.79..4264.95 rows=1108 width=4)
	        Recheck Cond: ((id >= 7350608) AND (id <= 7351607))
	        ->  Bitmap Index Scan on sbtest1_pkey  (cost=0.00..27.51 rows=1108 width=0)
	              Index Cond: ((id >= 7350608) AND (id <= 7351607))

table 2 : explain SELECT SUM(k) FROM sbtest2 WHERE id BETWEEN 4540538 AND 4541537
	Aggregate  (cost=3582.61..3582.62 rows=1 width=8)
	  ->  Bitmap Heap Scan on sbtest2  (cost=21.93..3580.30 rows=926 width=4)
	        Recheck Cond: ((id >= 4540538) AND (id <= 4541537))
	        ->  Bitmap Index Scan on sbtest2_pkey  (cost=0.00..21.69 rows=926 width=0)
	              Index Cond: ((id >= 4540538) AND (id <= 4541537))

table 3 : explain SELECT SUM(k) FROM sbtest3 WHERE id BETWEEN 6217676 AND 6218675
	Aggregate  (cost=3767.80..3767.81 rows=1 width=8)
	  ->  Bitmap Heap Scan on sbtest3  (cost=22.43..3765.36 rows=975 width=4)
	        Recheck Cond: ((id >= 6217676) AND (id <= 6218675))
	        ->  Bitmap Index Scan on sbtest3_pkey  (cost=0.00..22.18 rows=975 width=0)
	              Index Cond: ((id >= 6217676) AND (id <= 6218675))

table 4 : explain SELECT SUM(k) FROM sbtest4 WHERE id BETWEEN 8408453 AND 8409452
	Aggregate  (cost=3681.32..3681.33 rows=1 width=8)
	  ->  Bitmap Heap Scan on sbtest4  (cost=22.19..3678.94 rows=952 width=4)
	        Recheck Cond: ((id >= 8408453) AND (id <= 8409452))
	        ->  Bitmap Index Scan on sbtest4_pkey  (cost=0.00..21.95 rows=952 width=0)
	              Index Cond: ((id >= 8408453) AND (id <= 8409452))

table 5 : explain SELECT SUM(k) FROM sbtest5 WHERE id BETWEEN 1632267 AND 1633266
	Aggregate  (cost=3643.70..3643.71 rows=1 width=8)
	  ->  Bitmap Heap Scan on sbtest5  (cost=22.09..3641.35 rows=942 width=4)
	        Recheck Cond: ((id >= 1632267) AND (id <= 1633266))
	        ->  Bitmap Index Scan on sbtest5_pkey  (cost=0.00..21.86 rows=942 width=0)
	              Index Cond: ((id >= 1632267) AND (id <= 1633266))

table 6 : explain SELECT SUM(k) FROM sbtest6 WHERE id BETWEEN 9276056 AND 9277055
	Aggregate  (cost=3923.69..3923.70 rows=1 width=8)
	  ->  Bitmap Heap Scan on sbtest6  (cost=22.85..3921.15 rows=1016 width=4)
	        Recheck Cond: ((id >= 9276056) AND (id <= 9277055))
	        ->  Bitmap Index Scan on sbtest6_pkey  (cost=0.00..22.59 rows=1016 width=0)
	              Index Cond: ((id >= 9276056) AND (id <= 9277055))

table 7 : explain SELECT SUM(k) FROM sbtest7 WHERE id BETWEEN 6560944 AND 6561943
	Aggregate  (cost=4017.37..4017.38 rows=1 width=8)
	  ->  Bitmap Heap Scan on sbtest7  (cost=23.11..4014.77 rows=1041 width=4)
	        Recheck Cond: ((id >= 6560944) AND (id <= 6561943))
	        ->  Bitmap Index Scan on sbtest7_pkey  (cost=0.00..22.84 rows=1041 width=0)
	              Index Cond: ((id >= 6560944) AND (id <= 6561943))

table 8 : explain SELECT SUM(k) FROM sbtest8 WHERE id BETWEEN 1077267 AND 1078266
	Aggregate  (cost=3807.59..3807.60 rows=1 width=8)
	  ->  Bitmap Heap Scan on sbtest8  (cost=22.53..3805.13 rows=985 width=4)
	        Recheck Cond: ((id >= 1077267) AND (id <= 1078266))
	        ->  Bitmap Index Scan on sbtest8_pkey  (cost=0.00..22.29 rows=985 width=0)
	              Index Cond: ((id >= 1077267) AND (id <= 1078266))

for: order_ranges
table 1 : explain SELECT c FROM sbtest1 WHERE id BETWEEN 96534 AND 97533 ORDER BY c
	Sort  (cost=3583.69..3585.98 rows=915 width=121)
	  Sort Key: c
	  ->  Bitmap Heap Scan on sbtest1  (cost=21.81..3538.69 rows=915 width=121)
	        Recheck Cond: ((id >= 96534) AND (id <= 97533))
	        ->  Bitmap Index Scan on sbtest1_pkey  (cost=0.00..21.58 rows=915 width=0)
	              Index Cond: ((id >= 96534) AND (id <= 97533))

table 2 : explain SELECT c FROM sbtest2 WHERE id BETWEEN 7609691 AND 7610690 ORDER BY c
	Sort  (cost=3855.47..3857.93 rows=986 width=121)
	  Sort Key: c
	  ->  Bitmap Heap Scan on sbtest2  (cost=22.54..3806.44 rows=986 width=121)
	        Recheck Cond: ((id >= 7609691) AND (id <= 7610690))
	        ->  Bitmap Index Scan on sbtest2_pkey  (cost=0.00..22.29 rows=986 width=0)
	              Index Cond: ((id >= 7609691) AND (id <= 7610690))

table 3 : explain SELECT c FROM sbtest3 WHERE id BETWEEN 6987893 AND 6988892 ORDER BY c
	Sort  (cost=3649.23..3651.56 rows=932 width=121)
	  Sort Key: c
	  ->  Bitmap Heap Scan on sbtest3  (cost=21.99..3603.26 rows=932 width=121)
	        Recheck Cond: ((id >= 6987893) AND (id <= 6988892))
	        ->  Bitmap Index Scan on sbtest3_pkey  (cost=0.00..21.75 rows=932 width=0)
	              Index Cond: ((id >= 6987893) AND (id <= 6988892))

table 4 : explain SELECT c FROM sbtest4 WHERE id BETWEEN 231298 AND 232297 ORDER BY c
	Sort  (cost=4005.09..4007.65 rows=1025 width=121)
	  Sort Key: c
	  ->  Bitmap Heap Scan on sbtest4  (cost=22.94..3953.83 rows=1025 width=121)
	        Recheck Cond: ((id >= 231298) AND (id <= 232297))
	        ->  Bitmap Index Scan on sbtest4_pkey  (cost=0.00..22.68 rows=1025 width=0)
	              Index Cond: ((id >= 231298) AND (id <= 232297))

table 5 : explain SELECT c FROM sbtest5 WHERE id BETWEEN 6898095 AND 6899094 ORDER BY c
	Sort  (cost=3844.75..3847.20 rows=983 width=121)
	  Sort Key: c
	  ->  Bitmap Heap Scan on sbtest5  (cost=22.51..3795.89 rows=983 width=121)
	        Recheck Cond: ((id >= 6898095) AND (id <= 6899094))
	        ->  Bitmap Index Scan on sbtest5_pkey  (cost=0.00..22.26 rows=983 width=0)
	              Index Cond: ((id >= 6898095) AND (id <= 6899094))

table 6 : explain SELECT c FROM sbtest6 WHERE id BETWEEN 2906267 AND 2907266 ORDER BY c
	Sort  (cost=3727.10..3729.48 rows=952 width=121)
	  Sort Key: c
	  ->  Bitmap Heap Scan on sbtest6  (cost=22.19..3680.00 rows=952 width=121)
	        Recheck Cond: ((id >= 2906267) AND (id <= 2907266))
	        ->  Bitmap Index Scan on sbtest6_pkey  (cost=0.00..21.95 rows=952 width=0)
	              Index Cond: ((id >= 2906267) AND (id <= 2907266))

table 7 : explain SELECT c FROM sbtest7 WHERE id BETWEEN 3638111 AND 3639110 ORDER BY c
	Sort  (cost=3971.48..3974.02 rows=1016 width=121)
	  Sort Key: c
	  ->  Bitmap Heap Scan on sbtest7  (cost=22.85..3920.73 rows=1016 width=121)
	        Recheck Cond: ((id >= 3638111) AND (id <= 3639110))
	        ->  Bitmap Index Scan on sbtest7_pkey  (cost=0.00..22.59 rows=1016 width=0)
	              Index Cond: ((id >= 3638111) AND (id <= 3639110))

table 8 : explain SELECT c FROM sbtest8 WHERE id BETWEEN 1088403 AND 1089402 ORDER BY c
	Sort  (cost=3854.10..3856.57 rows=985 width=121)
	  Sort Key: c
	  ->  Bitmap Heap Scan on sbtest8  (cost=22.53..3805.13 rows=985 width=121)
	        Recheck Cond: ((id >= 1088403) AND (id <= 1089402))
	        ->  Bitmap Index Scan on sbtest8_pkey  (cost=0.00..22.29 rows=985 width=0)
	              Index Cond: ((id >= 1088403) AND (id <= 1089402))

for: sum_ranges
table 1 : explain SELECT SUM(k) FROM sbtest1 WHERE id BETWEEN 2428664 AND 2429663
	Aggregate  (cost=4053.39..4053.40 rows=1 width=8)
	  ->  Bitmap Heap Scan on sbtest1  (cost=23.21..4050.76 rows=1051 width=4)
	        Recheck Cond: ((id >= 2428664) AND (id <= 2429663))
	        ->  Bitmap Index Scan on sbtest1_pkey  (cost=0.00..22.94 rows=1051 width=0)
	              Index Cond: ((id >= 2428664) AND (id <= 2429663))

table 2 : explain SELECT SUM(k) FROM sbtest2 WHERE id BETWEEN 1120389 AND 1121388
	Aggregate  (cost=3989.59..3989.60 rows=1 width=8)
	  ->  Bitmap Heap Scan on sbtest2  (cost=23.03..3987.01 rows=1034 width=4)
	        Recheck Cond: ((id >= 1120389) AND (id <= 1121388))
	        ->  Bitmap Index Scan on sbtest2_pkey  (cost=0.00..22.77 rows=1034 width=0)
	              Index Cond: ((id >= 1120389) AND (id <= 1121388))

table 3 : explain SELECT SUM(k) FROM sbtest3 WHERE id BETWEEN 1206176 AND 1207175
	Aggregate  (cost=3944.82..3944.83 rows=1 width=8)
	  ->  Bitmap Heap Scan on sbtest3  (cost=22.91..3942.27 rows=1022 width=4)
	        Recheck Cond: ((id >= 1206176) AND (id <= 1207175))
	        ->  Bitmap Index Scan on sbtest3_pkey  (cost=0.00..22.65 rows=1022 width=0)
	              Index Cond: ((id >= 1206176) AND (id <= 1207175))

table 4 : explain SELECT SUM(k) FROM sbtest4 WHERE id BETWEEN 774126 AND 775125
	Aggregate  (cost=4091.79..4091.80 rows=1 width=8)
	  ->  Bitmap Heap Scan on sbtest4  (cost=23.31..4089.14 rows=1061 width=4)
	        Recheck Cond: ((id >= 774126) AND (id <= 775125))
	        ->  Bitmap Index Scan on sbtest4_pkey  (cost=0.00..23.04 rows=1061 width=0)
	              Index Cond: ((id >= 774126) AND (id <= 775125))

table 5 : explain SELECT SUM(k) FROM sbtest5 WHERE id BETWEEN 8020026 AND 8021025
	Aggregate  (cost=3745.56..3745.57 rows=1 width=8)
	  ->  Bitmap Heap Scan on sbtest5  (cost=22.37..3743.14 rows=969 width=4)
	        Recheck Cond: ((id >= 8020026) AND (id <= 8021025))
	        ->  Bitmap Index Scan on sbtest5_pkey  (cost=0.00..22.12 rows=969 width=0)
	              Index Cond: ((id >= 8020026) AND (id <= 8021025))

table 6 : explain SELECT SUM(k) FROM sbtest6 WHERE id BETWEEN 1964213 AND 1965212
	Aggregate  (cost=3848.34..3848.35 rows=1 width=8)
	  ->  Bitmap Heap Scan on sbtest6  (cost=22.64..3845.85 rows=996 width=4)
	        Recheck Cond: ((id >= 1964213) AND (id <= 1965212))
	        ->  Bitmap Index Scan on sbtest6_pkey  (cost=0.00..22.39 rows=996 width=0)
	              Index Cond: ((id >= 1964213) AND (id <= 1965212))

table 7 : explain SELECT SUM(k) FROM sbtest7 WHERE id BETWEEN 164678 AND 165677
	Aggregate  (cost=3670.68..3670.69 rows=1 width=8)
	  ->  Bitmap Heap Scan on sbtest7  (cost=22.16..3668.31 rows=949 width=4)
	        Recheck Cond: ((id >= 164678) AND (id <= 165677))
	        ->  Bitmap Index Scan on sbtest7_pkey  (cost=0.00..21.93 rows=949 width=0)
	              Index Cond: ((id >= 164678) AND (id <= 165677))

table 8 : explain SELECT SUM(k) FROM sbtest8 WHERE id BETWEEN 6806025 AND 6807024
	Aggregate  (cost=3905.60..3905.61 rows=1 width=8)
	  ->  Bitmap Heap Scan on sbtest8  (cost=22.80..3903.08 rows=1011 width=4)
	        Recheck Cond: ((id >= 6806025) AND (id <= 6807024))
	        ->  Bitmap Index Scan on sbtest8_pkey  (cost=0.00..22.54 rows=1011 width=0)
	              Index Cond: ((id >= 6806025) AND (id <= 6807024))

for: distinct_ranges
table 1 : explain SELECT DISTINCT c FROM sbtest1 WHERE id BETWEEN 9879232 AND 9880231 ORDER BY c
	Unique  (cost=4198.82..4204.20 rows=1076 width=121)
	  ->  Sort  (cost=4198.82..4201.51 rows=1076 width=121)
	        Sort Key: c
	        ->  Bitmap Heap Scan on sbtest1  (cost=23.46..4144.63 rows=1076 width=121)
	              Recheck Cond: ((id >= 9879232) AND (id <= 9880231))
	              ->  Bitmap Index Scan on sbtest1_pkey  (cost=0.00..23.19 rows=1076 width=0)
	                    Index Cond: ((id >= 9879232) AND (id <= 9880231))

table 2 : explain SELECT DISTINCT c FROM sbtest2 WHERE id BETWEEN 483545 AND 484544 ORDER BY c
	Unique  (cost=3736.93..3741.70 rows=955 width=121)
	  ->  Sort  (cost=3736.93..3739.32 rows=955 width=121)
	        Sort Key: c
	        ->  Bitmap Heap Scan on sbtest2  (cost=22.22..3689.66 rows=955 width=121)
	              Recheck Cond: ((id >= 483545) AND (id <= 484544))
	              ->  Bitmap Index Scan on sbtest2_pkey  (cost=0.00..21.98 rows=955 width=0)
	                    Index Cond: ((id >= 483545) AND (id <= 484544))

table 3 : explain SELECT DISTINCT c FROM sbtest3 WHERE id BETWEEN 349379 AND 350378 ORDER BY c
	Unique  (cost=3499.79..3504.25 rows=893 width=121)
	  ->  Sort  (cost=3499.79..3502.02 rows=893 width=121)
	        Sort Key: c
	        ->  Bitmap Heap Scan on sbtest3  (cost=21.59..3456.02 rows=893 width=121)
	              Recheck Cond: ((id >= 349379) AND (id <= 350378))
	              ->  Bitmap Index Scan on sbtest3_pkey  (cost=0.00..21.36 rows=893 width=0)
	                    Index Cond: ((id >= 349379) AND (id <= 350378))

table 4 : explain SELECT DISTINCT c FROM sbtest4 WHERE id BETWEEN 1423735 AND 1424734 ORDER BY c
	Unique  (cost=3714.55..3719.30 rows=949 width=121)
	  ->  Sort  (cost=3714.55..3716.93 rows=949 width=121)
	        Sort Key: c
	        ->  Bitmap Heap Scan on sbtest4  (cost=22.16..3667.63 rows=949 width=121)
	              Recheck Cond: ((id >= 1423735) AND (id <= 1424734))
	              ->  Bitmap Index Scan on sbtest4_pkey  (cost=0.00..21.93 rows=949 width=0)
	                    Index Cond: ((id >= 1423735) AND (id <= 1424734))

table 5 : explain SELECT DISTINCT c FROM sbtest5 WHERE id BETWEEN 3962555 AND 3963554 ORDER BY c
	Unique  (cost=3974.67..3979.76 rows=1017 width=121)
	  ->  Sort  (cost=3974.67..3977.22 rows=1017 width=121)
	        Sort Key: c
	        ->  Bitmap Heap Scan on sbtest5  (cost=22.86..3923.87 rows=1017 width=121)
	              Recheck Cond: ((id >= 3962555) AND (id <= 3963554))
	              ->  Bitmap Index Scan on sbtest5_pkey  (cost=0.00..22.61 rows=1017 width=0)
	                    Index Cond: ((id >= 3962555) AND (id <= 3963554))

table 6 : explain SELECT DISTINCT c FROM sbtest6 WHERE id BETWEEN 254953 AND 255952 ORDER BY c
	Unique  (cost=4044.47..4049.64 rows=1035 width=121)
	  ->  Sort  (cost=4044.47..4047.05 rows=1035 width=121)
	        Sort Key: c
	        ->  Bitmap Heap Scan on sbtest6  (cost=23.04..3992.64 rows=1035 width=121)
	              Recheck Cond: ((id >= 254953) AND (id <= 255952))
	              ->  Bitmap Index Scan on sbtest6_pkey  (cost=0.00..22.79 rows=1035 width=0)
	                    Index Cond: ((id >= 254953) AND (id <= 255952))

table 7 : explain SELECT DISTINCT c FROM sbtest7 WHERE id BETWEEN 5711260 AND 5712259 ORDER BY c
	Unique  (cost=4017.31..4022.45 rows=1028 width=121)
	  ->  Sort  (cost=4017.31..4019.88 rows=1028 width=121)
	        Sort Key: c
	        ->  Bitmap Heap Scan on sbtest7  (cost=22.97..3965.88 rows=1028 width=121)
	              Recheck Cond: ((id >= 5711260) AND (id <= 5712259))
	              ->  Bitmap Index Scan on sbtest7_pkey  (cost=0.00..22.71 rows=1028 width=0)
	                    Index Cond: ((id >= 5711260) AND (id <= 5712259))

table 8 : explain SELECT DISTINCT c FROM sbtest8 WHERE id BETWEEN 237349 AND 238348 ORDER BY c
	Unique  (cost=3892.36..3897.33 rows=995 width=121)
	  ->  Sort  (cost=3892.36..3894.84 rows=995 width=121)
	        Sort Key: c
	        ->  Bitmap Heap Scan on sbtest8  (cost=22.63..3842.81 rows=995 width=121)
	              Recheck Cond: ((id >= 237349) AND (id <= 238348))
	              ->  Bitmap Index Scan on sbtest8_pkey  (cost=0.00..22.39 rows=995 width=0)
	                    Index Cond: ((id >= 237349) AND (id <= 238348))

for: distinct_ranges
table 1 : explain SELECT DISTINCT c FROM sbtest1 WHERE id BETWEEN 1572753 AND 1573752 ORDER BY c
	Unique  (cost=3989.04..3994.15 rows=1021 width=121)
	  ->  Sort  (cost=3989.04..3991.60 rows=1021 width=121)
	        Sort Key: c
	        ->  Bitmap Heap Scan on sbtest1  (cost=22.90..3938.01 rows=1021 width=121)
	              Recheck Cond: ((id >= 1572753) AND (id <= 1573752))
	              ->  Bitmap Index Scan on sbtest1_pkey  (cost=0.00..22.64 rows=1021 width=0)
	                    Index Cond: ((id >= 1572753) AND (id <= 1573752))

table 2 : explain SELECT DISTINCT c FROM sbtest2 WHERE id BETWEEN 5637348 AND 5638347 ORDER BY c
	Unique  (cost=3947.16..3952.21 rows=1010 width=121)
	  ->  Sort  (cost=3947.16..3949.68 rows=1010 width=121)
	        Sort Key: c
	        ->  Bitmap Heap Scan on sbtest2  (cost=22.79..3896.76 rows=1010 width=121)
	              Recheck Cond: ((id >= 5637348) AND (id <= 5638347))
	              ->  Bitmap Index Scan on sbtest2_pkey  (cost=0.00..22.54 rows=1010 width=0)
	                    Index Cond: ((id >= 5637348) AND (id <= 5638347))

table 3 : explain SELECT DISTINCT c FROM sbtest3 WHERE id BETWEEN 5035383 AND 5036382 ORDER BY c
	Unique  (cost=3744.92..3749.70 rows=957 width=121)
	  ->  Sort  (cost=3744.92..3747.31 rows=957 width=121)
	        Sort Key: c
	        ->  Bitmap Heap Scan on sbtest3  (cost=22.24..3697.54 rows=957 width=121)
	              Recheck Cond: ((id >= 5035383) AND (id <= 5036382))
	              ->  Bitmap Index Scan on sbtest3_pkey  (cost=0.00..22.00 rows=957 width=0)
	                    Index Cond: ((id >= 5035383) AND (id <= 5036382))

table 4 : explain SELECT DISTINCT c FROM sbtest4 WHERE id BETWEEN 3733536 AND 3734535 ORDER BY c
	Unique  (cost=3898.13..3903.12 rows=997 width=121)
	  ->  Sort  (cost=3898.13..3900.62 rows=997 width=121)
	        Sort Key: c
	        ->  Bitmap Heap Scan on sbtest4  (cost=22.65..3848.47 rows=997 width=121)
	              Recheck Cond: ((id >= 3733536) AND (id <= 3734535))
	              ->  Bitmap Index Scan on sbtest4_pkey  (cost=0.00..22.40 rows=997 width=0)
	                    Index Cond: ((id >= 3733536) AND (id <= 3734535))

table 5 : explain SELECT DISTINCT c FROM sbtest5 WHERE id BETWEEN 9499402 AND 9500401 ORDER BY c
	Unique  (cost=3909.73..3914.73 rows=1000 width=121)
	  ->  Sort  (cost=3909.73..3912.23 rows=1000 width=121)
	        Sort Key: c
	        ->  Bitmap Heap Scan on sbtest5  (cost=22.68..3859.90 rows=1000 width=121)
	              Recheck Cond: ((id >= 9499402) AND (id <= 9500401))
	              ->  Bitmap Index Scan on sbtest5_pkey  (cost=0.00..22.43 rows=1000 width=0)
	                    Index Cond: ((id >= 9499402) AND (id <= 9500401))

table 6 : explain SELECT DISTINCT c FROM sbtest6 WHERE id BETWEEN 7315179 AND 7316178 ORDER BY c
	Unique  (cost=4155.16..4160.48 rows=1064 width=121)
	  ->  Sort  (cost=4155.16..4157.82 rows=1064 width=121)
	        Sort Key: c
	        ->  Bitmap Heap Scan on sbtest6  (cost=23.34..4101.66 rows=1064 width=121)
	              Recheck Cond: ((id >= 7315179) AND (id <= 7316178))
	              ->  Bitmap Index Scan on sbtest6_pkey  (cost=0.00..23.07 rows=1064 width=0)
	                    Index Cond: ((id >= 7315179) AND (id <= 7316178))

table 7 : explain SELECT DISTINCT c FROM sbtest7 WHERE id BETWEEN 8861613 AND 8862612 ORDER BY c
	Unique  (cost=3948.55..3953.60 rows=1010 width=121)
	  ->  Sort  (cost=3948.55..3951.08 rows=1010 width=121)
	        Sort Key: c
	        ->  Bitmap Heap Scan on sbtest7  (cost=22.79..3898.15 rows=1010 width=121)
	              Recheck Cond: ((id >= 8861613) AND (id <= 8862612))
	              ->  Bitmap Index Scan on sbtest7_pkey  (cost=0.00..22.54 rows=1010 width=0)
	                    Index Cond: ((id >= 8861613) AND (id <= 8862612))

table 8 : explain SELECT DISTINCT c FROM sbtest8 WHERE id BETWEEN 7177406 AND 7178405 ORDER BY c
	Unique  (cost=4022.32..4027.47 rows=1029 width=121)
	  ->  Sort  (cost=4022.32..4024.89 rows=1029 width=121)
	        Sort Key: c
	        ->  Bitmap Heap Scan on sbtest8  (cost=22.98..3970.84 rows=1029 width=121)
	              Recheck Cond: ((id >= 7177406) AND (id <= 7178405))
	              ->  Bitmap Index Scan on sbtest8_pkey  (cost=0.00..22.72 rows=1029 width=0)
	                    Index Cond: ((id >= 7177406) AND (id <= 7178405))

for: order_ranges
table 1 : explain SELECT c FROM sbtest1 WHERE id BETWEEN 763963 AND 764962 ORDER BY c
	Sort  (cost=3759.77..3762.18 rows=961 width=121)
	  Sort Key: c
	  ->  Bitmap Heap Scan on sbtest1  (cost=22.29..3712.16 rows=961 width=121)
	        Recheck Cond: ((id >= 763963) AND (id <= 764962))
	        ->  Bitmap Index Scan on sbtest1_pkey  (cost=0.00..22.04 rows=961 width=0)
	              Index Cond: ((id >= 763963) AND (id <= 764962))

table 2 : explain SELECT c FROM sbtest2 WHERE id BETWEEN 9084340 AND 9085339 ORDER BY c
	Sort  (cost=3939.52..3942.04 rows=1008 width=121)
	  Sort Key: c
	  ->  Bitmap Heap Scan on sbtest2  (cost=22.77..3889.24 rows=1008 width=121)
	        Recheck Cond: ((id >= 9084340) AND (id <= 9085339))
	        ->  Bitmap Index Scan on sbtest2_pkey  (cost=0.00..22.51 rows=1008 width=0)
	              Index Cond: ((id >= 9084340) AND (id <= 9085339))

table 3 : explain SELECT c FROM sbtest3 WHERE id BETWEEN 2472860 AND 2473859 ORDER BY c
	Sort  (cost=3492.12..3494.34 rows=891 width=121)
	  Sort Key: c
	  ->  Bitmap Heap Scan on sbtest3  (cost=21.57..3448.46 rows=891 width=121)
	        Recheck Cond: ((id >= 2472860) AND (id <= 2473859))
	        ->  Bitmap Index Scan on sbtest3_pkey  (cost=0.00..21.34 rows=891 width=0)
	              Index Cond: ((id >= 2472860) AND (id <= 2473859))

table 4 : explain SELECT c FROM sbtest4 WHERE id BETWEEN 3774349 AND 3775348 ORDER BY c
	Sort  (cost=4230.14..4232.85 rows=1084 width=121)
	  Sort Key: c
	  ->  Bitmap Heap Scan on sbtest4  (cost=23.55..4175.50 rows=1084 width=121)
	        Recheck Cond: ((id >= 3774349) AND (id <= 3775348))
	        ->  Bitmap Index Scan on sbtest4_pkey  (cost=0.00..23.27 rows=1084 width=0)
	              Index Cond: ((id >= 3774349) AND (id <= 3775348))

table 5 : explain SELECT c FROM sbtest5 WHERE id BETWEEN 3674585 AND 3675584 ORDER BY c
	Sort  (cost=4077.75..4080.36 rows=1044 width=121)
	  Sort Key: c
	  ->  Bitmap Heap Scan on sbtest5  (cost=23.14..4025.40 rows=1044 width=121)
	        Recheck Cond: ((id >= 3674585) AND (id <= 3675584))
	        ->  Bitmap Index Scan on sbtest5_pkey  (cost=0.00..22.87 rows=1044 width=0)
	              Index Cond: ((id >= 3674585) AND (id <= 3675584))

table 6 : explain SELECT c FROM sbtest6 WHERE id BETWEEN 4416521 AND 4417520 ORDER BY c
	Sort  (cost=3707.96..3710.32 rows=947 width=121)
	  Sort Key: c
	  ->  Bitmap Heap Scan on sbtest6  (cost=22.14..3661.14 rows=947 width=121)
	        Recheck Cond: ((id >= 4416521) AND (id <= 4417520))
	        ->  Bitmap Index Scan on sbtest6_pkey  (cost=0.00..21.90 rows=947 width=0)
	              Index Cond: ((id >= 4416521) AND (id <= 4417520))

table 7 : explain SELECT c FROM sbtest7 WHERE id BETWEEN 2694448 AND 2695447 ORDER BY c
	Sort  (cost=3684.61..3686.96 rows=941 width=121)
	  Sort Key: c
	  ->  Bitmap Heap Scan on sbtest7  (cost=22.08..3638.13 rows=941 width=121)
	        Recheck Cond: ((id >= 2694448) AND (id <= 2695447))
	        ->  Bitmap Index Scan on sbtest7_pkey  (cost=0.00..21.84 rows=941 width=0)
	              Index Cond: ((id >= 2694448) AND (id <= 2695447))

table 8 : explain SELECT c FROM sbtest8 WHERE id BETWEEN 9560673 AND 9561672 ORDER BY c
	Sort  (cost=3949.71..3952.24 rows=1010 width=121)
	  Sort Key: c
	  ->  Bitmap Heap Scan on sbtest8  (cost=22.79..3899.31 rows=1010 width=121)
	        Recheck Cond: ((id >= 9560673) AND (id <= 9561672))
	        ->  Bitmap Index Scan on sbtest8_pkey  (cost=0.00..22.54 rows=1010 width=0)
	              Index Cond: ((id >= 9560673) AND (id <= 9561672))

for: simple_ranges
table 1 : explain SELECT c FROM sbtest1 WHERE id BETWEEN 7464134 AND 7465133
	Bitmap Heap Scan on sbtest1  (cost=22.70..3862.78 rows=1001 width=121)
	  Recheck Cond: ((id >= 7464134) AND (id <= 7465133))
	  ->  Bitmap Index Scan on sbtest1_pkey  (cost=0.00..22.44 rows=1001 width=0)
	        Index Cond: ((id >= 7464134) AND (id <= 7465133))

table 2 : explain SELECT c FROM sbtest2 WHERE id BETWEEN 2270830 AND 2271829
	Bitmap Heap Scan on sbtest2  (cost=22.72..3870.42 rows=1003 width=121)
	  Recheck Cond: ((id >= 2270830) AND (id <= 2271829))
	  ->  Bitmap Index Scan on sbtest2_pkey  (cost=0.00..22.46 rows=1003 width=0)
	        Index Cond: ((id >= 2270830) AND (id <= 2271829))

table 3 : explain SELECT c FROM sbtest3 WHERE id BETWEEN 9461803 AND 9462802
	Bitmap Heap Scan on sbtest3  (cost=22.33..3727.69 rows=965 width=121)
	  Recheck Cond: ((id >= 9461803) AND (id <= 9462802))
	  ->  Bitmap Index Scan on sbtest3_pkey  (cost=0.00..22.08 rows=965 width=0)
	        Index Cond: ((id >= 9461803) AND (id <= 9462802))

table 4 : explain SELECT c FROM sbtest4 WHERE id BETWEEN 6359661 AND 6360660
	Bitmap Heap Scan on sbtest4  (cost=21.92..3577.09 rows=925 width=121)
	  Recheck Cond: ((id >= 6359661) AND (id <= 6360660))
	  ->  Bitmap Index Scan on sbtest4_pkey  (cost=0.00..21.68 rows=925 width=0)
	        Index Cond: ((id >= 6359661) AND (id <= 6360660))

table 5 : explain SELECT c FROM sbtest5 WHERE id BETWEEN 5272520 AND 5273519
	Bitmap Heap Scan on sbtest5  (cost=22.92..3946.44 rows=1023 width=121)
	  Recheck Cond: ((id >= 5272520) AND (id <= 5273519))
	  ->  Bitmap Index Scan on sbtest5_pkey  (cost=0.00..22.66 rows=1023 width=0)
	        Index Cond: ((id >= 5272520) AND (id <= 5273519))

table 6 : explain SELECT c FROM sbtest6 WHERE id BETWEEN 4364647 AND 4365646
	Bitmap Heap Scan on sbtest6  (cost=22.76..3887.27 rows=1007 width=121)
	  Recheck Cond: ((id >= 4364647) AND (id <= 4365646))
	  ->  Bitmap Index Scan on sbtest6_pkey  (cost=0.00..22.50 rows=1007 width=0)
	        Index Cond: ((id >= 4364647) AND (id <= 4365646))

table 7 : explain SELECT c FROM sbtest7 WHERE id BETWEEN 7354586 AND 7355585
	Bitmap Heap Scan on sbtest7  (cost=21.99..3604.17 rows=932 width=121)
	  Recheck Cond: ((id >= 7354586) AND (id <= 7355585))
	  ->  Bitmap Index Scan on sbtest7_pkey  (cost=0.00..21.75 rows=932 width=0)
	        Index Cond: ((id >= 7354586) AND (id <= 7355585))

table 8 : explain SELECT c FROM sbtest8 WHERE id BETWEEN 9132321 AND 9133320
	Bitmap Heap Scan on sbtest8  (cost=22.52..3801.36 rows=984 width=121)
	  Recheck Cond: ((id >= 9132321) AND (id <= 9133320))
	  ->  Bitmap Index Scan on sbtest8_pkey  (cost=0.00..22.27 rows=984 width=0)
	        Index Cond: ((id >= 9132321) AND (id <= 9133320))

for: distinct_ranges
table 1 : explain SELECT DISTINCT c FROM sbtest1 WHERE id BETWEEN 9993428 AND 9994427 ORDER BY c
	Unique  (cost=4149.27..4154.58 rows=1063 width=121)
	  ->  Sort  (cost=4149.27..4151.93 rows=1063 width=121)
	        Sort Key: c
	        ->  Bitmap Heap Scan on sbtest1  (cost=23.33..4095.83 rows=1063 width=121)
	              Recheck Cond: ((id >= 9993428) AND (id <= 9994427))
	              ->  Bitmap Index Scan on sbtest1_pkey  (cost=0.00..23.07 rows=1063 width=0)
	                    Index Cond: ((id >= 9993428) AND (id <= 9994427))

table 2 : explain SELECT DISTINCT c FROM sbtest2 WHERE id BETWEEN 8280300 AND 8281299 ORDER BY c
	Unique  (cost=3847.82..3852.74 rows=984 width=121)
	  ->  Sort  (cost=3847.82..3850.28 rows=984 width=121)
	        Sort Key: c
	        ->  Bitmap Heap Scan on sbtest2  (cost=22.52..3798.91 rows=984 width=121)
	              Recheck Cond: ((id >= 8280300) AND (id <= 8281299))
	              ->  Bitmap Index Scan on sbtest2_pkey  (cost=0.00..22.27 rows=984 width=0)
	                    Index Cond: ((id >= 8280300) AND (id <= 8281299))

table 3 : explain SELECT DISTINCT c FROM sbtest3 WHERE id BETWEEN 2925349 AND 2926348 ORDER BY c
	Unique  (cost=4279.64..4285.12 rows=1097 width=121)
	  ->  Sort  (cost=4279.64..4282.38 rows=1097 width=121)
	        Sort Key: c
	        ->  Bitmap Heap Scan on sbtest3  (cost=27.68..4224.24 rows=1097 width=121)
	              Recheck Cond: ((id >= 2925349) AND (id <= 2926348))
	              ->  Bitmap Index Scan on sbtest3_pkey  (cost=0.00..27.40 rows=1097 width=0)
	                    Index Cond: ((id >= 2925349) AND (id <= 2926348))

table 4 : explain SELECT DISTINCT c FROM sbtest4 WHERE id BETWEEN 635491 AND 636490 ORDER BY c
	Unique  (cost=3951.62..3956.68 rows=1011 width=121)
	  ->  Sort  (cost=3951.62..3954.15 rows=1011 width=121)
	        Sort Key: c
	        ->  Bitmap Heap Scan on sbtest4  (cost=22.80..3901.16 rows=1011 width=121)
	              Recheck Cond: ((id >= 635491) AND (id <= 636490))
	              ->  Bitmap Index Scan on sbtest4_pkey  (cost=0.00..22.54 rows=1011 width=0)
	                    Index Cond: ((id >= 635491) AND (id <= 636490))

table 5 : explain SELECT DISTINCT c FROM sbtest5 WHERE id BETWEEN 4146825 AND 4147824 ORDER BY c
	Unique  (cost=3687.88..3692.59 rows=942 width=121)
	  ->  Sort  (cost=3687.88..3690.23 rows=942 width=121)
	        Sort Key: c
	        ->  Bitmap Heap Scan on sbtest5  (cost=22.09..3641.35 rows=942 width=121)
	              Recheck Cond: ((id >= 4146825) AND (id <= 4147824))
	              ->  Bitmap Index Scan on sbtest5_pkey  (cost=0.00..21.86 rows=942 width=0)
	                    Index Cond: ((id >= 4146825) AND (id <= 4147824))

table 6 : explain SELECT DISTINCT c FROM sbtest6 WHERE id BETWEEN 1845003 AND 1846002 ORDER BY c
	Unique  (cost=4052.10..4057.29 rows=1037 width=121)
	  ->  Sort  (cost=4052.10..4054.70 rows=1037 width=121)
	        Sort Key: c
	        ->  Bitmap Heap Scan on sbtest6  (cost=23.06..4000.16 rows=1037 width=121)
	              Recheck Cond: ((id >= 1845003) AND (id <= 1846002))
	              ->  Bitmap Index Scan on sbtest6_pkey  (cost=0.00..22.80 rows=1037 width=0)
	                    Index Cond: ((id >= 1845003) AND (id <= 1846002))

table 7 : explain SELECT DISTINCT c FROM sbtest7 WHERE id BETWEEN 3795363 AND 3796362 ORDER BY c
	Unique  (cost=3826.21..3831.10 rows=978 width=121)
	  ->  Sort  (cost=3826.21..3828.66 rows=978 width=121)
	        Sort Key: c
	        ->  Bitmap Heap Scan on sbtest7  (cost=22.46..3777.64 rows=978 width=121)
	              Recheck Cond: ((id >= 3795363) AND (id <= 3796362))
	              ->  Bitmap Index Scan on sbtest7_pkey  (cost=0.00..22.21 rows=978 width=0)
	                    Index Cond: ((id >= 3795363) AND (id <= 3796362))

table 8 : explain SELECT DISTINCT c FROM sbtest8 WHERE id BETWEEN 7915884 AND 7916883 ORDER BY c
	Unique  (cost=3972.65..3977.73 rows=1016 width=121)
	  ->  Sort  (cost=3972.65..3975.19 rows=1016 width=121)
	        Sort Key: c
	        ->  Bitmap Heap Scan on sbtest8  (cost=22.85..3921.90 rows=1016 width=121)
	              Recheck Cond: ((id >= 7915884) AND (id <= 7916883))
	              ->  Bitmap Index Scan on sbtest8_pkey  (cost=0.00..22.59 rows=1016 width=0)
	                    Index Cond: ((id >= 7915884) AND (id <= 7916883))

for: simple_ranges
table 1 : explain SELECT c FROM sbtest1 WHERE id BETWEEN 5815370 AND 5816369
	Bitmap Heap Scan on sbtest1  (cost=22.34..3731.00 rows=966 width=121)
	  Recheck Cond: ((id >= 5815370) AND (id <= 5816369))
	  ->  Bitmap Index Scan on sbtest1_pkey  (cost=0.00..22.09 rows=966 width=0)
	        Index Cond: ((id >= 5815370) AND (id <= 5816369))

table 2 : explain SELECT c FROM sbtest2 WHERE id BETWEEN 3444530 AND 3445529
	Bitmap Heap Scan on sbtest2  (cost=22.60..3829.03 rows=992 width=121)
	  Recheck Cond: ((id >= 3444530) AND (id <= 3445529))
	  ->  Bitmap Index Scan on sbtest2_pkey  (cost=0.00..22.36 rows=992 width=0)
	        Index Cond: ((id >= 3444530) AND (id <= 3445529))

table 3 : explain SELECT c FROM sbtest3 WHERE id BETWEEN 6301617 AND 6302616
	Bitmap Heap Scan on sbtest3  (cost=22.43..3765.36 rows=975 width=121)
	  Recheck Cond: ((id >= 6301617) AND (id <= 6302616))
	  ->  Bitmap Index Scan on sbtest3_pkey  (cost=0.00..22.18 rows=975 width=0)
	        Index Cond: ((id >= 6301617) AND (id <= 6302616))

table 4 : explain SELECT c FROM sbtest4 WHERE id BETWEEN 4660387 AND 4661386
	Bitmap Heap Scan on sbtest4  (cost=22.14..3660.08 rows=947 width=121)
	  Recheck Cond: ((id >= 4660387) AND (id <= 4661386))
	  ->  Bitmap Index Scan on sbtest4_pkey  (cost=0.00..21.90 rows=947 width=0)
	        Index Cond: ((id >= 4660387) AND (id <= 4661386))

table 5 : explain SELECT c FROM sbtest5 WHERE id BETWEEN 820633 AND 821632
	Bitmap Heap Scan on sbtest5  (cost=22.96..3961.49 rows=1027 width=121)
	  Recheck Cond: ((id >= 820633) AND (id <= 821632))
	  ->  Bitmap Index Scan on sbtest5_pkey  (cost=0.00..22.70 rows=1027 width=0)
	        Index Cond: ((id >= 820633) AND (id <= 821632))

table 6 : explain SELECT c FROM sbtest6 WHERE id BETWEEN 9833045 AND 9834044
	Bitmap Heap Scan on sbtest6  (cost=22.33..3729.03 rows=965 width=121)
	  Recheck Cond: ((id >= 9833045) AND (id <= 9834044))
	  ->  Bitmap Index Scan on sbtest6_pkey  (cost=0.00..22.08 rows=965 width=0)
	        Index Cond: ((id >= 9833045) AND (id <= 9834044))

table 7 : explain SELECT c FROM sbtest7 WHERE id BETWEEN 6985538 AND 6986537
	Bitmap Heap Scan on sbtest7  (cost=22.73..3875.57 rows=1004 width=121)
	  Recheck Cond: ((id >= 6985538) AND (id <= 6986537))
	  ->  Bitmap Index Scan on sbtest7_pkey  (cost=0.00..22.47 rows=1004 width=0)
	        Index Cond: ((id >= 6985538) AND (id <= 6986537))

table 8 : explain SELECT c FROM sbtest8 WHERE id BETWEEN 5112752 AND 5113751
	Bitmap Heap Scan on sbtest8  (cost=21.78..3529.65 rows=912 width=121)
	  Recheck Cond: ((id >= 5112752) AND (id <= 5113751))
	  ->  Bitmap Index Scan on sbtest8_pkey  (cost=0.00..21.55 rows=912 width=0)
	        Index Cond: ((id >= 5112752) AND (id <= 5113751))

for: order_ranges
table 1 : explain SELECT c FROM sbtest1 WHERE id BETWEEN 2658166 AND 2659165 ORDER BY c
	Sort  (cost=3958.50..3961.03 rows=1013 width=121)
	  Sort Key: c
	  ->  Bitmap Heap Scan on sbtest1  (cost=22.82..3907.93 rows=1013 width=121)
	        Recheck Cond: ((id >= 2658166) AND (id <= 2659165))
	        ->  Bitmap Index Scan on sbtest1_pkey  (cost=0.00..22.57 rows=1013 width=0)
	              Index Cond: ((id >= 2658166) AND (id <= 2659165))

table 2 : explain SELECT c FROM sbtest2 WHERE id BETWEEN 7723233 AND 7724232 ORDER BY c
	Sort  (cost=4031.15..4033.73 rows=1032 width=121)
	  Sort Key: c
	  ->  Bitmap Heap Scan on sbtest2  (cost=23.01..3979.49 rows=1032 width=121)
	        Recheck Cond: ((id >= 7723233) AND (id <= 7724232))
	        ->  Bitmap Index Scan on sbtest2_pkey  (cost=0.00..22.75 rows=1032 width=0)
	              Index Cond: ((id >= 7723233) AND (id <= 7724232))

table 3 : explain SELECT c FROM sbtest3 WHERE id BETWEEN 1318903 AND 1319902 ORDER BY c
	Sort  (cost=3871.11..3873.59 rows=990 width=121)
	  Sort Key: c
	  ->  Bitmap Heap Scan on sbtest3  (cost=22.58..3821.85 rows=990 width=121)
	        Recheck Cond: ((id >= 1318903) AND (id <= 1319902))
	        ->  Bitmap Index Scan on sbtest3_pkey  (cost=0.00..22.33 rows=990 width=0)
	              Index Cond: ((id >= 1318903) AND (id <= 1319902))

table 4 : explain SELECT c FROM sbtest4 WHERE id BETWEEN 5825442 AND 5826441 ORDER BY c
	Sort  (cost=4119.57..4122.21 rows=1055 width=121)
	  Sort Key: c
	  ->  Bitmap Heap Scan on sbtest4  (cost=23.25..4066.60 rows=1055 width=121)
	        Recheck Cond: ((id >= 5825442) AND (id <= 5826441))
	        ->  Bitmap Index Scan on sbtest4_pkey  (cost=0.00..22.98 rows=1055 width=0)
	              Index Cond: ((id >= 5825442) AND (id <= 5826441))

table 5 : explain SELECT c FROM sbtest5 WHERE id BETWEEN 8872703 AND 8873702 ORDER BY c
	Sort  (cost=3848.57..3851.03 rows=984 width=121)
	  Sort Key: c
	  ->  Bitmap Heap Scan on sbtest5  (cost=22.52..3799.65 rows=984 width=121)
	        Recheck Cond: ((id >= 8872703) AND (id <= 8873702))
	        ->  Bitmap Index Scan on sbtest5_pkey  (cost=0.00..22.27 rows=984 width=0)
	              Index Cond: ((id >= 8872703) AND (id <= 8873702))

table 6 : explain SELECT c FROM sbtest6 WHERE id BETWEEN 3257641 AND 3258640 ORDER BY c
	Sort  (cost=3673.49..3675.83 rows=938 width=121)
	  Sort Key: c
	  ->  Bitmap Heap Scan on sbtest6  (cost=22.05..3627.18 rows=938 width=121)
	        Recheck Cond: ((id >= 3257641) AND (id <= 3258640))
	        ->  Bitmap Index Scan on sbtest6_pkey  (cost=0.00..21.82 rows=938 width=0)
	              Index Cond: ((id >= 3257641) AND (id <= 3258640))

table 7 : explain SELECT c FROM sbtest7 WHERE id BETWEEN 5564967 AND 5565966 ORDER BY c
	Sort  (cost=3860.63..3863.10 rows=987 width=121)
	  Sort Key: c
	  ->  Bitmap Heap Scan on sbtest7  (cost=22.55..3811.55 rows=987 width=121)
	        Recheck Cond: ((id >= 5564967) AND (id <= 5565966))
	        ->  Bitmap Index Scan on sbtest7_pkey  (cost=0.00..22.30 rows=987 width=0)
	              Index Cond: ((id >= 5564967) AND (id <= 5565966))

table 8 : explain SELECT c FROM sbtest8 WHERE id BETWEEN 1193071 AND 1194070 ORDER BY c
	Sort  (cost=3984.11..3986.66 rows=1019 width=121)
	  Sort Key: c
	  ->  Bitmap Heap Scan on sbtest8  (cost=22.88..3933.20 rows=1019 width=121)
	        Recheck Cond: ((id >= 1193071) AND (id <= 1194070))
	        ->  Bitmap Index Scan on sbtest8_pkey  (cost=0.00..22.62 rows=1019 width=0)
	              Index Cond: ((id >= 1193071) AND (id <= 1194070))

for: sum_ranges
table 1 : explain SELECT SUM(k) FROM sbtest1 WHERE id BETWEEN 4572195 AND 4573194
	Aggregate  (cost=4090.97..4090.98 rows=1 width=8)
	  ->  Bitmap Heap Scan on sbtest1  (cost=23.31..4088.32 rows=1061 width=4)
	        Recheck Cond: ((id >= 4572195) AND (id <= 4573194))
	        ->  Bitmap Index Scan on sbtest1_pkey  (cost=0.00..23.04 rows=1061 width=0)
	              Index Cond: ((id >= 4572195) AND (id <= 4573194))

table 2 : explain SELECT SUM(k) FROM sbtest2 WHERE id BETWEEN 586031 AND 587030
	Aggregate  (cost=3605.26..3605.27 rows=1 width=8)
	  ->  Bitmap Heap Scan on sbtest2  (cost=21.99..3602.93 rows=932 width=4)
	        Recheck Cond: ((id >= 586031) AND (id <= 587030))
	        ->  Bitmap Index Scan on sbtest2_pkey  (cost=0.00..21.75 rows=932 width=0)
	              Index Cond: ((id >= 586031) AND (id <= 587030))

table 3 : explain SELECT SUM(k) FROM sbtest3 WHERE id BETWEEN 4920712 AND 4921711
	Aggregate  (cost=4204.22..4204.23 rows=1 width=8)
	  ->  Bitmap Heap Scan on sbtest3  (cost=23.63..4201.49 rows=1092 width=4)
	        Recheck Cond: ((id >= 4920712) AND (id <= 4921711))
	        ->  Bitmap Index Scan on sbtest3_pkey  (cost=0.00..23.36 rows=1092 width=0)
	              Index Cond: ((id >= 4920712) AND (id <= 4921711))

table 4 : explain SELECT SUM(k) FROM sbtest4 WHERE id BETWEEN 6547925 AND 6548924
	Aggregate  (cost=3530.29..3530.30 rows=1 width=8)
	  ->  Bitmap Heap Scan on sbtest4  (cost=21.78..3528.01 rows=912 width=4)
	        Recheck Cond: ((id >= 6547925) AND (id <= 6548924))
	        ->  Bitmap Index Scan on sbtest4_pkey  (cost=0.00..21.55 rows=912 width=0)
	              Index Cond: ((id >= 6547925) AND (id <= 6548924))

table 5 : explain SELECT SUM(k) FROM sbtest5 WHERE id BETWEEN 1586880 AND 1587879
	Aggregate  (cost=3643.70..3643.71 rows=1 width=8)
	  ->  Bitmap Heap Scan on sbtest5  (cost=22.09..3641.35 rows=942 width=4)
	        Recheck Cond: ((id >= 1586880) AND (id <= 1587879))
	        ->  Bitmap Index Scan on sbtest5_pkey  (cost=0.00..21.86 rows=942 width=0)
	              Index Cond: ((id >= 1586880) AND (id <= 1587879))

table 6 : explain SELECT SUM(k) FROM sbtest6 WHERE id BETWEEN 8157619 AND 8158618
	Aggregate  (cost=3663.51..3663.52 rows=1 width=8)
	  ->  Bitmap Heap Scan on sbtest6  (cost=22.14..3661.14 rows=947 width=4)
	        Recheck Cond: ((id >= 8157619) AND (id <= 8158618))
	        ->  Bitmap Index Scan on sbtest6_pkey  (cost=0.00..21.90 rows=947 width=0)
	              Index Cond: ((id >= 8157619) AND (id <= 8158618))

table 7 : explain SELECT SUM(k) FROM sbtest7 WHERE id BETWEEN 8595698 AND 8596697
	Aggregate  (cost=4145.22..4145.23 rows=1 width=8)
	  ->  Bitmap Heap Scan on sbtest7  (cost=23.45..4142.54 rows=1075 width=4)
	        Recheck Cond: ((id >= 8595698) AND (id <= 8596697))
	        ->  Bitmap Index Scan on sbtest7_pkey  (cost=0.00..23.18 rows=1075 width=0)
	              Index Cond: ((id >= 8595698) AND (id <= 8596697))

table 8 : explain SELECT SUM(k) FROM sbtest8 WHERE id BETWEEN 4761923 AND 4762922
	Aggregate  (cost=3837.76..3837.77 rows=1 width=8)
	  ->  Bitmap Heap Scan on sbtest8  (cost=22.61..3835.28 rows=993 width=4)
	        Recheck Cond: ((id >= 4761923) AND (id <= 4762922))
	        ->  Bitmap Index Scan on sbtest8_pkey  (cost=0.00..22.36 rows=993 width=0)
	              Index Cond: ((id >= 4761923) AND (id <= 4762922))

for: distinct_ranges
table 1 : explain SELECT DISTINCT c FROM sbtest1 WHERE id BETWEEN 4305609 AND 4306608 ORDER BY c
	Unique  (cost=3633.48..3638.12 rows=928 width=121)
	  ->  Sort  (cost=3633.48..3635.80 rows=928 width=121)
	        Sort Key: c
	        ->  Bitmap Heap Scan on sbtest1  (cost=21.95..3587.74 rows=928 width=121)
	              Recheck Cond: ((id >= 4305609) AND (id <= 4306608))
	              ->  Bitmap Index Scan on sbtest1_pkey  (cost=0.00..21.71 rows=928 width=0)
	                    Index Cond: ((id >= 4305609) AND (id <= 4306608))

table 2 : explain SELECT DISTINCT c FROM sbtest2 WHERE id BETWEEN 6874679 AND 6875678 ORDER BY c
	Unique  (cost=4210.38..4215.77 rows=1079 width=121)
	  ->  Sort  (cost=4210.38..4213.08 rows=1079 width=121)
	        Sort Key: c
	        ->  Bitmap Heap Scan on sbtest2  (cost=23.49..4156.02 rows=1079 width=121)
	              Recheck Cond: ((id >= 6874679) AND (id <= 6875678))
	              ->  Bitmap Index Scan on sbtest2_pkey  (cost=0.00..23.22 rows=1079 width=0)
	                    Index Cond: ((id >= 6874679) AND (id <= 6875678))

table 3 : explain SELECT DISTINCT c FROM sbtest3 WHERE id BETWEEN 8263751 AND 8264750 ORDER BY c
	Unique  (cost=4435.72..4441.41 rows=1138 width=121)
	  ->  Sort  (cost=4435.72..4438.56 rows=1138 width=121)
	        Sort Key: c
	        ->  Bitmap Heap Scan on sbtest3  (cost=28.10..4377.95 rows=1138 width=121)
	              Recheck Cond: ((id >= 8263751) AND (id <= 8264750))
	              ->  Bitmap Index Scan on sbtest3_pkey  (cost=0.00..27.82 rows=1138 width=0)
	                    Index Cond: ((id >= 8263751) AND (id <= 8264750))

table 4 : explain SELECT DISTINCT c FROM sbtest4 WHERE id BETWEEN 4233443 AND 4234442 ORDER BY c
	Unique  (cost=3706.90..3711.63 rows=947 width=121)
	  ->  Sort  (cost=3706.90..3709.27 rows=947 width=121)
	        Sort Key: c
	        ->  Bitmap Heap Scan on sbtest4  (cost=22.14..3660.08 rows=947 width=121)
	              Recheck Cond: ((id >= 4233443) AND (id <= 4234442))
	              ->  Bitmap Index Scan on sbtest4_pkey  (cost=0.00..21.90 rows=947 width=0)
	                    Index Cond: ((id >= 4233443) AND (id <= 4234442))

table 5 : explain SELECT DISTINCT c FROM sbtest5 WHERE id BETWEEN 4558612 AND 4559611 ORDER BY c
	Unique  (cost=4138.79..4144.09 rows=1060 width=121)
	  ->  Sort  (cost=4138.79..4141.44 rows=1060 width=121)
	        Sort Key: c
	        ->  Bitmap Heap Scan on sbtest5  (cost=23.30..4085.52 rows=1060 width=121)
	              Recheck Cond: ((id >= 4558612) AND (id <= 4559611))
	              ->  Bitmap Index Scan on sbtest5_pkey  (cost=0.00..23.04 rows=1060 width=0)
	                    Index Cond: ((id >= 4558612) AND (id <= 4559611))

table 6 : explain SELECT DISTINCT c FROM sbtest6 WHERE id BETWEEN 8443290 AND 8444289 ORDER BY c
	Unique  (cost=3707.96..3712.69 rows=947 width=121)
	  ->  Sort  (cost=3707.96..3710.32 rows=947 width=121)
	        Sort Key: c
	        ->  Bitmap Heap Scan on sbtest6  (cost=22.14..3661.14 rows=947 width=121)
	              Recheck Cond: ((id >= 8443290) AND (id <= 8444289))
	              ->  Bitmap Index Scan on sbtest6_pkey  (cost=0.00..21.90 rows=947 width=0)
	                    Index Cond: ((id >= 8443290) AND (id <= 8444289))

table 7 : explain SELECT DISTINCT c FROM sbtest7 WHERE id BETWEEN 1841344 AND 1842343 ORDER BY c
	Unique  (cost=3730.55..3735.32 rows=953 width=121)
	  ->  Sort  (cost=3730.55..3732.93 rows=953 width=121)
	        Sort Key: c
	        ->  Bitmap Heap Scan on sbtest7  (cost=22.20..3683.40 rows=953 width=121)
	              Recheck Cond: ((id >= 1841344) AND (id <= 1842343))
	              ->  Bitmap Index Scan on sbtest7_pkey  (cost=0.00..21.96 rows=953 width=0)
	                    Index Cond: ((id >= 1841344) AND (id <= 1842343))

table 8 : explain SELECT DISTINCT c FROM sbtest8 WHERE id BETWEEN 1149789 AND 1150788 ORDER BY c
	Unique  (cost=3854.10..3859.03 rows=985 width=121)
	  ->  Sort  (cost=3854.10..3856.57 rows=985 width=121)
	        Sort Key: c
	        ->  Bitmap Heap Scan on sbtest8  (cost=22.53..3805.13 rows=985 width=121)
	              Recheck Cond: ((id >= 1149789) AND (id <= 1150788))
	              ->  Bitmap Index Scan on sbtest8_pkey  (cost=0.00..22.29 rows=985 width=0)
	                    Index Cond: ((id >= 1149789) AND (id <= 1150788))

for: sum_ranges
table 1 : explain SELECT SUM(k) FROM sbtest1 WHERE id BETWEEN 6725716 AND 6726715
	Aggregate  (cost=3805.02..3805.03 rows=1 width=8)
	  ->  Bitmap Heap Scan on sbtest1  (cost=22.53..3802.56 rows=985 width=4)
	        Recheck Cond: ((id >= 6725716) AND (id <= 6726715))
	        ->  Bitmap Index Scan on sbtest1_pkey  (cost=0.00..22.29 rows=985 width=0)
	              Index Cond: ((id >= 6725716) AND (id <= 6726715))

table 2 : explain SELECT SUM(k) FROM sbtest2 WHERE id BETWEEN 5890159 AND 5891158
	Aggregate  (cost=3884.23..3884.24 rows=1 width=8)
	  ->  Bitmap Heap Scan on sbtest2  (cost=22.75..3881.71 rows=1006 width=4)
	        Recheck Cond: ((id >= 5890159) AND (id <= 5891158))
	        ->  Bitmap Index Scan on sbtest2_pkey  (cost=0.00..22.50 rows=1006 width=0)
	              Index Cond: ((id >= 5890159) AND (id <= 5891158))

table 3 : explain SELECT SUM(k) FROM sbtest3 WHERE id BETWEEN 912023 AND 913022
	Aggregate  (cost=4106.53..4106.54 rows=1 width=8)
	  ->  Bitmap Heap Scan on sbtest3  (cost=23.35..4103.86 rows=1065 width=4)
	        Recheck Cond: ((id >= 912023) AND (id <= 913022))
	        ->  Bitmap Index Scan on sbtest3_pkey  (cost=0.00..23.08 rows=1065 width=0)
	              Index Cond: ((id >= 912023) AND (id <= 913022))

table 4 : explain SELECT SUM(k) FROM sbtest4 WHERE id BETWEEN 4323919 AND 4324918
	Aggregate  (cost=3899.93..3899.94 rows=1 width=8)
	  ->  Bitmap Heap Scan on sbtest4  (cost=22.79..3897.40 rows=1010 width=4)
	        Recheck Cond: ((id >= 4323919) AND (id <= 4324918))
	        ->  Bitmap Index Scan on sbtest4_pkey  (cost=0.00..22.54 rows=1010 width=0)
	              Index Cond: ((id >= 4323919) AND (id <= 4324918))

table 5 : explain SELECT SUM(k) FROM sbtest5 WHERE id BETWEEN 3638112 AND 3639111
	Aggregate  (cost=4219.94..4219.95 rows=1 width=8)
	  ->  Bitmap Heap Scan on sbtest5  (cost=27.66..4217.20 rows=1095 width=4)
	        Recheck Cond: ((id >= 3638112) AND (id <= 3639111))
	        ->  Bitmap Index Scan on sbtest5_pkey  (cost=0.00..27.39 rows=1095 width=0)
	              Index Cond: ((id >= 3638112) AND (id <= 3639111))

table 6 : explain SELECT SUM(k) FROM sbtest6 WHERE id BETWEEN 1806521 AND 1807520
	Aggregate  (cost=4002.75..4002.76 rows=1 width=8)
	  ->  Bitmap Heap Scan on sbtest6  (cost=23.06..4000.16 rows=1037 width=4)
	        Recheck Cond: ((id >= 1806521) AND (id <= 1807520))
	        ->  Bitmap Index Scan on sbtest6_pkey  (cost=0.00..22.80 rows=1037 width=0)
	              Index Cond: ((id >= 1806521) AND (id <= 1807520))

table 7 : explain SELECT SUM(k) FROM sbtest7 WHERE id BETWEEN 9922683 AND 9923682
	Aggregate  (cost=3787.63..3787.64 rows=1 width=8)
	  ->  Bitmap Heap Scan on sbtest7  (cost=22.48..3785.18 rows=980 width=4)
	        Recheck Cond: ((id >= 9922683) AND (id <= 9923682))
	        ->  Bitmap Index Scan on sbtest7_pkey  (cost=0.00..22.23 rows=980 width=0)
	              Index Cond: ((id >= 9922683) AND (id <= 9923682))

table 8 : explain SELECT SUM(k) FROM sbtest8 WHERE id BETWEEN 2580738 AND 2581737
	Aggregate  (cost=3796.28..3796.29 rows=1 width=8)
	  ->  Bitmap Heap Scan on sbtest8  (cost=22.50..3793.82 rows=982 width=4)
	        Recheck Cond: ((id >= 2580738) AND (id <= 2581737))
	        ->  Bitmap Index Scan on sbtest8_pkey  (cost=0.00..22.25 rows=982 width=0)
	              Index Cond: ((id >= 2580738) AND (id <= 2581737))

for: order_ranges
table 1 : explain SELECT c FROM sbtest1 WHERE id BETWEEN 4397062 AND 4398061 ORDER BY c
	Sort  (cost=4027.21..4029.79 rows=1031 width=121)
	  Sort Key: c
	  ->  Bitmap Heap Scan on sbtest1  (cost=23.00..3975.61 rows=1031 width=121)
	        Recheck Cond: ((id >= 4397062) AND (id <= 4398061))
	        ->  Bitmap Index Scan on sbtest1_pkey  (cost=0.00..22.75 rows=1031 width=0)
	              Index Cond: ((id >= 4397062) AND (id <= 4398061))

table 2 : explain SELECT c FROM sbtest2 WHERE id BETWEEN 9309563 AND 9310562 ORDER BY c
	Sort  (cost=4271.61..4274.34 rows=1095 width=121)
	  Sort Key: c
	  ->  Bitmap Heap Scan on sbtest2  (cost=27.66..4216.33 rows=1095 width=121)
	        Recheck Cond: ((id >= 9309563) AND (id <= 9310562))
	        ->  Bitmap Index Scan on sbtest2_pkey  (cost=0.00..27.39 rows=1095 width=0)
	              Index Cond: ((id >= 9309563) AND (id <= 9310562))

table 3 : explain SELECT c FROM sbtest3 WHERE id BETWEEN 5131350 AND 5132349 ORDER BY c
	Sort  (cost=3702.82..3705.19 rows=946 width=121)
	  Sort Key: c
	  ->  Bitmap Heap Scan on sbtest3  (cost=22.13..3656.06 rows=946 width=121)
	        Recheck Cond: ((id >= 5131350) AND (id <= 5132349))
	        ->  Bitmap Index Scan on sbtest3_pkey  (cost=0.00..21.89 rows=946 width=0)
	              Index Cond: ((id >= 5131350) AND (id <= 5132349))

table 4 : explain SELECT c FROM sbtest4 WHERE id BETWEEN 8983293 AND 8984292 ORDER BY c
	Sort  (cost=3592.01..3594.30 rows=917 width=121)
	  Sort Key: c
	  ->  Bitmap Heap Scan on sbtest4  (cost=21.83..3546.89 rows=917 width=121)
	        Recheck Cond: ((id >= 8983293) AND (id <= 8984292))
	        ->  Bitmap Index Scan on sbtest4_pkey  (cost=0.00..21.61 rows=917 width=0)
	              Index Cond: ((id >= 8983293) AND (id <= 8984292))

table 5 : explain SELECT c FROM sbtest5 WHERE id BETWEEN 2415783 AND 2416782 ORDER BY c
	Sort  (cost=4256.97..4259.69 rows=1091 width=121)
	  Sort Key: c
	  ->  Bitmap Heap Scan on sbtest5  (cost=23.62..4201.92 rows=1091 width=121)
	        Recheck Cond: ((id >= 2415783) AND (id <= 2416782))
	        ->  Bitmap Index Scan on sbtest5_pkey  (cost=0.00..23.34 rows=1091 width=0)
	              Index Cond: ((id >= 2415783) AND (id <= 2416782))

table 6 : explain SELECT c FROM sbtest6 WHERE id BETWEEN 7881392 AND 7882391 ORDER BY c
	Sort  (cost=3692.64..3694.99 rows=943 width=121)
	  Sort Key: c
	  ->  Bitmap Heap Scan on sbtest6  (cost=22.10..3646.05 rows=943 width=121)
	        Recheck Cond: ((id >= 7881392) AND (id <= 7882391))
	        ->  Bitmap Index Scan on sbtest6_pkey  (cost=0.00..21.86 rows=943 width=0)
	              Index Cond: ((id >= 7881392) AND (id <= 7882391))

table 7 : explain SELECT c FROM sbtest7 WHERE id BETWEEN 3932387 AND 3933386 ORDER BY c
	Sort  (cost=3879.75..3882.23 rows=992 width=121)
	  Sort Key: c
	  ->  Bitmap Heap Scan on sbtest7  (cost=22.60..3830.38 rows=992 width=121)
	        Recheck Cond: ((id >= 3932387) AND (id <= 3933386))
	        ->  Bitmap Index Scan on sbtest7_pkey  (cost=0.00..22.36 rows=992 width=0)
	              Index Cond: ((id >= 3932387) AND (id <= 3933386))

table 8 : explain SELECT c FROM sbtest8 WHERE id BETWEEN 249549 AND 250548 ORDER BY c
	Sort  (cost=3892.36..3894.84 rows=995 width=121)
	  Sort Key: c
	  ->  Bitmap Heap Scan on sbtest8  (cost=22.63..3842.81 rows=995 width=121)
	        Recheck Cond: ((id >= 249549) AND (id <= 250548))
	        ->  Bitmap Index Scan on sbtest8_pkey  (cost=0.00..22.39 rows=995 width=0)
	              Index Cond: ((id >= 249549) AND (id <= 250548))

for: order_ranges
table 1 : explain SELECT c FROM sbtest1 WHERE id BETWEEN 4929220 AND 4930219 ORDER BY c
	Sort  (cost=4248.43..4251.16 rows=1090 width=121)
	  Sort Key: c
	  ->  Bitmap Heap Scan on sbtest1  (cost=23.61..4193.44 rows=1090 width=121)
	        Recheck Cond: ((id >= 4929220) AND (id <= 4930219))
	        ->  Bitmap Index Scan on sbtest1_pkey  (cost=0.00..23.33 rows=1090 width=0)
	              Index Cond: ((id >= 4929220) AND (id <= 4930219))

table 2 : explain SELECT c FROM sbtest2 WHERE id BETWEEN 4787525 AND 4788524 ORDER BY c
	Sort  (cost=4160.83..4163.49 rows=1066 width=121)
	  Sort Key: c
	  ->  Bitmap Heap Scan on sbtest2  (cost=23.36..4107.22 rows=1066 width=121)
	        Recheck Cond: ((id >= 4787525) AND (id <= 4788524))
	        ->  Bitmap Index Scan on sbtest2_pkey  (cost=0.00..23.09 rows=1066 width=0)
	              Index Cond: ((id >= 4787525) AND (id <= 4788524))

table 3 : explain SELECT c FROM sbtest3 WHERE id BETWEEN 7326982 AND 7327981 ORDER BY c
	Sort  (cost=3714.31..3716.68 rows=949 width=121)
	  Sort Key: c
	  ->  Bitmap Heap Scan on sbtest3  (cost=22.16..3667.38 rows=949 width=121)
	        Recheck Cond: ((id >= 7326982) AND (id <= 7327981))
	        ->  Bitmap Index Scan on sbtest3_pkey  (cost=0.00..21.93 rows=949 width=0)
	              Index Cond: ((id >= 7326982) AND (id <= 7327981))

table 4 : explain SELECT c FROM sbtest4 WHERE id BETWEEN 8921719 AND 8922718 ORDER BY c
	Sort  (cost=3592.01..3594.30 rows=917 width=121)
	  Sort Key: c
	  ->  Bitmap Heap Scan on sbtest4  (cost=21.83..3546.89 rows=917 width=121)
	        Recheck Cond: ((id >= 8921719) AND (id <= 8922718))
	        ->  Bitmap Index Scan on sbtest4_pkey  (cost=0.00..21.61 rows=917 width=0)
	              Index Cond: ((id >= 8921719) AND (id <= 8922718))

table 5 : explain SELECT c FROM sbtest5 WHERE id BETWEEN 2929049 AND 2930048 ORDER BY c
	Sort  (cost=4085.38..4088.00 rows=1046 width=121)
	  Sort Key: c
	  ->  Bitmap Heap Scan on sbtest5  (cost=23.16..4032.92 rows=1046 width=121)
	        Recheck Cond: ((id >= 2929049) AND (id <= 2930048))
	        ->  Bitmap Index Scan on sbtest5_pkey  (cost=0.00..22.89 rows=1046 width=0)
	              Index Cond: ((id >= 2929049) AND (id <= 2930048))

table 6 : explain SELECT c FROM sbtest6 WHERE id BETWEEN 88499 AND 89498 ORDER BY c
	Sort  (cost=3780.69..3783.11 rows=966 width=121)
	  Sort Key: c
	  ->  Bitmap Heap Scan on sbtest6  (cost=22.34..3732.80 rows=966 width=121)
	        Recheck Cond: ((id >= 88499) AND (id <= 89498))
	        ->  Bitmap Index Scan on sbtest6_pkey  (cost=0.00..22.09 rows=966 width=0)
	              Index Cond: ((id >= 88499) AND (id <= 89498))

table 7 : explain SELECT c FROM sbtest7 WHERE id BETWEEN 6210215 AND 6211214 ORDER BY c
	Sort  (cost=3772.65..3775.06 rows=964 width=121)
	  Sort Key: c
	  ->  Bitmap Heap Scan on sbtest7  (cost=22.32..3724.87 rows=964 width=121)
	        Recheck Cond: ((id >= 6210215) AND (id <= 6211214))
	        ->  Bitmap Index Scan on sbtest7_pkey  (cost=0.00..22.07 rows=964 width=0)
	              Index Cond: ((id >= 6210215) AND (id <= 6211214))

table 8 : explain SELECT c FROM sbtest8 WHERE id BETWEEN 2125468 AND 2126467 ORDER BY c
	Sort  (cost=4029.96..4032.54 rows=1031 width=121)
	  Sort Key: c
	  ->  Bitmap Heap Scan on sbtest8  (cost=23.00..3978.36 rows=1031 width=121)
	        Recheck Cond: ((id >= 2125468) AND (id <= 2126467))
	        ->  Bitmap Index Scan on sbtest8_pkey  (cost=0.00..22.75 rows=1031 width=0)
	              Index Cond: ((id >= 2125468) AND (id <= 2126467))

for: distinct_ranges
table 1 : explain SELECT DISTINCT c FROM sbtest1 WHERE id BETWEEN 1883135 AND 1884134 ORDER BY c
	Unique  (cost=3595.18..3599.77 rows=918 width=121)
	  ->  Sort  (cost=3595.18..3597.48 rows=918 width=121)
	        Sort Key: c
	        ->  Bitmap Heap Scan on sbtest1  (cost=21.84..3550.01 rows=918 width=121)
	              Recheck Cond: ((id >= 1883135) AND (id <= 1884134))
	              ->  Bitmap Index Scan on sbtest1_pkey  (cost=0.00..21.61 rows=918 width=0)
	                    Index Cond: ((id >= 1883135) AND (id <= 1884134))

table 2 : explain SELECT DISTINCT c FROM sbtest2 WHERE id BETWEEN 4849644 AND 4850643 ORDER BY c
	Unique  (cost=4042.60..4047.77 rows=1035 width=121)
	  ->  Sort  (cost=4042.60..4045.18 rows=1035 width=121)
	        Sort Key: c
	        ->  Bitmap Heap Scan on sbtest2  (cost=23.04..3990.77 rows=1035 width=121)
	              Recheck Cond: ((id >= 4849644) AND (id <= 4850643))
	              ->  Bitmap Index Scan on sbtest2_pkey  (cost=0.00..22.79 rows=1035 width=0)
	                    Index Cond: ((id >= 4849644) AND (id <= 4850643))

table 3 : explain SELECT DISTINCT c FROM sbtest3 WHERE id BETWEEN 8826333 AND 8827332 ORDER BY c
	Unique  (cost=3901.68..3906.67 rows=998 width=121)
	  ->  Sort  (cost=3901.68..3904.18 rows=998 width=121)
	        Sort Key: c
	        ->  Bitmap Heap Scan on sbtest3  (cost=22.66..3851.97 rows=998 width=121)
	              Recheck Cond: ((id >= 8826333) AND (id <= 8827332))
	              ->  Bitmap Index Scan on sbtest3_pkey  (cost=0.00..22.41 rows=998 width=0)
	                    Index Cond: ((id >= 8826333) AND (id <= 8827332))

table 4 : explain SELECT DISTINCT c FROM sbtest4 WHERE id BETWEEN 3453926 AND 3454925 ORDER BY c
	Unique  (cost=3553.69..3558.22 rows=907 width=121)
	  ->  Sort  (cost=3553.69..3555.95 rows=907 width=121)
	        Sort Key: c
	        ->  Bitmap Heap Scan on sbtest4  (cost=21.73..3509.13 rows=907 width=121)
	              Recheck Cond: ((id >= 3453926) AND (id <= 3454925))
	              ->  Bitmap Index Scan on sbtest4_pkey  (cost=0.00..21.50 rows=907 width=0)
	                    Index Cond: ((id >= 3453926) AND (id <= 3454925))

table 5 : explain SELECT DISTINCT c FROM sbtest5 WHERE id BETWEEN 7290204 AND 7291203 ORDER BY c
	Unique  (cost=4020.50..4025.64 rows=1029 width=121)
	  ->  Sort  (cost=4020.50..4023.07 rows=1029 width=121)
	        Sort Key: c
	        ->  Bitmap Heap Scan on sbtest5  (cost=22.98..3969.01 rows=1029 width=121)
	              Recheck Cond: ((id >= 7290204) AND (id <= 7291203))
	              ->  Bitmap Index Scan on sbtest5_pkey  (cost=0.00..22.72 rows=1029 width=0)
	                    Index Cond: ((id >= 7290204) AND (id <= 7291203))

table 6 : explain SELECT DISTINCT c FROM sbtest6 WHERE id BETWEEN 4613783 AND 4614782 ORDER BY c
	Unique  (cost=3623.68..3628.30 rows=925 width=121)
	  ->  Sort  (cost=3623.68..3625.99 rows=925 width=121)
	        Sort Key: c
	        ->  Bitmap Heap Scan on sbtest6  (cost=21.92..3578.11 rows=925 width=121)
	              Recheck Cond: ((id >= 4613783) AND (id <= 4614782))
	              ->  Bitmap Index Scan on sbtest6_pkey  (cost=0.00..21.68 rows=925 width=0)
	                    Index Cond: ((id >= 4613783) AND (id <= 4614782))

table 7 : explain SELECT DISTINCT c FROM sbtest7 WHERE id BETWEEN 9309586 AND 9310585 ORDER BY c
	Unique  (cost=3990.58..3995.68 rows=1021 width=121)
	  ->  Sort  (cost=3990.58..3993.13 rows=1021 width=121)
	        Sort Key: c
	        ->  Bitmap Heap Scan on sbtest7  (cost=22.90..3939.55 rows=1021 width=121)
	              Recheck Cond: ((id >= 9309586) AND (id <= 9310585))
	              ->  Bitmap Index Scan on sbtest7_pkey  (cost=0.00..22.64 rows=1021 width=0)
	                    Index Cond: ((id >= 9309586) AND (id <= 9310585))

table 8 : explain SELECT DISTINCT c FROM sbtest8 WHERE id BETWEEN 9886423 AND 9887422 ORDER BY c
	Unique  (cost=4228.64..4234.05 rows=1082 width=121)
	  ->  Sort  (cost=4228.64..4231.34 rows=1082 width=121)
	        Sort Key: c
	        ->  Bitmap Heap Scan on sbtest8  (cost=27.53..4174.11 rows=1082 width=121)
	              Recheck Cond: ((id >= 9886423) AND (id <= 9887422))
	              ->  Bitmap Index Scan on sbtest8_pkey  (cost=0.00..27.25 rows=1082 width=0)
	                    Index Cond: ((id >= 9886423) AND (id <= 9887422))

for: distinct_ranges
table 1 : explain SELECT DISTINCT c FROM sbtest1 WHERE id BETWEEN 6219184 AND 6220183 ORDER BY c
	Unique  (cost=3733.00..3737.77 rows=954 width=121)
	  ->  Sort  (cost=3733.00..3735.38 rows=954 width=121)
	        Sort Key: c
	        ->  Bitmap Heap Scan on sbtest1  (cost=22.21..3685.78 rows=954 width=121)
	              Recheck Cond: ((id >= 6219184) AND (id <= 6220183))
	              ->  Bitmap Index Scan on sbtest1_pkey  (cost=0.00..21.97 rows=954 width=0)
	                    Index Cond: ((id >= 6219184) AND (id <= 6220183))

table 2 : explain SELECT DISTINCT c FROM sbtest2 WHERE id BETWEEN 7010334 AND 7011333 ORDER BY c
	Unique  (cost=3901.32..3906.31 rows=998 width=121)
	  ->  Sort  (cost=3901.32..3903.82 rows=998 width=121)
	        Sort Key: c
	        ->  Bitmap Heap Scan on sbtest2  (cost=22.66..3851.61 rows=998 width=121)
	              Recheck Cond: ((id >= 7010334) AND (id <= 7011333))
	              ->  Bitmap Index Scan on sbtest2_pkey  (cost=0.00..22.41 rows=998 width=0)
	                    Index Cond: ((id >= 7010334) AND (id <= 7011333))

table 3 : explain SELECT DISTINCT c FROM sbtest3 WHERE id BETWEEN 6650680 AND 6651679 ORDER BY c
	Unique  (cost=3802.30..3807.16 rows=972 width=121)
	  ->  Sort  (cost=3802.30..3804.73 rows=972 width=121)
	        Sort Key: c
	        ->  Bitmap Heap Scan on sbtest3  (cost=22.40..3754.06 rows=972 width=121)
	              Recheck Cond: ((id >= 6650680) AND (id <= 6651679))
	              ->  Bitmap Index Scan on sbtest3_pkey  (cost=0.00..22.15 rows=972 width=0)
	                    Index Cond: ((id >= 6650680) AND (id <= 6651679))

table 4 : explain SELECT DISTINCT c FROM sbtest4 WHERE id BETWEEN 7822333 AND 7823332 ORDER BY c
	Unique  (cost=3840.79..3845.70 rows=982 width=121)
	  ->  Sort  (cost=3840.79..3843.25 rows=982 width=121)
	        Sort Key: c
	        ->  Bitmap Heap Scan on sbtest4  (cost=22.50..3791.99 rows=982 width=121)
	              Recheck Cond: ((id >= 7822333) AND (id <= 7823332))
	              ->  Bitmap Index Scan on sbtest4_pkey  (cost=0.00..22.25 rows=982 width=0)
	                    Index Cond: ((id >= 7822333) AND (id <= 7823332))

table 5 : explain SELECT DISTINCT c FROM sbtest5 WHERE id BETWEEN 3572936 AND 3573935 ORDER BY c
	Unique  (cost=4272.48..4277.96 rows=1095 width=121)
	  ->  Sort  (cost=4272.48..4275.22 rows=1095 width=121)
	        Sort Key: c
	        ->  Bitmap Heap Scan on sbtest5  (cost=27.66..4217.20 rows=1095 width=121)
	              Recheck Cond: ((id >= 3572936) AND (id <= 3573935))
	              ->  Bitmap Index Scan on sbtest5_pkey  (cost=0.00..27.39 rows=1095 width=0)
	                    Index Cond: ((id >= 3572936) AND (id <= 3573935))

table 6 : explain SELECT DISTINCT c FROM sbtest6 WHERE id BETWEEN 9563627 AND 9564626 ORDER BY c
	Unique  (cost=3707.96..3712.69 rows=947 width=121)
	  ->  Sort  (cost=3707.96..3710.32 rows=947 width=121)
	        Sort Key: c
	        ->  Bitmap Heap Scan on sbtest6  (cost=22.14..3661.14 rows=947 width=121)
	              Recheck Cond: ((id >= 9563627) AND (id <= 9564626))
	              ->  Bitmap Index Scan on sbtest6_pkey  (cost=0.00..21.90 rows=947 width=0)
	                    Index Cond: ((id >= 9563627) AND (id <= 9564626))

table 7 : explain SELECT DISTINCT c FROM sbtest7 WHERE id BETWEEN 5175984 AND 5176983 ORDER BY c
	Unique  (cost=3933.27..3938.30 rows=1006 width=121)
	  ->  Sort  (cost=3933.27..3935.78 rows=1006 width=121)
	        Sort Key: c
	        ->  Bitmap Heap Scan on sbtest7  (cost=22.75..3883.09 rows=1006 width=121)
	              Recheck Cond: ((id >= 5175984) AND (id <= 5176983))
	              ->  Bitmap Index Scan on sbtest7_pkey  (cost=0.00..22.50 rows=1006 width=0)
	                    Index Cond: ((id >= 5175984) AND (id <= 5176983))

table 8 : explain SELECT DISTINCT c FROM sbtest8 WHERE id BETWEEN 9424857 AND 9425856 ORDER BY c
	Unique  (cost=4052.88..4058.07 rows=1037 width=121)
	  ->  Sort  (cost=4052.88..4055.47 rows=1037 width=121)
	        Sort Key: c
	        ->  Bitmap Heap Scan on sbtest8  (cost=23.06..4000.94 rows=1037 width=121)
	              Recheck Cond: ((id >= 9424857) AND (id <= 9425856))
	              ->  Bitmap Index Scan on sbtest8_pkey  (cost=0.00..22.80 rows=1037 width=0)
	                    Index Cond: ((id >= 9424857) AND (id <= 9425856))

Threads started!

Warming up for 5 seconds...

SQL statistics:
    queries performed:
        read:                            125873919
        write:                           0
        other:                           22886186
        total:                           148760105
    transactions:                        11443113 (18163.21 per sec.)
    queries:                             148760105 (236121.14 per sec.)
    ignored errors:                      0      (0.00 per sec.)
    reconnects:                          0      (0.00 per sec.)

Throughput:
    events/s (eps):                      18163.2087
    time elapsed:                        630.0164s
    total number of events:              11443113

Latency (ms):
         min:                                    0.50
         avg:                                    2.20
         max:                                   16.30
         95th percentile:                        2.35
         sum:                             25187204.69

Threads fairness:
    events (avg/stddev):           286077.6500/1174.05
    execution time (avg/stddev):   629.6801/0.01

