LUA_PATH=/home/mdcallag/git/mytools/bench/sysbench.lua/lua/?.lua /home/mdcallag/git/mytools/bench/sysbench.lua/lua/sysbench --db-driver=pgsql --range-size=10 --table-size=10000000 --tables=8 --threads=40 --events=0 --warmup-time=5 --time=930 --pgsql_conn_id=true /home/mdcallag/git/mytools/bench/sysbench.lua/lua/oltp_read_write.lua run --pgsql-user=root --pgsql-password=pw --pgsql-host=127.0.0.1 --pgsql-db=ib --rand-type=uniform
48 CPUs
sysbench 1.1.0-9072687 (using bundled LuaJIT 2.1.0-beta3)

Running the test with following options:
Number of threads: 40
Warmup time: 5s
Initializing random number generator from current time


Initializing worker threads...

explain: for point_selects :: explain SELECT c FROM sbtest%u WHERE id=%u
explain: for point_selects :: explain SELECT c FROM sbtest%u WHERE id=%u
for point_selects
table 1 : explain SELECT c FROM sbtest1 WHERE id=3368636
	Index Scan using sbtest1_pkey on sbtest1  (cost=0.43..8.45 rows=1 width=121)
	  Index Cond: (id = 3368636)

table 2 : explain SELECT c FROM sbtest2 WHERE id=5582834
	Index Scan using sbtest2_pkey on sbtest2  (cost=0.43..8.45 rows=1 width=121)
	  Index Cond: (id = 5582834)

table 3 : explain SELECT c FROM sbtest3 WHERE id=5608501
	Index Scan using sbtest3_pkey on sbtest3  (cost=0.43..8.45 rows=1 width=121)
	  Index Cond: (id = 5608501)

table 4 : explain SELECT c FROM sbtest4 WHERE id=1205842
	Index Scan using sbtest4_pkey on sbtest4  (cost=0.43..8.45 rows=1 width=121)
	  Index Cond: (id = 1205842)

table 5 : explain SELECT c FROM sbtest5 WHERE id=276525
	Index Scan using sbtest5_pkey on sbtest5  (cost=0.43..8.45 rows=1 width=121)
	  Index Cond: (id = 276525)

table 6 : explain SELECT c FROM sbtest6 WHERE id=6329838
	Index Scan using sbtest6_pkey on sbtest6  (cost=0.43..8.45 rows=1 width=121)
	  Index Cond: (id = 6329838)

table 7 : explain SELECT c FROM sbtest7 WHERE id=1533900
	Index Scan using sbtest7_pkey on sbtest7  (cost=0.43..8.45 rows=1 width=121)
	  Index Cond: (id = 1533900)

table 8 : explain SELECT c FROM sbtest8 WHERE id=5566411
	Index Scan using sbtest8_pkey on sbtest8  (cost=0.43..8.45 rows=1 width=121)
	  Index Cond: (id = 5566411)

explain: for point_selects :: explain SELECT c FROM sbtest%u WHERE id=%u
explain: for point_selects :: explain SELECT c FROM sbtest%u WHERE id=%u
explain: for point_selects :: explain SELECT c FROM sbtest%u WHERE id=%u
explain: for point_selects :: explain SELECT c FROM sbtest%u WHERE id=%u
for point_selects
table 1 : explain SELECT c FROM sbtest1 WHERE id=233873
	Index Scan using sbtest1_pkey on sbtest1  (cost=0.43..8.45 rows=1 width=121)
	  Index Cond: (id = 233873)

table 2 : explain SELECT c FROM sbtest2 WHERE id=6857476
	Index Scan using sbtest2_pkey on sbtest2  (cost=0.43..8.45 rows=1 width=121)
	  Index Cond: (id = 6857476)

table 3 : explain SELECT c FROM sbtest3 WHERE id=7497861
	Index Scan using sbtest3_pkey on sbtest3  (cost=0.43..8.45 rows=1 width=121)
	  Index Cond: (id = 7497861)

table 4 : explain SELECT c FROM sbtest4 WHERE id=8546750
	Index Scan using sbtest4_pkey on sbtest4  (cost=0.43..8.45 rows=1 width=121)
	  Index Cond: (id = 8546750)

table 5 : explain SELECT c FROM sbtest5 WHERE id=2778659
	Index Scan using sbtest5_pkey on sbtest5  (cost=0.43..8.45 rows=1 width=121)
	  Index Cond: (id = 2778659)

table 6 : explain SELECT c FROM sbtest6 WHERE id=718523
	Index Scan using sbtest6_pkey on sbtest6  (cost=0.43..8.45 rows=1 width=121)
	  Index Cond: (id = 718523)

table 7 : explain SELECT c FROM sbtest7 WHERE id=3079164
	Index Scan using sbtest7_pkey on sbtest7  (cost=0.43..8.45 rows=1 width=121)
	  Index Cond: (id = 3079164)

table 8 : explain SELECT c FROM sbtest8 WHERE id=5301701
	Index Scan using sbtest8_pkey on sbtest8  (cost=0.43..8.45 rows=1 width=121)
	  Index Cond: (id = 5301701)

explain: for point_selects :: explain SELECT c FROM sbtest%u WHERE id=%u
for point_selects
table 1 : explain SELECT c FROM sbtest1 WHERE id=9003668
	Index Scan using sbtest1_pkey on sbtest1  (cost=0.43..8.45 rows=1 width=121)
	  Index Cond: (id = 9003668)

table 2 : explain SELECT c FROM sbtest2 WHERE id=4983129
	Index Scan using sbtest2_pkey on sbtest2  (cost=0.43..8.45 rows=1 width=121)
	  Index Cond: (id = 4983129)

table 3 : explain SELECT c FROM sbtest3 WHERE id=7959089
	Index Scan using sbtest3_pkey on sbtest3  (cost=0.43..8.45 rows=1 width=121)
	  Index Cond: (id = 7959089)

table 4 : explain SELECT c FROM sbtest4 WHERE id=7605503
	Index Scan using sbtest4_pkey on sbtest4  (cost=0.43..8.45 rows=1 width=121)
	  Index Cond: (id = 7605503)

table 5 : explain SELECT c FROM sbtest5 WHERE id=4591059
	Index Scan using sbtest5_pkey on sbtest5  (cost=0.43..8.45 rows=1 width=121)
	  Index Cond: (id = 4591059)

table 6 : explain SELECT c FROM sbtest6 WHERE id=4367835
	Index Scan using sbtest6_pkey on sbtest6  (cost=0.43..8.45 rows=1 width=121)
	  Index Cond: (id = 4367835)

table 7 : explain SELECT c FROM sbtest7 WHERE id=6410311
	Index Scan using sbtest7_pkey on sbtest7  (cost=0.43..8.45 rows=1 width=121)
	  Index Cond: (id = 6410311)

table 8 : explain SELECT c FROM sbtest8 WHERE id=2679104
	Index Scan using sbtest8_pkey on sbtest8  (cost=0.43..8.45 rows=1 width=121)
	  Index Cond: (id = 2679104)

explain: for point_selects :: explain SELECT c FROM sbtest%u WHERE id=%u
explain: for point_selects :: explain SELECT c FROM sbtest%u WHERE id=%u
for: simple_ranges
table 1 : explain SELECT c FROM sbtest1 WHERE id BETWEEN 3548373 AND 3548382
	Index Scan using sbtest1_pkey on sbtest1  (cost=0.43..40.75 rows=10 width=121)
	  Index Cond: ((id >= 3548373) AND (id <= 3548382))

table 2 : explain SELECT c FROM sbtest2 WHERE id BETWEEN 243080 AND 243089
	Index Scan using sbtest2_pkey on sbtest2  (cost=0.43..40.59 rows=10 width=121)
	  Index Cond: ((id >= 243080) AND (id <= 243089))

table 3 : explain SELECT c FROM sbtest3 WHERE id BETWEEN 5320029 AND 5320038
	Index Scan using sbtest3_pkey on sbtest3  (cost=0.43..43.94 rows=11 width=121)
	  Index Cond: ((id >= 5320029) AND (id <= 5320038))

table 4 : explain SELECT c FROM sbtest4 WHERE id BETWEEN 3878114 AND 3878123
	Index Scan using sbtest4_pkey on sbtest4  (cost=0.43..40.25 rows=10 width=121)
	  Index Cond: ((id >= 3878114) AND (id <= 3878123))

table 5 : explain SELECT c FROM sbtest5 WHERE id BETWEEN 456531 AND 456540
	Index Scan using sbtest5_pkey on sbtest5  (cost=0.43..43.93 rows=11 width=121)
	  Index Cond: ((id >= 456531) AND (id <= 456540))

table 6 : explain SELECT c FROM sbtest6 WHERE id BETWEEN 5836423 AND 5836432
	Index Scan using sbtest6_pkey on sbtest6  (cost=0.43..40.73 rows=10 width=121)
	  Index Cond: ((id >= 5836423) AND (id <= 5836432))

table 7 : explain SELECT c FROM sbtest7 WHERE id BETWEEN 8340467 AND 8340476
	Index Scan using sbtest7_pkey on sbtest7  (cost=0.43..43.54 rows=11 width=121)
	  Index Cond: ((id >= 8340467) AND (id <= 8340476))

table 8 : explain SELECT c FROM sbtest8 WHERE id BETWEEN 9148612 AND 9148621
	Index Scan using sbtest8_pkey on sbtest8  (cost=0.43..40.46 rows=10 width=121)
	  Index Cond: ((id >= 9148612) AND (id <= 9148621))

explain: for point_selects :: explain SELECT c FROM sbtest%u WHERE id=%u
for: simple_ranges
table 1 : explain SELECT c FROM sbtest1 WHERE id BETWEEN 1305673 AND 1305682
	Index Scan using sbtest1_pkey on sbtest1  (cost=0.43..40.75 rows=10 width=121)
	  Index Cond: ((id >= 1305673) AND (id <= 1305682))

table 2 : explain SELECT c FROM sbtest2 WHERE id BETWEEN 6332999 AND 6333008
	Index Scan using sbtest2_pkey on sbtest2  (cost=0.43..40.59 rows=10 width=121)
	  Index Cond: ((id >= 6332999) AND (id <= 6333008))

table 3 : explain SELECT c FROM sbtest3 WHERE id BETWEEN 8283087 AND 8283096
	Index Scan using sbtest3_pkey on sbtest3  (cost=0.43..36.84 rows=9 width=121)
	  Index Cond: ((id >= 8283087) AND (id <= 8283096))

table 4 : explain SELECT c FROM sbtest4 WHERE id BETWEEN 6114843 AND 6114852
	Index Scan using sbtest4_pkey on sbtest4  (cost=0.43..40.25 rows=10 width=121)
	  Index Cond: ((id >= 6114843) AND (id <= 6114852))

table 5 : explain SELECT c FROM sbtest5 WHERE id BETWEEN 9451650 AND 9451659
	Index Scan using sbtest5_pkey on sbtest5  (cost=0.43..40.38 rows=10 width=121)
	  Index Cond: ((id >= 9451650) AND (id <= 9451659))

table 6 : explain SELECT c FROM sbtest6 WHERE id BETWEEN 8686726 AND 8686735
	Index Scan using sbtest6_pkey on sbtest6  (cost=0.43..40.73 rows=10 width=121)
	  Index Cond: ((id >= 8686726) AND (id <= 8686735))

table 7 : explain SELECT c FROM sbtest7 WHERE id BETWEEN 1634082 AND 1634091
	Index Scan using sbtest7_pkey on sbtest7  (cost=0.43..43.54 rows=11 width=121)
	  Index Cond: ((id >= 1634082) AND (id <= 1634091))

table 8 : explain SELECT c FROM sbtest8 WHERE id BETWEEN 2693615 AND 2693624
	Index Scan using sbtest8_pkey on sbtest8  (cost=0.43..40.46 rows=10 width=121)
	  Index Cond: ((id >= 2693615) AND (id <= 2693624))

for: simple_ranges
table 1 : explain SELECT c FROM sbtest1 WHERE id BETWEEN 9954398 AND 9954407
	Index Scan using sbtest1_pkey on sbtest1  (cost=0.43..40.75 rows=10 width=121)
	  Index Cond: ((id >= 9954398) AND (id <= 9954407))

table 2 : explain SELECT c FROM sbtest2 WHERE id BETWEEN 9015159 AND 9015168
	Index Scan using sbtest2_pkey on sbtest2  (cost=0.43..40.59 rows=10 width=121)
	  Index Cond: ((id >= 9015159) AND (id <= 9015168))

table 3 : explain SELECT c FROM sbtest3 WHERE id BETWEEN 8735991 AND 8736000
	Index Scan using sbtest3_pkey on sbtest3  (cost=0.43..36.84 rows=9 width=121)
	  Index Cond: ((id >= 8735991) AND (id <= 8736000))

table 4 : explain SELECT c FROM sbtest4 WHERE id BETWEEN 4661373 AND 4661382
	Index Scan using sbtest4_pkey on sbtest4  (cost=0.43..40.25 rows=10 width=121)
	  Index Cond: ((id >= 4661373) AND (id <= 4661382))

table 5 : explain SELECT c FROM sbtest5 WHERE id BETWEEN 9256913 AND 9256922
	Index Scan using sbtest5_pkey on sbtest5  (cost=0.43..43.93 rows=11 width=121)
	  Index Cond: ((id >= 9256913) AND (id <= 9256922))

table 6 : explain SELECT c FROM sbtest6 WHERE id BETWEEN 361007 AND 361016
	Index Scan using sbtest6_pkey on sbtest6  (cost=0.43..44.31 rows=11 width=121)
	  Index Cond: ((id >= 361007) AND (id <= 361016))

table 7 : explain SELECT c FROM sbtest7 WHERE id BETWEEN 1854165 AND 1854174
	Index Scan using sbtest7_pkey on sbtest7  (cost=0.43..40.03 rows=10 width=121)
	  Index Cond: ((id >= 1854165) AND (id <= 1854174))

table 8 : explain SELECT c FROM sbtest8 WHERE id BETWEEN 6031654 AND 6031663
	Index Scan using sbtest8_pkey on sbtest8  (cost=0.43..40.46 rows=10 width=121)
	  Index Cond: ((id >= 6031654) AND (id <= 6031663))

for point_selects
table 1 : explain SELECT c FROM sbtest1 WHERE id=6565197
	Index Scan using sbtest1_pkey on sbtest1  (cost=0.43..8.45 rows=1 width=121)
	  Index Cond: (id = 6565197)

table 2 : explain SELECT c FROM sbtest2 WHERE id=2469699
	Index Scan using sbtest2_pkey on sbtest2  (cost=0.43..8.45 rows=1 width=121)
	  Index Cond: (id = 2469699)

table 3 : explain SELECT c FROM sbtest3 WHERE id=3492504
	Index Scan using sbtest3_pkey on sbtest3  (cost=0.43..8.45 rows=1 width=121)
	  Index Cond: (id = 3492504)

table 4 : explain SELECT c FROM sbtest4 WHERE id=1006540
	Index Scan using sbtest4_pkey on sbtest4  (cost=0.43..8.45 rows=1 width=121)
	  Index Cond: (id = 1006540)

table 5 : explain SELECT c FROM sbtest5 WHERE id=6323841
	Index Scan using sbtest5_pkey on sbtest5  (cost=0.43..8.45 rows=1 width=121)
	  Index Cond: (id = 6323841)

table 6 : explain SELECT c FROM sbtest6 WHERE id=2272309
	Index Scan using sbtest6_pkey on sbtest6  (cost=0.43..8.45 rows=1 width=121)
	  Index Cond: (id = 2272309)

table 7 : explain SELECT c FROM sbtest7 WHERE id=1909912
	Index Scan using sbtest7_pkey on sbtest7  (cost=0.43..8.45 rows=1 width=121)
	  Index Cond: (id = 1909912)

table 8 : explain SELECT c FROM sbtest8 WHERE id=6202397
	Index Scan using sbtest8_pkey on sbtest8  (cost=0.43..8.45 rows=1 width=121)
	  Index Cond: (id = 6202397)

for: sum_ranges
table 1 : explain SELECT SUM(k) FROM sbtest1 WHERE id BETWEEN 1279651 AND 1279660
	Aggregate  (cost=40.77..40.78 rows=1 width=8)
	  ->  Index Scan using sbtest1_pkey on sbtest1  (cost=0.43..40.75 rows=10 width=4)
	        Index Cond: ((id >= 1279651) AND (id <= 1279660))

table 2 : explain SELECT SUM(k) FROM sbtest2 WHERE id BETWEEN 8991600 AND 8991609
	Aggregate  (cost=44.19..44.20 rows=1 width=8)
	  ->  Index Scan using sbtest2_pkey on sbtest2  (cost=0.43..44.16 rows=11 width=4)
	        Index Cond: ((id >= 8991600) AND (id <= 8991609))

table 3 : explain SELECT SUM(k) FROM sbtest3 WHERE id BETWEEN 7737225 AND 7737234
	Aggregate  (cost=43.97..43.98 rows=1 width=8)
	  ->  Index Scan using sbtest3_pkey on sbtest3  (cost=0.43..43.94 rows=11 width=4)
	        Index Cond: ((id >= 7737225) AND (id <= 7737234))

table 4 : explain SELECT SUM(k) FROM sbtest4 WHERE id BETWEEN 3500728 AND 3500737
	Aggregate  (cost=43.81..43.82 rows=1 width=8)
	  ->  Index Scan using sbtest4_pkey on sbtest4  (cost=0.43..43.78 rows=11 width=4)
	        Index Cond: ((id >= 3500728) AND (id <= 3500737))

table 5 : explain SELECT SUM(k) FROM sbtest5 WHERE id BETWEEN 184694 AND 184703
	Aggregate  (cost=36.85..36.86 rows=1 width=8)
	  ->  Index Scan using sbtest5_pkey on sbtest5  (cost=0.43..36.83 rows=9 width=4)
	        Index Cond: ((id >= 184694) AND (id <= 184703))

table 6 : explain SELECT SUM(k) FROM sbtest6 WHERE id BETWEEN 1487831 AND 1487840
	Aggregate  (cost=40.75..40.76 rows=1 width=8)
	  ->  Index Scan using sbtest6_pkey on sbtest6  (cost=0.43..40.73 rows=10 width=4)
	        Index Cond: ((id >= 1487831) AND (id <= 1487840))

table 7 : explain SELECT SUM(k) FROM sbtest7 WHERE id BETWEEN 9899388 AND 9899397
	Aggregate  (cost=43.57..43.58 rows=1 width=8)
	  ->  Index Scan using sbtest7_pkey on sbtest7  (cost=0.43..43.54 rows=11 width=4)
	        Index Cond: ((id >= 9899388) AND (id <= 9899397))

table 8 : explain SELECT SUM(k) FROM sbtest8 WHERE id BETWEEN 243619 AND 243628
	Aggregate  (cost=40.49..40.50 rows=1 width=8)
	  ->  Index Scan using sbtest8_pkey on sbtest8  (cost=0.43..40.46 rows=10 width=4)
	        Index Cond: ((id >= 243619) AND (id <= 243628))

for point_selects
table 1 : explain SELECT c FROM sbtest1 WHERE id=5390297
	Index Scan using sbtest1_pkey on sbtest1  (cost=0.43..8.45 rows=1 width=121)
	  Index Cond: (id = 5390297)

table 2 : explain SELECT c FROM sbtest2 WHERE id=8164087
	Index Scan using sbtest2_pkey on sbtest2  (cost=0.43..8.45 rows=1 width=121)
	  Index Cond: (id = 8164087)

table 3 : explain SELECT c FROM sbtest3 WHERE id=238189
	Index Scan using sbtest3_pkey on sbtest3  (cost=0.43..8.45 rows=1 width=121)
	  Index Cond: (id = 238189)

table 4 : explain SELECT c FROM sbtest4 WHERE id=6099953
	Index Scan using sbtest4_pkey on sbtest4  (cost=0.43..8.45 rows=1 width=121)
	  Index Cond: (id = 6099953)

table 5 : explain SELECT c FROM sbtest5 WHERE id=882925
	Index Scan using sbtest5_pkey on sbtest5  (cost=0.43..8.45 rows=1 width=121)
	  Index Cond: (id = 882925)

table 6 : explain SELECT c FROM sbtest6 WHERE id=3391191
	Index Scan using sbtest6_pkey on sbtest6  (cost=0.43..8.45 rows=1 width=121)
	  Index Cond: (id = 3391191)

table 7 : explain SELECT c FROM sbtest7 WHERE id=6718021
	Index Scan using sbtest7_pkey on sbtest7  (cost=0.43..8.45 rows=1 width=121)
	  Index Cond: (id = 6718021)

table 8 : explain SELECT c FROM sbtest8 WHERE id=9009218
	Index Scan using sbtest8_pkey on sbtest8  (cost=0.43..8.45 rows=1 width=121)
	  Index Cond: (id = 9009218)

for point_selects
table 1 : explain SELECT c FROM sbtest1 WHERE id=8838384
	Index Scan using sbtest1_pkey on sbtest1  (cost=0.43..8.45 rows=1 width=121)
	  Index Cond: (id = 8838384)

table 2 : explain SELECT c FROM sbtest2 WHERE id=9415054
	Index Scan using sbtest2_pkey on sbtest2  (cost=0.43..8.45 rows=1 width=121)
	  Index Cond: (id = 9415054)

table 3 : explain SELECT c FROM sbtest3 WHERE id=8990113
	Index Scan using sbtest3_pkey on sbtest3  (cost=0.43..8.45 rows=1 width=121)
	  Index Cond: (id = 8990113)

table 4 : explain SELECT c FROM sbtest4 WHERE id=3823686
	Index Scan using sbtest4_pkey on sbtest4  (cost=0.43..8.45 rows=1 width=121)
	  Index Cond: (id = 3823686)

table 5 : explain SELECT c FROM sbtest5 WHERE id=1525563
	Index Scan using sbtest5_pkey on sbtest5  (cost=0.43..8.45 rows=1 width=121)
	  Index Cond: (id = 1525563)

table 6 : explain SELECT c FROM sbtest6 WHERE id=2169776
	Index Scan using sbtest6_pkey on sbtest6  (cost=0.43..8.45 rows=1 width=121)
	  Index Cond: (id = 2169776)

table 7 : explain SELECT c FROM sbtest7 WHERE id=8692672
	Index Scan using sbtest7_pkey on sbtest7  (cost=0.43..8.45 rows=1 width=121)
	  Index Cond: (id = 8692672)

table 8 : explain SELECT c FROM sbtest8 WHERE id=6203000
	Index Scan using sbtest8_pkey on sbtest8  (cost=0.43..8.45 rows=1 width=121)
	  Index Cond: (id = 6203000)

explain: for point_selects :: explain SELECT c FROM sbtest%u WHERE id=%u
explain: for point_selects :: explain SELECT c FROM sbtest%u WHERE id=%u
for point_selects
table 1 : explain SELECT c FROM sbtest1 WHERE id=6628281
	Index Scan using sbtest1_pkey on sbtest1  (cost=0.43..8.45 rows=1 width=121)
	  Index Cond: (id = 6628281)

table 2 : explain SELECT c FROM sbtest2 WHERE id=2330268
	Index Scan using sbtest2_pkey on sbtest2  (cost=0.43..8.45 rows=1 width=121)
	  Index Cond: (id = 2330268)

table 3 : explain SELECT c FROM sbtest3 WHERE id=8190792
	Index Scan using sbtest3_pkey on sbtest3  (cost=0.43..8.45 rows=1 width=121)
	  Index Cond: (id = 8190792)

table 4 : explain SELECT c FROM sbtest4 WHERE id=5502850
	Index Scan using sbtest4_pkey on sbtest4  (cost=0.43..8.45 rows=1 width=121)
	  Index Cond: (id = 5502850)

table 5 : explain SELECT c FROM sbtest5 WHERE id=4915731
	Index Scan using sbtest5_pkey on sbtest5  (cost=0.43..8.45 rows=1 width=121)
	  Index Cond: (id = 4915731)

table 6 : explain SELECT c FROM sbtest6 WHERE id=4357064
	Index Scan using sbtest6_pkey on sbtest6  (cost=0.43..8.45 rows=1 width=121)
	  Index Cond: (id = 4357064)

table 7 : explain SELECT c FROM sbtest7 WHERE id=7469496
	Index Scan using sbtest7_pkey on sbtest7  (cost=0.43..8.45 rows=1 width=121)
	  Index Cond: (id = 7469496)

table 8 : explain SELECT c FROM sbtest8 WHERE id=6201284
	Index Scan using sbtest8_pkey on sbtest8  (cost=0.43..8.45 rows=1 width=121)
	  Index Cond: (id = 6201284)

for point_selects
table 1 : explain SELECT c FROM sbtest1 WHERE id=8987730
	Index Scan using sbtest1_pkey on sbtest1  (cost=0.43..8.45 rows=1 width=121)
	  Index Cond: (id = 8987730)

table 2 : explain SELECT c FROM sbtest2 WHERE id=3743378
	Index Scan using sbtest2_pkey on sbtest2  (cost=0.43..8.45 rows=1 width=121)
	  Index Cond: (id = 3743378)

table 3 : explain SELECT c FROM sbtest3 WHERE id=9002158
	Index Scan using sbtest3_pkey on sbtest3  (cost=0.43..8.45 rows=1 width=121)
	  Index Cond: (id = 9002158)

table 4 : explain SELECT c FROM sbtest4 WHERE id=4472407
	Index Scan using sbtest4_pkey on sbtest4  (cost=0.43..8.45 rows=1 width=121)
	  Index Cond: (id = 4472407)

table 5 : explain SELECT c FROM sbtest5 WHERE id=3915028
	Index Scan using sbtest5_pkey on sbtest5  (cost=0.43..8.45 rows=1 width=121)
	  Index Cond: (id = 3915028)

table 6 : explain SELECT c FROM sbtest6 WHERE id=8267881
	Index Scan using sbtest6_pkey on sbtest6  (cost=0.43..8.45 rows=1 width=121)
	  Index Cond: (id = 8267881)

table 7 : explain SELECT c FROM sbtest7 WHERE id=7785379
	Index Scan using sbtest7_pkey on sbtest7  (cost=0.43..8.45 rows=1 width=121)
	  Index Cond: (id = 7785379)

table 8 : explain SELECT c FROM sbtest8 WHERE id=5797169
	Index Scan using sbtest8_pkey on sbtest8  (cost=0.43..8.45 rows=1 width=121)
	  Index Cond: (id = 5797169)

for: simple_ranges
table 1 : explain SELECT c FROM sbtest1 WHERE id BETWEEN 3662849 AND 3662858
	Index Scan using sbtest1_pkey on sbtest1  (cost=0.43..40.75 rows=10 width=121)
	  Index Cond: ((id >= 3662849) AND (id <= 3662858))

table 2 : explain SELECT c FROM sbtest2 WHERE id BETWEEN 7441874 AND 7441883
	Index Scan using sbtest2_pkey on sbtest2  (cost=0.43..37.02 rows=9 width=121)
	  Index Cond: ((id >= 7441874) AND (id <= 7441883))

table 3 : explain SELECT c FROM sbtest3 WHERE id BETWEEN 6135946 AND 6135955
	Index Scan using sbtest3_pkey on sbtest3  (cost=0.43..40.39 rows=10 width=121)
	  Index Cond: ((id >= 6135946) AND (id <= 6135955))

table 4 : explain SELECT c FROM sbtest4 WHERE id BETWEEN 4968522 AND 4968531
	Index Scan using sbtest4_pkey on sbtest4  (cost=0.43..43.78 rows=11 width=121)
	  Index Cond: ((id >= 4968522) AND (id <= 4968531))

table 5 : explain SELECT c FROM sbtest5 WHERE id BETWEEN 3386089 AND 3386098
	Index Scan using sbtest5_pkey on sbtest5  (cost=0.43..40.38 rows=10 width=121)
	  Index Cond: ((id >= 3386089) AND (id <= 3386098))

table 6 : explain SELECT c FROM sbtest6 WHERE id BETWEEN 4617504 AND 4617513
	Index Scan using sbtest6_pkey on sbtest6  (cost=0.43..37.14 rows=9 width=121)
	  Index Cond: ((id >= 4617504) AND (id <= 4617513))

table 7 : explain SELECT c FROM sbtest7 WHERE id BETWEEN 8156458 AND 8156467
	Index Scan using sbtest7_pkey on sbtest7  (cost=0.43..40.03 rows=10 width=121)
	  Index Cond: ((id >= 8156458) AND (id <= 8156467))

table 8 : explain SELECT c FROM sbtest8 WHERE id BETWEEN 5272033 AND 5272042
	Index Scan using sbtest8_pkey on sbtest8  (cost=0.43..40.46 rows=10 width=121)
	  Index Cond: ((id >= 5272033) AND (id <= 5272042))

explain: for point_selects :: explain SELECT c FROM sbtest%u WHERE id=%u
for: simple_ranges
table 1 : explain SELECT c FROM sbtest1 WHERE id BETWEEN 1876793 AND 1876802
	Index Scan using sbtest1_pkey on sbtest1  (cost=0.43..37.16 rows=9 width=121)
	  Index Cond: ((id >= 1876793) AND (id <= 1876802))

table 2 : explain SELECT c FROM sbtest2 WHERE id BETWEEN 2904840 AND 2904849
	Index Scan using sbtest2_pkey on sbtest2  (cost=0.43..40.59 rows=10 width=121)
	  Index Cond: ((id >= 2904840) AND (id <= 2904849))

table 3 : explain SELECT c FROM sbtest3 WHERE id BETWEEN 9098783 AND 9098792
	Index Scan using sbtest3_pkey on sbtest3  (cost=0.43..40.39 rows=10 width=121)
	  Index Cond: ((id >= 9098783) AND (id <= 9098792))

table 4 : explain SELECT c FROM sbtest4 WHERE id BETWEEN 808973 AND 808982
	Index Scan using sbtest4_pkey on sbtest4  (cost=0.43..40.25 rows=10 width=121)
	  Index Cond: ((id >= 808973) AND (id <= 808982))

table 5 : explain SELECT c FROM sbtest5 WHERE id BETWEEN 6875341 AND 6875350
	Index Scan using sbtest5_pkey on sbtest5  (cost=0.43..43.93 rows=11 width=121)
	  Index Cond: ((id >= 6875341) AND (id <= 6875350))

table 6 : explain SELECT c FROM sbtest6 WHERE id BETWEEN 8263457 AND 8263466
	Index Scan using sbtest6_pkey on sbtest6  (cost=0.43..37.14 rows=9 width=121)
	  Index Cond: ((id >= 8263457) AND (id <= 8263466))

table 7 : explain SELECT c FROM sbtest7 WHERE id BETWEEN 1784608 AND 1784617
	Index Scan using sbtest7_pkey on sbtest7  (cost=0.43..36.52 rows=9 width=121)
	  Index Cond: ((id >= 1784608) AND (id <= 1784617))

table 8 : explain SELECT c FROM sbtest8 WHERE id BETWEEN 7333716 AND 7333725
	Index Scan using sbtest8_pkey on sbtest8  (cost=0.43..36.91 rows=9 width=121)
	  Index Cond: ((id >= 7333716) AND (id <= 7333725))

for point_selects
table 1 : explain SELECT c FROM sbtest1 WHERE id=3649967
	Index Scan using sbtest1_pkey on sbtest1  (cost=0.43..8.45 rows=1 width=121)
	  Index Cond: (id = 3649967)

table 2 : explain SELECT c FROM sbtest2 WHERE id=5986890
	Index Scan using sbtest2_pkey on sbtest2  (cost=0.43..8.45 rows=1 width=121)
	  Index Cond: (id = 5986890)

table 3 : explain SELECT c FROM sbtest3 WHERE id=1193493
	Index Scan using sbtest3_pkey on sbtest3  (cost=0.43..8.45 rows=1 width=121)
	  Index Cond: (id = 1193493)

table 4 : explain SELECT c FROM sbtest4 WHERE id=4908936
	Index Scan using sbtest4_pkey on sbtest4  (cost=0.43..8.45 rows=1 width=121)
	  Index Cond: (id = 4908936)

table 5 : explain SELECT c FROM sbtest5 WHERE id=3949902
	Index Scan using sbtest5_pkey on sbtest5  (cost=0.43..8.45 rows=1 width=121)
	  Index Cond: (id = 3949902)

table 6 : explain SELECT c FROM sbtest6 WHERE id=1228685
	Index Scan using sbtest6_pkey on sbtest6  (cost=0.43..8.45 rows=1 width=121)
	  Index Cond: (id = 1228685)

table 7 : explain SELECT c FROM sbtest7 WHERE id=7336243
	Index Scan using sbtest7_pkey on sbtest7  (cost=0.43..8.45 rows=1 width=121)
	  Index Cond: (id = 7336243)

table 8 : explain SELECT c FROM sbtest8 WHERE id=8740825
	Index Scan using sbtest8_pkey on sbtest8  (cost=0.43..8.45 rows=1 width=121)
	  Index Cond: (id = 8740825)

for: sum_ranges
table 1 : explain SELECT SUM(k) FROM sbtest1 WHERE id BETWEEN 3041372 AND 3041381
	Aggregate  (cost=40.77..40.78 rows=1 width=8)
	  ->  Index Scan using sbtest1_pkey on sbtest1  (cost=0.43..40.75 rows=10 width=4)
	        Index Cond: ((id >= 3041372) AND (id <= 3041381))

table 2 : explain SELECT SUM(k) FROM sbtest2 WHERE id BETWEEN 4807674 AND 4807683
	Aggregate  (cost=40.61..40.62 rows=1 width=8)
	  ->  Index Scan using sbtest2_pkey on sbtest2  (cost=0.43..40.59 rows=10 width=4)
	        Index Cond: ((id >= 4807674) AND (id <= 4807683))

table 3 : explain SELECT SUM(k) FROM sbtest3 WHERE id BETWEEN 3354838 AND 3354847
	Aggregate  (cost=40.42..40.43 rows=1 width=8)
	  ->  Index Scan using sbtest3_pkey on sbtest3  (cost=0.43..40.39 rows=10 width=4)
	        Index Cond: ((id >= 3354838) AND (id <= 3354847))

table 4 : explain SELECT SUM(k) FROM sbtest4 WHERE id BETWEEN 9664422 AND 9664431
	Aggregate  (cost=40.28..40.29 rows=1 width=8)
	  ->  Index Scan using sbtest4_pkey on sbtest4  (cost=0.43..40.25 rows=10 width=4)
	        Index Cond: ((id >= 9664422) AND (id <= 9664431))

table 5 : explain SELECT SUM(k) FROM sbtest5 WHERE id BETWEEN 1953275 AND 1953284
	Aggregate  (cost=40.40..40.41 rows=1 width=8)
	  ->  Index Scan using sbtest5_pkey on sbtest5  (cost=0.43..40.38 rows=10 width=4)
	        Index Cond: ((id >= 1953275) AND (id <= 1953284))

table 6 : explain SELECT SUM(k) FROM sbtest6 WHERE id BETWEEN 9531410 AND 9531419
	Aggregate  (cost=40.75..40.76 rows=1 width=8)
	  ->  Index Scan using sbtest6_pkey on sbtest6  (cost=0.43..40.73 rows=10 width=4)
	        Index Cond: ((id >= 9531410) AND (id <= 9531419))

table 7 : explain SELECT SUM(k) FROM sbtest7 WHERE id BETWEEN 8377128 AND 8377137
	Aggregate  (cost=40.06..40.07 rows=1 width=8)
	  ->  Index Scan using sbtest7_pkey on sbtest7  (cost=0.43..40.03 rows=10 width=4)
	        Index Cond: ((id >= 8377128) AND (id <= 8377137))

table 8 : explain SELECT SUM(k) FROM sbtest8 WHERE id BETWEEN 1312987 AND 1312996
	Aggregate  (cost=40.49..40.50 rows=1 width=8)
	  ->  Index Scan using sbtest8_pkey on sbtest8  (cost=0.43..40.46 rows=10 width=4)
	        Index Cond: ((id >= 1312987) AND (id <= 1312996))

for: simple_ranges
table 1 : explain SELECT c FROM sbtest1 WHERE id BETWEEN 2636194 AND 2636203
	Index Scan using sbtest1_pkey on sbtest1  (cost=0.43..40.75 rows=10 width=121)
	  Index Cond: ((id >= 2636194) AND (id <= 2636203))

table 2 : explain SELECT c FROM sbtest2 WHERE id BETWEEN 9010762 AND 9010771
	Index Scan using sbtest2_pkey on sbtest2  (cost=0.43..40.59 rows=10 width=121)
	  Index Cond: ((id >= 9010762) AND (id <= 9010771))

table 3 : explain SELECT c FROM sbtest3 WHERE id BETWEEN 9850920 AND 9850929
	Index Scan using sbtest3_pkey on sbtest3  (cost=0.43..40.39 rows=10 width=121)
	  Index Cond: ((id >= 9850920) AND (id <= 9850929))

table 4 : explain SELECT c FROM sbtest4 WHERE id BETWEEN 438062 AND 438071
	Index Scan using sbtest4_pkey on sbtest4  (cost=0.43..40.25 rows=10 width=121)
	  Index Cond: ((id >= 438062) AND (id <= 438071))

table 5 : explain SELECT c FROM sbtest5 WHERE id BETWEEN 4220011 AND 4220020
	Index Scan using sbtest5_pkey on sbtest5  (cost=0.43..40.38 rows=10 width=121)
	  Index Cond: ((id >= 4220011) AND (id <= 4220020))

table 6 : explain SELECT c FROM sbtest6 WHERE id BETWEEN 8492196 AND 8492205
	Index Scan using sbtest6_pkey on sbtest6  (cost=0.43..44.31 rows=11 width=121)
	  Index Cond: ((id >= 8492196) AND (id <= 8492205))

table 7 : explain SELECT c FROM sbtest7 WHERE id BETWEEN 383387 AND 383396
	Index Scan using sbtest7_pkey on sbtest7  (cost=0.43..40.03 rows=10 width=121)
	  Index Cond: ((id >= 383387) AND (id <= 383396))

table 8 : explain SELECT c FROM sbtest8 WHERE id BETWEEN 4802983 AND 4802992
	Index Scan using sbtest8_pkey on sbtest8  (cost=0.43..44.02 rows=11 width=121)
	  Index Cond: ((id >= 4802983) AND (id <= 4802992))

for: sum_ranges
table 1 : explain SELECT SUM(k) FROM sbtest1 WHERE id BETWEEN 3705790 AND 3705799
	Aggregate  (cost=40.77..40.78 rows=1 width=8)
	  ->  Index Scan using sbtest1_pkey on sbtest1  (cost=0.43..40.75 rows=10 width=4)
	        Index Cond: ((id >= 3705790) AND (id <= 3705799))

table 2 : explain SELECT SUM(k) FROM sbtest2 WHERE id BETWEEN 7749462 AND 7749471
	Aggregate  (cost=40.61..40.62 rows=1 width=8)
	  ->  Index Scan using sbtest2_pkey on sbtest2  (cost=0.43..40.59 rows=10 width=4)
	        Index Cond: ((id >= 7749462) AND (id <= 7749471))

table 3 : explain SELECT SUM(k) FROM sbtest3 WHERE id BETWEEN 3102661 AND 3102670
	Aggregate  (cost=40.42..40.43 rows=1 width=8)
	  ->  Index Scan using sbtest3_pkey on sbtest3  (cost=0.43..40.39 rows=10 width=4)
	        Index Cond: ((id >= 3102661) AND (id <= 3102670))

table 4 : explain SELECT SUM(k) FROM sbtest4 WHERE id BETWEEN 6596260 AND 6596269
	Aggregate  (cost=43.81..43.82 rows=1 width=8)
	  ->  Index Scan using sbtest4_pkey on sbtest4  (cost=0.43..43.78 rows=11 width=4)
	        Index Cond: ((id >= 6596260) AND (id <= 6596269))

table 5 : explain SELECT SUM(k) FROM sbtest5 WHERE id BETWEEN 9536084 AND 9536093
	Aggregate  (cost=40.40..40.41 rows=1 width=8)
	  ->  Index Scan using sbtest5_pkey on sbtest5  (cost=0.43..40.38 rows=10 width=4)
	        Index Cond: ((id >= 9536084) AND (id <= 9536093))

table 6 : explain SELECT SUM(k) FROM sbtest6 WHERE id BETWEEN 3646088 AND 3646097
	Aggregate  (cost=40.75..40.76 rows=1 width=8)
	  ->  Index Scan using sbtest6_pkey on sbtest6  (cost=0.43..40.73 rows=10 width=4)
	        Index Cond: ((id >= 3646088) AND (id <= 3646097))

table 7 : explain SELECT SUM(k) FROM sbtest7 WHERE id BETWEEN 3584519 AND 3584528
	Aggregate  (cost=43.57..43.58 rows=1 width=8)
	  ->  Index Scan using sbtest7_pkey on sbtest7  (cost=0.43..43.54 rows=11 width=4)
	        Index Cond: ((id >= 3584519) AND (id <= 3584528))

table 8 : explain SELECT SUM(k) FROM sbtest8 WHERE id BETWEEN 7576529 AND 7576538
	Aggregate  (cost=44.05..44.06 rows=1 width=8)
	  ->  Index Scan using sbtest8_pkey on sbtest8  (cost=0.43..44.02 rows=11 width=4)
	        Index Cond: ((id >= 7576529) AND (id <= 7576538))

for: sum_ranges
table 1 : explain SELECT SUM(k) FROM sbtest1 WHERE id BETWEEN 4243705 AND 4243714
	Aggregate  (cost=40.77..40.78 rows=1 width=8)
	  ->  Index Scan using sbtest1_pkey on sbtest1  (cost=0.43..40.75 rows=10 width=4)
	        Index Cond: ((id >= 4243705) AND (id <= 4243714))

table 2 : explain SELECT SUM(k) FROM sbtest2 WHERE id BETWEEN 799969 AND 799978
	Aggregate  (cost=40.61..40.62 rows=1 width=8)
	  ->  Index Scan using sbtest2_pkey on sbtest2  (cost=0.43..40.59 rows=10 width=4)
	        Index Cond: ((id >= 799969) AND (id <= 799978))

table 3 : explain SELECT SUM(k) FROM sbtest3 WHERE id BETWEEN 9550486 AND 9550495
	Aggregate  (cost=40.42..40.43 rows=1 width=8)
	  ->  Index Scan using sbtest3_pkey on sbtest3  (cost=0.43..40.39 rows=10 width=4)
	        Index Cond: ((id >= 9550486) AND (id <= 9550495))

table 4 : explain SELECT SUM(k) FROM sbtest4 WHERE id BETWEEN 5345003 AND 5345012
	Aggregate  (cost=40.28..40.29 rows=1 width=8)
	  ->  Index Scan using sbtest4_pkey on sbtest4  (cost=0.43..40.25 rows=10 width=4)
	        Index Cond: ((id >= 5345003) AND (id <= 5345012))

table 5 : explain SELECT SUM(k) FROM sbtest5 WHERE id BETWEEN 9690195 AND 9690204
	Aggregate  (cost=36.85..36.86 rows=1 width=8)
	  ->  Index Scan using sbtest5_pkey on sbtest5  (cost=0.43..36.83 rows=9 width=4)
	        Index Cond: ((id >= 9690195) AND (id <= 9690204))

table 6 : explain SELECT SUM(k) FROM sbtest6 WHERE id BETWEEN 4916078 AND 4916087
	Aggregate  (cost=40.75..40.76 rows=1 width=8)
	  ->  Index Scan using sbtest6_pkey on sbtest6  (cost=0.43..40.73 rows=10 width=4)
	        Index Cond: ((id >= 4916078) AND (id <= 4916087))

table 7 : explain SELECT SUM(k) FROM sbtest7 WHERE id BETWEEN 1881156 AND 1881165
	Aggregate  (cost=40.06..40.07 rows=1 width=8)
	  ->  Index Scan using sbtest7_pkey on sbtest7  (cost=0.43..40.03 rows=10 width=4)
	        Index Cond: ((id >= 1881156) AND (id <= 1881165))

table 8 : explain SELECT SUM(k) FROM sbtest8 WHERE id BETWEEN 6242960 AND 6242969
	Aggregate  (cost=40.49..40.50 rows=1 width=8)
	  ->  Index Scan using sbtest8_pkey on sbtest8  (cost=0.43..40.46 rows=10 width=4)
	        Index Cond: ((id >= 6242960) AND (id <= 6242969))

for: simple_ranges
table 1 : explain SELECT c FROM sbtest1 WHERE id BETWEEN 2916819 AND 2916828
	Index Scan using sbtest1_pkey on sbtest1  (cost=0.43..37.16 rows=9 width=121)
	  Index Cond: ((id >= 2916819) AND (id <= 2916828))

table 2 : explain SELECT c FROM sbtest2 WHERE id BETWEEN 9803761 AND 9803770
	Index Scan using sbtest2_pkey on sbtest2  (cost=0.43..40.59 rows=10 width=121)
	  Index Cond: ((id >= 9803761) AND (id <= 9803770))

table 3 : explain SELECT c FROM sbtest3 WHERE id BETWEEN 7748355 AND 7748364
	Index Scan using sbtest3_pkey on sbtest3  (cost=0.43..43.94 rows=11 width=121)
	  Index Cond: ((id >= 7748355) AND (id <= 7748364))

table 4 : explain SELECT c FROM sbtest4 WHERE id BETWEEN 5429089 AND 5429098
	Index Scan using sbtest4_pkey on sbtest4  (cost=0.43..40.25 rows=10 width=121)
	  Index Cond: ((id >= 5429089) AND (id <= 5429098))

table 5 : explain SELECT c FROM sbtest5 WHERE id BETWEEN 6231326 AND 6231335
	Index Scan using sbtest5_pkey on sbtest5  (cost=0.43..40.38 rows=10 width=121)
	  Index Cond: ((id >= 6231326) AND (id <= 6231335))

table 6 : explain SELECT c FROM sbtest6 WHERE id BETWEEN 1639300 AND 1639309
	Index Scan using sbtest6_pkey on sbtest6  (cost=0.43..40.73 rows=10 width=121)
	  Index Cond: ((id >= 1639300) AND (id <= 1639309))

table 7 : explain SELECT c FROM sbtest7 WHERE id BETWEEN 59562 AND 59571
	Index Scan using sbtest7_pkey on sbtest7  (cost=0.43..40.03 rows=10 width=121)
	  Index Cond: ((id >= 59562) AND (id <= 59571))

table 8 : explain SELECT c FROM sbtest8 WHERE id BETWEEN 3587020 AND 3587029
	Index Scan using sbtest8_pkey on sbtest8  (cost=0.43..40.46 rows=10 width=121)
	  Index Cond: ((id >= 3587020) AND (id <= 3587029))

for: simple_ranges
table 1 : explain SELECT c FROM sbtest1 WHERE id BETWEEN 5471057 AND 5471066
	Index Scan using sbtest1_pkey on sbtest1  (cost=0.43..37.16 rows=9 width=121)
	  Index Cond: ((id >= 5471057) AND (id <= 5471066))

table 2 : explain SELECT c FROM sbtest2 WHERE id BETWEEN 660790 AND 660799
	Index Scan using sbtest2_pkey on sbtest2  (cost=0.43..40.59 rows=10 width=121)
	  Index Cond: ((id >= 660790) AND (id <= 660799))

table 3 : explain SELECT c FROM sbtest3 WHERE id BETWEEN 4827814 AND 4827823
	Index Scan using sbtest3_pkey on sbtest3  (cost=0.43..40.39 rows=10 width=121)
	  Index Cond: ((id >= 4827814) AND (id <= 4827823))

table 4 : explain SELECT c FROM sbtest4 WHERE id BETWEEN 5354652 AND 5354661
	Index Scan using sbtest4_pkey on sbtest4  (cost=0.43..40.25 rows=10 width=121)
	  Index Cond: ((id >= 5354652) AND (id <= 5354661))

table 5 : explain SELECT c FROM sbtest5 WHERE id BETWEEN 2645751 AND 2645760
	Index Scan using sbtest5_pkey on sbtest5  (cost=0.43..43.93 rows=11 width=121)
	  Index Cond: ((id >= 2645751) AND (id <= 2645760))

table 6 : explain SELECT c FROM sbtest6 WHERE id BETWEEN 6619570 AND 6619579
	Index Scan using sbtest6_pkey on sbtest6  (cost=0.43..40.73 rows=10 width=121)
	  Index Cond: ((id >= 6619570) AND (id <= 6619579))

table 7 : explain SELECT c FROM sbtest7 WHERE id BETWEEN 6085577 AND 6085586
	Index Scan using sbtest7_pkey on sbtest7  (cost=0.43..36.52 rows=9 width=121)
	  Index Cond: ((id >= 6085577) AND (id <= 6085586))

table 8 : explain SELECT c FROM sbtest8 WHERE id BETWEEN 990151 AND 990160
	Index Scan using sbtest8_pkey on sbtest8  (cost=0.43..36.91 rows=9 width=121)
	  Index Cond: ((id >= 990151) AND (id <= 990160))

explain: for point_selects :: explain SELECT c FROM sbtest%u WHERE id=%u
for: order_ranges
table 1 : explain SELECT c FROM sbtest1 WHERE id BETWEEN 8594640 AND 8594649 ORDER BY c
	Sort  (cost=37.30..37.32 rows=9 width=121)
	  Sort Key: c
	  ->  Index Scan using sbtest1_pkey on sbtest1  (cost=0.43..37.16 rows=9 width=121)
	        Index Cond: ((id >= 8594640) AND (id <= 8594649))

table 2 : explain SELECT c FROM sbtest2 WHERE id BETWEEN 7438726 AND 7438735 ORDER BY c
	Sort  (cost=37.16..37.18 rows=9 width=121)
	  Sort Key: c
	  ->  Index Scan using sbtest2_pkey on sbtest2  (cost=0.43..37.02 rows=9 width=121)
	        Index Cond: ((id >= 7438726) AND (id <= 7438735))

table 3 : explain SELECT c FROM sbtest3 WHERE id BETWEEN 9381581 AND 9381590 ORDER BY c
	Sort  (cost=40.56..40.58 rows=10 width=121)
	  Sort Key: c
	  ->  Index Scan using sbtest3_pkey on sbtest3  (cost=0.43..40.39 rows=10 width=121)
	        Index Cond: ((id >= 9381581) AND (id <= 9381590))

table 4 : explain SELECT c FROM sbtest4 WHERE id BETWEEN 619896 AND 619905 ORDER BY c
	Sort  (cost=40.42..40.44 rows=10 width=121)
	  Sort Key: c
	  ->  Index Scan using sbtest4_pkey on sbtest4  (cost=0.43..40.25 rows=10 width=121)
	        Index Cond: ((id >= 619896) AND (id <= 619905))

table 5 : explain SELECT c FROM sbtest5 WHERE id BETWEEN 9263158 AND 9263167 ORDER BY c
	Sort  (cost=44.12..44.14 rows=11 width=121)
	  Sort Key: c
	  ->  Index Scan using sbtest5_pkey on sbtest5  (cost=0.43..43.93 rows=11 width=121)
	        Index Cond: ((id >= 9263158) AND (id <= 9263167))

table 6 : explain SELECT c FROM sbtest6 WHERE id BETWEEN 3031654 AND 3031663 ORDER BY c
	Sort  (cost=40.89..40.92 rows=10 width=121)
	  Sort Key: c
	  ->  Index Scan using sbtest6_pkey on sbtest6  (cost=0.43..40.73 rows=10 width=121)
	        Index Cond: ((id >= 3031654) AND (id <= 3031663))

table 7 : explain SELECT c FROM sbtest7 WHERE id BETWEEN 2416841 AND 2416850 ORDER BY c
	Sort  (cost=40.20..40.22 rows=10 width=121)
	  Sort Key: c
	  ->  Index Scan using sbtest7_pkey on sbtest7  (cost=0.43..40.03 rows=10 width=121)
	        Index Cond: ((id >= 2416841) AND (id <= 2416850))

table 8 : explain SELECT c FROM sbtest8 WHERE id BETWEEN 121355 AND 121364 ORDER BY c
	Sort  (cost=40.63..40.65 rows=10 width=121)
	  Sort Key: c
	  ->  Index Scan using sbtest8_pkey on sbtest8  (cost=0.43..40.46 rows=10 width=121)
	        Index Cond: ((id >= 121355) AND (id <= 121364))

for: sum_ranges
table 1 : explain SELECT SUM(k) FROM sbtest1 WHERE id BETWEEN 4486656 AND 4486665
	Aggregate  (cost=40.77..40.78 rows=1 width=8)
	  ->  Index Scan using sbtest1_pkey on sbtest1  (cost=0.43..40.75 rows=10 width=4)
	        Index Cond: ((id >= 4486656) AND (id <= 4486665))

table 2 : explain SELECT SUM(k) FROM sbtest2 WHERE id BETWEEN 6364581 AND 6364590
	Aggregate  (cost=40.61..40.62 rows=1 width=8)
	  ->  Index Scan using sbtest2_pkey on sbtest2  (cost=0.43..40.59 rows=10 width=4)
	        Index Cond: ((id >= 6364581) AND (id <= 6364590))

table 3 : explain SELECT SUM(k) FROM sbtest3 WHERE id BETWEEN 6201682 AND 6201691
	Aggregate  (cost=40.42..40.43 rows=1 width=8)
	  ->  Index Scan using sbtest3_pkey on sbtest3  (cost=0.43..40.39 rows=10 width=4)
	        Index Cond: ((id >= 6201682) AND (id <= 6201691))

table 4 : explain SELECT SUM(k) FROM sbtest4 WHERE id BETWEEN 1995115 AND 1995124
	Aggregate  (cost=40.28..40.29 rows=1 width=8)
	  ->  Index Scan using sbtest4_pkey on sbtest4  (cost=0.43..40.25 rows=10 width=4)
	        Index Cond: ((id >= 1995115) AND (id <= 1995124))

table 5 : explain SELECT SUM(k) FROM sbtest5 WHERE id BETWEEN 4086776 AND 4086785
	Aggregate  (cost=36.85..36.86 rows=1 width=8)
	  ->  Index Scan using sbtest5_pkey on sbtest5  (cost=0.43..36.83 rows=9 width=4)
	        Index Cond: ((id >= 4086776) AND (id <= 4086785))

table 6 : explain SELECT SUM(k) FROM sbtest6 WHERE id BETWEEN 7577390 AND 7577399
	Aggregate  (cost=44.34..44.35 rows=1 width=8)
	  ->  Index Scan using sbtest6_pkey on sbtest6  (cost=0.43..44.31 rows=11 width=4)
	        Index Cond: ((id >= 7577390) AND (id <= 7577399))

table 7 : explain SELECT SUM(k) FROM sbtest7 WHERE id BETWEEN 9909766 AND 9909775
	Aggregate  (cost=40.06..40.07 rows=1 width=8)
	  ->  Index Scan using sbtest7_pkey on sbtest7  (cost=0.43..40.03 rows=10 width=4)
	        Index Cond: ((id >= 9909766) AND (id <= 9909775))

table 8 : explain SELECT SUM(k) FROM sbtest8 WHERE id BETWEEN 7801229 AND 7801238
	Aggregate  (cost=36.93..36.94 rows=1 width=8)
	  ->  Index Scan using sbtest8_pkey on sbtest8  (cost=0.43..36.91 rows=9 width=4)
	        Index Cond: ((id >= 7801229) AND (id <= 7801238))

for: simple_ranges
table 1 : explain SELECT c FROM sbtest1 WHERE id BETWEEN 7699633 AND 7699642
	Index Scan using sbtest1_pkey on sbtest1  (cost=0.43..37.16 rows=9 width=121)
	  Index Cond: ((id >= 7699633) AND (id <= 7699642))

table 2 : explain SELECT c FROM sbtest2 WHERE id BETWEEN 5726381 AND 5726390
	Index Scan using sbtest2_pkey on sbtest2  (cost=0.43..40.59 rows=10 width=121)
	  Index Cond: ((id >= 5726381) AND (id <= 5726390))

table 3 : explain SELECT c FROM sbtest3 WHERE id BETWEEN 8632738 AND 8632747
	Index Scan using sbtest3_pkey on sbtest3  (cost=0.43..36.84 rows=9 width=121)
	  Index Cond: ((id >= 8632738) AND (id <= 8632747))

table 4 : explain SELECT c FROM sbtest4 WHERE id BETWEEN 536132 AND 536141
	Index Scan using sbtest4_pkey on sbtest4  (cost=0.43..36.72 rows=9 width=121)
	  Index Cond: ((id >= 536132) AND (id <= 536141))

table 5 : explain SELECT c FROM sbtest5 WHERE id BETWEEN 8317917 AND 8317926
	Index Scan using sbtest5_pkey on sbtest5  (cost=0.43..40.38 rows=10 width=121)
	  Index Cond: ((id >= 8317917) AND (id <= 8317926))

table 6 : explain SELECT c FROM sbtest6 WHERE id BETWEEN 3057591 AND 3057600
	Index Scan using sbtest6_pkey on sbtest6  (cost=0.43..40.73 rows=10 width=121)
	  Index Cond: ((id >= 3057591) AND (id <= 3057600))

table 7 : explain SELECT c FROM sbtest7 WHERE id BETWEEN 9051368 AND 9051377
	Index Scan using sbtest7_pkey on sbtest7  (cost=0.43..40.03 rows=10 width=121)
	  Index Cond: ((id >= 9051368) AND (id <= 9051377))

table 8 : explain SELECT c FROM sbtest8 WHERE id BETWEEN 1508704 AND 1508713
	Index Scan using sbtest8_pkey on sbtest8  (cost=0.43..44.02 rows=11 width=121)
	  Index Cond: ((id >= 1508704) AND (id <= 1508713))

explain: for point_selects :: explain SELECT c FROM sbtest%u WHERE id=%u
for point_selects
table 1 : explain SELECT c FROM sbtest1 WHERE id=3611080
	Index Scan using sbtest1_pkey on sbtest1  (cost=0.43..8.45 rows=1 width=121)
	  Index Cond: (id = 3611080)

table 2 : explain SELECT c FROM sbtest2 WHERE id=540531
	Index Scan using sbtest2_pkey on sbtest2  (cost=0.43..8.45 rows=1 width=121)
	  Index Cond: (id = 540531)

table 3 : explain SELECT c FROM sbtest3 WHERE id=7680085
	Index Scan using sbtest3_pkey on sbtest3  (cost=0.43..8.45 rows=1 width=121)
	  Index Cond: (id = 7680085)

table 4 : explain SELECT c FROM sbtest4 WHERE id=6276082
	Index Scan using sbtest4_pkey on sbtest4  (cost=0.43..8.45 rows=1 width=121)
	  Index Cond: (id = 6276082)

table 5 : explain SELECT c FROM sbtest5 WHERE id=7832751
	Index Scan using sbtest5_pkey on sbtest5  (cost=0.43..8.45 rows=1 width=121)
	  Index Cond: (id = 7832751)

table 6 : explain SELECT c FROM sbtest6 WHERE id=7009458
	Index Scan using sbtest6_pkey on sbtest6  (cost=0.43..8.45 rows=1 width=121)
	  Index Cond: (id = 7009458)

table 7 : explain SELECT c FROM sbtest7 WHERE id=8681680
	Index Scan using sbtest7_pkey on sbtest7  (cost=0.43..8.45 rows=1 width=121)
	  Index Cond: (id = 8681680)

table 8 : explain SELECT c FROM sbtest8 WHERE id=34415
	Index Scan using sbtest8_pkey on sbtest8  (cost=0.43..8.45 rows=1 width=121)
	  Index Cond: (id = 34415)

for: sum_ranges
table 1 : explain SELECT SUM(k) FROM sbtest1 WHERE id BETWEEN 7245030 AND 7245039
	Aggregate  (cost=44.36..44.37 rows=1 width=8)
	  ->  Index Scan using sbtest1_pkey on sbtest1  (cost=0.43..44.33 rows=11 width=4)
	        Index Cond: ((id >= 7245030) AND (id <= 7245039))

table 2 : explain SELECT SUM(k) FROM sbtest2 WHERE id BETWEEN 1491145 AND 1491154
	Aggregate  (cost=40.61..40.62 rows=1 width=8)
	  ->  Index Scan using sbtest2_pkey on sbtest2  (cost=0.43..40.59 rows=10 width=4)
	        Index Cond: ((id >= 1491145) AND (id <= 1491154))

table 3 : explain SELECT SUM(k) FROM sbtest3 WHERE id BETWEEN 8836619 AND 8836628
	Aggregate  (cost=40.42..40.43 rows=1 width=8)
	  ->  Index Scan using sbtest3_pkey on sbtest3  (cost=0.43..40.39 rows=10 width=4)
	        Index Cond: ((id >= 8836619) AND (id <= 8836628))

table 4 : explain SELECT SUM(k) FROM sbtest4 WHERE id BETWEEN 526667 AND 526676
	Aggregate  (cost=36.74..36.75 rows=1 width=8)
	  ->  Index Scan using sbtest4_pkey on sbtest4  (cost=0.43..36.72 rows=9 width=4)
	        Index Cond: ((id >= 526667) AND (id <= 526676))

table 5 : explain SELECT SUM(k) FROM sbtest5 WHERE id BETWEEN 8545015 AND 8545024
	Aggregate  (cost=36.85..36.86 rows=1 width=8)
	  ->  Index Scan using sbtest5_pkey on sbtest5  (cost=0.43..36.83 rows=9 width=4)
	        Index Cond: ((id >= 8545015) AND (id <= 8545024))

table 6 : explain SELECT SUM(k) FROM sbtest6 WHERE id BETWEEN 5154130 AND 5154139
	Aggregate  (cost=44.34..44.35 rows=1 width=8)
	  ->  Index Scan using sbtest6_pkey on sbtest6  (cost=0.43..44.31 rows=11 width=4)
	        Index Cond: ((id >= 5154130) AND (id <= 5154139))

table 7 : explain SELECT SUM(k) FROM sbtest7 WHERE id BETWEEN 3288869 AND 3288878
	Aggregate  (cost=40.06..40.07 rows=1 width=8)
	  ->  Index Scan using sbtest7_pkey on sbtest7  (cost=0.43..40.03 rows=10 width=4)
	        Index Cond: ((id >= 3288869) AND (id <= 3288878))

table 8 : explain SELECT SUM(k) FROM sbtest8 WHERE id BETWEEN 3356665 AND 3356674
	Aggregate  (cost=44.05..44.06 rows=1 width=8)
	  ->  Index Scan using sbtest8_pkey on sbtest8  (cost=0.43..44.02 rows=11 width=4)
	        Index Cond: ((id >= 3356665) AND (id <= 3356674))

explain: for point_selects :: explain SELECT c FROM sbtest%u WHERE id=%u
for: sum_ranges
table 1 : explain SELECT SUM(k) FROM sbtest1 WHERE id BETWEEN 9658836 AND 9658845
	Aggregate  (cost=40.77..40.78 rows=1 width=8)
	  ->  Index Scan using sbtest1_pkey on sbtest1  (cost=0.43..40.75 rows=10 width=4)
	        Index Cond: ((id >= 9658836) AND (id <= 9658845))

table 2 : explain SELECT SUM(k) FROM sbtest2 WHERE id BETWEEN 4757661 AND 4757670
	Aggregate  (cost=40.61..40.62 rows=1 width=8)
	  ->  Index Scan using sbtest2_pkey on sbtest2  (cost=0.43..40.59 rows=10 width=4)
	        Index Cond: ((id >= 4757661) AND (id <= 4757670))

table 3 : explain SELECT SUM(k) FROM sbtest3 WHERE id BETWEEN 653752 AND 653761
	Aggregate  (cost=40.42..40.43 rows=1 width=8)
	  ->  Index Scan using sbtest3_pkey on sbtest3  (cost=0.43..40.39 rows=10 width=4)
	        Index Cond: ((id >= 653752) AND (id <= 653761))

table 4 : explain SELECT SUM(k) FROM sbtest4 WHERE id BETWEEN 9998373 AND 9998382
	Aggregate  (cost=40.28..40.29 rows=1 width=8)
	  ->  Index Scan using sbtest4_pkey on sbtest4  (cost=0.43..40.25 rows=10 width=4)
	        Index Cond: ((id >= 9998373) AND (id <= 9998382))

table 5 : explain SELECT SUM(k) FROM sbtest5 WHERE id BETWEEN 5105512 AND 5105521
	Aggregate  (cost=40.40..40.41 rows=1 width=8)
	  ->  Index Scan using sbtest5_pkey on sbtest5  (cost=0.43..40.38 rows=10 width=4)
	        Index Cond: ((id >= 5105512) AND (id <= 5105521))

table 6 : explain SELECT SUM(k) FROM sbtest6 WHERE id BETWEEN 1243164 AND 1243173
	Aggregate  (cost=40.75..40.76 rows=1 width=8)
	  ->  Index Scan using sbtest6_pkey on sbtest6  (cost=0.43..40.73 rows=10 width=4)
	        Index Cond: ((id >= 1243164) AND (id <= 1243173))

table 7 : explain SELECT SUM(k) FROM sbtest7 WHERE id BETWEEN 7799304 AND 7799313
	Aggregate  (cost=43.57..43.58 rows=1 width=8)
	  ->  Index Scan using sbtest7_pkey on sbtest7  (cost=0.43..43.54 rows=11 width=4)
	        Index Cond: ((id >= 7799304) AND (id <= 7799313))

table 8 : explain SELECT SUM(k) FROM sbtest8 WHERE id BETWEEN 60973 AND 60982
	Aggregate  (cost=36.93..36.94 rows=1 width=8)
	  ->  Index Scan using sbtest8_pkey on sbtest8  (cost=0.43..36.91 rows=9 width=4)
	        Index Cond: ((id >= 60973) AND (id <= 60982))

for point_selects
table 1 : explain SELECT c FROM sbtest1 WHERE id=8560836
	Index Scan using sbtest1_pkey on sbtest1  (cost=0.43..8.45 rows=1 width=121)
	  Index Cond: (id = 8560836)

table 2 : explain SELECT c FROM sbtest2 WHERE id=1529769
	Index Scan using sbtest2_pkey on sbtest2  (cost=0.43..8.45 rows=1 width=121)
	  Index Cond: (id = 1529769)

table 3 : explain SELECT c FROM sbtest3 WHERE id=4082707
	Index Scan using sbtest3_pkey on sbtest3  (cost=0.43..8.45 rows=1 width=121)
	  Index Cond: (id = 4082707)

table 4 : explain SELECT c FROM sbtest4 WHERE id=3580910
	Index Scan using sbtest4_pkey on sbtest4  (cost=0.43..8.45 rows=1 width=121)
	  Index Cond: (id = 3580910)

table 5 : explain SELECT c FROM sbtest5 WHERE id=376004
	Index Scan using sbtest5_pkey on sbtest5  (cost=0.43..8.45 rows=1 width=121)
	  Index Cond: (id = 376004)

table 6 : explain SELECT c FROM sbtest6 WHERE id=44961
	Index Scan using sbtest6_pkey on sbtest6  (cost=0.43..8.45 rows=1 width=121)
	  Index Cond: (id = 44961)

table 7 : explain SELECT c FROM sbtest7 WHERE id=5571289
	Index Scan using sbtest7_pkey on sbtest7  (cost=0.43..8.45 rows=1 width=121)
	  Index Cond: (id = 5571289)

table 8 : explain SELECT c FROM sbtest8 WHERE id=9681066
	Index Scan using sbtest8_pkey on sbtest8  (cost=0.43..8.45 rows=1 width=121)
	  Index Cond: (id = 9681066)

for: simple_ranges
table 1 : explain SELECT c FROM sbtest1 WHERE id BETWEEN 6669432 AND 6669441
	Index Scan using sbtest1_pkey on sbtest1  (cost=0.43..40.75 rows=10 width=121)
	  Index Cond: ((id >= 6669432) AND (id <= 6669441))

table 2 : explain SELECT c FROM sbtest2 WHERE id BETWEEN 9402483 AND 9402492
	Index Scan using sbtest2_pkey on sbtest2  (cost=0.43..44.16 rows=11 width=121)
	  Index Cond: ((id >= 9402483) AND (id <= 9402492))

table 3 : explain SELECT c FROM sbtest3 WHERE id BETWEEN 6823893 AND 6823902
	Index Scan using sbtest3_pkey on sbtest3  (cost=0.43..43.94 rows=11 width=121)
	  Index Cond: ((id >= 6823893) AND (id <= 6823902))

table 4 : explain SELECT c FROM sbtest4 WHERE id BETWEEN 5856702 AND 5856711
	Index Scan using sbtest4_pkey on sbtest4  (cost=0.43..40.25 rows=10 width=121)
	  Index Cond: ((id >= 5856702) AND (id <= 5856711))

table 5 : explain SELECT c FROM sbtest5 WHERE id BETWEEN 1159973 AND 1159982
	Index Scan using sbtest5_pkey on sbtest5  (cost=0.43..40.38 rows=10 width=121)
	  Index Cond: ((id >= 1159973) AND (id <= 1159982))

table 6 : explain SELECT c FROM sbtest6 WHERE id BETWEEN 2945230 AND 2945239
	Index Scan using sbtest6_pkey on sbtest6  (cost=0.43..37.14 rows=9 width=121)
	  Index Cond: ((id >= 2945230) AND (id <= 2945239))

table 7 : explain SELECT c FROM sbtest7 WHERE id BETWEEN 5827431 AND 5827440
	Index Scan using sbtest7_pkey on sbtest7  (cost=0.43..36.52 rows=9 width=121)
	  Index Cond: ((id >= 5827431) AND (id <= 5827440))

table 8 : explain SELECT c FROM sbtest8 WHERE id BETWEEN 9639990 AND 9639999
	Index Scan using sbtest8_pkey on sbtest8  (cost=0.43..40.46 rows=10 width=121)
	  Index Cond: ((id >= 9639990) AND (id <= 9639999))

for point_selects
table 1 : explain SELECT c FROM sbtest1 WHERE id=8032574
	Index Scan using sbtest1_pkey on sbtest1  (cost=0.43..8.45 rows=1 width=121)
	  Index Cond: (id = 8032574)

table 2 : explain SELECT c FROM sbtest2 WHERE id=5974717
	Index Scan using sbtest2_pkey on sbtest2  (cost=0.43..8.45 rows=1 width=121)
	  Index Cond: (id = 5974717)

table 3 : explain SELECT c FROM sbtest3 WHERE id=9116208
	Index Scan using sbtest3_pkey on sbtest3  (cost=0.43..8.45 rows=1 width=121)
	  Index Cond: (id = 9116208)

table 4 : explain SELECT c FROM sbtest4 WHERE id=6754859
	Index Scan using sbtest4_pkey on sbtest4  (cost=0.43..8.45 rows=1 width=121)
	  Index Cond: (id = 6754859)

table 5 : explain SELECT c FROM sbtest5 WHERE id=2150241
	Index Scan using sbtest5_pkey on sbtest5  (cost=0.43..8.45 rows=1 width=121)
	  Index Cond: (id = 2150241)

table 6 : explain SELECT c FROM sbtest6 WHERE id=121900
	Index Scan using sbtest6_pkey on sbtest6  (cost=0.43..8.45 rows=1 width=121)
	  Index Cond: (id = 121900)

table 7 : explain SELECT c FROM sbtest7 WHERE id=3831951
	Index Scan using sbtest7_pkey on sbtest7  (cost=0.43..8.45 rows=1 width=121)
	  Index Cond: (id = 3831951)

table 8 : explain SELECT c FROM sbtest8 WHERE id=5955147
	Index Scan using sbtest8_pkey on sbtest8  (cost=0.43..8.45 rows=1 width=121)
	  Index Cond: (id = 5955147)

for: sum_ranges
table 1 : explain SELECT SUM(k) FROM sbtest1 WHERE id BETWEEN 3691696 AND 3691705
	Aggregate  (cost=40.77..40.78 rows=1 width=8)
	  ->  Index Scan using sbtest1_pkey on sbtest1  (cost=0.43..40.75 rows=10 width=4)
	        Index Cond: ((id >= 3691696) AND (id <= 3691705))

table 2 : explain SELECT SUM(k) FROM sbtest2 WHERE id BETWEEN 4087946 AND 4087955
	Aggregate  (cost=44.19..44.20 rows=1 width=8)
	  ->  Index Scan using sbtest2_pkey on sbtest2  (cost=0.43..44.16 rows=11 width=4)
	        Index Cond: ((id >= 4087946) AND (id <= 4087955))

table 3 : explain SELECT SUM(k) FROM sbtest3 WHERE id BETWEEN 9195580 AND 9195589
	Aggregate  (cost=40.42..40.43 rows=1 width=8)
	  ->  Index Scan using sbtest3_pkey on sbtest3  (cost=0.43..40.39 rows=10 width=4)
	        Index Cond: ((id >= 9195580) AND (id <= 9195589))

table 4 : explain SELECT SUM(k) FROM sbtest4 WHERE id BETWEEN 4266131 AND 4266140
	Aggregate  (cost=40.28..40.29 rows=1 width=8)
	  ->  Index Scan using sbtest4_pkey on sbtest4  (cost=0.43..40.25 rows=10 width=4)
	        Index Cond: ((id >= 4266131) AND (id <= 4266140))

table 5 : explain SELECT SUM(k) FROM sbtest5 WHERE id BETWEEN 1639344 AND 1639353
	Aggregate  (cost=43.95..43.96 rows=1 width=8)
	  ->  Index Scan using sbtest5_pkey on sbtest5  (cost=0.43..43.93 rows=11 width=4)
	        Index Cond: ((id >= 1639344) AND (id <= 1639353))

table 6 : explain SELECT SUM(k) FROM sbtest6 WHERE id BETWEEN 6054074 AND 6054083
	Aggregate  (cost=44.34..44.35 rows=1 width=8)
	  ->  Index Scan using sbtest6_pkey on sbtest6  (cost=0.43..44.31 rows=11 width=4)
	        Index Cond: ((id >= 6054074) AND (id <= 6054083))

table 7 : explain SELECT SUM(k) FROM sbtest7 WHERE id BETWEEN 4921099 AND 4921108
	Aggregate  (cost=43.57..43.58 rows=1 width=8)
	  ->  Index Scan using sbtest7_pkey on sbtest7  (cost=0.43..43.54 rows=11 width=4)
	        Index Cond: ((id >= 4921099) AND (id <= 4921108))

table 8 : explain SELECT SUM(k) FROM sbtest8 WHERE id BETWEEN 4283769 AND 4283778
	Aggregate  (cost=44.05..44.06 rows=1 width=8)
	  ->  Index Scan using sbtest8_pkey on sbtest8  (cost=0.43..44.02 rows=11 width=4)
	        Index Cond: ((id >= 4283769) AND (id <= 4283778))

for: order_ranges
table 1 : explain SELECT c FROM sbtest1 WHERE id BETWEEN 3998282 AND 3998291 ORDER BY c
	Sort  (cost=40.91..40.94 rows=10 width=121)
	  Sort Key: c
	  ->  Index Scan using sbtest1_pkey on sbtest1  (cost=0.43..40.75 rows=10 width=121)
	        Index Cond: ((id >= 3998282) AND (id <= 3998291))

table 2 : explain SELECT c FROM sbtest2 WHERE id BETWEEN 3641695 AND 3641704 ORDER BY c
	Sort  (cost=40.75..40.78 rows=10 width=121)
	  Sort Key: c
	  ->  Index Scan using sbtest2_pkey on sbtest2  (cost=0.43..40.59 rows=10 width=121)
	        Index Cond: ((id >= 3641695) AND (id <= 3641704))

table 3 : explain SELECT c FROM sbtest3 WHERE id BETWEEN 591986 AND 591995 ORDER BY c
	Sort  (cost=40.56..40.58 rows=10 width=121)
	  Sort Key: c
	  ->  Index Scan using sbtest3_pkey on sbtest3  (cost=0.43..40.39 rows=10 width=121)
	        Index Cond: ((id >= 591986) AND (id <= 591995))

table 4 : explain SELECT c FROM sbtest4 WHERE id BETWEEN 8422764 AND 8422773 ORDER BY c
	Sort  (cost=40.42..40.44 rows=10 width=121)
	  Sort Key: c
	  ->  Index Scan using sbtest4_pkey on sbtest4  (cost=0.43..40.25 rows=10 width=121)
	        Index Cond: ((id >= 8422764) AND (id <= 8422773))

table 5 : explain SELECT c FROM sbtest5 WHERE id BETWEEN 9021161 AND 9021170 ORDER BY c
	Sort  (cost=44.12..44.14 rows=11 width=121)
	  Sort Key: c
	  ->  Index Scan using sbtest5_pkey on sbtest5  (cost=0.43..43.93 rows=11 width=121)
	        Index Cond: ((id >= 9021161) AND (id <= 9021170))

table 6 : explain SELECT c FROM sbtest6 WHERE id BETWEEN 1057473 AND 1057482 ORDER BY c
	Sort  (cost=44.50..44.53 rows=11 width=121)
	  Sort Key: c
	  ->  Index Scan using sbtest6_pkey on sbtest6  (cost=0.43..44.31 rows=11 width=121)
	        Index Cond: ((id >= 1057473) AND (id <= 1057482))

table 7 : explain SELECT c FROM sbtest7 WHERE id BETWEEN 2350081 AND 2350090 ORDER BY c
	Sort  (cost=40.20..40.22 rows=10 width=121)
	  Sort Key: c
	  ->  Index Scan using sbtest7_pkey on sbtest7  (cost=0.43..40.03 rows=10 width=121)
	        Index Cond: ((id >= 2350081) AND (id <= 2350090))

table 8 : explain SELECT c FROM sbtest8 WHERE id BETWEEN 9964142 AND 9964151 ORDER BY c
	Sort  (cost=40.63..40.65 rows=10 width=121)
	  Sort Key: c
	  ->  Index Scan using sbtest8_pkey on sbtest8  (cost=0.43..40.46 rows=10 width=121)
	        Index Cond: ((id >= 9964142) AND (id <= 9964151))

for point_selects
table 1 : explain SELECT c FROM sbtest1 WHERE id=2587673
	Index Scan using sbtest1_pkey on sbtest1  (cost=0.43..8.45 rows=1 width=121)
	  Index Cond: (id = 2587673)

table 2 : explain SELECT c FROM sbtest2 WHERE id=5697280
	Index Scan using sbtest2_pkey on sbtest2  (cost=0.43..8.45 rows=1 width=121)
	  Index Cond: (id = 5697280)

table 3 : explain SELECT c FROM sbtest3 WHERE id=5046163
	Index Scan using sbtest3_pkey on sbtest3  (cost=0.43..8.45 rows=1 width=121)
	  Index Cond: (id = 5046163)

table 4 : explain SELECT c FROM sbtest4 WHERE id=4064646
	Index Scan using sbtest4_pkey on sbtest4  (cost=0.43..8.45 rows=1 width=121)
	  Index Cond: (id = 4064646)

table 5 : explain SELECT c FROM sbtest5 WHERE id=1343260
	Index Scan using sbtest5_pkey on sbtest5  (cost=0.43..8.45 rows=1 width=121)
	  Index Cond: (id = 1343260)

table 6 : explain SELECT c FROM sbtest6 WHERE id=3564757
	Index Scan using sbtest6_pkey on sbtest6  (cost=0.43..8.45 rows=1 width=121)
	  Index Cond: (id = 3564757)

table 7 : explain SELECT c FROM sbtest7 WHERE id=2432827
	Index Scan using sbtest7_pkey on sbtest7  (cost=0.43..8.45 rows=1 width=121)
	  Index Cond: (id = 2432827)

table 8 : explain SELECT c FROM sbtest8 WHERE id=2752663
	Index Scan using sbtest8_pkey on sbtest8  (cost=0.43..8.45 rows=1 width=121)
	  Index Cond: (id = 2752663)

explain: for point_selects :: explain SELECT c FROM sbtest%u WHERE id=%u
for: order_ranges
table 1 : explain SELECT c FROM sbtest1 WHERE id BETWEEN 2451569 AND 2451578 ORDER BY c
	Sort  (cost=40.91..40.94 rows=10 width=121)
	  Sort Key: c
	  ->  Index Scan using sbtest1_pkey on sbtest1  (cost=0.43..40.75 rows=10 width=121)
	        Index Cond: ((id >= 2451569) AND (id <= 2451578))

table 2 : explain SELECT c FROM sbtest2 WHERE id BETWEEN 8627759 AND 8627768 ORDER BY c
	Sort  (cost=40.75..40.78 rows=10 width=121)
	  Sort Key: c
	  ->  Index Scan using sbtest2_pkey on sbtest2  (cost=0.43..40.59 rows=10 width=121)
	        Index Cond: ((id >= 8627759) AND (id <= 8627768))

table 3 : explain SELECT c FROM sbtest3 WHERE id BETWEEN 1541228 AND 1541237 ORDER BY c
	Sort  (cost=40.56..40.58 rows=10 width=121)
	  Sort Key: c
	  ->  Index Scan using sbtest3_pkey on sbtest3  (cost=0.43..40.39 rows=10 width=121)
	        Index Cond: ((id >= 1541228) AND (id <= 1541237))

table 4 : explain SELECT c FROM sbtest4 WHERE id BETWEEN 6908570 AND 6908579 ORDER BY c
	Sort  (cost=40.42..40.44 rows=10 width=121)
	  Sort Key: c
	  ->  Index Scan using sbtest4_pkey on sbtest4  (cost=0.43..40.25 rows=10 width=121)
	        Index Cond: ((id >= 6908570) AND (id <= 6908579))

table 5 : explain SELECT c FROM sbtest5 WHERE id BETWEEN 4453549 AND 4453558 ORDER BY c
	Sort  (cost=44.12..44.14 rows=11 width=121)
	  Sort Key: c
	  ->  Index Scan using sbtest5_pkey on sbtest5  (cost=0.43..43.93 rows=11 width=121)
	        Index Cond: ((id >= 4453549) AND (id <= 4453558))

table 6 : explain SELECT c FROM sbtest6 WHERE id BETWEEN 3782065 AND 3782074 ORDER BY c
	Sort  (cost=40.89..40.92 rows=10 width=121)
	  Sort Key: c
	  ->  Index Scan using sbtest6_pkey on sbtest6  (cost=0.43..40.73 rows=10 width=121)
	        Index Cond: ((id >= 3782065) AND (id <= 3782074))

table 7 : explain SELECT c FROM sbtest7 WHERE id BETWEEN 8858305 AND 8858314 ORDER BY c
	Sort  (cost=47.26..47.29 rows=12 width=121)
	  Sort Key: c
	  ->  Index Scan using sbtest7_pkey on sbtest7  (cost=0.43..47.05 rows=12 width=121)
	        Index Cond: ((id >= 8858305) AND (id <= 8858314))

table 8 : explain SELECT c FROM sbtest8 WHERE id BETWEEN 3187845 AND 3187854 ORDER BY c
	Sort  (cost=44.21..44.24 rows=11 width=121)
	  Sort Key: c
	  ->  Index Scan using sbtest8_pkey on sbtest8  (cost=0.43..44.02 rows=11 width=121)
	        Index Cond: ((id >= 3187845) AND (id <= 3187854))

for: simple_ranges
table 1 : explain SELECT c FROM sbtest1 WHERE id BETWEEN 590629 AND 590638
	Index Scan using sbtest1_pkey on sbtest1  (cost=0.43..40.75 rows=10 width=121)
	  Index Cond: ((id >= 590629) AND (id <= 590638))

table 2 : explain SELECT c FROM sbtest2 WHERE id BETWEEN 1254537 AND 1254546
	Index Scan using sbtest2_pkey on sbtest2  (cost=0.43..40.59 rows=10 width=121)
	  Index Cond: ((id >= 1254537) AND (id <= 1254546))

table 3 : explain SELECT c FROM sbtest3 WHERE id BETWEEN 4934230 AND 4934239
	Index Scan using sbtest3_pkey on sbtest3  (cost=0.43..40.39 rows=10 width=121)
	  Index Cond: ((id >= 4934230) AND (id <= 4934239))

table 4 : explain SELECT c FROM sbtest4 WHERE id BETWEEN 4731999 AND 4732008
	Index Scan using sbtest4_pkey on sbtest4  (cost=0.43..40.25 rows=10 width=121)
	  Index Cond: ((id >= 4731999) AND (id <= 4732008))

table 5 : explain SELECT c FROM sbtest5 WHERE id BETWEEN 7976491 AND 7976500
	Index Scan using sbtest5_pkey on sbtest5  (cost=0.43..43.93 rows=11 width=121)
	  Index Cond: ((id >= 7976491) AND (id <= 7976500))

table 6 : explain SELECT c FROM sbtest6 WHERE id BETWEEN 5619844 AND 5619853
	Index Scan using sbtest6_pkey on sbtest6  (cost=0.43..44.31 rows=11 width=121)
	  Index Cond: ((id >= 5619844) AND (id <= 5619853))

table 7 : explain SELECT c FROM sbtest7 WHERE id BETWEEN 5793344 AND 5793353
	Index Scan using sbtest7_pkey on sbtest7  (cost=0.43..36.52 rows=9 width=121)
	  Index Cond: ((id >= 5793344) AND (id <= 5793353))

table 8 : explain SELECT c FROM sbtest8 WHERE id BETWEEN 5526869 AND 5526878
	Index Scan using sbtest8_pkey on sbtest8  (cost=0.43..36.91 rows=9 width=121)
	  Index Cond: ((id >= 5526869) AND (id <= 5526878))

explain: for point_selects :: explain SELECT c FROM sbtest%u WHERE id=%u
for: order_ranges
table 1 : explain SELECT c FROM sbtest1 WHERE id BETWEEN 2813238 AND 2813247 ORDER BY c
	Sort  (cost=37.30..37.32 rows=9 width=121)
	  Sort Key: c
	  ->  Index Scan using sbtest1_pkey on sbtest1  (cost=0.43..37.16 rows=9 width=121)
	        Index Cond: ((id >= 2813238) AND (id <= 2813247))

table 2 : explain SELECT c FROM sbtest2 WHERE id BETWEEN 5021761 AND 5021770 ORDER BY c
	Sort  (cost=40.75..40.78 rows=10 width=121)
	  Sort Key: c
	  ->  Index Scan using sbtest2_pkey on sbtest2  (cost=0.43..40.59 rows=10 width=121)
	        Index Cond: ((id >= 5021761) AND (id <= 5021770))

table 3 : explain SELECT c FROM sbtest3 WHERE id BETWEEN 67716 AND 67725 ORDER BY c
	Sort  (cost=36.99..37.01 rows=9 width=121)
	  Sort Key: c
	  ->  Index Scan using sbtest3_pkey on sbtest3  (cost=0.43..36.84 rows=9 width=121)
	        Index Cond: ((id >= 67716) AND (id <= 67725))

table 4 : explain SELECT c FROM sbtest4 WHERE id BETWEEN 1498933 AND 1498942 ORDER BY c
	Sort  (cost=40.42..40.44 rows=10 width=121)
	  Sort Key: c
	  ->  Index Scan using sbtest4_pkey on sbtest4  (cost=0.43..40.25 rows=10 width=121)
	        Index Cond: ((id >= 1498933) AND (id <= 1498942))

table 5 : explain SELECT c FROM sbtest5 WHERE id BETWEEN 8811707 AND 8811716 ORDER BY c
	Sort  (cost=40.55..40.57 rows=10 width=121)
	  Sort Key: c
	  ->  Index Scan using sbtest5_pkey on sbtest5  (cost=0.43..40.38 rows=10 width=121)
	        Index Cond: ((id >= 8811707) AND (id <= 8811716))

table 6 : explain SELECT c FROM sbtest6 WHERE id BETWEEN 9837 AND 9846 ORDER BY c
	Sort  (cost=40.89..40.92 rows=10 width=121)
	  Sort Key: c
	  ->  Index Scan using sbtest6_pkey on sbtest6  (cost=0.43..40.73 rows=10 width=121)
	        Index Cond: ((id >= 9837) AND (id <= 9846))

table 7 : explain SELECT c FROM sbtest7 WHERE id BETWEEN 4085347 AND 4085356 ORDER BY c
	Sort  (cost=40.20..40.22 rows=10 width=121)
	  Sort Key: c
	  ->  Index Scan using sbtest7_pkey on sbtest7  (cost=0.43..40.03 rows=10 width=121)
	        Index Cond: ((id >= 4085347) AND (id <= 4085356))

table 8 : explain SELECT c FROM sbtest8 WHERE id BETWEEN 1303051 AND 1303060 ORDER BY c
	Sort  (cost=40.63..40.65 rows=10 width=121)
	  Sort Key: c
	  ->  Index Scan using sbtest8_pkey on sbtest8  (cost=0.43..40.46 rows=10 width=121)
	        Index Cond: ((id >= 1303051) AND (id <= 1303060))

for: distinct_ranges
table 1 : explain SELECT DISTINCT c FROM sbtest1 WHERE id BETWEEN 5718238 AND 5718247 ORDER BY c
	Unique  (cost=40.91..40.96 rows=10 width=121)
	  ->  Sort  (cost=40.91..40.94 rows=10 width=121)
	        Sort Key: c
	        ->  Index Scan using sbtest1_pkey on sbtest1  (cost=0.43..40.75 rows=10 width=121)
	              Index Cond: ((id >= 5718238) AND (id <= 5718247))

table 2 : explain SELECT DISTINCT c FROM sbtest2 WHERE id BETWEEN 7725638 AND 7725647 ORDER BY c
	Unique  (cost=40.75..40.80 rows=10 width=121)
	  ->  Sort  (cost=40.75..40.78 rows=10 width=121)
	        Sort Key: c
	        ->  Index Scan using sbtest2_pkey on sbtest2  (cost=0.43..40.59 rows=10 width=121)
	              Index Cond: ((id >= 7725638) AND (id <= 7725647))

table 3 : explain SELECT DISTINCT c FROM sbtest3 WHERE id BETWEEN 8050854 AND 8050863 ORDER BY c
	Unique  (cost=40.56..40.61 rows=10 width=121)
	  ->  Sort  (cost=40.56..40.58 rows=10 width=121)
	        Sort Key: c
	        ->  Index Scan using sbtest3_pkey on sbtest3  (cost=0.43..40.39 rows=10 width=121)
	              Index Cond: ((id >= 8050854) AND (id <= 8050863))

table 4 : explain SELECT DISTINCT c FROM sbtest4 WHERE id BETWEEN 6457001 AND 6457010 ORDER BY c
	Unique  (cost=43.97..44.03 rows=11 width=121)
	  ->  Sort  (cost=43.97..44.00 rows=11 width=121)
	        Sort Key: c
	        ->  Index Scan using sbtest4_pkey on sbtest4  (cost=0.43..43.78 rows=11 width=121)
	              Index Cond: ((id >= 6457001) AND (id <= 6457010))

table 5 : explain SELECT DISTINCT c FROM sbtest5 WHERE id BETWEEN 2538670 AND 2538679 ORDER BY c
	Unique  (cost=40.55..40.60 rows=10 width=121)
	  ->  Sort  (cost=40.55..40.57 rows=10 width=121)
	        Sort Key: c
	        ->  Index Scan using sbtest5_pkey on sbtest5  (cost=0.43..40.38 rows=10 width=121)
	              Index Cond: ((id >= 2538670) AND (id <= 2538679))

table 6 : explain SELECT DISTINCT c FROM sbtest6 WHERE id BETWEEN 8002845 AND 8002854 ORDER BY c
	Unique  (cost=40.89..40.94 rows=10 width=121)
	  ->  Sort  (cost=40.89..40.92 rows=10 width=121)
	        Sort Key: c
	        ->  Index Scan using sbtest6_pkey on sbtest6  (cost=0.43..40.73 rows=10 width=121)
	              Index Cond: ((id >= 8002845) AND (id <= 8002854))

table 7 : explain SELECT DISTINCT c FROM sbtest7 WHERE id BETWEEN 1936725 AND 1936734 ORDER BY c
	Unique  (cost=43.73..43.78 rows=11 width=121)
	  ->  Sort  (cost=43.73..43.76 rows=11 width=121)
	        Sort Key: c
	        ->  Index Scan using sbtest7_pkey on sbtest7  (cost=0.43..43.54 rows=11 width=121)
	              Index Cond: ((id >= 1936725) AND (id <= 1936734))

table 8 : explain SELECT DISTINCT c FROM sbtest8 WHERE id BETWEEN 6881033 AND 6881042 ORDER BY c
	Unique  (cost=40.63..40.68 rows=10 width=121)
	  ->  Sort  (cost=40.63..40.65 rows=10 width=121)
	        Sort Key: c
	        ->  Index Scan using sbtest8_pkey on sbtest8  (cost=0.43..40.46 rows=10 width=121)
	              Index Cond: ((id >= 6881033) AND (id <= 6881042))

for: simple_ranges
table 1 : explain SELECT c FROM sbtest1 WHERE id BETWEEN 6967094 AND 6967103
	Index Scan using sbtest1_pkey on sbtest1  (cost=0.43..37.16 rows=9 width=121)
	  Index Cond: ((id >= 6967094) AND (id <= 6967103))

table 2 : explain SELECT c FROM sbtest2 WHERE id BETWEEN 1832076 AND 1832085
	Index Scan using sbtest2_pkey on sbtest2  (cost=0.43..40.59 rows=10 width=121)
	  Index Cond: ((id >= 1832076) AND (id <= 1832085))

table 3 : explain SELECT c FROM sbtest3 WHERE id BETWEEN 827400 AND 827409
	Index Scan using sbtest3_pkey on sbtest3  (cost=0.43..40.39 rows=10 width=121)
	  Index Cond: ((id >= 827400) AND (id <= 827409))

table 4 : explain SELECT c FROM sbtest4 WHERE id BETWEEN 2803543 AND 2803552
	Index Scan using sbtest4_pkey on sbtest4  (cost=0.43..40.25 rows=10 width=121)
	  Index Cond: ((id >= 2803543) AND (id <= 2803552))

table 5 : explain SELECT c FROM sbtest5 WHERE id BETWEEN 2093785 AND 2093794
	Index Scan using sbtest5_pkey on sbtest5  (cost=0.43..40.38 rows=10 width=121)
	  Index Cond: ((id >= 2093785) AND (id <= 2093794))

table 6 : explain SELECT c FROM sbtest6 WHERE id BETWEEN 1994564 AND 1994573
	Index Scan using sbtest6_pkey on sbtest6  (cost=0.43..44.31 rows=11 width=121)
	  Index Cond: ((id >= 1994564) AND (id <= 1994573))

table 7 : explain SELECT c FROM sbtest7 WHERE id BETWEEN 5020026 AND 5020035
	Index Scan using sbtest7_pkey on sbtest7  (cost=0.43..40.03 rows=10 width=121)
	  Index Cond: ((id >= 5020026) AND (id <= 5020035))

table 8 : explain SELECT c FROM sbtest8 WHERE id BETWEEN 8615436 AND 8615445
	Index Scan using sbtest8_pkey on sbtest8  (cost=0.43..40.46 rows=10 width=121)
	  Index Cond: ((id >= 8615436) AND (id <= 8615445))

for point_selects
table 1 : explain SELECT c FROM sbtest1 WHERE id=4557476
	Index Scan using sbtest1_pkey on sbtest1  (cost=0.43..8.45 rows=1 width=121)
	  Index Cond: (id = 4557476)

table 2 : explain SELECT c FROM sbtest2 WHERE id=581680
	Index Scan using sbtest2_pkey on sbtest2  (cost=0.43..8.45 rows=1 width=121)
	  Index Cond: (id = 581680)

table 3 : explain SELECT c FROM sbtest3 WHERE id=3158563
	Index Scan using sbtest3_pkey on sbtest3  (cost=0.43..8.45 rows=1 width=121)
	  Index Cond: (id = 3158563)

table 4 : explain SELECT c FROM sbtest4 WHERE id=8987033
	Index Scan using sbtest4_pkey on sbtest4  (cost=0.43..8.45 rows=1 width=121)
	  Index Cond: (id = 8987033)

table 5 : explain SELECT c FROM sbtest5 WHERE id=8102027
	Index Scan using sbtest5_pkey on sbtest5  (cost=0.43..8.45 rows=1 width=121)
	  Index Cond: (id = 8102027)

table 6 : explain SELECT c FROM sbtest6 WHERE id=460357
	Index Scan using sbtest6_pkey on sbtest6  (cost=0.43..8.45 rows=1 width=121)
	  Index Cond: (id = 460357)

table 7 : explain SELECT c FROM sbtest7 WHERE id=3476936
	Index Scan using sbtest7_pkey on sbtest7  (cost=0.43..8.45 rows=1 width=121)
	  Index Cond: (id = 3476936)

table 8 : explain SELECT c FROM sbtest8 WHERE id=2749947
	Index Scan using sbtest8_pkey on sbtest8  (cost=0.43..8.45 rows=1 width=121)
	  Index Cond: (id = 2749947)

for: order_ranges
table 1 : explain SELECT c FROM sbtest1 WHERE id BETWEEN 5972464 AND 5972473 ORDER BY c
	Sort  (cost=40.91..40.94 rows=10 width=121)
	  Sort Key: c
	  ->  Index Scan using sbtest1_pkey on sbtest1  (cost=0.43..40.75 rows=10 width=121)
	        Index Cond: ((id >= 5972464) AND (id <= 5972473))

table 2 : explain SELECT c FROM sbtest2 WHERE id BETWEEN 2923280 AND 2923289 ORDER BY c
	Sort  (cost=40.75..40.78 rows=10 width=121)
	  Sort Key: c
	  ->  Index Scan using sbtest2_pkey on sbtest2  (cost=0.43..40.59 rows=10 width=121)
	        Index Cond: ((id >= 2923280) AND (id <= 2923289))

table 3 : explain SELECT c FROM sbtest3 WHERE id BETWEEN 5829103 AND 5829112 ORDER BY c
	Sort  (cost=40.56..40.58 rows=10 width=121)
	  Sort Key: c
	  ->  Index Scan using sbtest3_pkey on sbtest3  (cost=0.43..40.39 rows=10 width=121)
	        Index Cond: ((id >= 5829103) AND (id <= 5829112))

table 4 : explain SELECT c FROM sbtest4 WHERE id BETWEEN 8047573 AND 8047582 ORDER BY c
	Sort  (cost=40.42..40.44 rows=10 width=121)
	  Sort Key: c
	  ->  Index Scan using sbtest4_pkey on sbtest4  (cost=0.43..40.25 rows=10 width=121)
	        Index Cond: ((id >= 8047573) AND (id <= 8047582))

table 5 : explain SELECT c FROM sbtest5 WHERE id BETWEEN 9240133 AND 9240142 ORDER BY c
	Sort  (cost=44.12..44.14 rows=11 width=121)
	  Sort Key: c
	  ->  Index Scan using sbtest5_pkey on sbtest5  (cost=0.43..43.93 rows=11 width=121)
	        Index Cond: ((id >= 9240133) AND (id <= 9240142))

table 6 : explain SELECT c FROM sbtest6 WHERE id BETWEEN 6759184 AND 6759193 ORDER BY c
	Sort  (cost=40.89..40.92 rows=10 width=121)
	  Sort Key: c
	  ->  Index Scan using sbtest6_pkey on sbtest6  (cost=0.43..40.73 rows=10 width=121)
	        Index Cond: ((id >= 6759184) AND (id <= 6759193))

table 7 : explain SELECT c FROM sbtest7 WHERE id BETWEEN 4812755 AND 4812764 ORDER BY c
	Sort  (cost=40.20..40.22 rows=10 width=121)
	  Sort Key: c
	  ->  Index Scan using sbtest7_pkey on sbtest7  (cost=0.43..40.03 rows=10 width=121)
	        Index Cond: ((id >= 4812755) AND (id <= 4812764))

table 8 : explain SELECT c FROM sbtest8 WHERE id BETWEEN 4582083 AND 4582092 ORDER BY c
	Sort  (cost=44.21..44.24 rows=11 width=121)
	  Sort Key: c
	  ->  Index Scan using sbtest8_pkey on sbtest8  (cost=0.43..44.02 rows=11 width=121)
	        Index Cond: ((id >= 4582083) AND (id <= 4582092))

for: sum_ranges
table 1 : explain SELECT SUM(k) FROM sbtest1 WHERE id BETWEEN 4115194 AND 4115203
	Aggregate  (cost=40.77..40.78 rows=1 width=8)
	  ->  Index Scan using sbtest1_pkey on sbtest1  (cost=0.43..40.75 rows=10 width=4)
	        Index Cond: ((id >= 4115194) AND (id <= 4115203))

table 2 : explain SELECT SUM(k) FROM sbtest2 WHERE id BETWEEN 4968970 AND 4968979
	Aggregate  (cost=44.19..44.20 rows=1 width=8)
	  ->  Index Scan using sbtest2_pkey on sbtest2  (cost=0.43..44.16 rows=11 width=4)
	        Index Cond: ((id >= 4968970) AND (id <= 4968979))

table 3 : explain SELECT SUM(k) FROM sbtest3 WHERE id BETWEEN 1518703 AND 1518712
	Aggregate  (cost=40.42..40.43 rows=1 width=8)
	  ->  Index Scan using sbtest3_pkey on sbtest3  (cost=0.43..40.39 rows=10 width=4)
	        Index Cond: ((id >= 1518703) AND (id <= 1518712))

table 4 : explain SELECT SUM(k) FROM sbtest4 WHERE id BETWEEN 2629123 AND 2629132
	Aggregate  (cost=40.28..40.29 rows=1 width=8)
	  ->  Index Scan using sbtest4_pkey on sbtest4  (cost=0.43..40.25 rows=10 width=4)
	        Index Cond: ((id >= 2629123) AND (id <= 2629132))

table 5 : explain SELECT SUM(k) FROM sbtest5 WHERE id BETWEEN 1592187 AND 1592196
	Aggregate  (cost=40.40..40.41 rows=1 width=8)
	  ->  Index Scan using sbtest5_pkey on sbtest5  (cost=0.43..40.38 rows=10 width=4)
	        Index Cond: ((id >= 1592187) AND (id <= 1592196))

table 6 : explain SELECT SUM(k) FROM sbtest6 WHERE id BETWEEN 1638768 AND 1638777
	Aggregate  (cost=40.75..40.76 rows=1 width=8)
	  ->  Index Scan using sbtest6_pkey on sbtest6  (cost=0.43..40.73 rows=10 width=4)
	        Index Cond: ((id >= 1638768) AND (id <= 1638777))

table 7 : explain SELECT SUM(k) FROM sbtest7 WHERE id BETWEEN 1705414 AND 1705423
	Aggregate  (cost=43.57..43.58 rows=1 width=8)
	  ->  Index Scan using sbtest7_pkey on sbtest7  (cost=0.43..43.54 rows=11 width=4)
	        Index Cond: ((id >= 1705414) AND (id <= 1705423))

table 8 : explain SELECT SUM(k) FROM sbtest8 WHERE id BETWEEN 4851894 AND 4851903
	Aggregate  (cost=44.05..44.06 rows=1 width=8)
	  ->  Index Scan using sbtest8_pkey on sbtest8  (cost=0.43..44.02 rows=11 width=4)
	        Index Cond: ((id >= 4851894) AND (id <= 4851903))

explain: for point_selects :: explain SELECT c FROM sbtest%u WHERE id=%u
explain: for index_updates :: explain UPDATE sbtest%u SET k=k+1 WHERE id=%u
for: sum_ranges
table 1 : explain SELECT SUM(k) FROM sbtest1 WHERE id BETWEEN 6600330 AND 6600339
	Aggregate  (cost=40.77..40.78 rows=1 width=8)
	  ->  Index Scan using sbtest1_pkey on sbtest1  (cost=0.43..40.75 rows=10 width=4)
	        Index Cond: ((id >= 6600330) AND (id <= 6600339))

table 2 : explain SELECT SUM(k) FROM sbtest2 WHERE id BETWEEN 5722911 AND 5722920
	Aggregate  (cost=40.61..40.62 rows=1 width=8)
	  ->  Index Scan using sbtest2_pkey on sbtest2  (cost=0.43..40.59 rows=10 width=4)
	        Index Cond: ((id >= 5722911) AND (id <= 5722920))

table 3 : explain SELECT SUM(k) FROM sbtest3 WHERE id BETWEEN 97523 AND 97532
	Aggregate  (cost=36.87..36.88 rows=1 width=8)
	  ->  Index Scan using sbtest3_pkey on sbtest3  (cost=0.43..36.84 rows=9 width=4)
	        Index Cond: ((id >= 97523) AND (id <= 97532))

table 4 : explain SELECT SUM(k) FROM sbtest4 WHERE id BETWEEN 8061689 AND 8061698
	Aggregate  (cost=40.28..40.29 rows=1 width=8)
	  ->  Index Scan using sbtest4_pkey on sbtest4  (cost=0.43..40.25 rows=10 width=4)
	        Index Cond: ((id >= 8061689) AND (id <= 8061698))

table 5 : explain SELECT SUM(k) FROM sbtest5 WHERE id BETWEEN 6581794 AND 6581803
	Aggregate  (cost=40.40..40.41 rows=1 width=8)
	  ->  Index Scan using sbtest5_pkey on sbtest5  (cost=0.43..40.38 rows=10 width=4)
	        Index Cond: ((id >= 6581794) AND (id <= 6581803))

table 6 : explain SELECT SUM(k) FROM sbtest6 WHERE id BETWEEN 6302600 AND 6302609
	Aggregate  (cost=37.16..37.17 rows=1 width=8)
	  ->  Index Scan using sbtest6_pkey on sbtest6  (cost=0.43..37.14 rows=9 width=4)
	        Index Cond: ((id >= 6302600) AND (id <= 6302609))

table 7 : explain SELECT SUM(k) FROM sbtest7 WHERE id BETWEEN 5475928 AND 5475937
	Aggregate  (cost=40.06..40.07 rows=1 width=8)
	  ->  Index Scan using sbtest7_pkey on sbtest7  (cost=0.43..40.03 rows=10 width=4)
	        Index Cond: ((id >= 5475928) AND (id <= 5475937))

table 8 : explain SELECT SUM(k) FROM sbtest8 WHERE id BETWEEN 2336821 AND 2336830
	Aggregate  (cost=40.49..40.50 rows=1 width=8)
	  ->  Index Scan using sbtest8_pkey on sbtest8  (cost=0.43..40.46 rows=10 width=4)
	        Index Cond: ((id >= 2336821) AND (id <= 2336830))

for: order_ranges
table 1 : explain SELECT c FROM sbtest1 WHERE id BETWEEN 7291297 AND 7291306 ORDER BY c
	Sort  (cost=44.53..44.55 rows=11 width=121)
	  Sort Key: c
	  ->  Index Scan using sbtest1_pkey on sbtest1  (cost=0.43..44.33 rows=11 width=121)
	        Index Cond: ((id >= 7291297) AND (id <= 7291306))

table 2 : explain SELECT c FROM sbtest2 WHERE id BETWEEN 3671382 AND 3671391 ORDER BY c
	Sort  (cost=40.75..40.78 rows=10 width=121)
	  Sort Key: c
	  ->  Index Scan using sbtest2_pkey on sbtest2  (cost=0.43..40.59 rows=10 width=121)
	        Index Cond: ((id >= 3671382) AND (id <= 3671391))

table 3 : explain SELECT c FROM sbtest3 WHERE id BETWEEN 4232835 AND 4232844 ORDER BY c
	Sort  (cost=40.56..40.58 rows=10 width=121)
	  Sort Key: c
	  ->  Index Scan using sbtest3_pkey on sbtest3  (cost=0.43..40.39 rows=10 width=121)
	        Index Cond: ((id >= 4232835) AND (id <= 4232844))

table 4 : explain SELECT c FROM sbtest4 WHERE id BETWEEN 4326798 AND 4326807 ORDER BY c
	Sort  (cost=40.42..40.44 rows=10 width=121)
	  Sort Key: c
	  ->  Index Scan using sbtest4_pkey on sbtest4  (cost=0.43..40.25 rows=10 width=121)
	        Index Cond: ((id >= 4326798) AND (id <= 4326807))

table 5 : explain SELECT c FROM sbtest5 WHERE id BETWEEN 2714954 AND 2714963 ORDER BY c
	Sort  (cost=40.55..40.57 rows=10 width=121)
	  Sort Key: c
	  ->  Index Scan using sbtest5_pkey on sbtest5  (cost=0.43..40.38 rows=10 width=121)
	        Index Cond: ((id >= 2714954) AND (id <= 2714963))

table 6 : explain SELECT c FROM sbtest6 WHERE id BETWEEN 9238938 AND 9238947 ORDER BY c
	Sort  (cost=37.28..37.31 rows=9 width=121)
	  Sort Key: c
	  ->  Index Scan using sbtest6_pkey on sbtest6  (cost=0.43..37.14 rows=9 width=121)
	        Index Cond: ((id >= 9238938) AND (id <= 9238947))

table 7 : explain SELECT c FROM sbtest7 WHERE id BETWEEN 4323385 AND 4323394 ORDER BY c
	Sort  (cost=40.20..40.22 rows=10 width=121)
	  Sort Key: c
	  ->  Index Scan using sbtest7_pkey on sbtest7  (cost=0.43..40.03 rows=10 width=121)
	        Index Cond: ((id >= 4323385) AND (id <= 4323394))

table 8 : explain SELECT c FROM sbtest8 WHERE id BETWEEN 3139545 AND 3139554 ORDER BY c
	Sort  (cost=44.21..44.24 rows=11 width=121)
	  Sort Key: c
	  ->  Index Scan using sbtest8_pkey on sbtest8  (cost=0.43..44.02 rows=11 width=121)
	        Index Cond: ((id >= 3139545) AND (id <= 3139554))

for point_selects
table 1 : explain SELECT c FROM sbtest1 WHERE id=3949147
	Index Scan using sbtest1_pkey on sbtest1  (cost=0.43..8.45 rows=1 width=121)
	  Index Cond: (id = 3949147)

table 2 : explain SELECT c FROM sbtest2 WHERE id=7797027
	Index Scan using sbtest2_pkey on sbtest2  (cost=0.43..8.45 rows=1 width=121)
	  Index Cond: (id = 7797027)

table 3 : explain SELECT c FROM sbtest3 WHERE id=670447
	Index Scan using sbtest3_pkey on sbtest3  (cost=0.43..8.45 rows=1 width=121)
	  Index Cond: (id = 670447)

table 4 : explain SELECT c FROM sbtest4 WHERE id=6550389
	Index Scan using sbtest4_pkey on sbtest4  (cost=0.43..8.45 rows=1 width=121)
	  Index Cond: (id = 6550389)

table 5 : explain SELECT c FROM sbtest5 WHERE id=5876178
	Index Scan using sbtest5_pkey on sbtest5  (cost=0.43..8.45 rows=1 width=121)
	  Index Cond: (id = 5876178)

table 6 : explain SELECT c FROM sbtest6 WHERE id=6012820
	Index Scan using sbtest6_pkey on sbtest6  (cost=0.43..8.45 rows=1 width=121)
	  Index Cond: (id = 6012820)

table 7 : explain SELECT c FROM sbtest7 WHERE id=1229266
	Index Scan using sbtest7_pkey on sbtest7  (cost=0.43..8.45 rows=1 width=121)
	  Index Cond: (id = 1229266)

table 8 : explain SELECT c FROM sbtest8 WHERE id=1296004
	Index Scan using sbtest8_pkey on sbtest8  (cost=0.43..8.45 rows=1 width=121)
	  Index Cond: (id = 1296004)

for: order_ranges
table 1 : explain SELECT c FROM sbtest1 WHERE id BETWEEN 7699204 AND 7699213 ORDER BY c
	Sort  (cost=37.30..37.32 rows=9 width=121)
	  Sort Key: c
	  ->  Index Scan using sbtest1_pkey on sbtest1  (cost=0.43..37.16 rows=9 width=121)
	        Index Cond: ((id >= 7699204) AND (id <= 7699213))

table 2 : explain SELECT c FROM sbtest2 WHERE id BETWEEN 782239 AND 782248 ORDER BY c
	Sort  (cost=37.16..37.18 rows=9 width=121)
	  Sort Key: c
	  ->  Index Scan using sbtest2_pkey on sbtest2  (cost=0.43..37.02 rows=9 width=121)
	        Index Cond: ((id >= 782239) AND (id <= 782248))

table 3 : explain SELECT c FROM sbtest3 WHERE id BETWEEN 1839788 AND 1839797 ORDER BY c
	Sort  (cost=40.56..40.58 rows=10 width=121)
	  Sort Key: c
	  ->  Index Scan using sbtest3_pkey on sbtest3  (cost=0.43..40.39 rows=10 width=121)
	        Index Cond: ((id >= 1839788) AND (id <= 1839797))

table 4 : explain SELECT c FROM sbtest4 WHERE id BETWEEN 4674242 AND 4674251 ORDER BY c
	Sort  (cost=40.42..40.44 rows=10 width=121)
	  Sort Key: c
	  ->  Index Scan using sbtest4_pkey on sbtest4  (cost=0.43..40.25 rows=10 width=121)
	        Index Cond: ((id >= 4674242) AND (id <= 4674251))

table 5 : explain SELECT c FROM sbtest5 WHERE id BETWEEN 2669443 AND 2669452 ORDER BY c
	Sort  (cost=44.12..44.14 rows=11 width=121)
	  Sort Key: c
	  ->  Index Scan using sbtest5_pkey on sbtest5  (cost=0.43..43.93 rows=11 width=121)
	        Index Cond: ((id >= 2669443) AND (id <= 2669452))

table 6 : explain SELECT c FROM sbtest6 WHERE id BETWEEN 4547086 AND 4547095 ORDER BY c
	Sort  (cost=37.28..37.31 rows=9 width=121)
	  Sort Key: c
	  ->  Index Scan using sbtest6_pkey on sbtest6  (cost=0.43..37.14 rows=9 width=121)
	        Index Cond: ((id >= 4547086) AND (id <= 4547095))

table 7 : explain SELECT c FROM sbtest7 WHERE id BETWEEN 8879681 AND 8879690 ORDER BY c
	Sort  (cost=47.26..47.29 rows=12 width=121)
	  Sort Key: c
	  ->  Index Scan using sbtest7_pkey on sbtest7  (cost=0.43..47.05 rows=12 width=121)
	        Index Cond: ((id >= 8879681) AND (id <= 8879690))

table 8 : explain SELECT c FROM sbtest8 WHERE id BETWEEN 2895649 AND 2895658 ORDER BY c
	Sort  (cost=40.63..40.65 rows=10 width=121)
	  Sort Key: c
	  ->  Index Scan using sbtest8_pkey on sbtest8  (cost=0.43..40.46 rows=10 width=121)
	        Index Cond: ((id >= 2895649) AND (id <= 2895658))

for: sum_ranges
table 1 : explain SELECT SUM(k) FROM sbtest1 WHERE id BETWEEN 5308092 AND 5308101
	Aggregate  (cost=40.77..40.78 rows=1 width=8)
	  ->  Index Scan using sbtest1_pkey on sbtest1  (cost=0.43..40.75 rows=10 width=4)
	        Index Cond: ((id >= 5308092) AND (id <= 5308101))

table 2 : explain SELECT SUM(k) FROM sbtest2 WHERE id BETWEEN 1491622 AND 1491631
	Aggregate  (cost=40.61..40.62 rows=1 width=8)
	  ->  Index Scan using sbtest2_pkey on sbtest2  (cost=0.43..40.59 rows=10 width=4)
	        Index Cond: ((id >= 1491622) AND (id <= 1491631))

table 3 : explain SELECT SUM(k) FROM sbtest3 WHERE id BETWEEN 8481919 AND 8481928
	Aggregate  (cost=40.42..40.43 rows=1 width=8)
	  ->  Index Scan using sbtest3_pkey on sbtest3  (cost=0.43..40.39 rows=10 width=4)
	        Index Cond: ((id >= 8481919) AND (id <= 8481928))

table 4 : explain SELECT SUM(k) FROM sbtest4 WHERE id BETWEEN 4947362 AND 4947371
	Aggregate  (cost=43.81..43.82 rows=1 width=8)
	  ->  Index Scan using sbtest4_pkey on sbtest4  (cost=0.43..43.78 rows=11 width=4)
	        Index Cond: ((id >= 4947362) AND (id <= 4947371))

table 5 : explain SELECT SUM(k) FROM sbtest5 WHERE id BETWEEN 7453481 AND 7453490
	Aggregate  (cost=40.40..40.41 rows=1 width=8)
	  ->  Index Scan using sbtest5_pkey on sbtest5  (cost=0.43..40.38 rows=10 width=4)
	        Index Cond: ((id >= 7453481) AND (id <= 7453490))

table 6 : explain SELECT SUM(k) FROM sbtest6 WHERE id BETWEEN 9028481 AND 9028490
	Aggregate  (cost=40.75..40.76 rows=1 width=8)
	  ->  Index Scan using sbtest6_pkey on sbtest6  (cost=0.43..40.73 rows=10 width=4)
	        Index Cond: ((id >= 9028481) AND (id <= 9028490))

table 7 : explain SELECT SUM(k) FROM sbtest7 WHERE id BETWEEN 8989277 AND 8989286
	Aggregate  (cost=43.57..43.58 rows=1 width=8)
	  ->  Index Scan using sbtest7_pkey on sbtest7  (cost=0.43..43.54 rows=11 width=4)
	        Index Cond: ((id >= 8989277) AND (id <= 8989286))

table 8 : explain SELECT SUM(k) FROM sbtest8 WHERE id BETWEEN 9319861 AND 9319870
	Aggregate  (cost=40.49..40.50 rows=1 width=8)
	  ->  Index Scan using sbtest8_pkey on sbtest8  (cost=0.43..40.46 rows=10 width=4)
	        Index Cond: ((id >= 9319861) AND (id <= 9319870))

for: order_ranges
table 1 : explain SELECT c FROM sbtest1 WHERE id BETWEEN 5293042 AND 5293051 ORDER BY c
	Sort  (cost=40.91..40.94 rows=10 width=121)
	  Sort Key: c
	  ->  Index Scan using sbtest1_pkey on sbtest1  (cost=0.43..40.75 rows=10 width=121)
	        Index Cond: ((id >= 5293042) AND (id <= 5293051))

table 2 : explain SELECT c FROM sbtest2 WHERE id BETWEEN 2232390 AND 2232399 ORDER BY c
	Sort  (cost=40.75..40.78 rows=10 width=121)
	  Sort Key: c
	  ->  Index Scan using sbtest2_pkey on sbtest2  (cost=0.43..40.59 rows=10 width=121)
	        Index Cond: ((id >= 2232390) AND (id <= 2232399))

table 3 : explain SELECT c FROM sbtest3 WHERE id BETWEEN 4580072 AND 4580081 ORDER BY c
	Sort  (cost=40.56..40.58 rows=10 width=121)
	  Sort Key: c
	  ->  Index Scan using sbtest3_pkey on sbtest3  (cost=0.43..40.39 rows=10 width=121)
	        Index Cond: ((id >= 4580072) AND (id <= 4580081))

table 4 : explain SELECT c FROM sbtest4 WHERE id BETWEEN 1374630 AND 1374639 ORDER BY c
	Sort  (cost=40.42..40.44 rows=10 width=121)
	  Sort Key: c
	  ->  Index Scan using sbtest4_pkey on sbtest4  (cost=0.43..40.25 rows=10 width=121)
	        Index Cond: ((id >= 1374630) AND (id <= 1374639))

table 5 : explain SELECT c FROM sbtest5 WHERE id BETWEEN 3134915 AND 3134924 ORDER BY c
	Sort  (cost=36.97..37.00 rows=9 width=121)
	  Sort Key: c
	  ->  Index Scan using sbtest5_pkey on sbtest5  (cost=0.43..36.83 rows=9 width=121)
	        Index Cond: ((id >= 3134915) AND (id <= 3134924))

table 6 : explain SELECT c FROM sbtest6 WHERE id BETWEEN 8283962 AND 8283971 ORDER BY c
	Sort  (cost=37.28..37.31 rows=9 width=121)
	  Sort Key: c
	  ->  Index Scan using sbtest6_pkey on sbtest6  (cost=0.43..37.14 rows=9 width=121)
	        Index Cond: ((id >= 8283962) AND (id <= 8283971))

table 7 : explain SELECT c FROM sbtest7 WHERE id BETWEEN 1889215 AND 1889224 ORDER BY c
	Sort  (cost=40.20..40.22 rows=10 width=121)
	  Sort Key: c
	  ->  Index Scan using sbtest7_pkey on sbtest7  (cost=0.43..40.03 rows=10 width=121)
	        Index Cond: ((id >= 1889215) AND (id <= 1889224))

table 8 : explain SELECT c FROM sbtest8 WHERE id BETWEEN 452575 AND 452584 ORDER BY c
	Sort  (cost=40.63..40.65 rows=10 width=121)
	  Sort Key: c
	  ->  Index Scan using sbtest8_pkey on sbtest8  (cost=0.43..40.46 rows=10 width=121)
	        Index Cond: ((id >= 452575) AND (id <= 452584))

for: simple_ranges
table 1 : explain SELECT c FROM sbtest1 WHERE id BETWEEN 1319333 AND 1319342
	Index Scan using sbtest1_pkey on sbtest1  (cost=0.43..40.75 rows=10 width=121)
	  Index Cond: ((id >= 1319333) AND (id <= 1319342))

table 2 : explain SELECT c FROM sbtest2 WHERE id BETWEEN 2101317 AND 2101326
	Index Scan using sbtest2_pkey on sbtest2  (cost=0.43..44.16 rows=11 width=121)
	  Index Cond: ((id >= 2101317) AND (id <= 2101326))

table 3 : explain SELECT c FROM sbtest3 WHERE id BETWEEN 3400966 AND 3400975
	Index Scan using sbtest3_pkey on sbtest3  (cost=0.43..40.39 rows=10 width=121)
	  Index Cond: ((id >= 3400966) AND (id <= 3400975))

table 4 : explain SELECT c FROM sbtest4 WHERE id BETWEEN 5261958 AND 5261967
	Index Scan using sbtest4_pkey on sbtest4  (cost=0.43..40.25 rows=10 width=121)
	  Index Cond: ((id >= 5261958) AND (id <= 5261967))

table 5 : explain SELECT c FROM sbtest5 WHERE id BETWEEN 337861 AND 337870
	Index Scan using sbtest5_pkey on sbtest5  (cost=0.43..40.38 rows=10 width=121)
	  Index Cond: ((id >= 337861) AND (id <= 337870))

table 6 : explain SELECT c FROM sbtest6 WHERE id BETWEEN 7597131 AND 7597140
	Index Scan using sbtest6_pkey on sbtest6  (cost=0.43..44.31 rows=11 width=121)
	  Index Cond: ((id >= 7597131) AND (id <= 7597140))

table 7 : explain SELECT c FROM sbtest7 WHERE id BETWEEN 640687 AND 640696
	Index Scan using sbtest7_pkey on sbtest7  (cost=0.43..40.03 rows=10 width=121)
	  Index Cond: ((id >= 640687) AND (id <= 640696))

table 8 : explain SELECT c FROM sbtest8 WHERE id BETWEEN 5426479 AND 5426488
	Index Scan using sbtest8_pkey on sbtest8  (cost=0.43..40.46 rows=10 width=121)
	  Index Cond: ((id >= 5426479) AND (id <= 5426488))

for: distinct_ranges
table 1 : explain SELECT DISTINCT c FROM sbtest1 WHERE id BETWEEN 6624040 AND 6624049 ORDER BY c
	Unique  (cost=40.91..40.96 rows=10 width=121)
	  ->  Sort  (cost=40.91..40.94 rows=10 width=121)
	        Sort Key: c
	        ->  Index Scan using sbtest1_pkey on sbtest1  (cost=0.43..40.75 rows=10 width=121)
	              Index Cond: ((id >= 6624040) AND (id <= 6624049))

table 2 : explain SELECT DISTINCT c FROM sbtest2 WHERE id BETWEEN 1398535 AND 1398544 ORDER BY c
	Unique  (cost=40.75..40.80 rows=10 width=121)
	  ->  Sort  (cost=40.75..40.78 rows=10 width=121)
	        Sort Key: c
	        ->  Index Scan using sbtest2_pkey on sbtest2  (cost=0.43..40.59 rows=10 width=121)
	              Index Cond: ((id >= 1398535) AND (id <= 1398544))

table 3 : explain SELECT DISTINCT c FROM sbtest3 WHERE id BETWEEN 4500921 AND 4500930 ORDER BY c
	Unique  (cost=40.56..40.61 rows=10 width=121)
	  ->  Sort  (cost=40.56..40.58 rows=10 width=121)
	        Sort Key: c
	        ->  Index Scan using sbtest3_pkey on sbtest3  (cost=0.43..40.39 rows=10 width=121)
	              Index Cond: ((id >= 4500921) AND (id <= 4500930))

table 4 : explain SELECT DISTINCT c FROM sbtest4 WHERE id BETWEEN 5634802 AND 5634811 ORDER BY c
	Unique  (cost=40.42..40.47 rows=10 width=121)
	  ->  Sort  (cost=40.42..40.44 rows=10 width=121)
	        Sort Key: c
	        ->  Index Scan using sbtest4_pkey on sbtest4  (cost=0.43..40.25 rows=10 width=121)
	              Index Cond: ((id >= 5634802) AND (id <= 5634811))

table 5 : explain SELECT DISTINCT c FROM sbtest5 WHERE id BETWEEN 3285145 AND 3285154 ORDER BY c
	Unique  (cost=40.55..40.60 rows=10 width=121)
	  ->  Sort  (cost=40.55..40.57 rows=10 width=121)
	        Sort Key: c
	        ->  Index Scan using sbtest5_pkey on sbtest5  (cost=0.43..40.38 rows=10 width=121)
	              Index Cond: ((id >= 3285145) AND (id <= 3285154))

table 6 : explain SELECT DISTINCT c FROM sbtest6 WHERE id BETWEEN 141532 AND 141541 ORDER BY c
	Unique  (cost=37.28..37.33 rows=9 width=121)
	  ->  Sort  (cost=37.28..37.31 rows=9 width=121)
	        Sort Key: c
	        ->  Index Scan using sbtest6_pkey on sbtest6  (cost=0.43..37.14 rows=9 width=121)
	              Index Cond: ((id >= 141532) AND (id <= 141541))

table 7 : explain SELECT DISTINCT c FROM sbtest7 WHERE id BETWEEN 7636777 AND 7636786 ORDER BY c
	Unique  (cost=43.73..43.78 rows=11 width=121)
	  ->  Sort  (cost=43.73..43.76 rows=11 width=121)
	        Sort Key: c
	        ->  Index Scan using sbtest7_pkey on sbtest7  (cost=0.43..43.54 rows=11 width=121)
	              Index Cond: ((id >= 7636777) AND (id <= 7636786))

table 8 : explain SELECT DISTINCT c FROM sbtest8 WHERE id BETWEEN 1153964 AND 1153973 ORDER BY c
	Unique  (cost=40.63..40.68 rows=10 width=121)
	  ->  Sort  (cost=40.63..40.65 rows=10 width=121)
	        Sort Key: c
	        ->  Index Scan using sbtest8_pkey on sbtest8  (cost=0.43..40.46 rows=10 width=121)
	              Index Cond: ((id >= 1153964) AND (id <= 1153973))

for point_selects
table 1 : explain SELECT c FROM sbtest1 WHERE id=3244689
	Index Scan using sbtest1_pkey on sbtest1  (cost=0.43..8.45 rows=1 width=121)
	  Index Cond: (id = 3244689)

table 2 : explain SELECT c FROM sbtest2 WHERE id=57787
	Index Scan using sbtest2_pkey on sbtest2  (cost=0.43..8.45 rows=1 width=121)
	  Index Cond: (id = 57787)

table 3 : explain SELECT c FROM sbtest3 WHERE id=5307872
	Index Scan using sbtest3_pkey on sbtest3  (cost=0.43..8.45 rows=1 width=121)
	  Index Cond: (id = 5307872)

table 4 : explain SELECT c FROM sbtest4 WHERE id=8185970
	Index Scan using sbtest4_pkey on sbtest4  (cost=0.43..8.45 rows=1 width=121)
	  Index Cond: (id = 8185970)

table 5 : explain SELECT c FROM sbtest5 WHERE id=7822125
	Index Scan using sbtest5_pkey on sbtest5  (cost=0.43..8.45 rows=1 width=121)
	  Index Cond: (id = 7822125)

table 6 : explain SELECT c FROM sbtest6 WHERE id=6254792
	Index Scan using sbtest6_pkey on sbtest6  (cost=0.43..8.45 rows=1 width=121)
	  Index Cond: (id = 6254792)

table 7 : explain SELECT c FROM sbtest7 WHERE id=6799436
	Index Scan using sbtest7_pkey on sbtest7  (cost=0.43..8.45 rows=1 width=121)
	  Index Cond: (id = 6799436)

table 8 : explain SELECT c FROM sbtest8 WHERE id=7897478
	Index Scan using sbtest8_pkey on sbtest8  (cost=0.43..8.45 rows=1 width=121)
	  Index Cond: (id = 7897478)

for: distinct_ranges
table 1 : explain SELECT DISTINCT c FROM sbtest1 WHERE id BETWEEN 6085733 AND 6085742 ORDER BY c
	Unique  (cost=37.30..37.35 rows=9 width=121)
	  ->  Sort  (cost=37.30..37.32 rows=9 width=121)
	        Sort Key: c
	        ->  Index Scan using sbtest1_pkey on sbtest1  (cost=0.43..37.16 rows=9 width=121)
	              Index Cond: ((id >= 6085733) AND (id <= 6085742))

table 2 : explain SELECT DISTINCT c FROM sbtest2 WHERE id BETWEEN 69249 AND 69258 ORDER BY c
	Unique  (cost=40.75..40.80 rows=10 width=121)
	  ->  Sort  (cost=40.75..40.78 rows=10 width=121)
	        Sort Key: c
	        ->  Index Scan using sbtest2_pkey on sbtest2  (cost=0.43..40.59 rows=10 width=121)
	              Index Cond: ((id >= 69249) AND (id <= 69258))

table 3 : explain SELECT DISTINCT c FROM sbtest3 WHERE id BETWEEN 8069768 AND 8069777 ORDER BY c
	Unique  (cost=40.56..40.61 rows=10 width=121)
	  ->  Sort  (cost=40.56..40.58 rows=10 width=121)
	        Sort Key: c
	        ->  Index Scan using sbtest3_pkey on sbtest3  (cost=0.43..40.39 rows=10 width=121)
	              Index Cond: ((id >= 8069768) AND (id <= 8069777))

table 4 : explain SELECT DISTINCT c FROM sbtest4 WHERE id BETWEEN 5709443 AND 5709452 ORDER BY c
	Unique  (cost=40.42..40.47 rows=10 width=121)
	  ->  Sort  (cost=40.42..40.44 rows=10 width=121)
	        Sort Key: c
	        ->  Index Scan using sbtest4_pkey on sbtest4  (cost=0.43..40.25 rows=10 width=121)
	              Index Cond: ((id >= 5709443) AND (id <= 5709452))

table 5 : explain SELECT DISTINCT c FROM sbtest5 WHERE id BETWEEN 8646844 AND 8646853 ORDER BY c
	Unique  (cost=40.55..40.60 rows=10 width=121)
	  ->  Sort  (cost=40.55..40.57 rows=10 width=121)
	        Sort Key: c
	        ->  Index Scan using sbtest5_pkey on sbtest5  (cost=0.43..40.38 rows=10 width=121)
	              Index Cond: ((id >= 8646844) AND (id <= 8646853))

table 6 : explain SELECT DISTINCT c FROM sbtest6 WHERE id BETWEEN 7922442 AND 7922451 ORDER BY c
	Unique  (cost=44.50..44.56 rows=11 width=121)
	  ->  Sort  (cost=44.50..44.53 rows=11 width=121)
	        Sort Key: c
	        ->  Index Scan using sbtest6_pkey on sbtest6  (cost=0.43..44.31 rows=11 width=121)
	              Index Cond: ((id >= 7922442) AND (id <= 7922451))

table 7 : explain SELECT DISTINCT c FROM sbtest7 WHERE id BETWEEN 5292065 AND 5292074 ORDER BY c
	Unique  (cost=40.20..40.25 rows=10 width=121)
	  ->  Sort  (cost=40.20..40.22 rows=10 width=121)
	        Sort Key: c
	        ->  Index Scan using sbtest7_pkey on sbtest7  (cost=0.43..40.03 rows=10 width=121)
	              Index Cond: ((id >= 5292065) AND (id <= 5292074))

table 8 : explain SELECT DISTINCT c FROM sbtest8 WHERE id BETWEEN 2581391 AND 2581400 ORDER BY c
	Unique  (cost=40.63..40.68 rows=10 width=121)
	  ->  Sort  (cost=40.63..40.65 rows=10 width=121)
	        Sort Key: c
	        ->  Index Scan using sbtest8_pkey on sbtest8  (cost=0.43..40.46 rows=10 width=121)
	              Index Cond: ((id >= 2581391) AND (id <= 2581400))

for: distinct_ranges
table 1 : explain SELECT DISTINCT c FROM sbtest1 WHERE id BETWEEN 2560116 AND 2560125 ORDER BY c
	Unique  (cost=40.91..40.96 rows=10 width=121)
	  ->  Sort  (cost=40.91..40.94 rows=10 width=121)
	        Sort Key: c
	        ->  Index Scan using sbtest1_pkey on sbtest1  (cost=0.43..40.75 rows=10 width=121)
	              Index Cond: ((id >= 2560116) AND (id <= 2560125))

table 2 : explain SELECT DISTINCT c FROM sbtest2 WHERE id BETWEEN 3766839 AND 3766848 ORDER BY c
	Unique  (cost=40.75..40.80 rows=10 width=121)
	  ->  Sort  (cost=40.75..40.78 rows=10 width=121)
	        Sort Key: c
	        ->  Index Scan using sbtest2_pkey on sbtest2  (cost=0.43..40.59 rows=10 width=121)
	              Index Cond: ((id >= 3766839) AND (id <= 3766848))

table 3 : explain SELECT DISTINCT c FROM sbtest3 WHERE id BETWEEN 7616285 AND 7616294 ORDER BY c
	Unique  (cost=40.56..40.61 rows=10 width=121)
	  ->  Sort  (cost=40.56..40.58 rows=10 width=121)
	        Sort Key: c
	        ->  Index Scan using sbtest3_pkey on sbtest3  (cost=0.43..40.39 rows=10 width=121)
	              Index Cond: ((id >= 7616285) AND (id <= 7616294))

table 4 : explain SELECT DISTINCT c FROM sbtest4 WHERE id BETWEEN 5866742 AND 5866751 ORDER BY c
	Unique  (cost=40.42..40.47 rows=10 width=121)
	  ->  Sort  (cost=40.42..40.44 rows=10 width=121)
	        Sort Key: c
	        ->  Index Scan using sbtest4_pkey on sbtest4  (cost=0.43..40.25 rows=10 width=121)
	              Index Cond: ((id >= 5866742) AND (id <= 5866751))

table 5 : explain SELECT DISTINCT c FROM sbtest5 WHERE id BETWEEN 7015264 AND 7015273 ORDER BY c
	Unique  (cost=40.55..40.60 rows=10 width=121)
	  ->  Sort  (cost=40.55..40.57 rows=10 width=121)
	        Sort Key: c
	        ->  Index Scan using sbtest5_pkey on sbtest5  (cost=0.43..40.38 rows=10 width=121)
	              Index Cond: ((id >= 7015264) AND (id <= 7015273))

table 6 : explain SELECT DISTINCT c FROM sbtest6 WHERE id BETWEEN 4661400 AND 4661409 ORDER BY c
	Unique  (cost=40.89..40.94 rows=10 width=121)
	  ->  Sort  (cost=40.89..40.92 rows=10 width=121)
	        Sort Key: c
	        ->  Index Scan using sbtest6_pkey on sbtest6  (cost=0.43..40.73 rows=10 width=121)
	              Index Cond: ((id >= 4661400) AND (id <= 4661409))

table 7 : explain SELECT DISTINCT c FROM sbtest7 WHERE id BETWEEN 6907425 AND 6907434 ORDER BY c
	Unique  (cost=40.20..40.25 rows=10 width=121)
	  ->  Sort  (cost=40.20..40.22 rows=10 width=121)
	        Sort Key: c
	        ->  Index Scan using sbtest7_pkey on sbtest7  (cost=0.43..40.03 rows=10 width=121)
	              Index Cond: ((id >= 6907425) AND (id <= 6907434))

table 8 : explain SELECT DISTINCT c FROM sbtest8 WHERE id BETWEEN 7589811 AND 7589820 ORDER BY c
	Unique  (cost=44.21..44.26 rows=11 width=121)
	  ->  Sort  (cost=44.21..44.24 rows=11 width=121)
	        Sort Key: c
	        ->  Index Scan using sbtest8_pkey on sbtest8  (cost=0.43..44.02 rows=11 width=121)
	              Index Cond: ((id >= 7589811) AND (id <= 7589820))

for: distinct_ranges
table 1 : explain SELECT DISTINCT c FROM sbtest1 WHERE id BETWEEN 9829072 AND 9829081 ORDER BY c
	Unique  (cost=40.91..40.96 rows=10 width=121)
	  ->  Sort  (cost=40.91..40.94 rows=10 width=121)
	        Sort Key: c
	        ->  Index Scan using sbtest1_pkey on sbtest1  (cost=0.43..40.75 rows=10 width=121)
	              Index Cond: ((id >= 9829072) AND (id <= 9829081))

table 2 : explain SELECT DISTINCT c FROM sbtest2 WHERE id BETWEEN 6204439 AND 6204448 ORDER BY c
	Unique  (cost=40.75..40.80 rows=10 width=121)
	  ->  Sort  (cost=40.75..40.78 rows=10 width=121)
	        Sort Key: c
	        ->  Index Scan using sbtest2_pkey on sbtest2  (cost=0.43..40.59 rows=10 width=121)
	              Index Cond: ((id >= 6204439) AND (id <= 6204448))

table 3 : explain SELECT DISTINCT c FROM sbtest3 WHERE id BETWEEN 3914132 AND 3914141 ORDER BY c
	Unique  (cost=44.13..44.19 rows=11 width=121)
	  ->  Sort  (cost=44.13..44.16 rows=11 width=121)
	        Sort Key: c
	        ->  Index Scan using sbtest3_pkey on sbtest3  (cost=0.43..43.94 rows=11 width=121)
	              Index Cond: ((id >= 3914132) AND (id <= 3914141))

table 4 : explain SELECT DISTINCT c FROM sbtest4 WHERE id BETWEEN 8285603 AND 8285612 ORDER BY c
	Unique  (cost=40.42..40.47 rows=10 width=121)
	  ->  Sort  (cost=40.42..40.44 rows=10 width=121)
	        Sort Key: c
	        ->  Index Scan using sbtest4_pkey on sbtest4  (cost=0.43..40.25 rows=10 width=121)
	              Index Cond: ((id >= 8285603) AND (id <= 8285612))

table 5 : explain SELECT DISTINCT c FROM sbtest5 WHERE id BETWEEN 1776863 AND 1776872 ORDER BY c
	Unique  (cost=40.55..40.60 rows=10 width=121)
	  ->  Sort  (cost=40.55..40.57 rows=10 width=121)
	        Sort Key: c
	        ->  Index Scan using sbtest5_pkey on sbtest5  (cost=0.43..40.38 rows=10 width=121)
	              Index Cond: ((id >= 1776863) AND (id <= 1776872))

table 6 : explain SELECT DISTINCT c FROM sbtest6 WHERE id BETWEEN 4997968 AND 4997977 ORDER BY c
	Unique  (cost=37.28..37.33 rows=9 width=121)
	  ->  Sort  (cost=37.28..37.31 rows=9 width=121)
	        Sort Key: c
	        ->  Index Scan using sbtest6_pkey on sbtest6  (cost=0.43..37.14 rows=9 width=121)
	              Index Cond: ((id >= 4997968) AND (id <= 4997977))

table 7 : explain SELECT DISTINCT c FROM sbtest7 WHERE id BETWEEN 9427037 AND 9427046 ORDER BY c
	Unique  (cost=40.20..40.25 rows=10 width=121)
	  ->  Sort  (cost=40.20..40.22 rows=10 width=121)
	        Sort Key: c
	        ->  Index Scan using sbtest7_pkey on sbtest7  (cost=0.43..40.03 rows=10 width=121)
	              Index Cond: ((id >= 9427037) AND (id <= 9427046))

table 8 : explain SELECT DISTINCT c FROM sbtest8 WHERE id BETWEEN 4344579 AND 4344588 ORDER BY c
	Unique  (cost=40.63..40.68 rows=10 width=121)
	  ->  Sort  (cost=40.63..40.65 rows=10 width=121)
	        Sort Key: c
	        ->  Index Scan using sbtest8_pkey on sbtest8  (cost=0.43..40.46 rows=10 width=121)
	              Index Cond: ((id >= 4344579) AND (id <= 4344588))

for: distinct_ranges
table 1 : explain SELECT DISTINCT c FROM sbtest1 WHERE id BETWEEN 7158892 AND 7158901 ORDER BY c
	Unique  (cost=44.53..44.58 rows=11 width=121)
	  ->  Sort  (cost=44.53..44.55 rows=11 width=121)
	        Sort Key: c
	        ->  Index Scan using sbtest1_pkey on sbtest1  (cost=0.43..44.33 rows=11 width=121)
	              Index Cond: ((id >= 7158892) AND (id <= 7158901))

table 2 : explain SELECT DISTINCT c FROM sbtest2 WHERE id BETWEEN 2067008 AND 2067017 ORDER BY c
	Unique  (cost=44.35..44.40 rows=11 width=121)
	  ->  Sort  (cost=44.35..44.38 rows=11 width=121)
	        Sort Key: c
	        ->  Index Scan using sbtest2_pkey on sbtest2  (cost=0.43..44.16 rows=11 width=121)
	              Index Cond: ((id >= 2067008) AND (id <= 2067017))

table 3 : explain SELECT DISTINCT c FROM sbtest3 WHERE id BETWEEN 119581 AND 119590 ORDER BY c
	Unique  (cost=44.13..44.19 rows=11 width=121)
	  ->  Sort  (cost=44.13..44.16 rows=11 width=121)
	        Sort Key: c
	        ->  Index Scan using sbtest3_pkey on sbtest3  (cost=0.43..43.94 rows=11 width=121)
	              Index Cond: ((id >= 119581) AND (id <= 119590))

table 4 : explain SELECT DISTINCT c FROM sbtest4 WHERE id BETWEEN 978472 AND 978481 ORDER BY c
	Unique  (cost=40.42..40.47 rows=10 width=121)
	  ->  Sort  (cost=40.42..40.44 rows=10 width=121)
	        Sort Key: c
	        ->  Index Scan using sbtest4_pkey on sbtest4  (cost=0.43..40.25 rows=10 width=121)
	              Index Cond: ((id >= 978472) AND (id <= 978481))

table 5 : explain SELECT DISTINCT c FROM sbtest5 WHERE id BETWEEN 6500825 AND 6500834 ORDER BY c
	Unique  (cost=40.55..40.60 rows=10 width=121)
	  ->  Sort  (cost=40.55..40.57 rows=10 width=121)
	        Sort Key: c
	        ->  Index Scan using sbtest5_pkey on sbtest5  (cost=0.43..40.38 rows=10 width=121)
	              Index Cond: ((id >= 6500825) AND (id <= 6500834))

table 6 : explain SELECT DISTINCT c FROM sbtest6 WHERE id BETWEEN 8968318 AND 8968327 ORDER BY c
	Unique  (cost=40.89..40.94 rows=10 width=121)
	  ->  Sort  (cost=40.89..40.92 rows=10 width=121)
	        Sort Key: c
	        ->  Index Scan using sbtest6_pkey on sbtest6  (cost=0.43..40.73 rows=10 width=121)
	              Index Cond: ((id >= 8968318) AND (id <= 8968327))

table 7 : explain SELECT DISTINCT c FROM sbtest7 WHERE id BETWEEN 1659558 AND 1659567 ORDER BY c
	Unique  (cost=43.73..43.78 rows=11 width=121)
	  ->  Sort  (cost=43.73..43.76 rows=11 width=121)
	        Sort Key: c
	        ->  Index Scan using sbtest7_pkey on sbtest7  (cost=0.43..43.54 rows=11 width=121)
	              Index Cond: ((id >= 1659558) AND (id <= 1659567))

table 8 : explain SELECT DISTINCT c FROM sbtest8 WHERE id BETWEEN 8057937 AND 8057946 ORDER BY c
	Unique  (cost=40.63..40.68 rows=10 width=121)
	  ->  Sort  (cost=40.63..40.65 rows=10 width=121)
	        Sort Key: c
	        ->  Index Scan using sbtest8_pkey on sbtest8  (cost=0.43..40.46 rows=10 width=121)
	              Index Cond: ((id >= 8057937) AND (id <= 8057946))

for point_selects
table 1 : explain SELECT c FROM sbtest1 WHERE id=9377710
	Index Scan using sbtest1_pkey on sbtest1  (cost=0.43..8.45 rows=1 width=121)
	  Index Cond: (id = 9377710)

table 2 : explain SELECT c FROM sbtest2 WHERE id=3553139
	Index Scan using sbtest2_pkey on sbtest2  (cost=0.43..8.45 rows=1 width=121)
	  Index Cond: (id = 3553139)

table 3 : explain SELECT c FROM sbtest3 WHERE id=750033
	Index Scan using sbtest3_pkey on sbtest3  (cost=0.43..8.45 rows=1 width=121)
	  Index Cond: (id = 750033)

table 4 : explain SELECT c FROM sbtest4 WHERE id=3837282
	Index Scan using sbtest4_pkey on sbtest4  (cost=0.43..8.45 rows=1 width=121)
	  Index Cond: (id = 3837282)

table 5 : explain SELECT c FROM sbtest5 WHERE id=4798296
	Index Scan using sbtest5_pkey on sbtest5  (cost=0.43..8.45 rows=1 width=121)
	  Index Cond: (id = 4798296)

table 6 : explain SELECT c FROM sbtest6 WHERE id=402255
	Index Scan using sbtest6_pkey on sbtest6  (cost=0.43..8.45 rows=1 width=121)
	  Index Cond: (id = 402255)

table 7 : explain SELECT c FROM sbtest7 WHERE id=4735301
	Index Scan using sbtest7_pkey on sbtest7  (cost=0.43..8.45 rows=1 width=121)
	  Index Cond: (id = 4735301)

table 8 : explain SELECT c FROM sbtest8 WHERE id=6199910
	Index Scan using sbtest8_pkey on sbtest8  (cost=0.43..8.45 rows=1 width=121)
	  Index Cond: (id = 6199910)

explain: for index_updates :: explain UPDATE sbtest%u SET k=k+1 WHERE id=%u
explain: for index_updates :: explain UPDATE sbtest%u SET k=k+1 WHERE id=%u
explain: for index_updates :: explain UPDATE sbtest%u SET k=k+1 WHERE id=%u
for: sum_ranges
table 1 : explain SELECT SUM(k) FROM sbtest1 WHERE id BETWEEN 4176314 AND 4176323
	Aggregate  (cost=40.77..40.78 rows=1 width=8)
	  ->  Index Scan using sbtest1_pkey on sbtest1  (cost=0.43..40.75 rows=10 width=4)
	        Index Cond: ((id >= 4176314) AND (id <= 4176323))

table 2 : explain SELECT SUM(k) FROM sbtest2 WHERE id BETWEEN 7182316 AND 7182325
	Aggregate  (cost=37.04..37.05 rows=1 width=8)
	  ->  Index Scan using sbtest2_pkey on sbtest2  (cost=0.43..37.02 rows=9 width=4)
	        Index Cond: ((id >= 7182316) AND (id <= 7182325))

table 3 : explain SELECT SUM(k) FROM sbtest3 WHERE id BETWEEN 760011 AND 760020
	Aggregate  (cost=40.42..40.43 rows=1 width=8)
	  ->  Index Scan using sbtest3_pkey on sbtest3  (cost=0.43..40.39 rows=10 width=4)
	        Index Cond: ((id >= 760011) AND (id <= 760020))

table 4 : explain SELECT SUM(k) FROM sbtest4 WHERE id BETWEEN 4985241 AND 4985250
	Aggregate  (cost=43.81..43.82 rows=1 width=8)
	  ->  Index Scan using sbtest4_pkey on sbtest4  (cost=0.43..43.78 rows=11 width=4)
	        Index Cond: ((id >= 4985241) AND (id <= 4985250))

table 5 : explain SELECT SUM(k) FROM sbtest5 WHERE id BETWEEN 5430328 AND 5430337
	Aggregate  (cost=36.85..36.86 rows=1 width=8)
	  ->  Index Scan using sbtest5_pkey on sbtest5  (cost=0.43..36.83 rows=9 width=4)
	        Index Cond: ((id >= 5430328) AND (id <= 5430337))

table 6 : explain SELECT SUM(k) FROM sbtest6 WHERE id BETWEEN 979631 AND 979640
	Aggregate  (cost=40.75..40.76 rows=1 width=8)
	  ->  Index Scan using sbtest6_pkey on sbtest6  (cost=0.43..40.73 rows=10 width=4)
	        Index Cond: ((id >= 979631) AND (id <= 979640))

table 7 : explain SELECT SUM(k) FROM sbtest7 WHERE id BETWEEN 3220511 AND 3220520
	Aggregate  (cost=40.06..40.07 rows=1 width=8)
	  ->  Index Scan using sbtest7_pkey on sbtest7  (cost=0.43..40.03 rows=10 width=4)
	        Index Cond: ((id >= 3220511) AND (id <= 3220520))

table 8 : explain SELECT SUM(k) FROM sbtest8 WHERE id BETWEEN 3169944 AND 3169953
	Aggregate  (cost=44.05..44.06 rows=1 width=8)
	  ->  Index Scan using sbtest8_pkey on sbtest8  (cost=0.43..44.02 rows=11 width=4)
	        Index Cond: ((id >= 3169944) AND (id <= 3169953))

explain: for index_updates :: explain UPDATE sbtest%u SET k=k+1 WHERE id=%u
for index_updates
table 1 : explain UPDATE sbtest1 SET k=k+1 WHERE id=4286714
	Update on sbtest1  (cost=0.43..8.46 rows=0 width=0)
	  ->  Index Scan using sbtest1_pkey on sbtest1  (cost=0.43..8.46 rows=1 width=10)
	        Index Cond: (id = 4286714)

table 2 : explain UPDATE sbtest2 SET k=k+1 WHERE id=8837445
	Update on sbtest2  (cost=0.43..8.46 rows=0 width=0)
	  ->  Index Scan using sbtest2_pkey on sbtest2  (cost=0.43..8.46 rows=1 width=10)
	        Index Cond: (id = 8837445)

table 3 : explain UPDATE sbtest3 SET k=k+1 WHERE id=3268680
	Update on sbtest3  (cost=0.43..8.46 rows=0 width=0)
	  ->  Index Scan using sbtest3_pkey on sbtest3  (cost=0.43..8.46 rows=1 width=10)
	        Index Cond: (id = 3268680)

table 4 : explain UPDATE sbtest4 SET k=k+1 WHERE id=9859954
	Update on sbtest4  (cost=0.43..8.46 rows=0 width=0)
	  ->  Index Scan using sbtest4_pkey on sbtest4  (cost=0.43..8.46 rows=1 width=10)
	        Index Cond: (id = 9859954)

table 5 : explain UPDATE sbtest5 SET k=k+1 WHERE id=2395830
	Update on sbtest5  (cost=0.43..8.46 rows=0 width=0)
	  ->  Index Scan using sbtest5_pkey on sbtest5  (cost=0.43..8.46 rows=1 width=10)
	        Index Cond: (id = 2395830)

table 6 : explain UPDATE sbtest6 SET k=k+1 WHERE id=4450164
	Update on sbtest6  (cost=0.43..8.46 rows=0 width=0)
	  ->  Index Scan using sbtest6_pkey on sbtest6  (cost=0.43..8.46 rows=1 width=10)
	        Index Cond: (id = 4450164)

table 7 : explain UPDATE sbtest7 SET k=k+1 WHERE id=5435770
	Update on sbtest7  (cost=0.43..8.46 rows=0 width=0)
	  ->  Index Scan using sbtest7_pkey on sbtest7  (cost=0.43..8.46 rows=1 width=10)
	        Index Cond: (id = 5435770)

table 8 : explain UPDATE sbtest8 SET k=k+1 WHERE id=9137261
	Update on sbtest8  (cost=0.43..8.46 rows=0 width=0)
	  ->  Index Scan using sbtest8_pkey on sbtest8  (cost=0.43..8.46 rows=1 width=10)
	        Index Cond: (id = 9137261)

for index_updates
table 1 : explain UPDATE sbtest1 SET k=k+1 WHERE id=6897321
	Update on sbtest1  (cost=0.43..8.46 rows=0 width=0)
	  ->  Index Scan using sbtest1_pkey on sbtest1  (cost=0.43..8.46 rows=1 width=10)
	        Index Cond: (id = 6897321)

table 2 : explain UPDATE sbtest2 SET k=k+1 WHERE id=7692875
	Update on sbtest2  (cost=0.43..8.46 rows=0 width=0)
	  ->  Index Scan using sbtest2_pkey on sbtest2  (cost=0.43..8.46 rows=1 width=10)
	        Index Cond: (id = 7692875)

table 3 : explain UPDATE sbtest3 SET k=k+1 WHERE id=7826986
	Update on sbtest3  (cost=0.43..8.46 rows=0 width=0)
	  ->  Index Scan using sbtest3_pkey on sbtest3  (cost=0.43..8.46 rows=1 width=10)
	        Index Cond: (id = 7826986)

table 4 : explain UPDATE sbtest4 SET k=k+1 WHERE id=6312306
	Update on sbtest4  (cost=0.43..8.46 rows=0 width=0)
	  ->  Index Scan using sbtest4_pkey on sbtest4  (cost=0.43..8.46 rows=1 width=10)
	        Index Cond: (id = 6312306)

table 5 : explain UPDATE sbtest5 SET k=k+1 WHERE id=7856494
	Update on sbtest5  (cost=0.43..8.46 rows=0 width=0)
	  ->  Index Scan using sbtest5_pkey on sbtest5  (cost=0.43..8.46 rows=1 width=10)
	        Index Cond: (id = 7856494)

table 6 : explain UPDATE sbtest6 SET k=k+1 WHERE id=7025798
	Update on sbtest6  (cost=0.43..8.46 rows=0 width=0)
	  ->  Index Scan using sbtest6_pkey on sbtest6  (cost=0.43..8.46 rows=1 width=10)
	        Index Cond: (id = 7025798)

table 7 : explain UPDATE sbtest7 SET k=k+1 WHERE id=8614795
	Update on sbtest7  (cost=0.43..8.46 rows=0 width=0)
	  ->  Index Scan using sbtest7_pkey on sbtest7  (cost=0.43..8.46 rows=1 width=10)
	        Index Cond: (id = 8614795)

table 8 : explain UPDATE sbtest8 SET k=k+1 WHERE id=4822081
	Update on sbtest8  (cost=0.43..8.46 rows=0 width=0)
	  ->  Index Scan using sbtest8_pkey on sbtest8  (cost=0.43..8.46 rows=1 width=10)
	        Index Cond: (id = 4822081)

explain: for point_selects :: explain SELECT c FROM sbtest%u WHERE id=%u
for: simple_ranges
table 1 : explain SELECT c FROM sbtest1 WHERE id BETWEEN 9478501 AND 9478510
	Index Scan using sbtest1_pkey on sbtest1  (cost=0.43..44.33 rows=11 width=121)
	  Index Cond: ((id >= 9478501) AND (id <= 9478510))

table 2 : explain SELECT c FROM sbtest2 WHERE id BETWEEN 6376939 AND 6376948
	Index Scan using sbtest2_pkey on sbtest2  (cost=0.43..37.02 rows=9 width=121)
	  Index Cond: ((id >= 6376939) AND (id <= 6376948))

table 3 : explain SELECT c FROM sbtest3 WHERE id BETWEEN 1602430 AND 1602439
	Index Scan using sbtest3_pkey on sbtest3  (cost=0.43..40.39 rows=10 width=121)
	  Index Cond: ((id >= 1602430) AND (id <= 1602439))

table 4 : explain SELECT c FROM sbtest4 WHERE id BETWEEN 8648006 AND 8648015
	Index Scan using sbtest4_pkey on sbtest4  (cost=0.43..40.25 rows=10 width=121)
	  Index Cond: ((id >= 8648006) AND (id <= 8648015))

table 5 : explain SELECT c FROM sbtest5 WHERE id BETWEEN 732373 AND 732382
	Index Scan using sbtest5_pkey on sbtest5  (cost=0.43..43.93 rows=11 width=121)
	  Index Cond: ((id >= 732373) AND (id <= 732382))

table 6 : explain SELECT c FROM sbtest6 WHERE id BETWEEN 1476703 AND 1476712
	Index Scan using sbtest6_pkey on sbtest6  (cost=0.43..40.73 rows=10 width=121)
	  Index Cond: ((id >= 1476703) AND (id <= 1476712))

table 7 : explain SELECT c FROM sbtest7 WHERE id BETWEEN 6414620 AND 6414629
	Index Scan using sbtest7_pkey on sbtest7  (cost=0.43..36.52 rows=9 width=121)
	  Index Cond: ((id >= 6414620) AND (id <= 6414629))

table 8 : explain SELECT c FROM sbtest8 WHERE id BETWEEN 1244589 AND 1244598
	Index Scan using sbtest8_pkey on sbtest8  (cost=0.43..40.46 rows=10 width=121)
	  Index Cond: ((id >= 1244589) AND (id <= 1244598))

for: order_ranges
table 1 : explain SELECT c FROM sbtest1 WHERE id BETWEEN 7566915 AND 7566924 ORDER BY c
	Sort  (cost=44.53..44.55 rows=11 width=121)
	  Sort Key: c
	  ->  Index Scan using sbtest1_pkey on sbtest1  (cost=0.43..44.33 rows=11 width=121)
	        Index Cond: ((id >= 7566915) AND (id <= 7566924))

table 2 : explain SELECT c FROM sbtest2 WHERE id BETWEEN 4276135 AND 4276144 ORDER BY c
	Sort  (cost=40.75..40.78 rows=10 width=121)
	  Sort Key: c
	  ->  Index Scan using sbtest2_pkey on sbtest2  (cost=0.43..40.59 rows=10 width=121)
	        Index Cond: ((id >= 4276135) AND (id <= 4276144))

table 3 : explain SELECT c FROM sbtest3 WHERE id BETWEEN 5347253 AND 5347262 ORDER BY c
	Sort  (cost=44.13..44.16 rows=11 width=121)
	  Sort Key: c
	  ->  Index Scan using sbtest3_pkey on sbtest3  (cost=0.43..43.94 rows=11 width=121)
	        Index Cond: ((id >= 5347253) AND (id <= 5347262))

table 4 : explain SELECT c FROM sbtest4 WHERE id BETWEEN 4775716 AND 4775725 ORDER BY c
	Sort  (cost=40.42..40.44 rows=10 width=121)
	  Sort Key: c
	  ->  Index Scan using sbtest4_pkey on sbtest4  (cost=0.43..40.25 rows=10 width=121)
	        Index Cond: ((id >= 4775716) AND (id <= 4775725))

table 5 : explain SELECT c FROM sbtest5 WHERE id BETWEEN 8403243 AND 8403252 ORDER BY c
	Sort  (cost=44.12..44.14 rows=11 width=121)
	  Sort Key: c
	  ->  Index Scan using sbtest5_pkey on sbtest5  (cost=0.43..43.93 rows=11 width=121)
	        Index Cond: ((id >= 8403243) AND (id <= 8403252))

table 6 : explain SELECT c FROM sbtest6 WHERE id BETWEEN 5534361 AND 5534370 ORDER BY c
	Sort  (cost=40.89..40.92 rows=10 width=121)
	  Sort Key: c
	  ->  Index Scan using sbtest6_pkey on sbtest6  (cost=0.43..40.73 rows=10 width=121)
	        Index Cond: ((id >= 5534361) AND (id <= 5534370))

table 7 : explain SELECT c FROM sbtest7 WHERE id BETWEEN 546974 AND 546983 ORDER BY c
	Sort  (cost=36.66..36.69 rows=9 width=121)
	  Sort Key: c
	  ->  Index Scan using sbtest7_pkey on sbtest7  (cost=0.43..36.52 rows=9 width=121)
	        Index Cond: ((id >= 546974) AND (id <= 546983))

table 8 : explain SELECT c FROM sbtest8 WHERE id BETWEEN 7878309 AND 7878318 ORDER BY c
	Sort  (cost=37.05..37.07 rows=9 width=121)
	  Sort Key: c
	  ->  Index Scan using sbtest8_pkey on sbtest8  (cost=0.43..36.91 rows=9 width=121)
	        Index Cond: ((id >= 7878309) AND (id <= 7878318))

explain: for non_index_updates :: explain UPDATE sbtest%u SET c='foobar' WHERE id=%u
for: sum_ranges
table 1 : explain SELECT SUM(k) FROM sbtest1 WHERE id BETWEEN 9131479 AND 9131488
	Aggregate  (cost=40.77..40.78 rows=1 width=8)
	  ->  Index Scan using sbtest1_pkey on sbtest1  (cost=0.43..40.75 rows=10 width=4)
	        Index Cond: ((id >= 9131479) AND (id <= 9131488))

table 2 : explain SELECT SUM(k) FROM sbtest2 WHERE id BETWEEN 9384261 AND 9384270
	Aggregate  (cost=40.61..40.62 rows=1 width=8)
	  ->  Index Scan using sbtest2_pkey on sbtest2  (cost=0.43..40.59 rows=10 width=4)
	        Index Cond: ((id >= 9384261) AND (id <= 9384270))

table 3 : explain SELECT SUM(k) FROM sbtest3 WHERE id BETWEEN 2061027 AND 2061036
	Aggregate  (cost=40.42..40.43 rows=1 width=8)
	  ->  Index Scan using sbtest3_pkey on sbtest3  (cost=0.43..40.39 rows=10 width=4)
	        Index Cond: ((id >= 2061027) AND (id <= 2061036))

table 4 : explain SELECT SUM(k) FROM sbtest4 WHERE id BETWEEN 9176269 AND 9176278
	Aggregate  (cost=40.28..40.29 rows=1 width=8)
	  ->  Index Scan using sbtest4_pkey on sbtest4  (cost=0.43..40.25 rows=10 width=4)
	        Index Cond: ((id >= 9176269) AND (id <= 9176278))

table 5 : explain SELECT SUM(k) FROM sbtest5 WHERE id BETWEEN 3455900 AND 3455909
	Aggregate  (cost=36.85..36.86 rows=1 width=8)
	  ->  Index Scan using sbtest5_pkey on sbtest5  (cost=0.43..36.83 rows=9 width=4)
	        Index Cond: ((id >= 3455900) AND (id <= 3455909))

table 6 : explain SELECT SUM(k) FROM sbtest6 WHERE id BETWEEN 7020939 AND 7020948
	Aggregate  (cost=40.75..40.76 rows=1 width=8)
	  ->  Index Scan using sbtest6_pkey on sbtest6  (cost=0.43..40.73 rows=10 width=4)
	        Index Cond: ((id >= 7020939) AND (id <= 7020948))

table 7 : explain SELECT SUM(k) FROM sbtest7 WHERE id BETWEEN 3403983 AND 3403992
	Aggregate  (cost=36.54..36.55 rows=1 width=8)
	  ->  Index Scan using sbtest7_pkey on sbtest7  (cost=0.43..36.52 rows=9 width=4)
	        Index Cond: ((id >= 3403983) AND (id <= 3403992))

table 8 : explain SELECT SUM(k) FROM sbtest8 WHERE id BETWEEN 4760814 AND 4760823
	Aggregate  (cost=36.93..36.94 rows=1 width=8)
	  ->  Index Scan using sbtest8_pkey on sbtest8  (cost=0.43..36.91 rows=9 width=4)
	        Index Cond: ((id >= 4760814) AND (id <= 4760823))

explain: for non_index_updates :: explain UPDATE sbtest%u SET c='foobar' WHERE id=%u
for: distinct_ranges
table 1 : explain SELECT DISTINCT c FROM sbtest1 WHERE id BETWEEN 4009500 AND 4009509 ORDER BY c
	Unique  (cost=44.53..44.58 rows=11 width=121)
	  ->  Sort  (cost=44.53..44.55 rows=11 width=121)
	        Sort Key: c
	        ->  Index Scan using sbtest1_pkey on sbtest1  (cost=0.43..44.33 rows=11 width=121)
	              Index Cond: ((id >= 4009500) AND (id <= 4009509))

table 2 : explain SELECT DISTINCT c FROM sbtest2 WHERE id BETWEEN 9318099 AND 9318108 ORDER BY c
	Unique  (cost=40.75..40.80 rows=10 width=121)
	  ->  Sort  (cost=40.75..40.78 rows=10 width=121)
	        Sort Key: c
	        ->  Index Scan using sbtest2_pkey on sbtest2  (cost=0.43..40.59 rows=10 width=121)
	              Index Cond: ((id >= 9318099) AND (id <= 9318108))

table 3 : explain SELECT DISTINCT c FROM sbtest3 WHERE id BETWEEN 1831529 AND 1831538 ORDER BY c
	Unique  (cost=40.56..40.61 rows=10 width=121)
	  ->  Sort  (cost=40.56..40.58 rows=10 width=121)
	        Sort Key: c
	        ->  Index Scan using sbtest3_pkey on sbtest3  (cost=0.43..40.39 rows=10 width=121)
	              Index Cond: ((id >= 1831529) AND (id <= 1831538))

table 4 : explain SELECT DISTINCT c FROM sbtest4 WHERE id BETWEEN 3437788 AND 3437797 ORDER BY c
	Unique  (cost=43.97..44.03 rows=11 width=121)
	  ->  Sort  (cost=43.97..44.00 rows=11 width=121)
	        Sort Key: c
	        ->  Index Scan using sbtest4_pkey on sbtest4  (cost=0.43..43.78 rows=11 width=121)
	              Index Cond: ((id >= 3437788) AND (id <= 3437797))

table 5 : explain SELECT DISTINCT c FROM sbtest5 WHERE id BETWEEN 6756884 AND 6756893 ORDER BY c
	Unique  (cost=44.12..44.17 rows=11 width=121)
	  ->  Sort  (cost=44.12..44.14 rows=11 width=121)
	        Sort Key: c
	        ->  Index Scan using sbtest5_pkey on sbtest5  (cost=0.43..43.93 rows=11 width=121)
	              Index Cond: ((id >= 6756884) AND (id <= 6756893))

table 6 : explain SELECT DISTINCT c FROM sbtest6 WHERE id BETWEEN 3259487 AND 3259496 ORDER BY c
	Unique  (cost=40.89..40.94 rows=10 width=121)
	  ->  Sort  (cost=40.89..40.92 rows=10 width=121)
	        Sort Key: c
	        ->  Index Scan using sbtest6_pkey on sbtest6  (cost=0.43..40.73 rows=10 width=121)
	              Index Cond: ((id >= 3259487) AND (id <= 3259496))

table 7 : explain SELECT DISTINCT c FROM sbtest7 WHERE id BETWEEN 83850 AND 83859 ORDER BY c
	Unique  (cost=40.20..40.25 rows=10 width=121)
	  ->  Sort  (cost=40.20..40.22 rows=10 width=121)
	        Sort Key: c
	        ->  Index Scan using sbtest7_pkey on sbtest7  (cost=0.43..40.03 rows=10 width=121)
	              Index Cond: ((id >= 83850) AND (id <= 83859))

table 8 : explain SELECT DISTINCT c FROM sbtest8 WHERE id BETWEEN 4594142 AND 4594151 ORDER BY c
	Unique  (cost=37.05..37.09 rows=9 width=121)
	  ->  Sort  (cost=37.05..37.07 rows=9 width=121)
	        Sort Key: c
	        ->  Index Scan using sbtest8_pkey on sbtest8  (cost=0.43..36.91 rows=9 width=121)
	              Index Cond: ((id >= 4594142) AND (id <= 4594151))

for non_index_updates
table 1 : explain UPDATE sbtest1 SET c='foobar' WHERE id=3670574
	Update on sbtest1  (cost=0.43..8.45 rows=0 width=0)
	  ->  Index Scan using sbtest1_pkey on sbtest1  (cost=0.43..8.45 rows=1 width=490)
	        Index Cond: (id = 3670574)

table 2 : explain UPDATE sbtest2 SET c='foobar' WHERE id=3208207
	Update on sbtest2  (cost=0.43..8.45 rows=0 width=0)
	  ->  Index Scan using sbtest2_pkey on sbtest2  (cost=0.43..8.45 rows=1 width=490)
	        Index Cond: (id = 3208207)

table 3 : explain UPDATE sbtest3 SET c='foobar' WHERE id=9886833
	Update on sbtest3  (cost=0.43..8.45 rows=0 width=0)
	  ->  Index Scan using sbtest3_pkey on sbtest3  (cost=0.43..8.45 rows=1 width=490)
	        Index Cond: (id = 9886833)

table 4 : explain UPDATE sbtest4 SET c='foobar' WHERE id=6798496
	Update on sbtest4  (cost=0.43..8.45 rows=0 width=0)
	  ->  Index Scan using sbtest4_pkey on sbtest4  (cost=0.43..8.45 rows=1 width=490)
	        Index Cond: (id = 6798496)

table 5 : explain UPDATE sbtest5 SET c='foobar' WHERE id=5578738
	Update on sbtest5  (cost=0.43..8.45 rows=0 width=0)
	  ->  Index Scan using sbtest5_pkey on sbtest5  (cost=0.43..8.45 rows=1 width=490)
	        Index Cond: (id = 5578738)

table 6 : explain UPDATE sbtest6 SET c='foobar' WHERE id=7418736
	Update on sbtest6  (cost=0.43..8.45 rows=0 width=0)
	  ->  Index Scan using sbtest6_pkey on sbtest6  (cost=0.43..8.45 rows=1 width=490)
	        Index Cond: (id = 7418736)

table 7 : explain UPDATE sbtest7 SET c='foobar' WHERE id=590751
	Update on sbtest7  (cost=0.43..8.45 rows=0 width=0)
	  ->  Index Scan using sbtest7_pkey on sbtest7  (cost=0.43..8.45 rows=1 width=490)
	        Index Cond: (id = 590751)

table 8 : explain UPDATE sbtest8 SET c='foobar' WHERE id=194349
	Update on sbtest8  (cost=0.43..8.45 rows=0 width=0)
	  ->  Index Scan using sbtest8_pkey on sbtest8  (cost=0.43..8.45 rows=1 width=490)
	        Index Cond: (id = 194349)

for: order_ranges
table 1 : explain SELECT c FROM sbtest1 WHERE id BETWEEN 438942 AND 438951 ORDER BY c
	Sort  (cost=37.30..37.32 rows=9 width=121)
	  Sort Key: c
	  ->  Index Scan using sbtest1_pkey on sbtest1  (cost=0.43..37.16 rows=9 width=121)
	        Index Cond: ((id >= 438942) AND (id <= 438951))

table 2 : explain SELECT c FROM sbtest2 WHERE id BETWEEN 3023287 AND 3023296 ORDER BY c
	Sort  (cost=44.35..44.38 rows=11 width=121)
	  Sort Key: c
	  ->  Index Scan using sbtest2_pkey on sbtest2  (cost=0.43..44.16 rows=11 width=121)
	        Index Cond: ((id >= 3023287) AND (id <= 3023296))

table 3 : explain SELECT c FROM sbtest3 WHERE id BETWEEN 6919238 AND 6919247 ORDER BY c
	Sort  (cost=40.56..40.58 rows=10 width=121)
	  Sort Key: c
	  ->  Index Scan using sbtest3_pkey on sbtest3  (cost=0.43..40.39 rows=10 width=121)
	        Index Cond: ((id >= 6919238) AND (id <= 6919247))

table 4 : explain SELECT c FROM sbtest4 WHERE id BETWEEN 7875170 AND 7875179 ORDER BY c
	Sort  (cost=40.42..40.44 rows=10 width=121)
	  Sort Key: c
	  ->  Index Scan using sbtest4_pkey on sbtest4  (cost=0.43..40.25 rows=10 width=121)
	        Index Cond: ((id >= 7875170) AND (id <= 7875179))

table 5 : explain SELECT c FROM sbtest5 WHERE id BETWEEN 5279769 AND 5279778 ORDER BY c
	Sort  (cost=36.97..37.00 rows=9 width=121)
	  Sort Key: c
	  ->  Index Scan using sbtest5_pkey on sbtest5  (cost=0.43..36.83 rows=9 width=121)
	        Index Cond: ((id >= 5279769) AND (id <= 5279778))

table 6 : explain SELECT c FROM sbtest6 WHERE id BETWEEN 2459335 AND 2459344 ORDER BY c
	Sort  (cost=44.50..44.53 rows=11 width=121)
	  Sort Key: c
	  ->  Index Scan using sbtest6_pkey on sbtest6  (cost=0.43..44.31 rows=11 width=121)
	        Index Cond: ((id >= 2459335) AND (id <= 2459344))

table 7 : explain SELECT c FROM sbtest7 WHERE id BETWEEN 116713 AND 116722 ORDER BY c
	Sort  (cost=36.66..36.69 rows=9 width=121)
	  Sort Key: c
	  ->  Index Scan using sbtest7_pkey on sbtest7  (cost=0.43..36.52 rows=9 width=121)
	        Index Cond: ((id >= 116713) AND (id <= 116722))

table 8 : explain SELECT c FROM sbtest8 WHERE id BETWEEN 7282388 AND 7282397 ORDER BY c
	Sort  (cost=37.05..37.07 rows=9 width=121)
	  Sort Key: c
	  ->  Index Scan using sbtest8_pkey on sbtest8  (cost=0.43..36.91 rows=9 width=121)
	        Index Cond: ((id >= 7282388) AND (id <= 7282397))

for: distinct_ranges
table 1 : explain SELECT DISTINCT c FROM sbtest1 WHERE id BETWEEN 7030490 AND 7030499 ORDER BY c
	Unique  (cost=44.53..44.58 rows=11 width=121)
	  ->  Sort  (cost=44.53..44.55 rows=11 width=121)
	        Sort Key: c
	        ->  Index Scan using sbtest1_pkey on sbtest1  (cost=0.43..44.33 rows=11 width=121)
	              Index Cond: ((id >= 7030490) AND (id <= 7030499))

table 2 : explain SELECT DISTINCT c FROM sbtest2 WHERE id BETWEEN 6792470 AND 6792479 ORDER BY c
	Unique  (cost=44.35..44.40 rows=11 width=121)
	  ->  Sort  (cost=44.35..44.38 rows=11 width=121)
	        Sort Key: c
	        ->  Index Scan using sbtest2_pkey on sbtest2  (cost=0.43..44.16 rows=11 width=121)
	              Index Cond: ((id >= 6792470) AND (id <= 6792479))

table 3 : explain SELECT DISTINCT c FROM sbtest3 WHERE id BETWEEN 542549 AND 542558 ORDER BY c
	Unique  (cost=40.56..40.61 rows=10 width=121)
	  ->  Sort  (cost=40.56..40.58 rows=10 width=121)
	        Sort Key: c
	        ->  Index Scan using sbtest3_pkey on sbtest3  (cost=0.43..40.39 rows=10 width=121)
	              Index Cond: ((id >= 542549) AND (id <= 542558))

table 4 : explain SELECT DISTINCT c FROM sbtest4 WHERE id BETWEEN 5517801 AND 5517810 ORDER BY c
	Unique  (cost=36.86..36.91 rows=9 width=121)
	  ->  Sort  (cost=36.86..36.88 rows=9 width=121)
	        Sort Key: c
	        ->  Index Scan using sbtest4_pkey on sbtest4  (cost=0.43..36.72 rows=9 width=121)
	              Index Cond: ((id >= 5517801) AND (id <= 5517810))

table 5 : explain SELECT DISTINCT c FROM sbtest5 WHERE id BETWEEN 4222844 AND 4222853 ORDER BY c
	Unique  (cost=44.12..44.17 rows=11 width=121)
	  ->  Sort  (cost=44.12..44.14 rows=11 width=121)
	        Sort Key: c
	        ->  Index Scan using sbtest5_pkey on sbtest5  (cost=0.43..43.93 rows=11 width=121)
	              Index Cond: ((id >= 4222844) AND (id <= 4222853))

table 6 : explain SELECT DISTINCT c FROM sbtest6 WHERE id BETWEEN 4964670 AND 4964679 ORDER BY c
	Unique  (cost=37.28..37.33 rows=9 width=121)
	  ->  Sort  (cost=37.28..37.31 rows=9 width=121)
	        Sort Key: c
	        ->  Index Scan using sbtest6_pkey on sbtest6  (cost=0.43..37.14 rows=9 width=121)
	              Index Cond: ((id >= 4964670) AND (id <= 4964679))

table 7 : explain SELECT DISTINCT c FROM sbtest7 WHERE id BETWEEN 1416034 AND 1416043 ORDER BY c
	Unique  (cost=36.66..36.71 rows=9 width=121)
	  ->  Sort  (cost=36.66..36.69 rows=9 width=121)
	        Sort Key: c
	        ->  Index Scan using sbtest7_pkey on sbtest7  (cost=0.43..36.52 rows=9 width=121)
	              Index Cond: ((id >= 1416034) AND (id <= 1416043))

table 8 : explain SELECT DISTINCT c FROM sbtest8 WHERE id BETWEEN 4253174 AND 4253183 ORDER BY c
	Unique  (cost=44.21..44.26 rows=11 width=121)
	  ->  Sort  (cost=44.21..44.24 rows=11 width=121)
	        Sort Key: c
	        ->  Index Scan using sbtest8_pkey on sbtest8  (cost=0.43..44.02 rows=11 width=121)
	              Index Cond: ((id >= 4253174) AND (id <= 4253183))

for: simple_ranges
table 1 : explain SELECT c FROM sbtest1 WHERE id BETWEEN 4798382 AND 4798391
	Index Scan using sbtest1_pkey on sbtest1  (cost=0.43..47.92 rows=12 width=121)
	  Index Cond: ((id >= 4798382) AND (id <= 4798391))

table 2 : explain SELECT c FROM sbtest2 WHERE id BETWEEN 5054692 AND 5054701
	Index Scan using sbtest2_pkey on sbtest2  (cost=0.43..40.59 rows=10 width=121)
	  Index Cond: ((id >= 5054692) AND (id <= 5054701))

table 3 : explain SELECT c FROM sbtest3 WHERE id BETWEEN 4753748 AND 4753757
	Index Scan using sbtest3_pkey on sbtest3  (cost=0.43..40.39 rows=10 width=121)
	  Index Cond: ((id >= 4753748) AND (id <= 4753757))

table 4 : explain SELECT c FROM sbtest4 WHERE id BETWEEN 3028112 AND 3028121
	Index Scan using sbtest4_pkey on sbtest4  (cost=0.43..40.25 rows=10 width=121)
	  Index Cond: ((id >= 3028112) AND (id <= 3028121))

table 5 : explain SELECT c FROM sbtest5 WHERE id BETWEEN 8597179 AND 8597188
	Index Scan using sbtest5_pkey on sbtest5  (cost=0.43..40.38 rows=10 width=121)
	  Index Cond: ((id >= 8597179) AND (id <= 8597188))

table 6 : explain SELECT c FROM sbtest6 WHERE id BETWEEN 5945417 AND 5945426
	Index Scan using sbtest6_pkey on sbtest6  (cost=0.43..37.14 rows=9 width=121)
	  Index Cond: ((id >= 5945417) AND (id <= 5945426))

table 7 : explain SELECT c FROM sbtest7 WHERE id BETWEEN 9369373 AND 9369382
	Index Scan using sbtest7_pkey on sbtest7  (cost=0.43..43.54 rows=11 width=121)
	  Index Cond: ((id >= 9369373) AND (id <= 9369382))

table 8 : explain SELECT c FROM sbtest8 WHERE id BETWEEN 8425474 AND 8425483
	Index Scan using sbtest8_pkey on sbtest8  (cost=0.43..40.46 rows=10 width=121)
	  Index Cond: ((id >= 8425474) AND (id <= 8425483))

for index_updates
table 1 : explain UPDATE sbtest1 SET k=k+1 WHERE id=1822497
	Update on sbtest1  (cost=0.43..8.46 rows=0 width=0)
	  ->  Index Scan using sbtest1_pkey on sbtest1  (cost=0.43..8.46 rows=1 width=10)
	        Index Cond: (id = 1822497)

table 2 : explain UPDATE sbtest2 SET k=k+1 WHERE id=8422167
	Update on sbtest2  (cost=0.43..8.46 rows=0 width=0)
	  ->  Index Scan using sbtest2_pkey on sbtest2  (cost=0.43..8.46 rows=1 width=10)
	        Index Cond: (id = 8422167)

table 3 : explain UPDATE sbtest3 SET k=k+1 WHERE id=2971570
	Update on sbtest3  (cost=0.43..8.46 rows=0 width=0)
	  ->  Index Scan using sbtest3_pkey on sbtest3  (cost=0.43..8.46 rows=1 width=10)
	        Index Cond: (id = 2971570)

table 4 : explain UPDATE sbtest4 SET k=k+1 WHERE id=8448017
	Update on sbtest4  (cost=0.43..8.46 rows=0 width=0)
	  ->  Index Scan using sbtest4_pkey on sbtest4  (cost=0.43..8.46 rows=1 width=10)
	        Index Cond: (id = 8448017)

table 5 : explain UPDATE sbtest5 SET k=k+1 WHERE id=9306407
	Update on sbtest5  (cost=0.43..8.46 rows=0 width=0)
	  ->  Index Scan using sbtest5_pkey on sbtest5  (cost=0.43..8.46 rows=1 width=10)
	        Index Cond: (id = 9306407)

table 6 : explain UPDATE sbtest6 SET k=k+1 WHERE id=1508952
	Update on sbtest6  (cost=0.43..8.46 rows=0 width=0)
	  ->  Index Scan using sbtest6_pkey on sbtest6  (cost=0.43..8.46 rows=1 width=10)
	        Index Cond: (id = 1508952)

table 7 : explain UPDATE sbtest7 SET k=k+1 WHERE id=7101740
	Update on sbtest7  (cost=0.43..8.46 rows=0 width=0)
	  ->  Index Scan using sbtest7_pkey on sbtest7  (cost=0.43..8.46 rows=1 width=10)
	        Index Cond: (id = 7101740)

table 8 : explain UPDATE sbtest8 SET k=k+1 WHERE id=2539332
	Update on sbtest8  (cost=0.43..8.46 rows=0 width=0)
	  ->  Index Scan using sbtest8_pkey on sbtest8  (cost=0.43..8.46 rows=1 width=10)
	        Index Cond: (id = 2539332)

for index_updates
table 1 : explain UPDATE sbtest1 SET k=k+1 WHERE id=9615960
	Update on sbtest1  (cost=0.43..8.46 rows=0 width=0)
	  ->  Index Scan using sbtest1_pkey on sbtest1  (cost=0.43..8.46 rows=1 width=10)
	        Index Cond: (id = 9615960)

table 2 : explain UPDATE sbtest2 SET k=k+1 WHERE id=3018221
	Update on sbtest2  (cost=0.43..8.46 rows=0 width=0)
	  ->  Index Scan using sbtest2_pkey on sbtest2  (cost=0.43..8.46 rows=1 width=10)
	        Index Cond: (id = 3018221)

table 3 : explain UPDATE sbtest3 SET k=k+1 WHERE id=442195
	Update on sbtest3  (cost=0.43..8.46 rows=0 width=0)
	  ->  Index Scan using sbtest3_pkey on sbtest3  (cost=0.43..8.46 rows=1 width=10)
	        Index Cond: (id = 442195)

table 4 : explain UPDATE sbtest4 SET k=k+1 WHERE id=7954593
	Update on sbtest4  (cost=0.43..8.46 rows=0 width=0)
	  ->  Index Scan using sbtest4_pkey on sbtest4  (cost=0.43..8.46 rows=1 width=10)
	        Index Cond: (id = 7954593)

table 5 : explain UPDATE sbtest5 SET k=k+1 WHERE id=8561967
	Update on sbtest5  (cost=0.43..8.46 rows=0 width=0)
	  ->  Index Scan using sbtest5_pkey on sbtest5  (cost=0.43..8.46 rows=1 width=10)
	        Index Cond: (id = 8561967)

table 6 : explain UPDATE sbtest6 SET k=k+1 WHERE id=3602283
	Update on sbtest6  (cost=0.43..8.46 rows=0 width=0)
	  ->  Index Scan using sbtest6_pkey on sbtest6  (cost=0.43..8.46 rows=1 width=10)
	        Index Cond: (id = 3602283)

table 7 : explain UPDATE sbtest7 SET k=k+1 WHERE id=8327130
	Update on sbtest7  (cost=0.43..8.46 rows=0 width=0)
	  ->  Index Scan using sbtest7_pkey on sbtest7  (cost=0.43..8.46 rows=1 width=10)
	        Index Cond: (id = 8327130)

table 8 : explain UPDATE sbtest8 SET k=k+1 WHERE id=3143184
	Update on sbtest8  (cost=0.43..8.46 rows=0 width=0)
	  ->  Index Scan using sbtest8_pkey on sbtest8  (cost=0.43..8.46 rows=1 width=10)
	        Index Cond: (id = 3143184)

for: order_ranges
table 1 : explain SELECT c FROM sbtest1 WHERE id BETWEEN 1614238 AND 1614247 ORDER BY c
	Sort  (cost=40.91..40.94 rows=10 width=121)
	  Sort Key: c
	  ->  Index Scan using sbtest1_pkey on sbtest1  (cost=0.43..40.75 rows=10 width=121)
	        Index Cond: ((id >= 1614238) AND (id <= 1614247))

table 2 : explain SELECT c FROM sbtest2 WHERE id BETWEEN 4565739 AND 4565748 ORDER BY c
	Sort  (cost=44.35..44.38 rows=11 width=121)
	  Sort Key: c
	  ->  Index Scan using sbtest2_pkey on sbtest2  (cost=0.43..44.16 rows=11 width=121)
	        Index Cond: ((id >= 4565739) AND (id <= 4565748))

table 3 : explain SELECT c FROM sbtest3 WHERE id BETWEEN 5086239 AND 5086248 ORDER BY c
	Sort  (cost=36.99..37.01 rows=9 width=121)
	  Sort Key: c
	  ->  Index Scan using sbtest3_pkey on sbtest3  (cost=0.43..36.84 rows=9 width=121)
	        Index Cond: ((id >= 5086239) AND (id <= 5086248))

table 4 : explain SELECT c FROM sbtest4 WHERE id BETWEEN 9371391 AND 9371400 ORDER BY c
	Sort  (cost=43.97..44.00 rows=11 width=121)
	  Sort Key: c
	  ->  Index Scan using sbtest4_pkey on sbtest4  (cost=0.43..43.78 rows=11 width=121)
	        Index Cond: ((id >= 9371391) AND (id <= 9371400))

table 5 : explain SELECT c FROM sbtest5 WHERE id BETWEEN 3731434 AND 3731443 ORDER BY c
	Sort  (cost=40.55..40.57 rows=10 width=121)
	  Sort Key: c
	  ->  Index Scan using sbtest5_pkey on sbtest5  (cost=0.43..40.38 rows=10 width=121)
	        Index Cond: ((id >= 3731434) AND (id <= 3731443))

table 6 : explain SELECT c FROM sbtest6 WHERE id BETWEEN 2760255 AND 2760264 ORDER BY c
	Sort  (cost=44.50..44.53 rows=11 width=121)
	  Sort Key: c
	  ->  Index Scan using sbtest6_pkey on sbtest6  (cost=0.43..44.31 rows=11 width=121)
	        Index Cond: ((id >= 2760255) AND (id <= 2760264))

table 7 : explain SELECT c FROM sbtest7 WHERE id BETWEEN 8750438 AND 8750447 ORDER BY c
	Sort  (cost=40.20..40.22 rows=10 width=121)
	  Sort Key: c
	  ->  Index Scan using sbtest7_pkey on sbtest7  (cost=0.43..40.03 rows=10 width=121)
	        Index Cond: ((id >= 8750438) AND (id <= 8750447))

table 8 : explain SELECT c FROM sbtest8 WHERE id BETWEEN 9542896 AND 9542905 ORDER BY c
	Sort  (cost=37.05..37.07 rows=9 width=121)
	  Sort Key: c
	  ->  Index Scan using sbtest8_pkey on sbtest8  (cost=0.43..36.91 rows=9 width=121)
	        Index Cond: ((id >= 9542896) AND (id <= 9542905))

explain: for deletes :: explain DELETE FROM sbtest%u WHERE id=%u
explain: for index_updates :: explain UPDATE sbtest%u SET k=k+1 WHERE id=%u
explain: for index_updates :: explain UPDATE sbtest%u SET k=k+1 WHERE id=%u
for non_index_updates
table 1 : explain UPDATE sbtest1 SET c='foobar' WHERE id=1410157
	Update on sbtest1  (cost=0.43..8.45 rows=0 width=0)
	  ->  Index Scan using sbtest1_pkey on sbtest1  (cost=0.43..8.45 rows=1 width=490)
	        Index Cond: (id = 1410157)

table 2 : explain UPDATE sbtest2 SET c='foobar' WHERE id=4148978
	Update on sbtest2  (cost=0.43..8.45 rows=0 width=0)
	  ->  Index Scan using sbtest2_pkey on sbtest2  (cost=0.43..8.45 rows=1 width=490)
	        Index Cond: (id = 4148978)

table 3 : explain UPDATE sbtest3 SET c='foobar' WHERE id=6513770
	Update on sbtest3  (cost=0.43..8.45 rows=0 width=0)
	  ->  Index Scan using sbtest3_pkey on sbtest3  (cost=0.43..8.45 rows=1 width=490)
	        Index Cond: (id = 6513770)

table 4 : explain UPDATE sbtest4 SET c='foobar' WHERE id=3221461
	Update on sbtest4  (cost=0.43..8.45 rows=0 width=0)
	  ->  Index Scan using sbtest4_pkey on sbtest4  (cost=0.43..8.45 rows=1 width=490)
	        Index Cond: (id = 3221461)

table 5 : explain UPDATE sbtest5 SET c='foobar' WHERE id=5074434
	Update on sbtest5  (cost=0.43..8.45 rows=0 width=0)
	  ->  Index Scan using sbtest5_pkey on sbtest5  (cost=0.43..8.45 rows=1 width=490)
	        Index Cond: (id = 5074434)

table 6 : explain UPDATE sbtest6 SET c='foobar' WHERE id=6168518
	Update on sbtest6  (cost=0.43..8.45 rows=0 width=0)
	  ->  Index Scan using sbtest6_pkey on sbtest6  (cost=0.43..8.45 rows=1 width=490)
	        Index Cond: (id = 6168518)

table 7 : explain UPDATE sbtest7 SET c='foobar' WHERE id=1631587
	Update on sbtest7  (cost=0.43..8.45 rows=0 width=0)
	  ->  Index Scan using sbtest7_pkey on sbtest7  (cost=0.43..8.45 rows=1 width=490)
	        Index Cond: (id = 1631587)

table 8 : explain UPDATE sbtest8 SET c='foobar' WHERE id=6516226
	Update on sbtest8  (cost=0.43..8.45 rows=0 width=0)
	  ->  Index Scan using sbtest8_pkey on sbtest8  (cost=0.43..8.45 rows=1 width=490)
	        Index Cond: (id = 6516226)

for deletes
table 1 : explain DELETE FROM sbtest1 WHERE id=4811273
	Delete on sbtest1  (cost=0.43..8.45 rows=0 width=0)
	  ->  Index Scan using sbtest1_pkey on sbtest1  (cost=0.43..8.45 rows=1 width=6)
	        Index Cond: (id = 4811273)

table 2 : explain DELETE FROM sbtest2 WHERE id=2596052
	Delete on sbtest2  (cost=0.43..8.45 rows=0 width=0)
	  ->  Index Scan using sbtest2_pkey on sbtest2  (cost=0.43..8.45 rows=1 width=6)
	        Index Cond: (id = 2596052)

table 3 : explain DELETE FROM sbtest3 WHERE id=6473286
	Delete on sbtest3  (cost=0.43..8.45 rows=0 width=0)
	  ->  Index Scan using sbtest3_pkey on sbtest3  (cost=0.43..8.45 rows=1 width=6)
	        Index Cond: (id = 6473286)

table 4 : explain DELETE FROM sbtest4 WHERE id=7897919
	Delete on sbtest4  (cost=0.43..8.45 rows=0 width=0)
	  ->  Index Scan using sbtest4_pkey on sbtest4  (cost=0.43..8.45 rows=1 width=6)
	        Index Cond: (id = 7897919)

table 5 : explain DELETE FROM sbtest5 WHERE id=8809968
	Delete on sbtest5  (cost=0.43..8.45 rows=0 width=0)
	  ->  Index Scan using sbtest5_pkey on sbtest5  (cost=0.43..8.45 rows=1 width=6)
	        Index Cond: (id = 8809968)

table 6 : explain DELETE FROM sbtest6 WHERE id=9310386
	Delete on sbtest6  (cost=0.43..8.45 rows=0 width=0)
	  ->  Index Scan using sbtest6_pkey on sbtest6  (cost=0.43..8.45 rows=1 width=6)
	        Index Cond: (id = 9310386)

table 7 : explain DELETE FROM sbtest7 WHERE id=3448522
	Delete on sbtest7  (cost=0.43..8.45 rows=0 width=0)
	  ->  Index Scan using sbtest7_pkey on sbtest7  (cost=0.43..8.45 rows=1 width=6)
	        Index Cond: (id = 3448522)

table 8 : explain DELETE FROM sbtest8 WHERE id=8568852
	Delete on sbtest8  (cost=0.43..8.45 rows=0 width=0)
	  ->  Index Scan using sbtest8_pkey on sbtest8  (cost=0.43..8.45 rows=1 width=6)
	        Index Cond: (id = 8568852)

explain: for non_index_updates :: explain UPDATE sbtest%u SET c='foobar' WHERE id=%u
explain: for non_index_updates :: explain UPDATE sbtest%u SET c='foobar' WHERE id=%u
for index_updates
table 1 : explain UPDATE sbtest1 SET k=k+1 WHERE id=5046144
	Update on sbtest1  (cost=0.43..8.46 rows=0 width=0)
	  ->  Index Scan using sbtest1_pkey on sbtest1  (cost=0.43..8.46 rows=1 width=10)
	        Index Cond: (id = 5046144)

table 2 : explain UPDATE sbtest2 SET k=k+1 WHERE id=3741236
	Update on sbtest2  (cost=0.43..8.46 rows=0 width=0)
	  ->  Index Scan using sbtest2_pkey on sbtest2  (cost=0.43..8.46 rows=1 width=10)
	        Index Cond: (id = 3741236)

table 3 : explain UPDATE sbtest3 SET k=k+1 WHERE id=9378705
	Update on sbtest3  (cost=0.43..8.46 rows=0 width=0)
	  ->  Index Scan using sbtest3_pkey on sbtest3  (cost=0.43..8.46 rows=1 width=10)
	        Index Cond: (id = 9378705)

table 4 : explain UPDATE sbtest4 SET k=k+1 WHERE id=4699609
	Update on sbtest4  (cost=0.43..8.46 rows=0 width=0)
	  ->  Index Scan using sbtest4_pkey on sbtest4  (cost=0.43..8.46 rows=1 width=10)
	        Index Cond: (id = 4699609)

table 5 : explain UPDATE sbtest5 SET k=k+1 WHERE id=934092
	Update on sbtest5  (cost=0.43..8.46 rows=0 width=0)
	  ->  Index Scan using sbtest5_pkey on sbtest5  (cost=0.43..8.46 rows=1 width=10)
	        Index Cond: (id = 934092)

table 6 : explain UPDATE sbtest6 SET k=k+1 WHERE id=2813218
	Update on sbtest6  (cost=0.43..8.46 rows=0 width=0)
	  ->  Index Scan using sbtest6_pkey on sbtest6  (cost=0.43..8.46 rows=1 width=10)
	        Index Cond: (id = 2813218)

table 7 : explain UPDATE sbtest7 SET k=k+1 WHERE id=5471594
	Update on sbtest7  (cost=0.43..8.46 rows=0 width=0)
	  ->  Index Scan using sbtest7_pkey on sbtest7  (cost=0.43..8.46 rows=1 width=10)
	        Index Cond: (id = 5471594)

table 8 : explain UPDATE sbtest8 SET k=k+1 WHERE id=5844528
	Update on sbtest8  (cost=0.43..8.46 rows=0 width=0)
	  ->  Index Scan using sbtest8_pkey on sbtest8  (cost=0.43..8.46 rows=1 width=10)
	        Index Cond: (id = 5844528)

explain: for index_updates :: explain UPDATE sbtest%u SET k=k+1 WHERE id=%u
explain: for deletes :: explain DELETE FROM sbtest%u WHERE id=%u
explain: for inserts :: explain INSERT INTO sbtest%u (id, k, c, pad) VALUES (%u, 13, 'foobar', 'foobar')
for: sum_ranges
table 1 : explain SELECT SUM(k) FROM sbtest1 WHERE id BETWEEN 1711981 AND 1711990
	Aggregate  (cost=40.77..40.78 rows=1 width=8)
	  ->  Index Scan using sbtest1_pkey on sbtest1  (cost=0.43..40.75 rows=10 width=4)
	        Index Cond: ((id >= 1711981) AND (id <= 1711990))

table 2 : explain SELECT SUM(k) FROM sbtest2 WHERE id BETWEEN 4001681 AND 4001690
	Aggregate  (cost=40.61..40.62 rows=1 width=8)
	  ->  Index Scan using sbtest2_pkey on sbtest2  (cost=0.43..40.59 rows=10 width=4)
	        Index Cond: ((id >= 4001681) AND (id <= 4001690))

table 3 : explain SELECT SUM(k) FROM sbtest3 WHERE id BETWEEN 7090202 AND 7090211
	Aggregate  (cost=43.97..43.98 rows=1 width=8)
	  ->  Index Scan using sbtest3_pkey on sbtest3  (cost=0.43..43.94 rows=11 width=4)
	        Index Cond: ((id >= 7090202) AND (id <= 7090211))

table 4 : explain SELECT SUM(k) FROM sbtest4 WHERE id BETWEEN 9166986 AND 9166995
	Aggregate  (cost=40.28..40.29 rows=1 width=8)
	  ->  Index Scan using sbtest4_pkey on sbtest4  (cost=0.43..40.25 rows=10 width=4)
	        Index Cond: ((id >= 9166986) AND (id <= 9166995))

table 5 : explain SELECT SUM(k) FROM sbtest5 WHERE id BETWEEN 9373179 AND 9373188
	Aggregate  (cost=40.40..40.41 rows=1 width=8)
	  ->  Index Scan using sbtest5_pkey on sbtest5  (cost=0.43..40.38 rows=10 width=4)
	        Index Cond: ((id >= 9373179) AND (id <= 9373188))

table 6 : explain SELECT SUM(k) FROM sbtest6 WHERE id BETWEEN 8548080 AND 8548089
	Aggregate  (cost=44.34..44.35 rows=1 width=8)
	  ->  Index Scan using sbtest6_pkey on sbtest6  (cost=0.43..44.31 rows=11 width=4)
	        Index Cond: ((id >= 8548080) AND (id <= 8548089))

table 7 : explain SELECT SUM(k) FROM sbtest7 WHERE id BETWEEN 7177315 AND 7177324
	Aggregate  (cost=43.57..43.58 rows=1 width=8)
	  ->  Index Scan using sbtest7_pkey on sbtest7  (cost=0.43..43.54 rows=11 width=4)
	        Index Cond: ((id >= 7177315) AND (id <= 7177324))

table 8 : explain SELECT SUM(k) FROM sbtest8 WHERE id BETWEEN 4676777 AND 4676786
	Aggregate  (cost=36.93..36.94 rows=1 width=8)
	  ->  Index Scan using sbtest8_pkey on sbtest8  (cost=0.43..36.91 rows=9 width=4)
	        Index Cond: ((id >= 4676777) AND (id <= 4676786))

for: sum_ranges
table 1 : explain SELECT SUM(k) FROM sbtest1 WHERE id BETWEEN 2082636 AND 2082645
	Aggregate  (cost=40.77..40.78 rows=1 width=8)
	  ->  Index Scan using sbtest1_pkey on sbtest1  (cost=0.43..40.75 rows=10 width=4)
	        Index Cond: ((id >= 2082636) AND (id <= 2082645))

table 2 : explain SELECT SUM(k) FROM sbtest2 WHERE id BETWEEN 3924661 AND 3924670
	Aggregate  (cost=40.61..40.62 rows=1 width=8)
	  ->  Index Scan using sbtest2_pkey on sbtest2  (cost=0.43..40.59 rows=10 width=4)
	        Index Cond: ((id >= 3924661) AND (id <= 3924670))

table 3 : explain SELECT SUM(k) FROM sbtest3 WHERE id BETWEEN 2170311 AND 2170320
	Aggregate  (cost=43.97..43.98 rows=1 width=8)
	  ->  Index Scan using sbtest3_pkey on sbtest3  (cost=0.43..43.94 rows=11 width=4)
	        Index Cond: ((id >= 2170311) AND (id <= 2170320))

table 4 : explain SELECT SUM(k) FROM sbtest4 WHERE id BETWEEN 9628388 AND 9628397
	Aggregate  (cost=40.28..40.29 rows=1 width=8)
	  ->  Index Scan using sbtest4_pkey on sbtest4  (cost=0.43..40.25 rows=10 width=4)
	        Index Cond: ((id >= 9628388) AND (id <= 9628397))

table 5 : explain SELECT SUM(k) FROM sbtest5 WHERE id BETWEEN 9434481 AND 9434490
	Aggregate  (cost=40.40..40.41 rows=1 width=8)
	  ->  Index Scan using sbtest5_pkey on sbtest5  (cost=0.43..40.38 rows=10 width=4)
	        Index Cond: ((id >= 9434481) AND (id <= 9434490))

table 6 : explain SELECT SUM(k) FROM sbtest6 WHERE id BETWEEN 6525509 AND 6525518
	Aggregate  (cost=40.75..40.76 rows=1 width=8)
	  ->  Index Scan using sbtest6_pkey on sbtest6  (cost=0.43..40.73 rows=10 width=4)
	        Index Cond: ((id >= 6525509) AND (id <= 6525518))

table 7 : explain SELECT SUM(k) FROM sbtest7 WHERE id BETWEEN 3845925 AND 3845934
	Aggregate  (cost=36.54..36.55 rows=1 width=8)
	  ->  Index Scan using sbtest7_pkey on sbtest7  (cost=0.43..36.52 rows=9 width=4)
	        Index Cond: ((id >= 3845925) AND (id <= 3845934))

table 8 : explain SELECT SUM(k) FROM sbtest8 WHERE id BETWEEN 6693121 AND 6693130
	Aggregate  (cost=36.93..36.94 rows=1 width=8)
	  ->  Index Scan using sbtest8_pkey on sbtest8  (cost=0.43..36.91 rows=9 width=4)
	        Index Cond: ((id >= 6693121) AND (id <= 6693130))

for point_selects
table 1 : explain SELECT c FROM sbtest1 WHERE id=2899192
	Index Scan using sbtest1_pkey on sbtest1  (cost=0.43..8.45 rows=1 width=121)
	  Index Cond: (id = 2899192)

table 2 : explain SELECT c FROM sbtest2 WHERE id=1623105
	Index Scan using sbtest2_pkey on sbtest2  (cost=0.43..8.45 rows=1 width=121)
	  Index Cond: (id = 1623105)

table 3 : explain SELECT c FROM sbtest3 WHERE id=1762022
	Index Scan using sbtest3_pkey on sbtest3  (cost=0.43..8.45 rows=1 width=121)
	  Index Cond: (id = 1762022)

table 4 : explain SELECT c FROM sbtest4 WHERE id=5340264
	Index Scan using sbtest4_pkey on sbtest4  (cost=0.43..8.45 rows=1 width=121)
	  Index Cond: (id = 5340264)

table 5 : explain SELECT c FROM sbtest5 WHERE id=807196
	Index Scan using sbtest5_pkey on sbtest5  (cost=0.43..8.45 rows=1 width=121)
	  Index Cond: (id = 807196)

table 6 : explain SELECT c FROM sbtest6 WHERE id=562178
	Index Scan using sbtest6_pkey on sbtest6  (cost=0.43..8.45 rows=1 width=121)
	  Index Cond: (id = 562178)

table 7 : explain SELECT c FROM sbtest7 WHERE id=7652860
	Index Scan using sbtest7_pkey on sbtest7  (cost=0.43..8.45 rows=1 width=121)
	  Index Cond: (id = 7652860)

table 8 : explain SELECT c FROM sbtest8 WHERE id=7716082
	Index Scan using sbtest8_pkey on sbtest8  (cost=0.43..8.45 rows=1 width=121)
	  Index Cond: (id = 7716082)

for inserts
table 1 : explain INSERT INTO sbtest1 (id, k, c, pad) VALUES (7916651, 13, 'foobar', 'foobar')
	Insert on sbtest1  (cost=0.00..0.01 rows=0 width=0)
	  ->  Result  (cost=0.00..0.01 rows=1 width=736)

table 2 : explain INSERT INTO sbtest2 (id, k, c, pad) VALUES (1870323, 13, 'foobar', 'foobar')
	Insert on sbtest2  (cost=0.00..0.01 rows=0 width=0)
	  ->  Result  (cost=0.00..0.01 rows=1 width=736)

table 3 : explain INSERT INTO sbtest3 (id, k, c, pad) VALUES (4478658, 13, 'foobar', 'foobar')
	Insert on sbtest3  (cost=0.00..0.01 rows=0 width=0)
	  ->  Result  (cost=0.00..0.01 rows=1 width=736)

table 4 : explain INSERT INTO sbtest4 (id, k, c, pad) VALUES (308205, 13, 'foobar', 'foobar')
	Insert on sbtest4  (cost=0.00..0.01 rows=0 width=0)
	  ->  Result  (cost=0.00..0.01 rows=1 width=736)

table 5 : explain INSERT INTO sbtest5 (id, k, c, pad) VALUES (846820, 13, 'foobar', 'foobar')
	Insert on sbtest5  (cost=0.00..0.01 rows=0 width=0)
	  ->  Result  (cost=0.00..0.01 rows=1 width=736)

table 6 : explain INSERT INTO sbtest6 (id, k, c, pad) VALUES (9426119, 13, 'foobar', 'foobar')
	Insert on sbtest6  (cost=0.00..0.01 rows=0 width=0)
	  ->  Result  (cost=0.00..0.01 rows=1 width=736)

table 7 : explain INSERT INTO sbtest7 (id, k, c, pad) VALUES (4250686, 13, 'foobar', 'foobar')
	Insert on sbtest7  (cost=0.00..0.01 rows=0 width=0)
	  ->  Result  (cost=0.00..0.01 rows=1 width=736)

table 8 : explain INSERT INTO sbtest8 (id, k, c, pad) VALUES (2992352, 13, 'foobar', 'foobar')
	Insert on sbtest8  (cost=0.00..0.01 rows=0 width=0)
	  ->  Result  (cost=0.00..0.01 rows=1 width=736)

explain: for non_index_updates :: explain UPDATE sbtest%u SET c='foobar' WHERE id=%u
for: distinct_ranges
table 1 : explain SELECT DISTINCT c FROM sbtest1 WHERE id BETWEEN 1099235 AND 1099244 ORDER BY c
	Unique  (cost=37.30..37.35 rows=9 width=121)
	  ->  Sort  (cost=37.30..37.32 rows=9 width=121)
	        Sort Key: c
	        ->  Index Scan using sbtest1_pkey on sbtest1  (cost=0.43..37.16 rows=9 width=121)
	              Index Cond: ((id >= 1099235) AND (id <= 1099244))

table 2 : explain SELECT DISTINCT c FROM sbtest2 WHERE id BETWEEN 9681589 AND 9681598 ORDER BY c
	Unique  (cost=37.16..37.21 rows=9 width=121)
	  ->  Sort  (cost=37.16..37.18 rows=9 width=121)
	        Sort Key: c
	        ->  Index Scan using sbtest2_pkey on sbtest2  (cost=0.43..37.02 rows=9 width=121)
	              Index Cond: ((id >= 9681589) AND (id <= 9681598))

table 3 : explain SELECT DISTINCT c FROM sbtest3 WHERE id BETWEEN 4148896 AND 4148905 ORDER BY c
	Unique  (cost=40.56..40.61 rows=10 width=121)
	  ->  Sort  (cost=40.56..40.58 rows=10 width=121)
	        Sort Key: c
	        ->  Index Scan using sbtest3_pkey on sbtest3  (cost=0.43..40.39 rows=10 width=121)
	              Index Cond: ((id >= 4148896) AND (id <= 4148905))

table 4 : explain SELECT DISTINCT c FROM sbtest4 WHERE id BETWEEN 1658662 AND 1658671 ORDER BY c
	Unique  (cost=36.86..36.91 rows=9 width=121)
	  ->  Sort  (cost=36.86..36.88 rows=9 width=121)
	        Sort Key: c
	        ->  Index Scan using sbtest4_pkey on sbtest4  (cost=0.43..36.72 rows=9 width=121)
	              Index Cond: ((id >= 1658662) AND (id <= 1658671))

table 5 : explain SELECT DISTINCT c FROM sbtest5 WHERE id BETWEEN 2055518 AND 2055527 ORDER BY c
	Unique  (cost=36.97..37.02 rows=9 width=121)
	  ->  Sort  (cost=36.97..37.00 rows=9 width=121)
	        Sort Key: c
	        ->  Index Scan using sbtest5_pkey on sbtest5  (cost=0.43..36.83 rows=9 width=121)
	              Index Cond: ((id >= 2055518) AND (id <= 2055527))

table 6 : explain SELECT DISTINCT c FROM sbtest6 WHERE id BETWEEN 4363539 AND 4363548 ORDER BY c
	Unique  (cost=40.89..40.94 rows=10 width=121)
	  ->  Sort  (cost=40.89..40.92 rows=10 width=121)
	        Sort Key: c
	        ->  Index Scan using sbtest6_pkey on sbtest6  (cost=0.43..40.73 rows=10 width=121)
	              Index Cond: ((id >= 4363539) AND (id <= 4363548))

table 7 : explain SELECT DISTINCT c FROM sbtest7 WHERE id BETWEEN 9907956 AND 9907965 ORDER BY c
	Unique  (cost=40.20..40.25 rows=10 width=121)
	  ->  Sort  (cost=40.20..40.22 rows=10 width=121)
	        Sort Key: c
	        ->  Index Scan using sbtest7_pkey on sbtest7  (cost=0.43..40.03 rows=10 width=121)
	              Index Cond: ((id >= 9907956) AND (id <= 9907965))

table 8 : explain SELECT DISTINCT c FROM sbtest8 WHERE id BETWEEN 3620969 AND 3620978 ORDER BY c
	Unique  (cost=40.63..40.68 rows=10 width=121)
	  ->  Sort  (cost=40.63..40.65 rows=10 width=121)
	        Sort Key: c
	        ->  Index Scan using sbtest8_pkey on sbtest8  (cost=0.43..40.46 rows=10 width=121)
	              Index Cond: ((id >= 3620969) AND (id <= 3620978))

for non_index_updates
table 1 : explain UPDATE sbtest1 SET c='foobar' WHERE id=2654544
	Update on sbtest1  (cost=0.43..8.45 rows=0 width=0)
	  ->  Index Scan using sbtest1_pkey on sbtest1  (cost=0.43..8.45 rows=1 width=490)
	        Index Cond: (id = 2654544)

table 2 : explain UPDATE sbtest2 SET c='foobar' WHERE id=3552811
	Update on sbtest2  (cost=0.43..8.45 rows=0 width=0)
	  ->  Index Scan using sbtest2_pkey on sbtest2  (cost=0.43..8.45 rows=1 width=490)
	        Index Cond: (id = 3552811)

table 3 : explain UPDATE sbtest3 SET c='foobar' WHERE id=2685778
	Update on sbtest3  (cost=0.43..8.45 rows=0 width=0)
	  ->  Index Scan using sbtest3_pkey on sbtest3  (cost=0.43..8.45 rows=1 width=490)
	        Index Cond: (id = 2685778)

table 4 : explain UPDATE sbtest4 SET c='foobar' WHERE id=3071202
	Update on sbtest4  (cost=0.43..8.45 rows=0 width=0)
	  ->  Index Scan using sbtest4_pkey on sbtest4  (cost=0.43..8.45 rows=1 width=490)
	        Index Cond: (id = 3071202)

table 5 : explain UPDATE sbtest5 SET c='foobar' WHERE id=5192026
	Update on sbtest5  (cost=0.43..8.45 rows=0 width=0)
	  ->  Index Scan using sbtest5_pkey on sbtest5  (cost=0.43..8.45 rows=1 width=490)
	        Index Cond: (id = 5192026)

table 6 : explain UPDATE sbtest6 SET c='foobar' WHERE id=940603
	Update on sbtest6  (cost=0.43..8.45 rows=0 width=0)
	  ->  Index Scan using sbtest6_pkey on sbtest6  (cost=0.43..8.45 rows=1 width=490)
	        Index Cond: (id = 940603)

table 7 : explain UPDATE sbtest7 SET c='foobar' WHERE id=8061099
	Update on sbtest7  (cost=0.43..8.45 rows=0 width=0)
	  ->  Index Scan using sbtest7_pkey on sbtest7  (cost=0.43..8.45 rows=1 width=490)
	        Index Cond: (id = 8061099)

table 8 : explain UPDATE sbtest8 SET c='foobar' WHERE id=8526690
	Update on sbtest8  (cost=0.43..8.45 rows=0 width=0)
	  ->  Index Scan using sbtest8_pkey on sbtest8  (cost=0.43..8.45 rows=1 width=490)
	        Index Cond: (id = 8526690)

explain: for point_selects :: explain SELECT c FROM sbtest%u WHERE id=%u
for non_index_updates
table 1 : explain UPDATE sbtest1 SET c='foobar' WHERE id=1975353
	Update on sbtest1  (cost=0.43..8.45 rows=0 width=0)
	  ->  Index Scan using sbtest1_pkey on sbtest1  (cost=0.43..8.45 rows=1 width=490)
	        Index Cond: (id = 1975353)

table 2 : explain UPDATE sbtest2 SET c='foobar' WHERE id=5059276
	Update on sbtest2  (cost=0.43..8.45 rows=0 width=0)
	  ->  Index Scan using sbtest2_pkey on sbtest2  (cost=0.43..8.45 rows=1 width=490)
	        Index Cond: (id = 5059276)

table 3 : explain UPDATE sbtest3 SET c='foobar' WHERE id=3423230
	Update on sbtest3  (cost=0.43..8.45 rows=0 width=0)
	  ->  Index Scan using sbtest3_pkey on sbtest3  (cost=0.43..8.45 rows=1 width=490)
	        Index Cond: (id = 3423230)

table 4 : explain UPDATE sbtest4 SET c='foobar' WHERE id=5063629
	Update on sbtest4  (cost=0.43..8.45 rows=0 width=0)
	  ->  Index Scan using sbtest4_pkey on sbtest4  (cost=0.43..8.45 rows=1 width=490)
	        Index Cond: (id = 5063629)

table 5 : explain UPDATE sbtest5 SET c='foobar' WHERE id=2068166
	Update on sbtest5  (cost=0.43..8.45 rows=0 width=0)
	  ->  Index Scan using sbtest5_pkey on sbtest5  (cost=0.43..8.45 rows=1 width=490)
	        Index Cond: (id = 2068166)

table 6 : explain UPDATE sbtest6 SET c='foobar' WHERE id=3304363
	Update on sbtest6  (cost=0.43..8.45 rows=0 width=0)
	  ->  Index Scan using sbtest6_pkey on sbtest6  (cost=0.43..8.45 rows=1 width=490)
	        Index Cond: (id = 3304363)

table 7 : explain UPDATE sbtest7 SET c='foobar' WHERE id=9896586
	Update on sbtest7  (cost=0.43..8.45 rows=0 width=0)
	  ->  Index Scan using sbtest7_pkey on sbtest7  (cost=0.43..8.45 rows=1 width=490)
	        Index Cond: (id = 9896586)

table 8 : explain UPDATE sbtest8 SET c='foobar' WHERE id=5263720
	Update on sbtest8  (cost=0.43..8.45 rows=0 width=0)
	  ->  Index Scan using sbtest8_pkey on sbtest8  (cost=0.43..8.45 rows=1 width=490)
	        Index Cond: (id = 5263720)

for: distinct_ranges
table 1 : explain SELECT DISTINCT c FROM sbtest1 WHERE id BETWEEN 4189714 AND 4189723 ORDER BY c
	Unique  (cost=40.91..40.96 rows=10 width=121)
	  ->  Sort  (cost=40.91..40.94 rows=10 width=121)
	        Sort Key: c
	        ->  Index Scan using sbtest1_pkey on sbtest1  (cost=0.43..40.75 rows=10 width=121)
	              Index Cond: ((id >= 4189714) AND (id <= 4189723))

table 2 : explain SELECT DISTINCT c FROM sbtest2 WHERE id BETWEEN 2120804 AND 2120813 ORDER BY c
	Unique  (cost=44.35..44.40 rows=11 width=121)
	  ->  Sort  (cost=44.35..44.38 rows=11 width=121)
	        Sort Key: c
	        ->  Index Scan using sbtest2_pkey on sbtest2  (cost=0.43..44.16 rows=11 width=121)
	              Index Cond: ((id >= 2120804) AND (id <= 2120813))

table 3 : explain SELECT DISTINCT c FROM sbtest3 WHERE id BETWEEN 9291083 AND 9291092 ORDER BY c
	Unique  (cost=40.56..40.61 rows=10 width=121)
	  ->  Sort  (cost=40.56..40.58 rows=10 width=121)
	        Sort Key: c
	        ->  Index Scan using sbtest3_pkey on sbtest3  (cost=0.43..40.39 rows=10 width=121)
	              Index Cond: ((id >= 9291083) AND (id <= 9291092))

table 4 : explain SELECT DISTINCT c FROM sbtest4 WHERE id BETWEEN 5829638 AND 5829647 ORDER BY c
	Unique  (cost=40.42..40.47 rows=10 width=121)
	  ->  Sort  (cost=40.42..40.44 rows=10 width=121)
	        Sort Key: c
	        ->  Index Scan using sbtest4_pkey on sbtest4  (cost=0.43..40.25 rows=10 width=121)
	              Index Cond: ((id >= 5829638) AND (id <= 5829647))

table 5 : explain SELECT DISTINCT c FROM sbtest5 WHERE id BETWEEN 7892476 AND 7892485 ORDER BY c
	Unique  (cost=44.12..44.17 rows=11 width=121)
	  ->  Sort  (cost=44.12..44.14 rows=11 width=121)
	        Sort Key: c
	        ->  Index Scan using sbtest5_pkey on sbtest5  (cost=0.43..43.93 rows=11 width=121)
	              Index Cond: ((id >= 7892476) AND (id <= 7892485))

table 6 : explain SELECT DISTINCT c FROM sbtest6 WHERE id BETWEEN 6979114 AND 6979123 ORDER BY c
	Unique  (cost=44.50..44.56 rows=11 width=121)
	  ->  Sort  (cost=44.50..44.53 rows=11 width=121)
	        Sort Key: c
	        ->  Index Scan using sbtest6_pkey on sbtest6  (cost=0.43..44.31 rows=11 width=121)
	              Index Cond: ((id >= 6979114) AND (id <= 6979123))

table 7 : explain SELECT DISTINCT c FROM sbtest7 WHERE id BETWEEN 8133672 AND 8133681 ORDER BY c
	Unique  (cost=40.20..40.25 rows=10 width=121)
	  ->  Sort  (cost=40.20..40.22 rows=10 width=121)
	        Sort Key: c
	        ->  Index Scan using sbtest7_pkey on sbtest7  (cost=0.43..40.03 rows=10 width=121)
	              Index Cond: ((id >= 8133672) AND (id <= 8133681))

table 8 : explain SELECT DISTINCT c FROM sbtest8 WHERE id BETWEEN 3063142 AND 3063151 ORDER BY c
	Unique  (cost=44.21..44.26 rows=11 width=121)
	  ->  Sort  (cost=44.21..44.24 rows=11 width=121)
	        Sort Key: c
	        ->  Index Scan using sbtest8_pkey on sbtest8  (cost=0.43..44.02 rows=11 width=121)
	              Index Cond: ((id >= 3063142) AND (id <= 3063151))

for index_updates
table 1 : explain UPDATE sbtest1 SET k=k+1 WHERE id=1619202
	Update on sbtest1  (cost=0.43..8.46 rows=0 width=0)
	  ->  Index Scan using sbtest1_pkey on sbtest1  (cost=0.43..8.46 rows=1 width=10)
	        Index Cond: (id = 1619202)

table 2 : explain UPDATE sbtest2 SET k=k+1 WHERE id=75826
	Update on sbtest2  (cost=0.43..8.46 rows=0 width=0)
	  ->  Index Scan using sbtest2_pkey on sbtest2  (cost=0.43..8.46 rows=1 width=10)
	        Index Cond: (id = 75826)

table 3 : explain UPDATE sbtest3 SET k=k+1 WHERE id=3105239
	Update on sbtest3  (cost=0.43..8.46 rows=0 width=0)
	  ->  Index Scan using sbtest3_pkey on sbtest3  (cost=0.43..8.46 rows=1 width=10)
	        Index Cond: (id = 3105239)

table 4 : explain UPDATE sbtest4 SET k=k+1 WHERE id=6016420
	Update on sbtest4  (cost=0.43..8.46 rows=0 width=0)
	  ->  Index Scan using sbtest4_pkey on sbtest4  (cost=0.43..8.46 rows=1 width=10)
	        Index Cond: (id = 6016420)

table 5 : explain UPDATE sbtest5 SET k=k+1 WHERE id=152041
	Update on sbtest5  (cost=0.43..8.46 rows=0 width=0)
	  ->  Index Scan using sbtest5_pkey on sbtest5  (cost=0.43..8.46 rows=1 width=10)
	        Index Cond: (id = 152041)

table 6 : explain UPDATE sbtest6 SET k=k+1 WHERE id=5674650
	Update on sbtest6  (cost=0.43..8.46 rows=0 width=0)
	  ->  Index Scan using sbtest6_pkey on sbtest6  (cost=0.43..8.46 rows=1 width=10)
	        Index Cond: (id = 5674650)

table 7 : explain UPDATE sbtest7 SET k=k+1 WHERE id=4570059
	Update on sbtest7  (cost=0.43..8.46 rows=0 width=0)
	  ->  Index Scan using sbtest7_pkey on sbtest7  (cost=0.43..8.46 rows=1 width=10)
	        Index Cond: (id = 4570059)

table 8 : explain UPDATE sbtest8 SET k=k+1 WHERE id=4144868
	Update on sbtest8  (cost=0.43..8.46 rows=0 width=0)
	  ->  Index Scan using sbtest8_pkey on sbtest8  (cost=0.43..8.46 rows=1 width=10)
	        Index Cond: (id = 4144868)

for index_updates
table 1 : explain UPDATE sbtest1 SET k=k+1 WHERE id=413809
	Update on sbtest1  (cost=0.43..8.46 rows=0 width=0)
	  ->  Index Scan using sbtest1_pkey on sbtest1  (cost=0.43..8.46 rows=1 width=10)
	        Index Cond: (id = 413809)

table 2 : explain UPDATE sbtest2 SET k=k+1 WHERE id=9074447
	Update on sbtest2  (cost=0.43..8.46 rows=0 width=0)
	  ->  Index Scan using sbtest2_pkey on sbtest2  (cost=0.43..8.46 rows=1 width=10)
	        Index Cond: (id = 9074447)

table 3 : explain UPDATE sbtest3 SET k=k+1 WHERE id=9120533
	Update on sbtest3  (cost=0.43..8.46 rows=0 width=0)
	  ->  Index Scan using sbtest3_pkey on sbtest3  (cost=0.43..8.46 rows=1 width=10)
	        Index Cond: (id = 9120533)

table 4 : explain UPDATE sbtest4 SET k=k+1 WHERE id=8666196
	Update on sbtest4  (cost=0.43..8.46 rows=0 width=0)
	  ->  Index Scan using sbtest4_pkey on sbtest4  (cost=0.43..8.46 rows=1 width=10)
	        Index Cond: (id = 8666196)

table 5 : explain UPDATE sbtest5 SET k=k+1 WHERE id=910375
	Update on sbtest5  (cost=0.43..8.46 rows=0 width=0)
	  ->  Index Scan using sbtest5_pkey on sbtest5  (cost=0.43..8.46 rows=1 width=10)
	        Index Cond: (id = 910375)

table 6 : explain UPDATE sbtest6 SET k=k+1 WHERE id=1853326
	Update on sbtest6  (cost=0.43..8.46 rows=0 width=0)
	  ->  Index Scan using sbtest6_pkey on sbtest6  (cost=0.43..8.46 rows=1 width=10)
	        Index Cond: (id = 1853326)

table 7 : explain UPDATE sbtest7 SET k=k+1 WHERE id=2878897
	Update on sbtest7  (cost=0.43..8.46 rows=0 width=0)
	  ->  Index Scan using sbtest7_pkey on sbtest7  (cost=0.43..8.46 rows=1 width=10)
	        Index Cond: (id = 2878897)

table 8 : explain UPDATE sbtest8 SET k=k+1 WHERE id=4530756
	Update on sbtest8  (cost=0.43..8.46 rows=0 width=0)
	  ->  Index Scan using sbtest8_pkey on sbtest8  (cost=0.43..8.46 rows=1 width=10)
	        Index Cond: (id = 4530756)

explain: for deletes :: explain DELETE FROM sbtest%u WHERE id=%u
explain: for deletes :: explain DELETE FROM sbtest%u WHERE id=%u
explain: for index_updates :: explain UPDATE sbtest%u SET k=k+1 WHERE id=%u
for deletes
table 1 : explain DELETE FROM sbtest1 WHERE id=2174005
	Delete on sbtest1  (cost=0.43..8.45 rows=0 width=0)
	  ->  Index Scan using sbtest1_pkey on sbtest1  (cost=0.43..8.45 rows=1 width=6)
	        Index Cond: (id = 2174005)

table 2 : explain DELETE FROM sbtest2 WHERE id=5394285
	Delete on sbtest2  (cost=0.43..8.45 rows=0 width=0)
	  ->  Index Scan using sbtest2_pkey on sbtest2  (cost=0.43..8.45 rows=1 width=6)
	        Index Cond: (id = 5394285)

table 3 : explain DELETE FROM sbtest3 WHERE id=6541743
	Delete on sbtest3  (cost=0.43..8.45 rows=0 width=0)
	  ->  Index Scan using sbtest3_pkey on sbtest3  (cost=0.43..8.45 rows=1 width=6)
	        Index Cond: (id = 6541743)

table 4 : explain DELETE FROM sbtest4 WHERE id=7547150
	Delete on sbtest4  (cost=0.43..8.45 rows=0 width=0)
	  ->  Index Scan using sbtest4_pkey on sbtest4  (cost=0.43..8.45 rows=1 width=6)
	        Index Cond: (id = 7547150)

table 5 : explain DELETE FROM sbtest5 WHERE id=320496
	Delete on sbtest5  (cost=0.43..8.45 rows=0 width=0)
	  ->  Index Scan using sbtest5_pkey on sbtest5  (cost=0.43..8.45 rows=1 width=6)
	        Index Cond: (id = 320496)

table 6 : explain DELETE FROM sbtest6 WHERE id=2474522
	Delete on sbtest6  (cost=0.43..8.45 rows=0 width=0)
	  ->  Index Scan using sbtest6_pkey on sbtest6  (cost=0.43..8.45 rows=1 width=6)
	        Index Cond: (id = 2474522)

table 7 : explain DELETE FROM sbtest7 WHERE id=7295109
	Delete on sbtest7  (cost=0.43..8.45 rows=0 width=0)
	  ->  Index Scan using sbtest7_pkey on sbtest7  (cost=0.43..8.45 rows=1 width=6)
	        Index Cond: (id = 7295109)

table 8 : explain DELETE FROM sbtest8 WHERE id=8707290
	Delete on sbtest8  (cost=0.43..8.45 rows=0 width=0)
	  ->  Index Scan using sbtest8_pkey on sbtest8  (cost=0.43..8.45 rows=1 width=6)
	        Index Cond: (id = 8707290)

for: simple_ranges
table 1 : explain SELECT c FROM sbtest1 WHERE id BETWEEN 7756553 AND 7756562
	Index Scan using sbtest1_pkey on sbtest1  (cost=0.43..37.16 rows=9 width=121)
	  Index Cond: ((id >= 7756553) AND (id <= 7756562))

table 2 : explain SELECT c FROM sbtest2 WHERE id BETWEEN 23060 AND 23069
	Index Scan using sbtest2_pkey on sbtest2  (cost=0.43..40.59 rows=10 width=121)
	  Index Cond: ((id >= 23060) AND (id <= 23069))

table 3 : explain SELECT c FROM sbtest3 WHERE id BETWEEN 6433744 AND 6433753
	Index Scan using sbtest3_pkey on sbtest3  (cost=0.43..40.39 rows=10 width=121)
	  Index Cond: ((id >= 6433744) AND (id <= 6433753))

table 4 : explain SELECT c FROM sbtest4 WHERE id BETWEEN 4646833 AND 4646842
	Index Scan using sbtest4_pkey on sbtest4  (cost=0.43..40.25 rows=10 width=121)
	  Index Cond: ((id >= 4646833) AND (id <= 4646842))

table 5 : explain SELECT c FROM sbtest5 WHERE id BETWEEN 5232216 AND 5232225
	Index Scan using sbtest5_pkey on sbtest5  (cost=0.43..36.83 rows=9 width=121)
	  Index Cond: ((id >= 5232216) AND (id <= 5232225))

table 6 : explain SELECT c FROM sbtest6 WHERE id BETWEEN 9393372 AND 9393381
	Index Scan using sbtest6_pkey on sbtest6  (cost=0.43..44.31 rows=11 width=121)
	  Index Cond: ((id >= 9393372) AND (id <= 9393381))

table 7 : explain SELECT c FROM sbtest7 WHERE id BETWEEN 8103661 AND 8103670
	Index Scan using sbtest7_pkey on sbtest7  (cost=0.43..40.03 rows=10 width=121)
	  Index Cond: ((id >= 8103661) AND (id <= 8103670))

table 8 : explain SELECT c FROM sbtest8 WHERE id BETWEEN 3585907 AND 3585916
	Index Scan using sbtest8_pkey on sbtest8  (cost=0.43..40.46 rows=10 width=121)
	  Index Cond: ((id >= 3585907) AND (id <= 3585916))

for: order_ranges
table 1 : explain SELECT c FROM sbtest1 WHERE id BETWEEN 8195974 AND 8195983 ORDER BY c
	Sort  (cost=40.91..40.94 rows=10 width=121)
	  Sort Key: c
	  ->  Index Scan using sbtest1_pkey on sbtest1  (cost=0.43..40.75 rows=10 width=121)
	        Index Cond: ((id >= 8195974) AND (id <= 8195983))

table 2 : explain SELECT c FROM sbtest2 WHERE id BETWEEN 897046 AND 897055 ORDER BY c
	Sort  (cost=40.75..40.78 rows=10 width=121)
	  Sort Key: c
	  ->  Index Scan using sbtest2_pkey on sbtest2  (cost=0.43..40.59 rows=10 width=121)
	        Index Cond: ((id >= 897046) AND (id <= 897055))

table 3 : explain SELECT c FROM sbtest3 WHERE id BETWEEN 8095878 AND 8095887 ORDER BY c
	Sort  (cost=40.56..40.58 rows=10 width=121)
	  Sort Key: c
	  ->  Index Scan using sbtest3_pkey on sbtest3  (cost=0.43..40.39 rows=10 width=121)
	        Index Cond: ((id >= 8095878) AND (id <= 8095887))

table 4 : explain SELECT c FROM sbtest4 WHERE id BETWEEN 6668132 AND 6668141 ORDER BY c
	Sort  (cost=40.42..40.44 rows=10 width=121)
	  Sort Key: c
	  ->  Index Scan using sbtest4_pkey on sbtest4  (cost=0.43..40.25 rows=10 width=121)
	        Index Cond: ((id >= 6668132) AND (id <= 6668141))

table 5 : explain SELECT c FROM sbtest5 WHERE id BETWEEN 3140621 AND 3140630 ORDER BY c
	Sort  (cost=36.97..37.00 rows=9 width=121)
	  Sort Key: c
	  ->  Index Scan using sbtest5_pkey on sbtest5  (cost=0.43..36.83 rows=9 width=121)
	        Index Cond: ((id >= 3140621) AND (id <= 3140630))

table 6 : explain SELECT c FROM sbtest6 WHERE id BETWEEN 3095148 AND 3095157 ORDER BY c
	Sort  (cost=40.89..40.92 rows=10 width=121)
	  Sort Key: c
	  ->  Index Scan using sbtest6_pkey on sbtest6  (cost=0.43..40.73 rows=10 width=121)
	        Index Cond: ((id >= 3095148) AND (id <= 3095157))

table 7 : explain SELECT c FROM sbtest7 WHERE id BETWEEN 6410451 AND 6410460 ORDER BY c
	Sort  (cost=36.66..36.69 rows=9 width=121)
	  Sort Key: c
	  ->  Index Scan using sbtest7_pkey on sbtest7  (cost=0.43..36.52 rows=9 width=121)
	        Index Cond: ((id >= 6410451) AND (id <= 6410460))

table 8 : explain SELECT c FROM sbtest8 WHERE id BETWEEN 2935637 AND 2935646 ORDER BY c
	Sort  (cost=37.05..37.07 rows=9 width=121)
	  Sort Key: c
	  ->  Index Scan using sbtest8_pkey on sbtest8  (cost=0.43..36.91 rows=9 width=121)
	        Index Cond: ((id >= 2935637) AND (id <= 2935646))

explain: for non_index_updates :: explain UPDATE sbtest%u SET c='foobar' WHERE id=%u
explain: for non_index_updates :: explain UPDATE sbtest%u SET c='foobar' WHERE id=%u
for index_updates
table 1 : explain UPDATE sbtest1 SET k=k+1 WHERE id=4170267
	Update on sbtest1  (cost=0.43..8.46 rows=0 width=0)
	  ->  Index Scan using sbtest1_pkey on sbtest1  (cost=0.43..8.46 rows=1 width=10)
	        Index Cond: (id = 4170267)

table 2 : explain UPDATE sbtest2 SET k=k+1 WHERE id=9926910
	Update on sbtest2  (cost=0.43..8.46 rows=0 width=0)
	  ->  Index Scan using sbtest2_pkey on sbtest2  (cost=0.43..8.46 rows=1 width=10)
	        Index Cond: (id = 9926910)

table 3 : explain UPDATE sbtest3 SET k=k+1 WHERE id=6239136
	Update on sbtest3  (cost=0.43..8.46 rows=0 width=0)
	  ->  Index Scan using sbtest3_pkey on sbtest3  (cost=0.43..8.46 rows=1 width=10)
	        Index Cond: (id = 6239136)

table 4 : explain UPDATE sbtest4 SET k=k+1 WHERE id=3392088
	Update on sbtest4  (cost=0.43..8.46 rows=0 width=0)
	  ->  Index Scan using sbtest4_pkey on sbtest4  (cost=0.43..8.46 rows=1 width=10)
	        Index Cond: (id = 3392088)

table 5 : explain UPDATE sbtest5 SET k=k+1 WHERE id=3837719
	Update on sbtest5  (cost=0.43..8.46 rows=0 width=0)
	  ->  Index Scan using sbtest5_pkey on sbtest5  (cost=0.43..8.46 rows=1 width=10)
	        Index Cond: (id = 3837719)

table 6 : explain UPDATE sbtest6 SET k=k+1 WHERE id=3843410
	Update on sbtest6  (cost=0.43..8.46 rows=0 width=0)
	  ->  Index Scan using sbtest6_pkey on sbtest6  (cost=0.43..8.46 rows=1 width=10)
	        Index Cond: (id = 3843410)

table 7 : explain UPDATE sbtest7 SET k=k+1 WHERE id=3905289
	Update on sbtest7  (cost=0.43..8.46 rows=0 width=0)
	  ->  Index Scan using sbtest7_pkey on sbtest7  (cost=0.43..8.46 rows=1 width=10)
	        Index Cond: (id = 3905289)

table 8 : explain UPDATE sbtest8 SET k=k+1 WHERE id=950747
	Update on sbtest8  (cost=0.43..8.46 rows=0 width=0)
	  ->  Index Scan using sbtest8_pkey on sbtest8  (cost=0.43..8.46 rows=1 width=10)
	        Index Cond: (id = 950747)

explain: for index_updates :: explain UPDATE sbtest%u SET k=k+1 WHERE id=%u
for: distinct_ranges
table 1 : explain SELECT DISTINCT c FROM sbtest1 WHERE id BETWEEN 9592093 AND 9592102 ORDER BY c
	Unique  (cost=40.91..40.96 rows=10 width=121)
	  ->  Sort  (cost=40.91..40.94 rows=10 width=121)
	        Sort Key: c
	        ->  Index Scan using sbtest1_pkey on sbtest1  (cost=0.43..40.75 rows=10 width=121)
	              Index Cond: ((id >= 9592093) AND (id <= 9592102))

table 2 : explain SELECT DISTINCT c FROM sbtest2 WHERE id BETWEEN 2022163 AND 2022172 ORDER BY c
	Unique  (cost=44.35..44.40 rows=11 width=121)
	  ->  Sort  (cost=44.35..44.38 rows=11 width=121)
	        Sort Key: c
	        ->  Index Scan using sbtest2_pkey on sbtest2  (cost=0.43..44.16 rows=11 width=121)
	              Index Cond: ((id >= 2022163) AND (id <= 2022172))

table 3 : explain SELECT DISTINCT c FROM sbtest3 WHERE id BETWEEN 8518733 AND 8518742 ORDER BY c
	Unique  (cost=40.56..40.61 rows=10 width=121)
	  ->  Sort  (cost=40.56..40.58 rows=10 width=121)
	        Sort Key: c
	        ->  Index Scan using sbtest3_pkey on sbtest3  (cost=0.43..40.39 rows=10 width=121)
	              Index Cond: ((id >= 8518733) AND (id <= 8518742))

table 4 : explain SELECT DISTINCT c FROM sbtest4 WHERE id BETWEEN 8008682 AND 8008691 ORDER BY c
	Unique  (cost=40.42..40.47 rows=10 width=121)
	  ->  Sort  (cost=40.42..40.44 rows=10 width=121)
	        Sort Key: c
	        ->  Index Scan using sbtest4_pkey on sbtest4  (cost=0.43..40.25 rows=10 width=121)
	              Index Cond: ((id >= 8008682) AND (id <= 8008691))

table 5 : explain SELECT DISTINCT c FROM sbtest5 WHERE id BETWEEN 1740281 AND 1740290 ORDER BY c
	Unique  (cost=40.55..40.60 rows=10 width=121)
	  ->  Sort  (cost=40.55..40.57 rows=10 width=121)
	        Sort Key: c
	        ->  Index Scan using sbtest5_pkey on sbtest5  (cost=0.43..40.38 rows=10 width=121)
	              Index Cond: ((id >= 1740281) AND (id <= 1740290))

table 6 : explain SELECT DISTINCT c FROM sbtest6 WHERE id BETWEEN 8086647 AND 8086656 ORDER BY c
	Unique  (cost=44.50..44.56 rows=11 width=121)
	  ->  Sort  (cost=44.50..44.53 rows=11 width=121)
	        Sort Key: c
	        ->  Index Scan using sbtest6_pkey on sbtest6  (cost=0.43..44.31 rows=11 width=121)
	              Index Cond: ((id >= 8086647) AND (id <= 8086656))

table 7 : explain SELECT DISTINCT c FROM sbtest7 WHERE id BETWEEN 4475260 AND 4475269 ORDER BY c
	Unique  (cost=40.20..40.25 rows=10 width=121)
	  ->  Sort  (cost=40.20..40.22 rows=10 width=121)
	        Sort Key: c
	        ->  Index Scan using sbtest7_pkey on sbtest7  (cost=0.43..40.03 rows=10 width=121)
	              Index Cond: ((id >= 4475260) AND (id <= 4475269))

table 8 : explain SELECT DISTINCT c FROM sbtest8 WHERE id BETWEEN 2569144 AND 2569153 ORDER BY c
	Unique  (cost=40.63..40.68 rows=10 width=121)
	  ->  Sort  (cost=40.63..40.65 rows=10 width=121)
	        Sort Key: c
	        ->  Index Scan using sbtest8_pkey on sbtest8  (cost=0.43..40.46 rows=10 width=121)
	              Index Cond: ((id >= 2569144) AND (id <= 2569153))

for: order_ranges
table 1 : explain SELECT c FROM sbtest1 WHERE id BETWEEN 4297873 AND 4297882 ORDER BY c
	Sort  (cost=40.91..40.94 rows=10 width=121)
	  Sort Key: c
	  ->  Index Scan using sbtest1_pkey on sbtest1  (cost=0.43..40.75 rows=10 width=121)
	        Index Cond: ((id >= 4297873) AND (id <= 4297882))

table 2 : explain SELECT c FROM sbtest2 WHERE id BETWEEN 2664316 AND 2664325 ORDER BY c
	Sort  (cost=40.75..40.78 rows=10 width=121)
	  Sort Key: c
	  ->  Index Scan using sbtest2_pkey on sbtest2  (cost=0.43..40.59 rows=10 width=121)
	        Index Cond: ((id >= 2664316) AND (id <= 2664325))

table 3 : explain SELECT c FROM sbtest3 WHERE id BETWEEN 6254269 AND 6254278 ORDER BY c
	Sort  (cost=40.56..40.58 rows=10 width=121)
	  Sort Key: c
	  ->  Index Scan using sbtest3_pkey on sbtest3  (cost=0.43..40.39 rows=10 width=121)
	        Index Cond: ((id >= 6254269) AND (id <= 6254278))

table 4 : explain SELECT c FROM sbtest4 WHERE id BETWEEN 9406102 AND 9406111 ORDER BY c
	Sort  (cost=40.42..40.44 rows=10 width=121)
	  Sort Key: c
	  ->  Index Scan using sbtest4_pkey on sbtest4  (cost=0.43..40.25 rows=10 width=121)
	        Index Cond: ((id >= 9406102) AND (id <= 9406111))

table 5 : explain SELECT c FROM sbtest5 WHERE id BETWEEN 3222793 AND 3222802 ORDER BY c
	Sort  (cost=40.55..40.57 rows=10 width=121)
	  Sort Key: c
	  ->  Index Scan using sbtest5_pkey on sbtest5  (cost=0.43..40.38 rows=10 width=121)
	        Index Cond: ((id >= 3222793) AND (id <= 3222802))

table 6 : explain SELECT c FROM sbtest6 WHERE id BETWEEN 5540328 AND 5540337 ORDER BY c
	Sort  (cost=40.89..40.92 rows=10 width=121)
	  Sort Key: c
	  ->  Index Scan using sbtest6_pkey on sbtest6  (cost=0.43..40.73 rows=10 width=121)
	        Index Cond: ((id >= 5540328) AND (id <= 5540337))

table 7 : explain SELECT c FROM sbtest7 WHERE id BETWEEN 5501459 AND 5501468 ORDER BY c
	Sort  (cost=40.20..40.22 rows=10 width=121)
	  Sort Key: c
	  ->  Index Scan using sbtest7_pkey on sbtest7  (cost=0.43..40.03 rows=10 width=121)
	        Index Cond: ((id >= 5501459) AND (id <= 5501468))

table 8 : explain SELECT c FROM sbtest8 WHERE id BETWEEN 4847914 AND 4847923 ORDER BY c
	Sort  (cost=44.21..44.24 rows=11 width=121)
	  Sort Key: c
	  ->  Index Scan using sbtest8_pkey on sbtest8  (cost=0.43..44.02 rows=11 width=121)
	        Index Cond: ((id >= 4847914) AND (id <= 4847923))

for: order_ranges
table 1 : explain SELECT c FROM sbtest1 WHERE id BETWEEN 4636665 AND 4636674 ORDER BY c
	Sort  (cost=40.91..40.94 rows=10 width=121)
	  Sort Key: c
	  ->  Index Scan using sbtest1_pkey on sbtest1  (cost=0.43..40.75 rows=10 width=121)
	        Index Cond: ((id >= 4636665) AND (id <= 4636674))

table 2 : explain SELECT c FROM sbtest2 WHERE id BETWEEN 4808972 AND 4808981 ORDER BY c
	Sort  (cost=40.75..40.78 rows=10 width=121)
	  Sort Key: c
	  ->  Index Scan using sbtest2_pkey on sbtest2  (cost=0.43..40.59 rows=10 width=121)
	        Index Cond: ((id >= 4808972) AND (id <= 4808981))

table 3 : explain SELECT c FROM sbtest3 WHERE id BETWEEN 5866625 AND 5866634 ORDER BY c
	Sort  (cost=40.56..40.58 rows=10 width=121)
	  Sort Key: c
	  ->  Index Scan using sbtest3_pkey on sbtest3  (cost=0.43..40.39 rows=10 width=121)
	        Index Cond: ((id >= 5866625) AND (id <= 5866634))

table 4 : explain SELECT c FROM sbtest4 WHERE id BETWEEN 2900652 AND 2900661 ORDER BY c
	Sort  (cost=40.42..40.44 rows=10 width=121)
	  Sort Key: c
	  ->  Index Scan using sbtest4_pkey on sbtest4  (cost=0.43..40.25 rows=10 width=121)
	        Index Cond: ((id >= 2900652) AND (id <= 2900661))

table 5 : explain SELECT c FROM sbtest5 WHERE id BETWEEN 2592183 AND 2592192 ORDER BY c
	Sort  (cost=40.55..40.57 rows=10 width=121)
	  Sort Key: c
	  ->  Index Scan using sbtest5_pkey on sbtest5  (cost=0.43..40.38 rows=10 width=121)
	        Index Cond: ((id >= 2592183) AND (id <= 2592192))

table 6 : explain SELECT c FROM sbtest6 WHERE id BETWEEN 565085 AND 565094 ORDER BY c
	Sort  (cost=40.89..40.92 rows=10 width=121)
	  Sort Key: c
	  ->  Index Scan using sbtest6_pkey on sbtest6  (cost=0.43..40.73 rows=10 width=121)
	        Index Cond: ((id >= 565085) AND (id <= 565094))

table 7 : explain SELECT c FROM sbtest7 WHERE id BETWEEN 7382541 AND 7382550 ORDER BY c
	Sort  (cost=40.20..40.22 rows=10 width=121)
	  Sort Key: c
	  ->  Index Scan using sbtest7_pkey on sbtest7  (cost=0.43..40.03 rows=10 width=121)
	        Index Cond: ((id >= 7382541) AND (id <= 7382550))

table 8 : explain SELECT c FROM sbtest8 WHERE id BETWEEN 4383570 AND 4383579 ORDER BY c
	Sort  (cost=40.63..40.65 rows=10 width=121)
	  Sort Key: c
	  ->  Index Scan using sbtest8_pkey on sbtest8  (cost=0.43..40.46 rows=10 width=121)
	        Index Cond: ((id >= 4383570) AND (id <= 4383579))

for non_index_updates
table 1 : explain UPDATE sbtest1 SET c='foobar' WHERE id=6438455
	Update on sbtest1  (cost=0.43..8.45 rows=0 width=0)
	  ->  Index Scan using sbtest1_pkey on sbtest1  (cost=0.43..8.45 rows=1 width=490)
	        Index Cond: (id = 6438455)

table 2 : explain UPDATE sbtest2 SET c='foobar' WHERE id=8745799
	Update on sbtest2  (cost=0.43..8.45 rows=0 width=0)
	  ->  Index Scan using sbtest2_pkey on sbtest2  (cost=0.43..8.45 rows=1 width=490)
	        Index Cond: (id = 8745799)

table 3 : explain UPDATE sbtest3 SET c='foobar' WHERE id=9102157
	Update on sbtest3  (cost=0.43..8.45 rows=0 width=0)
	  ->  Index Scan using sbtest3_pkey on sbtest3  (cost=0.43..8.45 rows=1 width=490)
	        Index Cond: (id = 9102157)

table 4 : explain UPDATE sbtest4 SET c='foobar' WHERE id=7057827
	Update on sbtest4  (cost=0.43..8.45 rows=0 width=0)
	  ->  Index Scan using sbtest4_pkey on sbtest4  (cost=0.43..8.45 rows=1 width=490)
	        Index Cond: (id = 7057827)

table 5 : explain UPDATE sbtest5 SET c='foobar' WHERE id=2624367
	Update on sbtest5  (cost=0.43..8.45 rows=0 width=0)
	  ->  Index Scan using sbtest5_pkey on sbtest5  (cost=0.43..8.45 rows=1 width=490)
	        Index Cond: (id = 2624367)

table 6 : explain UPDATE sbtest6 SET c='foobar' WHERE id=1610100
	Update on sbtest6  (cost=0.43..8.45 rows=0 width=0)
	  ->  Index Scan using sbtest6_pkey on sbtest6  (cost=0.43..8.45 rows=1 width=490)
	        Index Cond: (id = 1610100)

table 7 : explain UPDATE sbtest7 SET c='foobar' WHERE id=5135410
	Update on sbtest7  (cost=0.43..8.45 rows=0 width=0)
	  ->  Index Scan using sbtest7_pkey on sbtest7  (cost=0.43..8.45 rows=1 width=490)
	        Index Cond: (id = 5135410)

table 8 : explain UPDATE sbtest8 SET c='foobar' WHERE id=3594588
	Update on sbtest8  (cost=0.43..8.45 rows=0 width=0)
	  ->  Index Scan using sbtest8_pkey on sbtest8  (cost=0.43..8.45 rows=1 width=490)
	        Index Cond: (id = 3594588)

explain: for inserts :: explain INSERT INTO sbtest%u (id, k, c, pad) VALUES (%u, 13, 'foobar', 'foobar')
for deletes
table 1 : explain DELETE FROM sbtest1 WHERE id=4144084
	Delete on sbtest1  (cost=0.43..8.45 rows=0 width=0)
	  ->  Index Scan using sbtest1_pkey on sbtest1  (cost=0.43..8.45 rows=1 width=6)
	        Index Cond: (id = 4144084)

table 2 : explain DELETE FROM sbtest2 WHERE id=4583273
	Delete on sbtest2  (cost=0.43..8.45 rows=0 width=0)
	  ->  Index Scan using sbtest2_pkey on sbtest2  (cost=0.43..8.45 rows=1 width=6)
	        Index Cond: (id = 4583273)

table 3 : explain DELETE FROM sbtest3 WHERE id=6938405
	Delete on sbtest3  (cost=0.43..8.45 rows=0 width=0)
	  ->  Index Scan using sbtest3_pkey on sbtest3  (cost=0.43..8.45 rows=1 width=6)
	        Index Cond: (id = 6938405)

table 4 : explain DELETE FROM sbtest4 WHERE id=2210107
	Delete on sbtest4  (cost=0.43..8.45 rows=0 width=0)
	  ->  Index Scan using sbtest4_pkey on sbtest4  (cost=0.43..8.45 rows=1 width=6)
	        Index Cond: (id = 2210107)

table 5 : explain DELETE FROM sbtest5 WHERE id=7269670
	Delete on sbtest5  (cost=0.43..8.45 rows=0 width=0)
	  ->  Index Scan using sbtest5_pkey on sbtest5  (cost=0.43..8.45 rows=1 width=6)
	        Index Cond: (id = 7269670)

table 6 : explain DELETE FROM sbtest6 WHERE id=502417
	Delete on sbtest6  (cost=0.43..8.45 rows=0 width=0)
	  ->  Index Scan using sbtest6_pkey on sbtest6  (cost=0.43..8.45 rows=1 width=6)
	        Index Cond: (id = 502417)

table 7 : explain DELETE FROM sbtest7 WHERE id=6470550
	Delete on sbtest7  (cost=0.43..8.45 rows=0 width=0)
	  ->  Index Scan using sbtest7_pkey on sbtest7  (cost=0.43..8.45 rows=1 width=6)
	        Index Cond: (id = 6470550)

table 8 : explain DELETE FROM sbtest8 WHERE id=8732476
	Delete on sbtest8  (cost=0.43..8.45 rows=0 width=0)
	  ->  Index Scan using sbtest8_pkey on sbtest8  (cost=0.43..8.45 rows=1 width=6)
	        Index Cond: (id = 8732476)

for point_selects
table 1 : explain SELECT c FROM sbtest1 WHERE id=7479594
	Index Scan using sbtest1_pkey on sbtest1  (cost=0.43..8.45 rows=1 width=121)
	  Index Cond: (id = 7479594)

table 2 : explain SELECT c FROM sbtest2 WHERE id=1243600
	Index Scan using sbtest2_pkey on sbtest2  (cost=0.43..8.45 rows=1 width=121)
	  Index Cond: (id = 1243600)

table 3 : explain SELECT c FROM sbtest3 WHERE id=3123144
	Index Scan using sbtest3_pkey on sbtest3  (cost=0.43..8.45 rows=1 width=121)
	  Index Cond: (id = 3123144)

table 4 : explain SELECT c FROM sbtest4 WHERE id=2437985
	Index Scan using sbtest4_pkey on sbtest4  (cost=0.43..8.45 rows=1 width=121)
	  Index Cond: (id = 2437985)

table 5 : explain SELECT c FROM sbtest5 WHERE id=3965326
	Index Scan using sbtest5_pkey on sbtest5  (cost=0.43..8.45 rows=1 width=121)
	  Index Cond: (id = 3965326)

table 6 : explain SELECT c FROM sbtest6 WHERE id=3914237
	Index Scan using sbtest6_pkey on sbtest6  (cost=0.43..8.45 rows=1 width=121)
	  Index Cond: (id = 3914237)

table 7 : explain SELECT c FROM sbtest7 WHERE id=1564419
	Index Scan using sbtest7_pkey on sbtest7  (cost=0.43..8.45 rows=1 width=121)
	  Index Cond: (id = 1564419)

table 8 : explain SELECT c FROM sbtest8 WHERE id=8569658
	Index Scan using sbtest8_pkey on sbtest8  (cost=0.43..8.45 rows=1 width=121)
	  Index Cond: (id = 8569658)

for non_index_updates
table 1 : explain UPDATE sbtest1 SET c='foobar' WHERE id=3937749
	Update on sbtest1  (cost=0.43..8.45 rows=0 width=0)
	  ->  Index Scan using sbtest1_pkey on sbtest1  (cost=0.43..8.45 rows=1 width=490)
	        Index Cond: (id = 3937749)

table 2 : explain UPDATE sbtest2 SET c='foobar' WHERE id=7296569
	Update on sbtest2  (cost=0.43..8.45 rows=0 width=0)
	  ->  Index Scan using sbtest2_pkey on sbtest2  (cost=0.43..8.45 rows=1 width=490)
	        Index Cond: (id = 7296569)

table 3 : explain UPDATE sbtest3 SET c='foobar' WHERE id=2772821
	Update on sbtest3  (cost=0.43..8.45 rows=0 width=0)
	  ->  Index Scan using sbtest3_pkey on sbtest3  (cost=0.43..8.45 rows=1 width=490)
	        Index Cond: (id = 2772821)

table 4 : explain UPDATE sbtest4 SET c='foobar' WHERE id=9513350
	Update on sbtest4  (cost=0.43..8.45 rows=0 width=0)
	  ->  Index Scan using sbtest4_pkey on sbtest4  (cost=0.43..8.45 rows=1 width=490)
	        Index Cond: (id = 9513350)

table 5 : explain UPDATE sbtest5 SET c='foobar' WHERE id=6096503
	Update on sbtest5  (cost=0.43..8.45 rows=0 width=0)
	  ->  Index Scan using sbtest5_pkey on sbtest5  (cost=0.43..8.45 rows=1 width=490)
	        Index Cond: (id = 6096503)

table 6 : explain UPDATE sbtest6 SET c='foobar' WHERE id=1768041
	Update on sbtest6  (cost=0.43..8.45 rows=0 width=0)
	  ->  Index Scan using sbtest6_pkey on sbtest6  (cost=0.43..8.45 rows=1 width=490)
	        Index Cond: (id = 1768041)

table 7 : explain UPDATE sbtest7 SET c='foobar' WHERE id=672864
	Update on sbtest7  (cost=0.43..8.45 rows=0 width=0)
	  ->  Index Scan using sbtest7_pkey on sbtest7  (cost=0.43..8.45 rows=1 width=490)
	        Index Cond: (id = 672864)

table 8 : explain UPDATE sbtest8 SET c='foobar' WHERE id=8919261
	Update on sbtest8  (cost=0.43..8.45 rows=0 width=0)
	  ->  Index Scan using sbtest8_pkey on sbtest8  (cost=0.43..8.45 rows=1 width=490)
	        Index Cond: (id = 8919261)

for index_updates
table 1 : explain UPDATE sbtest1 SET k=k+1 WHERE id=3764007
	Update on sbtest1  (cost=0.43..8.46 rows=0 width=0)
	  ->  Index Scan using sbtest1_pkey on sbtest1  (cost=0.43..8.46 rows=1 width=10)
	        Index Cond: (id = 3764007)

table 2 : explain UPDATE sbtest2 SET k=k+1 WHERE id=5473627
	Update on sbtest2  (cost=0.43..8.46 rows=0 width=0)
	  ->  Index Scan using sbtest2_pkey on sbtest2  (cost=0.43..8.46 rows=1 width=10)
	        Index Cond: (id = 5473627)

table 3 : explain UPDATE sbtest3 SET k=k+1 WHERE id=6862438
	Update on sbtest3  (cost=0.43..8.46 rows=0 width=0)
	  ->  Index Scan using sbtest3_pkey on sbtest3  (cost=0.43..8.46 rows=1 width=10)
	        Index Cond: (id = 6862438)

table 4 : explain UPDATE sbtest4 SET k=k+1 WHERE id=2247395
	Update on sbtest4  (cost=0.43..8.46 rows=0 width=0)
	  ->  Index Scan using sbtest4_pkey on sbtest4  (cost=0.43..8.46 rows=1 width=10)
	        Index Cond: (id = 2247395)

table 5 : explain UPDATE sbtest5 SET k=k+1 WHERE id=3279927
	Update on sbtest5  (cost=0.43..8.46 rows=0 width=0)
	  ->  Index Scan using sbtest5_pkey on sbtest5  (cost=0.43..8.46 rows=1 width=10)
	        Index Cond: (id = 3279927)

table 6 : explain UPDATE sbtest6 SET k=k+1 WHERE id=3433958
	Update on sbtest6  (cost=0.43..8.46 rows=0 width=0)
	  ->  Index Scan using sbtest6_pkey on sbtest6  (cost=0.43..8.46 rows=1 width=10)
	        Index Cond: (id = 3433958)

table 7 : explain UPDATE sbtest7 SET k=k+1 WHERE id=9029533
	Update on sbtest7  (cost=0.43..8.46 rows=0 width=0)
	  ->  Index Scan using sbtest7_pkey on sbtest7  (cost=0.43..8.46 rows=1 width=10)
	        Index Cond: (id = 9029533)

table 8 : explain UPDATE sbtest8 SET k=k+1 WHERE id=1722601
	Update on sbtest8  (cost=0.43..8.46 rows=0 width=0)
	  ->  Index Scan using sbtest8_pkey on sbtest8  (cost=0.43..8.46 rows=1 width=10)
	        Index Cond: (id = 1722601)

for deletes
table 1 : explain DELETE FROM sbtest1 WHERE id=6166158
	Delete on sbtest1  (cost=0.43..8.45 rows=0 width=0)
	  ->  Index Scan using sbtest1_pkey on sbtest1  (cost=0.43..8.45 rows=1 width=6)
	        Index Cond: (id = 6166158)

table 2 : explain DELETE FROM sbtest2 WHERE id=8122665
	Delete on sbtest2  (cost=0.43..8.45 rows=0 width=0)
	  ->  Index Scan using sbtest2_pkey on sbtest2  (cost=0.43..8.45 rows=1 width=6)
	        Index Cond: (id = 8122665)

table 3 : explain DELETE FROM sbtest3 WHERE id=1607797
	Delete on sbtest3  (cost=0.43..8.45 rows=0 width=0)
	  ->  Index Scan using sbtest3_pkey on sbtest3  (cost=0.43..8.45 rows=1 width=6)
	        Index Cond: (id = 1607797)

table 4 : explain DELETE FROM sbtest4 WHERE id=5045091
	Delete on sbtest4  (cost=0.43..8.45 rows=0 width=0)
	  ->  Index Scan using sbtest4_pkey on sbtest4  (cost=0.43..8.45 rows=1 width=6)
	        Index Cond: (id = 5045091)

table 5 : explain DELETE FROM sbtest5 WHERE id=8695981
	Delete on sbtest5  (cost=0.43..8.45 rows=0 width=0)
	  ->  Index Scan using sbtest5_pkey on sbtest5  (cost=0.43..8.45 rows=1 width=6)
	        Index Cond: (id = 8695981)

table 6 : explain DELETE FROM sbtest6 WHERE id=142062
	Delete on sbtest6  (cost=0.43..8.45 rows=0 width=0)
	  ->  Index Scan using sbtest6_pkey on sbtest6  (cost=0.43..8.45 rows=1 width=6)
	        Index Cond: (id = 142062)

table 7 : explain DELETE FROM sbtest7 WHERE id=8631498
	Delete on sbtest7  (cost=0.43..8.45 rows=0 width=0)
	  ->  Index Scan using sbtest7_pkey on sbtest7  (cost=0.43..8.45 rows=1 width=6)
	        Index Cond: (id = 8631498)

table 8 : explain DELETE FROM sbtest8 WHERE id=63924
	Delete on sbtest8  (cost=0.43..8.45 rows=0 width=0)
	  ->  Index Scan using sbtest8_pkey on sbtest8  (cost=0.43..8.45 rows=1 width=6)
	        Index Cond: (id = 63924)

for non_index_updates
table 1 : explain UPDATE sbtest1 SET c='foobar' WHERE id=8205557
	Update on sbtest1  (cost=0.43..8.45 rows=0 width=0)
	  ->  Index Scan using sbtest1_pkey on sbtest1  (cost=0.43..8.45 rows=1 width=490)
	        Index Cond: (id = 8205557)

table 2 : explain UPDATE sbtest2 SET c='foobar' WHERE id=8466142
	Update on sbtest2  (cost=0.43..8.45 rows=0 width=0)
	  ->  Index Scan using sbtest2_pkey on sbtest2  (cost=0.43..8.45 rows=1 width=490)
	        Index Cond: (id = 8466142)

table 3 : explain UPDATE sbtest3 SET c='foobar' WHERE id=4180005
	Update on sbtest3  (cost=0.43..8.45 rows=0 width=0)
	  ->  Index Scan using sbtest3_pkey on sbtest3  (cost=0.43..8.45 rows=1 width=490)
	        Index Cond: (id = 4180005)

table 4 : explain UPDATE sbtest4 SET c='foobar' WHERE id=6528338
	Update on sbtest4  (cost=0.43..8.45 rows=0 width=0)
	  ->  Index Scan using sbtest4_pkey on sbtest4  (cost=0.43..8.45 rows=1 width=490)
	        Index Cond: (id = 6528338)

table 5 : explain UPDATE sbtest5 SET c='foobar' WHERE id=1474722
	Update on sbtest5  (cost=0.43..8.45 rows=0 width=0)
	  ->  Index Scan using sbtest5_pkey on sbtest5  (cost=0.43..8.45 rows=1 width=490)
	        Index Cond: (id = 1474722)

table 6 : explain UPDATE sbtest6 SET c='foobar' WHERE id=7415339
	Update on sbtest6  (cost=0.43..8.45 rows=0 width=0)
	  ->  Index Scan using sbtest6_pkey on sbtest6  (cost=0.43..8.45 rows=1 width=490)
	        Index Cond: (id = 7415339)

table 7 : explain UPDATE sbtest7 SET c='foobar' WHERE id=516850
	Update on sbtest7  (cost=0.43..8.45 rows=0 width=0)
	  ->  Index Scan using sbtest7_pkey on sbtest7  (cost=0.43..8.45 rows=1 width=490)
	        Index Cond: (id = 516850)

table 8 : explain UPDATE sbtest8 SET c='foobar' WHERE id=517534
	Update on sbtest8  (cost=0.43..8.45 rows=0 width=0)
	  ->  Index Scan using sbtest8_pkey on sbtest8  (cost=0.43..8.45 rows=1 width=490)
	        Index Cond: (id = 517534)

explain: for non_index_updates :: explain UPDATE sbtest%u SET c='foobar' WHERE id=%u
for index_updates
table 1 : explain UPDATE sbtest1 SET k=k+1 WHERE id=2574582
	Update on sbtest1  (cost=0.43..8.46 rows=0 width=0)
	  ->  Index Scan using sbtest1_pkey on sbtest1  (cost=0.43..8.46 rows=1 width=10)
	        Index Cond: (id = 2574582)

table 2 : explain UPDATE sbtest2 SET k=k+1 WHERE id=8919218
	Update on sbtest2  (cost=0.43..8.46 rows=0 width=0)
	  ->  Index Scan using sbtest2_pkey on sbtest2  (cost=0.43..8.46 rows=1 width=10)
	        Index Cond: (id = 8919218)

table 3 : explain UPDATE sbtest3 SET k=k+1 WHERE id=5071160
	Update on sbtest3  (cost=0.43..8.46 rows=0 width=0)
	  ->  Index Scan using sbtest3_pkey on sbtest3  (cost=0.43..8.46 rows=1 width=10)
	        Index Cond: (id = 5071160)

table 4 : explain UPDATE sbtest4 SET k=k+1 WHERE id=7833806
	Update on sbtest4  (cost=0.43..8.46 rows=0 width=0)
	  ->  Index Scan using sbtest4_pkey on sbtest4  (cost=0.43..8.46 rows=1 width=10)
	        Index Cond: (id = 7833806)

table 5 : explain UPDATE sbtest5 SET k=k+1 WHERE id=9272842
	Update on sbtest5  (cost=0.43..8.46 rows=0 width=0)
	  ->  Index Scan using sbtest5_pkey on sbtest5  (cost=0.43..8.46 rows=1 width=10)
	        Index Cond: (id = 9272842)

table 6 : explain UPDATE sbtest6 SET k=k+1 WHERE id=1330739
	Update on sbtest6  (cost=0.43..8.46 rows=0 width=0)
	  ->  Index Scan using sbtest6_pkey on sbtest6  (cost=0.43..8.46 rows=1 width=10)
	        Index Cond: (id = 1330739)

table 7 : explain UPDATE sbtest7 SET k=k+1 WHERE id=9662297
	Update on sbtest7  (cost=0.43..8.46 rows=0 width=0)
	  ->  Index Scan using sbtest7_pkey on sbtest7  (cost=0.43..8.46 rows=1 width=10)
	        Index Cond: (id = 9662297)

table 8 : explain UPDATE sbtest8 SET k=k+1 WHERE id=7002397
	Update on sbtest8  (cost=0.43..8.46 rows=0 width=0)
	  ->  Index Scan using sbtest8_pkey on sbtest8  (cost=0.43..8.46 rows=1 width=10)
	        Index Cond: (id = 7002397)

explain: for deletes :: explain DELETE FROM sbtest%u WHERE id=%u
explain: for deletes :: explain DELETE FROM sbtest%u WHERE id=%u
explain: for deletes :: explain DELETE FROM sbtest%u WHERE id=%u
explain: for index_updates :: explain UPDATE sbtest%u SET k=k+1 WHERE id=%u
explain: for non_index_updates :: explain UPDATE sbtest%u SET c='foobar' WHERE id=%u
explain: for point_selects :: explain SELECT c FROM sbtest%u WHERE id=%u
explain: for point_selects :: explain SELECT c FROM sbtest%u WHERE id=%u
for inserts
table 1 : explain INSERT INTO sbtest1 (id, k, c, pad) VALUES (7459306, 13, 'foobar', 'foobar')
	Insert on sbtest1  (cost=0.00..0.01 rows=0 width=0)
	  ->  Result  (cost=0.00..0.01 rows=1 width=736)

table 2 : explain INSERT INTO sbtest2 (id, k, c, pad) VALUES (3008760, 13, 'foobar', 'foobar')
	Insert on sbtest2  (cost=0.00..0.01 rows=0 width=0)
	  ->  Result  (cost=0.00..0.01 rows=1 width=736)

table 3 : explain INSERT INTO sbtest3 (id, k, c, pad) VALUES (7643373, 13, 'foobar', 'foobar')
	Insert on sbtest3  (cost=0.00..0.01 rows=0 width=0)
	  ->  Result  (cost=0.00..0.01 rows=1 width=736)

table 4 : explain INSERT INTO sbtest4 (id, k, c, pad) VALUES (3510401, 13, 'foobar', 'foobar')
	Insert on sbtest4  (cost=0.00..0.01 rows=0 width=0)
	  ->  Result  (cost=0.00..0.01 rows=1 width=736)

table 5 : explain INSERT INTO sbtest5 (id, k, c, pad) VALUES (6416376, 13, 'foobar', 'foobar')
	Insert on sbtest5  (cost=0.00..0.01 rows=0 width=0)
	  ->  Result  (cost=0.00..0.01 rows=1 width=736)

table 6 : explain INSERT INTO sbtest6 (id, k, c, pad) VALUES (1604895, 13, 'foobar', 'foobar')
	Insert on sbtest6  (cost=0.00..0.01 rows=0 width=0)
	  ->  Result  (cost=0.00..0.01 rows=1 width=736)

table 7 : explain INSERT INTO sbtest7 (id, k, c, pad) VALUES (3292903, 13, 'foobar', 'foobar')
	Insert on sbtest7  (cost=0.00..0.01 rows=0 width=0)
	  ->  Result  (cost=0.00..0.01 rows=1 width=736)

table 8 : explain INSERT INTO sbtest8 (id, k, c, pad) VALUES (2688786, 13, 'foobar', 'foobar')
	Insert on sbtest8  (cost=0.00..0.01 rows=0 width=0)
	  ->  Result  (cost=0.00..0.01 rows=1 width=736)

explain: for non_index_updates :: explain UPDATE sbtest%u SET c='foobar' WHERE id=%u
explain: for point_selects :: explain SELECT c FROM sbtest%u WHERE id=%u
explain: for point_selects :: explain SELECT c FROM sbtest%u WHERE id=%u
for: sum_ranges
table 1 : explain SELECT SUM(k) FROM sbtest1 WHERE id BETWEEN 2713170 AND 2713179
	Aggregate  (cost=40.77..40.78 rows=1 width=8)
	  ->  Index Scan using sbtest1_pkey on sbtest1  (cost=0.43..40.75 rows=10 width=4)
	        Index Cond: ((id >= 2713170) AND (id <= 2713179))

table 2 : explain SELECT SUM(k) FROM sbtest2 WHERE id BETWEEN 524798 AND 524807
	Aggregate  (cost=44.19..44.20 rows=1 width=8)
	  ->  Index Scan using sbtest2_pkey on sbtest2  (cost=0.43..44.16 rows=11 width=4)
	        Index Cond: ((id >= 524798) AND (id <= 524807))

table 3 : explain SELECT SUM(k) FROM sbtest3 WHERE id BETWEEN 9936418 AND 9936427
	Aggregate  (cost=36.87..36.88 rows=1 width=8)
	  ->  Index Scan using sbtest3_pkey on sbtest3  (cost=0.43..36.84 rows=9 width=4)
	        Index Cond: ((id >= 9936418) AND (id <= 9936427))

table 4 : explain SELECT SUM(k) FROM sbtest4 WHERE id BETWEEN 7204973 AND 7204982
	Aggregate  (cost=40.28..40.29 rows=1 width=8)
	  ->  Index Scan using sbtest4_pkey on sbtest4  (cost=0.43..40.25 rows=10 width=4)
	        Index Cond: ((id >= 7204973) AND (id <= 7204982))

table 5 : explain SELECT SUM(k) FROM sbtest5 WHERE id BETWEEN 1520805 AND 1520814
	Aggregate  (cost=40.40..40.41 rows=1 width=8)
	  ->  Index Scan using sbtest5_pkey on sbtest5  (cost=0.43..40.38 rows=10 width=4)
	        Index Cond: ((id >= 1520805) AND (id <= 1520814))

table 6 : explain SELECT SUM(k) FROM sbtest6 WHERE id BETWEEN 1017018 AND 1017027
	Aggregate  (cost=44.34..44.35 rows=1 width=8)
	  ->  Index Scan using sbtest6_pkey on sbtest6  (cost=0.43..44.31 rows=11 width=4)
	        Index Cond: ((id >= 1017018) AND (id <= 1017027))

table 7 : explain SELECT SUM(k) FROM sbtest7 WHERE id BETWEEN 4758863 AND 4758872
	Aggregate  (cost=40.06..40.07 rows=1 width=8)
	  ->  Index Scan using sbtest7_pkey on sbtest7  (cost=0.43..40.03 rows=10 width=4)
	        Index Cond: ((id >= 4758863) AND (id <= 4758872))

table 8 : explain SELECT SUM(k) FROM sbtest8 WHERE id BETWEEN 5316648 AND 5316657
	Aggregate  (cost=40.49..40.50 rows=1 width=8)
	  ->  Index Scan using sbtest8_pkey on sbtest8  (cost=0.43..40.46 rows=10 width=4)
	        Index Cond: ((id >= 5316648) AND (id <= 5316657))

for: distinct_ranges
table 1 : explain SELECT DISTINCT c FROM sbtest1 WHERE id BETWEEN 5981595 AND 5981604 ORDER BY c
	Unique  (cost=37.30..37.35 rows=9 width=121)
	  ->  Sort  (cost=37.30..37.32 rows=9 width=121)
	        Sort Key: c
	        ->  Index Scan using sbtest1_pkey on sbtest1  (cost=0.43..37.16 rows=9 width=121)
	              Index Cond: ((id >= 5981595) AND (id <= 5981604))

table 2 : explain SELECT DISTINCT c FROM sbtest2 WHERE id BETWEEN 326891 AND 326900 ORDER BY c
	Unique  (cost=40.75..40.80 rows=10 width=121)
	  ->  Sort  (cost=40.75..40.78 rows=10 width=121)
	        Sort Key: c
	        ->  Index Scan using sbtest2_pkey on sbtest2  (cost=0.43..40.59 rows=10 width=121)
	              Index Cond: ((id >= 326891) AND (id <= 326900))

table 3 : explain SELECT DISTINCT c FROM sbtest3 WHERE id BETWEEN 7057188 AND 7057197 ORDER BY c
	Unique  (cost=44.13..44.19 rows=11 width=121)
	  ->  Sort  (cost=44.13..44.16 rows=11 width=121)
	        Sort Key: c
	        ->  Index Scan using sbtest3_pkey on sbtest3  (cost=0.43..43.94 rows=11 width=121)
	              Index Cond: ((id >= 7057188) AND (id <= 7057197))

table 4 : explain SELECT DISTINCT c FROM sbtest4 WHERE id BETWEEN 9253339 AND 9253348 ORDER BY c
	Unique  (cost=40.42..40.47 rows=10 width=121)
	  ->  Sort  (cost=40.42..40.44 rows=10 width=121)
	        Sort Key: c
	        ->  Index Scan using sbtest4_pkey on sbtest4  (cost=0.43..40.25 rows=10 width=121)
	              Index Cond: ((id >= 9253339) AND (id <= 9253348))

table 5 : explain SELECT DISTINCT c FROM sbtest5 WHERE id BETWEEN 3996559 AND 3996568 ORDER BY c
	Unique  (cost=40.55..40.60 rows=10 width=121)
	  ->  Sort  (cost=40.55..40.57 rows=10 width=121)
	        Sort Key: c
	        ->  Index Scan using sbtest5_pkey on sbtest5  (cost=0.43..40.38 rows=10 width=121)
	              Index Cond: ((id >= 3996559) AND (id <= 3996568))

table 6 : explain SELECT DISTINCT c FROM sbtest6 WHERE id BETWEEN 66402 AND 66411 ORDER BY c
	Unique  (cost=40.89..40.94 rows=10 width=121)
	  ->  Sort  (cost=40.89..40.92 rows=10 width=121)
	        Sort Key: c
	        ->  Index Scan using sbtest6_pkey on sbtest6  (cost=0.43..40.73 rows=10 width=121)
	              Index Cond: ((id >= 66402) AND (id <= 66411))

table 7 : explain SELECT DISTINCT c FROM sbtest7 WHERE id BETWEEN 2539352 AND 2539361 ORDER BY c
	Unique  (cost=40.20..40.25 rows=10 width=121)
	  ->  Sort  (cost=40.20..40.22 rows=10 width=121)
	        Sort Key: c
	        ->  Index Scan using sbtest7_pkey on sbtest7  (cost=0.43..40.03 rows=10 width=121)
	              Index Cond: ((id >= 2539352) AND (id <= 2539361))

table 8 : explain SELECT DISTINCT c FROM sbtest8 WHERE id BETWEEN 404214 AND 404223 ORDER BY c
	Unique  (cost=40.63..40.68 rows=10 width=121)
	  ->  Sort  (cost=40.63..40.65 rows=10 width=121)
	        Sort Key: c
	        ->  Index Scan using sbtest8_pkey on sbtest8  (cost=0.43..40.46 rows=10 width=121)
	              Index Cond: ((id >= 404214) AND (id <= 404223))

explain: for inserts :: explain INSERT INTO sbtest%u (id, k, c, pad) VALUES (%u, 13, 'foobar', 'foobar')
explain: for inserts :: explain INSERT INTO sbtest%u (id, k, c, pad) VALUES (%u, 13, 'foobar', 'foobar')
for deletes
table 1 : explain DELETE FROM sbtest1 WHERE id=6470422
	Delete on sbtest1  (cost=0.43..8.45 rows=0 width=0)
	  ->  Index Scan using sbtest1_pkey on sbtest1  (cost=0.43..8.45 rows=1 width=6)
	        Index Cond: (id = 6470422)

table 2 : explain DELETE FROM sbtest2 WHERE id=334322
	Delete on sbtest2  (cost=0.43..8.45 rows=0 width=0)
	  ->  Index Scan using sbtest2_pkey on sbtest2  (cost=0.43..8.45 rows=1 width=6)
	        Index Cond: (id = 334322)

table 3 : explain DELETE FROM sbtest3 WHERE id=305773
	Delete on sbtest3  (cost=0.43..8.45 rows=0 width=0)
	  ->  Index Scan using sbtest3_pkey on sbtest3  (cost=0.43..8.45 rows=1 width=6)
	        Index Cond: (id = 305773)

table 4 : explain DELETE FROM sbtest4 WHERE id=6718846
	Delete on sbtest4  (cost=0.43..8.45 rows=0 width=0)
	  ->  Index Scan using sbtest4_pkey on sbtest4  (cost=0.43..8.45 rows=1 width=6)
	        Index Cond: (id = 6718846)

table 5 : explain DELETE FROM sbtest5 WHERE id=2232347
	Delete on sbtest5  (cost=0.43..8.45 rows=0 width=0)
	  ->  Index Scan using sbtest5_pkey on sbtest5  (cost=0.43..8.45 rows=1 width=6)
	        Index Cond: (id = 2232347)

table 6 : explain DELETE FROM sbtest6 WHERE id=6942936
	Delete on sbtest6  (cost=0.43..8.45 rows=0 width=0)
	  ->  Index Scan using sbtest6_pkey on sbtest6  (cost=0.43..8.45 rows=1 width=6)
	        Index Cond: (id = 6942936)

table 7 : explain DELETE FROM sbtest7 WHERE id=28160
	Delete on sbtest7  (cost=0.43..8.45 rows=0 width=0)
	  ->  Index Scan using sbtest7_pkey on sbtest7  (cost=0.43..8.45 rows=1 width=6)
	        Index Cond: (id = 28160)

table 8 : explain DELETE FROM sbtest8 WHERE id=4631857
	Delete on sbtest8  (cost=0.43..8.45 rows=0 width=0)
	  ->  Index Scan using sbtest8_pkey on sbtest8  (cost=0.43..8.45 rows=1 width=6)
	        Index Cond: (id = 4631857)

explain: for index_updates :: explain UPDATE sbtest%u SET k=k+1 WHERE id=%u
for deletes
table 1 : explain DELETE FROM sbtest1 WHERE id=1443044
	Delete on sbtest1  (cost=0.43..8.45 rows=0 width=0)
	  ->  Index Scan using sbtest1_pkey on sbtest1  (cost=0.43..8.45 rows=1 width=6)
	        Index Cond: (id = 1443044)

table 2 : explain DELETE FROM sbtest2 WHERE id=7944607
	Delete on sbtest2  (cost=0.43..8.45 rows=0 width=0)
	  ->  Index Scan using sbtest2_pkey on sbtest2  (cost=0.43..8.45 rows=1 width=6)
	        Index Cond: (id = 7944607)

table 3 : explain DELETE FROM sbtest3 WHERE id=3040803
	Delete on sbtest3  (cost=0.43..8.45 rows=0 width=0)
	  ->  Index Scan using sbtest3_pkey on sbtest3  (cost=0.43..8.45 rows=1 width=6)
	        Index Cond: (id = 3040803)

table 4 : explain DELETE FROM sbtest4 WHERE id=7870595
	Delete on sbtest4  (cost=0.43..8.45 rows=0 width=0)
	  ->  Index Scan using sbtest4_pkey on sbtest4  (cost=0.43..8.45 rows=1 width=6)
	        Index Cond: (id = 7870595)

table 5 : explain DELETE FROM sbtest5 WHERE id=3044907
	Delete on sbtest5  (cost=0.43..8.45 rows=0 width=0)
	  ->  Index Scan using sbtest5_pkey on sbtest5  (cost=0.43..8.45 rows=1 width=6)
	        Index Cond: (id = 3044907)

table 6 : explain DELETE FROM sbtest6 WHERE id=8024539
	Delete on sbtest6  (cost=0.43..8.45 rows=0 width=0)
	  ->  Index Scan using sbtest6_pkey on sbtest6  (cost=0.43..8.45 rows=1 width=6)
	        Index Cond: (id = 8024539)

table 7 : explain DELETE FROM sbtest7 WHERE id=1218214
	Delete on sbtest7  (cost=0.43..8.45 rows=0 width=0)
	  ->  Index Scan using sbtest7_pkey on sbtest7  (cost=0.43..8.45 rows=1 width=6)
	        Index Cond: (id = 1218214)

table 8 : explain DELETE FROM sbtest8 WHERE id=172073
	Delete on sbtest8  (cost=0.43..8.45 rows=0 width=0)
	  ->  Index Scan using sbtest8_pkey on sbtest8  (cost=0.43..8.45 rows=1 width=6)
	        Index Cond: (id = 172073)

for non_index_updates
table 1 : explain UPDATE sbtest1 SET c='foobar' WHERE id=567116
	Update on sbtest1  (cost=0.43..8.45 rows=0 width=0)
	  ->  Index Scan using sbtest1_pkey on sbtest1  (cost=0.43..8.45 rows=1 width=490)
	        Index Cond: (id = 567116)

table 2 : explain UPDATE sbtest2 SET c='foobar' WHERE id=8116302
	Update on sbtest2  (cost=0.43..8.45 rows=0 width=0)
	  ->  Index Scan using sbtest2_pkey on sbtest2  (cost=0.43..8.45 rows=1 width=490)
	        Index Cond: (id = 8116302)

table 3 : explain UPDATE sbtest3 SET c='foobar' WHERE id=5556861
	Update on sbtest3  (cost=0.43..8.45 rows=0 width=0)
	  ->  Index Scan using sbtest3_pkey on sbtest3  (cost=0.43..8.45 rows=1 width=490)
	        Index Cond: (id = 5556861)

table 4 : explain UPDATE sbtest4 SET c='foobar' WHERE id=8422559
	Update on sbtest4  (cost=0.43..8.45 rows=0 width=0)
	  ->  Index Scan using sbtest4_pkey on sbtest4  (cost=0.43..8.45 rows=1 width=490)
	        Index Cond: (id = 8422559)

table 5 : explain UPDATE sbtest5 SET c='foobar' WHERE id=5207007
	Update on sbtest5  (cost=0.43..8.45 rows=0 width=0)
	  ->  Index Scan using sbtest5_pkey on sbtest5  (cost=0.43..8.45 rows=1 width=490)
	        Index Cond: (id = 5207007)

table 6 : explain UPDATE sbtest6 SET c='foobar' WHERE id=150307
	Update on sbtest6  (cost=0.43..8.45 rows=0 width=0)
	  ->  Index Scan using sbtest6_pkey on sbtest6  (cost=0.43..8.45 rows=1 width=490)
	        Index Cond: (id = 150307)

table 7 : explain UPDATE sbtest7 SET c='foobar' WHERE id=5635310
	Update on sbtest7  (cost=0.43..8.45 rows=0 width=0)
	  ->  Index Scan using sbtest7_pkey on sbtest7  (cost=0.43..8.45 rows=1 width=490)
	        Index Cond: (id = 5635310)

table 8 : explain UPDATE sbtest8 SET c='foobar' WHERE id=4243572
	Update on sbtest8  (cost=0.43..8.45 rows=0 width=0)
	  ->  Index Scan using sbtest8_pkey on sbtest8  (cost=0.43..8.45 rows=1 width=490)
	        Index Cond: (id = 4243572)

for point_selects
table 1 : explain SELECT c FROM sbtest1 WHERE id=9752074
	Index Scan using sbtest1_pkey on sbtest1  (cost=0.43..8.45 rows=1 width=121)
	  Index Cond: (id = 9752074)

table 2 : explain SELECT c FROM sbtest2 WHERE id=2853670
	Index Scan using sbtest2_pkey on sbtest2  (cost=0.43..8.45 rows=1 width=121)
	  Index Cond: (id = 2853670)

table 3 : explain SELECT c FROM sbtest3 WHERE id=5126495
	Index Scan using sbtest3_pkey on sbtest3  (cost=0.43..8.45 rows=1 width=121)
	  Index Cond: (id = 5126495)

table 4 : explain SELECT c FROM sbtest4 WHERE id=7342520
	Index Scan using sbtest4_pkey on sbtest4  (cost=0.43..8.45 rows=1 width=121)
	  Index Cond: (id = 7342520)

table 5 : explain SELECT c FROM sbtest5 WHERE id=5907302
	Index Scan using sbtest5_pkey on sbtest5  (cost=0.43..8.45 rows=1 width=121)
	  Index Cond: (id = 5907302)

table 6 : explain SELECT c FROM sbtest6 WHERE id=5984726
	Index Scan using sbtest6_pkey on sbtest6  (cost=0.43..8.45 rows=1 width=121)
	  Index Cond: (id = 5984726)

table 7 : explain SELECT c FROM sbtest7 WHERE id=9206236
	Index Scan using sbtest7_pkey on sbtest7  (cost=0.43..8.45 rows=1 width=121)
	  Index Cond: (id = 9206236)

table 8 : explain SELECT c FROM sbtest8 WHERE id=9990185
	Index Scan using sbtest8_pkey on sbtest8  (cost=0.43..8.45 rows=1 width=121)
	  Index Cond: (id = 9990185)

for: order_ranges
table 1 : explain SELECT c FROM sbtest1 WHERE id BETWEEN 5477463 AND 5477472 ORDER BY c
	Sort  (cost=37.30..37.32 rows=9 width=121)
	  Sort Key: c
	  ->  Index Scan using sbtest1_pkey on sbtest1  (cost=0.43..37.16 rows=9 width=121)
	        Index Cond: ((id >= 5477463) AND (id <= 5477472))

table 2 : explain SELECT c FROM sbtest2 WHERE id BETWEEN 4730984 AND 4730993 ORDER BY c
	Sort  (cost=40.75..40.78 rows=10 width=121)
	  Sort Key: c
	  ->  Index Scan using sbtest2_pkey on sbtest2  (cost=0.43..40.59 rows=10 width=121)
	        Index Cond: ((id >= 4730984) AND (id <= 4730993))

table 3 : explain SELECT c FROM sbtest3 WHERE id BETWEEN 1926846 AND 1926855 ORDER BY c
	Sort  (cost=44.13..44.16 rows=11 width=121)
	  Sort Key: c
	  ->  Index Scan using sbtest3_pkey on sbtest3  (cost=0.43..43.94 rows=11 width=121)
	        Index Cond: ((id >= 1926846) AND (id <= 1926855))

table 4 : explain SELECT c FROM sbtest4 WHERE id BETWEEN 4712779 AND 4712788 ORDER BY c
	Sort  (cost=40.42..40.44 rows=10 width=121)
	  Sort Key: c
	  ->  Index Scan using sbtest4_pkey on sbtest4  (cost=0.43..40.25 rows=10 width=121)
	        Index Cond: ((id >= 4712779) AND (id <= 4712788))

table 5 : explain SELECT c FROM sbtest5 WHERE id BETWEEN 142102 AND 142111 ORDER BY c
	Sort  (cost=36.97..37.00 rows=9 width=121)
	  Sort Key: c
	  ->  Index Scan using sbtest5_pkey on sbtest5  (cost=0.43..36.83 rows=9 width=121)
	        Index Cond: ((id >= 142102) AND (id <= 142111))

table 6 : explain SELECT c FROM sbtest6 WHERE id BETWEEN 4325332 AND 4325341 ORDER BY c
	Sort  (cost=40.89..40.92 rows=10 width=121)
	  Sort Key: c
	  ->  Index Scan using sbtest6_pkey on sbtest6  (cost=0.43..40.73 rows=10 width=121)
	        Index Cond: ((id >= 4325332) AND (id <= 4325341))

table 7 : explain SELECT c FROM sbtest7 WHERE id BETWEEN 4242824 AND 4242833 ORDER BY c
	Sort  (cost=40.20..40.22 rows=10 width=121)
	  Sort Key: c
	  ->  Index Scan using sbtest7_pkey on sbtest7  (cost=0.43..40.03 rows=10 width=121)
	        Index Cond: ((id >= 4242824) AND (id <= 4242833))

table 8 : explain SELECT c FROM sbtest8 WHERE id BETWEEN 4237119 AND 4237128 ORDER BY c
	Sort  (cost=44.21..44.24 rows=11 width=121)
	  Sort Key: c
	  ->  Index Scan using sbtest8_pkey on sbtest8  (cost=0.43..44.02 rows=11 width=121)
	        Index Cond: ((id >= 4237119) AND (id <= 4237128))

for: distinct_ranges
table 1 : explain SELECT DISTINCT c FROM sbtest1 WHERE id BETWEEN 2752240 AND 2752249 ORDER BY c
	Unique  (cost=40.91..40.96 rows=10 width=121)
	  ->  Sort  (cost=40.91..40.94 rows=10 width=121)
	        Sort Key: c
	        ->  Index Scan using sbtest1_pkey on sbtest1  (cost=0.43..40.75 rows=10 width=121)
	              Index Cond: ((id >= 2752240) AND (id <= 2752249))

table 2 : explain SELECT DISTINCT c FROM sbtest2 WHERE id BETWEEN 3669274 AND 3669283 ORDER BY c
	Unique  (cost=40.75..40.80 rows=10 width=121)
	  ->  Sort  (cost=40.75..40.78 rows=10 width=121)
	        Sort Key: c
	        ->  Index Scan using sbtest2_pkey on sbtest2  (cost=0.43..40.59 rows=10 width=121)
	              Index Cond: ((id >= 3669274) AND (id <= 3669283))

table 3 : explain SELECT DISTINCT c FROM sbtest3 WHERE id BETWEEN 8606712 AND 8606721 ORDER BY c
	Unique  (cost=36.99..37.03 rows=9 width=121)
	  ->  Sort  (cost=36.99..37.01 rows=9 width=121)
	        Sort Key: c
	        ->  Index Scan using sbtest3_pkey on sbtest3  (cost=0.43..36.84 rows=9 width=121)
	              Index Cond: ((id >= 8606712) AND (id <= 8606721))

table 4 : explain SELECT DISTINCT c FROM sbtest4 WHERE id BETWEEN 7155561 AND 7155570 ORDER BY c
	Unique  (cost=40.42..40.47 rows=10 width=121)
	  ->  Sort  (cost=40.42..40.44 rows=10 width=121)
	        Sort Key: c
	        ->  Index Scan using sbtest4_pkey on sbtest4  (cost=0.43..40.25 rows=10 width=121)
	              Index Cond: ((id >= 7155561) AND (id <= 7155570))

table 5 : explain SELECT DISTINCT c FROM sbtest5 WHERE id BETWEEN 6763405 AND 6763414 ORDER BY c
	Unique  (cost=44.12..44.17 rows=11 width=121)
	  ->  Sort  (cost=44.12..44.14 rows=11 width=121)
	        Sort Key: c
	        ->  Index Scan using sbtest5_pkey on sbtest5  (cost=0.43..43.93 rows=11 width=121)
	              Index Cond: ((id >= 6763405) AND (id <= 6763414))

table 6 : explain SELECT DISTINCT c FROM sbtest6 WHERE id BETWEEN 4199902 AND 4199911 ORDER BY c
	Unique  (cost=40.89..40.94 rows=10 width=121)
	  ->  Sort  (cost=40.89..40.92 rows=10 width=121)
	        Sort Key: c
	        ->  Index Scan using sbtest6_pkey on sbtest6  (cost=0.43..40.73 rows=10 width=121)
	              Index Cond: ((id >= 4199902) AND (id <= 4199911))

table 7 : explain SELECT DISTINCT c FROM sbtest7 WHERE id BETWEEN 8798172 AND 8798181 ORDER BY c
	Unique  (cost=40.20..40.25 rows=10 width=121)
	  ->  Sort  (cost=40.20..40.22 rows=10 width=121)
	        Sort Key: c
	        ->  Index Scan using sbtest7_pkey on sbtest7  (cost=0.43..40.03 rows=10 width=121)
	              Index Cond: ((id >= 8798172) AND (id <= 8798181))

table 8 : explain SELECT DISTINCT c FROM sbtest8 WHERE id BETWEEN 8156765 AND 8156774 ORDER BY c
	Unique  (cost=40.63..40.68 rows=10 width=121)
	  ->  Sort  (cost=40.63..40.65 rows=10 width=121)
	        Sort Key: c
	        ->  Index Scan using sbtest8_pkey on sbtest8  (cost=0.43..40.46 rows=10 width=121)
	              Index Cond: ((id >= 8156765) AND (id <= 8156774))

for point_selects
table 1 : explain SELECT c FROM sbtest1 WHERE id=2130711
	Index Scan using sbtest1_pkey on sbtest1  (cost=0.43..8.45 rows=1 width=121)
	  Index Cond: (id = 2130711)

table 2 : explain SELECT c FROM sbtest2 WHERE id=9462815
	Index Scan using sbtest2_pkey on sbtest2  (cost=0.43..8.45 rows=1 width=121)
	  Index Cond: (id = 9462815)

table 3 : explain SELECT c FROM sbtest3 WHERE id=4092170
	Index Scan using sbtest3_pkey on sbtest3  (cost=0.43..8.45 rows=1 width=121)
	  Index Cond: (id = 4092170)

table 4 : explain SELECT c FROM sbtest4 WHERE id=8713385
	Index Scan using sbtest4_pkey on sbtest4  (cost=0.43..8.45 rows=1 width=121)
	  Index Cond: (id = 8713385)

table 5 : explain SELECT c FROM sbtest5 WHERE id=3422694
	Index Scan using sbtest5_pkey on sbtest5  (cost=0.43..8.45 rows=1 width=121)
	  Index Cond: (id = 3422694)

table 6 : explain SELECT c FROM sbtest6 WHERE id=9919552
	Index Scan using sbtest6_pkey on sbtest6  (cost=0.43..8.45 rows=1 width=121)
	  Index Cond: (id = 9919552)

table 7 : explain SELECT c FROM sbtest7 WHERE id=6554877
	Index Scan using sbtest7_pkey on sbtest7  (cost=0.43..8.45 rows=1 width=121)
	  Index Cond: (id = 6554877)

table 8 : explain SELECT c FROM sbtest8 WHERE id=7982868
	Index Scan using sbtest8_pkey on sbtest8  (cost=0.43..8.45 rows=1 width=121)
	  Index Cond: (id = 7982868)

explain: for inserts :: explain INSERT INTO sbtest%u (id, k, c, pad) VALUES (%u, 13, 'foobar', 'foobar')
for non_index_updates
table 1 : explain UPDATE sbtest1 SET c='foobar' WHERE id=1365761
	Update on sbtest1  (cost=0.43..8.45 rows=0 width=0)
	  ->  Index Scan using sbtest1_pkey on sbtest1  (cost=0.43..8.45 rows=1 width=490)
	        Index Cond: (id = 1365761)

table 2 : explain UPDATE sbtest2 SET c='foobar' WHERE id=1424889
	Update on sbtest2  (cost=0.43..8.45 rows=0 width=0)
	  ->  Index Scan using sbtest2_pkey on sbtest2  (cost=0.43..8.45 rows=1 width=490)
	        Index Cond: (id = 1424889)

table 3 : explain UPDATE sbtest3 SET c='foobar' WHERE id=9863771
	Update on sbtest3  (cost=0.43..8.45 rows=0 width=0)
	  ->  Index Scan using sbtest3_pkey on sbtest3  (cost=0.43..8.45 rows=1 width=490)
	        Index Cond: (id = 9863771)

table 4 : explain UPDATE sbtest4 SET c='foobar' WHERE id=4759211
	Update on sbtest4  (cost=0.43..8.45 rows=0 width=0)
	  ->  Index Scan using sbtest4_pkey on sbtest4  (cost=0.43..8.45 rows=1 width=490)
	        Index Cond: (id = 4759211)

table 5 : explain UPDATE sbtest5 SET c='foobar' WHERE id=7447985
	Update on sbtest5  (cost=0.43..8.45 rows=0 width=0)
	  ->  Index Scan using sbtest5_pkey on sbtest5  (cost=0.43..8.45 rows=1 width=490)
	        Index Cond: (id = 7447985)

table 6 : explain UPDATE sbtest6 SET c='foobar' WHERE id=71827
	Update on sbtest6  (cost=0.43..8.45 rows=0 width=0)
	  ->  Index Scan using sbtest6_pkey on sbtest6  (cost=0.43..8.45 rows=1 width=490)
	        Index Cond: (id = 71827)

table 7 : explain UPDATE sbtest7 SET c='foobar' WHERE id=8905998
	Update on sbtest7  (cost=0.43..8.45 rows=0 width=0)
	  ->  Index Scan using sbtest7_pkey on sbtest7  (cost=0.43..8.45 rows=1 width=490)
	        Index Cond: (id = 8905998)

table 8 : explain UPDATE sbtest8 SET c='foobar' WHERE id=2284518
	Update on sbtest8  (cost=0.43..8.45 rows=0 width=0)
	  ->  Index Scan using sbtest8_pkey on sbtest8  (cost=0.43..8.45 rows=1 width=490)
	        Index Cond: (id = 2284518)

for index_updates
table 1 : explain UPDATE sbtest1 SET k=k+1 WHERE id=4849404
	Update on sbtest1  (cost=0.43..8.46 rows=0 width=0)
	  ->  Index Scan using sbtest1_pkey on sbtest1  (cost=0.43..8.46 rows=1 width=10)
	        Index Cond: (id = 4849404)

table 2 : explain UPDATE sbtest2 SET k=k+1 WHERE id=5288767
	Update on sbtest2  (cost=0.43..8.46 rows=0 width=0)
	  ->  Index Scan using sbtest2_pkey on sbtest2  (cost=0.43..8.46 rows=1 width=10)
	        Index Cond: (id = 5288767)

table 3 : explain UPDATE sbtest3 SET k=k+1 WHERE id=3316901
	Update on sbtest3  (cost=0.43..8.46 rows=0 width=0)
	  ->  Index Scan using sbtest3_pkey on sbtest3  (cost=0.43..8.46 rows=1 width=10)
	        Index Cond: (id = 3316901)

table 4 : explain UPDATE sbtest4 SET k=k+1 WHERE id=1308116
	Update on sbtest4  (cost=0.43..8.46 rows=0 width=0)
	  ->  Index Scan using sbtest4_pkey on sbtest4  (cost=0.43..8.46 rows=1 width=10)
	        Index Cond: (id = 1308116)

table 5 : explain UPDATE sbtest5 SET k=k+1 WHERE id=8281396
	Update on sbtest5  (cost=0.43..8.46 rows=0 width=0)
	  ->  Index Scan using sbtest5_pkey on sbtest5  (cost=0.43..8.46 rows=1 width=10)
	        Index Cond: (id = 8281396)

table 6 : explain UPDATE sbtest6 SET k=k+1 WHERE id=9500042
	Update on sbtest6  (cost=0.43..8.46 rows=0 width=0)
	  ->  Index Scan using sbtest6_pkey on sbtest6  (cost=0.43..8.46 rows=1 width=10)
	        Index Cond: (id = 9500042)

table 7 : explain UPDATE sbtest7 SET k=k+1 WHERE id=4035947
	Update on sbtest7  (cost=0.43..8.46 rows=0 width=0)
	  ->  Index Scan using sbtest7_pkey on sbtest7  (cost=0.43..8.46 rows=1 width=10)
	        Index Cond: (id = 4035947)

table 8 : explain UPDATE sbtest8 SET k=k+1 WHERE id=9363732
	Update on sbtest8  (cost=0.43..8.46 rows=0 width=0)
	  ->  Index Scan using sbtest8_pkey on sbtest8  (cost=0.43..8.46 rows=1 width=10)
	        Index Cond: (id = 9363732)

explain: for deletes :: explain DELETE FROM sbtest%u WHERE id=%u
for: distinct_ranges
table 1 : explain SELECT DISTINCT c FROM sbtest1 WHERE id BETWEEN 634738 AND 634747 ORDER BY c
	Unique  (cost=40.91..40.96 rows=10 width=121)
	  ->  Sort  (cost=40.91..40.94 rows=10 width=121)
	        Sort Key: c
	        ->  Index Scan using sbtest1_pkey on sbtest1  (cost=0.43..40.75 rows=10 width=121)
	              Index Cond: ((id >= 634738) AND (id <= 634747))

table 2 : explain SELECT DISTINCT c FROM sbtest2 WHERE id BETWEEN 6791135 AND 6791144 ORDER BY c
	Unique  (cost=44.35..44.40 rows=11 width=121)
	  ->  Sort  (cost=44.35..44.38 rows=11 width=121)
	        Sort Key: c
	        ->  Index Scan using sbtest2_pkey on sbtest2  (cost=0.43..44.16 rows=11 width=121)
	              Index Cond: ((id >= 6791135) AND (id <= 6791144))

table 3 : explain SELECT DISTINCT c FROM sbtest3 WHERE id BETWEEN 308634 AND 308643 ORDER BY c
	Unique  (cost=44.13..44.19 rows=11 width=121)
	  ->  Sort  (cost=44.13..44.16 rows=11 width=121)
	        Sort Key: c
	        ->  Index Scan using sbtest3_pkey on sbtest3  (cost=0.43..43.94 rows=11 width=121)
	              Index Cond: ((id >= 308634) AND (id <= 308643))

table 4 : explain SELECT DISTINCT c FROM sbtest4 WHERE id BETWEEN 6773004 AND 6773013 ORDER BY c
	Unique  (cost=40.42..40.47 rows=10 width=121)
	  ->  Sort  (cost=40.42..40.44 rows=10 width=121)
	        Sort Key: c
	        ->  Index Scan using sbtest4_pkey on sbtest4  (cost=0.43..40.25 rows=10 width=121)
	              Index Cond: ((id >= 6773004) AND (id <= 6773013))

table 5 : explain SELECT DISTINCT c FROM sbtest5 WHERE id BETWEEN 9996301 AND 9996310 ORDER BY c
	Unique  (cost=40.55..40.60 rows=10 width=121)
	  ->  Sort  (cost=40.55..40.57 rows=10 width=121)
	        Sort Key: c
	        ->  Index Scan using sbtest5_pkey on sbtest5  (cost=0.43..40.38 rows=10 width=121)
	              Index Cond: ((id >= 9996301) AND (id <= 9996310))

table 6 : explain SELECT DISTINCT c FROM sbtest6 WHERE id BETWEEN 6755344 AND 6755353 ORDER BY c
	Unique  (cost=40.89..40.94 rows=10 width=121)
	  ->  Sort  (cost=40.89..40.92 rows=10 width=121)
	        Sort Key: c
	        ->  Index Scan using sbtest6_pkey on sbtest6  (cost=0.43..40.73 rows=10 width=121)
	              Index Cond: ((id >= 6755344) AND (id <= 6755353))

table 7 : explain SELECT DISTINCT c FROM sbtest7 WHERE id BETWEEN 7718019 AND 7718028 ORDER BY c
	Unique  (cost=40.20..40.25 rows=10 width=121)
	  ->  Sort  (cost=40.20..40.22 rows=10 width=121)
	        Sort Key: c
	        ->  Index Scan using sbtest7_pkey on sbtest7  (cost=0.43..40.03 rows=10 width=121)
	              Index Cond: ((id >= 7718019) AND (id <= 7718028))

table 8 : explain SELECT DISTINCT c FROM sbtest8 WHERE id BETWEEN 2406011 AND 2406020 ORDER BY c
	Unique  (cost=40.63..40.68 rows=10 width=121)
	  ->  Sort  (cost=40.63..40.65 rows=10 width=121)
	        Sort Key: c
	        ->  Index Scan using sbtest8_pkey on sbtest8  (cost=0.43..40.46 rows=10 width=121)
	              Index Cond: ((id >= 2406011) AND (id <= 2406020))

for inserts
table 1 : explain INSERT INTO sbtest1 (id, k, c, pad) VALUES (1404764, 13, 'foobar', 'foobar')
	Insert on sbtest1  (cost=0.00..0.01 rows=0 width=0)
	  ->  Result  (cost=0.00..0.01 rows=1 width=736)

table 2 : explain INSERT INTO sbtest2 (id, k, c, pad) VALUES (4968138, 13, 'foobar', 'foobar')
	Insert on sbtest2  (cost=0.00..0.01 rows=0 width=0)
	  ->  Result  (cost=0.00..0.01 rows=1 width=736)

table 3 : explain INSERT INTO sbtest3 (id, k, c, pad) VALUES (7797353, 13, 'foobar', 'foobar')
	Insert on sbtest3  (cost=0.00..0.01 rows=0 width=0)
	  ->  Result  (cost=0.00..0.01 rows=1 width=736)

table 4 : explain INSERT INTO sbtest4 (id, k, c, pad) VALUES (5114024, 13, 'foobar', 'foobar')
	Insert on sbtest4  (cost=0.00..0.01 rows=0 width=0)
	  ->  Result  (cost=0.00..0.01 rows=1 width=736)

table 5 : explain INSERT INTO sbtest5 (id, k, c, pad) VALUES (5459458, 13, 'foobar', 'foobar')
	Insert on sbtest5  (cost=0.00..0.01 rows=0 width=0)
	  ->  Result  (cost=0.00..0.01 rows=1 width=736)

table 6 : explain INSERT INTO sbtest6 (id, k, c, pad) VALUES (5846351, 13, 'foobar', 'foobar')
	Insert on sbtest6  (cost=0.00..0.01 rows=0 width=0)
	  ->  Result  (cost=0.00..0.01 rows=1 width=736)

table 7 : explain INSERT INTO sbtest7 (id, k, c, pad) VALUES (266447, 13, 'foobar', 'foobar')
	Insert on sbtest7  (cost=0.00..0.01 rows=0 width=0)
	  ->  Result  (cost=0.00..0.01 rows=1 width=736)

table 8 : explain INSERT INTO sbtest8 (id, k, c, pad) VALUES (9917721, 13, 'foobar', 'foobar')
	Insert on sbtest8  (cost=0.00..0.01 rows=0 width=0)
	  ->  Result  (cost=0.00..0.01 rows=1 width=736)

explain: for inserts :: explain INSERT INTO sbtest%u (id, k, c, pad) VALUES (%u, 13, 'foobar', 'foobar')
for: simple_ranges
table 1 : explain SELECT c FROM sbtest1 WHERE id BETWEEN 9560076 AND 9560085
	Index Scan using sbtest1_pkey on sbtest1  (cost=0.43..40.75 rows=10 width=121)
	  Index Cond: ((id >= 9560076) AND (id <= 9560085))

table 2 : explain SELECT c FROM sbtest2 WHERE id BETWEEN 8765538 AND 8765547
	Index Scan using sbtest2_pkey on sbtest2  (cost=0.43..37.02 rows=9 width=121)
	  Index Cond: ((id >= 8765538) AND (id <= 8765547))

table 3 : explain SELECT c FROM sbtest3 WHERE id BETWEEN 450272 AND 450281
	Index Scan using sbtest3_pkey on sbtest3  (cost=0.43..40.39 rows=10 width=121)
	  Index Cond: ((id >= 450272) AND (id <= 450281))

table 4 : explain SELECT c FROM sbtest4 WHERE id BETWEEN 2085158 AND 2085167
	Index Scan using sbtest4_pkey on sbtest4  (cost=0.43..40.25 rows=10 width=121)
	  Index Cond: ((id >= 2085158) AND (id <= 2085167))

table 5 : explain SELECT c FROM sbtest5 WHERE id BETWEEN 3116511 AND 3116520
	Index Scan using sbtest5_pkey on sbtest5  (cost=0.43..36.83 rows=9 width=121)
	  Index Cond: ((id >= 3116511) AND (id <= 3116520))

table 6 : explain SELECT c FROM sbtest6 WHERE id BETWEEN 7350227 AND 7350236
	Index Scan using sbtest6_pkey on sbtest6  (cost=0.43..40.73 rows=10 width=121)
	  Index Cond: ((id >= 7350227) AND (id <= 7350236))

table 7 : explain SELECT c FROM sbtest7 WHERE id BETWEEN 8074736 AND 8074745
	Index Scan using sbtest7_pkey on sbtest7  (cost=0.43..40.03 rows=10 width=121)
	  Index Cond: ((id >= 8074736) AND (id <= 8074745))

table 8 : explain SELECT c FROM sbtest8 WHERE id BETWEEN 4415593 AND 4415602
	Index Scan using sbtest8_pkey on sbtest8  (cost=0.43..40.46 rows=10 width=121)
	  Index Cond: ((id >= 4415593) AND (id <= 4415602))

for point_selects
table 1 : explain SELECT c FROM sbtest1 WHERE id=6112725
	Index Scan using sbtest1_pkey on sbtest1  (cost=0.43..8.45 rows=1 width=121)
	  Index Cond: (id = 6112725)

table 2 : explain SELECT c FROM sbtest2 WHERE id=8294522
	Index Scan using sbtest2_pkey on sbtest2  (cost=0.43..8.45 rows=1 width=121)
	  Index Cond: (id = 8294522)

table 3 : explain SELECT c FROM sbtest3 WHERE id=2261467
	Index Scan using sbtest3_pkey on sbtest3  (cost=0.43..8.45 rows=1 width=121)
	  Index Cond: (id = 2261467)

table 4 : explain SELECT c FROM sbtest4 WHERE id=2955547
	Index Scan using sbtest4_pkey on sbtest4  (cost=0.43..8.45 rows=1 width=121)
	  Index Cond: (id = 2955547)

table 5 : explain SELECT c FROM sbtest5 WHERE id=4939564
	Index Scan using sbtest5_pkey on sbtest5  (cost=0.43..8.45 rows=1 width=121)
	  Index Cond: (id = 4939564)

table 6 : explain SELECT c FROM sbtest6 WHERE id=1631151
	Index Scan using sbtest6_pkey on sbtest6  (cost=0.43..8.45 rows=1 width=121)
	  Index Cond: (id = 1631151)

table 7 : explain SELECT c FROM sbtest7 WHERE id=8020103
	Index Scan using sbtest7_pkey on sbtest7  (cost=0.43..8.45 rows=1 width=121)
	  Index Cond: (id = 8020103)

table 8 : explain SELECT c FROM sbtest8 WHERE id=5647948
	Index Scan using sbtest8_pkey on sbtest8  (cost=0.43..8.45 rows=1 width=121)
	  Index Cond: (id = 5647948)

for point_selects
table 1 : explain SELECT c FROM sbtest1 WHERE id=9668868
	Index Scan using sbtest1_pkey on sbtest1  (cost=0.43..8.45 rows=1 width=121)
	  Index Cond: (id = 9668868)

table 2 : explain SELECT c FROM sbtest2 WHERE id=5613726
	Index Scan using sbtest2_pkey on sbtest2  (cost=0.43..8.45 rows=1 width=121)
	  Index Cond: (id = 5613726)

table 3 : explain SELECT c FROM sbtest3 WHERE id=4792314
	Index Scan using sbtest3_pkey on sbtest3  (cost=0.43..8.45 rows=1 width=121)
	  Index Cond: (id = 4792314)

table 4 : explain SELECT c FROM sbtest4 WHERE id=7590262
	Index Scan using sbtest4_pkey on sbtest4  (cost=0.43..8.45 rows=1 width=121)
	  Index Cond: (id = 7590262)

table 5 : explain SELECT c FROM sbtest5 WHERE id=966757
	Index Scan using sbtest5_pkey on sbtest5  (cost=0.43..8.45 rows=1 width=121)
	  Index Cond: (id = 966757)

table 6 : explain SELECT c FROM sbtest6 WHERE id=5153920
	Index Scan using sbtest6_pkey on sbtest6  (cost=0.43..8.45 rows=1 width=121)
	  Index Cond: (id = 5153920)

table 7 : explain SELECT c FROM sbtest7 WHERE id=3482056
	Index Scan using sbtest7_pkey on sbtest7  (cost=0.43..8.45 rows=1 width=121)
	  Index Cond: (id = 3482056)

table 8 : explain SELECT c FROM sbtest8 WHERE id=9745517
	Index Scan using sbtest8_pkey on sbtest8  (cost=0.43..8.45 rows=1 width=121)
	  Index Cond: (id = 9745517)

for index_updates
table 1 : explain UPDATE sbtest1 SET k=k+1 WHERE id=5616080
	Update on sbtest1  (cost=0.43..8.46 rows=0 width=0)
	  ->  Index Scan using sbtest1_pkey on sbtest1  (cost=0.43..8.46 rows=1 width=10)
	        Index Cond: (id = 5616080)

table 2 : explain UPDATE sbtest2 SET k=k+1 WHERE id=4594229
	Update on sbtest2  (cost=0.43..8.46 rows=0 width=0)
	  ->  Index Scan using sbtest2_pkey on sbtest2  (cost=0.43..8.46 rows=1 width=10)
	        Index Cond: (id = 4594229)

table 3 : explain UPDATE sbtest3 SET k=k+1 WHERE id=4072195
	Update on sbtest3  (cost=0.43..8.46 rows=0 width=0)
	  ->  Index Scan using sbtest3_pkey on sbtest3  (cost=0.43..8.46 rows=1 width=10)
	        Index Cond: (id = 4072195)

table 4 : explain UPDATE sbtest4 SET k=k+1 WHERE id=1392716
	Update on sbtest4  (cost=0.43..8.46 rows=0 width=0)
	  ->  Index Scan using sbtest4_pkey on sbtest4  (cost=0.43..8.46 rows=1 width=10)
	        Index Cond: (id = 1392716)

table 5 : explain UPDATE sbtest5 SET k=k+1 WHERE id=328816
	Update on sbtest5  (cost=0.43..8.46 rows=0 width=0)
	  ->  Index Scan using sbtest5_pkey on sbtest5  (cost=0.43..8.46 rows=1 width=10)
	        Index Cond: (id = 328816)

table 6 : explain UPDATE sbtest6 SET k=k+1 WHERE id=2178725
	Update on sbtest6  (cost=0.43..8.46 rows=0 width=0)
	  ->  Index Scan using sbtest6_pkey on sbtest6  (cost=0.43..8.46 rows=1 width=10)
	        Index Cond: (id = 2178725)

table 7 : explain UPDATE sbtest7 SET k=k+1 WHERE id=1689498
	Update on sbtest7  (cost=0.43..8.46 rows=0 width=0)
	  ->  Index Scan using sbtest7_pkey on sbtest7  (cost=0.43..8.46 rows=1 width=10)
	        Index Cond: (id = 1689498)

table 8 : explain UPDATE sbtest8 SET k=k+1 WHERE id=782779
	Update on sbtest8  (cost=0.43..8.46 rows=0 width=0)
	  ->  Index Scan using sbtest8_pkey on sbtest8  (cost=0.43..8.46 rows=1 width=10)
	        Index Cond: (id = 782779)

explain: for deletes :: explain DELETE FROM sbtest%u WHERE id=%u
for inserts
table 1 : explain INSERT INTO sbtest1 (id, k, c, pad) VALUES (1022041, 13, 'foobar', 'foobar')
	Insert on sbtest1  (cost=0.00..0.01 rows=0 width=0)
	  ->  Result  (cost=0.00..0.01 rows=1 width=736)

table 2 : explain INSERT INTO sbtest2 (id, k, c, pad) VALUES (7620258, 13, 'foobar', 'foobar')
	Insert on sbtest2  (cost=0.00..0.01 rows=0 width=0)
	  ->  Result  (cost=0.00..0.01 rows=1 width=736)

table 3 : explain INSERT INTO sbtest3 (id, k, c, pad) VALUES (5104930, 13, 'foobar', 'foobar')
	Insert on sbtest3  (cost=0.00..0.01 rows=0 width=0)
	  ->  Result  (cost=0.00..0.01 rows=1 width=736)

table 4 : explain INSERT INTO sbtest4 (id, k, c, pad) VALUES (1146397, 13, 'foobar', 'foobar')
	Insert on sbtest4  (cost=0.00..0.01 rows=0 width=0)
	  ->  Result  (cost=0.00..0.01 rows=1 width=736)

table 5 : explain INSERT INTO sbtest5 (id, k, c, pad) VALUES (1638475, 13, 'foobar', 'foobar')
	Insert on sbtest5  (cost=0.00..0.01 rows=0 width=0)
	  ->  Result  (cost=0.00..0.01 rows=1 width=736)

table 6 : explain INSERT INTO sbtest6 (id, k, c, pad) VALUES (6858524, 13, 'foobar', 'foobar')
	Insert on sbtest6  (cost=0.00..0.01 rows=0 width=0)
	  ->  Result  (cost=0.00..0.01 rows=1 width=736)

table 7 : explain INSERT INTO sbtest7 (id, k, c, pad) VALUES (2830368, 13, 'foobar', 'foobar')
	Insert on sbtest7  (cost=0.00..0.01 rows=0 width=0)
	  ->  Result  (cost=0.00..0.01 rows=1 width=736)

table 8 : explain INSERT INTO sbtest8 (id, k, c, pad) VALUES (7704518, 13, 'foobar', 'foobar')
	Insert on sbtest8  (cost=0.00..0.01 rows=0 width=0)
	  ->  Result  (cost=0.00..0.01 rows=1 width=736)

explain: for index_updates :: explain UPDATE sbtest%u SET k=k+1 WHERE id=%u
for point_selects
table 1 : explain SELECT c FROM sbtest1 WHERE id=2826636
	Index Scan using sbtest1_pkey on sbtest1  (cost=0.43..8.45 rows=1 width=121)
	  Index Cond: (id = 2826636)

table 2 : explain SELECT c FROM sbtest2 WHERE id=1900216
	Index Scan using sbtest2_pkey on sbtest2  (cost=0.43..8.45 rows=1 width=121)
	  Index Cond: (id = 1900216)

table 3 : explain SELECT c FROM sbtest3 WHERE id=4905034
	Index Scan using sbtest3_pkey on sbtest3  (cost=0.43..8.45 rows=1 width=121)
	  Index Cond: (id = 4905034)

table 4 : explain SELECT c FROM sbtest4 WHERE id=1813939
	Index Scan using sbtest4_pkey on sbtest4  (cost=0.43..8.45 rows=1 width=121)
	  Index Cond: (id = 1813939)

table 5 : explain SELECT c FROM sbtest5 WHERE id=1925561
	Index Scan using sbtest5_pkey on sbtest5  (cost=0.43..8.45 rows=1 width=121)
	  Index Cond: (id = 1925561)

table 6 : explain SELECT c FROM sbtest6 WHERE id=7671736
	Index Scan using sbtest6_pkey on sbtest6  (cost=0.43..8.45 rows=1 width=121)
	  Index Cond: (id = 7671736)

table 7 : explain SELECT c FROM sbtest7 WHERE id=7557894
	Index Scan using sbtest7_pkey on sbtest7  (cost=0.43..8.45 rows=1 width=121)
	  Index Cond: (id = 7557894)

table 8 : explain SELECT c FROM sbtest8 WHERE id=8788481
	Index Scan using sbtest8_pkey on sbtest8  (cost=0.43..8.45 rows=1 width=121)
	  Index Cond: (id = 8788481)

for deletes
table 1 : explain DELETE FROM sbtest1 WHERE id=8174971
	Delete on sbtest1  (cost=0.43..8.45 rows=0 width=0)
	  ->  Index Scan using sbtest1_pkey on sbtest1  (cost=0.43..8.45 rows=1 width=6)
	        Index Cond: (id = 8174971)

table 2 : explain DELETE FROM sbtest2 WHERE id=7778128
	Delete on sbtest2  (cost=0.43..8.45 rows=0 width=0)
	  ->  Index Scan using sbtest2_pkey on sbtest2  (cost=0.43..8.45 rows=1 width=6)
	        Index Cond: (id = 7778128)

table 3 : explain DELETE FROM sbtest3 WHERE id=9428631
	Delete on sbtest3  (cost=0.43..8.45 rows=0 width=0)
	  ->  Index Scan using sbtest3_pkey on sbtest3  (cost=0.43..8.45 rows=1 width=6)
	        Index Cond: (id = 9428631)

table 4 : explain DELETE FROM sbtest4 WHERE id=3015738
	Delete on sbtest4  (cost=0.43..8.45 rows=0 width=0)
	  ->  Index Scan using sbtest4_pkey on sbtest4  (cost=0.43..8.45 rows=1 width=6)
	        Index Cond: (id = 3015738)

table 5 : explain DELETE FROM sbtest5 WHERE id=1975101
	Delete on sbtest5  (cost=0.43..8.45 rows=0 width=0)
	  ->  Index Scan using sbtest5_pkey on sbtest5  (cost=0.43..8.45 rows=1 width=6)
	        Index Cond: (id = 1975101)

table 6 : explain DELETE FROM sbtest6 WHERE id=1538116
	Delete on sbtest6  (cost=0.43..8.45 rows=0 width=0)
	  ->  Index Scan using sbtest6_pkey on sbtest6  (cost=0.43..8.45 rows=1 width=6)
	        Index Cond: (id = 1538116)

table 7 : explain DELETE FROM sbtest7 WHERE id=7157666
	Delete on sbtest7  (cost=0.43..8.45 rows=0 width=0)
	  ->  Index Scan using sbtest7_pkey on sbtest7  (cost=0.43..8.45 rows=1 width=6)
	        Index Cond: (id = 7157666)

table 8 : explain DELETE FROM sbtest8 WHERE id=1812379
	Delete on sbtest8  (cost=0.43..8.45 rows=0 width=0)
	  ->  Index Scan using sbtest8_pkey on sbtest8  (cost=0.43..8.45 rows=1 width=6)
	        Index Cond: (id = 1812379)

for inserts
table 1 : explain INSERT INTO sbtest1 (id, k, c, pad) VALUES (9179912, 13, 'foobar', 'foobar')
	Insert on sbtest1  (cost=0.00..0.01 rows=0 width=0)
	  ->  Result  (cost=0.00..0.01 rows=1 width=736)

table 2 : explain INSERT INTO sbtest2 (id, k, c, pad) VALUES (4598928, 13, 'foobar', 'foobar')
	Insert on sbtest2  (cost=0.00..0.01 rows=0 width=0)
	  ->  Result  (cost=0.00..0.01 rows=1 width=736)

table 3 : explain INSERT INTO sbtest3 (id, k, c, pad) VALUES (7070737, 13, 'foobar', 'foobar')
	Insert on sbtest3  (cost=0.00..0.01 rows=0 width=0)
	  ->  Result  (cost=0.00..0.01 rows=1 width=736)

table 4 : explain INSERT INTO sbtest4 (id, k, c, pad) VALUES (2948263, 13, 'foobar', 'foobar')
	Insert on sbtest4  (cost=0.00..0.01 rows=0 width=0)
	  ->  Result  (cost=0.00..0.01 rows=1 width=736)

table 5 : explain INSERT INTO sbtest5 (id, k, c, pad) VALUES (3495021, 13, 'foobar', 'foobar')
	Insert on sbtest5  (cost=0.00..0.01 rows=0 width=0)
	  ->  Result  (cost=0.00..0.01 rows=1 width=736)

table 6 : explain INSERT INTO sbtest6 (id, k, c, pad) VALUES (8720244, 13, 'foobar', 'foobar')
	Insert on sbtest6  (cost=0.00..0.01 rows=0 width=0)
	  ->  Result  (cost=0.00..0.01 rows=1 width=736)

table 7 : explain INSERT INTO sbtest7 (id, k, c, pad) VALUES (4547182, 13, 'foobar', 'foobar')
	Insert on sbtest7  (cost=0.00..0.01 rows=0 width=0)
	  ->  Result  (cost=0.00..0.01 rows=1 width=736)

table 8 : explain INSERT INTO sbtest8 (id, k, c, pad) VALUES (2114760, 13, 'foobar', 'foobar')
	Insert on sbtest8  (cost=0.00..0.01 rows=0 width=0)
	  ->  Result  (cost=0.00..0.01 rows=1 width=736)

explain: for non_index_updates :: explain UPDATE sbtest%u SET c='foobar' WHERE id=%u
explain: for point_selects :: explain SELECT c FROM sbtest%u WHERE id=%u
for inserts
table 1 : explain INSERT INTO sbtest1 (id, k, c, pad) VALUES (1187814, 13, 'foobar', 'foobar')
	Insert on sbtest1  (cost=0.00..0.01 rows=0 width=0)
	  ->  Result  (cost=0.00..0.01 rows=1 width=736)

table 2 : explain INSERT INTO sbtest2 (id, k, c, pad) VALUES (9249607, 13, 'foobar', 'foobar')
	Insert on sbtest2  (cost=0.00..0.01 rows=0 width=0)
	  ->  Result  (cost=0.00..0.01 rows=1 width=736)

table 3 : explain INSERT INTO sbtest3 (id, k, c, pad) VALUES (7966016, 13, 'foobar', 'foobar')
	Insert on sbtest3  (cost=0.00..0.01 rows=0 width=0)
	  ->  Result  (cost=0.00..0.01 rows=1 width=736)

table 4 : explain INSERT INTO sbtest4 (id, k, c, pad) VALUES (6287737, 13, 'foobar', 'foobar')
	Insert on sbtest4  (cost=0.00..0.01 rows=0 width=0)
	  ->  Result  (cost=0.00..0.01 rows=1 width=736)

table 5 : explain INSERT INTO sbtest5 (id, k, c, pad) VALUES (9522428, 13, 'foobar', 'foobar')
	Insert on sbtest5  (cost=0.00..0.01 rows=0 width=0)
	  ->  Result  (cost=0.00..0.01 rows=1 width=736)

table 6 : explain INSERT INTO sbtest6 (id, k, c, pad) VALUES (2739077, 13, 'foobar', 'foobar')
	Insert on sbtest6  (cost=0.00..0.01 rows=0 width=0)
	  ->  Result  (cost=0.00..0.01 rows=1 width=736)

table 7 : explain INSERT INTO sbtest7 (id, k, c, pad) VALUES (8145906, 13, 'foobar', 'foobar')
	Insert on sbtest7  (cost=0.00..0.01 rows=0 width=0)
	  ->  Result  (cost=0.00..0.01 rows=1 width=736)

table 8 : explain INSERT INTO sbtest8 (id, k, c, pad) VALUES (9388114, 13, 'foobar', 'foobar')
	Insert on sbtest8  (cost=0.00..0.01 rows=0 width=0)
	  ->  Result  (cost=0.00..0.01 rows=1 width=736)

explain: for non_index_updates :: explain UPDATE sbtest%u SET c='foobar' WHERE id=%u
for: simple_ranges
table 1 : explain SELECT c FROM sbtest1 WHERE id BETWEEN 850229 AND 850238
	Index Scan using sbtest1_pkey on sbtest1  (cost=0.43..40.75 rows=10 width=121)
	  Index Cond: ((id >= 850229) AND (id <= 850238))

table 2 : explain SELECT c FROM sbtest2 WHERE id BETWEEN 3594628 AND 3594637
	Index Scan using sbtest2_pkey on sbtest2  (cost=0.43..40.59 rows=10 width=121)
	  Index Cond: ((id >= 3594628) AND (id <= 3594637))

table 3 : explain SELECT c FROM sbtest3 WHERE id BETWEEN 3644876 AND 3644885
	Index Scan using sbtest3_pkey on sbtest3  (cost=0.43..40.39 rows=10 width=121)
	  Index Cond: ((id >= 3644876) AND (id <= 3644885))

table 4 : explain SELECT c FROM sbtest4 WHERE id BETWEEN 261031 AND 261040
	Index Scan using sbtest4_pkey on sbtest4  (cost=0.43..40.25 rows=10 width=121)
	  Index Cond: ((id >= 261031) AND (id <= 261040))

table 5 : explain SELECT c FROM sbtest5 WHERE id BETWEEN 4906738 AND 4906747
	Index Scan using sbtest5_pkey on sbtest5  (cost=0.43..36.83 rows=9 width=121)
	  Index Cond: ((id >= 4906738) AND (id <= 4906747))

table 6 : explain SELECT c FROM sbtest6 WHERE id BETWEEN 5166405 AND 5166414
	Index Scan using sbtest6_pkey on sbtest6  (cost=0.43..44.31 rows=11 width=121)
	  Index Cond: ((id >= 5166405) AND (id <= 5166414))

table 7 : explain SELECT c FROM sbtest7 WHERE id BETWEEN 1363415 AND 1363424
	Index Scan using sbtest7_pkey on sbtest7  (cost=0.43..36.52 rows=9 width=121)
	  Index Cond: ((id >= 1363415) AND (id <= 1363424))

table 8 : explain SELECT c FROM sbtest8 WHERE id BETWEEN 4788167 AND 4788176
	Index Scan using sbtest8_pkey on sbtest8  (cost=0.43..36.91 rows=9 width=121)
	  Index Cond: ((id >= 4788167) AND (id <= 4788176))

for index_updates
table 1 : explain UPDATE sbtest1 SET k=k+1 WHERE id=4811866
	Update on sbtest1  (cost=0.43..8.46 rows=0 width=0)
	  ->  Index Scan using sbtest1_pkey on sbtest1  (cost=0.43..8.46 rows=1 width=10)
	        Index Cond: (id = 4811866)

table 2 : explain UPDATE sbtest2 SET k=k+1 WHERE id=4958247
	Update on sbtest2  (cost=0.43..8.46 rows=0 width=0)
	  ->  Index Scan using sbtest2_pkey on sbtest2  (cost=0.43..8.46 rows=1 width=10)
	        Index Cond: (id = 4958247)

table 3 : explain UPDATE sbtest3 SET k=k+1 WHERE id=6658124
	Update on sbtest3  (cost=0.43..8.46 rows=0 width=0)
	  ->  Index Scan using sbtest3_pkey on sbtest3  (cost=0.43..8.46 rows=1 width=10)
	        Index Cond: (id = 6658124)

table 4 : explain UPDATE sbtest4 SET k=k+1 WHERE id=4075597
	Update on sbtest4  (cost=0.43..8.46 rows=0 width=0)
	  ->  Index Scan using sbtest4_pkey on sbtest4  (cost=0.43..8.46 rows=1 width=10)
	        Index Cond: (id = 4075597)

table 5 : explain UPDATE sbtest5 SET k=k+1 WHERE id=476249
	Update on sbtest5  (cost=0.43..8.46 rows=0 width=0)
	  ->  Index Scan using sbtest5_pkey on sbtest5  (cost=0.43..8.46 rows=1 width=10)
	        Index Cond: (id = 476249)

table 6 : explain UPDATE sbtest6 SET k=k+1 WHERE id=3314216
	Update on sbtest6  (cost=0.43..8.46 rows=0 width=0)
	  ->  Index Scan using sbtest6_pkey on sbtest6  (cost=0.43..8.46 rows=1 width=10)
	        Index Cond: (id = 3314216)

table 7 : explain UPDATE sbtest7 SET k=k+1 WHERE id=8593375
	Update on sbtest7  (cost=0.43..8.46 rows=0 width=0)
	  ->  Index Scan using sbtest7_pkey on sbtest7  (cost=0.43..8.46 rows=1 width=10)
	        Index Cond: (id = 8593375)

table 8 : explain UPDATE sbtest8 SET k=k+1 WHERE id=9179049
	Update on sbtest8  (cost=0.43..8.46 rows=0 width=0)
	  ->  Index Scan using sbtest8_pkey on sbtest8  (cost=0.43..8.46 rows=1 width=10)
	        Index Cond: (id = 9179049)

for: simple_ranges
table 1 : explain SELECT c FROM sbtest1 WHERE id BETWEEN 9616233 AND 9616242
	Index Scan using sbtest1_pkey on sbtest1  (cost=0.43..40.75 rows=10 width=121)
	  Index Cond: ((id >= 9616233) AND (id <= 9616242))

table 2 : explain SELECT c FROM sbtest2 WHERE id BETWEEN 848796 AND 848805
	Index Scan using sbtest2_pkey on sbtest2  (cost=0.43..40.59 rows=10 width=121)
	  Index Cond: ((id >= 848796) AND (id <= 848805))

table 3 : explain SELECT c FROM sbtest3 WHERE id BETWEEN 46386 AND 46395
	Index Scan using sbtest3_pkey on sbtest3  (cost=0.43..36.84 rows=9 width=121)
	  Index Cond: ((id >= 46386) AND (id <= 46395))

table 4 : explain SELECT c FROM sbtest4 WHERE id BETWEEN 4992752 AND 4992761
	Index Scan using sbtest4_pkey on sbtest4  (cost=0.43..43.78 rows=11 width=121)
	  Index Cond: ((id >= 4992752) AND (id <= 4992761))

table 5 : explain SELECT c FROM sbtest5 WHERE id BETWEEN 8998919 AND 8998928
	Index Scan using sbtest5_pkey on sbtest5  (cost=0.43..43.93 rows=11 width=121)
	  Index Cond: ((id >= 8998919) AND (id <= 8998928))

table 6 : explain SELECT c FROM sbtest6 WHERE id BETWEEN 7494368 AND 7494377
	Index Scan using sbtest6_pkey on sbtest6  (cost=0.43..44.31 rows=11 width=121)
	  Index Cond: ((id >= 7494368) AND (id <= 7494377))

table 7 : explain SELECT c FROM sbtest7 WHERE id BETWEEN 5053145 AND 5053154
	Index Scan using sbtest7_pkey on sbtest7  (cost=0.43..36.52 rows=9 width=121)
	  Index Cond: ((id >= 5053145) AND (id <= 5053154))

table 8 : explain SELECT c FROM sbtest8 WHERE id BETWEEN 3155910 AND 3155919
	Index Scan using sbtest8_pkey on sbtest8  (cost=0.43..44.02 rows=11 width=121)
	  Index Cond: ((id >= 3155910) AND (id <= 3155919))

for deletes
table 1 : explain DELETE FROM sbtest1 WHERE id=6503499
	Delete on sbtest1  (cost=0.43..8.45 rows=0 width=0)
	  ->  Index Scan using sbtest1_pkey on sbtest1  (cost=0.43..8.45 rows=1 width=6)
	        Index Cond: (id = 6503499)

table 2 : explain DELETE FROM sbtest2 WHERE id=9091182
	Delete on sbtest2  (cost=0.43..8.45 rows=0 width=0)
	  ->  Index Scan using sbtest2_pkey on sbtest2  (cost=0.43..8.45 rows=1 width=6)
	        Index Cond: (id = 9091182)

table 3 : explain DELETE FROM sbtest3 WHERE id=7436533
	Delete on sbtest3  (cost=0.43..8.45 rows=0 width=0)
	  ->  Index Scan using sbtest3_pkey on sbtest3  (cost=0.43..8.45 rows=1 width=6)
	        Index Cond: (id = 7436533)

table 4 : explain DELETE FROM sbtest4 WHERE id=4254863
	Delete on sbtest4  (cost=0.43..8.45 rows=0 width=0)
	  ->  Index Scan using sbtest4_pkey on sbtest4  (cost=0.43..8.45 rows=1 width=6)
	        Index Cond: (id = 4254863)

table 5 : explain DELETE FROM sbtest5 WHERE id=4734023
	Delete on sbtest5  (cost=0.43..8.45 rows=0 width=0)
	  ->  Index Scan using sbtest5_pkey on sbtest5  (cost=0.43..8.45 rows=1 width=6)
	        Index Cond: (id = 4734023)

table 6 : explain DELETE FROM sbtest6 WHERE id=8597625
	Delete on sbtest6  (cost=0.43..8.45 rows=0 width=0)
	  ->  Index Scan using sbtest6_pkey on sbtest6  (cost=0.43..8.45 rows=1 width=6)
	        Index Cond: (id = 8597625)

table 7 : explain DELETE FROM sbtest7 WHERE id=4934302
	Delete on sbtest7  (cost=0.43..8.45 rows=0 width=0)
	  ->  Index Scan using sbtest7_pkey on sbtest7  (cost=0.43..8.45 rows=1 width=6)
	        Index Cond: (id = 4934302)

table 8 : explain DELETE FROM sbtest8 WHERE id=1236293
	Delete on sbtest8  (cost=0.43..8.45 rows=0 width=0)
	  ->  Index Scan using sbtest8_pkey on sbtest8  (cost=0.43..8.45 rows=1 width=6)
	        Index Cond: (id = 1236293)

explain: for point_selects :: explain SELECT c FROM sbtest%u WHERE id=%u
for: simple_ranges
table 1 : explain SELECT c FROM sbtest1 WHERE id BETWEEN 6377504 AND 6377513
	Index Scan using sbtest1_pkey on sbtest1  (cost=0.43..40.75 rows=10 width=121)
	  Index Cond: ((id >= 6377504) AND (id <= 6377513))

table 2 : explain SELECT c FROM sbtest2 WHERE id BETWEEN 7950287 AND 7950296
	Index Scan using sbtest2_pkey on sbtest2  (cost=0.43..40.59 rows=10 width=121)
	  Index Cond: ((id >= 7950287) AND (id <= 7950296))

table 3 : explain SELECT c FROM sbtest3 WHERE id BETWEEN 6121831 AND 6121840
	Index Scan using sbtest3_pkey on sbtest3  (cost=0.43..40.39 rows=10 width=121)
	  Index Cond: ((id >= 6121831) AND (id <= 6121840))

table 4 : explain SELECT c FROM sbtest4 WHERE id BETWEEN 3725026 AND 3725035
	Index Scan using sbtest4_pkey on sbtest4  (cost=0.43..36.72 rows=9 width=121)
	  Index Cond: ((id >= 3725026) AND (id <= 3725035))

table 5 : explain SELECT c FROM sbtest5 WHERE id BETWEEN 6787085 AND 6787094
	Index Scan using sbtest5_pkey on sbtest5  (cost=0.43..43.93 rows=11 width=121)
	  Index Cond: ((id >= 6787085) AND (id <= 6787094))

table 6 : explain SELECT c FROM sbtest6 WHERE id BETWEEN 6428098 AND 6428107
	Index Scan using sbtest6_pkey on sbtest6  (cost=0.43..40.73 rows=10 width=121)
	  Index Cond: ((id >= 6428098) AND (id <= 6428107))

table 7 : explain SELECT c FROM sbtest7 WHERE id BETWEEN 2357144 AND 2357153
	Index Scan using sbtest7_pkey on sbtest7  (cost=0.43..40.03 rows=10 width=121)
	  Index Cond: ((id >= 2357144) AND (id <= 2357153))

table 8 : explain SELECT c FROM sbtest8 WHERE id BETWEEN 5016830 AND 5016839
	Index Scan using sbtest8_pkey on sbtest8  (cost=0.43..36.91 rows=9 width=121)
	  Index Cond: ((id >= 5016830) AND (id <= 5016839))

for: simple_ranges
table 1 : explain SELECT c FROM sbtest1 WHERE id BETWEEN 4207021 AND 4207030
	Index Scan using sbtest1_pkey on sbtest1  (cost=0.43..40.75 rows=10 width=121)
	  Index Cond: ((id >= 4207021) AND (id <= 4207030))

table 2 : explain SELECT c FROM sbtest2 WHERE id BETWEEN 3263366 AND 3263375
	Index Scan using sbtest2_pkey on sbtest2  (cost=0.43..40.59 rows=10 width=121)
	  Index Cond: ((id >= 3263366) AND (id <= 3263375))

table 3 : explain SELECT c FROM sbtest3 WHERE id BETWEEN 747305 AND 747314
	Index Scan using sbtest3_pkey on sbtest3  (cost=0.43..40.39 rows=10 width=121)
	  Index Cond: ((id >= 747305) AND (id <= 747314))

table 4 : explain SELECT c FROM sbtest4 WHERE id BETWEEN 2690973 AND 2690982
	Index Scan using sbtest4_pkey on sbtest4  (cost=0.43..40.25 rows=10 width=121)
	  Index Cond: ((id >= 2690973) AND (id <= 2690982))

table 5 : explain SELECT c FROM sbtest5 WHERE id BETWEEN 1155525 AND 1155534
	Index Scan using sbtest5_pkey on sbtest5  (cost=0.43..40.38 rows=10 width=121)
	  Index Cond: ((id >= 1155525) AND (id <= 1155534))

table 6 : explain SELECT c FROM sbtest6 WHERE id BETWEEN 4849400 AND 4849409
	Index Scan using sbtest6_pkey on sbtest6  (cost=0.43..40.73 rows=10 width=121)
	  Index Cond: ((id >= 4849400) AND (id <= 4849409))

table 7 : explain SELECT c FROM sbtest7 WHERE id BETWEEN 2704921 AND 2704930
	Index Scan using sbtest7_pkey on sbtest7  (cost=0.43..40.03 rows=10 width=121)
	  Index Cond: ((id >= 2704921) AND (id <= 2704930))

table 8 : explain SELECT c FROM sbtest8 WHERE id BETWEEN 2878476 AND 2878485
	Index Scan using sbtest8_pkey on sbtest8  (cost=0.43..40.46 rows=10 width=121)
	  Index Cond: ((id >= 2878476) AND (id <= 2878485))

explain: for non_index_updates :: explain UPDATE sbtest%u SET c='foobar' WHERE id=%u
explain: for inserts :: explain INSERT INTO sbtest%u (id, k, c, pad) VALUES (%u, 13, 'foobar', 'foobar')
for: distinct_ranges
table 1 : explain SELECT DISTINCT c FROM sbtest1 WHERE id BETWEEN 2864636 AND 2864645 ORDER BY c
	Unique  (cost=37.30..37.35 rows=9 width=121)
	  ->  Sort  (cost=37.30..37.32 rows=9 width=121)
	        Sort Key: c
	        ->  Index Scan using sbtest1_pkey on sbtest1  (cost=0.43..37.16 rows=9 width=121)
	              Index Cond: ((id >= 2864636) AND (id <= 2864645))

table 2 : explain SELECT DISTINCT c FROM sbtest2 WHERE id BETWEEN 6414 AND 6423 ORDER BY c
	Unique  (cost=40.75..40.80 rows=10 width=121)
	  ->  Sort  (cost=40.75..40.78 rows=10 width=121)
	        Sort Key: c
	        ->  Index Scan using sbtest2_pkey on sbtest2  (cost=0.43..40.59 rows=10 width=121)
	              Index Cond: ((id >= 6414) AND (id <= 6423))

table 3 : explain SELECT DISTINCT c FROM sbtest3 WHERE id BETWEEN 2277829 AND 2277838 ORDER BY c
	Unique  (cost=40.56..40.61 rows=10 width=121)
	  ->  Sort  (cost=40.56..40.58 rows=10 width=121)
	        Sort Key: c
	        ->  Index Scan using sbtest3_pkey on sbtest3  (cost=0.43..40.39 rows=10 width=121)
	              Index Cond: ((id >= 2277829) AND (id <= 2277838))

table 4 : explain SELECT DISTINCT c FROM sbtest4 WHERE id BETWEEN 3168618 AND 3168627 ORDER BY c
	Unique  (cost=40.42..40.47 rows=10 width=121)
	  ->  Sort  (cost=40.42..40.44 rows=10 width=121)
	        Sort Key: c
	        ->  Index Scan using sbtest4_pkey on sbtest4  (cost=0.43..40.25 rows=10 width=121)
	              Index Cond: ((id >= 3168618) AND (id <= 3168627))

table 5 : explain SELECT DISTINCT c FROM sbtest5 WHERE id BETWEEN 8673219 AND 8673228 ORDER BY c
	Unique  (cost=40.55..40.60 rows=10 width=121)
	  ->  Sort  (cost=40.55..40.57 rows=10 width=121)
	        Sort Key: c
	        ->  Index Scan using sbtest5_pkey on sbtest5  (cost=0.43..40.38 rows=10 width=121)
	              Index Cond: ((id >= 8673219) AND (id <= 8673228))

table 6 : explain SELECT DISTINCT c FROM sbtest6 WHERE id BETWEEN 8307961 AND 8307970 ORDER BY c
	Unique  (cost=37.28..37.33 rows=9 width=121)
	  ->  Sort  (cost=37.28..37.31 rows=9 width=121)
	        Sort Key: c
	        ->  Index Scan using sbtest6_pkey on sbtest6  (cost=0.43..37.14 rows=9 width=121)
	              Index Cond: ((id >= 8307961) AND (id <= 8307970))

table 7 : explain SELECT DISTINCT c FROM sbtest7 WHERE id BETWEEN 1616915 AND 1616924 ORDER BY c
	Unique  (cost=36.66..36.71 rows=9 width=121)
	  ->  Sort  (cost=36.66..36.69 rows=9 width=121)
	        Sort Key: c
	        ->  Index Scan using sbtest7_pkey on sbtest7  (cost=0.43..36.52 rows=9 width=121)
	              Index Cond: ((id >= 1616915) AND (id <= 1616924))

table 8 : explain SELECT DISTINCT c FROM sbtest8 WHERE id BETWEEN 9237847 AND 9237856 ORDER BY c
	Unique  (cost=37.05..37.09 rows=9 width=121)
	  ->  Sort  (cost=37.05..37.07 rows=9 width=121)
	        Sort Key: c
	        ->  Index Scan using sbtest8_pkey on sbtest8  (cost=0.43..36.91 rows=9 width=121)
	              Index Cond: ((id >= 9237847) AND (id <= 9237856))

for non_index_updates
table 1 : explain UPDATE sbtest1 SET c='foobar' WHERE id=1795306
	Update on sbtest1  (cost=0.43..8.45 rows=0 width=0)
	  ->  Index Scan using sbtest1_pkey on sbtest1  (cost=0.43..8.45 rows=1 width=490)
	        Index Cond: (id = 1795306)

table 2 : explain UPDATE sbtest2 SET c='foobar' WHERE id=9082744
	Update on sbtest2  (cost=0.43..8.45 rows=0 width=0)
	  ->  Index Scan using sbtest2_pkey on sbtest2  (cost=0.43..8.45 rows=1 width=490)
	        Index Cond: (id = 9082744)

table 3 : explain UPDATE sbtest3 SET c='foobar' WHERE id=4853383
	Update on sbtest3  (cost=0.43..8.45 rows=0 width=0)
	  ->  Index Scan using sbtest3_pkey on sbtest3  (cost=0.43..8.45 rows=1 width=490)
	        Index Cond: (id = 4853383)

table 4 : explain UPDATE sbtest4 SET c='foobar' WHERE id=814458
	Update on sbtest4  (cost=0.43..8.45 rows=0 width=0)
	  ->  Index Scan using sbtest4_pkey on sbtest4  (cost=0.43..8.45 rows=1 width=490)
	        Index Cond: (id = 814458)

table 5 : explain UPDATE sbtest5 SET c='foobar' WHERE id=7169736
	Update on sbtest5  (cost=0.43..8.45 rows=0 width=0)
	  ->  Index Scan using sbtest5_pkey on sbtest5  (cost=0.43..8.45 rows=1 width=490)
	        Index Cond: (id = 7169736)

table 6 : explain UPDATE sbtest6 SET c='foobar' WHERE id=3085941
	Update on sbtest6  (cost=0.43..8.45 rows=0 width=0)
	  ->  Index Scan using sbtest6_pkey on sbtest6  (cost=0.43..8.45 rows=1 width=490)
	        Index Cond: (id = 3085941)

table 7 : explain UPDATE sbtest7 SET c='foobar' WHERE id=8910737
	Update on sbtest7  (cost=0.43..8.45 rows=0 width=0)
	  ->  Index Scan using sbtest7_pkey on sbtest7  (cost=0.43..8.45 rows=1 width=490)
	        Index Cond: (id = 8910737)

table 8 : explain UPDATE sbtest8 SET c='foobar' WHERE id=6020108
	Update on sbtest8  (cost=0.43..8.45 rows=0 width=0)
	  ->  Index Scan using sbtest8_pkey on sbtest8  (cost=0.43..8.45 rows=1 width=490)
	        Index Cond: (id = 6020108)

explain: for inserts :: explain INSERT INTO sbtest%u (id, k, c, pad) VALUES (%u, 13, 'foobar', 'foobar')
explain: for index_updates :: explain UPDATE sbtest%u SET k=k+1 WHERE id=%u
for non_index_updates
table 1 : explain UPDATE sbtest1 SET c='foobar' WHERE id=6169552
	Update on sbtest1  (cost=0.43..8.45 rows=0 width=0)
	  ->  Index Scan using sbtest1_pkey on sbtest1  (cost=0.43..8.45 rows=1 width=490)
	        Index Cond: (id = 6169552)

table 2 : explain UPDATE sbtest2 SET c='foobar' WHERE id=7839887
	Update on sbtest2  (cost=0.43..8.45 rows=0 width=0)
	  ->  Index Scan using sbtest2_pkey on sbtest2  (cost=0.43..8.45 rows=1 width=490)
	        Index Cond: (id = 7839887)

table 3 : explain UPDATE sbtest3 SET c='foobar' WHERE id=659839
	Update on sbtest3  (cost=0.43..8.45 rows=0 width=0)
	  ->  Index Scan using sbtest3_pkey on sbtest3  (cost=0.43..8.45 rows=1 width=490)
	        Index Cond: (id = 659839)

table 4 : explain UPDATE sbtest4 SET c='foobar' WHERE id=2579006
	Update on sbtest4  (cost=0.43..8.45 rows=0 width=0)
	  ->  Index Scan using sbtest4_pkey on sbtest4  (cost=0.43..8.45 rows=1 width=490)
	        Index Cond: (id = 2579006)

table 5 : explain UPDATE sbtest5 SET c='foobar' WHERE id=4019598
	Update on sbtest5  (cost=0.43..8.45 rows=0 width=0)
	  ->  Index Scan using sbtest5_pkey on sbtest5  (cost=0.43..8.45 rows=1 width=490)
	        Index Cond: (id = 4019598)

table 6 : explain UPDATE sbtest6 SET c='foobar' WHERE id=5316901
	Update on sbtest6  (cost=0.43..8.45 rows=0 width=0)
	  ->  Index Scan using sbtest6_pkey on sbtest6  (cost=0.43..8.45 rows=1 width=490)
	        Index Cond: (id = 5316901)

table 7 : explain UPDATE sbtest7 SET c='foobar' WHERE id=1056204
	Update on sbtest7  (cost=0.43..8.45 rows=0 width=0)
	  ->  Index Scan using sbtest7_pkey on sbtest7  (cost=0.43..8.45 rows=1 width=490)
	        Index Cond: (id = 1056204)

table 8 : explain UPDATE sbtest8 SET c='foobar' WHERE id=7130558
	Update on sbtest8  (cost=0.43..8.45 rows=0 width=0)
	  ->  Index Scan using sbtest8_pkey on sbtest8  (cost=0.43..8.45 rows=1 width=490)
	        Index Cond: (id = 7130558)

explain: for index_updates :: explain UPDATE sbtest%u SET k=k+1 WHERE id=%ufor inserts
table 1 : explain INSERT INTO sbtest1 (id, k, c, pad) VALUES (3736624, 13, 'foobar', 'foobar')
	Insert on sbtest1  (cost=0.00..0.01 rows=0 width=0)
	  ->  Result  (cost=0.00..0.01 rows=1 width=736)

table 2 : explain INSERT INTO sbtest2 (id, k, c, pad) VALUES (9533682, 13, 'foobar', 'foobar')
	Insert on sbtest2  (cost=0.00..0.01 rows=0 width=0)
	  ->  Result  (cost=0.00..0.01 rows=1 width=736)

table 3 : explain INSERT INTO sbtest3 (id, k, c, pad) VALUES (2370496, 13, 'foobar', 'foobar')
	Insert on sbtest3  (cost=0.00..0.01 rows=0 width=0)
	  ->  Result  (cost=0.00..0.01 rows=1 width=736)

table 4 : explain INSERT INTO sbtest4 (id, k, c, pad) VALUES (9573765, 13, 'foobar', 'foobar')
	Insert on sbtest4  (cost=0.00..0.01 rows=0 width=0)
	  ->  Result  (cost=0.00..0.01 rows=1 width=736)

table 5 : explain INSERT INTO sbtest5 (id, k, c, pad) VALUES (2137044, 13, 'foobar', 'foobar')
	Insert on sbtest5  (cost=0.00..0.01 rows=0 width=0)
	  ->  Result  (cost=0.00..0.01 rows=1 width=736)

table 6 : explain INSERT INTO sbtest6 (id, k, c, pad) VALUES (140154, 13, 'foobar', 'foobar')
	Insert on sbtest6  (cost=0.00..0.01 rows=0 width=0)
	  ->  Result  (cost=0.00..0.01 rows=1 width=736)

table 7 : explain INSERT INTO sbtest7 (id, k, c, pad) VALUES (7885421, 13, 'foobar', 'foobar')
	Insert on sbtest7  (cost=0.00..0.01 rows=0 width=0)
	  ->  Result  (cost=0.00..0.01 rows=1 width=736)

table 8 : explain INSERT INTO sbtest8 (id, k, c, pad) VALUES (5600991, 13, 'foobar', 'foobar')
	Insert on sbtest8  (cost=0.00..0.01 rows=0 width=0)
	  ->  Result  (cost=0.00..0.01 rows=1 width=736)


for: simple_ranges
table 1 : explain SELECT c FROM sbtest1 WHERE id BETWEEN 125499 AND 125508
	Index Scan using sbtest1_pkey on sbtest1  (cost=0.43..37.16 rows=9 width=121)
	  Index Cond: ((id >= 125499) AND (id <= 125508))

table 2 : explain SELECT c FROM sbtest2 WHERE id BETWEEN 4425754 AND 4425763
	Index Scan using sbtest2_pkey on sbtest2  (cost=0.43..40.59 rows=10 width=121)
	  Index Cond: ((id >= 4425754) AND (id <= 4425763))

table 3 : explain SELECT c FROM sbtest3 WHERE id BETWEEN 2211684 AND 2211693
	Index Scan using sbtest3_pkey on sbtest3  (cost=0.43..40.39 rows=10 width=121)
	  Index Cond: ((id >= 2211684) AND (id <= 2211693))

table 4 : explain SELECT c FROM sbtest4 WHERE id BETWEEN 9889657 AND 9889666
	Index Scan using sbtest4_pkey on sbtest4  (cost=0.43..40.25 rows=10 width=121)
	  Index Cond: ((id >= 9889657) AND (id <= 9889666))

table 5 : explain SELECT c FROM sbtest5 WHERE id BETWEEN 8768019 AND 8768028
	Index Scan using sbtest5_pkey on sbtest5  (cost=0.43..40.38 rows=10 width=121)
	  Index Cond: ((id >= 8768019) AND (id <= 8768028))

table 6 : explain SELECT c FROM sbtest6 WHERE id BETWEEN 809444 AND 809453
	Index Scan using sbtest6_pkey on sbtest6  (cost=0.43..40.73 rows=10 width=121)
	  Index Cond: ((id >= 809444) AND (id <= 809453))

table 7 : explain SELECT c FROM sbtest7 WHERE id BETWEEN 5976267 AND 5976276
	Index Scan using sbtest7_pkey on sbtest7  (cost=0.43..36.52 rows=9 width=121)
	  Index Cond: ((id >= 5976267) AND (id <= 5976276))

table 8 : explain SELECT c FROM sbtest8 WHERE id BETWEEN 3593085 AND 3593094
	Index Scan using sbtest8_pkey on sbtest8  (cost=0.43..40.46 rows=10 width=121)
	  Index Cond: ((id >= 3593085) AND (id <= 3593094))

for deletes
table 1 : explain DELETE FROM sbtest1 WHERE id=1302180
	Delete on sbtest1  (cost=0.43..8.45 rows=0 width=0)
	  ->  Index Scan using sbtest1_pkey on sbtest1  (cost=0.43..8.45 rows=1 width=6)
	        Index Cond: (id = 1302180)

table 2 : explain DELETE FROM sbtest2 WHERE id=5181045
	Delete on sbtest2  (cost=0.43..8.45 rows=0 width=0)
	  ->  Index Scan using sbtest2_pkey on sbtest2  (cost=0.43..8.45 rows=1 width=6)
	        Index Cond: (id = 5181045)

table 3 : explain DELETE FROM sbtest3 WHERE id=8790843
	Delete on sbtest3  (cost=0.43..8.45 rows=0 width=0)
	  ->  Index Scan using sbtest3_pkey on sbtest3  (cost=0.43..8.45 rows=1 width=6)
	        Index Cond: (id = 8790843)

table 4 : explain DELETE FROM sbtest4 WHERE id=8748279
	Delete on sbtest4  (cost=0.43..8.45 rows=0 width=0)
	  ->  Index Scan using sbtest4_pkey on sbtest4  (cost=0.43..8.45 rows=1 width=6)
	        Index Cond: (id = 8748279)

table 5 : explain DELETE FROM sbtest5 WHERE id=1060366
	Delete on sbtest5  (cost=0.43..8.45 rows=0 width=0)
	  ->  Index Scan using sbtest5_pkey on sbtest5  (cost=0.43..8.45 rows=1 width=6)
	        Index Cond: (id = 1060366)

table 6 : explain DELETE FROM sbtest6 WHERE id=267434
	Delete on sbtest6  (cost=0.43..8.45 rows=0 width=0)
	  ->  Index Scan using sbtest6_pkey on sbtest6  (cost=0.43..8.45 rows=1 width=6)
	        Index Cond: (id = 267434)

table 7 : explain DELETE FROM sbtest7 WHERE id=7047512
	Delete on sbtest7  (cost=0.43..8.45 rows=0 width=0)
	  ->  Index Scan using sbtest7_pkey on sbtest7  (cost=0.43..8.45 rows=1 width=6)
	        Index Cond: (id = 7047512)

table 8 : explain DELETE FROM sbtest8 WHERE id=4381438
	Delete on sbtest8  (cost=0.43..8.45 rows=0 width=0)
	  ->  Index Scan using sbtest8_pkey on sbtest8  (cost=0.43..8.45 rows=1 width=6)
	        Index Cond: (id = 4381438)

explain: for deletes :: explain DELETE FROM sbtest%u WHERE id=%u
for non_index_updates
table 1 : explain UPDATE sbtest1 SET c='foobar' WHERE id=2589300
	Update on sbtest1  (cost=0.43..8.45 rows=0 width=0)
	  ->  Index Scan using sbtest1_pkey on sbtest1  (cost=0.43..8.45 rows=1 width=490)
	        Index Cond: (id = 2589300)

table 2 : explain UPDATE sbtest2 SET c='foobar' WHERE id=2126070
	Update on sbtest2  (cost=0.43..8.45 rows=0 width=0)
	  ->  Index Scan using sbtest2_pkey on sbtest2  (cost=0.43..8.45 rows=1 width=490)
	        Index Cond: (id = 2126070)

table 3 : explain UPDATE sbtest3 SET c='foobar' WHERE id=2250278
	Update on sbtest3  (cost=0.43..8.45 rows=0 width=0)
	  ->  Index Scan using sbtest3_pkey on sbtest3  (cost=0.43..8.45 rows=1 width=490)
	        Index Cond: (id = 2250278)

table 4 : explain UPDATE sbtest4 SET c='foobar' WHERE id=9157015
	Update on sbtest4  (cost=0.43..8.45 rows=0 width=0)
	  ->  Index Scan using sbtest4_pkey on sbtest4  (cost=0.43..8.45 rows=1 width=490)
	        Index Cond: (id = 9157015)

table 5 : explain UPDATE sbtest5 SET c='foobar' WHERE id=1655799
	Update on sbtest5  (cost=0.43..8.45 rows=0 width=0)
	  ->  Index Scan using sbtest5_pkey on sbtest5  (cost=0.43..8.45 rows=1 width=490)
	        Index Cond: (id = 1655799)

table 6 : explain UPDATE sbtest6 SET c='foobar' WHERE id=4652884
	Update on sbtest6  (cost=0.43..8.45 rows=0 width=0)
	  ->  Index Scan using sbtest6_pkey on sbtest6  (cost=0.43..8.45 rows=1 width=490)
	        Index Cond: (id = 4652884)

table 7 : explain UPDATE sbtest7 SET c='foobar' WHERE id=721409
	Update on sbtest7  (cost=0.43..8.45 rows=0 width=0)
	  ->  Index Scan using sbtest7_pkey on sbtest7  (cost=0.43..8.45 rows=1 width=490)
	        Index Cond: (id = 721409)

table 8 : explain UPDATE sbtest8 SET c='foobar' WHERE id=9281682
	Update on sbtest8  (cost=0.43..8.45 rows=0 width=0)
	  ->  Index Scan using sbtest8_pkey on sbtest8  (cost=0.43..8.45 rows=1 width=490)
	        Index Cond: (id = 9281682)

explain: for point_selects :: explain SELECT c FROM sbtest%u WHERE id=%u
explain: for deletes :: explain DELETE FROM sbtest%u WHERE id=%u
explain: for deletes :: explain DELETE FROM sbtest%u WHERE id=%u
for: sum_ranges
table 1 : explain SELECT SUM(k) FROM sbtest1 WHERE id BETWEEN 1485408 AND 1485417
	Aggregate  (cost=40.77..40.78 rows=1 width=8)
	  ->  Index Scan using sbtest1_pkey on sbtest1  (cost=0.43..40.75 rows=10 width=4)
	        Index Cond: ((id >= 1485408) AND (id <= 1485417))

table 2 : explain SELECT SUM(k) FROM sbtest2 WHERE id BETWEEN 2134476 AND 2134485
	Aggregate  (cost=44.19..44.20 rows=1 width=8)
	  ->  Index Scan using sbtest2_pkey on sbtest2  (cost=0.43..44.16 rows=11 width=4)
	        Index Cond: ((id >= 2134476) AND (id <= 2134485))

table 3 : explain SELECT SUM(k) FROM sbtest3 WHERE id BETWEEN 7433381 AND 7433390
	Aggregate  (cost=40.42..40.43 rows=1 width=8)
	  ->  Index Scan using sbtest3_pkey on sbtest3  (cost=0.43..40.39 rows=10 width=4)
	        Index Cond: ((id >= 7433381) AND (id <= 7433390))

table 4 : explain SELECT SUM(k) FROM sbtest4 WHERE id BETWEEN 9246930 AND 9246939
	Aggregate  (cost=40.28..40.29 rows=1 width=8)
	  ->  Index Scan using sbtest4_pkey on sbtest4  (cost=0.43..40.25 rows=10 width=4)
	        Index Cond: ((id >= 9246930) AND (id <= 9246939))

table 5 : explain SELECT SUM(k) FROM sbtest5 WHERE id BETWEEN 8269111 AND 8269120
	Aggregate  (cost=36.85..36.86 rows=1 width=8)
	  ->  Index Scan using sbtest5_pkey on sbtest5  (cost=0.43..36.83 rows=9 width=4)
	        Index Cond: ((id >= 8269111) AND (id <= 8269120))

table 6 : explain SELECT SUM(k) FROM sbtest6 WHERE id BETWEEN 2374050 AND 2374059
	Aggregate  (cost=40.75..40.76 rows=1 width=8)
	  ->  Index Scan using sbtest6_pkey on sbtest6  (cost=0.43..40.73 rows=10 width=4)
	        Index Cond: ((id >= 2374050) AND (id <= 2374059))

table 7 : explain SELECT SUM(k) FROM sbtest7 WHERE id BETWEEN 7154832 AND 7154841
	Aggregate  (cost=43.57..43.58 rows=1 width=8)
	  ->  Index Scan using sbtest7_pkey on sbtest7  (cost=0.43..43.54 rows=11 width=4)
	        Index Cond: ((id >= 7154832) AND (id <= 7154841))

table 8 : explain SELECT SUM(k) FROM sbtest8 WHERE id BETWEEN 5445224 AND 5445233
	Aggregate  (cost=40.49..40.50 rows=1 width=8)
	  ->  Index Scan using sbtest8_pkey on sbtest8  (cost=0.43..40.46 rows=10 width=4)
	        Index Cond: ((id >= 5445224) AND (id <= 5445233))

for index_updates
table 1 : explain UPDATE sbtest1 SET k=k+1 WHERE id=3840310
	Update on sbtest1  (cost=0.43..8.46 rows=0 width=0)
	  ->  Index Scan using sbtest1_pkey on sbtest1  (cost=0.43..8.46 rows=1 width=10)
	        Index Cond: (id = 3840310)

table 2 : explain UPDATE sbtest2 SET k=k+1 WHERE id=1371297
	Update on sbtest2  (cost=0.43..8.46 rows=0 width=0)
	  ->  Index Scan using sbtest2_pkey on sbtest2  (cost=0.43..8.46 rows=1 width=10)
	        Index Cond: (id = 1371297)

table 3 : explain UPDATE sbtest3 SET k=k+1 WHERE id=3682798
	Update on sbtest3  (cost=0.43..8.46 rows=0 width=0)
	  ->  Index Scan using sbtest3_pkey on sbtest3  (cost=0.43..8.46 rows=1 width=10)
	        Index Cond: (id = 3682798)

table 4 : explain UPDATE sbtest4 SET k=k+1 WHERE id=9672037
	Update on sbtest4  (cost=0.43..8.46 rows=0 width=0)
	  ->  Index Scan using sbtest4_pkey on sbtest4  (cost=0.43..8.46 rows=1 width=10)
	        Index Cond: (id = 9672037)

table 5 : explain UPDATE sbtest5 SET k=k+1 WHERE id=4002704
	Update on sbtest5  (cost=0.43..8.46 rows=0 width=0)
	  ->  Index Scan using sbtest5_pkey on sbtest5  (cost=0.43..8.46 rows=1 width=10)
	        Index Cond: (id = 4002704)

table 6 : explain UPDATE sbtest6 SET k=k+1 WHERE id=9239520
	Update on sbtest6  (cost=0.43..8.46 rows=0 width=0)
	  ->  Index Scan using sbtest6_pkey on sbtest6  (cost=0.43..8.46 rows=1 width=10)
	        Index Cond: (id = 9239520)

table 7 : explain UPDATE sbtest7 SET k=k+1 WHERE id=1705458
	Update on sbtest7  (cost=0.43..8.46 rows=0 width=0)
	  ->  Index Scan using sbtest7_pkey on sbtest7  (cost=0.43..8.46 rows=1 width=10)
	        Index Cond: (id = 1705458)

table 8 : explain UPDATE sbtest8 SET k=k+1 WHERE id=298398
	Update on sbtest8  (cost=0.43..8.46 rows=0 width=0)
	  ->  Index Scan using sbtest8_pkey on sbtest8  (cost=0.43..8.46 rows=1 width=10)
	        Index Cond: (id = 298398)

explain: for inserts :: explain INSERT INTO sbtest%u (id, k, c, pad) VALUES (%u, 13, 'foobar', 'foobar')
for point_selects
table 1 : explain SELECT c FROM sbtest1 WHERE id=8843230
	Index Scan using sbtest1_pkey on sbtest1  (cost=0.43..8.45 rows=1 width=121)
	  Index Cond: (id = 8843230)

table 2 : explain SELECT c FROM sbtest2 WHERE id=9588029
	Index Scan using sbtest2_pkey on sbtest2  (cost=0.43..8.45 rows=1 width=121)
	  Index Cond: (id = 9588029)

table 3 : explain SELECT c FROM sbtest3 WHERE id=5990577
	Index Scan using sbtest3_pkey on sbtest3  (cost=0.43..8.45 rows=1 width=121)
	  Index Cond: (id = 5990577)

table 4 : explain SELECT c FROM sbtest4 WHERE id=4343370
	Index Scan using sbtest4_pkey on sbtest4  (cost=0.43..8.45 rows=1 width=121)
	  Index Cond: (id = 4343370)

table 5 : explain SELECT c FROM sbtest5 WHERE id=7598760
	Index Scan using sbtest5_pkey on sbtest5  (cost=0.43..8.45 rows=1 width=121)
	  Index Cond: (id = 7598760)

table 6 : explain SELECT c FROM sbtest6 WHERE id=7801913
	Index Scan using sbtest6_pkey on sbtest6  (cost=0.43..8.45 rows=1 width=121)
	  Index Cond: (id = 7801913)

table 7 : explain SELECT c FROM sbtest7 WHERE id=8774106
	Index Scan using sbtest7_pkey on sbtest7  (cost=0.43..8.45 rows=1 width=121)
	  Index Cond: (id = 8774106)

table 8 : explain SELECT c FROM sbtest8 WHERE id=5145259
	Index Scan using sbtest8_pkey on sbtest8  (cost=0.43..8.45 rows=1 width=121)
	  Index Cond: (id = 5145259)

for deletes
table 1 : explain DELETE FROM sbtest1 WHERE id=6162890
	Delete on sbtest1  (cost=0.43..8.45 rows=0 width=0)
	  ->  Index Scan using sbtest1_pkey on sbtest1  (cost=0.43..8.45 rows=1 width=6)
	        Index Cond: (id = 6162890)

table 2 : explain DELETE FROM sbtest2 WHERE id=2461701
	Delete on sbtest2  (cost=0.43..8.45 rows=0 width=0)
	  ->  Index Scan using sbtest2_pkey on sbtest2  (cost=0.43..8.45 rows=1 width=6)
	        Index Cond: (id = 2461701)

table 3 : explain DELETE FROM sbtest3 WHERE id=4672125
	Delete on sbtest3  (cost=0.43..8.45 rows=0 width=0)
	  ->  Index Scan using sbtest3_pkey on sbtest3  (cost=0.43..8.45 rows=1 width=6)
	        Index Cond: (id = 4672125)

table 4 : explain DELETE FROM sbtest4 WHERE id=4914574
	Delete on sbtest4  (cost=0.43..8.45 rows=0 width=0)
	  ->  Index Scan using sbtest4_pkey on sbtest4  (cost=0.43..8.45 rows=1 width=6)
	        Index Cond: (id = 4914574)

table 5 : explain DELETE FROM sbtest5 WHERE id=5684525
	Delete on sbtest5  (cost=0.43..8.45 rows=0 width=0)
	  ->  Index Scan using sbtest5_pkey on sbtest5  (cost=0.43..8.45 rows=1 width=6)
	        Index Cond: (id = 5684525)

table 6 : explain DELETE FROM sbtest6 WHERE id=5480883
	Delete on sbtest6  (cost=0.43..8.45 rows=0 width=0)
	  ->  Index Scan using sbtest6_pkey on sbtest6  (cost=0.43..8.45 rows=1 width=6)
	        Index Cond: (id = 5480883)

table 7 : explain DELETE FROM sbtest7 WHERE id=3175845
	Delete on sbtest7  (cost=0.43..8.45 rows=0 width=0)
	  ->  Index Scan using sbtest7_pkey on sbtest7  (cost=0.43..8.45 rows=1 width=6)
	        Index Cond: (id = 3175845)

table 8 : explain DELETE FROM sbtest8 WHERE id=1156765
	Delete on sbtest8  (cost=0.43..8.45 rows=0 width=0)
	  ->  Index Scan using sbtest8_pkey on sbtest8  (cost=0.43..8.45 rows=1 width=6)
	        Index Cond: (id = 1156765)

for deletes
table 1 : explain DELETE FROM sbtest1 WHERE id=4013830
	Delete on sbtest1  (cost=0.43..8.45 rows=0 width=0)
	  ->  Index Scan using sbtest1_pkey on sbtest1  (cost=0.43..8.45 rows=1 width=6)
	        Index Cond: (id = 4013830)

table 2 : explain DELETE FROM sbtest2 WHERE id=5971082
	Delete on sbtest2  (cost=0.43..8.45 rows=0 width=0)
	  ->  Index Scan using sbtest2_pkey on sbtest2  (cost=0.43..8.45 rows=1 width=6)
	        Index Cond: (id = 5971082)

table 3 : explain DELETE FROM sbtest3 WHERE id=8961901
	Delete on sbtest3  (cost=0.43..8.45 rows=0 width=0)
	  ->  Index Scan using sbtest3_pkey on sbtest3  (cost=0.43..8.45 rows=1 width=6)
	        Index Cond: (id = 8961901)

table 4 : explain DELETE FROM sbtest4 WHERE id=9509210
	Delete on sbtest4  (cost=0.43..8.45 rows=0 width=0)
	  ->  Index Scan using sbtest4_pkey on sbtest4  (cost=0.43..8.45 rows=1 width=6)
	        Index Cond: (id = 9509210)

table 5 : explain DELETE FROM sbtest5 WHERE id=7197867
	Delete on sbtest5  (cost=0.43..8.45 rows=0 width=0)
	  ->  Index Scan using sbtest5_pkey on sbtest5  (cost=0.43..8.45 rows=1 width=6)
	        Index Cond: (id = 7197867)

table 6 : explain DELETE FROM sbtest6 WHERE id=7055231
	Delete on sbtest6  (cost=0.43..8.45 rows=0 width=0)
	  ->  Index Scan using sbtest6_pkey on sbtest6  (cost=0.43..8.45 rows=1 width=6)
	        Index Cond: (id = 7055231)

table 7 : explain DELETE FROM sbtest7 WHERE id=7653910
	Delete on sbtest7  (cost=0.43..8.45 rows=0 width=0)
	  ->  Index Scan using sbtest7_pkey on sbtest7  (cost=0.43..8.45 rows=1 width=6)
	        Index Cond: (id = 7653910)

table 8 : explain DELETE FROM sbtest8 WHERE id=1884160
	Delete on sbtest8  (cost=0.43..8.45 rows=0 width=0)
	  ->  Index Scan using sbtest8_pkey on sbtest8  (cost=0.43..8.45 rows=1 width=6)
	        Index Cond: (id = 1884160)

explain: for non_index_updates :: explain UPDATE sbtest%u SET c='foobar' WHERE id=%u
for index_updates
table 1 : explain UPDATE sbtest1 SET k=k+1 WHERE id=6064081
	Update on sbtest1  (cost=0.43..8.46 rows=0 width=0)
	  ->  Index Scan using sbtest1_pkey on sbtest1  (cost=0.43..8.46 rows=1 width=10)
	        Index Cond: (id = 6064081)

table 2 : explain UPDATE sbtest2 SET k=k+1 WHERE id=1057282
	Update on sbtest2  (cost=0.43..8.46 rows=0 width=0)
	  ->  Index Scan using sbtest2_pkey on sbtest2  (cost=0.43..8.46 rows=1 width=10)
	        Index Cond: (id = 1057282)

table 3 : explain UPDATE sbtest3 SET k=k+1 WHERE id=2929763
	Update on sbtest3  (cost=0.43..8.46 rows=0 width=0)
	  ->  Index Scan using sbtest3_pkey on sbtest3  (cost=0.43..8.46 rows=1 width=10)
	        Index Cond: (id = 2929763)

table 4 : explain UPDATE sbtest4 SET k=k+1 WHERE id=4488933
	Update on sbtest4  (cost=0.43..8.46 rows=0 width=0)
	  ->  Index Scan using sbtest4_pkey on sbtest4  (cost=0.43..8.46 rows=1 width=10)
	        Index Cond: (id = 4488933)

table 5 : explain UPDATE sbtest5 SET k=k+1 WHERE id=3232070
	Update on sbtest5  (cost=0.43..8.46 rows=0 width=0)
	  ->  Index Scan using sbtest5_pkey on sbtest5  (cost=0.43..8.46 rows=1 width=10)
	        Index Cond: (id = 3232070)

table 6 : explain UPDATE sbtest6 SET k=k+1 WHERE id=3979984
	Update on sbtest6  (cost=0.43..8.46 rows=0 width=0)
	  ->  Index Scan using sbtest6_pkey on sbtest6  (cost=0.43..8.46 rows=1 width=10)
	        Index Cond: (id = 3979984)

table 7 : explain UPDATE sbtest7 SET k=k+1 WHERE id=6696996
	Update on sbtest7  (cost=0.43..8.46 rows=0 width=0)
	  ->  Index Scan using sbtest7_pkey on sbtest7  (cost=0.43..8.46 rows=1 width=10)
	        Index Cond: (id = 6696996)

table 8 : explain UPDATE sbtest8 SET k=k+1 WHERE id=4817983
	Update on sbtest8  (cost=0.43..8.46 rows=0 width=0)
	  ->  Index Scan using sbtest8_pkey on sbtest8  (cost=0.43..8.46 rows=1 width=10)
	        Index Cond: (id = 4817983)

for: sum_ranges
table 1 : explain SELECT SUM(k) FROM sbtest1 WHERE id BETWEEN 7847813 AND 7847822
	Aggregate  (cost=40.77..40.78 rows=1 width=8)
	  ->  Index Scan using sbtest1_pkey on sbtest1  (cost=0.43..40.75 rows=10 width=4)
	        Index Cond: ((id >= 7847813) AND (id <= 7847822))

table 2 : explain SELECT SUM(k) FROM sbtest2 WHERE id BETWEEN 3151010 AND 3151019
	Aggregate  (cost=37.04..37.05 rows=1 width=8)
	  ->  Index Scan using sbtest2_pkey on sbtest2  (cost=0.43..37.02 rows=9 width=4)
	        Index Cond: ((id >= 3151010) AND (id <= 3151019))

table 3 : explain SELECT SUM(k) FROM sbtest3 WHERE id BETWEEN 4951998 AND 4952007
	Aggregate  (cost=40.42..40.43 rows=1 width=8)
	  ->  Index Scan using sbtest3_pkey on sbtest3  (cost=0.43..40.39 rows=10 width=4)
	        Index Cond: ((id >= 4951998) AND (id <= 4952007))

table 4 : explain SELECT SUM(k) FROM sbtest4 WHERE id BETWEEN 7977734 AND 7977743
	Aggregate  (cost=40.28..40.29 rows=1 width=8)
	  ->  Index Scan using sbtest4_pkey on sbtest4  (cost=0.43..40.25 rows=10 width=4)
	        Index Cond: ((id >= 7977734) AND (id <= 7977743))

table 5 : explain SELECT SUM(k) FROM sbtest5 WHERE id BETWEEN 3859562 AND 3859571
	Aggregate  (cost=36.85..36.86 rows=1 width=8)
	  ->  Index Scan using sbtest5_pkey on sbtest5  (cost=0.43..36.83 rows=9 width=4)
	        Index Cond: ((id >= 3859562) AND (id <= 3859571))

table 6 : explain SELECT SUM(k) FROM sbtest6 WHERE id BETWEEN 5283974 AND 5283983
	Aggregate  (cost=40.75..40.76 rows=1 width=8)
	  ->  Index Scan using sbtest6_pkey on sbtest6  (cost=0.43..40.73 rows=10 width=4)
	        Index Cond: ((id >= 5283974) AND (id <= 5283983))

table 7 : explain SELECT SUM(k) FROM sbtest7 WHERE id BETWEEN 9103925 AND 9103934
	Aggregate  (cost=40.06..40.07 rows=1 width=8)
	  ->  Index Scan using sbtest7_pkey on sbtest7  (cost=0.43..40.03 rows=10 width=4)
	        Index Cond: ((id >= 9103925) AND (id <= 9103934))

table 8 : explain SELECT SUM(k) FROM sbtest8 WHERE id BETWEEN 3822186 AND 3822195
	Aggregate  (cost=40.49..40.50 rows=1 width=8)
	  ->  Index Scan using sbtest8_pkey on sbtest8  (cost=0.43..40.46 rows=10 width=4)
	        Index Cond: ((id >= 3822186) AND (id <= 3822195))

for point_selects
table 1 : explain SELECT c FROM sbtest1 WHERE id=6146944
	Index Scan using sbtest1_pkey on sbtest1  (cost=0.43..8.45 rows=1 width=121)
	  Index Cond: (id = 6146944)

table 2 : explain SELECT c FROM sbtest2 WHERE id=1865180
	Index Scan using sbtest2_pkey on sbtest2  (cost=0.43..8.45 rows=1 width=121)
	  Index Cond: (id = 1865180)

table 3 : explain SELECT c FROM sbtest3 WHERE id=1759635
	Index Scan using sbtest3_pkey on sbtest3  (cost=0.43..8.45 rows=1 width=121)
	  Index Cond: (id = 1759635)

table 4 : explain SELECT c FROM sbtest4 WHERE id=7935727
	Index Scan using sbtest4_pkey on sbtest4  (cost=0.43..8.45 rows=1 width=121)
	  Index Cond: (id = 7935727)

table 5 : explain SELECT c FROM sbtest5 WHERE id=9387490
	Index Scan using sbtest5_pkey on sbtest5  (cost=0.43..8.45 rows=1 width=121)
	  Index Cond: (id = 9387490)

table 6 : explain SELECT c FROM sbtest6 WHERE id=3504025
	Index Scan using sbtest6_pkey on sbtest6  (cost=0.43..8.45 rows=1 width=121)
	  Index Cond: (id = 3504025)

table 7 : explain SELECT c FROM sbtest7 WHERE id=5263045
	Index Scan using sbtest7_pkey on sbtest7  (cost=0.43..8.45 rows=1 width=121)
	  Index Cond: (id = 5263045)

table 8 : explain SELECT c FROM sbtest8 WHERE id=3016660
	Index Scan using sbtest8_pkey on sbtest8  (cost=0.43..8.45 rows=1 width=121)
	  Index Cond: (id = 3016660)

for: sum_ranges
table 1 : explain SELECT SUM(k) FROM sbtest1 WHERE id BETWEEN 6772007 AND 6772016
	Aggregate  (cost=40.77..40.78 rows=1 width=8)
	  ->  Index Scan using sbtest1_pkey on sbtest1  (cost=0.43..40.75 rows=10 width=4)
	        Index Cond: ((id >= 6772007) AND (id <= 6772016))

table 2 : explain SELECT SUM(k) FROM sbtest2 WHERE id BETWEEN 658181 AND 658190
	Aggregate  (cost=40.61..40.62 rows=1 width=8)
	  ->  Index Scan using sbtest2_pkey on sbtest2  (cost=0.43..40.59 rows=10 width=4)
	        Index Cond: ((id >= 658181) AND (id <= 658190))

table 3 : explain SELECT SUM(k) FROM sbtest3 WHERE id BETWEEN 9400977 AND 9400986
	Aggregate  (cost=40.42..40.43 rows=1 width=8)
	  ->  Index Scan using sbtest3_pkey on sbtest3  (cost=0.43..40.39 rows=10 width=4)
	        Index Cond: ((id >= 9400977) AND (id <= 9400986))

table 4 : explain SELECT SUM(k) FROM sbtest4 WHERE id BETWEEN 5567520 AND 5567529
	Aggregate  (cost=36.74..36.75 rows=1 width=8)
	  ->  Index Scan using sbtest4_pkey on sbtest4  (cost=0.43..36.72 rows=9 width=4)
	        Index Cond: ((id >= 5567520) AND (id <= 5567529))

table 5 : explain SELECT SUM(k) FROM sbtest5 WHERE id BETWEEN 4767451 AND 4767460
	Aggregate  (cost=40.40..40.41 rows=1 width=8)
	  ->  Index Scan using sbtest5_pkey on sbtest5  (cost=0.43..40.38 rows=10 width=4)
	        Index Cond: ((id >= 4767451) AND (id <= 4767460))

table 6 : explain SELECT SUM(k) FROM sbtest6 WHERE id BETWEEN 3260113 AND 3260122
	Aggregate  (cost=40.75..40.76 rows=1 width=8)
	  ->  Index Scan using sbtest6_pkey on sbtest6  (cost=0.43..40.73 rows=10 width=4)
	        Index Cond: ((id >= 3260113) AND (id <= 3260122))

table 7 : explain SELECT SUM(k) FROM sbtest7 WHERE id BETWEEN 8165275 AND 8165284
	Aggregate  (cost=40.06..40.07 rows=1 width=8)
	  ->  Index Scan using sbtest7_pkey on sbtest7  (cost=0.43..40.03 rows=10 width=4)
	        Index Cond: ((id >= 8165275) AND (id <= 8165284))

table 8 : explain SELECT SUM(k) FROM sbtest8 WHERE id BETWEEN 8285421 AND 8285430
	Aggregate  (cost=40.49..40.50 rows=1 width=8)
	  ->  Index Scan using sbtest8_pkey on sbtest8  (cost=0.43..40.46 rows=10 width=4)
	        Index Cond: ((id >= 8285421) AND (id <= 8285430))

for non_index_updates
table 1 : explain UPDATE sbtest1 SET c='foobar' WHERE id=7127819
	Update on sbtest1  (cost=0.43..8.45 rows=0 width=0)
	  ->  Index Scan using sbtest1_pkey on sbtest1  (cost=0.43..8.45 rows=1 width=490)
	        Index Cond: (id = 7127819)

table 2 : explain UPDATE sbtest2 SET c='foobar' WHERE id=4393562
	Update on sbtest2  (cost=0.43..8.45 rows=0 width=0)
	  ->  Index Scan using sbtest2_pkey on sbtest2  (cost=0.43..8.45 rows=1 width=490)
	        Index Cond: (id = 4393562)

table 3 : explain UPDATE sbtest3 SET c='foobar' WHERE id=8426472
	Update on sbtest3  (cost=0.43..8.45 rows=0 width=0)
	  ->  Index Scan using sbtest3_pkey on sbtest3  (cost=0.43..8.45 rows=1 width=490)
	        Index Cond: (id = 8426472)

table 4 : explain UPDATE sbtest4 SET c='foobar' WHERE id=6142750
	Update on sbtest4  (cost=0.43..8.45 rows=0 width=0)
	  ->  Index Scan using sbtest4_pkey on sbtest4  (cost=0.43..8.45 rows=1 width=490)
	        Index Cond: (id = 6142750)

table 5 : explain UPDATE sbtest5 SET c='foobar' WHERE id=1281158
	Update on sbtest5  (cost=0.43..8.45 rows=0 width=0)
	  ->  Index Scan using sbtest5_pkey on sbtest5  (cost=0.43..8.45 rows=1 width=490)
	        Index Cond: (id = 1281158)

table 6 : explain UPDATE sbtest6 SET c='foobar' WHERE id=9588825
	Update on sbtest6  (cost=0.43..8.45 rows=0 width=0)
	  ->  Index Scan using sbtest6_pkey on sbtest6  (cost=0.43..8.45 rows=1 width=490)
	        Index Cond: (id = 9588825)

table 7 : explain UPDATE sbtest7 SET c='foobar' WHERE id=5733959
	Update on sbtest7  (cost=0.43..8.45 rows=0 width=0)
	  ->  Index Scan using sbtest7_pkey on sbtest7  (cost=0.43..8.45 rows=1 width=490)
	        Index Cond: (id = 5733959)

table 8 : explain UPDATE sbtest8 SET c='foobar' WHERE id=3640789
	Update on sbtest8  (cost=0.43..8.45 rows=0 width=0)
	  ->  Index Scan using sbtest8_pkey on sbtest8  (cost=0.43..8.45 rows=1 width=490)
	        Index Cond: (id = 3640789)

explain: for inserts :: explain INSERT INTO sbtest%u (id, k, c, pad) VALUES (%u, 13, 'foobar', 'foobar')
for deletes
table 1 : explain DELETE FROM sbtest1 WHERE id=9452326
	Delete on sbtest1  (cost=0.43..8.45 rows=0 width=0)
	  ->  Index Scan using sbtest1_pkey on sbtest1  (cost=0.43..8.45 rows=1 width=6)
	        Index Cond: (id = 9452326)

table 2 : explain DELETE FROM sbtest2 WHERE id=4897144
	Delete on sbtest2  (cost=0.43..8.45 rows=0 width=0)
	  ->  Index Scan using sbtest2_pkey on sbtest2  (cost=0.43..8.45 rows=1 width=6)
	        Index Cond: (id = 4897144)

table 3 : explain DELETE FROM sbtest3 WHERE id=572228
	Delete on sbtest3  (cost=0.43..8.45 rows=0 width=0)
	  ->  Index Scan using sbtest3_pkey on sbtest3  (cost=0.43..8.45 rows=1 width=6)
	        Index Cond: (id = 572228)

table 4 : explain DELETE FROM sbtest4 WHERE id=9653064
	Delete on sbtest4  (cost=0.43..8.45 rows=0 width=0)
	  ->  Index Scan using sbtest4_pkey on sbtest4  (cost=0.43..8.45 rows=1 width=6)
	        Index Cond: (id = 9653064)

table 5 : explain DELETE FROM sbtest5 WHERE id=5795639
	Delete on sbtest5  (cost=0.43..8.45 rows=0 width=0)
	  ->  Index Scan using sbtest5_pkey on sbtest5  (cost=0.43..8.45 rows=1 width=6)
	        Index Cond: (id = 5795639)

table 6 : explain DELETE FROM sbtest6 WHERE id=5630817
	Delete on sbtest6  (cost=0.43..8.45 rows=0 width=0)
	  ->  Index Scan using sbtest6_pkey on sbtest6  (cost=0.43..8.45 rows=1 width=6)
	        Index Cond: (id = 5630817)

table 7 : explain DELETE FROM sbtest7 WHERE id=7881780
	Delete on sbtest7  (cost=0.43..8.45 rows=0 width=0)
	  ->  Index Scan using sbtest7_pkey on sbtest7  (cost=0.43..8.45 rows=1 width=6)
	        Index Cond: (id = 7881780)

table 8 : explain DELETE FROM sbtest8 WHERE id=1678088
	Delete on sbtest8  (cost=0.43..8.45 rows=0 width=0)
	  ->  Index Scan using sbtest8_pkey on sbtest8  (cost=0.43..8.45 rows=1 width=6)
	        Index Cond: (id = 1678088)

for: sum_ranges
table 1 : explain SELECT SUM(k) FROM sbtest1 WHERE id BETWEEN 9512522 AND 9512531
	Aggregate  (cost=40.77..40.78 rows=1 width=8)
	  ->  Index Scan using sbtest1_pkey on sbtest1  (cost=0.43..40.75 rows=10 width=4)
	        Index Cond: ((id >= 9512522) AND (id <= 9512531))

table 2 : explain SELECT SUM(k) FROM sbtest2 WHERE id BETWEEN 8034181 AND 8034190
	Aggregate  (cost=40.61..40.62 rows=1 width=8)
	  ->  Index Scan using sbtest2_pkey on sbtest2  (cost=0.43..40.59 rows=10 width=4)
	        Index Cond: ((id >= 8034181) AND (id <= 8034190))

table 3 : explain SELECT SUM(k) FROM sbtest3 WHERE id BETWEEN 4812972 AND 4812981
	Aggregate  (cost=40.42..40.43 rows=1 width=8)
	  ->  Index Scan using sbtest3_pkey on sbtest3  (cost=0.43..40.39 rows=10 width=4)
	        Index Cond: ((id >= 4812972) AND (id <= 4812981))

table 4 : explain SELECT SUM(k) FROM sbtest4 WHERE id BETWEEN 2699974 AND 2699983
	Aggregate  (cost=40.28..40.29 rows=1 width=8)
	  ->  Index Scan using sbtest4_pkey on sbtest4  (cost=0.43..40.25 rows=10 width=4)
	        Index Cond: ((id >= 2699974) AND (id <= 2699983))

table 5 : explain SELECT SUM(k) FROM sbtest5 WHERE id BETWEEN 5787843 AND 5787852
	Aggregate  (cost=40.40..40.41 rows=1 width=8)
	  ->  Index Scan using sbtest5_pkey on sbtest5  (cost=0.43..40.38 rows=10 width=4)
	        Index Cond: ((id >= 5787843) AND (id <= 5787852))

table 6 : explain SELECT SUM(k) FROM sbtest6 WHERE id BETWEEN 7383850 AND 7383859
	Aggregate  (cost=40.75..40.76 rows=1 width=8)
	  ->  Index Scan using sbtest6_pkey on sbtest6  (cost=0.43..40.73 rows=10 width=4)
	        Index Cond: ((id >= 7383850) AND (id <= 7383859))

table 7 : explain SELECT SUM(k) FROM sbtest7 WHERE id BETWEEN 4521573 AND 4521582
	Aggregate  (cost=40.06..40.07 rows=1 width=8)
	  ->  Index Scan using sbtest7_pkey on sbtest7  (cost=0.43..40.03 rows=10 width=4)
	        Index Cond: ((id >= 4521573) AND (id <= 4521582))

table 8 : explain SELECT SUM(k) FROM sbtest8 WHERE id BETWEEN 3187031 AND 3187040
	Aggregate  (cost=44.05..44.06 rows=1 width=8)
	  ->  Index Scan using sbtest8_pkey on sbtest8  (cost=0.43..44.02 rows=11 width=4)
	        Index Cond: ((id >= 3187031) AND (id <= 3187040))

for: simple_ranges
table 1 : explain SELECT c FROM sbtest1 WHERE id BETWEEN 7343574 AND 7343583
	Index Scan using sbtest1_pkey on sbtest1  (cost=0.43..44.33 rows=11 width=121)
	  Index Cond: ((id >= 7343574) AND (id <= 7343583))

table 2 : explain SELECT c FROM sbtest2 WHERE id BETWEEN 445137 AND 445146
	Index Scan using sbtest2_pkey on sbtest2  (cost=0.43..40.59 rows=10 width=121)
	  Index Cond: ((id >= 445137) AND (id <= 445146))

table 3 : explain SELECT c FROM sbtest3 WHERE id BETWEEN 1523756 AND 1523765
	Index Scan using sbtest3_pkey on sbtest3  (cost=0.43..40.39 rows=10 width=121)
	  Index Cond: ((id >= 1523756) AND (id <= 1523765))

table 4 : explain SELECT c FROM sbtest4 WHERE id BETWEEN 6083093 AND 6083102
	Index Scan using sbtest4_pkey on sbtest4  (cost=0.43..40.25 rows=10 width=121)
	  Index Cond: ((id >= 6083093) AND (id <= 6083102))

table 5 : explain SELECT c FROM sbtest5 WHERE id BETWEEN 5055541 AND 5055550
	Index Scan using sbtest5_pkey on sbtest5  (cost=0.43..40.38 rows=10 width=121)
	  Index Cond: ((id >= 5055541) AND (id <= 5055550))

table 6 : explain SELECT c FROM sbtest6 WHERE id BETWEEN 6567787 AND 6567796
	Index Scan using sbtest6_pkey on sbtest6  (cost=0.43..40.73 rows=10 width=121)
	  Index Cond: ((id >= 6567787) AND (id <= 6567796))

table 7 : explain SELECT c FROM sbtest7 WHERE id BETWEEN 2020699 AND 2020708
	Index Scan using sbtest7_pkey on sbtest7  (cost=0.43..36.52 rows=9 width=121)
	  Index Cond: ((id >= 2020699) AND (id <= 2020708))

table 8 : explain SELECT c FROM sbtest8 WHERE id BETWEEN 2433722 AND 2433731
	Index Scan using sbtest8_pkey on sbtest8  (cost=0.43..44.02 rows=11 width=121)
	  Index Cond: ((id >= 2433722) AND (id <= 2433731))

explain: for non_index_updates :: explain UPDATE sbtest%u SET c='foobar' WHERE id=%u
for: order_ranges
table 1 : explain SELECT c FROM sbtest1 WHERE id BETWEEN 7674908 AND 7674917 ORDER BY c
	Sort  (cost=37.30..37.32 rows=9 width=121)
	  Sort Key: c
	  ->  Index Scan using sbtest1_pkey on sbtest1  (cost=0.43..37.16 rows=9 width=121)
	        Index Cond: ((id >= 7674908) AND (id <= 7674917))

table 2 : explain SELECT c FROM sbtest2 WHERE id BETWEEN 8205998 AND 8206007 ORDER BY c
	Sort  (cost=37.16..37.18 rows=9 width=121)
	  Sort Key: c
	  ->  Index Scan using sbtest2_pkey on sbtest2  (cost=0.43..37.02 rows=9 width=121)
	        Index Cond: ((id >= 8205998) AND (id <= 8206007))

table 3 : explain SELECT c FROM sbtest3 WHERE id BETWEEN 649141 AND 649150 ORDER BY c
	Sort  (cost=40.56..40.58 rows=10 width=121)
	  Sort Key: c
	  ->  Index Scan using sbtest3_pkey on sbtest3  (cost=0.43..40.39 rows=10 width=121)
	        Index Cond: ((id >= 649141) AND (id <= 649150))

table 4 : explain SELECT c FROM sbtest4 WHERE id BETWEEN 9334380 AND 9334389 ORDER BY c
	Sort  (cost=43.97..44.00 rows=11 width=121)
	  Sort Key: c
	  ->  Index Scan using sbtest4_pkey on sbtest4  (cost=0.43..43.78 rows=11 width=121)
	        Index Cond: ((id >= 9334380) AND (id <= 9334389))

table 5 : explain SELECT c FROM sbtest5 WHERE id BETWEEN 7938476 AND 7938485 ORDER BY c
	Sort  (cost=44.12..44.14 rows=11 width=121)
	  Sort Key: c
	  ->  Index Scan using sbtest5_pkey on sbtest5  (cost=0.43..43.93 rows=11 width=121)
	        Index Cond: ((id >= 7938476) AND (id <= 7938485))

table 6 : explain SELECT c FROM sbtest6 WHERE id BETWEEN 3148556 AND 3148565 ORDER BY c
	Sort  (cost=40.89..40.92 rows=10 width=121)
	  Sort Key: c
	  ->  Index Scan using sbtest6_pkey on sbtest6  (cost=0.43..40.73 rows=10 width=121)
	        Index Cond: ((id >= 3148556) AND (id <= 3148565))

table 7 : explain SELECT c FROM sbtest7 WHERE id BETWEEN 5874419 AND 5874428 ORDER BY c
	Sort  (cost=36.66..36.69 rows=9 width=121)
	  Sort Key: c
	  ->  Index Scan using sbtest7_pkey on sbtest7  (cost=0.43..36.52 rows=9 width=121)
	        Index Cond: ((id >= 5874419) AND (id <= 5874428))

table 8 : explain SELECT c FROM sbtest8 WHERE id BETWEEN 2113694 AND 2113703 ORDER BY c
	Sort  (cost=40.63..40.65 rows=10 width=121)
	  Sort Key: c
	  ->  Index Scan using sbtest8_pkey on sbtest8  (cost=0.43..40.46 rows=10 width=121)
	        Index Cond: ((id >= 2113694) AND (id <= 2113703))

explain: for deletes :: explain DELETE FROM sbtest%u WHERE id=%u
for inserts
table 1 : explain INSERT INTO sbtest1 (id, k, c, pad) VALUES (8752387, 13, 'foobar', 'foobar')
	Insert on sbtest1  (cost=0.00..0.01 rows=0 width=0)
	  ->  Result  (cost=0.00..0.01 rows=1 width=736)

table 2 : explain INSERT INTO sbtest2 (id, k, c, pad) VALUES (4570891, 13, 'foobar', 'foobar')
	Insert on sbtest2  (cost=0.00..0.01 rows=0 width=0)
	  ->  Result  (cost=0.00..0.01 rows=1 width=736)

table 3 : explain INSERT INTO sbtest3 (id, k, c, pad) VALUES (3494925, 13, 'foobar', 'foobar')
	Insert on sbtest3  (cost=0.00..0.01 rows=0 width=0)
	  ->  Result  (cost=0.00..0.01 rows=1 width=736)

table 4 : explain INSERT INTO sbtest4 (id, k, c, pad) VALUES (9954255, 13, 'foobar', 'foobar')
	Insert on sbtest4  (cost=0.00..0.01 rows=0 width=0)
	  ->  Result  (cost=0.00..0.01 rows=1 width=736)

table 5 : explain INSERT INTO sbtest5 (id, k, c, pad) VALUES (1036284, 13, 'foobar', 'foobar')
	Insert on sbtest5  (cost=0.00..0.01 rows=0 width=0)
	  ->  Result  (cost=0.00..0.01 rows=1 width=736)

table 6 : explain INSERT INTO sbtest6 (id, k, c, pad) VALUES (352176, 13, 'foobar', 'foobar')
	Insert on sbtest6  (cost=0.00..0.01 rows=0 width=0)
	  ->  Result  (cost=0.00..0.01 rows=1 width=736)

table 7 : explain INSERT INTO sbtest7 (id, k, c, pad) VALUES (101906, 13, 'foobar', 'foobar')
	Insert on sbtest7  (cost=0.00..0.01 rows=0 width=0)
	  ->  Result  (cost=0.00..0.01 rows=1 width=736)

table 8 : explain INSERT INTO sbtest8 (id, k, c, pad) VALUES (6666507, 13, 'foobar', 'foobar')
	Insert on sbtest8  (cost=0.00..0.01 rows=0 width=0)
	  ->  Result  (cost=0.00..0.01 rows=1 width=736)

for point_selects
table 1 : explain SELECT c FROM sbtest1 WHERE id=9512221
	Index Scan using sbtest1_pkey on sbtest1  (cost=0.43..8.45 rows=1 width=121)
	  Index Cond: (id = 9512221)

table 2 : explain SELECT c FROM sbtest2 WHERE id=9336453
	Index Scan using sbtest2_pkey on sbtest2  (cost=0.43..8.45 rows=1 width=121)
	  Index Cond: (id = 9336453)

table 3 : explain SELECT c FROM sbtest3 WHERE id=3310982
	Index Scan using sbtest3_pkey on sbtest3  (cost=0.43..8.45 rows=1 width=121)
	  Index Cond: (id = 3310982)

table 4 : explain SELECT c FROM sbtest4 WHERE id=4165999
	Index Scan using sbtest4_pkey on sbtest4  (cost=0.43..8.45 rows=1 width=121)
	  Index Cond: (id = 4165999)

table 5 : explain SELECT c FROM sbtest5 WHERE id=1516515
	Index Scan using sbtest5_pkey on sbtest5  (cost=0.43..8.45 rows=1 width=121)
	  Index Cond: (id = 1516515)

table 6 : explain SELECT c FROM sbtest6 WHERE id=1883380
	Index Scan using sbtest6_pkey on sbtest6  (cost=0.43..8.45 rows=1 width=121)
	  Index Cond: (id = 1883380)

table 7 : explain SELECT c FROM sbtest7 WHERE id=9414437
	Index Scan using sbtest7_pkey on sbtest7  (cost=0.43..8.45 rows=1 width=121)
	  Index Cond: (id = 9414437)

table 8 : explain SELECT c FROM sbtest8 WHERE id=4629608
	Index Scan using sbtest8_pkey on sbtest8  (cost=0.43..8.45 rows=1 width=121)
	  Index Cond: (id = 4629608)

explain: for inserts :: explain INSERT INTO sbtest%u (id, k, c, pad) VALUES (%u, 13, 'foobar', 'foobar')
for inserts
table 1 : explain INSERT INTO sbtest1 (id, k, c, pad) VALUES (4176592, 13, 'foobar', 'foobar')
	Insert on sbtest1  (cost=0.00..0.01 rows=0 width=0)
	  ->  Result  (cost=0.00..0.01 rows=1 width=736)

table 2 : explain INSERT INTO sbtest2 (id, k, c, pad) VALUES (3088065, 13, 'foobar', 'foobar')
	Insert on sbtest2  (cost=0.00..0.01 rows=0 width=0)
	  ->  Result  (cost=0.00..0.01 rows=1 width=736)

table 3 : explain INSERT INTO sbtest3 (id, k, c, pad) VALUES (2921375, 13, 'foobar', 'foobar')
	Insert on sbtest3  (cost=0.00..0.01 rows=0 width=0)
	  ->  Result  (cost=0.00..0.01 rows=1 width=736)

table 4 : explain INSERT INTO sbtest4 (id, k, c, pad) VALUES (4880934, 13, 'foobar', 'foobar')
	Insert on sbtest4  (cost=0.00..0.01 rows=0 width=0)
	  ->  Result  (cost=0.00..0.01 rows=1 width=736)

table 5 : explain INSERT INTO sbtest5 (id, k, c, pad) VALUES (8559723, 13, 'foobar', 'foobar')
	Insert on sbtest5  (cost=0.00..0.01 rows=0 width=0)
	  ->  Result  (cost=0.00..0.01 rows=1 width=736)

table 6 : explain INSERT INTO sbtest6 (id, k, c, pad) VALUES (7479874, 13, 'foobar', 'foobar')
	Insert on sbtest6  (cost=0.00..0.01 rows=0 width=0)
	  ->  Result  (cost=0.00..0.01 rows=1 width=736)

table 7 : explain INSERT INTO sbtest7 (id, k, c, pad) VALUES (4276604, 13, 'foobar', 'foobar')
	Insert on sbtest7  (cost=0.00..0.01 rows=0 width=0)
	  ->  Result  (cost=0.00..0.01 rows=1 width=736)

table 8 : explain INSERT INTO sbtest8 (id, k, c, pad) VALUES (336450, 13, 'foobar', 'foobar')
	Insert on sbtest8  (cost=0.00..0.01 rows=0 width=0)
	  ->  Result  (cost=0.00..0.01 rows=1 width=736)

for: simple_ranges
table 1 : explain SELECT c FROM sbtest1 WHERE id BETWEEN 5733230 AND 5733239
	Index Scan using sbtest1_pkey on sbtest1  (cost=0.43..40.75 rows=10 width=121)
	  Index Cond: ((id >= 5733230) AND (id <= 5733239))

table 2 : explain SELECT c FROM sbtest2 WHERE id BETWEEN 1247793 AND 1247802
	Index Scan using sbtest2_pkey on sbtest2  (cost=0.43..40.59 rows=10 width=121)
	  Index Cond: ((id >= 1247793) AND (id <= 1247802))

table 3 : explain SELECT c FROM sbtest3 WHERE id BETWEEN 5624321 AND 5624330
	Index Scan using sbtest3_pkey on sbtest3  (cost=0.43..36.84 rows=9 width=121)
	  Index Cond: ((id >= 5624321) AND (id <= 5624330))

table 4 : explain SELECT c FROM sbtest4 WHERE id BETWEEN 5593294 AND 5593303
	Index Scan using sbtest4_pkey on sbtest4  (cost=0.43..36.72 rows=9 width=121)
	  Index Cond: ((id >= 5593294) AND (id <= 5593303))

table 5 : explain SELECT c FROM sbtest5 WHERE id BETWEEN 9778286 AND 9778295
	Index Scan using sbtest5_pkey on sbtest5  (cost=0.43..36.83 rows=9 width=121)
	  Index Cond: ((id >= 9778286) AND (id <= 9778295))

table 6 : explain SELECT c FROM sbtest6 WHERE id BETWEEN 6792451 AND 6792460
	Index Scan using sbtest6_pkey on sbtest6  (cost=0.43..40.73 rows=10 width=121)
	  Index Cond: ((id >= 6792451) AND (id <= 6792460))

table 7 : explain SELECT c FROM sbtest7 WHERE id BETWEEN 1065524 AND 1065533
	Index Scan using sbtest7_pkey on sbtest7  (cost=0.43..43.54 rows=11 width=121)
	  Index Cond: ((id >= 1065524) AND (id <= 1065533))

table 8 : explain SELECT c FROM sbtest8 WHERE id BETWEEN 8724096 AND 8724105
	Index Scan using sbtest8_pkey on sbtest8  (cost=0.43..40.46 rows=10 width=121)
	  Index Cond: ((id >= 8724096) AND (id <= 8724105))

for: sum_ranges
table 1 : explain SELECT SUM(k) FROM sbtest1 WHERE id BETWEEN 5454705 AND 5454714
	Aggregate  (cost=37.18..37.19 rows=1 width=8)
	  ->  Index Scan using sbtest1_pkey on sbtest1  (cost=0.43..37.16 rows=9 width=4)
	        Index Cond: ((id >= 5454705) AND (id <= 5454714))

table 2 : explain SELECT SUM(k) FROM sbtest2 WHERE id BETWEEN 22633 AND 22642
	Aggregate  (cost=40.61..40.62 rows=1 width=8)
	  ->  Index Scan using sbtest2_pkey on sbtest2  (cost=0.43..40.59 rows=10 width=4)
	        Index Cond: ((id >= 22633) AND (id <= 22642))

table 3 : explain SELECT SUM(k) FROM sbtest3 WHERE id BETWEEN 9235509 AND 9235518
	Aggregate  (cost=40.42..40.43 rows=1 width=8)
	  ->  Index Scan using sbtest3_pkey on sbtest3  (cost=0.43..40.39 rows=10 width=4)
	        Index Cond: ((id >= 9235509) AND (id <= 9235518))

table 4 : explain SELECT SUM(k) FROM sbtest4 WHERE id BETWEEN 9952379 AND 9952388
	Aggregate  (cost=40.28..40.29 rows=1 width=8)
	  ->  Index Scan using sbtest4_pkey on sbtest4  (cost=0.43..40.25 rows=10 width=4)
	        Index Cond: ((id >= 9952379) AND (id <= 9952388))

table 5 : explain SELECT SUM(k) FROM sbtest5 WHERE id BETWEEN 4866264 AND 4866273
	Aggregate  (cost=40.40..40.41 rows=1 width=8)
	  ->  Index Scan using sbtest5_pkey on sbtest5  (cost=0.43..40.38 rows=10 width=4)
	        Index Cond: ((id >= 4866264) AND (id <= 4866273))

table 6 : explain SELECT SUM(k) FROM sbtest6 WHERE id BETWEEN 7013737 AND 7013746
	Aggregate  (cost=40.75..40.76 rows=1 width=8)
	  ->  Index Scan using sbtest6_pkey on sbtest6  (cost=0.43..40.73 rows=10 width=4)
	        Index Cond: ((id >= 7013737) AND (id <= 7013746))

table 7 : explain SELECT SUM(k) FROM sbtest7 WHERE id BETWEEN 9321561 AND 9321570
	Aggregate  (cost=43.57..43.58 rows=1 width=8)
	  ->  Index Scan using sbtest7_pkey on sbtest7  (cost=0.43..43.54 rows=11 width=4)
	        Index Cond: ((id >= 9321561) AND (id <= 9321570))

table 8 : explain SELECT SUM(k) FROM sbtest8 WHERE id BETWEEN 4043188 AND 4043197
	Aggregate  (cost=40.49..40.50 rows=1 width=8)
	  ->  Index Scan using sbtest8_pkey on sbtest8  (cost=0.43..40.46 rows=10 width=4)
	        Index Cond: ((id >= 4043188) AND (id <= 4043197))

for deletes
table 1 : explain DELETE FROM sbtest1 WHERE id=2204221
	Delete on sbtest1  (cost=0.43..8.45 rows=0 width=0)
	  ->  Index Scan using sbtest1_pkey on sbtest1  (cost=0.43..8.45 rows=1 width=6)
	        Index Cond: (id = 2204221)

table 2 : explain DELETE FROM sbtest2 WHERE id=5560725
	Delete on sbtest2  (cost=0.43..8.45 rows=0 width=0)
	  ->  Index Scan using sbtest2_pkey on sbtest2  (cost=0.43..8.45 rows=1 width=6)
	        Index Cond: (id = 5560725)

table 3 : explain DELETE FROM sbtest3 WHERE id=3670139
	Delete on sbtest3  (cost=0.43..8.45 rows=0 width=0)
	  ->  Index Scan using sbtest3_pkey on sbtest3  (cost=0.43..8.45 rows=1 width=6)
	        Index Cond: (id = 3670139)

table 4 : explain DELETE FROM sbtest4 WHERE id=9041380
	Delete on sbtest4  (cost=0.43..8.45 rows=0 width=0)
	  ->  Index Scan using sbtest4_pkey on sbtest4  (cost=0.43..8.45 rows=1 width=6)
	        Index Cond: (id = 9041380)

table 5 : explain DELETE FROM sbtest5 WHERE id=5422572
	Delete on sbtest5  (cost=0.43..8.45 rows=0 width=0)
	  ->  Index Scan using sbtest5_pkey on sbtest5  (cost=0.43..8.45 rows=1 width=6)
	        Index Cond: (id = 5422572)

table 6 : explain DELETE FROM sbtest6 WHERE id=202477
	Delete on sbtest6  (cost=0.43..8.45 rows=0 width=0)
	  ->  Index Scan using sbtest6_pkey on sbtest6  (cost=0.43..8.45 rows=1 width=6)
	        Index Cond: (id = 202477)

table 7 : explain DELETE FROM sbtest7 WHERE id=6068299
	Delete on sbtest7  (cost=0.43..8.45 rows=0 width=0)
	  ->  Index Scan using sbtest7_pkey on sbtest7  (cost=0.43..8.45 rows=1 width=6)
	        Index Cond: (id = 6068299)

table 8 : explain DELETE FROM sbtest8 WHERE id=6632725
	Delete on sbtest8  (cost=0.43..8.45 rows=0 width=0)
	  ->  Index Scan using sbtest8_pkey on sbtest8  (cost=0.43..8.45 rows=1 width=6)
	        Index Cond: (id = 6632725)

explain: for inserts :: explain INSERT INTO sbtest%u (id, k, c, pad) VALUES (%u, 13, 'foobar', 'foobar')
for: simple_ranges
table 1 : explain SELECT c FROM sbtest1 WHERE id BETWEEN 7236935 AND 7236944
	Index Scan using sbtest1_pkey on sbtest1  (cost=0.43..44.33 rows=11 width=121)
	  Index Cond: ((id >= 7236935) AND (id <= 7236944))

table 2 : explain SELECT c FROM sbtest2 WHERE id BETWEEN 9900970 AND 9900979
	Index Scan using sbtest2_pkey on sbtest2  (cost=0.43..40.59 rows=10 width=121)
	  Index Cond: ((id >= 9900970) AND (id <= 9900979))

table 3 : explain SELECT c FROM sbtest3 WHERE id BETWEEN 9567601 AND 9567610
	Index Scan using sbtest3_pkey on sbtest3  (cost=0.43..40.39 rows=10 width=121)
	  Index Cond: ((id >= 9567601) AND (id <= 9567610))

table 4 : explain SELECT c FROM sbtest4 WHERE id BETWEEN 6735118 AND 6735127
	Index Scan using sbtest4_pkey on sbtest4  (cost=0.43..40.25 rows=10 width=121)
	  Index Cond: ((id >= 6735118) AND (id <= 6735127))

table 5 : explain SELECT c FROM sbtest5 WHERE id BETWEEN 8287117 AND 8287126
	Index Scan using sbtest5_pkey on sbtest5  (cost=0.43..36.83 rows=9 width=121)
	  Index Cond: ((id >= 8287117) AND (id <= 8287126))

table 6 : explain SELECT c FROM sbtest6 WHERE id BETWEEN 5610099 AND 5610108
	Index Scan using sbtest6_pkey on sbtest6  (cost=0.43..40.73 rows=10 width=121)
	  Index Cond: ((id >= 5610099) AND (id <= 5610108))

table 7 : explain SELECT c FROM sbtest7 WHERE id BETWEEN 2891802 AND 2891811
	Index Scan using sbtest7_pkey on sbtest7  (cost=0.43..40.03 rows=10 width=121)
	  Index Cond: ((id >= 2891802) AND (id <= 2891811))

table 8 : explain SELECT c FROM sbtest8 WHERE id BETWEEN 7939906 AND 7939915
	Index Scan using sbtest8_pkey on sbtest8  (cost=0.43..36.91 rows=9 width=121)
	  Index Cond: ((id >= 7939906) AND (id <= 7939915))

explain: for inserts :: explain INSERT INTO sbtest%u (id, k, c, pad) VALUES (%u, 13, 'foobar', 'foobar')
for: sum_ranges
table 1 : explain SELECT SUM(k) FROM sbtest1 WHERE id BETWEEN 7770674 AND 7770683
	Aggregate  (cost=37.18..37.19 rows=1 width=8)
	  ->  Index Scan using sbtest1_pkey on sbtest1  (cost=0.43..37.16 rows=9 width=4)
	        Index Cond: ((id >= 7770674) AND (id <= 7770683))

table 2 : explain SELECT SUM(k) FROM sbtest2 WHERE id BETWEEN 6762124 AND 6762133
	Aggregate  (cost=40.61..40.62 rows=1 width=8)
	  ->  Index Scan using sbtest2_pkey on sbtest2  (cost=0.43..40.59 rows=10 width=4)
	        Index Cond: ((id >= 6762124) AND (id <= 6762133))

table 3 : explain SELECT SUM(k) FROM sbtest3 WHERE id BETWEEN 5015440 AND 5015449
	Aggregate  (cost=43.97..43.98 rows=1 width=8)
	  ->  Index Scan using sbtest3_pkey on sbtest3  (cost=0.43..43.94 rows=11 width=4)
	        Index Cond: ((id >= 5015440) AND (id <= 5015449))

table 4 : explain SELECT SUM(k) FROM sbtest4 WHERE id BETWEEN 405132 AND 405141
	Aggregate  (cost=40.28..40.29 rows=1 width=8)
	  ->  Index Scan using sbtest4_pkey on sbtest4  (cost=0.43..40.25 rows=10 width=4)
	        Index Cond: ((id >= 405132) AND (id <= 405141))

table 5 : explain SELECT SUM(k) FROM sbtest5 WHERE id BETWEEN 3677529 AND 3677538
	Aggregate  (cost=40.40..40.41 rows=1 width=8)
	  ->  Index Scan using sbtest5_pkey on sbtest5  (cost=0.43..40.38 rows=10 width=4)
	        Index Cond: ((id >= 3677529) AND (id <= 3677538))

table 6 : explain SELECT SUM(k) FROM sbtest6 WHERE id BETWEEN 1352723 AND 1352732
	Aggregate  (cost=40.75..40.76 rows=1 width=8)
	  ->  Index Scan using sbtest6_pkey on sbtest6  (cost=0.43..40.73 rows=10 width=4)
	        Index Cond: ((id >= 1352723) AND (id <= 1352732))

table 7 : explain SELECT SUM(k) FROM sbtest7 WHERE id BETWEEN 3952417 AND 3952426
	Aggregate  (cost=36.54..36.55 rows=1 width=8)
	  ->  Index Scan using sbtest7_pkey on sbtest7  (cost=0.43..36.52 rows=9 width=4)
	        Index Cond: ((id >= 3952417) AND (id <= 3952426))

table 8 : explain SELECT SUM(k) FROM sbtest8 WHERE id BETWEEN 4140244 AND 4140253
	Aggregate  (cost=40.49..40.50 rows=1 width=8)
	  ->  Index Scan using sbtest8_pkey on sbtest8  (cost=0.43..40.46 rows=10 width=4)
	        Index Cond: ((id >= 4140244) AND (id <= 4140253))

for: simple_ranges
table 1 : explain SELECT c FROM sbtest1 WHERE id BETWEEN 3699055 AND 3699064
	Index Scan using sbtest1_pkey on sbtest1  (cost=0.43..40.75 rows=10 width=121)
	  Index Cond: ((id >= 3699055) AND (id <= 3699064))

table 2 : explain SELECT c FROM sbtest2 WHERE id BETWEEN 7411927 AND 7411936
	Index Scan using sbtest2_pkey on sbtest2  (cost=0.43..37.02 rows=9 width=121)
	  Index Cond: ((id >= 7411927) AND (id <= 7411936))

table 3 : explain SELECT c FROM sbtest3 WHERE id BETWEEN 1554202 AND 1554211
	Index Scan using sbtest3_pkey on sbtest3  (cost=0.43..40.39 rows=10 width=121)
	  Index Cond: ((id >= 1554202) AND (id <= 1554211))

table 4 : explain SELECT c FROM sbtest4 WHERE id BETWEEN 7270602 AND 7270611
	Index Scan using sbtest4_pkey on sbtest4  (cost=0.43..40.25 rows=10 width=121)
	  Index Cond: ((id >= 7270602) AND (id <= 7270611))

table 5 : explain SELECT c FROM sbtest5 WHERE id BETWEEN 8101833 AND 8101842
	Index Scan using sbtest5_pkey on sbtest5  (cost=0.43..40.38 rows=10 width=121)
	  Index Cond: ((id >= 8101833) AND (id <= 8101842))

table 6 : explain SELECT c FROM sbtest6 WHERE id BETWEEN 7376875 AND 7376884
	Index Scan using sbtest6_pkey on sbtest6  (cost=0.43..40.73 rows=10 width=121)
	  Index Cond: ((id >= 7376875) AND (id <= 7376884))

table 7 : explain SELECT c FROM sbtest7 WHERE id BETWEEN 7196476 AND 7196485
	Index Scan using sbtest7_pkey on sbtest7  (cost=0.43..43.54 rows=11 width=121)
	  Index Cond: ((id >= 7196476) AND (id <= 7196485))

table 8 : explain SELECT c FROM sbtest8 WHERE id BETWEEN 675522 AND 675531
	Index Scan using sbtest8_pkey on sbtest8  (cost=0.43..40.46 rows=10 width=121)
	  Index Cond: ((id >= 675522) AND (id <= 675531))

for: distinct_ranges
table 1 : explain SELECT DISTINCT c FROM sbtest1 WHERE id BETWEEN 3826489 AND 3826498 ORDER BY c
	Unique  (cost=40.91..40.96 rows=10 width=121)
	  ->  Sort  (cost=40.91..40.94 rows=10 width=121)
	        Sort Key: c
	        ->  Index Scan using sbtest1_pkey on sbtest1  (cost=0.43..40.75 rows=10 width=121)
	              Index Cond: ((id >= 3826489) AND (id <= 3826498))

table 2 : explain SELECT DISTINCT c FROM sbtest2 WHERE id BETWEEN 729263 AND 729272 ORDER BY c
	Unique  (cost=37.16..37.21 rows=9 width=121)
	  ->  Sort  (cost=37.16..37.18 rows=9 width=121)
	        Sort Key: c
	        ->  Index Scan using sbtest2_pkey on sbtest2  (cost=0.43..37.02 rows=9 width=121)
	              Index Cond: ((id >= 729263) AND (id <= 729272))

table 3 : explain SELECT DISTINCT c FROM sbtest3 WHERE id BETWEEN 1406080 AND 1406089 ORDER BY c
	Unique  (cost=36.99..37.03 rows=9 width=121)
	  ->  Sort  (cost=36.99..37.01 rows=9 width=121)
	        Sort Key: c
	        ->  Index Scan using sbtest3_pkey on sbtest3  (cost=0.43..36.84 rows=9 width=121)
	              Index Cond: ((id >= 1406080) AND (id <= 1406089))

table 4 : explain SELECT DISTINCT c FROM sbtest4 WHERE id BETWEEN 205386 AND 205395 ORDER BY c
	Unique  (cost=40.42..40.47 rows=10 width=121)
	  ->  Sort  (cost=40.42..40.44 rows=10 width=121)
	        Sort Key: c
	        ->  Index Scan using sbtest4_pkey on sbtest4  (cost=0.43..40.25 rows=10 width=121)
	              Index Cond: ((id >= 205386) AND (id <= 205395))

table 5 : explain SELECT DISTINCT c FROM sbtest5 WHERE id BETWEEN 1331751 AND 1331760 ORDER BY c
	Unique  (cost=44.12..44.17 rows=11 width=121)
	  ->  Sort  (cost=44.12..44.14 rows=11 width=121)
	        Sort Key: c
	        ->  Index Scan using sbtest5_pkey on sbtest5  (cost=0.43..43.93 rows=11 width=121)
	              Index Cond: ((id >= 1331751) AND (id <= 1331760))

table 6 : explain SELECT DISTINCT c FROM sbtest6 WHERE id BETWEEN 2621968 AND 2621977 ORDER BY c
	Unique  (cost=40.89..40.94 rows=10 width=121)
	  ->  Sort  (cost=40.89..40.92 rows=10 width=121)
	        Sort Key: c
	        ->  Index Scan using sbtest6_pkey on sbtest6  (cost=0.43..40.73 rows=10 width=121)
	              Index Cond: ((id >= 2621968) AND (id <= 2621977))

table 7 : explain SELECT DISTINCT c FROM sbtest7 WHERE id BETWEEN 1051305 AND 1051314 ORDER BY c
	Unique  (cost=43.73..43.78 rows=11 width=121)
	  ->  Sort  (cost=43.73..43.76 rows=11 width=121)
	        Sort Key: c
	        ->  Index Scan using sbtest7_pkey on sbtest7  (cost=0.43..43.54 rows=11 width=121)
	              Index Cond: ((id >= 1051305) AND (id <= 1051314))

table 8 : explain SELECT DISTINCT c FROM sbtest8 WHERE id BETWEEN 2769502 AND 2769511 ORDER BY c
	Unique  (cost=40.63..40.68 rows=10 width=121)
	  ->  Sort  (cost=40.63..40.65 rows=10 width=121)
	        Sort Key: c
	        ->  Index Scan using sbtest8_pkey on sbtest8  (cost=0.43..40.46 rows=10 width=121)
	              Index Cond: ((id >= 2769502) AND (id <= 2769511))

for inserts
table 1 : explain INSERT INTO sbtest1 (id, k, c, pad) VALUES (9328028, 13, 'foobar', 'foobar')
	Insert on sbtest1  (cost=0.00..0.01 rows=0 width=0)
	  ->  Result  (cost=0.00..0.01 rows=1 width=736)

table 2 : explain INSERT INTO sbtest2 (id, k, c, pad) VALUES (6184430, 13, 'foobar', 'foobar')
	Insert on sbtest2  (cost=0.00..0.01 rows=0 width=0)
	  ->  Result  (cost=0.00..0.01 rows=1 width=736)

table 3 : explain INSERT INTO sbtest3 (id, k, c, pad) VALUES (5837320, 13, 'foobar', 'foobar')
	Insert on sbtest3  (cost=0.00..0.01 rows=0 width=0)
	  ->  Result  (cost=0.00..0.01 rows=1 width=736)

table 4 : explain INSERT INTO sbtest4 (id, k, c, pad) VALUES (5785744, 13, 'foobar', 'foobar')
	Insert on sbtest4  (cost=0.00..0.01 rows=0 width=0)
	  ->  Result  (cost=0.00..0.01 rows=1 width=736)

table 5 : explain INSERT INTO sbtest5 (id, k, c, pad) VALUES (266418, 13, 'foobar', 'foobar')
	Insert on sbtest5  (cost=0.00..0.01 rows=0 width=0)
	  ->  Result  (cost=0.00..0.01 rows=1 width=736)

table 6 : explain INSERT INTO sbtest6 (id, k, c, pad) VALUES (3536624, 13, 'foobar', 'foobar')
	Insert on sbtest6  (cost=0.00..0.01 rows=0 width=0)
	  ->  Result  (cost=0.00..0.01 rows=1 width=736)

table 7 : explain INSERT INTO sbtest7 (id, k, c, pad) VALUES (9398700, 13, 'foobar', 'foobar')
	Insert on sbtest7  (cost=0.00..0.01 rows=0 width=0)
	  ->  Result  (cost=0.00..0.01 rows=1 width=736)

table 8 : explain INSERT INTO sbtest8 (id, k, c, pad) VALUES (6155604, 13, 'foobar', 'foobar')
	Insert on sbtest8  (cost=0.00..0.01 rows=0 width=0)
	  ->  Result  (cost=0.00..0.01 rows=1 width=736)

for non_index_updates
table 1 : explain UPDATE sbtest1 SET c='foobar' WHERE id=4325356
	Update on sbtest1  (cost=0.43..8.45 rows=0 width=0)
	  ->  Index Scan using sbtest1_pkey on sbtest1  (cost=0.43..8.45 rows=1 width=490)
	        Index Cond: (id = 4325356)

table 2 : explain UPDATE sbtest2 SET c='foobar' WHERE id=2232258
	Update on sbtest2  (cost=0.43..8.45 rows=0 width=0)
	  ->  Index Scan using sbtest2_pkey on sbtest2  (cost=0.43..8.45 rows=1 width=490)
	        Index Cond: (id = 2232258)

table 3 : explain UPDATE sbtest3 SET c='foobar' WHERE id=9016586
	Update on sbtest3  (cost=0.43..8.45 rows=0 width=0)
	  ->  Index Scan using sbtest3_pkey on sbtest3  (cost=0.43..8.45 rows=1 width=490)
	        Index Cond: (id = 9016586)

table 4 : explain UPDATE sbtest4 SET c='foobar' WHERE id=2359294
	Update on sbtest4  (cost=0.43..8.45 rows=0 width=0)
	  ->  Index Scan using sbtest4_pkey on sbtest4  (cost=0.43..8.45 rows=1 width=490)
	        Index Cond: (id = 2359294)

table 5 : explain UPDATE sbtest5 SET c='foobar' WHERE id=9410262
	Update on sbtest5  (cost=0.43..8.45 rows=0 width=0)
	  ->  Index Scan using sbtest5_pkey on sbtest5  (cost=0.43..8.45 rows=1 width=490)
	        Index Cond: (id = 9410262)

table 6 : explain UPDATE sbtest6 SET c='foobar' WHERE id=3292549
	Update on sbtest6  (cost=0.43..8.45 rows=0 width=0)
	  ->  Index Scan using sbtest6_pkey on sbtest6  (cost=0.43..8.45 rows=1 width=490)
	        Index Cond: (id = 3292549)

table 7 : explain UPDATE sbtest7 SET c='foobar' WHERE id=8673672
	Update on sbtest7  (cost=0.43..8.45 rows=0 width=0)
	  ->  Index Scan using sbtest7_pkey on sbtest7  (cost=0.43..8.45 rows=1 width=490)
	        Index Cond: (id = 8673672)

table 8 : explain UPDATE sbtest8 SET c='foobar' WHERE id=4159224
	Update on sbtest8  (cost=0.43..8.45 rows=0 width=0)
	  ->  Index Scan using sbtest8_pkey on sbtest8  (cost=0.43..8.45 rows=1 width=490)
	        Index Cond: (id = 4159224)

for: simple_ranges
table 1 : explain SELECT c FROM sbtest1 WHERE id BETWEEN 2674092 AND 2674101
	Index Scan using sbtest1_pkey on sbtest1  (cost=0.43..40.75 rows=10 width=121)
	  Index Cond: ((id >= 2674092) AND (id <= 2674101))

table 2 : explain SELECT c FROM sbtest2 WHERE id BETWEEN 5530421 AND 5530430
	Index Scan using sbtest2_pkey on sbtest2  (cost=0.43..40.59 rows=10 width=121)
	  Index Cond: ((id >= 5530421) AND (id <= 5530430))

table 3 : explain SELECT c FROM sbtest3 WHERE id BETWEEN 6100705 AND 6100714
	Index Scan using sbtest3_pkey on sbtest3  (cost=0.43..40.39 rows=10 width=121)
	  Index Cond: ((id >= 6100705) AND (id <= 6100714))

table 4 : explain SELECT c FROM sbtest4 WHERE id BETWEEN 753928 AND 753937
	Index Scan using sbtest4_pkey on sbtest4  (cost=0.43..40.25 rows=10 width=121)
	  Index Cond: ((id >= 753928) AND (id <= 753937))

table 5 : explain SELECT c FROM sbtest5 WHERE id BETWEEN 9631295 AND 9631304
	Index Scan using sbtest5_pkey on sbtest5  (cost=0.43..40.38 rows=10 width=121)
	  Index Cond: ((id >= 9631295) AND (id <= 9631304))

table 6 : explain SELECT c FROM sbtest6 WHERE id BETWEEN 9333788 AND 9333797
	Index Scan using sbtest6_pkey on sbtest6  (cost=0.43..40.73 rows=10 width=121)
	  Index Cond: ((id >= 9333788) AND (id <= 9333797))

table 7 : explain SELECT c FROM sbtest7 WHERE id BETWEEN 8442546 AND 8442555
	Index Scan using sbtest7_pkey on sbtest7  (cost=0.43..40.03 rows=10 width=121)
	  Index Cond: ((id >= 8442546) AND (id <= 8442555))

table 8 : explain SELECT c FROM sbtest8 WHERE id BETWEEN 3283766 AND 3283775
	Index Scan using sbtest8_pkey on sbtest8  (cost=0.43..40.46 rows=10 width=121)
	  Index Cond: ((id >= 3283766) AND (id <= 3283775))

for inserts
table 1 : explain INSERT INTO sbtest1 (id, k, c, pad) VALUES (5652549, 13, 'foobar', 'foobar')
	Insert on sbtest1  (cost=0.00..0.01 rows=0 width=0)
	  ->  Result  (cost=0.00..0.01 rows=1 width=736)

table 2 : explain INSERT INTO sbtest2 (id, k, c, pad) VALUES (3280868, 13, 'foobar', 'foobar')
	Insert on sbtest2  (cost=0.00..0.01 rows=0 width=0)
	  ->  Result  (cost=0.00..0.01 rows=1 width=736)

table 3 : explain INSERT INTO sbtest3 (id, k, c, pad) VALUES (9645077, 13, 'foobar', 'foobar')
	Insert on sbtest3  (cost=0.00..0.01 rows=0 width=0)
	  ->  Result  (cost=0.00..0.01 rows=1 width=736)

table 4 : explain INSERT INTO sbtest4 (id, k, c, pad) VALUES (9618129, 13, 'foobar', 'foobar')
	Insert on sbtest4  (cost=0.00..0.01 rows=0 width=0)
	  ->  Result  (cost=0.00..0.01 rows=1 width=736)

table 5 : explain INSERT INTO sbtest5 (id, k, c, pad) VALUES (1050734, 13, 'foobar', 'foobar')
	Insert on sbtest5  (cost=0.00..0.01 rows=0 width=0)
	  ->  Result  (cost=0.00..0.01 rows=1 width=736)

table 6 : explain INSERT INTO sbtest6 (id, k, c, pad) VALUES (4097877, 13, 'foobar', 'foobar')
	Insert on sbtest6  (cost=0.00..0.01 rows=0 width=0)
	  ->  Result  (cost=0.00..0.01 rows=1 width=736)

table 7 : explain INSERT INTO sbtest7 (id, k, c, pad) VALUES (2906992, 13, 'foobar', 'foobar')
	Insert on sbtest7  (cost=0.00..0.01 rows=0 width=0)
	  ->  Result  (cost=0.00..0.01 rows=1 width=736)

table 8 : explain INSERT INTO sbtest8 (id, k, c, pad) VALUES (753919, 13, 'foobar', 'foobar')
	Insert on sbtest8  (cost=0.00..0.01 rows=0 width=0)
	  ->  Result  (cost=0.00..0.01 rows=1 width=736)

for: order_ranges
table 1 : explain SELECT c FROM sbtest1 WHERE id BETWEEN 2024511 AND 2024520 ORDER BY c
	Sort  (cost=40.91..40.94 rows=10 width=121)
	  Sort Key: c
	  ->  Index Scan using sbtest1_pkey on sbtest1  (cost=0.43..40.75 rows=10 width=121)
	        Index Cond: ((id >= 2024511) AND (id <= 2024520))

table 2 : explain SELECT c FROM sbtest2 WHERE id BETWEEN 7292549 AND 7292558 ORDER BY c
	Sort  (cost=40.75..40.78 rows=10 width=121)
	  Sort Key: c
	  ->  Index Scan using sbtest2_pkey on sbtest2  (cost=0.43..40.59 rows=10 width=121)
	        Index Cond: ((id >= 7292549) AND (id <= 7292558))

table 3 : explain SELECT c FROM sbtest3 WHERE id BETWEEN 3116513 AND 3116522 ORDER BY c
	Sort  (cost=40.56..40.58 rows=10 width=121)
	  Sort Key: c
	  ->  Index Scan using sbtest3_pkey on sbtest3  (cost=0.43..40.39 rows=10 width=121)
	        Index Cond: ((id >= 3116513) AND (id <= 3116522))

table 4 : explain SELECT c FROM sbtest4 WHERE id BETWEEN 2112253 AND 2112262 ORDER BY c
	Sort  (cost=40.42..40.44 rows=10 width=121)
	  Sort Key: c
	  ->  Index Scan using sbtest4_pkey on sbtest4  (cost=0.43..40.25 rows=10 width=121)
	        Index Cond: ((id >= 2112253) AND (id <= 2112262))

table 5 : explain SELECT c FROM sbtest5 WHERE id BETWEEN 1050181 AND 1050190 ORDER BY c
	Sort  (cost=40.55..40.57 rows=10 width=121)
	  Sort Key: c
	  ->  Index Scan using sbtest5_pkey on sbtest5  (cost=0.43..40.38 rows=10 width=121)
	        Index Cond: ((id >= 1050181) AND (id <= 1050190))

table 6 : explain SELECT c FROM sbtest6 WHERE id BETWEEN 489931 AND 489940 ORDER BY c
	Sort  (cost=40.89..40.92 rows=10 width=121)
	  Sort Key: c
	  ->  Index Scan using sbtest6_pkey on sbtest6  (cost=0.43..40.73 rows=10 width=121)
	        Index Cond: ((id >= 489931) AND (id <= 489940))

table 7 : explain SELECT c FROM sbtest7 WHERE id BETWEEN 1148100 AND 1148109 ORDER BY c
	Sort  (cost=40.20..40.22 rows=10 width=121)
	  Sort Key: c
	  ->  Index Scan using sbtest7_pkey on sbtest7  (cost=0.43..40.03 rows=10 width=121)
	        Index Cond: ((id >= 1148100) AND (id <= 1148109))

table 8 : explain SELECT c FROM sbtest8 WHERE id BETWEEN 3873167 AND 3873176 ORDER BY c
	Sort  (cost=40.63..40.65 rows=10 width=121)
	  Sort Key: c
	  ->  Index Scan using sbtest8_pkey on sbtest8  (cost=0.43..40.46 rows=10 width=121)
	        Index Cond: ((id >= 3873167) AND (id <= 3873176))

for inserts
table 1 : explain INSERT INTO sbtest1 (id, k, c, pad) VALUES (9720714, 13, 'foobar', 'foobar')
	Insert on sbtest1  (cost=0.00..0.01 rows=0 width=0)
	  ->  Result  (cost=0.00..0.01 rows=1 width=736)

table 2 : explain INSERT INTO sbtest2 (id, k, c, pad) VALUES (9955198, 13, 'foobar', 'foobar')
	Insert on sbtest2  (cost=0.00..0.01 rows=0 width=0)
	  ->  Result  (cost=0.00..0.01 rows=1 width=736)

table 3 : explain INSERT INTO sbtest3 (id, k, c, pad) VALUES (6860794, 13, 'foobar', 'foobar')
	Insert on sbtest3  (cost=0.00..0.01 rows=0 width=0)
	  ->  Result  (cost=0.00..0.01 rows=1 width=736)

table 4 : explain INSERT INTO sbtest4 (id, k, c, pad) VALUES (3082510, 13, 'foobar', 'foobar')
	Insert on sbtest4  (cost=0.00..0.01 rows=0 width=0)
	  ->  Result  (cost=0.00..0.01 rows=1 width=736)

table 5 : explain INSERT INTO sbtest5 (id, k, c, pad) VALUES (7146065, 13, 'foobar', 'foobar')
	Insert on sbtest5  (cost=0.00..0.01 rows=0 width=0)
	  ->  Result  (cost=0.00..0.01 rows=1 width=736)

table 6 : explain INSERT INTO sbtest6 (id, k, c, pad) VALUES (7898341, 13, 'foobar', 'foobar')
	Insert on sbtest6  (cost=0.00..0.01 rows=0 width=0)
	  ->  Result  (cost=0.00..0.01 rows=1 width=736)

table 7 : explain INSERT INTO sbtest7 (id, k, c, pad) VALUES (8843936, 13, 'foobar', 'foobar')
	Insert on sbtest7  (cost=0.00..0.01 rows=0 width=0)
	  ->  Result  (cost=0.00..0.01 rows=1 width=736)

table 8 : explain INSERT INTO sbtest8 (id, k, c, pad) VALUES (5045539, 13, 'foobar', 'foobar')
	Insert on sbtest8  (cost=0.00..0.01 rows=0 width=0)
	  ->  Result  (cost=0.00..0.01 rows=1 width=736)

for non_index_updates
table 1 : explain UPDATE sbtest1 SET c='foobar' WHERE id=7263162
	Update on sbtest1  (cost=0.43..8.45 rows=0 width=0)
	  ->  Index Scan using sbtest1_pkey on sbtest1  (cost=0.43..8.45 rows=1 width=490)
	        Index Cond: (id = 7263162)

table 2 : explain UPDATE sbtest2 SET c='foobar' WHERE id=6523107
	Update on sbtest2  (cost=0.43..8.45 rows=0 width=0)
	  ->  Index Scan using sbtest2_pkey on sbtest2  (cost=0.43..8.45 rows=1 width=490)
	        Index Cond: (id = 6523107)

table 3 : explain UPDATE sbtest3 SET c='foobar' WHERE id=2278131
	Update on sbtest3  (cost=0.43..8.45 rows=0 width=0)
	  ->  Index Scan using sbtest3_pkey on sbtest3  (cost=0.43..8.45 rows=1 width=490)
	        Index Cond: (id = 2278131)

table 4 : explain UPDATE sbtest4 SET c='foobar' WHERE id=412417
	Update on sbtest4  (cost=0.43..8.45 rows=0 width=0)
	  ->  Index Scan using sbtest4_pkey on sbtest4  (cost=0.43..8.45 rows=1 width=490)
	        Index Cond: (id = 412417)

table 5 : explain UPDATE sbtest5 SET c='foobar' WHERE id=3701828
	Update on sbtest5  (cost=0.43..8.45 rows=0 width=0)
	  ->  Index Scan using sbtest5_pkey on sbtest5  (cost=0.43..8.45 rows=1 width=490)
	        Index Cond: (id = 3701828)

table 6 : explain UPDATE sbtest6 SET c='foobar' WHERE id=5126267
	Update on sbtest6  (cost=0.43..8.45 rows=0 width=0)
	  ->  Index Scan using sbtest6_pkey on sbtest6  (cost=0.43..8.45 rows=1 width=490)
	        Index Cond: (id = 5126267)

table 7 : explain UPDATE sbtest7 SET c='foobar' WHERE id=7304163
	Update on sbtest7  (cost=0.43..8.45 rows=0 width=0)
	  ->  Index Scan using sbtest7_pkey on sbtest7  (cost=0.43..8.45 rows=1 width=490)
	        Index Cond: (id = 7304163)

table 8 : explain UPDATE sbtest8 SET c='foobar' WHERE id=6413004
	Update on sbtest8  (cost=0.43..8.45 rows=0 width=0)
	  ->  Index Scan using sbtest8_pkey on sbtest8  (cost=0.43..8.45 rows=1 width=490)
	        Index Cond: (id = 6413004)

for: sum_ranges
table 1 : explain SELECT SUM(k) FROM sbtest1 WHERE id BETWEEN 2860462 AND 2860471
	Aggregate  (cost=37.18..37.19 rows=1 width=8)
	  ->  Index Scan using sbtest1_pkey on sbtest1  (cost=0.43..37.16 rows=9 width=4)
	        Index Cond: ((id >= 2860462) AND (id <= 2860471))

table 2 : explain SELECT SUM(k) FROM sbtest2 WHERE id BETWEEN 4782232 AND 4782241
	Aggregate  (cost=40.61..40.62 rows=1 width=8)
	  ->  Index Scan using sbtest2_pkey on sbtest2  (cost=0.43..40.59 rows=10 width=4)
	        Index Cond: ((id >= 4782232) AND (id <= 4782241))

table 3 : explain SELECT SUM(k) FROM sbtest3 WHERE id BETWEEN 251308 AND 251317
	Aggregate  (cost=40.42..40.43 rows=1 width=8)
	  ->  Index Scan using sbtest3_pkey on sbtest3  (cost=0.43..40.39 rows=10 width=4)
	        Index Cond: ((id >= 251308) AND (id <= 251317))

table 4 : explain SELECT SUM(k) FROM sbtest4 WHERE id BETWEEN 1561367 AND 1561376
	Aggregate  (cost=40.28..40.29 rows=1 width=8)
	  ->  Index Scan using sbtest4_pkey on sbtest4  (cost=0.43..40.25 rows=10 width=4)
	        Index Cond: ((id >= 1561367) AND (id <= 1561376))

table 5 : explain SELECT SUM(k) FROM sbtest5 WHERE id BETWEEN 5691229 AND 5691238
	Aggregate  (cost=40.40..40.41 rows=1 width=8)
	  ->  Index Scan using sbtest5_pkey on sbtest5  (cost=0.43..40.38 rows=10 width=4)
	        Index Cond: ((id >= 5691229) AND (id <= 5691238))

table 6 : explain SELECT SUM(k) FROM sbtest6 WHERE id BETWEEN 9778801 AND 9778810
	Aggregate  (cost=40.75..40.76 rows=1 width=8)
	  ->  Index Scan using sbtest6_pkey on sbtest6  (cost=0.43..40.73 rows=10 width=4)
	        Index Cond: ((id >= 9778801) AND (id <= 9778810))

table 7 : explain SELECT SUM(k) FROM sbtest7 WHERE id BETWEEN 2268301 AND 2268310
	Aggregate  (cost=40.06..40.07 rows=1 width=8)
	  ->  Index Scan using sbtest7_pkey on sbtest7  (cost=0.43..40.03 rows=10 width=4)
	        Index Cond: ((id >= 2268301) AND (id <= 2268310))

table 8 : explain SELECT SUM(k) FROM sbtest8 WHERE id BETWEEN 9437747 AND 9437756
	Aggregate  (cost=44.05..44.06 rows=1 width=8)
	  ->  Index Scan using sbtest8_pkey on sbtest8  (cost=0.43..44.02 rows=11 width=4)
	        Index Cond: ((id >= 9437747) AND (id <= 9437756))

explain: for point_selects :: explain SELECT c FROM sbtest%u WHERE id=%u
for: sum_ranges
table 1 : explain SELECT SUM(k) FROM sbtest1 WHERE id BETWEEN 2085647 AND 2085656
	Aggregate  (cost=40.77..40.78 rows=1 width=8)
	  ->  Index Scan using sbtest1_pkey on sbtest1  (cost=0.43..40.75 rows=10 width=4)
	        Index Cond: ((id >= 2085647) AND (id <= 2085656))

table 2 : explain SELECT SUM(k) FROM sbtest2 WHERE id BETWEEN 8278987 AND 8278996
	Aggregate  (cost=44.19..44.20 rows=1 width=8)
	  ->  Index Scan using sbtest2_pkey on sbtest2  (cost=0.43..44.16 rows=11 width=4)
	        Index Cond: ((id >= 8278987) AND (id <= 8278996))

table 3 : explain SELECT SUM(k) FROM sbtest3 WHERE id BETWEEN 499162 AND 499171
	Aggregate  (cost=40.42..40.43 rows=1 width=8)
	  ->  Index Scan using sbtest3_pkey on sbtest3  (cost=0.43..40.39 rows=10 width=4)
	        Index Cond: ((id >= 499162) AND (id <= 499171))

table 4 : explain SELECT SUM(k) FROM sbtest4 WHERE id BETWEEN 1813735 AND 1813744
	Aggregate  (cost=36.74..36.75 rows=1 width=8)
	  ->  Index Scan using sbtest4_pkey on sbtest4  (cost=0.43..36.72 rows=9 width=4)
	        Index Cond: ((id >= 1813735) AND (id <= 1813744))

table 5 : explain SELECT SUM(k) FROM sbtest5 WHERE id BETWEEN 2458425 AND 2458434
	Aggregate  (cost=40.40..40.41 rows=1 width=8)
	  ->  Index Scan using sbtest5_pkey on sbtest5  (cost=0.43..40.38 rows=10 width=4)
	        Index Cond: ((id >= 2458425) AND (id <= 2458434))

table 6 : explain SELECT SUM(k) FROM sbtest6 WHERE id BETWEEN 6030553 AND 6030562
	Aggregate  (cost=44.34..44.35 rows=1 width=8)
	  ->  Index Scan using sbtest6_pkey on sbtest6  (cost=0.43..44.31 rows=11 width=4)
	        Index Cond: ((id >= 6030553) AND (id <= 6030562))

table 7 : explain SELECT SUM(k) FROM sbtest7 WHERE id BETWEEN 837993 AND 838002
	Aggregate  (cost=40.06..40.07 rows=1 width=8)
	  ->  Index Scan using sbtest7_pkey on sbtest7  (cost=0.43..40.03 rows=10 width=4)
	        Index Cond: ((id >= 837993) AND (id <= 838002))

table 8 : explain SELECT SUM(k) FROM sbtest8 WHERE id BETWEEN 2198881 AND 2198890
	Aggregate  (cost=40.49..40.50 rows=1 width=8)
	  ->  Index Scan using sbtest8_pkey on sbtest8  (cost=0.43..40.46 rows=10 width=4)
	        Index Cond: ((id >= 2198881) AND (id <= 2198890))

explain: for index_updates :: explain UPDATE sbtest%u SET k=k+1 WHERE id=%u
for: order_ranges
table 1 : explain SELECT c FROM sbtest1 WHERE id BETWEEN 6677291 AND 6677300 ORDER BY c
	Sort  (cost=40.91..40.94 rows=10 width=121)
	  Sort Key: c
	  ->  Index Scan using sbtest1_pkey on sbtest1  (cost=0.43..40.75 rows=10 width=121)
	        Index Cond: ((id >= 6677291) AND (id <= 6677300))

table 2 : explain SELECT c FROM sbtest2 WHERE id BETWEEN 6822958 AND 6822967 ORDER BY c
	Sort  (cost=44.35..44.38 rows=11 width=121)
	  Sort Key: c
	  ->  Index Scan using sbtest2_pkey on sbtest2  (cost=0.43..44.16 rows=11 width=121)
	        Index Cond: ((id >= 6822958) AND (id <= 6822967))

table 3 : explain SELECT c FROM sbtest3 WHERE id BETWEEN 8470157 AND 8470166 ORDER BY c
	Sort  (cost=40.56..40.58 rows=10 width=121)
	  Sort Key: c
	  ->  Index Scan using sbtest3_pkey on sbtest3  (cost=0.43..40.39 rows=10 width=121)
	        Index Cond: ((id >= 8470157) AND (id <= 8470166))

table 4 : explain SELECT c FROM sbtest4 WHERE id BETWEEN 9441099 AND 9441108 ORDER BY c
	Sort  (cost=40.42..40.44 rows=10 width=121)
	  Sort Key: c
	  ->  Index Scan using sbtest4_pkey on sbtest4  (cost=0.43..40.25 rows=10 width=121)
	        Index Cond: ((id >= 9441099) AND (id <= 9441108))

table 5 : explain SELECT c FROM sbtest5 WHERE id BETWEEN 3548298 AND 3548307 ORDER BY c
	Sort  (cost=36.97..37.00 rows=9 width=121)
	  Sort Key: c
	  ->  Index Scan using sbtest5_pkey on sbtest5  (cost=0.43..36.83 rows=9 width=121)
	        Index Cond: ((id >= 3548298) AND (id <= 3548307))

table 6 : explain SELECT c FROM sbtest6 WHERE id BETWEEN 5168592 AND 5168601 ORDER BY c
	Sort  (cost=44.50..44.53 rows=11 width=121)
	  Sort Key: c
	  ->  Index Scan using sbtest6_pkey on sbtest6  (cost=0.43..44.31 rows=11 width=121)
	        Index Cond: ((id >= 5168592) AND (id <= 5168601))

table 7 : explain SELECT c FROM sbtest7 WHERE id BETWEEN 2702965 AND 2702974 ORDER BY c
	Sort  (cost=40.20..40.22 rows=10 width=121)
	  Sort Key: c
	  ->  Index Scan using sbtest7_pkey on sbtest7  (cost=0.43..40.03 rows=10 width=121)
	        Index Cond: ((id >= 2702965) AND (id <= 2702974))

table 8 : explain SELECT c FROM sbtest8 WHERE id BETWEEN 883685 AND 883694 ORDER BY c
	Sort  (cost=44.21..44.24 rows=11 width=121)
	  Sort Key: c
	  ->  Index Scan using sbtest8_pkey on sbtest8  (cost=0.43..44.02 rows=11 width=121)
	        Index Cond: ((id >= 883685) AND (id <= 883694))

explain: for deletes :: explain DELETE FROM sbtest%u WHERE id=%u
for: sum_ranges
table 1 : explain SELECT SUM(k) FROM sbtest1 WHERE id BETWEEN 7609841 AND 7609850
	Aggregate  (cost=37.18..37.19 rows=1 width=8)
	  ->  Index Scan using sbtest1_pkey on sbtest1  (cost=0.43..37.16 rows=9 width=4)
	        Index Cond: ((id >= 7609841) AND (id <= 7609850))

table 2 : explain SELECT SUM(k) FROM sbtest2 WHERE id BETWEEN 5810121 AND 5810130
	Aggregate  (cost=40.61..40.62 rows=1 width=8)
	  ->  Index Scan using sbtest2_pkey on sbtest2  (cost=0.43..40.59 rows=10 width=4)
	        Index Cond: ((id >= 5810121) AND (id <= 5810130))

table 3 : explain SELECT SUM(k) FROM sbtest3 WHERE id BETWEEN 5318930 AND 5318939
	Aggregate  (cost=43.97..43.98 rows=1 width=8)
	  ->  Index Scan using sbtest3_pkey on sbtest3  (cost=0.43..43.94 rows=11 width=4)
	        Index Cond: ((id >= 5318930) AND (id <= 5318939))

table 4 : explain SELECT SUM(k) FROM sbtest4 WHERE id BETWEEN 3397071 AND 3397080
	Aggregate  (cost=40.28..40.29 rows=1 width=8)
	  ->  Index Scan using sbtest4_pkey on sbtest4  (cost=0.43..40.25 rows=10 width=4)
	        Index Cond: ((id >= 3397071) AND (id <= 3397080))

table 5 : explain SELECT SUM(k) FROM sbtest5 WHERE id BETWEEN 1823780 AND 1823789
	Aggregate  (cost=43.95..43.96 rows=1 width=8)
	  ->  Index Scan using sbtest5_pkey on sbtest5  (cost=0.43..43.93 rows=11 width=4)
	        Index Cond: ((id >= 1823780) AND (id <= 1823789))

table 6 : explain SELECT SUM(k) FROM sbtest6 WHERE id BETWEEN 3363039 AND 3363048
	Aggregate  (cost=37.16..37.17 rows=1 width=8)
	  ->  Index Scan using sbtest6_pkey on sbtest6  (cost=0.43..37.14 rows=9 width=4)
	        Index Cond: ((id >= 3363039) AND (id <= 3363048))

table 7 : explain SELECT SUM(k) FROM sbtest7 WHERE id BETWEEN 1453375 AND 1453384
	Aggregate  (cost=40.06..40.07 rows=1 width=8)
	  ->  Index Scan using sbtest7_pkey on sbtest7  (cost=0.43..40.03 rows=10 width=4)
	        Index Cond: ((id >= 1453375) AND (id <= 1453384))

table 8 : explain SELECT SUM(k) FROM sbtest8 WHERE id BETWEEN 2323555 AND 2323564
	Aggregate  (cost=40.49..40.50 rows=1 width=8)
	  ->  Index Scan using sbtest8_pkey on sbtest8  (cost=0.43..40.46 rows=10 width=4)
	        Index Cond: ((id >= 2323555) AND (id <= 2323564))

explain: for deletes :: explain DELETE FROM sbtest%u WHERE id=%u
explain: for point_selects :: explain SELECT c FROM sbtest%u WHERE id=%u
for deletes
table 1 : explain DELETE FROM sbtest1 WHERE id=3211095
	Delete on sbtest1  (cost=0.43..8.45 rows=0 width=0)
	  ->  Index Scan using sbtest1_pkey on sbtest1  (cost=0.43..8.45 rows=1 width=6)
	        Index Cond: (id = 3211095)

table 2 : explain DELETE FROM sbtest2 WHERE id=4929028
	Delete on sbtest2  (cost=0.43..8.45 rows=0 width=0)
	  ->  Index Scan using sbtest2_pkey on sbtest2  (cost=0.43..8.45 rows=1 width=6)
	        Index Cond: (id = 4929028)

table 3 : explain DELETE FROM sbtest3 WHERE id=7827498
	Delete on sbtest3  (cost=0.43..8.45 rows=0 width=0)
	  ->  Index Scan using sbtest3_pkey on sbtest3  (cost=0.43..8.45 rows=1 width=6)
	        Index Cond: (id = 7827498)

table 4 : explain DELETE FROM sbtest4 WHERE id=9693989
	Delete on sbtest4  (cost=0.43..8.45 rows=0 width=0)
	  ->  Index Scan using sbtest4_pkey on sbtest4  (cost=0.43..8.45 rows=1 width=6)
	        Index Cond: (id = 9693989)

table 5 : explain DELETE FROM sbtest5 WHERE id=4346186
	Delete on sbtest5  (cost=0.43..8.45 rows=0 width=0)
	  ->  Index Scan using sbtest5_pkey on sbtest5  (cost=0.43..8.45 rows=1 width=6)
	        Index Cond: (id = 4346186)

table 6 : explain DELETE FROM sbtest6 WHERE id=3789561
	Delete on sbtest6  (cost=0.43..8.45 rows=0 width=0)
	  ->  Index Scan using sbtest6_pkey on sbtest6  (cost=0.43..8.45 rows=1 width=6)
	        Index Cond: (id = 3789561)

table 7 : explain DELETE FROM sbtest7 WHERE id=4373713
	Delete on sbtest7  (cost=0.43..8.45 rows=0 width=0)
	  ->  Index Scan using sbtest7_pkey on sbtest7  (cost=0.43..8.45 rows=1 width=6)
	        Index Cond: (id = 4373713)

table 8 : explain DELETE FROM sbtest8 WHERE id=1803303
	Delete on sbtest8  (cost=0.43..8.45 rows=0 width=0)
	  ->  Index Scan using sbtest8_pkey on sbtest8  (cost=0.43..8.45 rows=1 width=6)
	        Index Cond: (id = 1803303)

explain: for point_selects :: explain SELECT c FROM sbtest%u WHERE id=%u
for index_updates
table 1 : explain UPDATE sbtest1 SET k=k+1 WHERE id=5893962
	Update on sbtest1  (cost=0.43..8.46 rows=0 width=0)
	  ->  Index Scan using sbtest1_pkey on sbtest1  (cost=0.43..8.46 rows=1 width=10)
	        Index Cond: (id = 5893962)

table 2 : explain UPDATE sbtest2 SET k=k+1 WHERE id=6262503
	Update on sbtest2  (cost=0.43..8.46 rows=0 width=0)
	  ->  Index Scan using sbtest2_pkey on sbtest2  (cost=0.43..8.46 rows=1 width=10)
	        Index Cond: (id = 6262503)

table 3 : explain UPDATE sbtest3 SET k=k+1 WHERE id=2882390
	Update on sbtest3  (cost=0.43..8.46 rows=0 width=0)
	  ->  Index Scan using sbtest3_pkey on sbtest3  (cost=0.43..8.46 rows=1 width=10)
	        Index Cond: (id = 2882390)

table 4 : explain UPDATE sbtest4 SET k=k+1 WHERE id=6023618
	Update on sbtest4  (cost=0.43..8.46 rows=0 width=0)
	  ->  Index Scan using sbtest4_pkey on sbtest4  (cost=0.43..8.46 rows=1 width=10)
	        Index Cond: (id = 6023618)

table 5 : explain UPDATE sbtest5 SET k=k+1 WHERE id=7538180
	Update on sbtest5  (cost=0.43..8.46 rows=0 width=0)
	  ->  Index Scan using sbtest5_pkey on sbtest5  (cost=0.43..8.46 rows=1 width=10)
	        Index Cond: (id = 7538180)

table 6 : explain UPDATE sbtest6 SET k=k+1 WHERE id=3630383
	Update on sbtest6  (cost=0.43..8.46 rows=0 width=0)
	  ->  Index Scan using sbtest6_pkey on sbtest6  (cost=0.43..8.46 rows=1 width=10)
	        Index Cond: (id = 3630383)

table 7 : explain UPDATE sbtest7 SET k=k+1 WHERE id=7064576
	Update on sbtest7  (cost=0.43..8.46 rows=0 width=0)
	  ->  Index Scan using sbtest7_pkey on sbtest7  (cost=0.43..8.46 rows=1 width=10)
	        Index Cond: (id = 7064576)

table 8 : explain UPDATE sbtest8 SET k=k+1 WHERE id=6443009
	Update on sbtest8  (cost=0.43..8.46 rows=0 width=0)
	  ->  Index Scan using sbtest8_pkey on sbtest8  (cost=0.43..8.46 rows=1 width=10)
	        Index Cond: (id = 6443009)

explain: for point_selects :: explain SELECT c FROM sbtest%u WHERE id=%u
for: sum_ranges
table 1 : explain SELECT SUM(k) FROM sbtest1 WHERE id BETWEEN 1539034 AND 1539043
	Aggregate  (cost=40.77..40.78 rows=1 width=8)
	  ->  Index Scan using sbtest1_pkey on sbtest1  (cost=0.43..40.75 rows=10 width=4)
	        Index Cond: ((id >= 1539034) AND (id <= 1539043))

table 2 : explain SELECT SUM(k) FROM sbtest2 WHERE id BETWEEN 6966207 AND 6966216
	Aggregate  (cost=40.61..40.62 rows=1 width=8)
	  ->  Index Scan using sbtest2_pkey on sbtest2  (cost=0.43..40.59 rows=10 width=4)
	        Index Cond: ((id >= 6966207) AND (id <= 6966216))

table 3 : explain SELECT SUM(k) FROM sbtest3 WHERE id BETWEEN 5274623 AND 5274632
	Aggregate  (cost=36.87..36.88 rows=1 width=8)
	  ->  Index Scan using sbtest3_pkey on sbtest3  (cost=0.43..36.84 rows=9 width=4)
	        Index Cond: ((id >= 5274623) AND (id <= 5274632))

table 4 : explain SELECT SUM(k) FROM sbtest4 WHERE id BETWEEN 7238326 AND 7238335
	Aggregate  (cost=40.28..40.29 rows=1 width=8)
	  ->  Index Scan using sbtest4_pkey on sbtest4  (cost=0.43..40.25 rows=10 width=4)
	        Index Cond: ((id >= 7238326) AND (id <= 7238335))

table 5 : explain SELECT SUM(k) FROM sbtest5 WHERE id BETWEEN 1459125 AND 1459134
	Aggregate  (cost=40.40..40.41 rows=1 width=8)
	  ->  Index Scan using sbtest5_pkey on sbtest5  (cost=0.43..40.38 rows=10 width=4)
	        Index Cond: ((id >= 1459125) AND (id <= 1459134))

table 6 : explain SELECT SUM(k) FROM sbtest6 WHERE id BETWEEN 9719033 AND 9719042
	Aggregate  (cost=40.75..40.76 rows=1 width=8)
	  ->  Index Scan using sbtest6_pkey on sbtest6  (cost=0.43..40.73 rows=10 width=4)
	        Index Cond: ((id >= 9719033) AND (id <= 9719042))

table 7 : explain SELECT SUM(k) FROM sbtest7 WHERE id BETWEEN 6488693 AND 6488702
	Aggregate  (cost=36.54..36.55 rows=1 width=8)
	  ->  Index Scan using sbtest7_pkey on sbtest7  (cost=0.43..36.52 rows=9 width=4)
	        Index Cond: ((id >= 6488693) AND (id <= 6488702))

table 8 : explain SELECT SUM(k) FROM sbtest8 WHERE id BETWEEN 2648100 AND 2648109
	Aggregate  (cost=40.49..40.50 rows=1 width=8)
	  ->  Index Scan using sbtest8_pkey on sbtest8  (cost=0.43..40.46 rows=10 width=4)
	        Index Cond: ((id >= 2648100) AND (id <= 2648109))

for: sum_ranges
table 1 : explain SELECT SUM(k) FROM sbtest1 WHERE id BETWEEN 5774966 AND 5774975
	Aggregate  (cost=40.77..40.78 rows=1 width=8)
	  ->  Index Scan using sbtest1_pkey on sbtest1  (cost=0.43..40.75 rows=10 width=4)
	        Index Cond: ((id >= 5774966) AND (id <= 5774975))

table 2 : explain SELECT SUM(k) FROM sbtest2 WHERE id BETWEEN 4779965 AND 4779974
	Aggregate  (cost=40.61..40.62 rows=1 width=8)
	  ->  Index Scan using sbtest2_pkey on sbtest2  (cost=0.43..40.59 rows=10 width=4)
	        Index Cond: ((id >= 4779965) AND (id <= 4779974))

table 3 : explain SELECT SUM(k) FROM sbtest3 WHERE id BETWEEN 1589977 AND 1589986
	Aggregate  (cost=40.42..40.43 rows=1 width=8)
	  ->  Index Scan using sbtest3_pkey on sbtest3  (cost=0.43..40.39 rows=10 width=4)
	        Index Cond: ((id >= 1589977) AND (id <= 1589986))

table 4 : explain SELECT SUM(k) FROM sbtest4 WHERE id BETWEEN 1076905 AND 1076914
	Aggregate  (cost=43.81..43.82 rows=1 width=8)
	  ->  Index Scan using sbtest4_pkey on sbtest4  (cost=0.43..43.78 rows=11 width=4)
	        Index Cond: ((id >= 1076905) AND (id <= 1076914))

table 5 : explain SELECT SUM(k) FROM sbtest5 WHERE id BETWEEN 137756 AND 137765
	Aggregate  (cost=36.85..36.86 rows=1 width=8)
	  ->  Index Scan using sbtest5_pkey on sbtest5  (cost=0.43..36.83 rows=9 width=4)
	        Index Cond: ((id >= 137756) AND (id <= 137765))

table 6 : explain SELECT SUM(k) FROM sbtest6 WHERE id BETWEEN 8458348 AND 8458357
	Aggregate  (cost=40.75..40.76 rows=1 width=8)
	  ->  Index Scan using sbtest6_pkey on sbtest6  (cost=0.43..40.73 rows=10 width=4)
	        Index Cond: ((id >= 8458348) AND (id <= 8458357))

table 7 : explain SELECT SUM(k) FROM sbtest7 WHERE id BETWEEN 7115472 AND 7115481
	Aggregate  (cost=43.57..43.58 rows=1 width=8)
	  ->  Index Scan using sbtest7_pkey on sbtest7  (cost=0.43..43.54 rows=11 width=4)
	        Index Cond: ((id >= 7115472) AND (id <= 7115481))

table 8 : explain SELECT SUM(k) FROM sbtest8 WHERE id BETWEEN 4331992 AND 4332001
	Aggregate  (cost=40.49..40.50 rows=1 width=8)
	  ->  Index Scan using sbtest8_pkey on sbtest8  (cost=0.43..40.46 rows=10 width=4)
	        Index Cond: ((id >= 4331992) AND (id <= 4332001))

explain: for non_index_updates :: explain UPDATE sbtest%u SET c='foobar' WHERE id=%u
for: distinct_ranges
table 1 : explain SELECT DISTINCT c FROM sbtest1 WHERE id BETWEEN 7104757 AND 7104766 ORDER BY c
	Unique  (cost=44.53..44.58 rows=11 width=121)
	  ->  Sort  (cost=44.53..44.55 rows=11 width=121)
	        Sort Key: c
	        ->  Index Scan using sbtest1_pkey on sbtest1  (cost=0.43..44.33 rows=11 width=121)
	              Index Cond: ((id >= 7104757) AND (id <= 7104766))

table 2 : explain SELECT DISTINCT c FROM sbtest2 WHERE id BETWEEN 5511946 AND 5511955 ORDER BY c
	Unique  (cost=40.75..40.80 rows=10 width=121)
	  ->  Sort  (cost=40.75..40.78 rows=10 width=121)
	        Sort Key: c
	        ->  Index Scan using sbtest2_pkey on sbtest2  (cost=0.43..40.59 rows=10 width=121)
	              Index Cond: ((id >= 5511946) AND (id <= 5511955))

table 3 : explain SELECT DISTINCT c FROM sbtest3 WHERE id BETWEEN 8610957 AND 8610966 ORDER BY c
	Unique  (cost=36.99..37.03 rows=9 width=121)
	  ->  Sort  (cost=36.99..37.01 rows=9 width=121)
	        Sort Key: c
	        ->  Index Scan using sbtest3_pkey on sbtest3  (cost=0.43..36.84 rows=9 width=121)
	              Index Cond: ((id >= 8610957) AND (id <= 8610966))

table 4 : explain SELECT DISTINCT c FROM sbtest4 WHERE id BETWEEN 5048578 AND 5048587 ORDER BY c
	Unique  (cost=36.86..36.91 rows=9 width=121)
	  ->  Sort  (cost=36.86..36.88 rows=9 width=121)
	        Sort Key: c
	        ->  Index Scan using sbtest4_pkey on sbtest4  (cost=0.43..36.72 rows=9 width=121)
	              Index Cond: ((id >= 5048578) AND (id <= 5048587))

table 5 : explain SELECT DISTINCT c FROM sbtest5 WHERE id BETWEEN 7000894 AND 7000903 ORDER BY c
	Unique  (cost=40.55..40.60 rows=10 width=121)
	  ->  Sort  (cost=40.55..40.57 rows=10 width=121)
	        Sort Key: c
	        ->  Index Scan using sbtest5_pkey on sbtest5  (cost=0.43..40.38 rows=10 width=121)
	              Index Cond: ((id >= 7000894) AND (id <= 7000903))

table 6 : explain SELECT DISTINCT c FROM sbtest6 WHERE id BETWEEN 8537731 AND 8537740 ORDER BY c
	Unique  (cost=44.50..44.56 rows=11 width=121)
	  ->  Sort  (cost=44.50..44.53 rows=11 width=121)
	        Sort Key: c
	        ->  Index Scan using sbtest6_pkey on sbtest6  (cost=0.43..44.31 rows=11 width=121)
	              Index Cond: ((id >= 8537731) AND (id <= 8537740))

table 7 : explain SELECT DISTINCT c FROM sbtest7 WHERE id BETWEEN 3633500 AND 3633509 ORDER BY c
	Unique  (cost=40.20..40.25 rows=10 width=121)
	  ->  Sort  (cost=40.20..40.22 rows=10 width=121)
	        Sort Key: c
	        ->  Index Scan using sbtest7_pkey on sbtest7  (cost=0.43..40.03 rows=10 width=121)
	              Index Cond: ((id >= 3633500) AND (id <= 3633509))

table 8 : explain SELECT DISTINCT c FROM sbtest8 WHERE id BETWEEN 8977321 AND 8977330 ORDER BY c
	Unique  (cost=40.63..40.68 rows=10 width=121)
	  ->  Sort  (cost=40.63..40.65 rows=10 width=121)
	        Sort Key: c
	        ->  Index Scan using sbtest8_pkey on sbtest8  (cost=0.43..40.46 rows=10 width=121)
	              Index Cond: ((id >= 8977321) AND (id <= 8977330))

for: order_ranges
table 1 : explain SELECT c FROM sbtest1 WHERE id BETWEEN 986335 AND 986344 ORDER BY c
	Sort  (cost=44.53..44.55 rows=11 width=121)
	  Sort Key: c
	  ->  Index Scan using sbtest1_pkey on sbtest1  (cost=0.43..44.33 rows=11 width=121)
	        Index Cond: ((id >= 986335) AND (id <= 986344))

table 2 : explain SELECT c FROM sbtest2 WHERE id BETWEEN 3069035 AND 3069044 ORDER BY c
	Sort  (cost=44.35..44.38 rows=11 width=121)
	  Sort Key: c
	  ->  Index Scan using sbtest2_pkey on sbtest2  (cost=0.43..44.16 rows=11 width=121)
	        Index Cond: ((id >= 3069035) AND (id <= 3069044))

table 3 : explain SELECT c FROM sbtest3 WHERE id BETWEEN 2376304 AND 2376313 ORDER BY c
	Sort  (cost=40.56..40.58 rows=10 width=121)
	  Sort Key: c
	  ->  Index Scan using sbtest3_pkey on sbtest3  (cost=0.43..40.39 rows=10 width=121)
	        Index Cond: ((id >= 2376304) AND (id <= 2376313))

table 4 : explain SELECT c FROM sbtest4 WHERE id BETWEEN 236783 AND 236792 ORDER BY c
	Sort  (cost=40.42..40.44 rows=10 width=121)
	  Sort Key: c
	  ->  Index Scan using sbtest4_pkey on sbtest4  (cost=0.43..40.25 rows=10 width=121)
	        Index Cond: ((id >= 236783) AND (id <= 236792))

table 5 : explain SELECT c FROM sbtest5 WHERE id BETWEEN 4799032 AND 4799041 ORDER BY c
	Sort  (cost=40.55..40.57 rows=10 width=121)
	  Sort Key: c
	  ->  Index Scan using sbtest5_pkey on sbtest5  (cost=0.43..40.38 rows=10 width=121)
	        Index Cond: ((id >= 4799032) AND (id <= 4799041))

table 6 : explain SELECT c FROM sbtest6 WHERE id BETWEEN 7770533 AND 7770542 ORDER BY c
	Sort  (cost=37.28..37.31 rows=9 width=121)
	  Sort Key: c
	  ->  Index Scan using sbtest6_pkey on sbtest6  (cost=0.43..37.14 rows=9 width=121)
	        Index Cond: ((id >= 7770533) AND (id <= 7770542))

table 7 : explain SELECT c FROM sbtest7 WHERE id BETWEEN 125998 AND 126007 ORDER BY c
	Sort  (cost=36.66..36.69 rows=9 width=121)
	  Sort Key: c
	  ->  Index Scan using sbtest7_pkey on sbtest7  (cost=0.43..36.52 rows=9 width=121)
	        Index Cond: ((id >= 125998) AND (id <= 126007))

table 8 : explain SELECT c FROM sbtest8 WHERE id BETWEEN 8416256 AND 8416265 ORDER BY c
	Sort  (cost=40.63..40.65 rows=10 width=121)
	  Sort Key: c
	  ->  Index Scan using sbtest8_pkey on sbtest8  (cost=0.43..40.46 rows=10 width=121)
	        Index Cond: ((id >= 8416256) AND (id <= 8416265))

for: order_ranges
table 1 : explain SELECT c FROM sbtest1 WHERE id BETWEEN 2126262 AND 2126271 ORDER BY c
	Sort  (cost=40.91..40.94 rows=10 width=121)
	  Sort Key: c
	  ->  Index Scan using sbtest1_pkey on sbtest1  (cost=0.43..40.75 rows=10 width=121)
	        Index Cond: ((id >= 2126262) AND (id <= 2126271))

table 2 : explain SELECT c FROM sbtest2 WHERE id BETWEEN 8196884 AND 8196893 ORDER BY c
	Sort  (cost=37.16..37.18 rows=9 width=121)
	  Sort Key: c
	  ->  Index Scan using sbtest2_pkey on sbtest2  (cost=0.43..37.02 rows=9 width=121)
	        Index Cond: ((id >= 8196884) AND (id <= 8196893))

table 3 : explain SELECT c FROM sbtest3 WHERE id BETWEEN 1210642 AND 1210651 ORDER BY c
	Sort  (cost=40.56..40.58 rows=10 width=121)
	  Sort Key: c
	  ->  Index Scan using sbtest3_pkey on sbtest3  (cost=0.43..40.39 rows=10 width=121)
	        Index Cond: ((id >= 1210642) AND (id <= 1210651))

table 4 : explain SELECT c FROM sbtest4 WHERE id BETWEEN 7825240 AND 7825249 ORDER BY c
	Sort  (cost=40.42..40.44 rows=10 width=121)
	  Sort Key: c
	  ->  Index Scan using sbtest4_pkey on sbtest4  (cost=0.43..40.25 rows=10 width=121)
	        Index Cond: ((id >= 7825240) AND (id <= 7825249))

table 5 : explain SELECT c FROM sbtest5 WHERE id BETWEEN 8282831 AND 8282840 ORDER BY c
	Sort  (cost=36.97..37.00 rows=9 width=121)
	  Sort Key: c
	  ->  Index Scan using sbtest5_pkey on sbtest5  (cost=0.43..36.83 rows=9 width=121)
	        Index Cond: ((id >= 8282831) AND (id <= 8282840))

table 6 : explain SELECT c FROM sbtest6 WHERE id BETWEEN 3189505 AND 3189514 ORDER BY c
	Sort  (cost=40.89..40.92 rows=10 width=121)
	  Sort Key: c
	  ->  Index Scan using sbtest6_pkey on sbtest6  (cost=0.43..40.73 rows=10 width=121)
	        Index Cond: ((id >= 3189505) AND (id <= 3189514))

table 7 : explain SELECT c FROM sbtest7 WHERE id BETWEEN 2642996 AND 2643005 ORDER BY c
	Sort  (cost=40.20..40.22 rows=10 width=121)
	  Sort Key: c
	  ->  Index Scan using sbtest7_pkey on sbtest7  (cost=0.43..40.03 rows=10 width=121)
	        Index Cond: ((id >= 2642996) AND (id <= 2643005))

table 8 : explain SELECT c FROM sbtest8 WHERE id BETWEEN 3707917 AND 3707926 ORDER BY c
	Sort  (cost=40.63..40.65 rows=10 width=121)
	  Sort Key: c
	  ->  Index Scan using sbtest8_pkey on sbtest8  (cost=0.43..40.46 rows=10 width=121)
	        Index Cond: ((id >= 3707917) AND (id <= 3707926))

for deletes
table 1 : explain DELETE FROM sbtest1 WHERE id=6875594
	Delete on sbtest1  (cost=0.43..8.45 rows=0 width=0)
	  ->  Index Scan using sbtest1_pkey on sbtest1  (cost=0.43..8.45 rows=1 width=6)
	        Index Cond: (id = 6875594)

table 2 : explain DELETE FROM sbtest2 WHERE id=3500411
	Delete on sbtest2  (cost=0.43..8.45 rows=0 width=0)
	  ->  Index Scan using sbtest2_pkey on sbtest2  (cost=0.43..8.45 rows=1 width=6)
	        Index Cond: (id = 3500411)

table 3 : explain DELETE FROM sbtest3 WHERE id=7578555
	Delete on sbtest3  (cost=0.43..8.45 rows=0 width=0)
	  ->  Index Scan using sbtest3_pkey on sbtest3  (cost=0.43..8.45 rows=1 width=6)
	        Index Cond: (id = 7578555)

table 4 : explain DELETE FROM sbtest4 WHERE id=5014018
	Delete on sbtest4  (cost=0.43..8.45 rows=0 width=0)
	  ->  Index Scan using sbtest4_pkey on sbtest4  (cost=0.43..8.45 rows=1 width=6)
	        Index Cond: (id = 5014018)

table 5 : explain DELETE FROM sbtest5 WHERE id=1953915
	Delete on sbtest5  (cost=0.43..8.45 rows=0 width=0)
	  ->  Index Scan using sbtest5_pkey on sbtest5  (cost=0.43..8.45 rows=1 width=6)
	        Index Cond: (id = 1953915)

table 6 : explain DELETE FROM sbtest6 WHERE id=1783497
	Delete on sbtest6  (cost=0.43..8.45 rows=0 width=0)
	  ->  Index Scan using sbtest6_pkey on sbtest6  (cost=0.43..8.45 rows=1 width=6)
	        Index Cond: (id = 1783497)

table 7 : explain DELETE FROM sbtest7 WHERE id=9218487
	Delete on sbtest7  (cost=0.43..8.45 rows=0 width=0)
	  ->  Index Scan using sbtest7_pkey on sbtest7  (cost=0.43..8.45 rows=1 width=6)
	        Index Cond: (id = 9218487)

table 8 : explain DELETE FROM sbtest8 WHERE id=4958297
	Delete on sbtest8  (cost=0.43..8.45 rows=0 width=0)
	  ->  Index Scan using sbtest8_pkey on sbtest8  (cost=0.43..8.45 rows=1 width=6)
	        Index Cond: (id = 4958297)

for: order_ranges
table 1 : explain SELECT c FROM sbtest1 WHERE id BETWEEN 1004166 AND 1004175 ORDER BY c
	Sort  (cost=44.53..44.55 rows=11 width=121)
	  Sort Key: c
	  ->  Index Scan using sbtest1_pkey on sbtest1  (cost=0.43..44.33 rows=11 width=121)
	        Index Cond: ((id >= 1004166) AND (id <= 1004175))

table 2 : explain SELECT c FROM sbtest2 WHERE id BETWEEN 2099022 AND 2099031 ORDER BY c
	Sort  (cost=44.35..44.38 rows=11 width=121)
	  Sort Key: c
	  ->  Index Scan using sbtest2_pkey on sbtest2  (cost=0.43..44.16 rows=11 width=121)
	        Index Cond: ((id >= 2099022) AND (id <= 2099031))

table 3 : explain SELECT c FROM sbtest3 WHERE id BETWEEN 1890777 AND 1890786 ORDER BY c
	Sort  (cost=40.56..40.58 rows=10 width=121)
	  Sort Key: c
	  ->  Index Scan using sbtest3_pkey on sbtest3  (cost=0.43..40.39 rows=10 width=121)
	        Index Cond: ((id >= 1890777) AND (id <= 1890786))

table 4 : explain SELECT c FROM sbtest4 WHERE id BETWEEN 8531417 AND 8531426 ORDER BY c
	Sort  (cost=40.42..40.44 rows=10 width=121)
	  Sort Key: c
	  ->  Index Scan using sbtest4_pkey on sbtest4  (cost=0.43..40.25 rows=10 width=121)
	        Index Cond: ((id >= 8531417) AND (id <= 8531426))

table 5 : explain SELECT c FROM sbtest5 WHERE id BETWEEN 1451400 AND 1451409 ORDER BY c
	Sort  (cost=40.55..40.57 rows=10 width=121)
	  Sort Key: c
	  ->  Index Scan using sbtest5_pkey on sbtest5  (cost=0.43..40.38 rows=10 width=121)
	        Index Cond: ((id >= 1451400) AND (id <= 1451409))

table 6 : explain SELECT c FROM sbtest6 WHERE id BETWEEN 6836793 AND 6836802 ORDER BY c
	Sort  (cost=40.89..40.92 rows=10 width=121)
	  Sort Key: c
	  ->  Index Scan using sbtest6_pkey on sbtest6  (cost=0.43..40.73 rows=10 width=121)
	        Index Cond: ((id >= 6836793) AND (id <= 6836802))

table 7 : explain SELECT c FROM sbtest7 WHERE id BETWEEN 7306996 AND 7307005 ORDER BY c
	Sort  (cost=40.20..40.22 rows=10 width=121)
	  Sort Key: c
	  ->  Index Scan using sbtest7_pkey on sbtest7  (cost=0.43..40.03 rows=10 width=121)
	        Index Cond: ((id >= 7306996) AND (id <= 7307005))

table 8 : explain SELECT c FROM sbtest8 WHERE id BETWEEN 4045941 AND 4045950 ORDER BY c
	Sort  (cost=40.63..40.65 rows=10 width=121)
	  Sort Key: c
	  ->  Index Scan using sbtest8_pkey on sbtest8  (cost=0.43..40.46 rows=10 width=121)
	        Index Cond: ((id >= 4045941) AND (id <= 4045950))

explain: for point_selects :: explain SELECT c FROM sbtest%u WHERE id=%u
explain: for index_updates :: explain UPDATE sbtest%u SET k=k+1 WHERE id=%u
for: order_ranges
table 1 : explain SELECT c FROM sbtest1 WHERE id BETWEEN 7427204 AND 7427213 ORDER BY c
	Sort  (cost=40.91..40.94 rows=10 width=121)
	  Sort Key: c
	  ->  Index Scan using sbtest1_pkey on sbtest1  (cost=0.43..40.75 rows=10 width=121)
	        Index Cond: ((id >= 7427204) AND (id <= 7427213))

table 2 : explain SELECT c FROM sbtest2 WHERE id BETWEEN 7755326 AND 7755335 ORDER BY c
	Sort  (cost=40.75..40.78 rows=10 width=121)
	  Sort Key: c
	  ->  Index Scan using sbtest2_pkey on sbtest2  (cost=0.43..40.59 rows=10 width=121)
	        Index Cond: ((id >= 7755326) AND (id <= 7755335))

table 3 : explain SELECT c FROM sbtest3 WHERE id BETWEEN 7062639 AND 7062648 ORDER BY c
	Sort  (cost=44.13..44.16 rows=11 width=121)
	  Sort Key: c
	  ->  Index Scan using sbtest3_pkey on sbtest3  (cost=0.43..43.94 rows=11 width=121)
	        Index Cond: ((id >= 7062639) AND (id <= 7062648))

table 4 : explain SELECT c FROM sbtest4 WHERE id BETWEEN 2404584 AND 2404593 ORDER BY c
	Sort  (cost=40.42..40.44 rows=10 width=121)
	  Sort Key: c
	  ->  Index Scan using sbtest4_pkey on sbtest4  (cost=0.43..40.25 rows=10 width=121)
	        Index Cond: ((id >= 2404584) AND (id <= 2404593))

table 5 : explain SELECT c FROM sbtest5 WHERE id BETWEEN 2982298 AND 2982307 ORDER BY c
	Sort  (cost=36.97..37.00 rows=9 width=121)
	  Sort Key: c
	  ->  Index Scan using sbtest5_pkey on sbtest5  (cost=0.43..36.83 rows=9 width=121)
	        Index Cond: ((id >= 2982298) AND (id <= 2982307))

table 6 : explain SELECT c FROM sbtest6 WHERE id BETWEEN 3115124 AND 3115133 ORDER BY c
	Sort  (cost=40.89..40.92 rows=10 width=121)
	  Sort Key: c
	  ->  Index Scan using sbtest6_pkey on sbtest6  (cost=0.43..40.73 rows=10 width=121)
	        Index Cond: ((id >= 3115124) AND (id <= 3115133))

table 7 : explain SELECT c FROM sbtest7 WHERE id BETWEEN 2508824 AND 2508833 ORDER BY c
	Sort  (cost=40.20..40.22 rows=10 width=121)
	  Sort Key: c
	  ->  Index Scan using sbtest7_pkey on sbtest7  (cost=0.43..40.03 rows=10 width=121)
	        Index Cond: ((id >= 2508824) AND (id <= 2508833))

table 8 : explain SELECT c FROM sbtest8 WHERE id BETWEEN 9397004 AND 9397013 ORDER BY c
	Sort  (cost=40.63..40.65 rows=10 width=121)
	  Sort Key: c
	  ->  Index Scan using sbtest8_pkey on sbtest8  (cost=0.43..40.46 rows=10 width=121)
	        Index Cond: ((id >= 9397004) AND (id <= 9397013))

for non_index_updates
table 1 : explain UPDATE sbtest1 SET c='foobar' WHERE id=3185341
	Update on sbtest1  (cost=0.43..8.45 rows=0 width=0)
	  ->  Index Scan using sbtest1_pkey on sbtest1  (cost=0.43..8.45 rows=1 width=490)
	        Index Cond: (id = 3185341)

table 2 : explain UPDATE sbtest2 SET c='foobar' WHERE id=8610326
	Update on sbtest2  (cost=0.43..8.45 rows=0 width=0)
	  ->  Index Scan using sbtest2_pkey on sbtest2  (cost=0.43..8.45 rows=1 width=490)
	        Index Cond: (id = 8610326)

table 3 : explain UPDATE sbtest3 SET c='foobar' WHERE id=8771448
	Update on sbtest3  (cost=0.43..8.45 rows=0 width=0)
	  ->  Index Scan using sbtest3_pkey on sbtest3  (cost=0.43..8.45 rows=1 width=490)
	        Index Cond: (id = 8771448)

table 4 : explain UPDATE sbtest4 SET c='foobar' WHERE id=2222777
	Update on sbtest4  (cost=0.43..8.45 rows=0 width=0)
	  ->  Index Scan using sbtest4_pkey on sbtest4  (cost=0.43..8.45 rows=1 width=490)
	        Index Cond: (id = 2222777)

table 5 : explain UPDATE sbtest5 SET c='foobar' WHERE id=5467106
	Update on sbtest5  (cost=0.43..8.45 rows=0 width=0)
	  ->  Index Scan using sbtest5_pkey on sbtest5  (cost=0.43..8.45 rows=1 width=490)
	        Index Cond: (id = 5467106)

table 6 : explain UPDATE sbtest6 SET c='foobar' WHERE id=3970843
	Update on sbtest6  (cost=0.43..8.45 rows=0 width=0)
	  ->  Index Scan using sbtest6_pkey on sbtest6  (cost=0.43..8.45 rows=1 width=490)
	        Index Cond: (id = 3970843)

table 7 : explain UPDATE sbtest7 SET c='foobar' WHERE id=7907515
	Update on sbtest7  (cost=0.43..8.45 rows=0 width=0)
	  ->  Index Scan using sbtest7_pkey on sbtest7  (cost=0.43..8.45 rows=1 width=490)
	        Index Cond: (id = 7907515)

table 8 : explain UPDATE sbtest8 SET c='foobar' WHERE id=8136719
	Update on sbtest8  (cost=0.43..8.45 rows=0 width=0)
	  ->  Index Scan using sbtest8_pkey on sbtest8  (cost=0.43..8.45 rows=1 width=490)
	        Index Cond: (id = 8136719)

for: order_ranges
table 1 : explain SELECT c FROM sbtest1 WHERE id BETWEEN 2266061 AND 2266070 ORDER BY c
	Sort  (cost=40.91..40.94 rows=10 width=121)
	  Sort Key: c
	  ->  Index Scan using sbtest1_pkey on sbtest1  (cost=0.43..40.75 rows=10 width=121)
	        Index Cond: ((id >= 2266061) AND (id <= 2266070))

table 2 : explain SELECT c FROM sbtest2 WHERE id BETWEEN 6434424 AND 6434433 ORDER BY c
	Sort  (cost=37.16..37.18 rows=9 width=121)
	  Sort Key: c
	  ->  Index Scan using sbtest2_pkey on sbtest2  (cost=0.43..37.02 rows=9 width=121)
	        Index Cond: ((id >= 6434424) AND (id <= 6434433))

table 3 : explain SELECT c FROM sbtest3 WHERE id BETWEEN 315034 AND 315043 ORDER BY c
	Sort  (cost=44.13..44.16 rows=11 width=121)
	  Sort Key: c
	  ->  Index Scan using sbtest3_pkey on sbtest3  (cost=0.43..43.94 rows=11 width=121)
	        Index Cond: ((id >= 315034) AND (id <= 315043))

table 4 : explain SELECT c FROM sbtest4 WHERE id BETWEEN 7984271 AND 7984280 ORDER BY c
	Sort  (cost=40.42..40.44 rows=10 width=121)
	  Sort Key: c
	  ->  Index Scan using sbtest4_pkey on sbtest4  (cost=0.43..40.25 rows=10 width=121)
	        Index Cond: ((id >= 7984271) AND (id <= 7984280))

table 5 : explain SELECT c FROM sbtest5 WHERE id BETWEEN 4491665 AND 4491674 ORDER BY c
	Sort  (cost=44.12..44.14 rows=11 width=121)
	  Sort Key: c
	  ->  Index Scan using sbtest5_pkey on sbtest5  (cost=0.43..43.93 rows=11 width=121)
	        Index Cond: ((id >= 4491665) AND (id <= 4491674))

table 6 : explain SELECT c FROM sbtest6 WHERE id BETWEEN 5937833 AND 5937842 ORDER BY c
	Sort  (cost=37.28..37.31 rows=9 width=121)
	  Sort Key: c
	  ->  Index Scan using sbtest6_pkey on sbtest6  (cost=0.43..37.14 rows=9 width=121)
	        Index Cond: ((id >= 5937833) AND (id <= 5937842))

table 7 : explain SELECT c FROM sbtest7 WHERE id BETWEEN 6248546 AND 6248555 ORDER BY c
	Sort  (cost=43.73..43.76 rows=11 width=121)
	  Sort Key: c
	  ->  Index Scan using sbtest7_pkey on sbtest7  (cost=0.43..43.54 rows=11 width=121)
	        Index Cond: ((id >= 6248546) AND (id <= 6248555))

table 8 : explain SELECT c FROM sbtest8 WHERE id BETWEEN 9392185 AND 9392194 ORDER BY c
	Sort  (cost=40.63..40.65 rows=10 width=121)
	  Sort Key: c
	  ->  Index Scan using sbtest8_pkey on sbtest8  (cost=0.43..40.46 rows=10 width=121)
	        Index Cond: ((id >= 9392185) AND (id <= 9392194))

explain: for deletes :: explain DELETE FROM sbtest%u WHERE id=%u
for point_selects
table 1 : explain SELECT c FROM sbtest1 WHERE id=7678659
	Index Scan using sbtest1_pkey on sbtest1  (cost=0.43..8.45 rows=1 width=121)
	  Index Cond: (id = 7678659)

table 2 : explain SELECT c FROM sbtest2 WHERE id=7841706
	Index Scan using sbtest2_pkey on sbtest2  (cost=0.43..8.45 rows=1 width=121)
	  Index Cond: (id = 7841706)

table 3 : explain SELECT c FROM sbtest3 WHERE id=1881560
	Index Scan using sbtest3_pkey on sbtest3  (cost=0.43..8.45 rows=1 width=121)
	  Index Cond: (id = 1881560)

table 4 : explain SELECT c FROM sbtest4 WHERE id=8436919
	Index Scan using sbtest4_pkey on sbtest4  (cost=0.43..8.45 rows=1 width=121)
	  Index Cond: (id = 8436919)

table 5 : explain SELECT c FROM sbtest5 WHERE id=6779294
	Index Scan using sbtest5_pkey on sbtest5  (cost=0.43..8.45 rows=1 width=121)
	  Index Cond: (id = 6779294)

table 6 : explain SELECT c FROM sbtest6 WHERE id=3845505
	Index Scan using sbtest6_pkey on sbtest6  (cost=0.43..8.45 rows=1 width=121)
	  Index Cond: (id = 3845505)

table 7 : explain SELECT c FROM sbtest7 WHERE id=4249743
	Index Scan using sbtest7_pkey on sbtest7  (cost=0.43..8.45 rows=1 width=121)
	  Index Cond: (id = 4249743)

table 8 : explain SELECT c FROM sbtest8 WHERE id=9566833
	Index Scan using sbtest8_pkey on sbtest8  (cost=0.43..8.45 rows=1 width=121)
	  Index Cond: (id = 9566833)

for index_updates
table 1 : explain UPDATE sbtest1 SET k=k+1 WHERE id=9526162
	Update on sbtest1  (cost=0.43..8.46 rows=0 width=0)
	  ->  Index Scan using sbtest1_pkey on sbtest1  (cost=0.43..8.46 rows=1 width=10)
	        Index Cond: (id = 9526162)

table 2 : explain UPDATE sbtest2 SET k=k+1 WHERE id=7665191
	Update on sbtest2  (cost=0.43..8.46 rows=0 width=0)
	  ->  Index Scan using sbtest2_pkey on sbtest2  (cost=0.43..8.46 rows=1 width=10)
	        Index Cond: (id = 7665191)

table 3 : explain UPDATE sbtest3 SET k=k+1 WHERE id=1995461
	Update on sbtest3  (cost=0.43..8.46 rows=0 width=0)
	  ->  Index Scan using sbtest3_pkey on sbtest3  (cost=0.43..8.46 rows=1 width=10)
	        Index Cond: (id = 1995461)

table 4 : explain UPDATE sbtest4 SET k=k+1 WHERE id=1397091
	Update on sbtest4  (cost=0.43..8.46 rows=0 width=0)
	  ->  Index Scan using sbtest4_pkey on sbtest4  (cost=0.43..8.46 rows=1 width=10)
	        Index Cond: (id = 1397091)

table 5 : explain UPDATE sbtest5 SET k=k+1 WHERE id=1473398
	Update on sbtest5  (cost=0.43..8.46 rows=0 width=0)
	  ->  Index Scan using sbtest5_pkey on sbtest5  (cost=0.43..8.46 rows=1 width=10)
	        Index Cond: (id = 1473398)

table 6 : explain UPDATE sbtest6 SET k=k+1 WHERE id=629676
	Update on sbtest6  (cost=0.43..8.46 rows=0 width=0)
	  ->  Index Scan using sbtest6_pkey on sbtest6  (cost=0.43..8.46 rows=1 width=10)
	        Index Cond: (id = 629676)

table 7 : explain UPDATE sbtest7 SET k=k+1 WHERE id=354135
	Update on sbtest7  (cost=0.43..8.46 rows=0 width=0)
	  ->  Index Scan using sbtest7_pkey on sbtest7  (cost=0.43..8.46 rows=1 width=10)
	        Index Cond: (id = 354135)

table 8 : explain UPDATE sbtest8 SET k=k+1 WHERE id=521054
	Update on sbtest8  (cost=0.43..8.46 rows=0 width=0)
	  ->  Index Scan using sbtest8_pkey on sbtest8  (cost=0.43..8.46 rows=1 width=10)
	        Index Cond: (id = 521054)

for point_selects
table 1 : explain SELECT c FROM sbtest1 WHERE id=1476382
	Index Scan using sbtest1_pkey on sbtest1  (cost=0.43..8.45 rows=1 width=121)
	  Index Cond: (id = 1476382)

table 2 : explain SELECT c FROM sbtest2 WHERE id=5285601
	Index Scan using sbtest2_pkey on sbtest2  (cost=0.43..8.45 rows=1 width=121)
	  Index Cond: (id = 5285601)

table 3 : explain SELECT c FROM sbtest3 WHERE id=7434944
	Index Scan using sbtest3_pkey on sbtest3  (cost=0.43..8.45 rows=1 width=121)
	  Index Cond: (id = 7434944)

table 4 : explain SELECT c FROM sbtest4 WHERE id=232235
	Index Scan using sbtest4_pkey on sbtest4  (cost=0.43..8.45 rows=1 width=121)
	  Index Cond: (id = 232235)

table 5 : explain SELECT c FROM sbtest5 WHERE id=7180640
	Index Scan using sbtest5_pkey on sbtest5  (cost=0.43..8.45 rows=1 width=121)
	  Index Cond: (id = 7180640)

table 6 : explain SELECT c FROM sbtest6 WHERE id=1040591
	Index Scan using sbtest6_pkey on sbtest6  (cost=0.43..8.45 rows=1 width=121)
	  Index Cond: (id = 1040591)

table 7 : explain SELECT c FROM sbtest7 WHERE id=8417255
	Index Scan using sbtest7_pkey on sbtest7  (cost=0.43..8.45 rows=1 width=121)
	  Index Cond: (id = 8417255)

table 8 : explain SELECT c FROM sbtest8 WHERE id=9188271
	Index Scan using sbtest8_pkey on sbtest8  (cost=0.43..8.45 rows=1 width=121)
	  Index Cond: (id = 9188271)

for point_selects
table 1 : explain SELECT c FROM sbtest1 WHERE id=8393835
	Index Scan using sbtest1_pkey on sbtest1  (cost=0.43..8.45 rows=1 width=121)
	  Index Cond: (id = 8393835)

table 2 : explain SELECT c FROM sbtest2 WHERE id=9843854
	Index Scan using sbtest2_pkey on sbtest2  (cost=0.43..8.45 rows=1 width=121)
	  Index Cond: (id = 9843854)

table 3 : explain SELECT c FROM sbtest3 WHERE id=1021746
	Index Scan using sbtest3_pkey on sbtest3  (cost=0.43..8.45 rows=1 width=121)
	  Index Cond: (id = 1021746)

table 4 : explain SELECT c FROM sbtest4 WHERE id=7873387
	Index Scan using sbtest4_pkey on sbtest4  (cost=0.43..8.45 rows=1 width=121)
	  Index Cond: (id = 7873387)

table 5 : explain SELECT c FROM sbtest5 WHERE id=5112107
	Index Scan using sbtest5_pkey on sbtest5  (cost=0.43..8.45 rows=1 width=121)
	  Index Cond: (id = 5112107)

table 6 : explain SELECT c FROM sbtest6 WHERE id=5421997
	Index Scan using sbtest6_pkey on sbtest6  (cost=0.43..8.45 rows=1 width=121)
	  Index Cond: (id = 5421997)

table 7 : explain SELECT c FROM sbtest7 WHERE id=6191297
	Index Scan using sbtest7_pkey on sbtest7  (cost=0.43..8.45 rows=1 width=121)
	  Index Cond: (id = 6191297)

table 8 : explain SELECT c FROM sbtest8 WHERE id=3376104
	Index Scan using sbtest8_pkey on sbtest8  (cost=0.43..8.45 rows=1 width=121)
	  Index Cond: (id = 3376104)

explain: for non_index_updates :: explain UPDATE sbtest%u SET c='foobar' WHERE id=%u
for: distinct_ranges
table 1 : explain SELECT DISTINCT c FROM sbtest1 WHERE id BETWEEN 9564791 AND 9564800 ORDER BY c
	Unique  (cost=40.91..40.96 rows=10 width=121)
	  ->  Sort  (cost=40.91..40.94 rows=10 width=121)
	        Sort Key: c
	        ->  Index Scan using sbtest1_pkey on sbtest1  (cost=0.43..40.75 rows=10 width=121)
	              Index Cond: ((id >= 9564791) AND (id <= 9564800))

table 2 : explain SELECT DISTINCT c FROM sbtest2 WHERE id BETWEEN 9163121 AND 9163130 ORDER BY c
	Unique  (cost=40.75..40.80 rows=10 width=121)
	  ->  Sort  (cost=40.75..40.78 rows=10 width=121)
	        Sort Key: c
	        ->  Index Scan using sbtest2_pkey on sbtest2  (cost=0.43..40.59 rows=10 width=121)
	              Index Cond: ((id >= 9163121) AND (id <= 9163130))

table 3 : explain SELECT DISTINCT c FROM sbtest3 WHERE id BETWEEN 7314742 AND 7314751 ORDER BY c
	Unique  (cost=44.13..44.19 rows=11 width=121)
	  ->  Sort  (cost=44.13..44.16 rows=11 width=121)
	        Sort Key: c
	        ->  Index Scan using sbtest3_pkey on sbtest3  (cost=0.43..43.94 rows=11 width=121)
	              Index Cond: ((id >= 7314742) AND (id <= 7314751))

table 4 : explain SELECT DISTINCT c FROM sbtest4 WHERE id BETWEEN 1650694 AND 1650703 ORDER BY c
	Unique  (cost=36.86..36.91 rows=9 width=121)
	  ->  Sort  (cost=36.86..36.88 rows=9 width=121)
	        Sort Key: c
	        ->  Index Scan using sbtest4_pkey on sbtest4  (cost=0.43..36.72 rows=9 width=121)
	              Index Cond: ((id >= 1650694) AND (id <= 1650703))

table 5 : explain SELECT DISTINCT c FROM sbtest5 WHERE id BETWEEN 7866710 AND 7866719 ORDER BY c
	Unique  (cost=47.69..47.75 rows=12 width=121)
	  ->  Sort  (cost=47.69..47.72 rows=12 width=121)
	        Sort Key: c
	        ->  Index Scan using sbtest5_pkey on sbtest5  (cost=0.43..47.47 rows=12 width=121)
	              Index Cond: ((id >= 7866710) AND (id <= 7866719))

table 6 : explain SELECT DISTINCT c FROM sbtest6 WHERE id BETWEEN 1193046 AND 1193055 ORDER BY c
	Unique  (cost=40.89..40.94 rows=10 width=121)
	  ->  Sort  (cost=40.89..40.92 rows=10 width=121)
	        Sort Key: c
	        ->  Index Scan using sbtest6_pkey on sbtest6  (cost=0.43..40.73 rows=10 width=121)
	              Index Cond: ((id >= 1193046) AND (id <= 1193055))

table 7 : explain SELECT DISTINCT c FROM sbtest7 WHERE id BETWEEN 1964825 AND 1964834 ORDER BY c
	Unique  (cost=43.73..43.78 rows=11 width=121)
	  ->  Sort  (cost=43.73..43.76 rows=11 width=121)
	        Sort Key: c
	        ->  Index Scan using sbtest7_pkey on sbtest7  (cost=0.43..43.54 rows=11 width=121)
	              Index Cond: ((id >= 1964825) AND (id <= 1964834))

table 8 : explain SELECT DISTINCT c FROM sbtest8 WHERE id BETWEEN 855497 AND 855506 ORDER BY c
	Unique  (cost=44.21..44.26 rows=11 width=121)
	  ->  Sort  (cost=44.21..44.24 rows=11 width=121)
	        Sort Key: c
	        ->  Index Scan using sbtest8_pkey on sbtest8  (cost=0.43..44.02 rows=11 width=121)
	              Index Cond: ((id >= 855497) AND (id <= 855506))

for: distinct_ranges
table 1 : explain SELECT DISTINCT c FROM sbtest1 WHERE id BETWEEN 5054518 AND 5054527 ORDER BY c
	Unique  (cost=40.91..40.96 rows=10 width=121)
	  ->  Sort  (cost=40.91..40.94 rows=10 width=121)
	        Sort Key: c
	        ->  Index Scan using sbtest1_pkey on sbtest1  (cost=0.43..40.75 rows=10 width=121)
	              Index Cond: ((id >= 5054518) AND (id <= 5054527))

table 2 : explain SELECT DISTINCT c FROM sbtest2 WHERE id BETWEEN 1377417 AND 1377426 ORDER BY c
	Unique  (cost=40.75..40.80 rows=10 width=121)
	  ->  Sort  (cost=40.75..40.78 rows=10 width=121)
	        Sort Key: c
	        ->  Index Scan using sbtest2_pkey on sbtest2  (cost=0.43..40.59 rows=10 width=121)
	              Index Cond: ((id >= 1377417) AND (id <= 1377426))

table 3 : explain SELECT DISTINCT c FROM sbtest3 WHERE id BETWEEN 2768531 AND 2768540 ORDER BY c
	Unique  (cost=40.56..40.61 rows=10 width=121)
	  ->  Sort  (cost=40.56..40.58 rows=10 width=121)
	        Sort Key: c
	        ->  Index Scan using sbtest3_pkey on sbtest3  (cost=0.43..40.39 rows=10 width=121)
	              Index Cond: ((id >= 2768531) AND (id <= 2768540))

table 4 : explain SELECT DISTINCT c FROM sbtest4 WHERE id BETWEEN 6379509 AND 6379518 ORDER BY c
	Unique  (cost=40.42..40.47 rows=10 width=121)
	  ->  Sort  (cost=40.42..40.44 rows=10 width=121)
	        Sort Key: c
	        ->  Index Scan using sbtest4_pkey on sbtest4  (cost=0.43..40.25 rows=10 width=121)
	              Index Cond: ((id >= 6379509) AND (id <= 6379518))

table 5 : explain SELECT DISTINCT c FROM sbtest5 WHERE id BETWEEN 9836795 AND 9836804 ORDER BY c
	Unique  (cost=40.55..40.60 rows=10 width=121)
	  ->  Sort  (cost=40.55..40.57 rows=10 width=121)
	        Sort Key: c
	        ->  Index Scan using sbtest5_pkey on sbtest5  (cost=0.43..40.38 rows=10 width=121)
	              Index Cond: ((id >= 9836795) AND (id <= 9836804))

table 6 : explain SELECT DISTINCT c FROM sbtest6 WHERE id BETWEEN 4546563 AND 4546572 ORDER BY c
	Unique  (cost=37.28..37.33 rows=9 width=121)
	  ->  Sort  (cost=37.28..37.31 rows=9 width=121)
	        Sort Key: c
	        ->  Index Scan using sbtest6_pkey on sbtest6  (cost=0.43..37.14 rows=9 width=121)
	              Index Cond: ((id >= 4546563) AND (id <= 4546572))

table 7 : explain SELECT DISTINCT c FROM sbtest7 WHERE id BETWEEN 6733474 AND 6733483 ORDER BY c
	Unique  (cost=40.20..40.25 rows=10 width=121)
	  ->  Sort  (cost=40.20..40.22 rows=10 width=121)
	        Sort Key: c
	        ->  Index Scan using sbtest7_pkey on sbtest7  (cost=0.43..40.03 rows=10 width=121)
	              Index Cond: ((id >= 6733474) AND (id <= 6733483))

table 8 : explain SELECT DISTINCT c FROM sbtest8 WHERE id BETWEEN 9121908 AND 9121917 ORDER BY c
	Unique  (cost=40.63..40.68 rows=10 width=121)
	  ->  Sort  (cost=40.63..40.65 rows=10 width=121)
	        Sort Key: c
	        ->  Index Scan using sbtest8_pkey on sbtest8  (cost=0.43..40.46 rows=10 width=121)
	              Index Cond: ((id >= 9121908) AND (id <= 9121917))
for: distinct_ranges
table 1 : explain SELECT DISTINCT c FROM sbtest1 WHERE id BETWEEN 9399124 AND 9399133 ORDER BY c
	Unique  (cost=37.30..37.35 rows=9 width=121)
	  ->  Sort  (cost=37.30..37.32 rows=9 width=121)
	        Sort Key: c
	        ->  Index Scan using sbtest1_pkey on sbtest1  (cost=0.43..37.16 rows=9 width=121)
	              Index Cond: ((id >= 9399124) AND (id <= 9399133))

table 2 : explain SELECT DISTINCT c FROM sbtest2 WHERE id BETWEEN 1184760 AND 1184769 ORDER BY c
	Unique  (cost=40.75..40.80 rows=10 width=121)
	  ->  Sort  (cost=40.75..40.78 rows=10 width=121)
	        Sort Key: c
	        ->  Index Scan using sbtest2_pkey on sbtest2  (cost=0.43..40.59 rows=10 width=121)
	              Index Cond: ((id >= 1184760) AND (id <= 1184769))

table 3 : explain SELECT DISTINCT c FROM sbtest3 WHERE id BETWEEN 6234466 AND 6234475 ORDER BY c
	Unique  (cost=40.56..40.61 rows=10 width=121)
	  ->  Sort  (cost=40.56..40.58 rows=10 width=121)
	        Sort Key: c
	        ->  Index Scan using sbtest3_pkey on sbtest3  (cost=0.43..40.39 rows=10 width=121)
	              Index Cond: ((id >= 6234466) AND (id <= 6234475))

table 4 : explain SELECT DISTINCT c FROM sbtest4 WHERE id BETWEEN 6225489 AND 6225498 ORDER BY c
	Unique  (cost=40.42..40.47 rows=10 width=121)
	  ->  Sort  (cost=40.42..40.44 rows=10 width=121)
	        Sort Key: c
	        ->  Index Scan using sbtest4_pkey on sbtest4  (cost=0.43..40.25 rows=10 width=121)
	              Index Cond: ((id >= 6225489) AND (id <= 6225498))

table 5 : explain SELECT DISTINCT c FROM sbtest5 WHERE id BETWEEN 4064945 AND 4064954 ORDER BY c
	Unique  (cost=36.97..37.02 rows=9 width=121)
	  ->  Sort  (cost=36.97..37.00 rows=9 width=121)
	        Sort Key: c
	        ->  Index Scan using sbtest5_pkey on sbtest5  (cost=0.43..36.83 rows=9 width=121)
	              Index Cond: ((id >= 4064945) AND (id <= 4064954))

table 6 : explain SELECT DISTINCT c FROM sbtest6 WHERE id BETWEEN 8095674 AND 8095683 ORDER BY c
	Unique  (cost=44.50..44.56 rows=11 width=121)
	  ->  Sort  (cost=44.50..44.53 rows=11 width=121)
	        Sort Key: c
	        ->  Index Scan using sbtest6_pkey on sbtest6  (cost=0.43..44.31 rows=11 width=121)
	              Index Cond: ((id >= 8095674) AND (id <= 8095683))

table 7 : explain SELECT DISTINCT c FROM sbtest7 WHERE id BETWEEN 6923721 AND 6923730 ORDER BY c
	Unique  (cost=40.20..40.25 rows=10 width=121)
	  ->  Sort  (cost=40.20..40.22 rows=10 width=121)
	        Sort Key: c
	        ->  Index Scan using sbtest7_pkey on sbtest7  (cost=0.43..40.03 rows=10 width=121)
	              Index Cond: ((id >= 6923721) AND (id <= 6923730))

table 8 : explain SELECT DISTINCT c FROM sbtest8 WHERE id BETWEEN 7887240 AND 7887249 ORDER BY c
	Unique  (cost=37.05..37.09 rows=9 width=121)
	  ->  Sort  (cost=37.05..37.07 rows=9 width=121)
	        Sort Key: c
	        ->  Index Scan using sbtest8_pkey on sbtest8  (cost=0.43..36.91 rows=9 width=121)
	              Index Cond: ((id >= 7887240) AND (id <= 7887249))


for: distinct_ranges
table 1 : explain SELECT DISTINCT c FROM sbtest1 WHERE id BETWEEN 4802739 AND 4802748 ORDER BY c
	Unique  (cost=48.14..48.20 rows=12 width=121)
	  ->  Sort  (cost=48.14..48.17 rows=12 width=121)
	        Sort Key: c
	        ->  Index Scan using sbtest1_pkey on sbtest1  (cost=0.43..47.92 rows=12 width=121)
	              Index Cond: ((id >= 4802739) AND (id <= 4802748))

table 2 : explain SELECT DISTINCT c FROM sbtest2 WHERE id BETWEEN 1229007 AND 1229016 ORDER BY c
	Unique  (cost=40.75..40.80 rows=10 width=121)
	  ->  Sort  (cost=40.75..40.78 rows=10 width=121)
	        Sort Key: c
	        ->  Index Scan using sbtest2_pkey on sbtest2  (cost=0.43..40.59 rows=10 width=121)
	              Index Cond: ((id >= 1229007) AND (id <= 1229016))

table 3 : explain SELECT DISTINCT c FROM sbtest3 WHERE id BETWEEN 8981017 AND 8981026 ORDER BY c
	Unique  (cost=40.56..40.61 rows=10 width=121)
	  ->  Sort  (cost=40.56..40.58 rows=10 width=121)
	        Sort Key: c
	        ->  Index Scan using sbtest3_pkey on sbtest3  (cost=0.43..40.39 rows=10 width=121)
	              Index Cond: ((id >= 8981017) AND (id <= 8981026))

table 4 : explain SELECT DISTINCT c FROM sbtest4 WHERE id BETWEEN 6571616 AND 6571625 ORDER BY c
	Unique  (cost=43.97..44.03 rows=11 width=121)
	  ->  Sort  (cost=43.97..44.00 rows=11 width=121)
	        Sort Key: c
	        ->  Index Scan using sbtest4_pkey on sbtest4  (cost=0.43..43.78 rows=11 width=121)
	              Index Cond: ((id >= 6571616) AND (id <= 6571625))

table 5 : explain SELECT DISTINCT c FROM sbtest5 WHERE id BETWEEN 9747781 AND 9747790 ORDER BY c
	Unique  (cost=36.97..37.02 rows=9 width=121)
	  ->  Sort  (cost=36.97..37.00 rows=9 width=121)
	        Sort Key: c
	        ->  Index Scan using sbtest5_pkey on sbtest5  (cost=0.43..36.83 rows=9 width=121)
	              Index Cond: ((id >= 9747781) AND (id <= 9747790))

table 6 : explain SELECT DISTINCT c FROM sbtest6 WHERE id BETWEEN 221388 AND 221397 ORDER BY c
	Unique  (cost=40.89..40.94 rows=10 width=121)
	  ->  Sort  (cost=40.89..40.92 rows=10 width=121)
	        Sort Key: c
	        ->  Index Scan using sbtest6_pkey on sbtest6  (cost=0.43..40.73 rows=10 width=121)
	              Index Cond: ((id >= 221388) AND (id <= 221397))

table 7 : explain SELECT DISTINCT c FROM sbtest7 WHERE id BETWEEN 4747462 AND 4747471 ORDER BY c
	Unique  (cost=40.20..40.25 rows=10 width=121)
	  ->  Sort  (cost=40.20..40.22 rows=10 width=121)
	        Sort Key: c
	        ->  Index Scan using sbtest7_pkey on sbtest7  (cost=0.43..40.03 rows=10 width=121)
	              Index Cond: ((id >= 4747462) AND (id <= 4747471))

table 8 : explain SELECT DISTINCT c FROM sbtest8 WHERE id BETWEEN 4976028 AND 4976037 ORDER BY c
	Unique  (cost=44.21..44.26 rows=11 width=121)
	  ->  Sort  (cost=44.21..44.24 rows=11 width=121)
	        Sort Key: c
	        ->  Index Scan using sbtest8_pkey on sbtest8  (cost=0.43..44.02 rows=11 width=121)
	              Index Cond: ((id >= 4976028) AND (id <= 4976037))

for deletes
table 1 : explain DELETE FROM sbtest1 WHERE id=8488395
	Delete on sbtest1  (cost=0.43..8.45 rows=0 width=0)
	  ->  Index Scan using sbtest1_pkey on sbtest1  (cost=0.43..8.45 rows=1 width=6)
	        Index Cond: (id = 8488395)

table 2 : explain DELETE FROM sbtest2 WHERE id=8857833
	Delete on sbtest2  (cost=0.43..8.45 rows=0 width=0)
	  ->  Index Scan using sbtest2_pkey on sbtest2  (cost=0.43..8.45 rows=1 width=6)
	        Index Cond: (id = 8857833)

table 3 : explain DELETE FROM sbtest3 WHERE id=7717726
	Delete on sbtest3  (cost=0.43..8.45 rows=0 width=0)
	  ->  Index Scan using sbtest3_pkey on sbtest3  (cost=0.43..8.45 rows=1 width=6)
	        Index Cond: (id = 7717726)

table 4 : explain DELETE FROM sbtest4 WHERE id=2733027
	Delete on sbtest4  (cost=0.43..8.45 rows=0 width=0)
	  ->  Index Scan using sbtest4_pkey on sbtest4  (cost=0.43..8.45 rows=1 width=6)
	        Index Cond: (id = 2733027)

table 5 : explain DELETE FROM sbtest5 WHERE id=3306066
	Delete on sbtest5  (cost=0.43..8.45 rows=0 width=0)
	  ->  Index Scan using sbtest5_pkey on sbtest5  (cost=0.43..8.45 rows=1 width=6)
	        Index Cond: (id = 3306066)

table 6 : explain DELETE FROM sbtest6 WHERE id=1543906
	Delete on sbtest6  (cost=0.43..8.45 rows=0 width=0)
	  ->  Index Scan using sbtest6_pkey on sbtest6  (cost=0.43..8.45 rows=1 width=6)
	        Index Cond: (id = 1543906)

table 7 : explain DELETE FROM sbtest7 WHERE id=838360
	Delete on sbtest7  (cost=0.43..8.45 rows=0 width=0)
	  ->  Index Scan using sbtest7_pkey on sbtest7  (cost=0.43..8.45 rows=1 width=6)
	        Index Cond: (id = 838360)

table 8 : explain DELETE FROM sbtest8 WHERE id=4022342
	Delete on sbtest8  (cost=0.43..8.45 rows=0 width=0)
	  ->  Index Scan using sbtest8_pkey on sbtest8  (cost=0.43..8.45 rows=1 width=6)
	        Index Cond: (id = 4022342)

for: order_ranges
table 1 : explain SELECT c FROM sbtest1 WHERE id BETWEEN 4477443 AND 4477452 ORDER BY c
	Sort  (cost=44.53..44.55 rows=11 width=121)
	  Sort Key: c
	  ->  Index Scan using sbtest1_pkey on sbtest1  (cost=0.43..44.33 rows=11 width=121)
	        Index Cond: ((id >= 4477443) AND (id <= 4477452))

table 2 : explain SELECT c FROM sbtest2 WHERE id BETWEEN 2863147 AND 2863156 ORDER BY c
	Sort  (cost=40.75..40.78 rows=10 width=121)
	  Sort Key: c
	  ->  Index Scan using sbtest2_pkey on sbtest2  (cost=0.43..40.59 rows=10 width=121)
	        Index Cond: ((id >= 2863147) AND (id <= 2863156))

table 3 : explain SELECT c FROM sbtest3 WHERE id BETWEEN 9090772 AND 9090781 ORDER BY c
	Sort  (cost=40.56..40.58 rows=10 width=121)
	  Sort Key: c
	  ->  Index Scan using sbtest3_pkey on sbtest3  (cost=0.43..40.39 rows=10 width=121)
	        Index Cond: ((id >= 9090772) AND (id <= 9090781))

table 4 : explain SELECT c FROM sbtest4 WHERE id BETWEEN 5106138 AND 5106147 ORDER BY c
	Sort  (cost=36.86..36.88 rows=9 width=121)
	  Sort Key: c
	  ->  Index Scan using sbtest4_pkey on sbtest4  (cost=0.43..36.72 rows=9 width=121)
	        Index Cond: ((id >= 5106138) AND (id <= 5106147))

table 5 : explain SELECT c FROM sbtest5 WHERE id BETWEEN 8476967 AND 8476976 ORDER BY c
	Sort  (cost=36.97..37.00 rows=9 width=121)
	  Sort Key: c
	  ->  Index Scan using sbtest5_pkey on sbtest5  (cost=0.43..36.83 rows=9 width=121)
	        Index Cond: ((id >= 8476967) AND (id <= 8476976))

table 6 : explain SELECT c FROM sbtest6 WHERE id BETWEEN 9927334 AND 9927343 ORDER BY c
	Sort  (cost=40.89..40.92 rows=10 width=121)
	  Sort Key: c
	  ->  Index Scan using sbtest6_pkey on sbtest6  (cost=0.43..40.73 rows=10 width=121)
	        Index Cond: ((id >= 9927334) AND (id <= 9927343))

table 7 : explain SELECT c FROM sbtest7 WHERE id BETWEEN 8664450 AND 8664459 ORDER BY c
	Sort  (cost=40.20..40.22 rows=10 width=121)
	  Sort Key: c
	  ->  Index Scan using sbtest7_pkey on sbtest7  (cost=0.43..40.03 rows=10 width=121)
	        Index Cond: ((id >= 8664450) AND (id <= 8664459))

table 8 : explain SELECT c FROM sbtest8 WHERE id BETWEEN 5217398 AND 5217407 ORDER BY c
	Sort  (cost=40.63..40.65 rows=10 width=121)
	  Sort Key: c
	  ->  Index Scan using sbtest8_pkey on sbtest8  (cost=0.43..40.46 rows=10 width=121)
	        Index Cond: ((id >= 5217398) AND (id <= 5217407))

for point_selects
table 1 : explain SELECT c FROM sbtest1 WHERE id=1679603
	Index Scan using sbtest1_pkey on sbtest1  (cost=0.43..8.45 rows=1 width=121)
	  Index Cond: (id = 1679603)

table 2 : explain SELECT c FROM sbtest2 WHERE id=5513105
	Index Scan using sbtest2_pkey on sbtest2  (cost=0.43..8.45 rows=1 width=121)
	  Index Cond: (id = 5513105)

table 3 : explain SELECT c FROM sbtest3 WHERE id=2520303
	Index Scan using sbtest3_pkey on sbtest3  (cost=0.43..8.45 rows=1 width=121)
	  Index Cond: (id = 2520303)

table 4 : explain SELECT c FROM sbtest4 WHERE id=6029332
	Index Scan using sbtest4_pkey on sbtest4  (cost=0.43..8.45 rows=1 width=121)
	  Index Cond: (id = 6029332)

table 5 : explain SELECT c FROM sbtest5 WHERE id=4451892
	Index Scan using sbtest5_pkey on sbtest5  (cost=0.43..8.45 rows=1 width=121)
	  Index Cond: (id = 4451892)

table 6 : explain SELECT c FROM sbtest6 WHERE id=7062376
	Index Scan using sbtest6_pkey on sbtest6  (cost=0.43..8.45 rows=1 width=121)
	  Index Cond: (id = 7062376)

table 7 : explain SELECT c FROM sbtest7 WHERE id=2265225
	Index Scan using sbtest7_pkey on sbtest7  (cost=0.43..8.45 rows=1 width=121)
	  Index Cond: (id = 2265225)

table 8 : explain SELECT c FROM sbtest8 WHERE id=7593085
	Index Scan using sbtest8_pkey on sbtest8  (cost=0.43..8.45 rows=1 width=121)
	  Index Cond: (id = 7593085)

explain: for index_updates :: explain UPDATE sbtest%u SET k=k+1 WHERE id=%u
explain: for point_selects :: explain SELECT c FROM sbtest%u WHERE id=%u
for: distinct_ranges
table 1 : explain SELECT DISTINCT c FROM sbtest1 WHERE id BETWEEN 7584825 AND 7584834 ORDER BY c
	Unique  (cost=37.30..37.35 rows=9 width=121)
	  ->  Sort  (cost=37.30..37.32 rows=9 width=121)
	        Sort Key: c
	        ->  Index Scan using sbtest1_pkey on sbtest1  (cost=0.43..37.16 rows=9 width=121)
	              Index Cond: ((id >= 7584825) AND (id <= 7584834))

table 2 : explain SELECT DISTINCT c FROM sbtest2 WHERE id BETWEEN 5299213 AND 5299222 ORDER BY c
	Unique  (cost=40.75..40.80 rows=10 width=121)
	  ->  Sort  (cost=40.75..40.78 rows=10 width=121)
	        Sort Key: c
	        ->  Index Scan using sbtest2_pkey on sbtest2  (cost=0.43..40.59 rows=10 width=121)
	              Index Cond: ((id >= 5299213) AND (id <= 5299222))

table 3 : explain SELECT DISTINCT c FROM sbtest3 WHERE id BETWEEN 3070037 AND 3070046 ORDER BY c
	Unique  (cost=40.56..40.61 rows=10 width=121)
	  ->  Sort  (cost=40.56..40.58 rows=10 width=121)
	        Sort Key: c
	        ->  Index Scan using sbtest3_pkey on sbtest3  (cost=0.43..40.39 rows=10 width=121)
	              Index Cond: ((id >= 3070037) AND (id <= 3070046))

table 4 : explain SELECT DISTINCT c FROM sbtest4 WHERE id BETWEEN 3789402 AND 3789411 ORDER BY c
	Unique  (cost=36.86..36.91 rows=9 width=121)
	  ->  Sort  (cost=36.86..36.88 rows=9 width=121)
	        Sort Key: c
	        ->  Index Scan using sbtest4_pkey on sbtest4  (cost=0.43..36.72 rows=9 width=121)
	              Index Cond: ((id >= 3789402) AND (id <= 3789411))

table 5 : explain SELECT DISTINCT c FROM sbtest5 WHERE id BETWEEN 9016986 AND 9016995 ORDER BY c
	Unique  (cost=44.12..44.17 rows=11 width=121)
	  ->  Sort  (cost=44.12..44.14 rows=11 width=121)
	        Sort Key: c
	        ->  Index Scan using sbtest5_pkey on sbtest5  (cost=0.43..43.93 rows=11 width=121)
	              Index Cond: ((id >= 9016986) AND (id <= 9016995))

table 6 : explain SELECT DISTINCT c FROM sbtest6 WHERE id BETWEEN 7759610 AND 7759619 ORDER BY c
	Unique  (cost=37.28..37.33 rows=9 width=121)
	  ->  Sort  (cost=37.28..37.31 rows=9 width=121)
	        Sort Key: c
	        ->  Index Scan using sbtest6_pkey on sbtest6  (cost=0.43..37.14 rows=9 width=121)
	              Index Cond: ((id >= 7759610) AND (id <= 7759619))

table 7 : explain SELECT DISTINCT c FROM sbtest7 WHERE id BETWEEN 4293406 AND 4293415 ORDER BY c
	Unique  (cost=40.20..40.25 rows=10 width=121)
	  ->  Sort  (cost=40.20..40.22 rows=10 width=121)
	        Sort Key: c
	        ->  Index Scan using sbtest7_pkey on sbtest7  (cost=0.43..40.03 rows=10 width=121)
	              Index Cond: ((id >= 4293406) AND (id <= 4293415))

table 8 : explain SELECT DISTINCT c FROM sbtest8 WHERE id BETWEEN 4676151 AND 4676160 ORDER BY c
	Unique  (cost=37.05..37.09 rows=9 width=121)
	  ->  Sort  (cost=37.05..37.07 rows=9 width=121)
	        Sort Key: c
	        ->  Index Scan using sbtest8_pkey on sbtest8  (cost=0.43..36.91 rows=9 width=121)
	              Index Cond: ((id >= 4676151) AND (id <= 4676160))

for: simple_ranges
table 1 : explain SELECT c FROM sbtest1 WHERE id BETWEEN 5527425 AND 5527434
	Index Scan using sbtest1_pkey on sbtest1  (cost=0.43..44.33 rows=11 width=121)
	  Index Cond: ((id >= 5527425) AND (id <= 5527434))

table 2 : explain SELECT c FROM sbtest2 WHERE id BETWEEN 4568654 AND 4568663
	Index Scan using sbtest2_pkey on sbtest2  (cost=0.43..44.16 rows=11 width=121)
	  Index Cond: ((id >= 4568654) AND (id <= 4568663))

table 3 : explain SELECT c FROM sbtest3 WHERE id BETWEEN 8558926 AND 8558935
	Index Scan using sbtest3_pkey on sbtest3  (cost=0.43..40.39 rows=10 width=121)
	  Index Cond: ((id >= 8558926) AND (id <= 8558935))

table 4 : explain SELECT c FROM sbtest4 WHERE id BETWEEN 2929976 AND 2929985
	Index Scan using sbtest4_pkey on sbtest4  (cost=0.43..40.25 rows=10 width=121)
	  Index Cond: ((id >= 2929976) AND (id <= 2929985))

table 5 : explain SELECT c FROM sbtest5 WHERE id BETWEEN 4444428 AND 4444437
	Index Scan using sbtest5_pkey on sbtest5  (cost=0.43..43.93 rows=11 width=121)
	  Index Cond: ((id >= 4444428) AND (id <= 4444437))

table 6 : explain SELECT c FROM sbtest6 WHERE id BETWEEN 5354166 AND 5354175
	Index Scan using sbtest6_pkey on sbtest6  (cost=0.43..40.73 rows=10 width=121)
	  Index Cond: ((id >= 5354166) AND (id <= 5354175))

table 7 : explain SELECT c FROM sbtest7 WHERE id BETWEEN 3238524 AND 3238533
	Index Scan using sbtest7_pkey on sbtest7  (cost=0.43..40.03 rows=10 width=121)
	  Index Cond: ((id >= 3238524) AND (id <= 3238533))

table 8 : explain SELECT c FROM sbtest8 WHERE id BETWEEN 5033257 AND 5033266
	Index Scan using sbtest8_pkey on sbtest8  (cost=0.43..36.91 rows=9 width=121)
	  Index Cond: ((id >= 5033257) AND (id <= 5033266))

explain: for index_updates :: explain UPDATE sbtest%u SET k=k+1 WHERE id=%u
explain: for index_updates :: explain UPDATE sbtest%u SET k=k+1 WHERE id=%u
for non_index_updates
table 1 : explain UPDATE sbtest1 SET c='foobar' WHERE id=4411010
	Update on sbtest1  (cost=0.43..8.45 rows=0 width=0)
	  ->  Index Scan using sbtest1_pkey on sbtest1  (cost=0.43..8.45 rows=1 width=490)
	        Index Cond: (id = 4411010)

table 2 : explain UPDATE sbtest2 SET c='foobar' WHERE id=4426600
	Update on sbtest2  (cost=0.43..8.45 rows=0 width=0)
	  ->  Index Scan using sbtest2_pkey on sbtest2  (cost=0.43..8.45 rows=1 width=490)
	        Index Cond: (id = 4426600)

table 3 : explain UPDATE sbtest3 SET c='foobar' WHERE id=5174162
	Update on sbtest3  (cost=0.43..8.45 rows=0 width=0)
	  ->  Index Scan using sbtest3_pkey on sbtest3  (cost=0.43..8.45 rows=1 width=490)
	        Index Cond: (id = 5174162)

table 4 : explain UPDATE sbtest4 SET c='foobar' WHERE id=7806361
	Update on sbtest4  (cost=0.43..8.45 rows=0 width=0)
	  ->  Index Scan using sbtest4_pkey on sbtest4  (cost=0.43..8.45 rows=1 width=490)
	        Index Cond: (id = 7806361)

table 5 : explain UPDATE sbtest5 SET c='foobar' WHERE id=9999586
	Update on sbtest5  (cost=0.43..8.45 rows=0 width=0)
	  ->  Index Scan using sbtest5_pkey on sbtest5  (cost=0.43..8.45 rows=1 width=490)
	        Index Cond: (id = 9999586)

table 6 : explain UPDATE sbtest6 SET c='foobar' WHERE id=8314927
	Update on sbtest6  (cost=0.43..8.45 rows=0 width=0)
	  ->  Index Scan using sbtest6_pkey on sbtest6  (cost=0.43..8.45 rows=1 width=490)
	        Index Cond: (id = 8314927)

table 7 : explain UPDATE sbtest7 SET c='foobar' WHERE id=3037979
	Update on sbtest7  (cost=0.43..8.45 rows=0 width=0)
	  ->  Index Scan using sbtest7_pkey on sbtest7  (cost=0.43..8.45 rows=1 width=490)
	        Index Cond: (id = 3037979)

table 8 : explain UPDATE sbtest8 SET c='foobar' WHERE id=4790272
	Update on sbtest8  (cost=0.43..8.45 rows=0 width=0)
	  ->  Index Scan using sbtest8_pkey on sbtest8  (cost=0.43..8.45 rows=1 width=490)
	        Index Cond: (id = 4790272)

explain: for point_selects :: explain SELECT c FROM sbtest%u WHERE id=%u
explain: for index_updates :: explain UPDATE sbtest%u SET k=k+1 WHERE id=%u
explain: for point_selects :: explain SELECT c FROM sbtest%u WHERE id=%u
explain: for inserts :: explain INSERT INTO sbtest%u (id, k, c, pad) VALUES (%u, 13, 'foobar', 'foobar')
explain: for deletes :: explain DELETE FROM sbtest%u WHERE id=%u
for: simple_ranges
table 1 : explain SELECT c FROM sbtest1 WHERE id BETWEEN 7331575 AND 7331584
	Index Scan using sbtest1_pkey on sbtest1  (cost=0.43..44.33 rows=11 width=121)
	  Index Cond: ((id >= 7331575) AND (id <= 7331584))

table 2 : explain SELECT c FROM sbtest2 WHERE id BETWEEN 4409808 AND 4409817
	Index Scan using sbtest2_pkey on sbtest2  (cost=0.43..40.59 rows=10 width=121)
	  Index Cond: ((id >= 4409808) AND (id <= 4409817))

table 3 : explain SELECT c FROM sbtest3 WHERE id BETWEEN 4996081 AND 4996090
	Index Scan using sbtest3_pkey on sbtest3  (cost=0.43..43.94 rows=11 width=121)
	  Index Cond: ((id >= 4996081) AND (id <= 4996090))

table 4 : explain SELECT c FROM sbtest4 WHERE id BETWEEN 4961974 AND 4961983
	Index Scan using sbtest4_pkey on sbtest4  (cost=0.43..43.78 rows=11 width=121)
	  Index Cond: ((id >= 4961974) AND (id <= 4961983))

table 5 : explain SELECT c FROM sbtest5 WHERE id BETWEEN 9245178 AND 9245187
	Index Scan using sbtest5_pkey on sbtest5  (cost=0.43..43.93 rows=11 width=121)
	  Index Cond: ((id >= 9245178) AND (id <= 9245187))

table 6 : explain SELECT c FROM sbtest6 WHERE id BETWEEN 7108751 AND 7108760
	Index Scan using sbtest6_pkey on sbtest6  (cost=0.43..44.31 rows=11 width=121)
	  Index Cond: ((id >= 7108751) AND (id <= 7108760))

table 7 : explain SELECT c FROM sbtest7 WHERE id BETWEEN 7861367 AND 7861376
	Index Scan using sbtest7_pkey on sbtest7  (cost=0.43..40.03 rows=10 width=121)
	  Index Cond: ((id >= 7861367) AND (id <= 7861376))

table 8 : explain SELECT c FROM sbtest8 WHERE id BETWEEN 6751791 AND 6751800
	Index Scan using sbtest8_pkey on sbtest8  (cost=0.43..40.46 rows=10 width=121)
	  Index Cond: ((id >= 6751791) AND (id <= 6751800))

for: simple_ranges
table 1 : explain SELECT c FROM sbtest1 WHERE id BETWEEN 9570378 AND 9570387
	Index Scan using sbtest1_pkey on sbtest1  (cost=0.43..40.75 rows=10 width=121)
	  Index Cond: ((id >= 9570378) AND (id <= 9570387))

table 2 : explain SELECT c FROM sbtest2 WHERE id BETWEEN 8384578 AND 8384587
	Index Scan using sbtest2_pkey on sbtest2  (cost=0.43..37.02 rows=9 width=121)
	  Index Cond: ((id >= 8384578) AND (id <= 8384587))

table 3 : explain SELECT c FROM sbtest3 WHERE id BETWEEN 4009749 AND 4009758
	Index Scan using sbtest3_pkey on sbtest3  (cost=0.43..40.39 rows=10 width=121)
	  Index Cond: ((id >= 4009749) AND (id <= 4009758))

table 4 : explain SELECT c FROM sbtest4 WHERE id BETWEEN 6807107 AND 6807116
	Index Scan using sbtest4_pkey on sbtest4  (cost=0.43..40.25 rows=10 width=121)
	  Index Cond: ((id >= 6807107) AND (id <= 6807116))

table 5 : explain SELECT c FROM sbtest5 WHERE id BETWEEN 1621512 AND 1621521
	Index Scan using sbtest5_pkey on sbtest5  (cost=0.43..43.93 rows=11 width=121)
	  Index Cond: ((id >= 1621512) AND (id <= 1621521))

table 6 : explain SELECT c FROM sbtest6 WHERE id BETWEEN 4914720 AND 4914729
	Index Scan using sbtest6_pkey on sbtest6  (cost=0.43..40.73 rows=10 width=121)
	  Index Cond: ((id >= 4914720) AND (id <= 4914729))

table 7 : explain SELECT c FROM sbtest7 WHERE id BETWEEN 260380 AND 260389
	Index Scan using sbtest7_pkey on sbtest7  (cost=0.43..36.52 rows=9 width=121)
	  Index Cond: ((id >= 260380) AND (id <= 260389))

table 8 : explain SELECT c FROM sbtest8 WHERE id BETWEEN 6134911 AND 6134920
	Index Scan using sbtest8_pkey on sbtest8  (cost=0.43..36.91 rows=9 width=121)
	  Index Cond: ((id >= 6134911) AND (id <= 6134920))

for index_updates
table 1 : explain UPDATE sbtest1 SET k=k+1 WHERE id=3277856
	Update on sbtest1  (cost=0.43..8.46 rows=0 width=0)
	  ->  Index Scan using sbtest1_pkey on sbtest1  (cost=0.43..8.46 rows=1 width=10)
	        Index Cond: (id = 3277856)

table 2 : explain UPDATE sbtest2 SET k=k+1 WHERE id=69057
	Update on sbtest2  (cost=0.43..8.46 rows=0 width=0)
	  ->  Index Scan using sbtest2_pkey on sbtest2  (cost=0.43..8.46 rows=1 width=10)
	        Index Cond: (id = 69057)

table 3 : explain UPDATE sbtest3 SET k=k+1 WHERE id=5114906
	Update on sbtest3  (cost=0.43..8.46 rows=0 width=0)
	  ->  Index Scan using sbtest3_pkey on sbtest3  (cost=0.43..8.46 rows=1 width=10)
	        Index Cond: (id = 5114906)

table 4 : explain UPDATE sbtest4 SET k=k+1 WHERE id=3829702
	Update on sbtest4  (cost=0.43..8.46 rows=0 width=0)
	  ->  Index Scan using sbtest4_pkey on sbtest4  (cost=0.43..8.46 rows=1 width=10)
	        Index Cond: (id = 3829702)

table 5 : explain UPDATE sbtest5 SET k=k+1 WHERE id=1346728
	Update on sbtest5  (cost=0.43..8.46 rows=0 width=0)
	  ->  Index Scan using sbtest5_pkey on sbtest5  (cost=0.43..8.46 rows=1 width=10)
	        Index Cond: (id = 1346728)

table 6 : explain UPDATE sbtest6 SET k=k+1 WHERE id=1227219
	Update on sbtest6  (cost=0.43..8.46 rows=0 width=0)
	  ->  Index Scan using sbtest6_pkey on sbtest6  (cost=0.43..8.46 rows=1 width=10)
	        Index Cond: (id = 1227219)

table 7 : explain UPDATE sbtest7 SET k=k+1 WHERE id=6082706
	Update on sbtest7  (cost=0.43..8.46 rows=0 width=0)
	  ->  Index Scan using sbtest7_pkey on sbtest7  (cost=0.43..8.46 rows=1 width=10)
	        Index Cond: (id = 6082706)

table 8 : explain UPDATE sbtest8 SET k=k+1 WHERE id=6933020
	Update on sbtest8  (cost=0.43..8.46 rows=0 width=0)
	  ->  Index Scan using sbtest8_pkey on sbtest8  (cost=0.43..8.46 rows=1 width=10)
	        Index Cond: (id = 6933020)

for point_selects
table 1 : explain SELECT c FROM sbtest1 WHERE id=3096926
	Index Scan using sbtest1_pkey on sbtest1  (cost=0.43..8.45 rows=1 width=121)
	  Index Cond: (id = 3096926)

table 2 : explain SELECT c FROM sbtest2 WHERE id=9520186
	Index Scan using sbtest2_pkey on sbtest2  (cost=0.43..8.45 rows=1 width=121)
	  Index Cond: (id = 9520186)

table 3 : explain SELECT c FROM sbtest3 WHERE id=4508293
	Index Scan using sbtest3_pkey on sbtest3  (cost=0.43..8.45 rows=1 width=121)
	  Index Cond: (id = 4508293)

table 4 : explain SELECT c FROM sbtest4 WHERE id=9736958
	Index Scan using sbtest4_pkey on sbtest4  (cost=0.43..8.45 rows=1 width=121)
	  Index Cond: (id = 9736958)

table 5 : explain SELECT c FROM sbtest5 WHERE id=3831094
	Index Scan using sbtest5_pkey on sbtest5  (cost=0.43..8.45 rows=1 width=121)
	  Index Cond: (id = 3831094)

table 6 : explain SELECT c FROM sbtest6 WHERE id=1316600
	Index Scan using sbtest6_pkey on sbtest6  (cost=0.43..8.45 rows=1 width=121)
	  Index Cond: (id = 1316600)

table 7 : explain SELECT c FROM sbtest7 WHERE id=3656442
	Index Scan using sbtest7_pkey on sbtest7  (cost=0.43..8.45 rows=1 width=121)
	  Index Cond: (id = 3656442)

table 8 : explain SELECT c FROM sbtest8 WHERE id=8947733
	Index Scan using sbtest8_pkey on sbtest8  (cost=0.43..8.45 rows=1 width=121)
	  Index Cond: (id = 8947733)

for: distinct_ranges
table 1 : explain SELECT DISTINCT c FROM sbtest1 WHERE id BETWEEN 5634259 AND 5634268 ORDER BY c
	Unique  (cost=40.91..40.96 rows=10 width=121)
	  ->  Sort  (cost=40.91..40.94 rows=10 width=121)
	        Sort Key: c
	        ->  Index Scan using sbtest1_pkey on sbtest1  (cost=0.43..40.75 rows=10 width=121)
	              Index Cond: ((id >= 5634259) AND (id <= 5634268))

table 2 : explain SELECT DISTINCT c FROM sbtest2 WHERE id BETWEEN 5281206 AND 5281215 ORDER BY c
	Unique  (cost=44.35..44.40 rows=11 width=121)
	  ->  Sort  (cost=44.35..44.38 rows=11 width=121)
	        Sort Key: c
	        ->  Index Scan using sbtest2_pkey on sbtest2  (cost=0.43..44.16 rows=11 width=121)
	              Index Cond: ((id >= 5281206) AND (id <= 5281215))

table 3 : explain SELECT DISTINCT c FROM sbtest3 WHERE id BETWEEN 5060752 AND 5060761 ORDER BY c
	Unique  (cost=44.13..44.19 rows=11 width=121)
	  ->  Sort  (cost=44.13..44.16 rows=11 width=121)
	        Sort Key: c
	        ->  Index Scan using sbtest3_pkey on sbtest3  (cost=0.43..43.94 rows=11 width=121)
	              Index Cond: ((id >= 5060752) AND (id <= 5060761))

table 4 : explain SELECT DISTINCT c FROM sbtest4 WHERE id BETWEEN 5398042 AND 5398051 ORDER BY c
	Unique  (cost=40.42..40.47 rows=10 width=121)
	  ->  Sort  (cost=40.42..40.44 rows=10 width=121)
	        Sort Key: c
	        ->  Index Scan using sbtest4_pkey on sbtest4  (cost=0.43..40.25 rows=10 width=121)
	              Index Cond: ((id >= 5398042) AND (id <= 5398051))

table 5 : explain SELECT DISTINCT c FROM sbtest5 WHERE id BETWEEN 6215219 AND 6215228 ORDER BY c
	Unique  (cost=40.55..40.60 rows=10 width=121)
	  ->  Sort  (cost=40.55..40.57 rows=10 width=121)
	        Sort Key: c
	        ->  Index Scan using sbtest5_pkey on sbtest5  (cost=0.43..40.38 rows=10 width=121)
	              Index Cond: ((id >= 6215219) AND (id <= 6215228))

table 6 : explain SELECT DISTINCT c FROM sbtest6 WHERE id BETWEEN 1014634 AND 1014643 ORDER BY c
	Unique  (cost=44.50..44.56 rows=11 width=121)
	  ->  Sort  (cost=44.50..44.53 rows=11 width=121)
	        Sort Key: c
	        ->  Index Scan using sbtest6_pkey on sbtest6  (cost=0.43..44.31 rows=11 width=121)
	              Index Cond: ((id >= 1014634) AND (id <= 1014643))

table 7 : explain SELECT DISTINCT c FROM sbtest7 WHERE id BETWEEN 8515723 AND 8515732 ORDER BY c
	Unique  (cost=40.20..40.25 rows=10 width=121)
	  ->  Sort  (cost=40.20..40.22 rows=10 width=121)
	        Sort Key: c
	        ->  Index Scan using sbtest7_pkey on sbtest7  (cost=0.43..40.03 rows=10 width=121)
	              Index Cond: ((id >= 8515723) AND (id <= 8515732))

table 8 : explain SELECT DISTINCT c FROM sbtest8 WHERE id BETWEEN 4529083 AND 4529092 ORDER BY c
	Unique  (cost=44.21..44.26 rows=11 width=121)
	  ->  Sort  (cost=44.21..44.24 rows=11 width=121)
	        Sort Key: c
	        ->  Index Scan using sbtest8_pkey on sbtest8  (cost=0.43..44.02 rows=11 width=121)
	              Index Cond: ((id >= 4529083) AND (id <= 4529092))

for inserts
table 1 : explain INSERT INTO sbtest1 (id, k, c, pad) VALUES (2662832, 13, 'foobar', 'foobar')
	Insert on sbtest1  (cost=0.00..0.01 rows=0 width=0)
	  ->  Result  (cost=0.00..0.01 rows=1 width=736)

table 2 : explain INSERT INTO sbtest2 (id, k, c, pad) VALUES (4154863, 13, 'foobar', 'foobar')
	Insert on sbtest2  (cost=0.00..0.01 rows=0 width=0)
	  ->  Result  (cost=0.00..0.01 rows=1 width=736)

table 3 : explain INSERT INTO sbtest3 (id, k, c, pad) VALUES (8591496, 13, 'foobar', 'foobar')
	Insert on sbtest3  (cost=0.00..0.01 rows=0 width=0)
	  ->  Result  (cost=0.00..0.01 rows=1 width=736)

table 4 : explain INSERT INTO sbtest4 (id, k, c, pad) VALUES (4497085, 13, 'foobar', 'foobar')
	Insert on sbtest4  (cost=0.00..0.01 rows=0 width=0)
	  ->  Result  (cost=0.00..0.01 rows=1 width=736)

table 5 : explain INSERT INTO sbtest5 (id, k, c, pad) VALUES (1532231, 13, 'foobar', 'foobar')
	Insert on sbtest5  (cost=0.00..0.01 rows=0 width=0)
	  ->  Result  (cost=0.00..0.01 rows=1 width=736)

table 6 : explain INSERT INTO sbtest6 (id, k, c, pad) VALUES (3419628, 13, 'foobar', 'foobar')
	Insert on sbtest6  (cost=0.00..0.01 rows=0 width=0)
	  ->  Result  (cost=0.00..0.01 rows=1 width=736)

table 7 : explain INSERT INTO sbtest7 (id, k, c, pad) VALUES (9601674, 13, 'foobar', 'foobar')
	Insert on sbtest7  (cost=0.00..0.01 rows=0 width=0)
	  ->  Result  (cost=0.00..0.01 rows=1 width=736)

table 8 : explain INSERT INTO sbtest8 (id, k, c, pad) VALUES (5583049, 13, 'foobar', 'foobar')
	Insert on sbtest8  (cost=0.00..0.01 rows=0 width=0)
	  ->  Result  (cost=0.00..0.01 rows=1 width=736)

for index_updates
table 1 : explain UPDATE sbtest1 SET k=k+1 WHERE id=9455211
	Update on sbtest1  (cost=0.43..8.46 rows=0 width=0)
	  ->  Index Scan using sbtest1_pkey on sbtest1  (cost=0.43..8.46 rows=1 width=10)
	        Index Cond: (id = 9455211)

table 2 : explain UPDATE sbtest2 SET k=k+1 WHERE id=6681860
	Update on sbtest2  (cost=0.43..8.46 rows=0 width=0)
	  ->  Index Scan using sbtest2_pkey on sbtest2  (cost=0.43..8.46 rows=1 width=10)
	        Index Cond: (id = 6681860)

table 3 : explain UPDATE sbtest3 SET k=k+1 WHERE id=8579318
	Update on sbtest3  (cost=0.43..8.46 rows=0 width=0)
	  ->  Index Scan using sbtest3_pkey on sbtest3  (cost=0.43..8.46 rows=1 width=10)
	        Index Cond: (id = 8579318)

table 4 : explain UPDATE sbtest4 SET k=k+1 WHERE id=8803701
	Update on sbtest4  (cost=0.43..8.46 rows=0 width=0)
	  ->  Index Scan using sbtest4_pkey on sbtest4  (cost=0.43..8.46 rows=1 width=10)
	        Index Cond: (id = 8803701)

table 5 : explain UPDATE sbtest5 SET k=k+1 WHERE id=682852
	Update on sbtest5  (cost=0.43..8.46 rows=0 width=0)
	  ->  Index Scan using sbtest5_pkey on sbtest5  (cost=0.43..8.46 rows=1 width=10)
	        Index Cond: (id = 682852)

table 6 : explain UPDATE sbtest6 SET k=k+1 WHERE id=2717795
	Update on sbtest6  (cost=0.43..8.46 rows=0 width=0)
	  ->  Index Scan using sbtest6_pkey on sbtest6  (cost=0.43..8.46 rows=1 width=10)
	        Index Cond: (id = 2717795)

table 7 : explain UPDATE sbtest7 SET k=k+1 WHERE id=5599737
	Update on sbtest7  (cost=0.43..8.46 rows=0 width=0)
	  ->  Index Scan using sbtest7_pkey on sbtest7  (cost=0.43..8.46 rows=1 width=10)
	        Index Cond: (id = 5599737)

table 8 : explain UPDATE sbtest8 SET k=k+1 WHERE id=4743289
	Update on sbtest8  (cost=0.43..8.46 rows=0 width=0)
	  ->  Index Scan using sbtest8_pkey on sbtest8  (cost=0.43..8.46 rows=1 width=10)
	        Index Cond: (id = 4743289)

for index_updates
table 1 : explain UPDATE sbtest1 SET k=k+1 WHERE id=3512814
	Update on sbtest1  (cost=0.43..8.46 rows=0 width=0)
	  ->  Index Scan using sbtest1_pkey on sbtest1  (cost=0.43..8.46 rows=1 width=10)
	        Index Cond: (id = 3512814)

table 2 : explain UPDATE sbtest2 SET k=k+1 WHERE id=3617697
	Update on sbtest2  (cost=0.43..8.46 rows=0 width=0)
	  ->  Index Scan using sbtest2_pkey on sbtest2  (cost=0.43..8.46 rows=1 width=10)
	        Index Cond: (id = 3617697)

table 3 : explain UPDATE sbtest3 SET k=k+1 WHERE id=7778670
	Update on sbtest3  (cost=0.43..8.46 rows=0 width=0)
	  ->  Index Scan using sbtest3_pkey on sbtest3  (cost=0.43..8.46 rows=1 width=10)
	        Index Cond: (id = 7778670)

table 4 : explain UPDATE sbtest4 SET k=k+1 WHERE id=6922924
	Update on sbtest4  (cost=0.43..8.46 rows=0 width=0)
	  ->  Index Scan using sbtest4_pkey on sbtest4  (cost=0.43..8.46 rows=1 width=10)
	        Index Cond: (id = 6922924)

table 5 : explain UPDATE sbtest5 SET k=k+1 WHERE id=7596958
	Update on sbtest5  (cost=0.43..8.46 rows=0 width=0)
	  ->  Index Scan using sbtest5_pkey on sbtest5  (cost=0.43..8.46 rows=1 width=10)
	        Index Cond: (id = 7596958)

table 6 : explain UPDATE sbtest6 SET k=k+1 WHERE id=9608501
	Update on sbtest6  (cost=0.43..8.46 rows=0 width=0)
	  ->  Index Scan using sbtest6_pkey on sbtest6  (cost=0.43..8.46 rows=1 width=10)
	        Index Cond: (id = 9608501)

table 7 : explain UPDATE sbtest7 SET k=k+1 WHERE id=5854840
	Update on sbtest7  (cost=0.43..8.46 rows=0 width=0)
	  ->  Index Scan using sbtest7_pkey on sbtest7  (cost=0.43..8.46 rows=1 width=10)
	        Index Cond: (id = 5854840)

table 8 : explain UPDATE sbtest8 SET k=k+1 WHERE id=751264
	Update on sbtest8  (cost=0.43..8.46 rows=0 width=0)
	  ->  Index Scan using sbtest8_pkey on sbtest8  (cost=0.43..8.46 rows=1 width=10)
	        Index Cond: (id = 751264)

explain: for point_selects :: explain SELECT c FROM sbtest%u WHERE id=%u
for deletes
table 1 : explain DELETE FROM sbtest1 WHERE id=9058043
	Delete on sbtest1  (cost=0.43..8.45 rows=0 width=0)
	  ->  Index Scan using sbtest1_pkey on sbtest1  (cost=0.43..8.45 rows=1 width=6)
	        Index Cond: (id = 9058043)

table 2 : explain DELETE FROM sbtest2 WHERE id=7120151
	Delete on sbtest2  (cost=0.43..8.45 rows=0 width=0)
	  ->  Index Scan using sbtest2_pkey on sbtest2  (cost=0.43..8.45 rows=1 width=6)
	        Index Cond: (id = 7120151)

table 3 : explain DELETE FROM sbtest3 WHERE id=5612646
	Delete on sbtest3  (cost=0.43..8.45 rows=0 width=0)
	  ->  Index Scan using sbtest3_pkey on sbtest3  (cost=0.43..8.45 rows=1 width=6)
	        Index Cond: (id = 5612646)

table 4 : explain DELETE FROM sbtest4 WHERE id=4804910
	Delete on sbtest4  (cost=0.43..8.45 rows=0 width=0)
	  ->  Index Scan using sbtest4_pkey on sbtest4  (cost=0.43..8.45 rows=1 width=6)
	        Index Cond: (id = 4804910)

table 5 : explain DELETE FROM sbtest5 WHERE id=5208004
	Delete on sbtest5  (cost=0.43..8.45 rows=0 width=0)
	  ->  Index Scan using sbtest5_pkey on sbtest5  (cost=0.43..8.45 rows=1 width=6)
	        Index Cond: (id = 5208004)

table 6 : explain DELETE FROM sbtest6 WHERE id=3597938
	Delete on sbtest6  (cost=0.43..8.45 rows=0 width=0)
	  ->  Index Scan using sbtest6_pkey on sbtest6  (cost=0.43..8.45 rows=1 width=6)
	        Index Cond: (id = 3597938)

table 7 : explain DELETE FROM sbtest7 WHERE id=3480448
	Delete on sbtest7  (cost=0.43..8.45 rows=0 width=0)
	  ->  Index Scan using sbtest7_pkey on sbtest7  (cost=0.43..8.45 rows=1 width=6)
	        Index Cond: (id = 3480448)

table 8 : explain DELETE FROM sbtest8 WHERE id=7888345
	Delete on sbtest8  (cost=0.43..8.45 rows=0 width=0)
	  ->  Index Scan using sbtest8_pkey on sbtest8  (cost=0.43..8.45 rows=1 width=6)
	        Index Cond: (id = 7888345)

for: order_ranges
table 1 : explain SELECT c FROM sbtest1 WHERE id BETWEEN 7422073 AND 7422082 ORDER BY c
	Sort  (cost=40.91..40.94 rows=10 width=121)
	  Sort Key: c
	  ->  Index Scan using sbtest1_pkey on sbtest1  (cost=0.43..40.75 rows=10 width=121)
	        Index Cond: ((id >= 7422073) AND (id <= 7422082))

table 2 : explain SELECT c FROM sbtest2 WHERE id BETWEEN 5130115 AND 5130124 ORDER BY c
	Sort  (cost=37.16..37.18 rows=9 width=121)
	  Sort Key: c
	  ->  Index Scan using sbtest2_pkey on sbtest2  (cost=0.43..37.02 rows=9 width=121)
	        Index Cond: ((id >= 5130115) AND (id <= 5130124))

table 3 : explain SELECT c FROM sbtest3 WHERE id BETWEEN 5165764 AND 5165773 ORDER BY c
	Sort  (cost=36.99..37.01 rows=9 width=121)
	  Sort Key: c
	  ->  Index Scan using sbtest3_pkey on sbtest3  (cost=0.43..36.84 rows=9 width=121)
	        Index Cond: ((id >= 5165764) AND (id <= 5165773))

table 4 : explain SELECT c FROM sbtest4 WHERE id BETWEEN 5479749 AND 5479758 ORDER BY c
	Sort  (cost=40.42..40.44 rows=10 width=121)
	  Sort Key: c
	  ->  Index Scan using sbtest4_pkey on sbtest4  (cost=0.43..40.25 rows=10 width=121)
	        Index Cond: ((id >= 5479749) AND (id <= 5479758))

table 5 : explain SELECT c FROM sbtest5 WHERE id BETWEEN 2255954 AND 2255963 ORDER BY c
	Sort  (cost=40.55..40.57 rows=10 width=121)
	  Sort Key: c
	  ->  Index Scan using sbtest5_pkey on sbtest5  (cost=0.43..40.38 rows=10 width=121)
	        Index Cond: ((id >= 2255954) AND (id <= 2255963))

table 6 : explain SELECT c FROM sbtest6 WHERE id BETWEEN 4720446 AND 4720455 ORDER BY c
	Sort  (cost=40.89..40.92 rows=10 width=121)
	  Sort Key: c
	  ->  Index Scan using sbtest6_pkey on sbtest6  (cost=0.43..40.73 rows=10 width=121)
	        Index Cond: ((id >= 4720446) AND (id <= 4720455))

table 7 : explain SELECT c FROM sbtest7 WHERE id BETWEEN 4776894 AND 4776903 ORDER BY c
	Sort  (cost=40.20..40.22 rows=10 width=121)
	  Sort Key: c
	  ->  Index Scan using sbtest7_pkey on sbtest7  (cost=0.43..40.03 rows=10 width=121)
	        Index Cond: ((id >= 4776894) AND (id <= 4776903))

table 8 : explain SELECT c FROM sbtest8 WHERE id BETWEEN 1797731 AND 1797740 ORDER BY c
	Sort  (cost=40.63..40.65 rows=10 width=121)
	  Sort Key: c
	  ->  Index Scan using sbtest8_pkey on sbtest8  (cost=0.43..40.46 rows=10 width=121)
	        Index Cond: ((id >= 1797731) AND (id <= 1797740))

for: simple_ranges
table 1 : explain SELECT c FROM sbtest1 WHERE id BETWEEN 5454664 AND 5454673
	Index Scan using sbtest1_pkey on sbtest1  (cost=0.43..37.16 rows=9 width=121)
	  Index Cond: ((id >= 5454664) AND (id <= 5454673))

table 2 : explain SELECT c FROM sbtest2 WHERE id BETWEEN 7001065 AND 7001074
	Index Scan using sbtest2_pkey on sbtest2  (cost=0.43..40.59 rows=10 width=121)
	  Index Cond: ((id >= 7001065) AND (id <= 7001074))

table 3 : explain SELECT c FROM sbtest3 WHERE id BETWEEN 5739618 AND 5739627
	Index Scan using sbtest3_pkey on sbtest3  (cost=0.43..43.94 rows=11 width=121)
	  Index Cond: ((id >= 5739618) AND (id <= 5739627))

table 4 : explain SELECT c FROM sbtest4 WHERE id BETWEEN 73407 AND 73416
	Index Scan using sbtest4_pkey on sbtest4  (cost=0.43..40.25 rows=10 width=121)
	  Index Cond: ((id >= 73407) AND (id <= 73416))

table 5 : explain SELECT c FROM sbtest5 WHERE id BETWEEN 425496 AND 425505
	Index Scan using sbtest5_pkey on sbtest5  (cost=0.43..43.93 rows=11 width=121)
	  Index Cond: ((id >= 425496) AND (id <= 425505))

table 6 : explain SELECT c FROM sbtest6 WHERE id BETWEEN 3741412 AND 3741421
	Index Scan using sbtest6_pkey on sbtest6  (cost=0.43..40.73 rows=10 width=121)
	  Index Cond: ((id >= 3741412) AND (id <= 3741421))

table 7 : explain SELECT c FROM sbtest7 WHERE id BETWEEN 8218904 AND 8218913
	Index Scan using sbtest7_pkey on sbtest7  (cost=0.43..40.03 rows=10 width=121)
	  Index Cond: ((id >= 8218904) AND (id <= 8218913))

table 8 : explain SELECT c FROM sbtest8 WHERE id BETWEEN 7579597 AND 7579606
	Index Scan using sbtest8_pkey on sbtest8  (cost=0.43..44.02 rows=11 width=121)
	  Index Cond: ((id >= 7579597) AND (id <= 7579606))

for index_updates
table 1 : explain UPDATE sbtest1 SET k=k+1 WHERE id=705654
	Update on sbtest1  (cost=0.43..8.46 rows=0 width=0)
	  ->  Index Scan using sbtest1_pkey on sbtest1  (cost=0.43..8.46 rows=1 width=10)
	        Index Cond: (id = 705654)

table 2 : explain UPDATE sbtest2 SET k=k+1 WHERE id=1424763
	Update on sbtest2  (cost=0.43..8.46 rows=0 width=0)
	  ->  Index Scan using sbtest2_pkey on sbtest2  (cost=0.43..8.46 rows=1 width=10)
	        Index Cond: (id = 1424763)

table 3 : explain UPDATE sbtest3 SET k=k+1 WHERE id=3034270
	Update on sbtest3  (cost=0.43..8.46 rows=0 width=0)
	  ->  Index Scan using sbtest3_pkey on sbtest3  (cost=0.43..8.46 rows=1 width=10)
	        Index Cond: (id = 3034270)

table 4 : explain UPDATE sbtest4 SET k=k+1 WHERE id=6976884
	Update on sbtest4  (cost=0.43..8.46 rows=0 width=0)
	  ->  Index Scan using sbtest4_pkey on sbtest4  (cost=0.43..8.46 rows=1 width=10)
	        Index Cond: (id = 6976884)

table 5 : explain UPDATE sbtest5 SET k=k+1 WHERE id=5070260
	Update on sbtest5  (cost=0.43..8.46 rows=0 width=0)
	  ->  Index Scan using sbtest5_pkey on sbtest5  (cost=0.43..8.46 rows=1 width=10)
	        Index Cond: (id = 5070260)

table 6 : explain UPDATE sbtest6 SET k=k+1 WHERE id=2309228
	Update on sbtest6  (cost=0.43..8.46 rows=0 width=0)
	  ->  Index Scan using sbtest6_pkey on sbtest6  (cost=0.43..8.46 rows=1 width=10)
	        Index Cond: (id = 2309228)

table 7 : explain UPDATE sbtest7 SET k=k+1 WHERE id=8297578
	Update on sbtest7  (cost=0.43..8.46 rows=0 width=0)
	  ->  Index Scan using sbtest7_pkey on sbtest7  (cost=0.43..8.46 rows=1 width=10)
	        Index Cond: (id = 8297578)

table 8 : explain UPDATE sbtest8 SET k=k+1 WHERE id=5933453
	Update on sbtest8  (cost=0.43..8.46 rows=0 width=0)
	  ->  Index Scan using sbtest8_pkey on sbtest8  (cost=0.43..8.46 rows=1 width=10)
	        Index Cond: (id = 5933453)

explain: for non_index_updates :: explain UPDATE sbtest%u SET c='foobar' WHERE id=%u
explain: for index_updates :: explain UPDATE sbtest%u SET k=k+1 WHERE id=%u
explain: for non_index_updates :: explain UPDATE sbtest%u SET c='foobar' WHERE id=%u
explain: for non_index_updates :: explain UPDATE sbtest%u SET c='foobar' WHERE id=%u
explain: for inserts :: explain INSERT INTO sbtest%u (id, k, c, pad) VALUES (%u, 13, 'foobar', 'foobar')
explain: for non_index_updates :: explain UPDATE sbtest%u SET c='foobar' WHERE id=%u
for: sum_ranges
table 1 : explain SELECT SUM(k) FROM sbtest1 WHERE id BETWEEN 2449536 AND 2449545
	Aggregate  (cost=40.77..40.78 rows=1 width=8)
	  ->  Index Scan using sbtest1_pkey on sbtest1  (cost=0.43..40.75 rows=10 width=4)
	        Index Cond: ((id >= 2449536) AND (id <= 2449545))

table 2 : explain SELECT SUM(k) FROM sbtest2 WHERE id BETWEEN 2009068 AND 2009077
	Aggregate  (cost=44.19..44.20 rows=1 width=8)
	  ->  Index Scan using sbtest2_pkey on sbtest2  (cost=0.43..44.16 rows=11 width=4)
	        Index Cond: ((id >= 2009068) AND (id <= 2009077))

table 3 : explain SELECT SUM(k) FROM sbtest3 WHERE id BETWEEN 8377253 AND 8377262
	Aggregate  (cost=36.87..36.88 rows=1 width=8)
	  ->  Index Scan using sbtest3_pkey on sbtest3  (cost=0.43..36.84 rows=9 width=4)
	        Index Cond: ((id >= 8377253) AND (id <= 8377262))

table 4 : explain SELECT SUM(k) FROM sbtest4 WHERE id BETWEEN 1451513 AND 1451522
	Aggregate  (cost=40.28..40.29 rows=1 width=8)
	  ->  Index Scan using sbtest4_pkey on sbtest4  (cost=0.43..40.25 rows=10 width=4)
	        Index Cond: ((id >= 1451513) AND (id <= 1451522))

table 5 : explain SELECT SUM(k) FROM sbtest5 WHERE id BETWEEN 1569528 AND 1569537
	Aggregate  (cost=40.40..40.41 rows=1 width=8)
	  ->  Index Scan using sbtest5_pkey on sbtest5  (cost=0.43..40.38 rows=10 width=4)
	        Index Cond: ((id >= 1569528) AND (id <= 1569537))

table 6 : explain SELECT SUM(k) FROM sbtest6 WHERE id BETWEEN 4453574 AND 4453583
	Aggregate  (cost=40.75..40.76 rows=1 width=8)
	  ->  Index Scan using sbtest6_pkey on sbtest6  (cost=0.43..40.73 rows=10 width=4)
	        Index Cond: ((id >= 4453574) AND (id <= 4453583))

table 7 : explain SELECT SUM(k) FROM sbtest7 WHERE id BETWEEN 3501018 AND 3501027
	Aggregate  (cost=40.06..40.07 rows=1 width=8)
	  ->  Index Scan using sbtest7_pkey on sbtest7  (cost=0.43..40.03 rows=10 width=4)
	        Index Cond: ((id >= 3501018) AND (id <= 3501027))

table 8 : explain SELECT SUM(k) FROM sbtest8 WHERE id BETWEEN 7940909 AND 7940918
	Aggregate  (cost=36.93..36.94 rows=1 width=8)
	  ->  Index Scan using sbtest8_pkey on sbtest8  (cost=0.43..36.91 rows=9 width=4)
	        Index Cond: ((id >= 7940909) AND (id <= 7940918))

explain: for inserts :: explain INSERT INTO sbtest%u (id, k, c, pad) VALUES (%u, 13, 'foobar', 'foobar')
for inserts
table 1 : explain INSERT INTO sbtest1 (id, k, c, pad) VALUES (9645689, 13, 'foobar', 'foobar')
	Insert on sbtest1  (cost=0.00..0.01 rows=0 width=0)
	  ->  Result  (cost=0.00..0.01 rows=1 width=736)

table 2 : explain INSERT INTO sbtest2 (id, k, c, pad) VALUES (8052697, 13, 'foobar', 'foobar')
	Insert on sbtest2  (cost=0.00..0.01 rows=0 width=0)
	  ->  Result  (cost=0.00..0.01 rows=1 width=736)

table 3 : explain INSERT INTO sbtest3 (id, k, c, pad) VALUES (8236560, 13, 'foobar', 'foobar')
	Insert on sbtest3  (cost=0.00..0.01 rows=0 width=0)
	  ->  Result  (cost=0.00..0.01 rows=1 width=736)

table 4 : explain INSERT INTO sbtest4 (id, k, c, pad) VALUES (8445911, 13, 'foobar', 'foobar')
	Insert on sbtest4  (cost=0.00..0.01 rows=0 width=0)
	  ->  Result  (cost=0.00..0.01 rows=1 width=736)

table 5 : explain INSERT INTO sbtest5 (id, k, c, pad) VALUES (315194, 13, 'foobar', 'foobar')
	Insert on sbtest5  (cost=0.00..0.01 rows=0 width=0)
	  ->  Result  (cost=0.00..0.01 rows=1 width=736)

table 6 : explain INSERT INTO sbtest6 (id, k, c, pad) VALUES (1621711, 13, 'foobar', 'foobar')
	Insert on sbtest6  (cost=0.00..0.01 rows=0 width=0)
	  ->  Result  (cost=0.00..0.01 rows=1 width=736)

table 7 : explain INSERT INTO sbtest7 (id, k, c, pad) VALUES (3723254, 13, 'foobar', 'foobar')
	Insert on sbtest7  (cost=0.00..0.01 rows=0 width=0)
	  ->  Result  (cost=0.00..0.01 rows=1 width=736)

table 8 : explain INSERT INTO sbtest8 (id, k, c, pad) VALUES (3664636, 13, 'foobar', 'foobar')
	Insert on sbtest8  (cost=0.00..0.01 rows=0 width=0)
	  ->  Result  (cost=0.00..0.01 rows=1 width=736)

for: sum_ranges
table 1 : explain SELECT SUM(k) FROM sbtest1 WHERE id BETWEEN 323502 AND 323511
	Aggregate  (cost=40.77..40.78 rows=1 width=8)
	  ->  Index Scan using sbtest1_pkey on sbtest1  (cost=0.43..40.75 rows=10 width=4)
	        Index Cond: ((id >= 323502) AND (id <= 323511))

table 2 : explain SELECT SUM(k) FROM sbtest2 WHERE id BETWEEN 3846931 AND 3846940
	Aggregate  (cost=37.04..37.05 rows=1 width=8)
	  ->  Index Scan using sbtest2_pkey on sbtest2  (cost=0.43..37.02 rows=9 width=4)
	        Index Cond: ((id >= 3846931) AND (id <= 3846940))

table 3 : explain SELECT SUM(k) FROM sbtest3 WHERE id BETWEEN 7803373 AND 7803382
	Aggregate  (cost=40.42..40.43 rows=1 width=8)
	  ->  Index Scan using sbtest3_pkey on sbtest3  (cost=0.43..40.39 rows=10 width=4)
	        Index Cond: ((id >= 7803373) AND (id <= 7803382))

table 4 : explain SELECT SUM(k) FROM sbtest4 WHERE id BETWEEN 3331943 AND 3331952
	Aggregate  (cost=40.28..40.29 rows=1 width=8)
	  ->  Index Scan using sbtest4_pkey on sbtest4  (cost=0.43..40.25 rows=10 width=4)
	        Index Cond: ((id >= 3331943) AND (id <= 3331952))

table 5 : explain SELECT SUM(k) FROM sbtest5 WHERE id BETWEEN 9128560 AND 9128569
	Aggregate  (cost=36.85..36.86 rows=1 width=8)
	  ->  Index Scan using sbtest5_pkey on sbtest5  (cost=0.43..36.83 rows=9 width=4)
	        Index Cond: ((id >= 9128560) AND (id <= 9128569))

table 6 : explain SELECT SUM(k) FROM sbtest6 WHERE id BETWEEN 7284804 AND 7284813
	Aggregate  (cost=40.75..40.76 rows=1 width=8)
	  ->  Index Scan using sbtest6_pkey on sbtest6  (cost=0.43..40.73 rows=10 width=4)
	        Index Cond: ((id >= 7284804) AND (id <= 7284813))

table 7 : explain SELECT SUM(k) FROM sbtest7 WHERE id BETWEEN 5851536 AND 5851545
	Aggregate  (cost=36.54..36.55 rows=1 width=8)
	  ->  Index Scan using sbtest7_pkey on sbtest7  (cost=0.43..36.52 rows=9 width=4)
	        Index Cond: ((id >= 5851536) AND (id <= 5851545))

table 8 : explain SELECT SUM(k) FROM sbtest8 WHERE id BETWEEN 448647 AND 448656
	Aggregate  (cost=40.49..40.50 rows=1 width=8)
	  ->  Index Scan using sbtest8_pkey on sbtest8  (cost=0.43..40.46 rows=10 width=4)
	        Index Cond: ((id >= 448647) AND (id <= 448656))

for point_selects
table 1 : explain SELECT c FROM sbtest1 WHERE id=1494228
	Index Scan using sbtest1_pkey on sbtest1  (cost=0.43..8.45 rows=1 width=121)
	  Index Cond: (id = 1494228)

table 2 : explain SELECT c FROM sbtest2 WHERE id=3175316
	Index Scan using sbtest2_pkey on sbtest2  (cost=0.43..8.45 rows=1 width=121)
	  Index Cond: (id = 3175316)

table 3 : explain SELECT c FROM sbtest3 WHERE id=6841683
	Index Scan using sbtest3_pkey on sbtest3  (cost=0.43..8.45 rows=1 width=121)
	  Index Cond: (id = 6841683)

table 4 : explain SELECT c FROM sbtest4 WHERE id=422695
	Index Scan using sbtest4_pkey on sbtest4  (cost=0.43..8.45 rows=1 width=121)
	  Index Cond: (id = 422695)

table 5 : explain SELECT c FROM sbtest5 WHERE id=7687039
	Index Scan using sbtest5_pkey on sbtest5  (cost=0.43..8.45 rows=1 width=121)
	  Index Cond: (id = 7687039)

table 6 : explain SELECT c FROM sbtest6 WHERE id=1277638
	Index Scan using sbtest6_pkey on sbtest6  (cost=0.43..8.45 rows=1 width=121)
	  Index Cond: (id = 1277638)

table 7 : explain SELECT c FROM sbtest7 WHERE id=5859254
	Index Scan using sbtest7_pkey on sbtest7  (cost=0.43..8.45 rows=1 width=121)
	  Index Cond: (id = 5859254)

table 8 : explain SELECT c FROM sbtest8 WHERE id=4421775
	Index Scan using sbtest8_pkey on sbtest8  (cost=0.43..8.45 rows=1 width=121)
	  Index Cond: (id = 4421775)

for: order_ranges
table 1 : explain SELECT c FROM sbtest1 WHERE id BETWEEN 4468485 AND 4468494 ORDER BY c
	Sort  (cost=44.53..44.55 rows=11 width=121)
	  Sort Key: c
	  ->  Index Scan using sbtest1_pkey on sbtest1  (cost=0.43..44.33 rows=11 width=121)
	        Index Cond: ((id >= 4468485) AND (id <= 4468494))

table 2 : explain SELECT c FROM sbtest2 WHERE id BETWEEN 1101800 AND 1101809 ORDER BY c
	Sort  (cost=40.75..40.78 rows=10 width=121)
	  Sort Key: c
	  ->  Index Scan using sbtest2_pkey on sbtest2  (cost=0.43..40.59 rows=10 width=121)
	        Index Cond: ((id >= 1101800) AND (id <= 1101809))

table 3 : explain SELECT c FROM sbtest3 WHERE id BETWEEN 3875863 AND 3875872 ORDER BY c
	Sort  (cost=40.56..40.58 rows=10 width=121)
	  Sort Key: c
	  ->  Index Scan using sbtest3_pkey on sbtest3  (cost=0.43..40.39 rows=10 width=121)
	        Index Cond: ((id >= 3875863) AND (id <= 3875872))

table 4 : explain SELECT c FROM sbtest4 WHERE id BETWEEN 2484511 AND 2484520 ORDER BY c
	Sort  (cost=40.42..40.44 rows=10 width=121)
	  Sort Key: c
	  ->  Index Scan using sbtest4_pkey on sbtest4  (cost=0.43..40.25 rows=10 width=121)
	        Index Cond: ((id >= 2484511) AND (id <= 2484520))

table 5 : explain SELECT c FROM sbtest5 WHERE id BETWEEN 7549580 AND 7549589 ORDER BY c
	Sort  (cost=44.12..44.14 rows=11 width=121)
	  Sort Key: c
	  ->  Index Scan using sbtest5_pkey on sbtest5  (cost=0.43..43.93 rows=11 width=121)
	        Index Cond: ((id >= 7549580) AND (id <= 7549589))

table 6 : explain SELECT c FROM sbtest6 WHERE id BETWEEN 6145178 AND 6145187 ORDER BY c
	Sort  (cost=40.89..40.92 rows=10 width=121)
	  Sort Key: c
	  ->  Index Scan using sbtest6_pkey on sbtest6  (cost=0.43..40.73 rows=10 width=121)
	        Index Cond: ((id >= 6145178) AND (id <= 6145187))

table 7 : explain SELECT c FROM sbtest7 WHERE id BETWEEN 9558799 AND 9558808 ORDER BY c
	Sort  (cost=40.20..40.22 rows=10 width=121)
	  Sort Key: c
	  ->  Index Scan using sbtest7_pkey on sbtest7  (cost=0.43..40.03 rows=10 width=121)
	        Index Cond: ((id >= 9558799) AND (id <= 9558808))

table 8 : explain SELECT c FROM sbtest8 WHERE id BETWEEN 4575211 AND 4575220 ORDER BY c
	Sort  (cost=44.21..44.24 rows=11 width=121)
	  Sort Key: c
	  ->  Index Scan using sbtest8_pkey on sbtest8  (cost=0.43..44.02 rows=11 width=121)
	        Index Cond: ((id >= 4575211) AND (id <= 4575220))

for non_index_updates
table 1 : explain UPDATE sbtest1 SET c='foobar' WHERE id=8014659
	Update on sbtest1  (cost=0.43..8.45 rows=0 width=0)
	  ->  Index Scan using sbtest1_pkey on sbtest1  (cost=0.43..8.45 rows=1 width=490)
	        Index Cond: (id = 8014659)

table 2 : explain UPDATE sbtest2 SET c='foobar' WHERE id=5900687
	Update on sbtest2  (cost=0.43..8.45 rows=0 width=0)
	  ->  Index Scan using sbtest2_pkey on sbtest2  (cost=0.43..8.45 rows=1 width=490)
	        Index Cond: (id = 5900687)

table 3 : explain UPDATE sbtest3 SET c='foobar' WHERE id=9424734
	Update on sbtest3  (cost=0.43..8.45 rows=0 width=0)
	  ->  Index Scan using sbtest3_pkey on sbtest3  (cost=0.43..8.45 rows=1 width=490)
	        Index Cond: (id = 9424734)

table 4 : explain UPDATE sbtest4 SET c='foobar' WHERE id=5889154
	Update on sbtest4  (cost=0.43..8.45 rows=0 width=0)
	  ->  Index Scan using sbtest4_pkey on sbtest4  (cost=0.43..8.45 rows=1 width=490)
	        Index Cond: (id = 5889154)

table 5 : explain UPDATE sbtest5 SET c='foobar' WHERE id=4204409
	Update on sbtest5  (cost=0.43..8.45 rows=0 width=0)
	  ->  Index Scan using sbtest5_pkey on sbtest5  (cost=0.43..8.45 rows=1 width=490)
	        Index Cond: (id = 4204409)

table 6 : explain UPDATE sbtest6 SET c='foobar' WHERE id=245204
	Update on sbtest6  (cost=0.43..8.45 rows=0 width=0)
	  ->  Index Scan using sbtest6_pkey on sbtest6  (cost=0.43..8.45 rows=1 width=490)
	        Index Cond: (id = 245204)

table 7 : explain UPDATE sbtest7 SET c='foobar' WHERE id=5944256
	Update on sbtest7  (cost=0.43..8.45 rows=0 width=0)
	  ->  Index Scan using sbtest7_pkey on sbtest7  (cost=0.43..8.45 rows=1 width=490)
	        Index Cond: (id = 5944256)

table 8 : explain UPDATE sbtest8 SET c='foobar' WHERE id=9015929
	Update on sbtest8  (cost=0.43..8.45 rows=0 width=0)
	  ->  Index Scan using sbtest8_pkey on sbtest8  (cost=0.43..8.45 rows=1 width=490)
	        Index Cond: (id = 9015929)
explain: for inserts :: explain INSERT INTO sbtest%u (id, k, c, pad) VALUES (%u, 13, 'foobar', 'foobar')

for: sum_ranges
table 1 : explain SELECT SUM(k) FROM sbtest1 WHERE id BETWEEN 6200644 AND 6200653
	Aggregate  (cost=40.77..40.78 rows=1 width=8)
	  ->  Index Scan using sbtest1_pkey on sbtest1  (cost=0.43..40.75 rows=10 width=4)
	        Index Cond: ((id >= 6200644) AND (id <= 6200653))

table 2 : explain SELECT SUM(k) FROM sbtest2 WHERE id BETWEEN 4348647 AND 4348656
	Aggregate  (cost=37.04..37.05 rows=1 width=8)
	  ->  Index Scan using sbtest2_pkey on sbtest2  (cost=0.43..37.02 rows=9 width=4)
	        Index Cond: ((id >= 4348647) AND (id <= 4348656))

table 3 : explain SELECT SUM(k) FROM sbtest3 WHERE id BETWEEN 639602 AND 639611
	Aggregate  (cost=40.42..40.43 rows=1 width=8)
	  ->  Index Scan using sbtest3_pkey on sbtest3  (cost=0.43..40.39 rows=10 width=4)
	        Index Cond: ((id >= 639602) AND (id <= 639611))

table 4 : explain SELECT SUM(k) FROM sbtest4 WHERE id BETWEEN 9485003 AND 9485012
	Aggregate  (cost=40.28..40.29 rows=1 width=8)
	  ->  Index Scan using sbtest4_pkey on sbtest4  (cost=0.43..40.25 rows=10 width=4)
	        Index Cond: ((id >= 9485003) AND (id <= 9485012))

table 5 : explain SELECT SUM(k) FROM sbtest5 WHERE id BETWEEN 2302728 AND 2302737
	Aggregate  (cost=40.40..40.41 rows=1 width=8)
	  ->  Index Scan using sbtest5_pkey on sbtest5  (cost=0.43..40.38 rows=10 width=4)
	        Index Cond: ((id >= 2302728) AND (id <= 2302737))

table 6 : explain SELECT SUM(k) FROM sbtest6 WHERE id BETWEEN 2556604 AND 2556613
	Aggregate  (cost=40.75..40.76 rows=1 width=8)
	  ->  Index Scan using sbtest6_pkey on sbtest6  (cost=0.43..40.73 rows=10 width=4)
	        Index Cond: ((id >= 2556604) AND (id <= 2556613))

table 7 : explain SELECT SUM(k) FROM sbtest7 WHERE id BETWEEN 9637394 AND 9637403
	Aggregate  (cost=40.06..40.07 rows=1 width=8)
	  ->  Index Scan using sbtest7_pkey on sbtest7  (cost=0.43..40.03 rows=10 width=4)
	        Index Cond: ((id >= 9637394) AND (id <= 9637403))

table 8 : explain SELECT SUM(k) FROM sbtest8 WHERE id BETWEEN 7131375 AND 7131384
	Aggregate  (cost=40.49..40.50 rows=1 width=8)
	  ->  Index Scan using sbtest8_pkey on sbtest8  (cost=0.43..40.46 rows=10 width=4)
	        Index Cond: ((id >= 7131375) AND (id <= 7131384))

for non_index_updates
table 1 : explain UPDATE sbtest1 SET c='foobar' WHERE id=7019255
	Update on sbtest1  (cost=0.43..8.45 rows=0 width=0)
	  ->  Index Scan using sbtest1_pkey on sbtest1  (cost=0.43..8.45 rows=1 width=490)
	        Index Cond: (id = 7019255)

table 2 : explain UPDATE sbtest2 SET c='foobar' WHERE id=6469329
	Update on sbtest2  (cost=0.43..8.45 rows=0 width=0)
	  ->  Index Scan using sbtest2_pkey on sbtest2  (cost=0.43..8.45 rows=1 width=490)
	        Index Cond: (id = 6469329)

table 3 : explain UPDATE sbtest3 SET c='foobar' WHERE id=743285
	Update on sbtest3  (cost=0.43..8.45 rows=0 width=0)
	  ->  Index Scan using sbtest3_pkey on sbtest3  (cost=0.43..8.45 rows=1 width=490)
	        Index Cond: (id = 743285)

table 4 : explain UPDATE sbtest4 SET c='foobar' WHERE id=3527037
	Update on sbtest4  (cost=0.43..8.45 rows=0 width=0)
	  ->  Index Scan using sbtest4_pkey on sbtest4  (cost=0.43..8.45 rows=1 width=490)
	        Index Cond: (id = 3527037)

table 5 : explain UPDATE sbtest5 SET c='foobar' WHERE id=5186721
	Update on sbtest5  (cost=0.43..8.45 rows=0 width=0)
	  ->  Index Scan using sbtest5_pkey on sbtest5  (cost=0.43..8.45 rows=1 width=490)
	        Index Cond: (id = 5186721)

table 6 : explain UPDATE sbtest6 SET c='foobar' WHERE id=7660817
	Update on sbtest6  (cost=0.43..8.45 rows=0 width=0)
	  ->  Index Scan using sbtest6_pkey on sbtest6  (cost=0.43..8.45 rows=1 width=490)
	        Index Cond: (id = 7660817)

table 7 : explain UPDATE sbtest7 SET c='foobar' WHERE id=1744748
	Update on sbtest7  (cost=0.43..8.45 rows=0 width=0)
	  ->  Index Scan using sbtest7_pkey on sbtest7  (cost=0.43..8.45 rows=1 width=490)
	        Index Cond: (id = 1744748)

table 8 : explain UPDATE sbtest8 SET c='foobar' WHERE id=1940695
	Update on sbtest8  (cost=0.43..8.45 rows=0 width=0)
	  ->  Index Scan using sbtest8_pkey on sbtest8  (cost=0.43..8.45 rows=1 width=490)
	        Index Cond: (id = 1940695)

for non_index_updates
table 1 : explain UPDATE sbtest1 SET c='foobar' WHERE id=6839214
	Update on sbtest1  (cost=0.43..8.45 rows=0 width=0)
	  ->  Index Scan using sbtest1_pkey on sbtest1  (cost=0.43..8.45 rows=1 width=490)
	        Index Cond: (id = 6839214)

table 2 : explain UPDATE sbtest2 SET c='foobar' WHERE id=9359899
	Update on sbtest2  (cost=0.43..8.45 rows=0 width=0)
	  ->  Index Scan using sbtest2_pkey on sbtest2  (cost=0.43..8.45 rows=1 width=490)
	        Index Cond: (id = 9359899)

table 3 : explain UPDATE sbtest3 SET c='foobar' WHERE id=4878253
	Update on sbtest3  (cost=0.43..8.45 rows=0 width=0)
	  ->  Index Scan using sbtest3_pkey on sbtest3  (cost=0.43..8.45 rows=1 width=490)
	        Index Cond: (id = 4878253)

table 4 : explain UPDATE sbtest4 SET c='foobar' WHERE id=878108
	Update on sbtest4  (cost=0.43..8.45 rows=0 width=0)
	  ->  Index Scan using sbtest4_pkey on sbtest4  (cost=0.43..8.45 rows=1 width=490)
	        Index Cond: (id = 878108)

table 5 : explain UPDATE sbtest5 SET c='foobar' WHERE id=4869972
	Update on sbtest5  (cost=0.43..8.45 rows=0 width=0)
	  ->  Index Scan using sbtest5_pkey on sbtest5  (cost=0.43..8.45 rows=1 width=490)
	        Index Cond: (id = 4869972)

table 6 : explain UPDATE sbtest6 SET c='foobar' WHERE id=8042414
	Update on sbtest6  (cost=0.43..8.45 rows=0 width=0)
	  ->  Index Scan using sbtest6_pkey on sbtest6  (cost=0.43..8.45 rows=1 width=490)
	        Index Cond: (id = 8042414)

table 7 : explain UPDATE sbtest7 SET c='foobar' WHERE id=7455591
	Update on sbtest7  (cost=0.43..8.45 rows=0 width=0)
	  ->  Index Scan using sbtest7_pkey on sbtest7  (cost=0.43..8.45 rows=1 width=490)
	        Index Cond: (id = 7455591)

table 8 : explain UPDATE sbtest8 SET c='foobar' WHERE id=716258
	Update on sbtest8  (cost=0.43..8.45 rows=0 width=0)
	  ->  Index Scan using sbtest8_pkey on sbtest8  (cost=0.43..8.45 rows=1 width=490)
	        Index Cond: (id = 716258)

for point_selects
table 1 : explain SELECT c FROM sbtest1 WHERE id=8966133
	Index Scan using sbtest1_pkey on sbtest1  (cost=0.43..8.45 rows=1 width=121)
	  Index Cond: (id = 8966133)

table 2 : explain SELECT c FROM sbtest2 WHERE id=4399988
	Index Scan using sbtest2_pkey on sbtest2  (cost=0.43..8.45 rows=1 width=121)
	  Index Cond: (id = 4399988)

table 3 : explain SELECT c FROM sbtest3 WHERE id=9391604
	Index Scan using sbtest3_pkey on sbtest3  (cost=0.43..8.45 rows=1 width=121)
	  Index Cond: (id = 9391604)

table 4 : explain SELECT c FROM sbtest4 WHERE id=7967228
	Index Scan using sbtest4_pkey on sbtest4  (cost=0.43..8.45 rows=1 width=121)
	  Index Cond: (id = 7967228)

table 5 : explain SELECT c FROM sbtest5 WHERE id=8643678
	Index Scan using sbtest5_pkey on sbtest5  (cost=0.43..8.45 rows=1 width=121)
	  Index Cond: (id = 8643678)

table 6 : explain SELECT c FROM sbtest6 WHERE id=4451373
	Index Scan using sbtest6_pkey on sbtest6  (cost=0.43..8.45 rows=1 width=121)
	  Index Cond: (id = 4451373)

table 7 : explain SELECT c FROM sbtest7 WHERE id=8473568
	Index Scan using sbtest7_pkey on sbtest7  (cost=0.43..8.45 rows=1 width=121)
	  Index Cond: (id = 8473568)

table 8 : explain SELECT c FROM sbtest8 WHERE id=3318598
	Index Scan using sbtest8_pkey on sbtest8  (cost=0.43..8.45 rows=1 width=121)
	  Index Cond: (id = 3318598)

for: distinct_ranges
table 1 : explain SELECT DISTINCT c FROM sbtest1 WHERE id BETWEEN 6167745 AND 6167754 ORDER BY c
	Unique  (cost=40.91..40.96 rows=10 width=121)
	  ->  Sort  (cost=40.91..40.94 rows=10 width=121)
	        Sort Key: c
	        ->  Index Scan using sbtest1_pkey on sbtest1  (cost=0.43..40.75 rows=10 width=121)
	              Index Cond: ((id >= 6167745) AND (id <= 6167754))

table 2 : explain SELECT DISTINCT c FROM sbtest2 WHERE id BETWEEN 76499 AND 76508 ORDER BY c
	Unique  (cost=40.75..40.80 rows=10 width=121)
	  ->  Sort  (cost=40.75..40.78 rows=10 width=121)
	        Sort Key: c
	        ->  Index Scan using sbtest2_pkey on sbtest2  (cost=0.43..40.59 rows=10 width=121)
	              Index Cond: ((id >= 76499) AND (id <= 76508))

table 3 : explain SELECT DISTINCT c FROM sbtest3 WHERE id BETWEEN 659782 AND 659791 ORDER BY c
	Unique  (cost=40.56..40.61 rows=10 width=121)
	  ->  Sort  (cost=40.56..40.58 rows=10 width=121)
	        Sort Key: c
	        ->  Index Scan using sbtest3_pkey on sbtest3  (cost=0.43..40.39 rows=10 width=121)
	              Index Cond: ((id >= 659782) AND (id <= 659791))

table 4 : explain SELECT DISTINCT c FROM sbtest4 WHERE id BETWEEN 9723777 AND 9723786 ORDER BY c
	Unique  (cost=40.42..40.47 rows=10 width=121)
	  ->  Sort  (cost=40.42..40.44 rows=10 width=121)
	        Sort Key: c
	        ->  Index Scan using sbtest4_pkey on sbtest4  (cost=0.43..40.25 rows=10 width=121)
	              Index Cond: ((id >= 9723777) AND (id <= 9723786))

table 5 : explain SELECT DISTINCT c FROM sbtest5 WHERE id BETWEEN 6085671 AND 6085680 ORDER BY c
	Unique  (cost=40.55..40.60 rows=10 width=121)
	  ->  Sort  (cost=40.55..40.57 rows=10 width=121)
	        Sort Key: c
	        ->  Index Scan using sbtest5_pkey on sbtest5  (cost=0.43..40.38 rows=10 width=121)
	              Index Cond: ((id >= 6085671) AND (id <= 6085680))

table 6 : explain SELECT DISTINCT c FROM sbtest6 WHERE id BETWEEN 7973929 AND 7973938 ORDER BY c
	Unique  (cost=40.89..40.94 rows=10 width=121)
	  ->  Sort  (cost=40.89..40.92 rows=10 width=121)
	        Sort Key: c
	        ->  Index Scan using sbtest6_pkey on sbtest6  (cost=0.43..40.73 rows=10 width=121)
	              Index Cond: ((id >= 7973929) AND (id <= 7973938))

table 7 : explain SELECT DISTINCT c FROM sbtest7 WHERE id BETWEEN 1143357 AND 1143366 ORDER BY c
	Unique  (cost=40.20..40.25 rows=10 width=121)
	  ->  Sort  (cost=40.20..40.22 rows=10 width=121)
	        Sort Key: c
	        ->  Index Scan using sbtest7_pkey on sbtest7  (cost=0.43..40.03 rows=10 width=121)
	              Index Cond: ((id >= 1143357) AND (id <= 1143366))

table 8 : explain SELECT DISTINCT c FROM sbtest8 WHERE id BETWEEN 9642942 AND 9642951 ORDER BY c
	Unique  (cost=40.63..40.68 rows=10 width=121)
	  ->  Sort  (cost=40.63..40.65 rows=10 width=121)
	        Sort Key: c
	        ->  Index Scan using sbtest8_pkey on sbtest8  (cost=0.43..40.46 rows=10 width=121)
	              Index Cond: ((id >= 9642942) AND (id <= 9642951))

for inserts
table 1 : explain INSERT INTO sbtest1 (id, k, c, pad) VALUES (3125167, 13, 'foobar', 'foobar')
	Insert on sbtest1  (cost=0.00..0.01 rows=0 width=0)
	  ->  Result  (cost=0.00..0.01 rows=1 width=736)

table 2 : explain INSERT INTO sbtest2 (id, k, c, pad) VALUES (6365116, 13, 'foobar', 'foobar')
	Insert on sbtest2  (cost=0.00..0.01 rows=0 width=0)
	  ->  Result  (cost=0.00..0.01 rows=1 width=736)

table 3 : explain INSERT INTO sbtest3 (id, k, c, pad) VALUES (9175306, 13, 'foobar', 'foobar')
	Insert on sbtest3  (cost=0.00..0.01 rows=0 width=0)
	  ->  Result  (cost=0.00..0.01 rows=1 width=736)

table 4 : explain INSERT INTO sbtest4 (id, k, c, pad) VALUES (7094353, 13, 'foobar', 'foobar')
	Insert on sbtest4  (cost=0.00..0.01 rows=0 width=0)
	  ->  Result  (cost=0.00..0.01 rows=1 width=736)

table 5 : explain INSERT INTO sbtest5 (id, k, c, pad) VALUES (9985118, 13, 'foobar', 'foobar')
	Insert on sbtest5  (cost=0.00..0.01 rows=0 width=0)
	  ->  Result  (cost=0.00..0.01 rows=1 width=736)

table 6 : explain INSERT INTO sbtest6 (id, k, c, pad) VALUES (1015166, 13, 'foobar', 'foobar')
	Insert on sbtest6  (cost=0.00..0.01 rows=0 width=0)
	  ->  Result  (cost=0.00..0.01 rows=1 width=736)

table 7 : explain INSERT INTO sbtest7 (id, k, c, pad) VALUES (4651251, 13, 'foobar', 'foobar')
	Insert on sbtest7  (cost=0.00..0.01 rows=0 width=0)
	  ->  Result  (cost=0.00..0.01 rows=1 width=736)

table 8 : explain INSERT INTO sbtest8 (id, k, c, pad) VALUES (8716134, 13, 'foobar', 'foobar')
	Insert on sbtest8  (cost=0.00..0.01 rows=0 width=0)
	  ->  Result  (cost=0.00..0.01 rows=1 width=736)

for non_index_updates
table 1 : explain UPDATE sbtest1 SET c='foobar' WHERE id=3194523
	Update on sbtest1  (cost=0.43..8.45 rows=0 width=0)
	  ->  Index Scan using sbtest1_pkey on sbtest1  (cost=0.43..8.45 rows=1 width=490)
	        Index Cond: (id = 3194523)

table 2 : explain UPDATE sbtest2 SET c='foobar' WHERE id=6109981
	Update on sbtest2  (cost=0.43..8.45 rows=0 width=0)
	  ->  Index Scan using sbtest2_pkey on sbtest2  (cost=0.43..8.45 rows=1 width=490)
	        Index Cond: (id = 6109981)

table 3 : explain UPDATE sbtest3 SET c='foobar' WHERE id=9546101
	Update on sbtest3  (cost=0.43..8.45 rows=0 width=0)
	  ->  Index Scan using sbtest3_pkey on sbtest3  (cost=0.43..8.45 rows=1 width=490)
	        Index Cond: (id = 9546101)

table 4 : explain UPDATE sbtest4 SET c='foobar' WHERE id=5266649
	Update on sbtest4  (cost=0.43..8.45 rows=0 width=0)
	  ->  Index Scan using sbtest4_pkey on sbtest4  (cost=0.43..8.45 rows=1 width=490)
	        Index Cond: (id = 5266649)

table 5 : explain UPDATE sbtest5 SET c='foobar' WHERE id=995265
	Update on sbtest5  (cost=0.43..8.45 rows=0 width=0)
	  ->  Index Scan using sbtest5_pkey on sbtest5  (cost=0.43..8.45 rows=1 width=490)
	        Index Cond: (id = 995265)

table 6 : explain UPDATE sbtest6 SET c='foobar' WHERE id=8955321
	Update on sbtest6  (cost=0.43..8.45 rows=0 width=0)
	  ->  Index Scan using sbtest6_pkey on sbtest6  (cost=0.43..8.45 rows=1 width=490)
	        Index Cond: (id = 8955321)

table 7 : explain UPDATE sbtest7 SET c='foobar' WHERE id=4837755
	Update on sbtest7  (cost=0.43..8.45 rows=0 width=0)
	  ->  Index Scan using sbtest7_pkey on sbtest7  (cost=0.43..8.45 rows=1 width=490)
	        Index Cond: (id = 4837755)

table 8 : explain UPDATE sbtest8 SET c='foobar' WHERE id=3998472
	Update on sbtest8  (cost=0.43..8.45 rows=0 width=0)
	  ->  Index Scan using sbtest8_pkey on sbtest8  (cost=0.43..8.45 rows=1 width=490)
	        Index Cond: (id = 3998472)

explain: for deletes :: explain DELETE FROM sbtest%u WHERE id=%u
explain: for deletes :: explain DELETE FROM sbtest%u WHERE id=%u
explain: for index_updates :: explain UPDATE sbtest%u SET k=k+1 WHERE id=%u
for point_selects
table 1 : explain SELECT c FROM sbtest1 WHERE id=3560260
	Index Scan using sbtest1_pkey on sbtest1  (cost=0.43..8.45 rows=1 width=121)
	  Index Cond: (id = 3560260)

table 2 : explain SELECT c FROM sbtest2 WHERE id=5059533
	Index Scan using sbtest2_pkey on sbtest2  (cost=0.43..8.45 rows=1 width=121)
	  Index Cond: (id = 5059533)

table 3 : explain SELECT c FROM sbtest3 WHERE id=327983
	Index Scan using sbtest3_pkey on sbtest3  (cost=0.43..8.45 rows=1 width=121)
	  Index Cond: (id = 327983)

table 4 : explain SELECT c FROM sbtest4 WHERE id=5665386
	Index Scan using sbtest4_pkey on sbtest4  (cost=0.43..8.45 rows=1 width=121)
	  Index Cond: (id = 5665386)

table 5 : explain SELECT c FROM sbtest5 WHERE id=9775802
	Index Scan using sbtest5_pkey on sbtest5  (cost=0.43..8.45 rows=1 width=121)
	  Index Cond: (id = 9775802)

table 6 : explain SELECT c FROM sbtest6 WHERE id=8901029
	Index Scan using sbtest6_pkey on sbtest6  (cost=0.43..8.45 rows=1 width=121)
	  Index Cond: (id = 8901029)

table 7 : explain SELECT c FROM sbtest7 WHERE id=9059392
	Index Scan using sbtest7_pkey on sbtest7  (cost=0.43..8.45 rows=1 width=121)
	  Index Cond: (id = 9059392)

table 8 : explain SELECT c FROM sbtest8 WHERE id=3002688
	Index Scan using sbtest8_pkey on sbtest8  (cost=0.43..8.45 rows=1 width=121)
	  Index Cond: (id = 3002688)

for: sum_ranges
table 1 : explain SELECT SUM(k) FROM sbtest1 WHERE id BETWEEN 6205732 AND 6205741
	Aggregate  (cost=40.77..40.78 rows=1 width=8)
	  ->  Index Scan using sbtest1_pkey on sbtest1  (cost=0.43..40.75 rows=10 width=4)
	        Index Cond: ((id >= 6205732) AND (id <= 6205741))

table 2 : explain SELECT SUM(k) FROM sbtest2 WHERE id BETWEEN 5164708 AND 5164717
	Aggregate  (cost=37.04..37.05 rows=1 width=8)
	  ->  Index Scan using sbtest2_pkey on sbtest2  (cost=0.43..37.02 rows=9 width=4)
	        Index Cond: ((id >= 5164708) AND (id <= 5164717))

table 3 : explain SELECT SUM(k) FROM sbtest3 WHERE id BETWEEN 3333483 AND 3333492
	Aggregate  (cost=40.42..40.43 rows=1 width=8)
	  ->  Index Scan using sbtest3_pkey on sbtest3  (cost=0.43..40.39 rows=10 width=4)
	        Index Cond: ((id >= 3333483) AND (id <= 3333492))

table 4 : explain SELECT SUM(k) FROM sbtest4 WHERE id BETWEEN 9617761 AND 9617770
	Aggregate  (cost=40.28..40.29 rows=1 width=8)
	  ->  Index Scan using sbtest4_pkey on sbtest4  (cost=0.43..40.25 rows=10 width=4)
	        Index Cond: ((id >= 9617761) AND (id <= 9617770))

table 5 : explain SELECT SUM(k) FROM sbtest5 WHERE id BETWEEN 9239225 AND 9239234
	Aggregate  (cost=43.95..43.96 rows=1 width=8)
	  ->  Index Scan using sbtest5_pkey on sbtest5  (cost=0.43..43.93 rows=11 width=4)
	        Index Cond: ((id >= 9239225) AND (id <= 9239234))

table 6 : explain SELECT SUM(k) FROM sbtest6 WHERE id BETWEEN 5123946 AND 5123955
	Aggregate  (cost=44.34..44.35 rows=1 width=8)
	  ->  Index Scan using sbtest6_pkey on sbtest6  (cost=0.43..44.31 rows=11 width=4)
	        Index Cond: ((id >= 5123946) AND (id <= 5123955))

table 7 : explain SELECT SUM(k) FROM sbtest7 WHERE id BETWEEN 2354799 AND 2354808
	Aggregate  (cost=40.06..40.07 rows=1 width=8)
	  ->  Index Scan using sbtest7_pkey on sbtest7  (cost=0.43..40.03 rows=10 width=4)
	        Index Cond: ((id >= 2354799) AND (id <= 2354808))

table 8 : explain SELECT SUM(k) FROM sbtest8 WHERE id BETWEEN 6202954 AND 6202963
	Aggregate  (cost=40.49..40.50 rows=1 width=8)
	  ->  Index Scan using sbtest8_pkey on sbtest8  (cost=0.43..40.46 rows=10 width=4)
	        Index Cond: ((id >= 6202954) AND (id <= 6202963))

explain: for point_selects :: explain SELECT c FROM sbtest%u WHERE id=%u
explain: for deletes :: explain DELETE FROM sbtest%u WHERE id=%u
for point_selects
table 1 : explain SELECT c FROM sbtest1 WHERE id=7394796
	Index Scan using sbtest1_pkey on sbtest1  (cost=0.43..8.45 rows=1 width=121)
	  Index Cond: (id = 7394796)

table 2 : explain SELECT c FROM sbtest2 WHERE id=1797836
	Index Scan using sbtest2_pkey on sbtest2  (cost=0.43..8.45 rows=1 width=121)
	  Index Cond: (id = 1797836)

table 3 : explain SELECT c FROM sbtest3 WHERE id=7346559
	Index Scan using sbtest3_pkey on sbtest3  (cost=0.43..8.45 rows=1 width=121)
	  Index Cond: (id = 7346559)

table 4 : explain SELECT c FROM sbtest4 WHERE id=6046114
	Index Scan using sbtest4_pkey on sbtest4  (cost=0.43..8.45 rows=1 width=121)
	  Index Cond: (id = 6046114)

table 5 : explain SELECT c FROM sbtest5 WHERE id=130750
	Index Scan using sbtest5_pkey on sbtest5  (cost=0.43..8.45 rows=1 width=121)
	  Index Cond: (id = 130750)

table 6 : explain SELECT c FROM sbtest6 WHERE id=7241662
	Index Scan using sbtest6_pkey on sbtest6  (cost=0.43..8.45 rows=1 width=121)
	  Index Cond: (id = 7241662)

table 7 : explain SELECT c FROM sbtest7 WHERE id=1193339
	Index Scan using sbtest7_pkey on sbtest7  (cost=0.43..8.45 rows=1 width=121)
	  Index Cond: (id = 1193339)

table 8 : explain SELECT c FROM sbtest8 WHERE id=2599497
	Index Scan using sbtest8_pkey on sbtest8  (cost=0.43..8.45 rows=1 width=121)
	  Index Cond: (id = 2599497)

explain: for index_updates :: explain UPDATE sbtest%u SET k=k+1 WHERE id=%u
for index_updates
table 1 : explain UPDATE sbtest1 SET k=k+1 WHERE id=8783952
	Update on sbtest1  (cost=0.43..8.46 rows=0 width=0)
	  ->  Index Scan using sbtest1_pkey on sbtest1  (cost=0.43..8.46 rows=1 width=10)
	        Index Cond: (id = 8783952)

table 2 : explain UPDATE sbtest2 SET k=k+1 WHERE id=6789330
	Update on sbtest2  (cost=0.43..8.46 rows=0 width=0)
	  ->  Index Scan using sbtest2_pkey on sbtest2  (cost=0.43..8.46 rows=1 width=10)
	        Index Cond: (id = 6789330)

table 3 : explain UPDATE sbtest3 SET k=k+1 WHERE id=3290293
	Update on sbtest3  (cost=0.43..8.46 rows=0 width=0)
	  ->  Index Scan using sbtest3_pkey on sbtest3  (cost=0.43..8.46 rows=1 width=10)
	        Index Cond: (id = 3290293)

table 4 : explain UPDATE sbtest4 SET k=k+1 WHERE id=5850027
	Update on sbtest4  (cost=0.43..8.46 rows=0 width=0)
	  ->  Index Scan using sbtest4_pkey on sbtest4  (cost=0.43..8.46 rows=1 width=10)
	        Index Cond: (id = 5850027)

table 5 : explain UPDATE sbtest5 SET k=k+1 WHERE id=132702
	Update on sbtest5  (cost=0.43..8.46 rows=0 width=0)
	  ->  Index Scan using sbtest5_pkey on sbtest5  (cost=0.43..8.46 rows=1 width=10)
	        Index Cond: (id = 132702)

table 6 : explain UPDATE sbtest6 SET k=k+1 WHERE id=9489217
	Update on sbtest6  (cost=0.43..8.46 rows=0 width=0)
	  ->  Index Scan using sbtest6_pkey on sbtest6  (cost=0.43..8.46 rows=1 width=10)
	        Index Cond: (id = 9489217)

table 7 : explain UPDATE sbtest7 SET k=k+1 WHERE id=7938421
	Update on sbtest7  (cost=0.43..8.46 rows=0 width=0)
	  ->  Index Scan using sbtest7_pkey on sbtest7  (cost=0.43..8.46 rows=1 width=10)
	        Index Cond: (id = 7938421)

table 8 : explain UPDATE sbtest8 SET k=k+1 WHERE id=9247335
	Update on sbtest8  (cost=0.43..8.46 rows=0 width=0)
	  ->  Index Scan using sbtest8_pkey on sbtest8  (cost=0.43..8.46 rows=1 width=10)
	        Index Cond: (id = 9247335)

for inserts
table 1 : explain INSERT INTO sbtest1 (id, k, c, pad) VALUES (7340794, 13, 'foobar', 'foobar')
	Insert on sbtest1  (cost=0.00..0.01 rows=0 width=0)
	  ->  Result  (cost=0.00..0.01 rows=1 width=736)

table 2 : explain INSERT INTO sbtest2 (id, k, c, pad) VALUES (582010, 13, 'foobar', 'foobar')
	Insert on sbtest2  (cost=0.00..0.01 rows=0 width=0)
	  ->  Result  (cost=0.00..0.01 rows=1 width=736)

table 3 : explain INSERT INTO sbtest3 (id, k, c, pad) VALUES (6073710, 13, 'foobar', 'foobar')
	Insert on sbtest3  (cost=0.00..0.01 rows=0 width=0)
	  ->  Result  (cost=0.00..0.01 rows=1 width=736)

table 4 : explain INSERT INTO sbtest4 (id, k, c, pad) VALUES (4645383, 13, 'foobar', 'foobar')
	Insert on sbtest4  (cost=0.00..0.01 rows=0 width=0)
	  ->  Result  (cost=0.00..0.01 rows=1 width=736)

table 5 : explain INSERT INTO sbtest5 (id, k, c, pad) VALUES (429584, 13, 'foobar', 'foobar')
	Insert on sbtest5  (cost=0.00..0.01 rows=0 width=0)
	  ->  Result  (cost=0.00..0.01 rows=1 width=736)

table 6 : explain INSERT INTO sbtest6 (id, k, c, pad) VALUES (2692380, 13, 'foobar', 'foobar')
	Insert on sbtest6  (cost=0.00..0.01 rows=0 width=0)
	  ->  Result  (cost=0.00..0.01 rows=1 width=736)

table 7 : explain INSERT INTO sbtest7 (id, k, c, pad) VALUES (9742328, 13, 'foobar', 'foobar')
	Insert on sbtest7  (cost=0.00..0.01 rows=0 width=0)
	  ->  Result  (cost=0.00..0.01 rows=1 width=736)

table 8 : explain INSERT INTO sbtest8 (id, k, c, pad) VALUES (2045941, 13, 'foobar', 'foobar')
	Insert on sbtest8  (cost=0.00..0.01 rows=0 width=0)
	  ->  Result  (cost=0.00..0.01 rows=1 width=736)

for deletes
table 1 : explain DELETE FROM sbtest1 WHERE id=5432048
	Delete on sbtest1  (cost=0.43..8.45 rows=0 width=0)
	  ->  Index Scan using sbtest1_pkey on sbtest1  (cost=0.43..8.45 rows=1 width=6)
	        Index Cond: (id = 5432048)

table 2 : explain DELETE FROM sbtest2 WHERE id=3387286
	Delete on sbtest2  (cost=0.43..8.45 rows=0 width=0)
	  ->  Index Scan using sbtest2_pkey on sbtest2  (cost=0.43..8.45 rows=1 width=6)
	        Index Cond: (id = 3387286)

table 3 : explain DELETE FROM sbtest3 WHERE id=8200
	Delete on sbtest3  (cost=0.43..8.45 rows=0 width=0)
	  ->  Index Scan using sbtest3_pkey on sbtest3  (cost=0.43..8.45 rows=1 width=6)
	        Index Cond: (id = 8200)

table 4 : explain DELETE FROM sbtest4 WHERE id=8690806
	Delete on sbtest4  (cost=0.43..8.45 rows=0 width=0)
	  ->  Index Scan using sbtest4_pkey on sbtest4  (cost=0.43..8.45 rows=1 width=6)
	        Index Cond: (id = 8690806)

table 5 : explain DELETE FROM sbtest5 WHERE id=2622048
	Delete on sbtest5  (cost=0.43..8.45 rows=0 width=0)
	  ->  Index Scan using sbtest5_pkey on sbtest5  (cost=0.43..8.45 rows=1 width=6)
	        Index Cond: (id = 2622048)

table 6 : explain DELETE FROM sbtest6 WHERE id=5655981
	Delete on sbtest6  (cost=0.43..8.45 rows=0 width=0)
	  ->  Index Scan using sbtest6_pkey on sbtest6  (cost=0.43..8.45 rows=1 width=6)
	        Index Cond: (id = 5655981)

table 7 : explain DELETE FROM sbtest7 WHERE id=5426492
	Delete on sbtest7  (cost=0.43..8.45 rows=0 width=0)
	  ->  Index Scan using sbtest7_pkey on sbtest7  (cost=0.43..8.45 rows=1 width=6)
	        Index Cond: (id = 5426492)

table 8 : explain DELETE FROM sbtest8 WHERE id=8804605
	Delete on sbtest8  (cost=0.43..8.45 rows=0 width=0)
	  ->  Index Scan using sbtest8_pkey on sbtest8  (cost=0.43..8.45 rows=1 width=6)
	        Index Cond: (id = 8804605)

for: simple_ranges
table 1 : explain SELECT c FROM sbtest1 WHERE id BETWEEN 4430962 AND 4430971
	Index Scan using sbtest1_pkey on sbtest1  (cost=0.43..44.33 rows=11 width=121)
	  Index Cond: ((id >= 4430962) AND (id <= 4430971))

table 2 : explain SELECT c FROM sbtest2 WHERE id BETWEEN 956246 AND 956255
	Index Scan using sbtest2_pkey on sbtest2  (cost=0.43..40.59 rows=10 width=121)
	  Index Cond: ((id >= 956246) AND (id <= 956255))

table 3 : explain SELECT c FROM sbtest3 WHERE id BETWEEN 1074884 AND 1074893
	Index Scan using sbtest3_pkey on sbtest3  (cost=0.43..40.39 rows=10 width=121)
	  Index Cond: ((id >= 1074884) AND (id <= 1074893))

table 4 : explain SELECT c FROM sbtest4 WHERE id BETWEEN 9929094 AND 9929103
	Index Scan using sbtest4_pkey on sbtest4  (cost=0.43..40.25 rows=10 width=121)
	  Index Cond: ((id >= 9929094) AND (id <= 9929103))

table 5 : explain SELECT c FROM sbtest5 WHERE id BETWEEN 4833954 AND 4833963
	Index Scan using sbtest5_pkey on sbtest5  (cost=0.43..40.38 rows=10 width=121)
	  Index Cond: ((id >= 4833954) AND (id <= 4833963))

table 6 : explain SELECT c FROM sbtest6 WHERE id BETWEEN 964686 AND 964695
	Index Scan using sbtest6_pkey on sbtest6  (cost=0.43..40.73 rows=10 width=121)
	  Index Cond: ((id >= 964686) AND (id <= 964695))

table 7 : explain SELECT c FROM sbtest7 WHERE id BETWEEN 173387 AND 173396
	Index Scan using sbtest7_pkey on sbtest7  (cost=0.43..36.52 rows=9 width=121)
	  Index Cond: ((id >= 173387) AND (id <= 173396))

table 8 : explain SELECT c FROM sbtest8 WHERE id BETWEEN 3677438 AND 3677447
	Index Scan using sbtest8_pkey on sbtest8  (cost=0.43..40.46 rows=10 width=121)
	  Index Cond: ((id >= 3677438) AND (id <= 3677447))

for point_selects
table 1 : explain SELECT c FROM sbtest1 WHERE id=1592164
	Index Scan using sbtest1_pkey on sbtest1  (cost=0.43..8.45 rows=1 width=121)
	  Index Cond: (id = 1592164)

table 2 : explain SELECT c FROM sbtest2 WHERE id=1966849
	Index Scan using sbtest2_pkey on sbtest2  (cost=0.43..8.45 rows=1 width=121)
	  Index Cond: (id = 1966849)

table 3 : explain SELECT c FROM sbtest3 WHERE id=8612827
	Index Scan using sbtest3_pkey on sbtest3  (cost=0.43..8.45 rows=1 width=121)
	  Index Cond: (id = 8612827)

table 4 : explain SELECT c FROM sbtest4 WHERE id=6080612
	Index Scan using sbtest4_pkey on sbtest4  (cost=0.43..8.45 rows=1 width=121)
	  Index Cond: (id = 6080612)

table 5 : explain SELECT c FROM sbtest5 WHERE id=6400876
	Index Scan using sbtest5_pkey on sbtest5  (cost=0.43..8.45 rows=1 width=121)
	  Index Cond: (id = 6400876)

table 6 : explain SELECT c FROM sbtest6 WHERE id=7367341
	Index Scan using sbtest6_pkey on sbtest6  (cost=0.43..8.45 rows=1 width=121)
	  Index Cond: (id = 7367341)

table 7 : explain SELECT c FROM sbtest7 WHERE id=9437023
	Index Scan using sbtest7_pkey on sbtest7  (cost=0.43..8.45 rows=1 width=121)
	  Index Cond: (id = 9437023)

table 8 : explain SELECT c FROM sbtest8 WHERE id=2792959
	Index Scan using sbtest8_pkey on sbtest8  (cost=0.43..8.45 rows=1 width=121)
	  Index Cond: (id = 2792959)

explain: for deletes :: explain DELETE FROM sbtest%u WHERE id=%u
for: order_ranges
table 1 : explain SELECT c FROM sbtest1 WHERE id BETWEEN 9787320 AND 9787329 ORDER BY c
	Sort  (cost=37.30..37.32 rows=9 width=121)
	  Sort Key: c
	  ->  Index Scan using sbtest1_pkey on sbtest1  (cost=0.43..37.16 rows=9 width=121)
	        Index Cond: ((id >= 9787320) AND (id <= 9787329))

table 2 : explain SELECT c FROM sbtest2 WHERE id BETWEEN 8023653 AND 8023662 ORDER BY c
	Sort  (cost=40.75..40.78 rows=10 width=121)
	  Sort Key: c
	  ->  Index Scan using sbtest2_pkey on sbtest2  (cost=0.43..40.59 rows=10 width=121)
	        Index Cond: ((id >= 8023653) AND (id <= 8023662))

table 3 : explain SELECT c FROM sbtest3 WHERE id BETWEEN 3736434 AND 3736443 ORDER BY c
	Sort  (cost=36.99..37.01 rows=9 width=121)
	  Sort Key: c
	  ->  Index Scan using sbtest3_pkey on sbtest3  (cost=0.43..36.84 rows=9 width=121)
	        Index Cond: ((id >= 3736434) AND (id <= 3736443))

table 4 : explain SELECT c FROM sbtest4 WHERE id BETWEEN 8854128 AND 8854137 ORDER BY c
	Sort  (cost=43.97..44.00 rows=11 width=121)
	  Sort Key: c
	  ->  Index Scan using sbtest4_pkey on sbtest4  (cost=0.43..43.78 rows=11 width=121)
	        Index Cond: ((id >= 8854128) AND (id <= 8854137))

table 5 : explain SELECT c FROM sbtest5 WHERE id BETWEEN 1900720 AND 1900729 ORDER BY c
	Sort  (cost=40.55..40.57 rows=10 width=121)
	  Sort Key: c
	  ->  Index Scan using sbtest5_pkey on sbtest5  (cost=0.43..40.38 rows=10 width=121)
	        Index Cond: ((id >= 1900720) AND (id <= 1900729))

table 6 : explain SELECT c FROM sbtest6 WHERE id BETWEEN 7181123 AND 7181132 ORDER BY c
	Sort  (cost=44.50..44.53 rows=11 width=121)
	  Sort Key: c
	  ->  Index Scan using sbtest6_pkey on sbtest6  (cost=0.43..44.31 rows=11 width=121)
	        Index Cond: ((id >= 7181123) AND (id <= 7181132))

table 7 : explain SELECT c FROM sbtest7 WHERE id BETWEEN 9823767 AND 9823776 ORDER BY c
	Sort  (cost=43.73..43.76 rows=11 width=121)
	  Sort Key: c
	  ->  Index Scan using sbtest7_pkey on sbtest7  (cost=0.43..43.54 rows=11 width=121)
	        Index Cond: ((id >= 9823767) AND (id <= 9823776))

table 8 : explain SELECT c FROM sbtest8 WHERE id BETWEEN 9709197 AND 9709206 ORDER BY c
	Sort  (cost=40.63..40.65 rows=10 width=121)
	  Sort Key: c
	  ->  Index Scan using sbtest8_pkey on sbtest8  (cost=0.43..40.46 rows=10 width=121)
	        Index Cond: ((id >= 9709197) AND (id <= 9709206))

for deletes
table 1 : explain DELETE FROM sbtest1 WHERE id=6669290
	Delete on sbtest1  (cost=0.43..8.45 rows=0 width=0)
	  ->  Index Scan using sbtest1_pkey on sbtest1  (cost=0.43..8.45 rows=1 width=6)
	        Index Cond: (id = 6669290)

table 2 : explain DELETE FROM sbtest2 WHERE id=2447333
	Delete on sbtest2  (cost=0.43..8.45 rows=0 width=0)
	  ->  Index Scan using sbtest2_pkey on sbtest2  (cost=0.43..8.45 rows=1 width=6)
	        Index Cond: (id = 2447333)

table 3 : explain DELETE FROM sbtest3 WHERE id=9522136
	Delete on sbtest3  (cost=0.43..8.45 rows=0 width=0)
	  ->  Index Scan using sbtest3_pkey on sbtest3  (cost=0.43..8.45 rows=1 width=6)
	        Index Cond: (id = 9522136)

table 4 : explain DELETE FROM sbtest4 WHERE id=6055844
	Delete on sbtest4  (cost=0.43..8.45 rows=0 width=0)
	  ->  Index Scan using sbtest4_pkey on sbtest4  (cost=0.43..8.45 rows=1 width=6)
	        Index Cond: (id = 6055844)

table 5 : explain DELETE FROM sbtest5 WHERE id=1982037
	Delete on sbtest5  (cost=0.43..8.45 rows=0 width=0)
	  ->  Index Scan using sbtest5_pkey on sbtest5  (cost=0.43..8.45 rows=1 width=6)
	        Index Cond: (id = 1982037)

table 6 : explain DELETE FROM sbtest6 WHERE id=6988583
	Delete on sbtest6  (cost=0.43..8.45 rows=0 width=0)
	  ->  Index Scan using sbtest6_pkey on sbtest6  (cost=0.43..8.45 rows=1 width=6)
	        Index Cond: (id = 6988583)

table 7 : explain DELETE FROM sbtest7 WHERE id=9371597
	Delete on sbtest7  (cost=0.43..8.45 rows=0 width=0)
	  ->  Index Scan using sbtest7_pkey on sbtest7  (cost=0.43..8.45 rows=1 width=6)
	        Index Cond: (id = 9371597)

table 8 : explain DELETE FROM sbtest8 WHERE id=7090592
	Delete on sbtest8  (cost=0.43..8.45 rows=0 width=0)
	  ->  Index Scan using sbtest8_pkey on sbtest8  (cost=0.43..8.45 rows=1 width=6)
	        Index Cond: (id = 7090592)

for index_updates
table 1 : explain UPDATE sbtest1 SET k=k+1 WHERE id=5286192
	Update on sbtest1  (cost=0.43..8.46 rows=0 width=0)
	  ->  Index Scan using sbtest1_pkey on sbtest1  (cost=0.43..8.46 rows=1 width=10)
	        Index Cond: (id = 5286192)

table 2 : explain UPDATE sbtest2 SET k=k+1 WHERE id=9853300
	Update on sbtest2  (cost=0.43..8.46 rows=0 width=0)
	  ->  Index Scan using sbtest2_pkey on sbtest2  (cost=0.43..8.46 rows=1 width=10)
	        Index Cond: (id = 9853300)

table 3 : explain UPDATE sbtest3 SET k=k+1 WHERE id=2978815
	Update on sbtest3  (cost=0.43..8.46 rows=0 width=0)
	  ->  Index Scan using sbtest3_pkey on sbtest3  (cost=0.43..8.46 rows=1 width=10)
	        Index Cond: (id = 2978815)

table 4 : explain UPDATE sbtest4 SET k=k+1 WHERE id=8426930
	Update on sbtest4  (cost=0.43..8.46 rows=0 width=0)
	  ->  Index Scan using sbtest4_pkey on sbtest4  (cost=0.43..8.46 rows=1 width=10)
	        Index Cond: (id = 8426930)

table 5 : explain UPDATE sbtest5 SET k=k+1 WHERE id=6215891
	Update on sbtest5  (cost=0.43..8.46 rows=0 width=0)
	  ->  Index Scan using sbtest5_pkey on sbtest5  (cost=0.43..8.46 rows=1 width=10)
	        Index Cond: (id = 6215891)

table 6 : explain UPDATE sbtest6 SET k=k+1 WHERE id=2124087
	Update on sbtest6  (cost=0.43..8.46 rows=0 width=0)
	  ->  Index Scan using sbtest6_pkey on sbtest6  (cost=0.43..8.46 rows=1 width=10)
	        Index Cond: (id = 2124087)

table 7 : explain UPDATE sbtest7 SET k=k+1 WHERE id=1976029
	Update on sbtest7  (cost=0.43..8.46 rows=0 width=0)
	  ->  Index Scan using sbtest7_pkey on sbtest7  (cost=0.43..8.46 rows=1 width=10)
	        Index Cond: (id = 1976029)

table 8 : explain UPDATE sbtest8 SET k=k+1 WHERE id=8361105
	Update on sbtest8  (cost=0.43..8.46 rows=0 width=0)
	  ->  Index Scan using sbtest8_pkey on sbtest8  (cost=0.43..8.46 rows=1 width=10)
	        Index Cond: (id = 8361105)

for: simple_ranges
table 1 : explain SELECT c FROM sbtest1 WHERE id BETWEEN 1098887 AND 1098896
	Index Scan using sbtest1_pkey on sbtest1  (cost=0.43..37.16 rows=9 width=121)
	  Index Cond: ((id >= 1098887) AND (id <= 1098896))

table 2 : explain SELECT c FROM sbtest2 WHERE id BETWEEN 3078723 AND 3078732
	Index Scan using sbtest2_pkey on sbtest2  (cost=0.43..37.02 rows=9 width=121)
	  Index Cond: ((id >= 3078723) AND (id <= 3078732))

table 3 : explain SELECT c FROM sbtest3 WHERE id BETWEEN 4674729 AND 4674738
	Index Scan using sbtest3_pkey on sbtest3  (cost=0.43..43.94 rows=11 width=121)
	  Index Cond: ((id >= 4674729) AND (id <= 4674738))

table 4 : explain SELECT c FROM sbtest4 WHERE id BETWEEN 8805673 AND 8805682
	Index Scan using sbtest4_pkey on sbtest4  (cost=0.43..40.25 rows=10 width=121)
	  Index Cond: ((id >= 8805673) AND (id <= 8805682))

table 5 : explain SELECT c FROM sbtest5 WHERE id BETWEEN 2873046 AND 2873055
	Index Scan using sbtest5_pkey on sbtest5  (cost=0.43..40.38 rows=10 width=121)
	  Index Cond: ((id >= 2873046) AND (id <= 2873055))

table 6 : explain SELECT c FROM sbtest6 WHERE id BETWEEN 8364048 AND 8364057
	Index Scan using sbtest6_pkey on sbtest6  (cost=0.43..37.14 rows=9 width=121)
	  Index Cond: ((id >= 8364048) AND (id <= 8364057))

table 7 : explain SELECT c FROM sbtest7 WHERE id BETWEEN 3174243 AND 3174252
	Index Scan using sbtest7_pkey on sbtest7  (cost=0.43..40.03 rows=10 width=121)
	  Index Cond: ((id >= 3174243) AND (id <= 3174252))

table 8 : explain SELECT c FROM sbtest8 WHERE id BETWEEN 2758105 AND 2758114
	Index Scan using sbtest8_pkey on sbtest8  (cost=0.43..40.46 rows=10 width=121)
	  Index Cond: ((id >= 2758105) AND (id <= 2758114))

for deletes
table 1 : explain DELETE FROM sbtest1 WHERE id=5361155
	Delete on sbtest1  (cost=0.43..8.45 rows=0 width=0)
	  ->  Index Scan using sbtest1_pkey on sbtest1  (cost=0.43..8.45 rows=1 width=6)
	        Index Cond: (id = 5361155)

table 2 : explain DELETE FROM sbtest2 WHERE id=854364
	Delete on sbtest2  (cost=0.43..8.45 rows=0 width=0)
	  ->  Index Scan using sbtest2_pkey on sbtest2  (cost=0.43..8.45 rows=1 width=6)
	        Index Cond: (id = 854364)

table 3 : explain DELETE FROM sbtest3 WHERE id=6016195
	Delete on sbtest3  (cost=0.43..8.45 rows=0 width=0)
	  ->  Index Scan using sbtest3_pkey on sbtest3  (cost=0.43..8.45 rows=1 width=6)
	        Index Cond: (id = 6016195)

table 4 : explain DELETE FROM sbtest4 WHERE id=1069580
	Delete on sbtest4  (cost=0.43..8.45 rows=0 width=0)
	  ->  Index Scan using sbtest4_pkey on sbtest4  (cost=0.43..8.45 rows=1 width=6)
	        Index Cond: (id = 1069580)

table 5 : explain DELETE FROM sbtest5 WHERE id=2814685
	Delete on sbtest5  (cost=0.43..8.45 rows=0 width=0)
	  ->  Index Scan using sbtest5_pkey on sbtest5  (cost=0.43..8.45 rows=1 width=6)
	        Index Cond: (id = 2814685)

table 6 : explain DELETE FROM sbtest6 WHERE id=8285068
	Delete on sbtest6  (cost=0.43..8.45 rows=0 width=0)
	  ->  Index Scan using sbtest6_pkey on sbtest6  (cost=0.43..8.45 rows=1 width=6)
	        Index Cond: (id = 8285068)

table 7 : explain DELETE FROM sbtest7 WHERE id=2903549
	Delete on sbtest7  (cost=0.43..8.45 rows=0 width=0)
	  ->  Index Scan using sbtest7_pkey on sbtest7  (cost=0.43..8.45 rows=1 width=6)
	        Index Cond: (id = 2903549)

table 8 : explain DELETE FROM sbtest8 WHERE id=9424526
	Delete on sbtest8  (cost=0.43..8.45 rows=0 width=0)
	  ->  Index Scan using sbtest8_pkey on sbtest8  (cost=0.43..8.45 rows=1 width=6)
	        Index Cond: (id = 9424526)

for: order_ranges
table 1 : explain SELECT c FROM sbtest1 WHERE id BETWEEN 9338034 AND 9338043 ORDER BY c
	Sort  (cost=37.30..37.32 rows=9 width=121)
	  Sort Key: c
	  ->  Index Scan using sbtest1_pkey on sbtest1  (cost=0.43..37.16 rows=9 width=121)
	        Index Cond: ((id >= 9338034) AND (id <= 9338043))

table 2 : explain SELECT c FROM sbtest2 WHERE id BETWEEN 8439250 AND 8439259 ORDER BY c
	Sort  (cost=40.75..40.78 rows=10 width=121)
	  Sort Key: c
	  ->  Index Scan using sbtest2_pkey on sbtest2  (cost=0.43..40.59 rows=10 width=121)
	        Index Cond: ((id >= 8439250) AND (id <= 8439259))

table 3 : explain SELECT c FROM sbtest3 WHERE id BETWEEN 8667634 AND 8667643 ORDER BY c
	Sort  (cost=36.99..37.01 rows=9 width=121)
	  Sort Key: c
	  ->  Index Scan using sbtest3_pkey on sbtest3  (cost=0.43..36.84 rows=9 width=121)
	        Index Cond: ((id >= 8667634) AND (id <= 8667643))

table 4 : explain SELECT c FROM sbtest4 WHERE id BETWEEN 6968574 AND 6968583 ORDER BY c
	Sort  (cost=40.42..40.44 rows=10 width=121)
	  Sort Key: c
	  ->  Index Scan using sbtest4_pkey on sbtest4  (cost=0.43..40.25 rows=10 width=121)
	        Index Cond: ((id >= 6968574) AND (id <= 6968583))

table 5 : explain SELECT c FROM sbtest5 WHERE id BETWEEN 1686195 AND 1686204 ORDER BY c
	Sort  (cost=44.12..44.14 rows=11 width=121)
	  Sort Key: c
	  ->  Index Scan using sbtest5_pkey on sbtest5  (cost=0.43..43.93 rows=11 width=121)
	        Index Cond: ((id >= 1686195) AND (id <= 1686204))

table 6 : explain SELECT c FROM sbtest6 WHERE id BETWEEN 2141257 AND 2141266 ORDER BY c
	Sort  (cost=37.28..37.31 rows=9 width=121)
	  Sort Key: c
	  ->  Index Scan using sbtest6_pkey on sbtest6  (cost=0.43..37.14 rows=9 width=121)
	        Index Cond: ((id >= 2141257) AND (id <= 2141266))

table 7 : explain SELECT c FROM sbtest7 WHERE id BETWEEN 4033600 AND 4033609 ORDER BY c
	Sort  (cost=36.66..36.69 rows=9 width=121)
	  Sort Key: c
	  ->  Index Scan using sbtest7_pkey on sbtest7  (cost=0.43..36.52 rows=9 width=121)
	        Index Cond: ((id >= 4033600) AND (id <= 4033609))

table 8 : explain SELECT c FROM sbtest8 WHERE id BETWEEN 9380228 AND 9380237 ORDER BY c
	Sort  (cost=40.63..40.65 rows=10 width=121)
	  Sort Key: c
	  ->  Index Scan using sbtest8_pkey on sbtest8  (cost=0.43..40.46 rows=10 width=121)
	        Index Cond: ((id >= 9380228) AND (id <= 9380237))

explain: for inserts :: explain INSERT INTO sbtest%u (id, k, c, pad) VALUES (%u, 13, 'foobar', 'foobar')
for: simple_ranges
table 1 : explain SELECT c FROM sbtest1 WHERE id BETWEEN 9944545 AND 9944554
	Index Scan using sbtest1_pkey on sbtest1  (cost=0.43..40.75 rows=10 width=121)
	  Index Cond: ((id >= 9944545) AND (id <= 9944554))

table 2 : explain SELECT c FROM sbtest2 WHERE id BETWEEN 9026097 AND 9026106
	Index Scan using sbtest2_pkey on sbtest2  (cost=0.43..40.59 rows=10 width=121)
	  Index Cond: ((id >= 9026097) AND (id <= 9026106))

table 3 : explain SELECT c FROM sbtest3 WHERE id BETWEEN 857781 AND 857790
	Index Scan using sbtest3_pkey on sbtest3  (cost=0.43..40.39 rows=10 width=121)
	  Index Cond: ((id >= 857781) AND (id <= 857790))

table 4 : explain SELECT c FROM sbtest4 WHERE id BETWEEN 2338626 AND 2338635
	Index Scan using sbtest4_pkey on sbtest4  (cost=0.43..40.25 rows=10 width=121)
	  Index Cond: ((id >= 2338626) AND (id <= 2338635))

table 5 : explain SELECT c FROM sbtest5 WHERE id BETWEEN 3741019 AND 3741028
	Index Scan using sbtest5_pkey on sbtest5  (cost=0.43..40.38 rows=10 width=121)
	  Index Cond: ((id >= 3741019) AND (id <= 3741028))

table 6 : explain SELECT c FROM sbtest6 WHERE id BETWEEN 8370112 AND 8370121
	Index Scan using sbtest6_pkey on sbtest6  (cost=0.43..40.73 rows=10 width=121)
	  Index Cond: ((id >= 8370112) AND (id <= 8370121))

table 7 : explain SELECT c FROM sbtest7 WHERE id BETWEEN 1130436 AND 1130445
	Index Scan using sbtest7_pkey on sbtest7  (cost=0.43..40.03 rows=10 width=121)
	  Index Cond: ((id >= 1130436) AND (id <= 1130445))

table 8 : explain SELECT c FROM sbtest8 WHERE id BETWEEN 4186009 AND 4186018
	Index Scan using sbtest8_pkey on sbtest8  (cost=0.43..40.46 rows=10 width=121)
	  Index Cond: ((id >= 4186009) AND (id <= 4186018))

for: distinct_ranges
table 1 : explain SELECT DISTINCT c FROM sbtest1 WHERE id BETWEEN 9950481 AND 9950490 ORDER BY c
	Unique  (cost=40.91..40.96 rows=10 width=121)
	  ->  Sort  (cost=40.91..40.94 rows=10 width=121)
	        Sort Key: c
	        ->  Index Scan using sbtest1_pkey on sbtest1  (cost=0.43..40.75 rows=10 width=121)
	              Index Cond: ((id >= 9950481) AND (id <= 9950490))

table 2 : explain SELECT DISTINCT c FROM sbtest2 WHERE id BETWEEN 8734345 AND 8734354 ORDER BY c
	Unique  (cost=37.16..37.21 rows=9 width=121)
	  ->  Sort  (cost=37.16..37.18 rows=9 width=121)
	        Sort Key: c
	        ->  Index Scan using sbtest2_pkey on sbtest2  (cost=0.43..37.02 rows=9 width=121)
	              Index Cond: ((id >= 8734345) AND (id <= 8734354))

table 3 : explain SELECT DISTINCT c FROM sbtest3 WHERE id BETWEEN 3765581 AND 3765590 ORDER BY c
	Unique  (cost=36.99..37.03 rows=9 width=121)
	  ->  Sort  (cost=36.99..37.01 rows=9 width=121)
	        Sort Key: c
	        ->  Index Scan using sbtest3_pkey on sbtest3  (cost=0.43..36.84 rows=9 width=121)
	              Index Cond: ((id >= 3765581) AND (id <= 3765590))

table 4 : explain SELECT DISTINCT c FROM sbtest4 WHERE id BETWEEN 5050027 AND 5050036 ORDER BY c
	Unique  (cost=36.86..36.91 rows=9 width=121)
	  ->  Sort  (cost=36.86..36.88 rows=9 width=121)
	        Sort Key: c
	        ->  Index Scan using sbtest4_pkey on sbtest4  (cost=0.43..36.72 rows=9 width=121)
	              Index Cond: ((id >= 5050027) AND (id <= 5050036))

table 5 : explain SELECT DISTINCT c FROM sbtest5 WHERE id BETWEEN 1641762 AND 1641771 ORDER BY c
	Unique  (cost=44.12..44.17 rows=11 width=121)
	  ->  Sort  (cost=44.12..44.14 rows=11 width=121)
	        Sort Key: c
	        ->  Index Scan using sbtest5_pkey on sbtest5  (cost=0.43..43.93 rows=11 width=121)
	              Index Cond: ((id >= 1641762) AND (id <= 1641771))

table 6 : explain SELECT DISTINCT c FROM sbtest6 WHERE id BETWEEN 4862726 AND 4862735 ORDER BY c
	Unique  (cost=40.89..40.94 rows=10 width=121)
	  ->  Sort  (cost=40.89..40.92 rows=10 width=121)
	        Sort Key: c
	        ->  Index Scan using sbtest6_pkey on sbtest6  (cost=0.43..40.73 rows=10 width=121)
	              Index Cond: ((id >= 4862726) AND (id <= 4862735))

table 7 : explain SELECT DISTINCT c FROM sbtest7 WHERE id BETWEEN 2009612 AND 2009621 ORDER BY c
	Unique  (cost=43.73..43.78 rows=11 width=121)
	  ->  Sort  (cost=43.73..43.76 rows=11 width=121)
	        Sort Key: c
	        ->  Index Scan using sbtest7_pkey on sbtest7  (cost=0.43..43.54 rows=11 width=121)
	              Index Cond: ((id >= 2009612) AND (id <= 2009621))

table 8 : explain SELECT DISTINCT c FROM sbtest8 WHERE id BETWEEN 5417919 AND 5417928 ORDER BY c
	Unique  (cost=40.63..40.68 rows=10 width=121)
	  ->  Sort  (cost=40.63..40.65 rows=10 width=121)
	        Sort Key: c
	        ->  Index Scan using sbtest8_pkey on sbtest8  (cost=0.43..40.46 rows=10 width=121)
	              Index Cond: ((id >= 5417919) AND (id <= 5417928))

explain: for non_index_updates :: explain UPDATE sbtest%u SET c='foobar' WHERE id=%u
for: simple_ranges
table 1 : explain SELECT c FROM sbtest1 WHERE id BETWEEN 2638649 AND 2638658
	Index Scan using sbtest1_pkey on sbtest1  (cost=0.43..40.75 rows=10 width=121)
	  Index Cond: ((id >= 2638649) AND (id <= 2638658))

table 2 : explain SELECT c FROM sbtest2 WHERE id BETWEEN 2347811 AND 2347820
	Index Scan using sbtest2_pkey on sbtest2  (cost=0.43..40.59 rows=10 width=121)
	  Index Cond: ((id >= 2347811) AND (id <= 2347820))

table 3 : explain SELECT c FROM sbtest3 WHERE id BETWEEN 7955429 AND 7955438
	Index Scan using sbtest3_pkey on sbtest3  (cost=0.43..40.39 rows=10 width=121)
	  Index Cond: ((id >= 7955429) AND (id <= 7955438))

table 4 : explain SELECT c FROM sbtest4 WHERE id BETWEEN 9909691 AND 9909700
	Index Scan using sbtest4_pkey on sbtest4  (cost=0.43..40.25 rows=10 width=121)
	  Index Cond: ((id >= 9909691) AND (id <= 9909700))

table 5 : explain SELECT c FROM sbtest5 WHERE id BETWEEN 7360317 AND 7360326
	Index Scan using sbtest5_pkey on sbtest5  (cost=0.43..40.38 rows=10 width=121)
	  Index Cond: ((id >= 7360317) AND (id <= 7360326))

table 6 : explain SELECT c FROM sbtest6 WHERE id BETWEEN 1128717 AND 1128726
	Index Scan using sbtest6_pkey on sbtest6  (cost=0.43..44.31 rows=11 width=121)
	  Index Cond: ((id >= 1128717) AND (id <= 1128726))

table 7 : explain SELECT c FROM sbtest7 WHERE id BETWEEN 9617148 AND 9617157
	Index Scan using sbtest7_pkey on sbtest7  (cost=0.43..40.03 rows=10 width=121)
	  Index Cond: ((id >= 9617148) AND (id <= 9617157))

table 8 : explain SELECT c FROM sbtest8 WHERE id BETWEEN 641726 AND 641735
	Index Scan using sbtest8_pkey on sbtest8  (cost=0.43..40.46 rows=10 width=121)
	  Index Cond: ((id >= 641726) AND (id <= 641735))

explain: for inserts :: explain INSERT INTO sbtest%u (id, k, c, pad) VALUES (%u, 13, 'foobar', 'foobar')
for: order_ranges
table 1 : explain SELECT c FROM sbtest1 WHERE id BETWEEN 3765813 AND 3765822 ORDER BY c
	Sort  (cost=40.91..40.94 rows=10 width=121)
	  Sort Key: c
	  ->  Index Scan using sbtest1_pkey on sbtest1  (cost=0.43..40.75 rows=10 width=121)
	        Index Cond: ((id >= 3765813) AND (id <= 3765822))

table 2 : explain SELECT c FROM sbtest2 WHERE id BETWEEN 4483296 AND 4483305 ORDER BY c
	Sort  (cost=40.75..40.78 rows=10 width=121)
	  Sort Key: c
	  ->  Index Scan using sbtest2_pkey on sbtest2  (cost=0.43..40.59 rows=10 width=121)
	        Index Cond: ((id >= 4483296) AND (id <= 4483305))

table 3 : explain SELECT c FROM sbtest3 WHERE id BETWEEN 7679240 AND 7679249 ORDER BY c
	Sort  (cost=40.56..40.58 rows=10 width=121)
	  Sort Key: c
	  ->  Index Scan using sbtest3_pkey on sbtest3  (cost=0.43..40.39 rows=10 width=121)
	        Index Cond: ((id >= 7679240) AND (id <= 7679249))

table 4 : explain SELECT c FROM sbtest4 WHERE id BETWEEN 5344124 AND 5344133 ORDER BY c
	Sort  (cost=40.42..40.44 rows=10 width=121)
	  Sort Key: c
	  ->  Index Scan using sbtest4_pkey on sbtest4  (cost=0.43..40.25 rows=10 width=121)
	        Index Cond: ((id >= 5344124) AND (id <= 5344133))

table 5 : explain SELECT c FROM sbtest5 WHERE id BETWEEN 1849799 AND 1849808 ORDER BY c
	Sort  (cost=44.12..44.14 rows=11 width=121)
	  Sort Key: c
	  ->  Index Scan using sbtest5_pkey on sbtest5  (cost=0.43..43.93 rows=11 width=121)
	        Index Cond: ((id >= 1849799) AND (id <= 1849808))

table 6 : explain SELECT c FROM sbtest6 WHERE id BETWEEN 994020 AND 994029 ORDER BY c
	Sort  (cost=44.50..44.53 rows=11 width=121)
	  Sort Key: c
	  ->  Index Scan using sbtest6_pkey on sbtest6  (cost=0.43..44.31 rows=11 width=121)
	        Index Cond: ((id >= 994020) AND (id <= 994029))

table 7 : explain SELECT c FROM sbtest7 WHERE id BETWEEN 1454597 AND 1454606 ORDER BY c
	Sort  (cost=40.20..40.22 rows=10 width=121)
	  Sort Key: c
	  ->  Index Scan using sbtest7_pkey on sbtest7  (cost=0.43..40.03 rows=10 width=121)
	        Index Cond: ((id >= 1454597) AND (id <= 1454606))

table 8 : explain SELECT c FROM sbtest8 WHERE id BETWEEN 1458518 AND 1458527 ORDER BY c
	Sort  (cost=40.63..40.65 rows=10 width=121)
	  Sort Key: c
	  ->  Index Scan using sbtest8_pkey on sbtest8  (cost=0.43..40.46 rows=10 width=121)
	        Index Cond: ((id >= 1458518) AND (id <= 1458527))

for: order_ranges
table 1 : explain SELECT c FROM sbtest1 WHERE id BETWEEN 9256231 AND 9256240 ORDER BY c
	Sort  (cost=37.30..37.32 rows=9 width=121)
	  Sort Key: c
	  ->  Index Scan using sbtest1_pkey on sbtest1  (cost=0.43..37.16 rows=9 width=121)
	        Index Cond: ((id >= 9256231) AND (id <= 9256240))

table 2 : explain SELECT c FROM sbtest2 WHERE id BETWEEN 1801315 AND 1801324 ORDER BY c
	Sort  (cost=40.75..40.78 rows=10 width=121)
	  Sort Key: c
	  ->  Index Scan using sbtest2_pkey on sbtest2  (cost=0.43..40.59 rows=10 width=121)
	        Index Cond: ((id >= 1801315) AND (id <= 1801324))

table 3 : explain SELECT c FROM sbtest3 WHERE id BETWEEN 2935509 AND 2935518 ORDER BY c
	Sort  (cost=40.56..40.58 rows=10 width=121)
	  Sort Key: c
	  ->  Index Scan using sbtest3_pkey on sbtest3  (cost=0.43..40.39 rows=10 width=121)
	        Index Cond: ((id >= 2935509) AND (id <= 2935518))

table 4 : explain SELECT c FROM sbtest4 WHERE id BETWEEN 7498804 AND 7498813 ORDER BY c
	Sort  (cost=40.42..40.44 rows=10 width=121)
	  Sort Key: c
	  ->  Index Scan using sbtest4_pkey on sbtest4  (cost=0.43..40.25 rows=10 width=121)
	        Index Cond: ((id >= 7498804) AND (id <= 7498813))

table 5 : explain SELECT c FROM sbtest5 WHERE id BETWEEN 5402053 AND 5402062 ORDER BY c
	Sort  (cost=36.97..37.00 rows=9 width=121)
	  Sort Key: c
	  ->  Index Scan using sbtest5_pkey on sbtest5  (cost=0.43..36.83 rows=9 width=121)
	        Index Cond: ((id >= 5402053) AND (id <= 5402062))

table 6 : explain SELECT c FROM sbtest6 WHERE id BETWEEN 2235153 AND 2235162 ORDER BY c
	Sort  (cost=40.89..40.92 rows=10 width=121)
	  Sort Key: c
	  ->  Index Scan using sbtest6_pkey on sbtest6  (cost=0.43..40.73 rows=10 width=121)
	        Index Cond: ((id >= 2235153) AND (id <= 2235162))

table 7 : explain SELECT c FROM sbtest7 WHERE id BETWEEN 9897309 AND 9897318 ORDER BY c
	Sort  (cost=43.73..43.76 rows=11 width=121)
	  Sort Key: c
	  ->  Index Scan using sbtest7_pkey on sbtest7  (cost=0.43..43.54 rows=11 width=121)
	        Index Cond: ((id >= 9897309) AND (id <= 9897318))

table 8 : explain SELECT c FROM sbtest8 WHERE id BETWEEN 3087552 AND 3087561 ORDER BY c
	Sort  (cost=44.21..44.24 rows=11 width=121)
	  Sort Key: c
	  ->  Index Scan using sbtest8_pkey on sbtest8  (cost=0.43..44.02 rows=11 width=121)
	        Index Cond: ((id >= 3087552) AND (id <= 3087561))

explain: for index_updates :: explain UPDATE sbtest%u SET k=k+1 WHERE id=%u
for: simple_ranges
table 1 : explain SELECT c FROM sbtest1 WHERE id BETWEEN 4867951 AND 4867960
	Index Scan using sbtest1_pkey on sbtest1  (cost=0.43..37.16 rows=9 width=121)
	  Index Cond: ((id >= 4867951) AND (id <= 4867960))

table 2 : explain SELECT c FROM sbtest2 WHERE id BETWEEN 5451314 AND 5451323
	Index Scan using sbtest2_pkey on sbtest2  (cost=0.43..44.16 rows=11 width=121)
	  Index Cond: ((id >= 5451314) AND (id <= 5451323))

table 3 : explain SELECT c FROM sbtest3 WHERE id BETWEEN 1149634 AND 1149643
	Index Scan using sbtest3_pkey on sbtest3  (cost=0.43..40.39 rows=10 width=121)
	  Index Cond: ((id >= 1149634) AND (id <= 1149643))

table 4 : explain SELECT c FROM sbtest4 WHERE id BETWEEN 5234323 AND 5234332
	Index Scan using sbtest4_pkey on sbtest4  (cost=0.43..40.25 rows=10 width=121)
	  Index Cond: ((id >= 5234323) AND (id <= 5234332))

table 5 : explain SELECT c FROM sbtest5 WHERE id BETWEEN 5540156 AND 5540165
	Index Scan using sbtest5_pkey on sbtest5  (cost=0.43..43.93 rows=11 width=121)
	  Index Cond: ((id >= 5540156) AND (id <= 5540165))

table 6 : explain SELECT c FROM sbtest6 WHERE id BETWEEN 1679614 AND 1679623
	Index Scan using sbtest6_pkey on sbtest6  (cost=0.43..40.73 rows=10 width=121)
	  Index Cond: ((id >= 1679614) AND (id <= 1679623))

table 7 : explain SELECT c FROM sbtest7 WHERE id BETWEEN 696752 AND 696761
	Index Scan using sbtest7_pkey on sbtest7  (cost=0.43..40.03 rows=10 width=121)
	  Index Cond: ((id >= 696752) AND (id <= 696761))

table 8 : explain SELECT c FROM sbtest8 WHERE id BETWEEN 8878262 AND 8878271
	Index Scan using sbtest8_pkey on sbtest8  (cost=0.43..40.46 rows=10 width=121)
	  Index Cond: ((id >= 8878262) AND (id <= 8878271))

for non_index_updates
table 1 : explain UPDATE sbtest1 SET c='foobar' WHERE id=3989293
	Update on sbtest1  (cost=0.43..8.45 rows=0 width=0)
	  ->  Index Scan using sbtest1_pkey on sbtest1  (cost=0.43..8.45 rows=1 width=490)
	        Index Cond: (id = 3989293)

table 2 : explain UPDATE sbtest2 SET c='foobar' WHERE id=3283745
	Update on sbtest2  (cost=0.43..8.45 rows=0 width=0)
	  ->  Index Scan using sbtest2_pkey on sbtest2  (cost=0.43..8.45 rows=1 width=490)
	        Index Cond: (id = 3283745)

table 3 : explain UPDATE sbtest3 SET c='foobar' WHERE id=3728469
	Update on sbtest3  (cost=0.43..8.45 rows=0 width=0)
	  ->  Index Scan using sbtest3_pkey on sbtest3  (cost=0.43..8.45 rows=1 width=490)
	        Index Cond: (id = 3728469)

table 4 : explain UPDATE sbtest4 SET c='foobar' WHERE id=8958889
	Update on sbtest4  (cost=0.43..8.45 rows=0 width=0)
	  ->  Index Scan using sbtest4_pkey on sbtest4  (cost=0.43..8.45 rows=1 width=490)
	        Index Cond: (id = 8958889)

table 5 : explain UPDATE sbtest5 SET c='foobar' WHERE id=4849183
	Update on sbtest5  (cost=0.43..8.45 rows=0 width=0)
	  ->  Index Scan using sbtest5_pkey on sbtest5  (cost=0.43..8.45 rows=1 width=490)
	        Index Cond: (id = 4849183)

table 6 : explain UPDATE sbtest6 SET c='foobar' WHERE id=8699043
	Update on sbtest6  (cost=0.43..8.45 rows=0 width=0)
	  ->  Index Scan using sbtest6_pkey on sbtest6  (cost=0.43..8.45 rows=1 width=490)
	        Index Cond: (id = 8699043)

table 7 : explain UPDATE sbtest7 SET c='foobar' WHERE id=6961305
	Update on sbtest7  (cost=0.43..8.45 rows=0 width=0)
	  ->  Index Scan using sbtest7_pkey on sbtest7  (cost=0.43..8.45 rows=1 width=490)
	        Index Cond: (id = 6961305)

table 8 : explain UPDATE sbtest8 SET c='foobar' WHERE id=8424854
	Update on sbtest8  (cost=0.43..8.45 rows=0 width=0)
	  ->  Index Scan using sbtest8_pkey on sbtest8  (cost=0.43..8.45 rows=1 width=490)
	        Index Cond: (id = 8424854)

for: distinct_ranges
table 1 : explain SELECT DISTINCT c FROM sbtest1 WHERE id BETWEEN 9421085 AND 9421094 ORDER BY c
	Unique  (cost=44.53..44.58 rows=11 width=121)
	  ->  Sort  (cost=44.53..44.55 rows=11 width=121)
	        Sort Key: c
	        ->  Index Scan using sbtest1_pkey on sbtest1  (cost=0.43..44.33 rows=11 width=121)
	              Index Cond: ((id >= 9421085) AND (id <= 9421094))

table 2 : explain SELECT DISTINCT c FROM sbtest2 WHERE id BETWEEN 9131388 AND 9131397 ORDER BY c
	Unique  (cost=40.75..40.80 rows=10 width=121)
	  ->  Sort  (cost=40.75..40.78 rows=10 width=121)
	        Sort Key: c
	        ->  Index Scan using sbtest2_pkey on sbtest2  (cost=0.43..40.59 rows=10 width=121)
	              Index Cond: ((id >= 9131388) AND (id <= 9131397))

table 3 : explain SELECT DISTINCT c FROM sbtest3 WHERE id BETWEEN 3285089 AND 3285098 ORDER BY c
	Unique  (cost=40.56..40.61 rows=10 width=121)
	  ->  Sort  (cost=40.56..40.58 rows=10 width=121)
	        Sort Key: c
	        ->  Index Scan using sbtest3_pkey on sbtest3  (cost=0.43..40.39 rows=10 width=121)
	              Index Cond: ((id >= 3285089) AND (id <= 3285098))

table 4 : explain SELECT DISTINCT c FROM sbtest4 WHERE id BETWEEN 8492041 AND 8492050 ORDER BY c
	Unique  (cost=40.42..40.47 rows=10 width=121)
	  ->  Sort  (cost=40.42..40.44 rows=10 width=121)
	        Sort Key: c
	        ->  Index Scan using sbtest4_pkey on sbtest4  (cost=0.43..40.25 rows=10 width=121)
	              Index Cond: ((id >= 8492041) AND (id <= 8492050))

table 5 : explain SELECT DISTINCT c FROM sbtest5 WHERE id BETWEEN 5965639 AND 5965648 ORDER BY c
	Unique  (cost=40.55..40.60 rows=10 width=121)
	  ->  Sort  (cost=40.55..40.57 rows=10 width=121)
	        Sort Key: c
	        ->  Index Scan using sbtest5_pkey on sbtest5  (cost=0.43..40.38 rows=10 width=121)
	              Index Cond: ((id >= 5965639) AND (id <= 5965648))

table 6 : explain SELECT DISTINCT c FROM sbtest6 WHERE id BETWEEN 5350013 AND 5350022 ORDER BY c
	Unique  (cost=40.89..40.94 rows=10 width=121)
	  ->  Sort  (cost=40.89..40.92 rows=10 width=121)
	        Sort Key: c
	        ->  Index Scan using sbtest6_pkey on sbtest6  (cost=0.43..40.73 rows=10 width=121)
	              Index Cond: ((id >= 5350013) AND (id <= 5350022))

table 7 : explain SELECT DISTINCT c FROM sbtest7 WHERE id BETWEEN 3211423 AND 3211432 ORDER BY c
	Unique  (cost=40.20..40.25 rows=10 width=121)
	  ->  Sort  (cost=40.20..40.22 rows=10 width=121)
	        Sort Key: c
	        ->  Index Scan using sbtest7_pkey on sbtest7  (cost=0.43..40.03 rows=10 width=121)
	              Index Cond: ((id >= 3211423) AND (id <= 3211432))

table 8 : explain SELECT DISTINCT c FROM sbtest8 WHERE id BETWEEN 736758 AND 736767 ORDER BY c
	Unique  (cost=40.63..40.68 rows=10 width=121)
	  ->  Sort  (cost=40.63..40.65 rows=10 width=121)
	        Sort Key: c
	        ->  Index Scan using sbtest8_pkey on sbtest8  (cost=0.43..40.46 rows=10 width=121)
	              Index Cond: ((id >= 736758) AND (id <= 736767))

explain: for deletes :: explain DELETE FROM sbtest%u WHERE id=%u
for point_selects
table 1 : explain SELECT c FROM sbtest1 WHERE id=2908388
	Index Scan using sbtest1_pkey on sbtest1  (cost=0.43..8.45 rows=1 width=121)
	  Index Cond: (id = 2908388)

table 2 : explain SELECT c FROM sbtest2 WHERE id=5408049
	Index Scan using sbtest2_pkey on sbtest2  (cost=0.43..8.45 rows=1 width=121)
	  Index Cond: (id = 5408049)

table 3 : explain SELECT c FROM sbtest3 WHERE id=430713
	Index Scan using sbtest3_pkey on sbtest3  (cost=0.43..8.45 rows=1 width=121)
	  Index Cond: (id = 430713)

table 4 : explain SELECT c FROM sbtest4 WHERE id=8398302
	Index Scan using sbtest4_pkey on sbtest4  (cost=0.43..8.45 rows=1 width=121)
	  Index Cond: (id = 8398302)

table 5 : explain SELECT c FROM sbtest5 WHERE id=5796409
	Index Scan using sbtest5_pkey on sbtest5  (cost=0.43..8.45 rows=1 width=121)
	  Index Cond: (id = 5796409)

table 6 : explain SELECT c FROM sbtest6 WHERE id=9407015
	Index Scan using sbtest6_pkey on sbtest6  (cost=0.43..8.45 rows=1 width=121)
	  Index Cond: (id = 9407015)

table 7 : explain SELECT c FROM sbtest7 WHERE id=97751
	Index Scan using sbtest7_pkey on sbtest7  (cost=0.43..8.45 rows=1 width=121)
	  Index Cond: (id = 97751)

table 8 : explain SELECT c FROM sbtest8 WHERE id=6245992
	Index Scan using sbtest8_pkey on sbtest8  (cost=0.43..8.45 rows=1 width=121)
	  Index Cond: (id = 6245992)

for inserts
table 1 : explain INSERT INTO sbtest1 (id, k, c, pad) VALUES (8442143, 13, 'foobar', 'foobar')
	Insert on sbtest1  (cost=0.00..0.01 rows=0 width=0)
	  ->  Result  (cost=0.00..0.01 rows=1 width=736)

table 2 : explain INSERT INTO sbtest2 (id, k, c, pad) VALUES (2143492, 13, 'foobar', 'foobar')
	Insert on sbtest2  (cost=0.00..0.01 rows=0 width=0)
	  ->  Result  (cost=0.00..0.01 rows=1 width=736)

table 3 : explain INSERT INTO sbtest3 (id, k, c, pad) VALUES (9280556, 13, 'foobar', 'foobar')
	Insert on sbtest3  (cost=0.00..0.01 rows=0 width=0)
	  ->  Result  (cost=0.00..0.01 rows=1 width=736)

table 4 : explain INSERT INTO sbtest4 (id, k, c, pad) VALUES (7248255, 13, 'foobar', 'foobar')
	Insert on sbtest4  (cost=0.00..0.01 rows=0 width=0)
	  ->  Result  (cost=0.00..0.01 rows=1 width=736)

table 5 : explain INSERT INTO sbtest5 (id, k, c, pad) VALUES (4597443, 13, 'foobar', 'foobar')
	Insert on sbtest5  (cost=0.00..0.01 rows=0 width=0)
	  ->  Result  (cost=0.00..0.01 rows=1 width=736)

table 6 : explain INSERT INTO sbtest6 (id, k, c, pad) VALUES (3423387, 13, 'foobar', 'foobar')
	Insert on sbtest6  (cost=0.00..0.01 rows=0 width=0)
	  ->  Result  (cost=0.00..0.01 rows=1 width=736)

table 7 : explain INSERT INTO sbtest7 (id, k, c, pad) VALUES (42398, 13, 'foobar', 'foobar')
	Insert on sbtest7  (cost=0.00..0.01 rows=0 width=0)
	  ->  Result  (cost=0.00..0.01 rows=1 width=736)

table 8 : explain INSERT INTO sbtest8 (id, k, c, pad) VALUES (7772125, 13, 'foobar', 'foobar')
	Insert on sbtest8  (cost=0.00..0.01 rows=0 width=0)
	  ->  Result  (cost=0.00..0.01 rows=1 width=736)

for: sum_ranges
table 1 : explain SELECT SUM(k) FROM sbtest1 WHERE id BETWEEN 7577331 AND 7577340
	Aggregate  (cost=37.18..37.19 rows=1 width=8)
	  ->  Index Scan using sbtest1_pkey on sbtest1  (cost=0.43..37.16 rows=9 width=4)
	        Index Cond: ((id >= 7577331) AND (id <= 7577340))

table 2 : explain SELECT SUM(k) FROM sbtest2 WHERE id BETWEEN 7229017 AND 7229026
	Aggregate  (cost=37.04..37.05 rows=1 width=8)
	  ->  Index Scan using sbtest2_pkey on sbtest2  (cost=0.43..37.02 rows=9 width=4)
	        Index Cond: ((id >= 7229017) AND (id <= 7229026))

table 3 : explain SELECT SUM(k) FROM sbtest3 WHERE id BETWEEN 9342218 AND 9342227
	Aggregate  (cost=40.42..40.43 rows=1 width=8)
	  ->  Index Scan using sbtest3_pkey on sbtest3  (cost=0.43..40.39 rows=10 width=4)
	        Index Cond: ((id >= 9342218) AND (id <= 9342227))

table 4 : explain SELECT SUM(k) FROM sbtest4 WHERE id BETWEEN 331729 AND 331738
	Aggregate  (cost=40.28..40.29 rows=1 width=8)
	  ->  Index Scan using sbtest4_pkey on sbtest4  (cost=0.43..40.25 rows=10 width=4)
	        Index Cond: ((id >= 331729) AND (id <= 331738))

table 5 : explain SELECT SUM(k) FROM sbtest5 WHERE id BETWEEN 1348545 AND 1348554
	Aggregate  (cost=43.95..43.96 rows=1 width=8)
	  ->  Index Scan using sbtest5_pkey on sbtest5  (cost=0.43..43.93 rows=11 width=4)
	        Index Cond: ((id >= 1348545) AND (id <= 1348554))

table 6 : explain SELECT SUM(k) FROM sbtest6 WHERE id BETWEEN 8085457 AND 8085466
	Aggregate  (cost=44.34..44.35 rows=1 width=8)
	  ->  Index Scan using sbtest6_pkey on sbtest6  (cost=0.43..44.31 rows=11 width=4)
	        Index Cond: ((id >= 8085457) AND (id <= 8085466))

table 7 : explain SELECT SUM(k) FROM sbtest7 WHERE id BETWEEN 799208 AND 799217
	Aggregate  (cost=40.06..40.07 rows=1 width=8)
	  ->  Index Scan using sbtest7_pkey on sbtest7  (cost=0.43..40.03 rows=10 width=4)
	        Index Cond: ((id >= 799208) AND (id <= 799217))

table 8 : explain SELECT SUM(k) FROM sbtest8 WHERE id BETWEEN 5865278 AND 5865287
	Aggregate  (cost=40.49..40.50 rows=1 width=8)
	  ->  Index Scan using sbtest8_pkey on sbtest8  (cost=0.43..40.46 rows=10 width=4)
	        Index Cond: ((id >= 5865278) AND (id <= 5865287))

for index_updates
table 1 : explain UPDATE sbtest1 SET k=k+1 WHERE id=2291759
	Update on sbtest1  (cost=0.43..8.46 rows=0 width=0)
	  ->  Index Scan using sbtest1_pkey on sbtest1  (cost=0.43..8.46 rows=1 width=10)
	        Index Cond: (id = 2291759)

table 2 : explain UPDATE sbtest2 SET k=k+1 WHERE id=6454362
	Update on sbtest2  (cost=0.43..8.46 rows=0 width=0)
	  ->  Index Scan using sbtest2_pkey on sbtest2  (cost=0.43..8.46 rows=1 width=10)
	        Index Cond: (id = 6454362)

table 3 : explain UPDATE sbtest3 SET k=k+1 WHERE id=2839402
	Update on sbtest3  (cost=0.43..8.46 rows=0 width=0)
	  ->  Index Scan using sbtest3_pkey on sbtest3  (cost=0.43..8.46 rows=1 width=10)
	        Index Cond: (id = 2839402)

table 4 : explain UPDATE sbtest4 SET k=k+1 WHERE id=2592753
	Update on sbtest4  (cost=0.43..8.46 rows=0 width=0)
	  ->  Index Scan using sbtest4_pkey on sbtest4  (cost=0.43..8.46 rows=1 width=10)
	        Index Cond: (id = 2592753)

table 5 : explain UPDATE sbtest5 SET k=k+1 WHERE id=6649808
	Update on sbtest5  (cost=0.43..8.46 rows=0 width=0)
	  ->  Index Scan using sbtest5_pkey on sbtest5  (cost=0.43..8.46 rows=1 width=10)
	        Index Cond: (id = 6649808)

table 6 : explain UPDATE sbtest6 SET k=k+1 WHERE id=1274508
	Update on sbtest6  (cost=0.43..8.46 rows=0 width=0)
	  ->  Index Scan using sbtest6_pkey on sbtest6  (cost=0.43..8.46 rows=1 width=10)
	        Index Cond: (id = 1274508)

table 7 : explain UPDATE sbtest7 SET k=k+1 WHERE id=7720297
	Update on sbtest7  (cost=0.43..8.46 rows=0 width=0)
	  ->  Index Scan using sbtest7_pkey on sbtest7  (cost=0.43..8.46 rows=1 width=10)
	        Index Cond: (id = 7720297)

table 8 : explain UPDATE sbtest8 SET k=k+1 WHERE id=7208593
	Update on sbtest8  (cost=0.43..8.46 rows=0 width=0)
	  ->  Index Scan using sbtest8_pkey on sbtest8  (cost=0.43..8.46 rows=1 width=10)
	        Index Cond: (id = 7208593)

explain: for index_updates :: explain UPDATE sbtest%u SET k=k+1 WHERE id=%u
for deletes
table 1 : explain DELETE FROM sbtest1 WHERE id=8728738
	Delete on sbtest1  (cost=0.43..8.45 rows=0 width=0)
	  ->  Index Scan using sbtest1_pkey on sbtest1  (cost=0.43..8.45 rows=1 width=6)
	        Index Cond: (id = 8728738)

table 2 : explain DELETE FROM sbtest2 WHERE id=5821012
	Delete on sbtest2  (cost=0.43..8.45 rows=0 width=0)
	  ->  Index Scan using sbtest2_pkey on sbtest2  (cost=0.43..8.45 rows=1 width=6)
	        Index Cond: (id = 5821012)

table 3 : explain DELETE FROM sbtest3 WHERE id=5573024
	Delete on sbtest3  (cost=0.43..8.45 rows=0 width=0)
	  ->  Index Scan using sbtest3_pkey on sbtest3  (cost=0.43..8.45 rows=1 width=6)
	        Index Cond: (id = 5573024)

table 4 : explain DELETE FROM sbtest4 WHERE id=6928871
	Delete on sbtest4  (cost=0.43..8.45 rows=0 width=0)
	  ->  Index Scan using sbtest4_pkey on sbtest4  (cost=0.43..8.45 rows=1 width=6)
	        Index Cond: (id = 6928871)

table 5 : explain DELETE FROM sbtest5 WHERE id=5080867
	Delete on sbtest5  (cost=0.43..8.45 rows=0 width=0)
	  ->  Index Scan using sbtest5_pkey on sbtest5  (cost=0.43..8.45 rows=1 width=6)
	        Index Cond: (id = 5080867)

table 6 : explain DELETE FROM sbtest6 WHERE id=9372206
	Delete on sbtest6  (cost=0.43..8.45 rows=0 width=0)
	  ->  Index Scan using sbtest6_pkey on sbtest6  (cost=0.43..8.45 rows=1 width=6)
	        Index Cond: (id = 9372206)

table 7 : explain DELETE FROM sbtest7 WHERE id=6859937
	Delete on sbtest7  (cost=0.43..8.45 rows=0 width=0)
	  ->  Index Scan using sbtest7_pkey on sbtest7  (cost=0.43..8.45 rows=1 width=6)
	        Index Cond: (id = 6859937)

table 8 : explain DELETE FROM sbtest8 WHERE id=3972967
	Delete on sbtest8  (cost=0.43..8.45 rows=0 width=0)
	  ->  Index Scan using sbtest8_pkey on sbtest8  (cost=0.43..8.45 rows=1 width=6)
	        Index Cond: (id = 3972967)

for: sum_ranges
table 1 : explain SELECT SUM(k) FROM sbtest1 WHERE id BETWEEN 55924 AND 55933
	Aggregate  (cost=37.18..37.19 rows=1 width=8)
	  ->  Index Scan using sbtest1_pkey on sbtest1  (cost=0.43..37.16 rows=9 width=4)
	        Index Cond: ((id >= 55924) AND (id <= 55933))

table 2 : explain SELECT SUM(k) FROM sbtest2 WHERE id BETWEEN 391183 AND 391192
	Aggregate  (cost=40.61..40.62 rows=1 width=8)
	  ->  Index Scan using sbtest2_pkey on sbtest2  (cost=0.43..40.59 rows=10 width=4)
	        Index Cond: ((id >= 391183) AND (id <= 391192))

table 3 : explain SELECT SUM(k) FROM sbtest3 WHERE id BETWEEN 3752085 AND 3752094
	Aggregate  (cost=36.87..36.88 rows=1 width=8)
	  ->  Index Scan using sbtest3_pkey on sbtest3  (cost=0.43..36.84 rows=9 width=4)
	        Index Cond: ((id >= 3752085) AND (id <= 3752094))

table 4 : explain SELECT SUM(k) FROM sbtest4 WHERE id BETWEEN 8485971 AND 8485980
	Aggregate  (cost=40.28..40.29 rows=1 width=8)
	  ->  Index Scan using sbtest4_pkey on sbtest4  (cost=0.43..40.25 rows=10 width=4)
	        Index Cond: ((id >= 8485971) AND (id <= 8485980))

table 5 : explain SELECT SUM(k) FROM sbtest5 WHERE id BETWEEN 3791165 AND 3791174
	Aggregate  (cost=40.40..40.41 rows=1 width=8)
	  ->  Index Scan using sbtest5_pkey on sbtest5  (cost=0.43..40.38 rows=10 width=4)
	        Index Cond: ((id >= 3791165) AND (id <= 3791174))

table 6 : explain SELECT SUM(k) FROM sbtest6 WHERE id BETWEEN 7342486 AND 7342495
	Aggregate  (cost=40.75..40.76 rows=1 width=8)
	  ->  Index Scan using sbtest6_pkey on sbtest6  (cost=0.43..40.73 rows=10 width=4)
	        Index Cond: ((id >= 7342486) AND (id <= 7342495))

table 7 : explain SELECT SUM(k) FROM sbtest7 WHERE id BETWEEN 7565845 AND 7565854
	Aggregate  (cost=43.57..43.58 rows=1 width=8)
	  ->  Index Scan using sbtest7_pkey on sbtest7  (cost=0.43..43.54 rows=11 width=4)
	        Index Cond: ((id >= 7565845) AND (id <= 7565854))

table 8 : explain SELECT SUM(k) FROM sbtest8 WHERE id BETWEEN 7873311 AND 7873320
	Aggregate  (cost=36.93..36.94 rows=1 width=8)
	  ->  Index Scan using sbtest8_pkey on sbtest8  (cost=0.43..36.91 rows=9 width=4)
	        Index Cond: ((id >= 7873311) AND (id <= 7873320))

for index_updates
table 1 : explain UPDATE sbtest1 SET k=k+1 WHERE id=9176235
	Update on sbtest1  (cost=0.43..8.46 rows=0 width=0)
	  ->  Index Scan using sbtest1_pkey on sbtest1  (cost=0.43..8.46 rows=1 width=10)
	        Index Cond: (id = 9176235)

table 2 : explain UPDATE sbtest2 SET k=k+1 WHERE id=3487639
	Update on sbtest2  (cost=0.43..8.46 rows=0 width=0)
	  ->  Index Scan using sbtest2_pkey on sbtest2  (cost=0.43..8.46 rows=1 width=10)
	        Index Cond: (id = 3487639)

table 3 : explain UPDATE sbtest3 SET k=k+1 WHERE id=5848681
	Update on sbtest3  (cost=0.43..8.46 rows=0 width=0)
	  ->  Index Scan using sbtest3_pkey on sbtest3  (cost=0.43..8.46 rows=1 width=10)
	        Index Cond: (id = 5848681)

table 4 : explain UPDATE sbtest4 SET k=k+1 WHERE id=6446233
	Update on sbtest4  (cost=0.43..8.46 rows=0 width=0)
	  ->  Index Scan using sbtest4_pkey on sbtest4  (cost=0.43..8.46 rows=1 width=10)
	        Index Cond: (id = 6446233)

table 5 : explain UPDATE sbtest5 SET k=k+1 WHERE id=4627459
	Update on sbtest5  (cost=0.43..8.46 rows=0 width=0)
	  ->  Index Scan using sbtest5_pkey on sbtest5  (cost=0.43..8.46 rows=1 width=10)
	        Index Cond: (id = 4627459)

table 6 : explain UPDATE sbtest6 SET k=k+1 WHERE id=561850
	Update on sbtest6  (cost=0.43..8.46 rows=0 width=0)
	  ->  Index Scan using sbtest6_pkey on sbtest6  (cost=0.43..8.46 rows=1 width=10)
	        Index Cond: (id = 561850)

table 7 : explain UPDATE sbtest7 SET k=k+1 WHERE id=2794567
	Update on sbtest7  (cost=0.43..8.46 rows=0 width=0)
	  ->  Index Scan using sbtest7_pkey on sbtest7  (cost=0.43..8.46 rows=1 width=10)
	        Index Cond: (id = 2794567)

table 8 : explain UPDATE sbtest8 SET k=k+1 WHERE id=5368797
	Update on sbtest8  (cost=0.43..8.46 rows=0 width=0)
	  ->  Index Scan using sbtest8_pkey on sbtest8  (cost=0.43..8.46 rows=1 width=10)
	        Index Cond: (id = 5368797)

for inserts
table 1 : explain INSERT INTO sbtest1 (id, k, c, pad) VALUES (9329557, 13, 'foobar', 'foobar')
	Insert on sbtest1  (cost=0.00..0.01 rows=0 width=0)
	  ->  Result  (cost=0.00..0.01 rows=1 width=736)

table 2 : explain INSERT INTO sbtest2 (id, k, c, pad) VALUES (14414, 13, 'foobar', 'foobar')
	Insert on sbtest2  (cost=0.00..0.01 rows=0 width=0)
	  ->  Result  (cost=0.00..0.01 rows=1 width=736)

table 3 : explain INSERT INTO sbtest3 (id, k, c, pad) VALUES (2210040, 13, 'foobar', 'foobar')
	Insert on sbtest3  (cost=0.00..0.01 rows=0 width=0)
	  ->  Result  (cost=0.00..0.01 rows=1 width=736)

table 4 : explain INSERT INTO sbtest4 (id, k, c, pad) VALUES (410441, 13, 'foobar', 'foobar')
	Insert on sbtest4  (cost=0.00..0.01 rows=0 width=0)
	  ->  Result  (cost=0.00..0.01 rows=1 width=736)

table 5 : explain INSERT INTO sbtest5 (id, k, c, pad) VALUES (2083572, 13, 'foobar', 'foobar')
	Insert on sbtest5  (cost=0.00..0.01 rows=0 width=0)
	  ->  Result  (cost=0.00..0.01 rows=1 width=736)

table 6 : explain INSERT INTO sbtest6 (id, k, c, pad) VALUES (2678414, 13, 'foobar', 'foobar')
	Insert on sbtest6  (cost=0.00..0.01 rows=0 width=0)
	  ->  Result  (cost=0.00..0.01 rows=1 width=736)

table 7 : explain INSERT INTO sbtest7 (id, k, c, pad) VALUES (5289799, 13, 'foobar', 'foobar')
	Insert on sbtest7  (cost=0.00..0.01 rows=0 width=0)
	  ->  Result  (cost=0.00..0.01 rows=1 width=736)

table 8 : explain INSERT INTO sbtest8 (id, k, c, pad) VALUES (5833999, 13, 'foobar', 'foobar')
	Insert on sbtest8  (cost=0.00..0.01 rows=0 width=0)
	  ->  Result  (cost=0.00..0.01 rows=1 width=736)

for: sum_ranges
table 1 : explain SELECT SUM(k) FROM sbtest1 WHERE id BETWEEN 4699251 AND 4699260
	Aggregate  (cost=40.77..40.78 rows=1 width=8)
	  ->  Index Scan using sbtest1_pkey on sbtest1  (cost=0.43..40.75 rows=10 width=4)
	        Index Cond: ((id >= 4699251) AND (id <= 4699260))

table 2 : explain SELECT SUM(k) FROM sbtest2 WHERE id BETWEEN 5183815 AND 5183824
	Aggregate  (cost=37.04..37.05 rows=1 width=8)
	  ->  Index Scan using sbtest2_pkey on sbtest2  (cost=0.43..37.02 rows=9 width=4)
	        Index Cond: ((id >= 5183815) AND (id <= 5183824))

table 3 : explain SELECT SUM(k) FROM sbtest3 WHERE id BETWEEN 5329394 AND 5329403
	Aggregate  (cost=43.97..43.98 rows=1 width=8)
	  ->  Index Scan using sbtest3_pkey on sbtest3  (cost=0.43..43.94 rows=11 width=4)
	        Index Cond: ((id >= 5329394) AND (id <= 5329403))

table 4 : explain SELECT SUM(k) FROM sbtest4 WHERE id BETWEEN 7298854 AND 7298863
	Aggregate  (cost=40.28..40.29 rows=1 width=8)
	  ->  Index Scan using sbtest4_pkey on sbtest4  (cost=0.43..40.25 rows=10 width=4)
	        Index Cond: ((id >= 7298854) AND (id <= 7298863))

table 5 : explain SELECT SUM(k) FROM sbtest5 WHERE id BETWEEN 3201262 AND 3201271
	Aggregate  (cost=40.40..40.41 rows=1 width=8)
	  ->  Index Scan using sbtest5_pkey on sbtest5  (cost=0.43..40.38 rows=10 width=4)
	        Index Cond: ((id >= 3201262) AND (id <= 3201271))

table 6 : explain SELECT SUM(k) FROM sbtest6 WHERE id BETWEEN 8682624 AND 8682633
	Aggregate  (cost=40.75..40.76 rows=1 width=8)
	  ->  Index Scan using sbtest6_pkey on sbtest6  (cost=0.43..40.73 rows=10 width=4)
	        Index Cond: ((id >= 8682624) AND (id <= 8682633))

table 7 : explain SELECT SUM(k) FROM sbtest7 WHERE id BETWEEN 2858756 AND 2858765
	Aggregate  (cost=40.06..40.07 rows=1 width=8)
	  ->  Index Scan using sbtest7_pkey on sbtest7  (cost=0.43..40.03 rows=10 width=4)
	        Index Cond: ((id >= 2858756) AND (id <= 2858765))

table 8 : explain SELECT SUM(k) FROM sbtest8 WHERE id BETWEEN 9138132 AND 9138141
	Aggregate  (cost=40.49..40.50 rows=1 width=8)
	  ->  Index Scan using sbtest8_pkey on sbtest8  (cost=0.43..40.46 rows=10 width=4)
	        Index Cond: ((id >= 9138132) AND (id <= 9138141))

for: distinct_ranges
table 1 : explain SELECT DISTINCT c FROM sbtest1 WHERE id BETWEEN 2060880 AND 2060889 ORDER BY c
	Unique  (cost=40.91..40.96 rows=10 width=121)
	  ->  Sort  (cost=40.91..40.94 rows=10 width=121)
	        Sort Key: c
	        ->  Index Scan using sbtest1_pkey on sbtest1  (cost=0.43..40.75 rows=10 width=121)
	              Index Cond: ((id >= 2060880) AND (id <= 2060889))

table 2 : explain SELECT DISTINCT c FROM sbtest2 WHERE id BETWEEN 1900857 AND 1900866 ORDER BY c
	Unique  (cost=40.75..40.80 rows=10 width=121)
	  ->  Sort  (cost=40.75..40.78 rows=10 width=121)
	        Sort Key: c
	        ->  Index Scan using sbtest2_pkey on sbtest2  (cost=0.43..40.59 rows=10 width=121)
	              Index Cond: ((id >= 1900857) AND (id <= 1900866))

table 3 : explain SELECT DISTINCT c FROM sbtest3 WHERE id BETWEEN 256386 AND 256395 ORDER BY c
	Unique  (cost=40.56..40.61 rows=10 width=121)
	  ->  Sort  (cost=40.56..40.58 rows=10 width=121)
	        Sort Key: c
	        ->  Index Scan using sbtest3_pkey on sbtest3  (cost=0.43..40.39 rows=10 width=121)
	              Index Cond: ((id >= 256386) AND (id <= 256395))

table 4 : explain SELECT DISTINCT c FROM sbtest4 WHERE id BETWEEN 9392183 AND 9392192 ORDER BY c
	Unique  (cost=43.97..44.03 rows=11 width=121)
	  ->  Sort  (cost=43.97..44.00 rows=11 width=121)
	        Sort Key: c
	        ->  Index Scan using sbtest4_pkey on sbtest4  (cost=0.43..43.78 rows=11 width=121)
	              Index Cond: ((id >= 9392183) AND (id <= 9392192))

table 5 : explain SELECT DISTINCT c FROM sbtest5 WHERE id BETWEEN 7174447 AND 7174456 ORDER BY c
	Unique  (cost=44.12..44.17 rows=11 width=121)
	  ->  Sort  (cost=44.12..44.14 rows=11 width=121)
	        Sort Key: c
	        ->  Index Scan using sbtest5_pkey on sbtest5  (cost=0.43..43.93 rows=11 width=121)
	              Index Cond: ((id >= 7174447) AND (id <= 7174456))

table 6 : explain SELECT DISTINCT c FROM sbtest6 WHERE id BETWEEN 1539583 AND 1539592 ORDER BY c
	Unique  (cost=40.89..40.94 rows=10 width=121)
	  ->  Sort  (cost=40.89..40.92 rows=10 width=121)
	        Sort Key: c
	        ->  Index Scan using sbtest6_pkey on sbtest6  (cost=0.43..40.73 rows=10 width=121)
	              Index Cond: ((id >= 1539583) AND (id <= 1539592))

table 7 : explain SELECT DISTINCT c FROM sbtest7 WHERE id BETWEEN 9067452 AND 9067461 ORDER BY c
	Unique  (cost=40.20..40.25 rows=10 width=121)
	  ->  Sort  (cost=40.20..40.22 rows=10 width=121)
	        Sort Key: c
	        ->  Index Scan using sbtest7_pkey on sbtest7  (cost=0.43..40.03 rows=10 width=121)
	              Index Cond: ((id >= 9067452) AND (id <= 9067461))

table 8 : explain SELECT DISTINCT c FROM sbtest8 WHERE id BETWEEN 3120309 AND 3120318 ORDER BY c
	Unique  (cost=44.21..44.26 rows=11 width=121)
	  ->  Sort  (cost=44.21..44.24 rows=11 width=121)
	        Sort Key: c
	        ->  Index Scan using sbtest8_pkey on sbtest8  (cost=0.43..44.02 rows=11 width=121)
	              Index Cond: ((id >= 3120309) AND (id <= 3120318))

for deletes
table 1 : explain DELETE FROM sbtest1 WHERE id=6864548
	Delete on sbtest1  (cost=0.43..8.45 rows=0 width=0)
	  ->  Index Scan using sbtest1_pkey on sbtest1  (cost=0.43..8.45 rows=1 width=6)
	        Index Cond: (id = 6864548)

table 2 : explain DELETE FROM sbtest2 WHERE id=2609737
	Delete on sbtest2  (cost=0.43..8.45 rows=0 width=0)
	  ->  Index Scan using sbtest2_pkey on sbtest2  (cost=0.43..8.45 rows=1 width=6)
	        Index Cond: (id = 2609737)

table 3 : explain DELETE FROM sbtest3 WHERE id=8539295
	Delete on sbtest3  (cost=0.43..8.45 rows=0 width=0)
	  ->  Index Scan using sbtest3_pkey on sbtest3  (cost=0.43..8.45 rows=1 width=6)
	        Index Cond: (id = 8539295)

table 4 : explain DELETE FROM sbtest4 WHERE id=9832250
	Delete on sbtest4  (cost=0.43..8.45 rows=0 width=0)
	  ->  Index Scan using sbtest4_pkey on sbtest4  (cost=0.43..8.45 rows=1 width=6)
	        Index Cond: (id = 9832250)

table 5 : explain DELETE FROM sbtest5 WHERE id=9263947
	Delete on sbtest5  (cost=0.43..8.45 rows=0 width=0)
	  ->  Index Scan using sbtest5_pkey on sbtest5  (cost=0.43..8.45 rows=1 width=6)
	        Index Cond: (id = 9263947)

table 6 : explain DELETE FROM sbtest6 WHERE id=1416784
	Delete on sbtest6  (cost=0.43..8.45 rows=0 width=0)
	  ->  Index Scan using sbtest6_pkey on sbtest6  (cost=0.43..8.45 rows=1 width=6)
	        Index Cond: (id = 1416784)

table 7 : explain DELETE FROM sbtest7 WHERE id=6781155
	Delete on sbtest7  (cost=0.43..8.45 rows=0 width=0)
	  ->  Index Scan using sbtest7_pkey on sbtest7  (cost=0.43..8.45 rows=1 width=6)
	        Index Cond: (id = 6781155)

table 8 : explain DELETE FROM sbtest8 WHERE id=6538002
	Delete on sbtest8  (cost=0.43..8.45 rows=0 width=0)
	  ->  Index Scan using sbtest8_pkey on sbtest8  (cost=0.43..8.45 rows=1 width=6)
	        Index Cond: (id = 6538002)

explain: for non_index_updates :: explain UPDATE sbtest%u SET c='foobar' WHERE id=%u
for: sum_ranges
table 1 : explain SELECT SUM(k) FROM sbtest1 WHERE id BETWEEN 5802628 AND 5802637
	Aggregate  (cost=40.77..40.78 rows=1 width=8)
	  ->  Index Scan using sbtest1_pkey on sbtest1  (cost=0.43..40.75 rows=10 width=4)
	        Index Cond: ((id >= 5802628) AND (id <= 5802637))

table 2 : explain SELECT SUM(k) FROM sbtest2 WHERE id BETWEEN 8931663 AND 8931672
	Aggregate  (cost=44.19..44.20 rows=1 width=8)
	  ->  Index Scan using sbtest2_pkey on sbtest2  (cost=0.43..44.16 rows=11 width=4)
	        Index Cond: ((id >= 8931663) AND (id <= 8931672))

table 3 : explain SELECT SUM(k) FROM sbtest3 WHERE id BETWEEN 4991629 AND 4991638
	Aggregate  (cost=43.97..43.98 rows=1 width=8)
	  ->  Index Scan using sbtest3_pkey on sbtest3  (cost=0.43..43.94 rows=11 width=4)
	        Index Cond: ((id >= 4991629) AND (id <= 4991638))

table 4 : explain SELECT SUM(k) FROM sbtest4 WHERE id BETWEEN 8975671 AND 8975680
	Aggregate  (cost=40.28..40.29 rows=1 width=8)
	  ->  Index Scan using sbtest4_pkey on sbtest4  (cost=0.43..40.25 rows=10 width=4)
	        Index Cond: ((id >= 8975671) AND (id <= 8975680))

table 5 : explain SELECT SUM(k) FROM sbtest5 WHERE id BETWEEN 9391420 AND 9391429
	Aggregate  (cost=40.40..40.41 rows=1 width=8)
	  ->  Index Scan using sbtest5_pkey on sbtest5  (cost=0.43..40.38 rows=10 width=4)
	        Index Cond: ((id >= 9391420) AND (id <= 9391429))

table 6 : explain SELECT SUM(k) FROM sbtest6 WHERE id BETWEEN 7744270 AND 7744279
	Aggregate  (cost=37.16..37.17 rows=1 width=8)
	  ->  Index Scan using sbtest6_pkey on sbtest6  (cost=0.43..37.14 rows=9 width=4)
	        Index Cond: ((id >= 7744270) AND (id <= 7744279))

table 7 : explain SELECT SUM(k) FROM sbtest7 WHERE id BETWEEN 7693273 AND 7693282
	Aggregate  (cost=40.06..40.07 rows=1 width=8)
	  ->  Index Scan using sbtest7_pkey on sbtest7  (cost=0.43..40.03 rows=10 width=4)
	        Index Cond: ((id >= 7693273) AND (id <= 7693282))

table 8 : explain SELECT SUM(k) FROM sbtest8 WHERE id BETWEEN 4997407 AND 4997416
	Aggregate  (cost=36.93..36.94 rows=1 width=8)
	  ->  Index Scan using sbtest8_pkey on sbtest8  (cost=0.43..36.91 rows=9 width=4)
	        Index Cond: ((id >= 4997407) AND (id <= 4997416))

for: sum_ranges
table 1 : explain SELECT SUM(k) FROM sbtest1 WHERE id BETWEEN 8331004 AND 8331013
	Aggregate  (cost=40.77..40.78 rows=1 width=8)
	  ->  Index Scan using sbtest1_pkey on sbtest1  (cost=0.43..40.75 rows=10 width=4)
	        Index Cond: ((id >= 8331004) AND (id <= 8331013))

table 2 : explain SELECT SUM(k) FROM sbtest2 WHERE id BETWEEN 1311413 AND 1311422
	Aggregate  (cost=40.61..40.62 rows=1 width=8)
	  ->  Index Scan using sbtest2_pkey on sbtest2  (cost=0.43..40.59 rows=10 width=4)
	        Index Cond: ((id >= 1311413) AND (id <= 1311422))

table 3 : explain SELECT SUM(k) FROM sbtest3 WHERE id BETWEEN 2495464 AND 2495473
	Aggregate  (cost=36.87..36.88 rows=1 width=8)
	  ->  Index Scan using sbtest3_pkey on sbtest3  (cost=0.43..36.84 rows=9 width=4)
	        Index Cond: ((id >= 2495464) AND (id <= 2495473))

table 4 : explain SELECT SUM(k) FROM sbtest4 WHERE id BETWEEN 8308831 AND 8308840
	Aggregate  (cost=40.28..40.29 rows=1 width=8)
	  ->  Index Scan using sbtest4_pkey on sbtest4  (cost=0.43..40.25 rows=10 width=4)
	        Index Cond: ((id >= 8308831) AND (id <= 8308840))

table 5 : explain SELECT SUM(k) FROM sbtest5 WHERE id BETWEEN 7801495 AND 7801504
	Aggregate  (cost=36.85..36.86 rows=1 width=8)
	  ->  Index Scan using sbtest5_pkey on sbtest5  (cost=0.43..36.83 rows=9 width=4)
	        Index Cond: ((id >= 7801495) AND (id <= 7801504))

table 6 : explain SELECT SUM(k) FROM sbtest6 WHERE id BETWEEN 5569886 AND 5569895
	Aggregate  (cost=40.75..40.76 rows=1 width=8)
	  ->  Index Scan using sbtest6_pkey on sbtest6  (cost=0.43..40.73 rows=10 width=4)
	        Index Cond: ((id >= 5569886) AND (id <= 5569895))

table 7 : explain SELECT SUM(k) FROM sbtest7 WHERE id BETWEEN 3097606 AND 3097615
	Aggregate  (cost=40.06..40.07 rows=1 width=8)
	  ->  Index Scan using sbtest7_pkey on sbtest7  (cost=0.43..40.03 rows=10 width=4)
	        Index Cond: ((id >= 3097606) AND (id <= 3097615))

table 8 : explain SELECT SUM(k) FROM sbtest8 WHERE id BETWEEN 2099891 AND 2099900
	Aggregate  (cost=36.93..36.94 rows=1 width=8)
	  ->  Index Scan using sbtest8_pkey on sbtest8  (cost=0.43..36.91 rows=9 width=4)
	        Index Cond: ((id >= 2099891) AND (id <= 2099900))

for index_updates
table 1 : explain UPDATE sbtest1 SET k=k+1 WHERE id=7883027
	Update on sbtest1  (cost=0.43..8.46 rows=0 width=0)
	  ->  Index Scan using sbtest1_pkey on sbtest1  (cost=0.43..8.46 rows=1 width=10)
	        Index Cond: (id = 7883027)

table 2 : explain UPDATE sbtest2 SET k=k+1 WHERE id=2477689
	Update on sbtest2  (cost=0.43..8.46 rows=0 width=0)
	  ->  Index Scan using sbtest2_pkey on sbtest2  (cost=0.43..8.46 rows=1 width=10)
	        Index Cond: (id = 2477689)

table 3 : explain UPDATE sbtest3 SET k=k+1 WHERE id=3785446
	Update on sbtest3  (cost=0.43..8.46 rows=0 width=0)
	  ->  Index Scan using sbtest3_pkey on sbtest3  (cost=0.43..8.46 rows=1 width=10)
	        Index Cond: (id = 3785446)

table 4 : explain UPDATE sbtest4 SET k=k+1 WHERE id=8965337
	Update on sbtest4  (cost=0.43..8.46 rows=0 width=0)
	  ->  Index Scan using sbtest4_pkey on sbtest4  (cost=0.43..8.46 rows=1 width=10)
	        Index Cond: (id = 8965337)

table 5 : explain UPDATE sbtest5 SET k=k+1 WHERE id=7910033
	Update on sbtest5  (cost=0.43..8.46 rows=0 width=0)
	  ->  Index Scan using sbtest5_pkey on sbtest5  (cost=0.43..8.46 rows=1 width=10)
	        Index Cond: (id = 7910033)

table 6 : explain UPDATE sbtest6 SET k=k+1 WHERE id=6829857
	Update on sbtest6  (cost=0.43..8.46 rows=0 width=0)
	  ->  Index Scan using sbtest6_pkey on sbtest6  (cost=0.43..8.46 rows=1 width=10)
	        Index Cond: (id = 6829857)

table 7 : explain UPDATE sbtest7 SET k=k+1 WHERE id=378181
	Update on sbtest7  (cost=0.43..8.46 rows=0 width=0)
	  ->  Index Scan using sbtest7_pkey on sbtest7  (cost=0.43..8.46 rows=1 width=10)
	        Index Cond: (id = 378181)

table 8 : explain UPDATE sbtest8 SET k=k+1 WHERE id=6766323
	Update on sbtest8  (cost=0.43..8.46 rows=0 width=0)
	  ->  Index Scan using sbtest8_pkey on sbtest8  (cost=0.43..8.46 rows=1 width=10)
	        Index Cond: (id = 6766323)

for: distinct_ranges
table 1 : explain SELECT DISTINCT c FROM sbtest1 WHERE id BETWEEN 2596792 AND 2596801 ORDER BY c
	Unique  (cost=40.91..40.96 rows=10 width=121)
	  ->  Sort  (cost=40.91..40.94 rows=10 width=121)
	        Sort Key: c
	        ->  Index Scan using sbtest1_pkey on sbtest1  (cost=0.43..40.75 rows=10 width=121)
	              Index Cond: ((id >= 2596792) AND (id <= 2596801))

table 2 : explain SELECT DISTINCT c FROM sbtest2 WHERE id BETWEEN 1719516 AND 1719525 ORDER BY c
	Unique  (cost=40.75..40.80 rows=10 width=121)
	  ->  Sort  (cost=40.75..40.78 rows=10 width=121)
	        Sort Key: c
	        ->  Index Scan using sbtest2_pkey on sbtest2  (cost=0.43..40.59 rows=10 width=121)
	              Index Cond: ((id >= 1719516) AND (id <= 1719525))

table 3 : explain SELECT DISTINCT c FROM sbtest3 WHERE id BETWEEN 6924554 AND 6924563 ORDER BY c
	Unique  (cost=40.56..40.61 rows=10 width=121)
	  ->  Sort  (cost=40.56..40.58 rows=10 width=121)
	        Sort Key: c
	        ->  Index Scan using sbtest3_pkey on sbtest3  (cost=0.43..40.39 rows=10 width=121)
	              Index Cond: ((id >= 6924554) AND (id <= 6924563))

table 4 : explain SELECT DISTINCT c FROM sbtest4 WHERE id BETWEEN 674157 AND 674166 ORDER BY c
	Unique  (cost=40.42..40.47 rows=10 width=121)
	  ->  Sort  (cost=40.42..40.44 rows=10 width=121)
	        Sort Key: c
	        ->  Index Scan using sbtest4_pkey on sbtest4  (cost=0.43..40.25 rows=10 width=121)
	              Index Cond: ((id >= 674157) AND (id <= 674166))

table 5 : explain SELECT DISTINCT c FROM sbtest5 WHERE id BETWEEN 8179682 AND 8179691 ORDER BY c
	Unique  (cost=40.55..40.60 rows=10 width=121)
	  ->  Sort  (cost=40.55..40.57 rows=10 width=121)
	        Sort Key: c
	        ->  Index Scan using sbtest5_pkey on sbtest5  (cost=0.43..40.38 rows=10 width=121)
	              Index Cond: ((id >= 8179682) AND (id <= 8179691))

table 6 : explain SELECT DISTINCT c FROM sbtest6 WHERE id BETWEEN 8643052 AND 8643061 ORDER BY c
	Unique  (cost=40.89..40.94 rows=10 width=121)
	  ->  Sort  (cost=40.89..40.92 rows=10 width=121)
	        Sort Key: c
	        ->  Index Scan using sbtest6_pkey on sbtest6  (cost=0.43..40.73 rows=10 width=121)
	              Index Cond: ((id >= 8643052) AND (id <= 8643061))

table 7 : explain SELECT DISTINCT c FROM sbtest7 WHERE id BETWEEN 3436247 AND 3436256 ORDER BY c
	Unique  (cost=36.66..36.71 rows=9 width=121)
	  ->  Sort  (cost=36.66..36.69 rows=9 width=121)
	        Sort Key: c
	        ->  Index Scan using sbtest7_pkey on sbtest7  (cost=0.43..36.52 rows=9 width=121)
	              Index Cond: ((id >= 3436247) AND (id <= 3436256))

table 8 : explain SELECT DISTINCT c FROM sbtest8 WHERE id BETWEEN 8580683 AND 8580692 ORDER BY c
	Unique  (cost=40.63..40.68 rows=10 width=121)
	  ->  Sort  (cost=40.63..40.65 rows=10 width=121)
	        Sort Key: c
	        ->  Index Scan using sbtest8_pkey on sbtest8  (cost=0.43..40.46 rows=10 width=121)
	              Index Cond: ((id >= 8580683) AND (id <= 8580692))

for: distinct_ranges
table 1 : explain SELECT DISTINCT c FROM sbtest1 WHERE id BETWEEN 4843272 AND 4843281 ORDER BY c
	Unique  (cost=48.14..48.20 rows=12 width=121)
	  ->  Sort  (cost=48.14..48.17 rows=12 width=121)
	        Sort Key: c
	        ->  Index Scan using sbtest1_pkey on sbtest1  (cost=0.43..47.92 rows=12 width=121)
	              Index Cond: ((id >= 4843272) AND (id <= 4843281))

table 2 : explain SELECT DISTINCT c FROM sbtest2 WHERE id BETWEEN 1061938 AND 1061947 ORDER BY c
	Unique  (cost=40.75..40.80 rows=10 width=121)
	  ->  Sort  (cost=40.75..40.78 rows=10 width=121)
	        Sort Key: c
	        ->  Index Scan using sbtest2_pkey on sbtest2  (cost=0.43..40.59 rows=10 width=121)
	              Index Cond: ((id >= 1061938) AND (id <= 1061947))

table 3 : explain SELECT DISTINCT c FROM sbtest3 WHERE id BETWEEN 7576789 AND 7576798 ORDER BY c
	Unique  (cost=40.56..40.61 rows=10 width=121)
	  ->  Sort  (cost=40.56..40.58 rows=10 width=121)
	        Sort Key: c
	        ->  Index Scan using sbtest3_pkey on sbtest3  (cost=0.43..40.39 rows=10 width=121)
	              Index Cond: ((id >= 7576789) AND (id <= 7576798))

table 4 : explain SELECT DISTINCT c FROM sbtest4 WHERE id BETWEEN 2471122 AND 2471131 ORDER BY c
	Unique  (cost=40.42..40.47 rows=10 width=121)
	  ->  Sort  (cost=40.42..40.44 rows=10 width=121)
	        Sort Key: c
	        ->  Index Scan using sbtest4_pkey on sbtest4  (cost=0.43..40.25 rows=10 width=121)
	              Index Cond: ((id >= 2471122) AND (id <= 2471131))

table 5 : explain SELECT DISTINCT c FROM sbtest5 WHERE id BETWEEN 4074365 AND 4074374 ORDER BY c
	Unique  (cost=36.97..37.02 rows=9 width=121)
	  ->  Sort  (cost=36.97..37.00 rows=9 width=121)
	        Sort Key: c
	        ->  Index Scan using sbtest5_pkey on sbtest5  (cost=0.43..36.83 rows=9 width=121)
	              Index Cond: ((id >= 4074365) AND (id <= 4074374))

table 6 : explain SELECT DISTINCT c FROM sbtest6 WHERE id BETWEEN 6403182 AND 6403191 ORDER BY c
	Unique  (cost=40.89..40.94 rows=10 width=121)
	  ->  Sort  (cost=40.89..40.92 rows=10 width=121)
	        Sort Key: c
	        ->  Index Scan using sbtest6_pkey on sbtest6  (cost=0.43..40.73 rows=10 width=121)
	              Index Cond: ((id >= 6403182) AND (id <= 6403191))

table 7 : explain SELECT DISTINCT c FROM sbtest7 WHERE id BETWEEN 9643468 AND 9643477 ORDER BY c
	Unique  (cost=40.20..40.25 rows=10 width=121)
	  ->  Sort  (cost=40.20..40.22 rows=10 width=121)
	        Sort Key: c
	        ->  Index Scan using sbtest7_pkey on sbtest7  (cost=0.43..40.03 rows=10 width=121)
	              Index Cond: ((id >= 9643468) AND (id <= 9643477))

table 8 : explain SELECT DISTINCT c FROM sbtest8 WHERE id BETWEEN 8502733 AND 8502742 ORDER BY c
	Unique  (cost=40.63..40.68 rows=10 width=121)
	  ->  Sort  (cost=40.63..40.65 rows=10 width=121)
	        Sort Key: c
	        ->  Index Scan using sbtest8_pkey on sbtest8  (cost=0.43..40.46 rows=10 width=121)
	              Index Cond: ((id >= 8502733) AND (id <= 8502742))

explain: for inserts :: explain INSERT INTO sbtest%u (id, k, c, pad) VALUES (%u, 13, 'foobar', 'foobar')
for: simple_ranges
table 1 : explain SELECT c FROM sbtest1 WHERE id BETWEEN 6543410 AND 6543419
	Index Scan using sbtest1_pkey on sbtest1  (cost=0.43..37.16 rows=9 width=121)
	  Index Cond: ((id >= 6543410) AND (id <= 6543419))

table 2 : explain SELECT c FROM sbtest2 WHERE id BETWEEN 2984188 AND 2984197
	Index Scan using sbtest2_pkey on sbtest2  (cost=0.43..44.16 rows=11 width=121)
	  Index Cond: ((id >= 2984188) AND (id <= 2984197))

table 3 : explain SELECT c FROM sbtest3 WHERE id BETWEEN 1019196 AND 1019205
	Index Scan using sbtest3_pkey on sbtest3  (cost=0.43..40.39 rows=10 width=121)
	  Index Cond: ((id >= 1019196) AND (id <= 1019205))

table 4 : explain SELECT c FROM sbtest4 WHERE id BETWEEN 9519108 AND 9519117
	Index Scan using sbtest4_pkey on sbtest4  (cost=0.43..47.32 rows=12 width=121)
	  Index Cond: ((id >= 9519108) AND (id <= 9519117))

table 5 : explain SELECT c FROM sbtest5 WHERE id BETWEEN 3448227 AND 3448236
	Index Scan using sbtest5_pkey on sbtest5  (cost=0.43..36.83 rows=9 width=121)
	  Index Cond: ((id >= 3448227) AND (id <= 3448236))

table 6 : explain SELECT c FROM sbtest6 WHERE id BETWEEN 4994006 AND 4994015
	Index Scan using sbtest6_pkey on sbtest6  (cost=0.43..37.14 rows=9 width=121)
	  Index Cond: ((id >= 4994006) AND (id <= 4994015))

table 7 : explain SELECT c FROM sbtest7 WHERE id BETWEEN 7113138 AND 7113147
	Index Scan using sbtest7_pkey on sbtest7  (cost=0.43..43.54 rows=11 width=121)
	  Index Cond: ((id >= 7113138) AND (id <= 7113147))

table 8 : explain SELECT c FROM sbtest8 WHERE id BETWEEN 1619654 AND 1619663
	Index Scan using sbtest8_pkey on sbtest8  (cost=0.43..40.46 rows=10 width=121)
	  Index Cond: ((id >= 1619654) AND (id <= 1619663))

explain: for index_updates :: explain UPDATE sbtest%u SET k=k+1 WHERE id=%u
for non_index_updates
table 1 : explain UPDATE sbtest1 SET c='foobar' WHERE id=5833995
	Update on sbtest1  (cost=0.43..8.45 rows=0 width=0)
	  ->  Index Scan using sbtest1_pkey on sbtest1  (cost=0.43..8.45 rows=1 width=490)
	        Index Cond: (id = 5833995)

table 2 : explain UPDATE sbtest2 SET c='foobar' WHERE id=8476806
	Update on sbtest2  (cost=0.43..8.45 rows=0 width=0)
	  ->  Index Scan using sbtest2_pkey on sbtest2  (cost=0.43..8.45 rows=1 width=490)
	        Index Cond: (id = 8476806)

table 3 : explain UPDATE sbtest3 SET c='foobar' WHERE id=7213852
	Update on sbtest3  (cost=0.43..8.45 rows=0 width=0)
	  ->  Index Scan using sbtest3_pkey on sbtest3  (cost=0.43..8.45 rows=1 width=490)
	        Index Cond: (id = 7213852)

table 4 : explain UPDATE sbtest4 SET c='foobar' WHERE id=1226796
	Update on sbtest4  (cost=0.43..8.45 rows=0 width=0)
	  ->  Index Scan using sbtest4_pkey on sbtest4  (cost=0.43..8.45 rows=1 width=490)
	        Index Cond: (id = 1226796)

table 5 : explain UPDATE sbtest5 SET c='foobar' WHERE id=8969205
	Update on sbtest5  (cost=0.43..8.45 rows=0 width=0)
	  ->  Index Scan using sbtest5_pkey on sbtest5  (cost=0.43..8.45 rows=1 width=490)
	        Index Cond: (id = 8969205)

table 6 : explain UPDATE sbtest6 SET c='foobar' WHERE id=1560363
	Update on sbtest6  (cost=0.43..8.45 rows=0 width=0)
	  ->  Index Scan using sbtest6_pkey on sbtest6  (cost=0.43..8.45 rows=1 width=490)
	        Index Cond: (id = 1560363)

table 7 : explain UPDATE sbtest7 SET c='foobar' WHERE id=7150254
	Update on sbtest7  (cost=0.43..8.45 rows=0 width=0)
	  ->  Index Scan using sbtest7_pkey on sbtest7  (cost=0.43..8.45 rows=1 width=490)
	        Index Cond: (id = 7150254)

table 8 : explain UPDATE sbtest8 SET c='foobar' WHERE id=5473797
	Update on sbtest8  (cost=0.43..8.45 rows=0 width=0)
	  ->  Index Scan using sbtest8_pkey on sbtest8  (cost=0.43..8.45 rows=1 width=490)
	        Index Cond: (id = 5473797)

explain: for non_index_updates :: explain UPDATE sbtest%u SET c='foobar' WHERE id=%u
for: order_ranges
table 1 : explain SELECT c FROM sbtest1 WHERE id BETWEEN 6769143 AND 6769152 ORDER BY c
	Sort  (cost=40.91..40.94 rows=10 width=121)
	  Sort Key: c
	  ->  Index Scan using sbtest1_pkey on sbtest1  (cost=0.43..40.75 rows=10 width=121)
	        Index Cond: ((id >= 6769143) AND (id <= 6769152))

table 2 : explain SELECT c FROM sbtest2 WHERE id BETWEEN 1435724 AND 1435733 ORDER BY c
	Sort  (cost=40.75..40.78 rows=10 width=121)
	  Sort Key: c
	  ->  Index Scan using sbtest2_pkey on sbtest2  (cost=0.43..40.59 rows=10 width=121)
	        Index Cond: ((id >= 1435724) AND (id <= 1435733))

table 3 : explain SELECT c FROM sbtest3 WHERE id BETWEEN 9413669 AND 9413678 ORDER BY c
	Sort  (cost=44.13..44.16 rows=11 width=121)
	  Sort Key: c
	  ->  Index Scan using sbtest3_pkey on sbtest3  (cost=0.43..43.94 rows=11 width=121)
	        Index Cond: ((id >= 9413669) AND (id <= 9413678))

table 4 : explain SELECT c FROM sbtest4 WHERE id BETWEEN 1937513 AND 1937522 ORDER BY c
	Sort  (cost=40.42..40.44 rows=10 width=121)
	  Sort Key: c
	  ->  Index Scan using sbtest4_pkey on sbtest4  (cost=0.43..40.25 rows=10 width=121)
	        Index Cond: ((id >= 1937513) AND (id <= 1937522))

table 5 : explain SELECT c FROM sbtest5 WHERE id BETWEEN 6667839 AND 6667848 ORDER BY c
	Sort  (cost=36.97..37.00 rows=9 width=121)
	  Sort Key: c
	  ->  Index Scan using sbtest5_pkey on sbtest5  (cost=0.43..36.83 rows=9 width=121)
	        Index Cond: ((id >= 6667839) AND (id <= 6667848))

table 6 : explain SELECT c FROM sbtest6 WHERE id BETWEEN 6314419 AND 6314428 ORDER BY c
	Sort  (cost=40.89..40.92 rows=10 width=121)
	  Sort Key: c
	  ->  Index Scan using sbtest6_pkey on sbtest6  (cost=0.43..40.73 rows=10 width=121)
	        Index Cond: ((id >= 6314419) AND (id <= 6314428))

table 7 : explain SELECT c FROM sbtest7 WHERE id BETWEEN 3473222 AND 3473231 ORDER BY c
	Sort  (cost=40.20..40.22 rows=10 width=121)
	  Sort Key: c
	  ->  Index Scan using sbtest7_pkey on sbtest7  (cost=0.43..40.03 rows=10 width=121)
	        Index Cond: ((id >= 3473222) AND (id <= 3473231))

table 8 : explain SELECT c FROM sbtest8 WHERE id BETWEEN 2325283 AND 2325292 ORDER BY c
	Sort  (cost=40.63..40.65 rows=10 width=121)
	  Sort Key: c
	  ->  Index Scan using sbtest8_pkey on sbtest8  (cost=0.43..40.46 rows=10 width=121)
	        Index Cond: ((id >= 2325283) AND (id <= 2325292))

for inserts
table 1 : explain INSERT INTO sbtest1 (id, k, c, pad) VALUES (7056806, 13, 'foobar', 'foobar')
	Insert on sbtest1  (cost=0.00..0.01 rows=0 width=0)
	  ->  Result  (cost=0.00..0.01 rows=1 width=736)

table 2 : explain INSERT INTO sbtest2 (id, k, c, pad) VALUES (5868015, 13, 'foobar', 'foobar')
	Insert on sbtest2  (cost=0.00..0.01 rows=0 width=0)
	  ->  Result  (cost=0.00..0.01 rows=1 width=736)

table 3 : explain INSERT INTO sbtest3 (id, k, c, pad) VALUES (6351129, 13, 'foobar', 'foobar')
	Insert on sbtest3  (cost=0.00..0.01 rows=0 width=0)
	  ->  Result  (cost=0.00..0.01 rows=1 width=736)

table 4 : explain INSERT INTO sbtest4 (id, k, c, pad) VALUES (777292, 13, 'foobar', 'foobar')
	Insert on sbtest4  (cost=0.00..0.01 rows=0 width=0)
	  ->  Result  (cost=0.00..0.01 rows=1 width=736)

table 5 : explain INSERT INTO sbtest5 (id, k, c, pad) VALUES (8131774, 13, 'foobar', 'foobar')
	Insert on sbtest5  (cost=0.00..0.01 rows=0 width=0)
	  ->  Result  (cost=0.00..0.01 rows=1 width=736)

table 6 : explain INSERT INTO sbtest6 (id, k, c, pad) VALUES (3987135, 13, 'foobar', 'foobar')
	Insert on sbtest6  (cost=0.00..0.01 rows=0 width=0)
	  ->  Result  (cost=0.00..0.01 rows=1 width=736)

table 7 : explain INSERT INTO sbtest7 (id, k, c, pad) VALUES (2301440, 13, 'foobar', 'foobar')
	Insert on sbtest7  (cost=0.00..0.01 rows=0 width=0)
	  ->  Result  (cost=0.00..0.01 rows=1 width=736)

table 8 : explain INSERT INTO sbtest8 (id, k, c, pad) VALUES (8646026, 13, 'foobar', 'foobar')
	Insert on sbtest8  (cost=0.00..0.01 rows=0 width=0)
	  ->  Result  (cost=0.00..0.01 rows=1 width=736)

explain: for index_updates :: explain UPDATE sbtest%u SET k=k+1 WHERE id=%u
explain: for point_selects :: explain SELECT c FROM sbtest%u WHERE id=%u
explain: for index_updates :: explain UPDATE sbtest%u SET k=k+1 WHERE id=%u
explain: for deletes :: explain DELETE FROM sbtest%u WHERE id=%u
for: order_ranges
table 1 : explain SELECT c FROM sbtest1 WHERE id BETWEEN 9315124 AND 9315133 ORDER BY c
	Sort  (cost=37.30..37.32 rows=9 width=121)
	  Sort Key: c
	  ->  Index Scan using sbtest1_pkey on sbtest1  (cost=0.43..37.16 rows=9 width=121)
	        Index Cond: ((id >= 9315124) AND (id <= 9315133))

table 2 : explain SELECT c FROM sbtest2 WHERE id BETWEEN 2700338 AND 2700347 ORDER BY c
	Sort  (cost=40.75..40.78 rows=10 width=121)
	  Sort Key: c
	  ->  Index Scan using sbtest2_pkey on sbtest2  (cost=0.43..40.59 rows=10 width=121)
	        Index Cond: ((id >= 2700338) AND (id <= 2700347))

table 3 : explain SELECT c FROM sbtest3 WHERE id BETWEEN 6684052 AND 6684061 ORDER BY c
	Sort  (cost=44.13..44.16 rows=11 width=121)
	  Sort Key: c
	  ->  Index Scan using sbtest3_pkey on sbtest3  (cost=0.43..43.94 rows=11 width=121)
	        Index Cond: ((id >= 6684052) AND (id <= 6684061))

table 4 : explain SELECT c FROM sbtest4 WHERE id BETWEEN 4093454 AND 4093463 ORDER BY c
	Sort  (cost=43.97..44.00 rows=11 width=121)
	  Sort Key: c
	  ->  Index Scan using sbtest4_pkey on sbtest4  (cost=0.43..43.78 rows=11 width=121)
	        Index Cond: ((id >= 4093454) AND (id <= 4093463))

table 5 : explain SELECT c FROM sbtest5 WHERE id BETWEEN 5584754 AND 5584763 ORDER BY c
	Sort  (cost=44.12..44.14 rows=11 width=121)
	  Sort Key: c
	  ->  Index Scan using sbtest5_pkey on sbtest5  (cost=0.43..43.93 rows=11 width=121)
	        Index Cond: ((id >= 5584754) AND (id <= 5584763))

table 6 : explain SELECT c FROM sbtest6 WHERE id BETWEEN 7956754 AND 7956763 ORDER BY c
	Sort  (cost=44.50..44.53 rows=11 width=121)
	  Sort Key: c
	  ->  Index Scan using sbtest6_pkey on sbtest6  (cost=0.43..44.31 rows=11 width=121)
	        Index Cond: ((id >= 7956754) AND (id <= 7956763))

table 7 : explain SELECT c FROM sbtest7 WHERE id BETWEEN 6933739 AND 6933748 ORDER BY c
	Sort  (cost=40.20..40.22 rows=10 width=121)
	  Sort Key: c
	  ->  Index Scan using sbtest7_pkey on sbtest7  (cost=0.43..40.03 rows=10 width=121)
	        Index Cond: ((id >= 6933739) AND (id <= 6933748))

table 8 : explain SELECT c FROM sbtest8 WHERE id BETWEEN 666008 AND 666017 ORDER BY c
	Sort  (cost=40.63..40.65 rows=10 width=121)
	  Sort Key: c
	  ->  Index Scan using sbtest8_pkey on sbtest8  (cost=0.43..40.46 rows=10 width=121)
	        Index Cond: ((id >= 666008) AND (id <= 666017))

for: order_ranges
table 1 : explain SELECT c FROM sbtest1 WHERE id BETWEEN 2654733 AND 2654742 ORDER BY c
	Sort  (cost=40.91..40.94 rows=10 width=121)
	  Sort Key: c
	  ->  Index Scan using sbtest1_pkey on sbtest1  (cost=0.43..40.75 rows=10 width=121)
	        Index Cond: ((id >= 2654733) AND (id <= 2654742))

table 2 : explain SELECT c FROM sbtest2 WHERE id BETWEEN 3635380 AND 3635389 ORDER BY c
	Sort  (cost=40.75..40.78 rows=10 width=121)
	  Sort Key: c
	  ->  Index Scan using sbtest2_pkey on sbtest2  (cost=0.43..40.59 rows=10 width=121)
	        Index Cond: ((id >= 3635380) AND (id <= 3635389))

table 3 : explain SELECT c FROM sbtest3 WHERE id BETWEEN 7467376 AND 7467385 ORDER BY c
	Sort  (cost=40.56..40.58 rows=10 width=121)
	  Sort Key: c
	  ->  Index Scan using sbtest3_pkey on sbtest3  (cost=0.43..40.39 rows=10 width=121)
	        Index Cond: ((id >= 7467376) AND (id <= 7467385))

table 4 : explain SELECT c FROM sbtest4 WHERE id BETWEEN 8991135 AND 8991144 ORDER BY c
	Sort  (cost=40.42..40.44 rows=10 width=121)
	  Sort Key: c
	  ->  Index Scan using sbtest4_pkey on sbtest4  (cost=0.43..40.25 rows=10 width=121)
	        Index Cond: ((id >= 8991135) AND (id <= 8991144))

table 5 : explain SELECT c FROM sbtest5 WHERE id BETWEEN 8184560 AND 8184569 ORDER BY c
	Sort  (cost=36.97..37.00 rows=9 width=121)
	  Sort Key: c
	  ->  Index Scan using sbtest5_pkey on sbtest5  (cost=0.43..36.83 rows=9 width=121)
	        Index Cond: ((id >= 8184560) AND (id <= 8184569))

table 6 : explain SELECT c FROM sbtest6 WHERE id BETWEEN 8948670 AND 8948679 ORDER BY c
	Sort  (cost=37.28..37.31 rows=9 width=121)
	  Sort Key: c
	  ->  Index Scan using sbtest6_pkey on sbtest6  (cost=0.43..37.14 rows=9 width=121)
	        Index Cond: ((id >= 8948670) AND (id <= 8948679))

table 7 : explain SELECT c FROM sbtest7 WHERE id BETWEEN 946466 AND 946475 ORDER BY c
	Sort  (cost=43.73..43.76 rows=11 width=121)
	  Sort Key: c
	  ->  Index Scan using sbtest7_pkey on sbtest7  (cost=0.43..43.54 rows=11 width=121)
	        Index Cond: ((id >= 946466) AND (id <= 946475))

table 8 : explain SELECT c FROM sbtest8 WHERE id BETWEEN 2295328 AND 2295337 ORDER BY c
	Sort  (cost=37.05..37.07 rows=9 width=121)
	  Sort Key: c
	  ->  Index Scan using sbtest8_pkey on sbtest8  (cost=0.43..36.91 rows=9 width=121)
	        Index Cond: ((id >= 2295328) AND (id <= 2295337))

for index_updates
table 1 : explain UPDATE sbtest1 SET k=k+1 WHERE id=8403411
	Update on sbtest1  (cost=0.43..8.46 rows=0 width=0)
	  ->  Index Scan using sbtest1_pkey on sbtest1  (cost=0.43..8.46 rows=1 width=10)
	        Index Cond: (id = 8403411)

table 2 : explain UPDATE sbtest2 SET k=k+1 WHERE id=2512404
	Update on sbtest2  (cost=0.43..8.46 rows=0 width=0)
	  ->  Index Scan using sbtest2_pkey on sbtest2  (cost=0.43..8.46 rows=1 width=10)
	        Index Cond: (id = 2512404)

table 3 : explain UPDATE sbtest3 SET k=k+1 WHERE id=2274509
	Update on sbtest3  (cost=0.43..8.46 rows=0 width=0)
	  ->  Index Scan using sbtest3_pkey on sbtest3  (cost=0.43..8.46 rows=1 width=10)
	        Index Cond: (id = 2274509)

table 4 : explain UPDATE sbtest4 SET k=k+1 WHERE id=7995360
	Update on sbtest4  (cost=0.43..8.46 rows=0 width=0)
	  ->  Index Scan using sbtest4_pkey on sbtest4  (cost=0.43..8.46 rows=1 width=10)
	        Index Cond: (id = 7995360)

table 5 : explain UPDATE sbtest5 SET k=k+1 WHERE id=727112
	Update on sbtest5  (cost=0.43..8.46 rows=0 width=0)
	  ->  Index Scan using sbtest5_pkey on sbtest5  (cost=0.43..8.46 rows=1 width=10)
	        Index Cond: (id = 727112)

table 6 : explain UPDATE sbtest6 SET k=k+1 WHERE id=7823946
	Update on sbtest6  (cost=0.43..8.46 rows=0 width=0)
	  ->  Index Scan using sbtest6_pkey on sbtest6  (cost=0.43..8.46 rows=1 width=10)
	        Index Cond: (id = 7823946)

table 7 : explain UPDATE sbtest7 SET k=k+1 WHERE id=1261223
	Update on sbtest7  (cost=0.43..8.46 rows=0 width=0)
	  ->  Index Scan using sbtest7_pkey on sbtest7  (cost=0.43..8.46 rows=1 width=10)
	        Index Cond: (id = 1261223)

table 8 : explain UPDATE sbtest8 SET k=k+1 WHERE id=8999039
	Update on sbtest8  (cost=0.43..8.46 rows=0 width=0)
	  ->  Index Scan using sbtest8_pkey on sbtest8  (cost=0.43..8.46 rows=1 width=10)
	        Index Cond: (id = 8999039)

for non_index_updates
table 1 : explain UPDATE sbtest1 SET c='foobar' WHERE id=6534623
	Update on sbtest1  (cost=0.43..8.45 rows=0 width=0)
	  ->  Index Scan using sbtest1_pkey on sbtest1  (cost=0.43..8.45 rows=1 width=490)
	        Index Cond: (id = 6534623)

table 2 : explain UPDATE sbtest2 SET c='foobar' WHERE id=3928274
	Update on sbtest2  (cost=0.43..8.45 rows=0 width=0)
	  ->  Index Scan using sbtest2_pkey on sbtest2  (cost=0.43..8.45 rows=1 width=490)
	        Index Cond: (id = 3928274)

table 3 : explain UPDATE sbtest3 SET c='foobar' WHERE id=2559315
	Update on sbtest3  (cost=0.43..8.45 rows=0 width=0)
	  ->  Index Scan using sbtest3_pkey on sbtest3  (cost=0.43..8.45 rows=1 width=490)
	        Index Cond: (id = 2559315)

table 4 : explain UPDATE sbtest4 SET c='foobar' WHERE id=6858454
	Update on sbtest4  (cost=0.43..8.45 rows=0 width=0)
	  ->  Index Scan using sbtest4_pkey on sbtest4  (cost=0.43..8.45 rows=1 width=490)
	        Index Cond: (id = 6858454)

table 5 : explain UPDATE sbtest5 SET c='foobar' WHERE id=3202805
	Update on sbtest5  (cost=0.43..8.45 rows=0 width=0)
	  ->  Index Scan using sbtest5_pkey on sbtest5  (cost=0.43..8.45 rows=1 width=490)
	        Index Cond: (id = 3202805)

table 6 : explain UPDATE sbtest6 SET c='foobar' WHERE id=253738
	Update on sbtest6  (cost=0.43..8.45 rows=0 width=0)
	  ->  Index Scan using sbtest6_pkey on sbtest6  (cost=0.43..8.45 rows=1 width=490)
	        Index Cond: (id = 253738)

table 7 : explain UPDATE sbtest7 SET c='foobar' WHERE id=3733405
	Update on sbtest7  (cost=0.43..8.45 rows=0 width=0)
	  ->  Index Scan using sbtest7_pkey on sbtest7  (cost=0.43..8.45 rows=1 width=490)
	        Index Cond: (id = 3733405)

table 8 : explain UPDATE sbtest8 SET c='foobar' WHERE id=2734109
	Update on sbtest8  (cost=0.43..8.45 rows=0 width=0)
	  ->  Index Scan using sbtest8_pkey on sbtest8  (cost=0.43..8.45 rows=1 width=490)
	        Index Cond: (id = 2734109)

explain: for inserts :: explain INSERT INTO sbtest%u (id, k, c, pad) VALUES (%u, 13, 'foobar', 'foobar')
for: order_ranges
table 1 : explain SELECT c FROM sbtest1 WHERE id BETWEEN 8500138 AND 8500147 ORDER BY c
	Sort  (cost=37.30..37.32 rows=9 width=121)
	  Sort Key: c
	  ->  Index Scan using sbtest1_pkey on sbtest1  (cost=0.43..37.16 rows=9 width=121)
	        Index Cond: ((id >= 8500138) AND (id <= 8500147))

table 2 : explain SELECT c FROM sbtest2 WHERE id BETWEEN 1640044 AND 1640053 ORDER BY c
	Sort  (cost=40.75..40.78 rows=10 width=121)
	  Sort Key: c
	  ->  Index Scan using sbtest2_pkey on sbtest2  (cost=0.43..40.59 rows=10 width=121)
	        Index Cond: ((id >= 1640044) AND (id <= 1640053))

table 3 : explain SELECT c FROM sbtest3 WHERE id BETWEEN 6834733 AND 6834742 ORDER BY c
	Sort  (cost=44.13..44.16 rows=11 width=121)
	  Sort Key: c
	  ->  Index Scan using sbtest3_pkey on sbtest3  (cost=0.43..43.94 rows=11 width=121)
	        Index Cond: ((id >= 6834733) AND (id <= 6834742))

table 4 : explain SELECT c FROM sbtest4 WHERE id BETWEEN 8314396 AND 8314405 ORDER BY c
	Sort  (cost=40.42..40.44 rows=10 width=121)
	  Sort Key: c
	  ->  Index Scan using sbtest4_pkey on sbtest4  (cost=0.43..40.25 rows=10 width=121)
	        Index Cond: ((id >= 8314396) AND (id <= 8314405))

table 5 : explain SELECT c FROM sbtest5 WHERE id BETWEEN 9649515 AND 9649524 ORDER BY c
	Sort  (cost=40.55..40.57 rows=10 width=121)
	  Sort Key: c
	  ->  Index Scan using sbtest5_pkey on sbtest5  (cost=0.43..40.38 rows=10 width=121)
	        Index Cond: ((id >= 9649515) AND (id <= 9649524))

table 6 : explain SELECT c FROM sbtest6 WHERE id BETWEEN 2286288 AND 2286297 ORDER BY c
	Sort  (cost=40.89..40.92 rows=10 width=121)
	  Sort Key: c
	  ->  Index Scan using sbtest6_pkey on sbtest6  (cost=0.43..40.73 rows=10 width=121)
	        Index Cond: ((id >= 2286288) AND (id <= 2286297))

table 7 : explain SELECT c FROM sbtest7 WHERE id BETWEEN 7930706 AND 7930715 ORDER BY c
	Sort  (cost=40.20..40.22 rows=10 width=121)
	  Sort Key: c
	  ->  Index Scan using sbtest7_pkey on sbtest7  (cost=0.43..40.03 rows=10 width=121)
	        Index Cond: ((id >= 7930706) AND (id <= 7930715))

table 8 : explain SELECT c FROM sbtest8 WHERE id BETWEEN 5215787 AND 5215796 ORDER BY c
	Sort  (cost=40.63..40.65 rows=10 width=121)
	  Sort Key: c
	  ->  Index Scan using sbtest8_pkey on sbtest8  (cost=0.43..40.46 rows=10 width=121)
	        Index Cond: ((id >= 5215787) AND (id <= 5215796))

explain: for non_index_updates :: explain UPDATE sbtest%u SET c='foobar' WHERE id=%u
explain: for deletes :: explain DELETE FROM sbtest%u WHERE id=%u
for index_updates
table 1 : explain UPDATE sbtest1 SET k=k+1 WHERE id=2888369
	Update on sbtest1  (cost=0.43..8.46 rows=0 width=0)
	  ->  Index Scan using sbtest1_pkey on sbtest1  (cost=0.43..8.46 rows=1 width=10)
	        Index Cond: (id = 2888369)

table 2 : explain UPDATE sbtest2 SET k=k+1 WHERE id=1775915
	Update on sbtest2  (cost=0.43..8.46 rows=0 width=0)
	  ->  Index Scan using sbtest2_pkey on sbtest2  (cost=0.43..8.46 rows=1 width=10)
	        Index Cond: (id = 1775915)

table 3 : explain UPDATE sbtest3 SET k=k+1 WHERE id=9829136
	Update on sbtest3  (cost=0.43..8.46 rows=0 width=0)
	  ->  Index Scan using sbtest3_pkey on sbtest3  (cost=0.43..8.46 rows=1 width=10)
	        Index Cond: (id = 9829136)

table 4 : explain UPDATE sbtest4 SET k=k+1 WHERE id=1863974
	Update on sbtest4  (cost=0.43..8.46 rows=0 width=0)
	  ->  Index Scan using sbtest4_pkey on sbtest4  (cost=0.43..8.46 rows=1 width=10)
	        Index Cond: (id = 1863974)

table 5 : explain UPDATE sbtest5 SET k=k+1 WHERE id=6730946
	Update on sbtest5  (cost=0.43..8.46 rows=0 width=0)
	  ->  Index Scan using sbtest5_pkey on sbtest5  (cost=0.43..8.46 rows=1 width=10)
	        Index Cond: (id = 6730946)

table 6 : explain UPDATE sbtest6 SET k=k+1 WHERE id=8575722
	Update on sbtest6  (cost=0.43..8.46 rows=0 width=0)
	  ->  Index Scan using sbtest6_pkey on sbtest6  (cost=0.43..8.46 rows=1 width=10)
	        Index Cond: (id = 8575722)

table 7 : explain UPDATE sbtest7 SET k=k+1 WHERE id=2578325
	Update on sbtest7  (cost=0.43..8.46 rows=0 width=0)
	  ->  Index Scan using sbtest7_pkey on sbtest7  (cost=0.43..8.46 rows=1 width=10)
	        Index Cond: (id = 2578325)

table 8 : explain UPDATE sbtest8 SET k=k+1 WHERE id=5053632
	Update on sbtest8  (cost=0.43..8.46 rows=0 width=0)
	  ->  Index Scan using sbtest8_pkey on sbtest8  (cost=0.43..8.46 rows=1 width=10)
	        Index Cond: (id = 5053632)

explain: for non_index_updates :: explain UPDATE sbtest%u SET c='foobar' WHERE id=%u
for: sum_ranges
table 1 : explain SELECT SUM(k) FROM sbtest1 WHERE id BETWEEN 2752857 AND 2752866
	Aggregate  (cost=40.77..40.78 rows=1 width=8)
	  ->  Index Scan using sbtest1_pkey on sbtest1  (cost=0.43..40.75 rows=10 width=4)
	        Index Cond: ((id >= 2752857) AND (id <= 2752866))

table 2 : explain SELECT SUM(k) FROM sbtest2 WHERE id BETWEEN 8634750 AND 8634759
	Aggregate  (cost=40.61..40.62 rows=1 width=8)
	  ->  Index Scan using sbtest2_pkey on sbtest2  (cost=0.43..40.59 rows=10 width=4)
	        Index Cond: ((id >= 8634750) AND (id <= 8634759))

table 3 : explain SELECT SUM(k) FROM sbtest3 WHERE id BETWEEN 4866751 AND 4866760
	Aggregate  (cost=40.42..40.43 rows=1 width=8)
	  ->  Index Scan using sbtest3_pkey on sbtest3  (cost=0.43..40.39 rows=10 width=4)
	        Index Cond: ((id >= 4866751) AND (id <= 4866760))

table 4 : explain SELECT SUM(k) FROM sbtest4 WHERE id BETWEEN 5588489 AND 5588498
	Aggregate  (cost=36.74..36.75 rows=1 width=8)
	  ->  Index Scan using sbtest4_pkey on sbtest4  (cost=0.43..36.72 rows=9 width=4)
	        Index Cond: ((id >= 5588489) AND (id <= 5588498))

table 5 : explain SELECT SUM(k) FROM sbtest5 WHERE id BETWEEN 6489256 AND 6489265
	Aggregate  (cost=40.40..40.41 rows=1 width=8)
	  ->  Index Scan using sbtest5_pkey on sbtest5  (cost=0.43..40.38 rows=10 width=4)
	        Index Cond: ((id >= 6489256) AND (id <= 6489265))

table 6 : explain SELECT SUM(k) FROM sbtest6 WHERE id BETWEEN 7952650 AND 7952659
	Aggregate  (cost=44.34..44.35 rows=1 width=8)
	  ->  Index Scan using sbtest6_pkey on sbtest6  (cost=0.43..44.31 rows=11 width=4)
	        Index Cond: ((id >= 7952650) AND (id <= 7952659))

table 7 : explain SELECT SUM(k) FROM sbtest7 WHERE id BETWEEN 196103 AND 196112
	Aggregate  (cost=36.54..36.55 rows=1 width=8)
	  ->  Index Scan using sbtest7_pkey on sbtest7  (cost=0.43..36.52 rows=9 width=4)
	        Index Cond: ((id >= 196103) AND (id <= 196112))

table 8 : explain SELECT SUM(k) FROM sbtest8 WHERE id BETWEEN 8442642 AND 8442651
	Aggregate  (cost=40.49..40.50 rows=1 width=8)
	  ->  Index Scan using sbtest8_pkey on sbtest8  (cost=0.43..40.46 rows=10 width=4)
	        Index Cond: ((id >= 8442642) AND (id <= 8442651))

for: distinct_ranges
table 1 : explain SELECT DISTINCT c FROM sbtest1 WHERE id BETWEEN 321266 AND 321275 ORDER BY c
	Unique  (cost=40.91..40.96 rows=10 width=121)
	  ->  Sort  (cost=40.91..40.94 rows=10 width=121)
	        Sort Key: c
	        ->  Index Scan using sbtest1_pkey on sbtest1  (cost=0.43..40.75 rows=10 width=121)
	              Index Cond: ((id >= 321266) AND (id <= 321275))

table 2 : explain SELECT DISTINCT c FROM sbtest2 WHERE id BETWEEN 6378415 AND 6378424 ORDER BY c
	Unique  (cost=37.16..37.21 rows=9 width=121)
	  ->  Sort  (cost=37.16..37.18 rows=9 width=121)
	        Sort Key: c
	        ->  Index Scan using sbtest2_pkey on sbtest2  (cost=0.43..37.02 rows=9 width=121)
	              Index Cond: ((id >= 6378415) AND (id <= 6378424))

table 3 : explain SELECT DISTINCT c FROM sbtest3 WHERE id BETWEEN 8535822 AND 8535831 ORDER BY c
	Unique  (cost=40.56..40.61 rows=10 width=121)
	  ->  Sort  (cost=40.56..40.58 rows=10 width=121)
	        Sort Key: c
	        ->  Index Scan using sbtest3_pkey on sbtest3  (cost=0.43..40.39 rows=10 width=121)
	              Index Cond: ((id >= 8535822) AND (id <= 8535831))

table 4 : explain SELECT DISTINCT c FROM sbtest4 WHERE id BETWEEN 9533378 AND 9533387 ORDER BY c
	Unique  (cost=47.53..47.59 rows=12 width=121)
	  ->  Sort  (cost=47.53..47.56 rows=12 width=121)
	        Sort Key: c
	        ->  Index Scan using sbtest4_pkey on sbtest4  (cost=0.43..47.32 rows=12 width=121)
	              Index Cond: ((id >= 9533378) AND (id <= 9533387))

table 5 : explain SELECT DISTINCT c FROM sbtest5 WHERE id BETWEEN 709689 AND 709698 ORDER BY c
	Unique  (cost=44.12..44.17 rows=11 width=121)
	  ->  Sort  (cost=44.12..44.14 rows=11 width=121)
	        Sort Key: c
	        ->  Index Scan using sbtest5_pkey on sbtest5  (cost=0.43..43.93 rows=11 width=121)
	              Index Cond: ((id >= 709689) AND (id <= 709698))

table 6 : explain SELECT DISTINCT c FROM sbtest6 WHERE id BETWEEN 8713830 AND 8713839 ORDER BY c
	Unique  (cost=40.89..40.94 rows=10 width=121)
	  ->  Sort  (cost=40.89..40.92 rows=10 width=121)
	        Sort Key: c
	        ->  Index Scan using sbtest6_pkey on sbtest6  (cost=0.43..40.73 rows=10 width=121)
	              Index Cond: ((id >= 8713830) AND (id <= 8713839))

table 7 : explain SELECT DISTINCT c FROM sbtest7 WHERE id BETWEEN 1070745 AND 1070754 ORDER BY c
	Unique  (cost=43.73..43.78 rows=11 width=121)
	  ->  Sort  (cost=43.73..43.76 rows=11 width=121)
	        Sort Key: c
	        ->  Index Scan using sbtest7_pkey on sbtest7  (cost=0.43..43.54 rows=11 width=121)
	              Index Cond: ((id >= 1070745) AND (id <= 1070754))

table 8 : explain SELECT DISTINCT c FROM sbtest8 WHERE id BETWEEN 2508315 AND 2508324 ORDER BY c
	Unique  (cost=44.21..44.26 rows=11 width=121)
	  ->  Sort  (cost=44.21..44.24 rows=11 width=121)
	        Sort Key: c
	        ->  Index Scan using sbtest8_pkey on sbtest8  (cost=0.43..44.02 rows=11 width=121)
	              Index Cond: ((id >= 2508315) AND (id <= 2508324))

for: distinct_ranges
table 1 : explain SELECT DISTINCT c FROM sbtest1 WHERE id BETWEEN 8755223 AND 8755232 ORDER BY c
	Unique  (cost=40.91..40.96 rows=10 width=121)
	  ->  Sort  (cost=40.91..40.94 rows=10 width=121)
	        Sort Key: c
	        ->  Index Scan using sbtest1_pkey on sbtest1  (cost=0.43..40.75 rows=10 width=121)
	              Index Cond: ((id >= 8755223) AND (id <= 8755232))

table 2 : explain SELECT DISTINCT c FROM sbtest2 WHERE id BETWEEN 4806548 AND 4806557 ORDER BY c
	Unique  (cost=40.75..40.80 rows=10 width=121)
	  ->  Sort  (cost=40.75..40.78 rows=10 width=121)
	        Sort Key: c
	        ->  Index Scan using sbtest2_pkey on sbtest2  (cost=0.43..40.59 rows=10 width=121)
	              Index Cond: ((id >= 4806548) AND (id <= 4806557))

table 3 : explain SELECT DISTINCT c FROM sbtest3 WHERE id BETWEEN 1495402 AND 1495411 ORDER BY c
	Unique  (cost=44.13..44.19 rows=11 width=121)
	  ->  Sort  (cost=44.13..44.16 rows=11 width=121)
	        Sort Key: c
	        ->  Index Scan using sbtest3_pkey on sbtest3  (cost=0.43..43.94 rows=11 width=121)
	              Index Cond: ((id >= 1495402) AND (id <= 1495411))

table 4 : explain SELECT DISTINCT c FROM sbtest4 WHERE id BETWEEN 6247490 AND 6247499 ORDER BY c
	Unique  (cost=40.42..40.47 rows=10 width=121)
	  ->  Sort  (cost=40.42..40.44 rows=10 width=121)
	        Sort Key: c
	        ->  Index Scan using sbtest4_pkey on sbtest4  (cost=0.43..40.25 rows=10 width=121)
	              Index Cond: ((id >= 6247490) AND (id <= 6247499))

table 5 : explain SELECT DISTINCT c FROM sbtest5 WHERE id BETWEEN 5414661 AND 5414670 ORDER BY c
	Unique  (cost=36.97..37.02 rows=9 width=121)
	  ->  Sort  (cost=36.97..37.00 rows=9 width=121)
	        Sort Key: c
	        ->  Index Scan using sbtest5_pkey on sbtest5  (cost=0.43..36.83 rows=9 width=121)
	              Index Cond: ((id >= 5414661) AND (id <= 5414670))

table 6 : explain SELECT DISTINCT c FROM sbtest6 WHERE id BETWEEN 5597596 AND 5597605 ORDER BY c
	Unique  (cost=40.89..40.94 rows=10 width=121)
	  ->  Sort  (cost=40.89..40.92 rows=10 width=121)
	        Sort Key: c
	        ->  Index Scan using sbtest6_pkey on sbtest6  (cost=0.43..40.73 rows=10 width=121)
	              Index Cond: ((id >= 5597596) AND (id <= 5597605))

table 7 : explain SELECT DISTINCT c FROM sbtest7 WHERE id BETWEEN 9566621 AND 9566630 ORDER BY c
	Unique  (cost=40.20..40.25 rows=10 width=121)
	  ->  Sort  (cost=40.20..40.22 rows=10 width=121)
	        Sort Key: c
	        ->  Index Scan using sbtest7_pkey on sbtest7  (cost=0.43..40.03 rows=10 width=121)
	              Index Cond: ((id >= 9566621) AND (id <= 9566630))

table 8 : explain SELECT DISTINCT c FROM sbtest8 WHERE id BETWEEN 190652 AND 190661 ORDER BY c
	Unique  (cost=40.63..40.68 rows=10 width=121)
	  ->  Sort  (cost=40.63..40.65 rows=10 width=121)
	        Sort Key: c
	        ->  Index Scan using sbtest8_pkey on sbtest8  (cost=0.43..40.46 rows=10 width=121)
	              Index Cond: ((id >= 190652) AND (id <= 190661))

for index_updates
table 1 : explain UPDATE sbtest1 SET k=k+1 WHERE id=8296981
	Update on sbtest1  (cost=0.43..8.46 rows=0 width=0)
	  ->  Index Scan using sbtest1_pkey on sbtest1  (cost=0.43..8.46 rows=1 width=10)
	        Index Cond: (id = 8296981)

table 2 : explain UPDATE sbtest2 SET k=k+1 WHERE id=9918991
	Update on sbtest2  (cost=0.43..8.46 rows=0 width=0)
	  ->  Index Scan using sbtest2_pkey on sbtest2  (cost=0.43..8.46 rows=1 width=10)
	        Index Cond: (id = 9918991)

table 3 : explain UPDATE sbtest3 SET k=k+1 WHERE id=1366330
	Update on sbtest3  (cost=0.43..8.46 rows=0 width=0)
	  ->  Index Scan using sbtest3_pkey on sbtest3  (cost=0.43..8.46 rows=1 width=10)
	        Index Cond: (id = 1366330)

table 4 : explain UPDATE sbtest4 SET k=k+1 WHERE id=3651697
	Update on sbtest4  (cost=0.43..8.46 rows=0 width=0)
	  ->  Index Scan using sbtest4_pkey on sbtest4  (cost=0.43..8.46 rows=1 width=10)
	        Index Cond: (id = 3651697)

table 5 : explain UPDATE sbtest5 SET k=k+1 WHERE id=6653448
	Update on sbtest5  (cost=0.43..8.46 rows=0 width=0)
	  ->  Index Scan using sbtest5_pkey on sbtest5  (cost=0.43..8.46 rows=1 width=10)
	        Index Cond: (id = 6653448)

table 6 : explain UPDATE sbtest6 SET k=k+1 WHERE id=1678123
	Update on sbtest6  (cost=0.43..8.46 rows=0 width=0)
	  ->  Index Scan using sbtest6_pkey on sbtest6  (cost=0.43..8.46 rows=1 width=10)
	        Index Cond: (id = 1678123)

table 7 : explain UPDATE sbtest7 SET k=k+1 WHERE id=2934506
	Update on sbtest7  (cost=0.43..8.46 rows=0 width=0)
	  ->  Index Scan using sbtest7_pkey on sbtest7  (cost=0.43..8.46 rows=1 width=10)
	        Index Cond: (id = 2934506)

table 8 : explain UPDATE sbtest8 SET k=k+1 WHERE id=7220659
	Update on sbtest8  (cost=0.43..8.46 rows=0 width=0)
	  ->  Index Scan using sbtest8_pkey on sbtest8  (cost=0.43..8.46 rows=1 width=10)
	        Index Cond: (id = 7220659)

for deletes
table 1 : explain DELETE FROM sbtest1 WHERE id=6714408
	Delete on sbtest1  (cost=0.43..8.45 rows=0 width=0)
	  ->  Index Scan using sbtest1_pkey on sbtest1  (cost=0.43..8.45 rows=1 width=6)
	        Index Cond: (id = 6714408)

table 2 : explain DELETE FROM sbtest2 WHERE id=9103951
	Delete on sbtest2  (cost=0.43..8.45 rows=0 width=0)
	  ->  Index Scan using sbtest2_pkey on sbtest2  (cost=0.43..8.45 rows=1 width=6)
	        Index Cond: (id = 9103951)

table 3 : explain DELETE FROM sbtest3 WHERE id=5931687
	Delete on sbtest3  (cost=0.43..8.45 rows=0 width=0)
	  ->  Index Scan using sbtest3_pkey on sbtest3  (cost=0.43..8.45 rows=1 width=6)
	        Index Cond: (id = 5931687)

table 4 : explain DELETE FROM sbtest4 WHERE id=209987
	Delete on sbtest4  (cost=0.43..8.45 rows=0 width=0)
	  ->  Index Scan using sbtest4_pkey on sbtest4  (cost=0.43..8.45 rows=1 width=6)
	        Index Cond: (id = 209987)

table 5 : explain DELETE FROM sbtest5 WHERE id=2498331
	Delete on sbtest5  (cost=0.43..8.45 rows=0 width=0)
	  ->  Index Scan using sbtest5_pkey on sbtest5  (cost=0.43..8.45 rows=1 width=6)
	        Index Cond: (id = 2498331)

table 6 : explain DELETE FROM sbtest6 WHERE id=4863080
	Delete on sbtest6  (cost=0.43..8.45 rows=0 width=0)
	  ->  Index Scan using sbtest6_pkey on sbtest6  (cost=0.43..8.45 rows=1 width=6)
	        Index Cond: (id = 4863080)

table 7 : explain DELETE FROM sbtest7 WHERE id=8710846
	Delete on sbtest7  (cost=0.43..8.45 rows=0 width=0)
	  ->  Index Scan using sbtest7_pkey on sbtest7  (cost=0.43..8.45 rows=1 width=6)
	        Index Cond: (id = 8710846)

table 8 : explain DELETE FROM sbtest8 WHERE id=772936
	Delete on sbtest8  (cost=0.43..8.45 rows=0 width=0)
	  ->  Index Scan using sbtest8_pkey on sbtest8  (cost=0.43..8.45 rows=1 width=6)
	        Index Cond: (id = 772936)

explain: for non_index_updates :: explain UPDATE sbtest%u SET c='foobar' WHERE id=%u
for: distinct_ranges
table 1 : explain SELECT DISTINCT c FROM sbtest1 WHERE id BETWEEN 1550681 AND 1550690 ORDER BY c
	Unique  (cost=40.91..40.96 rows=10 width=121)
	  ->  Sort  (cost=40.91..40.94 rows=10 width=121)
	        Sort Key: c
	        ->  Index Scan using sbtest1_pkey on sbtest1  (cost=0.43..40.75 rows=10 width=121)
	              Index Cond: ((id >= 1550681) AND (id <= 1550690))

table 2 : explain SELECT DISTINCT c FROM sbtest2 WHERE id BETWEEN 2888185 AND 2888194 ORDER BY c
	Unique  (cost=40.75..40.80 rows=10 width=121)
	  ->  Sort  (cost=40.75..40.78 rows=10 width=121)
	        Sort Key: c
	        ->  Index Scan using sbtest2_pkey on sbtest2  (cost=0.43..40.59 rows=10 width=121)
	              Index Cond: ((id >= 2888185) AND (id <= 2888194))

table 3 : explain SELECT DISTINCT c FROM sbtest3 WHERE id BETWEEN 6929700 AND 6929709 ORDER BY c
	Unique  (cost=40.56..40.61 rows=10 width=121)
	  ->  Sort  (cost=40.56..40.58 rows=10 width=121)
	        Sort Key: c
	        ->  Index Scan using sbtest3_pkey on sbtest3  (cost=0.43..40.39 rows=10 width=121)
	              Index Cond: ((id >= 6929700) AND (id <= 6929709))

table 4 : explain SELECT DISTINCT c FROM sbtest4 WHERE id BETWEEN 9747388 AND 9747397 ORDER BY c
	Unique  (cost=40.42..40.47 rows=10 width=121)
	  ->  Sort  (cost=40.42..40.44 rows=10 width=121)
	        Sort Key: c
	        ->  Index Scan using sbtest4_pkey on sbtest4  (cost=0.43..40.25 rows=10 width=121)
	              Index Cond: ((id >= 9747388) AND (id <= 9747397))

table 5 : explain SELECT DISTINCT c FROM sbtest5 WHERE id BETWEEN 9493903 AND 9493912 ORDER BY c
	Unique  (cost=40.55..40.60 rows=10 width=121)
	  ->  Sort  (cost=40.55..40.57 rows=10 width=121)
	        Sort Key: c
	        ->  Index Scan using sbtest5_pkey on sbtest5  (cost=0.43..40.38 rows=10 width=121)
	              Index Cond: ((id >= 9493903) AND (id <= 9493912))

table 6 : explain SELECT DISTINCT c FROM sbtest6 WHERE id BETWEEN 3991599 AND 3991608 ORDER BY c
	Unique  (cost=40.89..40.94 rows=10 width=121)
	  ->  Sort  (cost=40.89..40.92 rows=10 width=121)
	        Sort Key: c
	        ->  Index Scan using sbtest6_pkey on sbtest6  (cost=0.43..40.73 rows=10 width=121)
	              Index Cond: ((id >= 3991599) AND (id <= 3991608))

table 7 : explain SELECT DISTINCT c FROM sbtest7 WHERE id BETWEEN 4625990 AND 4625999 ORDER BY c
	Unique  (cost=40.20..40.25 rows=10 width=121)
	  ->  Sort  (cost=40.20..40.22 rows=10 width=121)
	        Sort Key: c
	        ->  Index Scan using sbtest7_pkey on sbtest7  (cost=0.43..40.03 rows=10 width=121)
	              Index Cond: ((id >= 4625990) AND (id <= 4625999))

table 8 : explain SELECT DISTINCT c FROM sbtest8 WHERE id BETWEEN 6516618 AND 6516627 ORDER BY c
	Unique  (cost=37.05..37.09 rows=9 width=121)
	  ->  Sort  (cost=37.05..37.07 rows=9 width=121)
	        Sort Key: c
	        ->  Index Scan using sbtest8_pkey on sbtest8  (cost=0.43..36.91 rows=9 width=121)
	              Index Cond: ((id >= 6516618) AND (id <= 6516627))

explain: for index_updates :: explain UPDATE sbtest%u SET k=k+1 WHERE id=%u
for: distinct_ranges
table 1 : explain SELECT DISTINCT c FROM sbtest1 WHERE id BETWEEN 3574770 AND 3574779 ORDER BY c
	Unique  (cost=40.91..40.96 rows=10 width=121)
	  ->  Sort  (cost=40.91..40.94 rows=10 width=121)
	        Sort Key: c
	        ->  Index Scan using sbtest1_pkey on sbtest1  (cost=0.43..40.75 rows=10 width=121)
	              Index Cond: ((id >= 3574770) AND (id <= 3574779))

table 2 : explain SELECT DISTINCT c FROM sbtest2 WHERE id BETWEEN 329661 AND 329670 ORDER BY c
	Unique  (cost=40.75..40.80 rows=10 width=121)
	  ->  Sort  (cost=40.75..40.78 rows=10 width=121)
	        Sort Key: c
	        ->  Index Scan using sbtest2_pkey on sbtest2  (cost=0.43..40.59 rows=10 width=121)
	              Index Cond: ((id >= 329661) AND (id <= 329670))

table 3 : explain SELECT DISTINCT c FROM sbtest3 WHERE id BETWEEN 4011752 AND 4011761 ORDER BY c
	Unique  (cost=40.56..40.61 rows=10 width=121)
	  ->  Sort  (cost=40.56..40.58 rows=10 width=121)
	        Sort Key: c
	        ->  Index Scan using sbtest3_pkey on sbtest3  (cost=0.43..40.39 rows=10 width=121)
	              Index Cond: ((id >= 4011752) AND (id <= 4011761))

table 4 : explain SELECT DISTINCT c FROM sbtest4 WHERE id BETWEEN 3563611 AND 3563620 ORDER BY c
	Unique  (cost=40.42..40.47 rows=10 width=121)
	  ->  Sort  (cost=40.42..40.44 rows=10 width=121)
	        Sort Key: c
	        ->  Index Scan using sbtest4_pkey on sbtest4  (cost=0.43..40.25 rows=10 width=121)
	              Index Cond: ((id >= 3563611) AND (id <= 3563620))

table 5 : explain SELECT DISTINCT c FROM sbtest5 WHERE id BETWEEN 1685309 AND 1685318 ORDER BY c
	Unique  (cost=44.12..44.17 rows=11 width=121)
	  ->  Sort  (cost=44.12..44.14 rows=11 width=121)
	        Sort Key: c
	        ->  Index Scan using sbtest5_pkey on sbtest5  (cost=0.43..43.93 rows=11 width=121)
	              Index Cond: ((id >= 1685309) AND (id <= 1685318))

table 6 : explain SELECT DISTINCT c FROM sbtest6 WHERE id BETWEEN 8959319 AND 8959328 ORDER BY c
	Unique  (cost=37.28..37.33 rows=9 width=121)
	  ->  Sort  (cost=37.28..37.31 rows=9 width=121)
	        Sort Key: c
	        ->  Index Scan using sbtest6_pkey on sbtest6  (cost=0.43..37.14 rows=9 width=121)
	              Index Cond: ((id >= 8959319) AND (id <= 8959328))

table 7 : explain SELECT DISTINCT c FROM sbtest7 WHERE id BETWEEN 7689645 AND 7689654 ORDER BY c
	Unique  (cost=40.20..40.25 rows=10 width=121)
	  ->  Sort  (cost=40.20..40.22 rows=10 width=121)
	        Sort Key: c
	        ->  Index Scan using sbtest7_pkey on sbtest7  (cost=0.43..40.03 rows=10 width=121)
	              Index Cond: ((id >= 7689645) AND (id <= 7689654))

table 8 : explain SELECT DISTINCT c FROM sbtest8 WHERE id BETWEEN 5997216 AND 5997225 ORDER BY c
	Unique  (cost=40.63..40.68 rows=10 width=121)
	  ->  Sort  (cost=40.63..40.65 rows=10 width=121)
	        Sort Key: c
	        ->  Index Scan using sbtest8_pkey on sbtest8  (cost=0.43..40.46 rows=10 width=121)
	              Index Cond: ((id >= 5997216) AND (id <= 5997225))

for non_index_updates
table 1 : explain UPDATE sbtest1 SET c='foobar' WHERE id=2311287
	Update on sbtest1  (cost=0.43..8.45 rows=0 width=0)
	  ->  Index Scan using sbtest1_pkey on sbtest1  (cost=0.43..8.45 rows=1 width=490)
	        Index Cond: (id = 2311287)

table 2 : explain UPDATE sbtest2 SET c='foobar' WHERE id=9343229
	Update on sbtest2  (cost=0.43..8.45 rows=0 width=0)
	  ->  Index Scan using sbtest2_pkey on sbtest2  (cost=0.43..8.45 rows=1 width=490)
	        Index Cond: (id = 9343229)

table 3 : explain UPDATE sbtest3 SET c='foobar' WHERE id=524562
	Update on sbtest3  (cost=0.43..8.45 rows=0 width=0)
	  ->  Index Scan using sbtest3_pkey on sbtest3  (cost=0.43..8.45 rows=1 width=490)
	        Index Cond: (id = 524562)

table 4 : explain UPDATE sbtest4 SET c='foobar' WHERE id=146314
	Update on sbtest4  (cost=0.43..8.45 rows=0 width=0)
	  ->  Index Scan using sbtest4_pkey on sbtest4  (cost=0.43..8.45 rows=1 width=490)
	        Index Cond: (id = 146314)

table 5 : explain UPDATE sbtest5 SET c='foobar' WHERE id=6919139
	Update on sbtest5  (cost=0.43..8.45 rows=0 width=0)
	  ->  Index Scan using sbtest5_pkey on sbtest5  (cost=0.43..8.45 rows=1 width=490)
	        Index Cond: (id = 6919139)

table 6 : explain UPDATE sbtest6 SET c='foobar' WHERE id=8908308
	Update on sbtest6  (cost=0.43..8.45 rows=0 width=0)
	  ->  Index Scan using sbtest6_pkey on sbtest6  (cost=0.43..8.45 rows=1 width=490)
	        Index Cond: (id = 8908308)

table 7 : explain UPDATE sbtest7 SET c='foobar' WHERE id=5943322
	Update on sbtest7  (cost=0.43..8.45 rows=0 width=0)
	  ->  Index Scan using sbtest7_pkey on sbtest7  (cost=0.43..8.45 rows=1 width=490)
	        Index Cond: (id = 5943322)

table 8 : explain UPDATE sbtest8 SET c='foobar' WHERE id=7254381
	Update on sbtest8  (cost=0.43..8.45 rows=0 width=0)
	  ->  Index Scan using sbtest8_pkey on sbtest8  (cost=0.43..8.45 rows=1 width=490)
	        Index Cond: (id = 7254381)

explain: for index_updates :: explain UPDATE sbtest%u SET k=k+1 WHERE id=%u
explain: for index_updates :: explain UPDATE sbtest%u SET k=k+1 WHERE id=%u
for: distinct_ranges
table 1 : explain SELECT DISTINCT c FROM sbtest1 WHERE id BETWEEN 7523655 AND 7523664 ORDER BY c
	Unique  (cost=44.53..44.58 rows=11 width=121)
	  ->  Sort  (cost=44.53..44.55 rows=11 width=121)
	        Sort Key: c
	        ->  Index Scan using sbtest1_pkey on sbtest1  (cost=0.43..44.33 rows=11 width=121)
	              Index Cond: ((id >= 7523655) AND (id <= 7523664))

table 2 : explain SELECT DISTINCT c FROM sbtest2 WHERE id BETWEEN 1974504 AND 1974513 ORDER BY c
	Unique  (cost=40.75..40.80 rows=10 width=121)
	  ->  Sort  (cost=40.75..40.78 rows=10 width=121)
	        Sort Key: c
	        ->  Index Scan using sbtest2_pkey on sbtest2  (cost=0.43..40.59 rows=10 width=121)
	              Index Cond: ((id >= 1974504) AND (id <= 1974513))

table 3 : explain SELECT DISTINCT c FROM sbtest3 WHERE id BETWEEN 8848584 AND 8848593 ORDER BY c
	Unique  (cost=40.56..40.61 rows=10 width=121)
	  ->  Sort  (cost=40.56..40.58 rows=10 width=121)
	        Sort Key: c
	        ->  Index Scan using sbtest3_pkey on sbtest3  (cost=0.43..40.39 rows=10 width=121)
	              Index Cond: ((id >= 8848584) AND (id <= 8848593))

table 4 : explain SELECT DISTINCT c FROM sbtest4 WHERE id BETWEEN 9053432 AND 9053441 ORDER BY c
	Unique  (cost=36.86..36.91 rows=9 width=121)
	  ->  Sort  (cost=36.86..36.88 rows=9 width=121)
	        Sort Key: c
	        ->  Index Scan using sbtest4_pkey on sbtest4  (cost=0.43..36.72 rows=9 width=121)
	              Index Cond: ((id >= 9053432) AND (id <= 9053441))

table 5 : explain SELECT DISTINCT c FROM sbtest5 WHERE id BETWEEN 5483194 AND 5483203 ORDER BY c
	Unique  (cost=40.55..40.60 rows=10 width=121)
	  ->  Sort  (cost=40.55..40.57 rows=10 width=121)
	        Sort Key: c
	        ->  Index Scan using sbtest5_pkey on sbtest5  (cost=0.43..40.38 rows=10 width=121)
	              Index Cond: ((id >= 5483194) AND (id <= 5483203))

table 6 : explain SELECT DISTINCT c FROM sbtest6 WHERE id BETWEEN 4503921 AND 4503930 ORDER BY c
	Unique  (cost=40.89..40.94 rows=10 width=121)
	  ->  Sort  (cost=40.89..40.92 rows=10 width=121)
	        Sort Key: c
	        ->  Index Scan using sbtest6_pkey on sbtest6  (cost=0.43..40.73 rows=10 width=121)
	              Index Cond: ((id >= 4503921) AND (id <= 4503930))

table 7 : explain SELECT DISTINCT c FROM sbtest7 WHERE id BETWEEN 9963687 AND 9963696 ORDER BY c
	Unique  (cost=40.20..40.25 rows=10 width=121)
	  ->  Sort  (cost=40.20..40.22 rows=10 width=121)
	        Sort Key: c
	        ->  Index Scan using sbtest7_pkey on sbtest7  (cost=0.43..40.03 rows=10 width=121)
	              Index Cond: ((id >= 9963687) AND (id <= 9963696))

table 8 : explain SELECT DISTINCT c FROM sbtest8 WHERE id BETWEEN 284832 AND 284841 ORDER BY c
	Unique  (cost=40.63..40.68 rows=10 width=121)
	  ->  Sort  (cost=40.63..40.65 rows=10 width=121)
	        Sort Key: c
	        ->  Index Scan using sbtest8_pkey on sbtest8  (cost=0.43..40.46 rows=10 width=121)
	              Index Cond: ((id >= 284832) AND (id <= 284841))

explain: for index_updates :: explain UPDATE sbtest%u SET k=k+1 WHERE id=%u
explain: for non_index_updates :: explain UPDATE sbtest%u SET c='foobar' WHERE id=%u
explain: for deletes :: explain DELETE FROM sbtest%u WHERE id=%u
for non_index_updates
table 1 : explain UPDATE sbtest1 SET c='foobar' WHERE id=8907596
	Update on sbtest1  (cost=0.43..8.45 rows=0 width=0)
	  ->  Index Scan using sbtest1_pkey on sbtest1  (cost=0.43..8.45 rows=1 width=490)
	        Index Cond: (id = 8907596)

table 2 : explain UPDATE sbtest2 SET c='foobar' WHERE id=8860538
	Update on sbtest2  (cost=0.43..8.45 rows=0 width=0)
	  ->  Index Scan using sbtest2_pkey on sbtest2  (cost=0.43..8.45 rows=1 width=490)
	        Index Cond: (id = 8860538)

table 3 : explain UPDATE sbtest3 SET c='foobar' WHERE id=6608872
	Update on sbtest3  (cost=0.43..8.45 rows=0 width=0)
	  ->  Index Scan using sbtest3_pkey on sbtest3  (cost=0.43..8.45 rows=1 width=490)
	        Index Cond: (id = 6608872)

table 4 : explain UPDATE sbtest4 SET c='foobar' WHERE id=5058985
	Update on sbtest4  (cost=0.43..8.45 rows=0 width=0)
	  ->  Index Scan using sbtest4_pkey on sbtest4  (cost=0.43..8.45 rows=1 width=490)
	        Index Cond: (id = 5058985)

table 5 : explain UPDATE sbtest5 SET c='foobar' WHERE id=2499521
	Update on sbtest5  (cost=0.43..8.45 rows=0 width=0)
	  ->  Index Scan using sbtest5_pkey on sbtest5  (cost=0.43..8.45 rows=1 width=490)
	        Index Cond: (id = 2499521)

table 6 : explain UPDATE sbtest6 SET c='foobar' WHERE id=6938235
	Update on sbtest6  (cost=0.43..8.45 rows=0 width=0)
	  ->  Index Scan using sbtest6_pkey on sbtest6  (cost=0.43..8.45 rows=1 width=490)
	        Index Cond: (id = 6938235)

table 7 : explain UPDATE sbtest7 SET c='foobar' WHERE id=9824781
	Update on sbtest7  (cost=0.43..8.45 rows=0 width=0)
	  ->  Index Scan using sbtest7_pkey on sbtest7  (cost=0.43..8.45 rows=1 width=490)
	        Index Cond: (id = 9824781)

table 8 : explain UPDATE sbtest8 SET c='foobar' WHERE id=882310
	Update on sbtest8  (cost=0.43..8.45 rows=0 width=0)
	  ->  Index Scan using sbtest8_pkey on sbtest8  (cost=0.43..8.45 rows=1 width=490)
	        Index Cond: (id = 882310)

for point_selects
table 1 : explain SELECT c FROM sbtest1 WHERE id=8290498
	Index Scan using sbtest1_pkey on sbtest1  (cost=0.43..8.45 rows=1 width=121)
	  Index Cond: (id = 8290498)

table 2 : explain SELECT c FROM sbtest2 WHERE id=1001923
	Index Scan using sbtest2_pkey on sbtest2  (cost=0.43..8.45 rows=1 width=121)
	  Index Cond: (id = 1001923)

table 3 : explain SELECT c FROM sbtest3 WHERE id=7591098
	Index Scan using sbtest3_pkey on sbtest3  (cost=0.43..8.45 rows=1 width=121)
	  Index Cond: (id = 7591098)

table 4 : explain SELECT c FROM sbtest4 WHERE id=2413052
	Index Scan using sbtest4_pkey on sbtest4  (cost=0.43..8.45 rows=1 width=121)
	  Index Cond: (id = 2413052)

table 5 : explain SELECT c FROM sbtest5 WHERE id=3481409
	Index Scan using sbtest5_pkey on sbtest5  (cost=0.43..8.45 rows=1 width=121)
	  Index Cond: (id = 3481409)

table 6 : explain SELECT c FROM sbtest6 WHERE id=491939
	Index Scan using sbtest6_pkey on sbtest6  (cost=0.43..8.45 rows=1 width=121)
	  Index Cond: (id = 491939)

table 7 : explain SELECT c FROM sbtest7 WHERE id=896906
	Index Scan using sbtest7_pkey on sbtest7  (cost=0.43..8.45 rows=1 width=121)
	  Index Cond: (id = 896906)

table 8 : explain SELECT c FROM sbtest8 WHERE id=3812057
	Index Scan using sbtest8_pkey on sbtest8  (cost=0.43..8.45 rows=1 width=121)
	  Index Cond: (id = 3812057)

explain: for index_updates :: explain UPDATE sbtest%u SET k=k+1 WHERE id=%u
for: order_ranges
table 1 : explain SELECT c FROM sbtest1 WHERE id BETWEEN 888948 AND 888957 ORDER BY c
	Sort  (cost=40.91..40.94 rows=10 width=121)
	  Sort Key: c
	  ->  Index Scan using sbtest1_pkey on sbtest1  (cost=0.43..40.75 rows=10 width=121)
	        Index Cond: ((id >= 888948) AND (id <= 888957))

table 2 : explain SELECT c FROM sbtest2 WHERE id BETWEEN 3406779 AND 3406788 ORDER BY c
	Sort  (cost=37.16..37.18 rows=9 width=121)
	  Sort Key: c
	  ->  Index Scan using sbtest2_pkey on sbtest2  (cost=0.43..37.02 rows=9 width=121)
	        Index Cond: ((id >= 3406779) AND (id <= 3406788))

table 3 : explain SELECT c FROM sbtest3 WHERE id BETWEEN 2833333 AND 2833342 ORDER BY c
	Sort  (cost=40.56..40.58 rows=10 width=121)
	  Sort Key: c
	  ->  Index Scan using sbtest3_pkey on sbtest3  (cost=0.43..40.39 rows=10 width=121)
	        Index Cond: ((id >= 2833333) AND (id <= 2833342))

table 4 : explain SELECT c FROM sbtest4 WHERE id BETWEEN 8534039 AND 8534048 ORDER BY c
	Sort  (cost=40.42..40.44 rows=10 width=121)
	  Sort Key: c
	  ->  Index Scan using sbtest4_pkey on sbtest4  (cost=0.43..40.25 rows=10 width=121)
	        Index Cond: ((id >= 8534039) AND (id <= 8534048))

table 5 : explain SELECT c FROM sbtest5 WHERE id BETWEEN 8383466 AND 8383475 ORDER BY c
	Sort  (cost=40.55..40.57 rows=10 width=121)
	  Sort Key: c
	  ->  Index Scan using sbtest5_pkey on sbtest5  (cost=0.43..40.38 rows=10 width=121)
	        Index Cond: ((id >= 8383466) AND (id <= 8383475))

table 6 : explain SELECT c FROM sbtest6 WHERE id BETWEEN 765159 AND 765168 ORDER BY c
	Sort  (cost=40.89..40.92 rows=10 width=121)
	  Sort Key: c
	  ->  Index Scan using sbtest6_pkey on sbtest6  (cost=0.43..40.73 rows=10 width=121)
	        Index Cond: ((id >= 765159) AND (id <= 765168))

table 7 : explain SELECT c FROM sbtest7 WHERE id BETWEEN 1278423 AND 1278432 ORDER BY c
	Sort  (cost=40.20..40.22 rows=10 width=121)
	  Sort Key: c
	  ->  Index Scan using sbtest7_pkey on sbtest7  (cost=0.43..40.03 rows=10 width=121)
	        Index Cond: ((id >= 1278423) AND (id <= 1278432))

table 8 : explain SELECT c FROM sbtest8 WHERE id BETWEEN 4517125 AND 4517134 ORDER BY c
	Sort  (cost=44.21..44.24 rows=11 width=121)
	  Sort Key: c
	  ->  Index Scan using sbtest8_pkey on sbtest8  (cost=0.43..44.02 rows=11 width=121)
	        Index Cond: ((id >= 4517125) AND (id <= 4517134))

for index_updates
table 1 : explain UPDATE sbtest1 SET k=k+1 WHERE id=316242
	Update on sbtest1  (cost=0.43..8.46 rows=0 width=0)
	  ->  Index Scan using sbtest1_pkey on sbtest1  (cost=0.43..8.46 rows=1 width=10)
	        Index Cond: (id = 316242)

table 2 : explain UPDATE sbtest2 SET k=k+1 WHERE id=3764407
	Update on sbtest2  (cost=0.43..8.46 rows=0 width=0)
	  ->  Index Scan using sbtest2_pkey on sbtest2  (cost=0.43..8.46 rows=1 width=10)
	        Index Cond: (id = 3764407)

table 3 : explain UPDATE sbtest3 SET k=k+1 WHERE id=8644603
	Update on sbtest3  (cost=0.43..8.46 rows=0 width=0)
	  ->  Index Scan using sbtest3_pkey on sbtest3  (cost=0.43..8.46 rows=1 width=10)
	        Index Cond: (id = 8644603)

table 4 : explain UPDATE sbtest4 SET k=k+1 WHERE id=5145521
	Update on sbtest4  (cost=0.43..8.46 rows=0 width=0)
	  ->  Index Scan using sbtest4_pkey on sbtest4  (cost=0.43..8.46 rows=1 width=10)
	        Index Cond: (id = 5145521)

table 5 : explain UPDATE sbtest5 SET k=k+1 WHERE id=6034748
	Update on sbtest5  (cost=0.43..8.46 rows=0 width=0)
	  ->  Index Scan using sbtest5_pkey on sbtest5  (cost=0.43..8.46 rows=1 width=10)
	        Index Cond: (id = 6034748)

table 6 : explain UPDATE sbtest6 SET k=k+1 WHERE id=8487970
	Update on sbtest6  (cost=0.43..8.46 rows=0 width=0)
	  ->  Index Scan using sbtest6_pkey on sbtest6  (cost=0.43..8.46 rows=1 width=10)
	        Index Cond: (id = 8487970)

table 7 : explain UPDATE sbtest7 SET k=k+1 WHERE id=5718133
	Update on sbtest7  (cost=0.43..8.46 rows=0 width=0)
	  ->  Index Scan using sbtest7_pkey on sbtest7  (cost=0.43..8.46 rows=1 width=10)
	        Index Cond: (id = 5718133)

table 8 : explain UPDATE sbtest8 SET k=k+1 WHERE id=6084266
	Update on sbtest8  (cost=0.43..8.46 rows=0 width=0)
	  ->  Index Scan using sbtest8_pkey on sbtest8  (cost=0.43..8.46 rows=1 width=10)
	        Index Cond: (id = 6084266)

for inserts
table 1 : explain INSERT INTO sbtest1 (id, k, c, pad) VALUES (1689563, 13, 'foobar', 'foobar')
	Insert on sbtest1  (cost=0.00..0.01 rows=0 width=0)
	  ->  Result  (cost=0.00..0.01 rows=1 width=736)

table 2 : explain INSERT INTO sbtest2 (id, k, c, pad) VALUES (7405379, 13, 'foobar', 'foobar')
	Insert on sbtest2  (cost=0.00..0.01 rows=0 width=0)
	  ->  Result  (cost=0.00..0.01 rows=1 width=736)

table 3 : explain INSERT INTO sbtest3 (id, k, c, pad) VALUES (553192, 13, 'foobar', 'foobar')
	Insert on sbtest3  (cost=0.00..0.01 rows=0 width=0)
	  ->  Result  (cost=0.00..0.01 rows=1 width=736)

table 4 : explain INSERT INTO sbtest4 (id, k, c, pad) VALUES (6832603, 13, 'foobar', 'foobar')
	Insert on sbtest4  (cost=0.00..0.01 rows=0 width=0)
	  ->  Result  (cost=0.00..0.01 rows=1 width=736)

table 5 : explain INSERT INTO sbtest5 (id, k, c, pad) VALUES (5037295, 13, 'foobar', 'foobar')
	Insert on sbtest5  (cost=0.00..0.01 rows=0 width=0)
	  ->  Result  (cost=0.00..0.01 rows=1 width=736)

table 6 : explain INSERT INTO sbtest6 (id, k, c, pad) VALUES (6093041, 13, 'foobar', 'foobar')
	Insert on sbtest6  (cost=0.00..0.01 rows=0 width=0)
	  ->  Result  (cost=0.00..0.01 rows=1 width=736)

table 7 : explain INSERT INTO sbtest7 (id, k, c, pad) VALUES (4402166, 13, 'foobar', 'foobar')
	Insert on sbtest7  (cost=0.00..0.01 rows=0 width=0)
	  ->  Result  (cost=0.00..0.01 rows=1 width=736)

table 8 : explain INSERT INTO sbtest8 (id, k, c, pad) VALUES (5526798, 13, 'foobar', 'foobar')
	Insert on sbtest8  (cost=0.00..0.01 rows=0 width=0)
	  ->  Result  (cost=0.00..0.01 rows=1 width=736)

for: order_ranges
table 1 : explain SELECT c FROM sbtest1 WHERE id BETWEEN 918483 AND 918492 ORDER BY c
	Sort  (cost=40.91..40.94 rows=10 width=121)
	  Sort Key: c
	  ->  Index Scan using sbtest1_pkey on sbtest1  (cost=0.43..40.75 rows=10 width=121)
	        Index Cond: ((id >= 918483) AND (id <= 918492))

table 2 : explain SELECT c FROM sbtest2 WHERE id BETWEEN 3675361 AND 3675370 ORDER BY c
	Sort  (cost=40.75..40.78 rows=10 width=121)
	  Sort Key: c
	  ->  Index Scan using sbtest2_pkey on sbtest2  (cost=0.43..40.59 rows=10 width=121)
	        Index Cond: ((id >= 3675361) AND (id <= 3675370))

table 3 : explain SELECT c FROM sbtest3 WHERE id BETWEEN 187994 AND 188003 ORDER BY c
	Sort  (cost=44.13..44.16 rows=11 width=121)
	  Sort Key: c
	  ->  Index Scan using sbtest3_pkey on sbtest3  (cost=0.43..43.94 rows=11 width=121)
	        Index Cond: ((id >= 187994) AND (id <= 188003))

table 4 : explain SELECT c FROM sbtest4 WHERE id BETWEEN 1131278 AND 1131287 ORDER BY c
	Sort  (cost=40.42..40.44 rows=10 width=121)
	  Sort Key: c
	  ->  Index Scan using sbtest4_pkey on sbtest4  (cost=0.43..40.25 rows=10 width=121)
	        Index Cond: ((id >= 1131278) AND (id <= 1131287))

table 5 : explain SELECT c FROM sbtest5 WHERE id BETWEEN 9849595 AND 9849604 ORDER BY c
	Sort  (cost=40.55..40.57 rows=10 width=121)
	  Sort Key: c
	  ->  Index Scan using sbtest5_pkey on sbtest5  (cost=0.43..40.38 rows=10 width=121)
	        Index Cond: ((id >= 9849595) AND (id <= 9849604))

table 6 : explain SELECT c FROM sbtest6 WHERE id BETWEEN 7641100 AND 7641109 ORDER BY c
	Sort  (cost=44.50..44.53 rows=11 width=121)
	  Sort Key: c
	  ->  Index Scan using sbtest6_pkey on sbtest6  (cost=0.43..44.31 rows=11 width=121)
	        Index Cond: ((id >= 7641100) AND (id <= 7641109))

table 7 : explain SELECT c FROM sbtest7 WHERE id BETWEEN 1769146 AND 1769155 ORDER BY c
	Sort  (cost=36.66..36.69 rows=9 width=121)
	  Sort Key: c
	  ->  Index Scan using sbtest7_pkey on sbtest7  (cost=0.43..36.52 rows=9 width=121)
	        Index Cond: ((id >= 1769146) AND (id <= 1769155))

table 8 : explain SELECT c FROM sbtest8 WHERE id BETWEEN 5113489 AND 5113498 ORDER BY c
	Sort  (cost=44.21..44.24 rows=11 width=121)
	  Sort Key: c
	  ->  Index Scan using sbtest8_pkey on sbtest8  (cost=0.43..44.02 rows=11 width=121)
	        Index Cond: ((id >= 5113489) AND (id <= 5113498))

explain: for deletes :: explain DELETE FROM sbtest%u WHERE id=%u
for deletes
table 1 : explain DELETE FROM sbtest1 WHERE id=6387691
	Delete on sbtest1  (cost=0.43..8.45 rows=0 width=0)
	  ->  Index Scan using sbtest1_pkey on sbtest1  (cost=0.43..8.45 rows=1 width=6)
	        Index Cond: (id = 6387691)

table 2 : explain DELETE FROM sbtest2 WHERE id=9369176
	Delete on sbtest2  (cost=0.43..8.45 rows=0 width=0)
	  ->  Index Scan using sbtest2_pkey on sbtest2  (cost=0.43..8.45 rows=1 width=6)
	        Index Cond: (id = 9369176)

table 3 : explain DELETE FROM sbtest3 WHERE id=5359198
	Delete on sbtest3  (cost=0.43..8.45 rows=0 width=0)
	  ->  Index Scan using sbtest3_pkey on sbtest3  (cost=0.43..8.45 rows=1 width=6)
	        Index Cond: (id = 5359198)

table 4 : explain DELETE FROM sbtest4 WHERE id=8530942
	Delete on sbtest4  (cost=0.43..8.45 rows=0 width=0)
	  ->  Index Scan using sbtest4_pkey on sbtest4  (cost=0.43..8.45 rows=1 width=6)
	        Index Cond: (id = 8530942)

table 5 : explain DELETE FROM sbtest5 WHERE id=5493740
	Delete on sbtest5  (cost=0.43..8.45 rows=0 width=0)
	  ->  Index Scan using sbtest5_pkey on sbtest5  (cost=0.43..8.45 rows=1 width=6)
	        Index Cond: (id = 5493740)

table 6 : explain DELETE FROM sbtest6 WHERE id=6398352
	Delete on sbtest6  (cost=0.43..8.45 rows=0 width=0)
	  ->  Index Scan using sbtest6_pkey on sbtest6  (cost=0.43..8.45 rows=1 width=6)
	        Index Cond: (id = 6398352)

table 7 : explain DELETE FROM sbtest7 WHERE id=5256140
	Delete on sbtest7  (cost=0.43..8.45 rows=0 width=0)
	  ->  Index Scan using sbtest7_pkey on sbtest7  (cost=0.43..8.45 rows=1 width=6)
	        Index Cond: (id = 5256140)

table 8 : explain DELETE FROM sbtest8 WHERE id=49289
	Delete on sbtest8  (cost=0.43..8.45 rows=0 width=0)
	  ->  Index Scan using sbtest8_pkey on sbtest8  (cost=0.43..8.45 rows=1 width=6)
	        Index Cond: (id = 49289)

for index_updates
table 1 : explain UPDATE sbtest1 SET k=k+1 WHERE id=9059785
	Update on sbtest1  (cost=0.43..8.46 rows=0 width=0)
	  ->  Index Scan using sbtest1_pkey on sbtest1  (cost=0.43..8.46 rows=1 width=10)
	        Index Cond: (id = 9059785)

table 2 : explain UPDATE sbtest2 SET k=k+1 WHERE id=4548353
	Update on sbtest2  (cost=0.43..8.46 rows=0 width=0)
	  ->  Index Scan using sbtest2_pkey on sbtest2  (cost=0.43..8.46 rows=1 width=10)
	        Index Cond: (id = 4548353)

table 3 : explain UPDATE sbtest3 SET k=k+1 WHERE id=4366254
	Update on sbtest3  (cost=0.43..8.46 rows=0 width=0)
	  ->  Index Scan using sbtest3_pkey on sbtest3  (cost=0.43..8.46 rows=1 width=10)
	        Index Cond: (id = 4366254)

table 4 : explain UPDATE sbtest4 SET k=k+1 WHERE id=2563776
	Update on sbtest4  (cost=0.43..8.46 rows=0 width=0)
	  ->  Index Scan using sbtest4_pkey on sbtest4  (cost=0.43..8.46 rows=1 width=10)
	        Index Cond: (id = 2563776)

table 5 : explain UPDATE sbtest5 SET k=k+1 WHERE id=8574665
	Update on sbtest5  (cost=0.43..8.46 rows=0 width=0)
	  ->  Index Scan using sbtest5_pkey on sbtest5  (cost=0.43..8.46 rows=1 width=10)
	        Index Cond: (id = 8574665)

table 6 : explain UPDATE sbtest6 SET k=k+1 WHERE id=8213982
	Update on sbtest6  (cost=0.43..8.46 rows=0 width=0)
	  ->  Index Scan using sbtest6_pkey on sbtest6  (cost=0.43..8.46 rows=1 width=10)
	        Index Cond: (id = 8213982)

table 7 : explain UPDATE sbtest7 SET k=k+1 WHERE id=6590546
	Update on sbtest7  (cost=0.43..8.46 rows=0 width=0)
	  ->  Index Scan using sbtest7_pkey on sbtest7  (cost=0.43..8.46 rows=1 width=10)
	        Index Cond: (id = 6590546)

table 8 : explain UPDATE sbtest8 SET k=k+1 WHERE id=4230467
	Update on sbtest8  (cost=0.43..8.46 rows=0 width=0)
	  ->  Index Scan using sbtest8_pkey on sbtest8  (cost=0.43..8.46 rows=1 width=10)
	        Index Cond: (id = 4230467)

for index_updates
table 1 : explain UPDATE sbtest1 SET k=k+1 WHERE id=5626304
	Update on sbtest1  (cost=0.43..8.46 rows=0 width=0)
	  ->  Index Scan using sbtest1_pkey on sbtest1  (cost=0.43..8.46 rows=1 width=10)
	        Index Cond: (id = 5626304)

table 2 : explain UPDATE sbtest2 SET k=k+1 WHERE id=8471147
	Update on sbtest2  (cost=0.43..8.46 rows=0 width=0)
	  ->  Index Scan using sbtest2_pkey on sbtest2  (cost=0.43..8.46 rows=1 width=10)
	        Index Cond: (id = 8471147)

table 3 : explain UPDATE sbtest3 SET k=k+1 WHERE id=2963916
	Update on sbtest3  (cost=0.43..8.46 rows=0 width=0)
	  ->  Index Scan using sbtest3_pkey on sbtest3  (cost=0.43..8.46 rows=1 width=10)
	        Index Cond: (id = 2963916)

table 4 : explain UPDATE sbtest4 SET k=k+1 WHERE id=2709095
	Update on sbtest4  (cost=0.43..8.46 rows=0 width=0)
	  ->  Index Scan using sbtest4_pkey on sbtest4  (cost=0.43..8.46 rows=1 width=10)
	        Index Cond: (id = 2709095)

table 5 : explain UPDATE sbtest5 SET k=k+1 WHERE id=5109681
	Update on sbtest5  (cost=0.43..8.46 rows=0 width=0)
	  ->  Index Scan using sbtest5_pkey on sbtest5  (cost=0.43..8.46 rows=1 width=10)
	        Index Cond: (id = 5109681)

table 6 : explain UPDATE sbtest6 SET k=k+1 WHERE id=6637608
	Update on sbtest6  (cost=0.43..8.46 rows=0 width=0)
	  ->  Index Scan using sbtest6_pkey on sbtest6  (cost=0.43..8.46 rows=1 width=10)
	        Index Cond: (id = 6637608)

table 7 : explain UPDATE sbtest7 SET k=k+1 WHERE id=3275906
	Update on sbtest7  (cost=0.43..8.46 rows=0 width=0)
	  ->  Index Scan using sbtest7_pkey on sbtest7  (cost=0.43..8.46 rows=1 width=10)
	        Index Cond: (id = 3275906)

table 8 : explain UPDATE sbtest8 SET k=k+1 WHERE id=7310245
	Update on sbtest8  (cost=0.43..8.46 rows=0 width=0)
	  ->  Index Scan using sbtest8_pkey on sbtest8  (cost=0.43..8.46 rows=1 width=10)
	        Index Cond: (id = 7310245)

explain: for non_index_updates :: explain UPDATE sbtest%u SET c='foobar' WHERE id=%u
for non_index_updates
table 1 : explain UPDATE sbtest1 SET c='foobar' WHERE id=9225357
	Update on sbtest1  (cost=0.43..8.45 rows=0 width=0)
	  ->  Index Scan using sbtest1_pkey on sbtest1  (cost=0.43..8.45 rows=1 width=490)
	        Index Cond: (id = 9225357)

table 2 : explain UPDATE sbtest2 SET c='foobar' WHERE id=8782647
	Update on sbtest2  (cost=0.43..8.45 rows=0 width=0)
	  ->  Index Scan using sbtest2_pkey on sbtest2  (cost=0.43..8.45 rows=1 width=490)
	        Index Cond: (id = 8782647)

table 3 : explain UPDATE sbtest3 SET c='foobar' WHERE id=952541
	Update on sbtest3  (cost=0.43..8.45 rows=0 width=0)
	  ->  Index Scan using sbtest3_pkey on sbtest3  (cost=0.43..8.45 rows=1 width=490)
	        Index Cond: (id = 952541)

table 4 : explain UPDATE sbtest4 SET c='foobar' WHERE id=9393331
	Update on sbtest4  (cost=0.43..8.45 rows=0 width=0)
	  ->  Index Scan using sbtest4_pkey on sbtest4  (cost=0.43..8.45 rows=1 width=490)
	        Index Cond: (id = 9393331)

table 5 : explain UPDATE sbtest5 SET c='foobar' WHERE id=5964894
	Update on sbtest5  (cost=0.43..8.45 rows=0 width=0)
	  ->  Index Scan using sbtest5_pkey on sbtest5  (cost=0.43..8.45 rows=1 width=490)
	        Index Cond: (id = 5964894)

table 6 : explain UPDATE sbtest6 SET c='foobar' WHERE id=1536017
	Update on sbtest6  (cost=0.43..8.45 rows=0 width=0)
	  ->  Index Scan using sbtest6_pkey on sbtest6  (cost=0.43..8.45 rows=1 width=490)
	        Index Cond: (id = 1536017)

table 7 : explain UPDATE sbtest7 SET c='foobar' WHERE id=4735861
	Update on sbtest7  (cost=0.43..8.45 rows=0 width=0)
	  ->  Index Scan using sbtest7_pkey on sbtest7  (cost=0.43..8.45 rows=1 width=490)
	        Index Cond: (id = 4735861)

table 8 : explain UPDATE sbtest8 SET c='foobar' WHERE id=3912451
	Update on sbtest8  (cost=0.43..8.45 rows=0 width=0)
	  ->  Index Scan using sbtest8_pkey on sbtest8  (cost=0.43..8.45 rows=1 width=490)
	        Index Cond: (id = 3912451)

for index_updates
table 1 : explain UPDATE sbtest1 SET k=k+1 WHERE id=9457790
	Update on sbtest1  (cost=0.43..8.46 rows=0 width=0)
	  ->  Index Scan using sbtest1_pkey on sbtest1  (cost=0.43..8.46 rows=1 width=10)
	        Index Cond: (id = 9457790)

table 2 : explain UPDATE sbtest2 SET k=k+1 WHERE id=6508998
	Update on sbtest2  (cost=0.43..8.46 rows=0 width=0)
	  ->  Index Scan using sbtest2_pkey on sbtest2  (cost=0.43..8.46 rows=1 width=10)
	        Index Cond: (id = 6508998)

table 3 : explain UPDATE sbtest3 SET k=k+1 WHERE id=6143364
	Update on sbtest3  (cost=0.43..8.46 rows=0 width=0)
	  ->  Index Scan using sbtest3_pkey on sbtest3  (cost=0.43..8.46 rows=1 width=10)
	        Index Cond: (id = 6143364)

table 4 : explain UPDATE sbtest4 SET k=k+1 WHERE id=7138007
	Update on sbtest4  (cost=0.43..8.46 rows=0 width=0)
	  ->  Index Scan using sbtest4_pkey on sbtest4  (cost=0.43..8.46 rows=1 width=10)
	        Index Cond: (id = 7138007)

table 5 : explain UPDATE sbtest5 SET k=k+1 WHERE id=6231360
	Update on sbtest5  (cost=0.43..8.46 rows=0 width=0)
	  ->  Index Scan using sbtest5_pkey on sbtest5  (cost=0.43..8.46 rows=1 width=10)
	        Index Cond: (id = 6231360)

table 6 : explain UPDATE sbtest6 SET k=k+1 WHERE id=3591125
	Update on sbtest6  (cost=0.43..8.46 rows=0 width=0)
	  ->  Index Scan using sbtest6_pkey on sbtest6  (cost=0.43..8.46 rows=1 width=10)
	        Index Cond: (id = 3591125)

table 7 : explain UPDATE sbtest7 SET k=k+1 WHERE id=1038398
	Update on sbtest7  (cost=0.43..8.46 rows=0 width=0)
	  ->  Index Scan using sbtest7_pkey on sbtest7  (cost=0.43..8.46 rows=1 width=10)
	        Index Cond: (id = 1038398)

table 8 : explain UPDATE sbtest8 SET k=k+1 WHERE id=3876251
	Update on sbtest8  (cost=0.43..8.46 rows=0 width=0)
	  ->  Index Scan using sbtest8_pkey on sbtest8  (cost=0.43..8.46 rows=1 width=10)
	        Index Cond: (id = 3876251)

for index_updates
table 1 : explain UPDATE sbtest1 SET k=k+1 WHERE id=10405
	Update on sbtest1  (cost=0.43..8.46 rows=0 width=0)
	  ->  Index Scan using sbtest1_pkey on sbtest1  (cost=0.43..8.46 rows=1 width=10)
	        Index Cond: (id = 10405)

table 2 : explain UPDATE sbtest2 SET k=k+1 WHERE id=5194381
	Update on sbtest2  (cost=0.43..8.46 rows=0 width=0)
	  ->  Index Scan using sbtest2_pkey on sbtest2  (cost=0.43..8.46 rows=1 width=10)
	        Index Cond: (id = 5194381)

table 3 : explain UPDATE sbtest3 SET k=k+1 WHERE id=18141
	Update on sbtest3  (cost=0.43..8.46 rows=0 width=0)
	  ->  Index Scan using sbtest3_pkey on sbtest3  (cost=0.43..8.46 rows=1 width=10)
	        Index Cond: (id = 18141)

table 4 : explain UPDATE sbtest4 SET k=k+1 WHERE id=1872071
	Update on sbtest4  (cost=0.43..8.46 rows=0 width=0)
	  ->  Index Scan using sbtest4_pkey on sbtest4  (cost=0.43..8.46 rows=1 width=10)
	        Index Cond: (id = 1872071)

table 5 : explain UPDATE sbtest5 SET k=k+1 WHERE id=1781474
	Update on sbtest5  (cost=0.43..8.46 rows=0 width=0)
	  ->  Index Scan using sbtest5_pkey on sbtest5  (cost=0.43..8.46 rows=1 width=10)
	        Index Cond: (id = 1781474)

table 6 : explain UPDATE sbtest6 SET k=k+1 WHERE id=9763841
	Update on sbtest6  (cost=0.43..8.46 rows=0 width=0)
	  ->  Index Scan using sbtest6_pkey on sbtest6  (cost=0.43..8.46 rows=1 width=10)
	        Index Cond: (id = 9763841)

table 7 : explain UPDATE sbtest7 SET k=k+1 WHERE id=6048559
	Update on sbtest7  (cost=0.43..8.46 rows=0 width=0)
	  ->  Index Scan using sbtest7_pkey on sbtest7  (cost=0.43..8.46 rows=1 width=10)
	        Index Cond: (id = 6048559)

table 8 : explain UPDATE sbtest8 SET k=k+1 WHERE id=4747607
	Update on sbtest8  (cost=0.43..8.46 rows=0 width=0)
	  ->  Index Scan using sbtest8_pkey on sbtest8  (cost=0.43..8.46 rows=1 width=10)
	        Index Cond: (id = 4747607)

explain: for non_index_updates :: explain UPDATE sbtest%u SET c='foobar' WHERE id=%u
for deletes
table 1 : explain DELETE FROM sbtest1 WHERE id=2646071
	Delete on sbtest1  (cost=0.43..8.45 rows=0 width=0)
	  ->  Index Scan using sbtest1_pkey on sbtest1  (cost=0.43..8.45 rows=1 width=6)
	        Index Cond: (id = 2646071)

table 2 : explain DELETE FROM sbtest2 WHERE id=8765863
	Delete on sbtest2  (cost=0.43..8.45 rows=0 width=0)
	  ->  Index Scan using sbtest2_pkey on sbtest2  (cost=0.43..8.45 rows=1 width=6)
	        Index Cond: (id = 8765863)

table 3 : explain DELETE FROM sbtest3 WHERE id=5534833
	Delete on sbtest3  (cost=0.43..8.45 rows=0 width=0)
	  ->  Index Scan using sbtest3_pkey on sbtest3  (cost=0.43..8.45 rows=1 width=6)
	        Index Cond: (id = 5534833)

table 4 : explain DELETE FROM sbtest4 WHERE id=1280249
	Delete on sbtest4  (cost=0.43..8.45 rows=0 width=0)
	  ->  Index Scan using sbtest4_pkey on sbtest4  (cost=0.43..8.45 rows=1 width=6)
	        Index Cond: (id = 1280249)

table 5 : explain DELETE FROM sbtest5 WHERE id=3264735
	Delete on sbtest5  (cost=0.43..8.45 rows=0 width=0)
	  ->  Index Scan using sbtest5_pkey on sbtest5  (cost=0.43..8.45 rows=1 width=6)
	        Index Cond: (id = 3264735)

table 6 : explain DELETE FROM sbtest6 WHERE id=9903690
	Delete on sbtest6  (cost=0.43..8.45 rows=0 width=0)
	  ->  Index Scan using sbtest6_pkey on sbtest6  (cost=0.43..8.45 rows=1 width=6)
	        Index Cond: (id = 9903690)

table 7 : explain DELETE FROM sbtest7 WHERE id=7556277
	Delete on sbtest7  (cost=0.43..8.45 rows=0 width=0)
	  ->  Index Scan using sbtest7_pkey on sbtest7  (cost=0.43..8.45 rows=1 width=6)
	        Index Cond: (id = 7556277)

table 8 : explain DELETE FROM sbtest8 WHERE id=603625
	Delete on sbtest8  (cost=0.43..8.45 rows=0 width=0)
	  ->  Index Scan using sbtest8_pkey on sbtest8  (cost=0.43..8.45 rows=1 width=6)
	        Index Cond: (id = 603625)

explain: for non_index_updates :: explain UPDATE sbtest%u SET c='foobar' WHERE id=%u
for: simple_ranges
table 1 : explain SELECT c FROM sbtest1 WHERE id BETWEEN 7461438 AND 7461447
	Index Scan using sbtest1_pkey on sbtest1  (cost=0.43..40.75 rows=10 width=121)
	  Index Cond: ((id >= 7461438) AND (id <= 7461447))

table 2 : explain SELECT c FROM sbtest2 WHERE id BETWEEN 481925 AND 481934
	Index Scan using sbtest2_pkey on sbtest2  (cost=0.43..40.59 rows=10 width=121)
	  Index Cond: ((id >= 481925) AND (id <= 481934))

table 3 : explain SELECT c FROM sbtest3 WHERE id BETWEEN 1960838 AND 1960847
	Index Scan using sbtest3_pkey on sbtest3  (cost=0.43..43.94 rows=11 width=121)
	  Index Cond: ((id >= 1960838) AND (id <= 1960847))

table 4 : explain SELECT c FROM sbtest4 WHERE id BETWEEN 7605483 AND 7605492
	Index Scan using sbtest4_pkey on sbtest4  (cost=0.43..40.25 rows=10 width=121)
	  Index Cond: ((id >= 7605483) AND (id <= 7605492))

table 5 : explain SELECT c FROM sbtest5 WHERE id BETWEEN 9064810 AND 9064819
	Index Scan using sbtest5_pkey on sbtest5  (cost=0.43..43.93 rows=11 width=121)
	  Index Cond: ((id >= 9064810) AND (id <= 9064819))

table 6 : explain SELECT c FROM sbtest6 WHERE id BETWEEN 7638213 AND 7638222
	Index Scan using sbtest6_pkey on sbtest6  (cost=0.43..44.31 rows=11 width=121)
	  Index Cond: ((id >= 7638213) AND (id <= 7638222))

table 7 : explain SELECT c FROM sbtest7 WHERE id BETWEEN 5355592 AND 5355601
	Index Scan using sbtest7_pkey on sbtest7  (cost=0.43..36.52 rows=9 width=121)
	  Index Cond: ((id >= 5355592) AND (id <= 5355601))

table 8 : explain SELECT c FROM sbtest8 WHERE id BETWEEN 8826443 AND 8826452
	Index Scan using sbtest8_pkey on sbtest8  (cost=0.43..40.46 rows=10 width=121)
	  Index Cond: ((id >= 8826443) AND (id <= 8826452))

for non_index_updates
table 1 : explain UPDATE sbtest1 SET c='foobar' WHERE id=5825472
	Update on sbtest1  (cost=0.43..8.45 rows=0 width=0)
	  ->  Index Scan using sbtest1_pkey on sbtest1  (cost=0.43..8.45 rows=1 width=490)
	        Index Cond: (id = 5825472)

table 2 : explain UPDATE sbtest2 SET c='foobar' WHERE id=9057659
	Update on sbtest2  (cost=0.43..8.45 rows=0 width=0)
	  ->  Index Scan using sbtest2_pkey on sbtest2  (cost=0.43..8.45 rows=1 width=490)
	        Index Cond: (id = 9057659)

table 3 : explain UPDATE sbtest3 SET c='foobar' WHERE id=5356159
	Update on sbtest3  (cost=0.43..8.45 rows=0 width=0)
	  ->  Index Scan using sbtest3_pkey on sbtest3  (cost=0.43..8.45 rows=1 width=490)
	        Index Cond: (id = 5356159)

table 4 : explain UPDATE sbtest4 SET c='foobar' WHERE id=4122918
	Update on sbtest4  (cost=0.43..8.45 rows=0 width=0)
	  ->  Index Scan using sbtest4_pkey on sbtest4  (cost=0.43..8.45 rows=1 width=490)
	        Index Cond: (id = 4122918)

table 5 : explain UPDATE sbtest5 SET c='foobar' WHERE id=3061708
	Update on sbtest5  (cost=0.43..8.45 rows=0 width=0)
	  ->  Index Scan using sbtest5_pkey on sbtest5  (cost=0.43..8.45 rows=1 width=490)
	        Index Cond: (id = 3061708)

table 6 : explain UPDATE sbtest6 SET c='foobar' WHERE id=7917053
	Update on sbtest6  (cost=0.43..8.45 rows=0 width=0)
	  ->  Index Scan using sbtest6_pkey on sbtest6  (cost=0.43..8.45 rows=1 width=490)
	        Index Cond: (id = 7917053)

table 7 : explain UPDATE sbtest7 SET c='foobar' WHERE id=4222673
	Update on sbtest7  (cost=0.43..8.45 rows=0 width=0)
	  ->  Index Scan using sbtest7_pkey on sbtest7  (cost=0.43..8.45 rows=1 width=490)
	        Index Cond: (id = 4222673)

table 8 : explain UPDATE sbtest8 SET c='foobar' WHERE id=2787483
	Update on sbtest8  (cost=0.43..8.45 rows=0 width=0)
	  ->  Index Scan using sbtest8_pkey on sbtest8  (cost=0.43..8.45 rows=1 width=490)
	        Index Cond: (id = 2787483)

for deletes
table 1 : explain DELETE FROM sbtest1 WHERE id=6128827
	Delete on sbtest1  (cost=0.43..8.45 rows=0 width=0)
	  ->  Index Scan using sbtest1_pkey on sbtest1  (cost=0.43..8.45 rows=1 width=6)
	        Index Cond: (id = 6128827)

table 2 : explain DELETE FROM sbtest2 WHERE id=9161425
	Delete on sbtest2  (cost=0.43..8.45 rows=0 width=0)
	  ->  Index Scan using sbtest2_pkey on sbtest2  (cost=0.43..8.45 rows=1 width=6)
	        Index Cond: (id = 9161425)

table 3 : explain DELETE FROM sbtest3 WHERE id=1332933
	Delete on sbtest3  (cost=0.43..8.45 rows=0 width=0)
	  ->  Index Scan using sbtest3_pkey on sbtest3  (cost=0.43..8.45 rows=1 width=6)
	        Index Cond: (id = 1332933)

table 4 : explain DELETE FROM sbtest4 WHERE id=2955461
	Delete on sbtest4  (cost=0.43..8.45 rows=0 width=0)
	  ->  Index Scan using sbtest4_pkey on sbtest4  (cost=0.43..8.45 rows=1 width=6)
	        Index Cond: (id = 2955461)

table 5 : explain DELETE FROM sbtest5 WHERE id=1938794
	Delete on sbtest5  (cost=0.43..8.45 rows=0 width=0)
	  ->  Index Scan using sbtest5_pkey on sbtest5  (cost=0.43..8.45 rows=1 width=6)
	        Index Cond: (id = 1938794)

table 6 : explain DELETE FROM sbtest6 WHERE id=4238215
	Delete on sbtest6  (cost=0.43..8.45 rows=0 width=0)
	  ->  Index Scan using sbtest6_pkey on sbtest6  (cost=0.43..8.45 rows=1 width=6)
	        Index Cond: (id = 4238215)

table 7 : explain DELETE FROM sbtest7 WHERE id=9630098
	Delete on sbtest7  (cost=0.43..8.45 rows=0 width=0)
	  ->  Index Scan using sbtest7_pkey on sbtest7  (cost=0.43..8.45 rows=1 width=6)
	        Index Cond: (id = 9630098)

table 8 : explain DELETE FROM sbtest8 WHERE id=2789171
	Delete on sbtest8  (cost=0.43..8.45 rows=0 width=0)
	  ->  Index Scan using sbtest8_pkey on sbtest8  (cost=0.43..8.45 rows=1 width=6)
	        Index Cond: (id = 2789171)

explain: for inserts :: explain INSERT INTO sbtest%u (id, k, c, pad) VALUES (%u, 13, 'foobar', 'foobar')
for non_index_updates
table 1 : explain UPDATE sbtest1 SET c='foobar' WHERE id=2177720
	Update on sbtest1  (cost=0.43..8.45 rows=0 width=0)
	  ->  Index Scan using sbtest1_pkey on sbtest1  (cost=0.43..8.45 rows=1 width=490)
	        Index Cond: (id = 2177720)

table 2 : explain UPDATE sbtest2 SET c='foobar' WHERE id=1092337
	Update on sbtest2  (cost=0.43..8.45 rows=0 width=0)
	  ->  Index Scan using sbtest2_pkey on sbtest2  (cost=0.43..8.45 rows=1 width=490)
	        Index Cond: (id = 1092337)

table 3 : explain UPDATE sbtest3 SET c='foobar' WHERE id=2343380
	Update on sbtest3  (cost=0.43..8.45 rows=0 width=0)
	  ->  Index Scan using sbtest3_pkey on sbtest3  (cost=0.43..8.45 rows=1 width=490)
	        Index Cond: (id = 2343380)

table 4 : explain UPDATE sbtest4 SET c='foobar' WHERE id=437224
	Update on sbtest4  (cost=0.43..8.45 rows=0 width=0)
	  ->  Index Scan using sbtest4_pkey on sbtest4  (cost=0.43..8.45 rows=1 width=490)
	        Index Cond: (id = 437224)

table 5 : explain UPDATE sbtest5 SET c='foobar' WHERE id=3900019
	Update on sbtest5  (cost=0.43..8.45 rows=0 width=0)
	  ->  Index Scan using sbtest5_pkey on sbtest5  (cost=0.43..8.45 rows=1 width=490)
	        Index Cond: (id = 3900019)

table 6 : explain UPDATE sbtest6 SET c='foobar' WHERE id=4382228
	Update on sbtest6  (cost=0.43..8.45 rows=0 width=0)
	  ->  Index Scan using sbtest6_pkey on sbtest6  (cost=0.43..8.45 rows=1 width=490)
	        Index Cond: (id = 4382228)

table 7 : explain UPDATE sbtest7 SET c='foobar' WHERE id=2248971
	Update on sbtest7  (cost=0.43..8.45 rows=0 width=0)
	  ->  Index Scan using sbtest7_pkey on sbtest7  (cost=0.43..8.45 rows=1 width=490)
	        Index Cond: (id = 2248971)

table 8 : explain UPDATE sbtest8 SET c='foobar' WHERE id=5704026
	Update on sbtest8  (cost=0.43..8.45 rows=0 width=0)
	  ->  Index Scan using sbtest8_pkey on sbtest8  (cost=0.43..8.45 rows=1 width=490)
	        Index Cond: (id = 5704026)

explain: for deletes :: explain DELETE FROM sbtest%u WHERE id=%u
explain: for non_index_updates :: explain UPDATE sbtest%u SET c='foobar' WHERE id=%u
for: distinct_ranges
table 1 : explain SELECT DISTINCT c FROM sbtest1 WHERE id BETWEEN 8315639 AND 8315648 ORDER BY c
	Unique  (cost=40.91..40.96 rows=10 width=121)
	  ->  Sort  (cost=40.91..40.94 rows=10 width=121)
	        Sort Key: c
	        ->  Index Scan using sbtest1_pkey on sbtest1  (cost=0.43..40.75 rows=10 width=121)
	              Index Cond: ((id >= 8315639) AND (id <= 8315648))

table 2 : explain SELECT DISTINCT c FROM sbtest2 WHERE id BETWEEN 23821 AND 23830 ORDER BY c
	Unique  (cost=40.75..40.80 rows=10 width=121)
	  ->  Sort  (cost=40.75..40.78 rows=10 width=121)
	        Sort Key: c
	        ->  Index Scan using sbtest2_pkey on sbtest2  (cost=0.43..40.59 rows=10 width=121)
	              Index Cond: ((id >= 23821) AND (id <= 23830))

table 3 : explain SELECT DISTINCT c FROM sbtest3 WHERE id BETWEEN 8634490 AND 8634499 ORDER BY c
	Unique  (cost=36.99..37.03 rows=9 width=121)
	  ->  Sort  (cost=36.99..37.01 rows=9 width=121)
	        Sort Key: c
	        ->  Index Scan using sbtest3_pkey on sbtest3  (cost=0.43..36.84 rows=9 width=121)
	              Index Cond: ((id >= 8634490) AND (id <= 8634499))

table 4 : explain SELECT DISTINCT c FROM sbtest4 WHERE id BETWEEN 9605204 AND 9605213 ORDER BY c
	Unique  (cost=40.42..40.47 rows=10 width=121)
	  ->  Sort  (cost=40.42..40.44 rows=10 width=121)
	        Sort Key: c
	        ->  Index Scan using sbtest4_pkey on sbtest4  (cost=0.43..40.25 rows=10 width=121)
	              Index Cond: ((id >= 9605204) AND (id <= 9605213))

table 5 : explain SELECT DISTINCT c FROM sbtest5 WHERE id BETWEEN 1871034 AND 1871043 ORDER BY c
	Unique  (cost=44.12..44.17 rows=11 width=121)
	  ->  Sort  (cost=44.12..44.14 rows=11 width=121)
	        Sort Key: c
	        ->  Index Scan using sbtest5_pkey on sbtest5  (cost=0.43..43.93 rows=11 width=121)
	              Index Cond: ((id >= 1871034) AND (id <= 1871043))

table 6 : explain SELECT DISTINCT c FROM sbtest6 WHERE id BETWEEN 3518169 AND 3518178 ORDER BY c
	Unique  (cost=40.89..40.94 rows=10 width=121)
	  ->  Sort  (cost=40.89..40.92 rows=10 width=121)
	        Sort Key: c
	        ->  Index Scan using sbtest6_pkey on sbtest6  (cost=0.43..40.73 rows=10 width=121)
	              Index Cond: ((id >= 3518169) AND (id <= 3518178))

table 7 : explain SELECT DISTINCT c FROM sbtest7 WHERE id BETWEEN 600900 AND 600909 ORDER BY c
	Unique  (cost=36.66..36.71 rows=9 width=121)
	  ->  Sort  (cost=36.66..36.69 rows=9 width=121)
	        Sort Key: c
	        ->  Index Scan using sbtest7_pkey on sbtest7  (cost=0.43..36.52 rows=9 width=121)
	              Index Cond: ((id >= 600900) AND (id <= 600909))

table 8 : explain SELECT DISTINCT c FROM sbtest8 WHERE id BETWEEN 4935138 AND 4935147 ORDER BY c
	Unique  (cost=44.21..44.26 rows=11 width=121)
	  ->  Sort  (cost=44.21..44.24 rows=11 width=121)
	        Sort Key: c
	        ->  Index Scan using sbtest8_pkey on sbtest8  (cost=0.43..44.02 rows=11 width=121)
	              Index Cond: ((id >= 4935138) AND (id <= 4935147))

explain: for inserts :: explain INSERT INTO sbtest%u (id, k, c, pad) VALUES (%u, 13, 'foobar', 'foobar')
for non_index_updates
table 1 : explain UPDATE sbtest1 SET c='foobar' WHERE id=4896187
	Update on sbtest1  (cost=0.43..8.45 rows=0 width=0)
	  ->  Index Scan using sbtest1_pkey on sbtest1  (cost=0.43..8.45 rows=1 width=490)
	        Index Cond: (id = 4896187)

table 2 : explain UPDATE sbtest2 SET c='foobar' WHERE id=4091500
	Update on sbtest2  (cost=0.43..8.45 rows=0 width=0)
	  ->  Index Scan using sbtest2_pkey on sbtest2  (cost=0.43..8.45 rows=1 width=490)
	        Index Cond: (id = 4091500)

table 3 : explain UPDATE sbtest3 SET c='foobar' WHERE id=68067
	Update on sbtest3  (cost=0.43..8.45 rows=0 width=0)
	  ->  Index Scan using sbtest3_pkey on sbtest3  (cost=0.43..8.45 rows=1 width=490)
	        Index Cond: (id = 68067)

table 4 : explain UPDATE sbtest4 SET c='foobar' WHERE id=7431191
	Update on sbtest4  (cost=0.43..8.45 rows=0 width=0)
	  ->  Index Scan using sbtest4_pkey on sbtest4  (cost=0.43..8.45 rows=1 width=490)
	        Index Cond: (id = 7431191)

table 5 : explain UPDATE sbtest5 SET c='foobar' WHERE id=2692830
	Update on sbtest5  (cost=0.43..8.45 rows=0 width=0)
	  ->  Index Scan using sbtest5_pkey on sbtest5  (cost=0.43..8.45 rows=1 width=490)
	        Index Cond: (id = 2692830)

table 6 : explain UPDATE sbtest6 SET c='foobar' WHERE id=2954939
	Update on sbtest6  (cost=0.43..8.45 rows=0 width=0)
	  ->  Index Scan using sbtest6_pkey on sbtest6  (cost=0.43..8.45 rows=1 width=490)
	        Index Cond: (id = 2954939)

table 7 : explain UPDATE sbtest7 SET c='foobar' WHERE id=6026957
	Update on sbtest7  (cost=0.43..8.45 rows=0 width=0)
	  ->  Index Scan using sbtest7_pkey on sbtest7  (cost=0.43..8.45 rows=1 width=490)
	        Index Cond: (id = 6026957)

table 8 : explain UPDATE sbtest8 SET c='foobar' WHERE id=3474894
	Update on sbtest8  (cost=0.43..8.45 rows=0 width=0)
	  ->  Index Scan using sbtest8_pkey on sbtest8  (cost=0.43..8.45 rows=1 width=490)
	        Index Cond: (id = 3474894)

explain: for deletes :: explain DELETE FROM sbtest%u WHERE id=%u
explain: for deletes :: explain DELETE FROM sbtest%u WHERE id=%u
explain: for non_index_updates :: explain UPDATE sbtest%u SET c='foobar' WHERE id=%u
for non_index_updates
table 1 : explain UPDATE sbtest1 SET c='foobar' WHERE id=3901436
	Update on sbtest1  (cost=0.43..8.45 rows=0 width=0)
	  ->  Index Scan using sbtest1_pkey on sbtest1  (cost=0.43..8.45 rows=1 width=490)
	        Index Cond: (id = 3901436)

table 2 : explain UPDATE sbtest2 SET c='foobar' WHERE id=8898297
	Update on sbtest2  (cost=0.43..8.45 rows=0 width=0)
	  ->  Index Scan using sbtest2_pkey on sbtest2  (cost=0.43..8.45 rows=1 width=490)
	        Index Cond: (id = 8898297)

table 3 : explain UPDATE sbtest3 SET c='foobar' WHERE id=8730999
	Update on sbtest3  (cost=0.43..8.45 rows=0 width=0)
	  ->  Index Scan using sbtest3_pkey on sbtest3  (cost=0.43..8.45 rows=1 width=490)
	        Index Cond: (id = 8730999)

table 4 : explain UPDATE sbtest4 SET c='foobar' WHERE id=2855643
	Update on sbtest4  (cost=0.43..8.45 rows=0 width=0)
	  ->  Index Scan using sbtest4_pkey on sbtest4  (cost=0.43..8.45 rows=1 width=490)
	        Index Cond: (id = 2855643)

table 5 : explain UPDATE sbtest5 SET c='foobar' WHERE id=9513228
	Update on sbtest5  (cost=0.43..8.45 rows=0 width=0)
	  ->  Index Scan using sbtest5_pkey on sbtest5  (cost=0.43..8.45 rows=1 width=490)
	        Index Cond: (id = 9513228)

table 6 : explain UPDATE sbtest6 SET c='foobar' WHERE id=8983949
	Update on sbtest6  (cost=0.43..8.45 rows=0 width=0)
	  ->  Index Scan using sbtest6_pkey on sbtest6  (cost=0.43..8.45 rows=1 width=490)
	        Index Cond: (id = 8983949)

table 7 : explain UPDATE sbtest7 SET c='foobar' WHERE id=889577
	Update on sbtest7  (cost=0.43..8.45 rows=0 width=0)
	  ->  Index Scan using sbtest7_pkey on sbtest7  (cost=0.43..8.45 rows=1 width=490)
	        Index Cond: (id = 889577)

table 8 : explain UPDATE sbtest8 SET c='foobar' WHERE id=1441671
	Update on sbtest8  (cost=0.43..8.45 rows=0 width=0)
	  ->  Index Scan using sbtest8_pkey on sbtest8  (cost=0.43..8.45 rows=1 width=490)
	        Index Cond: (id = 1441671)

for inserts
table 1 : explain INSERT INTO sbtest1 (id, k, c, pad) VALUES (810540, 13, 'foobar', 'foobar')
	Insert on sbtest1  (cost=0.00..0.01 rows=0 width=0)
	  ->  Result  (cost=0.00..0.01 rows=1 width=736)

table 2 : explain INSERT INTO sbtest2 (id, k, c, pad) VALUES (2400804, 13, 'foobar', 'foobar')
	Insert on sbtest2  (cost=0.00..0.01 rows=0 width=0)
	  ->  Result  (cost=0.00..0.01 rows=1 width=736)

table 3 : explain INSERT INTO sbtest3 (id, k, c, pad) VALUES (311150, 13, 'foobar', 'foobar')
	Insert on sbtest3  (cost=0.00..0.01 rows=0 width=0)
	  ->  Result  (cost=0.00..0.01 rows=1 width=736)

table 4 : explain INSERT INTO sbtest4 (id, k, c, pad) VALUES (4661882, 13, 'foobar', 'foobar')
	Insert on sbtest4  (cost=0.00..0.01 rows=0 width=0)
	  ->  Result  (cost=0.00..0.01 rows=1 width=736)

table 5 : explain INSERT INTO sbtest5 (id, k, c, pad) VALUES (4377249, 13, 'foobar', 'foobar')
	Insert on sbtest5  (cost=0.00..0.01 rows=0 width=0)
	  ->  Result  (cost=0.00..0.01 rows=1 width=736)

table 6 : explain INSERT INTO sbtest6 (id, k, c, pad) VALUES (1336594, 13, 'foobar', 'foobar')
	Insert on sbtest6  (cost=0.00..0.01 rows=0 width=0)
	  ->  Result  (cost=0.00..0.01 rows=1 width=736)

table 7 : explain INSERT INTO sbtest7 (id, k, c, pad) VALUES (685558, 13, 'foobar', 'foobar')
	Insert on sbtest7  (cost=0.00..0.01 rows=0 width=0)
	  ->  Result  (cost=0.00..0.01 rows=1 width=736)

table 8 : explain INSERT INTO sbtest8 (id, k, c, pad) VALUES (9669884, 13, 'foobar', 'foobar')
	Insert on sbtest8  (cost=0.00..0.01 rows=0 width=0)
	  ->  Result  (cost=0.00..0.01 rows=1 width=736)

explain: for non_index_updates :: explain UPDATE sbtest%u SET c='foobar' WHERE id=%u
explain: for inserts :: explain INSERT INTO sbtest%u (id, k, c, pad) VALUES (%u, 13, 'foobar', 'foobar')
explain: for index_updates :: explain UPDATE sbtest%u SET k=k+1 WHERE id=%u
explain: for deletes :: explain DELETE FROM sbtest%u WHERE id=%u
explain: for deletes :: explain DELETE FROM sbtest%u WHERE id=%u
for: order_ranges
table 1 : explain SELECT c FROM sbtest1 WHERE id BETWEEN 8791379 AND 8791388 ORDER BY c
	Sort  (cost=40.91..40.94 rows=10 width=121)
	  Sort Key: c
	  ->  Index Scan using sbtest1_pkey on sbtest1  (cost=0.43..40.75 rows=10 width=121)
	        Index Cond: ((id >= 8791379) AND (id <= 8791388))

table 2 : explain SELECT c FROM sbtest2 WHERE id BETWEEN 6199492 AND 6199501 ORDER BY c
	Sort  (cost=40.75..40.78 rows=10 width=121)
	  Sort Key: c
	  ->  Index Scan using sbtest2_pkey on sbtest2  (cost=0.43..40.59 rows=10 width=121)
	        Index Cond: ((id >= 6199492) AND (id <= 6199501))

table 3 : explain SELECT c FROM sbtest3 WHERE id BETWEEN 934250 AND 934259 ORDER BY c
	Sort  (cost=40.56..40.58 rows=10 width=121)
	  Sort Key: c
	  ->  Index Scan using sbtest3_pkey on sbtest3  (cost=0.43..40.39 rows=10 width=121)
	        Index Cond: ((id >= 934250) AND (id <= 934259))

table 4 : explain SELECT c FROM sbtest4 WHERE id BETWEEN 6728747 AND 6728756 ORDER BY c
	Sort  (cost=40.42..40.44 rows=10 width=121)
	  Sort Key: c
	  ->  Index Scan using sbtest4_pkey on sbtest4  (cost=0.43..40.25 rows=10 width=121)
	        Index Cond: ((id >= 6728747) AND (id <= 6728756))

table 5 : explain SELECT c FROM sbtest5 WHERE id BETWEEN 478895 AND 478904 ORDER BY c
	Sort  (cost=44.12..44.14 rows=11 width=121)
	  Sort Key: c
	  ->  Index Scan using sbtest5_pkey on sbtest5  (cost=0.43..43.93 rows=11 width=121)
	        Index Cond: ((id >= 478895) AND (id <= 478904))

table 6 : explain SELECT c FROM sbtest6 WHERE id BETWEEN 8185362 AND 8185371 ORDER BY c
	Sort  (cost=40.89..40.92 rows=10 width=121)
	  Sort Key: c
	  ->  Index Scan using sbtest6_pkey on sbtest6  (cost=0.43..40.73 rows=10 width=121)
	        Index Cond: ((id >= 8185362) AND (id <= 8185371))

table 7 : explain SELECT c FROM sbtest7 WHERE id BETWEEN 764652 AND 764661 ORDER BY c
	Sort  (cost=40.20..40.22 rows=10 width=121)
	  Sort Key: c
	  ->  Index Scan using sbtest7_pkey on sbtest7  (cost=0.43..40.03 rows=10 width=121)
	        Index Cond: ((id >= 764652) AND (id <= 764661))

table 8 : explain SELECT c FROM sbtest8 WHERE id BETWEEN 8456879 AND 8456888 ORDER BY c
	Sort  (cost=40.63..40.65 rows=10 width=121)
	  Sort Key: c
	  ->  Index Scan using sbtest8_pkey on sbtest8  (cost=0.43..40.46 rows=10 width=121)
	        Index Cond: ((id >= 8456879) AND (id <= 8456888))

for non_index_updates
table 1 : explain UPDATE sbtest1 SET c='foobar' WHERE id=5962008
	Update on sbtest1  (cost=0.43..8.45 rows=0 width=0)
	  ->  Index Scan using sbtest1_pkey on sbtest1  (cost=0.43..8.45 rows=1 width=490)
	        Index Cond: (id = 5962008)

table 2 : explain UPDATE sbtest2 SET c='foobar' WHERE id=8980606
	Update on sbtest2  (cost=0.43..8.45 rows=0 width=0)
	  ->  Index Scan using sbtest2_pkey on sbtest2  (cost=0.43..8.45 rows=1 width=490)
	        Index Cond: (id = 8980606)

table 3 : explain UPDATE sbtest3 SET c='foobar' WHERE id=8921210
	Update on sbtest3  (cost=0.43..8.45 rows=0 width=0)
	  ->  Index Scan using sbtest3_pkey on sbtest3  (cost=0.43..8.45 rows=1 width=490)
	        Index Cond: (id = 8921210)

table 4 : explain UPDATE sbtest4 SET c='foobar' WHERE id=9701803
	Update on sbtest4  (cost=0.43..8.45 rows=0 width=0)
	  ->  Index Scan using sbtest4_pkey on sbtest4  (cost=0.43..8.45 rows=1 width=490)
	        Index Cond: (id = 9701803)

table 5 : explain UPDATE sbtest5 SET c='foobar' WHERE id=4895958
	Update on sbtest5  (cost=0.43..8.45 rows=0 width=0)
	  ->  Index Scan using sbtest5_pkey on sbtest5  (cost=0.43..8.45 rows=1 width=490)
	        Index Cond: (id = 4895958)

table 6 : explain UPDATE sbtest6 SET c='foobar' WHERE id=5237180
	Update on sbtest6  (cost=0.43..8.45 rows=0 width=0)
	  ->  Index Scan using sbtest6_pkey on sbtest6  (cost=0.43..8.45 rows=1 width=490)
	        Index Cond: (id = 5237180)

table 7 : explain UPDATE sbtest7 SET c='foobar' WHERE id=6172846
	Update on sbtest7  (cost=0.43..8.45 rows=0 width=0)
	  ->  Index Scan using sbtest7_pkey on sbtest7  (cost=0.43..8.45 rows=1 width=490)
	        Index Cond: (id = 6172846)

table 8 : explain UPDATE sbtest8 SET c='foobar' WHERE id=2263298
	Update on sbtest8  (cost=0.43..8.45 rows=0 width=0)
	  ->  Index Scan using sbtest8_pkey on sbtest8  (cost=0.43..8.45 rows=1 width=490)
	        Index Cond: (id = 2263298)

for inserts
table 1 : explain INSERT INTO sbtest1 (id, k, c, pad) VALUES (2877299, 13, 'foobar', 'foobar')
	Insert on sbtest1  (cost=0.00..0.01 rows=0 width=0)
	  ->  Result  (cost=0.00..0.01 rows=1 width=736)

table 2 : explain INSERT INTO sbtest2 (id, k, c, pad) VALUES (6892709, 13, 'foobar', 'foobar')
	Insert on sbtest2  (cost=0.00..0.01 rows=0 width=0)
	  ->  Result  (cost=0.00..0.01 rows=1 width=736)

table 3 : explain INSERT INTO sbtest3 (id, k, c, pad) VALUES (4420959, 13, 'foobar', 'foobar')
	Insert on sbtest3  (cost=0.00..0.01 rows=0 width=0)
	  ->  Result  (cost=0.00..0.01 rows=1 width=736)

table 4 : explain INSERT INTO sbtest4 (id, k, c, pad) VALUES (7359694, 13, 'foobar', 'foobar')
	Insert on sbtest4  (cost=0.00..0.01 rows=0 width=0)
	  ->  Result  (cost=0.00..0.01 rows=1 width=736)

table 5 : explain INSERT INTO sbtest5 (id, k, c, pad) VALUES (3401707, 13, 'foobar', 'foobar')
	Insert on sbtest5  (cost=0.00..0.01 rows=0 width=0)
	  ->  Result  (cost=0.00..0.01 rows=1 width=736)

table 6 : explain INSERT INTO sbtest6 (id, k, c, pad) VALUES (5963487, 13, 'foobar', 'foobar')
	Insert on sbtest6  (cost=0.00..0.01 rows=0 width=0)
	  ->  Result  (cost=0.00..0.01 rows=1 width=736)

table 7 : explain INSERT INTO sbtest7 (id, k, c, pad) VALUES (5832782, 13, 'foobar', 'foobar')
	Insert on sbtest7  (cost=0.00..0.01 rows=0 width=0)
	  ->  Result  (cost=0.00..0.01 rows=1 width=736)

table 8 : explain INSERT INTO sbtest8 (id, k, c, pad) VALUES (5083061, 13, 'foobar', 'foobar')
	Insert on sbtest8  (cost=0.00..0.01 rows=0 width=0)
	  ->  Result  (cost=0.00..0.01 rows=1 width=736)

for deletes
table 1 : explain DELETE FROM sbtest1 WHERE id=6907749
	Delete on sbtest1  (cost=0.43..8.45 rows=0 width=0)
	  ->  Index Scan using sbtest1_pkey on sbtest1  (cost=0.43..8.45 rows=1 width=6)
	        Index Cond: (id = 6907749)

table 2 : explain DELETE FROM sbtest2 WHERE id=2808407
	Delete on sbtest2  (cost=0.43..8.45 rows=0 width=0)
	  ->  Index Scan using sbtest2_pkey on sbtest2  (cost=0.43..8.45 rows=1 width=6)
	        Index Cond: (id = 2808407)

table 3 : explain DELETE FROM sbtest3 WHERE id=939036
	Delete on sbtest3  (cost=0.43..8.45 rows=0 width=0)
	  ->  Index Scan using sbtest3_pkey on sbtest3  (cost=0.43..8.45 rows=1 width=6)
	        Index Cond: (id = 939036)

table 4 : explain DELETE FROM sbtest4 WHERE id=7174532
	Delete on sbtest4  (cost=0.43..8.45 rows=0 width=0)
	  ->  Index Scan using sbtest4_pkey on sbtest4  (cost=0.43..8.45 rows=1 width=6)
	        Index Cond: (id = 7174532)

table 5 : explain DELETE FROM sbtest5 WHERE id=6779790
	Delete on sbtest5  (cost=0.43..8.45 rows=0 width=0)
	  ->  Index Scan using sbtest5_pkey on sbtest5  (cost=0.43..8.45 rows=1 width=6)
	        Index Cond: (id = 6779790)

table 6 : explain DELETE FROM sbtest6 WHERE id=5535334
	Delete on sbtest6  (cost=0.43..8.45 rows=0 width=0)
	  ->  Index Scan using sbtest6_pkey on sbtest6  (cost=0.43..8.45 rows=1 width=6)
	        Index Cond: (id = 5535334)

table 7 : explain DELETE FROM sbtest7 WHERE id=6593077
	Delete on sbtest7  (cost=0.43..8.45 rows=0 width=0)
	  ->  Index Scan using sbtest7_pkey on sbtest7  (cost=0.43..8.45 rows=1 width=6)
	        Index Cond: (id = 6593077)

table 8 : explain DELETE FROM sbtest8 WHERE id=7037247
	Delete on sbtest8  (cost=0.43..8.45 rows=0 width=0)
	  ->  Index Scan using sbtest8_pkey on sbtest8  (cost=0.43..8.45 rows=1 width=6)
	        Index Cond: (id = 7037247)

explain: for deletes :: explain DELETE FROM sbtest%u WHERE id=%u
for inserts
table 1 : explain INSERT INTO sbtest1 (id, k, c, pad) VALUES (1324489, 13, 'foobar', 'foobar')
	Insert on sbtest1  (cost=0.00..0.01 rows=0 width=0)
	  ->  Result  (cost=0.00..0.01 rows=1 width=736)

table 2 : explain INSERT INTO sbtest2 (id, k, c, pad) VALUES (8326379, 13, 'foobar', 'foobar')
	Insert on sbtest2  (cost=0.00..0.01 rows=0 width=0)
	  ->  Result  (cost=0.00..0.01 rows=1 width=736)

table 3 : explain INSERT INTO sbtest3 (id, k, c, pad) VALUES (1045689, 13, 'foobar', 'foobar')
	Insert on sbtest3  (cost=0.00..0.01 rows=0 width=0)
	  ->  Result  (cost=0.00..0.01 rows=1 width=736)

table 4 : explain INSERT INTO sbtest4 (id, k, c, pad) VALUES (6771737, 13, 'foobar', 'foobar')
	Insert on sbtest4  (cost=0.00..0.01 rows=0 width=0)
	  ->  Result  (cost=0.00..0.01 rows=1 width=736)

table 5 : explain INSERT INTO sbtest5 (id, k, c, pad) VALUES (2415796, 13, 'foobar', 'foobar')
	Insert on sbtest5  (cost=0.00..0.01 rows=0 width=0)
	  ->  Result  (cost=0.00..0.01 rows=1 width=736)

table 6 : explain INSERT INTO sbtest6 (id, k, c, pad) VALUES (7724265, 13, 'foobar', 'foobar')
	Insert on sbtest6  (cost=0.00..0.01 rows=0 width=0)
	  ->  Result  (cost=0.00..0.01 rows=1 width=736)

table 7 : explain INSERT INTO sbtest7 (id, k, c, pad) VALUES (9517425, 13, 'foobar', 'foobar')
	Insert on sbtest7  (cost=0.00..0.01 rows=0 width=0)
	  ->  Result  (cost=0.00..0.01 rows=1 width=736)

table 8 : explain INSERT INTO sbtest8 (id, k, c, pad) VALUES (2432413, 13, 'foobar', 'foobar')
	Insert on sbtest8  (cost=0.00..0.01 rows=0 width=0)
	  ->  Result  (cost=0.00..0.01 rows=1 width=736)

for: simple_ranges
table 1 : explain SELECT c FROM sbtest1 WHERE id BETWEEN 3180040 AND 3180049
	Index Scan using sbtest1_pkey on sbtest1  (cost=0.43..44.33 rows=11 width=121)
	  Index Cond: ((id >= 3180040) AND (id <= 3180049))

table 2 : explain SELECT c FROM sbtest2 WHERE id BETWEEN 3445122 AND 3445131
	Index Scan using sbtest2_pkey on sbtest2  (cost=0.43..37.02 rows=9 width=121)
	  Index Cond: ((id >= 3445122) AND (id <= 3445131))

table 3 : explain SELECT c FROM sbtest3 WHERE id BETWEEN 8459567 AND 8459576
	Index Scan using sbtest3_pkey on sbtest3  (cost=0.43..40.39 rows=10 width=121)
	  Index Cond: ((id >= 8459567) AND (id <= 8459576))

table 4 : explain SELECT c FROM sbtest4 WHERE id BETWEEN 4581792 AND 4581801
	Index Scan using sbtest4_pkey on sbtest4  (cost=0.43..40.25 rows=10 width=121)
	  Index Cond: ((id >= 4581792) AND (id <= 4581801))

table 5 : explain SELECT c FROM sbtest5 WHERE id BETWEEN 1298801 AND 1298810
	Index Scan using sbtest5_pkey on sbtest5  (cost=0.43..36.83 rows=9 width=121)
	  Index Cond: ((id >= 1298801) AND (id <= 1298810))

table 6 : explain SELECT c FROM sbtest6 WHERE id BETWEEN 2166779 AND 2166788
	Index Scan using sbtest6_pkey on sbtest6  (cost=0.43..37.14 rows=9 width=121)
	  Index Cond: ((id >= 2166779) AND (id <= 2166788))

table 7 : explain SELECT c FROM sbtest7 WHERE id BETWEEN 6588992 AND 6589001
	Index Scan using sbtest7_pkey on sbtest7  (cost=0.43..40.03 rows=10 width=121)
	  Index Cond: ((id >= 6588992) AND (id <= 6589001))

table 8 : explain SELECT c FROM sbtest8 WHERE id BETWEEN 4348450 AND 4348459
	Index Scan using sbtest8_pkey on sbtest8  (cost=0.43..40.46 rows=10 width=121)
	  Index Cond: ((id >= 4348450) AND (id <= 4348459))

for: sum_ranges
table 1 : explain SELECT SUM(k) FROM sbtest1 WHERE id BETWEEN 2817159 AND 2817168
	Aggregate  (cost=37.18..37.19 rows=1 width=8)
	  ->  Index Scan using sbtest1_pkey on sbtest1  (cost=0.43..37.16 rows=9 width=4)
	        Index Cond: ((id >= 2817159) AND (id <= 2817168))

table 2 : explain SELECT SUM(k) FROM sbtest2 WHERE id BETWEEN 4204043 AND 4204052
	Aggregate  (cost=40.61..40.62 rows=1 width=8)
	  ->  Index Scan using sbtest2_pkey on sbtest2  (cost=0.43..40.59 rows=10 width=4)
	        Index Cond: ((id >= 4204043) AND (id <= 4204052))

table 3 : explain SELECT SUM(k) FROM sbtest3 WHERE id BETWEEN 3463290 AND 3463299
	Aggregate  (cost=43.97..43.98 rows=1 width=8)
	  ->  Index Scan using sbtest3_pkey on sbtest3  (cost=0.43..43.94 rows=11 width=4)
	        Index Cond: ((id >= 3463290) AND (id <= 3463299))

table 4 : explain SELECT SUM(k) FROM sbtest4 WHERE id BETWEEN 4939963 AND 4939972
	Aggregate  (cost=43.81..43.82 rows=1 width=8)
	  ->  Index Scan using sbtest4_pkey on sbtest4  (cost=0.43..43.78 rows=11 width=4)
	        Index Cond: ((id >= 4939963) AND (id <= 4939972))

table 5 : explain SELECT SUM(k) FROM sbtest5 WHERE id BETWEEN 2724390 AND 2724399
	Aggregate  (cost=40.40..40.41 rows=1 width=8)
	  ->  Index Scan using sbtest5_pkey on sbtest5  (cost=0.43..40.38 rows=10 width=4)
	        Index Cond: ((id >= 2724390) AND (id <= 2724399))

table 6 : explain SELECT SUM(k) FROM sbtest6 WHERE id BETWEEN 389690 AND 389699
	Aggregate  (cost=44.34..44.35 rows=1 width=8)
	  ->  Index Scan using sbtest6_pkey on sbtest6  (cost=0.43..44.31 rows=11 width=4)
	        Index Cond: ((id >= 389690) AND (id <= 389699))

table 7 : explain SELECT SUM(k) FROM sbtest7 WHERE id BETWEEN 8122246 AND 8122255
	Aggregate  (cost=40.06..40.07 rows=1 width=8)
	  ->  Index Scan using sbtest7_pkey on sbtest7  (cost=0.43..40.03 rows=10 width=4)
	        Index Cond: ((id >= 8122246) AND (id <= 8122255))

table 8 : explain SELECT SUM(k) FROM sbtest8 WHERE id BETWEEN 8838659 AND 8838668
	Aggregate  (cost=40.49..40.50 rows=1 width=8)
	  ->  Index Scan using sbtest8_pkey on sbtest8  (cost=0.43..40.46 rows=10 width=4)
	        Index Cond: ((id >= 8838659) AND (id <= 8838668))

for deletes
table 1 : explain DELETE FROM sbtest1 WHERE id=7189218
	Delete on sbtest1  (cost=0.43..8.45 rows=0 width=0)
	  ->  Index Scan using sbtest1_pkey on sbtest1  (cost=0.43..8.45 rows=1 width=6)
	        Index Cond: (id = 7189218)

table 2 : explain DELETE FROM sbtest2 WHERE id=2765882
	Delete on sbtest2  (cost=0.43..8.45 rows=0 width=0)
	  ->  Index Scan using sbtest2_pkey on sbtest2  (cost=0.43..8.45 rows=1 width=6)
	        Index Cond: (id = 2765882)

table 3 : explain DELETE FROM sbtest3 WHERE id=4923276
	Delete on sbtest3  (cost=0.43..8.45 rows=0 width=0)
	  ->  Index Scan using sbtest3_pkey on sbtest3  (cost=0.43..8.45 rows=1 width=6)
	        Index Cond: (id = 4923276)

table 4 : explain DELETE FROM sbtest4 WHERE id=3065398
	Delete on sbtest4  (cost=0.43..8.45 rows=0 width=0)
	  ->  Index Scan using sbtest4_pkey on sbtest4  (cost=0.43..8.45 rows=1 width=6)
	        Index Cond: (id = 3065398)

table 5 : explain DELETE FROM sbtest5 WHERE id=6749421
	Delete on sbtest5  (cost=0.43..8.45 rows=0 width=0)
	  ->  Index Scan using sbtest5_pkey on sbtest5  (cost=0.43..8.45 rows=1 width=6)
	        Index Cond: (id = 6749421)

table 6 : explain DELETE FROM sbtest6 WHERE id=490963
	Delete on sbtest6  (cost=0.43..8.45 rows=0 width=0)
	  ->  Index Scan using sbtest6_pkey on sbtest6  (cost=0.43..8.45 rows=1 width=6)
	        Index Cond: (id = 490963)

table 7 : explain DELETE FROM sbtest7 WHERE id=38139
	Delete on sbtest7  (cost=0.43..8.45 rows=0 width=0)
	  ->  Index Scan using sbtest7_pkey on sbtest7  (cost=0.43..8.45 rows=1 width=6)
	        Index Cond: (id = 38139)

table 8 : explain DELETE FROM sbtest8 WHERE id=5153881
	Delete on sbtest8  (cost=0.43..8.45 rows=0 width=0)
	  ->  Index Scan using sbtest8_pkey on sbtest8  (cost=0.43..8.45 rows=1 width=6)
	        Index Cond: (id = 5153881)

for deletes
table 1 : explain DELETE FROM sbtest1 WHERE id=8464288
	Delete on sbtest1  (cost=0.43..8.45 rows=0 width=0)
	  ->  Index Scan using sbtest1_pkey on sbtest1  (cost=0.43..8.45 rows=1 width=6)
	        Index Cond: (id = 8464288)

table 2 : explain DELETE FROM sbtest2 WHERE id=7753323
	Delete on sbtest2  (cost=0.43..8.45 rows=0 width=0)
	  ->  Index Scan using sbtest2_pkey on sbtest2  (cost=0.43..8.45 rows=1 width=6)
	        Index Cond: (id = 7753323)

table 3 : explain DELETE FROM sbtest3 WHERE id=8597445
	Delete on sbtest3  (cost=0.43..8.45 rows=0 width=0)
	  ->  Index Scan using sbtest3_pkey on sbtest3  (cost=0.43..8.45 rows=1 width=6)
	        Index Cond: (id = 8597445)

table 4 : explain DELETE FROM sbtest4 WHERE id=584832
	Delete on sbtest4  (cost=0.43..8.45 rows=0 width=0)
	  ->  Index Scan using sbtest4_pkey on sbtest4  (cost=0.43..8.45 rows=1 width=6)
	        Index Cond: (id = 584832)

table 5 : explain DELETE FROM sbtest5 WHERE id=6978310
	Delete on sbtest5  (cost=0.43..8.45 rows=0 width=0)
	  ->  Index Scan using sbtest5_pkey on sbtest5  (cost=0.43..8.45 rows=1 width=6)
	        Index Cond: (id = 6978310)

table 6 : explain DELETE FROM sbtest6 WHERE id=8931517
	Delete on sbtest6  (cost=0.43..8.45 rows=0 width=0)
	  ->  Index Scan using sbtest6_pkey on sbtest6  (cost=0.43..8.45 rows=1 width=6)
	        Index Cond: (id = 8931517)

table 7 : explain DELETE FROM sbtest7 WHERE id=8936456
	Delete on sbtest7  (cost=0.43..8.45 rows=0 width=0)
	  ->  Index Scan using sbtest7_pkey on sbtest7  (cost=0.43..8.45 rows=1 width=6)
	        Index Cond: (id = 8936456)

table 8 : explain DELETE FROM sbtest8 WHERE id=4212929
	Delete on sbtest8  (cost=0.43..8.45 rows=0 width=0)
	  ->  Index Scan using sbtest8_pkey on sbtest8  (cost=0.43..8.45 rows=1 width=6)
	        Index Cond: (id = 4212929)

for: distinct_ranges
table 1 : explain SELECT DISTINCT c FROM sbtest1 WHERE id BETWEEN 783804 AND 783813 ORDER BY c
	Unique  (cost=40.91..40.96 rows=10 width=121)
	  ->  Sort  (cost=40.91..40.94 rows=10 width=121)
	        Sort Key: c
	        ->  Index Scan using sbtest1_pkey on sbtest1  (cost=0.43..40.75 rows=10 width=121)
	              Index Cond: ((id >= 783804) AND (id <= 783813))

table 2 : explain SELECT DISTINCT c FROM sbtest2 WHERE id BETWEEN 3329422 AND 3329431 ORDER BY c
	Unique  (cost=40.75..40.80 rows=10 width=121)
	  ->  Sort  (cost=40.75..40.78 rows=10 width=121)
	        Sort Key: c
	        ->  Index Scan using sbtest2_pkey on sbtest2  (cost=0.43..40.59 rows=10 width=121)
	              Index Cond: ((id >= 3329422) AND (id <= 3329431))

table 3 : explain SELECT DISTINCT c FROM sbtest3 WHERE id BETWEEN 2612684 AND 2612693 ORDER BY c
	Unique  (cost=36.99..37.03 rows=9 width=121)
	  ->  Sort  (cost=36.99..37.01 rows=9 width=121)
	        Sort Key: c
	        ->  Index Scan using sbtest3_pkey on sbtest3  (cost=0.43..36.84 rows=9 width=121)
	              Index Cond: ((id >= 2612684) AND (id <= 2612693))

table 4 : explain SELECT DISTINCT c FROM sbtest4 WHERE id BETWEEN 1802636 AND 1802645 ORDER BY c
	Unique  (cost=40.42..40.47 rows=10 width=121)
	  ->  Sort  (cost=40.42..40.44 rows=10 width=121)
	        Sort Key: c
	        ->  Index Scan using sbtest4_pkey on sbtest4  (cost=0.43..40.25 rows=10 width=121)
	              Index Cond: ((id >= 1802636) AND (id <= 1802645))

table 5 : explain SELECT DISTINCT c FROM sbtest5 WHERE id BETWEEN 3311319 AND 3311328 ORDER BY c
	Unique  (cost=40.55..40.60 rows=10 width=121)
	  ->  Sort  (cost=40.55..40.57 rows=10 width=121)
	        Sort Key: c
	        ->  Index Scan using sbtest5_pkey on sbtest5  (cost=0.43..40.38 rows=10 width=121)
	              Index Cond: ((id >= 3311319) AND (id <= 3311328))

table 6 : explain SELECT DISTINCT c FROM sbtest6 WHERE id BETWEEN 1545557 AND 1545566 ORDER BY c
	Unique  (cost=40.89..40.94 rows=10 width=121)
	  ->  Sort  (cost=40.89..40.92 rows=10 width=121)
	        Sort Key: c
	        ->  Index Scan using sbtest6_pkey on sbtest6  (cost=0.43..40.73 rows=10 width=121)
	              Index Cond: ((id >= 1545557) AND (id <= 1545566))

table 7 : explain SELECT DISTINCT c FROM sbtest7 WHERE id BETWEEN 6714376 AND 6714385 ORDER BY c
	Unique  (cost=40.20..40.25 rows=10 width=121)
	  ->  Sort  (cost=40.20..40.22 rows=10 width=121)
	        Sort Key: c
	        ->  Index Scan using sbtest7_pkey on sbtest7  (cost=0.43..40.03 rows=10 width=121)
	              Index Cond: ((id >= 6714376) AND (id <= 6714385))

table 8 : explain SELECT DISTINCT c FROM sbtest8 WHERE id BETWEEN 8988334 AND 8988343 ORDER BY c
	Unique  (cost=40.63..40.68 rows=10 width=121)
	  ->  Sort  (cost=40.63..40.65 rows=10 width=121)
	        Sort Key: c
	        ->  Index Scan using sbtest8_pkey on sbtest8  (cost=0.43..40.46 rows=10 width=121)
	              Index Cond: ((id >= 8988334) AND (id <= 8988343))

for index_updates
table 1 : explain UPDATE sbtest1 SET k=k+1 WHERE id=2644470
	Update on sbtest1  (cost=0.43..8.46 rows=0 width=0)
	  ->  Index Scan using sbtest1_pkey on sbtest1  (cost=0.43..8.46 rows=1 width=10)
	        Index Cond: (id = 2644470)

table 2 : explain UPDATE sbtest2 SET k=k+1 WHERE id=4234671
	Update on sbtest2  (cost=0.43..8.46 rows=0 width=0)
	  ->  Index Scan using sbtest2_pkey on sbtest2  (cost=0.43..8.46 rows=1 width=10)
	        Index Cond: (id = 4234671)

table 3 : explain UPDATE sbtest3 SET k=k+1 WHERE id=9590473
	Update on sbtest3  (cost=0.43..8.46 rows=0 width=0)
	  ->  Index Scan using sbtest3_pkey on sbtest3  (cost=0.43..8.46 rows=1 width=10)
	        Index Cond: (id = 9590473)

table 4 : explain UPDATE sbtest4 SET k=k+1 WHERE id=9574585
	Update on sbtest4  (cost=0.43..8.46 rows=0 width=0)
	  ->  Index Scan using sbtest4_pkey on sbtest4  (cost=0.43..8.46 rows=1 width=10)
	        Index Cond: (id = 9574585)

table 5 : explain UPDATE sbtest5 SET k=k+1 WHERE id=2814176
	Update on sbtest5  (cost=0.43..8.46 rows=0 width=0)
	  ->  Index Scan using sbtest5_pkey on sbtest5  (cost=0.43..8.46 rows=1 width=10)
	        Index Cond: (id = 2814176)

table 6 : explain UPDATE sbtest6 SET k=k+1 WHERE id=3297331
	Update on sbtest6  (cost=0.43..8.46 rows=0 width=0)
	  ->  Index Scan using sbtest6_pkey on sbtest6  (cost=0.43..8.46 rows=1 width=10)
	        Index Cond: (id = 3297331)

table 7 : explain UPDATE sbtest7 SET k=k+1 WHERE id=1098531
	Update on sbtest7  (cost=0.43..8.46 rows=0 width=0)
	  ->  Index Scan using sbtest7_pkey on sbtest7  (cost=0.43..8.46 rows=1 width=10)
	        Index Cond: (id = 1098531)

table 8 : explain UPDATE sbtest8 SET k=k+1 WHERE id=2416484
	Update on sbtest8  (cost=0.43..8.46 rows=0 width=0)
	  ->  Index Scan using sbtest8_pkey on sbtest8  (cost=0.43..8.46 rows=1 width=10)
	        Index Cond: (id = 2416484)

for non_index_updates
table 1 : explain UPDATE sbtest1 SET c='foobar' WHERE id=1273327
	Update on sbtest1  (cost=0.43..8.45 rows=0 width=0)
	  ->  Index Scan using sbtest1_pkey on sbtest1  (cost=0.43..8.45 rows=1 width=490)
	        Index Cond: (id = 1273327)

table 2 : explain UPDATE sbtest2 SET c='foobar' WHERE id=174181
	Update on sbtest2  (cost=0.43..8.45 rows=0 width=0)
	  ->  Index Scan using sbtest2_pkey on sbtest2  (cost=0.43..8.45 rows=1 width=490)
	        Index Cond: (id = 174181)

table 3 : explain UPDATE sbtest3 SET c='foobar' WHERE id=2092523
	Update on sbtest3  (cost=0.43..8.45 rows=0 width=0)
	  ->  Index Scan using sbtest3_pkey on sbtest3  (cost=0.43..8.45 rows=1 width=490)
	        Index Cond: (id = 2092523)

table 4 : explain UPDATE sbtest4 SET c='foobar' WHERE id=3220979
	Update on sbtest4  (cost=0.43..8.45 rows=0 width=0)
	  ->  Index Scan using sbtest4_pkey on sbtest4  (cost=0.43..8.45 rows=1 width=490)
	        Index Cond: (id = 3220979)

table 5 : explain UPDATE sbtest5 SET c='foobar' WHERE id=3247198
	Update on sbtest5  (cost=0.43..8.45 rows=0 width=0)
	  ->  Index Scan using sbtest5_pkey on sbtest5  (cost=0.43..8.45 rows=1 width=490)
	        Index Cond: (id = 3247198)

table 6 : explain UPDATE sbtest6 SET c='foobar' WHERE id=989264
	Update on sbtest6  (cost=0.43..8.45 rows=0 width=0)
	  ->  Index Scan using sbtest6_pkey on sbtest6  (cost=0.43..8.45 rows=1 width=490)
	        Index Cond: (id = 989264)

table 7 : explain UPDATE sbtest7 SET c='foobar' WHERE id=1098441
	Update on sbtest7  (cost=0.43..8.45 rows=0 width=0)
	  ->  Index Scan using sbtest7_pkey on sbtest7  (cost=0.43..8.45 rows=1 width=490)
	        Index Cond: (id = 1098441)

table 8 : explain UPDATE sbtest8 SET c='foobar' WHERE id=7586117
	Update on sbtest8  (cost=0.43..8.45 rows=0 width=0)
	  ->  Index Scan using sbtest8_pkey on sbtest8  (cost=0.43..8.45 rows=1 width=490)
	        Index Cond: (id = 7586117)

for deletes
table 1 : explain DELETE FROM sbtest1 WHERE id=1958164
	Delete on sbtest1  (cost=0.43..8.45 rows=0 width=0)
	  ->  Index Scan using sbtest1_pkey on sbtest1  (cost=0.43..8.45 rows=1 width=6)
	        Index Cond: (id = 1958164)

table 2 : explain DELETE FROM sbtest2 WHERE id=8358735
	Delete on sbtest2  (cost=0.43..8.45 rows=0 width=0)
	  ->  Index Scan using sbtest2_pkey on sbtest2  (cost=0.43..8.45 rows=1 width=6)
	        Index Cond: (id = 8358735)

table 3 : explain DELETE FROM sbtest3 WHERE id=3745837
	Delete on sbtest3  (cost=0.43..8.45 rows=0 width=0)
	  ->  Index Scan using sbtest3_pkey on sbtest3  (cost=0.43..8.45 rows=1 width=6)
	        Index Cond: (id = 3745837)

table 4 : explain DELETE FROM sbtest4 WHERE id=5256388
	Delete on sbtest4  (cost=0.43..8.45 rows=0 width=0)
	  ->  Index Scan using sbtest4_pkey on sbtest4  (cost=0.43..8.45 rows=1 width=6)
	        Index Cond: (id = 5256388)

table 5 : explain DELETE FROM sbtest5 WHERE id=5561693
	Delete on sbtest5  (cost=0.43..8.45 rows=0 width=0)
	  ->  Index Scan using sbtest5_pkey on sbtest5  (cost=0.43..8.45 rows=1 width=6)
	        Index Cond: (id = 5561693)

table 6 : explain DELETE FROM sbtest6 WHERE id=3048602
	Delete on sbtest6  (cost=0.43..8.45 rows=0 width=0)
	  ->  Index Scan using sbtest6_pkey on sbtest6  (cost=0.43..8.45 rows=1 width=6)
	        Index Cond: (id = 3048602)

table 7 : explain DELETE FROM sbtest7 WHERE id=8941418
	Delete on sbtest7  (cost=0.43..8.45 rows=0 width=0)
	  ->  Index Scan using sbtest7_pkey on sbtest7  (cost=0.43..8.45 rows=1 width=6)
	        Index Cond: (id = 8941418)

table 8 : explain DELETE FROM sbtest8 WHERE id=8898577
	Delete on sbtest8  (cost=0.43..8.45 rows=0 width=0)
	  ->  Index Scan using sbtest8_pkey on sbtest8  (cost=0.43..8.45 rows=1 width=6)
	        Index Cond: (id = 8898577)

for non_index_updates
table 1 : explain UPDATE sbtest1 SET c='foobar' WHERE id=583622
	Update on sbtest1  (cost=0.43..8.45 rows=0 width=0)
	  ->  Index Scan using sbtest1_pkey on sbtest1  (cost=0.43..8.45 rows=1 width=490)
	        Index Cond: (id = 583622)

table 2 : explain UPDATE sbtest2 SET c='foobar' WHERE id=4838517
	Update on sbtest2  (cost=0.43..8.45 rows=0 width=0)
	  ->  Index Scan using sbtest2_pkey on sbtest2  (cost=0.43..8.45 rows=1 width=490)
	        Index Cond: (id = 4838517)

table 3 : explain UPDATE sbtest3 SET c='foobar' WHERE id=5782767
	Update on sbtest3  (cost=0.43..8.45 rows=0 width=0)
	  ->  Index Scan using sbtest3_pkey on sbtest3  (cost=0.43..8.45 rows=1 width=490)
	        Index Cond: (id = 5782767)

table 4 : explain UPDATE sbtest4 SET c='foobar' WHERE id=212902
	Update on sbtest4  (cost=0.43..8.45 rows=0 width=0)
	  ->  Index Scan using sbtest4_pkey on sbtest4  (cost=0.43..8.45 rows=1 width=490)
	        Index Cond: (id = 212902)

table 5 : explain UPDATE sbtest5 SET c='foobar' WHERE id=7507097
	Update on sbtest5  (cost=0.43..8.45 rows=0 width=0)
	  ->  Index Scan using sbtest5_pkey on sbtest5  (cost=0.43..8.45 rows=1 width=490)
	        Index Cond: (id = 7507097)

table 6 : explain UPDATE sbtest6 SET c='foobar' WHERE id=5699772
	Update on sbtest6  (cost=0.43..8.45 rows=0 width=0)
	  ->  Index Scan using sbtest6_pkey on sbtest6  (cost=0.43..8.45 rows=1 width=490)
	        Index Cond: (id = 5699772)

table 7 : explain UPDATE sbtest7 SET c='foobar' WHERE id=8820352
	Update on sbtest7  (cost=0.43..8.45 rows=0 width=0)
	  ->  Index Scan using sbtest7_pkey on sbtest7  (cost=0.43..8.45 rows=1 width=490)
	        Index Cond: (id = 8820352)

table 8 : explain UPDATE sbtest8 SET c='foobar' WHERE id=7919580
	Update on sbtest8  (cost=0.43..8.45 rows=0 width=0)
	  ->  Index Scan using sbtest8_pkey on sbtest8  (cost=0.43..8.45 rows=1 width=490)
	        Index Cond: (id = 7919580)

explain: for inserts :: explain INSERT INTO sbtest%u (id, k, c, pad) VALUES (%u, 13, 'foobar', 'foobar')
explain: for inserts :: explain INSERT INTO sbtest%u (id, k, c, pad) VALUES (%u, 13, 'foobar', 'foobar')
explain: for non_index_updates :: explain UPDATE sbtest%u SET c='foobar' WHERE id=%u
explain: for deletes :: explain DELETE FROM sbtest%u WHERE id=%u
explain: for inserts :: explain INSERT INTO sbtest%u (id, k, c, pad) VALUES (%u, 13, 'foobar', 'foobar')
for inserts
table 1 : explain INSERT INTO sbtest1 (id, k, c, pad) VALUES (7690624, 13, 'foobar', 'foobar')
	Insert on sbtest1  (cost=0.00..0.01 rows=0 width=0)
	  ->  Result  (cost=0.00..0.01 rows=1 width=736)

table 2 : explain INSERT INTO sbtest2 (id, k, c, pad) VALUES (3250317, 13, 'foobar', 'foobar')
	Insert on sbtest2  (cost=0.00..0.01 rows=0 width=0)
	  ->  Result  (cost=0.00..0.01 rows=1 width=736)

table 3 : explain INSERT INTO sbtest3 (id, k, c, pad) VALUES (8914496, 13, 'foobar', 'foobar')
	Insert on sbtest3  (cost=0.00..0.01 rows=0 width=0)
	  ->  Result  (cost=0.00..0.01 rows=1 width=736)

table 4 : explain INSERT INTO sbtest4 (id, k, c, pad) VALUES (5530327, 13, 'foobar', 'foobar')
	Insert on sbtest4  (cost=0.00..0.01 rows=0 width=0)
	  ->  Result  (cost=0.00..0.01 rows=1 width=736)

table 5 : explain INSERT INTO sbtest5 (id, k, c, pad) VALUES (4592120, 13, 'foobar', 'foobar')
	Insert on sbtest5  (cost=0.00..0.01 rows=0 width=0)
	  ->  Result  (cost=0.00..0.01 rows=1 width=736)

table 6 : explain INSERT INTO sbtest6 (id, k, c, pad) VALUES (6395338, 13, 'foobar', 'foobar')
	Insert on sbtest6  (cost=0.00..0.01 rows=0 width=0)
	  ->  Result  (cost=0.00..0.01 rows=1 width=736)

table 7 : explain INSERT INTO sbtest7 (id, k, c, pad) VALUES (6540955, 13, 'foobar', 'foobar')
	Insert on sbtest7  (cost=0.00..0.01 rows=0 width=0)
	  ->  Result  (cost=0.00..0.01 rows=1 width=736)

table 8 : explain INSERT INTO sbtest8 (id, k, c, pad) VALUES (8584858, 13, 'foobar', 'foobar')
	Insert on sbtest8  (cost=0.00..0.01 rows=0 width=0)
	  ->  Result  (cost=0.00..0.01 rows=1 width=736)

explain: for deletes :: explain DELETE FROM sbtest%u WHERE id=%u
for: distinct_ranges
table 1 : explain SELECT DISTINCT c FROM sbtest1 WHERE id BETWEEN 2714593 AND 2714602 ORDER BY c
	Unique  (cost=40.91..40.96 rows=10 width=121)
	  ->  Sort  (cost=40.91..40.94 rows=10 width=121)
	        Sort Key: c
	        ->  Index Scan using sbtest1_pkey on sbtest1  (cost=0.43..40.75 rows=10 width=121)
	              Index Cond: ((id >= 2714593) AND (id <= 2714602))

table 2 : explain SELECT DISTINCT c FROM sbtest2 WHERE id BETWEEN 4248331 AND 4248340 ORDER BY c
	Unique  (cost=40.75..40.80 rows=10 width=121)
	  ->  Sort  (cost=40.75..40.78 rows=10 width=121)
	        Sort Key: c
	        ->  Index Scan using sbtest2_pkey on sbtest2  (cost=0.43..40.59 rows=10 width=121)
	              Index Cond: ((id >= 4248331) AND (id <= 4248340))

table 3 : explain SELECT DISTINCT c FROM sbtest3 WHERE id BETWEEN 404281 AND 404290 ORDER BY c
	Unique  (cost=40.56..40.61 rows=10 width=121)
	  ->  Sort  (cost=40.56..40.58 rows=10 width=121)
	        Sort Key: c
	        ->  Index Scan using sbtest3_pkey on sbtest3  (cost=0.43..40.39 rows=10 width=121)
	              Index Cond: ((id >= 404281) AND (id <= 404290))

table 4 : explain SELECT DISTINCT c FROM sbtest4 WHERE id BETWEEN 7401323 AND 7401332 ORDER BY c
	Unique  (cost=40.42..40.47 rows=10 width=121)
	  ->  Sort  (cost=40.42..40.44 rows=10 width=121)
	        Sort Key: c
	        ->  Index Scan using sbtest4_pkey on sbtest4  (cost=0.43..40.25 rows=10 width=121)
	              Index Cond: ((id >= 7401323) AND (id <= 7401332))

table 5 : explain SELECT DISTINCT c FROM sbtest5 WHERE id BETWEEN 22809 AND 22818 ORDER BY c
	Unique  (cost=40.55..40.60 rows=10 width=121)
	  ->  Sort  (cost=40.55..40.57 rows=10 width=121)
	        Sort Key: c
	        ->  Index Scan using sbtest5_pkey on sbtest5  (cost=0.43..40.38 rows=10 width=121)
	              Index Cond: ((id >= 22809) AND (id <= 22818))

table 6 : explain SELECT DISTINCT c FROM sbtest6 WHERE id BETWEEN 4471726 AND 4471735 ORDER BY c
	Unique  (cost=40.89..40.94 rows=10 width=121)
	  ->  Sort  (cost=40.89..40.92 rows=10 width=121)
	        Sort Key: c
	        ->  Index Scan using sbtest6_pkey on sbtest6  (cost=0.43..40.73 rows=10 width=121)
	              Index Cond: ((id >= 4471726) AND (id <= 4471735))

table 7 : explain SELECT DISTINCT c FROM sbtest7 WHERE id BETWEEN 6190449 AND 6190458 ORDER BY c
	Unique  (cost=43.73..43.78 rows=11 width=121)
	  ->  Sort  (cost=43.73..43.76 rows=11 width=121)
	        Sort Key: c
	        ->  Index Scan using sbtest7_pkey on sbtest7  (cost=0.43..43.54 rows=11 width=121)
	              Index Cond: ((id >= 6190449) AND (id <= 6190458))

table 8 : explain SELECT DISTINCT c FROM sbtest8 WHERE id BETWEEN 165264 AND 165273 ORDER BY c
	Unique  (cost=40.63..40.68 rows=10 width=121)
	  ->  Sort  (cost=40.63..40.65 rows=10 width=121)
	        Sort Key: c
	        ->  Index Scan using sbtest8_pkey on sbtest8  (cost=0.43..40.46 rows=10 width=121)
	              Index Cond: ((id >= 165264) AND (id <= 165273))

explain: for inserts :: explain INSERT INTO sbtest%u (id, k, c, pad) VALUES (%u, 13, 'foobar', 'foobar')
explain: for index_updates :: explain UPDATE sbtest%u SET k=k+1 WHERE id=%u
for inserts
table 1 : explain INSERT INTO sbtest1 (id, k, c, pad) VALUES (9622027, 13, 'foobar', 'foobar')
	Insert on sbtest1  (cost=0.00..0.01 rows=0 width=0)
	  ->  Result  (cost=0.00..0.01 rows=1 width=736)

table 2 : explain INSERT INTO sbtest2 (id, k, c, pad) VALUES (8876300, 13, 'foobar', 'foobar')
	Insert on sbtest2  (cost=0.00..0.01 rows=0 width=0)
	  ->  Result  (cost=0.00..0.01 rows=1 width=736)

table 3 : explain INSERT INTO sbtest3 (id, k, c, pad) VALUES (697792, 13, 'foobar', 'foobar')
	Insert on sbtest3  (cost=0.00..0.01 rows=0 width=0)
	  ->  Result  (cost=0.00..0.01 rows=1 width=736)

table 4 : explain INSERT INTO sbtest4 (id, k, c, pad) VALUES (5284127, 13, 'foobar', 'foobar')
	Insert on sbtest4  (cost=0.00..0.01 rows=0 width=0)
	  ->  Result  (cost=0.00..0.01 rows=1 width=736)

table 5 : explain INSERT INTO sbtest5 (id, k, c, pad) VALUES (3820162, 13, 'foobar', 'foobar')
	Insert on sbtest5  (cost=0.00..0.01 rows=0 width=0)
	  ->  Result  (cost=0.00..0.01 rows=1 width=736)

table 6 : explain INSERT INTO sbtest6 (id, k, c, pad) VALUES (7255704, 13, 'foobar', 'foobar')
	Insert on sbtest6  (cost=0.00..0.01 rows=0 width=0)
	  ->  Result  (cost=0.00..0.01 rows=1 width=736)

table 7 : explain INSERT INTO sbtest7 (id, k, c, pad) VALUES (7845709, 13, 'foobar', 'foobar')
	Insert on sbtest7  (cost=0.00..0.01 rows=0 width=0)
	  ->  Result  (cost=0.00..0.01 rows=1 width=736)

table 8 : explain INSERT INTO sbtest8 (id, k, c, pad) VALUES (8997637, 13, 'foobar', 'foobar')
	Insert on sbtest8  (cost=0.00..0.01 rows=0 width=0)
	  ->  Result  (cost=0.00..0.01 rows=1 width=736)

for non_index_updates
table 1 : explain UPDATE sbtest1 SET c='foobar' WHERE id=8981629
	Update on sbtest1  (cost=0.43..8.45 rows=0 width=0)
	  ->  Index Scan using sbtest1_pkey on sbtest1  (cost=0.43..8.45 rows=1 width=490)
	        Index Cond: (id = 8981629)

table 2 : explain UPDATE sbtest2 SET c='foobar' WHERE id=7664610
	Update on sbtest2  (cost=0.43..8.45 rows=0 width=0)
	  ->  Index Scan using sbtest2_pkey on sbtest2  (cost=0.43..8.45 rows=1 width=490)
	        Index Cond: (id = 7664610)

table 3 : explain UPDATE sbtest3 SET c='foobar' WHERE id=768446
	Update on sbtest3  (cost=0.43..8.45 rows=0 width=0)
	  ->  Index Scan using sbtest3_pkey on sbtest3  (cost=0.43..8.45 rows=1 width=490)
	        Index Cond: (id = 768446)

table 4 : explain UPDATE sbtest4 SET c='foobar' WHERE id=2009637
	Update on sbtest4  (cost=0.43..8.45 rows=0 width=0)
	  ->  Index Scan using sbtest4_pkey on sbtest4  (cost=0.43..8.45 rows=1 width=490)
	        Index Cond: (id = 2009637)

table 5 : explain UPDATE sbtest5 SET c='foobar' WHERE id=4389405
	Update on sbtest5  (cost=0.43..8.45 rows=0 width=0)
	  ->  Index Scan using sbtest5_pkey on sbtest5  (cost=0.43..8.45 rows=1 width=490)
	        Index Cond: (id = 4389405)

table 6 : explain UPDATE sbtest6 SET c='foobar' WHERE id=7444653
	Update on sbtest6  (cost=0.43..8.45 rows=0 width=0)
	  ->  Index Scan using sbtest6_pkey on sbtest6  (cost=0.43..8.45 rows=1 width=490)
	        Index Cond: (id = 7444653)

table 7 : explain UPDATE sbtest7 SET c='foobar' WHERE id=7795119
	Update on sbtest7  (cost=0.43..8.45 rows=0 width=0)
	  ->  Index Scan using sbtest7_pkey on sbtest7  (cost=0.43..8.45 rows=1 width=490)
	        Index Cond: (id = 7795119)

table 8 : explain UPDATE sbtest8 SET c='foobar' WHERE id=3386689
	Update on sbtest8  (cost=0.43..8.45 rows=0 width=0)
	  ->  Index Scan using sbtest8_pkey on sbtest8  (cost=0.43..8.45 rows=1 width=490)
	        Index Cond: (id = 3386689)

for inserts
table 1 : explain INSERT INTO sbtest1 (id, k, c, pad) VALUES (5875134, 13, 'foobar', 'foobar')
	Insert on sbtest1  (cost=0.00..0.01 rows=0 width=0)
	  ->  Result  (cost=0.00..0.01 rows=1 width=736)

table 2 : explain INSERT INTO sbtest2 (id, k, c, pad) VALUES (9304978, 13, 'foobar', 'foobar')
	Insert on sbtest2  (cost=0.00..0.01 rows=0 width=0)
	  ->  Result  (cost=0.00..0.01 rows=1 width=736)

table 3 : explain INSERT INTO sbtest3 (id, k, c, pad) VALUES (2071229, 13, 'foobar', 'foobar')
	Insert on sbtest3  (cost=0.00..0.01 rows=0 width=0)
	  ->  Result  (cost=0.00..0.01 rows=1 width=736)

table 4 : explain INSERT INTO sbtest4 (id, k, c, pad) VALUES (1856662, 13, 'foobar', 'foobar')
	Insert on sbtest4  (cost=0.00..0.01 rows=0 width=0)
	  ->  Result  (cost=0.00..0.01 rows=1 width=736)

table 5 : explain INSERT INTO sbtest5 (id, k, c, pad) VALUES (52868, 13, 'foobar', 'foobar')
	Insert on sbtest5  (cost=0.00..0.01 rows=0 width=0)
	  ->  Result  (cost=0.00..0.01 rows=1 width=736)

table 6 : explain INSERT INTO sbtest6 (id, k, c, pad) VALUES (4977909, 13, 'foobar', 'foobar')
	Insert on sbtest6  (cost=0.00..0.01 rows=0 width=0)
	  ->  Result  (cost=0.00..0.01 rows=1 width=736)

table 7 : explain INSERT INTO sbtest7 (id, k, c, pad) VALUES (5443120, 13, 'foobar', 'foobar')
	Insert on sbtest7  (cost=0.00..0.01 rows=0 width=0)
	  ->  Result  (cost=0.00..0.01 rows=1 width=736)

table 8 : explain INSERT INTO sbtest8 (id, k, c, pad) VALUES (2096304, 13, 'foobar', 'foobar')
	Insert on sbtest8  (cost=0.00..0.01 rows=0 width=0)
	  ->  Result  (cost=0.00..0.01 rows=1 width=736)

explain: for index_updates :: explain UPDATE sbtest%u SET k=k+1 WHERE id=%u
for inserts
table 1 : explain INSERT INTO sbtest1 (id, k, c, pad) VALUES (6997434, 13, 'foobar', 'foobar')
	Insert on sbtest1  (cost=0.00..0.01 rows=0 width=0)
	  ->  Result  (cost=0.00..0.01 rows=1 width=736)

table 2 : explain INSERT INTO sbtest2 (id, k, c, pad) VALUES (2791540, 13, 'foobar', 'foobar')
	Insert on sbtest2  (cost=0.00..0.01 rows=0 width=0)
	  ->  Result  (cost=0.00..0.01 rows=1 width=736)

table 3 : explain INSERT INTO sbtest3 (id, k, c, pad) VALUES (543569, 13, 'foobar', 'foobar')
	Insert on sbtest3  (cost=0.00..0.01 rows=0 width=0)
	  ->  Result  (cost=0.00..0.01 rows=1 width=736)

table 4 : explain INSERT INTO sbtest4 (id, k, c, pad) VALUES (3113224, 13, 'foobar', 'foobar')
	Insert on sbtest4  (cost=0.00..0.01 rows=0 width=0)
	  ->  Result  (cost=0.00..0.01 rows=1 width=736)

table 5 : explain INSERT INTO sbtest5 (id, k, c, pad) VALUES (1187627, 13, 'foobar', 'foobar')
	Insert on sbtest5  (cost=0.00..0.01 rows=0 width=0)
	  ->  Result  (cost=0.00..0.01 rows=1 width=736)

table 6 : explain INSERT INTO sbtest6 (id, k, c, pad) VALUES (9323007, 13, 'foobar', 'foobar')
	Insert on sbtest6  (cost=0.00..0.01 rows=0 width=0)
	  ->  Result  (cost=0.00..0.01 rows=1 width=736)

table 7 : explain INSERT INTO sbtest7 (id, k, c, pad) VALUES (4957515, 13, 'foobar', 'foobar')
	Insert on sbtest7  (cost=0.00..0.01 rows=0 width=0)
	  ->  Result  (cost=0.00..0.01 rows=1 width=736)

table 8 : explain INSERT INTO sbtest8 (id, k, c, pad) VALUES (3645808, 13, 'foobar', 'foobar')
	Insert on sbtest8  (cost=0.00..0.01 rows=0 width=0)
	  ->  Result  (cost=0.00..0.01 rows=1 width=736)

for: order_ranges
table 1 : explain SELECT c FROM sbtest1 WHERE id BETWEEN 4615450 AND 4615459 ORDER BY c
	Sort  (cost=40.91..40.94 rows=10 width=121)
	  Sort Key: c
	  ->  Index Scan using sbtest1_pkey on sbtest1  (cost=0.43..40.75 rows=10 width=121)
	        Index Cond: ((id >= 4615450) AND (id <= 4615459))

table 2 : explain SELECT c FROM sbtest2 WHERE id BETWEEN 6244231 AND 6244240 ORDER BY c
	Sort  (cost=40.75..40.78 rows=10 width=121)
	  Sort Key: c
	  ->  Index Scan using sbtest2_pkey on sbtest2  (cost=0.43..40.59 rows=10 width=121)
	        Index Cond: ((id >= 6244231) AND (id <= 6244240))

table 3 : explain SELECT c FROM sbtest3 WHERE id BETWEEN 253452 AND 253461 ORDER BY c
	Sort  (cost=40.56..40.58 rows=10 width=121)
	  Sort Key: c
	  ->  Index Scan using sbtest3_pkey on sbtest3  (cost=0.43..40.39 rows=10 width=121)
	        Index Cond: ((id >= 253452) AND (id <= 253461))

table 4 : explain SELECT c FROM sbtest4 WHERE id BETWEEN 1008628 AND 1008637 ORDER BY c
	Sort  (cost=40.42..40.44 rows=10 width=121)
	  Sort Key: c
	  ->  Index Scan using sbtest4_pkey on sbtest4  (cost=0.43..40.25 rows=10 width=121)
	        Index Cond: ((id >= 1008628) AND (id <= 1008637))

table 5 : explain SELECT c FROM sbtest5 WHERE id BETWEEN 6653578 AND 6653587 ORDER BY c
	Sort  (cost=36.97..37.00 rows=9 width=121)
	  Sort Key: c
	  ->  Index Scan using sbtest5_pkey on sbtest5  (cost=0.43..36.83 rows=9 width=121)
	        Index Cond: ((id >= 6653578) AND (id <= 6653587))

table 6 : explain SELECT c FROM sbtest6 WHERE id BETWEEN 214112 AND 214121 ORDER BY c
	Sort  (cost=40.89..40.92 rows=10 width=121)
	  Sort Key: c
	  ->  Index Scan using sbtest6_pkey on sbtest6  (cost=0.43..40.73 rows=10 width=121)
	        Index Cond: ((id >= 214112) AND (id <= 214121))

table 7 : explain SELECT c FROM sbtest7 WHERE id BETWEEN 117358 AND 117367 ORDER BY c
	Sort  (cost=36.66..36.69 rows=9 width=121)
	  Sort Key: c
	  ->  Index Scan using sbtest7_pkey on sbtest7  (cost=0.43..36.52 rows=9 width=121)
	        Index Cond: ((id >= 117358) AND (id <= 117367))

table 8 : explain SELECT c FROM sbtest8 WHERE id BETWEEN 2917776 AND 2917785 ORDER BY c
	Sort  (cost=37.05..37.07 rows=9 width=121)
	  Sort Key: c
	  ->  Index Scan using sbtest8_pkey on sbtest8  (cost=0.43..36.91 rows=9 width=121)
	        Index Cond: ((id >= 2917776) AND (id <= 2917785))

explain: for deletes :: explain DELETE FROM sbtest%u WHERE id=%u
for: sum_ranges
table 1 : explain SELECT SUM(k) FROM sbtest1 WHERE id BETWEEN 2973542 AND 2973551
	Aggregate  (cost=40.77..40.78 rows=1 width=8)
	  ->  Index Scan using sbtest1_pkey on sbtest1  (cost=0.43..40.75 rows=10 width=4)
	        Index Cond: ((id >= 2973542) AND (id <= 2973551))

table 2 : explain SELECT SUM(k) FROM sbtest2 WHERE id BETWEEN 7234951 AND 7234960
	Aggregate  (cost=37.04..37.05 rows=1 width=8)
	  ->  Index Scan using sbtest2_pkey on sbtest2  (cost=0.43..37.02 rows=9 width=4)
	        Index Cond: ((id >= 7234951) AND (id <= 7234960))

table 3 : explain SELECT SUM(k) FROM sbtest3 WHERE id BETWEEN 6071559 AND 6071568
	Aggregate  (cost=43.97..43.98 rows=1 width=8)
	  ->  Index Scan using sbtest3_pkey on sbtest3  (cost=0.43..43.94 rows=11 width=4)
	        Index Cond: ((id >= 6071559) AND (id <= 6071568))

table 4 : explain SELECT SUM(k) FROM sbtest4 WHERE id BETWEEN 5517469 AND 5517478
	Aggregate  (cost=36.74..36.75 rows=1 width=8)
	  ->  Index Scan using sbtest4_pkey on sbtest4  (cost=0.43..36.72 rows=9 width=4)
	        Index Cond: ((id >= 5517469) AND (id <= 5517478))

table 5 : explain SELECT SUM(k) FROM sbtest5 WHERE id BETWEEN 2781645 AND 2781654
	Aggregate  (cost=43.95..43.96 rows=1 width=8)
	  ->  Index Scan using sbtest5_pkey on sbtest5  (cost=0.43..43.93 rows=11 width=4)
	        Index Cond: ((id >= 2781645) AND (id <= 2781654))

table 6 : explain SELECT SUM(k) FROM sbtest6 WHERE id BETWEEN 3270440 AND 3270449
	Aggregate  (cost=40.75..40.76 rows=1 width=8)
	  ->  Index Scan using sbtest6_pkey on sbtest6  (cost=0.43..40.73 rows=10 width=4)
	        Index Cond: ((id >= 3270440) AND (id <= 3270449))

table 7 : explain SELECT SUM(k) FROM sbtest7 WHERE id BETWEEN 5061325 AND 5061334
	Aggregate  (cost=36.54..36.55 rows=1 width=8)
	  ->  Index Scan using sbtest7_pkey on sbtest7  (cost=0.43..36.52 rows=9 width=4)
	        Index Cond: ((id >= 5061325) AND (id <= 5061334))

table 8 : explain SELECT SUM(k) FROM sbtest8 WHERE id BETWEEN 5885888 AND 5885897
	Aggregate  (cost=40.49..40.50 rows=1 width=8)
	  ->  Index Scan using sbtest8_pkey on sbtest8  (cost=0.43..40.46 rows=10 width=4)
	        Index Cond: ((id >= 5885888) AND (id <= 5885897))

for deletes
table 1 : explain DELETE FROM sbtest1 WHERE id=5942744
	Delete on sbtest1  (cost=0.43..8.45 rows=0 width=0)
	  ->  Index Scan using sbtest1_pkey on sbtest1  (cost=0.43..8.45 rows=1 width=6)
	        Index Cond: (id = 5942744)

table 2 : explain DELETE FROM sbtest2 WHERE id=3284101
	Delete on sbtest2  (cost=0.43..8.45 rows=0 width=0)
	  ->  Index Scan using sbtest2_pkey on sbtest2  (cost=0.43..8.45 rows=1 width=6)
	        Index Cond: (id = 3284101)

table 3 : explain DELETE FROM sbtest3 WHERE id=3039366
	Delete on sbtest3  (cost=0.43..8.45 rows=0 width=0)
	  ->  Index Scan using sbtest3_pkey on sbtest3  (cost=0.43..8.45 rows=1 width=6)
	        Index Cond: (id = 3039366)

table 4 : explain DELETE FROM sbtest4 WHERE id=1099098
	Delete on sbtest4  (cost=0.43..8.45 rows=0 width=0)
	  ->  Index Scan using sbtest4_pkey on sbtest4  (cost=0.43..8.45 rows=1 width=6)
	        Index Cond: (id = 1099098)

table 5 : explain DELETE FROM sbtest5 WHERE id=5063707
	Delete on sbtest5  (cost=0.43..8.45 rows=0 width=0)
	  ->  Index Scan using sbtest5_pkey on sbtest5  (cost=0.43..8.45 rows=1 width=6)
	        Index Cond: (id = 5063707)

table 6 : explain DELETE FROM sbtest6 WHERE id=2959682
	Delete on sbtest6  (cost=0.43..8.45 rows=0 width=0)
	  ->  Index Scan using sbtest6_pkey on sbtest6  (cost=0.43..8.45 rows=1 width=6)
	        Index Cond: (id = 2959682)

table 7 : explain DELETE FROM sbtest7 WHERE id=1958430
	Delete on sbtest7  (cost=0.43..8.45 rows=0 width=0)
	  ->  Index Scan using sbtest7_pkey on sbtest7  (cost=0.43..8.45 rows=1 width=6)
	        Index Cond: (id = 1958430)

table 8 : explain DELETE FROM sbtest8 WHERE id=1087221
	Delete on sbtest8  (cost=0.43..8.45 rows=0 width=0)
	  ->  Index Scan using sbtest8_pkey on sbtest8  (cost=0.43..8.45 rows=1 width=6)
	        Index Cond: (id = 1087221)

explain: for inserts :: explain INSERT INTO sbtest%u (id, k, c, pad) VALUES (%u, 13, 'foobar', 'foobar')
for deletes
table 1 : explain DELETE FROM sbtest1 WHERE id=6664402
	Delete on sbtest1  (cost=0.43..8.45 rows=0 width=0)
	  ->  Index Scan using sbtest1_pkey on sbtest1  (cost=0.43..8.45 rows=1 width=6)
	        Index Cond: (id = 6664402)

table 2 : explain DELETE FROM sbtest2 WHERE id=6952458
	Delete on sbtest2  (cost=0.43..8.45 rows=0 width=0)
	  ->  Index Scan using sbtest2_pkey on sbtest2  (cost=0.43..8.45 rows=1 width=6)
	        Index Cond: (id = 6952458)

table 3 : explain DELETE FROM sbtest3 WHERE id=4317350
	Delete on sbtest3  (cost=0.43..8.45 rows=0 width=0)
	  ->  Index Scan using sbtest3_pkey on sbtest3  (cost=0.43..8.45 rows=1 width=6)
	        Index Cond: (id = 4317350)

table 4 : explain DELETE FROM sbtest4 WHERE id=8966526
	Delete on sbtest4  (cost=0.43..8.45 rows=0 width=0)
	  ->  Index Scan using sbtest4_pkey on sbtest4  (cost=0.43..8.45 rows=1 width=6)
	        Index Cond: (id = 8966526)

table 5 : explain DELETE FROM sbtest5 WHERE id=2727510
	Delete on sbtest5  (cost=0.43..8.45 rows=0 width=0)
	  ->  Index Scan using sbtest5_pkey on sbtest5  (cost=0.43..8.45 rows=1 width=6)
	        Index Cond: (id = 2727510)

table 6 : explain DELETE FROM sbtest6 WHERE id=87608
	Delete on sbtest6  (cost=0.43..8.45 rows=0 width=0)
	  ->  Index Scan using sbtest6_pkey on sbtest6  (cost=0.43..8.45 rows=1 width=6)
	        Index Cond: (id = 87608)

table 7 : explain DELETE FROM sbtest7 WHERE id=3015752
	Delete on sbtest7  (cost=0.43..8.45 rows=0 width=0)
	  ->  Index Scan using sbtest7_pkey on sbtest7  (cost=0.43..8.45 rows=1 width=6)
	        Index Cond: (id = 3015752)

table 8 : explain DELETE FROM sbtest8 WHERE id=651758
	Delete on sbtest8  (cost=0.43..8.45 rows=0 width=0)
	  ->  Index Scan using sbtest8_pkey on sbtest8  (cost=0.43..8.45 rows=1 width=6)
	        Index Cond: (id = 651758)

for index_updates
table 1 : explain UPDATE sbtest1 SET k=k+1 WHERE id=7768702
	Update on sbtest1  (cost=0.43..8.46 rows=0 width=0)
	  ->  Index Scan using sbtest1_pkey on sbtest1  (cost=0.43..8.46 rows=1 width=10)
	        Index Cond: (id = 7768702)

table 2 : explain UPDATE sbtest2 SET k=k+1 WHERE id=2685109
	Update on sbtest2  (cost=0.43..8.46 rows=0 width=0)
	  ->  Index Scan using sbtest2_pkey on sbtest2  (cost=0.43..8.46 rows=1 width=10)
	        Index Cond: (id = 2685109)

table 3 : explain UPDATE sbtest3 SET k=k+1 WHERE id=6744159
	Update on sbtest3  (cost=0.43..8.46 rows=0 width=0)
	  ->  Index Scan using sbtest3_pkey on sbtest3  (cost=0.43..8.46 rows=1 width=10)
	        Index Cond: (id = 6744159)

table 4 : explain UPDATE sbtest4 SET k=k+1 WHERE id=1827834
	Update on sbtest4  (cost=0.43..8.46 rows=0 width=0)
	  ->  Index Scan using sbtest4_pkey on sbtest4  (cost=0.43..8.46 rows=1 width=10)
	        Index Cond: (id = 1827834)

table 5 : explain UPDATE sbtest5 SET k=k+1 WHERE id=1665482
	Update on sbtest5  (cost=0.43..8.46 rows=0 width=0)
	  ->  Index Scan using sbtest5_pkey on sbtest5  (cost=0.43..8.46 rows=1 width=10)
	        Index Cond: (id = 1665482)

table 6 : explain UPDATE sbtest6 SET k=k+1 WHERE id=1525382
	Update on sbtest6  (cost=0.43..8.46 rows=0 width=0)
	  ->  Index Scan using sbtest6_pkey on sbtest6  (cost=0.43..8.46 rows=1 width=10)
	        Index Cond: (id = 1525382)

table 7 : explain UPDATE sbtest7 SET k=k+1 WHERE id=8883556
	Update on sbtest7  (cost=0.43..8.46 rows=0 width=0)
	  ->  Index Scan using sbtest7_pkey on sbtest7  (cost=0.43..8.46 rows=1 width=10)
	        Index Cond: (id = 8883556)

table 8 : explain UPDATE sbtest8 SET k=k+1 WHERE id=1592703
	Update on sbtest8  (cost=0.43..8.46 rows=0 width=0)
	  ->  Index Scan using sbtest8_pkey on sbtest8  (cost=0.43..8.46 rows=1 width=10)
	        Index Cond: (id = 1592703)

for inserts
table 1 : explain INSERT INTO sbtest1 (id, k, c, pad) VALUES (2583901, 13, 'foobar', 'foobar')
	Insert on sbtest1  (cost=0.00..0.01 rows=0 width=0)
	  ->  Result  (cost=0.00..0.01 rows=1 width=736)

table 2 : explain INSERT INTO sbtest2 (id, k, c, pad) VALUES (8143760, 13, 'foobar', 'foobar')
	Insert on sbtest2  (cost=0.00..0.01 rows=0 width=0)
	  ->  Result  (cost=0.00..0.01 rows=1 width=736)

table 3 : explain INSERT INTO sbtest3 (id, k, c, pad) VALUES (8625245, 13, 'foobar', 'foobar')
	Insert on sbtest3  (cost=0.00..0.01 rows=0 width=0)
	  ->  Result  (cost=0.00..0.01 rows=1 width=736)

table 4 : explain INSERT INTO sbtest4 (id, k, c, pad) VALUES (557389, 13, 'foobar', 'foobar')
	Insert on sbtest4  (cost=0.00..0.01 rows=0 width=0)
	  ->  Result  (cost=0.00..0.01 rows=1 width=736)

table 5 : explain INSERT INTO sbtest5 (id, k, c, pad) VALUES (3378981, 13, 'foobar', 'foobar')
	Insert on sbtest5  (cost=0.00..0.01 rows=0 width=0)
	  ->  Result  (cost=0.00..0.01 rows=1 width=736)

table 6 : explain INSERT INTO sbtest6 (id, k, c, pad) VALUES (2577091, 13, 'foobar', 'foobar')
	Insert on sbtest6  (cost=0.00..0.01 rows=0 width=0)
	  ->  Result  (cost=0.00..0.01 rows=1 width=736)

table 7 : explain INSERT INTO sbtest7 (id, k, c, pad) VALUES (1906795, 13, 'foobar', 'foobar')
	Insert on sbtest7  (cost=0.00..0.01 rows=0 width=0)
	  ->  Result  (cost=0.00..0.01 rows=1 width=736)

table 8 : explain INSERT INTO sbtest8 (id, k, c, pad) VALUES (2858685, 13, 'foobar', 'foobar')
	Insert on sbtest8  (cost=0.00..0.01 rows=0 width=0)
	  ->  Result  (cost=0.00..0.01 rows=1 width=736)

explain: for non_index_updates :: explain UPDATE sbtest%u SET c='foobar' WHERE id=%u
for index_updates
table 1 : explain UPDATE sbtest1 SET k=k+1 WHERE id=9420881
	Update on sbtest1  (cost=0.43..8.46 rows=0 width=0)
	  ->  Index Scan using sbtest1_pkey on sbtest1  (cost=0.43..8.46 rows=1 width=10)
	        Index Cond: (id = 9420881)

table 2 : explain UPDATE sbtest2 SET k=k+1 WHERE id=2974014
	Update on sbtest2  (cost=0.43..8.46 rows=0 width=0)
	  ->  Index Scan using sbtest2_pkey on sbtest2  (cost=0.43..8.46 rows=1 width=10)
	        Index Cond: (id = 2974014)

table 3 : explain UPDATE sbtest3 SET k=k+1 WHERE id=1162539
	Update on sbtest3  (cost=0.43..8.46 rows=0 width=0)
	  ->  Index Scan using sbtest3_pkey on sbtest3  (cost=0.43..8.46 rows=1 width=10)
	        Index Cond: (id = 1162539)

table 4 : explain UPDATE sbtest4 SET k=k+1 WHERE id=8976539
	Update on sbtest4  (cost=0.43..8.46 rows=0 width=0)
	  ->  Index Scan using sbtest4_pkey on sbtest4  (cost=0.43..8.46 rows=1 width=10)
	        Index Cond: (id = 8976539)

table 5 : explain UPDATE sbtest5 SET k=k+1 WHERE id=4699517
	Update on sbtest5  (cost=0.43..8.46 rows=0 width=0)
	  ->  Index Scan using sbtest5_pkey on sbtest5  (cost=0.43..8.46 rows=1 width=10)
	        Index Cond: (id = 4699517)

table 6 : explain UPDATE sbtest6 SET k=k+1 WHERE id=7176450
	Update on sbtest6  (cost=0.43..8.46 rows=0 width=0)
	  ->  Index Scan using sbtest6_pkey on sbtest6  (cost=0.43..8.46 rows=1 width=10)
	        Index Cond: (id = 7176450)

table 7 : explain UPDATE sbtest7 SET k=k+1 WHERE id=8398714
	Update on sbtest7  (cost=0.43..8.46 rows=0 width=0)
	  ->  Index Scan using sbtest7_pkey on sbtest7  (cost=0.43..8.46 rows=1 width=10)
	        Index Cond: (id = 8398714)

table 8 : explain UPDATE sbtest8 SET k=k+1 WHERE id=4752120
	Update on sbtest8  (cost=0.43..8.46 rows=0 width=0)
	  ->  Index Scan using sbtest8_pkey on sbtest8  (cost=0.43..8.46 rows=1 width=10)
	        Index Cond: (id = 4752120)

explain: for inserts :: explain INSERT INTO sbtest%u (id, k, c, pad) VALUES (%u, 13, 'foobar', 'foobar')
explain: for inserts :: explain INSERT INTO sbtest%u (id, k, c, pad) VALUES (%u, 13, 'foobar', 'foobar')
for non_index_updates
table 1 : explain UPDATE sbtest1 SET c='foobar' WHERE id=7219579
	Update on sbtest1  (cost=0.43..8.45 rows=0 width=0)
	  ->  Index Scan using sbtest1_pkey on sbtest1  (cost=0.43..8.45 rows=1 width=490)
	        Index Cond: (id = 7219579)

table 2 : explain UPDATE sbtest2 SET c='foobar' WHERE id=578069
	Update on sbtest2  (cost=0.43..8.45 rows=0 width=0)
	  ->  Index Scan using sbtest2_pkey on sbtest2  (cost=0.43..8.45 rows=1 width=490)
	        Index Cond: (id = 578069)

table 3 : explain UPDATE sbtest3 SET c='foobar' WHERE id=652320
	Update on sbtest3  (cost=0.43..8.45 rows=0 width=0)
	  ->  Index Scan using sbtest3_pkey on sbtest3  (cost=0.43..8.45 rows=1 width=490)
	        Index Cond: (id = 652320)

table 4 : explain UPDATE sbtest4 SET c='foobar' WHERE id=6196828
	Update on sbtest4  (cost=0.43..8.45 rows=0 width=0)
	  ->  Index Scan using sbtest4_pkey on sbtest4  (cost=0.43..8.45 rows=1 width=490)
	        Index Cond: (id = 6196828)

table 5 : explain UPDATE sbtest5 SET c='foobar' WHERE id=1388867
	Update on sbtest5  (cost=0.43..8.45 rows=0 width=0)
	  ->  Index Scan using sbtest5_pkey on sbtest5  (cost=0.43..8.45 rows=1 width=490)
	        Index Cond: (id = 1388867)

table 6 : explain UPDATE sbtest6 SET c='foobar' WHERE id=3422990
	Update on sbtest6  (cost=0.43..8.45 rows=0 width=0)
	  ->  Index Scan using sbtest6_pkey on sbtest6  (cost=0.43..8.45 rows=1 width=490)
	        Index Cond: (id = 3422990)

table 7 : explain UPDATE sbtest7 SET c='foobar' WHERE id=6385935
	Update on sbtest7  (cost=0.43..8.45 rows=0 width=0)
	  ->  Index Scan using sbtest7_pkey on sbtest7  (cost=0.43..8.45 rows=1 width=490)
	        Index Cond: (id = 6385935)

table 8 : explain UPDATE sbtest8 SET c='foobar' WHERE id=2392840
	Update on sbtest8  (cost=0.43..8.45 rows=0 width=0)
	  ->  Index Scan using sbtest8_pkey on sbtest8  (cost=0.43..8.45 rows=1 width=490)
	        Index Cond: (id = 2392840)

for: order_ranges
table 1 : explain SELECT c FROM sbtest1 WHERE id BETWEEN 8722302 AND 8722311 ORDER BY c
	Sort  (cost=40.91..40.94 rows=10 width=121)
	  Sort Key: c
	  ->  Index Scan using sbtest1_pkey on sbtest1  (cost=0.43..40.75 rows=10 width=121)
	        Index Cond: ((id >= 8722302) AND (id <= 8722311))

table 2 : explain SELECT c FROM sbtest2 WHERE id BETWEEN 7829026 AND 7829035 ORDER BY c
	Sort  (cost=40.75..40.78 rows=10 width=121)
	  Sort Key: c
	  ->  Index Scan using sbtest2_pkey on sbtest2  (cost=0.43..40.59 rows=10 width=121)
	        Index Cond: ((id >= 7829026) AND (id <= 7829035))

table 3 : explain SELECT c FROM sbtest3 WHERE id BETWEEN 1339706 AND 1339715 ORDER BY c
	Sort  (cost=36.99..37.01 rows=9 width=121)
	  Sort Key: c
	  ->  Index Scan using sbtest3_pkey on sbtest3  (cost=0.43..36.84 rows=9 width=121)
	        Index Cond: ((id >= 1339706) AND (id <= 1339715))

table 4 : explain SELECT c FROM sbtest4 WHERE id BETWEEN 6965329 AND 6965338 ORDER BY c
	Sort  (cost=40.42..40.44 rows=10 width=121)
	  Sort Key: c
	  ->  Index Scan using sbtest4_pkey on sbtest4  (cost=0.43..40.25 rows=10 width=121)
	        Index Cond: ((id >= 6965329) AND (id <= 6965338))

table 5 : explain SELECT c FROM sbtest5 WHERE id BETWEEN 108000 AND 108009 ORDER BY c
	Sort  (cost=36.97..37.00 rows=9 width=121)
	  Sort Key: c
	  ->  Index Scan using sbtest5_pkey on sbtest5  (cost=0.43..36.83 rows=9 width=121)
	        Index Cond: ((id >= 108000) AND (id <= 108009))

table 6 : explain SELECT c FROM sbtest6 WHERE id BETWEEN 2625412 AND 2625421 ORDER BY c
	Sort  (cost=40.89..40.92 rows=10 width=121)
	  Sort Key: c
	  ->  Index Scan using sbtest6_pkey on sbtest6  (cost=0.43..40.73 rows=10 width=121)
	        Index Cond: ((id >= 2625412) AND (id <= 2625421))

table 7 : explain SELECT c FROM sbtest7 WHERE id BETWEEN 8913390 AND 8913399 ORDER BY c
	Sort  (cost=47.26..47.29 rows=12 width=121)
	  Sort Key: c
	  ->  Index Scan using sbtest7_pkey on sbtest7  (cost=0.43..47.05 rows=12 width=121)
	        Index Cond: ((id >= 8913390) AND (id <= 8913399))

table 8 : explain SELECT c FROM sbtest8 WHERE id BETWEEN 2452325 AND 2452334 ORDER BY c
	Sort  (cost=44.21..44.24 rows=11 width=121)
	  Sort Key: c
	  ->  Index Scan using sbtest8_pkey on sbtest8  (cost=0.43..44.02 rows=11 width=121)
	        Index Cond: ((id >= 2452325) AND (id <= 2452334))

for: distinct_ranges
table 1 : explain SELECT DISTINCT c FROM sbtest1 WHERE id BETWEEN 5166773 AND 5166782 ORDER BY c
	Unique  (cost=40.91..40.96 rows=10 width=121)
	  ->  Sort  (cost=40.91..40.94 rows=10 width=121)
	        Sort Key: c
	        ->  Index Scan using sbtest1_pkey on sbtest1  (cost=0.43..40.75 rows=10 width=121)
	              Index Cond: ((id >= 5166773) AND (id <= 5166782))

table 2 : explain SELECT DISTINCT c FROM sbtest2 WHERE id BETWEEN 3273860 AND 3273869 ORDER BY c
	Unique  (cost=40.75..40.80 rows=10 width=121)
	  ->  Sort  (cost=40.75..40.78 rows=10 width=121)
	        Sort Key: c
	        ->  Index Scan using sbtest2_pkey on sbtest2  (cost=0.43..40.59 rows=10 width=121)
	              Index Cond: ((id >= 3273860) AND (id <= 3273869))

table 3 : explain SELECT DISTINCT c FROM sbtest3 WHERE id BETWEEN 5018092 AND 5018101 ORDER BY c
	Unique  (cost=44.13..44.19 rows=11 width=121)
	  ->  Sort  (cost=44.13..44.16 rows=11 width=121)
	        Sort Key: c
	        ->  Index Scan using sbtest3_pkey on sbtest3  (cost=0.43..43.94 rows=11 width=121)
	              Index Cond: ((id >= 5018092) AND (id <= 5018101))

table 4 : explain SELECT DISTINCT c FROM sbtest4 WHERE id BETWEEN 299856 AND 299865 ORDER BY c
	Unique  (cost=40.42..40.47 rows=10 width=121)
	  ->  Sort  (cost=40.42..40.44 rows=10 width=121)
	        Sort Key: c
	        ->  Index Scan using sbtest4_pkey on sbtest4  (cost=0.43..40.25 rows=10 width=121)
	              Index Cond: ((id >= 299856) AND (id <= 299865))

table 5 : explain SELECT DISTINCT c FROM sbtest5 WHERE id BETWEEN 1041903 AND 1041912 ORDER BY c
	Unique  (cost=40.55..40.60 rows=10 width=121)
	  ->  Sort  (cost=40.55..40.57 rows=10 width=121)
	        Sort Key: c
	        ->  Index Scan using sbtest5_pkey on sbtest5  (cost=0.43..40.38 rows=10 width=121)
	              Index Cond: ((id >= 1041903) AND (id <= 1041912))

table 6 : explain SELECT DISTINCT c FROM sbtest6 WHERE id BETWEEN 1332286 AND 1332295 ORDER BY c
	Unique  (cost=40.89..40.94 rows=10 width=121)
	  ->  Sort  (cost=40.89..40.92 rows=10 width=121)
	        Sort Key: c
	        ->  Index Scan using sbtest6_pkey on sbtest6  (cost=0.43..40.73 rows=10 width=121)
	              Index Cond: ((id >= 1332286) AND (id <= 1332295))

table 7 : explain SELECT DISTINCT c FROM sbtest7 WHERE id BETWEEN 287627 AND 287636 ORDER BY c
	Unique  (cost=36.66..36.71 rows=9 width=121)
	  ->  Sort  (cost=36.66..36.69 rows=9 width=121)
	        Sort Key: c
	        ->  Index Scan using sbtest7_pkey on sbtest7  (cost=0.43..36.52 rows=9 width=121)
	              Index Cond: ((id >= 287627) AND (id <= 287636))

table 8 : explain SELECT DISTINCT c FROM sbtest8 WHERE id BETWEEN 7906287 AND 7906296 ORDER BY c
	Unique  (cost=37.05..37.09 rows=9 width=121)
	  ->  Sort  (cost=37.05..37.07 rows=9 width=121)
	        Sort Key: c
	        ->  Index Scan using sbtest8_pkey on sbtest8  (cost=0.43..36.91 rows=9 width=121)
	              Index Cond: ((id >= 7906287) AND (id <= 7906296))

for inserts
table 1 : explain INSERT INTO sbtest1 (id, k, c, pad) VALUES (9570917, 13, 'foobar', 'foobar')
	Insert on sbtest1  (cost=0.00..0.01 rows=0 width=0)
	  ->  Result  (cost=0.00..0.01 rows=1 width=736)

table 2 : explain INSERT INTO sbtest2 (id, k, c, pad) VALUES (4042824, 13, 'foobar', 'foobar')
	Insert on sbtest2  (cost=0.00..0.01 rows=0 width=0)
	  ->  Result  (cost=0.00..0.01 rows=1 width=736)

table 3 : explain INSERT INTO sbtest3 (id, k, c, pad) VALUES (8716779, 13, 'foobar', 'foobar')
	Insert on sbtest3  (cost=0.00..0.01 rows=0 width=0)
	  ->  Result  (cost=0.00..0.01 rows=1 width=736)

table 4 : explain INSERT INTO sbtest4 (id, k, c, pad) VALUES (7227912, 13, 'foobar', 'foobar')
	Insert on sbtest4  (cost=0.00..0.01 rows=0 width=0)
	  ->  Result  (cost=0.00..0.01 rows=1 width=736)

table 5 : explain INSERT INTO sbtest5 (id, k, c, pad) VALUES (1643770, 13, 'foobar', 'foobar')
	Insert on sbtest5  (cost=0.00..0.01 rows=0 width=0)
	  ->  Result  (cost=0.00..0.01 rows=1 width=736)

table 6 : explain INSERT INTO sbtest6 (id, k, c, pad) VALUES (1380182, 13, 'foobar', 'foobar')
	Insert on sbtest6  (cost=0.00..0.01 rows=0 width=0)
	  ->  Result  (cost=0.00..0.01 rows=1 width=736)

table 7 : explain INSERT INTO sbtest7 (id, k, c, pad) VALUES (4044507, 13, 'foobar', 'foobar')
	Insert on sbtest7  (cost=0.00..0.01 rows=0 width=0)
	  ->  Result  (cost=0.00..0.01 rows=1 width=736)

table 8 : explain INSERT INTO sbtest8 (id, k, c, pad) VALUES (9626397, 13, 'foobar', 'foobar')
	Insert on sbtest8  (cost=0.00..0.01 rows=0 width=0)
	  ->  Result  (cost=0.00..0.01 rows=1 width=736)

explain: for deletes :: explain DELETE FROM sbtest%u WHERE id=%u
for inserts
table 1 : explain INSERT INTO sbtest1 (id, k, c, pad) VALUES (685539, 13, 'foobar', 'foobar')
	Insert on sbtest1  (cost=0.00..0.01 rows=0 width=0)
	  ->  Result  (cost=0.00..0.01 rows=1 width=736)

table 2 : explain INSERT INTO sbtest2 (id, k, c, pad) VALUES (296856, 13, 'foobar', 'foobar')
	Insert on sbtest2  (cost=0.00..0.01 rows=0 width=0)
	  ->  Result  (cost=0.00..0.01 rows=1 width=736)

table 3 : explain INSERT INTO sbtest3 (id, k, c, pad) VALUES (5406083, 13, 'foobar', 'foobar')
	Insert on sbtest3  (cost=0.00..0.01 rows=0 width=0)
	  ->  Result  (cost=0.00..0.01 rows=1 width=736)

table 4 : explain INSERT INTO sbtest4 (id, k, c, pad) VALUES (3827619, 13, 'foobar', 'foobar')
	Insert on sbtest4  (cost=0.00..0.01 rows=0 width=0)
	  ->  Result  (cost=0.00..0.01 rows=1 width=736)

table 5 : explain INSERT INTO sbtest5 (id, k, c, pad) VALUES (2188067, 13, 'foobar', 'foobar')
	Insert on sbtest5  (cost=0.00..0.01 rows=0 width=0)
	  ->  Result  (cost=0.00..0.01 rows=1 width=736)

table 6 : explain INSERT INTO sbtest6 (id, k, c, pad) VALUES (2710103, 13, 'foobar', 'foobar')
	Insert on sbtest6  (cost=0.00..0.01 rows=0 width=0)
	  ->  Result  (cost=0.00..0.01 rows=1 width=736)

table 7 : explain INSERT INTO sbtest7 (id, k, c, pad) VALUES (2402593, 13, 'foobar', 'foobar')
	Insert on sbtest7  (cost=0.00..0.01 rows=0 width=0)
	  ->  Result  (cost=0.00..0.01 rows=1 width=736)

table 8 : explain INSERT INTO sbtest8 (id, k, c, pad) VALUES (4556746, 13, 'foobar', 'foobar')
	Insert on sbtest8  (cost=0.00..0.01 rows=0 width=0)
	  ->  Result  (cost=0.00..0.01 rows=1 width=736)

explain: for non_index_updates :: explain UPDATE sbtest%u SET c='foobar' WHERE id=%u
explain: for index_updates :: explain UPDATE sbtest%u SET k=k+1 WHERE id=%u
explain: for point_selects :: explain SELECT c FROM sbtest%u WHERE id=%u
for deletes
table 1 : explain DELETE FROM sbtest1 WHERE id=8146993
	Delete on sbtest1  (cost=0.43..8.45 rows=0 width=0)
	  ->  Index Scan using sbtest1_pkey on sbtest1  (cost=0.43..8.45 rows=1 width=6)
	        Index Cond: (id = 8146993)

table 2 : explain DELETE FROM sbtest2 WHERE id=9999616
	Delete on sbtest2  (cost=0.43..8.45 rows=0 width=0)
	  ->  Index Scan using sbtest2_pkey on sbtest2  (cost=0.43..8.45 rows=1 width=6)
	        Index Cond: (id = 9999616)

table 3 : explain DELETE FROM sbtest3 WHERE id=1283757
	Delete on sbtest3  (cost=0.43..8.45 rows=0 width=0)
	  ->  Index Scan using sbtest3_pkey on sbtest3  (cost=0.43..8.45 rows=1 width=6)
	        Index Cond: (id = 1283757)

table 4 : explain DELETE FROM sbtest4 WHERE id=8072849
	Delete on sbtest4  (cost=0.43..8.45 rows=0 width=0)
	  ->  Index Scan using sbtest4_pkey on sbtest4  (cost=0.43..8.45 rows=1 width=6)
	        Index Cond: (id = 8072849)

table 5 : explain DELETE FROM sbtest5 WHERE id=9066368
	Delete on sbtest5  (cost=0.43..8.45 rows=0 width=0)
	  ->  Index Scan using sbtest5_pkey on sbtest5  (cost=0.43..8.45 rows=1 width=6)
	        Index Cond: (id = 9066368)

table 6 : explain DELETE FROM sbtest6 WHERE id=4457555
	Delete on sbtest6  (cost=0.43..8.45 rows=0 width=0)
	  ->  Index Scan using sbtest6_pkey on sbtest6  (cost=0.43..8.45 rows=1 width=6)
	        Index Cond: (id = 4457555)

table 7 : explain DELETE FROM sbtest7 WHERE id=8029239
	Delete on sbtest7  (cost=0.43..8.45 rows=0 width=0)
	  ->  Index Scan using sbtest7_pkey on sbtest7  (cost=0.43..8.45 rows=1 width=6)
	        Index Cond: (id = 8029239)

table 8 : explain DELETE FROM sbtest8 WHERE id=9905057
	Delete on sbtest8  (cost=0.43..8.45 rows=0 width=0)
	  ->  Index Scan using sbtest8_pkey on sbtest8  (cost=0.43..8.45 rows=1 width=6)
	        Index Cond: (id = 9905057)

for non_index_updates
table 1 : explain UPDATE sbtest1 SET c='foobar' WHERE id=475937
	Update on sbtest1  (cost=0.43..8.45 rows=0 width=0)
	  ->  Index Scan using sbtest1_pkey on sbtest1  (cost=0.43..8.45 rows=1 width=490)
	        Index Cond: (id = 475937)

table 2 : explain UPDATE sbtest2 SET c='foobar' WHERE id=6064522
	Update on sbtest2  (cost=0.43..8.45 rows=0 width=0)
	  ->  Index Scan using sbtest2_pkey on sbtest2  (cost=0.43..8.45 rows=1 width=490)
	        Index Cond: (id = 6064522)

table 3 : explain UPDATE sbtest3 SET c='foobar' WHERE id=5311350
	Update on sbtest3  (cost=0.43..8.45 rows=0 width=0)
	  ->  Index Scan using sbtest3_pkey on sbtest3  (cost=0.43..8.45 rows=1 width=490)
	        Index Cond: (id = 5311350)

table 4 : explain UPDATE sbtest4 SET c='foobar' WHERE id=9989096
	Update on sbtest4  (cost=0.43..8.45 rows=0 width=0)
	  ->  Index Scan using sbtest4_pkey on sbtest4  (cost=0.43..8.45 rows=1 width=490)
	        Index Cond: (id = 9989096)

table 5 : explain UPDATE sbtest5 SET c='foobar' WHERE id=5924821
	Update on sbtest5  (cost=0.43..8.45 rows=0 width=0)
	  ->  Index Scan using sbtest5_pkey on sbtest5  (cost=0.43..8.45 rows=1 width=490)
	        Index Cond: (id = 5924821)

table 6 : explain UPDATE sbtest6 SET c='foobar' WHERE id=65060
	Update on sbtest6  (cost=0.43..8.45 rows=0 width=0)
	  ->  Index Scan using sbtest6_pkey on sbtest6  (cost=0.43..8.45 rows=1 width=490)
	        Index Cond: (id = 65060)

table 7 : explain UPDATE sbtest7 SET c='foobar' WHERE id=643353
	Update on sbtest7  (cost=0.43..8.45 rows=0 width=0)
	  ->  Index Scan using sbtest7_pkey on sbtest7  (cost=0.43..8.45 rows=1 width=490)
	        Index Cond: (id = 643353)

table 8 : explain UPDATE sbtest8 SET c='foobar' WHERE id=65222
	Update on sbtest8  (cost=0.43..8.45 rows=0 width=0)
	  ->  Index Scan using sbtest8_pkey on sbtest8  (cost=0.43..8.45 rows=1 width=490)
	        Index Cond: (id = 65222)

for index_updates
table 1 : explain UPDATE sbtest1 SET k=k+1 WHERE id=5213358
	Update on sbtest1  (cost=0.43..8.46 rows=0 width=0)
	  ->  Index Scan using sbtest1_pkey on sbtest1  (cost=0.43..8.46 rows=1 width=10)
	        Index Cond: (id = 5213358)

table 2 : explain UPDATE sbtest2 SET k=k+1 WHERE id=579160
	Update on sbtest2  (cost=0.43..8.46 rows=0 width=0)
	  ->  Index Scan using sbtest2_pkey on sbtest2  (cost=0.43..8.46 rows=1 width=10)
	        Index Cond: (id = 579160)

table 3 : explain UPDATE sbtest3 SET k=k+1 WHERE id=4158359
	Update on sbtest3  (cost=0.43..8.46 rows=0 width=0)
	  ->  Index Scan using sbtest3_pkey on sbtest3  (cost=0.43..8.46 rows=1 width=10)
	        Index Cond: (id = 4158359)

table 4 : explain UPDATE sbtest4 SET k=k+1 WHERE id=4127431
	Update on sbtest4  (cost=0.43..8.46 rows=0 width=0)
	  ->  Index Scan using sbtest4_pkey on sbtest4  (cost=0.43..8.46 rows=1 width=10)
	        Index Cond: (id = 4127431)

table 5 : explain UPDATE sbtest5 SET k=k+1 WHERE id=3645035
	Update on sbtest5  (cost=0.43..8.46 rows=0 width=0)
	  ->  Index Scan using sbtest5_pkey on sbtest5  (cost=0.43..8.46 rows=1 width=10)
	        Index Cond: (id = 3645035)

table 6 : explain UPDATE sbtest6 SET k=k+1 WHERE id=569059
	Update on sbtest6  (cost=0.43..8.46 rows=0 width=0)
	  ->  Index Scan using sbtest6_pkey on sbtest6  (cost=0.43..8.46 rows=1 width=10)
	        Index Cond: (id = 569059)

table 7 : explain UPDATE sbtest7 SET k=k+1 WHERE id=1308529
	Update on sbtest7  (cost=0.43..8.46 rows=0 width=0)
	  ->  Index Scan using sbtest7_pkey on sbtest7  (cost=0.43..8.46 rows=1 width=10)
	        Index Cond: (id = 1308529)

table 8 : explain UPDATE sbtest8 SET k=k+1 WHERE id=8512669
	Update on sbtest8  (cost=0.43..8.46 rows=0 width=0)
	  ->  Index Scan using sbtest8_pkey on sbtest8  (cost=0.43..8.46 rows=1 width=10)
	        Index Cond: (id = 8512669)

explain: for deletes :: explain DELETE FROM sbtest%u WHERE id=%u
for: distinct_ranges
table 1 : explain SELECT DISTINCT c FROM sbtest1 WHERE id BETWEEN 9263395 AND 9263404 ORDER BY c
	Unique  (cost=37.30..37.35 rows=9 width=121)
	  ->  Sort  (cost=37.30..37.32 rows=9 width=121)
	        Sort Key: c
	        ->  Index Scan using sbtest1_pkey on sbtest1  (cost=0.43..37.16 rows=9 width=121)
	              Index Cond: ((id >= 9263395) AND (id <= 9263404))

table 2 : explain SELECT DISTINCT c FROM sbtest2 WHERE id BETWEEN 8072046 AND 8072055 ORDER BY c
	Unique  (cost=40.75..40.80 rows=10 width=121)
	  ->  Sort  (cost=40.75..40.78 rows=10 width=121)
	        Sort Key: c
	        ->  Index Scan using sbtest2_pkey on sbtest2  (cost=0.43..40.59 rows=10 width=121)
	              Index Cond: ((id >= 8072046) AND (id <= 8072055))

table 3 : explain SELECT DISTINCT c FROM sbtest3 WHERE id BETWEEN 3862102 AND 3862111 ORDER BY c
	Unique  (cost=40.56..40.61 rows=10 width=121)
	  ->  Sort  (cost=40.56..40.58 rows=10 width=121)
	        Sort Key: c
	        ->  Index Scan using sbtest3_pkey on sbtest3  (cost=0.43..40.39 rows=10 width=121)
	              Index Cond: ((id >= 3862102) AND (id <= 3862111))

table 4 : explain SELECT DISTINCT c FROM sbtest4 WHERE id BETWEEN 5155668 AND 5155677 ORDER BY c
	Unique  (cost=40.42..40.47 rows=10 width=121)
	  ->  Sort  (cost=40.42..40.44 rows=10 width=121)
	        Sort Key: c
	        ->  Index Scan using sbtest4_pkey on sbtest4  (cost=0.43..40.25 rows=10 width=121)
	              Index Cond: ((id >= 5155668) AND (id <= 5155677))

table 5 : explain SELECT DISTINCT c FROM sbtest5 WHERE id BETWEEN 2791539 AND 2791548 ORDER BY c
	Unique  (cost=44.12..44.17 rows=11 width=121)
	  ->  Sort  (cost=44.12..44.14 rows=11 width=121)
	        Sort Key: c
	        ->  Index Scan using sbtest5_pkey on sbtest5  (cost=0.43..43.93 rows=11 width=121)
	              Index Cond: ((id >= 2791539) AND (id <= 2791548))

table 6 : explain SELECT DISTINCT c FROM sbtest6 WHERE id BETWEEN 3570433 AND 3570442 ORDER BY c
	Unique  (cost=40.89..40.94 rows=10 width=121)
	  ->  Sort  (cost=40.89..40.92 rows=10 width=121)
	        Sort Key: c
	        ->  Index Scan using sbtest6_pkey on sbtest6  (cost=0.43..40.73 rows=10 width=121)
	              Index Cond: ((id >= 3570433) AND (id <= 3570442))

table 7 : explain SELECT DISTINCT c FROM sbtest7 WHERE id BETWEEN 7151147 AND 7151156 ORDER BY c
	Unique  (cost=43.73..43.78 rows=11 width=121)
	  ->  Sort  (cost=43.73..43.76 rows=11 width=121)
	        Sort Key: c
	        ->  Index Scan using sbtest7_pkey on sbtest7  (cost=0.43..43.54 rows=11 width=121)
	              Index Cond: ((id >= 7151147) AND (id <= 7151156))

table 8 : explain SELECT DISTINCT c FROM sbtest8 WHERE id BETWEEN 5095876 AND 5095885 ORDER BY c
	Unique  (cost=44.21..44.26 rows=11 width=121)
	  ->  Sort  (cost=44.21..44.24 rows=11 width=121)
	        Sort Key: c
	        ->  Index Scan using sbtest8_pkey on sbtest8  (cost=0.43..44.02 rows=11 width=121)
	              Index Cond: ((id >= 5095876) AND (id <= 5095885))

explain: for inserts :: explain INSERT INTO sbtest%u (id, k, c, pad) VALUES (%u, 13, 'foobar', 'foobar')
explain: for non_index_updates :: explain UPDATE sbtest%u SET c='foobar' WHERE id=%u
for deletes
table 1 : explain DELETE FROM sbtest1 WHERE id=8010811
	Delete on sbtest1  (cost=0.43..8.45 rows=0 width=0)
	  ->  Index Scan using sbtest1_pkey on sbtest1  (cost=0.43..8.45 rows=1 width=6)
	        Index Cond: (id = 8010811)

table 2 : explain DELETE FROM sbtest2 WHERE id=228587
	Delete on sbtest2  (cost=0.43..8.45 rows=0 width=0)
	  ->  Index Scan using sbtest2_pkey on sbtest2  (cost=0.43..8.45 rows=1 width=6)
	        Index Cond: (id = 228587)

table 3 : explain DELETE FROM sbtest3 WHERE id=9755888
	Delete on sbtest3  (cost=0.43..8.45 rows=0 width=0)
	  ->  Index Scan using sbtest3_pkey on sbtest3  (cost=0.43..8.45 rows=1 width=6)
	        Index Cond: (id = 9755888)

table 4 : explain DELETE FROM sbtest4 WHERE id=3954119
	Delete on sbtest4  (cost=0.43..8.45 rows=0 width=0)
	  ->  Index Scan using sbtest4_pkey on sbtest4  (cost=0.43..8.45 rows=1 width=6)
	        Index Cond: (id = 3954119)

table 5 : explain DELETE FROM sbtest5 WHERE id=3717388
	Delete on sbtest5  (cost=0.43..8.45 rows=0 width=0)
	  ->  Index Scan using sbtest5_pkey on sbtest5  (cost=0.43..8.45 rows=1 width=6)
	        Index Cond: (id = 3717388)

table 6 : explain DELETE FROM sbtest6 WHERE id=6757530
	Delete on sbtest6  (cost=0.43..8.45 rows=0 width=0)
	  ->  Index Scan using sbtest6_pkey on sbtest6  (cost=0.43..8.45 rows=1 width=6)
	        Index Cond: (id = 6757530)

table 7 : explain DELETE FROM sbtest7 WHERE id=6848220
	Delete on sbtest7  (cost=0.43..8.45 rows=0 width=0)
	  ->  Index Scan using sbtest7_pkey on sbtest7  (cost=0.43..8.45 rows=1 width=6)
	        Index Cond: (id = 6848220)

table 8 : explain DELETE FROM sbtest8 WHERE id=4631105
	Delete on sbtest8  (cost=0.43..8.45 rows=0 width=0)
	  ->  Index Scan using sbtest8_pkey on sbtest8  (cost=0.43..8.45 rows=1 width=6)
	        Index Cond: (id = 4631105)

explain: for index_updates :: explain UPDATE sbtest%u SET k=k+1 WHERE id=%u
for inserts
table 1 : explain INSERT INTO sbtest1 (id, k, c, pad) VALUES (33036, 13, 'foobar', 'foobar')
	Insert on sbtest1  (cost=0.00..0.01 rows=0 width=0)
	  ->  Result  (cost=0.00..0.01 rows=1 width=736)

table 2 : explain INSERT INTO sbtest2 (id, k, c, pad) VALUES (8364591, 13, 'foobar', 'foobar')
	Insert on sbtest2  (cost=0.00..0.01 rows=0 width=0)
	  ->  Result  (cost=0.00..0.01 rows=1 width=736)

table 3 : explain INSERT INTO sbtest3 (id, k, c, pad) VALUES (5452109, 13, 'foobar', 'foobar')
	Insert on sbtest3  (cost=0.00..0.01 rows=0 width=0)
	  ->  Result  (cost=0.00..0.01 rows=1 width=736)

table 4 : explain INSERT INTO sbtest4 (id, k, c, pad) VALUES (8230017, 13, 'foobar', 'foobar')
	Insert on sbtest4  (cost=0.00..0.01 rows=0 width=0)
	  ->  Result  (cost=0.00..0.01 rows=1 width=736)

table 5 : explain INSERT INTO sbtest5 (id, k, c, pad) VALUES (1674884, 13, 'foobar', 'foobar')
	Insert on sbtest5  (cost=0.00..0.01 rows=0 width=0)
	  ->  Result  (cost=0.00..0.01 rows=1 width=736)

table 6 : explain INSERT INTO sbtest6 (id, k, c, pad) VALUES (8375007, 13, 'foobar', 'foobar')
	Insert on sbtest6  (cost=0.00..0.01 rows=0 width=0)
	  ->  Result  (cost=0.00..0.01 rows=1 width=736)

table 7 : explain INSERT INTO sbtest7 (id, k, c, pad) VALUES (2306389, 13, 'foobar', 'foobar')
	Insert on sbtest7  (cost=0.00..0.01 rows=0 width=0)
	  ->  Result  (cost=0.00..0.01 rows=1 width=736)

table 8 : explain INSERT INTO sbtest8 (id, k, c, pad) VALUES (7163010, 13, 'foobar', 'foobar')
	Insert on sbtest8  (cost=0.00..0.01 rows=0 width=0)
	  ->  Result  (cost=0.00..0.01 rows=1 width=736)

for inserts
table 1 : explain INSERT INTO sbtest1 (id, k, c, pad) VALUES (5556009, 13, 'foobar', 'foobar')
	Insert on sbtest1  (cost=0.00..0.01 rows=0 width=0)
	  ->  Result  (cost=0.00..0.01 rows=1 width=736)

table 2 : explain INSERT INTO sbtest2 (id, k, c, pad) VALUES (4528480, 13, 'foobar', 'foobar')
	Insert on sbtest2  (cost=0.00..0.01 rows=0 width=0)
	  ->  Result  (cost=0.00..0.01 rows=1 width=736)

table 3 : explain INSERT INTO sbtest3 (id, k, c, pad) VALUES (1049269, 13, 'foobar', 'foobar')
	Insert on sbtest3  (cost=0.00..0.01 rows=0 width=0)
	  ->  Result  (cost=0.00..0.01 rows=1 width=736)

table 4 : explain INSERT INTO sbtest4 (id, k, c, pad) VALUES (6997217, 13, 'foobar', 'foobar')
	Insert on sbtest4  (cost=0.00..0.01 rows=0 width=0)
	  ->  Result  (cost=0.00..0.01 rows=1 width=736)

table 5 : explain INSERT INTO sbtest5 (id, k, c, pad) VALUES (2830929, 13, 'foobar', 'foobar')
	Insert on sbtest5  (cost=0.00..0.01 rows=0 width=0)
	  ->  Result  (cost=0.00..0.01 rows=1 width=736)

table 6 : explain INSERT INTO sbtest6 (id, k, c, pad) VALUES (9743460, 13, 'foobar', 'foobar')
	Insert on sbtest6  (cost=0.00..0.01 rows=0 width=0)
	  ->  Result  (cost=0.00..0.01 rows=1 width=736)

table 7 : explain INSERT INTO sbtest7 (id, k, c, pad) VALUES (8113050, 13, 'foobar', 'foobar')
	Insert on sbtest7  (cost=0.00..0.01 rows=0 width=0)
	  ->  Result  (cost=0.00..0.01 rows=1 width=736)

table 8 : explain INSERT INTO sbtest8 (id, k, c, pad) VALUES (4587507, 13, 'foobar', 'foobar')
	Insert on sbtest8  (cost=0.00..0.01 rows=0 width=0)
	  ->  Result  (cost=0.00..0.01 rows=1 width=736)

for non_index_updates
table 1 : explain UPDATE sbtest1 SET c='foobar' WHERE id=5667767
	Update on sbtest1  (cost=0.43..8.45 rows=0 width=0)
	  ->  Index Scan using sbtest1_pkey on sbtest1  (cost=0.43..8.45 rows=1 width=490)
	        Index Cond: (id = 5667767)

table 2 : explain UPDATE sbtest2 SET c='foobar' WHERE id=2037248
	Update on sbtest2  (cost=0.43..8.45 rows=0 width=0)
	  ->  Index Scan using sbtest2_pkey on sbtest2  (cost=0.43..8.45 rows=1 width=490)
	        Index Cond: (id = 2037248)

table 3 : explain UPDATE sbtest3 SET c='foobar' WHERE id=1847619
	Update on sbtest3  (cost=0.43..8.45 rows=0 width=0)
	  ->  Index Scan using sbtest3_pkey on sbtest3  (cost=0.43..8.45 rows=1 width=490)
	        Index Cond: (id = 1847619)

table 4 : explain UPDATE sbtest4 SET c='foobar' WHERE id=4856186
	Update on sbtest4  (cost=0.43..8.45 rows=0 width=0)
	  ->  Index Scan using sbtest4_pkey on sbtest4  (cost=0.43..8.45 rows=1 width=490)
	        Index Cond: (id = 4856186)

table 5 : explain UPDATE sbtest5 SET c='foobar' WHERE id=2920535
	Update on sbtest5  (cost=0.43..8.45 rows=0 width=0)
	  ->  Index Scan using sbtest5_pkey on sbtest5  (cost=0.43..8.45 rows=1 width=490)
	        Index Cond: (id = 2920535)

table 6 : explain UPDATE sbtest6 SET c='foobar' WHERE id=8196830
	Update on sbtest6  (cost=0.43..8.45 rows=0 width=0)
	  ->  Index Scan using sbtest6_pkey on sbtest6  (cost=0.43..8.45 rows=1 width=490)
	        Index Cond: (id = 8196830)

table 7 : explain UPDATE sbtest7 SET c='foobar' WHERE id=4339057
	Update on sbtest7  (cost=0.43..8.45 rows=0 width=0)
	  ->  Index Scan using sbtest7_pkey on sbtest7  (cost=0.43..8.45 rows=1 width=490)
	        Index Cond: (id = 4339057)

table 8 : explain UPDATE sbtest8 SET c='foobar' WHERE id=4832926
	Update on sbtest8  (cost=0.43..8.45 rows=0 width=0)
	  ->  Index Scan using sbtest8_pkey on sbtest8  (cost=0.43..8.45 rows=1 width=490)
	        Index Cond: (id = 4832926)

explain: for inserts :: explain INSERT INTO sbtest%u (id, k, c, pad) VALUES (%u, 13, 'foobar', 'foobar')
explain: for deletes :: explain DELETE FROM sbtest%u WHERE id=%u
for index_updates
table 1 : explain UPDATE sbtest1 SET k=k+1 WHERE id=7286058
	Update on sbtest1  (cost=0.43..8.46 rows=0 width=0)
	  ->  Index Scan using sbtest1_pkey on sbtest1  (cost=0.43..8.46 rows=1 width=10)
	        Index Cond: (id = 7286058)

table 2 : explain UPDATE sbtest2 SET k=k+1 WHERE id=766816
	Update on sbtest2  (cost=0.43..8.46 rows=0 width=0)
	  ->  Index Scan using sbtest2_pkey on sbtest2  (cost=0.43..8.46 rows=1 width=10)
	        Index Cond: (id = 766816)

table 3 : explain UPDATE sbtest3 SET k=k+1 WHERE id=3743595
	Update on sbtest3  (cost=0.43..8.46 rows=0 width=0)
	  ->  Index Scan using sbtest3_pkey on sbtest3  (cost=0.43..8.46 rows=1 width=10)
	        Index Cond: (id = 3743595)

table 4 : explain UPDATE sbtest4 SET k=k+1 WHERE id=2848801
	Update on sbtest4  (cost=0.43..8.46 rows=0 width=0)
	  ->  Index Scan using sbtest4_pkey on sbtest4  (cost=0.43..8.46 rows=1 width=10)
	        Index Cond: (id = 2848801)

table 5 : explain UPDATE sbtest5 SET k=k+1 WHERE id=310786
	Update on sbtest5  (cost=0.43..8.46 rows=0 width=0)
	  ->  Index Scan using sbtest5_pkey on sbtest5  (cost=0.43..8.46 rows=1 width=10)
	        Index Cond: (id = 310786)

table 6 : explain UPDATE sbtest6 SET k=k+1 WHERE id=972353
	Update on sbtest6  (cost=0.43..8.46 rows=0 width=0)
	  ->  Index Scan using sbtest6_pkey on sbtest6  (cost=0.43..8.46 rows=1 width=10)
	        Index Cond: (id = 972353)

table 7 : explain UPDATE sbtest7 SET k=k+1 WHERE id=1176134
	Update on sbtest7  (cost=0.43..8.46 rows=0 width=0)
	  ->  Index Scan using sbtest7_pkey on sbtest7  (cost=0.43..8.46 rows=1 width=10)
	        Index Cond: (id = 1176134)

table 8 : explain UPDATE sbtest8 SET k=k+1 WHERE id=2283156
	Update on sbtest8  (cost=0.43..8.46 rows=0 width=0)
	  ->  Index Scan using sbtest8_pkey on sbtest8  (cost=0.43..8.46 rows=1 width=10)
	        Index Cond: (id = 2283156)

for inserts
table 1 : explain INSERT INTO sbtest1 (id, k, c, pad) VALUES (5310472, 13, 'foobar', 'foobar')
	Insert on sbtest1  (cost=0.00..0.01 rows=0 width=0)
	  ->  Result  (cost=0.00..0.01 rows=1 width=736)

table 2 : explain INSERT INTO sbtest2 (id, k, c, pad) VALUES (8540778, 13, 'foobar', 'foobar')
	Insert on sbtest2  (cost=0.00..0.01 rows=0 width=0)
	  ->  Result  (cost=0.00..0.01 rows=1 width=736)

table 3 : explain INSERT INTO sbtest3 (id, k, c, pad) VALUES (1167469, 13, 'foobar', 'foobar')
	Insert on sbtest3  (cost=0.00..0.01 rows=0 width=0)
	  ->  Result  (cost=0.00..0.01 rows=1 width=736)

table 4 : explain INSERT INTO sbtest4 (id, k, c, pad) VALUES (6278414, 13, 'foobar', 'foobar')
	Insert on sbtest4  (cost=0.00..0.01 rows=0 width=0)
	  ->  Result  (cost=0.00..0.01 rows=1 width=736)

table 5 : explain INSERT INTO sbtest5 (id, k, c, pad) VALUES (3068488, 13, 'foobar', 'foobar')
	Insert on sbtest5  (cost=0.00..0.01 rows=0 width=0)
	  ->  Result  (cost=0.00..0.01 rows=1 width=736)

table 6 : explain INSERT INTO sbtest6 (id, k, c, pad) VALUES (2745224, 13, 'foobar', 'foobar')
	Insert on sbtest6  (cost=0.00..0.01 rows=0 width=0)
	  ->  Result  (cost=0.00..0.01 rows=1 width=736)

table 7 : explain INSERT INTO sbtest7 (id, k, c, pad) VALUES (3357547, 13, 'foobar', 'foobar')
	Insert on sbtest7  (cost=0.00..0.01 rows=0 width=0)
	  ->  Result  (cost=0.00..0.01 rows=1 width=736)

table 8 : explain INSERT INTO sbtest8 (id, k, c, pad) VALUES (2137751, 13, 'foobar', 'foobar')
	Insert on sbtest8  (cost=0.00..0.01 rows=0 width=0)
	  ->  Result  (cost=0.00..0.01 rows=1 width=736)

explain: for non_index_updates :: explain UPDATE sbtest%u SET c='foobar' WHERE id=%u
for point_selects
table 1 : explain SELECT c FROM sbtest1 WHERE id=883181
	Index Scan using sbtest1_pkey on sbtest1  (cost=0.43..8.45 rows=1 width=121)
	  Index Cond: (id = 883181)

table 2 : explain SELECT c FROM sbtest2 WHERE id=768257
	Index Scan using sbtest2_pkey on sbtest2  (cost=0.43..8.45 rows=1 width=121)
	  Index Cond: (id = 768257)

table 3 : explain SELECT c FROM sbtest3 WHERE id=4953423
	Index Scan using sbtest3_pkey on sbtest3  (cost=0.43..8.45 rows=1 width=121)
	  Index Cond: (id = 4953423)

table 4 : explain SELECT c FROM sbtest4 WHERE id=1979544
	Index Scan using sbtest4_pkey on sbtest4  (cost=0.43..8.45 rows=1 width=121)
	  Index Cond: (id = 1979544)

table 5 : explain SELECT c FROM sbtest5 WHERE id=6728905
	Index Scan using sbtest5_pkey on sbtest5  (cost=0.43..8.45 rows=1 width=121)
	  Index Cond: (id = 6728905)

table 6 : explain SELECT c FROM sbtest6 WHERE id=9470489
	Index Scan using sbtest6_pkey on sbtest6  (cost=0.43..8.45 rows=1 width=121)
	  Index Cond: (id = 9470489)

table 7 : explain SELECT c FROM sbtest7 WHERE id=7384948
	Index Scan using sbtest7_pkey on sbtest7  (cost=0.43..8.45 rows=1 width=121)
	  Index Cond: (id = 7384948)

table 8 : explain SELECT c FROM sbtest8 WHERE id=8268990
	Index Scan using sbtest8_pkey on sbtest8  (cost=0.43..8.45 rows=1 width=121)
	  Index Cond: (id = 8268990)

for deletes
table 1 : explain DELETE FROM sbtest1 WHERE id=7923817
	Delete on sbtest1  (cost=0.43..8.45 rows=0 width=0)
	  ->  Index Scan using sbtest1_pkey on sbtest1  (cost=0.43..8.45 rows=1 width=6)
	        Index Cond: (id = 7923817)

table 2 : explain DELETE FROM sbtest2 WHERE id=2901997
	Delete on sbtest2  (cost=0.43..8.45 rows=0 width=0)
	  ->  Index Scan using sbtest2_pkey on sbtest2  (cost=0.43..8.45 rows=1 width=6)
	        Index Cond: (id = 2901997)

table 3 : explain DELETE FROM sbtest3 WHERE id=8529031
	Delete on sbtest3  (cost=0.43..8.45 rows=0 width=0)
	  ->  Index Scan using sbtest3_pkey on sbtest3  (cost=0.43..8.45 rows=1 width=6)
	        Index Cond: (id = 8529031)

table 4 : explain DELETE FROM sbtest4 WHERE id=4555213
	Delete on sbtest4  (cost=0.43..8.45 rows=0 width=0)
	  ->  Index Scan using sbtest4_pkey on sbtest4  (cost=0.43..8.45 rows=1 width=6)
	        Index Cond: (id = 4555213)

table 5 : explain DELETE FROM sbtest5 WHERE id=1189549
	Delete on sbtest5  (cost=0.43..8.45 rows=0 width=0)
	  ->  Index Scan using sbtest5_pkey on sbtest5  (cost=0.43..8.45 rows=1 width=6)
	        Index Cond: (id = 1189549)

table 6 : explain DELETE FROM sbtest6 WHERE id=7008436
	Delete on sbtest6  (cost=0.43..8.45 rows=0 width=0)
	  ->  Index Scan using sbtest6_pkey on sbtest6  (cost=0.43..8.45 rows=1 width=6)
	        Index Cond: (id = 7008436)

table 7 : explain DELETE FROM sbtest7 WHERE id=7750558
	Delete on sbtest7  (cost=0.43..8.45 rows=0 width=0)
	  ->  Index Scan using sbtest7_pkey on sbtest7  (cost=0.43..8.45 rows=1 width=6)
	        Index Cond: (id = 7750558)

table 8 : explain DELETE FROM sbtest8 WHERE id=1721808
	Delete on sbtest8  (cost=0.43..8.45 rows=0 width=0)
	  ->  Index Scan using sbtest8_pkey on sbtest8  (cost=0.43..8.45 rows=1 width=6)
	        Index Cond: (id = 1721808)

explain: for inserts :: explain INSERT INTO sbtest%u (id, k, c, pad) VALUES (%u, 13, 'foobar', 'foobar')
for non_index_updates
table 1 : explain UPDATE sbtest1 SET c='foobar' WHERE id=6981497
	Update on sbtest1  (cost=0.43..8.45 rows=0 width=0)
	  ->  Index Scan using sbtest1_pkey on sbtest1  (cost=0.43..8.45 rows=1 width=490)
	        Index Cond: (id = 6981497)

table 2 : explain UPDATE sbtest2 SET c='foobar' WHERE id=2520093
	Update on sbtest2  (cost=0.43..8.45 rows=0 width=0)
	  ->  Index Scan using sbtest2_pkey on sbtest2  (cost=0.43..8.45 rows=1 width=490)
	        Index Cond: (id = 2520093)

table 3 : explain UPDATE sbtest3 SET c='foobar' WHERE id=6013982
	Update on sbtest3  (cost=0.43..8.45 rows=0 width=0)
	  ->  Index Scan using sbtest3_pkey on sbtest3  (cost=0.43..8.45 rows=1 width=490)
	        Index Cond: (id = 6013982)

table 4 : explain UPDATE sbtest4 SET c='foobar' WHERE id=3871389
	Update on sbtest4  (cost=0.43..8.45 rows=0 width=0)
	  ->  Index Scan using sbtest4_pkey on sbtest4  (cost=0.43..8.45 rows=1 width=490)
	        Index Cond: (id = 3871389)

table 5 : explain UPDATE sbtest5 SET c='foobar' WHERE id=7469618
	Update on sbtest5  (cost=0.43..8.45 rows=0 width=0)
	  ->  Index Scan using sbtest5_pkey on sbtest5  (cost=0.43..8.45 rows=1 width=490)
	        Index Cond: (id = 7469618)

table 6 : explain UPDATE sbtest6 SET c='foobar' WHERE id=9601608
	Update on sbtest6  (cost=0.43..8.45 rows=0 width=0)
	  ->  Index Scan using sbtest6_pkey on sbtest6  (cost=0.43..8.45 rows=1 width=490)
	        Index Cond: (id = 9601608)

table 7 : explain UPDATE sbtest7 SET c='foobar' WHERE id=6235473
	Update on sbtest7  (cost=0.43..8.45 rows=0 width=0)
	  ->  Index Scan using sbtest7_pkey on sbtest7  (cost=0.43..8.45 rows=1 width=490)
	        Index Cond: (id = 6235473)

table 8 : explain UPDATE sbtest8 SET c='foobar' WHERE id=9054097
	Update on sbtest8  (cost=0.43..8.45 rows=0 width=0)
	  ->  Index Scan using sbtest8_pkey on sbtest8  (cost=0.43..8.45 rows=1 width=490)
	        Index Cond: (id = 9054097)

explain: for deletes :: explain DELETE FROM sbtest%u WHERE id=%u
for inserts
table 1 : explain INSERT INTO sbtest1 (id, k, c, pad) VALUES (348194, 13, 'foobar', 'foobar')
	Insert on sbtest1  (cost=0.00..0.01 rows=0 width=0)
	  ->  Result  (cost=0.00..0.01 rows=1 width=736)

table 2 : explain INSERT INTO sbtest2 (id, k, c, pad) VALUES (4264710, 13, 'foobar', 'foobar')
	Insert on sbtest2  (cost=0.00..0.01 rows=0 width=0)
	  ->  Result  (cost=0.00..0.01 rows=1 width=736)

table 3 : explain INSERT INTO sbtest3 (id, k, c, pad) VALUES (1731504, 13, 'foobar', 'foobar')
	Insert on sbtest3  (cost=0.00..0.01 rows=0 width=0)
	  ->  Result  (cost=0.00..0.01 rows=1 width=736)

table 4 : explain INSERT INTO sbtest4 (id, k, c, pad) VALUES (1428884, 13, 'foobar', 'foobar')
	Insert on sbtest4  (cost=0.00..0.01 rows=0 width=0)
	  ->  Result  (cost=0.00..0.01 rows=1 width=736)

table 5 : explain INSERT INTO sbtest5 (id, k, c, pad) VALUES (1063050, 13, 'foobar', 'foobar')
	Insert on sbtest5  (cost=0.00..0.01 rows=0 width=0)
	  ->  Result  (cost=0.00..0.01 rows=1 width=736)

table 6 : explain INSERT INTO sbtest6 (id, k, c, pad) VALUES (7493598, 13, 'foobar', 'foobar')
	Insert on sbtest6  (cost=0.00..0.01 rows=0 width=0)
	  ->  Result  (cost=0.00..0.01 rows=1 width=736)

table 7 : explain INSERT INTO sbtest7 (id, k, c, pad) VALUES (9900986, 13, 'foobar', 'foobar')
	Insert on sbtest7  (cost=0.00..0.01 rows=0 width=0)
	  ->  Result  (cost=0.00..0.01 rows=1 width=736)

table 8 : explain INSERT INTO sbtest8 (id, k, c, pad) VALUES (4127437, 13, 'foobar', 'foobar')
	Insert on sbtest8  (cost=0.00..0.01 rows=0 width=0)
	  ->  Result  (cost=0.00..0.01 rows=1 width=736)

for: simple_ranges
table 1 : explain SELECT c FROM sbtest1 WHERE id BETWEEN 8975831 AND 8975840
	Index Scan using sbtest1_pkey on sbtest1  (cost=0.43..40.75 rows=10 width=121)
	  Index Cond: ((id >= 8975831) AND (id <= 8975840))

table 2 : explain SELECT c FROM sbtest2 WHERE id BETWEEN 1504800 AND 1504809
	Index Scan using sbtest2_pkey on sbtest2  (cost=0.43..40.59 rows=10 width=121)
	  Index Cond: ((id >= 1504800) AND (id <= 1504809))

table 3 : explain SELECT c FROM sbtest3 WHERE id BETWEEN 1519922 AND 1519931
	Index Scan using sbtest3_pkey on sbtest3  (cost=0.43..40.39 rows=10 width=121)
	  Index Cond: ((id >= 1519922) AND (id <= 1519931))

table 4 : explain SELECT c FROM sbtest4 WHERE id BETWEEN 3595747 AND 3595756
	Index Scan using sbtest4_pkey on sbtest4  (cost=0.43..40.25 rows=10 width=121)
	  Index Cond: ((id >= 3595747) AND (id <= 3595756))

table 5 : explain SELECT c FROM sbtest5 WHERE id BETWEEN 5509169 AND 5509178
	Index Scan using sbtest5_pkey on sbtest5  (cost=0.43..40.38 rows=10 width=121)
	  Index Cond: ((id >= 5509169) AND (id <= 5509178))

table 6 : explain SELECT c FROM sbtest6 WHERE id BETWEEN 9795093 AND 9795102
	Index Scan using sbtest6_pkey on sbtest6  (cost=0.43..37.14 rows=9 width=121)
	  Index Cond: ((id >= 9795093) AND (id <= 9795102))

table 7 : explain SELECT c FROM sbtest7 WHERE id BETWEEN 8023097 AND 8023106
	Index Scan using sbtest7_pkey on sbtest7  (cost=0.43..40.03 rows=10 width=121)
	  Index Cond: ((id >= 8023097) AND (id <= 8023106))

table 8 : explain SELECT c FROM sbtest8 WHERE id BETWEEN 6372850 AND 6372859
	Index Scan using sbtest8_pkey on sbtest8  (cost=0.43..40.46 rows=10 width=121)
	  Index Cond: ((id >= 6372850) AND (id <= 6372859))

for deletes
table 1 : explain DELETE FROM sbtest1 WHERE id=5638473
	Delete on sbtest1  (cost=0.43..8.45 rows=0 width=0)
	  ->  Index Scan using sbtest1_pkey on sbtest1  (cost=0.43..8.45 rows=1 width=6)
	        Index Cond: (id = 5638473)

table 2 : explain DELETE FROM sbtest2 WHERE id=7570104
	Delete on sbtest2  (cost=0.43..8.45 rows=0 width=0)
	  ->  Index Scan using sbtest2_pkey on sbtest2  (cost=0.43..8.45 rows=1 width=6)
	        Index Cond: (id = 7570104)

table 3 : explain DELETE FROM sbtest3 WHERE id=620468
	Delete on sbtest3  (cost=0.43..8.45 rows=0 width=0)
	  ->  Index Scan using sbtest3_pkey on sbtest3  (cost=0.43..8.45 rows=1 width=6)
	        Index Cond: (id = 620468)

table 4 : explain DELETE FROM sbtest4 WHERE id=4362644
	Delete on sbtest4  (cost=0.43..8.45 rows=0 width=0)
	  ->  Index Scan using sbtest4_pkey on sbtest4  (cost=0.43..8.45 rows=1 width=6)
	        Index Cond: (id = 4362644)

table 5 : explain DELETE FROM sbtest5 WHERE id=2540824
	Delete on sbtest5  (cost=0.43..8.45 rows=0 width=0)
	  ->  Index Scan using sbtest5_pkey on sbtest5  (cost=0.43..8.45 rows=1 width=6)
	        Index Cond: (id = 2540824)

table 6 : explain DELETE FROM sbtest6 WHERE id=1830920
	Delete on sbtest6  (cost=0.43..8.45 rows=0 width=0)
	  ->  Index Scan using sbtest6_pkey on sbtest6  (cost=0.43..8.45 rows=1 width=6)
	        Index Cond: (id = 1830920)

table 7 : explain DELETE FROM sbtest7 WHERE id=6043484
	Delete on sbtest7  (cost=0.43..8.45 rows=0 width=0)
	  ->  Index Scan using sbtest7_pkey on sbtest7  (cost=0.43..8.45 rows=1 width=6)
	        Index Cond: (id = 6043484)

table 8 : explain DELETE FROM sbtest8 WHERE id=9092993
	Delete on sbtest8  (cost=0.43..8.45 rows=0 width=0)
	  ->  Index Scan using sbtest8_pkey on sbtest8  (cost=0.43..8.45 rows=1 width=6)
	        Index Cond: (id = 9092993)

explain: for inserts :: explain INSERT INTO sbtest%u (id, k, c, pad) VALUES (%u, 13, 'foobar', 'foobar')
for deletes
table 1 : explain DELETE FROM sbtest1 WHERE id=5799823
	Delete on sbtest1  (cost=0.43..8.45 rows=0 width=0)
	  ->  Index Scan using sbtest1_pkey on sbtest1  (cost=0.43..8.45 rows=1 width=6)
	        Index Cond: (id = 5799823)

table 2 : explain DELETE FROM sbtest2 WHERE id=6926046
	Delete on sbtest2  (cost=0.43..8.45 rows=0 width=0)
	  ->  Index Scan using sbtest2_pkey on sbtest2  (cost=0.43..8.45 rows=1 width=6)
	        Index Cond: (id = 6926046)

table 3 : explain DELETE FROM sbtest3 WHERE id=5456223
	Delete on sbtest3  (cost=0.43..8.45 rows=0 width=0)
	  ->  Index Scan using sbtest3_pkey on sbtest3  (cost=0.43..8.45 rows=1 width=6)
	        Index Cond: (id = 5456223)

table 4 : explain DELETE FROM sbtest4 WHERE id=8001744
	Delete on sbtest4  (cost=0.43..8.45 rows=0 width=0)
	  ->  Index Scan using sbtest4_pkey on sbtest4  (cost=0.43..8.45 rows=1 width=6)
	        Index Cond: (id = 8001744)

table 5 : explain DELETE FROM sbtest5 WHERE id=3453449
	Delete on sbtest5  (cost=0.43..8.45 rows=0 width=0)
	  ->  Index Scan using sbtest5_pkey on sbtest5  (cost=0.43..8.45 rows=1 width=6)
	        Index Cond: (id = 3453449)

table 6 : explain DELETE FROM sbtest6 WHERE id=6306691
	Delete on sbtest6  (cost=0.43..8.45 rows=0 width=0)
	  ->  Index Scan using sbtest6_pkey on sbtest6  (cost=0.43..8.45 rows=1 width=6)
	        Index Cond: (id = 6306691)

table 7 : explain DELETE FROM sbtest7 WHERE id=3228440
	Delete on sbtest7  (cost=0.43..8.45 rows=0 width=0)
	  ->  Index Scan using sbtest7_pkey on sbtest7  (cost=0.43..8.45 rows=1 width=6)
	        Index Cond: (id = 3228440)

table 8 : explain DELETE FROM sbtest8 WHERE id=6462712
	Delete on sbtest8  (cost=0.43..8.45 rows=0 width=0)
	  ->  Index Scan using sbtest8_pkey on sbtest8  (cost=0.43..8.45 rows=1 width=6)
	        Index Cond: (id = 6462712)

explain: for inserts :: explain INSERT INTO sbtest%u (id, k, c, pad) VALUES (%u, 13, 'foobar', 'foobar')
for inserts
table 1 : explain INSERT INTO sbtest1 (id, k, c, pad) VALUES (1488696, 13, 'foobar', 'foobar')
	Insert on sbtest1  (cost=0.00..0.01 rows=0 width=0)
	  ->  Result  (cost=0.00..0.01 rows=1 width=736)

table 2 : explain INSERT INTO sbtest2 (id, k, c, pad) VALUES (1932227, 13, 'foobar', 'foobar')
	Insert on sbtest2  (cost=0.00..0.01 rows=0 width=0)
	  ->  Result  (cost=0.00..0.01 rows=1 width=736)

table 3 : explain INSERT INTO sbtest3 (id, k, c, pad) VALUES (3213755, 13, 'foobar', 'foobar')
	Insert on sbtest3  (cost=0.00..0.01 rows=0 width=0)
	  ->  Result  (cost=0.00..0.01 rows=1 width=736)

table 4 : explain INSERT INTO sbtest4 (id, k, c, pad) VALUES (7767802, 13, 'foobar', 'foobar')
	Insert on sbtest4  (cost=0.00..0.01 rows=0 width=0)
	  ->  Result  (cost=0.00..0.01 rows=1 width=736)

table 5 : explain INSERT INTO sbtest5 (id, k, c, pad) VALUES (9760511, 13, 'foobar', 'foobar')
	Insert on sbtest5  (cost=0.00..0.01 rows=0 width=0)
	  ->  Result  (cost=0.00..0.01 rows=1 width=736)

table 6 : explain INSERT INTO sbtest6 (id, k, c, pad) VALUES (2992779, 13, 'foobar', 'foobar')
	Insert on sbtest6  (cost=0.00..0.01 rows=0 width=0)
	  ->  Result  (cost=0.00..0.01 rows=1 width=736)

table 7 : explain INSERT INTO sbtest7 (id, k, c, pad) VALUES (9929949, 13, 'foobar', 'foobar')
	Insert on sbtest7  (cost=0.00..0.01 rows=0 width=0)
	  ->  Result  (cost=0.00..0.01 rows=1 width=736)

table 8 : explain INSERT INTO sbtest8 (id, k, c, pad) VALUES (1500574, 13, 'foobar', 'foobar')
	Insert on sbtest8  (cost=0.00..0.01 rows=0 width=0)
	  ->  Result  (cost=0.00..0.01 rows=1 width=736)
for: sum_ranges
table 1 : explain SELECT SUM(k) FROM sbtest1 WHERE id BETWEEN 907594 AND 907603
	Aggregate  (cost=40.77..40.78 rows=1 width=8)
	  ->  Index Scan using sbtest1_pkey on sbtest1  (cost=0.43..40.75 rows=10 width=4)
	        Index Cond: ((id >= 907594) AND (id <= 907603))

table 2 : explain SELECT SUM(k) FROM sbtest2 WHERE id BETWEEN 8990479 AND 8990488
	Aggregate  (cost=44.19..44.20 rows=1 width=8)
	  ->  Index Scan using sbtest2_pkey on sbtest2  (cost=0.43..44.16 rows=11 width=4)
	        Index Cond: ((id >= 8990479) AND (id <= 8990488))

table 3 : explain SELECT SUM(k) FROM sbtest3 WHERE id BETWEEN 422854 AND 422863
	Aggregate  (cost=40.42..40.43 rows=1 width=8)
	  ->  Index Scan using sbtest3_pkey on sbtest3  (cost=0.43..40.39 rows=10 width=4)
	        Index Cond: ((id >= 422854) AND (id <= 422863))

table 4 : explain SELECT SUM(k) FROM sbtest4 WHERE id BETWEEN 4412137 AND 4412146
	Aggregate  (cost=36.74..36.75 rows=1 width=8)
	  ->  Index Scan using sbtest4_pkey on sbtest4  (cost=0.43..36.72 rows=9 width=4)
	        Index Cond: ((id >= 4412137) AND (id <= 4412146))

table 5 : explain SELECT SUM(k) FROM sbtest5 WHERE id BETWEEN 2846690 AND 2846699
	Aggregate  (cost=43.95..43.96 rows=1 width=8)
	  ->  Index Scan using sbtest5_pkey on sbtest5  (cost=0.43..43.93 rows=11 width=4)
	        Index Cond: ((id >= 2846690) AND (id <= 2846699))

table 6 : explain SELECT SUM(k) FROM sbtest6 WHERE id BETWEEN 8644455 AND 8644464
	Aggregate  (cost=40.75..40.76 rows=1 width=8)
	  ->  Index Scan using sbtest6_pkey on sbtest6  (cost=0.43..40.73 rows=10 width=4)
	        Index Cond: ((id >= 8644455) AND (id <= 8644464))

table 7 : explain SELECT SUM(k) FROM sbtest7 WHERE id BETWEEN 9076356 AND 9076365
	Aggregate  (cost=40.06..40.07 rows=1 width=8)
	  ->  Index Scan using sbtest7_pkey on sbtest7  (cost=0.43..40.03 rows=10 width=4)
	        Index Cond: ((id >= 9076356) AND (id <= 9076365))

table 8 : explain SELECT SUM(k) FROM sbtest8 WHERE id BETWEEN 5342747 AND 5342756
	Aggregate  (cost=40.49..40.50 rows=1 width=8)
	  ->  Index Scan using sbtest8_pkey on sbtest8  (cost=0.43..40.46 rows=10 width=4)
	        Index Cond: ((id >= 5342747) AND (id <= 5342756))


for inserts
table 1 : explain INSERT INTO sbtest1 (id, k, c, pad) VALUES (1234781, 13, 'foobar', 'foobar')
	Insert on sbtest1  (cost=0.00..0.01 rows=0 width=0)
	  ->  Result  (cost=0.00..0.01 rows=1 width=736)

table 2 : explain INSERT INTO sbtest2 (id, k, c, pad) VALUES (8366522, 13, 'foobar', 'foobar')
	Insert on sbtest2  (cost=0.00..0.01 rows=0 width=0)
	  ->  Result  (cost=0.00..0.01 rows=1 width=736)

table 3 : explain INSERT INTO sbtest3 (id, k, c, pad) VALUES (7216276, 13, 'foobar', 'foobar')
	Insert on sbtest3  (cost=0.00..0.01 rows=0 width=0)
	  ->  Result  (cost=0.00..0.01 rows=1 width=736)

table 4 : explain INSERT INTO sbtest4 (id, k, c, pad) VALUES (3788162, 13, 'foobar', 'foobar')
	Insert on sbtest4  (cost=0.00..0.01 rows=0 width=0)
	  ->  Result  (cost=0.00..0.01 rows=1 width=736)

table 5 : explain INSERT INTO sbtest5 (id, k, c, pad) VALUES (7507639, 13, 'foobar', 'foobar')
	Insert on sbtest5  (cost=0.00..0.01 rows=0 width=0)
	  ->  Result  (cost=0.00..0.01 rows=1 width=736)

table 6 : explain INSERT INTO sbtest6 (id, k, c, pad) VALUES (2433333, 13, 'foobar', 'foobar')
	Insert on sbtest6  (cost=0.00..0.01 rows=0 width=0)
	  ->  Result  (cost=0.00..0.01 rows=1 width=736)

table 7 : explain INSERT INTO sbtest7 (id, k, c, pad) VALUES (3474475, 13, 'foobar', 'foobar')
	Insert on sbtest7  (cost=0.00..0.01 rows=0 width=0)
	  ->  Result  (cost=0.00..0.01 rows=1 width=736)

table 8 : explain INSERT INTO sbtest8 (id, k, c, pad) VALUES (1105927, 13, 'foobar', 'foobar')
	Insert on sbtest8  (cost=0.00..0.01 rows=0 width=0)
	  ->  Result  (cost=0.00..0.01 rows=1 width=736)

explain: for inserts :: explain INSERT INTO sbtest%u (id, k, c, pad) VALUES (%u, 13, 'foobar', 'foobar')
for inserts
table 1 : explain INSERT INTO sbtest1 (id, k, c, pad) VALUES (4328125, 13, 'foobar', 'foobar')
	Insert on sbtest1  (cost=0.00..0.01 rows=0 width=0)
	  ->  Result  (cost=0.00..0.01 rows=1 width=736)

table 2 : explain INSERT INTO sbtest2 (id, k, c, pad) VALUES (8849365, 13, 'foobar', 'foobar')
	Insert on sbtest2  (cost=0.00..0.01 rows=0 width=0)
	  ->  Result  (cost=0.00..0.01 rows=1 width=736)

table 3 : explain INSERT INTO sbtest3 (id, k, c, pad) VALUES (4987088, 13, 'foobar', 'foobar')
	Insert on sbtest3  (cost=0.00..0.01 rows=0 width=0)
	  ->  Result  (cost=0.00..0.01 rows=1 width=736)

table 4 : explain INSERT INTO sbtest4 (id, k, c, pad) VALUES (5599968, 13, 'foobar', 'foobar')
	Insert on sbtest4  (cost=0.00..0.01 rows=0 width=0)
	  ->  Result  (cost=0.00..0.01 rows=1 width=736)

table 5 : explain INSERT INTO sbtest5 (id, k, c, pad) VALUES (12958, 13, 'foobar', 'foobar')
	Insert on sbtest5  (cost=0.00..0.01 rows=0 width=0)
	  ->  Result  (cost=0.00..0.01 rows=1 width=736)

table 6 : explain INSERT INTO sbtest6 (id, k, c, pad) VALUES (4978461, 13, 'foobar', 'foobar')
	Insert on sbtest6  (cost=0.00..0.01 rows=0 width=0)
	  ->  Result  (cost=0.00..0.01 rows=1 width=736)

table 7 : explain INSERT INTO sbtest7 (id, k, c, pad) VALUES (3769188, 13, 'foobar', 'foobar')
	Insert on sbtest7  (cost=0.00..0.01 rows=0 width=0)
	  ->  Result  (cost=0.00..0.01 rows=1 width=736)

table 8 : explain INSERT INTO sbtest8 (id, k, c, pad) VALUES (6311383, 13, 'foobar', 'foobar')
	Insert on sbtest8  (cost=0.00..0.01 rows=0 width=0)
	  ->  Result  (cost=0.00..0.01 rows=1 width=736)

for: order_ranges
table 1 : explain SELECT c FROM sbtest1 WHERE id BETWEEN 4513690 AND 4513699 ORDER BY c
	Sort  (cost=40.91..40.94 rows=10 width=121)
	  Sort Key: c
	  ->  Index Scan using sbtest1_pkey on sbtest1  (cost=0.43..40.75 rows=10 width=121)
	        Index Cond: ((id >= 4513690) AND (id <= 4513699))

table 2 : explain SELECT c FROM sbtest2 WHERE id BETWEEN 3950503 AND 3950512 ORDER BY c
	Sort  (cost=40.75..40.78 rows=10 width=121)
	  Sort Key: c
	  ->  Index Scan using sbtest2_pkey on sbtest2  (cost=0.43..40.59 rows=10 width=121)
	        Index Cond: ((id >= 3950503) AND (id <= 3950512))

table 3 : explain SELECT c FROM sbtest3 WHERE id BETWEEN 9732956 AND 9732965 ORDER BY c
	Sort  (cost=40.56..40.58 rows=10 width=121)
	  Sort Key: c
	  ->  Index Scan using sbtest3_pkey on sbtest3  (cost=0.43..40.39 rows=10 width=121)
	        Index Cond: ((id >= 9732956) AND (id <= 9732965))

table 4 : explain SELECT c FROM sbtest4 WHERE id BETWEEN 1904038 AND 1904047 ORDER BY c
	Sort  (cost=36.86..36.88 rows=9 width=121)
	  Sort Key: c
	  ->  Index Scan using sbtest4_pkey on sbtest4  (cost=0.43..36.72 rows=9 width=121)
	        Index Cond: ((id >= 1904038) AND (id <= 1904047))

table 5 : explain SELECT c FROM sbtest5 WHERE id BETWEEN 5021898 AND 5021907 ORDER BY c
	Sort  (cost=40.55..40.57 rows=10 width=121)
	  Sort Key: c
	  ->  Index Scan using sbtest5_pkey on sbtest5  (cost=0.43..40.38 rows=10 width=121)
	        Index Cond: ((id >= 5021898) AND (id <= 5021907))

table 6 : explain SELECT c FROM sbtest6 WHERE id BETWEEN 1125783 AND 1125792 ORDER BY c
	Sort  (cost=44.50..44.53 rows=11 width=121)
	  Sort Key: c
	  ->  Index Scan using sbtest6_pkey on sbtest6  (cost=0.43..44.31 rows=11 width=121)
	        Index Cond: ((id >= 1125783) AND (id <= 1125792))

table 7 : explain SELECT c FROM sbtest7 WHERE id BETWEEN 6724428 AND 6724437 ORDER BY c
	Sort  (cost=40.20..40.22 rows=10 width=121)
	  Sort Key: c
	  ->  Index Scan using sbtest7_pkey on sbtest7  (cost=0.43..40.03 rows=10 width=121)
	        Index Cond: ((id >= 6724428) AND (id <= 6724437))

table 8 : explain SELECT c FROM sbtest8 WHERE id BETWEEN 5154292 AND 5154301 ORDER BY c
	Sort  (cost=44.21..44.24 rows=11 width=121)
	  Sort Key: c
	  ->  Index Scan using sbtest8_pkey on sbtest8  (cost=0.43..44.02 rows=11 width=121)
	        Index Cond: ((id >= 5154292) AND (id <= 5154301))

for: distinct_ranges
table 1 : explain SELECT DISTINCT c FROM sbtest1 WHERE id BETWEEN 3393904 AND 3393913 ORDER BY c
	Unique  (cost=40.91..40.96 rows=10 width=121)
	  ->  Sort  (cost=40.91..40.94 rows=10 width=121)
	        Sort Key: c
	        ->  Index Scan using sbtest1_pkey on sbtest1  (cost=0.43..40.75 rows=10 width=121)
	              Index Cond: ((id >= 3393904) AND (id <= 3393913))

table 2 : explain SELECT DISTINCT c FROM sbtest2 WHERE id BETWEEN 3814391 AND 3814400 ORDER BY c
	Unique  (cost=37.16..37.21 rows=9 width=121)
	  ->  Sort  (cost=37.16..37.18 rows=9 width=121)
	        Sort Key: c
	        ->  Index Scan using sbtest2_pkey on sbtest2  (cost=0.43..37.02 rows=9 width=121)
	              Index Cond: ((id >= 3814391) AND (id <= 3814400))

table 3 : explain SELECT DISTINCT c FROM sbtest3 WHERE id BETWEEN 439949 AND 439958 ORDER BY c
	Unique  (cost=40.56..40.61 rows=10 width=121)
	  ->  Sort  (cost=40.56..40.58 rows=10 width=121)
	        Sort Key: c
	        ->  Index Scan using sbtest3_pkey on sbtest3  (cost=0.43..40.39 rows=10 width=121)
	              Index Cond: ((id >= 439949) AND (id <= 439958))

table 4 : explain SELECT DISTINCT c FROM sbtest4 WHERE id BETWEEN 8276254 AND 8276263 ORDER BY c
	Unique  (cost=40.42..40.47 rows=10 width=121)
	  ->  Sort  (cost=40.42..40.44 rows=10 width=121)
	        Sort Key: c
	        ->  Index Scan using sbtest4_pkey on sbtest4  (cost=0.43..40.25 rows=10 width=121)
	              Index Cond: ((id >= 8276254) AND (id <= 8276263))

table 5 : explain SELECT DISTINCT c FROM sbtest5 WHERE id BETWEEN 7254234 AND 7254243 ORDER BY c
	Unique  (cost=44.12..44.17 rows=11 width=121)
	  ->  Sort  (cost=44.12..44.14 rows=11 width=121)
	        Sort Key: c
	        ->  Index Scan using sbtest5_pkey on sbtest5  (cost=0.43..43.93 rows=11 width=121)
	              Index Cond: ((id >= 7254234) AND (id <= 7254243))

table 6 : explain SELECT DISTINCT c FROM sbtest6 WHERE id BETWEEN 9367999 AND 9368008 ORDER BY c
	Unique  (cost=40.89..40.94 rows=10 width=121)
	  ->  Sort  (cost=40.89..40.92 rows=10 width=121)
	        Sort Key: c
	        ->  Index Scan using sbtest6_pkey on sbtest6  (cost=0.43..40.73 rows=10 width=121)
	              Index Cond: ((id >= 9367999) AND (id <= 9368008))

table 7 : explain SELECT DISTINCT c FROM sbtest7 WHERE id BETWEEN 4183722 AND 4183731 ORDER BY c
	Unique  (cost=40.20..40.25 rows=10 width=121)
	  ->  Sort  (cost=40.20..40.22 rows=10 width=121)
	        Sort Key: c
	        ->  Index Scan using sbtest7_pkey on sbtest7  (cost=0.43..40.03 rows=10 width=121)
	              Index Cond: ((id >= 4183722) AND (id <= 4183731))

table 8 : explain SELECT DISTINCT c FROM sbtest8 WHERE id BETWEEN 7572619 AND 7572628 ORDER BY c
	Unique  (cost=44.21..44.26 rows=11 width=121)
	  ->  Sort  (cost=44.21..44.24 rows=11 width=121)
	        Sort Key: c
	        ->  Index Scan using sbtest8_pkey on sbtest8  (cost=0.43..44.02 rows=11 width=121)
	              Index Cond: ((id >= 7572619) AND (id <= 7572628))

explain: for index_updates :: explain UPDATE sbtest%u SET k=k+1 WHERE id=%u
for deletes
table 1 : explain DELETE FROM sbtest1 WHERE id=9421218
	Delete on sbtest1  (cost=0.43..8.45 rows=0 width=0)
	  ->  Index Scan using sbtest1_pkey on sbtest1  (cost=0.43..8.45 rows=1 width=6)
	        Index Cond: (id = 9421218)

table 2 : explain DELETE FROM sbtest2 WHERE id=7337086
	Delete on sbtest2  (cost=0.43..8.45 rows=0 width=0)
	  ->  Index Scan using sbtest2_pkey on sbtest2  (cost=0.43..8.45 rows=1 width=6)
	        Index Cond: (id = 7337086)

table 3 : explain DELETE FROM sbtest3 WHERE id=4253596
	Delete on sbtest3  (cost=0.43..8.45 rows=0 width=0)
	  ->  Index Scan using sbtest3_pkey on sbtest3  (cost=0.43..8.45 rows=1 width=6)
	        Index Cond: (id = 4253596)

table 4 : explain DELETE FROM sbtest4 WHERE id=1231452
	Delete on sbtest4  (cost=0.43..8.45 rows=0 width=0)
	  ->  Index Scan using sbtest4_pkey on sbtest4  (cost=0.43..8.45 rows=1 width=6)
	        Index Cond: (id = 1231452)

table 5 : explain DELETE FROM sbtest5 WHERE id=3660064
	Delete on sbtest5  (cost=0.43..8.45 rows=0 width=0)
	  ->  Index Scan using sbtest5_pkey on sbtest5  (cost=0.43..8.45 rows=1 width=6)
	        Index Cond: (id = 3660064)

table 6 : explain DELETE FROM sbtest6 WHERE id=4163833
	Delete on sbtest6  (cost=0.43..8.45 rows=0 width=0)
	  ->  Index Scan using sbtest6_pkey on sbtest6  (cost=0.43..8.45 rows=1 width=6)
	        Index Cond: (id = 4163833)

table 7 : explain DELETE FROM sbtest7 WHERE id=713904
	Delete on sbtest7  (cost=0.43..8.45 rows=0 width=0)
	  ->  Index Scan using sbtest7_pkey on sbtest7  (cost=0.43..8.45 rows=1 width=6)
	        Index Cond: (id = 713904)

table 8 : explain DELETE FROM sbtest8 WHERE id=6361989
	Delete on sbtest8  (cost=0.43..8.45 rows=0 width=0)
	  ->  Index Scan using sbtest8_pkey on sbtest8  (cost=0.43..8.45 rows=1 width=6)
	        Index Cond: (id = 6361989)

for index_updates
table 1 : explain UPDATE sbtest1 SET k=k+1 WHERE id=8826760
	Update on sbtest1  (cost=0.43..8.46 rows=0 width=0)
	  ->  Index Scan using sbtest1_pkey on sbtest1  (cost=0.43..8.46 rows=1 width=10)
	        Index Cond: (id = 8826760)

table 2 : explain UPDATE sbtest2 SET k=k+1 WHERE id=3213437
	Update on sbtest2  (cost=0.43..8.46 rows=0 width=0)
	  ->  Index Scan using sbtest2_pkey on sbtest2  (cost=0.43..8.46 rows=1 width=10)
	        Index Cond: (id = 3213437)

table 3 : explain UPDATE sbtest3 SET k=k+1 WHERE id=6104574
	Update on sbtest3  (cost=0.43..8.46 rows=0 width=0)
	  ->  Index Scan using sbtest3_pkey on sbtest3  (cost=0.43..8.46 rows=1 width=10)
	        Index Cond: (id = 6104574)

table 4 : explain UPDATE sbtest4 SET k=k+1 WHERE id=4293374
	Update on sbtest4  (cost=0.43..8.46 rows=0 width=0)
	  ->  Index Scan using sbtest4_pkey on sbtest4  (cost=0.43..8.46 rows=1 width=10)
	        Index Cond: (id = 4293374)

table 5 : explain UPDATE sbtest5 SET k=k+1 WHERE id=8010538
	Update on sbtest5  (cost=0.43..8.46 rows=0 width=0)
	  ->  Index Scan using sbtest5_pkey on sbtest5  (cost=0.43..8.46 rows=1 width=10)
	        Index Cond: (id = 8010538)

table 6 : explain UPDATE sbtest6 SET k=k+1 WHERE id=8714464
	Update on sbtest6  (cost=0.43..8.46 rows=0 width=0)
	  ->  Index Scan using sbtest6_pkey on sbtest6  (cost=0.43..8.46 rows=1 width=10)
	        Index Cond: (id = 8714464)

table 7 : explain UPDATE sbtest7 SET k=k+1 WHERE id=7552934
	Update on sbtest7  (cost=0.43..8.46 rows=0 width=0)
	  ->  Index Scan using sbtest7_pkey on sbtest7  (cost=0.43..8.46 rows=1 width=10)
	        Index Cond: (id = 7552934)

table 8 : explain UPDATE sbtest8 SET k=k+1 WHERE id=6918193
	Update on sbtest8  (cost=0.43..8.46 rows=0 width=0)
	  ->  Index Scan using sbtest8_pkey on sbtest8  (cost=0.43..8.46 rows=1 width=10)
	        Index Cond: (id = 6918193)

explain: for inserts :: explain INSERT INTO sbtest%u (id, k, c, pad) VALUES (%u, 13, 'foobar', 'foobar')
explain: for non_index_updates :: explain UPDATE sbtest%u SET c='foobar' WHERE id=%u
for inserts
table 1 : explain INSERT INTO sbtest1 (id, k, c, pad) VALUES (481713, 13, 'foobar', 'foobar')
	Insert on sbtest1  (cost=0.00..0.01 rows=0 width=0)
	  ->  Result  (cost=0.00..0.01 rows=1 width=736)

table 2 : explain INSERT INTO sbtest2 (id, k, c, pad) VALUES (9882066, 13, 'foobar', 'foobar')
	Insert on sbtest2  (cost=0.00..0.01 rows=0 width=0)
	  ->  Result  (cost=0.00..0.01 rows=1 width=736)

table 3 : explain INSERT INTO sbtest3 (id, k, c, pad) VALUES (9878340, 13, 'foobar', 'foobar')
	Insert on sbtest3  (cost=0.00..0.01 rows=0 width=0)
	  ->  Result  (cost=0.00..0.01 rows=1 width=736)

table 4 : explain INSERT INTO sbtest4 (id, k, c, pad) VALUES (4623452, 13, 'foobar', 'foobar')
	Insert on sbtest4  (cost=0.00..0.01 rows=0 width=0)
	  ->  Result  (cost=0.00..0.01 rows=1 width=736)

table 5 : explain INSERT INTO sbtest5 (id, k, c, pad) VALUES (2452048, 13, 'foobar', 'foobar')
	Insert on sbtest5  (cost=0.00..0.01 rows=0 width=0)
	  ->  Result  (cost=0.00..0.01 rows=1 width=736)

table 6 : explain INSERT INTO sbtest6 (id, k, c, pad) VALUES (1761997, 13, 'foobar', 'foobar')
	Insert on sbtest6  (cost=0.00..0.01 rows=0 width=0)
	  ->  Result  (cost=0.00..0.01 rows=1 width=736)

table 7 : explain INSERT INTO sbtest7 (id, k, c, pad) VALUES (6987012, 13, 'foobar', 'foobar')
	Insert on sbtest7  (cost=0.00..0.01 rows=0 width=0)
	  ->  Result  (cost=0.00..0.01 rows=1 width=736)

table 8 : explain INSERT INTO sbtest8 (id, k, c, pad) VALUES (4234802, 13, 'foobar', 'foobar')
	Insert on sbtest8  (cost=0.00..0.01 rows=0 width=0)
	  ->  Result  (cost=0.00..0.01 rows=1 width=736)

for non_index_updates
table 1 : explain UPDATE sbtest1 SET c='foobar' WHERE id=7555268
	Update on sbtest1  (cost=0.43..8.45 rows=0 width=0)
	  ->  Index Scan using sbtest1_pkey on sbtest1  (cost=0.43..8.45 rows=1 width=490)
	        Index Cond: (id = 7555268)

table 2 : explain UPDATE sbtest2 SET c='foobar' WHERE id=535793
	Update on sbtest2  (cost=0.43..8.45 rows=0 width=0)
	  ->  Index Scan using sbtest2_pkey on sbtest2  (cost=0.43..8.45 rows=1 width=490)
	        Index Cond: (id = 535793)

table 3 : explain UPDATE sbtest3 SET c='foobar' WHERE id=7364182
	Update on sbtest3  (cost=0.43..8.45 rows=0 width=0)
	  ->  Index Scan using sbtest3_pkey on sbtest3  (cost=0.43..8.45 rows=1 width=490)
	        Index Cond: (id = 7364182)

table 4 : explain UPDATE sbtest4 SET c='foobar' WHERE id=3118452
	Update on sbtest4  (cost=0.43..8.45 rows=0 width=0)
	  ->  Index Scan using sbtest4_pkey on sbtest4  (cost=0.43..8.45 rows=1 width=490)
	        Index Cond: (id = 3118452)

table 5 : explain UPDATE sbtest5 SET c='foobar' WHERE id=7248842
	Update on sbtest5  (cost=0.43..8.45 rows=0 width=0)
	  ->  Index Scan using sbtest5_pkey on sbtest5  (cost=0.43..8.45 rows=1 width=490)
	        Index Cond: (id = 7248842)

table 6 : explain UPDATE sbtest6 SET c='foobar' WHERE id=1082825
	Update on sbtest6  (cost=0.43..8.45 rows=0 width=0)
	  ->  Index Scan using sbtest6_pkey on sbtest6  (cost=0.43..8.45 rows=1 width=490)
	        Index Cond: (id = 1082825)

table 7 : explain UPDATE sbtest7 SET c='foobar' WHERE id=3281994
	Update on sbtest7  (cost=0.43..8.45 rows=0 width=0)
	  ->  Index Scan using sbtest7_pkey on sbtest7  (cost=0.43..8.45 rows=1 width=490)
	        Index Cond: (id = 3281994)

table 8 : explain UPDATE sbtest8 SET c='foobar' WHERE id=8155536
	Update on sbtest8  (cost=0.43..8.45 rows=0 width=0)
	  ->  Index Scan using sbtest8_pkey on sbtest8  (cost=0.43..8.45 rows=1 width=490)
	        Index Cond: (id = 8155536)

explain: for deletes :: explain DELETE FROM sbtest%u WHERE id=%u
for deletes
table 1 : explain DELETE FROM sbtest1 WHERE id=1697586
	Delete on sbtest1  (cost=0.43..8.45 rows=0 width=0)
	  ->  Index Scan using sbtest1_pkey on sbtest1  (cost=0.43..8.45 rows=1 width=6)
	        Index Cond: (id = 1697586)

table 2 : explain DELETE FROM sbtest2 WHERE id=1112331
	Delete on sbtest2  (cost=0.43..8.45 rows=0 width=0)
	  ->  Index Scan using sbtest2_pkey on sbtest2  (cost=0.43..8.45 rows=1 width=6)
	        Index Cond: (id = 1112331)

table 3 : explain DELETE FROM sbtest3 WHERE id=1249191
	Delete on sbtest3  (cost=0.43..8.45 rows=0 width=0)
	  ->  Index Scan using sbtest3_pkey on sbtest3  (cost=0.43..8.45 rows=1 width=6)
	        Index Cond: (id = 1249191)

table 4 : explain DELETE FROM sbtest4 WHERE id=5539902
	Delete on sbtest4  (cost=0.43..8.45 rows=0 width=0)
	  ->  Index Scan using sbtest4_pkey on sbtest4  (cost=0.43..8.45 rows=1 width=6)
	        Index Cond: (id = 5539902)

table 5 : explain DELETE FROM sbtest5 WHERE id=5846903
	Delete on sbtest5  (cost=0.43..8.45 rows=0 width=0)
	  ->  Index Scan using sbtest5_pkey on sbtest5  (cost=0.43..8.45 rows=1 width=6)
	        Index Cond: (id = 5846903)

table 6 : explain DELETE FROM sbtest6 WHERE id=7643278
	Delete on sbtest6  (cost=0.43..8.45 rows=0 width=0)
	  ->  Index Scan using sbtest6_pkey on sbtest6  (cost=0.43..8.45 rows=1 width=6)
	        Index Cond: (id = 7643278)

table 7 : explain DELETE FROM sbtest7 WHERE id=3632994
	Delete on sbtest7  (cost=0.43..8.45 rows=0 width=0)
	  ->  Index Scan using sbtest7_pkey on sbtest7  (cost=0.43..8.45 rows=1 width=6)
	        Index Cond: (id = 3632994)

table 8 : explain DELETE FROM sbtest8 WHERE id=6439390
	Delete on sbtest8  (cost=0.43..8.45 rows=0 width=0)
	  ->  Index Scan using sbtest8_pkey on sbtest8  (cost=0.43..8.45 rows=1 width=6)
	        Index Cond: (id = 6439390)

explain: for inserts :: explain INSERT INTO sbtest%u (id, k, c, pad) VALUES (%u, 13, 'foobar', 'foobar')
for inserts
table 1 : explain INSERT INTO sbtest1 (id, k, c, pad) VALUES (3843570, 13, 'foobar', 'foobar')
	Insert on sbtest1  (cost=0.00..0.01 rows=0 width=0)
	  ->  Result  (cost=0.00..0.01 rows=1 width=736)

table 2 : explain INSERT INTO sbtest2 (id, k, c, pad) VALUES (8824917, 13, 'foobar', 'foobar')
	Insert on sbtest2  (cost=0.00..0.01 rows=0 width=0)
	  ->  Result  (cost=0.00..0.01 rows=1 width=736)

table 3 : explain INSERT INTO sbtest3 (id, k, c, pad) VALUES (8908171, 13, 'foobar', 'foobar')
	Insert on sbtest3  (cost=0.00..0.01 rows=0 width=0)
	  ->  Result  (cost=0.00..0.01 rows=1 width=736)

table 4 : explain INSERT INTO sbtest4 (id, k, c, pad) VALUES (2658856, 13, 'foobar', 'foobar')
	Insert on sbtest4  (cost=0.00..0.01 rows=0 width=0)
	  ->  Result  (cost=0.00..0.01 rows=1 width=736)

table 5 : explain INSERT INTO sbtest5 (id, k, c, pad) VALUES (5902216, 13, 'foobar', 'foobar')
	Insert on sbtest5  (cost=0.00..0.01 rows=0 width=0)
	  ->  Result  (cost=0.00..0.01 rows=1 width=736)

table 6 : explain INSERT INTO sbtest6 (id, k, c, pad) VALUES (3909018, 13, 'foobar', 'foobar')
	Insert on sbtest6  (cost=0.00..0.01 rows=0 width=0)
	  ->  Result  (cost=0.00..0.01 rows=1 width=736)

table 7 : explain INSERT INTO sbtest7 (id, k, c, pad) VALUES (7071479, 13, 'foobar', 'foobar')
	Insert on sbtest7  (cost=0.00..0.01 rows=0 width=0)
	  ->  Result  (cost=0.00..0.01 rows=1 width=736)

table 8 : explain INSERT INTO sbtest8 (id, k, c, pad) VALUES (5276784, 13, 'foobar', 'foobar')
	Insert on sbtest8  (cost=0.00..0.01 rows=0 width=0)
	  ->  Result  (cost=0.00..0.01 rows=1 width=736)

for deletes
table 1 : explain DELETE FROM sbtest1 WHERE id=9868863
	Delete on sbtest1  (cost=0.43..8.45 rows=0 width=0)
	  ->  Index Scan using sbtest1_pkey on sbtest1  (cost=0.43..8.45 rows=1 width=6)
	        Index Cond: (id = 9868863)

table 2 : explain DELETE FROM sbtest2 WHERE id=2521305
	Delete on sbtest2  (cost=0.43..8.45 rows=0 width=0)
	  ->  Index Scan using sbtest2_pkey on sbtest2  (cost=0.43..8.45 rows=1 width=6)
	        Index Cond: (id = 2521305)

table 3 : explain DELETE FROM sbtest3 WHERE id=2852395
	Delete on sbtest3  (cost=0.43..8.45 rows=0 width=0)
	  ->  Index Scan using sbtest3_pkey on sbtest3  (cost=0.43..8.45 rows=1 width=6)
	        Index Cond: (id = 2852395)

table 4 : explain DELETE FROM sbtest4 WHERE id=5907114
	Delete on sbtest4  (cost=0.43..8.45 rows=0 width=0)
	  ->  Index Scan using sbtest4_pkey on sbtest4  (cost=0.43..8.45 rows=1 width=6)
	        Index Cond: (id = 5907114)

table 5 : explain DELETE FROM sbtest5 WHERE id=7301660
	Delete on sbtest5  (cost=0.43..8.45 rows=0 width=0)
	  ->  Index Scan using sbtest5_pkey on sbtest5  (cost=0.43..8.45 rows=1 width=6)
	        Index Cond: (id = 7301660)

table 6 : explain DELETE FROM sbtest6 WHERE id=6431780
	Delete on sbtest6  (cost=0.43..8.45 rows=0 width=0)
	  ->  Index Scan using sbtest6_pkey on sbtest6  (cost=0.43..8.45 rows=1 width=6)
	        Index Cond: (id = 6431780)

table 7 : explain DELETE FROM sbtest7 WHERE id=5338045
	Delete on sbtest7  (cost=0.43..8.45 rows=0 width=0)
	  ->  Index Scan using sbtest7_pkey on sbtest7  (cost=0.43..8.45 rows=1 width=6)
	        Index Cond: (id = 5338045)

table 8 : explain DELETE FROM sbtest8 WHERE id=1142339
	Delete on sbtest8  (cost=0.43..8.45 rows=0 width=0)
	  ->  Index Scan using sbtest8_pkey on sbtest8  (cost=0.43..8.45 rows=1 width=6)
	        Index Cond: (id = 1142339)

explain: for inserts :: explain INSERT INTO sbtest%u (id, k, c, pad) VALUES (%u, 13, 'foobar', 'foobar')
for inserts
table 1 : explain INSERT INTO sbtest1 (id, k, c, pad) VALUES (4762158, 13, 'foobar', 'foobar')
	Insert on sbtest1  (cost=0.00..0.01 rows=0 width=0)
	  ->  Result  (cost=0.00..0.01 rows=1 width=736)

table 2 : explain INSERT INTO sbtest2 (id, k, c, pad) VALUES (9041073, 13, 'foobar', 'foobar')
	Insert on sbtest2  (cost=0.00..0.01 rows=0 width=0)
	  ->  Result  (cost=0.00..0.01 rows=1 width=736)

table 3 : explain INSERT INTO sbtest3 (id, k, c, pad) VALUES (9995232, 13, 'foobar', 'foobar')
	Insert on sbtest3  (cost=0.00..0.01 rows=0 width=0)
	  ->  Result  (cost=0.00..0.01 rows=1 width=736)

table 4 : explain INSERT INTO sbtest4 (id, k, c, pad) VALUES (5844927, 13, 'foobar', 'foobar')
	Insert on sbtest4  (cost=0.00..0.01 rows=0 width=0)
	  ->  Result  (cost=0.00..0.01 rows=1 width=736)

table 5 : explain INSERT INTO sbtest5 (id, k, c, pad) VALUES (8082101, 13, 'foobar', 'foobar')
	Insert on sbtest5  (cost=0.00..0.01 rows=0 width=0)
	  ->  Result  (cost=0.00..0.01 rows=1 width=736)

table 6 : explain INSERT INTO sbtest6 (id, k, c, pad) VALUES (5307211, 13, 'foobar', 'foobar')
	Insert on sbtest6  (cost=0.00..0.01 rows=0 width=0)
	  ->  Result  (cost=0.00..0.01 rows=1 width=736)

table 7 : explain INSERT INTO sbtest7 (id, k, c, pad) VALUES (200557, 13, 'foobar', 'foobar')
	Insert on sbtest7  (cost=0.00..0.01 rows=0 width=0)
	  ->  Result  (cost=0.00..0.01 rows=1 width=736)

table 8 : explain INSERT INTO sbtest8 (id, k, c, pad) VALUES (7441302, 13, 'foobar', 'foobar')
	Insert on sbtest8  (cost=0.00..0.01 rows=0 width=0)
	  ->  Result  (cost=0.00..0.01 rows=1 width=736)

Threads started!

Warming up for 5 seconds...

SQL statistics:
    queries performed:
        read:                            461995388
        write:                           131998772
        other:                           65999362
        total:                           659993522
    transactions:                        32999697 (35483.22 per sec.)
    queries:                             659993522 (709663.95 per sec.)
    ignored errors:                      2      (0.00 per sec.)
    reconnects:                          0      (0.00 per sec.)

Throughput:
    events/s (eps):                      35483.2200
    time elapsed:                        930.0088s
    total number of events:              32999697

Latency (ms):
         min:                                    0.88
         avg:                                    1.13
         max:                                   95.06
         95th percentile:                        1.44
         sum:                             37167800.38

Threads fairness:
    events (avg/stddev):           824992.0500/8604.59
    execution time (avg/stddev):   929.1950/0.01

