LUA_PATH=/home/mdcallag/git/mytools/bench/sysbench.lua/lua/?.lua /home/mdcallag/git/mytools/bench/sysbench.lua/lua/sysbench --db-driver=pgsql --range-size=100 --table-size=10000000 --tables=8 --threads=40 --events=0 --warmup-time=5 --time=630 --pgsql_conn_id=true /home/mdcallag/git/mytools/bench/sysbench.lua/lua/oltp_range_covered.lua run --pgsql-user=root --pgsql-password=pw --pgsql-host=127.0.0.1 --pgsql-db=ib --rand-type=uniform --random-points=100 --skip-trx --on-id=false
48 CPUs
sysbench 1.1.0-9072687 (using bundled LuaJIT 2.1.0-beta3)

Running the test with following options:
Number of threads: 40
Warmup time: 5s
Initializing random number generator from current time


Initializing worker threads...

explain: for range-covered :: explain SELECT k FROM sbtest%d WHERE k BETWEEN 5132051 AND 5132151
explain: for range-covered :: explain SELECT k FROM sbtest%d WHERE k BETWEEN 3333423 AND 3333523
explain: for range-covered :: explain SELECT k FROM sbtest%d WHERE k BETWEEN 950080 AND 950180
for range-covered
table 1 : explain SELECT k FROM sbtest1 WHERE k BETWEEN 5132051 AND 5132151
	Index Only Scan using k_1 on sbtest1  (cost=0.43..10.56 rows=106 width=4)
	  Index Cond: ((k >= 5132051) AND (k <= 5132151))

table 2 : explain SELECT k FROM sbtest2 WHERE k BETWEEN 5132051 AND 5132151
	Index Only Scan using k_2 on sbtest2  (cost=0.43..6.37 rows=97 width=4)
	  Index Cond: ((k >= 5132051) AND (k <= 5132151))

table 3 : explain SELECT k FROM sbtest3 WHERE k BETWEEN 5132051 AND 5132151
	Index Only Scan using k_3 on sbtest3  (cost=0.43..6.56 rows=106 width=4)
	  Index Cond: ((k >= 5132051) AND (k <= 5132151))

table 4 : explain SELECT k FROM sbtest4 WHERE k BETWEEN 5132051 AND 5132151
	Index Only Scan using k_4 on sbtest4  (cost=0.43..10.33 rows=95 width=4)
	  Index Cond: ((k >= 5132051) AND (k <= 5132151))

table 5 : explain SELECT k FROM sbtest5 WHERE k BETWEEN 5132051 AND 5132151
	Index Only Scan using k_5 on sbtest5  (cost=0.43..10.63 rows=110 width=4)
	  Index Cond: ((k >= 5132051) AND (k <= 5132151))

table 6 : explain SELECT k FROM sbtest6 WHERE k BETWEEN 5132051 AND 5132151
	Index Only Scan using k_6 on sbtest6  (cost=0.43..6.35 rows=96 width=4)
	  Index Cond: ((k >= 5132051) AND (k <= 5132151))

table 7 : explain SELECT k FROM sbtest7 WHERE k BETWEEN 5132051 AND 5132151
	Index Only Scan using k_7 on sbtest7  (cost=0.43..6.43 rows=100 width=4)
	  Index Cond: ((k >= 5132051) AND (k <= 5132151))

table 8 : explain SELECT k FROM sbtest8 WHERE k BETWEEN 5132051 AND 5132151
	Index Only Scan using k_8 on sbtest8  (cost=0.43..6.59 rows=108 width=4)
	  Index Cond: ((k >= 5132051) AND (k <= 5132151))

explain: for range-covered :: explain SELECT k FROM sbtest%d WHERE k BETWEEN 5132051 AND 5132151
for range-covered
table 1 : explain SELECT k FROM sbtest1 WHERE k BETWEEN 5132051 AND 5132151
	Index Only Scan using k_1 on sbtest1  (cost=0.43..10.56 rows=106 width=4)
	  Index Cond: ((k >= 5132051) AND (k <= 5132151))

table 2 : explain SELECT k FROM sbtest2 WHERE k BETWEEN 5132051 AND 5132151
	Index Only Scan using k_2 on sbtest2  (cost=0.43..6.37 rows=97 width=4)
	  Index Cond: ((k >= 5132051) AND (k <= 5132151))

table 3 : explain SELECT k FROM sbtest3 WHERE k BETWEEN 5132051 AND 5132151
	Index Only Scan using k_3 on sbtest3  (cost=0.43..6.56 rows=106 width=4)
	  Index Cond: ((k >= 5132051) AND (k <= 5132151))

table 4 : explain SELECT k FROM sbtest4 WHERE k BETWEEN 5132051 AND 5132151
	Index Only Scan using k_4 on sbtest4  (cost=0.43..10.33 rows=95 width=4)
	  Index Cond: ((k >= 5132051) AND (k <= 5132151))

table 5 : explain SELECT k FROM sbtest5 WHERE k BETWEEN 5132051 AND 5132151
	Index Only Scan using k_5 on sbtest5  (cost=0.43..10.63 rows=110 width=4)
	  Index Cond: ((k >= 5132051) AND (k <= 5132151))

table 6 : explain SELECT k FROM sbtest6 WHERE k BETWEEN 5132051 AND 5132151
	Index Only Scan using k_6 on sbtest6  (cost=0.43..6.35 rows=96 width=4)
	  Index Cond: ((k >= 5132051) AND (k <= 5132151))

table 7 : explain SELECT k FROM sbtest7 WHERE k BETWEEN 5132051 AND 5132151
	Index Only Scan using k_7 on sbtest7  (cost=0.43..6.43 rows=100 width=4)
	  Index Cond: ((k >= 5132051) AND (k <= 5132151))

table 8 : explain SELECT k FROM sbtest8 WHERE k BETWEEN 5132051 AND 5132151
	Index Only Scan using k_8 on sbtest8  (cost=0.43..6.59 rows=108 width=4)
	  Index Cond: ((k >= 5132051) AND (k <= 5132151))

explain: for range-covered :: explain SELECT k FROM sbtest%d WHERE k BETWEEN 5132051 AND 5132151
for range-covered
table 1 : explain SELECT k FROM sbtest1 WHERE k BETWEEN 5132051 AND 5132151
	Index Only Scan using k_1 on sbtest1  (cost=0.43..10.56 rows=106 width=4)
	  Index Cond: ((k >= 5132051) AND (k <= 5132151))

table 2 : explain SELECT k FROM sbtest2 WHERE k BETWEEN 5132051 AND 5132151
	Index Only Scan using k_2 on sbtest2  (cost=0.43..6.37 rows=97 width=4)
	  Index Cond: ((k >= 5132051) AND (k <= 5132151))

table 3 : explain SELECT k FROM sbtest3 WHERE k BETWEEN 5132051 AND 5132151
	Index Only Scan using k_3 on sbtest3  (cost=0.43..6.56 rows=106 width=4)
	  Index Cond: ((k >= 5132051) AND (k <= 5132151))

table 4 : explain SELECT k FROM sbtest4 WHERE k BETWEEN 5132051 AND 5132151
	Index Only Scan using k_4 on sbtest4  (cost=0.43..10.33 rows=95 width=4)
	  Index Cond: ((k >= 5132051) AND (k <= 5132151))

table 5 : explain SELECT k FROM sbtest5 WHERE k BETWEEN 5132051 AND 5132151
	Index Only Scan using k_5 on sbtest5  (cost=0.43..10.63 rows=110 width=4)
	  Index Cond: ((k >= 5132051) AND (k <= 5132151))

table 6 : explain SELECT k FROM sbtest6 WHERE k BETWEEN 5132051 AND 5132151
	Index Only Scan using k_6 on sbtest6  (cost=0.43..6.35 rows=96 width=4)
	  Index Cond: ((k >= 5132051) AND (k <= 5132151))

table 7 : explain SELECT k FROM sbtest7 WHERE k BETWEEN 5132051 AND 5132151
	Index Only Scan using k_7 on sbtest7  (cost=0.43..6.43 rows=100 width=4)
	  Index Cond: ((k >= 5132051) AND (k <= 5132151))

table 8 : explain SELECT k FROM sbtest8 WHERE k BETWEEN 5132051 AND 5132151
	Index Only Scan using k_8 on sbtest8  (cost=0.43..6.59 rows=108 width=4)
	  Index Cond: ((k >= 5132051) AND (k <= 5132151))

explain: for range-covered :: explain SELECT k FROM sbtest%d WHERE k BETWEEN 5132051 AND 5132151
for range-covered
table 1 : explain SELECT k FROM sbtest1 WHERE k BETWEEN 5132051 AND 5132151
	Index Only Scan using k_1 on sbtest1  (cost=0.43..10.56 rows=106 width=4)
	  Index Cond: ((k >= 5132051) AND (k <= 5132151))

table 2 : explain SELECT k FROM sbtest2 WHERE k BETWEEN 5132051 AND 5132151
	Index Only Scan using k_2 on sbtest2  (cost=0.43..6.37 rows=97 width=4)
	  Index Cond: ((k >= 5132051) AND (k <= 5132151))

table 3 : explain SELECT k FROM sbtest3 WHERE k BETWEEN 5132051 AND 5132151
	Index Only Scan using k_3 on sbtest3  (cost=0.43..6.56 rows=106 width=4)
	  Index Cond: ((k >= 5132051) AND (k <= 5132151))

table 4 : explain SELECT k FROM sbtest4 WHERE k BETWEEN 5132051 AND 5132151
	Index Only Scan using k_4 on sbtest4  (cost=0.43..10.33 rows=95 width=4)
	  Index Cond: ((k >= 5132051) AND (k <= 5132151))

table 5 : explain SELECT k FROM sbtest5 WHERE k BETWEEN 5132051 AND 5132151
	Index Only Scan using k_5 on sbtest5  (cost=0.43..10.63 rows=110 width=4)
	  Index Cond: ((k >= 5132051) AND (k <= 5132151))

table 6 : explain SELECT k FROM sbtest6 WHERE k BETWEEN 5132051 AND 5132151
	Index Only Scan using k_6 on sbtest6  (cost=0.43..6.35 rows=96 width=4)
	  Index Cond: ((k >= 5132051) AND (k <= 5132151))

table 7 : explain SELECT k FROM sbtest7 WHERE k BETWEEN 5132051 AND 5132151
	Index Only Scan using k_7 on sbtest7  (cost=0.43..6.43 rows=100 width=4)
	  Index Cond: ((k >= 5132051) AND (k <= 5132151))

table 8 : explain SELECT k FROM sbtest8 WHERE k BETWEEN 5132051 AND 5132151
	Index Only Scan using k_8 on sbtest8  (cost=0.43..6.59 rows=108 width=4)
	  Index Cond: ((k >= 5132051) AND (k <= 5132151))

explain: for range-covered :: explain SELECT k FROM sbtest%d WHERE k BETWEEN 5132051 AND 5132151
explain: for range-covered :: explain SELECT k FROM sbtest%d WHERE k BETWEEN 2731982 AND 2732082
for range-covered
table 1 : explain SELECT k FROM sbtest1 WHERE k BETWEEN 950080 AND 950180
	Index Only Scan using k_1 on sbtest1  (cost=0.43..10.32 rows=94 width=4)
	  Index Cond: ((k >= 950080) AND (k <= 950180))

table 2 : explain SELECT k FROM sbtest2 WHERE k BETWEEN 950080 AND 950180
	Index Only Scan using k_2 on sbtest2  (cost=0.43..6.58 rows=107 width=4)
	  Index Cond: ((k >= 950080) AND (k <= 950180))

table 3 : explain SELECT k FROM sbtest3 WHERE k BETWEEN 950080 AND 950180
	Index Only Scan using k_3 on sbtest3  (cost=0.43..6.35 rows=96 width=4)
	  Index Cond: ((k >= 950080) AND (k <= 950180))

table 4 : explain SELECT k FROM sbtest4 WHERE k BETWEEN 950080 AND 950180
	Index Only Scan using k_4 on sbtest4  (cost=0.43..10.60 rows=108 width=4)
	  Index Cond: ((k >= 950080) AND (k <= 950180))

table 5 : explain SELECT k FROM sbtest5 WHERE k BETWEEN 950080 AND 950180
	Index Only Scan using k_5 on sbtest5  (cost=0.43..10.32 rows=94 width=4)
	  Index Cond: ((k >= 950080) AND (k <= 950180))

table 6 : explain SELECT k FROM sbtest6 WHERE k BETWEEN 950080 AND 950180
	Index Only Scan using k_6 on sbtest6  (cost=0.43..6.33 rows=95 width=4)
	  Index Cond: ((k >= 950080) AND (k <= 950180))

table 7 : explain SELECT k FROM sbtest7 WHERE k BETWEEN 950080 AND 950180
	Index Only Scan using k_7 on sbtest7  (cost=0.43..6.56 rows=106 width=4)
	  Index Cond: ((k >= 950080) AND (k <= 950180))

table 8 : explain SELECT k FROM sbtest8 WHERE k BETWEEN 950080 AND 950180
	Index Only Scan using k_8 on sbtest8  (cost=0.43..6.47 rows=102 width=4)
	  Index Cond: ((k >= 950080) AND (k <= 950180))

explain: for range-covered :: explain SELECT k FROM sbtest%d WHERE k BETWEEN 950080 AND 950180
explain: for range-covered :: explain SELECT k FROM sbtest%d WHERE k BETWEEN 6654592 AND 6654692
for range-covered
table 1 : explain SELECT k FROM sbtest1 WHERE k BETWEEN 3333423 AND 3333523
	Index Only Scan using k_1 on sbtest1  (cost=0.43..10.51 rows=104 width=4)
	  Index Cond: ((k >= 3333423) AND (k <= 3333523))

table 2 : explain SELECT k FROM sbtest2 WHERE k BETWEEN 3333423 AND 3333523
	Index Only Scan using k_2 on sbtest2  (cost=0.43..6.42 rows=99 width=4)
	  Index Cond: ((k >= 3333423) AND (k <= 3333523))

table 3 : explain SELECT k FROM sbtest3 WHERE k BETWEEN 3333423 AND 3333523
	Index Only Scan using k_3 on sbtest3  (cost=0.43..6.51 rows=104 width=4)
	  Index Cond: ((k >= 3333423) AND (k <= 3333523))

table 4 : explain SELECT k FROM sbtest4 WHERE k BETWEEN 3333423 AND 3333523
	Index Only Scan using k_4 on sbtest4  (cost=0.43..10.56 rows=106 width=4)
	  Index Cond: ((k >= 3333423) AND (k <= 3333523))

table 5 : explain SELECT k FROM sbtest5 WHERE k BETWEEN 3333423 AND 3333523
	Index Only Scan using k_5 on sbtest5  (cost=0.43..10.56 rows=106 width=4)
	  Index Cond: ((k >= 3333423) AND (k <= 3333523))

table 6 : explain SELECT k FROM sbtest6 WHERE k BETWEEN 3333423 AND 3333523
	Index Only Scan using k_6 on sbtest6  (cost=0.43..6.45 rows=101 width=4)
	  Index Cond: ((k >= 3333423) AND (k <= 3333523))

table 7 : explain SELECT k FROM sbtest7 WHERE k BETWEEN 3333423 AND 3333523
	Index Only Scan using k_7 on sbtest7  (cost=0.43..6.37 rows=97 width=4)
	  Index Cond: ((k >= 3333423) AND (k <= 3333523))

table 8 : explain SELECT k FROM sbtest8 WHERE k BETWEEN 3333423 AND 3333523
	Index Only Scan using k_8 on sbtest8  (cost=0.43..6.63 rows=110 width=4)
	  Index Cond: ((k >= 3333423) AND (k <= 3333523))

for range-covered
table 1 : explain SELECT k FROM sbtest1 WHERE k BETWEEN 950080 AND 950180
	Index Only Scan using k_1 on sbtest1  (cost=0.43..10.32 rows=94 width=4)
	  Index Cond: ((k >= 950080) AND (k <= 950180))

table 2 : explain SELECT k FROM sbtest2 WHERE k BETWEEN 950080 AND 950180
	Index Only Scan using k_2 on sbtest2  (cost=0.43..6.58 rows=107 width=4)
	  Index Cond: ((k >= 950080) AND (k <= 950180))

table 3 : explain SELECT k FROM sbtest3 WHERE k BETWEEN 950080 AND 950180
	Index Only Scan using k_3 on sbtest3  (cost=0.43..6.35 rows=96 width=4)
	  Index Cond: ((k >= 950080) AND (k <= 950180))

table 4 : explain SELECT k FROM sbtest4 WHERE k BETWEEN 950080 AND 950180
	Index Only Scan using k_4 on sbtest4  (cost=0.43..10.60 rows=108 width=4)
	  Index Cond: ((k >= 950080) AND (k <= 950180))

table 5 : explain SELECT k FROM sbtest5 WHERE k BETWEEN 950080 AND 950180
	Index Only Scan using k_5 on sbtest5  (cost=0.43..10.32 rows=94 width=4)
	  Index Cond: ((k >= 950080) AND (k <= 950180))

table 6 : explain SELECT k FROM sbtest6 WHERE k BETWEEN 950080 AND 950180
	Index Only Scan using k_6 on sbtest6  (cost=0.43..6.33 rows=95 width=4)
	  Index Cond: ((k >= 950080) AND (k <= 950180))

table 7 : explain SELECT k FROM sbtest7 WHERE k BETWEEN 950080 AND 950180
	Index Only Scan using k_7 on sbtest7  (cost=0.43..6.56 rows=106 width=4)
	  Index Cond: ((k >= 950080) AND (k <= 950180))

table 8 : explain SELECT k FROM sbtest8 WHERE k BETWEEN 950080 AND 950180
	Index Only Scan using k_8 on sbtest8  (cost=0.43..6.47 rows=102 width=4)
	  Index Cond: ((k >= 950080) AND (k <= 950180))

explain: for range-covered :: explain SELECT k FROM sbtest%d WHERE k BETWEEN 950080 AND 950180
for range-covered
table 1 : explain SELECT k FROM sbtest1 WHERE k BETWEEN 950080 AND 950180
	Index Only Scan using k_1 on sbtest1  (cost=0.43..10.32 rows=94 width=4)
	  Index Cond: ((k >= 950080) AND (k <= 950180))

table 2 : explain SELECT k FROM sbtest2 WHERE k BETWEEN 950080 AND 950180
	Index Only Scan using k_2 on sbtest2  (cost=0.43..6.58 rows=107 width=4)
	  Index Cond: ((k >= 950080) AND (k <= 950180))

table 3 : explain SELECT k FROM sbtest3 WHERE k BETWEEN 950080 AND 950180
	Index Only Scan using k_3 on sbtest3  (cost=0.43..6.35 rows=96 width=4)
	  Index Cond: ((k >= 950080) AND (k <= 950180))

table 4 : explain SELECT k FROM sbtest4 WHERE k BETWEEN 950080 AND 950180
	Index Only Scan using k_4 on sbtest4  (cost=0.43..10.60 rows=108 width=4)
	  Index Cond: ((k >= 950080) AND (k <= 950180))

table 5 : explain SELECT k FROM sbtest5 WHERE k BETWEEN 950080 AND 950180
	Index Only Scan using k_5 on sbtest5  (cost=0.43..10.32 rows=94 width=4)
	  Index Cond: ((k >= 950080) AND (k <= 950180))

table 6 : explain SELECT k FROM sbtest6 WHERE k BETWEEN 950080 AND 950180
	Index Only Scan using k_6 on sbtest6  (cost=0.43..6.33 rows=95 width=4)
	  Index Cond: ((k >= 950080) AND (k <= 950180))

table 7 : explain SELECT k FROM sbtest7 WHERE k BETWEEN 950080 AND 950180
	Index Only Scan using k_7 on sbtest7  (cost=0.43..6.56 rows=106 width=4)
	  Index Cond: ((k >= 950080) AND (k <= 950180))

table 8 : explain SELECT k FROM sbtest8 WHERE k BETWEEN 950080 AND 950180
	Index Only Scan using k_8 on sbtest8  (cost=0.43..6.47 rows=102 width=4)
	  Index Cond: ((k >= 950080) AND (k <= 950180))

explain: for range-covered :: explain SELECT k FROM sbtest%d WHERE k BETWEEN 950080 AND 950180
explain: for range-covered :: explain SELECT k FROM sbtest%d WHERE k BETWEEN 3333423 AND 3333523
for range-covered
table 1 : explain SELECT k FROM sbtest1 WHERE k BETWEEN 950080 AND 950180
	Index Only Scan using k_1 on sbtest1  (cost=0.43..10.32 rows=94 width=4)
	  Index Cond: ((k >= 950080) AND (k <= 950180))

table 2 : explain SELECT k FROM sbtest2 WHERE k BETWEEN 950080 AND 950180
	Index Only Scan using k_2 on sbtest2  (cost=0.43..6.58 rows=107 width=4)
	  Index Cond: ((k >= 950080) AND (k <= 950180))

table 3 : explain SELECT k FROM sbtest3 WHERE k BETWEEN 950080 AND 950180
	Index Only Scan using k_3 on sbtest3  (cost=0.43..6.35 rows=96 width=4)
	  Index Cond: ((k >= 950080) AND (k <= 950180))

table 4 : explain SELECT k FROM sbtest4 WHERE k BETWEEN 950080 AND 950180
	Index Only Scan using k_4 on sbtest4  (cost=0.43..10.60 rows=108 width=4)
	  Index Cond: ((k >= 950080) AND (k <= 950180))

table 5 : explain SELECT k FROM sbtest5 WHERE k BETWEEN 950080 AND 950180
	Index Only Scan using k_5 on sbtest5  (cost=0.43..10.32 rows=94 width=4)
	  Index Cond: ((k >= 950080) AND (k <= 950180))

table 6 : explain SELECT k FROM sbtest6 WHERE k BETWEEN 950080 AND 950180
	Index Only Scan using k_6 on sbtest6  (cost=0.43..6.33 rows=95 width=4)
	  Index Cond: ((k >= 950080) AND (k <= 950180))

table 7 : explain SELECT k FROM sbtest7 WHERE k BETWEEN 950080 AND 950180
	Index Only Scan using k_7 on sbtest7  (cost=0.43..6.56 rows=106 width=4)
	  Index Cond: ((k >= 950080) AND (k <= 950180))

table 8 : explain SELECT k FROM sbtest8 WHERE k BETWEEN 950080 AND 950180
	Index Only Scan using k_8 on sbtest8  (cost=0.43..6.47 rows=102 width=4)
	  Index Cond: ((k >= 950080) AND (k <= 950180))

explain: for range-covered :: explain SELECT k FROM sbtest%d WHERE k BETWEEN 950080 AND 950180
explain: for range-covered :: explain SELECT k FROM sbtest%d WHERE k BETWEEN 4574524 AND 4574624
for range-covered
table 1 : explain SELECT k FROM sbtest1 WHERE k BETWEEN 3333423 AND 3333523
	Index Only Scan using k_1 on sbtest1  (cost=0.43..10.51 rows=104 width=4)
	  Index Cond: ((k >= 3333423) AND (k <= 3333523))

table 2 : explain SELECT k FROM sbtest2 WHERE k BETWEEN 3333423 AND 3333523
	Index Only Scan using k_2 on sbtest2  (cost=0.43..6.42 rows=99 width=4)
	  Index Cond: ((k >= 3333423) AND (k <= 3333523))

table 3 : explain SELECT k FROM sbtest3 WHERE k BETWEEN 3333423 AND 3333523
	Index Only Scan using k_3 on sbtest3  (cost=0.43..6.51 rows=104 width=4)
	  Index Cond: ((k >= 3333423) AND (k <= 3333523))

table 4 : explain SELECT k FROM sbtest4 WHERE k BETWEEN 3333423 AND 3333523
	Index Only Scan using k_4 on sbtest4  (cost=0.43..10.56 rows=106 width=4)
	  Index Cond: ((k >= 3333423) AND (k <= 3333523))

table 5 : explain SELECT k FROM sbtest5 WHERE k BETWEEN 3333423 AND 3333523
	Index Only Scan using k_5 on sbtest5  (cost=0.43..10.56 rows=106 width=4)
	  Index Cond: ((k >= 3333423) AND (k <= 3333523))

table 6 : explain SELECT k FROM sbtest6 WHERE k BETWEEN 3333423 AND 3333523
	Index Only Scan using k_6 on sbtest6  (cost=0.43..6.45 rows=101 width=4)
	  Index Cond: ((k >= 3333423) AND (k <= 3333523))

table 7 : explain SELECT k FROM sbtest7 WHERE k BETWEEN 3333423 AND 3333523
	Index Only Scan using k_7 on sbtest7  (cost=0.43..6.37 rows=97 width=4)
	  Index Cond: ((k >= 3333423) AND (k <= 3333523))

table 8 : explain SELECT k FROM sbtest8 WHERE k BETWEEN 3333423 AND 3333523
	Index Only Scan using k_8 on sbtest8  (cost=0.43..6.63 rows=110 width=4)
	  Index Cond: ((k >= 3333423) AND (k <= 3333523))

for range-covered
table 1 : explain SELECT k FROM sbtest1 WHERE k BETWEEN 950080 AND 950180
	Index Only Scan using k_1 on sbtest1  (cost=0.43..10.32 rows=94 width=4)
	  Index Cond: ((k >= 950080) AND (k <= 950180))

table 2 : explain SELECT k FROM sbtest2 WHERE k BETWEEN 950080 AND 950180
	Index Only Scan using k_2 on sbtest2  (cost=0.43..6.58 rows=107 width=4)
	  Index Cond: ((k >= 950080) AND (k <= 950180))

table 3 : explain SELECT k FROM sbtest3 WHERE k BETWEEN 950080 AND 950180
	Index Only Scan using k_3 on sbtest3  (cost=0.43..6.35 rows=96 width=4)
	  Index Cond: ((k >= 950080) AND (k <= 950180))

table 4 : explain SELECT k FROM sbtest4 WHERE k BETWEEN 950080 AND 950180
	Index Only Scan using k_4 on sbtest4  (cost=0.43..10.60 rows=108 width=4)
	  Index Cond: ((k >= 950080) AND (k <= 950180))

table 5 : explain SELECT k FROM sbtest5 WHERE k BETWEEN 950080 AND 950180
	Index Only Scan using k_5 on sbtest5  (cost=0.43..10.32 rows=94 width=4)
	  Index Cond: ((k >= 950080) AND (k <= 950180))

table 6 : explain SELECT k FROM sbtest6 WHERE k BETWEEN 950080 AND 950180
	Index Only Scan using k_6 on sbtest6  (cost=0.43..6.33 rows=95 width=4)
	  Index Cond: ((k >= 950080) AND (k <= 950180))

table 7 : explain SELECT k FROM sbtest7 WHERE k BETWEEN 950080 AND 950180
	Index Only Scan using k_7 on sbtest7  (cost=0.43..6.56 rows=106 width=4)
	  Index Cond: ((k >= 950080) AND (k <= 950180))

table 8 : explain SELECT k FROM sbtest8 WHERE k BETWEEN 950080 AND 950180
	Index Only Scan using k_8 on sbtest8  (cost=0.43..6.47 rows=102 width=4)
	  Index Cond: ((k >= 950080) AND (k <= 950180))

explain: for range-covered :: explain SELECT k FROM sbtest%d WHERE k BETWEEN 3333423 AND 3333523
explain: for range-covered :: explain SELECT k FROM sbtest%d WHERE k BETWEEN 950080 AND 950180
for range-covered
table 1 : explain SELECT k FROM sbtest1 WHERE k BETWEEN 3333423 AND 3333523
	Index Only Scan using k_1 on sbtest1  (cost=0.43..10.51 rows=104 width=4)
	  Index Cond: ((k >= 3333423) AND (k <= 3333523))

table 2 : explain SELECT k FROM sbtest2 WHERE k BETWEEN 3333423 AND 3333523
	Index Only Scan using k_2 on sbtest2  (cost=0.43..6.42 rows=99 width=4)
	  Index Cond: ((k >= 3333423) AND (k <= 3333523))

table 3 : explain SELECT k FROM sbtest3 WHERE k BETWEEN 3333423 AND 3333523
	Index Only Scan using k_3 on sbtest3  (cost=0.43..6.51 rows=104 width=4)
	  Index Cond: ((k >= 3333423) AND (k <= 3333523))

table 4 : explain SELECT k FROM sbtest4 WHERE k BETWEEN 3333423 AND 3333523
	Index Only Scan using k_4 on sbtest4  (cost=0.43..10.56 rows=106 width=4)
	  Index Cond: ((k >= 3333423) AND (k <= 3333523))

table 5 : explain SELECT k FROM sbtest5 WHERE k BETWEEN 3333423 AND 3333523
	Index Only Scan using k_5 on sbtest5  (cost=0.43..10.56 rows=106 width=4)
	  Index Cond: ((k >= 3333423) AND (k <= 3333523))

table 6 : explain SELECT k FROM sbtest6 WHERE k BETWEEN 3333423 AND 3333523
	Index Only Scan using k_6 on sbtest6  (cost=0.43..6.45 rows=101 width=4)
	  Index Cond: ((k >= 3333423) AND (k <= 3333523))

table 7 : explain SELECT k FROM sbtest7 WHERE k BETWEEN 3333423 AND 3333523
	Index Only Scan using k_7 on sbtest7  (cost=0.43..6.37 rows=97 width=4)
	  Index Cond: ((k >= 3333423) AND (k <= 3333523))

table 8 : explain SELECT k FROM sbtest8 WHERE k BETWEEN 3333423 AND 3333523
	Index Only Scan using k_8 on sbtest8  (cost=0.43..6.63 rows=110 width=4)
	  Index Cond: ((k >= 3333423) AND (k <= 3333523))

explain: for range-covered :: explain SELECT k FROM sbtest%d WHERE k BETWEEN 3333423 AND 3333523
for range-covered
table 1 : explain SELECT k FROM sbtest1 WHERE k BETWEEN 950080 AND 950180
	Index Only Scan using k_1 on sbtest1  (cost=0.43..10.32 rows=94 width=4)
	  Index Cond: ((k >= 950080) AND (k <= 950180))

table 2 : explain SELECT k FROM sbtest2 WHERE k BETWEEN 950080 AND 950180
	Index Only Scan using k_2 on sbtest2  (cost=0.43..6.58 rows=107 width=4)
	  Index Cond: ((k >= 950080) AND (k <= 950180))

table 3 : explain SELECT k FROM sbtest3 WHERE k BETWEEN 950080 AND 950180
	Index Only Scan using k_3 on sbtest3  (cost=0.43..6.35 rows=96 width=4)
	  Index Cond: ((k >= 950080) AND (k <= 950180))

table 4 : explain SELECT k FROM sbtest4 WHERE k BETWEEN 950080 AND 950180
	Index Only Scan using k_4 on sbtest4  (cost=0.43..10.60 rows=108 width=4)
	  Index Cond: ((k >= 950080) AND (k <= 950180))

table 5 : explain SELECT k FROM sbtest5 WHERE k BETWEEN 950080 AND 950180
	Index Only Scan using k_5 on sbtest5  (cost=0.43..10.32 rows=94 width=4)
	  Index Cond: ((k >= 950080) AND (k <= 950180))

table 6 : explain SELECT k FROM sbtest6 WHERE k BETWEEN 950080 AND 950180
	Index Only Scan using k_6 on sbtest6  (cost=0.43..6.33 rows=95 width=4)
	  Index Cond: ((k >= 950080) AND (k <= 950180))

table 7 : explain SELECT k FROM sbtest7 WHERE k BETWEEN 950080 AND 950180
	Index Only Scan using k_7 on sbtest7  (cost=0.43..6.56 rows=106 width=4)
	  Index Cond: ((k >= 950080) AND (k <= 950180))

table 8 : explain SELECT k FROM sbtest8 WHERE k BETWEEN 950080 AND 950180
	Index Only Scan using k_8 on sbtest8  (cost=0.43..6.47 rows=102 width=4)
	  Index Cond: ((k >= 950080) AND (k <= 950180))

explain: for range-covered :: explain SELECT k FROM sbtest%d WHERE k BETWEEN 950080 AND 950180
for range-covered
table 1 : explain SELECT k FROM sbtest1 WHERE k BETWEEN 3333423 AND 3333523
	Index Only Scan using k_1 on sbtest1  (cost=0.43..10.51 rows=104 width=4)
	  Index Cond: ((k >= 3333423) AND (k <= 3333523))

table 2 : explain SELECT k FROM sbtest2 WHERE k BETWEEN 3333423 AND 3333523
	Index Only Scan using k_2 on sbtest2  (cost=0.43..6.42 rows=99 width=4)
	  Index Cond: ((k >= 3333423) AND (k <= 3333523))

table 3 : explain SELECT k FROM sbtest3 WHERE k BETWEEN 3333423 AND 3333523
	Index Only Scan using k_3 on sbtest3  (cost=0.43..6.51 rows=104 width=4)
	  Index Cond: ((k >= 3333423) AND (k <= 3333523))

table 4 : explain SELECT k FROM sbtest4 WHERE k BETWEEN 3333423 AND 3333523
	Index Only Scan using k_4 on sbtest4  (cost=0.43..10.56 rows=106 width=4)
	  Index Cond: ((k >= 3333423) AND (k <= 3333523))

table 5 : explain SELECT k FROM sbtest5 WHERE k BETWEEN 3333423 AND 3333523
	Index Only Scan using k_5 on sbtest5  (cost=0.43..10.56 rows=106 width=4)
	  Index Cond: ((k >= 3333423) AND (k <= 3333523))

table 6 : explain SELECT k FROM sbtest6 WHERE k BETWEEN 3333423 AND 3333523
	Index Only Scan using k_6 on sbtest6  (cost=0.43..6.45 rows=101 width=4)
	  Index Cond: ((k >= 3333423) AND (k <= 3333523))

table 7 : explain SELECT k FROM sbtest7 WHERE k BETWEEN 3333423 AND 3333523
	Index Only Scan using k_7 on sbtest7  (cost=0.43..6.37 rows=97 width=4)
	  Index Cond: ((k >= 3333423) AND (k <= 3333523))

table 8 : explain SELECT k FROM sbtest8 WHERE k BETWEEN 3333423 AND 3333523
	Index Only Scan using k_8 on sbtest8  (cost=0.43..6.63 rows=110 width=4)
	  Index Cond: ((k >= 3333423) AND (k <= 3333523))

explain: for range-covered :: explain SELECT k FROM sbtest%d WHERE k BETWEEN 3333423 AND 3333523
for range-covered
table 1 : explain SELECT k FROM sbtest1 WHERE k BETWEEN 950080 AND 950180
	Index Only Scan using k_1 on sbtest1  (cost=0.43..10.32 rows=94 width=4)
	  Index Cond: ((k >= 950080) AND (k <= 950180))

table 2 : explain SELECT k FROM sbtest2 WHERE k BETWEEN 950080 AND 950180
	Index Only Scan using k_2 on sbtest2  (cost=0.43..6.58 rows=107 width=4)
	  Index Cond: ((k >= 950080) AND (k <= 950180))

table 3 : explain SELECT k FROM sbtest3 WHERE k BETWEEN 950080 AND 950180
	Index Only Scan using k_3 on sbtest3  (cost=0.43..6.35 rows=96 width=4)
	  Index Cond: ((k >= 950080) AND (k <= 950180))

table 4 : explain SELECT k FROM sbtest4 WHERE k BETWEEN 950080 AND 950180
	Index Only Scan using k_4 on sbtest4  (cost=0.43..10.60 rows=108 width=4)
	  Index Cond: ((k >= 950080) AND (k <= 950180))

table 5 : explain SELECT k FROM sbtest5 WHERE k BETWEEN 950080 AND 950180
	Index Only Scan using k_5 on sbtest5  (cost=0.43..10.32 rows=94 width=4)
	  Index Cond: ((k >= 950080) AND (k <= 950180))

table 6 : explain SELECT k FROM sbtest6 WHERE k BETWEEN 950080 AND 950180
	Index Only Scan using k_6 on sbtest6  (cost=0.43..6.33 rows=95 width=4)
	  Index Cond: ((k >= 950080) AND (k <= 950180))

table 7 : explain SELECT k FROM sbtest7 WHERE k BETWEEN 950080 AND 950180
	Index Only Scan using k_7 on sbtest7  (cost=0.43..6.56 rows=106 width=4)
	  Index Cond: ((k >= 950080) AND (k <= 950180))

table 8 : explain SELECT k FROM sbtest8 WHERE k BETWEEN 950080 AND 950180
	Index Only Scan using k_8 on sbtest8  (cost=0.43..6.47 rows=102 width=4)
	  Index Cond: ((k >= 950080) AND (k <= 950180))

explain: for range-covered :: explain SELECT k FROM sbtest%d WHERE k BETWEEN 950080 AND 950180
for range-covered
table 1 : explain SELECT k FROM sbtest1 WHERE k BETWEEN 3333423 AND 3333523
	Index Only Scan using k_1 on sbtest1  (cost=0.43..10.51 rows=104 width=4)
	  Index Cond: ((k >= 3333423) AND (k <= 3333523))

table 2 : explain SELECT k FROM sbtest2 WHERE k BETWEEN 3333423 AND 3333523
	Index Only Scan using k_2 on sbtest2  (cost=0.43..6.42 rows=99 width=4)
	  Index Cond: ((k >= 3333423) AND (k <= 3333523))

table 3 : explain SELECT k FROM sbtest3 WHERE k BETWEEN 3333423 AND 3333523
	Index Only Scan using k_3 on sbtest3  (cost=0.43..6.51 rows=104 width=4)
	  Index Cond: ((k >= 3333423) AND (k <= 3333523))

table 4 : explain SELECT k FROM sbtest4 WHERE k BETWEEN 3333423 AND 3333523
	Index Only Scan using k_4 on sbtest4  (cost=0.43..10.56 rows=106 width=4)
	  Index Cond: ((k >= 3333423) AND (k <= 3333523))

table 5 : explain SELECT k FROM sbtest5 WHERE k BETWEEN 3333423 AND 3333523
	Index Only Scan using k_5 on sbtest5  (cost=0.43..10.56 rows=106 width=4)
	  Index Cond: ((k >= 3333423) AND (k <= 3333523))

table 6 : explain SELECT k FROM sbtest6 WHERE k BETWEEN 3333423 AND 3333523
	Index Only Scan using k_6 on sbtest6  (cost=0.43..6.45 rows=101 width=4)
	  Index Cond: ((k >= 3333423) AND (k <= 3333523))

table 7 : explain SELECT k FROM sbtest7 WHERE k BETWEEN 3333423 AND 3333523
	Index Only Scan using k_7 on sbtest7  (cost=0.43..6.37 rows=97 width=4)
	  Index Cond: ((k >= 3333423) AND (k <= 3333523))

table 8 : explain SELECT k FROM sbtest8 WHERE k BETWEEN 3333423 AND 3333523
	Index Only Scan using k_8 on sbtest8  (cost=0.43..6.63 rows=110 width=4)
	  Index Cond: ((k >= 3333423) AND (k <= 3333523))

explain: for range-covered :: explain SELECT k FROM sbtest%d WHERE k BETWEEN 3333423 AND 3333523
for range-covered
table 1 : explain SELECT k FROM sbtest1 WHERE k BETWEEN 3333423 AND 3333523
	Index Only Scan using k_1 on sbtest1  (cost=0.43..10.51 rows=104 width=4)
	  Index Cond: ((k >= 3333423) AND (k <= 3333523))

table 2 : explain SELECT k FROM sbtest2 WHERE k BETWEEN 3333423 AND 3333523
	Index Only Scan using k_2 on sbtest2  (cost=0.43..6.42 rows=99 width=4)
	  Index Cond: ((k >= 3333423) AND (k <= 3333523))

table 3 : explain SELECT k FROM sbtest3 WHERE k BETWEEN 3333423 AND 3333523
	Index Only Scan using k_3 on sbtest3  (cost=0.43..6.51 rows=104 width=4)
	  Index Cond: ((k >= 3333423) AND (k <= 3333523))

table 4 : explain SELECT k FROM sbtest4 WHERE k BETWEEN 3333423 AND 3333523
	Index Only Scan using k_4 on sbtest4  (cost=0.43..10.56 rows=106 width=4)
	  Index Cond: ((k >= 3333423) AND (k <= 3333523))

table 5 : explain SELECT k FROM sbtest5 WHERE k BETWEEN 3333423 AND 3333523
	Index Only Scan using k_5 on sbtest5  (cost=0.43..10.56 rows=106 width=4)
	  Index Cond: ((k >= 3333423) AND (k <= 3333523))

table 6 : explain SELECT k FROM sbtest6 WHERE k BETWEEN 3333423 AND 3333523
	Index Only Scan using k_6 on sbtest6  (cost=0.43..6.45 rows=101 width=4)
	  Index Cond: ((k >= 3333423) AND (k <= 3333523))

table 7 : explain SELECT k FROM sbtest7 WHERE k BETWEEN 3333423 AND 3333523
	Index Only Scan using k_7 on sbtest7  (cost=0.43..6.37 rows=97 width=4)
	  Index Cond: ((k >= 3333423) AND (k <= 3333523))

table 8 : explain SELECT k FROM sbtest8 WHERE k BETWEEN 3333423 AND 3333523
	Index Only Scan using k_8 on sbtest8  (cost=0.43..6.63 rows=110 width=4)
	  Index Cond: ((k >= 3333423) AND (k <= 3333523))

explain: for range-covered :: explain SELECT k FROM sbtest%d WHERE k BETWEEN 3333423 AND 3333523
for range-covered
table 1 : explain SELECT k FROM sbtest1 WHERE k BETWEEN 950080 AND 950180
	Index Only Scan using k_1 on sbtest1  (cost=0.43..10.32 rows=94 width=4)
	  Index Cond: ((k >= 950080) AND (k <= 950180))

table 2 : explain SELECT k FROM sbtest2 WHERE k BETWEEN 950080 AND 950180
	Index Only Scan using k_2 on sbtest2  (cost=0.43..6.58 rows=107 width=4)
	  Index Cond: ((k >= 950080) AND (k <= 950180))

table 3 : explain SELECT k FROM sbtest3 WHERE k BETWEEN 950080 AND 950180
	Index Only Scan using k_3 on sbtest3  (cost=0.43..6.35 rows=96 width=4)
	  Index Cond: ((k >= 950080) AND (k <= 950180))

table 4 : explain SELECT k FROM sbtest4 WHERE k BETWEEN 950080 AND 950180
	Index Only Scan using k_4 on sbtest4  (cost=0.43..10.60 rows=108 width=4)
	  Index Cond: ((k >= 950080) AND (k <= 950180))

table 5 : explain SELECT k FROM sbtest5 WHERE k BETWEEN 950080 AND 950180
	Index Only Scan using k_5 on sbtest5  (cost=0.43..10.32 rows=94 width=4)
	  Index Cond: ((k >= 950080) AND (k <= 950180))

table 6 : explain SELECT k FROM sbtest6 WHERE k BETWEEN 950080 AND 950180
	Index Only Scan using k_6 on sbtest6  (cost=0.43..6.33 rows=95 width=4)
	  Index Cond: ((k >= 950080) AND (k <= 950180))

table 7 : explain SELECT k FROM sbtest7 WHERE k BETWEEN 950080 AND 950180
	Index Only Scan using k_7 on sbtest7  (cost=0.43..6.56 rows=106 width=4)
	  Index Cond: ((k >= 950080) AND (k <= 950180))

table 8 : explain SELECT k FROM sbtest8 WHERE k BETWEEN 950080 AND 950180
	Index Only Scan using k_8 on sbtest8  (cost=0.43..6.47 rows=102 width=4)
	  Index Cond: ((k >= 950080) AND (k <= 950180))

for range-covered
table 1 : explain SELECT k FROM sbtest1 WHERE k BETWEEN 3333423 AND 3333523
	Index Only Scan using k_1 on sbtest1  (cost=0.43..10.51 rows=104 width=4)
	  Index Cond: ((k >= 3333423) AND (k <= 3333523))

table 2 : explain SELECT k FROM sbtest2 WHERE k BETWEEN 3333423 AND 3333523
	Index Only Scan using k_2 on sbtest2  (cost=0.43..6.42 rows=99 width=4)
	  Index Cond: ((k >= 3333423) AND (k <= 3333523))

table 3 : explain SELECT k FROM sbtest3 WHERE k BETWEEN 3333423 AND 3333523
	Index Only Scan using k_3 on sbtest3  (cost=0.43..6.51 rows=104 width=4)
	  Index Cond: ((k >= 3333423) AND (k <= 3333523))

table 4 : explain SELECT k FROM sbtest4 WHERE k BETWEEN 3333423 AND 3333523
	Index Only Scan using k_4 on sbtest4  (cost=0.43..10.56 rows=106 width=4)
	  Index Cond: ((k >= 3333423) AND (k <= 3333523))

table 5 : explain SELECT k FROM sbtest5 WHERE k BETWEEN 3333423 AND 3333523
	Index Only Scan using k_5 on sbtest5  (cost=0.43..10.56 rows=106 width=4)
	  Index Cond: ((k >= 3333423) AND (k <= 3333523))

table 6 : explain SELECT k FROM sbtest6 WHERE k BETWEEN 3333423 AND 3333523
	Index Only Scan using k_6 on sbtest6  (cost=0.43..6.45 rows=101 width=4)
	  Index Cond: ((k >= 3333423) AND (k <= 3333523))

table 7 : explain SELECT k FROM sbtest7 WHERE k BETWEEN 3333423 AND 3333523
	Index Only Scan using k_7 on sbtest7  (cost=0.43..6.37 rows=97 width=4)
	  Index Cond: ((k >= 3333423) AND (k <= 3333523))

table 8 : explain SELECT k FROM sbtest8 WHERE k BETWEEN 3333423 AND 3333523
	Index Only Scan using k_8 on sbtest8  (cost=0.43..6.63 rows=110 width=4)
	  Index Cond: ((k >= 3333423) AND (k <= 3333523))

explain: for range-covered :: explain SELECT k FROM sbtest%d WHERE k BETWEEN 3333423 AND 3333523
for range-covered
table 1 : explain SELECT k FROM sbtest1 WHERE k BETWEEN 5132051 AND 5132151
	Index Only Scan using k_1 on sbtest1  (cost=0.43..10.56 rows=106 width=4)
	  Index Cond: ((k >= 5132051) AND (k <= 5132151))

table 2 : explain SELECT k FROM sbtest2 WHERE k BETWEEN 5132051 AND 5132151
	Index Only Scan using k_2 on sbtest2  (cost=0.43..6.37 rows=97 width=4)
	  Index Cond: ((k >= 5132051) AND (k <= 5132151))

table 3 : explain SELECT k FROM sbtest3 WHERE k BETWEEN 5132051 AND 5132151
	Index Only Scan using k_3 on sbtest3  (cost=0.43..6.56 rows=106 width=4)
	  Index Cond: ((k >= 5132051) AND (k <= 5132151))

table 4 : explain SELECT k FROM sbtest4 WHERE k BETWEEN 5132051 AND 5132151
	Index Only Scan using k_4 on sbtest4  (cost=0.43..10.33 rows=95 width=4)
	  Index Cond: ((k >= 5132051) AND (k <= 5132151))

table 5 : explain SELECT k FROM sbtest5 WHERE k BETWEEN 5132051 AND 5132151
	Index Only Scan using k_5 on sbtest5  (cost=0.43..10.63 rows=110 width=4)
	  Index Cond: ((k >= 5132051) AND (k <= 5132151))

table 6 : explain SELECT k FROM sbtest6 WHERE k BETWEEN 5132051 AND 5132151
	Index Only Scan using k_6 on sbtest6  (cost=0.43..6.35 rows=96 width=4)
	  Index Cond: ((k >= 5132051) AND (k <= 5132151))

table 7 : explain SELECT k FROM sbtest7 WHERE k BETWEEN 5132051 AND 5132151
	Index Only Scan using k_7 on sbtest7  (cost=0.43..6.43 rows=100 width=4)
	  Index Cond: ((k >= 5132051) AND (k <= 5132151))

table 8 : explain SELECT k FROM sbtest8 WHERE k BETWEEN 5132051 AND 5132151
	Index Only Scan using k_8 on sbtest8  (cost=0.43..6.59 rows=108 width=4)
	  Index Cond: ((k >= 5132051) AND (k <= 5132151))

explain: for range-covered :: explain SELECT k FROM sbtest%d WHERE k BETWEEN 5132051 AND 5132151
for range-covered
table 1 : explain SELECT k FROM sbtest1 WHERE k BETWEEN 4574524 AND 4574624
	Index Only Scan using k_1 on sbtest1  (cost=0.43..10.44 rows=100 width=4)
	  Index Cond: ((k >= 4574524) AND (k <= 4574624))

table 2 : explain SELECT k FROM sbtest2 WHERE k BETWEEN 4574524 AND 4574624
	Index Only Scan using k_2 on sbtest2  (cost=0.43..6.47 rows=102 width=4)
	  Index Cond: ((k >= 4574524) AND (k <= 4574624))

table 3 : explain SELECT k FROM sbtest3 WHERE k BETWEEN 4574524 AND 4574624
	Index Only Scan using k_3 on sbtest3  (cost=0.43..6.47 rows=102 width=4)
	  Index Cond: ((k >= 4574524) AND (k <= 4574624))

table 4 : explain SELECT k FROM sbtest4 WHERE k BETWEEN 4574524 AND 4574624
	Index Only Scan using k_4 on sbtest4  (cost=0.43..10.46 rows=101 width=4)
	  Index Cond: ((k >= 4574524) AND (k <= 4574624))

table 5 : explain SELECT k FROM sbtest5 WHERE k BETWEEN 4574524 AND 4574624
	Index Only Scan using k_5 on sbtest5  (cost=0.43..10.47 rows=102 width=4)
	  Index Cond: ((k >= 4574524) AND (k <= 4574624))

table 6 : explain SELECT k FROM sbtest6 WHERE k BETWEEN 4574524 AND 4574624
	Index Only Scan using k_6 on sbtest6  (cost=0.43..6.74 rows=115 width=4)
	  Index Cond: ((k >= 4574524) AND (k <= 4574624))

table 7 : explain SELECT k FROM sbtest7 WHERE k BETWEEN 4574524 AND 4574624
	Index Only Scan using k_7 on sbtest7  (cost=0.43..6.43 rows=100 width=4)
	  Index Cond: ((k >= 4574524) AND (k <= 4574624))

table 8 : explain SELECT k FROM sbtest8 WHERE k BETWEEN 4574524 AND 4574624
	Index Only Scan using k_8 on sbtest8  (cost=0.43..6.42 rows=99 width=4)
	  Index Cond: ((k >= 4574524) AND (k <= 4574624))

explain: for range-covered :: explain SELECT k FROM sbtest%d WHERE k BETWEEN 4574524 AND 4574624
for range-covered
table 1 : explain SELECT k FROM sbtest1 WHERE k BETWEEN 2731982 AND 2732082
	Index Only Scan using k_1 on sbtest1  (cost=0.43..10.47 rows=102 width=4)
	  Index Cond: ((k >= 2731982) AND (k <= 2732082))

table 2 : explain SELECT k FROM sbtest2 WHERE k BETWEEN 2731982 AND 2732082
	Index Only Scan using k_2 on sbtest2  (cost=0.43..6.21 rows=89 width=4)
	  Index Cond: ((k >= 2731982) AND (k <= 2732082))

table 3 : explain SELECT k FROM sbtest3 WHERE k BETWEEN 2731982 AND 2732082
	Index Only Scan using k_3 on sbtest3  (cost=0.43..6.43 rows=100 width=4)
	  Index Cond: ((k >= 2731982) AND (k <= 2732082))

table 4 : explain SELECT k FROM sbtest4 WHERE k BETWEEN 2731982 AND 2732082
	Index Only Scan using k_4 on sbtest4  (cost=0.43..10.54 rows=105 width=4)
	  Index Cond: ((k >= 2731982) AND (k <= 2732082))

table 5 : explain SELECT k FROM sbtest5 WHERE k BETWEEN 2731982 AND 2732082
	Index Only Scan using k_5 on sbtest5  (cost=0.43..10.65 rows=111 width=4)
	  Index Cond: ((k >= 2731982) AND (k <= 2732082))

table 6 : explain SELECT k FROM sbtest6 WHERE k BETWEEN 2731982 AND 2732082
	Index Only Scan using k_6 on sbtest6  (cost=0.43..6.50 rows=103 width=4)
	  Index Cond: ((k >= 2731982) AND (k <= 2732082))

table 7 : explain SELECT k FROM sbtest7 WHERE k BETWEEN 2731982 AND 2732082
	Index Only Scan using k_7 on sbtest7  (cost=0.43..6.72 rows=114 width=4)
	  Index Cond: ((k >= 2731982) AND (k <= 2732082))

table 8 : explain SELECT k FROM sbtest8 WHERE k BETWEEN 2731982 AND 2732082
	Index Only Scan using k_8 on sbtest8  (cost=0.43..6.61 rows=109 width=4)
	  Index Cond: ((k >= 2731982) AND (k <= 2732082))

explain: for range-covered :: explain SELECT k FROM sbtest%d WHERE k BETWEEN 2731982 AND 2732082
explain: for range-covered :: explain SELECT k FROM sbtest%d WHERE k BETWEEN 8457321 AND 8457421
for range-covered
table 1 : explain SELECT k FROM sbtest1 WHERE k BETWEEN 5132051 AND 5132151
	Index Only Scan using k_1 on sbtest1  (cost=0.43..10.56 rows=106 width=4)
	  Index Cond: ((k >= 5132051) AND (k <= 5132151))

table 2 : explain SELECT k FROM sbtest2 WHERE k BETWEEN 5132051 AND 5132151
	Index Only Scan using k_2 on sbtest2  (cost=0.43..6.37 rows=97 width=4)
	  Index Cond: ((k >= 5132051) AND (k <= 5132151))

table 3 : explain SELECT k FROM sbtest3 WHERE k BETWEEN 5132051 AND 5132151
	Index Only Scan using k_3 on sbtest3  (cost=0.43..6.56 rows=106 width=4)
	  Index Cond: ((k >= 5132051) AND (k <= 5132151))

table 4 : explain SELECT k FROM sbtest4 WHERE k BETWEEN 5132051 AND 5132151
	Index Only Scan using k_4 on sbtest4  (cost=0.43..10.33 rows=95 width=4)
	  Index Cond: ((k >= 5132051) AND (k <= 5132151))

table 5 : explain SELECT k FROM sbtest5 WHERE k BETWEEN 5132051 AND 5132151
	Index Only Scan using k_5 on sbtest5  (cost=0.43..10.63 rows=110 width=4)
	  Index Cond: ((k >= 5132051) AND (k <= 5132151))

table 6 : explain SELECT k FROM sbtest6 WHERE k BETWEEN 5132051 AND 5132151
	Index Only Scan using k_6 on sbtest6  (cost=0.43..6.35 rows=96 width=4)
	  Index Cond: ((k >= 5132051) AND (k <= 5132151))

table 7 : explain SELECT k FROM sbtest7 WHERE k BETWEEN 5132051 AND 5132151
	Index Only Scan using k_7 on sbtest7  (cost=0.43..6.43 rows=100 width=4)
	  Index Cond: ((k >= 5132051) AND (k <= 5132151))

table 8 : explain SELECT k FROM sbtest8 WHERE k BETWEEN 5132051 AND 5132151
	Index Only Scan using k_8 on sbtest8  (cost=0.43..6.59 rows=108 width=4)
	  Index Cond: ((k >= 5132051) AND (k <= 5132151))

explain: for range-covered :: explain SELECT k FROM sbtest%d WHERE k BETWEEN 5132051 AND 5132151
for range-covered
table 1 : explain SELECT k FROM sbtest1 WHERE k BETWEEN 4574524 AND 4574624
	Index Only Scan using k_1 on sbtest1  (cost=0.43..10.44 rows=100 width=4)
	  Index Cond: ((k >= 4574524) AND (k <= 4574624))

table 2 : explain SELECT k FROM sbtest2 WHERE k BETWEEN 4574524 AND 4574624
	Index Only Scan using k_2 on sbtest2  (cost=0.43..6.47 rows=102 width=4)
	  Index Cond: ((k >= 4574524) AND (k <= 4574624))

table 3 : explain SELECT k FROM sbtest3 WHERE k BETWEEN 4574524 AND 4574624
	Index Only Scan using k_3 on sbtest3  (cost=0.43..6.47 rows=102 width=4)
	  Index Cond: ((k >= 4574524) AND (k <= 4574624))

table 4 : explain SELECT k FROM sbtest4 WHERE k BETWEEN 4574524 AND 4574624
	Index Only Scan using k_4 on sbtest4  (cost=0.43..10.46 rows=101 width=4)
	  Index Cond: ((k >= 4574524) AND (k <= 4574624))

table 5 : explain SELECT k FROM sbtest5 WHERE k BETWEEN 4574524 AND 4574624
	Index Only Scan using k_5 on sbtest5  (cost=0.43..10.47 rows=102 width=4)
	  Index Cond: ((k >= 4574524) AND (k <= 4574624))

table 6 : explain SELECT k FROM sbtest6 WHERE k BETWEEN 4574524 AND 4574624
	Index Only Scan using k_6 on sbtest6  (cost=0.43..6.74 rows=115 width=4)
	  Index Cond: ((k >= 4574524) AND (k <= 4574624))

table 7 : explain SELECT k FROM sbtest7 WHERE k BETWEEN 4574524 AND 4574624
	Index Only Scan using k_7 on sbtest7  (cost=0.43..6.43 rows=100 width=4)
	  Index Cond: ((k >= 4574524) AND (k <= 4574624))

table 8 : explain SELECT k FROM sbtest8 WHERE k BETWEEN 4574524 AND 4574624
	Index Only Scan using k_8 on sbtest8  (cost=0.43..6.42 rows=99 width=4)
	  Index Cond: ((k >= 4574524) AND (k <= 4574624))

explain: for range-covered :: explain SELECT k FROM sbtest%d WHERE k BETWEEN 4574524 AND 4574624
for range-covered
table 1 : explain SELECT k FROM sbtest1 WHERE k BETWEEN 2731982 AND 2732082
	Index Only Scan using k_1 on sbtest1  (cost=0.43..10.47 rows=102 width=4)
	  Index Cond: ((k >= 2731982) AND (k <= 2732082))

table 2 : explain SELECT k FROM sbtest2 WHERE k BETWEEN 2731982 AND 2732082
	Index Only Scan using k_2 on sbtest2  (cost=0.43..6.21 rows=89 width=4)
	  Index Cond: ((k >= 2731982) AND (k <= 2732082))

table 3 : explain SELECT k FROM sbtest3 WHERE k BETWEEN 2731982 AND 2732082
	Index Only Scan using k_3 on sbtest3  (cost=0.43..6.43 rows=100 width=4)
	  Index Cond: ((k >= 2731982) AND (k <= 2732082))

table 4 : explain SELECT k FROM sbtest4 WHERE k BETWEEN 2731982 AND 2732082
	Index Only Scan using k_4 on sbtest4  (cost=0.43..10.54 rows=105 width=4)
	  Index Cond: ((k >= 2731982) AND (k <= 2732082))

table 5 : explain SELECT k FROM sbtest5 WHERE k BETWEEN 2731982 AND 2732082
	Index Only Scan using k_5 on sbtest5  (cost=0.43..10.65 rows=111 width=4)
	  Index Cond: ((k >= 2731982) AND (k <= 2732082))

table 6 : explain SELECT k FROM sbtest6 WHERE k BETWEEN 2731982 AND 2732082
	Index Only Scan using k_6 on sbtest6  (cost=0.43..6.50 rows=103 width=4)
	  Index Cond: ((k >= 2731982) AND (k <= 2732082))

table 7 : explain SELECT k FROM sbtest7 WHERE k BETWEEN 2731982 AND 2732082
	Index Only Scan using k_7 on sbtest7  (cost=0.43..6.72 rows=114 width=4)
	  Index Cond: ((k >= 2731982) AND (k <= 2732082))

table 8 : explain SELECT k FROM sbtest8 WHERE k BETWEEN 2731982 AND 2732082
	Index Only Scan using k_8 on sbtest8  (cost=0.43..6.61 rows=109 width=4)
	  Index Cond: ((k >= 2731982) AND (k <= 2732082))

explain: for range-covered :: explain SELECT k FROM sbtest%d WHERE k BETWEEN 2731982 AND 2732082
explain: for range-covered :: explain SELECT k FROM sbtest%d WHERE k BETWEEN 6911909 AND 6912009
for range-covered
table 1 : explain SELECT k FROM sbtest1 WHERE k BETWEEN 5132051 AND 5132151
	Index Only Scan using k_1 on sbtest1  (cost=0.43..10.56 rows=106 width=4)
	  Index Cond: ((k >= 5132051) AND (k <= 5132151))

table 2 : explain SELECT k FROM sbtest2 WHERE k BETWEEN 5132051 AND 5132151
	Index Only Scan using k_2 on sbtest2  (cost=0.43..6.37 rows=97 width=4)
	  Index Cond: ((k >= 5132051) AND (k <= 5132151))

table 3 : explain SELECT k FROM sbtest3 WHERE k BETWEEN 5132051 AND 5132151
	Index Only Scan using k_3 on sbtest3  (cost=0.43..6.56 rows=106 width=4)
	  Index Cond: ((k >= 5132051) AND (k <= 5132151))

table 4 : explain SELECT k FROM sbtest4 WHERE k BETWEEN 5132051 AND 5132151
	Index Only Scan using k_4 on sbtest4  (cost=0.43..10.33 rows=95 width=4)
	  Index Cond: ((k >= 5132051) AND (k <= 5132151))

table 5 : explain SELECT k FROM sbtest5 WHERE k BETWEEN 5132051 AND 5132151
	Index Only Scan using k_5 on sbtest5  (cost=0.43..10.63 rows=110 width=4)
	  Index Cond: ((k >= 5132051) AND (k <= 5132151))

table 6 : explain SELECT k FROM sbtest6 WHERE k BETWEEN 5132051 AND 5132151
	Index Only Scan using k_6 on sbtest6  (cost=0.43..6.35 rows=96 width=4)
	  Index Cond: ((k >= 5132051) AND (k <= 5132151))

table 7 : explain SELECT k FROM sbtest7 WHERE k BETWEEN 5132051 AND 5132151
	Index Only Scan using k_7 on sbtest7  (cost=0.43..6.43 rows=100 width=4)
	  Index Cond: ((k >= 5132051) AND (k <= 5132151))

table 8 : explain SELECT k FROM sbtest8 WHERE k BETWEEN 5132051 AND 5132151
	Index Only Scan using k_8 on sbtest8  (cost=0.43..6.59 rows=108 width=4)
	  Index Cond: ((k >= 5132051) AND (k <= 5132151))

explain: for range-covered :: explain SELECT k FROM sbtest%d WHERE k BETWEEN 5132051 AND 5132151
for range-covered
table 1 : explain SELECT k FROM sbtest1 WHERE k BETWEEN 4574524 AND 4574624
	Index Only Scan using k_1 on sbtest1  (cost=0.43..10.44 rows=100 width=4)
	  Index Cond: ((k >= 4574524) AND (k <= 4574624))

table 2 : explain SELECT k FROM sbtest2 WHERE k BETWEEN 4574524 AND 4574624
	Index Only Scan using k_2 on sbtest2  (cost=0.43..6.47 rows=102 width=4)
	  Index Cond: ((k >= 4574524) AND (k <= 4574624))

table 3 : explain SELECT k FROM sbtest3 WHERE k BETWEEN 4574524 AND 4574624
	Index Only Scan using k_3 on sbtest3  (cost=0.43..6.47 rows=102 width=4)
	  Index Cond: ((k >= 4574524) AND (k <= 4574624))

table 4 : explain SELECT k FROM sbtest4 WHERE k BETWEEN 4574524 AND 4574624
	Index Only Scan using k_4 on sbtest4  (cost=0.43..10.46 rows=101 width=4)
	  Index Cond: ((k >= 4574524) AND (k <= 4574624))

table 5 : explain SELECT k FROM sbtest5 WHERE k BETWEEN 4574524 AND 4574624
	Index Only Scan using k_5 on sbtest5  (cost=0.43..10.47 rows=102 width=4)
	  Index Cond: ((k >= 4574524) AND (k <= 4574624))

table 6 : explain SELECT k FROM sbtest6 WHERE k BETWEEN 4574524 AND 4574624
	Index Only Scan using k_6 on sbtest6  (cost=0.43..6.74 rows=115 width=4)
	  Index Cond: ((k >= 4574524) AND (k <= 4574624))

table 7 : explain SELECT k FROM sbtest7 WHERE k BETWEEN 4574524 AND 4574624
	Index Only Scan using k_7 on sbtest7  (cost=0.43..6.43 rows=100 width=4)
	  Index Cond: ((k >= 4574524) AND (k <= 4574624))

table 8 : explain SELECT k FROM sbtest8 WHERE k BETWEEN 4574524 AND 4574624
	Index Only Scan using k_8 on sbtest8  (cost=0.43..6.42 rows=99 width=4)
	  Index Cond: ((k >= 4574524) AND (k <= 4574624))

explain: for range-covered :: explain SELECT k FROM sbtest%d WHERE k BETWEEN 4574524 AND 4574624
for range-covered
table 1 : explain SELECT k FROM sbtest1 WHERE k BETWEEN 4574524 AND 4574624
	Index Only Scan using k_1 on sbtest1  (cost=0.43..10.44 rows=100 width=4)
	  Index Cond: ((k >= 4574524) AND (k <= 4574624))

table 2 : explain SELECT k FROM sbtest2 WHERE k BETWEEN 4574524 AND 4574624
	Index Only Scan using k_2 on sbtest2  (cost=0.43..6.47 rows=102 width=4)
	  Index Cond: ((k >= 4574524) AND (k <= 4574624))

table 3 : explain SELECT k FROM sbtest3 WHERE k BETWEEN 4574524 AND 4574624
	Index Only Scan using k_3 on sbtest3  (cost=0.43..6.47 rows=102 width=4)
	  Index Cond: ((k >= 4574524) AND (k <= 4574624))

table 4 : explain SELECT k FROM sbtest4 WHERE k BETWEEN 4574524 AND 4574624
	Index Only Scan using k_4 on sbtest4  (cost=0.43..10.46 rows=101 width=4)
	  Index Cond: ((k >= 4574524) AND (k <= 4574624))

table 5 : explain SELECT k FROM sbtest5 WHERE k BETWEEN 4574524 AND 4574624
	Index Only Scan using k_5 on sbtest5  (cost=0.43..10.47 rows=102 width=4)
	  Index Cond: ((k >= 4574524) AND (k <= 4574624))

table 6 : explain SELECT k FROM sbtest6 WHERE k BETWEEN 4574524 AND 4574624
	Index Only Scan using k_6 on sbtest6  (cost=0.43..6.74 rows=115 width=4)
	  Index Cond: ((k >= 4574524) AND (k <= 4574624))

table 7 : explain SELECT k FROM sbtest7 WHERE k BETWEEN 4574524 AND 4574624
	Index Only Scan using k_7 on sbtest7  (cost=0.43..6.43 rows=100 width=4)
	  Index Cond: ((k >= 4574524) AND (k <= 4574624))

table 8 : explain SELECT k FROM sbtest8 WHERE k BETWEEN 4574524 AND 4574624
	Index Only Scan using k_8 on sbtest8  (cost=0.43..6.42 rows=99 width=4)
	  Index Cond: ((k >= 4574524) AND (k <= 4574624))

explain: for range-covered :: explain SELECT k FROM sbtest%d WHERE k BETWEEN 4574524 AND 4574624
for range-covered
table 1 : explain SELECT k FROM sbtest1 WHERE k BETWEEN 3333423 AND 3333523
	Index Only Scan using k_1 on sbtest1  (cost=0.43..10.51 rows=104 width=4)
	  Index Cond: ((k >= 3333423) AND (k <= 3333523))

table 2 : explain SELECT k FROM sbtest2 WHERE k BETWEEN 3333423 AND 3333523
	Index Only Scan using k_2 on sbtest2  (cost=0.43..6.42 rows=99 width=4)
	  Index Cond: ((k >= 3333423) AND (k <= 3333523))

table 3 : explain SELECT k FROM sbtest3 WHERE k BETWEEN 3333423 AND 3333523
	Index Only Scan using k_3 on sbtest3  (cost=0.43..6.51 rows=104 width=4)
	  Index Cond: ((k >= 3333423) AND (k <= 3333523))

table 4 : explain SELECT k FROM sbtest4 WHERE k BETWEEN 3333423 AND 3333523
	Index Only Scan using k_4 on sbtest4  (cost=0.43..10.56 rows=106 width=4)
	  Index Cond: ((k >= 3333423) AND (k <= 3333523))

table 5 : explain SELECT k FROM sbtest5 WHERE k BETWEEN 3333423 AND 3333523
	Index Only Scan using k_5 on sbtest5  (cost=0.43..10.56 rows=106 width=4)
	  Index Cond: ((k >= 3333423) AND (k <= 3333523))

table 6 : explain SELECT k FROM sbtest6 WHERE k BETWEEN 3333423 AND 3333523
	Index Only Scan using k_6 on sbtest6  (cost=0.43..6.45 rows=101 width=4)
	  Index Cond: ((k >= 3333423) AND (k <= 3333523))

table 7 : explain SELECT k FROM sbtest7 WHERE k BETWEEN 3333423 AND 3333523
	Index Only Scan using k_7 on sbtest7  (cost=0.43..6.37 rows=97 width=4)
	  Index Cond: ((k >= 3333423) AND (k <= 3333523))

table 8 : explain SELECT k FROM sbtest8 WHERE k BETWEEN 3333423 AND 3333523
	Index Only Scan using k_8 on sbtest8  (cost=0.43..6.63 rows=110 width=4)
	  Index Cond: ((k >= 3333423) AND (k <= 3333523))

for range-covered
table 1 : explain SELECT k FROM sbtest1 WHERE k BETWEEN 2731982 AND 2732082
	Index Only Scan using k_1 on sbtest1  (cost=0.43..10.47 rows=102 width=4)
	  Index Cond: ((k >= 2731982) AND (k <= 2732082))

table 2 : explain SELECT k FROM sbtest2 WHERE k BETWEEN 2731982 AND 2732082
	Index Only Scan using k_2 on sbtest2  (cost=0.43..6.21 rows=89 width=4)
	  Index Cond: ((k >= 2731982) AND (k <= 2732082))

table 3 : explain SELECT k FROM sbtest3 WHERE k BETWEEN 2731982 AND 2732082
	Index Only Scan using k_3 on sbtest3  (cost=0.43..6.43 rows=100 width=4)
	  Index Cond: ((k >= 2731982) AND (k <= 2732082))

table 4 : explain SELECT k FROM sbtest4 WHERE k BETWEEN 2731982 AND 2732082
	Index Only Scan using k_4 on sbtest4  (cost=0.43..10.54 rows=105 width=4)
	  Index Cond: ((k >= 2731982) AND (k <= 2732082))

table 5 : explain SELECT k FROM sbtest5 WHERE k BETWEEN 2731982 AND 2732082
	Index Only Scan using k_5 on sbtest5  (cost=0.43..10.65 rows=111 width=4)
	  Index Cond: ((k >= 2731982) AND (k <= 2732082))

table 6 : explain SELECT k FROM sbtest6 WHERE k BETWEEN 2731982 AND 2732082
	Index Only Scan using k_6 on sbtest6  (cost=0.43..6.50 rows=103 width=4)
	  Index Cond: ((k >= 2731982) AND (k <= 2732082))

table 7 : explain SELECT k FROM sbtest7 WHERE k BETWEEN 2731982 AND 2732082
	Index Only Scan using k_7 on sbtest7  (cost=0.43..6.72 rows=114 width=4)
	  Index Cond: ((k >= 2731982) AND (k <= 2732082))

table 8 : explain SELECT k FROM sbtest8 WHERE k BETWEEN 2731982 AND 2732082
	Index Only Scan using k_8 on sbtest8  (cost=0.43..6.61 rows=109 width=4)
	  Index Cond: ((k >= 2731982) AND (k <= 2732082))

explain: for range-covered :: explain SELECT k FROM sbtest%d WHERE k BETWEEN 2731982 AND 2732082
explain: for range-covered :: explain SELECT k FROM sbtest%d WHERE k BETWEEN 3009756 AND 3009856
for range-covered
table 1 : explain SELECT k FROM sbtest1 WHERE k BETWEEN 5132051 AND 5132151
	Index Only Scan using k_1 on sbtest1  (cost=0.43..10.56 rows=106 width=4)
	  Index Cond: ((k >= 5132051) AND (k <= 5132151))

table 2 : explain SELECT k FROM sbtest2 WHERE k BETWEEN 5132051 AND 5132151
	Index Only Scan using k_2 on sbtest2  (cost=0.43..6.37 rows=97 width=4)
	  Index Cond: ((k >= 5132051) AND (k <= 5132151))

table 3 : explain SELECT k FROM sbtest3 WHERE k BETWEEN 5132051 AND 5132151
	Index Only Scan using k_3 on sbtest3  (cost=0.43..6.56 rows=106 width=4)
	  Index Cond: ((k >= 5132051) AND (k <= 5132151))

table 4 : explain SELECT k FROM sbtest4 WHERE k BETWEEN 5132051 AND 5132151
	Index Only Scan using k_4 on sbtest4  (cost=0.43..10.33 rows=95 width=4)
	  Index Cond: ((k >= 5132051) AND (k <= 5132151))

table 5 : explain SELECT k FROM sbtest5 WHERE k BETWEEN 5132051 AND 5132151
	Index Only Scan using k_5 on sbtest5  (cost=0.43..10.63 rows=110 width=4)
	  Index Cond: ((k >= 5132051) AND (k <= 5132151))

table 6 : explain SELECT k FROM sbtest6 WHERE k BETWEEN 5132051 AND 5132151
	Index Only Scan using k_6 on sbtest6  (cost=0.43..6.35 rows=96 width=4)
	  Index Cond: ((k >= 5132051) AND (k <= 5132151))

table 7 : explain SELECT k FROM sbtest7 WHERE k BETWEEN 5132051 AND 5132151
	Index Only Scan using k_7 on sbtest7  (cost=0.43..6.43 rows=100 width=4)
	  Index Cond: ((k >= 5132051) AND (k <= 5132151))

table 8 : explain SELECT k FROM sbtest8 WHERE k BETWEEN 5132051 AND 5132151
	Index Only Scan using k_8 on sbtest8  (cost=0.43..6.59 rows=108 width=4)
	  Index Cond: ((k >= 5132051) AND (k <= 5132151))

for range-covered
table 1 : explain SELECT k FROM sbtest1 WHERE k BETWEEN 8457321 AND 8457421
	Index Only Scan using k_1 on sbtest1  (cost=0.43..10.38 rows=97 width=4)
	  Index Cond: ((k >= 8457321) AND (k <= 8457421))

table 2 : explain SELECT k FROM sbtest2 WHERE k BETWEEN 8457321 AND 8457421
	Index Only Scan using k_2 on sbtest2  (cost=0.43..6.63 rows=110 width=4)
	  Index Cond: ((k >= 8457321) AND (k <= 8457421))

table 3 : explain SELECT k FROM sbtest3 WHERE k BETWEEN 8457321 AND 8457421
	Index Only Scan using k_3 on sbtest3  (cost=0.43..6.50 rows=103 width=4)
	  Index Cond: ((k >= 8457321) AND (k <= 8457421))

table 4 : explain SELECT k FROM sbtest4 WHERE k BETWEEN 8457321 AND 8457421
	Index Only Scan using k_4 on sbtest4  (cost=0.43..10.50 rows=103 width=4)
	  Index Cond: ((k >= 8457321) AND (k <= 8457421))

table 5 : explain SELECT k FROM sbtest5 WHERE k BETWEEN 8457321 AND 8457421
	Index Only Scan using k_5 on sbtest5  (cost=0.43..10.58 rows=107 width=4)
	  Index Cond: ((k >= 8457321) AND (k <= 8457421))

table 6 : explain SELECT k FROM sbtest6 WHERE k BETWEEN 8457321 AND 8457421
	Index Only Scan using k_6 on sbtest6  (cost=0.43..6.63 rows=110 width=4)
	  Index Cond: ((k >= 8457321) AND (k <= 8457421))

table 7 : explain SELECT k FROM sbtest7 WHERE k BETWEEN 8457321 AND 8457421
	Index Only Scan using k_7 on sbtest7  (cost=0.43..6.43 rows=100 width=4)
	  Index Cond: ((k >= 8457321) AND (k <= 8457421))

table 8 : explain SELECT k FROM sbtest8 WHERE k BETWEEN 8457321 AND 8457421
	Index Only Scan using k_8 on sbtest8  (cost=0.43..6.47 rows=102 width=4)
	  Index Cond: ((k >= 8457321) AND (k <= 8457421))

explain: for range-covered :: explain SELECT k FROM sbtest%d WHERE k BETWEEN 8457321 AND 8457421
for range-covered
table 1 : explain SELECT k FROM sbtest1 WHERE k BETWEEN 4574524 AND 4574624
	Index Only Scan using k_1 on sbtest1  (cost=0.43..10.44 rows=100 width=4)
	  Index Cond: ((k >= 4574524) AND (k <= 4574624))

table 2 : explain SELECT k FROM sbtest2 WHERE k BETWEEN 4574524 AND 4574624
	Index Only Scan using k_2 on sbtest2  (cost=0.43..6.47 rows=102 width=4)
	  Index Cond: ((k >= 4574524) AND (k <= 4574624))

table 3 : explain SELECT k FROM sbtest3 WHERE k BETWEEN 4574524 AND 4574624
	Index Only Scan using k_3 on sbtest3  (cost=0.43..6.47 rows=102 width=4)
	  Index Cond: ((k >= 4574524) AND (k <= 4574624))

table 4 : explain SELECT k FROM sbtest4 WHERE k BETWEEN 4574524 AND 4574624
	Index Only Scan using k_4 on sbtest4  (cost=0.43..10.46 rows=101 width=4)
	  Index Cond: ((k >= 4574524) AND (k <= 4574624))

table 5 : explain SELECT k FROM sbtest5 WHERE k BETWEEN 4574524 AND 4574624
	Index Only Scan using k_5 on sbtest5  (cost=0.43..10.47 rows=102 width=4)
	  Index Cond: ((k >= 4574524) AND (k <= 4574624))

table 6 : explain SELECT k FROM sbtest6 WHERE k BETWEEN 4574524 AND 4574624
	Index Only Scan using k_6 on sbtest6  (cost=0.43..6.74 rows=115 width=4)
	  Index Cond: ((k >= 4574524) AND (k <= 4574624))

table 7 : explain SELECT k FROM sbtest7 WHERE k BETWEEN 4574524 AND 4574624
	Index Only Scan using k_7 on sbtest7  (cost=0.43..6.43 rows=100 width=4)
	  Index Cond: ((k >= 4574524) AND (k <= 4574624))

table 8 : explain SELECT k FROM sbtest8 WHERE k BETWEEN 4574524 AND 4574624
	Index Only Scan using k_8 on sbtest8  (cost=0.43..6.42 rows=99 width=4)
	  Index Cond: ((k >= 4574524) AND (k <= 4574624))

explain: for range-covered :: explain SELECT k FROM sbtest%d WHERE k BETWEEN 4574524 AND 4574624
for range-covered
table 1 : explain SELECT k FROM sbtest1 WHERE k BETWEEN 4574524 AND 4574624
	Index Only Scan using k_1 on sbtest1  (cost=0.43..10.44 rows=100 width=4)
	  Index Cond: ((k >= 4574524) AND (k <= 4574624))

table 2 : explain SELECT k FROM sbtest2 WHERE k BETWEEN 4574524 AND 4574624
	Index Only Scan using k_2 on sbtest2  (cost=0.43..6.47 rows=102 width=4)
	  Index Cond: ((k >= 4574524) AND (k <= 4574624))

table 3 : explain SELECT k FROM sbtest3 WHERE k BETWEEN 4574524 AND 4574624
	Index Only Scan using k_3 on sbtest3  (cost=0.43..6.47 rows=102 width=4)
	  Index Cond: ((k >= 4574524) AND (k <= 4574624))

table 4 : explain SELECT k FROM sbtest4 WHERE k BETWEEN 4574524 AND 4574624
	Index Only Scan using k_4 on sbtest4  (cost=0.43..10.46 rows=101 width=4)
	  Index Cond: ((k >= 4574524) AND (k <= 4574624))

table 5 : explain SELECT k FROM sbtest5 WHERE k BETWEEN 4574524 AND 4574624
	Index Only Scan using k_5 on sbtest5  (cost=0.43..10.47 rows=102 width=4)
	  Index Cond: ((k >= 4574524) AND (k <= 4574624))

table 6 : explain SELECT k FROM sbtest6 WHERE k BETWEEN 4574524 AND 4574624
	Index Only Scan using k_6 on sbtest6  (cost=0.43..6.74 rows=115 width=4)
	  Index Cond: ((k >= 4574524) AND (k <= 4574624))

table 7 : explain SELECT k FROM sbtest7 WHERE k BETWEEN 4574524 AND 4574624
	Index Only Scan using k_7 on sbtest7  (cost=0.43..6.43 rows=100 width=4)
	  Index Cond: ((k >= 4574524) AND (k <= 4574624))

table 8 : explain SELECT k FROM sbtest8 WHERE k BETWEEN 4574524 AND 4574624
	Index Only Scan using k_8 on sbtest8  (cost=0.43..6.42 rows=99 width=4)
	  Index Cond: ((k >= 4574524) AND (k <= 4574624))

for range-covered
table 1 : explain SELECT k FROM sbtest1 WHERE k BETWEEN 2731982 AND 2732082
	Index Only Scan using k_1 on sbtest1  (cost=0.43..10.47 rows=102 width=4)
	  Index Cond: ((k >= 2731982) AND (k <= 2732082))

table 2 : explain SELECT k FROM sbtest2 WHERE k BETWEEN 2731982 AND 2732082
	Index Only Scan using k_2 on sbtest2  (cost=0.43..6.21 rows=89 width=4)
	  Index Cond: ((k >= 2731982) AND (k <= 2732082))

table 3 : explain SELECT k FROM sbtest3 WHERE k BETWEEN 2731982 AND 2732082
	Index Only Scan using k_3 on sbtest3  (cost=0.43..6.43 rows=100 width=4)
	  Index Cond: ((k >= 2731982) AND (k <= 2732082))

table 4 : explain SELECT k FROM sbtest4 WHERE k BETWEEN 2731982 AND 2732082
	Index Only Scan using k_4 on sbtest4  (cost=0.43..10.54 rows=105 width=4)
	  Index Cond: ((k >= 2731982) AND (k <= 2732082))

table 5 : explain SELECT k FROM sbtest5 WHERE k BETWEEN 2731982 AND 2732082
	Index Only Scan using k_5 on sbtest5  (cost=0.43..10.65 rows=111 width=4)
	  Index Cond: ((k >= 2731982) AND (k <= 2732082))

table 6 : explain SELECT k FROM sbtest6 WHERE k BETWEEN 2731982 AND 2732082
	Index Only Scan using k_6 on sbtest6  (cost=0.43..6.50 rows=103 width=4)
	  Index Cond: ((k >= 2731982) AND (k <= 2732082))

table 7 : explain SELECT k FROM sbtest7 WHERE k BETWEEN 2731982 AND 2732082
	Index Only Scan using k_7 on sbtest7  (cost=0.43..6.72 rows=114 width=4)
	  Index Cond: ((k >= 2731982) AND (k <= 2732082))

table 8 : explain SELECT k FROM sbtest8 WHERE k BETWEEN 2731982 AND 2732082
	Index Only Scan using k_8 on sbtest8  (cost=0.43..6.61 rows=109 width=4)
	  Index Cond: ((k >= 2731982) AND (k <= 2732082))

explain: for range-covered :: explain SELECT k FROM sbtest%d WHERE k BETWEEN 4574524 AND 4574624
explain: for range-covered :: explain SELECT k FROM sbtest%d WHERE k BETWEEN 2731982 AND 2732082
for range-covered
table 1 : explain SELECT k FROM sbtest1 WHERE k BETWEEN 8457321 AND 8457421
	Index Only Scan using k_1 on sbtest1  (cost=0.43..10.38 rows=97 width=4)
	  Index Cond: ((k >= 8457321) AND (k <= 8457421))

table 2 : explain SELECT k FROM sbtest2 WHERE k BETWEEN 8457321 AND 8457421
	Index Only Scan using k_2 on sbtest2  (cost=0.43..6.63 rows=110 width=4)
	  Index Cond: ((k >= 8457321) AND (k <= 8457421))

table 3 : explain SELECT k FROM sbtest3 WHERE k BETWEEN 8457321 AND 8457421
	Index Only Scan using k_3 on sbtest3  (cost=0.43..6.50 rows=103 width=4)
	  Index Cond: ((k >= 8457321) AND (k <= 8457421))

table 4 : explain SELECT k FROM sbtest4 WHERE k BETWEEN 8457321 AND 8457421
	Index Only Scan using k_4 on sbtest4  (cost=0.43..10.50 rows=103 width=4)
	  Index Cond: ((k >= 8457321) AND (k <= 8457421))

table 5 : explain SELECT k FROM sbtest5 WHERE k BETWEEN 8457321 AND 8457421
	Index Only Scan using k_5 on sbtest5  (cost=0.43..10.58 rows=107 width=4)
	  Index Cond: ((k >= 8457321) AND (k <= 8457421))

table 6 : explain SELECT k FROM sbtest6 WHERE k BETWEEN 8457321 AND 8457421
	Index Only Scan using k_6 on sbtest6  (cost=0.43..6.63 rows=110 width=4)
	  Index Cond: ((k >= 8457321) AND (k <= 8457421))

table 7 : explain SELECT k FROM sbtest7 WHERE k BETWEEN 8457321 AND 8457421
	Index Only Scan using k_7 on sbtest7  (cost=0.43..6.43 rows=100 width=4)
	  Index Cond: ((k >= 8457321) AND (k <= 8457421))

table 8 : explain SELECT k FROM sbtest8 WHERE k BETWEEN 8457321 AND 8457421
	Index Only Scan using k_8 on sbtest8  (cost=0.43..6.47 rows=102 width=4)
	  Index Cond: ((k >= 8457321) AND (k <= 8457421))

explain: for range-covered :: explain SELECT k FROM sbtest%d WHERE k BETWEEN 8457321 AND 8457421
for range-covered
table 1 : explain SELECT k FROM sbtest1 WHERE k BETWEEN 4574524 AND 4574624
	Index Only Scan using k_1 on sbtest1  (cost=0.43..10.44 rows=100 width=4)
	  Index Cond: ((k >= 4574524) AND (k <= 4574624))

table 2 : explain SELECT k FROM sbtest2 WHERE k BETWEEN 4574524 AND 4574624
	Index Only Scan using k_2 on sbtest2  (cost=0.43..6.47 rows=102 width=4)
	  Index Cond: ((k >= 4574524) AND (k <= 4574624))

table 3 : explain SELECT k FROM sbtest3 WHERE k BETWEEN 4574524 AND 4574624
	Index Only Scan using k_3 on sbtest3  (cost=0.43..6.47 rows=102 width=4)
	  Index Cond: ((k >= 4574524) AND (k <= 4574624))

table 4 : explain SELECT k FROM sbtest4 WHERE k BETWEEN 4574524 AND 4574624
	Index Only Scan using k_4 on sbtest4  (cost=0.43..10.46 rows=101 width=4)
	  Index Cond: ((k >= 4574524) AND (k <= 4574624))

table 5 : explain SELECT k FROM sbtest5 WHERE k BETWEEN 4574524 AND 4574624
	Index Only Scan using k_5 on sbtest5  (cost=0.43..10.47 rows=102 width=4)
	  Index Cond: ((k >= 4574524) AND (k <= 4574624))

table 6 : explain SELECT k FROM sbtest6 WHERE k BETWEEN 4574524 AND 4574624
	Index Only Scan using k_6 on sbtest6  (cost=0.43..6.74 rows=115 width=4)
	  Index Cond: ((k >= 4574524) AND (k <= 4574624))

table 7 : explain SELECT k FROM sbtest7 WHERE k BETWEEN 4574524 AND 4574624
	Index Only Scan using k_7 on sbtest7  (cost=0.43..6.43 rows=100 width=4)
	  Index Cond: ((k >= 4574524) AND (k <= 4574624))

table 8 : explain SELECT k FROM sbtest8 WHERE k BETWEEN 4574524 AND 4574624
	Index Only Scan using k_8 on sbtest8  (cost=0.43..6.42 rows=99 width=4)
	  Index Cond: ((k >= 4574524) AND (k <= 4574624))

explain: for range-covered :: explain SELECT k FROM sbtest%d WHERE k BETWEEN 4574524 AND 4574624
explain: for range-covered :: explain SELECT k FROM sbtest%d WHERE k BETWEEN 8438268 AND 8438368
explain: for range-covered :: explain SELECT k FROM sbtest%d WHERE k BETWEEN 5419108 AND 5419208
explain: for range-covered :: explain SELECT k FROM sbtest%d WHERE k BETWEEN 5611421 AND 5611521
for range-covered
table 1 : explain SELECT k FROM sbtest1 WHERE k BETWEEN 6911909 AND 6912009
	Index Only Scan using k_1 on sbtest1  (cost=0.43..10.70 rows=113 width=4)
	  Index Cond: ((k >= 6911909) AND (k <= 6912009))

table 2 : explain SELECT k FROM sbtest2 WHERE k BETWEEN 6911909 AND 6912009
	Index Only Scan using k_2 on sbtest2  (cost=0.43..6.43 rows=100 width=4)
	  Index Cond: ((k >= 6911909) AND (k <= 6912009))

table 3 : explain SELECT k FROM sbtest3 WHERE k BETWEEN 6911909 AND 6912009
	Index Only Scan using k_3 on sbtest3  (cost=0.43..6.67 rows=112 width=4)
	  Index Cond: ((k >= 6911909) AND (k <= 6912009))

table 4 : explain SELECT k FROM sbtest4 WHERE k BETWEEN 6911909 AND 6912009
	Index Only Scan using k_4 on sbtest4  (cost=0.43..10.38 rows=97 width=4)
	  Index Cond: ((k >= 6911909) AND (k <= 6912009))

table 5 : explain SELECT k FROM sbtest5 WHERE k BETWEEN 6911909 AND 6912009
	Index Only Scan using k_5 on sbtest5  (cost=0.43..10.47 rows=102 width=4)
	  Index Cond: ((k >= 6911909) AND (k <= 6912009))

table 6 : explain SELECT k FROM sbtest6 WHERE k BETWEEN 6911909 AND 6912009
	Index Only Scan using k_6 on sbtest6  (cost=0.43..6.61 rows=109 width=4)
	  Index Cond: ((k >= 6911909) AND (k <= 6912009))

table 7 : explain SELECT k FROM sbtest7 WHERE k BETWEEN 6911909 AND 6912009
	Index Only Scan using k_7 on sbtest7  (cost=0.43..6.25 rows=91 width=4)
	  Index Cond: ((k >= 6911909) AND (k <= 6912009))

table 8 : explain SELECT k FROM sbtest8 WHERE k BETWEEN 6911909 AND 6912009
	Index Only Scan using k_8 on sbtest8  (cost=0.43..6.45 rows=101 width=4)
	  Index Cond: ((k >= 6911909) AND (k <= 6912009))

explain: for range-covered :: explain SELECT k FROM sbtest%d WHERE k BETWEEN 6911909 AND 6912009
for range-covered
table 1 : explain SELECT k FROM sbtest1 WHERE k BETWEEN 3009756 AND 3009856
	Index Only Scan using k_1 on sbtest1  (cost=0.43..10.33 rows=95 width=4)
	  Index Cond: ((k >= 3009756) AND (k <= 3009856))

table 2 : explain SELECT k FROM sbtest2 WHERE k BETWEEN 3009756 AND 3009856
	Index Only Scan using k_2 on sbtest2  (cost=0.43..6.40 rows=98 width=4)
	  Index Cond: ((k >= 3009756) AND (k <= 3009856))

table 3 : explain SELECT k FROM sbtest3 WHERE k BETWEEN 3009756 AND 3009856
	Index Only Scan using k_3 on sbtest3  (cost=0.43..6.51 rows=104 width=4)
	  Index Cond: ((k >= 3009756) AND (k <= 3009856))

table 4 : explain SELECT k FROM sbtest4 WHERE k BETWEEN 3009756 AND 3009856
	Index Only Scan using k_4 on sbtest4  (cost=0.43..10.42 rows=99 width=4)
	  Index Cond: ((k >= 3009756) AND (k <= 3009856))

table 5 : explain SELECT k FROM sbtest5 WHERE k BETWEEN 3009756 AND 3009856
	Index Only Scan using k_5 on sbtest5  (cost=0.43..10.33 rows=95 width=4)
	  Index Cond: ((k >= 3009756) AND (k <= 3009856))

table 6 : explain SELECT k FROM sbtest6 WHERE k BETWEEN 3009756 AND 3009856
	Index Only Scan using k_6 on sbtest6  (cost=0.43..6.53 rows=105 width=4)
	  Index Cond: ((k >= 3009756) AND (k <= 3009856))

table 7 : explain SELECT k FROM sbtest7 WHERE k BETWEEN 3009756 AND 3009856
	Index Only Scan using k_7 on sbtest7  (cost=0.43..6.37 rows=97 width=4)
	  Index Cond: ((k >= 3009756) AND (k <= 3009856))

table 8 : explain SELECT k FROM sbtest8 WHERE k BETWEEN 3009756 AND 3009856
	Index Only Scan using k_8 on sbtest8  (cost=0.43..6.51 rows=104 width=4)
	  Index Cond: ((k >= 3009756) AND (k <= 3009856))

explain: for range-covered :: explain SELECT k FROM sbtest%d WHERE k BETWEEN 3009756 AND 3009856
for range-covered
table 1 : explain SELECT k FROM sbtest1 WHERE k BETWEEN 8457321 AND 8457421
	Index Only Scan using k_1 on sbtest1  (cost=0.43..10.38 rows=97 width=4)
	  Index Cond: ((k >= 8457321) AND (k <= 8457421))

table 2 : explain SELECT k FROM sbtest2 WHERE k BETWEEN 8457321 AND 8457421
	Index Only Scan using k_2 on sbtest2  (cost=0.43..6.63 rows=110 width=4)
	  Index Cond: ((k >= 8457321) AND (k <= 8457421))

table 3 : explain SELECT k FROM sbtest3 WHERE k BETWEEN 8457321 AND 8457421
	Index Only Scan using k_3 on sbtest3  (cost=0.43..6.50 rows=103 width=4)
	  Index Cond: ((k >= 8457321) AND (k <= 8457421))

table 4 : explain SELECT k FROM sbtest4 WHERE k BETWEEN 8457321 AND 8457421
	Index Only Scan using k_4 on sbtest4  (cost=0.43..10.50 rows=103 width=4)
	  Index Cond: ((k >= 8457321) AND (k <= 8457421))

table 5 : explain SELECT k FROM sbtest5 WHERE k BETWEEN 8457321 AND 8457421
	Index Only Scan using k_5 on sbtest5  (cost=0.43..10.58 rows=107 width=4)
	  Index Cond: ((k >= 8457321) AND (k <= 8457421))

table 6 : explain SELECT k FROM sbtest6 WHERE k BETWEEN 8457321 AND 8457421
	Index Only Scan using k_6 on sbtest6  (cost=0.43..6.63 rows=110 width=4)
	  Index Cond: ((k >= 8457321) AND (k <= 8457421))

table 7 : explain SELECT k FROM sbtest7 WHERE k BETWEEN 8457321 AND 8457421
	Index Only Scan using k_7 on sbtest7  (cost=0.43..6.43 rows=100 width=4)
	  Index Cond: ((k >= 8457321) AND (k <= 8457421))

table 8 : explain SELECT k FROM sbtest8 WHERE k BETWEEN 8457321 AND 8457421
	Index Only Scan using k_8 on sbtest8  (cost=0.43..6.47 rows=102 width=4)
	  Index Cond: ((k >= 8457321) AND (k <= 8457421))

for range-covered
table 1 : explain SELECT k FROM sbtest1 WHERE k BETWEEN 6911909 AND 6912009
	Index Only Scan using k_1 on sbtest1  (cost=0.43..10.70 rows=113 width=4)
	  Index Cond: ((k >= 6911909) AND (k <= 6912009))

table 2 : explain SELECT k FROM sbtest2 WHERE k BETWEEN 6911909 AND 6912009
	Index Only Scan using k_2 on sbtest2  (cost=0.43..6.43 rows=100 width=4)
	  Index Cond: ((k >= 6911909) AND (k <= 6912009))

table 3 : explain SELECT k FROM sbtest3 WHERE k BETWEEN 6911909 AND 6912009
	Index Only Scan using k_3 on sbtest3  (cost=0.43..6.67 rows=112 width=4)
	  Index Cond: ((k >= 6911909) AND (k <= 6912009))

table 4 : explain SELECT k FROM sbtest4 WHERE k BETWEEN 6911909 AND 6912009
	Index Only Scan using k_4 on sbtest4  (cost=0.43..10.38 rows=97 width=4)
	  Index Cond: ((k >= 6911909) AND (k <= 6912009))

table 5 : explain SELECT k FROM sbtest5 WHERE k BETWEEN 6911909 AND 6912009
	Index Only Scan using k_5 on sbtest5  (cost=0.43..10.47 rows=102 width=4)
	  Index Cond: ((k >= 6911909) AND (k <= 6912009))

table 6 : explain SELECT k FROM sbtest6 WHERE k BETWEEN 6911909 AND 6912009
	Index Only Scan using k_6 on sbtest6  (cost=0.43..6.61 rows=109 width=4)
	  Index Cond: ((k >= 6911909) AND (k <= 6912009))

table 7 : explain SELECT k FROM sbtest7 WHERE k BETWEEN 6911909 AND 6912009
	Index Only Scan using k_7 on sbtest7  (cost=0.43..6.25 rows=91 width=4)
	  Index Cond: ((k >= 6911909) AND (k <= 6912009))

table 8 : explain SELECT k FROM sbtest8 WHERE k BETWEEN 6911909 AND 6912009
	Index Only Scan using k_8 on sbtest8  (cost=0.43..6.45 rows=101 width=4)
	  Index Cond: ((k >= 6911909) AND (k <= 6912009))

explain: for range-covered :: explain SELECT k FROM sbtest%d WHERE k BETWEEN 8457321 AND 8457421
explain: for range-covered :: explain SELECT k FROM sbtest%d WHERE k BETWEEN 6911909 AND 6912009
explain: for range-covered :: explain SELECT k FROM sbtest%d WHERE k BETWEEN 7581563 AND 7581663
for range-covered
table 1 : explain SELECT k FROM sbtest1 WHERE k BETWEEN 3009756 AND 3009856
	Index Only Scan using k_1 on sbtest1  (cost=0.43..10.33 rows=95 width=4)
	  Index Cond: ((k >= 3009756) AND (k <= 3009856))

table 2 : explain SELECT k FROM sbtest2 WHERE k BETWEEN 3009756 AND 3009856
	Index Only Scan using k_2 on sbtest2  (cost=0.43..6.40 rows=98 width=4)
	  Index Cond: ((k >= 3009756) AND (k <= 3009856))

table 3 : explain SELECT k FROM sbtest3 WHERE k BETWEEN 3009756 AND 3009856
	Index Only Scan using k_3 on sbtest3  (cost=0.43..6.51 rows=104 width=4)
	  Index Cond: ((k >= 3009756) AND (k <= 3009856))

table 4 : explain SELECT k FROM sbtest4 WHERE k BETWEEN 3009756 AND 3009856
	Index Only Scan using k_4 on sbtest4  (cost=0.43..10.42 rows=99 width=4)
	  Index Cond: ((k >= 3009756) AND (k <= 3009856))

table 5 : explain SELECT k FROM sbtest5 WHERE k BETWEEN 3009756 AND 3009856
	Index Only Scan using k_5 on sbtest5  (cost=0.43..10.33 rows=95 width=4)
	  Index Cond: ((k >= 3009756) AND (k <= 3009856))

table 6 : explain SELECT k FROM sbtest6 WHERE k BETWEEN 3009756 AND 3009856
	Index Only Scan using k_6 on sbtest6  (cost=0.43..6.53 rows=105 width=4)
	  Index Cond: ((k >= 3009756) AND (k <= 3009856))

table 7 : explain SELECT k FROM sbtest7 WHERE k BETWEEN 3009756 AND 3009856
	Index Only Scan using k_7 on sbtest7  (cost=0.43..6.37 rows=97 width=4)
	  Index Cond: ((k >= 3009756) AND (k <= 3009856))

table 8 : explain SELECT k FROM sbtest8 WHERE k BETWEEN 3009756 AND 3009856
	Index Only Scan using k_8 on sbtest8  (cost=0.43..6.51 rows=104 width=4)
	  Index Cond: ((k >= 3009756) AND (k <= 3009856))

for range-covered
table 1 : explain SELECT k FROM sbtest1 WHERE k BETWEEN 4574524 AND 4574624
	Index Only Scan using k_1 on sbtest1  (cost=0.43..10.44 rows=100 width=4)
	  Index Cond: ((k >= 4574524) AND (k <= 4574624))

table 2 : explain SELECT k FROM sbtest2 WHERE k BETWEEN 4574524 AND 4574624
	Index Only Scan using k_2 on sbtest2  (cost=0.43..6.47 rows=102 width=4)
	  Index Cond: ((k >= 4574524) AND (k <= 4574624))

table 3 : explain SELECT k FROM sbtest3 WHERE k BETWEEN 4574524 AND 4574624
	Index Only Scan using k_3 on sbtest3  (cost=0.43..6.47 rows=102 width=4)
	  Index Cond: ((k >= 4574524) AND (k <= 4574624))

table 4 : explain SELECT k FROM sbtest4 WHERE k BETWEEN 4574524 AND 4574624
	Index Only Scan using k_4 on sbtest4  (cost=0.43..10.46 rows=101 width=4)
	  Index Cond: ((k >= 4574524) AND (k <= 4574624))

table 5 : explain SELECT k FROM sbtest5 WHERE k BETWEEN 4574524 AND 4574624
	Index Only Scan using k_5 on sbtest5  (cost=0.43..10.47 rows=102 width=4)
	  Index Cond: ((k >= 4574524) AND (k <= 4574624))

table 6 : explain SELECT k FROM sbtest6 WHERE k BETWEEN 4574524 AND 4574624
	Index Only Scan using k_6 on sbtest6  (cost=0.43..6.74 rows=115 width=4)
	  Index Cond: ((k >= 4574524) AND (k <= 4574624))

table 7 : explain SELECT k FROM sbtest7 WHERE k BETWEEN 4574524 AND 4574624
	Index Only Scan using k_7 on sbtest7  (cost=0.43..6.43 rows=100 width=4)
	  Index Cond: ((k >= 4574524) AND (k <= 4574624))

table 8 : explain SELECT k FROM sbtest8 WHERE k BETWEEN 4574524 AND 4574624
	Index Only Scan using k_8 on sbtest8  (cost=0.43..6.42 rows=99 width=4)
	  Index Cond: ((k >= 4574524) AND (k <= 4574624))

for range-covered
table 1 : explain SELECT k FROM sbtest1 WHERE k BETWEEN 6911909 AND 6912009
	Index Only Scan using k_1 on sbtest1  (cost=0.43..10.70 rows=113 width=4)
	  Index Cond: ((k >= 6911909) AND (k <= 6912009))

table 2 : explain SELECT k FROM sbtest2 WHERE k BETWEEN 6911909 AND 6912009
	Index Only Scan using k_2 on sbtest2  (cost=0.43..6.43 rows=100 width=4)
	  Index Cond: ((k >= 6911909) AND (k <= 6912009))

table 3 : explain SELECT k FROM sbtest3 WHERE k BETWEEN 6911909 AND 6912009
	Index Only Scan using k_3 on sbtest3  (cost=0.43..6.67 rows=112 width=4)
	  Index Cond: ((k >= 6911909) AND (k <= 6912009))

table 4 : explain SELECT k FROM sbtest4 WHERE k BETWEEN 6911909 AND 6912009
	Index Only Scan using k_4 on sbtest4  (cost=0.43..10.38 rows=97 width=4)
	  Index Cond: ((k >= 6911909) AND (k <= 6912009))

table 5 : explain SELECT k FROM sbtest5 WHERE k BETWEEN 6911909 AND 6912009
	Index Only Scan using k_5 on sbtest5  (cost=0.43..10.47 rows=102 width=4)
	  Index Cond: ((k >= 6911909) AND (k <= 6912009))

table 6 : explain SELECT k FROM sbtest6 WHERE k BETWEEN 6911909 AND 6912009
	Index Only Scan using k_6 on sbtest6  (cost=0.43..6.61 rows=109 width=4)
	  Index Cond: ((k >= 6911909) AND (k <= 6912009))

table 7 : explain SELECT k FROM sbtest7 WHERE k BETWEEN 6911909 AND 6912009
	Index Only Scan using k_7 on sbtest7  (cost=0.43..6.25 rows=91 width=4)
	  Index Cond: ((k >= 6911909) AND (k <= 6912009))

table 8 : explain SELECT k FROM sbtest8 WHERE k BETWEEN 6911909 AND 6912009
	Index Only Scan using k_8 on sbtest8  (cost=0.43..6.45 rows=101 width=4)
	  Index Cond: ((k >= 6911909) AND (k <= 6912009))

explain: for range-covered :: explain SELECT k FROM sbtest%d WHERE k BETWEEN 3009756 AND 3009856
explain: for range-covered :: explain SELECT k FROM sbtest%d WHERE k BETWEEN 6911909 AND 6912009
for range-covered
table 1 : explain SELECT k FROM sbtest1 WHERE k BETWEEN 8457321 AND 8457421
	Index Only Scan using k_1 on sbtest1  (cost=0.43..10.38 rows=97 width=4)
	  Index Cond: ((k >= 8457321) AND (k <= 8457421))

table 2 : explain SELECT k FROM sbtest2 WHERE k BETWEEN 8457321 AND 8457421
	Index Only Scan using k_2 on sbtest2  (cost=0.43..6.63 rows=110 width=4)
	  Index Cond: ((k >= 8457321) AND (k <= 8457421))

table 3 : explain SELECT k FROM sbtest3 WHERE k BETWEEN 8457321 AND 8457421
	Index Only Scan using k_3 on sbtest3  (cost=0.43..6.50 rows=103 width=4)
	  Index Cond: ((k >= 8457321) AND (k <= 8457421))

table 4 : explain SELECT k FROM sbtest4 WHERE k BETWEEN 8457321 AND 8457421
	Index Only Scan using k_4 on sbtest4  (cost=0.43..10.50 rows=103 width=4)
	  Index Cond: ((k >= 8457321) AND (k <= 8457421))

table 5 : explain SELECT k FROM sbtest5 WHERE k BETWEEN 8457321 AND 8457421
	Index Only Scan using k_5 on sbtest5  (cost=0.43..10.58 rows=107 width=4)
	  Index Cond: ((k >= 8457321) AND (k <= 8457421))

table 6 : explain SELECT k FROM sbtest6 WHERE k BETWEEN 8457321 AND 8457421
	Index Only Scan using k_6 on sbtest6  (cost=0.43..6.63 rows=110 width=4)
	  Index Cond: ((k >= 8457321) AND (k <= 8457421))

table 7 : explain SELECT k FROM sbtest7 WHERE k BETWEEN 8457321 AND 8457421
	Index Only Scan using k_7 on sbtest7  (cost=0.43..6.43 rows=100 width=4)
	  Index Cond: ((k >= 8457321) AND (k <= 8457421))

table 8 : explain SELECT k FROM sbtest8 WHERE k BETWEEN 8457321 AND 8457421
	Index Only Scan using k_8 on sbtest8  (cost=0.43..6.47 rows=102 width=4)
	  Index Cond: ((k >= 8457321) AND (k <= 8457421))

for range-covered
table 1 : explain SELECT k FROM sbtest1 WHERE k BETWEEN 6654592 AND 6654692
	Index Only Scan using k_1 on sbtest1  (cost=0.43..10.44 rows=100 width=4)
	  Index Cond: ((k >= 6654592) AND (k <= 6654692))

table 2 : explain SELECT k FROM sbtest2 WHERE k BETWEEN 6654592 AND 6654692
	Index Only Scan using k_2 on sbtest2  (cost=0.43..6.59 rows=108 width=4)
	  Index Cond: ((k >= 6654592) AND (k <= 6654692))

table 3 : explain SELECT k FROM sbtest3 WHERE k BETWEEN 6654592 AND 6654692
	Index Only Scan using k_3 on sbtest3  (cost=0.43..6.50 rows=103 width=4)
	  Index Cond: ((k >= 6654592) AND (k <= 6654692))

table 4 : explain SELECT k FROM sbtest4 WHERE k BETWEEN 6654592 AND 6654692
	Index Only Scan using k_4 on sbtest4  (cost=0.43..10.58 rows=107 width=4)
	  Index Cond: ((k >= 6654592) AND (k <= 6654692))

table 5 : explain SELECT k FROM sbtest5 WHERE k BETWEEN 6654592 AND 6654692
	Index Only Scan using k_5 on sbtest5  (cost=0.43..10.46 rows=101 width=4)
	  Index Cond: ((k >= 6654592) AND (k <= 6654692))

table 6 : explain SELECT k FROM sbtest6 WHERE k BETWEEN 6654592 AND 6654692
	Index Only Scan using k_6 on sbtest6  (cost=0.43..6.50 rows=103 width=4)
	  Index Cond: ((k >= 6654592) AND (k <= 6654692))

table 7 : explain SELECT k FROM sbtest7 WHERE k BETWEEN 6654592 AND 6654692
	Index Only Scan using k_7 on sbtest7  (cost=0.43..6.50 rows=103 width=4)
	  Index Cond: ((k >= 6654592) AND (k <= 6654692))

table 8 : explain SELECT k FROM sbtest8 WHERE k BETWEEN 6654592 AND 6654692
	Index Only Scan using k_8 on sbtest8  (cost=0.43..6.63 rows=110 width=4)
	  Index Cond: ((k >= 6654592) AND (k <= 6654692))

explain: for range-covered :: explain SELECT k FROM sbtest%d WHERE k BETWEEN 8457321 AND 8457421
for range-covered
table 1 : explain SELECT k FROM sbtest1 WHERE k BETWEEN 2731982 AND 2732082
	Index Only Scan using k_1 on sbtest1  (cost=0.43..10.47 rows=102 width=4)
	  Index Cond: ((k >= 2731982) AND (k <= 2732082))

table 2 : explain SELECT k FROM sbtest2 WHERE k BETWEEN 2731982 AND 2732082
	Index Only Scan using k_2 on sbtest2  (cost=0.43..6.21 rows=89 width=4)
	  Index Cond: ((k >= 2731982) AND (k <= 2732082))

table 3 : explain SELECT k FROM sbtest3 WHERE k BETWEEN 2731982 AND 2732082
	Index Only Scan using k_3 on sbtest3  (cost=0.43..6.43 rows=100 width=4)
	  Index Cond: ((k >= 2731982) AND (k <= 2732082))

table 4 : explain SELECT k FROM sbtest4 WHERE k BETWEEN 2731982 AND 2732082
	Index Only Scan using k_4 on sbtest4  (cost=0.43..10.54 rows=105 width=4)
	  Index Cond: ((k >= 2731982) AND (k <= 2732082))

table 5 : explain SELECT k FROM sbtest5 WHERE k BETWEEN 2731982 AND 2732082
	Index Only Scan using k_5 on sbtest5  (cost=0.43..10.65 rows=111 width=4)
	  Index Cond: ((k >= 2731982) AND (k <= 2732082))

table 6 : explain SELECT k FROM sbtest6 WHERE k BETWEEN 2731982 AND 2732082
	Index Only Scan using k_6 on sbtest6  (cost=0.43..6.50 rows=103 width=4)
	  Index Cond: ((k >= 2731982) AND (k <= 2732082))

table 7 : explain SELECT k FROM sbtest7 WHERE k BETWEEN 2731982 AND 2732082
	Index Only Scan using k_7 on sbtest7  (cost=0.43..6.72 rows=114 width=4)
	  Index Cond: ((k >= 2731982) AND (k <= 2732082))

table 8 : explain SELECT k FROM sbtest8 WHERE k BETWEEN 2731982 AND 2732082
	Index Only Scan using k_8 on sbtest8  (cost=0.43..6.61 rows=109 width=4)
	  Index Cond: ((k >= 2731982) AND (k <= 2732082))
for range-covered
table 1 : explain SELECT k FROM sbtest1 WHERE k BETWEEN 6911909 AND 6912009
	Index Only Scan using k_1 on sbtest1  (cost=0.43..10.70 rows=113 width=4)
	  Index Cond: ((k >= 6911909) AND (k <= 6912009))

table 2 : explain SELECT k FROM sbtest2 WHERE k BETWEEN 6911909 AND 6912009
	Index Only Scan using k_2 on sbtest2  (cost=0.43..6.43 rows=100 width=4)
	  Index Cond: ((k >= 6911909) AND (k <= 6912009))

table 3 : explain SELECT k FROM sbtest3 WHERE k BETWEEN 6911909 AND 6912009
	Index Only Scan using k_3 on sbtest3  (cost=0.43..6.67 rows=112 width=4)
	  Index Cond: ((k >= 6911909) AND (k <= 6912009))

table 4 : explain SELECT k FROM sbtest4 WHERE k BETWEEN 6911909 AND 6912009
	Index Only Scan using k_4 on sbtest4  (cost=0.43..10.38 rows=97 width=4)
	  Index Cond: ((k >= 6911909) AND (k <= 6912009))

table 5 : explain SELECT k FROM sbtest5 WHERE k BETWEEN 6911909 AND 6912009
	Index Only Scan using k_5 on sbtest5  (cost=0.43..10.47 rows=102 width=4)
	  Index Cond: ((k >= 6911909) AND (k <= 6912009))

table 6 : explain SELECT k FROM sbtest6 WHERE k BETWEEN 6911909 AND 6912009
	Index Only Scan using k_6 on sbtest6  (cost=0.43..6.61 rows=109 width=4)
	  Index Cond: ((k >= 6911909) AND (k <= 6912009))

table 7 : explain SELECT k FROM sbtest7 WHERE k BETWEEN 6911909 AND 6912009
	Index Only Scan using k_7 on sbtest7  (cost=0.43..6.25 rows=91 width=4)
	  Index Cond: ((k >= 6911909) AND (k <= 6912009))

table 8 : explain SELECT k FROM sbtest8 WHERE k BETWEEN 6911909 AND 6912009
	Index Only Scan using k_8 on sbtest8  (cost=0.43..6.45 rows=101 width=4)
	  Index Cond: ((k >= 6911909) AND (k <= 6912009))

for range-covered
table 1 : explain SELECT k FROM sbtest1 WHERE k BETWEEN 8438268 AND 8438368
	Index Only Scan using k_1 on sbtest1  (cost=0.43..10.38 rows=97 width=4)
	  Index Cond: ((k >= 8438268) AND (k <= 8438368))

table 2 : explain SELECT k FROM sbtest2 WHERE k BETWEEN 8438268 AND 8438368
	Index Only Scan using k_2 on sbtest2  (cost=0.43..6.63 rows=110 width=4)
	  Index Cond: ((k >= 8438268) AND (k <= 8438368))

table 3 : explain SELECT k FROM sbtest3 WHERE k BETWEEN 8438268 AND 8438368
	Index Only Scan using k_3 on sbtest3  (cost=0.43..6.50 rows=103 width=4)
	  Index Cond: ((k >= 8438268) AND (k <= 8438368))

table 4 : explain SELECT k FROM sbtest4 WHERE k BETWEEN 8438268 AND 8438368
	Index Only Scan using k_4 on sbtest4  (cost=0.43..10.50 rows=103 width=4)
	  Index Cond: ((k >= 8438268) AND (k <= 8438368))

table 5 : explain SELECT k FROM sbtest5 WHERE k BETWEEN 8438268 AND 8438368
	Index Only Scan using k_5 on sbtest5  (cost=0.43..10.58 rows=107 width=4)
	  Index Cond: ((k >= 8438268) AND (k <= 8438368))

table 6 : explain SELECT k FROM sbtest6 WHERE k BETWEEN 8438268 AND 8438368
	Index Only Scan using k_6 on sbtest6  (cost=0.43..6.63 rows=110 width=4)
	  Index Cond: ((k >= 8438268) AND (k <= 8438368))

table 7 : explain SELECT k FROM sbtest7 WHERE k BETWEEN 8438268 AND 8438368
	Index Only Scan using k_7 on sbtest7  (cost=0.43..6.43 rows=100 width=4)
	  Index Cond: ((k >= 8438268) AND (k <= 8438368))

table 8 : explain SELECT k FROM sbtest8 WHERE k BETWEEN 8438268 AND 8438368
	Index Only Scan using k_8 on sbtest8  (cost=0.43..6.47 rows=102 width=4)
	  Index Cond: ((k >= 8438268) AND (k <= 8438368))


explain: for range-covered :: explain SELECT k FROM sbtest%d WHERE k BETWEEN 6654592 AND 6654692
explain: for range-covered :: explain SELECT k FROM sbtest%d WHERE k BETWEEN 8438268 AND 8438368
explain: for range-covered :: explain SELECT k FROM sbtest%d WHERE k BETWEEN 6911909 AND 6912009
explain: for range-covered :: explain SELECT k FROM sbtest%d WHERE k BETWEEN 2731982 AND 2732082
for range-covered
table 1 : explain SELECT k FROM sbtest1 WHERE k BETWEEN 3009756 AND 3009856
	Index Only Scan using k_1 on sbtest1  (cost=0.43..10.33 rows=95 width=4)
	  Index Cond: ((k >= 3009756) AND (k <= 3009856))

table 2 : explain SELECT k FROM sbtest2 WHERE k BETWEEN 3009756 AND 3009856
	Index Only Scan using k_2 on sbtest2  (cost=0.43..6.40 rows=98 width=4)
	  Index Cond: ((k >= 3009756) AND (k <= 3009856))

table 3 : explain SELECT k FROM sbtest3 WHERE k BETWEEN 3009756 AND 3009856
	Index Only Scan using k_3 on sbtest3  (cost=0.43..6.51 rows=104 width=4)
	  Index Cond: ((k >= 3009756) AND (k <= 3009856))

table 4 : explain SELECT k FROM sbtest4 WHERE k BETWEEN 3009756 AND 3009856
	Index Only Scan using k_4 on sbtest4  (cost=0.43..10.42 rows=99 width=4)
	  Index Cond: ((k >= 3009756) AND (k <= 3009856))

table 5 : explain SELECT k FROM sbtest5 WHERE k BETWEEN 3009756 AND 3009856
	Index Only Scan using k_5 on sbtest5  (cost=0.43..10.33 rows=95 width=4)
	  Index Cond: ((k >= 3009756) AND (k <= 3009856))

table 6 : explain SELECT k FROM sbtest6 WHERE k BETWEEN 3009756 AND 3009856
	Index Only Scan using k_6 on sbtest6  (cost=0.43..6.53 rows=105 width=4)
	  Index Cond: ((k >= 3009756) AND (k <= 3009856))

table 7 : explain SELECT k FROM sbtest7 WHERE k BETWEEN 3009756 AND 3009856
	Index Only Scan using k_7 on sbtest7  (cost=0.43..6.37 rows=97 width=4)
	  Index Cond: ((k >= 3009756) AND (k <= 3009856))

table 8 : explain SELECT k FROM sbtest8 WHERE k BETWEEN 3009756 AND 3009856
	Index Only Scan using k_8 on sbtest8  (cost=0.43..6.51 rows=104 width=4)
	  Index Cond: ((k >= 3009756) AND (k <= 3009856))

explain: for range-covered :: explain SELECT k FROM sbtest%d WHERE k BETWEEN 3009756 AND 3009856
for range-covered
table 1 : explain SELECT k FROM sbtest1 WHERE k BETWEEN 5611421 AND 5611521
	Index Only Scan using k_1 on sbtest1  (cost=0.43..10.38 rows=97 width=4)
	  Index Cond: ((k >= 5611421) AND (k <= 5611521))

table 2 : explain SELECT k FROM sbtest2 WHERE k BETWEEN 5611421 AND 5611521
	Index Only Scan using k_2 on sbtest2  (cost=0.43..6.27 rows=92 width=4)
	  Index Cond: ((k >= 5611421) AND (k <= 5611521))

table 3 : explain SELECT k FROM sbtest3 WHERE k BETWEEN 5611421 AND 5611521
	Index Only Scan using k_3 on sbtest3  (cost=0.43..6.53 rows=105 width=4)
	  Index Cond: ((k >= 5611421) AND (k <= 5611521))

table 4 : explain SELECT k FROM sbtest4 WHERE k BETWEEN 5611421 AND 5611521
	Index Only Scan using k_4 on sbtest4  (cost=0.43..10.51 rows=104 width=4)
	  Index Cond: ((k >= 5611421) AND (k <= 5611521))

table 5 : explain SELECT k FROM sbtest5 WHERE k BETWEEN 5611421 AND 5611521
	Index Only Scan using k_5 on sbtest5  (cost=0.43..10.50 rows=103 width=4)
	  Index Cond: ((k >= 5611421) AND (k <= 5611521))

table 6 : explain SELECT k FROM sbtest6 WHERE k BETWEEN 5611421 AND 5611521
	Index Only Scan using k_6 on sbtest6  (cost=0.43..6.33 rows=95 width=4)
	  Index Cond: ((k >= 5611421) AND (k <= 5611521))

table 7 : explain SELECT k FROM sbtest7 WHERE k BETWEEN 5611421 AND 5611521
	Index Only Scan using k_7 on sbtest7  (cost=0.43..6.43 rows=100 width=4)
	  Index Cond: ((k >= 5611421) AND (k <= 5611521))

table 8 : explain SELECT k FROM sbtest8 WHERE k BETWEEN 5611421 AND 5611521
	Index Only Scan using k_8 on sbtest8  (cost=0.43..6.85 rows=121 width=4)
	  Index Cond: ((k >= 5611421) AND (k <= 5611521))

for range-covered
table 1 : explain SELECT k FROM sbtest1 WHERE k BETWEEN 6654592 AND 6654692
	Index Only Scan using k_1 on sbtest1  (cost=0.43..10.44 rows=100 width=4)
	  Index Cond: ((k >= 6654592) AND (k <= 6654692))

table 2 : explain SELECT k FROM sbtest2 WHERE k BETWEEN 6654592 AND 6654692
	Index Only Scan using k_2 on sbtest2  (cost=0.43..6.59 rows=108 width=4)
	  Index Cond: ((k >= 6654592) AND (k <= 6654692))

table 3 : explain SELECT k FROM sbtest3 WHERE k BETWEEN 6654592 AND 6654692
	Index Only Scan using k_3 on sbtest3  (cost=0.43..6.50 rows=103 width=4)
	  Index Cond: ((k >= 6654592) AND (k <= 6654692))

table 4 : explain SELECT k FROM sbtest4 WHERE k BETWEEN 6654592 AND 6654692
	Index Only Scan using k_4 on sbtest4  (cost=0.43..10.58 rows=107 width=4)
	  Index Cond: ((k >= 6654592) AND (k <= 6654692))

table 5 : explain SELECT k FROM sbtest5 WHERE k BETWEEN 6654592 AND 6654692
	Index Only Scan using k_5 on sbtest5  (cost=0.43..10.46 rows=101 width=4)
	  Index Cond: ((k >= 6654592) AND (k <= 6654692))

table 6 : explain SELECT k FROM sbtest6 WHERE k BETWEEN 6654592 AND 6654692
	Index Only Scan using k_6 on sbtest6  (cost=0.43..6.50 rows=103 width=4)
	  Index Cond: ((k >= 6654592) AND (k <= 6654692))

table 7 : explain SELECT k FROM sbtest7 WHERE k BETWEEN 6654592 AND 6654692
	Index Only Scan using k_7 on sbtest7  (cost=0.43..6.50 rows=103 width=4)
	  Index Cond: ((k >= 6654592) AND (k <= 6654692))

table 8 : explain SELECT k FROM sbtest8 WHERE k BETWEEN 6654592 AND 6654692
	Index Only Scan using k_8 on sbtest8  (cost=0.43..6.63 rows=110 width=4)
	  Index Cond: ((k >= 6654592) AND (k <= 6654692))

for range-covered
table 1 : explain SELECT k FROM sbtest1 WHERE k BETWEEN 2731982 AND 2732082
	Index Only Scan using k_1 on sbtest1  (cost=0.43..10.47 rows=102 width=4)
	  Index Cond: ((k >= 2731982) AND (k <= 2732082))

table 2 : explain SELECT k FROM sbtest2 WHERE k BETWEEN 2731982 AND 2732082
	Index Only Scan using k_2 on sbtest2  (cost=0.43..6.21 rows=89 width=4)
	  Index Cond: ((k >= 2731982) AND (k <= 2732082))

table 3 : explain SELECT k FROM sbtest3 WHERE k BETWEEN 2731982 AND 2732082
	Index Only Scan using k_3 on sbtest3  (cost=0.43..6.43 rows=100 width=4)
	  Index Cond: ((k >= 2731982) AND (k <= 2732082))

table 4 : explain SELECT k FROM sbtest4 WHERE k BETWEEN 2731982 AND 2732082
	Index Only Scan using k_4 on sbtest4  (cost=0.43..10.54 rows=105 width=4)
	  Index Cond: ((k >= 2731982) AND (k <= 2732082))

table 5 : explain SELECT k FROM sbtest5 WHERE k BETWEEN 2731982 AND 2732082
	Index Only Scan using k_5 on sbtest5  (cost=0.43..10.65 rows=111 width=4)
	  Index Cond: ((k >= 2731982) AND (k <= 2732082))

table 6 : explain SELECT k FROM sbtest6 WHERE k BETWEEN 2731982 AND 2732082
	Index Only Scan using k_6 on sbtest6  (cost=0.43..6.50 rows=103 width=4)
	  Index Cond: ((k >= 2731982) AND (k <= 2732082))

table 7 : explain SELECT k FROM sbtest7 WHERE k BETWEEN 2731982 AND 2732082
	Index Only Scan using k_7 on sbtest7  (cost=0.43..6.72 rows=114 width=4)
	  Index Cond: ((k >= 2731982) AND (k <= 2732082))

table 8 : explain SELECT k FROM sbtest8 WHERE k BETWEEN 2731982 AND 2732082
	Index Only Scan using k_8 on sbtest8  (cost=0.43..6.61 rows=109 width=4)
	  Index Cond: ((k >= 2731982) AND (k <= 2732082))

for range-covered
table 1 : explain SELECT k FROM sbtest1 WHERE k BETWEEN 8438268 AND 8438368
	Index Only Scan using k_1 on sbtest1  (cost=0.43..10.38 rows=97 width=4)
	  Index Cond: ((k >= 8438268) AND (k <= 8438368))

table 2 : explain SELECT k FROM sbtest2 WHERE k BETWEEN 8438268 AND 8438368
	Index Only Scan using k_2 on sbtest2  (cost=0.43..6.63 rows=110 width=4)
	  Index Cond: ((k >= 8438268) AND (k <= 8438368))

table 3 : explain SELECT k FROM sbtest3 WHERE k BETWEEN 8438268 AND 8438368
	Index Only Scan using k_3 on sbtest3  (cost=0.43..6.50 rows=103 width=4)
	  Index Cond: ((k >= 8438268) AND (k <= 8438368))

table 4 : explain SELECT k FROM sbtest4 WHERE k BETWEEN 8438268 AND 8438368
	Index Only Scan using k_4 on sbtest4  (cost=0.43..10.50 rows=103 width=4)
	  Index Cond: ((k >= 8438268) AND (k <= 8438368))

table 5 : explain SELECT k FROM sbtest5 WHERE k BETWEEN 8438268 AND 8438368
	Index Only Scan using k_5 on sbtest5  (cost=0.43..10.58 rows=107 width=4)
	  Index Cond: ((k >= 8438268) AND (k <= 8438368))

table 6 : explain SELECT k FROM sbtest6 WHERE k BETWEEN 8438268 AND 8438368
	Index Only Scan using k_6 on sbtest6  (cost=0.43..6.63 rows=110 width=4)
	  Index Cond: ((k >= 8438268) AND (k <= 8438368))

table 7 : explain SELECT k FROM sbtest7 WHERE k BETWEEN 8438268 AND 8438368
	Index Only Scan using k_7 on sbtest7  (cost=0.43..6.43 rows=100 width=4)
	  Index Cond: ((k >= 8438268) AND (k <= 8438368))

table 8 : explain SELECT k FROM sbtest8 WHERE k BETWEEN 8438268 AND 8438368
	Index Only Scan using k_8 on sbtest8  (cost=0.43..6.47 rows=102 width=4)
	  Index Cond: ((k >= 8438268) AND (k <= 8438368))

explain: for range-covered :: explain SELECT k FROM sbtest%d WHERE k BETWEEN 6654592 AND 6654692
explain: for range-covered :: explain SELECT k FROM sbtest%d WHERE k BETWEEN 5611421 AND 5611521explain: for range-covered :: explain SELECT k FROM sbtest%d WHERE k BETWEEN 2731982 AND 2732082

explain: for range-covered :: explain SELECT k FROM sbtest%d WHERE k BETWEEN 8438268 AND 8438368
for range-covered
table 1 : explain SELECT k FROM sbtest1 WHERE k BETWEEN 3009756 AND 3009856
	Index Only Scan using k_1 on sbtest1  (cost=0.43..10.33 rows=95 width=4)
	  Index Cond: ((k >= 3009756) AND (k <= 3009856))

table 2 : explain SELECT k FROM sbtest2 WHERE k BETWEEN 3009756 AND 3009856
	Index Only Scan using k_2 on sbtest2  (cost=0.43..6.40 rows=98 width=4)
	  Index Cond: ((k >= 3009756) AND (k <= 3009856))

table 3 : explain SELECT k FROM sbtest3 WHERE k BETWEEN 3009756 AND 3009856
	Index Only Scan using k_3 on sbtest3  (cost=0.43..6.51 rows=104 width=4)
	  Index Cond: ((k >= 3009756) AND (k <= 3009856))

table 4 : explain SELECT k FROM sbtest4 WHERE k BETWEEN 3009756 AND 3009856
	Index Only Scan using k_4 on sbtest4  (cost=0.43..10.42 rows=99 width=4)
	  Index Cond: ((k >= 3009756) AND (k <= 3009856))

table 5 : explain SELECT k FROM sbtest5 WHERE k BETWEEN 3009756 AND 3009856
	Index Only Scan using k_5 on sbtest5  (cost=0.43..10.33 rows=95 width=4)
	  Index Cond: ((k >= 3009756) AND (k <= 3009856))

table 6 : explain SELECT k FROM sbtest6 WHERE k BETWEEN 3009756 AND 3009856
	Index Only Scan using k_6 on sbtest6  (cost=0.43..6.53 rows=105 width=4)
	  Index Cond: ((k >= 3009756) AND (k <= 3009856))

table 7 : explain SELECT k FROM sbtest7 WHERE k BETWEEN 3009756 AND 3009856
	Index Only Scan using k_7 on sbtest7  (cost=0.43..6.37 rows=97 width=4)
	  Index Cond: ((k >= 3009756) AND (k <= 3009856))

table 8 : explain SELECT k FROM sbtest8 WHERE k BETWEEN 3009756 AND 3009856
	Index Only Scan using k_8 on sbtest8  (cost=0.43..6.51 rows=104 width=4)
	  Index Cond: ((k >= 3009756) AND (k <= 3009856))

explain: for range-covered :: explain SELECT k FROM sbtest%d WHERE k BETWEEN 3009756 AND 3009856
for range-covered
table 1 : explain SELECT k FROM sbtest1 WHERE k BETWEEN 5611421 AND 5611521
	Index Only Scan using k_1 on sbtest1  (cost=0.43..10.38 rows=97 width=4)
	  Index Cond: ((k >= 5611421) AND (k <= 5611521))

table 2 : explain SELECT k FROM sbtest2 WHERE k BETWEEN 5611421 AND 5611521
	Index Only Scan using k_2 on sbtest2  (cost=0.43..6.27 rows=92 width=4)
	  Index Cond: ((k >= 5611421) AND (k <= 5611521))

table 3 : explain SELECT k FROM sbtest3 WHERE k BETWEEN 5611421 AND 5611521
	Index Only Scan using k_3 on sbtest3  (cost=0.43..6.53 rows=105 width=4)
	  Index Cond: ((k >= 5611421) AND (k <= 5611521))

table 4 : explain SELECT k FROM sbtest4 WHERE k BETWEEN 5611421 AND 5611521
	Index Only Scan using k_4 on sbtest4  (cost=0.43..10.51 rows=104 width=4)
	  Index Cond: ((k >= 5611421) AND (k <= 5611521))

table 5 : explain SELECT k FROM sbtest5 WHERE k BETWEEN 5611421 AND 5611521
	Index Only Scan using k_5 on sbtest5  (cost=0.43..10.50 rows=103 width=4)
	  Index Cond: ((k >= 5611421) AND (k <= 5611521))

table 6 : explain SELECT k FROM sbtest6 WHERE k BETWEEN 5611421 AND 5611521
	Index Only Scan using k_6 on sbtest6  (cost=0.43..6.33 rows=95 width=4)
	  Index Cond: ((k >= 5611421) AND (k <= 5611521))

table 7 : explain SELECT k FROM sbtest7 WHERE k BETWEEN 5611421 AND 5611521
	Index Only Scan using k_7 on sbtest7  (cost=0.43..6.43 rows=100 width=4)
	  Index Cond: ((k >= 5611421) AND (k <= 5611521))

table 8 : explain SELECT k FROM sbtest8 WHERE k BETWEEN 5611421 AND 5611521
	Index Only Scan using k_8 on sbtest8  (cost=0.43..6.85 rows=121 width=4)
	  Index Cond: ((k >= 5611421) AND (k <= 5611521))

for range-covered
table 1 : explain SELECT k FROM sbtest1 WHERE k BETWEEN 8457321 AND 8457421
	Index Only Scan using k_1 on sbtest1  (cost=0.43..10.38 rows=97 width=4)
	  Index Cond: ((k >= 8457321) AND (k <= 8457421))

table 2 : explain SELECT k FROM sbtest2 WHERE k BETWEEN 8457321 AND 8457421
	Index Only Scan using k_2 on sbtest2  (cost=0.43..6.63 rows=110 width=4)
	  Index Cond: ((k >= 8457321) AND (k <= 8457421))

table 3 : explain SELECT k FROM sbtest3 WHERE k BETWEEN 8457321 AND 8457421
	Index Only Scan using k_3 on sbtest3  (cost=0.43..6.50 rows=103 width=4)
	  Index Cond: ((k >= 8457321) AND (k <= 8457421))

table 4 : explain SELECT k FROM sbtest4 WHERE k BETWEEN 8457321 AND 8457421
	Index Only Scan using k_4 on sbtest4  (cost=0.43..10.50 rows=103 width=4)
	  Index Cond: ((k >= 8457321) AND (k <= 8457421))

table 5 : explain SELECT k FROM sbtest5 WHERE k BETWEEN 8457321 AND 8457421
	Index Only Scan using k_5 on sbtest5  (cost=0.43..10.58 rows=107 width=4)
	  Index Cond: ((k >= 8457321) AND (k <= 8457421))

table 6 : explain SELECT k FROM sbtest6 WHERE k BETWEEN 8457321 AND 8457421
	Index Only Scan using k_6 on sbtest6  (cost=0.43..6.63 rows=110 width=4)
	  Index Cond: ((k >= 8457321) AND (k <= 8457421))

table 7 : explain SELECT k FROM sbtest7 WHERE k BETWEEN 8457321 AND 8457421
	Index Only Scan using k_7 on sbtest7  (cost=0.43..6.43 rows=100 width=4)
	  Index Cond: ((k >= 8457321) AND (k <= 8457421))

table 8 : explain SELECT k FROM sbtest8 WHERE k BETWEEN 8457321 AND 8457421
	Index Only Scan using k_8 on sbtest8  (cost=0.43..6.47 rows=102 width=4)
	  Index Cond: ((k >= 8457321) AND (k <= 8457421))

explain: for range-covered :: explain SELECT k FROM sbtest%d WHERE k BETWEEN 5611421 AND 5611521
explain: for range-covered :: explain SELECT k FROM sbtest%d WHERE k BETWEEN 8457321 AND 8457421
for range-covered
table 1 : explain SELECT k FROM sbtest1 WHERE k BETWEEN 6911909 AND 6912009
	Index Only Scan using k_1 on sbtest1  (cost=0.43..10.70 rows=113 width=4)
	  Index Cond: ((k >= 6911909) AND (k <= 6912009))

table 2 : explain SELECT k FROM sbtest2 WHERE k BETWEEN 6911909 AND 6912009
	Index Only Scan using k_2 on sbtest2  (cost=0.43..6.43 rows=100 width=4)
	  Index Cond: ((k >= 6911909) AND (k <= 6912009))

table 3 : explain SELECT k FROM sbtest3 WHERE k BETWEEN 6911909 AND 6912009
	Index Only Scan using k_3 on sbtest3  (cost=0.43..6.67 rows=112 width=4)
	  Index Cond: ((k >= 6911909) AND (k <= 6912009))

table 4 : explain SELECT k FROM sbtest4 WHERE k BETWEEN 6911909 AND 6912009
	Index Only Scan using k_4 on sbtest4  (cost=0.43..10.38 rows=97 width=4)
	  Index Cond: ((k >= 6911909) AND (k <= 6912009))

table 5 : explain SELECT k FROM sbtest5 WHERE k BETWEEN 6911909 AND 6912009
	Index Only Scan using k_5 on sbtest5  (cost=0.43..10.47 rows=102 width=4)
	  Index Cond: ((k >= 6911909) AND (k <= 6912009))

table 6 : explain SELECT k FROM sbtest6 WHERE k BETWEEN 6911909 AND 6912009
	Index Only Scan using k_6 on sbtest6  (cost=0.43..6.61 rows=109 width=4)
	  Index Cond: ((k >= 6911909) AND (k <= 6912009))

table 7 : explain SELECT k FROM sbtest7 WHERE k BETWEEN 6911909 AND 6912009
	Index Only Scan using k_7 on sbtest7  (cost=0.43..6.25 rows=91 width=4)
	  Index Cond: ((k >= 6911909) AND (k <= 6912009))

table 8 : explain SELECT k FROM sbtest8 WHERE k BETWEEN 6911909 AND 6912009
	Index Only Scan using k_8 on sbtest8  (cost=0.43..6.45 rows=101 width=4)
	  Index Cond: ((k >= 6911909) AND (k <= 6912009))

explain: for range-covered :: explain SELECT k FROM sbtest%d WHERE k BETWEEN 6911909 AND 6912009
for range-covered
table 1 : explain SELECT k FROM sbtest1 WHERE k BETWEEN 2731982 AND 2732082
	Index Only Scan using k_1 on sbtest1  (cost=0.43..10.47 rows=102 width=4)
	  Index Cond: ((k >= 2731982) AND (k <= 2732082))

table 2 : explain SELECT k FROM sbtest2 WHERE k BETWEEN 2731982 AND 2732082
	Index Only Scan using k_2 on sbtest2  (cost=0.43..6.21 rows=89 width=4)
	  Index Cond: ((k >= 2731982) AND (k <= 2732082))

table 3 : explain SELECT k FROM sbtest3 WHERE k BETWEEN 2731982 AND 2732082
	Index Only Scan using k_3 on sbtest3  (cost=0.43..6.43 rows=100 width=4)
	  Index Cond: ((k >= 2731982) AND (k <= 2732082))

table 4 : explain SELECT k FROM sbtest4 WHERE k BETWEEN 2731982 AND 2732082
	Index Only Scan using k_4 on sbtest4  (cost=0.43..10.54 rows=105 width=4)
	  Index Cond: ((k >= 2731982) AND (k <= 2732082))

table 5 : explain SELECT k FROM sbtest5 WHERE k BETWEEN 2731982 AND 2732082
	Index Only Scan using k_5 on sbtest5  (cost=0.43..10.65 rows=111 width=4)
	  Index Cond: ((k >= 2731982) AND (k <= 2732082))

table 6 : explain SELECT k FROM sbtest6 WHERE k BETWEEN 2731982 AND 2732082
	Index Only Scan using k_6 on sbtest6  (cost=0.43..6.50 rows=103 width=4)
	  Index Cond: ((k >= 2731982) AND (k <= 2732082))

table 7 : explain SELECT k FROM sbtest7 WHERE k BETWEEN 2731982 AND 2732082
	Index Only Scan using k_7 on sbtest7  (cost=0.43..6.72 rows=114 width=4)
	  Index Cond: ((k >= 2731982) AND (k <= 2732082))

table 8 : explain SELECT k FROM sbtest8 WHERE k BETWEEN 2731982 AND 2732082
	Index Only Scan using k_8 on sbtest8  (cost=0.43..6.61 rows=109 width=4)
	  Index Cond: ((k >= 2731982) AND (k <= 2732082))

explain: for range-covered :: explain SELECT k FROM sbtest%d WHERE k BETWEEN 7123078 AND 7123178
explain: for range-covered :: explain SELECT k FROM sbtest%d WHERE k BETWEEN 2731982 AND 2732082
for range-covered
table 1 : explain SELECT k FROM sbtest1 WHERE k BETWEEN 8438268 AND 8438368
	Index Only Scan using k_1 on sbtest1  (cost=0.43..10.38 rows=97 width=4)
	  Index Cond: ((k >= 8438268) AND (k <= 8438368))

table 2 : explain SELECT k FROM sbtest2 WHERE k BETWEEN 8438268 AND 8438368
	Index Only Scan using k_2 on sbtest2  (cost=0.43..6.63 rows=110 width=4)
	  Index Cond: ((k >= 8438268) AND (k <= 8438368))

table 3 : explain SELECT k FROM sbtest3 WHERE k BETWEEN 8438268 AND 8438368
	Index Only Scan using k_3 on sbtest3  (cost=0.43..6.50 rows=103 width=4)
	  Index Cond: ((k >= 8438268) AND (k <= 8438368))

table 4 : explain SELECT k FROM sbtest4 WHERE k BETWEEN 8438268 AND 8438368
	Index Only Scan using k_4 on sbtest4  (cost=0.43..10.50 rows=103 width=4)
	  Index Cond: ((k >= 8438268) AND (k <= 8438368))

table 5 : explain SELECT k FROM sbtest5 WHERE k BETWEEN 8438268 AND 8438368
	Index Only Scan using k_5 on sbtest5  (cost=0.43..10.58 rows=107 width=4)
	  Index Cond: ((k >= 8438268) AND (k <= 8438368))

table 6 : explain SELECT k FROM sbtest6 WHERE k BETWEEN 8438268 AND 8438368
	Index Only Scan using k_6 on sbtest6  (cost=0.43..6.63 rows=110 width=4)
	  Index Cond: ((k >= 8438268) AND (k <= 8438368))

table 7 : explain SELECT k FROM sbtest7 WHERE k BETWEEN 8438268 AND 8438368
	Index Only Scan using k_7 on sbtest7  (cost=0.43..6.43 rows=100 width=4)
	  Index Cond: ((k >= 8438268) AND (k <= 8438368))

table 8 : explain SELECT k FROM sbtest8 WHERE k BETWEEN 8438268 AND 8438368
	Index Only Scan using k_8 on sbtest8  (cost=0.43..6.47 rows=102 width=4)
	  Index Cond: ((k >= 8438268) AND (k <= 8438368))

for range-covered
table 1 : explain SELECT k FROM sbtest1 WHERE k BETWEEN 6654592 AND 6654692
	Index Only Scan using k_1 on sbtest1  (cost=0.43..10.44 rows=100 width=4)
	  Index Cond: ((k >= 6654592) AND (k <= 6654692))

table 2 : explain SELECT k FROM sbtest2 WHERE k BETWEEN 6654592 AND 6654692
	Index Only Scan using k_2 on sbtest2  (cost=0.43..6.59 rows=108 width=4)
	  Index Cond: ((k >= 6654592) AND (k <= 6654692))

table 3 : explain SELECT k FROM sbtest3 WHERE k BETWEEN 6654592 AND 6654692
	Index Only Scan using k_3 on sbtest3  (cost=0.43..6.50 rows=103 width=4)
	  Index Cond: ((k >= 6654592) AND (k <= 6654692))

table 4 : explain SELECT k FROM sbtest4 WHERE k BETWEEN 6654592 AND 6654692
	Index Only Scan using k_4 on sbtest4  (cost=0.43..10.58 rows=107 width=4)
	  Index Cond: ((k >= 6654592) AND (k <= 6654692))

table 5 : explain SELECT k FROM sbtest5 WHERE k BETWEEN 6654592 AND 6654692
	Index Only Scan using k_5 on sbtest5  (cost=0.43..10.46 rows=101 width=4)
	  Index Cond: ((k >= 6654592) AND (k <= 6654692))

table 6 : explain SELECT k FROM sbtest6 WHERE k BETWEEN 6654592 AND 6654692
	Index Only Scan using k_6 on sbtest6  (cost=0.43..6.50 rows=103 width=4)
	  Index Cond: ((k >= 6654592) AND (k <= 6654692))

table 7 : explain SELECT k FROM sbtest7 WHERE k BETWEEN 6654592 AND 6654692
	Index Only Scan using k_7 on sbtest7  (cost=0.43..6.50 rows=103 width=4)
	  Index Cond: ((k >= 6654592) AND (k <= 6654692))

table 8 : explain SELECT k FROM sbtest8 WHERE k BETWEEN 6654592 AND 6654692
	Index Only Scan using k_8 on sbtest8  (cost=0.43..6.63 rows=110 width=4)
	  Index Cond: ((k >= 6654592) AND (k <= 6654692))

for range-covered
table 1 : explain SELECT k FROM sbtest1 WHERE k BETWEEN 5611421 AND 5611521
	Index Only Scan using k_1 on sbtest1  (cost=0.43..10.38 rows=97 width=4)
	  Index Cond: ((k >= 5611421) AND (k <= 5611521))

table 2 : explain SELECT k FROM sbtest2 WHERE k BETWEEN 5611421 AND 5611521
	Index Only Scan using k_2 on sbtest2  (cost=0.43..6.27 rows=92 width=4)
	  Index Cond: ((k >= 5611421) AND (k <= 5611521))

table 3 : explain SELECT k FROM sbtest3 WHERE k BETWEEN 5611421 AND 5611521
	Index Only Scan using k_3 on sbtest3  (cost=0.43..6.53 rows=105 width=4)
	  Index Cond: ((k >= 5611421) AND (k <= 5611521))

table 4 : explain SELECT k FROM sbtest4 WHERE k BETWEEN 5611421 AND 5611521
	Index Only Scan using k_4 on sbtest4  (cost=0.43..10.51 rows=104 width=4)
	  Index Cond: ((k >= 5611421) AND (k <= 5611521))

table 5 : explain SELECT k FROM sbtest5 WHERE k BETWEEN 5611421 AND 5611521
	Index Only Scan using k_5 on sbtest5  (cost=0.43..10.50 rows=103 width=4)
	  Index Cond: ((k >= 5611421) AND (k <= 5611521))

table 6 : explain SELECT k FROM sbtest6 WHERE k BETWEEN 5611421 AND 5611521
	Index Only Scan using k_6 on sbtest6  (cost=0.43..6.33 rows=95 width=4)
	  Index Cond: ((k >= 5611421) AND (k <= 5611521))

table 7 : explain SELECT k FROM sbtest7 WHERE k BETWEEN 5611421 AND 5611521
	Index Only Scan using k_7 on sbtest7  (cost=0.43..6.43 rows=100 width=4)
	  Index Cond: ((k >= 5611421) AND (k <= 5611521))

table 8 : explain SELECT k FROM sbtest8 WHERE k BETWEEN 5611421 AND 5611521
	Index Only Scan using k_8 on sbtest8  (cost=0.43..6.85 rows=121 width=4)
	  Index Cond: ((k >= 5611421) AND (k <= 5611521))

for range-covered
table 1 : explain SELECT k FROM sbtest1 WHERE k BETWEEN 8457321 AND 8457421
	Index Only Scan using k_1 on sbtest1  (cost=0.43..10.38 rows=97 width=4)
	  Index Cond: ((k >= 8457321) AND (k <= 8457421))

table 2 : explain SELECT k FROM sbtest2 WHERE k BETWEEN 8457321 AND 8457421
	Index Only Scan using k_2 on sbtest2  (cost=0.43..6.63 rows=110 width=4)
	  Index Cond: ((k >= 8457321) AND (k <= 8457421))

table 3 : explain SELECT k FROM sbtest3 WHERE k BETWEEN 8457321 AND 8457421
	Index Only Scan using k_3 on sbtest3  (cost=0.43..6.50 rows=103 width=4)
	  Index Cond: ((k >= 8457321) AND (k <= 8457421))

table 4 : explain SELECT k FROM sbtest4 WHERE k BETWEEN 8457321 AND 8457421
	Index Only Scan using k_4 on sbtest4  (cost=0.43..10.50 rows=103 width=4)
	  Index Cond: ((k >= 8457321) AND (k <= 8457421))

table 5 : explain SELECT k FROM sbtest5 WHERE k BETWEEN 8457321 AND 8457421
	Index Only Scan using k_5 on sbtest5  (cost=0.43..10.58 rows=107 width=4)
	  Index Cond: ((k >= 8457321) AND (k <= 8457421))

table 6 : explain SELECT k FROM sbtest6 WHERE k BETWEEN 8457321 AND 8457421
	Index Only Scan using k_6 on sbtest6  (cost=0.43..6.63 rows=110 width=4)
	  Index Cond: ((k >= 8457321) AND (k <= 8457421))

table 7 : explain SELECT k FROM sbtest7 WHERE k BETWEEN 8457321 AND 8457421
	Index Only Scan using k_7 on sbtest7  (cost=0.43..6.43 rows=100 width=4)
	  Index Cond: ((k >= 8457321) AND (k <= 8457421))

table 8 : explain SELECT k FROM sbtest8 WHERE k BETWEEN 8457321 AND 8457421
	Index Only Scan using k_8 on sbtest8  (cost=0.43..6.47 rows=102 width=4)
	  Index Cond: ((k >= 8457321) AND (k <= 8457421))

explain: for range-covered :: explain SELECT k FROM sbtest%d WHERE k BETWEEN 5611421 AND 5611521
explain: for range-covered :: explain SELECT k FROM sbtest%d WHERE k BETWEEN 8457321 AND 8457421
explain: for range-covered :: explain SELECT k FROM sbtest%d WHERE k BETWEEN 8438268 AND 8438368
for range-covered
table 1 : explain SELECT k FROM sbtest1 WHERE k BETWEEN 6911909 AND 6912009
	Index Only Scan using k_1 on sbtest1  (cost=0.43..10.70 rows=113 width=4)
	  Index Cond: ((k >= 6911909) AND (k <= 6912009))

table 2 : explain SELECT k FROM sbtest2 WHERE k BETWEEN 6911909 AND 6912009
	Index Only Scan using k_2 on sbtest2  (cost=0.43..6.43 rows=100 width=4)
	  Index Cond: ((k >= 6911909) AND (k <= 6912009))

table 3 : explain SELECT k FROM sbtest3 WHERE k BETWEEN 6911909 AND 6912009
	Index Only Scan using k_3 on sbtest3  (cost=0.43..6.67 rows=112 width=4)
	  Index Cond: ((k >= 6911909) AND (k <= 6912009))

table 4 : explain SELECT k FROM sbtest4 WHERE k BETWEEN 6911909 AND 6912009
	Index Only Scan using k_4 on sbtest4  (cost=0.43..10.38 rows=97 width=4)
	  Index Cond: ((k >= 6911909) AND (k <= 6912009))

table 5 : explain SELECT k FROM sbtest5 WHERE k BETWEEN 6911909 AND 6912009
	Index Only Scan using k_5 on sbtest5  (cost=0.43..10.47 rows=102 width=4)
	  Index Cond: ((k >= 6911909) AND (k <= 6912009))

table 6 : explain SELECT k FROM sbtest6 WHERE k BETWEEN 6911909 AND 6912009
	Index Only Scan using k_6 on sbtest6  (cost=0.43..6.61 rows=109 width=4)
	  Index Cond: ((k >= 6911909) AND (k <= 6912009))

table 7 : explain SELECT k FROM sbtest7 WHERE k BETWEEN 6911909 AND 6912009
	Index Only Scan using k_7 on sbtest7  (cost=0.43..6.25 rows=91 width=4)
	  Index Cond: ((k >= 6911909) AND (k <= 6912009))

table 8 : explain SELECT k FROM sbtest8 WHERE k BETWEEN 6911909 AND 6912009
	Index Only Scan using k_8 on sbtest8  (cost=0.43..6.45 rows=101 width=4)
	  Index Cond: ((k >= 6911909) AND (k <= 6912009))

explain: for range-covered :: explain SELECT k FROM sbtest%d WHERE k BETWEEN 6911909 AND 6912009
explain: for range-covered :: explain SELECT k FROM sbtest%d WHERE k BETWEEN 6654592 AND 6654692for range-covered
table 1 : explain SELECT k FROM sbtest1 WHERE k BETWEEN 3009756 AND 3009856
	Index Only Scan using k_1 on sbtest1  (cost=0.43..10.33 rows=95 width=4)
	  Index Cond: ((k >= 3009756) AND (k <= 3009856))

table 2 : explain SELECT k FROM sbtest2 WHERE k BETWEEN 3009756 AND 3009856
	Index Only Scan using k_2 on sbtest2  (cost=0.43..6.40 rows=98 width=4)
	  Index Cond: ((k >= 3009756) AND (k <= 3009856))

table 3 : explain SELECT k FROM sbtest3 WHERE k BETWEEN 3009756 AND 3009856
	Index Only Scan using k_3 on sbtest3  (cost=0.43..6.51 rows=104 width=4)
	  Index Cond: ((k >= 3009756) AND (k <= 3009856))

table 4 : explain SELECT k FROM sbtest4 WHERE k BETWEEN 3009756 AND 3009856
	Index Only Scan using k_4 on sbtest4  (cost=0.43..10.42 rows=99 width=4)
	  Index Cond: ((k >= 3009756) AND (k <= 3009856))

table 5 : explain SELECT k FROM sbtest5 WHERE k BETWEEN 3009756 AND 3009856
	Index Only Scan using k_5 on sbtest5  (cost=0.43..10.33 rows=95 width=4)
	  Index Cond: ((k >= 3009756) AND (k <= 3009856))

table 6 : explain SELECT k FROM sbtest6 WHERE k BETWEEN 3009756 AND 3009856
	Index Only Scan using k_6 on sbtest6  (cost=0.43..6.53 rows=105 width=4)
	  Index Cond: ((k >= 3009756) AND (k <= 3009856))

table 7 : explain SELECT k FROM sbtest7 WHERE k BETWEEN 3009756 AND 3009856
	Index Only Scan using k_7 on sbtest7  (cost=0.43..6.37 rows=97 width=4)
	  Index Cond: ((k >= 3009756) AND (k <= 3009856))

table 8 : explain SELECT k FROM sbtest8 WHERE k BETWEEN 3009756 AND 3009856
	Index Only Scan using k_8 on sbtest8  (cost=0.43..6.51 rows=104 width=4)
	  Index Cond: ((k >= 3009756) AND (k <= 3009856))


for range-covered
table 1 : explain SELECT k FROM sbtest1 WHERE k BETWEEN 5611421 AND 5611521
	Index Only Scan using k_1 on sbtest1  (cost=0.43..10.38 rows=97 width=4)
	  Index Cond: ((k >= 5611421) AND (k <= 5611521))

table 2 : explain SELECT k FROM sbtest2 WHERE k BETWEEN 5611421 AND 5611521
	Index Only Scan using k_2 on sbtest2  (cost=0.43..6.27 rows=92 width=4)
	  Index Cond: ((k >= 5611421) AND (k <= 5611521))

table 3 : explain SELECT k FROM sbtest3 WHERE k BETWEEN 5611421 AND 5611521
	Index Only Scan using k_3 on sbtest3  (cost=0.43..6.53 rows=105 width=4)
	  Index Cond: ((k >= 5611421) AND (k <= 5611521))

table 4 : explain SELECT k FROM sbtest4 WHERE k BETWEEN 5611421 AND 5611521
	Index Only Scan using k_4 on sbtest4  (cost=0.43..10.51 rows=104 width=4)
	  Index Cond: ((k >= 5611421) AND (k <= 5611521))

table 5 : explain SELECT k FROM sbtest5 WHERE k BETWEEN 5611421 AND 5611521
	Index Only Scan using k_5 on sbtest5  (cost=0.43..10.50 rows=103 width=4)
	  Index Cond: ((k >= 5611421) AND (k <= 5611521))

table 6 : explain SELECT k FROM sbtest6 WHERE k BETWEEN 5611421 AND 5611521
	Index Only Scan using k_6 on sbtest6  (cost=0.43..6.33 rows=95 width=4)
	  Index Cond: ((k >= 5611421) AND (k <= 5611521))

table 7 : explain SELECT k FROM sbtest7 WHERE k BETWEEN 5611421 AND 5611521
	Index Only Scan using k_7 on sbtest7  (cost=0.43..6.43 rows=100 width=4)
	  Index Cond: ((k >= 5611421) AND (k <= 5611521))

table 8 : explain SELECT k FROM sbtest8 WHERE k BETWEEN 5611421 AND 5611521
	Index Only Scan using k_8 on sbtest8  (cost=0.43..6.85 rows=121 width=4)
	  Index Cond: ((k >= 5611421) AND (k <= 5611521))

explain: for range-covered :: explain SELECT k FROM sbtest%d WHERE k BETWEEN 3009756 AND 3009856
explain: for range-covered :: explain SELECT k FROM sbtest%d WHERE k BETWEEN 5611421 AND 5611521
for range-covered
table 1 : explain SELECT k FROM sbtest1 WHERE k BETWEEN 6911909 AND 6912009
	Index Only Scan using k_1 on sbtest1  (cost=0.43..10.70 rows=113 width=4)
	  Index Cond: ((k >= 6911909) AND (k <= 6912009))

table 2 : explain SELECT k FROM sbtest2 WHERE k BETWEEN 6911909 AND 6912009
	Index Only Scan using k_2 on sbtest2  (cost=0.43..6.43 rows=100 width=4)
	  Index Cond: ((k >= 6911909) AND (k <= 6912009))

table 3 : explain SELECT k FROM sbtest3 WHERE k BETWEEN 6911909 AND 6912009
	Index Only Scan using k_3 on sbtest3  (cost=0.43..6.67 rows=112 width=4)
	  Index Cond: ((k >= 6911909) AND (k <= 6912009))

table 4 : explain SELECT k FROM sbtest4 WHERE k BETWEEN 6911909 AND 6912009
	Index Only Scan using k_4 on sbtest4  (cost=0.43..10.38 rows=97 width=4)
	  Index Cond: ((k >= 6911909) AND (k <= 6912009))

table 5 : explain SELECT k FROM sbtest5 WHERE k BETWEEN 6911909 AND 6912009
	Index Only Scan using k_5 on sbtest5  (cost=0.43..10.47 rows=102 width=4)
	  Index Cond: ((k >= 6911909) AND (k <= 6912009))

table 6 : explain SELECT k FROM sbtest6 WHERE k BETWEEN 6911909 AND 6912009
	Index Only Scan using k_6 on sbtest6  (cost=0.43..6.61 rows=109 width=4)
	  Index Cond: ((k >= 6911909) AND (k <= 6912009))

table 7 : explain SELECT k FROM sbtest7 WHERE k BETWEEN 6911909 AND 6912009
	Index Only Scan using k_7 on sbtest7  (cost=0.43..6.25 rows=91 width=4)
	  Index Cond: ((k >= 6911909) AND (k <= 6912009))

table 8 : explain SELECT k FROM sbtest8 WHERE k BETWEEN 6911909 AND 6912009
	Index Only Scan using k_8 on sbtest8  (cost=0.43..6.45 rows=101 width=4)
	  Index Cond: ((k >= 6911909) AND (k <= 6912009))

for range-covered
table 1 : explain SELECT k FROM sbtest1 WHERE k BETWEEN 8438268 AND 8438368
	Index Only Scan using k_1 on sbtest1  (cost=0.43..10.38 rows=97 width=4)
	  Index Cond: ((k >= 8438268) AND (k <= 8438368))

table 2 : explain SELECT k FROM sbtest2 WHERE k BETWEEN 8438268 AND 8438368
	Index Only Scan using k_2 on sbtest2  (cost=0.43..6.63 rows=110 width=4)
	  Index Cond: ((k >= 8438268) AND (k <= 8438368))

table 3 : explain SELECT k FROM sbtest3 WHERE k BETWEEN 8438268 AND 8438368
	Index Only Scan using k_3 on sbtest3  (cost=0.43..6.50 rows=103 width=4)
	  Index Cond: ((k >= 8438268) AND (k <= 8438368))

table 4 : explain SELECT k FROM sbtest4 WHERE k BETWEEN 8438268 AND 8438368
	Index Only Scan using k_4 on sbtest4  (cost=0.43..10.50 rows=103 width=4)
	  Index Cond: ((k >= 8438268) AND (k <= 8438368))

table 5 : explain SELECT k FROM sbtest5 WHERE k BETWEEN 8438268 AND 8438368
	Index Only Scan using k_5 on sbtest5  (cost=0.43..10.58 rows=107 width=4)
	  Index Cond: ((k >= 8438268) AND (k <= 8438368))

table 6 : explain SELECT k FROM sbtest6 WHERE k BETWEEN 8438268 AND 8438368
	Index Only Scan using k_6 on sbtest6  (cost=0.43..6.63 rows=110 width=4)
	  Index Cond: ((k >= 8438268) AND (k <= 8438368))

table 7 : explain SELECT k FROM sbtest7 WHERE k BETWEEN 8438268 AND 8438368
	Index Only Scan using k_7 on sbtest7  (cost=0.43..6.43 rows=100 width=4)
	  Index Cond: ((k >= 8438268) AND (k <= 8438368))

table 8 : explain SELECT k FROM sbtest8 WHERE k BETWEEN 8438268 AND 8438368
	Index Only Scan using k_8 on sbtest8  (cost=0.43..6.47 rows=102 width=4)
	  Index Cond: ((k >= 8438268) AND (k <= 8438368))

explain: for range-covered :: explain SELECT k FROM sbtest%d WHERE k BETWEEN 6911909 AND 6912009
explain: for range-covered :: explain SELECT k FROM sbtest%d WHERE k BETWEEN 8438268 AND 8438368
for range-covered
table 1 : explain SELECT k FROM sbtest1 WHERE k BETWEEN 8457321 AND 8457421
	Index Only Scan using k_1 on sbtest1  (cost=0.43..10.38 rows=97 width=4)
	  Index Cond: ((k >= 8457321) AND (k <= 8457421))

table 2 : explain SELECT k FROM sbtest2 WHERE k BETWEEN 8457321 AND 8457421
	Index Only Scan using k_2 on sbtest2  (cost=0.43..6.63 rows=110 width=4)
	  Index Cond: ((k >= 8457321) AND (k <= 8457421))

table 3 : explain SELECT k FROM sbtest3 WHERE k BETWEEN 8457321 AND 8457421
	Index Only Scan using k_3 on sbtest3  (cost=0.43..6.50 rows=103 width=4)
	  Index Cond: ((k >= 8457321) AND (k <= 8457421))

table 4 : explain SELECT k FROM sbtest4 WHERE k BETWEEN 8457321 AND 8457421
	Index Only Scan using k_4 on sbtest4  (cost=0.43..10.50 rows=103 width=4)
	  Index Cond: ((k >= 8457321) AND (k <= 8457421))

table 5 : explain SELECT k FROM sbtest5 WHERE k BETWEEN 8457321 AND 8457421
	Index Only Scan using k_5 on sbtest5  (cost=0.43..10.58 rows=107 width=4)
	  Index Cond: ((k >= 8457321) AND (k <= 8457421))

table 6 : explain SELECT k FROM sbtest6 WHERE k BETWEEN 8457321 AND 8457421
	Index Only Scan using k_6 on sbtest6  (cost=0.43..6.63 rows=110 width=4)
	  Index Cond: ((k >= 8457321) AND (k <= 8457421))

table 7 : explain SELECT k FROM sbtest7 WHERE k BETWEEN 8457321 AND 8457421
	Index Only Scan using k_7 on sbtest7  (cost=0.43..6.43 rows=100 width=4)
	  Index Cond: ((k >= 8457321) AND (k <= 8457421))

table 8 : explain SELECT k FROM sbtest8 WHERE k BETWEEN 8457321 AND 8457421
	Index Only Scan using k_8 on sbtest8  (cost=0.43..6.47 rows=102 width=4)
	  Index Cond: ((k >= 8457321) AND (k <= 8457421))

explain: for range-covered :: explain SELECT k FROM sbtest%d WHERE k BETWEEN 8457321 AND 8457421
for range-covered
table 1 : explain SELECT k FROM sbtest1 WHERE k BETWEEN 8438268 AND 8438368
	Index Only Scan using k_1 on sbtest1  (cost=0.43..10.38 rows=97 width=4)
	  Index Cond: ((k >= 8438268) AND (k <= 8438368))

table 2 : explain SELECT k FROM sbtest2 WHERE k BETWEEN 8438268 AND 8438368
	Index Only Scan using k_2 on sbtest2  (cost=0.43..6.63 rows=110 width=4)
	  Index Cond: ((k >= 8438268) AND (k <= 8438368))

table 3 : explain SELECT k FROM sbtest3 WHERE k BETWEEN 8438268 AND 8438368
	Index Only Scan using k_3 on sbtest3  (cost=0.43..6.50 rows=103 width=4)
	  Index Cond: ((k >= 8438268) AND (k <= 8438368))

table 4 : explain SELECT k FROM sbtest4 WHERE k BETWEEN 8438268 AND 8438368
	Index Only Scan using k_4 on sbtest4  (cost=0.43..10.50 rows=103 width=4)
	  Index Cond: ((k >= 8438268) AND (k <= 8438368))

table 5 : explain SELECT k FROM sbtest5 WHERE k BETWEEN 8438268 AND 8438368
	Index Only Scan using k_5 on sbtest5  (cost=0.43..10.58 rows=107 width=4)
	  Index Cond: ((k >= 8438268) AND (k <= 8438368))

table 6 : explain SELECT k FROM sbtest6 WHERE k BETWEEN 8438268 AND 8438368
	Index Only Scan using k_6 on sbtest6  (cost=0.43..6.63 rows=110 width=4)
	  Index Cond: ((k >= 8438268) AND (k <= 8438368))

table 7 : explain SELECT k FROM sbtest7 WHERE k BETWEEN 8438268 AND 8438368
	Index Only Scan using k_7 on sbtest7  (cost=0.43..6.43 rows=100 width=4)
	  Index Cond: ((k >= 8438268) AND (k <= 8438368))

table 8 : explain SELECT k FROM sbtest8 WHERE k BETWEEN 8438268 AND 8438368
	Index Only Scan using k_8 on sbtest8  (cost=0.43..6.47 rows=102 width=4)
	  Index Cond: ((k >= 8438268) AND (k <= 8438368))

for range-covered
table 1 : explain SELECT k FROM sbtest1 WHERE k BETWEEN 2731982 AND 2732082
	Index Only Scan using k_1 on sbtest1  (cost=0.43..10.47 rows=102 width=4)
	  Index Cond: ((k >= 2731982) AND (k <= 2732082))

table 2 : explain SELECT k FROM sbtest2 WHERE k BETWEEN 2731982 AND 2732082
	Index Only Scan using k_2 on sbtest2  (cost=0.43..6.21 rows=89 width=4)
	  Index Cond: ((k >= 2731982) AND (k <= 2732082))

table 3 : explain SELECT k FROM sbtest3 WHERE k BETWEEN 2731982 AND 2732082
	Index Only Scan using k_3 on sbtest3  (cost=0.43..6.43 rows=100 width=4)
	  Index Cond: ((k >= 2731982) AND (k <= 2732082))

table 4 : explain SELECT k FROM sbtest4 WHERE k BETWEEN 2731982 AND 2732082
	Index Only Scan using k_4 on sbtest4  (cost=0.43..10.54 rows=105 width=4)
	  Index Cond: ((k >= 2731982) AND (k <= 2732082))

table 5 : explain SELECT k FROM sbtest5 WHERE k BETWEEN 2731982 AND 2732082
	Index Only Scan using k_5 on sbtest5  (cost=0.43..10.65 rows=111 width=4)
	  Index Cond: ((k >= 2731982) AND (k <= 2732082))

table 6 : explain SELECT k FROM sbtest6 WHERE k BETWEEN 2731982 AND 2732082
	Index Only Scan using k_6 on sbtest6  (cost=0.43..6.50 rows=103 width=4)
	  Index Cond: ((k >= 2731982) AND (k <= 2732082))

table 7 : explain SELECT k FROM sbtest7 WHERE k BETWEEN 2731982 AND 2732082
	Index Only Scan using k_7 on sbtest7  (cost=0.43..6.72 rows=114 width=4)
	  Index Cond: ((k >= 2731982) AND (k <= 2732082))

table 8 : explain SELECT k FROM sbtest8 WHERE k BETWEEN 2731982 AND 2732082
	Index Only Scan using k_8 on sbtest8  (cost=0.43..6.61 rows=109 width=4)
	  Index Cond: ((k >= 2731982) AND (k <= 2732082))

explain: for range-covered :: explain SELECT k FROM sbtest%d WHERE k BETWEEN 8438268 AND 8438368
for range-covered
table 1 : explain SELECT k FROM sbtest1 WHERE k BETWEEN 3009756 AND 3009856
	Index Only Scan using k_1 on sbtest1  (cost=0.43..10.33 rows=95 width=4)
	  Index Cond: ((k >= 3009756) AND (k <= 3009856))

table 2 : explain SELECT k FROM sbtest2 WHERE k BETWEEN 3009756 AND 3009856
	Index Only Scan using k_2 on sbtest2  (cost=0.43..6.40 rows=98 width=4)
	  Index Cond: ((k >= 3009756) AND (k <= 3009856))

table 3 : explain SELECT k FROM sbtest3 WHERE k BETWEEN 3009756 AND 3009856
	Index Only Scan using k_3 on sbtest3  (cost=0.43..6.51 rows=104 width=4)
	  Index Cond: ((k >= 3009756) AND (k <= 3009856))

table 4 : explain SELECT k FROM sbtest4 WHERE k BETWEEN 3009756 AND 3009856
	Index Only Scan using k_4 on sbtest4  (cost=0.43..10.42 rows=99 width=4)
	  Index Cond: ((k >= 3009756) AND (k <= 3009856))

table 5 : explain SELECT k FROM sbtest5 WHERE k BETWEEN 3009756 AND 3009856
	Index Only Scan using k_5 on sbtest5  (cost=0.43..10.33 rows=95 width=4)
	  Index Cond: ((k >= 3009756) AND (k <= 3009856))

table 6 : explain SELECT k FROM sbtest6 WHERE k BETWEEN 3009756 AND 3009856
	Index Only Scan using k_6 on sbtest6  (cost=0.43..6.53 rows=105 width=4)
	  Index Cond: ((k >= 3009756) AND (k <= 3009856))

table 7 : explain SELECT k FROM sbtest7 WHERE k BETWEEN 3009756 AND 3009856
	Index Only Scan using k_7 on sbtest7  (cost=0.43..6.37 rows=97 width=4)
	  Index Cond: ((k >= 3009756) AND (k <= 3009856))

table 8 : explain SELECT k FROM sbtest8 WHERE k BETWEEN 3009756 AND 3009856
	Index Only Scan using k_8 on sbtest8  (cost=0.43..6.51 rows=104 width=4)
	  Index Cond: ((k >= 3009756) AND (k <= 3009856))

explain: for range-covered :: explain SELECT k FROM sbtest%d WHERE k BETWEEN 3009756 AND 3009856
for range-covered
table 1 : explain SELECT k FROM sbtest1 WHERE k BETWEEN 6654592 AND 6654692
	Index Only Scan using k_1 on sbtest1  (cost=0.43..10.44 rows=100 width=4)
	  Index Cond: ((k >= 6654592) AND (k <= 6654692))

table 2 : explain SELECT k FROM sbtest2 WHERE k BETWEEN 6654592 AND 6654692
	Index Only Scan using k_2 on sbtest2  (cost=0.43..6.59 rows=108 width=4)
	  Index Cond: ((k >= 6654592) AND (k <= 6654692))

table 3 : explain SELECT k FROM sbtest3 WHERE k BETWEEN 6654592 AND 6654692
	Index Only Scan using k_3 on sbtest3  (cost=0.43..6.50 rows=103 width=4)
	  Index Cond: ((k >= 6654592) AND (k <= 6654692))

table 4 : explain SELECT k FROM sbtest4 WHERE k BETWEEN 6654592 AND 6654692
	Index Only Scan using k_4 on sbtest4  (cost=0.43..10.58 rows=107 width=4)
	  Index Cond: ((k >= 6654592) AND (k <= 6654692))

table 5 : explain SELECT k FROM sbtest5 WHERE k BETWEEN 6654592 AND 6654692
	Index Only Scan using k_5 on sbtest5  (cost=0.43..10.46 rows=101 width=4)
	  Index Cond: ((k >= 6654592) AND (k <= 6654692))

table 6 : explain SELECT k FROM sbtest6 WHERE k BETWEEN 6654592 AND 6654692
	Index Only Scan using k_6 on sbtest6  (cost=0.43..6.50 rows=103 width=4)
	  Index Cond: ((k >= 6654592) AND (k <= 6654692))

table 7 : explain SELECT k FROM sbtest7 WHERE k BETWEEN 6654592 AND 6654692
	Index Only Scan using k_7 on sbtest7  (cost=0.43..6.50 rows=103 width=4)
	  Index Cond: ((k >= 6654592) AND (k <= 6654692))

table 8 : explain SELECT k FROM sbtest8 WHERE k BETWEEN 6654592 AND 6654692
	Index Only Scan using k_8 on sbtest8  (cost=0.43..6.63 rows=110 width=4)
	  Index Cond: ((k >= 6654592) AND (k <= 6654692))

explain: for range-covered :: explain SELECT k FROM sbtest%d WHERE k BETWEEN 6654592 AND 6654692
for range-covered
table 1 : explain SELECT k FROM sbtest1 WHERE k BETWEEN 6911909 AND 6912009
	Index Only Scan using k_1 on sbtest1  (cost=0.43..10.70 rows=113 width=4)
	  Index Cond: ((k >= 6911909) AND (k <= 6912009))

table 2 : explain SELECT k FROM sbtest2 WHERE k BETWEEN 6911909 AND 6912009
	Index Only Scan using k_2 on sbtest2  (cost=0.43..6.43 rows=100 width=4)
	  Index Cond: ((k >= 6911909) AND (k <= 6912009))

table 3 : explain SELECT k FROM sbtest3 WHERE k BETWEEN 6911909 AND 6912009
	Index Only Scan using k_3 on sbtest3  (cost=0.43..6.67 rows=112 width=4)
	  Index Cond: ((k >= 6911909) AND (k <= 6912009))

table 4 : explain SELECT k FROM sbtest4 WHERE k BETWEEN 6911909 AND 6912009
	Index Only Scan using k_4 on sbtest4  (cost=0.43..10.38 rows=97 width=4)
	  Index Cond: ((k >= 6911909) AND (k <= 6912009))

table 5 : explain SELECT k FROM sbtest5 WHERE k BETWEEN 6911909 AND 6912009
	Index Only Scan using k_5 on sbtest5  (cost=0.43..10.47 rows=102 width=4)
	  Index Cond: ((k >= 6911909) AND (k <= 6912009))

table 6 : explain SELECT k FROM sbtest6 WHERE k BETWEEN 6911909 AND 6912009
	Index Only Scan using k_6 on sbtest6  (cost=0.43..6.61 rows=109 width=4)
	  Index Cond: ((k >= 6911909) AND (k <= 6912009))

table 7 : explain SELECT k FROM sbtest7 WHERE k BETWEEN 6911909 AND 6912009
	Index Only Scan using k_7 on sbtest7  (cost=0.43..6.25 rows=91 width=4)
	  Index Cond: ((k >= 6911909) AND (k <= 6912009))

table 8 : explain SELECT k FROM sbtest8 WHERE k BETWEEN 6911909 AND 6912009
	Index Only Scan using k_8 on sbtest8  (cost=0.43..6.45 rows=101 width=4)
	  Index Cond: ((k >= 6911909) AND (k <= 6912009))

for range-covered
table 1 : explain SELECT k FROM sbtest1 WHERE k BETWEEN 8438268 AND 8438368
	Index Only Scan using k_1 on sbtest1  (cost=0.43..10.38 rows=97 width=4)
	  Index Cond: ((k >= 8438268) AND (k <= 8438368))

table 2 : explain SELECT k FROM sbtest2 WHERE k BETWEEN 8438268 AND 8438368
	Index Only Scan using k_2 on sbtest2  (cost=0.43..6.63 rows=110 width=4)
	  Index Cond: ((k >= 8438268) AND (k <= 8438368))

table 3 : explain SELECT k FROM sbtest3 WHERE k BETWEEN 8438268 AND 8438368
	Index Only Scan using k_3 on sbtest3  (cost=0.43..6.50 rows=103 width=4)
	  Index Cond: ((k >= 8438268) AND (k <= 8438368))

table 4 : explain SELECT k FROM sbtest4 WHERE k BETWEEN 8438268 AND 8438368
	Index Only Scan using k_4 on sbtest4  (cost=0.43..10.50 rows=103 width=4)
	  Index Cond: ((k >= 8438268) AND (k <= 8438368))

table 5 : explain SELECT k FROM sbtest5 WHERE k BETWEEN 8438268 AND 8438368
	Index Only Scan using k_5 on sbtest5  (cost=0.43..10.58 rows=107 width=4)
	  Index Cond: ((k >= 8438268) AND (k <= 8438368))

table 6 : explain SELECT k FROM sbtest6 WHERE k BETWEEN 8438268 AND 8438368
	Index Only Scan using k_6 on sbtest6  (cost=0.43..6.63 rows=110 width=4)
	  Index Cond: ((k >= 8438268) AND (k <= 8438368))

table 7 : explain SELECT k FROM sbtest7 WHERE k BETWEEN 8438268 AND 8438368
	Index Only Scan using k_7 on sbtest7  (cost=0.43..6.43 rows=100 width=4)
	  Index Cond: ((k >= 8438268) AND (k <= 8438368))

table 8 : explain SELECT k FROM sbtest8 WHERE k BETWEEN 8438268 AND 8438368
	Index Only Scan using k_8 on sbtest8  (cost=0.43..6.47 rows=102 width=4)
	  Index Cond: ((k >= 8438268) AND (k <= 8438368))

for range-covered
table 1 : explain SELECT k FROM sbtest1 WHERE k BETWEEN 8457321 AND 8457421
	Index Only Scan using k_1 on sbtest1  (cost=0.43..10.38 rows=97 width=4)
	  Index Cond: ((k >= 8457321) AND (k <= 8457421))

table 2 : explain SELECT k FROM sbtest2 WHERE k BETWEEN 8457321 AND 8457421
	Index Only Scan using k_2 on sbtest2  (cost=0.43..6.63 rows=110 width=4)
	  Index Cond: ((k >= 8457321) AND (k <= 8457421))

table 3 : explain SELECT k FROM sbtest3 WHERE k BETWEEN 8457321 AND 8457421
	Index Only Scan using k_3 on sbtest3  (cost=0.43..6.50 rows=103 width=4)
	  Index Cond: ((k >= 8457321) AND (k <= 8457421))

table 4 : explain SELECT k FROM sbtest4 WHERE k BETWEEN 8457321 AND 8457421
	Index Only Scan using k_4 on sbtest4  (cost=0.43..10.50 rows=103 width=4)
	  Index Cond: ((k >= 8457321) AND (k <= 8457421))

table 5 : explain SELECT k FROM sbtest5 WHERE k BETWEEN 8457321 AND 8457421
	Index Only Scan using k_5 on sbtest5  (cost=0.43..10.58 rows=107 width=4)
	  Index Cond: ((k >= 8457321) AND (k <= 8457421))

table 6 : explain SELECT k FROM sbtest6 WHERE k BETWEEN 8457321 AND 8457421
	Index Only Scan using k_6 on sbtest6  (cost=0.43..6.63 rows=110 width=4)
	  Index Cond: ((k >= 8457321) AND (k <= 8457421))

table 7 : explain SELECT k FROM sbtest7 WHERE k BETWEEN 8457321 AND 8457421
	Index Only Scan using k_7 on sbtest7  (cost=0.43..6.43 rows=100 width=4)
	  Index Cond: ((k >= 8457321) AND (k <= 8457421))

table 8 : explain SELECT k FROM sbtest8 WHERE k BETWEEN 8457321 AND 8457421
	Index Only Scan using k_8 on sbtest8  (cost=0.43..6.47 rows=102 width=4)
	  Index Cond: ((k >= 8457321) AND (k <= 8457421))

for range-covered
table 1 : explain SELECT k FROM sbtest1 WHERE k BETWEEN 5611421 AND 5611521
	Index Only Scan using k_1 on sbtest1  (cost=0.43..10.38 rows=97 width=4)
	  Index Cond: ((k >= 5611421) AND (k <= 5611521))

table 2 : explain SELECT k FROM sbtest2 WHERE k BETWEEN 5611421 AND 5611521
	Index Only Scan using k_2 on sbtest2  (cost=0.43..6.27 rows=92 width=4)
	  Index Cond: ((k >= 5611421) AND (k <= 5611521))

table 3 : explain SELECT k FROM sbtest3 WHERE k BETWEEN 5611421 AND 5611521
	Index Only Scan using k_3 on sbtest3  (cost=0.43..6.53 rows=105 width=4)
	  Index Cond: ((k >= 5611421) AND (k <= 5611521))

table 4 : explain SELECT k FROM sbtest4 WHERE k BETWEEN 5611421 AND 5611521
	Index Only Scan using k_4 on sbtest4  (cost=0.43..10.51 rows=104 width=4)
	  Index Cond: ((k >= 5611421) AND (k <= 5611521))

table 5 : explain SELECT k FROM sbtest5 WHERE k BETWEEN 5611421 AND 5611521
	Index Only Scan using k_5 on sbtest5  (cost=0.43..10.50 rows=103 width=4)
	  Index Cond: ((k >= 5611421) AND (k <= 5611521))

table 6 : explain SELECT k FROM sbtest6 WHERE k BETWEEN 5611421 AND 5611521
	Index Only Scan using k_6 on sbtest6  (cost=0.43..6.33 rows=95 width=4)
	  Index Cond: ((k >= 5611421) AND (k <= 5611521))

table 7 : explain SELECT k FROM sbtest7 WHERE k BETWEEN 5611421 AND 5611521
	Index Only Scan using k_7 on sbtest7  (cost=0.43..6.43 rows=100 width=4)
	  Index Cond: ((k >= 5611421) AND (k <= 5611521))

table 8 : explain SELECT k FROM sbtest8 WHERE k BETWEEN 5611421 AND 5611521
	Index Only Scan using k_8 on sbtest8  (cost=0.43..6.85 rows=121 width=4)
	  Index Cond: ((k >= 5611421) AND (k <= 5611521))

explain: for range-covered :: explain SELECT k FROM sbtest%d WHERE k BETWEEN 1868229 AND 1868329
explain: for range-covered :: explain SELECT k FROM sbtest%d WHERE k BETWEEN 5611421 AND 5611521
explain: for range-covered :: explain SELECT k FROM sbtest%d WHERE k BETWEEN 8438268 AND 8438368
for range-covered
table 1 : explain SELECT k FROM sbtest1 WHERE k BETWEEN 6654592 AND 6654692
	Index Only Scan using k_1 on sbtest1  (cost=0.43..10.44 rows=100 width=4)
	  Index Cond: ((k >= 6654592) AND (k <= 6654692))

table 2 : explain SELECT k FROM sbtest2 WHERE k BETWEEN 6654592 AND 6654692
	Index Only Scan using k_2 on sbtest2  (cost=0.43..6.59 rows=108 width=4)
	  Index Cond: ((k >= 6654592) AND (k <= 6654692))

table 3 : explain SELECT k FROM sbtest3 WHERE k BETWEEN 6654592 AND 6654692
	Index Only Scan using k_3 on sbtest3  (cost=0.43..6.50 rows=103 width=4)
	  Index Cond: ((k >= 6654592) AND (k <= 6654692))

table 4 : explain SELECT k FROM sbtest4 WHERE k BETWEEN 6654592 AND 6654692
	Index Only Scan using k_4 on sbtest4  (cost=0.43..10.58 rows=107 width=4)
	  Index Cond: ((k >= 6654592) AND (k <= 6654692))

table 5 : explain SELECT k FROM sbtest5 WHERE k BETWEEN 6654592 AND 6654692
	Index Only Scan using k_5 on sbtest5  (cost=0.43..10.46 rows=101 width=4)
	  Index Cond: ((k >= 6654592) AND (k <= 6654692))

table 6 : explain SELECT k FROM sbtest6 WHERE k BETWEEN 6654592 AND 6654692
	Index Only Scan using k_6 on sbtest6  (cost=0.43..6.50 rows=103 width=4)
	  Index Cond: ((k >= 6654592) AND (k <= 6654692))

table 7 : explain SELECT k FROM sbtest7 WHERE k BETWEEN 6654592 AND 6654692
	Index Only Scan using k_7 on sbtest7  (cost=0.43..6.50 rows=103 width=4)
	  Index Cond: ((k >= 6654592) AND (k <= 6654692))

table 8 : explain SELECT k FROM sbtest8 WHERE k BETWEEN 6654592 AND 6654692
	Index Only Scan using k_8 on sbtest8  (cost=0.43..6.63 rows=110 width=4)
	  Index Cond: ((k >= 6654592) AND (k <= 6654692))

explain: for range-covered :: explain SELECT k FROM sbtest%d WHERE k BETWEEN 6654592 AND 6654692
for range-covered
table 1 : explain SELECT k FROM sbtest1 WHERE k BETWEEN 3009756 AND 3009856
	Index Only Scan using k_1 on sbtest1  (cost=0.43..10.33 rows=95 width=4)
	  Index Cond: ((k >= 3009756) AND (k <= 3009856))

table 2 : explain SELECT k FROM sbtest2 WHERE k BETWEEN 3009756 AND 3009856
	Index Only Scan using k_2 on sbtest2  (cost=0.43..6.40 rows=98 width=4)
	  Index Cond: ((k >= 3009756) AND (k <= 3009856))

table 3 : explain SELECT k FROM sbtest3 WHERE k BETWEEN 3009756 AND 3009856
	Index Only Scan using k_3 on sbtest3  (cost=0.43..6.51 rows=104 width=4)
	  Index Cond: ((k >= 3009756) AND (k <= 3009856))

table 4 : explain SELECT k FROM sbtest4 WHERE k BETWEEN 3009756 AND 3009856
	Index Only Scan using k_4 on sbtest4  (cost=0.43..10.42 rows=99 width=4)
	  Index Cond: ((k >= 3009756) AND (k <= 3009856))

table 5 : explain SELECT k FROM sbtest5 WHERE k BETWEEN 3009756 AND 3009856
	Index Only Scan using k_5 on sbtest5  (cost=0.43..10.33 rows=95 width=4)
	  Index Cond: ((k >= 3009756) AND (k <= 3009856))

table 6 : explain SELECT k FROM sbtest6 WHERE k BETWEEN 3009756 AND 3009856
	Index Only Scan using k_6 on sbtest6  (cost=0.43..6.53 rows=105 width=4)
	  Index Cond: ((k >= 3009756) AND (k <= 3009856))

table 7 : explain SELECT k FROM sbtest7 WHERE k BETWEEN 3009756 AND 3009856
	Index Only Scan using k_7 on sbtest7  (cost=0.43..6.37 rows=97 width=4)
	  Index Cond: ((k >= 3009756) AND (k <= 3009856))

table 8 : explain SELECT k FROM sbtest8 WHERE k BETWEEN 3009756 AND 3009856
	Index Only Scan using k_8 on sbtest8  (cost=0.43..6.51 rows=104 width=4)
	  Index Cond: ((k >= 3009756) AND (k <= 3009856))

for range-covered
table 1 : explain SELECT k FROM sbtest1 WHERE k BETWEEN 5419108 AND 5419208
	Index Only Scan using k_1 on sbtest1  (cost=0.43..10.44 rows=100 width=4)
	  Index Cond: ((k >= 5419108) AND (k <= 5419208))

table 2 : explain SELECT k FROM sbtest2 WHERE k BETWEEN 5419108 AND 5419208
	Index Only Scan using k_2 on sbtest2  (cost=0.43..6.42 rows=99 width=4)
	  Index Cond: ((k >= 5419108) AND (k <= 5419208))

table 3 : explain SELECT k FROM sbtest3 WHERE k BETWEEN 5419108 AND 5419208
	Index Only Scan using k_3 on sbtest3  (cost=0.43..6.29 rows=93 width=4)
	  Index Cond: ((k >= 5419108) AND (k <= 5419208))

table 4 : explain SELECT k FROM sbtest4 WHERE k BETWEEN 5419108 AND 5419208
	Index Only Scan using k_4 on sbtest4  (cost=0.43..10.68 rows=112 width=4)
	  Index Cond: ((k >= 5419108) AND (k <= 5419208))

table 5 : explain SELECT k FROM sbtest5 WHERE k BETWEEN 5419108 AND 5419208
	Index Only Scan using k_5 on sbtest5  (cost=0.43..10.40 rows=98 width=4)
	  Index Cond: ((k >= 5419108) AND (k <= 5419208))

table 6 : explain SELECT k FROM sbtest6 WHERE k BETWEEN 5419108 AND 5419208
	Index Only Scan using k_6 on sbtest6  (cost=0.43..6.53 rows=105 width=4)
	  Index Cond: ((k >= 5419108) AND (k <= 5419208))

table 7 : explain SELECT k FROM sbtest7 WHERE k BETWEEN 5419108 AND 5419208
	Index Only Scan using k_7 on sbtest7  (cost=0.43..6.37 rows=97 width=4)
	  Index Cond: ((k >= 5419108) AND (k <= 5419208))

table 8 : explain SELECT k FROM sbtest8 WHERE k BETWEEN 5419108 AND 5419208
	Index Only Scan using k_8 on sbtest8  (cost=0.43..6.40 rows=98 width=4)
	  Index Cond: ((k >= 5419108) AND (k <= 5419208))

explain: for range-covered :: explain SELECT k FROM sbtest%d WHERE k BETWEEN 8583532 AND 8583632
explain: for range-covered :: explain SELECT k FROM sbtest%d WHERE k BETWEEN 5938635 AND 5938735
explain: for range-covered :: explain SELECT k FROM sbtest%d WHERE k BETWEEN 3009756 AND 3009856
explain: for range-covered :: explain SELECT k FROM sbtest%d WHERE k BETWEEN 5419108 AND 5419208
for range-covered
table 1 : explain SELECT k FROM sbtest1 WHERE k BETWEEN 5611421 AND 5611521
	Index Only Scan using k_1 on sbtest1  (cost=0.43..10.38 rows=97 width=4)
	  Index Cond: ((k >= 5611421) AND (k <= 5611521))

table 2 : explain SELECT k FROM sbtest2 WHERE k BETWEEN 5611421 AND 5611521
	Index Only Scan using k_2 on sbtest2  (cost=0.43..6.27 rows=92 width=4)
	  Index Cond: ((k >= 5611421) AND (k <= 5611521))

table 3 : explain SELECT k FROM sbtest3 WHERE k BETWEEN 5611421 AND 5611521
	Index Only Scan using k_3 on sbtest3  (cost=0.43..6.53 rows=105 width=4)
	  Index Cond: ((k >= 5611421) AND (k <= 5611521))

table 4 : explain SELECT k FROM sbtest4 WHERE k BETWEEN 5611421 AND 5611521
	Index Only Scan using k_4 on sbtest4  (cost=0.43..10.51 rows=104 width=4)
	  Index Cond: ((k >= 5611421) AND (k <= 5611521))

table 5 : explain SELECT k FROM sbtest5 WHERE k BETWEEN 5611421 AND 5611521
	Index Only Scan using k_5 on sbtest5  (cost=0.43..10.50 rows=103 width=4)
	  Index Cond: ((k >= 5611421) AND (k <= 5611521))

table 6 : explain SELECT k FROM sbtest6 WHERE k BETWEEN 5611421 AND 5611521
	Index Only Scan using k_6 on sbtest6  (cost=0.43..6.33 rows=95 width=4)
	  Index Cond: ((k >= 5611421) AND (k <= 5611521))

table 7 : explain SELECT k FROM sbtest7 WHERE k BETWEEN 5611421 AND 5611521
	Index Only Scan using k_7 on sbtest7  (cost=0.43..6.43 rows=100 width=4)
	  Index Cond: ((k >= 5611421) AND (k <= 5611521))

table 8 : explain SELECT k FROM sbtest8 WHERE k BETWEEN 5611421 AND 5611521
	Index Only Scan using k_8 on sbtest8  (cost=0.43..6.85 rows=121 width=4)
	  Index Cond: ((k >= 5611421) AND (k <= 5611521))

explain: for range-covered :: explain SELECT k FROM sbtest%d WHERE k BETWEEN 5611421 AND 5611521
for range-covered
table 1 : explain SELECT k FROM sbtest1 WHERE k BETWEEN 6654592 AND 6654692
	Index Only Scan using k_1 on sbtest1  (cost=0.43..10.44 rows=100 width=4)
	  Index Cond: ((k >= 6654592) AND (k <= 6654692))

table 2 : explain SELECT k FROM sbtest2 WHERE k BETWEEN 6654592 AND 6654692
	Index Only Scan using k_2 on sbtest2  (cost=0.43..6.59 rows=108 width=4)
	  Index Cond: ((k >= 6654592) AND (k <= 6654692))

table 3 : explain SELECT k FROM sbtest3 WHERE k BETWEEN 6654592 AND 6654692
	Index Only Scan using k_3 on sbtest3  (cost=0.43..6.50 rows=103 width=4)
	  Index Cond: ((k >= 6654592) AND (k <= 6654692))

table 4 : explain SELECT k FROM sbtest4 WHERE k BETWEEN 6654592 AND 6654692
	Index Only Scan using k_4 on sbtest4  (cost=0.43..10.58 rows=107 width=4)
	  Index Cond: ((k >= 6654592) AND (k <= 6654692))

table 5 : explain SELECT k FROM sbtest5 WHERE k BETWEEN 6654592 AND 6654692
	Index Only Scan using k_5 on sbtest5  (cost=0.43..10.46 rows=101 width=4)
	  Index Cond: ((k >= 6654592) AND (k <= 6654692))

table 6 : explain SELECT k FROM sbtest6 WHERE k BETWEEN 6654592 AND 6654692
	Index Only Scan using k_6 on sbtest6  (cost=0.43..6.50 rows=103 width=4)
	  Index Cond: ((k >= 6654592) AND (k <= 6654692))

table 7 : explain SELECT k FROM sbtest7 WHERE k BETWEEN 6654592 AND 6654692
	Index Only Scan using k_7 on sbtest7  (cost=0.43..6.50 rows=103 width=4)
	  Index Cond: ((k >= 6654592) AND (k <= 6654692))

table 8 : explain SELECT k FROM sbtest8 WHERE k BETWEEN 6654592 AND 6654692
	Index Only Scan using k_8 on sbtest8  (cost=0.43..6.63 rows=110 width=4)
	  Index Cond: ((k >= 6654592) AND (k <= 6654692))

explain: for range-covered :: explain SELECT k FROM sbtest%d WHERE k BETWEEN 6654592 AND 6654692
for range-covered
table 1 : explain SELECT k FROM sbtest1 WHERE k BETWEEN 7123078 AND 7123178
	Index Only Scan using k_1 on sbtest1  (cost=0.43..10.58 rows=107 width=4)
	  Index Cond: ((k >= 7123078) AND (k <= 7123178))

table 2 : explain SELECT k FROM sbtest2 WHERE k BETWEEN 7123078 AND 7123178
	Index Only Scan using k_2 on sbtest2  (cost=0.43..6.40 rows=98 width=4)
	  Index Cond: ((k >= 7123078) AND (k <= 7123178))

table 3 : explain SELECT k FROM sbtest3 WHERE k BETWEEN 7123078 AND 7123178
	Index Only Scan using k_3 on sbtest3  (cost=0.43..6.37 rows=97 width=4)
	  Index Cond: ((k >= 7123078) AND (k <= 7123178))

table 4 : explain SELECT k FROM sbtest4 WHERE k BETWEEN 7123078 AND 7123178
	Index Only Scan using k_4 on sbtest4  (cost=0.43..10.47 rows=102 width=4)
	  Index Cond: ((k >= 7123078) AND (k <= 7123178))

table 5 : explain SELECT k FROM sbtest5 WHERE k BETWEEN 7123078 AND 7123178
	Index Only Scan using k_5 on sbtest5  (cost=0.43..10.33 rows=95 width=4)
	  Index Cond: ((k >= 7123078) AND (k <= 7123178))

table 6 : explain SELECT k FROM sbtest6 WHERE k BETWEEN 7123078 AND 7123178
	Index Only Scan using k_6 on sbtest6  (cost=0.43..6.45 rows=101 width=4)
	  Index Cond: ((k >= 7123078) AND (k <= 7123178))

table 7 : explain SELECT k FROM sbtest7 WHERE k BETWEEN 7123078 AND 7123178
	Index Only Scan using k_7 on sbtest7  (cost=0.43..6.47 rows=102 width=4)
	  Index Cond: ((k >= 7123078) AND (k <= 7123178))

table 8 : explain SELECT k FROM sbtest8 WHERE k BETWEEN 7123078 AND 7123178
	Index Only Scan using k_8 on sbtest8  (cost=0.43..6.50 rows=103 width=4)
	  Index Cond: ((k >= 7123078) AND (k <= 7123178))

explain: for range-covered :: explain SELECT k FROM sbtest%d WHERE k BETWEEN 7123078 AND 7123178
for range-covered
table 1 : explain SELECT k FROM sbtest1 WHERE k BETWEEN 8438268 AND 8438368
	Index Only Scan using k_1 on sbtest1  (cost=0.43..10.38 rows=97 width=4)
	  Index Cond: ((k >= 8438268) AND (k <= 8438368))

table 2 : explain SELECT k FROM sbtest2 WHERE k BETWEEN 8438268 AND 8438368
	Index Only Scan using k_2 on sbtest2  (cost=0.43..6.63 rows=110 width=4)
	  Index Cond: ((k >= 8438268) AND (k <= 8438368))

table 3 : explain SELECT k FROM sbtest3 WHERE k BETWEEN 8438268 AND 8438368
	Index Only Scan using k_3 on sbtest3  (cost=0.43..6.50 rows=103 width=4)
	  Index Cond: ((k >= 8438268) AND (k <= 8438368))

table 4 : explain SELECT k FROM sbtest4 WHERE k BETWEEN 8438268 AND 8438368
	Index Only Scan using k_4 on sbtest4  (cost=0.43..10.50 rows=103 width=4)
	  Index Cond: ((k >= 8438268) AND (k <= 8438368))

table 5 : explain SELECT k FROM sbtest5 WHERE k BETWEEN 8438268 AND 8438368
	Index Only Scan using k_5 on sbtest5  (cost=0.43..10.58 rows=107 width=4)
	  Index Cond: ((k >= 8438268) AND (k <= 8438368))

table 6 : explain SELECT k FROM sbtest6 WHERE k BETWEEN 8438268 AND 8438368
	Index Only Scan using k_6 on sbtest6  (cost=0.43..6.63 rows=110 width=4)
	  Index Cond: ((k >= 8438268) AND (k <= 8438368))

table 7 : explain SELECT k FROM sbtest7 WHERE k BETWEEN 8438268 AND 8438368
	Index Only Scan using k_7 on sbtest7  (cost=0.43..6.43 rows=100 width=4)
	  Index Cond: ((k >= 8438268) AND (k <= 8438368))

table 8 : explain SELECT k FROM sbtest8 WHERE k BETWEEN 8438268 AND 8438368
	Index Only Scan using k_8 on sbtest8  (cost=0.43..6.47 rows=102 width=4)
	  Index Cond: ((k >= 8438268) AND (k <= 8438368))

for range-covered
table 1 : explain SELECT k FROM sbtest1 WHERE k BETWEEN 5611421 AND 5611521
	Index Only Scan using k_1 on sbtest1  (cost=0.43..10.38 rows=97 width=4)
	  Index Cond: ((k >= 5611421) AND (k <= 5611521))

table 2 : explain SELECT k FROM sbtest2 WHERE k BETWEEN 5611421 AND 5611521
	Index Only Scan using k_2 on sbtest2  (cost=0.43..6.27 rows=92 width=4)
	  Index Cond: ((k >= 5611421) AND (k <= 5611521))

table 3 : explain SELECT k FROM sbtest3 WHERE k BETWEEN 5611421 AND 5611521
	Index Only Scan using k_3 on sbtest3  (cost=0.43..6.53 rows=105 width=4)
	  Index Cond: ((k >= 5611421) AND (k <= 5611521))

table 4 : explain SELECT k FROM sbtest4 WHERE k BETWEEN 5611421 AND 5611521
	Index Only Scan using k_4 on sbtest4  (cost=0.43..10.51 rows=104 width=4)
	  Index Cond: ((k >= 5611421) AND (k <= 5611521))

table 5 : explain SELECT k FROM sbtest5 WHERE k BETWEEN 5611421 AND 5611521
	Index Only Scan using k_5 on sbtest5  (cost=0.43..10.50 rows=103 width=4)
	  Index Cond: ((k >= 5611421) AND (k <= 5611521))

table 6 : explain SELECT k FROM sbtest6 WHERE k BETWEEN 5611421 AND 5611521
	Index Only Scan using k_6 on sbtest6  (cost=0.43..6.33 rows=95 width=4)
	  Index Cond: ((k >= 5611421) AND (k <= 5611521))

table 7 : explain SELECT k FROM sbtest7 WHERE k BETWEEN 5611421 AND 5611521
	Index Only Scan using k_7 on sbtest7  (cost=0.43..6.43 rows=100 width=4)
	  Index Cond: ((k >= 5611421) AND (k <= 5611521))

table 8 : explain SELECT k FROM sbtest8 WHERE k BETWEEN 5611421 AND 5611521
	Index Only Scan using k_8 on sbtest8  (cost=0.43..6.85 rows=121 width=4)
	  Index Cond: ((k >= 5611421) AND (k <= 5611521))

explain: for range-covered :: explain SELECT k FROM sbtest%d WHERE k BETWEEN 8438268 AND 8438368
explain: for range-covered :: explain SELECT k FROM sbtest%d WHERE k BETWEEN 5611421 AND 5611521
for range-covered
table 1 : explain SELECT k FROM sbtest1 WHERE k BETWEEN 6654592 AND 6654692
	Index Only Scan using k_1 on sbtest1  (cost=0.43..10.44 rows=100 width=4)
	  Index Cond: ((k >= 6654592) AND (k <= 6654692))

table 2 : explain SELECT k FROM sbtest2 WHERE k BETWEEN 6654592 AND 6654692
	Index Only Scan using k_2 on sbtest2  (cost=0.43..6.59 rows=108 width=4)
	  Index Cond: ((k >= 6654592) AND (k <= 6654692))

table 3 : explain SELECT k FROM sbtest3 WHERE k BETWEEN 6654592 AND 6654692
	Index Only Scan using k_3 on sbtest3  (cost=0.43..6.50 rows=103 width=4)
	  Index Cond: ((k >= 6654592) AND (k <= 6654692))

table 4 : explain SELECT k FROM sbtest4 WHERE k BETWEEN 6654592 AND 6654692
	Index Only Scan using k_4 on sbtest4  (cost=0.43..10.58 rows=107 width=4)
	  Index Cond: ((k >= 6654592) AND (k <= 6654692))

table 5 : explain SELECT k FROM sbtest5 WHERE k BETWEEN 6654592 AND 6654692
	Index Only Scan using k_5 on sbtest5  (cost=0.43..10.46 rows=101 width=4)
	  Index Cond: ((k >= 6654592) AND (k <= 6654692))

table 6 : explain SELECT k FROM sbtest6 WHERE k BETWEEN 6654592 AND 6654692
	Index Only Scan using k_6 on sbtest6  (cost=0.43..6.50 rows=103 width=4)
	  Index Cond: ((k >= 6654592) AND (k <= 6654692))

table 7 : explain SELECT k FROM sbtest7 WHERE k BETWEEN 6654592 AND 6654692
	Index Only Scan using k_7 on sbtest7  (cost=0.43..6.50 rows=103 width=4)
	  Index Cond: ((k >= 6654592) AND (k <= 6654692))

table 8 : explain SELECT k FROM sbtest8 WHERE k BETWEEN 6654592 AND 6654692
	Index Only Scan using k_8 on sbtest8  (cost=0.43..6.63 rows=110 width=4)
	  Index Cond: ((k >= 6654592) AND (k <= 6654692))

explain: for range-covered :: explain SELECT k FROM sbtest%d WHERE k BETWEEN 6654592 AND 6654692
for range-covered
table 1 : explain SELECT k FROM sbtest1 WHERE k BETWEEN 7123078 AND 7123178
	Index Only Scan using k_1 on sbtest1  (cost=0.43..10.58 rows=107 width=4)
	  Index Cond: ((k >= 7123078) AND (k <= 7123178))

table 2 : explain SELECT k FROM sbtest2 WHERE k BETWEEN 7123078 AND 7123178
	Index Only Scan using k_2 on sbtest2  (cost=0.43..6.40 rows=98 width=4)
	  Index Cond: ((k >= 7123078) AND (k <= 7123178))

table 3 : explain SELECT k FROM sbtest3 WHERE k BETWEEN 7123078 AND 7123178
	Index Only Scan using k_3 on sbtest3  (cost=0.43..6.37 rows=97 width=4)
	  Index Cond: ((k >= 7123078) AND (k <= 7123178))

table 4 : explain SELECT k FROM sbtest4 WHERE k BETWEEN 7123078 AND 7123178
	Index Only Scan using k_4 on sbtest4  (cost=0.43..10.47 rows=102 width=4)
	  Index Cond: ((k >= 7123078) AND (k <= 7123178))

table 5 : explain SELECT k FROM sbtest5 WHERE k BETWEEN 7123078 AND 7123178
	Index Only Scan using k_5 on sbtest5  (cost=0.43..10.33 rows=95 width=4)
	  Index Cond: ((k >= 7123078) AND (k <= 7123178))

table 6 : explain SELECT k FROM sbtest6 WHERE k BETWEEN 7123078 AND 7123178
	Index Only Scan using k_6 on sbtest6  (cost=0.43..6.45 rows=101 width=4)
	  Index Cond: ((k >= 7123078) AND (k <= 7123178))

table 7 : explain SELECT k FROM sbtest7 WHERE k BETWEEN 7123078 AND 7123178
	Index Only Scan using k_7 on sbtest7  (cost=0.43..6.47 rows=102 width=4)
	  Index Cond: ((k >= 7123078) AND (k <= 7123178))

table 8 : explain SELECT k FROM sbtest8 WHERE k BETWEEN 7123078 AND 7123178
	Index Only Scan using k_8 on sbtest8  (cost=0.43..6.50 rows=103 width=4)
	  Index Cond: ((k >= 7123078) AND (k <= 7123178))

explain: for range-covered :: explain SELECT k FROM sbtest%d WHERE k BETWEEN 7123078 AND 7123178
for range-covered
table 1 : explain SELECT k FROM sbtest1 WHERE k BETWEEN 6654592 AND 6654692
	Index Only Scan using k_1 on sbtest1  (cost=0.43..10.44 rows=100 width=4)
	  Index Cond: ((k >= 6654592) AND (k <= 6654692))

table 2 : explain SELECT k FROM sbtest2 WHERE k BETWEEN 6654592 AND 6654692
	Index Only Scan using k_2 on sbtest2  (cost=0.43..6.59 rows=108 width=4)
	  Index Cond: ((k >= 6654592) AND (k <= 6654692))

table 3 : explain SELECT k FROM sbtest3 WHERE k BETWEEN 6654592 AND 6654692
	Index Only Scan using k_3 on sbtest3  (cost=0.43..6.50 rows=103 width=4)
	  Index Cond: ((k >= 6654592) AND (k <= 6654692))

table 4 : explain SELECT k FROM sbtest4 WHERE k BETWEEN 6654592 AND 6654692
	Index Only Scan using k_4 on sbtest4  (cost=0.43..10.58 rows=107 width=4)
	  Index Cond: ((k >= 6654592) AND (k <= 6654692))

table 5 : explain SELECT k FROM sbtest5 WHERE k BETWEEN 6654592 AND 6654692
	Index Only Scan using k_5 on sbtest5  (cost=0.43..10.46 rows=101 width=4)
	  Index Cond: ((k >= 6654592) AND (k <= 6654692))

table 6 : explain SELECT k FROM sbtest6 WHERE k BETWEEN 6654592 AND 6654692
	Index Only Scan using k_6 on sbtest6  (cost=0.43..6.50 rows=103 width=4)
	  Index Cond: ((k >= 6654592) AND (k <= 6654692))

table 7 : explain SELECT k FROM sbtest7 WHERE k BETWEEN 6654592 AND 6654692
	Index Only Scan using k_7 on sbtest7  (cost=0.43..6.50 rows=103 width=4)
	  Index Cond: ((k >= 6654592) AND (k <= 6654692))

table 8 : explain SELECT k FROM sbtest8 WHERE k BETWEEN 6654592 AND 6654692
	Index Only Scan using k_8 on sbtest8  (cost=0.43..6.63 rows=110 width=4)
	  Index Cond: ((k >= 6654592) AND (k <= 6654692))

for range-covered
table 1 : explain SELECT k FROM sbtest1 WHERE k BETWEEN 7123078 AND 7123178
	Index Only Scan using k_1 on sbtest1  (cost=0.43..10.58 rows=107 width=4)
	  Index Cond: ((k >= 7123078) AND (k <= 7123178))

table 2 : explain SELECT k FROM sbtest2 WHERE k BETWEEN 7123078 AND 7123178
	Index Only Scan using k_2 on sbtest2  (cost=0.43..6.40 rows=98 width=4)
	  Index Cond: ((k >= 7123078) AND (k <= 7123178))

table 3 : explain SELECT k FROM sbtest3 WHERE k BETWEEN 7123078 AND 7123178
	Index Only Scan using k_3 on sbtest3  (cost=0.43..6.37 rows=97 width=4)
	  Index Cond: ((k >= 7123078) AND (k <= 7123178))

table 4 : explain SELECT k FROM sbtest4 WHERE k BETWEEN 7123078 AND 7123178
	Index Only Scan using k_4 on sbtest4  (cost=0.43..10.47 rows=102 width=4)
	  Index Cond: ((k >= 7123078) AND (k <= 7123178))

table 5 : explain SELECT k FROM sbtest5 WHERE k BETWEEN 7123078 AND 7123178
	Index Only Scan using k_5 on sbtest5  (cost=0.43..10.33 rows=95 width=4)
	  Index Cond: ((k >= 7123078) AND (k <= 7123178))

table 6 : explain SELECT k FROM sbtest6 WHERE k BETWEEN 7123078 AND 7123178
	Index Only Scan using k_6 on sbtest6  (cost=0.43..6.45 rows=101 width=4)
	  Index Cond: ((k >= 7123078) AND (k <= 7123178))

table 7 : explain SELECT k FROM sbtest7 WHERE k BETWEEN 7123078 AND 7123178
	Index Only Scan using k_7 on sbtest7  (cost=0.43..6.47 rows=102 width=4)
	  Index Cond: ((k >= 7123078) AND (k <= 7123178))

table 8 : explain SELECT k FROM sbtest8 WHERE k BETWEEN 7123078 AND 7123178
	Index Only Scan using k_8 on sbtest8  (cost=0.43..6.50 rows=103 width=4)
	  Index Cond: ((k >= 7123078) AND (k <= 7123178))

explain: for range-covered :: explain SELECT k FROM sbtest%d WHERE k BETWEEN 7123078 AND 7123178
for range-covered
table 1 : explain SELECT k FROM sbtest1 WHERE k BETWEEN 8583532 AND 8583632
	Index Only Scan using k_1 on sbtest1  (cost=0.43..10.47 rows=102 width=4)
	  Index Cond: ((k >= 8583532) AND (k <= 8583632))

table 2 : explain SELECT k FROM sbtest2 WHERE k BETWEEN 8583532 AND 8583632
	Index Only Scan using k_2 on sbtest2  (cost=0.43..6.43 rows=100 width=4)
	  Index Cond: ((k >= 8583532) AND (k <= 8583632))

table 3 : explain SELECT k FROM sbtest3 WHERE k BETWEEN 8583532 AND 8583632
	Index Only Scan using k_3 on sbtest3  (cost=0.43..6.51 rows=104 width=4)
	  Index Cond: ((k >= 8583532) AND (k <= 8583632))

table 4 : explain SELECT k FROM sbtest4 WHERE k BETWEEN 8583532 AND 8583632
	Index Only Scan using k_4 on sbtest4  (cost=0.43..10.29 rows=93 width=4)
	  Index Cond: ((k >= 8583532) AND (k <= 8583632))

table 5 : explain SELECT k FROM sbtest5 WHERE k BETWEEN 8583532 AND 8583632
	Index Only Scan using k_5 on sbtest5  (cost=0.43..10.36 rows=96 width=4)
	  Index Cond: ((k >= 8583532) AND (k <= 8583632))

table 6 : explain SELECT k FROM sbtest6 WHERE k BETWEEN 8583532 AND 8583632
	Index Only Scan using k_6 on sbtest6  (cost=0.43..6.27 rows=92 width=4)
	  Index Cond: ((k >= 8583532) AND (k <= 8583632))

table 7 : explain SELECT k FROM sbtest7 WHERE k BETWEEN 8583532 AND 8583632
	Index Only Scan using k_7 on sbtest7  (cost=0.43..6.50 rows=103 width=4)
	  Index Cond: ((k >= 8583532) AND (k <= 8583632))

table 8 : explain SELECT k FROM sbtest8 WHERE k BETWEEN 8583532 AND 8583632
	Index Only Scan using k_8 on sbtest8  (cost=0.43..6.53 rows=105 width=4)
	  Index Cond: ((k >= 8583532) AND (k <= 8583632))

explain: for range-covered :: explain SELECT k FROM sbtest%d WHERE k BETWEEN 8583532 AND 8583632
for range-covered
table 1 : explain SELECT k FROM sbtest1 WHERE k BETWEEN 5611421 AND 5611521
	Index Only Scan using k_1 on sbtest1  (cost=0.43..10.38 rows=97 width=4)
	  Index Cond: ((k >= 5611421) AND (k <= 5611521))

table 2 : explain SELECT k FROM sbtest2 WHERE k BETWEEN 5611421 AND 5611521
	Index Only Scan using k_2 on sbtest2  (cost=0.43..6.27 rows=92 width=4)
	  Index Cond: ((k >= 5611421) AND (k <= 5611521))

table 3 : explain SELECT k FROM sbtest3 WHERE k BETWEEN 5611421 AND 5611521
	Index Only Scan using k_3 on sbtest3  (cost=0.43..6.53 rows=105 width=4)
	  Index Cond: ((k >= 5611421) AND (k <= 5611521))

table 4 : explain SELECT k FROM sbtest4 WHERE k BETWEEN 5611421 AND 5611521
	Index Only Scan using k_4 on sbtest4  (cost=0.43..10.51 rows=104 width=4)
	  Index Cond: ((k >= 5611421) AND (k <= 5611521))

table 5 : explain SELECT k FROM sbtest5 WHERE k BETWEEN 5611421 AND 5611521
	Index Only Scan using k_5 on sbtest5  (cost=0.43..10.50 rows=103 width=4)
	  Index Cond: ((k >= 5611421) AND (k <= 5611521))

table 6 : explain SELECT k FROM sbtest6 WHERE k BETWEEN 5611421 AND 5611521
	Index Only Scan using k_6 on sbtest6  (cost=0.43..6.33 rows=95 width=4)
	  Index Cond: ((k >= 5611421) AND (k <= 5611521))

table 7 : explain SELECT k FROM sbtest7 WHERE k BETWEEN 5611421 AND 5611521
	Index Only Scan using k_7 on sbtest7  (cost=0.43..6.43 rows=100 width=4)
	  Index Cond: ((k >= 5611421) AND (k <= 5611521))

table 8 : explain SELECT k FROM sbtest8 WHERE k BETWEEN 5611421 AND 5611521
	Index Only Scan using k_8 on sbtest8  (cost=0.43..6.85 rows=121 width=4)
	  Index Cond: ((k >= 5611421) AND (k <= 5611521))

for range-covered
table 1 : explain SELECT k FROM sbtest1 WHERE k BETWEEN 7123078 AND 7123178
	Index Only Scan using k_1 on sbtest1  (cost=0.43..10.58 rows=107 width=4)
	  Index Cond: ((k >= 7123078) AND (k <= 7123178))

table 2 : explain SELECT k FROM sbtest2 WHERE k BETWEEN 7123078 AND 7123178
	Index Only Scan using k_2 on sbtest2  (cost=0.43..6.40 rows=98 width=4)
	  Index Cond: ((k >= 7123078) AND (k <= 7123178))

table 3 : explain SELECT k FROM sbtest3 WHERE k BETWEEN 7123078 AND 7123178
	Index Only Scan using k_3 on sbtest3  (cost=0.43..6.37 rows=97 width=4)
	  Index Cond: ((k >= 7123078) AND (k <= 7123178))

table 4 : explain SELECT k FROM sbtest4 WHERE k BETWEEN 7123078 AND 7123178
	Index Only Scan using k_4 on sbtest4  (cost=0.43..10.47 rows=102 width=4)
	  Index Cond: ((k >= 7123078) AND (k <= 7123178))

table 5 : explain SELECT k FROM sbtest5 WHERE k BETWEEN 7123078 AND 7123178
	Index Only Scan using k_5 on sbtest5  (cost=0.43..10.33 rows=95 width=4)
	  Index Cond: ((k >= 7123078) AND (k <= 7123178))

table 6 : explain SELECT k FROM sbtest6 WHERE k BETWEEN 7123078 AND 7123178
	Index Only Scan using k_6 on sbtest6  (cost=0.43..6.45 rows=101 width=4)
	  Index Cond: ((k >= 7123078) AND (k <= 7123178))

table 7 : explain SELECT k FROM sbtest7 WHERE k BETWEEN 7123078 AND 7123178
	Index Only Scan using k_7 on sbtest7  (cost=0.43..6.47 rows=102 width=4)
	  Index Cond: ((k >= 7123078) AND (k <= 7123178))

table 8 : explain SELECT k FROM sbtest8 WHERE k BETWEEN 7123078 AND 7123178
	Index Only Scan using k_8 on sbtest8  (cost=0.43..6.50 rows=103 width=4)
	  Index Cond: ((k >= 7123078) AND (k <= 7123178))

for range-covered
table 1 : explain SELECT k FROM sbtest1 WHERE k BETWEEN 8438268 AND 8438368
	Index Only Scan using k_1 on sbtest1  (cost=0.43..10.38 rows=97 width=4)
	  Index Cond: ((k >= 8438268) AND (k <= 8438368))

table 2 : explain SELECT k FROM sbtest2 WHERE k BETWEEN 8438268 AND 8438368
	Index Only Scan using k_2 on sbtest2  (cost=0.43..6.63 rows=110 width=4)
	  Index Cond: ((k >= 8438268) AND (k <= 8438368))

table 3 : explain SELECT k FROM sbtest3 WHERE k BETWEEN 8438268 AND 8438368
	Index Only Scan using k_3 on sbtest3  (cost=0.43..6.50 rows=103 width=4)
	  Index Cond: ((k >= 8438268) AND (k <= 8438368))

table 4 : explain SELECT k FROM sbtest4 WHERE k BETWEEN 8438268 AND 8438368
	Index Only Scan using k_4 on sbtest4  (cost=0.43..10.50 rows=103 width=4)
	  Index Cond: ((k >= 8438268) AND (k <= 8438368))

table 5 : explain SELECT k FROM sbtest5 WHERE k BETWEEN 8438268 AND 8438368
	Index Only Scan using k_5 on sbtest5  (cost=0.43..10.58 rows=107 width=4)
	  Index Cond: ((k >= 8438268) AND (k <= 8438368))

table 6 : explain SELECT k FROM sbtest6 WHERE k BETWEEN 8438268 AND 8438368
	Index Only Scan using k_6 on sbtest6  (cost=0.43..6.63 rows=110 width=4)
	  Index Cond: ((k >= 8438268) AND (k <= 8438368))

table 7 : explain SELECT k FROM sbtest7 WHERE k BETWEEN 8438268 AND 8438368
	Index Only Scan using k_7 on sbtest7  (cost=0.43..6.43 rows=100 width=4)
	  Index Cond: ((k >= 8438268) AND (k <= 8438368))

table 8 : explain SELECT k FROM sbtest8 WHERE k BETWEEN 8438268 AND 8438368
	Index Only Scan using k_8 on sbtest8  (cost=0.43..6.47 rows=102 width=4)
	  Index Cond: ((k >= 8438268) AND (k <= 8438368))

explain: for range-covered :: explain SELECT k FROM sbtest%d WHERE k BETWEEN 7123078 AND 7123178
for range-covered
table 1 : explain SELECT k FROM sbtest1 WHERE k BETWEEN 8583532 AND 8583632
	Index Only Scan using k_1 on sbtest1  (cost=0.43..10.47 rows=102 width=4)
	  Index Cond: ((k >= 8583532) AND (k <= 8583632))

table 2 : explain SELECT k FROM sbtest2 WHERE k BETWEEN 8583532 AND 8583632
	Index Only Scan using k_2 on sbtest2  (cost=0.43..6.43 rows=100 width=4)
	  Index Cond: ((k >= 8583532) AND (k <= 8583632))

table 3 : explain SELECT k FROM sbtest3 WHERE k BETWEEN 8583532 AND 8583632
	Index Only Scan using k_3 on sbtest3  (cost=0.43..6.51 rows=104 width=4)
	  Index Cond: ((k >= 8583532) AND (k <= 8583632))

table 4 : explain SELECT k FROM sbtest4 WHERE k BETWEEN 8583532 AND 8583632
	Index Only Scan using k_4 on sbtest4  (cost=0.43..10.29 rows=93 width=4)
	  Index Cond: ((k >= 8583532) AND (k <= 8583632))

table 5 : explain SELECT k FROM sbtest5 WHERE k BETWEEN 8583532 AND 8583632
	Index Only Scan using k_5 on sbtest5  (cost=0.43..10.36 rows=96 width=4)
	  Index Cond: ((k >= 8583532) AND (k <= 8583632))

table 6 : explain SELECT k FROM sbtest6 WHERE k BETWEEN 8583532 AND 8583632
	Index Only Scan using k_6 on sbtest6  (cost=0.43..6.27 rows=92 width=4)
	  Index Cond: ((k >= 8583532) AND (k <= 8583632))

table 7 : explain SELECT k FROM sbtest7 WHERE k BETWEEN 8583532 AND 8583632
	Index Only Scan using k_7 on sbtest7  (cost=0.43..6.50 rows=103 width=4)
	  Index Cond: ((k >= 8583532) AND (k <= 8583632))

table 8 : explain SELECT k FROM sbtest8 WHERE k BETWEEN 8583532 AND 8583632
	Index Only Scan using k_8 on sbtest8  (cost=0.43..6.53 rows=105 width=4)
	  Index Cond: ((k >= 8583532) AND (k <= 8583632))

explain: for range-covered :: explain SELECT k FROM sbtest%d WHERE k BETWEEN 8583532 AND 8583632
for range-covered
table 1 : explain SELECT k FROM sbtest1 WHERE k BETWEEN 5419108 AND 5419208
	Index Only Scan using k_1 on sbtest1  (cost=0.43..10.44 rows=100 width=4)
	  Index Cond: ((k >= 5419108) AND (k <= 5419208))

table 2 : explain SELECT k FROM sbtest2 WHERE k BETWEEN 5419108 AND 5419208
	Index Only Scan using k_2 on sbtest2  (cost=0.43..6.42 rows=99 width=4)
	  Index Cond: ((k >= 5419108) AND (k <= 5419208))

table 3 : explain SELECT k FROM sbtest3 WHERE k BETWEEN 5419108 AND 5419208
	Index Only Scan using k_3 on sbtest3  (cost=0.43..6.29 rows=93 width=4)
	  Index Cond: ((k >= 5419108) AND (k <= 5419208))

table 4 : explain SELECT k FROM sbtest4 WHERE k BETWEEN 5419108 AND 5419208
	Index Only Scan using k_4 on sbtest4  (cost=0.43..10.68 rows=112 width=4)
	  Index Cond: ((k >= 5419108) AND (k <= 5419208))

table 5 : explain SELECT k FROM sbtest5 WHERE k BETWEEN 5419108 AND 5419208
	Index Only Scan using k_5 on sbtest5  (cost=0.43..10.40 rows=98 width=4)
	  Index Cond: ((k >= 5419108) AND (k <= 5419208))

table 6 : explain SELECT k FROM sbtest6 WHERE k BETWEEN 5419108 AND 5419208
	Index Only Scan using k_6 on sbtest6  (cost=0.43..6.53 rows=105 width=4)
	  Index Cond: ((k >= 5419108) AND (k <= 5419208))

table 7 : explain SELECT k FROM sbtest7 WHERE k BETWEEN 5419108 AND 5419208
	Index Only Scan using k_7 on sbtest7  (cost=0.43..6.37 rows=97 width=4)
	  Index Cond: ((k >= 5419108) AND (k <= 5419208))

table 8 : explain SELECT k FROM sbtest8 WHERE k BETWEEN 5419108 AND 5419208
	Index Only Scan using k_8 on sbtest8  (cost=0.43..6.40 rows=98 width=4)
	  Index Cond: ((k >= 5419108) AND (k <= 5419208))

for range-covered
table 1 : explain SELECT k FROM sbtest1 WHERE k BETWEEN 7581563 AND 7581663
	Index Only Scan using k_1 on sbtest1  (cost=0.43..10.62 rows=109 width=4)
	  Index Cond: ((k >= 7581563) AND (k <= 7581663))

table 2 : explain SELECT k FROM sbtest2 WHERE k BETWEEN 7581563 AND 7581663
	Index Only Scan using k_2 on sbtest2  (cost=0.43..6.42 rows=99 width=4)
	  Index Cond: ((k >= 7581563) AND (k <= 7581663))

table 3 : explain SELECT k FROM sbtest3 WHERE k BETWEEN 7581563 AND 7581663
	Index Only Scan using k_3 on sbtest3  (cost=0.43..6.37 rows=97 width=4)
	  Index Cond: ((k >= 7581563) AND (k <= 7581663))

table 4 : explain SELECT k FROM sbtest4 WHERE k BETWEEN 7581563 AND 7581663
	Index Only Scan using k_4 on sbtest4  (cost=0.43..10.44 rows=100 width=4)
	  Index Cond: ((k >= 7581563) AND (k <= 7581663))

table 5 : explain SELECT k FROM sbtest5 WHERE k BETWEEN 7581563 AND 7581663
	Index Only Scan using k_5 on sbtest5  (cost=0.43..10.33 rows=95 width=4)
	  Index Cond: ((k >= 7581563) AND (k <= 7581663))

table 6 : explain SELECT k FROM sbtest6 WHERE k BETWEEN 7581563 AND 7581663
	Index Only Scan using k_6 on sbtest6  (cost=0.43..6.47 rows=102 width=4)
	  Index Cond: ((k >= 7581563) AND (k <= 7581663))

table 7 : explain SELECT k FROM sbtest7 WHERE k BETWEEN 7581563 AND 7581663
	Index Only Scan using k_7 on sbtest7  (cost=0.43..6.59 rows=108 width=4)
	  Index Cond: ((k >= 7581563) AND (k <= 7581663))

table 8 : explain SELECT k FROM sbtest8 WHERE k BETWEEN 7581563 AND 7581663
	Index Only Scan using k_8 on sbtest8  (cost=0.43..6.75 rows=116 width=4)
	  Index Cond: ((k >= 7581563) AND (k <= 7581663))

explain: for range-covered :: explain SELECT k FROM sbtest%d WHERE k BETWEEN 5419108 AND 5419208
explain: for range-covered :: explain SELECT k FROM sbtest%d WHERE k BETWEEN 7581563 AND 7581663
for range-covered
table 1 : explain SELECT k FROM sbtest1 WHERE k BETWEEN 3009756 AND 3009856
	Index Only Scan using k_1 on sbtest1  (cost=0.43..10.33 rows=95 width=4)
	  Index Cond: ((k >= 3009756) AND (k <= 3009856))

table 2 : explain SELECT k FROM sbtest2 WHERE k BETWEEN 3009756 AND 3009856
	Index Only Scan using k_2 on sbtest2  (cost=0.43..6.40 rows=98 width=4)
	  Index Cond: ((k >= 3009756) AND (k <= 3009856))

table 3 : explain SELECT k FROM sbtest3 WHERE k BETWEEN 3009756 AND 3009856
	Index Only Scan using k_3 on sbtest3  (cost=0.43..6.51 rows=104 width=4)
	  Index Cond: ((k >= 3009756) AND (k <= 3009856))

table 4 : explain SELECT k FROM sbtest4 WHERE k BETWEEN 3009756 AND 3009856
	Index Only Scan using k_4 on sbtest4  (cost=0.43..10.42 rows=99 width=4)
	  Index Cond: ((k >= 3009756) AND (k <= 3009856))

table 5 : explain SELECT k FROM sbtest5 WHERE k BETWEEN 3009756 AND 3009856
	Index Only Scan using k_5 on sbtest5  (cost=0.43..10.33 rows=95 width=4)
	  Index Cond: ((k >= 3009756) AND (k <= 3009856))

table 6 : explain SELECT k FROM sbtest6 WHERE k BETWEEN 3009756 AND 3009856
	Index Only Scan using k_6 on sbtest6  (cost=0.43..6.53 rows=105 width=4)
	  Index Cond: ((k >= 3009756) AND (k <= 3009856))

table 7 : explain SELECT k FROM sbtest7 WHERE k BETWEEN 3009756 AND 3009856
	Index Only Scan using k_7 on sbtest7  (cost=0.43..6.37 rows=97 width=4)
	  Index Cond: ((k >= 3009756) AND (k <= 3009856))

table 8 : explain SELECT k FROM sbtest8 WHERE k BETWEEN 3009756 AND 3009856
	Index Only Scan using k_8 on sbtest8  (cost=0.43..6.51 rows=104 width=4)
	  Index Cond: ((k >= 3009756) AND (k <= 3009856))

for range-covered
table 1 : explain SELECT k FROM sbtest1 WHERE k BETWEEN 7123078 AND 7123178
	Index Only Scan using k_1 on sbtest1  (cost=0.43..10.58 rows=107 width=4)
	  Index Cond: ((k >= 7123078) AND (k <= 7123178))

table 2 : explain SELECT k FROM sbtest2 WHERE k BETWEEN 7123078 AND 7123178
	Index Only Scan using k_2 on sbtest2  (cost=0.43..6.40 rows=98 width=4)
	  Index Cond: ((k >= 7123078) AND (k <= 7123178))

table 3 : explain SELECT k FROM sbtest3 WHERE k BETWEEN 7123078 AND 7123178
	Index Only Scan using k_3 on sbtest3  (cost=0.43..6.37 rows=97 width=4)
	  Index Cond: ((k >= 7123078) AND (k <= 7123178))

table 4 : explain SELECT k FROM sbtest4 WHERE k BETWEEN 7123078 AND 7123178
	Index Only Scan using k_4 on sbtest4  (cost=0.43..10.47 rows=102 width=4)
	  Index Cond: ((k >= 7123078) AND (k <= 7123178))

table 5 : explain SELECT k FROM sbtest5 WHERE k BETWEEN 7123078 AND 7123178
	Index Only Scan using k_5 on sbtest5  (cost=0.43..10.33 rows=95 width=4)
	  Index Cond: ((k >= 7123078) AND (k <= 7123178))

table 6 : explain SELECT k FROM sbtest6 WHERE k BETWEEN 7123078 AND 7123178
	Index Only Scan using k_6 on sbtest6  (cost=0.43..6.45 rows=101 width=4)
	  Index Cond: ((k >= 7123078) AND (k <= 7123178))

table 7 : explain SELECT k FROM sbtest7 WHERE k BETWEEN 7123078 AND 7123178
	Index Only Scan using k_7 on sbtest7  (cost=0.43..6.47 rows=102 width=4)
	  Index Cond: ((k >= 7123078) AND (k <= 7123178))

table 8 : explain SELECT k FROM sbtest8 WHERE k BETWEEN 7123078 AND 7123178
	Index Only Scan using k_8 on sbtest8  (cost=0.43..6.50 rows=103 width=4)
	  Index Cond: ((k >= 7123078) AND (k <= 7123178))

explain: for range-covered :: explain SELECT k FROM sbtest%d WHERE k BETWEEN 7123078 AND 7123178
for range-covered
table 1 : explain SELECT k FROM sbtest1 WHERE k BETWEEN 8583532 AND 8583632
	Index Only Scan using k_1 on sbtest1  (cost=0.43..10.47 rows=102 width=4)
	  Index Cond: ((k >= 8583532) AND (k <= 8583632))

table 2 : explain SELECT k FROM sbtest2 WHERE k BETWEEN 8583532 AND 8583632
	Index Only Scan using k_2 on sbtest2  (cost=0.43..6.43 rows=100 width=4)
	  Index Cond: ((k >= 8583532) AND (k <= 8583632))

table 3 : explain SELECT k FROM sbtest3 WHERE k BETWEEN 8583532 AND 8583632
	Index Only Scan using k_3 on sbtest3  (cost=0.43..6.51 rows=104 width=4)
	  Index Cond: ((k >= 8583532) AND (k <= 8583632))

table 4 : explain SELECT k FROM sbtest4 WHERE k BETWEEN 8583532 AND 8583632
	Index Only Scan using k_4 on sbtest4  (cost=0.43..10.29 rows=93 width=4)
	  Index Cond: ((k >= 8583532) AND (k <= 8583632))

table 5 : explain SELECT k FROM sbtest5 WHERE k BETWEEN 8583532 AND 8583632
	Index Only Scan using k_5 on sbtest5  (cost=0.43..10.36 rows=96 width=4)
	  Index Cond: ((k >= 8583532) AND (k <= 8583632))

table 6 : explain SELECT k FROM sbtest6 WHERE k BETWEEN 8583532 AND 8583632
	Index Only Scan using k_6 on sbtest6  (cost=0.43..6.27 rows=92 width=4)
	  Index Cond: ((k >= 8583532) AND (k <= 8583632))

table 7 : explain SELECT k FROM sbtest7 WHERE k BETWEEN 8583532 AND 8583632
	Index Only Scan using k_7 on sbtest7  (cost=0.43..6.50 rows=103 width=4)
	  Index Cond: ((k >= 8583532) AND (k <= 8583632))

table 8 : explain SELECT k FROM sbtest8 WHERE k BETWEEN 8583532 AND 8583632
	Index Only Scan using k_8 on sbtest8  (cost=0.43..6.53 rows=105 width=4)
	  Index Cond: ((k >= 8583532) AND (k <= 8583632))

explain: for range-covered :: explain SELECT k FROM sbtest%d WHERE k BETWEEN 8583532 AND 8583632
for range-covered
table 1 : explain SELECT k FROM sbtest1 WHERE k BETWEEN 7581563 AND 7581663
	Index Only Scan using k_1 on sbtest1  (cost=0.43..10.62 rows=109 width=4)
	  Index Cond: ((k >= 7581563) AND (k <= 7581663))

table 2 : explain SELECT k FROM sbtest2 WHERE k BETWEEN 7581563 AND 7581663
	Index Only Scan using k_2 on sbtest2  (cost=0.43..6.42 rows=99 width=4)
	  Index Cond: ((k >= 7581563) AND (k <= 7581663))

table 3 : explain SELECT k FROM sbtest3 WHERE k BETWEEN 7581563 AND 7581663
	Index Only Scan using k_3 on sbtest3  (cost=0.43..6.37 rows=97 width=4)
	  Index Cond: ((k >= 7581563) AND (k <= 7581663))

table 4 : explain SELECT k FROM sbtest4 WHERE k BETWEEN 7581563 AND 7581663
	Index Only Scan using k_4 on sbtest4  (cost=0.43..10.44 rows=100 width=4)
	  Index Cond: ((k >= 7581563) AND (k <= 7581663))

table 5 : explain SELECT k FROM sbtest5 WHERE k BETWEEN 7581563 AND 7581663
	Index Only Scan using k_5 on sbtest5  (cost=0.43..10.33 rows=95 width=4)
	  Index Cond: ((k >= 7581563) AND (k <= 7581663))

table 6 : explain SELECT k FROM sbtest6 WHERE k BETWEEN 7581563 AND 7581663
	Index Only Scan using k_6 on sbtest6  (cost=0.43..6.47 rows=102 width=4)
	  Index Cond: ((k >= 7581563) AND (k <= 7581663))

table 7 : explain SELECT k FROM sbtest7 WHERE k BETWEEN 7581563 AND 7581663
	Index Only Scan using k_7 on sbtest7  (cost=0.43..6.59 rows=108 width=4)
	  Index Cond: ((k >= 7581563) AND (k <= 7581663))

table 8 : explain SELECT k FROM sbtest8 WHERE k BETWEEN 7581563 AND 7581663
	Index Only Scan using k_8 on sbtest8  (cost=0.43..6.75 rows=116 width=4)
	  Index Cond: ((k >= 7581563) AND (k <= 7581663))

explain: for range-covered :: explain SELECT k FROM sbtest%d WHERE k BETWEEN 2874111 AND 2874211
explain: for range-covered :: explain SELECT k FROM sbtest%d WHERE k BETWEEN 7581563 AND 7581663
for range-covered
table 1 : explain SELECT k FROM sbtest1 WHERE k BETWEEN 5938635 AND 5938735
	Index Only Scan using k_1 on sbtest1  (cost=0.43..10.33 rows=95 width=4)
	  Index Cond: ((k >= 5938635) AND (k <= 5938735))

table 2 : explain SELECT k FROM sbtest2 WHERE k BETWEEN 5938635 AND 5938735
	Index Only Scan using k_2 on sbtest2  (cost=0.43..6.56 rows=106 width=4)
	  Index Cond: ((k >= 5938635) AND (k <= 5938735))

table 3 : explain SELECT k FROM sbtest3 WHERE k BETWEEN 5938635 AND 5938735
	Index Only Scan using k_3 on sbtest3  (cost=0.43..6.75 rows=116 width=4)
	  Index Cond: ((k >= 5938635) AND (k <= 5938735))

table 4 : explain SELECT k FROM sbtest4 WHERE k BETWEEN 5938635 AND 5938735
	Index Only Scan using k_4 on sbtest4  (cost=0.43..10.54 rows=105 width=4)
	  Index Cond: ((k >= 5938635) AND (k <= 5938735))

table 5 : explain SELECT k FROM sbtest5 WHERE k BETWEEN 5938635 AND 5938735
	Index Only Scan using k_5 on sbtest5  (cost=0.43..10.50 rows=103 width=4)
	  Index Cond: ((k >= 5938635) AND (k <= 5938735))

table 6 : explain SELECT k FROM sbtest6 WHERE k BETWEEN 5938635 AND 5938735
	Index Only Scan using k_6 on sbtest6  (cost=0.43..6.42 rows=99 width=4)
	  Index Cond: ((k >= 5938635) AND (k <= 5938735))

table 7 : explain SELECT k FROM sbtest7 WHERE k BETWEEN 5938635 AND 5938735
	Index Only Scan using k_7 on sbtest7  (cost=0.43..6.37 rows=97 width=4)
	  Index Cond: ((k >= 5938635) AND (k <= 5938735))

table 8 : explain SELECT k FROM sbtest8 WHERE k BETWEEN 5938635 AND 5938735
	Index Only Scan using k_8 on sbtest8  (cost=0.43..6.58 rows=107 width=4)
	  Index Cond: ((k >= 5938635) AND (k <= 5938735))

explain: for range-covered :: explain SELECT k FROM sbtest%d WHERE k BETWEEN 6935857 AND 6935957
for range-covered
table 1 : explain SELECT k FROM sbtest1 WHERE k BETWEEN 8583532 AND 8583632
	Index Only Scan using k_1 on sbtest1  (cost=0.43..10.47 rows=102 width=4)
	  Index Cond: ((k >= 8583532) AND (k <= 8583632))

table 2 : explain SELECT k FROM sbtest2 WHERE k BETWEEN 8583532 AND 8583632
	Index Only Scan using k_2 on sbtest2  (cost=0.43..6.43 rows=100 width=4)
	  Index Cond: ((k >= 8583532) AND (k <= 8583632))

table 3 : explain SELECT k FROM sbtest3 WHERE k BETWEEN 8583532 AND 8583632
	Index Only Scan using k_3 on sbtest3  (cost=0.43..6.51 rows=104 width=4)
	  Index Cond: ((k >= 8583532) AND (k <= 8583632))

table 4 : explain SELECT k FROM sbtest4 WHERE k BETWEEN 8583532 AND 8583632
	Index Only Scan using k_4 on sbtest4  (cost=0.43..10.29 rows=93 width=4)
	  Index Cond: ((k >= 8583532) AND (k <= 8583632))

table 5 : explain SELECT k FROM sbtest5 WHERE k BETWEEN 8583532 AND 8583632
	Index Only Scan using k_5 on sbtest5  (cost=0.43..10.36 rows=96 width=4)
	  Index Cond: ((k >= 8583532) AND (k <= 8583632))

table 6 : explain SELECT k FROM sbtest6 WHERE k BETWEEN 8583532 AND 8583632
	Index Only Scan using k_6 on sbtest6  (cost=0.43..6.27 rows=92 width=4)
	  Index Cond: ((k >= 8583532) AND (k <= 8583632))

table 7 : explain SELECT k FROM sbtest7 WHERE k BETWEEN 8583532 AND 8583632
	Index Only Scan using k_7 on sbtest7  (cost=0.43..6.50 rows=103 width=4)
	  Index Cond: ((k >= 8583532) AND (k <= 8583632))

table 8 : explain SELECT k FROM sbtest8 WHERE k BETWEEN 8583532 AND 8583632
	Index Only Scan using k_8 on sbtest8  (cost=0.43..6.53 rows=105 width=4)
	  Index Cond: ((k >= 8583532) AND (k <= 8583632))

explain: for range-covered :: explain SELECT k FROM sbtest%d WHERE k BETWEEN 8583532 AND 8583632
explain: for range-covered :: explain SELECT k FROM sbtest%d WHERE k BETWEEN 5938635 AND 5938735
for range-covered
table 1 : explain SELECT k FROM sbtest1 WHERE k BETWEEN 7123078 AND 7123178
	Index Only Scan using k_1 on sbtest1  (cost=0.43..10.58 rows=107 width=4)
	  Index Cond: ((k >= 7123078) AND (k <= 7123178))

table 2 : explain SELECT k FROM sbtest2 WHERE k BETWEEN 7123078 AND 7123178
	Index Only Scan using k_2 on sbtest2  (cost=0.43..6.40 rows=98 width=4)
	  Index Cond: ((k >= 7123078) AND (k <= 7123178))

table 3 : explain SELECT k FROM sbtest3 WHERE k BETWEEN 7123078 AND 7123178
	Index Only Scan using k_3 on sbtest3  (cost=0.43..6.37 rows=97 width=4)
	  Index Cond: ((k >= 7123078) AND (k <= 7123178))

table 4 : explain SELECT k FROM sbtest4 WHERE k BETWEEN 7123078 AND 7123178
	Index Only Scan using k_4 on sbtest4  (cost=0.43..10.47 rows=102 width=4)
	  Index Cond: ((k >= 7123078) AND (k <= 7123178))

table 5 : explain SELECT k FROM sbtest5 WHERE k BETWEEN 7123078 AND 7123178
	Index Only Scan using k_5 on sbtest5  (cost=0.43..10.33 rows=95 width=4)
	  Index Cond: ((k >= 7123078) AND (k <= 7123178))

table 6 : explain SELECT k FROM sbtest6 WHERE k BETWEEN 7123078 AND 7123178
	Index Only Scan using k_6 on sbtest6  (cost=0.43..6.45 rows=101 width=4)
	  Index Cond: ((k >= 7123078) AND (k <= 7123178))

table 7 : explain SELECT k FROM sbtest7 WHERE k BETWEEN 7123078 AND 7123178
	Index Only Scan using k_7 on sbtest7  (cost=0.43..6.47 rows=102 width=4)
	  Index Cond: ((k >= 7123078) AND (k <= 7123178))

table 8 : explain SELECT k FROM sbtest8 WHERE k BETWEEN 7123078 AND 7123178
	Index Only Scan using k_8 on sbtest8  (cost=0.43..6.50 rows=103 width=4)
	  Index Cond: ((k >= 7123078) AND (k <= 7123178))

for range-covered
table 1 : explain SELECT k FROM sbtest1 WHERE k BETWEEN 8583532 AND 8583632
	Index Only Scan using k_1 on sbtest1  (cost=0.43..10.47 rows=102 width=4)
	  Index Cond: ((k >= 8583532) AND (k <= 8583632))

table 2 : explain SELECT k FROM sbtest2 WHERE k BETWEEN 8583532 AND 8583632
	Index Only Scan using k_2 on sbtest2  (cost=0.43..6.43 rows=100 width=4)
	  Index Cond: ((k >= 8583532) AND (k <= 8583632))

table 3 : explain SELECT k FROM sbtest3 WHERE k BETWEEN 8583532 AND 8583632
	Index Only Scan using k_3 on sbtest3  (cost=0.43..6.51 rows=104 width=4)
	  Index Cond: ((k >= 8583532) AND (k <= 8583632))

table 4 : explain SELECT k FROM sbtest4 WHERE k BETWEEN 8583532 AND 8583632
	Index Only Scan using k_4 on sbtest4  (cost=0.43..10.29 rows=93 width=4)
	  Index Cond: ((k >= 8583532) AND (k <= 8583632))

table 5 : explain SELECT k FROM sbtest5 WHERE k BETWEEN 8583532 AND 8583632
	Index Only Scan using k_5 on sbtest5  (cost=0.43..10.36 rows=96 width=4)
	  Index Cond: ((k >= 8583532) AND (k <= 8583632))

table 6 : explain SELECT k FROM sbtest6 WHERE k BETWEEN 8583532 AND 8583632
	Index Only Scan using k_6 on sbtest6  (cost=0.43..6.27 rows=92 width=4)
	  Index Cond: ((k >= 8583532) AND (k <= 8583632))

table 7 : explain SELECT k FROM sbtest7 WHERE k BETWEEN 8583532 AND 8583632
	Index Only Scan using k_7 on sbtest7  (cost=0.43..6.50 rows=103 width=4)
	  Index Cond: ((k >= 8583532) AND (k <= 8583632))

table 8 : explain SELECT k FROM sbtest8 WHERE k BETWEEN 8583532 AND 8583632
	Index Only Scan using k_8 on sbtest8  (cost=0.43..6.53 rows=105 width=4)
	  Index Cond: ((k >= 8583532) AND (k <= 8583632))

explain: for range-covered :: explain SELECT k FROM sbtest%d WHERE k BETWEEN 7123078 AND 7123178
explain: for range-covered :: explain SELECT k FROM sbtest%d WHERE k BETWEEN 8583532 AND 8583632
explain: for range-covered :: explain SELECT k FROM sbtest%d WHERE k BETWEEN 3171507 AND 3171607
for range-covered
table 1 : explain SELECT k FROM sbtest1 WHERE k BETWEEN 5938635 AND 5938735
	Index Only Scan using k_1 on sbtest1  (cost=0.43..10.33 rows=95 width=4)
	  Index Cond: ((k >= 5938635) AND (k <= 5938735))

table 2 : explain SELECT k FROM sbtest2 WHERE k BETWEEN 5938635 AND 5938735
	Index Only Scan using k_2 on sbtest2  (cost=0.43..6.56 rows=106 width=4)
	  Index Cond: ((k >= 5938635) AND (k <= 5938735))

table 3 : explain SELECT k FROM sbtest3 WHERE k BETWEEN 5938635 AND 5938735
	Index Only Scan using k_3 on sbtest3  (cost=0.43..6.75 rows=116 width=4)
	  Index Cond: ((k >= 5938635) AND (k <= 5938735))

table 4 : explain SELECT k FROM sbtest4 WHERE k BETWEEN 5938635 AND 5938735
	Index Only Scan using k_4 on sbtest4  (cost=0.43..10.54 rows=105 width=4)
	  Index Cond: ((k >= 5938635) AND (k <= 5938735))

table 5 : explain SELECT k FROM sbtest5 WHERE k BETWEEN 5938635 AND 5938735
	Index Only Scan using k_5 on sbtest5  (cost=0.43..10.50 rows=103 width=4)
	  Index Cond: ((k >= 5938635) AND (k <= 5938735))

table 6 : explain SELECT k FROM sbtest6 WHERE k BETWEEN 5938635 AND 5938735
	Index Only Scan using k_6 on sbtest6  (cost=0.43..6.42 rows=99 width=4)
	  Index Cond: ((k >= 5938635) AND (k <= 5938735))

table 7 : explain SELECT k FROM sbtest7 WHERE k BETWEEN 5938635 AND 5938735
	Index Only Scan using k_7 on sbtest7  (cost=0.43..6.37 rows=97 width=4)
	  Index Cond: ((k >= 5938635) AND (k <= 5938735))

table 8 : explain SELECT k FROM sbtest8 WHERE k BETWEEN 5938635 AND 5938735
	Index Only Scan using k_8 on sbtest8  (cost=0.43..6.58 rows=107 width=4)
	  Index Cond: ((k >= 5938635) AND (k <= 5938735))

explain: for range-covered :: explain SELECT k FROM sbtest%d WHERE k BETWEEN 5938635 AND 5938735
for range-covered
table 1 : explain SELECT k FROM sbtest1 WHERE k BETWEEN 7123078 AND 7123178
	Index Only Scan using k_1 on sbtest1  (cost=0.43..10.58 rows=107 width=4)
	  Index Cond: ((k >= 7123078) AND (k <= 7123178))

table 2 : explain SELECT k FROM sbtest2 WHERE k BETWEEN 7123078 AND 7123178
	Index Only Scan using k_2 on sbtest2  (cost=0.43..6.40 rows=98 width=4)
	  Index Cond: ((k >= 7123078) AND (k <= 7123178))

table 3 : explain SELECT k FROM sbtest3 WHERE k BETWEEN 7123078 AND 7123178
	Index Only Scan using k_3 on sbtest3  (cost=0.43..6.37 rows=97 width=4)
	  Index Cond: ((k >= 7123078) AND (k <= 7123178))

table 4 : explain SELECT k FROM sbtest4 WHERE k BETWEEN 7123078 AND 7123178
	Index Only Scan using k_4 on sbtest4  (cost=0.43..10.47 rows=102 width=4)
	  Index Cond: ((k >= 7123078) AND (k <= 7123178))

table 5 : explain SELECT k FROM sbtest5 WHERE k BETWEEN 7123078 AND 7123178
	Index Only Scan using k_5 on sbtest5  (cost=0.43..10.33 rows=95 width=4)
	  Index Cond: ((k >= 7123078) AND (k <= 7123178))

table 6 : explain SELECT k FROM sbtest6 WHERE k BETWEEN 7123078 AND 7123178
	Index Only Scan using k_6 on sbtest6  (cost=0.43..6.45 rows=101 width=4)
	  Index Cond: ((k >= 7123078) AND (k <= 7123178))

table 7 : explain SELECT k FROM sbtest7 WHERE k BETWEEN 7123078 AND 7123178
	Index Only Scan using k_7 on sbtest7  (cost=0.43..6.47 rows=102 width=4)
	  Index Cond: ((k >= 7123078) AND (k <= 7123178))

table 8 : explain SELECT k FROM sbtest8 WHERE k BETWEEN 7123078 AND 7123178
	Index Only Scan using k_8 on sbtest8  (cost=0.43..6.50 rows=103 width=4)
	  Index Cond: ((k >= 7123078) AND (k <= 7123178))

explain: for range-covered :: explain SELECT k FROM sbtest%d WHERE k BETWEEN 7123078 AND 7123178
for range-covered
table 1 : explain SELECT k FROM sbtest1 WHERE k BETWEEN 8583532 AND 8583632
	Index Only Scan using k_1 on sbtest1  (cost=0.43..10.47 rows=102 width=4)
	  Index Cond: ((k >= 8583532) AND (k <= 8583632))

table 2 : explain SELECT k FROM sbtest2 WHERE k BETWEEN 8583532 AND 8583632
	Index Only Scan using k_2 on sbtest2  (cost=0.43..6.43 rows=100 width=4)
	  Index Cond: ((k >= 8583532) AND (k <= 8583632))

table 3 : explain SELECT k FROM sbtest3 WHERE k BETWEEN 8583532 AND 8583632
	Index Only Scan using k_3 on sbtest3  (cost=0.43..6.51 rows=104 width=4)
	  Index Cond: ((k >= 8583532) AND (k <= 8583632))

table 4 : explain SELECT k FROM sbtest4 WHERE k BETWEEN 8583532 AND 8583632
	Index Only Scan using k_4 on sbtest4  (cost=0.43..10.29 rows=93 width=4)
	  Index Cond: ((k >= 8583532) AND (k <= 8583632))

table 5 : explain SELECT k FROM sbtest5 WHERE k BETWEEN 8583532 AND 8583632
	Index Only Scan using k_5 on sbtest5  (cost=0.43..10.36 rows=96 width=4)
	  Index Cond: ((k >= 8583532) AND (k <= 8583632))

table 6 : explain SELECT k FROM sbtest6 WHERE k BETWEEN 8583532 AND 8583632
	Index Only Scan using k_6 on sbtest6  (cost=0.43..6.27 rows=92 width=4)
	  Index Cond: ((k >= 8583532) AND (k <= 8583632))

table 7 : explain SELECT k FROM sbtest7 WHERE k BETWEEN 8583532 AND 8583632
	Index Only Scan using k_7 on sbtest7  (cost=0.43..6.50 rows=103 width=4)
	  Index Cond: ((k >= 8583532) AND (k <= 8583632))

table 8 : explain SELECT k FROM sbtest8 WHERE k BETWEEN 8583532 AND 8583632
	Index Only Scan using k_8 on sbtest8  (cost=0.43..6.53 rows=105 width=4)
	  Index Cond: ((k >= 8583532) AND (k <= 8583632))

explain: for range-covered :: explain SELECT k FROM sbtest%d WHERE k BETWEEN 8583532 AND 8583632
for range-covered
table 1 : explain SELECT k FROM sbtest1 WHERE k BETWEEN 5419108 AND 5419208
	Index Only Scan using k_1 on sbtest1  (cost=0.43..10.44 rows=100 width=4)
	  Index Cond: ((k >= 5419108) AND (k <= 5419208))

table 2 : explain SELECT k FROM sbtest2 WHERE k BETWEEN 5419108 AND 5419208
	Index Only Scan using k_2 on sbtest2  (cost=0.43..6.42 rows=99 width=4)
	  Index Cond: ((k >= 5419108) AND (k <= 5419208))

table 3 : explain SELECT k FROM sbtest3 WHERE k BETWEEN 5419108 AND 5419208
	Index Only Scan using k_3 on sbtest3  (cost=0.43..6.29 rows=93 width=4)
	  Index Cond: ((k >= 5419108) AND (k <= 5419208))

table 4 : explain SELECT k FROM sbtest4 WHERE k BETWEEN 5419108 AND 5419208
	Index Only Scan using k_4 on sbtest4  (cost=0.43..10.68 rows=112 width=4)
	  Index Cond: ((k >= 5419108) AND (k <= 5419208))

table 5 : explain SELECT k FROM sbtest5 WHERE k BETWEEN 5419108 AND 5419208
	Index Only Scan using k_5 on sbtest5  (cost=0.43..10.40 rows=98 width=4)
	  Index Cond: ((k >= 5419108) AND (k <= 5419208))

table 6 : explain SELECT k FROM sbtest6 WHERE k BETWEEN 5419108 AND 5419208
	Index Only Scan using k_6 on sbtest6  (cost=0.43..6.53 rows=105 width=4)
	  Index Cond: ((k >= 5419108) AND (k <= 5419208))

table 7 : explain SELECT k FROM sbtest7 WHERE k BETWEEN 5419108 AND 5419208
	Index Only Scan using k_7 on sbtest7  (cost=0.43..6.37 rows=97 width=4)
	  Index Cond: ((k >= 5419108) AND (k <= 5419208))

table 8 : explain SELECT k FROM sbtest8 WHERE k BETWEEN 5419108 AND 5419208
	Index Only Scan using k_8 on sbtest8  (cost=0.43..6.40 rows=98 width=4)
	  Index Cond: ((k >= 5419108) AND (k <= 5419208))

explain: for range-covered :: explain SELECT k FROM sbtest%d WHERE k BETWEEN 5419108 AND 5419208
explain: for range-covered :: explain SELECT k FROM sbtest%d WHERE k BETWEEN 7681463 AND 7681563
for range-covered
table 1 : explain SELECT k FROM sbtest1 WHERE k BETWEEN 1868229 AND 1868329
	Index Only Scan using k_1 on sbtest1  (cost=0.43..10.50 rows=103 width=4)
	  Index Cond: ((k >= 1868229) AND (k <= 1868329))

table 2 : explain SELECT k FROM sbtest2 WHERE k BETWEEN 1868229 AND 1868329
	Index Only Scan using k_2 on sbtest2  (cost=0.43..6.51 rows=104 width=4)
	  Index Cond: ((k >= 1868229) AND (k <= 1868329))

table 3 : explain SELECT k FROM sbtest3 WHERE k BETWEEN 1868229 AND 1868329
	Index Only Scan using k_3 on sbtest3  (cost=0.43..6.77 rows=117 width=4)
	  Index Cond: ((k >= 1868229) AND (k <= 1868329))

table 4 : explain SELECT k FROM sbtest4 WHERE k BETWEEN 1868229 AND 1868329
	Index Only Scan using k_4 on sbtest4  (cost=0.43..10.32 rows=94 width=4)
	  Index Cond: ((k >= 1868229) AND (k <= 1868329))

table 5 : explain SELECT k FROM sbtest5 WHERE k BETWEEN 1868229 AND 1868329
	Index Only Scan using k_5 on sbtest5  (cost=0.43..10.51 rows=104 width=4)
	  Index Cond: ((k >= 1868229) AND (k <= 1868329))

table 6 : explain SELECT k FROM sbtest6 WHERE k BETWEEN 1868229 AND 1868329
	Index Only Scan using k_6 on sbtest6  (cost=0.43..6.63 rows=110 width=4)
	  Index Cond: ((k >= 1868229) AND (k <= 1868329))

table 7 : explain SELECT k FROM sbtest7 WHERE k BETWEEN 1868229 AND 1868329
	Index Only Scan using k_7 on sbtest7  (cost=0.43..6.37 rows=97 width=4)
	  Index Cond: ((k >= 1868229) AND (k <= 1868329))

table 8 : explain SELECT k FROM sbtest8 WHERE k BETWEEN 1868229 AND 1868329
	Index Only Scan using k_8 on sbtest8  (cost=0.43..6.27 rows=92 width=4)
	  Index Cond: ((k >= 1868229) AND (k <= 1868329))

for range-covered
table 1 : explain SELECT k FROM sbtest1 WHERE k BETWEEN 7581563 AND 7581663
	Index Only Scan using k_1 on sbtest1  (cost=0.43..10.62 rows=109 width=4)
	  Index Cond: ((k >= 7581563) AND (k <= 7581663))

table 2 : explain SELECT k FROM sbtest2 WHERE k BETWEEN 7581563 AND 7581663
	Index Only Scan using k_2 on sbtest2  (cost=0.43..6.42 rows=99 width=4)
	  Index Cond: ((k >= 7581563) AND (k <= 7581663))

table 3 : explain SELECT k FROM sbtest3 WHERE k BETWEEN 7581563 AND 7581663
	Index Only Scan using k_3 on sbtest3  (cost=0.43..6.37 rows=97 width=4)
	  Index Cond: ((k >= 7581563) AND (k <= 7581663))

table 4 : explain SELECT k FROM sbtest4 WHERE k BETWEEN 7581563 AND 7581663
	Index Only Scan using k_4 on sbtest4  (cost=0.43..10.44 rows=100 width=4)
	  Index Cond: ((k >= 7581563) AND (k <= 7581663))

table 5 : explain SELECT k FROM sbtest5 WHERE k BETWEEN 7581563 AND 7581663
	Index Only Scan using k_5 on sbtest5  (cost=0.43..10.33 rows=95 width=4)
	  Index Cond: ((k >= 7581563) AND (k <= 7581663))

table 6 : explain SELECT k FROM sbtest6 WHERE k BETWEEN 7581563 AND 7581663
	Index Only Scan using k_6 on sbtest6  (cost=0.43..6.47 rows=102 width=4)
	  Index Cond: ((k >= 7581563) AND (k <= 7581663))

table 7 : explain SELECT k FROM sbtest7 WHERE k BETWEEN 7581563 AND 7581663
	Index Only Scan using k_7 on sbtest7  (cost=0.43..6.59 rows=108 width=4)
	  Index Cond: ((k >= 7581563) AND (k <= 7581663))

table 8 : explain SELECT k FROM sbtest8 WHERE k BETWEEN 7581563 AND 7581663
	Index Only Scan using k_8 on sbtest8  (cost=0.43..6.75 rows=116 width=4)
	  Index Cond: ((k >= 7581563) AND (k <= 7581663))

for range-covered
table 1 : explain SELECT k FROM sbtest1 WHERE k BETWEEN 8583532 AND 8583632
	Index Only Scan using k_1 on sbtest1  (cost=0.43..10.47 rows=102 width=4)
	  Index Cond: ((k >= 8583532) AND (k <= 8583632))

table 2 : explain SELECT k FROM sbtest2 WHERE k BETWEEN 8583532 AND 8583632
	Index Only Scan using k_2 on sbtest2  (cost=0.43..6.43 rows=100 width=4)
	  Index Cond: ((k >= 8583532) AND (k <= 8583632))

table 3 : explain SELECT k FROM sbtest3 WHERE k BETWEEN 8583532 AND 8583632
	Index Only Scan using k_3 on sbtest3  (cost=0.43..6.51 rows=104 width=4)
	  Index Cond: ((k >= 8583532) AND (k <= 8583632))

table 4 : explain SELECT k FROM sbtest4 WHERE k BETWEEN 8583532 AND 8583632
	Index Only Scan using k_4 on sbtest4  (cost=0.43..10.29 rows=93 width=4)
	  Index Cond: ((k >= 8583532) AND (k <= 8583632))

table 5 : explain SELECT k FROM sbtest5 WHERE k BETWEEN 8583532 AND 8583632
	Index Only Scan using k_5 on sbtest5  (cost=0.43..10.36 rows=96 width=4)
	  Index Cond: ((k >= 8583532) AND (k <= 8583632))

table 6 : explain SELECT k FROM sbtest6 WHERE k BETWEEN 8583532 AND 8583632
	Index Only Scan using k_6 on sbtest6  (cost=0.43..6.27 rows=92 width=4)
	  Index Cond: ((k >= 8583532) AND (k <= 8583632))

table 7 : explain SELECT k FROM sbtest7 WHERE k BETWEEN 8583532 AND 8583632
	Index Only Scan using k_7 on sbtest7  (cost=0.43..6.50 rows=103 width=4)
	  Index Cond: ((k >= 8583532) AND (k <= 8583632))

table 8 : explain SELECT k FROM sbtest8 WHERE k BETWEEN 8583532 AND 8583632
	Index Only Scan using k_8 on sbtest8  (cost=0.43..6.53 rows=105 width=4)
	  Index Cond: ((k >= 8583532) AND (k <= 8583632))

explain: for range-covered :: explain SELECT k FROM sbtest%d WHERE k BETWEEN 7581563 AND 7581663
explain: for range-covered :: explain SELECT k FROM sbtest%d WHERE k BETWEEN 8583532 AND 8583632
for range-covered
table 1 : explain SELECT k FROM sbtest1 WHERE k BETWEEN 5419108 AND 5419208
	Index Only Scan using k_1 on sbtest1  (cost=0.43..10.44 rows=100 width=4)
	  Index Cond: ((k >= 5419108) AND (k <= 5419208))

table 2 : explain SELECT k FROM sbtest2 WHERE k BETWEEN 5419108 AND 5419208
	Index Only Scan using k_2 on sbtest2  (cost=0.43..6.42 rows=99 width=4)
	  Index Cond: ((k >= 5419108) AND (k <= 5419208))

table 3 : explain SELECT k FROM sbtest3 WHERE k BETWEEN 5419108 AND 5419208
	Index Only Scan using k_3 on sbtest3  (cost=0.43..6.29 rows=93 width=4)
	  Index Cond: ((k >= 5419108) AND (k <= 5419208))

table 4 : explain SELECT k FROM sbtest4 WHERE k BETWEEN 5419108 AND 5419208
	Index Only Scan using k_4 on sbtest4  (cost=0.43..10.68 rows=112 width=4)
	  Index Cond: ((k >= 5419108) AND (k <= 5419208))

table 5 : explain SELECT k FROM sbtest5 WHERE k BETWEEN 5419108 AND 5419208
	Index Only Scan using k_5 on sbtest5  (cost=0.43..10.40 rows=98 width=4)
	  Index Cond: ((k >= 5419108) AND (k <= 5419208))

table 6 : explain SELECT k FROM sbtest6 WHERE k BETWEEN 5419108 AND 5419208
	Index Only Scan using k_6 on sbtest6  (cost=0.43..6.53 rows=105 width=4)
	  Index Cond: ((k >= 5419108) AND (k <= 5419208))

table 7 : explain SELECT k FROM sbtest7 WHERE k BETWEEN 5419108 AND 5419208
	Index Only Scan using k_7 on sbtest7  (cost=0.43..6.37 rows=97 width=4)
	  Index Cond: ((k >= 5419108) AND (k <= 5419208))

table 8 : explain SELECT k FROM sbtest8 WHERE k BETWEEN 5419108 AND 5419208
	Index Only Scan using k_8 on sbtest8  (cost=0.43..6.40 rows=98 width=4)
	  Index Cond: ((k >= 5419108) AND (k <= 5419208))

explain: for range-covered :: explain SELECT k FROM sbtest%d WHERE k BETWEEN 1868229 AND 1868329
explain: for range-covered :: explain SELECT k FROM sbtest%d WHERE k BETWEEN 5419108 AND 5419208
for range-covered
table 1 : explain SELECT k FROM sbtest1 WHERE k BETWEEN 5938635 AND 5938735
	Index Only Scan using k_1 on sbtest1  (cost=0.43..10.33 rows=95 width=4)
	  Index Cond: ((k >= 5938635) AND (k <= 5938735))

table 2 : explain SELECT k FROM sbtest2 WHERE k BETWEEN 5938635 AND 5938735
	Index Only Scan using k_2 on sbtest2  (cost=0.43..6.56 rows=106 width=4)
	  Index Cond: ((k >= 5938635) AND (k <= 5938735))

table 3 : explain SELECT k FROM sbtest3 WHERE k BETWEEN 5938635 AND 5938735
	Index Only Scan using k_3 on sbtest3  (cost=0.43..6.75 rows=116 width=4)
	  Index Cond: ((k >= 5938635) AND (k <= 5938735))

table 4 : explain SELECT k FROM sbtest4 WHERE k BETWEEN 5938635 AND 5938735
	Index Only Scan using k_4 on sbtest4  (cost=0.43..10.54 rows=105 width=4)
	  Index Cond: ((k >= 5938635) AND (k <= 5938735))

table 5 : explain SELECT k FROM sbtest5 WHERE k BETWEEN 5938635 AND 5938735
	Index Only Scan using k_5 on sbtest5  (cost=0.43..10.50 rows=103 width=4)
	  Index Cond: ((k >= 5938635) AND (k <= 5938735))

table 6 : explain SELECT k FROM sbtest6 WHERE k BETWEEN 5938635 AND 5938735
	Index Only Scan using k_6 on sbtest6  (cost=0.43..6.42 rows=99 width=4)
	  Index Cond: ((k >= 5938635) AND (k <= 5938735))

table 7 : explain SELECT k FROM sbtest7 WHERE k BETWEEN 5938635 AND 5938735
	Index Only Scan using k_7 on sbtest7  (cost=0.43..6.37 rows=97 width=4)
	  Index Cond: ((k >= 5938635) AND (k <= 5938735))

table 8 : explain SELECT k FROM sbtest8 WHERE k BETWEEN 5938635 AND 5938735
	Index Only Scan using k_8 on sbtest8  (cost=0.43..6.58 rows=107 width=4)
	  Index Cond: ((k >= 5938635) AND (k <= 5938735))

explain: for range-covered :: explain SELECT k FROM sbtest%d WHERE k BETWEEN 5938635 AND 5938735
for range-covered
table 1 : explain SELECT k FROM sbtest1 WHERE k BETWEEN 7581563 AND 7581663
	Index Only Scan using k_1 on sbtest1  (cost=0.43..10.62 rows=109 width=4)
	  Index Cond: ((k >= 7581563) AND (k <= 7581663))

table 2 : explain SELECT k FROM sbtest2 WHERE k BETWEEN 7581563 AND 7581663
	Index Only Scan using k_2 on sbtest2  (cost=0.43..6.42 rows=99 width=4)
	  Index Cond: ((k >= 7581563) AND (k <= 7581663))

table 3 : explain SELECT k FROM sbtest3 WHERE k BETWEEN 7581563 AND 7581663
	Index Only Scan using k_3 on sbtest3  (cost=0.43..6.37 rows=97 width=4)
	  Index Cond: ((k >= 7581563) AND (k <= 7581663))

table 4 : explain SELECT k FROM sbtest4 WHERE k BETWEEN 7581563 AND 7581663
	Index Only Scan using k_4 on sbtest4  (cost=0.43..10.44 rows=100 width=4)
	  Index Cond: ((k >= 7581563) AND (k <= 7581663))

table 5 : explain SELECT k FROM sbtest5 WHERE k BETWEEN 7581563 AND 7581663
	Index Only Scan using k_5 on sbtest5  (cost=0.43..10.33 rows=95 width=4)
	  Index Cond: ((k >= 7581563) AND (k <= 7581663))

table 6 : explain SELECT k FROM sbtest6 WHERE k BETWEEN 7581563 AND 7581663
	Index Only Scan using k_6 on sbtest6  (cost=0.43..6.47 rows=102 width=4)
	  Index Cond: ((k >= 7581563) AND (k <= 7581663))

table 7 : explain SELECT k FROM sbtest7 WHERE k BETWEEN 7581563 AND 7581663
	Index Only Scan using k_7 on sbtest7  (cost=0.43..6.59 rows=108 width=4)
	  Index Cond: ((k >= 7581563) AND (k <= 7581663))

table 8 : explain SELECT k FROM sbtest8 WHERE k BETWEEN 7581563 AND 7581663
	Index Only Scan using k_8 on sbtest8  (cost=0.43..6.75 rows=116 width=4)
	  Index Cond: ((k >= 7581563) AND (k <= 7581663))

explain: for range-covered :: explain SELECT k FROM sbtest%d WHERE k BETWEEN 7581563 AND 7581663
for range-covered
table 1 : explain SELECT k FROM sbtest1 WHERE k BETWEEN 8583532 AND 8583632
	Index Only Scan using k_1 on sbtest1  (cost=0.43..10.47 rows=102 width=4)
	  Index Cond: ((k >= 8583532) AND (k <= 8583632))

table 2 : explain SELECT k FROM sbtest2 WHERE k BETWEEN 8583532 AND 8583632
	Index Only Scan using k_2 on sbtest2  (cost=0.43..6.43 rows=100 width=4)
	  Index Cond: ((k >= 8583532) AND (k <= 8583632))

table 3 : explain SELECT k FROM sbtest3 WHERE k BETWEEN 8583532 AND 8583632
	Index Only Scan using k_3 on sbtest3  (cost=0.43..6.51 rows=104 width=4)
	  Index Cond: ((k >= 8583532) AND (k <= 8583632))

table 4 : explain SELECT k FROM sbtest4 WHERE k BETWEEN 8583532 AND 8583632
	Index Only Scan using k_4 on sbtest4  (cost=0.43..10.29 rows=93 width=4)
	  Index Cond: ((k >= 8583532) AND (k <= 8583632))

table 5 : explain SELECT k FROM sbtest5 WHERE k BETWEEN 8583532 AND 8583632
	Index Only Scan using k_5 on sbtest5  (cost=0.43..10.36 rows=96 width=4)
	  Index Cond: ((k >= 8583532) AND (k <= 8583632))

table 6 : explain SELECT k FROM sbtest6 WHERE k BETWEEN 8583532 AND 8583632
	Index Only Scan using k_6 on sbtest6  (cost=0.43..6.27 rows=92 width=4)
	  Index Cond: ((k >= 8583532) AND (k <= 8583632))

table 7 : explain SELECT k FROM sbtest7 WHERE k BETWEEN 8583532 AND 8583632
	Index Only Scan using k_7 on sbtest7  (cost=0.43..6.50 rows=103 width=4)
	  Index Cond: ((k >= 8583532) AND (k <= 8583632))

table 8 : explain SELECT k FROM sbtest8 WHERE k BETWEEN 8583532 AND 8583632
	Index Only Scan using k_8 on sbtest8  (cost=0.43..6.53 rows=105 width=4)
	  Index Cond: ((k >= 8583532) AND (k <= 8583632))

for range-covered
table 1 : explain SELECT k FROM sbtest1 WHERE k BETWEEN 5419108 AND 5419208
	Index Only Scan using k_1 on sbtest1  (cost=0.43..10.44 rows=100 width=4)
	  Index Cond: ((k >= 5419108) AND (k <= 5419208))

table 2 : explain SELECT k FROM sbtest2 WHERE k BETWEEN 5419108 AND 5419208
	Index Only Scan using k_2 on sbtest2  (cost=0.43..6.42 rows=99 width=4)
	  Index Cond: ((k >= 5419108) AND (k <= 5419208))

table 3 : explain SELECT k FROM sbtest3 WHERE k BETWEEN 5419108 AND 5419208
	Index Only Scan using k_3 on sbtest3  (cost=0.43..6.29 rows=93 width=4)
	  Index Cond: ((k >= 5419108) AND (k <= 5419208))

table 4 : explain SELECT k FROM sbtest4 WHERE k BETWEEN 5419108 AND 5419208
	Index Only Scan using k_4 on sbtest4  (cost=0.43..10.68 rows=112 width=4)
	  Index Cond: ((k >= 5419108) AND (k <= 5419208))

table 5 : explain SELECT k FROM sbtest5 WHERE k BETWEEN 5419108 AND 5419208
	Index Only Scan using k_5 on sbtest5  (cost=0.43..10.40 rows=98 width=4)
	  Index Cond: ((k >= 5419108) AND (k <= 5419208))

table 6 : explain SELECT k FROM sbtest6 WHERE k BETWEEN 5419108 AND 5419208
	Index Only Scan using k_6 on sbtest6  (cost=0.43..6.53 rows=105 width=4)
	  Index Cond: ((k >= 5419108) AND (k <= 5419208))

table 7 : explain SELECT k FROM sbtest7 WHERE k BETWEEN 5419108 AND 5419208
	Index Only Scan using k_7 on sbtest7  (cost=0.43..6.37 rows=97 width=4)
	  Index Cond: ((k >= 5419108) AND (k <= 5419208))

table 8 : explain SELECT k FROM sbtest8 WHERE k BETWEEN 5419108 AND 5419208
	Index Only Scan using k_8 on sbtest8  (cost=0.43..6.40 rows=98 width=4)
	  Index Cond: ((k >= 5419108) AND (k <= 5419208))

for range-covered
table 1 : explain SELECT k FROM sbtest1 WHERE k BETWEEN 7123078 AND 7123178
	Index Only Scan using k_1 on sbtest1  (cost=0.43..10.58 rows=107 width=4)
	  Index Cond: ((k >= 7123078) AND (k <= 7123178))

table 2 : explain SELECT k FROM sbtest2 WHERE k BETWEEN 7123078 AND 7123178
	Index Only Scan using k_2 on sbtest2  (cost=0.43..6.40 rows=98 width=4)
	  Index Cond: ((k >= 7123078) AND (k <= 7123178))

table 3 : explain SELECT k FROM sbtest3 WHERE k BETWEEN 7123078 AND 7123178
	Index Only Scan using k_3 on sbtest3  (cost=0.43..6.37 rows=97 width=4)
	  Index Cond: ((k >= 7123078) AND (k <= 7123178))

table 4 : explain SELECT k FROM sbtest4 WHERE k BETWEEN 7123078 AND 7123178
	Index Only Scan using k_4 on sbtest4  (cost=0.43..10.47 rows=102 width=4)
	  Index Cond: ((k >= 7123078) AND (k <= 7123178))

table 5 : explain SELECT k FROM sbtest5 WHERE k BETWEEN 7123078 AND 7123178
	Index Only Scan using k_5 on sbtest5  (cost=0.43..10.33 rows=95 width=4)
	  Index Cond: ((k >= 7123078) AND (k <= 7123178))

table 6 : explain SELECT k FROM sbtest6 WHERE k BETWEEN 7123078 AND 7123178
	Index Only Scan using k_6 on sbtest6  (cost=0.43..6.45 rows=101 width=4)
	  Index Cond: ((k >= 7123078) AND (k <= 7123178))

table 7 : explain SELECT k FROM sbtest7 WHERE k BETWEEN 7123078 AND 7123178
	Index Only Scan using k_7 on sbtest7  (cost=0.43..6.47 rows=102 width=4)
	  Index Cond: ((k >= 7123078) AND (k <= 7123178))

table 8 : explain SELECT k FROM sbtest8 WHERE k BETWEEN 7123078 AND 7123178
	Index Only Scan using k_8 on sbtest8  (cost=0.43..6.50 rows=103 width=4)
	  Index Cond: ((k >= 7123078) AND (k <= 7123178))

for range-covered
table 1 : explain SELECT k FROM sbtest1 WHERE k BETWEEN 3171507 AND 3171607
	Index Only Scan using k_1 on sbtest1  (cost=0.43..10.40 rows=98 width=4)
	  Index Cond: ((k >= 3171507) AND (k <= 3171607))

table 2 : explain SELECT k FROM sbtest2 WHERE k BETWEEN 3171507 AND 3171607
	Index Only Scan using k_2 on sbtest2  (cost=0.43..6.42 rows=99 width=4)
	  Index Cond: ((k >= 3171507) AND (k <= 3171607))

table 3 : explain SELECT k FROM sbtest3 WHERE k BETWEEN 3171507 AND 3171607
	Index Only Scan using k_3 on sbtest3  (cost=0.43..6.33 rows=95 width=4)
	  Index Cond: ((k >= 3171507) AND (k <= 3171607))

table 4 : explain SELECT k FROM sbtest4 WHERE k BETWEEN 3171507 AND 3171607
	Index Only Scan using k_4 on sbtest4  (cost=0.43..10.63 rows=110 width=4)
	  Index Cond: ((k >= 3171507) AND (k <= 3171607))

table 5 : explain SELECT k FROM sbtest5 WHERE k BETWEEN 3171507 AND 3171607
	Index Only Scan using k_5 on sbtest5  (cost=0.43..10.54 rows=105 width=4)
	  Index Cond: ((k >= 3171507) AND (k <= 3171607))

table 6 : explain SELECT k FROM sbtest6 WHERE k BETWEEN 3171507 AND 3171607
	Index Only Scan using k_6 on sbtest6  (cost=0.43..6.58 rows=107 width=4)
	  Index Cond: ((k >= 3171507) AND (k <= 3171607))

table 7 : explain SELECT k FROM sbtest7 WHERE k BETWEEN 3171507 AND 3171607
	Index Only Scan using k_7 on sbtest7  (cost=0.43..6.47 rows=102 width=4)
	  Index Cond: ((k >= 3171507) AND (k <= 3171607))

table 8 : explain SELECT k FROM sbtest8 WHERE k BETWEEN 3171507 AND 3171607
	Index Only Scan using k_8 on sbtest8  (cost=0.43..6.58 rows=107 width=4)
	  Index Cond: ((k >= 3171507) AND (k <= 3171607))

explain: for range-covered :: explain SELECT k FROM sbtest%d WHERE k BETWEEN 3171507 AND 3171607
for range-covered
table 1 : explain SELECT k FROM sbtest1 WHERE k BETWEEN 7581563 AND 7581663
	Index Only Scan using k_1 on sbtest1  (cost=0.43..10.62 rows=109 width=4)
	  Index Cond: ((k >= 7581563) AND (k <= 7581663))

table 2 : explain SELECT k FROM sbtest2 WHERE k BETWEEN 7581563 AND 7581663
	Index Only Scan using k_2 on sbtest2  (cost=0.43..6.42 rows=99 width=4)
	  Index Cond: ((k >= 7581563) AND (k <= 7581663))

table 3 : explain SELECT k FROM sbtest3 WHERE k BETWEEN 7581563 AND 7581663
	Index Only Scan using k_3 on sbtest3  (cost=0.43..6.37 rows=97 width=4)
	  Index Cond: ((k >= 7581563) AND (k <= 7581663))

table 4 : explain SELECT k FROM sbtest4 WHERE k BETWEEN 7581563 AND 7581663
	Index Only Scan using k_4 on sbtest4  (cost=0.43..10.44 rows=100 width=4)
	  Index Cond: ((k >= 7581563) AND (k <= 7581663))

table 5 : explain SELECT k FROM sbtest5 WHERE k BETWEEN 7581563 AND 7581663
	Index Only Scan using k_5 on sbtest5  (cost=0.43..10.33 rows=95 width=4)
	  Index Cond: ((k >= 7581563) AND (k <= 7581663))

table 6 : explain SELECT k FROM sbtest6 WHERE k BETWEEN 7581563 AND 7581663
	Index Only Scan using k_6 on sbtest6  (cost=0.43..6.47 rows=102 width=4)
	  Index Cond: ((k >= 7581563) AND (k <= 7581663))

table 7 : explain SELECT k FROM sbtest7 WHERE k BETWEEN 7581563 AND 7581663
	Index Only Scan using k_7 on sbtest7  (cost=0.43..6.59 rows=108 width=4)
	  Index Cond: ((k >= 7581563) AND (k <= 7581663))

table 8 : explain SELECT k FROM sbtest8 WHERE k BETWEEN 7581563 AND 7581663
	Index Only Scan using k_8 on sbtest8  (cost=0.43..6.75 rows=116 width=4)
	  Index Cond: ((k >= 7581563) AND (k <= 7581663))

explain: for range-covered :: explain SELECT k FROM sbtest%d WHERE k BETWEEN 7581563 AND 7581663
for range-covered
table 1 : explain SELECT k FROM sbtest1 WHERE k BETWEEN 1868229 AND 1868329
	Index Only Scan using k_1 on sbtest1  (cost=0.43..10.50 rows=103 width=4)
	  Index Cond: ((k >= 1868229) AND (k <= 1868329))

table 2 : explain SELECT k FROM sbtest2 WHERE k BETWEEN 1868229 AND 1868329
	Index Only Scan using k_2 on sbtest2  (cost=0.43..6.51 rows=104 width=4)
	  Index Cond: ((k >= 1868229) AND (k <= 1868329))

table 3 : explain SELECT k FROM sbtest3 WHERE k BETWEEN 1868229 AND 1868329
	Index Only Scan using k_3 on sbtest3  (cost=0.43..6.77 rows=117 width=4)
	  Index Cond: ((k >= 1868229) AND (k <= 1868329))

table 4 : explain SELECT k FROM sbtest4 WHERE k BETWEEN 1868229 AND 1868329
	Index Only Scan using k_4 on sbtest4  (cost=0.43..10.32 rows=94 width=4)
	  Index Cond: ((k >= 1868229) AND (k <= 1868329))

table 5 : explain SELECT k FROM sbtest5 WHERE k BETWEEN 1868229 AND 1868329
	Index Only Scan using k_5 on sbtest5  (cost=0.43..10.51 rows=104 width=4)
	  Index Cond: ((k >= 1868229) AND (k <= 1868329))

table 6 : explain SELECT k FROM sbtest6 WHERE k BETWEEN 1868229 AND 1868329
	Index Only Scan using k_6 on sbtest6  (cost=0.43..6.63 rows=110 width=4)
	  Index Cond: ((k >= 1868229) AND (k <= 1868329))

table 7 : explain SELECT k FROM sbtest7 WHERE k BETWEEN 1868229 AND 1868329
	Index Only Scan using k_7 on sbtest7  (cost=0.43..6.37 rows=97 width=4)
	  Index Cond: ((k >= 1868229) AND (k <= 1868329))

table 8 : explain SELECT k FROM sbtest8 WHERE k BETWEEN 1868229 AND 1868329
	Index Only Scan using k_8 on sbtest8  (cost=0.43..6.27 rows=92 width=4)
	  Index Cond: ((k >= 1868229) AND (k <= 1868329))

explain: for range-covered :: explain SELECT k FROM sbtest%d WHERE k BETWEEN 1868229 AND 1868329
for range-covered
table 1 : explain SELECT k FROM sbtest1 WHERE k BETWEEN 5938635 AND 5938735
	Index Only Scan using k_1 on sbtest1  (cost=0.43..10.33 rows=95 width=4)
	  Index Cond: ((k >= 5938635) AND (k <= 5938735))

table 2 : explain SELECT k FROM sbtest2 WHERE k BETWEEN 5938635 AND 5938735
	Index Only Scan using k_2 on sbtest2  (cost=0.43..6.56 rows=106 width=4)
	  Index Cond: ((k >= 5938635) AND (k <= 5938735))

table 3 : explain SELECT k FROM sbtest3 WHERE k BETWEEN 5938635 AND 5938735
	Index Only Scan using k_3 on sbtest3  (cost=0.43..6.75 rows=116 width=4)
	  Index Cond: ((k >= 5938635) AND (k <= 5938735))

table 4 : explain SELECT k FROM sbtest4 WHERE k BETWEEN 5938635 AND 5938735
	Index Only Scan using k_4 on sbtest4  (cost=0.43..10.54 rows=105 width=4)
	  Index Cond: ((k >= 5938635) AND (k <= 5938735))

table 5 : explain SELECT k FROM sbtest5 WHERE k BETWEEN 5938635 AND 5938735
	Index Only Scan using k_5 on sbtest5  (cost=0.43..10.50 rows=103 width=4)
	  Index Cond: ((k >= 5938635) AND (k <= 5938735))

table 6 : explain SELECT k FROM sbtest6 WHERE k BETWEEN 5938635 AND 5938735
	Index Only Scan using k_6 on sbtest6  (cost=0.43..6.42 rows=99 width=4)
	  Index Cond: ((k >= 5938635) AND (k <= 5938735))

table 7 : explain SELECT k FROM sbtest7 WHERE k BETWEEN 5938635 AND 5938735
	Index Only Scan using k_7 on sbtest7  (cost=0.43..6.37 rows=97 width=4)
	  Index Cond: ((k >= 5938635) AND (k <= 5938735))

table 8 : explain SELECT k FROM sbtest8 WHERE k BETWEEN 5938635 AND 5938735
	Index Only Scan using k_8 on sbtest8  (cost=0.43..6.58 rows=107 width=4)
	  Index Cond: ((k >= 5938635) AND (k <= 5938735))

explain: for range-covered :: explain SELECT k FROM sbtest%d WHERE k BETWEEN 5419108 AND 5419208
for range-covered
table 1 : explain SELECT k FROM sbtest1 WHERE k BETWEEN 6935857 AND 6935957
	Index Only Scan using k_1 on sbtest1  (cost=0.43..10.56 rows=106 width=4)
	  Index Cond: ((k >= 6935857) AND (k <= 6935957))

table 2 : explain SELECT k FROM sbtest2 WHERE k BETWEEN 6935857 AND 6935957
	Index Only Scan using k_2 on sbtest2  (cost=0.43..6.43 rows=100 width=4)
	  Index Cond: ((k >= 6935857) AND (k <= 6935957))

table 3 : explain SELECT k FROM sbtest3 WHERE k BETWEEN 6935857 AND 6935957
	Index Only Scan using k_3 on sbtest3  (cost=0.43..6.67 rows=112 width=4)
	  Index Cond: ((k >= 6935857) AND (k <= 6935957))

table 4 : explain SELECT k FROM sbtest4 WHERE k BETWEEN 6935857 AND 6935957
	Index Only Scan using k_4 on sbtest4  (cost=0.43..10.38 rows=97 width=4)
	  Index Cond: ((k >= 6935857) AND (k <= 6935957))

table 5 : explain SELECT k FROM sbtest5 WHERE k BETWEEN 6935857 AND 6935957
	Index Only Scan using k_5 on sbtest5  (cost=0.43..10.47 rows=102 width=4)
	  Index Cond: ((k >= 6935857) AND (k <= 6935957))

table 6 : explain SELECT k FROM sbtest6 WHERE k BETWEEN 6935857 AND 6935957
	Index Only Scan using k_6 on sbtest6  (cost=0.43..6.61 rows=109 width=4)
	  Index Cond: ((k >= 6935857) AND (k <= 6935957))

table 7 : explain SELECT k FROM sbtest7 WHERE k BETWEEN 6935857 AND 6935957
	Index Only Scan using k_7 on sbtest7  (cost=0.43..6.25 rows=91 width=4)
	  Index Cond: ((k >= 6935857) AND (k <= 6935957))

table 8 : explain SELECT k FROM sbtest8 WHERE k BETWEEN 6935857 AND 6935957
	Index Only Scan using k_8 on sbtest8  (cost=0.43..6.74 rows=115 width=4)
	  Index Cond: ((k >= 6935857) AND (k <= 6935957))

explain: for range-covered :: explain SELECT k FROM sbtest%d WHERE k BETWEEN 3915925 AND 3916025
for range-covered
table 1 : explain SELECT k FROM sbtest1 WHERE k BETWEEN 3171507 AND 3171607
	Index Only Scan using k_1 on sbtest1  (cost=0.43..10.40 rows=98 width=4)
	  Index Cond: ((k >= 3171507) AND (k <= 3171607))

table 2 : explain SELECT k FROM sbtest2 WHERE k BETWEEN 3171507 AND 3171607
	Index Only Scan using k_2 on sbtest2  (cost=0.43..6.42 rows=99 width=4)
	  Index Cond: ((k >= 3171507) AND (k <= 3171607))

table 3 : explain SELECT k FROM sbtest3 WHERE k BETWEEN 3171507 AND 3171607
	Index Only Scan using k_3 on sbtest3  (cost=0.43..6.33 rows=95 width=4)
	  Index Cond: ((k >= 3171507) AND (k <= 3171607))

table 4 : explain SELECT k FROM sbtest4 WHERE k BETWEEN 3171507 AND 3171607
	Index Only Scan using k_4 on sbtest4  (cost=0.43..10.63 rows=110 width=4)
	  Index Cond: ((k >= 3171507) AND (k <= 3171607))

table 5 : explain SELECT k FROM sbtest5 WHERE k BETWEEN 3171507 AND 3171607
	Index Only Scan using k_5 on sbtest5  (cost=0.43..10.54 rows=105 width=4)
	  Index Cond: ((k >= 3171507) AND (k <= 3171607))

table 6 : explain SELECT k FROM sbtest6 WHERE k BETWEEN 3171507 AND 3171607
	Index Only Scan using k_6 on sbtest6  (cost=0.43..6.58 rows=107 width=4)
	  Index Cond: ((k >= 3171507) AND (k <= 3171607))

table 7 : explain SELECT k FROM sbtest7 WHERE k BETWEEN 3171507 AND 3171607
	Index Only Scan using k_7 on sbtest7  (cost=0.43..6.47 rows=102 width=4)
	  Index Cond: ((k >= 3171507) AND (k <= 3171607))

table 8 : explain SELECT k FROM sbtest8 WHERE k BETWEEN 3171507 AND 3171607
	Index Only Scan using k_8 on sbtest8  (cost=0.43..6.58 rows=107 width=4)
	  Index Cond: ((k >= 3171507) AND (k <= 3171607))

explain: for range-covered :: explain SELECT k FROM sbtest%d WHERE k BETWEEN 3171507 AND 3171607
explain: for range-covered :: explain SELECT k FROM sbtest%d WHERE k BETWEEN 5938635 AND 5938735
for range-covered
table 1 : explain SELECT k FROM sbtest1 WHERE k BETWEEN 7581563 AND 7581663
	Index Only Scan using k_1 on sbtest1  (cost=0.43..10.62 rows=109 width=4)
	  Index Cond: ((k >= 7581563) AND (k <= 7581663))

table 2 : explain SELECT k FROM sbtest2 WHERE k BETWEEN 7581563 AND 7581663
	Index Only Scan using k_2 on sbtest2  (cost=0.43..6.42 rows=99 width=4)
	  Index Cond: ((k >= 7581563) AND (k <= 7581663))

table 3 : explain SELECT k FROM sbtest3 WHERE k BETWEEN 7581563 AND 7581663
	Index Only Scan using k_3 on sbtest3  (cost=0.43..6.37 rows=97 width=4)
	  Index Cond: ((k >= 7581563) AND (k <= 7581663))

table 4 : explain SELECT k FROM sbtest4 WHERE k BETWEEN 7581563 AND 7581663
	Index Only Scan using k_4 on sbtest4  (cost=0.43..10.44 rows=100 width=4)
	  Index Cond: ((k >= 7581563) AND (k <= 7581663))

table 5 : explain SELECT k FROM sbtest5 WHERE k BETWEEN 7581563 AND 7581663
	Index Only Scan using k_5 on sbtest5  (cost=0.43..10.33 rows=95 width=4)
	  Index Cond: ((k >= 7581563) AND (k <= 7581663))

table 6 : explain SELECT k FROM sbtest6 WHERE k BETWEEN 7581563 AND 7581663
	Index Only Scan using k_6 on sbtest6  (cost=0.43..6.47 rows=102 width=4)
	  Index Cond: ((k >= 7581563) AND (k <= 7581663))

table 7 : explain SELECT k FROM sbtest7 WHERE k BETWEEN 7581563 AND 7581663
	Index Only Scan using k_7 on sbtest7  (cost=0.43..6.59 rows=108 width=4)
	  Index Cond: ((k >= 7581563) AND (k <= 7581663))

table 8 : explain SELECT k FROM sbtest8 WHERE k BETWEEN 7581563 AND 7581663
	Index Only Scan using k_8 on sbtest8  (cost=0.43..6.75 rows=116 width=4)
	  Index Cond: ((k >= 7581563) AND (k <= 7581663))

explain: for range-covered :: explain SELECT k FROM sbtest%d WHERE k BETWEEN 7581563 AND 7581663
explain: for range-covered :: explain SELECT k FROM sbtest%d WHERE k BETWEEN 6598949 AND 6599049
for range-covered
table 1 : explain SELECT k FROM sbtest1 WHERE k BETWEEN 3171507 AND 3171607
	Index Only Scan using k_1 on sbtest1  (cost=0.43..10.40 rows=98 width=4)
	  Index Cond: ((k >= 3171507) AND (k <= 3171607))

table 2 : explain SELECT k FROM sbtest2 WHERE k BETWEEN 3171507 AND 3171607
	Index Only Scan using k_2 on sbtest2  (cost=0.43..6.42 rows=99 width=4)
	  Index Cond: ((k >= 3171507) AND (k <= 3171607))

table 3 : explain SELECT k FROM sbtest3 WHERE k BETWEEN 3171507 AND 3171607
	Index Only Scan using k_3 on sbtest3  (cost=0.43..6.33 rows=95 width=4)
	  Index Cond: ((k >= 3171507) AND (k <= 3171607))

table 4 : explain SELECT k FROM sbtest4 WHERE k BETWEEN 3171507 AND 3171607
	Index Only Scan using k_4 on sbtest4  (cost=0.43..10.63 rows=110 width=4)
	  Index Cond: ((k >= 3171507) AND (k <= 3171607))

table 5 : explain SELECT k FROM sbtest5 WHERE k BETWEEN 3171507 AND 3171607
	Index Only Scan using k_5 on sbtest5  (cost=0.43..10.54 rows=105 width=4)
	  Index Cond: ((k >= 3171507) AND (k <= 3171607))

table 6 : explain SELECT k FROM sbtest6 WHERE k BETWEEN 3171507 AND 3171607
	Index Only Scan using k_6 on sbtest6  (cost=0.43..6.58 rows=107 width=4)
	  Index Cond: ((k >= 3171507) AND (k <= 3171607))

table 7 : explain SELECT k FROM sbtest7 WHERE k BETWEEN 3171507 AND 3171607
	Index Only Scan using k_7 on sbtest7  (cost=0.43..6.47 rows=102 width=4)
	  Index Cond: ((k >= 3171507) AND (k <= 3171607))

table 8 : explain SELECT k FROM sbtest8 WHERE k BETWEEN 3171507 AND 3171607
	Index Only Scan using k_8 on sbtest8  (cost=0.43..6.58 rows=107 width=4)
	  Index Cond: ((k >= 3171507) AND (k <= 3171607))

explain: for range-covered :: explain SELECT k FROM sbtest%d WHERE k BETWEEN 6935857 AND 6935957
explain: for range-covered :: explain SELECT k FROM sbtest%d WHERE k BETWEEN 3171507 AND 3171607
for range-covered
table 1 : explain SELECT k FROM sbtest1 WHERE k BETWEEN 5419108 AND 5419208
	Index Only Scan using k_1 on sbtest1  (cost=0.43..10.44 rows=100 width=4)
	  Index Cond: ((k >= 5419108) AND (k <= 5419208))

table 2 : explain SELECT k FROM sbtest2 WHERE k BETWEEN 5419108 AND 5419208
	Index Only Scan using k_2 on sbtest2  (cost=0.43..6.42 rows=99 width=4)
	  Index Cond: ((k >= 5419108) AND (k <= 5419208))

table 3 : explain SELECT k FROM sbtest3 WHERE k BETWEEN 5419108 AND 5419208
	Index Only Scan using k_3 on sbtest3  (cost=0.43..6.29 rows=93 width=4)
	  Index Cond: ((k >= 5419108) AND (k <= 5419208))

table 4 : explain SELECT k FROM sbtest4 WHERE k BETWEEN 5419108 AND 5419208
	Index Only Scan using k_4 on sbtest4  (cost=0.43..10.68 rows=112 width=4)
	  Index Cond: ((k >= 5419108) AND (k <= 5419208))

table 5 : explain SELECT k FROM sbtest5 WHERE k BETWEEN 5419108 AND 5419208
	Index Only Scan using k_5 on sbtest5  (cost=0.43..10.40 rows=98 width=4)
	  Index Cond: ((k >= 5419108) AND (k <= 5419208))

table 6 : explain SELECT k FROM sbtest6 WHERE k BETWEEN 5419108 AND 5419208
	Index Only Scan using k_6 on sbtest6  (cost=0.43..6.53 rows=105 width=4)
	  Index Cond: ((k >= 5419108) AND (k <= 5419208))

table 7 : explain SELECT k FROM sbtest7 WHERE k BETWEEN 5419108 AND 5419208
	Index Only Scan using k_7 on sbtest7  (cost=0.43..6.37 rows=97 width=4)
	  Index Cond: ((k >= 5419108) AND (k <= 5419208))

table 8 : explain SELECT k FROM sbtest8 WHERE k BETWEEN 5419108 AND 5419208
	Index Only Scan using k_8 on sbtest8  (cost=0.43..6.40 rows=98 width=4)
	  Index Cond: ((k >= 5419108) AND (k <= 5419208))

explain: for range-covered :: explain SELECT k FROM sbtest%d WHERE k BETWEEN 5419108 AND 5419208
for range-covered
table 1 : explain SELECT k FROM sbtest1 WHERE k BETWEEN 1868229 AND 1868329
	Index Only Scan using k_1 on sbtest1  (cost=0.43..10.50 rows=103 width=4)
	  Index Cond: ((k >= 1868229) AND (k <= 1868329))

table 2 : explain SELECT k FROM sbtest2 WHERE k BETWEEN 1868229 AND 1868329
	Index Only Scan using k_2 on sbtest2  (cost=0.43..6.51 rows=104 width=4)
	  Index Cond: ((k >= 1868229) AND (k <= 1868329))

table 3 : explain SELECT k FROM sbtest3 WHERE k BETWEEN 1868229 AND 1868329
	Index Only Scan using k_3 on sbtest3  (cost=0.43..6.77 rows=117 width=4)
	  Index Cond: ((k >= 1868229) AND (k <= 1868329))

table 4 : explain SELECT k FROM sbtest4 WHERE k BETWEEN 1868229 AND 1868329
	Index Only Scan using k_4 on sbtest4  (cost=0.43..10.32 rows=94 width=4)
	  Index Cond: ((k >= 1868229) AND (k <= 1868329))

table 5 : explain SELECT k FROM sbtest5 WHERE k BETWEEN 1868229 AND 1868329
	Index Only Scan using k_5 on sbtest5  (cost=0.43..10.51 rows=104 width=4)
	  Index Cond: ((k >= 1868229) AND (k <= 1868329))

table 6 : explain SELECT k FROM sbtest6 WHERE k BETWEEN 1868229 AND 1868329
	Index Only Scan using k_6 on sbtest6  (cost=0.43..6.63 rows=110 width=4)
	  Index Cond: ((k >= 1868229) AND (k <= 1868329))

table 7 : explain SELECT k FROM sbtest7 WHERE k BETWEEN 1868229 AND 1868329
	Index Only Scan using k_7 on sbtest7  (cost=0.43..6.37 rows=97 width=4)
	  Index Cond: ((k >= 1868229) AND (k <= 1868329))

table 8 : explain SELECT k FROM sbtest8 WHERE k BETWEEN 1868229 AND 1868329
	Index Only Scan using k_8 on sbtest8  (cost=0.43..6.27 rows=92 width=4)
	  Index Cond: ((k >= 1868229) AND (k <= 1868329))

explain: for range-covered :: explain SELECT k FROM sbtest%d WHERE k BETWEEN 4076985 AND 4077085
explain: for range-covered :: explain SELECT k FROM sbtest%d WHERE k BETWEEN 1868229 AND 1868329
for range-covered
table 1 : explain SELECT k FROM sbtest1 WHERE k BETWEEN 5938635 AND 5938735
	Index Only Scan using k_1 on sbtest1  (cost=0.43..10.33 rows=95 width=4)
	  Index Cond: ((k >= 5938635) AND (k <= 5938735))

table 2 : explain SELECT k FROM sbtest2 WHERE k BETWEEN 5938635 AND 5938735
	Index Only Scan using k_2 on sbtest2  (cost=0.43..6.56 rows=106 width=4)
	  Index Cond: ((k >= 5938635) AND (k <= 5938735))

table 3 : explain SELECT k FROM sbtest3 WHERE k BETWEEN 5938635 AND 5938735
	Index Only Scan using k_3 on sbtest3  (cost=0.43..6.75 rows=116 width=4)
	  Index Cond: ((k >= 5938635) AND (k <= 5938735))

table 4 : explain SELECT k FROM sbtest4 WHERE k BETWEEN 5938635 AND 5938735
	Index Only Scan using k_4 on sbtest4  (cost=0.43..10.54 rows=105 width=4)
	  Index Cond: ((k >= 5938635) AND (k <= 5938735))

table 5 : explain SELECT k FROM sbtest5 WHERE k BETWEEN 5938635 AND 5938735
	Index Only Scan using k_5 on sbtest5  (cost=0.43..10.50 rows=103 width=4)
	  Index Cond: ((k >= 5938635) AND (k <= 5938735))

table 6 : explain SELECT k FROM sbtest6 WHERE k BETWEEN 5938635 AND 5938735
	Index Only Scan using k_6 on sbtest6  (cost=0.43..6.42 rows=99 width=4)
	  Index Cond: ((k >= 5938635) AND (k <= 5938735))

table 7 : explain SELECT k FROM sbtest7 WHERE k BETWEEN 5938635 AND 5938735
	Index Only Scan using k_7 on sbtest7  (cost=0.43..6.37 rows=97 width=4)
	  Index Cond: ((k >= 5938635) AND (k <= 5938735))

table 8 : explain SELECT k FROM sbtest8 WHERE k BETWEEN 5938635 AND 5938735
	Index Only Scan using k_8 on sbtest8  (cost=0.43..6.58 rows=107 width=4)
	  Index Cond: ((k >= 5938635) AND (k <= 5938735))

for range-covered
table 1 : explain SELECT k FROM sbtest1 WHERE k BETWEEN 3171507 AND 3171607
	Index Only Scan using k_1 on sbtest1  (cost=0.43..10.40 rows=98 width=4)
	  Index Cond: ((k >= 3171507) AND (k <= 3171607))

table 2 : explain SELECT k FROM sbtest2 WHERE k BETWEEN 3171507 AND 3171607
	Index Only Scan using k_2 on sbtest2  (cost=0.43..6.42 rows=99 width=4)
	  Index Cond: ((k >= 3171507) AND (k <= 3171607))

table 3 : explain SELECT k FROM sbtest3 WHERE k BETWEEN 3171507 AND 3171607
	Index Only Scan using k_3 on sbtest3  (cost=0.43..6.33 rows=95 width=4)
	  Index Cond: ((k >= 3171507) AND (k <= 3171607))

table 4 : explain SELECT k FROM sbtest4 WHERE k BETWEEN 3171507 AND 3171607
	Index Only Scan using k_4 on sbtest4  (cost=0.43..10.63 rows=110 width=4)
	  Index Cond: ((k >= 3171507) AND (k <= 3171607))

table 5 : explain SELECT k FROM sbtest5 WHERE k BETWEEN 3171507 AND 3171607
	Index Only Scan using k_5 on sbtest5  (cost=0.43..10.54 rows=105 width=4)
	  Index Cond: ((k >= 3171507) AND (k <= 3171607))

table 6 : explain SELECT k FROM sbtest6 WHERE k BETWEEN 3171507 AND 3171607
	Index Only Scan using k_6 on sbtest6  (cost=0.43..6.58 rows=107 width=4)
	  Index Cond: ((k >= 3171507) AND (k <= 3171607))

table 7 : explain SELECT k FROM sbtest7 WHERE k BETWEEN 3171507 AND 3171607
	Index Only Scan using k_7 on sbtest7  (cost=0.43..6.47 rows=102 width=4)
	  Index Cond: ((k >= 3171507) AND (k <= 3171607))

table 8 : explain SELECT k FROM sbtest8 WHERE k BETWEEN 3171507 AND 3171607
	Index Only Scan using k_8 on sbtest8  (cost=0.43..6.58 rows=107 width=4)
	  Index Cond: ((k >= 3171507) AND (k <= 3171607))

for range-covered
table 1 : explain SELECT k FROM sbtest1 WHERE k BETWEEN 6935857 AND 6935957
	Index Only Scan using k_1 on sbtest1  (cost=0.43..10.56 rows=106 width=4)
	  Index Cond: ((k >= 6935857) AND (k <= 6935957))

table 2 : explain SELECT k FROM sbtest2 WHERE k BETWEEN 6935857 AND 6935957
	Index Only Scan using k_2 on sbtest2  (cost=0.43..6.43 rows=100 width=4)
	  Index Cond: ((k >= 6935857) AND (k <= 6935957))

table 3 : explain SELECT k FROM sbtest3 WHERE k BETWEEN 6935857 AND 6935957
	Index Only Scan using k_3 on sbtest3  (cost=0.43..6.67 rows=112 width=4)
	  Index Cond: ((k >= 6935857) AND (k <= 6935957))

table 4 : explain SELECT k FROM sbtest4 WHERE k BETWEEN 6935857 AND 6935957
	Index Only Scan using k_4 on sbtest4  (cost=0.43..10.38 rows=97 width=4)
	  Index Cond: ((k >= 6935857) AND (k <= 6935957))

table 5 : explain SELECT k FROM sbtest5 WHERE k BETWEEN 6935857 AND 6935957
	Index Only Scan using k_5 on sbtest5  (cost=0.43..10.47 rows=102 width=4)
	  Index Cond: ((k >= 6935857) AND (k <= 6935957))

table 6 : explain SELECT k FROM sbtest6 WHERE k BETWEEN 6935857 AND 6935957
	Index Only Scan using k_6 on sbtest6  (cost=0.43..6.61 rows=109 width=4)
	  Index Cond: ((k >= 6935857) AND (k <= 6935957))

table 7 : explain SELECT k FROM sbtest7 WHERE k BETWEEN 6935857 AND 6935957
	Index Only Scan using k_7 on sbtest7  (cost=0.43..6.25 rows=91 width=4)
	  Index Cond: ((k >= 6935857) AND (k <= 6935957))

table 8 : explain SELECT k FROM sbtest8 WHERE k BETWEEN 6935857 AND 6935957
	Index Only Scan using k_8 on sbtest8  (cost=0.43..6.74 rows=115 width=4)
	  Index Cond: ((k >= 6935857) AND (k <= 6935957))

explain: for range-covered :: explain SELECT k FROM sbtest%d WHERE k BETWEEN 5938635 AND 5938735
explain: for range-covered :: explain SELECT k FROM sbtest%d WHERE k BETWEEN 3171507 AND 3171607
explain: for range-covered :: explain SELECT k FROM sbtest%d WHERE k BETWEEN 6935857 AND 6935957
for range-covered
table 1 : explain SELECT k FROM sbtest1 WHERE k BETWEEN 7581563 AND 7581663
	Index Only Scan using k_1 on sbtest1  (cost=0.43..10.62 rows=109 width=4)
	  Index Cond: ((k >= 7581563) AND (k <= 7581663))

table 2 : explain SELECT k FROM sbtest2 WHERE k BETWEEN 7581563 AND 7581663
	Index Only Scan using k_2 on sbtest2  (cost=0.43..6.42 rows=99 width=4)
	  Index Cond: ((k >= 7581563) AND (k <= 7581663))

table 3 : explain SELECT k FROM sbtest3 WHERE k BETWEEN 7581563 AND 7581663
	Index Only Scan using k_3 on sbtest3  (cost=0.43..6.37 rows=97 width=4)
	  Index Cond: ((k >= 7581563) AND (k <= 7581663))

table 4 : explain SELECT k FROM sbtest4 WHERE k BETWEEN 7581563 AND 7581663
	Index Only Scan using k_4 on sbtest4  (cost=0.43..10.44 rows=100 width=4)
	  Index Cond: ((k >= 7581563) AND (k <= 7581663))

table 5 : explain SELECT k FROM sbtest5 WHERE k BETWEEN 7581563 AND 7581663
	Index Only Scan using k_5 on sbtest5  (cost=0.43..10.33 rows=95 width=4)
	  Index Cond: ((k >= 7581563) AND (k <= 7581663))

table 6 : explain SELECT k FROM sbtest6 WHERE k BETWEEN 7581563 AND 7581663
	Index Only Scan using k_6 on sbtest6  (cost=0.43..6.47 rows=102 width=4)
	  Index Cond: ((k >= 7581563) AND (k <= 7581663))

table 7 : explain SELECT k FROM sbtest7 WHERE k BETWEEN 7581563 AND 7581663
	Index Only Scan using k_7 on sbtest7  (cost=0.43..6.59 rows=108 width=4)
	  Index Cond: ((k >= 7581563) AND (k <= 7581663))

table 8 : explain SELECT k FROM sbtest8 WHERE k BETWEEN 7581563 AND 7581663
	Index Only Scan using k_8 on sbtest8  (cost=0.43..6.75 rows=116 width=4)
	  Index Cond: ((k >= 7581563) AND (k <= 7581663))

explain: for range-covered :: explain SELECT k FROM sbtest%d WHERE k BETWEEN 7581563 AND 7581663
explain: for range-covered :: explain SELECT k FROM sbtest%d WHERE k BETWEEN 3987577 AND 3987677
for range-covered
table 1 : explain SELECT k FROM sbtest1 WHERE k BETWEEN 3171507 AND 3171607
	Index Only Scan using k_1 on sbtest1  (cost=0.43..10.40 rows=98 width=4)
	  Index Cond: ((k >= 3171507) AND (k <= 3171607))

table 2 : explain SELECT k FROM sbtest2 WHERE k BETWEEN 3171507 AND 3171607
	Index Only Scan using k_2 on sbtest2  (cost=0.43..6.42 rows=99 width=4)
	  Index Cond: ((k >= 3171507) AND (k <= 3171607))

table 3 : explain SELECT k FROM sbtest3 WHERE k BETWEEN 3171507 AND 3171607
	Index Only Scan using k_3 on sbtest3  (cost=0.43..6.33 rows=95 width=4)
	  Index Cond: ((k >= 3171507) AND (k <= 3171607))

table 4 : explain SELECT k FROM sbtest4 WHERE k BETWEEN 3171507 AND 3171607
	Index Only Scan using k_4 on sbtest4  (cost=0.43..10.63 rows=110 width=4)
	  Index Cond: ((k >= 3171507) AND (k <= 3171607))

table 5 : explain SELECT k FROM sbtest5 WHERE k BETWEEN 3171507 AND 3171607
	Index Only Scan using k_5 on sbtest5  (cost=0.43..10.54 rows=105 width=4)
	  Index Cond: ((k >= 3171507) AND (k <= 3171607))

table 6 : explain SELECT k FROM sbtest6 WHERE k BETWEEN 3171507 AND 3171607
	Index Only Scan using k_6 on sbtest6  (cost=0.43..6.58 rows=107 width=4)
	  Index Cond: ((k >= 3171507) AND (k <= 3171607))

table 7 : explain SELECT k FROM sbtest7 WHERE k BETWEEN 3171507 AND 3171607
	Index Only Scan using k_7 on sbtest7  (cost=0.43..6.47 rows=102 width=4)
	  Index Cond: ((k >= 3171507) AND (k <= 3171607))

table 8 : explain SELECT k FROM sbtest8 WHERE k BETWEEN 3171507 AND 3171607
	Index Only Scan using k_8 on sbtest8  (cost=0.43..6.58 rows=107 width=4)
	  Index Cond: ((k >= 3171507) AND (k <= 3171607))

explain: for range-covered :: explain SELECT k FROM sbtest%d WHERE k BETWEEN 3171507 AND 3171607
for range-covered
table 1 : explain SELECT k FROM sbtest1 WHERE k BETWEEN 7681463 AND 7681563
	Index Only Scan using k_1 on sbtest1  (cost=0.43..10.60 rows=108 width=4)
	  Index Cond: ((k >= 7681463) AND (k <= 7681563))

table 2 : explain SELECT k FROM sbtest2 WHERE k BETWEEN 7681463 AND 7681563
	Index Only Scan using k_2 on sbtest2  (cost=0.43..6.51 rows=104 width=4)
	  Index Cond: ((k >= 7681463) AND (k <= 7681563))

table 3 : explain SELECT k FROM sbtest3 WHERE k BETWEEN 7681463 AND 7681563
	Index Only Scan using k_3 on sbtest3  (cost=0.43..6.33 rows=95 width=4)
	  Index Cond: ((k >= 7681463) AND (k <= 7681563))

table 4 : explain SELECT k FROM sbtest4 WHERE k BETWEEN 7681463 AND 7681563
	Index Only Scan using k_4 on sbtest4  (cost=0.43..10.54 rows=105 width=4)
	  Index Cond: ((k >= 7681463) AND (k <= 7681563))

table 5 : explain SELECT k FROM sbtest5 WHERE k BETWEEN 7681463 AND 7681563
	Index Only Scan using k_5 on sbtest5  (cost=0.43..10.54 rows=105 width=4)
	  Index Cond: ((k >= 7681463) AND (k <= 7681563))

table 6 : explain SELECT k FROM sbtest6 WHERE k BETWEEN 7681463 AND 7681563
	Index Only Scan using k_6 on sbtest6  (cost=0.43..6.56 rows=106 width=4)
	  Index Cond: ((k >= 7681463) AND (k <= 7681563))

table 7 : explain SELECT k FROM sbtest7 WHERE k BETWEEN 7681463 AND 7681563
	Index Only Scan using k_7 on sbtest7  (cost=0.43..6.37 rows=97 width=4)
	  Index Cond: ((k >= 7681463) AND (k <= 7681563))

table 8 : explain SELECT k FROM sbtest8 WHERE k BETWEEN 7681463 AND 7681563
	Index Only Scan using k_8 on sbtest8  (cost=0.43..6.61 rows=109 width=4)
	  Index Cond: ((k >= 7681463) AND (k <= 7681563))

explain: for range-covered :: explain SELECT k FROM sbtest%d WHERE k BETWEEN 7681463 AND 7681563
for range-covered
table 1 : explain SELECT k FROM sbtest1 WHERE k BETWEEN 3915925 AND 3916025
	Index Only Scan using k_1 on sbtest1  (cost=0.43..10.36 rows=96 width=4)
	  Index Cond: ((k >= 3915925) AND (k <= 3916025))

table 2 : explain SELECT k FROM sbtest2 WHERE k BETWEEN 3915925 AND 3916025
	Index Only Scan using k_2 on sbtest2  (cost=0.43..6.61 rows=109 width=4)
	  Index Cond: ((k >= 3915925) AND (k <= 3916025))

table 3 : explain SELECT k FROM sbtest3 WHERE k BETWEEN 3915925 AND 3916025
	Index Only Scan using k_3 on sbtest3  (cost=0.43..6.59 rows=108 width=4)
	  Index Cond: ((k >= 3915925) AND (k <= 3916025))

table 4 : explain SELECT k FROM sbtest4 WHERE k BETWEEN 3915925 AND 3916025
	Index Only Scan using k_4 on sbtest4  (cost=0.43..10.38 rows=97 width=4)
	  Index Cond: ((k >= 3915925) AND (k <= 3916025))

table 5 : explain SELECT k FROM sbtest5 WHERE k BETWEEN 3915925 AND 3916025
	Index Only Scan using k_5 on sbtest5  (cost=0.43..10.58 rows=107 width=4)
	  Index Cond: ((k >= 3915925) AND (k <= 3916025))

table 6 : explain SELECT k FROM sbtest6 WHERE k BETWEEN 3915925 AND 3916025
	Index Only Scan using k_6 on sbtest6  (cost=0.43..6.43 rows=100 width=4)
	  Index Cond: ((k >= 3915925) AND (k <= 3916025))

table 7 : explain SELECT k FROM sbtest7 WHERE k BETWEEN 3915925 AND 3916025
	Index Only Scan using k_7 on sbtest7  (cost=0.43..6.61 rows=109 width=4)
	  Index Cond: ((k >= 3915925) AND (k <= 3916025))

table 8 : explain SELECT k FROM sbtest8 WHERE k BETWEEN 3915925 AND 3916025
	Index Only Scan using k_8 on sbtest8  (cost=0.43..6.33 rows=95 width=4)
	  Index Cond: ((k >= 3915925) AND (k <= 3916025))

for range-covered
table 1 : explain SELECT k FROM sbtest1 WHERE k BETWEEN 1868229 AND 1868329
	Index Only Scan using k_1 on sbtest1  (cost=0.43..10.50 rows=103 width=4)
	  Index Cond: ((k >= 1868229) AND (k <= 1868329))

table 2 : explain SELECT k FROM sbtest2 WHERE k BETWEEN 1868229 AND 1868329
	Index Only Scan using k_2 on sbtest2  (cost=0.43..6.51 rows=104 width=4)
	  Index Cond: ((k >= 1868229) AND (k <= 1868329))

table 3 : explain SELECT k FROM sbtest3 WHERE k BETWEEN 1868229 AND 1868329
	Index Only Scan using k_3 on sbtest3  (cost=0.43..6.77 rows=117 width=4)
	  Index Cond: ((k >= 1868229) AND (k <= 1868329))

table 4 : explain SELECT k FROM sbtest4 WHERE k BETWEEN 1868229 AND 1868329
	Index Only Scan using k_4 on sbtest4  (cost=0.43..10.32 rows=94 width=4)
	  Index Cond: ((k >= 1868229) AND (k <= 1868329))

table 5 : explain SELECT k FROM sbtest5 WHERE k BETWEEN 1868229 AND 1868329
	Index Only Scan using k_5 on sbtest5  (cost=0.43..10.51 rows=104 width=4)
	  Index Cond: ((k >= 1868229) AND (k <= 1868329))

table 6 : explain SELECT k FROM sbtest6 WHERE k BETWEEN 1868229 AND 1868329
	Index Only Scan using k_6 on sbtest6  (cost=0.43..6.63 rows=110 width=4)
	  Index Cond: ((k >= 1868229) AND (k <= 1868329))

table 7 : explain SELECT k FROM sbtest7 WHERE k BETWEEN 1868229 AND 1868329
	Index Only Scan using k_7 on sbtest7  (cost=0.43..6.37 rows=97 width=4)
	  Index Cond: ((k >= 1868229) AND (k <= 1868329))

table 8 : explain SELECT k FROM sbtest8 WHERE k BETWEEN 1868229 AND 1868329
	Index Only Scan using k_8 on sbtest8  (cost=0.43..6.27 rows=92 width=4)
	  Index Cond: ((k >= 1868229) AND (k <= 1868329))

explain: for range-covered :: explain SELECT k FROM sbtest%d WHERE k BETWEEN 3915925 AND 3916025
explain: for range-covered :: explain SELECT k FROM sbtest%d WHERE k BETWEEN 1868229 AND 1868329
explain: for range-covered :: explain SELECT k FROM sbtest%d WHERE k BETWEEN 2612640 AND 2612740
for range-covered
table 1 : explain SELECT k FROM sbtest1 WHERE k BETWEEN 6935857 AND 6935957
	Index Only Scan using k_1 on sbtest1  (cost=0.43..10.56 rows=106 width=4)
	  Index Cond: ((k >= 6935857) AND (k <= 6935957))

table 2 : explain SELECT k FROM sbtest2 WHERE k BETWEEN 6935857 AND 6935957
	Index Only Scan using k_2 on sbtest2  (cost=0.43..6.43 rows=100 width=4)
	  Index Cond: ((k >= 6935857) AND (k <= 6935957))

table 3 : explain SELECT k FROM sbtest3 WHERE k BETWEEN 6935857 AND 6935957
	Index Only Scan using k_3 on sbtest3  (cost=0.43..6.67 rows=112 width=4)
	  Index Cond: ((k >= 6935857) AND (k <= 6935957))

table 4 : explain SELECT k FROM sbtest4 WHERE k BETWEEN 6935857 AND 6935957
	Index Only Scan using k_4 on sbtest4  (cost=0.43..10.38 rows=97 width=4)
	  Index Cond: ((k >= 6935857) AND (k <= 6935957))

table 5 : explain SELECT k FROM sbtest5 WHERE k BETWEEN 6935857 AND 6935957
	Index Only Scan using k_5 on sbtest5  (cost=0.43..10.47 rows=102 width=4)
	  Index Cond: ((k >= 6935857) AND (k <= 6935957))

table 6 : explain SELECT k FROM sbtest6 WHERE k BETWEEN 6935857 AND 6935957
	Index Only Scan using k_6 on sbtest6  (cost=0.43..6.61 rows=109 width=4)
	  Index Cond: ((k >= 6935857) AND (k <= 6935957))

table 7 : explain SELECT k FROM sbtest7 WHERE k BETWEEN 6935857 AND 6935957
	Index Only Scan using k_7 on sbtest7  (cost=0.43..6.25 rows=91 width=4)
	  Index Cond: ((k >= 6935857) AND (k <= 6935957))

table 8 : explain SELECT k FROM sbtest8 WHERE k BETWEEN 6935857 AND 6935957
	Index Only Scan using k_8 on sbtest8  (cost=0.43..6.74 rows=115 width=4)
	  Index Cond: ((k >= 6935857) AND (k <= 6935957))

for range-covered
table 1 : explain SELECT k FROM sbtest1 WHERE k BETWEEN 5938635 AND 5938735
	Index Only Scan using k_1 on sbtest1  (cost=0.43..10.33 rows=95 width=4)
	  Index Cond: ((k >= 5938635) AND (k <= 5938735))

table 2 : explain SELECT k FROM sbtest2 WHERE k BETWEEN 5938635 AND 5938735
	Index Only Scan using k_2 on sbtest2  (cost=0.43..6.56 rows=106 width=4)
	  Index Cond: ((k >= 5938635) AND (k <= 5938735))

table 3 : explain SELECT k FROM sbtest3 WHERE k BETWEEN 5938635 AND 5938735
	Index Only Scan using k_3 on sbtest3  (cost=0.43..6.75 rows=116 width=4)
	  Index Cond: ((k >= 5938635) AND (k <= 5938735))

table 4 : explain SELECT k FROM sbtest4 WHERE k BETWEEN 5938635 AND 5938735
	Index Only Scan using k_4 on sbtest4  (cost=0.43..10.54 rows=105 width=4)
	  Index Cond: ((k >= 5938635) AND (k <= 5938735))

table 5 : explain SELECT k FROM sbtest5 WHERE k BETWEEN 5938635 AND 5938735
	Index Only Scan using k_5 on sbtest5  (cost=0.43..10.50 rows=103 width=4)
	  Index Cond: ((k >= 5938635) AND (k <= 5938735))

table 6 : explain SELECT k FROM sbtest6 WHERE k BETWEEN 5938635 AND 5938735
	Index Only Scan using k_6 on sbtest6  (cost=0.43..6.42 rows=99 width=4)
	  Index Cond: ((k >= 5938635) AND (k <= 5938735))

table 7 : explain SELECT k FROM sbtest7 WHERE k BETWEEN 5938635 AND 5938735
	Index Only Scan using k_7 on sbtest7  (cost=0.43..6.37 rows=97 width=4)
	  Index Cond: ((k >= 5938635) AND (k <= 5938735))

table 8 : explain SELECT k FROM sbtest8 WHERE k BETWEEN 5938635 AND 5938735
	Index Only Scan using k_8 on sbtest8  (cost=0.43..6.58 rows=107 width=4)
	  Index Cond: ((k >= 5938635) AND (k <= 5938735))

for range-covered
table 1 : explain SELECT k FROM sbtest1 WHERE k BETWEEN 3171507 AND 3171607
	Index Only Scan using k_1 on sbtest1  (cost=0.43..10.40 rows=98 width=4)
	  Index Cond: ((k >= 3171507) AND (k <= 3171607))

table 2 : explain SELECT k FROM sbtest2 WHERE k BETWEEN 3171507 AND 3171607
	Index Only Scan using k_2 on sbtest2  (cost=0.43..6.42 rows=99 width=4)
	  Index Cond: ((k >= 3171507) AND (k <= 3171607))

table 3 : explain SELECT k FROM sbtest3 WHERE k BETWEEN 3171507 AND 3171607
	Index Only Scan using k_3 on sbtest3  (cost=0.43..6.33 rows=95 width=4)
	  Index Cond: ((k >= 3171507) AND (k <= 3171607))

table 4 : explain SELECT k FROM sbtest4 WHERE k BETWEEN 3171507 AND 3171607
	Index Only Scan using k_4 on sbtest4  (cost=0.43..10.63 rows=110 width=4)
	  Index Cond: ((k >= 3171507) AND (k <= 3171607))

table 5 : explain SELECT k FROM sbtest5 WHERE k BETWEEN 3171507 AND 3171607
	Index Only Scan using k_5 on sbtest5  (cost=0.43..10.54 rows=105 width=4)
	  Index Cond: ((k >= 3171507) AND (k <= 3171607))

table 6 : explain SELECT k FROM sbtest6 WHERE k BETWEEN 3171507 AND 3171607
	Index Only Scan using k_6 on sbtest6  (cost=0.43..6.58 rows=107 width=4)
	  Index Cond: ((k >= 3171507) AND (k <= 3171607))

table 7 : explain SELECT k FROM sbtest7 WHERE k BETWEEN 3171507 AND 3171607
	Index Only Scan using k_7 on sbtest7  (cost=0.43..6.47 rows=102 width=4)
	  Index Cond: ((k >= 3171507) AND (k <= 3171607))

table 8 : explain SELECT k FROM sbtest8 WHERE k BETWEEN 3171507 AND 3171607
	Index Only Scan using k_8 on sbtest8  (cost=0.43..6.58 rows=107 width=4)
	  Index Cond: ((k >= 3171507) AND (k <= 3171607))

explain: for range-covered :: explain SELECT k FROM sbtest%d WHERE k BETWEEN 6935857 AND 6935957
for range-covered
table 1 : explain SELECT k FROM sbtest1 WHERE k BETWEEN 5419108 AND 5419208
	Index Only Scan using k_1 on sbtest1  (cost=0.43..10.44 rows=100 width=4)
	  Index Cond: ((k >= 5419108) AND (k <= 5419208))

table 2 : explain SELECT k FROM sbtest2 WHERE k BETWEEN 5419108 AND 5419208
	Index Only Scan using k_2 on sbtest2  (cost=0.43..6.42 rows=99 width=4)
	  Index Cond: ((k >= 5419108) AND (k <= 5419208))

table 3 : explain SELECT k FROM sbtest3 WHERE k BETWEEN 5419108 AND 5419208
	Index Only Scan using k_3 on sbtest3  (cost=0.43..6.29 rows=93 width=4)
	  Index Cond: ((k >= 5419108) AND (k <= 5419208))

table 4 : explain SELECT k FROM sbtest4 WHERE k BETWEEN 5419108 AND 5419208
	Index Only Scan using k_4 on sbtest4  (cost=0.43..10.68 rows=112 width=4)
	  Index Cond: ((k >= 5419108) AND (k <= 5419208))

table 5 : explain SELECT k FROM sbtest5 WHERE k BETWEEN 5419108 AND 5419208
	Index Only Scan using k_5 on sbtest5  (cost=0.43..10.40 rows=98 width=4)
	  Index Cond: ((k >= 5419108) AND (k <= 5419208))

table 6 : explain SELECT k FROM sbtest6 WHERE k BETWEEN 5419108 AND 5419208
	Index Only Scan using k_6 on sbtest6  (cost=0.43..6.53 rows=105 width=4)
	  Index Cond: ((k >= 5419108) AND (k <= 5419208))

table 7 : explain SELECT k FROM sbtest7 WHERE k BETWEEN 5419108 AND 5419208
	Index Only Scan using k_7 on sbtest7  (cost=0.43..6.37 rows=97 width=4)
	  Index Cond: ((k >= 5419108) AND (k <= 5419208))

table 8 : explain SELECT k FROM sbtest8 WHERE k BETWEEN 5419108 AND 5419208
	Index Only Scan using k_8 on sbtest8  (cost=0.43..6.40 rows=98 width=4)
	  Index Cond: ((k >= 5419108) AND (k <= 5419208))

explain: for range-covered :: explain SELECT k FROM sbtest%d WHERE k BETWEEN 5938635 AND 5938735
for range-covered
table 1 : explain SELECT k FROM sbtest1 WHERE k BETWEEN 7581563 AND 7581663
	Index Only Scan using k_1 on sbtest1  (cost=0.43..10.62 rows=109 width=4)
	  Index Cond: ((k >= 7581563) AND (k <= 7581663))

table 2 : explain SELECT k FROM sbtest2 WHERE k BETWEEN 7581563 AND 7581663
	Index Only Scan using k_2 on sbtest2  (cost=0.43..6.42 rows=99 width=4)
	  Index Cond: ((k >= 7581563) AND (k <= 7581663))

table 3 : explain SELECT k FROM sbtest3 WHERE k BETWEEN 7581563 AND 7581663
	Index Only Scan using k_3 on sbtest3  (cost=0.43..6.37 rows=97 width=4)
	  Index Cond: ((k >= 7581563) AND (k <= 7581663))

table 4 : explain SELECT k FROM sbtest4 WHERE k BETWEEN 7581563 AND 7581663
	Index Only Scan using k_4 on sbtest4  (cost=0.43..10.44 rows=100 width=4)
	  Index Cond: ((k >= 7581563) AND (k <= 7581663))

table 5 : explain SELECT k FROM sbtest5 WHERE k BETWEEN 7581563 AND 7581663
	Index Only Scan using k_5 on sbtest5  (cost=0.43..10.33 rows=95 width=4)
	  Index Cond: ((k >= 7581563) AND (k <= 7581663))

table 6 : explain SELECT k FROM sbtest6 WHERE k BETWEEN 7581563 AND 7581663
	Index Only Scan using k_6 on sbtest6  (cost=0.43..6.47 rows=102 width=4)
	  Index Cond: ((k >= 7581563) AND (k <= 7581663))

table 7 : explain SELECT k FROM sbtest7 WHERE k BETWEEN 7581563 AND 7581663
	Index Only Scan using k_7 on sbtest7  (cost=0.43..6.59 rows=108 width=4)
	  Index Cond: ((k >= 7581563) AND (k <= 7581663))

table 8 : explain SELECT k FROM sbtest8 WHERE k BETWEEN 7581563 AND 7581663
	Index Only Scan using k_8 on sbtest8  (cost=0.43..6.75 rows=116 width=4)
	  Index Cond: ((k >= 7581563) AND (k <= 7581663))

for range-covered
table 1 : explain SELECT k FROM sbtest1 WHERE k BETWEEN 7681463 AND 7681563
	Index Only Scan using k_1 on sbtest1  (cost=0.43..10.60 rows=108 width=4)
	  Index Cond: ((k >= 7681463) AND (k <= 7681563))

table 2 : explain SELECT k FROM sbtest2 WHERE k BETWEEN 7681463 AND 7681563
	Index Only Scan using k_2 on sbtest2  (cost=0.43..6.51 rows=104 width=4)
	  Index Cond: ((k >= 7681463) AND (k <= 7681563))

table 3 : explain SELECT k FROM sbtest3 WHERE k BETWEEN 7681463 AND 7681563
	Index Only Scan using k_3 on sbtest3  (cost=0.43..6.33 rows=95 width=4)
	  Index Cond: ((k >= 7681463) AND (k <= 7681563))

table 4 : explain SELECT k FROM sbtest4 WHERE k BETWEEN 7681463 AND 7681563
	Index Only Scan using k_4 on sbtest4  (cost=0.43..10.54 rows=105 width=4)
	  Index Cond: ((k >= 7681463) AND (k <= 7681563))

table 5 : explain SELECT k FROM sbtest5 WHERE k BETWEEN 7681463 AND 7681563
	Index Only Scan using k_5 on sbtest5  (cost=0.43..10.54 rows=105 width=4)
	  Index Cond: ((k >= 7681463) AND (k <= 7681563))

table 6 : explain SELECT k FROM sbtest6 WHERE k BETWEEN 7681463 AND 7681563
	Index Only Scan using k_6 on sbtest6  (cost=0.43..6.56 rows=106 width=4)
	  Index Cond: ((k >= 7681463) AND (k <= 7681563))

table 7 : explain SELECT k FROM sbtest7 WHERE k BETWEEN 7681463 AND 7681563
	Index Only Scan using k_7 on sbtest7  (cost=0.43..6.37 rows=97 width=4)
	  Index Cond: ((k >= 7681463) AND (k <= 7681563))

table 8 : explain SELECT k FROM sbtest8 WHERE k BETWEEN 7681463 AND 7681563
	Index Only Scan using k_8 on sbtest8  (cost=0.43..6.61 rows=109 width=4)
	  Index Cond: ((k >= 7681463) AND (k <= 7681563))

explain: for range-covered :: explain SELECT k FROM sbtest%d WHERE k BETWEEN 3171507 AND 3171607
explain: for range-covered :: explain SELECT k FROM sbtest%d WHERE k BETWEEN 7681463 AND 7681563
for range-covered
table 1 : explain SELECT k FROM sbtest1 WHERE k BETWEEN 3915925 AND 3916025
	Index Only Scan using k_1 on sbtest1  (cost=0.43..10.36 rows=96 width=4)
	  Index Cond: ((k >= 3915925) AND (k <= 3916025))

table 2 : explain SELECT k FROM sbtest2 WHERE k BETWEEN 3915925 AND 3916025
	Index Only Scan using k_2 on sbtest2  (cost=0.43..6.61 rows=109 width=4)
	  Index Cond: ((k >= 3915925) AND (k <= 3916025))

table 3 : explain SELECT k FROM sbtest3 WHERE k BETWEEN 3915925 AND 3916025
	Index Only Scan using k_3 on sbtest3  (cost=0.43..6.59 rows=108 width=4)
	  Index Cond: ((k >= 3915925) AND (k <= 3916025))

table 4 : explain SELECT k FROM sbtest4 WHERE k BETWEEN 3915925 AND 3916025
	Index Only Scan using k_4 on sbtest4  (cost=0.43..10.38 rows=97 width=4)
	  Index Cond: ((k >= 3915925) AND (k <= 3916025))

table 5 : explain SELECT k FROM sbtest5 WHERE k BETWEEN 3915925 AND 3916025
	Index Only Scan using k_5 on sbtest5  (cost=0.43..10.58 rows=107 width=4)
	  Index Cond: ((k >= 3915925) AND (k <= 3916025))

table 6 : explain SELECT k FROM sbtest6 WHERE k BETWEEN 3915925 AND 3916025
	Index Only Scan using k_6 on sbtest6  (cost=0.43..6.43 rows=100 width=4)
	  Index Cond: ((k >= 3915925) AND (k <= 3916025))

table 7 : explain SELECT k FROM sbtest7 WHERE k BETWEEN 3915925 AND 3916025
	Index Only Scan using k_7 on sbtest7  (cost=0.43..6.61 rows=109 width=4)
	  Index Cond: ((k >= 3915925) AND (k <= 3916025))

table 8 : explain SELECT k FROM sbtest8 WHERE k BETWEEN 3915925 AND 3916025
	Index Only Scan using k_8 on sbtest8  (cost=0.43..6.33 rows=95 width=4)
	  Index Cond: ((k >= 3915925) AND (k <= 3916025))

explain: for range-covered :: explain SELECT k FROM sbtest%d WHERE k BETWEEN 5419108 AND 5419208
explain: for range-covered :: explain SELECT k FROM sbtest%d WHERE k BETWEEN 3915925 AND 3916025
for range-covered
table 1 : explain SELECT k FROM sbtest1 WHERE k BETWEEN 3915925 AND 3916025
	Index Only Scan using k_1 on sbtest1  (cost=0.43..10.36 rows=96 width=4)
	  Index Cond: ((k >= 3915925) AND (k <= 3916025))

table 2 : explain SELECT k FROM sbtest2 WHERE k BETWEEN 3915925 AND 3916025
	Index Only Scan using k_2 on sbtest2  (cost=0.43..6.61 rows=109 width=4)
	  Index Cond: ((k >= 3915925) AND (k <= 3916025))

table 3 : explain SELECT k FROM sbtest3 WHERE k BETWEEN 3915925 AND 3916025
	Index Only Scan using k_3 on sbtest3  (cost=0.43..6.59 rows=108 width=4)
	  Index Cond: ((k >= 3915925) AND (k <= 3916025))

table 4 : explain SELECT k FROM sbtest4 WHERE k BETWEEN 3915925 AND 3916025
	Index Only Scan using k_4 on sbtest4  (cost=0.43..10.38 rows=97 width=4)
	  Index Cond: ((k >= 3915925) AND (k <= 3916025))

table 5 : explain SELECT k FROM sbtest5 WHERE k BETWEEN 3915925 AND 3916025
	Index Only Scan using k_5 on sbtest5  (cost=0.43..10.58 rows=107 width=4)
	  Index Cond: ((k >= 3915925) AND (k <= 3916025))

table 6 : explain SELECT k FROM sbtest6 WHERE k BETWEEN 3915925 AND 3916025
	Index Only Scan using k_6 on sbtest6  (cost=0.43..6.43 rows=100 width=4)
	  Index Cond: ((k >= 3915925) AND (k <= 3916025))

table 7 : explain SELECT k FROM sbtest7 WHERE k BETWEEN 3915925 AND 3916025
	Index Only Scan using k_7 on sbtest7  (cost=0.43..6.61 rows=109 width=4)
	  Index Cond: ((k >= 3915925) AND (k <= 3916025))

table 8 : explain SELECT k FROM sbtest8 WHERE k BETWEEN 3915925 AND 3916025
	Index Only Scan using k_8 on sbtest8  (cost=0.43..6.33 rows=95 width=4)
	  Index Cond: ((k >= 3915925) AND (k <= 3916025))

explain: for range-covered :: explain SELECT k FROM sbtest%d WHERE k BETWEEN 3915925 AND 3916025
for range-covered
table 1 : explain SELECT k FROM sbtest1 WHERE k BETWEEN 1868229 AND 1868329
	Index Only Scan using k_1 on sbtest1  (cost=0.43..10.50 rows=103 width=4)
	  Index Cond: ((k >= 1868229) AND (k <= 1868329))

table 2 : explain SELECT k FROM sbtest2 WHERE k BETWEEN 1868229 AND 1868329
	Index Only Scan using k_2 on sbtest2  (cost=0.43..6.51 rows=104 width=4)
	  Index Cond: ((k >= 1868229) AND (k <= 1868329))

table 3 : explain SELECT k FROM sbtest3 WHERE k BETWEEN 1868229 AND 1868329
	Index Only Scan using k_3 on sbtest3  (cost=0.43..6.77 rows=117 width=4)
	  Index Cond: ((k >= 1868229) AND (k <= 1868329))

table 4 : explain SELECT k FROM sbtest4 WHERE k BETWEEN 1868229 AND 1868329
	Index Only Scan using k_4 on sbtest4  (cost=0.43..10.32 rows=94 width=4)
	  Index Cond: ((k >= 1868229) AND (k <= 1868329))

table 5 : explain SELECT k FROM sbtest5 WHERE k BETWEEN 1868229 AND 1868329
	Index Only Scan using k_5 on sbtest5  (cost=0.43..10.51 rows=104 width=4)
	  Index Cond: ((k >= 1868229) AND (k <= 1868329))

table 6 : explain SELECT k FROM sbtest6 WHERE k BETWEEN 1868229 AND 1868329
	Index Only Scan using k_6 on sbtest6  (cost=0.43..6.63 rows=110 width=4)
	  Index Cond: ((k >= 1868229) AND (k <= 1868329))

table 7 : explain SELECT k FROM sbtest7 WHERE k BETWEEN 1868229 AND 1868329
	Index Only Scan using k_7 on sbtest7  (cost=0.43..6.37 rows=97 width=4)
	  Index Cond: ((k >= 1868229) AND (k <= 1868329))

table 8 : explain SELECT k FROM sbtest8 WHERE k BETWEEN 1868229 AND 1868329
	Index Only Scan using k_8 on sbtest8  (cost=0.43..6.27 rows=92 width=4)
	  Index Cond: ((k >= 1868229) AND (k <= 1868329))

explain: for range-covered :: explain SELECT k FROM sbtest%d WHERE k BETWEEN 1868229 AND 1868329
for range-covered
table 1 : explain SELECT k FROM sbtest1 WHERE k BETWEEN 6935857 AND 6935957
	Index Only Scan using k_1 on sbtest1  (cost=0.43..10.56 rows=106 width=4)
	  Index Cond: ((k >= 6935857) AND (k <= 6935957))

table 2 : explain SELECT k FROM sbtest2 WHERE k BETWEEN 6935857 AND 6935957
	Index Only Scan using k_2 on sbtest2  (cost=0.43..6.43 rows=100 width=4)
	  Index Cond: ((k >= 6935857) AND (k <= 6935957))

table 3 : explain SELECT k FROM sbtest3 WHERE k BETWEEN 6935857 AND 6935957
	Index Only Scan using k_3 on sbtest3  (cost=0.43..6.67 rows=112 width=4)
	  Index Cond: ((k >= 6935857) AND (k <= 6935957))

table 4 : explain SELECT k FROM sbtest4 WHERE k BETWEEN 6935857 AND 6935957
	Index Only Scan using k_4 on sbtest4  (cost=0.43..10.38 rows=97 width=4)
	  Index Cond: ((k >= 6935857) AND (k <= 6935957))

table 5 : explain SELECT k FROM sbtest5 WHERE k BETWEEN 6935857 AND 6935957
	Index Only Scan using k_5 on sbtest5  (cost=0.43..10.47 rows=102 width=4)
	  Index Cond: ((k >= 6935857) AND (k <= 6935957))

table 6 : explain SELECT k FROM sbtest6 WHERE k BETWEEN 6935857 AND 6935957
	Index Only Scan using k_6 on sbtest6  (cost=0.43..6.61 rows=109 width=4)
	  Index Cond: ((k >= 6935857) AND (k <= 6935957))

table 7 : explain SELECT k FROM sbtest7 WHERE k BETWEEN 6935857 AND 6935957
	Index Only Scan using k_7 on sbtest7  (cost=0.43..6.25 rows=91 width=4)
	  Index Cond: ((k >= 6935857) AND (k <= 6935957))

table 8 : explain SELECT k FROM sbtest8 WHERE k BETWEEN 6935857 AND 6935957
	Index Only Scan using k_8 on sbtest8  (cost=0.43..6.74 rows=115 width=4)
	  Index Cond: ((k >= 6935857) AND (k <= 6935957))

explain: for range-covered :: explain SELECT k FROM sbtest%d WHERE k BETWEEN 6935857 AND 6935957
explain: for range-covered :: explain SELECT k FROM sbtest%d WHERE k BETWEEN 2807116 AND 2807216
for range-covered
table 1 : explain SELECT k FROM sbtest1 WHERE k BETWEEN 5938635 AND 5938735
	Index Only Scan using k_1 on sbtest1  (cost=0.43..10.33 rows=95 width=4)
	  Index Cond: ((k >= 5938635) AND (k <= 5938735))

table 2 : explain SELECT k FROM sbtest2 WHERE k BETWEEN 5938635 AND 5938735
	Index Only Scan using k_2 on sbtest2  (cost=0.43..6.56 rows=106 width=4)
	  Index Cond: ((k >= 5938635) AND (k <= 5938735))

table 3 : explain SELECT k FROM sbtest3 WHERE k BETWEEN 5938635 AND 5938735
	Index Only Scan using k_3 on sbtest3  (cost=0.43..6.75 rows=116 width=4)
	  Index Cond: ((k >= 5938635) AND (k <= 5938735))

table 4 : explain SELECT k FROM sbtest4 WHERE k BETWEEN 5938635 AND 5938735
	Index Only Scan using k_4 on sbtest4  (cost=0.43..10.54 rows=105 width=4)
	  Index Cond: ((k >= 5938635) AND (k <= 5938735))

table 5 : explain SELECT k FROM sbtest5 WHERE k BETWEEN 5938635 AND 5938735
	Index Only Scan using k_5 on sbtest5  (cost=0.43..10.50 rows=103 width=4)
	  Index Cond: ((k >= 5938635) AND (k <= 5938735))

table 6 : explain SELECT k FROM sbtest6 WHERE k BETWEEN 5938635 AND 5938735
	Index Only Scan using k_6 on sbtest6  (cost=0.43..6.42 rows=99 width=4)
	  Index Cond: ((k >= 5938635) AND (k <= 5938735))

table 7 : explain SELECT k FROM sbtest7 WHERE k BETWEEN 5938635 AND 5938735
	Index Only Scan using k_7 on sbtest7  (cost=0.43..6.37 rows=97 width=4)
	  Index Cond: ((k >= 5938635) AND (k <= 5938735))

table 8 : explain SELECT k FROM sbtest8 WHERE k BETWEEN 5938635 AND 5938735
	Index Only Scan using k_8 on sbtest8  (cost=0.43..6.58 rows=107 width=4)
	  Index Cond: ((k >= 5938635) AND (k <= 5938735))

explain: for range-covered :: explain SELECT k FROM sbtest%d WHERE k BETWEEN 5938635 AND 5938735
for range-covered
table 1 : explain SELECT k FROM sbtest1 WHERE k BETWEEN 3987577 AND 3987677
	Index Only Scan using k_1 on sbtest1  (cost=0.43..10.36 rows=96 width=4)
	  Index Cond: ((k >= 3987577) AND (k <= 3987677))

table 2 : explain SELECT k FROM sbtest2 WHERE k BETWEEN 3987577 AND 3987677
	Index Only Scan using k_2 on sbtest2  (cost=0.43..6.37 rows=97 width=4)
	  Index Cond: ((k >= 3987577) AND (k <= 3987677))

table 3 : explain SELECT k FROM sbtest3 WHERE k BETWEEN 3987577 AND 3987677
	Index Only Scan using k_3 on sbtest3  (cost=0.43..6.42 rows=99 width=4)
	  Index Cond: ((k >= 3987577) AND (k <= 3987677))

table 4 : explain SELECT k FROM sbtest4 WHERE k BETWEEN 3987577 AND 3987677
	Index Only Scan using k_4 on sbtest4  (cost=0.43..10.50 rows=103 width=4)
	  Index Cond: ((k >= 3987577) AND (k <= 3987677))

table 5 : explain SELECT k FROM sbtest5 WHERE k BETWEEN 3987577 AND 3987677
	Index Only Scan using k_5 on sbtest5  (cost=0.43..10.58 rows=107 width=4)
	  Index Cond: ((k >= 3987577) AND (k <= 3987677))

table 6 : explain SELECT k FROM sbtest6 WHERE k BETWEEN 3987577 AND 3987677
	Index Only Scan using k_6 on sbtest6  (cost=0.43..6.33 rows=95 width=4)
	  Index Cond: ((k >= 3987577) AND (k <= 3987677))

table 7 : explain SELECT k FROM sbtest7 WHERE k BETWEEN 3987577 AND 3987677
	Index Only Scan using k_7 on sbtest7  (cost=0.43..6.61 rows=109 width=4)
	  Index Cond: ((k >= 3987577) AND (k <= 3987677))

table 8 : explain SELECT k FROM sbtest8 WHERE k BETWEEN 3987577 AND 3987677
	Index Only Scan using k_8 on sbtest8  (cost=0.43..6.40 rows=98 width=4)
	  Index Cond: ((k >= 3987577) AND (k <= 3987677))

for range-covered
table 1 : explain SELECT k FROM sbtest1 WHERE k BETWEEN 5419108 AND 5419208
	Index Only Scan using k_1 on sbtest1  (cost=0.43..10.44 rows=100 width=4)
	  Index Cond: ((k >= 5419108) AND (k <= 5419208))

table 2 : explain SELECT k FROM sbtest2 WHERE k BETWEEN 5419108 AND 5419208
	Index Only Scan using k_2 on sbtest2  (cost=0.43..6.42 rows=99 width=4)
	  Index Cond: ((k >= 5419108) AND (k <= 5419208))

table 3 : explain SELECT k FROM sbtest3 WHERE k BETWEEN 5419108 AND 5419208
	Index Only Scan using k_3 on sbtest3  (cost=0.43..6.29 rows=93 width=4)
	  Index Cond: ((k >= 5419108) AND (k <= 5419208))

table 4 : explain SELECT k FROM sbtest4 WHERE k BETWEEN 5419108 AND 5419208
	Index Only Scan using k_4 on sbtest4  (cost=0.43..10.68 rows=112 width=4)
	  Index Cond: ((k >= 5419108) AND (k <= 5419208))

table 5 : explain SELECT k FROM sbtest5 WHERE k BETWEEN 5419108 AND 5419208
	Index Only Scan using k_5 on sbtest5  (cost=0.43..10.40 rows=98 width=4)
	  Index Cond: ((k >= 5419108) AND (k <= 5419208))

table 6 : explain SELECT k FROM sbtest6 WHERE k BETWEEN 5419108 AND 5419208
	Index Only Scan using k_6 on sbtest6  (cost=0.43..6.53 rows=105 width=4)
	  Index Cond: ((k >= 5419108) AND (k <= 5419208))

table 7 : explain SELECT k FROM sbtest7 WHERE k BETWEEN 5419108 AND 5419208
	Index Only Scan using k_7 on sbtest7  (cost=0.43..6.37 rows=97 width=4)
	  Index Cond: ((k >= 5419108) AND (k <= 5419208))

table 8 : explain SELECT k FROM sbtest8 WHERE k BETWEEN 5419108 AND 5419208
	Index Only Scan using k_8 on sbtest8  (cost=0.43..6.40 rows=98 width=4)
	  Index Cond: ((k >= 5419108) AND (k <= 5419208))

explain: for range-covered :: explain SELECT k FROM sbtest%d WHERE k BETWEEN 3987577 AND 3987677
for range-covered
table 1 : explain SELECT k FROM sbtest1 WHERE k BETWEEN 7681463 AND 7681563
	Index Only Scan using k_1 on sbtest1  (cost=0.43..10.60 rows=108 width=4)
	  Index Cond: ((k >= 7681463) AND (k <= 7681563))

table 2 : explain SELECT k FROM sbtest2 WHERE k BETWEEN 7681463 AND 7681563
	Index Only Scan using k_2 on sbtest2  (cost=0.43..6.51 rows=104 width=4)
	  Index Cond: ((k >= 7681463) AND (k <= 7681563))

table 3 : explain SELECT k FROM sbtest3 WHERE k BETWEEN 7681463 AND 7681563
	Index Only Scan using k_3 on sbtest3  (cost=0.43..6.33 rows=95 width=4)
	  Index Cond: ((k >= 7681463) AND (k <= 7681563))

table 4 : explain SELECT k FROM sbtest4 WHERE k BETWEEN 7681463 AND 7681563
	Index Only Scan using k_4 on sbtest4  (cost=0.43..10.54 rows=105 width=4)
	  Index Cond: ((k >= 7681463) AND (k <= 7681563))

table 5 : explain SELECT k FROM sbtest5 WHERE k BETWEEN 7681463 AND 7681563
	Index Only Scan using k_5 on sbtest5  (cost=0.43..10.54 rows=105 width=4)
	  Index Cond: ((k >= 7681463) AND (k <= 7681563))

table 6 : explain SELECT k FROM sbtest6 WHERE k BETWEEN 7681463 AND 7681563
	Index Only Scan using k_6 on sbtest6  (cost=0.43..6.56 rows=106 width=4)
	  Index Cond: ((k >= 7681463) AND (k <= 7681563))

table 7 : explain SELECT k FROM sbtest7 WHERE k BETWEEN 7681463 AND 7681563
	Index Only Scan using k_7 on sbtest7  (cost=0.43..6.37 rows=97 width=4)
	  Index Cond: ((k >= 7681463) AND (k <= 7681563))

table 8 : explain SELECT k FROM sbtest8 WHERE k BETWEEN 7681463 AND 7681563
	Index Only Scan using k_8 on sbtest8  (cost=0.43..6.61 rows=109 width=4)
	  Index Cond: ((k >= 7681463) AND (k <= 7681563))

explain: for range-covered :: explain SELECT k FROM sbtest%d WHERE k BETWEEN 7681463 AND 7681563
for range-covered
table 1 : explain SELECT k FROM sbtest1 WHERE k BETWEEN 3915925 AND 3916025
	Index Only Scan using k_1 on sbtest1  (cost=0.43..10.36 rows=96 width=4)
	  Index Cond: ((k >= 3915925) AND (k <= 3916025))

table 2 : explain SELECT k FROM sbtest2 WHERE k BETWEEN 3915925 AND 3916025
	Index Only Scan using k_2 on sbtest2  (cost=0.43..6.61 rows=109 width=4)
	  Index Cond: ((k >= 3915925) AND (k <= 3916025))

table 3 : explain SELECT k FROM sbtest3 WHERE k BETWEEN 3915925 AND 3916025
	Index Only Scan using k_3 on sbtest3  (cost=0.43..6.59 rows=108 width=4)
	  Index Cond: ((k >= 3915925) AND (k <= 3916025))

table 4 : explain SELECT k FROM sbtest4 WHERE k BETWEEN 3915925 AND 3916025
	Index Only Scan using k_4 on sbtest4  (cost=0.43..10.38 rows=97 width=4)
	  Index Cond: ((k >= 3915925) AND (k <= 3916025))

table 5 : explain SELECT k FROM sbtest5 WHERE k BETWEEN 3915925 AND 3916025
	Index Only Scan using k_5 on sbtest5  (cost=0.43..10.58 rows=107 width=4)
	  Index Cond: ((k >= 3915925) AND (k <= 3916025))

table 6 : explain SELECT k FROM sbtest6 WHERE k BETWEEN 3915925 AND 3916025
	Index Only Scan using k_6 on sbtest6  (cost=0.43..6.43 rows=100 width=4)
	  Index Cond: ((k >= 3915925) AND (k <= 3916025))

table 7 : explain SELECT k FROM sbtest7 WHERE k BETWEEN 3915925 AND 3916025
	Index Only Scan using k_7 on sbtest7  (cost=0.43..6.61 rows=109 width=4)
	  Index Cond: ((k >= 3915925) AND (k <= 3916025))

table 8 : explain SELECT k FROM sbtest8 WHERE k BETWEEN 3915925 AND 3916025
	Index Only Scan using k_8 on sbtest8  (cost=0.43..6.33 rows=95 width=4)
	  Index Cond: ((k >= 3915925) AND (k <= 3916025))

explain: for range-covered :: explain SELECT k FROM sbtest%d WHERE k BETWEEN 3915925 AND 3916025
for range-covered
table 1 : explain SELECT k FROM sbtest1 WHERE k BETWEEN 4076985 AND 4077085
	Index Only Scan using k_1 on sbtest1  (cost=0.43..10.54 rows=105 width=4)
	  Index Cond: ((k >= 4076985) AND (k <= 4077085))

table 2 : explain SELECT k FROM sbtest2 WHERE k BETWEEN 4076985 AND 4077085
	Index Only Scan using k_2 on sbtest2  (cost=0.43..6.56 rows=106 width=4)
	  Index Cond: ((k >= 4076985) AND (k <= 4077085))

table 3 : explain SELECT k FROM sbtest3 WHERE k BETWEEN 4076985 AND 4077085
	Index Only Scan using k_3 on sbtest3  (cost=0.43..6.33 rows=95 width=4)
	  Index Cond: ((k >= 4076985) AND (k <= 4077085))

table 4 : explain SELECT k FROM sbtest4 WHERE k BETWEEN 4076985 AND 4077085
	Index Only Scan using k_4 on sbtest4  (cost=0.43..10.50 rows=103 width=4)
	  Index Cond: ((k >= 4076985) AND (k <= 4077085))

table 5 : explain SELECT k FROM sbtest5 WHERE k BETWEEN 4076985 AND 4077085
	Index Only Scan using k_5 on sbtest5  (cost=0.43..10.44 rows=100 width=4)
	  Index Cond: ((k >= 4076985) AND (k <= 4077085))

table 6 : explain SELECT k FROM sbtest6 WHERE k BETWEEN 4076985 AND 4077085
	Index Only Scan using k_6 on sbtest6  (cost=0.43..6.47 rows=102 width=4)
	  Index Cond: ((k >= 4076985) AND (k <= 4077085))

table 7 : explain SELECT k FROM sbtest7 WHERE k BETWEEN 4076985 AND 4077085
	Index Only Scan using k_7 on sbtest7  (cost=0.43..6.50 rows=103 width=4)
	  Index Cond: ((k >= 4076985) AND (k <= 4077085))

table 8 : explain SELECT k FROM sbtest8 WHERE k BETWEEN 4076985 AND 4077085
	Index Only Scan using k_8 on sbtest8  (cost=0.43..6.51 rows=104 width=4)
	  Index Cond: ((k >= 4076985) AND (k <= 4077085))

explain: for range-covered :: explain SELECT k FROM sbtest%d WHERE k BETWEEN 4076985 AND 4077085
for range-covered
table 1 : explain SELECT k FROM sbtest1 WHERE k BETWEEN 3987577 AND 3987677
	Index Only Scan using k_1 on sbtest1  (cost=0.43..10.36 rows=96 width=4)
	  Index Cond: ((k >= 3987577) AND (k <= 3987677))

table 2 : explain SELECT k FROM sbtest2 WHERE k BETWEEN 3987577 AND 3987677
	Index Only Scan using k_2 on sbtest2  (cost=0.43..6.37 rows=97 width=4)
	  Index Cond: ((k >= 3987577) AND (k <= 3987677))

table 3 : explain SELECT k FROM sbtest3 WHERE k BETWEEN 3987577 AND 3987677
	Index Only Scan using k_3 on sbtest3  (cost=0.43..6.42 rows=99 width=4)
	  Index Cond: ((k >= 3987577) AND (k <= 3987677))

table 4 : explain SELECT k FROM sbtest4 WHERE k BETWEEN 3987577 AND 3987677
	Index Only Scan using k_4 on sbtest4  (cost=0.43..10.50 rows=103 width=4)
	  Index Cond: ((k >= 3987577) AND (k <= 3987677))

table 5 : explain SELECT k FROM sbtest5 WHERE k BETWEEN 3987577 AND 3987677
	Index Only Scan using k_5 on sbtest5  (cost=0.43..10.58 rows=107 width=4)
	  Index Cond: ((k >= 3987577) AND (k <= 3987677))

table 6 : explain SELECT k FROM sbtest6 WHERE k BETWEEN 3987577 AND 3987677
	Index Only Scan using k_6 on sbtest6  (cost=0.43..6.33 rows=95 width=4)
	  Index Cond: ((k >= 3987577) AND (k <= 3987677))

table 7 : explain SELECT k FROM sbtest7 WHERE k BETWEEN 3987577 AND 3987677
	Index Only Scan using k_7 on sbtest7  (cost=0.43..6.61 rows=109 width=4)
	  Index Cond: ((k >= 3987577) AND (k <= 3987677))

table 8 : explain SELECT k FROM sbtest8 WHERE k BETWEEN 3987577 AND 3987677
	Index Only Scan using k_8 on sbtest8  (cost=0.43..6.40 rows=98 width=4)
	  Index Cond: ((k >= 3987577) AND (k <= 3987677))

explain: for range-covered :: explain SELECT k FROM sbtest%d WHERE k BETWEEN 3987577 AND 3987677
for range-covered
table 1 : explain SELECT k FROM sbtest1 WHERE k BETWEEN 2874111 AND 2874211
	Index Only Scan using k_1 on sbtest1  (cost=0.43..10.29 rows=93 width=4)
	  Index Cond: ((k >= 2874111) AND (k <= 2874211))

table 2 : explain SELECT k FROM sbtest2 WHERE k BETWEEN 2874111 AND 2874211
	Index Only Scan using k_2 on sbtest2  (cost=0.43..6.42 rows=99 width=4)
	  Index Cond: ((k >= 2874111) AND (k <= 2874211))

table 3 : explain SELECT k FROM sbtest3 WHERE k BETWEEN 2874111 AND 2874211
	Index Only Scan using k_3 on sbtest3  (cost=0.43..6.42 rows=99 width=4)
	  Index Cond: ((k >= 2874111) AND (k <= 2874211))

table 4 : explain SELECT k FROM sbtest4 WHERE k BETWEEN 2874111 AND 2874211
	Index Only Scan using k_4 on sbtest4  (cost=0.43..10.58 rows=107 width=4)
	  Index Cond: ((k >= 2874111) AND (k <= 2874211))

table 5 : explain SELECT k FROM sbtest5 WHERE k BETWEEN 2874111 AND 2874211
	Index Only Scan using k_5 on sbtest5  (cost=0.43..10.42 rows=99 width=4)
	  Index Cond: ((k >= 2874111) AND (k <= 2874211))

table 6 : explain SELECT k FROM sbtest6 WHERE k BETWEEN 2874111 AND 2874211
	Index Only Scan using k_6 on sbtest6  (cost=0.43..6.58 rows=107 width=4)
	  Index Cond: ((k >= 2874111) AND (k <= 2874211))

table 7 : explain SELECT k FROM sbtest7 WHERE k BETWEEN 2874111 AND 2874211
	Index Only Scan using k_7 on sbtest7  (cost=0.43..6.59 rows=108 width=4)
	  Index Cond: ((k >= 2874111) AND (k <= 2874211))

table 8 : explain SELECT k FROM sbtest8 WHERE k BETWEEN 2874111 AND 2874211
	Index Only Scan using k_8 on sbtest8  (cost=0.43..6.21 rows=89 width=4)
	  Index Cond: ((k >= 2874111) AND (k <= 2874211))

for range-covered
table 1 : explain SELECT k FROM sbtest1 WHERE k BETWEEN 3915925 AND 3916025
	Index Only Scan using k_1 on sbtest1  (cost=0.43..10.36 rows=96 width=4)
	  Index Cond: ((k >= 3915925) AND (k <= 3916025))

table 2 : explain SELECT k FROM sbtest2 WHERE k BETWEEN 3915925 AND 3916025
	Index Only Scan using k_2 on sbtest2  (cost=0.43..6.61 rows=109 width=4)
	  Index Cond: ((k >= 3915925) AND (k <= 3916025))

table 3 : explain SELECT k FROM sbtest3 WHERE k BETWEEN 3915925 AND 3916025
	Index Only Scan using k_3 on sbtest3  (cost=0.43..6.59 rows=108 width=4)
	  Index Cond: ((k >= 3915925) AND (k <= 3916025))

table 4 : explain SELECT k FROM sbtest4 WHERE k BETWEEN 3915925 AND 3916025
	Index Only Scan using k_4 on sbtest4  (cost=0.43..10.38 rows=97 width=4)
	  Index Cond: ((k >= 3915925) AND (k <= 3916025))

table 5 : explain SELECT k FROM sbtest5 WHERE k BETWEEN 3915925 AND 3916025
	Index Only Scan using k_5 on sbtest5  (cost=0.43..10.58 rows=107 width=4)
	  Index Cond: ((k >= 3915925) AND (k <= 3916025))

table 6 : explain SELECT k FROM sbtest6 WHERE k BETWEEN 3915925 AND 3916025
	Index Only Scan using k_6 on sbtest6  (cost=0.43..6.43 rows=100 width=4)
	  Index Cond: ((k >= 3915925) AND (k <= 3916025))

table 7 : explain SELECT k FROM sbtest7 WHERE k BETWEEN 3915925 AND 3916025
	Index Only Scan using k_7 on sbtest7  (cost=0.43..6.61 rows=109 width=4)
	  Index Cond: ((k >= 3915925) AND (k <= 3916025))

table 8 : explain SELECT k FROM sbtest8 WHERE k BETWEEN 3915925 AND 3916025
	Index Only Scan using k_8 on sbtest8  (cost=0.43..6.33 rows=95 width=4)
	  Index Cond: ((k >= 3915925) AND (k <= 3916025))

explain: for range-covered :: explain SELECT k FROM sbtest%d WHERE k BETWEEN 2874111 AND 2874211
for range-covered
table 1 : explain SELECT k FROM sbtest1 WHERE k BETWEEN 6935857 AND 6935957
	Index Only Scan using k_1 on sbtest1  (cost=0.43..10.56 rows=106 width=4)
	  Index Cond: ((k >= 6935857) AND (k <= 6935957))

table 2 : explain SELECT k FROM sbtest2 WHERE k BETWEEN 6935857 AND 6935957
	Index Only Scan using k_2 on sbtest2  (cost=0.43..6.43 rows=100 width=4)
	  Index Cond: ((k >= 6935857) AND (k <= 6935957))

table 3 : explain SELECT k FROM sbtest3 WHERE k BETWEEN 6935857 AND 6935957
	Index Only Scan using k_3 on sbtest3  (cost=0.43..6.67 rows=112 width=4)
	  Index Cond: ((k >= 6935857) AND (k <= 6935957))

table 4 : explain SELECT k FROM sbtest4 WHERE k BETWEEN 6935857 AND 6935957
	Index Only Scan using k_4 on sbtest4  (cost=0.43..10.38 rows=97 width=4)
	  Index Cond: ((k >= 6935857) AND (k <= 6935957))

table 5 : explain SELECT k FROM sbtest5 WHERE k BETWEEN 6935857 AND 6935957
	Index Only Scan using k_5 on sbtest5  (cost=0.43..10.47 rows=102 width=4)
	  Index Cond: ((k >= 6935857) AND (k <= 6935957))

table 6 : explain SELECT k FROM sbtest6 WHERE k BETWEEN 6935857 AND 6935957
	Index Only Scan using k_6 on sbtest6  (cost=0.43..6.61 rows=109 width=4)
	  Index Cond: ((k >= 6935857) AND (k <= 6935957))

table 7 : explain SELECT k FROM sbtest7 WHERE k BETWEEN 6935857 AND 6935957
	Index Only Scan using k_7 on sbtest7  (cost=0.43..6.25 rows=91 width=4)
	  Index Cond: ((k >= 6935857) AND (k <= 6935957))

table 8 : explain SELECT k FROM sbtest8 WHERE k BETWEEN 6935857 AND 6935957
	Index Only Scan using k_8 on sbtest8  (cost=0.43..6.74 rows=115 width=4)
	  Index Cond: ((k >= 6935857) AND (k <= 6935957))

for range-covered
table 1 : explain SELECT k FROM sbtest1 WHERE k BETWEEN 1868229 AND 1868329
	Index Only Scan using k_1 on sbtest1  (cost=0.43..10.50 rows=103 width=4)
	  Index Cond: ((k >= 1868229) AND (k <= 1868329))

table 2 : explain SELECT k FROM sbtest2 WHERE k BETWEEN 1868229 AND 1868329
	Index Only Scan using k_2 on sbtest2  (cost=0.43..6.51 rows=104 width=4)
	  Index Cond: ((k >= 1868229) AND (k <= 1868329))

table 3 : explain SELECT k FROM sbtest3 WHERE k BETWEEN 1868229 AND 1868329
	Index Only Scan using k_3 on sbtest3  (cost=0.43..6.77 rows=117 width=4)
	  Index Cond: ((k >= 1868229) AND (k <= 1868329))

table 4 : explain SELECT k FROM sbtest4 WHERE k BETWEEN 1868229 AND 1868329
	Index Only Scan using k_4 on sbtest4  (cost=0.43..10.32 rows=94 width=4)
	  Index Cond: ((k >= 1868229) AND (k <= 1868329))

table 5 : explain SELECT k FROM sbtest5 WHERE k BETWEEN 1868229 AND 1868329
	Index Only Scan using k_5 on sbtest5  (cost=0.43..10.51 rows=104 width=4)
	  Index Cond: ((k >= 1868229) AND (k <= 1868329))

table 6 : explain SELECT k FROM sbtest6 WHERE k BETWEEN 1868229 AND 1868329
	Index Only Scan using k_6 on sbtest6  (cost=0.43..6.63 rows=110 width=4)
	  Index Cond: ((k >= 1868229) AND (k <= 1868329))

table 7 : explain SELECT k FROM sbtest7 WHERE k BETWEEN 1868229 AND 1868329
	Index Only Scan using k_7 on sbtest7  (cost=0.43..6.37 rows=97 width=4)
	  Index Cond: ((k >= 1868229) AND (k <= 1868329))

table 8 : explain SELECT k FROM sbtest8 WHERE k BETWEEN 1868229 AND 1868329
	Index Only Scan using k_8 on sbtest8  (cost=0.43..6.27 rows=92 width=4)
	  Index Cond: ((k >= 1868229) AND (k <= 1868329))

explain: for range-covered :: explain SELECT k FROM sbtest%d WHERE k BETWEEN 3915925 AND 3916025
for range-covered
table 1 : explain SELECT k FROM sbtest1 WHERE k BETWEEN 3171507 AND 3171607
	Index Only Scan using k_1 on sbtest1  (cost=0.43..10.40 rows=98 width=4)
	  Index Cond: ((k >= 3171507) AND (k <= 3171607))

table 2 : explain SELECT k FROM sbtest2 WHERE k BETWEEN 3171507 AND 3171607
	Index Only Scan using k_2 on sbtest2  (cost=0.43..6.42 rows=99 width=4)
	  Index Cond: ((k >= 3171507) AND (k <= 3171607))

table 3 : explain SELECT k FROM sbtest3 WHERE k BETWEEN 3171507 AND 3171607
	Index Only Scan using k_3 on sbtest3  (cost=0.43..6.33 rows=95 width=4)
	  Index Cond: ((k >= 3171507) AND (k <= 3171607))

table 4 : explain SELECT k FROM sbtest4 WHERE k BETWEEN 3171507 AND 3171607
	Index Only Scan using k_4 on sbtest4  (cost=0.43..10.63 rows=110 width=4)
	  Index Cond: ((k >= 3171507) AND (k <= 3171607))

table 5 : explain SELECT k FROM sbtest5 WHERE k BETWEEN 3171507 AND 3171607
	Index Only Scan using k_5 on sbtest5  (cost=0.43..10.54 rows=105 width=4)
	  Index Cond: ((k >= 3171507) AND (k <= 3171607))

table 6 : explain SELECT k FROM sbtest6 WHERE k BETWEEN 3171507 AND 3171607
	Index Only Scan using k_6 on sbtest6  (cost=0.43..6.58 rows=107 width=4)
	  Index Cond: ((k >= 3171507) AND (k <= 3171607))

table 7 : explain SELECT k FROM sbtest7 WHERE k BETWEEN 3171507 AND 3171607
	Index Only Scan using k_7 on sbtest7  (cost=0.43..6.47 rows=102 width=4)
	  Index Cond: ((k >= 3171507) AND (k <= 3171607))

table 8 : explain SELECT k FROM sbtest8 WHERE k BETWEEN 3171507 AND 3171607
	Index Only Scan using k_8 on sbtest8  (cost=0.43..6.58 rows=107 width=4)
	  Index Cond: ((k >= 3171507) AND (k <= 3171607))

explain: for range-covered :: explain SELECT k FROM sbtest%d WHERE k BETWEEN 1868229 AND 1868329
explain: for range-covered :: explain SELECT k FROM sbtest%d WHERE k BETWEEN 3171507 AND 3171607
explain: for range-covered :: explain SELECT k FROM sbtest%d WHERE k BETWEEN 6935857 AND 6935957
for range-covered
table 1 : explain SELECT k FROM sbtest1 WHERE k BETWEEN 5938635 AND 5938735
	Index Only Scan using k_1 on sbtest1  (cost=0.43..10.33 rows=95 width=4)
	  Index Cond: ((k >= 5938635) AND (k <= 5938735))

table 2 : explain SELECT k FROM sbtest2 WHERE k BETWEEN 5938635 AND 5938735
	Index Only Scan using k_2 on sbtest2  (cost=0.43..6.56 rows=106 width=4)
	  Index Cond: ((k >= 5938635) AND (k <= 5938735))

table 3 : explain SELECT k FROM sbtest3 WHERE k BETWEEN 5938635 AND 5938735
	Index Only Scan using k_3 on sbtest3  (cost=0.43..6.75 rows=116 width=4)
	  Index Cond: ((k >= 5938635) AND (k <= 5938735))

table 4 : explain SELECT k FROM sbtest4 WHERE k BETWEEN 5938635 AND 5938735
	Index Only Scan using k_4 on sbtest4  (cost=0.43..10.54 rows=105 width=4)
	  Index Cond: ((k >= 5938635) AND (k <= 5938735))

table 5 : explain SELECT k FROM sbtest5 WHERE k BETWEEN 5938635 AND 5938735
	Index Only Scan using k_5 on sbtest5  (cost=0.43..10.50 rows=103 width=4)
	  Index Cond: ((k >= 5938635) AND (k <= 5938735))

table 6 : explain SELECT k FROM sbtest6 WHERE k BETWEEN 5938635 AND 5938735
	Index Only Scan using k_6 on sbtest6  (cost=0.43..6.42 rows=99 width=4)
	  Index Cond: ((k >= 5938635) AND (k <= 5938735))

table 7 : explain SELECT k FROM sbtest7 WHERE k BETWEEN 5938635 AND 5938735
	Index Only Scan using k_7 on sbtest7  (cost=0.43..6.37 rows=97 width=4)
	  Index Cond: ((k >= 5938635) AND (k <= 5938735))

table 8 : explain SELECT k FROM sbtest8 WHERE k BETWEEN 5938635 AND 5938735
	Index Only Scan using k_8 on sbtest8  (cost=0.43..6.58 rows=107 width=4)
	  Index Cond: ((k >= 5938635) AND (k <= 5938735))

for range-covered
table 1 : explain SELECT k FROM sbtest1 WHERE k BETWEEN 4076985 AND 4077085
	Index Only Scan using k_1 on sbtest1  (cost=0.43..10.54 rows=105 width=4)
	  Index Cond: ((k >= 4076985) AND (k <= 4077085))

table 2 : explain SELECT k FROM sbtest2 WHERE k BETWEEN 4076985 AND 4077085
	Index Only Scan using k_2 on sbtest2  (cost=0.43..6.56 rows=106 width=4)
	  Index Cond: ((k >= 4076985) AND (k <= 4077085))

table 3 : explain SELECT k FROM sbtest3 WHERE k BETWEEN 4076985 AND 4077085
	Index Only Scan using k_3 on sbtest3  (cost=0.43..6.33 rows=95 width=4)
	  Index Cond: ((k >= 4076985) AND (k <= 4077085))

table 4 : explain SELECT k FROM sbtest4 WHERE k BETWEEN 4076985 AND 4077085
	Index Only Scan using k_4 on sbtest4  (cost=0.43..10.50 rows=103 width=4)
	  Index Cond: ((k >= 4076985) AND (k <= 4077085))

table 5 : explain SELECT k FROM sbtest5 WHERE k BETWEEN 4076985 AND 4077085
	Index Only Scan using k_5 on sbtest5  (cost=0.43..10.44 rows=100 width=4)
	  Index Cond: ((k >= 4076985) AND (k <= 4077085))

table 6 : explain SELECT k FROM sbtest6 WHERE k BETWEEN 4076985 AND 4077085
	Index Only Scan using k_6 on sbtest6  (cost=0.43..6.47 rows=102 width=4)
	  Index Cond: ((k >= 4076985) AND (k <= 4077085))

table 7 : explain SELECT k FROM sbtest7 WHERE k BETWEEN 4076985 AND 4077085
	Index Only Scan using k_7 on sbtest7  (cost=0.43..6.50 rows=103 width=4)
	  Index Cond: ((k >= 4076985) AND (k <= 4077085))

table 8 : explain SELECT k FROM sbtest8 WHERE k BETWEEN 4076985 AND 4077085
	Index Only Scan using k_8 on sbtest8  (cost=0.43..6.51 rows=104 width=4)
	  Index Cond: ((k >= 4076985) AND (k <= 4077085))

for range-covered
table 1 : explain SELECT k FROM sbtest1 WHERE k BETWEEN 7681463 AND 7681563
	Index Only Scan using k_1 on sbtest1  (cost=0.43..10.60 rows=108 width=4)
	  Index Cond: ((k >= 7681463) AND (k <= 7681563))

table 2 : explain SELECT k FROM sbtest2 WHERE k BETWEEN 7681463 AND 7681563
	Index Only Scan using k_2 on sbtest2  (cost=0.43..6.51 rows=104 width=4)
	  Index Cond: ((k >= 7681463) AND (k <= 7681563))

table 3 : explain SELECT k FROM sbtest3 WHERE k BETWEEN 7681463 AND 7681563
	Index Only Scan using k_3 on sbtest3  (cost=0.43..6.33 rows=95 width=4)
	  Index Cond: ((k >= 7681463) AND (k <= 7681563))

table 4 : explain SELECT k FROM sbtest4 WHERE k BETWEEN 7681463 AND 7681563
	Index Only Scan using k_4 on sbtest4  (cost=0.43..10.54 rows=105 width=4)
	  Index Cond: ((k >= 7681463) AND (k <= 7681563))

table 5 : explain SELECT k FROM sbtest5 WHERE k BETWEEN 7681463 AND 7681563
	Index Only Scan using k_5 on sbtest5  (cost=0.43..10.54 rows=105 width=4)
	  Index Cond: ((k >= 7681463) AND (k <= 7681563))

table 6 : explain SELECT k FROM sbtest6 WHERE k BETWEEN 7681463 AND 7681563
	Index Only Scan using k_6 on sbtest6  (cost=0.43..6.56 rows=106 width=4)
	  Index Cond: ((k >= 7681463) AND (k <= 7681563))

table 7 : explain SELECT k FROM sbtest7 WHERE k BETWEEN 7681463 AND 7681563
	Index Only Scan using k_7 on sbtest7  (cost=0.43..6.37 rows=97 width=4)
	  Index Cond: ((k >= 7681463) AND (k <= 7681563))

table 8 : explain SELECT k FROM sbtest8 WHERE k BETWEEN 7681463 AND 7681563
	Index Only Scan using k_8 on sbtest8  (cost=0.43..6.61 rows=109 width=4)
	  Index Cond: ((k >= 7681463) AND (k <= 7681563))

explain: for range-covered :: explain SELECT k FROM sbtest%d WHERE k BETWEEN 4076985 AND 4077085
for range-covered
table 1 : explain SELECT k FROM sbtest1 WHERE k BETWEEN 3987577 AND 3987677
	Index Only Scan using k_1 on sbtest1  (cost=0.43..10.36 rows=96 width=4)
	  Index Cond: ((k >= 3987577) AND (k <= 3987677))

table 2 : explain SELECT k FROM sbtest2 WHERE k BETWEEN 3987577 AND 3987677
	Index Only Scan using k_2 on sbtest2  (cost=0.43..6.37 rows=97 width=4)
	  Index Cond: ((k >= 3987577) AND (k <= 3987677))

table 3 : explain SELECT k FROM sbtest3 WHERE k BETWEEN 3987577 AND 3987677
	Index Only Scan using k_3 on sbtest3  (cost=0.43..6.42 rows=99 width=4)
	  Index Cond: ((k >= 3987577) AND (k <= 3987677))

table 4 : explain SELECT k FROM sbtest4 WHERE k BETWEEN 3987577 AND 3987677
	Index Only Scan using k_4 on sbtest4  (cost=0.43..10.50 rows=103 width=4)
	  Index Cond: ((k >= 3987577) AND (k <= 3987677))

table 5 : explain SELECT k FROM sbtest5 WHERE k BETWEEN 3987577 AND 3987677
	Index Only Scan using k_5 on sbtest5  (cost=0.43..10.58 rows=107 width=4)
	  Index Cond: ((k >= 3987577) AND (k <= 3987677))

table 6 : explain SELECT k FROM sbtest6 WHERE k BETWEEN 3987577 AND 3987677
	Index Only Scan using k_6 on sbtest6  (cost=0.43..6.33 rows=95 width=4)
	  Index Cond: ((k >= 3987577) AND (k <= 3987677))

table 7 : explain SELECT k FROM sbtest7 WHERE k BETWEEN 3987577 AND 3987677
	Index Only Scan using k_7 on sbtest7  (cost=0.43..6.61 rows=109 width=4)
	  Index Cond: ((k >= 3987577) AND (k <= 3987677))

table 8 : explain SELECT k FROM sbtest8 WHERE k BETWEEN 3987577 AND 3987677
	Index Only Scan using k_8 on sbtest8  (cost=0.43..6.40 rows=98 width=4)
	  Index Cond: ((k >= 3987577) AND (k <= 3987677))

explain: for range-covered :: explain SELECT k FROM sbtest%d WHERE k BETWEEN 7681463 AND 7681563
explain: for range-covered :: explain SELECT k FROM sbtest%d WHERE k BETWEEN 3987577 AND 3987677
for range-covered
table 1 : explain SELECT k FROM sbtest1 WHERE k BETWEEN 3171507 AND 3171607
	Index Only Scan using k_1 on sbtest1  (cost=0.43..10.40 rows=98 width=4)
	  Index Cond: ((k >= 3171507) AND (k <= 3171607))

table 2 : explain SELECT k FROM sbtest2 WHERE k BETWEEN 3171507 AND 3171607
	Index Only Scan using k_2 on sbtest2  (cost=0.43..6.42 rows=99 width=4)
	  Index Cond: ((k >= 3171507) AND (k <= 3171607))

table 3 : explain SELECT k FROM sbtest3 WHERE k BETWEEN 3171507 AND 3171607
	Index Only Scan using k_3 on sbtest3  (cost=0.43..6.33 rows=95 width=4)
	  Index Cond: ((k >= 3171507) AND (k <= 3171607))

table 4 : explain SELECT k FROM sbtest4 WHERE k BETWEEN 3171507 AND 3171607
	Index Only Scan using k_4 on sbtest4  (cost=0.43..10.63 rows=110 width=4)
	  Index Cond: ((k >= 3171507) AND (k <= 3171607))

table 5 : explain SELECT k FROM sbtest5 WHERE k BETWEEN 3171507 AND 3171607
	Index Only Scan using k_5 on sbtest5  (cost=0.43..10.54 rows=105 width=4)
	  Index Cond: ((k >= 3171507) AND (k <= 3171607))

table 6 : explain SELECT k FROM sbtest6 WHERE k BETWEEN 3171507 AND 3171607
	Index Only Scan using k_6 on sbtest6  (cost=0.43..6.58 rows=107 width=4)
	  Index Cond: ((k >= 3171507) AND (k <= 3171607))

table 7 : explain SELECT k FROM sbtest7 WHERE k BETWEEN 3171507 AND 3171607
	Index Only Scan using k_7 on sbtest7  (cost=0.43..6.47 rows=102 width=4)
	  Index Cond: ((k >= 3171507) AND (k <= 3171607))

table 8 : explain SELECT k FROM sbtest8 WHERE k BETWEEN 3171507 AND 3171607
	Index Only Scan using k_8 on sbtest8  (cost=0.43..6.58 rows=107 width=4)
	  Index Cond: ((k >= 3171507) AND (k <= 3171607))

for range-covered
table 1 : explain SELECT k FROM sbtest1 WHERE k BETWEEN 4076985 AND 4077085
	Index Only Scan using k_1 on sbtest1  (cost=0.43..10.54 rows=105 width=4)
	  Index Cond: ((k >= 4076985) AND (k <= 4077085))

table 2 : explain SELECT k FROM sbtest2 WHERE k BETWEEN 4076985 AND 4077085
	Index Only Scan using k_2 on sbtest2  (cost=0.43..6.56 rows=106 width=4)
	  Index Cond: ((k >= 4076985) AND (k <= 4077085))

table 3 : explain SELECT k FROM sbtest3 WHERE k BETWEEN 4076985 AND 4077085
	Index Only Scan using k_3 on sbtest3  (cost=0.43..6.33 rows=95 width=4)
	  Index Cond: ((k >= 4076985) AND (k <= 4077085))

table 4 : explain SELECT k FROM sbtest4 WHERE k BETWEEN 4076985 AND 4077085
	Index Only Scan using k_4 on sbtest4  (cost=0.43..10.50 rows=103 width=4)
	  Index Cond: ((k >= 4076985) AND (k <= 4077085))

table 5 : explain SELECT k FROM sbtest5 WHERE k BETWEEN 4076985 AND 4077085
	Index Only Scan using k_5 on sbtest5  (cost=0.43..10.44 rows=100 width=4)
	  Index Cond: ((k >= 4076985) AND (k <= 4077085))

table 6 : explain SELECT k FROM sbtest6 WHERE k BETWEEN 4076985 AND 4077085
	Index Only Scan using k_6 on sbtest6  (cost=0.43..6.47 rows=102 width=4)
	  Index Cond: ((k >= 4076985) AND (k <= 4077085))

table 7 : explain SELECT k FROM sbtest7 WHERE k BETWEEN 4076985 AND 4077085
	Index Only Scan using k_7 on sbtest7  (cost=0.43..6.50 rows=103 width=4)
	  Index Cond: ((k >= 4076985) AND (k <= 4077085))

table 8 : explain SELECT k FROM sbtest8 WHERE k BETWEEN 4076985 AND 4077085
	Index Only Scan using k_8 on sbtest8  (cost=0.43..6.51 rows=104 width=4)
	  Index Cond: ((k >= 4076985) AND (k <= 4077085))

for range-covered
table 1 : explain SELECT k FROM sbtest1 WHERE k BETWEEN 7681463 AND 7681563
	Index Only Scan using k_1 on sbtest1  (cost=0.43..10.60 rows=108 width=4)
	  Index Cond: ((k >= 7681463) AND (k <= 7681563))

table 2 : explain SELECT k FROM sbtest2 WHERE k BETWEEN 7681463 AND 7681563
	Index Only Scan using k_2 on sbtest2  (cost=0.43..6.51 rows=104 width=4)
	  Index Cond: ((k >= 7681463) AND (k <= 7681563))

table 3 : explain SELECT k FROM sbtest3 WHERE k BETWEEN 7681463 AND 7681563
	Index Only Scan using k_3 on sbtest3  (cost=0.43..6.33 rows=95 width=4)
	  Index Cond: ((k >= 7681463) AND (k <= 7681563))

table 4 : explain SELECT k FROM sbtest4 WHERE k BETWEEN 7681463 AND 7681563
	Index Only Scan using k_4 on sbtest4  (cost=0.43..10.54 rows=105 width=4)
	  Index Cond: ((k >= 7681463) AND (k <= 7681563))

table 5 : explain SELECT k FROM sbtest5 WHERE k BETWEEN 7681463 AND 7681563
	Index Only Scan using k_5 on sbtest5  (cost=0.43..10.54 rows=105 width=4)
	  Index Cond: ((k >= 7681463) AND (k <= 7681563))

table 6 : explain SELECT k FROM sbtest6 WHERE k BETWEEN 7681463 AND 7681563
	Index Only Scan using k_6 on sbtest6  (cost=0.43..6.56 rows=106 width=4)
	  Index Cond: ((k >= 7681463) AND (k <= 7681563))

table 7 : explain SELECT k FROM sbtest7 WHERE k BETWEEN 7681463 AND 7681563
	Index Only Scan using k_7 on sbtest7  (cost=0.43..6.37 rows=97 width=4)
	  Index Cond: ((k >= 7681463) AND (k <= 7681563))

table 8 : explain SELECT k FROM sbtest8 WHERE k BETWEEN 7681463 AND 7681563
	Index Only Scan using k_8 on sbtest8  (cost=0.43..6.61 rows=109 width=4)
	  Index Cond: ((k >= 7681463) AND (k <= 7681563))

for range-covered
table 1 : explain SELECT k FROM sbtest1 WHERE k BETWEEN 3987577 AND 3987677
	Index Only Scan using k_1 on sbtest1  (cost=0.43..10.36 rows=96 width=4)
	  Index Cond: ((k >= 3987577) AND (k <= 3987677))

table 2 : explain SELECT k FROM sbtest2 WHERE k BETWEEN 3987577 AND 3987677
	Index Only Scan using k_2 on sbtest2  (cost=0.43..6.37 rows=97 width=4)
	  Index Cond: ((k >= 3987577) AND (k <= 3987677))

table 3 : explain SELECT k FROM sbtest3 WHERE k BETWEEN 3987577 AND 3987677
	Index Only Scan using k_3 on sbtest3  (cost=0.43..6.42 rows=99 width=4)
	  Index Cond: ((k >= 3987577) AND (k <= 3987677))

table 4 : explain SELECT k FROM sbtest4 WHERE k BETWEEN 3987577 AND 3987677
	Index Only Scan using k_4 on sbtest4  (cost=0.43..10.50 rows=103 width=4)
	  Index Cond: ((k >= 3987577) AND (k <= 3987677))

table 5 : explain SELECT k FROM sbtest5 WHERE k BETWEEN 3987577 AND 3987677
	Index Only Scan using k_5 on sbtest5  (cost=0.43..10.58 rows=107 width=4)
	  Index Cond: ((k >= 3987577) AND (k <= 3987677))

table 6 : explain SELECT k FROM sbtest6 WHERE k BETWEEN 3987577 AND 3987677
	Index Only Scan using k_6 on sbtest6  (cost=0.43..6.33 rows=95 width=4)
	  Index Cond: ((k >= 3987577) AND (k <= 3987677))

table 7 : explain SELECT k FROM sbtest7 WHERE k BETWEEN 3987577 AND 3987677
	Index Only Scan using k_7 on sbtest7  (cost=0.43..6.61 rows=109 width=4)
	  Index Cond: ((k >= 3987577) AND (k <= 3987677))

table 8 : explain SELECT k FROM sbtest8 WHERE k BETWEEN 3987577 AND 3987677
	Index Only Scan using k_8 on sbtest8  (cost=0.43..6.40 rows=98 width=4)
	  Index Cond: ((k >= 3987577) AND (k <= 3987677))

for range-covered
table 1 : explain SELECT k FROM sbtest1 WHERE k BETWEEN 1868229 AND 1868329
	Index Only Scan using k_1 on sbtest1  (cost=0.43..10.50 rows=103 width=4)
	  Index Cond: ((k >= 1868229) AND (k <= 1868329))

table 2 : explain SELECT k FROM sbtest2 WHERE k BETWEEN 1868229 AND 1868329
	Index Only Scan using k_2 on sbtest2  (cost=0.43..6.51 rows=104 width=4)
	  Index Cond: ((k >= 1868229) AND (k <= 1868329))

table 3 : explain SELECT k FROM sbtest3 WHERE k BETWEEN 1868229 AND 1868329
	Index Only Scan using k_3 on sbtest3  (cost=0.43..6.77 rows=117 width=4)
	  Index Cond: ((k >= 1868229) AND (k <= 1868329))

table 4 : explain SELECT k FROM sbtest4 WHERE k BETWEEN 1868229 AND 1868329
	Index Only Scan using k_4 on sbtest4  (cost=0.43..10.32 rows=94 width=4)
	  Index Cond: ((k >= 1868229) AND (k <= 1868329))

table 5 : explain SELECT k FROM sbtest5 WHERE k BETWEEN 1868229 AND 1868329
	Index Only Scan using k_5 on sbtest5  (cost=0.43..10.51 rows=104 width=4)
	  Index Cond: ((k >= 1868229) AND (k <= 1868329))

table 6 : explain SELECT k FROM sbtest6 WHERE k BETWEEN 1868229 AND 1868329
	Index Only Scan using k_6 on sbtest6  (cost=0.43..6.63 rows=110 width=4)
	  Index Cond: ((k >= 1868229) AND (k <= 1868329))

table 7 : explain SELECT k FROM sbtest7 WHERE k BETWEEN 1868229 AND 1868329
	Index Only Scan using k_7 on sbtest7  (cost=0.43..6.37 rows=97 width=4)
	  Index Cond: ((k >= 1868229) AND (k <= 1868329))

table 8 : explain SELECT k FROM sbtest8 WHERE k BETWEEN 1868229 AND 1868329
	Index Only Scan using k_8 on sbtest8  (cost=0.43..6.27 rows=92 width=4)
	  Index Cond: ((k >= 1868229) AND (k <= 1868329))

explain: for range-covered :: explain SELECT k FROM sbtest%d WHERE k BETWEEN 4076985 AND 4077085
explain: for range-covered :: explain SELECT k FROM sbtest%d WHERE k BETWEEN 3987577 AND 3987677
for range-covered
table 1 : explain SELECT k FROM sbtest1 WHERE k BETWEEN 6935857 AND 6935957
	Index Only Scan using k_1 on sbtest1  (cost=0.43..10.56 rows=106 width=4)
	  Index Cond: ((k >= 6935857) AND (k <= 6935957))

table 2 : explain SELECT k FROM sbtest2 WHERE k BETWEEN 6935857 AND 6935957
	Index Only Scan using k_2 on sbtest2  (cost=0.43..6.43 rows=100 width=4)
	  Index Cond: ((k >= 6935857) AND (k <= 6935957))

table 3 : explain SELECT k FROM sbtest3 WHERE k BETWEEN 6935857 AND 6935957
	Index Only Scan using k_3 on sbtest3  (cost=0.43..6.67 rows=112 width=4)
	  Index Cond: ((k >= 6935857) AND (k <= 6935957))

table 4 : explain SELECT k FROM sbtest4 WHERE k BETWEEN 6935857 AND 6935957
	Index Only Scan using k_4 on sbtest4  (cost=0.43..10.38 rows=97 width=4)
	  Index Cond: ((k >= 6935857) AND (k <= 6935957))

table 5 : explain SELECT k FROM sbtest5 WHERE k BETWEEN 6935857 AND 6935957
	Index Only Scan using k_5 on sbtest5  (cost=0.43..10.47 rows=102 width=4)
	  Index Cond: ((k >= 6935857) AND (k <= 6935957))

table 6 : explain SELECT k FROM sbtest6 WHERE k BETWEEN 6935857 AND 6935957
	Index Only Scan using k_6 on sbtest6  (cost=0.43..6.61 rows=109 width=4)
	  Index Cond: ((k >= 6935857) AND (k <= 6935957))

table 7 : explain SELECT k FROM sbtest7 WHERE k BETWEEN 6935857 AND 6935957
	Index Only Scan using k_7 on sbtest7  (cost=0.43..6.25 rows=91 width=4)
	  Index Cond: ((k >= 6935857) AND (k <= 6935957))

table 8 : explain SELECT k FROM sbtest8 WHERE k BETWEEN 6935857 AND 6935957
	Index Only Scan using k_8 on sbtest8  (cost=0.43..6.74 rows=115 width=4)
	  Index Cond: ((k >= 6935857) AND (k <= 6935957))

explain: for range-covered :: explain SELECT k FROM sbtest%d WHERE k BETWEEN 1868229 AND 1868329
for range-covered
table 1 : explain SELECT k FROM sbtest1 WHERE k BETWEEN 3915925 AND 3916025
	Index Only Scan using k_1 on sbtest1  (cost=0.43..10.36 rows=96 width=4)
	  Index Cond: ((k >= 3915925) AND (k <= 3916025))

table 2 : explain SELECT k FROM sbtest2 WHERE k BETWEEN 3915925 AND 3916025
	Index Only Scan using k_2 on sbtest2  (cost=0.43..6.61 rows=109 width=4)
	  Index Cond: ((k >= 3915925) AND (k <= 3916025))

table 3 : explain SELECT k FROM sbtest3 WHERE k BETWEEN 3915925 AND 3916025
	Index Only Scan using k_3 on sbtest3  (cost=0.43..6.59 rows=108 width=4)
	  Index Cond: ((k >= 3915925) AND (k <= 3916025))

table 4 : explain SELECT k FROM sbtest4 WHERE k BETWEEN 3915925 AND 3916025
	Index Only Scan using k_4 on sbtest4  (cost=0.43..10.38 rows=97 width=4)
	  Index Cond: ((k >= 3915925) AND (k <= 3916025))

table 5 : explain SELECT k FROM sbtest5 WHERE k BETWEEN 3915925 AND 3916025
	Index Only Scan using k_5 on sbtest5  (cost=0.43..10.58 rows=107 width=4)
	  Index Cond: ((k >= 3915925) AND (k <= 3916025))

table 6 : explain SELECT k FROM sbtest6 WHERE k BETWEEN 3915925 AND 3916025
	Index Only Scan using k_6 on sbtest6  (cost=0.43..6.43 rows=100 width=4)
	  Index Cond: ((k >= 3915925) AND (k <= 3916025))

table 7 : explain SELECT k FROM sbtest7 WHERE k BETWEEN 3915925 AND 3916025
	Index Only Scan using k_7 on sbtest7  (cost=0.43..6.61 rows=109 width=4)
	  Index Cond: ((k >= 3915925) AND (k <= 3916025))

table 8 : explain SELECT k FROM sbtest8 WHERE k BETWEEN 3915925 AND 3916025
	Index Only Scan using k_8 on sbtest8  (cost=0.43..6.33 rows=95 width=4)
	  Index Cond: ((k >= 3915925) AND (k <= 3916025))

for range-covered
table 1 : explain SELECT k FROM sbtest1 WHERE k BETWEEN 6598949 AND 6599049
	Index Only Scan using k_1 on sbtest1  (cost=0.43..10.33 rows=95 width=4)
	  Index Cond: ((k >= 6598949) AND (k <= 6599049))

table 2 : explain SELECT k FROM sbtest2 WHERE k BETWEEN 6598949 AND 6599049
	Index Only Scan using k_2 on sbtest2  (cost=0.43..6.59 rows=108 width=4)
	  Index Cond: ((k >= 6598949) AND (k <= 6599049))

table 3 : explain SELECT k FROM sbtest3 WHERE k BETWEEN 6598949 AND 6599049
	Index Only Scan using k_3 on sbtest3  (cost=0.43..6.56 rows=106 width=4)
	  Index Cond: ((k >= 6598949) AND (k <= 6599049))

table 4 : explain SELECT k FROM sbtest4 WHERE k BETWEEN 6598949 AND 6599049
	Index Only Scan using k_4 on sbtest4  (cost=0.43..10.58 rows=107 width=4)
	  Index Cond: ((k >= 6598949) AND (k <= 6599049))

table 5 : explain SELECT k FROM sbtest5 WHERE k BETWEEN 6598949 AND 6599049
	Index Only Scan using k_5 on sbtest5  (cost=0.43..10.46 rows=101 width=4)
	  Index Cond: ((k >= 6598949) AND (k <= 6599049))

table 6 : explain SELECT k FROM sbtest6 WHERE k BETWEEN 6598949 AND 6599049
	Index Only Scan using k_6 on sbtest6  (cost=0.43..6.32 rows=94 width=4)
	  Index Cond: ((k >= 6598949) AND (k <= 6599049))

table 7 : explain SELECT k FROM sbtest7 WHERE k BETWEEN 6598949 AND 6599049
	Index Only Scan using k_7 on sbtest7  (cost=0.43..6.56 rows=106 width=4)
	  Index Cond: ((k >= 6598949) AND (k <= 6599049))

table 8 : explain SELECT k FROM sbtest8 WHERE k BETWEEN 6598949 AND 6599049
	Index Only Scan using k_8 on sbtest8  (cost=0.43..6.40 rows=98 width=4)
	  Index Cond: ((k >= 6598949) AND (k <= 6599049))

explain: for range-covered :: explain SELECT k FROM sbtest%d WHERE k BETWEEN 7681463 AND 7681563
for range-covered
table 1 : explain SELECT k FROM sbtest1 WHERE k BETWEEN 2874111 AND 2874211
	Index Only Scan using k_1 on sbtest1  (cost=0.43..10.29 rows=93 width=4)
	  Index Cond: ((k >= 2874111) AND (k <= 2874211))

table 2 : explain SELECT k FROM sbtest2 WHERE k BETWEEN 2874111 AND 2874211
	Index Only Scan using k_2 on sbtest2  (cost=0.43..6.42 rows=99 width=4)
	  Index Cond: ((k >= 2874111) AND (k <= 2874211))

table 3 : explain SELECT k FROM sbtest3 WHERE k BETWEEN 2874111 AND 2874211
	Index Only Scan using k_3 on sbtest3  (cost=0.43..6.42 rows=99 width=4)
	  Index Cond: ((k >= 2874111) AND (k <= 2874211))

table 4 : explain SELECT k FROM sbtest4 WHERE k BETWEEN 2874111 AND 2874211
	Index Only Scan using k_4 on sbtest4  (cost=0.43..10.58 rows=107 width=4)
	  Index Cond: ((k >= 2874111) AND (k <= 2874211))

table 5 : explain SELECT k FROM sbtest5 WHERE k BETWEEN 2874111 AND 2874211
	Index Only Scan using k_5 on sbtest5  (cost=0.43..10.42 rows=99 width=4)
	  Index Cond: ((k >= 2874111) AND (k <= 2874211))

table 6 : explain SELECT k FROM sbtest6 WHERE k BETWEEN 2874111 AND 2874211
	Index Only Scan using k_6 on sbtest6  (cost=0.43..6.58 rows=107 width=4)
	  Index Cond: ((k >= 2874111) AND (k <= 2874211))

table 7 : explain SELECT k FROM sbtest7 WHERE k BETWEEN 2874111 AND 2874211
	Index Only Scan using k_7 on sbtest7  (cost=0.43..6.59 rows=108 width=4)
	  Index Cond: ((k >= 2874111) AND (k <= 2874211))

table 8 : explain SELECT k FROM sbtest8 WHERE k BETWEEN 2874111 AND 2874211
	Index Only Scan using k_8 on sbtest8  (cost=0.43..6.21 rows=89 width=4)
	  Index Cond: ((k >= 2874111) AND (k <= 2874211))

explain: for range-covered :: explain SELECT k FROM sbtest%d WHERE k BETWEEN 6935857 AND 6935957
explain: for range-covered :: explain SELECT k FROM sbtest%d WHERE k BETWEEN 3915925 AND 3916025
explain: for range-covered :: explain SELECT k FROM sbtest%d WHERE k BETWEEN 2874111 AND 2874211
explain: for range-covered :: explain SELECT k FROM sbtest%d WHERE k BETWEEN 1125933 AND 1126033
explain: for range-covered :: explain SELECT k FROM sbtest%d WHERE k BETWEEN 6598949 AND 6599049
for range-covered
table 1 : explain SELECT k FROM sbtest1 WHERE k BETWEEN 3987577 AND 3987677
	Index Only Scan using k_1 on sbtest1  (cost=0.43..10.36 rows=96 width=4)
	  Index Cond: ((k >= 3987577) AND (k <= 3987677))

table 2 : explain SELECT k FROM sbtest2 WHERE k BETWEEN 3987577 AND 3987677
	Index Only Scan using k_2 on sbtest2  (cost=0.43..6.37 rows=97 width=4)
	  Index Cond: ((k >= 3987577) AND (k <= 3987677))

table 3 : explain SELECT k FROM sbtest3 WHERE k BETWEEN 3987577 AND 3987677
	Index Only Scan using k_3 on sbtest3  (cost=0.43..6.42 rows=99 width=4)
	  Index Cond: ((k >= 3987577) AND (k <= 3987677))

table 4 : explain SELECT k FROM sbtest4 WHERE k BETWEEN 3987577 AND 3987677
	Index Only Scan using k_4 on sbtest4  (cost=0.43..10.50 rows=103 width=4)
	  Index Cond: ((k >= 3987577) AND (k <= 3987677))

table 5 : explain SELECT k FROM sbtest5 WHERE k BETWEEN 3987577 AND 3987677
	Index Only Scan using k_5 on sbtest5  (cost=0.43..10.58 rows=107 width=4)
	  Index Cond: ((k >= 3987577) AND (k <= 3987677))

table 6 : explain SELECT k FROM sbtest6 WHERE k BETWEEN 3987577 AND 3987677
	Index Only Scan using k_6 on sbtest6  (cost=0.43..6.33 rows=95 width=4)
	  Index Cond: ((k >= 3987577) AND (k <= 3987677))

table 7 : explain SELECT k FROM sbtest7 WHERE k BETWEEN 3987577 AND 3987677
	Index Only Scan using k_7 on sbtest7  (cost=0.43..6.61 rows=109 width=4)
	  Index Cond: ((k >= 3987577) AND (k <= 3987677))

table 8 : explain SELECT k FROM sbtest8 WHERE k BETWEEN 3987577 AND 3987677
	Index Only Scan using k_8 on sbtest8  (cost=0.43..6.40 rows=98 width=4)
	  Index Cond: ((k >= 3987577) AND (k <= 3987677))

explain: for range-covered :: explain SELECT k FROM sbtest%d WHERE k BETWEEN 3987577 AND 3987677
for range-covered
table 1 : explain SELECT k FROM sbtest1 WHERE k BETWEEN 7681463 AND 7681563
	Index Only Scan using k_1 on sbtest1  (cost=0.43..10.60 rows=108 width=4)
	  Index Cond: ((k >= 7681463) AND (k <= 7681563))

table 2 : explain SELECT k FROM sbtest2 WHERE k BETWEEN 7681463 AND 7681563
	Index Only Scan using k_2 on sbtest2  (cost=0.43..6.51 rows=104 width=4)
	  Index Cond: ((k >= 7681463) AND (k <= 7681563))

table 3 : explain SELECT k FROM sbtest3 WHERE k BETWEEN 7681463 AND 7681563
	Index Only Scan using k_3 on sbtest3  (cost=0.43..6.33 rows=95 width=4)
	  Index Cond: ((k >= 7681463) AND (k <= 7681563))

table 4 : explain SELECT k FROM sbtest4 WHERE k BETWEEN 7681463 AND 7681563
	Index Only Scan using k_4 on sbtest4  (cost=0.43..10.54 rows=105 width=4)
	  Index Cond: ((k >= 7681463) AND (k <= 7681563))

table 5 : explain SELECT k FROM sbtest5 WHERE k BETWEEN 7681463 AND 7681563
	Index Only Scan using k_5 on sbtest5  (cost=0.43..10.54 rows=105 width=4)
	  Index Cond: ((k >= 7681463) AND (k <= 7681563))

table 6 : explain SELECT k FROM sbtest6 WHERE k BETWEEN 7681463 AND 7681563
	Index Only Scan using k_6 on sbtest6  (cost=0.43..6.56 rows=106 width=4)
	  Index Cond: ((k >= 7681463) AND (k <= 7681563))

table 7 : explain SELECT k FROM sbtest7 WHERE k BETWEEN 7681463 AND 7681563
	Index Only Scan using k_7 on sbtest7  (cost=0.43..6.37 rows=97 width=4)
	  Index Cond: ((k >= 7681463) AND (k <= 7681563))

table 8 : explain SELECT k FROM sbtest8 WHERE k BETWEEN 7681463 AND 7681563
	Index Only Scan using k_8 on sbtest8  (cost=0.43..6.61 rows=109 width=4)
	  Index Cond: ((k >= 7681463) AND (k <= 7681563))

for range-covered
table 1 : explain SELECT k FROM sbtest1 WHERE k BETWEEN 3987577 AND 3987677
	Index Only Scan using k_1 on sbtest1  (cost=0.43..10.36 rows=96 width=4)
	  Index Cond: ((k >= 3987577) AND (k <= 3987677))

table 2 : explain SELECT k FROM sbtest2 WHERE k BETWEEN 3987577 AND 3987677
	Index Only Scan using k_2 on sbtest2  (cost=0.43..6.37 rows=97 width=4)
	  Index Cond: ((k >= 3987577) AND (k <= 3987677))

table 3 : explain SELECT k FROM sbtest3 WHERE k BETWEEN 3987577 AND 3987677
	Index Only Scan using k_3 on sbtest3  (cost=0.43..6.42 rows=99 width=4)
	  Index Cond: ((k >= 3987577) AND (k <= 3987677))

table 4 : explain SELECT k FROM sbtest4 WHERE k BETWEEN 3987577 AND 3987677
	Index Only Scan using k_4 on sbtest4  (cost=0.43..10.50 rows=103 width=4)
	  Index Cond: ((k >= 3987577) AND (k <= 3987677))

table 5 : explain SELECT k FROM sbtest5 WHERE k BETWEEN 3987577 AND 3987677
	Index Only Scan using k_5 on sbtest5  (cost=0.43..10.58 rows=107 width=4)
	  Index Cond: ((k >= 3987577) AND (k <= 3987677))

table 6 : explain SELECT k FROM sbtest6 WHERE k BETWEEN 3987577 AND 3987677
	Index Only Scan using k_6 on sbtest6  (cost=0.43..6.33 rows=95 width=4)
	  Index Cond: ((k >= 3987577) AND (k <= 3987677))

table 7 : explain SELECT k FROM sbtest7 WHERE k BETWEEN 3987577 AND 3987677
	Index Only Scan using k_7 on sbtest7  (cost=0.43..6.61 rows=109 width=4)
	  Index Cond: ((k >= 3987577) AND (k <= 3987677))

table 8 : explain SELECT k FROM sbtest8 WHERE k BETWEEN 3987577 AND 3987677
	Index Only Scan using k_8 on sbtest8  (cost=0.43..6.40 rows=98 width=4)
	  Index Cond: ((k >= 3987577) AND (k <= 3987677))

explain: for range-covered :: explain SELECT k FROM sbtest%d WHERE k BETWEEN 7681463 AND 7681563
explain: for range-covered :: explain SELECT k FROM sbtest%d WHERE k BETWEEN 3987577 AND 3987677
for range-covered
table 1 : explain SELECT k FROM sbtest1 WHERE k BETWEEN 6935857 AND 6935957
	Index Only Scan using k_1 on sbtest1  (cost=0.43..10.56 rows=106 width=4)
	  Index Cond: ((k >= 6935857) AND (k <= 6935957))

table 2 : explain SELECT k FROM sbtest2 WHERE k BETWEEN 6935857 AND 6935957
	Index Only Scan using k_2 on sbtest2  (cost=0.43..6.43 rows=100 width=4)
	  Index Cond: ((k >= 6935857) AND (k <= 6935957))

table 3 : explain SELECT k FROM sbtest3 WHERE k BETWEEN 6935857 AND 6935957
	Index Only Scan using k_3 on sbtest3  (cost=0.43..6.67 rows=112 width=4)
	  Index Cond: ((k >= 6935857) AND (k <= 6935957))

table 4 : explain SELECT k FROM sbtest4 WHERE k BETWEEN 6935857 AND 6935957
	Index Only Scan using k_4 on sbtest4  (cost=0.43..10.38 rows=97 width=4)
	  Index Cond: ((k >= 6935857) AND (k <= 6935957))

table 5 : explain SELECT k FROM sbtest5 WHERE k BETWEEN 6935857 AND 6935957
	Index Only Scan using k_5 on sbtest5  (cost=0.43..10.47 rows=102 width=4)
	  Index Cond: ((k >= 6935857) AND (k <= 6935957))

table 6 : explain SELECT k FROM sbtest6 WHERE k BETWEEN 6935857 AND 6935957
	Index Only Scan using k_6 on sbtest6  (cost=0.43..6.61 rows=109 width=4)
	  Index Cond: ((k >= 6935857) AND (k <= 6935957))

table 7 : explain SELECT k FROM sbtest7 WHERE k BETWEEN 6935857 AND 6935957
	Index Only Scan using k_7 on sbtest7  (cost=0.43..6.25 rows=91 width=4)
	  Index Cond: ((k >= 6935857) AND (k <= 6935957))

table 8 : explain SELECT k FROM sbtest8 WHERE k BETWEEN 6935857 AND 6935957
	Index Only Scan using k_8 on sbtest8  (cost=0.43..6.74 rows=115 width=4)
	  Index Cond: ((k >= 6935857) AND (k <= 6935957))

explain: for range-covered :: explain SELECT k FROM sbtest%d WHERE k BETWEEN 6433475 AND 6433575
explain: for range-covered :: explain SELECT k FROM sbtest%d WHERE k BETWEEN 8453688 AND 8453788
explain: for range-covered :: explain SELECT k FROM sbtest%d WHERE k BETWEEN 6935857 AND 6935957
for range-covered
table 1 : explain SELECT k FROM sbtest1 WHERE k BETWEEN 3915925 AND 3916025
	Index Only Scan using k_1 on sbtest1  (cost=0.43..10.36 rows=96 width=4)
	  Index Cond: ((k >= 3915925) AND (k <= 3916025))

table 2 : explain SELECT k FROM sbtest2 WHERE k BETWEEN 3915925 AND 3916025
	Index Only Scan using k_2 on sbtest2  (cost=0.43..6.61 rows=109 width=4)
	  Index Cond: ((k >= 3915925) AND (k <= 3916025))

table 3 : explain SELECT k FROM sbtest3 WHERE k BETWEEN 3915925 AND 3916025
	Index Only Scan using k_3 on sbtest3  (cost=0.43..6.59 rows=108 width=4)
	  Index Cond: ((k >= 3915925) AND (k <= 3916025))

table 4 : explain SELECT k FROM sbtest4 WHERE k BETWEEN 3915925 AND 3916025
	Index Only Scan using k_4 on sbtest4  (cost=0.43..10.38 rows=97 width=4)
	  Index Cond: ((k >= 3915925) AND (k <= 3916025))

table 5 : explain SELECT k FROM sbtest5 WHERE k BETWEEN 3915925 AND 3916025
	Index Only Scan using k_5 on sbtest5  (cost=0.43..10.58 rows=107 width=4)
	  Index Cond: ((k >= 3915925) AND (k <= 3916025))

table 6 : explain SELECT k FROM sbtest6 WHERE k BETWEEN 3915925 AND 3916025
	Index Only Scan using k_6 on sbtest6  (cost=0.43..6.43 rows=100 width=4)
	  Index Cond: ((k >= 3915925) AND (k <= 3916025))

table 7 : explain SELECT k FROM sbtest7 WHERE k BETWEEN 3915925 AND 3916025
	Index Only Scan using k_7 on sbtest7  (cost=0.43..6.61 rows=109 width=4)
	  Index Cond: ((k >= 3915925) AND (k <= 3916025))

table 8 : explain SELECT k FROM sbtest8 WHERE k BETWEEN 3915925 AND 3916025
	Index Only Scan using k_8 on sbtest8  (cost=0.43..6.33 rows=95 width=4)
	  Index Cond: ((k >= 3915925) AND (k <= 3916025))

for range-covered
table 1 : explain SELECT k FROM sbtest1 WHERE k BETWEEN 2874111 AND 2874211
	Index Only Scan using k_1 on sbtest1  (cost=0.43..10.29 rows=93 width=4)
	  Index Cond: ((k >= 2874111) AND (k <= 2874211))

table 2 : explain SELECT k FROM sbtest2 WHERE k BETWEEN 2874111 AND 2874211
	Index Only Scan using k_2 on sbtest2  (cost=0.43..6.42 rows=99 width=4)
	  Index Cond: ((k >= 2874111) AND (k <= 2874211))

table 3 : explain SELECT k FROM sbtest3 WHERE k BETWEEN 2874111 AND 2874211
	Index Only Scan using k_3 on sbtest3  (cost=0.43..6.42 rows=99 width=4)
	  Index Cond: ((k >= 2874111) AND (k <= 2874211))

table 4 : explain SELECT k FROM sbtest4 WHERE k BETWEEN 2874111 AND 2874211
	Index Only Scan using k_4 on sbtest4  (cost=0.43..10.58 rows=107 width=4)
	  Index Cond: ((k >= 2874111) AND (k <= 2874211))

table 5 : explain SELECT k FROM sbtest5 WHERE k BETWEEN 2874111 AND 2874211
	Index Only Scan using k_5 on sbtest5  (cost=0.43..10.42 rows=99 width=4)
	  Index Cond: ((k >= 2874111) AND (k <= 2874211))

table 6 : explain SELECT k FROM sbtest6 WHERE k BETWEEN 2874111 AND 2874211
	Index Only Scan using k_6 on sbtest6  (cost=0.43..6.58 rows=107 width=4)
	  Index Cond: ((k >= 2874111) AND (k <= 2874211))

table 7 : explain SELECT k FROM sbtest7 WHERE k BETWEEN 2874111 AND 2874211
	Index Only Scan using k_7 on sbtest7  (cost=0.43..6.59 rows=108 width=4)
	  Index Cond: ((k >= 2874111) AND (k <= 2874211))

table 8 : explain SELECT k FROM sbtest8 WHERE k BETWEEN 2874111 AND 2874211
	Index Only Scan using k_8 on sbtest8  (cost=0.43..6.21 rows=89 width=4)
	  Index Cond: ((k >= 2874111) AND (k <= 2874211))

for range-covered
table 1 : explain SELECT k FROM sbtest1 WHERE k BETWEEN 2612640 AND 2612740
	Index Only Scan using k_1 on sbtest1  (cost=0.43..10.51 rows=104 width=4)
	  Index Cond: ((k >= 2612640) AND (k <= 2612740))

table 2 : explain SELECT k FROM sbtest2 WHERE k BETWEEN 2612640 AND 2612740
	Index Only Scan using k_2 on sbtest2  (cost=0.43..6.35 rows=96 width=4)
	  Index Cond: ((k >= 2612640) AND (k <= 2612740))

table 3 : explain SELECT k FROM sbtest3 WHERE k BETWEEN 2612640 AND 2612740
	Index Only Scan using k_3 on sbtest3  (cost=0.43..6.29 rows=93 width=4)
	  Index Cond: ((k >= 2612640) AND (k <= 2612740))

table 4 : explain SELECT k FROM sbtest4 WHERE k BETWEEN 2612640 AND 2612740
	Index Only Scan using k_4 on sbtest4  (cost=0.43..10.42 rows=99 width=4)
	  Index Cond: ((k >= 2612640) AND (k <= 2612740))

table 5 : explain SELECT k FROM sbtest5 WHERE k BETWEEN 2612640 AND 2612740
	Index Only Scan using k_5 on sbtest5  (cost=0.43..10.40 rows=98 width=4)
	  Index Cond: ((k >= 2612640) AND (k <= 2612740))

table 6 : explain SELECT k FROM sbtest6 WHERE k BETWEEN 2612640 AND 2612740
	Index Only Scan using k_6 on sbtest6  (cost=0.43..6.47 rows=102 width=4)
	  Index Cond: ((k >= 2612640) AND (k <= 2612740))

table 7 : explain SELECT k FROM sbtest7 WHERE k BETWEEN 2612640 AND 2612740
	Index Only Scan using k_7 on sbtest7  (cost=0.43..6.63 rows=110 width=4)
	  Index Cond: ((k >= 2612640) AND (k <= 2612740))

table 8 : explain SELECT k FROM sbtest8 WHERE k BETWEEN 2612640 AND 2612740
	Index Only Scan using k_8 on sbtest8  (cost=0.43..6.42 rows=99 width=4)
	  Index Cond: ((k >= 2612640) AND (k <= 2612740))

explain: for range-covered :: explain SELECT k FROM sbtest%d WHERE k BETWEEN 3915925 AND 3916025
for range-covered
table 1 : explain SELECT k FROM sbtest1 WHERE k BETWEEN 6598949 AND 6599049
	Index Only Scan using k_1 on sbtest1  (cost=0.43..10.33 rows=95 width=4)
	  Index Cond: ((k >= 6598949) AND (k <= 6599049))

table 2 : explain SELECT k FROM sbtest2 WHERE k BETWEEN 6598949 AND 6599049
	Index Only Scan using k_2 on sbtest2  (cost=0.43..6.59 rows=108 width=4)
	  Index Cond: ((k >= 6598949) AND (k <= 6599049))

table 3 : explain SELECT k FROM sbtest3 WHERE k BETWEEN 6598949 AND 6599049
	Index Only Scan using k_3 on sbtest3  (cost=0.43..6.56 rows=106 width=4)
	  Index Cond: ((k >= 6598949) AND (k <= 6599049))

table 4 : explain SELECT k FROM sbtest4 WHERE k BETWEEN 6598949 AND 6599049
	Index Only Scan using k_4 on sbtest4  (cost=0.43..10.58 rows=107 width=4)
	  Index Cond: ((k >= 6598949) AND (k <= 6599049))

table 5 : explain SELECT k FROM sbtest5 WHERE k BETWEEN 6598949 AND 6599049
	Index Only Scan using k_5 on sbtest5  (cost=0.43..10.46 rows=101 width=4)
	  Index Cond: ((k >= 6598949) AND (k <= 6599049))

table 6 : explain SELECT k FROM sbtest6 WHERE k BETWEEN 6598949 AND 6599049
	Index Only Scan using k_6 on sbtest6  (cost=0.43..6.32 rows=94 width=4)
	  Index Cond: ((k >= 6598949) AND (k <= 6599049))

table 7 : explain SELECT k FROM sbtest7 WHERE k BETWEEN 6598949 AND 6599049
	Index Only Scan using k_7 on sbtest7  (cost=0.43..6.56 rows=106 width=4)
	  Index Cond: ((k >= 6598949) AND (k <= 6599049))

table 8 : explain SELECT k FROM sbtest8 WHERE k BETWEEN 6598949 AND 6599049
	Index Only Scan using k_8 on sbtest8  (cost=0.43..6.40 rows=98 width=4)
	  Index Cond: ((k >= 6598949) AND (k <= 6599049))

for range-covered
table 1 : explain SELECT k FROM sbtest1 WHERE k BETWEEN 1868229 AND 1868329
	Index Only Scan using k_1 on sbtest1  (cost=0.43..10.50 rows=103 width=4)
	  Index Cond: ((k >= 1868229) AND (k <= 1868329))

table 2 : explain SELECT k FROM sbtest2 WHERE k BETWEEN 1868229 AND 1868329
	Index Only Scan using k_2 on sbtest2  (cost=0.43..6.51 rows=104 width=4)
	  Index Cond: ((k >= 1868229) AND (k <= 1868329))

table 3 : explain SELECT k FROM sbtest3 WHERE k BETWEEN 1868229 AND 1868329
	Index Only Scan using k_3 on sbtest3  (cost=0.43..6.77 rows=117 width=4)
	  Index Cond: ((k >= 1868229) AND (k <= 1868329))

table 4 : explain SELECT k FROM sbtest4 WHERE k BETWEEN 1868229 AND 1868329
	Index Only Scan using k_4 on sbtest4  (cost=0.43..10.32 rows=94 width=4)
	  Index Cond: ((k >= 1868229) AND (k <= 1868329))

table 5 : explain SELECT k FROM sbtest5 WHERE k BETWEEN 1868229 AND 1868329
	Index Only Scan using k_5 on sbtest5  (cost=0.43..10.51 rows=104 width=4)
	  Index Cond: ((k >= 1868229) AND (k <= 1868329))

table 6 : explain SELECT k FROM sbtest6 WHERE k BETWEEN 1868229 AND 1868329
	Index Only Scan using k_6 on sbtest6  (cost=0.43..6.63 rows=110 width=4)
	  Index Cond: ((k >= 1868229) AND (k <= 1868329))

table 7 : explain SELECT k FROM sbtest7 WHERE k BETWEEN 1868229 AND 1868329
	Index Only Scan using k_7 on sbtest7  (cost=0.43..6.37 rows=97 width=4)
	  Index Cond: ((k >= 1868229) AND (k <= 1868329))

table 8 : explain SELECT k FROM sbtest8 WHERE k BETWEEN 1868229 AND 1868329
	Index Only Scan using k_8 on sbtest8  (cost=0.43..6.27 rows=92 width=4)
	  Index Cond: ((k >= 1868229) AND (k <= 1868329))

explain: for range-covered :: explain SELECT k FROM sbtest%d WHERE k BETWEEN 2874111 AND 2874211
for range-covered
table 1 : explain SELECT k FROM sbtest1 WHERE k BETWEEN 3987577 AND 3987677
	Index Only Scan using k_1 on sbtest1  (cost=0.43..10.36 rows=96 width=4)
	  Index Cond: ((k >= 3987577) AND (k <= 3987677))

table 2 : explain SELECT k FROM sbtest2 WHERE k BETWEEN 3987577 AND 3987677
	Index Only Scan using k_2 on sbtest2  (cost=0.43..6.37 rows=97 width=4)
	  Index Cond: ((k >= 3987577) AND (k <= 3987677))

table 3 : explain SELECT k FROM sbtest3 WHERE k BETWEEN 3987577 AND 3987677
	Index Only Scan using k_3 on sbtest3  (cost=0.43..6.42 rows=99 width=4)
	  Index Cond: ((k >= 3987577) AND (k <= 3987677))

table 4 : explain SELECT k FROM sbtest4 WHERE k BETWEEN 3987577 AND 3987677
	Index Only Scan using k_4 on sbtest4  (cost=0.43..10.50 rows=103 width=4)
	  Index Cond: ((k >= 3987577) AND (k <= 3987677))

table 5 : explain SELECT k FROM sbtest5 WHERE k BETWEEN 3987577 AND 3987677
	Index Only Scan using k_5 on sbtest5  (cost=0.43..10.58 rows=107 width=4)
	  Index Cond: ((k >= 3987577) AND (k <= 3987677))

table 6 : explain SELECT k FROM sbtest6 WHERE k BETWEEN 3987577 AND 3987677
	Index Only Scan using k_6 on sbtest6  (cost=0.43..6.33 rows=95 width=4)
	  Index Cond: ((k >= 3987577) AND (k <= 3987677))

table 7 : explain SELECT k FROM sbtest7 WHERE k BETWEEN 3987577 AND 3987677
	Index Only Scan using k_7 on sbtest7  (cost=0.43..6.61 rows=109 width=4)
	  Index Cond: ((k >= 3987577) AND (k <= 3987677))

table 8 : explain SELECT k FROM sbtest8 WHERE k BETWEEN 3987577 AND 3987677
	Index Only Scan using k_8 on sbtest8  (cost=0.43..6.40 rows=98 width=4)
	  Index Cond: ((k >= 3987577) AND (k <= 3987677))

explain: for range-covered :: explain SELECT k FROM sbtest%d WHERE k BETWEEN 6598949 AND 6599049
explain: for range-covered :: explain SELECT k FROM sbtest%d WHERE k BETWEEN 3987577 AND 3987677
for range-covered
table 1 : explain SELECT k FROM sbtest1 WHERE k BETWEEN 4076985 AND 4077085
	Index Only Scan using k_1 on sbtest1  (cost=0.43..10.54 rows=105 width=4)
	  Index Cond: ((k >= 4076985) AND (k <= 4077085))

table 2 : explain SELECT k FROM sbtest2 WHERE k BETWEEN 4076985 AND 4077085
	Index Only Scan using k_2 on sbtest2  (cost=0.43..6.56 rows=106 width=4)
	  Index Cond: ((k >= 4076985) AND (k <= 4077085))

table 3 : explain SELECT k FROM sbtest3 WHERE k BETWEEN 4076985 AND 4077085
	Index Only Scan using k_3 on sbtest3  (cost=0.43..6.33 rows=95 width=4)
	  Index Cond: ((k >= 4076985) AND (k <= 4077085))

table 4 : explain SELECT k FROM sbtest4 WHERE k BETWEEN 4076985 AND 4077085
	Index Only Scan using k_4 on sbtest4  (cost=0.43..10.50 rows=103 width=4)
	  Index Cond: ((k >= 4076985) AND (k <= 4077085))

table 5 : explain SELECT k FROM sbtest5 WHERE k BETWEEN 4076985 AND 4077085
	Index Only Scan using k_5 on sbtest5  (cost=0.43..10.44 rows=100 width=4)
	  Index Cond: ((k >= 4076985) AND (k <= 4077085))

table 6 : explain SELECT k FROM sbtest6 WHERE k BETWEEN 4076985 AND 4077085
	Index Only Scan using k_6 on sbtest6  (cost=0.43..6.47 rows=102 width=4)
	  Index Cond: ((k >= 4076985) AND (k <= 4077085))

table 7 : explain SELECT k FROM sbtest7 WHERE k BETWEEN 4076985 AND 4077085
	Index Only Scan using k_7 on sbtest7  (cost=0.43..6.50 rows=103 width=4)
	  Index Cond: ((k >= 4076985) AND (k <= 4077085))

table 8 : explain SELECT k FROM sbtest8 WHERE k BETWEEN 4076985 AND 4077085
	Index Only Scan using k_8 on sbtest8  (cost=0.43..6.51 rows=104 width=4)
	  Index Cond: ((k >= 4076985) AND (k <= 4077085))

for range-covered
table 1 : explain SELECT k FROM sbtest1 WHERE k BETWEEN 3915925 AND 3916025
	Index Only Scan using k_1 on sbtest1  (cost=0.43..10.36 rows=96 width=4)
	  Index Cond: ((k >= 3915925) AND (k <= 3916025))

table 2 : explain SELECT k FROM sbtest2 WHERE k BETWEEN 3915925 AND 3916025
	Index Only Scan using k_2 on sbtest2  (cost=0.43..6.61 rows=109 width=4)
	  Index Cond: ((k >= 3915925) AND (k <= 3916025))

table 3 : explain SELECT k FROM sbtest3 WHERE k BETWEEN 3915925 AND 3916025
	Index Only Scan using k_3 on sbtest3  (cost=0.43..6.59 rows=108 width=4)
	  Index Cond: ((k >= 3915925) AND (k <= 3916025))

table 4 : explain SELECT k FROM sbtest4 WHERE k BETWEEN 3915925 AND 3916025
	Index Only Scan using k_4 on sbtest4  (cost=0.43..10.38 rows=97 width=4)
	  Index Cond: ((k >= 3915925) AND (k <= 3916025))

table 5 : explain SELECT k FROM sbtest5 WHERE k BETWEEN 3915925 AND 3916025
	Index Only Scan using k_5 on sbtest5  (cost=0.43..10.58 rows=107 width=4)
	  Index Cond: ((k >= 3915925) AND (k <= 3916025))

table 6 : explain SELECT k FROM sbtest6 WHERE k BETWEEN 3915925 AND 3916025
	Index Only Scan using k_6 on sbtest6  (cost=0.43..6.43 rows=100 width=4)
	  Index Cond: ((k >= 3915925) AND (k <= 3916025))

table 7 : explain SELECT k FROM sbtest7 WHERE k BETWEEN 3915925 AND 3916025
	Index Only Scan using k_7 on sbtest7  (cost=0.43..6.61 rows=109 width=4)
	  Index Cond: ((k >= 3915925) AND (k <= 3916025))

table 8 : explain SELECT k FROM sbtest8 WHERE k BETWEEN 3915925 AND 3916025
	Index Only Scan using k_8 on sbtest8  (cost=0.43..6.33 rows=95 width=4)
	  Index Cond: ((k >= 3915925) AND (k <= 3916025))

explain: for range-covered :: explain SELECT k FROM sbtest%d WHERE k BETWEEN 4069320 AND 4069420
for range-covered
table 1 : explain SELECT k FROM sbtest1 WHERE k BETWEEN 7681463 AND 7681563
	Index Only Scan using k_1 on sbtest1  (cost=0.43..10.60 rows=108 width=4)
	  Index Cond: ((k >= 7681463) AND (k <= 7681563))

table 2 : explain SELECT k FROM sbtest2 WHERE k BETWEEN 7681463 AND 7681563
	Index Only Scan using k_2 on sbtest2  (cost=0.43..6.51 rows=104 width=4)
	  Index Cond: ((k >= 7681463) AND (k <= 7681563))

table 3 : explain SELECT k FROM sbtest3 WHERE k BETWEEN 7681463 AND 7681563
	Index Only Scan using k_3 on sbtest3  (cost=0.43..6.33 rows=95 width=4)
	  Index Cond: ((k >= 7681463) AND (k <= 7681563))

table 4 : explain SELECT k FROM sbtest4 WHERE k BETWEEN 7681463 AND 7681563
	Index Only Scan using k_4 on sbtest4  (cost=0.43..10.54 rows=105 width=4)
	  Index Cond: ((k >= 7681463) AND (k <= 7681563))

table 5 : explain SELECT k FROM sbtest5 WHERE k BETWEEN 7681463 AND 7681563
	Index Only Scan using k_5 on sbtest5  (cost=0.43..10.54 rows=105 width=4)
	  Index Cond: ((k >= 7681463) AND (k <= 7681563))

table 6 : explain SELECT k FROM sbtest6 WHERE k BETWEEN 7681463 AND 7681563
	Index Only Scan using k_6 on sbtest6  (cost=0.43..6.56 rows=106 width=4)
	  Index Cond: ((k >= 7681463) AND (k <= 7681563))

table 7 : explain SELECT k FROM sbtest7 WHERE k BETWEEN 7681463 AND 7681563
	Index Only Scan using k_7 on sbtest7  (cost=0.43..6.37 rows=97 width=4)
	  Index Cond: ((k >= 7681463) AND (k <= 7681563))

table 8 : explain SELECT k FROM sbtest8 WHERE k BETWEEN 7681463 AND 7681563
	Index Only Scan using k_8 on sbtest8  (cost=0.43..6.61 rows=109 width=4)
	  Index Cond: ((k >= 7681463) AND (k <= 7681563))

explain: for range-covered :: explain SELECT k FROM sbtest%d WHERE k BETWEEN 7681463 AND 7681563
explain: for range-covered :: explain SELECT k FROM sbtest%d WHERE k BETWEEN 2612640 AND 2612740
for range-covered
table 1 : explain SELECT k FROM sbtest1 WHERE k BETWEEN 3987577 AND 3987677
	Index Only Scan using k_1 on sbtest1  (cost=0.43..10.36 rows=96 width=4)
	  Index Cond: ((k >= 3987577) AND (k <= 3987677))

table 2 : explain SELECT k FROM sbtest2 WHERE k BETWEEN 3987577 AND 3987677
	Index Only Scan using k_2 on sbtest2  (cost=0.43..6.37 rows=97 width=4)
	  Index Cond: ((k >= 3987577) AND (k <= 3987677))

table 3 : explain SELECT k FROM sbtest3 WHERE k BETWEEN 3987577 AND 3987677
	Index Only Scan using k_3 on sbtest3  (cost=0.43..6.42 rows=99 width=4)
	  Index Cond: ((k >= 3987577) AND (k <= 3987677))

table 4 : explain SELECT k FROM sbtest4 WHERE k BETWEEN 3987577 AND 3987677
	Index Only Scan using k_4 on sbtest4  (cost=0.43..10.50 rows=103 width=4)
	  Index Cond: ((k >= 3987577) AND (k <= 3987677))

table 5 : explain SELECT k FROM sbtest5 WHERE k BETWEEN 3987577 AND 3987677
	Index Only Scan using k_5 on sbtest5  (cost=0.43..10.58 rows=107 width=4)
	  Index Cond: ((k >= 3987577) AND (k <= 3987677))

table 6 : explain SELECT k FROM sbtest6 WHERE k BETWEEN 3987577 AND 3987677
	Index Only Scan using k_6 on sbtest6  (cost=0.43..6.33 rows=95 width=4)
	  Index Cond: ((k >= 3987577) AND (k <= 3987677))

table 7 : explain SELECT k FROM sbtest7 WHERE k BETWEEN 3987577 AND 3987677
	Index Only Scan using k_7 on sbtest7  (cost=0.43..6.61 rows=109 width=4)
	  Index Cond: ((k >= 3987577) AND (k <= 3987677))

table 8 : explain SELECT k FROM sbtest8 WHERE k BETWEEN 3987577 AND 3987677
	Index Only Scan using k_8 on sbtest8  (cost=0.43..6.40 rows=98 width=4)
	  Index Cond: ((k >= 3987577) AND (k <= 3987677))

for range-covered
table 1 : explain SELECT k FROM sbtest1 WHERE k BETWEEN 1125933 AND 1126033
	Index Only Scan using k_1 on sbtest1  (cost=0.43..10.42 rows=99 width=4)
	  Index Cond: ((k >= 1125933) AND (k <= 1126033))

table 2 : explain SELECT k FROM sbtest2 WHERE k BETWEEN 1125933 AND 1126033
	Index Only Scan using k_2 on sbtest2  (cost=0.43..6.50 rows=103 width=4)
	  Index Cond: ((k >= 1125933) AND (k <= 1126033))

table 3 : explain SELECT k FROM sbtest3 WHERE k BETWEEN 1125933 AND 1126033
	Index Only Scan using k_3 on sbtest3  (cost=0.43..6.47 rows=102 width=4)
	  Index Cond: ((k >= 1125933) AND (k <= 1126033))

table 4 : explain SELECT k FROM sbtest4 WHERE k BETWEEN 1125933 AND 1126033
	Index Only Scan using k_4 on sbtest4  (cost=0.43..10.50 rows=103 width=4)
	  Index Cond: ((k >= 1125933) AND (k <= 1126033))

table 5 : explain SELECT k FROM sbtest5 WHERE k BETWEEN 1125933 AND 1126033
	Index Only Scan using k_5 on sbtest5  (cost=0.43..10.72 rows=114 width=4)
	  Index Cond: ((k >= 1125933) AND (k <= 1126033))

table 6 : explain SELECT k FROM sbtest6 WHERE k BETWEEN 1125933 AND 1126033
	Index Only Scan using k_6 on sbtest6  (cost=0.43..6.29 rows=93 width=4)
	  Index Cond: ((k >= 1125933) AND (k <= 1126033))

table 7 : explain SELECT k FROM sbtest7 WHERE k BETWEEN 1125933 AND 1126033
	Index Only Scan using k_7 on sbtest7  (cost=0.43..6.63 rows=110 width=4)
	  Index Cond: ((k >= 1125933) AND (k <= 1126033))

table 8 : explain SELECT k FROM sbtest8 WHERE k BETWEEN 1125933 AND 1126033
	Index Only Scan using k_8 on sbtest8  (cost=0.43..6.42 rows=99 width=4)
	  Index Cond: ((k >= 1125933) AND (k <= 1126033))

for range-covered
table 1 : explain SELECT k FROM sbtest1 WHERE k BETWEEN 6598949 AND 6599049
	Index Only Scan using k_1 on sbtest1  (cost=0.43..10.33 rows=95 width=4)
	  Index Cond: ((k >= 6598949) AND (k <= 6599049))

table 2 : explain SELECT k FROM sbtest2 WHERE k BETWEEN 6598949 AND 6599049
	Index Only Scan using k_2 on sbtest2  (cost=0.43..6.59 rows=108 width=4)
	  Index Cond: ((k >= 6598949) AND (k <= 6599049))

table 3 : explain SELECT k FROM sbtest3 WHERE k BETWEEN 6598949 AND 6599049
	Index Only Scan using k_3 on sbtest3  (cost=0.43..6.56 rows=106 width=4)
	  Index Cond: ((k >= 6598949) AND (k <= 6599049))

table 4 : explain SELECT k FROM sbtest4 WHERE k BETWEEN 6598949 AND 6599049
	Index Only Scan using k_4 on sbtest4  (cost=0.43..10.58 rows=107 width=4)
	  Index Cond: ((k >= 6598949) AND (k <= 6599049))

table 5 : explain SELECT k FROM sbtest5 WHERE k BETWEEN 6598949 AND 6599049
	Index Only Scan using k_5 on sbtest5  (cost=0.43..10.46 rows=101 width=4)
	  Index Cond: ((k >= 6598949) AND (k <= 6599049))

table 6 : explain SELECT k FROM sbtest6 WHERE k BETWEEN 6598949 AND 6599049
	Index Only Scan using k_6 on sbtest6  (cost=0.43..6.32 rows=94 width=4)
	  Index Cond: ((k >= 6598949) AND (k <= 6599049))

table 7 : explain SELECT k FROM sbtest7 WHERE k BETWEEN 6598949 AND 6599049
	Index Only Scan using k_7 on sbtest7  (cost=0.43..6.56 rows=106 width=4)
	  Index Cond: ((k >= 6598949) AND (k <= 6599049))

table 8 : explain SELECT k FROM sbtest8 WHERE k BETWEEN 6598949 AND 6599049
	Index Only Scan using k_8 on sbtest8  (cost=0.43..6.40 rows=98 width=4)
	  Index Cond: ((k >= 6598949) AND (k <= 6599049))

explain: for range-covered :: explain SELECT k FROM sbtest%d WHERE k BETWEEN 4928720 AND 4928820
explain: for range-covered :: explain SELECT k FROM sbtest%d WHERE k BETWEEN 1125933 AND 1126033
explain: for range-covered :: explain SELECT k FROM sbtest%d WHERE k BETWEEN 6598949 AND 6599049
for range-covered
table 1 : explain SELECT k FROM sbtest1 WHERE k BETWEEN 6598949 AND 6599049
	Index Only Scan using k_1 on sbtest1  (cost=0.43..10.33 rows=95 width=4)
	  Index Cond: ((k >= 6598949) AND (k <= 6599049))

table 2 : explain SELECT k FROM sbtest2 WHERE k BETWEEN 6598949 AND 6599049
	Index Only Scan using k_2 on sbtest2  (cost=0.43..6.59 rows=108 width=4)
	  Index Cond: ((k >= 6598949) AND (k <= 6599049))

table 3 : explain SELECT k FROM sbtest3 WHERE k BETWEEN 6598949 AND 6599049
	Index Only Scan using k_3 on sbtest3  (cost=0.43..6.56 rows=106 width=4)
	  Index Cond: ((k >= 6598949) AND (k <= 6599049))

table 4 : explain SELECT k FROM sbtest4 WHERE k BETWEEN 6598949 AND 6599049
	Index Only Scan using k_4 on sbtest4  (cost=0.43..10.58 rows=107 width=4)
	  Index Cond: ((k >= 6598949) AND (k <= 6599049))

table 5 : explain SELECT k FROM sbtest5 WHERE k BETWEEN 6598949 AND 6599049
	Index Only Scan using k_5 on sbtest5  (cost=0.43..10.46 rows=101 width=4)
	  Index Cond: ((k >= 6598949) AND (k <= 6599049))

table 6 : explain SELECT k FROM sbtest6 WHERE k BETWEEN 6598949 AND 6599049
	Index Only Scan using k_6 on sbtest6  (cost=0.43..6.32 rows=94 width=4)
	  Index Cond: ((k >= 6598949) AND (k <= 6599049))

table 7 : explain SELECT k FROM sbtest7 WHERE k BETWEEN 6598949 AND 6599049
	Index Only Scan using k_7 on sbtest7  (cost=0.43..6.56 rows=106 width=4)
	  Index Cond: ((k >= 6598949) AND (k <= 6599049))

table 8 : explain SELECT k FROM sbtest8 WHERE k BETWEEN 6598949 AND 6599049
	Index Only Scan using k_8 on sbtest8  (cost=0.43..6.40 rows=98 width=4)
	  Index Cond: ((k >= 6598949) AND (k <= 6599049))

for range-covered
table 1 : explain SELECT k FROM sbtest1 WHERE k BETWEEN 1125933 AND 1126033
	Index Only Scan using k_1 on sbtest1  (cost=0.43..10.42 rows=99 width=4)
	  Index Cond: ((k >= 1125933) AND (k <= 1126033))

table 2 : explain SELECT k FROM sbtest2 WHERE k BETWEEN 1125933 AND 1126033
	Index Only Scan using k_2 on sbtest2  (cost=0.43..6.50 rows=103 width=4)
	  Index Cond: ((k >= 1125933) AND (k <= 1126033))

table 3 : explain SELECT k FROM sbtest3 WHERE k BETWEEN 1125933 AND 1126033
	Index Only Scan using k_3 on sbtest3  (cost=0.43..6.47 rows=102 width=4)
	  Index Cond: ((k >= 1125933) AND (k <= 1126033))

table 4 : explain SELECT k FROM sbtest4 WHERE k BETWEEN 1125933 AND 1126033
	Index Only Scan using k_4 on sbtest4  (cost=0.43..10.50 rows=103 width=4)
	  Index Cond: ((k >= 1125933) AND (k <= 1126033))

table 5 : explain SELECT k FROM sbtest5 WHERE k BETWEEN 1125933 AND 1126033
	Index Only Scan using k_5 on sbtest5  (cost=0.43..10.72 rows=114 width=4)
	  Index Cond: ((k >= 1125933) AND (k <= 1126033))

table 6 : explain SELECT k FROM sbtest6 WHERE k BETWEEN 1125933 AND 1126033
	Index Only Scan using k_6 on sbtest6  (cost=0.43..6.29 rows=93 width=4)
	  Index Cond: ((k >= 1125933) AND (k <= 1126033))

table 7 : explain SELECT k FROM sbtest7 WHERE k BETWEEN 1125933 AND 1126033
	Index Only Scan using k_7 on sbtest7  (cost=0.43..6.63 rows=110 width=4)
	  Index Cond: ((k >= 1125933) AND (k <= 1126033))

table 8 : explain SELECT k FROM sbtest8 WHERE k BETWEEN 1125933 AND 1126033
	Index Only Scan using k_8 on sbtest8  (cost=0.43..6.42 rows=99 width=4)
	  Index Cond: ((k >= 1125933) AND (k <= 1126033))

explain: for range-covered :: explain SELECT k FROM sbtest%d WHERE k BETWEEN 6598949 AND 6599049
explain: for range-covered :: explain SELECT k FROM sbtest%d WHERE k BETWEEN 1125933 AND 1126033
for range-covered
table 1 : explain SELECT k FROM sbtest1 WHERE k BETWEEN 2807116 AND 2807216
	Index Only Scan using k_1 on sbtest1  (cost=0.43..10.29 rows=93 width=4)
	  Index Cond: ((k >= 2807116) AND (k <= 2807216))

table 2 : explain SELECT k FROM sbtest2 WHERE k BETWEEN 2807116 AND 2807216
	Index Only Scan using k_2 on sbtest2  (cost=0.43..6.50 rows=103 width=4)
	  Index Cond: ((k >= 2807116) AND (k <= 2807216))

table 3 : explain SELECT k FROM sbtest3 WHERE k BETWEEN 2807116 AND 2807216
	Index Only Scan using k_3 on sbtest3  (cost=0.43..6.42 rows=99 width=4)
	  Index Cond: ((k >= 2807116) AND (k <= 2807216))

table 4 : explain SELECT k FROM sbtest4 WHERE k BETWEEN 2807116 AND 2807216
	Index Only Scan using k_4 on sbtest4  (cost=0.43..10.58 rows=107 width=4)
	  Index Cond: ((k >= 2807116) AND (k <= 2807216))

table 5 : explain SELECT k FROM sbtest5 WHERE k BETWEEN 2807116 AND 2807216
	Index Only Scan using k_5 on sbtest5  (cost=0.43..10.42 rows=99 width=4)
	  Index Cond: ((k >= 2807116) AND (k <= 2807216))

table 6 : explain SELECT k FROM sbtest6 WHERE k BETWEEN 2807116 AND 2807216
	Index Only Scan using k_6 on sbtest6  (cost=0.43..6.42 rows=99 width=4)
	  Index Cond: ((k >= 2807116) AND (k <= 2807216))

table 7 : explain SELECT k FROM sbtest7 WHERE k BETWEEN 2807116 AND 2807216
	Index Only Scan using k_7 on sbtest7  (cost=0.43..6.72 rows=114 width=4)
	  Index Cond: ((k >= 2807116) AND (k <= 2807216))

table 8 : explain SELECT k FROM sbtest8 WHERE k BETWEEN 2807116 AND 2807216
	Index Only Scan using k_8 on sbtest8  (cost=0.43..6.61 rows=109 width=4)
	  Index Cond: ((k >= 2807116) AND (k <= 2807216))

for range-covered
table 1 : explain SELECT k FROM sbtest1 WHERE k BETWEEN 2874111 AND 2874211
	Index Only Scan using k_1 on sbtest1  (cost=0.43..10.29 rows=93 width=4)
	  Index Cond: ((k >= 2874111) AND (k <= 2874211))

table 2 : explain SELECT k FROM sbtest2 WHERE k BETWEEN 2874111 AND 2874211
	Index Only Scan using k_2 on sbtest2  (cost=0.43..6.42 rows=99 width=4)
	  Index Cond: ((k >= 2874111) AND (k <= 2874211))

table 3 : explain SELECT k FROM sbtest3 WHERE k BETWEEN 2874111 AND 2874211
	Index Only Scan using k_3 on sbtest3  (cost=0.43..6.42 rows=99 width=4)
	  Index Cond: ((k >= 2874111) AND (k <= 2874211))

table 4 : explain SELECT k FROM sbtest4 WHERE k BETWEEN 2874111 AND 2874211
	Index Only Scan using k_4 on sbtest4  (cost=0.43..10.58 rows=107 width=4)
	  Index Cond: ((k >= 2874111) AND (k <= 2874211))

table 5 : explain SELECT k FROM sbtest5 WHERE k BETWEEN 2874111 AND 2874211
	Index Only Scan using k_5 on sbtest5  (cost=0.43..10.42 rows=99 width=4)
	  Index Cond: ((k >= 2874111) AND (k <= 2874211))

table 6 : explain SELECT k FROM sbtest6 WHERE k BETWEEN 2874111 AND 2874211
	Index Only Scan using k_6 on sbtest6  (cost=0.43..6.58 rows=107 width=4)
	  Index Cond: ((k >= 2874111) AND (k <= 2874211))

table 7 : explain SELECT k FROM sbtest7 WHERE k BETWEEN 2874111 AND 2874211
	Index Only Scan using k_7 on sbtest7  (cost=0.43..6.59 rows=108 width=4)
	  Index Cond: ((k >= 2874111) AND (k <= 2874211))

table 8 : explain SELECT k FROM sbtest8 WHERE k BETWEEN 2874111 AND 2874211
	Index Only Scan using k_8 on sbtest8  (cost=0.43..6.21 rows=89 width=4)
	  Index Cond: ((k >= 2874111) AND (k <= 2874211))

for range-covered
table 1 : explain SELECT k FROM sbtest1 WHERE k BETWEEN 6433475 AND 6433575
	Index Only Scan using k_1 on sbtest1  (cost=0.43..10.58 rows=107 width=4)
	  Index Cond: ((k >= 6433475) AND (k <= 6433575))

table 2 : explain SELECT k FROM sbtest2 WHERE k BETWEEN 6433475 AND 6433575
	Index Only Scan using k_2 on sbtest2  (cost=0.43..6.58 rows=107 width=4)
	  Index Cond: ((k >= 6433475) AND (k <= 6433575))

table 3 : explain SELECT k FROM sbtest3 WHERE k BETWEEN 6433475 AND 6433575
	Index Only Scan using k_3 on sbtest3  (cost=0.43..6.58 rows=107 width=4)
	  Index Cond: ((k >= 6433475) AND (k <= 6433575))

table 4 : explain SELECT k FROM sbtest4 WHERE k BETWEEN 6433475 AND 6433575
	Index Only Scan using k_4 on sbtest4  (cost=0.43..10.44 rows=100 width=4)
	  Index Cond: ((k >= 6433475) AND (k <= 6433575))

table 5 : explain SELECT k FROM sbtest5 WHERE k BETWEEN 6433475 AND 6433575
	Index Only Scan using k_5 on sbtest5  (cost=0.43..10.29 rows=93 width=4)
	  Index Cond: ((k >= 6433475) AND (k <= 6433575))

table 6 : explain SELECT k FROM sbtest6 WHERE k BETWEEN 6433475 AND 6433575
	Index Only Scan using k_6 on sbtest6  (cost=0.43..6.42 rows=99 width=4)
	  Index Cond: ((k >= 6433475) AND (k <= 6433575))

table 7 : explain SELECT k FROM sbtest7 WHERE k BETWEEN 6433475 AND 6433575
	Index Only Scan using k_7 on sbtest7  (cost=0.43..6.25 rows=91 width=4)
	  Index Cond: ((k >= 6433475) AND (k <= 6433575))

table 8 : explain SELECT k FROM sbtest8 WHERE k BETWEEN 6433475 AND 6433575
	Index Only Scan using k_8 on sbtest8  (cost=0.43..6.50 rows=103 width=4)
	  Index Cond: ((k >= 6433475) AND (k <= 6433575))

explain: for range-covered :: explain SELECT k FROM sbtest%d WHERE k BETWEEN 6433475 AND 6433575
for range-covered
table 1 : explain SELECT k FROM sbtest1 WHERE k BETWEEN 8453688 AND 8453788
	Index Only Scan using k_1 on sbtest1  (cost=0.43..10.38 rows=97 width=4)
	  Index Cond: ((k >= 8453688) AND (k <= 8453788))

table 2 : explain SELECT k FROM sbtest2 WHERE k BETWEEN 8453688 AND 8453788
	Index Only Scan using k_2 on sbtest2  (cost=0.43..6.63 rows=110 width=4)
	  Index Cond: ((k >= 8453688) AND (k <= 8453788))

table 3 : explain SELECT k FROM sbtest3 WHERE k BETWEEN 8453688 AND 8453788
	Index Only Scan using k_3 on sbtest3  (cost=0.43..6.50 rows=103 width=4)
	  Index Cond: ((k >= 8453688) AND (k <= 8453788))

table 4 : explain SELECT k FROM sbtest4 WHERE k BETWEEN 8453688 AND 8453788
	Index Only Scan using k_4 on sbtest4  (cost=0.43..10.50 rows=103 width=4)
	  Index Cond: ((k >= 8453688) AND (k <= 8453788))

table 5 : explain SELECT k FROM sbtest5 WHERE k BETWEEN 8453688 AND 8453788
	Index Only Scan using k_5 on sbtest5  (cost=0.43..10.58 rows=107 width=4)
	  Index Cond: ((k >= 8453688) AND (k <= 8453788))

table 6 : explain SELECT k FROM sbtest6 WHERE k BETWEEN 8453688 AND 8453788
	Index Only Scan using k_6 on sbtest6  (cost=0.43..6.63 rows=110 width=4)
	  Index Cond: ((k >= 8453688) AND (k <= 8453788))

table 7 : explain SELECT k FROM sbtest7 WHERE k BETWEEN 8453688 AND 8453788
	Index Only Scan using k_7 on sbtest7  (cost=0.43..6.43 rows=100 width=4)
	  Index Cond: ((k >= 8453688) AND (k <= 8453788))

table 8 : explain SELECT k FROM sbtest8 WHERE k BETWEEN 8453688 AND 8453788
	Index Only Scan using k_8 on sbtest8  (cost=0.43..6.47 rows=102 width=4)
	  Index Cond: ((k >= 8453688) AND (k <= 8453788))

for range-covered
table 1 : explain SELECT k FROM sbtest1 WHERE k BETWEEN 7681463 AND 7681563
	Index Only Scan using k_1 on sbtest1  (cost=0.43..10.60 rows=108 width=4)
	  Index Cond: ((k >= 7681463) AND (k <= 7681563))

table 2 : explain SELECT k FROM sbtest2 WHERE k BETWEEN 7681463 AND 7681563
	Index Only Scan using k_2 on sbtest2  (cost=0.43..6.51 rows=104 width=4)
	  Index Cond: ((k >= 7681463) AND (k <= 7681563))

table 3 : explain SELECT k FROM sbtest3 WHERE k BETWEEN 7681463 AND 7681563
	Index Only Scan using k_3 on sbtest3  (cost=0.43..6.33 rows=95 width=4)
	  Index Cond: ((k >= 7681463) AND (k <= 7681563))

table 4 : explain SELECT k FROM sbtest4 WHERE k BETWEEN 7681463 AND 7681563
	Index Only Scan using k_4 on sbtest4  (cost=0.43..10.54 rows=105 width=4)
	  Index Cond: ((k >= 7681463) AND (k <= 7681563))

table 5 : explain SELECT k FROM sbtest5 WHERE k BETWEEN 7681463 AND 7681563
	Index Only Scan using k_5 on sbtest5  (cost=0.43..10.54 rows=105 width=4)
	  Index Cond: ((k >= 7681463) AND (k <= 7681563))

table 6 : explain SELECT k FROM sbtest6 WHERE k BETWEEN 7681463 AND 7681563
	Index Only Scan using k_6 on sbtest6  (cost=0.43..6.56 rows=106 width=4)
	  Index Cond: ((k >= 7681463) AND (k <= 7681563))

table 7 : explain SELECT k FROM sbtest7 WHERE k BETWEEN 7681463 AND 7681563
	Index Only Scan using k_7 on sbtest7  (cost=0.43..6.37 rows=97 width=4)
	  Index Cond: ((k >= 7681463) AND (k <= 7681563))

table 8 : explain SELECT k FROM sbtest8 WHERE k BETWEEN 7681463 AND 7681563
	Index Only Scan using k_8 on sbtest8  (cost=0.43..6.61 rows=109 width=4)
	  Index Cond: ((k >= 7681463) AND (k <= 7681563))

explain: for range-covered :: explain SELECT k FROM sbtest%d WHERE k BETWEEN 2874111 AND 2874211
explain: for range-covered :: explain SELECT k FROM sbtest%d WHERE k BETWEEN 8453688 AND 8453788
for range-covered
table 1 : explain SELECT k FROM sbtest1 WHERE k BETWEEN 2612640 AND 2612740
	Index Only Scan using k_1 on sbtest1  (cost=0.43..10.51 rows=104 width=4)
	  Index Cond: ((k >= 2612640) AND (k <= 2612740))

table 2 : explain SELECT k FROM sbtest2 WHERE k BETWEEN 2612640 AND 2612740
	Index Only Scan using k_2 on sbtest2  (cost=0.43..6.35 rows=96 width=4)
	  Index Cond: ((k >= 2612640) AND (k <= 2612740))

table 3 : explain SELECT k FROM sbtest3 WHERE k BETWEEN 2612640 AND 2612740
	Index Only Scan using k_3 on sbtest3  (cost=0.43..6.29 rows=93 width=4)
	  Index Cond: ((k >= 2612640) AND (k <= 2612740))

table 4 : explain SELECT k FROM sbtest4 WHERE k BETWEEN 2612640 AND 2612740
	Index Only Scan using k_4 on sbtest4  (cost=0.43..10.42 rows=99 width=4)
	  Index Cond: ((k >= 2612640) AND (k <= 2612740))

table 5 : explain SELECT k FROM sbtest5 WHERE k BETWEEN 2612640 AND 2612740
	Index Only Scan using k_5 on sbtest5  (cost=0.43..10.40 rows=98 width=4)
	  Index Cond: ((k >= 2612640) AND (k <= 2612740))

table 6 : explain SELECT k FROM sbtest6 WHERE k BETWEEN 2612640 AND 2612740
	Index Only Scan using k_6 on sbtest6  (cost=0.43..6.47 rows=102 width=4)
	  Index Cond: ((k >= 2612640) AND (k <= 2612740))

table 7 : explain SELECT k FROM sbtest7 WHERE k BETWEEN 2612640 AND 2612740
	Index Only Scan using k_7 on sbtest7  (cost=0.43..6.63 rows=110 width=4)
	  Index Cond: ((k >= 2612640) AND (k <= 2612740))

table 8 : explain SELECT k FROM sbtest8 WHERE k BETWEEN 2612640 AND 2612740
	Index Only Scan using k_8 on sbtest8  (cost=0.43..6.42 rows=99 width=4)
	  Index Cond: ((k >= 2612640) AND (k <= 2612740))

explain: for range-covered :: explain SELECT k FROM sbtest%d WHERE k BETWEEN 2612640 AND 2612740
explain: for range-covered :: explain SELECT k FROM sbtest%d WHERE k BETWEEN 4076985 AND 4077085
explain: for range-covered :: explain SELECT k FROM sbtest%d WHERE k BETWEEN 2807116 AND 2807216
for range-covered
table 1 : explain SELECT k FROM sbtest1 WHERE k BETWEEN 1125933 AND 1126033
	Index Only Scan using k_1 on sbtest1  (cost=0.43..10.42 rows=99 width=4)
	  Index Cond: ((k >= 1125933) AND (k <= 1126033))

table 2 : explain SELECT k FROM sbtest2 WHERE k BETWEEN 1125933 AND 1126033
	Index Only Scan using k_2 on sbtest2  (cost=0.43..6.50 rows=103 width=4)
	  Index Cond: ((k >= 1125933) AND (k <= 1126033))

table 3 : explain SELECT k FROM sbtest3 WHERE k BETWEEN 1125933 AND 1126033
	Index Only Scan using k_3 on sbtest3  (cost=0.43..6.47 rows=102 width=4)
	  Index Cond: ((k >= 1125933) AND (k <= 1126033))

table 4 : explain SELECT k FROM sbtest4 WHERE k BETWEEN 1125933 AND 1126033
	Index Only Scan using k_4 on sbtest4  (cost=0.43..10.50 rows=103 width=4)
	  Index Cond: ((k >= 1125933) AND (k <= 1126033))

table 5 : explain SELECT k FROM sbtest5 WHERE k BETWEEN 1125933 AND 1126033
	Index Only Scan using k_5 on sbtest5  (cost=0.43..10.72 rows=114 width=4)
	  Index Cond: ((k >= 1125933) AND (k <= 1126033))

table 6 : explain SELECT k FROM sbtest6 WHERE k BETWEEN 1125933 AND 1126033
	Index Only Scan using k_6 on sbtest6  (cost=0.43..6.29 rows=93 width=4)
	  Index Cond: ((k >= 1125933) AND (k <= 1126033))

table 7 : explain SELECT k FROM sbtest7 WHERE k BETWEEN 1125933 AND 1126033
	Index Only Scan using k_7 on sbtest7  (cost=0.43..6.63 rows=110 width=4)
	  Index Cond: ((k >= 1125933) AND (k <= 1126033))

table 8 : explain SELECT k FROM sbtest8 WHERE k BETWEEN 1125933 AND 1126033
	Index Only Scan using k_8 on sbtest8  (cost=0.43..6.42 rows=99 width=4)
	  Index Cond: ((k >= 1125933) AND (k <= 1126033))

explain: for range-covered :: explain SELECT k FROM sbtest%d WHERE k BETWEEN 1125933 AND 1126033
for range-covered
table 1 : explain SELECT k FROM sbtest1 WHERE k BETWEEN 6935857 AND 6935957
	Index Only Scan using k_1 on sbtest1  (cost=0.43..10.56 rows=106 width=4)
	  Index Cond: ((k >= 6935857) AND (k <= 6935957))

table 2 : explain SELECT k FROM sbtest2 WHERE k BETWEEN 6935857 AND 6935957
	Index Only Scan using k_2 on sbtest2  (cost=0.43..6.43 rows=100 width=4)
	  Index Cond: ((k >= 6935857) AND (k <= 6935957))

table 3 : explain SELECT k FROM sbtest3 WHERE k BETWEEN 6935857 AND 6935957
	Index Only Scan using k_3 on sbtest3  (cost=0.43..6.67 rows=112 width=4)
	  Index Cond: ((k >= 6935857) AND (k <= 6935957))

table 4 : explain SELECT k FROM sbtest4 WHERE k BETWEEN 6935857 AND 6935957
	Index Only Scan using k_4 on sbtest4  (cost=0.43..10.38 rows=97 width=4)
	  Index Cond: ((k >= 6935857) AND (k <= 6935957))

table 5 : explain SELECT k FROM sbtest5 WHERE k BETWEEN 6935857 AND 6935957
	Index Only Scan using k_5 on sbtest5  (cost=0.43..10.47 rows=102 width=4)
	  Index Cond: ((k >= 6935857) AND (k <= 6935957))

table 6 : explain SELECT k FROM sbtest6 WHERE k BETWEEN 6935857 AND 6935957
	Index Only Scan using k_6 on sbtest6  (cost=0.43..6.61 rows=109 width=4)
	  Index Cond: ((k >= 6935857) AND (k <= 6935957))

table 7 : explain SELECT k FROM sbtest7 WHERE k BETWEEN 6935857 AND 6935957
	Index Only Scan using k_7 on sbtest7  (cost=0.43..6.25 rows=91 width=4)
	  Index Cond: ((k >= 6935857) AND (k <= 6935957))

table 8 : explain SELECT k FROM sbtest8 WHERE k BETWEEN 6935857 AND 6935957
	Index Only Scan using k_8 on sbtest8  (cost=0.43..6.74 rows=115 width=4)
	  Index Cond: ((k >= 6935857) AND (k <= 6935957))

for range-covered
table 1 : explain SELECT k FROM sbtest1 WHERE k BETWEEN 6433475 AND 6433575
	Index Only Scan using k_1 on sbtest1  (cost=0.43..10.58 rows=107 width=4)
	  Index Cond: ((k >= 6433475) AND (k <= 6433575))

table 2 : explain SELECT k FROM sbtest2 WHERE k BETWEEN 6433475 AND 6433575
	Index Only Scan using k_2 on sbtest2  (cost=0.43..6.58 rows=107 width=4)
	  Index Cond: ((k >= 6433475) AND (k <= 6433575))

table 3 : explain SELECT k FROM sbtest3 WHERE k BETWEEN 6433475 AND 6433575
	Index Only Scan using k_3 on sbtest3  (cost=0.43..6.58 rows=107 width=4)
	  Index Cond: ((k >= 6433475) AND (k <= 6433575))

table 4 : explain SELECT k FROM sbtest4 WHERE k BETWEEN 6433475 AND 6433575
	Index Only Scan using k_4 on sbtest4  (cost=0.43..10.44 rows=100 width=4)
	  Index Cond: ((k >= 6433475) AND (k <= 6433575))

table 5 : explain SELECT k FROM sbtest5 WHERE k BETWEEN 6433475 AND 6433575
	Index Only Scan using k_5 on sbtest5  (cost=0.43..10.29 rows=93 width=4)
	  Index Cond: ((k >= 6433475) AND (k <= 6433575))

table 6 : explain SELECT k FROM sbtest6 WHERE k BETWEEN 6433475 AND 6433575
	Index Only Scan using k_6 on sbtest6  (cost=0.43..6.42 rows=99 width=4)
	  Index Cond: ((k >= 6433475) AND (k <= 6433575))

table 7 : explain SELECT k FROM sbtest7 WHERE k BETWEEN 6433475 AND 6433575
	Index Only Scan using k_7 on sbtest7  (cost=0.43..6.25 rows=91 width=4)
	  Index Cond: ((k >= 6433475) AND (k <= 6433575))

table 8 : explain SELECT k FROM sbtest8 WHERE k BETWEEN 6433475 AND 6433575
	Index Only Scan using k_8 on sbtest8  (cost=0.43..6.50 rows=103 width=4)
	  Index Cond: ((k >= 6433475) AND (k <= 6433575))

explain: for range-covered :: explain SELECT k FROM sbtest%d WHERE k BETWEEN 6433475 AND 6433575
for range-covered
table 1 : explain SELECT k FROM sbtest1 WHERE k BETWEEN 8453688 AND 8453788
	Index Only Scan using k_1 on sbtest1  (cost=0.43..10.38 rows=97 width=4)
	  Index Cond: ((k >= 8453688) AND (k <= 8453788))

table 2 : explain SELECT k FROM sbtest2 WHERE k BETWEEN 8453688 AND 8453788
	Index Only Scan using k_2 on sbtest2  (cost=0.43..6.63 rows=110 width=4)
	  Index Cond: ((k >= 8453688) AND (k <= 8453788))

table 3 : explain SELECT k FROM sbtest3 WHERE k BETWEEN 8453688 AND 8453788
	Index Only Scan using k_3 on sbtest3  (cost=0.43..6.50 rows=103 width=4)
	  Index Cond: ((k >= 8453688) AND (k <= 8453788))

table 4 : explain SELECT k FROM sbtest4 WHERE k BETWEEN 8453688 AND 8453788
	Index Only Scan using k_4 on sbtest4  (cost=0.43..10.50 rows=103 width=4)
	  Index Cond: ((k >= 8453688) AND (k <= 8453788))

table 5 : explain SELECT k FROM sbtest5 WHERE k BETWEEN 8453688 AND 8453788
	Index Only Scan using k_5 on sbtest5  (cost=0.43..10.58 rows=107 width=4)
	  Index Cond: ((k >= 8453688) AND (k <= 8453788))

table 6 : explain SELECT k FROM sbtest6 WHERE k BETWEEN 8453688 AND 8453788
	Index Only Scan using k_6 on sbtest6  (cost=0.43..6.63 rows=110 width=4)
	  Index Cond: ((k >= 8453688) AND (k <= 8453788))

table 7 : explain SELECT k FROM sbtest7 WHERE k BETWEEN 8453688 AND 8453788
	Index Only Scan using k_7 on sbtest7  (cost=0.43..6.43 rows=100 width=4)
	  Index Cond: ((k >= 8453688) AND (k <= 8453788))

table 8 : explain SELECT k FROM sbtest8 WHERE k BETWEEN 8453688 AND 8453788
	Index Only Scan using k_8 on sbtest8  (cost=0.43..6.47 rows=102 width=4)
	  Index Cond: ((k >= 8453688) AND (k <= 8453788))

explain: for range-covered :: explain SELECT k FROM sbtest%d WHERE k BETWEEN 8453688 AND 8453788
for range-covered
table 1 : explain SELECT k FROM sbtest1 WHERE k BETWEEN 6598949 AND 6599049
	Index Only Scan using k_1 on sbtest1  (cost=0.43..10.33 rows=95 width=4)
	  Index Cond: ((k >= 6598949) AND (k <= 6599049))

table 2 : explain SELECT k FROM sbtest2 WHERE k BETWEEN 6598949 AND 6599049
	Index Only Scan using k_2 on sbtest2  (cost=0.43..6.59 rows=108 width=4)
	  Index Cond: ((k >= 6598949) AND (k <= 6599049))

table 3 : explain SELECT k FROM sbtest3 WHERE k BETWEEN 6598949 AND 6599049
	Index Only Scan using k_3 on sbtest3  (cost=0.43..6.56 rows=106 width=4)
	  Index Cond: ((k >= 6598949) AND (k <= 6599049))

table 4 : explain SELECT k FROM sbtest4 WHERE k BETWEEN 6598949 AND 6599049
	Index Only Scan using k_4 on sbtest4  (cost=0.43..10.58 rows=107 width=4)
	  Index Cond: ((k >= 6598949) AND (k <= 6599049))

table 5 : explain SELECT k FROM sbtest5 WHERE k BETWEEN 6598949 AND 6599049
	Index Only Scan using k_5 on sbtest5  (cost=0.43..10.46 rows=101 width=4)
	  Index Cond: ((k >= 6598949) AND (k <= 6599049))

table 6 : explain SELECT k FROM sbtest6 WHERE k BETWEEN 6598949 AND 6599049
	Index Only Scan using k_6 on sbtest6  (cost=0.43..6.32 rows=94 width=4)
	  Index Cond: ((k >= 6598949) AND (k <= 6599049))

table 7 : explain SELECT k FROM sbtest7 WHERE k BETWEEN 6598949 AND 6599049
	Index Only Scan using k_7 on sbtest7  (cost=0.43..6.56 rows=106 width=4)
	  Index Cond: ((k >= 6598949) AND (k <= 6599049))

table 8 : explain SELECT k FROM sbtest8 WHERE k BETWEEN 6598949 AND 6599049
	Index Only Scan using k_8 on sbtest8  (cost=0.43..6.40 rows=98 width=4)
	  Index Cond: ((k >= 6598949) AND (k <= 6599049))

explain: for range-covered :: explain SELECT k FROM sbtest%d WHERE k BETWEEN 6598949 AND 6599049
for range-covered
table 1 : explain SELECT k FROM sbtest1 WHERE k BETWEEN 2807116 AND 2807216
	Index Only Scan using k_1 on sbtest1  (cost=0.43..10.29 rows=93 width=4)
	  Index Cond: ((k >= 2807116) AND (k <= 2807216))

table 2 : explain SELECT k FROM sbtest2 WHERE k BETWEEN 2807116 AND 2807216
	Index Only Scan using k_2 on sbtest2  (cost=0.43..6.50 rows=103 width=4)
	  Index Cond: ((k >= 2807116) AND (k <= 2807216))

table 3 : explain SELECT k FROM sbtest3 WHERE k BETWEEN 2807116 AND 2807216
	Index Only Scan using k_3 on sbtest3  (cost=0.43..6.42 rows=99 width=4)
	  Index Cond: ((k >= 2807116) AND (k <= 2807216))

table 4 : explain SELECT k FROM sbtest4 WHERE k BETWEEN 2807116 AND 2807216
	Index Only Scan using k_4 on sbtest4  (cost=0.43..10.58 rows=107 width=4)
	  Index Cond: ((k >= 2807116) AND (k <= 2807216))

table 5 : explain SELECT k FROM sbtest5 WHERE k BETWEEN 2807116 AND 2807216
	Index Only Scan using k_5 on sbtest5  (cost=0.43..10.42 rows=99 width=4)
	  Index Cond: ((k >= 2807116) AND (k <= 2807216))

table 6 : explain SELECT k FROM sbtest6 WHERE k BETWEEN 2807116 AND 2807216
	Index Only Scan using k_6 on sbtest6  (cost=0.43..6.42 rows=99 width=4)
	  Index Cond: ((k >= 2807116) AND (k <= 2807216))

table 7 : explain SELECT k FROM sbtest7 WHERE k BETWEEN 2807116 AND 2807216
	Index Only Scan using k_7 on sbtest7  (cost=0.43..6.72 rows=114 width=4)
	  Index Cond: ((k >= 2807116) AND (k <= 2807216))

table 8 : explain SELECT k FROM sbtest8 WHERE k BETWEEN 2807116 AND 2807216
	Index Only Scan using k_8 on sbtest8  (cost=0.43..6.61 rows=109 width=4)
	  Index Cond: ((k >= 2807116) AND (k <= 2807216))

for range-covered
table 1 : explain SELECT k FROM sbtest1 WHERE k BETWEEN 4069320 AND 4069420
	Index Only Scan using k_1 on sbtest1  (cost=0.43..10.54 rows=105 width=4)
	  Index Cond: ((k >= 4069320) AND (k <= 4069420))

table 2 : explain SELECT k FROM sbtest2 WHERE k BETWEEN 4069320 AND 4069420
	Index Only Scan using k_2 on sbtest2  (cost=0.43..6.56 rows=106 width=4)
	  Index Cond: ((k >= 4069320) AND (k <= 4069420))

table 3 : explain SELECT k FROM sbtest3 WHERE k BETWEEN 4069320 AND 4069420
	Index Only Scan using k_3 on sbtest3  (cost=0.43..6.33 rows=95 width=4)
	  Index Cond: ((k >= 4069320) AND (k <= 4069420))

table 4 : explain SELECT k FROM sbtest4 WHERE k BETWEEN 4069320 AND 4069420
	Index Only Scan using k_4 on sbtest4  (cost=0.43..10.50 rows=103 width=4)
	  Index Cond: ((k >= 4069320) AND (k <= 4069420))

table 5 : explain SELECT k FROM sbtest5 WHERE k BETWEEN 4069320 AND 4069420
	Index Only Scan using k_5 on sbtest5  (cost=0.43..10.44 rows=100 width=4)
	  Index Cond: ((k >= 4069320) AND (k <= 4069420))

table 6 : explain SELECT k FROM sbtest6 WHERE k BETWEEN 4069320 AND 4069420
	Index Only Scan using k_6 on sbtest6  (cost=0.43..6.47 rows=102 width=4)
	  Index Cond: ((k >= 4069320) AND (k <= 4069420))

table 7 : explain SELECT k FROM sbtest7 WHERE k BETWEEN 4069320 AND 4069420
	Index Only Scan using k_7 on sbtest7  (cost=0.43..6.50 rows=103 width=4)
	  Index Cond: ((k >= 4069320) AND (k <= 4069420))

table 8 : explain SELECT k FROM sbtest8 WHERE k BETWEEN 4069320 AND 4069420
	Index Only Scan using k_8 on sbtest8  (cost=0.43..6.51 rows=104 width=4)
	  Index Cond: ((k >= 4069320) AND (k <= 4069420))

explain: for range-covered :: explain SELECT k FROM sbtest%d WHERE k BETWEEN 5965394 AND 5965494
explain: for range-covered :: explain SELECT k FROM sbtest%d WHERE k BETWEEN 2807116 AND 2807216
for range-covered
table 1 : explain SELECT k FROM sbtest1 WHERE k BETWEEN 1125933 AND 1126033
	Index Only Scan using k_1 on sbtest1  (cost=0.43..10.42 rows=99 width=4)
	  Index Cond: ((k >= 1125933) AND (k <= 1126033))

table 2 : explain SELECT k FROM sbtest2 WHERE k BETWEEN 1125933 AND 1126033
	Index Only Scan using k_2 on sbtest2  (cost=0.43..6.50 rows=103 width=4)
	  Index Cond: ((k >= 1125933) AND (k <= 1126033))

table 3 : explain SELECT k FROM sbtest3 WHERE k BETWEEN 1125933 AND 1126033
	Index Only Scan using k_3 on sbtest3  (cost=0.43..6.47 rows=102 width=4)
	  Index Cond: ((k >= 1125933) AND (k <= 1126033))

table 4 : explain SELECT k FROM sbtest4 WHERE k BETWEEN 1125933 AND 1126033
	Index Only Scan using k_4 on sbtest4  (cost=0.43..10.50 rows=103 width=4)
	  Index Cond: ((k >= 1125933) AND (k <= 1126033))

table 5 : explain SELECT k FROM sbtest5 WHERE k BETWEEN 1125933 AND 1126033
	Index Only Scan using k_5 on sbtest5  (cost=0.43..10.72 rows=114 width=4)
	  Index Cond: ((k >= 1125933) AND (k <= 1126033))

table 6 : explain SELECT k FROM sbtest6 WHERE k BETWEEN 1125933 AND 1126033
	Index Only Scan using k_6 on sbtest6  (cost=0.43..6.29 rows=93 width=4)
	  Index Cond: ((k >= 1125933) AND (k <= 1126033))

table 7 : explain SELECT k FROM sbtest7 WHERE k BETWEEN 1125933 AND 1126033
	Index Only Scan using k_7 on sbtest7  (cost=0.43..6.63 rows=110 width=4)
	  Index Cond: ((k >= 1125933) AND (k <= 1126033))

table 8 : explain SELECT k FROM sbtest8 WHERE k BETWEEN 1125933 AND 1126033
	Index Only Scan using k_8 on sbtest8  (cost=0.43..6.42 rows=99 width=4)
	  Index Cond: ((k >= 1125933) AND (k <= 1126033))

explain: for range-covered :: explain SELECT k FROM sbtest%d WHERE k BETWEEN 4069320 AND 4069420
explain: for range-covered :: explain SELECT k FROM sbtest%d WHERE k BETWEEN 1125933 AND 1126033
for range-covered
table 1 : explain SELECT k FROM sbtest1 WHERE k BETWEEN 4928720 AND 4928820
	Index Only Scan using k_1 on sbtest1  (cost=0.43..10.46 rows=101 width=4)
	  Index Cond: ((k >= 4928720) AND (k <= 4928820))

table 2 : explain SELECT k FROM sbtest2 WHERE k BETWEEN 4928720 AND 4928820
	Index Only Scan using k_2 on sbtest2  (cost=0.43..6.40 rows=98 width=4)
	  Index Cond: ((k >= 4928720) AND (k <= 4928820))

table 3 : explain SELECT k FROM sbtest3 WHERE k BETWEEN 4928720 AND 4928820
	Index Only Scan using k_3 on sbtest3  (cost=0.43..6.27 rows=92 width=4)
	  Index Cond: ((k >= 4928720) AND (k <= 4928820))

table 4 : explain SELECT k FROM sbtest4 WHERE k BETWEEN 4928720 AND 4928820
	Index Only Scan using k_4 on sbtest4  (cost=0.43..10.46 rows=101 width=4)
	  Index Cond: ((k >= 4928720) AND (k <= 4928820))

table 5 : explain SELECT k FROM sbtest5 WHERE k BETWEEN 4928720 AND 4928820
	Index Only Scan using k_5 on sbtest5  (cost=0.43..10.44 rows=100 width=4)
	  Index Cond: ((k >= 4928720) AND (k <= 4928820))

table 6 : explain SELECT k FROM sbtest6 WHERE k BETWEEN 4928720 AND 4928820
	Index Only Scan using k_6 on sbtest6  (cost=0.43..6.42 rows=99 width=4)
	  Index Cond: ((k >= 4928720) AND (k <= 4928820))

table 7 : explain SELECT k FROM sbtest7 WHERE k BETWEEN 4928720 AND 4928820
	Index Only Scan using k_7 on sbtest7  (cost=0.43..6.42 rows=99 width=4)
	  Index Cond: ((k >= 4928720) AND (k <= 4928820))

table 8 : explain SELECT k FROM sbtest8 WHERE k BETWEEN 4928720 AND 4928820
	Index Only Scan using k_8 on sbtest8  (cost=0.43..6.40 rows=98 width=4)
	  Index Cond: ((k >= 4928720) AND (k <= 4928820))

for range-covered
table 1 : explain SELECT k FROM sbtest1 WHERE k BETWEEN 6433475 AND 6433575
	Index Only Scan using k_1 on sbtest1  (cost=0.43..10.58 rows=107 width=4)
	  Index Cond: ((k >= 6433475) AND (k <= 6433575))

table 2 : explain SELECT k FROM sbtest2 WHERE k BETWEEN 6433475 AND 6433575
	Index Only Scan using k_2 on sbtest2  (cost=0.43..6.58 rows=107 width=4)
	  Index Cond: ((k >= 6433475) AND (k <= 6433575))

table 3 : explain SELECT k FROM sbtest3 WHERE k BETWEEN 6433475 AND 6433575
	Index Only Scan using k_3 on sbtest3  (cost=0.43..6.58 rows=107 width=4)
	  Index Cond: ((k >= 6433475) AND (k <= 6433575))

table 4 : explain SELECT k FROM sbtest4 WHERE k BETWEEN 6433475 AND 6433575
	Index Only Scan using k_4 on sbtest4  (cost=0.43..10.44 rows=100 width=4)
	  Index Cond: ((k >= 6433475) AND (k <= 6433575))

table 5 : explain SELECT k FROM sbtest5 WHERE k BETWEEN 6433475 AND 6433575
	Index Only Scan using k_5 on sbtest5  (cost=0.43..10.29 rows=93 width=4)
	  Index Cond: ((k >= 6433475) AND (k <= 6433575))

table 6 : explain SELECT k FROM sbtest6 WHERE k BETWEEN 6433475 AND 6433575
	Index Only Scan using k_6 on sbtest6  (cost=0.43..6.42 rows=99 width=4)
	  Index Cond: ((k >= 6433475) AND (k <= 6433575))

table 7 : explain SELECT k FROM sbtest7 WHERE k BETWEEN 6433475 AND 6433575
	Index Only Scan using k_7 on sbtest7  (cost=0.43..6.25 rows=91 width=4)
	  Index Cond: ((k >= 6433475) AND (k <= 6433575))

table 8 : explain SELECT k FROM sbtest8 WHERE k BETWEEN 6433475 AND 6433575
	Index Only Scan using k_8 on sbtest8  (cost=0.43..6.50 rows=103 width=4)
	  Index Cond: ((k >= 6433475) AND (k <= 6433575))

explain: for range-covered :: explain SELECT k FROM sbtest%d WHERE k BETWEEN 6433475 AND 6433575
explain: for range-covered :: explain SELECT k FROM sbtest%d WHERE k BETWEEN 4928720 AND 4928820
for range-covered
table 1 : explain SELECT k FROM sbtest1 WHERE k BETWEEN 8453688 AND 8453788
	Index Only Scan using k_1 on sbtest1  (cost=0.43..10.38 rows=97 width=4)
	  Index Cond: ((k >= 8453688) AND (k <= 8453788))

table 2 : explain SELECT k FROM sbtest2 WHERE k BETWEEN 8453688 AND 8453788
	Index Only Scan using k_2 on sbtest2  (cost=0.43..6.63 rows=110 width=4)
	  Index Cond: ((k >= 8453688) AND (k <= 8453788))

table 3 : explain SELECT k FROM sbtest3 WHERE k BETWEEN 8453688 AND 8453788
	Index Only Scan using k_3 on sbtest3  (cost=0.43..6.50 rows=103 width=4)
	  Index Cond: ((k >= 8453688) AND (k <= 8453788))

table 4 : explain SELECT k FROM sbtest4 WHERE k BETWEEN 8453688 AND 8453788
	Index Only Scan using k_4 on sbtest4  (cost=0.43..10.50 rows=103 width=4)
	  Index Cond: ((k >= 8453688) AND (k <= 8453788))

table 5 : explain SELECT k FROM sbtest5 WHERE k BETWEEN 8453688 AND 8453788
	Index Only Scan using k_5 on sbtest5  (cost=0.43..10.58 rows=107 width=4)
	  Index Cond: ((k >= 8453688) AND (k <= 8453788))

table 6 : explain SELECT k FROM sbtest6 WHERE k BETWEEN 8453688 AND 8453788
	Index Only Scan using k_6 on sbtest6  (cost=0.43..6.63 rows=110 width=4)
	  Index Cond: ((k >= 8453688) AND (k <= 8453788))

table 7 : explain SELECT k FROM sbtest7 WHERE k BETWEEN 8453688 AND 8453788
	Index Only Scan using k_7 on sbtest7  (cost=0.43..6.43 rows=100 width=4)
	  Index Cond: ((k >= 8453688) AND (k <= 8453788))

table 8 : explain SELECT k FROM sbtest8 WHERE k BETWEEN 8453688 AND 8453788
	Index Only Scan using k_8 on sbtest8  (cost=0.43..6.47 rows=102 width=4)
	  Index Cond: ((k >= 8453688) AND (k <= 8453788))

explain: for range-covered :: explain SELECT k FROM sbtest%d WHERE k BETWEEN 8453688 AND 8453788
for range-covered
table 1 : explain SELECT k FROM sbtest1 WHERE k BETWEEN 6598949 AND 6599049
	Index Only Scan using k_1 on sbtest1  (cost=0.43..10.33 rows=95 width=4)
	  Index Cond: ((k >= 6598949) AND (k <= 6599049))

table 2 : explain SELECT k FROM sbtest2 WHERE k BETWEEN 6598949 AND 6599049
	Index Only Scan using k_2 on sbtest2  (cost=0.43..6.59 rows=108 width=4)
	  Index Cond: ((k >= 6598949) AND (k <= 6599049))

table 3 : explain SELECT k FROM sbtest3 WHERE k BETWEEN 6598949 AND 6599049
	Index Only Scan using k_3 on sbtest3  (cost=0.43..6.56 rows=106 width=4)
	  Index Cond: ((k >= 6598949) AND (k <= 6599049))

table 4 : explain SELECT k FROM sbtest4 WHERE k BETWEEN 6598949 AND 6599049
	Index Only Scan using k_4 on sbtest4  (cost=0.43..10.58 rows=107 width=4)
	  Index Cond: ((k >= 6598949) AND (k <= 6599049))

table 5 : explain SELECT k FROM sbtest5 WHERE k BETWEEN 6598949 AND 6599049
	Index Only Scan using k_5 on sbtest5  (cost=0.43..10.46 rows=101 width=4)
	  Index Cond: ((k >= 6598949) AND (k <= 6599049))

table 6 : explain SELECT k FROM sbtest6 WHERE k BETWEEN 6598949 AND 6599049
	Index Only Scan using k_6 on sbtest6  (cost=0.43..6.32 rows=94 width=4)
	  Index Cond: ((k >= 6598949) AND (k <= 6599049))

table 7 : explain SELECT k FROM sbtest7 WHERE k BETWEEN 6598949 AND 6599049
	Index Only Scan using k_7 on sbtest7  (cost=0.43..6.56 rows=106 width=4)
	  Index Cond: ((k >= 6598949) AND (k <= 6599049))

table 8 : explain SELECT k FROM sbtest8 WHERE k BETWEEN 6598949 AND 6599049
	Index Only Scan using k_8 on sbtest8  (cost=0.43..6.40 rows=98 width=4)
	  Index Cond: ((k >= 6598949) AND (k <= 6599049))

explain: for range-covered :: explain SELECT k FROM sbtest%d WHERE k BETWEEN 6598949 AND 6599049
for range-covered
table 1 : explain SELECT k FROM sbtest1 WHERE k BETWEEN 2807116 AND 2807216
	Index Only Scan using k_1 on sbtest1  (cost=0.43..10.29 rows=93 width=4)
	  Index Cond: ((k >= 2807116) AND (k <= 2807216))

table 2 : explain SELECT k FROM sbtest2 WHERE k BETWEEN 2807116 AND 2807216
	Index Only Scan using k_2 on sbtest2  (cost=0.43..6.50 rows=103 width=4)
	  Index Cond: ((k >= 2807116) AND (k <= 2807216))

table 3 : explain SELECT k FROM sbtest3 WHERE k BETWEEN 2807116 AND 2807216
	Index Only Scan using k_3 on sbtest3  (cost=0.43..6.42 rows=99 width=4)
	  Index Cond: ((k >= 2807116) AND (k <= 2807216))

table 4 : explain SELECT k FROM sbtest4 WHERE k BETWEEN 2807116 AND 2807216
	Index Only Scan using k_4 on sbtest4  (cost=0.43..10.58 rows=107 width=4)
	  Index Cond: ((k >= 2807116) AND (k <= 2807216))

table 5 : explain SELECT k FROM sbtest5 WHERE k BETWEEN 2807116 AND 2807216
	Index Only Scan using k_5 on sbtest5  (cost=0.43..10.42 rows=99 width=4)
	  Index Cond: ((k >= 2807116) AND (k <= 2807216))

table 6 : explain SELECT k FROM sbtest6 WHERE k BETWEEN 2807116 AND 2807216
	Index Only Scan using k_6 on sbtest6  (cost=0.43..6.42 rows=99 width=4)
	  Index Cond: ((k >= 2807116) AND (k <= 2807216))

table 7 : explain SELECT k FROM sbtest7 WHERE k BETWEEN 2807116 AND 2807216
	Index Only Scan using k_7 on sbtest7  (cost=0.43..6.72 rows=114 width=4)
	  Index Cond: ((k >= 2807116) AND (k <= 2807216))

table 8 : explain SELECT k FROM sbtest8 WHERE k BETWEEN 2807116 AND 2807216
	Index Only Scan using k_8 on sbtest8  (cost=0.43..6.61 rows=109 width=4)
	  Index Cond: ((k >= 2807116) AND (k <= 2807216))

explain: for range-covered :: explain SELECT k FROM sbtest%d WHERE k BETWEEN 2807116 AND 2807216
for range-covered
table 1 : explain SELECT k FROM sbtest1 WHERE k BETWEEN 1125933 AND 1126033
	Index Only Scan using k_1 on sbtest1  (cost=0.43..10.42 rows=99 width=4)
	  Index Cond: ((k >= 1125933) AND (k <= 1126033))

table 2 : explain SELECT k FROM sbtest2 WHERE k BETWEEN 1125933 AND 1126033
	Index Only Scan using k_2 on sbtest2  (cost=0.43..6.50 rows=103 width=4)
	  Index Cond: ((k >= 1125933) AND (k <= 1126033))

table 3 : explain SELECT k FROM sbtest3 WHERE k BETWEEN 1125933 AND 1126033
	Index Only Scan using k_3 on sbtest3  (cost=0.43..6.47 rows=102 width=4)
	  Index Cond: ((k >= 1125933) AND (k <= 1126033))

table 4 : explain SELECT k FROM sbtest4 WHERE k BETWEEN 1125933 AND 1126033
	Index Only Scan using k_4 on sbtest4  (cost=0.43..10.50 rows=103 width=4)
	  Index Cond: ((k >= 1125933) AND (k <= 1126033))

table 5 : explain SELECT k FROM sbtest5 WHERE k BETWEEN 1125933 AND 1126033
	Index Only Scan using k_5 on sbtest5  (cost=0.43..10.72 rows=114 width=4)
	  Index Cond: ((k >= 1125933) AND (k <= 1126033))

table 6 : explain SELECT k FROM sbtest6 WHERE k BETWEEN 1125933 AND 1126033
	Index Only Scan using k_6 on sbtest6  (cost=0.43..6.29 rows=93 width=4)
	  Index Cond: ((k >= 1125933) AND (k <= 1126033))

table 7 : explain SELECT k FROM sbtest7 WHERE k BETWEEN 1125933 AND 1126033
	Index Only Scan using k_7 on sbtest7  (cost=0.43..6.63 rows=110 width=4)
	  Index Cond: ((k >= 1125933) AND (k <= 1126033))

table 8 : explain SELECT k FROM sbtest8 WHERE k BETWEEN 1125933 AND 1126033
	Index Only Scan using k_8 on sbtest8  (cost=0.43..6.42 rows=99 width=4)
	  Index Cond: ((k >= 1125933) AND (k <= 1126033))

for range-covered
table 1 : explain SELECT k FROM sbtest1 WHERE k BETWEEN 4069320 AND 4069420
	Index Only Scan using k_1 on sbtest1  (cost=0.43..10.54 rows=105 width=4)
	  Index Cond: ((k >= 4069320) AND (k <= 4069420))

table 2 : explain SELECT k FROM sbtest2 WHERE k BETWEEN 4069320 AND 4069420
	Index Only Scan using k_2 on sbtest2  (cost=0.43..6.56 rows=106 width=4)
	  Index Cond: ((k >= 4069320) AND (k <= 4069420))

table 3 : explain SELECT k FROM sbtest3 WHERE k BETWEEN 4069320 AND 4069420
	Index Only Scan using k_3 on sbtest3  (cost=0.43..6.33 rows=95 width=4)
	  Index Cond: ((k >= 4069320) AND (k <= 4069420))

table 4 : explain SELECT k FROM sbtest4 WHERE k BETWEEN 4069320 AND 4069420
	Index Only Scan using k_4 on sbtest4  (cost=0.43..10.50 rows=103 width=4)
	  Index Cond: ((k >= 4069320) AND (k <= 4069420))

table 5 : explain SELECT k FROM sbtest5 WHERE k BETWEEN 4069320 AND 4069420
	Index Only Scan using k_5 on sbtest5  (cost=0.43..10.44 rows=100 width=4)
	  Index Cond: ((k >= 4069320) AND (k <= 4069420))

table 6 : explain SELECT k FROM sbtest6 WHERE k BETWEEN 4069320 AND 4069420
	Index Only Scan using k_6 on sbtest6  (cost=0.43..6.47 rows=102 width=4)
	  Index Cond: ((k >= 4069320) AND (k <= 4069420))

table 7 : explain SELECT k FROM sbtest7 WHERE k BETWEEN 4069320 AND 4069420
	Index Only Scan using k_7 on sbtest7  (cost=0.43..6.50 rows=103 width=4)
	  Index Cond: ((k >= 4069320) AND (k <= 4069420))

table 8 : explain SELECT k FROM sbtest8 WHERE k BETWEEN 4069320 AND 4069420
	Index Only Scan using k_8 on sbtest8  (cost=0.43..6.51 rows=104 width=4)
	  Index Cond: ((k >= 4069320) AND (k <= 4069420))

for range-covered
table 1 : explain SELECT k FROM sbtest1 WHERE k BETWEEN 2874111 AND 2874211
	Index Only Scan using k_1 on sbtest1  (cost=0.43..10.29 rows=93 width=4)
	  Index Cond: ((k >= 2874111) AND (k <= 2874211))

table 2 : explain SELECT k FROM sbtest2 WHERE k BETWEEN 2874111 AND 2874211
	Index Only Scan using k_2 on sbtest2  (cost=0.43..6.42 rows=99 width=4)
	  Index Cond: ((k >= 2874111) AND (k <= 2874211))

table 3 : explain SELECT k FROM sbtest3 WHERE k BETWEEN 2874111 AND 2874211
	Index Only Scan using k_3 on sbtest3  (cost=0.43..6.42 rows=99 width=4)
	  Index Cond: ((k >= 2874111) AND (k <= 2874211))

table 4 : explain SELECT k FROM sbtest4 WHERE k BETWEEN 2874111 AND 2874211
	Index Only Scan using k_4 on sbtest4  (cost=0.43..10.58 rows=107 width=4)
	  Index Cond: ((k >= 2874111) AND (k <= 2874211))

table 5 : explain SELECT k FROM sbtest5 WHERE k BETWEEN 2874111 AND 2874211
	Index Only Scan using k_5 on sbtest5  (cost=0.43..10.42 rows=99 width=4)
	  Index Cond: ((k >= 2874111) AND (k <= 2874211))

table 6 : explain SELECT k FROM sbtest6 WHERE k BETWEEN 2874111 AND 2874211
	Index Only Scan using k_6 on sbtest6  (cost=0.43..6.58 rows=107 width=4)
	  Index Cond: ((k >= 2874111) AND (k <= 2874211))

table 7 : explain SELECT k FROM sbtest7 WHERE k BETWEEN 2874111 AND 2874211
	Index Only Scan using k_7 on sbtest7  (cost=0.43..6.59 rows=108 width=4)
	  Index Cond: ((k >= 2874111) AND (k <= 2874211))

table 8 : explain SELECT k FROM sbtest8 WHERE k BETWEEN 2874111 AND 2874211
	Index Only Scan using k_8 on sbtest8  (cost=0.43..6.21 rows=89 width=4)
	  Index Cond: ((k >= 2874111) AND (k <= 2874211))

explain: for range-covered :: explain SELECT k FROM sbtest%d WHERE k BETWEEN 1125933 AND 1126033
explain: for range-covered :: explain SELECT k FROM sbtest%d WHERE k BETWEEN 4069320 AND 4069420
for range-covered
table 1 : explain SELECT k FROM sbtest1 WHERE k BETWEEN 6433475 AND 6433575
	Index Only Scan using k_1 on sbtest1  (cost=0.43..10.58 rows=107 width=4)
	  Index Cond: ((k >= 6433475) AND (k <= 6433575))

table 2 : explain SELECT k FROM sbtest2 WHERE k BETWEEN 6433475 AND 6433575
	Index Only Scan using k_2 on sbtest2  (cost=0.43..6.58 rows=107 width=4)
	  Index Cond: ((k >= 6433475) AND (k <= 6433575))

table 3 : explain SELECT k FROM sbtest3 WHERE k BETWEEN 6433475 AND 6433575
	Index Only Scan using k_3 on sbtest3  (cost=0.43..6.58 rows=107 width=4)
	  Index Cond: ((k >= 6433475) AND (k <= 6433575))

table 4 : explain SELECT k FROM sbtest4 WHERE k BETWEEN 6433475 AND 6433575
	Index Only Scan using k_4 on sbtest4  (cost=0.43..10.44 rows=100 width=4)
	  Index Cond: ((k >= 6433475) AND (k <= 6433575))

table 5 : explain SELECT k FROM sbtest5 WHERE k BETWEEN 6433475 AND 6433575
	Index Only Scan using k_5 on sbtest5  (cost=0.43..10.29 rows=93 width=4)
	  Index Cond: ((k >= 6433475) AND (k <= 6433575))

table 6 : explain SELECT k FROM sbtest6 WHERE k BETWEEN 6433475 AND 6433575
	Index Only Scan using k_6 on sbtest6  (cost=0.43..6.42 rows=99 width=4)
	  Index Cond: ((k >= 6433475) AND (k <= 6433575))

table 7 : explain SELECT k FROM sbtest7 WHERE k BETWEEN 6433475 AND 6433575
	Index Only Scan using k_7 on sbtest7  (cost=0.43..6.25 rows=91 width=4)
	  Index Cond: ((k >= 6433475) AND (k <= 6433575))

table 8 : explain SELECT k FROM sbtest8 WHERE k BETWEEN 6433475 AND 6433575
	Index Only Scan using k_8 on sbtest8  (cost=0.43..6.50 rows=103 width=4)
	  Index Cond: ((k >= 6433475) AND (k <= 6433575))

explain: for range-covered :: explain SELECT k FROM sbtest%d WHERE k BETWEEN 2874111 AND 2874211
explain: for range-covered :: explain SELECT k FROM sbtest%d WHERE k BETWEEN 6433475 AND 6433575
for range-covered
table 1 : explain SELECT k FROM sbtest1 WHERE k BETWEEN 8453688 AND 8453788
	Index Only Scan using k_1 on sbtest1  (cost=0.43..10.38 rows=97 width=4)
	  Index Cond: ((k >= 8453688) AND (k <= 8453788))

table 2 : explain SELECT k FROM sbtest2 WHERE k BETWEEN 8453688 AND 8453788
	Index Only Scan using k_2 on sbtest2  (cost=0.43..6.63 rows=110 width=4)
	  Index Cond: ((k >= 8453688) AND (k <= 8453788))

table 3 : explain SELECT k FROM sbtest3 WHERE k BETWEEN 8453688 AND 8453788
	Index Only Scan using k_3 on sbtest3  (cost=0.43..6.50 rows=103 width=4)
	  Index Cond: ((k >= 8453688) AND (k <= 8453788))

table 4 : explain SELECT k FROM sbtest4 WHERE k BETWEEN 8453688 AND 8453788
	Index Only Scan using k_4 on sbtest4  (cost=0.43..10.50 rows=103 width=4)
	  Index Cond: ((k >= 8453688) AND (k <= 8453788))

table 5 : explain SELECT k FROM sbtest5 WHERE k BETWEEN 8453688 AND 8453788
	Index Only Scan using k_5 on sbtest5  (cost=0.43..10.58 rows=107 width=4)
	  Index Cond: ((k >= 8453688) AND (k <= 8453788))

table 6 : explain SELECT k FROM sbtest6 WHERE k BETWEEN 8453688 AND 8453788
	Index Only Scan using k_6 on sbtest6  (cost=0.43..6.63 rows=110 width=4)
	  Index Cond: ((k >= 8453688) AND (k <= 8453788))

table 7 : explain SELECT k FROM sbtest7 WHERE k BETWEEN 8453688 AND 8453788
	Index Only Scan using k_7 on sbtest7  (cost=0.43..6.43 rows=100 width=4)
	  Index Cond: ((k >= 8453688) AND (k <= 8453788))

table 8 : explain SELECT k FROM sbtest8 WHERE k BETWEEN 8453688 AND 8453788
	Index Only Scan using k_8 on sbtest8  (cost=0.43..6.47 rows=102 width=4)
	  Index Cond: ((k >= 8453688) AND (k <= 8453788))

for range-covered
table 1 : explain SELECT k FROM sbtest1 WHERE k BETWEEN 4928720 AND 4928820
	Index Only Scan using k_1 on sbtest1  (cost=0.43..10.46 rows=101 width=4)
	  Index Cond: ((k >= 4928720) AND (k <= 4928820))

table 2 : explain SELECT k FROM sbtest2 WHERE k BETWEEN 4928720 AND 4928820
	Index Only Scan using k_2 on sbtest2  (cost=0.43..6.40 rows=98 width=4)
	  Index Cond: ((k >= 4928720) AND (k <= 4928820))

table 3 : explain SELECT k FROM sbtest3 WHERE k BETWEEN 4928720 AND 4928820
	Index Only Scan using k_3 on sbtest3  (cost=0.43..6.27 rows=92 width=4)
	  Index Cond: ((k >= 4928720) AND (k <= 4928820))

table 4 : explain SELECT k FROM sbtest4 WHERE k BETWEEN 4928720 AND 4928820
	Index Only Scan using k_4 on sbtest4  (cost=0.43..10.46 rows=101 width=4)
	  Index Cond: ((k >= 4928720) AND (k <= 4928820))

table 5 : explain SELECT k FROM sbtest5 WHERE k BETWEEN 4928720 AND 4928820
	Index Only Scan using k_5 on sbtest5  (cost=0.43..10.44 rows=100 width=4)
	  Index Cond: ((k >= 4928720) AND (k <= 4928820))

table 6 : explain SELECT k FROM sbtest6 WHERE k BETWEEN 4928720 AND 4928820
	Index Only Scan using k_6 on sbtest6  (cost=0.43..6.42 rows=99 width=4)
	  Index Cond: ((k >= 4928720) AND (k <= 4928820))

table 7 : explain SELECT k FROM sbtest7 WHERE k BETWEEN 4928720 AND 4928820
	Index Only Scan using k_7 on sbtest7  (cost=0.43..6.42 rows=99 width=4)
	  Index Cond: ((k >= 4928720) AND (k <= 4928820))

table 8 : explain SELECT k FROM sbtest8 WHERE k BETWEEN 4928720 AND 4928820
	Index Only Scan using k_8 on sbtest8  (cost=0.43..6.40 rows=98 width=4)
	  Index Cond: ((k >= 4928720) AND (k <= 4928820))

explain: for range-covered :: explain SELECT k FROM sbtest%d WHERE k BETWEEN 8453688 AND 8453788
explain: for range-covered :: explain SELECT k FROM sbtest%d WHERE k BETWEEN 4928720 AND 4928820
for range-covered
table 1 : explain SELECT k FROM sbtest1 WHERE k BETWEEN 2612640 AND 2612740
	Index Only Scan using k_1 on sbtest1  (cost=0.43..10.51 rows=104 width=4)
	  Index Cond: ((k >= 2612640) AND (k <= 2612740))

table 2 : explain SELECT k FROM sbtest2 WHERE k BETWEEN 2612640 AND 2612740
	Index Only Scan using k_2 on sbtest2  (cost=0.43..6.35 rows=96 width=4)
	  Index Cond: ((k >= 2612640) AND (k <= 2612740))

table 3 : explain SELECT k FROM sbtest3 WHERE k BETWEEN 2612640 AND 2612740
	Index Only Scan using k_3 on sbtest3  (cost=0.43..6.29 rows=93 width=4)
	  Index Cond: ((k >= 2612640) AND (k <= 2612740))

table 4 : explain SELECT k FROM sbtest4 WHERE k BETWEEN 2612640 AND 2612740
	Index Only Scan using k_4 on sbtest4  (cost=0.43..10.42 rows=99 width=4)
	  Index Cond: ((k >= 2612640) AND (k <= 2612740))

table 5 : explain SELECT k FROM sbtest5 WHERE k BETWEEN 2612640 AND 2612740
	Index Only Scan using k_5 on sbtest5  (cost=0.43..10.40 rows=98 width=4)
	  Index Cond: ((k >= 2612640) AND (k <= 2612740))

table 6 : explain SELECT k FROM sbtest6 WHERE k BETWEEN 2612640 AND 2612740
	Index Only Scan using k_6 on sbtest6  (cost=0.43..6.47 rows=102 width=4)
	  Index Cond: ((k >= 2612640) AND (k <= 2612740))

table 7 : explain SELECT k FROM sbtest7 WHERE k BETWEEN 2612640 AND 2612740
	Index Only Scan using k_7 on sbtest7  (cost=0.43..6.63 rows=110 width=4)
	  Index Cond: ((k >= 2612640) AND (k <= 2612740))

table 8 : explain SELECT k FROM sbtest8 WHERE k BETWEEN 2612640 AND 2612740
	Index Only Scan using k_8 on sbtest8  (cost=0.43..6.42 rows=99 width=4)
	  Index Cond: ((k >= 2612640) AND (k <= 2612740))

for range-covered
table 1 : explain SELECT k FROM sbtest1 WHERE k BETWEEN 2807116 AND 2807216
	Index Only Scan using k_1 on sbtest1  (cost=0.43..10.29 rows=93 width=4)
	  Index Cond: ((k >= 2807116) AND (k <= 2807216))

table 2 : explain SELECT k FROM sbtest2 WHERE k BETWEEN 2807116 AND 2807216
	Index Only Scan using k_2 on sbtest2  (cost=0.43..6.50 rows=103 width=4)
	  Index Cond: ((k >= 2807116) AND (k <= 2807216))

table 3 : explain SELECT k FROM sbtest3 WHERE k BETWEEN 2807116 AND 2807216
	Index Only Scan using k_3 on sbtest3  (cost=0.43..6.42 rows=99 width=4)
	  Index Cond: ((k >= 2807116) AND (k <= 2807216))

table 4 : explain SELECT k FROM sbtest4 WHERE k BETWEEN 2807116 AND 2807216
	Index Only Scan using k_4 on sbtest4  (cost=0.43..10.58 rows=107 width=4)
	  Index Cond: ((k >= 2807116) AND (k <= 2807216))

table 5 : explain SELECT k FROM sbtest5 WHERE k BETWEEN 2807116 AND 2807216
	Index Only Scan using k_5 on sbtest5  (cost=0.43..10.42 rows=99 width=4)
	  Index Cond: ((k >= 2807116) AND (k <= 2807216))

table 6 : explain SELECT k FROM sbtest6 WHERE k BETWEEN 2807116 AND 2807216
	Index Only Scan using k_6 on sbtest6  (cost=0.43..6.42 rows=99 width=4)
	  Index Cond: ((k >= 2807116) AND (k <= 2807216))

table 7 : explain SELECT k FROM sbtest7 WHERE k BETWEEN 2807116 AND 2807216
	Index Only Scan using k_7 on sbtest7  (cost=0.43..6.72 rows=114 width=4)
	  Index Cond: ((k >= 2807116) AND (k <= 2807216))

table 8 : explain SELECT k FROM sbtest8 WHERE k BETWEEN 2807116 AND 2807216
	Index Only Scan using k_8 on sbtest8  (cost=0.43..6.61 rows=109 width=4)
	  Index Cond: ((k >= 2807116) AND (k <= 2807216))

for range-covered
table 1 : explain SELECT k FROM sbtest1 WHERE k BETWEEN 4076985 AND 4077085
	Index Only Scan using k_1 on sbtest1  (cost=0.43..10.54 rows=105 width=4)
	  Index Cond: ((k >= 4076985) AND (k <= 4077085))

table 2 : explain SELECT k FROM sbtest2 WHERE k BETWEEN 4076985 AND 4077085
	Index Only Scan using k_2 on sbtest2  (cost=0.43..6.56 rows=106 width=4)
	  Index Cond: ((k >= 4076985) AND (k <= 4077085))

table 3 : explain SELECT k FROM sbtest3 WHERE k BETWEEN 4076985 AND 4077085
	Index Only Scan using k_3 on sbtest3  (cost=0.43..6.33 rows=95 width=4)
	  Index Cond: ((k >= 4076985) AND (k <= 4077085))

table 4 : explain SELECT k FROM sbtest4 WHERE k BETWEEN 4076985 AND 4077085
	Index Only Scan using k_4 on sbtest4  (cost=0.43..10.50 rows=103 width=4)
	  Index Cond: ((k >= 4076985) AND (k <= 4077085))

table 5 : explain SELECT k FROM sbtest5 WHERE k BETWEEN 4076985 AND 4077085
	Index Only Scan using k_5 on sbtest5  (cost=0.43..10.44 rows=100 width=4)
	  Index Cond: ((k >= 4076985) AND (k <= 4077085))

table 6 : explain SELECT k FROM sbtest6 WHERE k BETWEEN 4076985 AND 4077085
	Index Only Scan using k_6 on sbtest6  (cost=0.43..6.47 rows=102 width=4)
	  Index Cond: ((k >= 4076985) AND (k <= 4077085))

table 7 : explain SELECT k FROM sbtest7 WHERE k BETWEEN 4076985 AND 4077085
	Index Only Scan using k_7 on sbtest7  (cost=0.43..6.50 rows=103 width=4)
	  Index Cond: ((k >= 4076985) AND (k <= 4077085))

table 8 : explain SELECT k FROM sbtest8 WHERE k BETWEEN 4076985 AND 4077085
	Index Only Scan using k_8 on sbtest8  (cost=0.43..6.51 rows=104 width=4)
	  Index Cond: ((k >= 4076985) AND (k <= 4077085))

explain: for range-covered :: explain SELECT k FROM sbtest%d WHERE k BETWEEN 2807116 AND 2807216
explain: for range-covered :: explain SELECT k FROM sbtest%d WHERE k BETWEEN 2612640 AND 2612740
for range-covered
table 1 : explain SELECT k FROM sbtest1 WHERE k BETWEEN 4069320 AND 4069420
	Index Only Scan using k_1 on sbtest1  (cost=0.43..10.54 rows=105 width=4)
	  Index Cond: ((k >= 4069320) AND (k <= 4069420))

table 2 : explain SELECT k FROM sbtest2 WHERE k BETWEEN 4069320 AND 4069420
	Index Only Scan using k_2 on sbtest2  (cost=0.43..6.56 rows=106 width=4)
	  Index Cond: ((k >= 4069320) AND (k <= 4069420))

table 3 : explain SELECT k FROM sbtest3 WHERE k BETWEEN 4069320 AND 4069420
	Index Only Scan using k_3 on sbtest3  (cost=0.43..6.33 rows=95 width=4)
	  Index Cond: ((k >= 4069320) AND (k <= 4069420))

table 4 : explain SELECT k FROM sbtest4 WHERE k BETWEEN 4069320 AND 4069420
	Index Only Scan using k_4 on sbtest4  (cost=0.43..10.50 rows=103 width=4)
	  Index Cond: ((k >= 4069320) AND (k <= 4069420))

table 5 : explain SELECT k FROM sbtest5 WHERE k BETWEEN 4069320 AND 4069420
	Index Only Scan using k_5 on sbtest5  (cost=0.43..10.44 rows=100 width=4)
	  Index Cond: ((k >= 4069320) AND (k <= 4069420))

table 6 : explain SELECT k FROM sbtest6 WHERE k BETWEEN 4069320 AND 4069420
	Index Only Scan using k_6 on sbtest6  (cost=0.43..6.47 rows=102 width=4)
	  Index Cond: ((k >= 4069320) AND (k <= 4069420))

table 7 : explain SELECT k FROM sbtest7 WHERE k BETWEEN 4069320 AND 4069420
	Index Only Scan using k_7 on sbtest7  (cost=0.43..6.50 rows=103 width=4)
	  Index Cond: ((k >= 4069320) AND (k <= 4069420))

table 8 : explain SELECT k FROM sbtest8 WHERE k BETWEEN 4069320 AND 4069420
	Index Only Scan using k_8 on sbtest8  (cost=0.43..6.51 rows=104 width=4)
	  Index Cond: ((k >= 4069320) AND (k <= 4069420))

for range-covered
table 1 : explain SELECT k FROM sbtest1 WHERE k BETWEEN 1125933 AND 1126033
	Index Only Scan using k_1 on sbtest1  (cost=0.43..10.42 rows=99 width=4)
	  Index Cond: ((k >= 1125933) AND (k <= 1126033))

table 2 : explain SELECT k FROM sbtest2 WHERE k BETWEEN 1125933 AND 1126033
	Index Only Scan using k_2 on sbtest2  (cost=0.43..6.50 rows=103 width=4)
	  Index Cond: ((k >= 1125933) AND (k <= 1126033))

table 3 : explain SELECT k FROM sbtest3 WHERE k BETWEEN 1125933 AND 1126033
	Index Only Scan using k_3 on sbtest3  (cost=0.43..6.47 rows=102 width=4)
	  Index Cond: ((k >= 1125933) AND (k <= 1126033))

table 4 : explain SELECT k FROM sbtest4 WHERE k BETWEEN 1125933 AND 1126033
	Index Only Scan using k_4 on sbtest4  (cost=0.43..10.50 rows=103 width=4)
	  Index Cond: ((k >= 1125933) AND (k <= 1126033))

table 5 : explain SELECT k FROM sbtest5 WHERE k BETWEEN 1125933 AND 1126033
	Index Only Scan using k_5 on sbtest5  (cost=0.43..10.72 rows=114 width=4)
	  Index Cond: ((k >= 1125933) AND (k <= 1126033))

table 6 : explain SELECT k FROM sbtest6 WHERE k BETWEEN 1125933 AND 1126033
	Index Only Scan using k_6 on sbtest6  (cost=0.43..6.29 rows=93 width=4)
	  Index Cond: ((k >= 1125933) AND (k <= 1126033))

table 7 : explain SELECT k FROM sbtest7 WHERE k BETWEEN 1125933 AND 1126033
	Index Only Scan using k_7 on sbtest7  (cost=0.43..6.63 rows=110 width=4)
	  Index Cond: ((k >= 1125933) AND (k <= 1126033))

table 8 : explain SELECT k FROM sbtest8 WHERE k BETWEEN 1125933 AND 1126033
	Index Only Scan using k_8 on sbtest8  (cost=0.43..6.42 rows=99 width=4)
	  Index Cond: ((k >= 1125933) AND (k <= 1126033))

explain: for range-covered :: explain SELECT k FROM sbtest%d WHERE k BETWEEN 4076985 AND 4077085
explain: for range-covered :: explain SELECT k FROM sbtest%d WHERE k BETWEEN 4069320 AND 4069420
explain: for range-covered :: explain SELECT k FROM sbtest%d WHERE k BETWEEN 1125933 AND 1126033
for range-covered
table 1 : explain SELECT k FROM sbtest1 WHERE k BETWEEN 6433475 AND 6433575
	Index Only Scan using k_1 on sbtest1  (cost=0.43..10.58 rows=107 width=4)
	  Index Cond: ((k >= 6433475) AND (k <= 6433575))

table 2 : explain SELECT k FROM sbtest2 WHERE k BETWEEN 6433475 AND 6433575
	Index Only Scan using k_2 on sbtest2  (cost=0.43..6.58 rows=107 width=4)
	  Index Cond: ((k >= 6433475) AND (k <= 6433575))

table 3 : explain SELECT k FROM sbtest3 WHERE k BETWEEN 6433475 AND 6433575
	Index Only Scan using k_3 on sbtest3  (cost=0.43..6.58 rows=107 width=4)
	  Index Cond: ((k >= 6433475) AND (k <= 6433575))

table 4 : explain SELECT k FROM sbtest4 WHERE k BETWEEN 6433475 AND 6433575
	Index Only Scan using k_4 on sbtest4  (cost=0.43..10.44 rows=100 width=4)
	  Index Cond: ((k >= 6433475) AND (k <= 6433575))

table 5 : explain SELECT k FROM sbtest5 WHERE k BETWEEN 6433475 AND 6433575
	Index Only Scan using k_5 on sbtest5  (cost=0.43..10.29 rows=93 width=4)
	  Index Cond: ((k >= 6433475) AND (k <= 6433575))

table 6 : explain SELECT k FROM sbtest6 WHERE k BETWEEN 6433475 AND 6433575
	Index Only Scan using k_6 on sbtest6  (cost=0.43..6.42 rows=99 width=4)
	  Index Cond: ((k >= 6433475) AND (k <= 6433575))

table 7 : explain SELECT k FROM sbtest7 WHERE k BETWEEN 6433475 AND 6433575
	Index Only Scan using k_7 on sbtest7  (cost=0.43..6.25 rows=91 width=4)
	  Index Cond: ((k >= 6433475) AND (k <= 6433575))

table 8 : explain SELECT k FROM sbtest8 WHERE k BETWEEN 6433475 AND 6433575
	Index Only Scan using k_8 on sbtest8  (cost=0.43..6.50 rows=103 width=4)
	  Index Cond: ((k >= 6433475) AND (k <= 6433575))

explain: for range-covered :: explain SELECT k FROM sbtest%d WHERE k BETWEEN 6433475 AND 6433575
for range-covered
table 1 : explain SELECT k FROM sbtest1 WHERE k BETWEEN 6598949 AND 6599049
	Index Only Scan using k_1 on sbtest1  (cost=0.43..10.33 rows=95 width=4)
	  Index Cond: ((k >= 6598949) AND (k <= 6599049))

table 2 : explain SELECT k FROM sbtest2 WHERE k BETWEEN 6598949 AND 6599049
	Index Only Scan using k_2 on sbtest2  (cost=0.43..6.59 rows=108 width=4)
	  Index Cond: ((k >= 6598949) AND (k <= 6599049))

table 3 : explain SELECT k FROM sbtest3 WHERE k BETWEEN 6598949 AND 6599049
	Index Only Scan using k_3 on sbtest3  (cost=0.43..6.56 rows=106 width=4)
	  Index Cond: ((k >= 6598949) AND (k <= 6599049))

table 4 : explain SELECT k FROM sbtest4 WHERE k BETWEEN 6598949 AND 6599049
	Index Only Scan using k_4 on sbtest4  (cost=0.43..10.58 rows=107 width=4)
	  Index Cond: ((k >= 6598949) AND (k <= 6599049))

table 5 : explain SELECT k FROM sbtest5 WHERE k BETWEEN 6598949 AND 6599049
	Index Only Scan using k_5 on sbtest5  (cost=0.43..10.46 rows=101 width=4)
	  Index Cond: ((k >= 6598949) AND (k <= 6599049))

table 6 : explain SELECT k FROM sbtest6 WHERE k BETWEEN 6598949 AND 6599049
	Index Only Scan using k_6 on sbtest6  (cost=0.43..6.32 rows=94 width=4)
	  Index Cond: ((k >= 6598949) AND (k <= 6599049))

table 7 : explain SELECT k FROM sbtest7 WHERE k BETWEEN 6598949 AND 6599049
	Index Only Scan using k_7 on sbtest7  (cost=0.43..6.56 rows=106 width=4)
	  Index Cond: ((k >= 6598949) AND (k <= 6599049))

table 8 : explain SELECT k FROM sbtest8 WHERE k BETWEEN 6598949 AND 6599049
	Index Only Scan using k_8 on sbtest8  (cost=0.43..6.40 rows=98 width=4)
	  Index Cond: ((k >= 6598949) AND (k <= 6599049))
for range-covered
table 1 : explain SELECT k FROM sbtest1 WHERE k BETWEEN 4928720 AND 4928820
	Index Only Scan using k_1 on sbtest1  (cost=0.43..10.46 rows=101 width=4)
	  Index Cond: ((k >= 4928720) AND (k <= 4928820))

table 2 : explain SELECT k FROM sbtest2 WHERE k BETWEEN 4928720 AND 4928820
	Index Only Scan using k_2 on sbtest2  (cost=0.43..6.40 rows=98 width=4)
	  Index Cond: ((k >= 4928720) AND (k <= 4928820))

table 3 : explain SELECT k FROM sbtest3 WHERE k BETWEEN 4928720 AND 4928820
	Index Only Scan using k_3 on sbtest3  (cost=0.43..6.27 rows=92 width=4)
	  Index Cond: ((k >= 4928720) AND (k <= 4928820))

table 4 : explain SELECT k FROM sbtest4 WHERE k BETWEEN 4928720 AND 4928820
	Index Only Scan using k_4 on sbtest4  (cost=0.43..10.46 rows=101 width=4)
	  Index Cond: ((k >= 4928720) AND (k <= 4928820))

table 5 : explain SELECT k FROM sbtest5 WHERE k BETWEEN 4928720 AND 4928820
	Index Only Scan using k_5 on sbtest5  (cost=0.43..10.44 rows=100 width=4)
	  Index Cond: ((k >= 4928720) AND (k <= 4928820))

table 6 : explain SELECT k FROM sbtest6 WHERE k BETWEEN 4928720 AND 4928820
	Index Only Scan using k_6 on sbtest6  (cost=0.43..6.42 rows=99 width=4)
	  Index Cond: ((k >= 4928720) AND (k <= 4928820))

table 7 : explain SELECT k FROM sbtest7 WHERE k BETWEEN 4928720 AND 4928820
	Index Only Scan using k_7 on sbtest7  (cost=0.43..6.42 rows=99 width=4)
	  Index Cond: ((k >= 4928720) AND (k <= 4928820))

table 8 : explain SELECT k FROM sbtest8 WHERE k BETWEEN 4928720 AND 4928820
	Index Only Scan using k_8 on sbtest8  (cost=0.43..6.40 rows=98 width=4)
	  Index Cond: ((k >= 4928720) AND (k <= 4928820))
for range-covered
table 1 : explain SELECT k FROM sbtest1 WHERE k BETWEEN 8453688 AND 8453788
	Index Only Scan using k_1 on sbtest1  (cost=0.43..10.38 rows=97 width=4)
	  Index Cond: ((k >= 8453688) AND (k <= 8453788))

table 2 : explain SELECT k FROM sbtest2 WHERE k BETWEEN 8453688 AND 8453788
	Index Only Scan using k_2 on sbtest2  (cost=0.43..6.63 rows=110 width=4)
	  Index Cond: ((k >= 8453688) AND (k <= 8453788))

table 3 : explain SELECT k FROM sbtest3 WHERE k BETWEEN 8453688 AND 8453788
	Index Only Scan using k_3 on sbtest3  (cost=0.43..6.50 rows=103 width=4)
	  Index Cond: ((k >= 8453688) AND (k <= 8453788))

table 4 : explain SELECT k FROM sbtest4 WHERE k BETWEEN 8453688 AND 8453788
	Index Only Scan using k_4 on sbtest4  (cost=0.43..10.50 rows=103 width=4)
	  Index Cond: ((k >= 8453688) AND (k <= 8453788))

table 5 : explain SELECT k FROM sbtest5 WHERE k BETWEEN 8453688 AND 8453788
	Index Only Scan using k_5 on sbtest5  (cost=0.43..10.58 rows=107 width=4)
	  Index Cond: ((k >= 8453688) AND (k <= 8453788))

table 6 : explain SELECT k FROM sbtest6 WHERE k BETWEEN 8453688 AND 8453788
	Index Only Scan using k_6 on sbtest6  (cost=0.43..6.63 rows=110 width=4)
	  Index Cond: ((k >= 8453688) AND (k <= 8453788))

table 7 : explain SELECT k FROM sbtest7 WHERE k BETWEEN 8453688 AND 8453788
	Index Only Scan using k_7 on sbtest7  (cost=0.43..6.43 rows=100 width=4)
	  Index Cond: ((k >= 8453688) AND (k <= 8453788))

table 8 : explain SELECT k FROM sbtest8 WHERE k BETWEEN 8453688 AND 8453788
	Index Only Scan using k_8 on sbtest8  (cost=0.43..6.47 rows=102 width=4)
	  Index Cond: ((k >= 8453688) AND (k <= 8453788))



explain: for range-covered :: explain SELECT k FROM sbtest%d WHERE k BETWEEN 4928720 AND 4928820
explain: for range-covered :: explain SELECT k FROM sbtest%d WHERE k BETWEEN 6598949 AND 6599049
for range-covered
table 1 : explain SELECT k FROM sbtest1 WHERE k BETWEEN 1125933 AND 1126033
	Index Only Scan using k_1 on sbtest1  (cost=0.43..10.42 rows=99 width=4)
	  Index Cond: ((k >= 1125933) AND (k <= 1126033))

table 2 : explain SELECT k FROM sbtest2 WHERE k BETWEEN 1125933 AND 1126033
	Index Only Scan using k_2 on sbtest2  (cost=0.43..6.50 rows=103 width=4)
	  Index Cond: ((k >= 1125933) AND (k <= 1126033))

table 3 : explain SELECT k FROM sbtest3 WHERE k BETWEEN 1125933 AND 1126033
	Index Only Scan using k_3 on sbtest3  (cost=0.43..6.47 rows=102 width=4)
	  Index Cond: ((k >= 1125933) AND (k <= 1126033))

table 4 : explain SELECT k FROM sbtest4 WHERE k BETWEEN 1125933 AND 1126033
	Index Only Scan using k_4 on sbtest4  (cost=0.43..10.50 rows=103 width=4)
	  Index Cond: ((k >= 1125933) AND (k <= 1126033))

table 5 : explain SELECT k FROM sbtest5 WHERE k BETWEEN 1125933 AND 1126033
	Index Only Scan using k_5 on sbtest5  (cost=0.43..10.72 rows=114 width=4)
	  Index Cond: ((k >= 1125933) AND (k <= 1126033))

table 6 : explain SELECT k FROM sbtest6 WHERE k BETWEEN 1125933 AND 1126033
	Index Only Scan using k_6 on sbtest6  (cost=0.43..6.29 rows=93 width=4)
	  Index Cond: ((k >= 1125933) AND (k <= 1126033))

table 7 : explain SELECT k FROM sbtest7 WHERE k BETWEEN 1125933 AND 1126033
	Index Only Scan using k_7 on sbtest7  (cost=0.43..6.63 rows=110 width=4)
	  Index Cond: ((k >= 1125933) AND (k <= 1126033))

table 8 : explain SELECT k FROM sbtest8 WHERE k BETWEEN 1125933 AND 1126033
	Index Only Scan using k_8 on sbtest8  (cost=0.43..6.42 rows=99 width=4)
	  Index Cond: ((k >= 1125933) AND (k <= 1126033))

for range-covered
table 1 : explain SELECT k FROM sbtest1 WHERE k BETWEEN 4069320 AND 4069420
	Index Only Scan using k_1 on sbtest1  (cost=0.43..10.54 rows=105 width=4)
	  Index Cond: ((k >= 4069320) AND (k <= 4069420))

table 2 : explain SELECT k FROM sbtest2 WHERE k BETWEEN 4069320 AND 4069420
	Index Only Scan using k_2 on sbtest2  (cost=0.43..6.56 rows=106 width=4)
	  Index Cond: ((k >= 4069320) AND (k <= 4069420))

table 3 : explain SELECT k FROM sbtest3 WHERE k BETWEEN 4069320 AND 4069420
	Index Only Scan using k_3 on sbtest3  (cost=0.43..6.33 rows=95 width=4)
	  Index Cond: ((k >= 4069320) AND (k <= 4069420))

table 4 : explain SELECT k FROM sbtest4 WHERE k BETWEEN 4069320 AND 4069420
	Index Only Scan using k_4 on sbtest4  (cost=0.43..10.50 rows=103 width=4)
	  Index Cond: ((k >= 4069320) AND (k <= 4069420))

table 5 : explain SELECT k FROM sbtest5 WHERE k BETWEEN 4069320 AND 4069420
	Index Only Scan using k_5 on sbtest5  (cost=0.43..10.44 rows=100 width=4)
	  Index Cond: ((k >= 4069320) AND (k <= 4069420))

table 6 : explain SELECT k FROM sbtest6 WHERE k BETWEEN 4069320 AND 4069420
	Index Only Scan using k_6 on sbtest6  (cost=0.43..6.47 rows=102 width=4)
	  Index Cond: ((k >= 4069320) AND (k <= 4069420))

table 7 : explain SELECT k FROM sbtest7 WHERE k BETWEEN 4069320 AND 4069420
	Index Only Scan using k_7 on sbtest7  (cost=0.43..6.50 rows=103 width=4)
	  Index Cond: ((k >= 4069320) AND (k <= 4069420))

table 8 : explain SELECT k FROM sbtest8 WHERE k BETWEEN 4069320 AND 4069420
	Index Only Scan using k_8 on sbtest8  (cost=0.43..6.51 rows=104 width=4)
	  Index Cond: ((k >= 4069320) AND (k <= 4069420))

explain: for range-covered :: explain SELECT k FROM sbtest%d WHERE k BETWEEN 1125933 AND 1126033
explain: for range-covered :: explain SELECT k FROM sbtest%d WHERE k BETWEEN 4069320 AND 4069420
for range-covered
table 1 : explain SELECT k FROM sbtest1 WHERE k BETWEEN 6433475 AND 6433575
	Index Only Scan using k_1 on sbtest1  (cost=0.43..10.58 rows=107 width=4)
	  Index Cond: ((k >= 6433475) AND (k <= 6433575))

table 2 : explain SELECT k FROM sbtest2 WHERE k BETWEEN 6433475 AND 6433575
	Index Only Scan using k_2 on sbtest2  (cost=0.43..6.58 rows=107 width=4)
	  Index Cond: ((k >= 6433475) AND (k <= 6433575))

table 3 : explain SELECT k FROM sbtest3 WHERE k BETWEEN 6433475 AND 6433575
	Index Only Scan using k_3 on sbtest3  (cost=0.43..6.58 rows=107 width=4)
	  Index Cond: ((k >= 6433475) AND (k <= 6433575))

table 4 : explain SELECT k FROM sbtest4 WHERE k BETWEEN 6433475 AND 6433575
	Index Only Scan using k_4 on sbtest4  (cost=0.43..10.44 rows=100 width=4)
	  Index Cond: ((k >= 6433475) AND (k <= 6433575))

table 5 : explain SELECT k FROM sbtest5 WHERE k BETWEEN 6433475 AND 6433575
	Index Only Scan using k_5 on sbtest5  (cost=0.43..10.29 rows=93 width=4)
	  Index Cond: ((k >= 6433475) AND (k <= 6433575))

table 6 : explain SELECT k FROM sbtest6 WHERE k BETWEEN 6433475 AND 6433575
	Index Only Scan using k_6 on sbtest6  (cost=0.43..6.42 rows=99 width=4)
	  Index Cond: ((k >= 6433475) AND (k <= 6433575))

table 7 : explain SELECT k FROM sbtest7 WHERE k BETWEEN 6433475 AND 6433575
	Index Only Scan using k_7 on sbtest7  (cost=0.43..6.25 rows=91 width=4)
	  Index Cond: ((k >= 6433475) AND (k <= 6433575))

table 8 : explain SELECT k FROM sbtest8 WHERE k BETWEEN 6433475 AND 6433575
	Index Only Scan using k_8 on sbtest8  (cost=0.43..6.50 rows=103 width=4)
	  Index Cond: ((k >= 6433475) AND (k <= 6433575))

explain: for range-covered :: explain SELECT k FROM sbtest%d WHERE k BETWEEN 6433475 AND 6433575
for range-covered
table 1 : explain SELECT k FROM sbtest1 WHERE k BETWEEN 4928720 AND 4928820
	Index Only Scan using k_1 on sbtest1  (cost=0.43..10.46 rows=101 width=4)
	  Index Cond: ((k >= 4928720) AND (k <= 4928820))

table 2 : explain SELECT k FROM sbtest2 WHERE k BETWEEN 4928720 AND 4928820
	Index Only Scan using k_2 on sbtest2  (cost=0.43..6.40 rows=98 width=4)
	  Index Cond: ((k >= 4928720) AND (k <= 4928820))

table 3 : explain SELECT k FROM sbtest3 WHERE k BETWEEN 4928720 AND 4928820
	Index Only Scan using k_3 on sbtest3  (cost=0.43..6.27 rows=92 width=4)
	  Index Cond: ((k >= 4928720) AND (k <= 4928820))

table 4 : explain SELECT k FROM sbtest4 WHERE k BETWEEN 4928720 AND 4928820
	Index Only Scan using k_4 on sbtest4  (cost=0.43..10.46 rows=101 width=4)
	  Index Cond: ((k >= 4928720) AND (k <= 4928820))

table 5 : explain SELECT k FROM sbtest5 WHERE k BETWEEN 4928720 AND 4928820
	Index Only Scan using k_5 on sbtest5  (cost=0.43..10.44 rows=100 width=4)
	  Index Cond: ((k >= 4928720) AND (k <= 4928820))

table 6 : explain SELECT k FROM sbtest6 WHERE k BETWEEN 4928720 AND 4928820
	Index Only Scan using k_6 on sbtest6  (cost=0.43..6.42 rows=99 width=4)
	  Index Cond: ((k >= 4928720) AND (k <= 4928820))

table 7 : explain SELECT k FROM sbtest7 WHERE k BETWEEN 4928720 AND 4928820
	Index Only Scan using k_7 on sbtest7  (cost=0.43..6.42 rows=99 width=4)
	  Index Cond: ((k >= 4928720) AND (k <= 4928820))

table 8 : explain SELECT k FROM sbtest8 WHERE k BETWEEN 4928720 AND 4928820
	Index Only Scan using k_8 on sbtest8  (cost=0.43..6.40 rows=98 width=4)
	  Index Cond: ((k >= 4928720) AND (k <= 4928820))

explain: for range-covered :: explain SELECT k FROM sbtest%d WHERE k BETWEEN 4928720 AND 4928820
for range-covered
table 1 : explain SELECT k FROM sbtest1 WHERE k BETWEEN 6598949 AND 6599049
	Index Only Scan using k_1 on sbtest1  (cost=0.43..10.33 rows=95 width=4)
	  Index Cond: ((k >= 6598949) AND (k <= 6599049))

table 2 : explain SELECT k FROM sbtest2 WHERE k BETWEEN 6598949 AND 6599049
	Index Only Scan using k_2 on sbtest2  (cost=0.43..6.59 rows=108 width=4)
	  Index Cond: ((k >= 6598949) AND (k <= 6599049))

table 3 : explain SELECT k FROM sbtest3 WHERE k BETWEEN 6598949 AND 6599049
	Index Only Scan using k_3 on sbtest3  (cost=0.43..6.56 rows=106 width=4)
	  Index Cond: ((k >= 6598949) AND (k <= 6599049))

table 4 : explain SELECT k FROM sbtest4 WHERE k BETWEEN 6598949 AND 6599049
	Index Only Scan using k_4 on sbtest4  (cost=0.43..10.58 rows=107 width=4)
	  Index Cond: ((k >= 6598949) AND (k <= 6599049))

table 5 : explain SELECT k FROM sbtest5 WHERE k BETWEEN 6598949 AND 6599049
	Index Only Scan using k_5 on sbtest5  (cost=0.43..10.46 rows=101 width=4)
	  Index Cond: ((k >= 6598949) AND (k <= 6599049))

table 6 : explain SELECT k FROM sbtest6 WHERE k BETWEEN 6598949 AND 6599049
	Index Only Scan using k_6 on sbtest6  (cost=0.43..6.32 rows=94 width=4)
	  Index Cond: ((k >= 6598949) AND (k <= 6599049))

table 7 : explain SELECT k FROM sbtest7 WHERE k BETWEEN 6598949 AND 6599049
	Index Only Scan using k_7 on sbtest7  (cost=0.43..6.56 rows=106 width=4)
	  Index Cond: ((k >= 6598949) AND (k <= 6599049))

table 8 : explain SELECT k FROM sbtest8 WHERE k BETWEEN 6598949 AND 6599049
	Index Only Scan using k_8 on sbtest8  (cost=0.43..6.40 rows=98 width=4)
	  Index Cond: ((k >= 6598949) AND (k <= 6599049))

for range-covered
table 1 : explain SELECT k FROM sbtest1 WHERE k BETWEEN 1125933 AND 1126033
	Index Only Scan using k_1 on sbtest1  (cost=0.43..10.42 rows=99 width=4)
	  Index Cond: ((k >= 1125933) AND (k <= 1126033))

table 2 : explain SELECT k FROM sbtest2 WHERE k BETWEEN 1125933 AND 1126033
	Index Only Scan using k_2 on sbtest2  (cost=0.43..6.50 rows=103 width=4)
	  Index Cond: ((k >= 1125933) AND (k <= 1126033))

table 3 : explain SELECT k FROM sbtest3 WHERE k BETWEEN 1125933 AND 1126033
	Index Only Scan using k_3 on sbtest3  (cost=0.43..6.47 rows=102 width=4)
	  Index Cond: ((k >= 1125933) AND (k <= 1126033))

table 4 : explain SELECT k FROM sbtest4 WHERE k BETWEEN 1125933 AND 1126033
	Index Only Scan using k_4 on sbtest4  (cost=0.43..10.50 rows=103 width=4)
	  Index Cond: ((k >= 1125933) AND (k <= 1126033))

table 5 : explain SELECT k FROM sbtest5 WHERE k BETWEEN 1125933 AND 1126033
	Index Only Scan using k_5 on sbtest5  (cost=0.43..10.72 rows=114 width=4)
	  Index Cond: ((k >= 1125933) AND (k <= 1126033))

table 6 : explain SELECT k FROM sbtest6 WHERE k BETWEEN 1125933 AND 1126033
	Index Only Scan using k_6 on sbtest6  (cost=0.43..6.29 rows=93 width=4)
	  Index Cond: ((k >= 1125933) AND (k <= 1126033))

table 7 : explain SELECT k FROM sbtest7 WHERE k BETWEEN 1125933 AND 1126033
	Index Only Scan using k_7 on sbtest7  (cost=0.43..6.63 rows=110 width=4)
	  Index Cond: ((k >= 1125933) AND (k <= 1126033))

table 8 : explain SELECT k FROM sbtest8 WHERE k BETWEEN 1125933 AND 1126033
	Index Only Scan using k_8 on sbtest8  (cost=0.43..6.42 rows=99 width=4)
	  Index Cond: ((k >= 1125933) AND (k <= 1126033))

for range-covered
table 1 : explain SELECT k FROM sbtest1 WHERE k BETWEEN 2874111 AND 2874211
	Index Only Scan using k_1 on sbtest1  (cost=0.43..10.29 rows=93 width=4)
	  Index Cond: ((k >= 2874111) AND (k <= 2874211))

table 2 : explain SELECT k FROM sbtest2 WHERE k BETWEEN 2874111 AND 2874211
	Index Only Scan using k_2 on sbtest2  (cost=0.43..6.42 rows=99 width=4)
	  Index Cond: ((k >= 2874111) AND (k <= 2874211))

table 3 : explain SELECT k FROM sbtest3 WHERE k BETWEEN 2874111 AND 2874211
	Index Only Scan using k_3 on sbtest3  (cost=0.43..6.42 rows=99 width=4)
	  Index Cond: ((k >= 2874111) AND (k <= 2874211))

table 4 : explain SELECT k FROM sbtest4 WHERE k BETWEEN 2874111 AND 2874211
	Index Only Scan using k_4 on sbtest4  (cost=0.43..10.58 rows=107 width=4)
	  Index Cond: ((k >= 2874111) AND (k <= 2874211))

table 5 : explain SELECT k FROM sbtest5 WHERE k BETWEEN 2874111 AND 2874211
	Index Only Scan using k_5 on sbtest5  (cost=0.43..10.42 rows=99 width=4)
	  Index Cond: ((k >= 2874111) AND (k <= 2874211))

table 6 : explain SELECT k FROM sbtest6 WHERE k BETWEEN 2874111 AND 2874211
	Index Only Scan using k_6 on sbtest6  (cost=0.43..6.58 rows=107 width=4)
	  Index Cond: ((k >= 2874111) AND (k <= 2874211))

table 7 : explain SELECT k FROM sbtest7 WHERE k BETWEEN 2874111 AND 2874211
	Index Only Scan using k_7 on sbtest7  (cost=0.43..6.59 rows=108 width=4)
	  Index Cond: ((k >= 2874111) AND (k <= 2874211))

table 8 : explain SELECT k FROM sbtest8 WHERE k BETWEEN 2874111 AND 2874211
	Index Only Scan using k_8 on sbtest8  (cost=0.43..6.21 rows=89 width=4)
	  Index Cond: ((k >= 2874111) AND (k <= 2874211))

for range-covered
table 1 : explain SELECT k FROM sbtest1 WHERE k BETWEEN 4069320 AND 4069420
	Index Only Scan using k_1 on sbtest1  (cost=0.43..10.54 rows=105 width=4)
	  Index Cond: ((k >= 4069320) AND (k <= 4069420))

table 2 : explain SELECT k FROM sbtest2 WHERE k BETWEEN 4069320 AND 4069420
	Index Only Scan using k_2 on sbtest2  (cost=0.43..6.56 rows=106 width=4)
	  Index Cond: ((k >= 4069320) AND (k <= 4069420))

table 3 : explain SELECT k FROM sbtest3 WHERE k BETWEEN 4069320 AND 4069420
	Index Only Scan using k_3 on sbtest3  (cost=0.43..6.33 rows=95 width=4)
	  Index Cond: ((k >= 4069320) AND (k <= 4069420))

table 4 : explain SELECT k FROM sbtest4 WHERE k BETWEEN 4069320 AND 4069420
	Index Only Scan using k_4 on sbtest4  (cost=0.43..10.50 rows=103 width=4)
	  Index Cond: ((k >= 4069320) AND (k <= 4069420))

table 5 : explain SELECT k FROM sbtest5 WHERE k BETWEEN 4069320 AND 4069420
	Index Only Scan using k_5 on sbtest5  (cost=0.43..10.44 rows=100 width=4)
	  Index Cond: ((k >= 4069320) AND (k <= 4069420))

table 6 : explain SELECT k FROM sbtest6 WHERE k BETWEEN 4069320 AND 4069420
	Index Only Scan using k_6 on sbtest6  (cost=0.43..6.47 rows=102 width=4)
	  Index Cond: ((k >= 4069320) AND (k <= 4069420))

table 7 : explain SELECT k FROM sbtest7 WHERE k BETWEEN 4069320 AND 4069420
	Index Only Scan using k_7 on sbtest7  (cost=0.43..6.50 rows=103 width=4)
	  Index Cond: ((k >= 4069320) AND (k <= 4069420))

table 8 : explain SELECT k FROM sbtest8 WHERE k BETWEEN 4069320 AND 4069420
	Index Only Scan using k_8 on sbtest8  (cost=0.43..6.51 rows=104 width=4)
	  Index Cond: ((k >= 4069320) AND (k <= 4069420))

explain: for range-covered :: explain SELECT k FROM sbtest%d WHERE k BETWEEN 8453688 AND 8453788
explain: for range-covered :: explain SELECT k FROM sbtest%d WHERE k BETWEEN 4069320 AND 4069420
for range-covered
table 1 : explain SELECT k FROM sbtest1 WHERE k BETWEEN 6433475 AND 6433575
	Index Only Scan using k_1 on sbtest1  (cost=0.43..10.58 rows=107 width=4)
	  Index Cond: ((k >= 6433475) AND (k <= 6433575))

table 2 : explain SELECT k FROM sbtest2 WHERE k BETWEEN 6433475 AND 6433575
	Index Only Scan using k_2 on sbtest2  (cost=0.43..6.58 rows=107 width=4)
	  Index Cond: ((k >= 6433475) AND (k <= 6433575))

table 3 : explain SELECT k FROM sbtest3 WHERE k BETWEEN 6433475 AND 6433575
	Index Only Scan using k_3 on sbtest3  (cost=0.43..6.58 rows=107 width=4)
	  Index Cond: ((k >= 6433475) AND (k <= 6433575))

table 4 : explain SELECT k FROM sbtest4 WHERE k BETWEEN 6433475 AND 6433575
	Index Only Scan using k_4 on sbtest4  (cost=0.43..10.44 rows=100 width=4)
	  Index Cond: ((k >= 6433475) AND (k <= 6433575))

table 5 : explain SELECT k FROM sbtest5 WHERE k BETWEEN 6433475 AND 6433575
	Index Only Scan using k_5 on sbtest5  (cost=0.43..10.29 rows=93 width=4)
	  Index Cond: ((k >= 6433475) AND (k <= 6433575))

table 6 : explain SELECT k FROM sbtest6 WHERE k BETWEEN 6433475 AND 6433575
	Index Only Scan using k_6 on sbtest6  (cost=0.43..6.42 rows=99 width=4)
	  Index Cond: ((k >= 6433475) AND (k <= 6433575))

table 7 : explain SELECT k FROM sbtest7 WHERE k BETWEEN 6433475 AND 6433575
	Index Only Scan using k_7 on sbtest7  (cost=0.43..6.25 rows=91 width=4)
	  Index Cond: ((k >= 6433475) AND (k <= 6433575))

table 8 : explain SELECT k FROM sbtest8 WHERE k BETWEEN 6433475 AND 6433575
	Index Only Scan using k_8 on sbtest8  (cost=0.43..6.50 rows=103 width=4)
	  Index Cond: ((k >= 6433475) AND (k <= 6433575))

explain: for range-covered :: explain SELECT k FROM sbtest%d WHERE k BETWEEN 6433475 AND 6433575
explain: for range-covered :: explain SELECT k FROM sbtest%d WHERE k BETWEEN 2874111 AND 2874211
explain: for range-covered :: explain SELECT k FROM sbtest%d WHERE k BETWEEN 9347076 AND 9347176
explain: for range-covered :: explain SELECT k FROM sbtest%d WHERE k BETWEEN 3966307 AND 3966407
explain: for range-covered :: explain SELECT k FROM sbtest%d WHERE k BETWEEN 3135188 AND 3135288
for range-covered
table 1 : explain SELECT k FROM sbtest1 WHERE k BETWEEN 4928720 AND 4928820
	Index Only Scan using k_1 on sbtest1  (cost=0.43..10.46 rows=101 width=4)
	  Index Cond: ((k >= 4928720) AND (k <= 4928820))

table 2 : explain SELECT k FROM sbtest2 WHERE k BETWEEN 4928720 AND 4928820
	Index Only Scan using k_2 on sbtest2  (cost=0.43..6.40 rows=98 width=4)
	  Index Cond: ((k >= 4928720) AND (k <= 4928820))

table 3 : explain SELECT k FROM sbtest3 WHERE k BETWEEN 4928720 AND 4928820
	Index Only Scan using k_3 on sbtest3  (cost=0.43..6.27 rows=92 width=4)
	  Index Cond: ((k >= 4928720) AND (k <= 4928820))

table 4 : explain SELECT k FROM sbtest4 WHERE k BETWEEN 4928720 AND 4928820
	Index Only Scan using k_4 on sbtest4  (cost=0.43..10.46 rows=101 width=4)
	  Index Cond: ((k >= 4928720) AND (k <= 4928820))

table 5 : explain SELECT k FROM sbtest5 WHERE k BETWEEN 4928720 AND 4928820
	Index Only Scan using k_5 on sbtest5  (cost=0.43..10.44 rows=100 width=4)
	  Index Cond: ((k >= 4928720) AND (k <= 4928820))

table 6 : explain SELECT k FROM sbtest6 WHERE k BETWEEN 4928720 AND 4928820
	Index Only Scan using k_6 on sbtest6  (cost=0.43..6.42 rows=99 width=4)
	  Index Cond: ((k >= 4928720) AND (k <= 4928820))

table 7 : explain SELECT k FROM sbtest7 WHERE k BETWEEN 4928720 AND 4928820
	Index Only Scan using k_7 on sbtest7  (cost=0.43..6.42 rows=99 width=4)
	  Index Cond: ((k >= 4928720) AND (k <= 4928820))

table 8 : explain SELECT k FROM sbtest8 WHERE k BETWEEN 4928720 AND 4928820
	Index Only Scan using k_8 on sbtest8  (cost=0.43..6.40 rows=98 width=4)
	  Index Cond: ((k >= 4928720) AND (k <= 4928820))

explain: for range-covered :: explain SELECT k FROM sbtest%d WHERE k BETWEEN 4928720 AND 4928820
explain: for range-covered :: explain SELECT k FROM sbtest%d WHERE k BETWEEN 4862992 AND 4863092
for range-covered
table 1 : explain SELECT k FROM sbtest1 WHERE k BETWEEN 2612640 AND 2612740
	Index Only Scan using k_1 on sbtest1  (cost=0.43..10.51 rows=104 width=4)
	  Index Cond: ((k >= 2612640) AND (k <= 2612740))

table 2 : explain SELECT k FROM sbtest2 WHERE k BETWEEN 2612640 AND 2612740
	Index Only Scan using k_2 on sbtest2  (cost=0.43..6.35 rows=96 width=4)
	  Index Cond: ((k >= 2612640) AND (k <= 2612740))

table 3 : explain SELECT k FROM sbtest3 WHERE k BETWEEN 2612640 AND 2612740
	Index Only Scan using k_3 on sbtest3  (cost=0.43..6.29 rows=93 width=4)
	  Index Cond: ((k >= 2612640) AND (k <= 2612740))

table 4 : explain SELECT k FROM sbtest4 WHERE k BETWEEN 2612640 AND 2612740
	Index Only Scan using k_4 on sbtest4  (cost=0.43..10.42 rows=99 width=4)
	  Index Cond: ((k >= 2612640) AND (k <= 2612740))

table 5 : explain SELECT k FROM sbtest5 WHERE k BETWEEN 2612640 AND 2612740
	Index Only Scan using k_5 on sbtest5  (cost=0.43..10.40 rows=98 width=4)
	  Index Cond: ((k >= 2612640) AND (k <= 2612740))

table 6 : explain SELECT k FROM sbtest6 WHERE k BETWEEN 2612640 AND 2612740
	Index Only Scan using k_6 on sbtest6  (cost=0.43..6.47 rows=102 width=4)
	  Index Cond: ((k >= 2612640) AND (k <= 2612740))

table 7 : explain SELECT k FROM sbtest7 WHERE k BETWEEN 2612640 AND 2612740
	Index Only Scan using k_7 on sbtest7  (cost=0.43..6.63 rows=110 width=4)
	  Index Cond: ((k >= 2612640) AND (k <= 2612740))

table 8 : explain SELECT k FROM sbtest8 WHERE k BETWEEN 2612640 AND 2612740
	Index Only Scan using k_8 on sbtest8  (cost=0.43..6.42 rows=99 width=4)
	  Index Cond: ((k >= 2612640) AND (k <= 2612740))

for range-covered
table 1 : explain SELECT k FROM sbtest1 WHERE k BETWEEN 2807116 AND 2807216
	Index Only Scan using k_1 on sbtest1  (cost=0.43..10.29 rows=93 width=4)
	  Index Cond: ((k >= 2807116) AND (k <= 2807216))

table 2 : explain SELECT k FROM sbtest2 WHERE k BETWEEN 2807116 AND 2807216
	Index Only Scan using k_2 on sbtest2  (cost=0.43..6.50 rows=103 width=4)
	  Index Cond: ((k >= 2807116) AND (k <= 2807216))

table 3 : explain SELECT k FROM sbtest3 WHERE k BETWEEN 2807116 AND 2807216
	Index Only Scan using k_3 on sbtest3  (cost=0.43..6.42 rows=99 width=4)
	  Index Cond: ((k >= 2807116) AND (k <= 2807216))

table 4 : explain SELECT k FROM sbtest4 WHERE k BETWEEN 2807116 AND 2807216
	Index Only Scan using k_4 on sbtest4  (cost=0.43..10.58 rows=107 width=4)
	  Index Cond: ((k >= 2807116) AND (k <= 2807216))

table 5 : explain SELECT k FROM sbtest5 WHERE k BETWEEN 2807116 AND 2807216
	Index Only Scan using k_5 on sbtest5  (cost=0.43..10.42 rows=99 width=4)
	  Index Cond: ((k >= 2807116) AND (k <= 2807216))

table 6 : explain SELECT k FROM sbtest6 WHERE k BETWEEN 2807116 AND 2807216
	Index Only Scan using k_6 on sbtest6  (cost=0.43..6.42 rows=99 width=4)
	  Index Cond: ((k >= 2807116) AND (k <= 2807216))

table 7 : explain SELECT k FROM sbtest7 WHERE k BETWEEN 2807116 AND 2807216
	Index Only Scan using k_7 on sbtest7  (cost=0.43..6.72 rows=114 width=4)
	  Index Cond: ((k >= 2807116) AND (k <= 2807216))

table 8 : explain SELECT k FROM sbtest8 WHERE k BETWEEN 2807116 AND 2807216
	Index Only Scan using k_8 on sbtest8  (cost=0.43..6.61 rows=109 width=4)
	  Index Cond: ((k >= 2807116) AND (k <= 2807216))

for range-covered
table 1 : explain SELECT k FROM sbtest1 WHERE k BETWEEN 4076985 AND 4077085
	Index Only Scan using k_1 on sbtest1  (cost=0.43..10.54 rows=105 width=4)
	  Index Cond: ((k >= 4076985) AND (k <= 4077085))

table 2 : explain SELECT k FROM sbtest2 WHERE k BETWEEN 4076985 AND 4077085
	Index Only Scan using k_2 on sbtest2  (cost=0.43..6.56 rows=106 width=4)
	  Index Cond: ((k >= 4076985) AND (k <= 4077085))

table 3 : explain SELECT k FROM sbtest3 WHERE k BETWEEN 4076985 AND 4077085
	Index Only Scan using k_3 on sbtest3  (cost=0.43..6.33 rows=95 width=4)
	  Index Cond: ((k >= 4076985) AND (k <= 4077085))

table 4 : explain SELECT k FROM sbtest4 WHERE k BETWEEN 4076985 AND 4077085
	Index Only Scan using k_4 on sbtest4  (cost=0.43..10.50 rows=103 width=4)
	  Index Cond: ((k >= 4076985) AND (k <= 4077085))

table 5 : explain SELECT k FROM sbtest5 WHERE k BETWEEN 4076985 AND 4077085
	Index Only Scan using k_5 on sbtest5  (cost=0.43..10.44 rows=100 width=4)
	  Index Cond: ((k >= 4076985) AND (k <= 4077085))

table 6 : explain SELECT k FROM sbtest6 WHERE k BETWEEN 4076985 AND 4077085
	Index Only Scan using k_6 on sbtest6  (cost=0.43..6.47 rows=102 width=4)
	  Index Cond: ((k >= 4076985) AND (k <= 4077085))

table 7 : explain SELECT k FROM sbtest7 WHERE k BETWEEN 4076985 AND 4077085
	Index Only Scan using k_7 on sbtest7  (cost=0.43..6.50 rows=103 width=4)
	  Index Cond: ((k >= 4076985) AND (k <= 4077085))

table 8 : explain SELECT k FROM sbtest8 WHERE k BETWEEN 4076985 AND 4077085
	Index Only Scan using k_8 on sbtest8  (cost=0.43..6.51 rows=104 width=4)
	  Index Cond: ((k >= 4076985) AND (k <= 4077085))
explain: for range-covered :: explain SELECT k FROM sbtest%d WHERE k BETWEEN 2807116 AND 2807216

explain: for range-covered :: explain SELECT k FROM sbtest%d WHERE k BETWEEN 2612640 AND 2612740
for range-covered
table 1 : explain SELECT k FROM sbtest1 WHERE k BETWEEN 5965394 AND 5965494
	Index Only Scan using k_1 on sbtest1  (cost=0.43..10.32 rows=94 width=4)
	  Index Cond: ((k >= 5965394) AND (k <= 5965494))

table 2 : explain SELECT k FROM sbtest2 WHERE k BETWEEN 5965394 AND 5965494
	Index Only Scan using k_2 on sbtest2  (cost=0.43..6.56 rows=106 width=4)
	  Index Cond: ((k >= 5965394) AND (k <= 5965494))

table 3 : explain SELECT k FROM sbtest3 WHERE k BETWEEN 5965394 AND 5965494
	Index Only Scan using k_3 on sbtest3  (cost=0.43..6.75 rows=116 width=4)
	  Index Cond: ((k >= 5965394) AND (k <= 5965494))

table 4 : explain SELECT k FROM sbtest4 WHERE k BETWEEN 5965394 AND 5965494
	Index Only Scan using k_4 on sbtest4  (cost=0.43..10.54 rows=105 width=4)
	  Index Cond: ((k >= 5965394) AND (k <= 5965494))

table 5 : explain SELECT k FROM sbtest5 WHERE k BETWEEN 5965394 AND 5965494
	Index Only Scan using k_5 on sbtest5  (cost=0.43..10.50 rows=103 width=4)
	  Index Cond: ((k >= 5965394) AND (k <= 5965494))

table 6 : explain SELECT k FROM sbtest6 WHERE k BETWEEN 5965394 AND 5965494
	Index Only Scan using k_6 on sbtest6  (cost=0.43..6.42 rows=99 width=4)
	  Index Cond: ((k >= 5965394) AND (k <= 5965494))

table 7 : explain SELECT k FROM sbtest7 WHERE k BETWEEN 5965394 AND 5965494
	Index Only Scan using k_7 on sbtest7  (cost=0.43..6.37 rows=97 width=4)
	  Index Cond: ((k >= 5965394) AND (k <= 5965494))

table 8 : explain SELECT k FROM sbtest8 WHERE k BETWEEN 5965394 AND 5965494
	Index Only Scan using k_8 on sbtest8  (cost=0.43..6.58 rows=107 width=4)
	  Index Cond: ((k >= 5965394) AND (k <= 5965494))

explain: for range-covered :: explain SELECT k FROM sbtest%d WHERE k BETWEEN 5965394 AND 5965494
for range-covered
table 1 : explain SELECT k FROM sbtest1 WHERE k BETWEEN 4069320 AND 4069420
	Index Only Scan using k_1 on sbtest1  (cost=0.43..10.54 rows=105 width=4)
	  Index Cond: ((k >= 4069320) AND (k <= 4069420))

table 2 : explain SELECT k FROM sbtest2 WHERE k BETWEEN 4069320 AND 4069420
	Index Only Scan using k_2 on sbtest2  (cost=0.43..6.56 rows=106 width=4)
	  Index Cond: ((k >= 4069320) AND (k <= 4069420))

table 3 : explain SELECT k FROM sbtest3 WHERE k BETWEEN 4069320 AND 4069420
	Index Only Scan using k_3 on sbtest3  (cost=0.43..6.33 rows=95 width=4)
	  Index Cond: ((k >= 4069320) AND (k <= 4069420))

table 4 : explain SELECT k FROM sbtest4 WHERE k BETWEEN 4069320 AND 4069420
	Index Only Scan using k_4 on sbtest4  (cost=0.43..10.50 rows=103 width=4)
	  Index Cond: ((k >= 4069320) AND (k <= 4069420))

table 5 : explain SELECT k FROM sbtest5 WHERE k BETWEEN 4069320 AND 4069420
	Index Only Scan using k_5 on sbtest5  (cost=0.43..10.44 rows=100 width=4)
	  Index Cond: ((k >= 4069320) AND (k <= 4069420))

table 6 : explain SELECT k FROM sbtest6 WHERE k BETWEEN 4069320 AND 4069420
	Index Only Scan using k_6 on sbtest6  (cost=0.43..6.47 rows=102 width=4)
	  Index Cond: ((k >= 4069320) AND (k <= 4069420))

table 7 : explain SELECT k FROM sbtest7 WHERE k BETWEEN 4069320 AND 4069420
	Index Only Scan using k_7 on sbtest7  (cost=0.43..6.50 rows=103 width=4)
	  Index Cond: ((k >= 4069320) AND (k <= 4069420))

table 8 : explain SELECT k FROM sbtest8 WHERE k BETWEEN 4069320 AND 4069420
	Index Only Scan using k_8 on sbtest8  (cost=0.43..6.51 rows=104 width=4)
	  Index Cond: ((k >= 4069320) AND (k <= 4069420))

explain: for range-covered :: explain SELECT k FROM sbtest%d WHERE k BETWEEN 4069320 AND 4069420
for range-covered
table 1 : explain SELECT k FROM sbtest1 WHERE k BETWEEN 6433475 AND 6433575
	Index Only Scan using k_1 on sbtest1  (cost=0.43..10.58 rows=107 width=4)
	  Index Cond: ((k >= 6433475) AND (k <= 6433575))

table 2 : explain SELECT k FROM sbtest2 WHERE k BETWEEN 6433475 AND 6433575
	Index Only Scan using k_2 on sbtest2  (cost=0.43..6.58 rows=107 width=4)
	  Index Cond: ((k >= 6433475) AND (k <= 6433575))

table 3 : explain SELECT k FROM sbtest3 WHERE k BETWEEN 6433475 AND 6433575
	Index Only Scan using k_3 on sbtest3  (cost=0.43..6.58 rows=107 width=4)
	  Index Cond: ((k >= 6433475) AND (k <= 6433575))

table 4 : explain SELECT k FROM sbtest4 WHERE k BETWEEN 6433475 AND 6433575
	Index Only Scan using k_4 on sbtest4  (cost=0.43..10.44 rows=100 width=4)
	  Index Cond: ((k >= 6433475) AND (k <= 6433575))

table 5 : explain SELECT k FROM sbtest5 WHERE k BETWEEN 6433475 AND 6433575
	Index Only Scan using k_5 on sbtest5  (cost=0.43..10.29 rows=93 width=4)
	  Index Cond: ((k >= 6433475) AND (k <= 6433575))

table 6 : explain SELECT k FROM sbtest6 WHERE k BETWEEN 6433475 AND 6433575
	Index Only Scan using k_6 on sbtest6  (cost=0.43..6.42 rows=99 width=4)
	  Index Cond: ((k >= 6433475) AND (k <= 6433575))

table 7 : explain SELECT k FROM sbtest7 WHERE k BETWEEN 6433475 AND 6433575
	Index Only Scan using k_7 on sbtest7  (cost=0.43..6.25 rows=91 width=4)
	  Index Cond: ((k >= 6433475) AND (k <= 6433575))

table 8 : explain SELECT k FROM sbtest8 WHERE k BETWEEN 6433475 AND 6433575
	Index Only Scan using k_8 on sbtest8  (cost=0.43..6.50 rows=103 width=4)
	  Index Cond: ((k >= 6433475) AND (k <= 6433575))
for range-covered
table 1 : explain SELECT k FROM sbtest1 WHERE k BETWEEN 8453688 AND 8453788
	Index Only Scan using k_1 on sbtest1  (cost=0.43..10.38 rows=97 width=4)
	  Index Cond: ((k >= 8453688) AND (k <= 8453788))

table 2 : explain SELECT k FROM sbtest2 WHERE k BETWEEN 8453688 AND 8453788
	Index Only Scan using k_2 on sbtest2  (cost=0.43..6.63 rows=110 width=4)
	  Index Cond: ((k >= 8453688) AND (k <= 8453788))

table 3 : explain SELECT k FROM sbtest3 WHERE k BETWEEN 8453688 AND 8453788
	Index Only Scan using k_3 on sbtest3  (cost=0.43..6.50 rows=103 width=4)
	  Index Cond: ((k >= 8453688) AND (k <= 8453788))

table 4 : explain SELECT k FROM sbtest4 WHERE k BETWEEN 8453688 AND 8453788
	Index Only Scan using k_4 on sbtest4  (cost=0.43..10.50 rows=103 width=4)
	  Index Cond: ((k >= 8453688) AND (k <= 8453788))

table 5 : explain SELECT k FROM sbtest5 WHERE k BETWEEN 8453688 AND 8453788
	Index Only Scan using k_5 on sbtest5  (cost=0.43..10.58 rows=107 width=4)
	  Index Cond: ((k >= 8453688) AND (k <= 8453788))

table 6 : explain SELECT k FROM sbtest6 WHERE k BETWEEN 8453688 AND 8453788
	Index Only Scan using k_6 on sbtest6  (cost=0.43..6.63 rows=110 width=4)
	  Index Cond: ((k >= 8453688) AND (k <= 8453788))

table 7 : explain SELECT k FROM sbtest7 WHERE k BETWEEN 8453688 AND 8453788
	Index Only Scan using k_7 on sbtest7  (cost=0.43..6.43 rows=100 width=4)
	  Index Cond: ((k >= 8453688) AND (k <= 8453788))

table 8 : explain SELECT k FROM sbtest8 WHERE k BETWEEN 8453688 AND 8453788
	Index Only Scan using k_8 on sbtest8  (cost=0.43..6.47 rows=102 width=4)
	  Index Cond: ((k >= 8453688) AND (k <= 8453788))


explain: for range-covered :: explain SELECT k FROM sbtest%d WHERE k BETWEEN 4076985 AND 4077085
explain: for range-covered :: explain SELECT k FROM sbtest%d WHERE k BETWEEN 8453688 AND 8453788
for range-covered
table 1 : explain SELECT k FROM sbtest1 WHERE k BETWEEN 4928720 AND 4928820
	Index Only Scan using k_1 on sbtest1  (cost=0.43..10.46 rows=101 width=4)
	  Index Cond: ((k >= 4928720) AND (k <= 4928820))

table 2 : explain SELECT k FROM sbtest2 WHERE k BETWEEN 4928720 AND 4928820
	Index Only Scan using k_2 on sbtest2  (cost=0.43..6.40 rows=98 width=4)
	  Index Cond: ((k >= 4928720) AND (k <= 4928820))

table 3 : explain SELECT k FROM sbtest3 WHERE k BETWEEN 4928720 AND 4928820
	Index Only Scan using k_3 on sbtest3  (cost=0.43..6.27 rows=92 width=4)
	  Index Cond: ((k >= 4928720) AND (k <= 4928820))

table 4 : explain SELECT k FROM sbtest4 WHERE k BETWEEN 4928720 AND 4928820
	Index Only Scan using k_4 on sbtest4  (cost=0.43..10.46 rows=101 width=4)
	  Index Cond: ((k >= 4928720) AND (k <= 4928820))

table 5 : explain SELECT k FROM sbtest5 WHERE k BETWEEN 4928720 AND 4928820
	Index Only Scan using k_5 on sbtest5  (cost=0.43..10.44 rows=100 width=4)
	  Index Cond: ((k >= 4928720) AND (k <= 4928820))

table 6 : explain SELECT k FROM sbtest6 WHERE k BETWEEN 4928720 AND 4928820
	Index Only Scan using k_6 on sbtest6  (cost=0.43..6.42 rows=99 width=4)
	  Index Cond: ((k >= 4928720) AND (k <= 4928820))

table 7 : explain SELECT k FROM sbtest7 WHERE k BETWEEN 4928720 AND 4928820
	Index Only Scan using k_7 on sbtest7  (cost=0.43..6.42 rows=99 width=4)
	  Index Cond: ((k >= 4928720) AND (k <= 4928820))

table 8 : explain SELECT k FROM sbtest8 WHERE k BETWEEN 4928720 AND 4928820
	Index Only Scan using k_8 on sbtest8  (cost=0.43..6.40 rows=98 width=4)
	  Index Cond: ((k >= 4928720) AND (k <= 4928820))

explain: for range-covered :: explain SELECT k FROM sbtest%d WHERE k BETWEEN 4928720 AND 4928820
explain: for range-covered :: explain SELECT k FROM sbtest%d WHERE k BETWEEN 4199571 AND 4199671
explain: for range-covered :: explain SELECT k FROM sbtest%d WHERE k BETWEEN 3934362 AND 3934462
for range-covered
table 1 : explain SELECT k FROM sbtest1 WHERE k BETWEEN 2807116 AND 2807216
	Index Only Scan using k_1 on sbtest1  (cost=0.43..10.29 rows=93 width=4)
	  Index Cond: ((k >= 2807116) AND (k <= 2807216))

table 2 : explain SELECT k FROM sbtest2 WHERE k BETWEEN 2807116 AND 2807216
	Index Only Scan using k_2 on sbtest2  (cost=0.43..6.50 rows=103 width=4)
	  Index Cond: ((k >= 2807116) AND (k <= 2807216))

table 3 : explain SELECT k FROM sbtest3 WHERE k BETWEEN 2807116 AND 2807216
	Index Only Scan using k_3 on sbtest3  (cost=0.43..6.42 rows=99 width=4)
	  Index Cond: ((k >= 2807116) AND (k <= 2807216))

table 4 : explain SELECT k FROM sbtest4 WHERE k BETWEEN 2807116 AND 2807216
	Index Only Scan using k_4 on sbtest4  (cost=0.43..10.58 rows=107 width=4)
	  Index Cond: ((k >= 2807116) AND (k <= 2807216))

table 5 : explain SELECT k FROM sbtest5 WHERE k BETWEEN 2807116 AND 2807216
	Index Only Scan using k_5 on sbtest5  (cost=0.43..10.42 rows=99 width=4)
	  Index Cond: ((k >= 2807116) AND (k <= 2807216))

table 6 : explain SELECT k FROM sbtest6 WHERE k BETWEEN 2807116 AND 2807216
	Index Only Scan using k_6 on sbtest6  (cost=0.43..6.42 rows=99 width=4)
	  Index Cond: ((k >= 2807116) AND (k <= 2807216))

table 7 : explain SELECT k FROM sbtest7 WHERE k BETWEEN 2807116 AND 2807216
	Index Only Scan using k_7 on sbtest7  (cost=0.43..6.72 rows=114 width=4)
	  Index Cond: ((k >= 2807116) AND (k <= 2807216))

table 8 : explain SELECT k FROM sbtest8 WHERE k BETWEEN 2807116 AND 2807216
	Index Only Scan using k_8 on sbtest8  (cost=0.43..6.61 rows=109 width=4)
	  Index Cond: ((k >= 2807116) AND (k <= 2807216))

explain: for range-covered :: explain SELECT k FROM sbtest%d WHERE k BETWEEN 2807116 AND 2807216
for range-covered
table 1 : explain SELECT k FROM sbtest1 WHERE k BETWEEN 5965394 AND 5965494
	Index Only Scan using k_1 on sbtest1  (cost=0.43..10.32 rows=94 width=4)
	  Index Cond: ((k >= 5965394) AND (k <= 5965494))

table 2 : explain SELECT k FROM sbtest2 WHERE k BETWEEN 5965394 AND 5965494
	Index Only Scan using k_2 on sbtest2  (cost=0.43..6.56 rows=106 width=4)
	  Index Cond: ((k >= 5965394) AND (k <= 5965494))

table 3 : explain SELECT k FROM sbtest3 WHERE k BETWEEN 5965394 AND 5965494
	Index Only Scan using k_3 on sbtest3  (cost=0.43..6.75 rows=116 width=4)
	  Index Cond: ((k >= 5965394) AND (k <= 5965494))

table 4 : explain SELECT k FROM sbtest4 WHERE k BETWEEN 5965394 AND 5965494
	Index Only Scan using k_4 on sbtest4  (cost=0.43..10.54 rows=105 width=4)
	  Index Cond: ((k >= 5965394) AND (k <= 5965494))

table 5 : explain SELECT k FROM sbtest5 WHERE k BETWEEN 5965394 AND 5965494
	Index Only Scan using k_5 on sbtest5  (cost=0.43..10.50 rows=103 width=4)
	  Index Cond: ((k >= 5965394) AND (k <= 5965494))

table 6 : explain SELECT k FROM sbtest6 WHERE k BETWEEN 5965394 AND 5965494
	Index Only Scan using k_6 on sbtest6  (cost=0.43..6.42 rows=99 width=4)
	  Index Cond: ((k >= 5965394) AND (k <= 5965494))

table 7 : explain SELECT k FROM sbtest7 WHERE k BETWEEN 5965394 AND 5965494
	Index Only Scan using k_7 on sbtest7  (cost=0.43..6.37 rows=97 width=4)
	  Index Cond: ((k >= 5965394) AND (k <= 5965494))

table 8 : explain SELECT k FROM sbtest8 WHERE k BETWEEN 5965394 AND 5965494
	Index Only Scan using k_8 on sbtest8  (cost=0.43..6.58 rows=107 width=4)
	  Index Cond: ((k >= 5965394) AND (k <= 5965494))

for range-covered
table 1 : explain SELECT k FROM sbtest1 WHERE k BETWEEN 4069320 AND 4069420
	Index Only Scan using k_1 on sbtest1  (cost=0.43..10.54 rows=105 width=4)
	  Index Cond: ((k >= 4069320) AND (k <= 4069420))

table 2 : explain SELECT k FROM sbtest2 WHERE k BETWEEN 4069320 AND 4069420
	Index Only Scan using k_2 on sbtest2  (cost=0.43..6.56 rows=106 width=4)
	  Index Cond: ((k >= 4069320) AND (k <= 4069420))

table 3 : explain SELECT k FROM sbtest3 WHERE k BETWEEN 4069320 AND 4069420
	Index Only Scan using k_3 on sbtest3  (cost=0.43..6.33 rows=95 width=4)
	  Index Cond: ((k >= 4069320) AND (k <= 4069420))

table 4 : explain SELECT k FROM sbtest4 WHERE k BETWEEN 4069320 AND 4069420
	Index Only Scan using k_4 on sbtest4  (cost=0.43..10.50 rows=103 width=4)
	  Index Cond: ((k >= 4069320) AND (k <= 4069420))

table 5 : explain SELECT k FROM sbtest5 WHERE k BETWEEN 4069320 AND 4069420
	Index Only Scan using k_5 on sbtest5  (cost=0.43..10.44 rows=100 width=4)
	  Index Cond: ((k >= 4069320) AND (k <= 4069420))

table 6 : explain SELECT k FROM sbtest6 WHERE k BETWEEN 4069320 AND 4069420
	Index Only Scan using k_6 on sbtest6  (cost=0.43..6.47 rows=102 width=4)
	  Index Cond: ((k >= 4069320) AND (k <= 4069420))

table 7 : explain SELECT k FROM sbtest7 WHERE k BETWEEN 4069320 AND 4069420
	Index Only Scan using k_7 on sbtest7  (cost=0.43..6.50 rows=103 width=4)
	  Index Cond: ((k >= 4069320) AND (k <= 4069420))

table 8 : explain SELECT k FROM sbtest8 WHERE k BETWEEN 4069320 AND 4069420
	Index Only Scan using k_8 on sbtest8  (cost=0.43..6.51 rows=104 width=4)
	  Index Cond: ((k >= 4069320) AND (k <= 4069420))

explain: for range-covered :: explain SELECT k FROM sbtest%d WHERE k BETWEEN 5965394 AND 5965494
explain: for range-covered :: explain SELECT k FROM sbtest%d WHERE k BETWEEN 4069320 AND 4069420
for range-covered
table 1 : explain SELECT k FROM sbtest1 WHERE k BETWEEN 8453688 AND 8453788
	Index Only Scan using k_1 on sbtest1  (cost=0.43..10.38 rows=97 width=4)
	  Index Cond: ((k >= 8453688) AND (k <= 8453788))

table 2 : explain SELECT k FROM sbtest2 WHERE k BETWEEN 8453688 AND 8453788
	Index Only Scan using k_2 on sbtest2  (cost=0.43..6.63 rows=110 width=4)
	  Index Cond: ((k >= 8453688) AND (k <= 8453788))

table 3 : explain SELECT k FROM sbtest3 WHERE k BETWEEN 8453688 AND 8453788
	Index Only Scan using k_3 on sbtest3  (cost=0.43..6.50 rows=103 width=4)
	  Index Cond: ((k >= 8453688) AND (k <= 8453788))

table 4 : explain SELECT k FROM sbtest4 WHERE k BETWEEN 8453688 AND 8453788
	Index Only Scan using k_4 on sbtest4  (cost=0.43..10.50 rows=103 width=4)
	  Index Cond: ((k >= 8453688) AND (k <= 8453788))

table 5 : explain SELECT k FROM sbtest5 WHERE k BETWEEN 8453688 AND 8453788
	Index Only Scan using k_5 on sbtest5  (cost=0.43..10.58 rows=107 width=4)
	  Index Cond: ((k >= 8453688) AND (k <= 8453788))

table 6 : explain SELECT k FROM sbtest6 WHERE k BETWEEN 8453688 AND 8453788
	Index Only Scan using k_6 on sbtest6  (cost=0.43..6.63 rows=110 width=4)
	  Index Cond: ((k >= 8453688) AND (k <= 8453788))

table 7 : explain SELECT k FROM sbtest7 WHERE k BETWEEN 8453688 AND 8453788
	Index Only Scan using k_7 on sbtest7  (cost=0.43..6.43 rows=100 width=4)
	  Index Cond: ((k >= 8453688) AND (k <= 8453788))

table 8 : explain SELECT k FROM sbtest8 WHERE k BETWEEN 8453688 AND 8453788
	Index Only Scan using k_8 on sbtest8  (cost=0.43..6.47 rows=102 width=4)
	  Index Cond: ((k >= 8453688) AND (k <= 8453788))

explain: for range-covered :: explain SELECT k FROM sbtest%d WHERE k BETWEEN 8453688 AND 8453788
for range-covered
table 1 : explain SELECT k FROM sbtest1 WHERE k BETWEEN 4928720 AND 4928820
	Index Only Scan using k_1 on sbtest1  (cost=0.43..10.46 rows=101 width=4)
	  Index Cond: ((k >= 4928720) AND (k <= 4928820))

table 2 : explain SELECT k FROM sbtest2 WHERE k BETWEEN 4928720 AND 4928820
	Index Only Scan using k_2 on sbtest2  (cost=0.43..6.40 rows=98 width=4)
	  Index Cond: ((k >= 4928720) AND (k <= 4928820))

table 3 : explain SELECT k FROM sbtest3 WHERE k BETWEEN 4928720 AND 4928820
	Index Only Scan using k_3 on sbtest3  (cost=0.43..6.27 rows=92 width=4)
	  Index Cond: ((k >= 4928720) AND (k <= 4928820))

table 4 : explain SELECT k FROM sbtest4 WHERE k BETWEEN 4928720 AND 4928820
	Index Only Scan using k_4 on sbtest4  (cost=0.43..10.46 rows=101 width=4)
	  Index Cond: ((k >= 4928720) AND (k <= 4928820))

table 5 : explain SELECT k FROM sbtest5 WHERE k BETWEEN 4928720 AND 4928820
	Index Only Scan using k_5 on sbtest5  (cost=0.43..10.44 rows=100 width=4)
	  Index Cond: ((k >= 4928720) AND (k <= 4928820))

table 6 : explain SELECT k FROM sbtest6 WHERE k BETWEEN 4928720 AND 4928820
	Index Only Scan using k_6 on sbtest6  (cost=0.43..6.42 rows=99 width=4)
	  Index Cond: ((k >= 4928720) AND (k <= 4928820))

table 7 : explain SELECT k FROM sbtest7 WHERE k BETWEEN 4928720 AND 4928820
	Index Only Scan using k_7 on sbtest7  (cost=0.43..6.42 rows=99 width=4)
	  Index Cond: ((k >= 4928720) AND (k <= 4928820))

table 8 : explain SELECT k FROM sbtest8 WHERE k BETWEEN 4928720 AND 4928820
	Index Only Scan using k_8 on sbtest8  (cost=0.43..6.40 rows=98 width=4)
	  Index Cond: ((k >= 4928720) AND (k <= 4928820))

explain: for range-covered :: explain SELECT k FROM sbtest%d WHERE k BETWEEN 4928720 AND 4928820
for range-covered
table 1 : explain SELECT k FROM sbtest1 WHERE k BETWEEN 2874111 AND 2874211
	Index Only Scan using k_1 on sbtest1  (cost=0.43..10.29 rows=93 width=4)
	  Index Cond: ((k >= 2874111) AND (k <= 2874211))

table 2 : explain SELECT k FROM sbtest2 WHERE k BETWEEN 2874111 AND 2874211
	Index Only Scan using k_2 on sbtest2  (cost=0.43..6.42 rows=99 width=4)
	  Index Cond: ((k >= 2874111) AND (k <= 2874211))

table 3 : explain SELECT k FROM sbtest3 WHERE k BETWEEN 2874111 AND 2874211
	Index Only Scan using k_3 on sbtest3  (cost=0.43..6.42 rows=99 width=4)
	  Index Cond: ((k >= 2874111) AND (k <= 2874211))

table 4 : explain SELECT k FROM sbtest4 WHERE k BETWEEN 2874111 AND 2874211
	Index Only Scan using k_4 on sbtest4  (cost=0.43..10.58 rows=107 width=4)
	  Index Cond: ((k >= 2874111) AND (k <= 2874211))

table 5 : explain SELECT k FROM sbtest5 WHERE k BETWEEN 2874111 AND 2874211
	Index Only Scan using k_5 on sbtest5  (cost=0.43..10.42 rows=99 width=4)
	  Index Cond: ((k >= 2874111) AND (k <= 2874211))

table 6 : explain SELECT k FROM sbtest6 WHERE k BETWEEN 2874111 AND 2874211
	Index Only Scan using k_6 on sbtest6  (cost=0.43..6.58 rows=107 width=4)
	  Index Cond: ((k >= 2874111) AND (k <= 2874211))

table 7 : explain SELECT k FROM sbtest7 WHERE k BETWEEN 2874111 AND 2874211
	Index Only Scan using k_7 on sbtest7  (cost=0.43..6.59 rows=108 width=4)
	  Index Cond: ((k >= 2874111) AND (k <= 2874211))

table 8 : explain SELECT k FROM sbtest8 WHERE k BETWEEN 2874111 AND 2874211
	Index Only Scan using k_8 on sbtest8  (cost=0.43..6.21 rows=89 width=4)
	  Index Cond: ((k >= 2874111) AND (k <= 2874211))

for range-covered
table 1 : explain SELECT k FROM sbtest1 WHERE k BETWEEN 4076985 AND 4077085
	Index Only Scan using k_1 on sbtest1  (cost=0.43..10.54 rows=105 width=4)
	  Index Cond: ((k >= 4076985) AND (k <= 4077085))

table 2 : explain SELECT k FROM sbtest2 WHERE k BETWEEN 4076985 AND 4077085
	Index Only Scan using k_2 on sbtest2  (cost=0.43..6.56 rows=106 width=4)
	  Index Cond: ((k >= 4076985) AND (k <= 4077085))

table 3 : explain SELECT k FROM sbtest3 WHERE k BETWEEN 4076985 AND 4077085
	Index Only Scan using k_3 on sbtest3  (cost=0.43..6.33 rows=95 width=4)
	  Index Cond: ((k >= 4076985) AND (k <= 4077085))

table 4 : explain SELECT k FROM sbtest4 WHERE k BETWEEN 4076985 AND 4077085
	Index Only Scan using k_4 on sbtest4  (cost=0.43..10.50 rows=103 width=4)
	  Index Cond: ((k >= 4076985) AND (k <= 4077085))

table 5 : explain SELECT k FROM sbtest5 WHERE k BETWEEN 4076985 AND 4077085
	Index Only Scan using k_5 on sbtest5  (cost=0.43..10.44 rows=100 width=4)
	  Index Cond: ((k >= 4076985) AND (k <= 4077085))

table 6 : explain SELECT k FROM sbtest6 WHERE k BETWEEN 4076985 AND 4077085
	Index Only Scan using k_6 on sbtest6  (cost=0.43..6.47 rows=102 width=4)
	  Index Cond: ((k >= 4076985) AND (k <= 4077085))

table 7 : explain SELECT k FROM sbtest7 WHERE k BETWEEN 4076985 AND 4077085
	Index Only Scan using k_7 on sbtest7  (cost=0.43..6.50 rows=103 width=4)
	  Index Cond: ((k >= 4076985) AND (k <= 4077085))

table 8 : explain SELECT k FROM sbtest8 WHERE k BETWEEN 4076985 AND 4077085
	Index Only Scan using k_8 on sbtest8  (cost=0.43..6.51 rows=104 width=4)
	  Index Cond: ((k >= 4076985) AND (k <= 4077085))

explain: for range-covered :: explain SELECT k FROM sbtest%d WHERE k BETWEEN 4076985 AND 4077085
explain: for range-covered :: explain SELECT k FROM sbtest%d WHERE k BETWEEN 2874111 AND 2874211
for range-covered
table 1 : explain SELECT k FROM sbtest1 WHERE k BETWEEN 2807116 AND 2807216
	Index Only Scan using k_1 on sbtest1  (cost=0.43..10.29 rows=93 width=4)
	  Index Cond: ((k >= 2807116) AND (k <= 2807216))

table 2 : explain SELECT k FROM sbtest2 WHERE k BETWEEN 2807116 AND 2807216
	Index Only Scan using k_2 on sbtest2  (cost=0.43..6.50 rows=103 width=4)
	  Index Cond: ((k >= 2807116) AND (k <= 2807216))

table 3 : explain SELECT k FROM sbtest3 WHERE k BETWEEN 2807116 AND 2807216
	Index Only Scan using k_3 on sbtest3  (cost=0.43..6.42 rows=99 width=4)
	  Index Cond: ((k >= 2807116) AND (k <= 2807216))

table 4 : explain SELECT k FROM sbtest4 WHERE k BETWEEN 2807116 AND 2807216
	Index Only Scan using k_4 on sbtest4  (cost=0.43..10.58 rows=107 width=4)
	  Index Cond: ((k >= 2807116) AND (k <= 2807216))

table 5 : explain SELECT k FROM sbtest5 WHERE k BETWEEN 2807116 AND 2807216
	Index Only Scan using k_5 on sbtest5  (cost=0.43..10.42 rows=99 width=4)
	  Index Cond: ((k >= 2807116) AND (k <= 2807216))

table 6 : explain SELECT k FROM sbtest6 WHERE k BETWEEN 2807116 AND 2807216
	Index Only Scan using k_6 on sbtest6  (cost=0.43..6.42 rows=99 width=4)
	  Index Cond: ((k >= 2807116) AND (k <= 2807216))

table 7 : explain SELECT k FROM sbtest7 WHERE k BETWEEN 2807116 AND 2807216
	Index Only Scan using k_7 on sbtest7  (cost=0.43..6.72 rows=114 width=4)
	  Index Cond: ((k >= 2807116) AND (k <= 2807216))

table 8 : explain SELECT k FROM sbtest8 WHERE k BETWEEN 2807116 AND 2807216
	Index Only Scan using k_8 on sbtest8  (cost=0.43..6.61 rows=109 width=4)
	  Index Cond: ((k >= 2807116) AND (k <= 2807216))

for range-covered
table 1 : explain SELECT k FROM sbtest1 WHERE k BETWEEN 2612640 AND 2612740
	Index Only Scan using k_1 on sbtest1  (cost=0.43..10.51 rows=104 width=4)
	  Index Cond: ((k >= 2612640) AND (k <= 2612740))

table 2 : explain SELECT k FROM sbtest2 WHERE k BETWEEN 2612640 AND 2612740
	Index Only Scan using k_2 on sbtest2  (cost=0.43..6.35 rows=96 width=4)
	  Index Cond: ((k >= 2612640) AND (k <= 2612740))

table 3 : explain SELECT k FROM sbtest3 WHERE k BETWEEN 2612640 AND 2612740
	Index Only Scan using k_3 on sbtest3  (cost=0.43..6.29 rows=93 width=4)
	  Index Cond: ((k >= 2612640) AND (k <= 2612740))

table 4 : explain SELECT k FROM sbtest4 WHERE k BETWEEN 2612640 AND 2612740
	Index Only Scan using k_4 on sbtest4  (cost=0.43..10.42 rows=99 width=4)
	  Index Cond: ((k >= 2612640) AND (k <= 2612740))

table 5 : explain SELECT k FROM sbtest5 WHERE k BETWEEN 2612640 AND 2612740
	Index Only Scan using k_5 on sbtest5  (cost=0.43..10.40 rows=98 width=4)
	  Index Cond: ((k >= 2612640) AND (k <= 2612740))

table 6 : explain SELECT k FROM sbtest6 WHERE k BETWEEN 2612640 AND 2612740
	Index Only Scan using k_6 on sbtest6  (cost=0.43..6.47 rows=102 width=4)
	  Index Cond: ((k >= 2612640) AND (k <= 2612740))

table 7 : explain SELECT k FROM sbtest7 WHERE k BETWEEN 2612640 AND 2612740
	Index Only Scan using k_7 on sbtest7  (cost=0.43..6.63 rows=110 width=4)
	  Index Cond: ((k >= 2612640) AND (k <= 2612740))

table 8 : explain SELECT k FROM sbtest8 WHERE k BETWEEN 2612640 AND 2612740
	Index Only Scan using k_8 on sbtest8  (cost=0.43..6.42 rows=99 width=4)
	  Index Cond: ((k >= 2612640) AND (k <= 2612740))

explain: for range-covered :: explain SELECT k FROM sbtest%d WHERE k BETWEEN 2807116 AND 2807216
for range-covered
table 1 : explain SELECT k FROM sbtest1 WHERE k BETWEEN 5965394 AND 5965494
	Index Only Scan using k_1 on sbtest1  (cost=0.43..10.32 rows=94 width=4)
	  Index Cond: ((k >= 5965394) AND (k <= 5965494))

table 2 : explain SELECT k FROM sbtest2 WHERE k BETWEEN 5965394 AND 5965494
	Index Only Scan using k_2 on sbtest2  (cost=0.43..6.56 rows=106 width=4)
	  Index Cond: ((k >= 5965394) AND (k <= 5965494))

table 3 : explain SELECT k FROM sbtest3 WHERE k BETWEEN 5965394 AND 5965494
	Index Only Scan using k_3 on sbtest3  (cost=0.43..6.75 rows=116 width=4)
	  Index Cond: ((k >= 5965394) AND (k <= 5965494))

table 4 : explain SELECT k FROM sbtest4 WHERE k BETWEEN 5965394 AND 5965494
	Index Only Scan using k_4 on sbtest4  (cost=0.43..10.54 rows=105 width=4)
	  Index Cond: ((k >= 5965394) AND (k <= 5965494))

table 5 : explain SELECT k FROM sbtest5 WHERE k BETWEEN 5965394 AND 5965494
	Index Only Scan using k_5 on sbtest5  (cost=0.43..10.50 rows=103 width=4)
	  Index Cond: ((k >= 5965394) AND (k <= 5965494))

table 6 : explain SELECT k FROM sbtest6 WHERE k BETWEEN 5965394 AND 5965494
	Index Only Scan using k_6 on sbtest6  (cost=0.43..6.42 rows=99 width=4)
	  Index Cond: ((k >= 5965394) AND (k <= 5965494))

table 7 : explain SELECT k FROM sbtest7 WHERE k BETWEEN 5965394 AND 5965494
	Index Only Scan using k_7 on sbtest7  (cost=0.43..6.37 rows=97 width=4)
	  Index Cond: ((k >= 5965394) AND (k <= 5965494))

table 8 : explain SELECT k FROM sbtest8 WHERE k BETWEEN 5965394 AND 5965494
	Index Only Scan using k_8 on sbtest8  (cost=0.43..6.58 rows=107 width=4)
	  Index Cond: ((k >= 5965394) AND (k <= 5965494))

for range-covered
table 1 : explain SELECT k FROM sbtest1 WHERE k BETWEEN 4069320 AND 4069420
	Index Only Scan using k_1 on sbtest1  (cost=0.43..10.54 rows=105 width=4)
	  Index Cond: ((k >= 4069320) AND (k <= 4069420))

table 2 : explain SELECT k FROM sbtest2 WHERE k BETWEEN 4069320 AND 4069420
	Index Only Scan using k_2 on sbtest2  (cost=0.43..6.56 rows=106 width=4)
	  Index Cond: ((k >= 4069320) AND (k <= 4069420))

table 3 : explain SELECT k FROM sbtest3 WHERE k BETWEEN 4069320 AND 4069420
	Index Only Scan using k_3 on sbtest3  (cost=0.43..6.33 rows=95 width=4)
	  Index Cond: ((k >= 4069320) AND (k <= 4069420))

table 4 : explain SELECT k FROM sbtest4 WHERE k BETWEEN 4069320 AND 4069420
	Index Only Scan using k_4 on sbtest4  (cost=0.43..10.50 rows=103 width=4)
	  Index Cond: ((k >= 4069320) AND (k <= 4069420))

table 5 : explain SELECT k FROM sbtest5 WHERE k BETWEEN 4069320 AND 4069420
	Index Only Scan using k_5 on sbtest5  (cost=0.43..10.44 rows=100 width=4)
	  Index Cond: ((k >= 4069320) AND (k <= 4069420))

table 6 : explain SELECT k FROM sbtest6 WHERE k BETWEEN 4069320 AND 4069420
	Index Only Scan using k_6 on sbtest6  (cost=0.43..6.47 rows=102 width=4)
	  Index Cond: ((k >= 4069320) AND (k <= 4069420))

table 7 : explain SELECT k FROM sbtest7 WHERE k BETWEEN 4069320 AND 4069420
	Index Only Scan using k_7 on sbtest7  (cost=0.43..6.50 rows=103 width=4)
	  Index Cond: ((k >= 4069320) AND (k <= 4069420))

table 8 : explain SELECT k FROM sbtest8 WHERE k BETWEEN 4069320 AND 4069420
	Index Only Scan using k_8 on sbtest8  (cost=0.43..6.51 rows=104 width=4)
	  Index Cond: ((k >= 4069320) AND (k <= 4069420))

explain: for range-covered :: explain SELECT k FROM sbtest%d WHERE k BETWEEN 5965394 AND 5965494
explain: for range-covered :: explain SELECT k FROM sbtest%d WHERE k BETWEEN 2612640 AND 2612740
for range-covered
table 1 : explain SELECT k FROM sbtest1 WHERE k BETWEEN 8453688 AND 8453788
	Index Only Scan using k_1 on sbtest1  (cost=0.43..10.38 rows=97 width=4)
	  Index Cond: ((k >= 8453688) AND (k <= 8453788))

table 2 : explain SELECT k FROM sbtest2 WHERE k BETWEEN 8453688 AND 8453788
	Index Only Scan using k_2 on sbtest2  (cost=0.43..6.63 rows=110 width=4)
	  Index Cond: ((k >= 8453688) AND (k <= 8453788))

table 3 : explain SELECT k FROM sbtest3 WHERE k BETWEEN 8453688 AND 8453788
	Index Only Scan using k_3 on sbtest3  (cost=0.43..6.50 rows=103 width=4)
	  Index Cond: ((k >= 8453688) AND (k <= 8453788))

table 4 : explain SELECT k FROM sbtest4 WHERE k BETWEEN 8453688 AND 8453788
	Index Only Scan using k_4 on sbtest4  (cost=0.43..10.50 rows=103 width=4)
	  Index Cond: ((k >= 8453688) AND (k <= 8453788))

table 5 : explain SELECT k FROM sbtest5 WHERE k BETWEEN 8453688 AND 8453788
	Index Only Scan using k_5 on sbtest5  (cost=0.43..10.58 rows=107 width=4)
	  Index Cond: ((k >= 8453688) AND (k <= 8453788))

table 6 : explain SELECT k FROM sbtest6 WHERE k BETWEEN 8453688 AND 8453788
	Index Only Scan using k_6 on sbtest6  (cost=0.43..6.63 rows=110 width=4)
	  Index Cond: ((k >= 8453688) AND (k <= 8453788))

table 7 : explain SELECT k FROM sbtest7 WHERE k BETWEEN 8453688 AND 8453788
	Index Only Scan using k_7 on sbtest7  (cost=0.43..6.43 rows=100 width=4)
	  Index Cond: ((k >= 8453688) AND (k <= 8453788))

table 8 : explain SELECT k FROM sbtest8 WHERE k BETWEEN 8453688 AND 8453788
	Index Only Scan using k_8 on sbtest8  (cost=0.43..6.47 rows=102 width=4)
	  Index Cond: ((k >= 8453688) AND (k <= 8453788))

for range-covered
table 1 : explain SELECT k FROM sbtest1 WHERE k BETWEEN 4928720 AND 4928820
	Index Only Scan using k_1 on sbtest1  (cost=0.43..10.46 rows=101 width=4)
	  Index Cond: ((k >= 4928720) AND (k <= 4928820))

table 2 : explain SELECT k FROM sbtest2 WHERE k BETWEEN 4928720 AND 4928820
	Index Only Scan using k_2 on sbtest2  (cost=0.43..6.40 rows=98 width=4)
	  Index Cond: ((k >= 4928720) AND (k <= 4928820))

table 3 : explain SELECT k FROM sbtest3 WHERE k BETWEEN 4928720 AND 4928820
	Index Only Scan using k_3 on sbtest3  (cost=0.43..6.27 rows=92 width=4)
	  Index Cond: ((k >= 4928720) AND (k <= 4928820))

table 4 : explain SELECT k FROM sbtest4 WHERE k BETWEEN 4928720 AND 4928820
	Index Only Scan using k_4 on sbtest4  (cost=0.43..10.46 rows=101 width=4)
	  Index Cond: ((k >= 4928720) AND (k <= 4928820))

table 5 : explain SELECT k FROM sbtest5 WHERE k BETWEEN 4928720 AND 4928820
	Index Only Scan using k_5 on sbtest5  (cost=0.43..10.44 rows=100 width=4)
	  Index Cond: ((k >= 4928720) AND (k <= 4928820))

table 6 : explain SELECT k FROM sbtest6 WHERE k BETWEEN 4928720 AND 4928820
	Index Only Scan using k_6 on sbtest6  (cost=0.43..6.42 rows=99 width=4)
	  Index Cond: ((k >= 4928720) AND (k <= 4928820))

table 7 : explain SELECT k FROM sbtest7 WHERE k BETWEEN 4928720 AND 4928820
	Index Only Scan using k_7 on sbtest7  (cost=0.43..6.42 rows=99 width=4)
	  Index Cond: ((k >= 4928720) AND (k <= 4928820))

table 8 : explain SELECT k FROM sbtest8 WHERE k BETWEEN 4928720 AND 4928820
	Index Only Scan using k_8 on sbtest8  (cost=0.43..6.40 rows=98 width=4)
	  Index Cond: ((k >= 4928720) AND (k <= 4928820))

explain: for range-covered :: explain SELECT k FROM sbtest%d WHERE k BETWEEN 2509499 AND 2509599
for range-covered
table 1 : explain SELECT k FROM sbtest1 WHERE k BETWEEN 4076985 AND 4077085
	Index Only Scan using k_1 on sbtest1  (cost=0.43..10.54 rows=105 width=4)
	  Index Cond: ((k >= 4076985) AND (k <= 4077085))

table 2 : explain SELECT k FROM sbtest2 WHERE k BETWEEN 4076985 AND 4077085
	Index Only Scan using k_2 on sbtest2  (cost=0.43..6.56 rows=106 width=4)
	  Index Cond: ((k >= 4076985) AND (k <= 4077085))

table 3 : explain SELECT k FROM sbtest3 WHERE k BETWEEN 4076985 AND 4077085
	Index Only Scan using k_3 on sbtest3  (cost=0.43..6.33 rows=95 width=4)
	  Index Cond: ((k >= 4076985) AND (k <= 4077085))

table 4 : explain SELECT k FROM sbtest4 WHERE k BETWEEN 4076985 AND 4077085
	Index Only Scan using k_4 on sbtest4  (cost=0.43..10.50 rows=103 width=4)
	  Index Cond: ((k >= 4076985) AND (k <= 4077085))

table 5 : explain SELECT k FROM sbtest5 WHERE k BETWEEN 4076985 AND 4077085
	Index Only Scan using k_5 on sbtest5  (cost=0.43..10.44 rows=100 width=4)
	  Index Cond: ((k >= 4076985) AND (k <= 4077085))

table 6 : explain SELECT k FROM sbtest6 WHERE k BETWEEN 4076985 AND 4077085
	Index Only Scan using k_6 on sbtest6  (cost=0.43..6.47 rows=102 width=4)
	  Index Cond: ((k >= 4076985) AND (k <= 4077085))

table 7 : explain SELECT k FROM sbtest7 WHERE k BETWEEN 4076985 AND 4077085
	Index Only Scan using k_7 on sbtest7  (cost=0.43..6.50 rows=103 width=4)
	  Index Cond: ((k >= 4076985) AND (k <= 4077085))

table 8 : explain SELECT k FROM sbtest8 WHERE k BETWEEN 4076985 AND 4077085
	Index Only Scan using k_8 on sbtest8  (cost=0.43..6.51 rows=104 width=4)
	  Index Cond: ((k >= 4076985) AND (k <= 4077085))

for range-covered
table 1 : explain SELECT k FROM sbtest1 WHERE k BETWEEN 9347076 AND 9347176
	Index Only Scan using k_1 on sbtest1  (cost=0.43..10.58 rows=107 width=4)
	  Index Cond: ((k >= 9347076) AND (k <= 9347176))

table 2 : explain SELECT k FROM sbtest2 WHERE k BETWEEN 9347076 AND 9347176
	Index Only Scan using k_2 on sbtest2  (cost=0.43..6.51 rows=104 width=4)
	  Index Cond: ((k >= 9347076) AND (k <= 9347176))

table 3 : explain SELECT k FROM sbtest3 WHERE k BETWEEN 9347076 AND 9347176
	Index Only Scan using k_3 on sbtest3  (cost=0.43..6.58 rows=107 width=4)
	  Index Cond: ((k >= 9347076) AND (k <= 9347176))

table 4 : explain SELECT k FROM sbtest4 WHERE k BETWEEN 9347076 AND 9347176
	Index Only Scan using k_4 on sbtest4  (cost=0.43..10.54 rows=105 width=4)
	  Index Cond: ((k >= 9347076) AND (k <= 9347176))

table 5 : explain SELECT k FROM sbtest5 WHERE k BETWEEN 9347076 AND 9347176
	Index Only Scan using k_5 on sbtest5  (cost=0.43..10.72 rows=114 width=4)
	  Index Cond: ((k >= 9347076) AND (k <= 9347176))

table 6 : explain SELECT k FROM sbtest6 WHERE k BETWEEN 9347076 AND 9347176
	Index Only Scan using k_6 on sbtest6  (cost=0.43..6.35 rows=96 width=4)
	  Index Cond: ((k >= 9347076) AND (k <= 9347176))

table 7 : explain SELECT k FROM sbtest7 WHERE k BETWEEN 9347076 AND 9347176
	Index Only Scan using k_7 on sbtest7  (cost=0.43..6.47 rows=102 width=4)
	  Index Cond: ((k >= 9347076) AND (k <= 9347176))

table 8 : explain SELECT k FROM sbtest8 WHERE k BETWEEN 9347076 AND 9347176
	Index Only Scan using k_8 on sbtest8  (cost=0.43..6.61 rows=109 width=4)
	  Index Cond: ((k >= 9347076) AND (k <= 9347176))

for range-covered
table 1 : explain SELECT k FROM sbtest1 WHERE k BETWEEN 3135188 AND 3135288
	Index Only Scan using k_1 on sbtest1  (cost=0.43..10.40 rows=98 width=4)
	  Index Cond: ((k >= 3135188) AND (k <= 3135288))

table 2 : explain SELECT k FROM sbtest2 WHERE k BETWEEN 3135188 AND 3135288
	Index Only Scan using k_2 on sbtest2  (cost=0.43..6.43 rows=100 width=4)
	  Index Cond: ((k >= 3135188) AND (k <= 3135288))

table 3 : explain SELECT k FROM sbtest3 WHERE k BETWEEN 3135188 AND 3135288
	Index Only Scan using k_3 on sbtest3  (cost=0.43..6.33 rows=95 width=4)
	  Index Cond: ((k >= 3135188) AND (k <= 3135288))

table 4 : explain SELECT k FROM sbtest4 WHERE k BETWEEN 3135188 AND 3135288
	Index Only Scan using k_4 on sbtest4  (cost=0.43..10.63 rows=110 width=4)
	  Index Cond: ((k >= 3135188) AND (k <= 3135288))

table 5 : explain SELECT k FROM sbtest5 WHERE k BETWEEN 3135188 AND 3135288
	Index Only Scan using k_5 on sbtest5  (cost=0.43..10.54 rows=105 width=4)
	  Index Cond: ((k >= 3135188) AND (k <= 3135288))

table 6 : explain SELECT k FROM sbtest6 WHERE k BETWEEN 3135188 AND 3135288
	Index Only Scan using k_6 on sbtest6  (cost=0.43..6.58 rows=107 width=4)
	  Index Cond: ((k >= 3135188) AND (k <= 3135288))

table 7 : explain SELECT k FROM sbtest7 WHERE k BETWEEN 3135188 AND 3135288
	Index Only Scan using k_7 on sbtest7  (cost=0.43..6.47 rows=102 width=4)
	  Index Cond: ((k >= 3135188) AND (k <= 3135288))

table 8 : explain SELECT k FROM sbtest8 WHERE k BETWEEN 3135188 AND 3135288
	Index Only Scan using k_8 on sbtest8  (cost=0.43..6.58 rows=107 width=4)
	  Index Cond: ((k >= 3135188) AND (k <= 3135288))

explain: for range-covered :: explain SELECT k FROM sbtest%d WHERE k BETWEEN 9347076 AND 9347176
for range-covered
table 1 : explain SELECT k FROM sbtest1 WHERE k BETWEEN 3966307 AND 3966407
	Index Only Scan using k_1 on sbtest1  (cost=0.43..10.36 rows=96 width=4)
	  Index Cond: ((k >= 3966307) AND (k <= 3966407))

table 2 : explain SELECT k FROM sbtest2 WHERE k BETWEEN 3966307 AND 3966407
	Index Only Scan using k_2 on sbtest2  (cost=0.43..6.37 rows=97 width=4)
	  Index Cond: ((k >= 3966307) AND (k <= 3966407))

table 3 : explain SELECT k FROM sbtest3 WHERE k BETWEEN 3966307 AND 3966407
	Index Only Scan using k_3 on sbtest3  (cost=0.43..6.42 rows=99 width=4)
	  Index Cond: ((k >= 3966307) AND (k <= 3966407))

table 4 : explain SELECT k FROM sbtest4 WHERE k BETWEEN 3966307 AND 3966407
	Index Only Scan using k_4 on sbtest4  (cost=0.43..10.38 rows=97 width=4)
	  Index Cond: ((k >= 3966307) AND (k <= 3966407))

table 5 : explain SELECT k FROM sbtest5 WHERE k BETWEEN 3966307 AND 3966407
	Index Only Scan using k_5 on sbtest5  (cost=0.43..10.58 rows=107 width=4)
	  Index Cond: ((k >= 3966307) AND (k <= 3966407))

table 6 : explain SELECT k FROM sbtest6 WHERE k BETWEEN 3966307 AND 3966407
	Index Only Scan using k_6 on sbtest6  (cost=0.43..6.33 rows=95 width=4)
	  Index Cond: ((k >= 3966307) AND (k <= 3966407))

table 7 : explain SELECT k FROM sbtest7 WHERE k BETWEEN 3966307 AND 3966407
	Index Only Scan using k_7 on sbtest7  (cost=0.43..6.61 rows=109 width=4)
	  Index Cond: ((k >= 3966307) AND (k <= 3966407))

table 8 : explain SELECT k FROM sbtest8 WHERE k BETWEEN 3966307 AND 3966407
	Index Only Scan using k_8 on sbtest8  (cost=0.43..6.40 rows=98 width=4)
	  Index Cond: ((k >= 3966307) AND (k <= 3966407))

explain: for range-covered :: explain SELECT k FROM sbtest%d WHERE k BETWEEN 3135188 AND 3135288
for range-covered
table 1 : explain SELECT k FROM sbtest1 WHERE k BETWEEN 2807116 AND 2807216
	Index Only Scan using k_1 on sbtest1  (cost=0.43..10.29 rows=93 width=4)
	  Index Cond: ((k >= 2807116) AND (k <= 2807216))

table 2 : explain SELECT k FROM sbtest2 WHERE k BETWEEN 2807116 AND 2807216
	Index Only Scan using k_2 on sbtest2  (cost=0.43..6.50 rows=103 width=4)
	  Index Cond: ((k >= 2807116) AND (k <= 2807216))

table 3 : explain SELECT k FROM sbtest3 WHERE k BETWEEN 2807116 AND 2807216
	Index Only Scan using k_3 on sbtest3  (cost=0.43..6.42 rows=99 width=4)
	  Index Cond: ((k >= 2807116) AND (k <= 2807216))

table 4 : explain SELECT k FROM sbtest4 WHERE k BETWEEN 2807116 AND 2807216
	Index Only Scan using k_4 on sbtest4  (cost=0.43..10.58 rows=107 width=4)
	  Index Cond: ((k >= 2807116) AND (k <= 2807216))

table 5 : explain SELECT k FROM sbtest5 WHERE k BETWEEN 2807116 AND 2807216
	Index Only Scan using k_5 on sbtest5  (cost=0.43..10.42 rows=99 width=4)
	  Index Cond: ((k >= 2807116) AND (k <= 2807216))

table 6 : explain SELECT k FROM sbtest6 WHERE k BETWEEN 2807116 AND 2807216
	Index Only Scan using k_6 on sbtest6  (cost=0.43..6.42 rows=99 width=4)
	  Index Cond: ((k >= 2807116) AND (k <= 2807216))

table 7 : explain SELECT k FROM sbtest7 WHERE k BETWEEN 2807116 AND 2807216
	Index Only Scan using k_7 on sbtest7  (cost=0.43..6.72 rows=114 width=4)
	  Index Cond: ((k >= 2807116) AND (k <= 2807216))

table 8 : explain SELECT k FROM sbtest8 WHERE k BETWEEN 2807116 AND 2807216
	Index Only Scan using k_8 on sbtest8  (cost=0.43..6.61 rows=109 width=4)
	  Index Cond: ((k >= 2807116) AND (k <= 2807216))

explain: for range-covered :: explain SELECT k FROM sbtest%d WHERE k BETWEEN 3966307 AND 3966407
for range-covered
table 1 : explain SELECT k FROM sbtest1 WHERE k BETWEEN 5965394 AND 5965494
	Index Only Scan using k_1 on sbtest1  (cost=0.43..10.32 rows=94 width=4)
	  Index Cond: ((k >= 5965394) AND (k <= 5965494))

table 2 : explain SELECT k FROM sbtest2 WHERE k BETWEEN 5965394 AND 5965494
	Index Only Scan using k_2 on sbtest2  (cost=0.43..6.56 rows=106 width=4)
	  Index Cond: ((k >= 5965394) AND (k <= 5965494))

table 3 : explain SELECT k FROM sbtest3 WHERE k BETWEEN 5965394 AND 5965494
	Index Only Scan using k_3 on sbtest3  (cost=0.43..6.75 rows=116 width=4)
	  Index Cond: ((k >= 5965394) AND (k <= 5965494))

table 4 : explain SELECT k FROM sbtest4 WHERE k BETWEEN 5965394 AND 5965494
	Index Only Scan using k_4 on sbtest4  (cost=0.43..10.54 rows=105 width=4)
	  Index Cond: ((k >= 5965394) AND (k <= 5965494))

table 5 : explain SELECT k FROM sbtest5 WHERE k BETWEEN 5965394 AND 5965494
	Index Only Scan using k_5 on sbtest5  (cost=0.43..10.50 rows=103 width=4)
	  Index Cond: ((k >= 5965394) AND (k <= 5965494))

table 6 : explain SELECT k FROM sbtest6 WHERE k BETWEEN 5965394 AND 5965494
	Index Only Scan using k_6 on sbtest6  (cost=0.43..6.42 rows=99 width=4)
	  Index Cond: ((k >= 5965394) AND (k <= 5965494))

table 7 : explain SELECT k FROM sbtest7 WHERE k BETWEEN 5965394 AND 5965494
	Index Only Scan using k_7 on sbtest7  (cost=0.43..6.37 rows=97 width=4)
	  Index Cond: ((k >= 5965394) AND (k <= 5965494))

table 8 : explain SELECT k FROM sbtest8 WHERE k BETWEEN 5965394 AND 5965494
	Index Only Scan using k_8 on sbtest8  (cost=0.43..6.58 rows=107 width=4)
	  Index Cond: ((k >= 5965394) AND (k <= 5965494))

explain: for range-covered :: explain SELECT k FROM sbtest%d WHERE k BETWEEN 5965394 AND 5965494
for range-covered
table 1 : explain SELECT k FROM sbtest1 WHERE k BETWEEN 2874111 AND 2874211
	Index Only Scan using k_1 on sbtest1  (cost=0.43..10.29 rows=93 width=4)
	  Index Cond: ((k >= 2874111) AND (k <= 2874211))

table 2 : explain SELECT k FROM sbtest2 WHERE k BETWEEN 2874111 AND 2874211
	Index Only Scan using k_2 on sbtest2  (cost=0.43..6.42 rows=99 width=4)
	  Index Cond: ((k >= 2874111) AND (k <= 2874211))

table 3 : explain SELECT k FROM sbtest3 WHERE k BETWEEN 2874111 AND 2874211
	Index Only Scan using k_3 on sbtest3  (cost=0.43..6.42 rows=99 width=4)
	  Index Cond: ((k >= 2874111) AND (k <= 2874211))

table 4 : explain SELECT k FROM sbtest4 WHERE k BETWEEN 2874111 AND 2874211
	Index Only Scan using k_4 on sbtest4  (cost=0.43..10.58 rows=107 width=4)
	  Index Cond: ((k >= 2874111) AND (k <= 2874211))

table 5 : explain SELECT k FROM sbtest5 WHERE k BETWEEN 2874111 AND 2874211
	Index Only Scan using k_5 on sbtest5  (cost=0.43..10.42 rows=99 width=4)
	  Index Cond: ((k >= 2874111) AND (k <= 2874211))

table 6 : explain SELECT k FROM sbtest6 WHERE k BETWEEN 2874111 AND 2874211
	Index Only Scan using k_6 on sbtest6  (cost=0.43..6.58 rows=107 width=4)
	  Index Cond: ((k >= 2874111) AND (k <= 2874211))

table 7 : explain SELECT k FROM sbtest7 WHERE k BETWEEN 2874111 AND 2874211
	Index Only Scan using k_7 on sbtest7  (cost=0.43..6.59 rows=108 width=4)
	  Index Cond: ((k >= 2874111) AND (k <= 2874211))

table 8 : explain SELECT k FROM sbtest8 WHERE k BETWEEN 2874111 AND 2874211
	Index Only Scan using k_8 on sbtest8  (cost=0.43..6.21 rows=89 width=4)
	  Index Cond: ((k >= 2874111) AND (k <= 2874211))

for range-covered
table 1 : explain SELECT k FROM sbtest1 WHERE k BETWEEN 9347076 AND 9347176
	Index Only Scan using k_1 on sbtest1  (cost=0.43..10.58 rows=107 width=4)
	  Index Cond: ((k >= 9347076) AND (k <= 9347176))

table 2 : explain SELECT k FROM sbtest2 WHERE k BETWEEN 9347076 AND 9347176
	Index Only Scan using k_2 on sbtest2  (cost=0.43..6.51 rows=104 width=4)
	  Index Cond: ((k >= 9347076) AND (k <= 9347176))

table 3 : explain SELECT k FROM sbtest3 WHERE k BETWEEN 9347076 AND 9347176
	Index Only Scan using k_3 on sbtest3  (cost=0.43..6.58 rows=107 width=4)
	  Index Cond: ((k >= 9347076) AND (k <= 9347176))

table 4 : explain SELECT k FROM sbtest4 WHERE k BETWEEN 9347076 AND 9347176
	Index Only Scan using k_4 on sbtest4  (cost=0.43..10.54 rows=105 width=4)
	  Index Cond: ((k >= 9347076) AND (k <= 9347176))

table 5 : explain SELECT k FROM sbtest5 WHERE k BETWEEN 9347076 AND 9347176
	Index Only Scan using k_5 on sbtest5  (cost=0.43..10.72 rows=114 width=4)
	  Index Cond: ((k >= 9347076) AND (k <= 9347176))

table 6 : explain SELECT k FROM sbtest6 WHERE k BETWEEN 9347076 AND 9347176
	Index Only Scan using k_6 on sbtest6  (cost=0.43..6.35 rows=96 width=4)
	  Index Cond: ((k >= 9347076) AND (k <= 9347176))

table 7 : explain SELECT k FROM sbtest7 WHERE k BETWEEN 9347076 AND 9347176
	Index Only Scan using k_7 on sbtest7  (cost=0.43..6.47 rows=102 width=4)
	  Index Cond: ((k >= 9347076) AND (k <= 9347176))

table 8 : explain SELECT k FROM sbtest8 WHERE k BETWEEN 9347076 AND 9347176
	Index Only Scan using k_8 on sbtest8  (cost=0.43..6.61 rows=109 width=4)
	  Index Cond: ((k >= 9347076) AND (k <= 9347176))

explain: for range-covered :: explain SELECT k FROM sbtest%d WHERE k BETWEEN 9347076 AND 9347176
for range-covered
table 1 : explain SELECT k FROM sbtest1 WHERE k BETWEEN 4199571 AND 4199671
	Index Only Scan using k_1 on sbtest1  (cost=0.43..10.50 rows=103 width=4)
	  Index Cond: ((k >= 4199571) AND (k <= 4199671))

table 2 : explain SELECT k FROM sbtest2 WHERE k BETWEEN 4199571 AND 4199671
	Index Only Scan using k_2 on sbtest2  (cost=0.43..6.33 rows=95 width=4)
	  Index Cond: ((k >= 4199571) AND (k <= 4199671))

table 3 : explain SELECT k FROM sbtest3 WHERE k BETWEEN 4199571 AND 4199671
	Index Only Scan using k_3 on sbtest3  (cost=0.43..6.67 rows=112 width=4)
	  Index Cond: ((k >= 4199571) AND (k <= 4199671))

table 4 : explain SELECT k FROM sbtest4 WHERE k BETWEEN 4199571 AND 4199671
	Index Only Scan using k_4 on sbtest4  (cost=0.43..10.60 rows=108 width=4)
	  Index Cond: ((k >= 4199571) AND (k <= 4199671))

table 5 : explain SELECT k FROM sbtest5 WHERE k BETWEEN 4199571 AND 4199671
	Index Only Scan using k_5 on sbtest5  (cost=0.43..10.58 rows=107 width=4)
	  Index Cond: ((k >= 4199571) AND (k <= 4199671))

table 6 : explain SELECT k FROM sbtest6 WHERE k BETWEEN 4199571 AND 4199671
	Index Only Scan using k_6 on sbtest6  (cost=0.43..6.45 rows=101 width=4)
	  Index Cond: ((k >= 4199571) AND (k <= 4199671))

table 7 : explain SELECT k FROM sbtest7 WHERE k BETWEEN 4199571 AND 4199671
	Index Only Scan using k_7 on sbtest7  (cost=0.43..6.56 rows=106 width=4)
	  Index Cond: ((k >= 4199571) AND (k <= 4199671))

table 8 : explain SELECT k FROM sbtest8 WHERE k BETWEEN 4199571 AND 4199671
	Index Only Scan using k_8 on sbtest8  (cost=0.43..6.58 rows=107 width=4)
	  Index Cond: ((k >= 4199571) AND (k <= 4199671))

explain: for range-covered :: explain SELECT k FROM sbtest%d WHERE k BETWEEN 4199571 AND 4199671
for range-covered
table 1 : explain SELECT k FROM sbtest1 WHERE k BETWEEN 3934362 AND 3934462
	Index Only Scan using k_1 on sbtest1  (cost=0.43..10.36 rows=96 width=4)
	  Index Cond: ((k >= 3934362) AND (k <= 3934462))

table 2 : explain SELECT k FROM sbtest2 WHERE k BETWEEN 3934362 AND 3934462
	Index Only Scan using k_2 on sbtest2  (cost=0.43..6.61 rows=109 width=4)
	  Index Cond: ((k >= 3934362) AND (k <= 3934462))

table 3 : explain SELECT k FROM sbtest3 WHERE k BETWEEN 3934362 AND 3934462
	Index Only Scan using k_3 on sbtest3  (cost=0.43..6.42 rows=99 width=4)
	  Index Cond: ((k >= 3934362) AND (k <= 3934462))

table 4 : explain SELECT k FROM sbtest4 WHERE k BETWEEN 3934362 AND 3934462
	Index Only Scan using k_4 on sbtest4  (cost=0.43..10.38 rows=97 width=4)
	  Index Cond: ((k >= 3934362) AND (k <= 3934462))

table 5 : explain SELECT k FROM sbtest5 WHERE k BETWEEN 3934362 AND 3934462
	Index Only Scan using k_5 on sbtest5  (cost=0.43..10.58 rows=107 width=4)
	  Index Cond: ((k >= 3934362) AND (k <= 3934462))

table 6 : explain SELECT k FROM sbtest6 WHERE k BETWEEN 3934362 AND 3934462
	Index Only Scan using k_6 on sbtest6  (cost=0.43..6.33 rows=95 width=4)
	  Index Cond: ((k >= 3934362) AND (k <= 3934462))

table 7 : explain SELECT k FROM sbtest7 WHERE k BETWEEN 3934362 AND 3934462
	Index Only Scan using k_7 on sbtest7  (cost=0.43..6.61 rows=109 width=4)
	  Index Cond: ((k >= 3934362) AND (k <= 3934462))

table 8 : explain SELECT k FROM sbtest8 WHERE k BETWEEN 3934362 AND 3934462
	Index Only Scan using k_8 on sbtest8  (cost=0.43..6.40 rows=98 width=4)
	  Index Cond: ((k >= 3934362) AND (k <= 3934462))

for range-covered
table 1 : explain SELECT k FROM sbtest1 WHERE k BETWEEN 5965394 AND 5965494
	Index Only Scan using k_1 on sbtest1  (cost=0.43..10.32 rows=94 width=4)
	  Index Cond: ((k >= 5965394) AND (k <= 5965494))

table 2 : explain SELECT k FROM sbtest2 WHERE k BETWEEN 5965394 AND 5965494
	Index Only Scan using k_2 on sbtest2  (cost=0.43..6.56 rows=106 width=4)
	  Index Cond: ((k >= 5965394) AND (k <= 5965494))

table 3 : explain SELECT k FROM sbtest3 WHERE k BETWEEN 5965394 AND 5965494
	Index Only Scan using k_3 on sbtest3  (cost=0.43..6.75 rows=116 width=4)
	  Index Cond: ((k >= 5965394) AND (k <= 5965494))

table 4 : explain SELECT k FROM sbtest4 WHERE k BETWEEN 5965394 AND 5965494
	Index Only Scan using k_4 on sbtest4  (cost=0.43..10.54 rows=105 width=4)
	  Index Cond: ((k >= 5965394) AND (k <= 5965494))

table 5 : explain SELECT k FROM sbtest5 WHERE k BETWEEN 5965394 AND 5965494
	Index Only Scan using k_5 on sbtest5  (cost=0.43..10.50 rows=103 width=4)
	  Index Cond: ((k >= 5965394) AND (k <= 5965494))

table 6 : explain SELECT k FROM sbtest6 WHERE k BETWEEN 5965394 AND 5965494
	Index Only Scan using k_6 on sbtest6  (cost=0.43..6.42 rows=99 width=4)
	  Index Cond: ((k >= 5965394) AND (k <= 5965494))

table 7 : explain SELECT k FROM sbtest7 WHERE k BETWEEN 5965394 AND 5965494
	Index Only Scan using k_7 on sbtest7  (cost=0.43..6.37 rows=97 width=4)
	  Index Cond: ((k >= 5965394) AND (k <= 5965494))

table 8 : explain SELECT k FROM sbtest8 WHERE k BETWEEN 5965394 AND 5965494
	Index Only Scan using k_8 on sbtest8  (cost=0.43..6.58 rows=107 width=4)
	  Index Cond: ((k >= 5965394) AND (k <= 5965494))

for range-covered
table 1 : explain SELECT k FROM sbtest1 WHERE k BETWEEN 3135188 AND 3135288
	Index Only Scan using k_1 on sbtest1  (cost=0.43..10.40 rows=98 width=4)
	  Index Cond: ((k >= 3135188) AND (k <= 3135288))

table 2 : explain SELECT k FROM sbtest2 WHERE k BETWEEN 3135188 AND 3135288
	Index Only Scan using k_2 on sbtest2  (cost=0.43..6.43 rows=100 width=4)
	  Index Cond: ((k >= 3135188) AND (k <= 3135288))

table 3 : explain SELECT k FROM sbtest3 WHERE k BETWEEN 3135188 AND 3135288
	Index Only Scan using k_3 on sbtest3  (cost=0.43..6.33 rows=95 width=4)
	  Index Cond: ((k >= 3135188) AND (k <= 3135288))

table 4 : explain SELECT k FROM sbtest4 WHERE k BETWEEN 3135188 AND 3135288
	Index Only Scan using k_4 on sbtest4  (cost=0.43..10.63 rows=110 width=4)
	  Index Cond: ((k >= 3135188) AND (k <= 3135288))

table 5 : explain SELECT k FROM sbtest5 WHERE k BETWEEN 3135188 AND 3135288
	Index Only Scan using k_5 on sbtest5  (cost=0.43..10.54 rows=105 width=4)
	  Index Cond: ((k >= 3135188) AND (k <= 3135288))

table 6 : explain SELECT k FROM sbtest6 WHERE k BETWEEN 3135188 AND 3135288
	Index Only Scan using k_6 on sbtest6  (cost=0.43..6.58 rows=107 width=4)
	  Index Cond: ((k >= 3135188) AND (k <= 3135288))

table 7 : explain SELECT k FROM sbtest7 WHERE k BETWEEN 3135188 AND 3135288
	Index Only Scan using k_7 on sbtest7  (cost=0.43..6.47 rows=102 width=4)
	  Index Cond: ((k >= 3135188) AND (k <= 3135288))

table 8 : explain SELECT k FROM sbtest8 WHERE k BETWEEN 3135188 AND 3135288
	Index Only Scan using k_8 on sbtest8  (cost=0.43..6.58 rows=107 width=4)
	  Index Cond: ((k >= 3135188) AND (k <= 3135288))

explain: for range-covered :: explain SELECT k FROM sbtest%d WHERE k BETWEEN 5965394 AND 5965494
for range-covered
table 1 : explain SELECT k FROM sbtest1 WHERE k BETWEEN 2612640 AND 2612740
	Index Only Scan using k_1 on sbtest1  (cost=0.43..10.51 rows=104 width=4)
	  Index Cond: ((k >= 2612640) AND (k <= 2612740))

table 2 : explain SELECT k FROM sbtest2 WHERE k BETWEEN 2612640 AND 2612740
	Index Only Scan using k_2 on sbtest2  (cost=0.43..6.35 rows=96 width=4)
	  Index Cond: ((k >= 2612640) AND (k <= 2612740))

table 3 : explain SELECT k FROM sbtest3 WHERE k BETWEEN 2612640 AND 2612740
	Index Only Scan using k_3 on sbtest3  (cost=0.43..6.29 rows=93 width=4)
	  Index Cond: ((k >= 2612640) AND (k <= 2612740))

table 4 : explain SELECT k FROM sbtest4 WHERE k BETWEEN 2612640 AND 2612740
	Index Only Scan using k_4 on sbtest4  (cost=0.43..10.42 rows=99 width=4)
	  Index Cond: ((k >= 2612640) AND (k <= 2612740))

table 5 : explain SELECT k FROM sbtest5 WHERE k BETWEEN 2612640 AND 2612740
	Index Only Scan using k_5 on sbtest5  (cost=0.43..10.40 rows=98 width=4)
	  Index Cond: ((k >= 2612640) AND (k <= 2612740))

table 6 : explain SELECT k FROM sbtest6 WHERE k BETWEEN 2612640 AND 2612740
	Index Only Scan using k_6 on sbtest6  (cost=0.43..6.47 rows=102 width=4)
	  Index Cond: ((k >= 2612640) AND (k <= 2612740))

table 7 : explain SELECT k FROM sbtest7 WHERE k BETWEEN 2612640 AND 2612740
	Index Only Scan using k_7 on sbtest7  (cost=0.43..6.63 rows=110 width=4)
	  Index Cond: ((k >= 2612640) AND (k <= 2612740))

table 8 : explain SELECT k FROM sbtest8 WHERE k BETWEEN 2612640 AND 2612740
	Index Only Scan using k_8 on sbtest8  (cost=0.43..6.42 rows=99 width=4)
	  Index Cond: ((k >= 2612640) AND (k <= 2612740))

explain: for range-covered :: explain SELECT k FROM sbtest%d WHERE k BETWEEN 3934362 AND 3934462
explain: for range-covered :: explain SELECT k FROM sbtest%d WHERE k BETWEEN 3135188 AND 3135288
explain: for range-covered :: explain SELECT k FROM sbtest%d WHERE k BETWEEN 2612640 AND 2612740
for range-covered
table 1 : explain SELECT k FROM sbtest1 WHERE k BETWEEN 3966307 AND 3966407
	Index Only Scan using k_1 on sbtest1  (cost=0.43..10.36 rows=96 width=4)
	  Index Cond: ((k >= 3966307) AND (k <= 3966407))

table 2 : explain SELECT k FROM sbtest2 WHERE k BETWEEN 3966307 AND 3966407
	Index Only Scan using k_2 on sbtest2  (cost=0.43..6.37 rows=97 width=4)
	  Index Cond: ((k >= 3966307) AND (k <= 3966407))

table 3 : explain SELECT k FROM sbtest3 WHERE k BETWEEN 3966307 AND 3966407
	Index Only Scan using k_3 on sbtest3  (cost=0.43..6.42 rows=99 width=4)
	  Index Cond: ((k >= 3966307) AND (k <= 3966407))

table 4 : explain SELECT k FROM sbtest4 WHERE k BETWEEN 3966307 AND 3966407
	Index Only Scan using k_4 on sbtest4  (cost=0.43..10.38 rows=97 width=4)
	  Index Cond: ((k >= 3966307) AND (k <= 3966407))

table 5 : explain SELECT k FROM sbtest5 WHERE k BETWEEN 3966307 AND 3966407
	Index Only Scan using k_5 on sbtest5  (cost=0.43..10.58 rows=107 width=4)
	  Index Cond: ((k >= 3966307) AND (k <= 3966407))

table 6 : explain SELECT k FROM sbtest6 WHERE k BETWEEN 3966307 AND 3966407
	Index Only Scan using k_6 on sbtest6  (cost=0.43..6.33 rows=95 width=4)
	  Index Cond: ((k >= 3966307) AND (k <= 3966407))

table 7 : explain SELECT k FROM sbtest7 WHERE k BETWEEN 3966307 AND 3966407
	Index Only Scan using k_7 on sbtest7  (cost=0.43..6.61 rows=109 width=4)
	  Index Cond: ((k >= 3966307) AND (k <= 3966407))

table 8 : explain SELECT k FROM sbtest8 WHERE k BETWEEN 3966307 AND 3966407
	Index Only Scan using k_8 on sbtest8  (cost=0.43..6.40 rows=98 width=4)
	  Index Cond: ((k >= 3966307) AND (k <= 3966407))

explain: for range-covered :: explain SELECT k FROM sbtest%d WHERE k BETWEEN 3966307 AND 3966407
for range-covered
table 1 : explain SELECT k FROM sbtest1 WHERE k BETWEEN 9347076 AND 9347176
	Index Only Scan using k_1 on sbtest1  (cost=0.43..10.58 rows=107 width=4)
	  Index Cond: ((k >= 9347076) AND (k <= 9347176))

table 2 : explain SELECT k FROM sbtest2 WHERE k BETWEEN 9347076 AND 9347176
	Index Only Scan using k_2 on sbtest2  (cost=0.43..6.51 rows=104 width=4)
	  Index Cond: ((k >= 9347076) AND (k <= 9347176))

table 3 : explain SELECT k FROM sbtest3 WHERE k BETWEEN 9347076 AND 9347176
	Index Only Scan using k_3 on sbtest3  (cost=0.43..6.58 rows=107 width=4)
	  Index Cond: ((k >= 9347076) AND (k <= 9347176))

table 4 : explain SELECT k FROM sbtest4 WHERE k BETWEEN 9347076 AND 9347176
	Index Only Scan using k_4 on sbtest4  (cost=0.43..10.54 rows=105 width=4)
	  Index Cond: ((k >= 9347076) AND (k <= 9347176))

table 5 : explain SELECT k FROM sbtest5 WHERE k BETWEEN 9347076 AND 9347176
	Index Only Scan using k_5 on sbtest5  (cost=0.43..10.72 rows=114 width=4)
	  Index Cond: ((k >= 9347076) AND (k <= 9347176))

table 6 : explain SELECT k FROM sbtest6 WHERE k BETWEEN 9347076 AND 9347176
	Index Only Scan using k_6 on sbtest6  (cost=0.43..6.35 rows=96 width=4)
	  Index Cond: ((k >= 9347076) AND (k <= 9347176))

table 7 : explain SELECT k FROM sbtest7 WHERE k BETWEEN 9347076 AND 9347176
	Index Only Scan using k_7 on sbtest7  (cost=0.43..6.47 rows=102 width=4)
	  Index Cond: ((k >= 9347076) AND (k <= 9347176))

table 8 : explain SELECT k FROM sbtest8 WHERE k BETWEEN 9347076 AND 9347176
	Index Only Scan using k_8 on sbtest8  (cost=0.43..6.61 rows=109 width=4)
	  Index Cond: ((k >= 9347076) AND (k <= 9347176))

explain: for range-covered :: explain SELECT k FROM sbtest%d WHERE k BETWEEN 9347076 AND 9347176
for range-covered
table 1 : explain SELECT k FROM sbtest1 WHERE k BETWEEN 4199571 AND 4199671
	Index Only Scan using k_1 on sbtest1  (cost=0.43..10.50 rows=103 width=4)
	  Index Cond: ((k >= 4199571) AND (k <= 4199671))

table 2 : explain SELECT k FROM sbtest2 WHERE k BETWEEN 4199571 AND 4199671
	Index Only Scan using k_2 on sbtest2  (cost=0.43..6.33 rows=95 width=4)
	  Index Cond: ((k >= 4199571) AND (k <= 4199671))

table 3 : explain SELECT k FROM sbtest3 WHERE k BETWEEN 4199571 AND 4199671
	Index Only Scan using k_3 on sbtest3  (cost=0.43..6.67 rows=112 width=4)
	  Index Cond: ((k >= 4199571) AND (k <= 4199671))

table 4 : explain SELECT k FROM sbtest4 WHERE k BETWEEN 4199571 AND 4199671
	Index Only Scan using k_4 on sbtest4  (cost=0.43..10.60 rows=108 width=4)
	  Index Cond: ((k >= 4199571) AND (k <= 4199671))

table 5 : explain SELECT k FROM sbtest5 WHERE k BETWEEN 4199571 AND 4199671
	Index Only Scan using k_5 on sbtest5  (cost=0.43..10.58 rows=107 width=4)
	  Index Cond: ((k >= 4199571) AND (k <= 4199671))

table 6 : explain SELECT k FROM sbtest6 WHERE k BETWEEN 4199571 AND 4199671
	Index Only Scan using k_6 on sbtest6  (cost=0.43..6.45 rows=101 width=4)
	  Index Cond: ((k >= 4199571) AND (k <= 4199671))

table 7 : explain SELECT k FROM sbtest7 WHERE k BETWEEN 4199571 AND 4199671
	Index Only Scan using k_7 on sbtest7  (cost=0.43..6.56 rows=106 width=4)
	  Index Cond: ((k >= 4199571) AND (k <= 4199671))

table 8 : explain SELECT k FROM sbtest8 WHERE k BETWEEN 4199571 AND 4199671
	Index Only Scan using k_8 on sbtest8  (cost=0.43..6.58 rows=107 width=4)
	  Index Cond: ((k >= 4199571) AND (k <= 4199671))

for range-covered
table 1 : explain SELECT k FROM sbtest1 WHERE k BETWEEN 3135188 AND 3135288
	Index Only Scan using k_1 on sbtest1  (cost=0.43..10.40 rows=98 width=4)
	  Index Cond: ((k >= 3135188) AND (k <= 3135288))

table 2 : explain SELECT k FROM sbtest2 WHERE k BETWEEN 3135188 AND 3135288
	Index Only Scan using k_2 on sbtest2  (cost=0.43..6.43 rows=100 width=4)
	  Index Cond: ((k >= 3135188) AND (k <= 3135288))

table 3 : explain SELECT k FROM sbtest3 WHERE k BETWEEN 3135188 AND 3135288
	Index Only Scan using k_3 on sbtest3  (cost=0.43..6.33 rows=95 width=4)
	  Index Cond: ((k >= 3135188) AND (k <= 3135288))

table 4 : explain SELECT k FROM sbtest4 WHERE k BETWEEN 3135188 AND 3135288
	Index Only Scan using k_4 on sbtest4  (cost=0.43..10.63 rows=110 width=4)
	  Index Cond: ((k >= 3135188) AND (k <= 3135288))

table 5 : explain SELECT k FROM sbtest5 WHERE k BETWEEN 3135188 AND 3135288
	Index Only Scan using k_5 on sbtest5  (cost=0.43..10.54 rows=105 width=4)
	  Index Cond: ((k >= 3135188) AND (k <= 3135288))

table 6 : explain SELECT k FROM sbtest6 WHERE k BETWEEN 3135188 AND 3135288
	Index Only Scan using k_6 on sbtest6  (cost=0.43..6.58 rows=107 width=4)
	  Index Cond: ((k >= 3135188) AND (k <= 3135288))

table 7 : explain SELECT k FROM sbtest7 WHERE k BETWEEN 3135188 AND 3135288
	Index Only Scan using k_7 on sbtest7  (cost=0.43..6.47 rows=102 width=4)
	  Index Cond: ((k >= 3135188) AND (k <= 3135288))

table 8 : explain SELECT k FROM sbtest8 WHERE k BETWEEN 3135188 AND 3135288
	Index Only Scan using k_8 on sbtest8  (cost=0.43..6.58 rows=107 width=4)
	  Index Cond: ((k >= 3135188) AND (k <= 3135288))

explain: for range-covered :: explain SELECT k FROM sbtest%d WHERE k BETWEEN 4199571 AND 4199671
for range-covered
table 1 : explain SELECT k FROM sbtest1 WHERE k BETWEEN 5965394 AND 5965494
	Index Only Scan using k_1 on sbtest1  (cost=0.43..10.32 rows=94 width=4)
	  Index Cond: ((k >= 5965394) AND (k <= 5965494))

table 2 : explain SELECT k FROM sbtest2 WHERE k BETWEEN 5965394 AND 5965494
	Index Only Scan using k_2 on sbtest2  (cost=0.43..6.56 rows=106 width=4)
	  Index Cond: ((k >= 5965394) AND (k <= 5965494))

table 3 : explain SELECT k FROM sbtest3 WHERE k BETWEEN 5965394 AND 5965494
	Index Only Scan using k_3 on sbtest3  (cost=0.43..6.75 rows=116 width=4)
	  Index Cond: ((k >= 5965394) AND (k <= 5965494))

table 4 : explain SELECT k FROM sbtest4 WHERE k BETWEEN 5965394 AND 5965494
	Index Only Scan using k_4 on sbtest4  (cost=0.43..10.54 rows=105 width=4)
	  Index Cond: ((k >= 5965394) AND (k <= 5965494))

table 5 : explain SELECT k FROM sbtest5 WHERE k BETWEEN 5965394 AND 5965494
	Index Only Scan using k_5 on sbtest5  (cost=0.43..10.50 rows=103 width=4)
	  Index Cond: ((k >= 5965394) AND (k <= 5965494))

table 6 : explain SELECT k FROM sbtest6 WHERE k BETWEEN 5965394 AND 5965494
	Index Only Scan using k_6 on sbtest6  (cost=0.43..6.42 rows=99 width=4)
	  Index Cond: ((k >= 5965394) AND (k <= 5965494))

table 7 : explain SELECT k FROM sbtest7 WHERE k BETWEEN 5965394 AND 5965494
	Index Only Scan using k_7 on sbtest7  (cost=0.43..6.37 rows=97 width=4)
	  Index Cond: ((k >= 5965394) AND (k <= 5965494))

table 8 : explain SELECT k FROM sbtest8 WHERE k BETWEEN 5965394 AND 5965494
	Index Only Scan using k_8 on sbtest8  (cost=0.43..6.58 rows=107 width=4)
	  Index Cond: ((k >= 5965394) AND (k <= 5965494))

for range-covered
table 1 : explain SELECT k FROM sbtest1 WHERE k BETWEEN 2612640 AND 2612740
	Index Only Scan using k_1 on sbtest1  (cost=0.43..10.51 rows=104 width=4)
	  Index Cond: ((k >= 2612640) AND (k <= 2612740))

table 2 : explain SELECT k FROM sbtest2 WHERE k BETWEEN 2612640 AND 2612740
	Index Only Scan using k_2 on sbtest2  (cost=0.43..6.35 rows=96 width=4)
	  Index Cond: ((k >= 2612640) AND (k <= 2612740))

table 3 : explain SELECT k FROM sbtest3 WHERE k BETWEEN 2612640 AND 2612740
	Index Only Scan using k_3 on sbtest3  (cost=0.43..6.29 rows=93 width=4)
	  Index Cond: ((k >= 2612640) AND (k <= 2612740))

table 4 : explain SELECT k FROM sbtest4 WHERE k BETWEEN 2612640 AND 2612740
	Index Only Scan using k_4 on sbtest4  (cost=0.43..10.42 rows=99 width=4)
	  Index Cond: ((k >= 2612640) AND (k <= 2612740))

table 5 : explain SELECT k FROM sbtest5 WHERE k BETWEEN 2612640 AND 2612740
	Index Only Scan using k_5 on sbtest5  (cost=0.43..10.40 rows=98 width=4)
	  Index Cond: ((k >= 2612640) AND (k <= 2612740))

table 6 : explain SELECT k FROM sbtest6 WHERE k BETWEEN 2612640 AND 2612740
	Index Only Scan using k_6 on sbtest6  (cost=0.43..6.47 rows=102 width=4)
	  Index Cond: ((k >= 2612640) AND (k <= 2612740))

table 7 : explain SELECT k FROM sbtest7 WHERE k BETWEEN 2612640 AND 2612740
	Index Only Scan using k_7 on sbtest7  (cost=0.43..6.63 rows=110 width=4)
	  Index Cond: ((k >= 2612640) AND (k <= 2612740))

table 8 : explain SELECT k FROM sbtest8 WHERE k BETWEEN 2612640 AND 2612740
	Index Only Scan using k_8 on sbtest8  (cost=0.43..6.42 rows=99 width=4)
	  Index Cond: ((k >= 2612640) AND (k <= 2612740))

explain: for range-covered :: explain SELECT k FROM sbtest%d WHERE k BETWEEN 3135188 AND 3135288
for range-covered
table 1 : explain SELECT k FROM sbtest1 WHERE k BETWEEN 3934362 AND 3934462
	Index Only Scan using k_1 on sbtest1  (cost=0.43..10.36 rows=96 width=4)
	  Index Cond: ((k >= 3934362) AND (k <= 3934462))

table 2 : explain SELECT k FROM sbtest2 WHERE k BETWEEN 3934362 AND 3934462
	Index Only Scan using k_2 on sbtest2  (cost=0.43..6.61 rows=109 width=4)
	  Index Cond: ((k >= 3934362) AND (k <= 3934462))

table 3 : explain SELECT k FROM sbtest3 WHERE k BETWEEN 3934362 AND 3934462
	Index Only Scan using k_3 on sbtest3  (cost=0.43..6.42 rows=99 width=4)
	  Index Cond: ((k >= 3934362) AND (k <= 3934462))

table 4 : explain SELECT k FROM sbtest4 WHERE k BETWEEN 3934362 AND 3934462
	Index Only Scan using k_4 on sbtest4  (cost=0.43..10.38 rows=97 width=4)
	  Index Cond: ((k >= 3934362) AND (k <= 3934462))

table 5 : explain SELECT k FROM sbtest5 WHERE k BETWEEN 3934362 AND 3934462
	Index Only Scan using k_5 on sbtest5  (cost=0.43..10.58 rows=107 width=4)
	  Index Cond: ((k >= 3934362) AND (k <= 3934462))

table 6 : explain SELECT k FROM sbtest6 WHERE k BETWEEN 3934362 AND 3934462
	Index Only Scan using k_6 on sbtest6  (cost=0.43..6.33 rows=95 width=4)
	  Index Cond: ((k >= 3934362) AND (k <= 3934462))

table 7 : explain SELECT k FROM sbtest7 WHERE k BETWEEN 3934362 AND 3934462
	Index Only Scan using k_7 on sbtest7  (cost=0.43..6.61 rows=109 width=4)
	  Index Cond: ((k >= 3934362) AND (k <= 3934462))

table 8 : explain SELECT k FROM sbtest8 WHERE k BETWEEN 3934362 AND 3934462
	Index Only Scan using k_8 on sbtest8  (cost=0.43..6.40 rows=98 width=4)
	  Index Cond: ((k >= 3934362) AND (k <= 3934462))

for range-covered
table 1 : explain SELECT k FROM sbtest1 WHERE k BETWEEN 4862992 AND 4863092
	Index Only Scan using k_1 on sbtest1  (cost=0.43..10.46 rows=101 width=4)
	  Index Cond: ((k >= 4862992) AND (k <= 4863092))

table 2 : explain SELECT k FROM sbtest2 WHERE k BETWEEN 4862992 AND 4863092
	Index Only Scan using k_2 on sbtest2  (cost=0.43..6.40 rows=98 width=4)
	  Index Cond: ((k >= 4862992) AND (k <= 4863092))

table 3 : explain SELECT k FROM sbtest3 WHERE k BETWEEN 4862992 AND 4863092
	Index Only Scan using k_3 on sbtest3  (cost=0.43..6.27 rows=92 width=4)
	  Index Cond: ((k >= 4862992) AND (k <= 4863092))

table 4 : explain SELECT k FROM sbtest4 WHERE k BETWEEN 4862992 AND 4863092
	Index Only Scan using k_4 on sbtest4  (cost=0.43..10.54 rows=105 width=4)
	  Index Cond: ((k >= 4862992) AND (k <= 4863092))

table 5 : explain SELECT k FROM sbtest5 WHERE k BETWEEN 4862992 AND 4863092
	Index Only Scan using k_5 on sbtest5  (cost=0.43..10.60 rows=108 width=4)
	  Index Cond: ((k >= 4862992) AND (k <= 4863092))

table 6 : explain SELECT k FROM sbtest6 WHERE k BETWEEN 4862992 AND 4863092
	Index Only Scan using k_6 on sbtest6  (cost=0.43..6.40 rows=98 width=4)
	  Index Cond: ((k >= 4862992) AND (k <= 4863092))

table 7 : explain SELECT k FROM sbtest7 WHERE k BETWEEN 4862992 AND 4863092
	Index Only Scan using k_7 on sbtest7  (cost=0.43..6.56 rows=106 width=4)
	  Index Cond: ((k >= 4862992) AND (k <= 4863092))

table 8 : explain SELECT k FROM sbtest8 WHERE k BETWEEN 4862992 AND 4863092
	Index Only Scan using k_8 on sbtest8  (cost=0.43..6.40 rows=98 width=4)
	  Index Cond: ((k >= 4862992) AND (k <= 4863092))

explain: for range-covered :: explain SELECT k FROM sbtest%d WHERE k BETWEEN 5965394 AND 5965494
explain: for range-covered :: explain SELECT k FROM sbtest%d WHERE k BETWEEN 2612640 AND 2612740
explain: for range-covered :: explain SELECT k FROM sbtest%d WHERE k BETWEEN 3934362 AND 3934462
explain: for range-covered :: explain SELECT k FROM sbtest%d WHERE k BETWEEN 4862992 AND 4863092
for range-covered
table 1 : explain SELECT k FROM sbtest1 WHERE k BETWEEN 2509499 AND 2509599
	Index Only Scan using k_1 on sbtest1  (cost=0.43..10.63 rows=110 width=4)
	  Index Cond: ((k >= 2509499) AND (k <= 2509599))

table 2 : explain SELECT k FROM sbtest2 WHERE k BETWEEN 2509499 AND 2509599
	Index Only Scan using k_2 on sbtest2  (cost=0.43..6.59 rows=108 width=4)
	  Index Cond: ((k >= 2509499) AND (k <= 2509599))

table 3 : explain SELECT k FROM sbtest3 WHERE k BETWEEN 2509499 AND 2509599
	Index Only Scan using k_3 on sbtest3  (cost=0.43..6.40 rows=98 width=4)
	  Index Cond: ((k >= 2509499) AND (k <= 2509599))

table 4 : explain SELECT k FROM sbtest4 WHERE k BETWEEN 2509499 AND 2509599
	Index Only Scan using k_4 on sbtest4  (cost=0.43..10.47 rows=102 width=4)
	  Index Cond: ((k >= 2509499) AND (k <= 2509599))

table 5 : explain SELECT k FROM sbtest5 WHERE k BETWEEN 2509499 AND 2509599
	Index Only Scan using k_5 on sbtest5  (cost=0.43..10.42 rows=99 width=4)
	  Index Cond: ((k >= 2509499) AND (k <= 2509599))

table 6 : explain SELECT k FROM sbtest6 WHERE k BETWEEN 2509499 AND 2509599
	Index Only Scan using k_6 on sbtest6  (cost=0.43..6.47 rows=102 width=4)
	  Index Cond: ((k >= 2509499) AND (k <= 2509599))

table 7 : explain SELECT k FROM sbtest7 WHERE k BETWEEN 2509499 AND 2509599
	Index Only Scan using k_7 on sbtest7  (cost=0.43..6.45 rows=101 width=4)
	  Index Cond: ((k >= 2509499) AND (k <= 2509599))

table 8 : explain SELECT k FROM sbtest8 WHERE k BETWEEN 2509499 AND 2509599
	Index Only Scan using k_8 on sbtest8  (cost=0.43..6.47 rows=102 width=4)
	  Index Cond: ((k >= 2509499) AND (k <= 2509599))

for range-covered
table 1 : explain SELECT k FROM sbtest1 WHERE k BETWEEN 9347076 AND 9347176
	Index Only Scan using k_1 on sbtest1  (cost=0.43..10.58 rows=107 width=4)
	  Index Cond: ((k >= 9347076) AND (k <= 9347176))

table 2 : explain SELECT k FROM sbtest2 WHERE k BETWEEN 9347076 AND 9347176
	Index Only Scan using k_2 on sbtest2  (cost=0.43..6.51 rows=104 width=4)
	  Index Cond: ((k >= 9347076) AND (k <= 9347176))

table 3 : explain SELECT k FROM sbtest3 WHERE k BETWEEN 9347076 AND 9347176
	Index Only Scan using k_3 on sbtest3  (cost=0.43..6.58 rows=107 width=4)
	  Index Cond: ((k >= 9347076) AND (k <= 9347176))

table 4 : explain SELECT k FROM sbtest4 WHERE k BETWEEN 9347076 AND 9347176
	Index Only Scan using k_4 on sbtest4  (cost=0.43..10.54 rows=105 width=4)
	  Index Cond: ((k >= 9347076) AND (k <= 9347176))

table 5 : explain SELECT k FROM sbtest5 WHERE k BETWEEN 9347076 AND 9347176
	Index Only Scan using k_5 on sbtest5  (cost=0.43..10.72 rows=114 width=4)
	  Index Cond: ((k >= 9347076) AND (k <= 9347176))

table 6 : explain SELECT k FROM sbtest6 WHERE k BETWEEN 9347076 AND 9347176
	Index Only Scan using k_6 on sbtest6  (cost=0.43..6.35 rows=96 width=4)
	  Index Cond: ((k >= 9347076) AND (k <= 9347176))

table 7 : explain SELECT k FROM sbtest7 WHERE k BETWEEN 9347076 AND 9347176
	Index Only Scan using k_7 on sbtest7  (cost=0.43..6.47 rows=102 width=4)
	  Index Cond: ((k >= 9347076) AND (k <= 9347176))

table 8 : explain SELECT k FROM sbtest8 WHERE k BETWEEN 9347076 AND 9347176
	Index Only Scan using k_8 on sbtest8  (cost=0.43..6.61 rows=109 width=4)
	  Index Cond: ((k >= 9347076) AND (k <= 9347176))

explain: for range-covered :: explain SELECT k FROM sbtest%d WHERE k BETWEEN 9347076 AND 9347176
explain: for range-covered :: explain SELECT k FROM sbtest%d WHERE k BETWEEN 2509499 AND 2509599
for range-covered
table 1 : explain SELECT k FROM sbtest1 WHERE k BETWEEN 3966307 AND 3966407
	Index Only Scan using k_1 on sbtest1  (cost=0.43..10.36 rows=96 width=4)
	  Index Cond: ((k >= 3966307) AND (k <= 3966407))

table 2 : explain SELECT k FROM sbtest2 WHERE k BETWEEN 3966307 AND 3966407
	Index Only Scan using k_2 on sbtest2  (cost=0.43..6.37 rows=97 width=4)
	  Index Cond: ((k >= 3966307) AND (k <= 3966407))

table 3 : explain SELECT k FROM sbtest3 WHERE k BETWEEN 3966307 AND 3966407
	Index Only Scan using k_3 on sbtest3  (cost=0.43..6.42 rows=99 width=4)
	  Index Cond: ((k >= 3966307) AND (k <= 3966407))

table 4 : explain SELECT k FROM sbtest4 WHERE k BETWEEN 3966307 AND 3966407
	Index Only Scan using k_4 on sbtest4  (cost=0.43..10.38 rows=97 width=4)
	  Index Cond: ((k >= 3966307) AND (k <= 3966407))

table 5 : explain SELECT k FROM sbtest5 WHERE k BETWEEN 3966307 AND 3966407
	Index Only Scan using k_5 on sbtest5  (cost=0.43..10.58 rows=107 width=4)
	  Index Cond: ((k >= 3966307) AND (k <= 3966407))

table 6 : explain SELECT k FROM sbtest6 WHERE k BETWEEN 3966307 AND 3966407
	Index Only Scan using k_6 on sbtest6  (cost=0.43..6.33 rows=95 width=4)
	  Index Cond: ((k >= 3966307) AND (k <= 3966407))

table 7 : explain SELECT k FROM sbtest7 WHERE k BETWEEN 3966307 AND 3966407
	Index Only Scan using k_7 on sbtest7  (cost=0.43..6.61 rows=109 width=4)
	  Index Cond: ((k >= 3966307) AND (k <= 3966407))

table 8 : explain SELECT k FROM sbtest8 WHERE k BETWEEN 3966307 AND 3966407
	Index Only Scan using k_8 on sbtest8  (cost=0.43..6.40 rows=98 width=4)
	  Index Cond: ((k >= 3966307) AND (k <= 3966407))

explain: for range-covered :: explain SELECT k FROM sbtest%d WHERE k BETWEEN 3966307 AND 3966407
for range-covered
table 1 : explain SELECT k FROM sbtest1 WHERE k BETWEEN 3135188 AND 3135288
	Index Only Scan using k_1 on sbtest1  (cost=0.43..10.40 rows=98 width=4)
	  Index Cond: ((k >= 3135188) AND (k <= 3135288))

table 2 : explain SELECT k FROM sbtest2 WHERE k BETWEEN 3135188 AND 3135288
	Index Only Scan using k_2 on sbtest2  (cost=0.43..6.43 rows=100 width=4)
	  Index Cond: ((k >= 3135188) AND (k <= 3135288))

table 3 : explain SELECT k FROM sbtest3 WHERE k BETWEEN 3135188 AND 3135288
	Index Only Scan using k_3 on sbtest3  (cost=0.43..6.33 rows=95 width=4)
	  Index Cond: ((k >= 3135188) AND (k <= 3135288))

table 4 : explain SELECT k FROM sbtest4 WHERE k BETWEEN 3135188 AND 3135288
	Index Only Scan using k_4 on sbtest4  (cost=0.43..10.63 rows=110 width=4)
	  Index Cond: ((k >= 3135188) AND (k <= 3135288))

table 5 : explain SELECT k FROM sbtest5 WHERE k BETWEEN 3135188 AND 3135288
	Index Only Scan using k_5 on sbtest5  (cost=0.43..10.54 rows=105 width=4)
	  Index Cond: ((k >= 3135188) AND (k <= 3135288))

table 6 : explain SELECT k FROM sbtest6 WHERE k BETWEEN 3135188 AND 3135288
	Index Only Scan using k_6 on sbtest6  (cost=0.43..6.58 rows=107 width=4)
	  Index Cond: ((k >= 3135188) AND (k <= 3135288))

table 7 : explain SELECT k FROM sbtest7 WHERE k BETWEEN 3135188 AND 3135288
	Index Only Scan using k_7 on sbtest7  (cost=0.43..6.47 rows=102 width=4)
	  Index Cond: ((k >= 3135188) AND (k <= 3135288))

table 8 : explain SELECT k FROM sbtest8 WHERE k BETWEEN 3135188 AND 3135288
	Index Only Scan using k_8 on sbtest8  (cost=0.43..6.58 rows=107 width=4)
	  Index Cond: ((k >= 3135188) AND (k <= 3135288))

for range-covered
table 1 : explain SELECT k FROM sbtest1 WHERE k BETWEEN 4199571 AND 4199671
	Index Only Scan using k_1 on sbtest1  (cost=0.43..10.50 rows=103 width=4)
	  Index Cond: ((k >= 4199571) AND (k <= 4199671))

table 2 : explain SELECT k FROM sbtest2 WHERE k BETWEEN 4199571 AND 4199671
	Index Only Scan using k_2 on sbtest2  (cost=0.43..6.33 rows=95 width=4)
	  Index Cond: ((k >= 4199571) AND (k <= 4199671))

table 3 : explain SELECT k FROM sbtest3 WHERE k BETWEEN 4199571 AND 4199671
	Index Only Scan using k_3 on sbtest3  (cost=0.43..6.67 rows=112 width=4)
	  Index Cond: ((k >= 4199571) AND (k <= 4199671))

table 4 : explain SELECT k FROM sbtest4 WHERE k BETWEEN 4199571 AND 4199671
	Index Only Scan using k_4 on sbtest4  (cost=0.43..10.60 rows=108 width=4)
	  Index Cond: ((k >= 4199571) AND (k <= 4199671))

table 5 : explain SELECT k FROM sbtest5 WHERE k BETWEEN 4199571 AND 4199671
	Index Only Scan using k_5 on sbtest5  (cost=0.43..10.58 rows=107 width=4)
	  Index Cond: ((k >= 4199571) AND (k <= 4199671))

table 6 : explain SELECT k FROM sbtest6 WHERE k BETWEEN 4199571 AND 4199671
	Index Only Scan using k_6 on sbtest6  (cost=0.43..6.45 rows=101 width=4)
	  Index Cond: ((k >= 4199571) AND (k <= 4199671))

table 7 : explain SELECT k FROM sbtest7 WHERE k BETWEEN 4199571 AND 4199671
	Index Only Scan using k_7 on sbtest7  (cost=0.43..6.56 rows=106 width=4)
	  Index Cond: ((k >= 4199571) AND (k <= 4199671))

table 8 : explain SELECT k FROM sbtest8 WHERE k BETWEEN 4199571 AND 4199671
	Index Only Scan using k_8 on sbtest8  (cost=0.43..6.58 rows=107 width=4)
	  Index Cond: ((k >= 4199571) AND (k <= 4199671))

explain: for range-covered :: explain SELECT k FROM sbtest%d WHERE k BETWEEN 3135188 AND 3135288
explain: for range-covered :: explain SELECT k FROM sbtest%d WHERE k BETWEEN 4199571 AND 4199671
for range-covered
table 1 : explain SELECT k FROM sbtest1 WHERE k BETWEEN 2612640 AND 2612740
	Index Only Scan using k_1 on sbtest1  (cost=0.43..10.51 rows=104 width=4)
	  Index Cond: ((k >= 2612640) AND (k <= 2612740))

table 2 : explain SELECT k FROM sbtest2 WHERE k BETWEEN 2612640 AND 2612740
	Index Only Scan using k_2 on sbtest2  (cost=0.43..6.35 rows=96 width=4)
	  Index Cond: ((k >= 2612640) AND (k <= 2612740))

table 3 : explain SELECT k FROM sbtest3 WHERE k BETWEEN 2612640 AND 2612740
	Index Only Scan using k_3 on sbtest3  (cost=0.43..6.29 rows=93 width=4)
	  Index Cond: ((k >= 2612640) AND (k <= 2612740))

table 4 : explain SELECT k FROM sbtest4 WHERE k BETWEEN 2612640 AND 2612740
	Index Only Scan using k_4 on sbtest4  (cost=0.43..10.42 rows=99 width=4)
	  Index Cond: ((k >= 2612640) AND (k <= 2612740))

table 5 : explain SELECT k FROM sbtest5 WHERE k BETWEEN 2612640 AND 2612740
	Index Only Scan using k_5 on sbtest5  (cost=0.43..10.40 rows=98 width=4)
	  Index Cond: ((k >= 2612640) AND (k <= 2612740))

table 6 : explain SELECT k FROM sbtest6 WHERE k BETWEEN 2612640 AND 2612740
	Index Only Scan using k_6 on sbtest6  (cost=0.43..6.47 rows=102 width=4)
	  Index Cond: ((k >= 2612640) AND (k <= 2612740))

table 7 : explain SELECT k FROM sbtest7 WHERE k BETWEEN 2612640 AND 2612740
	Index Only Scan using k_7 on sbtest7  (cost=0.43..6.63 rows=110 width=4)
	  Index Cond: ((k >= 2612640) AND (k <= 2612740))

table 8 : explain SELECT k FROM sbtest8 WHERE k BETWEEN 2612640 AND 2612740
	Index Only Scan using k_8 on sbtest8  (cost=0.43..6.42 rows=99 width=4)
	  Index Cond: ((k >= 2612640) AND (k <= 2612740))

for range-covered
table 1 : explain SELECT k FROM sbtest1 WHERE k BETWEEN 5965394 AND 5965494
	Index Only Scan using k_1 on sbtest1  (cost=0.43..10.32 rows=94 width=4)
	  Index Cond: ((k >= 5965394) AND (k <= 5965494))

table 2 : explain SELECT k FROM sbtest2 WHERE k BETWEEN 5965394 AND 5965494
	Index Only Scan using k_2 on sbtest2  (cost=0.43..6.56 rows=106 width=4)
	  Index Cond: ((k >= 5965394) AND (k <= 5965494))

table 3 : explain SELECT k FROM sbtest3 WHERE k BETWEEN 5965394 AND 5965494
	Index Only Scan using k_3 on sbtest3  (cost=0.43..6.75 rows=116 width=4)
	  Index Cond: ((k >= 5965394) AND (k <= 5965494))

table 4 : explain SELECT k FROM sbtest4 WHERE k BETWEEN 5965394 AND 5965494
	Index Only Scan using k_4 on sbtest4  (cost=0.43..10.54 rows=105 width=4)
	  Index Cond: ((k >= 5965394) AND (k <= 5965494))

table 5 : explain SELECT k FROM sbtest5 WHERE k BETWEEN 5965394 AND 5965494
	Index Only Scan using k_5 on sbtest5  (cost=0.43..10.50 rows=103 width=4)
	  Index Cond: ((k >= 5965394) AND (k <= 5965494))

table 6 : explain SELECT k FROM sbtest6 WHERE k BETWEEN 5965394 AND 5965494
	Index Only Scan using k_6 on sbtest6  (cost=0.43..6.42 rows=99 width=4)
	  Index Cond: ((k >= 5965394) AND (k <= 5965494))

table 7 : explain SELECT k FROM sbtest7 WHERE k BETWEEN 5965394 AND 5965494
	Index Only Scan using k_7 on sbtest7  (cost=0.43..6.37 rows=97 width=4)
	  Index Cond: ((k >= 5965394) AND (k <= 5965494))

table 8 : explain SELECT k FROM sbtest8 WHERE k BETWEEN 5965394 AND 5965494
	Index Only Scan using k_8 on sbtest8  (cost=0.43..6.58 rows=107 width=4)
	  Index Cond: ((k >= 5965394) AND (k <= 5965494))
for range-covered
table 1 : explain SELECT k FROM sbtest1 WHERE k BETWEEN 3934362 AND 3934462
	Index Only Scan using k_1 on sbtest1  (cost=0.43..10.36 rows=96 width=4)
	  Index Cond: ((k >= 3934362) AND (k <= 3934462))

table 2 : explain SELECT k FROM sbtest2 WHERE k BETWEEN 3934362 AND 3934462
	Index Only Scan using k_2 on sbtest2  (cost=0.43..6.61 rows=109 width=4)
	  Index Cond: ((k >= 3934362) AND (k <= 3934462))

table 3 : explain SELECT k FROM sbtest3 WHERE k BETWEEN 3934362 AND 3934462
	Index Only Scan using k_3 on sbtest3  (cost=0.43..6.42 rows=99 width=4)
	  Index Cond: ((k >= 3934362) AND (k <= 3934462))

table 4 : explain SELECT k FROM sbtest4 WHERE k BETWEEN 3934362 AND 3934462
	Index Only Scan using k_4 on sbtest4  (cost=0.43..10.38 rows=97 width=4)
	  Index Cond: ((k >= 3934362) AND (k <= 3934462))

table 5 : explain SELECT k FROM sbtest5 WHERE k BETWEEN 3934362 AND 3934462
	Index Only Scan using k_5 on sbtest5  (cost=0.43..10.58 rows=107 width=4)
	  Index Cond: ((k >= 3934362) AND (k <= 3934462))

table 6 : explain SELECT k FROM sbtest6 WHERE k BETWEEN 3934362 AND 3934462
	Index Only Scan using k_6 on sbtest6  (cost=0.43..6.33 rows=95 width=4)
	  Index Cond: ((k >= 3934362) AND (k <= 3934462))

table 7 : explain SELECT k FROM sbtest7 WHERE k BETWEEN 3934362 AND 3934462
	Index Only Scan using k_7 on sbtest7  (cost=0.43..6.61 rows=109 width=4)
	  Index Cond: ((k >= 3934362) AND (k <= 3934462))

table 8 : explain SELECT k FROM sbtest8 WHERE k BETWEEN 3934362 AND 3934462
	Index Only Scan using k_8 on sbtest8  (cost=0.43..6.40 rows=98 width=4)
	  Index Cond: ((k >= 3934362) AND (k <= 3934462))


explain: for range-covered :: explain SELECT k FROM sbtest%d WHERE k BETWEEN 3934362 AND 3934462
explain: for range-covered :: explain SELECT k FROM sbtest%d WHERE k BETWEEN 5965394 AND 5965494
for range-covered
table 1 : explain SELECT k FROM sbtest1 WHERE k BETWEEN 4862992 AND 4863092
	Index Only Scan using k_1 on sbtest1  (cost=0.43..10.46 rows=101 width=4)
	  Index Cond: ((k >= 4862992) AND (k <= 4863092))

table 2 : explain SELECT k FROM sbtest2 WHERE k BETWEEN 4862992 AND 4863092
	Index Only Scan using k_2 on sbtest2  (cost=0.43..6.40 rows=98 width=4)
	  Index Cond: ((k >= 4862992) AND (k <= 4863092))

table 3 : explain SELECT k FROM sbtest3 WHERE k BETWEEN 4862992 AND 4863092
	Index Only Scan using k_3 on sbtest3  (cost=0.43..6.27 rows=92 width=4)
	  Index Cond: ((k >= 4862992) AND (k <= 4863092))

table 4 : explain SELECT k FROM sbtest4 WHERE k BETWEEN 4862992 AND 4863092
	Index Only Scan using k_4 on sbtest4  (cost=0.43..10.54 rows=105 width=4)
	  Index Cond: ((k >= 4862992) AND (k <= 4863092))

table 5 : explain SELECT k FROM sbtest5 WHERE k BETWEEN 4862992 AND 4863092
	Index Only Scan using k_5 on sbtest5  (cost=0.43..10.60 rows=108 width=4)
	  Index Cond: ((k >= 4862992) AND (k <= 4863092))

table 6 : explain SELECT k FROM sbtest6 WHERE k BETWEEN 4862992 AND 4863092
	Index Only Scan using k_6 on sbtest6  (cost=0.43..6.40 rows=98 width=4)
	  Index Cond: ((k >= 4862992) AND (k <= 4863092))

table 7 : explain SELECT k FROM sbtest7 WHERE k BETWEEN 4862992 AND 4863092
	Index Only Scan using k_7 on sbtest7  (cost=0.43..6.56 rows=106 width=4)
	  Index Cond: ((k >= 4862992) AND (k <= 4863092))

table 8 : explain SELECT k FROM sbtest8 WHERE k BETWEEN 4862992 AND 4863092
	Index Only Scan using k_8 on sbtest8  (cost=0.43..6.40 rows=98 width=4)
	  Index Cond: ((k >= 4862992) AND (k <= 4863092))

explain: for range-covered :: explain SELECT k FROM sbtest%d WHERE k BETWEEN 4862992 AND 4863092
for range-covered
table 1 : explain SELECT k FROM sbtest1 WHERE k BETWEEN 9347076 AND 9347176
	Index Only Scan using k_1 on sbtest1  (cost=0.43..10.58 rows=107 width=4)
	  Index Cond: ((k >= 9347076) AND (k <= 9347176))

table 2 : explain SELECT k FROM sbtest2 WHERE k BETWEEN 9347076 AND 9347176
	Index Only Scan using k_2 on sbtest2  (cost=0.43..6.51 rows=104 width=4)
	  Index Cond: ((k >= 9347076) AND (k <= 9347176))

table 3 : explain SELECT k FROM sbtest3 WHERE k BETWEEN 9347076 AND 9347176
	Index Only Scan using k_3 on sbtest3  (cost=0.43..6.58 rows=107 width=4)
	  Index Cond: ((k >= 9347076) AND (k <= 9347176))

table 4 : explain SELECT k FROM sbtest4 WHERE k BETWEEN 9347076 AND 9347176
	Index Only Scan using k_4 on sbtest4  (cost=0.43..10.54 rows=105 width=4)
	  Index Cond: ((k >= 9347076) AND (k <= 9347176))

table 5 : explain SELECT k FROM sbtest5 WHERE k BETWEEN 9347076 AND 9347176
	Index Only Scan using k_5 on sbtest5  (cost=0.43..10.72 rows=114 width=4)
	  Index Cond: ((k >= 9347076) AND (k <= 9347176))

table 6 : explain SELECT k FROM sbtest6 WHERE k BETWEEN 9347076 AND 9347176
	Index Only Scan using k_6 on sbtest6  (cost=0.43..6.35 rows=96 width=4)
	  Index Cond: ((k >= 9347076) AND (k <= 9347176))

table 7 : explain SELECT k FROM sbtest7 WHERE k BETWEEN 9347076 AND 9347176
	Index Only Scan using k_7 on sbtest7  (cost=0.43..6.47 rows=102 width=4)
	  Index Cond: ((k >= 9347076) AND (k <= 9347176))

table 8 : explain SELECT k FROM sbtest8 WHERE k BETWEEN 9347076 AND 9347176
	Index Only Scan using k_8 on sbtest8  (cost=0.43..6.61 rows=109 width=4)
	  Index Cond: ((k >= 9347076) AND (k <= 9347176))

for range-covered
table 1 : explain SELECT k FROM sbtest1 WHERE k BETWEEN 2509499 AND 2509599
	Index Only Scan using k_1 on sbtest1  (cost=0.43..10.63 rows=110 width=4)
	  Index Cond: ((k >= 2509499) AND (k <= 2509599))

table 2 : explain SELECT k FROM sbtest2 WHERE k BETWEEN 2509499 AND 2509599
	Index Only Scan using k_2 on sbtest2  (cost=0.43..6.59 rows=108 width=4)
	  Index Cond: ((k >= 2509499) AND (k <= 2509599))

table 3 : explain SELECT k FROM sbtest3 WHERE k BETWEEN 2509499 AND 2509599
	Index Only Scan using k_3 on sbtest3  (cost=0.43..6.40 rows=98 width=4)
	  Index Cond: ((k >= 2509499) AND (k <= 2509599))

table 4 : explain SELECT k FROM sbtest4 WHERE k BETWEEN 2509499 AND 2509599
	Index Only Scan using k_4 on sbtest4  (cost=0.43..10.47 rows=102 width=4)
	  Index Cond: ((k >= 2509499) AND (k <= 2509599))

table 5 : explain SELECT k FROM sbtest5 WHERE k BETWEEN 2509499 AND 2509599
	Index Only Scan using k_5 on sbtest5  (cost=0.43..10.42 rows=99 width=4)
	  Index Cond: ((k >= 2509499) AND (k <= 2509599))

table 6 : explain SELECT k FROM sbtest6 WHERE k BETWEEN 2509499 AND 2509599
	Index Only Scan using k_6 on sbtest6  (cost=0.43..6.47 rows=102 width=4)
	  Index Cond: ((k >= 2509499) AND (k <= 2509599))

table 7 : explain SELECT k FROM sbtest7 WHERE k BETWEEN 2509499 AND 2509599
	Index Only Scan using k_7 on sbtest7  (cost=0.43..6.45 rows=101 width=4)
	  Index Cond: ((k >= 2509499) AND (k <= 2509599))

table 8 : explain SELECT k FROM sbtest8 WHERE k BETWEEN 2509499 AND 2509599
	Index Only Scan using k_8 on sbtest8  (cost=0.43..6.47 rows=102 width=4)
	  Index Cond: ((k >= 2509499) AND (k <= 2509599))

explain: for range-covered :: explain SELECT k FROM sbtest%d WHERE k BETWEEN 9347076 AND 9347176
for range-covered
table 1 : explain SELECT k FROM sbtest1 WHERE k BETWEEN 3135188 AND 3135288
	Index Only Scan using k_1 on sbtest1  (cost=0.43..10.40 rows=98 width=4)
	  Index Cond: ((k >= 3135188) AND (k <= 3135288))

table 2 : explain SELECT k FROM sbtest2 WHERE k BETWEEN 3135188 AND 3135288
	Index Only Scan using k_2 on sbtest2  (cost=0.43..6.43 rows=100 width=4)
	  Index Cond: ((k >= 3135188) AND (k <= 3135288))

table 3 : explain SELECT k FROM sbtest3 WHERE k BETWEEN 3135188 AND 3135288
	Index Only Scan using k_3 on sbtest3  (cost=0.43..6.33 rows=95 width=4)
	  Index Cond: ((k >= 3135188) AND (k <= 3135288))

table 4 : explain SELECT k FROM sbtest4 WHERE k BETWEEN 3135188 AND 3135288
	Index Only Scan using k_4 on sbtest4  (cost=0.43..10.63 rows=110 width=4)
	  Index Cond: ((k >= 3135188) AND (k <= 3135288))

table 5 : explain SELECT k FROM sbtest5 WHERE k BETWEEN 3135188 AND 3135288
	Index Only Scan using k_5 on sbtest5  (cost=0.43..10.54 rows=105 width=4)
	  Index Cond: ((k >= 3135188) AND (k <= 3135288))

table 6 : explain SELECT k FROM sbtest6 WHERE k BETWEEN 3135188 AND 3135288
	Index Only Scan using k_6 on sbtest6  (cost=0.43..6.58 rows=107 width=4)
	  Index Cond: ((k >= 3135188) AND (k <= 3135288))

table 7 : explain SELECT k FROM sbtest7 WHERE k BETWEEN 3135188 AND 3135288
	Index Only Scan using k_7 on sbtest7  (cost=0.43..6.47 rows=102 width=4)
	  Index Cond: ((k >= 3135188) AND (k <= 3135288))

table 8 : explain SELECT k FROM sbtest8 WHERE k BETWEEN 3135188 AND 3135288
	Index Only Scan using k_8 on sbtest8  (cost=0.43..6.58 rows=107 width=4)
	  Index Cond: ((k >= 3135188) AND (k <= 3135288))

explain: for range-covered :: explain SELECT k FROM sbtest%d WHERE k BETWEEN 2509499 AND 2509599
explain: for range-covered :: explain SELECT k FROM sbtest%d WHERE k BETWEEN 3135188 AND 3135288
for range-covered
table 1 : explain SELECT k FROM sbtest1 WHERE k BETWEEN 4199571 AND 4199671
	Index Only Scan using k_1 on sbtest1  (cost=0.43..10.50 rows=103 width=4)
	  Index Cond: ((k >= 4199571) AND (k <= 4199671))

table 2 : explain SELECT k FROM sbtest2 WHERE k BETWEEN 4199571 AND 4199671
	Index Only Scan using k_2 on sbtest2  (cost=0.43..6.33 rows=95 width=4)
	  Index Cond: ((k >= 4199571) AND (k <= 4199671))

table 3 : explain SELECT k FROM sbtest3 WHERE k BETWEEN 4199571 AND 4199671
	Index Only Scan using k_3 on sbtest3  (cost=0.43..6.67 rows=112 width=4)
	  Index Cond: ((k >= 4199571) AND (k <= 4199671))

table 4 : explain SELECT k FROM sbtest4 WHERE k BETWEEN 4199571 AND 4199671
	Index Only Scan using k_4 on sbtest4  (cost=0.43..10.60 rows=108 width=4)
	  Index Cond: ((k >= 4199571) AND (k <= 4199671))

table 5 : explain SELECT k FROM sbtest5 WHERE k BETWEEN 4199571 AND 4199671
	Index Only Scan using k_5 on sbtest5  (cost=0.43..10.58 rows=107 width=4)
	  Index Cond: ((k >= 4199571) AND (k <= 4199671))

table 6 : explain SELECT k FROM sbtest6 WHERE k BETWEEN 4199571 AND 4199671
	Index Only Scan using k_6 on sbtest6  (cost=0.43..6.45 rows=101 width=4)
	  Index Cond: ((k >= 4199571) AND (k <= 4199671))

table 7 : explain SELECT k FROM sbtest7 WHERE k BETWEEN 4199571 AND 4199671
	Index Only Scan using k_7 on sbtest7  (cost=0.43..6.56 rows=106 width=4)
	  Index Cond: ((k >= 4199571) AND (k <= 4199671))

table 8 : explain SELECT k FROM sbtest8 WHERE k BETWEEN 4199571 AND 4199671
	Index Only Scan using k_8 on sbtest8  (cost=0.43..6.58 rows=107 width=4)
	  Index Cond: ((k >= 4199571) AND (k <= 4199671))

explain: for range-covered :: explain SELECT k FROM sbtest%d WHERE k BETWEEN 4199571 AND 4199671
for range-covered
table 1 : explain SELECT k FROM sbtest1 WHERE k BETWEEN 3934362 AND 3934462
	Index Only Scan using k_1 on sbtest1  (cost=0.43..10.36 rows=96 width=4)
	  Index Cond: ((k >= 3934362) AND (k <= 3934462))

table 2 : explain SELECT k FROM sbtest2 WHERE k BETWEEN 3934362 AND 3934462
	Index Only Scan using k_2 on sbtest2  (cost=0.43..6.61 rows=109 width=4)
	  Index Cond: ((k >= 3934362) AND (k <= 3934462))

table 3 : explain SELECT k FROM sbtest3 WHERE k BETWEEN 3934362 AND 3934462
	Index Only Scan using k_3 on sbtest3  (cost=0.43..6.42 rows=99 width=4)
	  Index Cond: ((k >= 3934362) AND (k <= 3934462))

table 4 : explain SELECT k FROM sbtest4 WHERE k BETWEEN 3934362 AND 3934462
	Index Only Scan using k_4 on sbtest4  (cost=0.43..10.38 rows=97 width=4)
	  Index Cond: ((k >= 3934362) AND (k <= 3934462))

table 5 : explain SELECT k FROM sbtest5 WHERE k BETWEEN 3934362 AND 3934462
	Index Only Scan using k_5 on sbtest5  (cost=0.43..10.58 rows=107 width=4)
	  Index Cond: ((k >= 3934362) AND (k <= 3934462))

table 6 : explain SELECT k FROM sbtest6 WHERE k BETWEEN 3934362 AND 3934462
	Index Only Scan using k_6 on sbtest6  (cost=0.43..6.33 rows=95 width=4)
	  Index Cond: ((k >= 3934362) AND (k <= 3934462))

table 7 : explain SELECT k FROM sbtest7 WHERE k BETWEEN 3934362 AND 3934462
	Index Only Scan using k_7 on sbtest7  (cost=0.43..6.61 rows=109 width=4)
	  Index Cond: ((k >= 3934362) AND (k <= 3934462))

table 8 : explain SELECT k FROM sbtest8 WHERE k BETWEEN 3934362 AND 3934462
	Index Only Scan using k_8 on sbtest8  (cost=0.43..6.40 rows=98 width=4)
	  Index Cond: ((k >= 3934362) AND (k <= 3934462))

for range-covered
table 1 : explain SELECT k FROM sbtest1 WHERE k BETWEEN 5965394 AND 5965494
	Index Only Scan using k_1 on sbtest1  (cost=0.43..10.32 rows=94 width=4)
	  Index Cond: ((k >= 5965394) AND (k <= 5965494))

table 2 : explain SELECT k FROM sbtest2 WHERE k BETWEEN 5965394 AND 5965494
	Index Only Scan using k_2 on sbtest2  (cost=0.43..6.56 rows=106 width=4)
	  Index Cond: ((k >= 5965394) AND (k <= 5965494))

table 3 : explain SELECT k FROM sbtest3 WHERE k BETWEEN 5965394 AND 5965494
	Index Only Scan using k_3 on sbtest3  (cost=0.43..6.75 rows=116 width=4)
	  Index Cond: ((k >= 5965394) AND (k <= 5965494))

table 4 : explain SELECT k FROM sbtest4 WHERE k BETWEEN 5965394 AND 5965494
	Index Only Scan using k_4 on sbtest4  (cost=0.43..10.54 rows=105 width=4)
	  Index Cond: ((k >= 5965394) AND (k <= 5965494))

table 5 : explain SELECT k FROM sbtest5 WHERE k BETWEEN 5965394 AND 5965494
	Index Only Scan using k_5 on sbtest5  (cost=0.43..10.50 rows=103 width=4)
	  Index Cond: ((k >= 5965394) AND (k <= 5965494))

table 6 : explain SELECT k FROM sbtest6 WHERE k BETWEEN 5965394 AND 5965494
	Index Only Scan using k_6 on sbtest6  (cost=0.43..6.42 rows=99 width=4)
	  Index Cond: ((k >= 5965394) AND (k <= 5965494))

table 7 : explain SELECT k FROM sbtest7 WHERE k BETWEEN 5965394 AND 5965494
	Index Only Scan using k_7 on sbtest7  (cost=0.43..6.37 rows=97 width=4)
	  Index Cond: ((k >= 5965394) AND (k <= 5965494))

table 8 : explain SELECT k FROM sbtest8 WHERE k BETWEEN 5965394 AND 5965494
	Index Only Scan using k_8 on sbtest8  (cost=0.43..6.58 rows=107 width=4)
	  Index Cond: ((k >= 5965394) AND (k <= 5965494))

for range-covered
table 1 : explain SELECT k FROM sbtest1 WHERE k BETWEEN 3966307 AND 3966407
	Index Only Scan using k_1 on sbtest1  (cost=0.43..10.36 rows=96 width=4)
	  Index Cond: ((k >= 3966307) AND (k <= 3966407))

table 2 : explain SELECT k FROM sbtest2 WHERE k BETWEEN 3966307 AND 3966407
	Index Only Scan using k_2 on sbtest2  (cost=0.43..6.37 rows=97 width=4)
	  Index Cond: ((k >= 3966307) AND (k <= 3966407))

table 3 : explain SELECT k FROM sbtest3 WHERE k BETWEEN 3966307 AND 3966407
	Index Only Scan using k_3 on sbtest3  (cost=0.43..6.42 rows=99 width=4)
	  Index Cond: ((k >= 3966307) AND (k <= 3966407))

table 4 : explain SELECT k FROM sbtest4 WHERE k BETWEEN 3966307 AND 3966407
	Index Only Scan using k_4 on sbtest4  (cost=0.43..10.38 rows=97 width=4)
	  Index Cond: ((k >= 3966307) AND (k <= 3966407))

table 5 : explain SELECT k FROM sbtest5 WHERE k BETWEEN 3966307 AND 3966407
	Index Only Scan using k_5 on sbtest5  (cost=0.43..10.58 rows=107 width=4)
	  Index Cond: ((k >= 3966307) AND (k <= 3966407))

table 6 : explain SELECT k FROM sbtest6 WHERE k BETWEEN 3966307 AND 3966407
	Index Only Scan using k_6 on sbtest6  (cost=0.43..6.33 rows=95 width=4)
	  Index Cond: ((k >= 3966307) AND (k <= 3966407))

table 7 : explain SELECT k FROM sbtest7 WHERE k BETWEEN 3966307 AND 3966407
	Index Only Scan using k_7 on sbtest7  (cost=0.43..6.61 rows=109 width=4)
	  Index Cond: ((k >= 3966307) AND (k <= 3966407))

table 8 : explain SELECT k FROM sbtest8 WHERE k BETWEEN 3966307 AND 3966407
	Index Only Scan using k_8 on sbtest8  (cost=0.43..6.40 rows=98 width=4)
	  Index Cond: ((k >= 3966307) AND (k <= 3966407))

for range-covered
table 1 : explain SELECT k FROM sbtest1 WHERE k BETWEEN 4862992 AND 4863092
	Index Only Scan using k_1 on sbtest1  (cost=0.43..10.46 rows=101 width=4)
	  Index Cond: ((k >= 4862992) AND (k <= 4863092))

table 2 : explain SELECT k FROM sbtest2 WHERE k BETWEEN 4862992 AND 4863092
	Index Only Scan using k_2 on sbtest2  (cost=0.43..6.40 rows=98 width=4)
	  Index Cond: ((k >= 4862992) AND (k <= 4863092))

table 3 : explain SELECT k FROM sbtest3 WHERE k BETWEEN 4862992 AND 4863092
	Index Only Scan using k_3 on sbtest3  (cost=0.43..6.27 rows=92 width=4)
	  Index Cond: ((k >= 4862992) AND (k <= 4863092))

table 4 : explain SELECT k FROM sbtest4 WHERE k BETWEEN 4862992 AND 4863092
	Index Only Scan using k_4 on sbtest4  (cost=0.43..10.54 rows=105 width=4)
	  Index Cond: ((k >= 4862992) AND (k <= 4863092))

table 5 : explain SELECT k FROM sbtest5 WHERE k BETWEEN 4862992 AND 4863092
	Index Only Scan using k_5 on sbtest5  (cost=0.43..10.60 rows=108 width=4)
	  Index Cond: ((k >= 4862992) AND (k <= 4863092))

table 6 : explain SELECT k FROM sbtest6 WHERE k BETWEEN 4862992 AND 4863092
	Index Only Scan using k_6 on sbtest6  (cost=0.43..6.40 rows=98 width=4)
	  Index Cond: ((k >= 4862992) AND (k <= 4863092))

table 7 : explain SELECT k FROM sbtest7 WHERE k BETWEEN 4862992 AND 4863092
	Index Only Scan using k_7 on sbtest7  (cost=0.43..6.56 rows=106 width=4)
	  Index Cond: ((k >= 4862992) AND (k <= 4863092))

table 8 : explain SELECT k FROM sbtest8 WHERE k BETWEEN 4862992 AND 4863092
	Index Only Scan using k_8 on sbtest8  (cost=0.43..6.40 rows=98 width=4)
	  Index Cond: ((k >= 4862992) AND (k <= 4863092))

explain: for range-covered :: explain SELECT k FROM sbtest%d WHERE k BETWEEN 3966307 AND 3966407
explain: for range-covered :: explain SELECT k FROM sbtest%d WHERE k BETWEEN 3934362 AND 3934462
explain: for range-covered :: explain SELECT k FROM sbtest%d WHERE k BETWEEN 4862992 AND 4863092
for range-covered
table 1 : explain SELECT k FROM sbtest1 WHERE k BETWEEN 9347076 AND 9347176
	Index Only Scan using k_1 on sbtest1  (cost=0.43..10.58 rows=107 width=4)
	  Index Cond: ((k >= 9347076) AND (k <= 9347176))

table 2 : explain SELECT k FROM sbtest2 WHERE k BETWEEN 9347076 AND 9347176
	Index Only Scan using k_2 on sbtest2  (cost=0.43..6.51 rows=104 width=4)
	  Index Cond: ((k >= 9347076) AND (k <= 9347176))

table 3 : explain SELECT k FROM sbtest3 WHERE k BETWEEN 9347076 AND 9347176
	Index Only Scan using k_3 on sbtest3  (cost=0.43..6.58 rows=107 width=4)
	  Index Cond: ((k >= 9347076) AND (k <= 9347176))

table 4 : explain SELECT k FROM sbtest4 WHERE k BETWEEN 9347076 AND 9347176
	Index Only Scan using k_4 on sbtest4  (cost=0.43..10.54 rows=105 width=4)
	  Index Cond: ((k >= 9347076) AND (k <= 9347176))

table 5 : explain SELECT k FROM sbtest5 WHERE k BETWEEN 9347076 AND 9347176
	Index Only Scan using k_5 on sbtest5  (cost=0.43..10.72 rows=114 width=4)
	  Index Cond: ((k >= 9347076) AND (k <= 9347176))

table 6 : explain SELECT k FROM sbtest6 WHERE k BETWEEN 9347076 AND 9347176
	Index Only Scan using k_6 on sbtest6  (cost=0.43..6.35 rows=96 width=4)
	  Index Cond: ((k >= 9347076) AND (k <= 9347176))

table 7 : explain SELECT k FROM sbtest7 WHERE k BETWEEN 9347076 AND 9347176
	Index Only Scan using k_7 on sbtest7  (cost=0.43..6.47 rows=102 width=4)
	  Index Cond: ((k >= 9347076) AND (k <= 9347176))

table 8 : explain SELECT k FROM sbtest8 WHERE k BETWEEN 9347076 AND 9347176
	Index Only Scan using k_8 on sbtest8  (cost=0.43..6.61 rows=109 width=4)
	  Index Cond: ((k >= 9347076) AND (k <= 9347176))

for range-covered
table 1 : explain SELECT k FROM sbtest1 WHERE k BETWEEN 2509499 AND 2509599
	Index Only Scan using k_1 on sbtest1  (cost=0.43..10.63 rows=110 width=4)
	  Index Cond: ((k >= 2509499) AND (k <= 2509599))

table 2 : explain SELECT k FROM sbtest2 WHERE k BETWEEN 2509499 AND 2509599
	Index Only Scan using k_2 on sbtest2  (cost=0.43..6.59 rows=108 width=4)
	  Index Cond: ((k >= 2509499) AND (k <= 2509599))

table 3 : explain SELECT k FROM sbtest3 WHERE k BETWEEN 2509499 AND 2509599
	Index Only Scan using k_3 on sbtest3  (cost=0.43..6.40 rows=98 width=4)
	  Index Cond: ((k >= 2509499) AND (k <= 2509599))

table 4 : explain SELECT k FROM sbtest4 WHERE k BETWEEN 2509499 AND 2509599
	Index Only Scan using k_4 on sbtest4  (cost=0.43..10.47 rows=102 width=4)
	  Index Cond: ((k >= 2509499) AND (k <= 2509599))

table 5 : explain SELECT k FROM sbtest5 WHERE k BETWEEN 2509499 AND 2509599
	Index Only Scan using k_5 on sbtest5  (cost=0.43..10.42 rows=99 width=4)
	  Index Cond: ((k >= 2509499) AND (k <= 2509599))

table 6 : explain SELECT k FROM sbtest6 WHERE k BETWEEN 2509499 AND 2509599
	Index Only Scan using k_6 on sbtest6  (cost=0.43..6.47 rows=102 width=4)
	  Index Cond: ((k >= 2509499) AND (k <= 2509599))

table 7 : explain SELECT k FROM sbtest7 WHERE k BETWEEN 2509499 AND 2509599
	Index Only Scan using k_7 on sbtest7  (cost=0.43..6.45 rows=101 width=4)
	  Index Cond: ((k >= 2509499) AND (k <= 2509599))

table 8 : explain SELECT k FROM sbtest8 WHERE k BETWEEN 2509499 AND 2509599
	Index Only Scan using k_8 on sbtest8  (cost=0.43..6.47 rows=102 width=4)
	  Index Cond: ((k >= 2509499) AND (k <= 2509599))

explain: for range-covered :: explain SELECT k FROM sbtest%d WHERE k BETWEEN 9347076 AND 9347176
explain: for range-covered :: explain SELECT k FROM sbtest%d WHERE k BETWEEN 2509499 AND 2509599
for range-covered
table 1 : explain SELECT k FROM sbtest1 WHERE k BETWEEN 3135188 AND 3135288
	Index Only Scan using k_1 on sbtest1  (cost=0.43..10.40 rows=98 width=4)
	  Index Cond: ((k >= 3135188) AND (k <= 3135288))

table 2 : explain SELECT k FROM sbtest2 WHERE k BETWEEN 3135188 AND 3135288
	Index Only Scan using k_2 on sbtest2  (cost=0.43..6.43 rows=100 width=4)
	  Index Cond: ((k >= 3135188) AND (k <= 3135288))

table 3 : explain SELECT k FROM sbtest3 WHERE k BETWEEN 3135188 AND 3135288
	Index Only Scan using k_3 on sbtest3  (cost=0.43..6.33 rows=95 width=4)
	  Index Cond: ((k >= 3135188) AND (k <= 3135288))

table 4 : explain SELECT k FROM sbtest4 WHERE k BETWEEN 3135188 AND 3135288
	Index Only Scan using k_4 on sbtest4  (cost=0.43..10.63 rows=110 width=4)
	  Index Cond: ((k >= 3135188) AND (k <= 3135288))

table 5 : explain SELECT k FROM sbtest5 WHERE k BETWEEN 3135188 AND 3135288
	Index Only Scan using k_5 on sbtest5  (cost=0.43..10.54 rows=105 width=4)
	  Index Cond: ((k >= 3135188) AND (k <= 3135288))

table 6 : explain SELECT k FROM sbtest6 WHERE k BETWEEN 3135188 AND 3135288
	Index Only Scan using k_6 on sbtest6  (cost=0.43..6.58 rows=107 width=4)
	  Index Cond: ((k >= 3135188) AND (k <= 3135288))

table 7 : explain SELECT k FROM sbtest7 WHERE k BETWEEN 3135188 AND 3135288
	Index Only Scan using k_7 on sbtest7  (cost=0.43..6.47 rows=102 width=4)
	  Index Cond: ((k >= 3135188) AND (k <= 3135288))

table 8 : explain SELECT k FROM sbtest8 WHERE k BETWEEN 3135188 AND 3135288
	Index Only Scan using k_8 on sbtest8  (cost=0.43..6.58 rows=107 width=4)
	  Index Cond: ((k >= 3135188) AND (k <= 3135288))

for range-covered
table 1 : explain SELECT k FROM sbtest1 WHERE k BETWEEN 4199571 AND 4199671
	Index Only Scan using k_1 on sbtest1  (cost=0.43..10.50 rows=103 width=4)
	  Index Cond: ((k >= 4199571) AND (k <= 4199671))

table 2 : explain SELECT k FROM sbtest2 WHERE k BETWEEN 4199571 AND 4199671
	Index Only Scan using k_2 on sbtest2  (cost=0.43..6.33 rows=95 width=4)
	  Index Cond: ((k >= 4199571) AND (k <= 4199671))

table 3 : explain SELECT k FROM sbtest3 WHERE k BETWEEN 4199571 AND 4199671
	Index Only Scan using k_3 on sbtest3  (cost=0.43..6.67 rows=112 width=4)
	  Index Cond: ((k >= 4199571) AND (k <= 4199671))

table 4 : explain SELECT k FROM sbtest4 WHERE k BETWEEN 4199571 AND 4199671
	Index Only Scan using k_4 on sbtest4  (cost=0.43..10.60 rows=108 width=4)
	  Index Cond: ((k >= 4199571) AND (k <= 4199671))

table 5 : explain SELECT k FROM sbtest5 WHERE k BETWEEN 4199571 AND 4199671
	Index Only Scan using k_5 on sbtest5  (cost=0.43..10.58 rows=107 width=4)
	  Index Cond: ((k >= 4199571) AND (k <= 4199671))

table 6 : explain SELECT k FROM sbtest6 WHERE k BETWEEN 4199571 AND 4199671
	Index Only Scan using k_6 on sbtest6  (cost=0.43..6.45 rows=101 width=4)
	  Index Cond: ((k >= 4199571) AND (k <= 4199671))

table 7 : explain SELECT k FROM sbtest7 WHERE k BETWEEN 4199571 AND 4199671
	Index Only Scan using k_7 on sbtest7  (cost=0.43..6.56 rows=106 width=4)
	  Index Cond: ((k >= 4199571) AND (k <= 4199671))

table 8 : explain SELECT k FROM sbtest8 WHERE k BETWEEN 4199571 AND 4199671
	Index Only Scan using k_8 on sbtest8  (cost=0.43..6.58 rows=107 width=4)
	  Index Cond: ((k >= 4199571) AND (k <= 4199671))

explain: for range-covered :: explain SELECT k FROM sbtest%d WHERE k BETWEEN 3135188 AND 3135288
explain: for range-covered :: explain SELECT k FROM sbtest%d WHERE k BETWEEN 4199571 AND 4199671
for range-covered
table 1 : explain SELECT k FROM sbtest1 WHERE k BETWEEN 4862992 AND 4863092
	Index Only Scan using k_1 on sbtest1  (cost=0.43..10.46 rows=101 width=4)
	  Index Cond: ((k >= 4862992) AND (k <= 4863092))

table 2 : explain SELECT k FROM sbtest2 WHERE k BETWEEN 4862992 AND 4863092
	Index Only Scan using k_2 on sbtest2  (cost=0.43..6.40 rows=98 width=4)
	  Index Cond: ((k >= 4862992) AND (k <= 4863092))

table 3 : explain SELECT k FROM sbtest3 WHERE k BETWEEN 4862992 AND 4863092
	Index Only Scan using k_3 on sbtest3  (cost=0.43..6.27 rows=92 width=4)
	  Index Cond: ((k >= 4862992) AND (k <= 4863092))

table 4 : explain SELECT k FROM sbtest4 WHERE k BETWEEN 4862992 AND 4863092
	Index Only Scan using k_4 on sbtest4  (cost=0.43..10.54 rows=105 width=4)
	  Index Cond: ((k >= 4862992) AND (k <= 4863092))

table 5 : explain SELECT k FROM sbtest5 WHERE k BETWEEN 4862992 AND 4863092
	Index Only Scan using k_5 on sbtest5  (cost=0.43..10.60 rows=108 width=4)
	  Index Cond: ((k >= 4862992) AND (k <= 4863092))

table 6 : explain SELECT k FROM sbtest6 WHERE k BETWEEN 4862992 AND 4863092
	Index Only Scan using k_6 on sbtest6  (cost=0.43..6.40 rows=98 width=4)
	  Index Cond: ((k >= 4862992) AND (k <= 4863092))

table 7 : explain SELECT k FROM sbtest7 WHERE k BETWEEN 4862992 AND 4863092
	Index Only Scan using k_7 on sbtest7  (cost=0.43..6.56 rows=106 width=4)
	  Index Cond: ((k >= 4862992) AND (k <= 4863092))

table 8 : explain SELECT k FROM sbtest8 WHERE k BETWEEN 4862992 AND 4863092
	Index Only Scan using k_8 on sbtest8  (cost=0.43..6.40 rows=98 width=4)
	  Index Cond: ((k >= 4862992) AND (k <= 4863092))

for range-covered
table 1 : explain SELECT k FROM sbtest1 WHERE k BETWEEN 3934362 AND 3934462
	Index Only Scan using k_1 on sbtest1  (cost=0.43..10.36 rows=96 width=4)
	  Index Cond: ((k >= 3934362) AND (k <= 3934462))

table 2 : explain SELECT k FROM sbtest2 WHERE k BETWEEN 3934362 AND 3934462
	Index Only Scan using k_2 on sbtest2  (cost=0.43..6.61 rows=109 width=4)
	  Index Cond: ((k >= 3934362) AND (k <= 3934462))

table 3 : explain SELECT k FROM sbtest3 WHERE k BETWEEN 3934362 AND 3934462
	Index Only Scan using k_3 on sbtest3  (cost=0.43..6.42 rows=99 width=4)
	  Index Cond: ((k >= 3934362) AND (k <= 3934462))

table 4 : explain SELECT k FROM sbtest4 WHERE k BETWEEN 3934362 AND 3934462
	Index Only Scan using k_4 on sbtest4  (cost=0.43..10.38 rows=97 width=4)
	  Index Cond: ((k >= 3934362) AND (k <= 3934462))

table 5 : explain SELECT k FROM sbtest5 WHERE k BETWEEN 3934362 AND 3934462
	Index Only Scan using k_5 on sbtest5  (cost=0.43..10.58 rows=107 width=4)
	  Index Cond: ((k >= 3934362) AND (k <= 3934462))

table 6 : explain SELECT k FROM sbtest6 WHERE k BETWEEN 3934362 AND 3934462
	Index Only Scan using k_6 on sbtest6  (cost=0.43..6.33 rows=95 width=4)
	  Index Cond: ((k >= 3934362) AND (k <= 3934462))

table 7 : explain SELECT k FROM sbtest7 WHERE k BETWEEN 3934362 AND 3934462
	Index Only Scan using k_7 on sbtest7  (cost=0.43..6.61 rows=109 width=4)
	  Index Cond: ((k >= 3934362) AND (k <= 3934462))

table 8 : explain SELECT k FROM sbtest8 WHERE k BETWEEN 3934362 AND 3934462
	Index Only Scan using k_8 on sbtest8  (cost=0.43..6.40 rows=98 width=4)
	  Index Cond: ((k >= 3934362) AND (k <= 3934462))

explain: for range-covered :: explain SELECT k FROM sbtest%d WHERE k BETWEEN 4862992 AND 4863092
explain: for range-covered :: explain SELECT k FROM sbtest%d WHERE k BETWEEN 3934362 AND 3934462
for range-covered
table 1 : explain SELECT k FROM sbtest1 WHERE k BETWEEN 9347076 AND 9347176
	Index Only Scan using k_1 on sbtest1  (cost=0.43..10.58 rows=107 width=4)
	  Index Cond: ((k >= 9347076) AND (k <= 9347176))

table 2 : explain SELECT k FROM sbtest2 WHERE k BETWEEN 9347076 AND 9347176
	Index Only Scan using k_2 on sbtest2  (cost=0.43..6.51 rows=104 width=4)
	  Index Cond: ((k >= 9347076) AND (k <= 9347176))

table 3 : explain SELECT k FROM sbtest3 WHERE k BETWEEN 9347076 AND 9347176
	Index Only Scan using k_3 on sbtest3  (cost=0.43..6.58 rows=107 width=4)
	  Index Cond: ((k >= 9347076) AND (k <= 9347176))

table 4 : explain SELECT k FROM sbtest4 WHERE k BETWEEN 9347076 AND 9347176
	Index Only Scan using k_4 on sbtest4  (cost=0.43..10.54 rows=105 width=4)
	  Index Cond: ((k >= 9347076) AND (k <= 9347176))

table 5 : explain SELECT k FROM sbtest5 WHERE k BETWEEN 9347076 AND 9347176
	Index Only Scan using k_5 on sbtest5  (cost=0.43..10.72 rows=114 width=4)
	  Index Cond: ((k >= 9347076) AND (k <= 9347176))

table 6 : explain SELECT k FROM sbtest6 WHERE k BETWEEN 9347076 AND 9347176
	Index Only Scan using k_6 on sbtest6  (cost=0.43..6.35 rows=96 width=4)
	  Index Cond: ((k >= 9347076) AND (k <= 9347176))

table 7 : explain SELECT k FROM sbtest7 WHERE k BETWEEN 9347076 AND 9347176
	Index Only Scan using k_7 on sbtest7  (cost=0.43..6.47 rows=102 width=4)
	  Index Cond: ((k >= 9347076) AND (k <= 9347176))

table 8 : explain SELECT k FROM sbtest8 WHERE k BETWEEN 9347076 AND 9347176
	Index Only Scan using k_8 on sbtest8  (cost=0.43..6.61 rows=109 width=4)
	  Index Cond: ((k >= 9347076) AND (k <= 9347176))

for range-covered
table 1 : explain SELECT k FROM sbtest1 WHERE k BETWEEN 3966307 AND 3966407
	Index Only Scan using k_1 on sbtest1  (cost=0.43..10.36 rows=96 width=4)
	  Index Cond: ((k >= 3966307) AND (k <= 3966407))

table 2 : explain SELECT k FROM sbtest2 WHERE k BETWEEN 3966307 AND 3966407
	Index Only Scan using k_2 on sbtest2  (cost=0.43..6.37 rows=97 width=4)
	  Index Cond: ((k >= 3966307) AND (k <= 3966407))

table 3 : explain SELECT k FROM sbtest3 WHERE k BETWEEN 3966307 AND 3966407
	Index Only Scan using k_3 on sbtest3  (cost=0.43..6.42 rows=99 width=4)
	  Index Cond: ((k >= 3966307) AND (k <= 3966407))

table 4 : explain SELECT k FROM sbtest4 WHERE k BETWEEN 3966307 AND 3966407
	Index Only Scan using k_4 on sbtest4  (cost=0.43..10.38 rows=97 width=4)
	  Index Cond: ((k >= 3966307) AND (k <= 3966407))

table 5 : explain SELECT k FROM sbtest5 WHERE k BETWEEN 3966307 AND 3966407
	Index Only Scan using k_5 on sbtest5  (cost=0.43..10.58 rows=107 width=4)
	  Index Cond: ((k >= 3966307) AND (k <= 3966407))

table 6 : explain SELECT k FROM sbtest6 WHERE k BETWEEN 3966307 AND 3966407
	Index Only Scan using k_6 on sbtest6  (cost=0.43..6.33 rows=95 width=4)
	  Index Cond: ((k >= 3966307) AND (k <= 3966407))

table 7 : explain SELECT k FROM sbtest7 WHERE k BETWEEN 3966307 AND 3966407
	Index Only Scan using k_7 on sbtest7  (cost=0.43..6.61 rows=109 width=4)
	  Index Cond: ((k >= 3966307) AND (k <= 3966407))

table 8 : explain SELECT k FROM sbtest8 WHERE k BETWEEN 3966307 AND 3966407
	Index Only Scan using k_8 on sbtest8  (cost=0.43..6.40 rows=98 width=4)
	  Index Cond: ((k >= 3966307) AND (k <= 3966407))

for range-covered
table 1 : explain SELECT k FROM sbtest1 WHERE k BETWEEN 2509499 AND 2509599
	Index Only Scan using k_1 on sbtest1  (cost=0.43..10.63 rows=110 width=4)
	  Index Cond: ((k >= 2509499) AND (k <= 2509599))

table 2 : explain SELECT k FROM sbtest2 WHERE k BETWEEN 2509499 AND 2509599
	Index Only Scan using k_2 on sbtest2  (cost=0.43..6.59 rows=108 width=4)
	  Index Cond: ((k >= 2509499) AND (k <= 2509599))

table 3 : explain SELECT k FROM sbtest3 WHERE k BETWEEN 2509499 AND 2509599
	Index Only Scan using k_3 on sbtest3  (cost=0.43..6.40 rows=98 width=4)
	  Index Cond: ((k >= 2509499) AND (k <= 2509599))

table 4 : explain SELECT k FROM sbtest4 WHERE k BETWEEN 2509499 AND 2509599
	Index Only Scan using k_4 on sbtest4  (cost=0.43..10.47 rows=102 width=4)
	  Index Cond: ((k >= 2509499) AND (k <= 2509599))

table 5 : explain SELECT k FROM sbtest5 WHERE k BETWEEN 2509499 AND 2509599
	Index Only Scan using k_5 on sbtest5  (cost=0.43..10.42 rows=99 width=4)
	  Index Cond: ((k >= 2509499) AND (k <= 2509599))

table 6 : explain SELECT k FROM sbtest6 WHERE k BETWEEN 2509499 AND 2509599
	Index Only Scan using k_6 on sbtest6  (cost=0.43..6.47 rows=102 width=4)
	  Index Cond: ((k >= 2509499) AND (k <= 2509599))

table 7 : explain SELECT k FROM sbtest7 WHERE k BETWEEN 2509499 AND 2509599
	Index Only Scan using k_7 on sbtest7  (cost=0.43..6.45 rows=101 width=4)
	  Index Cond: ((k >= 2509499) AND (k <= 2509599))

table 8 : explain SELECT k FROM sbtest8 WHERE k BETWEEN 2509499 AND 2509599
	Index Only Scan using k_8 on sbtest8  (cost=0.43..6.47 rows=102 width=4)
	  Index Cond: ((k >= 2509499) AND (k <= 2509599))

for range-covered
table 1 : explain SELECT k FROM sbtest1 WHERE k BETWEEN 3135188 AND 3135288
	Index Only Scan using k_1 on sbtest1  (cost=0.43..10.40 rows=98 width=4)
	  Index Cond: ((k >= 3135188) AND (k <= 3135288))

table 2 : explain SELECT k FROM sbtest2 WHERE k BETWEEN 3135188 AND 3135288
	Index Only Scan using k_2 on sbtest2  (cost=0.43..6.43 rows=100 width=4)
	  Index Cond: ((k >= 3135188) AND (k <= 3135288))

table 3 : explain SELECT k FROM sbtest3 WHERE k BETWEEN 3135188 AND 3135288
	Index Only Scan using k_3 on sbtest3  (cost=0.43..6.33 rows=95 width=4)
	  Index Cond: ((k >= 3135188) AND (k <= 3135288))

table 4 : explain SELECT k FROM sbtest4 WHERE k BETWEEN 3135188 AND 3135288
	Index Only Scan using k_4 on sbtest4  (cost=0.43..10.63 rows=110 width=4)
	  Index Cond: ((k >= 3135188) AND (k <= 3135288))

table 5 : explain SELECT k FROM sbtest5 WHERE k BETWEEN 3135188 AND 3135288
	Index Only Scan using k_5 on sbtest5  (cost=0.43..10.54 rows=105 width=4)
	  Index Cond: ((k >= 3135188) AND (k <= 3135288))

table 6 : explain SELECT k FROM sbtest6 WHERE k BETWEEN 3135188 AND 3135288
	Index Only Scan using k_6 on sbtest6  (cost=0.43..6.58 rows=107 width=4)
	  Index Cond: ((k >= 3135188) AND (k <= 3135288))

table 7 : explain SELECT k FROM sbtest7 WHERE k BETWEEN 3135188 AND 3135288
	Index Only Scan using k_7 on sbtest7  (cost=0.43..6.47 rows=102 width=4)
	  Index Cond: ((k >= 3135188) AND (k <= 3135288))

table 8 : explain SELECT k FROM sbtest8 WHERE k BETWEEN 3135188 AND 3135288
	Index Only Scan using k_8 on sbtest8  (cost=0.43..6.58 rows=107 width=4)
	  Index Cond: ((k >= 3135188) AND (k <= 3135288))

explain: for range-covered :: explain SELECT k FROM sbtest%d WHERE k BETWEEN 9347076 AND 9347176
explain: for range-covered :: explain SELECT k FROM sbtest%d WHERE k BETWEEN 2509499 AND 2509599
explain: for range-covered :: explain SELECT k FROM sbtest%d WHERE k BETWEEN 3135188 AND 3135288
explain: for range-covered :: explain SELECT k FROM sbtest%d WHERE k BETWEEN 3966307 AND 3966407
for range-covered
table 1 : explain SELECT k FROM sbtest1 WHERE k BETWEEN 4199571 AND 4199671
	Index Only Scan using k_1 on sbtest1  (cost=0.43..10.50 rows=103 width=4)
	  Index Cond: ((k >= 4199571) AND (k <= 4199671))

table 2 : explain SELECT k FROM sbtest2 WHERE k BETWEEN 4199571 AND 4199671
	Index Only Scan using k_2 on sbtest2  (cost=0.43..6.33 rows=95 width=4)
	  Index Cond: ((k >= 4199571) AND (k <= 4199671))

table 3 : explain SELECT k FROM sbtest3 WHERE k BETWEEN 4199571 AND 4199671
	Index Only Scan using k_3 on sbtest3  (cost=0.43..6.67 rows=112 width=4)
	  Index Cond: ((k >= 4199571) AND (k <= 4199671))

table 4 : explain SELECT k FROM sbtest4 WHERE k BETWEEN 4199571 AND 4199671
	Index Only Scan using k_4 on sbtest4  (cost=0.43..10.60 rows=108 width=4)
	  Index Cond: ((k >= 4199571) AND (k <= 4199671))

table 5 : explain SELECT k FROM sbtest5 WHERE k BETWEEN 4199571 AND 4199671
	Index Only Scan using k_5 on sbtest5  (cost=0.43..10.58 rows=107 width=4)
	  Index Cond: ((k >= 4199571) AND (k <= 4199671))

table 6 : explain SELECT k FROM sbtest6 WHERE k BETWEEN 4199571 AND 4199671
	Index Only Scan using k_6 on sbtest6  (cost=0.43..6.45 rows=101 width=4)
	  Index Cond: ((k >= 4199571) AND (k <= 4199671))

table 7 : explain SELECT k FROM sbtest7 WHERE k BETWEEN 4199571 AND 4199671
	Index Only Scan using k_7 on sbtest7  (cost=0.43..6.56 rows=106 width=4)
	  Index Cond: ((k >= 4199571) AND (k <= 4199671))

table 8 : explain SELECT k FROM sbtest8 WHERE k BETWEEN 4199571 AND 4199671
	Index Only Scan using k_8 on sbtest8  (cost=0.43..6.58 rows=107 width=4)
	  Index Cond: ((k >= 4199571) AND (k <= 4199671))

explain: for range-covered :: explain SELECT k FROM sbtest%d WHERE k BETWEEN 4199571 AND 4199671
for range-covered
table 1 : explain SELECT k FROM sbtest1 WHERE k BETWEEN 4862992 AND 4863092
	Index Only Scan using k_1 on sbtest1  (cost=0.43..10.46 rows=101 width=4)
	  Index Cond: ((k >= 4862992) AND (k <= 4863092))

table 2 : explain SELECT k FROM sbtest2 WHERE k BETWEEN 4862992 AND 4863092
	Index Only Scan using k_2 on sbtest2  (cost=0.43..6.40 rows=98 width=4)
	  Index Cond: ((k >= 4862992) AND (k <= 4863092))

table 3 : explain SELECT k FROM sbtest3 WHERE k BETWEEN 4862992 AND 4863092
	Index Only Scan using k_3 on sbtest3  (cost=0.43..6.27 rows=92 width=4)
	  Index Cond: ((k >= 4862992) AND (k <= 4863092))

table 4 : explain SELECT k FROM sbtest4 WHERE k BETWEEN 4862992 AND 4863092
	Index Only Scan using k_4 on sbtest4  (cost=0.43..10.54 rows=105 width=4)
	  Index Cond: ((k >= 4862992) AND (k <= 4863092))

table 5 : explain SELECT k FROM sbtest5 WHERE k BETWEEN 4862992 AND 4863092
	Index Only Scan using k_5 on sbtest5  (cost=0.43..10.60 rows=108 width=4)
	  Index Cond: ((k >= 4862992) AND (k <= 4863092))

table 6 : explain SELECT k FROM sbtest6 WHERE k BETWEEN 4862992 AND 4863092
	Index Only Scan using k_6 on sbtest6  (cost=0.43..6.40 rows=98 width=4)
	  Index Cond: ((k >= 4862992) AND (k <= 4863092))

table 7 : explain SELECT k FROM sbtest7 WHERE k BETWEEN 4862992 AND 4863092
	Index Only Scan using k_7 on sbtest7  (cost=0.43..6.56 rows=106 width=4)
	  Index Cond: ((k >= 4862992) AND (k <= 4863092))

table 8 : explain SELECT k FROM sbtest8 WHERE k BETWEEN 4862992 AND 4863092
	Index Only Scan using k_8 on sbtest8  (cost=0.43..6.40 rows=98 width=4)
	  Index Cond: ((k >= 4862992) AND (k <= 4863092))

explain: for range-covered :: explain SELECT k FROM sbtest%d WHERE k BETWEEN 4862992 AND 4863092
for range-covered
table 1 : explain SELECT k FROM sbtest1 WHERE k BETWEEN 3934362 AND 3934462
	Index Only Scan using k_1 on sbtest1  (cost=0.43..10.36 rows=96 width=4)
	  Index Cond: ((k >= 3934362) AND (k <= 3934462))

table 2 : explain SELECT k FROM sbtest2 WHERE k BETWEEN 3934362 AND 3934462
	Index Only Scan using k_2 on sbtest2  (cost=0.43..6.61 rows=109 width=4)
	  Index Cond: ((k >= 3934362) AND (k <= 3934462))

table 3 : explain SELECT k FROM sbtest3 WHERE k BETWEEN 3934362 AND 3934462
	Index Only Scan using k_3 on sbtest3  (cost=0.43..6.42 rows=99 width=4)
	  Index Cond: ((k >= 3934362) AND (k <= 3934462))

table 4 : explain SELECT k FROM sbtest4 WHERE k BETWEEN 3934362 AND 3934462
	Index Only Scan using k_4 on sbtest4  (cost=0.43..10.38 rows=97 width=4)
	  Index Cond: ((k >= 3934362) AND (k <= 3934462))

table 5 : explain SELECT k FROM sbtest5 WHERE k BETWEEN 3934362 AND 3934462
	Index Only Scan using k_5 on sbtest5  (cost=0.43..10.58 rows=107 width=4)
	  Index Cond: ((k >= 3934362) AND (k <= 3934462))

table 6 : explain SELECT k FROM sbtest6 WHERE k BETWEEN 3934362 AND 3934462
	Index Only Scan using k_6 on sbtest6  (cost=0.43..6.33 rows=95 width=4)
	  Index Cond: ((k >= 3934362) AND (k <= 3934462))

table 7 : explain SELECT k FROM sbtest7 WHERE k BETWEEN 3934362 AND 3934462
	Index Only Scan using k_7 on sbtest7  (cost=0.43..6.61 rows=109 width=4)
	  Index Cond: ((k >= 3934362) AND (k <= 3934462))

table 8 : explain SELECT k FROM sbtest8 WHERE k BETWEEN 3934362 AND 3934462
	Index Only Scan using k_8 on sbtest8  (cost=0.43..6.40 rows=98 width=4)
	  Index Cond: ((k >= 3934362) AND (k <= 3934462))

explain: for range-covered :: explain SELECT k FROM sbtest%d WHERE k BETWEEN 3934362 AND 3934462
for range-covered
table 1 : explain SELECT k FROM sbtest1 WHERE k BETWEEN 3135188 AND 3135288
	Index Only Scan using k_1 on sbtest1  (cost=0.43..10.40 rows=98 width=4)
	  Index Cond: ((k >= 3135188) AND (k <= 3135288))

table 2 : explain SELECT k FROM sbtest2 WHERE k BETWEEN 3135188 AND 3135288
	Index Only Scan using k_2 on sbtest2  (cost=0.43..6.43 rows=100 width=4)
	  Index Cond: ((k >= 3135188) AND (k <= 3135288))

table 3 : explain SELECT k FROM sbtest3 WHERE k BETWEEN 3135188 AND 3135288
	Index Only Scan using k_3 on sbtest3  (cost=0.43..6.33 rows=95 width=4)
	  Index Cond: ((k >= 3135188) AND (k <= 3135288))

table 4 : explain SELECT k FROM sbtest4 WHERE k BETWEEN 3135188 AND 3135288
	Index Only Scan using k_4 on sbtest4  (cost=0.43..10.63 rows=110 width=4)
	  Index Cond: ((k >= 3135188) AND (k <= 3135288))

table 5 : explain SELECT k FROM sbtest5 WHERE k BETWEEN 3135188 AND 3135288
	Index Only Scan using k_5 on sbtest5  (cost=0.43..10.54 rows=105 width=4)
	  Index Cond: ((k >= 3135188) AND (k <= 3135288))

table 6 : explain SELECT k FROM sbtest6 WHERE k BETWEEN 3135188 AND 3135288
	Index Only Scan using k_6 on sbtest6  (cost=0.43..6.58 rows=107 width=4)
	  Index Cond: ((k >= 3135188) AND (k <= 3135288))

table 7 : explain SELECT k FROM sbtest7 WHERE k BETWEEN 3135188 AND 3135288
	Index Only Scan using k_7 on sbtest7  (cost=0.43..6.47 rows=102 width=4)
	  Index Cond: ((k >= 3135188) AND (k <= 3135288))

table 8 : explain SELECT k FROM sbtest8 WHERE k BETWEEN 3135188 AND 3135288
	Index Only Scan using k_8 on sbtest8  (cost=0.43..6.58 rows=107 width=4)
	  Index Cond: ((k >= 3135188) AND (k <= 3135288))
for range-covered
table 1 : explain SELECT k FROM sbtest1 WHERE k BETWEEN 9347076 AND 9347176
	Index Only Scan using k_1 on sbtest1  (cost=0.43..10.58 rows=107 width=4)
	  Index Cond: ((k >= 9347076) AND (k <= 9347176))

table 2 : explain SELECT k FROM sbtest2 WHERE k BETWEEN 9347076 AND 9347176
	Index Only Scan using k_2 on sbtest2  (cost=0.43..6.51 rows=104 width=4)
	  Index Cond: ((k >= 9347076) AND (k <= 9347176))

table 3 : explain SELECT k FROM sbtest3 WHERE k BETWEEN 9347076 AND 9347176
	Index Only Scan using k_3 on sbtest3  (cost=0.43..6.58 rows=107 width=4)
	  Index Cond: ((k >= 9347076) AND (k <= 9347176))

table 4 : explain SELECT k FROM sbtest4 WHERE k BETWEEN 9347076 AND 9347176
	Index Only Scan using k_4 on sbtest4  (cost=0.43..10.54 rows=105 width=4)
	  Index Cond: ((k >= 9347076) AND (k <= 9347176))

table 5 : explain SELECT k FROM sbtest5 WHERE k BETWEEN 9347076 AND 9347176
	Index Only Scan using k_5 on sbtest5  (cost=0.43..10.72 rows=114 width=4)
	  Index Cond: ((k >= 9347076) AND (k <= 9347176))

table 6 : explain SELECT k FROM sbtest6 WHERE k BETWEEN 9347076 AND 9347176
	Index Only Scan using k_6 on sbtest6  (cost=0.43..6.35 rows=96 width=4)
	  Index Cond: ((k >= 9347076) AND (k <= 9347176))

table 7 : explain SELECT k FROM sbtest7 WHERE k BETWEEN 9347076 AND 9347176
	Index Only Scan using k_7 on sbtest7  (cost=0.43..6.47 rows=102 width=4)
	  Index Cond: ((k >= 9347076) AND (k <= 9347176))

table 8 : explain SELECT k FROM sbtest8 WHERE k BETWEEN 9347076 AND 9347176
	Index Only Scan using k_8 on sbtest8  (cost=0.43..6.61 rows=109 width=4)
	  Index Cond: ((k >= 9347076) AND (k <= 9347176))


for range-covered
table 1 : explain SELECT k FROM sbtest1 WHERE k BETWEEN 2509499 AND 2509599
	Index Only Scan using k_1 on sbtest1  (cost=0.43..10.63 rows=110 width=4)
	  Index Cond: ((k >= 2509499) AND (k <= 2509599))

table 2 : explain SELECT k FROM sbtest2 WHERE k BETWEEN 2509499 AND 2509599
	Index Only Scan using k_2 on sbtest2  (cost=0.43..6.59 rows=108 width=4)
	  Index Cond: ((k >= 2509499) AND (k <= 2509599))

table 3 : explain SELECT k FROM sbtest3 WHERE k BETWEEN 2509499 AND 2509599
	Index Only Scan using k_3 on sbtest3  (cost=0.43..6.40 rows=98 width=4)
	  Index Cond: ((k >= 2509499) AND (k <= 2509599))

table 4 : explain SELECT k FROM sbtest4 WHERE k BETWEEN 2509499 AND 2509599
	Index Only Scan using k_4 on sbtest4  (cost=0.43..10.47 rows=102 width=4)
	  Index Cond: ((k >= 2509499) AND (k <= 2509599))

table 5 : explain SELECT k FROM sbtest5 WHERE k BETWEEN 2509499 AND 2509599
	Index Only Scan using k_5 on sbtest5  (cost=0.43..10.42 rows=99 width=4)
	  Index Cond: ((k >= 2509499) AND (k <= 2509599))

table 6 : explain SELECT k FROM sbtest6 WHERE k BETWEEN 2509499 AND 2509599
	Index Only Scan using k_6 on sbtest6  (cost=0.43..6.47 rows=102 width=4)
	  Index Cond: ((k >= 2509499) AND (k <= 2509599))

table 7 : explain SELECT k FROM sbtest7 WHERE k BETWEEN 2509499 AND 2509599
	Index Only Scan using k_7 on sbtest7  (cost=0.43..6.45 rows=101 width=4)
	  Index Cond: ((k >= 2509499) AND (k <= 2509599))

table 8 : explain SELECT k FROM sbtest8 WHERE k BETWEEN 2509499 AND 2509599
	Index Only Scan using k_8 on sbtest8  (cost=0.43..6.47 rows=102 width=4)
	  Index Cond: ((k >= 2509499) AND (k <= 2509599))

explain: for range-covered :: explain SELECT k FROM sbtest%d WHERE k BETWEEN 2509499 AND 2509599
for range-covered
table 1 : explain SELECT k FROM sbtest1 WHERE k BETWEEN 4199571 AND 4199671
	Index Only Scan using k_1 on sbtest1  (cost=0.43..10.50 rows=103 width=4)
	  Index Cond: ((k >= 4199571) AND (k <= 4199671))

table 2 : explain SELECT k FROM sbtest2 WHERE k BETWEEN 4199571 AND 4199671
	Index Only Scan using k_2 on sbtest2  (cost=0.43..6.33 rows=95 width=4)
	  Index Cond: ((k >= 4199571) AND (k <= 4199671))

table 3 : explain SELECT k FROM sbtest3 WHERE k BETWEEN 4199571 AND 4199671
	Index Only Scan using k_3 on sbtest3  (cost=0.43..6.67 rows=112 width=4)
	  Index Cond: ((k >= 4199571) AND (k <= 4199671))

table 4 : explain SELECT k FROM sbtest4 WHERE k BETWEEN 4199571 AND 4199671
	Index Only Scan using k_4 on sbtest4  (cost=0.43..10.60 rows=108 width=4)
	  Index Cond: ((k >= 4199571) AND (k <= 4199671))

table 5 : explain SELECT k FROM sbtest5 WHERE k BETWEEN 4199571 AND 4199671
	Index Only Scan using k_5 on sbtest5  (cost=0.43..10.58 rows=107 width=4)
	  Index Cond: ((k >= 4199571) AND (k <= 4199671))

table 6 : explain SELECT k FROM sbtest6 WHERE k BETWEEN 4199571 AND 4199671
	Index Only Scan using k_6 on sbtest6  (cost=0.43..6.45 rows=101 width=4)
	  Index Cond: ((k >= 4199571) AND (k <= 4199671))

table 7 : explain SELECT k FROM sbtest7 WHERE k BETWEEN 4199571 AND 4199671
	Index Only Scan using k_7 on sbtest7  (cost=0.43..6.56 rows=106 width=4)
	  Index Cond: ((k >= 4199571) AND (k <= 4199671))

table 8 : explain SELECT k FROM sbtest8 WHERE k BETWEEN 4199571 AND 4199671
	Index Only Scan using k_8 on sbtest8  (cost=0.43..6.58 rows=107 width=4)
	  Index Cond: ((k >= 4199571) AND (k <= 4199671))

explain: for range-covered :: explain SELECT k FROM sbtest%d WHERE k BETWEEN 4199571 AND 4199671
for range-covered
table 1 : explain SELECT k FROM sbtest1 WHERE k BETWEEN 4862992 AND 4863092
	Index Only Scan using k_1 on sbtest1  (cost=0.43..10.46 rows=101 width=4)
	  Index Cond: ((k >= 4862992) AND (k <= 4863092))

table 2 : explain SELECT k FROM sbtest2 WHERE k BETWEEN 4862992 AND 4863092
	Index Only Scan using k_2 on sbtest2  (cost=0.43..6.40 rows=98 width=4)
	  Index Cond: ((k >= 4862992) AND (k <= 4863092))

table 3 : explain SELECT k FROM sbtest3 WHERE k BETWEEN 4862992 AND 4863092
	Index Only Scan using k_3 on sbtest3  (cost=0.43..6.27 rows=92 width=4)
	  Index Cond: ((k >= 4862992) AND (k <= 4863092))

table 4 : explain SELECT k FROM sbtest4 WHERE k BETWEEN 4862992 AND 4863092
	Index Only Scan using k_4 on sbtest4  (cost=0.43..10.54 rows=105 width=4)
	  Index Cond: ((k >= 4862992) AND (k <= 4863092))

table 5 : explain SELECT k FROM sbtest5 WHERE k BETWEEN 4862992 AND 4863092
	Index Only Scan using k_5 on sbtest5  (cost=0.43..10.60 rows=108 width=4)
	  Index Cond: ((k >= 4862992) AND (k <= 4863092))

table 6 : explain SELECT k FROM sbtest6 WHERE k BETWEEN 4862992 AND 4863092
	Index Only Scan using k_6 on sbtest6  (cost=0.43..6.40 rows=98 width=4)
	  Index Cond: ((k >= 4862992) AND (k <= 4863092))

table 7 : explain SELECT k FROM sbtest7 WHERE k BETWEEN 4862992 AND 4863092
	Index Only Scan using k_7 on sbtest7  (cost=0.43..6.56 rows=106 width=4)
	  Index Cond: ((k >= 4862992) AND (k <= 4863092))

table 8 : explain SELECT k FROM sbtest8 WHERE k BETWEEN 4862992 AND 4863092
	Index Only Scan using k_8 on sbtest8  (cost=0.43..6.40 rows=98 width=4)
	  Index Cond: ((k >= 4862992) AND (k <= 4863092))

explain: for range-covered :: explain SELECT k FROM sbtest%d WHERE k BETWEEN 4862992 AND 4863092
for range-covered
table 1 : explain SELECT k FROM sbtest1 WHERE k BETWEEN 3934362 AND 3934462
	Index Only Scan using k_1 on sbtest1  (cost=0.43..10.36 rows=96 width=4)
	  Index Cond: ((k >= 3934362) AND (k <= 3934462))

table 2 : explain SELECT k FROM sbtest2 WHERE k BETWEEN 3934362 AND 3934462
	Index Only Scan using k_2 on sbtest2  (cost=0.43..6.61 rows=109 width=4)
	  Index Cond: ((k >= 3934362) AND (k <= 3934462))

table 3 : explain SELECT k FROM sbtest3 WHERE k BETWEEN 3934362 AND 3934462
	Index Only Scan using k_3 on sbtest3  (cost=0.43..6.42 rows=99 width=4)
	  Index Cond: ((k >= 3934362) AND (k <= 3934462))

table 4 : explain SELECT k FROM sbtest4 WHERE k BETWEEN 3934362 AND 3934462
	Index Only Scan using k_4 on sbtest4  (cost=0.43..10.38 rows=97 width=4)
	  Index Cond: ((k >= 3934362) AND (k <= 3934462))

table 5 : explain SELECT k FROM sbtest5 WHERE k BETWEEN 3934362 AND 3934462
	Index Only Scan using k_5 on sbtest5  (cost=0.43..10.58 rows=107 width=4)
	  Index Cond: ((k >= 3934362) AND (k <= 3934462))

table 6 : explain SELECT k FROM sbtest6 WHERE k BETWEEN 3934362 AND 3934462
	Index Only Scan using k_6 on sbtest6  (cost=0.43..6.33 rows=95 width=4)
	  Index Cond: ((k >= 3934362) AND (k <= 3934462))

table 7 : explain SELECT k FROM sbtest7 WHERE k BETWEEN 3934362 AND 3934462
	Index Only Scan using k_7 on sbtest7  (cost=0.43..6.61 rows=109 width=4)
	  Index Cond: ((k >= 3934362) AND (k <= 3934462))

table 8 : explain SELECT k FROM sbtest8 WHERE k BETWEEN 3934362 AND 3934462
	Index Only Scan using k_8 on sbtest8  (cost=0.43..6.40 rows=98 width=4)
	  Index Cond: ((k >= 3934362) AND (k <= 3934462))

for range-covered
table 1 : explain SELECT k FROM sbtest1 WHERE k BETWEEN 3966307 AND 3966407
	Index Only Scan using k_1 on sbtest1  (cost=0.43..10.36 rows=96 width=4)
	  Index Cond: ((k >= 3966307) AND (k <= 3966407))

table 2 : explain SELECT k FROM sbtest2 WHERE k BETWEEN 3966307 AND 3966407
	Index Only Scan using k_2 on sbtest2  (cost=0.43..6.37 rows=97 width=4)
	  Index Cond: ((k >= 3966307) AND (k <= 3966407))

table 3 : explain SELECT k FROM sbtest3 WHERE k BETWEEN 3966307 AND 3966407
	Index Only Scan using k_3 on sbtest3  (cost=0.43..6.42 rows=99 width=4)
	  Index Cond: ((k >= 3966307) AND (k <= 3966407))

table 4 : explain SELECT k FROM sbtest4 WHERE k BETWEEN 3966307 AND 3966407
	Index Only Scan using k_4 on sbtest4  (cost=0.43..10.38 rows=97 width=4)
	  Index Cond: ((k >= 3966307) AND (k <= 3966407))

table 5 : explain SELECT k FROM sbtest5 WHERE k BETWEEN 3966307 AND 3966407
	Index Only Scan using k_5 on sbtest5  (cost=0.43..10.58 rows=107 width=4)
	  Index Cond: ((k >= 3966307) AND (k <= 3966407))

table 6 : explain SELECT k FROM sbtest6 WHERE k BETWEEN 3966307 AND 3966407
	Index Only Scan using k_6 on sbtest6  (cost=0.43..6.33 rows=95 width=4)
	  Index Cond: ((k >= 3966307) AND (k <= 3966407))

table 7 : explain SELECT k FROM sbtest7 WHERE k BETWEEN 3966307 AND 3966407
	Index Only Scan using k_7 on sbtest7  (cost=0.43..6.61 rows=109 width=4)
	  Index Cond: ((k >= 3966307) AND (k <= 3966407))

table 8 : explain SELECT k FROM sbtest8 WHERE k BETWEEN 3966307 AND 3966407
	Index Only Scan using k_8 on sbtest8  (cost=0.43..6.40 rows=98 width=4)
	  Index Cond: ((k >= 3966307) AND (k <= 3966407))

explain: for range-covered :: explain SELECT k FROM sbtest%d WHERE k BETWEEN 3934362 AND 3934462
explain: for range-covered :: explain SELECT k FROM sbtest%d WHERE k BETWEEN 3966307 AND 3966407
for range-covered
table 1 : explain SELECT k FROM sbtest1 WHERE k BETWEEN 2509499 AND 2509599
	Index Only Scan using k_1 on sbtest1  (cost=0.43..10.63 rows=110 width=4)
	  Index Cond: ((k >= 2509499) AND (k <= 2509599))

table 2 : explain SELECT k FROM sbtest2 WHERE k BETWEEN 2509499 AND 2509599
	Index Only Scan using k_2 on sbtest2  (cost=0.43..6.59 rows=108 width=4)
	  Index Cond: ((k >= 2509499) AND (k <= 2509599))

table 3 : explain SELECT k FROM sbtest3 WHERE k BETWEEN 2509499 AND 2509599
	Index Only Scan using k_3 on sbtest3  (cost=0.43..6.40 rows=98 width=4)
	  Index Cond: ((k >= 2509499) AND (k <= 2509599))

table 4 : explain SELECT k FROM sbtest4 WHERE k BETWEEN 2509499 AND 2509599
	Index Only Scan using k_4 on sbtest4  (cost=0.43..10.47 rows=102 width=4)
	  Index Cond: ((k >= 2509499) AND (k <= 2509599))

table 5 : explain SELECT k FROM sbtest5 WHERE k BETWEEN 2509499 AND 2509599
	Index Only Scan using k_5 on sbtest5  (cost=0.43..10.42 rows=99 width=4)
	  Index Cond: ((k >= 2509499) AND (k <= 2509599))

table 6 : explain SELECT k FROM sbtest6 WHERE k BETWEEN 2509499 AND 2509599
	Index Only Scan using k_6 on sbtest6  (cost=0.43..6.47 rows=102 width=4)
	  Index Cond: ((k >= 2509499) AND (k <= 2509599))

table 7 : explain SELECT k FROM sbtest7 WHERE k BETWEEN 2509499 AND 2509599
	Index Only Scan using k_7 on sbtest7  (cost=0.43..6.45 rows=101 width=4)
	  Index Cond: ((k >= 2509499) AND (k <= 2509599))

table 8 : explain SELECT k FROM sbtest8 WHERE k BETWEEN 2509499 AND 2509599
	Index Only Scan using k_8 on sbtest8  (cost=0.43..6.47 rows=102 width=4)
	  Index Cond: ((k >= 2509499) AND (k <= 2509599))

explain: for range-covered :: explain SELECT k FROM sbtest%d WHERE k BETWEEN 2509499 AND 2509599
for range-covered
table 1 : explain SELECT k FROM sbtest1 WHERE k BETWEEN 4199571 AND 4199671
	Index Only Scan using k_1 on sbtest1  (cost=0.43..10.50 rows=103 width=4)
	  Index Cond: ((k >= 4199571) AND (k <= 4199671))

table 2 : explain SELECT k FROM sbtest2 WHERE k BETWEEN 4199571 AND 4199671
	Index Only Scan using k_2 on sbtest2  (cost=0.43..6.33 rows=95 width=4)
	  Index Cond: ((k >= 4199571) AND (k <= 4199671))

table 3 : explain SELECT k FROM sbtest3 WHERE k BETWEEN 4199571 AND 4199671
	Index Only Scan using k_3 on sbtest3  (cost=0.43..6.67 rows=112 width=4)
	  Index Cond: ((k >= 4199571) AND (k <= 4199671))

table 4 : explain SELECT k FROM sbtest4 WHERE k BETWEEN 4199571 AND 4199671
	Index Only Scan using k_4 on sbtest4  (cost=0.43..10.60 rows=108 width=4)
	  Index Cond: ((k >= 4199571) AND (k <= 4199671))

table 5 : explain SELECT k FROM sbtest5 WHERE k BETWEEN 4199571 AND 4199671
	Index Only Scan using k_5 on sbtest5  (cost=0.43..10.58 rows=107 width=4)
	  Index Cond: ((k >= 4199571) AND (k <= 4199671))

table 6 : explain SELECT k FROM sbtest6 WHERE k BETWEEN 4199571 AND 4199671
	Index Only Scan using k_6 on sbtest6  (cost=0.43..6.45 rows=101 width=4)
	  Index Cond: ((k >= 4199571) AND (k <= 4199671))

table 7 : explain SELECT k FROM sbtest7 WHERE k BETWEEN 4199571 AND 4199671
	Index Only Scan using k_7 on sbtest7  (cost=0.43..6.56 rows=106 width=4)
	  Index Cond: ((k >= 4199571) AND (k <= 4199671))

table 8 : explain SELECT k FROM sbtest8 WHERE k BETWEEN 4199571 AND 4199671
	Index Only Scan using k_8 on sbtest8  (cost=0.43..6.58 rows=107 width=4)
	  Index Cond: ((k >= 4199571) AND (k <= 4199671))

for range-covered
table 1 : explain SELECT k FROM sbtest1 WHERE k BETWEEN 4862992 AND 4863092
	Index Only Scan using k_1 on sbtest1  (cost=0.43..10.46 rows=101 width=4)
	  Index Cond: ((k >= 4862992) AND (k <= 4863092))

table 2 : explain SELECT k FROM sbtest2 WHERE k BETWEEN 4862992 AND 4863092
	Index Only Scan using k_2 on sbtest2  (cost=0.43..6.40 rows=98 width=4)
	  Index Cond: ((k >= 4862992) AND (k <= 4863092))

table 3 : explain SELECT k FROM sbtest3 WHERE k BETWEEN 4862992 AND 4863092
	Index Only Scan using k_3 on sbtest3  (cost=0.43..6.27 rows=92 width=4)
	  Index Cond: ((k >= 4862992) AND (k <= 4863092))

table 4 : explain SELECT k FROM sbtest4 WHERE k BETWEEN 4862992 AND 4863092
	Index Only Scan using k_4 on sbtest4  (cost=0.43..10.54 rows=105 width=4)
	  Index Cond: ((k >= 4862992) AND (k <= 4863092))

table 5 : explain SELECT k FROM sbtest5 WHERE k BETWEEN 4862992 AND 4863092
	Index Only Scan using k_5 on sbtest5  (cost=0.43..10.60 rows=108 width=4)
	  Index Cond: ((k >= 4862992) AND (k <= 4863092))

table 6 : explain SELECT k FROM sbtest6 WHERE k BETWEEN 4862992 AND 4863092
	Index Only Scan using k_6 on sbtest6  (cost=0.43..6.40 rows=98 width=4)
	  Index Cond: ((k >= 4862992) AND (k <= 4863092))

table 7 : explain SELECT k FROM sbtest7 WHERE k BETWEEN 4862992 AND 4863092
	Index Only Scan using k_7 on sbtest7  (cost=0.43..6.56 rows=106 width=4)
	  Index Cond: ((k >= 4862992) AND (k <= 4863092))

table 8 : explain SELECT k FROM sbtest8 WHERE k BETWEEN 4862992 AND 4863092
	Index Only Scan using k_8 on sbtest8  (cost=0.43..6.40 rows=98 width=4)
	  Index Cond: ((k >= 4862992) AND (k <= 4863092))

explain: for range-covered :: explain SELECT k FROM sbtest%d WHERE k BETWEEN 4862992 AND 4863092
for range-covered
table 1 : explain SELECT k FROM sbtest1 WHERE k BETWEEN 3966307 AND 3966407
	Index Only Scan using k_1 on sbtest1  (cost=0.43..10.36 rows=96 width=4)
	  Index Cond: ((k >= 3966307) AND (k <= 3966407))

table 2 : explain SELECT k FROM sbtest2 WHERE k BETWEEN 3966307 AND 3966407
	Index Only Scan using k_2 on sbtest2  (cost=0.43..6.37 rows=97 width=4)
	  Index Cond: ((k >= 3966307) AND (k <= 3966407))

table 3 : explain SELECT k FROM sbtest3 WHERE k BETWEEN 3966307 AND 3966407
	Index Only Scan using k_3 on sbtest3  (cost=0.43..6.42 rows=99 width=4)
	  Index Cond: ((k >= 3966307) AND (k <= 3966407))

table 4 : explain SELECT k FROM sbtest4 WHERE k BETWEEN 3966307 AND 3966407
	Index Only Scan using k_4 on sbtest4  (cost=0.43..10.38 rows=97 width=4)
	  Index Cond: ((k >= 3966307) AND (k <= 3966407))

table 5 : explain SELECT k FROM sbtest5 WHERE k BETWEEN 3966307 AND 3966407
	Index Only Scan using k_5 on sbtest5  (cost=0.43..10.58 rows=107 width=4)
	  Index Cond: ((k >= 3966307) AND (k <= 3966407))

table 6 : explain SELECT k FROM sbtest6 WHERE k BETWEEN 3966307 AND 3966407
	Index Only Scan using k_6 on sbtest6  (cost=0.43..6.33 rows=95 width=4)
	  Index Cond: ((k >= 3966307) AND (k <= 3966407))

table 7 : explain SELECT k FROM sbtest7 WHERE k BETWEEN 3966307 AND 3966407
	Index Only Scan using k_7 on sbtest7  (cost=0.43..6.61 rows=109 width=4)
	  Index Cond: ((k >= 3966307) AND (k <= 3966407))

table 8 : explain SELECT k FROM sbtest8 WHERE k BETWEEN 3966307 AND 3966407
	Index Only Scan using k_8 on sbtest8  (cost=0.43..6.40 rows=98 width=4)
	  Index Cond: ((k >= 3966307) AND (k <= 3966407))

for range-covered
table 1 : explain SELECT k FROM sbtest1 WHERE k BETWEEN 3934362 AND 3934462
	Index Only Scan using k_1 on sbtest1  (cost=0.43..10.36 rows=96 width=4)
	  Index Cond: ((k >= 3934362) AND (k <= 3934462))

table 2 : explain SELECT k FROM sbtest2 WHERE k BETWEEN 3934362 AND 3934462
	Index Only Scan using k_2 on sbtest2  (cost=0.43..6.61 rows=109 width=4)
	  Index Cond: ((k >= 3934362) AND (k <= 3934462))

table 3 : explain SELECT k FROM sbtest3 WHERE k BETWEEN 3934362 AND 3934462
	Index Only Scan using k_3 on sbtest3  (cost=0.43..6.42 rows=99 width=4)
	  Index Cond: ((k >= 3934362) AND (k <= 3934462))

table 4 : explain SELECT k FROM sbtest4 WHERE k BETWEEN 3934362 AND 3934462
	Index Only Scan using k_4 on sbtest4  (cost=0.43..10.38 rows=97 width=4)
	  Index Cond: ((k >= 3934362) AND (k <= 3934462))

table 5 : explain SELECT k FROM sbtest5 WHERE k BETWEEN 3934362 AND 3934462
	Index Only Scan using k_5 on sbtest5  (cost=0.43..10.58 rows=107 width=4)
	  Index Cond: ((k >= 3934362) AND (k <= 3934462))

table 6 : explain SELECT k FROM sbtest6 WHERE k BETWEEN 3934362 AND 3934462
	Index Only Scan using k_6 on sbtest6  (cost=0.43..6.33 rows=95 width=4)
	  Index Cond: ((k >= 3934362) AND (k <= 3934462))

table 7 : explain SELECT k FROM sbtest7 WHERE k BETWEEN 3934362 AND 3934462
	Index Only Scan using k_7 on sbtest7  (cost=0.43..6.61 rows=109 width=4)
	  Index Cond: ((k >= 3934362) AND (k <= 3934462))

table 8 : explain SELECT k FROM sbtest8 WHERE k BETWEEN 3934362 AND 3934462
	Index Only Scan using k_8 on sbtest8  (cost=0.43..6.40 rows=98 width=4)
	  Index Cond: ((k >= 3934362) AND (k <= 3934462))

explain: for range-covered :: explain SELECT k FROM sbtest%d WHERE k BETWEEN 3966307 AND 3966407
for range-covered
table 1 : explain SELECT k FROM sbtest1 WHERE k BETWEEN 2509499 AND 2509599
	Index Only Scan using k_1 on sbtest1  (cost=0.43..10.63 rows=110 width=4)
	  Index Cond: ((k >= 2509499) AND (k <= 2509599))

table 2 : explain SELECT k FROM sbtest2 WHERE k BETWEEN 2509499 AND 2509599
	Index Only Scan using k_2 on sbtest2  (cost=0.43..6.59 rows=108 width=4)
	  Index Cond: ((k >= 2509499) AND (k <= 2509599))

table 3 : explain SELECT k FROM sbtest3 WHERE k BETWEEN 2509499 AND 2509599
	Index Only Scan using k_3 on sbtest3  (cost=0.43..6.40 rows=98 width=4)
	  Index Cond: ((k >= 2509499) AND (k <= 2509599))

table 4 : explain SELECT k FROM sbtest4 WHERE k BETWEEN 2509499 AND 2509599
	Index Only Scan using k_4 on sbtest4  (cost=0.43..10.47 rows=102 width=4)
	  Index Cond: ((k >= 2509499) AND (k <= 2509599))

table 5 : explain SELECT k FROM sbtest5 WHERE k BETWEEN 2509499 AND 2509599
	Index Only Scan using k_5 on sbtest5  (cost=0.43..10.42 rows=99 width=4)
	  Index Cond: ((k >= 2509499) AND (k <= 2509599))

table 6 : explain SELECT k FROM sbtest6 WHERE k BETWEEN 2509499 AND 2509599
	Index Only Scan using k_6 on sbtest6  (cost=0.43..6.47 rows=102 width=4)
	  Index Cond: ((k >= 2509499) AND (k <= 2509599))

table 7 : explain SELECT k FROM sbtest7 WHERE k BETWEEN 2509499 AND 2509599
	Index Only Scan using k_7 on sbtest7  (cost=0.43..6.45 rows=101 width=4)
	  Index Cond: ((k >= 2509499) AND (k <= 2509599))

table 8 : explain SELECT k FROM sbtest8 WHERE k BETWEEN 2509499 AND 2509599
	Index Only Scan using k_8 on sbtest8  (cost=0.43..6.47 rows=102 width=4)
	  Index Cond: ((k >= 2509499) AND (k <= 2509599))

for range-covered
table 1 : explain SELECT k FROM sbtest1 WHERE k BETWEEN 4862992 AND 4863092
	Index Only Scan using k_1 on sbtest1  (cost=0.43..10.46 rows=101 width=4)
	  Index Cond: ((k >= 4862992) AND (k <= 4863092))

table 2 : explain SELECT k FROM sbtest2 WHERE k BETWEEN 4862992 AND 4863092
	Index Only Scan using k_2 on sbtest2  (cost=0.43..6.40 rows=98 width=4)
	  Index Cond: ((k >= 4862992) AND (k <= 4863092))

table 3 : explain SELECT k FROM sbtest3 WHERE k BETWEEN 4862992 AND 4863092
	Index Only Scan using k_3 on sbtest3  (cost=0.43..6.27 rows=92 width=4)
	  Index Cond: ((k >= 4862992) AND (k <= 4863092))

table 4 : explain SELECT k FROM sbtest4 WHERE k BETWEEN 4862992 AND 4863092
	Index Only Scan using k_4 on sbtest4  (cost=0.43..10.54 rows=105 width=4)
	  Index Cond: ((k >= 4862992) AND (k <= 4863092))

table 5 : explain SELECT k FROM sbtest5 WHERE k BETWEEN 4862992 AND 4863092
	Index Only Scan using k_5 on sbtest5  (cost=0.43..10.60 rows=108 width=4)
	  Index Cond: ((k >= 4862992) AND (k <= 4863092))

table 6 : explain SELECT k FROM sbtest6 WHERE k BETWEEN 4862992 AND 4863092
	Index Only Scan using k_6 on sbtest6  (cost=0.43..6.40 rows=98 width=4)
	  Index Cond: ((k >= 4862992) AND (k <= 4863092))

table 7 : explain SELECT k FROM sbtest7 WHERE k BETWEEN 4862992 AND 4863092
	Index Only Scan using k_7 on sbtest7  (cost=0.43..6.56 rows=106 width=4)
	  Index Cond: ((k >= 4862992) AND (k <= 4863092))

table 8 : explain SELECT k FROM sbtest8 WHERE k BETWEEN 4862992 AND 4863092
	Index Only Scan using k_8 on sbtest8  (cost=0.43..6.40 rows=98 width=4)
	  Index Cond: ((k >= 4862992) AND (k <= 4863092))
explain: for range-covered :: explain SELECT k FROM sbtest%d WHERE k BETWEEN 2509499 AND 2509599

for range-covered
table 1 : explain SELECT k FROM sbtest1 WHERE k BETWEEN 3966307 AND 3966407
	Index Only Scan using k_1 on sbtest1  (cost=0.43..10.36 rows=96 width=4)
	  Index Cond: ((k >= 3966307) AND (k <= 3966407))

table 2 : explain SELECT k FROM sbtest2 WHERE k BETWEEN 3966307 AND 3966407
	Index Only Scan using k_2 on sbtest2  (cost=0.43..6.37 rows=97 width=4)
	  Index Cond: ((k >= 3966307) AND (k <= 3966407))

table 3 : explain SELECT k FROM sbtest3 WHERE k BETWEEN 3966307 AND 3966407
	Index Only Scan using k_3 on sbtest3  (cost=0.43..6.42 rows=99 width=4)
	  Index Cond: ((k >= 3966307) AND (k <= 3966407))

table 4 : explain SELECT k FROM sbtest4 WHERE k BETWEEN 3966307 AND 3966407
	Index Only Scan using k_4 on sbtest4  (cost=0.43..10.38 rows=97 width=4)
	  Index Cond: ((k >= 3966307) AND (k <= 3966407))

table 5 : explain SELECT k FROM sbtest5 WHERE k BETWEEN 3966307 AND 3966407
	Index Only Scan using k_5 on sbtest5  (cost=0.43..10.58 rows=107 width=4)
	  Index Cond: ((k >= 3966307) AND (k <= 3966407))

table 6 : explain SELECT k FROM sbtest6 WHERE k BETWEEN 3966307 AND 3966407
	Index Only Scan using k_6 on sbtest6  (cost=0.43..6.33 rows=95 width=4)
	  Index Cond: ((k >= 3966307) AND (k <= 3966407))

table 7 : explain SELECT k FROM sbtest7 WHERE k BETWEEN 3966307 AND 3966407
	Index Only Scan using k_7 on sbtest7  (cost=0.43..6.61 rows=109 width=4)
	  Index Cond: ((k >= 3966307) AND (k <= 3966407))

table 8 : explain SELECT k FROM sbtest8 WHERE k BETWEEN 3966307 AND 3966407
	Index Only Scan using k_8 on sbtest8  (cost=0.43..6.40 rows=98 width=4)
	  Index Cond: ((k >= 3966307) AND (k <= 3966407))

for range-covered
table 1 : explain SELECT k FROM sbtest1 WHERE k BETWEEN 2509499 AND 2509599
	Index Only Scan using k_1 on sbtest1  (cost=0.43..10.63 rows=110 width=4)
	  Index Cond: ((k >= 2509499) AND (k <= 2509599))

table 2 : explain SELECT k FROM sbtest2 WHERE k BETWEEN 2509499 AND 2509599
	Index Only Scan using k_2 on sbtest2  (cost=0.43..6.59 rows=108 width=4)
	  Index Cond: ((k >= 2509499) AND (k <= 2509599))

table 3 : explain SELECT k FROM sbtest3 WHERE k BETWEEN 2509499 AND 2509599
	Index Only Scan using k_3 on sbtest3  (cost=0.43..6.40 rows=98 width=4)
	  Index Cond: ((k >= 2509499) AND (k <= 2509599))

table 4 : explain SELECT k FROM sbtest4 WHERE k BETWEEN 2509499 AND 2509599
	Index Only Scan using k_4 on sbtest4  (cost=0.43..10.47 rows=102 width=4)
	  Index Cond: ((k >= 2509499) AND (k <= 2509599))

table 5 : explain SELECT k FROM sbtest5 WHERE k BETWEEN 2509499 AND 2509599
	Index Only Scan using k_5 on sbtest5  (cost=0.43..10.42 rows=99 width=4)
	  Index Cond: ((k >= 2509499) AND (k <= 2509599))

table 6 : explain SELECT k FROM sbtest6 WHERE k BETWEEN 2509499 AND 2509599
	Index Only Scan using k_6 on sbtest6  (cost=0.43..6.47 rows=102 width=4)
	  Index Cond: ((k >= 2509499) AND (k <= 2509599))

table 7 : explain SELECT k FROM sbtest7 WHERE k BETWEEN 2509499 AND 2509599
	Index Only Scan using k_7 on sbtest7  (cost=0.43..6.45 rows=101 width=4)
	  Index Cond: ((k >= 2509499) AND (k <= 2509599))

table 8 : explain SELECT k FROM sbtest8 WHERE k BETWEEN 2509499 AND 2509599
	Index Only Scan using k_8 on sbtest8  (cost=0.43..6.47 rows=102 width=4)
	  Index Cond: ((k >= 2509499) AND (k <= 2509599))

Threads started!

Warming up for 5 seconds...

SQL statistics:
    queries performed:
        read:                            246593147
        write:                           0
        other:                           0
        total:                           246593147
    transactions:                        246593147 (391413.92 per sec.)
    queries:                             246593147 (391413.92 per sec.)
    ignored errors:                      0      (0.00 per sec.)
    reconnects:                          0      (0.00 per sec.)

Throughput:
    events/s (eps):                      391413.9235
    time elapsed:                        630.0062s
    total number of events:              246593147

Latency (ms):
         min:                                    0.06
         avg:                                    0.10
         max:                                   24.11
         95th percentile:                        0.12
         sum:                             25119722.16

Threads fairness:
    events (avg/stddev):           6164822.7750/27112.68
    execution time (avg/stddev):   627.9931/0.07

