LUA_PATH=/home/mdcallag/git/mytools/bench/sysbench.lua/lua/?.lua /home/mdcallag/git/mytools/bench/sysbench.lua/lua/sysbench --db-driver=pgsql --range-size=1000 --table-size=10000000 --tables=8 --threads=40 --events=0 --warmup-time=5 --time=630 --pgsql_conn_id=true /home/mdcallag/git/mytools/bench/sysbench.lua/lua/oltp_read_only.lua run --pgsql-user=root --pgsql-password=pw --pgsql-host=127.0.0.1 --pgsql-db=ib --rand-type=uniform --simple-ranges=0 --sum-ranges=0 --order-ranges=0 --distinct-ranges=1
48 CPUs
sysbench 1.1.0-9072687 (using bundled LuaJIT 2.1.0-beta3)

Running the test with following options:
Number of threads: 40
Warmup time: 5s
Initializing random number generator from current time


Initializing worker threads...

explain: for point_selects :: explain SELECT c FROM sbtest%u WHERE id=%u
explain: for point_selects :: explain SELECT c FROM sbtest%u WHERE id=%u
explain: for point_selects :: explain SELECT c FROM sbtest%u WHERE id=%u
explain: for point_selects :: explain SELECT c FROM sbtest%u WHERE id=%u
explain: for point_selects :: explain SELECT c FROM sbtest%u WHERE id=%u
for point_selects
table 1 : explain SELECT c FROM sbtest1 WHERE id=494341
	Index Scan using sbtest1_pkey on sbtest1  (cost=0.43..8.45 rows=1 width=121)
	  Index Cond: (id = 494341)

table 2 : explain SELECT c FROM sbtest2 WHERE id=6587794
	Index Scan using sbtest2_pkey on sbtest2  (cost=0.43..8.45 rows=1 width=121)
	  Index Cond: (id = 6587794)

table 3 : explain SELECT c FROM sbtest3 WHERE id=8607667
	Index Scan using sbtest3_pkey on sbtest3  (cost=0.43..8.45 rows=1 width=121)
	  Index Cond: (id = 8607667)

table 4 : explain SELECT c FROM sbtest4 WHERE id=1450969
	Index Scan using sbtest4_pkey on sbtest4  (cost=0.43..8.45 rows=1 width=121)
	  Index Cond: (id = 1450969)

table 5 : explain SELECT c FROM sbtest5 WHERE id=9465770
	Index Scan using sbtest5_pkey on sbtest5  (cost=0.43..8.45 rows=1 width=121)
	  Index Cond: (id = 9465770)

table 6 : explain SELECT c FROM sbtest6 WHERE id=2997240
	Index Scan using sbtest6_pkey on sbtest6  (cost=0.43..8.45 rows=1 width=121)
	  Index Cond: (id = 2997240)

table 7 : explain SELECT c FROM sbtest7 WHERE id=5221066
	Index Scan using sbtest7_pkey on sbtest7  (cost=0.43..8.45 rows=1 width=121)
	  Index Cond: (id = 5221066)

table 8 : explain SELECT c FROM sbtest8 WHERE id=4423366
	Index Scan using sbtest8_pkey on sbtest8  (cost=0.43..8.45 rows=1 width=121)
	  Index Cond: (id = 4423366)

for point_selects
table 1 : explain SELECT c FROM sbtest1 WHERE id=8204309
	Index Scan using sbtest1_pkey on sbtest1  (cost=0.43..8.45 rows=1 width=121)
	  Index Cond: (id = 8204309)

table 2 : explain SELECT c FROM sbtest2 WHERE id=7331962
	Index Scan using sbtest2_pkey on sbtest2  (cost=0.43..8.45 rows=1 width=121)
	  Index Cond: (id = 7331962)

table 3 : explain SELECT c FROM sbtest3 WHERE id=6207336
	Index Scan using sbtest3_pkey on sbtest3  (cost=0.43..8.45 rows=1 width=121)
	  Index Cond: (id = 6207336)

table 4 : explain SELECT c FROM sbtest4 WHERE id=8788942
	Index Scan using sbtest4_pkey on sbtest4  (cost=0.43..8.45 rows=1 width=121)
	  Index Cond: (id = 8788942)

table 5 : explain SELECT c FROM sbtest5 WHERE id=4584820
	Index Scan using sbtest5_pkey on sbtest5  (cost=0.43..8.45 rows=1 width=121)
	  Index Cond: (id = 4584820)

table 6 : explain SELECT c FROM sbtest6 WHERE id=2944852
	Index Scan using sbtest6_pkey on sbtest6  (cost=0.43..8.45 rows=1 width=121)
	  Index Cond: (id = 2944852)

table 7 : explain SELECT c FROM sbtest7 WHERE id=7984733
	Index Scan using sbtest7_pkey on sbtest7  (cost=0.43..8.45 rows=1 width=121)
	  Index Cond: (id = 7984733)

table 8 : explain SELECT c FROM sbtest8 WHERE id=9126290
	Index Scan using sbtest8_pkey on sbtest8  (cost=0.43..8.45 rows=1 width=121)
	  Index Cond: (id = 9126290)

explain: for point_selects :: explain SELECT c FROM sbtest%u WHERE id=%u
for point_selects
table 1 : explain SELECT c FROM sbtest1 WHERE id=1950368
	Index Scan using sbtest1_pkey on sbtest1  (cost=0.43..8.45 rows=1 width=121)
	  Index Cond: (id = 1950368)

table 2 : explain SELECT c FROM sbtest2 WHERE id=4780318
	Index Scan using sbtest2_pkey on sbtest2  (cost=0.43..8.45 rows=1 width=121)
	  Index Cond: (id = 4780318)

table 3 : explain SELECT c FROM sbtest3 WHERE id=2764797
	Index Scan using sbtest3_pkey on sbtest3  (cost=0.43..8.45 rows=1 width=121)
	  Index Cond: (id = 2764797)

table 4 : explain SELECT c FROM sbtest4 WHERE id=7941757
	Index Scan using sbtest4_pkey on sbtest4  (cost=0.43..8.45 rows=1 width=121)
	  Index Cond: (id = 7941757)

table 5 : explain SELECT c FROM sbtest5 WHERE id=441245
	Index Scan using sbtest5_pkey on sbtest5  (cost=0.43..8.45 rows=1 width=121)
	  Index Cond: (id = 441245)

table 6 : explain SELECT c FROM sbtest6 WHERE id=9646982
	Index Scan using sbtest6_pkey on sbtest6  (cost=0.43..8.45 rows=1 width=121)
	  Index Cond: (id = 9646982)

table 7 : explain SELECT c FROM sbtest7 WHERE id=108832
	Index Scan using sbtest7_pkey on sbtest7  (cost=0.43..8.45 rows=1 width=121)
	  Index Cond: (id = 108832)

table 8 : explain SELECT c FROM sbtest8 WHERE id=3649857
	Index Scan using sbtest8_pkey on sbtest8  (cost=0.43..8.45 rows=1 width=121)
	  Index Cond: (id = 3649857)

for point_selects
table 1 : explain SELECT c FROM sbtest1 WHERE id=2120252
	Index Scan using sbtest1_pkey on sbtest1  (cost=0.43..8.45 rows=1 width=121)
	  Index Cond: (id = 2120252)

table 2 : explain SELECT c FROM sbtest2 WHERE id=5356694
	Index Scan using sbtest2_pkey on sbtest2  (cost=0.43..8.45 rows=1 width=121)
	  Index Cond: (id = 5356694)

table 3 : explain SELECT c FROM sbtest3 WHERE id=3871587
	Index Scan using sbtest3_pkey on sbtest3  (cost=0.43..8.45 rows=1 width=121)
	  Index Cond: (id = 3871587)

table 4 : explain SELECT c FROM sbtest4 WHERE id=9980390
	Index Scan using sbtest4_pkey on sbtest4  (cost=0.43..8.45 rows=1 width=121)
	  Index Cond: (id = 9980390)

table 5 : explain SELECT c FROM sbtest5 WHERE id=3524732
	Index Scan using sbtest5_pkey on sbtest5  (cost=0.43..8.45 rows=1 width=121)
	  Index Cond: (id = 3524732)

table 6 : explain SELECT c FROM sbtest6 WHERE id=5570499
	Index Scan using sbtest6_pkey on sbtest6  (cost=0.43..8.45 rows=1 width=121)
	  Index Cond: (id = 5570499)

table 7 : explain SELECT c FROM sbtest7 WHERE id=6602311
	Index Scan using sbtest7_pkey on sbtest7  (cost=0.43..8.45 rows=1 width=121)
	  Index Cond: (id = 6602311)

table 8 : explain SELECT c FROM sbtest8 WHERE id=1078279
	Index Scan using sbtest8_pkey on sbtest8  (cost=0.43..8.45 rows=1 width=121)
	  Index Cond: (id = 1078279)

for: simple_ranges
table 1 : explain SELECT c FROM sbtest1 WHERE id BETWEEN 5933664 AND 5934663
	Bitmap Heap Scan on sbtest1  (cost=22.03..3617.92 rows=936 width=121)
	  Recheck Cond: ((id >= 5933664) AND (id <= 5934663))
	  ->  Bitmap Index Scan on sbtest1_pkey  (cost=0.00..21.79 rows=936 width=0)
	        Index Cond: ((id >= 5933664) AND (id <= 5934663))

table 2 : explain SELECT c FROM sbtest2 WHERE id BETWEEN 4270106 AND 4271105
	Bitmap Heap Scan on sbtest2  (cost=23.24..4062.16 rows=1054 width=121)
	  Recheck Cond: ((id >= 4270106) AND (id <= 4271105))
	  ->  Bitmap Index Scan on sbtest2_pkey  (cost=0.00..22.97 rows=1054 width=0)
	        Index Cond: ((id >= 4270106) AND (id <= 4271105))

table 3 : explain SELECT c FROM sbtest3 WHERE id BETWEEN 8913346 AND 8914345
	Bitmap Heap Scan on sbtest3  (cost=22.66..3851.97 rows=998 width=121)
	  Recheck Cond: ((id >= 8913346) AND (id <= 8914345))
	  ->  Bitmap Index Scan on sbtest3_pkey  (cost=0.00..22.41 rows=998 width=0)
	        Index Cond: ((id >= 8913346) AND (id <= 8914345))

table 4 : explain SELECT c FROM sbtest4 WHERE id BETWEEN 1399471 AND 1400470
	Bitmap Heap Scan on sbtest4  (cost=22.16..3667.63 rows=949 width=121)
	  Recheck Cond: ((id >= 1399471) AND (id <= 1400470))
	  ->  Bitmap Index Scan on sbtest4_pkey  (cost=0.00..21.93 rows=949 width=0)
	        Index Cond: ((id >= 1399471) AND (id <= 1400470))

table 5 : explain SELECT c FROM sbtest5 WHERE id BETWEEN 2429554 AND 2430553
	Bitmap Heap Scan on sbtest5  (cost=23.62..4201.92 rows=1091 width=121)
	  Recheck Cond: ((id >= 2429554) AND (id <= 2430553))
	  ->  Bitmap Index Scan on sbtest5_pkey  (cost=0.00..23.34 rows=1091 width=0)
	        Index Cond: ((id >= 2429554) AND (id <= 2430553))

table 6 : explain SELECT c FROM sbtest6 WHERE id BETWEEN 864 AND 1863
	Bitmap Heap Scan on sbtest6  (cost=22.34..3732.80 rows=966 width=121)
	  Recheck Cond: ((id >= 864) AND (id <= 1863))
	  ->  Bitmap Index Scan on sbtest6_pkey  (cost=0.00..22.09 rows=966 width=0)
	        Index Cond: ((id >= 864) AND (id <= 1863))

table 7 : explain SELECT c FROM sbtest7 WHERE id BETWEEN 2281485 AND 2282484
	Bitmap Heap Scan on sbtest7  (cost=23.01..3980.93 rows=1032 width=121)
	  Recheck Cond: ((id >= 2281485) AND (id <= 2282484))
	  ->  Bitmap Index Scan on sbtest7_pkey  (cost=0.00..22.75 rows=1032 width=0)
	        Index Cond: ((id >= 2281485) AND (id <= 2282484))

table 8 : explain SELECT c FROM sbtest8 WHERE id BETWEEN 4948093 AND 4949092
	Bitmap Heap Scan on sbtest8  (cost=23.21..4053.60 rows=1051 width=121)
	  Recheck Cond: ((id >= 4948093) AND (id <= 4949092))
	  ->  Bitmap Index Scan on sbtest8_pkey  (cost=0.00..22.94 rows=1051 width=0)
	        Index Cond: ((id >= 4948093) AND (id <= 4949092))

for point_selects
table 1 : explain SELECT c FROM sbtest1 WHERE id=5820798
	Index Scan using sbtest1_pkey on sbtest1  (cost=0.43..8.45 rows=1 width=121)
	  Index Cond: (id = 5820798)

table 2 : explain SELECT c FROM sbtest2 WHERE id=5668351
	Index Scan using sbtest2_pkey on sbtest2  (cost=0.43..8.45 rows=1 width=121)
	  Index Cond: (id = 5668351)

table 3 : explain SELECT c FROM sbtest3 WHERE id=138433
	Index Scan using sbtest3_pkey on sbtest3  (cost=0.43..8.45 rows=1 width=121)
	  Index Cond: (id = 138433)

table 4 : explain SELECT c FROM sbtest4 WHERE id=6488957
	Index Scan using sbtest4_pkey on sbtest4  (cost=0.43..8.45 rows=1 width=121)
	  Index Cond: (id = 6488957)

table 5 : explain SELECT c FROM sbtest5 WHERE id=4965541
	Index Scan using sbtest5_pkey on sbtest5  (cost=0.43..8.45 rows=1 width=121)
	  Index Cond: (id = 4965541)

table 6 : explain SELECT c FROM sbtest6 WHERE id=2432191
	Index Scan using sbtest6_pkey on sbtest6  (cost=0.43..8.45 rows=1 width=121)
	  Index Cond: (id = 2432191)

table 7 : explain SELECT c FROM sbtest7 WHERE id=7774727
	Index Scan using sbtest7_pkey on sbtest7  (cost=0.43..8.45 rows=1 width=121)
	  Index Cond: (id = 7774727)

table 8 : explain SELECT c FROM sbtest8 WHERE id=5106565
	Index Scan using sbtest8_pkey on sbtest8  (cost=0.43..8.45 rows=1 width=121)
	  Index Cond: (id = 5106565)

for: simple_ranges
table 1 : explain SELECT c FROM sbtest1 WHERE id BETWEEN 9599979 AND 9600978
	Bitmap Heap Scan on sbtest1  (cost=23.13..4020.71 rows=1043 width=121)
	  Recheck Cond: ((id >= 9599979) AND (id <= 9600978))
	  ->  Bitmap Index Scan on sbtest1_pkey  (cost=0.00..22.86 rows=1043 width=0)
	        Index Cond: ((id >= 9599979) AND (id <= 9600978))

table 2 : explain SELECT c FROM sbtest2 WHERE id BETWEEN 9087576 AND 9088575
	Bitmap Heap Scan on sbtest2  (cost=22.77..3889.24 rows=1008 width=121)
	  Recheck Cond: ((id >= 9087576) AND (id <= 9088575))
	  ->  Bitmap Index Scan on sbtest2_pkey  (cost=0.00..22.51 rows=1008 width=0)
	        Index Cond: ((id >= 9087576) AND (id <= 9088575))

table 3 : explain SELECT c FROM sbtest3 WHERE id BETWEEN 7023745 AND 7024744
	Bitmap Heap Scan on sbtest3  (cost=22.81..3904.65 rows=1012 width=121)
	  Recheck Cond: ((id >= 7023745) AND (id <= 7024744))
	  ->  Bitmap Index Scan on sbtest3_pkey  (cost=0.00..22.55 rows=1012 width=0)
	        Index Cond: ((id >= 7023745) AND (id <= 7024744))

table 4 : explain SELECT c FROM sbtest4 WHERE id BETWEEN 6119628 AND 6120627
	Bitmap Heap Scan on sbtest4  (cost=21.73..3509.13 rows=907 width=121)
	  Recheck Cond: ((id >= 6119628) AND (id <= 6120627))
	  ->  Bitmap Index Scan on sbtest4_pkey  (cost=0.00..21.50 rows=907 width=0)
	        Index Cond: ((id >= 6119628) AND (id <= 6120627))

table 5 : explain SELECT c FROM sbtest5 WHERE id BETWEEN 1137962 AND 1138961
	Bitmap Heap Scan on sbtest5  (cost=22.88..3931.40 rows=1019 width=121)
	  Recheck Cond: ((id >= 1137962) AND (id <= 1138961))
	  ->  Bitmap Index Scan on sbtest5_pkey  (cost=0.00..22.62 rows=1019 width=0)
	        Index Cond: ((id >= 1137962) AND (id <= 1138961))

table 6 : explain SELECT c FROM sbtest6 WHERE id BETWEEN 9402463 AND 9403462
	Bitmap Heap Scan on sbtest6  (cost=21.78..3529.01 rows=912 width=121)
	  Recheck Cond: ((id >= 9402463) AND (id <= 9403462))
	  ->  Bitmap Index Scan on sbtest6_pkey  (cost=0.00..21.55 rows=912 width=0)
	        Index Cond: ((id >= 9402463) AND (id <= 9403462))

table 7 : explain SELECT c FROM sbtest7 WHERE id BETWEEN 1259216 AND 1260215
	Bitmap Heap Scan on sbtest7  (cost=23.14..4026.05 rows=1044 width=121)
	  Recheck Cond: ((id >= 1259216) AND (id <= 1260215))
	  ->  Bitmap Index Scan on sbtest7_pkey  (cost=0.00..22.87 rows=1044 width=0)
	        Index Cond: ((id >= 1259216) AND (id <= 1260215))

table 8 : explain SELECT c FROM sbtest8 WHERE id BETWEEN 7026002 AND 7027001
	Bitmap Heap Scan on sbtest8  (cost=21.92..3578.76 rows=925 width=121)
	  Recheck Cond: ((id >= 7026002) AND (id <= 7027001))
	  ->  Bitmap Index Scan on sbtest8_pkey  (cost=0.00..21.68 rows=925 width=0)
	        Index Cond: ((id >= 7026002) AND (id <= 7027001))

explain: for point_selects :: explain SELECT c FROM sbtest%u WHERE id=%u
for: simple_ranges
table 1 : explain SELECT c FROM sbtest1 WHERE id BETWEEN 9107968 AND 9108967
	Bitmap Heap Scan on sbtest1  (cost=22.33..3727.24 rows=965 width=121)
	  Recheck Cond: ((id >= 9107968) AND (id <= 9108967))
	  ->  Bitmap Index Scan on sbtest1_pkey  (cost=0.00..22.08 rows=965 width=0)
	        Index Cond: ((id >= 9107968) AND (id <= 9108967))

table 2 : explain SELECT c FROM sbtest2 WHERE id BETWEEN 6099500 AND 6100499
	Bitmap Heap Scan on sbtest2  (cost=23.02..3983.25 rows=1033 width=121)
	  Recheck Cond: ((id >= 6099500) AND (id <= 6100499))
	  ->  Bitmap Index Scan on sbtest2_pkey  (cost=0.00..22.76 rows=1033 width=0)
	        Index Cond: ((id >= 6099500) AND (id <= 6100499))

table 3 : explain SELECT c FROM sbtest3 WHERE id BETWEEN 9769279 AND 9770278
	Bitmap Heap Scan on sbtest3  (cost=22.82..3908.41 rows=1013 width=121)
	  Recheck Cond: ((id >= 9769279) AND (id <= 9770278))
	  ->  Bitmap Index Scan on sbtest3_pkey  (cost=0.00..22.57 rows=1013 width=0)
	        Index Cond: ((id >= 9769279) AND (id <= 9770278))

table 4 : explain SELECT c FROM sbtest4 WHERE id BETWEEN 3806099 AND 3807098
	Bitmap Heap Scan on sbtest4  (cost=23.55..4175.50 rows=1084 width=121)
	  Recheck Cond: ((id >= 3806099) AND (id <= 3807098))
	  ->  Bitmap Index Scan on sbtest4_pkey  (cost=0.00..23.27 rows=1084 width=0)
	        Index Cond: ((id >= 3806099) AND (id <= 3807098))

table 5 : explain SELECT c FROM sbtest5 WHERE id BETWEEN 6956609 AND 6957608
	Bitmap Heap Scan on sbtest5  (cost=22.51..3795.89 rows=983 width=121)
	  Recheck Cond: ((id >= 6956609) AND (id <= 6957608))
	  ->  Bitmap Index Scan on sbtest5_pkey  (cost=0.00..22.26 rows=983 width=0)
	        Index Cond: ((id >= 6956609) AND (id <= 6957608))

table 6 : explain SELECT c FROM sbtest6 WHERE id BETWEEN 5776414 AND 5777413
	Bitmap Heap Scan on sbtest6  (cost=22.20..3683.77 rows=953 width=121)
	  Recheck Cond: ((id >= 5776414) AND (id <= 5777413))
	  ->  Bitmap Index Scan on sbtest6_pkey  (cost=0.00..21.96 rows=953 width=0)
	        Index Cond: ((id >= 5776414) AND (id <= 5777413))

table 7 : explain SELECT c FROM sbtest7 WHERE id BETWEEN 4632369 AND 4633368
	Bitmap Heap Scan on sbtest7  (cost=22.02..3615.49 rows=935 width=121)
	  Recheck Cond: ((id >= 4632369) AND (id <= 4633368))
	  ->  Bitmap Index Scan on sbtest7_pkey  (cost=0.00..21.79 rows=935 width=0)
	        Index Cond: ((id >= 4632369) AND (id <= 4633368))

table 8 : explain SELECT c FROM sbtest8 WHERE id BETWEEN 1971237 AND 1972236
	Bitmap Heap Scan on sbtest8  (cost=22.07..3635.40 rows=940 width=121)
	  Recheck Cond: ((id >= 1971237) AND (id <= 1972236))
	  ->  Bitmap Index Scan on sbtest8_pkey  (cost=0.00..21.83 rows=940 width=0)
	        Index Cond: ((id >= 1971237) AND (id <= 1972236))

for point_selects
table 1 : explain SELECT c FROM sbtest1 WHERE id=2756799
	Index Scan using sbtest1_pkey on sbtest1  (cost=0.43..8.45 rows=1 width=121)
	  Index Cond: (id = 2756799)

table 2 : explain SELECT c FROM sbtest2 WHERE id=148453
	Index Scan using sbtest2_pkey on sbtest2  (cost=0.43..8.45 rows=1 width=121)
	  Index Cond: (id = 148453)

table 3 : explain SELECT c FROM sbtest3 WHERE id=3810373
	Index Scan using sbtest3_pkey on sbtest3  (cost=0.43..8.45 rows=1 width=121)
	  Index Cond: (id = 3810373)

table 4 : explain SELECT c FROM sbtest4 WHERE id=1745649
	Index Scan using sbtest4_pkey on sbtest4  (cost=0.43..8.45 rows=1 width=121)
	  Index Cond: (id = 1745649)

table 5 : explain SELECT c FROM sbtest5 WHERE id=9238523
	Index Scan using sbtest5_pkey on sbtest5  (cost=0.43..8.45 rows=1 width=121)
	  Index Cond: (id = 9238523)

table 6 : explain SELECT c FROM sbtest6 WHERE id=3645698
	Index Scan using sbtest6_pkey on sbtest6  (cost=0.43..8.45 rows=1 width=121)
	  Index Cond: (id = 3645698)

table 7 : explain SELECT c FROM sbtest7 WHERE id=7273435
	Index Scan using sbtest7_pkey on sbtest7  (cost=0.43..8.45 rows=1 width=121)
	  Index Cond: (id = 7273435)

table 8 : explain SELECT c FROM sbtest8 WHERE id=1953193
	Index Scan using sbtest8_pkey on sbtest8  (cost=0.43..8.45 rows=1 width=121)
	  Index Cond: (id = 1953193)

for: simple_ranges
table 1 : explain SELECT c FROM sbtest1 WHERE id BETWEEN 5024765 AND 5025764
	Bitmap Heap Scan on sbtest1  (cost=22.64..3843.97 rows=996 width=121)
	  Recheck Cond: ((id >= 5024765) AND (id <= 5025764))
	  ->  Bitmap Index Scan on sbtest1_pkey  (cost=0.00..22.39 rows=996 width=0)
	        Index Cond: ((id >= 5024765) AND (id <= 5025764))

table 2 : explain SELECT c FROM sbtest2 WHERE id BETWEEN 5932003 AND 5933002
	Bitmap Heap Scan on sbtest2  (cost=28.26..4437.43 rows=1154 width=121)
	  Recheck Cond: ((id >= 5932003) AND (id <= 5933002))
	  ->  Bitmap Index Scan on sbtest2_pkey  (cost=0.00..27.97 rows=1154 width=0)
	        Index Cond: ((id >= 5932003) AND (id <= 5933002))

table 3 : explain SELECT c FROM sbtest3 WHERE id BETWEEN 5944652 AND 5945651
	Bitmap Heap Scan on sbtest3  (cost=22.61..3833.15 rows=993 width=121)
	  Recheck Cond: ((id >= 5944652) AND (id <= 5945651))
	  ->  Bitmap Index Scan on sbtest3_pkey  (cost=0.00..22.36 rows=993 width=0)
	        Index Cond: ((id >= 5944652) AND (id <= 5945651))

table 4 : explain SELECT c FROM sbtest4 WHERE id BETWEEN 6577126 AND 6578125
	Bitmap Heap Scan on sbtest4  (cost=22.86..3923.74 rows=1017 width=121)
	  Recheck Cond: ((id >= 6577126) AND (id <= 6578125))
	  ->  Bitmap Index Scan on sbtest4_pkey  (cost=0.00..22.61 rows=1017 width=0)
	        Index Cond: ((id >= 6577126) AND (id <= 6578125))

table 5 : explain SELECT c FROM sbtest5 WHERE id BETWEEN 1697166 AND 1698165
	Bitmap Heap Scan on sbtest5  (cost=22.75..3882.48 rows=1006 width=121)
	  Recheck Cond: ((id >= 1697166) AND (id <= 1698165))
	  ->  Bitmap Index Scan on sbtest5_pkey  (cost=0.00..22.50 rows=1006 width=0)
	        Index Cond: ((id >= 1697166) AND (id <= 1698165))

table 6 : explain SELECT c FROM sbtest6 WHERE id BETWEEN 7123922 AND 7124921
	Bitmap Heap Scan on sbtest6  (cost=27.71..4237.13 rows=1100 width=121)
	  Recheck Cond: ((id >= 7123922) AND (id <= 7124921))
	  ->  Bitmap Index Scan on sbtest6_pkey  (cost=0.00..27.43 rows=1100 width=0)
	        Index Cond: ((id >= 7123922) AND (id <= 7124921))

table 7 : explain SELECT c FROM sbtest7 WHERE id BETWEEN 3953741 AND 3954740
	Bitmap Heap Scan on sbtest7  (cost=23.57..4183.84 rows=1086 width=121)
	  Recheck Cond: ((id >= 3953741) AND (id <= 3954740))
	  ->  Bitmap Index Scan on sbtest7_pkey  (cost=0.00..23.29 rows=1086 width=0)
	        Index Cond: ((id >= 3953741) AND (id <= 3954740))

table 8 : explain SELECT c FROM sbtest8 WHERE id BETWEEN 8999600 AND 9000599
	Bitmap Heap Scan on sbtest8  (cost=22.70..3865.42 rows=1001 width=121)
	  Recheck Cond: ((id >= 8999600) AND (id <= 9000599))
	  ->  Bitmap Index Scan on sbtest8_pkey  (cost=0.00..22.44 rows=1001 width=0)
	        Index Cond: ((id >= 8999600) AND (id <= 9000599))

explain: for point_selects :: explain SELECT c FROM sbtest%u WHERE id=%u
for: simple_ranges
table 1 : explain SELECT c FROM sbtest1 WHERE id BETWEEN 5523086 AND 5524085
	Bitmap Heap Scan on sbtest1  (cost=22.03..3617.92 rows=936 width=121)
	  Recheck Cond: ((id >= 5523086) AND (id <= 5524085))
	  ->  Bitmap Index Scan on sbtest1_pkey  (cost=0.00..21.79 rows=936 width=0)
	        Index Cond: ((id >= 5523086) AND (id <= 5524085))

table 2 : explain SELECT c FROM sbtest2 WHERE id BETWEEN 8248481 AND 8249480
	Bitmap Heap Scan on sbtest2  (cost=22.52..3798.91 rows=984 width=121)
	  Recheck Cond: ((id >= 8248481) AND (id <= 8249480))
	  ->  Bitmap Index Scan on sbtest2_pkey  (cost=0.00..22.27 rows=984 width=0)
	        Index Cond: ((id >= 8248481) AND (id <= 8249480))

table 3 : explain SELECT c FROM sbtest3 WHERE id BETWEEN 4726724 AND 4727723
	Bitmap Heap Scan on sbtest3  (cost=22.14..3659.84 rows=947 width=121)
	  Recheck Cond: ((id >= 4726724) AND (id <= 4727723))
	  ->  Bitmap Index Scan on sbtest3_pkey  (cost=0.00..21.90 rows=947 width=0)
	        Index Cond: ((id >= 4726724) AND (id <= 4727723))

table 4 : explain SELECT c FROM sbtest4 WHERE id BETWEEN 9816801 AND 9817800
	Bitmap Heap Scan on sbtest4  (cost=22.43..3765.62 rows=975 width=121)
	  Recheck Cond: ((id >= 9816801) AND (id <= 9817800))
	  ->  Bitmap Index Scan on sbtest4_pkey  (cost=0.00..22.18 rows=975 width=0)
	        Index Cond: ((id >= 9816801) AND (id <= 9817800))

table 5 : explain SELECT c FROM sbtest5 WHERE id BETWEEN 3755329 AND 3756328
	Bitmap Heap Scan on sbtest5  (cost=22.74..3878.72 rows=1005 width=121)
	  Recheck Cond: ((id >= 3755329) AND (id <= 3756328))
	  ->  Bitmap Index Scan on sbtest5_pkey  (cost=0.00..22.48 rows=1005 width=0)
	        Index Cond: ((id >= 3755329) AND (id <= 3756328))

table 6 : explain SELECT c FROM sbtest6 WHERE id BETWEEN 1823302 AND 1824301
	Bitmap Heap Scan on sbtest6  (cost=23.06..4000.16 rows=1037 width=121)
	  Recheck Cond: ((id >= 1823302) AND (id <= 1824301))
	  ->  Bitmap Index Scan on sbtest6_pkey  (cost=0.00..22.80 rows=1037 width=0)
	        Index Cond: ((id >= 1823302) AND (id <= 1824301))

table 7 : explain SELECT c FROM sbtest7 WHERE id BETWEEN 1924378 AND 1925377
	Bitmap Heap Scan on sbtest7  (cost=22.20..3683.40 rows=953 width=121)
	  Recheck Cond: ((id >= 1924378) AND (id <= 1925377))
	  ->  Bitmap Index Scan on sbtest7_pkey  (cost=0.00..21.96 rows=953 width=0)
	        Index Cond: ((id >= 1924378) AND (id <= 1925377))

table 8 : explain SELECT c FROM sbtest8 WHERE id BETWEEN 7165414 AND 7166413
	Bitmap Heap Scan on sbtest8  (cost=22.98..3970.84 rows=1029 width=121)
	  Recheck Cond: ((id >= 7165414) AND (id <= 7166413))
	  ->  Bitmap Index Scan on sbtest8_pkey  (cost=0.00..22.72 rows=1029 width=0)
	        Index Cond: ((id >= 7165414) AND (id <= 7166413))

explain: for point_selects :: explain SELECT c FROM sbtest%u WHERE id=%u
explain: for point_selects :: explain SELECT c FROM sbtest%u WHERE id=%u
for: simple_ranges
table 1 : explain SELECT c FROM sbtest1 WHERE id BETWEEN 6360083 AND 6361082
	Bitmap Heap Scan on sbtest1  (cost=22.80..3900.41 rows=1011 width=121)
	  Recheck Cond: ((id >= 6360083) AND (id <= 6361082))
	  ->  Bitmap Index Scan on sbtest1_pkey  (cost=0.00..22.54 rows=1011 width=0)
	        Index Cond: ((id >= 6360083) AND (id <= 6361082))

table 2 : explain SELECT c FROM sbtest2 WHERE id BETWEEN 7808280 AND 7809279
	Bitmap Heap Scan on sbtest2  (cost=22.19..3678.35 rows=952 width=121)
	  Recheck Cond: ((id >= 7808280) AND (id <= 7809279))
	  ->  Bitmap Index Scan on sbtest2_pkey  (cost=0.00..21.95 rows=952 width=0)
	        Index Cond: ((id >= 7808280) AND (id <= 7809279))

table 3 : explain SELECT c FROM sbtest3 WHERE id BETWEEN 8249437 AND 8250436
	Bitmap Heap Scan on sbtest3  (cost=28.10..4377.95 rows=1138 width=121)
	  Recheck Cond: ((id >= 8249437) AND (id <= 8250436))
	  ->  Bitmap Index Scan on sbtest3_pkey  (cost=0.00..27.82 rows=1138 width=0)
	        Index Cond: ((id >= 8249437) AND (id <= 8250436))

table 4 : explain SELECT c FROM sbtest4 WHERE id BETWEEN 322958 AND 323957
	Bitmap Heap Scan on sbtest4  (cost=22.36..3739.25 rows=968 width=121)
	  Recheck Cond: ((id >= 322958) AND (id <= 323957))
	  ->  Bitmap Index Scan on sbtest4_pkey  (cost=0.00..22.11 rows=968 width=0)
	        Index Cond: ((id >= 322958) AND (id <= 323957))

table 5 : explain SELECT c FROM sbtest5 WHERE id BETWEEN 5708982 AND 5709981
	Bitmap Heap Scan on sbtest5  (cost=22.59..3826.01 rows=991 width=121)
	  Recheck Cond: ((id >= 5708982) AND (id <= 5709981))
	  ->  Bitmap Index Scan on sbtest5_pkey  (cost=0.00..22.34 rows=991 width=0)
	        Index Cond: ((id >= 5708982) AND (id <= 5709981))

table 6 : explain SELECT c FROM sbtest6 WHERE id BETWEEN 6065462 AND 6066461
	Bitmap Heap Scan on sbtest6  (cost=22.30..3717.72 rows=962 width=121)
	  Recheck Cond: ((id >= 6065462) AND (id <= 6066461))
	  ->  Bitmap Index Scan on sbtest6_pkey  (cost=0.00..22.05 rows=962 width=0)
	        Index Cond: ((id >= 6065462) AND (id <= 6066461))

table 7 : explain SELECT c FROM sbtest7 WHERE id BETWEEN 7672679 AND 7673678
	Bitmap Heap Scan on sbtest7  (cost=22.47..3781.41 rows=979 width=121)
	  Recheck Cond: ((id >= 7672679) AND (id <= 7673678))
	  ->  Bitmap Index Scan on sbtest7_pkey  (cost=0.00..22.22 rows=979 width=0)
	        Index Cond: ((id >= 7672679) AND (id <= 7673678))

table 8 : explain SELECT c FROM sbtest8 WHERE id BETWEEN 513817 AND 514816
	Bitmap Heap Scan on sbtest8  (cost=22.78..3895.55 rows=1009 width=121)
	  Recheck Cond: ((id >= 513817) AND (id <= 514816))
	  ->  Bitmap Index Scan on sbtest8_pkey  (cost=0.00..22.52 rows=1009 width=0)
	        Index Cond: ((id >= 513817) AND (id <= 514816))

explain: for point_selects :: explain SELECT c FROM sbtest%u WHERE id=%u
explain: for point_selects :: explain SELECT c FROM sbtest%u WHERE id=%u
explain: for point_selects :: explain SELECT c FROM sbtest%u WHERE id=%u
explain: for point_selects :: explain SELECT c FROM sbtest%u WHERE id=%u
for point_selects
table 1 : explain SELECT c FROM sbtest1 WHERE id=914115
	Index Scan using sbtest1_pkey on sbtest1  (cost=0.43..8.45 rows=1 width=121)
	  Index Cond: (id = 914115)

table 2 : explain SELECT c FROM sbtest2 WHERE id=8568343
	Index Scan using sbtest2_pkey on sbtest2  (cost=0.43..8.45 rows=1 width=121)
	  Index Cond: (id = 8568343)

table 3 : explain SELECT c FROM sbtest3 WHERE id=8287728
	Index Scan using sbtest3_pkey on sbtest3  (cost=0.43..8.45 rows=1 width=121)
	  Index Cond: (id = 8287728)

table 4 : explain SELECT c FROM sbtest4 WHERE id=7698434
	Index Scan using sbtest4_pkey on sbtest4  (cost=0.43..8.45 rows=1 width=121)
	  Index Cond: (id = 7698434)

table 5 : explain SELECT c FROM sbtest5 WHERE id=9570803
	Index Scan using sbtest5_pkey on sbtest5  (cost=0.43..8.45 rows=1 width=121)
	  Index Cond: (id = 9570803)

table 6 : explain SELECT c FROM sbtest6 WHERE id=9855666
	Index Scan using sbtest6_pkey on sbtest6  (cost=0.43..8.45 rows=1 width=121)
	  Index Cond: (id = 9855666)

table 7 : explain SELECT c FROM sbtest7 WHERE id=7634632
	Index Scan using sbtest7_pkey on sbtest7  (cost=0.43..8.45 rows=1 width=121)
	  Index Cond: (id = 7634632)

table 8 : explain SELECT c FROM sbtest8 WHERE id=8203051
	Index Scan using sbtest8_pkey on sbtest8  (cost=0.43..8.45 rows=1 width=121)
	  Index Cond: (id = 8203051)

for point_selects
table 1 : explain SELECT c FROM sbtest1 WHERE id=4303294
	Index Scan using sbtest1_pkey on sbtest1  (cost=0.43..8.45 rows=1 width=121)
	  Index Cond: (id = 4303294)

table 2 : explain SELECT c FROM sbtest2 WHERE id=2135470
	Index Scan using sbtest2_pkey on sbtest2  (cost=0.43..8.45 rows=1 width=121)
	  Index Cond: (id = 2135470)

table 3 : explain SELECT c FROM sbtest3 WHERE id=5254634
	Index Scan using sbtest3_pkey on sbtest3  (cost=0.43..8.45 rows=1 width=121)
	  Index Cond: (id = 5254634)

table 4 : explain SELECT c FROM sbtest4 WHERE id=6237229
	Index Scan using sbtest4_pkey on sbtest4  (cost=0.43..8.45 rows=1 width=121)
	  Index Cond: (id = 6237229)

table 5 : explain SELECT c FROM sbtest5 WHERE id=5720007
	Index Scan using sbtest5_pkey on sbtest5  (cost=0.43..8.45 rows=1 width=121)
	  Index Cond: (id = 5720007)

table 6 : explain SELECT c FROM sbtest6 WHERE id=6756597
	Index Scan using sbtest6_pkey on sbtest6  (cost=0.43..8.45 rows=1 width=121)
	  Index Cond: (id = 6756597)

table 7 : explain SELECT c FROM sbtest7 WHERE id=4345325
	Index Scan using sbtest7_pkey on sbtest7  (cost=0.43..8.45 rows=1 width=121)
	  Index Cond: (id = 4345325)

table 8 : explain SELECT c FROM sbtest8 WHERE id=7358825
	Index Scan using sbtest8_pkey on sbtest8  (cost=0.43..8.45 rows=1 width=121)
	  Index Cond: (id = 7358825)

for: sum_ranges
table 1 : explain SELECT SUM(k) FROM sbtest1 WHERE id BETWEEN 4603584 AND 4604583
	Aggregate  (cost=4090.97..4090.98 rows=1 width=8)
	  ->  Bitmap Heap Scan on sbtest1  (cost=23.31..4088.32 rows=1061 width=4)
	        Recheck Cond: ((id >= 4603584) AND (id <= 4604583))
	        ->  Bitmap Index Scan on sbtest1_pkey  (cost=0.00..23.04 rows=1061 width=0)
	              Index Cond: ((id >= 4603584) AND (id <= 4604583))

table 2 : explain SELECT SUM(k) FROM sbtest2 WHERE id BETWEEN 5940351 AND 5941350
	Aggregate  (cost=4440.31..4440.32 rows=1 width=8)
	  ->  Bitmap Heap Scan on sbtest2  (cost=28.26..4437.43 rows=1154 width=4)
	        Recheck Cond: ((id >= 5940351) AND (id <= 5941350))
	        ->  Bitmap Index Scan on sbtest2_pkey  (cost=0.00..27.97 rows=1154 width=0)
	              Index Cond: ((id >= 5940351) AND (id <= 5941350))

table 3 : explain SELECT SUM(k) FROM sbtest3 WHERE id BETWEEN 8674885 AND 8675884
	Aggregate  (cost=3306.91..3306.92 rows=1 width=8)
	  ->  Bitmap Heap Scan on sbtest3  (cost=21.18..3304.78 rows=853 width=4)
	        Recheck Cond: ((id >= 8674885) AND (id <= 8675884))
	        ->  Bitmap Index Scan on sbtest3_pkey  (cost=0.00..20.96 rows=853 width=0)
	              Index Cond: ((id >= 8674885) AND (id <= 8675884))

table 4 : explain SELECT SUM(k) FROM sbtest4 WHERE id BETWEEN 1175007 AND 1176006
	Aggregate  (cost=3971.44..3971.45 rows=1 width=8)
	  ->  Bitmap Heap Scan on sbtest4  (cost=22.98..3968.87 rows=1029 width=4)
	        Recheck Cond: ((id >= 1175007) AND (id <= 1176006))
	        ->  Bitmap Index Scan on sbtest4_pkey  (cost=0.00..22.72 rows=1029 width=0)
	              Index Cond: ((id >= 1175007) AND (id <= 1176006))

table 5 : explain SELECT SUM(k) FROM sbtest5 WHERE id BETWEEN 3726728 AND 3727727
	Aggregate  (cost=4028.01..4028.02 rows=1 width=8)
	  ->  Bitmap Heap Scan on sbtest5  (cost=23.14..4025.40 rows=1044 width=4)
	        Recheck Cond: ((id >= 3726728) AND (id <= 3727727))
	        ->  Bitmap Index Scan on sbtest5_pkey  (cost=0.00..22.87 rows=1044 width=0)
	              Index Cond: ((id >= 3726728) AND (id <= 3727727))

table 6 : explain SELECT SUM(k) FROM sbtest6 WHERE id BETWEEN 5330045 AND 5331044
	Aggregate  (cost=4006.52..4006.53 rows=1 width=8)
	  ->  Bitmap Heap Scan on sbtest6  (cost=23.07..4003.92 rows=1038 width=4)
	        Recheck Cond: ((id >= 5330045) AND (id <= 5331044))
	        ->  Bitmap Index Scan on sbtest6_pkey  (cost=0.00..22.82 rows=1038 width=0)
	              Index Cond: ((id >= 5330045) AND (id <= 5331044))

table 7 : explain SELECT SUM(k) FROM sbtest7 WHERE id BETWEEN 2969299 AND 2970298
	Aggregate  (cost=4032.42..4032.43 rows=1 width=8)
	  ->  Bitmap Heap Scan on sbtest7  (cost=23.15..4029.81 rows=1045 width=4)
	        Recheck Cond: ((id >= 2969299) AND (id <= 2970298))
	        ->  Bitmap Index Scan on sbtest7_pkey  (cost=0.00..22.89 rows=1045 width=0)
	              Index Cond: ((id >= 2969299) AND (id <= 2970298))

table 8 : explain SELECT SUM(k) FROM sbtest8 WHERE id BETWEEN 4485306 AND 4486305
	Aggregate  (cost=3898.07..3898.08 rows=1 width=8)
	  ->  Bitmap Heap Scan on sbtest8  (cost=22.78..3895.55 rows=1009 width=4)
	        Recheck Cond: ((id >= 4485306) AND (id <= 4486305))
	        ->  Bitmap Index Scan on sbtest8_pkey  (cost=0.00..22.52 rows=1009 width=0)
	              Index Cond: ((id >= 4485306) AND (id <= 4486305))

for: sum_ranges
table 1 : explain SELECT SUM(k) FROM sbtest1 WHERE id BETWEEN 9358633 AND 9359632
	Aggregate  (cost=3944.33..3944.34 rows=1 width=8)
	  ->  Bitmap Heap Scan on sbtest1  (cost=22.91..3941.78 rows=1022 width=4)
	        Recheck Cond: ((id >= 9358633) AND (id <= 9359632))
	        ->  Bitmap Index Scan on sbtest1_pkey  (cost=0.00..22.65 rows=1022 width=0)
	              Index Cond: ((id >= 9358633) AND (id <= 9359632))

table 2 : explain SELECT SUM(k) FROM sbtest2 WHERE id BETWEEN 6313774 AND 6314773
	Aggregate  (cost=3658.10..3658.11 rows=1 width=8)
	  ->  Bitmap Heap Scan on sbtest2  (cost=22.13..3655.73 rows=946 width=4)
	        Recheck Cond: ((id >= 6313774) AND (id <= 6314773))
	        ->  Bitmap Index Scan on sbtest2_pkey  (cost=0.00..21.89 rows=946 width=0)
	              Index Cond: ((id >= 6313774) AND (id <= 6314773))

table 3 : explain SELECT SUM(k) FROM sbtest3 WHERE id BETWEEN 2827244 AND 2828243
	Aggregate  (cost=3997.50..3997.51 rows=1 width=8)
	  ->  Bitmap Heap Scan on sbtest3  (cost=23.05..3994.91 rows=1036 width=4)
	        Recheck Cond: ((id >= 2827244) AND (id <= 2828243))
	        ->  Bitmap Index Scan on sbtest3_pkey  (cost=0.00..22.79 rows=1036 width=0)
	              Index Cond: ((id >= 2827244) AND (id <= 2828243))

table 4 : explain SELECT SUM(k) FROM sbtest4 WHERE id BETWEEN 7907150 AND 7908149
	Aggregate  (cost=4208.52..4208.53 rows=1 width=8)
	  ->  Bitmap Heap Scan on sbtest4  (cost=27.63..4205.79 rows=1092 width=4)
	        Recheck Cond: ((id >= 7907150) AND (id <= 7908149))
	        ->  Bitmap Index Scan on sbtest4_pkey  (cost=0.00..27.36 rows=1092 width=0)
	              Index Cond: ((id >= 7907150) AND (id <= 7908149))

table 5 : explain SELECT SUM(k) FROM sbtest5 WHERE id BETWEEN 1524922 AND 1525921
	Aggregate  (cost=3956.53..3956.54 rows=1 width=8)
	  ->  Bitmap Heap Scan on sbtest5  (cost=22.94..3953.97 rows=1025 width=4)
	        Recheck Cond: ((id >= 1524922) AND (id <= 1525921))
	        ->  Bitmap Index Scan on sbtest5_pkey  (cost=0.00..22.68 rows=1025 width=0)
	              Index Cond: ((id >= 1524922) AND (id <= 1525921))

table 6 : explain SELECT SUM(k) FROM sbtest6 WHERE id BETWEEN 1129337 AND 1130336
	Aggregate  (cost=3644.63..3644.64 rows=1 width=8)
	  ->  Bitmap Heap Scan on sbtest6  (cost=22.09..3642.27 rows=942 width=4)
	        Recheck Cond: ((id >= 1129337) AND (id <= 1130336))
	        ->  Bitmap Index Scan on sbtest6_pkey  (cost=0.00..21.86 rows=942 width=0)
	              Index Cond: ((id >= 1129337) AND (id <= 1130336))

table 7 : explain SELECT SUM(k) FROM sbtest7 WHERE id BETWEEN 7416865 AND 7417864
	Aggregate  (cost=4013.61..4013.62 rows=1 width=8)
	  ->  Bitmap Heap Scan on sbtest7  (cost=23.09..4011.01 rows=1040 width=4)
	        Recheck Cond: ((id >= 7416865) AND (id <= 7417864))
	        ->  Bitmap Index Scan on sbtest7_pkey  (cost=0.00..22.83 rows=1040 width=0)
	              Index Cond: ((id >= 7416865) AND (id <= 7417864))

table 8 : explain SELECT SUM(k) FROM sbtest8 WHERE id BETWEEN 9389468 AND 9390467
	Aggregate  (cost=3645.30..3645.31 rows=1 width=8)
	  ->  Bitmap Heap Scan on sbtest8  (cost=22.09..3642.95 rows=942 width=4)
	        Recheck Cond: ((id >= 9389468) AND (id <= 9390467))
	        ->  Bitmap Index Scan on sbtest8_pkey  (cost=0.00..21.86 rows=942 width=0)
	              Index Cond: ((id >= 9389468) AND (id <= 9390467))

for point_selects
table 1 : explain SELECT c FROM sbtest1 WHERE id=9849140
	Index Scan using sbtest1_pkey on sbtest1  (cost=0.43..8.45 rows=1 width=121)
	  Index Cond: (id = 9849140)

table 2 : explain SELECT c FROM sbtest2 WHERE id=1038393
	Index Scan using sbtest2_pkey on sbtest2  (cost=0.43..8.45 rows=1 width=121)
	  Index Cond: (id = 1038393)

table 3 : explain SELECT c FROM sbtest3 WHERE id=9935237
	Index Scan using sbtest3_pkey on sbtest3  (cost=0.43..8.45 rows=1 width=121)
	  Index Cond: (id = 9935237)

table 4 : explain SELECT c FROM sbtest4 WHERE id=5635440
	Index Scan using sbtest4_pkey on sbtest4  (cost=0.43..8.45 rows=1 width=121)
	  Index Cond: (id = 5635440)

table 5 : explain SELECT c FROM sbtest5 WHERE id=9187919
	Index Scan using sbtest5_pkey on sbtest5  (cost=0.43..8.45 rows=1 width=121)
	  Index Cond: (id = 9187919)

table 6 : explain SELECT c FROM sbtest6 WHERE id=2748829
	Index Scan using sbtest6_pkey on sbtest6  (cost=0.43..8.45 rows=1 width=121)
	  Index Cond: (id = 2748829)

table 7 : explain SELECT c FROM sbtest7 WHERE id=5114183
	Index Scan using sbtest7_pkey on sbtest7  (cost=0.43..8.45 rows=1 width=121)
	  Index Cond: (id = 5114183)

table 8 : explain SELECT c FROM sbtest8 WHERE id=338151
	Index Scan using sbtest8_pkey on sbtest8  (cost=0.43..8.45 rows=1 width=121)
	  Index Cond: (id = 338151)

for: simple_ranges
table 1 : explain SELECT c FROM sbtest1 WHERE id BETWEEN 2037471 AND 2038470
	Bitmap Heap Scan on sbtest1  (cost=23.01..3979.37 rows=1032 width=121)
	  Recheck Cond: ((id >= 2037471) AND (id <= 2038470))
	  ->  Bitmap Index Scan on sbtest1_pkey  (cost=0.00..22.75 rows=1032 width=0)
	        Index Cond: ((id >= 2037471) AND (id <= 2038470))

table 2 : explain SELECT c FROM sbtest2 WHERE id BETWEEN 7676643 AND 7677642
	Bitmap Heap Scan on sbtest2  (cost=22.54..3806.44 rows=986 width=121)
	  Recheck Cond: ((id >= 7676643) AND (id <= 7677642))
	  ->  Bitmap Index Scan on sbtest2_pkey  (cost=0.00..22.29 rows=986 width=0)
	        Index Cond: ((id >= 7676643) AND (id <= 7677642))

table 3 : explain SELECT c FROM sbtest3 WHERE id BETWEEN 1275092 AND 1276091
	Bitmap Heap Scan on sbtest3  (cost=22.58..3821.85 rows=990 width=121)
	  Recheck Cond: ((id >= 1275092) AND (id <= 1276091))
	  ->  Bitmap Index Scan on sbtest3_pkey  (cost=0.00..22.33 rows=990 width=0)
	        Index Cond: ((id >= 1275092) AND (id <= 1276091))

table 4 : explain SELECT c FROM sbtest4 WHERE id BETWEEN 9533535 AND 9534534
	Bitmap Heap Scan on sbtest4  (cost=22.35..3735.48 rows=967 width=121)
	  Recheck Cond: ((id >= 9533535) AND (id <= 9534534))
	  ->  Bitmap Index Scan on sbtest4_pkey  (cost=0.00..22.11 rows=967 width=0)
	        Index Cond: ((id >= 9533535) AND (id <= 9534534))

table 5 : explain SELECT c FROM sbtest5 WHERE id BETWEEN 5261993 AND 5262992
	Bitmap Heap Scan on sbtest5  (cost=22.92..3946.44 rows=1023 width=121)
	  Recheck Cond: ((id >= 5261993) AND (id <= 5262992))
	  ->  Bitmap Index Scan on sbtest5_pkey  (cost=0.00..22.66 rows=1023 width=0)
	        Index Cond: ((id >= 5261993) AND (id <= 5262992))

table 6 : explain SELECT c FROM sbtest6 WHERE id BETWEEN 9679820 AND 9680819
	Bitmap Heap Scan on sbtest6  (cost=22.06..3630.95 rows=939 width=121)
	  Recheck Cond: ((id >= 9679820) AND (id <= 9680819))
	  ->  Bitmap Index Scan on sbtest6_pkey  (cost=0.00..21.82 rows=939 width=0)
	        Index Cond: ((id >= 9679820) AND (id <= 9680819))

table 7 : explain SELECT c FROM sbtest7 WHERE id BETWEEN 1235727 AND 1236726
	Bitmap Heap Scan on sbtest7  (cost=23.14..4026.05 rows=1044 width=121)
	  Recheck Cond: ((id >= 1235727) AND (id <= 1236726))
	  ->  Bitmap Index Scan on sbtest7_pkey  (cost=0.00..22.87 rows=1044 width=0)
	        Index Cond: ((id >= 1235727) AND (id <= 1236726))

table 8 : explain SELECT c FROM sbtest8 WHERE id BETWEEN 7633893 AND 7634892
	Bitmap Heap Scan on sbtest8  (cost=22.15..3665.59 rows=948 width=121)
	  Recheck Cond: ((id >= 7633893) AND (id <= 7634892))
	  ->  Bitmap Index Scan on sbtest8_pkey  (cost=0.00..21.91 rows=948 width=0)
	        Index Cond: ((id >= 7633893) AND (id <= 7634892))

for point_selects
table 1 : explain SELECT c FROM sbtest1 WHERE id=4083148
	Index Scan using sbtest1_pkey on sbtest1  (cost=0.43..8.45 rows=1 width=121)
	  Index Cond: (id = 4083148)

table 2 : explain SELECT c FROM sbtest2 WHERE id=3519013
	Index Scan using sbtest2_pkey on sbtest2  (cost=0.43..8.45 rows=1 width=121)
	  Index Cond: (id = 3519013)

table 3 : explain SELECT c FROM sbtest3 WHERE id=628110
	Index Scan using sbtest3_pkey on sbtest3  (cost=0.43..8.45 rows=1 width=121)
	  Index Cond: (id = 628110)

table 4 : explain SELECT c FROM sbtest4 WHERE id=1563837
	Index Scan using sbtest4_pkey on sbtest4  (cost=0.43..8.45 rows=1 width=121)
	  Index Cond: (id = 1563837)

table 5 : explain SELECT c FROM sbtest5 WHERE id=9596587
	Index Scan using sbtest5_pkey on sbtest5  (cost=0.43..8.45 rows=1 width=121)
	  Index Cond: (id = 9596587)

table 6 : explain SELECT c FROM sbtest6 WHERE id=6178138
	Index Scan using sbtest6_pkey on sbtest6  (cost=0.43..8.45 rows=1 width=121)
	  Index Cond: (id = 6178138)

table 7 : explain SELECT c FROM sbtest7 WHERE id=9363935
	Index Scan using sbtest7_pkey on sbtest7  (cost=0.43..8.45 rows=1 width=121)
	  Index Cond: (id = 9363935)

table 8 : explain SELECT c FROM sbtest8 WHERE id=1067241
	Index Scan using sbtest8_pkey on sbtest8  (cost=0.43..8.45 rows=1 width=121)
	  Index Cond: (id = 1067241)

for: sum_ranges
table 1 : explain SELECT SUM(k) FROM sbtest1 WHERE id BETWEEN 1680683 AND 1681682
	Aggregate  (cost=4260.21..4260.22 rows=1 width=8)
	  ->  Bitmap Heap Scan on sbtest1  (cost=27.77..4257.45 rows=1106 width=4)
	        Recheck Cond: ((id >= 1680683) AND (id <= 1681682))
	        ->  Bitmap Index Scan on sbtest1_pkey  (cost=0.00..27.50 rows=1106 width=0)
	              Index Cond: ((id >= 1680683) AND (id <= 1681682))

table 2 : explain SELECT SUM(k) FROM sbtest2 WHERE id BETWEEN 3582180 AND 3583179
	Aggregate  (cost=3627.91..3627.92 rows=1 width=8)
	  ->  Bitmap Heap Scan on sbtest2  (cost=22.05..3625.56 rows=938 width=4)
	        Recheck Cond: ((id >= 3582180) AND (id <= 3583179))
	        ->  Bitmap Index Scan on sbtest2_pkey  (cost=0.00..21.82 rows=938 width=0)
	              Index Cond: ((id >= 3582180) AND (id <= 3583179))

table 3 : explain SELECT SUM(k) FROM sbtest3 WHERE id BETWEEN 8116596 AND 8117595
	Aggregate  (cost=3530.06..3530.07 rows=1 width=8)
	  ->  Bitmap Heap Scan on sbtest3  (cost=21.78..3527.78 rows=912 width=4)
	        Recheck Cond: ((id >= 8116596) AND (id <= 8117595))
	        ->  Bitmap Index Scan on sbtest3_pkey  (cost=0.00..21.55 rows=912 width=0)
	              Index Cond: ((id >= 8116596) AND (id <= 8117595))

table 4 : explain SELECT SUM(k) FROM sbtest4 WHERE id BETWEEN 4008906 AND 4009905
	Aggregate  (cost=3688.86..3688.87 rows=1 width=8)
	  ->  Bitmap Heap Scan on sbtest4  (cost=22.21..3686.48 rows=954 width=4)
	        Recheck Cond: ((id >= 4008906) AND (id <= 4009905))
	        ->  Bitmap Index Scan on sbtest4_pkey  (cost=0.00..21.97 rows=954 width=0)
	              Index Cond: ((id >= 4008906) AND (id <= 4009905))

table 5 : explain SELECT SUM(k) FROM sbtest5 WHERE id BETWEEN 7622803 AND 7623802
	Aggregate  (cost=3949.00..3949.01 rows=1 width=8)
	  ->  Bitmap Heap Scan on sbtest5  (cost=22.92..3946.44 rows=1023 width=4)
	        Recheck Cond: ((id >= 7622803) AND (id <= 7623802))
	        ->  Bitmap Index Scan on sbtest5_pkey  (cost=0.00..22.66 rows=1023 width=0)
	              Index Cond: ((id >= 7622803) AND (id <= 7623802))

table 6 : explain SELECT SUM(k) FROM sbtest6 WHERE id BETWEEN 588236 AND 589235
	Aggregate  (cost=3516.17..3516.18 rows=1 width=8)
	  ->  Bitmap Heap Scan on sbtest6  (cost=21.74..3513.90 rows=908 width=4)
	        Recheck Cond: ((id >= 588236) AND (id <= 589235))
	        ->  Bitmap Index Scan on sbtest6_pkey  (cost=0.00..21.51 rows=908 width=0)
	              Index Cond: ((id >= 588236) AND (id <= 589235))

table 7 : explain SELECT SUM(k) FROM sbtest7 WHERE id BETWEEN 946592 AND 947591
	Aggregate  (cost=3753.69..3753.70 rows=1 width=8)
	  ->  Bitmap Heap Scan on sbtest7  (cost=22.39..3751.26 rows=971 width=4)
	        Recheck Cond: ((id >= 946592) AND (id <= 947591))
	        ->  Bitmap Index Scan on sbtest7_pkey  (cost=0.00..22.14 rows=971 width=0)
	              Index Cond: ((id >= 946592) AND (id <= 947591))

table 8 : explain SELECT SUM(k) FROM sbtest8 WHERE id BETWEEN 1259270 AND 1260269
	Aggregate  (cost=3935.74..3935.75 rows=1 width=8)
	  ->  Bitmap Heap Scan on sbtest8  (cost=22.88..3933.20 rows=1019 width=4)
	        Recheck Cond: ((id >= 1259270) AND (id <= 1260269))
	        ->  Bitmap Index Scan on sbtest8_pkey  (cost=0.00..22.62 rows=1019 width=0)
	              Index Cond: ((id >= 1259270) AND (id <= 1260269))

for: sum_ranges
table 1 : explain SELECT SUM(k) FROM sbtest1 WHERE id BETWEEN 2396129 AND 2397128
	Aggregate  (cost=4188.66..4188.67 rows=1 width=8)
	  ->  Bitmap Heap Scan on sbtest1  (cost=23.59..4185.94 rows=1088 width=4)
	        Recheck Cond: ((id >= 2396129) AND (id <= 2397128))
	        ->  Bitmap Index Scan on sbtest1_pkey  (cost=0.00..23.32 rows=1088 width=0)
	              Index Cond: ((id >= 2396129) AND (id <= 2397128))

table 2 : explain SELECT SUM(k) FROM sbtest2 WHERE id BETWEEN 2945827 AND 2946826
	Aggregate  (cost=3940.68..3940.69 rows=1 width=8)
	  ->  Bitmap Heap Scan on sbtest2  (cost=22.90..3938.13 rows=1021 width=4)
	        Recheck Cond: ((id >= 2945827) AND (id <= 2946826))
	        ->  Bitmap Index Scan on sbtest2_pkey  (cost=0.00..22.64 rows=1021 width=0)
	              Index Cond: ((id >= 2945827) AND (id <= 2946826))

table 3 : explain SELECT SUM(k) FROM sbtest3 WHERE id BETWEEN 3361871 AND 3362870
	Aggregate  (cost=3752.72..3752.73 rows=1 width=8)
	  ->  Bitmap Heap Scan on sbtest3  (cost=22.39..3750.29 rows=971 width=4)
	        Recheck Cond: ((id >= 3361871) AND (id <= 3362870))
	        ->  Bitmap Index Scan on sbtest3_pkey  (cost=0.00..22.14 rows=971 width=0)
	              Index Cond: ((id >= 3361871) AND (id <= 3362870))

table 4 : explain SELECT SUM(k) FROM sbtest4 WHERE id BETWEEN 34363 AND 35362
	Aggregate  (cost=3707.72..3707.73 rows=1 width=8)
	  ->  Bitmap Heap Scan on sbtest4  (cost=22.26..3705.33 rows=959 width=4)
	        Recheck Cond: ((id >= 34363) AND (id <= 35362))
	        ->  Bitmap Index Scan on sbtest4_pkey  (cost=0.00..22.02 rows=959 width=0)
	              Index Cond: ((id >= 34363) AND (id <= 35362))

table 5 : explain SELECT SUM(k) FROM sbtest5 WHERE id BETWEEN 3399136 AND 3400135
	Aggregate  (cost=3836.03..3836.04 rows=1 width=8)
	  ->  Bitmap Heap Scan on sbtest5  (cost=22.61..3833.55 rows=993 width=4)
	        Recheck Cond: ((id >= 3399136) AND (id <= 3400135))
	        ->  Bitmap Index Scan on sbtest5_pkey  (cost=0.00..22.36 rows=993 width=0)
	              Index Cond: ((id >= 3399136) AND (id <= 3400135))

table 6 : explain SELECT SUM(k) FROM sbtest6 WHERE id BETWEEN 5923220 AND 5924219
	Aggregate  (cost=3621.97..3621.98 rows=1 width=8)
	  ->  Bitmap Heap Scan on sbtest6  (cost=22.03..3619.63 rows=936 width=4)
	        Recheck Cond: ((id >= 5923220) AND (id <= 5924219))
	        ->  Bitmap Index Scan on sbtest6_pkey  (cost=0.00..21.79 rows=936 width=0)
	              Index Cond: ((id >= 5923220) AND (id <= 5924219))

table 7 : explain SELECT SUM(k) FROM sbtest7 WHERE id BETWEEN 688819 AND 689818
	Aggregate  (cost=3960.92..3960.93 rows=1 width=8)
	  ->  Bitmap Heap Scan on sbtest7  (cost=22.95..3958.36 rows=1026 width=4)
	        Recheck Cond: ((id >= 688819) AND (id <= 689818))
	        ->  Bitmap Index Scan on sbtest7_pkey  (cost=0.00..22.69 rows=1026 width=0)
	              Index Cond: ((id >= 688819) AND (id <= 689818))

table 8 : explain SELECT SUM(k) FROM sbtest8 WHERE id BETWEEN 5899895 AND 5900894
	Aggregate  (cost=3977.17..3977.18 rows=1 width=8)
	  ->  Bitmap Heap Scan on sbtest8  (cost=22.99..3974.60 rows=1030 width=4)
	        Recheck Cond: ((id >= 5899895) AND (id <= 5900894))
	        ->  Bitmap Index Scan on sbtest8_pkey  (cost=0.00..22.73 rows=1030 width=0)
	              Index Cond: ((id >= 5899895) AND (id <= 5900894))

explain: for point_selects :: explain SELECT c FROM sbtest%u WHERE id=%u
for: sum_ranges
table 1 : explain SELECT SUM(k) FROM sbtest1 WHERE id BETWEEN 5763668 AND 5764667
	Aggregate  (cost=3733.42..3733.43 rows=1 width=8)
	  ->  Bitmap Heap Scan on sbtest1  (cost=22.34..3731.00 rows=966 width=4)
	        Recheck Cond: ((id >= 5763668) AND (id <= 5764667))
	        ->  Bitmap Index Scan on sbtest1_pkey  (cost=0.00..22.09 rows=966 width=0)
	              Index Cond: ((id >= 5763668) AND (id <= 5764667))

table 2 : explain SELECT SUM(k) FROM sbtest2 WHERE id BETWEEN 1376558 AND 1377557
	Aggregate  (cost=4143.69..4143.70 rows=1 width=8)
	  ->  Bitmap Heap Scan on sbtest2  (cost=23.45..4141.01 rows=1075 width=4)
	        Recheck Cond: ((id >= 1376558) AND (id <= 1377557))
	        ->  Bitmap Index Scan on sbtest2_pkey  (cost=0.00..23.18 rows=1075 width=0)
	              Index Cond: ((id >= 1376558) AND (id <= 1377557))

table 3 : explain SELECT SUM(k) FROM sbtest3 WHERE id BETWEEN 9355268 AND 9356267
	Aggregate  (cost=4080.22..4080.23 rows=1 width=8)
	  ->  Bitmap Heap Scan on sbtest3  (cost=23.28..4077.57 rows=1058 width=4)
	        Recheck Cond: ((id >= 9355268) AND (id <= 9356267))
	        ->  Bitmap Index Scan on sbtest3_pkey  (cost=0.00..23.01 rows=1058 width=0)
	              Index Cond: ((id >= 9355268) AND (id <= 9356267))

table 4 : explain SELECT SUM(k) FROM sbtest4 WHERE id BETWEEN 1916138 AND 1917137
	Aggregate  (cost=4069.23..4069.24 rows=1 width=8)
	  ->  Bitmap Heap Scan on sbtest4  (cost=23.25..4066.60 rows=1055 width=4)
	        Recheck Cond: ((id >= 1916138) AND (id <= 1917137))
	        ->  Bitmap Index Scan on sbtest4_pkey  (cost=0.00..22.98 rows=1055 width=0)
	              Index Cond: ((id >= 1916138) AND (id <= 1917137))

table 5 : explain SELECT SUM(k) FROM sbtest5 WHERE id BETWEEN 1857086 AND 1858085
	Aggregate  (cost=3481.27..3481.28 rows=1 width=8)
	  ->  Bitmap Heap Scan on sbtest5  (cost=21.65..3479.03 rows=899 width=4)
	        Recheck Cond: ((id >= 1857086) AND (id <= 1858085))
	        ->  Bitmap Index Scan on sbtest5_pkey  (cost=0.00..21.43 rows=899 width=0)
	              Index Cond: ((id >= 1857086) AND (id <= 1858085))

table 6 : explain SELECT SUM(k) FROM sbtest6 WHERE id BETWEEN 8444736 AND 8445735
	Aggregate  (cost=3663.51..3663.52 rows=1 width=8)
	  ->  Bitmap Heap Scan on sbtest6  (cost=22.14..3661.14 rows=947 width=4)
	        Recheck Cond: ((id >= 8444736) AND (id <= 8445735))
	        ->  Bitmap Index Scan on sbtest6_pkey  (cost=0.00..21.90 rows=947 width=0)
	              Index Cond: ((id >= 8444736) AND (id <= 8445735))

table 7 : explain SELECT SUM(k) FROM sbtest7 WHERE id BETWEEN 1830094 AND 1831093
	Aggregate  (cost=3731.06..3731.07 rows=1 width=8)
	  ->  Bitmap Heap Scan on sbtest7  (cost=22.33..3728.64 rows=965 width=4)
	        Recheck Cond: ((id >= 1830094) AND (id <= 1831093))
	        ->  Bitmap Index Scan on sbtest7_pkey  (cost=0.00..22.08 rows=965 width=0)
	              Index Cond: ((id >= 1830094) AND (id <= 1831093))

table 8 : explain SELECT SUM(k) FROM sbtest8 WHERE id BETWEEN 4293304 AND 4294303
	Aggregate  (cost=3633.97..3633.98 rows=1 width=8)
	  ->  Bitmap Heap Scan on sbtest8  (cost=22.06..3631.62 rows=939 width=4)
	        Recheck Cond: ((id >= 4293304) AND (id <= 4294303))
	        ->  Bitmap Index Scan on sbtest8_pkey  (cost=0.00..21.82 rows=939 width=0)
	              Index Cond: ((id >= 4293304) AND (id <= 4294303))

for: simple_ranges
table 1 : explain SELECT c FROM sbtest1 WHERE id BETWEEN 4484594 AND 4485593
	Bitmap Heap Scan on sbtest1  (cost=23.34..4099.59 rows=1064 width=121)
	  Recheck Cond: ((id >= 4484594) AND (id <= 4485593))
	  ->  Bitmap Index Scan on sbtest1_pkey  (cost=0.00..23.07 rows=1064 width=0)
	        Index Cond: ((id >= 4484594) AND (id <= 4485593))

table 2 : explain SELECT c FROM sbtest2 WHERE id BETWEEN 8132270 AND 8133269
	Bitmap Heap Scan on sbtest2  (cost=22.57..3817.73 rows=989 width=121)
	  Recheck Cond: ((id >= 8132270) AND (id <= 8133269))
	  ->  Bitmap Index Scan on sbtest2_pkey  (cost=0.00..22.32 rows=989 width=0)
	        Index Cond: ((id >= 8132270) AND (id <= 8133269))

table 3 : explain SELECT c FROM sbtest3 WHERE id BETWEEN 2097207 AND 2098206
	Bitmap Heap Scan on sbtest3  (cost=22.65..3848.21 rows=997 width=121)
	  Recheck Cond: ((id >= 2097207) AND (id <= 2098206))
	  ->  Bitmap Index Scan on sbtest3_pkey  (cost=0.00..22.40 rows=997 width=0)
	        Index Cond: ((id >= 2097207) AND (id <= 2098206))

table 4 : explain SELECT c FROM sbtest4 WHERE id BETWEEN 198801 AND 199800
	Bitmap Heap Scan on sbtest4  (cost=22.92..3946.31 rows=1023 width=121)
	  Recheck Cond: ((id >= 198801) AND (id <= 199800))
	  ->  Bitmap Index Scan on sbtest4_pkey  (cost=0.00..22.66 rows=1023 width=0)
	        Index Cond: ((id >= 198801) AND (id <= 199800))

table 5 : explain SELECT c FROM sbtest5 WHERE id BETWEEN 2877583 AND 2878582
	Bitmap Heap Scan on sbtest5  (cost=23.16..4032.92 rows=1046 width=121)
	  Recheck Cond: ((id >= 2877583) AND (id <= 2878582))
	  ->  Bitmap Index Scan on sbtest5_pkey  (cost=0.00..22.89 rows=1046 width=0)
	        Index Cond: ((id >= 2877583) AND (id <= 2878582))

table 6 : explain SELECT c FROM sbtest6 WHERE id BETWEEN 9244032 AND 9245031
	Bitmap Heap Scan on sbtest6  (cost=22.97..3966.31 rows=1028 width=121)
	  Recheck Cond: ((id >= 9244032) AND (id <= 9245031))
	  ->  Bitmap Index Scan on sbtest6_pkey  (cost=0.00..22.71 rows=1028 width=0)
	        Index Cond: ((id >= 9244032) AND (id <= 9245031))

table 7 : explain SELECT c FROM sbtest7 WHERE id BETWEEN 1139240 AND 1140239
	Bitmap Heap Scan on sbtest7  (cost=22.63..3841.68 rows=995 width=121)
	  Recheck Cond: ((id >= 1139240) AND (id <= 1140239))
	  ->  Bitmap Index Scan on sbtest7_pkey  (cost=0.00..22.39 rows=995 width=0)
	        Index Cond: ((id >= 1139240) AND (id <= 1140239))

table 8 : explain SELECT c FROM sbtest8 WHERE id BETWEEN 4474641 AND 4475640
	Bitmap Heap Scan on sbtest8  (cost=22.78..3895.55 rows=1009 width=121)
	  Recheck Cond: ((id >= 4474641) AND (id <= 4475640))
	  ->  Bitmap Index Scan on sbtest8_pkey  (cost=0.00..22.52 rows=1009 width=0)
	        Index Cond: ((id >= 4474641) AND (id <= 4475640))

for: order_ranges
table 1 : explain SELECT c FROM sbtest1 WHERE id BETWEEN 7534184 AND 7535183 ORDER BY c
	Sort  (cost=3901.21..3903.70 rows=998 width=121)
	  Sort Key: c
	  ->  Bitmap Heap Scan on sbtest1  (cost=22.66..3851.49 rows=998 width=121)
	        Recheck Cond: ((id >= 7534184) AND (id <= 7535183))
	        ->  Bitmap Index Scan on sbtest1_pkey  (cost=0.00..22.41 rows=998 width=0)
	              Index Cond: ((id >= 7534184) AND (id <= 7535183))

table 2 : explain SELECT c FROM sbtest2 WHERE id BETWEEN 727020 AND 728019 ORDER BY c
	Sort  (cost=3805.77..3808.21 rows=973 width=121)
	  Sort Key: c
	  ->  Bitmap Heap Scan on sbtest2  (cost=22.41..3757.48 rows=973 width=121)
	        Recheck Cond: ((id >= 727020) AND (id <= 728019))
	        ->  Bitmap Index Scan on sbtest2_pkey  (cost=0.00..22.16 rows=973 width=0)
	              Index Cond: ((id >= 727020) AND (id <= 728019))

table 3 : explain SELECT c FROM sbtest3 WHERE id BETWEEN 3121586 AND 3122585 ORDER BY c
	Sort  (cost=3886.40..3888.88 rows=994 width=121)
	  Sort Key: c
	  ->  Bitmap Heap Scan on sbtest3  (cost=22.62..3836.91 rows=994 width=121)
	        Recheck Cond: ((id >= 3121586) AND (id <= 3122585))
	        ->  Bitmap Index Scan on sbtest3_pkey  (cost=0.00..22.37 rows=994 width=0)
	              Index Cond: ((id >= 3121586) AND (id <= 3122585))

table 4 : explain SELECT c FROM sbtest4 WHERE id BETWEEN 9373824 AND 9374823 ORDER BY c
	Sort  (cost=3737.52..3739.90 rows=955 width=121)
	  Sort Key: c
	  ->  Bitmap Heap Scan on sbtest4  (cost=22.22..3690.25 rows=955 width=121)
	        Recheck Cond: ((id >= 9373824) AND (id <= 9374823))
	        ->  Bitmap Index Scan on sbtest4_pkey  (cost=0.00..21.98 rows=955 width=0)
	              Index Cond: ((id >= 9373824) AND (id <= 9374823))

table 5 : explain SELECT c FROM sbtest5 WHERE id BETWEEN 6203708 AND 6204707 ORDER BY c
	Sort  (cost=3875.33..3877.81 rows=991 width=121)
	  Sort Key: c
	  ->  Bitmap Heap Scan on sbtest5  (cost=22.59..3826.01 rows=991 width=121)
	        Recheck Cond: ((id >= 6203708) AND (id <= 6204707))
	        ->  Bitmap Index Scan on sbtest5_pkey  (cost=0.00..22.34 rows=991 width=0)
	              Index Cond: ((id >= 6203708) AND (id <= 6204707))

table 6 : explain SELECT c FROM sbtest6 WHERE id BETWEEN 3140538 AND 3141537 ORDER BY c
	Sort  (cost=4193.30..4195.99 rows=1074 width=121)
	  Sort Key: c
	  ->  Bitmap Heap Scan on sbtest6  (cost=23.44..4139.23 rows=1074 width=121)
	        Recheck Cond: ((id >= 3140538) AND (id <= 3141537))
	        ->  Bitmap Index Scan on sbtest6_pkey  (cost=0.00..23.18 rows=1074 width=0)
	              Index Cond: ((id >= 3140538) AND (id <= 3141537))

table 7 : explain SELECT c FROM sbtest7 WHERE id BETWEEN 2193134 AND 2194133 ORDER BY c
	Sort  (cost=4189.04..4191.72 rows=1073 width=121)
	  Sort Key: c
	  ->  Bitmap Heap Scan on sbtest7  (cost=23.43..4135.02 rows=1073 width=121)
	        Recheck Cond: ((id >= 2193134) AND (id <= 2194133))
	        ->  Bitmap Index Scan on sbtest7_pkey  (cost=0.00..23.16 rows=1073 width=0)
	              Index Cond: ((id >= 2193134) AND (id <= 2194133))

table 8 : explain SELECT c FROM sbtest8 WHERE id BETWEEN 3607999 AND 3608998 ORDER BY c
	Sort  (cost=3999.40..4001.95 rows=1023 width=121)
	  Sort Key: c
	  ->  Bitmap Heap Scan on sbtest8  (cost=22.92..3948.25 rows=1023 width=121)
	        Recheck Cond: ((id >= 3607999) AND (id <= 3608998))
	        ->  Bitmap Index Scan on sbtest8_pkey  (cost=0.00..22.66 rows=1023 width=0)
	              Index Cond: ((id >= 3607999) AND (id <= 3608998))

for: sum_ranges
table 1 : explain SELECT SUM(k) FROM sbtest1 WHERE id BETWEEN 4202720 AND 4203719
	Aggregate  (cost=3639.13..3639.14 rows=1 width=8)
	  ->  Bitmap Heap Scan on sbtest1  (cost=22.08..3636.77 rows=941 width=4)
	        Recheck Cond: ((id >= 4202720) AND (id <= 4203719))
	        ->  Bitmap Index Scan on sbtest1_pkey  (cost=0.00..21.84 rows=941 width=0)
	              Index Cond: ((id >= 4202720) AND (id <= 4203719))

table 2 : explain SELECT SUM(k) FROM sbtest2 WHERE id BETWEEN 9959356 AND 9960355
	Aggregate  (cost=3903.05..3903.06 rows=1 width=8)
	  ->  Bitmap Heap Scan on sbtest2  (cost=22.80..3900.52 rows=1011 width=4)
	        Recheck Cond: ((id >= 9959356) AND (id <= 9960355))
	        ->  Bitmap Index Scan on sbtest2_pkey  (cost=0.00..22.54 rows=1011 width=0)
	              Index Cond: ((id >= 9959356) AND (id <= 9960355))

table 3 : explain SELECT SUM(k) FROM sbtest3 WHERE id BETWEEN 4609935 AND 4610934
	Aggregate  (cost=3858.23..3858.24 rows=1 width=8)
	  ->  Bitmap Heap Scan on sbtest3  (cost=22.67..3855.73 rows=999 width=4)
	        Recheck Cond: ((id >= 4609935) AND (id <= 4610934))
	        ->  Bitmap Index Scan on sbtest3_pkey  (cost=0.00..22.43 rows=999 width=0)
	              Index Cond: ((id >= 4609935) AND (id <= 4610934))

table 4 : explain SELECT SUM(k) FROM sbtest4 WHERE id BETWEEN 5465966 AND 5466965
	Aggregate  (cost=4133.13..4133.14 rows=1 width=8)
	  ->  Bitmap Heap Scan on sbtest4  (cost=23.42..4130.45 rows=1072 width=4)
	        Recheck Cond: ((id >= 5465966) AND (id <= 5466965))
	        ->  Bitmap Index Scan on sbtest4_pkey  (cost=0.00..23.15 rows=1072 width=0)
	              Index Cond: ((id >= 5465966) AND (id <= 5466965))

table 5 : explain SELECT SUM(k) FROM sbtest5 WHERE id BETWEEN 1655692 AND 1656691
	Aggregate  (cost=3643.70..3643.71 rows=1 width=8)
	  ->  Bitmap Heap Scan on sbtest5  (cost=22.09..3641.35 rows=942 width=4)
	        Recheck Cond: ((id >= 1655692) AND (id <= 1656691))
	        ->  Bitmap Index Scan on sbtest5_pkey  (cost=0.00..21.86 rows=942 width=0)
	              Index Cond: ((id >= 1655692) AND (id <= 1656691))

table 6 : explain SELECT SUM(k) FROM sbtest6 WHERE id BETWEEN 9653240 AND 9654239
	Aggregate  (cost=3633.30..3633.31 rows=1 width=8)
	  ->  Bitmap Heap Scan on sbtest6  (cost=22.06..3630.95 rows=939 width=4)
	        Recheck Cond: ((id >= 9653240) AND (id <= 9654239))
	        ->  Bitmap Index Scan on sbtest6_pkey  (cost=0.00..21.82 rows=939 width=0)
	              Index Cond: ((id >= 9653240) AND (id <= 9654239))

table 7 : explain SELECT SUM(k) FROM sbtest7 WHERE id BETWEEN 3443454 AND 3444453
	Aggregate  (cost=3787.63..3787.64 rows=1 width=8)
	  ->  Bitmap Heap Scan on sbtest7  (cost=22.48..3785.18 rows=980 width=4)
	        Recheck Cond: ((id >= 3443454) AND (id <= 3444453))
	        ->  Bitmap Index Scan on sbtest7_pkey  (cost=0.00..22.23 rows=980 width=0)
	              Index Cond: ((id >= 3443454) AND (id <= 3444453))

table 8 : explain SELECT SUM(k) FROM sbtest8 WHERE id BETWEEN 3964717 AND 3965716
	Aggregate  (cost=3649.08..3649.09 rows=1 width=8)
	  ->  Bitmap Heap Scan on sbtest8  (cost=22.10..3646.72 rows=943 width=4)
	        Recheck Cond: ((id >= 3964717) AND (id <= 3965716))
	        ->  Bitmap Index Scan on sbtest8_pkey  (cost=0.00..21.86 rows=943 width=0)
	              Index Cond: ((id >= 3964717) AND (id <= 3965716))

for: order_ranges
table 1 : explain SELECT c FROM sbtest1 WHERE id BETWEEN 991951 AND 992950 ORDER BY c
	Sort  (cost=3801.84..3804.27 rows=972 width=121)
	  Sort Key: c
	  ->  Bitmap Heap Scan on sbtest1  (cost=22.40..3753.61 rows=972 width=121)
	        Recheck Cond: ((id >= 991951) AND (id <= 992950))
	        ->  Bitmap Index Scan on sbtest1_pkey  (cost=0.00..22.15 rows=972 width=0)
	              Index Cond: ((id >= 991951) AND (id <= 992950))

table 2 : explain SELECT c FROM sbtest2 WHERE id BETWEEN 7178582 AND 7179581 ORDER BY c
	Sort  (cost=4027.33..4029.91 rows=1031 width=121)
	  Sort Key: c
	  ->  Bitmap Heap Scan on sbtest2  (cost=23.00..3975.73 rows=1031 width=121)
	        Recheck Cond: ((id >= 7178582) AND (id <= 7179581))
	        ->  Bitmap Index Scan on sbtest2_pkey  (cost=0.00..22.75 rows=1031 width=0)
	              Index Cond: ((id >= 7178582) AND (id <= 7179581))

table 3 : explain SELECT c FROM sbtest3 WHERE id BETWEEN 7370647 AND 7371646 ORDER BY c
	Sort  (cost=3714.31..3716.68 rows=949 width=121)
	  Sort Key: c
	  ->  Bitmap Heap Scan on sbtest3  (cost=22.16..3667.38 rows=949 width=121)
	        Recheck Cond: ((id >= 7370647) AND (id <= 7371646))
	        ->  Bitmap Index Scan on sbtest3_pkey  (cost=0.00..21.93 rows=949 width=0)
	              Index Cond: ((id >= 7370647) AND (id <= 7371646))

table 4 : explain SELECT c FROM sbtest4 WHERE id BETWEEN 7115627 AND 7116626 ORDER BY c
	Sort  (cost=3722.21..3724.59 rows=951 width=121)
	  Sort Key: c
	  ->  Bitmap Heap Scan on sbtest4  (cost=22.18..3675.17 rows=951 width=121)
	        Recheck Cond: ((id >= 7115627) AND (id <= 7116626))
	        ->  Bitmap Index Scan on sbtest4_pkey  (cost=0.00..21.94 rows=951 width=0)
	              Index Cond: ((id >= 7115627) AND (id <= 7116626))

table 5 : explain SELECT c FROM sbtest5 WHERE id BETWEEN 6743568 AND 6744567 ORDER BY c
	Sort  (cost=3511.63..3513.87 rows=896 width=121)
	  Sort Key: c
	  ->  Bitmap Heap Scan on sbtest5  (cost=21.62..3467.69 rows=896 width=121)
	        Recheck Cond: ((id >= 6743568) AND (id <= 6744567))
	        ->  Bitmap Index Scan on sbtest5_pkey  (cost=0.00..21.39 rows=896 width=0)
	              Index Cond: ((id >= 6743568) AND (id <= 6744567))

table 6 : explain SELECT c FROM sbtest6 WHERE id BETWEEN 1101565 AND 1102564 ORDER BY c
	Sort  (cost=3688.81..3691.16 rows=942 width=121)
	  Sort Key: c
	  ->  Bitmap Heap Scan on sbtest6  (cost=22.09..3642.27 rows=942 width=121)
	        Recheck Cond: ((id >= 1101565) AND (id <= 1102564))
	        ->  Bitmap Index Scan on sbtest6_pkey  (cost=0.00..21.86 rows=942 width=0)
	              Index Cond: ((id >= 1101565) AND (id <= 1102564))

table 7 : explain SELECT c FROM sbtest7 WHERE id BETWEEN 5452124 AND 5453123 ORDER BY c
	Sort  (cost=3646.30..3648.63 rows=931 width=121)
	  Sort Key: c
	  ->  Bitmap Heap Scan on sbtest7  (cost=21.98..3600.39 rows=931 width=121)
	        Recheck Cond: ((id >= 5452124) AND (id <= 5453123))
	        ->  Bitmap Index Scan on sbtest7_pkey  (cost=0.00..21.75 rows=931 width=0)
	              Index Cond: ((id >= 5452124) AND (id <= 5453123))

table 8 : explain SELECT c FROM sbtest8 WHERE id BETWEEN 1584674 AND 1585673 ORDER BY c
	Sort  (cost=3922.95..3925.46 rows=1003 width=121)
	  Sort Key: c
	  ->  Bitmap Heap Scan on sbtest8  (cost=22.72..3872.95 rows=1003 width=121)
	        Recheck Cond: ((id >= 1584674) AND (id <= 1585673))
	        ->  Bitmap Index Scan on sbtest8_pkey  (cost=0.00..22.46 rows=1003 width=0)
	              Index Cond: ((id >= 1584674) AND (id <= 1585673))

for: distinct_ranges
table 1 : explain SELECT DISTINCT c FROM sbtest1 WHERE id BETWEEN 2062744 AND 2063743 ORDER BY c
	Unique  (cost=4031.03..4036.19 rows=1032 width=121)
	  ->  Sort  (cost=4031.03..4033.61 rows=1032 width=121)
	        Sort Key: c
	        ->  Bitmap Heap Scan on sbtest1  (cost=23.01..3979.37 rows=1032 width=121)
	              Recheck Cond: ((id >= 2062744) AND (id <= 2063743))
	              ->  Bitmap Index Scan on sbtest1_pkey  (cost=0.00..22.75 rows=1032 width=0)
	                    Index Cond: ((id >= 2062744) AND (id <= 2063743))

table 2 : explain SELECT DISTINCT c FROM sbtest2 WHERE id BETWEEN 8263808 AND 8264807 ORDER BY c
	Unique  (cost=3847.82..3852.74 rows=984 width=121)
	  ->  Sort  (cost=3847.82..3850.28 rows=984 width=121)
	        Sort Key: c
	        ->  Bitmap Heap Scan on sbtest2  (cost=22.52..3798.91 rows=984 width=121)
	              Recheck Cond: ((id >= 8263808) AND (id <= 8264807))
	              ->  Bitmap Index Scan on sbtest2_pkey  (cost=0.00..22.27 rows=984 width=0)
	                    Index Cond: ((id >= 8263808) AND (id <= 8264807))

table 3 : explain SELECT DISTINCT c FROM sbtest3 WHERE id BETWEEN 3909914 AND 3910913 ORDER BY c
	Unique  (cost=4294.88..4300.38 rows=1101 width=121)
	  ->  Sort  (cost=4294.88..4297.63 rows=1101 width=121)
	        Sort Key: c
	        ->  Bitmap Heap Scan on sbtest3  (cost=27.72..4239.25 rows=1101 width=121)
	              Recheck Cond: ((id >= 3909914) AND (id <= 3910913))
	              ->  Bitmap Index Scan on sbtest3_pkey  (cost=0.00..27.44 rows=1101 width=0)
	                    Index Cond: ((id >= 3909914) AND (id <= 3910913))

table 4 : explain SELECT DISTINCT c FROM sbtest4 WHERE id BETWEEN 5018252 AND 5019251 ORDER BY c
	Unique  (cost=4214.90..4220.30 rows=1080 width=121)
	  ->  Sort  (cost=4214.90..4217.60 rows=1080 width=121)
	        Sort Key: c
	        ->  Bitmap Heap Scan on sbtest4  (cost=23.50..4160.48 rows=1080 width=121)
	              Recheck Cond: ((id >= 5018252) AND (id <= 5019251))
	              ->  Bitmap Index Scan on sbtest4_pkey  (cost=0.00..23.23 rows=1080 width=0)
	                    Index Cond: ((id >= 5018252) AND (id <= 5019251))

table 5 : explain SELECT DISTINCT c FROM sbtest5 WHERE id BETWEEN 2882920 AND 2883919 ORDER BY c
	Unique  (cost=4085.38..4090.61 rows=1046 width=121)
	  ->  Sort  (cost=4085.38..4088.00 rows=1046 width=121)
	        Sort Key: c
	        ->  Bitmap Heap Scan on sbtest5  (cost=23.16..4032.92 rows=1046 width=121)
	              Recheck Cond: ((id >= 2882920) AND (id <= 2883919))
	              ->  Bitmap Index Scan on sbtest5_pkey  (cost=0.00..22.89 rows=1046 width=0)
	                    Index Cond: ((id >= 2882920) AND (id <= 2883919))

table 6 : explain SELECT DISTINCT c FROM sbtest6 WHERE id BETWEEN 6336587 AND 6337586 ORDER BY c
	Unique  (cost=4105.55..4110.80 rows=1051 width=121)
	  ->  Sort  (cost=4105.55..4108.18 rows=1051 width=121)
	        Sort Key: c
	        ->  Bitmap Heap Scan on sbtest6  (cost=23.21..4052.80 rows=1051 width=121)
	              Recheck Cond: ((id >= 6336587) AND (id <= 6337586))
	              ->  Bitmap Index Scan on sbtest6_pkey  (cost=0.00..22.94 rows=1051 width=0)
	                    Index Cond: ((id >= 6336587) AND (id <= 6337586))

table 7 : explain SELECT DISTINCT c FROM sbtest7 WHERE id BETWEEN 769429 AND 770428 ORDER BY c
	Unique  (cost=3768.83..3773.64 rows=963 width=121)
	  ->  Sort  (cost=3768.83..3771.23 rows=963 width=121)
	        Sort Key: c
	        ->  Bitmap Heap Scan on sbtest7  (cost=22.31..3721.10 rows=963 width=121)
	              Recheck Cond: ((id >= 769429) AND (id <= 770428))
	              ->  Bitmap Index Scan on sbtest7_pkey  (cost=0.00..22.07 rows=963 width=0)
	                    Index Cond: ((id >= 769429) AND (id <= 770428))

table 8 : explain SELECT DISTINCT c FROM sbtest8 WHERE id BETWEEN 4342819 AND 4343818 ORDER BY c
	Unique  (cost=3677.99..3682.68 rows=939 width=121)
	  ->  Sort  (cost=3677.99..3680.33 rows=939 width=121)
	        Sort Key: c
	        ->  Bitmap Heap Scan on sbtest8  (cost=22.06..3631.62 rows=939 width=121)
	              Recheck Cond: ((id >= 4342819) AND (id <= 4343818))
	              ->  Bitmap Index Scan on sbtest8_pkey  (cost=0.00..21.82 rows=939 width=0)
	                    Index Cond: ((id >= 4342819) AND (id <= 4343818))

for: sum_ranges
table 1 : explain SELECT SUM(k) FROM sbtest1 WHERE id BETWEEN 8861503 AND 8862502
	Aggregate  (cost=3835.16..3835.17 rows=1 width=8)
	  ->  Bitmap Heap Scan on sbtest1  (cost=22.61..3832.68 rows=993 width=4)
	        Recheck Cond: ((id >= 8861503) AND (id <= 8862502))
	        ->  Bitmap Index Scan on sbtest1_pkey  (cost=0.00..22.36 rows=993 width=0)
	              Index Cond: ((id >= 8861503) AND (id <= 8862502))

table 2 : explain SELECT SUM(k) FROM sbtest2 WHERE id BETWEEN 2701260 AND 2702259
	Aggregate  (cost=4196.29..4196.30 rows=1 width=8)
	  ->  Bitmap Heap Scan on sbtest2  (cost=23.61..4193.57 rows=1090 width=4)
	        Recheck Cond: ((id >= 2701260) AND (id <= 2702259))
	        ->  Bitmap Index Scan on sbtest2_pkey  (cost=0.00..23.33 rows=1090 width=0)
	              Index Cond: ((id >= 2701260) AND (id <= 2702259))

table 3 : explain SELECT SUM(k) FROM sbtest3 WHERE id BETWEEN 281220 AND 282219
	Aggregate  (cost=4061.42..4061.43 rows=1 width=8)
	  ->  Bitmap Heap Scan on sbtest3  (cost=23.23..4058.79 rows=1053 width=4)
	        Recheck Cond: ((id >= 281220) AND (id <= 282219))
	        ->  Bitmap Index Scan on sbtest3_pkey  (cost=0.00..22.96 rows=1053 width=0)
	              Index Cond: ((id >= 281220) AND (id <= 282219))

table 4 : explain SELECT SUM(k) FROM sbtest4 WHERE id BETWEEN 337455 AND 338454
	Aggregate  (cost=3741.67..3741.68 rows=1 width=8)
	  ->  Bitmap Heap Scan on sbtest4  (cost=22.36..3739.25 rows=968 width=4)
	        Recheck Cond: ((id >= 337455) AND (id <= 338454))
	        ->  Bitmap Index Scan on sbtest4_pkey  (cost=0.00..22.11 rows=968 width=0)
	              Index Cond: ((id >= 337455) AND (id <= 338454))

table 5 : explain SELECT SUM(k) FROM sbtest5 WHERE id BETWEEN 8957862 AND 8958861
	Aggregate  (cost=4167.09..4167.10 rows=1 width=8)
	  ->  Bitmap Heap Scan on sbtest5  (cost=23.52..4164.39 rows=1081 width=4)
	        Recheck Cond: ((id >= 8957862) AND (id <= 8958861))
	        ->  Bitmap Index Scan on sbtest5_pkey  (cost=0.00..23.25 rows=1081 width=0)
	              Index Cond: ((id >= 8957862) AND (id <= 8958861))

table 6 : explain SELECT SUM(k) FROM sbtest6 WHERE id BETWEEN 1506677 AND 1507676
	Aggregate  (cost=3689.93..3689.94 rows=1 width=8)
	  ->  Bitmap Heap Scan on sbtest6  (cost=22.21..3687.55 rows=954 width=4)
	        Recheck Cond: ((id >= 1506677) AND (id <= 1507676))
	        ->  Bitmap Index Scan on sbtest6_pkey  (cost=0.00..21.97 rows=954 width=0)
	              Index Cond: ((id >= 1506677) AND (id <= 1507676))

table 7 : explain SELECT SUM(k) FROM sbtest7 WHERE id BETWEEN 6267074 AND 6268073
	Aggregate  (cost=3866.77..3866.78 rows=1 width=8)
	  ->  Bitmap Heap Scan on sbtest7  (cost=22.70..3864.27 rows=1001 width=4)
	        Recheck Cond: ((id >= 6267074) AND (id <= 6268073))
	        ->  Bitmap Index Scan on sbtest7_pkey  (cost=0.00..22.44 rows=1001 width=0)
	              Index Cond: ((id >= 6267074) AND (id <= 6268073))

table 8 : explain SELECT SUM(k) FROM sbtest8 WHERE id BETWEEN 2065385 AND 2066384
	Aggregate  (cost=3980.94..3980.95 rows=1 width=8)
	  ->  Bitmap Heap Scan on sbtest8  (cost=23.00..3978.36 rows=1031 width=4)
	        Recheck Cond: ((id >= 2065385) AND (id <= 2066384))
	        ->  Bitmap Index Scan on sbtest8_pkey  (cost=0.00..22.75 rows=1031 width=0)
	              Index Cond: ((id >= 2065385) AND (id <= 2066384))

for point_selects
table 1 : explain SELECT c FROM sbtest1 WHERE id=1444868
	Index Scan using sbtest1_pkey on sbtest1  (cost=0.43..8.45 rows=1 width=121)
	  Index Cond: (id = 1444868)

table 2 : explain SELECT c FROM sbtest2 WHERE id=713702
	Index Scan using sbtest2_pkey on sbtest2  (cost=0.43..8.45 rows=1 width=121)
	  Index Cond: (id = 713702)

table 3 : explain SELECT c FROM sbtest3 WHERE id=8199343
	Index Scan using sbtest3_pkey on sbtest3  (cost=0.43..8.45 rows=1 width=121)
	  Index Cond: (id = 8199343)

table 4 : explain SELECT c FROM sbtest4 WHERE id=1467093
	Index Scan using sbtest4_pkey on sbtest4  (cost=0.43..8.45 rows=1 width=121)
	  Index Cond: (id = 1467093)

table 5 : explain SELECT c FROM sbtest5 WHERE id=9284723
	Index Scan using sbtest5_pkey on sbtest5  (cost=0.43..8.45 rows=1 width=121)
	  Index Cond: (id = 9284723)

table 6 : explain SELECT c FROM sbtest6 WHERE id=2881998
	Index Scan using sbtest6_pkey on sbtest6  (cost=0.43..8.45 rows=1 width=121)
	  Index Cond: (id = 2881998)

table 7 : explain SELECT c FROM sbtest7 WHERE id=8329710
	Index Scan using sbtest7_pkey on sbtest7  (cost=0.43..8.45 rows=1 width=121)
	  Index Cond: (id = 8329710)

table 8 : explain SELECT c FROM sbtest8 WHERE id=9522159
	Index Scan using sbtest8_pkey on sbtest8  (cost=0.43..8.45 rows=1 width=121)
	  Index Cond: (id = 9522159)

for: simple_ranges
table 1 : explain SELECT c FROM sbtest1 WHERE id BETWEEN 9114540 AND 9115539
	Bitmap Heap Scan on sbtest1  (cost=22.33..3727.24 rows=965 width=121)
	  Recheck Cond: ((id >= 9114540) AND (id <= 9115539))
	  ->  Bitmap Index Scan on sbtest1_pkey  (cost=0.00..22.08 rows=965 width=0)
	        Index Cond: ((id >= 9114540) AND (id <= 9115539))

table 2 : explain SELECT c FROM sbtest2 WHERE id BETWEEN 6547169 AND 6548168
	Bitmap Heap Scan on sbtest2  (cost=22.36..3738.65 rows=968 width=121)
	  Recheck Cond: ((id >= 6547169) AND (id <= 6548168))
	  ->  Bitmap Index Scan on sbtest2_pkey  (cost=0.00..22.11 rows=968 width=0)
	        Index Cond: ((id >= 6547169) AND (id <= 6548168))

table 3 : explain SELECT c FROM sbtest3 WHERE id BETWEEN 1615243 AND 1616242
	Bitmap Heap Scan on sbtest3  (cost=23.11..4013.70 rows=1041 width=121)
	  Recheck Cond: ((id >= 1615243) AND (id <= 1616242))
	  ->  Bitmap Index Scan on sbtest3_pkey  (cost=0.00..22.84 rows=1041 width=0)
	        Index Cond: ((id >= 1615243) AND (id <= 1616242))

table 4 : explain SELECT c FROM sbtest4 WHERE id BETWEEN 6562600 AND 6563599
	Bitmap Heap Scan on sbtest4  (cost=21.78..3528.01 rows=912 width=121)
	  Recheck Cond: ((id >= 6562600) AND (id <= 6563599))
	  ->  Bitmap Index Scan on sbtest4_pkey  (cost=0.00..21.55 rows=912 width=0)
	        Index Cond: ((id >= 6562600) AND (id <= 6563599))

table 5 : explain SELECT c FROM sbtest5 WHERE id BETWEEN 4939071 AND 4940070
	Bitmap Heap Scan on sbtest5  (cost=22.34..3731.84 rows=966 width=121)
	  Recheck Cond: ((id >= 4939071) AND (id <= 4940070))
	  ->  Bitmap Index Scan on sbtest5_pkey  (cost=0.00..22.09 rows=966 width=0)
	        Index Cond: ((id >= 4939071) AND (id <= 4940070))

table 6 : explain SELECT c FROM sbtest6 WHERE id BETWEEN 8079359 AND 8080358
	Bitmap Heap Scan on sbtest6  (cost=22.14..3661.14 rows=947 width=121)
	  Recheck Cond: ((id >= 8079359) AND (id <= 8080358))
	  ->  Bitmap Index Scan on sbtest6_pkey  (cost=0.00..21.90 rows=947 width=0)
	        Index Cond: ((id >= 8079359) AND (id <= 8080358))

table 7 : explain SELECT c FROM sbtest7 WHERE id BETWEEN 6958979 AND 6959978
	Bitmap Heap Scan on sbtest7  (cost=22.73..3875.57 rows=1004 width=121)
	  Recheck Cond: ((id >= 6958979) AND (id <= 6959978))
	  ->  Bitmap Index Scan on sbtest7_pkey  (cost=0.00..22.47 rows=1004 width=0)
	        Index Cond: ((id >= 6958979) AND (id <= 6959978))

table 8 : explain SELECT c FROM sbtest8 WHERE id BETWEEN 9704920 AND 9705919
	Bitmap Heap Scan on sbtest8  (cost=21.90..3571.21 rows=923 width=121)
	  Recheck Cond: ((id >= 9704920) AND (id <= 9705919))
	  ->  Bitmap Index Scan on sbtest8_pkey  (cost=0.00..21.66 rows=923 width=0)
	        Index Cond: ((id >= 9704920) AND (id <= 9705919))

for: order_ranges
table 1 : explain SELECT c FROM sbtest1 WHERE id BETWEEN 9446884 AND 9447883 ORDER BY c
	Sort  (cost=3824.78..3827.22 rows=978 width=121)
	  Sort Key: c
	  ->  Bitmap Heap Scan on sbtest1  (cost=22.46..3776.20 rows=978 width=121)
	        Recheck Cond: ((id >= 9446884) AND (id <= 9447883))
	        ->  Bitmap Index Scan on sbtest1_pkey  (cost=0.00..22.21 rows=978 width=0)
	              Index Cond: ((id >= 9446884) AND (id <= 9447883))

table 2 : explain SELECT c FROM sbtest2 WHERE id BETWEEN 965719 AND 966718 ORDER BY c
	Sort  (cost=4347.76..4350.55 rows=1115 width=121)
	  Sort Key: c
	  ->  Bitmap Heap Scan on sbtest2  (cost=27.86..4291.32 rows=1115 width=121)
	        Recheck Cond: ((id >= 965719) AND (id <= 966718))
	        ->  Bitmap Index Scan on sbtest2_pkey  (cost=0.00..27.58 rows=1115 width=0)
	              Index Cond: ((id >= 965719) AND (id <= 966718))

table 3 : explain SELECT c FROM sbtest3 WHERE id BETWEEN 5540798 AND 5541797 ORDER BY c
	Sort  (cost=3936.07..3938.59 rows=1007 width=121)
	  Sort Key: c
	  ->  Bitmap Heap Scan on sbtest3  (cost=22.76..3885.84 rows=1007 width=121)
	        Recheck Cond: ((id >= 5540798) AND (id <= 5541797))
	        ->  Bitmap Index Scan on sbtest3_pkey  (cost=0.00..22.50 rows=1007 width=0)
	              Index Cond: ((id >= 5540798) AND (id <= 5541797))

table 4 : explain SELECT c FROM sbtest4 WHERE id BETWEEN 3447179 AND 3448178 ORDER BY c
	Sort  (cost=3553.69..3555.95 rows=907 width=121)
	  Sort Key: c
	  ->  Bitmap Heap Scan on sbtest4  (cost=21.73..3509.13 rows=907 width=121)
	        Recheck Cond: ((id >= 3447179) AND (id <= 3448178))
	        ->  Bitmap Index Scan on sbtest4_pkey  (cost=0.00..21.50 rows=907 width=0)
	              Index Cond: ((id >= 3447179) AND (id <= 3448178))

table 5 : explain SELECT c FROM sbtest5 WHERE id BETWEEN 3688423 AND 3689422 ORDER BY c
	Sort  (cost=4077.75..4080.36 rows=1044 width=121)
	  Sort Key: c
	  ->  Bitmap Heap Scan on sbtest5  (cost=23.14..4025.40 rows=1044 width=121)
	        Recheck Cond: ((id >= 3688423) AND (id <= 3689422))
	        ->  Bitmap Index Scan on sbtest5_pkey  (cost=0.00..22.87 rows=1044 width=0)
	              Index Cond: ((id >= 3688423) AND (id <= 3689422))

table 6 : explain SELECT c FROM sbtest6 WHERE id BETWEEN 2168120 AND 2169119 ORDER BY c
	Sort  (cost=3899.27..3901.76 rows=997 width=121)
	  Sort Key: c
	  ->  Bitmap Heap Scan on sbtest6  (cost=22.65..3849.61 rows=997 width=121)
	        Recheck Cond: ((id >= 2168120) AND (id <= 2169119))
	        ->  Bitmap Index Scan on sbtest6_pkey  (cost=0.00..22.40 rows=997 width=0)
	              Index Cond: ((id >= 2168120) AND (id <= 2169119))

table 7 : explain SELECT c FROM sbtest7 WHERE id BETWEEN 3037494 AND 3038493 ORDER BY c
	Sort  (cost=4082.21..4084.83 rows=1045 width=121)
	  Sort Key: c
	  ->  Bitmap Heap Scan on sbtest7  (cost=23.15..4029.81 rows=1045 width=121)
	        Recheck Cond: ((id >= 3037494) AND (id <= 3038493))
	        ->  Bitmap Index Scan on sbtest7_pkey  (cost=0.00..22.89 rows=1045 width=0)
	              Index Cond: ((id >= 3037494) AND (id <= 3038493))

table 8 : explain SELECT c FROM sbtest8 WHERE id BETWEEN 4655688 AND 4656687 ORDER BY c
	Sort  (cost=3555.31..3557.58 rows=907 width=121)
	  Sort Key: c
	  ->  Bitmap Heap Scan on sbtest8  (cost=21.73..3510.76 rows=907 width=121)
	        Recheck Cond: ((id >= 4655688) AND (id <= 4656687))
	        ->  Bitmap Index Scan on sbtest8_pkey  (cost=0.00..21.50 rows=907 width=0)
	              Index Cond: ((id >= 4655688) AND (id <= 4656687))

for: order_ranges
table 1 : explain SELECT c FROM sbtest1 WHERE id BETWEEN 991605 AND 992604 ORDER BY c
	Sort  (cost=3801.84..3804.27 rows=972 width=121)
	  Sort Key: c
	  ->  Bitmap Heap Scan on sbtest1  (cost=22.40..3753.61 rows=972 width=121)
	        Recheck Cond: ((id >= 991605) AND (id <= 992604))
	        ->  Bitmap Index Scan on sbtest1_pkey  (cost=0.00..22.15 rows=972 width=0)
	              Index Cond: ((id >= 991605) AND (id <= 992604))

table 2 : explain SELECT c FROM sbtest2 WHERE id BETWEEN 752738 AND 753737 ORDER BY c
	Sort  (cost=3805.77..3808.21 rows=973 width=121)
	  Sort Key: c
	  ->  Bitmap Heap Scan on sbtest2  (cost=22.41..3757.48 rows=973 width=121)
	        Recheck Cond: ((id >= 752738) AND (id <= 753737))
	        ->  Bitmap Index Scan on sbtest2_pkey  (cost=0.00..22.16 rows=973 width=0)
	              Index Cond: ((id >= 752738) AND (id <= 753737))

table 3 : explain SELECT c FROM sbtest3 WHERE id BETWEEN 638430 AND 639429 ORDER BY c
	Sort  (cost=3767.87..3770.28 rows=963 width=121)
	  Sort Key: c
	  ->  Bitmap Heap Scan on sbtest3  (cost=22.31..3720.15 rows=963 width=121)
	        Recheck Cond: ((id >= 638430) AND (id <= 639429))
	        ->  Bitmap Index Scan on sbtest3_pkey  (cost=0.00..22.07 rows=963 width=0)
	              Index Cond: ((id >= 638430) AND (id <= 639429))

table 4 : explain SELECT c FROM sbtest4 WHERE id BETWEEN 6231759 AND 6232758 ORDER BY c
	Sort  (cost=3844.62..3847.08 rows=983 width=121)
	  Sort Key: c
	  ->  Bitmap Heap Scan on sbtest4  (cost=22.51..3795.76 rows=983 width=121)
	        Recheck Cond: ((id >= 6231759) AND (id <= 6232758))
	        ->  Bitmap Index Scan on sbtest4_pkey  (cost=0.00..22.26 rows=983 width=0)
	              Index Cond: ((id >= 6231759) AND (id <= 6232758))

table 5 : explain SELECT c FROM sbtest5 WHERE id BETWEEN 2196714 AND 2197713 ORDER BY c
	Sort  (cost=3695.54..3697.90 rows=944 width=121)
	  Sort Key: c
	  ->  Bitmap Heap Scan on sbtest5  (cost=22.11..3648.89 rows=944 width=121)
	        Recheck Cond: ((id >= 2196714) AND (id <= 2197713))
	        ->  Bitmap Index Scan on sbtest5_pkey  (cost=0.00..21.87 rows=944 width=0)
	              Index Cond: ((id >= 2196714) AND (id <= 2197713))

table 6 : explain SELECT c FROM sbtest6 WHERE id BETWEEN 4425548 AND 4426547 ORDER BY c
	Sort  (cost=3707.96..3710.32 rows=947 width=121)
	  Sort Key: c
	  ->  Bitmap Heap Scan on sbtest6  (cost=22.14..3661.14 rows=947 width=121)
	        Recheck Cond: ((id >= 4425548) AND (id <= 4426547))
	        ->  Bitmap Index Scan on sbtest6_pkey  (cost=0.00..21.90 rows=947 width=0)
	              Index Cond: ((id >= 4425548) AND (id <= 4426547))

table 7 : explain SELECT c FROM sbtest7 WHERE id BETWEEN 6079531 AND 6080530 ORDER BY c
	Sort  (cost=3833.86..3836.31 rows=980 width=121)
	  Sort Key: c
	  ->  Bitmap Heap Scan on sbtest7  (cost=22.48..3785.18 rows=980 width=121)
	        Recheck Cond: ((id >= 6079531) AND (id <= 6080530))
	        ->  Bitmap Index Scan on sbtest7_pkey  (cost=0.00..22.23 rows=980 width=0)
	              Index Cond: ((id >= 6079531) AND (id <= 6080530))

table 8 : explain SELECT c FROM sbtest8 WHERE id BETWEEN 5181581 AND 5182580 ORDER BY c
	Sort  (cost=3789.05..3791.47 rows=968 width=121)
	  Sort Key: c
	  ->  Bitmap Heap Scan on sbtest8  (cost=22.36..3741.04 rows=968 width=121)
	        Recheck Cond: ((id >= 5181581) AND (id <= 5182580))
	        ->  Bitmap Index Scan on sbtest8_pkey  (cost=0.00..22.11 rows=968 width=0)
	              Index Cond: ((id >= 5181581) AND (id <= 5182580))

for: order_ranges
table 1 : explain SELECT c FROM sbtest1 WHERE id BETWEEN 1828676 AND 1829675 ORDER BY c
	Sort  (cost=3595.18..3597.48 rows=918 width=121)
	  Sort Key: c
	  ->  Bitmap Heap Scan on sbtest1  (cost=21.84..3550.01 rows=918 width=121)
	        Recheck Cond: ((id >= 1828676) AND (id <= 1829675))
	        ->  Bitmap Index Scan on sbtest1_pkey  (cost=0.00..21.61 rows=918 width=0)
	              Index Cond: ((id >= 1828676) AND (id <= 1829675))

table 2 : explain SELECT c FROM sbtest2 WHERE id BETWEEN 5625229 AND 5626228 ORDER BY c
	Sort  (cost=3947.16..3949.68 rows=1010 width=121)
	  Sort Key: c
	  ->  Bitmap Heap Scan on sbtest2  (cost=22.79..3896.76 rows=1010 width=121)
	        Recheck Cond: ((id >= 5625229) AND (id <= 5626228))
	        ->  Bitmap Index Scan on sbtest2_pkey  (cost=0.00..22.54 rows=1010 width=0)
	              Index Cond: ((id >= 5625229) AND (id <= 5626228))

table 3 : explain SELECT c FROM sbtest3 WHERE id BETWEEN 6822772 AND 6823771 ORDER BY c
	Sort  (cost=3985.72..3988.27 rows=1020 width=121)
	  Sort Key: c
	  ->  Bitmap Heap Scan on sbtest3  (cost=22.89..3934.75 rows=1020 width=121)
	        Recheck Cond: ((id >= 6822772) AND (id <= 6823771))
	        ->  Bitmap Index Scan on sbtest3_pkey  (cost=0.00..22.64 rows=1020 width=0)
	              Index Cond: ((id >= 6822772) AND (id <= 6823771))

table 4 : explain SELECT c FROM sbtest4 WHERE id BETWEEN 2578717 AND 2579716 ORDER BY c
	Sort  (cost=3913.42..3915.92 rows=1001 width=121)
	  Sort Key: c
	  ->  Bitmap Heap Scan on sbtest4  (cost=22.70..3863.53 rows=1001 width=121)
	        Recheck Cond: ((id >= 2578717) AND (id <= 2579716))
	        ->  Bitmap Index Scan on sbtest4_pkey  (cost=0.00..22.44 rows=1001 width=0)
	              Index Cond: ((id >= 2578717) AND (id <= 2579716))

table 5 : explain SELECT c FROM sbtest5 WHERE id BETWEEN 959016 AND 960015 ORDER BY c
	Sort  (cost=4641.50..4644.48 rows=1192 width=121)
	  Sort Key: c
	  ->  Bitmap Heap Scan on sbtest5  (cost=28.65..4580.60 rows=1192 width=121)
	        Recheck Cond: ((id >= 959016) AND (id <= 960015))
	        ->  Bitmap Index Scan on sbtest5_pkey  (cost=0.00..28.36 rows=1192 width=0)
	              Index Cond: ((id >= 959016) AND (id <= 960015))

table 6 : explain SELECT c FROM sbtest6 WHERE id BETWEEN 9969732 AND 9970731 ORDER BY c
	Sort  (cost=3635.17..3637.49 rows=928 width=121)
	  Sort Key: c
	  ->  Bitmap Heap Scan on sbtest6  (cost=21.95..3589.43 rows=928 width=121)
	        Recheck Cond: ((id >= 9969732) AND (id <= 9970731))
	        ->  Bitmap Index Scan on sbtest6_pkey  (cost=0.00..21.71 rows=928 width=0)
	              Index Cond: ((id >= 9969732) AND (id <= 9970731))

table 7 : explain SELECT c FROM sbtest7 WHERE id BETWEEN 156111 AND 157110 ORDER BY c
	Sort  (cost=3715.24..3717.61 rows=949 width=121)
	  Sort Key: c
	  ->  Bitmap Heap Scan on sbtest7  (cost=22.16..3668.31 rows=949 width=121)
	        Recheck Cond: ((id >= 156111) AND (id <= 157110))
	        ->  Bitmap Index Scan on sbtest7_pkey  (cost=0.00..21.93 rows=949 width=0)
	              Index Cond: ((id >= 156111) AND (id <= 157110))

table 8 : explain SELECT c FROM sbtest8 WHERE id BETWEEN 9118810 AND 9119809 ORDER BY c
	Sort  (cost=3850.28..3852.74 rows=984 width=121)
	  Sort Key: c
	  ->  Bitmap Heap Scan on sbtest8  (cost=22.52..3801.36 rows=984 width=121)
	        Recheck Cond: ((id >= 9118810) AND (id <= 9119809))
	        ->  Bitmap Index Scan on sbtest8_pkey  (cost=0.00..22.27 rows=984 width=0)
	              Index Cond: ((id >= 9118810) AND (id <= 9119809))

for: order_ranges
table 1 : explain SELECT c FROM sbtest1 WHERE id BETWEEN 4116326 AND 4117325 ORDER BY c
	Sort  (cost=4008.13..4010.69 rows=1026 width=121)
	  Sort Key: c
	  ->  Bitmap Heap Scan on sbtest1  (cost=22.95..3956.81 rows=1026 width=121)
	        Recheck Cond: ((id >= 4116326) AND (id <= 4117325))
	        ->  Bitmap Index Scan on sbtest1_pkey  (cost=0.00..22.69 rows=1026 width=0)
	              Index Cond: ((id >= 4116326) AND (id <= 4117325))

table 2 : explain SELECT c FROM sbtest2 WHERE id BETWEEN 1233864 AND 1234863 ORDER BY c
	Sort  (cost=4492.32..4495.20 rows=1153 width=121)
	  Sort Key: c
	  ->  Bitmap Heap Scan on sbtest2  (cost=28.25..4433.68 rows=1153 width=121)
	        Recheck Cond: ((id >= 1233864) AND (id <= 1234863))
	        ->  Bitmap Index Scan on sbtest2_pkey  (cost=0.00..27.96 rows=1153 width=0)
	              Index Cond: ((id >= 1233864) AND (id <= 1234863))

table 3 : explain SELECT c FROM sbtest3 WHERE id BETWEEN 1457869 AND 1458868 ORDER BY c
	Sort  (cost=3392.37..3394.54 rows=865 width=121)
	  Sort Key: c
	  ->  Bitmap Heap Scan on sbtest3  (cost=21.30..3350.18 rows=865 width=121)
	        Recheck Cond: ((id >= 1457869) AND (id <= 1458868))
	        ->  Bitmap Index Scan on sbtest3_pkey  (cost=0.00..21.08 rows=865 width=0)
	              Index Cond: ((id >= 1457869) AND (id <= 1458868))

table 4 : explain SELECT c FROM sbtest4 WHERE id BETWEEN 1436537 AND 1437536 ORDER BY c
	Sort  (cost=3714.55..3716.93 rows=949 width=121)
	  Sort Key: c
	  ->  Bitmap Heap Scan on sbtest4  (cost=22.16..3667.63 rows=949 width=121)
	        Recheck Cond: ((id >= 1436537) AND (id <= 1437536))
	        ->  Bitmap Index Scan on sbtest4_pkey  (cost=0.00..21.93 rows=949 width=0)
	              Index Cond: ((id >= 1436537) AND (id <= 1437536))

table 5 : explain SELECT c FROM sbtest5 WHERE id BETWEEN 6913442 AND 6914441 ORDER BY c
	Sort  (cost=3844.75..3847.20 rows=983 width=121)
	  Sort Key: c
	  ->  Bitmap Heap Scan on sbtest5  (cost=22.51..3795.89 rows=983 width=121)
	        Recheck Cond: ((id >= 6913442) AND (id <= 6914441))
	        ->  Bitmap Index Scan on sbtest5_pkey  (cost=0.00..22.26 rows=983 width=0)
	              Index Cond: ((id >= 6913442) AND (id <= 6914441))

table 6 : explain SELECT c FROM sbtest6 WHERE id BETWEEN 8687694 AND 8688693 ORDER BY c
	Sort  (cost=3929.85..3932.37 rows=1005 width=121)
	  Sort Key: c
	  ->  Bitmap Heap Scan on sbtest6  (cost=22.74..3879.74 rows=1005 width=121)
	        Recheck Cond: ((id >= 8687694) AND (id <= 8688693))
	        ->  Bitmap Index Scan on sbtest6_pkey  (cost=0.00..22.48 rows=1005 width=0)
	              Index Cond: ((id >= 8687694) AND (id <= 8688693))

table 7 : explain SELECT c FROM sbtest7 WHERE id BETWEEN 1704568 AND 1705567 ORDER BY c
	Sort  (cost=3546.66..3548.92 rows=905 width=121)
	  Sort Key: c
	  ->  Bitmap Heap Scan on sbtest7  (cost=21.71..3502.21 rows=905 width=121)
	        Recheck Cond: ((id >= 1704568) AND (id <= 1705567))
	        ->  Bitmap Index Scan on sbtest7_pkey  (cost=0.00..21.48 rows=905 width=0)
	              Index Cond: ((id >= 1704568) AND (id <= 1705567))

table 8 : explain SELECT c FROM sbtest8 WHERE id BETWEEN 2804504 AND 2805503 ORDER BY c
	Sort  (cost=4198.12..4200.81 rows=1074 width=121)
	  Sort Key: c
	  ->  Bitmap Heap Scan on sbtest8  (cost=27.44..4144.05 rows=1074 width=121)
	        Recheck Cond: ((id >= 2804504) AND (id <= 2805503))
	        ->  Bitmap Index Scan on sbtest8_pkey  (cost=0.00..27.18 rows=1074 width=0)
	              Index Cond: ((id >= 2804504) AND (id <= 2805503))

for: simple_ranges
table 1 : explain SELECT c FROM sbtest1 WHERE id BETWEEN 1485545 AND 1486544
	Bitmap Heap Scan on sbtest1  (cost=23.15..4028.22 rows=1045 width=121)
	  Recheck Cond: ((id >= 1485545) AND (id <= 1486544))
	  ->  Bitmap Index Scan on sbtest1_pkey  (cost=0.00..22.89 rows=1045 width=0)
	        Index Cond: ((id >= 1485545) AND (id <= 1486544))

table 2 : explain SELECT c FROM sbtest2 WHERE id BETWEEN 8338508 AND 8339507
	Bitmap Heap Scan on sbtest2  (cost=22.54..3806.44 rows=986 width=121)
	  Recheck Cond: ((id >= 8338508) AND (id <= 8339507))
	  ->  Bitmap Index Scan on sbtest2_pkey  (cost=0.00..22.29 rows=986 width=0)
	        Index Cond: ((id >= 8338508) AND (id <= 8339507))

table 3 : explain SELECT c FROM sbtest3 WHERE id BETWEEN 5160930 AND 5161929
	Bitmap Heap Scan on sbtest3  (cost=22.13..3656.06 rows=946 width=121)
	  Recheck Cond: ((id >= 5160930) AND (id <= 5161929))
	  ->  Bitmap Index Scan on sbtest3_pkey  (cost=0.00..21.89 rows=946 width=0)
	        Index Cond: ((id >= 5160930) AND (id <= 5161929))

table 4 : explain SELECT c FROM sbtest4 WHERE id BETWEEN 7010286 AND 7011285
	Bitmap Heap Scan on sbtest4  (cost=22.53..3803.29 rows=985 width=121)
	  Recheck Cond: ((id >= 7010286) AND (id <= 7011285))
	  ->  Bitmap Index Scan on sbtest4_pkey  (cost=0.00..22.29 rows=985 width=0)
	        Index Cond: ((id >= 7010286) AND (id <= 7011285))

table 5 : explain SELECT c FROM sbtest5 WHERE id BETWEEN 4686971 AND 4687970
	Bitmap Heap Scan on sbtest5  (cost=22.81..3905.06 rows=1012 width=121)
	  Recheck Cond: ((id >= 4686971) AND (id <= 4687970))
	  ->  Bitmap Index Scan on sbtest5_pkey  (cost=0.00..22.55 rows=1012 width=0)
	        Index Cond: ((id >= 4686971) AND (id <= 4687970))

table 6 : explain SELECT c FROM sbtest6 WHERE id BETWEEN 5467643 AND 5468642
	Bitmap Heap Scan on sbtest6  (cost=22.03..3619.63 rows=936 width=121)
	  Recheck Cond: ((id >= 5467643) AND (id <= 5468642))
	  ->  Bitmap Index Scan on sbtest6_pkey  (cost=0.00..21.79 rows=936 width=0)
	        Index Cond: ((id >= 5467643) AND (id <= 5468642))

table 7 : explain SELECT c FROM sbtest7 WHERE id BETWEEN 1301333 AND 1302332
	Bitmap Heap Scan on sbtest7  (cost=23.14..4026.05 rows=1044 width=121)
	  Recheck Cond: ((id >= 1301333) AND (id <= 1302332))
	  ->  Bitmap Index Scan on sbtest7_pkey  (cost=0.00..22.87 rows=1044 width=0)
	        Index Cond: ((id >= 1301333) AND (id <= 1302332))

table 8 : explain SELECT c FROM sbtest8 WHERE id BETWEEN 1526280 AND 1527279
	Bitmap Heap Scan on sbtest8  (cost=22.23..3695.78 rows=956 width=121)
	  Recheck Cond: ((id >= 1526280) AND (id <= 1527279))
	  ->  Bitmap Index Scan on sbtest8_pkey  (cost=0.00..22.00 rows=956 width=0)
	        Index Cond: ((id >= 1526280) AND (id <= 1527279))

explain: for point_selects :: explain SELECT c FROM sbtest%u WHERE id=%u
for point_selects
table 1 : explain SELECT c FROM sbtest1 WHERE id=3763644
	Index Scan using sbtest1_pkey on sbtest1  (cost=0.43..8.45 rows=1 width=121)
	  Index Cond: (id = 3763644)

table 2 : explain SELECT c FROM sbtest2 WHERE id=8344417
	Index Scan using sbtest2_pkey on sbtest2  (cost=0.43..8.45 rows=1 width=121)
	  Index Cond: (id = 8344417)

table 3 : explain SELECT c FROM sbtest3 WHERE id=1946052
	Index Scan using sbtest3_pkey on sbtest3  (cost=0.43..8.45 rows=1 width=121)
	  Index Cond: (id = 1946052)

table 4 : explain SELECT c FROM sbtest4 WHERE id=958428
	Index Scan using sbtest4_pkey on sbtest4  (cost=0.43..8.45 rows=1 width=121)
	  Index Cond: (id = 958428)

table 5 : explain SELECT c FROM sbtest5 WHERE id=2984798
	Index Scan using sbtest5_pkey on sbtest5  (cost=0.43..8.45 rows=1 width=121)
	  Index Cond: (id = 2984798)

table 6 : explain SELECT c FROM sbtest6 WHERE id=4906436
	Index Scan using sbtest6_pkey on sbtest6  (cost=0.43..8.45 rows=1 width=121)
	  Index Cond: (id = 4906436)

table 7 : explain SELECT c FROM sbtest7 WHERE id=2201268
	Index Scan using sbtest7_pkey on sbtest7  (cost=0.43..8.45 rows=1 width=121)
	  Index Cond: (id = 2201268)

table 8 : explain SELECT c FROM sbtest8 WHERE id=5976131
	Index Scan using sbtest8_pkey on sbtest8  (cost=0.43..8.45 rows=1 width=121)
	  Index Cond: (id = 5976131)

for: simple_ranges
table 1 : explain SELECT c FROM sbtest1 WHERE id BETWEEN 7367294 AND 7368293
	Bitmap Heap Scan on sbtest1  (cost=27.79..4264.95 rows=1108 width=121)
	  Recheck Cond: ((id >= 7367294) AND (id <= 7368293))
	  ->  Bitmap Index Scan on sbtest1_pkey  (cost=0.00..27.51 rows=1108 width=0)
	        Index Cond: ((id >= 7367294) AND (id <= 7368293))

table 2 : explain SELECT c FROM sbtest2 WHERE id BETWEEN 443694 AND 444693
	Bitmap Heap Scan on sbtest2  (cost=22.22..3689.66 rows=955 width=121)
	  Recheck Cond: ((id >= 443694) AND (id <= 444693))
	  ->  Bitmap Index Scan on sbtest2_pkey  (cost=0.00..21.98 rows=955 width=0)
	        Index Cond: ((id >= 443694) AND (id <= 444693))

table 3 : explain SELECT c FROM sbtest3 WHERE id BETWEEN 4692249 AND 4693248
	Bitmap Heap Scan on sbtest3  (cost=22.14..3659.84 rows=947 width=121)
	  Recheck Cond: ((id >= 4692249) AND (id <= 4693248))
	  ->  Bitmap Index Scan on sbtest3_pkey  (cost=0.00..21.90 rows=947 width=0)
	        Index Cond: ((id >= 4692249) AND (id <= 4693248))

table 4 : explain SELECT c FROM sbtest4 WHERE id BETWEEN 4852339 AND 4853338
	Bitmap Heap Scan on sbtest4  (cost=23.02..3983.91 rows=1033 width=121)
	  Recheck Cond: ((id >= 4852339) AND (id <= 4853338))
	  ->  Bitmap Index Scan on sbtest4_pkey  (cost=0.00..22.76 rows=1033 width=0)
	        Index Cond: ((id >= 4852339) AND (id <= 4853338))

table 5 : explain SELECT c FROM sbtest5 WHERE id BETWEEN 4830405 AND 4831404
	Bitmap Heap Scan on sbtest5  (cost=21.81..3539.45 rows=915 width=121)
	  Recheck Cond: ((id >= 4830405) AND (id <= 4831404))
	  ->  Bitmap Index Scan on sbtest5_pkey  (cost=0.00..21.58 rows=915 width=0)
	        Index Cond: ((id >= 4830405) AND (id <= 4831404))

table 6 : explain SELECT c FROM sbtest6 WHERE id BETWEEN 1953778 AND 1954777
	Bitmap Heap Scan on sbtest6  (cost=22.64..3845.85 rows=996 width=121)
	  Recheck Cond: ((id >= 1953778) AND (id <= 1954777))
	  ->  Bitmap Index Scan on sbtest6_pkey  (cost=0.00..22.39 rows=996 width=0)
	        Index Cond: ((id >= 1953778) AND (id <= 1954777))

table 7 : explain SELECT c FROM sbtest7 WHERE id BETWEEN 9033462 AND 9034461
	Bitmap Heap Scan on sbtest7  (cost=22.82..3909.44 rows=1013 width=121)
	  Recheck Cond: ((id >= 9033462) AND (id <= 9034461))
	  ->  Bitmap Index Scan on sbtest7_pkey  (cost=0.00..22.57 rows=1013 width=0)
	        Index Cond: ((id >= 9033462) AND (id <= 9034461))

table 8 : explain SELECT c FROM sbtest8 WHERE id BETWEEN 9579105 AND 9580104
	Bitmap Heap Scan on sbtest8  (cost=22.79..3899.31 rows=1010 width=121)
	  Recheck Cond: ((id >= 9579105) AND (id <= 9580104))
	  ->  Bitmap Index Scan on sbtest8_pkey  (cost=0.00..22.54 rows=1010 width=0)
	        Index Cond: ((id >= 9579105) AND (id <= 9580104))

for: distinct_ranges
table 1 : explain SELECT DISTINCT c FROM sbtest1 WHERE id BETWEEN 7655330 AND 7656329 ORDER BY c
	Unique  (cost=4111.14..4116.40 rows=1053 width=121)
	  ->  Sort  (cost=4111.14..4113.77 rows=1053 width=121)
	        Sort Key: c
	        ->  Bitmap Heap Scan on sbtest1  (cost=23.23..4058.28 rows=1053 width=121)
	              Recheck Cond: ((id >= 7655330) AND (id <= 7656329))
	              ->  Bitmap Index Scan on sbtest1_pkey  (cost=0.00..22.96 rows=1053 width=0)
	                    Index Cond: ((id >= 7655330) AND (id <= 7656329))

table 2 : explain SELECT DISTINCT c FROM sbtest2 WHERE id BETWEEN 5096008 AND 5097007 ORDER BY c
	Unique  (cost=3886.04..3891.01 rows=994 width=121)
	  ->  Sort  (cost=3886.04..3888.53 rows=994 width=121)
	        Sort Key: c
	        ->  Bitmap Heap Scan on sbtest2  (cost=22.62..3836.55 rows=994 width=121)
	              Recheck Cond: ((id >= 5096008) AND (id <= 5097007))
	              ->  Bitmap Index Scan on sbtest2_pkey  (cost=0.00..22.37 rows=994 width=0)
	                    Index Cond: ((id >= 5096008) AND (id <= 5097007))

table 3 : explain SELECT DISTINCT c FROM sbtest3 WHERE id BETWEEN 3027419 AND 3028418 ORDER BY c
	Unique  (cost=4039.16..4044.33 rows=1034 width=121)
	  ->  Sort  (cost=4039.16..4041.75 rows=1034 width=121)
	        Sort Key: c
	        ->  Bitmap Heap Scan on sbtest3  (cost=23.03..3987.39 rows=1034 width=121)
	              Recheck Cond: ((id >= 3027419) AND (id <= 3028418))
	              ->  Bitmap Index Scan on sbtest3_pkey  (cost=0.00..22.77 rows=1034 width=0)
	                    Index Cond: ((id >= 3027419) AND (id <= 3028418))

table 4 : explain SELECT DISTINCT c FROM sbtest4 WHERE id BETWEEN 611726 AND 612725 ORDER BY c
	Unique  (cost=3951.62..3956.68 rows=1011 width=121)
	  ->  Sort  (cost=3951.62..3954.15 rows=1011 width=121)
	        Sort Key: c
	        ->  Bitmap Heap Scan on sbtest4  (cost=22.80..3901.16 rows=1011 width=121)
	              Recheck Cond: ((id >= 611726) AND (id <= 612725))
	              ->  Bitmap Index Scan on sbtest4_pkey  (cost=0.00..22.54 rows=1011 width=0)
	                    Index Cond: ((id >= 611726) AND (id <= 612725))

table 5 : explain SELECT DISTINCT c FROM sbtest5 WHERE id BETWEEN 7214935 AND 7215934 ORDER BY c
	Unique  (cost=3695.54..3700.26 rows=944 width=121)
	  ->  Sort  (cost=3695.54..3697.90 rows=944 width=121)
	        Sort Key: c
	        ->  Bitmap Heap Scan on sbtest5  (cost=22.11..3648.89 rows=944 width=121)
	              Recheck Cond: ((id >= 7214935) AND (id <= 7215934))
	              ->  Bitmap Index Scan on sbtest5_pkey  (cost=0.00..21.87 rows=944 width=0)
	                    Index Cond: ((id >= 7214935) AND (id <= 7215934))

table 6 : explain SELECT DISTINCT c FROM sbtest6 WHERE id BETWEEN 7885878 AND 7886877 ORDER BY c
	Unique  (cost=3692.64..3697.35 rows=943 width=121)
	  ->  Sort  (cost=3692.64..3694.99 rows=943 width=121)
	        Sort Key: c
	        ->  Bitmap Heap Scan on sbtest6  (cost=22.10..3646.05 rows=943 width=121)
	              Recheck Cond: ((id >= 7885878) AND (id <= 7886877))
	              ->  Bitmap Index Scan on sbtest6_pkey  (cost=0.00..21.86 rows=943 width=0)
	                    Index Cond: ((id >= 7885878) AND (id <= 7886877))

table 7 : explain SELECT DISTINCT c FROM sbtest7 WHERE id BETWEEN 5145539 AND 5146538 ORDER BY c
	Unique  (cost=3933.27..3938.30 rows=1006 width=121)
	  ->  Sort  (cost=3933.27..3935.78 rows=1006 width=121)
	        Sort Key: c
	        ->  Bitmap Heap Scan on sbtest7  (cost=22.75..3883.09 rows=1006 width=121)
	              Recheck Cond: ((id >= 5145539) AND (id <= 5146538))
	              ->  Bitmap Index Scan on sbtest7_pkey  (cost=0.00..22.50 rows=1006 width=0)
	                    Index Cond: ((id >= 5145539) AND (id <= 5146538))

table 8 : explain SELECT DISTINCT c FROM sbtest8 WHERE id BETWEEN 6029244 AND 6030243 ORDER BY c
	Unique  (cost=3585.99..3590.57 rows=915 width=121)
	  ->  Sort  (cost=3585.99..3588.28 rows=915 width=121)
	        Sort Key: c
	        ->  Bitmap Heap Scan on sbtest8  (cost=21.81..3540.98 rows=915 width=121)
	              Recheck Cond: ((id >= 6029244) AND (id <= 6030243))
	              ->  Bitmap Index Scan on sbtest8_pkey  (cost=0.00..21.58 rows=915 width=0)
	                    Index Cond: ((id >= 6029244) AND (id <= 6030243))

for: distinct_ranges
table 1 : explain SELECT DISTINCT c FROM sbtest1 WHERE id BETWEEN 6047429 AND 6048428 ORDER BY c
	Unique  (cost=3633.48..3638.12 rows=928 width=121)
	  ->  Sort  (cost=3633.48..3635.80 rows=928 width=121)
	        Sort Key: c
	        ->  Bitmap Heap Scan on sbtest1  (cost=21.95..3587.74 rows=928 width=121)
	              Recheck Cond: ((id >= 6047429) AND (id <= 6048428))
	              ->  Bitmap Index Scan on sbtest1_pkey  (cost=0.00..21.71 rows=928 width=0)
	                    Index Cond: ((id >= 6047429) AND (id <= 6048428))

table 2 : explain SELECT DISTINCT c FROM sbtest2 WHERE id BETWEEN 688829 AND 689828 ORDER BY c
	Unique  (cost=3786.65..3791.49 rows=968 width=121)
	  ->  Sort  (cost=3786.65..3789.07 rows=968 width=121)
	        Sort Key: c
	        ->  Bitmap Heap Scan on sbtest2  (cost=22.36..3738.65 rows=968 width=121)
	              Recheck Cond: ((id >= 688829) AND (id <= 689828))
	              ->  Bitmap Index Scan on sbtest2_pkey  (cost=0.00..22.11 rows=968 width=0)
	                    Index Cond: ((id >= 688829) AND (id <= 689828))

table 3 : explain SELECT DISTINCT c FROM sbtest3 WHERE id BETWEEN 2768635 AND 2769634 ORDER BY c
	Unique  (cost=4046.79..4051.97 rows=1036 width=121)
	  ->  Sort  (cost=4046.79..4049.38 rows=1036 width=121)
	        Sort Key: c
	        ->  Bitmap Heap Scan on sbtest3  (cost=23.05..3994.91 rows=1036 width=121)
	              Recheck Cond: ((id >= 2768635) AND (id <= 2769634))
	              ->  Bitmap Index Scan on sbtest3_pkey  (cost=0.00..22.79 rows=1036 width=0)
	                    Index Cond: ((id >= 2768635) AND (id <= 2769634))

table 4 : explain SELECT DISTINCT c FROM sbtest4 WHERE id BETWEEN 6074144 AND 6075143 ORDER BY c
	Unique  (cost=3553.69..3558.22 rows=907 width=121)
	  ->  Sort  (cost=3553.69..3555.95 rows=907 width=121)
	        Sort Key: c
	        ->  Bitmap Heap Scan on sbtest4  (cost=21.73..3509.13 rows=907 width=121)
	              Recheck Cond: ((id >= 6074144) AND (id <= 6075143))
	              ->  Bitmap Index Scan on sbtest4_pkey  (cost=0.00..21.50 rows=907 width=0)
	                    Index Cond: ((id >= 6074144) AND (id <= 6075143))

table 5 : explain SELECT DISTINCT c FROM sbtest5 WHERE id BETWEEN 4864852 AND 4865851 ORDER BY c
	Unique  (cost=3779.73..3784.56 rows=966 width=121)
	  ->  Sort  (cost=3779.73..3782.15 rows=966 width=121)
	        Sort Key: c
	        ->  Bitmap Heap Scan on sbtest5  (cost=22.34..3731.84 rows=966 width=121)
	              Recheck Cond: ((id >= 4864852) AND (id <= 4865851))
	              ->  Bitmap Index Scan on sbtest5_pkey  (cost=0.00..22.09 rows=966 width=0)
	                    Index Cond: ((id >= 4864852) AND (id <= 4865851))

table 6 : explain SELECT DISTINCT c FROM sbtest6 WHERE id BETWEEN 408905 AND 409904 ORDER BY c
	Unique  (cost=4063.56..4068.76 rows=1040 width=121)
	  ->  Sort  (cost=4063.56..4066.16 rows=1040 width=121)
	        Sort Key: c
	        ->  Bitmap Heap Scan on sbtest6  (cost=23.09..4011.44 rows=1040 width=121)
	              Recheck Cond: ((id >= 408905) AND (id <= 409904))
	              ->  Bitmap Index Scan on sbtest6_pkey  (cost=0.00..22.83 rows=1040 width=0)
	                    Index Cond: ((id >= 408905) AND (id <= 409904))

table 7 : explain SELECT DISTINCT c FROM sbtest7 WHERE id BETWEEN 6435875 AND 6436874 ORDER BY c
	Unique  (cost=4097.48..4102.72 rows=1049 width=121)
	  ->  Sort  (cost=4097.48..4100.10 rows=1049 width=121)
	        Sort Key: c
	        ->  Bitmap Heap Scan on sbtest7  (cost=23.19..4044.85 rows=1049 width=121)
	              Recheck Cond: ((id >= 6435875) AND (id <= 6436874))
	              ->  Bitmap Index Scan on sbtest7_pkey  (cost=0.00..22.93 rows=1049 width=0)
	                    Index Cond: ((id >= 6435875) AND (id <= 6436874))

table 8 : explain SELECT DISTINCT c FROM sbtest8 WHERE id BETWEEN 7750383 AND 7751382 ORDER BY c
	Unique  (cost=3861.76..3866.69 rows=987 width=121)
	  ->  Sort  (cost=3861.76..3864.22 rows=987 width=121)
	        Sort Key: c
	        ->  Bitmap Heap Scan on sbtest8  (cost=22.55..3812.67 rows=987 width=121)
	              Recheck Cond: ((id >= 7750383) AND (id <= 7751382))
	              ->  Bitmap Index Scan on sbtest8_pkey  (cost=0.00..22.30 rows=987 width=0)
	                    Index Cond: ((id >= 7750383) AND (id <= 7751382))

for: sum_ranges
table 1 : explain SELECT SUM(k) FROM sbtest1 WHERE id BETWEEN 3389152 AND 3390151
	Aggregate  (cost=3850.22..3850.23 rows=1 width=8)
	  ->  Bitmap Heap Scan on sbtest1  (cost=22.65..3847.73 rows=997 width=4)
	        Recheck Cond: ((id >= 3389152) AND (id <= 3390151))
	        ->  Bitmap Index Scan on sbtest1_pkey  (cost=0.00..22.40 rows=997 width=0)
	              Index Cond: ((id >= 3389152) AND (id <= 3390151))

table 2 : explain SELECT SUM(k) FROM sbtest2 WHERE id BETWEEN 393227 AND 394226
	Aggregate  (cost=3692.05..3692.06 rows=1 width=8)
	  ->  Bitmap Heap Scan on sbtest2  (cost=22.22..3689.66 rows=955 width=4)
	        Recheck Cond: ((id >= 393227) AND (id <= 394226))
	        ->  Bitmap Index Scan on sbtest2_pkey  (cost=0.00..21.98 rows=955 width=0)
	              Index Cond: ((id >= 393227) AND (id <= 394226))

table 3 : explain SELECT SUM(k) FROM sbtest3 WHERE id BETWEEN 3896077 AND 3897076
	Aggregate  (cost=4242.00..4242.01 rows=1 width=8)
	  ->  Bitmap Heap Scan on sbtest3  (cost=27.72..4239.25 rows=1101 width=4)
	        Recheck Cond: ((id >= 3896077) AND (id <= 3897076))
	        ->  Bitmap Index Scan on sbtest3_pkey  (cost=0.00..27.44 rows=1101 width=0)
	              Index Cond: ((id >= 3896077) AND (id <= 3897076))

table 4 : explain SELECT SUM(k) FROM sbtest4 WHERE id BETWEEN 3224196 AND 3225195
	Aggregate  (cost=3922.52..3922.53 rows=1 width=8)
	  ->  Bitmap Heap Scan on sbtest4  (cost=22.85..3919.98 rows=1016 width=4)
	        Recheck Cond: ((id >= 3224196) AND (id <= 3225195))
	        ->  Bitmap Index Scan on sbtest4_pkey  (cost=0.00..22.59 rows=1016 width=0)
	              Index Cond: ((id >= 3224196) AND (id <= 3225195))

table 5 : explain SELECT SUM(k) FROM sbtest5 WHERE id BETWEEN 5815017 AND 5816016
	Aggregate  (cost=4219.94..4219.95 rows=1 width=8)
	  ->  Bitmap Heap Scan on sbtest5  (cost=27.66..4217.20 rows=1095 width=4)
	        Recheck Cond: ((id >= 5815017) AND (id <= 5816016))
	        ->  Bitmap Index Scan on sbtest5_pkey  (cost=0.00..27.39 rows=1095 width=0)
	              Index Cond: ((id >= 5815017) AND (id <= 5816016))

table 6 : explain SELECT SUM(k) FROM sbtest6 WHERE id BETWEEN 2056453 AND 2057452
	Aggregate  (cost=4322.48..4322.49 rows=1 width=8)
	  ->  Bitmap Heap Scan on sbtest6  (cost=27.94..4319.67 rows=1122 width=4)
	        Recheck Cond: ((id >= 2056453) AND (id <= 2057452))
	        ->  Bitmap Index Scan on sbtest6_pkey  (cost=0.00..27.65 rows=1122 width=0)
	              Index Cond: ((id >= 2056453) AND (id <= 2057452))

table 7 : explain SELECT SUM(k) FROM sbtest7 WHERE id BETWEEN 7222452 AND 7223451
	Aggregate  (cost=4126.43..4126.44 rows=1 width=8)
	  ->  Bitmap Heap Scan on sbtest7  (cost=23.40..4123.76 rows=1070 width=4)
	        Recheck Cond: ((id >= 7222452) AND (id <= 7223451))
	        ->  Bitmap Index Scan on sbtest7_pkey  (cost=0.00..23.14 rows=1070 width=0)
	              Index Cond: ((id >= 7222452) AND (id <= 7223451))

table 8 : explain SELECT SUM(k) FROM sbtest8 WHERE id BETWEEN 119888 AND 120887
	Aggregate  (cost=4180.57..4180.58 rows=1 width=8)
	  ->  Bitmap Heap Scan on sbtest8  (cost=27.54..4177.86 rows=1083 width=4)
	        Recheck Cond: ((id >= 119888) AND (id <= 120887))
	        ->  Bitmap Index Scan on sbtest8_pkey  (cost=0.00..27.26 rows=1083 width=0)
	              Index Cond: ((id >= 119888) AND (id <= 120887))

for: order_ranges
table 1 : explain SELECT c FROM sbtest1 WHERE id BETWEEN 2821770 AND 2822769 ORDER BY c
	Sort  (cost=3950.86..3953.39 rows=1011 width=121)
	  Sort Key: c
	  ->  Bitmap Heap Scan on sbtest1  (cost=22.80..3900.41 rows=1011 width=121)
	        Recheck Cond: ((id >= 2821770) AND (id <= 2822769))
	        ->  Bitmap Index Scan on sbtest1_pkey  (cost=0.00..22.54 rows=1011 width=0)
	              Index Cond: ((id >= 2821770) AND (id <= 2822769))

table 2 : explain SELECT c FROM sbtest2 WHERE id BETWEEN 5714872 AND 5715871 ORDER BY c
	Sort  (cost=3468.80..3471.02 rows=885 width=121)
	  Sort Key: c
	  ->  Bitmap Heap Scan on sbtest2  (cost=21.51..3425.49 rows=885 width=121)
	        Recheck Cond: ((id >= 5714872) AND (id <= 5715871))
	        ->  Bitmap Index Scan on sbtest2_pkey  (cost=0.00..21.29 rows=885 width=0)
	              Index Cond: ((id >= 5714872) AND (id <= 5715871))

table 3 : explain SELECT c FROM sbtest3 WHERE id BETWEEN 2178384 AND 2179383 ORDER BY c
	Sort  (cost=3645.40..3647.72 rows=931 width=121)
	  Sort Key: c
	  ->  Bitmap Heap Scan on sbtest3  (cost=21.98..3599.49 rows=931 width=121)
	        Recheck Cond: ((id >= 2178384) AND (id <= 2179383))
	        ->  Bitmap Index Scan on sbtest3_pkey  (cost=0.00..21.75 rows=931 width=0)
	              Index Cond: ((id >= 2178384) AND (id <= 2179383))

table 4 : explain SELECT c FROM sbtest4 WHERE id BETWEEN 9062290 AND 9063289 ORDER BY c
	Sort  (cost=3718.38..3720.76 rows=950 width=121)
	  Sort Key: c
	  ->  Bitmap Heap Scan on sbtest4  (cost=22.17..3671.40 rows=950 width=121)
	        Recheck Cond: ((id >= 9062290) AND (id <= 9063289))
	        ->  Bitmap Index Scan on sbtest4_pkey  (cost=0.00..21.93 rows=950 width=0)
	              Index Cond: ((id >= 9062290) AND (id <= 9063289))

table 5 : explain SELECT c FROM sbtest5 WHERE id BETWEEN 3589369 AND 3590368 ORDER BY c
	Sort  (cost=4272.48..4275.22 rows=1095 width=121)
	  Sort Key: c
	  ->  Bitmap Heap Scan on sbtest5  (cost=27.66..4217.20 rows=1095 width=121)
	        Recheck Cond: ((id >= 3589369) AND (id <= 3590368))
	        ->  Bitmap Index Scan on sbtest5_pkey  (cost=0.00..27.39 rows=1095 width=0)
	              Index Cond: ((id >= 3589369) AND (id <= 3590368))

table 6 : explain SELECT c FROM sbtest6 WHERE id BETWEEN 3300381 AND 3301380 ORDER BY c
	Sort  (cost=4139.90..4142.55 rows=1060 width=121)
	  Sort Key: c
	  ->  Bitmap Heap Scan on sbtest6  (cost=23.30..4086.63 rows=1060 width=121)
	        Recheck Cond: ((id >= 3300381) AND (id <= 3301380))
	        ->  Bitmap Index Scan on sbtest6_pkey  (cost=0.00..23.04 rows=1060 width=0)
	              Index Cond: ((id >= 3300381) AND (id <= 3301380))

table 7 : explain SELECT c FROM sbtest7 WHERE id BETWEEN 7938027 AND 7939026 ORDER BY c
	Sort  (cost=3573.49..3575.77 rows=912 width=121)
	  Sort Key: c
	  ->  Bitmap Heap Scan on sbtest7  (cost=21.78..3528.65 rows=912 width=121)
	        Recheck Cond: ((id >= 7938027) AND (id <= 7939026))
	        ->  Bitmap Index Scan on sbtest7_pkey  (cost=0.00..21.55 rows=912 width=0)
	              Index Cond: ((id >= 7938027) AND (id <= 7939026))

table 8 : explain SELECT c FROM sbtest8 WHERE id BETWEEN 2902944 AND 2903943 ORDER BY c
	Sort  (cost=3865.58..3868.05 rows=988 width=121)
	  Sort Key: c
	  ->  Bitmap Heap Scan on sbtest8  (cost=22.56..3816.44 rows=988 width=121)
	        Recheck Cond: ((id >= 2902944) AND (id <= 2903943))
	        ->  Bitmap Index Scan on sbtest8_pkey  (cost=0.00..22.32 rows=988 width=0)
	              Index Cond: ((id >= 2902944) AND (id <= 2903943))

for: sum_ranges
table 1 : explain SELECT SUM(k) FROM sbtest1 WHERE id BETWEEN 4220868 AND 4221867
	Aggregate  (cost=3639.13..3639.14 rows=1 width=8)
	  ->  Bitmap Heap Scan on sbtest1  (cost=22.08..3636.77 rows=941 width=4)
	        Recheck Cond: ((id >= 4220868) AND (id <= 4221867))
	        ->  Bitmap Index Scan on sbtest1_pkey  (cost=0.00..21.84 rows=941 width=0)
	              Index Cond: ((id >= 4220868) AND (id <= 4221867))

table 2 : explain SELECT SUM(k) FROM sbtest2 WHERE id BETWEEN 5227185 AND 5228184
	Aggregate  (cost=3805.13..3805.14 rows=1 width=8)
	  ->  Bitmap Heap Scan on sbtest2  (cost=22.53..3802.67 rows=985 width=4)
	        Recheck Cond: ((id >= 5227185) AND (id <= 5228184))
	        ->  Bitmap Index Scan on sbtest2_pkey  (cost=0.00..22.29 rows=985 width=0)
	              Index Cond: ((id >= 5227185) AND (id <= 5228184))

table 3 : explain SELECT SUM(k) FROM sbtest3 WHERE id BETWEEN 4532009 AND 4533008
	Aggregate  (cost=3858.23..3858.24 rows=1 width=8)
	  ->  Bitmap Heap Scan on sbtest3  (cost=22.67..3855.73 rows=999 width=4)
	        Recheck Cond: ((id >= 4532009) AND (id <= 4533008))
	        ->  Bitmap Index Scan on sbtest3_pkey  (cost=0.00..22.43 rows=999 width=0)
	              Index Cond: ((id >= 4532009) AND (id <= 4533008))

table 4 : explain SELECT SUM(k) FROM sbtest4 WHERE id BETWEEN 7703958 AND 7704957
	Aggregate  (cost=3907.46..3907.47 rows=1 width=8)
	  ->  Bitmap Heap Scan on sbtest4  (cost=22.81..3904.93 rows=1012 width=4)
	        Recheck Cond: ((id >= 7703958) AND (id <= 7704957))
	        ->  Bitmap Index Scan on sbtest4_pkey  (cost=0.00..22.55 rows=1012 width=0)
	              Index Cond: ((id >= 7703958) AND (id <= 7704957))

table 5 : explain SELECT SUM(k) FROM sbtest5 WHERE id BETWEEN 7127659 AND 7128658
	Aggregate  (cost=3869.93..3869.94 rows=1 width=8)
	  ->  Bitmap Heap Scan on sbtest5  (cost=22.71..3867.43 rows=1002 width=4)
	        Recheck Cond: ((id >= 7127659) AND (id <= 7128658))
	        ->  Bitmap Index Scan on sbtest5_pkey  (cost=0.00..22.45 rows=1002 width=0)
	              Index Cond: ((id >= 7127659) AND (id <= 7128658))

table 6 : explain SELECT SUM(k) FROM sbtest6 WHERE id BETWEEN 712200 AND 713199
	Aggregate  (cost=4040.38..4040.39 rows=1 width=8)
	  ->  Bitmap Heap Scan on sbtest6  (cost=23.17..4037.76 rows=1047 width=4)
	        Recheck Cond: ((id >= 712200) AND (id <= 713199))
	        ->  Bitmap Index Scan on sbtest6_pkey  (cost=0.00..22.90 rows=1047 width=0)
	              Index Cond: ((id >= 712200) AND (id <= 713199))

table 7 : explain SELECT SUM(k) FROM sbtest7 WHERE id BETWEEN 3799407 AND 3800406
	Aggregate  (cost=3780.08..3780.09 rows=1 width=8)
	  ->  Bitmap Heap Scan on sbtest7  (cost=22.46..3777.64 rows=978 width=4)
	        Recheck Cond: ((id >= 3799407) AND (id <= 3800406))
	        ->  Bitmap Index Scan on sbtest7_pkey  (cost=0.00..22.21 rows=978 width=0)
	              Index Cond: ((id >= 3799407) AND (id <= 3800406))

table 8 : explain SELECT SUM(k) FROM sbtest8 WHERE id BETWEEN 6646684 AND 6647683
	Aggregate  (cost=3879.23..3879.24 rows=1 width=8)
	  ->  Bitmap Heap Scan on sbtest8  (cost=22.73..3876.72 rows=1004 width=4)
	        Recheck Cond: ((id >= 6646684) AND (id <= 6647683))
	        ->  Bitmap Index Scan on sbtest8_pkey  (cost=0.00..22.47 rows=1004 width=0)
	              Index Cond: ((id >= 6646684) AND (id <= 6647683))

for: distinct_ranges
table 1 : explain SELECT DISTINCT c FROM sbtest1 WHERE id BETWEEN 8220382 AND 8221381 ORDER BY c
	Unique  (cost=4114.95..4120.22 rows=1054 width=121)
	  ->  Sort  (cost=4114.95..4117.59 rows=1054 width=121)
	        Sort Key: c
	        ->  Bitmap Heap Scan on sbtest1  (cost=23.24..4062.03 rows=1054 width=121)
	              Recheck Cond: ((id >= 8220382) AND (id <= 8221381))
	              ->  Bitmap Index Scan on sbtest1_pkey  (cost=0.00..22.97 rows=1054 width=0)
	                    Index Cond: ((id >= 8220382) AND (id <= 8221381))

table 2 : explain SELECT DISTINCT c FROM sbtest2 WHERE id BETWEEN 7579742 AND 7580741 ORDER BY c
	Unique  (cost=3606.78..3611.38 rows=921 width=121)
	  ->  Sort  (cost=3606.78..3609.08 rows=921 width=121)
	        Sort Key: c
	        ->  Bitmap Heap Scan on sbtest2  (cost=21.88..3561.43 rows=921 width=121)
	              Recheck Cond: ((id >= 7579742) AND (id <= 7580741))
	              ->  Bitmap Index Scan on sbtest2_pkey  (cost=0.00..21.64 rows=921 width=0)
	                    Index Cond: ((id >= 7579742) AND (id <= 7580741))

table 3 : explain SELECT DISTINCT c FROM sbtest3 WHERE id BETWEEN 6830226 AND 6831225 ORDER BY c
	Unique  (cost=3985.72..3990.82 rows=1020 width=121)
	  ->  Sort  (cost=3985.72..3988.27 rows=1020 width=121)
	        Sort Key: c
	        ->  Bitmap Heap Scan on sbtest3  (cost=22.89..3934.75 rows=1020 width=121)
	              Recheck Cond: ((id >= 6830226) AND (id <= 6831225))
	              ->  Bitmap Index Scan on sbtest3_pkey  (cost=0.00..22.64 rows=1020 width=0)
	                    Index Cond: ((id >= 6830226) AND (id <= 6831225))

table 4 : explain SELECT DISTINCT c FROM sbtest4 WHERE id BETWEEN 3285948 AND 3286947 ORDER BY c
	Unique  (cost=3993.63..3998.74 rows=1022 width=121)
	  ->  Sort  (cost=3993.63..3996.19 rows=1022 width=121)
	        Sort Key: c
	        ->  Bitmap Heap Scan on sbtest4  (cost=22.91..3942.55 rows=1022 width=121)
	              Recheck Cond: ((id >= 3285948) AND (id <= 3286947))
	              ->  Bitmap Index Scan on sbtest4_pkey  (cost=0.00..22.65 rows=1022 width=0)
	                    Index Cond: ((id >= 3285948) AND (id <= 3286947))

table 5 : explain SELECT DISTINCT c FROM sbtest5 WHERE id BETWEEN 6412090 AND 6413089 ORDER BY c
	Unique  (cost=3618.94..3623.56 rows=924 width=121)
	  ->  Sort  (cost=3618.94..3621.25 rows=924 width=121)
	        Sort Key: c
	        ->  Bitmap Heap Scan on sbtest5  (cost=21.91..3573.43 rows=924 width=121)
	              Recheck Cond: ((id >= 6412090) AND (id <= 6413089))
	              ->  Bitmap Index Scan on sbtest5_pkey  (cost=0.00..21.68 rows=924 width=0)
	                    Index Cond: ((id >= 6412090) AND (id <= 6413089))

table 6 : explain SELECT DISTINCT c FROM sbtest6 WHERE id BETWEEN 5114382 AND 5115381 ORDER BY c
	Unique  (cost=3868.68..3873.63 rows=989 width=121)
	  ->  Sort  (cost=3868.68..3871.16 rows=989 width=121)
	        Sort Key: c
	        ->  Bitmap Heap Scan on sbtest6  (cost=22.57..3819.48 rows=989 width=121)
	              Recheck Cond: ((id >= 5114382) AND (id <= 5115381))
	              ->  Bitmap Index Scan on sbtest6_pkey  (cost=0.00..22.32 rows=989 width=0)
	                    Index Cond: ((id >= 5114382) AND (id <= 5115381))

table 7 : explain SELECT DISTINCT c FROM sbtest7 WHERE id BETWEEN 9763182 AND 9764181 ORDER BY c
	Unique  (cost=3538.99..3543.50 rows=903 width=121)
	  ->  Sort  (cost=3538.99..3541.25 rows=903 width=121)
	        Sort Key: c
	        ->  Bitmap Heap Scan on sbtest7  (cost=21.69..3494.66 rows=903 width=121)
	              Recheck Cond: ((id >= 9763182) AND (id <= 9764181))
	              ->  Bitmap Index Scan on sbtest7_pkey  (cost=0.00..21.46 rows=903 width=0)
	                    Index Cond: ((id >= 9763182) AND (id <= 9764181))

table 8 : explain SELECT DISTINCT c FROM sbtest8 WHERE id BETWEEN 6881254 AND 6882253 ORDER BY c
	Unique  (cost=3716.29..3721.04 rows=949 width=121)
	  ->  Sort  (cost=3716.29..3718.67 rows=949 width=121)
	        Sort Key: c
	        ->  Bitmap Heap Scan on sbtest8  (cost=22.16..3669.37 rows=949 width=121)
	              Recheck Cond: ((id >= 6881254) AND (id <= 6882253))
	              ->  Bitmap Index Scan on sbtest8_pkey  (cost=0.00..21.93 rows=949 width=0)
	                    Index Cond: ((id >= 6881254) AND (id <= 6882253))

for: distinct_ranges
table 1 : explain SELECT DISTINCT c FROM sbtest1 WHERE id BETWEEN 756516 AND 757515 ORDER BY c
	Unique  (cost=3759.77..3764.58 rows=961 width=121)
	  ->  Sort  (cost=3759.77..3762.18 rows=961 width=121)
	        Sort Key: c
	        ->  Bitmap Heap Scan on sbtest1  (cost=22.29..3712.16 rows=961 width=121)
	              Recheck Cond: ((id >= 756516) AND (id <= 757515))
	              ->  Bitmap Index Scan on sbtest1_pkey  (cost=0.00..22.04 rows=961 width=0)
	                    Index Cond: ((id >= 756516) AND (id <= 757515))

table 2 : explain SELECT DISTINCT c FROM sbtest2 WHERE id BETWEEN 5949282 AND 5950281 ORDER BY c
	Unique  (cost=4496.12..4501.89 rows=1154 width=121)
	  ->  Sort  (cost=4496.12..4499.01 rows=1154 width=121)
	        Sort Key: c
	        ->  Bitmap Heap Scan on sbtest2  (cost=28.26..4437.43 rows=1154 width=121)
	              Recheck Cond: ((id >= 5949282) AND (id <= 5950281))
	              ->  Bitmap Index Scan on sbtest2_pkey  (cost=0.00..27.97 rows=1154 width=0)
	                    Index Cond: ((id >= 5949282) AND (id <= 5950281))

table 3 : explain SELECT DISTINCT c FROM sbtest3 WHERE id BETWEEN 1816140 AND 1817139 ORDER BY c
	Unique  (cost=3664.54..3669.22 rows=936 width=121)
	  ->  Sort  (cost=3664.54..3666.88 rows=936 width=121)
	        Sort Key: c
	        ->  Bitmap Heap Scan on sbtest3  (cost=22.03..3618.35 rows=936 width=121)
	              Recheck Cond: ((id >= 1816140) AND (id <= 1817139))
	              ->  Bitmap Index Scan on sbtest3_pkey  (cost=0.00..21.79 rows=936 width=0)
	                    Index Cond: ((id >= 1816140) AND (id <= 1817139))

table 4 : explain SELECT DISTINCT c FROM sbtest4 WHERE id BETWEEN 8084371 AND 8085370 ORDER BY c
	Unique  (cost=3457.82..3462.23 rows=882 width=121)
	  ->  Sort  (cost=3457.82..3460.03 rows=882 width=121)
	        Sort Key: c
	        ->  Bitmap Heap Scan on sbtest4  (cost=21.48..3414.67 rows=882 width=121)
	              Recheck Cond: ((id >= 8084371) AND (id <= 8085370))
	              ->  Bitmap Index Scan on sbtest4_pkey  (cost=0.00..21.25 rows=882 width=0)
	                    Index Cond: ((id >= 8084371) AND (id <= 8085370))

table 5 : explain SELECT DISTINCT c FROM sbtest5 WHERE id BETWEEN 4214870 AND 4215869 ORDER BY c
	Unique  (cost=3951.76..3956.81 rows=1011 width=121)
	  ->  Sort  (cost=3951.76..3954.28 rows=1011 width=121)
	        Sort Key: c
	        ->  Bitmap Heap Scan on sbtest5  (cost=22.80..3901.30 rows=1011 width=121)
	              Recheck Cond: ((id >= 4214870) AND (id <= 4215869))
	              ->  Bitmap Index Scan on sbtest5_pkey  (cost=0.00..22.54 rows=1011 width=0)
	                    Index Cond: ((id >= 4214870) AND (id <= 4215869))

table 6 : explain SELECT DISTINCT c FROM sbtest6 WHERE id BETWEEN 3940202 AND 3941201 ORDER BY c
	Unique  (cost=4101.73..4106.98 rows=1050 width=121)
	  ->  Sort  (cost=4101.73..4104.36 rows=1050 width=121)
	        Sort Key: c
	        ->  Bitmap Heap Scan on sbtest6  (cost=23.20..4049.04 rows=1050 width=121)
	              Recheck Cond: ((id >= 3940202) AND (id <= 3941201))
	              ->  Bitmap Index Scan on sbtest6_pkey  (cost=0.00..22.93 rows=1050 width=0)
	                    Index Cond: ((id >= 3940202) AND (id <= 3941201))

table 7 : explain SELECT DISTINCT c FROM sbtest7 WHERE id BETWEEN 1654718 AND 1655717 ORDER BY c
	Unique  (cost=3546.66..3551.18 rows=905 width=121)
	  ->  Sort  (cost=3546.66..3548.92 rows=905 width=121)
	        Sort Key: c
	        ->  Bitmap Heap Scan on sbtest7  (cost=21.71..3502.21 rows=905 width=121)
	              Recheck Cond: ((id >= 1654718) AND (id <= 1655717))
	              ->  Bitmap Index Scan on sbtest7_pkey  (cost=0.00..21.48 rows=905 width=0)
	                    Index Cond: ((id >= 1654718) AND (id <= 1655717))

table 8 : explain SELECT DISTINCT c FROM sbtest8 WHERE id BETWEEN 4959698 AND 4960697 ORDER BY c
	Unique  (cost=4003.22..4008.34 rows=1024 width=121)
	  ->  Sort  (cost=4003.22..4005.78 rows=1024 width=121)
	        Sort Key: c
	        ->  Bitmap Heap Scan on sbtest8  (cost=22.93..3952.02 rows=1024 width=121)
	              Recheck Cond: ((id >= 4959698) AND (id <= 4960697))
	              ->  Bitmap Index Scan on sbtest8_pkey  (cost=0.00..22.68 rows=1024 width=0)
	                    Index Cond: ((id >= 4959698) AND (id <= 4960697))

for point_selects
table 1 : explain SELECT c FROM sbtest1 WHERE id=4208352
	Index Scan using sbtest1_pkey on sbtest1  (cost=0.43..8.45 rows=1 width=121)
	  Index Cond: (id = 4208352)

table 2 : explain SELECT c FROM sbtest2 WHERE id=4012183
	Index Scan using sbtest2_pkey on sbtest2  (cost=0.43..8.45 rows=1 width=121)
	  Index Cond: (id = 4012183)

table 3 : explain SELECT c FROM sbtest3 WHERE id=9172135
	Index Scan using sbtest3_pkey on sbtest3  (cost=0.43..8.45 rows=1 width=121)
	  Index Cond: (id = 9172135)

table 4 : explain SELECT c FROM sbtest4 WHERE id=984052
	Index Scan using sbtest4_pkey on sbtest4  (cost=0.43..8.45 rows=1 width=121)
	  Index Cond: (id = 984052)

table 5 : explain SELECT c FROM sbtest5 WHERE id=3392743
	Index Scan using sbtest5_pkey on sbtest5  (cost=0.43..8.45 rows=1 width=121)
	  Index Cond: (id = 3392743)

table 6 : explain SELECT c FROM sbtest6 WHERE id=498611
	Index Scan using sbtest6_pkey on sbtest6  (cost=0.43..8.45 rows=1 width=121)
	  Index Cond: (id = 498611)

table 7 : explain SELECT c FROM sbtest7 WHERE id=9450823
	Index Scan using sbtest7_pkey on sbtest7  (cost=0.43..8.45 rows=1 width=121)
	  Index Cond: (id = 9450823)

table 8 : explain SELECT c FROM sbtest8 WHERE id=177969
	Index Scan using sbtest8_pkey on sbtest8  (cost=0.43..8.45 rows=1 width=121)
	  Index Cond: (id = 177969)

for: distinct_ranges
table 1 : explain SELECT DISTINCT c FROM sbtest1 WHERE id BETWEEN 976976 AND 977975 ORDER BY c
	Unique  (cost=3801.84..3806.70 rows=972 width=121)
	  ->  Sort  (cost=3801.84..3804.27 rows=972 width=121)
	        Sort Key: c
	        ->  Bitmap Heap Scan on sbtest1  (cost=22.40..3753.61 rows=972 width=121)
	              Recheck Cond: ((id >= 976976) AND (id <= 977975))
	              ->  Bitmap Index Scan on sbtest1_pkey  (cost=0.00..22.15 rows=972 width=0)
	                    Index Cond: ((id >= 976976) AND (id <= 977975))

table 2 : explain SELECT DISTINCT c FROM sbtest2 WHERE id BETWEEN 1641652 AND 1642651 ORDER BY c
	Unique  (cost=4050.23..4055.41 rows=1037 width=121)
	  ->  Sort  (cost=4050.23..4052.82 rows=1037 width=121)
	        Sort Key: c
	        ->  Bitmap Heap Scan on sbtest2  (cost=23.06..3998.28 rows=1037 width=121)
	              Recheck Cond: ((id >= 1641652) AND (id <= 1642651))
	              ->  Bitmap Index Scan on sbtest2_pkey  (cost=0.00..22.80 rows=1037 width=0)
	                    Index Cond: ((id >= 1641652) AND (id <= 1642651))

table 3 : explain SELECT DISTINCT c FROM sbtest3 WHERE id BETWEEN 5167327 AND 5168326 ORDER BY c
	Unique  (cost=3702.82..3707.55 rows=946 width=121)
	  ->  Sort  (cost=3702.82..3705.19 rows=946 width=121)
	        Sort Key: c
	        ->  Bitmap Heap Scan on sbtest3  (cost=22.13..3656.06 rows=946 width=121)
	              Recheck Cond: ((id >= 5167327) AND (id <= 5168326))
	              ->  Bitmap Index Scan on sbtest3_pkey  (cost=0.00..21.89 rows=946 width=0)
	                    Index Cond: ((id >= 5167327) AND (id <= 5168326))

table 4 : explain SELECT DISTINCT c FROM sbtest4 WHERE id BETWEEN 2455839 AND 2456838 ORDER BY c
	Unique  (cost=4157.71..4163.04 rows=1065 width=121)
	  ->  Sort  (cost=4157.71..4160.37 rows=1065 width=121)
	        Sort Key: c
	        ->  Bitmap Heap Scan on sbtest4  (cost=23.35..4104.16 rows=1065 width=121)
	              Recheck Cond: ((id >= 2455839) AND (id <= 2456838))
	              ->  Bitmap Index Scan on sbtest4_pkey  (cost=0.00..23.08 rows=1065 width=0)
	                    Index Cond: ((id >= 2455839) AND (id <= 2456838))

table 5 : explain SELECT DISTINCT c FROM sbtest5 WHERE id BETWEEN 373896 AND 374895 ORDER BY c
	Unique  (cost=4356.27..4361.86 rows=1117 width=121)
	  ->  Sort  (cost=4356.27..4359.06 rows=1117 width=121)
	        Sort Key: c
	        ->  Bitmap Heap Scan on sbtest5  (cost=27.88..4299.72 rows=1117 width=121)
	              Recheck Cond: ((id >= 373896) AND (id <= 374895))
	              ->  Bitmap Index Scan on sbtest5_pkey  (cost=0.00..27.61 rows=1117 width=0)
	                    Index Cond: ((id >= 373896) AND (id <= 374895))

table 6 : explain SELECT DISTINCT c FROM sbtest6 WHERE id BETWEEN 4876522 AND 4877521 ORDER BY c
	Unique  (cost=4208.56..4213.95 rows=1078 width=121)
	  ->  Sort  (cost=4208.56..4211.25 rows=1078 width=121)
	        Sort Key: c
	        ->  Bitmap Heap Scan on sbtest6  (cost=23.48..4154.26 rows=1078 width=121)
	              Recheck Cond: ((id >= 4876522) AND (id <= 4877521))
	              ->  Bitmap Index Scan on sbtest6_pkey  (cost=0.00..23.21 rows=1078 width=0)
	                    Index Cond: ((id >= 4876522) AND (id <= 4877521))

table 7 : explain SELECT DISTINCT c FROM sbtest7 WHERE id BETWEEN 8703780 AND 8704779 ORDER BY c
	Unique  (cost=4028.77..4033.92 rows=1031 width=121)
	  ->  Sort  (cost=4028.77..4031.34 rows=1031 width=121)
	        Sort Key: c
	        ->  Bitmap Heap Scan on sbtest7  (cost=23.00..3977.17 rows=1031 width=121)
	              Recheck Cond: ((id >= 8703780) AND (id <= 8704779))
	              ->  Bitmap Index Scan on sbtest7_pkey  (cost=0.00..22.75 rows=1031 width=0)
	                    Index Cond: ((id >= 8703780) AND (id <= 8704779))

table 8 : explain SELECT DISTINCT c FROM sbtest8 WHERE id BETWEEN 1875103 AND 1876102 ORDER BY c
	Unique  (cost=3976.47..3981.55 rows=1017 width=121)
	  ->  Sort  (cost=3976.47..3979.01 rows=1017 width=121)
	        Sort Key: c
	        ->  Bitmap Heap Scan on sbtest8  (cost=22.86..3925.67 rows=1017 width=121)
	              Recheck Cond: ((id >= 1875103) AND (id <= 1876102))
	              ->  Bitmap Index Scan on sbtest8_pkey  (cost=0.00..22.61 rows=1017 width=0)
	                    Index Cond: ((id >= 1875103) AND (id <= 1876102))

for point_selects
table 1 : explain SELECT c FROM sbtest1 WHERE id=5762223
	Index Scan using sbtest1_pkey on sbtest1  (cost=0.43..8.45 rows=1 width=121)
	  Index Cond: (id = 5762223)

table 2 : explain SELECT c FROM sbtest2 WHERE id=9813312
	Index Scan using sbtest2_pkey on sbtest2  (cost=0.43..8.45 rows=1 width=121)
	  Index Cond: (id = 9813312)

table 3 : explain SELECT c FROM sbtest3 WHERE id=767850
	Index Scan using sbtest3_pkey on sbtest3  (cost=0.43..8.45 rows=1 width=121)
	  Index Cond: (id = 767850)

table 4 : explain SELECT c FROM sbtest4 WHERE id=616863
	Index Scan using sbtest4_pkey on sbtest4  (cost=0.43..8.45 rows=1 width=121)
	  Index Cond: (id = 616863)

table 5 : explain SELECT c FROM sbtest5 WHERE id=7950643
	Index Scan using sbtest5_pkey on sbtest5  (cost=0.43..8.45 rows=1 width=121)
	  Index Cond: (id = 7950643)

table 6 : explain SELECT c FROM sbtest6 WHERE id=9323204
	Index Scan using sbtest6_pkey on sbtest6  (cost=0.43..8.45 rows=1 width=121)
	  Index Cond: (id = 9323204)

table 7 : explain SELECT c FROM sbtest7 WHERE id=8854646
	Index Scan using sbtest7_pkey on sbtest7  (cost=0.43..8.45 rows=1 width=121)
	  Index Cond: (id = 8854646)

table 8 : explain SELECT c FROM sbtest8 WHERE id=608239
	Index Scan using sbtest8_pkey on sbtest8  (cost=0.43..8.45 rows=1 width=121)
	  Index Cond: (id = 608239)

for: sum_ranges
table 1 : explain SELECT SUM(k) FROM sbtest1 WHERE id BETWEEN 9673573 AND 9674572
	Aggregate  (cost=3737.19..3737.20 rows=1 width=8)
	  ->  Bitmap Heap Scan on sbtest1  (cost=22.35..3734.77 rows=967 width=4)
	        Recheck Cond: ((id >= 9673573) AND (id <= 9674572))
	        ->  Bitmap Index Scan on sbtest1_pkey  (cost=0.00..22.11 rows=967 width=0)
	              Index Cond: ((id >= 9673573) AND (id <= 9674572))

table 2 : explain SELECT SUM(k) FROM sbtest2 WHERE id BETWEEN 7412408 AND 7413407
	Aggregate  (cost=3718.44..3718.45 rows=1 width=8)
	  ->  Bitmap Heap Scan on sbtest2  (cost=22.30..3716.04 rows=962 width=4)
	        Recheck Cond: ((id >= 7412408) AND (id <= 7413407))
	        ->  Bitmap Index Scan on sbtest2_pkey  (cost=0.00..22.05 rows=962 width=0)
	              Index Cond: ((id >= 7412408) AND (id <= 7413407))

table 3 : explain SELECT SUM(k) FROM sbtest3 WHERE id BETWEEN 608321 AND 609320
	Aggregate  (cost=3722.56..3722.57 rows=1 width=8)
	  ->  Bitmap Heap Scan on sbtest3  (cost=22.31..3720.15 rows=963 width=4)
	        Recheck Cond: ((id >= 608321) AND (id <= 609320))
	        ->  Bitmap Index Scan on sbtest3_pkey  (cost=0.00..22.07 rows=963 width=0)
	              Index Cond: ((id >= 608321) AND (id <= 609320))

table 4 : explain SELECT SUM(k) FROM sbtest4 WHERE id BETWEEN 3550056 AND 3551055
	Aggregate  (cost=3903.69..3903.70 rows=1 width=8)
	  ->  Bitmap Heap Scan on sbtest4  (cost=22.80..3901.16 rows=1011 width=4)
	        Recheck Cond: ((id >= 3550056) AND (id <= 3551055))
	        ->  Bitmap Index Scan on sbtest4_pkey  (cost=0.00..22.54 rows=1011 width=0)
	              Index Cond: ((id >= 3550056) AND (id <= 3551055))

table 5 : explain SELECT SUM(k) FROM sbtest5 WHERE id BETWEEN 3285761 AND 3286760
	Aggregate  (cost=3779.50..3779.51 rows=1 width=8)
	  ->  Bitmap Heap Scan on sbtest5  (cost=22.46..3777.05 rows=978 width=4)
	        Recheck Cond: ((id >= 3285761) AND (id <= 3286760))
	        ->  Bitmap Index Scan on sbtest5_pkey  (cost=0.00..22.21 rows=978 width=0)
	              Index Cond: ((id >= 3285761) AND (id <= 3286760))

table 6 : explain SELECT SUM(k) FROM sbtest6 WHERE id BETWEEN 7041187 AND 7042186
	Aggregate  (cost=3953.82..3953.83 rows=1 width=8)
	  ->  Bitmap Heap Scan on sbtest6  (cost=22.93..3951.26 rows=1024 width=4)
	        Recheck Cond: ((id >= 7041187) AND (id <= 7042186))
	        ->  Bitmap Index Scan on sbtest6_pkey  (cost=0.00..22.68 rows=1024 width=0)
	              Index Cond: ((id >= 7041187) AND (id <= 7042186))

table 7 : explain SELECT SUM(k) FROM sbtest7 WHERE id BETWEEN 7145476 AND 7146475
	Aggregate  (cost=4186.56..4186.57 rows=1 width=8)
	  ->  Bitmap Heap Scan on sbtest7  (cost=23.57..4183.84 rows=1086 width=4)
	        Recheck Cond: ((id >= 7145476) AND (id <= 7146475))
	        ->  Bitmap Index Scan on sbtest7_pkey  (cost=0.00..23.29 rows=1086 width=0)
	              Index Cond: ((id >= 7145476) AND (id <= 7146475))

table 8 : explain SELECT SUM(k) FROM sbtest8 WHERE id BETWEEN 623500 AND 624499
	Aggregate  (cost=3920.68..3920.69 rows=1 width=8)
	  ->  Bitmap Heap Scan on sbtest8  (cost=22.84..3918.14 rows=1015 width=4)
	        Recheck Cond: ((id >= 623500) AND (id <= 624499))
	        ->  Bitmap Index Scan on sbtest8_pkey  (cost=0.00..22.58 rows=1015 width=0)
	              Index Cond: ((id >= 623500) AND (id <= 624499))

for point_selects
table 1 : explain SELECT c FROM sbtest1 WHERE id=7164589
	Index Scan using sbtest1_pkey on sbtest1  (cost=0.43..8.45 rows=1 width=121)
	  Index Cond: (id = 7164589)

table 2 : explain SELECT c FROM sbtest2 WHERE id=879028
	Index Scan using sbtest2_pkey on sbtest2  (cost=0.43..8.45 rows=1 width=121)
	  Index Cond: (id = 879028)

table 3 : explain SELECT c FROM sbtest3 WHERE id=1508454
	Index Scan using sbtest3_pkey on sbtest3  (cost=0.43..8.45 rows=1 width=121)
	  Index Cond: (id = 1508454)

table 4 : explain SELECT c FROM sbtest4 WHERE id=307461
	Index Scan using sbtest4_pkey on sbtest4  (cost=0.43..8.45 rows=1 width=121)
	  Index Cond: (id = 307461)

table 5 : explain SELECT c FROM sbtest5 WHERE id=2090205
	Index Scan using sbtest5_pkey on sbtest5  (cost=0.43..8.45 rows=1 width=121)
	  Index Cond: (id = 2090205)

table 6 : explain SELECT c FROM sbtest6 WHERE id=9961839
	Index Scan using sbtest6_pkey on sbtest6  (cost=0.43..8.45 rows=1 width=121)
	  Index Cond: (id = 9961839)

table 7 : explain SELECT c FROM sbtest7 WHERE id=5226761
	Index Scan using sbtest7_pkey on sbtest7  (cost=0.43..8.45 rows=1 width=121)
	  Index Cond: (id = 5226761)

table 8 : explain SELECT c FROM sbtest8 WHERE id=3423932
	Index Scan using sbtest8_pkey on sbtest8  (cost=0.43..8.45 rows=1 width=121)
	  Index Cond: (id = 3423932)

for: distinct_ranges
table 1 : explain SELECT DISTINCT c FROM sbtest1 WHERE id BETWEEN 5242352 AND 5243351 ORDER BY c
	Unique  (cost=3813.31..3818.19 rows=975 width=121)
	  ->  Sort  (cost=3813.31..3815.75 rows=975 width=121)
	        Sort Key: c
	        ->  Bitmap Heap Scan on sbtest1  (cost=22.43..3764.90 rows=975 width=121)
	              Recheck Cond: ((id >= 5242352) AND (id <= 5243351))
	              ->  Bitmap Index Scan on sbtest1_pkey  (cost=0.00..22.18 rows=975 width=0)
	                    Index Cond: ((id >= 5242352) AND (id <= 5243351))

table 2 : explain SELECT DISTINCT c FROM sbtest2 WHERE id BETWEEN 2908641 AND 2909640 ORDER BY c
	Unique  (cost=3989.16..3994.27 rows=1021 width=121)
	  ->  Sort  (cost=3989.16..3991.71 rows=1021 width=121)
	        Sort Key: c
	        ->  Bitmap Heap Scan on sbtest2  (cost=22.90..3938.13 rows=1021 width=121)
	              Recheck Cond: ((id >= 2908641) AND (id <= 2909640))
	              ->  Bitmap Index Scan on sbtest2_pkey  (cost=0.00..22.64 rows=1021 width=0)
	                    Index Cond: ((id >= 2908641) AND (id <= 2909640))

table 3 : explain SELECT DISTINCT c FROM sbtest3 WHERE id BETWEEN 9588207 AND 9589206 ORDER BY c
	Unique  (cost=4344.38..4349.95 rows=1114 width=121)
	  ->  Sort  (cost=4344.38..4347.16 rows=1114 width=121)
	        Sort Key: c
	        ->  Bitmap Heap Scan on sbtest3  (cost=27.85..4288.00 rows=1114 width=121)
	              Recheck Cond: ((id >= 9588207) AND (id <= 9589206))
	              ->  Bitmap Index Scan on sbtest3_pkey  (cost=0.00..27.57 rows=1114 width=0)
	                    Index Cond: ((id >= 9588207) AND (id <= 9589206))

table 4 : explain SELECT DISTINCT c FROM sbtest4 WHERE id BETWEEN 4043307 AND 4044306 ORDER BY c
	Unique  (cost=3733.69..3738.46 rows=954 width=121)
	  ->  Sort  (cost=3733.69..3736.08 rows=954 width=121)
	        Sort Key: c
	        ->  Bitmap Heap Scan on sbtest4  (cost=22.21..3686.48 rows=954 width=121)
	              Recheck Cond: ((id >= 4043307) AND (id <= 4044306))
	              ->  Bitmap Index Scan on sbtest4_pkey  (cost=0.00..21.97 rows=954 width=0)
	                    Index Cond: ((id >= 4043307) AND (id <= 4044306))

table 5 : explain SELECT DISTINCT c FROM sbtest5 WHERE id BETWEEN 8287917 AND 8288916 ORDER BY c
	Unique  (cost=3638.10..3642.74 rows=929 width=121)
	  ->  Sort  (cost=3638.10..3640.42 rows=929 width=121)
	        Sort Key: c
	        ->  Bitmap Heap Scan on sbtest5  (cost=21.96..3592.30 rows=929 width=121)
	              Recheck Cond: ((id >= 8287917) AND (id <= 8288916))
	              ->  Bitmap Index Scan on sbtest5_pkey  (cost=0.00..21.72 rows=929 width=0)
	                    Index Cond: ((id >= 8287917) AND (id <= 8288916))

table 6 : explain SELECT DISTINCT c FROM sbtest6 WHERE id BETWEEN 9908615 AND 9909614 ORDER BY c
	Unique  (cost=3635.17..3639.81 rows=928 width=121)
	  ->  Sort  (cost=3635.17..3637.49 rows=928 width=121)
	        Sort Key: c
	        ->  Bitmap Heap Scan on sbtest6  (cost=21.95..3589.43 rows=928 width=121)
	              Recheck Cond: ((id >= 9908615) AND (id <= 9909614))
	              ->  Bitmap Index Scan on sbtest6_pkey  (cost=0.00..21.71 rows=928 width=0)
	                    Index Cond: ((id >= 9908615) AND (id <= 9909614))

table 7 : explain SELECT DISTINCT c FROM sbtest7 WHERE id BETWEEN 748719 AND 749718 ORDER BY c
	Unique  (cost=3768.83..3773.64 rows=963 width=121)
	  ->  Sort  (cost=3768.83..3771.23 rows=963 width=121)
	        Sort Key: c
	        ->  Bitmap Heap Scan on sbtest7  (cost=22.31..3721.10 rows=963 width=121)
	              Recheck Cond: ((id >= 748719) AND (id <= 749718))
	              ->  Bitmap Index Scan on sbtest7_pkey  (cost=0.00..22.07 rows=963 width=0)
	                    Index Cond: ((id >= 748719) AND (id <= 749718))

table 8 : explain SELECT DISTINCT c FROM sbtest8 WHERE id BETWEEN 8550617 AND 8551616 ORDER BY c
	Unique  (cost=3911.48..3916.48 rows=1000 width=121)
	  ->  Sort  (cost=3911.48..3913.98 rows=1000 width=121)
	        Sort Key: c
	        ->  Bitmap Heap Scan on sbtest8  (cost=22.68..3861.65 rows=1000 width=121)
	              Recheck Cond: ((id >= 8550617) AND (id <= 8551616))
	              ->  Bitmap Index Scan on sbtest8_pkey  (cost=0.00..22.43 rows=1000 width=0)
	                    Index Cond: ((id >= 8550617) AND (id <= 8551616))

for: order_ranges
table 1 : explain SELECT c FROM sbtest1 WHERE id BETWEEN 5562165 AND 5563164 ORDER BY c
	Sort  (cost=3664.11..3666.45 rows=936 width=121)
	  Sort Key: c
	  ->  Bitmap Heap Scan on sbtest1  (cost=22.03..3617.92 rows=936 width=121)
	        Recheck Cond: ((id >= 5562165) AND (id <= 5563164))
	        ->  Bitmap Index Scan on sbtest1_pkey  (cost=0.00..21.79 rows=936 width=0)
	              Index Cond: ((id >= 5562165) AND (id <= 5563164))

table 2 : explain SELECT c FROM sbtest2 WHERE id BETWEEN 1140562 AND 1141561 ORDER BY c
	Sort  (cost=4038.78..4041.36 rows=1034 width=121)
	  Sort Key: c
	  ->  Bitmap Heap Scan on sbtest2  (cost=23.03..3987.01 rows=1034 width=121)
	        Recheck Cond: ((id >= 1140562) AND (id <= 1141561))
	        ->  Bitmap Index Scan on sbtest2_pkey  (cost=0.00..22.77 rows=1034 width=0)
	              Index Cond: ((id >= 1140562) AND (id <= 1141561))

table 3 : explain SELECT c FROM sbtest3 WHERE id BETWEEN 6088943 AND 6089942 ORDER BY c
	Sort  (cost=3951.35..3953.87 rows=1011 width=121)
	  Sort Key: c
	  ->  Bitmap Heap Scan on sbtest3  (cost=22.80..3900.89 rows=1011 width=121)
	        Recheck Cond: ((id >= 6088943) AND (id <= 6089942))
	        ->  Bitmap Index Scan on sbtest3_pkey  (cost=0.00..22.54 rows=1011 width=0)
	              Index Cond: ((id >= 6088943) AND (id <= 6089942))

table 4 : explain SELECT c FROM sbtest4 WHERE id BETWEEN 9327489 AND 9328488 ORDER BY c
	Sort  (cost=3737.52..3739.90 rows=955 width=121)
	  Sort Key: c
	  ->  Bitmap Heap Scan on sbtest4  (cost=22.22..3690.25 rows=955 width=121)
	        Recheck Cond: ((id >= 9327489) AND (id <= 9328488))
	        ->  Bitmap Index Scan on sbtest4_pkey  (cost=0.00..21.98 rows=955 width=0)
	              Index Cond: ((id >= 9327489) AND (id <= 9328488))

table 5 : explain SELECT c FROM sbtest5 WHERE id BETWEEN 6412974 AND 6413973 ORDER BY c
	Sort  (cost=3618.94..3621.25 rows=924 width=121)
	  Sort Key: c
	  ->  Bitmap Heap Scan on sbtest5  (cost=21.91..3573.43 rows=924 width=121)
	        Recheck Cond: ((id >= 6412974) AND (id <= 6413973))
	        ->  Bitmap Index Scan on sbtest5_pkey  (cost=0.00..21.68 rows=924 width=0)
	              Index Cond: ((id >= 6412974) AND (id <= 6413973))

table 6 : explain SELECT c FROM sbtest6 WHERE id BETWEEN 3973053 AND 3974052 ORDER BY c
	Sort  (cost=4101.73..4104.36 rows=1050 width=121)
	  Sort Key: c
	  ->  Bitmap Heap Scan on sbtest6  (cost=23.20..4049.04 rows=1050 width=121)
	        Recheck Cond: ((id >= 3973053) AND (id <= 3974052))
	        ->  Bitmap Index Scan on sbtest6_pkey  (cost=0.00..22.93 rows=1050 width=0)
	              Index Cond: ((id >= 3973053) AND (id <= 3974052))

table 7 : explain SELECT c FROM sbtest7 WHERE id BETWEEN 4499328 AND 4500327 ORDER BY c
	Sort  (cost=3868.28..3870.75 rows=989 width=121)
	  Sort Key: c
	  ->  Bitmap Heap Scan on sbtest7  (cost=22.57..3819.08 rows=989 width=121)
	        Recheck Cond: ((id >= 4499328) AND (id <= 4500327))
	        ->  Bitmap Index Scan on sbtest7_pkey  (cost=0.00..22.32 rows=989 width=0)
	              Index Cond: ((id >= 4499328) AND (id <= 4500327))

table 8 : explain SELECT c FROM sbtest8 WHERE id BETWEEN 5236098 AND 5237097 ORDER BY c
	Sort  (cost=3789.05..3791.47 rows=968 width=121)
	  Sort Key: c
	  ->  Bitmap Heap Scan on sbtest8  (cost=22.36..3741.04 rows=968 width=121)
	        Recheck Cond: ((id >= 5236098) AND (id <= 5237097))
	        ->  Bitmap Index Scan on sbtest8_pkey  (cost=0.00..22.11 rows=968 width=0)
	              Index Cond: ((id >= 5236098) AND (id <= 5237097))

for point_selects
table 1 : explain SELECT c FROM sbtest1 WHERE id=3982581
	Index Scan using sbtest1_pkey on sbtest1  (cost=0.43..8.45 rows=1 width=121)
	  Index Cond: (id = 3982581)

table 2 : explain SELECT c FROM sbtest2 WHERE id=5003618
	Index Scan using sbtest2_pkey on sbtest2  (cost=0.43..8.45 rows=1 width=121)
	  Index Cond: (id = 5003618)

table 3 : explain SELECT c FROM sbtest3 WHERE id=1952003
	Index Scan using sbtest3_pkey on sbtest3  (cost=0.43..8.45 rows=1 width=121)
	  Index Cond: (id = 1952003)

table 4 : explain SELECT c FROM sbtest4 WHERE id=6021767
	Index Scan using sbtest4_pkey on sbtest4  (cost=0.43..8.45 rows=1 width=121)
	  Index Cond: (id = 6021767)

table 5 : explain SELECT c FROM sbtest5 WHERE id=7025032
	Index Scan using sbtest5_pkey on sbtest5  (cost=0.43..8.45 rows=1 width=121)
	  Index Cond: (id = 7025032)

table 6 : explain SELECT c FROM sbtest6 WHERE id=5426152
	Index Scan using sbtest6_pkey on sbtest6  (cost=0.43..8.45 rows=1 width=121)
	  Index Cond: (id = 5426152)

table 7 : explain SELECT c FROM sbtest7 WHERE id=7817370
	Index Scan using sbtest7_pkey on sbtest7  (cost=0.43..8.45 rows=1 width=121)
	  Index Cond: (id = 7817370)

table 8 : explain SELECT c FROM sbtest8 WHERE id=4543613
	Index Scan using sbtest8_pkey on sbtest8  (cost=0.43..8.45 rows=1 width=121)
	  Index Cond: (id = 4543613)

for: sum_ranges
table 1 : explain SELECT SUM(k) FROM sbtest1 WHERE id BETWEEN 2622213 AND 2623212
	Aggregate  (cost=3910.46..3910.47 rows=1 width=8)
	  ->  Bitmap Heap Scan on sbtest1  (cost=22.82..3907.93 rows=1013 width=4)
	        Recheck Cond: ((id >= 2622213) AND (id <= 2623212))
	        ->  Bitmap Index Scan on sbtest1_pkey  (cost=0.00..22.57 rows=1013 width=0)
	              Index Cond: ((id >= 2622213) AND (id <= 2623212))

table 2 : explain SELECT SUM(k) FROM sbtest2 WHERE id BETWEEN 9575406 AND 9576405
	Aggregate  (cost=3989.59..3989.60 rows=1 width=8)
	  ->  Bitmap Heap Scan on sbtest2  (cost=23.03..3987.01 rows=1034 width=4)
	        Recheck Cond: ((id >= 9575406) AND (id <= 9576405))
	        ->  Bitmap Index Scan on sbtest2_pkey  (cost=0.00..22.77 rows=1034 width=0)
	              Index Cond: ((id >= 9575406) AND (id <= 9576405))

table 3 : explain SELECT SUM(k) FROM sbtest3 WHERE id BETWEEN 2312811 AND 2313810
	Aggregate  (cost=4038.87..4038.88 rows=1 width=8)
	  ->  Bitmap Heap Scan on sbtest3  (cost=23.17..4036.25 rows=1047 width=4)
	        Recheck Cond: ((id >= 2312811) AND (id <= 2313810))
	        ->  Bitmap Index Scan on sbtest3_pkey  (cost=0.00..22.90 rows=1047 width=0)
	              Index Cond: ((id >= 2312811) AND (id <= 2313810))

table 4 : explain SELECT SUM(k) FROM sbtest4 WHERE id BETWEEN 7520994 AND 7521993
	Aggregate  (cost=3670.00..3670.01 rows=1 width=8)
	  ->  Bitmap Heap Scan on sbtest4  (cost=22.16..3667.63 rows=949 width=4)
	        Recheck Cond: ((id >= 7520994) AND (id <= 7521993))
	        ->  Bitmap Index Scan on sbtest4_pkey  (cost=0.00..21.93 rows=949 width=0)
	              Index Cond: ((id >= 7520994) AND (id <= 7521993))

table 5 : explain SELECT SUM(k) FROM sbtest5 WHERE id BETWEEN 130789 AND 131788
	Aggregate  (cost=3692.76..3692.77 rows=1 width=8)
	  ->  Bitmap Heap Scan on sbtest5  (cost=22.22..3690.37 rows=955 width=4)
	        Recheck Cond: ((id >= 130789) AND (id <= 131788))
	        ->  Bitmap Index Scan on sbtest5_pkey  (cost=0.00..21.98 rows=955 width=0)
	              Index Cond: ((id >= 130789) AND (id <= 131788))

table 6 : explain SELECT SUM(k) FROM sbtest6 WHERE id BETWEEN 6227176 AND 6228175
	Aggregate  (cost=3833.26..3833.27 rows=1 width=8)
	  ->  Bitmap Heap Scan on sbtest6  (cost=22.60..3830.78 rows=992 width=4)
	        Recheck Cond: ((id >= 6227176) AND (id <= 6228175))
	        ->  Bitmap Index Scan on sbtest6_pkey  (cost=0.00..22.36 rows=992 width=0)
	              Index Cond: ((id >= 6227176) AND (id <= 6228175))

table 7 : explain SELECT SUM(k) FROM sbtest7 WHERE id BETWEEN 8976022 AND 8977021
	Aggregate  (cost=4047.47..4047.48 rows=1 width=8)
	  ->  Bitmap Heap Scan on sbtest7  (cost=23.19..4044.85 rows=1049 width=4)
	        Recheck Cond: ((id >= 8976022) AND (id <= 8977021))
	        ->  Bitmap Index Scan on sbtest7_pkey  (cost=0.00..22.93 rows=1049 width=0)
	              Index Cond: ((id >= 8976022) AND (id <= 8977021))

table 8 : explain SELECT SUM(k) FROM sbtest8 WHERE id BETWEEN 7501653 AND 7502652
	Aggregate  (cost=3788.73..3788.74 rows=1 width=8)
	  ->  Bitmap Heap Scan on sbtest8  (cost=22.48..3786.28 rows=980 width=4)
	        Recheck Cond: ((id >= 7501653) AND (id <= 7502652))
	        ->  Bitmap Index Scan on sbtest8_pkey  (cost=0.00..22.23 rows=980 width=0)
	              Index Cond: ((id >= 7501653) AND (id <= 7502652))

for: simple_ranges
table 1 : explain SELECT c FROM sbtest1 WHERE id BETWEEN 4660582 AND 4661581
	Bitmap Heap Scan on sbtest1  (cost=22.91..3941.78 rows=1022 width=121)
	  Recheck Cond: ((id >= 4660582) AND (id <= 4661581))
	  ->  Bitmap Index Scan on sbtest1_pkey  (cost=0.00..22.65 rows=1022 width=0)
	        Index Cond: ((id >= 4660582) AND (id <= 4661581))

table 2 : explain SELECT c FROM sbtest2 WHERE id BETWEEN 2936245 AND 2937244
	Bitmap Heap Scan on sbtest2  (cost=22.90..3938.13 rows=1021 width=121)
	  Recheck Cond: ((id >= 2936245) AND (id <= 2937244))
	  ->  Bitmap Index Scan on sbtest2_pkey  (cost=0.00..22.64 rows=1021 width=0)
	        Index Cond: ((id >= 2936245) AND (id <= 2937244))

table 3 : explain SELECT c FROM sbtest3 WHERE id BETWEEN 1974048 AND 1975047
	Bitmap Heap Scan on sbtest3  (cost=23.35..4103.86 rows=1065 width=121)
	  Recheck Cond: ((id >= 1974048) AND (id <= 1975047))
	  ->  Bitmap Index Scan on sbtest3_pkey  (cost=0.00..23.08 rows=1065 width=0)
	        Index Cond: ((id >= 1974048) AND (id <= 1975047))

table 4 : explain SELECT c FROM sbtest4 WHERE id BETWEEN 9493380 AND 9494379
	Bitmap Heap Scan on sbtest4  (cost=22.78..3893.64 rows=1009 width=121)
	  Recheck Cond: ((id >= 9493380) AND (id <= 9494379))
	  ->  Bitmap Index Scan on sbtest4_pkey  (cost=0.00..22.52 rows=1009 width=0)
	        Index Cond: ((id >= 9493380) AND (id <= 9494379))

table 5 : explain SELECT c FROM sbtest5 WHERE id BETWEEN 2220638 AND 2221637
	Bitmap Heap Scan on sbtest5  (cost=22.11..3648.89 rows=944 width=121)
	  Recheck Cond: ((id >= 2220638) AND (id <= 2221637))
	  ->  Bitmap Index Scan on sbtest5_pkey  (cost=0.00..21.87 rows=944 width=0)
	        Index Cond: ((id >= 2220638) AND (id <= 2221637))

table 6 : explain SELECT c FROM sbtest6 WHERE id BETWEEN 6778732 AND 6779731
	Bitmap Heap Scan on sbtest6  (cost=22.04..3623.40 rows=937 width=121)
	  Recheck Cond: ((id >= 6778732) AND (id <= 6779731))
	  ->  Bitmap Index Scan on sbtest6_pkey  (cost=0.00..21.80 rows=937 width=0)
	        Index Cond: ((id >= 6778732) AND (id <= 6779731))

table 7 : explain SELECT c FROM sbtest7 WHERE id BETWEEN 7964361 AND 7965360
	Bitmap Heap Scan on sbtest7  (cost=21.78..3528.65 rows=912 width=121)
	  Recheck Cond: ((id >= 7964361) AND (id <= 7965360))
	  ->  Bitmap Index Scan on sbtest7_pkey  (cost=0.00..21.55 rows=912 width=0)
	        Index Cond: ((id >= 7964361) AND (id <= 7965360))

table 8 : explain SELECT c FROM sbtest8 WHERE id BETWEEN 911524 AND 912523
	Bitmap Heap Scan on sbtest8  (cost=28.01..4346.80 rows=1129 width=121)
	  Recheck Cond: ((id >= 911524) AND (id <= 912523))
	  ->  Bitmap Index Scan on sbtest8_pkey  (cost=0.00..27.72 rows=1129 width=0)
	        Index Cond: ((id >= 911524) AND (id <= 912523))

for: order_ranges
table 1 : explain SELECT c FROM sbtest1 WHERE id BETWEEN 7617165 AND 7618164 ORDER BY c
	Sort  (cost=4111.14..4113.77 rows=1053 width=121)
	  Sort Key: c
	  ->  Bitmap Heap Scan on sbtest1  (cost=23.23..4058.28 rows=1053 width=121)
	        Recheck Cond: ((id >= 7617165) AND (id <= 7618164))
	        ->  Bitmap Index Scan on sbtest1_pkey  (cost=0.00..22.96 rows=1053 width=0)
	              Index Cond: ((id >= 7617165) AND (id <= 7618164))

table 2 : explain SELECT c FROM sbtest2 WHERE id BETWEEN 4426368 AND 4427367 ORDER BY c
	Sort  (cost=3897.50..3899.99 rows=997 width=121)
	  Sort Key: c
	  ->  Bitmap Heap Scan on sbtest2  (cost=22.65..3847.84 rows=997 width=121)
	        Recheck Cond: ((id >= 4426368) AND (id <= 4427367))
	        ->  Bitmap Index Scan on sbtest2_pkey  (cost=0.00..22.40 rows=997 width=0)
	              Index Cond: ((id >= 4426368) AND (id <= 4427367))

table 3 : explain SELECT c FROM sbtest3 WHERE id BETWEEN 423430 AND 424429 ORDER BY c
	Sort  (cost=3534.29..3536.54 rows=902 width=121)
	  Sort Key: c
	  ->  Bitmap Heap Scan on sbtest3  (cost=21.68..3490.01 rows=902 width=121)
	        Recheck Cond: ((id >= 423430) AND (id <= 424429))
	        ->  Bitmap Index Scan on sbtest3_pkey  (cost=0.00..21.45 rows=902 width=0)
	              Index Cond: ((id >= 423430) AND (id <= 424429))

table 4 : explain SELECT c FROM sbtest4 WHERE id BETWEEN 6603660 AND 6604659 ORDER BY c
	Sort  (cost=3974.54..3977.08 rows=1017 width=121)
	  Sort Key: c
	  ->  Bitmap Heap Scan on sbtest4  (cost=22.86..3923.74 rows=1017 width=121)
	        Recheck Cond: ((id >= 6603660) AND (id <= 6604659))
	        ->  Bitmap Index Scan on sbtest4_pkey  (cost=0.00..22.61 rows=1017 width=0)
	              Index Cond: ((id >= 6603660) AND (id <= 6604659))

table 5 : explain SELECT c FROM sbtest5 WHERE id BETWEEN 4682108 AND 4683107 ORDER BY c
	Sort  (cost=3955.58..3958.11 rows=1012 width=121)
	  Sort Key: c
	  ->  Bitmap Heap Scan on sbtest5  (cost=22.81..3905.06 rows=1012 width=121)
	        Recheck Cond: ((id >= 4682108) AND (id <= 4683107))
	        ->  Bitmap Index Scan on sbtest5_pkey  (cost=0.00..22.55 rows=1012 width=0)
	              Index Cond: ((id >= 4682108) AND (id <= 4683107))

table 6 : explain SELECT c FROM sbtest6 WHERE id BETWEEN 3483320 AND 3484319 ORDER BY c
	Sort  (cost=3937.50..3940.02 rows=1007 width=121)
	  Sort Key: c
	  ->  Bitmap Heap Scan on sbtest6  (cost=22.76..3887.27 rows=1007 width=121)
	        Recheck Cond: ((id >= 3483320) AND (id <= 3484319))
	        ->  Bitmap Index Scan on sbtest6_pkey  (cost=0.00..22.50 rows=1007 width=0)
	              Index Cond: ((id >= 3483320) AND (id <= 3484319))

table 7 : explain SELECT c FROM sbtest7 WHERE id BETWEEN 7638085 AND 7639084 ORDER BY c
	Sort  (cost=3830.04..3832.49 rows=979 width=121)
	  Sort Key: c
	  ->  Bitmap Heap Scan on sbtest7  (cost=22.47..3781.41 rows=979 width=121)
	        Recheck Cond: ((id >= 7638085) AND (id <= 7639084))
	        ->  Bitmap Index Scan on sbtest7_pkey  (cost=0.00..22.22 rows=979 width=0)
	              Index Cond: ((id >= 7638085) AND (id <= 7639084))

table 8 : explain SELECT c FROM sbtest8 WHERE id BETWEEN 4936191 AND 4937190 ORDER BY c
	Sort  (cost=4106.34..4108.97 rows=1051 width=121)
	  Sort Key: c
	  ->  Bitmap Heap Scan on sbtest8  (cost=23.21..4053.60 rows=1051 width=121)
	        Recheck Cond: ((id >= 4936191) AND (id <= 4937190))
	        ->  Bitmap Index Scan on sbtest8_pkey  (cost=0.00..22.94 rows=1051 width=0)
	              Index Cond: ((id >= 4936191) AND (id <= 4937190))

for: order_ranges
table 1 : explain SELECT c FROM sbtest1 WHERE id BETWEEN 9840087 AND 9841086 ORDER BY c
	Sort  (cost=4198.82..4201.51 rows=1076 width=121)
	  Sort Key: c
	  ->  Bitmap Heap Scan on sbtest1  (cost=23.46..4144.63 rows=1076 width=121)
	        Recheck Cond: ((id >= 9840087) AND (id <= 9841086))
	        ->  Bitmap Index Scan on sbtest1_pkey  (cost=0.00..23.19 rows=1076 width=0)
	              Index Cond: ((id >= 9840087) AND (id <= 9841086))

table 2 : explain SELECT c FROM sbtest2 WHERE id BETWEEN 3532217 AND 3533216 ORDER BY c
	Sort  (cost=3671.87..3674.22 rows=938 width=121)
	  Sort Key: c
	  ->  Bitmap Heap Scan on sbtest2  (cost=22.05..3625.56 rows=938 width=121)
	        Recheck Cond: ((id >= 3532217) AND (id <= 3533216))
	        ->  Bitmap Index Scan on sbtest2_pkey  (cost=0.00..21.82 rows=938 width=0)
	              Index Cond: ((id >= 3532217) AND (id <= 3533216))

table 3 : explain SELECT c FROM sbtest3 WHERE id BETWEEN 4165140 AND 4166139 ORDER BY c
	Sort  (cost=4020.08..4022.65 rows=1029 width=121)
	  Sort Key: c
	  ->  Bitmap Heap Scan on sbtest3  (cost=22.98..3968.59 rows=1029 width=121)
	        Recheck Cond: ((id >= 4165140) AND (id <= 4166139))
	        ->  Bitmap Index Scan on sbtest3_pkey  (cost=0.00..22.72 rows=1029 width=0)
	              Index Cond: ((id >= 4165140) AND (id <= 4166139))

table 4 : explain SELECT c FROM sbtest4 WHERE id BETWEEN 5325066 AND 5326065 ORDER BY c
	Sort  (cost=3400.27..3402.43 rows=867 width=121)
	  Sort Key: c
	  ->  Bitmap Heap Scan on sbtest4  (cost=21.32..3357.96 rows=867 width=121)
	        Recheck Cond: ((id >= 5325066) AND (id <= 5326065))
	        ->  Bitmap Index Scan on sbtest4_pkey  (cost=0.00..21.11 rows=867 width=0)
	              Index Cond: ((id >= 5325066) AND (id <= 5326065))

table 5 : explain SELECT c FROM sbtest5 WHERE id BETWEEN 7926338 AND 7927337 ORDER BY c
	Sort  (cost=3840.92..3843.38 rows=982 width=121)
	  Sort Key: c
	  ->  Bitmap Heap Scan on sbtest5  (cost=22.50..3792.12 rows=982 width=121)
	        Recheck Cond: ((id >= 7926338) AND (id <= 7927337))
	        ->  Bitmap Index Scan on sbtest5_pkey  (cost=0.00..22.25 rows=982 width=0)
	              Index Cond: ((id >= 7926338) AND (id <= 7927337))

table 6 : explain SELECT c FROM sbtest6 WHERE id BETWEEN 4660934 AND 4661933 ORDER BY c
	Sort  (cost=3623.68..3625.99 rows=925 width=121)
	  Sort Key: c
	  ->  Bitmap Heap Scan on sbtest6  (cost=21.92..3578.11 rows=925 width=121)
	        Recheck Cond: ((id >= 4660934) AND (id <= 4661933))
	        ->  Bitmap Index Scan on sbtest6_pkey  (cost=0.00..21.68 rows=925 width=0)
	              Index Cond: ((id >= 4660934) AND (id <= 4661933))

table 7 : explain SELECT c FROM sbtest7 WHERE id BETWEEN 1324291 AND 1325290 ORDER BY c
	Sort  (cost=4002.03..4004.59 rows=1024 width=121)
	  Sort Key: c
	  ->  Bitmap Heap Scan on sbtest7  (cost=22.93..3950.83 rows=1024 width=121)
	        Recheck Cond: ((id >= 1324291) AND (id <= 1325290))
	        ->  Bitmap Index Scan on sbtest7_pkey  (cost=0.00..22.68 rows=1024 width=0)
	              Index Cond: ((id >= 1324291) AND (id <= 1325290))

table 8 : explain SELECT c FROM sbtest8 WHERE id BETWEEN 3340067 AND 3341066 ORDER BY c
	Sort  (cost=3643.50..3645.82 rows=930 width=121)
	  Sort Key: c
	  ->  Bitmap Heap Scan on sbtest8  (cost=21.97..3597.64 rows=930 width=121)
	        Recheck Cond: ((id >= 3340067) AND (id <= 3341066))
	        ->  Bitmap Index Scan on sbtest8_pkey  (cost=0.00..21.73 rows=930 width=0)
	              Index Cond: ((id >= 3340067) AND (id <= 3341066))

for: simple_ranges
table 1 : explain SELECT c FROM sbtest1 WHERE id BETWEEN 827299 AND 828298
	Bitmap Heap Scan on sbtest1  (cost=22.07..3633.00 rows=940 width=121)
	  Recheck Cond: ((id >= 827299) AND (id <= 828298))
	  ->  Bitmap Index Scan on sbtest1_pkey  (cost=0.00..21.83 rows=940 width=0)
	        Index Cond: ((id >= 827299) AND (id <= 828298))

table 2 : explain SELECT c FROM sbtest2 WHERE id BETWEEN 2468398 AND 2469397
	Bitmap Heap Scan on sbtest2  (cost=23.05..3994.52 rows=1036 width=121)
	  Recheck Cond: ((id >= 2468398) AND (id <= 2469397))
	  ->  Bitmap Index Scan on sbtest2_pkey  (cost=0.00..22.79 rows=1036 width=0)
	        Index Cond: ((id >= 2468398) AND (id <= 2469397))

table 3 : explain SELECT c FROM sbtest3 WHERE id BETWEEN 3625207 AND 3626206
	Bitmap Heap Scan on sbtest3  (cost=21.94..3584.39 rows=927 width=121)
	  Recheck Cond: ((id >= 3625207) AND (id <= 3626206))
	  ->  Bitmap Index Scan on sbtest3_pkey  (cost=0.00..21.70 rows=927 width=0)
	        Index Cond: ((id >= 3625207) AND (id <= 3626206))

table 4 : explain SELECT c FROM sbtest4 WHERE id BETWEEN 3706280 AND 3707279
	Bitmap Heap Scan on sbtest4  (cost=22.65..3848.47 rows=997 width=121)
	  Recheck Cond: ((id >= 3706280) AND (id <= 3707279))
	  ->  Bitmap Index Scan on sbtest4_pkey  (cost=0.00..22.40 rows=997 width=0)
	        Index Cond: ((id >= 3706280) AND (id <= 3707279))

table 5 : explain SELECT c FROM sbtest5 WHERE id BETWEEN 638871 AND 639870
	Bitmap Heap Scan on sbtest5  (cost=23.00..3976.53 rows=1031 width=121)
	  Recheck Cond: ((id >= 638871) AND (id <= 639870))
	  ->  Bitmap Index Scan on sbtest5_pkey  (cost=0.00..22.75 rows=1031 width=0)
	        Index Cond: ((id >= 638871) AND (id <= 639870))

table 6 : explain SELECT c FROM sbtest6 WHERE id BETWEEN 8126508 AND 8127507
	Bitmap Heap Scan on sbtest6  (cost=22.14..3661.14 rows=947 width=121)
	  Recheck Cond: ((id >= 8126508) AND (id <= 8127507))
	  ->  Bitmap Index Scan on sbtest6_pkey  (cost=0.00..21.90 rows=947 width=0)
	        Index Cond: ((id >= 8126508) AND (id <= 8127507))

table 7 : explain SELECT c FROM sbtest7 WHERE id BETWEEN 9972312 AND 9973311
	Bitmap Heap Scan on sbtest7  (cost=22.48..3785.18 rows=980 width=121)
	  Recheck Cond: ((id >= 9972312) AND (id <= 9973311))
	  ->  Bitmap Index Scan on sbtest7_pkey  (cost=0.00..22.23 rows=980 width=0)
	        Index Cond: ((id >= 9972312) AND (id <= 9973311))

table 8 : explain SELECT c FROM sbtest8 WHERE id BETWEEN 3952836 AND 3953835
	Bitmap Heap Scan on sbtest8  (cost=22.10..3646.72 rows=943 width=121)
	  Recheck Cond: ((id >= 3952836) AND (id <= 3953835))
	  ->  Bitmap Index Scan on sbtest8_pkey  (cost=0.00..21.86 rows=943 width=0)
	        Index Cond: ((id >= 3952836) AND (id <= 3953835))

for: simple_ranges
table 1 : explain SELECT c FROM sbtest1 WHERE id BETWEEN 538598 AND 539597
	Bitmap Heap Scan on sbtest1  (cost=23.34..4099.59 rows=1064 width=121)
	  Recheck Cond: ((id >= 538598) AND (id <= 539597))
	  ->  Bitmap Index Scan on sbtest1_pkey  (cost=0.00..23.07 rows=1064 width=0)
	        Index Cond: ((id >= 538598) AND (id <= 539597))

table 2 : explain SELECT c FROM sbtest2 WHERE id BETWEEN 157203 AND 158202
	Bitmap Heap Scan on sbtest2  (cost=22.35..3734.88 rows=967 width=121)
	  Recheck Cond: ((id >= 157203) AND (id <= 158202))
	  ->  Bitmap Index Scan on sbtest2_pkey  (cost=0.00..22.11 rows=967 width=0)
	        Index Cond: ((id >= 157203) AND (id <= 158202))

table 3 : explain SELECT c FROM sbtest3 WHERE id BETWEEN 9384890 AND 9385889
	Bitmap Heap Scan on sbtest3  (cost=23.28..4077.57 rows=1058 width=121)
	  Recheck Cond: ((id >= 9384890) AND (id <= 9385889))
	  ->  Bitmap Index Scan on sbtest3_pkey  (cost=0.00..23.01 rows=1058 width=0)
	        Index Cond: ((id >= 9384890) AND (id <= 9385889))

table 4 : explain SELECT c FROM sbtest4 WHERE id BETWEEN 7966211 AND 7967210
	Bitmap Heap Scan on sbtest4  (cost=27.63..4205.79 rows=1092 width=121)
	  Recheck Cond: ((id >= 7966211) AND (id <= 7967210))
	  ->  Bitmap Index Scan on sbtest4_pkey  (cost=0.00..27.36 rows=1092 width=0)
	        Index Cond: ((id >= 7966211) AND (id <= 7967210))

table 5 : explain SELECT c FROM sbtest5 WHERE id BETWEEN 9557641 AND 9558640
	Bitmap Heap Scan on sbtest5  (cost=22.68..3859.90 rows=1000 width=121)
	  Recheck Cond: ((id >= 9557641) AND (id <= 9558640))
	  ->  Bitmap Index Scan on sbtest5_pkey  (cost=0.00..22.43 rows=1000 width=0)
	        Index Cond: ((id >= 9557641) AND (id <= 9558640))

table 6 : explain SELECT c FROM sbtest6 WHERE id BETWEEN 708966 AND 709965
	Bitmap Heap Scan on sbtest6  (cost=23.17..4037.76 rows=1047 width=121)
	  Recheck Cond: ((id >= 708966) AND (id <= 709965))
	  ->  Bitmap Index Scan on sbtest6_pkey  (cost=0.00..22.90 rows=1047 width=0)
	        Index Cond: ((id >= 708966) AND (id <= 709965))

table 7 : explain SELECT c FROM sbtest7 WHERE id BETWEEN 7548460 AND 7549459
	Bitmap Heap Scan on sbtest7  (cost=22.03..3619.26 rows=936 width=121)
	  Recheck Cond: ((id >= 7548460) AND (id <= 7549459))
	  ->  Bitmap Index Scan on sbtest7_pkey  (cost=0.00..21.79 rows=936 width=0)
	        Index Cond: ((id >= 7548460) AND (id <= 7549459))

table 8 : explain SELECT c FROM sbtest8 WHERE id BETWEEN 7697774 AND 7698773
	Bitmap Heap Scan on sbtest8  (cost=22.55..3812.67 rows=987 width=121)
	  Recheck Cond: ((id >= 7697774) AND (id <= 7698773))
	  ->  Bitmap Index Scan on sbtest8_pkey  (cost=0.00..22.30 rows=987 width=0)
	        Index Cond: ((id >= 7697774) AND (id <= 7698773))

for: simple_ranges
table 1 : explain SELECT c FROM sbtest1 WHERE id BETWEEN 3942276 AND 3943275
	Bitmap Heap Scan on sbtest1  (cost=21.92..3576.42 rows=925 width=121)
	  Recheck Cond: ((id >= 3942276) AND (id <= 3943275))
	  ->  Bitmap Index Scan on sbtest1_pkey  (cost=0.00..21.68 rows=925 width=0)
	        Index Cond: ((id >= 3942276) AND (id <= 3943275))

table 2 : explain SELECT c FROM sbtest2 WHERE id BETWEEN 3140767 AND 3141766
	Bitmap Heap Scan on sbtest2  (cost=23.33..4095.96 rows=1063 width=121)
	  Recheck Cond: ((id >= 3140767) AND (id <= 3141766))
	  ->  Bitmap Index Scan on sbtest2_pkey  (cost=0.00..23.07 rows=1063 width=0)
	        Index Cond: ((id >= 3140767) AND (id <= 3141766))

table 3 : explain SELECT c FROM sbtest3 WHERE id BETWEEN 5394093 AND 5395092
	Bitmap Heap Scan on sbtest3  (cost=22.54..3806.79 rows=986 width=121)
	  Recheck Cond: ((id >= 5394093) AND (id <= 5395092))
	  ->  Bitmap Index Scan on sbtest3_pkey  (cost=0.00..22.29 rows=986 width=0)
	        Index Cond: ((id >= 5394093) AND (id <= 5395092))

table 4 : explain SELECT c FROM sbtest4 WHERE id BETWEEN 5348498 AND 5349497
	Bitmap Heap Scan on sbtest4  (cost=21.32..3357.96 rows=867 width=121)
	  Recheck Cond: ((id >= 5348498) AND (id <= 5349497))
	  ->  Bitmap Index Scan on sbtest4_pkey  (cost=0.00..21.11 rows=867 width=0)
	        Index Cond: ((id >= 5348498) AND (id <= 5349497))

table 5 : explain SELECT c FROM sbtest5 WHERE id BETWEEN 2669658 AND 2670657
	Bitmap Heap Scan on sbtest5  (cost=22.25..3701.68 rows=958 width=121)
	  Recheck Cond: ((id >= 2669658) AND (id <= 2670657))
	  ->  Bitmap Index Scan on sbtest5_pkey  (cost=0.00..22.01 rows=958 width=0)
	        Index Cond: ((id >= 2669658) AND (id <= 2670657))

table 6 : explain SELECT c FROM sbtest6 WHERE id BETWEEN 2763366 AND 2764365
	Bitmap Heap Scan on sbtest6  (cost=21.39..3385.36 rows=874 width=121)
	  Recheck Cond: ((id >= 2763366) AND (id <= 2764365))
	  ->  Bitmap Index Scan on sbtest6_pkey  (cost=0.00..21.18 rows=874 width=0)
	        Index Cond: ((id >= 2763366) AND (id <= 2764365))

table 7 : explain SELECT c FROM sbtest7 WHERE id BETWEEN 9525533 AND 9526532
	Bitmap Heap Scan on sbtest7  (cost=22.37..3743.72 rows=969 width=121)
	  Recheck Cond: ((id >= 9525533) AND (id <= 9526532))
	  ->  Bitmap Index Scan on sbtest7_pkey  (cost=0.00..22.12 rows=969 width=0)
	        Index Cond: ((id >= 9525533) AND (id <= 9526532))

table 8 : explain SELECT c FROM sbtest8 WHERE id BETWEEN 1671570 AND 1672569
	Bitmap Heap Scan on sbtest8  (cost=22.19..3680.69 rows=952 width=121)
	  Recheck Cond: ((id >= 1671570) AND (id <= 1672569))
	  ->  Bitmap Index Scan on sbtest8_pkey  (cost=0.00..21.95 rows=952 width=0)
	        Index Cond: ((id >= 1671570) AND (id <= 1672569))

for: simple_ranges
table 1 : explain SELECT c FROM sbtest1 WHERE id BETWEEN 2332185 AND 2333184
	Bitmap Heap Scan on sbtest1  (cost=23.59..4185.94 rows=1088 width=121)
	  Recheck Cond: ((id >= 2332185) AND (id <= 2333184))
	  ->  Bitmap Index Scan on sbtest1_pkey  (cost=0.00..23.32 rows=1088 width=0)
	        Index Cond: ((id >= 2332185) AND (id <= 2333184))

table 2 : explain SELECT c FROM sbtest2 WHERE id BETWEEN 8049785 AND 8050784
	Bitmap Heap Scan on sbtest2  (cost=23.54..4171.03 rows=1083 width=121)
	  Recheck Cond: ((id >= 8049785) AND (id <= 8050784))
	  ->  Bitmap Index Scan on sbtest2_pkey  (cost=0.00..23.26 rows=1083 width=0)
	        Index Cond: ((id >= 8049785) AND (id <= 8050784))

table 3 : explain SELECT c FROM sbtest3 WHERE id BETWEEN 1444948 AND 1445947
	Bitmap Heap Scan on sbtest3  (cost=21.30..3350.18 rows=865 width=121)
	  Recheck Cond: ((id >= 1444948) AND (id <= 1445947))
	  ->  Bitmap Index Scan on sbtest3_pkey  (cost=0.00..21.08 rows=865 width=0)
	        Index Cond: ((id >= 1444948) AND (id <= 1445947))

table 4 : explain SELECT c FROM sbtest4 WHERE id BETWEEN 4729122 AND 4730121
	Bitmap Heap Scan on sbtest4  (cost=22.81..3904.93 rows=1012 width=121)
	  Recheck Cond: ((id >= 4729122) AND (id <= 4730121))
	  ->  Bitmap Index Scan on sbtest4_pkey  (cost=0.00..22.55 rows=1012 width=0)
	        Index Cond: ((id >= 4729122) AND (id <= 4730121))

table 5 : explain SELECT c FROM sbtest5 WHERE id BETWEEN 4712051 AND 4713050
	Bitmap Heap Scan on sbtest5  (cost=22.81..3905.06 rows=1012 width=121)
	  Recheck Cond: ((id >= 4712051) AND (id <= 4713050))
	  ->  Bitmap Index Scan on sbtest5_pkey  (cost=0.00..22.55 rows=1012 width=0)
	        Index Cond: ((id >= 4712051) AND (id <= 4713050))

table 6 : explain SELECT c FROM sbtest6 WHERE id BETWEEN 9960060 AND 9961059
	Bitmap Heap Scan on sbtest6  (cost=21.95..3589.43 rows=928 width=121)
	  Recheck Cond: ((id >= 9960060) AND (id <= 9961059))
	  ->  Bitmap Index Scan on sbtest6_pkey  (cost=0.00..21.71 rows=928 width=0)
	        Index Cond: ((id >= 9960060) AND (id <= 9961059))

table 7 : explain SELECT c FROM sbtest7 WHERE id BETWEEN 3299297 AND 3300296
	Bitmap Heap Scan on sbtest7  (cost=22.39..3751.26 rows=971 width=121)
	  Recheck Cond: ((id >= 3299297) AND (id <= 3300296))
	  ->  Bitmap Index Scan on sbtest7_pkey  (cost=0.00..22.14 rows=971 width=0)
	        Index Cond: ((id >= 3299297) AND (id <= 3300296))

table 8 : explain SELECT c FROM sbtest8 WHERE id BETWEEN 5376486 AND 5377485
	Bitmap Heap Scan on sbtest8  (cost=22.43..3767.43 rows=975 width=121)
	  Recheck Cond: ((id >= 5376486) AND (id <= 5377485))
	  ->  Bitmap Index Scan on sbtest8_pkey  (cost=0.00..22.18 rows=975 width=0)
	        Index Cond: ((id >= 5376486) AND (id <= 5377485))

for: sum_ranges
table 1 : explain SELECT SUM(k) FROM sbtest1 WHERE id BETWEEN 180529 AND 181528
	Aggregate  (cost=3782.42..3782.43 rows=1 width=8)
	  ->  Bitmap Heap Scan on sbtest1  (cost=22.47..3779.97 rows=979 width=4)
	        Recheck Cond: ((id >= 180529) AND (id <= 181528))
	        ->  Bitmap Index Scan on sbtest1_pkey  (cost=0.00..22.22 rows=979 width=0)
	              Index Cond: ((id >= 180529) AND (id <= 181528))

table 2 : explain SELECT SUM(k) FROM sbtest2 WHERE id BETWEEN 511217 AND 512216
	Aggregate  (cost=3605.26..3605.27 rows=1 width=8)
	  ->  Bitmap Heap Scan on sbtest2  (cost=21.99..3602.93 rows=932 width=4)
	        Recheck Cond: ((id >= 511217) AND (id <= 512216))
	        ->  Bitmap Index Scan on sbtest2_pkey  (cost=0.00..21.75 rows=932 width=0)
	              Index Cond: ((id >= 511217) AND (id <= 512216))

table 3 : explain SELECT SUM(k) FROM sbtest3 WHERE id BETWEEN 1752826 AND 1753825
	Aggregate  (cost=3620.69..3620.70 rows=1 width=8)
	  ->  Bitmap Heap Scan on sbtest3  (cost=22.03..3618.35 rows=936 width=4)
	        Recheck Cond: ((id >= 1752826) AND (id <= 1753825))
	        ->  Bitmap Index Scan on sbtest3_pkey  (cost=0.00..21.79 rows=936 width=0)
	              Index Cond: ((id >= 1752826) AND (id <= 1753825))

table 4 : explain SELECT SUM(k) FROM sbtest4 WHERE id BETWEEN 6112080 AND 6113079
	Aggregate  (cost=3511.40..3511.41 rows=1 width=8)
	  ->  Bitmap Heap Scan on sbtest4  (cost=21.73..3509.13 rows=907 width=4)
	        Recheck Cond: ((id >= 6112080) AND (id <= 6113079))
	        ->  Bitmap Index Scan on sbtest4_pkey  (cost=0.00..21.50 rows=907 width=0)
	              Index Cond: ((id >= 6112080) AND (id <= 6113079))

table 5 : explain SELECT SUM(k) FROM sbtest5 WHERE id BETWEEN 4580183 AND 4581182
	Aggregate  (cost=4088.17..4088.18 rows=1 width=8)
	  ->  Bitmap Heap Scan on sbtest5  (cost=23.30..4085.52 rows=1060 width=4)
	        Recheck Cond: ((id >= 4580183) AND (id <= 4581182))
	        ->  Bitmap Index Scan on sbtest5_pkey  (cost=0.00..23.04 rows=1060 width=0)
	              Index Cond: ((id >= 4580183) AND (id <= 4581182))

table 6 : explain SELECT SUM(k) FROM sbtest6 WHERE id BETWEEN 8557221 AND 8558220
	Aggregate  (cost=3916.16..3916.17 rows=1 width=8)
	  ->  Bitmap Heap Scan on sbtest6  (cost=22.83..3913.62 rows=1014 width=4)
	        Recheck Cond: ((id >= 8557221) AND (id <= 8558220))
	        ->  Bitmap Index Scan on sbtest6_pkey  (cost=0.00..22.57 rows=1014 width=0)
	              Index Cond: ((id >= 8557221) AND (id <= 8558220))

table 7 : explain SELECT SUM(k) FROM sbtest7 WHERE id BETWEEN 3348717 AND 3349716
	Aggregate  (cost=3787.63..3787.64 rows=1 width=8)
	  ->  Bitmap Heap Scan on sbtest7  (cost=22.48..3785.18 rows=980 width=4)
	        Recheck Cond: ((id >= 3348717) AND (id <= 3349716))
	        ->  Bitmap Index Scan on sbtest7_pkey  (cost=0.00..22.23 rows=980 width=0)
	              Index Cond: ((id >= 3348717) AND (id <= 3349716))

table 8 : explain SELECT SUM(k) FROM sbtest8 WHERE id BETWEEN 667410 AND 668409
	Aggregate  (cost=3920.68..3920.69 rows=1 width=8)
	  ->  Bitmap Heap Scan on sbtest8  (cost=22.84..3918.14 rows=1015 width=4)
	        Recheck Cond: ((id >= 667410) AND (id <= 668409))
	        ->  Bitmap Index Scan on sbtest8_pkey  (cost=0.00..22.58 rows=1015 width=0)
	              Index Cond: ((id >= 667410) AND (id <= 668409))

for: distinct_ranges
table 1 : explain SELECT DISTINCT c FROM sbtest1 WHERE id BETWEEN 3405666 AND 3406665 ORDER BY c
	Unique  (cost=3897.39..3902.37 rows=997 width=121)
	  ->  Sort  (cost=3897.39..3899.88 rows=997 width=121)
	        Sort Key: c
	        ->  Bitmap Heap Scan on sbtest1  (cost=22.65..3847.73 rows=997 width=121)
	              Recheck Cond: ((id >= 3405666) AND (id <= 3406665))
	              ->  Bitmap Index Scan on sbtest1_pkey  (cost=0.00..22.40 rows=997 width=0)
	                    Index Cond: ((id >= 3405666) AND (id <= 3406665))

table 2 : explain SELECT DISTINCT c FROM sbtest2 WHERE id BETWEEN 8565648 AND 8566647 ORDER BY c
	Unique  (cost=3897.50..3902.49 rows=997 width=121)
	  ->  Sort  (cost=3897.50..3899.99 rows=997 width=121)
	        Sort Key: c
	        ->  Bitmap Heap Scan on sbtest2  (cost=22.65..3847.84 rows=997 width=121)
	              Recheck Cond: ((id >= 8565648) AND (id <= 8566647))
	              ->  Bitmap Index Scan on sbtest2_pkey  (cost=0.00..22.40 rows=997 width=0)
	                    Index Cond: ((id >= 8565648) AND (id <= 8566647))

table 3 : explain SELECT DISTINCT c FROM sbtest3 WHERE id BETWEEN 3641411 AND 3642410 ORDER BY c
	Unique  (cost=3775.52..3780.35 rows=965 width=121)
	  ->  Sort  (cost=3775.52..3777.94 rows=965 width=121)
	        Sort Key: c
	        ->  Bitmap Heap Scan on sbtest3  (cost=22.33..3727.69 rows=965 width=121)
	              Recheck Cond: ((id >= 3641411) AND (id <= 3642410))
	              ->  Bitmap Index Scan on sbtest3_pkey  (cost=0.00..22.08 rows=965 width=0)
	                    Index Cond: ((id >= 3641411) AND (id <= 3642410))

table 4 : explain SELECT DISTINCT c FROM sbtest4 WHERE id BETWEEN 7646632 AND 7647631 ORDER BY c
	Unique  (cost=3787.25..3792.09 rows=968 width=121)
	  ->  Sort  (cost=3787.25..3789.67 rows=968 width=121)
	        Sort Key: c
	        ->  Bitmap Heap Scan on sbtest4  (cost=22.36..3739.25 rows=968 width=121)
	              Recheck Cond: ((id >= 7646632) AND (id <= 7647631))
	              ->  Bitmap Index Scan on sbtest4_pkey  (cost=0.00..22.11 rows=968 width=0)
	                    Index Cond: ((id >= 7646632) AND (id <= 7647631))

table 5 : explain SELECT DISTINCT c FROM sbtest5 WHERE id BETWEEN 4087006 AND 4088005 ORDER BY c
	Unique  (cost=3687.88..3692.59 rows=942 width=121)
	  ->  Sort  (cost=3687.88..3690.23 rows=942 width=121)
	        Sort Key: c
	        ->  Bitmap Heap Scan on sbtest5  (cost=22.09..3641.35 rows=942 width=121)
	              Recheck Cond: ((id >= 4087006) AND (id <= 4088005))
	              ->  Bitmap Index Scan on sbtest5_pkey  (cost=0.00..21.86 rows=942 width=0)
	                    Index Cond: ((id >= 4087006) AND (id <= 4088005))

table 6 : explain SELECT DISTINCT c FROM sbtest6 WHERE id BETWEEN 7497717 AND 7498716 ORDER BY c
	Unique  (cost=4063.56..4068.76 rows=1040 width=121)
	  ->  Sort  (cost=4063.56..4066.16 rows=1040 width=121)
	        Sort Key: c
	        ->  Bitmap Heap Scan on sbtest6  (cost=23.09..4011.44 rows=1040 width=121)
	              Recheck Cond: ((id >= 7497717) AND (id <= 7498716))
	              ->  Bitmap Index Scan on sbtest6_pkey  (cost=0.00..22.83 rows=1040 width=0)
	                    Index Cond: ((id >= 7497717) AND (id <= 7498716))

table 7 : explain SELECT DISTINCT c FROM sbtest7 WHERE id BETWEEN 117483 AND 118482 ORDER BY c
	Unique  (cost=3715.24..3719.98 rows=949 width=121)
	  ->  Sort  (cost=3715.24..3717.61 rows=949 width=121)
	        Sort Key: c
	        ->  Bitmap Heap Scan on sbtest7  (cost=22.16..3668.31 rows=949 width=121)
	              Recheck Cond: ((id >= 117483) AND (id <= 118482))
	              ->  Bitmap Index Scan on sbtest7_pkey  (cost=0.00..21.93 rows=949 width=0)
	                    Index Cond: ((id >= 117483) AND (id <= 118482))

table 8 : explain SELECT DISTINCT c FROM sbtest8 WHERE id BETWEEN 908096 AND 909095 ORDER BY c
	Unique  (cost=4404.05..4409.69 rows=1129 width=121)
	  ->  Sort  (cost=4404.05..4406.87 rows=1129 width=121)
	        Sort Key: c
	        ->  Bitmap Heap Scan on sbtest8  (cost=28.01..4346.80 rows=1129 width=121)
	              Recheck Cond: ((id >= 908096) AND (id <= 909095))
	              ->  Bitmap Index Scan on sbtest8_pkey  (cost=0.00..27.72 rows=1129 width=0)
	                    Index Cond: ((id >= 908096) AND (id <= 909095))

explain: for point_selects :: explain SELECT c FROM sbtest%u WHERE id=%u
for: distinct_ranges
table 1 : explain SELECT DISTINCT c FROM sbtest1 WHERE id BETWEEN 5759124 AND 5760123 ORDER BY c
	Unique  (cost=3778.90..3783.73 rows=966 width=121)
	  ->  Sort  (cost=3778.90..3781.31 rows=966 width=121)
	        Sort Key: c
	        ->  Bitmap Heap Scan on sbtest1  (cost=22.34..3731.00 rows=966 width=121)
	              Recheck Cond: ((id >= 5759124) AND (id <= 5760123))
	              ->  Bitmap Index Scan on sbtest1_pkey  (cost=0.00..22.09 rows=966 width=0)
	                    Index Cond: ((id >= 5759124) AND (id <= 5760123))

table 2 : explain SELECT DISTINCT c FROM sbtest2 WHERE id BETWEEN 4907651 AND 4908650 ORDER BY c
	Unique  (cost=3847.82..3852.74 rows=984 width=121)
	  ->  Sort  (cost=3847.82..3850.28 rows=984 width=121)
	        Sort Key: c
	        ->  Bitmap Heap Scan on sbtest2  (cost=22.52..3798.91 rows=984 width=121)
	              Recheck Cond: ((id >= 4907651) AND (id <= 4908650))
	              ->  Bitmap Index Scan on sbtest2_pkey  (cost=0.00..22.27 rows=984 width=0)
	                    Index Cond: ((id >= 4907651) AND (id <= 4908650))

table 3 : explain SELECT DISTINCT c FROM sbtest3 WHERE id BETWEEN 9619561 AND 9620560 ORDER BY c
	Unique  (cost=4134.54..4139.83 rows=1059 width=121)
	  ->  Sort  (cost=4134.54..4137.18 rows=1059 width=121)
	        Sort Key: c
	        ->  Bitmap Heap Scan on sbtest3  (cost=23.29..4081.33 rows=1059 width=121)
	              Recheck Cond: ((id >= 9619561) AND (id <= 9620560))
	              ->  Bitmap Index Scan on sbtest3_pkey  (cost=0.00..23.02 rows=1059 width=0)
	                    Index Cond: ((id >= 9619561) AND (id <= 9620560))

table 4 : explain SELECT DISTINCT c FROM sbtest4 WHERE id BETWEEN 8204739 AND 8205738 ORDER BY c
	Unique  (cost=3985.99..3991.09 rows=1020 width=121)
	  ->  Sort  (cost=3985.99..3988.54 rows=1020 width=121)
	        Sort Key: c
	        ->  Bitmap Heap Scan on sbtest4  (cost=22.89..3935.02 rows=1020 width=121)
	              Recheck Cond: ((id >= 8204739) AND (id <= 8205738))
	              ->  Bitmap Index Scan on sbtest4_pkey  (cost=0.00..22.64 rows=1020 width=0)
	                    Index Cond: ((id >= 8204739) AND (id <= 8205738))

table 5 : explain SELECT DISTINCT c FROM sbtest5 WHERE id BETWEEN 5686613 AND 5687612 ORDER BY c
	Unique  (cost=3875.33..3880.29 rows=991 width=121)
	  ->  Sort  (cost=3875.33..3877.81 rows=991 width=121)
	        Sort Key: c
	        ->  Bitmap Heap Scan on sbtest5  (cost=22.59..3826.01 rows=991 width=121)
	              Recheck Cond: ((id >= 5686613) AND (id <= 5687612))
	              ->  Bitmap Index Scan on sbtest5_pkey  (cost=0.00..22.34 rows=991 width=0)
	                    Index Cond: ((id >= 5686613) AND (id <= 5687612))

table 6 : explain SELECT DISTINCT c FROM sbtest6 WHERE id BETWEEN 7505967 AND 7506966 ORDER BY c
	Unique  (cost=4063.56..4068.76 rows=1040 width=121)
	  ->  Sort  (cost=4063.56..4066.16 rows=1040 width=121)
	        Sort Key: c
	        ->  Bitmap Heap Scan on sbtest6  (cost=23.09..4011.44 rows=1040 width=121)
	              Recheck Cond: ((id >= 7505967) AND (id <= 7506966))
	              ->  Bitmap Index Scan on sbtest6_pkey  (cost=0.00..22.83 rows=1040 width=0)
	                    Index Cond: ((id >= 7505967) AND (id <= 7506966))

table 7 : explain SELECT DISTINCT c FROM sbtest7 WHERE id BETWEEN 3031944 AND 3032943 ORDER BY c
	Unique  (cost=4082.21..4087.44 rows=1045 width=121)
	  ->  Sort  (cost=4082.21..4084.83 rows=1045 width=121)
	        Sort Key: c
	        ->  Bitmap Heap Scan on sbtest7  (cost=23.15..4029.81 rows=1045 width=121)
	              Recheck Cond: ((id >= 3031944) AND (id <= 3032943))
	              ->  Bitmap Index Scan on sbtest7_pkey  (cost=0.00..22.89 rows=1045 width=0)
	                    Index Cond: ((id >= 3031944) AND (id <= 3032943))

table 8 : explain SELECT DISTINCT c FROM sbtest8 WHERE id BETWEEN 4361937 AND 4362936 ORDER BY c
	Unique  (cost=3559.15..3563.69 rows=908 width=121)
	  ->  Sort  (cost=3559.15..3561.42 rows=908 width=121)
	        Sort Key: c
	        ->  Bitmap Heap Scan on sbtest8  (cost=21.74..3514.53 rows=908 width=121)
	              Recheck Cond: ((id >= 4361937) AND (id <= 4362936))
	              ->  Bitmap Index Scan on sbtest8_pkey  (cost=0.00..21.51 rows=908 width=0)
	                    Index Cond: ((id >= 4361937) AND (id <= 4362936))

for: sum_ranges
table 1 : explain SELECT SUM(k) FROM sbtest1 WHERE id BETWEEN 2726994 AND 2727993
	Aggregate  (cost=4019.56..4019.57 rows=1 width=8)
	  ->  Bitmap Heap Scan on sbtest1  (cost=23.12..4016.95 rows=1042 width=4)
	        Recheck Cond: ((id >= 2726994) AND (id <= 2727993))
	        ->  Bitmap Index Scan on sbtest1_pkey  (cost=0.00..22.86 rows=1042 width=0)
	              Index Cond: ((id >= 2726994) AND (id <= 2727993))

table 2 : explain SELECT SUM(k) FROM sbtest2 WHERE id BETWEEN 6728429 AND 6729428
	Aggregate  (cost=3741.07..3741.08 rows=1 width=8)
	  ->  Bitmap Heap Scan on sbtest2  (cost=22.36..3738.65 rows=968 width=4)
	        Recheck Cond: ((id >= 6728429) AND (id <= 6729428))
	        ->  Bitmap Index Scan on sbtest2_pkey  (cost=0.00..22.11 rows=968 width=0)
	              Index Cond: ((id >= 6728429) AND (id <= 6729428))

table 3 : explain SELECT SUM(k) FROM sbtest3 WHERE id BETWEEN 9319502 AND 9320501
	Aggregate  (cost=3775.34..3775.35 rows=1 width=8)
	  ->  Bitmap Heap Scan on sbtest3  (cost=22.45..3772.90 rows=977 width=4)
	        Recheck Cond: ((id >= 9319502) AND (id <= 9320501))
	        ->  Bitmap Index Scan on sbtest3_pkey  (cost=0.00..22.20 rows=977 width=0)
	              Index Cond: ((id >= 9319502) AND (id <= 9320501))

table 4 : explain SELECT SUM(k) FROM sbtest4 WHERE id BETWEEN 3266373 AND 3267372
	Aggregate  (cost=3945.10..3945.11 rows=1 width=8)
	  ->  Bitmap Heap Scan on sbtest4  (cost=22.91..3942.55 rows=1022 width=4)
	        Recheck Cond: ((id >= 3266373) AND (id <= 3267372))
	        ->  Bitmap Index Scan on sbtest4_pkey  (cost=0.00..22.65 rows=1022 width=0)
	              Index Cond: ((id >= 3266373) AND (id <= 3267372))

table 5 : explain SELECT SUM(k) FROM sbtest5 WHERE id BETWEEN 7282355 AND 7283354
	Aggregate  (cost=3971.58..3971.59 rows=1 width=8)
	  ->  Bitmap Heap Scan on sbtest5  (cost=22.98..3969.01 rows=1029 width=4)
	        Recheck Cond: ((id >= 7282355) AND (id <= 7283354))
	        ->  Bitmap Index Scan on sbtest5_pkey  (cost=0.00..22.72 rows=1029 width=0)
	              Index Cond: ((id >= 7282355) AND (id <= 7283354))

table 6 : explain SELECT SUM(k) FROM sbtest6 WHERE id BETWEEN 8115730 AND 8116729
	Aggregate  (cost=3663.51..3663.52 rows=1 width=8)
	  ->  Bitmap Heap Scan on sbtest6  (cost=22.14..3661.14 rows=947 width=4)
	        Recheck Cond: ((id >= 8115730) AND (id <= 8116729))
	        ->  Bitmap Index Scan on sbtest6_pkey  (cost=0.00..21.90 rows=947 width=0)
	              Index Cond: ((id >= 8115730) AND (id <= 8116729))

table 7 : explain SELECT SUM(k) FROM sbtest7 WHERE id BETWEEN 2768052 AND 2769051
	Aggregate  (cost=3666.91..3666.92 rows=1 width=8)
	  ->  Bitmap Heap Scan on sbtest7  (cost=22.15..3664.54 rows=948 width=4)
	        Recheck Cond: ((id >= 2768052) AND (id <= 2769051))
	        ->  Bitmap Index Scan on sbtest7_pkey  (cost=0.00..21.91 rows=948 width=0)
	              Index Cond: ((id >= 2768052) AND (id <= 2769051))

table 8 : explain SELECT SUM(k) FROM sbtest8 WHERE id BETWEEN 2872105 AND 2873104
	Aggregate  (cost=3818.91..3818.92 rows=1 width=8)
	  ->  Bitmap Heap Scan on sbtest8  (cost=22.56..3816.44 rows=988 width=4)
	        Recheck Cond: ((id >= 2872105) AND (id <= 2873104))
	        ->  Bitmap Index Scan on sbtest8_pkey  (cost=0.00..22.32 rows=988 width=0)
	              Index Cond: ((id >= 2872105) AND (id <= 2873104))

for: distinct_ranges
table 1 : explain SELECT DISTINCT c FROM sbtest1 WHERE id BETWEEN 325845 AND 326844 ORDER BY c
	Unique  (cost=3947.04..3952.09 rows=1010 width=121)
	  ->  Sort  (cost=3947.04..3949.57 rows=1010 width=121)
	        Sort Key: c
	        ->  Bitmap Heap Scan on sbtest1  (cost=22.79..3896.64 rows=1010 width=121)
	              Recheck Cond: ((id >= 325845) AND (id <= 326844))
	              ->  Bitmap Index Scan on sbtest1_pkey  (cost=0.00..22.54 rows=1010 width=0)
	                    Index Cond: ((id >= 325845) AND (id <= 326844))

table 2 : explain SELECT DISTINCT c FROM sbtest2 WHERE id BETWEEN 7763997 AND 7764996 ORDER BY c
	Unique  (cost=4031.15..4036.31 rows=1032 width=121)
	  ->  Sort  (cost=4031.15..4033.73 rows=1032 width=121)
	        Sort Key: c
	        ->  Bitmap Heap Scan on sbtest2  (cost=23.01..3979.49 rows=1032 width=121)
	              Recheck Cond: ((id >= 7763997) AND (id <= 7764996))
	              ->  Bitmap Index Scan on sbtest2_pkey  (cost=0.00..22.75 rows=1032 width=0)
	                    Index Cond: ((id >= 7763997) AND (id <= 7764996))

table 3 : explain SELECT DISTINCT c FROM sbtest3 WHERE id BETWEEN 5058479 AND 5059478 ORDER BY c
	Unique  (cost=3744.92..3749.70 rows=957 width=121)
	  ->  Sort  (cost=3744.92..3747.31 rows=957 width=121)
	        Sort Key: c
	        ->  Bitmap Heap Scan on sbtest3  (cost=22.24..3697.54 rows=957 width=121)
	              Recheck Cond: ((id >= 5058479) AND (id <= 5059478))
	              ->  Bitmap Index Scan on sbtest3_pkey  (cost=0.00..22.00 rows=957 width=0)
	                    Index Cond: ((id >= 5058479) AND (id <= 5059478))

table 4 : explain SELECT DISTINCT c FROM sbtest4 WHERE id BETWEEN 7178409 AND 7179408 ORDER BY c
	Unique  (cost=3775.78..3780.60 rows=965 width=121)
	  ->  Sort  (cost=3775.78..3778.19 rows=965 width=121)
	        Sort Key: c
	        ->  Bitmap Heap Scan on sbtest4  (cost=22.33..3727.94 rows=965 width=121)
	              Recheck Cond: ((id >= 7178409) AND (id <= 7179408))
	              ->  Bitmap Index Scan on sbtest4_pkey  (cost=0.00..22.08 rows=965 width=0)
	                    Index Cond: ((id >= 7178409) AND (id <= 7179408))

table 5 : explain SELECT DISTINCT c FROM sbtest5 WHERE id BETWEEN 3558729 AND 3559728 ORDER BY c
	Unique  (cost=3905.91..3910.90 rows=999 width=121)
	  ->  Sort  (cost=3905.91..3908.40 rows=999 width=121)
	        Sort Key: c
	        ->  Bitmap Heap Scan on sbtest5  (cost=22.67..3856.13 rows=999 width=121)
	              Recheck Cond: ((id >= 3558729) AND (id <= 3559728))
	              ->  Bitmap Index Scan on sbtest5_pkey  (cost=0.00..22.43 rows=999 width=0)
	                    Index Cond: ((id >= 3558729) AND (id <= 3559728))

table 6 : explain SELECT DISTINCT c FROM sbtest6 WHERE id BETWEEN 5190260 AND 5191259 ORDER BY c
	Unique  (cost=3868.68..3873.63 rows=989 width=121)
	  ->  Sort  (cost=3868.68..3871.16 rows=989 width=121)
	        Sort Key: c
	        ->  Bitmap Heap Scan on sbtest6  (cost=22.57..3819.48 rows=989 width=121)
	              Recheck Cond: ((id >= 5190260) AND (id <= 5191259))
	              ->  Bitmap Index Scan on sbtest6_pkey  (cost=0.00..22.32 rows=989 width=0)
	                    Index Cond: ((id >= 5190260) AND (id <= 5191259))

table 7 : explain SELECT DISTINCT c FROM sbtest7 WHERE id BETWEEN 5802547 AND 5803546 ORDER BY c
	Unique  (cost=3703.75..3708.48 rows=946 width=121)
	  ->  Sort  (cost=3703.75..3706.12 rows=946 width=121)
	        Sort Key: c
	        ->  Bitmap Heap Scan on sbtest7  (cost=22.13..3656.99 rows=946 width=121)
	              Recheck Cond: ((id >= 5802547) AND (id <= 5803546))
	              ->  Bitmap Index Scan on sbtest7_pkey  (cost=0.00..21.89 rows=946 width=0)
	                    Index Cond: ((id >= 5802547) AND (id <= 5803546))

table 8 : explain SELECT DISTINCT c FROM sbtest8 WHERE id BETWEEN 229151 AND 230150 ORDER BY c
	Unique  (cost=3892.36..3897.33 rows=995 width=121)
	  ->  Sort  (cost=3892.36..3894.84 rows=995 width=121)
	        Sort Key: c
	        ->  Bitmap Heap Scan on sbtest8  (cost=22.63..3842.81 rows=995 width=121)
	              Recheck Cond: ((id >= 229151) AND (id <= 230150))
	              ->  Bitmap Index Scan on sbtest8_pkey  (cost=0.00..22.39 rows=995 width=0)
	                    Index Cond: ((id >= 229151) AND (id <= 230150))

explain: for point_selects :: explain SELECT c FROM sbtest%u WHERE id=%u
for: sum_ranges
table 1 : explain SELECT SUM(k) FROM sbtest1 WHERE id BETWEEN 5654217 AND 5655216
	Aggregate  (cost=3703.25..3703.26 rows=1 width=8)
	  ->  Bitmap Heap Scan on sbtest1  (cost=22.25..3700.86 rows=958 width=4)
	        Recheck Cond: ((id >= 5654217) AND (id <= 5655216))
	        ->  Bitmap Index Scan on sbtest1_pkey  (cost=0.00..22.01 rows=958 width=0)
	              Index Cond: ((id >= 5654217) AND (id <= 5655216))

table 2 : explain SELECT SUM(k) FROM sbtest2 WHERE id BETWEEN 1562327 AND 1563326
	Aggregate  (cost=3963.26..3963.27 rows=1 width=8)
	  ->  Bitmap Heap Scan on sbtest2  (cost=22.96..3960.69 rows=1027 width=4)
	        Recheck Cond: ((id >= 1562327) AND (id <= 1563326))
	        ->  Bitmap Index Scan on sbtest2_pkey  (cost=0.00..22.70 rows=1027 width=0)
	              Index Cond: ((id >= 1562327) AND (id <= 1563326))

table 3 : explain SELECT SUM(k) FROM sbtest3 WHERE id BETWEEN 8794588 AND 8795587
	Aggregate  (cost=3658.43..3658.44 rows=1 width=8)
	  ->  Bitmap Heap Scan on sbtest3  (cost=22.13..3656.06 rows=946 width=4)
	        Recheck Cond: ((id >= 8794588) AND (id <= 8795587))
	        ->  Bitmap Index Scan on sbtest3_pkey  (cost=0.00..21.89 rows=946 width=0)
	              Index Cond: ((id >= 8794588) AND (id <= 8795587))

table 4 : explain SELECT SUM(k) FROM sbtest4 WHERE id BETWEEN 5420927 AND 5421926
	Aggregate  (cost=4133.13..4133.14 rows=1 width=8)
	  ->  Bitmap Heap Scan on sbtest4  (cost=23.42..4130.45 rows=1072 width=4)
	        Recheck Cond: ((id >= 5420927) AND (id <= 5421926))
	        ->  Bitmap Index Scan on sbtest4_pkey  (cost=0.00..23.15 rows=1072 width=0)
	              Index Cond: ((id >= 5420927) AND (id <= 5421926))

table 5 : explain SELECT SUM(k) FROM sbtest5 WHERE id BETWEEN 7265148 AND 7266147
	Aggregate  (cost=3651.25..3651.26 rows=1 width=8)
	  ->  Bitmap Heap Scan on sbtest5  (cost=22.11..3648.89 rows=944 width=4)
	        Recheck Cond: ((id >= 7265148) AND (id <= 7266147))
	        ->  Bitmap Index Scan on sbtest5_pkey  (cost=0.00..21.87 rows=944 width=0)
	              Index Cond: ((id >= 7265148) AND (id <= 7266147))

table 6 : explain SELECT SUM(k) FROM sbtest6 WHERE id BETWEEN 5456402 AND 5457401
	Aggregate  (cost=3621.97..3621.98 rows=1 width=8)
	  ->  Bitmap Heap Scan on sbtest6  (cost=22.03..3619.63 rows=936 width=4)
	        Recheck Cond: ((id >= 5456402) AND (id <= 5457401))
	        ->  Bitmap Index Scan on sbtest6_pkey  (cost=0.00..21.79 rows=936 width=0)
	              Index Cond: ((id >= 5456402) AND (id <= 5457401))

table 7 : explain SELECT SUM(k) FROM sbtest7 WHERE id BETWEEN 3039029 AND 3040028
	Aggregate  (cost=4032.42..4032.43 rows=1 width=8)
	  ->  Bitmap Heap Scan on sbtest7  (cost=23.15..4029.81 rows=1045 width=4)
	        Recheck Cond: ((id >= 3039029) AND (id <= 3040028))
	        ->  Bitmap Index Scan on sbtest7_pkey  (cost=0.00..22.89 rows=1045 width=0)
	              Index Cond: ((id >= 3039029) AND (id <= 3040028))

table 8 : explain SELECT SUM(k) FROM sbtest8 WHERE id BETWEEN 2426096 AND 2427095
	Aggregate  (cost=3524.37..3524.38 rows=1 width=8)
	  ->  Bitmap Heap Scan on sbtest8  (cost=21.76..3522.09 rows=910 width=4)
	        Recheck Cond: ((id >= 2426096) AND (id <= 2427095))
	        ->  Bitmap Index Scan on sbtest8_pkey  (cost=0.00..21.54 rows=910 width=0)
	              Index Cond: ((id >= 2426096) AND (id <= 2427095))

for: order_ranges
table 1 : explain SELECT c FROM sbtest1 WHERE id BETWEEN 9418409 AND 9419408 ORDER BY c
	Sort  (cost=3824.78..3827.22 rows=978 width=121)
	  Sort Key: c
	  ->  Bitmap Heap Scan on sbtest1  (cost=22.46..3776.20 rows=978 width=121)
	        Recheck Cond: ((id >= 9418409) AND (id <= 9419408))
	        ->  Bitmap Index Scan on sbtest1_pkey  (cost=0.00..22.21 rows=978 width=0)
	              Index Cond: ((id >= 9418409) AND (id <= 9419408))

table 2 : explain SELECT c FROM sbtest2 WHERE id BETWEEN 5434044 AND 5435043 ORDER BY c
	Sort  (cost=3530.15..3532.40 rows=901 width=121)
	  Sort Key: c
	  ->  Bitmap Heap Scan on sbtest2  (cost=21.67..3485.93 rows=901 width=121)
	        Recheck Cond: ((id >= 5434044) AND (id <= 5435043))
	        ->  Bitmap Index Scan on sbtest2_pkey  (cost=0.00..21.44 rows=901 width=0)
	              Index Cond: ((id >= 5434044) AND (id <= 5435043))

table 3 : explain SELECT c FROM sbtest3 WHERE id BETWEEN 2617630 AND 2618629 ORDER BY c
	Sort  (cost=4035.34..4037.93 rows=1033 width=121)
	  Sort Key: c
	  ->  Bitmap Heap Scan on sbtest3  (cost=23.02..3983.63 rows=1033 width=121)
	        Recheck Cond: ((id >= 2617630) AND (id <= 2618629))
	        ->  Bitmap Index Scan on sbtest3_pkey  (cost=0.00..22.76 rows=1033 width=0)
	              Index Cond: ((id >= 2617630) AND (id <= 2618629))

table 4 : explain SELECT c FROM sbtest4 WHERE id BETWEEN 6977889 AND 6978888 ORDER BY c
	Sort  (cost=3852.26..3854.73 rows=985 width=121)
	  Sort Key: c
	  ->  Bitmap Heap Scan on sbtest4  (cost=22.53..3803.29 rows=985 width=121)
	        Recheck Cond: ((id >= 6977889) AND (id <= 6978888))
	        ->  Bitmap Index Scan on sbtest4_pkey  (cost=0.00..22.29 rows=985 width=0)
	              Index Cond: ((id >= 6977889) AND (id <= 6978888))

table 5 : explain SELECT c FROM sbtest5 WHERE id BETWEEN 4418996 AND 4419995 ORDER BY c
	Sort  (cost=3974.67..3977.22 rows=1017 width=121)
	  Sort Key: c
	  ->  Bitmap Heap Scan on sbtest5  (cost=22.86..3923.87 rows=1017 width=121)
	        Recheck Cond: ((id >= 4418996) AND (id <= 4419995))
	        ->  Bitmap Index Scan on sbtest5_pkey  (cost=0.00..22.61 rows=1017 width=0)
	              Index Cond: ((id >= 4418996) AND (id <= 4419995))

table 6 : explain SELECT c FROM sbtest6 WHERE id BETWEEN 4000772 AND 4001771 ORDER BY c
	Sort  (cost=3646.67..3649.00 rows=931 width=121)
	  Sort Key: c
	  ->  Bitmap Heap Scan on sbtest6  (cost=21.98..3600.76 rows=931 width=121)
	        Recheck Cond: ((id >= 4000772) AND (id <= 4001771))
	        ->  Bitmap Index Scan on sbtest6_pkey  (cost=0.00..21.75 rows=931 width=0)
	              Index Cond: ((id >= 4000772) AND (id <= 4001771))

table 7 : explain SELECT c FROM sbtest7 WHERE id BETWEEN 6092746 AND 6093745 ORDER BY c
	Sort  (cost=3833.86..3836.31 rows=980 width=121)
	  Sort Key: c
	  ->  Bitmap Heap Scan on sbtest7  (cost=22.48..3785.18 rows=980 width=121)
	        Recheck Cond: ((id >= 6092746) AND (id <= 6093745))
	        ->  Bitmap Index Scan on sbtest7_pkey  (cost=0.00..22.23 rows=980 width=0)
	              Index Cond: ((id >= 6092746) AND (id <= 6093745))

table 8 : explain SELECT c FROM sbtest8 WHERE id BETWEEN 7877174 AND 7878173 ORDER BY c
	Sort  (cost=3708.63..3711.00 rows=947 width=121)
	  Sort Key: c
	  ->  Bitmap Heap Scan on sbtest8  (cost=22.14..3661.82 rows=947 width=121)
	        Recheck Cond: ((id >= 7877174) AND (id <= 7878173))
	        ->  Bitmap Index Scan on sbtest8_pkey  (cost=0.00..21.90 rows=947 width=0)
	              Index Cond: ((id >= 7877174) AND (id <= 7878173))

explain: for point_selects :: explain SELECT c FROM sbtest%u WHERE id=%u
for: order_ranges
table 1 : explain SELECT c FROM sbtest1 WHERE id BETWEEN 1589673 AND 1590672 ORDER BY c
	Sort  (cost=3989.04..3991.60 rows=1021 width=121)
	  Sort Key: c
	  ->  Bitmap Heap Scan on sbtest1  (cost=22.90..3938.01 rows=1021 width=121)
	        Recheck Cond: ((id >= 1589673) AND (id <= 1590672))
	        ->  Bitmap Index Scan on sbtest1_pkey  (cost=0.00..22.64 rows=1021 width=0)
	              Index Cond: ((id >= 1589673) AND (id <= 1590672))

table 2 : explain SELECT c FROM sbtest2 WHERE id BETWEEN 5857418 AND 5858417 ORDER BY c
	Sort  (cost=3931.88..3934.40 rows=1006 width=121)
	  Sort Key: c
	  ->  Bitmap Heap Scan on sbtest2  (cost=22.75..3881.71 rows=1006 width=121)
	        Recheck Cond: ((id >= 5857418) AND (id <= 5858417))
	        ->  Bitmap Index Scan on sbtest2_pkey  (cost=0.00..22.50 rows=1006 width=0)
	              Index Cond: ((id >= 5857418) AND (id <= 5858417))

table 3 : explain SELECT c FROM sbtest3 WHERE id BETWEEN 6955970 AND 6956969 ORDER BY c
	Sort  (cost=3649.23..3651.56 rows=932 width=121)
	  Sort Key: c
	  ->  Bitmap Heap Scan on sbtest3  (cost=21.99..3603.26 rows=932 width=121)
	        Recheck Cond: ((id >= 6955970) AND (id <= 6956969))
	        ->  Bitmap Index Scan on sbtest3_pkey  (cost=0.00..21.75 rows=932 width=0)
	              Index Cond: ((id >= 6955970) AND (id <= 6956969))

table 4 : explain SELECT c FROM sbtest4 WHERE id BETWEEN 3937599 AND 3938598 ORDER BY c
	Sort  (cost=3875.20..3877.68 rows=991 width=121)
	  Sort Key: c
	  ->  Bitmap Heap Scan on sbtest4  (cost=22.59..3825.88 rows=991 width=121)
	        Recheck Cond: ((id >= 3937599) AND (id <= 3938598))
	        ->  Bitmap Index Scan on sbtest4_pkey  (cost=0.00..22.34 rows=991 width=0)
	              Index Cond: ((id >= 3937599) AND (id <= 3938598))

table 5 : explain SELECT c FROM sbtest5 WHERE id BETWEEN 345941 AND 346940 ORDER BY c
	Sort  (cost=4356.27..4359.06 rows=1117 width=121)
	  Sort Key: c
	  ->  Bitmap Heap Scan on sbtest5  (cost=27.88..4299.72 rows=1117 width=121)
	        Recheck Cond: ((id >= 345941) AND (id <= 346940))
	        ->  Bitmap Index Scan on sbtest5_pkey  (cost=0.00..27.61 rows=1117 width=0)
	              Index Cond: ((id >= 345941) AND (id <= 346940))

table 6 : explain SELECT c FROM sbtest6 WHERE id BETWEEN 1116221 AND 1117220 ORDER BY c
	Sort  (cost=3688.81..3691.16 rows=942 width=121)
	  Sort Key: c
	  ->  Bitmap Heap Scan on sbtest6  (cost=22.09..3642.27 rows=942 width=121)
	        Recheck Cond: ((id >= 1116221) AND (id <= 1117220))
	        ->  Bitmap Index Scan on sbtest6_pkey  (cost=0.00..21.86 rows=942 width=0)
	              Index Cond: ((id >= 1116221) AND (id <= 1117220))

table 7 : explain SELECT c FROM sbtest7 WHERE id BETWEEN 3290126 AND 3291125 ORDER BY c
	Sort  (cost=3799.44..3801.86 rows=971 width=121)
	  Sort Key: c
	  ->  Bitmap Heap Scan on sbtest7  (cost=22.39..3751.26 rows=971 width=121)
	        Recheck Cond: ((id >= 3290126) AND (id <= 3291125))
	        ->  Bitmap Index Scan on sbtest7_pkey  (cost=0.00..22.14 rows=971 width=0)
	              Index Cond: ((id >= 3290126) AND (id <= 3291125))

table 8 : explain SELECT c FROM sbtest8 WHERE id BETWEEN 9524669 AND 9525668 ORDER BY c
	Sort  (cost=3949.71..3952.24 rows=1010 width=121)
	  Sort Key: c
	  ->  Bitmap Heap Scan on sbtest8  (cost=22.79..3899.31 rows=1010 width=121)
	        Recheck Cond: ((id >= 9524669) AND (id <= 9525668))
	        ->  Bitmap Index Scan on sbtest8_pkey  (cost=0.00..22.54 rows=1010 width=0)
	              Index Cond: ((id >= 9524669) AND (id <= 9525668))

for: sum_ranges
table 1 : explain SELECT SUM(k) FROM sbtest1 WHERE id BETWEEN 1579946 AND 1580945
	Aggregate  (cost=3940.57..3940.58 rows=1 width=8)
	  ->  Bitmap Heap Scan on sbtest1  (cost=22.90..3938.01 rows=1021 width=4)
	        Recheck Cond: ((id >= 1579946) AND (id <= 1580945))
	        ->  Bitmap Index Scan on sbtest1_pkey  (cost=0.00..22.64 rows=1021 width=0)
	              Index Cond: ((id >= 1579946) AND (id <= 1580945))

table 2 : explain SELECT SUM(k) FROM sbtest2 WHERE id BETWEEN 7940283 AND 7941282
	Aggregate  (cost=3910.58..3910.59 rows=1 width=8)
	  ->  Bitmap Heap Scan on sbtest2  (cost=22.82..3908.04 rows=1013 width=4)
	        Recheck Cond: ((id >= 7940283) AND (id <= 7941282))
	        ->  Bitmap Index Scan on sbtest2_pkey  (cost=0.00..22.57 rows=1013 width=0)
	              Index Cond: ((id >= 7940283) AND (id <= 7941282))

table 3 : explain SELECT SUM(k) FROM sbtest3 WHERE id BETWEEN 2436834 AND 2437833
	Aggregate  (cost=4275.78..4275.79 rows=1 width=8)
	  ->  Bitmap Heap Scan on sbtest3  (cost=27.81..4273.00 rows=1110 width=4)
	        Recheck Cond: ((id >= 2436834) AND (id <= 2437833))
	        ->  Bitmap Index Scan on sbtest3_pkey  (cost=0.00..27.54 rows=1110 width=0)
	              Index Cond: ((id >= 2436834) AND (id <= 2437833))

table 4 : explain SELECT SUM(k) FROM sbtest4 WHERE id BETWEEN 9608267 AND 9609266
	Aggregate  (cost=3737.90..3737.91 rows=1 width=8)
	  ->  Bitmap Heap Scan on sbtest4  (cost=22.35..3735.48 rows=967 width=4)
	        Recheck Cond: ((id >= 9608267) AND (id <= 9609266))
	        ->  Bitmap Index Scan on sbtest4_pkey  (cost=0.00..22.11 rows=967 width=0)
	              Index Cond: ((id >= 9608267) AND (id <= 9609266))

table 5 : explain SELECT SUM(k) FROM sbtest5 WHERE id BETWEEN 6012328 AND 6013327
	Aggregate  (cost=3873.70..3873.71 rows=1 width=8)
	  ->  Bitmap Heap Scan on sbtest5  (cost=22.72..3871.19 rows=1003 width=4)
	        Recheck Cond: ((id >= 6012328) AND (id <= 6013327))
	        ->  Bitmap Index Scan on sbtest5_pkey  (cost=0.00..22.46 rows=1003 width=0)
	              Index Cond: ((id >= 6012328) AND (id <= 6013327))

table 6 : explain SELECT SUM(k) FROM sbtest6 WHERE id BETWEEN 1431486 AND 1432485
	Aggregate  (cost=3689.93..3689.94 rows=1 width=8)
	  ->  Bitmap Heap Scan on sbtest6  (cost=22.21..3687.55 rows=954 width=4)
	        Recheck Cond: ((id >= 1431486) AND (id <= 1432485))
	        ->  Bitmap Index Scan on sbtest6_pkey  (cost=0.00..21.97 rows=954 width=0)
	              Index Cond: ((id >= 1431486) AND (id <= 1432485))

table 7 : explain SELECT SUM(k) FROM sbtest7 WHERE id BETWEEN 3645482 AND 3646481
	Aggregate  (cost=3923.27..3923.28 rows=1 width=8)
	  ->  Bitmap Heap Scan on sbtest7  (cost=22.85..3920.73 rows=1016 width=4)
	        Recheck Cond: ((id >= 3645482) AND (id <= 3646481))
	        ->  Bitmap Index Scan on sbtest7_pkey  (cost=0.00..22.59 rows=1016 width=0)
	              Index Cond: ((id >= 3645482) AND (id <= 3646481))

table 8 : explain SELECT SUM(k) FROM sbtest8 WHERE id BETWEEN 2142952 AND 2143951
	Aggregate  (cost=3980.94..3980.95 rows=1 width=8)
	  ->  Bitmap Heap Scan on sbtest8  (cost=23.00..3978.36 rows=1031 width=4)
	        Recheck Cond: ((id >= 2142952) AND (id <= 2143951))
	        ->  Bitmap Index Scan on sbtest8_pkey  (cost=0.00..22.75 rows=1031 width=0)
	              Index Cond: ((id >= 2142952) AND (id <= 2143951))

for: order_ranges
table 1 : explain SELECT c FROM sbtest1 WHERE id BETWEEN 9079818 AND 9080817 ORDER BY c
	Sort  (cost=3775.07..3777.48 rows=965 width=121)
	  Sort Key: c
	  ->  Bitmap Heap Scan on sbtest1  (cost=22.33..3727.24 rows=965 width=121)
	        Recheck Cond: ((id >= 9079818) AND (id <= 9080817))
	        ->  Bitmap Index Scan on sbtest1_pkey  (cost=0.00..22.08 rows=965 width=0)
	              Index Cond: ((id >= 9079818) AND (id <= 9080817))

table 2 : explain SELECT c FROM sbtest2 WHERE id BETWEEN 2734210 AND 2735209 ORDER BY c
	Sort  (cost=4248.56..4251.29 rows=1090 width=121)
	  Sort Key: c
	  ->  Bitmap Heap Scan on sbtest2  (cost=23.61..4193.57 rows=1090 width=121)
	        Recheck Cond: ((id >= 2734210) AND (id <= 2735209))
	        ->  Bitmap Index Scan on sbtest2_pkey  (cost=0.00..23.33 rows=1090 width=0)
	              Index Cond: ((id >= 2734210) AND (id <= 2735209))

table 3 : explain SELECT c FROM sbtest3 WHERE id BETWEEN 3496662 AND 3497661 ORDER BY c
	Sort  (cost=4157.42..4160.08 rows=1065 width=121)
	  Sort Key: c
	  ->  Bitmap Heap Scan on sbtest3  (cost=23.35..4103.86 rows=1065 width=121)
	        Recheck Cond: ((id >= 3496662) AND (id <= 3497661))
	        ->  Bitmap Index Scan on sbtest3_pkey  (cost=0.00..23.08 rows=1065 width=0)
	              Index Cond: ((id >= 3496662) AND (id <= 3497661))

table 4 : explain SELECT c FROM sbtest4 WHERE id BETWEEN 6369129 AND 6370128 ORDER BY c
	Sort  (cost=3921.06..3923.57 rows=1003 width=121)
	  Sort Key: c
	  ->  Bitmap Heap Scan on sbtest4  (cost=22.72..3871.06 rows=1003 width=121)
	        Recheck Cond: ((id >= 6369129) AND (id <= 6370128))
	        ->  Bitmap Index Scan on sbtest4_pkey  (cost=0.00..22.46 rows=1003 width=0)
	              Index Cond: ((id >= 6369129) AND (id <= 6370128))

table 5 : explain SELECT c FROM sbtest5 WHERE id BETWEEN 5271753 AND 5272752 ORDER BY c
	Sort  (cost=3997.59..4000.14 rows=1023 width=121)
	  Sort Key: c
	  ->  Bitmap Heap Scan on sbtest5  (cost=22.92..3946.44 rows=1023 width=121)
	        Recheck Cond: ((id >= 5271753) AND (id <= 5272752))
	        ->  Bitmap Index Scan on sbtest5_pkey  (cost=0.00..22.66 rows=1023 width=0)
	              Index Cond: ((id >= 5271753) AND (id <= 5272752))

table 6 : explain SELECT c FROM sbtest6 WHERE id BETWEEN 2388921 AND 2389920 ORDER BY c
	Sort  (cost=4208.56..4211.25 rows=1078 width=121)
	  Sort Key: c
	  ->  Bitmap Heap Scan on sbtest6  (cost=23.48..4154.26 rows=1078 width=121)
	        Recheck Cond: ((id >= 2388921) AND (id <= 2389920))
	        ->  Bitmap Index Scan on sbtest6_pkey  (cost=0.00..23.21 rows=1078 width=0)
	              Index Cond: ((id >= 2388921) AND (id <= 2389920))

table 7 : explain SELECT c FROM sbtest7 WHERE id BETWEEN 8165854 AND 8166853 ORDER BY c
	Sort  (cost=3845.34..3847.80 rows=983 width=121)
	  Sort Key: c
	  ->  Bitmap Heap Scan on sbtest7  (cost=22.51..3796.48 rows=983 width=121)
	        Recheck Cond: ((id >= 8165854) AND (id <= 8166853))
	        ->  Bitmap Index Scan on sbtest7_pkey  (cost=0.00..22.26 rows=983 width=0)
	              Index Cond: ((id >= 8165854) AND (id <= 8166853))

table 8 : explain SELECT c FROM sbtest8 WHERE id BETWEEN 405704 AND 406703 ORDER BY c
	Sort  (cost=3968.82..3971.36 rows=1015 width=121)
	  Sort Key: c
	  ->  Bitmap Heap Scan on sbtest8  (cost=22.84..3918.14 rows=1015 width=121)
	        Recheck Cond: ((id >= 405704) AND (id <= 406703))
	        ->  Bitmap Index Scan on sbtest8_pkey  (cost=0.00..22.58 rows=1015 width=0)
	              Index Cond: ((id >= 405704) AND (id <= 406703))

for point_selects
table 1 : explain SELECT c FROM sbtest1 WHERE id=9137499
	Index Scan using sbtest1_pkey on sbtest1  (cost=0.43..8.45 rows=1 width=121)
	  Index Cond: (id = 9137499)

table 2 : explain SELECT c FROM sbtest2 WHERE id=5658590
	Index Scan using sbtest2_pkey on sbtest2  (cost=0.43..8.45 rows=1 width=121)
	  Index Cond: (id = 5658590)

table 3 : explain SELECT c FROM sbtest3 WHERE id=692152
	Index Scan using sbtest3_pkey on sbtest3  (cost=0.43..8.45 rows=1 width=121)
	  Index Cond: (id = 692152)

table 4 : explain SELECT c FROM sbtest4 WHERE id=6332759
	Index Scan using sbtest4_pkey on sbtest4  (cost=0.43..8.45 rows=1 width=121)
	  Index Cond: (id = 6332759)

table 5 : explain SELECT c FROM sbtest5 WHERE id=8257899
	Index Scan using sbtest5_pkey on sbtest5  (cost=0.43..8.45 rows=1 width=121)
	  Index Cond: (id = 8257899)

table 6 : explain SELECT c FROM sbtest6 WHERE id=1107865
	Index Scan using sbtest6_pkey on sbtest6  (cost=0.43..8.45 rows=1 width=121)
	  Index Cond: (id = 1107865)

table 7 : explain SELECT c FROM sbtest7 WHERE id=8429486
	Index Scan using sbtest7_pkey on sbtest7  (cost=0.43..8.45 rows=1 width=121)
	  Index Cond: (id = 8429486)

table 8 : explain SELECT c FROM sbtest8 WHERE id=2468389
	Index Scan using sbtest8_pkey on sbtest8  (cost=0.43..8.45 rows=1 width=121)
	  Index Cond: (id = 2468389)

explain: for point_selects :: explain SELECT c FROM sbtest%u WHERE id=%u
for point_selects
table 1 : explain SELECT c FROM sbtest1 WHERE id=6402959
	Index Scan using sbtest1_pkey on sbtest1  (cost=0.43..8.45 rows=1 width=121)
	  Index Cond: (id = 6402959)

table 2 : explain SELECT c FROM sbtest2 WHERE id=572752
	Index Scan using sbtest2_pkey on sbtest2  (cost=0.43..8.45 rows=1 width=121)
	  Index Cond: (id = 572752)

table 3 : explain SELECT c FROM sbtest3 WHERE id=1530376
	Index Scan using sbtest3_pkey on sbtest3  (cost=0.43..8.45 rows=1 width=121)
	  Index Cond: (id = 1530376)

table 4 : explain SELECT c FROM sbtest4 WHERE id=8753905
	Index Scan using sbtest4_pkey on sbtest4  (cost=0.43..8.45 rows=1 width=121)
	  Index Cond: (id = 8753905)

table 5 : explain SELECT c FROM sbtest5 WHERE id=7071450
	Index Scan using sbtest5_pkey on sbtest5  (cost=0.43..8.45 rows=1 width=121)
	  Index Cond: (id = 7071450)

table 6 : explain SELECT c FROM sbtest6 WHERE id=1767601
	Index Scan using sbtest6_pkey on sbtest6  (cost=0.43..8.45 rows=1 width=121)
	  Index Cond: (id = 1767601)

table 7 : explain SELECT c FROM sbtest7 WHERE id=5159799
	Index Scan using sbtest7_pkey on sbtest7  (cost=0.43..8.45 rows=1 width=121)
	  Index Cond: (id = 5159799)

table 8 : explain SELECT c FROM sbtest8 WHERE id=5796106
	Index Scan using sbtest8_pkey on sbtest8  (cost=0.43..8.45 rows=1 width=121)
	  Index Cond: (id = 5796106)

for: distinct_ranges
table 1 : explain SELECT DISTINCT c FROM sbtest1 WHERE id BETWEEN 171083 AND 172082 ORDER BY c
	Unique  (cost=3828.60..3833.50 rows=979 width=121)
	  ->  Sort  (cost=3828.60..3831.05 rows=979 width=121)
	        Sort Key: c
	        ->  Bitmap Heap Scan on sbtest1  (cost=22.47..3779.97 rows=979 width=121)
	              Recheck Cond: ((id >= 171083) AND (id <= 172082))
	              ->  Bitmap Index Scan on sbtest1_pkey  (cost=0.00..22.22 rows=979 width=0)
	                    Index Cond: ((id >= 171083) AND (id <= 172082))

table 2 : explain SELECT DISTINCT c FROM sbtest2 WHERE id BETWEEN 7017722 AND 7018721 ORDER BY c
	Unique  (cost=3901.32..3906.31 rows=998 width=121)
	  ->  Sort  (cost=3901.32..3903.82 rows=998 width=121)
	        Sort Key: c
	        ->  Bitmap Heap Scan on sbtest2  (cost=22.66..3851.61 rows=998 width=121)
	              Recheck Cond: ((id >= 7017722) AND (id <= 7018721))
	              ->  Bitmap Index Scan on sbtest2_pkey  (cost=0.00..22.41 rows=998 width=0)
	                    Index Cond: ((id >= 7017722) AND (id <= 7018721))

table 3 : explain SELECT DISTINCT c FROM sbtest3 WHERE id BETWEEN 743109 AND 744108 ORDER BY c
	Unique  (cost=3526.62..3531.12 rows=900 width=121)
	  ->  Sort  (cost=3526.62..3528.87 rows=900 width=121)
	        Sort Key: c
	        ->  Bitmap Heap Scan on sbtest3  (cost=21.66..3482.46 rows=900 width=121)
	              Recheck Cond: ((id >= 743109) AND (id <= 744108))
	              ->  Bitmap Index Scan on sbtest3_pkey  (cost=0.00..21.43 rows=900 width=0)
	                    Index Cond: ((id >= 743109) AND (id <= 744108))

table 4 : explain SELECT DISTINCT c FROM sbtest4 WHERE id BETWEEN 3364492 AND 3365491 ORDER BY c
	Unique  (cost=3553.69..3558.22 rows=907 width=121)
	  ->  Sort  (cost=3553.69..3555.95 rows=907 width=121)
	        Sort Key: c
	        ->  Bitmap Heap Scan on sbtest4  (cost=21.73..3509.13 rows=907 width=121)
	              Recheck Cond: ((id >= 3364492) AND (id <= 3365491))
	              ->  Bitmap Index Scan on sbtest4_pkey  (cost=0.00..21.50 rows=907 width=0)
	                    Index Cond: ((id >= 3364492) AND (id <= 3365491))

table 5 : explain SELECT DISTINCT c FROM sbtest5 WHERE id BETWEEN 5638619 AND 5639618 ORDER BY c
	Unique  (cost=3875.33..3880.29 rows=991 width=121)
	  ->  Sort  (cost=3875.33..3877.81 rows=991 width=121)
	        Sort Key: c
	        ->  Bitmap Heap Scan on sbtest5  (cost=22.59..3826.01 rows=991 width=121)
	              Recheck Cond: ((id >= 5638619) AND (id <= 5639618))
	              ->  Bitmap Index Scan on sbtest5_pkey  (cost=0.00..22.34 rows=991 width=0)
	                    Index Cond: ((id >= 5638619) AND (id <= 5639618))

table 6 : explain SELECT DISTINCT c FROM sbtest6 WHERE id BETWEEN 4450709 AND 4451708 ORDER BY c
	Unique  (cost=3707.96..3712.69 rows=947 width=121)
	  ->  Sort  (cost=3707.96..3710.32 rows=947 width=121)
	        Sort Key: c
	        ->  Bitmap Heap Scan on sbtest6  (cost=22.14..3661.14 rows=947 width=121)
	              Recheck Cond: ((id >= 4450709) AND (id <= 4451708))
	              ->  Bitmap Index Scan on sbtest6_pkey  (cost=0.00..21.90 rows=947 width=0)
	                    Index Cond: ((id >= 4450709) AND (id <= 4451708))

table 7 : explain SELECT DISTINCT c FROM sbtest7 WHERE id BETWEEN 1057015 AND 1058014 ORDER BY c
	Unique  (cost=4131.82..4137.11 rows=1058 width=121)
	  ->  Sort  (cost=4131.82..4134.47 rows=1058 width=121)
	        Sort Key: c
	        ->  Bitmap Heap Scan on sbtest7  (cost=23.28..4078.67 rows=1058 width=121)
	              Recheck Cond: ((id >= 1057015) AND (id <= 1058014))
	              ->  Bitmap Index Scan on sbtest7_pkey  (cost=0.00..23.01 rows=1058 width=0)
	                    Index Cond: ((id >= 1057015) AND (id <= 1058014))

table 8 : explain SELECT DISTINCT c FROM sbtest8 WHERE id BETWEEN 955106 AND 956105 ORDER BY c
	Unique  (cost=4404.05..4409.69 rows=1129 width=121)
	  ->  Sort  (cost=4404.05..4406.87 rows=1129 width=121)
	        Sort Key: c
	        ->  Bitmap Heap Scan on sbtest8  (cost=28.01..4346.80 rows=1129 width=121)
	              Recheck Cond: ((id >= 955106) AND (id <= 956105))
	              ->  Bitmap Index Scan on sbtest8_pkey  (cost=0.00..27.72 rows=1129 width=0)
	                    Index Cond: ((id >= 955106) AND (id <= 956105))

for: order_ranges
table 1 : explain SELECT c FROM sbtest1 WHERE id BETWEEN 5417200 AND 5418199 ORDER BY c
	Sort  (cost=4191.20..4193.88 rows=1074 width=121)
	  Sort Key: c
	  ->  Bitmap Heap Scan on sbtest1  (cost=23.44..4137.13 rows=1074 width=121)
	        Recheck Cond: ((id >= 5417200) AND (id <= 5418199))
	        ->  Bitmap Index Scan on sbtest1_pkey  (cost=0.00..23.18 rows=1074 width=0)
	              Index Cond: ((id >= 5417200) AND (id <= 5418199))

table 2 : explain SELECT c FROM sbtest2 WHERE id BETWEEN 8138367 AND 8139366 ORDER BY c
	Sort  (cost=3866.93..3869.41 rows=989 width=121)
	  Sort Key: c
	  ->  Bitmap Heap Scan on sbtest2  (cost=22.57..3817.73 rows=989 width=121)
	        Recheck Cond: ((id >= 8138367) AND (id <= 8139366))
	        ->  Bitmap Index Scan on sbtest2_pkey  (cost=0.00..22.32 rows=989 width=0)
	              Index Cond: ((id >= 8138367) AND (id <= 8139366))

table 3 : explain SELECT c FROM sbtest3 WHERE id BETWEEN 1356221 AND 1357220 ORDER BY c
	Sort  (cost=3756.40..3758.80 rows=960 width=121)
	  Sort Key: c
	  ->  Bitmap Heap Scan on sbtest3  (cost=22.27..3708.84 rows=960 width=121)
	        Recheck Cond: ((id >= 1356221) AND (id <= 1357220))
	        ->  Bitmap Index Scan on sbtest3_pkey  (cost=0.00..22.04 rows=960 width=0)
	              Index Cond: ((id >= 1356221) AND (id <= 1357220))

table 4 : explain SELECT c FROM sbtest4 WHERE id BETWEEN 4242804 AND 4243803 ORDER BY c
	Sort  (cost=3706.90..3709.27 rows=947 width=121)
	  Sort Key: c
	  ->  Bitmap Heap Scan on sbtest4  (cost=22.14..3660.08 rows=947 width=121)
	        Recheck Cond: ((id >= 4242804) AND (id <= 4243803))
	        ->  Bitmap Index Scan on sbtest4_pkey  (cost=0.00..21.90 rows=947 width=0)
	              Index Cond: ((id >= 4242804) AND (id <= 4243803))

table 5 : explain SELECT c FROM sbtest5 WHERE id BETWEEN 2442696 AND 2443695 ORDER BY c
	Sort  (cost=4256.97..4259.69 rows=1091 width=121)
	  Sort Key: c
	  ->  Bitmap Heap Scan on sbtest5  (cost=23.62..4201.92 rows=1091 width=121)
	        Recheck Cond: ((id >= 2442696) AND (id <= 2443695))
	        ->  Bitmap Index Scan on sbtest5_pkey  (cost=0.00..23.34 rows=1091 width=0)
	              Index Cond: ((id >= 2442696) AND (id <= 2443695))

table 6 : explain SELECT c FROM sbtest6 WHERE id BETWEEN 9484471 AND 9485470 ORDER BY c
	Sort  (cost=3707.96..3710.32 rows=947 width=121)
	  Sort Key: c
	  ->  Bitmap Heap Scan on sbtest6  (cost=22.14..3661.14 rows=947 width=121)
	        Recheck Cond: ((id >= 9484471) AND (id <= 9485470))
	        ->  Bitmap Index Scan on sbtest6_pkey  (cost=0.00..21.90 rows=947 width=0)
	              Index Cond: ((id >= 9484471) AND (id <= 9485470))

table 7 : explain SELECT c FROM sbtest7 WHERE id BETWEEN 4602269 AND 4603268 ORDER BY c
	Sort  (cost=3661.63..3663.96 rows=935 width=121)
	  Sort Key: c
	  ->  Bitmap Heap Scan on sbtest7  (cost=22.02..3615.49 rows=935 width=121)
	        Recheck Cond: ((id >= 4602269) AND (id <= 4603268))
	        ->  Bitmap Index Scan on sbtest7_pkey  (cost=0.00..21.79 rows=935 width=0)
	              Index Cond: ((id >= 4602269) AND (id <= 4603268))

table 8 : explain SELECT c FROM sbtest8 WHERE id BETWEEN 3053958 AND 3054957 ORDER BY c
	Sort  (cost=4270.59..4273.32 rows=1093 width=121)
	  Sort Key: c
	  ->  Bitmap Heap Scan on sbtest8  (cost=27.64..4215.42 rows=1093 width=121)
	        Recheck Cond: ((id >= 3053958) AND (id <= 3054957))
	        ->  Bitmap Index Scan on sbtest8_pkey  (cost=0.00..27.36 rows=1093 width=0)
	              Index Cond: ((id >= 3053958) AND (id <= 3054957))

explain: for point_selects :: explain SELECT c FROM sbtest%u WHERE id=%u
for: distinct_ranges
table 1 : explain SELECT DISTINCT c FROM sbtest1 WHERE id BETWEEN 9575213 AND 9576212 ORDER BY c
	Unique  (cost=4073.00..4078.21 rows=1043 width=121)
	  ->  Sort  (cost=4073.00..4075.60 rows=1043 width=121)
	        Sort Key: c
	        ->  Bitmap Heap Scan on sbtest1  (cost=23.13..4020.71 rows=1043 width=121)
	              Recheck Cond: ((id >= 9575213) AND (id <= 9576212))
	              ->  Bitmap Index Scan on sbtest1_pkey  (cost=0.00..22.86 rows=1043 width=0)
	                    Index Cond: ((id >= 9575213) AND (id <= 9576212))

table 2 : explain SELECT DISTINCT c FROM sbtest2 WHERE id BETWEEN 904323 AND 905322 ORDER BY c
	Unique  (cost=3679.53..3684.23 rows=940 width=121)
	  ->  Sort  (cost=3679.53..3681.88 rows=940 width=121)
	        Sort Key: c
	        ->  Bitmap Heap Scan on sbtest2  (cost=22.07..3633.11 rows=940 width=121)
	              Recheck Cond: ((id >= 904323) AND (id <= 905322))
	              ->  Bitmap Index Scan on sbtest2_pkey  (cost=0.00..21.83 rows=940 width=0)
	                    Index Cond: ((id >= 904323) AND (id <= 905322))

table 3 : explain SELECT DISTINCT c FROM sbtest3 WHERE id BETWEEN 7789732 AND 7790731 ORDER BY c
	Unique  (cost=3825.24..3830.13 rows=978 width=121)
	  ->  Sort  (cost=3825.24..3827.68 rows=978 width=121)
	        Sort Key: c
	        ->  Bitmap Heap Scan on sbtest3  (cost=22.46..3776.66 rows=978 width=121)
	              Recheck Cond: ((id >= 7789732) AND (id <= 7790731))
	              ->  Bitmap Index Scan on sbtest3_pkey  (cost=0.00..22.21 rows=978 width=0)
	                    Index Cond: ((id >= 7789732) AND (id <= 7790731))

table 4 : explain SELECT DISTINCT c FROM sbtest4 WHERE id BETWEEN 8794153 AND 8795152 ORDER BY c
	Unique  (cost=3844.62..3849.53 rows=983 width=121)
	  ->  Sort  (cost=3844.62..3847.08 rows=983 width=121)
	        Sort Key: c
	        ->  Bitmap Heap Scan on sbtest4  (cost=22.51..3795.76 rows=983 width=121)
	              Recheck Cond: ((id >= 8794153) AND (id <= 8795152))
	              ->  Bitmap Index Scan on sbtest4_pkey  (cost=0.00..22.26 rows=983 width=0)
	                    Index Cond: ((id >= 8794153) AND (id <= 8795152))

table 5 : explain SELECT DISTINCT c FROM sbtest5 WHERE id BETWEEN 4810695 AND 4811694 ORDER BY c
	Unique  (cost=3584.46..3589.04 rows=915 width=121)
	  ->  Sort  (cost=3584.46..3586.75 rows=915 width=121)
	        Sort Key: c
	        ->  Bitmap Heap Scan on sbtest5  (cost=21.81..3539.45 rows=915 width=121)
	              Recheck Cond: ((id >= 4810695) AND (id <= 4811694))
	              ->  Bitmap Index Scan on sbtest5_pkey  (cost=0.00..21.58 rows=915 width=0)
	                    Index Cond: ((id >= 4810695) AND (id <= 4811694))

table 6 : explain SELECT DISTINCT c FROM sbtest6 WHERE id BETWEEN 9277534 AND 9278533 ORDER BY c
	Unique  (cost=3971.89..3976.97 rows=1016 width=121)
	  ->  Sort  (cost=3971.89..3974.43 rows=1016 width=121)
	        Sort Key: c
	        ->  Bitmap Heap Scan on sbtest6  (cost=22.85..3921.15 rows=1016 width=121)
	              Recheck Cond: ((id >= 9277534) AND (id <= 9278533))
	              ->  Bitmap Index Scan on sbtest6_pkey  (cost=0.00..22.59 rows=1016 width=0)
	                    Index Cond: ((id >= 9277534) AND (id <= 9278533))

table 7 : explain SELECT DISTINCT c FROM sbtest7 WHERE id BETWEEN 9989583 AND 9990582 ORDER BY c
	Unique  (cost=3833.86..3838.76 rows=980 width=121)
	  ->  Sort  (cost=3833.86..3836.31 rows=980 width=121)
	        Sort Key: c
	        ->  Bitmap Heap Scan on sbtest7  (cost=22.48..3785.18 rows=980 width=121)
	              Recheck Cond: ((id >= 9989583) AND (id <= 9990582))
	              ->  Bitmap Index Scan on sbtest7_pkey  (cost=0.00..22.23 rows=980 width=0)
	                    Index Cond: ((id >= 9989583) AND (id <= 9990582))

table 8 : explain SELECT DISTINCT c FROM sbtest8 WHERE id BETWEEN 9998724 AND 9999723 ORDER BY c
	Unique  (cost=3804.36..3809.22 rows=972 width=121)
	  ->  Sort  (cost=3804.36..3806.79 rows=972 width=121)
	        Sort Key: c
	        ->  Bitmap Heap Scan on sbtest8  (cost=22.40..3756.12 rows=972 width=121)
	              Recheck Cond: ((id >= 9998724) AND (id <= 9999723))
	              ->  Bitmap Index Scan on sbtest8_pkey  (cost=0.00..22.15 rows=972 width=0)
	                    Index Cond: ((id >= 9998724) AND (id <= 9999723))

for: distinct_ranges
table 1 : explain SELECT DISTINCT c FROM sbtest1 WHERE id BETWEEN 6502032 AND 6503031 ORDER BY c
	Unique  (cost=3870.64..3875.59 rows=990 width=121)
	  ->  Sort  (cost=3870.64..3873.12 rows=990 width=121)
	        Sort Key: c
	        ->  Bitmap Heap Scan on sbtest1  (cost=22.58..3821.38 rows=990 width=121)
	              Recheck Cond: ((id >= 6502032) AND (id <= 6503031))
	              ->  Bitmap Index Scan on sbtest1_pkey  (cost=0.00..22.33 rows=990 width=0)
	                    Index Cond: ((id >= 6502032) AND (id <= 6503031))

table 2 : explain SELECT DISTINCT c FROM sbtest2 WHERE id BETWEEN 3046496 AND 3047495 ORDER BY c
	Unique  (cost=4134.14..4139.44 rows=1059 width=121)
	  ->  Sort  (cost=4134.14..4136.79 rows=1059 width=121)
	        Sort Key: c
	        ->  Bitmap Heap Scan on sbtest2  (cost=23.29..4080.94 rows=1059 width=121)
	              Recheck Cond: ((id >= 3046496) AND (id <= 3047495))
	              ->  Bitmap Index Scan on sbtest2_pkey  (cost=0.00..23.02 rows=1059 width=0)
	                    Index Cond: ((id >= 3046496) AND (id <= 3047495))

table 3 : explain SELECT DISTINCT c FROM sbtest3 WHERE id BETWEEN 5915016 AND 5916015 ORDER BY c
	Unique  (cost=3882.58..3887.54 rows=993 width=121)
	  ->  Sort  (cost=3882.58..3885.06 rows=993 width=121)
	        Sort Key: c
	        ->  Bitmap Heap Scan on sbtest3  (cost=22.61..3833.15 rows=993 width=121)
	              Recheck Cond: ((id >= 5915016) AND (id <= 5916015))
	              ->  Bitmap Index Scan on sbtest3_pkey  (cost=0.00..22.36 rows=993 width=0)
	                    Index Cond: ((id >= 5915016) AND (id <= 5916015))

table 4 : explain SELECT DISTINCT c FROM sbtest4 WHERE id BETWEEN 6041561 AND 6042560 ORDER BY c
	Unique  (cost=3553.69..3558.22 rows=907 width=121)
	  ->  Sort  (cost=3553.69..3555.95 rows=907 width=121)
	        Sort Key: c
	        ->  Bitmap Heap Scan on sbtest4  (cost=21.73..3509.13 rows=907 width=121)
	              Recheck Cond: ((id >= 6041561) AND (id <= 6042560))
	              ->  Bitmap Index Scan on sbtest4_pkey  (cost=0.00..21.50 rows=907 width=0)
	                    Index Cond: ((id >= 6041561) AND (id <= 6042560))

table 5 : explain SELECT DISTINCT c FROM sbtest5 WHERE id BETWEEN 6253128 AND 6254127 ORDER BY c
	Unique  (cost=3768.25..3773.07 rows=963 width=121)
	  ->  Sort  (cost=3768.25..3770.66 rows=963 width=121)
	        Sort Key: c
	        ->  Bitmap Heap Scan on sbtest5  (cost=22.31..3720.53 rows=963 width=121)
	              Recheck Cond: ((id >= 6253128) AND (id <= 6254127))
	              ->  Bitmap Index Scan on sbtest5_pkey  (cost=0.00..22.07 rows=963 width=0)
	                    Index Cond: ((id >= 6253128) AND (id <= 6254127))

table 6 : explain SELECT DISTINCT c FROM sbtest6 WHERE id BETWEEN 7523857 AND 7524856 ORDER BY c
	Unique  (cost=4063.56..4068.76 rows=1040 width=121)
	  ->  Sort  (cost=4063.56..4066.16 rows=1040 width=121)
	        Sort Key: c
	        ->  Bitmap Heap Scan on sbtest6  (cost=23.09..4011.44 rows=1040 width=121)
	              Recheck Cond: ((id >= 7523857) AND (id <= 7524856))
	              ->  Bitmap Index Scan on sbtest6_pkey  (cost=0.00..22.83 rows=1040 width=0)
	                    Index Cond: ((id >= 7523857) AND (id <= 7524856))

table 7 : explain SELECT DISTINCT c FROM sbtest7 WHERE id BETWEEN 9086306 AND 9087305 ORDER BY c
	Unique  (cost=3960.01..3965.08 rows=1013 width=121)
	  ->  Sort  (cost=3960.01..3962.55 rows=1013 width=121)
	        Sort Key: c
	        ->  Bitmap Heap Scan on sbtest7  (cost=22.82..3909.44 rows=1013 width=121)
	              Recheck Cond: ((id >= 9086306) AND (id <= 9087305))
	              ->  Bitmap Index Scan on sbtest7_pkey  (cost=0.00..22.57 rows=1013 width=0)
	                    Index Cond: ((id >= 9086306) AND (id <= 9087305))

table 8 : explain SELECT DISTINCT c FROM sbtest8 WHERE id BETWEEN 6509726 AND 6510725 ORDER BY c
	Unique  (cost=3907.65..3912.65 rows=999 width=121)
	  ->  Sort  (cost=3907.65..3910.15 rows=999 width=121)
	        Sort Key: c
	        ->  Bitmap Heap Scan on sbtest8  (cost=22.67..3857.88 rows=999 width=121)
	              Recheck Cond: ((id >= 6509726) AND (id <= 6510725))
	              ->  Bitmap Index Scan on sbtest8_pkey  (cost=0.00..22.43 rows=999 width=0)
	                    Index Cond: ((id >= 6509726) AND (id <= 6510725))

explain: for point_selects :: explain SELECT c FROM sbtest%u WHERE id=%u
for: simple_ranges
table 1 : explain SELECT c FROM sbtest1 WHERE id BETWEEN 1646810 AND 1647809
	Bitmap Heap Scan on sbtest1  (cost=27.77..4257.45 rows=1106 width=121)
	  Recheck Cond: ((id >= 1646810) AND (id <= 1647809))
	  ->  Bitmap Index Scan on sbtest1_pkey  (cost=0.00..27.50 rows=1106 width=0)
	        Index Cond: ((id >= 1646810) AND (id <= 1647809))

table 2 : explain SELECT c FROM sbtest2 WHERE id BETWEEN 1220112 AND 1221111
	Bitmap Heap Scan on sbtest2  (cost=28.25..4433.68 rows=1153 width=121)
	  Recheck Cond: ((id >= 1220112) AND (id <= 1221111))
	  ->  Bitmap Index Scan on sbtest2_pkey  (cost=0.00..27.96 rows=1153 width=0)
	        Index Cond: ((id >= 1220112) AND (id <= 1221111))

table 3 : explain SELECT c FROM sbtest3 WHERE id BETWEEN 3047105 AND 3048104
	Bitmap Heap Scan on sbtest3  (cost=22.62..3836.91 rows=994 width=121)
	  Recheck Cond: ((id >= 3047105) AND (id <= 3048104))
	  ->  Bitmap Index Scan on sbtest3_pkey  (cost=0.00..22.37 rows=994 width=0)
	        Index Cond: ((id >= 3047105) AND (id <= 3048104))

table 4 : explain SELECT c FROM sbtest4 WHERE id BETWEEN 4543427 AND 4544426
	Bitmap Heap Scan on sbtest4  (cost=21.71..3501.58 rows=905 width=121)
	  Recheck Cond: ((id >= 4543427) AND (id <= 4544426))
	  ->  Bitmap Index Scan on sbtest4_pkey  (cost=0.00..21.48 rows=905 width=0)
	        Index Cond: ((id >= 4543427) AND (id <= 4544426))

table 5 : explain SELECT c FROM sbtest5 WHERE id BETWEEN 780577 AND 781576
	Bitmap Heap Scan on sbtest5  (cost=23.58..4186.91 rows=1087 width=121)
	  Recheck Cond: ((id >= 780577) AND (id <= 781576))
	  ->  Bitmap Index Scan on sbtest5_pkey  (cost=0.00..23.30 rows=1087 width=0)
	        Index Cond: ((id >= 780577) AND (id <= 781576))

table 6 : explain SELECT c FROM sbtest6 WHERE id BETWEEN 5359783 AND 5360782
	Bitmap Heap Scan on sbtest6  (cost=23.07..4003.92 rows=1038 width=121)
	  Recheck Cond: ((id >= 5359783) AND (id <= 5360782))
	  ->  Bitmap Index Scan on sbtest6_pkey  (cost=0.00..22.82 rows=1038 width=0)
	        Index Cond: ((id >= 5359783) AND (id <= 5360782))

table 7 : explain SELECT c FROM sbtest7 WHERE id BETWEEN 9825871 AND 9826870
	Bitmap Heap Scan on sbtest7  (cost=22.94..3954.60 rows=1025 width=121)
	  Recheck Cond: ((id >= 9825871) AND (id <= 9826870))
	  ->  Bitmap Index Scan on sbtest7_pkey  (cost=0.00..22.68 rows=1025 width=0)
	        Index Cond: ((id >= 9825871) AND (id <= 9826870))

table 8 : explain SELECT c FROM sbtest8 WHERE id BETWEEN 9321656 AND 9322655
	Bitmap Heap Scan on sbtest8  (cost=22.09..3642.95 rows=942 width=121)
	  Recheck Cond: ((id >= 9321656) AND (id <= 9322655))
	  ->  Bitmap Index Scan on sbtest8_pkey  (cost=0.00..21.86 rows=942 width=0)
	        Index Cond: ((id >= 9321656) AND (id <= 9322655))

for: distinct_ranges
table 1 : explain SELECT DISTINCT c FROM sbtest1 WHERE id BETWEEN 3955896 AND 3956895 ORDER BY c
	Unique  (cost=3621.99..3626.62 rows=925 width=121)
	  ->  Sort  (cost=3621.99..3624.31 rows=925 width=121)
	        Sort Key: c
	        ->  Bitmap Heap Scan on sbtest1  (cost=21.92..3576.42 rows=925 width=121)
	              Recheck Cond: ((id >= 3955896) AND (id <= 3956895))
	              ->  Bitmap Index Scan on sbtest1_pkey  (cost=0.00..21.68 rows=925 width=0)
	                    Index Cond: ((id >= 3955896) AND (id <= 3956895))

table 2 : explain SELECT DISTINCT c FROM sbtest2 WHERE id BETWEEN 3430726 AND 3431725 ORDER BY c
	Unique  (cost=3878.40..3883.36 rows=992 width=121)
	  ->  Sort  (cost=3878.40..3880.88 rows=992 width=121)
	        Sort Key: c
	        ->  Bitmap Heap Scan on sbtest2  (cost=22.60..3829.03 rows=992 width=121)
	              Recheck Cond: ((id >= 3430726) AND (id <= 3431725))
	              ->  Bitmap Index Scan on sbtest2_pkey  (cost=0.00..22.36 rows=992 width=0)
	                    Index Cond: ((id >= 3430726) AND (id <= 3431725))

table 3 : explain SELECT DISTINCT c FROM sbtest3 WHERE id BETWEEN 1073590 AND 1074589 ORDER BY c
	Unique  (cost=3373.18..3377.48 rows=860 width=121)
	  ->  Sort  (cost=3373.18..3375.33 rows=860 width=121)
	        Sort Key: c
	        ->  Bitmap Heap Scan on sbtest3  (cost=21.25..3331.26 rows=860 width=121)
	              Recheck Cond: ((id >= 1073590) AND (id <= 1074589))
	              ->  Bitmap Index Scan on sbtest3_pkey  (cost=0.00..21.04 rows=860 width=0)
	                    Index Cond: ((id >= 1073590) AND (id <= 1074589))

table 4 : explain SELECT DISTINCT c FROM sbtest4 WHERE id BETWEEN 1442597 AND 1443596 ORDER BY c
	Unique  (cost=3714.55..3719.30 rows=949 width=121)
	  ->  Sort  (cost=3714.55..3716.93 rows=949 width=121)
	        Sort Key: c
	        ->  Bitmap Heap Scan on sbtest4  (cost=22.16..3667.63 rows=949 width=121)
	              Recheck Cond: ((id >= 1442597) AND (id <= 1443596))
	              ->  Bitmap Index Scan on sbtest4_pkey  (cost=0.00..21.93 rows=949 width=0)
	                    Index Cond: ((id >= 1442597) AND (id <= 1443596))

table 5 : explain SELECT DISTINCT c FROM sbtest5 WHERE id BETWEEN 9357179 AND 9358178 ORDER BY c
	Unique  (cost=4104.46..4109.71 rows=1051 width=121)
	  ->  Sort  (cost=4104.46..4107.09 rows=1051 width=121)
	        Sort Key: c
	        ->  Bitmap Heap Scan on sbtest5  (cost=23.21..4051.71 rows=1051 width=121)
	              Recheck Cond: ((id >= 9357179) AND (id <= 9358178))
	              ->  Bitmap Index Scan on sbtest5_pkey  (cost=0.00..22.94 rows=1051 width=0)
	                    Index Cond: ((id >= 9357179) AND (id <= 9358178))

table 6 : explain SELECT DISTINCT c FROM sbtest6 WHERE id BETWEEN 2022640 AND 2023639 ORDER BY c
	Unique  (cost=4376.51..4382.12 rows=1122 width=121)
	  ->  Sort  (cost=4376.51..4379.32 rows=1122 width=121)
	        Sort Key: c
	        ->  Bitmap Heap Scan on sbtest6  (cost=27.94..4319.67 rows=1122 width=121)
	              Recheck Cond: ((id >= 2022640) AND (id <= 2023639))
	              ->  Bitmap Index Scan on sbtest6_pkey  (cost=0.00..27.65 rows=1122 width=0)
	                    Index Cond: ((id >= 2022640) AND (id <= 2023639))

table 7 : explain SELECT DISTINCT c FROM sbtest7 WHERE id BETWEEN 8731028 AND 8732027 ORDER BY c
	Unique  (cost=4028.77..4033.92 rows=1031 width=121)
	  ->  Sort  (cost=4028.77..4031.34 rows=1031 width=121)
	        Sort Key: c
	        ->  Bitmap Heap Scan on sbtest7  (cost=23.00..3977.17 rows=1031 width=121)
	              Recheck Cond: ((id >= 8731028) AND (id <= 8732027))
	              ->  Bitmap Index Scan on sbtest7_pkey  (cost=0.00..22.75 rows=1031 width=0)
	                    Index Cond: ((id >= 8731028) AND (id <= 8732027))

table 8 : explain SELECT DISTINCT c FROM sbtest8 WHERE id BETWEEN 8151577 AND 8152576 ORDER BY c
	Unique  (cost=4087.25..4092.48 rows=1046 width=121)
	  ->  Sort  (cost=4087.25..4089.87 rows=1046 width=121)
	        Sort Key: c
	        ->  Bitmap Heap Scan on sbtest8  (cost=23.16..4034.79 rows=1046 width=121)
	              Recheck Cond: ((id >= 8151577) AND (id <= 8152576))
	              ->  Bitmap Index Scan on sbtest8_pkey  (cost=0.00..22.89 rows=1046 width=0)
	                    Index Cond: ((id >= 8151577) AND (id <= 8152576))

for: simple_ranges
table 1 : explain SELECT c FROM sbtest1 WHERE id BETWEEN 3976980 AND 3977979
	Bitmap Heap Scan on sbtest1  (cost=21.92..3576.42 rows=925 width=121)
	  Recheck Cond: ((id >= 3976980) AND (id <= 3977979))
	  ->  Bitmap Index Scan on sbtest1_pkey  (cost=0.00..21.68 rows=925 width=0)
	        Index Cond: ((id >= 3976980) AND (id <= 3977979))

table 2 : explain SELECT c FROM sbtest2 WHERE id BETWEEN 5647498 AND 5648497
	Bitmap Heap Scan on sbtest2  (cost=22.79..3896.76 rows=1010 width=121)
	  Recheck Cond: ((id >= 5647498) AND (id <= 5648497))
	  ->  Bitmap Index Scan on sbtest2_pkey  (cost=0.00..22.54 rows=1010 width=0)
	        Index Cond: ((id >= 5647498) AND (id <= 5648497))

table 3 : explain SELECT c FROM sbtest3 WHERE id BETWEEN 3178539 AND 3179538
	Bitmap Heap Scan on sbtest3  (cost=22.48..3784.20 rows=980 width=121)
	  Recheck Cond: ((id >= 3178539) AND (id <= 3179538))
	  ->  Bitmap Index Scan on sbtest3_pkey  (cost=0.00..22.23 rows=980 width=0)
	        Index Cond: ((id >= 3178539) AND (id <= 3179538))

table 4 : explain SELECT c FROM sbtest4 WHERE id BETWEEN 1273031 AND 1274030
	Bitmap Heap Scan on sbtest4  (cost=22.96..3961.35 rows=1027 width=121)
	  Recheck Cond: ((id >= 1273031) AND (id <= 1274030))
	  ->  Bitmap Index Scan on sbtest4_pkey  (cost=0.00..22.70 rows=1027 width=0)
	        Index Cond: ((id >= 1273031) AND (id <= 1274030))

table 5 : explain SELECT c FROM sbtest5 WHERE id BETWEEN 397358 AND 398357
	Bitmap Heap Scan on sbtest5  (cost=23.28..4078.01 rows=1058 width=121)
	  Recheck Cond: ((id >= 397358) AND (id <= 398357))
	  ->  Bitmap Index Scan on sbtest5_pkey  (cost=0.00..23.01 rows=1058 width=0)
	        Index Cond: ((id >= 397358) AND (id <= 398357))

table 6 : explain SELECT c FROM sbtest6 WHERE id BETWEEN 3609484 AND 3610483
	Bitmap Heap Scan on sbtest6  (cost=22.26..3706.40 rows=959 width=121)
	  Recheck Cond: ((id >= 3609484) AND (id <= 3610483))
	  ->  Bitmap Index Scan on sbtest6_pkey  (cost=0.00..22.02 rows=959 width=0)
	        Index Cond: ((id >= 3609484) AND (id <= 3610483))

table 7 : explain SELECT c FROM sbtest7 WHERE id BETWEEN 3998729 AND 3999728
	Bitmap Heap Scan on sbtest7  (cost=23.57..4183.84 rows=1086 width=121)
	  Recheck Cond: ((id >= 3998729) AND (id <= 3999728))
	  ->  Bitmap Index Scan on sbtest7_pkey  (cost=0.00..23.29 rows=1086 width=0)
	        Index Cond: ((id >= 3998729) AND (id <= 3999728))

table 8 : explain SELECT c FROM sbtest8 WHERE id BETWEEN 630201 AND 631200
	Bitmap Heap Scan on sbtest8  (cost=22.84..3918.14 rows=1015 width=121)
	  Recheck Cond: ((id >= 630201) AND (id <= 631200))
	  ->  Bitmap Index Scan on sbtest8_pkey  (cost=0.00..22.58 rows=1015 width=0)
	        Index Cond: ((id >= 630201) AND (id <= 631200))

for: order_ranges
table 1 : explain SELECT c FROM sbtest1 WHERE id BETWEEN 4653812 AND 4654811 ORDER BY c
	Sort  (cost=3992.86..3995.42 rows=1022 width=121)
	  Sort Key: c
	  ->  Bitmap Heap Scan on sbtest1  (cost=22.91..3941.78 rows=1022 width=121)
	        Recheck Cond: ((id >= 4653812) AND (id <= 4654811))
	        ->  Bitmap Index Scan on sbtest1_pkey  (cost=0.00..22.65 rows=1022 width=0)
	              Index Cond: ((id >= 4653812) AND (id <= 4654811))

table 2 : explain SELECT c FROM sbtest2 WHERE id BETWEEN 9433246 AND 9434245 ORDER BY c
	Sort  (cost=3591.45..3593.75 rows=917 width=121)
	  Sort Key: c
	  ->  Bitmap Heap Scan on sbtest2  (cost=21.83..3546.33 rows=917 width=121)
	        Recheck Cond: ((id >= 9433246) AND (id <= 9434245))
	        ->  Bitmap Index Scan on sbtest2_pkey  (cost=0.00..21.61 rows=917 width=0)
	              Index Cond: ((id >= 9433246) AND (id <= 9434245))

table 3 : explain SELECT c FROM sbtest3 WHERE id BETWEEN 8041545 AND 8042544 ORDER BY c
	Sort  (cost=3855.82..3858.29 rows=986 width=121)
	  Sort Key: c
	  ->  Bitmap Heap Scan on sbtest3  (cost=22.54..3806.79 rows=986 width=121)
	        Recheck Cond: ((id >= 8041545) AND (id <= 8042544))
	        ->  Bitmap Index Scan on sbtest3_pkey  (cost=0.00..22.29 rows=986 width=0)
	              Index Cond: ((id >= 8041545) AND (id <= 8042544))

table 4 : explain SELECT c FROM sbtest4 WHERE id BETWEEN 4785212 AND 4786211 ORDER BY c
	Sort  (cost=4035.63..4038.21 rows=1033 width=121)
	  Sort Key: c
	  ->  Bitmap Heap Scan on sbtest4  (cost=23.02..3983.91 rows=1033 width=121)
	        Recheck Cond: ((id >= 4785212) AND (id <= 4786211))
	        ->  Bitmap Index Scan on sbtest4_pkey  (cost=0.00..22.76 rows=1033 width=0)
	              Index Cond: ((id >= 4785212) AND (id <= 4786211))

table 5 : explain SELECT c FROM sbtest5 WHERE id BETWEEN 7391695 AND 7392694 ORDER BY c
	Sort  (cost=4085.38..4088.00 rows=1046 width=121)
	  Sort Key: c
	  ->  Bitmap Heap Scan on sbtest5  (cost=23.16..4032.92 rows=1046 width=121)
	        Recheck Cond: ((id >= 7391695) AND (id <= 7392694))
	        ->  Bitmap Index Scan on sbtest5_pkey  (cost=0.00..22.89 rows=1046 width=0)
	              Index Cond: ((id >= 7391695) AND (id <= 7392694))

table 6 : explain SELECT c FROM sbtest6 WHERE id BETWEEN 8352478 AND 8353477 ORDER BY c
	Sort  (cost=3975.71..3978.26 rows=1017 width=121)
	  Sort Key: c
	  ->  Bitmap Heap Scan on sbtest6  (cost=22.86..3924.91 rows=1017 width=121)
	        Recheck Cond: ((id >= 8352478) AND (id <= 8353477))
	        ->  Bitmap Index Scan on sbtest6_pkey  (cost=0.00..22.61 rows=1017 width=0)
	              Index Cond: ((id >= 8352478) AND (id <= 8353477))

table 7 : explain SELECT c FROM sbtest7 WHERE id BETWEEN 2080488 AND 2081487 ORDER BY c
	Sort  (cost=3952.37..3954.90 rows=1011 width=121)
	  Sort Key: c
	  ->  Bitmap Heap Scan on sbtest7  (cost=22.80..3901.92 rows=1011 width=121)
	        Recheck Cond: ((id >= 2080488) AND (id <= 2081487))
	        ->  Bitmap Index Scan on sbtest7_pkey  (cost=0.00..22.54 rows=1011 width=0)
	              Index Cond: ((id >= 2080488) AND (id <= 2081487))

table 8 : explain SELECT c FROM sbtest8 WHERE id BETWEEN 4413071 AND 4414070 ORDER BY c
	Sort  (cost=3559.15..3561.42 rows=908 width=121)
	  Sort Key: c
	  ->  Bitmap Heap Scan on sbtest8  (cost=21.74..3514.53 rows=908 width=121)
	        Recheck Cond: ((id >= 4413071) AND (id <= 4414070))
	        ->  Bitmap Index Scan on sbtest8_pkey  (cost=0.00..21.51 rows=908 width=0)
	              Index Cond: ((id >= 4413071) AND (id <= 4414070))

for point_selects
table 1 : explain SELECT c FROM sbtest1 WHERE id=8000900
	Index Scan using sbtest1_pkey on sbtest1  (cost=0.43..8.45 rows=1 width=121)
	  Index Cond: (id = 8000900)

table 2 : explain SELECT c FROM sbtest2 WHERE id=7816737
	Index Scan using sbtest2_pkey on sbtest2  (cost=0.43..8.45 rows=1 width=121)
	  Index Cond: (id = 7816737)

table 3 : explain SELECT c FROM sbtest3 WHERE id=4391277
	Index Scan using sbtest3_pkey on sbtest3  (cost=0.43..8.45 rows=1 width=121)
	  Index Cond: (id = 4391277)

table 4 : explain SELECT c FROM sbtest4 WHERE id=135853
	Index Scan using sbtest4_pkey on sbtest4  (cost=0.43..8.45 rows=1 width=121)
	  Index Cond: (id = 135853)

table 5 : explain SELECT c FROM sbtest5 WHERE id=1558887
	Index Scan using sbtest5_pkey on sbtest5  (cost=0.43..8.45 rows=1 width=121)
	  Index Cond: (id = 1558887)

table 6 : explain SELECT c FROM sbtest6 WHERE id=3038950
	Index Scan using sbtest6_pkey on sbtest6  (cost=0.43..8.45 rows=1 width=121)
	  Index Cond: (id = 3038950)

table 7 : explain SELECT c FROM sbtest7 WHERE id=465960
	Index Scan using sbtest7_pkey on sbtest7  (cost=0.43..8.45 rows=1 width=121)
	  Index Cond: (id = 465960)

table 8 : explain SELECT c FROM sbtest8 WHERE id=6459240
	Index Scan using sbtest8_pkey on sbtest8  (cost=0.43..8.45 rows=1 width=121)
	  Index Cond: (id = 6459240)

for point_selects
table 1 : explain SELECT c FROM sbtest1 WHERE id=5006816
	Index Scan using sbtest1_pkey on sbtest1  (cost=0.43..8.45 rows=1 width=121)
	  Index Cond: (id = 5006816)

table 2 : explain SELECT c FROM sbtest2 WHERE id=4699671
	Index Scan using sbtest2_pkey on sbtest2  (cost=0.43..8.45 rows=1 width=121)
	  Index Cond: (id = 4699671)

table 3 : explain SELECT c FROM sbtest3 WHERE id=8088797
	Index Scan using sbtest3_pkey on sbtest3  (cost=0.43..8.45 rows=1 width=121)
	  Index Cond: (id = 8088797)

table 4 : explain SELECT c FROM sbtest4 WHERE id=6491118
	Index Scan using sbtest4_pkey on sbtest4  (cost=0.43..8.45 rows=1 width=121)
	  Index Cond: (id = 6491118)

table 5 : explain SELECT c FROM sbtest5 WHERE id=3538441
	Index Scan using sbtest5_pkey on sbtest5  (cost=0.43..8.45 rows=1 width=121)
	  Index Cond: (id = 3538441)

table 6 : explain SELECT c FROM sbtest6 WHERE id=9331789
	Index Scan using sbtest6_pkey on sbtest6  (cost=0.43..8.45 rows=1 width=121)
	  Index Cond: (id = 9331789)

table 7 : explain SELECT c FROM sbtest7 WHERE id=2804151
	Index Scan using sbtest7_pkey on sbtest7  (cost=0.43..8.45 rows=1 width=121)
	  Index Cond: (id = 2804151)

table 8 : explain SELECT c FROM sbtest8 WHERE id=332551
	Index Scan using sbtest8_pkey on sbtest8  (cost=0.43..8.45 rows=1 width=121)
	  Index Cond: (id = 332551)

explain: for point_selects :: explain SELECT c FROM sbtest%u WHERE id=%u
explain: for point_selects :: explain SELECT c FROM sbtest%u WHERE id=%u
explain: for point_selects :: explain SELECT c FROM sbtest%u WHERE id=%u
explain: for point_selects :: explain SELECT c FROM sbtest%u WHERE id=%u
explain: for point_selects :: explain SELECT c FROM sbtest%u WHERE id=%u
for: distinct_ranges
table 1 : explain SELECT DISTINCT c FROM sbtest1 WHERE id BETWEEN 8711315 AND 8712314 ORDER BY c
	Unique  (cost=3637.31..3641.96 rows=929 width=121)
	  ->  Sort  (cost=3637.31..3639.63 rows=929 width=121)
	        Sort Key: c
	        ->  Bitmap Heap Scan on sbtest1  (cost=21.96..3591.51 rows=929 width=121)
	              Recheck Cond: ((id >= 8711315) AND (id <= 8712314))
	              ->  Bitmap Index Scan on sbtest1_pkey  (cost=0.00..21.72 rows=929 width=0)
	                    Index Cond: ((id >= 8711315) AND (id <= 8712314))

table 2 : explain SELECT DISTINCT c FROM sbtest2 WHERE id BETWEEN 4428441 AND 4429440 ORDER BY c
	Unique  (cost=3897.50..3902.49 rows=997 width=121)
	  ->  Sort  (cost=3897.50..3899.99 rows=997 width=121)
	        Sort Key: c
	        ->  Bitmap Heap Scan on sbtest2  (cost=22.65..3847.84 rows=997 width=121)
	              Recheck Cond: ((id >= 4428441) AND (id <= 4429440))
	              ->  Bitmap Index Scan on sbtest2_pkey  (cost=0.00..22.40 rows=997 width=0)
	                    Index Cond: ((id >= 4428441) AND (id <= 4429440))

table 3 : explain SELECT DISTINCT c FROM sbtest3 WHERE id BETWEEN 5085519 AND 5086518 ORDER BY c
	Unique  (cost=3744.92..3749.70 rows=957 width=121)
	  ->  Sort  (cost=3744.92..3747.31 rows=957 width=121)
	        Sort Key: c
	        ->  Bitmap Heap Scan on sbtest3  (cost=22.24..3697.54 rows=957 width=121)
	              Recheck Cond: ((id >= 5085519) AND (id <= 5086518))
	              ->  Bitmap Index Scan on sbtest3_pkey  (cost=0.00..22.00 rows=957 width=0)
	                    Index Cond: ((id >= 5085519) AND (id <= 5086518))

table 4 : explain SELECT DISTINCT c FROM sbtest4 WHERE id BETWEEN 5647384 AND 5648383 ORDER BY c
	Unique  (cost=4436.04..4441.73 rows=1138 width=121)
	  ->  Sort  (cost=4436.04..4438.89 rows=1138 width=121)
	        Sort Key: c
	        ->  Bitmap Heap Scan on sbtest4  (cost=28.10..4378.27 rows=1138 width=121)
	              Recheck Cond: ((id >= 5647384) AND (id <= 5648383))
	              ->  Bitmap Index Scan on sbtest4_pkey  (cost=0.00..27.82 rows=1138 width=0)
	                    Index Cond: ((id >= 5647384) AND (id <= 5648383))

table 5 : explain SELECT DISTINCT c FROM sbtest5 WHERE id BETWEEN 8485966 AND 8486965 ORDER BY c
	Unique  (cost=3676.39..3681.09 rows=939 width=121)
	  ->  Sort  (cost=3676.39..3678.74 rows=939 width=121)
	        Sort Key: c
	        ->  Bitmap Heap Scan on sbtest5  (cost=22.06..3630.03 rows=939 width=121)
	              Recheck Cond: ((id >= 8485966) AND (id <= 8486965))
	              ->  Bitmap Index Scan on sbtest5_pkey  (cost=0.00..21.82 rows=939 width=0)
	                    Index Cond: ((id >= 8485966) AND (id <= 8486965))

table 6 : explain SELECT DISTINCT c FROM sbtest6 WHERE id BETWEEN 5493916 AND 5494915 ORDER BY c
	Unique  (cost=3665.82..3670.50 rows=936 width=121)
	  ->  Sort  (cost=3665.82..3668.16 rows=936 width=121)
	        Sort Key: c
	        ->  Bitmap Heap Scan on sbtest6  (cost=22.03..3619.63 rows=936 width=121)
	              Recheck Cond: ((id >= 5493916) AND (id <= 5494915))
	              ->  Bitmap Index Scan on sbtest6_pkey  (cost=0.00..21.79 rows=936 width=0)
	                    Index Cond: ((id >= 5493916) AND (id <= 5494915))

table 7 : explain SELECT DISTINCT c FROM sbtest7 WHERE id BETWEEN 5643557 AND 5644556 ORDER BY c
	Unique  (cost=3860.63..3865.57 rows=987 width=121)
	  ->  Sort  (cost=3860.63..3863.10 rows=987 width=121)
	        Sort Key: c
	        ->  Bitmap Heap Scan on sbtest7  (cost=22.55..3811.55 rows=987 width=121)
	              Recheck Cond: ((id >= 5643557) AND (id <= 5644556))
	              ->  Bitmap Index Scan on sbtest7_pkey  (cost=0.00..22.30 rows=987 width=0)
	                    Index Cond: ((id >= 5643557) AND (id <= 5644556))

table 8 : explain SELECT DISTINCT c FROM sbtest8 WHERE id BETWEEN 2454575 AND 2455574 ORDER BY c
	Unique  (cost=3566.82..3571.37 rows=910 width=121)
	  ->  Sort  (cost=3566.82..3569.09 rows=910 width=121)
	        Sort Key: c
	        ->  Bitmap Heap Scan on sbtest8  (cost=21.76..3522.09 rows=910 width=121)
	              Recheck Cond: ((id >= 2454575) AND (id <= 2455574))
	              ->  Bitmap Index Scan on sbtest8_pkey  (cost=0.00..21.54 rows=910 width=0)
	                    Index Cond: ((id >= 2454575) AND (id <= 2455574))

for point_selects
table 1 : explain SELECT c FROM sbtest1 WHERE id=6370478
	Index Scan using sbtest1_pkey on sbtest1  (cost=0.43..8.45 rows=1 width=121)
	  Index Cond: (id = 6370478)

table 2 : explain SELECT c FROM sbtest2 WHERE id=3882855
	Index Scan using sbtest2_pkey on sbtest2  (cost=0.43..8.45 rows=1 width=121)
	  Index Cond: (id = 3882855)

table 3 : explain SELECT c FROM sbtest3 WHERE id=4320016
	Index Scan using sbtest3_pkey on sbtest3  (cost=0.43..8.45 rows=1 width=121)
	  Index Cond: (id = 4320016)

table 4 : explain SELECT c FROM sbtest4 WHERE id=632011
	Index Scan using sbtest4_pkey on sbtest4  (cost=0.43..8.45 rows=1 width=121)
	  Index Cond: (id = 632011)

table 5 : explain SELECT c FROM sbtest5 WHERE id=8729976
	Index Scan using sbtest5_pkey on sbtest5  (cost=0.43..8.45 rows=1 width=121)
	  Index Cond: (id = 8729976)

table 6 : explain SELECT c FROM sbtest6 WHERE id=4526089
	Index Scan using sbtest6_pkey on sbtest6  (cost=0.43..8.45 rows=1 width=121)
	  Index Cond: (id = 4526089)

table 7 : explain SELECT c FROM sbtest7 WHERE id=3778446
	Index Scan using sbtest7_pkey on sbtest7  (cost=0.43..8.45 rows=1 width=121)
	  Index Cond: (id = 3778446)

table 8 : explain SELECT c FROM sbtest8 WHERE id=2816103
	Index Scan using sbtest8_pkey on sbtest8  (cost=0.43..8.45 rows=1 width=121)
	  Index Cond: (id = 2816103)

for: simple_ranges
table 1 : explain SELECT c FROM sbtest1 WHERE id BETWEEN 6754272 AND 6755271
	Bitmap Heap Scan on sbtest1  (cost=28.17..4403.59 rows=1145 width=121)
	  Recheck Cond: ((id >= 6754272) AND (id <= 6755271))
	  ->  Bitmap Index Scan on sbtest1_pkey  (cost=0.00..27.89 rows=1145 width=0)
	        Index Cond: ((id >= 6754272) AND (id <= 6755271))

table 2 : explain SELECT c FROM sbtest2 WHERE id BETWEEN 4017395 AND 4018394
	Bitmap Heap Scan on sbtest2  (cost=23.30..4084.69 rows=1060 width=121)
	  Recheck Cond: ((id >= 4017395) AND (id <= 4018394))
	  ->  Bitmap Index Scan on sbtest2_pkey  (cost=0.00..23.04 rows=1060 width=0)
	        Index Cond: ((id >= 4017395) AND (id <= 4018394))

table 3 : explain SELECT c FROM sbtest3 WHERE id BETWEEN 5732768 AND 5733767
	Bitmap Heap Scan on sbtest3  (cost=28.18..4407.92 rows=1146 width=121)
	  Recheck Cond: ((id >= 5732768) AND (id <= 5733767))
	  ->  Bitmap Index Scan on sbtest3_pkey  (cost=0.00..27.89 rows=1146 width=0)
	        Index Cond: ((id >= 5732768) AND (id <= 5733767))

table 4 : explain SELECT c FROM sbtest4 WHERE id BETWEEN 9376048 AND 9377047
	Bitmap Heap Scan on sbtest4  (cost=22.22..3690.25 rows=955 width=121)
	  Recheck Cond: ((id >= 9376048) AND (id <= 9377047))
	  ->  Bitmap Index Scan on sbtest4_pkey  (cost=0.00..21.98 rows=955 width=0)
	        Index Cond: ((id >= 9376048) AND (id <= 9377047))

table 5 : explain SELECT c FROM sbtest5 WHERE id BETWEEN 8080604 AND 8081603
	Bitmap Heap Scan on sbtest5  (cost=22.38..3746.91 rows=970 width=121)
	  Recheck Cond: ((id >= 8080604) AND (id <= 8081603))
	  ->  Bitmap Index Scan on sbtest5_pkey  (cost=0.00..22.14 rows=970 width=0)
	        Index Cond: ((id >= 8080604) AND (id <= 8081603))

table 6 : explain SELECT c FROM sbtest6 WHERE id BETWEEN 1195478 AND 1196477
	Bitmap Heap Scan on sbtest6  (cost=22.09..3642.27 rows=942 width=121)
	  Recheck Cond: ((id >= 1195478) AND (id <= 1196477))
	  ->  Bitmap Index Scan on sbtest6_pkey  (cost=0.00..21.86 rows=942 width=0)
	        Index Cond: ((id >= 1195478) AND (id <= 1196477))

table 7 : explain SELECT c FROM sbtest7 WHERE id BETWEEN 6343888 AND 6344887
	Bitmap Heap Scan on sbtest7  (cost=22.70..3864.27 rows=1001 width=121)
	  Recheck Cond: ((id >= 6343888) AND (id <= 6344887))
	  ->  Bitmap Index Scan on sbtest7_pkey  (cost=0.00..22.44 rows=1001 width=0)
	        Index Cond: ((id >= 6343888) AND (id <= 6344887))

table 8 : explain SELECT c FROM sbtest8 WHERE id BETWEEN 2504147 AND 2505146
	Bitmap Heap Scan on sbtest8  (cost=27.90..4309.29 rows=1119 width=121)
	  Recheck Cond: ((id >= 2504147) AND (id <= 2505146))
	  ->  Bitmap Index Scan on sbtest8_pkey  (cost=0.00..27.62 rows=1119 width=0)
	        Index Cond: ((id >= 2504147) AND (id <= 2505146))

for: simple_ranges
table 1 : explain SELECT c FROM sbtest1 WHERE id BETWEEN 4050974 AND 4051973
	Bitmap Heap Scan on sbtest1  (cost=22.95..3956.81 rows=1026 width=121)
	  Recheck Cond: ((id >= 4050974) AND (id <= 4051973))
	  ->  Bitmap Index Scan on sbtest1_pkey  (cost=0.00..22.69 rows=1026 width=0)
	        Index Cond: ((id >= 4050974) AND (id <= 4051973))

table 2 : explain SELECT c FROM sbtest2 WHERE id BETWEEN 4377807 AND 4378806
	Bitmap Heap Scan on sbtest2  (cost=22.17..3670.81 rows=950 width=121)
	  Recheck Cond: ((id >= 4377807) AND (id <= 4378806))
	  ->  Bitmap Index Scan on sbtest2_pkey  (cost=0.00..21.93 rows=950 width=0)
	        Index Cond: ((id >= 4377807) AND (id <= 4378806))

table 3 : explain SELECT c FROM sbtest3 WHERE id BETWEEN 3356796 AND 3357795
	Bitmap Heap Scan on sbtest3  (cost=22.39..3750.29 rows=971 width=121)
	  Recheck Cond: ((id >= 3356796) AND (id <= 3357795))
	  ->  Bitmap Index Scan on sbtest3_pkey  (cost=0.00..22.14 rows=971 width=0)
	        Index Cond: ((id >= 3356796) AND (id <= 3357795))

table 4 : explain SELECT c FROM sbtest4 WHERE id BETWEEN 4919656 AND 4920655
	Bitmap Heap Scan on sbtest4  (cost=22.21..3686.48 rows=954 width=121)
	  Recheck Cond: ((id >= 4919656) AND (id <= 4920655))
	  ->  Bitmap Index Scan on sbtest4_pkey  (cost=0.00..21.97 rows=954 width=0)
	        Index Cond: ((id >= 4919656) AND (id <= 4920655))

table 5 : explain SELECT c FROM sbtest5 WHERE id BETWEEN 7779638 AND 7780637
	Bitmap Heap Scan on sbtest5  (cost=22.59..3826.01 rows=991 width=121)
	  Recheck Cond: ((id >= 7779638) AND (id <= 7780637))
	  ->  Bitmap Index Scan on sbtest5_pkey  (cost=0.00..22.34 rows=991 width=0)
	        Index Cond: ((id >= 7779638) AND (id <= 7780637))

table 6 : explain SELECT c FROM sbtest6 WHERE id BETWEEN 4628055 AND 4629054
	Bitmap Heap Scan on sbtest6  (cost=21.92..3578.11 rows=925 width=121)
	  Recheck Cond: ((id >= 4628055) AND (id <= 4629054))
	  ->  Bitmap Index Scan on sbtest6_pkey  (cost=0.00..21.68 rows=925 width=0)
	        Index Cond: ((id >= 4628055) AND (id <= 4629054))

table 7 : explain SELECT c FROM sbtest7 WHERE id BETWEEN 5040089 AND 5041088
	Bitmap Heap Scan on sbtest7  (cost=21.91..3573.97 rows=924 width=121)
	  Recheck Cond: ((id >= 5040089) AND (id <= 5041088))
	  ->  Bitmap Index Scan on sbtest7_pkey  (cost=0.00..21.68 rows=924 width=0)
	        Index Cond: ((id >= 5040089) AND (id <= 5041088))

table 8 : explain SELECT c FROM sbtest8 WHERE id BETWEEN 276602 AND 277601
	Bitmap Heap Scan on sbtest8  (cost=22.63..3842.81 rows=995 width=121)
	  Recheck Cond: ((id >= 276602) AND (id <= 277601))
	  ->  Bitmap Index Scan on sbtest8_pkey  (cost=0.00..22.39 rows=995 width=0)
	        Index Cond: ((id >= 276602) AND (id <= 277601))

explain: for point_selects :: explain SELECT c FROM sbtest%u WHERE id=%u
for point_selects
table 1 : explain SELECT c FROM sbtest1 WHERE id=589841
	Index Scan using sbtest1_pkey on sbtest1  (cost=0.43..8.45 rows=1 width=121)
	  Index Cond: (id = 589841)

table 2 : explain SELECT c FROM sbtest2 WHERE id=6000126
	Index Scan using sbtest2_pkey on sbtest2  (cost=0.43..8.45 rows=1 width=121)
	  Index Cond: (id = 6000126)

table 3 : explain SELECT c FROM sbtest3 WHERE id=5308044
	Index Scan using sbtest3_pkey on sbtest3  (cost=0.43..8.45 rows=1 width=121)
	  Index Cond: (id = 5308044)

table 4 : explain SELECT c FROM sbtest4 WHERE id=2348132
	Index Scan using sbtest4_pkey on sbtest4  (cost=0.43..8.45 rows=1 width=121)
	  Index Cond: (id = 2348132)

table 5 : explain SELECT c FROM sbtest5 WHERE id=7366711
	Index Scan using sbtest5_pkey on sbtest5  (cost=0.43..8.45 rows=1 width=121)
	  Index Cond: (id = 7366711)

table 6 : explain SELECT c FROM sbtest6 WHERE id=9749228
	Index Scan using sbtest6_pkey on sbtest6  (cost=0.43..8.45 rows=1 width=121)
	  Index Cond: (id = 9749228)

table 7 : explain SELECT c FROM sbtest7 WHERE id=3464044
	Index Scan using sbtest7_pkey on sbtest7  (cost=0.43..8.45 rows=1 width=121)
	  Index Cond: (id = 3464044)

table 8 : explain SELECT c FROM sbtest8 WHERE id=5613165
	Index Scan using sbtest8_pkey on sbtest8  (cost=0.43..8.45 rows=1 width=121)
	  Index Cond: (id = 5613165)

explain: for point_selects :: explain SELECT c FROM sbtest%u WHERE id=%u
for: simple_ranges
table 1 : explain SELECT c FROM sbtest1 WHERE id BETWEEN 1837181 AND 1838180
	Bitmap Heap Scan on sbtest1  (cost=21.84..3550.01 rows=918 width=121)
	  Recheck Cond: ((id >= 1837181) AND (id <= 1838180))
	  ->  Bitmap Index Scan on sbtest1_pkey  (cost=0.00..21.61 rows=918 width=0)
	        Index Cond: ((id >= 1837181) AND (id <= 1838180))

table 2 : explain SELECT c FROM sbtest2 WHERE id BETWEEN 8894693 AND 8895692
	Bitmap Heap Scan on sbtest2  (cost=22.49..3787.61 rows=981 width=121)
	  Recheck Cond: ((id >= 8894693) AND (id <= 8895692))
	  ->  Bitmap Index Scan on sbtest2_pkey  (cost=0.00..22.25 rows=981 width=0)
	        Index Cond: ((id >= 8894693) AND (id <= 8895692))

table 3 : explain SELECT c FROM sbtest3 WHERE id BETWEEN 5699863 AND 5700862
	Bitmap Heap Scan on sbtest3  (cost=23.21..4051.28 rows=1051 width=121)
	  Recheck Cond: ((id >= 5699863) AND (id <= 5700862))
	  ->  Bitmap Index Scan on sbtest3_pkey  (cost=0.00..22.94 rows=1051 width=0)
	        Index Cond: ((id >= 5699863) AND (id <= 5700862))

table 4 : explain SELECT c FROM sbtest4 WHERE id BETWEEN 73260 AND 74259
	Bitmap Heap Scan on sbtest4  (cost=22.26..3705.33 rows=959 width=121)
	  Recheck Cond: ((id >= 73260) AND (id <= 74259))
	  ->  Bitmap Index Scan on sbtest4_pkey  (cost=0.00..22.02 rows=959 width=0)
	        Index Cond: ((id >= 73260) AND (id <= 74259))

table 5 : explain SELECT c FROM sbtest5 WHERE id BETWEEN 6731770 AND 6732769
	Bitmap Heap Scan on sbtest5  (cost=21.62..3467.69 rows=896 width=121)
	  Recheck Cond: ((id >= 6731770) AND (id <= 6732769))
	  ->  Bitmap Index Scan on sbtest5_pkey  (cost=0.00..21.39 rows=896 width=0)
	        Index Cond: ((id >= 6731770) AND (id <= 6732769))

table 6 : explain SELECT c FROM sbtest6 WHERE id BETWEEN 6100433 AND 6101432
	Bitmap Heap Scan on sbtest6  (cost=22.30..3717.72 rows=962 width=121)
	  Recheck Cond: ((id >= 6100433) AND (id <= 6101432))
	  ->  Bitmap Index Scan on sbtest6_pkey  (cost=0.00..22.05 rows=962 width=0)
	        Index Cond: ((id >= 6100433) AND (id <= 6101432))

table 7 : explain SELECT c FROM sbtest7 WHERE id BETWEEN 3600918 AND 3601917
	Bitmap Heap Scan on sbtest7  (cost=23.57..4183.84 rows=1086 width=121)
	  Recheck Cond: ((id >= 3600918) AND (id <= 3601917))
	  ->  Bitmap Index Scan on sbtest7_pkey  (cost=0.00..23.29 rows=1086 width=0)
	        Index Cond: ((id >= 3600918) AND (id <= 3601917))

table 8 : explain SELECT c FROM sbtest8 WHERE id BETWEEN 3977841 AND 3978840
	Bitmap Heap Scan on sbtest8  (cost=22.10..3646.72 rows=943 width=121)
	  Recheck Cond: ((id >= 3977841) AND (id <= 3978840))
	  ->  Bitmap Index Scan on sbtest8_pkey  (cost=0.00..21.86 rows=943 width=0)
	        Index Cond: ((id >= 3977841) AND (id <= 3978840))

for point_selects
table 1 : explain SELECT c FROM sbtest1 WHERE id=2569198
	Index Scan using sbtest1_pkey on sbtest1  (cost=0.43..8.45 rows=1 width=121)
	  Index Cond: (id = 2569198)

table 2 : explain SELECT c FROM sbtest2 WHERE id=7163570
	Index Scan using sbtest2_pkey on sbtest2  (cost=0.43..8.45 rows=1 width=121)
	  Index Cond: (id = 7163570)

table 3 : explain SELECT c FROM sbtest3 WHERE id=7943148
	Index Scan using sbtest3_pkey on sbtest3  (cost=0.43..8.45 rows=1 width=121)
	  Index Cond: (id = 7943148)

table 4 : explain SELECT c FROM sbtest4 WHERE id=8076642
	Index Scan using sbtest4_pkey on sbtest4  (cost=0.43..8.45 rows=1 width=121)
	  Index Cond: (id = 8076642)

table 5 : explain SELECT c FROM sbtest5 WHERE id=572461
	Index Scan using sbtest5_pkey on sbtest5  (cost=0.43..8.45 rows=1 width=121)
	  Index Cond: (id = 572461)

table 6 : explain SELECT c FROM sbtest6 WHERE id=982371
	Index Scan using sbtest6_pkey on sbtest6  (cost=0.43..8.45 rows=1 width=121)
	  Index Cond: (id = 982371)

table 7 : explain SELECT c FROM sbtest7 WHERE id=1743772
	Index Scan using sbtest7_pkey on sbtest7  (cost=0.43..8.45 rows=1 width=121)
	  Index Cond: (id = 1743772)

table 8 : explain SELECT c FROM sbtest8 WHERE id=6756497
	Index Scan using sbtest8_pkey on sbtest8  (cost=0.43..8.45 rows=1 width=121)
	  Index Cond: (id = 6756497)

for point_selects
table 1 : explain SELECT c FROM sbtest1 WHERE id=3372932
	Index Scan using sbtest1_pkey on sbtest1  (cost=0.43..8.45 rows=1 width=121)
	  Index Cond: (id = 3372932)

table 2 : explain SELECT c FROM sbtest2 WHERE id=9578246
	Index Scan using sbtest2_pkey on sbtest2  (cost=0.43..8.45 rows=1 width=121)
	  Index Cond: (id = 9578246)

table 3 : explain SELECT c FROM sbtest3 WHERE id=6294723
	Index Scan using sbtest3_pkey on sbtest3  (cost=0.43..8.45 rows=1 width=121)
	  Index Cond: (id = 6294723)

table 4 : explain SELECT c FROM sbtest4 WHERE id=5146563
	Index Scan using sbtest4_pkey on sbtest4  (cost=0.43..8.45 rows=1 width=121)
	  Index Cond: (id = 5146563)

table 5 : explain SELECT c FROM sbtest5 WHERE id=2160175
	Index Scan using sbtest5_pkey on sbtest5  (cost=0.43..8.45 rows=1 width=121)
	  Index Cond: (id = 2160175)

table 6 : explain SELECT c FROM sbtest6 WHERE id=5223531
	Index Scan using sbtest6_pkey on sbtest6  (cost=0.43..8.45 rows=1 width=121)
	  Index Cond: (id = 5223531)

table 7 : explain SELECT c FROM sbtest7 WHERE id=1240363
	Index Scan using sbtest7_pkey on sbtest7  (cost=0.43..8.45 rows=1 width=121)
	  Index Cond: (id = 1240363)

table 8 : explain SELECT c FROM sbtest8 WHERE id=3678030
	Index Scan using sbtest8_pkey on sbtest8  (cost=0.43..8.45 rows=1 width=121)
	  Index Cond: (id = 3678030)

explain: for point_selects :: explain SELECT c FROM sbtest%u WHERE id=%u
explain: for point_selects :: explain SELECT c FROM sbtest%u WHERE id=%u
for: sum_ranges
table 1 : explain SELECT SUM(k) FROM sbtest1 WHERE id BETWEEN 2946485 AND 2947484
	Aggregate  (cost=3499.42..3499.43 rows=1 width=8)
	  ->  Bitmap Heap Scan on sbtest1  (cost=21.70..3497.16 rows=904 width=4)
	        Recheck Cond: ((id >= 2946485) AND (id <= 2947484))
	        ->  Bitmap Index Scan on sbtest1_pkey  (cost=0.00..21.47 rows=904 width=0)
	              Index Cond: ((id >= 2946485) AND (id <= 2947484))

table 2 : explain SELECT SUM(k) FROM sbtest2 WHERE id BETWEEN 5473550 AND 5474549
	Aggregate  (cost=3488.18..3488.19 rows=1 width=8)
	  ->  Bitmap Heap Scan on sbtest2  (cost=21.67..3485.93 rows=901 width=4)
	        Recheck Cond: ((id >= 5473550) AND (id <= 5474549))
	        ->  Bitmap Index Scan on sbtest2_pkey  (cost=0.00..21.44 rows=901 width=0)
	              Index Cond: ((id >= 5473550) AND (id <= 5474549))

table 3 : explain SELECT SUM(k) FROM sbtest3 WHERE id BETWEEN 3219743 AND 3220742
	Aggregate  (cost=3786.65..3786.66 rows=1 width=8)
	  ->  Bitmap Heap Scan on sbtest3  (cost=22.48..3784.20 rows=980 width=4)
	        Recheck Cond: ((id >= 3219743) AND (id <= 3220742))
	        ->  Bitmap Index Scan on sbtest3_pkey  (cost=0.00..22.23 rows=980 width=0)
	              Index Cond: ((id >= 3219743) AND (id <= 3220742))

table 4 : explain SELECT SUM(k) FROM sbtest4 WHERE id BETWEEN 6807668 AND 6808667
	Aggregate  (cost=3963.92..3963.93 rows=1 width=8)
	  ->  Bitmap Heap Scan on sbtest4  (cost=22.96..3961.35 rows=1027 width=4)
	        Recheck Cond: ((id >= 6807668) AND (id <= 6808667))
	        ->  Bitmap Index Scan on sbtest4_pkey  (cost=0.00..22.70 rows=1027 width=0)
	              Index Cond: ((id >= 6807668) AND (id <= 6808667))

table 5 : explain SELECT SUM(k) FROM sbtest5 WHERE id BETWEEN 5018298 AND 5019297
	Aggregate  (cost=3488.83..3488.84 rows=1 width=8)
	  ->  Bitmap Heap Scan on sbtest5  (cost=21.67..3486.58 rows=901 width=4)
	        Recheck Cond: ((id >= 5018298) AND (id <= 5019297))
	        ->  Bitmap Index Scan on sbtest5_pkey  (cost=0.00..21.44 rows=901 width=0)
	              Index Cond: ((id >= 5018298) AND (id <= 5019297))

table 6 : explain SELECT SUM(k) FROM sbtest6 WHERE id BETWEEN 420690 AND 421689
	Aggregate  (cost=4014.04..4014.05 rows=1 width=8)
	  ->  Bitmap Heap Scan on sbtest6  (cost=23.09..4011.44 rows=1040 width=4)
	        Recheck Cond: ((id >= 420690) AND (id <= 421689))
	        ->  Bitmap Index Scan on sbtest6_pkey  (cost=0.00..22.83 rows=1040 width=0)
	              Index Cond: ((id >= 420690) AND (id <= 421689))

table 7 : explain SELECT SUM(k) FROM sbtest7 WHERE id BETWEEN 9283998 AND 9284997
	Aggregate  (cost=4115.15..4115.16 rows=1 width=8)
	  ->  Bitmap Heap Scan on sbtest7  (cost=23.37..4112.49 rows=1067 width=4)
	        Recheck Cond: ((id >= 9283998) AND (id <= 9284997))
	        ->  Bitmap Index Scan on sbtest7_pkey  (cost=0.00..23.11 rows=1067 width=0)
	              Index Cond: ((id >= 9283998) AND (id <= 9284997))

table 8 : explain SELECT SUM(k) FROM sbtest8 WHERE id BETWEEN 4572380 AND 4573379
	Aggregate  (cost=4078.80..4078.81 rows=1 width=8)
	  ->  Bitmap Heap Scan on sbtest8  (cost=23.27..4076.16 rows=1057 width=4)
	        Recheck Cond: ((id >= 4572380) AND (id <= 4573379))
	        ->  Bitmap Index Scan on sbtest8_pkey  (cost=0.00..23.00 rows=1057 width=0)
	              Index Cond: ((id >= 4572380) AND (id <= 4573379))

for: sum_ranges
table 1 : explain SELECT SUM(k) FROM sbtest1 WHERE id BETWEEN 4781049 AND 4782048
	Aggregate  (cost=4094.73..4094.74 rows=1 width=8)
	  ->  Bitmap Heap Scan on sbtest1  (cost=23.32..4092.08 rows=1062 width=4)
	        Recheck Cond: ((id >= 4781049) AND (id <= 4782048))
	        ->  Bitmap Index Scan on sbtest1_pkey  (cost=0.00..23.05 rows=1062 width=0)
	              Index Cond: ((id >= 4781049) AND (id <= 4782048))

table 2 : explain SELECT SUM(k) FROM sbtest2 WHERE id BETWEEN 1861724 AND 1862723
	Aggregate  (cost=3563.73..3563.74 rows=1 width=8)
	  ->  Bitmap Heap Scan on sbtest2  (cost=21.88..3561.43 rows=921 width=4)
	        Recheck Cond: ((id >= 1861724) AND (id <= 1862723))
	        ->  Bitmap Index Scan on sbtest2_pkey  (cost=0.00..21.64 rows=921 width=0)
	              Index Cond: ((id >= 1861724) AND (id <= 1862723))

table 3 : explain SELECT SUM(k) FROM sbtest3 WHERE id BETWEEN 3484412 AND 3485411
	Aggregate  (cost=4106.53..4106.54 rows=1 width=8)
	  ->  Bitmap Heap Scan on sbtest3  (cost=23.35..4103.86 rows=1065 width=4)
	        Recheck Cond: ((id >= 3484412) AND (id <= 3485411))
	        ->  Bitmap Index Scan on sbtest3_pkey  (cost=0.00..23.08 rows=1065 width=0)
	              Index Cond: ((id >= 3484412) AND (id <= 3485411))

table 4 : explain SELECT SUM(k) FROM sbtest4 WHERE id BETWEEN 9723349 AND 9724348
	Aggregate  (cost=4264.83..4264.84 rows=1 width=8)
	  ->  Bitmap Heap Scan on sbtest4  (cost=27.78..4262.07 rows=1107 width=4)
	        Recheck Cond: ((id >= 9723349) AND (id <= 9724348))
	        ->  Bitmap Index Scan on sbtest4_pkey  (cost=0.00..27.50 rows=1107 width=0)
	              Index Cond: ((id >= 9723349) AND (id <= 9724348))

table 5 : explain SELECT SUM(k) FROM sbtest5 WHERE id BETWEEN 8881575 AND 8882574
	Aggregate  (cost=3802.11..3802.12 rows=1 width=8)
	  ->  Bitmap Heap Scan on sbtest5  (cost=22.52..3799.65 rows=984 width=4)
	        Recheck Cond: ((id >= 8881575) AND (id <= 8882574))
	        ->  Bitmap Index Scan on sbtest5_pkey  (cost=0.00..22.27 rows=984 width=0)
	              Index Cond: ((id >= 8881575) AND (id <= 8882574))

table 6 : explain SELECT SUM(k) FROM sbtest6 WHERE id BETWEEN 3272757 AND 3273756
	Aggregate  (cost=3629.52..3629.53 rows=1 width=8)
	  ->  Bitmap Heap Scan on sbtest6  (cost=22.05..3627.18 rows=938 width=4)
	        Recheck Cond: ((id >= 3272757) AND (id <= 3273756))
	        ->  Bitmap Index Scan on sbtest6_pkey  (cost=0.00..21.82 rows=938 width=0)
	              Index Cond: ((id >= 3272757) AND (id <= 3273756))

table 7 : explain SELECT SUM(k) FROM sbtest7 WHERE id BETWEEN 4219926 AND 4220925
	Aggregate  (cost=3749.92..3749.93 rows=1 width=8)
	  ->  Bitmap Heap Scan on sbtest7  (cost=22.38..3747.49 rows=970 width=4)
	        Recheck Cond: ((id >= 4219926) AND (id <= 4220925))
	        ->  Bitmap Index Scan on sbtest7_pkey  (cost=0.00..22.14 rows=970 width=0)
	              Index Cond: ((id >= 4219926) AND (id <= 4220925))

table 8 : explain SELECT SUM(k) FROM sbtest8 WHERE id BETWEEN 4879203 AND 4880202
	Aggregate  (cost=4056.22..4056.23 rows=1 width=8)
	  ->  Bitmap Heap Scan on sbtest8  (cost=23.21..4053.60 rows=1051 width=4)
	        Recheck Cond: ((id >= 4879203) AND (id <= 4880202))
	        ->  Bitmap Index Scan on sbtest8_pkey  (cost=0.00..22.94 rows=1051 width=0)
	              Index Cond: ((id >= 4879203) AND (id <= 4880202))

for: sum_ranges
table 1 : explain SELECT SUM(k) FROM sbtest1 WHERE id BETWEEN 4205439 AND 4206438
	Aggregate  (cost=3639.13..3639.14 rows=1 width=8)
	  ->  Bitmap Heap Scan on sbtest1  (cost=22.08..3636.77 rows=941 width=4)
	        Recheck Cond: ((id >= 4205439) AND (id <= 4206438))
	        ->  Bitmap Index Scan on sbtest1_pkey  (cost=0.00..21.84 rows=941 width=0)
	              Index Cond: ((id >= 4205439) AND (id <= 4206438))

table 2 : explain SELECT SUM(k) FROM sbtest2 WHERE id BETWEEN 1832576 AND 1833575
	Aggregate  (cost=3563.73..3563.74 rows=1 width=8)
	  ->  Bitmap Heap Scan on sbtest2  (cost=21.88..3561.43 rows=921 width=4)
	        Recheck Cond: ((id >= 1832576) AND (id <= 1833575))
	        ->  Bitmap Index Scan on sbtest2_pkey  (cost=0.00..21.64 rows=921 width=0)
	              Index Cond: ((id >= 1832576) AND (id <= 1833575))

table 3 : explain SELECT SUM(k) FROM sbtest3 WHERE id BETWEEN 8721567 AND 8722566
	Aggregate  (cost=3658.43..3658.44 rows=1 width=8)
	  ->  Bitmap Heap Scan on sbtest3  (cost=22.13..3656.06 rows=946 width=4)
	        Recheck Cond: ((id >= 8721567) AND (id <= 8722566))
	        ->  Bitmap Index Scan on sbtest3_pkey  (cost=0.00..21.89 rows=946 width=0)
	              Index Cond: ((id >= 8721567) AND (id <= 8722566))

table 4 : explain SELECT SUM(k) FROM sbtest4 WHERE id BETWEEN 5594972 AND 5595971
	Aggregate  (cost=4381.12..4381.13 rows=1 width=8)
	  ->  Bitmap Heap Scan on sbtest4  (cost=28.10..4378.27 rows=1138 width=4)
	        Recheck Cond: ((id >= 5594972) AND (id <= 5595971))
	        ->  Bitmap Index Scan on sbtest4_pkey  (cost=0.00..27.82 rows=1138 width=0)
	              Index Cond: ((id >= 5594972) AND (id <= 5595971))

table 5 : explain SELECT SUM(k) FROM sbtest5 WHERE id BETWEEN 6275062 AND 6276061
	Aggregate  (cost=3722.94..3722.95 rows=1 width=8)
	  ->  Bitmap Heap Scan on sbtest5  (cost=22.31..3720.53 rows=963 width=4)
	        Recheck Cond: ((id >= 6275062) AND (id <= 6276061))
	        ->  Bitmap Index Scan on sbtest5_pkey  (cost=0.00..22.07 rows=963 width=0)
	              Index Cond: ((id >= 6275062) AND (id <= 6276061))

table 6 : explain SELECT SUM(k) FROM sbtest6 WHERE id BETWEEN 3372774 AND 3373773
	Aggregate  (cost=4089.28..4089.29 rows=1 width=8)
	  ->  Bitmap Heap Scan on sbtest6  (cost=23.30..4086.63 rows=1060 width=4)
	        Recheck Cond: ((id >= 3372774) AND (id <= 3373773))
	        ->  Bitmap Index Scan on sbtest6_pkey  (cost=0.00..23.04 rows=1060 width=0)
	              Index Cond: ((id >= 3372774) AND (id <= 3373773))

table 7 : explain SELECT SUM(k) FROM sbtest7 WHERE id BETWEEN 296938 AND 297937
	Aggregate  (cost=4021.14..4021.15 rows=1 width=8)
	  ->  Bitmap Heap Scan on sbtest7  (cost=23.12..4018.53 rows=1042 width=4)
	        Recheck Cond: ((id >= 296938) AND (id <= 297937))
	        ->  Bitmap Index Scan on sbtest7_pkey  (cost=0.00..22.86 rows=1042 width=0)
	              Index Cond: ((id >= 296938) AND (id <= 297937))

table 8 : explain SELECT SUM(k) FROM sbtest8 WHERE id BETWEEN 9003892 AND 9004891
	Aggregate  (cost=3867.92..3867.93 rows=1 width=8)
	  ->  Bitmap Heap Scan on sbtest8  (cost=22.70..3865.42 rows=1001 width=4)
	        Recheck Cond: ((id >= 9003892) AND (id <= 9004891))
	        ->  Bitmap Index Scan on sbtest8_pkey  (cost=0.00..22.44 rows=1001 width=0)
	              Index Cond: ((id >= 9003892) AND (id <= 9004891))

explain: for point_selects :: explain SELECT c FROM sbtest%u WHERE id=%u
for: simple_ranges
table 1 : explain SELECT c FROM sbtest1 WHERE id BETWEEN 8622941 AND 8623940
	Bitmap Heap Scan on sbtest1  (cost=22.33..3727.24 rows=965 width=121)
	  Recheck Cond: ((id >= 8622941) AND (id <= 8623940))
	  ->  Bitmap Index Scan on sbtest1_pkey  (cost=0.00..22.08 rows=965 width=0)
	        Index Cond: ((id >= 8622941) AND (id <= 8623940))

table 2 : explain SELECT c FROM sbtest2 WHERE id BETWEEN 5087424 AND 5088423
	Bitmap Heap Scan on sbtest2  (cost=23.13..4020.83 rows=1043 width=121)
	  Recheck Cond: ((id >= 5087424) AND (id <= 5088423))
	  ->  Bitmap Index Scan on sbtest2_pkey  (cost=0.00..22.86 rows=1043 width=0)
	        Index Cond: ((id >= 5087424) AND (id <= 5088423))

table 3 : explain SELECT c FROM sbtest3 WHERE id BETWEEN 5924304 AND 5925303
	Bitmap Heap Scan on sbtest3  (cost=22.61..3833.15 rows=993 width=121)
	  Recheck Cond: ((id >= 5924304) AND (id <= 5925303))
	  ->  Bitmap Index Scan on sbtest3_pkey  (cost=0.00..22.36 rows=993 width=0)
	        Index Cond: ((id >= 5924304) AND (id <= 5925303))

table 4 : explain SELECT c FROM sbtest4 WHERE id BETWEEN 8421596 AND 8422595
	Bitmap Heap Scan on sbtest4  (cost=22.19..3678.94 rows=952 width=121)
	  Recheck Cond: ((id >= 8421596) AND (id <= 8422595))
	  ->  Bitmap Index Scan on sbtest4_pkey  (cost=0.00..21.95 rows=952 width=0)
	        Index Cond: ((id >= 8421596) AND (id <= 8422595))

table 5 : explain SELECT c FROM sbtest5 WHERE id BETWEEN 3530392 AND 3531391
	Bitmap Heap Scan on sbtest5  (cost=22.67..3856.13 rows=999 width=121)
	  Recheck Cond: ((id >= 3530392) AND (id <= 3531391))
	  ->  Bitmap Index Scan on sbtest5_pkey  (cost=0.00..22.43 rows=999 width=0)
	        Index Cond: ((id >= 3530392) AND (id <= 3531391))

table 6 : explain SELECT c FROM sbtest6 WHERE id BETWEEN 1387130 AND 1388129
	Bitmap Heap Scan on sbtest6  (cost=21.94..3585.66 rows=927 width=121)
	  Recheck Cond: ((id >= 1387130) AND (id <= 1388129))
	  ->  Bitmap Index Scan on sbtest6_pkey  (cost=0.00..21.70 rows=927 width=0)
	        Index Cond: ((id >= 1387130) AND (id <= 1388129))

table 7 : explain SELECT c FROM sbtest7 WHERE id BETWEEN 9052402 AND 9053401
	Bitmap Heap Scan on sbtest7  (cost=22.82..3909.44 rows=1013 width=121)
	  Recheck Cond: ((id >= 9052402) AND (id <= 9053401))
	  ->  Bitmap Index Scan on sbtest7_pkey  (cost=0.00..22.57 rows=1013 width=0)
	        Index Cond: ((id >= 9052402) AND (id <= 9053401))

table 8 : explain SELECT c FROM sbtest8 WHERE id BETWEEN 9093761 AND 9094760
	Bitmap Heap Scan on sbtest8  (cost=22.52..3801.36 rows=984 width=121)
	  Recheck Cond: ((id >= 9093761) AND (id <= 9094760))
	  ->  Bitmap Index Scan on sbtest8_pkey  (cost=0.00..22.27 rows=984 width=0)
	        Index Cond: ((id >= 9093761) AND (id <= 9094760))

for point_selects
table 1 : explain SELECT c FROM sbtest1 WHERE id=1709013
	Index Scan using sbtest1_pkey on sbtest1  (cost=0.43..8.45 rows=1 width=121)
	  Index Cond: (id = 1709013)

table 2 : explain SELECT c FROM sbtest2 WHERE id=8750628
	Index Scan using sbtest2_pkey on sbtest2  (cost=0.43..8.45 rows=1 width=121)
	  Index Cond: (id = 8750628)

table 3 : explain SELECT c FROM sbtest3 WHERE id=9744643
	Index Scan using sbtest3_pkey on sbtest3  (cost=0.43..8.45 rows=1 width=121)
	  Index Cond: (id = 9744643)

table 4 : explain SELECT c FROM sbtest4 WHERE id=4832104
	Index Scan using sbtest4_pkey on sbtest4  (cost=0.43..8.45 rows=1 width=121)
	  Index Cond: (id = 4832104)

table 5 : explain SELECT c FROM sbtest5 WHERE id=3172797
	Index Scan using sbtest5_pkey on sbtest5  (cost=0.43..8.45 rows=1 width=121)
	  Index Cond: (id = 3172797)

table 6 : explain SELECT c FROM sbtest6 WHERE id=9017422
	Index Scan using sbtest6_pkey on sbtest6  (cost=0.43..8.45 rows=1 width=121)
	  Index Cond: (id = 9017422)

table 7 : explain SELECT c FROM sbtest7 WHERE id=4987623
	Index Scan using sbtest7_pkey on sbtest7  (cost=0.43..8.45 rows=1 width=121)
	  Index Cond: (id = 4987623)

table 8 : explain SELECT c FROM sbtest8 WHERE id=9757417
	Index Scan using sbtest8_pkey on sbtest8  (cost=0.43..8.45 rows=1 width=121)
	  Index Cond: (id = 9757417)
for: sum_ranges
table 1 : explain SELECT SUM(k) FROM sbtest1 WHERE id BETWEEN 6947062 AND 6948061
	Aggregate  (cost=3966.90..3966.91 rows=1 width=8)
	  ->  Bitmap Heap Scan on sbtest1  (cost=22.97..3964.33 rows=1028 width=4)
	        Recheck Cond: ((id >= 6947062) AND (id <= 6948061))
	        ->  Bitmap Index Scan on sbtest1_pkey  (cost=0.00..22.71 rows=1028 width=0)
	              Index Cond: ((id >= 6947062) AND (id <= 6948061))

table 2 : explain SELECT SUM(k) FROM sbtest2 WHERE id BETWEEN 9539167 AND 9540166
	Aggregate  (cost=3989.59..3989.60 rows=1 width=8)
	  ->  Bitmap Heap Scan on sbtest2  (cost=23.03..3987.01 rows=1034 width=4)
	        Recheck Cond: ((id >= 9539167) AND (id <= 9540166))
	        ->  Bitmap Index Scan on sbtest2_pkey  (cost=0.00..22.77 rows=1034 width=0)
	              Index Cond: ((id >= 9539167) AND (id <= 9540166))

table 3 : explain SELECT SUM(k) FROM sbtest3 WHERE id BETWEEN 7949879 AND 7950878
	Aggregate  (cost=3786.65..3786.66 rows=1 width=8)
	  ->  Bitmap Heap Scan on sbtest3  (cost=22.48..3784.20 rows=980 width=4)
	        Recheck Cond: ((id >= 7949879) AND (id <= 7950878))
	        ->  Bitmap Index Scan on sbtest3_pkey  (cost=0.00..22.23 rows=980 width=0)
	              Index Cond: ((id >= 7949879) AND (id <= 7950878))

table 4 : explain SELECT SUM(k) FROM sbtest4 WHERE id BETWEEN 4121846 AND 4122845
	Aggregate  (cost=4091.79..4091.80 rows=1 width=8)
	  ->  Bitmap Heap Scan on sbtest4  (cost=23.31..4089.14 rows=1061 width=4)
	        Recheck Cond: ((id >= 4121846) AND (id <= 4122845))
	        ->  Bitmap Index Scan on sbtest4_pkey  (cost=0.00..23.04 rows=1061 width=0)
	              Index Cond: ((id >= 4121846) AND (id <= 4122845))

table 5 : explain SELECT SUM(k) FROM sbtest5 WHERE id BETWEEN 3809280 AND 3810279
	Aggregate  (cost=3881.23..3881.24 rows=1 width=8)
	  ->  Bitmap Heap Scan on sbtest5  (cost=22.74..3878.72 rows=1005 width=4)
	        Recheck Cond: ((id >= 3809280) AND (id <= 3810279))
	        ->  Bitmap Index Scan on sbtest5_pkey  (cost=0.00..22.48 rows=1005 width=0)
	              Index Cond: ((id >= 3809280) AND (id <= 3810279))

table 6 : explain SELECT SUM(k) FROM sbtest6 WHERE id BETWEEN 3532290 AND 3533289
	Aggregate  (cost=4059.19..4059.20 rows=1 width=8)
	  ->  Bitmap Heap Scan on sbtest6  (cost=23.22..4056.56 rows=1052 width=4)
	        Recheck Cond: ((id >= 3532290) AND (id <= 3533289))
	        ->  Bitmap Index Scan on sbtest6_pkey  (cost=0.00..22.95 rows=1052 width=0)
	              Index Cond: ((id >= 3532290) AND (id <= 3533289))

table 7 : explain SELECT SUM(k) FROM sbtest7 WHERE id BETWEEN 4336587 AND 4337586
	Aggregate  (cost=3481.79..3481.80 rows=1 width=8)
	  ->  Bitmap Heap Scan on sbtest7  (cost=21.65..3479.54 rows=899 width=4)
	        Recheck Cond: ((id >= 4336587) AND (id <= 4337586))
	        ->  Bitmap Index Scan on sbtest7_pkey  (cost=0.00..21.43 rows=899 width=0)
	              Index Cond: ((id >= 4336587) AND (id <= 4337586))

table 8 : explain SELECT SUM(k) FROM sbtest8 WHERE id BETWEEN 5737348 AND 5738347
	Aggregate  (cost=3596.19..3596.20 rows=1 width=8)
	  ->  Bitmap Heap Scan on sbtest8  (cost=21.96..3593.87 rows=929 width=4)
	        Recheck Cond: ((id >= 5737348) AND (id <= 5738347))
	        ->  Bitmap Index Scan on sbtest8_pkey  (cost=0.00..21.72 rows=929 width=0)
	              Index Cond: ((id >= 5737348) AND (id <= 5738347))


for point_selects
table 1 : explain SELECT c FROM sbtest1 WHERE id=2773337
	Index Scan using sbtest1_pkey on sbtest1  (cost=0.43..8.45 rows=1 width=121)
	  Index Cond: (id = 2773337)

table 2 : explain SELECT c FROM sbtest2 WHERE id=510876
	Index Scan using sbtest2_pkey on sbtest2  (cost=0.43..8.45 rows=1 width=121)
	  Index Cond: (id = 510876)

table 3 : explain SELECT c FROM sbtest3 WHERE id=5422038
	Index Scan using sbtest3_pkey on sbtest3  (cost=0.43..8.45 rows=1 width=121)
	  Index Cond: (id = 5422038)

table 4 : explain SELECT c FROM sbtest4 WHERE id=6921264
	Index Scan using sbtest4_pkey on sbtest4  (cost=0.43..8.45 rows=1 width=121)
	  Index Cond: (id = 6921264)

table 5 : explain SELECT c FROM sbtest5 WHERE id=9136831
	Index Scan using sbtest5_pkey on sbtest5  (cost=0.43..8.45 rows=1 width=121)
	  Index Cond: (id = 9136831)

table 6 : explain SELECT c FROM sbtest6 WHERE id=3719481
	Index Scan using sbtest6_pkey on sbtest6  (cost=0.43..8.45 rows=1 width=121)
	  Index Cond: (id = 3719481)

table 7 : explain SELECT c FROM sbtest7 WHERE id=8034290
	Index Scan using sbtest7_pkey on sbtest7  (cost=0.43..8.45 rows=1 width=121)
	  Index Cond: (id = 8034290)

table 8 : explain SELECT c FROM sbtest8 WHERE id=5741295
	Index Scan using sbtest8_pkey on sbtest8  (cost=0.43..8.45 rows=1 width=121)
	  Index Cond: (id = 5741295)

for: order_ranges
table 1 : explain SELECT c FROM sbtest1 WHERE id BETWEEN 7106534 AND 7107533 ORDER BY c
	Sort  (cost=3564.54..3566.81 rows=910 width=121)
	  Sort Key: c
	  ->  Bitmap Heap Scan on sbtest1  (cost=21.76..3519.81 rows=910 width=121)
	        Recheck Cond: ((id >= 7106534) AND (id <= 7107533))
	        ->  Bitmap Index Scan on sbtest1_pkey  (cost=0.00..21.54 rows=910 width=0)
	              Index Cond: ((id >= 7106534) AND (id <= 7107533))

table 2 : explain SELECT c FROM sbtest2 WHERE id BETWEEN 5926152 AND 5927151 ORDER BY c
	Sort  (cost=4496.12..4499.01 rows=1154 width=121)
	  Sort Key: c
	  ->  Bitmap Heap Scan on sbtest2  (cost=28.26..4437.43 rows=1154 width=121)
	        Recheck Cond: ((id >= 5926152) AND (id <= 5927151))
	        ->  Bitmap Index Scan on sbtest2_pkey  (cost=0.00..27.97 rows=1154 width=0)
	              Index Cond: ((id >= 5926152) AND (id <= 5927151))

table 3 : explain SELECT c FROM sbtest3 WHERE id BETWEEN 1984879 AND 1985878 ORDER BY c
	Sort  (cost=4157.42..4160.08 rows=1065 width=121)
	  Sort Key: c
	  ->  Bitmap Heap Scan on sbtest3  (cost=23.35..4103.86 rows=1065 width=121)
	        Recheck Cond: ((id >= 1984879) AND (id <= 1985878))
	        ->  Bitmap Index Scan on sbtest3_pkey  (cost=0.00..23.08 rows=1065 width=0)
	              Index Cond: ((id >= 1984879) AND (id <= 1985878))

table 4 : explain SELECT c FROM sbtest4 WHERE id BETWEEN 4689526 AND 4690525 ORDER BY c
	Sort  (cost=3955.44..3957.97 rows=1012 width=121)
	  Sort Key: c
	  ->  Bitmap Heap Scan on sbtest4  (cost=22.81..3904.93 rows=1012 width=121)
	        Recheck Cond: ((id >= 4689526) AND (id <= 4690525))
	        ->  Bitmap Index Scan on sbtest4_pkey  (cost=0.00..22.55 rows=1012 width=0)
	              Index Cond: ((id >= 4689526) AND (id <= 4690525))

table 5 : explain SELECT c FROM sbtest5 WHERE id BETWEEN 2591094 AND 2592093 ORDER BY c
	Sort  (cost=3749.12..3751.52 rows=958 width=121)
	  Sort Key: c
	  ->  Bitmap Heap Scan on sbtest5  (cost=22.25..3701.68 rows=958 width=121)
	        Recheck Cond: ((id >= 2591094) AND (id <= 2592093))
	        ->  Bitmap Index Scan on sbtest5_pkey  (cost=0.00..22.01 rows=958 width=0)
	              Index Cond: ((id >= 2591094) AND (id <= 2592093))

table 6 : explain SELECT c FROM sbtest6 WHERE id BETWEEN 981434 AND 982433 ORDER BY c
	Sort  (cost=3593.01..3595.31 rows=917 width=121)
	  Sort Key: c
	  ->  Bitmap Heap Scan on sbtest6  (cost=21.83..3547.89 rows=917 width=121)
	        Recheck Cond: ((id >= 981434) AND (id <= 982433))
	        ->  Bitmap Index Scan on sbtest6_pkey  (cost=0.00..21.61 rows=917 width=0)
	              Index Cond: ((id >= 981434) AND (id <= 982433))

table 7 : explain SELECT c FROM sbtest7 WHERE id BETWEEN 4041787 AND 4042786 ORDER BY c
	Sort  (cost=3810.91..3813.35 rows=974 width=121)
	  Sort Key: c
	  ->  Bitmap Heap Scan on sbtest7  (cost=22.42..3762.57 rows=974 width=121)
	        Recheck Cond: ((id >= 4041787) AND (id <= 4042786))
	        ->  Bitmap Index Scan on sbtest7_pkey  (cost=0.00..22.18 rows=974 width=0)
	              Index Cond: ((id >= 4041787) AND (id <= 4042786))

table 8 : explain SELECT c FROM sbtest8 WHERE id BETWEEN 9340703 AND 9341702 ORDER BY c
	Sort  (cost=3689.48..3691.83 rows=942 width=121)
	  Sort Key: c
	  ->  Bitmap Heap Scan on sbtest8  (cost=22.09..3642.95 rows=942 width=121)
	        Recheck Cond: ((id >= 9340703) AND (id <= 9341702))
	        ->  Bitmap Index Scan on sbtest8_pkey  (cost=0.00..21.86 rows=942 width=0)
	              Index Cond: ((id >= 9340703) AND (id <= 9341702))

for: order_ranges
table 1 : explain SELECT c FROM sbtest1 WHERE id BETWEEN 4909308 AND 4910307 ORDER BY c
	Sort  (cost=4343.82..4346.60 rows=1114 width=121)
	  Sort Key: c
	  ->  Bitmap Heap Scan on sbtest1  (cost=27.85..4287.44 rows=1114 width=121)
	        Recheck Cond: ((id >= 4909308) AND (id <= 4910307))
	        ->  Bitmap Index Scan on sbtest1_pkey  (cost=0.00..27.57 rows=1114 width=0)
	              Index Cond: ((id >= 4909308) AND (id <= 4910307))

table 2 : explain SELECT c FROM sbtest2 WHERE id BETWEEN 2752434 AND 2753433 ORDER BY c
	Sort  (cost=4248.56..4251.29 rows=1090 width=121)
	  Sort Key: c
	  ->  Bitmap Heap Scan on sbtest2  (cost=23.61..4193.57 rows=1090 width=121)
	        Recheck Cond: ((id >= 2752434) AND (id <= 2753433))
	        ->  Bitmap Index Scan on sbtest2_pkey  (cost=0.00..23.33 rows=1090 width=0)
	              Index Cond: ((id >= 2752434) AND (id <= 2753433))

table 3 : explain SELECT c FROM sbtest3 WHERE id BETWEEN 3904267 AND 3905266 ORDER BY c
	Sort  (cost=4294.88..4297.63 rows=1101 width=121)
	  Sort Key: c
	  ->  Bitmap Heap Scan on sbtest3  (cost=27.72..4239.25 rows=1101 width=121)
	        Recheck Cond: ((id >= 3904267) AND (id <= 3905266))
	        ->  Bitmap Index Scan on sbtest3_pkey  (cost=0.00..27.44 rows=1101 width=0)
	              Index Cond: ((id >= 3904267) AND (id <= 3905266))

table 4 : explain SELECT c FROM sbtest4 WHERE id BETWEEN 2854387 AND 2855386 ORDER BY c
	Sort  (cost=3886.67..3889.15 rows=994 width=121)
	  Sort Key: c
	  ->  Bitmap Heap Scan on sbtest4  (cost=22.62..3837.18 rows=994 width=121)
	        Recheck Cond: ((id >= 2854387) AND (id <= 2855386))
	        ->  Bitmap Index Scan on sbtest4_pkey  (cost=0.00..22.37 rows=994 width=0)
	              Index Cond: ((id >= 2854387) AND (id <= 2855386))

table 5 : explain SELECT c FROM sbtest5 WHERE id BETWEEN 6453234 AND 6454233 ORDER BY c
	Sort  (cost=3526.97..3529.22 rows=900 width=121)
	  Sort Key: c
	  ->  Bitmap Heap Scan on sbtest5  (cost=21.66..3482.80 rows=900 width=121)
	        Recheck Cond: ((id >= 6453234) AND (id <= 6454233))
	        ->  Bitmap Index Scan on sbtest5_pkey  (cost=0.00..21.43 rows=900 width=0)
	              Index Cond: ((id >= 6453234) AND (id <= 6454233))

table 6 : explain SELECT c FROM sbtest6 WHERE id BETWEEN 7071939 AND 7072938 ORDER BY c
	Sort  (cost=4002.46..4005.02 rows=1024 width=121)
	  Sort Key: c
	  ->  Bitmap Heap Scan on sbtest6  (cost=22.93..3951.26 rows=1024 width=121)
	        Recheck Cond: ((id >= 7071939) AND (id <= 7072938))
	        ->  Bitmap Index Scan on sbtest6_pkey  (cost=0.00..22.68 rows=1024 width=0)
	              Index Cond: ((id >= 7071939) AND (id <= 7072938))

table 7 : explain SELECT c FROM sbtest7 WHERE id BETWEEN 1671295 AND 1672294 ORDER BY c
	Sort  (cost=3546.66..3548.92 rows=905 width=121)
	  Sort Key: c
	  ->  Bitmap Heap Scan on sbtest7  (cost=21.71..3502.21 rows=905 width=121)
	        Recheck Cond: ((id >= 1671295) AND (id <= 1672294))
	        ->  Bitmap Index Scan on sbtest7_pkey  (cost=0.00..21.48 rows=905 width=0)
	              Index Cond: ((id >= 1671295) AND (id <= 1672294))

table 8 : explain SELECT c FROM sbtest8 WHERE id BETWEEN 9050011 AND 9051010 ORDER BY c
	Sort  (cost=3915.30..3917.80 rows=1001 width=121)
	  Sort Key: c
	  ->  Bitmap Heap Scan on sbtest8  (cost=22.70..3865.42 rows=1001 width=121)
	        Recheck Cond: ((id >= 9050011) AND (id <= 9051010))
	        ->  Bitmap Index Scan on sbtest8_pkey  (cost=0.00..22.44 rows=1001 width=0)
	              Index Cond: ((id >= 9050011) AND (id <= 9051010))

for point_selects
table 1 : explain SELECT c FROM sbtest1 WHERE id=8390641
	Index Scan using sbtest1_pkey on sbtest1  (cost=0.43..8.45 rows=1 width=121)
	  Index Cond: (id = 8390641)

table 2 : explain SELECT c FROM sbtest2 WHERE id=2425435
	Index Scan using sbtest2_pkey on sbtest2  (cost=0.43..8.45 rows=1 width=121)
	  Index Cond: (id = 2425435)

table 3 : explain SELECT c FROM sbtest3 WHERE id=5961753
	Index Scan using sbtest3_pkey on sbtest3  (cost=0.43..8.45 rows=1 width=121)
	  Index Cond: (id = 5961753)

table 4 : explain SELECT c FROM sbtest4 WHERE id=8692524
	Index Scan using sbtest4_pkey on sbtest4  (cost=0.43..8.45 rows=1 width=121)
	  Index Cond: (id = 8692524)

table 5 : explain SELECT c FROM sbtest5 WHERE id=4067070
	Index Scan using sbtest5_pkey on sbtest5  (cost=0.43..8.45 rows=1 width=121)
	  Index Cond: (id = 4067070)

table 6 : explain SELECT c FROM sbtest6 WHERE id=5900029
	Index Scan using sbtest6_pkey on sbtest6  (cost=0.43..8.45 rows=1 width=121)
	  Index Cond: (id = 5900029)

table 7 : explain SELECT c FROM sbtest7 WHERE id=6873011
	Index Scan using sbtest7_pkey on sbtest7  (cost=0.43..8.45 rows=1 width=121)
	  Index Cond: (id = 6873011)

table 8 : explain SELECT c FROM sbtest8 WHERE id=4030943
	Index Scan using sbtest8_pkey on sbtest8  (cost=0.43..8.45 rows=1 width=121)
	  Index Cond: (id = 4030943)

for point_selects
table 1 : explain SELECT c FROM sbtest1 WHERE id=1248345
	Index Scan using sbtest1_pkey on sbtest1  (cost=0.43..8.45 rows=1 width=121)
	  Index Cond: (id = 1248345)

table 2 : explain SELECT c FROM sbtest2 WHERE id=7420130
	Index Scan using sbtest2_pkey on sbtest2  (cost=0.43..8.45 rows=1 width=121)
	  Index Cond: (id = 7420130)

table 3 : explain SELECT c FROM sbtest3 WHERE id=7165953
	Index Scan using sbtest3_pkey on sbtest3  (cost=0.43..8.45 rows=1 width=121)
	  Index Cond: (id = 7165953)

table 4 : explain SELECT c FROM sbtest4 WHERE id=4396893
	Index Scan using sbtest4_pkey on sbtest4  (cost=0.43..8.45 rows=1 width=121)
	  Index Cond: (id = 4396893)

table 5 : explain SELECT c FROM sbtest5 WHERE id=1975601
	Index Scan using sbtest5_pkey on sbtest5  (cost=0.43..8.45 rows=1 width=121)
	  Index Cond: (id = 1975601)

table 6 : explain SELECT c FROM sbtest6 WHERE id=4228732
	Index Scan using sbtest6_pkey on sbtest6  (cost=0.43..8.45 rows=1 width=121)
	  Index Cond: (id = 4228732)

table 7 : explain SELECT c FROM sbtest7 WHERE id=1586225
	Index Scan using sbtest7_pkey on sbtest7  (cost=0.43..8.45 rows=1 width=121)
	  Index Cond: (id = 1586225)

table 8 : explain SELECT c FROM sbtest8 WHERE id=7965703
	Index Scan using sbtest8_pkey on sbtest8  (cost=0.43..8.45 rows=1 width=121)
	  Index Cond: (id = 7965703)

for: sum_ranges
table 1 : explain SELECT SUM(k) FROM sbtest1 WHERE id BETWEEN 519446 AND 520445
	Aggregate  (cost=4102.25..4102.26 rows=1 width=8)
	  ->  Bitmap Heap Scan on sbtest1  (cost=23.34..4099.59 rows=1064 width=4)
	        Recheck Cond: ((id >= 519446) AND (id <= 520445))
	        ->  Bitmap Index Scan on sbtest1_pkey  (cost=0.00..23.07 rows=1064 width=0)
	              Index Cond: ((id >= 519446) AND (id <= 520445))

table 2 : explain SELECT SUM(k) FROM sbtest2 WHERE id BETWEEN 7369802 AND 7370801
	Aggregate  (cost=4053.51..4053.52 rows=1 width=8)
	  ->  Bitmap Heap Scan on sbtest2  (cost=23.21..4050.89 rows=1051 width=4)
	        Recheck Cond: ((id >= 7369802) AND (id <= 7370801))
	        ->  Bitmap Index Scan on sbtest2_pkey  (cost=0.00..22.94 rows=1051 width=0)
	              Index Cond: ((id >= 7369802) AND (id <= 7370801))

table 3 : explain SELECT SUM(k) FROM sbtest3 WHERE id BETWEEN 3817873 AND 3818872
	Aggregate  (cost=3726.33..3726.34 rows=1 width=8)
	  ->  Bitmap Heap Scan on sbtest3  (cost=22.32..3723.92 rows=964 width=4)
	        Recheck Cond: ((id >= 3817873) AND (id <= 3818872))
	        ->  Bitmap Index Scan on sbtest3_pkey  (cost=0.00..22.07 rows=964 width=0)
	              Index Cond: ((id >= 3817873) AND (id <= 3818872))

table 4 : explain SELECT SUM(k) FROM sbtest4 WHERE id BETWEEN 2696806 AND 2697805
	Aggregate  (cost=3817.06..3817.07 rows=1 width=8)
	  ->  Bitmap Heap Scan on sbtest4  (cost=22.56..3814.59 rows=988 width=4)
	        Recheck Cond: ((id >= 2696806) AND (id <= 2697805))
	        ->  Bitmap Index Scan on sbtest4_pkey  (cost=0.00..22.32 rows=988 width=0)
	              Index Cond: ((id >= 2696806) AND (id <= 2697805))

table 5 : explain SELECT SUM(k) FROM sbtest5 WHERE id BETWEEN 6900915 AND 6901914
	Aggregate  (cost=3798.34..3798.35 rows=1 width=8)
	  ->  Bitmap Heap Scan on sbtest5  (cost=22.51..3795.89 rows=983 width=4)
	        Recheck Cond: ((id >= 6900915) AND (id <= 6901914))
	        ->  Bitmap Index Scan on sbtest5_pkey  (cost=0.00..22.26 rows=983 width=0)
	              Index Cond: ((id >= 6900915) AND (id <= 6901914))

table 6 : explain SELECT SUM(k) FROM sbtest6 WHERE id BETWEEN 9339326 AND 9340325
	Aggregate  (cost=3923.69..3923.70 rows=1 width=8)
	  ->  Bitmap Heap Scan on sbtest6  (cost=22.85..3921.15 rows=1016 width=4)
	        Recheck Cond: ((id >= 9339326) AND (id <= 9340325))
	        ->  Bitmap Index Scan on sbtest6_pkey  (cost=0.00..22.59 rows=1016 width=0)
	              Index Cond: ((id >= 9339326) AND (id <= 9340325))

table 7 : explain SELECT SUM(k) FROM sbtest7 WHERE id BETWEEN 8846303 AND 8847302
	Aggregate  (cost=3900.68..3900.69 rows=1 width=8)
	  ->  Bitmap Heap Scan on sbtest7  (cost=22.79..3898.15 rows=1010 width=4)
	        Recheck Cond: ((id >= 8846303) AND (id <= 8847302))
	        ->  Bitmap Index Scan on sbtest7_pkey  (cost=0.00..22.54 rows=1010 width=0)
	              Index Cond: ((id >= 8846303) AND (id <= 8847302))

table 8 : explain SELECT SUM(k) FROM sbtest8 WHERE id BETWEEN 2162254 AND 2163253
	Aggregate  (cost=3909.37..3909.38 rows=1 width=8)
	  ->  Bitmap Heap Scan on sbtest8  (cost=22.81..3906.84 rows=1012 width=4)
	        Recheck Cond: ((id >= 2162254) AND (id <= 2163253))
	        ->  Bitmap Index Scan on sbtest8_pkey  (cost=0.00..22.55 rows=1012 width=0)
	              Index Cond: ((id >= 2162254) AND (id <= 2163253))

for point_selects
table 1 : explain SELECT c FROM sbtest1 WHERE id=9555132
	Index Scan using sbtest1_pkey on sbtest1  (cost=0.43..8.45 rows=1 width=121)
	  Index Cond: (id = 9555132)

table 2 : explain SELECT c FROM sbtest2 WHERE id=5820470
	Index Scan using sbtest2_pkey on sbtest2  (cost=0.43..8.45 rows=1 width=121)
	  Index Cond: (id = 5820470)

table 3 : explain SELECT c FROM sbtest3 WHERE id=2948818
	Index Scan using sbtest3_pkey on sbtest3  (cost=0.43..8.45 rows=1 width=121)
	  Index Cond: (id = 2948818)

table 4 : explain SELECT c FROM sbtest4 WHERE id=8111543
	Index Scan using sbtest4_pkey on sbtest4  (cost=0.43..8.45 rows=1 width=121)
	  Index Cond: (id = 8111543)

table 5 : explain SELECT c FROM sbtest5 WHERE id=647359
	Index Scan using sbtest5_pkey on sbtest5  (cost=0.43..8.45 rows=1 width=121)
	  Index Cond: (id = 647359)

table 6 : explain SELECT c FROM sbtest6 WHERE id=2417982
	Index Scan using sbtest6_pkey on sbtest6  (cost=0.43..8.45 rows=1 width=121)
	  Index Cond: (id = 2417982)

table 7 : explain SELECT c FROM sbtest7 WHERE id=860466
	Index Scan using sbtest7_pkey on sbtest7  (cost=0.43..8.45 rows=1 width=121)
	  Index Cond: (id = 860466)

table 8 : explain SELECT c FROM sbtest8 WHERE id=5139048
	Index Scan using sbtest8_pkey on sbtest8  (cost=0.43..8.45 rows=1 width=121)
	  Index Cond: (id = 5139048)
for point_selects
table 1 : explain SELECT c FROM sbtest1 WHERE id=5094046
	Index Scan using sbtest1_pkey on sbtest1  (cost=0.43..8.45 rows=1 width=121)
	  Index Cond: (id = 5094046)

table 2 : explain SELECT c FROM sbtest2 WHERE id=5284149
	Index Scan using sbtest2_pkey on sbtest2  (cost=0.43..8.45 rows=1 width=121)
	  Index Cond: (id = 5284149)

table 3 : explain SELECT c FROM sbtest3 WHERE id=3744229
	Index Scan using sbtest3_pkey on sbtest3  (cost=0.43..8.45 rows=1 width=121)
	  Index Cond: (id = 3744229)

table 4 : explain SELECT c FROM sbtest4 WHERE id=4873748
	Index Scan using sbtest4_pkey on sbtest4  (cost=0.43..8.45 rows=1 width=121)
	  Index Cond: (id = 4873748)

table 5 : explain SELECT c FROM sbtest5 WHERE id=8855702
	Index Scan using sbtest5_pkey on sbtest5  (cost=0.43..8.45 rows=1 width=121)
	  Index Cond: (id = 8855702)

table 6 : explain SELECT c FROM sbtest6 WHERE id=1691659
	Index Scan using sbtest6_pkey on sbtest6  (cost=0.43..8.45 rows=1 width=121)
	  Index Cond: (id = 1691659)

table 7 : explain SELECT c FROM sbtest7 WHERE id=8326968
	Index Scan using sbtest7_pkey on sbtest7  (cost=0.43..8.45 rows=1 width=121)
	  Index Cond: (id = 8326968)

table 8 : explain SELECT c FROM sbtest8 WHERE id=9911402
	Index Scan using sbtest8_pkey on sbtest8  (cost=0.43..8.45 rows=1 width=121)
	  Index Cond: (id = 9911402)


for point_selects
table 1 : explain SELECT c FROM sbtest1 WHERE id=1154669
	Index Scan using sbtest1_pkey on sbtest1  (cost=0.43..8.45 rows=1 width=121)
	  Index Cond: (id = 1154669)

table 2 : explain SELECT c FROM sbtest2 WHERE id=3095628
	Index Scan using sbtest2_pkey on sbtest2  (cost=0.43..8.45 rows=1 width=121)
	  Index Cond: (id = 3095628)

table 3 : explain SELECT c FROM sbtest3 WHERE id=2384648
	Index Scan using sbtest3_pkey on sbtest3  (cost=0.43..8.45 rows=1 width=121)
	  Index Cond: (id = 2384648)

table 4 : explain SELECT c FROM sbtest4 WHERE id=623824
	Index Scan using sbtest4_pkey on sbtest4  (cost=0.43..8.45 rows=1 width=121)
	  Index Cond: (id = 623824)

table 5 : explain SELECT c FROM sbtest5 WHERE id=374231
	Index Scan using sbtest5_pkey on sbtest5  (cost=0.43..8.45 rows=1 width=121)
	  Index Cond: (id = 374231)

table 6 : explain SELECT c FROM sbtest6 WHERE id=5360184
	Index Scan using sbtest6_pkey on sbtest6  (cost=0.43..8.45 rows=1 width=121)
	  Index Cond: (id = 5360184)

table 7 : explain SELECT c FROM sbtest7 WHERE id=3405124
	Index Scan using sbtest7_pkey on sbtest7  (cost=0.43..8.45 rows=1 width=121)
	  Index Cond: (id = 3405124)

table 8 : explain SELECT c FROM sbtest8 WHERE id=1503109
	Index Scan using sbtest8_pkey on sbtest8  (cost=0.43..8.45 rows=1 width=121)
	  Index Cond: (id = 1503109)

for: simple_ranges
table 1 : explain SELECT c FROM sbtest1 WHERE id BETWEEN 10037 AND 11036
	Bitmap Heap Scan on sbtest1  (cost=21.81..3538.69 rows=915 width=121)
	  Recheck Cond: ((id >= 10037) AND (id <= 11036))
	  ->  Bitmap Index Scan on sbtest1_pkey  (cost=0.00..21.58 rows=915 width=0)
	        Index Cond: ((id >= 10037) AND (id <= 11036))

table 2 : explain SELECT c FROM sbtest2 WHERE id BETWEEN 1101555 AND 1102554
	Bitmap Heap Scan on sbtest2  (cost=22.72..3870.42 rows=1003 width=121)
	  Recheck Cond: ((id >= 1101555) AND (id <= 1102554))
	  ->  Bitmap Index Scan on sbtest2_pkey  (cost=0.00..22.46 rows=1003 width=0)
	        Index Cond: ((id >= 1101555) AND (id <= 1102554))

table 3 : explain SELECT c FROM sbtest3 WHERE id BETWEEN 1441740 AND 1442739
	Bitmap Heap Scan on sbtest3  (cost=21.30..3350.18 rows=865 width=121)
	  Recheck Cond: ((id >= 1441740) AND (id <= 1442739))
	  ->  Bitmap Index Scan on sbtest3_pkey  (cost=0.00..21.08 rows=865 width=0)
	        Index Cond: ((id >= 1441740) AND (id <= 1442739))

table 4 : explain SELECT c FROM sbtest4 WHERE id BETWEEN 7529820 AND 7530819
	Bitmap Heap Scan on sbtest4  (cost=22.16..3667.63 rows=949 width=121)
	  Recheck Cond: ((id >= 7529820) AND (id <= 7530819))
	  ->  Bitmap Index Scan on sbtest4_pkey  (cost=0.00..21.93 rows=949 width=0)
	        Index Cond: ((id >= 7529820) AND (id <= 7530819))

table 5 : explain SELECT c FROM sbtest5 WHERE id BETWEEN 3643740 AND 3644739
	Bitmap Heap Scan on sbtest5  (cost=27.66..4217.20 rows=1095 width=121)
	  Recheck Cond: ((id >= 3643740) AND (id <= 3644739))
	  ->  Bitmap Index Scan on sbtest5_pkey  (cost=0.00..27.39 rows=1095 width=0)
	        Index Cond: ((id >= 3643740) AND (id <= 3644739))

table 6 : explain SELECT c FROM sbtest6 WHERE id BETWEEN 5344921 AND 5345920
	Bitmap Heap Scan on sbtest6  (cost=23.07..4003.92 rows=1038 width=121)
	  Recheck Cond: ((id >= 5344921) AND (id <= 5345920))
	  ->  Bitmap Index Scan on sbtest6_pkey  (cost=0.00..22.82 rows=1038 width=0)
	        Index Cond: ((id >= 5344921) AND (id <= 5345920))

table 7 : explain SELECT c FROM sbtest7 WHERE id BETWEEN 8416619 AND 8417618
	Bitmap Heap Scan on sbtest7  (cost=22.54..3807.78 rows=986 width=121)
	  Recheck Cond: ((id >= 8416619) AND (id <= 8417618))
	  ->  Bitmap Index Scan on sbtest7_pkey  (cost=0.00..22.29 rows=986 width=0)
	        Index Cond: ((id >= 8416619) AND (id <= 8417618))

table 8 : explain SELECT c FROM sbtest8 WHERE id BETWEEN 7005735 AND 7006734
	Bitmap Heap Scan on sbtest8  (cost=21.92..3578.76 rows=925 width=121)
	  Recheck Cond: ((id >= 7005735) AND (id <= 7006734))
	  ->  Bitmap Index Scan on sbtest8_pkey  (cost=0.00..21.68 rows=925 width=0)
	        Index Cond: ((id >= 7005735) AND (id <= 7006734))

explain: for point_selects :: explain SELECT c FROM sbtest%u WHERE id=%u
for: simple_ranges
table 1 : explain SELECT c FROM sbtest1 WHERE id BETWEEN 5393334 AND 5394333
	Bitmap Heap Scan on sbtest1  (cost=22.06..3629.23 rows=939 width=121)
	  Recheck Cond: ((id >= 5393334) AND (id <= 5394333))
	  ->  Bitmap Index Scan on sbtest1_pkey  (cost=0.00..21.82 rows=939 width=0)
	        Index Cond: ((id >= 5393334) AND (id <= 5394333))

table 2 : explain SELECT c FROM sbtest2 WHERE id BETWEEN 5413086 AND 5414085
	Bitmap Heap Scan on sbtest2  (cost=21.67..3485.93 rows=901 width=121)
	  Recheck Cond: ((id >= 5413086) AND (id <= 5414085))
	  ->  Bitmap Index Scan on sbtest2_pkey  (cost=0.00..21.44 rows=901 width=0)
	        Index Cond: ((id >= 5413086) AND (id <= 5414085))

table 3 : explain SELECT c FROM sbtest3 WHERE id BETWEEN 3718997 AND 3719996
	Bitmap Heap Scan on sbtest3  (cost=22.33..3727.69 rows=965 width=121)
	  Recheck Cond: ((id >= 3718997) AND (id <= 3719996))
	  ->  Bitmap Index Scan on sbtest3_pkey  (cost=0.00..22.08 rows=965 width=0)
	        Index Cond: ((id >= 3718997) AND (id <= 3719996))

table 4 : explain SELECT c FROM sbtest4 WHERE id BETWEEN 9198659 AND 9199658
	Bitmap Heap Scan on sbtest4  (cost=21.90..3569.54 rows=923 width=121)
	  Recheck Cond: ((id >= 9198659) AND (id <= 9199658))
	  ->  Bitmap Index Scan on sbtest4_pkey  (cost=0.00..21.66 rows=923 width=0)
	        Index Cond: ((id >= 9198659) AND (id <= 9199658))

table 5 : explain SELECT c FROM sbtest5 WHERE id BETWEEN 4488537 AND 4489536
	Bitmap Heap Scan on sbtest5  (cost=22.26..3705.45 rows=959 width=121)
	  Recheck Cond: ((id >= 4488537) AND (id <= 4489536))
	  ->  Bitmap Index Scan on sbtest5_pkey  (cost=0.00..22.02 rows=959 width=0)
	        Index Cond: ((id >= 4488537) AND (id <= 4489536))

table 6 : explain SELECT c FROM sbtest6 WHERE id BETWEEN 7738007 AND 7739006
	Bitmap Heap Scan on sbtest6  (cost=23.01..3981.35 rows=1032 width=121)
	  Recheck Cond: ((id >= 7738007) AND (id <= 7739006))
	  ->  Bitmap Index Scan on sbtest6_pkey  (cost=0.00..22.75 rows=1032 width=0)
	        Index Cond: ((id >= 7738007) AND (id <= 7739006))

table 7 : explain SELECT c FROM sbtest7 WHERE id BETWEEN 7196102 AND 7197101
	Bitmap Heap Scan on sbtest7  (cost=23.57..4183.84 rows=1086 width=121)
	  Recheck Cond: ((id >= 7196102) AND (id <= 7197101))
	  ->  Bitmap Index Scan on sbtest7_pkey  (cost=0.00..23.29 rows=1086 width=0)
	        Index Cond: ((id >= 7196102) AND (id <= 7197101))

table 8 : explain SELECT c FROM sbtest8 WHERE id BETWEEN 4159354 AND 4160353
	Bitmap Heap Scan on sbtest8  (cost=22.23..3695.78 rows=956 width=121)
	  Recheck Cond: ((id >= 4159354) AND (id <= 4160353))
	  ->  Bitmap Index Scan on sbtest8_pkey  (cost=0.00..22.00 rows=956 width=0)
	        Index Cond: ((id >= 4159354) AND (id <= 4160353))

for: simple_ranges
table 1 : explain SELECT c FROM sbtest1 WHERE id BETWEEN 5746544 AND 5747543
	Bitmap Heap Scan on sbtest1  (cost=22.34..3731.00 rows=966 width=121)
	  Recheck Cond: ((id >= 5746544) AND (id <= 5747543))
	  ->  Bitmap Index Scan on sbtest1_pkey  (cost=0.00..22.09 rows=966 width=0)
	        Index Cond: ((id >= 5746544) AND (id <= 5747543))

table 2 : explain SELECT c FROM sbtest2 WHERE id BETWEEN 1901725 AND 1902724
	Bitmap Heap Scan on sbtest2  (cost=22.41..3757.48 rows=973 width=121)
	  Recheck Cond: ((id >= 1901725) AND (id <= 1902724))
	  ->  Bitmap Index Scan on sbtest2_pkey  (cost=0.00..22.16 rows=973 width=0)
	        Index Cond: ((id >= 1901725) AND (id <= 1902724))

table 3 : explain SELECT c FROM sbtest3 WHERE id BETWEEN 3091526 AND 3092525
	Bitmap Heap Scan on sbtest3  (cost=22.62..3836.91 rows=994 width=121)
	  Recheck Cond: ((id >= 3091526) AND (id <= 3092525))
	  ->  Bitmap Index Scan on sbtest3_pkey  (cost=0.00..22.37 rows=994 width=0)
	        Index Cond: ((id >= 3091526) AND (id <= 3092525))

table 4 : explain SELECT c FROM sbtest4 WHERE id BETWEEN 5044111 AND 5045110
	Bitmap Heap Scan on sbtest4  (cost=23.50..4160.48 rows=1080 width=121)
	  Recheck Cond: ((id >= 5044111) AND (id <= 5045110))
	  ->  Bitmap Index Scan on sbtest4_pkey  (cost=0.00..23.23 rows=1080 width=0)
	        Index Cond: ((id >= 5044111) AND (id <= 5045110))

table 5 : explain SELECT c FROM sbtest5 WHERE id BETWEEN 6328303 AND 6329302
	Bitmap Heap Scan on sbtest5  (cost=21.91..3573.43 rows=924 width=121)
	  Recheck Cond: ((id >= 6328303) AND (id <= 6329302))
	  ->  Bitmap Index Scan on sbtest5_pkey  (cost=0.00..21.68 rows=924 width=0)
	        Index Cond: ((id >= 6328303) AND (id <= 6329302))

table 6 : explain SELECT c FROM sbtest6 WHERE id BETWEEN 2408760 AND 2409759
	Bitmap Heap Scan on sbtest6  (cost=23.48..4154.26 rows=1078 width=121)
	  Recheck Cond: ((id >= 2408760) AND (id <= 2409759))
	  ->  Bitmap Index Scan on sbtest6_pkey  (cost=0.00..23.21 rows=1078 width=0)
	        Index Cond: ((id >= 2408760) AND (id <= 2409759))

table 7 : explain SELECT c FROM sbtest7 WHERE id BETWEEN 5323930 AND 5324929
	Bitmap Heap Scan on sbtest7  (cost=21.94..3585.29 rows=927 width=121)
	  Recheck Cond: ((id >= 5323930) AND (id <= 5324929))
	  ->  Bitmap Index Scan on sbtest7_pkey  (cost=0.00..21.70 rows=927 width=0)
	        Index Cond: ((id >= 5323930) AND (id <= 5324929))

table 8 : explain SELECT c FROM sbtest8 WHERE id BETWEEN 582060 AND 583059
	Bitmap Heap Scan on sbtest8  (cost=22.78..3895.55 rows=1009 width=121)
	  Recheck Cond: ((id >= 582060) AND (id <= 583059))
	  ->  Bitmap Index Scan on sbtest8_pkey  (cost=0.00..22.52 rows=1009 width=0)
	        Index Cond: ((id >= 582060) AND (id <= 583059))

for: simple_ranges
table 1 : explain SELECT c FROM sbtest1 WHERE id BETWEEN 4400735 AND 4401734
	Bitmap Heap Scan on sbtest1  (cost=23.00..3975.61 rows=1031 width=121)
	  Recheck Cond: ((id >= 4400735) AND (id <= 4401734))
	  ->  Bitmap Index Scan on sbtest1_pkey  (cost=0.00..22.75 rows=1031 width=0)
	        Index Cond: ((id >= 4400735) AND (id <= 4401734))

table 2 : explain SELECT c FROM sbtest2 WHERE id BETWEEN 745483 AND 746482
	Bitmap Heap Scan on sbtest2  (cost=22.41..3757.48 rows=973 width=121)
	  Recheck Cond: ((id >= 745483) AND (id <= 746482))
	  ->  Bitmap Index Scan on sbtest2_pkey  (cost=0.00..22.16 rows=973 width=0)
	        Index Cond: ((id >= 745483) AND (id <= 746482))

table 3 : explain SELECT c FROM sbtest3 WHERE id BETWEEN 4046502 AND 4047501
	Bitmap Heap Scan on sbtest3  (cost=27.75..4250.50 rows=1104 width=121)
	  Recheck Cond: ((id >= 4046502) AND (id <= 4047501))
	  ->  Bitmap Index Scan on sbtest3_pkey  (cost=0.00..27.47 rows=1104 width=0)
	        Index Cond: ((id >= 4046502) AND (id <= 4047501))

table 4 : explain SELECT c FROM sbtest4 WHERE id BETWEEN 7379818 AND 7380817
	Bitmap Heap Scan on sbtest4  (cost=22.62..3837.18 rows=994 width=121)
	  Recheck Cond: ((id >= 7379818) AND (id <= 7380817))
	  ->  Bitmap Index Scan on sbtest4_pkey  (cost=0.00..22.37 rows=994 width=0)
	        Index Cond: ((id >= 7379818) AND (id <= 7380817))

table 5 : explain SELECT c FROM sbtest5 WHERE id BETWEEN 7016259 AND 7017258
	Bitmap Heap Scan on sbtest5  (cost=21.97..3596.07 rows=930 width=121)
	  Recheck Cond: ((id >= 7016259) AND (id <= 7017258))
	  ->  Bitmap Index Scan on sbtest5_pkey  (cost=0.00..21.73 rows=930 width=0)
	        Index Cond: ((id >= 7016259) AND (id <= 7017258))

table 6 : explain SELECT c FROM sbtest6 WHERE id BETWEEN 473564 AND 474563
	Bitmap Heap Scan on sbtest6  (cost=23.09..4011.44 rows=1040 width=121)
	  Recheck Cond: ((id >= 473564) AND (id <= 474563))
	  ->  Bitmap Index Scan on sbtest6_pkey  (cost=0.00..22.83 rows=1040 width=0)
	        Index Cond: ((id >= 473564) AND (id <= 474563))

table 7 : explain SELECT c FROM sbtest7 WHERE id BETWEEN 6105395 AND 6106394
	Bitmap Heap Scan on sbtest7  (cost=22.48..3785.18 rows=980 width=121)
	  Recheck Cond: ((id >= 6105395) AND (id <= 6106394))
	  ->  Bitmap Index Scan on sbtest7_pkey  (cost=0.00..22.23 rows=980 width=0)
	        Index Cond: ((id >= 6105395) AND (id <= 6106394))

table 8 : explain SELECT c FROM sbtest8 WHERE id BETWEEN 2440312 AND 2441311
	Bitmap Heap Scan on sbtest8  (cost=21.76..3522.09 rows=910 width=121)
	  Recheck Cond: ((id >= 2440312) AND (id <= 2441311))
	  ->  Bitmap Index Scan on sbtest8_pkey  (cost=0.00..21.54 rows=910 width=0)
	        Index Cond: ((id >= 2440312) AND (id <= 2441311))

explain: for point_selects :: explain SELECT c FROM sbtest%u WHERE id=%u
for: order_ranges
table 1 : explain SELECT c FROM sbtest1 WHERE id BETWEEN 5193568 AND 5194567 ORDER BY c
	Sort  (cost=4027.21..4029.79 rows=1031 width=121)
	  Sort Key: c
	  ->  Bitmap Heap Scan on sbtest1  (cost=23.00..3975.61 rows=1031 width=121)
	        Recheck Cond: ((id >= 5193568) AND (id <= 5194567))
	        ->  Bitmap Index Scan on sbtest1_pkey  (cost=0.00..22.75 rows=1031 width=0)
	              Index Cond: ((id >= 5193568) AND (id <= 5194567))

table 2 : explain SELECT c FROM sbtest2 WHERE id BETWEEN 6892674 AND 6893673 ORDER BY c
	Sort  (cost=4210.38..4213.08 rows=1079 width=121)
	  Sort Key: c
	  ->  Bitmap Heap Scan on sbtest2  (cost=23.49..4156.02 rows=1079 width=121)
	        Recheck Cond: ((id >= 6892674) AND (id <= 6893673))
	        ->  Bitmap Index Scan on sbtest2_pkey  (cost=0.00..23.22 rows=1079 width=0)
	              Index Cond: ((id >= 6892674) AND (id <= 6893673))

table 3 : explain SELECT c FROM sbtest3 WHERE id BETWEEN 6723550 AND 6724549 ORDER BY c
	Sort  (cost=4233.65..4236.36 rows=1085 width=121)
	  Sort Key: c
	  ->  Bitmap Heap Scan on sbtest3  (cost=23.56..4178.95 rows=1085 width=121)
	        Recheck Cond: ((id >= 6723550) AND (id <= 6724549))
	        ->  Bitmap Index Scan on sbtest3_pkey  (cost=0.00..23.29 rows=1085 width=0)
	              Index Cond: ((id >= 6723550) AND (id <= 6724549))

table 4 : explain SELECT c FROM sbtest4 WHERE id BETWEEN 4155482 AND 4156481 ORDER BY c
	Sort  (cost=3706.90..3709.27 rows=947 width=121)
	  Sort Key: c
	  ->  Bitmap Heap Scan on sbtest4  (cost=22.14..3660.08 rows=947 width=121)
	        Recheck Cond: ((id >= 4155482) AND (id <= 4156481))
	        ->  Bitmap Index Scan on sbtest4_pkey  (cost=0.00..21.90 rows=947 width=0)
	              Index Cond: ((id >= 4155482) AND (id <= 4156481))

table 5 : explain SELECT c FROM sbtest5 WHERE id BETWEEN 3039538 AND 3040537 ORDER BY c
	Sort  (cost=3875.33..3877.81 rows=991 width=121)
	  Sort Key: c
	  ->  Bitmap Heap Scan on sbtest5  (cost=22.59..3826.01 rows=991 width=121)
	        Recheck Cond: ((id >= 3039538) AND (id <= 3040537))
	        ->  Bitmap Index Scan on sbtest5_pkey  (cost=0.00..22.34 rows=991 width=0)
	              Index Cond: ((id >= 3039538) AND (id <= 3040537))

table 6 : explain SELECT c FROM sbtest6 WHERE id BETWEEN 5402018 AND 5403017 ORDER BY c
	Sort  (cost=4002.46..4005.02 rows=1024 width=121)
	  Sort Key: c
	  ->  Bitmap Heap Scan on sbtest6  (cost=22.93..3951.26 rows=1024 width=121)
	        Recheck Cond: ((id >= 5402018) AND (id <= 5403017))
	        ->  Bitmap Index Scan on sbtest6_pkey  (cost=0.00..22.68 rows=1024 width=0)
	              Index Cond: ((id >= 5402018) AND (id <= 5403017))

table 7 : explain SELECT c FROM sbtest7 WHERE id BETWEEN 7949727 AND 7950726 ORDER BY c
	Sort  (cost=3573.49..3575.77 rows=912 width=121)
	  Sort Key: c
	  ->  Bitmap Heap Scan on sbtest7  (cost=21.78..3528.65 rows=912 width=121)
	        Recheck Cond: ((id >= 7949727) AND (id <= 7950726))
	        ->  Bitmap Index Scan on sbtest7_pkey  (cost=0.00..21.55 rows=912 width=0)
	              Index Cond: ((id >= 7949727) AND (id <= 7950726))

table 8 : explain SELECT c FROM sbtest8 WHERE id BETWEEN 36649 AND 37648 ORDER BY c
	Sort  (cost=3934.42..3936.93 rows=1006 width=121)
	  Sort Key: c
	  ->  Bitmap Heap Scan on sbtest8  (cost=22.75..3884.25 rows=1006 width=121)
	        Recheck Cond: ((id >= 36649) AND (id <= 37648))
	        ->  Bitmap Index Scan on sbtest8_pkey  (cost=0.00..22.50 rows=1006 width=0)
	              Index Cond: ((id >= 36649) AND (id <= 37648))

explain: for point_selects :: explain SELECT c FROM sbtest%u WHERE id=%u
explain: for point_selects :: explain SELECT c FROM sbtest%u WHERE id=%u
for: distinct_ranges
table 1 : explain SELECT DISTINCT c FROM sbtest1 WHERE id BETWEEN 6915700 AND 6916699 ORDER BY c
	Unique  (cost=3717.69..3722.44 rows=950 width=121)
	  ->  Sort  (cost=3717.69..3720.07 rows=950 width=121)
	        Sort Key: c
	        ->  Bitmap Heap Scan on sbtest1  (cost=22.17..3670.71 rows=950 width=121)
	              Recheck Cond: ((id >= 6915700) AND (id <= 6916699))
	              ->  Bitmap Index Scan on sbtest1_pkey  (cost=0.00..21.93 rows=950 width=0)
	                    Index Cond: ((id >= 6915700) AND (id <= 6916699))

table 2 : explain SELECT DISTINCT c FROM sbtest2 WHERE id BETWEEN 7185604 AND 7186603 ORDER BY c
	Unique  (cost=4027.33..4032.49 rows=1031 width=121)
	  ->  Sort  (cost=4027.33..4029.91 rows=1031 width=121)
	        Sort Key: c
	        ->  Bitmap Heap Scan on sbtest2  (cost=23.00..3975.73 rows=1031 width=121)
	              Recheck Cond: ((id >= 7185604) AND (id <= 7186603))
	              ->  Bitmap Index Scan on sbtest2_pkey  (cost=0.00..22.75 rows=1031 width=0)
	                    Index Cond: ((id >= 7185604) AND (id <= 7186603))

table 3 : explain SELECT DISTINCT c FROM sbtest3 WHERE id BETWEEN 424209 AND 425208 ORDER BY c
	Unique  (cost=3534.29..3538.80 rows=902 width=121)
	  ->  Sort  (cost=3534.29..3536.54 rows=902 width=121)
	        Sort Key: c
	        ->  Bitmap Heap Scan on sbtest3  (cost=21.68..3490.01 rows=902 width=121)
	              Recheck Cond: ((id >= 424209) AND (id <= 425208))
	              ->  Bitmap Index Scan on sbtest3_pkey  (cost=0.00..21.45 rows=902 width=0)
	                    Index Cond: ((id >= 424209) AND (id <= 425208))

table 4 : explain SELECT DISTINCT c FROM sbtest4 WHERE id BETWEEN 8698843 AND 8699842 ORDER BY c
	Unique  (cost=3894.31..3899.29 rows=996 width=121)
	  ->  Sort  (cost=3894.31..3896.80 rows=996 width=121)
	        Sort Key: c
	        ->  Bitmap Heap Scan on sbtest4  (cost=22.64..3844.71 rows=996 width=121)
	              Recheck Cond: ((id >= 8698843) AND (id <= 8699842))
	              ->  Bitmap Index Scan on sbtest4_pkey  (cost=0.00..22.39 rows=996 width=0)
	                    Index Cond: ((id >= 8698843) AND (id <= 8699842))

table 5 : explain SELECT DISTINCT c FROM sbtest5 WHERE id BETWEEN 6842600 AND 6843599 ORDER BY c
	Unique  (cost=3572.96..3577.52 rows=912 width=121)
	  ->  Sort  (cost=3572.96..3575.24 rows=912 width=121)
	        Sort Key: c
	        ->  Bitmap Heap Scan on sbtest5  (cost=21.78..3528.13 rows=912 width=121)
	              Recheck Cond: ((id >= 6842600) AND (id <= 6843599))
	              ->  Bitmap Index Scan on sbtest5_pkey  (cost=0.00..21.55 rows=912 width=0)
	                    Index Cond: ((id >= 6842600) AND (id <= 6843599))

table 6 : explain SELECT DISTINCT c FROM sbtest6 WHERE id BETWEEN 6638446 AND 6639445 ORDER BY c
	Unique  (cost=4399.36..4405.00 rows=1128 width=121)
	  ->  Sort  (cost=4399.36..4402.18 rows=1128 width=121)
	        Sort Key: c
	        ->  Bitmap Heap Scan on sbtest6  (cost=28.00..4342.17 rows=1128 width=121)
	              Recheck Cond: ((id >= 6638446) AND (id <= 6639445))
	              ->  Bitmap Index Scan on sbtest6_pkey  (cost=0.00..27.71 rows=1128 width=0)
	                    Index Cond: ((id >= 6638446) AND (id <= 6639445))

table 7 : explain SELECT DISTINCT c FROM sbtest7 WHERE id BETWEEN 6439410 AND 6440409 ORDER BY c
	Unique  (cost=4097.48..4102.72 rows=1049 width=121)
	  ->  Sort  (cost=4097.48..4100.10 rows=1049 width=121)
	        Sort Key: c
	        ->  Bitmap Heap Scan on sbtest7  (cost=23.19..4044.85 rows=1049 width=121)
	              Recheck Cond: ((id >= 6439410) AND (id <= 6440409))
	              ->  Bitmap Index Scan on sbtest7_pkey  (cost=0.00..22.93 rows=1049 width=0)
	                    Index Cond: ((id >= 6439410) AND (id <= 6440409))

table 8 : explain SELECT DISTINCT c FROM sbtest8 WHERE id BETWEEN 1661560 AND 1662559 ORDER BY c
	Unique  (cost=3727.78..3732.54 rows=952 width=121)
	  ->  Sort  (cost=3727.78..3730.16 rows=952 width=121)
	        Sort Key: c
	        ->  Bitmap Heap Scan on sbtest8  (cost=22.19..3680.69 rows=952 width=121)
	              Recheck Cond: ((id >= 1661560) AND (id <= 1662559))
	              ->  Bitmap Index Scan on sbtest8_pkey  (cost=0.00..21.95 rows=952 width=0)
	                    Index Cond: ((id >= 1661560) AND (id <= 1662559))

for: simple_ranges
table 1 : explain SELECT c FROM sbtest1 WHERE id BETWEEN 4159406 AND 4160405
	Bitmap Heap Scan on sbtest1  (cost=22.08..3636.77 rows=941 width=121)
	  Recheck Cond: ((id >= 4159406) AND (id <= 4160405))
	  ->  Bitmap Index Scan on sbtest1_pkey  (cost=0.00..21.84 rows=941 width=0)
	        Index Cond: ((id >= 4159406) AND (id <= 4160405))

table 2 : explain SELECT c FROM sbtest2 WHERE id BETWEEN 299630 AND 300629
	Bitmap Heap Scan on sbtest2  (cost=27.72..4238.83 rows=1101 width=121)
	  Recheck Cond: ((id >= 299630) AND (id <= 300629))
	  ->  Bitmap Index Scan on sbtest2_pkey  (cost=0.00..27.44 rows=1101 width=0)
	        Index Cond: ((id >= 299630) AND (id <= 300629))

table 3 : explain SELECT c FROM sbtest3 WHERE id BETWEEN 6482713 AND 6483712
	Bitmap Heap Scan on sbtest3  (cost=21.57..3448.46 rows=891 width=121)
	  Recheck Cond: ((id >= 6482713) AND (id <= 6483712))
	  ->  Bitmap Index Scan on sbtest3_pkey  (cost=0.00..21.34 rows=891 width=0)
	        Index Cond: ((id >= 6482713) AND (id <= 6483712))

table 4 : explain SELECT c FROM sbtest4 WHERE id BETWEEN 3900269 AND 3901268
	Bitmap Heap Scan on sbtest4  (cost=22.59..3825.88 rows=991 width=121)
	  Recheck Cond: ((id >= 3900269) AND (id <= 3901268))
	  ->  Bitmap Index Scan on sbtest4_pkey  (cost=0.00..22.34 rows=991 width=0)
	        Index Cond: ((id >= 3900269) AND (id <= 3901268))

table 5 : explain SELECT c FROM sbtest5 WHERE id BETWEEN 1012048 AND 1013047
	Bitmap Heap Scan on sbtest5  (cost=22.99..3972.77 rows=1030 width=121)
	  Recheck Cond: ((id >= 1012048) AND (id <= 1013047))
	  ->  Bitmap Index Scan on sbtest5_pkey  (cost=0.00..22.73 rows=1030 width=0)
	        Index Cond: ((id >= 1012048) AND (id <= 1013047))

table 6 : explain SELECT c FROM sbtest6 WHERE id BETWEEN 715179 AND 716178
	Bitmap Heap Scan on sbtest6  (cost=23.17..4037.76 rows=1047 width=121)
	  Recheck Cond: ((id >= 715179) AND (id <= 716178))
	  ->  Bitmap Index Scan on sbtest6_pkey  (cost=0.00..22.90 rows=1047 width=0)
	        Index Cond: ((id >= 715179) AND (id <= 716178))

table 7 : explain SELECT c FROM sbtest7 WHERE id BETWEEN 3182828 AND 3183827
	Bitmap Heap Scan on sbtest7  (cost=23.04..3992.21 rows=1035 width=121)
	  Recheck Cond: ((id >= 3182828) AND (id <= 3183827))
	  ->  Bitmap Index Scan on sbtest7_pkey  (cost=0.00..22.79 rows=1035 width=0)
	        Index Cond: ((id >= 3182828) AND (id <= 3183827))

table 8 : explain SELECT c FROM sbtest8 WHERE id BETWEEN 6777024 AND 6778023
	Bitmap Heap Scan on sbtest8  (cost=22.80..3903.08 rows=1011 width=121)
	  Recheck Cond: ((id >= 6777024) AND (id <= 6778023))
	  ->  Bitmap Index Scan on sbtest8_pkey  (cost=0.00..22.54 rows=1011 width=0)
	        Index Cond: ((id >= 6777024) AND (id <= 6778023))

for: distinct_ranges
table 1 : explain SELECT DISTINCT c FROM sbtest1 WHERE id BETWEEN 2220470 AND 2221469 ORDER BY c
	Unique  (cost=3870.64..3875.59 rows=990 width=121)
	  ->  Sort  (cost=3870.64..3873.12 rows=990 width=121)
	        Sort Key: c
	        ->  Bitmap Heap Scan on sbtest1  (cost=22.58..3821.38 rows=990 width=121)
	              Recheck Cond: ((id >= 2220470) AND (id <= 2221469))
	              ->  Bitmap Index Scan on sbtest1_pkey  (cost=0.00..22.33 rows=990 width=0)
	                    Index Cond: ((id >= 2220470) AND (id <= 2221469))

table 2 : explain SELECT DISTINCT c FROM sbtest2 WHERE id BETWEEN 7003463 AND 7004462 ORDER BY c
	Unique  (cost=3901.32..3906.31 rows=998 width=121)
	  ->  Sort  (cost=3901.32..3903.82 rows=998 width=121)
	        Sort Key: c
	        ->  Bitmap Heap Scan on sbtest2  (cost=22.66..3851.61 rows=998 width=121)
	              Recheck Cond: ((id >= 7003463) AND (id <= 7004462))
	              ->  Bitmap Index Scan on sbtest2_pkey  (cost=0.00..22.41 rows=998 width=0)
	                    Index Cond: ((id >= 7003463) AND (id <= 7004462))

table 3 : explain SELECT DISTINCT c FROM sbtest3 WHERE id BETWEEN 4235907 AND 4236906 ORDER BY c
	Unique  (cost=3614.76..3619.37 rows=923 width=121)
	  ->  Sort  (cost=3614.76..3617.06 rows=923 width=121)
	        Sort Key: c
	        ->  Bitmap Heap Scan on sbtest3  (cost=21.90..3569.30 rows=923 width=121)
	              Recheck Cond: ((id >= 4235907) AND (id <= 4236906))
	              ->  Bitmap Index Scan on sbtest3_pkey  (cost=0.00..21.66 rows=923 width=0)
	                    Index Cond: ((id >= 4235907) AND (id <= 4236906))

table 4 : explain SELECT DISTINCT c FROM sbtest4 WHERE id BETWEEN 7234584 AND 7235583 ORDER BY c
	Unique  (cost=3775.78..3780.60 rows=965 width=121)
	  ->  Sort  (cost=3775.78..3778.19 rows=965 width=121)
	        Sort Key: c
	        ->  Bitmap Heap Scan on sbtest4  (cost=22.33..3727.94 rows=965 width=121)
	              Recheck Cond: ((id >= 7234584) AND (id <= 7235583))
	              ->  Bitmap Index Scan on sbtest4_pkey  (cost=0.00..22.08 rows=965 width=0)
	                    Index Cond: ((id >= 7234584) AND (id <= 7235583))

table 5 : explain SELECT DISTINCT c FROM sbtest5 WHERE id BETWEEN 22692 AND 23691 ORDER BY c
	Unique  (cost=3684.05..3688.76 rows=941 width=121)
	  ->  Sort  (cost=3684.05..3686.40 rows=941 width=121)
	        Sort Key: c
	        ->  Bitmap Heap Scan on sbtest5  (cost=22.08..3637.57 rows=941 width=121)
	              Recheck Cond: ((id >= 22692) AND (id <= 23691))
	              ->  Bitmap Index Scan on sbtest5_pkey  (cost=0.00..21.84 rows=941 width=0)
	                    Index Cond: ((id >= 22692) AND (id <= 23691))

table 6 : explain SELECT DISTINCT c FROM sbtest6 WHERE id BETWEEN 3772197 AND 3773196 ORDER BY c
	Unique  (cost=4120.82..4126.09 rows=1055 width=121)
	  ->  Sort  (cost=4120.82..4123.45 rows=1055 width=121)
	        Sort Key: c
	        ->  Bitmap Heap Scan on sbtest6  (cost=23.25..4067.84 rows=1055 width=121)
	              Recheck Cond: ((id >= 3772197) AND (id <= 3773196))
	              ->  Bitmap Index Scan on sbtest6_pkey  (cost=0.00..22.98 rows=1055 width=0)
	                    Index Cond: ((id >= 3772197) AND (id <= 3773196))

table 7 : explain SELECT DISTINCT c FROM sbtest7 WHERE id BETWEEN 2819864 AND 2820863 ORDER BY c
	Unique  (cost=3711.41..3716.15 rows=948 width=121)
	  ->  Sort  (cost=3711.41..3713.78 rows=948 width=121)
	        Sort Key: c
	        ->  Bitmap Heap Scan on sbtest7  (cost=22.15..3664.54 rows=948 width=121)
	              Recheck Cond: ((id >= 2819864) AND (id <= 2820863))
	              ->  Bitmap Index Scan on sbtest7_pkey  (cost=0.00..21.91 rows=948 width=0)
	                    Index Cond: ((id >= 2819864) AND (id <= 2820863))

table 8 : explain SELECT DISTINCT c FROM sbtest8 WHERE id BETWEEN 2879241 AND 2880240 ORDER BY c
	Unique  (cost=3865.58..3870.52 rows=988 width=121)
	  ->  Sort  (cost=3865.58..3868.05 rows=988 width=121)
	        Sort Key: c
	        ->  Bitmap Heap Scan on sbtest8  (cost=22.56..3816.44 rows=988 width=121)
	              Recheck Cond: ((id >= 2879241) AND (id <= 2880240))
	              ->  Bitmap Index Scan on sbtest8_pkey  (cost=0.00..22.32 rows=988 width=0)
	                    Index Cond: ((id >= 2879241) AND (id <= 2880240))

for: simple_ranges
table 1 : explain SELECT c FROM sbtest1 WHERE id BETWEEN 235667 AND 236666
	Bitmap Heap Scan on sbtest1  (cost=22.71..3866.55 rows=1002 width=121)
	  Recheck Cond: ((id >= 235667) AND (id <= 236666))
	  ->  Bitmap Index Scan on sbtest1_pkey  (cost=0.00..22.45 rows=1002 width=0)
	        Index Cond: ((id >= 235667) AND (id <= 236666))

table 2 : explain SELECT c FROM sbtest2 WHERE id BETWEEN 822178 AND 823177
	Bitmap Heap Scan on sbtest2  (cost=22.07..3633.11 rows=940 width=121)
	  Recheck Cond: ((id >= 822178) AND (id <= 823177))
	  ->  Bitmap Index Scan on sbtest2_pkey  (cost=0.00..21.83 rows=940 width=0)
	        Index Cond: ((id >= 822178) AND (id <= 823177))

table 3 : explain SELECT c FROM sbtest3 WHERE id BETWEEN 9498874 AND 9499873
	Bitmap Heap Scan on sbtest3  (cost=22.33..3727.69 rows=965 width=121)
	  Recheck Cond: ((id >= 9498874) AND (id <= 9499873))
	  ->  Bitmap Index Scan on sbtest3_pkey  (cost=0.00..22.08 rows=965 width=0)
	        Index Cond: ((id >= 9498874) AND (id <= 9499873))

table 4 : explain SELECT c FROM sbtest4 WHERE id BETWEEN 1718327 AND 1719326
	Bitmap Heap Scan on sbtest4  (cost=23.07..4002.71 rows=1038 width=121)
	  Recheck Cond: ((id >= 1718327) AND (id <= 1719326))
	  ->  Bitmap Index Scan on sbtest4_pkey  (cost=0.00..22.82 rows=1038 width=0)
	        Index Cond: ((id >= 1718327) AND (id <= 1719326))

table 5 : explain SELECT c FROM sbtest5 WHERE id BETWEEN 5689316 AND 5690315
	Bitmap Heap Scan on sbtest5  (cost=22.59..3826.01 rows=991 width=121)
	  Recheck Cond: ((id >= 5689316) AND (id <= 5690315))
	  ->  Bitmap Index Scan on sbtest5_pkey  (cost=0.00..22.34 rows=991 width=0)
	        Index Cond: ((id >= 5689316) AND (id <= 5690315))

table 6 : explain SELECT c FROM sbtest6 WHERE id BETWEEN 2886920 AND 2887919
	Bitmap Heap Scan on sbtest6  (cost=22.63..3842.08 rows=995 width=121)
	  Recheck Cond: ((id >= 2886920) AND (id <= 2887919))
	  ->  Bitmap Index Scan on sbtest6_pkey  (cost=0.00..22.39 rows=995 width=0)
	        Index Cond: ((id >= 2886920) AND (id <= 2887919))

table 7 : explain SELECT c FROM sbtest7 WHERE id BETWEEN 6698212 AND 6699211
	Bitmap Heap Scan on sbtest7  (cost=22.41..3758.80 rows=973 width=121)
	  Recheck Cond: ((id >= 6698212) AND (id <= 6699211))
	  ->  Bitmap Index Scan on sbtest7_pkey  (cost=0.00..22.16 rows=973 width=0)
	        Index Cond: ((id >= 6698212) AND (id <= 6699211))

table 8 : explain SELECT c FROM sbtest8 WHERE id BETWEEN 6710418 AND 6711417
	Bitmap Heap Scan on sbtest8  (cost=22.93..3952.02 rows=1024 width=121)
	  Recheck Cond: ((id >= 6710418) AND (id <= 6711417))
	  ->  Bitmap Index Scan on sbtest8_pkey  (cost=0.00..22.68 rows=1024 width=0)
	        Index Cond: ((id >= 6710418) AND (id <= 6711417))

for: simple_ranges
table 1 : explain SELECT c FROM sbtest1 WHERE id BETWEEN 2967062 AND 2968061
	Bitmap Heap Scan on sbtest1  (cost=21.70..3497.16 rows=904 width=121)
	  Recheck Cond: ((id >= 2967062) AND (id <= 2968061))
	  ->  Bitmap Index Scan on sbtest1_pkey  (cost=0.00..21.47 rows=904 width=0)
	        Index Cond: ((id >= 2967062) AND (id <= 2968061))

table 2 : explain SELECT c FROM sbtest2 WHERE id BETWEEN 9266309 AND 9267308
	Bitmap Heap Scan on sbtest2  (cost=27.76..4253.83 rows=1105 width=121)
	  Recheck Cond: ((id >= 9266309) AND (id <= 9267308))
	  ->  Bitmap Index Scan on sbtest2_pkey  (cost=0.00..27.48 rows=1105 width=0)
	        Index Cond: ((id >= 9266309) AND (id <= 9267308))

table 3 : explain SELECT c FROM sbtest3 WHERE id BETWEEN 3613784 AND 3614783
	Bitmap Heap Scan on sbtest3  (cost=21.94..3584.39 rows=927 width=121)
	  Recheck Cond: ((id >= 3613784) AND (id <= 3614783))
	  ->  Bitmap Index Scan on sbtest3_pkey  (cost=0.00..21.70 rows=927 width=0)
	        Index Cond: ((id >= 3613784) AND (id <= 3614783))

table 4 : explain SELECT c FROM sbtest4 WHERE id BETWEEN 5968523 AND 5969522
	Bitmap Heap Scan on sbtest4  (cost=28.08..4370.78 rows=1136 width=121)
	  Recheck Cond: ((id >= 5968523) AND (id <= 5969522))
	  ->  Bitmap Index Scan on sbtest4_pkey  (cost=0.00..27.79 rows=1136 width=0)
	        Index Cond: ((id >= 5968523) AND (id <= 5969522))

table 5 : explain SELECT c FROM sbtest5 WHERE id BETWEEN 92142 AND 93141
	Bitmap Heap Scan on sbtest5  (cost=22.08..3637.57 rows=941 width=121)
	  Recheck Cond: ((id >= 92142) AND (id <= 93141))
	  ->  Bitmap Index Scan on sbtest5_pkey  (cost=0.00..21.84 rows=941 width=0)
	        Index Cond: ((id >= 92142) AND (id <= 93141))

table 6 : explain SELECT c FROM sbtest6 WHERE id BETWEEN 1191026 AND 1192025
	Bitmap Heap Scan on sbtest6  (cost=22.09..3642.27 rows=942 width=121)
	  Recheck Cond: ((id >= 1191026) AND (id <= 1192025))
	  ->  Bitmap Index Scan on sbtest6_pkey  (cost=0.00..21.86 rows=942 width=0)
	        Index Cond: ((id >= 1191026) AND (id <= 1192025))

table 7 : explain SELECT c FROM sbtest7 WHERE id BETWEEN 16040 AND 17039
	Bitmap Heap Scan on sbtest7  (cost=22.44..3770.10 rows=976 width=121)
	  Recheck Cond: ((id >= 16040) AND (id <= 17039))
	  ->  Bitmap Index Scan on sbtest7_pkey  (cost=0.00..22.19 rows=976 width=0)
	        Index Cond: ((id >= 16040) AND (id <= 17039))

table 8 : explain SELECT c FROM sbtest8 WHERE id BETWEEN 9729498 AND 9730497
	Bitmap Heap Scan on sbtest8  (cost=21.90..3571.21 rows=923 width=121)
	  Recheck Cond: ((id >= 9729498) AND (id <= 9730497))
	  ->  Bitmap Index Scan on sbtest8_pkey  (cost=0.00..21.66 rows=923 width=0)
	        Index Cond: ((id >= 9729498) AND (id <= 9730497))

for: sum_ranges
table 1 : explain SELECT SUM(k) FROM sbtest1 WHERE id BETWEEN 5977726 AND 5978725
	Aggregate  (cost=3620.26..3620.27 rows=1 width=8)
	  ->  Bitmap Heap Scan on sbtest1  (cost=22.03..3617.92 rows=936 width=4)
	        Recheck Cond: ((id >= 5977726) AND (id <= 5978725))
	        ->  Bitmap Index Scan on sbtest1_pkey  (cost=0.00..21.79 rows=936 width=0)
	              Index Cond: ((id >= 5977726) AND (id <= 5978725))

table 2 : explain SELECT SUM(k) FROM sbtest2 WHERE id BETWEEN 7180259 AND 7181258
	Aggregate  (cost=3978.31..3978.32 rows=1 width=8)
	  ->  Bitmap Heap Scan on sbtest2  (cost=23.00..3975.73 rows=1031 width=4)
	        Recheck Cond: ((id >= 7180259) AND (id <= 7181258))
	        ->  Bitmap Index Scan on sbtest2_pkey  (cost=0.00..22.75 rows=1031 width=0)
	              Index Cond: ((id >= 7180259) AND (id <= 7181258))

table 3 : explain SELECT SUM(k) FROM sbtest3 WHERE id BETWEEN 9170852 AND 9171851
	Aggregate  (cost=3730.10..3730.11 rows=1 width=8)
	  ->  Bitmap Heap Scan on sbtest3  (cost=22.33..3727.69 rows=965 width=4)
	        Recheck Cond: ((id >= 9170852) AND (id <= 9171851))
	        ->  Bitmap Index Scan on sbtest3_pkey  (cost=0.00..22.08 rows=965 width=0)
	              Index Cond: ((id >= 9170852) AND (id <= 9171851))

table 4 : explain SELECT SUM(k) FROM sbtest4 WHERE id BETWEEN 5848022 AND 5849021
	Aggregate  (cost=4069.23..4069.24 rows=1 width=8)
	  ->  Bitmap Heap Scan on sbtest4  (cost=23.25..4066.60 rows=1055 width=4)
	        Recheck Cond: ((id >= 5848022) AND (id <= 5849021))
	        ->  Bitmap Index Scan on sbtest4_pkey  (cost=0.00..22.98 rows=1055 width=0)
	              Index Cond: ((id >= 5848022) AND (id <= 5849021))

table 5 : explain SELECT SUM(k) FROM sbtest5 WHERE id BETWEEN 4552992 AND 4553991
	Aggregate  (cost=4088.17..4088.18 rows=1 width=8)
	  ->  Bitmap Heap Scan on sbtest5  (cost=23.30..4085.52 rows=1060 width=4)
	        Recheck Cond: ((id >= 4552992) AND (id <= 4553991))
	        ->  Bitmap Index Scan on sbtest5_pkey  (cost=0.00..23.04 rows=1060 width=0)
	              Index Cond: ((id >= 4552992) AND (id <= 4553991))

table 6 : explain SELECT SUM(k) FROM sbtest6 WHERE id BETWEEN 1983570 AND 1984569
	Aggregate  (cost=3848.34..3848.35 rows=1 width=8)
	  ->  Bitmap Heap Scan on sbtest6  (cost=22.64..3845.85 rows=996 width=4)
	        Recheck Cond: ((id >= 1983570) AND (id <= 1984569))
	        ->  Bitmap Index Scan on sbtest6_pkey  (cost=0.00..22.39 rows=996 width=0)
	              Index Cond: ((id >= 1983570) AND (id <= 1984569))

table 7 : explain SELECT SUM(k) FROM sbtest7 WHERE id BETWEEN 5746339 AND 5747338
	Aggregate  (cost=3659.36..3659.37 rows=1 width=8)
	  ->  Bitmap Heap Scan on sbtest7  (cost=22.13..3656.99 rows=946 width=4)
	        Recheck Cond: ((id >= 5746339) AND (id <= 5747338))
	        ->  Bitmap Index Scan on sbtest7_pkey  (cost=0.00..21.89 rows=946 width=0)
	              Index Cond: ((id >= 5746339) AND (id <= 5747338))

table 8 : explain SELECT SUM(k) FROM sbtest8 WHERE id BETWEEN 753208 AND 754207
	Aggregate  (cost=3965.88..3965.89 rows=1 width=8)
	  ->  Bitmap Heap Scan on sbtest8  (cost=22.96..3963.31 rows=1027 width=4)
	        Recheck Cond: ((id >= 753208) AND (id <= 754207))
	        ->  Bitmap Index Scan on sbtest8_pkey  (cost=0.00..22.70 rows=1027 width=0)
	              Index Cond: ((id >= 753208) AND (id <= 754207))

for: distinct_ranges
table 1 : explain SELECT DISTINCT c FROM sbtest1 WHERE id BETWEEN 5873657 AND 5874656 ORDER BY c
	Unique  (cost=4217.87..4223.28 rows=1081 width=121)
	  ->  Sort  (cost=4217.87..4220.57 rows=1081 width=121)
	        Sort Key: c
	        ->  Bitmap Heap Scan on sbtest1  (cost=23.52..4163.40 rows=1081 width=121)
	              Recheck Cond: ((id >= 5873657) AND (id <= 5874656))
	              ->  Bitmap Index Scan on sbtest1_pkey  (cost=0.00..23.25 rows=1081 width=0)
	                    Index Cond: ((id >= 5873657) AND (id <= 5874656))

table 2 : explain SELECT DISTINCT c FROM sbtest2 WHERE id BETWEEN 2475103 AND 2476102 ORDER BY c
	Unique  (cost=4046.41..4051.59 rows=1036 width=121)
	  ->  Sort  (cost=4046.41..4049.00 rows=1036 width=121)
	        Sort Key: c
	        ->  Bitmap Heap Scan on sbtest2  (cost=23.05..3994.52 rows=1036 width=121)
	              Recheck Cond: ((id >= 2475103) AND (id <= 2476102))
	              ->  Bitmap Index Scan on sbtest2_pkey  (cost=0.00..22.79 rows=1036 width=0)
	                    Index Cond: ((id >= 2475103) AND (id <= 2476102))

table 3 : explain SELECT DISTINCT c FROM sbtest3 WHERE id BETWEEN 1684931 AND 1685930 ORDER BY c
	Unique  (cost=3656.88..3661.55 rows=934 width=121)
	  ->  Sort  (cost=3656.88..3659.22 rows=934 width=121)
	        Sort Key: c
	        ->  Bitmap Heap Scan on sbtest3  (cost=22.01..3610.80 rows=934 width=121)
	              Recheck Cond: ((id >= 1684931) AND (id <= 1685930))
	              ->  Bitmap Index Scan on sbtest3_pkey  (cost=0.00..21.77 rows=934 width=0)
	                    Index Cond: ((id >= 1684931) AND (id <= 1685930))

table 4 : explain SELECT DISTINCT c FROM sbtest4 WHERE id BETWEEN 6557730 AND 6558729 ORDER BY c
	Unique  (cost=3572.85..3577.41 rows=912 width=121)
	  ->  Sort  (cost=3572.85..3575.13 rows=912 width=121)
	        Sort Key: c
	        ->  Bitmap Heap Scan on sbtest4  (cost=21.78..3528.01 rows=912 width=121)
	              Recheck Cond: ((id >= 6557730) AND (id <= 6558729))
	              ->  Bitmap Index Scan on sbtest4_pkey  (cost=0.00..21.55 rows=912 width=0)
	                    Index Cond: ((id >= 6557730) AND (id <= 6558729))

table 5 : explain SELECT DISTINCT c FROM sbtest5 WHERE id BETWEEN 9081294 AND 9082293 ORDER BY c
	Unique  (cost=3840.92..3845.83 rows=982 width=121)
	  ->  Sort  (cost=3840.92..3843.38 rows=982 width=121)
	        Sort Key: c
	        ->  Bitmap Heap Scan on sbtest5  (cost=22.50..3792.12 rows=982 width=121)
	              Recheck Cond: ((id >= 9081294) AND (id <= 9082293))
	              ->  Bitmap Index Scan on sbtest5_pkey  (cost=0.00..22.25 rows=982 width=0)
	                    Index Cond: ((id >= 9081294) AND (id <= 9082293))

table 6 : explain SELECT DISTINCT c FROM sbtest6 WHERE id BETWEEN 8326051 AND 8327050 ORDER BY c
	Unique  (cost=3975.71..3980.80 rows=1017 width=121)
	  ->  Sort  (cost=3975.71..3978.26 rows=1017 width=121)
	        Sort Key: c
	        ->  Bitmap Heap Scan on sbtest6  (cost=22.86..3924.91 rows=1017 width=121)
	              Recheck Cond: ((id >= 8326051) AND (id <= 8327050))
	              ->  Bitmap Index Scan on sbtest6_pkey  (cost=0.00..22.61 rows=1017 width=0)
	                    Index Cond: ((id >= 8326051) AND (id <= 8327050))

table 7 : explain SELECT DISTINCT c FROM sbtest7 WHERE id BETWEEN 6711149 AND 6712148 ORDER BY c
	Unique  (cost=3807.09..3811.95 rows=973 width=121)
	  ->  Sort  (cost=3807.09..3809.52 rows=973 width=121)
	        Sort Key: c
	        ->  Bitmap Heap Scan on sbtest7  (cost=22.41..3758.80 rows=973 width=121)
	              Recheck Cond: ((id >= 6711149) AND (id <= 6712148))
	              ->  Bitmap Index Scan on sbtest7_pkey  (cost=0.00..22.16 rows=973 width=0)
	                    Index Cond: ((id >= 6711149) AND (id <= 6712148))

table 8 : explain SELECT DISTINCT c FROM sbtest8 WHERE id BETWEEN 8279609 AND 8280608 ORDER BY c
	Unique  (cost=3984.11..3989.21 rows=1019 width=121)
	  ->  Sort  (cost=3984.11..3986.66 rows=1019 width=121)
	        Sort Key: c
	        ->  Bitmap Heap Scan on sbtest8  (cost=22.88..3933.20 rows=1019 width=121)
	              Recheck Cond: ((id >= 8279609) AND (id <= 8280608))
	              ->  Bitmap Index Scan on sbtest8_pkey  (cost=0.00..22.62 rows=1019 width=0)
	                    Index Cond: ((id >= 8279609) AND (id <= 8280608))

for: simple_ranges
table 1 : explain SELECT c FROM sbtest1 WHERE id BETWEEN 9444675 AND 9445674
	Bitmap Heap Scan on sbtest1  (cost=22.46..3776.20 rows=978 width=121)
	  Recheck Cond: ((id >= 9444675) AND (id <= 9445674))
	  ->  Bitmap Index Scan on sbtest1_pkey  (cost=0.00..22.21 rows=978 width=0)
	        Index Cond: ((id >= 9444675) AND (id <= 9445674))

table 2 : explain SELECT c FROM sbtest2 WHERE id BETWEEN 3152367 AND 3153366
	Bitmap Heap Scan on sbtest2  (cost=23.33..4095.96 rows=1063 width=121)
	  Recheck Cond: ((id >= 3152367) AND (id <= 3153366))
	  ->  Bitmap Index Scan on sbtest2_pkey  (cost=0.00..23.07 rows=1063 width=0)
	        Index Cond: ((id >= 3152367) AND (id <= 3153366))

table 3 : explain SELECT c FROM sbtest3 WHERE id BETWEEN 8314391 AND 8315390
	Bitmap Heap Scan on sbtest3  (cost=23.32..4092.60 rows=1062 width=121)
	  Recheck Cond: ((id >= 8314391) AND (id <= 8315390))
	  ->  Bitmap Index Scan on sbtest3_pkey  (cost=0.00..23.05 rows=1062 width=0)
	        Index Cond: ((id >= 8314391) AND (id <= 8315390))

table 4 : explain SELECT c FROM sbtest4 WHERE id BETWEEN 533122 AND 534121
	Bitmap Heap Scan on sbtest4  (cost=23.36..4107.92 rows=1066 width=121)
	  Recheck Cond: ((id >= 533122) AND (id <= 534121))
	  ->  Bitmap Index Scan on sbtest4_pkey  (cost=0.00..23.09 rows=1066 width=0)
	        Index Cond: ((id >= 533122) AND (id <= 534121))

table 5 : explain SELECT c FROM sbtest5 WHERE id BETWEEN 4738777 AND 4739776
	Bitmap Heap Scan on sbtest5  (cost=22.47..3780.82 rows=979 width=121)
	  Recheck Cond: ((id >= 4738777) AND (id <= 4739776))
	  ->  Bitmap Index Scan on sbtest5_pkey  (cost=0.00..22.22 rows=979 width=0)
	        Index Cond: ((id >= 4738777) AND (id <= 4739776))

table 6 : explain SELECT c FROM sbtest6 WHERE id BETWEEN 4738911 AND 4739910
	Bitmap Heap Scan on sbtest6  (cost=21.87..3559.22 rows=920 width=121)
	  Recheck Cond: ((id >= 4738911) AND (id <= 4739910))
	  ->  Bitmap Index Scan on sbtest6_pkey  (cost=0.00..21.64 rows=920 width=0)
	        Index Cond: ((id >= 4738911) AND (id <= 4739910))

table 7 : explain SELECT c FROM sbtest7 WHERE id BETWEEN 947717 AND 948716
	Bitmap Heap Scan on sbtest7  (cost=22.39..3751.26 rows=971 width=121)
	  Recheck Cond: ((id >= 947717) AND (id <= 948716))
	  ->  Bitmap Index Scan on sbtest7_pkey  (cost=0.00..22.14 rows=971 width=0)
	        Index Cond: ((id >= 947717) AND (id <= 948716))

table 8 : explain SELECT c FROM sbtest8 WHERE id BETWEEN 192714 AND 193713
	Bitmap Heap Scan on sbtest8  (cost=22.63..3842.81 rows=995 width=121)
	  Recheck Cond: ((id >= 192714) AND (id <= 193713))
	  ->  Bitmap Index Scan on sbtest8_pkey  (cost=0.00..22.39 rows=995 width=0)
	        Index Cond: ((id >= 192714) AND (id <= 193713))

for: sum_ranges
table 1 : explain SELECT SUM(k) FROM sbtest1 WHERE id BETWEEN 6569144 AND 6570143
	Aggregate  (cost=3567.41..3567.42 rows=1 width=8)
	  ->  Bitmap Heap Scan on sbtest1  (cost=21.89..3565.10 rows=922 width=4)
	        Recheck Cond: ((id >= 6569144) AND (id <= 6570143))
	        ->  Bitmap Index Scan on sbtest1_pkey  (cost=0.00..21.65 rows=922 width=0)
	              Index Cond: ((id >= 6569144) AND (id <= 6570143))

table 2 : explain SELECT SUM(k) FROM sbtest2 WHERE id BETWEEN 4126908 AND 4127907
	Aggregate  (cost=3661.87..3661.88 rows=1 width=8)
	  ->  Bitmap Heap Scan on sbtest2  (cost=22.14..3659.50 rows=947 width=4)
	        Recheck Cond: ((id >= 4126908) AND (id <= 4127907))
	        ->  Bitmap Index Scan on sbtest2_pkey  (cost=0.00..21.90 rows=947 width=0)
	              Index Cond: ((id >= 4126908) AND (id <= 4127907))

table 3 : explain SELECT SUM(k) FROM sbtest3 WHERE id BETWEEN 1175481 AND 1176480
	Aggregate  (cost=3944.82..3944.83 rows=1 width=8)
	  ->  Bitmap Heap Scan on sbtest3  (cost=22.91..3942.27 rows=1022 width=4)
	        Recheck Cond: ((id >= 1175481) AND (id <= 1176480))
	        ->  Bitmap Index Scan on sbtest3_pkey  (cost=0.00..22.65 rows=1022 width=0)
	              Index Cond: ((id >= 1175481) AND (id <= 1176480))

table 4 : explain SELECT SUM(k) FROM sbtest4 WHERE id BETWEEN 1703862 AND 1704861
	Aggregate  (cost=4005.30..4005.31 rows=1 width=8)
	  ->  Bitmap Heap Scan on sbtest4  (cost=23.07..4002.71 rows=1038 width=4)
	        Recheck Cond: ((id >= 1703862) AND (id <= 1704861))
	        ->  Bitmap Index Scan on sbtest4_pkey  (cost=0.00..22.82 rows=1038 width=0)
	              Index Cond: ((id >= 1703862) AND (id <= 1704861))

table 5 : explain SELECT SUM(k) FROM sbtest5 WHERE id BETWEEN 9317154 AND 9318153
	Aggregate  (cost=4054.34..4054.35 rows=1 width=8)
	  ->  Bitmap Heap Scan on sbtest5  (cost=23.21..4051.71 rows=1051 width=4)
	        Recheck Cond: ((id >= 9317154) AND (id <= 9318153))
	        ->  Bitmap Index Scan on sbtest5_pkey  (cost=0.00..22.94 rows=1051 width=0)
	              Index Cond: ((id >= 9317154) AND (id <= 9318153))

table 6 : explain SELECT SUM(k) FROM sbtest6 WHERE id BETWEEN 4179648 AND 4180647
	Aggregate  (cost=3788.02..3788.03 rows=1 width=8)
	  ->  Bitmap Heap Scan on sbtest6  (cost=22.48..3785.57 rows=980 width=4)
	        Recheck Cond: ((id >= 4179648) AND (id <= 4180647))
	        ->  Bitmap Index Scan on sbtest6_pkey  (cost=0.00..22.23 rows=980 width=0)
	              Index Cond: ((id >= 4179648) AND (id <= 4180647))

table 7 : explain SELECT SUM(k) FROM sbtest7 WHERE id BETWEEN 3126184 AND 3127183
	Aggregate  (cost=3715.96..3715.97 rows=1 width=8)
	  ->  Bitmap Heap Scan on sbtest7  (cost=22.29..3713.56 rows=961 width=4)
	        Recheck Cond: ((id >= 3126184) AND (id <= 3127183))
	        ->  Bitmap Index Scan on sbtest7_pkey  (cost=0.00..22.04 rows=961 width=0)
	              Index Cond: ((id >= 3126184) AND (id <= 3127183))

table 8 : explain SELECT SUM(k) FROM sbtest8 WHERE id BETWEEN 8291436 AND 8292435
	Aggregate  (cost=3935.74..3935.75 rows=1 width=8)
	  ->  Bitmap Heap Scan on sbtest8  (cost=22.88..3933.20 rows=1019 width=4)
	        Recheck Cond: ((id >= 8291436) AND (id <= 8292435))
	        ->  Bitmap Index Scan on sbtest8_pkey  (cost=0.00..22.62 rows=1019 width=0)
	              Index Cond: ((id >= 8291436) AND (id <= 8292435))

for: sum_ranges
table 1 : explain SELECT SUM(k) FROM sbtest1 WHERE id BETWEEN 9494624 AND 9495623
	Aggregate  (cost=3778.65..3778.66 rows=1 width=8)
	  ->  Bitmap Heap Scan on sbtest1  (cost=22.46..3776.20 rows=978 width=4)
	        Recheck Cond: ((id >= 9494624) AND (id <= 9495623))
	        ->  Bitmap Index Scan on sbtest1_pkey  (cost=0.00..22.21 rows=978 width=0)
	              Index Cond: ((id >= 9494624) AND (id <= 9495623))

table 2 : explain SELECT SUM(k) FROM sbtest2 WHERE id BETWEEN 669328 AND 670327
	Aggregate  (cost=3741.07..3741.08 rows=1 width=8)
	  ->  Bitmap Heap Scan on sbtest2  (cost=22.36..3738.65 rows=968 width=4)
	        Recheck Cond: ((id >= 669328) AND (id <= 670327))
	        ->  Bitmap Index Scan on sbtest2_pkey  (cost=0.00..22.11 rows=968 width=0)
	              Index Cond: ((id >= 669328) AND (id <= 670327))

table 3 : explain SELECT SUM(k) FROM sbtest3 WHERE id BETWEEN 3011005 AND 3012004
	Aggregate  (cost=3989.97..3989.98 rows=1 width=8)
	  ->  Bitmap Heap Scan on sbtest3  (cost=23.03..3987.39 rows=1034 width=4)
	        Recheck Cond: ((id >= 3011005) AND (id <= 3012004))
	        ->  Bitmap Index Scan on sbtest3_pkey  (cost=0.00..22.77 rows=1034 width=0)
	              Index Cond: ((id >= 3011005) AND (id <= 3012004))

table 4 : explain SELECT SUM(k) FROM sbtest4 WHERE id BETWEEN 968039 AND 969038
	Aggregate  (cost=4223.54..4223.55 rows=1 width=8)
	  ->  Bitmap Heap Scan on sbtest4  (cost=27.67..4220.80 rows=1096 width=4)
	        Recheck Cond: ((id >= 968039) AND (id <= 969038))
	        ->  Bitmap Index Scan on sbtest4_pkey  (cost=0.00..27.39 rows=1096 width=0)
	              Index Cond: ((id >= 968039) AND (id <= 969038))

table 5 : explain SELECT SUM(k) FROM sbtest5 WHERE id BETWEEN 3483319 AND 3484318
	Aggregate  (cost=3858.63..3858.64 rows=1 width=8)
	  ->  Bitmap Heap Scan on sbtest5  (cost=22.67..3856.13 rows=999 width=4)
	        Recheck Cond: ((id >= 3483319) AND (id <= 3484318))
	        ->  Bitmap Index Scan on sbtest5_pkey  (cost=0.00..22.43 rows=999 width=0)
	              Index Cond: ((id >= 3483319) AND (id <= 3484318))

table 6 : explain SELECT SUM(k) FROM sbtest6 WHERE id BETWEEN 8868272 AND 8869271
	Aggregate  (cost=3927.46..3927.47 rows=1 width=8)
	  ->  Bitmap Heap Scan on sbtest6  (cost=22.86..3924.91 rows=1017 width=4)
	        Recheck Cond: ((id >= 8868272) AND (id <= 8869271))
	        ->  Bitmap Index Scan on sbtest6_pkey  (cost=0.00..22.61 rows=1017 width=0)
	              Index Cond: ((id >= 8868272) AND (id <= 8869271))

table 7 : explain SELECT SUM(k) FROM sbtest7 WHERE id BETWEEN 8856639 AND 8857638
	Aggregate  (cost=3900.68..3900.69 rows=1 width=8)
	  ->  Bitmap Heap Scan on sbtest7  (cost=22.79..3898.15 rows=1010 width=4)
	        Recheck Cond: ((id >= 8856639) AND (id <= 8857638))
	        ->  Bitmap Index Scan on sbtest7_pkey  (cost=0.00..22.54 rows=1010 width=0)
	              Index Cond: ((id >= 8856639) AND (id <= 8857638))

table 8 : explain SELECT SUM(k) FROM sbtest8 WHERE id BETWEEN 2542716 AND 2543715
	Aggregate  (cost=4312.09..4312.10 rows=1 width=8)
	  ->  Bitmap Heap Scan on sbtest8  (cost=27.90..4309.29 rows=1119 width=4)
	        Recheck Cond: ((id >= 2542716) AND (id <= 2543715))
	        ->  Bitmap Index Scan on sbtest8_pkey  (cost=0.00..27.62 rows=1119 width=0)
	              Index Cond: ((id >= 2542716) AND (id <= 2543715))

for point_selects
table 1 : explain SELECT c FROM sbtest1 WHERE id=6121295
	Index Scan using sbtest1_pkey on sbtest1  (cost=0.43..8.45 rows=1 width=121)
	  Index Cond: (id = 6121295)

table 2 : explain SELECT c FROM sbtest2 WHERE id=2522841
	Index Scan using sbtest2_pkey on sbtest2  (cost=0.43..8.45 rows=1 width=121)
	  Index Cond: (id = 2522841)

table 3 : explain SELECT c FROM sbtest3 WHERE id=9472499
	Index Scan using sbtest3_pkey on sbtest3  (cost=0.43..8.45 rows=1 width=121)
	  Index Cond: (id = 9472499)

table 4 : explain SELECT c FROM sbtest4 WHERE id=3662078
	Index Scan using sbtest4_pkey on sbtest4  (cost=0.43..8.45 rows=1 width=121)
	  Index Cond: (id = 3662078)

table 5 : explain SELECT c FROM sbtest5 WHERE id=4531285
	Index Scan using sbtest5_pkey on sbtest5  (cost=0.43..8.45 rows=1 width=121)
	  Index Cond: (id = 4531285)

table 6 : explain SELECT c FROM sbtest6 WHERE id=296968
	Index Scan using sbtest6_pkey on sbtest6  (cost=0.43..8.45 rows=1 width=121)
	  Index Cond: (id = 296968)

table 7 : explain SELECT c FROM sbtest7 WHERE id=3292751
	Index Scan using sbtest7_pkey on sbtest7  (cost=0.43..8.45 rows=1 width=121)
	  Index Cond: (id = 3292751)

table 8 : explain SELECT c FROM sbtest8 WHERE id=9383159
	Index Scan using sbtest8_pkey on sbtest8  (cost=0.43..8.45 rows=1 width=121)
	  Index Cond: (id = 9383159)

for: simple_ranges
table 1 : explain SELECT c FROM sbtest1 WHERE id BETWEEN 7280208 AND 7281207
	Bitmap Heap Scan on sbtest1  (cost=22.94..3953.05 rows=1025 width=121)
	  Recheck Cond: ((id >= 7280208) AND (id <= 7281207))
	  ->  Bitmap Index Scan on sbtest1_pkey  (cost=0.00..22.68 rows=1025 width=0)
	        Index Cond: ((id >= 7280208) AND (id <= 7281207))

table 2 : explain SELECT c FROM sbtest2 WHERE id BETWEEN 9691335 AND 9692334
	Bitmap Heap Scan on sbtest2  (cost=22.44..3768.78 rows=976 width=121)
	  Recheck Cond: ((id >= 9691335) AND (id <= 9692334))
	  ->  Bitmap Index Scan on sbtest2_pkey  (cost=0.00..22.19 rows=976 width=0)
	        Index Cond: ((id >= 9691335) AND (id <= 9692334))

table 3 : explain SELECT c FROM sbtest3 WHERE id BETWEEN 4646316 AND 4647315
	Bitmap Heap Scan on sbtest3  (cost=22.14..3659.84 rows=947 width=121)
	  Recheck Cond: ((id >= 4646316) AND (id <= 4647315))
	  ->  Bitmap Index Scan on sbtest3_pkey  (cost=0.00..21.90 rows=947 width=0)
	        Index Cond: ((id >= 4646316) AND (id <= 4647315))

table 4 : explain SELECT c FROM sbtest4 WHERE id BETWEEN 774857 AND 775856
	Bitmap Heap Scan on sbtest4  (cost=23.31..4089.14 rows=1061 width=121)
	  Recheck Cond: ((id >= 774857) AND (id <= 775856))
	  ->  Bitmap Index Scan on sbtest4_pkey  (cost=0.00..23.04 rows=1061 width=0)
	        Index Cond: ((id >= 774857) AND (id <= 775856))

table 5 : explain SELECT c FROM sbtest5 WHERE id BETWEEN 4270799 AND 4271798
	Bitmap Heap Scan on sbtest5  (cost=23.38..4115.57 rows=1068 width=121)
	  Recheck Cond: ((id >= 4270799) AND (id <= 4271798))
	  ->  Bitmap Index Scan on sbtest5_pkey  (cost=0.00..23.11 rows=1068 width=0)
	        Index Cond: ((id >= 4270799) AND (id <= 4271798))

table 6 : explain SELECT c FROM sbtest6 WHERE id BETWEEN 1272662 AND 1273661
	Bitmap Heap Scan on sbtest6  (cost=22.17..3672.46 rows=950 width=121)
	  Recheck Cond: ((id >= 1272662) AND (id <= 1273661))
	  ->  Bitmap Index Scan on sbtest6_pkey  (cost=0.00..21.93 rows=950 width=0)
	        Index Cond: ((id >= 1272662) AND (id <= 1273661))

table 7 : explain SELECT c FROM sbtest7 WHERE id BETWEEN 3653456 AND 3654455
	Bitmap Heap Scan on sbtest7  (cost=22.85..3920.73 rows=1016 width=121)
	  Recheck Cond: ((id >= 3653456) AND (id <= 3654455))
	  ->  Bitmap Index Scan on sbtest7_pkey  (cost=0.00..22.59 rows=1016 width=0)
	        Index Cond: ((id >= 3653456) AND (id <= 3654455))

table 8 : explain SELECT c FROM sbtest8 WHERE id BETWEEN 3217737 AND 3218736
	Bitmap Heap Scan on sbtest8  (cost=23.02..3985.89 rows=1033 width=121)
	  Recheck Cond: ((id >= 3217737) AND (id <= 3218736))
	  ->  Bitmap Index Scan on sbtest8_pkey  (cost=0.00..22.76 rows=1033 width=0)
	        Index Cond: ((id >= 3217737) AND (id <= 3218736))

for: order_ranges
table 1 : explain SELECT c FROM sbtest1 WHERE id BETWEEN 6006880 AND 6007879 ORDER BY c
	Sort  (cost=3664.11..3666.45 rows=936 width=121)
	  Sort Key: c
	  ->  Bitmap Heap Scan on sbtest1  (cost=22.03..3617.92 rows=936 width=121)
	        Recheck Cond: ((id >= 6006880) AND (id <= 6007879))
	        ->  Bitmap Index Scan on sbtest1_pkey  (cost=0.00..21.79 rows=936 width=0)
	              Index Cond: ((id >= 6006880) AND (id <= 6007879))

table 2 : explain SELECT c FROM sbtest2 WHERE id BETWEEN 3661763 AND 3662762 ORDER BY c
	Sort  (cost=3943.34..3945.86 rows=1009 width=121)
	  Sort Key: c
	  ->  Bitmap Heap Scan on sbtest2  (cost=22.78..3893.00 rows=1009 width=121)
	        Recheck Cond: ((id >= 3661763) AND (id <= 3662762))
	        ->  Bitmap Index Scan on sbtest2_pkey  (cost=0.00..22.52 rows=1009 width=0)
	              Index Cond: ((id >= 3661763) AND (id <= 3662762))

table 3 : explain SELECT c FROM sbtest3 WHERE id BETWEEN 6913035 AND 6914034 ORDER BY c
	Sort  (cost=3649.23..3651.56 rows=932 width=121)
	  Sort Key: c
	  ->  Bitmap Heap Scan on sbtest3  (cost=21.99..3603.26 rows=932 width=121)
	        Recheck Cond: ((id >= 6913035) AND (id <= 6914034))
	        ->  Bitmap Index Scan on sbtest3_pkey  (cost=0.00..21.75 rows=932 width=0)
	              Index Cond: ((id >= 6913035) AND (id <= 6914034))

table 4 : explain SELECT c FROM sbtest4 WHERE id BETWEEN 6394104 AND 6395103 ORDER BY c
	Sort  (cost=3921.06..3923.57 rows=1003 width=121)
	  Sort Key: c
	  ->  Bitmap Heap Scan on sbtest4  (cost=22.72..3871.06 rows=1003 width=121)
	        Recheck Cond: ((id >= 6394104) AND (id <= 6395103))
	        ->  Bitmap Index Scan on sbtest4_pkey  (cost=0.00..22.46 rows=1003 width=0)
	              Index Cond: ((id >= 6394104) AND (id <= 6395103))

table 5 : explain SELECT c FROM sbtest5 WHERE id BETWEEN 8496165 AND 8497164 ORDER BY c
	Sort  (cost=3936.47..3938.99 rows=1007 width=121)
	  Sort Key: c
	  ->  Bitmap Heap Scan on sbtest5  (cost=22.76..3886.25 rows=1007 width=121)
	        Recheck Cond: ((id >= 8496165) AND (id <= 8497164))
	        ->  Bitmap Index Scan on sbtest5_pkey  (cost=0.00..22.50 rows=1007 width=0)
	              Index Cond: ((id >= 8496165) AND (id <= 8497164))

table 6 : explain SELECT c FROM sbtest6 WHERE id BETWEEN 7072838 AND 7073837 ORDER BY c
	Sort  (cost=4002.46..4005.02 rows=1024 width=121)
	  Sort Key: c
	  ->  Bitmap Heap Scan on sbtest6  (cost=22.93..3951.26 rows=1024 width=121)
	        Recheck Cond: ((id >= 7072838) AND (id <= 7073837))
	        ->  Bitmap Index Scan on sbtest6_pkey  (cost=0.00..22.68 rows=1024 width=0)
	              Index Cond: ((id >= 7072838) AND (id <= 7073837))

table 7 : explain SELECT c FROM sbtest7 WHERE id BETWEEN 1656095 AND 1657094 ORDER BY c
	Sort  (cost=3546.66..3548.92 rows=905 width=121)
	  Sort Key: c
	  ->  Bitmap Heap Scan on sbtest7  (cost=21.71..3502.21 rows=905 width=121)
	        Recheck Cond: ((id >= 1656095) AND (id <= 1657094))
	        ->  Bitmap Index Scan on sbtest7_pkey  (cost=0.00..21.48 rows=905 width=0)
	              Index Cond: ((id >= 1656095) AND (id <= 1657094))

table 8 : explain SELECT c FROM sbtest8 WHERE id BETWEEN 6262998 AND 6263997 ORDER BY c
	Sort  (cost=4068.16..4070.76 rows=1041 width=121)
	  Sort Key: c
	  ->  Bitmap Heap Scan on sbtest8  (cost=23.11..4015.98 rows=1041 width=121)
	        Recheck Cond: ((id >= 6262998) AND (id <= 6263997))
	        ->  Bitmap Index Scan on sbtest8_pkey  (cost=0.00..22.84 rows=1041 width=0)
	              Index Cond: ((id >= 6262998) AND (id <= 6263997))

for: sum_ranges
table 1 : explain SELECT SUM(k) FROM sbtest1 WHERE id BETWEEN 9717338 AND 9718337
	Aggregate  (cost=3654.22..3654.23 rows=1 width=8)
	  ->  Bitmap Heap Scan on sbtest1  (cost=22.12..3651.86 rows=945 width=4)
	        Recheck Cond: ((id >= 9717338) AND (id <= 9718337))
	        ->  Bitmap Index Scan on sbtest1_pkey  (cost=0.00..21.89 rows=945 width=0)
	              Index Cond: ((id >= 9717338) AND (id <= 9718337))

table 2 : explain SELECT SUM(k) FROM sbtest2 WHERE id BETWEEN 1930999 AND 1931998
	Aggregate  (cost=3759.91..3759.92 rows=1 width=8)
	  ->  Bitmap Heap Scan on sbtest2  (cost=22.41..3757.48 rows=973 width=4)
	        Recheck Cond: ((id >= 1930999) AND (id <= 1931998))
	        ->  Bitmap Index Scan on sbtest2_pkey  (cost=0.00..22.16 rows=973 width=0)
	              Index Cond: ((id >= 1930999) AND (id <= 1931998))

table 3 : explain SELECT SUM(k) FROM sbtest3 WHERE id BETWEEN 5945733 AND 5946732
	Aggregate  (cost=3835.63..3835.64 rows=1 width=8)
	  ->  Bitmap Heap Scan on sbtest3  (cost=22.61..3833.15 rows=993 width=4)
	        Recheck Cond: ((id >= 5945733) AND (id <= 5946732))
	        ->  Bitmap Index Scan on sbtest3_pkey  (cost=0.00..22.36 rows=993 width=0)
	              Index Cond: ((id >= 5945733) AND (id <= 5946732))

table 4 : explain SELECT SUM(k) FROM sbtest4 WHERE id BETWEEN 1625181 AND 1626180
	Aggregate  (cost=4054.19..4054.20 rows=1 width=8)
	  ->  Bitmap Heap Scan on sbtest4  (cost=23.21..4051.57 rows=1051 width=4)
	        Recheck Cond: ((id >= 1625181) AND (id <= 1626180))
	        ->  Bitmap Index Scan on sbtest4_pkey  (cost=0.00..22.94 rows=1051 width=0)
	              Index Cond: ((id >= 1625181) AND (id <= 1626180))

table 5 : explain SELECT SUM(k) FROM sbtest5 WHERE id BETWEEN 5991546 AND 5992545
	Aggregate  (cost=3873.70..3873.71 rows=1 width=8)
	  ->  Bitmap Heap Scan on sbtest5  (cost=22.72..3871.19 rows=1003 width=4)
	        Recheck Cond: ((id >= 5991546) AND (id <= 5992545))
	        ->  Bitmap Index Scan on sbtest5_pkey  (cost=0.00..22.46 rows=1003 width=0)
	              Index Cond: ((id >= 5991546) AND (id <= 5992545))

table 6 : explain SELECT SUM(k) FROM sbtest6 WHERE id BETWEEN 8501815 AND 8502814
	Aggregate  (cost=3916.16..3916.17 rows=1 width=8)
	  ->  Bitmap Heap Scan on sbtest6  (cost=22.83..3913.62 rows=1014 width=4)
	        Recheck Cond: ((id >= 8501815) AND (id <= 8502814))
	        ->  Bitmap Index Scan on sbtest6_pkey  (cost=0.00..22.57 rows=1014 width=0)
	              Index Cond: ((id >= 8501815) AND (id <= 8502814))

table 7 : explain SELECT SUM(k) FROM sbtest7 WHERE id BETWEEN 3499410 AND 3500409
	Aggregate  (cost=3983.51..3983.52 rows=1 width=8)
	  ->  Bitmap Heap Scan on sbtest7  (cost=23.01..3980.93 rows=1032 width=4)
	        Recheck Cond: ((id >= 3499410) AND (id <= 3500409))
	        ->  Bitmap Index Scan on sbtest7_pkey  (cost=0.00..22.75 rows=1032 width=0)
	              Index Cond: ((id >= 3499410) AND (id <= 3500409))

table 8 : explain SELECT SUM(k) FROM sbtest8 WHERE id BETWEEN 7105077 AND 7106076
	Aggregate  (cost=3973.41..3973.42 rows=1 width=8)
	  ->  Bitmap Heap Scan on sbtest8  (cost=22.98..3970.84 rows=1029 width=4)
	        Recheck Cond: ((id >= 7105077) AND (id <= 7106076))
	        ->  Bitmap Index Scan on sbtest8_pkey  (cost=0.00..22.72 rows=1029 width=0)
	              Index Cond: ((id >= 7105077) AND (id <= 7106076))

for: sum_ranges
table 1 : explain SELECT SUM(k) FROM sbtest1 WHERE id BETWEEN 6347895 AND 6348894
	Aggregate  (cost=3902.93..3902.94 rows=1 width=8)
	  ->  Bitmap Heap Scan on sbtest1  (cost=22.80..3900.41 rows=1011 width=4)
	        Recheck Cond: ((id >= 6347895) AND (id <= 6348894))
	        ->  Bitmap Index Scan on sbtest1_pkey  (cost=0.00..22.54 rows=1011 width=0)
	              Index Cond: ((id >= 6347895) AND (id <= 6348894))

table 2 : explain SELECT SUM(k) FROM sbtest2 WHERE id BETWEEN 7069805 AND 7070804
	Aggregate  (cost=3854.10..3854.11 rows=1 width=8)
	  ->  Bitmap Heap Scan on sbtest2  (cost=22.66..3851.61 rows=998 width=4)
	        Recheck Cond: ((id >= 7069805) AND (id <= 7070804))
	        ->  Bitmap Index Scan on sbtest2_pkey  (cost=0.00..22.41 rows=998 width=0)
	              Index Cond: ((id >= 7069805) AND (id <= 7070804))

table 3 : explain SELECT SUM(k) FROM sbtest3 WHERE id BETWEEN 8595093 AND 8596092
	Aggregate  (cost=3514.94..3514.95 rows=1 width=8)
	  ->  Bitmap Heap Scan on sbtest3  (cost=21.74..3512.67 rows=908 width=4)
	        Recheck Cond: ((id >= 8595093) AND (id <= 8596092))
	        ->  Bitmap Index Scan on sbtest3_pkey  (cost=0.00..21.51 rows=908 width=0)
	              Index Cond: ((id >= 8595093) AND (id <= 8596092))

table 4 : explain SELECT SUM(k) FROM sbtest4 WHERE id BETWEEN 500828 AND 501827
	Aggregate  (cost=3636.03..3636.04 rows=1 width=8)
	  ->  Bitmap Heap Scan on sbtest4  (cost=22.07..3633.68 rows=940 width=4)
	        Recheck Cond: ((id >= 500828) AND (id <= 501827))
	        ->  Bitmap Index Scan on sbtest4_pkey  (cost=0.00..21.83 rows=940 width=0)
	              Index Cond: ((id >= 500828) AND (id <= 501827))

table 5 : explain SELECT SUM(k) FROM sbtest5 WHERE id BETWEEN 9199720 AND 9200719
	Aggregate  (cost=3964.06..3964.07 rows=1 width=8)
	  ->  Bitmap Heap Scan on sbtest5  (cost=22.96..3961.49 rows=1027 width=4)
	        Recheck Cond: ((id >= 9199720) AND (id <= 9200719))
	        ->  Bitmap Index Scan on sbtest5_pkey  (cost=0.00..22.70 rows=1027 width=0)
	              Index Cond: ((id >= 9199720) AND (id <= 9200719))

table 6 : explain SELECT SUM(k) FROM sbtest6 WHERE id BETWEEN 9499100 AND 9500099
	Aggregate  (cost=3663.51..3663.52 rows=1 width=8)
	  ->  Bitmap Heap Scan on sbtest6  (cost=22.14..3661.14 rows=947 width=4)
	        Recheck Cond: ((id >= 9499100) AND (id <= 9500099))
	        ->  Bitmap Index Scan on sbtest6_pkey  (cost=0.00..21.90 rows=947 width=0)
	              Index Cond: ((id >= 9499100) AND (id <= 9500099))

table 7 : explain SELECT SUM(k) FROM sbtest7 WHERE id BETWEEN 3762121 AND 3763120
	Aggregate  (cost=3780.08..3780.09 rows=1 width=8)
	  ->  Bitmap Heap Scan on sbtest7  (cost=22.46..3777.64 rows=978 width=4)
	        Recheck Cond: ((id >= 3762121) AND (id <= 3763120))
	        ->  Bitmap Index Scan on sbtest7_pkey  (cost=0.00..22.21 rows=978 width=0)
	              Index Cond: ((id >= 3762121) AND (id <= 3763120))

table 8 : explain SELECT SUM(k) FROM sbtest8 WHERE id BETWEEN 4539395 AND 4540394
	Aggregate  (cost=3898.07..3898.08 rows=1 width=8)
	  ->  Bitmap Heap Scan on sbtest8  (cost=22.78..3895.55 rows=1009 width=4)
	        Recheck Cond: ((id >= 4539395) AND (id <= 4540394))
	        ->  Bitmap Index Scan on sbtest8_pkey  (cost=0.00..22.52 rows=1009 width=0)
	              Index Cond: ((id >= 4539395) AND (id <= 4540394))

for: sum_ranges
table 1 : explain SELECT SUM(k) FROM sbtest1 WHERE id BETWEEN 9370357 AND 9371356
	Aggregate  (cost=3944.33..3944.34 rows=1 width=8)
	  ->  Bitmap Heap Scan on sbtest1  (cost=22.91..3941.78 rows=1022 width=4)
	        Recheck Cond: ((id >= 9370357) AND (id <= 9371356))
	        ->  Bitmap Index Scan on sbtest1_pkey  (cost=0.00..22.65 rows=1022 width=0)
	              Index Cond: ((id >= 9370357) AND (id <= 9371356))

table 2 : explain SELECT SUM(k) FROM sbtest2 WHERE id BETWEEN 6807187 AND 6808186
	Aggregate  (cost=3741.07..3741.08 rows=1 width=8)
	  ->  Bitmap Heap Scan on sbtest2  (cost=22.36..3738.65 rows=968 width=4)
	        Recheck Cond: ((id >= 6807187) AND (id <= 6808186))
	        ->  Bitmap Index Scan on sbtest2_pkey  (cost=0.00..22.11 rows=968 width=0)
	              Index Cond: ((id >= 6807187) AND (id <= 6808186))

table 3 : explain SELECT SUM(k) FROM sbtest3 WHERE id BETWEEN 6630934 AND 6631933
	Aggregate  (cost=3756.49..3756.50 rows=1 width=8)
	  ->  Bitmap Heap Scan on sbtest3  (cost=22.40..3754.06 rows=972 width=4)
	        Recheck Cond: ((id >= 6630934) AND (id <= 6631933))
	        ->  Bitmap Index Scan on sbtest3_pkey  (cost=0.00..22.15 rows=972 width=0)
	              Index Cond: ((id >= 6630934) AND (id <= 6631933))

table 4 : explain SELECT SUM(k) FROM sbtest4 WHERE id BETWEEN 9530305 AND 9531304
	Aggregate  (cost=3737.90..3737.91 rows=1 width=8)
	  ->  Bitmap Heap Scan on sbtest4  (cost=22.35..3735.48 rows=967 width=4)
	        Recheck Cond: ((id >= 9530305) AND (id <= 9531304))
	        ->  Bitmap Index Scan on sbtest4_pkey  (cost=0.00..22.11 rows=967 width=0)
	              Index Cond: ((id >= 9530305) AND (id <= 9531304))

table 5 : explain SELECT SUM(k) FROM sbtest5 WHERE id BETWEEN 8566443 AND 8567442
	Aggregate  (cost=3888.76..3888.77 rows=1 width=8)
	  ->  Bitmap Heap Scan on sbtest5  (cost=22.76..3886.25 rows=1007 width=4)
	        Recheck Cond: ((id >= 8566443) AND (id <= 8567442))
	        ->  Bitmap Index Scan on sbtest5_pkey  (cost=0.00..22.50 rows=1007 width=0)
	              Index Cond: ((id >= 8566443) AND (id <= 8567442))

table 6 : explain SELECT SUM(k) FROM sbtest6 WHERE id BETWEEN 8486549 AND 8487548
	Aggregate  (cost=3916.16..3916.17 rows=1 width=8)
	  ->  Bitmap Heap Scan on sbtest6  (cost=22.83..3913.62 rows=1014 width=4)
	        Recheck Cond: ((id >= 8486549) AND (id <= 8487548))
	        ->  Bitmap Index Scan on sbtest6_pkey  (cost=0.00..22.57 rows=1014 width=0)
	              Index Cond: ((id >= 8486549) AND (id <= 8487548))

table 7 : explain SELECT SUM(k) FROM sbtest7 WHERE id BETWEEN 4831132 AND 4832131
	Aggregate  (cost=3851.70..3851.71 rows=1 width=8)
	  ->  Bitmap Heap Scan on sbtest7  (cost=22.65..3849.21 rows=997 width=4)
	        Recheck Cond: ((id >= 4831132) AND (id <= 4832131))
	        ->  Bitmap Index Scan on sbtest7_pkey  (cost=0.00..22.40 rows=997 width=0)
	              Index Cond: ((id >= 4831132) AND (id <= 4832131))

table 8 : explain SELECT SUM(k) FROM sbtest8 WHERE id BETWEEN 8144543 AND 8145542
	Aggregate  (cost=4037.41..4037.42 rows=1 width=8)
	  ->  Bitmap Heap Scan on sbtest8  (cost=23.16..4034.79 rows=1046 width=4)
	        Recheck Cond: ((id >= 8144543) AND (id <= 8145542))
	        ->  Bitmap Index Scan on sbtest8_pkey  (cost=0.00..22.89 rows=1046 width=0)
	              Index Cond: ((id >= 8144543) AND (id <= 8145542))

for point_selects
table 1 : explain SELECT c FROM sbtest1 WHERE id=2787819
	Index Scan using sbtest1_pkey on sbtest1  (cost=0.43..8.45 rows=1 width=121)
	  Index Cond: (id = 2787819)

table 2 : explain SELECT c FROM sbtest2 WHERE id=930988
	Index Scan using sbtest2_pkey on sbtest2  (cost=0.43..8.45 rows=1 width=121)
	  Index Cond: (id = 930988)

table 3 : explain SELECT c FROM sbtest3 WHERE id=5893216
	Index Scan using sbtest3_pkey on sbtest3  (cost=0.43..8.45 rows=1 width=121)
	  Index Cond: (id = 5893216)

table 4 : explain SELECT c FROM sbtest4 WHERE id=750258
	Index Scan using sbtest4_pkey on sbtest4  (cost=0.43..8.45 rows=1 width=121)
	  Index Cond: (id = 750258)

table 5 : explain SELECT c FROM sbtest5 WHERE id=7405373
	Index Scan using sbtest5_pkey on sbtest5  (cost=0.43..8.45 rows=1 width=121)
	  Index Cond: (id = 7405373)

table 6 : explain SELECT c FROM sbtest6 WHERE id=7828906
	Index Scan using sbtest6_pkey on sbtest6  (cost=0.43..8.45 rows=1 width=121)
	  Index Cond: (id = 7828906)

table 7 : explain SELECT c FROM sbtest7 WHERE id=1575186
	Index Scan using sbtest7_pkey on sbtest7  (cost=0.43..8.45 rows=1 width=121)
	  Index Cond: (id = 1575186)

table 8 : explain SELECT c FROM sbtest8 WHERE id=5712712
	Index Scan using sbtest8_pkey on sbtest8  (cost=0.43..8.45 rows=1 width=121)
	  Index Cond: (id = 5712712)

for: sum_ranges
table 1 : explain SELECT SUM(k) FROM sbtest1 WHERE id BETWEEN 2578160 AND 2579159
	Aggregate  (cost=3665.54..3665.55 rows=1 width=8)
	  ->  Bitmap Heap Scan on sbtest1  (cost=22.15..3663.17 rows=948 width=4)
	        Recheck Cond: ((id >= 2578160) AND (id <= 2579159))
	        ->  Bitmap Index Scan on sbtest1_pkey  (cost=0.00..21.91 rows=948 width=0)
	              Index Cond: ((id >= 2578160) AND (id <= 2579159))

table 2 : explain SELECT SUM(k) FROM sbtest2 WHERE id BETWEEN 4034205 AND 4035204
	Aggregate  (cost=4087.34..4087.35 rows=1 width=8)
	  ->  Bitmap Heap Scan on sbtest2  (cost=23.30..4084.69 rows=1060 width=4)
	        Recheck Cond: ((id >= 4034205) AND (id <= 4035204))
	        ->  Bitmap Index Scan on sbtest2_pkey  (cost=0.00..23.04 rows=1060 width=0)
	              Index Cond: ((id >= 4034205) AND (id <= 4035204))

table 3 : explain SELECT SUM(k) FROM sbtest3 WHERE id BETWEEN 7135679 AND 7136678
	Aggregate  (cost=4181.66..4181.67 rows=1 width=8)
	  ->  Bitmap Heap Scan on sbtest3  (cost=23.56..4178.95 rows=1085 width=4)
	        Recheck Cond: ((id >= 7135679) AND (id <= 7136678))
	        ->  Bitmap Index Scan on sbtest3_pkey  (cost=0.00..23.29 rows=1085 width=0)
	              Index Cond: ((id >= 7135679) AND (id <= 7136678))

table 4 : explain SELECT SUM(k) FROM sbtest4 WHERE id BETWEEN 6530060 AND 6531059
	Aggregate  (cost=3530.29..3530.30 rows=1 width=8)
	  ->  Bitmap Heap Scan on sbtest4  (cost=21.78..3528.01 rows=912 width=4)
	        Recheck Cond: ((id >= 6530060) AND (id <= 6531059))
	        ->  Bitmap Index Scan on sbtest4_pkey  (cost=0.00..21.55 rows=912 width=0)
	              Index Cond: ((id >= 6530060) AND (id <= 6531059))

table 5 : explain SELECT SUM(k) FROM sbtest5 WHERE id BETWEEN 767451 AND 768450
	Aggregate  (cost=4189.62..4189.63 rows=1 width=8)
	  ->  Bitmap Heap Scan on sbtest5  (cost=23.58..4186.91 rows=1087 width=4)
	        Recheck Cond: ((id >= 767451) AND (id <= 768450))
	        ->  Bitmap Index Scan on sbtest5_pkey  (cost=0.00..23.30 rows=1087 width=0)
	              Index Cond: ((id >= 767451) AND (id <= 768450))

table 6 : explain SELECT SUM(k) FROM sbtest6 WHERE id BETWEEN 9951206 AND 9952205
	Aggregate  (cost=3591.75..3591.76 rows=1 width=8)
	  ->  Bitmap Heap Scan on sbtest6  (cost=21.95..3589.43 rows=928 width=4)
	        Recheck Cond: ((id >= 9951206) AND (id <= 9952205))
	        ->  Bitmap Index Scan on sbtest6_pkey  (cost=0.00..21.71 rows=928 width=0)
	              Index Cond: ((id >= 9951206) AND (id <= 9952205))

table 7 : explain SELECT SUM(k) FROM sbtest7 WHERE id BETWEEN 3023491 AND 3024490
	Aggregate  (cost=4032.42..4032.43 rows=1 width=8)
	  ->  Bitmap Heap Scan on sbtest7  (cost=23.15..4029.81 rows=1045 width=4)
	        Recheck Cond: ((id >= 3023491) AND (id <= 3024490))
	        ->  Bitmap Index Scan on sbtest7_pkey  (cost=0.00..22.89 rows=1045 width=0)
	              Index Cond: ((id >= 3023491) AND (id <= 3024490))

table 8 : explain SELECT SUM(k) FROM sbtest8 WHERE id BETWEEN 1572153 AND 1573152
	Aggregate  (cost=3875.46..3875.47 rows=1 width=8)
	  ->  Bitmap Heap Scan on sbtest8  (cost=22.72..3872.95 rows=1003 width=4)
	        Recheck Cond: ((id >= 1572153) AND (id <= 1573152))
	        ->  Bitmap Index Scan on sbtest8_pkey  (cost=0.00..22.46 rows=1003 width=0)
	              Index Cond: ((id >= 1572153) AND (id <= 1573152))

for: order_ranges
table 1 : explain SELECT c FROM sbtest1 WHERE id BETWEEN 1955036 AND 1956035 ORDER BY c
	Sort  (cost=4023.40..4025.97 rows=1030 width=121)
	  Sort Key: c
	  ->  Bitmap Heap Scan on sbtest1  (cost=22.99..3971.85 rows=1030 width=121)
	        Recheck Cond: ((id >= 1955036) AND (id <= 1956035))
	        ->  Bitmap Index Scan on sbtest1_pkey  (cost=0.00..22.73 rows=1030 width=0)
	              Index Cond: ((id >= 1955036) AND (id <= 1956035))

table 2 : explain SELECT c FROM sbtest2 WHERE id BETWEEN 66962 AND 67961 ORDER BY c
	Sort  (cost=3725.45..3727.83 rows=952 width=121)
	  Sort Key: c
	  ->  Bitmap Heap Scan on sbtest2  (cost=22.19..3678.35 rows=952 width=121)
	        Recheck Cond: ((id >= 66962) AND (id <= 67961))
	        ->  Bitmap Index Scan on sbtest2_pkey  (cost=0.00..21.95 rows=952 width=0)
	              Index Cond: ((id >= 66962) AND (id <= 67961))

table 3 : explain SELECT c FROM sbtest3 WHERE id BETWEEN 5432837 AND 5433836 ORDER BY c
	Sort  (cost=3981.90..3984.45 rows=1019 width=121)
	  Sort Key: c
	  ->  Bitmap Heap Scan on sbtest3  (cost=22.88..3930.98 rows=1019 width=121)
	        Recheck Cond: ((id >= 5432837) AND (id <= 5433836))
	        ->  Bitmap Index Scan on sbtest3_pkey  (cost=0.00..22.62 rows=1019 width=0)
	              Index Cond: ((id >= 5432837) AND (id <= 5433836))

table 4 : explain SELECT c FROM sbtest4 WHERE id BETWEEN 4277187 AND 4278186 ORDER BY c
	Sort  (cost=3947.80..3950.33 rows=1010 width=121)
	  Sort Key: c
	  ->  Bitmap Heap Scan on sbtest4  (cost=22.79..3897.40 rows=1010 width=121)
	        Recheck Cond: ((id >= 4277187) AND (id <= 4278186))
	        ->  Bitmap Index Scan on sbtest4_pkey  (cost=0.00..22.54 rows=1010 width=0)
	              Index Cond: ((id >= 4277187) AND (id <= 4278186))

table 5 : explain SELECT c FROM sbtest5 WHERE id BETWEEN 8964001 AND 8965000 ORDER BY c
	Sort  (cost=4218.86..4221.56 rows=1081 width=121)
	  Sort Key: c
	  ->  Bitmap Heap Scan on sbtest5  (cost=23.52..4164.39 rows=1081 width=121)
	        Recheck Cond: ((id >= 8964001) AND (id <= 8965000))
	        ->  Bitmap Index Scan on sbtest5_pkey  (cost=0.00..23.25 rows=1081 width=0)
	              Index Cond: ((id >= 8964001) AND (id <= 8965000))

table 6 : explain SELECT c FROM sbtest6 WHERE id BETWEEN 5116167 AND 5117166 ORDER BY c
	Sort  (cost=3868.68..3871.16 rows=989 width=121)
	  Sort Key: c
	  ->  Bitmap Heap Scan on sbtest6  (cost=22.57..3819.48 rows=989 width=121)
	        Recheck Cond: ((id >= 5116167) AND (id <= 5117166))
	        ->  Bitmap Index Scan on sbtest6_pkey  (cost=0.00..22.32 rows=989 width=0)
	              Index Cond: ((id >= 5116167) AND (id <= 5117166))

table 7 : explain SELECT c FROM sbtest7 WHERE id BETWEEN 8482934 AND 8483933 ORDER BY c
	Sort  (cost=3856.81..3859.28 rows=986 width=121)
	  Sort Key: c
	  ->  Bitmap Heap Scan on sbtest7  (cost=22.54..3807.78 rows=986 width=121)
	        Recheck Cond: ((id >= 8482934) AND (id <= 8483933))
	        ->  Bitmap Index Scan on sbtest7_pkey  (cost=0.00..22.29 rows=986 width=0)
	              Index Cond: ((id >= 8482934) AND (id <= 8483933))

table 8 : explain SELECT c FROM sbtest8 WHERE id BETWEEN 6910910 AND 6911909 ORDER BY c
	Sort  (cost=3716.29..3718.67 rows=949 width=121)
	  Sort Key: c
	  ->  Bitmap Heap Scan on sbtest8  (cost=22.16..3669.37 rows=949 width=121)
	        Recheck Cond: ((id >= 6910910) AND (id <= 6911909))
	        ->  Bitmap Index Scan on sbtest8_pkey  (cost=0.00..21.93 rows=949 width=0)
	              Index Cond: ((id >= 6910910) AND (id <= 6911909))

for: order_ranges
table 1 : explain SELECT c FROM sbtest1 WHERE id BETWEEN 3486826 AND 3487825 ORDER BY c
	Sort  (cost=4046.29..4048.88 rows=1036 width=121)
	  Sort Key: c
	  ->  Bitmap Heap Scan on sbtest1  (cost=23.05..3994.40 rows=1036 width=121)
	        Recheck Cond: ((id >= 3486826) AND (id <= 3487825))
	        ->  Bitmap Index Scan on sbtest1_pkey  (cost=0.00..22.79 rows=1036 width=0)
	              Index Cond: ((id >= 3486826) AND (id <= 3487825))

table 2 : explain SELECT c FROM sbtest2 WHERE id BETWEEN 7198506 AND 7199505 ORDER BY c
	Sort  (cost=4015.88..4018.45 rows=1028 width=121)
	  Sort Key: c
	  ->  Bitmap Heap Scan on sbtest2  (cost=22.97..3964.45 rows=1028 width=121)
	        Recheck Cond: ((id >= 7198506) AND (id <= 7199505))
	        ->  Bitmap Index Scan on sbtest2_pkey  (cost=0.00..22.71 rows=1028 width=0)
	              Index Cond: ((id >= 7198506) AND (id <= 7199505))

table 3 : explain SELECT c FROM sbtest3 WHERE id BETWEEN 8930062 AND 8931061 ORDER BY c
	Sort  (cost=4111.65..4114.29 rows=1053 width=121)
	  Sort Key: c
	  ->  Bitmap Heap Scan on sbtest3  (cost=23.23..4058.79 rows=1053 width=121)
	        Recheck Cond: ((id >= 8930062) AND (id <= 8931061))
	        ->  Bitmap Index Scan on sbtest3_pkey  (cost=0.00..22.96 rows=1053 width=0)
	              Index Cond: ((id >= 8930062) AND (id <= 8931061))

table 4 : explain SELECT c FROM sbtest4 WHERE id BETWEEN 3300548 AND 3301547 ORDER BY c
	Sort  (cost=3993.63..3996.19 rows=1022 width=121)
	  Sort Key: c
	  ->  Bitmap Heap Scan on sbtest4  (cost=22.91..3942.55 rows=1022 width=121)
	        Recheck Cond: ((id >= 3300548) AND (id <= 3301547))
	        ->  Bitmap Index Scan on sbtest4_pkey  (cost=0.00..22.65 rows=1022 width=0)
	              Index Cond: ((id >= 3300548) AND (id <= 3301547))

table 5 : explain SELECT c FROM sbtest5 WHERE id BETWEEN 8505919 AND 8506918 ORDER BY c
	Sort  (cost=3936.47..3938.99 rows=1007 width=121)
	  Sort Key: c
	  ->  Bitmap Heap Scan on sbtest5  (cost=22.76..3886.25 rows=1007 width=121)
	        Recheck Cond: ((id >= 8505919) AND (id <= 8506918))
	        ->  Bitmap Index Scan on sbtest5_pkey  (cost=0.00..22.50 rows=1007 width=0)
	              Index Cond: ((id >= 8505919) AND (id <= 8506918))

table 6 : explain SELECT c FROM sbtest6 WHERE id BETWEEN 5434802 AND 5435801 ORDER BY c
	Sort  (cost=3665.82..3668.16 rows=936 width=121)
	  Sort Key: c
	  ->  Bitmap Heap Scan on sbtest6  (cost=22.03..3619.63 rows=936 width=121)
	        Recheck Cond: ((id >= 5434802) AND (id <= 5435801))
	        ->  Bitmap Index Scan on sbtest6_pkey  (cost=0.00..21.79 rows=936 width=0)
	              Index Cond: ((id >= 5434802) AND (id <= 5435801))

table 7 : explain SELECT c FROM sbtest7 WHERE id BETWEEN 107479 AND 108478 ORDER BY c
	Sort  (cost=3715.24..3717.61 rows=949 width=121)
	  Sort Key: c
	  ->  Bitmap Heap Scan on sbtest7  (cost=22.16..3668.31 rows=949 width=121)
	        Recheck Cond: ((id >= 107479) AND (id <= 108478))
	        ->  Bitmap Index Scan on sbtest7_pkey  (cost=0.00..21.93 rows=949 width=0)
	              Index Cond: ((id >= 107479) AND (id <= 108478))

table 8 : explain SELECT c FROM sbtest8 WHERE id BETWEEN 6878072 AND 6879071 ORDER BY c
	Sort  (cost=3716.29..3718.67 rows=949 width=121)
	  Sort Key: c
	  ->  Bitmap Heap Scan on sbtest8  (cost=22.16..3669.37 rows=949 width=121)
	        Recheck Cond: ((id >= 6878072) AND (id <= 6879071))
	        ->  Bitmap Index Scan on sbtest8_pkey  (cost=0.00..21.93 rows=949 width=0)
	              Index Cond: ((id >= 6878072) AND (id <= 6879071))

for point_selects
table 1 : explain SELECT c FROM sbtest1 WHERE id=8185747
	Index Scan using sbtest1_pkey on sbtest1  (cost=0.43..8.45 rows=1 width=121)
	  Index Cond: (id = 8185747)

table 2 : explain SELECT c FROM sbtest2 WHERE id=3738271
	Index Scan using sbtest2_pkey on sbtest2  (cost=0.43..8.45 rows=1 width=121)
	  Index Cond: (id = 3738271)

table 3 : explain SELECT c FROM sbtest3 WHERE id=6061424
	Index Scan using sbtest3_pkey on sbtest3  (cost=0.43..8.45 rows=1 width=121)
	  Index Cond: (id = 6061424)

table 4 : explain SELECT c FROM sbtest4 WHERE id=2722732
	Index Scan using sbtest4_pkey on sbtest4  (cost=0.43..8.45 rows=1 width=121)
	  Index Cond: (id = 2722732)

table 5 : explain SELECT c FROM sbtest5 WHERE id=478386
	Index Scan using sbtest5_pkey on sbtest5  (cost=0.43..8.45 rows=1 width=121)
	  Index Cond: (id = 478386)

table 6 : explain SELECT c FROM sbtest6 WHERE id=5124222
	Index Scan using sbtest6_pkey on sbtest6  (cost=0.43..8.45 rows=1 width=121)
	  Index Cond: (id = 5124222)

table 7 : explain SELECT c FROM sbtest7 WHERE id=144504
	Index Scan using sbtest7_pkey on sbtest7  (cost=0.43..8.45 rows=1 width=121)
	  Index Cond: (id = 144504)

table 8 : explain SELECT c FROM sbtest8 WHERE id=7433301
	Index Scan using sbtest8_pkey on sbtest8  (cost=0.43..8.45 rows=1 width=121)
	  Index Cond: (id = 7433301)

for: order_ranges
table 1 : explain SELECT c FROM sbtest1 WHERE id BETWEEN 5976340 AND 5977339 ORDER BY c
	Sort  (cost=3664.11..3666.45 rows=936 width=121)
	  Sort Key: c
	  ->  Bitmap Heap Scan on sbtest1  (cost=22.03..3617.92 rows=936 width=121)
	        Recheck Cond: ((id >= 5976340) AND (id <= 5977339))
	        ->  Bitmap Index Scan on sbtest1_pkey  (cost=0.00..21.79 rows=936 width=0)
	              Index Cond: ((id >= 5976340) AND (id <= 5977339))

table 2 : explain SELECT c FROM sbtest2 WHERE id BETWEEN 2601392 AND 2602391 ORDER BY c
	Sort  (cost=3736.93..3739.32 rows=955 width=121)
	  Sort Key: c
	  ->  Bitmap Heap Scan on sbtest2  (cost=22.22..3689.66 rows=955 width=121)
	        Recheck Cond: ((id >= 2601392) AND (id <= 2602391))
	        ->  Bitmap Index Scan on sbtest2_pkey  (cost=0.00..21.98 rows=955 width=0)
	              Index Cond: ((id >= 2601392) AND (id <= 2602391))

table 3 : explain SELECT c FROM sbtest3 WHERE id BETWEEN 3673362 AND 3674361 ORDER BY c
	Sort  (cost=3775.52..3777.94 rows=965 width=121)
	  Sort Key: c
	  ->  Bitmap Heap Scan on sbtest3  (cost=22.33..3727.69 rows=965 width=121)
	        Recheck Cond: ((id >= 3673362) AND (id <= 3674361))
	        ->  Bitmap Index Scan on sbtest3_pkey  (cost=0.00..22.08 rows=965 width=0)
	              Index Cond: ((id >= 3673362) AND (id <= 3674361))

table 4 : explain SELECT c FROM sbtest4 WHERE id BETWEEN 8664717 AND 8665716 ORDER BY c
	Sort  (cost=3940.16..3942.68 rows=1008 width=121)
	  Sort Key: c
	  ->  Bitmap Heap Scan on sbtest4  (cost=22.77..3889.87 rows=1008 width=121)
	        Recheck Cond: ((id >= 8664717) AND (id <= 8665716))
	        ->  Bitmap Index Scan on sbtest4_pkey  (cost=0.00..22.51 rows=1008 width=0)
	              Index Cond: ((id >= 8664717) AND (id <= 8665716))

table 5 : explain SELECT c FROM sbtest5 WHERE id BETWEEN 8222616 AND 8223615 ORDER BY c
	Sort  (cost=4043.40..4045.99 rows=1035 width=121)
	  Sort Key: c
	  ->  Bitmap Heap Scan on sbtest5  (cost=23.04..3991.57 rows=1035 width=121)
	        Recheck Cond: ((id >= 8222616) AND (id <= 8223615))
	        ->  Bitmap Index Scan on sbtest5_pkey  (cost=0.00..22.79 rows=1035 width=0)
	              Index Cond: ((id >= 8222616) AND (id <= 8223615))

table 6 : explain SELECT c FROM sbtest6 WHERE id BETWEEN 8746001 AND 8747000 ORDER BY c
	Sort  (cost=3929.85..3932.37 rows=1005 width=121)
	  Sort Key: c
	  ->  Bitmap Heap Scan on sbtest6  (cost=22.74..3879.74 rows=1005 width=121)
	        Recheck Cond: ((id >= 8746001) AND (id <= 8747000))
	        ->  Bitmap Index Scan on sbtest6_pkey  (cost=0.00..22.48 rows=1005 width=0)
	              Index Cond: ((id >= 8746001) AND (id <= 8747000))

table 7 : explain SELECT c FROM sbtest7 WHERE id BETWEEN 1337969 AND 1338968 ORDER BY c
	Sort  (cost=4002.03..4004.59 rows=1024 width=121)
	  Sort Key: c
	  ->  Bitmap Heap Scan on sbtest7  (cost=22.93..3950.83 rows=1024 width=121)
	        Recheck Cond: ((id >= 1337969) AND (id <= 1338968))
	        ->  Bitmap Index Scan on sbtest7_pkey  (cost=0.00..22.68 rows=1024 width=0)
	              Index Cond: ((id >= 1337969) AND (id <= 1338968))

table 8 : explain SELECT c FROM sbtest8 WHERE id BETWEEN 7976322 AND 7977321 ORDER BY c
	Sort  (cost=3972.65..3975.19 rows=1016 width=121)
	  Sort Key: c
	  ->  Bitmap Heap Scan on sbtest8  (cost=22.85..3921.90 rows=1016 width=121)
	        Recheck Cond: ((id >= 7976322) AND (id <= 7977321))
	        ->  Bitmap Index Scan on sbtest8_pkey  (cost=0.00..22.59 rows=1016 width=0)
	              Index Cond: ((id >= 7976322) AND (id <= 7977321))

for: simple_ranges
table 1 : explain SELECT c FROM sbtest1 WHERE id BETWEEN 145857 AND 146856
	Bitmap Heap Scan on sbtest1  (cost=22.47..3779.97 rows=979 width=121)
	  Recheck Cond: ((id >= 145857) AND (id <= 146856))
	  ->  Bitmap Index Scan on sbtest1_pkey  (cost=0.00..22.22 rows=979 width=0)
	        Index Cond: ((id >= 145857) AND (id <= 146856))

table 2 : explain SELECT c FROM sbtest2 WHERE id BETWEEN 2099987 AND 2100986
	Bitmap Heap Scan on sbtest2  (cost=23.04..3990.77 rows=1035 width=121)
	  Recheck Cond: ((id >= 2099987) AND (id <= 2100986))
	  ->  Bitmap Index Scan on sbtest2_pkey  (cost=0.00..22.79 rows=1035 width=0)
	        Index Cond: ((id >= 2099987) AND (id <= 2100986))

table 3 : explain SELECT c FROM sbtest3 WHERE id BETWEEN 7731670 AND 7732669
	Bitmap Heap Scan on sbtest3  (cost=22.46..3776.66 rows=978 width=121)
	  Recheck Cond: ((id >= 7731670) AND (id <= 7732669))
	  ->  Bitmap Index Scan on sbtest3_pkey  (cost=0.00..22.21 rows=978 width=0)
	        Index Cond: ((id >= 7731670) AND (id <= 7732669))

table 4 : explain SELECT c FROM sbtest4 WHERE id BETWEEN 8826879 AND 8827878
	Bitmap Heap Scan on sbtest4  (cost=22.51..3795.76 rows=983 width=121)
	  Recheck Cond: ((id >= 8826879) AND (id <= 8827878))
	  ->  Bitmap Index Scan on sbtest4_pkey  (cost=0.00..22.26 rows=983 width=0)
	        Index Cond: ((id >= 8826879) AND (id <= 8827878))

table 5 : explain SELECT c FROM sbtest5 WHERE id BETWEEN 4518774 AND 4519773
	Bitmap Heap Scan on sbtest5  (cost=22.26..3705.45 rows=959 width=121)
	  Recheck Cond: ((id >= 4518774) AND (id <= 4519773))
	  ->  Bitmap Index Scan on sbtest5_pkey  (cost=0.00..22.02 rows=959 width=0)
	        Index Cond: ((id >= 4518774) AND (id <= 4519773))

table 6 : explain SELECT c FROM sbtest6 WHERE id BETWEEN 1519506 AND 1520505
	Bitmap Heap Scan on sbtest6  (cost=22.46..3778.03 rows=978 width=121)
	  Recheck Cond: ((id >= 1519506) AND (id <= 1520505))
	  ->  Bitmap Index Scan on sbtest6_pkey  (cost=0.00..22.21 rows=978 width=0)
	        Index Cond: ((id >= 1519506) AND (id <= 1520505))

table 7 : explain SELECT c FROM sbtest7 WHERE id BETWEEN 617567 AND 618566
	Bitmap Heap Scan on sbtest7  (cost=21.83..3547.54 rows=917 width=121)
	  Recheck Cond: ((id >= 617567) AND (id <= 618566))
	  ->  Bitmap Index Scan on sbtest7_pkey  (cost=0.00..21.61 rows=917 width=0)
	        Index Cond: ((id >= 617567) AND (id <= 618566))

table 8 : explain SELECT c FROM sbtest8 WHERE id BETWEEN 8106384 AND 8107383
	Bitmap Heap Scan on sbtest8  (cost=23.16..4034.79 rows=1046 width=121)
	  Recheck Cond: ((id >= 8106384) AND (id <= 8107383))
	  ->  Bitmap Index Scan on sbtest8_pkey  (cost=0.00..22.89 rows=1046 width=0)
	        Index Cond: ((id >= 8106384) AND (id <= 8107383))

for: order_ranges
table 1 : explain SELECT c FROM sbtest1 WHERE id BETWEEN 1789169 AND 1790168 ORDER BY c
	Sort  (cost=4301.94..4304.70 rows=1103 width=121)
	  Sort Key: c
	  ->  Bitmap Heap Scan on sbtest1  (cost=27.74..4246.20 rows=1103 width=121)
	        Recheck Cond: ((id >= 1789169) AND (id <= 1790168))
	        ->  Bitmap Index Scan on sbtest1_pkey  (cost=0.00..27.46 rows=1103 width=0)
	              Index Cond: ((id >= 1789169) AND (id <= 1790168))

table 2 : explain SELECT c FROM sbtest2 WHERE id BETWEEN 2344252 AND 2345251 ORDER BY c
	Sort  (cost=3614.44..3616.74 rows=923 width=121)
	  Sort Key: c
	  ->  Bitmap Heap Scan on sbtest2  (cost=21.90..3568.98 rows=923 width=121)
	        Recheck Cond: ((id >= 2344252) AND (id <= 2345251))
	        ->  Bitmap Index Scan on sbtest2_pkey  (cost=0.00..21.66 rows=923 width=0)
	              Index Cond: ((id >= 2344252) AND (id <= 2345251))

table 3 : explain SELECT c FROM sbtest3 WHERE id BETWEEN 8065678 AND 8066677 ORDER BY c
	Sort  (cost=3855.82..3858.29 rows=986 width=121)
	  Sort Key: c
	  ->  Bitmap Heap Scan on sbtest3  (cost=22.54..3806.79 rows=986 width=121)
	        Recheck Cond: ((id >= 8065678) AND (id <= 8066677))
	        ->  Bitmap Index Scan on sbtest3_pkey  (cost=0.00..22.29 rows=986 width=0)
	              Index Cond: ((id >= 8065678) AND (id <= 8066677))

table 4 : explain SELECT c FROM sbtest4 WHERE id BETWEEN 3330269 AND 3331268 ORDER BY c
	Sort  (cost=3993.63..3996.19 rows=1022 width=121)
	  Sort Key: c
	  ->  Bitmap Heap Scan on sbtest4  (cost=22.91..3942.55 rows=1022 width=121)
	        Recheck Cond: ((id >= 3330269) AND (id <= 3331268))
	        ->  Bitmap Index Scan on sbtest4_pkey  (cost=0.00..22.65 rows=1022 width=0)
	              Index Cond: ((id >= 3330269) AND (id <= 3331268))

table 5 : explain SELECT c FROM sbtest5 WHERE id BETWEEN 8964931 AND 8965930 ORDER BY c
	Sort  (cost=4218.86..4221.56 rows=1081 width=121)
	  Sort Key: c
	  ->  Bitmap Heap Scan on sbtest5  (cost=23.52..4164.39 rows=1081 width=121)
	        Recheck Cond: ((id >= 8964931) AND (id <= 8965930))
	        ->  Bitmap Index Scan on sbtest5_pkey  (cost=0.00..23.25 rows=1081 width=0)
	              Index Cond: ((id >= 8964931) AND (id <= 8965930))

table 6 : explain SELECT c FROM sbtest6 WHERE id BETWEEN 2330023 AND 2331022 ORDER BY c
	Sort  (cost=3700.30..3702.66 rows=945 width=121)
	  Sort Key: c
	  ->  Bitmap Heap Scan on sbtest6  (cost=22.12..3653.59 rows=945 width=121)
	        Recheck Cond: ((id >= 2330023) AND (id <= 2331022))
	        ->  Bitmap Index Scan on sbtest6_pkey  (cost=0.00..21.89 rows=945 width=0)
	              Index Cond: ((id >= 2330023) AND (id <= 2331022))

table 7 : explain SELECT c FROM sbtest7 WHERE id BETWEEN 8978428 AND 8979427 ORDER BY c
	Sort  (cost=4097.48..4100.10 rows=1049 width=121)
	  Sort Key: c
	  ->  Bitmap Heap Scan on sbtest7  (cost=23.19..4044.85 rows=1049 width=121)
	        Recheck Cond: ((id >= 8978428) AND (id <= 8979427))
	        ->  Bitmap Index Scan on sbtest7_pkey  (cost=0.00..22.93 rows=1049 width=0)
	              Index Cond: ((id >= 8978428) AND (id <= 8979427))

table 8 : explain SELECT c FROM sbtest8 WHERE id BETWEEN 5285466 AND 5286465 ORDER BY c
	Sort  (cost=4018.50..4021.07 rows=1028 width=121)
	  Sort Key: c
	  ->  Bitmap Heap Scan on sbtest8  (cost=22.97..3967.07 rows=1028 width=121)
	        Recheck Cond: ((id >= 5285466) AND (id <= 5286465))
	        ->  Bitmap Index Scan on sbtest8_pkey  (cost=0.00..22.71 rows=1028 width=0)
	              Index Cond: ((id >= 5285466) AND (id <= 5286465))

for: distinct_ranges
table 1 : explain SELECT DISTINCT c FROM sbtest1 WHERE id BETWEEN 4673131 AND 4674130 ORDER BY c
	Unique  (cost=3992.86..3997.97 rows=1022 width=121)
	  ->  Sort  (cost=3992.86..3995.42 rows=1022 width=121)
	        Sort Key: c
	        ->  Bitmap Heap Scan on sbtest1  (cost=22.91..3941.78 rows=1022 width=121)
	              Recheck Cond: ((id >= 4673131) AND (id <= 4674130))
	              ->  Bitmap Index Scan on sbtest1_pkey  (cost=0.00..22.65 rows=1022 width=0)
	                    Index Cond: ((id >= 4673131) AND (id <= 4674130))

table 2 : explain SELECT DISTINCT c FROM sbtest2 WHERE id BETWEEN 6451986 AND 6452985 ORDER BY c
	Unique  (cost=4172.27..4177.61 rows=1069 width=121)
	  ->  Sort  (cost=4172.27..4174.94 rows=1069 width=121)
	        Sort Key: c
	        ->  Bitmap Heap Scan on sbtest2  (cost=23.39..4118.48 rows=1069 width=121)
	              Recheck Cond: ((id >= 6451986) AND (id <= 6452985))
	              ->  Bitmap Index Scan on sbtest2_pkey  (cost=0.00..23.12 rows=1069 width=0)
	                    Index Cond: ((id >= 6451986) AND (id <= 6452985))

table 3 : explain SELECT DISTINCT c FROM sbtest3 WHERE id BETWEEN 4809941 AND 4810940 ORDER BY c
	Unique  (cost=4016.26..4021.40 rows=1028 width=121)
	  ->  Sort  (cost=4016.26..4018.83 rows=1028 width=121)
	        Sort Key: c
	        ->  Bitmap Heap Scan on sbtest3  (cost=22.97..3964.83 rows=1028 width=121)
	              Recheck Cond: ((id >= 4809941) AND (id <= 4810940))
	              ->  Bitmap Index Scan on sbtest3_pkey  (cost=0.00..22.71 rows=1028 width=0)
	                    Index Cond: ((id >= 4809941) AND (id <= 4810940))

table 4 : explain SELECT DISTINCT c FROM sbtest4 WHERE id BETWEEN 1659990 AND 1660989 ORDER BY c
	Unique  (cost=4104.31..4109.57 rows=1051 width=121)
	  ->  Sort  (cost=4104.31..4106.94 rows=1051 width=121)
	        Sort Key: c
	        ->  Bitmap Heap Scan on sbtest4  (cost=23.21..4051.57 rows=1051 width=121)
	              Recheck Cond: ((id >= 1659990) AND (id <= 1660989))
	              ->  Bitmap Index Scan on sbtest4_pkey  (cost=0.00..22.94 rows=1051 width=0)
	                    Index Cond: ((id >= 1659990) AND (id <= 1660989))

table 5 : explain SELECT DISTINCT c FROM sbtest5 WHERE id BETWEEN 9117958 AND 9118957 ORDER BY c
	Unique  (cost=3630.44..3635.07 rows=927 width=121)
	  ->  Sort  (cost=3630.44..3632.75 rows=927 width=121)
	        Sort Key: c
	        ->  Bitmap Heap Scan on sbtest5  (cost=21.94..3584.75 rows=927 width=121)
	              Recheck Cond: ((id >= 9117958) AND (id <= 9118957))
	              ->  Bitmap Index Scan on sbtest5_pkey  (cost=0.00..21.70 rows=927 width=0)
	                    Index Cond: ((id >= 9117958) AND (id <= 9118957))

table 6 : explain SELECT DISTINCT c FROM sbtest6 WHERE id BETWEEN 7373253 AND 7374252 ORDER BY c
	Unique  (cost=3765.38..3770.19 rows=962 width=121)
	  ->  Sort  (cost=3765.38..3767.79 rows=962 width=121)
	        Sort Key: c
	        ->  Bitmap Heap Scan on sbtest6  (cost=22.30..3717.72 rows=962 width=121)
	              Recheck Cond: ((id >= 7373253) AND (id <= 7374252))
	              ->  Bitmap Index Scan on sbtest6_pkey  (cost=0.00..22.05 rows=962 width=0)
	                    Index Cond: ((id >= 7373253) AND (id <= 7374252))

table 7 : explain SELECT DISTINCT c FROM sbtest7 WHERE id BETWEEN 8589216 AND 8590215 ORDER BY c
	Unique  (cost=4196.66..4202.04 rows=1075 width=121)
	  ->  Sort  (cost=4196.66..4199.35 rows=1075 width=121)
	        Sort Key: c
	        ->  Bitmap Heap Scan on sbtest7  (cost=23.45..4142.54 rows=1075 width=121)
	              Recheck Cond: ((id >= 8589216) AND (id <= 8590215))
	              ->  Bitmap Index Scan on sbtest7_pkey  (cost=0.00..23.18 rows=1075 width=0)
	                    Index Cond: ((id >= 8589216) AND (id <= 8590215))

table 8 : explain SELECT DISTINCT c FROM sbtest8 WHERE id BETWEEN 643516 AND 644515 ORDER BY c
	Unique  (cost=3968.82..3973.90 rows=1015 width=121)
	  ->  Sort  (cost=3968.82..3971.36 rows=1015 width=121)
	        Sort Key: c
	        ->  Bitmap Heap Scan on sbtest8  (cost=22.84..3918.14 rows=1015 width=121)
	              Recheck Cond: ((id >= 643516) AND (id <= 644515))
	              ->  Bitmap Index Scan on sbtest8_pkey  (cost=0.00..22.58 rows=1015 width=0)
	                    Index Cond: ((id >= 643516) AND (id <= 644515))

for: order_ranges
table 1 : explain SELECT c FROM sbtest1 WHERE id BETWEEN 865789 AND 866788 ORDER BY c
	Sort  (cost=3679.42..3681.77 rows=940 width=121)
	  Sort Key: c
	  ->  Bitmap Heap Scan on sbtest1  (cost=22.07..3633.00 rows=940 width=121)
	        Recheck Cond: ((id >= 865789) AND (id <= 866788))
	        ->  Bitmap Index Scan on sbtest1_pkey  (cost=0.00..21.83 rows=940 width=0)
	              Index Cond: ((id >= 865789) AND (id <= 866788))

table 2 : explain SELECT c FROM sbtest2 WHERE id BETWEEN 2973603 AND 2974602 ORDER BY c
	Sort  (cost=3989.16..3991.71 rows=1021 width=121)
	  Sort Key: c
	  ->  Bitmap Heap Scan on sbtest2  (cost=22.90..3938.13 rows=1021 width=121)
	        Recheck Cond: ((id >= 2973603) AND (id <= 2974602))
	        ->  Bitmap Index Scan on sbtest2_pkey  (cost=0.00..22.64 rows=1021 width=0)
	              Index Cond: ((id >= 2973603) AND (id <= 2974602))

table 3 : explain SELECT c FROM sbtest3 WHERE id BETWEEN 4160139 AND 4161138 ORDER BY c
	Sort  (cost=4020.08..4022.65 rows=1029 width=121)
	  Sort Key: c
	  ->  Bitmap Heap Scan on sbtest3  (cost=22.98..3968.59 rows=1029 width=121)
	        Recheck Cond: ((id >= 4160139) AND (id <= 4161138))
	        ->  Bitmap Index Scan on sbtest3_pkey  (cost=0.00..22.72 rows=1029 width=0)
	              Index Cond: ((id >= 4160139) AND (id <= 4161138))

table 4 : explain SELECT c FROM sbtest4 WHERE id BETWEEN 8596068 AND 8597067 ORDER BY c
	Sort  (cost=3940.16..3942.68 rows=1008 width=121)
	  Sort Key: c
	  ->  Bitmap Heap Scan on sbtest4  (cost=22.77..3889.87 rows=1008 width=121)
	        Recheck Cond: ((id >= 8596068) AND (id <= 8597067))
	        ->  Bitmap Index Scan on sbtest4_pkey  (cost=0.00..22.51 rows=1008 width=0)
	              Index Cond: ((id >= 8596068) AND (id <= 8597067))

table 5 : explain SELECT c FROM sbtest5 WHERE id BETWEEN 1227354 AND 1228353 ORDER BY c
	Sort  (cost=3917.37..3919.88 rows=1002 width=121)
	  Sort Key: c
	  ->  Bitmap Heap Scan on sbtest5  (cost=22.71..3867.43 rows=1002 width=121)
	        Recheck Cond: ((id >= 1227354) AND (id <= 1228353))
	        ->  Bitmap Index Scan on sbtest5_pkey  (cost=0.00..22.45 rows=1002 width=0)
	              Index Cond: ((id >= 1227354) AND (id <= 1228353))

table 6 : explain SELECT c FROM sbtest6 WHERE id BETWEEN 4028206 AND 4029205 ORDER BY c
	Sort  (cost=3646.67..3649.00 rows=931 width=121)
	  Sort Key: c
	  ->  Bitmap Heap Scan on sbtest6  (cost=21.98..3600.76 rows=931 width=121)
	        Recheck Cond: ((id >= 4028206) AND (id <= 4029205))
	        ->  Bitmap Index Scan on sbtest6_pkey  (cost=0.00..21.75 rows=931 width=0)
	              Index Cond: ((id >= 4028206) AND (id <= 4029205))

table 7 : explain SELECT c FROM sbtest7 WHERE id BETWEEN 8871235 AND 8872234 ORDER BY c
	Sort  (cost=3948.55..3951.08 rows=1010 width=121)
	  Sort Key: c
	  ->  Bitmap Heap Scan on sbtest7  (cost=22.79..3898.15 rows=1010 width=121)
	        Recheck Cond: ((id >= 8871235) AND (id <= 8872234))
	        ->  Bitmap Index Scan on sbtest7_pkey  (cost=0.00..22.54 rows=1010 width=0)
	              Index Cond: ((id >= 8871235) AND (id <= 8872234))

table 8 : explain SELECT c FROM sbtest8 WHERE id BETWEEN 3508671 AND 3509670 ORDER BY c
	Sort  (cost=3846.45..3848.91 rows=983 width=121)
	  Sort Key: c
	  ->  Bitmap Heap Scan on sbtest8  (cost=22.51..3797.59 rows=983 width=121)
	        Recheck Cond: ((id >= 3508671) AND (id <= 3509670))
	        ->  Bitmap Index Scan on sbtest8_pkey  (cost=0.00..22.26 rows=983 width=0)
	              Index Cond: ((id >= 3508671) AND (id <= 3509670))

for: simple_ranges
table 1 : explain SELECT c FROM sbtest1 WHERE id BETWEEN 434301 AND 435300
	Bitmap Heap Scan on sbtest1  (cost=22.75..3881.60 rows=1006 width=121)
	  Recheck Cond: ((id >= 434301) AND (id <= 435300))
	  ->  Bitmap Index Scan on sbtest1_pkey  (cost=0.00..22.50 rows=1006 width=0)
	        Index Cond: ((id >= 434301) AND (id <= 435300))

table 2 : explain SELECT c FROM sbtest2 WHERE id BETWEEN 7130936 AND 7131935
	Bitmap Heap Scan on sbtest2  (cost=23.00..3975.73 rows=1031 width=121)
	  Recheck Cond: ((id >= 7130936) AND (id <= 7131935))
	  ->  Bitmap Index Scan on sbtest2_pkey  (cost=0.00..22.75 rows=1031 width=0)
	        Index Cond: ((id >= 7130936) AND (id <= 7131935))

table 3 : explain SELECT c FROM sbtest3 WHERE id BETWEEN 3279030 AND 3280029
	Bitmap Heap Scan on sbtest3  (cost=22.95..3957.31 rows=1026 width=121)
	  Recheck Cond: ((id >= 3279030) AND (id <= 3280029))
	  ->  Bitmap Index Scan on sbtest3_pkey  (cost=0.00..22.69 rows=1026 width=0)
	        Index Cond: ((id >= 3279030) AND (id <= 3280029))

table 4 : explain SELECT c FROM sbtest4 WHERE id BETWEEN 2479656 AND 2480655
	Bitmap Heap Scan on sbtest4  (cost=23.18..4040.29 rows=1048 width=121)
	  Recheck Cond: ((id >= 2479656) AND (id <= 2480655))
	  ->  Bitmap Index Scan on sbtest4_pkey  (cost=0.00..22.91 rows=1048 width=0)
	        Index Cond: ((id >= 2479656) AND (id <= 2480655))

table 5 : explain SELECT c FROM sbtest5 WHERE id BETWEEN 8092912 AND 8093911
	Bitmap Heap Scan on sbtest5  (cost=22.38..3746.91 rows=970 width=121)
	  Recheck Cond: ((id >= 8092912) AND (id <= 8093911))
	  ->  Bitmap Index Scan on sbtest5_pkey  (cost=0.00..22.14 rows=970 width=0)
	        Index Cond: ((id >= 8092912) AND (id <= 8093911))

table 6 : explain SELECT c FROM sbtest6 WHERE id BETWEEN 625376 AND 626375
	Bitmap Heap Scan on sbtest6  (cost=22.51..3796.87 rows=983 width=121)
	  Recheck Cond: ((id >= 625376) AND (id <= 626375))
	  ->  Bitmap Index Scan on sbtest6_pkey  (cost=0.00..22.26 rows=983 width=0)
	        Index Cond: ((id >= 625376) AND (id <= 626375))

table 7 : explain SELECT c FROM sbtest7 WHERE id BETWEEN 2000741 AND 2001740
	Bitmap Heap Scan on sbtest7  (cost=22.26..3706.02 rows=959 width=121)
	  Recheck Cond: ((id >= 2000741) AND (id <= 2001740))
	  ->  Bitmap Index Scan on sbtest7_pkey  (cost=0.00..22.02 rows=959 width=0)
	        Index Cond: ((id >= 2000741) AND (id <= 2001740))

table 8 : explain SELECT c FROM sbtest8 WHERE id BETWEEN 7454670 AND 7455669
	Bitmap Heap Scan on sbtest8  (cost=27.36..4113.99 rows=1066 width=121)
	  Recheck Cond: ((id >= 7454670) AND (id <= 7455669))
	  ->  Bitmap Index Scan on sbtest8_pkey  (cost=0.00..27.09 rows=1066 width=0)
	        Index Cond: ((id >= 7454670) AND (id <= 7455669))

for: distinct_ranges
table 1 : explain SELECT DISTINCT c FROM sbtest1 WHERE id BETWEEN 2214001 AND 2215000 ORDER BY c
	Unique  (cost=3870.64..3875.59 rows=990 width=121)
	  ->  Sort  (cost=3870.64..3873.12 rows=990 width=121)
	        Sort Key: c
	        ->  Bitmap Heap Scan on sbtest1  (cost=22.58..3821.38 rows=990 width=121)
	              Recheck Cond: ((id >= 2214001) AND (id <= 2215000))
	              ->  Bitmap Index Scan on sbtest1_pkey  (cost=0.00..22.33 rows=990 width=0)
	                    Index Cond: ((id >= 2214001) AND (id <= 2215000))

table 2 : explain SELECT DISTINCT c FROM sbtest2 WHERE id BETWEEN 732815 AND 733814 ORDER BY c
	Unique  (cost=3805.77..3810.64 rows=973 width=121)
	  ->  Sort  (cost=3805.77..3808.21 rows=973 width=121)
	        Sort Key: c
	        ->  Bitmap Heap Scan on sbtest2  (cost=22.41..3757.48 rows=973 width=121)
	              Recheck Cond: ((id >= 732815) AND (id <= 733814))
	              ->  Bitmap Index Scan on sbtest2_pkey  (cost=0.00..22.16 rows=973 width=0)
	                    Index Cond: ((id >= 732815) AND (id <= 733814))

table 3 : explain SELECT DISTINCT c FROM sbtest3 WHERE id BETWEEN 3949693 AND 3950692 ORDER BY c
	Unique  (cost=3744.92..3749.70 rows=957 width=121)
	  ->  Sort  (cost=3744.92..3747.31 rows=957 width=121)
	        Sort Key: c
	        ->  Bitmap Heap Scan on sbtest3  (cost=22.24..3697.54 rows=957 width=121)
	              Recheck Cond: ((id >= 3949693) AND (id <= 3950692))
	              ->  Bitmap Index Scan on sbtest3_pkey  (cost=0.00..22.00 rows=957 width=0)
	                    Index Cond: ((id >= 3949693) AND (id <= 3950692))

table 4 : explain SELECT DISTINCT c FROM sbtest4 WHERE id BETWEEN 1081858 AND 1082857 ORDER BY c
	Unique  (cost=4073.79..4079.01 rows=1043 width=121)
	  ->  Sort  (cost=4073.79..4076.40 rows=1043 width=121)
	        Sort Key: c
	        ->  Bitmap Heap Scan on sbtest4  (cost=23.13..4021.50 rows=1043 width=121)
	              Recheck Cond: ((id >= 1081858) AND (id <= 1082857))
	              ->  Bitmap Index Scan on sbtest4_pkey  (cost=0.00..22.86 rows=1043 width=0)
	                    Index Cond: ((id >= 1081858) AND (id <= 1082857))

table 5 : explain SELECT DISTINCT c FROM sbtest5 WHERE id BETWEEN 808936 AND 809935 ORDER BY c
	Unique  (cost=4012.86..4017.99 rows=1027 width=121)
	  ->  Sort  (cost=4012.86..4015.43 rows=1027 width=121)
	        Sort Key: c
	        ->  Bitmap Heap Scan on sbtest5  (cost=22.96..3961.49 rows=1027 width=121)
	              Recheck Cond: ((id >= 808936) AND (id <= 809935))
	              ->  Bitmap Index Scan on sbtest5_pkey  (cost=0.00..22.70 rows=1027 width=0)
	                    Index Cond: ((id >= 808936) AND (id <= 809935))

table 6 : explain SELECT DISTINCT c FROM sbtest6 WHERE id BETWEEN 9363694 AND 9364693 ORDER BY c
	Unique  (cost=3971.89..3976.97 rows=1016 width=121)
	  ->  Sort  (cost=3971.89..3974.43 rows=1016 width=121)
	        Sort Key: c
	        ->  Bitmap Heap Scan on sbtest6  (cost=22.85..3921.15 rows=1016 width=121)
	              Recheck Cond: ((id >= 9363694) AND (id <= 9364693))
	              ->  Bitmap Index Scan on sbtest6_pkey  (cost=0.00..22.59 rows=1016 width=0)
	                    Index Cond: ((id >= 9363694) AND (id <= 9364693))

table 7 : explain SELECT DISTINCT c FROM sbtest7 WHERE id BETWEEN 1382556 AND 1383555 ORDER BY c
	Unique  (cost=4002.03..4007.15 rows=1024 width=121)
	  ->  Sort  (cost=4002.03..4004.59 rows=1024 width=121)
	        Sort Key: c
	        ->  Bitmap Heap Scan on sbtest7  (cost=22.93..3950.83 rows=1024 width=121)
	              Recheck Cond: ((id >= 1382556) AND (id <= 1383555))
	              ->  Bitmap Index Scan on sbtest7_pkey  (cost=0.00..22.68 rows=1024 width=0)
	                    Index Cond: ((id >= 1382556) AND (id <= 1383555))

table 8 : explain SELECT DISTINCT c FROM sbtest8 WHERE id BETWEEN 3575345 AND 3576344 ORDER BY c
	Unique  (cost=3999.40..4004.51 rows=1023 width=121)
	  ->  Sort  (cost=3999.40..4001.95 rows=1023 width=121)
	        Sort Key: c
	        ->  Bitmap Heap Scan on sbtest8  (cost=22.92..3948.25 rows=1023 width=121)
	              Recheck Cond: ((id >= 3575345) AND (id <= 3576344))
	              ->  Bitmap Index Scan on sbtest8_pkey  (cost=0.00..22.66 rows=1023 width=0)
	                    Index Cond: ((id >= 3575345) AND (id <= 3576344))

for: order_ranges
table 1 : explain SELECT c FROM sbtest1 WHERE id BETWEEN 6547656 AND 6548655 ORDER BY c
	Sort  (cost=3610.51..3612.81 rows=922 width=121)
	  Sort Key: c
	  ->  Bitmap Heap Scan on sbtest1  (cost=21.89..3565.10 rows=922 width=121)
	        Recheck Cond: ((id >= 6547656) AND (id <= 6548655))
	        ->  Bitmap Index Scan on sbtest1_pkey  (cost=0.00..21.65 rows=922 width=0)
	              Index Cond: ((id >= 6547656) AND (id <= 6548655))

table 2 : explain SELECT c FROM sbtest2 WHERE id BETWEEN 3068832 AND 3069831 ORDER BY c
	Sort  (cost=4134.14..4136.79 rows=1059 width=121)
	  Sort Key: c
	  ->  Bitmap Heap Scan on sbtest2  (cost=23.29..4080.94 rows=1059 width=121)
	        Recheck Cond: ((id >= 3068832) AND (id <= 3069831))
	        ->  Bitmap Index Scan on sbtest2_pkey  (cost=0.00..23.02 rows=1059 width=0)
	              Index Cond: ((id >= 3068832) AND (id <= 3069831))

table 3 : explain SELECT c FROM sbtest3 WHERE id BETWEEN 8571839 AND 8572838 ORDER BY c
	Sort  (cost=3557.29..3559.56 rows=908 width=121)
	  Sort Key: c
	  ->  Bitmap Heap Scan on sbtest3  (cost=21.74..3512.67 rows=908 width=121)
	        Recheck Cond: ((id >= 8571839) AND (id <= 8572838))
	        ->  Bitmap Index Scan on sbtest3_pkey  (cost=0.00..21.51 rows=908 width=0)
	              Index Cond: ((id >= 8571839) AND (id <= 8572838))

table 4 : explain SELECT c FROM sbtest4 WHERE id BETWEEN 7540995 AND 7541994 ORDER BY c
	Sort  (cost=3714.55..3716.93 rows=949 width=121)
	  Sort Key: c
	  ->  Bitmap Heap Scan on sbtest4  (cost=22.16..3667.63 rows=949 width=121)
	        Recheck Cond: ((id >= 7540995) AND (id <= 7541994))
	        ->  Bitmap Index Scan on sbtest4_pkey  (cost=0.00..21.93 rows=949 width=0)
	              Index Cond: ((id >= 7540995) AND (id <= 7541994))

table 5 : explain SELECT c FROM sbtest5 WHERE id BETWEEN 7564543 AND 7565542 ORDER BY c
	Sort  (cost=4016.68..4019.25 rows=1028 width=121)
	  Sort Key: c
	  ->  Bitmap Heap Scan on sbtest5  (cost=22.97..3965.25 rows=1028 width=121)
	        Recheck Cond: ((id >= 7564543) AND (id <= 7565542))
	        ->  Bitmap Index Scan on sbtest5_pkey  (cost=0.00..22.71 rows=1028 width=0)
	              Index Cond: ((id >= 7564543) AND (id <= 7565542))

table 6 : explain SELECT c FROM sbtest6 WHERE id BETWEEN 3530989 AND 3531988 ORDER BY c
	Sort  (cost=4109.37..4112.00 rows=1052 width=121)
	  Sort Key: c
	  ->  Bitmap Heap Scan on sbtest6  (cost=23.22..4056.56 rows=1052 width=121)
	        Recheck Cond: ((id >= 3530989) AND (id <= 3531988))
	        ->  Bitmap Index Scan on sbtest6_pkey  (cost=0.00..22.95 rows=1052 width=0)
	              Index Cond: ((id >= 3530989) AND (id <= 3531988))

table 7 : explain SELECT c FROM sbtest7 WHERE id BETWEEN 5685211 AND 5686210 ORDER BY c
	Sort  (cost=4017.31..4019.88 rows=1028 width=121)
	  Sort Key: c
	  ->  Bitmap Heap Scan on sbtest7  (cost=22.97..3965.88 rows=1028 width=121)
	        Recheck Cond: ((id >= 5685211) AND (id <= 5686210))
	        ->  Bitmap Index Scan on sbtest7_pkey  (cost=0.00..22.71 rows=1028 width=0)
	              Index Cond: ((id >= 5685211) AND (id <= 5686210))

table 8 : explain SELECT c FROM sbtest8 WHERE id BETWEEN 518274 AND 519273 ORDER BY c
	Sort  (cost=3945.89..3948.41 rows=1009 width=121)
	  Sort Key: c
	  ->  Bitmap Heap Scan on sbtest8  (cost=22.78..3895.55 rows=1009 width=121)
	        Recheck Cond: ((id >= 518274) AND (id <= 519273))
	        ->  Bitmap Index Scan on sbtest8_pkey  (cost=0.00..22.52 rows=1009 width=0)
	              Index Cond: ((id >= 518274) AND (id <= 519273))

for: order_ranges
table 1 : explain SELECT c FROM sbtest1 WHERE id BETWEEN 7975945 AND 7976944 ORDER BY c
	Sort  (cost=3679.42..3681.77 rows=940 width=121)
	  Sort Key: c
	  ->  Bitmap Heap Scan on sbtest1  (cost=22.07..3633.00 rows=940 width=121)
	        Recheck Cond: ((id >= 7975945) AND (id <= 7976944))
	        ->  Bitmap Index Scan on sbtest1_pkey  (cost=0.00..21.83 rows=940 width=0)
	              Index Cond: ((id >= 7975945) AND (id <= 7976944))

table 2 : explain SELECT c FROM sbtest2 WHERE id BETWEEN 6207047 AND 6208046 ORDER BY c
	Sort  (cost=3824.89..3827.33 rows=978 width=121)
	  Sort Key: c
	  ->  Bitmap Heap Scan on sbtest2  (cost=22.46..3776.31 rows=978 width=121)
	        Recheck Cond: ((id >= 6207047) AND (id <= 6208046))
	        ->  Bitmap Index Scan on sbtest2_pkey  (cost=0.00..22.21 rows=978 width=0)
	              Index Cond: ((id >= 6207047) AND (id <= 6208046))

table 3 : explain SELECT c FROM sbtest3 WHERE id BETWEEN 6305431 AND 6306430 ORDER BY c
	Sort  (cost=3932.25..3934.76 rows=1006 width=121)
	  Sort Key: c
	  ->  Bitmap Heap Scan on sbtest3  (cost=22.75..3882.08 rows=1006 width=121)
	        Recheck Cond: ((id >= 6305431) AND (id <= 6306430))
	        ->  Bitmap Index Scan on sbtest3_pkey  (cost=0.00..22.50 rows=1006 width=0)
	              Index Cond: ((id >= 6305431) AND (id <= 6306430))

table 4 : explain SELECT c FROM sbtest4 WHERE id BETWEEN 6251788 AND 6252787 ORDER BY c
	Sort  (cost=3844.62..3847.08 rows=983 width=121)
	  Sort Key: c
	  ->  Bitmap Heap Scan on sbtest4  (cost=22.51..3795.76 rows=983 width=121)
	        Recheck Cond: ((id >= 6251788) AND (id <= 6252787))
	        ->  Bitmap Index Scan on sbtest4_pkey  (cost=0.00..22.26 rows=983 width=0)
	              Index Cond: ((id >= 6251788) AND (id <= 6252787))

table 5 : explain SELECT c FROM sbtest5 WHERE id BETWEEN 7021068 AND 7022067 ORDER BY c
	Sort  (cost=3641.93..3644.25 rows=930 width=121)
	  Sort Key: c
	  ->  Bitmap Heap Scan on sbtest5  (cost=21.97..3596.07 rows=930 width=121)
	        Recheck Cond: ((id >= 7021068) AND (id <= 7022067))
	        ->  Bitmap Index Scan on sbtest5_pkey  (cost=0.00..21.73 rows=930 width=0)
	              Index Cond: ((id >= 7021068) AND (id <= 7022067))

table 6 : explain SELECT c FROM sbtest6 WHERE id BETWEEN 1961076 AND 1962075 ORDER BY c
	Sort  (cost=3895.45..3897.94 rows=996 width=121)
	  Sort Key: c
	  ->  Bitmap Heap Scan on sbtest6  (cost=22.64..3845.85 rows=996 width=121)
	        Recheck Cond: ((id >= 1961076) AND (id <= 1962075))
	        ->  Bitmap Index Scan on sbtest6_pkey  (cost=0.00..22.39 rows=996 width=0)
	              Index Cond: ((id >= 1961076) AND (id <= 1962075))

table 7 : explain SELECT c FROM sbtest7 WHERE id BETWEEN 6910837 AND 6911836 ORDER BY c
	Sort  (cost=4192.85..4195.53 rows=1074 width=121)
	  Sort Key: c
	  ->  Bitmap Heap Scan on sbtest7  (cost=23.44..4138.78 rows=1074 width=121)
	        Recheck Cond: ((id >= 6910837) AND (id <= 6911836))
	        ->  Bitmap Index Scan on sbtest7_pkey  (cost=0.00..23.18 rows=1074 width=0)
	              Index Cond: ((id >= 6910837) AND (id <= 6911836))

table 8 : explain SELECT c FROM sbtest8 WHERE id BETWEEN 9346864 AND 9347863 ORDER BY c
	Sort  (cost=3689.48..3691.83 rows=942 width=121)
	  Sort Key: c
	  ->  Bitmap Heap Scan on sbtest8  (cost=22.09..3642.95 rows=942 width=121)
	        Recheck Cond: ((id >= 9346864) AND (id <= 9347863))
	        ->  Bitmap Index Scan on sbtest8_pkey  (cost=0.00..21.86 rows=942 width=0)
	              Index Cond: ((id >= 9346864) AND (id <= 9347863))

for: distinct_ranges
table 1 : explain SELECT DISTINCT c FROM sbtest1 WHERE id BETWEEN 4101190 AND 4102189 ORDER BY c
	Unique  (cost=4008.13..4013.26 rows=1026 width=121)
	  ->  Sort  (cost=4008.13..4010.69 rows=1026 width=121)
	        Sort Key: c
	        ->  Bitmap Heap Scan on sbtest1  (cost=22.95..3956.81 rows=1026 width=121)
	              Recheck Cond: ((id >= 4101190) AND (id <= 4102189))
	              ->  Bitmap Index Scan on sbtest1_pkey  (cost=0.00..22.69 rows=1026 width=0)
	                    Index Cond: ((id >= 4101190) AND (id <= 4102189))

table 2 : explain SELECT DISTINCT c FROM sbtest2 WHERE id BETWEEN 9222166 AND 9223165 ORDER BY c
	Unique  (cost=4309.69..4315.21 rows=1105 width=121)
	  ->  Sort  (cost=4309.69..4312.45 rows=1105 width=121)
	        Sort Key: c
	        ->  Bitmap Heap Scan on sbtest2  (cost=27.76..4253.83 rows=1105 width=121)
	              Recheck Cond: ((id >= 9222166) AND (id <= 9223165))
	              ->  Bitmap Index Scan on sbtest2_pkey  (cost=0.00..27.48 rows=1105 width=0)
	                    Index Cond: ((id >= 9222166) AND (id <= 9223165))

table 3 : explain SELECT DISTINCT c FROM sbtest3 WHERE id BETWEEN 7269517 AND 7270516 ORDER BY c
	Unique  (cost=4054.43..4059.62 rows=1038 width=121)
	  ->  Sort  (cost=4054.43..4057.02 rows=1038 width=121)
	        Sort Key: c
	        ->  Bitmap Heap Scan on sbtest3  (cost=23.07..4002.42 rows=1038 width=121)
	              Recheck Cond: ((id >= 7269517) AND (id <= 7270516))
	              ->  Bitmap Index Scan on sbtest3_pkey  (cost=0.00..22.82 rows=1038 width=0)
	                    Index Cond: ((id >= 7269517) AND (id <= 7270516))

table 4 : explain SELECT DISTINCT c FROM sbtest4 WHERE id BETWEEN 5910768 AND 5911767 ORDER BY c
	Unique  (cost=4131.02..4136.31 rows=1058 width=121)
	  ->  Sort  (cost=4131.02..4133.66 rows=1058 width=121)
	        Sort Key: c
	        ->  Bitmap Heap Scan on sbtest4  (cost=23.28..4077.87 rows=1058 width=121)
	              Recheck Cond: ((id >= 5910768) AND (id <= 5911767))
	              ->  Bitmap Index Scan on sbtest4_pkey  (cost=0.00..23.01 rows=1058 width=0)
	                    Index Cond: ((id >= 5910768) AND (id <= 5911767))

table 5 : explain SELECT DISTINCT c FROM sbtest5 WHERE id BETWEEN 2109196 AND 2110195 ORDER BY c
	Unique  (cost=3649.59..3654.25 rows=932 width=121)
	  ->  Sort  (cost=3649.59..3651.92 rows=932 width=121)
	        Sort Key: c
	        ->  Bitmap Heap Scan on sbtest5  (cost=21.99..3603.62 rows=932 width=121)
	              Recheck Cond: ((id >= 2109196) AND (id <= 2110195))
	              ->  Bitmap Index Scan on sbtest5_pkey  (cost=0.00..21.75 rows=932 width=0)
	                    Index Cond: ((id >= 2109196) AND (id <= 2110195))

table 6 : explain SELECT DISTINCT c FROM sbtest6 WHERE id BETWEEN 2308972 AND 2309971 ORDER BY c
	Unique  (cost=3700.30..3705.02 rows=945 width=121)
	  ->  Sort  (cost=3700.30..3702.66 rows=945 width=121)
	        Sort Key: c
	        ->  Bitmap Heap Scan on sbtest6  (cost=22.12..3653.59 rows=945 width=121)
	              Recheck Cond: ((id >= 2308972) AND (id <= 2309971))
	              ->  Bitmap Index Scan on sbtest6_pkey  (cost=0.00..21.89 rows=945 width=0)
	                    Index Cond: ((id >= 2308972) AND (id <= 2309971))

table 7 : explain SELECT DISTINCT c FROM sbtest7 WHERE id BETWEEN 8536175 AND 8537174 ORDER BY c
	Unique  (cost=4196.66..4202.04 rows=1075 width=121)
	  ->  Sort  (cost=4196.66..4199.35 rows=1075 width=121)
	        Sort Key: c
	        ->  Bitmap Heap Scan on sbtest7  (cost=23.45..4142.54 rows=1075 width=121)
	              Recheck Cond: ((id >= 8536175) AND (id <= 8537174))
	              ->  Bitmap Index Scan on sbtest7_pkey  (cost=0.00..23.18 rows=1075 width=0)
	                    Index Cond: ((id >= 8536175) AND (id <= 8537174))

table 8 : explain SELECT DISTINCT c FROM sbtest8 WHERE id BETWEEN 768165 AND 769164 ORDER BY c
	Unique  (cost=4014.68..4019.82 rows=1027 width=121)
	  ->  Sort  (cost=4014.68..4017.25 rows=1027 width=121)
	        Sort Key: c
	        ->  Bitmap Heap Scan on sbtest8  (cost=22.96..3963.31 rows=1027 width=121)
	              Recheck Cond: ((id >= 768165) AND (id <= 769164))
	              ->  Bitmap Index Scan on sbtest8_pkey  (cost=0.00..22.70 rows=1027 width=0)
	                    Index Cond: ((id >= 768165) AND (id <= 769164))

for: simple_ranges
table 1 : explain SELECT c FROM sbtest1 WHERE id BETWEEN 67587 AND 68586
	Bitmap Heap Scan on sbtest1  (cost=21.81..3538.69 rows=915 width=121)
	  Recheck Cond: ((id >= 67587) AND (id <= 68586))
	  ->  Bitmap Index Scan on sbtest1_pkey  (cost=0.00..21.58 rows=915 width=0)
	        Index Cond: ((id >= 67587) AND (id <= 68586))

table 2 : explain SELECT c FROM sbtest2 WHERE id BETWEEN 698130 AND 699129
	Bitmap Heap Scan on sbtest2  (cost=22.36..3738.65 rows=968 width=121)
	  Recheck Cond: ((id >= 698130) AND (id <= 699129))
	  ->  Bitmap Index Scan on sbtest2_pkey  (cost=0.00..22.11 rows=968 width=0)
	        Index Cond: ((id >= 698130) AND (id <= 699129))

table 3 : explain SELECT c FROM sbtest3 WHERE id BETWEEN 5952422 AND 5953421
	Bitmap Heap Scan on sbtest3  (cost=22.61..3833.15 rows=993 width=121)
	  Recheck Cond: ((id >= 5952422) AND (id <= 5953421))
	  ->  Bitmap Index Scan on sbtest3_pkey  (cost=0.00..22.36 rows=993 width=0)
	        Index Cond: ((id >= 5952422) AND (id <= 5953421))

table 4 : explain SELECT c FROM sbtest4 WHERE id BETWEEN 4396572 AND 4397571
	Bitmap Heap Scan on sbtest4  (cost=27.95..4322.06 rows=1123 width=121)
	  Recheck Cond: ((id >= 4396572) AND (id <= 4397571))
	  ->  Bitmap Index Scan on sbtest4_pkey  (cost=0.00..27.66 rows=1123 width=0)
	        Index Cond: ((id >= 4396572) AND (id <= 4397571))

table 5 : explain SELECT c FROM sbtest5 WHERE id BETWEEN 2782151 AND 2783150
	Bitmap Heap Scan on sbtest5  (cost=22.81..3905.06 rows=1012 width=121)
	  Recheck Cond: ((id >= 2782151) AND (id <= 2783150))
	  ->  Bitmap Index Scan on sbtest5_pkey  (cost=0.00..22.55 rows=1012 width=0)
	        Index Cond: ((id >= 2782151) AND (id <= 2783150))

table 6 : explain SELECT c FROM sbtest6 WHERE id BETWEEN 1591325 AND 1592324
	Bitmap Heap Scan on sbtest6  (cost=22.46..3778.03 rows=978 width=121)
	  Recheck Cond: ((id >= 1591325) AND (id <= 1592324))
	  ->  Bitmap Index Scan on sbtest6_pkey  (cost=0.00..22.21 rows=978 width=0)
	        Index Cond: ((id >= 1591325) AND (id <= 1592324))

table 7 : explain SELECT c FROM sbtest7 WHERE id BETWEEN 8720004 AND 8721003
	Bitmap Heap Scan on sbtest7  (cost=23.00..3977.17 rows=1031 width=121)
	  Recheck Cond: ((id >= 8720004) AND (id <= 8721003))
	  ->  Bitmap Index Scan on sbtest7_pkey  (cost=0.00..22.75 rows=1031 width=0)
	        Index Cond: ((id >= 8720004) AND (id <= 8721003))

table 8 : explain SELECT c FROM sbtest8 WHERE id BETWEEN 7744460 AND 7745459
	Bitmap Heap Scan on sbtest8  (cost=22.55..3812.67 rows=987 width=121)
	  Recheck Cond: ((id >= 7744460) AND (id <= 7745459))
	  ->  Bitmap Index Scan on sbtest8_pkey  (cost=0.00..22.30 rows=987 width=0)
	        Index Cond: ((id >= 7744460) AND (id <= 7745459))

for: distinct_ranges
table 1 : explain SELECT DISTINCT c FROM sbtest1 WHERE id BETWEEN 6615313 AND 6616312 ORDER BY c
	Unique  (cost=3610.51..3615.12 rows=922 width=121)
	  ->  Sort  (cost=3610.51..3612.81 rows=922 width=121)
	        Sort Key: c
	        ->  Bitmap Heap Scan on sbtest1  (cost=21.89..3565.10 rows=922 width=121)
	              Recheck Cond: ((id >= 6615313) AND (id <= 6616312))
	              ->  Bitmap Index Scan on sbtest1_pkey  (cost=0.00..21.65 rows=922 width=0)
	                    Index Cond: ((id >= 6615313) AND (id <= 6616312))

table 2 : explain SELECT DISTINCT c FROM sbtest2 WHERE id BETWEEN 7173949 AND 7174948 ORDER BY c
	Unique  (cost=4027.33..4032.49 rows=1031 width=121)
	  ->  Sort  (cost=4027.33..4029.91 rows=1031 width=121)
	        Sort Key: c
	        ->  Bitmap Heap Scan on sbtest2  (cost=23.00..3975.73 rows=1031 width=121)
	              Recheck Cond: ((id >= 7173949) AND (id <= 7174948))
	              ->  Bitmap Index Scan on sbtest2_pkey  (cost=0.00..22.75 rows=1031 width=0)
	                    Index Cond: ((id >= 7173949) AND (id <= 7174948))

table 3 : explain SELECT DISTINCT c FROM sbtest3 WHERE id BETWEEN 3709176 AND 3710175 ORDER BY c
	Unique  (cost=3775.52..3780.35 rows=965 width=121)
	  ->  Sort  (cost=3775.52..3777.94 rows=965 width=121)
	        Sort Key: c
	        ->  Bitmap Heap Scan on sbtest3  (cost=22.33..3727.69 rows=965 width=121)
	              Recheck Cond: ((id >= 3709176) AND (id <= 3710175))
	              ->  Bitmap Index Scan on sbtest3_pkey  (cost=0.00..22.08 rows=965 width=0)
	                    Index Cond: ((id >= 3709176) AND (id <= 3710175))

table 4 : explain SELECT DISTINCT c FROM sbtest4 WHERE id BETWEEN 566233 AND 567232 ORDER BY c
	Unique  (cost=4161.52..4166.85 rows=1066 width=121)
	  ->  Sort  (cost=4161.52..4164.19 rows=1066 width=121)
	        Sort Key: c
	        ->  Bitmap Heap Scan on sbtest4  (cost=23.36..4107.92 rows=1066 width=121)
	              Recheck Cond: ((id >= 566233) AND (id <= 567232))
	              ->  Bitmap Index Scan on sbtest4_pkey  (cost=0.00..23.09 rows=1066 width=0)
	                    Index Cond: ((id >= 566233) AND (id <= 567232))

table 5 : explain SELECT DISTINCT c FROM sbtest5 WHERE id BETWEEN 4955584 AND 4956583 ORDER BY c
	Unique  (cost=3530.80..3535.30 rows=901 width=121)
	  ->  Sort  (cost=3530.80..3533.05 rows=901 width=121)
	        Sort Key: c
	        ->  Bitmap Heap Scan on sbtest5  (cost=21.67..3486.58 rows=901 width=121)
	              Recheck Cond: ((id >= 4955584) AND (id <= 4956583))
	              ->  Bitmap Index Scan on sbtest5_pkey  (cost=0.00..21.44 rows=901 width=0)
	                    Index Cond: ((id >= 4955584) AND (id <= 4956583))

table 6 : explain SELECT DISTINCT c FROM sbtest6 WHERE id BETWEEN 348975 AND 349974 ORDER BY c
	Unique  (cost=4002.46..4007.58 rows=1024 width=121)
	  ->  Sort  (cost=4002.46..4005.02 rows=1024 width=121)
	        Sort Key: c
	        ->  Bitmap Heap Scan on sbtest6  (cost=22.93..3951.26 rows=1024 width=121)
	              Recheck Cond: ((id >= 348975) AND (id <= 349974))
	              ->  Bitmap Index Scan on sbtest6_pkey  (cost=0.00..22.68 rows=1024 width=0)
	                    Index Cond: ((id >= 348975) AND (id <= 349974))

table 7 : explain SELECT DISTINCT c FROM sbtest7 WHERE id BETWEEN 2007356 AND 2008355 ORDER BY c
	Unique  (cost=3753.52..3758.31 rows=959 width=121)
	  ->  Sort  (cost=3753.52..3755.92 rows=959 width=121)
	        Sort Key: c
	        ->  Bitmap Heap Scan on sbtest7  (cost=22.26..3706.02 rows=959 width=121)
	              Recheck Cond: ((id >= 2007356) AND (id <= 2008355))
	              ->  Bitmap Index Scan on sbtest7_pkey  (cost=0.00..22.02 rows=959 width=0)
	                    Index Cond: ((id >= 2007356) AND (id <= 2008355))

table 8 : explain SELECT DISTINCT c FROM sbtest8 WHERE id BETWEEN 7513395 AND 7514394 ORDER BY c
	Unique  (cost=3834.97..3839.87 rows=980 width=121)
	  ->  Sort  (cost=3834.97..3837.42 rows=980 width=121)
	        Sort Key: c
	        ->  Bitmap Heap Scan on sbtest8  (cost=22.48..3786.28 rows=980 width=121)
	              Recheck Cond: ((id >= 7513395) AND (id <= 7514394))
	              ->  Bitmap Index Scan on sbtest8_pkey  (cost=0.00..22.23 rows=980 width=0)
	                    Index Cond: ((id >= 7513395) AND (id <= 7514394))

explain: for point_selects :: explain SELECT c FROM sbtest%u WHERE id=%u
for: distinct_ranges
table 1 : explain SELECT DISTINCT c FROM sbtest1 WHERE id BETWEEN 1138627 AND 1139626 ORDER BY c
	Unique  (cost=3801.84..3806.70 rows=972 width=121)
	  ->  Sort  (cost=3801.84..3804.27 rows=972 width=121)
	        Sort Key: c
	        ->  Bitmap Heap Scan on sbtest1  (cost=22.40..3753.61 rows=972 width=121)
	              Recheck Cond: ((id >= 1138627) AND (id <= 1139626))
	              ->  Bitmap Index Scan on sbtest1_pkey  (cost=0.00..22.15 rows=972 width=0)
	                    Index Cond: ((id >= 1138627) AND (id <= 1139626))

table 2 : explain SELECT DISTINCT c FROM sbtest2 WHERE id BETWEEN 8011837 AND 8012836 ORDER BY c
	Unique  (cost=4225.62..4231.03 rows=1083 width=121)
	  ->  Sort  (cost=4225.62..4228.33 rows=1083 width=121)
	        Sort Key: c
	        ->  Bitmap Heap Scan on sbtest2  (cost=23.54..4171.03 rows=1083 width=121)
	              Recheck Cond: ((id >= 8011837) AND (id <= 8012836))
	              ->  Bitmap Index Scan on sbtest2_pkey  (cost=0.00..23.26 rows=1083 width=0)
	                    Index Cond: ((id >= 8011837) AND (id <= 8012836))

table 3 : explain SELECT DISTINCT c FROM sbtest3 WHERE id BETWEEN 637096 AND 638095 ORDER BY c
	Unique  (cost=3767.87..3772.69 rows=963 width=121)
	  ->  Sort  (cost=3767.87..3770.28 rows=963 width=121)
	        Sort Key: c
	        ->  Bitmap Heap Scan on sbtest3  (cost=22.31..3720.15 rows=963 width=121)
	              Recheck Cond: ((id >= 637096) AND (id <= 638095))
	              ->  Bitmap Index Scan on sbtest3_pkey  (cost=0.00..22.07 rows=963 width=0)
	                    Index Cond: ((id >= 637096) AND (id <= 638095))

table 4 : explain SELECT DISTINCT c FROM sbtest4 WHERE id BETWEEN 457583 AND 458582 ORDER BY c
	Unique  (cost=3680.10..3684.80 rows=940 width=121)
	  ->  Sort  (cost=3680.10..3682.45 rows=940 width=121)
	        Sort Key: c
	        ->  Bitmap Heap Scan on sbtest4  (cost=22.07..3633.68 rows=940 width=121)
	              Recheck Cond: ((id >= 457583) AND (id <= 458582))
	              ->  Bitmap Index Scan on sbtest4_pkey  (cost=0.00..21.83 rows=940 width=0)
	                    Index Cond: ((id >= 457583) AND (id <= 458582))

table 5 : explain SELECT DISTINCT c FROM sbtest5 WHERE id BETWEEN 5203422 AND 5204421 ORDER BY c
	Unique  (cost=4295.34..4300.84 rows=1101 width=121)
	  ->  Sort  (cost=4295.34..4298.09 rows=1101 width=121)
	        Sort Key: c
	        ->  Bitmap Heap Scan on sbtest5  (cost=27.72..4239.71 rows=1101 width=121)
	              Recheck Cond: ((id >= 5203422) AND (id <= 5204421))
	              ->  Bitmap Index Scan on sbtest5_pkey  (cost=0.00..27.44 rows=1101 width=0)
	                    Index Cond: ((id >= 5203422) AND (id <= 5204421))

table 6 : explain SELECT DISTINCT c FROM sbtest6 WHERE id BETWEEN 1420246 AND 1421245 ORDER BY c
	Unique  (cost=3734.76..3739.53 rows=954 width=121)
	  ->  Sort  (cost=3734.76..3737.14 rows=954 width=121)
	        Sort Key: c
	        ->  Bitmap Heap Scan on sbtest6  (cost=22.21..3687.55 rows=954 width=121)
	              Recheck Cond: ((id >= 1420246) AND (id <= 1421245))
	              ->  Bitmap Index Scan on sbtest6_pkey  (cost=0.00..21.97 rows=954 width=0)
	                    Index Cond: ((id >= 1420246) AND (id <= 1421245))

table 7 : explain SELECT DISTINCT c FROM sbtest7 WHERE id BETWEEN 8666980 AND 8667979 ORDER BY c
	Unique  (cost=3914.16..3919.16 rows=1001 width=121)
	  ->  Sort  (cost=3914.16..3916.66 rows=1001 width=121)
	        Sort Key: c
	        ->  Bitmap Heap Scan on sbtest7  (cost=22.70..3864.27 rows=1001 width=121)
	              Recheck Cond: ((id >= 8666980) AND (id <= 8667979))
	              ->  Bitmap Index Scan on sbtest7_pkey  (cost=0.00..22.44 rows=1001 width=0)
	                    Index Cond: ((id >= 8666980) AND (id <= 8667979))

table 8 : explain SELECT DISTINCT c FROM sbtest8 WHERE id BETWEEN 2583577 AND 2584576 ORDER BY c
	Unique  (cost=3842.63..3847.54 rows=982 width=121)
	  ->  Sort  (cost=3842.63..3845.08 rows=982 width=121)
	        Sort Key: c
	        ->  Bitmap Heap Scan on sbtest8  (cost=22.50..3793.82 rows=982 width=121)
	              Recheck Cond: ((id >= 2583577) AND (id <= 2584576))
	              ->  Bitmap Index Scan on sbtest8_pkey  (cost=0.00..22.25 rows=982 width=0)
	                    Index Cond: ((id >= 2583577) AND (id <= 2584576))

for: sum_ranges
table 1 : explain SELECT SUM(k) FROM sbtest1 WHERE id BETWEEN 1606277 AND 1607276
	Aggregate  (cost=3940.57..3940.58 rows=1 width=8)
	  ->  Bitmap Heap Scan on sbtest1  (cost=22.90..3938.01 rows=1021 width=4)
	        Recheck Cond: ((id >= 1606277) AND (id <= 1607276))
	        ->  Bitmap Index Scan on sbtest1_pkey  (cost=0.00..22.64 rows=1021 width=0)
	              Index Cond: ((id >= 1606277) AND (id <= 1607276))

table 2 : explain SELECT SUM(k) FROM sbtest2 WHERE id BETWEEN 8526076 AND 8527075
	Aggregate  (cost=3850.34..3850.35 rows=1 width=8)
	  ->  Bitmap Heap Scan on sbtest2  (cost=22.65..3847.84 rows=997 width=4)
	        Recheck Cond: ((id >= 8526076) AND (id <= 8527075))
	        ->  Bitmap Index Scan on sbtest2_pkey  (cost=0.00..22.40 rows=997 width=0)
	              Index Cond: ((id >= 8526076) AND (id <= 8527075))

table 3 : explain SELECT SUM(k) FROM sbtest3 WHERE id BETWEEN 2111463 AND 2112462
	Aggregate  (cost=3850.70..3850.71 rows=1 width=8)
	  ->  Bitmap Heap Scan on sbtest3  (cost=22.65..3848.21 rows=997 width=4)
	        Recheck Cond: ((id >= 2111463) AND (id <= 2112462))
	        ->  Bitmap Index Scan on sbtest3_pkey  (cost=0.00..22.40 rows=997 width=0)
	              Index Cond: ((id >= 2111463) AND (id <= 2112462))

table 4 : explain SELECT SUM(k) FROM sbtest4 WHERE id BETWEEN 1656085 AND 1657084
	Aggregate  (cost=4054.19..4054.20 rows=1 width=8)
	  ->  Bitmap Heap Scan on sbtest4  (cost=23.21..4051.57 rows=1051 width=4)
	        Recheck Cond: ((id >= 1656085) AND (id <= 1657084))
	        ->  Bitmap Index Scan on sbtest4_pkey  (cost=0.00..22.94 rows=1051 width=0)
	              Index Cond: ((id >= 1656085) AND (id <= 1657084))

table 5 : explain SELECT SUM(k) FROM sbtest5 WHERE id BETWEEN 2522542 AND 2523541
	Aggregate  (cost=3847.33..3847.34 rows=1 width=8)
	  ->  Bitmap Heap Scan on sbtest5  (cost=22.64..3844.84 rows=996 width=4)
	        Recheck Cond: ((id >= 2522542) AND (id <= 2523541))
	        ->  Bitmap Index Scan on sbtest5_pkey  (cost=0.00..22.39 rows=996 width=0)
	              Index Cond: ((id >= 2522542) AND (id <= 2523541))

table 6 : explain SELECT SUM(k) FROM sbtest6 WHERE id BETWEEN 7595794 AND 7596793
	Aggregate  (cost=3938.75..3938.76 rows=1 width=8)
	  ->  Bitmap Heap Scan on sbtest6  (cost=22.89..3936.20 rows=1020 width=4)
	        Recheck Cond: ((id >= 7595794) AND (id <= 7596793))
	        ->  Bitmap Index Scan on sbtest6_pkey  (cost=0.00..22.64 rows=1020 width=0)
	              Index Cond: ((id >= 7595794) AND (id <= 7596793))

table 7 : explain SELECT SUM(k) FROM sbtest7 WHERE id BETWEEN 3443599 AND 3444598
	Aggregate  (cost=3787.63..3787.64 rows=1 width=8)
	  ->  Bitmap Heap Scan on sbtest7  (cost=22.48..3785.18 rows=980 width=4)
	        Recheck Cond: ((id >= 3443599) AND (id <= 3444598))
	        ->  Bitmap Index Scan on sbtest7_pkey  (cost=0.00..22.23 rows=980 width=0)
	              Index Cond: ((id >= 3443599) AND (id <= 3444598))

table 8 : explain SELECT SUM(k) FROM sbtest8 WHERE id BETWEEN 3937894 AND 3938893
	Aggregate  (cost=3649.08..3649.09 rows=1 width=8)
	  ->  Bitmap Heap Scan on sbtest8  (cost=22.10..3646.72 rows=943 width=4)
	        Recheck Cond: ((id >= 3937894) AND (id <= 3938893))
	        ->  Bitmap Index Scan on sbtest8_pkey  (cost=0.00..21.86 rows=943 width=0)
	              Index Cond: ((id >= 3937894) AND (id <= 3938893))

for point_selects
table 1 : explain SELECT c FROM sbtest1 WHERE id=8849790
	Index Scan using sbtest1_pkey on sbtest1  (cost=0.43..8.45 rows=1 width=121)
	  Index Cond: (id = 8849790)

table 2 : explain SELECT c FROM sbtest2 WHERE id=5581556
	Index Scan using sbtest2_pkey on sbtest2  (cost=0.43..8.45 rows=1 width=121)
	  Index Cond: (id = 5581556)

table 3 : explain SELECT c FROM sbtest3 WHERE id=1196805
	Index Scan using sbtest3_pkey on sbtest3  (cost=0.43..8.45 rows=1 width=121)
	  Index Cond: (id = 1196805)

table 4 : explain SELECT c FROM sbtest4 WHERE id=8316761
	Index Scan using sbtest4_pkey on sbtest4  (cost=0.43..8.45 rows=1 width=121)
	  Index Cond: (id = 8316761)

table 5 : explain SELECT c FROM sbtest5 WHERE id=5269278
	Index Scan using sbtest5_pkey on sbtest5  (cost=0.43..8.45 rows=1 width=121)
	  Index Cond: (id = 5269278)

table 6 : explain SELECT c FROM sbtest6 WHERE id=6015682
	Index Scan using sbtest6_pkey on sbtest6  (cost=0.43..8.45 rows=1 width=121)
	  Index Cond: (id = 6015682)

table 7 : explain SELECT c FROM sbtest7 WHERE id=247366
	Index Scan using sbtest7_pkey on sbtest7  (cost=0.43..8.45 rows=1 width=121)
	  Index Cond: (id = 247366)

table 8 : explain SELECT c FROM sbtest8 WHERE id=3524247
	Index Scan using sbtest8_pkey on sbtest8  (cost=0.43..8.45 rows=1 width=121)
	  Index Cond: (id = 3524247)

for: order_ranges
table 1 : explain SELECT c FROM sbtest1 WHERE id BETWEEN 9771308 AND 9772307 ORDER BY c
	Sort  (cost=3698.56..3700.92 rows=945 width=121)
	  Sort Key: c
	  ->  Bitmap Heap Scan on sbtest1  (cost=22.12..3651.86 rows=945 width=121)
	        Recheck Cond: ((id >= 9771308) AND (id <= 9772307))
	        ->  Bitmap Index Scan on sbtest1_pkey  (cost=0.00..21.89 rows=945 width=0)
	              Index Cond: ((id >= 9771308) AND (id <= 9772307))

table 2 : explain SELECT c FROM sbtest2 WHERE id BETWEEN 1007091 AND 1008090 ORDER BY c
	Sort  (cost=3920.42..3922.93 rows=1003 width=121)
	  Sort Key: c
	  ->  Bitmap Heap Scan on sbtest2  (cost=22.72..3870.42 rows=1003 width=121)
	        Recheck Cond: ((id >= 1007091) AND (id <= 1008090))
	        ->  Bitmap Index Scan on sbtest2_pkey  (cost=0.00..22.46 rows=1003 width=0)
	              Index Cond: ((id >= 1007091) AND (id <= 1008090))

table 3 : explain SELECT c FROM sbtest3 WHERE id BETWEEN 1540443 AND 1541442 ORDER BY c
	Sort  (cost=3392.37..3394.54 rows=865 width=121)
	  Sort Key: c
	  ->  Bitmap Heap Scan on sbtest3  (cost=21.30..3350.18 rows=865 width=121)
	        Recheck Cond: ((id >= 1540443) AND (id <= 1541442))
	        ->  Bitmap Index Scan on sbtest3_pkey  (cost=0.00..21.08 rows=865 width=0)
	              Index Cond: ((id >= 1540443) AND (id <= 1541442))

table 4 : explain SELECT c FROM sbtest4 WHERE id BETWEEN 9034554 AND 9035553 ORDER BY c
	Sort  (cost=3718.38..3720.76 rows=950 width=121)
	  Sort Key: c
	  ->  Bitmap Heap Scan on sbtest4  (cost=22.17..3671.40 rows=950 width=121)
	        Recheck Cond: ((id >= 9034554) AND (id <= 9035553))
	        ->  Bitmap Index Scan on sbtest4_pkey  (cost=0.00..21.93 rows=950 width=0)
	              Index Cond: ((id >= 9034554) AND (id <= 9035553))

table 5 : explain SELECT c FROM sbtest5 WHERE id BETWEEN 3111747 AND 3112746 ORDER BY c
	Sort  (cost=3989.95..3992.50 rows=1021 width=121)
	  Sort Key: c
	  ->  Bitmap Heap Scan on sbtest5  (cost=22.90..3938.92 rows=1021 width=121)
	        Recheck Cond: ((id >= 3111747) AND (id <= 3112746))
	        ->  Bitmap Index Scan on sbtest5_pkey  (cost=0.00..22.64 rows=1021 width=0)
	              Index Cond: ((id >= 3111747) AND (id <= 3112746))

table 6 : explain SELECT c FROM sbtest6 WHERE id BETWEEN 3490988 AND 3491987 ORDER BY c
	Sort  (cost=4109.37..4112.00 rows=1052 width=121)
	  Sort Key: c
	  ->  Bitmap Heap Scan on sbtest6  (cost=23.22..4056.56 rows=1052 width=121)
	        Recheck Cond: ((id >= 3490988) AND (id <= 3491987))
	        ->  Bitmap Index Scan on sbtest6_pkey  (cost=0.00..22.95 rows=1052 width=0)
	              Index Cond: ((id >= 3490988) AND (id <= 3491987))

table 7 : explain SELECT c FROM sbtest7 WHERE id BETWEEN 4599398 AND 4600397 ORDER BY c
	Sort  (cost=3661.63..3663.96 rows=935 width=121)
	  Sort Key: c
	  ->  Bitmap Heap Scan on sbtest7  (cost=22.02..3615.49 rows=935 width=121)
	        Recheck Cond: ((id >= 4599398) AND (id <= 4600397))
	        ->  Bitmap Index Scan on sbtest7_pkey  (cost=0.00..21.79 rows=935 width=0)
	              Index Cond: ((id >= 4599398) AND (id <= 4600397))

table 8 : explain SELECT c FROM sbtest8 WHERE id BETWEEN 613868 AND 614867 ORDER BY c
	Sort  (cost=3968.82..3971.36 rows=1015 width=121)
	  Sort Key: c
	  ->  Bitmap Heap Scan on sbtest8  (cost=22.84..3918.14 rows=1015 width=121)
	        Recheck Cond: ((id >= 613868) AND (id <= 614867))
	        ->  Bitmap Index Scan on sbtest8_pkey  (cost=0.00..22.58 rows=1015 width=0)
	              Index Cond: ((id >= 613868) AND (id <= 614867))

for: distinct_ranges
table 1 : explain SELECT DISTINCT c FROM sbtest1 WHERE id BETWEEN 490558 AND 491557 ORDER BY c
	Unique  (cost=3931.77..3936.80 rows=1006 width=121)
	  ->  Sort  (cost=3931.77..3934.28 rows=1006 width=121)
	        Sort Key: c
	        ->  Bitmap Heap Scan on sbtest1  (cost=22.75..3881.60 rows=1006 width=121)
	              Recheck Cond: ((id >= 490558) AND (id <= 491557))
	              ->  Bitmap Index Scan on sbtest1_pkey  (cost=0.00..22.50 rows=1006 width=0)
	                    Index Cond: ((id >= 490558) AND (id <= 491557))

table 2 : explain SELECT DISTINCT c FROM sbtest2 WHERE id BETWEEN 5499278 AND 5500277 ORDER BY c
	Unique  (cost=3530.15..3534.65 rows=901 width=121)
	  ->  Sort  (cost=3530.15..3532.40 rows=901 width=121)
	        Sort Key: c
	        ->  Bitmap Heap Scan on sbtest2  (cost=21.67..3485.93 rows=901 width=121)
	              Recheck Cond: ((id >= 5499278) AND (id <= 5500277))
	              ->  Bitmap Index Scan on sbtest2_pkey  (cost=0.00..21.44 rows=901 width=0)
	                    Index Cond: ((id >= 5499278) AND (id <= 5500277))

table 3 : explain SELECT DISTINCT c FROM sbtest3 WHERE id BETWEEN 2439002 AND 2440001 ORDER BY c
	Unique  (cost=4329.15..4334.70 rows=1110 width=121)
	  ->  Sort  (cost=4329.15..4331.92 rows=1110 width=121)
	        Sort Key: c
	        ->  Bitmap Heap Scan on sbtest3  (cost=27.81..4273.00 rows=1110 width=121)
	              Recheck Cond: ((id >= 2439002) AND (id <= 2440001))
	              ->  Bitmap Index Scan on sbtest3_pkey  (cost=0.00..27.54 rows=1110 width=0)
	                    Index Cond: ((id >= 2439002) AND (id <= 2440001))

table 4 : explain SELECT DISTINCT c FROM sbtest4 WHERE id BETWEEN 5648334 AND 5649333 ORDER BY c
	Unique  (cost=4436.04..4441.73 rows=1138 width=121)
	  ->  Sort  (cost=4436.04..4438.89 rows=1138 width=121)
	        Sort Key: c
	        ->  Bitmap Heap Scan on sbtest4  (cost=28.10..4378.27 rows=1138 width=121)
	              Recheck Cond: ((id >= 5648334) AND (id <= 5649333))
	              ->  Bitmap Index Scan on sbtest4_pkey  (cost=0.00..27.82 rows=1138 width=0)
	                    Index Cond: ((id >= 5648334) AND (id <= 5649333))

table 5 : explain SELECT DISTINCT c FROM sbtest5 WHERE id BETWEEN 6093423 AND 6094422 ORDER BY c
	Unique  (cost=3925.01..3930.03 rows=1004 width=121)
	  ->  Sort  (cost=3925.01..3927.52 rows=1004 width=121)
	        Sort Key: c
	        ->  Bitmap Heap Scan on sbtest5  (cost=22.73..3874.96 rows=1004 width=121)
	              Recheck Cond: ((id >= 6093423) AND (id <= 6094422))
	              ->  Bitmap Index Scan on sbtest5_pkey  (cost=0.00..22.47 rows=1004 width=0)
	                    Index Cond: ((id >= 6093423) AND (id <= 6094422))

table 6 : explain SELECT DISTINCT c FROM sbtest6 WHERE id BETWEEN 17406 AND 18405 ORDER BY c
	Unique  (cost=3780.69..3785.52 rows=966 width=121)
	  ->  Sort  (cost=3780.69..3783.11 rows=966 width=121)
	        Sort Key: c
	        ->  Bitmap Heap Scan on sbtest6  (cost=22.34..3732.80 rows=966 width=121)
	              Recheck Cond: ((id >= 17406) AND (id <= 18405))
	              ->  Bitmap Index Scan on sbtest6_pkey  (cost=0.00..22.09 rows=966 width=0)
	                    Index Cond: ((id >= 17406) AND (id <= 18405))

table 7 : explain SELECT DISTINCT c FROM sbtest7 WHERE id BETWEEN 9462789 AND 9463788 ORDER BY c
	Unique  (cost=3565.83..3570.38 rows=910 width=121)
	  ->  Sort  (cost=3565.83..3568.10 rows=910 width=121)
	        Sort Key: c
	        ->  Bitmap Heap Scan on sbtest7  (cost=21.76..3521.10 rows=910 width=121)
	              Recheck Cond: ((id >= 9462789) AND (id <= 9463788))
	              ->  Bitmap Index Scan on sbtest7_pkey  (cost=0.00..21.54 rows=910 width=0)
	                    Index Cond: ((id >= 9462789) AND (id <= 9463788))

table 8 : explain SELECT DISTINCT c FROM sbtest8 WHERE id BETWEEN 2151606 AND 2152605 ORDER BY c
	Unique  (cost=4029.96..4035.12 rows=1031 width=121)
	  ->  Sort  (cost=4029.96..4032.54 rows=1031 width=121)
	        Sort Key: c
	        ->  Bitmap Heap Scan on sbtest8  (cost=23.00..3978.36 rows=1031 width=121)
	              Recheck Cond: ((id >= 2151606) AND (id <= 2152605))
	              ->  Bitmap Index Scan on sbtest8_pkey  (cost=0.00..22.75 rows=1031 width=0)
	                    Index Cond: ((id >= 2151606) AND (id <= 2152605))

for: sum_ranges
table 1 : explain SELECT SUM(k) FROM sbtest1 WHERE id BETWEEN 9744159 AND 9745158
	Aggregate  (cost=3654.22..3654.23 rows=1 width=8)
	  ->  Bitmap Heap Scan on sbtest1  (cost=22.12..3651.86 rows=945 width=4)
	        Recheck Cond: ((id >= 9744159) AND (id <= 9745158))
	        ->  Bitmap Index Scan on sbtest1_pkey  (cost=0.00..21.89 rows=945 width=0)
	              Index Cond: ((id >= 9744159) AND (id <= 9745158))

table 2 : explain SELECT SUM(k) FROM sbtest2 WHERE id BETWEEN 5287307 AND 5288306
	Aggregate  (cost=3805.13..3805.14 rows=1 width=8)
	  ->  Bitmap Heap Scan on sbtest2  (cost=22.53..3802.67 rows=985 width=4)
	        Recheck Cond: ((id >= 5287307) AND (id <= 5288306))
	        ->  Bitmap Index Scan on sbtest2_pkey  (cost=0.00..22.29 rows=985 width=0)
	              Index Cond: ((id >= 5287307) AND (id <= 5288306))

table 3 : explain SELECT SUM(k) FROM sbtest3 WHERE id BETWEEN 745866 AND 746865
	Aggregate  (cost=3484.71..3484.72 rows=1 width=8)
	  ->  Bitmap Heap Scan on sbtest3  (cost=21.66..3482.46 rows=900 width=4)
	        Recheck Cond: ((id >= 745866) AND (id <= 746865))
	        ->  Bitmap Index Scan on sbtest3_pkey  (cost=0.00..21.43 rows=900 width=0)
	              Index Cond: ((id >= 745866) AND (id <= 746865))

table 4 : explain SELECT SUM(k) FROM sbtest4 WHERE id BETWEEN 2317152 AND 2318151
	Aggregate  (cost=4016.59..4016.60 rows=1 width=8)
	  ->  Bitmap Heap Scan on sbtest4  (cost=23.11..4013.99 rows=1041 width=4)
	        Recheck Cond: ((id >= 2317152) AND (id <= 2318151))
	        ->  Bitmap Index Scan on sbtest4_pkey  (cost=0.00..22.84 rows=1041 width=0)
	              Index Cond: ((id >= 2317152) AND (id <= 2318151))

table 5 : explain SELECT SUM(k) FROM sbtest5 WHERE id BETWEEN 6816840 AND 6817839
	Aggregate  (cost=3530.41..3530.42 rows=1 width=8)
	  ->  Bitmap Heap Scan on sbtest5  (cost=21.78..3528.13 rows=912 width=4)
	        Recheck Cond: ((id >= 6816840) AND (id <= 6817839))
	        ->  Bitmap Index Scan on sbtest5_pkey  (cost=0.00..21.55 rows=912 width=0)
	              Index Cond: ((id >= 6816840) AND (id <= 6817839))

table 6 : explain SELECT SUM(k) FROM sbtest6 WHERE id BETWEEN 3816970 AND 3817969
	Aggregate  (cost=3837.03..3837.04 rows=1 width=8)
	  ->  Bitmap Heap Scan on sbtest6  (cost=22.61..3834.55 rows=993 width=4)
	        Recheck Cond: ((id >= 3816970) AND (id <= 3817969))
	        ->  Bitmap Index Scan on sbtest6_pkey  (cost=0.00..22.36 rows=993 width=0)
	              Index Cond: ((id >= 3816970) AND (id <= 3817969))

table 7 : explain SELECT SUM(k) FROM sbtest7 WHERE id BETWEEN 1195476 AND 1196475
	Aggregate  (cost=3844.17..3844.18 rows=1 width=8)
	  ->  Bitmap Heap Scan on sbtest7  (cost=22.63..3841.68 rows=995 width=4)
	        Recheck Cond: ((id >= 1195476) AND (id <= 1196475))
	        ->  Bitmap Index Scan on sbtest7_pkey  (cost=0.00..22.39 rows=995 width=0)
	              Index Cond: ((id >= 1195476) AND (id <= 1196475))

table 8 : explain SELECT SUM(k) FROM sbtest8 WHERE id BETWEEN 1450921 AND 1451920
	Aggregate  (cost=4454.67..4454.68 rows=1 width=8)
	  ->  Bitmap Heap Scan on sbtest8  (cost=28.29..4451.78 rows=1157 width=4)
	        Recheck Cond: ((id >= 1450921) AND (id <= 1451920))
	        ->  Bitmap Index Scan on sbtest8_pkey  (cost=0.00..28.00 rows=1157 width=0)
	              Index Cond: ((id >= 1450921) AND (id <= 1451920))

for: distinct_ranges
table 1 : explain SELECT DISTINCT c FROM sbtest1 WHERE id BETWEEN 3355714 AND 3356713 ORDER BY c
	Unique  (cost=3897.39..3902.37 rows=997 width=121)
	  ->  Sort  (cost=3897.39..3899.88 rows=997 width=121)
	        Sort Key: c
	        ->  Bitmap Heap Scan on sbtest1  (cost=22.65..3847.73 rows=997 width=121)
	              Recheck Cond: ((id >= 3355714) AND (id <= 3356713))
	              ->  Bitmap Index Scan on sbtest1_pkey  (cost=0.00..22.40 rows=997 width=0)
	                    Index Cond: ((id >= 3355714) AND (id <= 3356713))

table 2 : explain SELECT DISTINCT c FROM sbtest2 WHERE id BETWEEN 6016377 AND 6017376 ORDER BY c
	Unique  (cost=4237.13..4242.57 rows=1087 width=121)
	  ->  Sort  (cost=4237.13..4239.85 rows=1087 width=121)
	        Sort Key: c
	        ->  Bitmap Heap Scan on sbtest2  (cost=23.58..4182.31 rows=1087 width=121)
	              Recheck Cond: ((id >= 6016377) AND (id <= 6017376))
	              ->  Bitmap Index Scan on sbtest2_pkey  (cost=0.00..23.30 rows=1087 width=0)
	                    Index Cond: ((id >= 6016377) AND (id <= 6017376))

table 3 : explain SELECT DISTINCT c FROM sbtest3 WHERE id BETWEEN 2109522 AND 2110521 ORDER BY c
	Unique  (cost=3897.86..3902.85 rows=997 width=121)
	  ->  Sort  (cost=3897.86..3900.36 rows=997 width=121)
	        Sort Key: c
	        ->  Bitmap Heap Scan on sbtest3  (cost=22.65..3848.21 rows=997 width=121)
	              Recheck Cond: ((id >= 2109522) AND (id <= 2110521))
	              ->  Bitmap Index Scan on sbtest3_pkey  (cost=0.00..22.40 rows=997 width=0)
	                    Index Cond: ((id >= 2109522) AND (id <= 2110521))

table 4 : explain SELECT DISTINCT c FROM sbtest4 WHERE id BETWEEN 2256592 AND 2257591 ORDER BY c
	Unique  (cost=3982.17..3987.27 rows=1019 width=121)
	  ->  Sort  (cost=3982.17..3984.72 rows=1019 width=121)
	        Sort Key: c
	        ->  Bitmap Heap Scan on sbtest4  (cost=22.88..3931.26 rows=1019 width=121)
	              Recheck Cond: ((id >= 2256592) AND (id <= 2257591))
	              ->  Bitmap Index Scan on sbtest4_pkey  (cost=0.00..22.62 rows=1019 width=0)
	                    Index Cond: ((id >= 2256592) AND (id <= 2257591))

table 5 : explain SELECT DISTINCT c FROM sbtest5 WHERE id BETWEEN 909476 AND 910475 ORDER BY c
	Unique  (cost=4641.50..4647.46 rows=1192 width=121)
	  ->  Sort  (cost=4641.50..4644.48 rows=1192 width=121)
	        Sort Key: c
	        ->  Bitmap Heap Scan on sbtest5  (cost=28.65..4580.60 rows=1192 width=121)
	              Recheck Cond: ((id >= 909476) AND (id <= 910475))
	              ->  Bitmap Index Scan on sbtest5_pkey  (cost=0.00..28.36 rows=1192 width=0)
	                    Index Cond: ((id >= 909476) AND (id <= 910475))

table 6 : explain SELECT DISTINCT c FROM sbtest6 WHERE id BETWEEN 8440620 AND 8441619 ORDER BY c
	Unique  (cost=3707.96..3712.69 rows=947 width=121)
	  ->  Sort  (cost=3707.96..3710.32 rows=947 width=121)
	        Sort Key: c
	        ->  Bitmap Heap Scan on sbtest6  (cost=22.14..3661.14 rows=947 width=121)
	              Recheck Cond: ((id >= 8440620) AND (id <= 8441619))
	              ->  Bitmap Index Scan on sbtest6_pkey  (cost=0.00..21.90 rows=947 width=0)
	                    Index Cond: ((id >= 8440620) AND (id <= 8441619))

table 7 : explain SELECT DISTINCT c FROM sbtest7 WHERE id BETWEEN 9692477 AND 9693476 ORDER BY c
	Unique  (cost=3538.99..3543.50 rows=903 width=121)
	  ->  Sort  (cost=3538.99..3541.25 rows=903 width=121)
	        Sort Key: c
	        ->  Bitmap Heap Scan on sbtest7  (cost=21.69..3494.66 rows=903 width=121)
	              Recheck Cond: ((id >= 9692477) AND (id <= 9693476))
	              ->  Bitmap Index Scan on sbtest7_pkey  (cost=0.00..21.46 rows=903 width=0)
	                    Index Cond: ((id >= 9692477) AND (id <= 9693476))

table 8 : explain SELECT DISTINCT c FROM sbtest8 WHERE id BETWEEN 4589837 AND 4590836 ORDER BY c
	Unique  (cost=4129.25..4134.53 rows=1057 width=121)
	  ->  Sort  (cost=4129.25..4131.89 rows=1057 width=121)
	        Sort Key: c
	        ->  Bitmap Heap Scan on sbtest8  (cost=23.27..4076.16 rows=1057 width=121)
	              Recheck Cond: ((id >= 4589837) AND (id <= 4590836))
	              ->  Bitmap Index Scan on sbtest8_pkey  (cost=0.00..23.00 rows=1057 width=0)
	                    Index Cond: ((id >= 4589837) AND (id <= 4590836))

for: sum_ranges
table 1 : explain SELECT SUM(k) FROM sbtest1 WHERE id BETWEEN 7909088 AND 7910087
	Aggregate  (cost=3635.35..3635.36 rows=1 width=8)
	  ->  Bitmap Heap Scan on sbtest1  (cost=22.07..3633.00 rows=940 width=4)
	        Recheck Cond: ((id >= 7909088) AND (id <= 7910087))
	        ->  Bitmap Index Scan on sbtest1_pkey  (cost=0.00..21.83 rows=940 width=0)
	              Index Cond: ((id >= 7909088) AND (id <= 7910087))

table 2 : explain SELECT SUM(k) FROM sbtest2 WHERE id BETWEEN 2629060 AND 2630059
	Aggregate  (cost=3692.05..3692.06 rows=1 width=8)
	  ->  Bitmap Heap Scan on sbtest2  (cost=22.22..3689.66 rows=955 width=4)
	        Recheck Cond: ((id >= 2629060) AND (id <= 2630059))
	        ->  Bitmap Index Scan on sbtest2_pkey  (cost=0.00..21.98 rows=955 width=0)
	              Index Cond: ((id >= 2629060) AND (id <= 2630059))

table 3 : explain SELECT SUM(k) FROM sbtest3 WHERE id BETWEEN 6880609 AND 6881608
	Aggregate  (cost=3937.30..3937.31 rows=1 width=8)
	  ->  Bitmap Heap Scan on sbtest3  (cost=22.89..3934.75 rows=1020 width=4)
	        Recheck Cond: ((id >= 6880609) AND (id <= 6881608))
	        ->  Bitmap Index Scan on sbtest3_pkey  (cost=0.00..22.64 rows=1020 width=0)
	              Index Cond: ((id >= 6880609) AND (id <= 6881608))

table 4 : explain SELECT SUM(k) FROM sbtest4 WHERE id BETWEEN 650038 AND 651037
	Aggregate  (cost=3903.69..3903.70 rows=1 width=8)
	  ->  Bitmap Heap Scan on sbtest4  (cost=22.80..3901.16 rows=1011 width=4)
	        Recheck Cond: ((id >= 650038) AND (id <= 651037))
	        ->  Bitmap Index Scan on sbtest4_pkey  (cost=0.00..22.54 rows=1011 width=0)
	              Index Cond: ((id >= 650038) AND (id <= 651037))

table 5 : explain SELECT SUM(k) FROM sbtest5 WHERE id BETWEEN 5059975 AND 5060974
	Aggregate  (cost=3488.83..3488.84 rows=1 width=8)
	  ->  Bitmap Heap Scan on sbtest5  (cost=21.67..3486.58 rows=901 width=4)
	        Recheck Cond: ((id >= 5059975) AND (id <= 5060974))
	        ->  Bitmap Index Scan on sbtest5_pkey  (cost=0.00..21.44 rows=901 width=0)
	              Index Cond: ((id >= 5059975) AND (id <= 5060974))

table 6 : explain SELECT SUM(k) FROM sbtest6 WHERE id BETWEEN 3984455 AND 3985454
	Aggregate  (cost=3603.08..3603.09 rows=1 width=8)
	  ->  Bitmap Heap Scan on sbtest6  (cost=21.98..3600.76 rows=931 width=4)
	        Recheck Cond: ((id >= 3984455) AND (id <= 3985454))
	        ->  Bitmap Index Scan on sbtest6_pkey  (cost=0.00..21.75 rows=931 width=0)
	              Index Cond: ((id >= 3984455) AND (id <= 3985454))

table 7 : explain SELECT SUM(k) FROM sbtest7 WHERE id BETWEEN 5041204 AND 5042203
	Aggregate  (cost=3576.28..3576.29 rows=1 width=8)
	  ->  Bitmap Heap Scan on sbtest7  (cost=21.91..3573.97 rows=924 width=4)
	        Recheck Cond: ((id >= 5041204) AND (id <= 5042203))
	        ->  Bitmap Index Scan on sbtest7_pkey  (cost=0.00..21.68 rows=924 width=0)
	              Index Cond: ((id >= 5041204) AND (id <= 5042203))

table 8 : explain SELECT SUM(k) FROM sbtest8 WHERE id BETWEEN 7413708 AND 7414707
	Aggregate  (cost=4116.65..4116.66 rows=1 width=8)
	  ->  Bitmap Heap Scan on sbtest8  (cost=27.36..4113.99 rows=1066 width=4)
	        Recheck Cond: ((id >= 7413708) AND (id <= 7414707))
	        ->  Bitmap Index Scan on sbtest8_pkey  (cost=0.00..27.09 rows=1066 width=0)
	              Index Cond: ((id >= 7413708) AND (id <= 7414707))

for: distinct_ranges
table 1 : explain SELECT DISTINCT c FROM sbtest1 WHERE id BETWEEN 8553546 AND 8554545 ORDER BY c
	Unique  (cost=3866.82..3871.77 rows=989 width=121)
	  ->  Sort  (cost=3866.82..3869.29 rows=989 width=121)
	        Sort Key: c
	        ->  Bitmap Heap Scan on sbtest1  (cost=22.57..3817.62 rows=989 width=121)
	              Recheck Cond: ((id >= 8553546) AND (id <= 8554545))
	              ->  Bitmap Index Scan on sbtest1_pkey  (cost=0.00..22.32 rows=989 width=0)
	                    Index Cond: ((id >= 8553546) AND (id <= 8554545))

table 2 : explain SELECT DISTINCT c FROM sbtest2 WHERE id BETWEEN 8808258 AND 8809257 ORDER BY c
	Unique  (cost=3660.39..3665.06 rows=935 width=121)
	  ->  Sort  (cost=3660.39..3662.72 rows=935 width=121)
	        Sort Key: c
	        ->  Bitmap Heap Scan on sbtest2  (cost=22.02..3614.25 rows=935 width=121)
	              Recheck Cond: ((id >= 8808258) AND (id <= 8809257))
	              ->  Bitmap Index Scan on sbtest2_pkey  (cost=0.00..21.79 rows=935 width=0)
	                    Index Cond: ((id >= 8808258) AND (id <= 8809257))

table 3 : explain SELECT DISTINCT c FROM sbtest3 WHERE id BETWEEN 1907823 AND 1908822 ORDER BY c
	Unique  (cost=3836.71..3841.61 rows=981 width=121)
	  ->  Sort  (cost=3836.71..3839.16 rows=981 width=121)
	        Sort Key: c
	        ->  Bitmap Heap Scan on sbtest3  (cost=22.49..3787.96 rows=981 width=121)
	              Recheck Cond: ((id >= 1907823) AND (id <= 1908822))
	              ->  Bitmap Index Scan on sbtest3_pkey  (cost=0.00..22.25 rows=981 width=0)
	                    Index Cond: ((id >= 1907823) AND (id <= 1908822))

table 4 : explain SELECT DISTINCT c FROM sbtest4 WHERE id BETWEEN 518492 AND 519491 ORDER BY c
	Unique  (cost=4161.52..4166.85 rows=1066 width=121)
	  ->  Sort  (cost=4161.52..4164.19 rows=1066 width=121)
	        Sort Key: c
	        ->  Bitmap Heap Scan on sbtest4  (cost=23.36..4107.92 rows=1066 width=121)
	              Recheck Cond: ((id >= 518492) AND (id <= 519491))
	              ->  Bitmap Index Scan on sbtest4_pkey  (cost=0.00..23.09 rows=1066 width=0)
	                    Index Cond: ((id >= 518492) AND (id <= 519491))

table 5 : explain SELECT DISTINCT c FROM sbtest5 WHERE id BETWEEN 4090071 AND 4091070 ORDER BY c
	Unique  (cost=3687.88..3692.59 rows=942 width=121)
	  ->  Sort  (cost=3687.88..3690.23 rows=942 width=121)
	        Sort Key: c
	        ->  Bitmap Heap Scan on sbtest5  (cost=22.09..3641.35 rows=942 width=121)
	              Recheck Cond: ((id >= 4090071) AND (id <= 4091070))
	              ->  Bitmap Index Scan on sbtest5_pkey  (cost=0.00..21.86 rows=942 width=0)
	                    Index Cond: ((id >= 4090071) AND (id <= 4091070))

table 6 : explain SELECT DISTINCT c FROM sbtest6 WHERE id BETWEEN 6653752 AND 6654751 ORDER BY c
	Unique  (cost=4399.36..4405.00 rows=1128 width=121)
	  ->  Sort  (cost=4399.36..4402.18 rows=1128 width=121)
	        Sort Key: c
	        ->  Bitmap Heap Scan on sbtest6  (cost=28.00..4342.17 rows=1128 width=121)
	              Recheck Cond: ((id >= 6653752) AND (id <= 6654751))
	              ->  Bitmap Index Scan on sbtest6_pkey  (cost=0.00..27.71 rows=1128 width=0)
	                    Index Cond: ((id >= 6653752) AND (id <= 6654751))

table 7 : explain SELECT DISTINCT c FROM sbtest7 WHERE id BETWEEN 6428626 AND 6429625 ORDER BY c
	Unique  (cost=4097.48..4102.72 rows=1049 width=121)
	  ->  Sort  (cost=4097.48..4100.10 rows=1049 width=121)
	        Sort Key: c
	        ->  Bitmap Heap Scan on sbtest7  (cost=23.19..4044.85 rows=1049 width=121)
	              Recheck Cond: ((id >= 6428626) AND (id <= 6429625))
	              ->  Bitmap Index Scan on sbtest7_pkey  (cost=0.00..22.93 rows=1049 width=0)
	                    Index Cond: ((id >= 6428626) AND (id <= 6429625))

table 8 : explain SELECT DISTINCT c FROM sbtest8 WHERE id BETWEEN 8139983 AND 8140982 ORDER BY c
	Unique  (cost=4087.25..4092.48 rows=1046 width=121)
	  ->  Sort  (cost=4087.25..4089.87 rows=1046 width=121)
	        Sort Key: c
	        ->  Bitmap Heap Scan on sbtest8  (cost=23.16..4034.79 rows=1046 width=121)
	              Recheck Cond: ((id >= 8139983) AND (id <= 8140982))
	              ->  Bitmap Index Scan on sbtest8_pkey  (cost=0.00..22.89 rows=1046 width=0)
	                    Index Cond: ((id >= 8139983) AND (id <= 8140982))

explain: for point_selects :: explain SELECT c FROM sbtest%u WHERE id=%u
for: sum_ranges
table 1 : explain SELECT SUM(k) FROM sbtest1 WHERE id BETWEEN 800347 AND 801346
	Aggregate  (cost=3714.57..3714.58 rows=1 width=8)
	  ->  Bitmap Heap Scan on sbtest1  (cost=22.29..3712.16 rows=961 width=4)
	        Recheck Cond: ((id >= 800347) AND (id <= 801346))
	        ->  Bitmap Index Scan on sbtest1_pkey  (cost=0.00..22.04 rows=961 width=0)
	              Index Cond: ((id >= 800347) AND (id <= 801346))

table 2 : explain SELECT SUM(k) FROM sbtest2 WHERE id BETWEEN 339537 AND 340536
	Aggregate  (cost=4241.58..4241.59 rows=1 width=8)
	  ->  Bitmap Heap Scan on sbtest2  (cost=27.72..4238.83 rows=1101 width=4)
	        Recheck Cond: ((id >= 339537) AND (id <= 340536))
	        ->  Bitmap Index Scan on sbtest2_pkey  (cost=0.00..27.44 rows=1101 width=0)
	              Index Cond: ((id >= 339537) AND (id <= 340536))

table 3 : explain SELECT SUM(k) FROM sbtest3 WHERE id BETWEEN 4736223 AND 4737222
	Aggregate  (cost=3967.40..3967.41 rows=1 width=8)
	  ->  Bitmap Heap Scan on sbtest3  (cost=22.97..3964.83 rows=1028 width=4)
	        Recheck Cond: ((id >= 4736223) AND (id <= 4737222))
	        ->  Bitmap Index Scan on sbtest3_pkey  (cost=0.00..22.71 rows=1028 width=0)
	              Index Cond: ((id >= 4736223) AND (id <= 4737222))

table 4 : explain SELECT SUM(k) FROM sbtest4 WHERE id BETWEEN 8987747 AND 8988746
	Aggregate  (cost=3549.18..3549.19 rows=1 width=8)
	  ->  Bitmap Heap Scan on sbtest4  (cost=21.83..3546.89 rows=917 width=4)
	        Recheck Cond: ((id >= 8987747) AND (id <= 8988746))
	        ->  Bitmap Index Scan on sbtest4_pkey  (cost=0.00..21.61 rows=917 width=0)
	              Index Cond: ((id >= 8987747) AND (id <= 8988746))

table 5 : explain SELECT SUM(k) FROM sbtest5 WHERE id BETWEEN 1059647 AND 1060646
	Aggregate  (cost=3975.34..3975.35 rows=1 width=8)
	  ->  Bitmap Heap Scan on sbtest5  (cost=22.99..3972.77 rows=1030 width=4)
	        Recheck Cond: ((id >= 1059647) AND (id <= 1060646))
	        ->  Bitmap Index Scan on sbtest5_pkey  (cost=0.00..22.73 rows=1030 width=0)
	              Index Cond: ((id >= 1059647) AND (id <= 1060646))

table 6 : explain SELECT SUM(k) FROM sbtest6 WHERE id BETWEEN 9535046 AND 9536045
	Aggregate  (cost=3663.51..3663.52 rows=1 width=8)
	  ->  Bitmap Heap Scan on sbtest6  (cost=22.14..3661.14 rows=947 width=4)
	        Recheck Cond: ((id >= 9535046) AND (id <= 9536045))
	        ->  Bitmap Index Scan on sbtest6_pkey  (cost=0.00..21.90 rows=947 width=0)
	              Index Cond: ((id >= 9535046) AND (id <= 9536045))

table 7 : explain SELECT SUM(k) FROM sbtest7 WHERE id BETWEEN 161728 AND 162727
	Aggregate  (cost=3670.68..3670.69 rows=1 width=8)
	  ->  Bitmap Heap Scan on sbtest7  (cost=22.16..3668.31 rows=949 width=4)
	        Recheck Cond: ((id >= 161728) AND (id <= 162727))
	        ->  Bitmap Index Scan on sbtest7_pkey  (cost=0.00..21.93 rows=949 width=0)
	              Index Cond: ((id >= 161728) AND (id <= 162727))

table 8 : explain SELECT SUM(k) FROM sbtest8 WHERE id BETWEEN 7638440 AND 7639439
	Aggregate  (cost=3667.96..3667.97 rows=1 width=8)
	  ->  Bitmap Heap Scan on sbtest8  (cost=22.15..3665.59 rows=948 width=4)
	        Recheck Cond: ((id >= 7638440) AND (id <= 7639439))
	        ->  Bitmap Index Scan on sbtest8_pkey  (cost=0.00..21.91 rows=948 width=0)
	              Index Cond: ((id >= 7638440) AND (id <= 7639439))

for: distinct_ranges
table 1 : explain SELECT DISTINCT c FROM sbtest1 WHERE id BETWEEN 4707354 AND 4708353 ORDER BY c
	Unique  (cost=3992.86..3997.97 rows=1022 width=121)
	  ->  Sort  (cost=3992.86..3995.42 rows=1022 width=121)
	        Sort Key: c
	        ->  Bitmap Heap Scan on sbtest1  (cost=22.91..3941.78 rows=1022 width=121)
	              Recheck Cond: ((id >= 4707354) AND (id <= 4708353))
	              ->  Bitmap Index Scan on sbtest1_pkey  (cost=0.00..22.65 rows=1022 width=0)
	                    Index Cond: ((id >= 4707354) AND (id <= 4708353))

table 2 : explain SELECT DISTINCT c FROM sbtest2 WHERE id BETWEEN 9157085 AND 9158084 ORDER BY c
	Unique  (cost=4054.04..4059.23 rows=1038 width=121)
	  ->  Sort  (cost=4054.04..4056.64 rows=1038 width=121)
	        Sort Key: c
	        ->  Bitmap Heap Scan on sbtest2  (cost=23.07..4002.04 rows=1038 width=121)
	              Recheck Cond: ((id >= 9157085) AND (id <= 9158084))
	              ->  Bitmap Index Scan on sbtest2_pkey  (cost=0.00..22.82 rows=1038 width=0)
	                    Index Cond: ((id >= 9157085) AND (id <= 9158084))

table 3 : explain SELECT DISTINCT c FROM sbtest3 WHERE id BETWEEN 447610 AND 448609 ORDER BY c
	Unique  (cost=3534.29..3538.80 rows=902 width=121)
	  ->  Sort  (cost=3534.29..3536.54 rows=902 width=121)
	        Sort Key: c
	        ->  Bitmap Heap Scan on sbtest3  (cost=21.68..3490.01 rows=902 width=121)
	              Recheck Cond: ((id >= 447610) AND (id <= 448609))
	              ->  Bitmap Index Scan on sbtest3_pkey  (cost=0.00..21.45 rows=902 width=0)
	                    Index Cond: ((id >= 447610) AND (id <= 448609))

table 4 : explain SELECT DISTINCT c FROM sbtest4 WHERE id BETWEEN 4897856 AND 4898855 ORDER BY c
	Unique  (cost=3733.69..3738.46 rows=954 width=121)
	  ->  Sort  (cost=3733.69..3736.08 rows=954 width=121)
	        Sort Key: c
	        ->  Bitmap Heap Scan on sbtest4  (cost=22.21..3686.48 rows=954 width=121)
	              Recheck Cond: ((id >= 4897856) AND (id <= 4898855))
	              ->  Bitmap Index Scan on sbtest4_pkey  (cost=0.00..21.97 rows=954 width=0)
	                    Index Cond: ((id >= 4897856) AND (id <= 4898855))

table 5 : explain SELECT DISTINCT c FROM sbtest5 WHERE id BETWEEN 133795 AND 134794 ORDER BY c
	Unique  (cost=3737.64..3742.42 rows=955 width=121)
	  ->  Sort  (cost=3737.64..3740.03 rows=955 width=121)
	        Sort Key: c
	        ->  Bitmap Heap Scan on sbtest5  (cost=22.22..3690.37 rows=955 width=121)
	              Recheck Cond: ((id >= 133795) AND (id <= 134794))
	              ->  Bitmap Index Scan on sbtest5_pkey  (cost=0.00..21.98 rows=955 width=0)
	                    Index Cond: ((id >= 133795) AND (id <= 134794))

table 6 : explain SELECT DISTINCT c FROM sbtest6 WHERE id BETWEEN 7787007 AND 7788006 ORDER BY c
	Unique  (cost=4181.86..4187.21 rows=1071 width=121)
	  ->  Sort  (cost=4181.86..4184.54 rows=1071 width=121)
	        Sort Key: c
	        ->  Bitmap Heap Scan on sbtest6  (cost=23.41..4127.96 rows=1071 width=121)
	              Recheck Cond: ((id >= 7787007) AND (id <= 7788006))
	              ->  Bitmap Index Scan on sbtest6_pkey  (cost=0.00..23.14 rows=1071 width=0)
	                    Index Cond: ((id >= 7787007) AND (id <= 7788006))

table 7 : explain SELECT DISTINCT c FROM sbtest7 WHERE id BETWEEN 5303311 AND 5304310 ORDER BY c
	Unique  (cost=3630.98..3635.61 rows=927 width=121)
	  ->  Sort  (cost=3630.98..3633.30 rows=927 width=121)
	        Sort Key: c
	        ->  Bitmap Heap Scan on sbtest7  (cost=21.94..3585.29 rows=927 width=121)
	              Recheck Cond: ((id >= 5303311) AND (id <= 5304310))
	              ->  Bitmap Index Scan on sbtest7_pkey  (cost=0.00..21.70 rows=927 width=0)
	                    Index Cond: ((id >= 5303311) AND (id <= 5304310))

table 8 : explain SELECT DISTINCT c FROM sbtest8 WHERE id BETWEEN 1246956 AND 1247955 ORDER BY c
	Unique  (cost=3984.11..3989.21 rows=1019 width=121)
	  ->  Sort  (cost=3984.11..3986.66 rows=1019 width=121)
	        Sort Key: c
	        ->  Bitmap Heap Scan on sbtest8  (cost=22.88..3933.20 rows=1019 width=121)
	              Recheck Cond: ((id >= 1246956) AND (id <= 1247955))
	              ->  Bitmap Index Scan on sbtest8_pkey  (cost=0.00..22.62 rows=1019 width=0)
	                    Index Cond: ((id >= 1246956) AND (id <= 1247955))

for: simple_ranges
table 1 : explain SELECT c FROM sbtest1 WHERE id BETWEEN 2001925 AND 2002924
	Bitmap Heap Scan on sbtest1  (cost=22.99..3971.85 rows=1030 width=121)
	  Recheck Cond: ((id >= 2001925) AND (id <= 2002924))
	  ->  Bitmap Index Scan on sbtest1_pkey  (cost=0.00..22.73 rows=1030 width=0)
	        Index Cond: ((id >= 2001925) AND (id <= 2002924))

table 2 : explain SELECT c FROM sbtest2 WHERE id BETWEEN 28547 AND 29546
	Bitmap Heap Scan on sbtest2  (cost=22.19..3678.35 rows=952 width=121)
	  Recheck Cond: ((id >= 28547) AND (id <= 29546))
	  ->  Bitmap Index Scan on sbtest2_pkey  (cost=0.00..21.95 rows=952 width=0)
	        Index Cond: ((id >= 28547) AND (id <= 29546))

table 3 : explain SELECT c FROM sbtest3 WHERE id BETWEEN 2427308 AND 2428307
	Bitmap Heap Scan on sbtest3  (cost=27.81..4273.00 rows=1110 width=121)
	  Recheck Cond: ((id >= 2427308) AND (id <= 2428307))
	  ->  Bitmap Index Scan on sbtest3_pkey  (cost=0.00..27.54 rows=1110 width=0)
	        Index Cond: ((id >= 2427308) AND (id <= 2428307))

table 4 : explain SELECT c FROM sbtest4 WHERE id BETWEEN 3590321 AND 3591320
	Bitmap Heap Scan on sbtest4  (cost=23.21..4051.57 rows=1051 width=121)
	  Recheck Cond: ((id >= 3590321) AND (id <= 3591320))
	  ->  Bitmap Index Scan on sbtest4_pkey  (cost=0.00..22.94 rows=1051 width=0)
	        Index Cond: ((id >= 3590321) AND (id <= 3591320))

table 5 : explain SELECT c FROM sbtest5 WHERE id BETWEEN 6163816 AND 6164815
	Bitmap Heap Scan on sbtest5  (cost=22.59..3826.01 rows=991 width=121)
	  Recheck Cond: ((id >= 6163816) AND (id <= 6164815))
	  ->  Bitmap Index Scan on sbtest5_pkey  (cost=0.00..22.34 rows=991 width=0)
	        Index Cond: ((id >= 6163816) AND (id <= 6164815))

table 6 : explain SELECT c FROM sbtest6 WHERE id BETWEEN 3575454 AND 3576453
	Bitmap Heap Scan on sbtest6  (cost=23.22..4056.56 rows=1052 width=121)
	  Recheck Cond: ((id >= 3575454) AND (id <= 3576453))
	  ->  Bitmap Index Scan on sbtest6_pkey  (cost=0.00..22.95 rows=1052 width=0)
	        Index Cond: ((id >= 3575454) AND (id <= 3576453))

table 7 : explain SELECT c FROM sbtest7 WHERE id BETWEEN 4578014 AND 4579013
	Bitmap Heap Scan on sbtest7  (cost=22.02..3615.49 rows=935 width=121)
	  Recheck Cond: ((id >= 4578014) AND (id <= 4579013))
	  ->  Bitmap Index Scan on sbtest7_pkey  (cost=0.00..21.79 rows=935 width=0)
	        Index Cond: ((id >= 4578014) AND (id <= 4579013))

table 8 : explain SELECT c FROM sbtest8 WHERE id BETWEEN 2856202 AND 2857201
	Bitmap Heap Scan on sbtest8  (cost=27.44..4144.05 rows=1074 width=121)
	  Recheck Cond: ((id >= 2856202) AND (id <= 2857201))
	  ->  Bitmap Index Scan on sbtest8_pkey  (cost=0.00..27.18 rows=1074 width=0)
	        Index Cond: ((id >= 2856202) AND (id <= 2857201))

for: order_ranges
table 1 : explain SELECT c FROM sbtest1 WHERE id BETWEEN 1885164 AND 1886163 ORDER BY c
	Sort  (cost=3595.18..3597.48 rows=918 width=121)
	  Sort Key: c
	  ->  Bitmap Heap Scan on sbtest1  (cost=21.84..3550.01 rows=918 width=121)
	        Recheck Cond: ((id >= 1885164) AND (id <= 1886163))
	        ->  Bitmap Index Scan on sbtest1_pkey  (cost=0.00..21.61 rows=918 width=0)
	              Index Cond: ((id >= 1885164) AND (id <= 1886163))

table 2 : explain SELECT c FROM sbtest2 WHERE id BETWEEN 4536494 AND 4537493 ORDER BY c
	Sort  (cost=3625.92..3628.24 rows=926 width=121)
	  Sort Key: c
	  ->  Bitmap Heap Scan on sbtest2  (cost=21.93..3580.30 rows=926 width=121)
	        Recheck Cond: ((id >= 4536494) AND (id <= 4537493))
	        ->  Bitmap Index Scan on sbtest2_pkey  (cost=0.00..21.69 rows=926 width=0)
	              Index Cond: ((id >= 4536494) AND (id <= 4537493))

table 3 : explain SELECT c FROM sbtest3 WHERE id BETWEEN 7624090 AND 7625089 ORDER BY c
	Sort  (cost=3744.92..3747.31 rows=957 width=121)
	  Sort Key: c
	  ->  Bitmap Heap Scan on sbtest3  (cost=22.24..3697.54 rows=957 width=121)
	        Recheck Cond: ((id >= 7624090) AND (id <= 7625089))
	        ->  Bitmap Index Scan on sbtest3_pkey  (cost=0.00..22.00 rows=957 width=0)
	              Index Cond: ((id >= 7624090) AND (id <= 7625089))

table 4 : explain SELECT c FROM sbtest4 WHERE id BETWEEN 1226442 AND 1227441 ORDER BY c
	Sort  (cost=4012.72..4015.29 rows=1027 width=121)
	  Sort Key: c
	  ->  Bitmap Heap Scan on sbtest4  (cost=22.96..3961.35 rows=1027 width=121)
	        Recheck Cond: ((id >= 1226442) AND (id <= 1227441))
	        ->  Bitmap Index Scan on sbtest4_pkey  (cost=0.00..22.70 rows=1027 width=0)
	              Index Cond: ((id >= 1226442) AND (id <= 1227441))

table 5 : explain SELECT c FROM sbtest5 WHERE id BETWEEN 926634 AND 927633 ORDER BY c
	Sort  (cost=4641.50..4644.48 rows=1192 width=121)
	  Sort Key: c
	  ->  Bitmap Heap Scan on sbtest5  (cost=28.65..4580.60 rows=1192 width=121)
	        Recheck Cond: ((id >= 926634) AND (id <= 927633))
	        ->  Bitmap Index Scan on sbtest5_pkey  (cost=0.00..28.36 rows=1192 width=0)
	              Index Cond: ((id >= 926634) AND (id <= 927633))

table 6 : explain SELECT c FROM sbtest6 WHERE id BETWEEN 7696702 AND 7697701 ORDER BY c
	Sort  (cost=4033.01..4035.59 rows=1032 width=121)
	  Sort Key: c
	  ->  Bitmap Heap Scan on sbtest6  (cost=23.01..3981.35 rows=1032 width=121)
	        Recheck Cond: ((id >= 7696702) AND (id <= 7697701))
	        ->  Bitmap Index Scan on sbtest6_pkey  (cost=0.00..22.75 rows=1032 width=0)
	              Index Cond: ((id >= 7696702) AND (id <= 7697701))

table 7 : explain SELECT c FROM sbtest7 WHERE id BETWEEN 2773017 AND 2774016 ORDER BY c
	Sort  (cost=3711.41..3713.78 rows=948 width=121)
	  Sort Key: c
	  ->  Bitmap Heap Scan on sbtest7  (cost=22.15..3664.54 rows=948 width=121)
	        Recheck Cond: ((id >= 2773017) AND (id <= 2774016))
	        ->  Bitmap Index Scan on sbtest7_pkey  (cost=0.00..21.91 rows=948 width=0)
	              Index Cond: ((id >= 2773017) AND (id <= 2774016))

table 8 : explain SELECT c FROM sbtest8 WHERE id BETWEEN 6848926 AND 6849925 ORDER BY c
	Sort  (cost=3953.53..3956.06 rows=1011 width=121)
	  Sort Key: c
	  ->  Bitmap Heap Scan on sbtest8  (cost=22.80..3903.08 rows=1011 width=121)
	        Recheck Cond: ((id >= 6848926) AND (id <= 6849925))
	        ->  Bitmap Index Scan on sbtest8_pkey  (cost=0.00..22.54 rows=1011 width=0)
	              Index Cond: ((id >= 6848926) AND (id <= 6849925))

for point_selects
table 1 : explain SELECT c FROM sbtest1 WHERE id=5726287
	Index Scan using sbtest1_pkey on sbtest1  (cost=0.43..8.45 rows=1 width=121)
	  Index Cond: (id = 5726287)

table 2 : explain SELECT c FROM sbtest2 WHERE id=3760830
	Index Scan using sbtest2_pkey on sbtest2  (cost=0.43..8.45 rows=1 width=121)
	  Index Cond: (id = 3760830)

table 3 : explain SELECT c FROM sbtest3 WHERE id=5547367
	Index Scan using sbtest3_pkey on sbtest3  (cost=0.43..8.45 rows=1 width=121)
	  Index Cond: (id = 5547367)

table 4 : explain SELECT c FROM sbtest4 WHERE id=9828771
	Index Scan using sbtest4_pkey on sbtest4  (cost=0.43..8.45 rows=1 width=121)
	  Index Cond: (id = 9828771)

table 5 : explain SELECT c FROM sbtest5 WHERE id=9822447
	Index Scan using sbtest5_pkey on sbtest5  (cost=0.43..8.45 rows=1 width=121)
	  Index Cond: (id = 9822447)

table 6 : explain SELECT c FROM sbtest6 WHERE id=3257412
	Index Scan using sbtest6_pkey on sbtest6  (cost=0.43..8.45 rows=1 width=121)
	  Index Cond: (id = 3257412)

table 7 : explain SELECT c FROM sbtest7 WHERE id=6923779
	Index Scan using sbtest7_pkey on sbtest7  (cost=0.43..8.45 rows=1 width=121)
	  Index Cond: (id = 6923779)

table 8 : explain SELECT c FROM sbtest8 WHERE id=1115451
	Index Scan using sbtest8_pkey on sbtest8  (cost=0.43..8.45 rows=1 width=121)
	  Index Cond: (id = 1115451)

for: order_ranges
table 1 : explain SELECT c FROM sbtest1 WHERE id BETWEEN 6712916 AND 6713915 ORDER BY c
	Sort  (cost=3851.54..3854.00 rows=985 width=121)
	  Sort Key: c
	  ->  Bitmap Heap Scan on sbtest1  (cost=22.53..3802.56 rows=985 width=121)
	        Recheck Cond: ((id >= 6712916) AND (id <= 6713915))
	        ->  Bitmap Index Scan on sbtest1_pkey  (cost=0.00..22.29 rows=985 width=0)
	              Index Cond: ((id >= 6712916) AND (id <= 6713915))

table 2 : explain SELECT c FROM sbtest2 WHERE id BETWEEN 3257600 AND 3258599 ORDER BY c
	Sort  (cost=3740.75..3743.14 rows=956 width=121)
	  Sort Key: c
	  ->  Bitmap Heap Scan on sbtest2  (cost=22.23..3693.43 rows=956 width=121)
	        Recheck Cond: ((id >= 3257600) AND (id <= 3258599))
	        ->  Bitmap Index Scan on sbtest2_pkey  (cost=0.00..22.00 rows=956 width=0)
	              Index Cond: ((id >= 3257600) AND (id <= 3258599))

table 3 : explain SELECT c FROM sbtest3 WHERE id BETWEEN 4533864 AND 4534863 ORDER BY c
	Sort  (cost=3905.51..3908.00 rows=999 width=121)
	  Sort Key: c
	  ->  Bitmap Heap Scan on sbtest3  (cost=22.67..3855.73 rows=999 width=121)
	        Recheck Cond: ((id >= 4533864) AND (id <= 4534863))
	        ->  Bitmap Index Scan on sbtest3_pkey  (cost=0.00..22.43 rows=999 width=0)
	              Index Cond: ((id >= 4533864) AND (id <= 4534863))

table 4 : explain SELECT c FROM sbtest4 WHERE id BETWEEN 1355535 AND 1356534 ORDER BY c
	Sort  (cost=3695.42..3697.78 rows=944 width=121)
	  Sort Key: c
	  ->  Bitmap Heap Scan on sbtest4  (cost=22.11..3648.77 rows=944 width=121)
	        Recheck Cond: ((id >= 1355535) AND (id <= 1356534))
	        ->  Bitmap Index Scan on sbtest4_pkey  (cost=0.00..21.87 rows=944 width=0)
	              Index Cond: ((id >= 1355535) AND (id <= 1356534))

table 5 : explain SELECT c FROM sbtest5 WHERE id BETWEEN 9756045 AND 9757044 ORDER BY c
	Sort  (cost=3993.77..3996.32 rows=1022 width=121)
	  Sort Key: c
	  ->  Bitmap Heap Scan on sbtest5  (cost=22.91..3942.68 rows=1022 width=121)
	        Recheck Cond: ((id >= 9756045) AND (id <= 9757044))
	        ->  Bitmap Index Scan on sbtest5_pkey  (cost=0.00..22.65 rows=1022 width=0)
	              Index Cond: ((id >= 9756045) AND (id <= 9757044))

table 6 : explain SELECT c FROM sbtest6 WHERE id BETWEEN 9611573 AND 9612572 ORDER BY c
	Sort  (cost=3677.32..3679.66 rows=939 width=121)
	  Sort Key: c
	  ->  Bitmap Heap Scan on sbtest6  (cost=22.06..3630.95 rows=939 width=121)
	        Recheck Cond: ((id >= 9611573) AND (id <= 9612572))
	        ->  Bitmap Index Scan on sbtest6_pkey  (cost=0.00..21.82 rows=939 width=0)
	              Index Cond: ((id >= 9611573) AND (id <= 9612572))

table 7 : explain SELECT c FROM sbtest7 WHERE id BETWEEN 3197587 AND 3198586 ORDER BY c
	Sort  (cost=4044.04..4046.63 rows=1035 width=121)
	  Sort Key: c
	  ->  Bitmap Heap Scan on sbtest7  (cost=23.04..3992.21 rows=1035 width=121)
	        Recheck Cond: ((id >= 3197587) AND (id <= 3198586))
	        ->  Bitmap Index Scan on sbtest7_pkey  (cost=0.00..22.79 rows=1035 width=0)
	              Index Cond: ((id >= 3197587) AND (id <= 3198586))

table 8 : explain SELECT c FROM sbtest8 WHERE id BETWEEN 8784979 AND 8785978 ORDER BY c
	Sort  (cost=3861.76..3864.22 rows=987 width=121)
	  Sort Key: c
	  ->  Bitmap Heap Scan on sbtest8  (cost=22.55..3812.67 rows=987 width=121)
	        Recheck Cond: ((id >= 8784979) AND (id <= 8785978))
	        ->  Bitmap Index Scan on sbtest8_pkey  (cost=0.00..22.30 rows=987 width=0)
	              Index Cond: ((id >= 8784979) AND (id <= 8785978))

for: order_ranges
table 1 : explain SELECT c FROM sbtest1 WHERE id BETWEEN 9023177 AND 9024176 ORDER BY c
	Sort  (cost=3775.07..3777.48 rows=965 width=121)
	  Sort Key: c
	  ->  Bitmap Heap Scan on sbtest1  (cost=22.33..3727.24 rows=965 width=121)
	        Recheck Cond: ((id >= 9023177) AND (id <= 9024176))
	        ->  Bitmap Index Scan on sbtest1_pkey  (cost=0.00..22.08 rows=965 width=0)
	              Index Cond: ((id >= 9023177) AND (id <= 9024176))

table 2 : explain SELECT c FROM sbtest2 WHERE id BETWEEN 4326490 AND 4327489 ORDER BY c
	Sort  (cost=3717.80..3720.17 rows=950 width=121)
	  Sort Key: c
	  ->  Bitmap Heap Scan on sbtest2  (cost=22.17..3670.81 rows=950 width=121)
	        Recheck Cond: ((id >= 4326490) AND (id <= 4327489))
	        ->  Bitmap Index Scan on sbtest2_pkey  (cost=0.00..21.93 rows=950 width=0)
	              Index Cond: ((id >= 4326490) AND (id <= 4327489))

table 3 : explain SELECT c FROM sbtest3 WHERE id BETWEEN 8697602 AND 8698601 ORDER BY c
	Sort  (cost=3346.31..3348.44 rows=853 width=121)
	  Sort Key: c
	  ->  Bitmap Heap Scan on sbtest3  (cost=21.18..3304.78 rows=853 width=121)
	        Recheck Cond: ((id >= 8697602) AND (id <= 8698601))
	        ->  Bitmap Index Scan on sbtest3_pkey  (cost=0.00..20.96 rows=853 width=0)
	              Index Cond: ((id >= 8697602) AND (id <= 8698601))

table 4 : explain SELECT c FROM sbtest4 WHERE id BETWEEN 8137726 AND 8138725 ORDER BY c
	Sort  (cost=3457.82..3460.03 rows=882 width=121)
	  Sort Key: c
	  ->  Bitmap Heap Scan on sbtest4  (cost=21.48..3414.67 rows=882 width=121)
	        Recheck Cond: ((id >= 8137726) AND (id <= 8138725))
	        ->  Bitmap Index Scan on sbtest4_pkey  (cost=0.00..21.25 rows=882 width=0)
	              Index Cond: ((id >= 8137726) AND (id <= 8138725))

table 5 : explain SELECT c FROM sbtest5 WHERE id BETWEEN 8572513 AND 8573512 ORDER BY c
	Sort  (cost=3936.47..3938.99 rows=1007 width=121)
	  Sort Key: c
	  ->  Bitmap Heap Scan on sbtest5  (cost=22.76..3886.25 rows=1007 width=121)
	        Recheck Cond: ((id >= 8572513) AND (id <= 8573512))
	        ->  Bitmap Index Scan on sbtest5_pkey  (cost=0.00..22.50 rows=1007 width=0)
	              Index Cond: ((id >= 8572513) AND (id <= 8573512))

table 6 : explain SELECT c FROM sbtest6 WHERE id BETWEEN 365912 AND 366911 ORDER BY c
	Sort  (cost=4002.46..4005.02 rows=1024 width=121)
	  Sort Key: c
	  ->  Bitmap Heap Scan on sbtest6  (cost=22.93..3951.26 rows=1024 width=121)
	        Recheck Cond: ((id >= 365912) AND (id <= 366911))
	        ->  Bitmap Index Scan on sbtest6_pkey  (cost=0.00..22.68 rows=1024 width=0)
	              Index Cond: ((id >= 365912) AND (id <= 366911))

table 7 : explain SELECT c FROM sbtest7 WHERE id BETWEEN 7179412 AND 7180411 ORDER BY c
	Sort  (cost=4238.60..4241.32 rows=1086 width=121)
	  Sort Key: c
	  ->  Bitmap Heap Scan on sbtest7  (cost=23.57..4183.84 rows=1086 width=121)
	        Recheck Cond: ((id >= 7179412) AND (id <= 7180411))
	        ->  Bitmap Index Scan on sbtest7_pkey  (cost=0.00..23.29 rows=1086 width=0)
	              Index Cond: ((id >= 7179412) AND (id <= 7180411))

table 8 : explain SELECT c FROM sbtest8 WHERE id BETWEEN 4502656 AND 4503655 ORDER BY c
	Sort  (cost=3945.89..3948.41 rows=1009 width=121)
	  Sort Key: c
	  ->  Bitmap Heap Scan on sbtest8  (cost=22.78..3895.55 rows=1009 width=121)
	        Recheck Cond: ((id >= 4502656) AND (id <= 4503655))
	        ->  Bitmap Index Scan on sbtest8_pkey  (cost=0.00..22.52 rows=1009 width=0)
	              Index Cond: ((id >= 4502656) AND (id <= 4503655))

for: distinct_ranges
table 1 : explain SELECT DISTINCT c FROM sbtest1 WHERE id BETWEEN 6469612 AND 6470611 ORDER BY c
	Unique  (cost=3870.64..3875.59 rows=990 width=121)
	  ->  Sort  (cost=3870.64..3873.12 rows=990 width=121)
	        Sort Key: c
	        ->  Bitmap Heap Scan on sbtest1  (cost=22.58..3821.38 rows=990 width=121)
	              Recheck Cond: ((id >= 6469612) AND (id <= 6470611))
	              ->  Bitmap Index Scan on sbtest1_pkey  (cost=0.00..22.33 rows=990 width=0)
	                    Index Cond: ((id >= 6469612) AND (id <= 6470611))

table 2 : explain SELECT DISTINCT c FROM sbtest2 WHERE id BETWEEN 5903356 AND 5904355 ORDER BY c
	Unique  (cost=3931.88..3936.91 rows=1006 width=121)
	  ->  Sort  (cost=3931.88..3934.40 rows=1006 width=121)
	        Sort Key: c
	        ->  Bitmap Heap Scan on sbtest2  (cost=22.75..3881.71 rows=1006 width=121)
	              Recheck Cond: ((id >= 5903356) AND (id <= 5904355))
	              ->  Bitmap Index Scan on sbtest2_pkey  (cost=0.00..22.50 rows=1006 width=0)
	                    Index Cond: ((id >= 5903356) AND (id <= 5904355))

table 3 : explain SELECT DISTINCT c FROM sbtest3 WHERE id BETWEEN 981509 AND 982508 ORDER BY c
	Unique  (cost=4172.67..4178.01 rows=1069 width=121)
	  ->  Sort  (cost=4172.67..4175.34 rows=1069 width=121)
	        Sort Key: c
	        ->  Bitmap Heap Scan on sbtest3  (cost=23.39..4118.89 rows=1069 width=121)
	              Recheck Cond: ((id >= 981509) AND (id <= 982508))
	              ->  Bitmap Index Scan on sbtest3_pkey  (cost=0.00..23.12 rows=1069 width=0)
	                    Index Cond: ((id >= 981509) AND (id <= 982508))

table 4 : explain SELECT DISTINCT c FROM sbtest4 WHERE id BETWEEN 3660093 AND 3661092 ORDER BY c
	Unique  (cost=3898.13..3903.12 rows=997 width=121)
	  ->  Sort  (cost=3898.13..3900.62 rows=997 width=121)
	        Sort Key: c
	        ->  Bitmap Heap Scan on sbtest4  (cost=22.65..3848.47 rows=997 width=121)
	              Recheck Cond: ((id >= 3660093) AND (id <= 3661092))
	              ->  Bitmap Index Scan on sbtest4_pkey  (cost=0.00..22.40 rows=997 width=0)
	                    Index Cond: ((id >= 3660093) AND (id <= 3661092))

table 5 : explain SELECT DISTINCT c FROM sbtest5 WHERE id BETWEEN 3499492 AND 3500491 ORDER BY c
	Unique  (cost=3905.91..3910.90 rows=999 width=121)
	  ->  Sort  (cost=3905.91..3908.40 rows=999 width=121)
	        Sort Key: c
	        ->  Bitmap Heap Scan on sbtest5  (cost=22.67..3856.13 rows=999 width=121)
	              Recheck Cond: ((id >= 3499492) AND (id <= 3500491))
	              ->  Bitmap Index Scan on sbtest5_pkey  (cost=0.00..22.43 rows=999 width=0)
	                    Index Cond: ((id >= 3499492) AND (id <= 3500491))

table 6 : explain SELECT DISTINCT c FROM sbtest6 WHERE id BETWEEN 3830570 AND 3831569 ORDER BY c
	Unique  (cost=3883.98..3888.94 rows=993 width=121)
	  ->  Sort  (cost=3883.98..3886.46 rows=993 width=121)
	        Sort Key: c
	        ->  Bitmap Heap Scan on sbtest6  (cost=22.61..3834.55 rows=993 width=121)
	              Recheck Cond: ((id >= 3830570) AND (id <= 3831569))
	              ->  Bitmap Index Scan on sbtest6_pkey  (cost=0.00..22.36 rows=993 width=0)
	                    Index Cond: ((id >= 3830570) AND (id <= 3831569))

table 7 : explain SELECT DISTINCT c FROM sbtest7 WHERE id BETWEEN 1839995 AND 1840994 ORDER BY c
	Unique  (cost=3730.55..3735.32 rows=953 width=121)
	  ->  Sort  (cost=3730.55..3732.93 rows=953 width=121)
	        Sort Key: c
	        ->  Bitmap Heap Scan on sbtest7  (cost=22.20..3683.40 rows=953 width=121)
	              Recheck Cond: ((id >= 1839995) AND (id <= 1840994))
	              ->  Bitmap Index Scan on sbtest7_pkey  (cost=0.00..21.96 rows=953 width=0)
	                    Index Cond: ((id >= 1839995) AND (id <= 1840994))

table 8 : explain SELECT DISTINCT c FROM sbtest8 WHERE id BETWEEN 4117082 AND 4118081 ORDER BY c
	Unique  (cost=4282.03..4287.51 rows=1096 width=121)
	  ->  Sort  (cost=4282.03..4284.77 rows=1096 width=121)
	        Sort Key: c
	        ->  Bitmap Heap Scan on sbtest8  (cost=27.67..4226.69 rows=1096 width=121)
	              Recheck Cond: ((id >= 4117082) AND (id <= 4118081))
	              ->  Bitmap Index Scan on sbtest8_pkey  (cost=0.00..27.39 rows=1096 width=0)
	                    Index Cond: ((id >= 4117082) AND (id <= 4118081))

for: order_ranges
table 1 : explain SELECT c FROM sbtest1 WHERE id BETWEEN 1952863 AND 1953862 ORDER BY c
	Sort  (cost=4023.40..4025.97 rows=1030 width=121)
	  Sort Key: c
	  ->  Bitmap Heap Scan on sbtest1  (cost=22.99..3971.85 rows=1030 width=121)
	        Recheck Cond: ((id >= 1952863) AND (id <= 1953862))
	        ->  Bitmap Index Scan on sbtest1_pkey  (cost=0.00..22.73 rows=1030 width=0)
	              Index Cond: ((id >= 1952863) AND (id <= 1953862))

table 2 : explain SELECT c FROM sbtest2 WHERE id BETWEEN 9937136 AND 9938135 ORDER BY c
	Sort  (cost=3950.98..3953.51 rows=1011 width=121)
	  Sort Key: c
	  ->  Bitmap Heap Scan on sbtest2  (cost=22.80..3900.52 rows=1011 width=121)
	        Recheck Cond: ((id >= 9937136) AND (id <= 9938135))
	        ->  Bitmap Index Scan on sbtest2_pkey  (cost=0.00..22.54 rows=1011 width=0)
	              Index Cond: ((id >= 9937136) AND (id <= 9938135))

table 3 : explain SELECT c FROM sbtest3 WHERE id BETWEEN 1879448 AND 1880447 ORDER BY c
	Sort  (cost=3836.71..3839.16 rows=981 width=121)
	  Sort Key: c
	  ->  Bitmap Heap Scan on sbtest3  (cost=22.49..3787.96 rows=981 width=121)
	        Recheck Cond: ((id >= 1879448) AND (id <= 1880447))
	        ->  Bitmap Index Scan on sbtest3_pkey  (cost=0.00..22.25 rows=981 width=0)
	              Index Cond: ((id >= 1879448) AND (id <= 1880447))

table 4 : explain SELECT c FROM sbtest4 WHERE id BETWEEN 8698230 AND 8699229 ORDER BY c
	Sort  (cost=3894.31..3896.80 rows=996 width=121)
	  Sort Key: c
	  ->  Bitmap Heap Scan on sbtest4  (cost=22.64..3844.71 rows=996 width=121)
	        Recheck Cond: ((id >= 8698230) AND (id <= 8699229))
	        ->  Bitmap Index Scan on sbtest4_pkey  (cost=0.00..22.39 rows=996 width=0)
	              Index Cond: ((id >= 8698230) AND (id <= 8699229))

table 5 : explain SELECT c FROM sbtest5 WHERE id BETWEEN 6889082 AND 6890081 ORDER BY c
	Sort  (cost=3844.75..3847.20 rows=983 width=121)
	  Sort Key: c
	  ->  Bitmap Heap Scan on sbtest5  (cost=22.51..3795.89 rows=983 width=121)
	        Recheck Cond: ((id >= 6889082) AND (id <= 6890081))
	        ->  Bitmap Index Scan on sbtest5_pkey  (cost=0.00..22.26 rows=983 width=0)
	              Index Cond: ((id >= 6889082) AND (id <= 6890081))

table 6 : explain SELECT c FROM sbtest6 WHERE id BETWEEN 4453642 AND 4454641 ORDER BY c
	Sort  (cost=3707.96..3710.32 rows=947 width=121)
	  Sort Key: c
	  ->  Bitmap Heap Scan on sbtest6  (cost=22.14..3661.14 rows=947 width=121)
	        Recheck Cond: ((id >= 4453642) AND (id <= 4454641))
	        ->  Bitmap Index Scan on sbtest6_pkey  (cost=0.00..21.90 rows=947 width=0)
	              Index Cond: ((id >= 4453642) AND (id <= 4454641))

table 7 : explain SELECT c FROM sbtest7 WHERE id BETWEEN 5588352 AND 5589351 ORDER BY c
	Sort  (cost=3860.63..3863.10 rows=987 width=121)
	  Sort Key: c
	  ->  Bitmap Heap Scan on sbtest7  (cost=22.55..3811.55 rows=987 width=121)
	        Recheck Cond: ((id >= 5588352) AND (id <= 5589351))
	        ->  Bitmap Index Scan on sbtest7_pkey  (cost=0.00..22.30 rows=987 width=0)
	              Index Cond: ((id >= 5588352) AND (id <= 5589351))

table 8 : explain SELECT c FROM sbtest8 WHERE id BETWEEN 361124 AND 362123 ORDER BY c
	Sort  (cost=3616.66..3618.97 rows=923 width=121)
	  Sort Key: c
	  ->  Bitmap Heap Scan on sbtest8  (cost=21.90..3571.21 rows=923 width=121)
	        Recheck Cond: ((id >= 361124) AND (id <= 362123))
	        ->  Bitmap Index Scan on sbtest8_pkey  (cost=0.00..21.66 rows=923 width=0)
	              Index Cond: ((id >= 361124) AND (id <= 362123))

for: sum_ranges
table 1 : explain SELECT SUM(k) FROM sbtest1 WHERE id BETWEEN 9694237 AND 9695236
	Aggregate  (cost=3737.19..3737.20 rows=1 width=8)
	  ->  Bitmap Heap Scan on sbtest1  (cost=22.35..3734.77 rows=967 width=4)
	        Recheck Cond: ((id >= 9694237) AND (id <= 9695236))
	        ->  Bitmap Index Scan on sbtest1_pkey  (cost=0.00..22.11 rows=967 width=0)
	              Index Cond: ((id >= 9694237) AND (id <= 9695236))

table 2 : explain SELECT SUM(k) FROM sbtest2 WHERE id BETWEEN 9427501 AND 9428500
	Aggregate  (cost=3548.63..3548.64 rows=1 width=8)
	  ->  Bitmap Heap Scan on sbtest2  (cost=21.83..3546.33 rows=917 width=4)
	        Recheck Cond: ((id >= 9427501) AND (id <= 9428500))
	        ->  Bitmap Index Scan on sbtest2_pkey  (cost=0.00..21.61 rows=917 width=0)
	              Index Cond: ((id >= 9427501) AND (id <= 9428500))

table 3 : explain SELECT SUM(k) FROM sbtest3 WHERE id BETWEEN 390585 AND 391584
	Aggregate  (cost=3458.25..3458.26 rows=1 width=8)
	  ->  Bitmap Heap Scan on sbtest3  (cost=21.59..3456.02 rows=893 width=4)
	        Recheck Cond: ((id >= 390585) AND (id <= 391584))
	        ->  Bitmap Index Scan on sbtest3_pkey  (cost=0.00..21.36 rows=893 width=0)
	              Index Cond: ((id >= 390585) AND (id <= 391584))

table 4 : explain SELECT SUM(k) FROM sbtest4 WHERE id BETWEEN 7170811 AND 7171810
	Aggregate  (cost=3677.54..3677.55 rows=1 width=8)
	  ->  Bitmap Heap Scan on sbtest4  (cost=22.18..3675.17 rows=951 width=4)
	        Recheck Cond: ((id >= 7170811) AND (id <= 7171810))
	        ->  Bitmap Index Scan on sbtest4_pkey  (cost=0.00..21.94 rows=951 width=0)
	              Index Cond: ((id >= 7170811) AND (id <= 7171810))

table 5 : explain SELECT SUM(k) FROM sbtest5 WHERE id BETWEEN 4372889 AND 4373888
	Aggregate  (cost=3926.42..3926.43 rows=1 width=8)
	  ->  Bitmap Heap Scan on sbtest5  (cost=22.86..3923.87 rows=1017 width=4)
	        Recheck Cond: ((id >= 4372889) AND (id <= 4373888))
	        ->  Bitmap Index Scan on sbtest5_pkey  (cost=0.00..22.61 rows=1017 width=0)
	              Index Cond: ((id >= 4372889) AND (id <= 4373888))

table 6 : explain SELECT SUM(k) FROM sbtest6 WHERE id BETWEEN 5111130 AND 5112129
	Aggregate  (cost=3821.95..3821.96 rows=1 width=8)
	  ->  Bitmap Heap Scan on sbtest6  (cost=22.57..3819.48 rows=989 width=4)
	        Recheck Cond: ((id >= 5111130) AND (id <= 5112129))
	        ->  Bitmap Index Scan on sbtest6_pkey  (cost=0.00..22.32 rows=989 width=0)
	              Index Cond: ((id >= 5111130) AND (id <= 5112129))

table 7 : explain SELECT SUM(k) FROM sbtest7 WHERE id BETWEEN 4667512 AND 4668511
	Aggregate  (cost=4182.80..4182.81 rows=1 width=8)
	  ->  Bitmap Heap Scan on sbtest7  (cost=23.56..4180.09 rows=1085 width=4)
	        Recheck Cond: ((id >= 4667512) AND (id <= 4668511))
	        ->  Bitmap Index Scan on sbtest7_pkey  (cost=0.00..23.29 rows=1085 width=0)
	              Index Cond: ((id >= 4667512) AND (id <= 4668511))

table 8 : explain SELECT SUM(k) FROM sbtest8 WHERE id BETWEEN 1652043 AND 1653042
	Aggregate  (cost=3875.46..3875.47 rows=1 width=8)
	  ->  Bitmap Heap Scan on sbtest8  (cost=22.72..3872.95 rows=1003 width=4)
	        Recheck Cond: ((id >= 1652043) AND (id <= 1653042))
	        ->  Bitmap Index Scan on sbtest8_pkey  (cost=0.00..22.46 rows=1003 width=0)
	              Index Cond: ((id >= 1652043) AND (id <= 1653042))

for: sum_ranges
table 1 : explain SELECT SUM(k) FROM sbtest1 WHERE id BETWEEN 48150 AND 49149
	Aggregate  (cost=3540.97..3540.98 rows=1 width=8)
	  ->  Bitmap Heap Scan on sbtest1  (cost=21.81..3538.69 rows=915 width=4)
	        Recheck Cond: ((id >= 48150) AND (id <= 49149))
	        ->  Bitmap Index Scan on sbtest1_pkey  (cost=0.00..21.58 rows=915 width=0)
	              Index Cond: ((id >= 48150) AND (id <= 49149))

table 2 : explain SELECT SUM(k) FROM sbtest2 WHERE id BETWEEN 195209 AND 196208
	Aggregate  (cost=3737.30..3737.31 rows=1 width=8)
	  ->  Bitmap Heap Scan on sbtest2  (cost=22.35..3734.88 rows=967 width=4)
	        Recheck Cond: ((id >= 195209) AND (id <= 196208))
	        ->  Bitmap Index Scan on sbtest2_pkey  (cost=0.00..22.11 rows=967 width=0)
	              Index Cond: ((id >= 195209) AND (id <= 196208))

table 3 : explain SELECT SUM(k) FROM sbtest3 WHERE id BETWEEN 9584405 AND 9585404
	Aggregate  (cost=4290.79..4290.80 rows=1 width=8)
	  ->  Bitmap Heap Scan on sbtest3  (cost=27.85..4288.00 rows=1114 width=4)
	        Recheck Cond: ((id >= 9584405) AND (id <= 9585404))
	        ->  Bitmap Index Scan on sbtest3_pkey  (cost=0.00..27.57 rows=1114 width=0)
	              Index Cond: ((id >= 9584405) AND (id <= 9585404))

table 4 : explain SELECT SUM(k) FROM sbtest4 WHERE id BETWEEN 1911009 AND 1912008
	Aggregate  (cost=4069.23..4069.24 rows=1 width=8)
	  ->  Bitmap Heap Scan on sbtest4  (cost=23.25..4066.60 rows=1055 width=4)
	        Recheck Cond: ((id >= 1911009) AND (id <= 1912008))
	        ->  Bitmap Index Scan on sbtest4_pkey  (cost=0.00..22.98 rows=1055 width=0)
	              Index Cond: ((id >= 1911009) AND (id <= 1912008))

table 5 : explain SELECT SUM(k) FROM sbtest5 WHERE id BETWEEN 4527274 AND 4528273
	Aggregate  (cost=3707.85..3707.86 rows=1 width=8)
	  ->  Bitmap Heap Scan on sbtest5  (cost=22.26..3705.45 rows=959 width=4)
	        Recheck Cond: ((id >= 4527274) AND (id <= 4528273))
	        ->  Bitmap Index Scan on sbtest5_pkey  (cost=0.00..22.02 rows=959 width=0)
	              Index Cond: ((id >= 4527274) AND (id <= 4528273))

table 6 : explain SELECT SUM(k) FROM sbtest6 WHERE id BETWEEN 7639960 AND 7640959
	Aggregate  (cost=3938.75..3938.76 rows=1 width=8)
	  ->  Bitmap Heap Scan on sbtest6  (cost=22.89..3936.20 rows=1020 width=4)
	        Recheck Cond: ((id >= 7639960) AND (id <= 7640959))
	        ->  Bitmap Index Scan on sbtest6_pkey  (cost=0.00..22.64 rows=1020 width=0)
	              Index Cond: ((id >= 7639960) AND (id <= 7640959))

table 7 : explain SELECT SUM(k) FROM sbtest7 WHERE id BETWEEN 6652667 AND 6653666
	Aggregate  (cost=3761.23..3761.24 rows=1 width=8)
	  ->  Bitmap Heap Scan on sbtest7  (cost=22.41..3758.80 rows=973 width=4)
	        Recheck Cond: ((id >= 6652667) AND (id <= 6653666))
	        ->  Bitmap Index Scan on sbtest7_pkey  (cost=0.00..22.16 rows=973 width=0)
	              Index Cond: ((id >= 6652667) AND (id <= 6653666))

table 8 : explain SELECT SUM(k) FROM sbtest8 WHERE id BETWEEN 7028451 AND 7029450
	Aggregate  (cost=3581.07..3581.08 rows=1 width=8)
	  ->  Bitmap Heap Scan on sbtest8  (cost=21.92..3578.76 rows=925 width=4)
	        Recheck Cond: ((id >= 7028451) AND (id <= 7029450))
	        ->  Bitmap Index Scan on sbtest8_pkey  (cost=0.00..21.68 rows=925 width=0)
	              Index Cond: ((id >= 7028451) AND (id <= 7029450))

for: simple_ranges
table 1 : explain SELECT c FROM sbtest1 WHERE id BETWEEN 9733556 AND 9734555
	Bitmap Heap Scan on sbtest1  (cost=22.12..3651.86 rows=945 width=121)
	  Recheck Cond: ((id >= 9733556) AND (id <= 9734555))
	  ->  Bitmap Index Scan on sbtest1_pkey  (cost=0.00..21.89 rows=945 width=0)
	        Index Cond: ((id >= 9733556) AND (id <= 9734555))

table 2 : explain SELECT c FROM sbtest2 WHERE id BETWEEN 5409004 AND 5410003
	Bitmap Heap Scan on sbtest2  (cost=21.67..3485.93 rows=901 width=121)
	  Recheck Cond: ((id >= 5409004) AND (id <= 5410003))
	  ->  Bitmap Index Scan on sbtest2_pkey  (cost=0.00..21.44 rows=901 width=0)
	        Index Cond: ((id >= 5409004) AND (id <= 5410003))

table 3 : explain SELECT c FROM sbtest3 WHERE id BETWEEN 9733852 AND 9734851
	Bitmap Heap Scan on sbtest3  (cost=22.82..3908.41 rows=1013 width=121)
	  Recheck Cond: ((id >= 9733852) AND (id <= 9734851))
	  ->  Bitmap Index Scan on sbtest3_pkey  (cost=0.00..22.57 rows=1013 width=0)
	        Index Cond: ((id >= 9733852) AND (id <= 9734851))

table 4 : explain SELECT c FROM sbtest4 WHERE id BETWEEN 1330730 AND 1331729
	Bitmap Heap Scan on sbtest4  (cost=22.11..3648.77 rows=944 width=121)
	  Recheck Cond: ((id >= 1330730) AND (id <= 1331729))
	  ->  Bitmap Index Scan on sbtest4_pkey  (cost=0.00..21.87 rows=944 width=0)
	        Index Cond: ((id >= 1330730) AND (id <= 1331729))

table 5 : explain SELECT c FROM sbtest5 WHERE id BETWEEN 8358522 AND 8359521
	Bitmap Heap Scan on sbtest5  (cost=21.96..3592.30 rows=929 width=121)
	  Recheck Cond: ((id >= 8358522) AND (id <= 8359521))
	  ->  Bitmap Index Scan on sbtest5_pkey  (cost=0.00..21.72 rows=929 width=0)
	        Index Cond: ((id >= 8358522) AND (id <= 8359521))

table 6 : explain SELECT c FROM sbtest6 WHERE id BETWEEN 4554940 AND 4555939
	Bitmap Heap Scan on sbtest6  (cost=22.46..3778.03 rows=978 width=121)
	  Recheck Cond: ((id >= 4554940) AND (id <= 4555939))
	  ->  Bitmap Index Scan on sbtest6_pkey  (cost=0.00..22.21 rows=978 width=0)
	        Index Cond: ((id >= 4554940) AND (id <= 4555939))

table 7 : explain SELECT c FROM sbtest7 WHERE id BETWEEN 5317080 AND 5318079
	Bitmap Heap Scan on sbtest7  (cost=21.94..3585.29 rows=927 width=121)
	  Recheck Cond: ((id >= 5317080) AND (id <= 5318079))
	  ->  Bitmap Index Scan on sbtest7_pkey  (cost=0.00..21.70 rows=927 width=0)
	        Index Cond: ((id >= 5317080) AND (id <= 5318079))

table 8 : explain SELECT c FROM sbtest8 WHERE id BETWEEN 1549296 AND 1550295
	Bitmap Heap Scan on sbtest8  (cost=22.23..3695.78 rows=956 width=121)
	  Recheck Cond: ((id >= 1549296) AND (id <= 1550295))
	  ->  Bitmap Index Scan on sbtest8_pkey  (cost=0.00..22.00 rows=956 width=0)
	        Index Cond: ((id >= 1549296) AND (id <= 1550295))

for point_selects
table 1 : explain SELECT c FROM sbtest1 WHERE id=4491642
	Index Scan using sbtest1_pkey on sbtest1  (cost=0.43..8.45 rows=1 width=121)
	  Index Cond: (id = 4491642)

table 2 : explain SELECT c FROM sbtest2 WHERE id=309805
	Index Scan using sbtest2_pkey on sbtest2  (cost=0.43..8.45 rows=1 width=121)
	  Index Cond: (id = 309805)

table 3 : explain SELECT c FROM sbtest3 WHERE id=8465312
	Index Scan using sbtest3_pkey on sbtest3  (cost=0.43..8.45 rows=1 width=121)
	  Index Cond: (id = 8465312)

table 4 : explain SELECT c FROM sbtest4 WHERE id=8599948
	Index Scan using sbtest4_pkey on sbtest4  (cost=0.43..8.45 rows=1 width=121)
	  Index Cond: (id = 8599948)

table 5 : explain SELECT c FROM sbtest5 WHERE id=1990787
	Index Scan using sbtest5_pkey on sbtest5  (cost=0.43..8.45 rows=1 width=121)
	  Index Cond: (id = 1990787)

table 6 : explain SELECT c FROM sbtest6 WHERE id=6562370
	Index Scan using sbtest6_pkey on sbtest6  (cost=0.43..8.45 rows=1 width=121)
	  Index Cond: (id = 6562370)

table 7 : explain SELECT c FROM sbtest7 WHERE id=390138
	Index Scan using sbtest7_pkey on sbtest7  (cost=0.43..8.45 rows=1 width=121)
	  Index Cond: (id = 390138)

table 8 : explain SELECT c FROM sbtest8 WHERE id=1648585
	Index Scan using sbtest8_pkey on sbtest8  (cost=0.43..8.45 rows=1 width=121)
	  Index Cond: (id = 1648585)

for: distinct_ranges
table 1 : explain SELECT DISTINCT c FROM sbtest1 WHERE id BETWEEN 8311639 AND 8312638 ORDER BY c
	Unique  (cost=4084.44..4089.67 rows=1046 width=121)
	  ->  Sort  (cost=4084.44..4087.06 rows=1046 width=121)
	        Sort Key: c
	        ->  Bitmap Heap Scan on sbtest1  (cost=23.16..4031.98 rows=1046 width=121)
	              Recheck Cond: ((id >= 8311639) AND (id <= 8312638))
	              ->  Bitmap Index Scan on sbtest1_pkey  (cost=0.00..22.89 rows=1046 width=0)
	                    Index Cond: ((id >= 8311639) AND (id <= 8312638))

table 2 : explain SELECT DISTINCT c FROM sbtest2 WHERE id BETWEEN 2132085 AND 2133084 ORDER BY c
	Unique  (cost=4042.60..4047.77 rows=1035 width=121)
	  ->  Sort  (cost=4042.60..4045.18 rows=1035 width=121)
	        Sort Key: c
	        ->  Bitmap Heap Scan on sbtest2  (cost=23.04..3990.77 rows=1035 width=121)
	              Recheck Cond: ((id >= 2132085) AND (id <= 2133084))
	              ->  Bitmap Index Scan on sbtest2_pkey  (cost=0.00..22.79 rows=1035 width=0)
	                    Index Cond: ((id >= 2132085) AND (id <= 2133084))

table 3 : explain SELECT DISTINCT c FROM sbtest3 WHERE id BETWEEN 6476697 AND 6477696 ORDER BY c
	Unique  (cost=3492.12..3496.57 rows=891 width=121)
	  ->  Sort  (cost=3492.12..3494.34 rows=891 width=121)
	        Sort Key: c
	        ->  Bitmap Heap Scan on sbtest3  (cost=21.57..3448.46 rows=891 width=121)
	              Recheck Cond: ((id >= 6476697) AND (id <= 6477696))
	              ->  Bitmap Index Scan on sbtest3_pkey  (cost=0.00..21.34 rows=891 width=0)
	                    Index Cond: ((id >= 6476697) AND (id <= 6477696))

table 4 : explain SELECT DISTINCT c FROM sbtest4 WHERE id BETWEEN 9920042 AND 9921041 ORDER BY c
	Unique  (cost=4287.57..4293.06 rows=1099 width=121)
	  ->  Sort  (cost=4287.57..4290.31 rows=1099 width=121)
	        Sort Key: c
	        ->  Bitmap Heap Scan on sbtest4  (cost=27.70..4232.06 rows=1099 width=121)
	              Recheck Cond: ((id >= 9920042) AND (id <= 9921041))
	              ->  Bitmap Index Scan on sbtest4_pkey  (cost=0.00..27.43 rows=1099 width=0)
	                    Index Cond: ((id >= 9920042) AND (id <= 9921041))

table 5 : explain SELECT DISTINCT c FROM sbtest5 WHERE id BETWEEN 5660270 AND 5661269 ORDER BY c
	Unique  (cost=3875.33..3880.29 rows=991 width=121)
	  ->  Sort  (cost=3875.33..3877.81 rows=991 width=121)
	        Sort Key: c
	        ->  Bitmap Heap Scan on sbtest5  (cost=22.59..3826.01 rows=991 width=121)
	              Recheck Cond: ((id >= 5660270) AND (id <= 5661269))
	              ->  Bitmap Index Scan on sbtest5_pkey  (cost=0.00..22.34 rows=991 width=0)
	                    Index Cond: ((id >= 5660270) AND (id <= 5661269))

table 6 : explain SELECT DISTINCT c FROM sbtest6 WHERE id BETWEEN 7438355 AND 7439354 ORDER BY c
	Unique  (cost=3765.38..3770.19 rows=962 width=121)
	  ->  Sort  (cost=3765.38..3767.79 rows=962 width=121)
	        Sort Key: c
	        ->  Bitmap Heap Scan on sbtest6  (cost=22.30..3717.72 rows=962 width=121)
	              Recheck Cond: ((id >= 7438355) AND (id <= 7439354))
	              ->  Bitmap Index Scan on sbtest6_pkey  (cost=0.00..22.05 rows=962 width=0)
	                    Index Cond: ((id >= 7438355) AND (id <= 7439354))

table 7 : explain SELECT DISTINCT c FROM sbtest7 WHERE id BETWEEN 876513 AND 877512 ORDER BY c
	Unique  (cost=3883.58..3888.54 rows=993 width=121)
	  ->  Sort  (cost=3883.58..3886.06 rows=993 width=121)
	        Sort Key: c
	        ->  Bitmap Heap Scan on sbtest7  (cost=22.61..3834.15 rows=993 width=121)
	              Recheck Cond: ((id >= 876513) AND (id <= 877512))
	              ->  Bitmap Index Scan on sbtest7_pkey  (cost=0.00..22.36 rows=993 width=0)
	                    Index Cond: ((id >= 876513) AND (id <= 877512))

table 8 : explain SELECT DISTINCT c FROM sbtest8 WHERE id BETWEEN 3681651 AND 3682650 ORDER BY c
	Unique  (cost=4255.33..4260.78 rows=1089 width=121)
	  ->  Sort  (cost=4255.33..4258.06 rows=1089 width=121)
	        Sort Key: c
	        ->  Bitmap Heap Scan on sbtest8  (cost=27.60..4200.40 rows=1089 width=121)
	              Recheck Cond: ((id >= 3681651) AND (id <= 3682650))
	              ->  Bitmap Index Scan on sbtest8_pkey  (cost=0.00..27.32 rows=1089 width=0)
	                    Index Cond: ((id >= 3681651) AND (id <= 3682650))

for: distinct_ranges
table 1 : explain SELECT DISTINCT c FROM sbtest1 WHERE id BETWEEN 9624010 AND 9625009 ORDER BY c
	Unique  (cost=3782.72..3787.56 rows=967 width=121)
	  ->  Sort  (cost=3782.72..3785.14 rows=967 width=121)
	        Sort Key: c
	        ->  Bitmap Heap Scan on sbtest1  (cost=22.35..3734.77 rows=967 width=121)
	              Recheck Cond: ((id >= 9624010) AND (id <= 9625009))
	              ->  Bitmap Index Scan on sbtest1_pkey  (cost=0.00..22.11 rows=967 width=0)
	                    Index Cond: ((id >= 9624010) AND (id <= 9625009))

table 2 : explain SELECT DISTINCT c FROM sbtest2 WHERE id BETWEEN 4674344 AND 4675343 ORDER BY c
	Unique  (cost=3954.80..3959.86 rows=1012 width=121)
	  ->  Sort  (cost=3954.80..3957.33 rows=1012 width=121)
	        Sort Key: c
	        ->  Bitmap Heap Scan on sbtest2  (cost=22.81..3904.28 rows=1012 width=121)
	              Recheck Cond: ((id >= 4674344) AND (id <= 4675343))
	              ->  Bitmap Index Scan on sbtest2_pkey  (cost=0.00..22.55 rows=1012 width=0)
	                    Index Cond: ((id >= 4674344) AND (id <= 4675343))

table 3 : explain SELECT DISTINCT c FROM sbtest3 WHERE id BETWEEN 2601495 AND 2602494 ORDER BY c
	Unique  (cost=4035.34..4040.51 rows=1033 width=121)
	  ->  Sort  (cost=4035.34..4037.93 rows=1033 width=121)
	        Sort Key: c
	        ->  Bitmap Heap Scan on sbtest3  (cost=23.02..3983.63 rows=1033 width=121)
	              Recheck Cond: ((id >= 2601495) AND (id <= 2602494))
	              ->  Bitmap Index Scan on sbtest3_pkey  (cost=0.00..22.76 rows=1033 width=0)
	                    Index Cond: ((id >= 2601495) AND (id <= 2602494))

table 4 : explain SELECT DISTINCT c FROM sbtest4 WHERE id BETWEEN 2563485 AND 2564484 ORDER BY c
	Unique  (cost=4092.87..4098.11 rows=1048 width=121)
	  ->  Sort  (cost=4092.87..4095.49 rows=1048 width=121)
	        Sort Key: c
	        ->  Bitmap Heap Scan on sbtest4  (cost=23.18..4040.29 rows=1048 width=121)
	              Recheck Cond: ((id >= 2563485) AND (id <= 2564484))
	              ->  Bitmap Index Scan on sbtest4_pkey  (cost=0.00..22.91 rows=1048 width=0)
	                    Index Cond: ((id >= 2563485) AND (id <= 2564484))

table 5 : explain SELECT DISTINCT c FROM sbtest5 WHERE id BETWEEN 9889396 AND 9890395 ORDER BY c
	Unique  (cost=3829.45..3834.35 rows=979 width=121)
	  ->  Sort  (cost=3829.45..3831.90 rows=979 width=121)
	        Sort Key: c
	        ->  Bitmap Heap Scan on sbtest5  (cost=22.47..3780.82 rows=979 width=121)
	              Recheck Cond: ((id >= 9889396) AND (id <= 9890395))
	              ->  Bitmap Index Scan on sbtest5_pkey  (cost=0.00..22.22 rows=979 width=0)
	                    Index Cond: ((id >= 9889396) AND (id <= 9890395))

table 6 : explain SELECT DISTINCT c FROM sbtest6 WHERE id BETWEEN 3029592 AND 3030591 ORDER BY c
	Unique  (cost=4044.47..4049.64 rows=1035 width=121)
	  ->  Sort  (cost=4044.47..4047.05 rows=1035 width=121)
	        Sort Key: c
	        ->  Bitmap Heap Scan on sbtest6  (cost=23.04..3992.64 rows=1035 width=121)
	              Recheck Cond: ((id >= 3029592) AND (id <= 3030591))
	              ->  Bitmap Index Scan on sbtest6_pkey  (cost=0.00..22.79 rows=1035 width=0)
	                    Index Cond: ((id >= 3029592) AND (id <= 3030591))

table 7 : explain SELECT DISTINCT c FROM sbtest7 WHERE id BETWEEN 6374901 AND 6375900 ORDER BY c
	Unique  (cost=4097.48..4102.72 rows=1049 width=121)
	  ->  Sort  (cost=4097.48..4100.10 rows=1049 width=121)
	        Sort Key: c
	        ->  Bitmap Heap Scan on sbtest7  (cost=23.19..4044.85 rows=1049 width=121)
	              Recheck Cond: ((id >= 6374901) AND (id <= 6375900))
	              ->  Bitmap Index Scan on sbtest7_pkey  (cost=0.00..22.93 rows=1049 width=0)
	                    Index Cond: ((id >= 6374901) AND (id <= 6375900))

table 8 : explain SELECT DISTINCT c FROM sbtest8 WHERE id BETWEEN 6860890 AND 6861889 ORDER BY c
	Unique  (cost=3953.53..3958.59 rows=1011 width=121)
	  ->  Sort  (cost=3953.53..3956.06 rows=1011 width=121)
	        Sort Key: c
	        ->  Bitmap Heap Scan on sbtest8  (cost=22.80..3903.08 rows=1011 width=121)
	              Recheck Cond: ((id >= 6860890) AND (id <= 6861889))
	              ->  Bitmap Index Scan on sbtest8_pkey  (cost=0.00..22.54 rows=1011 width=0)
	                    Index Cond: ((id >= 6860890) AND (id <= 6861889))

explain: for point_selects :: explain SELECT c FROM sbtest%u WHERE id=%u
for: distinct_ranges
table 1 : explain SELECT DISTINCT c FROM sbtest1 WHERE id BETWEEN 7434074 AND 7435073 ORDER BY c
	Unique  (cost=3912.67..3917.67 rows=1001 width=121)
	  ->  Sort  (cost=3912.67..3915.17 rows=1001 width=121)
	        Sort Key: c
	        ->  Bitmap Heap Scan on sbtest1  (cost=22.70..3862.78 rows=1001 width=121)
	              Recheck Cond: ((id >= 7434074) AND (id <= 7435073))
	              ->  Bitmap Index Scan on sbtest1_pkey  (cost=0.00..22.44 rows=1001 width=0)
	                    Index Cond: ((id >= 7434074) AND (id <= 7435073))

table 2 : explain SELECT DISTINCT c FROM sbtest2 WHERE id BETWEEN 2329488 AND 2330487 ORDER BY c
	Unique  (cost=3614.44..3619.05 rows=923 width=121)
	  ->  Sort  (cost=3614.44..3616.74 rows=923 width=121)
	        Sort Key: c
	        ->  Bitmap Heap Scan on sbtest2  (cost=21.90..3568.98 rows=923 width=121)
	              Recheck Cond: ((id >= 2329488) AND (id <= 2330487))
	              ->  Bitmap Index Scan on sbtest2_pkey  (cost=0.00..21.66 rows=923 width=0)
	                    Index Cond: ((id >= 2329488) AND (id <= 2330487))

table 3 : explain SELECT DISTINCT c FROM sbtest3 WHERE id BETWEEN 9180841 AND 9181840 ORDER BY c
	Unique  (cost=3775.52..3780.35 rows=965 width=121)
	  ->  Sort  (cost=3775.52..3777.94 rows=965 width=121)
	        Sort Key: c
	        ->  Bitmap Heap Scan on sbtest3  (cost=22.33..3727.69 rows=965 width=121)
	              Recheck Cond: ((id >= 9180841) AND (id <= 9181840))
	              ->  Bitmap Index Scan on sbtest3_pkey  (cost=0.00..22.08 rows=965 width=0)
	                    Index Cond: ((id >= 9180841) AND (id <= 9181840))

table 4 : explain SELECT DISTINCT c FROM sbtest4 WHERE id BETWEEN 5960507 AND 5961506 ORDER BY c
	Unique  (cost=4428.43..4434.11 rows=1136 width=121)
	  ->  Sort  (cost=4428.43..4431.27 rows=1136 width=121)
	        Sort Key: c
	        ->  Bitmap Heap Scan on sbtest4  (cost=28.08..4370.78 rows=1136 width=121)
	              Recheck Cond: ((id >= 5960507) AND (id <= 5961506))
	              ->  Bitmap Index Scan on sbtest4_pkey  (cost=0.00..27.79 rows=1136 width=0)
	                    Index Cond: ((id >= 5960507) AND (id <= 5961506))

table 5 : explain SELECT DISTINCT c FROM sbtest5 WHERE id BETWEEN 1669950 AND 1670949 ORDER BY c
	Unique  (cost=3932.65..3937.68 rows=1006 width=121)
	  ->  Sort  (cost=3932.65..3935.17 rows=1006 width=121)
	        Sort Key: c
	        ->  Bitmap Heap Scan on sbtest5  (cost=22.75..3882.48 rows=1006 width=121)
	              Recheck Cond: ((id >= 1669950) AND (id <= 1670949))
	              ->  Bitmap Index Scan on sbtest5_pkey  (cost=0.00..22.50 rows=1006 width=0)
	                    Index Cond: ((id >= 1669950) AND (id <= 1670949))

table 6 : explain SELECT DISTINCT c FROM sbtest6 WHERE id BETWEEN 9855148 AND 9856147 ORDER BY c
	Unique  (cost=3776.87..3781.69 rows=965 width=121)
	  ->  Sort  (cost=3776.87..3779.28 rows=965 width=121)
	        Sort Key: c
	        ->  Bitmap Heap Scan on sbtest6  (cost=22.33..3729.03 rows=965 width=121)
	              Recheck Cond: ((id >= 9855148) AND (id <= 9856147))
	              ->  Bitmap Index Scan on sbtest6_pkey  (cost=0.00..22.08 rows=965 width=0)
	                    Index Cond: ((id >= 9855148) AND (id <= 9856147))

table 7 : explain SELECT DISTINCT c FROM sbtest7 WHERE id BETWEEN 8371103 AND 8372102 ORDER BY c
	Unique  (cost=3982.94..3988.03 rows=1019 width=121)
	  ->  Sort  (cost=3982.94..3985.48 rows=1019 width=121)
	        Sort Key: c
	        ->  Bitmap Heap Scan on sbtest7  (cost=22.88..3932.02 rows=1019 width=121)
	              Recheck Cond: ((id >= 8371103) AND (id <= 8372102))
	              ->  Bitmap Index Scan on sbtest7_pkey  (cost=0.00..22.62 rows=1019 width=0)
	                    Index Cond: ((id >= 8371103) AND (id <= 8372102))

table 8 : explain SELECT DISTINCT c FROM sbtest8 WHERE id BETWEEN 7842809 AND 7843808 ORDER BY c
	Unique  (cost=3708.63..3713.37 rows=947 width=121)
	  ->  Sort  (cost=3708.63..3711.00 rows=947 width=121)
	        Sort Key: c
	        ->  Bitmap Heap Scan on sbtest8  (cost=22.14..3661.82 rows=947 width=121)
	              Recheck Cond: ((id >= 7842809) AND (id <= 7843808))
	              ->  Bitmap Index Scan on sbtest8_pkey  (cost=0.00..21.90 rows=947 width=0)
	                    Index Cond: ((id >= 7842809) AND (id <= 7843808))

for: simple_ranges
table 1 : explain SELECT c FROM sbtest1 WHERE id BETWEEN 385228 AND 386227
	Bitmap Heap Scan on sbtest1  (cost=22.79..3896.64 rows=1010 width=121)
	  Recheck Cond: ((id >= 385228) AND (id <= 386227))
	  ->  Bitmap Index Scan on sbtest1_pkey  (cost=0.00..22.54 rows=1010 width=0)
	        Index Cond: ((id >= 385228) AND (id <= 386227))

table 2 : explain SELECT c FROM sbtest2 WHERE id BETWEEN 9824247 AND 9825246
	Bitmap Heap Scan on sbtest2  (cost=22.87..3926.85 rows=1018 width=121)
	  Recheck Cond: ((id >= 9824247) AND (id <= 9825246))
	  ->  Bitmap Index Scan on sbtest2_pkey  (cost=0.00..22.61 rows=1018 width=0)
	        Index Cond: ((id >= 9824247) AND (id <= 9825246))

table 3 : explain SELECT c FROM sbtest3 WHERE id BETWEEN 9100988 AND 9101987
	Bitmap Heap Scan on sbtest3  (cost=22.58..3821.85 rows=990 width=121)
	  Recheck Cond: ((id >= 9100988) AND (id <= 9101987))
	  ->  Bitmap Index Scan on sbtest3_pkey  (cost=0.00..22.33 rows=990 width=0)
	        Index Cond: ((id >= 9100988) AND (id <= 9101987))

table 4 : explain SELECT c FROM sbtest4 WHERE id BETWEEN 5701503 AND 5702502
	Bitmap Heap Scan on sbtest4  (cost=22.24..3697.79 rows=957 width=121)
	  Recheck Cond: ((id >= 5701503) AND (id <= 5702502))
	  ->  Bitmap Index Scan on sbtest4_pkey  (cost=0.00..22.00 rows=957 width=0)
	        Index Cond: ((id >= 5701503) AND (id <= 5702502))

table 5 : explain SELECT c FROM sbtest5 WHERE id BETWEEN 8381333 AND 8382332
	Bitmap Heap Scan on sbtest5  (cost=21.96..3592.30 rows=929 width=121)
	  Recheck Cond: ((id >= 8381333) AND (id <= 8382332))
	  ->  Bitmap Index Scan on sbtest5_pkey  (cost=0.00..21.72 rows=929 width=0)
	        Index Cond: ((id >= 8381333) AND (id <= 8382332))

table 6 : explain SELECT c FROM sbtest6 WHERE id BETWEEN 9478565 AND 9479564
	Bitmap Heap Scan on sbtest6  (cost=21.78..3529.01 rows=912 width=121)
	  Recheck Cond: ((id >= 9478565) AND (id <= 9479564))
	  ->  Bitmap Index Scan on sbtest6_pkey  (cost=0.00..21.55 rows=912 width=0)
	        Index Cond: ((id >= 9478565) AND (id <= 9479564))

table 7 : explain SELECT c FROM sbtest7 WHERE id BETWEEN 6343887 AND 6344886
	Bitmap Heap Scan on sbtest7  (cost=22.70..3864.27 rows=1001 width=121)
	  Recheck Cond: ((id >= 6343887) AND (id <= 6344886))
	  ->  Bitmap Index Scan on sbtest7_pkey  (cost=0.00..22.44 rows=1001 width=0)
	        Index Cond: ((id >= 6343887) AND (id <= 6344886))

table 8 : explain SELECT c FROM sbtest8 WHERE id BETWEEN 7838634 AND 7839633
	Bitmap Heap Scan on sbtest8  (cost=22.14..3661.82 rows=947 width=121)
	  Recheck Cond: ((id >= 7838634) AND (id <= 7839633))
	  ->  Bitmap Index Scan on sbtest8_pkey  (cost=0.00..21.90 rows=947 width=0)
	        Index Cond: ((id >= 7838634) AND (id <= 7839633))

for: order_ranges
table 1 : explain SELECT c FROM sbtest1 WHERE id BETWEEN 3312258 AND 3313257 ORDER BY c
	Sort  (cost=4069.18..4071.79 rows=1042 width=121)
	  Sort Key: c
	  ->  Bitmap Heap Scan on sbtest1  (cost=23.12..4016.95 rows=1042 width=121)
	        Recheck Cond: ((id >= 3312258) AND (id <= 3313257))
	        ->  Bitmap Index Scan on sbtest1_pkey  (cost=0.00..22.86 rows=1042 width=0)
	              Index Cond: ((id >= 3312258) AND (id <= 3313257))

table 2 : explain SELECT c FROM sbtest2 WHERE id BETWEEN 6767015 AND 6768014 ORDER BY c
	Sort  (cost=3786.65..3789.07 rows=968 width=121)
	  Sort Key: c
	  ->  Bitmap Heap Scan on sbtest2  (cost=22.36..3738.65 rows=968 width=121)
	        Recheck Cond: ((id >= 6767015) AND (id <= 6768014))
	        ->  Bitmap Index Scan on sbtest2_pkey  (cost=0.00..22.11 rows=968 width=0)
	              Index Cond: ((id >= 6767015) AND (id <= 6768014))

table 3 : explain SELECT c FROM sbtest3 WHERE id BETWEEN 4525891 AND 4526890 ORDER BY c
	Sort  (cost=4130.72..4133.37 rows=1058 width=121)
	  Sort Key: c
	  ->  Bitmap Heap Scan on sbtest3  (cost=23.28..4077.57 rows=1058 width=121)
	        Recheck Cond: ((id >= 4525891) AND (id <= 4526890))
	        ->  Bitmap Index Scan on sbtest3_pkey  (cost=0.00..23.01 rows=1058 width=0)
	              Index Cond: ((id >= 4525891) AND (id <= 4526890))

table 4 : explain SELECT c FROM sbtest4 WHERE id BETWEEN 4969555 AND 4970554 ORDER BY c
	Sort  (cost=4214.90..4217.60 rows=1080 width=121)
	  Sort Key: c
	  ->  Bitmap Heap Scan on sbtest4  (cost=23.50..4160.48 rows=1080 width=121)
	        Recheck Cond: ((id >= 4969555) AND (id <= 4970554))
	        ->  Bitmap Index Scan on sbtest4_pkey  (cost=0.00..23.23 rows=1080 width=0)
	              Index Cond: ((id >= 4969555) AND (id <= 4970554))

table 5 : explain SELECT c FROM sbtest5 WHERE id BETWEEN 6431185 AND 6432184 ORDER BY c
	Sort  (cost=3526.97..3529.22 rows=900 width=121)
	  Sort Key: c
	  ->  Bitmap Heap Scan on sbtest5  (cost=21.66..3482.80 rows=900 width=121)
	        Recheck Cond: ((id >= 6431185) AND (id <= 6432184))
	        ->  Bitmap Index Scan on sbtest5_pkey  (cost=0.00..21.43 rows=900 width=0)
	              Index Cond: ((id >= 6431185) AND (id <= 6432184))

table 6 : explain SELECT c FROM sbtest6 WHERE id BETWEEN 8416552 AND 8417551 ORDER BY c
	Sort  (cost=3707.96..3710.32 rows=947 width=121)
	  Sort Key: c
	  ->  Bitmap Heap Scan on sbtest6  (cost=22.14..3661.14 rows=947 width=121)
	        Recheck Cond: ((id >= 8416552) AND (id <= 8417551))
	        ->  Bitmap Index Scan on sbtest6_pkey  (cost=0.00..21.90 rows=947 width=0)
	              Index Cond: ((id >= 8416552) AND (id <= 8417551))

table 7 : explain SELECT c FROM sbtest7 WHERE id BETWEEN 9348184 AND 9349183 ORDER BY c
	Sort  (cost=3990.58..3993.13 rows=1021 width=121)
	  Sort Key: c
	  ->  Bitmap Heap Scan on sbtest7  (cost=22.90..3939.55 rows=1021 width=121)
	        Recheck Cond: ((id >= 9348184) AND (id <= 9349183))
	        ->  Bitmap Index Scan on sbtest7_pkey  (cost=0.00..22.64 rows=1021 width=0)
	              Index Cond: ((id >= 9348184) AND (id <= 9349183))

table 8 : explain SELECT c FROM sbtest8 WHERE id BETWEEN 2960260 AND 2961259 ORDER BY c
	Sort  (cost=3865.58..3868.05 rows=988 width=121)
	  Sort Key: c
	  ->  Bitmap Heap Scan on sbtest8  (cost=22.56..3816.44 rows=988 width=121)
	        Recheck Cond: ((id >= 2960260) AND (id <= 2961259))
	        ->  Bitmap Index Scan on sbtest8_pkey  (cost=0.00..22.32 rows=988 width=0)
	              Index Cond: ((id >= 2960260) AND (id <= 2961259))

for: order_ranges
table 1 : explain SELECT c FROM sbtest1 WHERE id BETWEEN 3533111 AND 3534110 ORDER BY c
	Sort  (cost=3824.78..3827.22 rows=978 width=121)
	  Sort Key: c
	  ->  Bitmap Heap Scan on sbtest1  (cost=22.46..3776.20 rows=978 width=121)
	        Recheck Cond: ((id >= 3533111) AND (id <= 3534110))
	        ->  Bitmap Index Scan on sbtest1_pkey  (cost=0.00..22.21 rows=978 width=0)
	              Index Cond: ((id >= 3533111) AND (id <= 3534110))

table 2 : explain SELECT c FROM sbtest2 WHERE id BETWEEN 7457557 AND 7458556 ORDER BY c
	Sort  (cost=3763.71..3766.11 rows=962 width=121)
	  Sort Key: c
	  ->  Bitmap Heap Scan on sbtest2  (cost=22.30..3716.04 rows=962 width=121)
	        Recheck Cond: ((id >= 7457557) AND (id <= 7458556))
	        ->  Bitmap Index Scan on sbtest2_pkey  (cost=0.00..22.05 rows=962 width=0)
	              Index Cond: ((id >= 7457557) AND (id <= 7458556))

table 3 : explain SELECT c FROM sbtest3 WHERE id BETWEEN 73726 AND 74725 ORDER BY c
	Sort  (cost=4176.48..4179.15 rows=1070 width=121)
	  Sort Key: c
	  ->  Bitmap Heap Scan on sbtest3  (cost=23.40..4122.64 rows=1070 width=121)
	        Recheck Cond: ((id >= 73726) AND (id <= 74725))
	        ->  Bitmap Index Scan on sbtest3_pkey  (cost=0.00..23.14 rows=1070 width=0)
	              Index Cond: ((id >= 73726) AND (id <= 74725))

table 4 : explain SELECT c FROM sbtest4 WHERE id BETWEEN 25342 AND 26341 ORDER BY c
	Sort  (cost=3752.82..3755.22 rows=959 width=121)
	  Sort Key: c
	  ->  Bitmap Heap Scan on sbtest4  (cost=22.26..3705.33 rows=959 width=121)
	        Recheck Cond: ((id >= 25342) AND (id <= 26341))
	        ->  Bitmap Index Scan on sbtest4_pkey  (cost=0.00..22.02 rows=959 width=0)
	              Index Cond: ((id >= 25342) AND (id <= 26341))

table 5 : explain SELECT c FROM sbtest5 WHERE id BETWEEN 5905122 AND 5906121 ORDER BY c
	Sort  (cost=4268.67..4271.41 rows=1094 width=121)
	  Sort Key: c
	  ->  Bitmap Heap Scan on sbtest5  (cost=27.65..4213.45 rows=1094 width=121)
	        Recheck Cond: ((id >= 5905122) AND (id <= 5906121))
	        ->  Bitmap Index Scan on sbtest5_pkey  (cost=0.00..27.37 rows=1094 width=0)
	              Index Cond: ((id >= 5905122) AND (id <= 5906121))

table 6 : explain SELECT c FROM sbtest6 WHERE id BETWEEN 3137874 AND 3138873 ORDER BY c
	Sort  (cost=4193.30..4195.99 rows=1074 width=121)
	  Sort Key: c
	  ->  Bitmap Heap Scan on sbtest6  (cost=23.44..4139.23 rows=1074 width=121)
	        Recheck Cond: ((id >= 3137874) AND (id <= 3138873))
	        ->  Bitmap Index Scan on sbtest6_pkey  (cost=0.00..23.18 rows=1074 width=0)
	              Index Cond: ((id >= 3137874) AND (id <= 3138873))

table 7 : explain SELECT c FROM sbtest7 WHERE id BETWEEN 1182488 AND 1183487 ORDER BY c
	Sort  (cost=3891.22..3893.71 rows=995 width=121)
	  Sort Key: c
	  ->  Bitmap Heap Scan on sbtest7  (cost=22.63..3841.68 rows=995 width=121)
	        Recheck Cond: ((id >= 1182488) AND (id <= 1183487))
	        ->  Bitmap Index Scan on sbtest7_pkey  (cost=0.00..22.39 rows=995 width=0)
	              Index Cond: ((id >= 1182488) AND (id <= 1183487))

table 8 : explain SELECT c FROM sbtest8 WHERE id BETWEEN 8797551 AND 8798550 ORDER BY c
	Sort  (cost=3861.76..3864.22 rows=987 width=121)
	  Sort Key: c
	  ->  Bitmap Heap Scan on sbtest8  (cost=22.55..3812.67 rows=987 width=121)
	        Recheck Cond: ((id >= 8797551) AND (id <= 8798550))
	        ->  Bitmap Index Scan on sbtest8_pkey  (cost=0.00..22.30 rows=987 width=0)
	              Index Cond: ((id >= 8797551) AND (id <= 8798550))

for: sum_ranges
table 1 : explain SELECT SUM(k) FROM sbtest1 WHERE id BETWEEN 5153988 AND 5154987
	Aggregate  (cost=3978.19..3978.20 rows=1 width=8)
	  ->  Bitmap Heap Scan on sbtest1  (cost=23.00..3975.61 rows=1031 width=4)
	        Recheck Cond: ((id >= 5153988) AND (id <= 5154987))
	        ->  Bitmap Index Scan on sbtest1_pkey  (cost=0.00..22.75 rows=1031 width=0)
	              Index Cond: ((id >= 5153988) AND (id <= 5154987))

table 2 : explain SELECT SUM(k) FROM sbtest2 WHERE id BETWEEN 8512483 AND 8513482
	Aggregate  (cost=3850.34..3850.35 rows=1 width=8)
	  ->  Bitmap Heap Scan on sbtest2  (cost=22.65..3847.84 rows=997 width=4)
	        Recheck Cond: ((id >= 8512483) AND (id <= 8513482))
	        ->  Bitmap Index Scan on sbtest2_pkey  (cost=0.00..22.40 rows=997 width=0)
	              Index Cond: ((id >= 8512483) AND (id <= 8513482))

table 3 : explain SELECT SUM(k) FROM sbtest3 WHERE id BETWEEN 601039 AND 602038
	Aggregate  (cost=4147.86..4147.87 rows=1 width=8)
	  ->  Bitmap Heap Scan on sbtest3  (cost=23.46..4145.17 rows=1076 width=4)
	        Recheck Cond: ((id >= 601039) AND (id <= 602038))
	        ->  Bitmap Index Scan on sbtest3_pkey  (cost=0.00..23.19 rows=1076 width=0)
	              Index Cond: ((id >= 601039) AND (id <= 602038))

table 4 : explain SELECT SUM(k) FROM sbtest4 WHERE id BETWEEN 186202 AND 187201
	Aggregate  (cost=3948.86..3948.87 rows=1 width=8)
	  ->  Bitmap Heap Scan on sbtest4  (cost=22.92..3946.31 rows=1023 width=4)
	        Recheck Cond: ((id >= 186202) AND (id <= 187201))
	        ->  Bitmap Index Scan on sbtest4_pkey  (cost=0.00..22.66 rows=1023 width=0)
	              Index Cond: ((id >= 186202) AND (id <= 187201))

table 5 : explain SELECT SUM(k) FROM sbtest5 WHERE id BETWEEN 2032436 AND 2033435
	Aggregate  (cost=4046.82..4046.83 rows=1 width=8)
	  ->  Bitmap Heap Scan on sbtest5  (cost=23.19..4044.19 rows=1049 width=4)
	        Recheck Cond: ((id >= 2032436) AND (id <= 2033435))
	        ->  Bitmap Index Scan on sbtest5_pkey  (cost=0.00..22.93 rows=1049 width=0)
	              Index Cond: ((id >= 2032436) AND (id <= 2033435))

table 6 : explain SELECT SUM(k) FROM sbtest6 WHERE id BETWEEN 1790376 AND 1791375
	Aggregate  (cost=4254.90..4254.91 rows=1 width=8)
	  ->  Bitmap Heap Scan on sbtest6  (cost=27.75..4252.14 rows=1104 width=4)
	        Recheck Cond: ((id >= 1790376) AND (id <= 1791375))
	        ->  Bitmap Index Scan on sbtest6_pkey  (cost=0.00..27.47 rows=1104 width=0)
	              Index Cond: ((id >= 1790376) AND (id <= 1791375))

table 7 : explain SELECT SUM(k) FROM sbtest7 WHERE id BETWEEN 2016728 AND 2017727
	Aggregate  (cost=3708.42..3708.43 rows=1 width=8)
	  ->  Bitmap Heap Scan on sbtest7  (cost=22.26..3706.02 rows=959 width=4)
	        Recheck Cond: ((id >= 2016728) AND (id <= 2017727))
	        ->  Bitmap Index Scan on sbtest7_pkey  (cost=0.00..22.02 rows=959 width=0)
	              Index Cond: ((id >= 2016728) AND (id <= 2017727))

table 8 : explain SELECT SUM(k) FROM sbtest8 WHERE id BETWEEN 6895065 AND 6896064
	Aggregate  (cost=3671.74..3671.75 rows=1 width=8)
	  ->  Bitmap Heap Scan on sbtest8  (cost=22.16..3669.37 rows=949 width=4)
	        Recheck Cond: ((id >= 6895065) AND (id <= 6896064))
	        ->  Bitmap Index Scan on sbtest8_pkey  (cost=0.00..21.93 rows=949 width=0)
	              Index Cond: ((id >= 6895065) AND (id <= 6896064))

for: sum_ranges
table 1 : explain SELECT SUM(k) FROM sbtest1 WHERE id BETWEEN 2965463 AND 2966462
	Aggregate  (cost=3499.42..3499.43 rows=1 width=8)
	  ->  Bitmap Heap Scan on sbtest1  (cost=21.70..3497.16 rows=904 width=4)
	        Recheck Cond: ((id >= 2965463) AND (id <= 2966462))
	        ->  Bitmap Index Scan on sbtest1_pkey  (cost=0.00..21.47 rows=904 width=0)
	              Index Cond: ((id >= 2965463) AND (id <= 2966462))

table 2 : explain SELECT SUM(k) FROM sbtest2 WHERE id BETWEEN 2259133 AND 2260132
	Aggregate  (cost=3872.93..3872.94 rows=1 width=8)
	  ->  Bitmap Heap Scan on sbtest2  (cost=22.72..3870.42 rows=1003 width=4)
	        Recheck Cond: ((id >= 2259133) AND (id <= 2260132))
	        ->  Bitmap Index Scan on sbtest2_pkey  (cost=0.00..22.46 rows=1003 width=0)
	              Index Cond: ((id >= 2259133) AND (id <= 2260132))

table 3 : explain SELECT SUM(k) FROM sbtest3 WHERE id BETWEEN 7816606 AND 7817605
	Aggregate  (cost=4121.56..4121.57 rows=1 width=8)
	  ->  Bitmap Heap Scan on sbtest3  (cost=23.39..4118.89 rows=1069 width=4)
	        Recheck Cond: ((id >= 7816606) AND (id <= 7817605))
	        ->  Bitmap Index Scan on sbtest3_pkey  (cost=0.00..23.12 rows=1069 width=0)
	              Index Cond: ((id >= 7816606) AND (id <= 7817605))

table 4 : explain SELECT SUM(k) FROM sbtest4 WHERE id BETWEEN 2453964 AND 2454963
	Aggregate  (cost=4106.82..4106.83 rows=1 width=8)
	  ->  Bitmap Heap Scan on sbtest4  (cost=23.35..4104.16 rows=1065 width=4)
	        Recheck Cond: ((id >= 2453964) AND (id <= 2454963))
	        ->  Bitmap Index Scan on sbtest4_pkey  (cost=0.00..23.08 rows=1065 width=0)
	              Index Cond: ((id >= 2453964) AND (id <= 2454963))

table 5 : explain SELECT SUM(k) FROM sbtest5 WHERE id BETWEEN 7548249 AND 7549248
	Aggregate  (cost=3967.82..3967.83 rows=1 width=8)
	  ->  Bitmap Heap Scan on sbtest5  (cost=22.97..3965.25 rows=1028 width=4)
	        Recheck Cond: ((id >= 7548249) AND (id <= 7549248))
	        ->  Bitmap Index Scan on sbtest5_pkey  (cost=0.00..22.71 rows=1028 width=0)
	              Index Cond: ((id >= 7548249) AND (id <= 7549248))

table 6 : explain SELECT SUM(k) FROM sbtest6 WHERE id BETWEEN 1352485 AND 1353484
	Aggregate  (cost=3587.97..3587.98 rows=1 width=8)
	  ->  Bitmap Heap Scan on sbtest6  (cost=21.94..3585.66 rows=927 width=4)
	        Recheck Cond: ((id >= 1352485) AND (id <= 1353484))
	        ->  Bitmap Index Scan on sbtest6_pkey  (cost=0.00..21.70 rows=927 width=0)
	              Index Cond: ((id >= 1352485) AND (id <= 1353484))

table 7 : explain SELECT SUM(k) FROM sbtest7 WHERE id BETWEEN 5374370 AND 5375369
	Aggregate  (cost=4182.80..4182.81 rows=1 width=8)
	  ->  Bitmap Heap Scan on sbtest7  (cost=23.56..4180.09 rows=1085 width=4)
	        Recheck Cond: ((id >= 5374370) AND (id <= 5375369))
	        ->  Bitmap Index Scan on sbtest7_pkey  (cost=0.00..23.29 rows=1085 width=0)
	              Index Cond: ((id >= 5374370) AND (id <= 5375369))

table 8 : explain SELECT SUM(k) FROM sbtest8 WHERE id BETWEEN 7052408 AND 7053407
	Aggregate  (cost=3581.07..3581.08 rows=1 width=8)
	  ->  Bitmap Heap Scan on sbtest8  (cost=21.92..3578.76 rows=925 width=4)
	        Recheck Cond: ((id >= 7052408) AND (id <= 7053407))
	        ->  Bitmap Index Scan on sbtest8_pkey  (cost=0.00..21.68 rows=925 width=0)
	              Index Cond: ((id >= 7052408) AND (id <= 7053407))

for: sum_ranges
table 1 : explain SELECT SUM(k) FROM sbtest1 WHERE id BETWEEN 4984911 AND 4985910
	Aggregate  (cost=4196.17..4196.18 rows=1 width=8)
	  ->  Bitmap Heap Scan on sbtest1  (cost=23.61..4193.44 rows=1090 width=4)
	        Recheck Cond: ((id >= 4984911) AND (id <= 4985910))
	        ->  Bitmap Index Scan on sbtest1_pkey  (cost=0.00..23.33 rows=1090 width=0)
	              Index Cond: ((id >= 4984911) AND (id <= 4985910))

table 2 : explain SELECT SUM(k) FROM sbtest2 WHERE id BETWEEN 2125372 AND 2126371
	Aggregate  (cost=3993.35..3993.36 rows=1 width=8)
	  ->  Bitmap Heap Scan on sbtest2  (cost=23.04..3990.77 rows=1035 width=4)
	        Recheck Cond: ((id >= 2125372) AND (id <= 2126371))
	        ->  Bitmap Index Scan on sbtest2_pkey  (cost=0.00..22.79 rows=1035 width=0)
	              Index Cond: ((id >= 2125372) AND (id <= 2126371))

table 3 : explain SELECT SUM(k) FROM sbtest3 WHERE id BETWEEN 2741323 AND 2742322
	Aggregate  (cost=3854.46..3854.47 rows=1 width=8)
	  ->  Bitmap Heap Scan on sbtest3  (cost=22.66..3851.97 rows=998 width=4)
	        Recheck Cond: ((id >= 2741323) AND (id <= 2742322))
	        ->  Bitmap Index Scan on sbtest3_pkey  (cost=0.00..22.41 rows=998 width=0)
	              Index Cond: ((id >= 2741323) AND (id <= 2742322))

table 4 : explain SELECT SUM(k) FROM sbtest4 WHERE id BETWEEN 8113811 AND 8114810
	Aggregate  (cost=3416.88..3416.89 rows=1 width=8)
	  ->  Bitmap Heap Scan on sbtest4  (cost=21.48..3414.67 rows=882 width=4)
	        Recheck Cond: ((id >= 8113811) AND (id <= 8114810))
	        ->  Bitmap Index Scan on sbtest4_pkey  (cost=0.00..21.25 rows=882 width=0)
	              Index Cond: ((id >= 8113811) AND (id <= 8114810))

table 5 : explain SELECT SUM(k) FROM sbtest5 WHERE id BETWEEN 1951875 AND 1952874
	Aggregate  (cost=3753.11..3753.12 rows=1 width=8)
	  ->  Bitmap Heap Scan on sbtest5  (cost=22.39..3750.68 rows=971 width=4)
	        Recheck Cond: ((id >= 1951875) AND (id <= 1952874))
	        ->  Bitmap Index Scan on sbtest5_pkey  (cost=0.00..22.14 rows=971 width=0)
	              Index Cond: ((id >= 1951875) AND (id <= 1952874))

table 6 : explain SELECT SUM(k) FROM sbtest6 WHERE id BETWEEN 5908517 AND 5909516
	Aggregate  (cost=3621.97..3621.98 rows=1 width=8)
	  ->  Bitmap Heap Scan on sbtest6  (cost=22.03..3619.63 rows=936 width=4)
	        Recheck Cond: ((id >= 5908517) AND (id <= 5909516))
	        ->  Bitmap Index Scan on sbtest6_pkey  (cost=0.00..21.79 rows=936 width=0)
	              Index Cond: ((id >= 5908517) AND (id <= 5909516))

table 7 : explain SELECT SUM(k) FROM sbtest7 WHERE id BETWEEN 2601955 AND 2602954
	Aggregate  (cost=4039.95..4039.96 rows=1 width=8)
	  ->  Bitmap Heap Scan on sbtest7  (cost=23.17..4037.33 rows=1047 width=4)
	        Recheck Cond: ((id >= 2601955) AND (id <= 2602954))
	        ->  Bitmap Index Scan on sbtest7_pkey  (cost=0.00..22.90 rows=1047 width=0)
	              Index Cond: ((id >= 2601955) AND (id <= 2602954))

table 8 : explain SELECT SUM(k) FROM sbtest8 WHERE id BETWEEN 2070509 AND 2071508
	Aggregate  (cost=3980.94..3980.95 rows=1 width=8)
	  ->  Bitmap Heap Scan on sbtest8  (cost=23.00..3978.36 rows=1031 width=4)
	        Recheck Cond: ((id >= 2070509) AND (id <= 2071508))
	        ->  Bitmap Index Scan on sbtest8_pkey  (cost=0.00..22.75 rows=1031 width=0)
	              Index Cond: ((id >= 2070509) AND (id <= 2071508))

for: distinct_ranges
table 1 : explain SELECT DISTINCT c FROM sbtest1 WHERE id BETWEEN 5722507 AND 5723506 ORDER BY c
	Unique  (cost=3778.90..3783.73 rows=966 width=121)
	  ->  Sort  (cost=3778.90..3781.31 rows=966 width=121)
	        Sort Key: c
	        ->  Bitmap Heap Scan on sbtest1  (cost=22.34..3731.00 rows=966 width=121)
	              Recheck Cond: ((id >= 5722507) AND (id <= 5723506))
	              ->  Bitmap Index Scan on sbtest1_pkey  (cost=0.00..22.09 rows=966 width=0)
	                    Index Cond: ((id >= 5722507) AND (id <= 5723506))

table 2 : explain SELECT DISTINCT c FROM sbtest2 WHERE id BETWEEN 8905391 AND 8906390 ORDER BY c
	Unique  (cost=3836.36..3841.26 rows=981 width=121)
	  ->  Sort  (cost=3836.36..3838.81 rows=981 width=121)
	        Sort Key: c
	        ->  Bitmap Heap Scan on sbtest2  (cost=22.49..3787.61 rows=981 width=121)
	              Recheck Cond: ((id >= 8905391) AND (id <= 8906390))
	              ->  Bitmap Index Scan on sbtest2_pkey  (cost=0.00..22.25 rows=981 width=0)
	                    Index Cond: ((id >= 8905391) AND (id <= 8906390))

table 3 : explain SELECT DISTINCT c FROM sbtest3 WHERE id BETWEEN 5736436 AND 5737435 ORDER BY c
	Unique  (cost=4466.15..4471.88 rows=1146 width=121)
	  ->  Sort  (cost=4466.15..4469.01 rows=1146 width=121)
	        Sort Key: c
	        ->  Bitmap Heap Scan on sbtest3  (cost=28.18..4407.92 rows=1146 width=121)
	              Recheck Cond: ((id >= 5736436) AND (id <= 5737435))
	              ->  Bitmap Index Scan on sbtest3_pkey  (cost=0.00..27.89 rows=1146 width=0)
	                    Index Cond: ((id >= 5736436) AND (id <= 5737435))

table 4 : explain SELECT DISTINCT c FROM sbtest4 WHERE id BETWEEN 8548942 AND 8549941 ORDER BY c
	Unique  (cost=3821.68..3826.56 rows=977 width=121)
	  ->  Sort  (cost=3821.68..3824.12 rows=977 width=121)
	        Sort Key: c
	        ->  Bitmap Heap Scan on sbtest4  (cost=22.45..3773.16 rows=977 width=121)
	              Recheck Cond: ((id >= 8548942) AND (id <= 8549941))
	              ->  Bitmap Index Scan on sbtest4_pkey  (cost=0.00..22.20 rows=977 width=0)
	                    Index Cond: ((id >= 8548942) AND (id <= 8549941))

table 5 : explain SELECT DISTINCT c FROM sbtest5 WHERE id BETWEEN 8240144 AND 8241143 ORDER BY c
	Unique  (cost=4043.40..4048.57 rows=1035 width=121)
	  ->  Sort  (cost=4043.40..4045.99 rows=1035 width=121)
	        Sort Key: c
	        ->  Bitmap Heap Scan on sbtest5  (cost=23.04..3991.57 rows=1035 width=121)
	              Recheck Cond: ((id >= 8240144) AND (id <= 8241143))
	              ->  Bitmap Index Scan on sbtest5_pkey  (cost=0.00..22.79 rows=1035 width=0)
	                    Index Cond: ((id >= 8240144) AND (id <= 8241143))

table 6 : explain SELECT DISTINCT c FROM sbtest6 WHERE id BETWEEN 3382332 AND 3383331 ORDER BY c
	Unique  (cost=4139.90..4145.20 rows=1060 width=121)
	  ->  Sort  (cost=4139.90..4142.55 rows=1060 width=121)
	        Sort Key: c
	        ->  Bitmap Heap Scan on sbtest6  (cost=23.30..4086.63 rows=1060 width=121)
	              Recheck Cond: ((id >= 3382332) AND (id <= 3383331))
	              ->  Bitmap Index Scan on sbtest6_pkey  (cost=0.00..23.04 rows=1060 width=0)
	                    Index Cond: ((id >= 3382332) AND (id <= 3383331))

table 7 : explain SELECT DISTINCT c FROM sbtest7 WHERE id BETWEEN 5839360 AND 5840359 ORDER BY c
	Unique  (cost=3703.75..3708.48 rows=946 width=121)
	  ->  Sort  (cost=3703.75..3706.12 rows=946 width=121)
	        Sort Key: c
	        ->  Bitmap Heap Scan on sbtest7  (cost=22.13..3656.99 rows=946 width=121)
	              Recheck Cond: ((id >= 5839360) AND (id <= 5840359))
	              ->  Bitmap Index Scan on sbtest7_pkey  (cost=0.00..21.89 rows=946 width=0)
	                    Index Cond: ((id >= 5839360) AND (id <= 5840359))

table 8 : explain SELECT DISTINCT c FROM sbtest8 WHERE id BETWEEN 4360495 AND 4361494 ORDER BY c
	Unique  (cost=3559.15..3563.69 rows=908 width=121)
	  ->  Sort  (cost=3559.15..3561.42 rows=908 width=121)
	        Sort Key: c
	        ->  Bitmap Heap Scan on sbtest8  (cost=21.74..3514.53 rows=908 width=121)
	              Recheck Cond: ((id >= 4360495) AND (id <= 4361494))
	              ->  Bitmap Index Scan on sbtest8_pkey  (cost=0.00..21.51 rows=908 width=0)
	                    Index Cond: ((id >= 4360495) AND (id <= 4361494))

for: distinct_ranges
table 1 : explain SELECT DISTINCT c FROM sbtest1 WHERE id BETWEEN 7971147 AND 7972146 ORDER BY c
	Unique  (cost=3679.42..3684.12 rows=940 width=121)
	  ->  Sort  (cost=3679.42..3681.77 rows=940 width=121)
	        Sort Key: c
	        ->  Bitmap Heap Scan on sbtest1  (cost=22.07..3633.00 rows=940 width=121)
	              Recheck Cond: ((id >= 7971147) AND (id <= 7972146))
	              ->  Bitmap Index Scan on sbtest1_pkey  (cost=0.00..21.83 rows=940 width=0)
	                    Index Cond: ((id >= 7971147) AND (id <= 7972146))

table 2 : explain SELECT DISTINCT c FROM sbtest2 WHERE id BETWEEN 8317901 AND 8318900 ORDER BY c
	Unique  (cost=3855.47..3860.40 rows=986 width=121)
	  ->  Sort  (cost=3855.47..3857.93 rows=986 width=121)
	        Sort Key: c
	        ->  Bitmap Heap Scan on sbtest2  (cost=22.54..3806.44 rows=986 width=121)
	              Recheck Cond: ((id >= 8317901) AND (id <= 8318900))
	              ->  Bitmap Index Scan on sbtest2_pkey  (cost=0.00..22.29 rows=986 width=0)
	                    Index Cond: ((id >= 8317901) AND (id <= 8318900))

table 3 : explain SELECT DISTINCT c FROM sbtest3 WHERE id BETWEEN 218563 AND 219562 ORDER BY c
	Unique  (cost=4111.65..4116.92 rows=1053 width=121)
	  ->  Sort  (cost=4111.65..4114.29 rows=1053 width=121)
	        Sort Key: c
	        ->  Bitmap Heap Scan on sbtest3  (cost=23.23..4058.79 rows=1053 width=121)
	              Recheck Cond: ((id >= 218563) AND (id <= 219562))
	              ->  Bitmap Index Scan on sbtest3_pkey  (cost=0.00..22.96 rows=1053 width=0)
	                    Index Cond: ((id >= 218563) AND (id <= 219562))

table 4 : explain SELECT DISTINCT c FROM sbtest4 WHERE id BETWEEN 6305924 AND 6306923 ORDER BY c
	Unique  (cost=3622.66..3627.28 rows=925 width=121)
	  ->  Sort  (cost=3622.66..3624.97 rows=925 width=121)
	        Sort Key: c
	        ->  Bitmap Heap Scan on sbtest4  (cost=21.92..3577.09 rows=925 width=121)
	              Recheck Cond: ((id >= 6305924) AND (id <= 6306923))
	              ->  Bitmap Index Scan on sbtest4_pkey  (cost=0.00..21.68 rows=925 width=0)
	                    Index Cond: ((id >= 6305924) AND (id <= 6306923))

table 5 : explain SELECT DISTINCT c FROM sbtest5 WHERE id BETWEEN 2692111 AND 2693110 ORDER BY c
	Unique  (cost=4012.86..4017.99 rows=1027 width=121)
	  ->  Sort  (cost=4012.86..4015.43 rows=1027 width=121)
	        Sort Key: c
	        ->  Bitmap Heap Scan on sbtest5  (cost=22.96..3961.49 rows=1027 width=121)
	              Recheck Cond: ((id >= 2692111) AND (id <= 2693110))
	              ->  Bitmap Index Scan on sbtest5_pkey  (cost=0.00..22.70 rows=1027 width=0)
	                    Index Cond: ((id >= 2692111) AND (id <= 2693110))

table 6 : explain SELECT DISTINCT c FROM sbtest6 WHERE id BETWEEN 9848810 AND 9849809 ORDER BY c
	Unique  (cost=3776.87..3781.69 rows=965 width=121)
	  ->  Sort  (cost=3776.87..3779.28 rows=965 width=121)
	        Sort Key: c
	        ->  Bitmap Heap Scan on sbtest6  (cost=22.33..3729.03 rows=965 width=121)
	              Recheck Cond: ((id >= 9848810) AND (id <= 9849809))
	              ->  Bitmap Index Scan on sbtest6_pkey  (cost=0.00..22.08 rows=965 width=0)
	                    Index Cond: ((id >= 9848810) AND (id <= 9849809))

table 7 : explain SELECT DISTINCT c FROM sbtest7 WHERE id BETWEEN 3136592 AND 3137591 ORDER BY c
	Unique  (cost=3761.17..3765.98 rows=961 width=121)
	  ->  Sort  (cost=3761.17..3763.57 rows=961 width=121)
	        Sort Key: c
	        ->  Bitmap Heap Scan on sbtest7  (cost=22.29..3713.56 rows=961 width=121)
	              Recheck Cond: ((id >= 3136592) AND (id <= 3137591))
	              ->  Bitmap Index Scan on sbtest7_pkey  (cost=0.00..22.04 rows=961 width=0)
	                    Index Cond: ((id >= 3136592) AND (id <= 3137591))

table 8 : explain SELECT DISTINCT c FROM sbtest8 WHERE id BETWEEN 8494561 AND 8495560 ORDER BY c
	Unique  (cost=3965.00..3970.07 rows=1014 width=121)
	  ->  Sort  (cost=3965.00..3967.54 rows=1014 width=121)
	        Sort Key: c
	        ->  Bitmap Heap Scan on sbtest8  (cost=22.83..3914.37 rows=1014 width=121)
	              Recheck Cond: ((id >= 8494561) AND (id <= 8495560))
	              ->  Bitmap Index Scan on sbtest8_pkey  (cost=0.00..22.57 rows=1014 width=0)
	                    Index Cond: ((id >= 8494561) AND (id <= 8495560))

for: sum_ranges
table 1 : explain SELECT SUM(k) FROM sbtest1 WHERE id BETWEEN 9026670 AND 9027669
	Aggregate  (cost=3729.65..3729.66 rows=1 width=8)
	  ->  Bitmap Heap Scan on sbtest1  (cost=22.33..3727.24 rows=965 width=4)
	        Recheck Cond: ((id >= 9026670) AND (id <= 9027669))
	        ->  Bitmap Index Scan on sbtest1_pkey  (cost=0.00..22.08 rows=965 width=0)
	              Index Cond: ((id >= 9026670) AND (id <= 9027669))

table 2 : explain SELECT SUM(k) FROM sbtest2 WHERE id BETWEEN 2987466 AND 2988465
	Aggregate  (cost=3940.68..3940.69 rows=1 width=8)
	  ->  Bitmap Heap Scan on sbtest2  (cost=22.90..3938.13 rows=1021 width=4)
	        Recheck Cond: ((id >= 2987466) AND (id <= 2988465))
	        ->  Bitmap Index Scan on sbtest2_pkey  (cost=0.00..22.64 rows=1021 width=0)
	              Index Cond: ((id >= 2987466) AND (id <= 2988465))

table 3 : explain SELECT SUM(k) FROM sbtest3 WHERE id BETWEEN 3550513 AND 3551512
	Aggregate  (cost=3586.71..3586.72 rows=1 width=8)
	  ->  Bitmap Heap Scan on sbtest3  (cost=21.94..3584.39 rows=927 width=4)
	        Recheck Cond: ((id >= 3550513) AND (id <= 3551512))
	        ->  Bitmap Index Scan on sbtest3_pkey  (cost=0.00..21.70 rows=927 width=0)
	              Index Cond: ((id >= 3550513) AND (id <= 3551512))

table 4 : explain SELECT SUM(k) FROM sbtest4 WHERE id BETWEEN 7885695 AND 7886694
	Aggregate  (cost=4208.52..4208.53 rows=1 width=8)
	  ->  Bitmap Heap Scan on sbtest4  (cost=27.63..4205.79 rows=1092 width=4)
	        Recheck Cond: ((id >= 7885695) AND (id <= 7886694))
	        ->  Bitmap Index Scan on sbtest4_pkey  (cost=0.00..27.36 rows=1092 width=0)
	              Index Cond: ((id >= 7885695) AND (id <= 7886694))

table 5 : explain SELECT SUM(k) FROM sbtest5 WHERE id BETWEEN 692098 AND 693097
	Aggregate  (cost=4189.62..4189.63 rows=1 width=8)
	  ->  Bitmap Heap Scan on sbtest5  (cost=23.58..4186.91 rows=1087 width=4)
	        Recheck Cond: ((id >= 692098) AND (id <= 693097))
	        ->  Bitmap Index Scan on sbtest5_pkey  (cost=0.00..23.30 rows=1087 width=0)
	              Index Cond: ((id >= 692098) AND (id <= 693097))

table 6 : explain SELECT SUM(k) FROM sbtest6 WHERE id BETWEEN 2891582 AND 2892581
	Aggregate  (cost=3844.57..3844.58 rows=1 width=8)
	  ->  Bitmap Heap Scan on sbtest6  (cost=22.63..3842.08 rows=995 width=4)
	        Recheck Cond: ((id >= 2891582) AND (id <= 2892581))
	        ->  Bitmap Index Scan on sbtest6_pkey  (cost=0.00..22.39 rows=995 width=0)
	              Index Cond: ((id >= 2891582) AND (id <= 2892581))

table 7 : explain SELECT SUM(k) FROM sbtest7 WHERE id BETWEEN 1932623 AND 1933622
	Aggregate  (cost=3685.78..3685.79 rows=1 width=8)
	  ->  Bitmap Heap Scan on sbtest7  (cost=22.20..3683.40 rows=953 width=4)
	        Recheck Cond: ((id >= 1932623) AND (id <= 1933622))
	        ->  Bitmap Index Scan on sbtest7_pkey  (cost=0.00..21.96 rows=953 width=0)
	              Index Cond: ((id >= 1932623) AND (id <= 1933622))

table 8 : explain SELECT SUM(k) FROM sbtest8 WHERE id BETWEEN 3232110 AND 3233109
	Aggregate  (cost=3988.47..3988.48 rows=1 width=8)
	  ->  Bitmap Heap Scan on sbtest8  (cost=23.02..3985.89 rows=1033 width=4)
	        Recheck Cond: ((id >= 3232110) AND (id <= 3233109))
	        ->  Bitmap Index Scan on sbtest8_pkey  (cost=0.00..22.76 rows=1033 width=0)
	              Index Cond: ((id >= 3232110) AND (id <= 3233109))

for: order_ranges
table 1 : explain SELECT c FROM sbtest1 WHERE id BETWEEN 7374046 AND 7375045 ORDER BY c
	Sort  (cost=4320.98..4323.75 rows=1108 width=121)
	  Sort Key: c
	  ->  Bitmap Heap Scan on sbtest1  (cost=27.79..4264.95 rows=1108 width=121)
	        Recheck Cond: ((id >= 7374046) AND (id <= 7375045))
	        ->  Bitmap Index Scan on sbtest1_pkey  (cost=0.00..27.51 rows=1108 width=0)
	              Index Cond: ((id >= 7374046) AND (id <= 7375045))

table 2 : explain SELECT c FROM sbtest2 WHERE id BETWEEN 4075304 AND 4076303 ORDER BY c
	Sort  (cost=4137.95..4140.60 rows=1060 width=121)
	  Sort Key: c
	  ->  Bitmap Heap Scan on sbtest2  (cost=23.30..4084.69 rows=1060 width=121)
	        Recheck Cond: ((id >= 4075304) AND (id <= 4076303))
	        ->  Bitmap Index Scan on sbtest2_pkey  (cost=0.00..23.04 rows=1060 width=0)
	              Index Cond: ((id >= 4075304) AND (id <= 4076303))

table 3 : explain SELECT c FROM sbtest3 WHERE id BETWEEN 7223000 AND 7223999 ORDER BY c
	Sort  (cost=4054.43..4057.02 rows=1038 width=121)
	  Sort Key: c
	  ->  Bitmap Heap Scan on sbtest3  (cost=23.07..4002.42 rows=1038 width=121)
	        Recheck Cond: ((id >= 7223000) AND (id <= 7223999))
	        ->  Bitmap Index Scan on sbtest3_pkey  (cost=0.00..22.82 rows=1038 width=0)
	              Index Cond: ((id >= 7223000) AND (id <= 7223999))

table 4 : explain SELECT c FROM sbtest4 WHERE id BETWEEN 2941630 AND 2942629 ORDER BY c
	Sort  (cost=4253.09..4255.82 rows=1091 width=121)
	  Sort Key: c
	  ->  Bitmap Heap Scan on sbtest4  (cost=23.62..4198.04 rows=1091 width=121)
	        Recheck Cond: ((id >= 2941630) AND (id <= 2942629))
	        ->  Bitmap Index Scan on sbtest4_pkey  (cost=0.00..23.34 rows=1091 width=0)
	              Index Cond: ((id >= 2941630) AND (id <= 2942629))

table 5 : explain SELECT c FROM sbtest5 WHERE id BETWEEN 7589405 AND 7590404 ORDER BY c
	Sort  (cost=3997.59..4000.14 rows=1023 width=121)
	  Sort Key: c
	  ->  Bitmap Heap Scan on sbtest5  (cost=22.92..3946.44 rows=1023 width=121)
	        Recheck Cond: ((id >= 7589405) AND (id <= 7590404))
	        ->  Bitmap Index Scan on sbtest5_pkey  (cost=0.00..22.66 rows=1023 width=0)
	              Index Cond: ((id >= 7589405) AND (id <= 7590404))

table 6 : explain SELECT c FROM sbtest6 WHERE id BETWEEN 9158980 AND 9159979 ORDER BY c
	Sort  (cost=4055.92..4058.52 rows=1038 width=121)
	  Sort Key: c
	  ->  Bitmap Heap Scan on sbtest6  (cost=23.07..4003.92 rows=1038 width=121)
	        Recheck Cond: ((id >= 9158980) AND (id <= 9159979))
	        ->  Bitmap Index Scan on sbtest6_pkey  (cost=0.00..22.82 rows=1038 width=0)
	              Index Cond: ((id >= 9158980) AND (id <= 9159979))

table 7 : explain SELECT c FROM sbtest7 WHERE id BETWEEN 8236684 AND 8237683 ORDER BY c
	Sort  (cost=4345.56..4348.35 rows=1114 width=121)
	  Sort Key: c
	  ->  Bitmap Heap Scan on sbtest7  (cost=27.85..4289.19 rows=1114 width=121)
	        Recheck Cond: ((id >= 8236684) AND (id <= 8237683))
	        ->  Bitmap Index Scan on sbtest7_pkey  (cost=0.00..27.57 rows=1114 width=0)
	              Index Cond: ((id >= 8236684) AND (id <= 8237683))

table 8 : explain SELECT c FROM sbtest8 WHERE id BETWEEN 7715006 AND 7716005 ORDER BY c
	Sort  (cost=3861.76..3864.22 rows=987 width=121)
	  Sort Key: c
	  ->  Bitmap Heap Scan on sbtest8  (cost=22.55..3812.67 rows=987 width=121)
	        Recheck Cond: ((id >= 7715006) AND (id <= 7716005))
	        ->  Bitmap Index Scan on sbtest8_pkey  (cost=0.00..22.30 rows=987 width=0)
	              Index Cond: ((id >= 7715006) AND (id <= 7716005))

for point_selects
table 1 : explain SELECT c FROM sbtest1 WHERE id=6891604
	Index Scan using sbtest1_pkey on sbtest1  (cost=0.43..8.45 rows=1 width=121)
	  Index Cond: (id = 6891604)

table 2 : explain SELECT c FROM sbtest2 WHERE id=7398295
	Index Scan using sbtest2_pkey on sbtest2  (cost=0.43..8.45 rows=1 width=121)
	  Index Cond: (id = 7398295)

table 3 : explain SELECT c FROM sbtest3 WHERE id=3477414
	Index Scan using sbtest3_pkey on sbtest3  (cost=0.43..8.45 rows=1 width=121)
	  Index Cond: (id = 3477414)

table 4 : explain SELECT c FROM sbtest4 WHERE id=8723707
	Index Scan using sbtest4_pkey on sbtest4  (cost=0.43..8.45 rows=1 width=121)
	  Index Cond: (id = 8723707)

table 5 : explain SELECT c FROM sbtest5 WHERE id=8644933
	Index Scan using sbtest5_pkey on sbtest5  (cost=0.43..8.45 rows=1 width=121)
	  Index Cond: (id = 8644933)

table 6 : explain SELECT c FROM sbtest6 WHERE id=358318
	Index Scan using sbtest6_pkey on sbtest6  (cost=0.43..8.45 rows=1 width=121)
	  Index Cond: (id = 358318)

table 7 : explain SELECT c FROM sbtest7 WHERE id=7474524
	Index Scan using sbtest7_pkey on sbtest7  (cost=0.43..8.45 rows=1 width=121)
	  Index Cond: (id = 7474524)

table 8 : explain SELECT c FROM sbtest8 WHERE id=9822810
	Index Scan using sbtest8_pkey on sbtest8  (cost=0.43..8.45 rows=1 width=121)
	  Index Cond: (id = 9822810)

for: order_ranges
table 1 : explain SELECT c FROM sbtest1 WHERE id BETWEEN 4210401 AND 4211400 ORDER BY c
	Sort  (cost=3683.25..3685.60 rows=941 width=121)
	  Sort Key: c
	  ->  Bitmap Heap Scan on sbtest1  (cost=22.08..3636.77 rows=941 width=121)
	        Recheck Cond: ((id >= 4210401) AND (id <= 4211400))
	        ->  Bitmap Index Scan on sbtest1_pkey  (cost=0.00..21.84 rows=941 width=0)
	              Index Cond: ((id >= 4210401) AND (id <= 4211400))

table 2 : explain SELECT c FROM sbtest2 WHERE id BETWEEN 6991391 AND 6992390 ORDER BY c
	Sort  (cost=4176.08..4178.75 rows=1070 width=121)
	  Sort Key: c
	  ->  Bitmap Heap Scan on sbtest2  (cost=23.40..4122.24 rows=1070 width=121)
	        Recheck Cond: ((id >= 6991391) AND (id <= 6992390))
	        ->  Bitmap Index Scan on sbtest2_pkey  (cost=0.00..23.14 rows=1070 width=0)
	              Index Cond: ((id >= 6991391) AND (id <= 6992390))

table 3 : explain SELECT c FROM sbtest3 WHERE id BETWEEN 8610166 AND 8611165 ORDER BY c
	Sort  (cost=3346.31..3348.44 rows=853 width=121)
	  Sort Key: c
	  ->  Bitmap Heap Scan on sbtest3  (cost=21.18..3304.78 rows=853 width=121)
	        Recheck Cond: ((id >= 8610166) AND (id <= 8611165))
	        ->  Bitmap Index Scan on sbtest3_pkey  (cost=0.00..20.96 rows=853 width=0)
	              Index Cond: ((id >= 8610166) AND (id <= 8611165))

table 4 : explain SELECT c FROM sbtest4 WHERE id BETWEEN 3854743 AND 3855742 ORDER BY c
	Sort  (cost=3875.20..3877.68 rows=991 width=121)
	  Sort Key: c
	  ->  Bitmap Heap Scan on sbtest4  (cost=22.59..3825.88 rows=991 width=121)
	        Recheck Cond: ((id >= 3854743) AND (id <= 3855742))
	        ->  Bitmap Index Scan on sbtest4_pkey  (cost=0.00..22.34 rows=991 width=0)
	              Index Cond: ((id >= 3854743) AND (id <= 3855742))

table 5 : explain SELECT c FROM sbtest5 WHERE id BETWEEN 1155738 AND 1156737 ORDER BY c
	Sort  (cost=3982.31..3984.86 rows=1019 width=121)
	  Sort Key: c
	  ->  Bitmap Heap Scan on sbtest5  (cost=22.88..3931.40 rows=1019 width=121)
	        Recheck Cond: ((id >= 1155738) AND (id <= 1156737))
	        ->  Bitmap Index Scan on sbtest5_pkey  (cost=0.00..22.62 rows=1019 width=0)
	              Index Cond: ((id >= 1155738) AND (id <= 1156737))

table 6 : explain SELECT c FROM sbtest6 WHERE id BETWEEN 6527923 AND 6528922 ORDER BY c
	Sort  (cost=4239.25..4241.96 rows=1085 width=121)
	  Sort Key: c
	  ->  Bitmap Heap Scan on sbtest6  (cost=27.56..4184.55 rows=1085 width=121)
	        Recheck Cond: ((id >= 6527923) AND (id <= 6528922))
	        ->  Bitmap Index Scan on sbtest6_pkey  (cost=0.00..27.29 rows=1085 width=0)
	              Index Cond: ((id >= 6527923) AND (id <= 6528922))

table 7 : explain SELECT c FROM sbtest7 WHERE id BETWEEN 1040426 AND 1041425 ORDER BY c
	Sort  (cost=4131.82..4134.47 rows=1058 width=121)
	  Sort Key: c
	  ->  Bitmap Heap Scan on sbtest7  (cost=23.28..4078.67 rows=1058 width=121)
	        Recheck Cond: ((id >= 1040426) AND (id <= 1041425))
	        ->  Bitmap Index Scan on sbtest7_pkey  (cost=0.00..23.01 rows=1058 width=0)
	              Index Cond: ((id >= 1040426) AND (id <= 1041425))

table 8 : explain SELECT c FROM sbtest8 WHERE id BETWEEN 4533928 AND 4534927 ORDER BY c
	Sort  (cost=3945.89..3948.41 rows=1009 width=121)
	  Sort Key: c
	  ->  Bitmap Heap Scan on sbtest8  (cost=22.78..3895.55 rows=1009 width=121)
	        Recheck Cond: ((id >= 4533928) AND (id <= 4534927))
	        ->  Bitmap Index Scan on sbtest8_pkey  (cost=0.00..22.52 rows=1009 width=0)
	              Index Cond: ((id >= 4533928) AND (id <= 4534927))

for: order_ranges
table 1 : explain SELECT c FROM sbtest1 WHERE id BETWEEN 462056 AND 463055 ORDER BY c
	Sort  (cost=3931.77..3934.28 rows=1006 width=121)
	  Sort Key: c
	  ->  Bitmap Heap Scan on sbtest1  (cost=22.75..3881.60 rows=1006 width=121)
	        Recheck Cond: ((id >= 462056) AND (id <= 463055))
	        ->  Bitmap Index Scan on sbtest1_pkey  (cost=0.00..22.50 rows=1006 width=0)
	              Index Cond: ((id >= 462056) AND (id <= 463055))

table 2 : explain SELECT c FROM sbtest2 WHERE id BETWEEN 5283037 AND 5284036 ORDER BY c
	Sort  (cost=3851.65..3854.11 rows=985 width=121)
	  Sort Key: c
	  ->  Bitmap Heap Scan on sbtest2  (cost=22.53..3802.67 rows=985 width=121)
	        Recheck Cond: ((id >= 5283037) AND (id <= 5284036))
	        ->  Bitmap Index Scan on sbtest2_pkey  (cost=0.00..22.29 rows=985 width=0)
	              Index Cond: ((id >= 5283037) AND (id <= 5284036))

table 3 : explain SELECT c FROM sbtest3 WHERE id BETWEEN 96282 AND 97281 ORDER BY c
	Sort  (cost=3882.58..3885.06 rows=993 width=121)
	  Sort Key: c
	  ->  Bitmap Heap Scan on sbtest3  (cost=22.61..3833.15 rows=993 width=121)
	        Recheck Cond: ((id >= 96282) AND (id <= 97281))
	        ->  Bitmap Index Scan on sbtest3_pkey  (cost=0.00..22.36 rows=993 width=0)
	              Index Cond: ((id >= 96282) AND (id <= 97281))

table 4 : explain SELECT c FROM sbtest4 WHERE id BETWEEN 7761706 AND 7762705 ORDER BY c
	Sort  (cost=3955.44..3957.97 rows=1012 width=121)
	  Sort Key: c
	  ->  Bitmap Heap Scan on sbtest4  (cost=22.81..3904.93 rows=1012 width=121)
	        Recheck Cond: ((id >= 7761706) AND (id <= 7762705))
	        ->  Bitmap Index Scan on sbtest4_pkey  (cost=0.00..22.55 rows=1012 width=0)
	              Index Cond: ((id >= 7761706) AND (id <= 7762705))

table 5 : explain SELECT c FROM sbtest5 WHERE id BETWEEN 9410008 AND 9411007 ORDER BY c
	Sort  (cost=3707.02..3709.39 rows=947 width=121)
	  Sort Key: c
	  ->  Bitmap Heap Scan on sbtest5  (cost=22.14..3660.21 rows=947 width=121)
	        Recheck Cond: ((id >= 9410008) AND (id <= 9411007))
	        ->  Bitmap Index Scan on sbtest5_pkey  (cost=0.00..21.90 rows=947 width=0)
	              Index Cond: ((id >= 9410008) AND (id <= 9411007))

table 6 : explain SELECT c FROM sbtest6 WHERE id BETWEEN 6066602 AND 6067601 ORDER BY c
	Sort  (cost=3765.38..3767.79 rows=962 width=121)
	  Sort Key: c
	  ->  Bitmap Heap Scan on sbtest6  (cost=22.30..3717.72 rows=962 width=121)
	        Recheck Cond: ((id >= 6066602) AND (id <= 6067601))
	        ->  Bitmap Index Scan on sbtest6_pkey  (cost=0.00..22.05 rows=962 width=0)
	              Index Cond: ((id >= 6066602) AND (id <= 6067601))

table 7 : explain SELECT c FROM sbtest7 WHERE id BETWEEN 5245297 AND 5246296 ORDER BY c
	Sort  (cost=3630.98..3633.30 rows=927 width=121)
	  Sort Key: c
	  ->  Bitmap Heap Scan on sbtest7  (cost=21.94..3585.29 rows=927 width=121)
	        Recheck Cond: ((id >= 5245297) AND (id <= 5246296))
	        ->  Bitmap Index Scan on sbtest7_pkey  (cost=0.00..21.70 rows=927 width=0)
	              Index Cond: ((id >= 5245297) AND (id <= 5246296))

table 8 : explain SELECT c FROM sbtest8 WHERE id BETWEEN 5641808 AND 5642807 ORDER BY c
	Sort  (cost=3639.66..3641.99 rows=929 width=121)
	  Sort Key: c
	  ->  Bitmap Heap Scan on sbtest8  (cost=21.96..3593.87 rows=929 width=121)
	        Recheck Cond: ((id >= 5641808) AND (id <= 5642807))
	        ->  Bitmap Index Scan on sbtest8_pkey  (cost=0.00..21.72 rows=929 width=0)
	              Index Cond: ((id >= 5641808) AND (id <= 5642807))

for: simple_ranges
table 1 : explain SELECT c FROM sbtest1 WHERE id BETWEEN 4986026 AND 4987025
	Bitmap Heap Scan on sbtest1  (cost=23.61..4193.44 rows=1090 width=121)
	  Recheck Cond: ((id >= 4986026) AND (id <= 4987025))
	  ->  Bitmap Index Scan on sbtest1_pkey  (cost=0.00..23.33 rows=1090 width=0)
	        Index Cond: ((id >= 4986026) AND (id <= 4987025))

table 2 : explain SELECT c FROM sbtest2 WHERE id BETWEEN 5530501 AND 5531500
	Bitmap Heap Scan on sbtest2  (cost=22.79..3896.76 rows=1010 width=121)
	  Recheck Cond: ((id >= 5530501) AND (id <= 5531500))
	  ->  Bitmap Index Scan on sbtest2_pkey  (cost=0.00..22.54 rows=1010 width=0)
	        Index Cond: ((id >= 5530501) AND (id <= 5531500))

table 3 : explain SELECT c FROM sbtest3 WHERE id BETWEEN 2730552 AND 2731551
	Bitmap Heap Scan on sbtest3  (cost=22.66..3851.97 rows=998 width=121)
	  Recheck Cond: ((id >= 2730552) AND (id <= 2731551))
	  ->  Bitmap Index Scan on sbtest3_pkey  (cost=0.00..22.41 rows=998 width=0)
	        Index Cond: ((id >= 2730552) AND (id <= 2731551))

table 4 : explain SELECT c FROM sbtest4 WHERE id BETWEEN 511435 AND 512434
	Bitmap Heap Scan on sbtest4  (cost=23.36..4107.92 rows=1066 width=121)
	  Recheck Cond: ((id >= 511435) AND (id <= 512434))
	  ->  Bitmap Index Scan on sbtest4_pkey  (cost=0.00..23.09 rows=1066 width=0)
	        Index Cond: ((id >= 511435) AND (id <= 512434))

table 5 : explain SELECT c FROM sbtest5 WHERE id BETWEEN 2836608 AND 2837607
	Bitmap Heap Scan on sbtest5  (cost=22.81..3905.06 rows=1012 width=121)
	  Recheck Cond: ((id >= 2836608) AND (id <= 2837607))
	  ->  Bitmap Index Scan on sbtest5_pkey  (cost=0.00..22.55 rows=1012 width=0)
	        Index Cond: ((id >= 2836608) AND (id <= 2837607))

table 6 : explain SELECT c FROM sbtest6 WHERE id BETWEEN 742905 AND 743904
	Bitmap Heap Scan on sbtest6  (cost=23.17..4037.76 rows=1047 width=121)
	  Recheck Cond: ((id >= 742905) AND (id <= 743904))
	  ->  Bitmap Index Scan on sbtest6_pkey  (cost=0.00..22.90 rows=1047 width=0)
	        Index Cond: ((id >= 742905) AND (id <= 743904))

table 7 : explain SELECT c FROM sbtest7 WHERE id BETWEEN 1730280 AND 1731279
	Bitmap Heap Scan on sbtest7  (cost=21.71..3502.21 rows=905 width=121)
	  Recheck Cond: ((id >= 1730280) AND (id <= 1731279))
	  ->  Bitmap Index Scan on sbtest7_pkey  (cost=0.00..21.48 rows=905 width=0)
	        Index Cond: ((id >= 1730280) AND (id <= 1731279))

table 8 : explain SELECT c FROM sbtest8 WHERE id BETWEEN 772632 AND 773631
	Bitmap Heap Scan on sbtest8  (cost=22.96..3963.31 rows=1027 width=121)
	  Recheck Cond: ((id >= 772632) AND (id <= 773631))
	  ->  Bitmap Index Scan on sbtest8_pkey  (cost=0.00..22.70 rows=1027 width=0)
	        Index Cond: ((id >= 772632) AND (id <= 773631))

for: distinct_ranges
table 1 : explain SELECT DISTINCT c FROM sbtest1 WHERE id BETWEEN 8898398 AND 8899397 ORDER BY c
	Unique  (cost=3882.11..3887.07 rows=993 width=121)
	  ->  Sort  (cost=3882.11..3884.59 rows=993 width=121)
	        Sort Key: c
	        ->  Bitmap Heap Scan on sbtest1  (cost=22.61..3832.68 rows=993 width=121)
	              Recheck Cond: ((id >= 8898398) AND (id <= 8899397))
	              ->  Bitmap Index Scan on sbtest1_pkey  (cost=0.00..22.36 rows=993 width=0)
	                    Index Cond: ((id >= 8898398) AND (id <= 8899397))

table 2 : explain SELECT DISTINCT c FROM sbtest2 WHERE id BETWEEN 2913956 AND 2914955 ORDER BY c
	Unique  (cost=3989.16..3994.27 rows=1021 width=121)
	  ->  Sort  (cost=3989.16..3991.71 rows=1021 width=121)
	        Sort Key: c
	        ->  Bitmap Heap Scan on sbtest2  (cost=22.90..3938.13 rows=1021 width=121)
	              Recheck Cond: ((id >= 2913956) AND (id <= 2914955))
	              ->  Bitmap Index Scan on sbtest2_pkey  (cost=0.00..22.64 rows=1021 width=0)
	                    Index Cond: ((id >= 2913956) AND (id <= 2914955))

table 3 : explain SELECT DISTINCT c FROM sbtest3 WHERE id BETWEEN 6956227 AND 6957226 ORDER BY c
	Unique  (cost=3649.23..3653.89 rows=932 width=121)
	  ->  Sort  (cost=3649.23..3651.56 rows=932 width=121)
	        Sort Key: c
	        ->  Bitmap Heap Scan on sbtest3  (cost=21.99..3603.26 rows=932 width=121)
	              Recheck Cond: ((id >= 6956227) AND (id <= 6957226))
	              ->  Bitmap Index Scan on sbtest3_pkey  (cost=0.00..21.75 rows=932 width=0)
	                    Index Cond: ((id >= 6956227) AND (id <= 6957226))

table 4 : explain SELECT DISTINCT c FROM sbtest4 WHERE id BETWEEN 4510869 AND 4511868 ORDER BY c
	Unique  (cost=3546.02..3550.54 rows=905 width=121)
	  ->  Sort  (cost=3546.02..3548.28 rows=905 width=121)
	        Sort Key: c
	        ->  Bitmap Heap Scan on sbtest4  (cost=21.71..3501.58 rows=905 width=121)
	              Recheck Cond: ((id >= 4510869) AND (id <= 4511868))
	              ->  Bitmap Index Scan on sbtest4_pkey  (cost=0.00..21.48 rows=905 width=0)
	                    Index Cond: ((id >= 4510869) AND (id <= 4511868))

table 5 : explain SELECT DISTINCT c FROM sbtest5 WHERE id BETWEEN 8330227 AND 8331226 ORDER BY c
	Unique  (cost=3638.10..3642.74 rows=929 width=121)
	  ->  Sort  (cost=3638.10..3640.42 rows=929 width=121)
	        Sort Key: c
	        ->  Bitmap Heap Scan on sbtest5  (cost=21.96..3592.30 rows=929 width=121)
	              Recheck Cond: ((id >= 8330227) AND (id <= 8331226))
	              ->  Bitmap Index Scan on sbtest5_pkey  (cost=0.00..21.72 rows=929 width=0)
	                    Index Cond: ((id >= 8330227) AND (id <= 8331226))

table 6 : explain SELECT DISTINCT c FROM sbtest6 WHERE id BETWEEN 1171778 AND 1172777 ORDER BY c
	Unique  (cost=3688.81..3693.52 rows=942 width=121)
	  ->  Sort  (cost=3688.81..3691.16 rows=942 width=121)
	        Sort Key: c
	        ->  Bitmap Heap Scan on sbtest6  (cost=22.09..3642.27 rows=942 width=121)
	              Recheck Cond: ((id >= 1171778) AND (id <= 1172777))
	              ->  Bitmap Index Scan on sbtest6_pkey  (cost=0.00..21.86 rows=942 width=0)
	                    Index Cond: ((id >= 1171778) AND (id <= 1172777))

table 7 : explain SELECT DISTINCT c FROM sbtest7 WHERE id BETWEEN 2156648 AND 2157647 ORDER BY c
	Unique  (cost=4189.04..4194.40 rows=1073 width=121)
	  ->  Sort  (cost=4189.04..4191.72 rows=1073 width=121)
	        Sort Key: c
	        ->  Bitmap Heap Scan on sbtest7  (cost=23.43..4135.02 rows=1073 width=121)
	              Recheck Cond: ((id >= 2156648) AND (id <= 2157647))
	              ->  Bitmap Index Scan on sbtest7_pkey  (cost=0.00..23.16 rows=1073 width=0)
	                    Index Cond: ((id >= 2156648) AND (id <= 2157647))

table 8 : explain SELECT DISTINCT c FROM sbtest8 WHERE id BETWEEN 3418637 AND 3419636 ORDER BY c
	Unique  (cost=3880.88..3885.84 rows=992 width=121)
	  ->  Sort  (cost=3880.88..3883.36 rows=992 width=121)
	        Sort Key: c
	        ->  Bitmap Heap Scan on sbtest8  (cost=22.60..3831.51 rows=992 width=121)
	              Recheck Cond: ((id >= 3418637) AND (id <= 3419636))
	              ->  Bitmap Index Scan on sbtest8_pkey  (cost=0.00..22.36 rows=992 width=0)
	                    Index Cond: ((id >= 3418637) AND (id <= 3419636))

for: order_ranges
table 1 : explain SELECT c FROM sbtest1 WHERE id BETWEEN 1013630 AND 1014629 ORDER BY c
	Sort  (cost=3801.84..3804.27 rows=972 width=121)
	  Sort Key: c
	  ->  Bitmap Heap Scan on sbtest1  (cost=22.40..3753.61 rows=972 width=121)
	        Recheck Cond: ((id >= 1013630) AND (id <= 1014629))
	        ->  Bitmap Index Scan on sbtest1_pkey  (cost=0.00..22.15 rows=972 width=0)
	              Index Cond: ((id >= 1013630) AND (id <= 1014629))

table 2 : explain SELECT c FROM sbtest2 WHERE id BETWEEN 6089921 AND 6090920 ORDER BY c
	Sort  (cost=4237.13..4239.85 rows=1087 width=121)
	  Sort Key: c
	  ->  Bitmap Heap Scan on sbtest2  (cost=23.58..4182.31 rows=1087 width=121)
	        Recheck Cond: ((id >= 6089921) AND (id <= 6090920))
	        ->  Bitmap Index Scan on sbtest2_pkey  (cost=0.00..23.30 rows=1087 width=0)
	              Index Cond: ((id >= 6089921) AND (id <= 6090920))

table 3 : explain SELECT c FROM sbtest3 WHERE id BETWEEN 246591 AND 247590 ORDER BY c
	Sort  (cost=4111.65..4114.29 rows=1053 width=121)
	  Sort Key: c
	  ->  Bitmap Heap Scan on sbtest3  (cost=23.23..4058.79 rows=1053 width=121)
	        Recheck Cond: ((id >= 246591) AND (id <= 247590))
	        ->  Bitmap Index Scan on sbtest3_pkey  (cost=0.00..22.96 rows=1053 width=0)
	              Index Cond: ((id >= 246591) AND (id <= 247590))

table 4 : explain SELECT c FROM sbtest4 WHERE id BETWEEN 9081107 AND 9082106 ORDER BY c
	Sort  (cost=3718.38..3720.76 rows=950 width=121)
	  Sort Key: c
	  ->  Bitmap Heap Scan on sbtest4  (cost=22.17..3671.40 rows=950 width=121)
	        Recheck Cond: ((id >= 9081107) AND (id <= 9082106))
	        ->  Bitmap Index Scan on sbtest4_pkey  (cost=0.00..21.93 rows=950 width=0)
	              Index Cond: ((id >= 9081107) AND (id <= 9082106))

table 5 : explain SELECT c FROM sbtest5 WHERE id BETWEEN 9471362 AND 9472361 ORDER BY c
	Sort  (cost=3707.02..3709.39 rows=947 width=121)
	  Sort Key: c
	  ->  Bitmap Heap Scan on sbtest5  (cost=22.14..3660.21 rows=947 width=121)
	        Recheck Cond: ((id >= 9471362) AND (id <= 9472361))
	        ->  Bitmap Index Scan on sbtest5_pkey  (cost=0.00..21.90 rows=947 width=0)
	              Index Cond: ((id >= 9471362) AND (id <= 9472361))

table 6 : explain SELECT c FROM sbtest6 WHERE id BETWEEN 6242100 AND 6243099 ORDER BY c
	Sort  (cost=3880.15..3882.63 rows=992 width=121)
	  Sort Key: c
	  ->  Bitmap Heap Scan on sbtest6  (cost=22.60..3830.78 rows=992 width=121)
	        Recheck Cond: ((id >= 6242100) AND (id <= 6243099))
	        ->  Bitmap Index Scan on sbtest6_pkey  (cost=0.00..22.36 rows=992 width=0)
	              Index Cond: ((id >= 6242100) AND (id <= 6243099))

table 7 : explain SELECT c FROM sbtest7 WHERE id BETWEEN 5603315 AND 5604314 ORDER BY c
	Sort  (cost=3860.63..3863.10 rows=987 width=121)
	  Sort Key: c
	  ->  Bitmap Heap Scan on sbtest7  (cost=22.55..3811.55 rows=987 width=121)
	        Recheck Cond: ((id >= 5603315) AND (id <= 5604314))
	        ->  Bitmap Index Scan on sbtest7_pkey  (cost=0.00..22.30 rows=987 width=0)
	              Index Cond: ((id >= 5603315) AND (id <= 5604314))

table 8 : explain SELECT c FROM sbtest8 WHERE id BETWEEN 1729191 AND 1730190 ORDER BY c
	Sort  (cost=3727.78..3730.16 rows=952 width=121)
	  Sort Key: c
	  ->  Bitmap Heap Scan on sbtest8  (cost=22.19..3680.69 rows=952 width=121)
	        Recheck Cond: ((id >= 1729191) AND (id <= 1730190))
	        ->  Bitmap Index Scan on sbtest8_pkey  (cost=0.00..21.95 rows=952 width=0)
	              Index Cond: ((id >= 1729191) AND (id <= 1730190))

explain: for point_selects :: explain SELECT c FROM sbtest%u WHERE id=%u
for: distinct_ranges
table 1 : explain SELECT DISTINCT c FROM sbtest1 WHERE id BETWEEN 3690039 AND 3691038 ORDER BY c
	Unique  (cost=3717.69..3722.44 rows=950 width=121)
	  ->  Sort  (cost=3717.69..3720.07 rows=950 width=121)
	        Sort Key: c
	        ->  Bitmap Heap Scan on sbtest1  (cost=22.17..3670.71 rows=950 width=121)
	              Recheck Cond: ((id >= 3690039) AND (id <= 3691038))
	              ->  Bitmap Index Scan on sbtest1_pkey  (cost=0.00..21.93 rows=950 width=0)
	                    Index Cond: ((id >= 3690039) AND (id <= 3691038))

table 2 : explain SELECT DISTINCT c FROM sbtest2 WHERE id BETWEEN 8206365 AND 8207364 ORDER BY c
	Unique  (cost=3847.82..3852.74 rows=984 width=121)
	  ->  Sort  (cost=3847.82..3850.28 rows=984 width=121)
	        Sort Key: c
	        ->  Bitmap Heap Scan on sbtest2  (cost=22.52..3798.91 rows=984 width=121)
	              Recheck Cond: ((id >= 8206365) AND (id <= 8207364))
	              ->  Bitmap Index Scan on sbtest2_pkey  (cost=0.00..22.27 rows=984 width=0)
	                    Index Cond: ((id >= 8206365) AND (id <= 8207364))

table 3 : explain SELECT DISTINCT c FROM sbtest3 WHERE id BETWEEN 6872737 AND 6873736 ORDER BY c
	Unique  (cost=3985.72..3990.82 rows=1020 width=121)
	  ->  Sort  (cost=3985.72..3988.27 rows=1020 width=121)
	        Sort Key: c
	        ->  Bitmap Heap Scan on sbtest3  (cost=22.89..3934.75 rows=1020 width=121)
	              Recheck Cond: ((id >= 6872737) AND (id <= 6873736))
	              ->  Bitmap Index Scan on sbtest3_pkey  (cost=0.00..22.64 rows=1020 width=0)
	                    Index Cond: ((id >= 6872737) AND (id <= 6873736))

table 4 : explain SELECT DISTINCT c FROM sbtest4 WHERE id BETWEEN 7570708 AND 7571707 ORDER BY c
	Unique  (cost=3714.55..3719.30 rows=949 width=121)
	  ->  Sort  (cost=3714.55..3716.93 rows=949 width=121)
	        Sort Key: c
	        ->  Bitmap Heap Scan on sbtest4  (cost=22.16..3667.63 rows=949 width=121)
	              Recheck Cond: ((id >= 7570708) AND (id <= 7571707))
	              ->  Bitmap Index Scan on sbtest4_pkey  (cost=0.00..21.93 rows=949 width=0)
	                    Index Cond: ((id >= 7570708) AND (id <= 7571707))

table 5 : explain SELECT DISTINCT c FROM sbtest5 WHERE id BETWEEN 1362589 AND 1363588 ORDER BY c
	Unique  (cost=3795.03..3799.88 rows=970 width=121)
	  ->  Sort  (cost=3795.03..3797.46 rows=970 width=121)
	        Sort Key: c
	        ->  Bitmap Heap Scan on sbtest5  (cost=22.38..3746.91 rows=970 width=121)
	              Recheck Cond: ((id >= 1362589) AND (id <= 1363588))
	              ->  Bitmap Index Scan on sbtest5_pkey  (cost=0.00..22.14 rows=970 width=0)
	                    Index Cond: ((id >= 1362589) AND (id <= 1363588))

table 6 : explain SELECT DISTINCT c FROM sbtest6 WHERE id BETWEEN 1394354 AND 1395353 ORDER BY c
	Unique  (cost=3631.34..3635.98 rows=927 width=121)
	  ->  Sort  (cost=3631.34..3633.66 rows=927 width=121)
	        Sort Key: c
	        ->  Bitmap Heap Scan on sbtest6  (cost=21.94..3585.66 rows=927 width=121)
	              Recheck Cond: ((id >= 1394354) AND (id <= 1395353))
	              ->  Bitmap Index Scan on sbtest6_pkey  (cost=0.00..21.70 rows=927 width=0)
	                    Index Cond: ((id >= 1394354) AND (id <= 1395353))

table 7 : explain SELECT DISTINCT c FROM sbtest7 WHERE id BETWEEN 1569637 AND 1570636 ORDER BY c
	Unique  (cost=3561.99..3566.54 rows=909 width=121)
	  ->  Sort  (cost=3561.99..3564.26 rows=909 width=121)
	        Sort Key: c
	        ->  Bitmap Heap Scan on sbtest7  (cost=21.75..3517.32 rows=909 width=121)
	              Recheck Cond: ((id >= 1569637) AND (id <= 1570636))
	              ->  Bitmap Index Scan on sbtest7_pkey  (cost=0.00..21.52 rows=909 width=0)
	                    Index Cond: ((id >= 1569637) AND (id <= 1570636))

table 8 : explain SELECT DISTINCT c FROM sbtest8 WHERE id BETWEEN 3603918 AND 3604917 ORDER BY c
	Unique  (cost=3999.40..4004.51 rows=1023 width=121)
	  ->  Sort  (cost=3999.40..4001.95 rows=1023 width=121)
	        Sort Key: c
	        ->  Bitmap Heap Scan on sbtest8  (cost=22.92..3948.25 rows=1023 width=121)
	              Recheck Cond: ((id >= 3603918) AND (id <= 3604917))
	              ->  Bitmap Index Scan on sbtest8_pkey  (cost=0.00..22.66 rows=1023 width=0)
	                    Index Cond: ((id >= 3603918) AND (id <= 3604917))

for: distinct_ranges
table 1 : explain SELECT DISTINCT c FROM sbtest1 WHERE id BETWEEN 8430279 AND 8431278 ORDER BY c
	Unique  (cost=3595.18..3599.77 rows=918 width=121)
	  ->  Sort  (cost=3595.18..3597.48 rows=918 width=121)
	        Sort Key: c
	        ->  Bitmap Heap Scan on sbtest1  (cost=21.84..3550.01 rows=918 width=121)
	              Recheck Cond: ((id >= 8430279) AND (id <= 8431278))
	              ->  Bitmap Index Scan on sbtest1_pkey  (cost=0.00..21.61 rows=918 width=0)
	                    Index Cond: ((id >= 8430279) AND (id <= 8431278))

table 2 : explain SELECT DISTINCT c FROM sbtest2 WHERE id BETWEEN 1032121 AND 1033120 ORDER BY c
	Unique  (cost=3920.42..3925.44 rows=1003 width=121)
	  ->  Sort  (cost=3920.42..3922.93 rows=1003 width=121)
	        Sort Key: c
	        ->  Bitmap Heap Scan on sbtest2  (cost=22.72..3870.42 rows=1003 width=121)
	              Recheck Cond: ((id >= 1032121) AND (id <= 1033120))
	              ->  Bitmap Index Scan on sbtest2_pkey  (cost=0.00..22.46 rows=1003 width=0)
	                    Index Cond: ((id >= 1032121) AND (id <= 1033120))

table 3 : explain SELECT DISTINCT c FROM sbtest3 WHERE id BETWEEN 6292186 AND 6293185 ORDER BY c
	Unique  (cost=3813.77..3818.64 rows=975 width=121)
	  ->  Sort  (cost=3813.77..3816.21 rows=975 width=121)
	        Sort Key: c
	        ->  Bitmap Heap Scan on sbtest3  (cost=22.43..3765.36 rows=975 width=121)
	              Recheck Cond: ((id >= 6292186) AND (id <= 6293185))
	              ->  Bitmap Index Scan on sbtest3_pkey  (cost=0.00..22.18 rows=975 width=0)
	                    Index Cond: ((id >= 6292186) AND (id <= 6293185))

table 4 : explain SELECT DISTINCT c FROM sbtest4 WHERE id BETWEEN 679667 AND 680666 ORDER BY c
	Unique  (cost=3951.62..3956.68 rows=1011 width=121)
	  ->  Sort  (cost=3951.62..3954.15 rows=1011 width=121)
	        Sort Key: c
	        ->  Bitmap Heap Scan on sbtest4  (cost=22.80..3901.16 rows=1011 width=121)
	              Recheck Cond: ((id >= 679667) AND (id <= 680666))
	              ->  Bitmap Index Scan on sbtest4_pkey  (cost=0.00..22.54 rows=1011 width=0)
	                    Index Cond: ((id >= 679667) AND (id <= 680666))

table 5 : explain SELECT DISTINCT c FROM sbtest5 WHERE id BETWEEN 2993414 AND 2994413 ORDER BY c
	Unique  (cost=3875.33..3880.29 rows=991 width=121)
	  ->  Sort  (cost=3875.33..3877.81 rows=991 width=121)
	        Sort Key: c
	        ->  Bitmap Heap Scan on sbtest5  (cost=22.59..3826.01 rows=991 width=121)
	              Recheck Cond: ((id >= 2993414) AND (id <= 2994413))
	              ->  Bitmap Index Scan on sbtest5_pkey  (cost=0.00..22.34 rows=991 width=0)
	                    Index Cond: ((id >= 2993414) AND (id <= 2994413))

table 6 : explain SELECT DISTINCT c FROM sbtest6 WHERE id BETWEEN 3926372 AND 3927371 ORDER BY c
	Unique  (cost=4101.73..4106.98 rows=1050 width=121)
	  ->  Sort  (cost=4101.73..4104.36 rows=1050 width=121)
	        Sort Key: c
	        ->  Bitmap Heap Scan on sbtest6  (cost=23.20..4049.04 rows=1050 width=121)
	              Recheck Cond: ((id >= 3926372) AND (id <= 3927371))
	              ->  Bitmap Index Scan on sbtest6_pkey  (cost=0.00..22.93 rows=1050 width=0)
	                    Index Cond: ((id >= 3926372) AND (id <= 3927371))

table 7 : explain SELECT DISTINCT c FROM sbtest7 WHERE id BETWEEN 1243869 AND 1244868 ORDER BY c
	Unique  (cost=4078.40..4083.62 rows=1044 width=121)
	  ->  Sort  (cost=4078.40..4081.01 rows=1044 width=121)
	        Sort Key: c
	        ->  Bitmap Heap Scan on sbtest7  (cost=23.14..4026.05 rows=1044 width=121)
	              Recheck Cond: ((id >= 1243869) AND (id <= 1244868))
	              ->  Bitmap Index Scan on sbtest7_pkey  (cost=0.00..22.87 rows=1044 width=0)
	                    Index Cond: ((id >= 1243869) AND (id <= 1244868))

table 8 : explain SELECT DISTINCT c FROM sbtest8 WHERE id BETWEEN 8889288 AND 8890287 ORDER BY c
	Unique  (cost=3750.76..3755.55 rows=958 width=121)
	  ->  Sort  (cost=3750.76..3753.16 rows=958 width=121)
	        Sort Key: c
	        ->  Bitmap Heap Scan on sbtest8  (cost=22.25..3703.32 rows=958 width=121)
	              Recheck Cond: ((id >= 8889288) AND (id <= 8890287))
	              ->  Bitmap Index Scan on sbtest8_pkey  (cost=0.00..22.01 rows=958 width=0)
	                    Index Cond: ((id >= 8889288) AND (id <= 8890287))

for point_selects
table 1 : explain SELECT c FROM sbtest1 WHERE id=7131353
	Index Scan using sbtest1_pkey on sbtest1  (cost=0.43..8.45 rows=1 width=121)
	  Index Cond: (id = 7131353)

table 2 : explain SELECT c FROM sbtest2 WHERE id=675469
	Index Scan using sbtest2_pkey on sbtest2  (cost=0.43..8.45 rows=1 width=121)
	  Index Cond: (id = 675469)

table 3 : explain SELECT c FROM sbtest3 WHERE id=1289701
	Index Scan using sbtest3_pkey on sbtest3  (cost=0.43..8.45 rows=1 width=121)
	  Index Cond: (id = 1289701)

table 4 : explain SELECT c FROM sbtest4 WHERE id=3682756
	Index Scan using sbtest4_pkey on sbtest4  (cost=0.43..8.45 rows=1 width=121)
	  Index Cond: (id = 3682756)

table 5 : explain SELECT c FROM sbtest5 WHERE id=4475956
	Index Scan using sbtest5_pkey on sbtest5  (cost=0.43..8.45 rows=1 width=121)
	  Index Cond: (id = 4475956)

table 6 : explain SELECT c FROM sbtest6 WHERE id=7422776
	Index Scan using sbtest6_pkey on sbtest6  (cost=0.43..8.45 rows=1 width=121)
	  Index Cond: (id = 7422776)

table 7 : explain SELECT c FROM sbtest7 WHERE id=7651272
	Index Scan using sbtest7_pkey on sbtest7  (cost=0.43..8.45 rows=1 width=121)
	  Index Cond: (id = 7651272)

table 8 : explain SELECT c FROM sbtest8 WHERE id=4752670
	Index Scan using sbtest8_pkey on sbtest8  (cost=0.43..8.45 rows=1 width=121)
	  Index Cond: (id = 4752670)

for: distinct_ranges
table 1 : explain SELECT DISTINCT c FROM sbtest1 WHERE id BETWEEN 5260176 AND 5261175 ORDER BY c
	Unique  (cost=3813.31..3818.19 rows=975 width=121)
	  ->  Sort  (cost=3813.31..3815.75 rows=975 width=121)
	        Sort Key: c
	        ->  Bitmap Heap Scan on sbtest1  (cost=22.43..3764.90 rows=975 width=121)
	              Recheck Cond: ((id >= 5260176) AND (id <= 5261175))
	              ->  Bitmap Index Scan on sbtest1_pkey  (cost=0.00..22.18 rows=975 width=0)
	                    Index Cond: ((id >= 5260176) AND (id <= 5261175))

table 2 : explain SELECT DISTINCT c FROM sbtest2 WHERE id BETWEEN 7836518 AND 7837517 ORDER BY c
	Unique  (cost=3725.45..3730.21 rows=952 width=121)
	  ->  Sort  (cost=3725.45..3727.83 rows=952 width=121)
	        Sort Key: c
	        ->  Bitmap Heap Scan on sbtest2  (cost=22.19..3678.35 rows=952 width=121)
	              Recheck Cond: ((id >= 7836518) AND (id <= 7837517))
	              ->  Bitmap Index Scan on sbtest2_pkey  (cost=0.00..21.95 rows=952 width=0)
	                    Index Cond: ((id >= 7836518) AND (id <= 7837517))

table 3 : explain SELECT DISTINCT c FROM sbtest3 WHERE id BETWEEN 9844552 AND 9845551 ORDER BY c
	Unique  (cost=4000.99..4006.11 rows=1024 width=121)
	  ->  Sort  (cost=4000.99..4003.55 rows=1024 width=121)
	        Sort Key: c
	        ->  Bitmap Heap Scan on sbtest3  (cost=22.93..3949.79 rows=1024 width=121)
	              Recheck Cond: ((id >= 9844552) AND (id <= 9845551))
	              ->  Bitmap Index Scan on sbtest3_pkey  (cost=0.00..22.68 rows=1024 width=0)
	                    Index Cond: ((id >= 9844552) AND (id <= 9845551))

table 4 : explain SELECT DISTINCT c FROM sbtest4 WHERE id BETWEEN 4434496 AND 4435495 ORDER BY c
	Unique  (cost=4378.96..4384.57 rows=1123 width=121)
	  ->  Sort  (cost=4378.96..4381.76 rows=1123 width=121)
	        Sort Key: c
	        ->  Bitmap Heap Scan on sbtest4  (cost=27.95..4322.06 rows=1123 width=121)
	              Recheck Cond: ((id >= 4434496) AND (id <= 4435495))
	              ->  Bitmap Index Scan on sbtest4_pkey  (cost=0.00..27.66 rows=1123 width=0)
	                    Index Cond: ((id >= 4434496) AND (id <= 4435495))

table 5 : explain SELECT DISTINCT c FROM sbtest5 WHERE id BETWEEN 3511489 AND 3512488 ORDER BY c
	Unique  (cost=3905.91..3910.90 rows=999 width=121)
	  ->  Sort  (cost=3905.91..3908.40 rows=999 width=121)
	        Sort Key: c
	        ->  Bitmap Heap Scan on sbtest5  (cost=22.67..3856.13 rows=999 width=121)
	              Recheck Cond: ((id >= 3511489) AND (id <= 3512488))
	              ->  Bitmap Index Scan on sbtest5_pkey  (cost=0.00..22.43 rows=999 width=0)
	                    Index Cond: ((id >= 3511489) AND (id <= 3512488))

table 6 : explain SELECT DISTINCT c FROM sbtest6 WHERE id BETWEEN 4029785 AND 4030784 ORDER BY c
	Unique  (cost=3646.67..3651.32 rows=931 width=121)
	  ->  Sort  (cost=3646.67..3649.00 rows=931 width=121)
	        Sort Key: c
	        ->  Bitmap Heap Scan on sbtest6  (cost=21.98..3600.76 rows=931 width=121)
	              Recheck Cond: ((id >= 4029785) AND (id <= 4030784))
	              ->  Bitmap Index Scan on sbtest6_pkey  (cost=0.00..21.75 rows=931 width=0)
	                    Index Cond: ((id >= 4029785) AND (id <= 4030784))

table 7 : explain SELECT DISTINCT c FROM sbtest7 WHERE id BETWEEN 1043573 AND 1044572 ORDER BY c
	Unique  (cost=4131.82..4137.11 rows=1058 width=121)
	  ->  Sort  (cost=4131.82..4134.47 rows=1058 width=121)
	        Sort Key: c
	        ->  Bitmap Heap Scan on sbtest7  (cost=23.28..4078.67 rows=1058 width=121)
	              Recheck Cond: ((id >= 1043573) AND (id <= 1044572))
	              ->  Bitmap Index Scan on sbtest7_pkey  (cost=0.00..23.01 rows=1058 width=0)
	                    Index Cond: ((id >= 1043573) AND (id <= 1044572))

table 8 : explain SELECT DISTINCT c FROM sbtest8 WHERE id BETWEEN 1089917 AND 1090916 ORDER BY c
	Unique  (cost=3854.10..3859.03 rows=985 width=121)
	  ->  Sort  (cost=3854.10..3856.57 rows=985 width=121)
	        Sort Key: c
	        ->  Bitmap Heap Scan on sbtest8  (cost=22.53..3805.13 rows=985 width=121)
	              Recheck Cond: ((id >= 1089917) AND (id <= 1090916))
	              ->  Bitmap Index Scan on sbtest8_pkey  (cost=0.00..22.29 rows=985 width=0)
	                    Index Cond: ((id >= 1089917) AND (id <= 1090916))

for: sum_ranges
table 1 : explain SELECT SUM(k) FROM sbtest1 WHERE id BETWEEN 5134449 AND 5135448
	Aggregate  (cost=3978.19..3978.20 rows=1 width=8)
	  ->  Bitmap Heap Scan on sbtest1  (cost=23.00..3975.61 rows=1031 width=4)
	        Recheck Cond: ((id >= 5134449) AND (id <= 5135448))
	        ->  Bitmap Index Scan on sbtest1_pkey  (cost=0.00..22.75 rows=1031 width=0)
	              Index Cond: ((id >= 5134449) AND (id <= 5135448))

table 2 : explain SELECT SUM(k) FROM sbtest2 WHERE id BETWEEN 458895 AND 459894
	Aggregate  (cost=3692.05..3692.06 rows=1 width=8)
	  ->  Bitmap Heap Scan on sbtest2  (cost=22.22..3689.66 rows=955 width=4)
	        Recheck Cond: ((id >= 458895) AND (id <= 459894))
	        ->  Bitmap Index Scan on sbtest2_pkey  (cost=0.00..21.98 rows=955 width=0)
	              Index Cond: ((id >= 458895) AND (id <= 459894))

table 3 : explain SELECT SUM(k) FROM sbtest3 WHERE id BETWEEN 414268 AND 415267
	Aggregate  (cost=3492.27..3492.28 rows=1 width=8)
	  ->  Bitmap Heap Scan on sbtest3  (cost=21.68..3490.01 rows=902 width=4)
	        Recheck Cond: ((id >= 414268) AND (id <= 415267))
	        ->  Bitmap Index Scan on sbtest3_pkey  (cost=0.00..21.45 rows=902 width=0)
	              Index Cond: ((id >= 414268) AND (id <= 415267))

table 4 : explain SELECT SUM(k) FROM sbtest4 WHERE id BETWEEN 1179066 AND 1180065
	Aggregate  (cost=3971.44..3971.45 rows=1 width=8)
	  ->  Bitmap Heap Scan on sbtest4  (cost=22.98..3968.87 rows=1029 width=4)
	        Recheck Cond: ((id >= 1179066) AND (id <= 1180065))
	        ->  Bitmap Index Scan on sbtest4_pkey  (cost=0.00..22.72 rows=1029 width=0)
	              Index Cond: ((id >= 1179066) AND (id <= 1180065))

table 5 : explain SELECT SUM(k) FROM sbtest5 WHERE id BETWEEN 2623528 AND 2624527
	Aggregate  (cost=3704.08..3704.09 rows=1 width=8)
	  ->  Bitmap Heap Scan on sbtest5  (cost=22.25..3701.68 rows=958 width=4)
	        Recheck Cond: ((id >= 2623528) AND (id <= 2624527))
	        ->  Bitmap Index Scan on sbtest5_pkey  (cost=0.00..22.01 rows=958 width=0)
	              Index Cond: ((id >= 2623528) AND (id <= 2624527))

table 6 : explain SELECT SUM(k) FROM sbtest6 WHERE id BETWEEN 8850026 AND 8851025
	Aggregate  (cost=3983.93..3983.94 rows=1 width=8)
	  ->  Bitmap Heap Scan on sbtest6  (cost=23.01..3981.35 rows=1032 width=4)
	        Recheck Cond: ((id >= 8850026) AND (id <= 8851025))
	        ->  Bitmap Index Scan on sbtest6_pkey  (cost=0.00..22.75 rows=1032 width=0)
	              Index Cond: ((id >= 8850026) AND (id <= 8851025))

table 7 : explain SELECT SUM(k) FROM sbtest7 WHERE id BETWEEN 8319313 AND 8320312
	Aggregate  (cost=3934.57..3934.58 rows=1 width=8)
	  ->  Bitmap Heap Scan on sbtest7  (cost=22.88..3932.02 rows=1019 width=4)
	        Recheck Cond: ((id >= 8319313) AND (id <= 8320312))
	        ->  Bitmap Index Scan on sbtest7_pkey  (cost=0.00..22.62 rows=1019 width=0)
	              Index Cond: ((id >= 8319313) AND (id <= 8320312))

table 8 : explain SELECT SUM(k) FROM sbtest8 WHERE id BETWEEN 7676473 AND 7677472
	Aggregate  (cost=3667.96..3667.97 rows=1 width=8)
	  ->  Bitmap Heap Scan on sbtest8  (cost=22.15..3665.59 rows=948 width=4)
	        Recheck Cond: ((id >= 7676473) AND (id <= 7677472))
	        ->  Bitmap Index Scan on sbtest8_pkey  (cost=0.00..21.91 rows=948 width=0)
	              Index Cond: ((id >= 7676473) AND (id <= 7677472))

for: simple_ranges
table 1 : explain SELECT c FROM sbtest1 WHERE id BETWEEN 673448 AND 674447
	Bitmap Heap Scan on sbtest1  (cost=22.70..3862.78 rows=1001 width=121)
	  Recheck Cond: ((id >= 673448) AND (id <= 674447))
	  ->  Bitmap Index Scan on sbtest1_pkey  (cost=0.00..22.44 rows=1001 width=0)
	        Index Cond: ((id >= 673448) AND (id <= 674447))

table 2 : explain SELECT c FROM sbtest2 WHERE id BETWEEN 628741 AND 629740
	Bitmap Heap Scan on sbtest2  (cost=22.36..3738.65 rows=968 width=121)
	  Recheck Cond: ((id >= 628741) AND (id <= 629740))
	  ->  Bitmap Index Scan on sbtest2_pkey  (cost=0.00..22.11 rows=968 width=0)
	        Index Cond: ((id >= 628741) AND (id <= 629740))

table 3 : explain SELECT c FROM sbtest3 WHERE id BETWEEN 6826252 AND 6827251
	Bitmap Heap Scan on sbtest3  (cost=22.89..3934.75 rows=1020 width=121)
	  Recheck Cond: ((id >= 6826252) AND (id <= 6827251))
	  ->  Bitmap Index Scan on sbtest3_pkey  (cost=0.00..22.64 rows=1020 width=0)
	        Index Cond: ((id >= 6826252) AND (id <= 6827251))

table 4 : explain SELECT c FROM sbtest4 WHERE id BETWEEN 6415262 AND 6416261
	Bitmap Heap Scan on sbtest4  (cost=22.72..3871.06 rows=1003 width=121)
	  Recheck Cond: ((id >= 6415262) AND (id <= 6416261))
	  ->  Bitmap Index Scan on sbtest4_pkey  (cost=0.00..22.46 rows=1003 width=0)
	        Index Cond: ((id >= 6415262) AND (id <= 6416261))

table 5 : explain SELECT c FROM sbtest5 WHERE id BETWEEN 1642820 AND 1643819
	Bitmap Heap Scan on sbtest5  (cost=22.09..3641.35 rows=942 width=121)
	  Recheck Cond: ((id >= 1642820) AND (id <= 1643819))
	  ->  Bitmap Index Scan on sbtest5_pkey  (cost=0.00..21.86 rows=942 width=0)
	        Index Cond: ((id >= 1642820) AND (id <= 1643819))

table 6 : explain SELECT c FROM sbtest6 WHERE id BETWEEN 6883525 AND 6884524
	Bitmap Heap Scan on sbtest6  (cost=22.96..3962.54 rows=1027 width=121)
	  Recheck Cond: ((id >= 6883525) AND (id <= 6884524))
	  ->  Bitmap Index Scan on sbtest6_pkey  (cost=0.00..22.70 rows=1027 width=0)
	        Index Cond: ((id >= 6883525) AND (id <= 6884524))

table 7 : explain SELECT c FROM sbtest7 WHERE id BETWEEN 1564717 AND 1565716
	Bitmap Heap Scan on sbtest7  (cost=21.75..3517.32 rows=909 width=121)
	  Recheck Cond: ((id >= 1564717) AND (id <= 1565716))
	  ->  Bitmap Index Scan on sbtest7_pkey  (cost=0.00..21.52 rows=909 width=0)
	        Index Cond: ((id >= 1564717) AND (id <= 1565716))

table 8 : explain SELECT c FROM sbtest8 WHERE id BETWEEN 9870431 AND 9871430
	Bitmap Heap Scan on sbtest8  (cost=27.53..4174.11 rows=1082 width=121)
	  Recheck Cond: ((id >= 9870431) AND (id <= 9871430))
	  ->  Bitmap Index Scan on sbtest8_pkey  (cost=0.00..27.25 rows=1082 width=0)
	        Index Cond: ((id >= 9870431) AND (id <= 9871430))

for point_selects
table 1 : explain SELECT c FROM sbtest1 WHERE id=7872393
	Index Scan using sbtest1_pkey on sbtest1  (cost=0.43..8.45 rows=1 width=121)
	  Index Cond: (id = 7872393)

table 2 : explain SELECT c FROM sbtest2 WHERE id=2646141
	Index Scan using sbtest2_pkey on sbtest2  (cost=0.43..8.45 rows=1 width=121)
	  Index Cond: (id = 2646141)

table 3 : explain SELECT c FROM sbtest3 WHERE id=9671157
	Index Scan using sbtest3_pkey on sbtest3  (cost=0.43..8.45 rows=1 width=121)
	  Index Cond: (id = 9671157)

table 4 : explain SELECT c FROM sbtest4 WHERE id=5155768
	Index Scan using sbtest4_pkey on sbtest4  (cost=0.43..8.45 rows=1 width=121)
	  Index Cond: (id = 5155768)

table 5 : explain SELECT c FROM sbtest5 WHERE id=1362985
	Index Scan using sbtest5_pkey on sbtest5  (cost=0.43..8.45 rows=1 width=121)
	  Index Cond: (id = 1362985)

table 6 : explain SELECT c FROM sbtest6 WHERE id=8150605
	Index Scan using sbtest6_pkey on sbtest6  (cost=0.43..8.45 rows=1 width=121)
	  Index Cond: (id = 8150605)

table 7 : explain SELECT c FROM sbtest7 WHERE id=416547
	Index Scan using sbtest7_pkey on sbtest7  (cost=0.43..8.45 rows=1 width=121)
	  Index Cond: (id = 416547)

table 8 : explain SELECT c FROM sbtest8 WHERE id=4236222
	Index Scan using sbtest8_pkey on sbtest8  (cost=0.43..8.45 rows=1 width=121)
	  Index Cond: (id = 4236222)

for: order_ranges
table 1 : explain SELECT c FROM sbtest1 WHERE id BETWEEN 8432101 AND 8433100 ORDER BY c
	Sort  (cost=3595.18..3597.48 rows=918 width=121)
	  Sort Key: c
	  ->  Bitmap Heap Scan on sbtest1  (cost=21.84..3550.01 rows=918 width=121)
	        Recheck Cond: ((id >= 8432101) AND (id <= 8433100))
	        ->  Bitmap Index Scan on sbtest1_pkey  (cost=0.00..21.61 rows=918 width=0)
	              Index Cond: ((id >= 8432101) AND (id <= 8433100))

table 2 : explain SELECT c FROM sbtest2 WHERE id BETWEEN 2645909 AND 2646908 ORDER BY c
	Sort  (cost=3736.93..3739.32 rows=955 width=121)
	  Sort Key: c
	  ->  Bitmap Heap Scan on sbtest2  (cost=22.22..3689.66 rows=955 width=121)
	        Recheck Cond: ((id >= 2645909) AND (id <= 2646908))
	        ->  Bitmap Index Scan on sbtest2_pkey  (cost=0.00..21.98 rows=955 width=0)
	              Index Cond: ((id >= 2645909) AND (id <= 2646908))

table 3 : explain SELECT c FROM sbtest3 WHERE id BETWEEN 8068761 AND 8069760 ORDER BY c
	Sort  (cost=3855.82..3858.29 rows=986 width=121)
	  Sort Key: c
	  ->  Bitmap Heap Scan on sbtest3  (cost=22.54..3806.79 rows=986 width=121)
	        Recheck Cond: ((id >= 8068761) AND (id <= 8069760))
	        ->  Bitmap Index Scan on sbtest3_pkey  (cost=0.00..22.29 rows=986 width=0)
	              Index Cond: ((id >= 8068761) AND (id <= 8069760))

table 4 : explain SELECT c FROM sbtest4 WHERE id BETWEEN 4376325 AND 4377324 ORDER BY c
	Sort  (cost=4378.96..4381.76 rows=1123 width=121)
	  Sort Key: c
	  ->  Bitmap Heap Scan on sbtest4  (cost=27.95..4322.06 rows=1123 width=121)
	        Recheck Cond: ((id >= 4376325) AND (id <= 4377324))
	        ->  Bitmap Index Scan on sbtest4_pkey  (cost=0.00..27.66 rows=1123 width=0)
	              Index Cond: ((id >= 4376325) AND (id <= 4377324))

table 5 : explain SELECT c FROM sbtest5 WHERE id BETWEEN 7166893 AND 7167892 ORDER BY c
	Sort  (cost=3917.37..3919.88 rows=1002 width=121)
	  Sort Key: c
	  ->  Bitmap Heap Scan on sbtest5  (cost=22.71..3867.43 rows=1002 width=121)
	        Recheck Cond: ((id >= 7166893) AND (id <= 7167892))
	        ->  Bitmap Index Scan on sbtest5_pkey  (cost=0.00..22.45 rows=1002 width=0)
	              Index Cond: ((id >= 7166893) AND (id <= 7167892))

table 6 : explain SELECT c FROM sbtest6 WHERE id BETWEEN 470518 AND 471517 ORDER BY c
	Sort  (cost=4063.56..4066.16 rows=1040 width=121)
	  Sort Key: c
	  ->  Bitmap Heap Scan on sbtest6  (cost=23.09..4011.44 rows=1040 width=121)
	        Recheck Cond: ((id >= 470518) AND (id <= 471517))
	        ->  Bitmap Index Scan on sbtest6_pkey  (cost=0.00..22.83 rows=1040 width=0)
	              Index Cond: ((id >= 470518) AND (id <= 471517))

table 7 : explain SELECT c FROM sbtest7 WHERE id BETWEEN 418166 AND 419165 ORDER BY c
	Sort  (cost=3956.19..3958.72 rows=1012 width=121)
	  Sort Key: c
	  ->  Bitmap Heap Scan on sbtest7  (cost=22.81..3905.68 rows=1012 width=121)
	        Recheck Cond: ((id >= 418166) AND (id <= 419165))
	        ->  Bitmap Index Scan on sbtest7_pkey  (cost=0.00..22.55 rows=1012 width=0)
	              Index Cond: ((id >= 418166) AND (id <= 419165))

table 8 : explain SELECT c FROM sbtest8 WHERE id BETWEEN 9430688 AND 9431687 ORDER BY c
	Sort  (cost=4052.88..4055.47 rows=1037 width=121)
	  Sort Key: c
	  ->  Bitmap Heap Scan on sbtest8  (cost=23.06..4000.94 rows=1037 width=121)
	        Recheck Cond: ((id >= 9430688) AND (id <= 9431687))
	        ->  Bitmap Index Scan on sbtest8_pkey  (cost=0.00..22.80 rows=1037 width=0)
	              Index Cond: ((id >= 9430688) AND (id <= 9431687))

for: simple_ranges
table 1 : explain SELECT c FROM sbtest1 WHERE id BETWEEN 4437246 AND 4438245
	Bitmap Heap Scan on sbtest1  (cost=23.00..3975.61 rows=1031 width=121)
	  Recheck Cond: ((id >= 4437246) AND (id <= 4438245))
	  ->  Bitmap Index Scan on sbtest1_pkey  (cost=0.00..22.75 rows=1031 width=0)
	        Index Cond: ((id >= 4437246) AND (id <= 4438245))

table 2 : explain SELECT c FROM sbtest2 WHERE id BETWEEN 700845 AND 701844
	Bitmap Heap Scan on sbtest2  (cost=22.36..3738.65 rows=968 width=121)
	  Recheck Cond: ((id >= 700845) AND (id <= 701844))
	  ->  Bitmap Index Scan on sbtest2_pkey  (cost=0.00..22.11 rows=968 width=0)
	        Index Cond: ((id >= 700845) AND (id <= 701844))

table 3 : explain SELECT c FROM sbtest3 WHERE id BETWEEN 1635853 AND 1636852
	Bitmap Heap Scan on sbtest3  (cost=23.11..4013.70 rows=1041 width=121)
	  Recheck Cond: ((id >= 1635853) AND (id <= 1636852))
	  ->  Bitmap Index Scan on sbtest3_pkey  (cost=0.00..22.84 rows=1041 width=0)
	        Index Cond: ((id >= 1635853) AND (id <= 1636852))

table 4 : explain SELECT c FROM sbtest4 WHERE id BETWEEN 2639206 AND 2640205
	Bitmap Heap Scan on sbtest4  (cost=22.70..3863.53 rows=1001 width=121)
	  Recheck Cond: ((id >= 2639206) AND (id <= 2640205))
	  ->  Bitmap Index Scan on sbtest4_pkey  (cost=0.00..22.44 rows=1001 width=0)
	        Index Cond: ((id >= 2639206) AND (id <= 2640205))

table 5 : explain SELECT c FROM sbtest5 WHERE id BETWEEN 8866786 AND 8867785
	Bitmap Heap Scan on sbtest5  (cost=22.52..3799.65 rows=984 width=121)
	  Recheck Cond: ((id >= 8866786) AND (id <= 8867785))
	  ->  Bitmap Index Scan on sbtest5_pkey  (cost=0.00..22.27 rows=984 width=0)
	        Index Cond: ((id >= 8866786) AND (id <= 8867785))

table 6 : explain SELECT c FROM sbtest6 WHERE id BETWEEN 7894382 AND 7895381
	Bitmap Heap Scan on sbtest6  (cost=22.10..3646.05 rows=943 width=121)
	  Recheck Cond: ((id >= 7894382) AND (id <= 7895381))
	  ->  Bitmap Index Scan on sbtest6_pkey  (cost=0.00..21.86 rows=943 width=0)
	        Index Cond: ((id >= 7894382) AND (id <= 7895381))

table 7 : explain SELECT c FROM sbtest7 WHERE id BETWEEN 8994856 AND 8995855
	Bitmap Heap Scan on sbtest7  (cost=22.82..3909.44 rows=1013 width=121)
	  Recheck Cond: ((id >= 8994856) AND (id <= 8995855))
	  ->  Bitmap Index Scan on sbtest7_pkey  (cost=0.00..22.57 rows=1013 width=0)
	        Index Cond: ((id >= 8994856) AND (id <= 8995855))

table 8 : explain SELECT c FROM sbtest8 WHERE id BETWEEN 5728656 AND 5729655
	Bitmap Heap Scan on sbtest8  (cost=21.96..3593.87 rows=929 width=121)
	  Recheck Cond: ((id >= 5728656) AND (id <= 5729655))
	  ->  Bitmap Index Scan on sbtest8_pkey  (cost=0.00..21.72 rows=929 width=0)
	        Index Cond: ((id >= 5728656) AND (id <= 5729655))

for: sum_ranges
table 1 : explain SELECT SUM(k) FROM sbtest1 WHERE id BETWEEN 280858 AND 281857
	Aggregate  (cost=3869.05..3869.06 rows=1 width=8)
	  ->  Bitmap Heap Scan on sbtest1  (cost=22.71..3866.55 rows=1002 width=4)
	        Recheck Cond: ((id >= 280858) AND (id <= 281857))
	        ->  Bitmap Index Scan on sbtest1_pkey  (cost=0.00..22.45 rows=1002 width=0)
	              Index Cond: ((id >= 280858) AND (id <= 281857))

table 2 : explain SELECT SUM(k) FROM sbtest2 WHERE id BETWEEN 4252162 AND 4253161
	Aggregate  (cost=4064.79..4064.80 rows=1 width=8)
	  ->  Bitmap Heap Scan on sbtest2  (cost=23.24..4062.16 rows=1054 width=4)
	        Recheck Cond: ((id >= 4252162) AND (id <= 4253161))
	        ->  Bitmap Index Scan on sbtest2_pkey  (cost=0.00..22.97 rows=1054 width=0)
	              Index Cond: ((id >= 4252162) AND (id <= 4253161))

table 3 : explain SELECT SUM(k) FROM sbtest3 WHERE id BETWEEN 3340589 AND 3341588
	Aggregate  (cost=3752.72..3752.73 rows=1 width=8)
	  ->  Bitmap Heap Scan on sbtest3  (cost=22.39..3750.29 rows=971 width=4)
	        Recheck Cond: ((id >= 3340589) AND (id <= 3341588))
	        ->  Bitmap Index Scan on sbtest3_pkey  (cost=0.00..22.14 rows=971 width=0)
	              Index Cond: ((id >= 3340589) AND (id <= 3341588))

table 4 : explain SELECT SUM(k) FROM sbtest4 WHERE id BETWEEN 2093864 AND 2094863
	Aggregate  (cost=3911.22..3911.23 rows=1 width=8)
	  ->  Bitmap Heap Scan on sbtest4  (cost=22.82..3908.69 rows=1013 width=4)
	        Recheck Cond: ((id >= 2093864) AND (id <= 2094863))
	        ->  Bitmap Index Scan on sbtest4_pkey  (cost=0.00..22.57 rows=1013 width=0)
	              Index Cond: ((id >= 2093864) AND (id <= 2094863))

table 5 : explain SELECT SUM(k) FROM sbtest5 WHERE id BETWEEN 8283947 AND 8284946
	Aggregate  (cost=3594.62..3594.63 rows=1 width=8)
	  ->  Bitmap Heap Scan on sbtest5  (cost=21.96..3592.30 rows=929 width=4)
	        Recheck Cond: ((id >= 8283947) AND (id <= 8284946))
	        ->  Bitmap Index Scan on sbtest5_pkey  (cost=0.00..21.72 rows=929 width=0)
	              Index Cond: ((id >= 8283947) AND (id <= 8284946))

table 6 : explain SELECT SUM(k) FROM sbtest6 WHERE id BETWEEN 6360026 AND 6361025
	Aggregate  (cost=4055.43..4055.44 rows=1 width=8)
	  ->  Bitmap Heap Scan on sbtest6  (cost=23.21..4052.80 rows=1051 width=4)
	        Recheck Cond: ((id >= 6360026) AND (id <= 6361025))
	        ->  Bitmap Index Scan on sbtest6_pkey  (cost=0.00..22.94 rows=1051 width=0)
	              Index Cond: ((id >= 6360026) AND (id <= 6361025))

table 7 : explain SELECT SUM(k) FROM sbtest7 WHERE id BETWEEN 6700289 AND 6701288
	Aggregate  (cost=3761.23..3761.24 rows=1 width=8)
	  ->  Bitmap Heap Scan on sbtest7  (cost=22.41..3758.80 rows=973 width=4)
	        Recheck Cond: ((id >= 6700289) AND (id <= 6701288))
	        ->  Bitmap Index Scan on sbtest7_pkey  (cost=0.00..22.16 rows=973 width=0)
	              Index Cond: ((id >= 6700289) AND (id <= 6701288))

table 8 : explain SELECT SUM(k) FROM sbtest8 WHERE id BETWEEN 3396662 AND 3397661
	Aggregate  (cost=3833.99..3834.00 rows=1 width=8)
	  ->  Bitmap Heap Scan on sbtest8  (cost=22.60..3831.51 rows=992 width=4)
	        Recheck Cond: ((id >= 3396662) AND (id <= 3397661))
	        ->  Bitmap Index Scan on sbtest8_pkey  (cost=0.00..22.36 rows=992 width=0)
	              Index Cond: ((id >= 3396662) AND (id <= 3397661))

for: distinct_ranges
table 1 : explain SELECT DISTINCT c FROM sbtest1 WHERE id BETWEEN 581389 AND 582388 ORDER BY c
	Unique  (cost=4153.08..4158.40 rows=1064 width=121)
	  ->  Sort  (cost=4153.08..4155.74 rows=1064 width=121)
	        Sort Key: c
	        ->  Bitmap Heap Scan on sbtest1  (cost=23.34..4099.59 rows=1064 width=121)
	              Recheck Cond: ((id >= 581389) AND (id <= 582388))
	              ->  Bitmap Index Scan on sbtest1_pkey  (cost=0.00..23.07 rows=1064 width=0)
	                    Index Cond: ((id >= 581389) AND (id <= 582388))

table 2 : explain SELECT DISTINCT c FROM sbtest2 WHERE id BETWEEN 774433 AND 775432 ORDER BY c
	Unique  (cost=3805.77..3810.64 rows=973 width=121)
	  ->  Sort  (cost=3805.77..3808.21 rows=973 width=121)
	        Sort Key: c
	        ->  Bitmap Heap Scan on sbtest2  (cost=22.41..3757.48 rows=973 width=121)
	              Recheck Cond: ((id >= 774433) AND (id <= 775432))
	              ->  Bitmap Index Scan on sbtest2_pkey  (cost=0.00..22.16 rows=973 width=0)
	                    Index Cond: ((id >= 774433) AND (id <= 775432))

table 3 : explain SELECT DISTINCT c FROM sbtest3 WHERE id BETWEEN 8673243 AND 8674242 ORDER BY c
	Unique  (cost=3346.31..3350.57 rows=853 width=121)
	  ->  Sort  (cost=3346.31..3348.44 rows=853 width=121)
	        Sort Key: c
	        ->  Bitmap Heap Scan on sbtest3  (cost=21.18..3304.78 rows=853 width=121)
	              Recheck Cond: ((id >= 8673243) AND (id <= 8674242))
	              ->  Bitmap Index Scan on sbtest3_pkey  (cost=0.00..20.96 rows=853 width=0)
	                    Index Cond: ((id >= 8673243) AND (id <= 8674242))

table 4 : explain SELECT DISTINCT c FROM sbtest4 WHERE id BETWEEN 5600717 AND 5601716 ORDER BY c
	Unique  (cost=4436.04..4441.73 rows=1138 width=121)
	  ->  Sort  (cost=4436.04..4438.89 rows=1138 width=121)
	        Sort Key: c
	        ->  Bitmap Heap Scan on sbtest4  (cost=28.10..4378.27 rows=1138 width=121)
	              Recheck Cond: ((id >= 5600717) AND (id <= 5601716))
	              ->  Bitmap Index Scan on sbtest4_pkey  (cost=0.00..27.82 rows=1138 width=0)
	                    Index Cond: ((id >= 5600717) AND (id <= 5601716))

table 5 : explain SELECT DISTINCT c FROM sbtest5 WHERE id BETWEEN 6014527 AND 6015526 ORDER BY c
	Unique  (cost=3921.19..3926.21 rows=1003 width=121)
	  ->  Sort  (cost=3921.19..3923.70 rows=1003 width=121)
	        Sort Key: c
	        ->  Bitmap Heap Scan on sbtest5  (cost=22.72..3871.19 rows=1003 width=121)
	              Recheck Cond: ((id >= 6014527) AND (id <= 6015526))
	              ->  Bitmap Index Scan on sbtest5_pkey  (cost=0.00..22.46 rows=1003 width=0)
	                    Index Cond: ((id >= 6014527) AND (id <= 6015526))

table 6 : explain SELECT DISTINCT c FROM sbtest6 WHERE id BETWEEN 6712846 AND 6713845 ORDER BY c
	Unique  (cost=3669.65..3674.34 rows=937 width=121)
	  ->  Sort  (cost=3669.65..3672.00 rows=937 width=121)
	        Sort Key: c
	        ->  Bitmap Heap Scan on sbtest6  (cost=22.04..3623.40 rows=937 width=121)
	              Recheck Cond: ((id >= 6712846) AND (id <= 6713845))
	              ->  Bitmap Index Scan on sbtest6_pkey  (cost=0.00..21.80 rows=937 width=0)
	                    Index Cond: ((id >= 6712846) AND (id <= 6713845))

table 7 : explain SELECT DISTINCT c FROM sbtest7 WHERE id BETWEEN 3801769 AND 3802768 ORDER BY c
	Unique  (cost=3826.21..3831.10 rows=978 width=121)
	  ->  Sort  (cost=3826.21..3828.66 rows=978 width=121)
	        Sort Key: c
	        ->  Bitmap Heap Scan on sbtest7  (cost=22.46..3777.64 rows=978 width=121)
	              Recheck Cond: ((id >= 3801769) AND (id <= 3802768))
	              ->  Bitmap Index Scan on sbtest7_pkey  (cost=0.00..22.21 rows=978 width=0)
	                    Index Cond: ((id >= 3801769) AND (id <= 3802768))

table 8 : explain SELECT DISTINCT c FROM sbtest8 WHERE id BETWEEN 8398065 AND 8399064 ORDER BY c
	Unique  (cost=3930.60..3935.62 rows=1005 width=121)
	  ->  Sort  (cost=3930.60..3933.11 rows=1005 width=121)
	        Sort Key: c
	        ->  Bitmap Heap Scan on sbtest8  (cost=22.74..3880.48 rows=1005 width=121)
	              Recheck Cond: ((id >= 8398065) AND (id <= 8399064))
	              ->  Bitmap Index Scan on sbtest8_pkey  (cost=0.00..22.48 rows=1005 width=0)
	                    Index Cond: ((id >= 8398065) AND (id <= 8399064))

for: sum_ranges
table 1 : explain SELECT SUM(k) FROM sbtest1 WHERE id BETWEEN 2015028 AND 2016027
	Aggregate  (cost=3981.95..3981.96 rows=1 width=8)
	  ->  Bitmap Heap Scan on sbtest1  (cost=23.01..3979.37 rows=1032 width=4)
	        Recheck Cond: ((id >= 2015028) AND (id <= 2016027))
	        ->  Bitmap Index Scan on sbtest1_pkey  (cost=0.00..22.75 rows=1032 width=0)
	              Index Cond: ((id >= 2015028) AND (id <= 2016027))

table 2 : explain SELECT SUM(k) FROM sbtest2 WHERE id BETWEEN 2360664 AND 2361663
	Aggregate  (cost=3571.28..3571.29 rows=1 width=8)
	  ->  Bitmap Heap Scan on sbtest2  (cost=21.90..3568.98 rows=923 width=4)
	        Recheck Cond: ((id >= 2360664) AND (id <= 2361663))
	        ->  Bitmap Index Scan on sbtest2_pkey  (cost=0.00..21.66 rows=923 width=0)
	              Index Cond: ((id >= 2360664) AND (id <= 2361663))

table 3 : explain SELECT SUM(k) FROM sbtest3 WHERE id BETWEEN 4179449 AND 4180448
	Aggregate  (cost=3971.16..3971.17 rows=1 width=8)
	  ->  Bitmap Heap Scan on sbtest3  (cost=22.98..3968.59 rows=1029 width=4)
	        Recheck Cond: ((id >= 4179449) AND (id <= 4180448))
	        ->  Bitmap Index Scan on sbtest3_pkey  (cost=0.00..22.72 rows=1029 width=0)
	              Index Cond: ((id >= 4179449) AND (id <= 4180448))

table 4 : explain SELECT SUM(k) FROM sbtest4 WHERE id BETWEEN 6018088 AND 6019087
	Aggregate  (cost=4373.62..4373.63 rows=1 width=8)
	  ->  Bitmap Heap Scan on sbtest4  (cost=28.08..4370.78 rows=1136 width=4)
	        Recheck Cond: ((id >= 6018088) AND (id <= 6019087))
	        ->  Bitmap Index Scan on sbtest4_pkey  (cost=0.00..27.79 rows=1136 width=0)
	              Index Cond: ((id >= 6018088) AND (id <= 6019087))

table 5 : explain SELECT SUM(k) FROM sbtest5 WHERE id BETWEEN 4459218 AND 4460217
	Aggregate  (cost=3707.85..3707.86 rows=1 width=8)
	  ->  Bitmap Heap Scan on sbtest5  (cost=22.26..3705.45 rows=959 width=4)
	        Recheck Cond: ((id >= 4459218) AND (id <= 4460217))
	        ->  Bitmap Index Scan on sbtest5_pkey  (cost=0.00..22.02 rows=959 width=0)
	              Index Cond: ((id >= 4459218) AND (id <= 4460217))

table 6 : explain SELECT SUM(k) FROM sbtest6 WHERE id BETWEEN 2819568 AND 2820567
	Aggregate  (cost=3844.57..3844.58 rows=1 width=8)
	  ->  Bitmap Heap Scan on sbtest6  (cost=22.63..3842.08 rows=995 width=4)
	        Recheck Cond: ((id >= 2819568) AND (id <= 2820567))
	        ->  Bitmap Index Scan on sbtest6_pkey  (cost=0.00..22.39 rows=995 width=0)
	              Index Cond: ((id >= 2819568) AND (id <= 2820567))

table 7 : explain SELECT SUM(k) FROM sbtest7 WHERE id BETWEEN 4085810 AND 4086809
	Aggregate  (cost=3765.00..3765.01 rows=1 width=8)
	  ->  Bitmap Heap Scan on sbtest7  (cost=22.42..3762.57 rows=974 width=4)
	        Recheck Cond: ((id >= 4085810) AND (id <= 4086809))
	        ->  Bitmap Index Scan on sbtest7_pkey  (cost=0.00..22.18 rows=974 width=0)
	              Index Cond: ((id >= 4085810) AND (id <= 4086809))

table 8 : explain SELECT SUM(k) FROM sbtest8 WHERE id BETWEEN 4806963 AND 4807962
	Aggregate  (cost=3837.76..3837.77 rows=1 width=8)
	  ->  Bitmap Heap Scan on sbtest8  (cost=22.61..3835.28 rows=993 width=4)
	        Recheck Cond: ((id >= 4806963) AND (id <= 4807962))
	        ->  Bitmap Index Scan on sbtest8_pkey  (cost=0.00..22.36 rows=993 width=0)
	              Index Cond: ((id >= 4806963) AND (id <= 4807962))

for: order_ranges
table 1 : explain SELECT c FROM sbtest1 WHERE id BETWEEN 6756568 AND 6757567 ORDER BY c
	Sort  (cost=4461.76..4464.62 rows=1145 width=121)
	  Sort Key: c
	  ->  Bitmap Heap Scan on sbtest1  (cost=28.17..4403.59 rows=1145 width=121)
	        Recheck Cond: ((id >= 6756568) AND (id <= 6757567))
	        ->  Bitmap Index Scan on sbtest1_pkey  (cost=0.00..27.89 rows=1145 width=0)
	              Index Cond: ((id >= 6756568) AND (id <= 6757567))

table 2 : explain SELECT c FROM sbtest2 WHERE id BETWEEN 8379206 AND 8380205 ORDER BY c
	Sort  (cost=3855.47..3857.93 rows=986 width=121)
	  Sort Key: c
	  ->  Bitmap Heap Scan on sbtest2  (cost=22.54..3806.44 rows=986 width=121)
	        Recheck Cond: ((id >= 8379206) AND (id <= 8380205))
	        ->  Bitmap Index Scan on sbtest2_pkey  (cost=0.00..22.29 rows=986 width=0)
	              Index Cond: ((id >= 8379206) AND (id <= 8380205))

table 3 : explain SELECT c FROM sbtest3 WHERE id BETWEEN 5185658 AND 5186657 ORDER BY c
	Sort  (cost=3702.82..3705.19 rows=946 width=121)
	  Sort Key: c
	  ->  Bitmap Heap Scan on sbtest3  (cost=22.13..3656.06 rows=946 width=121)
	        Recheck Cond: ((id >= 5185658) AND (id <= 5186657))
	        ->  Bitmap Index Scan on sbtest3_pkey  (cost=0.00..21.89 rows=946 width=0)
	              Index Cond: ((id >= 5185658) AND (id <= 5186657))

table 4 : explain SELECT c FROM sbtest4 WHERE id BETWEEN 3977822 AND 3978821 ORDER BY c
	Sort  (cost=3733.69..3736.08 rows=954 width=121)
	  Sort Key: c
	  ->  Bitmap Heap Scan on sbtest4  (cost=22.21..3686.48 rows=954 width=121)
	        Recheck Cond: ((id >= 3977822) AND (id <= 3978821))
	        ->  Bitmap Index Scan on sbtest4_pkey  (cost=0.00..21.97 rows=954 width=0)
	              Index Cond: ((id >= 3977822) AND (id <= 3978821))

table 5 : explain SELECT c FROM sbtest5 WHERE id BETWEEN 2047372 AND 2048371 ORDER BY c
	Sort  (cost=4096.83..4099.45 rows=1049 width=121)
	  Sort Key: c
	  ->  Bitmap Heap Scan on sbtest5  (cost=23.19..4044.19 rows=1049 width=121)
	        Recheck Cond: ((id >= 2047372) AND (id <= 2048371))
	        ->  Bitmap Index Scan on sbtest5_pkey  (cost=0.00..22.93 rows=1049 width=0)
	              Index Cond: ((id >= 2047372) AND (id <= 2048371))

table 6 : explain SELECT c FROM sbtest6 WHERE id BETWEEN 3883836 AND 3884835 ORDER BY c
	Sort  (cost=4101.73..4104.36 rows=1050 width=121)
	  Sort Key: c
	  ->  Bitmap Heap Scan on sbtest6  (cost=23.20..4049.04 rows=1050 width=121)
	        Recheck Cond: ((id >= 3883836) AND (id <= 3884835))
	        ->  Bitmap Index Scan on sbtest6_pkey  (cost=0.00..22.93 rows=1050 width=0)
	              Index Cond: ((id >= 3883836) AND (id <= 3884835))

table 7 : explain SELECT c FROM sbtest7 WHERE id BETWEEN 1901813 AND 1902812 ORDER BY c
	Sort  (cost=3730.55..3732.93 rows=953 width=121)
	  Sort Key: c
	  ->  Bitmap Heap Scan on sbtest7  (cost=22.20..3683.40 rows=953 width=121)
	        Recheck Cond: ((id >= 1901813) AND (id <= 1902812))
	        ->  Bitmap Index Scan on sbtest7_pkey  (cost=0.00..21.96 rows=953 width=0)
	              Index Cond: ((id >= 1901813) AND (id <= 1902812))

table 8 : explain SELECT c FROM sbtest8 WHERE id BETWEEN 6805295 AND 6806294 ORDER BY c
	Sort  (cost=3953.53..3956.06 rows=1011 width=121)
	  Sort Key: c
	  ->  Bitmap Heap Scan on sbtest8  (cost=22.80..3903.08 rows=1011 width=121)
	        Recheck Cond: ((id >= 6805295) AND (id <= 6806294))
	        ->  Bitmap Index Scan on sbtest8_pkey  (cost=0.00..22.54 rows=1011 width=0)
	              Index Cond: ((id >= 6805295) AND (id <= 6806294))

for: distinct_ranges
table 1 : explain SELECT DISTINCT c FROM sbtest1 WHERE id BETWEEN 6202731 AND 6203730 ORDER BY c
	Unique  (cost=3733.00..3737.77 rows=954 width=121)
	  ->  Sort  (cost=3733.00..3735.38 rows=954 width=121)
	        Sort Key: c
	        ->  Bitmap Heap Scan on sbtest1  (cost=22.21..3685.78 rows=954 width=121)
	              Recheck Cond: ((id >= 6202731) AND (id <= 6203730))
	              ->  Bitmap Index Scan on sbtest1_pkey  (cost=0.00..21.97 rows=954 width=0)
	                    Index Cond: ((id >= 6202731) AND (id <= 6203730))

table 2 : explain SELECT DISTINCT c FROM sbtest2 WHERE id BETWEEN 9445249 AND 9446248 ORDER BY c
	Unique  (cost=3591.45..3596.04 rows=917 width=121)
	  ->  Sort  (cost=3591.45..3593.75 rows=917 width=121)
	        Sort Key: c
	        ->  Bitmap Heap Scan on sbtest2  (cost=21.83..3546.33 rows=917 width=121)
	              Recheck Cond: ((id >= 9445249) AND (id <= 9446248))
	              ->  Bitmap Index Scan on sbtest2_pkey  (cost=0.00..21.61 rows=917 width=0)
	                    Index Cond: ((id >= 9445249) AND (id <= 9446248))

table 3 : explain SELECT DISTINCT c FROM sbtest3 WHERE id BETWEEN 1514385 AND 1515384 ORDER BY c
	Unique  (cost=3392.37..3396.70 rows=865 width=121)
	  ->  Sort  (cost=3392.37..3394.54 rows=865 width=121)
	        Sort Key: c
	        ->  Bitmap Heap Scan on sbtest3  (cost=21.30..3350.18 rows=865 width=121)
	              Recheck Cond: ((id >= 1514385) AND (id <= 1515384))
	              ->  Bitmap Index Scan on sbtest3_pkey  (cost=0.00..21.08 rows=865 width=0)
	                    Index Cond: ((id >= 1514385) AND (id <= 1515384))

table 4 : explain SELECT DISTINCT c FROM sbtest4 WHERE id BETWEEN 1365730 AND 1366729 ORDER BY c
	Unique  (cost=3695.42..3700.14 rows=944 width=121)
	  ->  Sort  (cost=3695.42..3697.78 rows=944 width=121)
	        Sort Key: c
	        ->  Bitmap Heap Scan on sbtest4  (cost=22.11..3648.77 rows=944 width=121)
	              Recheck Cond: ((id >= 1365730) AND (id <= 1366729))
	              ->  Bitmap Index Scan on sbtest4_pkey  (cost=0.00..21.87 rows=944 width=0)
	                    Index Cond: ((id >= 1365730) AND (id <= 1366729))

table 5 : explain SELECT DISTINCT c FROM sbtest5 WHERE id BETWEEN 7483000 AND 7483999 ORDER BY c
	Unique  (cost=4016.68..4021.82 rows=1028 width=121)
	  ->  Sort  (cost=4016.68..4019.25 rows=1028 width=121)
	        Sort Key: c
	        ->  Bitmap Heap Scan on sbtest5  (cost=22.97..3965.25 rows=1028 width=121)
	              Recheck Cond: ((id >= 7483000) AND (id <= 7483999))
	              ->  Bitmap Index Scan on sbtest5_pkey  (cost=0.00..22.71 rows=1028 width=0)
	                    Index Cond: ((id >= 7483000) AND (id <= 7483999))

table 6 : explain SELECT DISTINCT c FROM sbtest6 WHERE id BETWEEN 4639449 AND 4640448 ORDER BY c
	Unique  (cost=3623.68..3628.30 rows=925 width=121)
	  ->  Sort  (cost=3623.68..3625.99 rows=925 width=121)
	        Sort Key: c
	        ->  Bitmap Heap Scan on sbtest6  (cost=21.92..3578.11 rows=925 width=121)
	              Recheck Cond: ((id >= 4639449) AND (id <= 4640448))
	              ->  Bitmap Index Scan on sbtest6_pkey  (cost=0.00..21.68 rows=925 width=0)
	                    Index Cond: ((id >= 4639449) AND (id <= 4640448))

table 7 : explain SELECT DISTINCT c FROM sbtest7 WHERE id BETWEEN 6975764 AND 6976763 ORDER BY c
	Unique  (cost=3925.62..3930.64 rows=1004 width=121)
	  ->  Sort  (cost=3925.62..3928.13 rows=1004 width=121)
	        Sort Key: c
	        ->  Bitmap Heap Scan on sbtest7  (cost=22.73..3875.57 rows=1004 width=121)
	              Recheck Cond: ((id >= 6975764) AND (id <= 6976763))
	              ->  Bitmap Index Scan on sbtest7_pkey  (cost=0.00..22.47 rows=1004 width=0)
	                    Index Cond: ((id >= 6975764) AND (id <= 6976763))

table 8 : explain SELECT DISTINCT c FROM sbtest8 WHERE id BETWEEN 8245945 AND 8246944 ORDER BY c
	Unique  (cost=3984.11..3989.21 rows=1019 width=121)
	  ->  Sort  (cost=3984.11..3986.66 rows=1019 width=121)
	        Sort Key: c
	        ->  Bitmap Heap Scan on sbtest8  (cost=22.88..3933.20 rows=1019 width=121)
	              Recheck Cond: ((id >= 8245945) AND (id <= 8246944))
	              ->  Bitmap Index Scan on sbtest8_pkey  (cost=0.00..22.62 rows=1019 width=0)
	                    Index Cond: ((id >= 8245945) AND (id <= 8246944))

for: order_ranges
table 1 : explain SELECT c FROM sbtest1 WHERE id BETWEEN 3557433 AND 3558432 ORDER BY c
	Sort  (cost=3824.78..3827.22 rows=978 width=121)
	  Sort Key: c
	  ->  Bitmap Heap Scan on sbtest1  (cost=22.46..3776.20 rows=978 width=121)
	        Recheck Cond: ((id >= 3557433) AND (id <= 3558432))
	        ->  Bitmap Index Scan on sbtest1_pkey  (cost=0.00..22.21 rows=978 width=0)
	              Index Cond: ((id >= 3557433) AND (id <= 3558432))

table 2 : explain SELECT c FROM sbtest2 WHERE id BETWEEN 7442852 AND 7443851 ORDER BY c
	Sort  (cost=3763.71..3766.11 rows=962 width=121)
	  Sort Key: c
	  ->  Bitmap Heap Scan on sbtest2  (cost=22.30..3716.04 rows=962 width=121)
	        Recheck Cond: ((id >= 7442852) AND (id <= 7443851))
	        ->  Bitmap Index Scan on sbtest2_pkey  (cost=0.00..22.05 rows=962 width=0)
	              Index Cond: ((id >= 7442852) AND (id <= 7443851))

table 3 : explain SELECT c FROM sbtest3 WHERE id BETWEEN 9244183 AND 9245182 ORDER BY c
	Sort  (cost=3821.42..3823.86 rows=977 width=121)
	  Sort Key: c
	  ->  Bitmap Heap Scan on sbtest3  (cost=22.45..3772.90 rows=977 width=121)
	        Recheck Cond: ((id >= 9244183) AND (id <= 9245182))
	        ->  Bitmap Index Scan on sbtest3_pkey  (cost=0.00..22.20 rows=977 width=0)
	              Index Cond: ((id >= 9244183) AND (id <= 9245182))

table 4 : explain SELECT c FROM sbtest4 WHERE id BETWEEN 6302428 AND 6303427 ORDER BY c
	Sort  (cost=3622.66..3624.97 rows=925 width=121)
	  Sort Key: c
	  ->  Bitmap Heap Scan on sbtest4  (cost=21.92..3577.09 rows=925 width=121)
	        Recheck Cond: ((id >= 6302428) AND (id <= 6303427))
	        ->  Bitmap Index Scan on sbtest4_pkey  (cost=0.00..21.68 rows=925 width=0)
	              Index Cond: ((id >= 6302428) AND (id <= 6303427))

table 5 : explain SELECT c FROM sbtest5 WHERE id BETWEEN 750185 AND 751184 ORDER BY c
	Sort  (cost=4241.72..4244.44 rows=1087 width=121)
	  Sort Key: c
	  ->  Bitmap Heap Scan on sbtest5  (cost=23.58..4186.91 rows=1087 width=121)
	        Recheck Cond: ((id >= 750185) AND (id <= 751184))
	        ->  Bitmap Index Scan on sbtest5_pkey  (cost=0.00..23.30 rows=1087 width=0)
	              Index Cond: ((id >= 750185) AND (id <= 751184))

table 6 : explain SELECT c FROM sbtest6 WHERE id BETWEEN 530624 AND 531623 ORDER BY c
	Sort  (cost=3558.51..3560.78 rows=908 width=121)
	  Sort Key: c
	  ->  Bitmap Heap Scan on sbtest6  (cost=21.74..3513.90 rows=908 width=121)
	        Recheck Cond: ((id >= 530624) AND (id <= 531623))
	        ->  Bitmap Index Scan on sbtest6_pkey  (cost=0.00..21.51 rows=908 width=0)
	              Index Cond: ((id >= 530624) AND (id <= 531623))

table 7 : explain SELECT c FROM sbtest7 WHERE id BETWEEN 5567327 AND 5568326 ORDER BY c
	Sort  (cost=3860.63..3863.10 rows=987 width=121)
	  Sort Key: c
	  ->  Bitmap Heap Scan on sbtest7  (cost=22.55..3811.55 rows=987 width=121)
	        Recheck Cond: ((id >= 5567327) AND (id <= 5568326))
	        ->  Bitmap Index Scan on sbtest7_pkey  (cost=0.00..22.30 rows=987 width=0)
	              Index Cond: ((id >= 5567327) AND (id <= 5568326))

table 8 : explain SELECT c FROM sbtest8 WHERE id BETWEEN 9800984 AND 9801983 ORDER BY c
	Sort  (cost=3616.66..3618.97 rows=923 width=121)
	  Sort Key: c
	  ->  Bitmap Heap Scan on sbtest8  (cost=21.90..3571.21 rows=923 width=121)
	        Recheck Cond: ((id >= 9800984) AND (id <= 9801983))
	        ->  Bitmap Index Scan on sbtest8_pkey  (cost=0.00..21.66 rows=923 width=0)
	              Index Cond: ((id >= 9800984) AND (id <= 9801983))

for: distinct_ranges
table 1 : explain SELECT DISTINCT c FROM sbtest1 WHERE id BETWEEN 9268647 AND 9269646 ORDER BY c
	Unique  (cost=4332.40..4337.95 rows=1111 width=121)
	  ->  Sort  (cost=4332.40..4335.18 rows=1111 width=121)
	        Sort Key: c
	        ->  Bitmap Heap Scan on sbtest1  (cost=27.82..4276.20 rows=1111 width=121)
	              Recheck Cond: ((id >= 9268647) AND (id <= 9269646))
	              ->  Bitmap Index Scan on sbtest1_pkey  (cost=0.00..27.54 rows=1111 width=0)
	                    Index Cond: ((id >= 9268647) AND (id <= 9269646))

table 2 : explain SELECT DISTINCT c FROM sbtest2 WHERE id BETWEEN 7390402 AND 7391401 ORDER BY c
	Unique  (cost=3763.71..3768.52 rows=962 width=121)
	  ->  Sort  (cost=3763.71..3766.11 rows=962 width=121)
	        Sort Key: c
	        ->  Bitmap Heap Scan on sbtest2  (cost=22.30..3716.04 rows=962 width=121)
	              Recheck Cond: ((id >= 7390402) AND (id <= 7391401))
	              ->  Bitmap Index Scan on sbtest2_pkey  (cost=0.00..22.05 rows=962 width=0)
	                    Index Cond: ((id >= 7390402) AND (id <= 7391401))

table 3 : explain SELECT DISTINCT c FROM sbtest3 WHERE id BETWEEN 9553539 AND 9554538 ORDER BY c
	Unique  (cost=4344.38..4349.95 rows=1114 width=121)
	  ->  Sort  (cost=4344.38..4347.16 rows=1114 width=121)
	        Sort Key: c
	        ->  Bitmap Heap Scan on sbtest3  (cost=27.85..4288.00 rows=1114 width=121)
	              Recheck Cond: ((id >= 9553539) AND (id <= 9554538))
	              ->  Bitmap Index Scan on sbtest3_pkey  (cost=0.00..27.57 rows=1114 width=0)
	                    Index Cond: ((id >= 9553539) AND (id <= 9554538))

table 4 : explain SELECT DISTINCT c FROM sbtest4 WHERE id BETWEEN 9314274 AND 9315273 ORDER BY c
	Unique  (cost=3943.98..3949.03 rows=1009 width=121)
	  ->  Sort  (cost=3943.98..3946.50 rows=1009 width=121)
	        Sort Key: c
	        ->  Bitmap Heap Scan on sbtest4  (cost=22.78..3893.64 rows=1009 width=121)
	              Recheck Cond: ((id >= 9314274) AND (id <= 9315273))
	              ->  Bitmap Index Scan on sbtest4_pkey  (cost=0.00..22.52 rows=1009 width=0)
	                    Index Cond: ((id >= 9314274) AND (id <= 9315273))

table 5 : explain SELECT DISTINCT c FROM sbtest5 WHERE id BETWEEN 2398057 AND 2399056 ORDER BY c
	Unique  (cost=4256.97..4262.42 rows=1091 width=121)
	  ->  Sort  (cost=4256.97..4259.69 rows=1091 width=121)
	        Sort Key: c
	        ->  Bitmap Heap Scan on sbtest5  (cost=23.62..4201.92 rows=1091 width=121)
	              Recheck Cond: ((id >= 2398057) AND (id <= 2399056))
	              ->  Bitmap Index Scan on sbtest5_pkey  (cost=0.00..23.34 rows=1091 width=0)
	                    Index Cond: ((id >= 2398057) AND (id <= 2399056))

table 6 : explain SELECT DISTINCT c FROM sbtest6 WHERE id BETWEEN 9692979 AND 9693978 ORDER BY c
	Unique  (cost=3677.32..3682.01 rows=939 width=121)
	  ->  Sort  (cost=3677.32..3679.66 rows=939 width=121)
	        Sort Key: c
	        ->  Bitmap Heap Scan on sbtest6  (cost=22.06..3630.95 rows=939 width=121)
	              Recheck Cond: ((id >= 9692979) AND (id <= 9693978))
	              ->  Bitmap Index Scan on sbtest6_pkey  (cost=0.00..21.82 rows=939 width=0)
	                    Index Cond: ((id >= 9692979) AND (id <= 9693978))

table 7 : explain SELECT DISTINCT c FROM sbtest7 WHERE id BETWEEN 6574153 AND 6575152 ORDER BY c
	Unique  (cost=4066.94..4072.15 rows=1041 width=121)
	  ->  Sort  (cost=4066.94..4069.55 rows=1041 width=121)
	        Sort Key: c
	        ->  Bitmap Heap Scan on sbtest7  (cost=23.11..4014.77 rows=1041 width=121)
	              Recheck Cond: ((id >= 6574153) AND (id <= 6575152))
	              ->  Bitmap Index Scan on sbtest7_pkey  (cost=0.00..22.84 rows=1041 width=0)
	                    Index Cond: ((id >= 6574153) AND (id <= 6575152))

table 8 : explain SELECT DISTINCT c FROM sbtest8 WHERE id BETWEEN 7755546 AND 7756545 ORDER BY c
	Unique  (cost=3861.76..3866.69 rows=987 width=121)
	  ->  Sort  (cost=3861.76..3864.22 rows=987 width=121)
	        Sort Key: c
	        ->  Bitmap Heap Scan on sbtest8  (cost=22.55..3812.67 rows=987 width=121)
	              Recheck Cond: ((id >= 7755546) AND (id <= 7756545))
	              ->  Bitmap Index Scan on sbtest8_pkey  (cost=0.00..22.30 rows=987 width=0)
	                    Index Cond: ((id >= 7755546) AND (id <= 7756545))

Threads started!

Warming up for 5 seconds...

SQL statistics:
    queries performed:
        read:                            88127266
        write:                           0
        other:                           16023163
        total:                           104150429
    transactions:                        8011601 (12716.68 per sec.)
    queries:                             104150429 (165316.22 per sec.)
    ignored errors:                      0      (0.00 per sec.)
    reconnects:                          0      (0.00 per sec.)

Throughput:
    events/s (eps):                      12716.6790
    time elapsed:                        630.0074s
    total number of events:              8011601

Latency (ms):
         min:                                    0.53
         avg:                                    3.14
         max:                                   27.08
         95th percentile:                        3.30
         sum:                             25191120.77

Threads fairness:
    events (avg/stddev):           200289.8250/453.03
    execution time (avg/stddev):   629.7780/0.00

