LUA_PATH=/home/mdcallag/git/mytools/bench/sysbench.lua/lua/?.lua /home/mdcallag/git/mytools/bench/sysbench.lua/lua/sysbench --db-driver=pgsql --range-size=100 --table-size=10000000 --tables=8 --threads=40 --events=0 --warmup-time=5 --time=630 --pgsql_conn_id=true /home/mdcallag/git/mytools/bench/sysbench.lua/lua/oltp_range_covered.lua run --pgsql-user=root --pgsql-password=pw --pgsql-host=127.0.0.1 --pgsql-db=ib --rand-type=uniform --random-points=100 --skip-trx --on-id=false --covered=false
48 CPUs
sysbench 1.1.0-9072687 (using bundled LuaJIT 2.1.0-beta3)

Running the test with following options:
Number of threads: 40
Warmup time: 5s
Initializing random number generator from current time


Initializing worker threads...

explain: for range-notcovered :: explain SELECT k, c FROM sbtest%d WHERE k BETWEEN 1897798 AND 1897898
explain: for range-notcovered :: explain SELECT k, c FROM sbtest%d WHERE k BETWEEN 4659042 AND 4659142
explain: for range-notcovered :: explain SELECT k, c FROM sbtest%d WHERE k BETWEEN 3603391 AND 3603491
explain: for range-notcovered :: explain SELECT k, c FROM sbtest%d WHERE k BETWEEN 5271883 AND 5271983
explain: for range-notcovered :: explain SELECT k, c FROM sbtest%d WHERE k BETWEEN 659562 AND 659662
explain: for range-notcovered :: explain SELECT k, c FROM sbtest%d WHERE k BETWEEN 2433003 AND 2433103
explain: for range-notcovered :: explain SELECT k, c FROM sbtest%d WHERE k BETWEEN 2655504 AND 2655604
explain: for range-notcovered :: explain SELECT k, c FROM sbtest%d WHERE k BETWEEN 4420021 AND 4420121
for range-notcovered
table 1 : explain SELECT k, c FROM sbtest1 WHERE k BETWEEN 4659042 AND 4659142
	Bitmap Heap Scan on sbtest1  (cost=5.54..432.69 rows=108 width=125)
	  Recheck Cond: ((k >= 4659042) AND (k <= 4659142))
	  ->  Bitmap Index Scan on k_1  (cost=0.00..5.51 rows=108 width=0)
	        Index Cond: ((k >= 4659042) AND (k <= 4659142))

table 2 : explain SELECT k, c FROM sbtest2 WHERE k BETWEEN 4659042 AND 4659142
	Bitmap Heap Scan on sbtest2  (cost=5.53..428.75 rows=107 width=125)
	  Recheck Cond: ((k >= 4659042) AND (k <= 4659142))
	  ->  Bitmap Index Scan on k_2  (cost=0.00..5.50 rows=107 width=0)
	        Index Cond: ((k >= 4659042) AND (k <= 4659142))

table 3 : explain SELECT k, c FROM sbtest3 WHERE k BETWEEN 4659042 AND 4659142
	Bitmap Heap Scan on sbtest3  (cost=5.55..436.62 rows=109 width=125)
	  Recheck Cond: ((k >= 4659042) AND (k <= 4659142))
	  ->  Bitmap Index Scan on k_3  (cost=0.00..5.52 rows=109 width=0)
	        Index Cond: ((k >= 4659042) AND (k <= 4659142))

table 4 : explain SELECT k, c FROM sbtest4 WHERE k BETWEEN 4659042 AND 4659142
	Bitmap Heap Scan on sbtest4  (cost=5.45..397.25 rows=99 width=125)
	  Recheck Cond: ((k >= 4659042) AND (k <= 4659142))
	  ->  Bitmap Index Scan on k_4  (cost=0.00..5.42 rows=99 width=0)
	        Index Cond: ((k >= 4659042) AND (k <= 4659142))

table 5 : explain SELECT k, c FROM sbtest5 WHERE k BETWEEN 4659042 AND 4659142
	Bitmap Heap Scan on sbtest5  (cost=5.44..393.31 rows=98 width=125)
	  Recheck Cond: ((k >= 4659042) AND (k <= 4659142))
	  ->  Bitmap Index Scan on k_5  (cost=0.00..5.42 rows=98 width=0)
	        Index Cond: ((k >= 4659042) AND (k <= 4659142))

table 6 : explain SELECT k, c FROM sbtest6 WHERE k BETWEEN 4659042 AND 4659142
	Bitmap Heap Scan on sbtest6  (cost=5.50..416.94 rows=104 width=125)
	  Recheck Cond: ((k >= 4659042) AND (k <= 4659142))
	  ->  Bitmap Index Scan on k_6  (cost=0.00..5.47 rows=104 width=0)
	        Index Cond: ((k >= 4659042) AND (k <= 4659142))

table 7 : explain SELECT k, c FROM sbtest7 WHERE k BETWEEN 4659042 AND 4659142
	Bitmap Heap Scan on sbtest7  (cost=5.48..409.07 rows=102 width=125)
	  Recheck Cond: ((k >= 4659042) AND (k <= 4659142))
	  ->  Bitmap Index Scan on k_7  (cost=0.00..5.45 rows=102 width=0)
	        Index Cond: ((k >= 4659042) AND (k <= 4659142))

table 8 : explain SELECT k, c FROM sbtest8 WHERE k BETWEEN 4659042 AND 4659142
	Bitmap Heap Scan on sbtest8  (cost=5.58..448.42 rows=112 width=125)
	  Recheck Cond: ((k >= 4659042) AND (k <= 4659142))
	  ->  Bitmap Index Scan on k_8  (cost=0.00..5.55 rows=112 width=0)
	        Index Cond: ((k >= 4659042) AND (k <= 4659142))

explain: for range-notcovered :: explain SELECT k, c FROM sbtest%d WHERE k BETWEEN 4659042 AND 4659142
for range-notcovered
table 1 : explain SELECT k, c FROM sbtest1 WHERE k BETWEEN 5271883 AND 5271983
	Bitmap Heap Scan on sbtest1  (cost=5.37..365.72 rows=91 width=125)
	  Recheck Cond: ((k >= 5271883) AND (k <= 5271983))
	  ->  Bitmap Index Scan on k_1  (cost=0.00..5.34 rows=91 width=0)
	        Index Cond: ((k >= 5271883) AND (k <= 5271983))

table 2 : explain SELECT k, c FROM sbtest2 WHERE k BETWEEN 5271883 AND 5271983
	Bitmap Heap Scan on sbtest2  (cost=5.40..377.55 rows=94 width=125)
	  Recheck Cond: ((k >= 5271883) AND (k <= 5271983))
	  ->  Bitmap Index Scan on k_2  (cost=0.00..5.38 rows=94 width=0)
	        Index Cond: ((k >= 5271883) AND (k <= 5271983))

table 3 : explain SELECT k, c FROM sbtest3 WHERE k BETWEEN 5271883 AND 5271983
	Bitmap Heap Scan on sbtest3  (cost=5.50..416.94 rows=104 width=125)
	  Recheck Cond: ((k >= 5271883) AND (k <= 5271983))
	  ->  Bitmap Index Scan on k_3  (cost=0.00..5.47 rows=104 width=0)
	        Index Cond: ((k >= 5271883) AND (k <= 5271983))

table 4 : explain SELECT k, c FROM sbtest4 WHERE k BETWEEN 5271883 AND 5271983
	Bitmap Heap Scan on sbtest4  (cost=5.63..468.09 rows=117 width=125)
	  Recheck Cond: ((k >= 5271883) AND (k <= 5271983))
	  ->  Bitmap Index Scan on k_4  (cost=0.00..5.60 rows=117 width=0)
	        Index Cond: ((k >= 5271883) AND (k <= 5271983))

table 5 : explain SELECT k, c FROM sbtest5 WHERE k BETWEEN 5271883 AND 5271983
	Bitmap Heap Scan on sbtest5  (cost=5.41..381.49 rows=95 width=125)
	  Recheck Cond: ((k >= 5271883) AND (k <= 5271983))
	  ->  Bitmap Index Scan on k_5  (cost=0.00..5.38 rows=95 width=0)
	        Index Cond: ((k >= 5271883) AND (k <= 5271983))

table 6 : explain SELECT k, c FROM sbtest6 WHERE k BETWEEN 5271883 AND 5271983
	Bitmap Heap Scan on sbtest6  (cost=5.41..381.49 rows=95 width=125)
	  Recheck Cond: ((k >= 5271883) AND (k <= 5271983))
	  ->  Bitmap Index Scan on k_6  (cost=0.00..5.38 rows=95 width=0)
	        Index Cond: ((k >= 5271883) AND (k <= 5271983))

table 7 : explain SELECT k, c FROM sbtest7 WHERE k BETWEEN 5271883 AND 5271983
	Bitmap Heap Scan on sbtest7  (cost=5.45..397.25 rows=99 width=125)
	  Recheck Cond: ((k >= 5271883) AND (k <= 5271983))
	  ->  Bitmap Index Scan on k_7  (cost=0.00..5.42 rows=99 width=0)
	        Index Cond: ((k >= 5271883) AND (k <= 5271983))

table 8 : explain SELECT k, c FROM sbtest8 WHERE k BETWEEN 5271883 AND 5271983
	Bitmap Heap Scan on sbtest8  (cost=5.50..416.94 rows=104 width=125)
	  Recheck Cond: ((k >= 5271883) AND (k <= 5271983))
	  ->  Bitmap Index Scan on k_8  (cost=0.00..5.47 rows=104 width=0)
	        Index Cond: ((k >= 5271883) AND (k <= 5271983))

explain: for range-notcovered :: explain SELECT k, c FROM sbtest%d WHERE k BETWEEN 5271883 AND 5271983
explain: for range-notcovered :: explain SELECT k, c FROM sbtest%d WHERE k BETWEEN 2290742 AND 2290842
explain: for range-notcovered :: explain SELECT k, c FROM sbtest%d WHERE k BETWEEN 6234223 AND 6234323
for range-notcovered
table 1 : explain SELECT k, c FROM sbtest1 WHERE k BETWEEN 4659042 AND 4659142
	Bitmap Heap Scan on sbtest1  (cost=5.54..432.69 rows=108 width=125)
	  Recheck Cond: ((k >= 4659042) AND (k <= 4659142))
	  ->  Bitmap Index Scan on k_1  (cost=0.00..5.51 rows=108 width=0)
	        Index Cond: ((k >= 4659042) AND (k <= 4659142))

table 2 : explain SELECT k, c FROM sbtest2 WHERE k BETWEEN 4659042 AND 4659142
	Bitmap Heap Scan on sbtest2  (cost=5.53..428.75 rows=107 width=125)
	  Recheck Cond: ((k >= 4659042) AND (k <= 4659142))
	  ->  Bitmap Index Scan on k_2  (cost=0.00..5.50 rows=107 width=0)
	        Index Cond: ((k >= 4659042) AND (k <= 4659142))

table 3 : explain SELECT k, c FROM sbtest3 WHERE k BETWEEN 4659042 AND 4659142
	Bitmap Heap Scan on sbtest3  (cost=5.55..436.62 rows=109 width=125)
	  Recheck Cond: ((k >= 4659042) AND (k <= 4659142))
	  ->  Bitmap Index Scan on k_3  (cost=0.00..5.52 rows=109 width=0)
	        Index Cond: ((k >= 4659042) AND (k <= 4659142))

table 4 : explain SELECT k, c FROM sbtest4 WHERE k BETWEEN 4659042 AND 4659142
	Bitmap Heap Scan on sbtest4  (cost=5.45..397.25 rows=99 width=125)
	  Recheck Cond: ((k >= 4659042) AND (k <= 4659142))
	  ->  Bitmap Index Scan on k_4  (cost=0.00..5.42 rows=99 width=0)
	        Index Cond: ((k >= 4659042) AND (k <= 4659142))

table 5 : explain SELECT k, c FROM sbtest5 WHERE k BETWEEN 4659042 AND 4659142
	Bitmap Heap Scan on sbtest5  (cost=5.44..393.31 rows=98 width=125)
	  Recheck Cond: ((k >= 4659042) AND (k <= 4659142))
	  ->  Bitmap Index Scan on k_5  (cost=0.00..5.42 rows=98 width=0)
	        Index Cond: ((k >= 4659042) AND (k <= 4659142))

table 6 : explain SELECT k, c FROM sbtest6 WHERE k BETWEEN 4659042 AND 4659142
	Bitmap Heap Scan on sbtest6  (cost=5.50..416.94 rows=104 width=125)
	  Recheck Cond: ((k >= 4659042) AND (k <= 4659142))
	  ->  Bitmap Index Scan on k_6  (cost=0.00..5.47 rows=104 width=0)
	        Index Cond: ((k >= 4659042) AND (k <= 4659142))

table 7 : explain SELECT k, c FROM sbtest7 WHERE k BETWEEN 4659042 AND 4659142
	Bitmap Heap Scan on sbtest7  (cost=5.48..409.07 rows=102 width=125)
	  Recheck Cond: ((k >= 4659042) AND (k <= 4659142))
	  ->  Bitmap Index Scan on k_7  (cost=0.00..5.45 rows=102 width=0)
	        Index Cond: ((k >= 4659042) AND (k <= 4659142))

table 8 : explain SELECT k, c FROM sbtest8 WHERE k BETWEEN 4659042 AND 4659142
	Bitmap Heap Scan on sbtest8  (cost=5.58..448.42 rows=112 width=125)
	  Recheck Cond: ((k >= 4659042) AND (k <= 4659142))
	  ->  Bitmap Index Scan on k_8  (cost=0.00..5.55 rows=112 width=0)
	        Index Cond: ((k >= 4659042) AND (k <= 4659142))

for range-notcovered
table 1 : explain SELECT k, c FROM sbtest1 WHERE k BETWEEN 3603391 AND 3603491
	Bitmap Heap Scan on sbtest1  (cost=5.47..405.13 rows=101 width=125)
	  Recheck Cond: ((k >= 3603391) AND (k <= 3603491))
	  ->  Bitmap Index Scan on k_1  (cost=0.00..5.44 rows=101 width=0)
	        Index Cond: ((k >= 3603391) AND (k <= 3603491))

table 2 : explain SELECT k, c FROM sbtest2 WHERE k BETWEEN 3603391 AND 3603491
	Bitmap Heap Scan on sbtest2  (cost=5.47..405.13 rows=101 width=125)
	  Recheck Cond: ((k >= 3603391) AND (k <= 3603491))
	  ->  Bitmap Index Scan on k_2  (cost=0.00..5.44 rows=101 width=0)
	        Index Cond: ((k >= 3603391) AND (k <= 3603491))

table 3 : explain SELECT k, c FROM sbtest3 WHERE k BETWEEN 3603391 AND 3603491
	Bitmap Heap Scan on sbtest3  (cost=5.42..385.43 rows=96 width=125)
	  Recheck Cond: ((k >= 3603391) AND (k <= 3603491))
	  ->  Bitmap Index Scan on k_3  (cost=0.00..5.39 rows=96 width=0)
	        Index Cond: ((k >= 3603391) AND (k <= 3603491))

table 4 : explain SELECT k, c FROM sbtest4 WHERE k BETWEEN 3603391 AND 3603491
	Bitmap Heap Scan on sbtest4  (cost=5.48..409.07 rows=102 width=125)
	  Recheck Cond: ((k >= 3603391) AND (k <= 3603491))
	  ->  Bitmap Index Scan on k_4  (cost=0.00..5.45 rows=102 width=0)
	        Index Cond: ((k >= 3603391) AND (k <= 3603491))

table 5 : explain SELECT k, c FROM sbtest5 WHERE k BETWEEN 3603391 AND 3603491
	Bitmap Heap Scan on sbtest5  (cost=5.55..436.62 rows=109 width=125)
	  Recheck Cond: ((k >= 3603391) AND (k <= 3603491))
	  ->  Bitmap Index Scan on k_5  (cost=0.00..5.52 rows=109 width=0)
	        Index Cond: ((k >= 3603391) AND (k <= 3603491))

table 6 : explain SELECT k, c FROM sbtest6 WHERE k BETWEEN 3603391 AND 3603491
	Bitmap Heap Scan on sbtest6  (cost=5.46..401.19 rows=100 width=125)
	  Recheck Cond: ((k >= 3603391) AND (k <= 3603491))
	  ->  Bitmap Index Scan on k_6  (cost=0.00..5.43 rows=100 width=0)
	        Index Cond: ((k >= 3603391) AND (k <= 3603491))

table 7 : explain SELECT k, c FROM sbtest7 WHERE k BETWEEN 3603391 AND 3603491
	Bitmap Heap Scan on sbtest7  (cost=5.49..413.00 rows=103 width=125)
	  Recheck Cond: ((k >= 3603391) AND (k <= 3603491))
	  ->  Bitmap Index Scan on k_7  (cost=0.00..5.46 rows=103 width=0)
	        Index Cond: ((k >= 3603391) AND (k <= 3603491))

table 8 : explain SELECT k, c FROM sbtest8 WHERE k BETWEEN 3603391 AND 3603491
	Bitmap Heap Scan on sbtest8  (cost=5.48..409.07 rows=102 width=125)
	  Recheck Cond: ((k >= 3603391) AND (k <= 3603491))
	  ->  Bitmap Index Scan on k_8  (cost=0.00..5.45 rows=102 width=0)
	        Index Cond: ((k >= 3603391) AND (k <= 3603491))

explain: for range-notcovered :: explain SELECT k, c FROM sbtest%d WHERE k BETWEEN 4659042 AND 4659142
explain: for range-notcovered :: explain SELECT k, c FROM sbtest%d WHERE k BETWEEN 3603391 AND 3603491
for range-notcovered
table 1 : explain SELECT k, c FROM sbtest1 WHERE k BETWEEN 1897798 AND 1897898
	Bitmap Heap Scan on sbtest1  (cost=5.50..416.94 rows=104 width=125)
	  Recheck Cond: ((k >= 1897798) AND (k <= 1897898))
	  ->  Bitmap Index Scan on k_1  (cost=0.00..5.47 rows=104 width=0)
	        Index Cond: ((k >= 1897798) AND (k <= 1897898))

table 2 : explain SELECT k, c FROM sbtest2 WHERE k BETWEEN 1897798 AND 1897898
	Bitmap Heap Scan on sbtest2  (cost=5.40..377.55 rows=94 width=125)
	  Recheck Cond: ((k >= 1897798) AND (k <= 1897898))
	  ->  Bitmap Index Scan on k_2  (cost=0.00..5.38 rows=94 width=0)
	        Index Cond: ((k >= 1897798) AND (k <= 1897898))

table 3 : explain SELECT k, c FROM sbtest3 WHERE k BETWEEN 1897798 AND 1897898
	Bitmap Heap Scan on sbtest3  (cost=5.40..377.55 rows=94 width=125)
	  Recheck Cond: ((k >= 1897798) AND (k <= 1897898))
	  ->  Bitmap Index Scan on k_3  (cost=0.00..5.38 rows=94 width=0)
	        Index Cond: ((k >= 1897798) AND (k <= 1897898))

table 4 : explain SELECT k, c FROM sbtest4 WHERE k BETWEEN 1897798 AND 1897898
	Bitmap Heap Scan on sbtest4  (cost=5.45..397.25 rows=99 width=125)
	  Recheck Cond: ((k >= 1897798) AND (k <= 1897898))
	  ->  Bitmap Index Scan on k_4  (cost=0.00..5.42 rows=99 width=0)
	        Index Cond: ((k >= 1897798) AND (k <= 1897898))

table 5 : explain SELECT k, c FROM sbtest5 WHERE k BETWEEN 1897798 AND 1897898
	Bitmap Heap Scan on sbtest5  (cost=5.53..428.75 rows=107 width=125)
	  Recheck Cond: ((k >= 1897798) AND (k <= 1897898))
	  ->  Bitmap Index Scan on k_5  (cost=0.00..5.50 rows=107 width=0)
	        Index Cond: ((k >= 1897798) AND (k <= 1897898))

table 6 : explain SELECT k, c FROM sbtest6 WHERE k BETWEEN 1897798 AND 1897898
	Bitmap Heap Scan on sbtest6  (cost=5.51..420.88 rows=105 width=125)
	  Recheck Cond: ((k >= 1897798) AND (k <= 1897898))
	  ->  Bitmap Index Scan on k_6  (cost=0.00..5.48 rows=105 width=0)
	        Index Cond: ((k >= 1897798) AND (k <= 1897898))

table 7 : explain SELECT k, c FROM sbtest7 WHERE k BETWEEN 1897798 AND 1897898
	Bitmap Heap Scan on sbtest7  (cost=5.41..381.49 rows=95 width=125)
	  Recheck Cond: ((k >= 1897798) AND (k <= 1897898))
	  ->  Bitmap Index Scan on k_7  (cost=0.00..5.38 rows=95 width=0)
	        Index Cond: ((k >= 1897798) AND (k <= 1897898))

table 8 : explain SELECT k, c FROM sbtest8 WHERE k BETWEEN 1897798 AND 1897898
	Bitmap Heap Scan on sbtest8  (cost=5.45..397.25 rows=99 width=125)
	  Recheck Cond: ((k >= 1897798) AND (k <= 1897898))
	  ->  Bitmap Index Scan on k_8  (cost=0.00..5.42 rows=99 width=0)
	        Index Cond: ((k >= 1897798) AND (k <= 1897898))

explain: for range-notcovered :: explain SELECT k, c FROM sbtest%d WHERE k BETWEEN 1897798 AND 1897898
for range-notcovered
table 1 : explain SELECT k, c FROM sbtest1 WHERE k BETWEEN 5271883 AND 5271983
	Bitmap Heap Scan on sbtest1  (cost=5.37..365.72 rows=91 width=125)
	  Recheck Cond: ((k >= 5271883) AND (k <= 5271983))
	  ->  Bitmap Index Scan on k_1  (cost=0.00..5.34 rows=91 width=0)
	        Index Cond: ((k >= 5271883) AND (k <= 5271983))

table 2 : explain SELECT k, c FROM sbtest2 WHERE k BETWEEN 5271883 AND 5271983
	Bitmap Heap Scan on sbtest2  (cost=5.40..377.55 rows=94 width=125)
	  Recheck Cond: ((k >= 5271883) AND (k <= 5271983))
	  ->  Bitmap Index Scan on k_2  (cost=0.00..5.38 rows=94 width=0)
	        Index Cond: ((k >= 5271883) AND (k <= 5271983))

table 3 : explain SELECT k, c FROM sbtest3 WHERE k BETWEEN 5271883 AND 5271983
	Bitmap Heap Scan on sbtest3  (cost=5.50..416.94 rows=104 width=125)
	  Recheck Cond: ((k >= 5271883) AND (k <= 5271983))
	  ->  Bitmap Index Scan on k_3  (cost=0.00..5.47 rows=104 width=0)
	        Index Cond: ((k >= 5271883) AND (k <= 5271983))

table 4 : explain SELECT k, c FROM sbtest4 WHERE k BETWEEN 5271883 AND 5271983
	Bitmap Heap Scan on sbtest4  (cost=5.63..468.09 rows=117 width=125)
	  Recheck Cond: ((k >= 5271883) AND (k <= 5271983))
	  ->  Bitmap Index Scan on k_4  (cost=0.00..5.60 rows=117 width=0)
	        Index Cond: ((k >= 5271883) AND (k <= 5271983))

table 5 : explain SELECT k, c FROM sbtest5 WHERE k BETWEEN 5271883 AND 5271983
	Bitmap Heap Scan on sbtest5  (cost=5.41..381.49 rows=95 width=125)
	  Recheck Cond: ((k >= 5271883) AND (k <= 5271983))
	  ->  Bitmap Index Scan on k_5  (cost=0.00..5.38 rows=95 width=0)
	        Index Cond: ((k >= 5271883) AND (k <= 5271983))

table 6 : explain SELECT k, c FROM sbtest6 WHERE k BETWEEN 5271883 AND 5271983
	Bitmap Heap Scan on sbtest6  (cost=5.41..381.49 rows=95 width=125)
	  Recheck Cond: ((k >= 5271883) AND (k <= 5271983))
	  ->  Bitmap Index Scan on k_6  (cost=0.00..5.38 rows=95 width=0)
	        Index Cond: ((k >= 5271883) AND (k <= 5271983))

table 7 : explain SELECT k, c FROM sbtest7 WHERE k BETWEEN 5271883 AND 5271983
	Bitmap Heap Scan on sbtest7  (cost=5.45..397.25 rows=99 width=125)
	  Recheck Cond: ((k >= 5271883) AND (k <= 5271983))
	  ->  Bitmap Index Scan on k_7  (cost=0.00..5.42 rows=99 width=0)
	        Index Cond: ((k >= 5271883) AND (k <= 5271983))

table 8 : explain SELECT k, c FROM sbtest8 WHERE k BETWEEN 5271883 AND 5271983
	Bitmap Heap Scan on sbtest8  (cost=5.50..416.94 rows=104 width=125)
	  Recheck Cond: ((k >= 5271883) AND (k <= 5271983))
	  ->  Bitmap Index Scan on k_8  (cost=0.00..5.47 rows=104 width=0)
	        Index Cond: ((k >= 5271883) AND (k <= 5271983))

for range-notcovered
table 1 : explain SELECT k, c FROM sbtest1 WHERE k BETWEEN 4659042 AND 4659142
	Bitmap Heap Scan on sbtest1  (cost=5.54..432.69 rows=108 width=125)
	  Recheck Cond: ((k >= 4659042) AND (k <= 4659142))
	  ->  Bitmap Index Scan on k_1  (cost=0.00..5.51 rows=108 width=0)
	        Index Cond: ((k >= 4659042) AND (k <= 4659142))

table 2 : explain SELECT k, c FROM sbtest2 WHERE k BETWEEN 4659042 AND 4659142
	Bitmap Heap Scan on sbtest2  (cost=5.53..428.75 rows=107 width=125)
	  Recheck Cond: ((k >= 4659042) AND (k <= 4659142))
	  ->  Bitmap Index Scan on k_2  (cost=0.00..5.50 rows=107 width=0)
	        Index Cond: ((k >= 4659042) AND (k <= 4659142))

table 3 : explain SELECT k, c FROM sbtest3 WHERE k BETWEEN 4659042 AND 4659142
	Bitmap Heap Scan on sbtest3  (cost=5.55..436.62 rows=109 width=125)
	  Recheck Cond: ((k >= 4659042) AND (k <= 4659142))
	  ->  Bitmap Index Scan on k_3  (cost=0.00..5.52 rows=109 width=0)
	        Index Cond: ((k >= 4659042) AND (k <= 4659142))

table 4 : explain SELECT k, c FROM sbtest4 WHERE k BETWEEN 4659042 AND 4659142
	Bitmap Heap Scan on sbtest4  (cost=5.45..397.25 rows=99 width=125)
	  Recheck Cond: ((k >= 4659042) AND (k <= 4659142))
	  ->  Bitmap Index Scan on k_4  (cost=0.00..5.42 rows=99 width=0)
	        Index Cond: ((k >= 4659042) AND (k <= 4659142))

table 5 : explain SELECT k, c FROM sbtest5 WHERE k BETWEEN 4659042 AND 4659142
	Bitmap Heap Scan on sbtest5  (cost=5.44..393.31 rows=98 width=125)
	  Recheck Cond: ((k >= 4659042) AND (k <= 4659142))
	  ->  Bitmap Index Scan on k_5  (cost=0.00..5.42 rows=98 width=0)
	        Index Cond: ((k >= 4659042) AND (k <= 4659142))

table 6 : explain SELECT k, c FROM sbtest6 WHERE k BETWEEN 4659042 AND 4659142
	Bitmap Heap Scan on sbtest6  (cost=5.50..416.94 rows=104 width=125)
	  Recheck Cond: ((k >= 4659042) AND (k <= 4659142))
	  ->  Bitmap Index Scan on k_6  (cost=0.00..5.47 rows=104 width=0)
	        Index Cond: ((k >= 4659042) AND (k <= 4659142))

table 7 : explain SELECT k, c FROM sbtest7 WHERE k BETWEEN 4659042 AND 4659142
	Bitmap Heap Scan on sbtest7  (cost=5.48..409.07 rows=102 width=125)
	  Recheck Cond: ((k >= 4659042) AND (k <= 4659142))
	  ->  Bitmap Index Scan on k_7  (cost=0.00..5.45 rows=102 width=0)
	        Index Cond: ((k >= 4659042) AND (k <= 4659142))

table 8 : explain SELECT k, c FROM sbtest8 WHERE k BETWEEN 4659042 AND 4659142
	Bitmap Heap Scan on sbtest8  (cost=5.58..448.42 rows=112 width=125)
	  Recheck Cond: ((k >= 4659042) AND (k <= 4659142))
	  ->  Bitmap Index Scan on k_8  (cost=0.00..5.55 rows=112 width=0)
	        Index Cond: ((k >= 4659042) AND (k <= 4659142))

for range-notcovered
table 1 : explain SELECT k, c FROM sbtest1 WHERE k BETWEEN 3603391 AND 3603491
	Bitmap Heap Scan on sbtest1  (cost=5.47..405.13 rows=101 width=125)
	  Recheck Cond: ((k >= 3603391) AND (k <= 3603491))
	  ->  Bitmap Index Scan on k_1  (cost=0.00..5.44 rows=101 width=0)
	        Index Cond: ((k >= 3603391) AND (k <= 3603491))

table 2 : explain SELECT k, c FROM sbtest2 WHERE k BETWEEN 3603391 AND 3603491
	Bitmap Heap Scan on sbtest2  (cost=5.47..405.13 rows=101 width=125)
	  Recheck Cond: ((k >= 3603391) AND (k <= 3603491))
	  ->  Bitmap Index Scan on k_2  (cost=0.00..5.44 rows=101 width=0)
	        Index Cond: ((k >= 3603391) AND (k <= 3603491))

table 3 : explain SELECT k, c FROM sbtest3 WHERE k BETWEEN 3603391 AND 3603491
	Bitmap Heap Scan on sbtest3  (cost=5.42..385.43 rows=96 width=125)
	  Recheck Cond: ((k >= 3603391) AND (k <= 3603491))
	  ->  Bitmap Index Scan on k_3  (cost=0.00..5.39 rows=96 width=0)
	        Index Cond: ((k >= 3603391) AND (k <= 3603491))

table 4 : explain SELECT k, c FROM sbtest4 WHERE k BETWEEN 3603391 AND 3603491
	Bitmap Heap Scan on sbtest4  (cost=5.48..409.07 rows=102 width=125)
	  Recheck Cond: ((k >= 3603391) AND (k <= 3603491))
	  ->  Bitmap Index Scan on k_4  (cost=0.00..5.45 rows=102 width=0)
	        Index Cond: ((k >= 3603391) AND (k <= 3603491))

table 5 : explain SELECT k, c FROM sbtest5 WHERE k BETWEEN 3603391 AND 3603491
	Bitmap Heap Scan on sbtest5  (cost=5.55..436.62 rows=109 width=125)
	  Recheck Cond: ((k >= 3603391) AND (k <= 3603491))
	  ->  Bitmap Index Scan on k_5  (cost=0.00..5.52 rows=109 width=0)
	        Index Cond: ((k >= 3603391) AND (k <= 3603491))

table 6 : explain SELECT k, c FROM sbtest6 WHERE k BETWEEN 3603391 AND 3603491
	Bitmap Heap Scan on sbtest6  (cost=5.46..401.19 rows=100 width=125)
	  Recheck Cond: ((k >= 3603391) AND (k <= 3603491))
	  ->  Bitmap Index Scan on k_6  (cost=0.00..5.43 rows=100 width=0)
	        Index Cond: ((k >= 3603391) AND (k <= 3603491))

table 7 : explain SELECT k, c FROM sbtest7 WHERE k BETWEEN 3603391 AND 3603491
	Bitmap Heap Scan on sbtest7  (cost=5.49..413.00 rows=103 width=125)
	  Recheck Cond: ((k >= 3603391) AND (k <= 3603491))
	  ->  Bitmap Index Scan on k_7  (cost=0.00..5.46 rows=103 width=0)
	        Index Cond: ((k >= 3603391) AND (k <= 3603491))

table 8 : explain SELECT k, c FROM sbtest8 WHERE k BETWEEN 3603391 AND 3603491
	Bitmap Heap Scan on sbtest8  (cost=5.48..409.07 rows=102 width=125)
	  Recheck Cond: ((k >= 3603391) AND (k <= 3603491))
	  ->  Bitmap Index Scan on k_8  (cost=0.00..5.45 rows=102 width=0)
	        Index Cond: ((k >= 3603391) AND (k <= 3603491))

explain: for range-notcovered :: explain SELECT k, c FROM sbtest%d WHERE k BETWEEN 4659042 AND 4659142
explain: for range-notcovered :: explain SELECT k, c FROM sbtest%d WHERE k BETWEEN 3603391 AND 3603491
explain: for range-notcovered :: explain SELECT k, c FROM sbtest%d WHERE k BETWEEN 5271883 AND 5271983
for range-notcovered
table 1 : explain SELECT k, c FROM sbtest1 WHERE k BETWEEN 3603391 AND 3603491
	Bitmap Heap Scan on sbtest1  (cost=5.47..405.13 rows=101 width=125)
	  Recheck Cond: ((k >= 3603391) AND (k <= 3603491))
	  ->  Bitmap Index Scan on k_1  (cost=0.00..5.44 rows=101 width=0)
	        Index Cond: ((k >= 3603391) AND (k <= 3603491))

table 2 : explain SELECT k, c FROM sbtest2 WHERE k BETWEEN 3603391 AND 3603491
	Bitmap Heap Scan on sbtest2  (cost=5.47..405.13 rows=101 width=125)
	  Recheck Cond: ((k >= 3603391) AND (k <= 3603491))
	  ->  Bitmap Index Scan on k_2  (cost=0.00..5.44 rows=101 width=0)
	        Index Cond: ((k >= 3603391) AND (k <= 3603491))

table 3 : explain SELECT k, c FROM sbtest3 WHERE k BETWEEN 3603391 AND 3603491
	Bitmap Heap Scan on sbtest3  (cost=5.42..385.43 rows=96 width=125)
	  Recheck Cond: ((k >= 3603391) AND (k <= 3603491))
	  ->  Bitmap Index Scan on k_3  (cost=0.00..5.39 rows=96 width=0)
	        Index Cond: ((k >= 3603391) AND (k <= 3603491))

table 4 : explain SELECT k, c FROM sbtest4 WHERE k BETWEEN 3603391 AND 3603491
	Bitmap Heap Scan on sbtest4  (cost=5.48..409.07 rows=102 width=125)
	  Recheck Cond: ((k >= 3603391) AND (k <= 3603491))
	  ->  Bitmap Index Scan on k_4  (cost=0.00..5.45 rows=102 width=0)
	        Index Cond: ((k >= 3603391) AND (k <= 3603491))

table 5 : explain SELECT k, c FROM sbtest5 WHERE k BETWEEN 3603391 AND 3603491
	Bitmap Heap Scan on sbtest5  (cost=5.55..436.62 rows=109 width=125)
	  Recheck Cond: ((k >= 3603391) AND (k <= 3603491))
	  ->  Bitmap Index Scan on k_5  (cost=0.00..5.52 rows=109 width=0)
	        Index Cond: ((k >= 3603391) AND (k <= 3603491))

table 6 : explain SELECT k, c FROM sbtest6 WHERE k BETWEEN 3603391 AND 3603491
	Bitmap Heap Scan on sbtest6  (cost=5.46..401.19 rows=100 width=125)
	  Recheck Cond: ((k >= 3603391) AND (k <= 3603491))
	  ->  Bitmap Index Scan on k_6  (cost=0.00..5.43 rows=100 width=0)
	        Index Cond: ((k >= 3603391) AND (k <= 3603491))

table 7 : explain SELECT k, c FROM sbtest7 WHERE k BETWEEN 3603391 AND 3603491
	Bitmap Heap Scan on sbtest7  (cost=5.49..413.00 rows=103 width=125)
	  Recheck Cond: ((k >= 3603391) AND (k <= 3603491))
	  ->  Bitmap Index Scan on k_7  (cost=0.00..5.46 rows=103 width=0)
	        Index Cond: ((k >= 3603391) AND (k <= 3603491))

table 8 : explain SELECT k, c FROM sbtest8 WHERE k BETWEEN 3603391 AND 3603491
	Bitmap Heap Scan on sbtest8  (cost=5.48..409.07 rows=102 width=125)
	  Recheck Cond: ((k >= 3603391) AND (k <= 3603491))
	  ->  Bitmap Index Scan on k_8  (cost=0.00..5.45 rows=102 width=0)
	        Index Cond: ((k >= 3603391) AND (k <= 3603491))

for range-notcovered
table 1 : explain SELECT k, c FROM sbtest1 WHERE k BETWEEN 1897798 AND 1897898
	Bitmap Heap Scan on sbtest1  (cost=5.50..416.94 rows=104 width=125)
	  Recheck Cond: ((k >= 1897798) AND (k <= 1897898))
	  ->  Bitmap Index Scan on k_1  (cost=0.00..5.47 rows=104 width=0)
	        Index Cond: ((k >= 1897798) AND (k <= 1897898))

table 2 : explain SELECT k, c FROM sbtest2 WHERE k BETWEEN 1897798 AND 1897898
	Bitmap Heap Scan on sbtest2  (cost=5.40..377.55 rows=94 width=125)
	  Recheck Cond: ((k >= 1897798) AND (k <= 1897898))
	  ->  Bitmap Index Scan on k_2  (cost=0.00..5.38 rows=94 width=0)
	        Index Cond: ((k >= 1897798) AND (k <= 1897898))

table 3 : explain SELECT k, c FROM sbtest3 WHERE k BETWEEN 1897798 AND 1897898
	Bitmap Heap Scan on sbtest3  (cost=5.40..377.55 rows=94 width=125)
	  Recheck Cond: ((k >= 1897798) AND (k <= 1897898))
	  ->  Bitmap Index Scan on k_3  (cost=0.00..5.38 rows=94 width=0)
	        Index Cond: ((k >= 1897798) AND (k <= 1897898))

table 4 : explain SELECT k, c FROM sbtest4 WHERE k BETWEEN 1897798 AND 1897898
	Bitmap Heap Scan on sbtest4  (cost=5.45..397.25 rows=99 width=125)
	  Recheck Cond: ((k >= 1897798) AND (k <= 1897898))
	  ->  Bitmap Index Scan on k_4  (cost=0.00..5.42 rows=99 width=0)
	        Index Cond: ((k >= 1897798) AND (k <= 1897898))

table 5 : explain SELECT k, c FROM sbtest5 WHERE k BETWEEN 1897798 AND 1897898
	Bitmap Heap Scan on sbtest5  (cost=5.53..428.75 rows=107 width=125)
	  Recheck Cond: ((k >= 1897798) AND (k <= 1897898))
	  ->  Bitmap Index Scan on k_5  (cost=0.00..5.50 rows=107 width=0)
	        Index Cond: ((k >= 1897798) AND (k <= 1897898))

table 6 : explain SELECT k, c FROM sbtest6 WHERE k BETWEEN 1897798 AND 1897898
	Bitmap Heap Scan on sbtest6  (cost=5.51..420.88 rows=105 width=125)
	  Recheck Cond: ((k >= 1897798) AND (k <= 1897898))
	  ->  Bitmap Index Scan on k_6  (cost=0.00..5.48 rows=105 width=0)
	        Index Cond: ((k >= 1897798) AND (k <= 1897898))

table 7 : explain SELECT k, c FROM sbtest7 WHERE k BETWEEN 1897798 AND 1897898
	Bitmap Heap Scan on sbtest7  (cost=5.41..381.49 rows=95 width=125)
	  Recheck Cond: ((k >= 1897798) AND (k <= 1897898))
	  ->  Bitmap Index Scan on k_7  (cost=0.00..5.38 rows=95 width=0)
	        Index Cond: ((k >= 1897798) AND (k <= 1897898))

table 8 : explain SELECT k, c FROM sbtest8 WHERE k BETWEEN 1897798 AND 1897898
	Bitmap Heap Scan on sbtest8  (cost=5.45..397.25 rows=99 width=125)
	  Recheck Cond: ((k >= 1897798) AND (k <= 1897898))
	  ->  Bitmap Index Scan on k_8  (cost=0.00..5.42 rows=99 width=0)
	        Index Cond: ((k >= 1897798) AND (k <= 1897898))

explain: for range-notcovered :: explain SELECT k, c FROM sbtest%d WHERE k BETWEEN 3603391 AND 3603491
explain: for range-notcovered :: explain SELECT k, c FROM sbtest%d WHERE k BETWEEN 1897798 AND 1897898
for range-notcovered
table 1 : explain SELECT k, c FROM sbtest1 WHERE k BETWEEN 4659042 AND 4659142
	Bitmap Heap Scan on sbtest1  (cost=5.54..432.69 rows=108 width=125)
	  Recheck Cond: ((k >= 4659042) AND (k <= 4659142))
	  ->  Bitmap Index Scan on k_1  (cost=0.00..5.51 rows=108 width=0)
	        Index Cond: ((k >= 4659042) AND (k <= 4659142))

table 2 : explain SELECT k, c FROM sbtest2 WHERE k BETWEEN 4659042 AND 4659142
	Bitmap Heap Scan on sbtest2  (cost=5.53..428.75 rows=107 width=125)
	  Recheck Cond: ((k >= 4659042) AND (k <= 4659142))
	  ->  Bitmap Index Scan on k_2  (cost=0.00..5.50 rows=107 width=0)
	        Index Cond: ((k >= 4659042) AND (k <= 4659142))

table 3 : explain SELECT k, c FROM sbtest3 WHERE k BETWEEN 4659042 AND 4659142
	Bitmap Heap Scan on sbtest3  (cost=5.55..436.62 rows=109 width=125)
	  Recheck Cond: ((k >= 4659042) AND (k <= 4659142))
	  ->  Bitmap Index Scan on k_3  (cost=0.00..5.52 rows=109 width=0)
	        Index Cond: ((k >= 4659042) AND (k <= 4659142))

table 4 : explain SELECT k, c FROM sbtest4 WHERE k BETWEEN 4659042 AND 4659142
	Bitmap Heap Scan on sbtest4  (cost=5.45..397.25 rows=99 width=125)
	  Recheck Cond: ((k >= 4659042) AND (k <= 4659142))
	  ->  Bitmap Index Scan on k_4  (cost=0.00..5.42 rows=99 width=0)
	        Index Cond: ((k >= 4659042) AND (k <= 4659142))

table 5 : explain SELECT k, c FROM sbtest5 WHERE k BETWEEN 4659042 AND 4659142
	Bitmap Heap Scan on sbtest5  (cost=5.44..393.31 rows=98 width=125)
	  Recheck Cond: ((k >= 4659042) AND (k <= 4659142))
	  ->  Bitmap Index Scan on k_5  (cost=0.00..5.42 rows=98 width=0)
	        Index Cond: ((k >= 4659042) AND (k <= 4659142))

table 6 : explain SELECT k, c FROM sbtest6 WHERE k BETWEEN 4659042 AND 4659142
	Bitmap Heap Scan on sbtest6  (cost=5.50..416.94 rows=104 width=125)
	  Recheck Cond: ((k >= 4659042) AND (k <= 4659142))
	  ->  Bitmap Index Scan on k_6  (cost=0.00..5.47 rows=104 width=0)
	        Index Cond: ((k >= 4659042) AND (k <= 4659142))

table 7 : explain SELECT k, c FROM sbtest7 WHERE k BETWEEN 4659042 AND 4659142
	Bitmap Heap Scan on sbtest7  (cost=5.48..409.07 rows=102 width=125)
	  Recheck Cond: ((k >= 4659042) AND (k <= 4659142))
	  ->  Bitmap Index Scan on k_7  (cost=0.00..5.45 rows=102 width=0)
	        Index Cond: ((k >= 4659042) AND (k <= 4659142))

table 8 : explain SELECT k, c FROM sbtest8 WHERE k BETWEEN 4659042 AND 4659142
	Bitmap Heap Scan on sbtest8  (cost=5.58..448.42 rows=112 width=125)
	  Recheck Cond: ((k >= 4659042) AND (k <= 4659142))
	  ->  Bitmap Index Scan on k_8  (cost=0.00..5.55 rows=112 width=0)
	        Index Cond: ((k >= 4659042) AND (k <= 4659142))

explain: for range-notcovered :: explain SELECT k, c FROM sbtest%d WHERE k BETWEEN 4659042 AND 4659142
for range-notcovered
table 1 : explain SELECT k, c FROM sbtest1 WHERE k BETWEEN 3603391 AND 3603491
	Bitmap Heap Scan on sbtest1  (cost=5.47..405.13 rows=101 width=125)
	  Recheck Cond: ((k >= 3603391) AND (k <= 3603491))
	  ->  Bitmap Index Scan on k_1  (cost=0.00..5.44 rows=101 width=0)
	        Index Cond: ((k >= 3603391) AND (k <= 3603491))

table 2 : explain SELECT k, c FROM sbtest2 WHERE k BETWEEN 3603391 AND 3603491
	Bitmap Heap Scan on sbtest2  (cost=5.47..405.13 rows=101 width=125)
	  Recheck Cond: ((k >= 3603391) AND (k <= 3603491))
	  ->  Bitmap Index Scan on k_2  (cost=0.00..5.44 rows=101 width=0)
	        Index Cond: ((k >= 3603391) AND (k <= 3603491))

table 3 : explain SELECT k, c FROM sbtest3 WHERE k BETWEEN 3603391 AND 3603491
	Bitmap Heap Scan on sbtest3  (cost=5.42..385.43 rows=96 width=125)
	  Recheck Cond: ((k >= 3603391) AND (k <= 3603491))
	  ->  Bitmap Index Scan on k_3  (cost=0.00..5.39 rows=96 width=0)
	        Index Cond: ((k >= 3603391) AND (k <= 3603491))

table 4 : explain SELECT k, c FROM sbtest4 WHERE k BETWEEN 3603391 AND 3603491
	Bitmap Heap Scan on sbtest4  (cost=5.48..409.07 rows=102 width=125)
	  Recheck Cond: ((k >= 3603391) AND (k <= 3603491))
	  ->  Bitmap Index Scan on k_4  (cost=0.00..5.45 rows=102 width=0)
	        Index Cond: ((k >= 3603391) AND (k <= 3603491))

table 5 : explain SELECT k, c FROM sbtest5 WHERE k BETWEEN 3603391 AND 3603491
	Bitmap Heap Scan on sbtest5  (cost=5.55..436.62 rows=109 width=125)
	  Recheck Cond: ((k >= 3603391) AND (k <= 3603491))
	  ->  Bitmap Index Scan on k_5  (cost=0.00..5.52 rows=109 width=0)
	        Index Cond: ((k >= 3603391) AND (k <= 3603491))

table 6 : explain SELECT k, c FROM sbtest6 WHERE k BETWEEN 3603391 AND 3603491
	Bitmap Heap Scan on sbtest6  (cost=5.46..401.19 rows=100 width=125)
	  Recheck Cond: ((k >= 3603391) AND (k <= 3603491))
	  ->  Bitmap Index Scan on k_6  (cost=0.00..5.43 rows=100 width=0)
	        Index Cond: ((k >= 3603391) AND (k <= 3603491))

table 7 : explain SELECT k, c FROM sbtest7 WHERE k BETWEEN 3603391 AND 3603491
	Bitmap Heap Scan on sbtest7  (cost=5.49..413.00 rows=103 width=125)
	  Recheck Cond: ((k >= 3603391) AND (k <= 3603491))
	  ->  Bitmap Index Scan on k_7  (cost=0.00..5.46 rows=103 width=0)
	        Index Cond: ((k >= 3603391) AND (k <= 3603491))

table 8 : explain SELECT k, c FROM sbtest8 WHERE k BETWEEN 3603391 AND 3603491
	Bitmap Heap Scan on sbtest8  (cost=5.48..409.07 rows=102 width=125)
	  Recheck Cond: ((k >= 3603391) AND (k <= 3603491))
	  ->  Bitmap Index Scan on k_8  (cost=0.00..5.45 rows=102 width=0)
	        Index Cond: ((k >= 3603391) AND (k <= 3603491))

for range-notcovered
table 1 : explain SELECT k, c FROM sbtest1 WHERE k BETWEEN 4659042 AND 4659142
	Bitmap Heap Scan on sbtest1  (cost=5.54..432.69 rows=108 width=125)
	  Recheck Cond: ((k >= 4659042) AND (k <= 4659142))
	  ->  Bitmap Index Scan on k_1  (cost=0.00..5.51 rows=108 width=0)
	        Index Cond: ((k >= 4659042) AND (k <= 4659142))

table 2 : explain SELECT k, c FROM sbtest2 WHERE k BETWEEN 4659042 AND 4659142
	Bitmap Heap Scan on sbtest2  (cost=5.53..428.75 rows=107 width=125)
	  Recheck Cond: ((k >= 4659042) AND (k <= 4659142))
	  ->  Bitmap Index Scan on k_2  (cost=0.00..5.50 rows=107 width=0)
	        Index Cond: ((k >= 4659042) AND (k <= 4659142))

table 3 : explain SELECT k, c FROM sbtest3 WHERE k BETWEEN 4659042 AND 4659142
	Bitmap Heap Scan on sbtest3  (cost=5.55..436.62 rows=109 width=125)
	  Recheck Cond: ((k >= 4659042) AND (k <= 4659142))
	  ->  Bitmap Index Scan on k_3  (cost=0.00..5.52 rows=109 width=0)
	        Index Cond: ((k >= 4659042) AND (k <= 4659142))

table 4 : explain SELECT k, c FROM sbtest4 WHERE k BETWEEN 4659042 AND 4659142
	Bitmap Heap Scan on sbtest4  (cost=5.45..397.25 rows=99 width=125)
	  Recheck Cond: ((k >= 4659042) AND (k <= 4659142))
	  ->  Bitmap Index Scan on k_4  (cost=0.00..5.42 rows=99 width=0)
	        Index Cond: ((k >= 4659042) AND (k <= 4659142))

table 5 : explain SELECT k, c FROM sbtest5 WHERE k BETWEEN 4659042 AND 4659142
	Bitmap Heap Scan on sbtest5  (cost=5.44..393.31 rows=98 width=125)
	  Recheck Cond: ((k >= 4659042) AND (k <= 4659142))
	  ->  Bitmap Index Scan on k_5  (cost=0.00..5.42 rows=98 width=0)
	        Index Cond: ((k >= 4659042) AND (k <= 4659142))

table 6 : explain SELECT k, c FROM sbtest6 WHERE k BETWEEN 4659042 AND 4659142
	Bitmap Heap Scan on sbtest6  (cost=5.50..416.94 rows=104 width=125)
	  Recheck Cond: ((k >= 4659042) AND (k <= 4659142))
	  ->  Bitmap Index Scan on k_6  (cost=0.00..5.47 rows=104 width=0)
	        Index Cond: ((k >= 4659042) AND (k <= 4659142))

table 7 : explain SELECT k, c FROM sbtest7 WHERE k BETWEEN 4659042 AND 4659142
	Bitmap Heap Scan on sbtest7  (cost=5.48..409.07 rows=102 width=125)
	  Recheck Cond: ((k >= 4659042) AND (k <= 4659142))
	  ->  Bitmap Index Scan on k_7  (cost=0.00..5.45 rows=102 width=0)
	        Index Cond: ((k >= 4659042) AND (k <= 4659142))

table 8 : explain SELECT k, c FROM sbtest8 WHERE k BETWEEN 4659042 AND 4659142
	Bitmap Heap Scan on sbtest8  (cost=5.58..448.42 rows=112 width=125)
	  Recheck Cond: ((k >= 4659042) AND (k <= 4659142))
	  ->  Bitmap Index Scan on k_8  (cost=0.00..5.55 rows=112 width=0)
	        Index Cond: ((k >= 4659042) AND (k <= 4659142))

explain: for range-notcovered :: explain SELECT k, c FROM sbtest%d WHERE k BETWEEN 3603391 AND 3603491
explain: for range-notcovered :: explain SELECT k, c FROM sbtest%d WHERE k BETWEEN 4659042 AND 4659142
for range-notcovered
table 1 : explain SELECT k, c FROM sbtest1 WHERE k BETWEEN 3603391 AND 3603491
	Bitmap Heap Scan on sbtest1  (cost=5.47..405.13 rows=101 width=125)
	  Recheck Cond: ((k >= 3603391) AND (k <= 3603491))
	  ->  Bitmap Index Scan on k_1  (cost=0.00..5.44 rows=101 width=0)
	        Index Cond: ((k >= 3603391) AND (k <= 3603491))

table 2 : explain SELECT k, c FROM sbtest2 WHERE k BETWEEN 3603391 AND 3603491
	Bitmap Heap Scan on sbtest2  (cost=5.47..405.13 rows=101 width=125)
	  Recheck Cond: ((k >= 3603391) AND (k <= 3603491))
	  ->  Bitmap Index Scan on k_2  (cost=0.00..5.44 rows=101 width=0)
	        Index Cond: ((k >= 3603391) AND (k <= 3603491))

table 3 : explain SELECT k, c FROM sbtest3 WHERE k BETWEEN 3603391 AND 3603491
	Bitmap Heap Scan on sbtest3  (cost=5.42..385.43 rows=96 width=125)
	  Recheck Cond: ((k >= 3603391) AND (k <= 3603491))
	  ->  Bitmap Index Scan on k_3  (cost=0.00..5.39 rows=96 width=0)
	        Index Cond: ((k >= 3603391) AND (k <= 3603491))

table 4 : explain SELECT k, c FROM sbtest4 WHERE k BETWEEN 3603391 AND 3603491
	Bitmap Heap Scan on sbtest4  (cost=5.48..409.07 rows=102 width=125)
	  Recheck Cond: ((k >= 3603391) AND (k <= 3603491))
	  ->  Bitmap Index Scan on k_4  (cost=0.00..5.45 rows=102 width=0)
	        Index Cond: ((k >= 3603391) AND (k <= 3603491))

table 5 : explain SELECT k, c FROM sbtest5 WHERE k BETWEEN 3603391 AND 3603491
	Bitmap Heap Scan on sbtest5  (cost=5.55..436.62 rows=109 width=125)
	  Recheck Cond: ((k >= 3603391) AND (k <= 3603491))
	  ->  Bitmap Index Scan on k_5  (cost=0.00..5.52 rows=109 width=0)
	        Index Cond: ((k >= 3603391) AND (k <= 3603491))

table 6 : explain SELECT k, c FROM sbtest6 WHERE k BETWEEN 3603391 AND 3603491
	Bitmap Heap Scan on sbtest6  (cost=5.46..401.19 rows=100 width=125)
	  Recheck Cond: ((k >= 3603391) AND (k <= 3603491))
	  ->  Bitmap Index Scan on k_6  (cost=0.00..5.43 rows=100 width=0)
	        Index Cond: ((k >= 3603391) AND (k <= 3603491))

table 7 : explain SELECT k, c FROM sbtest7 WHERE k BETWEEN 3603391 AND 3603491
	Bitmap Heap Scan on sbtest7  (cost=5.49..413.00 rows=103 width=125)
	  Recheck Cond: ((k >= 3603391) AND (k <= 3603491))
	  ->  Bitmap Index Scan on k_7  (cost=0.00..5.46 rows=103 width=0)
	        Index Cond: ((k >= 3603391) AND (k <= 3603491))

table 8 : explain SELECT k, c FROM sbtest8 WHERE k BETWEEN 3603391 AND 3603491
	Bitmap Heap Scan on sbtest8  (cost=5.48..409.07 rows=102 width=125)
	  Recheck Cond: ((k >= 3603391) AND (k <= 3603491))
	  ->  Bitmap Index Scan on k_8  (cost=0.00..5.45 rows=102 width=0)
	        Index Cond: ((k >= 3603391) AND (k <= 3603491))

explain: for range-notcovered :: explain SELECT k, c FROM sbtest%d WHERE k BETWEEN 6769575 AND 6769675
explain: for range-notcovered :: explain SELECT k, c FROM sbtest%d WHERE k BETWEEN 3603391 AND 3603491
for range-notcovered
table 1 : explain SELECT k, c FROM sbtest1 WHERE k BETWEEN 4659042 AND 4659142
	Bitmap Heap Scan on sbtest1  (cost=5.54..432.69 rows=108 width=125)
	  Recheck Cond: ((k >= 4659042) AND (k <= 4659142))
	  ->  Bitmap Index Scan on k_1  (cost=0.00..5.51 rows=108 width=0)
	        Index Cond: ((k >= 4659042) AND (k <= 4659142))

table 2 : explain SELECT k, c FROM sbtest2 WHERE k BETWEEN 4659042 AND 4659142
	Bitmap Heap Scan on sbtest2  (cost=5.53..428.75 rows=107 width=125)
	  Recheck Cond: ((k >= 4659042) AND (k <= 4659142))
	  ->  Bitmap Index Scan on k_2  (cost=0.00..5.50 rows=107 width=0)
	        Index Cond: ((k >= 4659042) AND (k <= 4659142))

table 3 : explain SELECT k, c FROM sbtest3 WHERE k BETWEEN 4659042 AND 4659142
	Bitmap Heap Scan on sbtest3  (cost=5.55..436.62 rows=109 width=125)
	  Recheck Cond: ((k >= 4659042) AND (k <= 4659142))
	  ->  Bitmap Index Scan on k_3  (cost=0.00..5.52 rows=109 width=0)
	        Index Cond: ((k >= 4659042) AND (k <= 4659142))

table 4 : explain SELECT k, c FROM sbtest4 WHERE k BETWEEN 4659042 AND 4659142
	Bitmap Heap Scan on sbtest4  (cost=5.45..397.25 rows=99 width=125)
	  Recheck Cond: ((k >= 4659042) AND (k <= 4659142))
	  ->  Bitmap Index Scan on k_4  (cost=0.00..5.42 rows=99 width=0)
	        Index Cond: ((k >= 4659042) AND (k <= 4659142))

table 5 : explain SELECT k, c FROM sbtest5 WHERE k BETWEEN 4659042 AND 4659142
	Bitmap Heap Scan on sbtest5  (cost=5.44..393.31 rows=98 width=125)
	  Recheck Cond: ((k >= 4659042) AND (k <= 4659142))
	  ->  Bitmap Index Scan on k_5  (cost=0.00..5.42 rows=98 width=0)
	        Index Cond: ((k >= 4659042) AND (k <= 4659142))

table 6 : explain SELECT k, c FROM sbtest6 WHERE k BETWEEN 4659042 AND 4659142
	Bitmap Heap Scan on sbtest6  (cost=5.50..416.94 rows=104 width=125)
	  Recheck Cond: ((k >= 4659042) AND (k <= 4659142))
	  ->  Bitmap Index Scan on k_6  (cost=0.00..5.47 rows=104 width=0)
	        Index Cond: ((k >= 4659042) AND (k <= 4659142))

table 7 : explain SELECT k, c FROM sbtest7 WHERE k BETWEEN 4659042 AND 4659142
	Bitmap Heap Scan on sbtest7  (cost=5.48..409.07 rows=102 width=125)
	  Recheck Cond: ((k >= 4659042) AND (k <= 4659142))
	  ->  Bitmap Index Scan on k_7  (cost=0.00..5.45 rows=102 width=0)
	        Index Cond: ((k >= 4659042) AND (k <= 4659142))

table 8 : explain SELECT k, c FROM sbtest8 WHERE k BETWEEN 4659042 AND 4659142
	Bitmap Heap Scan on sbtest8  (cost=5.58..448.42 rows=112 width=125)
	  Recheck Cond: ((k >= 4659042) AND (k <= 4659142))
	  ->  Bitmap Index Scan on k_8  (cost=0.00..5.55 rows=112 width=0)
	        Index Cond: ((k >= 4659042) AND (k <= 4659142))

explain: for range-notcovered :: explain SELECT k, c FROM sbtest%d WHERE k BETWEEN 4659042 AND 4659142
for range-notcovered
table 1 : explain SELECT k, c FROM sbtest1 WHERE k BETWEEN 2655504 AND 2655604
	Bitmap Heap Scan on sbtest1  (cost=5.49..413.00 rows=103 width=125)
	  Recheck Cond: ((k >= 2655504) AND (k <= 2655604))
	  ->  Bitmap Index Scan on k_1  (cost=0.00..5.46 rows=103 width=0)
	        Index Cond: ((k >= 2655504) AND (k <= 2655604))

table 2 : explain SELECT k, c FROM sbtest2 WHERE k BETWEEN 2655504 AND 2655604
	Bitmap Heap Scan on sbtest2  (cost=5.32..346.00 rows=86 width=125)
	  Recheck Cond: ((k >= 2655504) AND (k <= 2655604))
	  ->  Bitmap Index Scan on k_2  (cost=0.00..5.29 rows=86 width=0)
	        Index Cond: ((k >= 2655504) AND (k <= 2655604))

table 3 : explain SELECT k, c FROM sbtest3 WHERE k BETWEEN 2655504 AND 2655604
	Bitmap Heap Scan on sbtest3  (cost=5.41..381.49 rows=95 width=125)
	  Recheck Cond: ((k >= 2655504) AND (k <= 2655604))
	  ->  Bitmap Index Scan on k_3  (cost=0.00..5.38 rows=95 width=0)
	        Index Cond: ((k >= 2655504) AND (k <= 2655604))

table 4 : explain SELECT k, c FROM sbtest4 WHERE k BETWEEN 2655504 AND 2655604
	Bitmap Heap Scan on sbtest4  (cost=5.48..409.07 rows=102 width=125)
	  Recheck Cond: ((k >= 2655504) AND (k <= 2655604))
	  ->  Bitmap Index Scan on k_4  (cost=0.00..5.45 rows=102 width=0)
	        Index Cond: ((k >= 2655504) AND (k <= 2655604))

table 5 : explain SELECT k, c FROM sbtest5 WHERE k BETWEEN 2655504 AND 2655604
	Bitmap Heap Scan on sbtest5  (cost=5.47..405.13 rows=101 width=125)
	  Recheck Cond: ((k >= 2655504) AND (k <= 2655604))
	  ->  Bitmap Index Scan on k_5  (cost=0.00..5.44 rows=101 width=0)
	        Index Cond: ((k >= 2655504) AND (k <= 2655604))

table 6 : explain SELECT k, c FROM sbtest6 WHERE k BETWEEN 2655504 AND 2655604
	Bitmap Heap Scan on sbtest6  (cost=5.59..452.36 rows=113 width=125)
	  Recheck Cond: ((k >= 2655504) AND (k <= 2655604))
	  ->  Bitmap Index Scan on k_6  (cost=0.00..5.56 rows=113 width=0)
	        Index Cond: ((k >= 2655504) AND (k <= 2655604))

table 7 : explain SELECT k, c FROM sbtest7 WHERE k BETWEEN 2655504 AND 2655604
	Bitmap Heap Scan on sbtest7  (cost=5.44..393.31 rows=98 width=125)
	  Recheck Cond: ((k >= 2655504) AND (k <= 2655604))
	  ->  Bitmap Index Scan on k_7  (cost=0.00..5.42 rows=98 width=0)
	        Index Cond: ((k >= 2655504) AND (k <= 2655604))

table 8 : explain SELECT k, c FROM sbtest8 WHERE k BETWEEN 2655504 AND 2655604
	Bitmap Heap Scan on sbtest8  (cost=5.50..416.94 rows=104 width=125)
	  Recheck Cond: ((k >= 2655504) AND (k <= 2655604))
	  ->  Bitmap Index Scan on k_8  (cost=0.00..5.47 rows=104 width=0)
	        Index Cond: ((k >= 2655504) AND (k <= 2655604))

for range-notcovered
table 1 : explain SELECT k, c FROM sbtest1 WHERE k BETWEEN 3603391 AND 3603491
	Bitmap Heap Scan on sbtest1  (cost=5.47..405.13 rows=101 width=125)
	  Recheck Cond: ((k >= 3603391) AND (k <= 3603491))
	  ->  Bitmap Index Scan on k_1  (cost=0.00..5.44 rows=101 width=0)
	        Index Cond: ((k >= 3603391) AND (k <= 3603491))

table 2 : explain SELECT k, c FROM sbtest2 WHERE k BETWEEN 3603391 AND 3603491
	Bitmap Heap Scan on sbtest2  (cost=5.47..405.13 rows=101 width=125)
	  Recheck Cond: ((k >= 3603391) AND (k <= 3603491))
	  ->  Bitmap Index Scan on k_2  (cost=0.00..5.44 rows=101 width=0)
	        Index Cond: ((k >= 3603391) AND (k <= 3603491))

table 3 : explain SELECT k, c FROM sbtest3 WHERE k BETWEEN 3603391 AND 3603491
	Bitmap Heap Scan on sbtest3  (cost=5.42..385.43 rows=96 width=125)
	  Recheck Cond: ((k >= 3603391) AND (k <= 3603491))
	  ->  Bitmap Index Scan on k_3  (cost=0.00..5.39 rows=96 width=0)
	        Index Cond: ((k >= 3603391) AND (k <= 3603491))

table 4 : explain SELECT k, c FROM sbtest4 WHERE k BETWEEN 3603391 AND 3603491
	Bitmap Heap Scan on sbtest4  (cost=5.48..409.07 rows=102 width=125)
	  Recheck Cond: ((k >= 3603391) AND (k <= 3603491))
	  ->  Bitmap Index Scan on k_4  (cost=0.00..5.45 rows=102 width=0)
	        Index Cond: ((k >= 3603391) AND (k <= 3603491))

table 5 : explain SELECT k, c FROM sbtest5 WHERE k BETWEEN 3603391 AND 3603491
	Bitmap Heap Scan on sbtest5  (cost=5.55..436.62 rows=109 width=125)
	  Recheck Cond: ((k >= 3603391) AND (k <= 3603491))
	  ->  Bitmap Index Scan on k_5  (cost=0.00..5.52 rows=109 width=0)
	        Index Cond: ((k >= 3603391) AND (k <= 3603491))

table 6 : explain SELECT k, c FROM sbtest6 WHERE k BETWEEN 3603391 AND 3603491
	Bitmap Heap Scan on sbtest6  (cost=5.46..401.19 rows=100 width=125)
	  Recheck Cond: ((k >= 3603391) AND (k <= 3603491))
	  ->  Bitmap Index Scan on k_6  (cost=0.00..5.43 rows=100 width=0)
	        Index Cond: ((k >= 3603391) AND (k <= 3603491))

table 7 : explain SELECT k, c FROM sbtest7 WHERE k BETWEEN 3603391 AND 3603491
	Bitmap Heap Scan on sbtest7  (cost=5.49..413.00 rows=103 width=125)
	  Recheck Cond: ((k >= 3603391) AND (k <= 3603491))
	  ->  Bitmap Index Scan on k_7  (cost=0.00..5.46 rows=103 width=0)
	        Index Cond: ((k >= 3603391) AND (k <= 3603491))

table 8 : explain SELECT k, c FROM sbtest8 WHERE k BETWEEN 3603391 AND 3603491
	Bitmap Heap Scan on sbtest8  (cost=5.48..409.07 rows=102 width=125)
	  Recheck Cond: ((k >= 3603391) AND (k <= 3603491))
	  ->  Bitmap Index Scan on k_8  (cost=0.00..5.45 rows=102 width=0)
	        Index Cond: ((k >= 3603391) AND (k <= 3603491))

for range-notcovered
table 1 : explain SELECT k, c FROM sbtest1 WHERE k BETWEEN 4659042 AND 4659142
	Bitmap Heap Scan on sbtest1  (cost=5.54..432.69 rows=108 width=125)
	  Recheck Cond: ((k >= 4659042) AND (k <= 4659142))
	  ->  Bitmap Index Scan on k_1  (cost=0.00..5.51 rows=108 width=0)
	        Index Cond: ((k >= 4659042) AND (k <= 4659142))

table 2 : explain SELECT k, c FROM sbtest2 WHERE k BETWEEN 4659042 AND 4659142
	Bitmap Heap Scan on sbtest2  (cost=5.53..428.75 rows=107 width=125)
	  Recheck Cond: ((k >= 4659042) AND (k <= 4659142))
	  ->  Bitmap Index Scan on k_2  (cost=0.00..5.50 rows=107 width=0)
	        Index Cond: ((k >= 4659042) AND (k <= 4659142))

table 3 : explain SELECT k, c FROM sbtest3 WHERE k BETWEEN 4659042 AND 4659142
	Bitmap Heap Scan on sbtest3  (cost=5.55..436.62 rows=109 width=125)
	  Recheck Cond: ((k >= 4659042) AND (k <= 4659142))
	  ->  Bitmap Index Scan on k_3  (cost=0.00..5.52 rows=109 width=0)
	        Index Cond: ((k >= 4659042) AND (k <= 4659142))

table 4 : explain SELECT k, c FROM sbtest4 WHERE k BETWEEN 4659042 AND 4659142
	Bitmap Heap Scan on sbtest4  (cost=5.45..397.25 rows=99 width=125)
	  Recheck Cond: ((k >= 4659042) AND (k <= 4659142))
	  ->  Bitmap Index Scan on k_4  (cost=0.00..5.42 rows=99 width=0)
	        Index Cond: ((k >= 4659042) AND (k <= 4659142))

table 5 : explain SELECT k, c FROM sbtest5 WHERE k BETWEEN 4659042 AND 4659142
	Bitmap Heap Scan on sbtest5  (cost=5.44..393.31 rows=98 width=125)
	  Recheck Cond: ((k >= 4659042) AND (k <= 4659142))
	  ->  Bitmap Index Scan on k_5  (cost=0.00..5.42 rows=98 width=0)
	        Index Cond: ((k >= 4659042) AND (k <= 4659142))

table 6 : explain SELECT k, c FROM sbtest6 WHERE k BETWEEN 4659042 AND 4659142
	Bitmap Heap Scan on sbtest6  (cost=5.50..416.94 rows=104 width=125)
	  Recheck Cond: ((k >= 4659042) AND (k <= 4659142))
	  ->  Bitmap Index Scan on k_6  (cost=0.00..5.47 rows=104 width=0)
	        Index Cond: ((k >= 4659042) AND (k <= 4659142))

table 7 : explain SELECT k, c FROM sbtest7 WHERE k BETWEEN 4659042 AND 4659142
	Bitmap Heap Scan on sbtest7  (cost=5.48..409.07 rows=102 width=125)
	  Recheck Cond: ((k >= 4659042) AND (k <= 4659142))
	  ->  Bitmap Index Scan on k_7  (cost=0.00..5.45 rows=102 width=0)
	        Index Cond: ((k >= 4659042) AND (k <= 4659142))

table 8 : explain SELECT k, c FROM sbtest8 WHERE k BETWEEN 4659042 AND 4659142
	Bitmap Heap Scan on sbtest8  (cost=5.58..448.42 rows=112 width=125)
	  Recheck Cond: ((k >= 4659042) AND (k <= 4659142))
	  ->  Bitmap Index Scan on k_8  (cost=0.00..5.55 rows=112 width=0)
	        Index Cond: ((k >= 4659042) AND (k <= 4659142))

explain: for range-notcovered :: explain SELECT k, c FROM sbtest%d WHERE k BETWEEN 5573521 AND 5573621
explain: for range-notcovered :: explain SELECT k, c FROM sbtest%d WHERE k BETWEEN 3603391 AND 3603491
explain: for range-notcovered :: explain SELECT k, c FROM sbtest%d WHERE k BETWEEN 4659042 AND 4659142
for range-notcovered
table 1 : explain SELECT k, c FROM sbtest1 WHERE k BETWEEN 5271883 AND 5271983
	Bitmap Heap Scan on sbtest1  (cost=5.37..365.72 rows=91 width=125)
	  Recheck Cond: ((k >= 5271883) AND (k <= 5271983))
	  ->  Bitmap Index Scan on k_1  (cost=0.00..5.34 rows=91 width=0)
	        Index Cond: ((k >= 5271883) AND (k <= 5271983))

table 2 : explain SELECT k, c FROM sbtest2 WHERE k BETWEEN 5271883 AND 5271983
	Bitmap Heap Scan on sbtest2  (cost=5.40..377.55 rows=94 width=125)
	  Recheck Cond: ((k >= 5271883) AND (k <= 5271983))
	  ->  Bitmap Index Scan on k_2  (cost=0.00..5.38 rows=94 width=0)
	        Index Cond: ((k >= 5271883) AND (k <= 5271983))

table 3 : explain SELECT k, c FROM sbtest3 WHERE k BETWEEN 5271883 AND 5271983
	Bitmap Heap Scan on sbtest3  (cost=5.50..416.94 rows=104 width=125)
	  Recheck Cond: ((k >= 5271883) AND (k <= 5271983))
	  ->  Bitmap Index Scan on k_3  (cost=0.00..5.47 rows=104 width=0)
	        Index Cond: ((k >= 5271883) AND (k <= 5271983))

table 4 : explain SELECT k, c FROM sbtest4 WHERE k BETWEEN 5271883 AND 5271983
	Bitmap Heap Scan on sbtest4  (cost=5.63..468.09 rows=117 width=125)
	  Recheck Cond: ((k >= 5271883) AND (k <= 5271983))
	  ->  Bitmap Index Scan on k_4  (cost=0.00..5.60 rows=117 width=0)
	        Index Cond: ((k >= 5271883) AND (k <= 5271983))

table 5 : explain SELECT k, c FROM sbtest5 WHERE k BETWEEN 5271883 AND 5271983
	Bitmap Heap Scan on sbtest5  (cost=5.41..381.49 rows=95 width=125)
	  Recheck Cond: ((k >= 5271883) AND (k <= 5271983))
	  ->  Bitmap Index Scan on k_5  (cost=0.00..5.38 rows=95 width=0)
	        Index Cond: ((k >= 5271883) AND (k <= 5271983))

table 6 : explain SELECT k, c FROM sbtest6 WHERE k BETWEEN 5271883 AND 5271983
	Bitmap Heap Scan on sbtest6  (cost=5.41..381.49 rows=95 width=125)
	  Recheck Cond: ((k >= 5271883) AND (k <= 5271983))
	  ->  Bitmap Index Scan on k_6  (cost=0.00..5.38 rows=95 width=0)
	        Index Cond: ((k >= 5271883) AND (k <= 5271983))

table 7 : explain SELECT k, c FROM sbtest7 WHERE k BETWEEN 5271883 AND 5271983
	Bitmap Heap Scan on sbtest7  (cost=5.45..397.25 rows=99 width=125)
	  Recheck Cond: ((k >= 5271883) AND (k <= 5271983))
	  ->  Bitmap Index Scan on k_7  (cost=0.00..5.42 rows=99 width=0)
	        Index Cond: ((k >= 5271883) AND (k <= 5271983))

table 8 : explain SELECT k, c FROM sbtest8 WHERE k BETWEEN 5271883 AND 5271983
	Bitmap Heap Scan on sbtest8  (cost=5.50..416.94 rows=104 width=125)
	  Recheck Cond: ((k >= 5271883) AND (k <= 5271983))
	  ->  Bitmap Index Scan on k_8  (cost=0.00..5.47 rows=104 width=0)
	        Index Cond: ((k >= 5271883) AND (k <= 5271983))

explain: for range-notcovered :: explain SELECT k, c FROM sbtest%d WHERE k BETWEEN 5271883 AND 5271983
explain: for range-notcovered :: explain SELECT k, c FROM sbtest%d WHERE k BETWEEN 2655504 AND 2655604
for range-notcovered
table 1 : explain SELECT k, c FROM sbtest1 WHERE k BETWEEN 1897798 AND 1897898
	Bitmap Heap Scan on sbtest1  (cost=5.50..416.94 rows=104 width=125)
	  Recheck Cond: ((k >= 1897798) AND (k <= 1897898))
	  ->  Bitmap Index Scan on k_1  (cost=0.00..5.47 rows=104 width=0)
	        Index Cond: ((k >= 1897798) AND (k <= 1897898))

table 2 : explain SELECT k, c FROM sbtest2 WHERE k BETWEEN 1897798 AND 1897898
	Bitmap Heap Scan on sbtest2  (cost=5.40..377.55 rows=94 width=125)
	  Recheck Cond: ((k >= 1897798) AND (k <= 1897898))
	  ->  Bitmap Index Scan on k_2  (cost=0.00..5.38 rows=94 width=0)
	        Index Cond: ((k >= 1897798) AND (k <= 1897898))

table 3 : explain SELECT k, c FROM sbtest3 WHERE k BETWEEN 1897798 AND 1897898
	Bitmap Heap Scan on sbtest3  (cost=5.40..377.55 rows=94 width=125)
	  Recheck Cond: ((k >= 1897798) AND (k <= 1897898))
	  ->  Bitmap Index Scan on k_3  (cost=0.00..5.38 rows=94 width=0)
	        Index Cond: ((k >= 1897798) AND (k <= 1897898))

table 4 : explain SELECT k, c FROM sbtest4 WHERE k BETWEEN 1897798 AND 1897898
	Bitmap Heap Scan on sbtest4  (cost=5.45..397.25 rows=99 width=125)
	  Recheck Cond: ((k >= 1897798) AND (k <= 1897898))
	  ->  Bitmap Index Scan on k_4  (cost=0.00..5.42 rows=99 width=0)
	        Index Cond: ((k >= 1897798) AND (k <= 1897898))

table 5 : explain SELECT k, c FROM sbtest5 WHERE k BETWEEN 1897798 AND 1897898
	Bitmap Heap Scan on sbtest5  (cost=5.53..428.75 rows=107 width=125)
	  Recheck Cond: ((k >= 1897798) AND (k <= 1897898))
	  ->  Bitmap Index Scan on k_5  (cost=0.00..5.50 rows=107 width=0)
	        Index Cond: ((k >= 1897798) AND (k <= 1897898))

table 6 : explain SELECT k, c FROM sbtest6 WHERE k BETWEEN 1897798 AND 1897898
	Bitmap Heap Scan on sbtest6  (cost=5.51..420.88 rows=105 width=125)
	  Recheck Cond: ((k >= 1897798) AND (k <= 1897898))
	  ->  Bitmap Index Scan on k_6  (cost=0.00..5.48 rows=105 width=0)
	        Index Cond: ((k >= 1897798) AND (k <= 1897898))

table 7 : explain SELECT k, c FROM sbtest7 WHERE k BETWEEN 1897798 AND 1897898
	Bitmap Heap Scan on sbtest7  (cost=5.41..381.49 rows=95 width=125)
	  Recheck Cond: ((k >= 1897798) AND (k <= 1897898))
	  ->  Bitmap Index Scan on k_7  (cost=0.00..5.38 rows=95 width=0)
	        Index Cond: ((k >= 1897798) AND (k <= 1897898))

table 8 : explain SELECT k, c FROM sbtest8 WHERE k BETWEEN 1897798 AND 1897898
	Bitmap Heap Scan on sbtest8  (cost=5.45..397.25 rows=99 width=125)
	  Recheck Cond: ((k >= 1897798) AND (k <= 1897898))
	  ->  Bitmap Index Scan on k_8  (cost=0.00..5.42 rows=99 width=0)
	        Index Cond: ((k >= 1897798) AND (k <= 1897898))

explain: for range-notcovered :: explain SELECT k, c FROM sbtest%d WHERE k BETWEEN 1897798 AND 1897898
for range-notcovered
table 1 : explain SELECT k, c FROM sbtest1 WHERE k BETWEEN 4659042 AND 4659142
	Bitmap Heap Scan on sbtest1  (cost=5.54..432.69 rows=108 width=125)
	  Recheck Cond: ((k >= 4659042) AND (k <= 4659142))
	  ->  Bitmap Index Scan on k_1  (cost=0.00..5.51 rows=108 width=0)
	        Index Cond: ((k >= 4659042) AND (k <= 4659142))

table 2 : explain SELECT k, c FROM sbtest2 WHERE k BETWEEN 4659042 AND 4659142
	Bitmap Heap Scan on sbtest2  (cost=5.53..428.75 rows=107 width=125)
	  Recheck Cond: ((k >= 4659042) AND (k <= 4659142))
	  ->  Bitmap Index Scan on k_2  (cost=0.00..5.50 rows=107 width=0)
	        Index Cond: ((k >= 4659042) AND (k <= 4659142))

table 3 : explain SELECT k, c FROM sbtest3 WHERE k BETWEEN 4659042 AND 4659142
	Bitmap Heap Scan on sbtest3  (cost=5.55..436.62 rows=109 width=125)
	  Recheck Cond: ((k >= 4659042) AND (k <= 4659142))
	  ->  Bitmap Index Scan on k_3  (cost=0.00..5.52 rows=109 width=0)
	        Index Cond: ((k >= 4659042) AND (k <= 4659142))

table 4 : explain SELECT k, c FROM sbtest4 WHERE k BETWEEN 4659042 AND 4659142
	Bitmap Heap Scan on sbtest4  (cost=5.45..397.25 rows=99 width=125)
	  Recheck Cond: ((k >= 4659042) AND (k <= 4659142))
	  ->  Bitmap Index Scan on k_4  (cost=0.00..5.42 rows=99 width=0)
	        Index Cond: ((k >= 4659042) AND (k <= 4659142))

table 5 : explain SELECT k, c FROM sbtest5 WHERE k BETWEEN 4659042 AND 4659142
	Bitmap Heap Scan on sbtest5  (cost=5.44..393.31 rows=98 width=125)
	  Recheck Cond: ((k >= 4659042) AND (k <= 4659142))
	  ->  Bitmap Index Scan on k_5  (cost=0.00..5.42 rows=98 width=0)
	        Index Cond: ((k >= 4659042) AND (k <= 4659142))

table 6 : explain SELECT k, c FROM sbtest6 WHERE k BETWEEN 4659042 AND 4659142
	Bitmap Heap Scan on sbtest6  (cost=5.50..416.94 rows=104 width=125)
	  Recheck Cond: ((k >= 4659042) AND (k <= 4659142))
	  ->  Bitmap Index Scan on k_6  (cost=0.00..5.47 rows=104 width=0)
	        Index Cond: ((k >= 4659042) AND (k <= 4659142))

table 7 : explain SELECT k, c FROM sbtest7 WHERE k BETWEEN 4659042 AND 4659142
	Bitmap Heap Scan on sbtest7  (cost=5.48..409.07 rows=102 width=125)
	  Recheck Cond: ((k >= 4659042) AND (k <= 4659142))
	  ->  Bitmap Index Scan on k_7  (cost=0.00..5.45 rows=102 width=0)
	        Index Cond: ((k >= 4659042) AND (k <= 4659142))

table 8 : explain SELECT k, c FROM sbtest8 WHERE k BETWEEN 4659042 AND 4659142
	Bitmap Heap Scan on sbtest8  (cost=5.58..448.42 rows=112 width=125)
	  Recheck Cond: ((k >= 4659042) AND (k <= 4659142))
	  ->  Bitmap Index Scan on k_8  (cost=0.00..5.55 rows=112 width=0)
	        Index Cond: ((k >= 4659042) AND (k <= 4659142))

for range-notcovered
table 1 : explain SELECT k, c FROM sbtest1 WHERE k BETWEEN 3603391 AND 3603491
	Bitmap Heap Scan on sbtest1  (cost=5.47..405.13 rows=101 width=125)
	  Recheck Cond: ((k >= 3603391) AND (k <= 3603491))
	  ->  Bitmap Index Scan on k_1  (cost=0.00..5.44 rows=101 width=0)
	        Index Cond: ((k >= 3603391) AND (k <= 3603491))

table 2 : explain SELECT k, c FROM sbtest2 WHERE k BETWEEN 3603391 AND 3603491
	Bitmap Heap Scan on sbtest2  (cost=5.47..405.13 rows=101 width=125)
	  Recheck Cond: ((k >= 3603391) AND (k <= 3603491))
	  ->  Bitmap Index Scan on k_2  (cost=0.00..5.44 rows=101 width=0)
	        Index Cond: ((k >= 3603391) AND (k <= 3603491))

table 3 : explain SELECT k, c FROM sbtest3 WHERE k BETWEEN 3603391 AND 3603491
	Bitmap Heap Scan on sbtest3  (cost=5.42..385.43 rows=96 width=125)
	  Recheck Cond: ((k >= 3603391) AND (k <= 3603491))
	  ->  Bitmap Index Scan on k_3  (cost=0.00..5.39 rows=96 width=0)
	        Index Cond: ((k >= 3603391) AND (k <= 3603491))

table 4 : explain SELECT k, c FROM sbtest4 WHERE k BETWEEN 3603391 AND 3603491
	Bitmap Heap Scan on sbtest4  (cost=5.48..409.07 rows=102 width=125)
	  Recheck Cond: ((k >= 3603391) AND (k <= 3603491))
	  ->  Bitmap Index Scan on k_4  (cost=0.00..5.45 rows=102 width=0)
	        Index Cond: ((k >= 3603391) AND (k <= 3603491))

table 5 : explain SELECT k, c FROM sbtest5 WHERE k BETWEEN 3603391 AND 3603491
	Bitmap Heap Scan on sbtest5  (cost=5.55..436.62 rows=109 width=125)
	  Recheck Cond: ((k >= 3603391) AND (k <= 3603491))
	  ->  Bitmap Index Scan on k_5  (cost=0.00..5.52 rows=109 width=0)
	        Index Cond: ((k >= 3603391) AND (k <= 3603491))

table 6 : explain SELECT k, c FROM sbtest6 WHERE k BETWEEN 3603391 AND 3603491
	Bitmap Heap Scan on sbtest6  (cost=5.46..401.19 rows=100 width=125)
	  Recheck Cond: ((k >= 3603391) AND (k <= 3603491))
	  ->  Bitmap Index Scan on k_6  (cost=0.00..5.43 rows=100 width=0)
	        Index Cond: ((k >= 3603391) AND (k <= 3603491))

table 7 : explain SELECT k, c FROM sbtest7 WHERE k BETWEEN 3603391 AND 3603491
	Bitmap Heap Scan on sbtest7  (cost=5.49..413.00 rows=103 width=125)
	  Recheck Cond: ((k >= 3603391) AND (k <= 3603491))
	  ->  Bitmap Index Scan on k_7  (cost=0.00..5.46 rows=103 width=0)
	        Index Cond: ((k >= 3603391) AND (k <= 3603491))

table 8 : explain SELECT k, c FROM sbtest8 WHERE k BETWEEN 3603391 AND 3603491
	Bitmap Heap Scan on sbtest8  (cost=5.48..409.07 rows=102 width=125)
	  Recheck Cond: ((k >= 3603391) AND (k <= 3603491))
	  ->  Bitmap Index Scan on k_8  (cost=0.00..5.45 rows=102 width=0)
	        Index Cond: ((k >= 3603391) AND (k <= 3603491))

explain: for range-notcovered :: explain SELECT k, c FROM sbtest%d WHERE k BETWEEN 3603391 AND 3603491
for range-notcovered
table 1 : explain SELECT k, c FROM sbtest1 WHERE k BETWEEN 1897798 AND 1897898
	Bitmap Heap Scan on sbtest1  (cost=5.50..416.94 rows=104 width=125)
	  Recheck Cond: ((k >= 1897798) AND (k <= 1897898))
	  ->  Bitmap Index Scan on k_1  (cost=0.00..5.47 rows=104 width=0)
	        Index Cond: ((k >= 1897798) AND (k <= 1897898))

table 2 : explain SELECT k, c FROM sbtest2 WHERE k BETWEEN 1897798 AND 1897898
	Bitmap Heap Scan on sbtest2  (cost=5.40..377.55 rows=94 width=125)
	  Recheck Cond: ((k >= 1897798) AND (k <= 1897898))
	  ->  Bitmap Index Scan on k_2  (cost=0.00..5.38 rows=94 width=0)
	        Index Cond: ((k >= 1897798) AND (k <= 1897898))

table 3 : explain SELECT k, c FROM sbtest3 WHERE k BETWEEN 1897798 AND 1897898
	Bitmap Heap Scan on sbtest3  (cost=5.40..377.55 rows=94 width=125)
	  Recheck Cond: ((k >= 1897798) AND (k <= 1897898))
	  ->  Bitmap Index Scan on k_3  (cost=0.00..5.38 rows=94 width=0)
	        Index Cond: ((k >= 1897798) AND (k <= 1897898))

table 4 : explain SELECT k, c FROM sbtest4 WHERE k BETWEEN 1897798 AND 1897898
	Bitmap Heap Scan on sbtest4  (cost=5.45..397.25 rows=99 width=125)
	  Recheck Cond: ((k >= 1897798) AND (k <= 1897898))
	  ->  Bitmap Index Scan on k_4  (cost=0.00..5.42 rows=99 width=0)
	        Index Cond: ((k >= 1897798) AND (k <= 1897898))

table 5 : explain SELECT k, c FROM sbtest5 WHERE k BETWEEN 1897798 AND 1897898
	Bitmap Heap Scan on sbtest5  (cost=5.53..428.75 rows=107 width=125)
	  Recheck Cond: ((k >= 1897798) AND (k <= 1897898))
	  ->  Bitmap Index Scan on k_5  (cost=0.00..5.50 rows=107 width=0)
	        Index Cond: ((k >= 1897798) AND (k <= 1897898))

table 6 : explain SELECT k, c FROM sbtest6 WHERE k BETWEEN 1897798 AND 1897898
	Bitmap Heap Scan on sbtest6  (cost=5.51..420.88 rows=105 width=125)
	  Recheck Cond: ((k >= 1897798) AND (k <= 1897898))
	  ->  Bitmap Index Scan on k_6  (cost=0.00..5.48 rows=105 width=0)
	        Index Cond: ((k >= 1897798) AND (k <= 1897898))

table 7 : explain SELECT k, c FROM sbtest7 WHERE k BETWEEN 1897798 AND 1897898
	Bitmap Heap Scan on sbtest7  (cost=5.41..381.49 rows=95 width=125)
	  Recheck Cond: ((k >= 1897798) AND (k <= 1897898))
	  ->  Bitmap Index Scan on k_7  (cost=0.00..5.38 rows=95 width=0)
	        Index Cond: ((k >= 1897798) AND (k <= 1897898))

table 8 : explain SELECT k, c FROM sbtest8 WHERE k BETWEEN 1897798 AND 1897898
	Bitmap Heap Scan on sbtest8  (cost=5.45..397.25 rows=99 width=125)
	  Recheck Cond: ((k >= 1897798) AND (k <= 1897898))
	  ->  Bitmap Index Scan on k_8  (cost=0.00..5.42 rows=99 width=0)
	        Index Cond: ((k >= 1897798) AND (k <= 1897898))

explain: for range-notcovered :: explain SELECT k, c FROM sbtest%d WHERE k BETWEEN 1897798 AND 1897898
for range-notcovered
table 1 : explain SELECT k, c FROM sbtest1 WHERE k BETWEEN 2290742 AND 2290842
	Bitmap Heap Scan on sbtest1  (cost=5.44..393.31 rows=98 width=125)
	  Recheck Cond: ((k >= 2290742) AND (k <= 2290842))
	  ->  Bitmap Index Scan on k_1  (cost=0.00..5.42 rows=98 width=0)
	        Index Cond: ((k >= 2290742) AND (k <= 2290842))

table 2 : explain SELECT k, c FROM sbtest2 WHERE k BETWEEN 2290742 AND 2290842
	Bitmap Heap Scan on sbtest2  (cost=5.44..393.31 rows=98 width=125)
	  Recheck Cond: ((k >= 2290742) AND (k <= 2290842))
	  ->  Bitmap Index Scan on k_2  (cost=0.00..5.42 rows=98 width=0)
	        Index Cond: ((k >= 2290742) AND (k <= 2290842))

table 3 : explain SELECT k, c FROM sbtest3 WHERE k BETWEEN 2290742 AND 2290842
	Bitmap Heap Scan on sbtest3  (cost=5.50..416.94 rows=104 width=125)
	  Recheck Cond: ((k >= 2290742) AND (k <= 2290842))
	  ->  Bitmap Index Scan on k_3  (cost=0.00..5.47 rows=104 width=0)
	        Index Cond: ((k >= 2290742) AND (k <= 2290842))

table 4 : explain SELECT k, c FROM sbtest4 WHERE k BETWEEN 2290742 AND 2290842
	Bitmap Heap Scan on sbtest4  (cost=5.47..405.13 rows=101 width=125)
	  Recheck Cond: ((k >= 2290742) AND (k <= 2290842))
	  ->  Bitmap Index Scan on k_4  (cost=0.00..5.44 rows=101 width=0)
	        Index Cond: ((k >= 2290742) AND (k <= 2290842))

table 5 : explain SELECT k, c FROM sbtest5 WHERE k BETWEEN 2290742 AND 2290842
	Bitmap Heap Scan on sbtest5  (cost=5.53..428.75 rows=107 width=125)
	  Recheck Cond: ((k >= 2290742) AND (k <= 2290842))
	  ->  Bitmap Index Scan on k_5  (cost=0.00..5.50 rows=107 width=0)
	        Index Cond: ((k >= 2290742) AND (k <= 2290842))

table 6 : explain SELECT k, c FROM sbtest6 WHERE k BETWEEN 2290742 AND 2290842
	Bitmap Heap Scan on sbtest6  (cost=5.45..397.25 rows=99 width=125)
	  Recheck Cond: ((k >= 2290742) AND (k <= 2290842))
	  ->  Bitmap Index Scan on k_6  (cost=0.00..5.42 rows=99 width=0)
	        Index Cond: ((k >= 2290742) AND (k <= 2290842))

table 7 : explain SELECT k, c FROM sbtest7 WHERE k BETWEEN 2290742 AND 2290842
	Bitmap Heap Scan on sbtest7  (cost=5.48..409.07 rows=102 width=125)
	  Recheck Cond: ((k >= 2290742) AND (k <= 2290842))
	  ->  Bitmap Index Scan on k_7  (cost=0.00..5.45 rows=102 width=0)
	        Index Cond: ((k >= 2290742) AND (k <= 2290842))

table 8 : explain SELECT k, c FROM sbtest8 WHERE k BETWEEN 2290742 AND 2290842
	Bitmap Heap Scan on sbtest8  (cost=5.46..401.19 rows=100 width=125)
	  Recheck Cond: ((k >= 2290742) AND (k <= 2290842))
	  ->  Bitmap Index Scan on k_8  (cost=0.00..5.43 rows=100 width=0)
	        Index Cond: ((k >= 2290742) AND (k <= 2290842))

explain: for range-notcovered :: explain SELECT k, c FROM sbtest%d WHERE k BETWEEN 2290742 AND 2290842
for range-notcovered
table 1 : explain SELECT k, c FROM sbtest1 WHERE k BETWEEN 1897798 AND 1897898
	Bitmap Heap Scan on sbtest1  (cost=5.50..416.94 rows=104 width=125)
	  Recheck Cond: ((k >= 1897798) AND (k <= 1897898))
	  ->  Bitmap Index Scan on k_1  (cost=0.00..5.47 rows=104 width=0)
	        Index Cond: ((k >= 1897798) AND (k <= 1897898))

table 2 : explain SELECT k, c FROM sbtest2 WHERE k BETWEEN 1897798 AND 1897898
	Bitmap Heap Scan on sbtest2  (cost=5.40..377.55 rows=94 width=125)
	  Recheck Cond: ((k >= 1897798) AND (k <= 1897898))
	  ->  Bitmap Index Scan on k_2  (cost=0.00..5.38 rows=94 width=0)
	        Index Cond: ((k >= 1897798) AND (k <= 1897898))

table 3 : explain SELECT k, c FROM sbtest3 WHERE k BETWEEN 1897798 AND 1897898
	Bitmap Heap Scan on sbtest3  (cost=5.40..377.55 rows=94 width=125)
	  Recheck Cond: ((k >= 1897798) AND (k <= 1897898))
	  ->  Bitmap Index Scan on k_3  (cost=0.00..5.38 rows=94 width=0)
	        Index Cond: ((k >= 1897798) AND (k <= 1897898))

table 4 : explain SELECT k, c FROM sbtest4 WHERE k BETWEEN 1897798 AND 1897898
	Bitmap Heap Scan on sbtest4  (cost=5.45..397.25 rows=99 width=125)
	  Recheck Cond: ((k >= 1897798) AND (k <= 1897898))
	  ->  Bitmap Index Scan on k_4  (cost=0.00..5.42 rows=99 width=0)
	        Index Cond: ((k >= 1897798) AND (k <= 1897898))

table 5 : explain SELECT k, c FROM sbtest5 WHERE k BETWEEN 1897798 AND 1897898
	Bitmap Heap Scan on sbtest5  (cost=5.53..428.75 rows=107 width=125)
	  Recheck Cond: ((k >= 1897798) AND (k <= 1897898))
	  ->  Bitmap Index Scan on k_5  (cost=0.00..5.50 rows=107 width=0)
	        Index Cond: ((k >= 1897798) AND (k <= 1897898))

table 6 : explain SELECT k, c FROM sbtest6 WHERE k BETWEEN 1897798 AND 1897898
	Bitmap Heap Scan on sbtest6  (cost=5.51..420.88 rows=105 width=125)
	  Recheck Cond: ((k >= 1897798) AND (k <= 1897898))
	  ->  Bitmap Index Scan on k_6  (cost=0.00..5.48 rows=105 width=0)
	        Index Cond: ((k >= 1897798) AND (k <= 1897898))

table 7 : explain SELECT k, c FROM sbtest7 WHERE k BETWEEN 1897798 AND 1897898
	Bitmap Heap Scan on sbtest7  (cost=5.41..381.49 rows=95 width=125)
	  Recheck Cond: ((k >= 1897798) AND (k <= 1897898))
	  ->  Bitmap Index Scan on k_7  (cost=0.00..5.38 rows=95 width=0)
	        Index Cond: ((k >= 1897798) AND (k <= 1897898))

table 8 : explain SELECT k, c FROM sbtest8 WHERE k BETWEEN 1897798 AND 1897898
	Bitmap Heap Scan on sbtest8  (cost=5.45..397.25 rows=99 width=125)
	  Recheck Cond: ((k >= 1897798) AND (k <= 1897898))
	  ->  Bitmap Index Scan on k_8  (cost=0.00..5.42 rows=99 width=0)
	        Index Cond: ((k >= 1897798) AND (k <= 1897898))

explain: for range-notcovered :: explain SELECT k, c FROM sbtest%d WHERE k BETWEEN 1897798 AND 1897898
for range-notcovered
table 1 : explain SELECT k, c FROM sbtest1 WHERE k BETWEEN 2655504 AND 2655604
	Bitmap Heap Scan on sbtest1  (cost=5.49..413.00 rows=103 width=125)
	  Recheck Cond: ((k >= 2655504) AND (k <= 2655604))
	  ->  Bitmap Index Scan on k_1  (cost=0.00..5.46 rows=103 width=0)
	        Index Cond: ((k >= 2655504) AND (k <= 2655604))

table 2 : explain SELECT k, c FROM sbtest2 WHERE k BETWEEN 2655504 AND 2655604
	Bitmap Heap Scan on sbtest2  (cost=5.32..346.00 rows=86 width=125)
	  Recheck Cond: ((k >= 2655504) AND (k <= 2655604))
	  ->  Bitmap Index Scan on k_2  (cost=0.00..5.29 rows=86 width=0)
	        Index Cond: ((k >= 2655504) AND (k <= 2655604))

table 3 : explain SELECT k, c FROM sbtest3 WHERE k BETWEEN 2655504 AND 2655604
	Bitmap Heap Scan on sbtest3  (cost=5.41..381.49 rows=95 width=125)
	  Recheck Cond: ((k >= 2655504) AND (k <= 2655604))
	  ->  Bitmap Index Scan on k_3  (cost=0.00..5.38 rows=95 width=0)
	        Index Cond: ((k >= 2655504) AND (k <= 2655604))

table 4 : explain SELECT k, c FROM sbtest4 WHERE k BETWEEN 2655504 AND 2655604
	Bitmap Heap Scan on sbtest4  (cost=5.48..409.07 rows=102 width=125)
	  Recheck Cond: ((k >= 2655504) AND (k <= 2655604))
	  ->  Bitmap Index Scan on k_4  (cost=0.00..5.45 rows=102 width=0)
	        Index Cond: ((k >= 2655504) AND (k <= 2655604))

table 5 : explain SELECT k, c FROM sbtest5 WHERE k BETWEEN 2655504 AND 2655604
	Bitmap Heap Scan on sbtest5  (cost=5.47..405.13 rows=101 width=125)
	  Recheck Cond: ((k >= 2655504) AND (k <= 2655604))
	  ->  Bitmap Index Scan on k_5  (cost=0.00..5.44 rows=101 width=0)
	        Index Cond: ((k >= 2655504) AND (k <= 2655604))

table 6 : explain SELECT k, c FROM sbtest6 WHERE k BETWEEN 2655504 AND 2655604
	Bitmap Heap Scan on sbtest6  (cost=5.59..452.36 rows=113 width=125)
	  Recheck Cond: ((k >= 2655504) AND (k <= 2655604))
	  ->  Bitmap Index Scan on k_6  (cost=0.00..5.56 rows=113 width=0)
	        Index Cond: ((k >= 2655504) AND (k <= 2655604))

table 7 : explain SELECT k, c FROM sbtest7 WHERE k BETWEEN 2655504 AND 2655604
	Bitmap Heap Scan on sbtest7  (cost=5.44..393.31 rows=98 width=125)
	  Recheck Cond: ((k >= 2655504) AND (k <= 2655604))
	  ->  Bitmap Index Scan on k_7  (cost=0.00..5.42 rows=98 width=0)
	        Index Cond: ((k >= 2655504) AND (k <= 2655604))

table 8 : explain SELECT k, c FROM sbtest8 WHERE k BETWEEN 2655504 AND 2655604
	Bitmap Heap Scan on sbtest8  (cost=5.50..416.94 rows=104 width=125)
	  Recheck Cond: ((k >= 2655504) AND (k <= 2655604))
	  ->  Bitmap Index Scan on k_8  (cost=0.00..5.47 rows=104 width=0)
	        Index Cond: ((k >= 2655504) AND (k <= 2655604))

explain: for range-notcovered :: explain SELECT k, c FROM sbtest%d WHERE k BETWEEN 2655504 AND 2655604
for range-notcovered
table 1 : explain SELECT k, c FROM sbtest1 WHERE k BETWEEN 4420021 AND 4420121
	Bitmap Heap Scan on sbtest1  (cost=5.58..448.42 rows=112 width=125)
	  Recheck Cond: ((k >= 4420021) AND (k <= 4420121))
	  ->  Bitmap Index Scan on k_1  (cost=0.00..5.55 rows=112 width=0)
	        Index Cond: ((k >= 4420021) AND (k <= 4420121))

table 2 : explain SELECT k, c FROM sbtest2 WHERE k BETWEEN 4420021 AND 4420121
	Bitmap Heap Scan on sbtest2  (cost=5.55..436.62 rows=109 width=125)
	  Recheck Cond: ((k >= 4420021) AND (k <= 4420121))
	  ->  Bitmap Index Scan on k_2  (cost=0.00..5.52 rows=109 width=0)
	        Index Cond: ((k >= 4420021) AND (k <= 4420121))

table 3 : explain SELECT k, c FROM sbtest3 WHERE k BETWEEN 4420021 AND 4420121
	Bitmap Heap Scan on sbtest3  (cost=5.47..405.13 rows=101 width=125)
	  Recheck Cond: ((k >= 4420021) AND (k <= 4420121))
	  ->  Bitmap Index Scan on k_3  (cost=0.00..5.44 rows=101 width=0)
	        Index Cond: ((k >= 4420021) AND (k <= 4420121))

table 4 : explain SELECT k, c FROM sbtest4 WHERE k BETWEEN 4420021 AND 4420121
	Bitmap Heap Scan on sbtest4  (cost=5.55..436.62 rows=109 width=125)
	  Recheck Cond: ((k >= 4420021) AND (k <= 4420121))
	  ->  Bitmap Index Scan on k_4  (cost=0.00..5.52 rows=109 width=0)
	        Index Cond: ((k >= 4420021) AND (k <= 4420121))

table 5 : explain SELECT k, c FROM sbtest5 WHERE k BETWEEN 4420021 AND 4420121
	Bitmap Heap Scan on sbtest5  (cost=5.39..373.61 rows=93 width=125)
	  Recheck Cond: ((k >= 4420021) AND (k <= 4420121))
	  ->  Bitmap Index Scan on k_5  (cost=0.00..5.36 rows=93 width=0)
	        Index Cond: ((k >= 4420021) AND (k <= 4420121))

table 6 : explain SELECT k, c FROM sbtest6 WHERE k BETWEEN 4420021 AND 4420121
	Bitmap Heap Scan on sbtest6  (cost=5.48..409.07 rows=102 width=125)
	  Recheck Cond: ((k >= 4420021) AND (k <= 4420121))
	  ->  Bitmap Index Scan on k_6  (cost=0.00..5.45 rows=102 width=0)
	        Index Cond: ((k >= 4420021) AND (k <= 4420121))

table 7 : explain SELECT k, c FROM sbtest7 WHERE k BETWEEN 4420021 AND 4420121
	Bitmap Heap Scan on sbtest7  (cost=5.52..424.81 rows=106 width=125)
	  Recheck Cond: ((k >= 4420021) AND (k <= 4420121))
	  ->  Bitmap Index Scan on k_7  (cost=0.00..5.50 rows=106 width=0)
	        Index Cond: ((k >= 4420021) AND (k <= 4420121))

table 8 : explain SELECT k, c FROM sbtest8 WHERE k BETWEEN 4420021 AND 4420121
	Bitmap Heap Scan on sbtest8  (cost=5.51..420.88 rows=105 width=125)
	  Recheck Cond: ((k >= 4420021) AND (k <= 4420121))
	  ->  Bitmap Index Scan on k_8  (cost=0.00..5.48 rows=105 width=0)
	        Index Cond: ((k >= 4420021) AND (k <= 4420121))

explain: for range-notcovered :: explain SELECT k, c FROM sbtest%d WHERE k BETWEEN 4420021 AND 4420121
for range-notcovered
table 1 : explain SELECT k, c FROM sbtest1 WHERE k BETWEEN 2290742 AND 2290842
	Bitmap Heap Scan on sbtest1  (cost=5.44..393.31 rows=98 width=125)
	  Recheck Cond: ((k >= 2290742) AND (k <= 2290842))
	  ->  Bitmap Index Scan on k_1  (cost=0.00..5.42 rows=98 width=0)
	        Index Cond: ((k >= 2290742) AND (k <= 2290842))

table 2 : explain SELECT k, c FROM sbtest2 WHERE k BETWEEN 2290742 AND 2290842
	Bitmap Heap Scan on sbtest2  (cost=5.44..393.31 rows=98 width=125)
	  Recheck Cond: ((k >= 2290742) AND (k <= 2290842))
	  ->  Bitmap Index Scan on k_2  (cost=0.00..5.42 rows=98 width=0)
	        Index Cond: ((k >= 2290742) AND (k <= 2290842))

table 3 : explain SELECT k, c FROM sbtest3 WHERE k BETWEEN 2290742 AND 2290842
	Bitmap Heap Scan on sbtest3  (cost=5.50..416.94 rows=104 width=125)
	  Recheck Cond: ((k >= 2290742) AND (k <= 2290842))
	  ->  Bitmap Index Scan on k_3  (cost=0.00..5.47 rows=104 width=0)
	        Index Cond: ((k >= 2290742) AND (k <= 2290842))

table 4 : explain SELECT k, c FROM sbtest4 WHERE k BETWEEN 2290742 AND 2290842
	Bitmap Heap Scan on sbtest4  (cost=5.47..405.13 rows=101 width=125)
	  Recheck Cond: ((k >= 2290742) AND (k <= 2290842))
	  ->  Bitmap Index Scan on k_4  (cost=0.00..5.44 rows=101 width=0)
	        Index Cond: ((k >= 2290742) AND (k <= 2290842))

table 5 : explain SELECT k, c FROM sbtest5 WHERE k BETWEEN 2290742 AND 2290842
	Bitmap Heap Scan on sbtest5  (cost=5.53..428.75 rows=107 width=125)
	  Recheck Cond: ((k >= 2290742) AND (k <= 2290842))
	  ->  Bitmap Index Scan on k_5  (cost=0.00..5.50 rows=107 width=0)
	        Index Cond: ((k >= 2290742) AND (k <= 2290842))

table 6 : explain SELECT k, c FROM sbtest6 WHERE k BETWEEN 2290742 AND 2290842
	Bitmap Heap Scan on sbtest6  (cost=5.45..397.25 rows=99 width=125)
	  Recheck Cond: ((k >= 2290742) AND (k <= 2290842))
	  ->  Bitmap Index Scan on k_6  (cost=0.00..5.42 rows=99 width=0)
	        Index Cond: ((k >= 2290742) AND (k <= 2290842))

table 7 : explain SELECT k, c FROM sbtest7 WHERE k BETWEEN 2290742 AND 2290842
	Bitmap Heap Scan on sbtest7  (cost=5.48..409.07 rows=102 width=125)
	  Recheck Cond: ((k >= 2290742) AND (k <= 2290842))
	  ->  Bitmap Index Scan on k_7  (cost=0.00..5.45 rows=102 width=0)
	        Index Cond: ((k >= 2290742) AND (k <= 2290842))

table 8 : explain SELECT k, c FROM sbtest8 WHERE k BETWEEN 2290742 AND 2290842
	Bitmap Heap Scan on sbtest8  (cost=5.46..401.19 rows=100 width=125)
	  Recheck Cond: ((k >= 2290742) AND (k <= 2290842))
	  ->  Bitmap Index Scan on k_8  (cost=0.00..5.43 rows=100 width=0)
	        Index Cond: ((k >= 2290742) AND (k <= 2290842))

explain: for range-notcovered :: explain SELECT k, c FROM sbtest%d WHERE k BETWEEN 2290742 AND 2290842
for range-notcovered
table 1 : explain SELECT k, c FROM sbtest1 WHERE k BETWEEN 1897798 AND 1897898
	Bitmap Heap Scan on sbtest1  (cost=5.50..416.94 rows=104 width=125)
	  Recheck Cond: ((k >= 1897798) AND (k <= 1897898))
	  ->  Bitmap Index Scan on k_1  (cost=0.00..5.47 rows=104 width=0)
	        Index Cond: ((k >= 1897798) AND (k <= 1897898))

table 2 : explain SELECT k, c FROM sbtest2 WHERE k BETWEEN 1897798 AND 1897898
	Bitmap Heap Scan on sbtest2  (cost=5.40..377.55 rows=94 width=125)
	  Recheck Cond: ((k >= 1897798) AND (k <= 1897898))
	  ->  Bitmap Index Scan on k_2  (cost=0.00..5.38 rows=94 width=0)
	        Index Cond: ((k >= 1897798) AND (k <= 1897898))

table 3 : explain SELECT k, c FROM sbtest3 WHERE k BETWEEN 1897798 AND 1897898
	Bitmap Heap Scan on sbtest3  (cost=5.40..377.55 rows=94 width=125)
	  Recheck Cond: ((k >= 1897798) AND (k <= 1897898))
	  ->  Bitmap Index Scan on k_3  (cost=0.00..5.38 rows=94 width=0)
	        Index Cond: ((k >= 1897798) AND (k <= 1897898))

table 4 : explain SELECT k, c FROM sbtest4 WHERE k BETWEEN 1897798 AND 1897898
	Bitmap Heap Scan on sbtest4  (cost=5.45..397.25 rows=99 width=125)
	  Recheck Cond: ((k >= 1897798) AND (k <= 1897898))
	  ->  Bitmap Index Scan on k_4  (cost=0.00..5.42 rows=99 width=0)
	        Index Cond: ((k >= 1897798) AND (k <= 1897898))

table 5 : explain SELECT k, c FROM sbtest5 WHERE k BETWEEN 1897798 AND 1897898
	Bitmap Heap Scan on sbtest5  (cost=5.53..428.75 rows=107 width=125)
	  Recheck Cond: ((k >= 1897798) AND (k <= 1897898))
	  ->  Bitmap Index Scan on k_5  (cost=0.00..5.50 rows=107 width=0)
	        Index Cond: ((k >= 1897798) AND (k <= 1897898))

table 6 : explain SELECT k, c FROM sbtest6 WHERE k BETWEEN 1897798 AND 1897898
	Bitmap Heap Scan on sbtest6  (cost=5.51..420.88 rows=105 width=125)
	  Recheck Cond: ((k >= 1897798) AND (k <= 1897898))
	  ->  Bitmap Index Scan on k_6  (cost=0.00..5.48 rows=105 width=0)
	        Index Cond: ((k >= 1897798) AND (k <= 1897898))

table 7 : explain SELECT k, c FROM sbtest7 WHERE k BETWEEN 1897798 AND 1897898
	Bitmap Heap Scan on sbtest7  (cost=5.41..381.49 rows=95 width=125)
	  Recheck Cond: ((k >= 1897798) AND (k <= 1897898))
	  ->  Bitmap Index Scan on k_7  (cost=0.00..5.38 rows=95 width=0)
	        Index Cond: ((k >= 1897798) AND (k <= 1897898))

table 8 : explain SELECT k, c FROM sbtest8 WHERE k BETWEEN 1897798 AND 1897898
	Bitmap Heap Scan on sbtest8  (cost=5.45..397.25 rows=99 width=125)
	  Recheck Cond: ((k >= 1897798) AND (k <= 1897898))
	  ->  Bitmap Index Scan on k_8  (cost=0.00..5.42 rows=99 width=0)
	        Index Cond: ((k >= 1897798) AND (k <= 1897898))

for range-notcovered
table 1 : explain SELECT k, c FROM sbtest1 WHERE k BETWEEN 6234223 AND 6234323
	Bitmap Heap Scan on sbtest1  (cost=5.39..373.61 rows=93 width=125)
	  Recheck Cond: ((k >= 6234223) AND (k <= 6234323))
	  ->  Bitmap Index Scan on k_1  (cost=0.00..5.36 rows=93 width=0)
	        Index Cond: ((k >= 6234223) AND (k <= 6234323))

table 2 : explain SELECT k, c FROM sbtest2 WHERE k BETWEEN 6234223 AND 6234323
	Bitmap Heap Scan on sbtest2  (cost=5.45..397.25 rows=99 width=125)
	  Recheck Cond: ((k >= 6234223) AND (k <= 6234323))
	  ->  Bitmap Index Scan on k_2  (cost=0.00..5.42 rows=99 width=0)
	        Index Cond: ((k >= 6234223) AND (k <= 6234323))

table 3 : explain SELECT k, c FROM sbtest3 WHERE k BETWEEN 6234223 AND 6234323
	Bitmap Heap Scan on sbtest3  (cost=5.42..385.43 rows=96 width=125)
	  Recheck Cond: ((k >= 6234223) AND (k <= 6234323))
	  ->  Bitmap Index Scan on k_3  (cost=0.00..5.39 rows=96 width=0)
	        Index Cond: ((k >= 6234223) AND (k <= 6234323))

table 4 : explain SELECT k, c FROM sbtest4 WHERE k BETWEEN 6234223 AND 6234323
	Bitmap Heap Scan on sbtest4  (cost=5.52..424.81 rows=106 width=125)
	  Recheck Cond: ((k >= 6234223) AND (k <= 6234323))
	  ->  Bitmap Index Scan on k_4  (cost=0.00..5.50 rows=106 width=0)
	        Index Cond: ((k >= 6234223) AND (k <= 6234323))

table 5 : explain SELECT k, c FROM sbtest5 WHERE k BETWEEN 6234223 AND 6234323
	Bitmap Heap Scan on sbtest5  (cost=5.42..385.43 rows=96 width=125)
	  Recheck Cond: ((k >= 6234223) AND (k <= 6234323))
	  ->  Bitmap Index Scan on k_5  (cost=0.00..5.39 rows=96 width=0)
	        Index Cond: ((k >= 6234223) AND (k <= 6234323))

table 6 : explain SELECT k, c FROM sbtest6 WHERE k BETWEEN 6234223 AND 6234323
	Bitmap Heap Scan on sbtest6  (cost=5.38..369.67 rows=92 width=125)
	  Recheck Cond: ((k >= 6234223) AND (k <= 6234323))
	  ->  Bitmap Index Scan on k_6  (cost=0.00..5.35 rows=92 width=0)
	        Index Cond: ((k >= 6234223) AND (k <= 6234323))

table 7 : explain SELECT k, c FROM sbtest7 WHERE k BETWEEN 6234223 AND 6234323
	Bitmap Heap Scan on sbtest7  (cost=5.47..405.13 rows=101 width=125)
	  Recheck Cond: ((k >= 6234223) AND (k <= 6234323))
	  ->  Bitmap Index Scan on k_7  (cost=0.00..5.44 rows=101 width=0)
	        Index Cond: ((k >= 6234223) AND (k <= 6234323))

table 8 : explain SELECT k, c FROM sbtest8 WHERE k BETWEEN 6234223 AND 6234323
	Bitmap Heap Scan on sbtest8  (cost=5.36..361.78 rows=90 width=125)
	  Recheck Cond: ((k >= 6234223) AND (k <= 6234323))
	  ->  Bitmap Index Scan on k_8  (cost=0.00..5.33 rows=90 width=0)
	        Index Cond: ((k >= 6234223) AND (k <= 6234323))

explain: for range-notcovered :: explain SELECT k, c FROM sbtest%d WHERE k BETWEEN 1897798 AND 1897898
explain: for range-notcovered :: explain SELECT k, c FROM sbtest%d WHERE k BETWEEN 6234223 AND 6234323
for range-notcovered
table 1 : explain SELECT k, c FROM sbtest1 WHERE k BETWEEN 2655504 AND 2655604
	Bitmap Heap Scan on sbtest1  (cost=5.49..413.00 rows=103 width=125)
	  Recheck Cond: ((k >= 2655504) AND (k <= 2655604))
	  ->  Bitmap Index Scan on k_1  (cost=0.00..5.46 rows=103 width=0)
	        Index Cond: ((k >= 2655504) AND (k <= 2655604))

table 2 : explain SELECT k, c FROM sbtest2 WHERE k BETWEEN 2655504 AND 2655604
	Bitmap Heap Scan on sbtest2  (cost=5.32..346.00 rows=86 width=125)
	  Recheck Cond: ((k >= 2655504) AND (k <= 2655604))
	  ->  Bitmap Index Scan on k_2  (cost=0.00..5.29 rows=86 width=0)
	        Index Cond: ((k >= 2655504) AND (k <= 2655604))

table 3 : explain SELECT k, c FROM sbtest3 WHERE k BETWEEN 2655504 AND 2655604
	Bitmap Heap Scan on sbtest3  (cost=5.41..381.49 rows=95 width=125)
	  Recheck Cond: ((k >= 2655504) AND (k <= 2655604))
	  ->  Bitmap Index Scan on k_3  (cost=0.00..5.38 rows=95 width=0)
	        Index Cond: ((k >= 2655504) AND (k <= 2655604))

table 4 : explain SELECT k, c FROM sbtest4 WHERE k BETWEEN 2655504 AND 2655604
	Bitmap Heap Scan on sbtest4  (cost=5.48..409.07 rows=102 width=125)
	  Recheck Cond: ((k >= 2655504) AND (k <= 2655604))
	  ->  Bitmap Index Scan on k_4  (cost=0.00..5.45 rows=102 width=0)
	        Index Cond: ((k >= 2655504) AND (k <= 2655604))

table 5 : explain SELECT k, c FROM sbtest5 WHERE k BETWEEN 2655504 AND 2655604
	Bitmap Heap Scan on sbtest5  (cost=5.47..405.13 rows=101 width=125)
	  Recheck Cond: ((k >= 2655504) AND (k <= 2655604))
	  ->  Bitmap Index Scan on k_5  (cost=0.00..5.44 rows=101 width=0)
	        Index Cond: ((k >= 2655504) AND (k <= 2655604))

table 6 : explain SELECT k, c FROM sbtest6 WHERE k BETWEEN 2655504 AND 2655604
	Bitmap Heap Scan on sbtest6  (cost=5.59..452.36 rows=113 width=125)
	  Recheck Cond: ((k >= 2655504) AND (k <= 2655604))
	  ->  Bitmap Index Scan on k_6  (cost=0.00..5.56 rows=113 width=0)
	        Index Cond: ((k >= 2655504) AND (k <= 2655604))

table 7 : explain SELECT k, c FROM sbtest7 WHERE k BETWEEN 2655504 AND 2655604
	Bitmap Heap Scan on sbtest7  (cost=5.44..393.31 rows=98 width=125)
	  Recheck Cond: ((k >= 2655504) AND (k <= 2655604))
	  ->  Bitmap Index Scan on k_7  (cost=0.00..5.42 rows=98 width=0)
	        Index Cond: ((k >= 2655504) AND (k <= 2655604))

table 8 : explain SELECT k, c FROM sbtest8 WHERE k BETWEEN 2655504 AND 2655604
	Bitmap Heap Scan on sbtest8  (cost=5.50..416.94 rows=104 width=125)
	  Recheck Cond: ((k >= 2655504) AND (k <= 2655604))
	  ->  Bitmap Index Scan on k_8  (cost=0.00..5.47 rows=104 width=0)
	        Index Cond: ((k >= 2655504) AND (k <= 2655604))

explain: for range-notcovered :: explain SELECT k, c FROM sbtest%d WHERE k BETWEEN 2655504 AND 2655604
for range-notcovered
table 1 : explain SELECT k, c FROM sbtest1 WHERE k BETWEEN 4420021 AND 4420121
	Bitmap Heap Scan on sbtest1  (cost=5.58..448.42 rows=112 width=125)
	  Recheck Cond: ((k >= 4420021) AND (k <= 4420121))
	  ->  Bitmap Index Scan on k_1  (cost=0.00..5.55 rows=112 width=0)
	        Index Cond: ((k >= 4420021) AND (k <= 4420121))

table 2 : explain SELECT k, c FROM sbtest2 WHERE k BETWEEN 4420021 AND 4420121
	Bitmap Heap Scan on sbtest2  (cost=5.55..436.62 rows=109 width=125)
	  Recheck Cond: ((k >= 4420021) AND (k <= 4420121))
	  ->  Bitmap Index Scan on k_2  (cost=0.00..5.52 rows=109 width=0)
	        Index Cond: ((k >= 4420021) AND (k <= 4420121))

table 3 : explain SELECT k, c FROM sbtest3 WHERE k BETWEEN 4420021 AND 4420121
	Bitmap Heap Scan on sbtest3  (cost=5.47..405.13 rows=101 width=125)
	  Recheck Cond: ((k >= 4420021) AND (k <= 4420121))
	  ->  Bitmap Index Scan on k_3  (cost=0.00..5.44 rows=101 width=0)
	        Index Cond: ((k >= 4420021) AND (k <= 4420121))

table 4 : explain SELECT k, c FROM sbtest4 WHERE k BETWEEN 4420021 AND 4420121
	Bitmap Heap Scan on sbtest4  (cost=5.55..436.62 rows=109 width=125)
	  Recheck Cond: ((k >= 4420021) AND (k <= 4420121))
	  ->  Bitmap Index Scan on k_4  (cost=0.00..5.52 rows=109 width=0)
	        Index Cond: ((k >= 4420021) AND (k <= 4420121))

table 5 : explain SELECT k, c FROM sbtest5 WHERE k BETWEEN 4420021 AND 4420121
	Bitmap Heap Scan on sbtest5  (cost=5.39..373.61 rows=93 width=125)
	  Recheck Cond: ((k >= 4420021) AND (k <= 4420121))
	  ->  Bitmap Index Scan on k_5  (cost=0.00..5.36 rows=93 width=0)
	        Index Cond: ((k >= 4420021) AND (k <= 4420121))

table 6 : explain SELECT k, c FROM sbtest6 WHERE k BETWEEN 4420021 AND 4420121
	Bitmap Heap Scan on sbtest6  (cost=5.48..409.07 rows=102 width=125)
	  Recheck Cond: ((k >= 4420021) AND (k <= 4420121))
	  ->  Bitmap Index Scan on k_6  (cost=0.00..5.45 rows=102 width=0)
	        Index Cond: ((k >= 4420021) AND (k <= 4420121))

table 7 : explain SELECT k, c FROM sbtest7 WHERE k BETWEEN 4420021 AND 4420121
	Bitmap Heap Scan on sbtest7  (cost=5.52..424.81 rows=106 width=125)
	  Recheck Cond: ((k >= 4420021) AND (k <= 4420121))
	  ->  Bitmap Index Scan on k_7  (cost=0.00..5.50 rows=106 width=0)
	        Index Cond: ((k >= 4420021) AND (k <= 4420121))

table 8 : explain SELECT k, c FROM sbtest8 WHERE k BETWEEN 4420021 AND 4420121
	Bitmap Heap Scan on sbtest8  (cost=5.51..420.88 rows=105 width=125)
	  Recheck Cond: ((k >= 4420021) AND (k <= 4420121))
	  ->  Bitmap Index Scan on k_8  (cost=0.00..5.48 rows=105 width=0)
	        Index Cond: ((k >= 4420021) AND (k <= 4420121))

explain: for range-notcovered :: explain SELECT k, c FROM sbtest%d WHERE k BETWEEN 4420021 AND 4420121
for range-notcovered
table 1 : explain SELECT k, c FROM sbtest1 WHERE k BETWEEN 2290742 AND 2290842
	Bitmap Heap Scan on sbtest1  (cost=5.44..393.31 rows=98 width=125)
	  Recheck Cond: ((k >= 2290742) AND (k <= 2290842))
	  ->  Bitmap Index Scan on k_1  (cost=0.00..5.42 rows=98 width=0)
	        Index Cond: ((k >= 2290742) AND (k <= 2290842))

table 2 : explain SELECT k, c FROM sbtest2 WHERE k BETWEEN 2290742 AND 2290842
	Bitmap Heap Scan on sbtest2  (cost=5.44..393.31 rows=98 width=125)
	  Recheck Cond: ((k >= 2290742) AND (k <= 2290842))
	  ->  Bitmap Index Scan on k_2  (cost=0.00..5.42 rows=98 width=0)
	        Index Cond: ((k >= 2290742) AND (k <= 2290842))

table 3 : explain SELECT k, c FROM sbtest3 WHERE k BETWEEN 2290742 AND 2290842
	Bitmap Heap Scan on sbtest3  (cost=5.50..416.94 rows=104 width=125)
	  Recheck Cond: ((k >= 2290742) AND (k <= 2290842))
	  ->  Bitmap Index Scan on k_3  (cost=0.00..5.47 rows=104 width=0)
	        Index Cond: ((k >= 2290742) AND (k <= 2290842))

table 4 : explain SELECT k, c FROM sbtest4 WHERE k BETWEEN 2290742 AND 2290842
	Bitmap Heap Scan on sbtest4  (cost=5.47..405.13 rows=101 width=125)
	  Recheck Cond: ((k >= 2290742) AND (k <= 2290842))
	  ->  Bitmap Index Scan on k_4  (cost=0.00..5.44 rows=101 width=0)
	        Index Cond: ((k >= 2290742) AND (k <= 2290842))

table 5 : explain SELECT k, c FROM sbtest5 WHERE k BETWEEN 2290742 AND 2290842
	Bitmap Heap Scan on sbtest5  (cost=5.53..428.75 rows=107 width=125)
	  Recheck Cond: ((k >= 2290742) AND (k <= 2290842))
	  ->  Bitmap Index Scan on k_5  (cost=0.00..5.50 rows=107 width=0)
	        Index Cond: ((k >= 2290742) AND (k <= 2290842))

table 6 : explain SELECT k, c FROM sbtest6 WHERE k BETWEEN 2290742 AND 2290842
	Bitmap Heap Scan on sbtest6  (cost=5.45..397.25 rows=99 width=125)
	  Recheck Cond: ((k >= 2290742) AND (k <= 2290842))
	  ->  Bitmap Index Scan on k_6  (cost=0.00..5.42 rows=99 width=0)
	        Index Cond: ((k >= 2290742) AND (k <= 2290842))

table 7 : explain SELECT k, c FROM sbtest7 WHERE k BETWEEN 2290742 AND 2290842
	Bitmap Heap Scan on sbtest7  (cost=5.48..409.07 rows=102 width=125)
	  Recheck Cond: ((k >= 2290742) AND (k <= 2290842))
	  ->  Bitmap Index Scan on k_7  (cost=0.00..5.45 rows=102 width=0)
	        Index Cond: ((k >= 2290742) AND (k <= 2290842))

table 8 : explain SELECT k, c FROM sbtest8 WHERE k BETWEEN 2290742 AND 2290842
	Bitmap Heap Scan on sbtest8  (cost=5.46..401.19 rows=100 width=125)
	  Recheck Cond: ((k >= 2290742) AND (k <= 2290842))
	  ->  Bitmap Index Scan on k_8  (cost=0.00..5.43 rows=100 width=0)
	        Index Cond: ((k >= 2290742) AND (k <= 2290842))

explain: for range-notcovered :: explain SELECT k, c FROM sbtest%d WHERE k BETWEEN 2290742 AND 2290842
for range-notcovered
table 1 : explain SELECT k, c FROM sbtest1 WHERE k BETWEEN 1897798 AND 1897898
	Bitmap Heap Scan on sbtest1  (cost=5.50..416.94 rows=104 width=125)
	  Recheck Cond: ((k >= 1897798) AND (k <= 1897898))
	  ->  Bitmap Index Scan on k_1  (cost=0.00..5.47 rows=104 width=0)
	        Index Cond: ((k >= 1897798) AND (k <= 1897898))

table 2 : explain SELECT k, c FROM sbtest2 WHERE k BETWEEN 1897798 AND 1897898
	Bitmap Heap Scan on sbtest2  (cost=5.40..377.55 rows=94 width=125)
	  Recheck Cond: ((k >= 1897798) AND (k <= 1897898))
	  ->  Bitmap Index Scan on k_2  (cost=0.00..5.38 rows=94 width=0)
	        Index Cond: ((k >= 1897798) AND (k <= 1897898))

table 3 : explain SELECT k, c FROM sbtest3 WHERE k BETWEEN 1897798 AND 1897898
	Bitmap Heap Scan on sbtest3  (cost=5.40..377.55 rows=94 width=125)
	  Recheck Cond: ((k >= 1897798) AND (k <= 1897898))
	  ->  Bitmap Index Scan on k_3  (cost=0.00..5.38 rows=94 width=0)
	        Index Cond: ((k >= 1897798) AND (k <= 1897898))

table 4 : explain SELECT k, c FROM sbtest4 WHERE k BETWEEN 1897798 AND 1897898
	Bitmap Heap Scan on sbtest4  (cost=5.45..397.25 rows=99 width=125)
	  Recheck Cond: ((k >= 1897798) AND (k <= 1897898))
	  ->  Bitmap Index Scan on k_4  (cost=0.00..5.42 rows=99 width=0)
	        Index Cond: ((k >= 1897798) AND (k <= 1897898))

table 5 : explain SELECT k, c FROM sbtest5 WHERE k BETWEEN 1897798 AND 1897898
	Bitmap Heap Scan on sbtest5  (cost=5.53..428.75 rows=107 width=125)
	  Recheck Cond: ((k >= 1897798) AND (k <= 1897898))
	  ->  Bitmap Index Scan on k_5  (cost=0.00..5.50 rows=107 width=0)
	        Index Cond: ((k >= 1897798) AND (k <= 1897898))

table 6 : explain SELECT k, c FROM sbtest6 WHERE k BETWEEN 1897798 AND 1897898
	Bitmap Heap Scan on sbtest6  (cost=5.51..420.88 rows=105 width=125)
	  Recheck Cond: ((k >= 1897798) AND (k <= 1897898))
	  ->  Bitmap Index Scan on k_6  (cost=0.00..5.48 rows=105 width=0)
	        Index Cond: ((k >= 1897798) AND (k <= 1897898))

table 7 : explain SELECT k, c FROM sbtest7 WHERE k BETWEEN 1897798 AND 1897898
	Bitmap Heap Scan on sbtest7  (cost=5.41..381.49 rows=95 width=125)
	  Recheck Cond: ((k >= 1897798) AND (k <= 1897898))
	  ->  Bitmap Index Scan on k_7  (cost=0.00..5.38 rows=95 width=0)
	        Index Cond: ((k >= 1897798) AND (k <= 1897898))

table 8 : explain SELECT k, c FROM sbtest8 WHERE k BETWEEN 1897798 AND 1897898
	Bitmap Heap Scan on sbtest8  (cost=5.45..397.25 rows=99 width=125)
	  Recheck Cond: ((k >= 1897798) AND (k <= 1897898))
	  ->  Bitmap Index Scan on k_8  (cost=0.00..5.42 rows=99 width=0)
	        Index Cond: ((k >= 1897798) AND (k <= 1897898))

for range-notcovered
table 1 : explain SELECT k, c FROM sbtest1 WHERE k BETWEEN 6234223 AND 6234323
	Bitmap Heap Scan on sbtest1  (cost=5.39..373.61 rows=93 width=125)
	  Recheck Cond: ((k >= 6234223) AND (k <= 6234323))
	  ->  Bitmap Index Scan on k_1  (cost=0.00..5.36 rows=93 width=0)
	        Index Cond: ((k >= 6234223) AND (k <= 6234323))

table 2 : explain SELECT k, c FROM sbtest2 WHERE k BETWEEN 6234223 AND 6234323
	Bitmap Heap Scan on sbtest2  (cost=5.45..397.25 rows=99 width=125)
	  Recheck Cond: ((k >= 6234223) AND (k <= 6234323))
	  ->  Bitmap Index Scan on k_2  (cost=0.00..5.42 rows=99 width=0)
	        Index Cond: ((k >= 6234223) AND (k <= 6234323))

table 3 : explain SELECT k, c FROM sbtest3 WHERE k BETWEEN 6234223 AND 6234323
	Bitmap Heap Scan on sbtest3  (cost=5.42..385.43 rows=96 width=125)
	  Recheck Cond: ((k >= 6234223) AND (k <= 6234323))
	  ->  Bitmap Index Scan on k_3  (cost=0.00..5.39 rows=96 width=0)
	        Index Cond: ((k >= 6234223) AND (k <= 6234323))

table 4 : explain SELECT k, c FROM sbtest4 WHERE k BETWEEN 6234223 AND 6234323
	Bitmap Heap Scan on sbtest4  (cost=5.52..424.81 rows=106 width=125)
	  Recheck Cond: ((k >= 6234223) AND (k <= 6234323))
	  ->  Bitmap Index Scan on k_4  (cost=0.00..5.50 rows=106 width=0)
	        Index Cond: ((k >= 6234223) AND (k <= 6234323))

table 5 : explain SELECT k, c FROM sbtest5 WHERE k BETWEEN 6234223 AND 6234323
	Bitmap Heap Scan on sbtest5  (cost=5.42..385.43 rows=96 width=125)
	  Recheck Cond: ((k >= 6234223) AND (k <= 6234323))
	  ->  Bitmap Index Scan on k_5  (cost=0.00..5.39 rows=96 width=0)
	        Index Cond: ((k >= 6234223) AND (k <= 6234323))

table 6 : explain SELECT k, c FROM sbtest6 WHERE k BETWEEN 6234223 AND 6234323
	Bitmap Heap Scan on sbtest6  (cost=5.38..369.67 rows=92 width=125)
	  Recheck Cond: ((k >= 6234223) AND (k <= 6234323))
	  ->  Bitmap Index Scan on k_6  (cost=0.00..5.35 rows=92 width=0)
	        Index Cond: ((k >= 6234223) AND (k <= 6234323))

table 7 : explain SELECT k, c FROM sbtest7 WHERE k BETWEEN 6234223 AND 6234323
	Bitmap Heap Scan on sbtest7  (cost=5.47..405.13 rows=101 width=125)
	  Recheck Cond: ((k >= 6234223) AND (k <= 6234323))
	  ->  Bitmap Index Scan on k_7  (cost=0.00..5.44 rows=101 width=0)
	        Index Cond: ((k >= 6234223) AND (k <= 6234323))

table 8 : explain SELECT k, c FROM sbtest8 WHERE k BETWEEN 6234223 AND 6234323
	Bitmap Heap Scan on sbtest8  (cost=5.36..361.78 rows=90 width=125)
	  Recheck Cond: ((k >= 6234223) AND (k <= 6234323))
	  ->  Bitmap Index Scan on k_8  (cost=0.00..5.33 rows=90 width=0)
	        Index Cond: ((k >= 6234223) AND (k <= 6234323))

explain: for range-notcovered :: explain SELECT k, c FROM sbtest%d WHERE k BETWEEN 6234223 AND 6234323
explain: for range-notcovered :: explain SELECT k, c FROM sbtest%d WHERE k BETWEEN 1897798 AND 1897898
for range-notcovered
table 1 : explain SELECT k, c FROM sbtest1 WHERE k BETWEEN 4420021 AND 4420121
	Bitmap Heap Scan on sbtest1  (cost=5.58..448.42 rows=112 width=125)
	  Recheck Cond: ((k >= 4420021) AND (k <= 4420121))
	  ->  Bitmap Index Scan on k_1  (cost=0.00..5.55 rows=112 width=0)
	        Index Cond: ((k >= 4420021) AND (k <= 4420121))

table 2 : explain SELECT k, c FROM sbtest2 WHERE k BETWEEN 4420021 AND 4420121
	Bitmap Heap Scan on sbtest2  (cost=5.55..436.62 rows=109 width=125)
	  Recheck Cond: ((k >= 4420021) AND (k <= 4420121))
	  ->  Bitmap Index Scan on k_2  (cost=0.00..5.52 rows=109 width=0)
	        Index Cond: ((k >= 4420021) AND (k <= 4420121))

table 3 : explain SELECT k, c FROM sbtest3 WHERE k BETWEEN 4420021 AND 4420121
	Bitmap Heap Scan on sbtest3  (cost=5.47..405.13 rows=101 width=125)
	  Recheck Cond: ((k >= 4420021) AND (k <= 4420121))
	  ->  Bitmap Index Scan on k_3  (cost=0.00..5.44 rows=101 width=0)
	        Index Cond: ((k >= 4420021) AND (k <= 4420121))

table 4 : explain SELECT k, c FROM sbtest4 WHERE k BETWEEN 4420021 AND 4420121
	Bitmap Heap Scan on sbtest4  (cost=5.55..436.62 rows=109 width=125)
	  Recheck Cond: ((k >= 4420021) AND (k <= 4420121))
	  ->  Bitmap Index Scan on k_4  (cost=0.00..5.52 rows=109 width=0)
	        Index Cond: ((k >= 4420021) AND (k <= 4420121))

table 5 : explain SELECT k, c FROM sbtest5 WHERE k BETWEEN 4420021 AND 4420121
	Bitmap Heap Scan on sbtest5  (cost=5.39..373.61 rows=93 width=125)
	  Recheck Cond: ((k >= 4420021) AND (k <= 4420121))
	  ->  Bitmap Index Scan on k_5  (cost=0.00..5.36 rows=93 width=0)
	        Index Cond: ((k >= 4420021) AND (k <= 4420121))

table 6 : explain SELECT k, c FROM sbtest6 WHERE k BETWEEN 4420021 AND 4420121
	Bitmap Heap Scan on sbtest6  (cost=5.48..409.07 rows=102 width=125)
	  Recheck Cond: ((k >= 4420021) AND (k <= 4420121))
	  ->  Bitmap Index Scan on k_6  (cost=0.00..5.45 rows=102 width=0)
	        Index Cond: ((k >= 4420021) AND (k <= 4420121))

table 7 : explain SELECT k, c FROM sbtest7 WHERE k BETWEEN 4420021 AND 4420121
	Bitmap Heap Scan on sbtest7  (cost=5.52..424.81 rows=106 width=125)
	  Recheck Cond: ((k >= 4420021) AND (k <= 4420121))
	  ->  Bitmap Index Scan on k_7  (cost=0.00..5.50 rows=106 width=0)
	        Index Cond: ((k >= 4420021) AND (k <= 4420121))

table 8 : explain SELECT k, c FROM sbtest8 WHERE k BETWEEN 4420021 AND 4420121
	Bitmap Heap Scan on sbtest8  (cost=5.51..420.88 rows=105 width=125)
	  Recheck Cond: ((k >= 4420021) AND (k <= 4420121))
	  ->  Bitmap Index Scan on k_8  (cost=0.00..5.48 rows=105 width=0)
	        Index Cond: ((k >= 4420021) AND (k <= 4420121))

explain: for range-notcovered :: explain SELECT k, c FROM sbtest%d WHERE k BETWEEN 4420021 AND 4420121
for range-notcovered
table 1 : explain SELECT k, c FROM sbtest1 WHERE k BETWEEN 5271883 AND 5271983
	Bitmap Heap Scan on sbtest1  (cost=5.37..365.72 rows=91 width=125)
	  Recheck Cond: ((k >= 5271883) AND (k <= 5271983))
	  ->  Bitmap Index Scan on k_1  (cost=0.00..5.34 rows=91 width=0)
	        Index Cond: ((k >= 5271883) AND (k <= 5271983))

table 2 : explain SELECT k, c FROM sbtest2 WHERE k BETWEEN 5271883 AND 5271983
	Bitmap Heap Scan on sbtest2  (cost=5.40..377.55 rows=94 width=125)
	  Recheck Cond: ((k >= 5271883) AND (k <= 5271983))
	  ->  Bitmap Index Scan on k_2  (cost=0.00..5.38 rows=94 width=0)
	        Index Cond: ((k >= 5271883) AND (k <= 5271983))

table 3 : explain SELECT k, c FROM sbtest3 WHERE k BETWEEN 5271883 AND 5271983
	Bitmap Heap Scan on sbtest3  (cost=5.50..416.94 rows=104 width=125)
	  Recheck Cond: ((k >= 5271883) AND (k <= 5271983))
	  ->  Bitmap Index Scan on k_3  (cost=0.00..5.47 rows=104 width=0)
	        Index Cond: ((k >= 5271883) AND (k <= 5271983))

table 4 : explain SELECT k, c FROM sbtest4 WHERE k BETWEEN 5271883 AND 5271983
	Bitmap Heap Scan on sbtest4  (cost=5.63..468.09 rows=117 width=125)
	  Recheck Cond: ((k >= 5271883) AND (k <= 5271983))
	  ->  Bitmap Index Scan on k_4  (cost=0.00..5.60 rows=117 width=0)
	        Index Cond: ((k >= 5271883) AND (k <= 5271983))

table 5 : explain SELECT k, c FROM sbtest5 WHERE k BETWEEN 5271883 AND 5271983
	Bitmap Heap Scan on sbtest5  (cost=5.41..381.49 rows=95 width=125)
	  Recheck Cond: ((k >= 5271883) AND (k <= 5271983))
	  ->  Bitmap Index Scan on k_5  (cost=0.00..5.38 rows=95 width=0)
	        Index Cond: ((k >= 5271883) AND (k <= 5271983))

table 6 : explain SELECT k, c FROM sbtest6 WHERE k BETWEEN 5271883 AND 5271983
	Bitmap Heap Scan on sbtest6  (cost=5.41..381.49 rows=95 width=125)
	  Recheck Cond: ((k >= 5271883) AND (k <= 5271983))
	  ->  Bitmap Index Scan on k_6  (cost=0.00..5.38 rows=95 width=0)
	        Index Cond: ((k >= 5271883) AND (k <= 5271983))

table 7 : explain SELECT k, c FROM sbtest7 WHERE k BETWEEN 5271883 AND 5271983
	Bitmap Heap Scan on sbtest7  (cost=5.45..397.25 rows=99 width=125)
	  Recheck Cond: ((k >= 5271883) AND (k <= 5271983))
	  ->  Bitmap Index Scan on k_7  (cost=0.00..5.42 rows=99 width=0)
	        Index Cond: ((k >= 5271883) AND (k <= 5271983))

table 8 : explain SELECT k, c FROM sbtest8 WHERE k BETWEEN 5271883 AND 5271983
	Bitmap Heap Scan on sbtest8  (cost=5.50..416.94 rows=104 width=125)
	  Recheck Cond: ((k >= 5271883) AND (k <= 5271983))
	  ->  Bitmap Index Scan on k_8  (cost=0.00..5.47 rows=104 width=0)
	        Index Cond: ((k >= 5271883) AND (k <= 5271983))

explain: for range-notcovered :: explain SELECT k, c FROM sbtest%d WHERE k BETWEEN 5271883 AND 5271983
for range-notcovered
table 1 : explain SELECT k, c FROM sbtest1 WHERE k BETWEEN 6234223 AND 6234323
	Bitmap Heap Scan on sbtest1  (cost=5.39..373.61 rows=93 width=125)
	  Recheck Cond: ((k >= 6234223) AND (k <= 6234323))
	  ->  Bitmap Index Scan on k_1  (cost=0.00..5.36 rows=93 width=0)
	        Index Cond: ((k >= 6234223) AND (k <= 6234323))

table 2 : explain SELECT k, c FROM sbtest2 WHERE k BETWEEN 6234223 AND 6234323
	Bitmap Heap Scan on sbtest2  (cost=5.45..397.25 rows=99 width=125)
	  Recheck Cond: ((k >= 6234223) AND (k <= 6234323))
	  ->  Bitmap Index Scan on k_2  (cost=0.00..5.42 rows=99 width=0)
	        Index Cond: ((k >= 6234223) AND (k <= 6234323))

table 3 : explain SELECT k, c FROM sbtest3 WHERE k BETWEEN 6234223 AND 6234323
	Bitmap Heap Scan on sbtest3  (cost=5.42..385.43 rows=96 width=125)
	  Recheck Cond: ((k >= 6234223) AND (k <= 6234323))
	  ->  Bitmap Index Scan on k_3  (cost=0.00..5.39 rows=96 width=0)
	        Index Cond: ((k >= 6234223) AND (k <= 6234323))

table 4 : explain SELECT k, c FROM sbtest4 WHERE k BETWEEN 6234223 AND 6234323
	Bitmap Heap Scan on sbtest4  (cost=5.52..424.81 rows=106 width=125)
	  Recheck Cond: ((k >= 6234223) AND (k <= 6234323))
	  ->  Bitmap Index Scan on k_4  (cost=0.00..5.50 rows=106 width=0)
	        Index Cond: ((k >= 6234223) AND (k <= 6234323))

table 5 : explain SELECT k, c FROM sbtest5 WHERE k BETWEEN 6234223 AND 6234323
	Bitmap Heap Scan on sbtest5  (cost=5.42..385.43 rows=96 width=125)
	  Recheck Cond: ((k >= 6234223) AND (k <= 6234323))
	  ->  Bitmap Index Scan on k_5  (cost=0.00..5.39 rows=96 width=0)
	        Index Cond: ((k >= 6234223) AND (k <= 6234323))

table 6 : explain SELECT k, c FROM sbtest6 WHERE k BETWEEN 6234223 AND 6234323
	Bitmap Heap Scan on sbtest6  (cost=5.38..369.67 rows=92 width=125)
	  Recheck Cond: ((k >= 6234223) AND (k <= 6234323))
	  ->  Bitmap Index Scan on k_6  (cost=0.00..5.35 rows=92 width=0)
	        Index Cond: ((k >= 6234223) AND (k <= 6234323))

table 7 : explain SELECT k, c FROM sbtest7 WHERE k BETWEEN 6234223 AND 6234323
	Bitmap Heap Scan on sbtest7  (cost=5.47..405.13 rows=101 width=125)
	  Recheck Cond: ((k >= 6234223) AND (k <= 6234323))
	  ->  Bitmap Index Scan on k_7  (cost=0.00..5.44 rows=101 width=0)
	        Index Cond: ((k >= 6234223) AND (k <= 6234323))

table 8 : explain SELECT k, c FROM sbtest8 WHERE k BETWEEN 6234223 AND 6234323
	Bitmap Heap Scan on sbtest8  (cost=5.36..361.78 rows=90 width=125)
	  Recheck Cond: ((k >= 6234223) AND (k <= 6234323))
	  ->  Bitmap Index Scan on k_8  (cost=0.00..5.33 rows=90 width=0)
	        Index Cond: ((k >= 6234223) AND (k <= 6234323))

explain: for range-notcovered :: explain SELECT k, c FROM sbtest%d WHERE k BETWEEN 6234223 AND 6234323
explain: for range-notcovered :: explain SELECT k, c FROM sbtest%d WHERE k BETWEEN 968313 AND 968413
for range-notcovered
table 1 : explain SELECT k, c FROM sbtest1 WHERE k BETWEEN 6769575 AND 6769675
	Bitmap Heap Scan on sbtest1  (cost=5.54..432.69 rows=108 width=125)
	  Recheck Cond: ((k >= 6769575) AND (k <= 6769675))
	  ->  Bitmap Index Scan on k_1  (cost=0.00..5.51 rows=108 width=0)
	        Index Cond: ((k >= 6769575) AND (k <= 6769675))

table 2 : explain SELECT k, c FROM sbtest2 WHERE k BETWEEN 6769575 AND 6769675
	Bitmap Heap Scan on sbtest2  (cost=5.43..389.37 rows=97 width=125)
	  Recheck Cond: ((k >= 6769575) AND (k <= 6769675))
	  ->  Bitmap Index Scan on k_2  (cost=0.00..5.40 rows=97 width=0)
	        Index Cond: ((k >= 6769575) AND (k <= 6769675))

table 3 : explain SELECT k, c FROM sbtest3 WHERE k BETWEEN 6769575 AND 6769675
	Bitmap Heap Scan on sbtest3  (cost=5.45..397.25 rows=99 width=125)
	  Recheck Cond: ((k >= 6769575) AND (k <= 6769675))
	  ->  Bitmap Index Scan on k_3  (cost=0.00..5.42 rows=99 width=0)
	        Index Cond: ((k >= 6769575) AND (k <= 6769675))

table 4 : explain SELECT k, c FROM sbtest4 WHERE k BETWEEN 6769575 AND 6769675
	Bitmap Heap Scan on sbtest4  (cost=5.51..420.88 rows=105 width=125)
	  Recheck Cond: ((k >= 6769575) AND (k <= 6769675))
	  ->  Bitmap Index Scan on k_4  (cost=0.00..5.48 rows=105 width=0)
	        Index Cond: ((k >= 6769575) AND (k <= 6769675))

table 5 : explain SELECT k, c FROM sbtest5 WHERE k BETWEEN 6769575 AND 6769675
	Bitmap Heap Scan on sbtest5  (cost=5.43..389.37 rows=97 width=125)
	  Recheck Cond: ((k >= 6769575) AND (k <= 6769675))
	  ->  Bitmap Index Scan on k_5  (cost=0.00..5.40 rows=97 width=0)
	        Index Cond: ((k >= 6769575) AND (k <= 6769675))

table 6 : explain SELECT k, c FROM sbtest6 WHERE k BETWEEN 6769575 AND 6769675
	Bitmap Heap Scan on sbtest6  (cost=5.46..401.19 rows=100 width=125)
	  Recheck Cond: ((k >= 6769575) AND (k <= 6769675))
	  ->  Bitmap Index Scan on k_6  (cost=0.00..5.43 rows=100 width=0)
	        Index Cond: ((k >= 6769575) AND (k <= 6769675))

table 7 : explain SELECT k, c FROM sbtest7 WHERE k BETWEEN 6769575 AND 6769675
	Bitmap Heap Scan on sbtest7  (cost=5.58..448.42 rows=112 width=125)
	  Recheck Cond: ((k >= 6769575) AND (k <= 6769675))
	  ->  Bitmap Index Scan on k_7  (cost=0.00..5.55 rows=112 width=0)
	        Index Cond: ((k >= 6769575) AND (k <= 6769675))

table 8 : explain SELECT k, c FROM sbtest8 WHERE k BETWEEN 6769575 AND 6769675
	Bitmap Heap Scan on sbtest8  (cost=5.41..381.49 rows=95 width=125)
	  Recheck Cond: ((k >= 6769575) AND (k <= 6769675))
	  ->  Bitmap Index Scan on k_8  (cost=0.00..5.38 rows=95 width=0)
	        Index Cond: ((k >= 6769575) AND (k <= 6769675))

explain: for range-notcovered :: explain SELECT k, c FROM sbtest%d WHERE k BETWEEN 6769575 AND 6769675
for range-notcovered
table 1 : explain SELECT k, c FROM sbtest1 WHERE k BETWEEN 2433003 AND 2433103
	Bitmap Heap Scan on sbtest1  (cost=5.42..385.43 rows=96 width=125)
	  Recheck Cond: ((k >= 2433003) AND (k <= 2433103))
	  ->  Bitmap Index Scan on k_1  (cost=0.00..5.39 rows=96 width=0)
	        Index Cond: ((k >= 2433003) AND (k <= 2433103))

table 2 : explain SELECT k, c FROM sbtest2 WHERE k BETWEEN 2433003 AND 2433103
	Bitmap Heap Scan on sbtest2  (cost=5.44..393.31 rows=98 width=125)
	  Recheck Cond: ((k >= 2433003) AND (k <= 2433103))
	  ->  Bitmap Index Scan on k_2  (cost=0.00..5.42 rows=98 width=0)
	        Index Cond: ((k >= 2433003) AND (k <= 2433103))

table 3 : explain SELECT k, c FROM sbtest3 WHERE k BETWEEN 2433003 AND 2433103
	Bitmap Heap Scan on sbtest3  (cost=5.45..397.25 rows=99 width=125)
	  Recheck Cond: ((k >= 2433003) AND (k <= 2433103))
	  ->  Bitmap Index Scan on k_3  (cost=0.00..5.42 rows=99 width=0)
	        Index Cond: ((k >= 2433003) AND (k <= 2433103))

table 4 : explain SELECT k, c FROM sbtest4 WHERE k BETWEEN 2433003 AND 2433103
	Bitmap Heap Scan on sbtest4  (cost=5.44..393.31 rows=98 width=125)
	  Recheck Cond: ((k >= 2433003) AND (k <= 2433103))
	  ->  Bitmap Index Scan on k_4  (cost=0.00..5.42 rows=98 width=0)
	        Index Cond: ((k >= 2433003) AND (k <= 2433103))

table 5 : explain SELECT k, c FROM sbtest5 WHERE k BETWEEN 2433003 AND 2433103
	Bitmap Heap Scan on sbtest5  (cost=5.46..401.19 rows=100 width=125)
	  Recheck Cond: ((k >= 2433003) AND (k <= 2433103))
	  ->  Bitmap Index Scan on k_5  (cost=0.00..5.43 rows=100 width=0)
	        Index Cond: ((k >= 2433003) AND (k <= 2433103))

table 6 : explain SELECT k, c FROM sbtest6 WHERE k BETWEEN 2433003 AND 2433103
	Bitmap Heap Scan on sbtest6  (cost=5.40..377.55 rows=94 width=125)
	  Recheck Cond: ((k >= 2433003) AND (k <= 2433103))
	  ->  Bitmap Index Scan on k_6  (cost=0.00..5.38 rows=94 width=0)
	        Index Cond: ((k >= 2433003) AND (k <= 2433103))

table 7 : explain SELECT k, c FROM sbtest7 WHERE k BETWEEN 2433003 AND 2433103
	Bitmap Heap Scan on sbtest7  (cost=5.43..389.37 rows=97 width=125)
	  Recheck Cond: ((k >= 2433003) AND (k <= 2433103))
	  ->  Bitmap Index Scan on k_7  (cost=0.00..5.40 rows=97 width=0)
	        Index Cond: ((k >= 2433003) AND (k <= 2433103))

table 8 : explain SELECT k, c FROM sbtest8 WHERE k BETWEEN 2433003 AND 2433103
	Bitmap Heap Scan on sbtest8  (cost=5.49..413.00 rows=103 width=125)
	  Recheck Cond: ((k >= 2433003) AND (k <= 2433103))
	  ->  Bitmap Index Scan on k_8  (cost=0.00..5.46 rows=103 width=0)
	        Index Cond: ((k >= 2433003) AND (k <= 2433103))

for range-notcovered
table 1 : explain SELECT k, c FROM sbtest1 WHERE k BETWEEN 5271883 AND 5271983
	Bitmap Heap Scan on sbtest1  (cost=5.37..365.72 rows=91 width=125)
	  Recheck Cond: ((k >= 5271883) AND (k <= 5271983))
	  ->  Bitmap Index Scan on k_1  (cost=0.00..5.34 rows=91 width=0)
	        Index Cond: ((k >= 5271883) AND (k <= 5271983))

table 2 : explain SELECT k, c FROM sbtest2 WHERE k BETWEEN 5271883 AND 5271983
	Bitmap Heap Scan on sbtest2  (cost=5.40..377.55 rows=94 width=125)
	  Recheck Cond: ((k >= 5271883) AND (k <= 5271983))
	  ->  Bitmap Index Scan on k_2  (cost=0.00..5.38 rows=94 width=0)
	        Index Cond: ((k >= 5271883) AND (k <= 5271983))

table 3 : explain SELECT k, c FROM sbtest3 WHERE k BETWEEN 5271883 AND 5271983
	Bitmap Heap Scan on sbtest3  (cost=5.50..416.94 rows=104 width=125)
	  Recheck Cond: ((k >= 5271883) AND (k <= 5271983))
	  ->  Bitmap Index Scan on k_3  (cost=0.00..5.47 rows=104 width=0)
	        Index Cond: ((k >= 5271883) AND (k <= 5271983))

table 4 : explain SELECT k, c FROM sbtest4 WHERE k BETWEEN 5271883 AND 5271983
	Bitmap Heap Scan on sbtest4  (cost=5.63..468.09 rows=117 width=125)
	  Recheck Cond: ((k >= 5271883) AND (k <= 5271983))
	  ->  Bitmap Index Scan on k_4  (cost=0.00..5.60 rows=117 width=0)
	        Index Cond: ((k >= 5271883) AND (k <= 5271983))

table 5 : explain SELECT k, c FROM sbtest5 WHERE k BETWEEN 5271883 AND 5271983
	Bitmap Heap Scan on sbtest5  (cost=5.41..381.49 rows=95 width=125)
	  Recheck Cond: ((k >= 5271883) AND (k <= 5271983))
	  ->  Bitmap Index Scan on k_5  (cost=0.00..5.38 rows=95 width=0)
	        Index Cond: ((k >= 5271883) AND (k <= 5271983))

table 6 : explain SELECT k, c FROM sbtest6 WHERE k BETWEEN 5271883 AND 5271983
	Bitmap Heap Scan on sbtest6  (cost=5.41..381.49 rows=95 width=125)
	  Recheck Cond: ((k >= 5271883) AND (k <= 5271983))
	  ->  Bitmap Index Scan on k_6  (cost=0.00..5.38 rows=95 width=0)
	        Index Cond: ((k >= 5271883) AND (k <= 5271983))

table 7 : explain SELECT k, c FROM sbtest7 WHERE k BETWEEN 5271883 AND 5271983
	Bitmap Heap Scan on sbtest7  (cost=5.45..397.25 rows=99 width=125)
	  Recheck Cond: ((k >= 5271883) AND (k <= 5271983))
	  ->  Bitmap Index Scan on k_7  (cost=0.00..5.42 rows=99 width=0)
	        Index Cond: ((k >= 5271883) AND (k <= 5271983))

table 8 : explain SELECT k, c FROM sbtest8 WHERE k BETWEEN 5271883 AND 5271983
	Bitmap Heap Scan on sbtest8  (cost=5.50..416.94 rows=104 width=125)
	  Recheck Cond: ((k >= 5271883) AND (k <= 5271983))
	  ->  Bitmap Index Scan on k_8  (cost=0.00..5.47 rows=104 width=0)
	        Index Cond: ((k >= 5271883) AND (k <= 5271983))

explain: for range-notcovered :: explain SELECT k, c FROM sbtest%d WHERE k BETWEEN 2433003 AND 2433103
explain: for range-notcovered :: explain SELECT k, c FROM sbtest%d WHERE k BETWEEN 5271883 AND 5271983
for range-notcovered
table 1 : explain SELECT k, c FROM sbtest1 WHERE k BETWEEN 6769575 AND 6769675
	Bitmap Heap Scan on sbtest1  (cost=5.54..432.69 rows=108 width=125)
	  Recheck Cond: ((k >= 6769575) AND (k <= 6769675))
	  ->  Bitmap Index Scan on k_1  (cost=0.00..5.51 rows=108 width=0)
	        Index Cond: ((k >= 6769575) AND (k <= 6769675))

table 2 : explain SELECT k, c FROM sbtest2 WHERE k BETWEEN 6769575 AND 6769675
	Bitmap Heap Scan on sbtest2  (cost=5.43..389.37 rows=97 width=125)
	  Recheck Cond: ((k >= 6769575) AND (k <= 6769675))
	  ->  Bitmap Index Scan on k_2  (cost=0.00..5.40 rows=97 width=0)
	        Index Cond: ((k >= 6769575) AND (k <= 6769675))

table 3 : explain SELECT k, c FROM sbtest3 WHERE k BETWEEN 6769575 AND 6769675
	Bitmap Heap Scan on sbtest3  (cost=5.45..397.25 rows=99 width=125)
	  Recheck Cond: ((k >= 6769575) AND (k <= 6769675))
	  ->  Bitmap Index Scan on k_3  (cost=0.00..5.42 rows=99 width=0)
	        Index Cond: ((k >= 6769575) AND (k <= 6769675))

table 4 : explain SELECT k, c FROM sbtest4 WHERE k BETWEEN 6769575 AND 6769675
	Bitmap Heap Scan on sbtest4  (cost=5.51..420.88 rows=105 width=125)
	  Recheck Cond: ((k >= 6769575) AND (k <= 6769675))
	  ->  Bitmap Index Scan on k_4  (cost=0.00..5.48 rows=105 width=0)
	        Index Cond: ((k >= 6769575) AND (k <= 6769675))

table 5 : explain SELECT k, c FROM sbtest5 WHERE k BETWEEN 6769575 AND 6769675
	Bitmap Heap Scan on sbtest5  (cost=5.43..389.37 rows=97 width=125)
	  Recheck Cond: ((k >= 6769575) AND (k <= 6769675))
	  ->  Bitmap Index Scan on k_5  (cost=0.00..5.40 rows=97 width=0)
	        Index Cond: ((k >= 6769575) AND (k <= 6769675))

table 6 : explain SELECT k, c FROM sbtest6 WHERE k BETWEEN 6769575 AND 6769675
	Bitmap Heap Scan on sbtest6  (cost=5.46..401.19 rows=100 width=125)
	  Recheck Cond: ((k >= 6769575) AND (k <= 6769675))
	  ->  Bitmap Index Scan on k_6  (cost=0.00..5.43 rows=100 width=0)
	        Index Cond: ((k >= 6769575) AND (k <= 6769675))

table 7 : explain SELECT k, c FROM sbtest7 WHERE k BETWEEN 6769575 AND 6769675
	Bitmap Heap Scan on sbtest7  (cost=5.58..448.42 rows=112 width=125)
	  Recheck Cond: ((k >= 6769575) AND (k <= 6769675))
	  ->  Bitmap Index Scan on k_7  (cost=0.00..5.55 rows=112 width=0)
	        Index Cond: ((k >= 6769575) AND (k <= 6769675))

table 8 : explain SELECT k, c FROM sbtest8 WHERE k BETWEEN 6769575 AND 6769675
	Bitmap Heap Scan on sbtest8  (cost=5.41..381.49 rows=95 width=125)
	  Recheck Cond: ((k >= 6769575) AND (k <= 6769675))
	  ->  Bitmap Index Scan on k_8  (cost=0.00..5.38 rows=95 width=0)
	        Index Cond: ((k >= 6769575) AND (k <= 6769675))

explain: for range-notcovered :: explain SELECT k, c FROM sbtest%d WHERE k BETWEEN 6769575 AND 6769675
explain: for range-notcovered :: explain SELECT k, c FROM sbtest%d WHERE k BETWEEN 4852801 AND 4852901
for range-notcovered
table 1 : explain SELECT k, c FROM sbtest1 WHERE k BETWEEN 2433003 AND 2433103
	Bitmap Heap Scan on sbtest1  (cost=5.42..385.43 rows=96 width=125)
	  Recheck Cond: ((k >= 2433003) AND (k <= 2433103))
	  ->  Bitmap Index Scan on k_1  (cost=0.00..5.39 rows=96 width=0)
	        Index Cond: ((k >= 2433003) AND (k <= 2433103))

table 2 : explain SELECT k, c FROM sbtest2 WHERE k BETWEEN 2433003 AND 2433103
	Bitmap Heap Scan on sbtest2  (cost=5.44..393.31 rows=98 width=125)
	  Recheck Cond: ((k >= 2433003) AND (k <= 2433103))
	  ->  Bitmap Index Scan on k_2  (cost=0.00..5.42 rows=98 width=0)
	        Index Cond: ((k >= 2433003) AND (k <= 2433103))

table 3 : explain SELECT k, c FROM sbtest3 WHERE k BETWEEN 2433003 AND 2433103
	Bitmap Heap Scan on sbtest3  (cost=5.45..397.25 rows=99 width=125)
	  Recheck Cond: ((k >= 2433003) AND (k <= 2433103))
	  ->  Bitmap Index Scan on k_3  (cost=0.00..5.42 rows=99 width=0)
	        Index Cond: ((k >= 2433003) AND (k <= 2433103))

table 4 : explain SELECT k, c FROM sbtest4 WHERE k BETWEEN 2433003 AND 2433103
	Bitmap Heap Scan on sbtest4  (cost=5.44..393.31 rows=98 width=125)
	  Recheck Cond: ((k >= 2433003) AND (k <= 2433103))
	  ->  Bitmap Index Scan on k_4  (cost=0.00..5.42 rows=98 width=0)
	        Index Cond: ((k >= 2433003) AND (k <= 2433103))

table 5 : explain SELECT k, c FROM sbtest5 WHERE k BETWEEN 2433003 AND 2433103
	Bitmap Heap Scan on sbtest5  (cost=5.46..401.19 rows=100 width=125)
	  Recheck Cond: ((k >= 2433003) AND (k <= 2433103))
	  ->  Bitmap Index Scan on k_5  (cost=0.00..5.43 rows=100 width=0)
	        Index Cond: ((k >= 2433003) AND (k <= 2433103))

table 6 : explain SELECT k, c FROM sbtest6 WHERE k BETWEEN 2433003 AND 2433103
	Bitmap Heap Scan on sbtest6  (cost=5.40..377.55 rows=94 width=125)
	  Recheck Cond: ((k >= 2433003) AND (k <= 2433103))
	  ->  Bitmap Index Scan on k_6  (cost=0.00..5.38 rows=94 width=0)
	        Index Cond: ((k >= 2433003) AND (k <= 2433103))

table 7 : explain SELECT k, c FROM sbtest7 WHERE k BETWEEN 2433003 AND 2433103
	Bitmap Heap Scan on sbtest7  (cost=5.43..389.37 rows=97 width=125)
	  Recheck Cond: ((k >= 2433003) AND (k <= 2433103))
	  ->  Bitmap Index Scan on k_7  (cost=0.00..5.40 rows=97 width=0)
	        Index Cond: ((k >= 2433003) AND (k <= 2433103))

table 8 : explain SELECT k, c FROM sbtest8 WHERE k BETWEEN 2433003 AND 2433103
	Bitmap Heap Scan on sbtest8  (cost=5.49..413.00 rows=103 width=125)
	  Recheck Cond: ((k >= 2433003) AND (k <= 2433103))
	  ->  Bitmap Index Scan on k_8  (cost=0.00..5.46 rows=103 width=0)
	        Index Cond: ((k >= 2433003) AND (k <= 2433103))

explain: for range-notcovered :: explain SELECT k, c FROM sbtest%d WHERE k BETWEEN 2433003 AND 2433103
explain: for range-notcovered :: explain SELECT k, c FROM sbtest%d WHERE k BETWEEN 6062903 AND 6063003
for range-notcovered
table 1 : explain SELECT k, c FROM sbtest1 WHERE k BETWEEN 5271883 AND 5271983
	Bitmap Heap Scan on sbtest1  (cost=5.37..365.72 rows=91 width=125)
	  Recheck Cond: ((k >= 5271883) AND (k <= 5271983))
	  ->  Bitmap Index Scan on k_1  (cost=0.00..5.34 rows=91 width=0)
	        Index Cond: ((k >= 5271883) AND (k <= 5271983))

table 2 : explain SELECT k, c FROM sbtest2 WHERE k BETWEEN 5271883 AND 5271983
	Bitmap Heap Scan on sbtest2  (cost=5.40..377.55 rows=94 width=125)
	  Recheck Cond: ((k >= 5271883) AND (k <= 5271983))
	  ->  Bitmap Index Scan on k_2  (cost=0.00..5.38 rows=94 width=0)
	        Index Cond: ((k >= 5271883) AND (k <= 5271983))

table 3 : explain SELECT k, c FROM sbtest3 WHERE k BETWEEN 5271883 AND 5271983
	Bitmap Heap Scan on sbtest3  (cost=5.50..416.94 rows=104 width=125)
	  Recheck Cond: ((k >= 5271883) AND (k <= 5271983))
	  ->  Bitmap Index Scan on k_3  (cost=0.00..5.47 rows=104 width=0)
	        Index Cond: ((k >= 5271883) AND (k <= 5271983))

table 4 : explain SELECT k, c FROM sbtest4 WHERE k BETWEEN 5271883 AND 5271983
	Bitmap Heap Scan on sbtest4  (cost=5.63..468.09 rows=117 width=125)
	  Recheck Cond: ((k >= 5271883) AND (k <= 5271983))
	  ->  Bitmap Index Scan on k_4  (cost=0.00..5.60 rows=117 width=0)
	        Index Cond: ((k >= 5271883) AND (k <= 5271983))

table 5 : explain SELECT k, c FROM sbtest5 WHERE k BETWEEN 5271883 AND 5271983
	Bitmap Heap Scan on sbtest5  (cost=5.41..381.49 rows=95 width=125)
	  Recheck Cond: ((k >= 5271883) AND (k <= 5271983))
	  ->  Bitmap Index Scan on k_5  (cost=0.00..5.38 rows=95 width=0)
	        Index Cond: ((k >= 5271883) AND (k <= 5271983))

table 6 : explain SELECT k, c FROM sbtest6 WHERE k BETWEEN 5271883 AND 5271983
	Bitmap Heap Scan on sbtest6  (cost=5.41..381.49 rows=95 width=125)
	  Recheck Cond: ((k >= 5271883) AND (k <= 5271983))
	  ->  Bitmap Index Scan on k_6  (cost=0.00..5.38 rows=95 width=0)
	        Index Cond: ((k >= 5271883) AND (k <= 5271983))

table 7 : explain SELECT k, c FROM sbtest7 WHERE k BETWEEN 5271883 AND 5271983
	Bitmap Heap Scan on sbtest7  (cost=5.45..397.25 rows=99 width=125)
	  Recheck Cond: ((k >= 5271883) AND (k <= 5271983))
	  ->  Bitmap Index Scan on k_7  (cost=0.00..5.42 rows=99 width=0)
	        Index Cond: ((k >= 5271883) AND (k <= 5271983))

table 8 : explain SELECT k, c FROM sbtest8 WHERE k BETWEEN 5271883 AND 5271983
	Bitmap Heap Scan on sbtest8  (cost=5.50..416.94 rows=104 width=125)
	  Recheck Cond: ((k >= 5271883) AND (k <= 5271983))
	  ->  Bitmap Index Scan on k_8  (cost=0.00..5.47 rows=104 width=0)
	        Index Cond: ((k >= 5271883) AND (k <= 5271983))

for range-notcovered
table 1 : explain SELECT k, c FROM sbtest1 WHERE k BETWEEN 6769575 AND 6769675
	Bitmap Heap Scan on sbtest1  (cost=5.54..432.69 rows=108 width=125)
	  Recheck Cond: ((k >= 6769575) AND (k <= 6769675))
	  ->  Bitmap Index Scan on k_1  (cost=0.00..5.51 rows=108 width=0)
	        Index Cond: ((k >= 6769575) AND (k <= 6769675))

table 2 : explain SELECT k, c FROM sbtest2 WHERE k BETWEEN 6769575 AND 6769675
	Bitmap Heap Scan on sbtest2  (cost=5.43..389.37 rows=97 width=125)
	  Recheck Cond: ((k >= 6769575) AND (k <= 6769675))
	  ->  Bitmap Index Scan on k_2  (cost=0.00..5.40 rows=97 width=0)
	        Index Cond: ((k >= 6769575) AND (k <= 6769675))

table 3 : explain SELECT k, c FROM sbtest3 WHERE k BETWEEN 6769575 AND 6769675
	Bitmap Heap Scan on sbtest3  (cost=5.45..397.25 rows=99 width=125)
	  Recheck Cond: ((k >= 6769575) AND (k <= 6769675))
	  ->  Bitmap Index Scan on k_3  (cost=0.00..5.42 rows=99 width=0)
	        Index Cond: ((k >= 6769575) AND (k <= 6769675))

table 4 : explain SELECT k, c FROM sbtest4 WHERE k BETWEEN 6769575 AND 6769675
	Bitmap Heap Scan on sbtest4  (cost=5.51..420.88 rows=105 width=125)
	  Recheck Cond: ((k >= 6769575) AND (k <= 6769675))
	  ->  Bitmap Index Scan on k_4  (cost=0.00..5.48 rows=105 width=0)
	        Index Cond: ((k >= 6769575) AND (k <= 6769675))

table 5 : explain SELECT k, c FROM sbtest5 WHERE k BETWEEN 6769575 AND 6769675
	Bitmap Heap Scan on sbtest5  (cost=5.43..389.37 rows=97 width=125)
	  Recheck Cond: ((k >= 6769575) AND (k <= 6769675))
	  ->  Bitmap Index Scan on k_5  (cost=0.00..5.40 rows=97 width=0)
	        Index Cond: ((k >= 6769575) AND (k <= 6769675))

table 6 : explain SELECT k, c FROM sbtest6 WHERE k BETWEEN 6769575 AND 6769675
	Bitmap Heap Scan on sbtest6  (cost=5.46..401.19 rows=100 width=125)
	  Recheck Cond: ((k >= 6769575) AND (k <= 6769675))
	  ->  Bitmap Index Scan on k_6  (cost=0.00..5.43 rows=100 width=0)
	        Index Cond: ((k >= 6769575) AND (k <= 6769675))

table 7 : explain SELECT k, c FROM sbtest7 WHERE k BETWEEN 6769575 AND 6769675
	Bitmap Heap Scan on sbtest7  (cost=5.58..448.42 rows=112 width=125)
	  Recheck Cond: ((k >= 6769575) AND (k <= 6769675))
	  ->  Bitmap Index Scan on k_7  (cost=0.00..5.55 rows=112 width=0)
	        Index Cond: ((k >= 6769575) AND (k <= 6769675))

table 8 : explain SELECT k, c FROM sbtest8 WHERE k BETWEEN 6769575 AND 6769675
	Bitmap Heap Scan on sbtest8  (cost=5.41..381.49 rows=95 width=125)
	  Recheck Cond: ((k >= 6769575) AND (k <= 6769675))
	  ->  Bitmap Index Scan on k_8  (cost=0.00..5.38 rows=95 width=0)
	        Index Cond: ((k >= 6769575) AND (k <= 6769675))

explain: for range-notcovered :: explain SELECT k, c FROM sbtest%d WHERE k BETWEEN 3981418 AND 3981518
for range-notcovered
table 1 : explain SELECT k, c FROM sbtest1 WHERE k BETWEEN 2433003 AND 2433103
	Bitmap Heap Scan on sbtest1  (cost=5.42..385.43 rows=96 width=125)
	  Recheck Cond: ((k >= 2433003) AND (k <= 2433103))
	  ->  Bitmap Index Scan on k_1  (cost=0.00..5.39 rows=96 width=0)
	        Index Cond: ((k >= 2433003) AND (k <= 2433103))

table 2 : explain SELECT k, c FROM sbtest2 WHERE k BETWEEN 2433003 AND 2433103
	Bitmap Heap Scan on sbtest2  (cost=5.44..393.31 rows=98 width=125)
	  Recheck Cond: ((k >= 2433003) AND (k <= 2433103))
	  ->  Bitmap Index Scan on k_2  (cost=0.00..5.42 rows=98 width=0)
	        Index Cond: ((k >= 2433003) AND (k <= 2433103))

table 3 : explain SELECT k, c FROM sbtest3 WHERE k BETWEEN 2433003 AND 2433103
	Bitmap Heap Scan on sbtest3  (cost=5.45..397.25 rows=99 width=125)
	  Recheck Cond: ((k >= 2433003) AND (k <= 2433103))
	  ->  Bitmap Index Scan on k_3  (cost=0.00..5.42 rows=99 width=0)
	        Index Cond: ((k >= 2433003) AND (k <= 2433103))

table 4 : explain SELECT k, c FROM sbtest4 WHERE k BETWEEN 2433003 AND 2433103
	Bitmap Heap Scan on sbtest4  (cost=5.44..393.31 rows=98 width=125)
	  Recheck Cond: ((k >= 2433003) AND (k <= 2433103))
	  ->  Bitmap Index Scan on k_4  (cost=0.00..5.42 rows=98 width=0)
	        Index Cond: ((k >= 2433003) AND (k <= 2433103))

table 5 : explain SELECT k, c FROM sbtest5 WHERE k BETWEEN 2433003 AND 2433103
	Bitmap Heap Scan on sbtest5  (cost=5.46..401.19 rows=100 width=125)
	  Recheck Cond: ((k >= 2433003) AND (k <= 2433103))
	  ->  Bitmap Index Scan on k_5  (cost=0.00..5.43 rows=100 width=0)
	        Index Cond: ((k >= 2433003) AND (k <= 2433103))

table 6 : explain SELECT k, c FROM sbtest6 WHERE k BETWEEN 2433003 AND 2433103
	Bitmap Heap Scan on sbtest6  (cost=5.40..377.55 rows=94 width=125)
	  Recheck Cond: ((k >= 2433003) AND (k <= 2433103))
	  ->  Bitmap Index Scan on k_6  (cost=0.00..5.38 rows=94 width=0)
	        Index Cond: ((k >= 2433003) AND (k <= 2433103))

table 7 : explain SELECT k, c FROM sbtest7 WHERE k BETWEEN 2433003 AND 2433103
	Bitmap Heap Scan on sbtest7  (cost=5.43..389.37 rows=97 width=125)
	  Recheck Cond: ((k >= 2433003) AND (k <= 2433103))
	  ->  Bitmap Index Scan on k_7  (cost=0.00..5.40 rows=97 width=0)
	        Index Cond: ((k >= 2433003) AND (k <= 2433103))

table 8 : explain SELECT k, c FROM sbtest8 WHERE k BETWEEN 2433003 AND 2433103
	Bitmap Heap Scan on sbtest8  (cost=5.49..413.00 rows=103 width=125)
	  Recheck Cond: ((k >= 2433003) AND (k <= 2433103))
	  ->  Bitmap Index Scan on k_8  (cost=0.00..5.46 rows=103 width=0)
	        Index Cond: ((k >= 2433003) AND (k <= 2433103))

explain: for range-notcovered :: explain SELECT k, c FROM sbtest%d WHERE k BETWEEN 2433003 AND 2433103
explain: for range-notcovered :: explain SELECT k, c FROM sbtest%d WHERE k BETWEEN 6769575 AND 6769675
for range-notcovered
table 1 : explain SELECT k, c FROM sbtest1 WHERE k BETWEEN 659562 AND 659662
	Bitmap Heap Scan on sbtest1  (cost=5.50..416.94 rows=104 width=125)
	  Recheck Cond: ((k >= 659562) AND (k <= 659662))
	  ->  Bitmap Index Scan on k_1  (cost=0.00..5.47 rows=104 width=0)
	        Index Cond: ((k >= 659562) AND (k <= 659662))

table 2 : explain SELECT k, c FROM sbtest2 WHERE k BETWEEN 659562 AND 659662
	Bitmap Heap Scan on sbtest2  (cost=5.55..436.62 rows=109 width=125)
	  Recheck Cond: ((k >= 659562) AND (k <= 659662))
	  ->  Bitmap Index Scan on k_2  (cost=0.00..5.52 rows=109 width=0)
	        Index Cond: ((k >= 659562) AND (k <= 659662))

table 3 : explain SELECT k, c FROM sbtest3 WHERE k BETWEEN 659562 AND 659662
	Bitmap Heap Scan on sbtest3  (cost=5.38..369.67 rows=92 width=125)
	  Recheck Cond: ((k >= 659562) AND (k <= 659662))
	  ->  Bitmap Index Scan on k_3  (cost=0.00..5.35 rows=92 width=0)
	        Index Cond: ((k >= 659562) AND (k <= 659662))

table 4 : explain SELECT k, c FROM sbtest4 WHERE k BETWEEN 659562 AND 659662
	Bitmap Heap Scan on sbtest4  (cost=5.55..436.62 rows=109 width=125)
	  Recheck Cond: ((k >= 659562) AND (k <= 659662))
	  ->  Bitmap Index Scan on k_4  (cost=0.00..5.52 rows=109 width=0)
	        Index Cond: ((k >= 659562) AND (k <= 659662))

table 5 : explain SELECT k, c FROM sbtest5 WHERE k BETWEEN 659562 AND 659662
	Bitmap Heap Scan on sbtest5  (cost=5.58..448.42 rows=112 width=125)
	  Recheck Cond: ((k >= 659562) AND (k <= 659662))
	  ->  Bitmap Index Scan on k_5  (cost=0.00..5.55 rows=112 width=0)
	        Index Cond: ((k >= 659562) AND (k <= 659662))

table 6 : explain SELECT k, c FROM sbtest6 WHERE k BETWEEN 659562 AND 659662
	Bitmap Heap Scan on sbtest6  (cost=5.47..405.13 rows=101 width=125)
	  Recheck Cond: ((k >= 659562) AND (k <= 659662))
	  ->  Bitmap Index Scan on k_6  (cost=0.00..5.44 rows=101 width=0)
	        Index Cond: ((k >= 659562) AND (k <= 659662))

table 7 : explain SELECT k, c FROM sbtest7 WHERE k BETWEEN 659562 AND 659662
	Bitmap Heap Scan on sbtest7  (cost=5.42..385.43 rows=96 width=125)
	  Recheck Cond: ((k >= 659562) AND (k <= 659662))
	  ->  Bitmap Index Scan on k_7  (cost=0.00..5.39 rows=96 width=0)
	        Index Cond: ((k >= 659562) AND (k <= 659662))

table 8 : explain SELECT k, c FROM sbtest8 WHERE k BETWEEN 659562 AND 659662
	Bitmap Heap Scan on sbtest8  (cost=5.55..436.62 rows=109 width=125)
	  Recheck Cond: ((k >= 659562) AND (k <= 659662))
	  ->  Bitmap Index Scan on k_8  (cost=0.00..5.52 rows=109 width=0)
	        Index Cond: ((k >= 659562) AND (k <= 659662))

explain: for range-notcovered :: explain SELECT k, c FROM sbtest%d WHERE k BETWEEN 659562 AND 659662
for range-notcovered
table 1 : explain SELECT k, c FROM sbtest1 WHERE k BETWEEN 3603391 AND 3603491
	Bitmap Heap Scan on sbtest1  (cost=5.47..405.13 rows=101 width=125)
	  Recheck Cond: ((k >= 3603391) AND (k <= 3603491))
	  ->  Bitmap Index Scan on k_1  (cost=0.00..5.44 rows=101 width=0)
	        Index Cond: ((k >= 3603391) AND (k <= 3603491))

table 2 : explain SELECT k, c FROM sbtest2 WHERE k BETWEEN 3603391 AND 3603491
	Bitmap Heap Scan on sbtest2  (cost=5.47..405.13 rows=101 width=125)
	  Recheck Cond: ((k >= 3603391) AND (k <= 3603491))
	  ->  Bitmap Index Scan on k_2  (cost=0.00..5.44 rows=101 width=0)
	        Index Cond: ((k >= 3603391) AND (k <= 3603491))

table 3 : explain SELECT k, c FROM sbtest3 WHERE k BETWEEN 3603391 AND 3603491
	Bitmap Heap Scan on sbtest3  (cost=5.42..385.43 rows=96 width=125)
	  Recheck Cond: ((k >= 3603391) AND (k <= 3603491))
	  ->  Bitmap Index Scan on k_3  (cost=0.00..5.39 rows=96 width=0)
	        Index Cond: ((k >= 3603391) AND (k <= 3603491))

table 4 : explain SELECT k, c FROM sbtest4 WHERE k BETWEEN 3603391 AND 3603491
	Bitmap Heap Scan on sbtest4  (cost=5.48..409.07 rows=102 width=125)
	  Recheck Cond: ((k >= 3603391) AND (k <= 3603491))
	  ->  Bitmap Index Scan on k_4  (cost=0.00..5.45 rows=102 width=0)
	        Index Cond: ((k >= 3603391) AND (k <= 3603491))

table 5 : explain SELECT k, c FROM sbtest5 WHERE k BETWEEN 3603391 AND 3603491
	Bitmap Heap Scan on sbtest5  (cost=5.55..436.62 rows=109 width=125)
	  Recheck Cond: ((k >= 3603391) AND (k <= 3603491))
	  ->  Bitmap Index Scan on k_5  (cost=0.00..5.52 rows=109 width=0)
	        Index Cond: ((k >= 3603391) AND (k <= 3603491))

table 6 : explain SELECT k, c FROM sbtest6 WHERE k BETWEEN 3603391 AND 3603491
	Bitmap Heap Scan on sbtest6  (cost=5.46..401.19 rows=100 width=125)
	  Recheck Cond: ((k >= 3603391) AND (k <= 3603491))
	  ->  Bitmap Index Scan on k_6  (cost=0.00..5.43 rows=100 width=0)
	        Index Cond: ((k >= 3603391) AND (k <= 3603491))

table 7 : explain SELECT k, c FROM sbtest7 WHERE k BETWEEN 3603391 AND 3603491
	Bitmap Heap Scan on sbtest7  (cost=5.49..413.00 rows=103 width=125)
	  Recheck Cond: ((k >= 3603391) AND (k <= 3603491))
	  ->  Bitmap Index Scan on k_7  (cost=0.00..5.46 rows=103 width=0)
	        Index Cond: ((k >= 3603391) AND (k <= 3603491))

table 8 : explain SELECT k, c FROM sbtest8 WHERE k BETWEEN 3603391 AND 3603491
	Bitmap Heap Scan on sbtest8  (cost=5.48..409.07 rows=102 width=125)
	  Recheck Cond: ((k >= 3603391) AND (k <= 3603491))
	  ->  Bitmap Index Scan on k_8  (cost=0.00..5.45 rows=102 width=0)
	        Index Cond: ((k >= 3603391) AND (k <= 3603491))

for range-notcovered
table 1 : explain SELECT k, c FROM sbtest1 WHERE k BETWEEN 6769575 AND 6769675
	Bitmap Heap Scan on sbtest1  (cost=5.54..432.69 rows=108 width=125)
	  Recheck Cond: ((k >= 6769575) AND (k <= 6769675))
	  ->  Bitmap Index Scan on k_1  (cost=0.00..5.51 rows=108 width=0)
	        Index Cond: ((k >= 6769575) AND (k <= 6769675))

table 2 : explain SELECT k, c FROM sbtest2 WHERE k BETWEEN 6769575 AND 6769675
	Bitmap Heap Scan on sbtest2  (cost=5.43..389.37 rows=97 width=125)
	  Recheck Cond: ((k >= 6769575) AND (k <= 6769675))
	  ->  Bitmap Index Scan on k_2  (cost=0.00..5.40 rows=97 width=0)
	        Index Cond: ((k >= 6769575) AND (k <= 6769675))

table 3 : explain SELECT k, c FROM sbtest3 WHERE k BETWEEN 6769575 AND 6769675
	Bitmap Heap Scan on sbtest3  (cost=5.45..397.25 rows=99 width=125)
	  Recheck Cond: ((k >= 6769575) AND (k <= 6769675))
	  ->  Bitmap Index Scan on k_3  (cost=0.00..5.42 rows=99 width=0)
	        Index Cond: ((k >= 6769575) AND (k <= 6769675))

table 4 : explain SELECT k, c FROM sbtest4 WHERE k BETWEEN 6769575 AND 6769675
	Bitmap Heap Scan on sbtest4  (cost=5.51..420.88 rows=105 width=125)
	  Recheck Cond: ((k >= 6769575) AND (k <= 6769675))
	  ->  Bitmap Index Scan on k_4  (cost=0.00..5.48 rows=105 width=0)
	        Index Cond: ((k >= 6769575) AND (k <= 6769675))

table 5 : explain SELECT k, c FROM sbtest5 WHERE k BETWEEN 6769575 AND 6769675
	Bitmap Heap Scan on sbtest5  (cost=5.43..389.37 rows=97 width=125)
	  Recheck Cond: ((k >= 6769575) AND (k <= 6769675))
	  ->  Bitmap Index Scan on k_5  (cost=0.00..5.40 rows=97 width=0)
	        Index Cond: ((k >= 6769575) AND (k <= 6769675))

table 6 : explain SELECT k, c FROM sbtest6 WHERE k BETWEEN 6769575 AND 6769675
	Bitmap Heap Scan on sbtest6  (cost=5.46..401.19 rows=100 width=125)
	  Recheck Cond: ((k >= 6769575) AND (k <= 6769675))
	  ->  Bitmap Index Scan on k_6  (cost=0.00..5.43 rows=100 width=0)
	        Index Cond: ((k >= 6769575) AND (k <= 6769675))

table 7 : explain SELECT k, c FROM sbtest7 WHERE k BETWEEN 6769575 AND 6769675
	Bitmap Heap Scan on sbtest7  (cost=5.58..448.42 rows=112 width=125)
	  Recheck Cond: ((k >= 6769575) AND (k <= 6769675))
	  ->  Bitmap Index Scan on k_7  (cost=0.00..5.55 rows=112 width=0)
	        Index Cond: ((k >= 6769575) AND (k <= 6769675))

table 8 : explain SELECT k, c FROM sbtest8 WHERE k BETWEEN 6769575 AND 6769675
	Bitmap Heap Scan on sbtest8  (cost=5.41..381.49 rows=95 width=125)
	  Recheck Cond: ((k >= 6769575) AND (k <= 6769675))
	  ->  Bitmap Index Scan on k_8  (cost=0.00..5.38 rows=95 width=0)
	        Index Cond: ((k >= 6769575) AND (k <= 6769675))

for range-notcovered
table 1 : explain SELECT k, c FROM sbtest1 WHERE k BETWEEN 6234223 AND 6234323
	Bitmap Heap Scan on sbtest1  (cost=5.39..373.61 rows=93 width=125)
	  Recheck Cond: ((k >= 6234223) AND (k <= 6234323))
	  ->  Bitmap Index Scan on k_1  (cost=0.00..5.36 rows=93 width=0)
	        Index Cond: ((k >= 6234223) AND (k <= 6234323))

table 2 : explain SELECT k, c FROM sbtest2 WHERE k BETWEEN 6234223 AND 6234323
	Bitmap Heap Scan on sbtest2  (cost=5.45..397.25 rows=99 width=125)
	  Recheck Cond: ((k >= 6234223) AND (k <= 6234323))
	  ->  Bitmap Index Scan on k_2  (cost=0.00..5.42 rows=99 width=0)
	        Index Cond: ((k >= 6234223) AND (k <= 6234323))

table 3 : explain SELECT k, c FROM sbtest3 WHERE k BETWEEN 6234223 AND 6234323
	Bitmap Heap Scan on sbtest3  (cost=5.42..385.43 rows=96 width=125)
	  Recheck Cond: ((k >= 6234223) AND (k <= 6234323))
	  ->  Bitmap Index Scan on k_3  (cost=0.00..5.39 rows=96 width=0)
	        Index Cond: ((k >= 6234223) AND (k <= 6234323))

table 4 : explain SELECT k, c FROM sbtest4 WHERE k BETWEEN 6234223 AND 6234323
	Bitmap Heap Scan on sbtest4  (cost=5.52..424.81 rows=106 width=125)
	  Recheck Cond: ((k >= 6234223) AND (k <= 6234323))
	  ->  Bitmap Index Scan on k_4  (cost=0.00..5.50 rows=106 width=0)
	        Index Cond: ((k >= 6234223) AND (k <= 6234323))

table 5 : explain SELECT k, c FROM sbtest5 WHERE k BETWEEN 6234223 AND 6234323
	Bitmap Heap Scan on sbtest5  (cost=5.42..385.43 rows=96 width=125)
	  Recheck Cond: ((k >= 6234223) AND (k <= 6234323))
	  ->  Bitmap Index Scan on k_5  (cost=0.00..5.39 rows=96 width=0)
	        Index Cond: ((k >= 6234223) AND (k <= 6234323))

table 6 : explain SELECT k, c FROM sbtest6 WHERE k BETWEEN 6234223 AND 6234323
	Bitmap Heap Scan on sbtest6  (cost=5.38..369.67 rows=92 width=125)
	  Recheck Cond: ((k >= 6234223) AND (k <= 6234323))
	  ->  Bitmap Index Scan on k_6  (cost=0.00..5.35 rows=92 width=0)
	        Index Cond: ((k >= 6234223) AND (k <= 6234323))

table 7 : explain SELECT k, c FROM sbtest7 WHERE k BETWEEN 6234223 AND 6234323
	Bitmap Heap Scan on sbtest7  (cost=5.47..405.13 rows=101 width=125)
	  Recheck Cond: ((k >= 6234223) AND (k <= 6234323))
	  ->  Bitmap Index Scan on k_7  (cost=0.00..5.44 rows=101 width=0)
	        Index Cond: ((k >= 6234223) AND (k <= 6234323))

table 8 : explain SELECT k, c FROM sbtest8 WHERE k BETWEEN 6234223 AND 6234323
	Bitmap Heap Scan on sbtest8  (cost=5.36..361.78 rows=90 width=125)
	  Recheck Cond: ((k >= 6234223) AND (k <= 6234323))
	  ->  Bitmap Index Scan on k_8  (cost=0.00..5.33 rows=90 width=0)
	        Index Cond: ((k >= 6234223) AND (k <= 6234323))

explain: for range-notcovered :: explain SELECT k, c FROM sbtest%d WHERE k BETWEEN 6769575 AND 6769675
explain: for range-notcovered :: explain SELECT k, c FROM sbtest%d WHERE k BETWEEN 6234223 AND 6234323
for range-notcovered
table 1 : explain SELECT k, c FROM sbtest1 WHERE k BETWEEN 1897798 AND 1897898
	Bitmap Heap Scan on sbtest1  (cost=5.50..416.94 rows=104 width=125)
	  Recheck Cond: ((k >= 1897798) AND (k <= 1897898))
	  ->  Bitmap Index Scan on k_1  (cost=0.00..5.47 rows=104 width=0)
	        Index Cond: ((k >= 1897798) AND (k <= 1897898))

table 2 : explain SELECT k, c FROM sbtest2 WHERE k BETWEEN 1897798 AND 1897898
	Bitmap Heap Scan on sbtest2  (cost=5.40..377.55 rows=94 width=125)
	  Recheck Cond: ((k >= 1897798) AND (k <= 1897898))
	  ->  Bitmap Index Scan on k_2  (cost=0.00..5.38 rows=94 width=0)
	        Index Cond: ((k >= 1897798) AND (k <= 1897898))

table 3 : explain SELECT k, c FROM sbtest3 WHERE k BETWEEN 1897798 AND 1897898
	Bitmap Heap Scan on sbtest3  (cost=5.40..377.55 rows=94 width=125)
	  Recheck Cond: ((k >= 1897798) AND (k <= 1897898))
	  ->  Bitmap Index Scan on k_3  (cost=0.00..5.38 rows=94 width=0)
	        Index Cond: ((k >= 1897798) AND (k <= 1897898))

table 4 : explain SELECT k, c FROM sbtest4 WHERE k BETWEEN 1897798 AND 1897898
	Bitmap Heap Scan on sbtest4  (cost=5.45..397.25 rows=99 width=125)
	  Recheck Cond: ((k >= 1897798) AND (k <= 1897898))
	  ->  Bitmap Index Scan on k_4  (cost=0.00..5.42 rows=99 width=0)
	        Index Cond: ((k >= 1897798) AND (k <= 1897898))

table 5 : explain SELECT k, c FROM sbtest5 WHERE k BETWEEN 1897798 AND 1897898
	Bitmap Heap Scan on sbtest5  (cost=5.53..428.75 rows=107 width=125)
	  Recheck Cond: ((k >= 1897798) AND (k <= 1897898))
	  ->  Bitmap Index Scan on k_5  (cost=0.00..5.50 rows=107 width=0)
	        Index Cond: ((k >= 1897798) AND (k <= 1897898))

table 6 : explain SELECT k, c FROM sbtest6 WHERE k BETWEEN 1897798 AND 1897898
	Bitmap Heap Scan on sbtest6  (cost=5.51..420.88 rows=105 width=125)
	  Recheck Cond: ((k >= 1897798) AND (k <= 1897898))
	  ->  Bitmap Index Scan on k_6  (cost=0.00..5.48 rows=105 width=0)
	        Index Cond: ((k >= 1897798) AND (k <= 1897898))

table 7 : explain SELECT k, c FROM sbtest7 WHERE k BETWEEN 1897798 AND 1897898
	Bitmap Heap Scan on sbtest7  (cost=5.41..381.49 rows=95 width=125)
	  Recheck Cond: ((k >= 1897798) AND (k <= 1897898))
	  ->  Bitmap Index Scan on k_7  (cost=0.00..5.38 rows=95 width=0)
	        Index Cond: ((k >= 1897798) AND (k <= 1897898))

table 8 : explain SELECT k, c FROM sbtest8 WHERE k BETWEEN 1897798 AND 1897898
	Bitmap Heap Scan on sbtest8  (cost=5.45..397.25 rows=99 width=125)
	  Recheck Cond: ((k >= 1897798) AND (k <= 1897898))
	  ->  Bitmap Index Scan on k_8  (cost=0.00..5.42 rows=99 width=0)
	        Index Cond: ((k >= 1897798) AND (k <= 1897898))

for range-notcovered
table 1 : explain SELECT k, c FROM sbtest1 WHERE k BETWEEN 2655504 AND 2655604
	Bitmap Heap Scan on sbtest1  (cost=5.49..413.00 rows=103 width=125)
	  Recheck Cond: ((k >= 2655504) AND (k <= 2655604))
	  ->  Bitmap Index Scan on k_1  (cost=0.00..5.46 rows=103 width=0)
	        Index Cond: ((k >= 2655504) AND (k <= 2655604))

table 2 : explain SELECT k, c FROM sbtest2 WHERE k BETWEEN 2655504 AND 2655604
	Bitmap Heap Scan on sbtest2  (cost=5.32..346.00 rows=86 width=125)
	  Recheck Cond: ((k >= 2655504) AND (k <= 2655604))
	  ->  Bitmap Index Scan on k_2  (cost=0.00..5.29 rows=86 width=0)
	        Index Cond: ((k >= 2655504) AND (k <= 2655604))

table 3 : explain SELECT k, c FROM sbtest3 WHERE k BETWEEN 2655504 AND 2655604
	Bitmap Heap Scan on sbtest3  (cost=5.41..381.49 rows=95 width=125)
	  Recheck Cond: ((k >= 2655504) AND (k <= 2655604))
	  ->  Bitmap Index Scan on k_3  (cost=0.00..5.38 rows=95 width=0)
	        Index Cond: ((k >= 2655504) AND (k <= 2655604))

table 4 : explain SELECT k, c FROM sbtest4 WHERE k BETWEEN 2655504 AND 2655604
	Bitmap Heap Scan on sbtest4  (cost=5.48..409.07 rows=102 width=125)
	  Recheck Cond: ((k >= 2655504) AND (k <= 2655604))
	  ->  Bitmap Index Scan on k_4  (cost=0.00..5.45 rows=102 width=0)
	        Index Cond: ((k >= 2655504) AND (k <= 2655604))

table 5 : explain SELECT k, c FROM sbtest5 WHERE k BETWEEN 2655504 AND 2655604
	Bitmap Heap Scan on sbtest5  (cost=5.47..405.13 rows=101 width=125)
	  Recheck Cond: ((k >= 2655504) AND (k <= 2655604))
	  ->  Bitmap Index Scan on k_5  (cost=0.00..5.44 rows=101 width=0)
	        Index Cond: ((k >= 2655504) AND (k <= 2655604))

table 6 : explain SELECT k, c FROM sbtest6 WHERE k BETWEEN 2655504 AND 2655604
	Bitmap Heap Scan on sbtest6  (cost=5.59..452.36 rows=113 width=125)
	  Recheck Cond: ((k >= 2655504) AND (k <= 2655604))
	  ->  Bitmap Index Scan on k_6  (cost=0.00..5.56 rows=113 width=0)
	        Index Cond: ((k >= 2655504) AND (k <= 2655604))

table 7 : explain SELECT k, c FROM sbtest7 WHERE k BETWEEN 2655504 AND 2655604
	Bitmap Heap Scan on sbtest7  (cost=5.44..393.31 rows=98 width=125)
	  Recheck Cond: ((k >= 2655504) AND (k <= 2655604))
	  ->  Bitmap Index Scan on k_7  (cost=0.00..5.42 rows=98 width=0)
	        Index Cond: ((k >= 2655504) AND (k <= 2655604))

table 8 : explain SELECT k, c FROM sbtest8 WHERE k BETWEEN 2655504 AND 2655604
	Bitmap Heap Scan on sbtest8  (cost=5.50..416.94 rows=104 width=125)
	  Recheck Cond: ((k >= 2655504) AND (k <= 2655604))
	  ->  Bitmap Index Scan on k_8  (cost=0.00..5.47 rows=104 width=0)
	        Index Cond: ((k >= 2655504) AND (k <= 2655604))

for range-notcovered
table 1 : explain SELECT k, c FROM sbtest1 WHERE k BETWEEN 2290742 AND 2290842
	Bitmap Heap Scan on sbtest1  (cost=5.44..393.31 rows=98 width=125)
	  Recheck Cond: ((k >= 2290742) AND (k <= 2290842))
	  ->  Bitmap Index Scan on k_1  (cost=0.00..5.42 rows=98 width=0)
	        Index Cond: ((k >= 2290742) AND (k <= 2290842))

table 2 : explain SELECT k, c FROM sbtest2 WHERE k BETWEEN 2290742 AND 2290842
	Bitmap Heap Scan on sbtest2  (cost=5.44..393.31 rows=98 width=125)
	  Recheck Cond: ((k >= 2290742) AND (k <= 2290842))
	  ->  Bitmap Index Scan on k_2  (cost=0.00..5.42 rows=98 width=0)
	        Index Cond: ((k >= 2290742) AND (k <= 2290842))

table 3 : explain SELECT k, c FROM sbtest3 WHERE k BETWEEN 2290742 AND 2290842
	Bitmap Heap Scan on sbtest3  (cost=5.50..416.94 rows=104 width=125)
	  Recheck Cond: ((k >= 2290742) AND (k <= 2290842))
	  ->  Bitmap Index Scan on k_3  (cost=0.00..5.47 rows=104 width=0)
	        Index Cond: ((k >= 2290742) AND (k <= 2290842))

table 4 : explain SELECT k, c FROM sbtest4 WHERE k BETWEEN 2290742 AND 2290842
	Bitmap Heap Scan on sbtest4  (cost=5.47..405.13 rows=101 width=125)
	  Recheck Cond: ((k >= 2290742) AND (k <= 2290842))
	  ->  Bitmap Index Scan on k_4  (cost=0.00..5.44 rows=101 width=0)
	        Index Cond: ((k >= 2290742) AND (k <= 2290842))

table 5 : explain SELECT k, c FROM sbtest5 WHERE k BETWEEN 2290742 AND 2290842
	Bitmap Heap Scan on sbtest5  (cost=5.53..428.75 rows=107 width=125)
	  Recheck Cond: ((k >= 2290742) AND (k <= 2290842))
	  ->  Bitmap Index Scan on k_5  (cost=0.00..5.50 rows=107 width=0)
	        Index Cond: ((k >= 2290742) AND (k <= 2290842))

table 6 : explain SELECT k, c FROM sbtest6 WHERE k BETWEEN 2290742 AND 2290842
	Bitmap Heap Scan on sbtest6  (cost=5.45..397.25 rows=99 width=125)
	  Recheck Cond: ((k >= 2290742) AND (k <= 2290842))
	  ->  Bitmap Index Scan on k_6  (cost=0.00..5.42 rows=99 width=0)
	        Index Cond: ((k >= 2290742) AND (k <= 2290842))

table 7 : explain SELECT k, c FROM sbtest7 WHERE k BETWEEN 2290742 AND 2290842
	Bitmap Heap Scan on sbtest7  (cost=5.48..409.07 rows=102 width=125)
	  Recheck Cond: ((k >= 2290742) AND (k <= 2290842))
	  ->  Bitmap Index Scan on k_7  (cost=0.00..5.45 rows=102 width=0)
	        Index Cond: ((k >= 2290742) AND (k <= 2290842))

table 8 : explain SELECT k, c FROM sbtest8 WHERE k BETWEEN 2290742 AND 2290842
	Bitmap Heap Scan on sbtest8  (cost=5.46..401.19 rows=100 width=125)
	  Recheck Cond: ((k >= 2290742) AND (k <= 2290842))
	  ->  Bitmap Index Scan on k_8  (cost=0.00..5.43 rows=100 width=0)
	        Index Cond: ((k >= 2290742) AND (k <= 2290842))

explain: for range-notcovered :: explain SELECT k, c FROM sbtest%d WHERE k BETWEEN 2290742 AND 2290842
explain: for range-notcovered :: explain SELECT k, c FROM sbtest%d WHERE k BETWEEN 2655504 AND 2655604
for range-notcovered
table 1 : explain SELECT k, c FROM sbtest1 WHERE k BETWEEN 6234223 AND 6234323
	Bitmap Heap Scan on sbtest1  (cost=5.39..373.61 rows=93 width=125)
	  Recheck Cond: ((k >= 6234223) AND (k <= 6234323))
	  ->  Bitmap Index Scan on k_1  (cost=0.00..5.36 rows=93 width=0)
	        Index Cond: ((k >= 6234223) AND (k <= 6234323))

table 2 : explain SELECT k, c FROM sbtest2 WHERE k BETWEEN 6234223 AND 6234323
	Bitmap Heap Scan on sbtest2  (cost=5.45..397.25 rows=99 width=125)
	  Recheck Cond: ((k >= 6234223) AND (k <= 6234323))
	  ->  Bitmap Index Scan on k_2  (cost=0.00..5.42 rows=99 width=0)
	        Index Cond: ((k >= 6234223) AND (k <= 6234323))

table 3 : explain SELECT k, c FROM sbtest3 WHERE k BETWEEN 6234223 AND 6234323
	Bitmap Heap Scan on sbtest3  (cost=5.42..385.43 rows=96 width=125)
	  Recheck Cond: ((k >= 6234223) AND (k <= 6234323))
	  ->  Bitmap Index Scan on k_3  (cost=0.00..5.39 rows=96 width=0)
	        Index Cond: ((k >= 6234223) AND (k <= 6234323))

table 4 : explain SELECT k, c FROM sbtest4 WHERE k BETWEEN 6234223 AND 6234323
	Bitmap Heap Scan on sbtest4  (cost=5.52..424.81 rows=106 width=125)
	  Recheck Cond: ((k >= 6234223) AND (k <= 6234323))
	  ->  Bitmap Index Scan on k_4  (cost=0.00..5.50 rows=106 width=0)
	        Index Cond: ((k >= 6234223) AND (k <= 6234323))

table 5 : explain SELECT k, c FROM sbtest5 WHERE k BETWEEN 6234223 AND 6234323
	Bitmap Heap Scan on sbtest5  (cost=5.42..385.43 rows=96 width=125)
	  Recheck Cond: ((k >= 6234223) AND (k <= 6234323))
	  ->  Bitmap Index Scan on k_5  (cost=0.00..5.39 rows=96 width=0)
	        Index Cond: ((k >= 6234223) AND (k <= 6234323))

table 6 : explain SELECT k, c FROM sbtest6 WHERE k BETWEEN 6234223 AND 6234323
	Bitmap Heap Scan on sbtest6  (cost=5.38..369.67 rows=92 width=125)
	  Recheck Cond: ((k >= 6234223) AND (k <= 6234323))
	  ->  Bitmap Index Scan on k_6  (cost=0.00..5.35 rows=92 width=0)
	        Index Cond: ((k >= 6234223) AND (k <= 6234323))

table 7 : explain SELECT k, c FROM sbtest7 WHERE k BETWEEN 6234223 AND 6234323
	Bitmap Heap Scan on sbtest7  (cost=5.47..405.13 rows=101 width=125)
	  Recheck Cond: ((k >= 6234223) AND (k <= 6234323))
	  ->  Bitmap Index Scan on k_7  (cost=0.00..5.44 rows=101 width=0)
	        Index Cond: ((k >= 6234223) AND (k <= 6234323))

table 8 : explain SELECT k, c FROM sbtest8 WHERE k BETWEEN 6234223 AND 6234323
	Bitmap Heap Scan on sbtest8  (cost=5.36..361.78 rows=90 width=125)
	  Recheck Cond: ((k >= 6234223) AND (k <= 6234323))
	  ->  Bitmap Index Scan on k_8  (cost=0.00..5.33 rows=90 width=0)
	        Index Cond: ((k >= 6234223) AND (k <= 6234323))

explain: for range-notcovered :: explain SELECT k, c FROM sbtest%d WHERE k BETWEEN 6234223 AND 6234323
explain: for range-notcovered :: explain SELECT k, c FROM sbtest%d WHERE k BETWEEN 5271883 AND 5271983
for range-notcovered
table 1 : explain SELECT k, c FROM sbtest1 WHERE k BETWEEN 4420021 AND 4420121
	Bitmap Heap Scan on sbtest1  (cost=5.58..448.42 rows=112 width=125)
	  Recheck Cond: ((k >= 4420021) AND (k <= 4420121))
	  ->  Bitmap Index Scan on k_1  (cost=0.00..5.55 rows=112 width=0)
	        Index Cond: ((k >= 4420021) AND (k <= 4420121))

table 2 : explain SELECT k, c FROM sbtest2 WHERE k BETWEEN 4420021 AND 4420121
	Bitmap Heap Scan on sbtest2  (cost=5.55..436.62 rows=109 width=125)
	  Recheck Cond: ((k >= 4420021) AND (k <= 4420121))
	  ->  Bitmap Index Scan on k_2  (cost=0.00..5.52 rows=109 width=0)
	        Index Cond: ((k >= 4420021) AND (k <= 4420121))

table 3 : explain SELECT k, c FROM sbtest3 WHERE k BETWEEN 4420021 AND 4420121
	Bitmap Heap Scan on sbtest3  (cost=5.47..405.13 rows=101 width=125)
	  Recheck Cond: ((k >= 4420021) AND (k <= 4420121))
	  ->  Bitmap Index Scan on k_3  (cost=0.00..5.44 rows=101 width=0)
	        Index Cond: ((k >= 4420021) AND (k <= 4420121))

table 4 : explain SELECT k, c FROM sbtest4 WHERE k BETWEEN 4420021 AND 4420121
	Bitmap Heap Scan on sbtest4  (cost=5.55..436.62 rows=109 width=125)
	  Recheck Cond: ((k >= 4420021) AND (k <= 4420121))
	  ->  Bitmap Index Scan on k_4  (cost=0.00..5.52 rows=109 width=0)
	        Index Cond: ((k >= 4420021) AND (k <= 4420121))

table 5 : explain SELECT k, c FROM sbtest5 WHERE k BETWEEN 4420021 AND 4420121
	Bitmap Heap Scan on sbtest5  (cost=5.39..373.61 rows=93 width=125)
	  Recheck Cond: ((k >= 4420021) AND (k <= 4420121))
	  ->  Bitmap Index Scan on k_5  (cost=0.00..5.36 rows=93 width=0)
	        Index Cond: ((k >= 4420021) AND (k <= 4420121))

table 6 : explain SELECT k, c FROM sbtest6 WHERE k BETWEEN 4420021 AND 4420121
	Bitmap Heap Scan on sbtest6  (cost=5.48..409.07 rows=102 width=125)
	  Recheck Cond: ((k >= 4420021) AND (k <= 4420121))
	  ->  Bitmap Index Scan on k_6  (cost=0.00..5.45 rows=102 width=0)
	        Index Cond: ((k >= 4420021) AND (k <= 4420121))

table 7 : explain SELECT k, c FROM sbtest7 WHERE k BETWEEN 4420021 AND 4420121
	Bitmap Heap Scan on sbtest7  (cost=5.52..424.81 rows=106 width=125)
	  Recheck Cond: ((k >= 4420021) AND (k <= 4420121))
	  ->  Bitmap Index Scan on k_7  (cost=0.00..5.50 rows=106 width=0)
	        Index Cond: ((k >= 4420021) AND (k <= 4420121))

table 8 : explain SELECT k, c FROM sbtest8 WHERE k BETWEEN 4420021 AND 4420121
	Bitmap Heap Scan on sbtest8  (cost=5.51..420.88 rows=105 width=125)
	  Recheck Cond: ((k >= 4420021) AND (k <= 4420121))
	  ->  Bitmap Index Scan on k_8  (cost=0.00..5.48 rows=105 width=0)
	        Index Cond: ((k >= 4420021) AND (k <= 4420121))

explain: for range-notcovered :: explain SELECT k, c FROM sbtest%d WHERE k BETWEEN 5449756 AND 5449856
explain: for range-notcovered :: explain SELECT k, c FROM sbtest%d WHERE k BETWEEN 4420021 AND 4420121
for range-notcovered
table 1 : explain SELECT k, c FROM sbtest1 WHERE k BETWEEN 2290742 AND 2290842
	Bitmap Heap Scan on sbtest1  (cost=5.44..393.31 rows=98 width=125)
	  Recheck Cond: ((k >= 2290742) AND (k <= 2290842))
	  ->  Bitmap Index Scan on k_1  (cost=0.00..5.42 rows=98 width=0)
	        Index Cond: ((k >= 2290742) AND (k <= 2290842))

table 2 : explain SELECT k, c FROM sbtest2 WHERE k BETWEEN 2290742 AND 2290842
	Bitmap Heap Scan on sbtest2  (cost=5.44..393.31 rows=98 width=125)
	  Recheck Cond: ((k >= 2290742) AND (k <= 2290842))
	  ->  Bitmap Index Scan on k_2  (cost=0.00..5.42 rows=98 width=0)
	        Index Cond: ((k >= 2290742) AND (k <= 2290842))

table 3 : explain SELECT k, c FROM sbtest3 WHERE k BETWEEN 2290742 AND 2290842
	Bitmap Heap Scan on sbtest3  (cost=5.50..416.94 rows=104 width=125)
	  Recheck Cond: ((k >= 2290742) AND (k <= 2290842))
	  ->  Bitmap Index Scan on k_3  (cost=0.00..5.47 rows=104 width=0)
	        Index Cond: ((k >= 2290742) AND (k <= 2290842))

table 4 : explain SELECT k, c FROM sbtest4 WHERE k BETWEEN 2290742 AND 2290842
	Bitmap Heap Scan on sbtest4  (cost=5.47..405.13 rows=101 width=125)
	  Recheck Cond: ((k >= 2290742) AND (k <= 2290842))
	  ->  Bitmap Index Scan on k_4  (cost=0.00..5.44 rows=101 width=0)
	        Index Cond: ((k >= 2290742) AND (k <= 2290842))

table 5 : explain SELECT k, c FROM sbtest5 WHERE k BETWEEN 2290742 AND 2290842
	Bitmap Heap Scan on sbtest5  (cost=5.53..428.75 rows=107 width=125)
	  Recheck Cond: ((k >= 2290742) AND (k <= 2290842))
	  ->  Bitmap Index Scan on k_5  (cost=0.00..5.50 rows=107 width=0)
	        Index Cond: ((k >= 2290742) AND (k <= 2290842))

table 6 : explain SELECT k, c FROM sbtest6 WHERE k BETWEEN 2290742 AND 2290842
	Bitmap Heap Scan on sbtest6  (cost=5.45..397.25 rows=99 width=125)
	  Recheck Cond: ((k >= 2290742) AND (k <= 2290842))
	  ->  Bitmap Index Scan on k_6  (cost=0.00..5.42 rows=99 width=0)
	        Index Cond: ((k >= 2290742) AND (k <= 2290842))

table 7 : explain SELECT k, c FROM sbtest7 WHERE k BETWEEN 2290742 AND 2290842
	Bitmap Heap Scan on sbtest7  (cost=5.48..409.07 rows=102 width=125)
	  Recheck Cond: ((k >= 2290742) AND (k <= 2290842))
	  ->  Bitmap Index Scan on k_7  (cost=0.00..5.45 rows=102 width=0)
	        Index Cond: ((k >= 2290742) AND (k <= 2290842))

table 8 : explain SELECT k, c FROM sbtest8 WHERE k BETWEEN 2290742 AND 2290842
	Bitmap Heap Scan on sbtest8  (cost=5.46..401.19 rows=100 width=125)
	  Recheck Cond: ((k >= 2290742) AND (k <= 2290842))
	  ->  Bitmap Index Scan on k_8  (cost=0.00..5.43 rows=100 width=0)
	        Index Cond: ((k >= 2290742) AND (k <= 2290842))

explain: for range-notcovered :: explain SELECT k, c FROM sbtest%d WHERE k BETWEEN 2290742 AND 2290842
for range-notcovered
table 1 : explain SELECT k, c FROM sbtest1 WHERE k BETWEEN 6234223 AND 6234323
	Bitmap Heap Scan on sbtest1  (cost=5.39..373.61 rows=93 width=125)
	  Recheck Cond: ((k >= 6234223) AND (k <= 6234323))
	  ->  Bitmap Index Scan on k_1  (cost=0.00..5.36 rows=93 width=0)
	        Index Cond: ((k >= 6234223) AND (k <= 6234323))

table 2 : explain SELECT k, c FROM sbtest2 WHERE k BETWEEN 6234223 AND 6234323
	Bitmap Heap Scan on sbtest2  (cost=5.45..397.25 rows=99 width=125)
	  Recheck Cond: ((k >= 6234223) AND (k <= 6234323))
	  ->  Bitmap Index Scan on k_2  (cost=0.00..5.42 rows=99 width=0)
	        Index Cond: ((k >= 6234223) AND (k <= 6234323))

table 3 : explain SELECT k, c FROM sbtest3 WHERE k BETWEEN 6234223 AND 6234323
	Bitmap Heap Scan on sbtest3  (cost=5.42..385.43 rows=96 width=125)
	  Recheck Cond: ((k >= 6234223) AND (k <= 6234323))
	  ->  Bitmap Index Scan on k_3  (cost=0.00..5.39 rows=96 width=0)
	        Index Cond: ((k >= 6234223) AND (k <= 6234323))

table 4 : explain SELECT k, c FROM sbtest4 WHERE k BETWEEN 6234223 AND 6234323
	Bitmap Heap Scan on sbtest4  (cost=5.52..424.81 rows=106 width=125)
	  Recheck Cond: ((k >= 6234223) AND (k <= 6234323))
	  ->  Bitmap Index Scan on k_4  (cost=0.00..5.50 rows=106 width=0)
	        Index Cond: ((k >= 6234223) AND (k <= 6234323))

table 5 : explain SELECT k, c FROM sbtest5 WHERE k BETWEEN 6234223 AND 6234323
	Bitmap Heap Scan on sbtest5  (cost=5.42..385.43 rows=96 width=125)
	  Recheck Cond: ((k >= 6234223) AND (k <= 6234323))
	  ->  Bitmap Index Scan on k_5  (cost=0.00..5.39 rows=96 width=0)
	        Index Cond: ((k >= 6234223) AND (k <= 6234323))

table 6 : explain SELECT k, c FROM sbtest6 WHERE k BETWEEN 6234223 AND 6234323
	Bitmap Heap Scan on sbtest6  (cost=5.38..369.67 rows=92 width=125)
	  Recheck Cond: ((k >= 6234223) AND (k <= 6234323))
	  ->  Bitmap Index Scan on k_6  (cost=0.00..5.35 rows=92 width=0)
	        Index Cond: ((k >= 6234223) AND (k <= 6234323))

table 7 : explain SELECT k, c FROM sbtest7 WHERE k BETWEEN 6234223 AND 6234323
	Bitmap Heap Scan on sbtest7  (cost=5.47..405.13 rows=101 width=125)
	  Recheck Cond: ((k >= 6234223) AND (k <= 6234323))
	  ->  Bitmap Index Scan on k_7  (cost=0.00..5.44 rows=101 width=0)
	        Index Cond: ((k >= 6234223) AND (k <= 6234323))

table 8 : explain SELECT k, c FROM sbtest8 WHERE k BETWEEN 6234223 AND 6234323
	Bitmap Heap Scan on sbtest8  (cost=5.36..361.78 rows=90 width=125)
	  Recheck Cond: ((k >= 6234223) AND (k <= 6234323))
	  ->  Bitmap Index Scan on k_8  (cost=0.00..5.33 rows=90 width=0)
	        Index Cond: ((k >= 6234223) AND (k <= 6234323))

for range-notcovered
table 1 : explain SELECT k, c FROM sbtest1 WHERE k BETWEEN 4420021 AND 4420121
	Bitmap Heap Scan on sbtest1  (cost=5.58..448.42 rows=112 width=125)
	  Recheck Cond: ((k >= 4420021) AND (k <= 4420121))
	  ->  Bitmap Index Scan on k_1  (cost=0.00..5.55 rows=112 width=0)
	        Index Cond: ((k >= 4420021) AND (k <= 4420121))

table 2 : explain SELECT k, c FROM sbtest2 WHERE k BETWEEN 4420021 AND 4420121
	Bitmap Heap Scan on sbtest2  (cost=5.55..436.62 rows=109 width=125)
	  Recheck Cond: ((k >= 4420021) AND (k <= 4420121))
	  ->  Bitmap Index Scan on k_2  (cost=0.00..5.52 rows=109 width=0)
	        Index Cond: ((k >= 4420021) AND (k <= 4420121))

table 3 : explain SELECT k, c FROM sbtest3 WHERE k BETWEEN 4420021 AND 4420121
	Bitmap Heap Scan on sbtest3  (cost=5.47..405.13 rows=101 width=125)
	  Recheck Cond: ((k >= 4420021) AND (k <= 4420121))
	  ->  Bitmap Index Scan on k_3  (cost=0.00..5.44 rows=101 width=0)
	        Index Cond: ((k >= 4420021) AND (k <= 4420121))

table 4 : explain SELECT k, c FROM sbtest4 WHERE k BETWEEN 4420021 AND 4420121
	Bitmap Heap Scan on sbtest4  (cost=5.55..436.62 rows=109 width=125)
	  Recheck Cond: ((k >= 4420021) AND (k <= 4420121))
	  ->  Bitmap Index Scan on k_4  (cost=0.00..5.52 rows=109 width=0)
	        Index Cond: ((k >= 4420021) AND (k <= 4420121))

table 5 : explain SELECT k, c FROM sbtest5 WHERE k BETWEEN 4420021 AND 4420121
	Bitmap Heap Scan on sbtest5  (cost=5.39..373.61 rows=93 width=125)
	  Recheck Cond: ((k >= 4420021) AND (k <= 4420121))
	  ->  Bitmap Index Scan on k_5  (cost=0.00..5.36 rows=93 width=0)
	        Index Cond: ((k >= 4420021) AND (k <= 4420121))

table 6 : explain SELECT k, c FROM sbtest6 WHERE k BETWEEN 4420021 AND 4420121
	Bitmap Heap Scan on sbtest6  (cost=5.48..409.07 rows=102 width=125)
	  Recheck Cond: ((k >= 4420021) AND (k <= 4420121))
	  ->  Bitmap Index Scan on k_6  (cost=0.00..5.45 rows=102 width=0)
	        Index Cond: ((k >= 4420021) AND (k <= 4420121))

table 7 : explain SELECT k, c FROM sbtest7 WHERE k BETWEEN 4420021 AND 4420121
	Bitmap Heap Scan on sbtest7  (cost=5.52..424.81 rows=106 width=125)
	  Recheck Cond: ((k >= 4420021) AND (k <= 4420121))
	  ->  Bitmap Index Scan on k_7  (cost=0.00..5.50 rows=106 width=0)
	        Index Cond: ((k >= 4420021) AND (k <= 4420121))

table 8 : explain SELECT k, c FROM sbtest8 WHERE k BETWEEN 4420021 AND 4420121
	Bitmap Heap Scan on sbtest8  (cost=5.51..420.88 rows=105 width=125)
	  Recheck Cond: ((k >= 4420021) AND (k <= 4420121))
	  ->  Bitmap Index Scan on k_8  (cost=0.00..5.48 rows=105 width=0)
	        Index Cond: ((k >= 4420021) AND (k <= 4420121))

explain: for range-notcovered :: explain SELECT k, c FROM sbtest%d WHERE k BETWEEN 4420021 AND 4420121
for range-notcovered
table 1 : explain SELECT k, c FROM sbtest1 WHERE k BETWEEN 2655504 AND 2655604
	Bitmap Heap Scan on sbtest1  (cost=5.49..413.00 rows=103 width=125)
	  Recheck Cond: ((k >= 2655504) AND (k <= 2655604))
	  ->  Bitmap Index Scan on k_1  (cost=0.00..5.46 rows=103 width=0)
	        Index Cond: ((k >= 2655504) AND (k <= 2655604))

table 2 : explain SELECT k, c FROM sbtest2 WHERE k BETWEEN 2655504 AND 2655604
	Bitmap Heap Scan on sbtest2  (cost=5.32..346.00 rows=86 width=125)
	  Recheck Cond: ((k >= 2655504) AND (k <= 2655604))
	  ->  Bitmap Index Scan on k_2  (cost=0.00..5.29 rows=86 width=0)
	        Index Cond: ((k >= 2655504) AND (k <= 2655604))

table 3 : explain SELECT k, c FROM sbtest3 WHERE k BETWEEN 2655504 AND 2655604
	Bitmap Heap Scan on sbtest3  (cost=5.41..381.49 rows=95 width=125)
	  Recheck Cond: ((k >= 2655504) AND (k <= 2655604))
	  ->  Bitmap Index Scan on k_3  (cost=0.00..5.38 rows=95 width=0)
	        Index Cond: ((k >= 2655504) AND (k <= 2655604))

table 4 : explain SELECT k, c FROM sbtest4 WHERE k BETWEEN 2655504 AND 2655604
	Bitmap Heap Scan on sbtest4  (cost=5.48..409.07 rows=102 width=125)
	  Recheck Cond: ((k >= 2655504) AND (k <= 2655604))
	  ->  Bitmap Index Scan on k_4  (cost=0.00..5.45 rows=102 width=0)
	        Index Cond: ((k >= 2655504) AND (k <= 2655604))

table 5 : explain SELECT k, c FROM sbtest5 WHERE k BETWEEN 2655504 AND 2655604
	Bitmap Heap Scan on sbtest5  (cost=5.47..405.13 rows=101 width=125)
	  Recheck Cond: ((k >= 2655504) AND (k <= 2655604))
	  ->  Bitmap Index Scan on k_5  (cost=0.00..5.44 rows=101 width=0)
	        Index Cond: ((k >= 2655504) AND (k <= 2655604))

table 6 : explain SELECT k, c FROM sbtest6 WHERE k BETWEEN 2655504 AND 2655604
	Bitmap Heap Scan on sbtest6  (cost=5.59..452.36 rows=113 width=125)
	  Recheck Cond: ((k >= 2655504) AND (k <= 2655604))
	  ->  Bitmap Index Scan on k_6  (cost=0.00..5.56 rows=113 width=0)
	        Index Cond: ((k >= 2655504) AND (k <= 2655604))

table 7 : explain SELECT k, c FROM sbtest7 WHERE k BETWEEN 2655504 AND 2655604
	Bitmap Heap Scan on sbtest7  (cost=5.44..393.31 rows=98 width=125)
	  Recheck Cond: ((k >= 2655504) AND (k <= 2655604))
	  ->  Bitmap Index Scan on k_7  (cost=0.00..5.42 rows=98 width=0)
	        Index Cond: ((k >= 2655504) AND (k <= 2655604))

table 8 : explain SELECT k, c FROM sbtest8 WHERE k BETWEEN 2655504 AND 2655604
	Bitmap Heap Scan on sbtest8  (cost=5.50..416.94 rows=104 width=125)
	  Recheck Cond: ((k >= 2655504) AND (k <= 2655604))
	  ->  Bitmap Index Scan on k_8  (cost=0.00..5.47 rows=104 width=0)
	        Index Cond: ((k >= 2655504) AND (k <= 2655604))

for range-notcovered
table 1 : explain SELECT k, c FROM sbtest1 WHERE k BETWEEN 659562 AND 659662
	Bitmap Heap Scan on sbtest1  (cost=5.50..416.94 rows=104 width=125)
	  Recheck Cond: ((k >= 659562) AND (k <= 659662))
	  ->  Bitmap Index Scan on k_1  (cost=0.00..5.47 rows=104 width=0)
	        Index Cond: ((k >= 659562) AND (k <= 659662))

table 2 : explain SELECT k, c FROM sbtest2 WHERE k BETWEEN 659562 AND 659662
	Bitmap Heap Scan on sbtest2  (cost=5.55..436.62 rows=109 width=125)
	  Recheck Cond: ((k >= 659562) AND (k <= 659662))
	  ->  Bitmap Index Scan on k_2  (cost=0.00..5.52 rows=109 width=0)
	        Index Cond: ((k >= 659562) AND (k <= 659662))

table 3 : explain SELECT k, c FROM sbtest3 WHERE k BETWEEN 659562 AND 659662
	Bitmap Heap Scan on sbtest3  (cost=5.38..369.67 rows=92 width=125)
	  Recheck Cond: ((k >= 659562) AND (k <= 659662))
	  ->  Bitmap Index Scan on k_3  (cost=0.00..5.35 rows=92 width=0)
	        Index Cond: ((k >= 659562) AND (k <= 659662))

table 4 : explain SELECT k, c FROM sbtest4 WHERE k BETWEEN 659562 AND 659662
	Bitmap Heap Scan on sbtest4  (cost=5.55..436.62 rows=109 width=125)
	  Recheck Cond: ((k >= 659562) AND (k <= 659662))
	  ->  Bitmap Index Scan on k_4  (cost=0.00..5.52 rows=109 width=0)
	        Index Cond: ((k >= 659562) AND (k <= 659662))

table 5 : explain SELECT k, c FROM sbtest5 WHERE k BETWEEN 659562 AND 659662
	Bitmap Heap Scan on sbtest5  (cost=5.58..448.42 rows=112 width=125)
	  Recheck Cond: ((k >= 659562) AND (k <= 659662))
	  ->  Bitmap Index Scan on k_5  (cost=0.00..5.55 rows=112 width=0)
	        Index Cond: ((k >= 659562) AND (k <= 659662))

table 6 : explain SELECT k, c FROM sbtest6 WHERE k BETWEEN 659562 AND 659662
	Bitmap Heap Scan on sbtest6  (cost=5.47..405.13 rows=101 width=125)
	  Recheck Cond: ((k >= 659562) AND (k <= 659662))
	  ->  Bitmap Index Scan on k_6  (cost=0.00..5.44 rows=101 width=0)
	        Index Cond: ((k >= 659562) AND (k <= 659662))

table 7 : explain SELECT k, c FROM sbtest7 WHERE k BETWEEN 659562 AND 659662
	Bitmap Heap Scan on sbtest7  (cost=5.42..385.43 rows=96 width=125)
	  Recheck Cond: ((k >= 659562) AND (k <= 659662))
	  ->  Bitmap Index Scan on k_7  (cost=0.00..5.39 rows=96 width=0)
	        Index Cond: ((k >= 659562) AND (k <= 659662))

table 8 : explain SELECT k, c FROM sbtest8 WHERE k BETWEEN 659562 AND 659662
	Bitmap Heap Scan on sbtest8  (cost=5.55..436.62 rows=109 width=125)
	  Recheck Cond: ((k >= 659562) AND (k <= 659662))
	  ->  Bitmap Index Scan on k_8  (cost=0.00..5.52 rows=109 width=0)
	        Index Cond: ((k >= 659562) AND (k <= 659662))

explain: for range-notcovered :: explain SELECT k, c FROM sbtest%d WHERE k BETWEEN 2655504 AND 2655604
explain: for range-notcovered :: explain SELECT k, c FROM sbtest%d WHERE k BETWEEN 659562 AND 659662
for range-notcovered
table 1 : explain SELECT k, c FROM sbtest1 WHERE k BETWEEN 2290742 AND 2290842
	Bitmap Heap Scan on sbtest1  (cost=5.44..393.31 rows=98 width=125)
	  Recheck Cond: ((k >= 2290742) AND (k <= 2290842))
	  ->  Bitmap Index Scan on k_1  (cost=0.00..5.42 rows=98 width=0)
	        Index Cond: ((k >= 2290742) AND (k <= 2290842))

table 2 : explain SELECT k, c FROM sbtest2 WHERE k BETWEEN 2290742 AND 2290842
	Bitmap Heap Scan on sbtest2  (cost=5.44..393.31 rows=98 width=125)
	  Recheck Cond: ((k >= 2290742) AND (k <= 2290842))
	  ->  Bitmap Index Scan on k_2  (cost=0.00..5.42 rows=98 width=0)
	        Index Cond: ((k >= 2290742) AND (k <= 2290842))

table 3 : explain SELECT k, c FROM sbtest3 WHERE k BETWEEN 2290742 AND 2290842
	Bitmap Heap Scan on sbtest3  (cost=5.50..416.94 rows=104 width=125)
	  Recheck Cond: ((k >= 2290742) AND (k <= 2290842))
	  ->  Bitmap Index Scan on k_3  (cost=0.00..5.47 rows=104 width=0)
	        Index Cond: ((k >= 2290742) AND (k <= 2290842))

table 4 : explain SELECT k, c FROM sbtest4 WHERE k BETWEEN 2290742 AND 2290842
	Bitmap Heap Scan on sbtest4  (cost=5.47..405.13 rows=101 width=125)
	  Recheck Cond: ((k >= 2290742) AND (k <= 2290842))
	  ->  Bitmap Index Scan on k_4  (cost=0.00..5.44 rows=101 width=0)
	        Index Cond: ((k >= 2290742) AND (k <= 2290842))

table 5 : explain SELECT k, c FROM sbtest5 WHERE k BETWEEN 2290742 AND 2290842
	Bitmap Heap Scan on sbtest5  (cost=5.53..428.75 rows=107 width=125)
	  Recheck Cond: ((k >= 2290742) AND (k <= 2290842))
	  ->  Bitmap Index Scan on k_5  (cost=0.00..5.50 rows=107 width=0)
	        Index Cond: ((k >= 2290742) AND (k <= 2290842))

table 6 : explain SELECT k, c FROM sbtest6 WHERE k BETWEEN 2290742 AND 2290842
	Bitmap Heap Scan on sbtest6  (cost=5.45..397.25 rows=99 width=125)
	  Recheck Cond: ((k >= 2290742) AND (k <= 2290842))
	  ->  Bitmap Index Scan on k_6  (cost=0.00..5.42 rows=99 width=0)
	        Index Cond: ((k >= 2290742) AND (k <= 2290842))

table 7 : explain SELECT k, c FROM sbtest7 WHERE k BETWEEN 2290742 AND 2290842
	Bitmap Heap Scan on sbtest7  (cost=5.48..409.07 rows=102 width=125)
	  Recheck Cond: ((k >= 2290742) AND (k <= 2290842))
	  ->  Bitmap Index Scan on k_7  (cost=0.00..5.45 rows=102 width=0)
	        Index Cond: ((k >= 2290742) AND (k <= 2290842))

table 8 : explain SELECT k, c FROM sbtest8 WHERE k BETWEEN 2290742 AND 2290842
	Bitmap Heap Scan on sbtest8  (cost=5.46..401.19 rows=100 width=125)
	  Recheck Cond: ((k >= 2290742) AND (k <= 2290842))
	  ->  Bitmap Index Scan on k_8  (cost=0.00..5.43 rows=100 width=0)
	        Index Cond: ((k >= 2290742) AND (k <= 2290842))

for range-notcovered
table 1 : explain SELECT k, c FROM sbtest1 WHERE k BETWEEN 4420021 AND 4420121
	Bitmap Heap Scan on sbtest1  (cost=5.58..448.42 rows=112 width=125)
	  Recheck Cond: ((k >= 4420021) AND (k <= 4420121))
	  ->  Bitmap Index Scan on k_1  (cost=0.00..5.55 rows=112 width=0)
	        Index Cond: ((k >= 4420021) AND (k <= 4420121))

table 2 : explain SELECT k, c FROM sbtest2 WHERE k BETWEEN 4420021 AND 4420121
	Bitmap Heap Scan on sbtest2  (cost=5.55..436.62 rows=109 width=125)
	  Recheck Cond: ((k >= 4420021) AND (k <= 4420121))
	  ->  Bitmap Index Scan on k_2  (cost=0.00..5.52 rows=109 width=0)
	        Index Cond: ((k >= 4420021) AND (k <= 4420121))

table 3 : explain SELECT k, c FROM sbtest3 WHERE k BETWEEN 4420021 AND 4420121
	Bitmap Heap Scan on sbtest3  (cost=5.47..405.13 rows=101 width=125)
	  Recheck Cond: ((k >= 4420021) AND (k <= 4420121))
	  ->  Bitmap Index Scan on k_3  (cost=0.00..5.44 rows=101 width=0)
	        Index Cond: ((k >= 4420021) AND (k <= 4420121))

table 4 : explain SELECT k, c FROM sbtest4 WHERE k BETWEEN 4420021 AND 4420121
	Bitmap Heap Scan on sbtest4  (cost=5.55..436.62 rows=109 width=125)
	  Recheck Cond: ((k >= 4420021) AND (k <= 4420121))
	  ->  Bitmap Index Scan on k_4  (cost=0.00..5.52 rows=109 width=0)
	        Index Cond: ((k >= 4420021) AND (k <= 4420121))

table 5 : explain SELECT k, c FROM sbtest5 WHERE k BETWEEN 4420021 AND 4420121
	Bitmap Heap Scan on sbtest5  (cost=5.39..373.61 rows=93 width=125)
	  Recheck Cond: ((k >= 4420021) AND (k <= 4420121))
	  ->  Bitmap Index Scan on k_5  (cost=0.00..5.36 rows=93 width=0)
	        Index Cond: ((k >= 4420021) AND (k <= 4420121))

table 6 : explain SELECT k, c FROM sbtest6 WHERE k BETWEEN 4420021 AND 4420121
	Bitmap Heap Scan on sbtest6  (cost=5.48..409.07 rows=102 width=125)
	  Recheck Cond: ((k >= 4420021) AND (k <= 4420121))
	  ->  Bitmap Index Scan on k_6  (cost=0.00..5.45 rows=102 width=0)
	        Index Cond: ((k >= 4420021) AND (k <= 4420121))

table 7 : explain SELECT k, c FROM sbtest7 WHERE k BETWEEN 4420021 AND 4420121
	Bitmap Heap Scan on sbtest7  (cost=5.52..424.81 rows=106 width=125)
	  Recheck Cond: ((k >= 4420021) AND (k <= 4420121))
	  ->  Bitmap Index Scan on k_7  (cost=0.00..5.50 rows=106 width=0)
	        Index Cond: ((k >= 4420021) AND (k <= 4420121))

table 8 : explain SELECT k, c FROM sbtest8 WHERE k BETWEEN 4420021 AND 4420121
	Bitmap Heap Scan on sbtest8  (cost=5.51..420.88 rows=105 width=125)
	  Recheck Cond: ((k >= 4420021) AND (k <= 4420121))
	  ->  Bitmap Index Scan on k_8  (cost=0.00..5.48 rows=105 width=0)
	        Index Cond: ((k >= 4420021) AND (k <= 4420121))

explain: for range-notcovered :: explain SELECT k, c FROM sbtest%d WHERE k BETWEEN 7263604 AND 7263704
for range-notcovered
table 1 : explain SELECT k, c FROM sbtest1 WHERE k BETWEEN 5271883 AND 5271983
	Bitmap Heap Scan on sbtest1  (cost=5.37..365.72 rows=91 width=125)
	  Recheck Cond: ((k >= 5271883) AND (k <= 5271983))
	  ->  Bitmap Index Scan on k_1  (cost=0.00..5.34 rows=91 width=0)
	        Index Cond: ((k >= 5271883) AND (k <= 5271983))

table 2 : explain SELECT k, c FROM sbtest2 WHERE k BETWEEN 5271883 AND 5271983
	Bitmap Heap Scan on sbtest2  (cost=5.40..377.55 rows=94 width=125)
	  Recheck Cond: ((k >= 5271883) AND (k <= 5271983))
	  ->  Bitmap Index Scan on k_2  (cost=0.00..5.38 rows=94 width=0)
	        Index Cond: ((k >= 5271883) AND (k <= 5271983))

table 3 : explain SELECT k, c FROM sbtest3 WHERE k BETWEEN 5271883 AND 5271983
	Bitmap Heap Scan on sbtest3  (cost=5.50..416.94 rows=104 width=125)
	  Recheck Cond: ((k >= 5271883) AND (k <= 5271983))
	  ->  Bitmap Index Scan on k_3  (cost=0.00..5.47 rows=104 width=0)
	        Index Cond: ((k >= 5271883) AND (k <= 5271983))

table 4 : explain SELECT k, c FROM sbtest4 WHERE k BETWEEN 5271883 AND 5271983
	Bitmap Heap Scan on sbtest4  (cost=5.63..468.09 rows=117 width=125)
	  Recheck Cond: ((k >= 5271883) AND (k <= 5271983))
	  ->  Bitmap Index Scan on k_4  (cost=0.00..5.60 rows=117 width=0)
	        Index Cond: ((k >= 5271883) AND (k <= 5271983))

table 5 : explain SELECT k, c FROM sbtest5 WHERE k BETWEEN 5271883 AND 5271983
	Bitmap Heap Scan on sbtest5  (cost=5.41..381.49 rows=95 width=125)
	  Recheck Cond: ((k >= 5271883) AND (k <= 5271983))
	  ->  Bitmap Index Scan on k_5  (cost=0.00..5.38 rows=95 width=0)
	        Index Cond: ((k >= 5271883) AND (k <= 5271983))

table 6 : explain SELECT k, c FROM sbtest6 WHERE k BETWEEN 5271883 AND 5271983
	Bitmap Heap Scan on sbtest6  (cost=5.41..381.49 rows=95 width=125)
	  Recheck Cond: ((k >= 5271883) AND (k <= 5271983))
	  ->  Bitmap Index Scan on k_6  (cost=0.00..5.38 rows=95 width=0)
	        Index Cond: ((k >= 5271883) AND (k <= 5271983))

table 7 : explain SELECT k, c FROM sbtest7 WHERE k BETWEEN 5271883 AND 5271983
	Bitmap Heap Scan on sbtest7  (cost=5.45..397.25 rows=99 width=125)
	  Recheck Cond: ((k >= 5271883) AND (k <= 5271983))
	  ->  Bitmap Index Scan on k_7  (cost=0.00..5.42 rows=99 width=0)
	        Index Cond: ((k >= 5271883) AND (k <= 5271983))

table 8 : explain SELECT k, c FROM sbtest8 WHERE k BETWEEN 5271883 AND 5271983
	Bitmap Heap Scan on sbtest8  (cost=5.50..416.94 rows=104 width=125)
	  Recheck Cond: ((k >= 5271883) AND (k <= 5271983))
	  ->  Bitmap Index Scan on k_8  (cost=0.00..5.47 rows=104 width=0)
	        Index Cond: ((k >= 5271883) AND (k <= 5271983))

explain: for range-notcovered :: explain SELECT k, c FROM sbtest%d WHERE k BETWEEN 6234223 AND 6234323
explain: for range-notcovered :: explain SELECT k, c FROM sbtest%d WHERE k BETWEEN 2290742 AND 2290842
explain: for range-notcovered :: explain SELECT k, c FROM sbtest%d WHERE k BETWEEN 5514895 AND 5514995
explain: for range-notcovered :: explain SELECT k, c FROM sbtest%d WHERE k BETWEEN 4420021 AND 4420121
for range-notcovered
table 1 : explain SELECT k, c FROM sbtest1 WHERE k BETWEEN 2433003 AND 2433103
	Bitmap Heap Scan on sbtest1  (cost=5.42..385.43 rows=96 width=125)
	  Recheck Cond: ((k >= 2433003) AND (k <= 2433103))
	  ->  Bitmap Index Scan on k_1  (cost=0.00..5.39 rows=96 width=0)
	        Index Cond: ((k >= 2433003) AND (k <= 2433103))

table 2 : explain SELECT k, c FROM sbtest2 WHERE k BETWEEN 2433003 AND 2433103
	Bitmap Heap Scan on sbtest2  (cost=5.44..393.31 rows=98 width=125)
	  Recheck Cond: ((k >= 2433003) AND (k <= 2433103))
	  ->  Bitmap Index Scan on k_2  (cost=0.00..5.42 rows=98 width=0)
	        Index Cond: ((k >= 2433003) AND (k <= 2433103))

table 3 : explain SELECT k, c FROM sbtest3 WHERE k BETWEEN 2433003 AND 2433103
	Bitmap Heap Scan on sbtest3  (cost=5.45..397.25 rows=99 width=125)
	  Recheck Cond: ((k >= 2433003) AND (k <= 2433103))
	  ->  Bitmap Index Scan on k_3  (cost=0.00..5.42 rows=99 width=0)
	        Index Cond: ((k >= 2433003) AND (k <= 2433103))

table 4 : explain SELECT k, c FROM sbtest4 WHERE k BETWEEN 2433003 AND 2433103
	Bitmap Heap Scan on sbtest4  (cost=5.44..393.31 rows=98 width=125)
	  Recheck Cond: ((k >= 2433003) AND (k <= 2433103))
	  ->  Bitmap Index Scan on k_4  (cost=0.00..5.42 rows=98 width=0)
	        Index Cond: ((k >= 2433003) AND (k <= 2433103))

table 5 : explain SELECT k, c FROM sbtest5 WHERE k BETWEEN 2433003 AND 2433103
	Bitmap Heap Scan on sbtest5  (cost=5.46..401.19 rows=100 width=125)
	  Recheck Cond: ((k >= 2433003) AND (k <= 2433103))
	  ->  Bitmap Index Scan on k_5  (cost=0.00..5.43 rows=100 width=0)
	        Index Cond: ((k >= 2433003) AND (k <= 2433103))

table 6 : explain SELECT k, c FROM sbtest6 WHERE k BETWEEN 2433003 AND 2433103
	Bitmap Heap Scan on sbtest6  (cost=5.40..377.55 rows=94 width=125)
	  Recheck Cond: ((k >= 2433003) AND (k <= 2433103))
	  ->  Bitmap Index Scan on k_6  (cost=0.00..5.38 rows=94 width=0)
	        Index Cond: ((k >= 2433003) AND (k <= 2433103))

table 7 : explain SELECT k, c FROM sbtest7 WHERE k BETWEEN 2433003 AND 2433103
	Bitmap Heap Scan on sbtest7  (cost=5.43..389.37 rows=97 width=125)
	  Recheck Cond: ((k >= 2433003) AND (k <= 2433103))
	  ->  Bitmap Index Scan on k_7  (cost=0.00..5.40 rows=97 width=0)
	        Index Cond: ((k >= 2433003) AND (k <= 2433103))

table 8 : explain SELECT k, c FROM sbtest8 WHERE k BETWEEN 2433003 AND 2433103
	Bitmap Heap Scan on sbtest8  (cost=5.49..413.00 rows=103 width=125)
	  Recheck Cond: ((k >= 2433003) AND (k <= 2433103))
	  ->  Bitmap Index Scan on k_8  (cost=0.00..5.46 rows=103 width=0)
	        Index Cond: ((k >= 2433003) AND (k <= 2433103))

explain: for range-notcovered :: explain SELECT k, c FROM sbtest%d WHERE k BETWEEN 2433003 AND 2433103
for range-notcovered
table 1 : explain SELECT k, c FROM sbtest1 WHERE k BETWEEN 2290742 AND 2290842
	Bitmap Heap Scan on sbtest1  (cost=5.44..393.31 rows=98 width=125)
	  Recheck Cond: ((k >= 2290742) AND (k <= 2290842))
	  ->  Bitmap Index Scan on k_1  (cost=0.00..5.42 rows=98 width=0)
	        Index Cond: ((k >= 2290742) AND (k <= 2290842))

table 2 : explain SELECT k, c FROM sbtest2 WHERE k BETWEEN 2290742 AND 2290842
	Bitmap Heap Scan on sbtest2  (cost=5.44..393.31 rows=98 width=125)
	  Recheck Cond: ((k >= 2290742) AND (k <= 2290842))
	  ->  Bitmap Index Scan on k_2  (cost=0.00..5.42 rows=98 width=0)
	        Index Cond: ((k >= 2290742) AND (k <= 2290842))

table 3 : explain SELECT k, c FROM sbtest3 WHERE k BETWEEN 2290742 AND 2290842
	Bitmap Heap Scan on sbtest3  (cost=5.50..416.94 rows=104 width=125)
	  Recheck Cond: ((k >= 2290742) AND (k <= 2290842))
	  ->  Bitmap Index Scan on k_3  (cost=0.00..5.47 rows=104 width=0)
	        Index Cond: ((k >= 2290742) AND (k <= 2290842))

table 4 : explain SELECT k, c FROM sbtest4 WHERE k BETWEEN 2290742 AND 2290842
	Bitmap Heap Scan on sbtest4  (cost=5.47..405.13 rows=101 width=125)
	  Recheck Cond: ((k >= 2290742) AND (k <= 2290842))
	  ->  Bitmap Index Scan on k_4  (cost=0.00..5.44 rows=101 width=0)
	        Index Cond: ((k >= 2290742) AND (k <= 2290842))

table 5 : explain SELECT k, c FROM sbtest5 WHERE k BETWEEN 2290742 AND 2290842
	Bitmap Heap Scan on sbtest5  (cost=5.53..428.75 rows=107 width=125)
	  Recheck Cond: ((k >= 2290742) AND (k <= 2290842))
	  ->  Bitmap Index Scan on k_5  (cost=0.00..5.50 rows=107 width=0)
	        Index Cond: ((k >= 2290742) AND (k <= 2290842))

table 6 : explain SELECT k, c FROM sbtest6 WHERE k BETWEEN 2290742 AND 2290842
	Bitmap Heap Scan on sbtest6  (cost=5.45..397.25 rows=99 width=125)
	  Recheck Cond: ((k >= 2290742) AND (k <= 2290842))
	  ->  Bitmap Index Scan on k_6  (cost=0.00..5.42 rows=99 width=0)
	        Index Cond: ((k >= 2290742) AND (k <= 2290842))

table 7 : explain SELECT k, c FROM sbtest7 WHERE k BETWEEN 2290742 AND 2290842
	Bitmap Heap Scan on sbtest7  (cost=5.48..409.07 rows=102 width=125)
	  Recheck Cond: ((k >= 2290742) AND (k <= 2290842))
	  ->  Bitmap Index Scan on k_7  (cost=0.00..5.45 rows=102 width=0)
	        Index Cond: ((k >= 2290742) AND (k <= 2290842))

table 8 : explain SELECT k, c FROM sbtest8 WHERE k BETWEEN 2290742 AND 2290842
	Bitmap Heap Scan on sbtest8  (cost=5.46..401.19 rows=100 width=125)
	  Recheck Cond: ((k >= 2290742) AND (k <= 2290842))
	  ->  Bitmap Index Scan on k_8  (cost=0.00..5.43 rows=100 width=0)
	        Index Cond: ((k >= 2290742) AND (k <= 2290842))

explain: for range-notcovered :: explain SELECT k, c FROM sbtest%d WHERE k BETWEEN 5271883 AND 5271983
explain: for range-notcovered :: explain SELECT k, c FROM sbtest%d WHERE k BETWEEN 2290742 AND 2290842
for range-notcovered
table 1 : explain SELECT k, c FROM sbtest1 WHERE k BETWEEN 4420021 AND 4420121
	Bitmap Heap Scan on sbtest1  (cost=5.58..448.42 rows=112 width=125)
	  Recheck Cond: ((k >= 4420021) AND (k <= 4420121))
	  ->  Bitmap Index Scan on k_1  (cost=0.00..5.55 rows=112 width=0)
	        Index Cond: ((k >= 4420021) AND (k <= 4420121))

table 2 : explain SELECT k, c FROM sbtest2 WHERE k BETWEEN 4420021 AND 4420121
	Bitmap Heap Scan on sbtest2  (cost=5.55..436.62 rows=109 width=125)
	  Recheck Cond: ((k >= 4420021) AND (k <= 4420121))
	  ->  Bitmap Index Scan on k_2  (cost=0.00..5.52 rows=109 width=0)
	        Index Cond: ((k >= 4420021) AND (k <= 4420121))

table 3 : explain SELECT k, c FROM sbtest3 WHERE k BETWEEN 4420021 AND 4420121
	Bitmap Heap Scan on sbtest3  (cost=5.47..405.13 rows=101 width=125)
	  Recheck Cond: ((k >= 4420021) AND (k <= 4420121))
	  ->  Bitmap Index Scan on k_3  (cost=0.00..5.44 rows=101 width=0)
	        Index Cond: ((k >= 4420021) AND (k <= 4420121))

table 4 : explain SELECT k, c FROM sbtest4 WHERE k BETWEEN 4420021 AND 4420121
	Bitmap Heap Scan on sbtest4  (cost=5.55..436.62 rows=109 width=125)
	  Recheck Cond: ((k >= 4420021) AND (k <= 4420121))
	  ->  Bitmap Index Scan on k_4  (cost=0.00..5.52 rows=109 width=0)
	        Index Cond: ((k >= 4420021) AND (k <= 4420121))

table 5 : explain SELECT k, c FROM sbtest5 WHERE k BETWEEN 4420021 AND 4420121
	Bitmap Heap Scan on sbtest5  (cost=5.39..373.61 rows=93 width=125)
	  Recheck Cond: ((k >= 4420021) AND (k <= 4420121))
	  ->  Bitmap Index Scan on k_5  (cost=0.00..5.36 rows=93 width=0)
	        Index Cond: ((k >= 4420021) AND (k <= 4420121))

table 6 : explain SELECT k, c FROM sbtest6 WHERE k BETWEEN 4420021 AND 4420121
	Bitmap Heap Scan on sbtest6  (cost=5.48..409.07 rows=102 width=125)
	  Recheck Cond: ((k >= 4420021) AND (k <= 4420121))
	  ->  Bitmap Index Scan on k_6  (cost=0.00..5.45 rows=102 width=0)
	        Index Cond: ((k >= 4420021) AND (k <= 4420121))

table 7 : explain SELECT k, c FROM sbtest7 WHERE k BETWEEN 4420021 AND 4420121
	Bitmap Heap Scan on sbtest7  (cost=5.52..424.81 rows=106 width=125)
	  Recheck Cond: ((k >= 4420021) AND (k <= 4420121))
	  ->  Bitmap Index Scan on k_7  (cost=0.00..5.50 rows=106 width=0)
	        Index Cond: ((k >= 4420021) AND (k <= 4420121))

table 8 : explain SELECT k, c FROM sbtest8 WHERE k BETWEEN 4420021 AND 4420121
	Bitmap Heap Scan on sbtest8  (cost=5.51..420.88 rows=105 width=125)
	  Recheck Cond: ((k >= 4420021) AND (k <= 4420121))
	  ->  Bitmap Index Scan on k_8  (cost=0.00..5.48 rows=105 width=0)
	        Index Cond: ((k >= 4420021) AND (k <= 4420121))

explain: for range-notcovered :: explain SELECT k, c FROM sbtest%d WHERE k BETWEEN 4420021 AND 4420121
for range-notcovered
table 1 : explain SELECT k, c FROM sbtest1 WHERE k BETWEEN 2433003 AND 2433103
	Bitmap Heap Scan on sbtest1  (cost=5.42..385.43 rows=96 width=125)
	  Recheck Cond: ((k >= 2433003) AND (k <= 2433103))
	  ->  Bitmap Index Scan on k_1  (cost=0.00..5.39 rows=96 width=0)
	        Index Cond: ((k >= 2433003) AND (k <= 2433103))

table 2 : explain SELECT k, c FROM sbtest2 WHERE k BETWEEN 2433003 AND 2433103
	Bitmap Heap Scan on sbtest2  (cost=5.44..393.31 rows=98 width=125)
	  Recheck Cond: ((k >= 2433003) AND (k <= 2433103))
	  ->  Bitmap Index Scan on k_2  (cost=0.00..5.42 rows=98 width=0)
	        Index Cond: ((k >= 2433003) AND (k <= 2433103))

table 3 : explain SELECT k, c FROM sbtest3 WHERE k BETWEEN 2433003 AND 2433103
	Bitmap Heap Scan on sbtest3  (cost=5.45..397.25 rows=99 width=125)
	  Recheck Cond: ((k >= 2433003) AND (k <= 2433103))
	  ->  Bitmap Index Scan on k_3  (cost=0.00..5.42 rows=99 width=0)
	        Index Cond: ((k >= 2433003) AND (k <= 2433103))

table 4 : explain SELECT k, c FROM sbtest4 WHERE k BETWEEN 2433003 AND 2433103
	Bitmap Heap Scan on sbtest4  (cost=5.44..393.31 rows=98 width=125)
	  Recheck Cond: ((k >= 2433003) AND (k <= 2433103))
	  ->  Bitmap Index Scan on k_4  (cost=0.00..5.42 rows=98 width=0)
	        Index Cond: ((k >= 2433003) AND (k <= 2433103))

table 5 : explain SELECT k, c FROM sbtest5 WHERE k BETWEEN 2433003 AND 2433103
	Bitmap Heap Scan on sbtest5  (cost=5.46..401.19 rows=100 width=125)
	  Recheck Cond: ((k >= 2433003) AND (k <= 2433103))
	  ->  Bitmap Index Scan on k_5  (cost=0.00..5.43 rows=100 width=0)
	        Index Cond: ((k >= 2433003) AND (k <= 2433103))

table 6 : explain SELECT k, c FROM sbtest6 WHERE k BETWEEN 2433003 AND 2433103
	Bitmap Heap Scan on sbtest6  (cost=5.40..377.55 rows=94 width=125)
	  Recheck Cond: ((k >= 2433003) AND (k <= 2433103))
	  ->  Bitmap Index Scan on k_6  (cost=0.00..5.38 rows=94 width=0)
	        Index Cond: ((k >= 2433003) AND (k <= 2433103))

table 7 : explain SELECT k, c FROM sbtest7 WHERE k BETWEEN 2433003 AND 2433103
	Bitmap Heap Scan on sbtest7  (cost=5.43..389.37 rows=97 width=125)
	  Recheck Cond: ((k >= 2433003) AND (k <= 2433103))
	  ->  Bitmap Index Scan on k_7  (cost=0.00..5.40 rows=97 width=0)
	        Index Cond: ((k >= 2433003) AND (k <= 2433103))

table 8 : explain SELECT k, c FROM sbtest8 WHERE k BETWEEN 2433003 AND 2433103
	Bitmap Heap Scan on sbtest8  (cost=5.49..413.00 rows=103 width=125)
	  Recheck Cond: ((k >= 2433003) AND (k <= 2433103))
	  ->  Bitmap Index Scan on k_8  (cost=0.00..5.46 rows=103 width=0)
	        Index Cond: ((k >= 2433003) AND (k <= 2433103))

explain: for range-notcovered :: explain SELECT k, c FROM sbtest%d WHERE k BETWEEN 2433003 AND 2433103
for range-notcovered
table 1 : explain SELECT k, c FROM sbtest1 WHERE k BETWEEN 4852801 AND 4852901
	Bitmap Heap Scan on sbtest1  (cost=5.60..456.29 rows=114 width=125)
	  Recheck Cond: ((k >= 4852801) AND (k <= 4852901))
	  ->  Bitmap Index Scan on k_1  (cost=0.00..5.58 rows=114 width=0)
	        Index Cond: ((k >= 4852801) AND (k <= 4852901))

table 2 : explain SELECT k, c FROM sbtest2 WHERE k BETWEEN 4852801 AND 4852901
	Bitmap Heap Scan on sbtest2  (cost=5.44..393.31 rows=98 width=125)
	  Recheck Cond: ((k >= 4852801) AND (k <= 4852901))
	  ->  Bitmap Index Scan on k_2  (cost=0.00..5.42 rows=98 width=0)
	        Index Cond: ((k >= 4852801) AND (k <= 4852901))

table 3 : explain SELECT k, c FROM sbtest3 WHERE k BETWEEN 4852801 AND 4852901
	Bitmap Heap Scan on sbtest3  (cost=5.48..409.07 rows=102 width=125)
	  Recheck Cond: ((k >= 4852801) AND (k <= 4852901))
	  ->  Bitmap Index Scan on k_3  (cost=0.00..5.45 rows=102 width=0)
	        Index Cond: ((k >= 4852801) AND (k <= 4852901))

table 4 : explain SELECT k, c FROM sbtest4 WHERE k BETWEEN 4852801 AND 4852901
	Bitmap Heap Scan on sbtest4  (cost=5.60..456.29 rows=114 width=125)
	  Recheck Cond: ((k >= 4852801) AND (k <= 4852901))
	  ->  Bitmap Index Scan on k_4  (cost=0.00..5.58 rows=114 width=0)
	        Index Cond: ((k >= 4852801) AND (k <= 4852901))

table 5 : explain SELECT k, c FROM sbtest5 WHERE k BETWEEN 4852801 AND 4852901
	Bitmap Heap Scan on sbtest5  (cost=5.48..409.07 rows=102 width=125)
	  Recheck Cond: ((k >= 4852801) AND (k <= 4852901))
	  ->  Bitmap Index Scan on k_5  (cost=0.00..5.45 rows=102 width=0)
	        Index Cond: ((k >= 4852801) AND (k <= 4852901))

table 6 : explain SELECT k, c FROM sbtest6 WHERE k BETWEEN 4852801 AND 4852901
	Bitmap Heap Scan on sbtest6  (cost=5.50..416.94 rows=104 width=125)
	  Recheck Cond: ((k >= 4852801) AND (k <= 4852901))
	  ->  Bitmap Index Scan on k_6  (cost=0.00..5.47 rows=104 width=0)
	        Index Cond: ((k >= 4852801) AND (k <= 4852901))

table 7 : explain SELECT k, c FROM sbtest7 WHERE k BETWEEN 4852801 AND 4852901
	Bitmap Heap Scan on sbtest7  (cost=5.44..393.31 rows=98 width=125)
	  Recheck Cond: ((k >= 4852801) AND (k <= 4852901))
	  ->  Bitmap Index Scan on k_7  (cost=0.00..5.42 rows=98 width=0)
	        Index Cond: ((k >= 4852801) AND (k <= 4852901))

table 8 : explain SELECT k, c FROM sbtest8 WHERE k BETWEEN 4852801 AND 4852901
	Bitmap Heap Scan on sbtest8  (cost=5.43..389.37 rows=97 width=125)
	  Recheck Cond: ((k >= 4852801) AND (k <= 4852901))
	  ->  Bitmap Index Scan on k_8  (cost=0.00..5.40 rows=97 width=0)
	        Index Cond: ((k >= 4852801) AND (k <= 4852901))

for range-notcovered
table 1 : explain SELECT k, c FROM sbtest1 WHERE k BETWEEN 6769575 AND 6769675
	Bitmap Heap Scan on sbtest1  (cost=5.54..432.69 rows=108 width=125)
	  Recheck Cond: ((k >= 6769575) AND (k <= 6769675))
	  ->  Bitmap Index Scan on k_1  (cost=0.00..5.51 rows=108 width=0)
	        Index Cond: ((k >= 6769575) AND (k <= 6769675))

table 2 : explain SELECT k, c FROM sbtest2 WHERE k BETWEEN 6769575 AND 6769675
	Bitmap Heap Scan on sbtest2  (cost=5.43..389.37 rows=97 width=125)
	  Recheck Cond: ((k >= 6769575) AND (k <= 6769675))
	  ->  Bitmap Index Scan on k_2  (cost=0.00..5.40 rows=97 width=0)
	        Index Cond: ((k >= 6769575) AND (k <= 6769675))

table 3 : explain SELECT k, c FROM sbtest3 WHERE k BETWEEN 6769575 AND 6769675
	Bitmap Heap Scan on sbtest3  (cost=5.45..397.25 rows=99 width=125)
	  Recheck Cond: ((k >= 6769575) AND (k <= 6769675))
	  ->  Bitmap Index Scan on k_3  (cost=0.00..5.42 rows=99 width=0)
	        Index Cond: ((k >= 6769575) AND (k <= 6769675))

table 4 : explain SELECT k, c FROM sbtest4 WHERE k BETWEEN 6769575 AND 6769675
	Bitmap Heap Scan on sbtest4  (cost=5.51..420.88 rows=105 width=125)
	  Recheck Cond: ((k >= 6769575) AND (k <= 6769675))
	  ->  Bitmap Index Scan on k_4  (cost=0.00..5.48 rows=105 width=0)
	        Index Cond: ((k >= 6769575) AND (k <= 6769675))

table 5 : explain SELECT k, c FROM sbtest5 WHERE k BETWEEN 6769575 AND 6769675
	Bitmap Heap Scan on sbtest5  (cost=5.43..389.37 rows=97 width=125)
	  Recheck Cond: ((k >= 6769575) AND (k <= 6769675))
	  ->  Bitmap Index Scan on k_5  (cost=0.00..5.40 rows=97 width=0)
	        Index Cond: ((k >= 6769575) AND (k <= 6769675))

table 6 : explain SELECT k, c FROM sbtest6 WHERE k BETWEEN 6769575 AND 6769675
	Bitmap Heap Scan on sbtest6  (cost=5.46..401.19 rows=100 width=125)
	  Recheck Cond: ((k >= 6769575) AND (k <= 6769675))
	  ->  Bitmap Index Scan on k_6  (cost=0.00..5.43 rows=100 width=0)
	        Index Cond: ((k >= 6769575) AND (k <= 6769675))

table 7 : explain SELECT k, c FROM sbtest7 WHERE k BETWEEN 6769575 AND 6769675
	Bitmap Heap Scan on sbtest7  (cost=5.58..448.42 rows=112 width=125)
	  Recheck Cond: ((k >= 6769575) AND (k <= 6769675))
	  ->  Bitmap Index Scan on k_7  (cost=0.00..5.55 rows=112 width=0)
	        Index Cond: ((k >= 6769575) AND (k <= 6769675))

table 8 : explain SELECT k, c FROM sbtest8 WHERE k BETWEEN 6769575 AND 6769675
	Bitmap Heap Scan on sbtest8  (cost=5.41..381.49 rows=95 width=125)
	  Recheck Cond: ((k >= 6769575) AND (k <= 6769675))
	  ->  Bitmap Index Scan on k_8  (cost=0.00..5.38 rows=95 width=0)
	        Index Cond: ((k >= 6769575) AND (k <= 6769675))

explain: for range-notcovered :: explain SELECT k, c FROM sbtest%d WHERE k BETWEEN 4852801 AND 4852901
explain: for range-notcovered :: explain SELECT k, c FROM sbtest%d WHERE k BETWEEN 6769575 AND 6769675
for range-notcovered
table 1 : explain SELECT k, c FROM sbtest1 WHERE k BETWEEN 2655504 AND 2655604
	Bitmap Heap Scan on sbtest1  (cost=5.49..413.00 rows=103 width=125)
	  Recheck Cond: ((k >= 2655504) AND (k <= 2655604))
	  ->  Bitmap Index Scan on k_1  (cost=0.00..5.46 rows=103 width=0)
	        Index Cond: ((k >= 2655504) AND (k <= 2655604))

table 2 : explain SELECT k, c FROM sbtest2 WHERE k BETWEEN 2655504 AND 2655604
	Bitmap Heap Scan on sbtest2  (cost=5.32..346.00 rows=86 width=125)
	  Recheck Cond: ((k >= 2655504) AND (k <= 2655604))
	  ->  Bitmap Index Scan on k_2  (cost=0.00..5.29 rows=86 width=0)
	        Index Cond: ((k >= 2655504) AND (k <= 2655604))

table 3 : explain SELECT k, c FROM sbtest3 WHERE k BETWEEN 2655504 AND 2655604
	Bitmap Heap Scan on sbtest3  (cost=5.41..381.49 rows=95 width=125)
	  Recheck Cond: ((k >= 2655504) AND (k <= 2655604))
	  ->  Bitmap Index Scan on k_3  (cost=0.00..5.38 rows=95 width=0)
	        Index Cond: ((k >= 2655504) AND (k <= 2655604))

table 4 : explain SELECT k, c FROM sbtest4 WHERE k BETWEEN 2655504 AND 2655604
	Bitmap Heap Scan on sbtest4  (cost=5.48..409.07 rows=102 width=125)
	  Recheck Cond: ((k >= 2655504) AND (k <= 2655604))
	  ->  Bitmap Index Scan on k_4  (cost=0.00..5.45 rows=102 width=0)
	        Index Cond: ((k >= 2655504) AND (k <= 2655604))

table 5 : explain SELECT k, c FROM sbtest5 WHERE k BETWEEN 2655504 AND 2655604
	Bitmap Heap Scan on sbtest5  (cost=5.47..405.13 rows=101 width=125)
	  Recheck Cond: ((k >= 2655504) AND (k <= 2655604))
	  ->  Bitmap Index Scan on k_5  (cost=0.00..5.44 rows=101 width=0)
	        Index Cond: ((k >= 2655504) AND (k <= 2655604))

table 6 : explain SELECT k, c FROM sbtest6 WHERE k BETWEEN 2655504 AND 2655604
	Bitmap Heap Scan on sbtest6  (cost=5.59..452.36 rows=113 width=125)
	  Recheck Cond: ((k >= 2655504) AND (k <= 2655604))
	  ->  Bitmap Index Scan on k_6  (cost=0.00..5.56 rows=113 width=0)
	        Index Cond: ((k >= 2655504) AND (k <= 2655604))

table 7 : explain SELECT k, c FROM sbtest7 WHERE k BETWEEN 2655504 AND 2655604
	Bitmap Heap Scan on sbtest7  (cost=5.44..393.31 rows=98 width=125)
	  Recheck Cond: ((k >= 2655504) AND (k <= 2655604))
	  ->  Bitmap Index Scan on k_7  (cost=0.00..5.42 rows=98 width=0)
	        Index Cond: ((k >= 2655504) AND (k <= 2655604))

table 8 : explain SELECT k, c FROM sbtest8 WHERE k BETWEEN 2655504 AND 2655604
	Bitmap Heap Scan on sbtest8  (cost=5.50..416.94 rows=104 width=125)
	  Recheck Cond: ((k >= 2655504) AND (k <= 2655604))
	  ->  Bitmap Index Scan on k_8  (cost=0.00..5.47 rows=104 width=0)
	        Index Cond: ((k >= 2655504) AND (k <= 2655604))

for range-notcovered
table 1 : explain SELECT k, c FROM sbtest1 WHERE k BETWEEN 4420021 AND 4420121
	Bitmap Heap Scan on sbtest1  (cost=5.58..448.42 rows=112 width=125)
	  Recheck Cond: ((k >= 4420021) AND (k <= 4420121))
	  ->  Bitmap Index Scan on k_1  (cost=0.00..5.55 rows=112 width=0)
	        Index Cond: ((k >= 4420021) AND (k <= 4420121))

table 2 : explain SELECT k, c FROM sbtest2 WHERE k BETWEEN 4420021 AND 4420121
	Bitmap Heap Scan on sbtest2  (cost=5.55..436.62 rows=109 width=125)
	  Recheck Cond: ((k >= 4420021) AND (k <= 4420121))
	  ->  Bitmap Index Scan on k_2  (cost=0.00..5.52 rows=109 width=0)
	        Index Cond: ((k >= 4420021) AND (k <= 4420121))

table 3 : explain SELECT k, c FROM sbtest3 WHERE k BETWEEN 4420021 AND 4420121
	Bitmap Heap Scan on sbtest3  (cost=5.47..405.13 rows=101 width=125)
	  Recheck Cond: ((k >= 4420021) AND (k <= 4420121))
	  ->  Bitmap Index Scan on k_3  (cost=0.00..5.44 rows=101 width=0)
	        Index Cond: ((k >= 4420021) AND (k <= 4420121))

table 4 : explain SELECT k, c FROM sbtest4 WHERE k BETWEEN 4420021 AND 4420121
	Bitmap Heap Scan on sbtest4  (cost=5.55..436.62 rows=109 width=125)
	  Recheck Cond: ((k >= 4420021) AND (k <= 4420121))
	  ->  Bitmap Index Scan on k_4  (cost=0.00..5.52 rows=109 width=0)
	        Index Cond: ((k >= 4420021) AND (k <= 4420121))

table 5 : explain SELECT k, c FROM sbtest5 WHERE k BETWEEN 4420021 AND 4420121
	Bitmap Heap Scan on sbtest5  (cost=5.39..373.61 rows=93 width=125)
	  Recheck Cond: ((k >= 4420021) AND (k <= 4420121))
	  ->  Bitmap Index Scan on k_5  (cost=0.00..5.36 rows=93 width=0)
	        Index Cond: ((k >= 4420021) AND (k <= 4420121))

table 6 : explain SELECT k, c FROM sbtest6 WHERE k BETWEEN 4420021 AND 4420121
	Bitmap Heap Scan on sbtest6  (cost=5.48..409.07 rows=102 width=125)
	  Recheck Cond: ((k >= 4420021) AND (k <= 4420121))
	  ->  Bitmap Index Scan on k_6  (cost=0.00..5.45 rows=102 width=0)
	        Index Cond: ((k >= 4420021) AND (k <= 4420121))

table 7 : explain SELECT k, c FROM sbtest7 WHERE k BETWEEN 4420021 AND 4420121
	Bitmap Heap Scan on sbtest7  (cost=5.52..424.81 rows=106 width=125)
	  Recheck Cond: ((k >= 4420021) AND (k <= 4420121))
	  ->  Bitmap Index Scan on k_7  (cost=0.00..5.50 rows=106 width=0)
	        Index Cond: ((k >= 4420021) AND (k <= 4420121))

table 8 : explain SELECT k, c FROM sbtest8 WHERE k BETWEEN 4420021 AND 4420121
	Bitmap Heap Scan on sbtest8  (cost=5.51..420.88 rows=105 width=125)
	  Recheck Cond: ((k >= 4420021) AND (k <= 4420121))
	  ->  Bitmap Index Scan on k_8  (cost=0.00..5.48 rows=105 width=0)
	        Index Cond: ((k >= 4420021) AND (k <= 4420121))

for range-notcovered
table 1 : explain SELECT k, c FROM sbtest1 WHERE k BETWEEN 2290742 AND 2290842
	Bitmap Heap Scan on sbtest1  (cost=5.44..393.31 rows=98 width=125)
	  Recheck Cond: ((k >= 2290742) AND (k <= 2290842))
	  ->  Bitmap Index Scan on k_1  (cost=0.00..5.42 rows=98 width=0)
	        Index Cond: ((k >= 2290742) AND (k <= 2290842))

table 2 : explain SELECT k, c FROM sbtest2 WHERE k BETWEEN 2290742 AND 2290842
	Bitmap Heap Scan on sbtest2  (cost=5.44..393.31 rows=98 width=125)
	  Recheck Cond: ((k >= 2290742) AND (k <= 2290842))
	  ->  Bitmap Index Scan on k_2  (cost=0.00..5.42 rows=98 width=0)
	        Index Cond: ((k >= 2290742) AND (k <= 2290842))

table 3 : explain SELECT k, c FROM sbtest3 WHERE k BETWEEN 2290742 AND 2290842
	Bitmap Heap Scan on sbtest3  (cost=5.50..416.94 rows=104 width=125)
	  Recheck Cond: ((k >= 2290742) AND (k <= 2290842))
	  ->  Bitmap Index Scan on k_3  (cost=0.00..5.47 rows=104 width=0)
	        Index Cond: ((k >= 2290742) AND (k <= 2290842))

table 4 : explain SELECT k, c FROM sbtest4 WHERE k BETWEEN 2290742 AND 2290842
	Bitmap Heap Scan on sbtest4  (cost=5.47..405.13 rows=101 width=125)
	  Recheck Cond: ((k >= 2290742) AND (k <= 2290842))
	  ->  Bitmap Index Scan on k_4  (cost=0.00..5.44 rows=101 width=0)
	        Index Cond: ((k >= 2290742) AND (k <= 2290842))

table 5 : explain SELECT k, c FROM sbtest5 WHERE k BETWEEN 2290742 AND 2290842
	Bitmap Heap Scan on sbtest5  (cost=5.53..428.75 rows=107 width=125)
	  Recheck Cond: ((k >= 2290742) AND (k <= 2290842))
	  ->  Bitmap Index Scan on k_5  (cost=0.00..5.50 rows=107 width=0)
	        Index Cond: ((k >= 2290742) AND (k <= 2290842))

table 6 : explain SELECT k, c FROM sbtest6 WHERE k BETWEEN 2290742 AND 2290842
	Bitmap Heap Scan on sbtest6  (cost=5.45..397.25 rows=99 width=125)
	  Recheck Cond: ((k >= 2290742) AND (k <= 2290842))
	  ->  Bitmap Index Scan on k_6  (cost=0.00..5.42 rows=99 width=0)
	        Index Cond: ((k >= 2290742) AND (k <= 2290842))

table 7 : explain SELECT k, c FROM sbtest7 WHERE k BETWEEN 2290742 AND 2290842
	Bitmap Heap Scan on sbtest7  (cost=5.48..409.07 rows=102 width=125)
	  Recheck Cond: ((k >= 2290742) AND (k <= 2290842))
	  ->  Bitmap Index Scan on k_7  (cost=0.00..5.45 rows=102 width=0)
	        Index Cond: ((k >= 2290742) AND (k <= 2290842))

table 8 : explain SELECT k, c FROM sbtest8 WHERE k BETWEEN 2290742 AND 2290842
	Bitmap Heap Scan on sbtest8  (cost=5.46..401.19 rows=100 width=125)
	  Recheck Cond: ((k >= 2290742) AND (k <= 2290842))
	  ->  Bitmap Index Scan on k_8  (cost=0.00..5.43 rows=100 width=0)
	        Index Cond: ((k >= 2290742) AND (k <= 2290842))

for range-notcovered
table 1 : explain SELECT k, c FROM sbtest1 WHERE k BETWEEN 6234223 AND 6234323
	Bitmap Heap Scan on sbtest1  (cost=5.39..373.61 rows=93 width=125)
	  Recheck Cond: ((k >= 6234223) AND (k <= 6234323))
	  ->  Bitmap Index Scan on k_1  (cost=0.00..5.36 rows=93 width=0)
	        Index Cond: ((k >= 6234223) AND (k <= 6234323))

table 2 : explain SELECT k, c FROM sbtest2 WHERE k BETWEEN 6234223 AND 6234323
	Bitmap Heap Scan on sbtest2  (cost=5.45..397.25 rows=99 width=125)
	  Recheck Cond: ((k >= 6234223) AND (k <= 6234323))
	  ->  Bitmap Index Scan on k_2  (cost=0.00..5.42 rows=99 width=0)
	        Index Cond: ((k >= 6234223) AND (k <= 6234323))

table 3 : explain SELECT k, c FROM sbtest3 WHERE k BETWEEN 6234223 AND 6234323
	Bitmap Heap Scan on sbtest3  (cost=5.42..385.43 rows=96 width=125)
	  Recheck Cond: ((k >= 6234223) AND (k <= 6234323))
	  ->  Bitmap Index Scan on k_3  (cost=0.00..5.39 rows=96 width=0)
	        Index Cond: ((k >= 6234223) AND (k <= 6234323))

table 4 : explain SELECT k, c FROM sbtest4 WHERE k BETWEEN 6234223 AND 6234323
	Bitmap Heap Scan on sbtest4  (cost=5.52..424.81 rows=106 width=125)
	  Recheck Cond: ((k >= 6234223) AND (k <= 6234323))
	  ->  Bitmap Index Scan on k_4  (cost=0.00..5.50 rows=106 width=0)
	        Index Cond: ((k >= 6234223) AND (k <= 6234323))

table 5 : explain SELECT k, c FROM sbtest5 WHERE k BETWEEN 6234223 AND 6234323
	Bitmap Heap Scan on sbtest5  (cost=5.42..385.43 rows=96 width=125)
	  Recheck Cond: ((k >= 6234223) AND (k <= 6234323))
	  ->  Bitmap Index Scan on k_5  (cost=0.00..5.39 rows=96 width=0)
	        Index Cond: ((k >= 6234223) AND (k <= 6234323))

table 6 : explain SELECT k, c FROM sbtest6 WHERE k BETWEEN 6234223 AND 6234323
	Bitmap Heap Scan on sbtest6  (cost=5.38..369.67 rows=92 width=125)
	  Recheck Cond: ((k >= 6234223) AND (k <= 6234323))
	  ->  Bitmap Index Scan on k_6  (cost=0.00..5.35 rows=92 width=0)
	        Index Cond: ((k >= 6234223) AND (k <= 6234323))

table 7 : explain SELECT k, c FROM sbtest7 WHERE k BETWEEN 6234223 AND 6234323
	Bitmap Heap Scan on sbtest7  (cost=5.47..405.13 rows=101 width=125)
	  Recheck Cond: ((k >= 6234223) AND (k <= 6234323))
	  ->  Bitmap Index Scan on k_7  (cost=0.00..5.44 rows=101 width=0)
	        Index Cond: ((k >= 6234223) AND (k <= 6234323))

table 8 : explain SELECT k, c FROM sbtest8 WHERE k BETWEEN 6234223 AND 6234323
	Bitmap Heap Scan on sbtest8  (cost=5.36..361.78 rows=90 width=125)
	  Recheck Cond: ((k >= 6234223) AND (k <= 6234323))
	  ->  Bitmap Index Scan on k_8  (cost=0.00..5.33 rows=90 width=0)
	        Index Cond: ((k >= 6234223) AND (k <= 6234323))

for range-notcovered
table 1 : explain SELECT k, c FROM sbtest1 WHERE k BETWEEN 968313 AND 968413
	Bitmap Heap Scan on sbtest1  (cost=5.48..409.07 rows=102 width=125)
	  Recheck Cond: ((k >= 968313) AND (k <= 968413))
	  ->  Bitmap Index Scan on k_1  (cost=0.00..5.45 rows=102 width=0)
	        Index Cond: ((k >= 968313) AND (k <= 968413))

table 2 : explain SELECT k, c FROM sbtest2 WHERE k BETWEEN 968313 AND 968413
	Bitmap Heap Scan on sbtest2  (cost=5.50..416.94 rows=104 width=125)
	  Recheck Cond: ((k >= 968313) AND (k <= 968413))
	  ->  Bitmap Index Scan on k_2  (cost=0.00..5.47 rows=104 width=0)
	        Index Cond: ((k >= 968313) AND (k <= 968413))

table 3 : explain SELECT k, c FROM sbtest3 WHERE k BETWEEN 968313 AND 968413
	Bitmap Heap Scan on sbtest3  (cost=5.50..416.94 rows=104 width=125)
	  Recheck Cond: ((k >= 968313) AND (k <= 968413))
	  ->  Bitmap Index Scan on k_3  (cost=0.00..5.47 rows=104 width=0)
	        Index Cond: ((k >= 968313) AND (k <= 968413))

table 4 : explain SELECT k, c FROM sbtest4 WHERE k BETWEEN 968313 AND 968413
	Bitmap Heap Scan on sbtest4  (cost=5.58..448.42 rows=112 width=125)
	  Recheck Cond: ((k >= 968313) AND (k <= 968413))
	  ->  Bitmap Index Scan on k_4  (cost=0.00..5.55 rows=112 width=0)
	        Index Cond: ((k >= 968313) AND (k <= 968413))

table 5 : explain SELECT k, c FROM sbtest5 WHERE k BETWEEN 968313 AND 968413
	Bitmap Heap Scan on sbtest5  (cost=5.39..373.61 rows=93 width=125)
	  Recheck Cond: ((k >= 968313) AND (k <= 968413))
	  ->  Bitmap Index Scan on k_5  (cost=0.00..5.36 rows=93 width=0)
	        Index Cond: ((k >= 968313) AND (k <= 968413))

table 6 : explain SELECT k, c FROM sbtest6 WHERE k BETWEEN 968313 AND 968413
	Bitmap Heap Scan on sbtest6  (cost=5.49..413.00 rows=103 width=125)
	  Recheck Cond: ((k >= 968313) AND (k <= 968413))
	  ->  Bitmap Index Scan on k_6  (cost=0.00..5.46 rows=103 width=0)
	        Index Cond: ((k >= 968313) AND (k <= 968413))

table 7 : explain SELECT k, c FROM sbtest7 WHERE k BETWEEN 968313 AND 968413
	Bitmap Heap Scan on sbtest7  (cost=5.50..416.94 rows=104 width=125)
	  Recheck Cond: ((k >= 968313) AND (k <= 968413))
	  ->  Bitmap Index Scan on k_7  (cost=0.00..5.47 rows=104 width=0)
	        Index Cond: ((k >= 968313) AND (k <= 968413))

table 8 : explain SELECT k, c FROM sbtest8 WHERE k BETWEEN 968313 AND 968413
	Bitmap Heap Scan on sbtest8  (cost=5.48..409.07 rows=102 width=125)
	  Recheck Cond: ((k >= 968313) AND (k <= 968413))
	  ->  Bitmap Index Scan on k_8  (cost=0.00..5.45 rows=102 width=0)
	        Index Cond: ((k >= 968313) AND (k <= 968413))

explain: for range-notcovered :: explain SELECT k, c FROM sbtest%d WHERE k BETWEEN 6234223 AND 6234323
explain: for range-notcovered :: explain SELECT k, c FROM sbtest%d WHERE k BETWEEN 968313 AND 968413
for range-notcovered
table 1 : explain SELECT k, c FROM sbtest1 WHERE k BETWEEN 2433003 AND 2433103
	Bitmap Heap Scan on sbtest1  (cost=5.42..385.43 rows=96 width=125)
	  Recheck Cond: ((k >= 2433003) AND (k <= 2433103))
	  ->  Bitmap Index Scan on k_1  (cost=0.00..5.39 rows=96 width=0)
	        Index Cond: ((k >= 2433003) AND (k <= 2433103))

table 2 : explain SELECT k, c FROM sbtest2 WHERE k BETWEEN 2433003 AND 2433103
	Bitmap Heap Scan on sbtest2  (cost=5.44..393.31 rows=98 width=125)
	  Recheck Cond: ((k >= 2433003) AND (k <= 2433103))
	  ->  Bitmap Index Scan on k_2  (cost=0.00..5.42 rows=98 width=0)
	        Index Cond: ((k >= 2433003) AND (k <= 2433103))

table 3 : explain SELECT k, c FROM sbtest3 WHERE k BETWEEN 2433003 AND 2433103
	Bitmap Heap Scan on sbtest3  (cost=5.45..397.25 rows=99 width=125)
	  Recheck Cond: ((k >= 2433003) AND (k <= 2433103))
	  ->  Bitmap Index Scan on k_3  (cost=0.00..5.42 rows=99 width=0)
	        Index Cond: ((k >= 2433003) AND (k <= 2433103))

table 4 : explain SELECT k, c FROM sbtest4 WHERE k BETWEEN 2433003 AND 2433103
	Bitmap Heap Scan on sbtest4  (cost=5.44..393.31 rows=98 width=125)
	  Recheck Cond: ((k >= 2433003) AND (k <= 2433103))
	  ->  Bitmap Index Scan on k_4  (cost=0.00..5.42 rows=98 width=0)
	        Index Cond: ((k >= 2433003) AND (k <= 2433103))

table 5 : explain SELECT k, c FROM sbtest5 WHERE k BETWEEN 2433003 AND 2433103
	Bitmap Heap Scan on sbtest5  (cost=5.46..401.19 rows=100 width=125)
	  Recheck Cond: ((k >= 2433003) AND (k <= 2433103))
	  ->  Bitmap Index Scan on k_5  (cost=0.00..5.43 rows=100 width=0)
	        Index Cond: ((k >= 2433003) AND (k <= 2433103))

table 6 : explain SELECT k, c FROM sbtest6 WHERE k BETWEEN 2433003 AND 2433103
	Bitmap Heap Scan on sbtest6  (cost=5.40..377.55 rows=94 width=125)
	  Recheck Cond: ((k >= 2433003) AND (k <= 2433103))
	  ->  Bitmap Index Scan on k_6  (cost=0.00..5.38 rows=94 width=0)
	        Index Cond: ((k >= 2433003) AND (k <= 2433103))

table 7 : explain SELECT k, c FROM sbtest7 WHERE k BETWEEN 2433003 AND 2433103
	Bitmap Heap Scan on sbtest7  (cost=5.43..389.37 rows=97 width=125)
	  Recheck Cond: ((k >= 2433003) AND (k <= 2433103))
	  ->  Bitmap Index Scan on k_7  (cost=0.00..5.40 rows=97 width=0)
	        Index Cond: ((k >= 2433003) AND (k <= 2433103))

table 8 : explain SELECT k, c FROM sbtest8 WHERE k BETWEEN 2433003 AND 2433103
	Bitmap Heap Scan on sbtest8  (cost=5.49..413.00 rows=103 width=125)
	  Recheck Cond: ((k >= 2433003) AND (k <= 2433103))
	  ->  Bitmap Index Scan on k_8  (cost=0.00..5.46 rows=103 width=0)
	        Index Cond: ((k >= 2433003) AND (k <= 2433103))

for range-notcovered
table 1 : explain SELECT k, c FROM sbtest1 WHERE k BETWEEN 3981418 AND 3981518
	Bitmap Heap Scan on sbtest1  (cost=5.47..405.13 rows=101 width=125)
	  Recheck Cond: ((k >= 3981418) AND (k <= 3981518))
	  ->  Bitmap Index Scan on k_1  (cost=0.00..5.44 rows=101 width=0)
	        Index Cond: ((k >= 3981418) AND (k <= 3981518))

table 2 : explain SELECT k, c FROM sbtest2 WHERE k BETWEEN 3981418 AND 3981518
	Bitmap Heap Scan on sbtest2  (cost=5.35..357.84 rows=89 width=125)
	  Recheck Cond: ((k >= 3981418) AND (k <= 3981518))
	  ->  Bitmap Index Scan on k_2  (cost=0.00..5.32 rows=89 width=0)
	        Index Cond: ((k >= 3981418) AND (k <= 3981518))

table 3 : explain SELECT k, c FROM sbtest3 WHERE k BETWEEN 3981418 AND 3981518
	Bitmap Heap Scan on sbtest3  (cost=5.53..428.75 rows=107 width=125)
	  Recheck Cond: ((k >= 3981418) AND (k <= 3981518))
	  ->  Bitmap Index Scan on k_3  (cost=0.00..5.50 rows=107 width=0)
	        Index Cond: ((k >= 3981418) AND (k <= 3981518))

table 4 : explain SELECT k, c FROM sbtest4 WHERE k BETWEEN 3981418 AND 3981518
	Bitmap Heap Scan on sbtest4  (cost=5.35..357.84 rows=89 width=125)
	  Recheck Cond: ((k >= 3981418) AND (k <= 3981518))
	  ->  Bitmap Index Scan on k_4  (cost=0.00..5.32 rows=89 width=0)
	        Index Cond: ((k >= 3981418) AND (k <= 3981518))

table 5 : explain SELECT k, c FROM sbtest5 WHERE k BETWEEN 3981418 AND 3981518
	Bitmap Heap Scan on sbtest5  (cost=5.47..405.13 rows=101 width=125)
	  Recheck Cond: ((k >= 3981418) AND (k <= 3981518))
	  ->  Bitmap Index Scan on k_5  (cost=0.00..5.44 rows=101 width=0)
	        Index Cond: ((k >= 3981418) AND (k <= 3981518))

table 6 : explain SELECT k, c FROM sbtest6 WHERE k BETWEEN 3981418 AND 3981518
	Bitmap Heap Scan on sbtest6  (cost=5.41..381.49 rows=95 width=125)
	  Recheck Cond: ((k >= 3981418) AND (k <= 3981518))
	  ->  Bitmap Index Scan on k_6  (cost=0.00..5.38 rows=95 width=0)
	        Index Cond: ((k >= 3981418) AND (k <= 3981518))

table 7 : explain SELECT k, c FROM sbtest7 WHERE k BETWEEN 3981418 AND 3981518
	Bitmap Heap Scan on sbtest7  (cost=5.47..405.13 rows=101 width=125)
	  Recheck Cond: ((k >= 3981418) AND (k <= 3981518))
	  ->  Bitmap Index Scan on k_7  (cost=0.00..5.44 rows=101 width=0)
	        Index Cond: ((k >= 3981418) AND (k <= 3981518))

table 8 : explain SELECT k, c FROM sbtest8 WHERE k BETWEEN 3981418 AND 3981518
	Bitmap Heap Scan on sbtest8  (cost=5.53..428.75 rows=107 width=125)
	  Recheck Cond: ((k >= 3981418) AND (k <= 3981518))
	  ->  Bitmap Index Scan on k_8  (cost=0.00..5.50 rows=107 width=0)
	        Index Cond: ((k >= 3981418) AND (k <= 3981518))

explain: for range-notcovered :: explain SELECT k, c FROM sbtest%d WHERE k BETWEEN 3981418 AND 3981518
for range-notcovered
table 1 : explain SELECT k, c FROM sbtest1 WHERE k BETWEEN 4852801 AND 4852901
	Bitmap Heap Scan on sbtest1  (cost=5.60..456.29 rows=114 width=125)
	  Recheck Cond: ((k >= 4852801) AND (k <= 4852901))
	  ->  Bitmap Index Scan on k_1  (cost=0.00..5.58 rows=114 width=0)
	        Index Cond: ((k >= 4852801) AND (k <= 4852901))

table 2 : explain SELECT k, c FROM sbtest2 WHERE k BETWEEN 4852801 AND 4852901
	Bitmap Heap Scan on sbtest2  (cost=5.44..393.31 rows=98 width=125)
	  Recheck Cond: ((k >= 4852801) AND (k <= 4852901))
	  ->  Bitmap Index Scan on k_2  (cost=0.00..5.42 rows=98 width=0)
	        Index Cond: ((k >= 4852801) AND (k <= 4852901))

table 3 : explain SELECT k, c FROM sbtest3 WHERE k BETWEEN 4852801 AND 4852901
	Bitmap Heap Scan on sbtest3  (cost=5.48..409.07 rows=102 width=125)
	  Recheck Cond: ((k >= 4852801) AND (k <= 4852901))
	  ->  Bitmap Index Scan on k_3  (cost=0.00..5.45 rows=102 width=0)
	        Index Cond: ((k >= 4852801) AND (k <= 4852901))

table 4 : explain SELECT k, c FROM sbtest4 WHERE k BETWEEN 4852801 AND 4852901
	Bitmap Heap Scan on sbtest4  (cost=5.60..456.29 rows=114 width=125)
	  Recheck Cond: ((k >= 4852801) AND (k <= 4852901))
	  ->  Bitmap Index Scan on k_4  (cost=0.00..5.58 rows=114 width=0)
	        Index Cond: ((k >= 4852801) AND (k <= 4852901))

table 5 : explain SELECT k, c FROM sbtest5 WHERE k BETWEEN 4852801 AND 4852901
	Bitmap Heap Scan on sbtest5  (cost=5.48..409.07 rows=102 width=125)
	  Recheck Cond: ((k >= 4852801) AND (k <= 4852901))
	  ->  Bitmap Index Scan on k_5  (cost=0.00..5.45 rows=102 width=0)
	        Index Cond: ((k >= 4852801) AND (k <= 4852901))

table 6 : explain SELECT k, c FROM sbtest6 WHERE k BETWEEN 4852801 AND 4852901
	Bitmap Heap Scan on sbtest6  (cost=5.50..416.94 rows=104 width=125)
	  Recheck Cond: ((k >= 4852801) AND (k <= 4852901))
	  ->  Bitmap Index Scan on k_6  (cost=0.00..5.47 rows=104 width=0)
	        Index Cond: ((k >= 4852801) AND (k <= 4852901))

table 7 : explain SELECT k, c FROM sbtest7 WHERE k BETWEEN 4852801 AND 4852901
	Bitmap Heap Scan on sbtest7  (cost=5.44..393.31 rows=98 width=125)
	  Recheck Cond: ((k >= 4852801) AND (k <= 4852901))
	  ->  Bitmap Index Scan on k_7  (cost=0.00..5.42 rows=98 width=0)
	        Index Cond: ((k >= 4852801) AND (k <= 4852901))

table 8 : explain SELECT k, c FROM sbtest8 WHERE k BETWEEN 4852801 AND 4852901
	Bitmap Heap Scan on sbtest8  (cost=5.43..389.37 rows=97 width=125)
	  Recheck Cond: ((k >= 4852801) AND (k <= 4852901))
	  ->  Bitmap Index Scan on k_8  (cost=0.00..5.40 rows=97 width=0)
	        Index Cond: ((k >= 4852801) AND (k <= 4852901))

explain: for range-notcovered :: explain SELECT k, c FROM sbtest%d WHERE k BETWEEN 4852801 AND 4852901
for range-notcovered
table 1 : explain SELECT k, c FROM sbtest1 WHERE k BETWEEN 659562 AND 659662
	Bitmap Heap Scan on sbtest1  (cost=5.50..416.94 rows=104 width=125)
	  Recheck Cond: ((k >= 659562) AND (k <= 659662))
	  ->  Bitmap Index Scan on k_1  (cost=0.00..5.47 rows=104 width=0)
	        Index Cond: ((k >= 659562) AND (k <= 659662))

table 2 : explain SELECT k, c FROM sbtest2 WHERE k BETWEEN 659562 AND 659662
	Bitmap Heap Scan on sbtest2  (cost=5.55..436.62 rows=109 width=125)
	  Recheck Cond: ((k >= 659562) AND (k <= 659662))
	  ->  Bitmap Index Scan on k_2  (cost=0.00..5.52 rows=109 width=0)
	        Index Cond: ((k >= 659562) AND (k <= 659662))

table 3 : explain SELECT k, c FROM sbtest3 WHERE k BETWEEN 659562 AND 659662
	Bitmap Heap Scan on sbtest3  (cost=5.38..369.67 rows=92 width=125)
	  Recheck Cond: ((k >= 659562) AND (k <= 659662))
	  ->  Bitmap Index Scan on k_3  (cost=0.00..5.35 rows=92 width=0)
	        Index Cond: ((k >= 659562) AND (k <= 659662))

table 4 : explain SELECT k, c FROM sbtest4 WHERE k BETWEEN 659562 AND 659662
	Bitmap Heap Scan on sbtest4  (cost=5.55..436.62 rows=109 width=125)
	  Recheck Cond: ((k >= 659562) AND (k <= 659662))
	  ->  Bitmap Index Scan on k_4  (cost=0.00..5.52 rows=109 width=0)
	        Index Cond: ((k >= 659562) AND (k <= 659662))

table 5 : explain SELECT k, c FROM sbtest5 WHERE k BETWEEN 659562 AND 659662
	Bitmap Heap Scan on sbtest5  (cost=5.58..448.42 rows=112 width=125)
	  Recheck Cond: ((k >= 659562) AND (k <= 659662))
	  ->  Bitmap Index Scan on k_5  (cost=0.00..5.55 rows=112 width=0)
	        Index Cond: ((k >= 659562) AND (k <= 659662))

table 6 : explain SELECT k, c FROM sbtest6 WHERE k BETWEEN 659562 AND 659662
	Bitmap Heap Scan on sbtest6  (cost=5.47..405.13 rows=101 width=125)
	  Recheck Cond: ((k >= 659562) AND (k <= 659662))
	  ->  Bitmap Index Scan on k_6  (cost=0.00..5.44 rows=101 width=0)
	        Index Cond: ((k >= 659562) AND (k <= 659662))

table 7 : explain SELECT k, c FROM sbtest7 WHERE k BETWEEN 659562 AND 659662
	Bitmap Heap Scan on sbtest7  (cost=5.42..385.43 rows=96 width=125)
	  Recheck Cond: ((k >= 659562) AND (k <= 659662))
	  ->  Bitmap Index Scan on k_7  (cost=0.00..5.39 rows=96 width=0)
	        Index Cond: ((k >= 659562) AND (k <= 659662))

table 8 : explain SELECT k, c FROM sbtest8 WHERE k BETWEEN 659562 AND 659662
	Bitmap Heap Scan on sbtest8  (cost=5.55..436.62 rows=109 width=125)
	  Recheck Cond: ((k >= 659562) AND (k <= 659662))
	  ->  Bitmap Index Scan on k_8  (cost=0.00..5.52 rows=109 width=0)
	        Index Cond: ((k >= 659562) AND (k <= 659662))

explain: for range-notcovered :: explain SELECT k, c FROM sbtest%d WHERE k BETWEEN 659562 AND 659662
for range-notcovered
table 1 : explain SELECT k, c FROM sbtest1 WHERE k BETWEEN 968313 AND 968413
	Bitmap Heap Scan on sbtest1  (cost=5.48..409.07 rows=102 width=125)
	  Recheck Cond: ((k >= 968313) AND (k <= 968413))
	  ->  Bitmap Index Scan on k_1  (cost=0.00..5.45 rows=102 width=0)
	        Index Cond: ((k >= 968313) AND (k <= 968413))

table 2 : explain SELECT k, c FROM sbtest2 WHERE k BETWEEN 968313 AND 968413
	Bitmap Heap Scan on sbtest2  (cost=5.50..416.94 rows=104 width=125)
	  Recheck Cond: ((k >= 968313) AND (k <= 968413))
	  ->  Bitmap Index Scan on k_2  (cost=0.00..5.47 rows=104 width=0)
	        Index Cond: ((k >= 968313) AND (k <= 968413))

table 3 : explain SELECT k, c FROM sbtest3 WHERE k BETWEEN 968313 AND 968413
	Bitmap Heap Scan on sbtest3  (cost=5.50..416.94 rows=104 width=125)
	  Recheck Cond: ((k >= 968313) AND (k <= 968413))
	  ->  Bitmap Index Scan on k_3  (cost=0.00..5.47 rows=104 width=0)
	        Index Cond: ((k >= 968313) AND (k <= 968413))

table 4 : explain SELECT k, c FROM sbtest4 WHERE k BETWEEN 968313 AND 968413
	Bitmap Heap Scan on sbtest4  (cost=5.58..448.42 rows=112 width=125)
	  Recheck Cond: ((k >= 968313) AND (k <= 968413))
	  ->  Bitmap Index Scan on k_4  (cost=0.00..5.55 rows=112 width=0)
	        Index Cond: ((k >= 968313) AND (k <= 968413))

table 5 : explain SELECT k, c FROM sbtest5 WHERE k BETWEEN 968313 AND 968413
	Bitmap Heap Scan on sbtest5  (cost=5.39..373.61 rows=93 width=125)
	  Recheck Cond: ((k >= 968313) AND (k <= 968413))
	  ->  Bitmap Index Scan on k_5  (cost=0.00..5.36 rows=93 width=0)
	        Index Cond: ((k >= 968313) AND (k <= 968413))

table 6 : explain SELECT k, c FROM sbtest6 WHERE k BETWEEN 968313 AND 968413
	Bitmap Heap Scan on sbtest6  (cost=5.49..413.00 rows=103 width=125)
	  Recheck Cond: ((k >= 968313) AND (k <= 968413))
	  ->  Bitmap Index Scan on k_6  (cost=0.00..5.46 rows=103 width=0)
	        Index Cond: ((k >= 968313) AND (k <= 968413))

table 7 : explain SELECT k, c FROM sbtest7 WHERE k BETWEEN 968313 AND 968413
	Bitmap Heap Scan on sbtest7  (cost=5.50..416.94 rows=104 width=125)
	  Recheck Cond: ((k >= 968313) AND (k <= 968413))
	  ->  Bitmap Index Scan on k_7  (cost=0.00..5.47 rows=104 width=0)
	        Index Cond: ((k >= 968313) AND (k <= 968413))

table 8 : explain SELECT k, c FROM sbtest8 WHERE k BETWEEN 968313 AND 968413
	Bitmap Heap Scan on sbtest8  (cost=5.48..409.07 rows=102 width=125)
	  Recheck Cond: ((k >= 968313) AND (k <= 968413))
	  ->  Bitmap Index Scan on k_8  (cost=0.00..5.45 rows=102 width=0)
	        Index Cond: ((k >= 968313) AND (k <= 968413))

for range-notcovered
table 1 : explain SELECT k, c FROM sbtest1 WHERE k BETWEEN 6769575 AND 6769675
	Bitmap Heap Scan on sbtest1  (cost=5.54..432.69 rows=108 width=125)
	  Recheck Cond: ((k >= 6769575) AND (k <= 6769675))
	  ->  Bitmap Index Scan on k_1  (cost=0.00..5.51 rows=108 width=0)
	        Index Cond: ((k >= 6769575) AND (k <= 6769675))

table 2 : explain SELECT k, c FROM sbtest2 WHERE k BETWEEN 6769575 AND 6769675
	Bitmap Heap Scan on sbtest2  (cost=5.43..389.37 rows=97 width=125)
	  Recheck Cond: ((k >= 6769575) AND (k <= 6769675))
	  ->  Bitmap Index Scan on k_2  (cost=0.00..5.40 rows=97 width=0)
	        Index Cond: ((k >= 6769575) AND (k <= 6769675))

table 3 : explain SELECT k, c FROM sbtest3 WHERE k BETWEEN 6769575 AND 6769675
	Bitmap Heap Scan on sbtest3  (cost=5.45..397.25 rows=99 width=125)
	  Recheck Cond: ((k >= 6769575) AND (k <= 6769675))
	  ->  Bitmap Index Scan on k_3  (cost=0.00..5.42 rows=99 width=0)
	        Index Cond: ((k >= 6769575) AND (k <= 6769675))

table 4 : explain SELECT k, c FROM sbtest4 WHERE k BETWEEN 6769575 AND 6769675
	Bitmap Heap Scan on sbtest4  (cost=5.51..420.88 rows=105 width=125)
	  Recheck Cond: ((k >= 6769575) AND (k <= 6769675))
	  ->  Bitmap Index Scan on k_4  (cost=0.00..5.48 rows=105 width=0)
	        Index Cond: ((k >= 6769575) AND (k <= 6769675))

table 5 : explain SELECT k, c FROM sbtest5 WHERE k BETWEEN 6769575 AND 6769675
	Bitmap Heap Scan on sbtest5  (cost=5.43..389.37 rows=97 width=125)
	  Recheck Cond: ((k >= 6769575) AND (k <= 6769675))
	  ->  Bitmap Index Scan on k_5  (cost=0.00..5.40 rows=97 width=0)
	        Index Cond: ((k >= 6769575) AND (k <= 6769675))

table 6 : explain SELECT k, c FROM sbtest6 WHERE k BETWEEN 6769575 AND 6769675
	Bitmap Heap Scan on sbtest6  (cost=5.46..401.19 rows=100 width=125)
	  Recheck Cond: ((k >= 6769575) AND (k <= 6769675))
	  ->  Bitmap Index Scan on k_6  (cost=0.00..5.43 rows=100 width=0)
	        Index Cond: ((k >= 6769575) AND (k <= 6769675))

table 7 : explain SELECT k, c FROM sbtest7 WHERE k BETWEEN 6769575 AND 6769675
	Bitmap Heap Scan on sbtest7  (cost=5.58..448.42 rows=112 width=125)
	  Recheck Cond: ((k >= 6769575) AND (k <= 6769675))
	  ->  Bitmap Index Scan on k_7  (cost=0.00..5.55 rows=112 width=0)
	        Index Cond: ((k >= 6769575) AND (k <= 6769675))

table 8 : explain SELECT k, c FROM sbtest8 WHERE k BETWEEN 6769575 AND 6769675
	Bitmap Heap Scan on sbtest8  (cost=5.41..381.49 rows=95 width=125)
	  Recheck Cond: ((k >= 6769575) AND (k <= 6769675))
	  ->  Bitmap Index Scan on k_8  (cost=0.00..5.38 rows=95 width=0)
	        Index Cond: ((k >= 6769575) AND (k <= 6769675))
explain: for range-notcovered :: explain SELECT k, c FROM sbtest%d WHERE k BETWEEN 968313 AND 968413

for range-notcovered
table 1 : explain SELECT k, c FROM sbtest1 WHERE k BETWEEN 3981418 AND 3981518
	Bitmap Heap Scan on sbtest1  (cost=5.47..405.13 rows=101 width=125)
	  Recheck Cond: ((k >= 3981418) AND (k <= 3981518))
	  ->  Bitmap Index Scan on k_1  (cost=0.00..5.44 rows=101 width=0)
	        Index Cond: ((k >= 3981418) AND (k <= 3981518))

table 2 : explain SELECT k, c FROM sbtest2 WHERE k BETWEEN 3981418 AND 3981518
	Bitmap Heap Scan on sbtest2  (cost=5.35..357.84 rows=89 width=125)
	  Recheck Cond: ((k >= 3981418) AND (k <= 3981518))
	  ->  Bitmap Index Scan on k_2  (cost=0.00..5.32 rows=89 width=0)
	        Index Cond: ((k >= 3981418) AND (k <= 3981518))

table 3 : explain SELECT k, c FROM sbtest3 WHERE k BETWEEN 3981418 AND 3981518
	Bitmap Heap Scan on sbtest3  (cost=5.53..428.75 rows=107 width=125)
	  Recheck Cond: ((k >= 3981418) AND (k <= 3981518))
	  ->  Bitmap Index Scan on k_3  (cost=0.00..5.50 rows=107 width=0)
	        Index Cond: ((k >= 3981418) AND (k <= 3981518))

table 4 : explain SELECT k, c FROM sbtest4 WHERE k BETWEEN 3981418 AND 3981518
	Bitmap Heap Scan on sbtest4  (cost=5.35..357.84 rows=89 width=125)
	  Recheck Cond: ((k >= 3981418) AND (k <= 3981518))
	  ->  Bitmap Index Scan on k_4  (cost=0.00..5.32 rows=89 width=0)
	        Index Cond: ((k >= 3981418) AND (k <= 3981518))

table 5 : explain SELECT k, c FROM sbtest5 WHERE k BETWEEN 3981418 AND 3981518
	Bitmap Heap Scan on sbtest5  (cost=5.47..405.13 rows=101 width=125)
	  Recheck Cond: ((k >= 3981418) AND (k <= 3981518))
	  ->  Bitmap Index Scan on k_5  (cost=0.00..5.44 rows=101 width=0)
	        Index Cond: ((k >= 3981418) AND (k <= 3981518))

table 6 : explain SELECT k, c FROM sbtest6 WHERE k BETWEEN 3981418 AND 3981518
	Bitmap Heap Scan on sbtest6  (cost=5.41..381.49 rows=95 width=125)
	  Recheck Cond: ((k >= 3981418) AND (k <= 3981518))
	  ->  Bitmap Index Scan on k_6  (cost=0.00..5.38 rows=95 width=0)
	        Index Cond: ((k >= 3981418) AND (k <= 3981518))

table 7 : explain SELECT k, c FROM sbtest7 WHERE k BETWEEN 3981418 AND 3981518
	Bitmap Heap Scan on sbtest7  (cost=5.47..405.13 rows=101 width=125)
	  Recheck Cond: ((k >= 3981418) AND (k <= 3981518))
	  ->  Bitmap Index Scan on k_7  (cost=0.00..5.44 rows=101 width=0)
	        Index Cond: ((k >= 3981418) AND (k <= 3981518))

table 8 : explain SELECT k, c FROM sbtest8 WHERE k BETWEEN 3981418 AND 3981518
	Bitmap Heap Scan on sbtest8  (cost=5.53..428.75 rows=107 width=125)
	  Recheck Cond: ((k >= 3981418) AND (k <= 3981518))
	  ->  Bitmap Index Scan on k_8  (cost=0.00..5.50 rows=107 width=0)
	        Index Cond: ((k >= 3981418) AND (k <= 3981518))

explain: for range-notcovered :: explain SELECT k, c FROM sbtest%d WHERE k BETWEEN 3981418 AND 3981518
for range-notcovered
table 1 : explain SELECT k, c FROM sbtest1 WHERE k BETWEEN 4852801 AND 4852901
	Bitmap Heap Scan on sbtest1  (cost=5.60..456.29 rows=114 width=125)
	  Recheck Cond: ((k >= 4852801) AND (k <= 4852901))
	  ->  Bitmap Index Scan on k_1  (cost=0.00..5.58 rows=114 width=0)
	        Index Cond: ((k >= 4852801) AND (k <= 4852901))

table 2 : explain SELECT k, c FROM sbtest2 WHERE k BETWEEN 4852801 AND 4852901
	Bitmap Heap Scan on sbtest2  (cost=5.44..393.31 rows=98 width=125)
	  Recheck Cond: ((k >= 4852801) AND (k <= 4852901))
	  ->  Bitmap Index Scan on k_2  (cost=0.00..5.42 rows=98 width=0)
	        Index Cond: ((k >= 4852801) AND (k <= 4852901))

table 3 : explain SELECT k, c FROM sbtest3 WHERE k BETWEEN 4852801 AND 4852901
	Bitmap Heap Scan on sbtest3  (cost=5.48..409.07 rows=102 width=125)
	  Recheck Cond: ((k >= 4852801) AND (k <= 4852901))
	  ->  Bitmap Index Scan on k_3  (cost=0.00..5.45 rows=102 width=0)
	        Index Cond: ((k >= 4852801) AND (k <= 4852901))

table 4 : explain SELECT k, c FROM sbtest4 WHERE k BETWEEN 4852801 AND 4852901
	Bitmap Heap Scan on sbtest4  (cost=5.60..456.29 rows=114 width=125)
	  Recheck Cond: ((k >= 4852801) AND (k <= 4852901))
	  ->  Bitmap Index Scan on k_4  (cost=0.00..5.58 rows=114 width=0)
	        Index Cond: ((k >= 4852801) AND (k <= 4852901))

table 5 : explain SELECT k, c FROM sbtest5 WHERE k BETWEEN 4852801 AND 4852901
	Bitmap Heap Scan on sbtest5  (cost=5.48..409.07 rows=102 width=125)
	  Recheck Cond: ((k >= 4852801) AND (k <= 4852901))
	  ->  Bitmap Index Scan on k_5  (cost=0.00..5.45 rows=102 width=0)
	        Index Cond: ((k >= 4852801) AND (k <= 4852901))

table 6 : explain SELECT k, c FROM sbtest6 WHERE k BETWEEN 4852801 AND 4852901
	Bitmap Heap Scan on sbtest6  (cost=5.50..416.94 rows=104 width=125)
	  Recheck Cond: ((k >= 4852801) AND (k <= 4852901))
	  ->  Bitmap Index Scan on k_6  (cost=0.00..5.47 rows=104 width=0)
	        Index Cond: ((k >= 4852801) AND (k <= 4852901))

table 7 : explain SELECT k, c FROM sbtest7 WHERE k BETWEEN 4852801 AND 4852901
	Bitmap Heap Scan on sbtest7  (cost=5.44..393.31 rows=98 width=125)
	  Recheck Cond: ((k >= 4852801) AND (k <= 4852901))
	  ->  Bitmap Index Scan on k_7  (cost=0.00..5.42 rows=98 width=0)
	        Index Cond: ((k >= 4852801) AND (k <= 4852901))

table 8 : explain SELECT k, c FROM sbtest8 WHERE k BETWEEN 4852801 AND 4852901
	Bitmap Heap Scan on sbtest8  (cost=5.43..389.37 rows=97 width=125)
	  Recheck Cond: ((k >= 4852801) AND (k <= 4852901))
	  ->  Bitmap Index Scan on k_8  (cost=0.00..5.40 rows=97 width=0)
	        Index Cond: ((k >= 4852801) AND (k <= 4852901))

explain: for range-notcovered :: explain SELECT k, c FROM sbtest%d WHERE k BETWEEN 4852801 AND 4852901
for range-notcovered
table 1 : explain SELECT k, c FROM sbtest1 WHERE k BETWEEN 968313 AND 968413
	Bitmap Heap Scan on sbtest1  (cost=5.48..409.07 rows=102 width=125)
	  Recheck Cond: ((k >= 968313) AND (k <= 968413))
	  ->  Bitmap Index Scan on k_1  (cost=0.00..5.45 rows=102 width=0)
	        Index Cond: ((k >= 968313) AND (k <= 968413))

table 2 : explain SELECT k, c FROM sbtest2 WHERE k BETWEEN 968313 AND 968413
	Bitmap Heap Scan on sbtest2  (cost=5.50..416.94 rows=104 width=125)
	  Recheck Cond: ((k >= 968313) AND (k <= 968413))
	  ->  Bitmap Index Scan on k_2  (cost=0.00..5.47 rows=104 width=0)
	        Index Cond: ((k >= 968313) AND (k <= 968413))

table 3 : explain SELECT k, c FROM sbtest3 WHERE k BETWEEN 968313 AND 968413
	Bitmap Heap Scan on sbtest3  (cost=5.50..416.94 rows=104 width=125)
	  Recheck Cond: ((k >= 968313) AND (k <= 968413))
	  ->  Bitmap Index Scan on k_3  (cost=0.00..5.47 rows=104 width=0)
	        Index Cond: ((k >= 968313) AND (k <= 968413))

table 4 : explain SELECT k, c FROM sbtest4 WHERE k BETWEEN 968313 AND 968413
	Bitmap Heap Scan on sbtest4  (cost=5.58..448.42 rows=112 width=125)
	  Recheck Cond: ((k >= 968313) AND (k <= 968413))
	  ->  Bitmap Index Scan on k_4  (cost=0.00..5.55 rows=112 width=0)
	        Index Cond: ((k >= 968313) AND (k <= 968413))

table 5 : explain SELECT k, c FROM sbtest5 WHERE k BETWEEN 968313 AND 968413
	Bitmap Heap Scan on sbtest5  (cost=5.39..373.61 rows=93 width=125)
	  Recheck Cond: ((k >= 968313) AND (k <= 968413))
	  ->  Bitmap Index Scan on k_5  (cost=0.00..5.36 rows=93 width=0)
	        Index Cond: ((k >= 968313) AND (k <= 968413))

table 6 : explain SELECT k, c FROM sbtest6 WHERE k BETWEEN 968313 AND 968413
	Bitmap Heap Scan on sbtest6  (cost=5.49..413.00 rows=103 width=125)
	  Recheck Cond: ((k >= 968313) AND (k <= 968413))
	  ->  Bitmap Index Scan on k_6  (cost=0.00..5.46 rows=103 width=0)
	        Index Cond: ((k >= 968313) AND (k <= 968413))

table 7 : explain SELECT k, c FROM sbtest7 WHERE k BETWEEN 968313 AND 968413
	Bitmap Heap Scan on sbtest7  (cost=5.50..416.94 rows=104 width=125)
	  Recheck Cond: ((k >= 968313) AND (k <= 968413))
	  ->  Bitmap Index Scan on k_7  (cost=0.00..5.47 rows=104 width=0)
	        Index Cond: ((k >= 968313) AND (k <= 968413))

table 8 : explain SELECT k, c FROM sbtest8 WHERE k BETWEEN 968313 AND 968413
	Bitmap Heap Scan on sbtest8  (cost=5.48..409.07 rows=102 width=125)
	  Recheck Cond: ((k >= 968313) AND (k <= 968413))
	  ->  Bitmap Index Scan on k_8  (cost=0.00..5.45 rows=102 width=0)
	        Index Cond: ((k >= 968313) AND (k <= 968413))

explain: for range-notcovered :: explain SELECT k, c FROM sbtest%d WHERE k BETWEEN 968313 AND 968413
for range-notcovered
table 1 : explain SELECT k, c FROM sbtest1 WHERE k BETWEEN 3981418 AND 3981518
	Bitmap Heap Scan on sbtest1  (cost=5.47..405.13 rows=101 width=125)
	  Recheck Cond: ((k >= 3981418) AND (k <= 3981518))
	  ->  Bitmap Index Scan on k_1  (cost=0.00..5.44 rows=101 width=0)
	        Index Cond: ((k >= 3981418) AND (k <= 3981518))

table 2 : explain SELECT k, c FROM sbtest2 WHERE k BETWEEN 3981418 AND 3981518
	Bitmap Heap Scan on sbtest2  (cost=5.35..357.84 rows=89 width=125)
	  Recheck Cond: ((k >= 3981418) AND (k <= 3981518))
	  ->  Bitmap Index Scan on k_2  (cost=0.00..5.32 rows=89 width=0)
	        Index Cond: ((k >= 3981418) AND (k <= 3981518))

table 3 : explain SELECT k, c FROM sbtest3 WHERE k BETWEEN 3981418 AND 3981518
	Bitmap Heap Scan on sbtest3  (cost=5.53..428.75 rows=107 width=125)
	  Recheck Cond: ((k >= 3981418) AND (k <= 3981518))
	  ->  Bitmap Index Scan on k_3  (cost=0.00..5.50 rows=107 width=0)
	        Index Cond: ((k >= 3981418) AND (k <= 3981518))

table 4 : explain SELECT k, c FROM sbtest4 WHERE k BETWEEN 3981418 AND 3981518
	Bitmap Heap Scan on sbtest4  (cost=5.35..357.84 rows=89 width=125)
	  Recheck Cond: ((k >= 3981418) AND (k <= 3981518))
	  ->  Bitmap Index Scan on k_4  (cost=0.00..5.32 rows=89 width=0)
	        Index Cond: ((k >= 3981418) AND (k <= 3981518))

table 5 : explain SELECT k, c FROM sbtest5 WHERE k BETWEEN 3981418 AND 3981518
	Bitmap Heap Scan on sbtest5  (cost=5.47..405.13 rows=101 width=125)
	  Recheck Cond: ((k >= 3981418) AND (k <= 3981518))
	  ->  Bitmap Index Scan on k_5  (cost=0.00..5.44 rows=101 width=0)
	        Index Cond: ((k >= 3981418) AND (k <= 3981518))

table 6 : explain SELECT k, c FROM sbtest6 WHERE k BETWEEN 3981418 AND 3981518
	Bitmap Heap Scan on sbtest6  (cost=5.41..381.49 rows=95 width=125)
	  Recheck Cond: ((k >= 3981418) AND (k <= 3981518))
	  ->  Bitmap Index Scan on k_6  (cost=0.00..5.38 rows=95 width=0)
	        Index Cond: ((k >= 3981418) AND (k <= 3981518))

table 7 : explain SELECT k, c FROM sbtest7 WHERE k BETWEEN 3981418 AND 3981518
	Bitmap Heap Scan on sbtest7  (cost=5.47..405.13 rows=101 width=125)
	  Recheck Cond: ((k >= 3981418) AND (k <= 3981518))
	  ->  Bitmap Index Scan on k_7  (cost=0.00..5.44 rows=101 width=0)
	        Index Cond: ((k >= 3981418) AND (k <= 3981518))

table 8 : explain SELECT k, c FROM sbtest8 WHERE k BETWEEN 3981418 AND 3981518
	Bitmap Heap Scan on sbtest8  (cost=5.53..428.75 rows=107 width=125)
	  Recheck Cond: ((k >= 3981418) AND (k <= 3981518))
	  ->  Bitmap Index Scan on k_8  (cost=0.00..5.50 rows=107 width=0)
	        Index Cond: ((k >= 3981418) AND (k <= 3981518))

explain: for range-notcovered :: explain SELECT k, c FROM sbtest%d WHERE k BETWEEN 3981418 AND 3981518
for range-notcovered
table 1 : explain SELECT k, c FROM sbtest1 WHERE k BETWEEN 4852801 AND 4852901
	Bitmap Heap Scan on sbtest1  (cost=5.60..456.29 rows=114 width=125)
	  Recheck Cond: ((k >= 4852801) AND (k <= 4852901))
	  ->  Bitmap Index Scan on k_1  (cost=0.00..5.58 rows=114 width=0)
	        Index Cond: ((k >= 4852801) AND (k <= 4852901))

table 2 : explain SELECT k, c FROM sbtest2 WHERE k BETWEEN 4852801 AND 4852901
	Bitmap Heap Scan on sbtest2  (cost=5.44..393.31 rows=98 width=125)
	  Recheck Cond: ((k >= 4852801) AND (k <= 4852901))
	  ->  Bitmap Index Scan on k_2  (cost=0.00..5.42 rows=98 width=0)
	        Index Cond: ((k >= 4852801) AND (k <= 4852901))

table 3 : explain SELECT k, c FROM sbtest3 WHERE k BETWEEN 4852801 AND 4852901
	Bitmap Heap Scan on sbtest3  (cost=5.48..409.07 rows=102 width=125)
	  Recheck Cond: ((k >= 4852801) AND (k <= 4852901))
	  ->  Bitmap Index Scan on k_3  (cost=0.00..5.45 rows=102 width=0)
	        Index Cond: ((k >= 4852801) AND (k <= 4852901))

table 4 : explain SELECT k, c FROM sbtest4 WHERE k BETWEEN 4852801 AND 4852901
	Bitmap Heap Scan on sbtest4  (cost=5.60..456.29 rows=114 width=125)
	  Recheck Cond: ((k >= 4852801) AND (k <= 4852901))
	  ->  Bitmap Index Scan on k_4  (cost=0.00..5.58 rows=114 width=0)
	        Index Cond: ((k >= 4852801) AND (k <= 4852901))

table 5 : explain SELECT k, c FROM sbtest5 WHERE k BETWEEN 4852801 AND 4852901
	Bitmap Heap Scan on sbtest5  (cost=5.48..409.07 rows=102 width=125)
	  Recheck Cond: ((k >= 4852801) AND (k <= 4852901))
	  ->  Bitmap Index Scan on k_5  (cost=0.00..5.45 rows=102 width=0)
	        Index Cond: ((k >= 4852801) AND (k <= 4852901))

table 6 : explain SELECT k, c FROM sbtest6 WHERE k BETWEEN 4852801 AND 4852901
	Bitmap Heap Scan on sbtest6  (cost=5.50..416.94 rows=104 width=125)
	  Recheck Cond: ((k >= 4852801) AND (k <= 4852901))
	  ->  Bitmap Index Scan on k_6  (cost=0.00..5.47 rows=104 width=0)
	        Index Cond: ((k >= 4852801) AND (k <= 4852901))

table 7 : explain SELECT k, c FROM sbtest7 WHERE k BETWEEN 4852801 AND 4852901
	Bitmap Heap Scan on sbtest7  (cost=5.44..393.31 rows=98 width=125)
	  Recheck Cond: ((k >= 4852801) AND (k <= 4852901))
	  ->  Bitmap Index Scan on k_7  (cost=0.00..5.42 rows=98 width=0)
	        Index Cond: ((k >= 4852801) AND (k <= 4852901))

table 8 : explain SELECT k, c FROM sbtest8 WHERE k BETWEEN 4852801 AND 4852901
	Bitmap Heap Scan on sbtest8  (cost=5.43..389.37 rows=97 width=125)
	  Recheck Cond: ((k >= 4852801) AND (k <= 4852901))
	  ->  Bitmap Index Scan on k_8  (cost=0.00..5.40 rows=97 width=0)
	        Index Cond: ((k >= 4852801) AND (k <= 4852901))

explain: for range-notcovered :: explain SELECT k, c FROM sbtest%d WHERE k BETWEEN 4852801 AND 4852901
explain: for range-notcovered :: explain SELECT k, c FROM sbtest%d WHERE k BETWEEN 2655504 AND 2655604
for range-notcovered
table 1 : explain SELECT k, c FROM sbtest1 WHERE k BETWEEN 968313 AND 968413
	Bitmap Heap Scan on sbtest1  (cost=5.48..409.07 rows=102 width=125)
	  Recheck Cond: ((k >= 968313) AND (k <= 968413))
	  ->  Bitmap Index Scan on k_1  (cost=0.00..5.45 rows=102 width=0)
	        Index Cond: ((k >= 968313) AND (k <= 968413))

table 2 : explain SELECT k, c FROM sbtest2 WHERE k BETWEEN 968313 AND 968413
	Bitmap Heap Scan on sbtest2  (cost=5.50..416.94 rows=104 width=125)
	  Recheck Cond: ((k >= 968313) AND (k <= 968413))
	  ->  Bitmap Index Scan on k_2  (cost=0.00..5.47 rows=104 width=0)
	        Index Cond: ((k >= 968313) AND (k <= 968413))

table 3 : explain SELECT k, c FROM sbtest3 WHERE k BETWEEN 968313 AND 968413
	Bitmap Heap Scan on sbtest3  (cost=5.50..416.94 rows=104 width=125)
	  Recheck Cond: ((k >= 968313) AND (k <= 968413))
	  ->  Bitmap Index Scan on k_3  (cost=0.00..5.47 rows=104 width=0)
	        Index Cond: ((k >= 968313) AND (k <= 968413))

table 4 : explain SELECT k, c FROM sbtest4 WHERE k BETWEEN 968313 AND 968413
	Bitmap Heap Scan on sbtest4  (cost=5.58..448.42 rows=112 width=125)
	  Recheck Cond: ((k >= 968313) AND (k <= 968413))
	  ->  Bitmap Index Scan on k_4  (cost=0.00..5.55 rows=112 width=0)
	        Index Cond: ((k >= 968313) AND (k <= 968413))

table 5 : explain SELECT k, c FROM sbtest5 WHERE k BETWEEN 968313 AND 968413
	Bitmap Heap Scan on sbtest5  (cost=5.39..373.61 rows=93 width=125)
	  Recheck Cond: ((k >= 968313) AND (k <= 968413))
	  ->  Bitmap Index Scan on k_5  (cost=0.00..5.36 rows=93 width=0)
	        Index Cond: ((k >= 968313) AND (k <= 968413))

table 6 : explain SELECT k, c FROM sbtest6 WHERE k BETWEEN 968313 AND 968413
	Bitmap Heap Scan on sbtest6  (cost=5.49..413.00 rows=103 width=125)
	  Recheck Cond: ((k >= 968313) AND (k <= 968413))
	  ->  Bitmap Index Scan on k_6  (cost=0.00..5.46 rows=103 width=0)
	        Index Cond: ((k >= 968313) AND (k <= 968413))

table 7 : explain SELECT k, c FROM sbtest7 WHERE k BETWEEN 968313 AND 968413
	Bitmap Heap Scan on sbtest7  (cost=5.50..416.94 rows=104 width=125)
	  Recheck Cond: ((k >= 968313) AND (k <= 968413))
	  ->  Bitmap Index Scan on k_7  (cost=0.00..5.47 rows=104 width=0)
	        Index Cond: ((k >= 968313) AND (k <= 968413))

table 8 : explain SELECT k, c FROM sbtest8 WHERE k BETWEEN 968313 AND 968413
	Bitmap Heap Scan on sbtest8  (cost=5.48..409.07 rows=102 width=125)
	  Recheck Cond: ((k >= 968313) AND (k <= 968413))
	  ->  Bitmap Index Scan on k_8  (cost=0.00..5.45 rows=102 width=0)
	        Index Cond: ((k >= 968313) AND (k <= 968413))

explain: for range-notcovered :: explain SELECT k, c FROM sbtest%d WHERE k BETWEEN 968313 AND 968413
for range-notcovered
table 1 : explain SELECT k, c FROM sbtest1 WHERE k BETWEEN 3981418 AND 3981518
	Bitmap Heap Scan on sbtest1  (cost=5.47..405.13 rows=101 width=125)
	  Recheck Cond: ((k >= 3981418) AND (k <= 3981518))
	  ->  Bitmap Index Scan on k_1  (cost=0.00..5.44 rows=101 width=0)
	        Index Cond: ((k >= 3981418) AND (k <= 3981518))

table 2 : explain SELECT k, c FROM sbtest2 WHERE k BETWEEN 3981418 AND 3981518
	Bitmap Heap Scan on sbtest2  (cost=5.35..357.84 rows=89 width=125)
	  Recheck Cond: ((k >= 3981418) AND (k <= 3981518))
	  ->  Bitmap Index Scan on k_2  (cost=0.00..5.32 rows=89 width=0)
	        Index Cond: ((k >= 3981418) AND (k <= 3981518))

table 3 : explain SELECT k, c FROM sbtest3 WHERE k BETWEEN 3981418 AND 3981518
	Bitmap Heap Scan on sbtest3  (cost=5.53..428.75 rows=107 width=125)
	  Recheck Cond: ((k >= 3981418) AND (k <= 3981518))
	  ->  Bitmap Index Scan on k_3  (cost=0.00..5.50 rows=107 width=0)
	        Index Cond: ((k >= 3981418) AND (k <= 3981518))

table 4 : explain SELECT k, c FROM sbtest4 WHERE k BETWEEN 3981418 AND 3981518
	Bitmap Heap Scan on sbtest4  (cost=5.35..357.84 rows=89 width=125)
	  Recheck Cond: ((k >= 3981418) AND (k <= 3981518))
	  ->  Bitmap Index Scan on k_4  (cost=0.00..5.32 rows=89 width=0)
	        Index Cond: ((k >= 3981418) AND (k <= 3981518))

table 5 : explain SELECT k, c FROM sbtest5 WHERE k BETWEEN 3981418 AND 3981518
	Bitmap Heap Scan on sbtest5  (cost=5.47..405.13 rows=101 width=125)
	  Recheck Cond: ((k >= 3981418) AND (k <= 3981518))
	  ->  Bitmap Index Scan on k_5  (cost=0.00..5.44 rows=101 width=0)
	        Index Cond: ((k >= 3981418) AND (k <= 3981518))

table 6 : explain SELECT k, c FROM sbtest6 WHERE k BETWEEN 3981418 AND 3981518
	Bitmap Heap Scan on sbtest6  (cost=5.41..381.49 rows=95 width=125)
	  Recheck Cond: ((k >= 3981418) AND (k <= 3981518))
	  ->  Bitmap Index Scan on k_6  (cost=0.00..5.38 rows=95 width=0)
	        Index Cond: ((k >= 3981418) AND (k <= 3981518))

table 7 : explain SELECT k, c FROM sbtest7 WHERE k BETWEEN 3981418 AND 3981518
	Bitmap Heap Scan on sbtest7  (cost=5.47..405.13 rows=101 width=125)
	  Recheck Cond: ((k >= 3981418) AND (k <= 3981518))
	  ->  Bitmap Index Scan on k_7  (cost=0.00..5.44 rows=101 width=0)
	        Index Cond: ((k >= 3981418) AND (k <= 3981518))

table 8 : explain SELECT k, c FROM sbtest8 WHERE k BETWEEN 3981418 AND 3981518
	Bitmap Heap Scan on sbtest8  (cost=5.53..428.75 rows=107 width=125)
	  Recheck Cond: ((k >= 3981418) AND (k <= 3981518))
	  ->  Bitmap Index Scan on k_8  (cost=0.00..5.50 rows=107 width=0)
	        Index Cond: ((k >= 3981418) AND (k <= 3981518))

explain: for range-notcovered :: explain SELECT k, c FROM sbtest%d WHERE k BETWEEN 3981418 AND 3981518
for range-notcovered
table 1 : explain SELECT k, c FROM sbtest1 WHERE k BETWEEN 4852801 AND 4852901
	Bitmap Heap Scan on sbtest1  (cost=5.60..456.29 rows=114 width=125)
	  Recheck Cond: ((k >= 4852801) AND (k <= 4852901))
	  ->  Bitmap Index Scan on k_1  (cost=0.00..5.58 rows=114 width=0)
	        Index Cond: ((k >= 4852801) AND (k <= 4852901))

table 2 : explain SELECT k, c FROM sbtest2 WHERE k BETWEEN 4852801 AND 4852901
	Bitmap Heap Scan on sbtest2  (cost=5.44..393.31 rows=98 width=125)
	  Recheck Cond: ((k >= 4852801) AND (k <= 4852901))
	  ->  Bitmap Index Scan on k_2  (cost=0.00..5.42 rows=98 width=0)
	        Index Cond: ((k >= 4852801) AND (k <= 4852901))

table 3 : explain SELECT k, c FROM sbtest3 WHERE k BETWEEN 4852801 AND 4852901
	Bitmap Heap Scan on sbtest3  (cost=5.48..409.07 rows=102 width=125)
	  Recheck Cond: ((k >= 4852801) AND (k <= 4852901))
	  ->  Bitmap Index Scan on k_3  (cost=0.00..5.45 rows=102 width=0)
	        Index Cond: ((k >= 4852801) AND (k <= 4852901))

table 4 : explain SELECT k, c FROM sbtest4 WHERE k BETWEEN 4852801 AND 4852901
	Bitmap Heap Scan on sbtest4  (cost=5.60..456.29 rows=114 width=125)
	  Recheck Cond: ((k >= 4852801) AND (k <= 4852901))
	  ->  Bitmap Index Scan on k_4  (cost=0.00..5.58 rows=114 width=0)
	        Index Cond: ((k >= 4852801) AND (k <= 4852901))

table 5 : explain SELECT k, c FROM sbtest5 WHERE k BETWEEN 4852801 AND 4852901
	Bitmap Heap Scan on sbtest5  (cost=5.48..409.07 rows=102 width=125)
	  Recheck Cond: ((k >= 4852801) AND (k <= 4852901))
	  ->  Bitmap Index Scan on k_5  (cost=0.00..5.45 rows=102 width=0)
	        Index Cond: ((k >= 4852801) AND (k <= 4852901))

table 6 : explain SELECT k, c FROM sbtest6 WHERE k BETWEEN 4852801 AND 4852901
	Bitmap Heap Scan on sbtest6  (cost=5.50..416.94 rows=104 width=125)
	  Recheck Cond: ((k >= 4852801) AND (k <= 4852901))
	  ->  Bitmap Index Scan on k_6  (cost=0.00..5.47 rows=104 width=0)
	        Index Cond: ((k >= 4852801) AND (k <= 4852901))

table 7 : explain SELECT k, c FROM sbtest7 WHERE k BETWEEN 4852801 AND 4852901
	Bitmap Heap Scan on sbtest7  (cost=5.44..393.31 rows=98 width=125)
	  Recheck Cond: ((k >= 4852801) AND (k <= 4852901))
	  ->  Bitmap Index Scan on k_7  (cost=0.00..5.42 rows=98 width=0)
	        Index Cond: ((k >= 4852801) AND (k <= 4852901))

table 8 : explain SELECT k, c FROM sbtest8 WHERE k BETWEEN 4852801 AND 4852901
	Bitmap Heap Scan on sbtest8  (cost=5.43..389.37 rows=97 width=125)
	  Recheck Cond: ((k >= 4852801) AND (k <= 4852901))
	  ->  Bitmap Index Scan on k_8  (cost=0.00..5.40 rows=97 width=0)
	        Index Cond: ((k >= 4852801) AND (k <= 4852901))

explain: for range-notcovered :: explain SELECT k, c FROM sbtest%d WHERE k BETWEEN 4852801 AND 4852901
for range-notcovered
table 1 : explain SELECT k, c FROM sbtest1 WHERE k BETWEEN 2655504 AND 2655604
	Bitmap Heap Scan on sbtest1  (cost=5.49..413.00 rows=103 width=125)
	  Recheck Cond: ((k >= 2655504) AND (k <= 2655604))
	  ->  Bitmap Index Scan on k_1  (cost=0.00..5.46 rows=103 width=0)
	        Index Cond: ((k >= 2655504) AND (k <= 2655604))

table 2 : explain SELECT k, c FROM sbtest2 WHERE k BETWEEN 2655504 AND 2655604
	Bitmap Heap Scan on sbtest2  (cost=5.32..346.00 rows=86 width=125)
	  Recheck Cond: ((k >= 2655504) AND (k <= 2655604))
	  ->  Bitmap Index Scan on k_2  (cost=0.00..5.29 rows=86 width=0)
	        Index Cond: ((k >= 2655504) AND (k <= 2655604))

table 3 : explain SELECT k, c FROM sbtest3 WHERE k BETWEEN 2655504 AND 2655604
	Bitmap Heap Scan on sbtest3  (cost=5.41..381.49 rows=95 width=125)
	  Recheck Cond: ((k >= 2655504) AND (k <= 2655604))
	  ->  Bitmap Index Scan on k_3  (cost=0.00..5.38 rows=95 width=0)
	        Index Cond: ((k >= 2655504) AND (k <= 2655604))

table 4 : explain SELECT k, c FROM sbtest4 WHERE k BETWEEN 2655504 AND 2655604
	Bitmap Heap Scan on sbtest4  (cost=5.48..409.07 rows=102 width=125)
	  Recheck Cond: ((k >= 2655504) AND (k <= 2655604))
	  ->  Bitmap Index Scan on k_4  (cost=0.00..5.45 rows=102 width=0)
	        Index Cond: ((k >= 2655504) AND (k <= 2655604))

table 5 : explain SELECT k, c FROM sbtest5 WHERE k BETWEEN 2655504 AND 2655604
	Bitmap Heap Scan on sbtest5  (cost=5.47..405.13 rows=101 width=125)
	  Recheck Cond: ((k >= 2655504) AND (k <= 2655604))
	  ->  Bitmap Index Scan on k_5  (cost=0.00..5.44 rows=101 width=0)
	        Index Cond: ((k >= 2655504) AND (k <= 2655604))

table 6 : explain SELECT k, c FROM sbtest6 WHERE k BETWEEN 2655504 AND 2655604
	Bitmap Heap Scan on sbtest6  (cost=5.59..452.36 rows=113 width=125)
	  Recheck Cond: ((k >= 2655504) AND (k <= 2655604))
	  ->  Bitmap Index Scan on k_6  (cost=0.00..5.56 rows=113 width=0)
	        Index Cond: ((k >= 2655504) AND (k <= 2655604))

table 7 : explain SELECT k, c FROM sbtest7 WHERE k BETWEEN 2655504 AND 2655604
	Bitmap Heap Scan on sbtest7  (cost=5.44..393.31 rows=98 width=125)
	  Recheck Cond: ((k >= 2655504) AND (k <= 2655604))
	  ->  Bitmap Index Scan on k_7  (cost=0.00..5.42 rows=98 width=0)
	        Index Cond: ((k >= 2655504) AND (k <= 2655604))

table 8 : explain SELECT k, c FROM sbtest8 WHERE k BETWEEN 2655504 AND 2655604
	Bitmap Heap Scan on sbtest8  (cost=5.50..416.94 rows=104 width=125)
	  Recheck Cond: ((k >= 2655504) AND (k <= 2655604))
	  ->  Bitmap Index Scan on k_8  (cost=0.00..5.47 rows=104 width=0)
	        Index Cond: ((k >= 2655504) AND (k <= 2655604))

explain: for range-notcovered :: explain SELECT k, c FROM sbtest%d WHERE k BETWEEN 2655504 AND 2655604
explain: for range-notcovered :: explain SELECT k, c FROM sbtest%d WHERE k BETWEEN 632938 AND 633038
for range-notcovered
table 1 : explain SELECT k, c FROM sbtest1 WHERE k BETWEEN 968313 AND 968413
	Bitmap Heap Scan on sbtest1  (cost=5.48..409.07 rows=102 width=125)
	  Recheck Cond: ((k >= 968313) AND (k <= 968413))
	  ->  Bitmap Index Scan on k_1  (cost=0.00..5.45 rows=102 width=0)
	        Index Cond: ((k >= 968313) AND (k <= 968413))

table 2 : explain SELECT k, c FROM sbtest2 WHERE k BETWEEN 968313 AND 968413
	Bitmap Heap Scan on sbtest2  (cost=5.50..416.94 rows=104 width=125)
	  Recheck Cond: ((k >= 968313) AND (k <= 968413))
	  ->  Bitmap Index Scan on k_2  (cost=0.00..5.47 rows=104 width=0)
	        Index Cond: ((k >= 968313) AND (k <= 968413))

table 3 : explain SELECT k, c FROM sbtest3 WHERE k BETWEEN 968313 AND 968413
	Bitmap Heap Scan on sbtest3  (cost=5.50..416.94 rows=104 width=125)
	  Recheck Cond: ((k >= 968313) AND (k <= 968413))
	  ->  Bitmap Index Scan on k_3  (cost=0.00..5.47 rows=104 width=0)
	        Index Cond: ((k >= 968313) AND (k <= 968413))

table 4 : explain SELECT k, c FROM sbtest4 WHERE k BETWEEN 968313 AND 968413
	Bitmap Heap Scan on sbtest4  (cost=5.58..448.42 rows=112 width=125)
	  Recheck Cond: ((k >= 968313) AND (k <= 968413))
	  ->  Bitmap Index Scan on k_4  (cost=0.00..5.55 rows=112 width=0)
	        Index Cond: ((k >= 968313) AND (k <= 968413))

table 5 : explain SELECT k, c FROM sbtest5 WHERE k BETWEEN 968313 AND 968413
	Bitmap Heap Scan on sbtest5  (cost=5.39..373.61 rows=93 width=125)
	  Recheck Cond: ((k >= 968313) AND (k <= 968413))
	  ->  Bitmap Index Scan on k_5  (cost=0.00..5.36 rows=93 width=0)
	        Index Cond: ((k >= 968313) AND (k <= 968413))

table 6 : explain SELECT k, c FROM sbtest6 WHERE k BETWEEN 968313 AND 968413
	Bitmap Heap Scan on sbtest6  (cost=5.49..413.00 rows=103 width=125)
	  Recheck Cond: ((k >= 968313) AND (k <= 968413))
	  ->  Bitmap Index Scan on k_6  (cost=0.00..5.46 rows=103 width=0)
	        Index Cond: ((k >= 968313) AND (k <= 968413))

table 7 : explain SELECT k, c FROM sbtest7 WHERE k BETWEEN 968313 AND 968413
	Bitmap Heap Scan on sbtest7  (cost=5.50..416.94 rows=104 width=125)
	  Recheck Cond: ((k >= 968313) AND (k <= 968413))
	  ->  Bitmap Index Scan on k_7  (cost=0.00..5.47 rows=104 width=0)
	        Index Cond: ((k >= 968313) AND (k <= 968413))

table 8 : explain SELECT k, c FROM sbtest8 WHERE k BETWEEN 968313 AND 968413
	Bitmap Heap Scan on sbtest8  (cost=5.48..409.07 rows=102 width=125)
	  Recheck Cond: ((k >= 968313) AND (k <= 968413))
	  ->  Bitmap Index Scan on k_8  (cost=0.00..5.45 rows=102 width=0)
	        Index Cond: ((k >= 968313) AND (k <= 968413))

explain: for range-notcovered :: explain SELECT k, c FROM sbtest%d WHERE k BETWEEN 968313 AND 968413
for range-notcovered
table 1 : explain SELECT k, c FROM sbtest1 WHERE k BETWEEN 3981418 AND 3981518
	Bitmap Heap Scan on sbtest1  (cost=5.47..405.13 rows=101 width=125)
	  Recheck Cond: ((k >= 3981418) AND (k <= 3981518))
	  ->  Bitmap Index Scan on k_1  (cost=0.00..5.44 rows=101 width=0)
	        Index Cond: ((k >= 3981418) AND (k <= 3981518))

table 2 : explain SELECT k, c FROM sbtest2 WHERE k BETWEEN 3981418 AND 3981518
	Bitmap Heap Scan on sbtest2  (cost=5.35..357.84 rows=89 width=125)
	  Recheck Cond: ((k >= 3981418) AND (k <= 3981518))
	  ->  Bitmap Index Scan on k_2  (cost=0.00..5.32 rows=89 width=0)
	        Index Cond: ((k >= 3981418) AND (k <= 3981518))

table 3 : explain SELECT k, c FROM sbtest3 WHERE k BETWEEN 3981418 AND 3981518
	Bitmap Heap Scan on sbtest3  (cost=5.53..428.75 rows=107 width=125)
	  Recheck Cond: ((k >= 3981418) AND (k <= 3981518))
	  ->  Bitmap Index Scan on k_3  (cost=0.00..5.50 rows=107 width=0)
	        Index Cond: ((k >= 3981418) AND (k <= 3981518))

table 4 : explain SELECT k, c FROM sbtest4 WHERE k BETWEEN 3981418 AND 3981518
	Bitmap Heap Scan on sbtest4  (cost=5.35..357.84 rows=89 width=125)
	  Recheck Cond: ((k >= 3981418) AND (k <= 3981518))
	  ->  Bitmap Index Scan on k_4  (cost=0.00..5.32 rows=89 width=0)
	        Index Cond: ((k >= 3981418) AND (k <= 3981518))

table 5 : explain SELECT k, c FROM sbtest5 WHERE k BETWEEN 3981418 AND 3981518
	Bitmap Heap Scan on sbtest5  (cost=5.47..405.13 rows=101 width=125)
	  Recheck Cond: ((k >= 3981418) AND (k <= 3981518))
	  ->  Bitmap Index Scan on k_5  (cost=0.00..5.44 rows=101 width=0)
	        Index Cond: ((k >= 3981418) AND (k <= 3981518))

table 6 : explain SELECT k, c FROM sbtest6 WHERE k BETWEEN 3981418 AND 3981518
	Bitmap Heap Scan on sbtest6  (cost=5.41..381.49 rows=95 width=125)
	  Recheck Cond: ((k >= 3981418) AND (k <= 3981518))
	  ->  Bitmap Index Scan on k_6  (cost=0.00..5.38 rows=95 width=0)
	        Index Cond: ((k >= 3981418) AND (k <= 3981518))

table 7 : explain SELECT k, c FROM sbtest7 WHERE k BETWEEN 3981418 AND 3981518
	Bitmap Heap Scan on sbtest7  (cost=5.47..405.13 rows=101 width=125)
	  Recheck Cond: ((k >= 3981418) AND (k <= 3981518))
	  ->  Bitmap Index Scan on k_7  (cost=0.00..5.44 rows=101 width=0)
	        Index Cond: ((k >= 3981418) AND (k <= 3981518))

table 8 : explain SELECT k, c FROM sbtest8 WHERE k BETWEEN 3981418 AND 3981518
	Bitmap Heap Scan on sbtest8  (cost=5.53..428.75 rows=107 width=125)
	  Recheck Cond: ((k >= 3981418) AND (k <= 3981518))
	  ->  Bitmap Index Scan on k_8  (cost=0.00..5.50 rows=107 width=0)
	        Index Cond: ((k >= 3981418) AND (k <= 3981518))

explain: for range-notcovered :: explain SELECT k, c FROM sbtest%d WHERE k BETWEEN 3981418 AND 3981518
for range-notcovered
table 1 : explain SELECT k, c FROM sbtest1 WHERE k BETWEEN 4852801 AND 4852901
	Bitmap Heap Scan on sbtest1  (cost=5.60..456.29 rows=114 width=125)
	  Recheck Cond: ((k >= 4852801) AND (k <= 4852901))
	  ->  Bitmap Index Scan on k_1  (cost=0.00..5.58 rows=114 width=0)
	        Index Cond: ((k >= 4852801) AND (k <= 4852901))

table 2 : explain SELECT k, c FROM sbtest2 WHERE k BETWEEN 4852801 AND 4852901
	Bitmap Heap Scan on sbtest2  (cost=5.44..393.31 rows=98 width=125)
	  Recheck Cond: ((k >= 4852801) AND (k <= 4852901))
	  ->  Bitmap Index Scan on k_2  (cost=0.00..5.42 rows=98 width=0)
	        Index Cond: ((k >= 4852801) AND (k <= 4852901))

table 3 : explain SELECT k, c FROM sbtest3 WHERE k BETWEEN 4852801 AND 4852901
	Bitmap Heap Scan on sbtest3  (cost=5.48..409.07 rows=102 width=125)
	  Recheck Cond: ((k >= 4852801) AND (k <= 4852901))
	  ->  Bitmap Index Scan on k_3  (cost=0.00..5.45 rows=102 width=0)
	        Index Cond: ((k >= 4852801) AND (k <= 4852901))

table 4 : explain SELECT k, c FROM sbtest4 WHERE k BETWEEN 4852801 AND 4852901
	Bitmap Heap Scan on sbtest4  (cost=5.60..456.29 rows=114 width=125)
	  Recheck Cond: ((k >= 4852801) AND (k <= 4852901))
	  ->  Bitmap Index Scan on k_4  (cost=0.00..5.58 rows=114 width=0)
	        Index Cond: ((k >= 4852801) AND (k <= 4852901))

table 5 : explain SELECT k, c FROM sbtest5 WHERE k BETWEEN 4852801 AND 4852901
	Bitmap Heap Scan on sbtest5  (cost=5.48..409.07 rows=102 width=125)
	  Recheck Cond: ((k >= 4852801) AND (k <= 4852901))
	  ->  Bitmap Index Scan on k_5  (cost=0.00..5.45 rows=102 width=0)
	        Index Cond: ((k >= 4852801) AND (k <= 4852901))

table 6 : explain SELECT k, c FROM sbtest6 WHERE k BETWEEN 4852801 AND 4852901
	Bitmap Heap Scan on sbtest6  (cost=5.50..416.94 rows=104 width=125)
	  Recheck Cond: ((k >= 4852801) AND (k <= 4852901))
	  ->  Bitmap Index Scan on k_6  (cost=0.00..5.47 rows=104 width=0)
	        Index Cond: ((k >= 4852801) AND (k <= 4852901))

table 7 : explain SELECT k, c FROM sbtest7 WHERE k BETWEEN 4852801 AND 4852901
	Bitmap Heap Scan on sbtest7  (cost=5.44..393.31 rows=98 width=125)
	  Recheck Cond: ((k >= 4852801) AND (k <= 4852901))
	  ->  Bitmap Index Scan on k_7  (cost=0.00..5.42 rows=98 width=0)
	        Index Cond: ((k >= 4852801) AND (k <= 4852901))

table 8 : explain SELECT k, c FROM sbtest8 WHERE k BETWEEN 4852801 AND 4852901
	Bitmap Heap Scan on sbtest8  (cost=5.43..389.37 rows=97 width=125)
	  Recheck Cond: ((k >= 4852801) AND (k <= 4852901))
	  ->  Bitmap Index Scan on k_8  (cost=0.00..5.40 rows=97 width=0)
	        Index Cond: ((k >= 4852801) AND (k <= 4852901))

explain: for range-notcovered :: explain SELECT k, c FROM sbtest%d WHERE k BETWEEN 4852801 AND 4852901
for range-notcovered
table 1 : explain SELECT k, c FROM sbtest1 WHERE k BETWEEN 2655504 AND 2655604
	Bitmap Heap Scan on sbtest1  (cost=5.49..413.00 rows=103 width=125)
	  Recheck Cond: ((k >= 2655504) AND (k <= 2655604))
	  ->  Bitmap Index Scan on k_1  (cost=0.00..5.46 rows=103 width=0)
	        Index Cond: ((k >= 2655504) AND (k <= 2655604))

table 2 : explain SELECT k, c FROM sbtest2 WHERE k BETWEEN 2655504 AND 2655604
	Bitmap Heap Scan on sbtest2  (cost=5.32..346.00 rows=86 width=125)
	  Recheck Cond: ((k >= 2655504) AND (k <= 2655604))
	  ->  Bitmap Index Scan on k_2  (cost=0.00..5.29 rows=86 width=0)
	        Index Cond: ((k >= 2655504) AND (k <= 2655604))

table 3 : explain SELECT k, c FROM sbtest3 WHERE k BETWEEN 2655504 AND 2655604
	Bitmap Heap Scan on sbtest3  (cost=5.41..381.49 rows=95 width=125)
	  Recheck Cond: ((k >= 2655504) AND (k <= 2655604))
	  ->  Bitmap Index Scan on k_3  (cost=0.00..5.38 rows=95 width=0)
	        Index Cond: ((k >= 2655504) AND (k <= 2655604))

table 4 : explain SELECT k, c FROM sbtest4 WHERE k BETWEEN 2655504 AND 2655604
	Bitmap Heap Scan on sbtest4  (cost=5.48..409.07 rows=102 width=125)
	  Recheck Cond: ((k >= 2655504) AND (k <= 2655604))
	  ->  Bitmap Index Scan on k_4  (cost=0.00..5.45 rows=102 width=0)
	        Index Cond: ((k >= 2655504) AND (k <= 2655604))

table 5 : explain SELECT k, c FROM sbtest5 WHERE k BETWEEN 2655504 AND 2655604
	Bitmap Heap Scan on sbtest5  (cost=5.47..405.13 rows=101 width=125)
	  Recheck Cond: ((k >= 2655504) AND (k <= 2655604))
	  ->  Bitmap Index Scan on k_5  (cost=0.00..5.44 rows=101 width=0)
	        Index Cond: ((k >= 2655504) AND (k <= 2655604))

table 6 : explain SELECT k, c FROM sbtest6 WHERE k BETWEEN 2655504 AND 2655604
	Bitmap Heap Scan on sbtest6  (cost=5.59..452.36 rows=113 width=125)
	  Recheck Cond: ((k >= 2655504) AND (k <= 2655604))
	  ->  Bitmap Index Scan on k_6  (cost=0.00..5.56 rows=113 width=0)
	        Index Cond: ((k >= 2655504) AND (k <= 2655604))

table 7 : explain SELECT k, c FROM sbtest7 WHERE k BETWEEN 2655504 AND 2655604
	Bitmap Heap Scan on sbtest7  (cost=5.44..393.31 rows=98 width=125)
	  Recheck Cond: ((k >= 2655504) AND (k <= 2655604))
	  ->  Bitmap Index Scan on k_7  (cost=0.00..5.42 rows=98 width=0)
	        Index Cond: ((k >= 2655504) AND (k <= 2655604))

table 8 : explain SELECT k, c FROM sbtest8 WHERE k BETWEEN 2655504 AND 2655604
	Bitmap Heap Scan on sbtest8  (cost=5.50..416.94 rows=104 width=125)
	  Recheck Cond: ((k >= 2655504) AND (k <= 2655604))
	  ->  Bitmap Index Scan on k_8  (cost=0.00..5.47 rows=104 width=0)
	        Index Cond: ((k >= 2655504) AND (k <= 2655604))

for range-notcovered
table 1 : explain SELECT k, c FROM sbtest1 WHERE k BETWEEN 968313 AND 968413
	Bitmap Heap Scan on sbtest1  (cost=5.48..409.07 rows=102 width=125)
	  Recheck Cond: ((k >= 968313) AND (k <= 968413))
	  ->  Bitmap Index Scan on k_1  (cost=0.00..5.45 rows=102 width=0)
	        Index Cond: ((k >= 968313) AND (k <= 968413))

table 2 : explain SELECT k, c FROM sbtest2 WHERE k BETWEEN 968313 AND 968413
	Bitmap Heap Scan on sbtest2  (cost=5.50..416.94 rows=104 width=125)
	  Recheck Cond: ((k >= 968313) AND (k <= 968413))
	  ->  Bitmap Index Scan on k_2  (cost=0.00..5.47 rows=104 width=0)
	        Index Cond: ((k >= 968313) AND (k <= 968413))

table 3 : explain SELECT k, c FROM sbtest3 WHERE k BETWEEN 968313 AND 968413
	Bitmap Heap Scan on sbtest3  (cost=5.50..416.94 rows=104 width=125)
	  Recheck Cond: ((k >= 968313) AND (k <= 968413))
	  ->  Bitmap Index Scan on k_3  (cost=0.00..5.47 rows=104 width=0)
	        Index Cond: ((k >= 968313) AND (k <= 968413))

table 4 : explain SELECT k, c FROM sbtest4 WHERE k BETWEEN 968313 AND 968413
	Bitmap Heap Scan on sbtest4  (cost=5.58..448.42 rows=112 width=125)
	  Recheck Cond: ((k >= 968313) AND (k <= 968413))
	  ->  Bitmap Index Scan on k_4  (cost=0.00..5.55 rows=112 width=0)
	        Index Cond: ((k >= 968313) AND (k <= 968413))

table 5 : explain SELECT k, c FROM sbtest5 WHERE k BETWEEN 968313 AND 968413
	Bitmap Heap Scan on sbtest5  (cost=5.39..373.61 rows=93 width=125)
	  Recheck Cond: ((k >= 968313) AND (k <= 968413))
	  ->  Bitmap Index Scan on k_5  (cost=0.00..5.36 rows=93 width=0)
	        Index Cond: ((k >= 968313) AND (k <= 968413))

table 6 : explain SELECT k, c FROM sbtest6 WHERE k BETWEEN 968313 AND 968413
	Bitmap Heap Scan on sbtest6  (cost=5.49..413.00 rows=103 width=125)
	  Recheck Cond: ((k >= 968313) AND (k <= 968413))
	  ->  Bitmap Index Scan on k_6  (cost=0.00..5.46 rows=103 width=0)
	        Index Cond: ((k >= 968313) AND (k <= 968413))

table 7 : explain SELECT k, c FROM sbtest7 WHERE k BETWEEN 968313 AND 968413
	Bitmap Heap Scan on sbtest7  (cost=5.50..416.94 rows=104 width=125)
	  Recheck Cond: ((k >= 968313) AND (k <= 968413))
	  ->  Bitmap Index Scan on k_7  (cost=0.00..5.47 rows=104 width=0)
	        Index Cond: ((k >= 968313) AND (k <= 968413))

table 8 : explain SELECT k, c FROM sbtest8 WHERE k BETWEEN 968313 AND 968413
	Bitmap Heap Scan on sbtest8  (cost=5.48..409.07 rows=102 width=125)
	  Recheck Cond: ((k >= 968313) AND (k <= 968413))
	  ->  Bitmap Index Scan on k_8  (cost=0.00..5.45 rows=102 width=0)
	        Index Cond: ((k >= 968313) AND (k <= 968413))

explain: for range-notcovered :: explain SELECT k, c FROM sbtest%d WHERE k BETWEEN 968313 AND 968413
for range-notcovered
table 1 : explain SELECT k, c FROM sbtest1 WHERE k BETWEEN 3981418 AND 3981518
	Bitmap Heap Scan on sbtest1  (cost=5.47..405.13 rows=101 width=125)
	  Recheck Cond: ((k >= 3981418) AND (k <= 3981518))
	  ->  Bitmap Index Scan on k_1  (cost=0.00..5.44 rows=101 width=0)
	        Index Cond: ((k >= 3981418) AND (k <= 3981518))

table 2 : explain SELECT k, c FROM sbtest2 WHERE k BETWEEN 3981418 AND 3981518
	Bitmap Heap Scan on sbtest2  (cost=5.35..357.84 rows=89 width=125)
	  Recheck Cond: ((k >= 3981418) AND (k <= 3981518))
	  ->  Bitmap Index Scan on k_2  (cost=0.00..5.32 rows=89 width=0)
	        Index Cond: ((k >= 3981418) AND (k <= 3981518))

table 3 : explain SELECT k, c FROM sbtest3 WHERE k BETWEEN 3981418 AND 3981518
	Bitmap Heap Scan on sbtest3  (cost=5.53..428.75 rows=107 width=125)
	  Recheck Cond: ((k >= 3981418) AND (k <= 3981518))
	  ->  Bitmap Index Scan on k_3  (cost=0.00..5.50 rows=107 width=0)
	        Index Cond: ((k >= 3981418) AND (k <= 3981518))

table 4 : explain SELECT k, c FROM sbtest4 WHERE k BETWEEN 3981418 AND 3981518
	Bitmap Heap Scan on sbtest4  (cost=5.35..357.84 rows=89 width=125)
	  Recheck Cond: ((k >= 3981418) AND (k <= 3981518))
	  ->  Bitmap Index Scan on k_4  (cost=0.00..5.32 rows=89 width=0)
	        Index Cond: ((k >= 3981418) AND (k <= 3981518))

table 5 : explain SELECT k, c FROM sbtest5 WHERE k BETWEEN 3981418 AND 3981518
	Bitmap Heap Scan on sbtest5  (cost=5.47..405.13 rows=101 width=125)
	  Recheck Cond: ((k >= 3981418) AND (k <= 3981518))
	  ->  Bitmap Index Scan on k_5  (cost=0.00..5.44 rows=101 width=0)
	        Index Cond: ((k >= 3981418) AND (k <= 3981518))

table 6 : explain SELECT k, c FROM sbtest6 WHERE k BETWEEN 3981418 AND 3981518
	Bitmap Heap Scan on sbtest6  (cost=5.41..381.49 rows=95 width=125)
	  Recheck Cond: ((k >= 3981418) AND (k <= 3981518))
	  ->  Bitmap Index Scan on k_6  (cost=0.00..5.38 rows=95 width=0)
	        Index Cond: ((k >= 3981418) AND (k <= 3981518))

table 7 : explain SELECT k, c FROM sbtest7 WHERE k BETWEEN 3981418 AND 3981518
	Bitmap Heap Scan on sbtest7  (cost=5.47..405.13 rows=101 width=125)
	  Recheck Cond: ((k >= 3981418) AND (k <= 3981518))
	  ->  Bitmap Index Scan on k_7  (cost=0.00..5.44 rows=101 width=0)
	        Index Cond: ((k >= 3981418) AND (k <= 3981518))

table 8 : explain SELECT k, c FROM sbtest8 WHERE k BETWEEN 3981418 AND 3981518
	Bitmap Heap Scan on sbtest8  (cost=5.53..428.75 rows=107 width=125)
	  Recheck Cond: ((k >= 3981418) AND (k <= 3981518))
	  ->  Bitmap Index Scan on k_8  (cost=0.00..5.50 rows=107 width=0)
	        Index Cond: ((k >= 3981418) AND (k <= 3981518))

explain: for range-notcovered :: explain SELECT k, c FROM sbtest%d WHERE k BETWEEN 3981418 AND 3981518
for range-notcovered
table 1 : explain SELECT k, c FROM sbtest1 WHERE k BETWEEN 4852801 AND 4852901
	Bitmap Heap Scan on sbtest1  (cost=5.60..456.29 rows=114 width=125)
	  Recheck Cond: ((k >= 4852801) AND (k <= 4852901))
	  ->  Bitmap Index Scan on k_1  (cost=0.00..5.58 rows=114 width=0)
	        Index Cond: ((k >= 4852801) AND (k <= 4852901))

table 2 : explain SELECT k, c FROM sbtest2 WHERE k BETWEEN 4852801 AND 4852901
	Bitmap Heap Scan on sbtest2  (cost=5.44..393.31 rows=98 width=125)
	  Recheck Cond: ((k >= 4852801) AND (k <= 4852901))
	  ->  Bitmap Index Scan on k_2  (cost=0.00..5.42 rows=98 width=0)
	        Index Cond: ((k >= 4852801) AND (k <= 4852901))

table 3 : explain SELECT k, c FROM sbtest3 WHERE k BETWEEN 4852801 AND 4852901
	Bitmap Heap Scan on sbtest3  (cost=5.48..409.07 rows=102 width=125)
	  Recheck Cond: ((k >= 4852801) AND (k <= 4852901))
	  ->  Bitmap Index Scan on k_3  (cost=0.00..5.45 rows=102 width=0)
	        Index Cond: ((k >= 4852801) AND (k <= 4852901))

table 4 : explain SELECT k, c FROM sbtest4 WHERE k BETWEEN 4852801 AND 4852901
	Bitmap Heap Scan on sbtest4  (cost=5.60..456.29 rows=114 width=125)
	  Recheck Cond: ((k >= 4852801) AND (k <= 4852901))
	  ->  Bitmap Index Scan on k_4  (cost=0.00..5.58 rows=114 width=0)
	        Index Cond: ((k >= 4852801) AND (k <= 4852901))

table 5 : explain SELECT k, c FROM sbtest5 WHERE k BETWEEN 4852801 AND 4852901
	Bitmap Heap Scan on sbtest5  (cost=5.48..409.07 rows=102 width=125)
	  Recheck Cond: ((k >= 4852801) AND (k <= 4852901))
	  ->  Bitmap Index Scan on k_5  (cost=0.00..5.45 rows=102 width=0)
	        Index Cond: ((k >= 4852801) AND (k <= 4852901))

table 6 : explain SELECT k, c FROM sbtest6 WHERE k BETWEEN 4852801 AND 4852901
	Bitmap Heap Scan on sbtest6  (cost=5.50..416.94 rows=104 width=125)
	  Recheck Cond: ((k >= 4852801) AND (k <= 4852901))
	  ->  Bitmap Index Scan on k_6  (cost=0.00..5.47 rows=104 width=0)
	        Index Cond: ((k >= 4852801) AND (k <= 4852901))

table 7 : explain SELECT k, c FROM sbtest7 WHERE k BETWEEN 4852801 AND 4852901
	Bitmap Heap Scan on sbtest7  (cost=5.44..393.31 rows=98 width=125)
	  Recheck Cond: ((k >= 4852801) AND (k <= 4852901))
	  ->  Bitmap Index Scan on k_7  (cost=0.00..5.42 rows=98 width=0)
	        Index Cond: ((k >= 4852801) AND (k <= 4852901))

table 8 : explain SELECT k, c FROM sbtest8 WHERE k BETWEEN 4852801 AND 4852901
	Bitmap Heap Scan on sbtest8  (cost=5.43..389.37 rows=97 width=125)
	  Recheck Cond: ((k >= 4852801) AND (k <= 4852901))
	  ->  Bitmap Index Scan on k_8  (cost=0.00..5.40 rows=97 width=0)
	        Index Cond: ((k >= 4852801) AND (k <= 4852901))

explain: for range-notcovered :: explain SELECT k, c FROM sbtest%d WHERE k BETWEEN 4852801 AND 4852901
for range-notcovered
table 1 : explain SELECT k, c FROM sbtest1 WHERE k BETWEEN 968313 AND 968413
	Bitmap Heap Scan on sbtest1  (cost=5.48..409.07 rows=102 width=125)
	  Recheck Cond: ((k >= 968313) AND (k <= 968413))
	  ->  Bitmap Index Scan on k_1  (cost=0.00..5.45 rows=102 width=0)
	        Index Cond: ((k >= 968313) AND (k <= 968413))

table 2 : explain SELECT k, c FROM sbtest2 WHERE k BETWEEN 968313 AND 968413
	Bitmap Heap Scan on sbtest2  (cost=5.50..416.94 rows=104 width=125)
	  Recheck Cond: ((k >= 968313) AND (k <= 968413))
	  ->  Bitmap Index Scan on k_2  (cost=0.00..5.47 rows=104 width=0)
	        Index Cond: ((k >= 968313) AND (k <= 968413))

table 3 : explain SELECT k, c FROM sbtest3 WHERE k BETWEEN 968313 AND 968413
	Bitmap Heap Scan on sbtest3  (cost=5.50..416.94 rows=104 width=125)
	  Recheck Cond: ((k >= 968313) AND (k <= 968413))
	  ->  Bitmap Index Scan on k_3  (cost=0.00..5.47 rows=104 width=0)
	        Index Cond: ((k >= 968313) AND (k <= 968413))

table 4 : explain SELECT k, c FROM sbtest4 WHERE k BETWEEN 968313 AND 968413
	Bitmap Heap Scan on sbtest4  (cost=5.58..448.42 rows=112 width=125)
	  Recheck Cond: ((k >= 968313) AND (k <= 968413))
	  ->  Bitmap Index Scan on k_4  (cost=0.00..5.55 rows=112 width=0)
	        Index Cond: ((k >= 968313) AND (k <= 968413))

table 5 : explain SELECT k, c FROM sbtest5 WHERE k BETWEEN 968313 AND 968413
	Bitmap Heap Scan on sbtest5  (cost=5.39..373.61 rows=93 width=125)
	  Recheck Cond: ((k >= 968313) AND (k <= 968413))
	  ->  Bitmap Index Scan on k_5  (cost=0.00..5.36 rows=93 width=0)
	        Index Cond: ((k >= 968313) AND (k <= 968413))

table 6 : explain SELECT k, c FROM sbtest6 WHERE k BETWEEN 968313 AND 968413
	Bitmap Heap Scan on sbtest6  (cost=5.49..413.00 rows=103 width=125)
	  Recheck Cond: ((k >= 968313) AND (k <= 968413))
	  ->  Bitmap Index Scan on k_6  (cost=0.00..5.46 rows=103 width=0)
	        Index Cond: ((k >= 968313) AND (k <= 968413))

table 7 : explain SELECT k, c FROM sbtest7 WHERE k BETWEEN 968313 AND 968413
	Bitmap Heap Scan on sbtest7  (cost=5.50..416.94 rows=104 width=125)
	  Recheck Cond: ((k >= 968313) AND (k <= 968413))
	  ->  Bitmap Index Scan on k_7  (cost=0.00..5.47 rows=104 width=0)
	        Index Cond: ((k >= 968313) AND (k <= 968413))

table 8 : explain SELECT k, c FROM sbtest8 WHERE k BETWEEN 968313 AND 968413
	Bitmap Heap Scan on sbtest8  (cost=5.48..409.07 rows=102 width=125)
	  Recheck Cond: ((k >= 968313) AND (k <= 968413))
	  ->  Bitmap Index Scan on k_8  (cost=0.00..5.45 rows=102 width=0)
	        Index Cond: ((k >= 968313) AND (k <= 968413))

explain: for range-notcovered :: explain SELECT k, c FROM sbtest%d WHERE k BETWEEN 968313 AND 968413
for range-notcovered
table 1 : explain SELECT k, c FROM sbtest1 WHERE k BETWEEN 3981418 AND 3981518
	Bitmap Heap Scan on sbtest1  (cost=5.47..405.13 rows=101 width=125)
	  Recheck Cond: ((k >= 3981418) AND (k <= 3981518))
	  ->  Bitmap Index Scan on k_1  (cost=0.00..5.44 rows=101 width=0)
	        Index Cond: ((k >= 3981418) AND (k <= 3981518))

table 2 : explain SELECT k, c FROM sbtest2 WHERE k BETWEEN 3981418 AND 3981518
	Bitmap Heap Scan on sbtest2  (cost=5.35..357.84 rows=89 width=125)
	  Recheck Cond: ((k >= 3981418) AND (k <= 3981518))
	  ->  Bitmap Index Scan on k_2  (cost=0.00..5.32 rows=89 width=0)
	        Index Cond: ((k >= 3981418) AND (k <= 3981518))

table 3 : explain SELECT k, c FROM sbtest3 WHERE k BETWEEN 3981418 AND 3981518
	Bitmap Heap Scan on sbtest3  (cost=5.53..428.75 rows=107 width=125)
	  Recheck Cond: ((k >= 3981418) AND (k <= 3981518))
	  ->  Bitmap Index Scan on k_3  (cost=0.00..5.50 rows=107 width=0)
	        Index Cond: ((k >= 3981418) AND (k <= 3981518))

table 4 : explain SELECT k, c FROM sbtest4 WHERE k BETWEEN 3981418 AND 3981518
	Bitmap Heap Scan on sbtest4  (cost=5.35..357.84 rows=89 width=125)
	  Recheck Cond: ((k >= 3981418) AND (k <= 3981518))
	  ->  Bitmap Index Scan on k_4  (cost=0.00..5.32 rows=89 width=0)
	        Index Cond: ((k >= 3981418) AND (k <= 3981518))

table 5 : explain SELECT k, c FROM sbtest5 WHERE k BETWEEN 3981418 AND 3981518
	Bitmap Heap Scan on sbtest5  (cost=5.47..405.13 rows=101 width=125)
	  Recheck Cond: ((k >= 3981418) AND (k <= 3981518))
	  ->  Bitmap Index Scan on k_5  (cost=0.00..5.44 rows=101 width=0)
	        Index Cond: ((k >= 3981418) AND (k <= 3981518))

table 6 : explain SELECT k, c FROM sbtest6 WHERE k BETWEEN 3981418 AND 3981518
	Bitmap Heap Scan on sbtest6  (cost=5.41..381.49 rows=95 width=125)
	  Recheck Cond: ((k >= 3981418) AND (k <= 3981518))
	  ->  Bitmap Index Scan on k_6  (cost=0.00..5.38 rows=95 width=0)
	        Index Cond: ((k >= 3981418) AND (k <= 3981518))

table 7 : explain SELECT k, c FROM sbtest7 WHERE k BETWEEN 3981418 AND 3981518
	Bitmap Heap Scan on sbtest7  (cost=5.47..405.13 rows=101 width=125)
	  Recheck Cond: ((k >= 3981418) AND (k <= 3981518))
	  ->  Bitmap Index Scan on k_7  (cost=0.00..5.44 rows=101 width=0)
	        Index Cond: ((k >= 3981418) AND (k <= 3981518))

table 8 : explain SELECT k, c FROM sbtest8 WHERE k BETWEEN 3981418 AND 3981518
	Bitmap Heap Scan on sbtest8  (cost=5.53..428.75 rows=107 width=125)
	  Recheck Cond: ((k >= 3981418) AND (k <= 3981518))
	  ->  Bitmap Index Scan on k_8  (cost=0.00..5.50 rows=107 width=0)
	        Index Cond: ((k >= 3981418) AND (k <= 3981518))

explain: for range-notcovered :: explain SELECT k, c FROM sbtest%d WHERE k BETWEEN 3981418 AND 3981518
explain: for range-notcovered :: explain SELECT k, c FROM sbtest%d WHERE k BETWEEN 5491378 AND 5491478
explain: for range-notcovered :: explain SELECT k, c FROM sbtest%d WHERE k BETWEEN 2433003 AND 2433103
explain: for range-notcovered :: explain SELECT k, c FROM sbtest%d WHERE k BETWEEN 6769575 AND 6769675
for range-notcovered
table 1 : explain SELECT k, c FROM sbtest1 WHERE k BETWEEN 5271883 AND 5271983
	Bitmap Heap Scan on sbtest1  (cost=5.37..365.72 rows=91 width=125)
	  Recheck Cond: ((k >= 5271883) AND (k <= 5271983))
	  ->  Bitmap Index Scan on k_1  (cost=0.00..5.34 rows=91 width=0)
	        Index Cond: ((k >= 5271883) AND (k <= 5271983))

table 2 : explain SELECT k, c FROM sbtest2 WHERE k BETWEEN 5271883 AND 5271983
	Bitmap Heap Scan on sbtest2  (cost=5.40..377.55 rows=94 width=125)
	  Recheck Cond: ((k >= 5271883) AND (k <= 5271983))
	  ->  Bitmap Index Scan on k_2  (cost=0.00..5.38 rows=94 width=0)
	        Index Cond: ((k >= 5271883) AND (k <= 5271983))

table 3 : explain SELECT k, c FROM sbtest3 WHERE k BETWEEN 5271883 AND 5271983
	Bitmap Heap Scan on sbtest3  (cost=5.50..416.94 rows=104 width=125)
	  Recheck Cond: ((k >= 5271883) AND (k <= 5271983))
	  ->  Bitmap Index Scan on k_3  (cost=0.00..5.47 rows=104 width=0)
	        Index Cond: ((k >= 5271883) AND (k <= 5271983))

table 4 : explain SELECT k, c FROM sbtest4 WHERE k BETWEEN 5271883 AND 5271983
	Bitmap Heap Scan on sbtest4  (cost=5.63..468.09 rows=117 width=125)
	  Recheck Cond: ((k >= 5271883) AND (k <= 5271983))
	  ->  Bitmap Index Scan on k_4  (cost=0.00..5.60 rows=117 width=0)
	        Index Cond: ((k >= 5271883) AND (k <= 5271983))

table 5 : explain SELECT k, c FROM sbtest5 WHERE k BETWEEN 5271883 AND 5271983
	Bitmap Heap Scan on sbtest5  (cost=5.41..381.49 rows=95 width=125)
	  Recheck Cond: ((k >= 5271883) AND (k <= 5271983))
	  ->  Bitmap Index Scan on k_5  (cost=0.00..5.38 rows=95 width=0)
	        Index Cond: ((k >= 5271883) AND (k <= 5271983))

table 6 : explain SELECT k, c FROM sbtest6 WHERE k BETWEEN 5271883 AND 5271983
	Bitmap Heap Scan on sbtest6  (cost=5.41..381.49 rows=95 width=125)
	  Recheck Cond: ((k >= 5271883) AND (k <= 5271983))
	  ->  Bitmap Index Scan on k_6  (cost=0.00..5.38 rows=95 width=0)
	        Index Cond: ((k >= 5271883) AND (k <= 5271983))

table 7 : explain SELECT k, c FROM sbtest7 WHERE k BETWEEN 5271883 AND 5271983
	Bitmap Heap Scan on sbtest7  (cost=5.45..397.25 rows=99 width=125)
	  Recheck Cond: ((k >= 5271883) AND (k <= 5271983))
	  ->  Bitmap Index Scan on k_7  (cost=0.00..5.42 rows=99 width=0)
	        Index Cond: ((k >= 5271883) AND (k <= 5271983))

table 8 : explain SELECT k, c FROM sbtest8 WHERE k BETWEEN 5271883 AND 5271983
	Bitmap Heap Scan on sbtest8  (cost=5.50..416.94 rows=104 width=125)
	  Recheck Cond: ((k >= 5271883) AND (k <= 5271983))
	  ->  Bitmap Index Scan on k_8  (cost=0.00..5.47 rows=104 width=0)
	        Index Cond: ((k >= 5271883) AND (k <= 5271983))

for range-notcovered
table 1 : explain SELECT k, c FROM sbtest1 WHERE k BETWEEN 6234223 AND 6234323
	Bitmap Heap Scan on sbtest1  (cost=5.39..373.61 rows=93 width=125)
	  Recheck Cond: ((k >= 6234223) AND (k <= 6234323))
	  ->  Bitmap Index Scan on k_1  (cost=0.00..5.36 rows=93 width=0)
	        Index Cond: ((k >= 6234223) AND (k <= 6234323))

table 2 : explain SELECT k, c FROM sbtest2 WHERE k BETWEEN 6234223 AND 6234323
	Bitmap Heap Scan on sbtest2  (cost=5.45..397.25 rows=99 width=125)
	  Recheck Cond: ((k >= 6234223) AND (k <= 6234323))
	  ->  Bitmap Index Scan on k_2  (cost=0.00..5.42 rows=99 width=0)
	        Index Cond: ((k >= 6234223) AND (k <= 6234323))

table 3 : explain SELECT k, c FROM sbtest3 WHERE k BETWEEN 6234223 AND 6234323
	Bitmap Heap Scan on sbtest3  (cost=5.42..385.43 rows=96 width=125)
	  Recheck Cond: ((k >= 6234223) AND (k <= 6234323))
	  ->  Bitmap Index Scan on k_3  (cost=0.00..5.39 rows=96 width=0)
	        Index Cond: ((k >= 6234223) AND (k <= 6234323))

table 4 : explain SELECT k, c FROM sbtest4 WHERE k BETWEEN 6234223 AND 6234323
	Bitmap Heap Scan on sbtest4  (cost=5.52..424.81 rows=106 width=125)
	  Recheck Cond: ((k >= 6234223) AND (k <= 6234323))
	  ->  Bitmap Index Scan on k_4  (cost=0.00..5.50 rows=106 width=0)
	        Index Cond: ((k >= 6234223) AND (k <= 6234323))

table 5 : explain SELECT k, c FROM sbtest5 WHERE k BETWEEN 6234223 AND 6234323
	Bitmap Heap Scan on sbtest5  (cost=5.42..385.43 rows=96 width=125)
	  Recheck Cond: ((k >= 6234223) AND (k <= 6234323))
	  ->  Bitmap Index Scan on k_5  (cost=0.00..5.39 rows=96 width=0)
	        Index Cond: ((k >= 6234223) AND (k <= 6234323))

table 6 : explain SELECT k, c FROM sbtest6 WHERE k BETWEEN 6234223 AND 6234323
	Bitmap Heap Scan on sbtest6  (cost=5.38..369.67 rows=92 width=125)
	  Recheck Cond: ((k >= 6234223) AND (k <= 6234323))
	  ->  Bitmap Index Scan on k_6  (cost=0.00..5.35 rows=92 width=0)
	        Index Cond: ((k >= 6234223) AND (k <= 6234323))

table 7 : explain SELECT k, c FROM sbtest7 WHERE k BETWEEN 6234223 AND 6234323
	Bitmap Heap Scan on sbtest7  (cost=5.47..405.13 rows=101 width=125)
	  Recheck Cond: ((k >= 6234223) AND (k <= 6234323))
	  ->  Bitmap Index Scan on k_7  (cost=0.00..5.44 rows=101 width=0)
	        Index Cond: ((k >= 6234223) AND (k <= 6234323))

table 8 : explain SELECT k, c FROM sbtest8 WHERE k BETWEEN 6234223 AND 6234323
	Bitmap Heap Scan on sbtest8  (cost=5.36..361.78 rows=90 width=125)
	  Recheck Cond: ((k >= 6234223) AND (k <= 6234323))
	  ->  Bitmap Index Scan on k_8  (cost=0.00..5.33 rows=90 width=0)
	        Index Cond: ((k >= 6234223) AND (k <= 6234323))

for range-notcovered
table 1 : explain SELECT k, c FROM sbtest1 WHERE k BETWEEN 659562 AND 659662
	Bitmap Heap Scan on sbtest1  (cost=5.50..416.94 rows=104 width=125)
	  Recheck Cond: ((k >= 659562) AND (k <= 659662))
	  ->  Bitmap Index Scan on k_1  (cost=0.00..5.47 rows=104 width=0)
	        Index Cond: ((k >= 659562) AND (k <= 659662))

table 2 : explain SELECT k, c FROM sbtest2 WHERE k BETWEEN 659562 AND 659662
	Bitmap Heap Scan on sbtest2  (cost=5.55..436.62 rows=109 width=125)
	  Recheck Cond: ((k >= 659562) AND (k <= 659662))
	  ->  Bitmap Index Scan on k_2  (cost=0.00..5.52 rows=109 width=0)
	        Index Cond: ((k >= 659562) AND (k <= 659662))

table 3 : explain SELECT k, c FROM sbtest3 WHERE k BETWEEN 659562 AND 659662
	Bitmap Heap Scan on sbtest3  (cost=5.38..369.67 rows=92 width=125)
	  Recheck Cond: ((k >= 659562) AND (k <= 659662))
	  ->  Bitmap Index Scan on k_3  (cost=0.00..5.35 rows=92 width=0)
	        Index Cond: ((k >= 659562) AND (k <= 659662))

table 4 : explain SELECT k, c FROM sbtest4 WHERE k BETWEEN 659562 AND 659662
	Bitmap Heap Scan on sbtest4  (cost=5.55..436.62 rows=109 width=125)
	  Recheck Cond: ((k >= 659562) AND (k <= 659662))
	  ->  Bitmap Index Scan on k_4  (cost=0.00..5.52 rows=109 width=0)
	        Index Cond: ((k >= 659562) AND (k <= 659662))

table 5 : explain SELECT k, c FROM sbtest5 WHERE k BETWEEN 659562 AND 659662
	Bitmap Heap Scan on sbtest5  (cost=5.58..448.42 rows=112 width=125)
	  Recheck Cond: ((k >= 659562) AND (k <= 659662))
	  ->  Bitmap Index Scan on k_5  (cost=0.00..5.55 rows=112 width=0)
	        Index Cond: ((k >= 659562) AND (k <= 659662))

table 6 : explain SELECT k, c FROM sbtest6 WHERE k BETWEEN 659562 AND 659662
	Bitmap Heap Scan on sbtest6  (cost=5.47..405.13 rows=101 width=125)
	  Recheck Cond: ((k >= 659562) AND (k <= 659662))
	  ->  Bitmap Index Scan on k_6  (cost=0.00..5.44 rows=101 width=0)
	        Index Cond: ((k >= 659562) AND (k <= 659662))

table 7 : explain SELECT k, c FROM sbtest7 WHERE k BETWEEN 659562 AND 659662
	Bitmap Heap Scan on sbtest7  (cost=5.42..385.43 rows=96 width=125)
	  Recheck Cond: ((k >= 659562) AND (k <= 659662))
	  ->  Bitmap Index Scan on k_7  (cost=0.00..5.39 rows=96 width=0)
	        Index Cond: ((k >= 659562) AND (k <= 659662))

table 8 : explain SELECT k, c FROM sbtest8 WHERE k BETWEEN 659562 AND 659662
	Bitmap Heap Scan on sbtest8  (cost=5.55..436.62 rows=109 width=125)
	  Recheck Cond: ((k >= 659562) AND (k <= 659662))
	  ->  Bitmap Index Scan on k_8  (cost=0.00..5.52 rows=109 width=0)
	        Index Cond: ((k >= 659562) AND (k <= 659662))

for range-notcovered
table 1 : explain SELECT k, c FROM sbtest1 WHERE k BETWEEN 5449756 AND 5449856
	Bitmap Heap Scan on sbtest1  (cost=5.37..365.72 rows=91 width=125)
	  Recheck Cond: ((k >= 5449756) AND (k <= 5449856))
	  ->  Bitmap Index Scan on k_1  (cost=0.00..5.34 rows=91 width=0)
	        Index Cond: ((k >= 5449756) AND (k <= 5449856))

table 2 : explain SELECT k, c FROM sbtest2 WHERE k BETWEEN 5449756 AND 5449856
	Bitmap Heap Scan on sbtest2  (cost=5.46..401.19 rows=100 width=125)
	  Recheck Cond: ((k >= 5449756) AND (k <= 5449856))
	  ->  Bitmap Index Scan on k_2  (cost=0.00..5.43 rows=100 width=0)
	        Index Cond: ((k >= 5449756) AND (k <= 5449856))

table 3 : explain SELECT k, c FROM sbtest3 WHERE k BETWEEN 5449756 AND 5449856
	Bitmap Heap Scan on sbtest3  (cost=5.52..424.81 rows=106 width=125)
	  Recheck Cond: ((k >= 5449756) AND (k <= 5449856))
	  ->  Bitmap Index Scan on k_3  (cost=0.00..5.50 rows=106 width=0)
	        Index Cond: ((k >= 5449756) AND (k <= 5449856))

table 4 : explain SELECT k, c FROM sbtest4 WHERE k BETWEEN 5449756 AND 5449856
	Bitmap Heap Scan on sbtest4  (cost=5.55..436.62 rows=109 width=125)
	  Recheck Cond: ((k >= 5449756) AND (k <= 5449856))
	  ->  Bitmap Index Scan on k_4  (cost=0.00..5.52 rows=109 width=0)
	        Index Cond: ((k >= 5449756) AND (k <= 5449856))

table 5 : explain SELECT k, c FROM sbtest5 WHERE k BETWEEN 5449756 AND 5449856
	Bitmap Heap Scan on sbtest5  (cost=5.40..377.55 rows=94 width=125)
	  Recheck Cond: ((k >= 5449756) AND (k <= 5449856))
	  ->  Bitmap Index Scan on k_5  (cost=0.00..5.38 rows=94 width=0)
	        Index Cond: ((k >= 5449756) AND (k <= 5449856))

table 6 : explain SELECT k, c FROM sbtest6 WHERE k BETWEEN 5449756 AND 5449856
	Bitmap Heap Scan on sbtest6  (cost=5.57..444.49 rows=111 width=125)
	  Recheck Cond: ((k >= 5449756) AND (k <= 5449856))
	  ->  Bitmap Index Scan on k_6  (cost=0.00..5.54 rows=111 width=0)
	        Index Cond: ((k >= 5449756) AND (k <= 5449856))

table 7 : explain SELECT k, c FROM sbtest7 WHERE k BETWEEN 5449756 AND 5449856
	Bitmap Heap Scan on sbtest7  (cost=5.50..416.94 rows=104 width=125)
	  Recheck Cond: ((k >= 5449756) AND (k <= 5449856))
	  ->  Bitmap Index Scan on k_7  (cost=0.00..5.47 rows=104 width=0)
	        Index Cond: ((k >= 5449756) AND (k <= 5449856))

table 8 : explain SELECT k, c FROM sbtest8 WHERE k BETWEEN 5449756 AND 5449856
	Bitmap Heap Scan on sbtest8  (cost=5.53..428.75 rows=107 width=125)
	  Recheck Cond: ((k >= 5449756) AND (k <= 5449856))
	  ->  Bitmap Index Scan on k_8  (cost=0.00..5.50 rows=107 width=0)
	        Index Cond: ((k >= 5449756) AND (k <= 5449856))

explain: for range-notcovered :: explain SELECT k, c FROM sbtest%d WHERE k BETWEEN 659562 AND 659662
explain: for range-notcovered :: explain SELECT k, c FROM sbtest%d WHERE k BETWEEN 5449756 AND 5449856
for range-notcovered
table 1 : explain SELECT k, c FROM sbtest1 WHERE k BETWEEN 7263604 AND 7263704
	Bitmap Heap Scan on sbtest1  (cost=5.54..432.69 rows=108 width=125)
	  Recheck Cond: ((k >= 7263604) AND (k <= 7263704))
	  ->  Bitmap Index Scan on k_1  (cost=0.00..5.51 rows=108 width=0)
	        Index Cond: ((k >= 7263604) AND (k <= 7263704))

table 2 : explain SELECT k, c FROM sbtest2 WHERE k BETWEEN 7263604 AND 7263704
	Bitmap Heap Scan on sbtest2  (cost=5.50..416.94 rows=104 width=125)
	  Recheck Cond: ((k >= 7263604) AND (k <= 7263704))
	  ->  Bitmap Index Scan on k_2  (cost=0.00..5.47 rows=104 width=0)
	        Index Cond: ((k >= 7263604) AND (k <= 7263704))

table 3 : explain SELECT k, c FROM sbtest3 WHERE k BETWEEN 7263604 AND 7263704
	Bitmap Heap Scan on sbtest3  (cost=5.47..405.13 rows=101 width=125)
	  Recheck Cond: ((k >= 7263604) AND (k <= 7263704))
	  ->  Bitmap Index Scan on k_3  (cost=0.00..5.44 rows=101 width=0)
	        Index Cond: ((k >= 7263604) AND (k <= 7263704))

table 4 : explain SELECT k, c FROM sbtest4 WHERE k BETWEEN 7263604 AND 7263704
	Bitmap Heap Scan on sbtest4  (cost=5.44..393.31 rows=98 width=125)
	  Recheck Cond: ((k >= 7263604) AND (k <= 7263704))
	  ->  Bitmap Index Scan on k_4  (cost=0.00..5.42 rows=98 width=0)
	        Index Cond: ((k >= 7263604) AND (k <= 7263704))

table 5 : explain SELECT k, c FROM sbtest5 WHERE k BETWEEN 7263604 AND 7263704
	Bitmap Heap Scan on sbtest5  (cost=5.49..413.00 rows=103 width=125)
	  Recheck Cond: ((k >= 7263604) AND (k <= 7263704))
	  ->  Bitmap Index Scan on k_5  (cost=0.00..5.46 rows=103 width=0)
	        Index Cond: ((k >= 7263604) AND (k <= 7263704))

table 6 : explain SELECT k, c FROM sbtest6 WHERE k BETWEEN 7263604 AND 7263704
	Bitmap Heap Scan on sbtest6  (cost=5.48..409.07 rows=102 width=125)
	  Recheck Cond: ((k >= 7263604) AND (k <= 7263704))
	  ->  Bitmap Index Scan on k_6  (cost=0.00..5.45 rows=102 width=0)
	        Index Cond: ((k >= 7263604) AND (k <= 7263704))

table 7 : explain SELECT k, c FROM sbtest7 WHERE k BETWEEN 7263604 AND 7263704
	Bitmap Heap Scan on sbtest7  (cost=5.47..405.13 rows=101 width=125)
	  Recheck Cond: ((k >= 7263604) AND (k <= 7263704))
	  ->  Bitmap Index Scan on k_7  (cost=0.00..5.44 rows=101 width=0)
	        Index Cond: ((k >= 7263604) AND (k <= 7263704))

table 8 : explain SELECT k, c FROM sbtest8 WHERE k BETWEEN 7263604 AND 7263704
	Bitmap Heap Scan on sbtest8  (cost=5.55..436.62 rows=109 width=125)
	  Recheck Cond: ((k >= 7263604) AND (k <= 7263704))
	  ->  Bitmap Index Scan on k_8  (cost=0.00..5.52 rows=109 width=0)
	        Index Cond: ((k >= 7263604) AND (k <= 7263704))

explain: for range-notcovered :: explain SELECT k, c FROM sbtest%d WHERE k BETWEEN 7263604 AND 7263704
explain: for range-notcovered :: explain SELECT k, c FROM sbtest%d WHERE k BETWEEN 6080686 AND 6080786
for range-notcovered
table 1 : explain SELECT k, c FROM sbtest1 WHERE k BETWEEN 659562 AND 659662
	Bitmap Heap Scan on sbtest1  (cost=5.50..416.94 rows=104 width=125)
	  Recheck Cond: ((k >= 659562) AND (k <= 659662))
	  ->  Bitmap Index Scan on k_1  (cost=0.00..5.47 rows=104 width=0)
	        Index Cond: ((k >= 659562) AND (k <= 659662))

table 2 : explain SELECT k, c FROM sbtest2 WHERE k BETWEEN 659562 AND 659662
	Bitmap Heap Scan on sbtest2  (cost=5.55..436.62 rows=109 width=125)
	  Recheck Cond: ((k >= 659562) AND (k <= 659662))
	  ->  Bitmap Index Scan on k_2  (cost=0.00..5.52 rows=109 width=0)
	        Index Cond: ((k >= 659562) AND (k <= 659662))

table 3 : explain SELECT k, c FROM sbtest3 WHERE k BETWEEN 659562 AND 659662
	Bitmap Heap Scan on sbtest3  (cost=5.38..369.67 rows=92 width=125)
	  Recheck Cond: ((k >= 659562) AND (k <= 659662))
	  ->  Bitmap Index Scan on k_3  (cost=0.00..5.35 rows=92 width=0)
	        Index Cond: ((k >= 659562) AND (k <= 659662))

table 4 : explain SELECT k, c FROM sbtest4 WHERE k BETWEEN 659562 AND 659662
	Bitmap Heap Scan on sbtest4  (cost=5.55..436.62 rows=109 width=125)
	  Recheck Cond: ((k >= 659562) AND (k <= 659662))
	  ->  Bitmap Index Scan on k_4  (cost=0.00..5.52 rows=109 width=0)
	        Index Cond: ((k >= 659562) AND (k <= 659662))

table 5 : explain SELECT k, c FROM sbtest5 WHERE k BETWEEN 659562 AND 659662
	Bitmap Heap Scan on sbtest5  (cost=5.58..448.42 rows=112 width=125)
	  Recheck Cond: ((k >= 659562) AND (k <= 659662))
	  ->  Bitmap Index Scan on k_5  (cost=0.00..5.55 rows=112 width=0)
	        Index Cond: ((k >= 659562) AND (k <= 659662))

table 6 : explain SELECT k, c FROM sbtest6 WHERE k BETWEEN 659562 AND 659662
	Bitmap Heap Scan on sbtest6  (cost=5.47..405.13 rows=101 width=125)
	  Recheck Cond: ((k >= 659562) AND (k <= 659662))
	  ->  Bitmap Index Scan on k_6  (cost=0.00..5.44 rows=101 width=0)
	        Index Cond: ((k >= 659562) AND (k <= 659662))

table 7 : explain SELECT k, c FROM sbtest7 WHERE k BETWEEN 659562 AND 659662
	Bitmap Heap Scan on sbtest7  (cost=5.42..385.43 rows=96 width=125)
	  Recheck Cond: ((k >= 659562) AND (k <= 659662))
	  ->  Bitmap Index Scan on k_7  (cost=0.00..5.39 rows=96 width=0)
	        Index Cond: ((k >= 659562) AND (k <= 659662))

table 8 : explain SELECT k, c FROM sbtest8 WHERE k BETWEEN 659562 AND 659662
	Bitmap Heap Scan on sbtest8  (cost=5.55..436.62 rows=109 width=125)
	  Recheck Cond: ((k >= 659562) AND (k <= 659662))
	  ->  Bitmap Index Scan on k_8  (cost=0.00..5.52 rows=109 width=0)
	        Index Cond: ((k >= 659562) AND (k <= 659662))

for range-notcovered
table 1 : explain SELECT k, c FROM sbtest1 WHERE k BETWEEN 632938 AND 633038
	Bitmap Heap Scan on sbtest1  (cost=5.50..416.94 rows=104 width=125)
	  Recheck Cond: ((k >= 632938) AND (k <= 633038))
	  ->  Bitmap Index Scan on k_1  (cost=0.00..5.47 rows=104 width=0)
	        Index Cond: ((k >= 632938) AND (k <= 633038))

table 2 : explain SELECT k, c FROM sbtest2 WHERE k BETWEEN 632938 AND 633038
	Bitmap Heap Scan on sbtest2  (cost=5.55..436.62 rows=109 width=125)
	  Recheck Cond: ((k >= 632938) AND (k <= 633038))
	  ->  Bitmap Index Scan on k_2  (cost=0.00..5.52 rows=109 width=0)
	        Index Cond: ((k >= 632938) AND (k <= 633038))

table 3 : explain SELECT k, c FROM sbtest3 WHERE k BETWEEN 632938 AND 633038
	Bitmap Heap Scan on sbtest3  (cost=5.38..369.67 rows=92 width=125)
	  Recheck Cond: ((k >= 632938) AND (k <= 633038))
	  ->  Bitmap Index Scan on k_3  (cost=0.00..5.35 rows=92 width=0)
	        Index Cond: ((k >= 632938) AND (k <= 633038))

table 4 : explain SELECT k, c FROM sbtest4 WHERE k BETWEEN 632938 AND 633038
	Bitmap Heap Scan on sbtest4  (cost=5.55..436.62 rows=109 width=125)
	  Recheck Cond: ((k >= 632938) AND (k <= 633038))
	  ->  Bitmap Index Scan on k_4  (cost=0.00..5.52 rows=109 width=0)
	        Index Cond: ((k >= 632938) AND (k <= 633038))

table 5 : explain SELECT k, c FROM sbtest5 WHERE k BETWEEN 632938 AND 633038
	Bitmap Heap Scan on sbtest5  (cost=5.58..448.42 rows=112 width=125)
	  Recheck Cond: ((k >= 632938) AND (k <= 633038))
	  ->  Bitmap Index Scan on k_5  (cost=0.00..5.55 rows=112 width=0)
	        Index Cond: ((k >= 632938) AND (k <= 633038))

table 6 : explain SELECT k, c FROM sbtest6 WHERE k BETWEEN 632938 AND 633038
	Bitmap Heap Scan on sbtest6  (cost=5.47..405.13 rows=101 width=125)
	  Recheck Cond: ((k >= 632938) AND (k <= 633038))
	  ->  Bitmap Index Scan on k_6  (cost=0.00..5.44 rows=101 width=0)
	        Index Cond: ((k >= 632938) AND (k <= 633038))

table 7 : explain SELECT k, c FROM sbtest7 WHERE k BETWEEN 632938 AND 633038
	Bitmap Heap Scan on sbtest7  (cost=5.42..385.43 rows=96 width=125)
	  Recheck Cond: ((k >= 632938) AND (k <= 633038))
	  ->  Bitmap Index Scan on k_7  (cost=0.00..5.39 rows=96 width=0)
	        Index Cond: ((k >= 632938) AND (k <= 633038))

table 8 : explain SELECT k, c FROM sbtest8 WHERE k BETWEEN 632938 AND 633038
	Bitmap Heap Scan on sbtest8  (cost=5.55..436.62 rows=109 width=125)
	  Recheck Cond: ((k >= 632938) AND (k <= 633038))
	  ->  Bitmap Index Scan on k_8  (cost=0.00..5.52 rows=109 width=0)
	        Index Cond: ((k >= 632938) AND (k <= 633038))

explain: for range-notcovered :: explain SELECT k, c FROM sbtest%d WHERE k BETWEEN 659562 AND 659662
explain: for range-notcovered :: explain SELECT k, c FROM sbtest%d WHERE k BETWEEN 632938 AND 633038
for range-notcovered
table 1 : explain SELECT k, c FROM sbtest1 WHERE k BETWEEN 5449756 AND 5449856
	Bitmap Heap Scan on sbtest1  (cost=5.37..365.72 rows=91 width=125)
	  Recheck Cond: ((k >= 5449756) AND (k <= 5449856))
	  ->  Bitmap Index Scan on k_1  (cost=0.00..5.34 rows=91 width=0)
	        Index Cond: ((k >= 5449756) AND (k <= 5449856))

table 2 : explain SELECT k, c FROM sbtest2 WHERE k BETWEEN 5449756 AND 5449856
	Bitmap Heap Scan on sbtest2  (cost=5.46..401.19 rows=100 width=125)
	  Recheck Cond: ((k >= 5449756) AND (k <= 5449856))
	  ->  Bitmap Index Scan on k_2  (cost=0.00..5.43 rows=100 width=0)
	        Index Cond: ((k >= 5449756) AND (k <= 5449856))

table 3 : explain SELECT k, c FROM sbtest3 WHERE k BETWEEN 5449756 AND 5449856
	Bitmap Heap Scan on sbtest3  (cost=5.52..424.81 rows=106 width=125)
	  Recheck Cond: ((k >= 5449756) AND (k <= 5449856))
	  ->  Bitmap Index Scan on k_3  (cost=0.00..5.50 rows=106 width=0)
	        Index Cond: ((k >= 5449756) AND (k <= 5449856))

table 4 : explain SELECT k, c FROM sbtest4 WHERE k BETWEEN 5449756 AND 5449856
	Bitmap Heap Scan on sbtest4  (cost=5.55..436.62 rows=109 width=125)
	  Recheck Cond: ((k >= 5449756) AND (k <= 5449856))
	  ->  Bitmap Index Scan on k_4  (cost=0.00..5.52 rows=109 width=0)
	        Index Cond: ((k >= 5449756) AND (k <= 5449856))

table 5 : explain SELECT k, c FROM sbtest5 WHERE k BETWEEN 5449756 AND 5449856
	Bitmap Heap Scan on sbtest5  (cost=5.40..377.55 rows=94 width=125)
	  Recheck Cond: ((k >= 5449756) AND (k <= 5449856))
	  ->  Bitmap Index Scan on k_5  (cost=0.00..5.38 rows=94 width=0)
	        Index Cond: ((k >= 5449756) AND (k <= 5449856))

table 6 : explain SELECT k, c FROM sbtest6 WHERE k BETWEEN 5449756 AND 5449856
	Bitmap Heap Scan on sbtest6  (cost=5.57..444.49 rows=111 width=125)
	  Recheck Cond: ((k >= 5449756) AND (k <= 5449856))
	  ->  Bitmap Index Scan on k_6  (cost=0.00..5.54 rows=111 width=0)
	        Index Cond: ((k >= 5449756) AND (k <= 5449856))

table 7 : explain SELECT k, c FROM sbtest7 WHERE k BETWEEN 5449756 AND 5449856
	Bitmap Heap Scan on sbtest7  (cost=5.50..416.94 rows=104 width=125)
	  Recheck Cond: ((k >= 5449756) AND (k <= 5449856))
	  ->  Bitmap Index Scan on k_7  (cost=0.00..5.47 rows=104 width=0)
	        Index Cond: ((k >= 5449756) AND (k <= 5449856))

table 8 : explain SELECT k, c FROM sbtest8 WHERE k BETWEEN 5449756 AND 5449856
	Bitmap Heap Scan on sbtest8  (cost=5.53..428.75 rows=107 width=125)
	  Recheck Cond: ((k >= 5449756) AND (k <= 5449856))
	  ->  Bitmap Index Scan on k_8  (cost=0.00..5.50 rows=107 width=0)
	        Index Cond: ((k >= 5449756) AND (k <= 5449856))

explain: for range-notcovered :: explain SELECT k, c FROM sbtest%d WHERE k BETWEEN 5449756 AND 5449856
for range-notcovered
table 1 : explain SELECT k, c FROM sbtest1 WHERE k BETWEEN 7263604 AND 7263704
	Bitmap Heap Scan on sbtest1  (cost=5.54..432.69 rows=108 width=125)
	  Recheck Cond: ((k >= 7263604) AND (k <= 7263704))
	  ->  Bitmap Index Scan on k_1  (cost=0.00..5.51 rows=108 width=0)
	        Index Cond: ((k >= 7263604) AND (k <= 7263704))

table 2 : explain SELECT k, c FROM sbtest2 WHERE k BETWEEN 7263604 AND 7263704
	Bitmap Heap Scan on sbtest2  (cost=5.50..416.94 rows=104 width=125)
	  Recheck Cond: ((k >= 7263604) AND (k <= 7263704))
	  ->  Bitmap Index Scan on k_2  (cost=0.00..5.47 rows=104 width=0)
	        Index Cond: ((k >= 7263604) AND (k <= 7263704))

table 3 : explain SELECT k, c FROM sbtest3 WHERE k BETWEEN 7263604 AND 7263704
	Bitmap Heap Scan on sbtest3  (cost=5.47..405.13 rows=101 width=125)
	  Recheck Cond: ((k >= 7263604) AND (k <= 7263704))
	  ->  Bitmap Index Scan on k_3  (cost=0.00..5.44 rows=101 width=0)
	        Index Cond: ((k >= 7263604) AND (k <= 7263704))

table 4 : explain SELECT k, c FROM sbtest4 WHERE k BETWEEN 7263604 AND 7263704
	Bitmap Heap Scan on sbtest4  (cost=5.44..393.31 rows=98 width=125)
	  Recheck Cond: ((k >= 7263604) AND (k <= 7263704))
	  ->  Bitmap Index Scan on k_4  (cost=0.00..5.42 rows=98 width=0)
	        Index Cond: ((k >= 7263604) AND (k <= 7263704))

table 5 : explain SELECT k, c FROM sbtest5 WHERE k BETWEEN 7263604 AND 7263704
	Bitmap Heap Scan on sbtest5  (cost=5.49..413.00 rows=103 width=125)
	  Recheck Cond: ((k >= 7263604) AND (k <= 7263704))
	  ->  Bitmap Index Scan on k_5  (cost=0.00..5.46 rows=103 width=0)
	        Index Cond: ((k >= 7263604) AND (k <= 7263704))

table 6 : explain SELECT k, c FROM sbtest6 WHERE k BETWEEN 7263604 AND 7263704
	Bitmap Heap Scan on sbtest6  (cost=5.48..409.07 rows=102 width=125)
	  Recheck Cond: ((k >= 7263604) AND (k <= 7263704))
	  ->  Bitmap Index Scan on k_6  (cost=0.00..5.45 rows=102 width=0)
	        Index Cond: ((k >= 7263604) AND (k <= 7263704))

table 7 : explain SELECT k, c FROM sbtest7 WHERE k BETWEEN 7263604 AND 7263704
	Bitmap Heap Scan on sbtest7  (cost=5.47..405.13 rows=101 width=125)
	  Recheck Cond: ((k >= 7263604) AND (k <= 7263704))
	  ->  Bitmap Index Scan on k_7  (cost=0.00..5.44 rows=101 width=0)
	        Index Cond: ((k >= 7263604) AND (k <= 7263704))

table 8 : explain SELECT k, c FROM sbtest8 WHERE k BETWEEN 7263604 AND 7263704
	Bitmap Heap Scan on sbtest8  (cost=5.55..436.62 rows=109 width=125)
	  Recheck Cond: ((k >= 7263604) AND (k <= 7263704))
	  ->  Bitmap Index Scan on k_8  (cost=0.00..5.52 rows=109 width=0)
	        Index Cond: ((k >= 7263604) AND (k <= 7263704))

explain: for range-notcovered :: explain SELECT k, c FROM sbtest%d WHERE k BETWEEN 7263604 AND 7263704
for range-notcovered
table 1 : explain SELECT k, c FROM sbtest1 WHERE k BETWEEN 2433003 AND 2433103
	Bitmap Heap Scan on sbtest1  (cost=5.42..385.43 rows=96 width=125)
	  Recheck Cond: ((k >= 2433003) AND (k <= 2433103))
	  ->  Bitmap Index Scan on k_1  (cost=0.00..5.39 rows=96 width=0)
	        Index Cond: ((k >= 2433003) AND (k <= 2433103))

table 2 : explain SELECT k, c FROM sbtest2 WHERE k BETWEEN 2433003 AND 2433103
	Bitmap Heap Scan on sbtest2  (cost=5.44..393.31 rows=98 width=125)
	  Recheck Cond: ((k >= 2433003) AND (k <= 2433103))
	  ->  Bitmap Index Scan on k_2  (cost=0.00..5.42 rows=98 width=0)
	        Index Cond: ((k >= 2433003) AND (k <= 2433103))

table 3 : explain SELECT k, c FROM sbtest3 WHERE k BETWEEN 2433003 AND 2433103
	Bitmap Heap Scan on sbtest3  (cost=5.45..397.25 rows=99 width=125)
	  Recheck Cond: ((k >= 2433003) AND (k <= 2433103))
	  ->  Bitmap Index Scan on k_3  (cost=0.00..5.42 rows=99 width=0)
	        Index Cond: ((k >= 2433003) AND (k <= 2433103))

table 4 : explain SELECT k, c FROM sbtest4 WHERE k BETWEEN 2433003 AND 2433103
	Bitmap Heap Scan on sbtest4  (cost=5.44..393.31 rows=98 width=125)
	  Recheck Cond: ((k >= 2433003) AND (k <= 2433103))
	  ->  Bitmap Index Scan on k_4  (cost=0.00..5.42 rows=98 width=0)
	        Index Cond: ((k >= 2433003) AND (k <= 2433103))

table 5 : explain SELECT k, c FROM sbtest5 WHERE k BETWEEN 2433003 AND 2433103
	Bitmap Heap Scan on sbtest5  (cost=5.46..401.19 rows=100 width=125)
	  Recheck Cond: ((k >= 2433003) AND (k <= 2433103))
	  ->  Bitmap Index Scan on k_5  (cost=0.00..5.43 rows=100 width=0)
	        Index Cond: ((k >= 2433003) AND (k <= 2433103))

table 6 : explain SELECT k, c FROM sbtest6 WHERE k BETWEEN 2433003 AND 2433103
	Bitmap Heap Scan on sbtest6  (cost=5.40..377.55 rows=94 width=125)
	  Recheck Cond: ((k >= 2433003) AND (k <= 2433103))
	  ->  Bitmap Index Scan on k_6  (cost=0.00..5.38 rows=94 width=0)
	        Index Cond: ((k >= 2433003) AND (k <= 2433103))

table 7 : explain SELECT k, c FROM sbtest7 WHERE k BETWEEN 2433003 AND 2433103
	Bitmap Heap Scan on sbtest7  (cost=5.43..389.37 rows=97 width=125)
	  Recheck Cond: ((k >= 2433003) AND (k <= 2433103))
	  ->  Bitmap Index Scan on k_7  (cost=0.00..5.40 rows=97 width=0)
	        Index Cond: ((k >= 2433003) AND (k <= 2433103))

table 8 : explain SELECT k, c FROM sbtest8 WHERE k BETWEEN 2433003 AND 2433103
	Bitmap Heap Scan on sbtest8  (cost=5.49..413.00 rows=103 width=125)
	  Recheck Cond: ((k >= 2433003) AND (k <= 2433103))
	  ->  Bitmap Index Scan on k_8  (cost=0.00..5.46 rows=103 width=0)
	        Index Cond: ((k >= 2433003) AND (k <= 2433103))

explain: for range-notcovered :: explain SELECT k, c FROM sbtest%d WHERE k BETWEEN 2433003 AND 2433103
for range-notcovered
table 1 : explain SELECT k, c FROM sbtest1 WHERE k BETWEEN 6769575 AND 6769675
	Bitmap Heap Scan on sbtest1  (cost=5.54..432.69 rows=108 width=125)
	  Recheck Cond: ((k >= 6769575) AND (k <= 6769675))
	  ->  Bitmap Index Scan on k_1  (cost=0.00..5.51 rows=108 width=0)
	        Index Cond: ((k >= 6769575) AND (k <= 6769675))

table 2 : explain SELECT k, c FROM sbtest2 WHERE k BETWEEN 6769575 AND 6769675
	Bitmap Heap Scan on sbtest2  (cost=5.43..389.37 rows=97 width=125)
	  Recheck Cond: ((k >= 6769575) AND (k <= 6769675))
	  ->  Bitmap Index Scan on k_2  (cost=0.00..5.40 rows=97 width=0)
	        Index Cond: ((k >= 6769575) AND (k <= 6769675))

table 3 : explain SELECT k, c FROM sbtest3 WHERE k BETWEEN 6769575 AND 6769675
	Bitmap Heap Scan on sbtest3  (cost=5.45..397.25 rows=99 width=125)
	  Recheck Cond: ((k >= 6769575) AND (k <= 6769675))
	  ->  Bitmap Index Scan on k_3  (cost=0.00..5.42 rows=99 width=0)
	        Index Cond: ((k >= 6769575) AND (k <= 6769675))

table 4 : explain SELECT k, c FROM sbtest4 WHERE k BETWEEN 6769575 AND 6769675
	Bitmap Heap Scan on sbtest4  (cost=5.51..420.88 rows=105 width=125)
	  Recheck Cond: ((k >= 6769575) AND (k <= 6769675))
	  ->  Bitmap Index Scan on k_4  (cost=0.00..5.48 rows=105 width=0)
	        Index Cond: ((k >= 6769575) AND (k <= 6769675))

table 5 : explain SELECT k, c FROM sbtest5 WHERE k BETWEEN 6769575 AND 6769675
	Bitmap Heap Scan on sbtest5  (cost=5.43..389.37 rows=97 width=125)
	  Recheck Cond: ((k >= 6769575) AND (k <= 6769675))
	  ->  Bitmap Index Scan on k_5  (cost=0.00..5.40 rows=97 width=0)
	        Index Cond: ((k >= 6769575) AND (k <= 6769675))

table 6 : explain SELECT k, c FROM sbtest6 WHERE k BETWEEN 6769575 AND 6769675
	Bitmap Heap Scan on sbtest6  (cost=5.46..401.19 rows=100 width=125)
	  Recheck Cond: ((k >= 6769575) AND (k <= 6769675))
	  ->  Bitmap Index Scan on k_6  (cost=0.00..5.43 rows=100 width=0)
	        Index Cond: ((k >= 6769575) AND (k <= 6769675))

table 7 : explain SELECT k, c FROM sbtest7 WHERE k BETWEEN 6769575 AND 6769675
	Bitmap Heap Scan on sbtest7  (cost=5.58..448.42 rows=112 width=125)
	  Recheck Cond: ((k >= 6769575) AND (k <= 6769675))
	  ->  Bitmap Index Scan on k_7  (cost=0.00..5.55 rows=112 width=0)
	        Index Cond: ((k >= 6769575) AND (k <= 6769675))

table 8 : explain SELECT k, c FROM sbtest8 WHERE k BETWEEN 6769575 AND 6769675
	Bitmap Heap Scan on sbtest8  (cost=5.41..381.49 rows=95 width=125)
	  Recheck Cond: ((k >= 6769575) AND (k <= 6769675))
	  ->  Bitmap Index Scan on k_8  (cost=0.00..5.38 rows=95 width=0)
	        Index Cond: ((k >= 6769575) AND (k <= 6769675))

explain: for range-notcovered :: explain SELECT k, c FROM sbtest%d WHERE k BETWEEN 6769575 AND 6769675
for range-notcovered
table 1 : explain SELECT k, c FROM sbtest1 WHERE k BETWEEN 5449756 AND 5449856
	Bitmap Heap Scan on sbtest1  (cost=5.37..365.72 rows=91 width=125)
	  Recheck Cond: ((k >= 5449756) AND (k <= 5449856))
	  ->  Bitmap Index Scan on k_1  (cost=0.00..5.34 rows=91 width=0)
	        Index Cond: ((k >= 5449756) AND (k <= 5449856))

table 2 : explain SELECT k, c FROM sbtest2 WHERE k BETWEEN 5449756 AND 5449856
	Bitmap Heap Scan on sbtest2  (cost=5.46..401.19 rows=100 width=125)
	  Recheck Cond: ((k >= 5449756) AND (k <= 5449856))
	  ->  Bitmap Index Scan on k_2  (cost=0.00..5.43 rows=100 width=0)
	        Index Cond: ((k >= 5449756) AND (k <= 5449856))

table 3 : explain SELECT k, c FROM sbtest3 WHERE k BETWEEN 5449756 AND 5449856
	Bitmap Heap Scan on sbtest3  (cost=5.52..424.81 rows=106 width=125)
	  Recheck Cond: ((k >= 5449756) AND (k <= 5449856))
	  ->  Bitmap Index Scan on k_3  (cost=0.00..5.50 rows=106 width=0)
	        Index Cond: ((k >= 5449756) AND (k <= 5449856))

table 4 : explain SELECT k, c FROM sbtest4 WHERE k BETWEEN 5449756 AND 5449856
	Bitmap Heap Scan on sbtest4  (cost=5.55..436.62 rows=109 width=125)
	  Recheck Cond: ((k >= 5449756) AND (k <= 5449856))
	  ->  Bitmap Index Scan on k_4  (cost=0.00..5.52 rows=109 width=0)
	        Index Cond: ((k >= 5449756) AND (k <= 5449856))

table 5 : explain SELECT k, c FROM sbtest5 WHERE k BETWEEN 5449756 AND 5449856
	Bitmap Heap Scan on sbtest5  (cost=5.40..377.55 rows=94 width=125)
	  Recheck Cond: ((k >= 5449756) AND (k <= 5449856))
	  ->  Bitmap Index Scan on k_5  (cost=0.00..5.38 rows=94 width=0)
	        Index Cond: ((k >= 5449756) AND (k <= 5449856))

table 6 : explain SELECT k, c FROM sbtest6 WHERE k BETWEEN 5449756 AND 5449856
	Bitmap Heap Scan on sbtest6  (cost=5.57..444.49 rows=111 width=125)
	  Recheck Cond: ((k >= 5449756) AND (k <= 5449856))
	  ->  Bitmap Index Scan on k_6  (cost=0.00..5.54 rows=111 width=0)
	        Index Cond: ((k >= 5449756) AND (k <= 5449856))

table 7 : explain SELECT k, c FROM sbtest7 WHERE k BETWEEN 5449756 AND 5449856
	Bitmap Heap Scan on sbtest7  (cost=5.50..416.94 rows=104 width=125)
	  Recheck Cond: ((k >= 5449756) AND (k <= 5449856))
	  ->  Bitmap Index Scan on k_7  (cost=0.00..5.47 rows=104 width=0)
	        Index Cond: ((k >= 5449756) AND (k <= 5449856))

table 8 : explain SELECT k, c FROM sbtest8 WHERE k BETWEEN 5449756 AND 5449856
	Bitmap Heap Scan on sbtest8  (cost=5.53..428.75 rows=107 width=125)
	  Recheck Cond: ((k >= 5449756) AND (k <= 5449856))
	  ->  Bitmap Index Scan on k_8  (cost=0.00..5.50 rows=107 width=0)
	        Index Cond: ((k >= 5449756) AND (k <= 5449856))

explain: for range-notcovered :: explain SELECT k, c FROM sbtest%d WHERE k BETWEEN 5449756 AND 5449856
for range-notcovered
table 1 : explain SELECT k, c FROM sbtest1 WHERE k BETWEEN 7263604 AND 7263704
	Bitmap Heap Scan on sbtest1  (cost=5.54..432.69 rows=108 width=125)
	  Recheck Cond: ((k >= 7263604) AND (k <= 7263704))
	  ->  Bitmap Index Scan on k_1  (cost=0.00..5.51 rows=108 width=0)
	        Index Cond: ((k >= 7263604) AND (k <= 7263704))

table 2 : explain SELECT k, c FROM sbtest2 WHERE k BETWEEN 7263604 AND 7263704
	Bitmap Heap Scan on sbtest2  (cost=5.50..416.94 rows=104 width=125)
	  Recheck Cond: ((k >= 7263604) AND (k <= 7263704))
	  ->  Bitmap Index Scan on k_2  (cost=0.00..5.47 rows=104 width=0)
	        Index Cond: ((k >= 7263604) AND (k <= 7263704))

table 3 : explain SELECT k, c FROM sbtest3 WHERE k BETWEEN 7263604 AND 7263704
	Bitmap Heap Scan on sbtest3  (cost=5.47..405.13 rows=101 width=125)
	  Recheck Cond: ((k >= 7263604) AND (k <= 7263704))
	  ->  Bitmap Index Scan on k_3  (cost=0.00..5.44 rows=101 width=0)
	        Index Cond: ((k >= 7263604) AND (k <= 7263704))

table 4 : explain SELECT k, c FROM sbtest4 WHERE k BETWEEN 7263604 AND 7263704
	Bitmap Heap Scan on sbtest4  (cost=5.44..393.31 rows=98 width=125)
	  Recheck Cond: ((k >= 7263604) AND (k <= 7263704))
	  ->  Bitmap Index Scan on k_4  (cost=0.00..5.42 rows=98 width=0)
	        Index Cond: ((k >= 7263604) AND (k <= 7263704))

table 5 : explain SELECT k, c FROM sbtest5 WHERE k BETWEEN 7263604 AND 7263704
	Bitmap Heap Scan on sbtest5  (cost=5.49..413.00 rows=103 width=125)
	  Recheck Cond: ((k >= 7263604) AND (k <= 7263704))
	  ->  Bitmap Index Scan on k_5  (cost=0.00..5.46 rows=103 width=0)
	        Index Cond: ((k >= 7263604) AND (k <= 7263704))

table 6 : explain SELECT k, c FROM sbtest6 WHERE k BETWEEN 7263604 AND 7263704
	Bitmap Heap Scan on sbtest6  (cost=5.48..409.07 rows=102 width=125)
	  Recheck Cond: ((k >= 7263604) AND (k <= 7263704))
	  ->  Bitmap Index Scan on k_6  (cost=0.00..5.45 rows=102 width=0)
	        Index Cond: ((k >= 7263604) AND (k <= 7263704))

table 7 : explain SELECT k, c FROM sbtest7 WHERE k BETWEEN 7263604 AND 7263704
	Bitmap Heap Scan on sbtest7  (cost=5.47..405.13 rows=101 width=125)
	  Recheck Cond: ((k >= 7263604) AND (k <= 7263704))
	  ->  Bitmap Index Scan on k_7  (cost=0.00..5.44 rows=101 width=0)
	        Index Cond: ((k >= 7263604) AND (k <= 7263704))

table 8 : explain SELECT k, c FROM sbtest8 WHERE k BETWEEN 7263604 AND 7263704
	Bitmap Heap Scan on sbtest8  (cost=5.55..436.62 rows=109 width=125)
	  Recheck Cond: ((k >= 7263604) AND (k <= 7263704))
	  ->  Bitmap Index Scan on k_8  (cost=0.00..5.52 rows=109 width=0)
	        Index Cond: ((k >= 7263604) AND (k <= 7263704))

for range-notcovered
table 1 : explain SELECT k, c FROM sbtest1 WHERE k BETWEEN 659562 AND 659662
	Bitmap Heap Scan on sbtest1  (cost=5.50..416.94 rows=104 width=125)
	  Recheck Cond: ((k >= 659562) AND (k <= 659662))
	  ->  Bitmap Index Scan on k_1  (cost=0.00..5.47 rows=104 width=0)
	        Index Cond: ((k >= 659562) AND (k <= 659662))

table 2 : explain SELECT k, c FROM sbtest2 WHERE k BETWEEN 659562 AND 659662
	Bitmap Heap Scan on sbtest2  (cost=5.55..436.62 rows=109 width=125)
	  Recheck Cond: ((k >= 659562) AND (k <= 659662))
	  ->  Bitmap Index Scan on k_2  (cost=0.00..5.52 rows=109 width=0)
	        Index Cond: ((k >= 659562) AND (k <= 659662))

table 3 : explain SELECT k, c FROM sbtest3 WHERE k BETWEEN 659562 AND 659662
	Bitmap Heap Scan on sbtest3  (cost=5.38..369.67 rows=92 width=125)
	  Recheck Cond: ((k >= 659562) AND (k <= 659662))
	  ->  Bitmap Index Scan on k_3  (cost=0.00..5.35 rows=92 width=0)
	        Index Cond: ((k >= 659562) AND (k <= 659662))

table 4 : explain SELECT k, c FROM sbtest4 WHERE k BETWEEN 659562 AND 659662
	Bitmap Heap Scan on sbtest4  (cost=5.55..436.62 rows=109 width=125)
	  Recheck Cond: ((k >= 659562) AND (k <= 659662))
	  ->  Bitmap Index Scan on k_4  (cost=0.00..5.52 rows=109 width=0)
	        Index Cond: ((k >= 659562) AND (k <= 659662))

table 5 : explain SELECT k, c FROM sbtest5 WHERE k BETWEEN 659562 AND 659662
	Bitmap Heap Scan on sbtest5  (cost=5.58..448.42 rows=112 width=125)
	  Recheck Cond: ((k >= 659562) AND (k <= 659662))
	  ->  Bitmap Index Scan on k_5  (cost=0.00..5.55 rows=112 width=0)
	        Index Cond: ((k >= 659562) AND (k <= 659662))

table 6 : explain SELECT k, c FROM sbtest6 WHERE k BETWEEN 659562 AND 659662
	Bitmap Heap Scan on sbtest6  (cost=5.47..405.13 rows=101 width=125)
	  Recheck Cond: ((k >= 659562) AND (k <= 659662))
	  ->  Bitmap Index Scan on k_6  (cost=0.00..5.44 rows=101 width=0)
	        Index Cond: ((k >= 659562) AND (k <= 659662))

table 7 : explain SELECT k, c FROM sbtest7 WHERE k BETWEEN 659562 AND 659662
	Bitmap Heap Scan on sbtest7  (cost=5.42..385.43 rows=96 width=125)
	  Recheck Cond: ((k >= 659562) AND (k <= 659662))
	  ->  Bitmap Index Scan on k_7  (cost=0.00..5.39 rows=96 width=0)
	        Index Cond: ((k >= 659562) AND (k <= 659662))

table 8 : explain SELECT k, c FROM sbtest8 WHERE k BETWEEN 659562 AND 659662
	Bitmap Heap Scan on sbtest8  (cost=5.55..436.62 rows=109 width=125)
	  Recheck Cond: ((k >= 659562) AND (k <= 659662))
	  ->  Bitmap Index Scan on k_8  (cost=0.00..5.52 rows=109 width=0)
	        Index Cond: ((k >= 659562) AND (k <= 659662))

explain: for range-notcovered :: explain SELECT k, c FROM sbtest%d WHERE k BETWEEN 7263604 AND 7263704
explain: for range-notcovered :: explain SELECT k, c FROM sbtest%d WHERE k BETWEEN 659562 AND 659662
for range-notcovered
table 1 : explain SELECT k, c FROM sbtest1 WHERE k BETWEEN 4852801 AND 4852901
	Bitmap Heap Scan on sbtest1  (cost=5.60..456.29 rows=114 width=125)
	  Recheck Cond: ((k >= 4852801) AND (k <= 4852901))
	  ->  Bitmap Index Scan on k_1  (cost=0.00..5.58 rows=114 width=0)
	        Index Cond: ((k >= 4852801) AND (k <= 4852901))

table 2 : explain SELECT k, c FROM sbtest2 WHERE k BETWEEN 4852801 AND 4852901
	Bitmap Heap Scan on sbtest2  (cost=5.44..393.31 rows=98 width=125)
	  Recheck Cond: ((k >= 4852801) AND (k <= 4852901))
	  ->  Bitmap Index Scan on k_2  (cost=0.00..5.42 rows=98 width=0)
	        Index Cond: ((k >= 4852801) AND (k <= 4852901))

table 3 : explain SELECT k, c FROM sbtest3 WHERE k BETWEEN 4852801 AND 4852901
	Bitmap Heap Scan on sbtest3  (cost=5.48..409.07 rows=102 width=125)
	  Recheck Cond: ((k >= 4852801) AND (k <= 4852901))
	  ->  Bitmap Index Scan on k_3  (cost=0.00..5.45 rows=102 width=0)
	        Index Cond: ((k >= 4852801) AND (k <= 4852901))

table 4 : explain SELECT k, c FROM sbtest4 WHERE k BETWEEN 4852801 AND 4852901
	Bitmap Heap Scan on sbtest4  (cost=5.60..456.29 rows=114 width=125)
	  Recheck Cond: ((k >= 4852801) AND (k <= 4852901))
	  ->  Bitmap Index Scan on k_4  (cost=0.00..5.58 rows=114 width=0)
	        Index Cond: ((k >= 4852801) AND (k <= 4852901))

table 5 : explain SELECT k, c FROM sbtest5 WHERE k BETWEEN 4852801 AND 4852901
	Bitmap Heap Scan on sbtest5  (cost=5.48..409.07 rows=102 width=125)
	  Recheck Cond: ((k >= 4852801) AND (k <= 4852901))
	  ->  Bitmap Index Scan on k_5  (cost=0.00..5.45 rows=102 width=0)
	        Index Cond: ((k >= 4852801) AND (k <= 4852901))

table 6 : explain SELECT k, c FROM sbtest6 WHERE k BETWEEN 4852801 AND 4852901
	Bitmap Heap Scan on sbtest6  (cost=5.50..416.94 rows=104 width=125)
	  Recheck Cond: ((k >= 4852801) AND (k <= 4852901))
	  ->  Bitmap Index Scan on k_6  (cost=0.00..5.47 rows=104 width=0)
	        Index Cond: ((k >= 4852801) AND (k <= 4852901))

table 7 : explain SELECT k, c FROM sbtest7 WHERE k BETWEEN 4852801 AND 4852901
	Bitmap Heap Scan on sbtest7  (cost=5.44..393.31 rows=98 width=125)
	  Recheck Cond: ((k >= 4852801) AND (k <= 4852901))
	  ->  Bitmap Index Scan on k_7  (cost=0.00..5.42 rows=98 width=0)
	        Index Cond: ((k >= 4852801) AND (k <= 4852901))

table 8 : explain SELECT k, c FROM sbtest8 WHERE k BETWEEN 4852801 AND 4852901
	Bitmap Heap Scan on sbtest8  (cost=5.43..389.37 rows=97 width=125)
	  Recheck Cond: ((k >= 4852801) AND (k <= 4852901))
	  ->  Bitmap Index Scan on k_8  (cost=0.00..5.40 rows=97 width=0)
	        Index Cond: ((k >= 4852801) AND (k <= 4852901))

for range-notcovered
table 1 : explain SELECT k, c FROM sbtest1 WHERE k BETWEEN 632938 AND 633038
	Bitmap Heap Scan on sbtest1  (cost=5.50..416.94 rows=104 width=125)
	  Recheck Cond: ((k >= 632938) AND (k <= 633038))
	  ->  Bitmap Index Scan on k_1  (cost=0.00..5.47 rows=104 width=0)
	        Index Cond: ((k >= 632938) AND (k <= 633038))

table 2 : explain SELECT k, c FROM sbtest2 WHERE k BETWEEN 632938 AND 633038
	Bitmap Heap Scan on sbtest2  (cost=5.55..436.62 rows=109 width=125)
	  Recheck Cond: ((k >= 632938) AND (k <= 633038))
	  ->  Bitmap Index Scan on k_2  (cost=0.00..5.52 rows=109 width=0)
	        Index Cond: ((k >= 632938) AND (k <= 633038))

table 3 : explain SELECT k, c FROM sbtest3 WHERE k BETWEEN 632938 AND 633038
	Bitmap Heap Scan on sbtest3  (cost=5.38..369.67 rows=92 width=125)
	  Recheck Cond: ((k >= 632938) AND (k <= 633038))
	  ->  Bitmap Index Scan on k_3  (cost=0.00..5.35 rows=92 width=0)
	        Index Cond: ((k >= 632938) AND (k <= 633038))

table 4 : explain SELECT k, c FROM sbtest4 WHERE k BETWEEN 632938 AND 633038
	Bitmap Heap Scan on sbtest4  (cost=5.55..436.62 rows=109 width=125)
	  Recheck Cond: ((k >= 632938) AND (k <= 633038))
	  ->  Bitmap Index Scan on k_4  (cost=0.00..5.52 rows=109 width=0)
	        Index Cond: ((k >= 632938) AND (k <= 633038))

table 5 : explain SELECT k, c FROM sbtest5 WHERE k BETWEEN 632938 AND 633038
	Bitmap Heap Scan on sbtest5  (cost=5.58..448.42 rows=112 width=125)
	  Recheck Cond: ((k >= 632938) AND (k <= 633038))
	  ->  Bitmap Index Scan on k_5  (cost=0.00..5.55 rows=112 width=0)
	        Index Cond: ((k >= 632938) AND (k <= 633038))

table 6 : explain SELECT k, c FROM sbtest6 WHERE k BETWEEN 632938 AND 633038
	Bitmap Heap Scan on sbtest6  (cost=5.47..405.13 rows=101 width=125)
	  Recheck Cond: ((k >= 632938) AND (k <= 633038))
	  ->  Bitmap Index Scan on k_6  (cost=0.00..5.44 rows=101 width=0)
	        Index Cond: ((k >= 632938) AND (k <= 633038))

table 7 : explain SELECT k, c FROM sbtest7 WHERE k BETWEEN 632938 AND 633038
	Bitmap Heap Scan on sbtest7  (cost=5.42..385.43 rows=96 width=125)
	  Recheck Cond: ((k >= 632938) AND (k <= 633038))
	  ->  Bitmap Index Scan on k_7  (cost=0.00..5.39 rows=96 width=0)
	        Index Cond: ((k >= 632938) AND (k <= 633038))

table 8 : explain SELECT k, c FROM sbtest8 WHERE k BETWEEN 632938 AND 633038
	Bitmap Heap Scan on sbtest8  (cost=5.55..436.62 rows=109 width=125)
	  Recheck Cond: ((k >= 632938) AND (k <= 633038))
	  ->  Bitmap Index Scan on k_8  (cost=0.00..5.52 rows=109 width=0)
	        Index Cond: ((k >= 632938) AND (k <= 633038))

explain: for range-notcovered :: explain SELECT k, c FROM sbtest%d WHERE k BETWEEN 632938 AND 633038
for range-notcovered
table 1 : explain SELECT k, c FROM sbtest1 WHERE k BETWEEN 5573521 AND 5573621
	Bitmap Heap Scan on sbtest1  (cost=5.53..428.75 rows=107 width=125)
	  Recheck Cond: ((k >= 5573521) AND (k <= 5573621))
	  ->  Bitmap Index Scan on k_1  (cost=0.00..5.50 rows=107 width=0)
	        Index Cond: ((k >= 5573521) AND (k <= 5573621))

table 2 : explain SELECT k, c FROM sbtest2 WHERE k BETWEEN 5573521 AND 5573621
	Bitmap Heap Scan on sbtest2  (cost=5.54..432.69 rows=108 width=125)
	  Recheck Cond: ((k >= 5573521) AND (k <= 5573621))
	  ->  Bitmap Index Scan on k_2  (cost=0.00..5.51 rows=108 width=0)
	        Index Cond: ((k >= 5573521) AND (k <= 5573621))

table 3 : explain SELECT k, c FROM sbtest3 WHERE k BETWEEN 5573521 AND 5573621
	Bitmap Heap Scan on sbtest3  (cost=5.50..416.94 rows=104 width=125)
	  Recheck Cond: ((k >= 5573521) AND (k <= 5573621))
	  ->  Bitmap Index Scan on k_3  (cost=0.00..5.47 rows=104 width=0)
	        Index Cond: ((k >= 5573521) AND (k <= 5573621))

table 4 : explain SELECT k, c FROM sbtest4 WHERE k BETWEEN 5573521 AND 5573621
	Bitmap Heap Scan on sbtest4  (cost=5.45..397.25 rows=99 width=125)
	  Recheck Cond: ((k >= 5573521) AND (k <= 5573621))
	  ->  Bitmap Index Scan on k_4  (cost=0.00..5.42 rows=99 width=0)
	        Index Cond: ((k >= 5573521) AND (k <= 5573621))

table 5 : explain SELECT k, c FROM sbtest5 WHERE k BETWEEN 5573521 AND 5573621
	Bitmap Heap Scan on sbtest5  (cost=5.47..405.13 rows=101 width=125)
	  Recheck Cond: ((k >= 5573521) AND (k <= 5573621))
	  ->  Bitmap Index Scan on k_5  (cost=0.00..5.44 rows=101 width=0)
	        Index Cond: ((k >= 5573521) AND (k <= 5573621))

table 6 : explain SELECT k, c FROM sbtest6 WHERE k BETWEEN 5573521 AND 5573621
	Bitmap Heap Scan on sbtest6  (cost=5.41..381.49 rows=95 width=125)
	  Recheck Cond: ((k >= 5573521) AND (k <= 5573621))
	  ->  Bitmap Index Scan on k_6  (cost=0.00..5.38 rows=95 width=0)
	        Index Cond: ((k >= 5573521) AND (k <= 5573621))

table 7 : explain SELECT k, c FROM sbtest7 WHERE k BETWEEN 5573521 AND 5573621
	Bitmap Heap Scan on sbtest7  (cost=5.44..393.31 rows=98 width=125)
	  Recheck Cond: ((k >= 5573521) AND (k <= 5573621))
	  ->  Bitmap Index Scan on k_7  (cost=0.00..5.42 rows=98 width=0)
	        Index Cond: ((k >= 5573521) AND (k <= 5573621))

table 8 : explain SELECT k, c FROM sbtest8 WHERE k BETWEEN 5573521 AND 5573621
	Bitmap Heap Scan on sbtest8  (cost=5.48..409.07 rows=102 width=125)
	  Recheck Cond: ((k >= 5573521) AND (k <= 5573621))
	  ->  Bitmap Index Scan on k_8  (cost=0.00..5.45 rows=102 width=0)
	        Index Cond: ((k >= 5573521) AND (k <= 5573621))

explain: for range-notcovered :: explain SELECT k, c FROM sbtest%d WHERE k BETWEEN 5573521 AND 5573621
for range-notcovered
table 1 : explain SELECT k, c FROM sbtest1 WHERE k BETWEEN 968313 AND 968413
	Bitmap Heap Scan on sbtest1  (cost=5.48..409.07 rows=102 width=125)
	  Recheck Cond: ((k >= 968313) AND (k <= 968413))
	  ->  Bitmap Index Scan on k_1  (cost=0.00..5.45 rows=102 width=0)
	        Index Cond: ((k >= 968313) AND (k <= 968413))

table 2 : explain SELECT k, c FROM sbtest2 WHERE k BETWEEN 968313 AND 968413
	Bitmap Heap Scan on sbtest2  (cost=5.50..416.94 rows=104 width=125)
	  Recheck Cond: ((k >= 968313) AND (k <= 968413))
	  ->  Bitmap Index Scan on k_2  (cost=0.00..5.47 rows=104 width=0)
	        Index Cond: ((k >= 968313) AND (k <= 968413))

table 3 : explain SELECT k, c FROM sbtest3 WHERE k BETWEEN 968313 AND 968413
	Bitmap Heap Scan on sbtest3  (cost=5.50..416.94 rows=104 width=125)
	  Recheck Cond: ((k >= 968313) AND (k <= 968413))
	  ->  Bitmap Index Scan on k_3  (cost=0.00..5.47 rows=104 width=0)
	        Index Cond: ((k >= 968313) AND (k <= 968413))

table 4 : explain SELECT k, c FROM sbtest4 WHERE k BETWEEN 968313 AND 968413
	Bitmap Heap Scan on sbtest4  (cost=5.58..448.42 rows=112 width=125)
	  Recheck Cond: ((k >= 968313) AND (k <= 968413))
	  ->  Bitmap Index Scan on k_4  (cost=0.00..5.55 rows=112 width=0)
	        Index Cond: ((k >= 968313) AND (k <= 968413))

table 5 : explain SELECT k, c FROM sbtest5 WHERE k BETWEEN 968313 AND 968413
	Bitmap Heap Scan on sbtest5  (cost=5.39..373.61 rows=93 width=125)
	  Recheck Cond: ((k >= 968313) AND (k <= 968413))
	  ->  Bitmap Index Scan on k_5  (cost=0.00..5.36 rows=93 width=0)
	        Index Cond: ((k >= 968313) AND (k <= 968413))

table 6 : explain SELECT k, c FROM sbtest6 WHERE k BETWEEN 968313 AND 968413
	Bitmap Heap Scan on sbtest6  (cost=5.49..413.00 rows=103 width=125)
	  Recheck Cond: ((k >= 968313) AND (k <= 968413))
	  ->  Bitmap Index Scan on k_6  (cost=0.00..5.46 rows=103 width=0)
	        Index Cond: ((k >= 968313) AND (k <= 968413))

table 7 : explain SELECT k, c FROM sbtest7 WHERE k BETWEEN 968313 AND 968413
	Bitmap Heap Scan on sbtest7  (cost=5.50..416.94 rows=104 width=125)
	  Recheck Cond: ((k >= 968313) AND (k <= 968413))
	  ->  Bitmap Index Scan on k_7  (cost=0.00..5.47 rows=104 width=0)
	        Index Cond: ((k >= 968313) AND (k <= 968413))

table 8 : explain SELECT k, c FROM sbtest8 WHERE k BETWEEN 968313 AND 968413
	Bitmap Heap Scan on sbtest8  (cost=5.48..409.07 rows=102 width=125)
	  Recheck Cond: ((k >= 968313) AND (k <= 968413))
	  ->  Bitmap Index Scan on k_8  (cost=0.00..5.45 rows=102 width=0)
	        Index Cond: ((k >= 968313) AND (k <= 968413))

for range-notcovered
table 1 : explain SELECT k, c FROM sbtest1 WHERE k BETWEEN 7263604 AND 7263704
	Bitmap Heap Scan on sbtest1  (cost=5.54..432.69 rows=108 width=125)
	  Recheck Cond: ((k >= 7263604) AND (k <= 7263704))
	  ->  Bitmap Index Scan on k_1  (cost=0.00..5.51 rows=108 width=0)
	        Index Cond: ((k >= 7263604) AND (k <= 7263704))

table 2 : explain SELECT k, c FROM sbtest2 WHERE k BETWEEN 7263604 AND 7263704
	Bitmap Heap Scan on sbtest2  (cost=5.50..416.94 rows=104 width=125)
	  Recheck Cond: ((k >= 7263604) AND (k <= 7263704))
	  ->  Bitmap Index Scan on k_2  (cost=0.00..5.47 rows=104 width=0)
	        Index Cond: ((k >= 7263604) AND (k <= 7263704))

table 3 : explain SELECT k, c FROM sbtest3 WHERE k BETWEEN 7263604 AND 7263704
	Bitmap Heap Scan on sbtest3  (cost=5.47..405.13 rows=101 width=125)
	  Recheck Cond: ((k >= 7263604) AND (k <= 7263704))
	  ->  Bitmap Index Scan on k_3  (cost=0.00..5.44 rows=101 width=0)
	        Index Cond: ((k >= 7263604) AND (k <= 7263704))

table 4 : explain SELECT k, c FROM sbtest4 WHERE k BETWEEN 7263604 AND 7263704
	Bitmap Heap Scan on sbtest4  (cost=5.44..393.31 rows=98 width=125)
	  Recheck Cond: ((k >= 7263604) AND (k <= 7263704))
	  ->  Bitmap Index Scan on k_4  (cost=0.00..5.42 rows=98 width=0)
	        Index Cond: ((k >= 7263604) AND (k <= 7263704))

table 5 : explain SELECT k, c FROM sbtest5 WHERE k BETWEEN 7263604 AND 7263704
	Bitmap Heap Scan on sbtest5  (cost=5.49..413.00 rows=103 width=125)
	  Recheck Cond: ((k >= 7263604) AND (k <= 7263704))
	  ->  Bitmap Index Scan on k_5  (cost=0.00..5.46 rows=103 width=0)
	        Index Cond: ((k >= 7263604) AND (k <= 7263704))

table 6 : explain SELECT k, c FROM sbtest6 WHERE k BETWEEN 7263604 AND 7263704
	Bitmap Heap Scan on sbtest6  (cost=5.48..409.07 rows=102 width=125)
	  Recheck Cond: ((k >= 7263604) AND (k <= 7263704))
	  ->  Bitmap Index Scan on k_6  (cost=0.00..5.45 rows=102 width=0)
	        Index Cond: ((k >= 7263604) AND (k <= 7263704))

table 7 : explain SELECT k, c FROM sbtest7 WHERE k BETWEEN 7263604 AND 7263704
	Bitmap Heap Scan on sbtest7  (cost=5.47..405.13 rows=101 width=125)
	  Recheck Cond: ((k >= 7263604) AND (k <= 7263704))
	  ->  Bitmap Index Scan on k_7  (cost=0.00..5.44 rows=101 width=0)
	        Index Cond: ((k >= 7263604) AND (k <= 7263704))

table 8 : explain SELECT k, c FROM sbtest8 WHERE k BETWEEN 7263604 AND 7263704
	Bitmap Heap Scan on sbtest8  (cost=5.55..436.62 rows=109 width=125)
	  Recheck Cond: ((k >= 7263604) AND (k <= 7263704))
	  ->  Bitmap Index Scan on k_8  (cost=0.00..5.52 rows=109 width=0)
	        Index Cond: ((k >= 7263604) AND (k <= 7263704))

explain: for range-notcovered :: explain SELECT k, c FROM sbtest%d WHERE k BETWEEN 7263604 AND 7263704
for range-notcovered
table 1 : explain SELECT k, c FROM sbtest1 WHERE k BETWEEN 5514895 AND 5514995
	Bitmap Heap Scan on sbtest1  (cost=5.37..365.72 rows=91 width=125)
	  Recheck Cond: ((k >= 5514895) AND (k <= 5514995))
	  ->  Bitmap Index Scan on k_1  (cost=0.00..5.34 rows=91 width=0)
	        Index Cond: ((k >= 5514895) AND (k <= 5514995))

table 2 : explain SELECT k, c FROM sbtest2 WHERE k BETWEEN 5514895 AND 5514995
	Bitmap Heap Scan on sbtest2  (cost=5.46..401.19 rows=100 width=125)
	  Recheck Cond: ((k >= 5514895) AND (k <= 5514995))
	  ->  Bitmap Index Scan on k_2  (cost=0.00..5.43 rows=100 width=0)
	        Index Cond: ((k >= 5514895) AND (k <= 5514995))

table 3 : explain SELECT k, c FROM sbtest3 WHERE k BETWEEN 5514895 AND 5514995
	Bitmap Heap Scan on sbtest3  (cost=5.52..424.81 rows=106 width=125)
	  Recheck Cond: ((k >= 5514895) AND (k <= 5514995))
	  ->  Bitmap Index Scan on k_3  (cost=0.00..5.50 rows=106 width=0)
	        Index Cond: ((k >= 5514895) AND (k <= 5514995))

table 4 : explain SELECT k, c FROM sbtest4 WHERE k BETWEEN 5514895 AND 5514995
	Bitmap Heap Scan on sbtest4  (cost=5.45..397.25 rows=99 width=125)
	  Recheck Cond: ((k >= 5514895) AND (k <= 5514995))
	  ->  Bitmap Index Scan on k_4  (cost=0.00..5.42 rows=99 width=0)
	        Index Cond: ((k >= 5514895) AND (k <= 5514995))

table 5 : explain SELECT k, c FROM sbtest5 WHERE k BETWEEN 5514895 AND 5514995
	Bitmap Heap Scan on sbtest5  (cost=5.47..405.13 rows=101 width=125)
	  Recheck Cond: ((k >= 5514895) AND (k <= 5514995))
	  ->  Bitmap Index Scan on k_5  (cost=0.00..5.44 rows=101 width=0)
	        Index Cond: ((k >= 5514895) AND (k <= 5514995))

table 6 : explain SELECT k, c FROM sbtest6 WHERE k BETWEEN 5514895 AND 5514995
	Bitmap Heap Scan on sbtest6  (cost=5.41..381.49 rows=95 width=125)
	  Recheck Cond: ((k >= 5514895) AND (k <= 5514995))
	  ->  Bitmap Index Scan on k_6  (cost=0.00..5.38 rows=95 width=0)
	        Index Cond: ((k >= 5514895) AND (k <= 5514995))

table 7 : explain SELECT k, c FROM sbtest7 WHERE k BETWEEN 5514895 AND 5514995
	Bitmap Heap Scan on sbtest7  (cost=5.49..413.00 rows=103 width=125)
	  Recheck Cond: ((k >= 5514895) AND (k <= 5514995))
	  ->  Bitmap Index Scan on k_7  (cost=0.00..5.46 rows=103 width=0)
	        Index Cond: ((k >= 5514895) AND (k <= 5514995))

table 8 : explain SELECT k, c FROM sbtest8 WHERE k BETWEEN 5514895 AND 5514995
	Bitmap Heap Scan on sbtest8  (cost=5.48..409.07 rows=102 width=125)
	  Recheck Cond: ((k >= 5514895) AND (k <= 5514995))
	  ->  Bitmap Index Scan on k_8  (cost=0.00..5.45 rows=102 width=0)
	        Index Cond: ((k >= 5514895) AND (k <= 5514995))

for range-notcovered
table 1 : explain SELECT k, c FROM sbtest1 WHERE k BETWEEN 3981418 AND 3981518
	Bitmap Heap Scan on sbtest1  (cost=5.47..405.13 rows=101 width=125)
	  Recheck Cond: ((k >= 3981418) AND (k <= 3981518))
	  ->  Bitmap Index Scan on k_1  (cost=0.00..5.44 rows=101 width=0)
	        Index Cond: ((k >= 3981418) AND (k <= 3981518))

table 2 : explain SELECT k, c FROM sbtest2 WHERE k BETWEEN 3981418 AND 3981518
	Bitmap Heap Scan on sbtest2  (cost=5.35..357.84 rows=89 width=125)
	  Recheck Cond: ((k >= 3981418) AND (k <= 3981518))
	  ->  Bitmap Index Scan on k_2  (cost=0.00..5.32 rows=89 width=0)
	        Index Cond: ((k >= 3981418) AND (k <= 3981518))

table 3 : explain SELECT k, c FROM sbtest3 WHERE k BETWEEN 3981418 AND 3981518
	Bitmap Heap Scan on sbtest3  (cost=5.53..428.75 rows=107 width=125)
	  Recheck Cond: ((k >= 3981418) AND (k <= 3981518))
	  ->  Bitmap Index Scan on k_3  (cost=0.00..5.50 rows=107 width=0)
	        Index Cond: ((k >= 3981418) AND (k <= 3981518))

table 4 : explain SELECT k, c FROM sbtest4 WHERE k BETWEEN 3981418 AND 3981518
	Bitmap Heap Scan on sbtest4  (cost=5.35..357.84 rows=89 width=125)
	  Recheck Cond: ((k >= 3981418) AND (k <= 3981518))
	  ->  Bitmap Index Scan on k_4  (cost=0.00..5.32 rows=89 width=0)
	        Index Cond: ((k >= 3981418) AND (k <= 3981518))

table 5 : explain SELECT k, c FROM sbtest5 WHERE k BETWEEN 3981418 AND 3981518
	Bitmap Heap Scan on sbtest5  (cost=5.47..405.13 rows=101 width=125)
	  Recheck Cond: ((k >= 3981418) AND (k <= 3981518))
	  ->  Bitmap Index Scan on k_5  (cost=0.00..5.44 rows=101 width=0)
	        Index Cond: ((k >= 3981418) AND (k <= 3981518))

table 6 : explain SELECT k, c FROM sbtest6 WHERE k BETWEEN 3981418 AND 3981518
	Bitmap Heap Scan on sbtest6  (cost=5.41..381.49 rows=95 width=125)
	  Recheck Cond: ((k >= 3981418) AND (k <= 3981518))
	  ->  Bitmap Index Scan on k_6  (cost=0.00..5.38 rows=95 width=0)
	        Index Cond: ((k >= 3981418) AND (k <= 3981518))

table 7 : explain SELECT k, c FROM sbtest7 WHERE k BETWEEN 3981418 AND 3981518
	Bitmap Heap Scan on sbtest7  (cost=5.47..405.13 rows=101 width=125)
	  Recheck Cond: ((k >= 3981418) AND (k <= 3981518))
	  ->  Bitmap Index Scan on k_7  (cost=0.00..5.44 rows=101 width=0)
	        Index Cond: ((k >= 3981418) AND (k <= 3981518))

table 8 : explain SELECT k, c FROM sbtest8 WHERE k BETWEEN 3981418 AND 3981518
	Bitmap Heap Scan on sbtest8  (cost=5.53..428.75 rows=107 width=125)
	  Recheck Cond: ((k >= 3981418) AND (k <= 3981518))
	  ->  Bitmap Index Scan on k_8  (cost=0.00..5.50 rows=107 width=0)
	        Index Cond: ((k >= 3981418) AND (k <= 3981518))

explain: for range-notcovered :: explain SELECT k, c FROM sbtest%d WHERE k BETWEEN 5514895 AND 5514995
for range-notcovered
table 1 : explain SELECT k, c FROM sbtest1 WHERE k BETWEEN 659562 AND 659662
	Bitmap Heap Scan on sbtest1  (cost=5.50..416.94 rows=104 width=125)
	  Recheck Cond: ((k >= 659562) AND (k <= 659662))
	  ->  Bitmap Index Scan on k_1  (cost=0.00..5.47 rows=104 width=0)
	        Index Cond: ((k >= 659562) AND (k <= 659662))

table 2 : explain SELECT k, c FROM sbtest2 WHERE k BETWEEN 659562 AND 659662
	Bitmap Heap Scan on sbtest2  (cost=5.55..436.62 rows=109 width=125)
	  Recheck Cond: ((k >= 659562) AND (k <= 659662))
	  ->  Bitmap Index Scan on k_2  (cost=0.00..5.52 rows=109 width=0)
	        Index Cond: ((k >= 659562) AND (k <= 659662))

table 3 : explain SELECT k, c FROM sbtest3 WHERE k BETWEEN 659562 AND 659662
	Bitmap Heap Scan on sbtest3  (cost=5.38..369.67 rows=92 width=125)
	  Recheck Cond: ((k >= 659562) AND (k <= 659662))
	  ->  Bitmap Index Scan on k_3  (cost=0.00..5.35 rows=92 width=0)
	        Index Cond: ((k >= 659562) AND (k <= 659662))

table 4 : explain SELECT k, c FROM sbtest4 WHERE k BETWEEN 659562 AND 659662
	Bitmap Heap Scan on sbtest4  (cost=5.55..436.62 rows=109 width=125)
	  Recheck Cond: ((k >= 659562) AND (k <= 659662))
	  ->  Bitmap Index Scan on k_4  (cost=0.00..5.52 rows=109 width=0)
	        Index Cond: ((k >= 659562) AND (k <= 659662))

table 5 : explain SELECT k, c FROM sbtest5 WHERE k BETWEEN 659562 AND 659662
	Bitmap Heap Scan on sbtest5  (cost=5.58..448.42 rows=112 width=125)
	  Recheck Cond: ((k >= 659562) AND (k <= 659662))
	  ->  Bitmap Index Scan on k_5  (cost=0.00..5.55 rows=112 width=0)
	        Index Cond: ((k >= 659562) AND (k <= 659662))

table 6 : explain SELECT k, c FROM sbtest6 WHERE k BETWEEN 659562 AND 659662
	Bitmap Heap Scan on sbtest6  (cost=5.47..405.13 rows=101 width=125)
	  Recheck Cond: ((k >= 659562) AND (k <= 659662))
	  ->  Bitmap Index Scan on k_6  (cost=0.00..5.44 rows=101 width=0)
	        Index Cond: ((k >= 659562) AND (k <= 659662))

table 7 : explain SELECT k, c FROM sbtest7 WHERE k BETWEEN 659562 AND 659662
	Bitmap Heap Scan on sbtest7  (cost=5.42..385.43 rows=96 width=125)
	  Recheck Cond: ((k >= 659562) AND (k <= 659662))
	  ->  Bitmap Index Scan on k_7  (cost=0.00..5.39 rows=96 width=0)
	        Index Cond: ((k >= 659562) AND (k <= 659662))

table 8 : explain SELECT k, c FROM sbtest8 WHERE k BETWEEN 659562 AND 659662
	Bitmap Heap Scan on sbtest8  (cost=5.55..436.62 rows=109 width=125)
	  Recheck Cond: ((k >= 659562) AND (k <= 659662))
	  ->  Bitmap Index Scan on k_8  (cost=0.00..5.52 rows=109 width=0)
	        Index Cond: ((k >= 659562) AND (k <= 659662))

for range-notcovered
table 1 : explain SELECT k, c FROM sbtest1 WHERE k BETWEEN 7263604 AND 7263704
	Bitmap Heap Scan on sbtest1  (cost=5.54..432.69 rows=108 width=125)
	  Recheck Cond: ((k >= 7263604) AND (k <= 7263704))
	  ->  Bitmap Index Scan on k_1  (cost=0.00..5.51 rows=108 width=0)
	        Index Cond: ((k >= 7263604) AND (k <= 7263704))

table 2 : explain SELECT k, c FROM sbtest2 WHERE k BETWEEN 7263604 AND 7263704
	Bitmap Heap Scan on sbtest2  (cost=5.50..416.94 rows=104 width=125)
	  Recheck Cond: ((k >= 7263604) AND (k <= 7263704))
	  ->  Bitmap Index Scan on k_2  (cost=0.00..5.47 rows=104 width=0)
	        Index Cond: ((k >= 7263604) AND (k <= 7263704))

table 3 : explain SELECT k, c FROM sbtest3 WHERE k BETWEEN 7263604 AND 7263704
	Bitmap Heap Scan on sbtest3  (cost=5.47..405.13 rows=101 width=125)
	  Recheck Cond: ((k >= 7263604) AND (k <= 7263704))
	  ->  Bitmap Index Scan on k_3  (cost=0.00..5.44 rows=101 width=0)
	        Index Cond: ((k >= 7263604) AND (k <= 7263704))

table 4 : explain SELECT k, c FROM sbtest4 WHERE k BETWEEN 7263604 AND 7263704
	Bitmap Heap Scan on sbtest4  (cost=5.44..393.31 rows=98 width=125)
	  Recheck Cond: ((k >= 7263604) AND (k <= 7263704))
	  ->  Bitmap Index Scan on k_4  (cost=0.00..5.42 rows=98 width=0)
	        Index Cond: ((k >= 7263604) AND (k <= 7263704))

table 5 : explain SELECT k, c FROM sbtest5 WHERE k BETWEEN 7263604 AND 7263704
	Bitmap Heap Scan on sbtest5  (cost=5.49..413.00 rows=103 width=125)
	  Recheck Cond: ((k >= 7263604) AND (k <= 7263704))
	  ->  Bitmap Index Scan on k_5  (cost=0.00..5.46 rows=103 width=0)
	        Index Cond: ((k >= 7263604) AND (k <= 7263704))

table 6 : explain SELECT k, c FROM sbtest6 WHERE k BETWEEN 7263604 AND 7263704
	Bitmap Heap Scan on sbtest6  (cost=5.48..409.07 rows=102 width=125)
	  Recheck Cond: ((k >= 7263604) AND (k <= 7263704))
	  ->  Bitmap Index Scan on k_6  (cost=0.00..5.45 rows=102 width=0)
	        Index Cond: ((k >= 7263604) AND (k <= 7263704))

table 7 : explain SELECT k, c FROM sbtest7 WHERE k BETWEEN 7263604 AND 7263704
	Bitmap Heap Scan on sbtest7  (cost=5.47..405.13 rows=101 width=125)
	  Recheck Cond: ((k >= 7263604) AND (k <= 7263704))
	  ->  Bitmap Index Scan on k_7  (cost=0.00..5.44 rows=101 width=0)
	        Index Cond: ((k >= 7263604) AND (k <= 7263704))

table 8 : explain SELECT k, c FROM sbtest8 WHERE k BETWEEN 7263604 AND 7263704
	Bitmap Heap Scan on sbtest8  (cost=5.55..436.62 rows=109 width=125)
	  Recheck Cond: ((k >= 7263604) AND (k <= 7263704))
	  ->  Bitmap Index Scan on k_8  (cost=0.00..5.52 rows=109 width=0)
	        Index Cond: ((k >= 7263604) AND (k <= 7263704))

for range-notcovered
table 1 : explain SELECT k, c FROM sbtest1 WHERE k BETWEEN 5449756 AND 5449856
	Bitmap Heap Scan on sbtest1  (cost=5.37..365.72 rows=91 width=125)
	  Recheck Cond: ((k >= 5449756) AND (k <= 5449856))
	  ->  Bitmap Index Scan on k_1  (cost=0.00..5.34 rows=91 width=0)
	        Index Cond: ((k >= 5449756) AND (k <= 5449856))

table 2 : explain SELECT k, c FROM sbtest2 WHERE k BETWEEN 5449756 AND 5449856
	Bitmap Heap Scan on sbtest2  (cost=5.46..401.19 rows=100 width=125)
	  Recheck Cond: ((k >= 5449756) AND (k <= 5449856))
	  ->  Bitmap Index Scan on k_2  (cost=0.00..5.43 rows=100 width=0)
	        Index Cond: ((k >= 5449756) AND (k <= 5449856))

table 3 : explain SELECT k, c FROM sbtest3 WHERE k BETWEEN 5449756 AND 5449856
	Bitmap Heap Scan on sbtest3  (cost=5.52..424.81 rows=106 width=125)
	  Recheck Cond: ((k >= 5449756) AND (k <= 5449856))
	  ->  Bitmap Index Scan on k_3  (cost=0.00..5.50 rows=106 width=0)
	        Index Cond: ((k >= 5449756) AND (k <= 5449856))

table 4 : explain SELECT k, c FROM sbtest4 WHERE k BETWEEN 5449756 AND 5449856
	Bitmap Heap Scan on sbtest4  (cost=5.55..436.62 rows=109 width=125)
	  Recheck Cond: ((k >= 5449756) AND (k <= 5449856))
	  ->  Bitmap Index Scan on k_4  (cost=0.00..5.52 rows=109 width=0)
	        Index Cond: ((k >= 5449756) AND (k <= 5449856))

table 5 : explain SELECT k, c FROM sbtest5 WHERE k BETWEEN 5449756 AND 5449856
	Bitmap Heap Scan on sbtest5  (cost=5.40..377.55 rows=94 width=125)
	  Recheck Cond: ((k >= 5449756) AND (k <= 5449856))
	  ->  Bitmap Index Scan on k_5  (cost=0.00..5.38 rows=94 width=0)
	        Index Cond: ((k >= 5449756) AND (k <= 5449856))

table 6 : explain SELECT k, c FROM sbtest6 WHERE k BETWEEN 5449756 AND 5449856
	Bitmap Heap Scan on sbtest6  (cost=5.57..444.49 rows=111 width=125)
	  Recheck Cond: ((k >= 5449756) AND (k <= 5449856))
	  ->  Bitmap Index Scan on k_6  (cost=0.00..5.54 rows=111 width=0)
	        Index Cond: ((k >= 5449756) AND (k <= 5449856))

table 7 : explain SELECT k, c FROM sbtest7 WHERE k BETWEEN 5449756 AND 5449856
	Bitmap Heap Scan on sbtest7  (cost=5.50..416.94 rows=104 width=125)
	  Recheck Cond: ((k >= 5449756) AND (k <= 5449856))
	  ->  Bitmap Index Scan on k_7  (cost=0.00..5.47 rows=104 width=0)
	        Index Cond: ((k >= 5449756) AND (k <= 5449856))

table 8 : explain SELECT k, c FROM sbtest8 WHERE k BETWEEN 5449756 AND 5449856
	Bitmap Heap Scan on sbtest8  (cost=5.53..428.75 rows=107 width=125)
	  Recheck Cond: ((k >= 5449756) AND (k <= 5449856))
	  ->  Bitmap Index Scan on k_8  (cost=0.00..5.50 rows=107 width=0)
	        Index Cond: ((k >= 5449756) AND (k <= 5449856))

explain: for range-notcovered :: explain SELECT k, c FROM sbtest%d WHERE k BETWEEN 7263604 AND 7263704
explain: for range-notcovered :: explain SELECT k, c FROM sbtest%d WHERE k BETWEEN 5449756 AND 5449856
for range-notcovered
table 1 : explain SELECT k, c FROM sbtest1 WHERE k BETWEEN 632938 AND 633038
	Bitmap Heap Scan on sbtest1  (cost=5.50..416.94 rows=104 width=125)
	  Recheck Cond: ((k >= 632938) AND (k <= 633038))
	  ->  Bitmap Index Scan on k_1  (cost=0.00..5.47 rows=104 width=0)
	        Index Cond: ((k >= 632938) AND (k <= 633038))

table 2 : explain SELECT k, c FROM sbtest2 WHERE k BETWEEN 632938 AND 633038
	Bitmap Heap Scan on sbtest2  (cost=5.55..436.62 rows=109 width=125)
	  Recheck Cond: ((k >= 632938) AND (k <= 633038))
	  ->  Bitmap Index Scan on k_2  (cost=0.00..5.52 rows=109 width=0)
	        Index Cond: ((k >= 632938) AND (k <= 633038))

table 3 : explain SELECT k, c FROM sbtest3 WHERE k BETWEEN 632938 AND 633038
	Bitmap Heap Scan on sbtest3  (cost=5.38..369.67 rows=92 width=125)
	  Recheck Cond: ((k >= 632938) AND (k <= 633038))
	  ->  Bitmap Index Scan on k_3  (cost=0.00..5.35 rows=92 width=0)
	        Index Cond: ((k >= 632938) AND (k <= 633038))

table 4 : explain SELECT k, c FROM sbtest4 WHERE k BETWEEN 632938 AND 633038
	Bitmap Heap Scan on sbtest4  (cost=5.55..436.62 rows=109 width=125)
	  Recheck Cond: ((k >= 632938) AND (k <= 633038))
	  ->  Bitmap Index Scan on k_4  (cost=0.00..5.52 rows=109 width=0)
	        Index Cond: ((k >= 632938) AND (k <= 633038))

table 5 : explain SELECT k, c FROM sbtest5 WHERE k BETWEEN 632938 AND 633038
	Bitmap Heap Scan on sbtest5  (cost=5.58..448.42 rows=112 width=125)
	  Recheck Cond: ((k >= 632938) AND (k <= 633038))
	  ->  Bitmap Index Scan on k_5  (cost=0.00..5.55 rows=112 width=0)
	        Index Cond: ((k >= 632938) AND (k <= 633038))

table 6 : explain SELECT k, c FROM sbtest6 WHERE k BETWEEN 632938 AND 633038
	Bitmap Heap Scan on sbtest6  (cost=5.47..405.13 rows=101 width=125)
	  Recheck Cond: ((k >= 632938) AND (k <= 633038))
	  ->  Bitmap Index Scan on k_6  (cost=0.00..5.44 rows=101 width=0)
	        Index Cond: ((k >= 632938) AND (k <= 633038))

table 7 : explain SELECT k, c FROM sbtest7 WHERE k BETWEEN 632938 AND 633038
	Bitmap Heap Scan on sbtest7  (cost=5.42..385.43 rows=96 width=125)
	  Recheck Cond: ((k >= 632938) AND (k <= 633038))
	  ->  Bitmap Index Scan on k_7  (cost=0.00..5.39 rows=96 width=0)
	        Index Cond: ((k >= 632938) AND (k <= 633038))

table 8 : explain SELECT k, c FROM sbtest8 WHERE k BETWEEN 632938 AND 633038
	Bitmap Heap Scan on sbtest8  (cost=5.55..436.62 rows=109 width=125)
	  Recheck Cond: ((k >= 632938) AND (k <= 633038))
	  ->  Bitmap Index Scan on k_8  (cost=0.00..5.52 rows=109 width=0)
	        Index Cond: ((k >= 632938) AND (k <= 633038))

for range-notcovered
table 1 : explain SELECT k, c FROM sbtest1 WHERE k BETWEEN 6062903 AND 6063003
	Bitmap Heap Scan on sbtest1  (cost=5.39..373.61 rows=93 width=125)
	  Recheck Cond: ((k >= 6062903) AND (k <= 6063003))
	  ->  Bitmap Index Scan on k_1  (cost=0.00..5.36 rows=93 width=0)
	        Index Cond: ((k >= 6062903) AND (k <= 6063003))

table 2 : explain SELECT k, c FROM sbtest2 WHERE k BETWEEN 6062903 AND 6063003
	Bitmap Heap Scan on sbtest2  (cost=5.51..420.88 rows=105 width=125)
	  Recheck Cond: ((k >= 6062903) AND (k <= 6063003))
	  ->  Bitmap Index Scan on k_2  (cost=0.00..5.48 rows=105 width=0)
	        Index Cond: ((k >= 6062903) AND (k <= 6063003))

table 3 : explain SELECT k, c FROM sbtest3 WHERE k BETWEEN 6062903 AND 6063003
	Bitmap Heap Scan on sbtest3  (cost=5.51..420.88 rows=105 width=125)
	  Recheck Cond: ((k >= 6062903) AND (k <= 6063003))
	  ->  Bitmap Index Scan on k_3  (cost=0.00..5.48 rows=105 width=0)
	        Index Cond: ((k >= 6062903) AND (k <= 6063003))

table 4 : explain SELECT k, c FROM sbtest4 WHERE k BETWEEN 6062903 AND 6063003
	Bitmap Heap Scan on sbtest4  (cost=5.51..420.88 rows=105 width=125)
	  Recheck Cond: ((k >= 6062903) AND (k <= 6063003))
	  ->  Bitmap Index Scan on k_4  (cost=0.00..5.48 rows=105 width=0)
	        Index Cond: ((k >= 6062903) AND (k <= 6063003))

table 5 : explain SELECT k, c FROM sbtest5 WHERE k BETWEEN 6062903 AND 6063003
	Bitmap Heap Scan on sbtest5  (cost=5.40..377.55 rows=94 width=125)
	  Recheck Cond: ((k >= 6062903) AND (k <= 6063003))
	  ->  Bitmap Index Scan on k_5  (cost=0.00..5.38 rows=94 width=0)
	        Index Cond: ((k >= 6062903) AND (k <= 6063003))

table 6 : explain SELECT k, c FROM sbtest6 WHERE k BETWEEN 6062903 AND 6063003
	Bitmap Heap Scan on sbtest6  (cost=5.49..413.00 rows=103 width=125)
	  Recheck Cond: ((k >= 6062903) AND (k <= 6063003))
	  ->  Bitmap Index Scan on k_6  (cost=0.00..5.46 rows=103 width=0)
	        Index Cond: ((k >= 6062903) AND (k <= 6063003))

table 7 : explain SELECT k, c FROM sbtest7 WHERE k BETWEEN 6062903 AND 6063003
	Bitmap Heap Scan on sbtest7  (cost=5.52..424.81 rows=106 width=125)
	  Recheck Cond: ((k >= 6062903) AND (k <= 6063003))
	  ->  Bitmap Index Scan on k_7  (cost=0.00..5.50 rows=106 width=0)
	        Index Cond: ((k >= 6062903) AND (k <= 6063003))

table 8 : explain SELECT k, c FROM sbtest8 WHERE k BETWEEN 6062903 AND 6063003
	Bitmap Heap Scan on sbtest8  (cost=5.47..405.13 rows=101 width=125)
	  Recheck Cond: ((k >= 6062903) AND (k <= 6063003))
	  ->  Bitmap Index Scan on k_8  (cost=0.00..5.44 rows=101 width=0)
	        Index Cond: ((k >= 6062903) AND (k <= 6063003))

explain: for range-notcovered :: explain SELECT k, c FROM sbtest%d WHERE k BETWEEN 632938 AND 633038
explain: for range-notcovered :: explain SELECT k, c FROM sbtest%d WHERE k BETWEEN 6062903 AND 6063003
for range-notcovered
table 1 : explain SELECT k, c FROM sbtest1 WHERE k BETWEEN 2433003 AND 2433103
	Bitmap Heap Scan on sbtest1  (cost=5.42..385.43 rows=96 width=125)
	  Recheck Cond: ((k >= 2433003) AND (k <= 2433103))
	  ->  Bitmap Index Scan on k_1  (cost=0.00..5.39 rows=96 width=0)
	        Index Cond: ((k >= 2433003) AND (k <= 2433103))

table 2 : explain SELECT k, c FROM sbtest2 WHERE k BETWEEN 2433003 AND 2433103
	Bitmap Heap Scan on sbtest2  (cost=5.44..393.31 rows=98 width=125)
	  Recheck Cond: ((k >= 2433003) AND (k <= 2433103))
	  ->  Bitmap Index Scan on k_2  (cost=0.00..5.42 rows=98 width=0)
	        Index Cond: ((k >= 2433003) AND (k <= 2433103))

table 3 : explain SELECT k, c FROM sbtest3 WHERE k BETWEEN 2433003 AND 2433103
	Bitmap Heap Scan on sbtest3  (cost=5.45..397.25 rows=99 width=125)
	  Recheck Cond: ((k >= 2433003) AND (k <= 2433103))
	  ->  Bitmap Index Scan on k_3  (cost=0.00..5.42 rows=99 width=0)
	        Index Cond: ((k >= 2433003) AND (k <= 2433103))

table 4 : explain SELECT k, c FROM sbtest4 WHERE k BETWEEN 2433003 AND 2433103
	Bitmap Heap Scan on sbtest4  (cost=5.44..393.31 rows=98 width=125)
	  Recheck Cond: ((k >= 2433003) AND (k <= 2433103))
	  ->  Bitmap Index Scan on k_4  (cost=0.00..5.42 rows=98 width=0)
	        Index Cond: ((k >= 2433003) AND (k <= 2433103))

table 5 : explain SELECT k, c FROM sbtest5 WHERE k BETWEEN 2433003 AND 2433103
	Bitmap Heap Scan on sbtest5  (cost=5.46..401.19 rows=100 width=125)
	  Recheck Cond: ((k >= 2433003) AND (k <= 2433103))
	  ->  Bitmap Index Scan on k_5  (cost=0.00..5.43 rows=100 width=0)
	        Index Cond: ((k >= 2433003) AND (k <= 2433103))

table 6 : explain SELECT k, c FROM sbtest6 WHERE k BETWEEN 2433003 AND 2433103
	Bitmap Heap Scan on sbtest6  (cost=5.40..377.55 rows=94 width=125)
	  Recheck Cond: ((k >= 2433003) AND (k <= 2433103))
	  ->  Bitmap Index Scan on k_6  (cost=0.00..5.38 rows=94 width=0)
	        Index Cond: ((k >= 2433003) AND (k <= 2433103))

table 7 : explain SELECT k, c FROM sbtest7 WHERE k BETWEEN 2433003 AND 2433103
	Bitmap Heap Scan on sbtest7  (cost=5.43..389.37 rows=97 width=125)
	  Recheck Cond: ((k >= 2433003) AND (k <= 2433103))
	  ->  Bitmap Index Scan on k_7  (cost=0.00..5.40 rows=97 width=0)
	        Index Cond: ((k >= 2433003) AND (k <= 2433103))

table 8 : explain SELECT k, c FROM sbtest8 WHERE k BETWEEN 2433003 AND 2433103
	Bitmap Heap Scan on sbtest8  (cost=5.49..413.00 rows=103 width=125)
	  Recheck Cond: ((k >= 2433003) AND (k <= 2433103))
	  ->  Bitmap Index Scan on k_8  (cost=0.00..5.46 rows=103 width=0)
	        Index Cond: ((k >= 2433003) AND (k <= 2433103))

for range-notcovered
table 1 : explain SELECT k, c FROM sbtest1 WHERE k BETWEEN 7263604 AND 7263704
	Bitmap Heap Scan on sbtest1  (cost=5.54..432.69 rows=108 width=125)
	  Recheck Cond: ((k >= 7263604) AND (k <= 7263704))
	  ->  Bitmap Index Scan on k_1  (cost=0.00..5.51 rows=108 width=0)
	        Index Cond: ((k >= 7263604) AND (k <= 7263704))

table 2 : explain SELECT k, c FROM sbtest2 WHERE k BETWEEN 7263604 AND 7263704
	Bitmap Heap Scan on sbtest2  (cost=5.50..416.94 rows=104 width=125)
	  Recheck Cond: ((k >= 7263604) AND (k <= 7263704))
	  ->  Bitmap Index Scan on k_2  (cost=0.00..5.47 rows=104 width=0)
	        Index Cond: ((k >= 7263604) AND (k <= 7263704))

table 3 : explain SELECT k, c FROM sbtest3 WHERE k BETWEEN 7263604 AND 7263704
	Bitmap Heap Scan on sbtest3  (cost=5.47..405.13 rows=101 width=125)
	  Recheck Cond: ((k >= 7263604) AND (k <= 7263704))
	  ->  Bitmap Index Scan on k_3  (cost=0.00..5.44 rows=101 width=0)
	        Index Cond: ((k >= 7263604) AND (k <= 7263704))

table 4 : explain SELECT k, c FROM sbtest4 WHERE k BETWEEN 7263604 AND 7263704
	Bitmap Heap Scan on sbtest4  (cost=5.44..393.31 rows=98 width=125)
	  Recheck Cond: ((k >= 7263604) AND (k <= 7263704))
	  ->  Bitmap Index Scan on k_4  (cost=0.00..5.42 rows=98 width=0)
	        Index Cond: ((k >= 7263604) AND (k <= 7263704))

table 5 : explain SELECT k, c FROM sbtest5 WHERE k BETWEEN 7263604 AND 7263704
	Bitmap Heap Scan on sbtest5  (cost=5.49..413.00 rows=103 width=125)
	  Recheck Cond: ((k >= 7263604) AND (k <= 7263704))
	  ->  Bitmap Index Scan on k_5  (cost=0.00..5.46 rows=103 width=0)
	        Index Cond: ((k >= 7263604) AND (k <= 7263704))

table 6 : explain SELECT k, c FROM sbtest6 WHERE k BETWEEN 7263604 AND 7263704
	Bitmap Heap Scan on sbtest6  (cost=5.48..409.07 rows=102 width=125)
	  Recheck Cond: ((k >= 7263604) AND (k <= 7263704))
	  ->  Bitmap Index Scan on k_6  (cost=0.00..5.45 rows=102 width=0)
	        Index Cond: ((k >= 7263604) AND (k <= 7263704))

table 7 : explain SELECT k, c FROM sbtest7 WHERE k BETWEEN 7263604 AND 7263704
	Bitmap Heap Scan on sbtest7  (cost=5.47..405.13 rows=101 width=125)
	  Recheck Cond: ((k >= 7263604) AND (k <= 7263704))
	  ->  Bitmap Index Scan on k_7  (cost=0.00..5.44 rows=101 width=0)
	        Index Cond: ((k >= 7263604) AND (k <= 7263704))

table 8 : explain SELECT k, c FROM sbtest8 WHERE k BETWEEN 7263604 AND 7263704
	Bitmap Heap Scan on sbtest8  (cost=5.55..436.62 rows=109 width=125)
	  Recheck Cond: ((k >= 7263604) AND (k <= 7263704))
	  ->  Bitmap Index Scan on k_8  (cost=0.00..5.52 rows=109 width=0)
	        Index Cond: ((k >= 7263604) AND (k <= 7263704))

explain: for range-notcovered :: explain SELECT k, c FROM sbtest%d WHERE k BETWEEN 659562 AND 659662
for range-notcovered
table 1 : explain SELECT k, c FROM sbtest1 WHERE k BETWEEN 5449756 AND 5449856
	Bitmap Heap Scan on sbtest1  (cost=5.37..365.72 rows=91 width=125)
	  Recheck Cond: ((k >= 5449756) AND (k <= 5449856))
	  ->  Bitmap Index Scan on k_1  (cost=0.00..5.34 rows=91 width=0)
	        Index Cond: ((k >= 5449756) AND (k <= 5449856))

table 2 : explain SELECT k, c FROM sbtest2 WHERE k BETWEEN 5449756 AND 5449856
	Bitmap Heap Scan on sbtest2  (cost=5.46..401.19 rows=100 width=125)
	  Recheck Cond: ((k >= 5449756) AND (k <= 5449856))
	  ->  Bitmap Index Scan on k_2  (cost=0.00..5.43 rows=100 width=0)
	        Index Cond: ((k >= 5449756) AND (k <= 5449856))

table 3 : explain SELECT k, c FROM sbtest3 WHERE k BETWEEN 5449756 AND 5449856
	Bitmap Heap Scan on sbtest3  (cost=5.52..424.81 rows=106 width=125)
	  Recheck Cond: ((k >= 5449756) AND (k <= 5449856))
	  ->  Bitmap Index Scan on k_3  (cost=0.00..5.50 rows=106 width=0)
	        Index Cond: ((k >= 5449756) AND (k <= 5449856))

table 4 : explain SELECT k, c FROM sbtest4 WHERE k BETWEEN 5449756 AND 5449856
	Bitmap Heap Scan on sbtest4  (cost=5.55..436.62 rows=109 width=125)
	  Recheck Cond: ((k >= 5449756) AND (k <= 5449856))
	  ->  Bitmap Index Scan on k_4  (cost=0.00..5.52 rows=109 width=0)
	        Index Cond: ((k >= 5449756) AND (k <= 5449856))

table 5 : explain SELECT k, c FROM sbtest5 WHERE k BETWEEN 5449756 AND 5449856
	Bitmap Heap Scan on sbtest5  (cost=5.40..377.55 rows=94 width=125)
	  Recheck Cond: ((k >= 5449756) AND (k <= 5449856))
	  ->  Bitmap Index Scan on k_5  (cost=0.00..5.38 rows=94 width=0)
	        Index Cond: ((k >= 5449756) AND (k <= 5449856))

table 6 : explain SELECT k, c FROM sbtest6 WHERE k BETWEEN 5449756 AND 5449856
	Bitmap Heap Scan on sbtest6  (cost=5.57..444.49 rows=111 width=125)
	  Recheck Cond: ((k >= 5449756) AND (k <= 5449856))
	  ->  Bitmap Index Scan on k_6  (cost=0.00..5.54 rows=111 width=0)
	        Index Cond: ((k >= 5449756) AND (k <= 5449856))

table 7 : explain SELECT k, c FROM sbtest7 WHERE k BETWEEN 5449756 AND 5449856
	Bitmap Heap Scan on sbtest7  (cost=5.50..416.94 rows=104 width=125)
	  Recheck Cond: ((k >= 5449756) AND (k <= 5449856))
	  ->  Bitmap Index Scan on k_7  (cost=0.00..5.47 rows=104 width=0)
	        Index Cond: ((k >= 5449756) AND (k <= 5449856))

table 8 : explain SELECT k, c FROM sbtest8 WHERE k BETWEEN 5449756 AND 5449856
	Bitmap Heap Scan on sbtest8  (cost=5.53..428.75 rows=107 width=125)
	  Recheck Cond: ((k >= 5449756) AND (k <= 5449856))
	  ->  Bitmap Index Scan on k_8  (cost=0.00..5.50 rows=107 width=0)
	        Index Cond: ((k >= 5449756) AND (k <= 5449856))

explain: for range-notcovered :: explain SELECT k, c FROM sbtest%d WHERE k BETWEEN 5449756 AND 5449856
for range-notcovered
table 1 : explain SELECT k, c FROM sbtest1 WHERE k BETWEEN 5573521 AND 5573621
	Bitmap Heap Scan on sbtest1  (cost=5.53..428.75 rows=107 width=125)
	  Recheck Cond: ((k >= 5573521) AND (k <= 5573621))
	  ->  Bitmap Index Scan on k_1  (cost=0.00..5.50 rows=107 width=0)
	        Index Cond: ((k >= 5573521) AND (k <= 5573621))

table 2 : explain SELECT k, c FROM sbtest2 WHERE k BETWEEN 5573521 AND 5573621
	Bitmap Heap Scan on sbtest2  (cost=5.54..432.69 rows=108 width=125)
	  Recheck Cond: ((k >= 5573521) AND (k <= 5573621))
	  ->  Bitmap Index Scan on k_2  (cost=0.00..5.51 rows=108 width=0)
	        Index Cond: ((k >= 5573521) AND (k <= 5573621))

table 3 : explain SELECT k, c FROM sbtest3 WHERE k BETWEEN 5573521 AND 5573621
	Bitmap Heap Scan on sbtest3  (cost=5.50..416.94 rows=104 width=125)
	  Recheck Cond: ((k >= 5573521) AND (k <= 5573621))
	  ->  Bitmap Index Scan on k_3  (cost=0.00..5.47 rows=104 width=0)
	        Index Cond: ((k >= 5573521) AND (k <= 5573621))

table 4 : explain SELECT k, c FROM sbtest4 WHERE k BETWEEN 5573521 AND 5573621
	Bitmap Heap Scan on sbtest4  (cost=5.45..397.25 rows=99 width=125)
	  Recheck Cond: ((k >= 5573521) AND (k <= 5573621))
	  ->  Bitmap Index Scan on k_4  (cost=0.00..5.42 rows=99 width=0)
	        Index Cond: ((k >= 5573521) AND (k <= 5573621))

table 5 : explain SELECT k, c FROM sbtest5 WHERE k BETWEEN 5573521 AND 5573621
	Bitmap Heap Scan on sbtest5  (cost=5.47..405.13 rows=101 width=125)
	  Recheck Cond: ((k >= 5573521) AND (k <= 5573621))
	  ->  Bitmap Index Scan on k_5  (cost=0.00..5.44 rows=101 width=0)
	        Index Cond: ((k >= 5573521) AND (k <= 5573621))

table 6 : explain SELECT k, c FROM sbtest6 WHERE k BETWEEN 5573521 AND 5573621
	Bitmap Heap Scan on sbtest6  (cost=5.41..381.49 rows=95 width=125)
	  Recheck Cond: ((k >= 5573521) AND (k <= 5573621))
	  ->  Bitmap Index Scan on k_6  (cost=0.00..5.38 rows=95 width=0)
	        Index Cond: ((k >= 5573521) AND (k <= 5573621))

table 7 : explain SELECT k, c FROM sbtest7 WHERE k BETWEEN 5573521 AND 5573621
	Bitmap Heap Scan on sbtest7  (cost=5.44..393.31 rows=98 width=125)
	  Recheck Cond: ((k >= 5573521) AND (k <= 5573621))
	  ->  Bitmap Index Scan on k_7  (cost=0.00..5.42 rows=98 width=0)
	        Index Cond: ((k >= 5573521) AND (k <= 5573621))

table 8 : explain SELECT k, c FROM sbtest8 WHERE k BETWEEN 5573521 AND 5573621
	Bitmap Heap Scan on sbtest8  (cost=5.48..409.07 rows=102 width=125)
	  Recheck Cond: ((k >= 5573521) AND (k <= 5573621))
	  ->  Bitmap Index Scan on k_8  (cost=0.00..5.45 rows=102 width=0)
	        Index Cond: ((k >= 5573521) AND (k <= 5573621))

for range-notcovered
table 1 : explain SELECT k, c FROM sbtest1 WHERE k BETWEEN 5514895 AND 5514995
	Bitmap Heap Scan on sbtest1  (cost=5.37..365.72 rows=91 width=125)
	  Recheck Cond: ((k >= 5514895) AND (k <= 5514995))
	  ->  Bitmap Index Scan on k_1  (cost=0.00..5.34 rows=91 width=0)
	        Index Cond: ((k >= 5514895) AND (k <= 5514995))

table 2 : explain SELECT k, c FROM sbtest2 WHERE k BETWEEN 5514895 AND 5514995
	Bitmap Heap Scan on sbtest2  (cost=5.46..401.19 rows=100 width=125)
	  Recheck Cond: ((k >= 5514895) AND (k <= 5514995))
	  ->  Bitmap Index Scan on k_2  (cost=0.00..5.43 rows=100 width=0)
	        Index Cond: ((k >= 5514895) AND (k <= 5514995))

table 3 : explain SELECT k, c FROM sbtest3 WHERE k BETWEEN 5514895 AND 5514995
	Bitmap Heap Scan on sbtest3  (cost=5.52..424.81 rows=106 width=125)
	  Recheck Cond: ((k >= 5514895) AND (k <= 5514995))
	  ->  Bitmap Index Scan on k_3  (cost=0.00..5.50 rows=106 width=0)
	        Index Cond: ((k >= 5514895) AND (k <= 5514995))

table 4 : explain SELECT k, c FROM sbtest4 WHERE k BETWEEN 5514895 AND 5514995
	Bitmap Heap Scan on sbtest4  (cost=5.45..397.25 rows=99 width=125)
	  Recheck Cond: ((k >= 5514895) AND (k <= 5514995))
	  ->  Bitmap Index Scan on k_4  (cost=0.00..5.42 rows=99 width=0)
	        Index Cond: ((k >= 5514895) AND (k <= 5514995))

table 5 : explain SELECT k, c FROM sbtest5 WHERE k BETWEEN 5514895 AND 5514995
	Bitmap Heap Scan on sbtest5  (cost=5.47..405.13 rows=101 width=125)
	  Recheck Cond: ((k >= 5514895) AND (k <= 5514995))
	  ->  Bitmap Index Scan on k_5  (cost=0.00..5.44 rows=101 width=0)
	        Index Cond: ((k >= 5514895) AND (k <= 5514995))

table 6 : explain SELECT k, c FROM sbtest6 WHERE k BETWEEN 5514895 AND 5514995
	Bitmap Heap Scan on sbtest6  (cost=5.41..381.49 rows=95 width=125)
	  Recheck Cond: ((k >= 5514895) AND (k <= 5514995))
	  ->  Bitmap Index Scan on k_6  (cost=0.00..5.38 rows=95 width=0)
	        Index Cond: ((k >= 5514895) AND (k <= 5514995))

table 7 : explain SELECT k, c FROM sbtest7 WHERE k BETWEEN 5514895 AND 5514995
	Bitmap Heap Scan on sbtest7  (cost=5.49..413.00 rows=103 width=125)
	  Recheck Cond: ((k >= 5514895) AND (k <= 5514995))
	  ->  Bitmap Index Scan on k_7  (cost=0.00..5.46 rows=103 width=0)
	        Index Cond: ((k >= 5514895) AND (k <= 5514995))

table 8 : explain SELECT k, c FROM sbtest8 WHERE k BETWEEN 5514895 AND 5514995
	Bitmap Heap Scan on sbtest8  (cost=5.48..409.07 rows=102 width=125)
	  Recheck Cond: ((k >= 5514895) AND (k <= 5514995))
	  ->  Bitmap Index Scan on k_8  (cost=0.00..5.45 rows=102 width=0)
	        Index Cond: ((k >= 5514895) AND (k <= 5514995))

explain: for range-notcovered :: explain SELECT k, c FROM sbtest%d WHERE k BETWEEN 5514895 AND 5514995
explain: for range-notcovered :: explain SELECT k, c FROM sbtest%d WHERE k BETWEEN 5573521 AND 5573621
for range-notcovered
table 1 : explain SELECT k, c FROM sbtest1 WHERE k BETWEEN 6769575 AND 6769675
	Bitmap Heap Scan on sbtest1  (cost=5.54..432.69 rows=108 width=125)
	  Recheck Cond: ((k >= 6769575) AND (k <= 6769675))
	  ->  Bitmap Index Scan on k_1  (cost=0.00..5.51 rows=108 width=0)
	        Index Cond: ((k >= 6769575) AND (k <= 6769675))

table 2 : explain SELECT k, c FROM sbtest2 WHERE k BETWEEN 6769575 AND 6769675
	Bitmap Heap Scan on sbtest2  (cost=5.43..389.37 rows=97 width=125)
	  Recheck Cond: ((k >= 6769575) AND (k <= 6769675))
	  ->  Bitmap Index Scan on k_2  (cost=0.00..5.40 rows=97 width=0)
	        Index Cond: ((k >= 6769575) AND (k <= 6769675))

table 3 : explain SELECT k, c FROM sbtest3 WHERE k BETWEEN 6769575 AND 6769675
	Bitmap Heap Scan on sbtest3  (cost=5.45..397.25 rows=99 width=125)
	  Recheck Cond: ((k >= 6769575) AND (k <= 6769675))
	  ->  Bitmap Index Scan on k_3  (cost=0.00..5.42 rows=99 width=0)
	        Index Cond: ((k >= 6769575) AND (k <= 6769675))

table 4 : explain SELECT k, c FROM sbtest4 WHERE k BETWEEN 6769575 AND 6769675
	Bitmap Heap Scan on sbtest4  (cost=5.51..420.88 rows=105 width=125)
	  Recheck Cond: ((k >= 6769575) AND (k <= 6769675))
	  ->  Bitmap Index Scan on k_4  (cost=0.00..5.48 rows=105 width=0)
	        Index Cond: ((k >= 6769575) AND (k <= 6769675))

table 5 : explain SELECT k, c FROM sbtest5 WHERE k BETWEEN 6769575 AND 6769675
	Bitmap Heap Scan on sbtest5  (cost=5.43..389.37 rows=97 width=125)
	  Recheck Cond: ((k >= 6769575) AND (k <= 6769675))
	  ->  Bitmap Index Scan on k_5  (cost=0.00..5.40 rows=97 width=0)
	        Index Cond: ((k >= 6769575) AND (k <= 6769675))

table 6 : explain SELECT k, c FROM sbtest6 WHERE k BETWEEN 6769575 AND 6769675
	Bitmap Heap Scan on sbtest6  (cost=5.46..401.19 rows=100 width=125)
	  Recheck Cond: ((k >= 6769575) AND (k <= 6769675))
	  ->  Bitmap Index Scan on k_6  (cost=0.00..5.43 rows=100 width=0)
	        Index Cond: ((k >= 6769575) AND (k <= 6769675))

table 7 : explain SELECT k, c FROM sbtest7 WHERE k BETWEEN 6769575 AND 6769675
	Bitmap Heap Scan on sbtest7  (cost=5.58..448.42 rows=112 width=125)
	  Recheck Cond: ((k >= 6769575) AND (k <= 6769675))
	  ->  Bitmap Index Scan on k_7  (cost=0.00..5.55 rows=112 width=0)
	        Index Cond: ((k >= 6769575) AND (k <= 6769675))

table 8 : explain SELECT k, c FROM sbtest8 WHERE k BETWEEN 6769575 AND 6769675
	Bitmap Heap Scan on sbtest8  (cost=5.41..381.49 rows=95 width=125)
	  Recheck Cond: ((k >= 6769575) AND (k <= 6769675))
	  ->  Bitmap Index Scan on k_8  (cost=0.00..5.38 rows=95 width=0)
	        Index Cond: ((k >= 6769575) AND (k <= 6769675))

for range-notcovered
table 1 : explain SELECT k, c FROM sbtest1 WHERE k BETWEEN 5449756 AND 5449856
	Bitmap Heap Scan on sbtest1  (cost=5.37..365.72 rows=91 width=125)
	  Recheck Cond: ((k >= 5449756) AND (k <= 5449856))
	  ->  Bitmap Index Scan on k_1  (cost=0.00..5.34 rows=91 width=0)
	        Index Cond: ((k >= 5449756) AND (k <= 5449856))

table 2 : explain SELECT k, c FROM sbtest2 WHERE k BETWEEN 5449756 AND 5449856
	Bitmap Heap Scan on sbtest2  (cost=5.46..401.19 rows=100 width=125)
	  Recheck Cond: ((k >= 5449756) AND (k <= 5449856))
	  ->  Bitmap Index Scan on k_2  (cost=0.00..5.43 rows=100 width=0)
	        Index Cond: ((k >= 5449756) AND (k <= 5449856))

table 3 : explain SELECT k, c FROM sbtest3 WHERE k BETWEEN 5449756 AND 5449856
	Bitmap Heap Scan on sbtest3  (cost=5.52..424.81 rows=106 width=125)
	  Recheck Cond: ((k >= 5449756) AND (k <= 5449856))
	  ->  Bitmap Index Scan on k_3  (cost=0.00..5.50 rows=106 width=0)
	        Index Cond: ((k >= 5449756) AND (k <= 5449856))

table 4 : explain SELECT k, c FROM sbtest4 WHERE k BETWEEN 5449756 AND 5449856
	Bitmap Heap Scan on sbtest4  (cost=5.55..436.62 rows=109 width=125)
	  Recheck Cond: ((k >= 5449756) AND (k <= 5449856))
	  ->  Bitmap Index Scan on k_4  (cost=0.00..5.52 rows=109 width=0)
	        Index Cond: ((k >= 5449756) AND (k <= 5449856))

table 5 : explain SELECT k, c FROM sbtest5 WHERE k BETWEEN 5449756 AND 5449856
	Bitmap Heap Scan on sbtest5  (cost=5.40..377.55 rows=94 width=125)
	  Recheck Cond: ((k >= 5449756) AND (k <= 5449856))
	  ->  Bitmap Index Scan on k_5  (cost=0.00..5.38 rows=94 width=0)
	        Index Cond: ((k >= 5449756) AND (k <= 5449856))

table 6 : explain SELECT k, c FROM sbtest6 WHERE k BETWEEN 5449756 AND 5449856
	Bitmap Heap Scan on sbtest6  (cost=5.57..444.49 rows=111 width=125)
	  Recheck Cond: ((k >= 5449756) AND (k <= 5449856))
	  ->  Bitmap Index Scan on k_6  (cost=0.00..5.54 rows=111 width=0)
	        Index Cond: ((k >= 5449756) AND (k <= 5449856))

table 7 : explain SELECT k, c FROM sbtest7 WHERE k BETWEEN 5449756 AND 5449856
	Bitmap Heap Scan on sbtest7  (cost=5.50..416.94 rows=104 width=125)
	  Recheck Cond: ((k >= 5449756) AND (k <= 5449856))
	  ->  Bitmap Index Scan on k_7  (cost=0.00..5.47 rows=104 width=0)
	        Index Cond: ((k >= 5449756) AND (k <= 5449856))

table 8 : explain SELECT k, c FROM sbtest8 WHERE k BETWEEN 5449756 AND 5449856
	Bitmap Heap Scan on sbtest8  (cost=5.53..428.75 rows=107 width=125)
	  Recheck Cond: ((k >= 5449756) AND (k <= 5449856))
	  ->  Bitmap Index Scan on k_8  (cost=0.00..5.50 rows=107 width=0)
	        Index Cond: ((k >= 5449756) AND (k <= 5449856))

explain: for range-notcovered :: explain SELECT k, c FROM sbtest%d WHERE k BETWEEN 2931032 AND 2931132
for range-notcovered
table 1 : explain SELECT k, c FROM sbtest1 WHERE k BETWEEN 5514895 AND 5514995
	Bitmap Heap Scan on sbtest1  (cost=5.37..365.72 rows=91 width=125)
	  Recheck Cond: ((k >= 5514895) AND (k <= 5514995))
	  ->  Bitmap Index Scan on k_1  (cost=0.00..5.34 rows=91 width=0)
	        Index Cond: ((k >= 5514895) AND (k <= 5514995))

table 2 : explain SELECT k, c FROM sbtest2 WHERE k BETWEEN 5514895 AND 5514995
	Bitmap Heap Scan on sbtest2  (cost=5.46..401.19 rows=100 width=125)
	  Recheck Cond: ((k >= 5514895) AND (k <= 5514995))
	  ->  Bitmap Index Scan on k_2  (cost=0.00..5.43 rows=100 width=0)
	        Index Cond: ((k >= 5514895) AND (k <= 5514995))

table 3 : explain SELECT k, c FROM sbtest3 WHERE k BETWEEN 5514895 AND 5514995
	Bitmap Heap Scan on sbtest3  (cost=5.52..424.81 rows=106 width=125)
	  Recheck Cond: ((k >= 5514895) AND (k <= 5514995))
	  ->  Bitmap Index Scan on k_3  (cost=0.00..5.50 rows=106 width=0)
	        Index Cond: ((k >= 5514895) AND (k <= 5514995))

table 4 : explain SELECT k, c FROM sbtest4 WHERE k BETWEEN 5514895 AND 5514995
	Bitmap Heap Scan on sbtest4  (cost=5.45..397.25 rows=99 width=125)
	  Recheck Cond: ((k >= 5514895) AND (k <= 5514995))
	  ->  Bitmap Index Scan on k_4  (cost=0.00..5.42 rows=99 width=0)
	        Index Cond: ((k >= 5514895) AND (k <= 5514995))

table 5 : explain SELECT k, c FROM sbtest5 WHERE k BETWEEN 5514895 AND 5514995
	Bitmap Heap Scan on sbtest5  (cost=5.47..405.13 rows=101 width=125)
	  Recheck Cond: ((k >= 5514895) AND (k <= 5514995))
	  ->  Bitmap Index Scan on k_5  (cost=0.00..5.44 rows=101 width=0)
	        Index Cond: ((k >= 5514895) AND (k <= 5514995))

table 6 : explain SELECT k, c FROM sbtest6 WHERE k BETWEEN 5514895 AND 5514995
	Bitmap Heap Scan on sbtest6  (cost=5.41..381.49 rows=95 width=125)
	  Recheck Cond: ((k >= 5514895) AND (k <= 5514995))
	  ->  Bitmap Index Scan on k_6  (cost=0.00..5.38 rows=95 width=0)
	        Index Cond: ((k >= 5514895) AND (k <= 5514995))

table 7 : explain SELECT k, c FROM sbtest7 WHERE k BETWEEN 5514895 AND 5514995
	Bitmap Heap Scan on sbtest7  (cost=5.49..413.00 rows=103 width=125)
	  Recheck Cond: ((k >= 5514895) AND (k <= 5514995))
	  ->  Bitmap Index Scan on k_7  (cost=0.00..5.46 rows=103 width=0)
	        Index Cond: ((k >= 5514895) AND (k <= 5514995))

table 8 : explain SELECT k, c FROM sbtest8 WHERE k BETWEEN 5514895 AND 5514995
	Bitmap Heap Scan on sbtest8  (cost=5.48..409.07 rows=102 width=125)
	  Recheck Cond: ((k >= 5514895) AND (k <= 5514995))
	  ->  Bitmap Index Scan on k_8  (cost=0.00..5.45 rows=102 width=0)
	        Index Cond: ((k >= 5514895) AND (k <= 5514995))

explain: for range-notcovered :: explain SELECT k, c FROM sbtest%d WHERE k BETWEEN 5449756 AND 5449856
explain: for range-notcovered :: explain SELECT k, c FROM sbtest%d WHERE k BETWEEN 5514895 AND 5514995
explain: for range-notcovered :: explain SELECT k, c FROM sbtest%d WHERE k BETWEEN 7263604 AND 7263704
for range-notcovered
table 1 : explain SELECT k, c FROM sbtest1 WHERE k BETWEEN 5449756 AND 5449856
	Bitmap Heap Scan on sbtest1  (cost=5.37..365.72 rows=91 width=125)
	  Recheck Cond: ((k >= 5449756) AND (k <= 5449856))
	  ->  Bitmap Index Scan on k_1  (cost=0.00..5.34 rows=91 width=0)
	        Index Cond: ((k >= 5449756) AND (k <= 5449856))

table 2 : explain SELECT k, c FROM sbtest2 WHERE k BETWEEN 5449756 AND 5449856
	Bitmap Heap Scan on sbtest2  (cost=5.46..401.19 rows=100 width=125)
	  Recheck Cond: ((k >= 5449756) AND (k <= 5449856))
	  ->  Bitmap Index Scan on k_2  (cost=0.00..5.43 rows=100 width=0)
	        Index Cond: ((k >= 5449756) AND (k <= 5449856))

table 3 : explain SELECT k, c FROM sbtest3 WHERE k BETWEEN 5449756 AND 5449856
	Bitmap Heap Scan on sbtest3  (cost=5.52..424.81 rows=106 width=125)
	  Recheck Cond: ((k >= 5449756) AND (k <= 5449856))
	  ->  Bitmap Index Scan on k_3  (cost=0.00..5.50 rows=106 width=0)
	        Index Cond: ((k >= 5449756) AND (k <= 5449856))

table 4 : explain SELECT k, c FROM sbtest4 WHERE k BETWEEN 5449756 AND 5449856
	Bitmap Heap Scan on sbtest4  (cost=5.55..436.62 rows=109 width=125)
	  Recheck Cond: ((k >= 5449756) AND (k <= 5449856))
	  ->  Bitmap Index Scan on k_4  (cost=0.00..5.52 rows=109 width=0)
	        Index Cond: ((k >= 5449756) AND (k <= 5449856))

table 5 : explain SELECT k, c FROM sbtest5 WHERE k BETWEEN 5449756 AND 5449856
	Bitmap Heap Scan on sbtest5  (cost=5.40..377.55 rows=94 width=125)
	  Recheck Cond: ((k >= 5449756) AND (k <= 5449856))
	  ->  Bitmap Index Scan on k_5  (cost=0.00..5.38 rows=94 width=0)
	        Index Cond: ((k >= 5449756) AND (k <= 5449856))

table 6 : explain SELECT k, c FROM sbtest6 WHERE k BETWEEN 5449756 AND 5449856
	Bitmap Heap Scan on sbtest6  (cost=5.57..444.49 rows=111 width=125)
	  Recheck Cond: ((k >= 5449756) AND (k <= 5449856))
	  ->  Bitmap Index Scan on k_6  (cost=0.00..5.54 rows=111 width=0)
	        Index Cond: ((k >= 5449756) AND (k <= 5449856))

table 7 : explain SELECT k, c FROM sbtest7 WHERE k BETWEEN 5449756 AND 5449856
	Bitmap Heap Scan on sbtest7  (cost=5.50..416.94 rows=104 width=125)
	  Recheck Cond: ((k >= 5449756) AND (k <= 5449856))
	  ->  Bitmap Index Scan on k_7  (cost=0.00..5.47 rows=104 width=0)
	        Index Cond: ((k >= 5449756) AND (k <= 5449856))

table 8 : explain SELECT k, c FROM sbtest8 WHERE k BETWEEN 5449756 AND 5449856
	Bitmap Heap Scan on sbtest8  (cost=5.53..428.75 rows=107 width=125)
	  Recheck Cond: ((k >= 5449756) AND (k <= 5449856))
	  ->  Bitmap Index Scan on k_8  (cost=0.00..5.50 rows=107 width=0)
	        Index Cond: ((k >= 5449756) AND (k <= 5449856))

explain: for range-notcovered :: explain SELECT k, c FROM sbtest%d WHERE k BETWEEN 5449756 AND 5449856
for range-notcovered
table 1 : explain SELECT k, c FROM sbtest1 WHERE k BETWEEN 7263604 AND 7263704
	Bitmap Heap Scan on sbtest1  (cost=5.54..432.69 rows=108 width=125)
	  Recheck Cond: ((k >= 7263604) AND (k <= 7263704))
	  ->  Bitmap Index Scan on k_1  (cost=0.00..5.51 rows=108 width=0)
	        Index Cond: ((k >= 7263604) AND (k <= 7263704))

table 2 : explain SELECT k, c FROM sbtest2 WHERE k BETWEEN 7263604 AND 7263704
	Bitmap Heap Scan on sbtest2  (cost=5.50..416.94 rows=104 width=125)
	  Recheck Cond: ((k >= 7263604) AND (k <= 7263704))
	  ->  Bitmap Index Scan on k_2  (cost=0.00..5.47 rows=104 width=0)
	        Index Cond: ((k >= 7263604) AND (k <= 7263704))

table 3 : explain SELECT k, c FROM sbtest3 WHERE k BETWEEN 7263604 AND 7263704
	Bitmap Heap Scan on sbtest3  (cost=5.47..405.13 rows=101 width=125)
	  Recheck Cond: ((k >= 7263604) AND (k <= 7263704))
	  ->  Bitmap Index Scan on k_3  (cost=0.00..5.44 rows=101 width=0)
	        Index Cond: ((k >= 7263604) AND (k <= 7263704))

table 4 : explain SELECT k, c FROM sbtest4 WHERE k BETWEEN 7263604 AND 7263704
	Bitmap Heap Scan on sbtest4  (cost=5.44..393.31 rows=98 width=125)
	  Recheck Cond: ((k >= 7263604) AND (k <= 7263704))
	  ->  Bitmap Index Scan on k_4  (cost=0.00..5.42 rows=98 width=0)
	        Index Cond: ((k >= 7263604) AND (k <= 7263704))

table 5 : explain SELECT k, c FROM sbtest5 WHERE k BETWEEN 7263604 AND 7263704
	Bitmap Heap Scan on sbtest5  (cost=5.49..413.00 rows=103 width=125)
	  Recheck Cond: ((k >= 7263604) AND (k <= 7263704))
	  ->  Bitmap Index Scan on k_5  (cost=0.00..5.46 rows=103 width=0)
	        Index Cond: ((k >= 7263604) AND (k <= 7263704))

table 6 : explain SELECT k, c FROM sbtest6 WHERE k BETWEEN 7263604 AND 7263704
	Bitmap Heap Scan on sbtest6  (cost=5.48..409.07 rows=102 width=125)
	  Recheck Cond: ((k >= 7263604) AND (k <= 7263704))
	  ->  Bitmap Index Scan on k_6  (cost=0.00..5.45 rows=102 width=0)
	        Index Cond: ((k >= 7263604) AND (k <= 7263704))

table 7 : explain SELECT k, c FROM sbtest7 WHERE k BETWEEN 7263604 AND 7263704
	Bitmap Heap Scan on sbtest7  (cost=5.47..405.13 rows=101 width=125)
	  Recheck Cond: ((k >= 7263604) AND (k <= 7263704))
	  ->  Bitmap Index Scan on k_7  (cost=0.00..5.44 rows=101 width=0)
	        Index Cond: ((k >= 7263604) AND (k <= 7263704))

table 8 : explain SELECT k, c FROM sbtest8 WHERE k BETWEEN 7263604 AND 7263704
	Bitmap Heap Scan on sbtest8  (cost=5.55..436.62 rows=109 width=125)
	  Recheck Cond: ((k >= 7263604) AND (k <= 7263704))
	  ->  Bitmap Index Scan on k_8  (cost=0.00..5.52 rows=109 width=0)
	        Index Cond: ((k >= 7263604) AND (k <= 7263704))

explain: for range-notcovered :: explain SELECT k, c FROM sbtest%d WHERE k BETWEEN 7263604 AND 7263704
for range-notcovered
table 1 : explain SELECT k, c FROM sbtest1 WHERE k BETWEEN 5573521 AND 5573621
	Bitmap Heap Scan on sbtest1  (cost=5.53..428.75 rows=107 width=125)
	  Recheck Cond: ((k >= 5573521) AND (k <= 5573621))
	  ->  Bitmap Index Scan on k_1  (cost=0.00..5.50 rows=107 width=0)
	        Index Cond: ((k >= 5573521) AND (k <= 5573621))

table 2 : explain SELECT k, c FROM sbtest2 WHERE k BETWEEN 5573521 AND 5573621
	Bitmap Heap Scan on sbtest2  (cost=5.54..432.69 rows=108 width=125)
	  Recheck Cond: ((k >= 5573521) AND (k <= 5573621))
	  ->  Bitmap Index Scan on k_2  (cost=0.00..5.51 rows=108 width=0)
	        Index Cond: ((k >= 5573521) AND (k <= 5573621))

table 3 : explain SELECT k, c FROM sbtest3 WHERE k BETWEEN 5573521 AND 5573621
	Bitmap Heap Scan on sbtest3  (cost=5.50..416.94 rows=104 width=125)
	  Recheck Cond: ((k >= 5573521) AND (k <= 5573621))
	  ->  Bitmap Index Scan on k_3  (cost=0.00..5.47 rows=104 width=0)
	        Index Cond: ((k >= 5573521) AND (k <= 5573621))

table 4 : explain SELECT k, c FROM sbtest4 WHERE k BETWEEN 5573521 AND 5573621
	Bitmap Heap Scan on sbtest4  (cost=5.45..397.25 rows=99 width=125)
	  Recheck Cond: ((k >= 5573521) AND (k <= 5573621))
	  ->  Bitmap Index Scan on k_4  (cost=0.00..5.42 rows=99 width=0)
	        Index Cond: ((k >= 5573521) AND (k <= 5573621))

table 5 : explain SELECT k, c FROM sbtest5 WHERE k BETWEEN 5573521 AND 5573621
	Bitmap Heap Scan on sbtest5  (cost=5.47..405.13 rows=101 width=125)
	  Recheck Cond: ((k >= 5573521) AND (k <= 5573621))
	  ->  Bitmap Index Scan on k_5  (cost=0.00..5.44 rows=101 width=0)
	        Index Cond: ((k >= 5573521) AND (k <= 5573621))

table 6 : explain SELECT k, c FROM sbtest6 WHERE k BETWEEN 5573521 AND 5573621
	Bitmap Heap Scan on sbtest6  (cost=5.41..381.49 rows=95 width=125)
	  Recheck Cond: ((k >= 5573521) AND (k <= 5573621))
	  ->  Bitmap Index Scan on k_6  (cost=0.00..5.38 rows=95 width=0)
	        Index Cond: ((k >= 5573521) AND (k <= 5573621))

table 7 : explain SELECT k, c FROM sbtest7 WHERE k BETWEEN 5573521 AND 5573621
	Bitmap Heap Scan on sbtest7  (cost=5.44..393.31 rows=98 width=125)
	  Recheck Cond: ((k >= 5573521) AND (k <= 5573621))
	  ->  Bitmap Index Scan on k_7  (cost=0.00..5.42 rows=98 width=0)
	        Index Cond: ((k >= 5573521) AND (k <= 5573621))

table 8 : explain SELECT k, c FROM sbtest8 WHERE k BETWEEN 5573521 AND 5573621
	Bitmap Heap Scan on sbtest8  (cost=5.48..409.07 rows=102 width=125)
	  Recheck Cond: ((k >= 5573521) AND (k <= 5573621))
	  ->  Bitmap Index Scan on k_8  (cost=0.00..5.45 rows=102 width=0)
	        Index Cond: ((k >= 5573521) AND (k <= 5573621))

for range-notcovered
table 1 : explain SELECT k, c FROM sbtest1 WHERE k BETWEEN 632938 AND 633038
	Bitmap Heap Scan on sbtest1  (cost=5.50..416.94 rows=104 width=125)
	  Recheck Cond: ((k >= 632938) AND (k <= 633038))
	  ->  Bitmap Index Scan on k_1  (cost=0.00..5.47 rows=104 width=0)
	        Index Cond: ((k >= 632938) AND (k <= 633038))

table 2 : explain SELECT k, c FROM sbtest2 WHERE k BETWEEN 632938 AND 633038
	Bitmap Heap Scan on sbtest2  (cost=5.55..436.62 rows=109 width=125)
	  Recheck Cond: ((k >= 632938) AND (k <= 633038))
	  ->  Bitmap Index Scan on k_2  (cost=0.00..5.52 rows=109 width=0)
	        Index Cond: ((k >= 632938) AND (k <= 633038))

table 3 : explain SELECT k, c FROM sbtest3 WHERE k BETWEEN 632938 AND 633038
	Bitmap Heap Scan on sbtest3  (cost=5.38..369.67 rows=92 width=125)
	  Recheck Cond: ((k >= 632938) AND (k <= 633038))
	  ->  Bitmap Index Scan on k_3  (cost=0.00..5.35 rows=92 width=0)
	        Index Cond: ((k >= 632938) AND (k <= 633038))

table 4 : explain SELECT k, c FROM sbtest4 WHERE k BETWEEN 632938 AND 633038
	Bitmap Heap Scan on sbtest4  (cost=5.55..436.62 rows=109 width=125)
	  Recheck Cond: ((k >= 632938) AND (k <= 633038))
	  ->  Bitmap Index Scan on k_4  (cost=0.00..5.52 rows=109 width=0)
	        Index Cond: ((k >= 632938) AND (k <= 633038))

table 5 : explain SELECT k, c FROM sbtest5 WHERE k BETWEEN 632938 AND 633038
	Bitmap Heap Scan on sbtest5  (cost=5.58..448.42 rows=112 width=125)
	  Recheck Cond: ((k >= 632938) AND (k <= 633038))
	  ->  Bitmap Index Scan on k_5  (cost=0.00..5.55 rows=112 width=0)
	        Index Cond: ((k >= 632938) AND (k <= 633038))

table 6 : explain SELECT k, c FROM sbtest6 WHERE k BETWEEN 632938 AND 633038
	Bitmap Heap Scan on sbtest6  (cost=5.47..405.13 rows=101 width=125)
	  Recheck Cond: ((k >= 632938) AND (k <= 633038))
	  ->  Bitmap Index Scan on k_6  (cost=0.00..5.44 rows=101 width=0)
	        Index Cond: ((k >= 632938) AND (k <= 633038))

table 7 : explain SELECT k, c FROM sbtest7 WHERE k BETWEEN 632938 AND 633038
	Bitmap Heap Scan on sbtest7  (cost=5.42..385.43 rows=96 width=125)
	  Recheck Cond: ((k >= 632938) AND (k <= 633038))
	  ->  Bitmap Index Scan on k_7  (cost=0.00..5.39 rows=96 width=0)
	        Index Cond: ((k >= 632938) AND (k <= 633038))

table 8 : explain SELECT k, c FROM sbtest8 WHERE k BETWEEN 632938 AND 633038
	Bitmap Heap Scan on sbtest8  (cost=5.55..436.62 rows=109 width=125)
	  Recheck Cond: ((k >= 632938) AND (k <= 633038))
	  ->  Bitmap Index Scan on k_8  (cost=0.00..5.52 rows=109 width=0)
	        Index Cond: ((k >= 632938) AND (k <= 633038))

explain: for range-notcovered :: explain SELECT k, c FROM sbtest%d WHERE k BETWEEN 5573521 AND 5573621
for range-notcovered
table 1 : explain SELECT k, c FROM sbtest1 WHERE k BETWEEN 5514895 AND 5514995
	Bitmap Heap Scan on sbtest1  (cost=5.37..365.72 rows=91 width=125)
	  Recheck Cond: ((k >= 5514895) AND (k <= 5514995))
	  ->  Bitmap Index Scan on k_1  (cost=0.00..5.34 rows=91 width=0)
	        Index Cond: ((k >= 5514895) AND (k <= 5514995))

table 2 : explain SELECT k, c FROM sbtest2 WHERE k BETWEEN 5514895 AND 5514995
	Bitmap Heap Scan on sbtest2  (cost=5.46..401.19 rows=100 width=125)
	  Recheck Cond: ((k >= 5514895) AND (k <= 5514995))
	  ->  Bitmap Index Scan on k_2  (cost=0.00..5.43 rows=100 width=0)
	        Index Cond: ((k >= 5514895) AND (k <= 5514995))

table 3 : explain SELECT k, c FROM sbtest3 WHERE k BETWEEN 5514895 AND 5514995
	Bitmap Heap Scan on sbtest3  (cost=5.52..424.81 rows=106 width=125)
	  Recheck Cond: ((k >= 5514895) AND (k <= 5514995))
	  ->  Bitmap Index Scan on k_3  (cost=0.00..5.50 rows=106 width=0)
	        Index Cond: ((k >= 5514895) AND (k <= 5514995))

table 4 : explain SELECT k, c FROM sbtest4 WHERE k BETWEEN 5514895 AND 5514995
	Bitmap Heap Scan on sbtest4  (cost=5.45..397.25 rows=99 width=125)
	  Recheck Cond: ((k >= 5514895) AND (k <= 5514995))
	  ->  Bitmap Index Scan on k_4  (cost=0.00..5.42 rows=99 width=0)
	        Index Cond: ((k >= 5514895) AND (k <= 5514995))

table 5 : explain SELECT k, c FROM sbtest5 WHERE k BETWEEN 5514895 AND 5514995
	Bitmap Heap Scan on sbtest5  (cost=5.47..405.13 rows=101 width=125)
	  Recheck Cond: ((k >= 5514895) AND (k <= 5514995))
	  ->  Bitmap Index Scan on k_5  (cost=0.00..5.44 rows=101 width=0)
	        Index Cond: ((k >= 5514895) AND (k <= 5514995))

table 6 : explain SELECT k, c FROM sbtest6 WHERE k BETWEEN 5514895 AND 5514995
	Bitmap Heap Scan on sbtest6  (cost=5.41..381.49 rows=95 width=125)
	  Recheck Cond: ((k >= 5514895) AND (k <= 5514995))
	  ->  Bitmap Index Scan on k_6  (cost=0.00..5.38 rows=95 width=0)
	        Index Cond: ((k >= 5514895) AND (k <= 5514995))

table 7 : explain SELECT k, c FROM sbtest7 WHERE k BETWEEN 5514895 AND 5514995
	Bitmap Heap Scan on sbtest7  (cost=5.49..413.00 rows=103 width=125)
	  Recheck Cond: ((k >= 5514895) AND (k <= 5514995))
	  ->  Bitmap Index Scan on k_7  (cost=0.00..5.46 rows=103 width=0)
	        Index Cond: ((k >= 5514895) AND (k <= 5514995))

table 8 : explain SELECT k, c FROM sbtest8 WHERE k BETWEEN 5514895 AND 5514995
	Bitmap Heap Scan on sbtest8  (cost=5.48..409.07 rows=102 width=125)
	  Recheck Cond: ((k >= 5514895) AND (k <= 5514995))
	  ->  Bitmap Index Scan on k_8  (cost=0.00..5.45 rows=102 width=0)
	        Index Cond: ((k >= 5514895) AND (k <= 5514995))

explain: for range-notcovered :: explain SELECT k, c FROM sbtest%d WHERE k BETWEEN 632938 AND 633038
for range-notcovered
table 1 : explain SELECT k, c FROM sbtest1 WHERE k BETWEEN 6080686 AND 6080786
	Bitmap Heap Scan on sbtest1  (cost=5.39..373.61 rows=93 width=125)
	  Recheck Cond: ((k >= 6080686) AND (k <= 6080786))
	  ->  Bitmap Index Scan on k_1  (cost=0.00..5.36 rows=93 width=0)
	        Index Cond: ((k >= 6080686) AND (k <= 6080786))

table 2 : explain SELECT k, c FROM sbtest2 WHERE k BETWEEN 6080686 AND 6080786
	Bitmap Heap Scan on sbtest2  (cost=5.51..420.88 rows=105 width=125)
	  Recheck Cond: ((k >= 6080686) AND (k <= 6080786))
	  ->  Bitmap Index Scan on k_2  (cost=0.00..5.48 rows=105 width=0)
	        Index Cond: ((k >= 6080686) AND (k <= 6080786))

table 3 : explain SELECT k, c FROM sbtest3 WHERE k BETWEEN 6080686 AND 6080786
	Bitmap Heap Scan on sbtest3  (cost=5.51..420.88 rows=105 width=125)
	  Recheck Cond: ((k >= 6080686) AND (k <= 6080786))
	  ->  Bitmap Index Scan on k_3  (cost=0.00..5.48 rows=105 width=0)
	        Index Cond: ((k >= 6080686) AND (k <= 6080786))

table 4 : explain SELECT k, c FROM sbtest4 WHERE k BETWEEN 6080686 AND 6080786
	Bitmap Heap Scan on sbtest4  (cost=5.51..420.88 rows=105 width=125)
	  Recheck Cond: ((k >= 6080686) AND (k <= 6080786))
	  ->  Bitmap Index Scan on k_4  (cost=0.00..5.48 rows=105 width=0)
	        Index Cond: ((k >= 6080686) AND (k <= 6080786))

table 5 : explain SELECT k, c FROM sbtest5 WHERE k BETWEEN 6080686 AND 6080786
	Bitmap Heap Scan on sbtest5  (cost=5.40..377.55 rows=94 width=125)
	  Recheck Cond: ((k >= 6080686) AND (k <= 6080786))
	  ->  Bitmap Index Scan on k_5  (cost=0.00..5.38 rows=94 width=0)
	        Index Cond: ((k >= 6080686) AND (k <= 6080786))

table 6 : explain SELECT k, c FROM sbtest6 WHERE k BETWEEN 6080686 AND 6080786
	Bitmap Heap Scan on sbtest6  (cost=5.49..413.00 rows=103 width=125)
	  Recheck Cond: ((k >= 6080686) AND (k <= 6080786))
	  ->  Bitmap Index Scan on k_6  (cost=0.00..5.46 rows=103 width=0)
	        Index Cond: ((k >= 6080686) AND (k <= 6080786))

table 7 : explain SELECT k, c FROM sbtest7 WHERE k BETWEEN 6080686 AND 6080786
	Bitmap Heap Scan on sbtest7  (cost=5.57..444.49 rows=111 width=125)
	  Recheck Cond: ((k >= 6080686) AND (k <= 6080786))
	  ->  Bitmap Index Scan on k_7  (cost=0.00..5.54 rows=111 width=0)
	        Index Cond: ((k >= 6080686) AND (k <= 6080786))

table 8 : explain SELECT k, c FROM sbtest8 WHERE k BETWEEN 6080686 AND 6080786
	Bitmap Heap Scan on sbtest8  (cost=5.47..405.13 rows=101 width=125)
	  Recheck Cond: ((k >= 6080686) AND (k <= 6080786))
	  ->  Bitmap Index Scan on k_8  (cost=0.00..5.44 rows=101 width=0)
	        Index Cond: ((k >= 6080686) AND (k <= 6080786))

explain: for range-notcovered :: explain SELECT k, c FROM sbtest%d WHERE k BETWEEN 5514895 AND 5514995
explain: for range-notcovered :: explain SELECT k, c FROM sbtest%d WHERE k BETWEEN 6080686 AND 6080786
for range-notcovered
table 1 : explain SELECT k, c FROM sbtest1 WHERE k BETWEEN 5449756 AND 5449856
	Bitmap Heap Scan on sbtest1  (cost=5.37..365.72 rows=91 width=125)
	  Recheck Cond: ((k >= 5449756) AND (k <= 5449856))
	  ->  Bitmap Index Scan on k_1  (cost=0.00..5.34 rows=91 width=0)
	        Index Cond: ((k >= 5449756) AND (k <= 5449856))

table 2 : explain SELECT k, c FROM sbtest2 WHERE k BETWEEN 5449756 AND 5449856
	Bitmap Heap Scan on sbtest2  (cost=5.46..401.19 rows=100 width=125)
	  Recheck Cond: ((k >= 5449756) AND (k <= 5449856))
	  ->  Bitmap Index Scan on k_2  (cost=0.00..5.43 rows=100 width=0)
	        Index Cond: ((k >= 5449756) AND (k <= 5449856))

table 3 : explain SELECT k, c FROM sbtest3 WHERE k BETWEEN 5449756 AND 5449856
	Bitmap Heap Scan on sbtest3  (cost=5.52..424.81 rows=106 width=125)
	  Recheck Cond: ((k >= 5449756) AND (k <= 5449856))
	  ->  Bitmap Index Scan on k_3  (cost=0.00..5.50 rows=106 width=0)
	        Index Cond: ((k >= 5449756) AND (k <= 5449856))

table 4 : explain SELECT k, c FROM sbtest4 WHERE k BETWEEN 5449756 AND 5449856
	Bitmap Heap Scan on sbtest4  (cost=5.55..436.62 rows=109 width=125)
	  Recheck Cond: ((k >= 5449756) AND (k <= 5449856))
	  ->  Bitmap Index Scan on k_4  (cost=0.00..5.52 rows=109 width=0)
	        Index Cond: ((k >= 5449756) AND (k <= 5449856))

table 5 : explain SELECT k, c FROM sbtest5 WHERE k BETWEEN 5449756 AND 5449856
	Bitmap Heap Scan on sbtest5  (cost=5.40..377.55 rows=94 width=125)
	  Recheck Cond: ((k >= 5449756) AND (k <= 5449856))
	  ->  Bitmap Index Scan on k_5  (cost=0.00..5.38 rows=94 width=0)
	        Index Cond: ((k >= 5449756) AND (k <= 5449856))

table 6 : explain SELECT k, c FROM sbtest6 WHERE k BETWEEN 5449756 AND 5449856
	Bitmap Heap Scan on sbtest6  (cost=5.57..444.49 rows=111 width=125)
	  Recheck Cond: ((k >= 5449756) AND (k <= 5449856))
	  ->  Bitmap Index Scan on k_6  (cost=0.00..5.54 rows=111 width=0)
	        Index Cond: ((k >= 5449756) AND (k <= 5449856))

table 7 : explain SELECT k, c FROM sbtest7 WHERE k BETWEEN 5449756 AND 5449856
	Bitmap Heap Scan on sbtest7  (cost=5.50..416.94 rows=104 width=125)
	  Recheck Cond: ((k >= 5449756) AND (k <= 5449856))
	  ->  Bitmap Index Scan on k_7  (cost=0.00..5.47 rows=104 width=0)
	        Index Cond: ((k >= 5449756) AND (k <= 5449856))

table 8 : explain SELECT k, c FROM sbtest8 WHERE k BETWEEN 5449756 AND 5449856
	Bitmap Heap Scan on sbtest8  (cost=5.53..428.75 rows=107 width=125)
	  Recheck Cond: ((k >= 5449756) AND (k <= 5449856))
	  ->  Bitmap Index Scan on k_8  (cost=0.00..5.50 rows=107 width=0)
	        Index Cond: ((k >= 5449756) AND (k <= 5449856))

for range-notcovered
table 1 : explain SELECT k, c FROM sbtest1 WHERE k BETWEEN 6062903 AND 6063003
	Bitmap Heap Scan on sbtest1  (cost=5.39..373.61 rows=93 width=125)
	  Recheck Cond: ((k >= 6062903) AND (k <= 6063003))
	  ->  Bitmap Index Scan on k_1  (cost=0.00..5.36 rows=93 width=0)
	        Index Cond: ((k >= 6062903) AND (k <= 6063003))

table 2 : explain SELECT k, c FROM sbtest2 WHERE k BETWEEN 6062903 AND 6063003
	Bitmap Heap Scan on sbtest2  (cost=5.51..420.88 rows=105 width=125)
	  Recheck Cond: ((k >= 6062903) AND (k <= 6063003))
	  ->  Bitmap Index Scan on k_2  (cost=0.00..5.48 rows=105 width=0)
	        Index Cond: ((k >= 6062903) AND (k <= 6063003))

table 3 : explain SELECT k, c FROM sbtest3 WHERE k BETWEEN 6062903 AND 6063003
	Bitmap Heap Scan on sbtest3  (cost=5.51..420.88 rows=105 width=125)
	  Recheck Cond: ((k >= 6062903) AND (k <= 6063003))
	  ->  Bitmap Index Scan on k_3  (cost=0.00..5.48 rows=105 width=0)
	        Index Cond: ((k >= 6062903) AND (k <= 6063003))

table 4 : explain SELECT k, c FROM sbtest4 WHERE k BETWEEN 6062903 AND 6063003
	Bitmap Heap Scan on sbtest4  (cost=5.51..420.88 rows=105 width=125)
	  Recheck Cond: ((k >= 6062903) AND (k <= 6063003))
	  ->  Bitmap Index Scan on k_4  (cost=0.00..5.48 rows=105 width=0)
	        Index Cond: ((k >= 6062903) AND (k <= 6063003))

table 5 : explain SELECT k, c FROM sbtest5 WHERE k BETWEEN 6062903 AND 6063003
	Bitmap Heap Scan on sbtest5  (cost=5.40..377.55 rows=94 width=125)
	  Recheck Cond: ((k >= 6062903) AND (k <= 6063003))
	  ->  Bitmap Index Scan on k_5  (cost=0.00..5.38 rows=94 width=0)
	        Index Cond: ((k >= 6062903) AND (k <= 6063003))

table 6 : explain SELECT k, c FROM sbtest6 WHERE k BETWEEN 6062903 AND 6063003
	Bitmap Heap Scan on sbtest6  (cost=5.49..413.00 rows=103 width=125)
	  Recheck Cond: ((k >= 6062903) AND (k <= 6063003))
	  ->  Bitmap Index Scan on k_6  (cost=0.00..5.46 rows=103 width=0)
	        Index Cond: ((k >= 6062903) AND (k <= 6063003))

table 7 : explain SELECT k, c FROM sbtest7 WHERE k BETWEEN 6062903 AND 6063003
	Bitmap Heap Scan on sbtest7  (cost=5.52..424.81 rows=106 width=125)
	  Recheck Cond: ((k >= 6062903) AND (k <= 6063003))
	  ->  Bitmap Index Scan on k_7  (cost=0.00..5.50 rows=106 width=0)
	        Index Cond: ((k >= 6062903) AND (k <= 6063003))

table 8 : explain SELECT k, c FROM sbtest8 WHERE k BETWEEN 6062903 AND 6063003
	Bitmap Heap Scan on sbtest8  (cost=5.47..405.13 rows=101 width=125)
	  Recheck Cond: ((k >= 6062903) AND (k <= 6063003))
	  ->  Bitmap Index Scan on k_8  (cost=0.00..5.44 rows=101 width=0)
	        Index Cond: ((k >= 6062903) AND (k <= 6063003))

explain: for range-notcovered :: explain SELECT k, c FROM sbtest%d WHERE k BETWEEN 6062903 AND 6063003
for range-notcovered
table 1 : explain SELECT k, c FROM sbtest1 WHERE k BETWEEN 5491378 AND 5491478
	Bitmap Heap Scan on sbtest1  (cost=5.37..365.72 rows=91 width=125)
	  Recheck Cond: ((k >= 5491378) AND (k <= 5491478))
	  ->  Bitmap Index Scan on k_1  (cost=0.00..5.34 rows=91 width=0)
	        Index Cond: ((k >= 5491378) AND (k <= 5491478))

table 2 : explain SELECT k, c FROM sbtest2 WHERE k BETWEEN 5491378 AND 5491478
	Bitmap Heap Scan on sbtest2  (cost=5.46..401.19 rows=100 width=125)
	  Recheck Cond: ((k >= 5491378) AND (k <= 5491478))
	  ->  Bitmap Index Scan on k_2  (cost=0.00..5.43 rows=100 width=0)
	        Index Cond: ((k >= 5491378) AND (k <= 5491478))

table 3 : explain SELECT k, c FROM sbtest3 WHERE k BETWEEN 5491378 AND 5491478
	Bitmap Heap Scan on sbtest3  (cost=5.52..424.81 rows=106 width=125)
	  Recheck Cond: ((k >= 5491378) AND (k <= 5491478))
	  ->  Bitmap Index Scan on k_3  (cost=0.00..5.50 rows=106 width=0)
	        Index Cond: ((k >= 5491378) AND (k <= 5491478))

table 4 : explain SELECT k, c FROM sbtest4 WHERE k BETWEEN 5491378 AND 5491478
	Bitmap Heap Scan on sbtest4  (cost=5.55..436.62 rows=109 width=125)
	  Recheck Cond: ((k >= 5491378) AND (k <= 5491478))
	  ->  Bitmap Index Scan on k_4  (cost=0.00..5.52 rows=109 width=0)
	        Index Cond: ((k >= 5491378) AND (k <= 5491478))

table 5 : explain SELECT k, c FROM sbtest5 WHERE k BETWEEN 5491378 AND 5491478
	Bitmap Heap Scan on sbtest5  (cost=5.40..377.55 rows=94 width=125)
	  Recheck Cond: ((k >= 5491378) AND (k <= 5491478))
	  ->  Bitmap Index Scan on k_5  (cost=0.00..5.38 rows=94 width=0)
	        Index Cond: ((k >= 5491378) AND (k <= 5491478))

table 6 : explain SELECT k, c FROM sbtest6 WHERE k BETWEEN 5491378 AND 5491478
	Bitmap Heap Scan on sbtest6  (cost=5.57..444.49 rows=111 width=125)
	  Recheck Cond: ((k >= 5491378) AND (k <= 5491478))
	  ->  Bitmap Index Scan on k_6  (cost=0.00..5.54 rows=111 width=0)
	        Index Cond: ((k >= 5491378) AND (k <= 5491478))

table 7 : explain SELECT k, c FROM sbtest7 WHERE k BETWEEN 5491378 AND 5491478
	Bitmap Heap Scan on sbtest7  (cost=5.49..413.00 rows=103 width=125)
	  Recheck Cond: ((k >= 5491378) AND (k <= 5491478))
	  ->  Bitmap Index Scan on k_7  (cost=0.00..5.46 rows=103 width=0)
	        Index Cond: ((k >= 5491378) AND (k <= 5491478))

table 8 : explain SELECT k, c FROM sbtest8 WHERE k BETWEEN 5491378 AND 5491478
	Bitmap Heap Scan on sbtest8  (cost=5.53..428.75 rows=107 width=125)
	  Recheck Cond: ((k >= 5491378) AND (k <= 5491478))
	  ->  Bitmap Index Scan on k_8  (cost=0.00..5.50 rows=107 width=0)
	        Index Cond: ((k >= 5491378) AND (k <= 5491478))

for range-notcovered
table 1 : explain SELECT k, c FROM sbtest1 WHERE k BETWEEN 632938 AND 633038
	Bitmap Heap Scan on sbtest1  (cost=5.50..416.94 rows=104 width=125)
	  Recheck Cond: ((k >= 632938) AND (k <= 633038))
	  ->  Bitmap Index Scan on k_1  (cost=0.00..5.47 rows=104 width=0)
	        Index Cond: ((k >= 632938) AND (k <= 633038))

table 2 : explain SELECT k, c FROM sbtest2 WHERE k BETWEEN 632938 AND 633038
	Bitmap Heap Scan on sbtest2  (cost=5.55..436.62 rows=109 width=125)
	  Recheck Cond: ((k >= 632938) AND (k <= 633038))
	  ->  Bitmap Index Scan on k_2  (cost=0.00..5.52 rows=109 width=0)
	        Index Cond: ((k >= 632938) AND (k <= 633038))

table 3 : explain SELECT k, c FROM sbtest3 WHERE k BETWEEN 632938 AND 633038
	Bitmap Heap Scan on sbtest3  (cost=5.38..369.67 rows=92 width=125)
	  Recheck Cond: ((k >= 632938) AND (k <= 633038))
	  ->  Bitmap Index Scan on k_3  (cost=0.00..5.35 rows=92 width=0)
	        Index Cond: ((k >= 632938) AND (k <= 633038))

table 4 : explain SELECT k, c FROM sbtest4 WHERE k BETWEEN 632938 AND 633038
	Bitmap Heap Scan on sbtest4  (cost=5.55..436.62 rows=109 width=125)
	  Recheck Cond: ((k >= 632938) AND (k <= 633038))
	  ->  Bitmap Index Scan on k_4  (cost=0.00..5.52 rows=109 width=0)
	        Index Cond: ((k >= 632938) AND (k <= 633038))

table 5 : explain SELECT k, c FROM sbtest5 WHERE k BETWEEN 632938 AND 633038
	Bitmap Heap Scan on sbtest5  (cost=5.58..448.42 rows=112 width=125)
	  Recheck Cond: ((k >= 632938) AND (k <= 633038))
	  ->  Bitmap Index Scan on k_5  (cost=0.00..5.55 rows=112 width=0)
	        Index Cond: ((k >= 632938) AND (k <= 633038))

table 6 : explain SELECT k, c FROM sbtest6 WHERE k BETWEEN 632938 AND 633038
	Bitmap Heap Scan on sbtest6  (cost=5.47..405.13 rows=101 width=125)
	  Recheck Cond: ((k >= 632938) AND (k <= 633038))
	  ->  Bitmap Index Scan on k_6  (cost=0.00..5.44 rows=101 width=0)
	        Index Cond: ((k >= 632938) AND (k <= 633038))

table 7 : explain SELECT k, c FROM sbtest7 WHERE k BETWEEN 632938 AND 633038
	Bitmap Heap Scan on sbtest7  (cost=5.42..385.43 rows=96 width=125)
	  Recheck Cond: ((k >= 632938) AND (k <= 633038))
	  ->  Bitmap Index Scan on k_7  (cost=0.00..5.39 rows=96 width=0)
	        Index Cond: ((k >= 632938) AND (k <= 633038))

table 8 : explain SELECT k, c FROM sbtest8 WHERE k BETWEEN 632938 AND 633038
	Bitmap Heap Scan on sbtest8  (cost=5.55..436.62 rows=109 width=125)
	  Recheck Cond: ((k >= 632938) AND (k <= 633038))
	  ->  Bitmap Index Scan on k_8  (cost=0.00..5.52 rows=109 width=0)
	        Index Cond: ((k >= 632938) AND (k <= 633038))

for range-notcovered
table 1 : explain SELECT k, c FROM sbtest1 WHERE k BETWEEN 5573521 AND 5573621
	Bitmap Heap Scan on sbtest1  (cost=5.53..428.75 rows=107 width=125)
	  Recheck Cond: ((k >= 5573521) AND (k <= 5573621))
	  ->  Bitmap Index Scan on k_1  (cost=0.00..5.50 rows=107 width=0)
	        Index Cond: ((k >= 5573521) AND (k <= 5573621))

table 2 : explain SELECT k, c FROM sbtest2 WHERE k BETWEEN 5573521 AND 5573621
	Bitmap Heap Scan on sbtest2  (cost=5.54..432.69 rows=108 width=125)
	  Recheck Cond: ((k >= 5573521) AND (k <= 5573621))
	  ->  Bitmap Index Scan on k_2  (cost=0.00..5.51 rows=108 width=0)
	        Index Cond: ((k >= 5573521) AND (k <= 5573621))

table 3 : explain SELECT k, c FROM sbtest3 WHERE k BETWEEN 5573521 AND 5573621
	Bitmap Heap Scan on sbtest3  (cost=5.50..416.94 rows=104 width=125)
	  Recheck Cond: ((k >= 5573521) AND (k <= 5573621))
	  ->  Bitmap Index Scan on k_3  (cost=0.00..5.47 rows=104 width=0)
	        Index Cond: ((k >= 5573521) AND (k <= 5573621))

table 4 : explain SELECT k, c FROM sbtest4 WHERE k BETWEEN 5573521 AND 5573621
	Bitmap Heap Scan on sbtest4  (cost=5.45..397.25 rows=99 width=125)
	  Recheck Cond: ((k >= 5573521) AND (k <= 5573621))
	  ->  Bitmap Index Scan on k_4  (cost=0.00..5.42 rows=99 width=0)
	        Index Cond: ((k >= 5573521) AND (k <= 5573621))

table 5 : explain SELECT k, c FROM sbtest5 WHERE k BETWEEN 5573521 AND 5573621
	Bitmap Heap Scan on sbtest5  (cost=5.47..405.13 rows=101 width=125)
	  Recheck Cond: ((k >= 5573521) AND (k <= 5573621))
	  ->  Bitmap Index Scan on k_5  (cost=0.00..5.44 rows=101 width=0)
	        Index Cond: ((k >= 5573521) AND (k <= 5573621))

table 6 : explain SELECT k, c FROM sbtest6 WHERE k BETWEEN 5573521 AND 5573621
	Bitmap Heap Scan on sbtest6  (cost=5.41..381.49 rows=95 width=125)
	  Recheck Cond: ((k >= 5573521) AND (k <= 5573621))
	  ->  Bitmap Index Scan on k_6  (cost=0.00..5.38 rows=95 width=0)
	        Index Cond: ((k >= 5573521) AND (k <= 5573621))

table 7 : explain SELECT k, c FROM sbtest7 WHERE k BETWEEN 5573521 AND 5573621
	Bitmap Heap Scan on sbtest7  (cost=5.44..393.31 rows=98 width=125)
	  Recheck Cond: ((k >= 5573521) AND (k <= 5573621))
	  ->  Bitmap Index Scan on k_7  (cost=0.00..5.42 rows=98 width=0)
	        Index Cond: ((k >= 5573521) AND (k <= 5573621))

table 8 : explain SELECT k, c FROM sbtest8 WHERE k BETWEEN 5573521 AND 5573621
	Bitmap Heap Scan on sbtest8  (cost=5.48..409.07 rows=102 width=125)
	  Recheck Cond: ((k >= 5573521) AND (k <= 5573621))
	  ->  Bitmap Index Scan on k_8  (cost=0.00..5.45 rows=102 width=0)
	        Index Cond: ((k >= 5573521) AND (k <= 5573621))

explain: for range-notcovered :: explain SELECT k, c FROM sbtest%d WHERE k BETWEEN 5491378 AND 5491478
explain: for range-notcovered :: explain SELECT k, c FROM sbtest%d WHERE k BETWEEN 5573521 AND 5573621
for range-notcovered
table 1 : explain SELECT k, c FROM sbtest1 WHERE k BETWEEN 659562 AND 659662
	Bitmap Heap Scan on sbtest1  (cost=5.50..416.94 rows=104 width=125)
	  Recheck Cond: ((k >= 659562) AND (k <= 659662))
	  ->  Bitmap Index Scan on k_1  (cost=0.00..5.47 rows=104 width=0)
	        Index Cond: ((k >= 659562) AND (k <= 659662))

table 2 : explain SELECT k, c FROM sbtest2 WHERE k BETWEEN 659562 AND 659662
	Bitmap Heap Scan on sbtest2  (cost=5.55..436.62 rows=109 width=125)
	  Recheck Cond: ((k >= 659562) AND (k <= 659662))
	  ->  Bitmap Index Scan on k_2  (cost=0.00..5.52 rows=109 width=0)
	        Index Cond: ((k >= 659562) AND (k <= 659662))

table 3 : explain SELECT k, c FROM sbtest3 WHERE k BETWEEN 659562 AND 659662
	Bitmap Heap Scan on sbtest3  (cost=5.38..369.67 rows=92 width=125)
	  Recheck Cond: ((k >= 659562) AND (k <= 659662))
	  ->  Bitmap Index Scan on k_3  (cost=0.00..5.35 rows=92 width=0)
	        Index Cond: ((k >= 659562) AND (k <= 659662))

table 4 : explain SELECT k, c FROM sbtest4 WHERE k BETWEEN 659562 AND 659662
	Bitmap Heap Scan on sbtest4  (cost=5.55..436.62 rows=109 width=125)
	  Recheck Cond: ((k >= 659562) AND (k <= 659662))
	  ->  Bitmap Index Scan on k_4  (cost=0.00..5.52 rows=109 width=0)
	        Index Cond: ((k >= 659562) AND (k <= 659662))

table 5 : explain SELECT k, c FROM sbtest5 WHERE k BETWEEN 659562 AND 659662
	Bitmap Heap Scan on sbtest5  (cost=5.58..448.42 rows=112 width=125)
	  Recheck Cond: ((k >= 659562) AND (k <= 659662))
	  ->  Bitmap Index Scan on k_5  (cost=0.00..5.55 rows=112 width=0)
	        Index Cond: ((k >= 659562) AND (k <= 659662))

table 6 : explain SELECT k, c FROM sbtest6 WHERE k BETWEEN 659562 AND 659662
	Bitmap Heap Scan on sbtest6  (cost=5.47..405.13 rows=101 width=125)
	  Recheck Cond: ((k >= 659562) AND (k <= 659662))
	  ->  Bitmap Index Scan on k_6  (cost=0.00..5.44 rows=101 width=0)
	        Index Cond: ((k >= 659562) AND (k <= 659662))

table 7 : explain SELECT k, c FROM sbtest7 WHERE k BETWEEN 659562 AND 659662
	Bitmap Heap Scan on sbtest7  (cost=5.42..385.43 rows=96 width=125)
	  Recheck Cond: ((k >= 659562) AND (k <= 659662))
	  ->  Bitmap Index Scan on k_7  (cost=0.00..5.39 rows=96 width=0)
	        Index Cond: ((k >= 659562) AND (k <= 659662))

table 8 : explain SELECT k, c FROM sbtest8 WHERE k BETWEEN 659562 AND 659662
	Bitmap Heap Scan on sbtest8  (cost=5.55..436.62 rows=109 width=125)
	  Recheck Cond: ((k >= 659562) AND (k <= 659662))
	  ->  Bitmap Index Scan on k_8  (cost=0.00..5.52 rows=109 width=0)
	        Index Cond: ((k >= 659562) AND (k <= 659662))
for range-notcovered
table 1 : explain SELECT k, c FROM sbtest1 WHERE k BETWEEN 5514895 AND 5514995
	Bitmap Heap Scan on sbtest1  (cost=5.37..365.72 rows=91 width=125)
	  Recheck Cond: ((k >= 5514895) AND (k <= 5514995))
	  ->  Bitmap Index Scan on k_1  (cost=0.00..5.34 rows=91 width=0)
	        Index Cond: ((k >= 5514895) AND (k <= 5514995))

table 2 : explain SELECT k, c FROM sbtest2 WHERE k BETWEEN 5514895 AND 5514995
	Bitmap Heap Scan on sbtest2  (cost=5.46..401.19 rows=100 width=125)
	  Recheck Cond: ((k >= 5514895) AND (k <= 5514995))
	  ->  Bitmap Index Scan on k_2  (cost=0.00..5.43 rows=100 width=0)
	        Index Cond: ((k >= 5514895) AND (k <= 5514995))

table 3 : explain SELECT k, c FROM sbtest3 WHERE k BETWEEN 5514895 AND 5514995
	Bitmap Heap Scan on sbtest3  (cost=5.52..424.81 rows=106 width=125)
	  Recheck Cond: ((k >= 5514895) AND (k <= 5514995))
	  ->  Bitmap Index Scan on k_3  (cost=0.00..5.50 rows=106 width=0)
	        Index Cond: ((k >= 5514895) AND (k <= 5514995))

table 4 : explain SELECT k, c FROM sbtest4 WHERE k BETWEEN 5514895 AND 5514995
	Bitmap Heap Scan on sbtest4  (cost=5.45..397.25 rows=99 width=125)
	  Recheck Cond: ((k >= 5514895) AND (k <= 5514995))
	  ->  Bitmap Index Scan on k_4  (cost=0.00..5.42 rows=99 width=0)
	        Index Cond: ((k >= 5514895) AND (k <= 5514995))

table 5 : explain SELECT k, c FROM sbtest5 WHERE k BETWEEN 5514895 AND 5514995
	Bitmap Heap Scan on sbtest5  (cost=5.47..405.13 rows=101 width=125)
	  Recheck Cond: ((k >= 5514895) AND (k <= 5514995))
	  ->  Bitmap Index Scan on k_5  (cost=0.00..5.44 rows=101 width=0)
	        Index Cond: ((k >= 5514895) AND (k <= 5514995))

table 6 : explain SELECT k, c FROM sbtest6 WHERE k BETWEEN 5514895 AND 5514995
	Bitmap Heap Scan on sbtest6  (cost=5.41..381.49 rows=95 width=125)
	  Recheck Cond: ((k >= 5514895) AND (k <= 5514995))
	  ->  Bitmap Index Scan on k_6  (cost=0.00..5.38 rows=95 width=0)
	        Index Cond: ((k >= 5514895) AND (k <= 5514995))

table 7 : explain SELECT k, c FROM sbtest7 WHERE k BETWEEN 5514895 AND 5514995
	Bitmap Heap Scan on sbtest7  (cost=5.49..413.00 rows=103 width=125)
	  Recheck Cond: ((k >= 5514895) AND (k <= 5514995))
	  ->  Bitmap Index Scan on k_7  (cost=0.00..5.46 rows=103 width=0)
	        Index Cond: ((k >= 5514895) AND (k <= 5514995))

table 8 : explain SELECT k, c FROM sbtest8 WHERE k BETWEEN 5514895 AND 5514995
	Bitmap Heap Scan on sbtest8  (cost=5.48..409.07 rows=102 width=125)
	  Recheck Cond: ((k >= 5514895) AND (k <= 5514995))
	  ->  Bitmap Index Scan on k_8  (cost=0.00..5.45 rows=102 width=0)
	        Index Cond: ((k >= 5514895) AND (k <= 5514995))


explain: for range-notcovered :: explain SELECT k, c FROM sbtest%d WHERE k BETWEEN 632938 AND 633038
explain: for range-notcovered :: explain SELECT k, c FROM sbtest%d WHERE k BETWEEN 4403128 AND 4403228
for range-notcovered
table 1 : explain SELECT k, c FROM sbtest1 WHERE k BETWEEN 7263604 AND 7263704
	Bitmap Heap Scan on sbtest1  (cost=5.54..432.69 rows=108 width=125)
	  Recheck Cond: ((k >= 7263604) AND (k <= 7263704))
	  ->  Bitmap Index Scan on k_1  (cost=0.00..5.51 rows=108 width=0)
	        Index Cond: ((k >= 7263604) AND (k <= 7263704))

table 2 : explain SELECT k, c FROM sbtest2 WHERE k BETWEEN 7263604 AND 7263704
	Bitmap Heap Scan on sbtest2  (cost=5.50..416.94 rows=104 width=125)
	  Recheck Cond: ((k >= 7263604) AND (k <= 7263704))
	  ->  Bitmap Index Scan on k_2  (cost=0.00..5.47 rows=104 width=0)
	        Index Cond: ((k >= 7263604) AND (k <= 7263704))

table 3 : explain SELECT k, c FROM sbtest3 WHERE k BETWEEN 7263604 AND 7263704
	Bitmap Heap Scan on sbtest3  (cost=5.47..405.13 rows=101 width=125)
	  Recheck Cond: ((k >= 7263604) AND (k <= 7263704))
	  ->  Bitmap Index Scan on k_3  (cost=0.00..5.44 rows=101 width=0)
	        Index Cond: ((k >= 7263604) AND (k <= 7263704))

table 4 : explain SELECT k, c FROM sbtest4 WHERE k BETWEEN 7263604 AND 7263704
	Bitmap Heap Scan on sbtest4  (cost=5.44..393.31 rows=98 width=125)
	  Recheck Cond: ((k >= 7263604) AND (k <= 7263704))
	  ->  Bitmap Index Scan on k_4  (cost=0.00..5.42 rows=98 width=0)
	        Index Cond: ((k >= 7263604) AND (k <= 7263704))

table 5 : explain SELECT k, c FROM sbtest5 WHERE k BETWEEN 7263604 AND 7263704
	Bitmap Heap Scan on sbtest5  (cost=5.49..413.00 rows=103 width=125)
	  Recheck Cond: ((k >= 7263604) AND (k <= 7263704))
	  ->  Bitmap Index Scan on k_5  (cost=0.00..5.46 rows=103 width=0)
	        Index Cond: ((k >= 7263604) AND (k <= 7263704))

table 6 : explain SELECT k, c FROM sbtest6 WHERE k BETWEEN 7263604 AND 7263704
	Bitmap Heap Scan on sbtest6  (cost=5.48..409.07 rows=102 width=125)
	  Recheck Cond: ((k >= 7263604) AND (k <= 7263704))
	  ->  Bitmap Index Scan on k_6  (cost=0.00..5.45 rows=102 width=0)
	        Index Cond: ((k >= 7263604) AND (k <= 7263704))

table 7 : explain SELECT k, c FROM sbtest7 WHERE k BETWEEN 7263604 AND 7263704
	Bitmap Heap Scan on sbtest7  (cost=5.47..405.13 rows=101 width=125)
	  Recheck Cond: ((k >= 7263604) AND (k <= 7263704))
	  ->  Bitmap Index Scan on k_7  (cost=0.00..5.44 rows=101 width=0)
	        Index Cond: ((k >= 7263604) AND (k <= 7263704))

table 8 : explain SELECT k, c FROM sbtest8 WHERE k BETWEEN 7263604 AND 7263704
	Bitmap Heap Scan on sbtest8  (cost=5.55..436.62 rows=109 width=125)
	  Recheck Cond: ((k >= 7263604) AND (k <= 7263704))
	  ->  Bitmap Index Scan on k_8  (cost=0.00..5.52 rows=109 width=0)
	        Index Cond: ((k >= 7263604) AND (k <= 7263704))

for range-notcovered
table 1 : explain SELECT k, c FROM sbtest1 WHERE k BETWEEN 5491378 AND 5491478
	Bitmap Heap Scan on sbtest1  (cost=5.37..365.72 rows=91 width=125)
	  Recheck Cond: ((k >= 5491378) AND (k <= 5491478))
	  ->  Bitmap Index Scan on k_1  (cost=0.00..5.34 rows=91 width=0)
	        Index Cond: ((k >= 5491378) AND (k <= 5491478))

table 2 : explain SELECT k, c FROM sbtest2 WHERE k BETWEEN 5491378 AND 5491478
	Bitmap Heap Scan on sbtest2  (cost=5.46..401.19 rows=100 width=125)
	  Recheck Cond: ((k >= 5491378) AND (k <= 5491478))
	  ->  Bitmap Index Scan on k_2  (cost=0.00..5.43 rows=100 width=0)
	        Index Cond: ((k >= 5491378) AND (k <= 5491478))

table 3 : explain SELECT k, c FROM sbtest3 WHERE k BETWEEN 5491378 AND 5491478
	Bitmap Heap Scan on sbtest3  (cost=5.52..424.81 rows=106 width=125)
	  Recheck Cond: ((k >= 5491378) AND (k <= 5491478))
	  ->  Bitmap Index Scan on k_3  (cost=0.00..5.50 rows=106 width=0)
	        Index Cond: ((k >= 5491378) AND (k <= 5491478))

table 4 : explain SELECT k, c FROM sbtest4 WHERE k BETWEEN 5491378 AND 5491478
	Bitmap Heap Scan on sbtest4  (cost=5.55..436.62 rows=109 width=125)
	  Recheck Cond: ((k >= 5491378) AND (k <= 5491478))
	  ->  Bitmap Index Scan on k_4  (cost=0.00..5.52 rows=109 width=0)
	        Index Cond: ((k >= 5491378) AND (k <= 5491478))

table 5 : explain SELECT k, c FROM sbtest5 WHERE k BETWEEN 5491378 AND 5491478
	Bitmap Heap Scan on sbtest5  (cost=5.40..377.55 rows=94 width=125)
	  Recheck Cond: ((k >= 5491378) AND (k <= 5491478))
	  ->  Bitmap Index Scan on k_5  (cost=0.00..5.38 rows=94 width=0)
	        Index Cond: ((k >= 5491378) AND (k <= 5491478))

table 6 : explain SELECT k, c FROM sbtest6 WHERE k BETWEEN 5491378 AND 5491478
	Bitmap Heap Scan on sbtest6  (cost=5.57..444.49 rows=111 width=125)
	  Recheck Cond: ((k >= 5491378) AND (k <= 5491478))
	  ->  Bitmap Index Scan on k_6  (cost=0.00..5.54 rows=111 width=0)
	        Index Cond: ((k >= 5491378) AND (k <= 5491478))

table 7 : explain SELECT k, c FROM sbtest7 WHERE k BETWEEN 5491378 AND 5491478
	Bitmap Heap Scan on sbtest7  (cost=5.49..413.00 rows=103 width=125)
	  Recheck Cond: ((k >= 5491378) AND (k <= 5491478))
	  ->  Bitmap Index Scan on k_7  (cost=0.00..5.46 rows=103 width=0)
	        Index Cond: ((k >= 5491378) AND (k <= 5491478))

table 8 : explain SELECT k, c FROM sbtest8 WHERE k BETWEEN 5491378 AND 5491478
	Bitmap Heap Scan on sbtest8  (cost=5.53..428.75 rows=107 width=125)
	  Recheck Cond: ((k >= 5491378) AND (k <= 5491478))
	  ->  Bitmap Index Scan on k_8  (cost=0.00..5.50 rows=107 width=0)
	        Index Cond: ((k >= 5491378) AND (k <= 5491478))

explain: for range-notcovered :: explain SELECT k, c FROM sbtest%d WHERE k BETWEEN 5514895 AND 5514995
explain: for range-notcovered :: explain SELECT k, c FROM sbtest%d WHERE k BETWEEN 5491378 AND 5491478
for range-notcovered
table 1 : explain SELECT k, c FROM sbtest1 WHERE k BETWEEN 5573521 AND 5573621
	Bitmap Heap Scan on sbtest1  (cost=5.53..428.75 rows=107 width=125)
	  Recheck Cond: ((k >= 5573521) AND (k <= 5573621))
	  ->  Bitmap Index Scan on k_1  (cost=0.00..5.50 rows=107 width=0)
	        Index Cond: ((k >= 5573521) AND (k <= 5573621))

table 2 : explain SELECT k, c FROM sbtest2 WHERE k BETWEEN 5573521 AND 5573621
	Bitmap Heap Scan on sbtest2  (cost=5.54..432.69 rows=108 width=125)
	  Recheck Cond: ((k >= 5573521) AND (k <= 5573621))
	  ->  Bitmap Index Scan on k_2  (cost=0.00..5.51 rows=108 width=0)
	        Index Cond: ((k >= 5573521) AND (k <= 5573621))

table 3 : explain SELECT k, c FROM sbtest3 WHERE k BETWEEN 5573521 AND 5573621
	Bitmap Heap Scan on sbtest3  (cost=5.50..416.94 rows=104 width=125)
	  Recheck Cond: ((k >= 5573521) AND (k <= 5573621))
	  ->  Bitmap Index Scan on k_3  (cost=0.00..5.47 rows=104 width=0)
	        Index Cond: ((k >= 5573521) AND (k <= 5573621))

table 4 : explain SELECT k, c FROM sbtest4 WHERE k BETWEEN 5573521 AND 5573621
	Bitmap Heap Scan on sbtest4  (cost=5.45..397.25 rows=99 width=125)
	  Recheck Cond: ((k >= 5573521) AND (k <= 5573621))
	  ->  Bitmap Index Scan on k_4  (cost=0.00..5.42 rows=99 width=0)
	        Index Cond: ((k >= 5573521) AND (k <= 5573621))

table 5 : explain SELECT k, c FROM sbtest5 WHERE k BETWEEN 5573521 AND 5573621
	Bitmap Heap Scan on sbtest5  (cost=5.47..405.13 rows=101 width=125)
	  Recheck Cond: ((k >= 5573521) AND (k <= 5573621))
	  ->  Bitmap Index Scan on k_5  (cost=0.00..5.44 rows=101 width=0)
	        Index Cond: ((k >= 5573521) AND (k <= 5573621))

table 6 : explain SELECT k, c FROM sbtest6 WHERE k BETWEEN 5573521 AND 5573621
	Bitmap Heap Scan on sbtest6  (cost=5.41..381.49 rows=95 width=125)
	  Recheck Cond: ((k >= 5573521) AND (k <= 5573621))
	  ->  Bitmap Index Scan on k_6  (cost=0.00..5.38 rows=95 width=0)
	        Index Cond: ((k >= 5573521) AND (k <= 5573621))

table 7 : explain SELECT k, c FROM sbtest7 WHERE k BETWEEN 5573521 AND 5573621
	Bitmap Heap Scan on sbtest7  (cost=5.44..393.31 rows=98 width=125)
	  Recheck Cond: ((k >= 5573521) AND (k <= 5573621))
	  ->  Bitmap Index Scan on k_7  (cost=0.00..5.42 rows=98 width=0)
	        Index Cond: ((k >= 5573521) AND (k <= 5573621))

table 8 : explain SELECT k, c FROM sbtest8 WHERE k BETWEEN 5573521 AND 5573621
	Bitmap Heap Scan on sbtest8  (cost=5.48..409.07 rows=102 width=125)
	  Recheck Cond: ((k >= 5573521) AND (k <= 5573621))
	  ->  Bitmap Index Scan on k_8  (cost=0.00..5.45 rows=102 width=0)
	        Index Cond: ((k >= 5573521) AND (k <= 5573621))

for range-notcovered
table 1 : explain SELECT k, c FROM sbtest1 WHERE k BETWEEN 6062903 AND 6063003
	Bitmap Heap Scan on sbtest1  (cost=5.39..373.61 rows=93 width=125)
	  Recheck Cond: ((k >= 6062903) AND (k <= 6063003))
	  ->  Bitmap Index Scan on k_1  (cost=0.00..5.36 rows=93 width=0)
	        Index Cond: ((k >= 6062903) AND (k <= 6063003))

table 2 : explain SELECT k, c FROM sbtest2 WHERE k BETWEEN 6062903 AND 6063003
	Bitmap Heap Scan on sbtest2  (cost=5.51..420.88 rows=105 width=125)
	  Recheck Cond: ((k >= 6062903) AND (k <= 6063003))
	  ->  Bitmap Index Scan on k_2  (cost=0.00..5.48 rows=105 width=0)
	        Index Cond: ((k >= 6062903) AND (k <= 6063003))

table 3 : explain SELECT k, c FROM sbtest3 WHERE k BETWEEN 6062903 AND 6063003
	Bitmap Heap Scan on sbtest3  (cost=5.51..420.88 rows=105 width=125)
	  Recheck Cond: ((k >= 6062903) AND (k <= 6063003))
	  ->  Bitmap Index Scan on k_3  (cost=0.00..5.48 rows=105 width=0)
	        Index Cond: ((k >= 6062903) AND (k <= 6063003))

table 4 : explain SELECT k, c FROM sbtest4 WHERE k BETWEEN 6062903 AND 6063003
	Bitmap Heap Scan on sbtest4  (cost=5.51..420.88 rows=105 width=125)
	  Recheck Cond: ((k >= 6062903) AND (k <= 6063003))
	  ->  Bitmap Index Scan on k_4  (cost=0.00..5.48 rows=105 width=0)
	        Index Cond: ((k >= 6062903) AND (k <= 6063003))

table 5 : explain SELECT k, c FROM sbtest5 WHERE k BETWEEN 6062903 AND 6063003
	Bitmap Heap Scan on sbtest5  (cost=5.40..377.55 rows=94 width=125)
	  Recheck Cond: ((k >= 6062903) AND (k <= 6063003))
	  ->  Bitmap Index Scan on k_5  (cost=0.00..5.38 rows=94 width=0)
	        Index Cond: ((k >= 6062903) AND (k <= 6063003))

table 6 : explain SELECT k, c FROM sbtest6 WHERE k BETWEEN 6062903 AND 6063003
	Bitmap Heap Scan on sbtest6  (cost=5.49..413.00 rows=103 width=125)
	  Recheck Cond: ((k >= 6062903) AND (k <= 6063003))
	  ->  Bitmap Index Scan on k_6  (cost=0.00..5.46 rows=103 width=0)
	        Index Cond: ((k >= 6062903) AND (k <= 6063003))

table 7 : explain SELECT k, c FROM sbtest7 WHERE k BETWEEN 6062903 AND 6063003
	Bitmap Heap Scan on sbtest7  (cost=5.52..424.81 rows=106 width=125)
	  Recheck Cond: ((k >= 6062903) AND (k <= 6063003))
	  ->  Bitmap Index Scan on k_7  (cost=0.00..5.50 rows=106 width=0)
	        Index Cond: ((k >= 6062903) AND (k <= 6063003))

table 8 : explain SELECT k, c FROM sbtest8 WHERE k BETWEEN 6062903 AND 6063003
	Bitmap Heap Scan on sbtest8  (cost=5.47..405.13 rows=101 width=125)
	  Recheck Cond: ((k >= 6062903) AND (k <= 6063003))
	  ->  Bitmap Index Scan on k_8  (cost=0.00..5.44 rows=101 width=0)
	        Index Cond: ((k >= 6062903) AND (k <= 6063003))

explain: for range-notcovered :: explain SELECT k, c FROM sbtest%d WHERE k BETWEEN 6062903 AND 6063003
explain: for range-notcovered :: explain SELECT k, c FROM sbtest%d WHERE k BETWEEN 4841550 AND 4841650
for range-notcovered
table 1 : explain SELECT k, c FROM sbtest1 WHERE k BETWEEN 5491378 AND 5491478
	Bitmap Heap Scan on sbtest1  (cost=5.37..365.72 rows=91 width=125)
	  Recheck Cond: ((k >= 5491378) AND (k <= 5491478))
	  ->  Bitmap Index Scan on k_1  (cost=0.00..5.34 rows=91 width=0)
	        Index Cond: ((k >= 5491378) AND (k <= 5491478))

table 2 : explain SELECT k, c FROM sbtest2 WHERE k BETWEEN 5491378 AND 5491478
	Bitmap Heap Scan on sbtest2  (cost=5.46..401.19 rows=100 width=125)
	  Recheck Cond: ((k >= 5491378) AND (k <= 5491478))
	  ->  Bitmap Index Scan on k_2  (cost=0.00..5.43 rows=100 width=0)
	        Index Cond: ((k >= 5491378) AND (k <= 5491478))

table 3 : explain SELECT k, c FROM sbtest3 WHERE k BETWEEN 5491378 AND 5491478
	Bitmap Heap Scan on sbtest3  (cost=5.52..424.81 rows=106 width=125)
	  Recheck Cond: ((k >= 5491378) AND (k <= 5491478))
	  ->  Bitmap Index Scan on k_3  (cost=0.00..5.50 rows=106 width=0)
	        Index Cond: ((k >= 5491378) AND (k <= 5491478))

table 4 : explain SELECT k, c FROM sbtest4 WHERE k BETWEEN 5491378 AND 5491478
	Bitmap Heap Scan on sbtest4  (cost=5.55..436.62 rows=109 width=125)
	  Recheck Cond: ((k >= 5491378) AND (k <= 5491478))
	  ->  Bitmap Index Scan on k_4  (cost=0.00..5.52 rows=109 width=0)
	        Index Cond: ((k >= 5491378) AND (k <= 5491478))

table 5 : explain SELECT k, c FROM sbtest5 WHERE k BETWEEN 5491378 AND 5491478
	Bitmap Heap Scan on sbtest5  (cost=5.40..377.55 rows=94 width=125)
	  Recheck Cond: ((k >= 5491378) AND (k <= 5491478))
	  ->  Bitmap Index Scan on k_5  (cost=0.00..5.38 rows=94 width=0)
	        Index Cond: ((k >= 5491378) AND (k <= 5491478))

table 6 : explain SELECT k, c FROM sbtest6 WHERE k BETWEEN 5491378 AND 5491478
	Bitmap Heap Scan on sbtest6  (cost=5.57..444.49 rows=111 width=125)
	  Recheck Cond: ((k >= 5491378) AND (k <= 5491478))
	  ->  Bitmap Index Scan on k_6  (cost=0.00..5.54 rows=111 width=0)
	        Index Cond: ((k >= 5491378) AND (k <= 5491478))

table 7 : explain SELECT k, c FROM sbtest7 WHERE k BETWEEN 5491378 AND 5491478
	Bitmap Heap Scan on sbtest7  (cost=5.49..413.00 rows=103 width=125)
	  Recheck Cond: ((k >= 5491378) AND (k <= 5491478))
	  ->  Bitmap Index Scan on k_7  (cost=0.00..5.46 rows=103 width=0)
	        Index Cond: ((k >= 5491378) AND (k <= 5491478))

table 8 : explain SELECT k, c FROM sbtest8 WHERE k BETWEEN 5491378 AND 5491478
	Bitmap Heap Scan on sbtest8  (cost=5.53..428.75 rows=107 width=125)
	  Recheck Cond: ((k >= 5491378) AND (k <= 5491478))
	  ->  Bitmap Index Scan on k_8  (cost=0.00..5.50 rows=107 width=0)
	        Index Cond: ((k >= 5491378) AND (k <= 5491478))

explain: for range-notcovered :: explain SELECT k, c FROM sbtest%d WHERE k BETWEEN 5491378 AND 5491478
explain: for range-notcovered :: explain SELECT k, c FROM sbtest%d WHERE k BETWEEN 5573521 AND 5573621
for range-notcovered
table 1 : explain SELECT k, c FROM sbtest1 WHERE k BETWEEN 632938 AND 633038
	Bitmap Heap Scan on sbtest1  (cost=5.50..416.94 rows=104 width=125)
	  Recheck Cond: ((k >= 632938) AND (k <= 633038))
	  ->  Bitmap Index Scan on k_1  (cost=0.00..5.47 rows=104 width=0)
	        Index Cond: ((k >= 632938) AND (k <= 633038))

table 2 : explain SELECT k, c FROM sbtest2 WHERE k BETWEEN 632938 AND 633038
	Bitmap Heap Scan on sbtest2  (cost=5.55..436.62 rows=109 width=125)
	  Recheck Cond: ((k >= 632938) AND (k <= 633038))
	  ->  Bitmap Index Scan on k_2  (cost=0.00..5.52 rows=109 width=0)
	        Index Cond: ((k >= 632938) AND (k <= 633038))

table 3 : explain SELECT k, c FROM sbtest3 WHERE k BETWEEN 632938 AND 633038
	Bitmap Heap Scan on sbtest3  (cost=5.38..369.67 rows=92 width=125)
	  Recheck Cond: ((k >= 632938) AND (k <= 633038))
	  ->  Bitmap Index Scan on k_3  (cost=0.00..5.35 rows=92 width=0)
	        Index Cond: ((k >= 632938) AND (k <= 633038))

table 4 : explain SELECT k, c FROM sbtest4 WHERE k BETWEEN 632938 AND 633038
	Bitmap Heap Scan on sbtest4  (cost=5.55..436.62 rows=109 width=125)
	  Recheck Cond: ((k >= 632938) AND (k <= 633038))
	  ->  Bitmap Index Scan on k_4  (cost=0.00..5.52 rows=109 width=0)
	        Index Cond: ((k >= 632938) AND (k <= 633038))

table 5 : explain SELECT k, c FROM sbtest5 WHERE k BETWEEN 632938 AND 633038
	Bitmap Heap Scan on sbtest5  (cost=5.58..448.42 rows=112 width=125)
	  Recheck Cond: ((k >= 632938) AND (k <= 633038))
	  ->  Bitmap Index Scan on k_5  (cost=0.00..5.55 rows=112 width=0)
	        Index Cond: ((k >= 632938) AND (k <= 633038))

table 6 : explain SELECT k, c FROM sbtest6 WHERE k BETWEEN 632938 AND 633038
	Bitmap Heap Scan on sbtest6  (cost=5.47..405.13 rows=101 width=125)
	  Recheck Cond: ((k >= 632938) AND (k <= 633038))
	  ->  Bitmap Index Scan on k_6  (cost=0.00..5.44 rows=101 width=0)
	        Index Cond: ((k >= 632938) AND (k <= 633038))

table 7 : explain SELECT k, c FROM sbtest7 WHERE k BETWEEN 632938 AND 633038
	Bitmap Heap Scan on sbtest7  (cost=5.42..385.43 rows=96 width=125)
	  Recheck Cond: ((k >= 632938) AND (k <= 633038))
	  ->  Bitmap Index Scan on k_7  (cost=0.00..5.39 rows=96 width=0)
	        Index Cond: ((k >= 632938) AND (k <= 633038))

table 8 : explain SELECT k, c FROM sbtest8 WHERE k BETWEEN 632938 AND 633038
	Bitmap Heap Scan on sbtest8  (cost=5.55..436.62 rows=109 width=125)
	  Recheck Cond: ((k >= 632938) AND (k <= 633038))
	  ->  Bitmap Index Scan on k_8  (cost=0.00..5.52 rows=109 width=0)
	        Index Cond: ((k >= 632938) AND (k <= 633038))

explain: for range-notcovered :: explain SELECT k, c FROM sbtest%d WHERE k BETWEEN 632938 AND 633038
explain: for range-notcovered :: explain SELECT k, c FROM sbtest%d WHERE k BETWEEN 3301775 AND 3301875
for range-notcovered
table 1 : explain SELECT k, c FROM sbtest1 WHERE k BETWEEN 6062903 AND 6063003
	Bitmap Heap Scan on sbtest1  (cost=5.39..373.61 rows=93 width=125)
	  Recheck Cond: ((k >= 6062903) AND (k <= 6063003))
	  ->  Bitmap Index Scan on k_1  (cost=0.00..5.36 rows=93 width=0)
	        Index Cond: ((k >= 6062903) AND (k <= 6063003))

table 2 : explain SELECT k, c FROM sbtest2 WHERE k BETWEEN 6062903 AND 6063003
	Bitmap Heap Scan on sbtest2  (cost=5.51..420.88 rows=105 width=125)
	  Recheck Cond: ((k >= 6062903) AND (k <= 6063003))
	  ->  Bitmap Index Scan on k_2  (cost=0.00..5.48 rows=105 width=0)
	        Index Cond: ((k >= 6062903) AND (k <= 6063003))

table 3 : explain SELECT k, c FROM sbtest3 WHERE k BETWEEN 6062903 AND 6063003
	Bitmap Heap Scan on sbtest3  (cost=5.51..420.88 rows=105 width=125)
	  Recheck Cond: ((k >= 6062903) AND (k <= 6063003))
	  ->  Bitmap Index Scan on k_3  (cost=0.00..5.48 rows=105 width=0)
	        Index Cond: ((k >= 6062903) AND (k <= 6063003))

table 4 : explain SELECT k, c FROM sbtest4 WHERE k BETWEEN 6062903 AND 6063003
	Bitmap Heap Scan on sbtest4  (cost=5.51..420.88 rows=105 width=125)
	  Recheck Cond: ((k >= 6062903) AND (k <= 6063003))
	  ->  Bitmap Index Scan on k_4  (cost=0.00..5.48 rows=105 width=0)
	        Index Cond: ((k >= 6062903) AND (k <= 6063003))

table 5 : explain SELECT k, c FROM sbtest5 WHERE k BETWEEN 6062903 AND 6063003
	Bitmap Heap Scan on sbtest5  (cost=5.40..377.55 rows=94 width=125)
	  Recheck Cond: ((k >= 6062903) AND (k <= 6063003))
	  ->  Bitmap Index Scan on k_5  (cost=0.00..5.38 rows=94 width=0)
	        Index Cond: ((k >= 6062903) AND (k <= 6063003))

table 6 : explain SELECT k, c FROM sbtest6 WHERE k BETWEEN 6062903 AND 6063003
	Bitmap Heap Scan on sbtest6  (cost=5.49..413.00 rows=103 width=125)
	  Recheck Cond: ((k >= 6062903) AND (k <= 6063003))
	  ->  Bitmap Index Scan on k_6  (cost=0.00..5.46 rows=103 width=0)
	        Index Cond: ((k >= 6062903) AND (k <= 6063003))

table 7 : explain SELECT k, c FROM sbtest7 WHERE k BETWEEN 6062903 AND 6063003
	Bitmap Heap Scan on sbtest7  (cost=5.52..424.81 rows=106 width=125)
	  Recheck Cond: ((k >= 6062903) AND (k <= 6063003))
	  ->  Bitmap Index Scan on k_7  (cost=0.00..5.50 rows=106 width=0)
	        Index Cond: ((k >= 6062903) AND (k <= 6063003))

table 8 : explain SELECT k, c FROM sbtest8 WHERE k BETWEEN 6062903 AND 6063003
	Bitmap Heap Scan on sbtest8  (cost=5.47..405.13 rows=101 width=125)
	  Recheck Cond: ((k >= 6062903) AND (k <= 6063003))
	  ->  Bitmap Index Scan on k_8  (cost=0.00..5.44 rows=101 width=0)
	        Index Cond: ((k >= 6062903) AND (k <= 6063003))

explain: for range-notcovered :: explain SELECT k, c FROM sbtest%d WHERE k BETWEEN 6062903 AND 6063003
for range-notcovered
table 1 : explain SELECT k, c FROM sbtest1 WHERE k BETWEEN 5491378 AND 5491478
	Bitmap Heap Scan on sbtest1  (cost=5.37..365.72 rows=91 width=125)
	  Recheck Cond: ((k >= 5491378) AND (k <= 5491478))
	  ->  Bitmap Index Scan on k_1  (cost=0.00..5.34 rows=91 width=0)
	        Index Cond: ((k >= 5491378) AND (k <= 5491478))

table 2 : explain SELECT k, c FROM sbtest2 WHERE k BETWEEN 5491378 AND 5491478
	Bitmap Heap Scan on sbtest2  (cost=5.46..401.19 rows=100 width=125)
	  Recheck Cond: ((k >= 5491378) AND (k <= 5491478))
	  ->  Bitmap Index Scan on k_2  (cost=0.00..5.43 rows=100 width=0)
	        Index Cond: ((k >= 5491378) AND (k <= 5491478))

table 3 : explain SELECT k, c FROM sbtest3 WHERE k BETWEEN 5491378 AND 5491478
	Bitmap Heap Scan on sbtest3  (cost=5.52..424.81 rows=106 width=125)
	  Recheck Cond: ((k >= 5491378) AND (k <= 5491478))
	  ->  Bitmap Index Scan on k_3  (cost=0.00..5.50 rows=106 width=0)
	        Index Cond: ((k >= 5491378) AND (k <= 5491478))

table 4 : explain SELECT k, c FROM sbtest4 WHERE k BETWEEN 5491378 AND 5491478
	Bitmap Heap Scan on sbtest4  (cost=5.55..436.62 rows=109 width=125)
	  Recheck Cond: ((k >= 5491378) AND (k <= 5491478))
	  ->  Bitmap Index Scan on k_4  (cost=0.00..5.52 rows=109 width=0)
	        Index Cond: ((k >= 5491378) AND (k <= 5491478))

table 5 : explain SELECT k, c FROM sbtest5 WHERE k BETWEEN 5491378 AND 5491478
	Bitmap Heap Scan on sbtest5  (cost=5.40..377.55 rows=94 width=125)
	  Recheck Cond: ((k >= 5491378) AND (k <= 5491478))
	  ->  Bitmap Index Scan on k_5  (cost=0.00..5.38 rows=94 width=0)
	        Index Cond: ((k >= 5491378) AND (k <= 5491478))

table 6 : explain SELECT k, c FROM sbtest6 WHERE k BETWEEN 5491378 AND 5491478
	Bitmap Heap Scan on sbtest6  (cost=5.57..444.49 rows=111 width=125)
	  Recheck Cond: ((k >= 5491378) AND (k <= 5491478))
	  ->  Bitmap Index Scan on k_6  (cost=0.00..5.54 rows=111 width=0)
	        Index Cond: ((k >= 5491378) AND (k <= 5491478))

table 7 : explain SELECT k, c FROM sbtest7 WHERE k BETWEEN 5491378 AND 5491478
	Bitmap Heap Scan on sbtest7  (cost=5.49..413.00 rows=103 width=125)
	  Recheck Cond: ((k >= 5491378) AND (k <= 5491478))
	  ->  Bitmap Index Scan on k_7  (cost=0.00..5.46 rows=103 width=0)
	        Index Cond: ((k >= 5491378) AND (k <= 5491478))

table 8 : explain SELECT k, c FROM sbtest8 WHERE k BETWEEN 5491378 AND 5491478
	Bitmap Heap Scan on sbtest8  (cost=5.53..428.75 rows=107 width=125)
	  Recheck Cond: ((k >= 5491378) AND (k <= 5491478))
	  ->  Bitmap Index Scan on k_8  (cost=0.00..5.50 rows=107 width=0)
	        Index Cond: ((k >= 5491378) AND (k <= 5491478))

explain: for range-notcovered :: explain SELECT k, c FROM sbtest%d WHERE k BETWEEN 5491378 AND 5491478
for range-notcovered
table 1 : explain SELECT k, c FROM sbtest1 WHERE k BETWEEN 5514895 AND 5514995
	Bitmap Heap Scan on sbtest1  (cost=5.37..365.72 rows=91 width=125)
	  Recheck Cond: ((k >= 5514895) AND (k <= 5514995))
	  ->  Bitmap Index Scan on k_1  (cost=0.00..5.34 rows=91 width=0)
	        Index Cond: ((k >= 5514895) AND (k <= 5514995))

table 2 : explain SELECT k, c FROM sbtest2 WHERE k BETWEEN 5514895 AND 5514995
	Bitmap Heap Scan on sbtest2  (cost=5.46..401.19 rows=100 width=125)
	  Recheck Cond: ((k >= 5514895) AND (k <= 5514995))
	  ->  Bitmap Index Scan on k_2  (cost=0.00..5.43 rows=100 width=0)
	        Index Cond: ((k >= 5514895) AND (k <= 5514995))

table 3 : explain SELECT k, c FROM sbtest3 WHERE k BETWEEN 5514895 AND 5514995
	Bitmap Heap Scan on sbtest3  (cost=5.52..424.81 rows=106 width=125)
	  Recheck Cond: ((k >= 5514895) AND (k <= 5514995))
	  ->  Bitmap Index Scan on k_3  (cost=0.00..5.50 rows=106 width=0)
	        Index Cond: ((k >= 5514895) AND (k <= 5514995))

table 4 : explain SELECT k, c FROM sbtest4 WHERE k BETWEEN 5514895 AND 5514995
	Bitmap Heap Scan on sbtest4  (cost=5.45..397.25 rows=99 width=125)
	  Recheck Cond: ((k >= 5514895) AND (k <= 5514995))
	  ->  Bitmap Index Scan on k_4  (cost=0.00..5.42 rows=99 width=0)
	        Index Cond: ((k >= 5514895) AND (k <= 5514995))

table 5 : explain SELECT k, c FROM sbtest5 WHERE k BETWEEN 5514895 AND 5514995
	Bitmap Heap Scan on sbtest5  (cost=5.47..405.13 rows=101 width=125)
	  Recheck Cond: ((k >= 5514895) AND (k <= 5514995))
	  ->  Bitmap Index Scan on k_5  (cost=0.00..5.44 rows=101 width=0)
	        Index Cond: ((k >= 5514895) AND (k <= 5514995))

table 6 : explain SELECT k, c FROM sbtest6 WHERE k BETWEEN 5514895 AND 5514995
	Bitmap Heap Scan on sbtest6  (cost=5.41..381.49 rows=95 width=125)
	  Recheck Cond: ((k >= 5514895) AND (k <= 5514995))
	  ->  Bitmap Index Scan on k_6  (cost=0.00..5.38 rows=95 width=0)
	        Index Cond: ((k >= 5514895) AND (k <= 5514995))

table 7 : explain SELECT k, c FROM sbtest7 WHERE k BETWEEN 5514895 AND 5514995
	Bitmap Heap Scan on sbtest7  (cost=5.49..413.00 rows=103 width=125)
	  Recheck Cond: ((k >= 5514895) AND (k <= 5514995))
	  ->  Bitmap Index Scan on k_7  (cost=0.00..5.46 rows=103 width=0)
	        Index Cond: ((k >= 5514895) AND (k <= 5514995))

table 8 : explain SELECT k, c FROM sbtest8 WHERE k BETWEEN 5514895 AND 5514995
	Bitmap Heap Scan on sbtest8  (cost=5.48..409.07 rows=102 width=125)
	  Recheck Cond: ((k >= 5514895) AND (k <= 5514995))
	  ->  Bitmap Index Scan on k_8  (cost=0.00..5.45 rows=102 width=0)
	        Index Cond: ((k >= 5514895) AND (k <= 5514995))

for range-notcovered
table 1 : explain SELECT k, c FROM sbtest1 WHERE k BETWEEN 6062903 AND 6063003
	Bitmap Heap Scan on sbtest1  (cost=5.39..373.61 rows=93 width=125)
	  Recheck Cond: ((k >= 6062903) AND (k <= 6063003))
	  ->  Bitmap Index Scan on k_1  (cost=0.00..5.36 rows=93 width=0)
	        Index Cond: ((k >= 6062903) AND (k <= 6063003))

table 2 : explain SELECT k, c FROM sbtest2 WHERE k BETWEEN 6062903 AND 6063003
	Bitmap Heap Scan on sbtest2  (cost=5.51..420.88 rows=105 width=125)
	  Recheck Cond: ((k >= 6062903) AND (k <= 6063003))
	  ->  Bitmap Index Scan on k_2  (cost=0.00..5.48 rows=105 width=0)
	        Index Cond: ((k >= 6062903) AND (k <= 6063003))

table 3 : explain SELECT k, c FROM sbtest3 WHERE k BETWEEN 6062903 AND 6063003
	Bitmap Heap Scan on sbtest3  (cost=5.51..420.88 rows=105 width=125)
	  Recheck Cond: ((k >= 6062903) AND (k <= 6063003))
	  ->  Bitmap Index Scan on k_3  (cost=0.00..5.48 rows=105 width=0)
	        Index Cond: ((k >= 6062903) AND (k <= 6063003))

table 4 : explain SELECT k, c FROM sbtest4 WHERE k BETWEEN 6062903 AND 6063003
	Bitmap Heap Scan on sbtest4  (cost=5.51..420.88 rows=105 width=125)
	  Recheck Cond: ((k >= 6062903) AND (k <= 6063003))
	  ->  Bitmap Index Scan on k_4  (cost=0.00..5.48 rows=105 width=0)
	        Index Cond: ((k >= 6062903) AND (k <= 6063003))

table 5 : explain SELECT k, c FROM sbtest5 WHERE k BETWEEN 6062903 AND 6063003
	Bitmap Heap Scan on sbtest5  (cost=5.40..377.55 rows=94 width=125)
	  Recheck Cond: ((k >= 6062903) AND (k <= 6063003))
	  ->  Bitmap Index Scan on k_5  (cost=0.00..5.38 rows=94 width=0)
	        Index Cond: ((k >= 6062903) AND (k <= 6063003))

table 6 : explain SELECT k, c FROM sbtest6 WHERE k BETWEEN 6062903 AND 6063003
	Bitmap Heap Scan on sbtest6  (cost=5.49..413.00 rows=103 width=125)
	  Recheck Cond: ((k >= 6062903) AND (k <= 6063003))
	  ->  Bitmap Index Scan on k_6  (cost=0.00..5.46 rows=103 width=0)
	        Index Cond: ((k >= 6062903) AND (k <= 6063003))

table 7 : explain SELECT k, c FROM sbtest7 WHERE k BETWEEN 6062903 AND 6063003
	Bitmap Heap Scan on sbtest7  (cost=5.52..424.81 rows=106 width=125)
	  Recheck Cond: ((k >= 6062903) AND (k <= 6063003))
	  ->  Bitmap Index Scan on k_7  (cost=0.00..5.50 rows=106 width=0)
	        Index Cond: ((k >= 6062903) AND (k <= 6063003))

table 8 : explain SELECT k, c FROM sbtest8 WHERE k BETWEEN 6062903 AND 6063003
	Bitmap Heap Scan on sbtest8  (cost=5.47..405.13 rows=101 width=125)
	  Recheck Cond: ((k >= 6062903) AND (k <= 6063003))
	  ->  Bitmap Index Scan on k_8  (cost=0.00..5.44 rows=101 width=0)
	        Index Cond: ((k >= 6062903) AND (k <= 6063003))

explain: for range-notcovered :: explain SELECT k, c FROM sbtest%d WHERE k BETWEEN 5514895 AND 5514995
explain: for range-notcovered :: explain SELECT k, c FROM sbtest%d WHERE k BETWEEN 6062903 AND 6063003
for range-notcovered
table 1 : explain SELECT k, c FROM sbtest1 WHERE k BETWEEN 5491378 AND 5491478
	Bitmap Heap Scan on sbtest1  (cost=5.37..365.72 rows=91 width=125)
	  Recheck Cond: ((k >= 5491378) AND (k <= 5491478))
	  ->  Bitmap Index Scan on k_1  (cost=0.00..5.34 rows=91 width=0)
	        Index Cond: ((k >= 5491378) AND (k <= 5491478))

table 2 : explain SELECT k, c FROM sbtest2 WHERE k BETWEEN 5491378 AND 5491478
	Bitmap Heap Scan on sbtest2  (cost=5.46..401.19 rows=100 width=125)
	  Recheck Cond: ((k >= 5491378) AND (k <= 5491478))
	  ->  Bitmap Index Scan on k_2  (cost=0.00..5.43 rows=100 width=0)
	        Index Cond: ((k >= 5491378) AND (k <= 5491478))

table 3 : explain SELECT k, c FROM sbtest3 WHERE k BETWEEN 5491378 AND 5491478
	Bitmap Heap Scan on sbtest3  (cost=5.52..424.81 rows=106 width=125)
	  Recheck Cond: ((k >= 5491378) AND (k <= 5491478))
	  ->  Bitmap Index Scan on k_3  (cost=0.00..5.50 rows=106 width=0)
	        Index Cond: ((k >= 5491378) AND (k <= 5491478))

table 4 : explain SELECT k, c FROM sbtest4 WHERE k BETWEEN 5491378 AND 5491478
	Bitmap Heap Scan on sbtest4  (cost=5.55..436.62 rows=109 width=125)
	  Recheck Cond: ((k >= 5491378) AND (k <= 5491478))
	  ->  Bitmap Index Scan on k_4  (cost=0.00..5.52 rows=109 width=0)
	        Index Cond: ((k >= 5491378) AND (k <= 5491478))

table 5 : explain SELECT k, c FROM sbtest5 WHERE k BETWEEN 5491378 AND 5491478
	Bitmap Heap Scan on sbtest5  (cost=5.40..377.55 rows=94 width=125)
	  Recheck Cond: ((k >= 5491378) AND (k <= 5491478))
	  ->  Bitmap Index Scan on k_5  (cost=0.00..5.38 rows=94 width=0)
	        Index Cond: ((k >= 5491378) AND (k <= 5491478))

table 6 : explain SELECT k, c FROM sbtest6 WHERE k BETWEEN 5491378 AND 5491478
	Bitmap Heap Scan on sbtest6  (cost=5.57..444.49 rows=111 width=125)
	  Recheck Cond: ((k >= 5491378) AND (k <= 5491478))
	  ->  Bitmap Index Scan on k_6  (cost=0.00..5.54 rows=111 width=0)
	        Index Cond: ((k >= 5491378) AND (k <= 5491478))

table 7 : explain SELECT k, c FROM sbtest7 WHERE k BETWEEN 5491378 AND 5491478
	Bitmap Heap Scan on sbtest7  (cost=5.49..413.00 rows=103 width=125)
	  Recheck Cond: ((k >= 5491378) AND (k <= 5491478))
	  ->  Bitmap Index Scan on k_7  (cost=0.00..5.46 rows=103 width=0)
	        Index Cond: ((k >= 5491378) AND (k <= 5491478))

table 8 : explain SELECT k, c FROM sbtest8 WHERE k BETWEEN 5491378 AND 5491478
	Bitmap Heap Scan on sbtest8  (cost=5.53..428.75 rows=107 width=125)
	  Recheck Cond: ((k >= 5491378) AND (k <= 5491478))
	  ->  Bitmap Index Scan on k_8  (cost=0.00..5.50 rows=107 width=0)
	        Index Cond: ((k >= 5491378) AND (k <= 5491478))

explain: for range-notcovered :: explain SELECT k, c FROM sbtest%d WHERE k BETWEEN 5491378 AND 5491478
for range-notcovered
table 1 : explain SELECT k, c FROM sbtest1 WHERE k BETWEEN 5573521 AND 5573621
	Bitmap Heap Scan on sbtest1  (cost=5.53..428.75 rows=107 width=125)
	  Recheck Cond: ((k >= 5573521) AND (k <= 5573621))
	  ->  Bitmap Index Scan on k_1  (cost=0.00..5.50 rows=107 width=0)
	        Index Cond: ((k >= 5573521) AND (k <= 5573621))

table 2 : explain SELECT k, c FROM sbtest2 WHERE k BETWEEN 5573521 AND 5573621
	Bitmap Heap Scan on sbtest2  (cost=5.54..432.69 rows=108 width=125)
	  Recheck Cond: ((k >= 5573521) AND (k <= 5573621))
	  ->  Bitmap Index Scan on k_2  (cost=0.00..5.51 rows=108 width=0)
	        Index Cond: ((k >= 5573521) AND (k <= 5573621))

table 3 : explain SELECT k, c FROM sbtest3 WHERE k BETWEEN 5573521 AND 5573621
	Bitmap Heap Scan on sbtest3  (cost=5.50..416.94 rows=104 width=125)
	  Recheck Cond: ((k >= 5573521) AND (k <= 5573621))
	  ->  Bitmap Index Scan on k_3  (cost=0.00..5.47 rows=104 width=0)
	        Index Cond: ((k >= 5573521) AND (k <= 5573621))

table 4 : explain SELECT k, c FROM sbtest4 WHERE k BETWEEN 5573521 AND 5573621
	Bitmap Heap Scan on sbtest4  (cost=5.45..397.25 rows=99 width=125)
	  Recheck Cond: ((k >= 5573521) AND (k <= 5573621))
	  ->  Bitmap Index Scan on k_4  (cost=0.00..5.42 rows=99 width=0)
	        Index Cond: ((k >= 5573521) AND (k <= 5573621))

table 5 : explain SELECT k, c FROM sbtest5 WHERE k BETWEEN 5573521 AND 5573621
	Bitmap Heap Scan on sbtest5  (cost=5.47..405.13 rows=101 width=125)
	  Recheck Cond: ((k >= 5573521) AND (k <= 5573621))
	  ->  Bitmap Index Scan on k_5  (cost=0.00..5.44 rows=101 width=0)
	        Index Cond: ((k >= 5573521) AND (k <= 5573621))

table 6 : explain SELECT k, c FROM sbtest6 WHERE k BETWEEN 5573521 AND 5573621
	Bitmap Heap Scan on sbtest6  (cost=5.41..381.49 rows=95 width=125)
	  Recheck Cond: ((k >= 5573521) AND (k <= 5573621))
	  ->  Bitmap Index Scan on k_6  (cost=0.00..5.38 rows=95 width=0)
	        Index Cond: ((k >= 5573521) AND (k <= 5573621))

table 7 : explain SELECT k, c FROM sbtest7 WHERE k BETWEEN 5573521 AND 5573621
	Bitmap Heap Scan on sbtest7  (cost=5.44..393.31 rows=98 width=125)
	  Recheck Cond: ((k >= 5573521) AND (k <= 5573621))
	  ->  Bitmap Index Scan on k_7  (cost=0.00..5.42 rows=98 width=0)
	        Index Cond: ((k >= 5573521) AND (k <= 5573621))

table 8 : explain SELECT k, c FROM sbtest8 WHERE k BETWEEN 5573521 AND 5573621
	Bitmap Heap Scan on sbtest8  (cost=5.48..409.07 rows=102 width=125)
	  Recheck Cond: ((k >= 5573521) AND (k <= 5573621))
	  ->  Bitmap Index Scan on k_8  (cost=0.00..5.45 rows=102 width=0)
	        Index Cond: ((k >= 5573521) AND (k <= 5573621))

for range-notcovered
table 1 : explain SELECT k, c FROM sbtest1 WHERE k BETWEEN 632938 AND 633038
	Bitmap Heap Scan on sbtest1  (cost=5.50..416.94 rows=104 width=125)
	  Recheck Cond: ((k >= 632938) AND (k <= 633038))
	  ->  Bitmap Index Scan on k_1  (cost=0.00..5.47 rows=104 width=0)
	        Index Cond: ((k >= 632938) AND (k <= 633038))

table 2 : explain SELECT k, c FROM sbtest2 WHERE k BETWEEN 632938 AND 633038
	Bitmap Heap Scan on sbtest2  (cost=5.55..436.62 rows=109 width=125)
	  Recheck Cond: ((k >= 632938) AND (k <= 633038))
	  ->  Bitmap Index Scan on k_2  (cost=0.00..5.52 rows=109 width=0)
	        Index Cond: ((k >= 632938) AND (k <= 633038))

table 3 : explain SELECT k, c FROM sbtest3 WHERE k BETWEEN 632938 AND 633038
	Bitmap Heap Scan on sbtest3  (cost=5.38..369.67 rows=92 width=125)
	  Recheck Cond: ((k >= 632938) AND (k <= 633038))
	  ->  Bitmap Index Scan on k_3  (cost=0.00..5.35 rows=92 width=0)
	        Index Cond: ((k >= 632938) AND (k <= 633038))

table 4 : explain SELECT k, c FROM sbtest4 WHERE k BETWEEN 632938 AND 633038
	Bitmap Heap Scan on sbtest4  (cost=5.55..436.62 rows=109 width=125)
	  Recheck Cond: ((k >= 632938) AND (k <= 633038))
	  ->  Bitmap Index Scan on k_4  (cost=0.00..5.52 rows=109 width=0)
	        Index Cond: ((k >= 632938) AND (k <= 633038))

table 5 : explain SELECT k, c FROM sbtest5 WHERE k BETWEEN 632938 AND 633038
	Bitmap Heap Scan on sbtest5  (cost=5.58..448.42 rows=112 width=125)
	  Recheck Cond: ((k >= 632938) AND (k <= 633038))
	  ->  Bitmap Index Scan on k_5  (cost=0.00..5.55 rows=112 width=0)
	        Index Cond: ((k >= 632938) AND (k <= 633038))

table 6 : explain SELECT k, c FROM sbtest6 WHERE k BETWEEN 632938 AND 633038
	Bitmap Heap Scan on sbtest6  (cost=5.47..405.13 rows=101 width=125)
	  Recheck Cond: ((k >= 632938) AND (k <= 633038))
	  ->  Bitmap Index Scan on k_6  (cost=0.00..5.44 rows=101 width=0)
	        Index Cond: ((k >= 632938) AND (k <= 633038))

table 7 : explain SELECT k, c FROM sbtest7 WHERE k BETWEEN 632938 AND 633038
	Bitmap Heap Scan on sbtest7  (cost=5.42..385.43 rows=96 width=125)
	  Recheck Cond: ((k >= 632938) AND (k <= 633038))
	  ->  Bitmap Index Scan on k_7  (cost=0.00..5.39 rows=96 width=0)
	        Index Cond: ((k >= 632938) AND (k <= 633038))

table 8 : explain SELECT k, c FROM sbtest8 WHERE k BETWEEN 632938 AND 633038
	Bitmap Heap Scan on sbtest8  (cost=5.55..436.62 rows=109 width=125)
	  Recheck Cond: ((k >= 632938) AND (k <= 633038))
	  ->  Bitmap Index Scan on k_8  (cost=0.00..5.52 rows=109 width=0)
	        Index Cond: ((k >= 632938) AND (k <= 633038))

for range-notcovered
table 1 : explain SELECT k, c FROM sbtest1 WHERE k BETWEEN 4403128 AND 4403228
	Bitmap Heap Scan on sbtest1  (cost=5.58..448.42 rows=112 width=125)
	  Recheck Cond: ((k >= 4403128) AND (k <= 4403228))
	  ->  Bitmap Index Scan on k_1  (cost=0.00..5.55 rows=112 width=0)
	        Index Cond: ((k >= 4403128) AND (k <= 4403228))

table 2 : explain SELECT k, c FROM sbtest2 WHERE k BETWEEN 4403128 AND 4403228
	Bitmap Heap Scan on sbtest2  (cost=5.55..436.62 rows=109 width=125)
	  Recheck Cond: ((k >= 4403128) AND (k <= 4403228))
	  ->  Bitmap Index Scan on k_2  (cost=0.00..5.52 rows=109 width=0)
	        Index Cond: ((k >= 4403128) AND (k <= 4403228))

table 3 : explain SELECT k, c FROM sbtest3 WHERE k BETWEEN 4403128 AND 4403228
	Bitmap Heap Scan on sbtest3  (cost=5.47..405.13 rows=101 width=125)
	  Recheck Cond: ((k >= 4403128) AND (k <= 4403228))
	  ->  Bitmap Index Scan on k_3  (cost=0.00..5.44 rows=101 width=0)
	        Index Cond: ((k >= 4403128) AND (k <= 4403228))

table 4 : explain SELECT k, c FROM sbtest4 WHERE k BETWEEN 4403128 AND 4403228
	Bitmap Heap Scan on sbtest4  (cost=5.55..436.62 rows=109 width=125)
	  Recheck Cond: ((k >= 4403128) AND (k <= 4403228))
	  ->  Bitmap Index Scan on k_4  (cost=0.00..5.52 rows=109 width=0)
	        Index Cond: ((k >= 4403128) AND (k <= 4403228))

table 5 : explain SELECT k, c FROM sbtest5 WHERE k BETWEEN 4403128 AND 4403228
	Bitmap Heap Scan on sbtest5  (cost=5.39..373.61 rows=93 width=125)
	  Recheck Cond: ((k >= 4403128) AND (k <= 4403228))
	  ->  Bitmap Index Scan on k_5  (cost=0.00..5.36 rows=93 width=0)
	        Index Cond: ((k >= 4403128) AND (k <= 4403228))

table 6 : explain SELECT k, c FROM sbtest6 WHERE k BETWEEN 4403128 AND 4403228
	Bitmap Heap Scan on sbtest6  (cost=5.48..409.07 rows=102 width=125)
	  Recheck Cond: ((k >= 4403128) AND (k <= 4403228))
	  ->  Bitmap Index Scan on k_6  (cost=0.00..5.45 rows=102 width=0)
	        Index Cond: ((k >= 4403128) AND (k <= 4403228))

table 7 : explain SELECT k, c FROM sbtest7 WHERE k BETWEEN 4403128 AND 4403228
	Bitmap Heap Scan on sbtest7  (cost=5.52..424.81 rows=106 width=125)
	  Recheck Cond: ((k >= 4403128) AND (k <= 4403228))
	  ->  Bitmap Index Scan on k_7  (cost=0.00..5.50 rows=106 width=0)
	        Index Cond: ((k >= 4403128) AND (k <= 4403228))

table 8 : explain SELECT k, c FROM sbtest8 WHERE k BETWEEN 4403128 AND 4403228
	Bitmap Heap Scan on sbtest8  (cost=5.51..420.88 rows=105 width=125)
	  Recheck Cond: ((k >= 4403128) AND (k <= 4403228))
	  ->  Bitmap Index Scan on k_8  (cost=0.00..5.48 rows=105 width=0)
	        Index Cond: ((k >= 4403128) AND (k <= 4403228))

explain: for range-notcovered :: explain SELECT k, c FROM sbtest%d WHERE k BETWEEN 4403128 AND 4403228
for range-notcovered
table 1 : explain SELECT k, c FROM sbtest1 WHERE k BETWEEN 6062903 AND 6063003
	Bitmap Heap Scan on sbtest1  (cost=5.39..373.61 rows=93 width=125)
	  Recheck Cond: ((k >= 6062903) AND (k <= 6063003))
	  ->  Bitmap Index Scan on k_1  (cost=0.00..5.36 rows=93 width=0)
	        Index Cond: ((k >= 6062903) AND (k <= 6063003))

table 2 : explain SELECT k, c FROM sbtest2 WHERE k BETWEEN 6062903 AND 6063003
	Bitmap Heap Scan on sbtest2  (cost=5.51..420.88 rows=105 width=125)
	  Recheck Cond: ((k >= 6062903) AND (k <= 6063003))
	  ->  Bitmap Index Scan on k_2  (cost=0.00..5.48 rows=105 width=0)
	        Index Cond: ((k >= 6062903) AND (k <= 6063003))

table 3 : explain SELECT k, c FROM sbtest3 WHERE k BETWEEN 6062903 AND 6063003
	Bitmap Heap Scan on sbtest3  (cost=5.51..420.88 rows=105 width=125)
	  Recheck Cond: ((k >= 6062903) AND (k <= 6063003))
	  ->  Bitmap Index Scan on k_3  (cost=0.00..5.48 rows=105 width=0)
	        Index Cond: ((k >= 6062903) AND (k <= 6063003))

table 4 : explain SELECT k, c FROM sbtest4 WHERE k BETWEEN 6062903 AND 6063003
	Bitmap Heap Scan on sbtest4  (cost=5.51..420.88 rows=105 width=125)
	  Recheck Cond: ((k >= 6062903) AND (k <= 6063003))
	  ->  Bitmap Index Scan on k_4  (cost=0.00..5.48 rows=105 width=0)
	        Index Cond: ((k >= 6062903) AND (k <= 6063003))

table 5 : explain SELECT k, c FROM sbtest5 WHERE k BETWEEN 6062903 AND 6063003
	Bitmap Heap Scan on sbtest5  (cost=5.40..377.55 rows=94 width=125)
	  Recheck Cond: ((k >= 6062903) AND (k <= 6063003))
	  ->  Bitmap Index Scan on k_5  (cost=0.00..5.38 rows=94 width=0)
	        Index Cond: ((k >= 6062903) AND (k <= 6063003))

table 6 : explain SELECT k, c FROM sbtest6 WHERE k BETWEEN 6062903 AND 6063003
	Bitmap Heap Scan on sbtest6  (cost=5.49..413.00 rows=103 width=125)
	  Recheck Cond: ((k >= 6062903) AND (k <= 6063003))
	  ->  Bitmap Index Scan on k_6  (cost=0.00..5.46 rows=103 width=0)
	        Index Cond: ((k >= 6062903) AND (k <= 6063003))

table 7 : explain SELECT k, c FROM sbtest7 WHERE k BETWEEN 6062903 AND 6063003
	Bitmap Heap Scan on sbtest7  (cost=5.52..424.81 rows=106 width=125)
	  Recheck Cond: ((k >= 6062903) AND (k <= 6063003))
	  ->  Bitmap Index Scan on k_7  (cost=0.00..5.50 rows=106 width=0)
	        Index Cond: ((k >= 6062903) AND (k <= 6063003))

table 8 : explain SELECT k, c FROM sbtest8 WHERE k BETWEEN 6062903 AND 6063003
	Bitmap Heap Scan on sbtest8  (cost=5.47..405.13 rows=101 width=125)
	  Recheck Cond: ((k >= 6062903) AND (k <= 6063003))
	  ->  Bitmap Index Scan on k_8  (cost=0.00..5.44 rows=101 width=0)
	        Index Cond: ((k >= 6062903) AND (k <= 6063003))

for range-notcovered
table 1 : explain SELECT k, c FROM sbtest1 WHERE k BETWEEN 5491378 AND 5491478
	Bitmap Heap Scan on sbtest1  (cost=5.37..365.72 rows=91 width=125)
	  Recheck Cond: ((k >= 5491378) AND (k <= 5491478))
	  ->  Bitmap Index Scan on k_1  (cost=0.00..5.34 rows=91 width=0)
	        Index Cond: ((k >= 5491378) AND (k <= 5491478))

table 2 : explain SELECT k, c FROM sbtest2 WHERE k BETWEEN 5491378 AND 5491478
	Bitmap Heap Scan on sbtest2  (cost=5.46..401.19 rows=100 width=125)
	  Recheck Cond: ((k >= 5491378) AND (k <= 5491478))
	  ->  Bitmap Index Scan on k_2  (cost=0.00..5.43 rows=100 width=0)
	        Index Cond: ((k >= 5491378) AND (k <= 5491478))

table 3 : explain SELECT k, c FROM sbtest3 WHERE k BETWEEN 5491378 AND 5491478
	Bitmap Heap Scan on sbtest3  (cost=5.52..424.81 rows=106 width=125)
	  Recheck Cond: ((k >= 5491378) AND (k <= 5491478))
	  ->  Bitmap Index Scan on k_3  (cost=0.00..5.50 rows=106 width=0)
	        Index Cond: ((k >= 5491378) AND (k <= 5491478))

table 4 : explain SELECT k, c FROM sbtest4 WHERE k BETWEEN 5491378 AND 5491478
	Bitmap Heap Scan on sbtest4  (cost=5.55..436.62 rows=109 width=125)
	  Recheck Cond: ((k >= 5491378) AND (k <= 5491478))
	  ->  Bitmap Index Scan on k_4  (cost=0.00..5.52 rows=109 width=0)
	        Index Cond: ((k >= 5491378) AND (k <= 5491478))

table 5 : explain SELECT k, c FROM sbtest5 WHERE k BETWEEN 5491378 AND 5491478
	Bitmap Heap Scan on sbtest5  (cost=5.40..377.55 rows=94 width=125)
	  Recheck Cond: ((k >= 5491378) AND (k <= 5491478))
	  ->  Bitmap Index Scan on k_5  (cost=0.00..5.38 rows=94 width=0)
	        Index Cond: ((k >= 5491378) AND (k <= 5491478))

table 6 : explain SELECT k, c FROM sbtest6 WHERE k BETWEEN 5491378 AND 5491478
	Bitmap Heap Scan on sbtest6  (cost=5.57..444.49 rows=111 width=125)
	  Recheck Cond: ((k >= 5491378) AND (k <= 5491478))
	  ->  Bitmap Index Scan on k_6  (cost=0.00..5.54 rows=111 width=0)
	        Index Cond: ((k >= 5491378) AND (k <= 5491478))

table 7 : explain SELECT k, c FROM sbtest7 WHERE k BETWEEN 5491378 AND 5491478
	Bitmap Heap Scan on sbtest7  (cost=5.49..413.00 rows=103 width=125)
	  Recheck Cond: ((k >= 5491378) AND (k <= 5491478))
	  ->  Bitmap Index Scan on k_7  (cost=0.00..5.46 rows=103 width=0)
	        Index Cond: ((k >= 5491378) AND (k <= 5491478))

table 8 : explain SELECT k, c FROM sbtest8 WHERE k BETWEEN 5491378 AND 5491478
	Bitmap Heap Scan on sbtest8  (cost=5.53..428.75 rows=107 width=125)
	  Recheck Cond: ((k >= 5491378) AND (k <= 5491478))
	  ->  Bitmap Index Scan on k_8  (cost=0.00..5.50 rows=107 width=0)
	        Index Cond: ((k >= 5491378) AND (k <= 5491478))

explain: for range-notcovered :: explain SELECT k, c FROM sbtest%d WHERE k BETWEEN 5491378 AND 5491478
explain: for range-notcovered :: explain SELECT k, c FROM sbtest%d WHERE k BETWEEN 6062903 AND 6063003
explain: for range-notcovered :: explain SELECT k, c FROM sbtest%d WHERE k BETWEEN 5573521 AND 5573621
for range-notcovered
table 1 : explain SELECT k, c FROM sbtest1 WHERE k BETWEEN 4403128 AND 4403228
	Bitmap Heap Scan on sbtest1  (cost=5.58..448.42 rows=112 width=125)
	  Recheck Cond: ((k >= 4403128) AND (k <= 4403228))
	  ->  Bitmap Index Scan on k_1  (cost=0.00..5.55 rows=112 width=0)
	        Index Cond: ((k >= 4403128) AND (k <= 4403228))

table 2 : explain SELECT k, c FROM sbtest2 WHERE k BETWEEN 4403128 AND 4403228
	Bitmap Heap Scan on sbtest2  (cost=5.55..436.62 rows=109 width=125)
	  Recheck Cond: ((k >= 4403128) AND (k <= 4403228))
	  ->  Bitmap Index Scan on k_2  (cost=0.00..5.52 rows=109 width=0)
	        Index Cond: ((k >= 4403128) AND (k <= 4403228))

table 3 : explain SELECT k, c FROM sbtest3 WHERE k BETWEEN 4403128 AND 4403228
	Bitmap Heap Scan on sbtest3  (cost=5.47..405.13 rows=101 width=125)
	  Recheck Cond: ((k >= 4403128) AND (k <= 4403228))
	  ->  Bitmap Index Scan on k_3  (cost=0.00..5.44 rows=101 width=0)
	        Index Cond: ((k >= 4403128) AND (k <= 4403228))

table 4 : explain SELECT k, c FROM sbtest4 WHERE k BETWEEN 4403128 AND 4403228
	Bitmap Heap Scan on sbtest4  (cost=5.55..436.62 rows=109 width=125)
	  Recheck Cond: ((k >= 4403128) AND (k <= 4403228))
	  ->  Bitmap Index Scan on k_4  (cost=0.00..5.52 rows=109 width=0)
	        Index Cond: ((k >= 4403128) AND (k <= 4403228))

table 5 : explain SELECT k, c FROM sbtest5 WHERE k BETWEEN 4403128 AND 4403228
	Bitmap Heap Scan on sbtest5  (cost=5.39..373.61 rows=93 width=125)
	  Recheck Cond: ((k >= 4403128) AND (k <= 4403228))
	  ->  Bitmap Index Scan on k_5  (cost=0.00..5.36 rows=93 width=0)
	        Index Cond: ((k >= 4403128) AND (k <= 4403228))

table 6 : explain SELECT k, c FROM sbtest6 WHERE k BETWEEN 4403128 AND 4403228
	Bitmap Heap Scan on sbtest6  (cost=5.48..409.07 rows=102 width=125)
	  Recheck Cond: ((k >= 4403128) AND (k <= 4403228))
	  ->  Bitmap Index Scan on k_6  (cost=0.00..5.45 rows=102 width=0)
	        Index Cond: ((k >= 4403128) AND (k <= 4403228))

table 7 : explain SELECT k, c FROM sbtest7 WHERE k BETWEEN 4403128 AND 4403228
	Bitmap Heap Scan on sbtest7  (cost=5.52..424.81 rows=106 width=125)
	  Recheck Cond: ((k >= 4403128) AND (k <= 4403228))
	  ->  Bitmap Index Scan on k_7  (cost=0.00..5.50 rows=106 width=0)
	        Index Cond: ((k >= 4403128) AND (k <= 4403228))

table 8 : explain SELECT k, c FROM sbtest8 WHERE k BETWEEN 4403128 AND 4403228
	Bitmap Heap Scan on sbtest8  (cost=5.51..420.88 rows=105 width=125)
	  Recheck Cond: ((k >= 4403128) AND (k <= 4403228))
	  ->  Bitmap Index Scan on k_8  (cost=0.00..5.48 rows=105 width=0)
	        Index Cond: ((k >= 4403128) AND (k <= 4403228))

explain: for range-notcovered :: explain SELECT k, c FROM sbtest%d WHERE k BETWEEN 3860156 AND 3860256
explain: for range-notcovered :: explain SELECT k, c FROM sbtest%d WHERE k BETWEEN 4403128 AND 4403228
for range-notcovered
table 1 : explain SELECT k, c FROM sbtest1 WHERE k BETWEEN 5491378 AND 5491478
	Bitmap Heap Scan on sbtest1  (cost=5.37..365.72 rows=91 width=125)
	  Recheck Cond: ((k >= 5491378) AND (k <= 5491478))
	  ->  Bitmap Index Scan on k_1  (cost=0.00..5.34 rows=91 width=0)
	        Index Cond: ((k >= 5491378) AND (k <= 5491478))

table 2 : explain SELECT k, c FROM sbtest2 WHERE k BETWEEN 5491378 AND 5491478
	Bitmap Heap Scan on sbtest2  (cost=5.46..401.19 rows=100 width=125)
	  Recheck Cond: ((k >= 5491378) AND (k <= 5491478))
	  ->  Bitmap Index Scan on k_2  (cost=0.00..5.43 rows=100 width=0)
	        Index Cond: ((k >= 5491378) AND (k <= 5491478))

table 3 : explain SELECT k, c FROM sbtest3 WHERE k BETWEEN 5491378 AND 5491478
	Bitmap Heap Scan on sbtest3  (cost=5.52..424.81 rows=106 width=125)
	  Recheck Cond: ((k >= 5491378) AND (k <= 5491478))
	  ->  Bitmap Index Scan on k_3  (cost=0.00..5.50 rows=106 width=0)
	        Index Cond: ((k >= 5491378) AND (k <= 5491478))

table 4 : explain SELECT k, c FROM sbtest4 WHERE k BETWEEN 5491378 AND 5491478
	Bitmap Heap Scan on sbtest4  (cost=5.55..436.62 rows=109 width=125)
	  Recheck Cond: ((k >= 5491378) AND (k <= 5491478))
	  ->  Bitmap Index Scan on k_4  (cost=0.00..5.52 rows=109 width=0)
	        Index Cond: ((k >= 5491378) AND (k <= 5491478))

table 5 : explain SELECT k, c FROM sbtest5 WHERE k BETWEEN 5491378 AND 5491478
	Bitmap Heap Scan on sbtest5  (cost=5.40..377.55 rows=94 width=125)
	  Recheck Cond: ((k >= 5491378) AND (k <= 5491478))
	  ->  Bitmap Index Scan on k_5  (cost=0.00..5.38 rows=94 width=0)
	        Index Cond: ((k >= 5491378) AND (k <= 5491478))

table 6 : explain SELECT k, c FROM sbtest6 WHERE k BETWEEN 5491378 AND 5491478
	Bitmap Heap Scan on sbtest6  (cost=5.57..444.49 rows=111 width=125)
	  Recheck Cond: ((k >= 5491378) AND (k <= 5491478))
	  ->  Bitmap Index Scan on k_6  (cost=0.00..5.54 rows=111 width=0)
	        Index Cond: ((k >= 5491378) AND (k <= 5491478))

table 7 : explain SELECT k, c FROM sbtest7 WHERE k BETWEEN 5491378 AND 5491478
	Bitmap Heap Scan on sbtest7  (cost=5.49..413.00 rows=103 width=125)
	  Recheck Cond: ((k >= 5491378) AND (k <= 5491478))
	  ->  Bitmap Index Scan on k_7  (cost=0.00..5.46 rows=103 width=0)
	        Index Cond: ((k >= 5491378) AND (k <= 5491478))

table 8 : explain SELECT k, c FROM sbtest8 WHERE k BETWEEN 5491378 AND 5491478
	Bitmap Heap Scan on sbtest8  (cost=5.53..428.75 rows=107 width=125)
	  Recheck Cond: ((k >= 5491378) AND (k <= 5491478))
	  ->  Bitmap Index Scan on k_8  (cost=0.00..5.50 rows=107 width=0)
	        Index Cond: ((k >= 5491378) AND (k <= 5491478))

explain: for range-notcovered :: explain SELECT k, c FROM sbtest%d WHERE k BETWEEN 5491378 AND 5491478
for range-notcovered
table 1 : explain SELECT k, c FROM sbtest1 WHERE k BETWEEN 6062903 AND 6063003
	Bitmap Heap Scan on sbtest1  (cost=5.39..373.61 rows=93 width=125)
	  Recheck Cond: ((k >= 6062903) AND (k <= 6063003))
	  ->  Bitmap Index Scan on k_1  (cost=0.00..5.36 rows=93 width=0)
	        Index Cond: ((k >= 6062903) AND (k <= 6063003))

table 2 : explain SELECT k, c FROM sbtest2 WHERE k BETWEEN 6062903 AND 6063003
	Bitmap Heap Scan on sbtest2  (cost=5.51..420.88 rows=105 width=125)
	  Recheck Cond: ((k >= 6062903) AND (k <= 6063003))
	  ->  Bitmap Index Scan on k_2  (cost=0.00..5.48 rows=105 width=0)
	        Index Cond: ((k >= 6062903) AND (k <= 6063003))

table 3 : explain SELECT k, c FROM sbtest3 WHERE k BETWEEN 6062903 AND 6063003
	Bitmap Heap Scan on sbtest3  (cost=5.51..420.88 rows=105 width=125)
	  Recheck Cond: ((k >= 6062903) AND (k <= 6063003))
	  ->  Bitmap Index Scan on k_3  (cost=0.00..5.48 rows=105 width=0)
	        Index Cond: ((k >= 6062903) AND (k <= 6063003))

table 4 : explain SELECT k, c FROM sbtest4 WHERE k BETWEEN 6062903 AND 6063003
	Bitmap Heap Scan on sbtest4  (cost=5.51..420.88 rows=105 width=125)
	  Recheck Cond: ((k >= 6062903) AND (k <= 6063003))
	  ->  Bitmap Index Scan on k_4  (cost=0.00..5.48 rows=105 width=0)
	        Index Cond: ((k >= 6062903) AND (k <= 6063003))

table 5 : explain SELECT k, c FROM sbtest5 WHERE k BETWEEN 6062903 AND 6063003
	Bitmap Heap Scan on sbtest5  (cost=5.40..377.55 rows=94 width=125)
	  Recheck Cond: ((k >= 6062903) AND (k <= 6063003))
	  ->  Bitmap Index Scan on k_5  (cost=0.00..5.38 rows=94 width=0)
	        Index Cond: ((k >= 6062903) AND (k <= 6063003))

table 6 : explain SELECT k, c FROM sbtest6 WHERE k BETWEEN 6062903 AND 6063003
	Bitmap Heap Scan on sbtest6  (cost=5.49..413.00 rows=103 width=125)
	  Recheck Cond: ((k >= 6062903) AND (k <= 6063003))
	  ->  Bitmap Index Scan on k_6  (cost=0.00..5.46 rows=103 width=0)
	        Index Cond: ((k >= 6062903) AND (k <= 6063003))

table 7 : explain SELECT k, c FROM sbtest7 WHERE k BETWEEN 6062903 AND 6063003
	Bitmap Heap Scan on sbtest7  (cost=5.52..424.81 rows=106 width=125)
	  Recheck Cond: ((k >= 6062903) AND (k <= 6063003))
	  ->  Bitmap Index Scan on k_7  (cost=0.00..5.50 rows=106 width=0)
	        Index Cond: ((k >= 6062903) AND (k <= 6063003))

table 8 : explain SELECT k, c FROM sbtest8 WHERE k BETWEEN 6062903 AND 6063003
	Bitmap Heap Scan on sbtest8  (cost=5.47..405.13 rows=101 width=125)
	  Recheck Cond: ((k >= 6062903) AND (k <= 6063003))
	  ->  Bitmap Index Scan on k_8  (cost=0.00..5.44 rows=101 width=0)
	        Index Cond: ((k >= 6062903) AND (k <= 6063003))

explain: for range-notcovered :: explain SELECT k, c FROM sbtest%d WHERE k BETWEEN 6062903 AND 6063003
for range-notcovered
table 1 : explain SELECT k, c FROM sbtest1 WHERE k BETWEEN 5573521 AND 5573621
	Bitmap Heap Scan on sbtest1  (cost=5.53..428.75 rows=107 width=125)
	  Recheck Cond: ((k >= 5573521) AND (k <= 5573621))
	  ->  Bitmap Index Scan on k_1  (cost=0.00..5.50 rows=107 width=0)
	        Index Cond: ((k >= 5573521) AND (k <= 5573621))

table 2 : explain SELECT k, c FROM sbtest2 WHERE k BETWEEN 5573521 AND 5573621
	Bitmap Heap Scan on sbtest2  (cost=5.54..432.69 rows=108 width=125)
	  Recheck Cond: ((k >= 5573521) AND (k <= 5573621))
	  ->  Bitmap Index Scan on k_2  (cost=0.00..5.51 rows=108 width=0)
	        Index Cond: ((k >= 5573521) AND (k <= 5573621))

table 3 : explain SELECT k, c FROM sbtest3 WHERE k BETWEEN 5573521 AND 5573621
	Bitmap Heap Scan on sbtest3  (cost=5.50..416.94 rows=104 width=125)
	  Recheck Cond: ((k >= 5573521) AND (k <= 5573621))
	  ->  Bitmap Index Scan on k_3  (cost=0.00..5.47 rows=104 width=0)
	        Index Cond: ((k >= 5573521) AND (k <= 5573621))

table 4 : explain SELECT k, c FROM sbtest4 WHERE k BETWEEN 5573521 AND 5573621
	Bitmap Heap Scan on sbtest4  (cost=5.45..397.25 rows=99 width=125)
	  Recheck Cond: ((k >= 5573521) AND (k <= 5573621))
	  ->  Bitmap Index Scan on k_4  (cost=0.00..5.42 rows=99 width=0)
	        Index Cond: ((k >= 5573521) AND (k <= 5573621))

table 5 : explain SELECT k, c FROM sbtest5 WHERE k BETWEEN 5573521 AND 5573621
	Bitmap Heap Scan on sbtest5  (cost=5.47..405.13 rows=101 width=125)
	  Recheck Cond: ((k >= 5573521) AND (k <= 5573621))
	  ->  Bitmap Index Scan on k_5  (cost=0.00..5.44 rows=101 width=0)
	        Index Cond: ((k >= 5573521) AND (k <= 5573621))

table 6 : explain SELECT k, c FROM sbtest6 WHERE k BETWEEN 5573521 AND 5573621
	Bitmap Heap Scan on sbtest6  (cost=5.41..381.49 rows=95 width=125)
	  Recheck Cond: ((k >= 5573521) AND (k <= 5573621))
	  ->  Bitmap Index Scan on k_6  (cost=0.00..5.38 rows=95 width=0)
	        Index Cond: ((k >= 5573521) AND (k <= 5573621))

table 7 : explain SELECT k, c FROM sbtest7 WHERE k BETWEEN 5573521 AND 5573621
	Bitmap Heap Scan on sbtest7  (cost=5.44..393.31 rows=98 width=125)
	  Recheck Cond: ((k >= 5573521) AND (k <= 5573621))
	  ->  Bitmap Index Scan on k_7  (cost=0.00..5.42 rows=98 width=0)
	        Index Cond: ((k >= 5573521) AND (k <= 5573621))

table 8 : explain SELECT k, c FROM sbtest8 WHERE k BETWEEN 5573521 AND 5573621
	Bitmap Heap Scan on sbtest8  (cost=5.48..409.07 rows=102 width=125)
	  Recheck Cond: ((k >= 5573521) AND (k <= 5573621))
	  ->  Bitmap Index Scan on k_8  (cost=0.00..5.45 rows=102 width=0)
	        Index Cond: ((k >= 5573521) AND (k <= 5573621))

for range-notcovered
table 1 : explain SELECT k, c FROM sbtest1 WHERE k BETWEEN 4841550 AND 4841650
	Bitmap Heap Scan on sbtest1  (cost=5.60..456.29 rows=114 width=125)
	  Recheck Cond: ((k >= 4841550) AND (k <= 4841650))
	  ->  Bitmap Index Scan on k_1  (cost=0.00..5.58 rows=114 width=0)
	        Index Cond: ((k >= 4841550) AND (k <= 4841650))

table 2 : explain SELECT k, c FROM sbtest2 WHERE k BETWEEN 4841550 AND 4841650
	Bitmap Heap Scan on sbtest2  (cost=5.44..393.31 rows=98 width=125)
	  Recheck Cond: ((k >= 4841550) AND (k <= 4841650))
	  ->  Bitmap Index Scan on k_2  (cost=0.00..5.42 rows=98 width=0)
	        Index Cond: ((k >= 4841550) AND (k <= 4841650))

table 3 : explain SELECT k, c FROM sbtest3 WHERE k BETWEEN 4841550 AND 4841650
	Bitmap Heap Scan on sbtest3  (cost=5.48..409.07 rows=102 width=125)
	  Recheck Cond: ((k >= 4841550) AND (k <= 4841650))
	  ->  Bitmap Index Scan on k_3  (cost=0.00..5.45 rows=102 width=0)
	        Index Cond: ((k >= 4841550) AND (k <= 4841650))

table 4 : explain SELECT k, c FROM sbtest4 WHERE k BETWEEN 4841550 AND 4841650
	Bitmap Heap Scan on sbtest4  (cost=5.46..401.19 rows=100 width=125)
	  Recheck Cond: ((k >= 4841550) AND (k <= 4841650))
	  ->  Bitmap Index Scan on k_4  (cost=0.00..5.43 rows=100 width=0)
	        Index Cond: ((k >= 4841550) AND (k <= 4841650))

table 5 : explain SELECT k, c FROM sbtest5 WHERE k BETWEEN 4841550 AND 4841650
	Bitmap Heap Scan on sbtest5  (cost=5.48..409.07 rows=102 width=125)
	  Recheck Cond: ((k >= 4841550) AND (k <= 4841650))
	  ->  Bitmap Index Scan on k_5  (cost=0.00..5.45 rows=102 width=0)
	        Index Cond: ((k >= 4841550) AND (k <= 4841650))

table 6 : explain SELECT k, c FROM sbtest6 WHERE k BETWEEN 4841550 AND 4841650
	Bitmap Heap Scan on sbtest6  (cost=5.50..416.94 rows=104 width=125)
	  Recheck Cond: ((k >= 4841550) AND (k <= 4841650))
	  ->  Bitmap Index Scan on k_6  (cost=0.00..5.47 rows=104 width=0)
	        Index Cond: ((k >= 4841550) AND (k <= 4841650))

table 7 : explain SELECT k, c FROM sbtest7 WHERE k BETWEEN 4841550 AND 4841650
	Bitmap Heap Scan on sbtest7  (cost=5.44..393.31 rows=98 width=125)
	  Recheck Cond: ((k >= 4841550) AND (k <= 4841650))
	  ->  Bitmap Index Scan on k_7  (cost=0.00..5.42 rows=98 width=0)
	        Index Cond: ((k >= 4841550) AND (k <= 4841650))

table 8 : explain SELECT k, c FROM sbtest8 WHERE k BETWEEN 4841550 AND 4841650
	Bitmap Heap Scan on sbtest8  (cost=5.43..389.37 rows=97 width=125)
	  Recheck Cond: ((k >= 4841550) AND (k <= 4841650))
	  ->  Bitmap Index Scan on k_8  (cost=0.00..5.40 rows=97 width=0)
	        Index Cond: ((k >= 4841550) AND (k <= 4841650))

explain: for range-notcovered :: explain SELECT k, c FROM sbtest%d WHERE k BETWEEN 5573521 AND 5573621
explain: for range-notcovered :: explain SELECT k, c FROM sbtest%d WHERE k BETWEEN 4841550 AND 4841650
for range-notcovered
table 1 : explain SELECT k, c FROM sbtest1 WHERE k BETWEEN 4403128 AND 4403228
	Bitmap Heap Scan on sbtest1  (cost=5.58..448.42 rows=112 width=125)
	  Recheck Cond: ((k >= 4403128) AND (k <= 4403228))
	  ->  Bitmap Index Scan on k_1  (cost=0.00..5.55 rows=112 width=0)
	        Index Cond: ((k >= 4403128) AND (k <= 4403228))

table 2 : explain SELECT k, c FROM sbtest2 WHERE k BETWEEN 4403128 AND 4403228
	Bitmap Heap Scan on sbtest2  (cost=5.55..436.62 rows=109 width=125)
	  Recheck Cond: ((k >= 4403128) AND (k <= 4403228))
	  ->  Bitmap Index Scan on k_2  (cost=0.00..5.52 rows=109 width=0)
	        Index Cond: ((k >= 4403128) AND (k <= 4403228))

table 3 : explain SELECT k, c FROM sbtest3 WHERE k BETWEEN 4403128 AND 4403228
	Bitmap Heap Scan on sbtest3  (cost=5.47..405.13 rows=101 width=125)
	  Recheck Cond: ((k >= 4403128) AND (k <= 4403228))
	  ->  Bitmap Index Scan on k_3  (cost=0.00..5.44 rows=101 width=0)
	        Index Cond: ((k >= 4403128) AND (k <= 4403228))

table 4 : explain SELECT k, c FROM sbtest4 WHERE k BETWEEN 4403128 AND 4403228
	Bitmap Heap Scan on sbtest4  (cost=5.55..436.62 rows=109 width=125)
	  Recheck Cond: ((k >= 4403128) AND (k <= 4403228))
	  ->  Bitmap Index Scan on k_4  (cost=0.00..5.52 rows=109 width=0)
	        Index Cond: ((k >= 4403128) AND (k <= 4403228))

table 5 : explain SELECT k, c FROM sbtest5 WHERE k BETWEEN 4403128 AND 4403228
	Bitmap Heap Scan on sbtest5  (cost=5.39..373.61 rows=93 width=125)
	  Recheck Cond: ((k >= 4403128) AND (k <= 4403228))
	  ->  Bitmap Index Scan on k_5  (cost=0.00..5.36 rows=93 width=0)
	        Index Cond: ((k >= 4403128) AND (k <= 4403228))

table 6 : explain SELECT k, c FROM sbtest6 WHERE k BETWEEN 4403128 AND 4403228
	Bitmap Heap Scan on sbtest6  (cost=5.48..409.07 rows=102 width=125)
	  Recheck Cond: ((k >= 4403128) AND (k <= 4403228))
	  ->  Bitmap Index Scan on k_6  (cost=0.00..5.45 rows=102 width=0)
	        Index Cond: ((k >= 4403128) AND (k <= 4403228))

table 7 : explain SELECT k, c FROM sbtest7 WHERE k BETWEEN 4403128 AND 4403228
	Bitmap Heap Scan on sbtest7  (cost=5.52..424.81 rows=106 width=125)
	  Recheck Cond: ((k >= 4403128) AND (k <= 4403228))
	  ->  Bitmap Index Scan on k_7  (cost=0.00..5.50 rows=106 width=0)
	        Index Cond: ((k >= 4403128) AND (k <= 4403228))

table 8 : explain SELECT k, c FROM sbtest8 WHERE k BETWEEN 4403128 AND 4403228
	Bitmap Heap Scan on sbtest8  (cost=5.51..420.88 rows=105 width=125)
	  Recheck Cond: ((k >= 4403128) AND (k <= 4403228))
	  ->  Bitmap Index Scan on k_8  (cost=0.00..5.48 rows=105 width=0)
	        Index Cond: ((k >= 4403128) AND (k <= 4403228))

for range-notcovered
table 1 : explain SELECT k, c FROM sbtest1 WHERE k BETWEEN 5491378 AND 5491478
	Bitmap Heap Scan on sbtest1  (cost=5.37..365.72 rows=91 width=125)
	  Recheck Cond: ((k >= 5491378) AND (k <= 5491478))
	  ->  Bitmap Index Scan on k_1  (cost=0.00..5.34 rows=91 width=0)
	        Index Cond: ((k >= 5491378) AND (k <= 5491478))

table 2 : explain SELECT k, c FROM sbtest2 WHERE k BETWEEN 5491378 AND 5491478
	Bitmap Heap Scan on sbtest2  (cost=5.46..401.19 rows=100 width=125)
	  Recheck Cond: ((k >= 5491378) AND (k <= 5491478))
	  ->  Bitmap Index Scan on k_2  (cost=0.00..5.43 rows=100 width=0)
	        Index Cond: ((k >= 5491378) AND (k <= 5491478))

table 3 : explain SELECT k, c FROM sbtest3 WHERE k BETWEEN 5491378 AND 5491478
	Bitmap Heap Scan on sbtest3  (cost=5.52..424.81 rows=106 width=125)
	  Recheck Cond: ((k >= 5491378) AND (k <= 5491478))
	  ->  Bitmap Index Scan on k_3  (cost=0.00..5.50 rows=106 width=0)
	        Index Cond: ((k >= 5491378) AND (k <= 5491478))

table 4 : explain SELECT k, c FROM sbtest4 WHERE k BETWEEN 5491378 AND 5491478
	Bitmap Heap Scan on sbtest4  (cost=5.55..436.62 rows=109 width=125)
	  Recheck Cond: ((k >= 5491378) AND (k <= 5491478))
	  ->  Bitmap Index Scan on k_4  (cost=0.00..5.52 rows=109 width=0)
	        Index Cond: ((k >= 5491378) AND (k <= 5491478))

table 5 : explain SELECT k, c FROM sbtest5 WHERE k BETWEEN 5491378 AND 5491478
	Bitmap Heap Scan on sbtest5  (cost=5.40..377.55 rows=94 width=125)
	  Recheck Cond: ((k >= 5491378) AND (k <= 5491478))
	  ->  Bitmap Index Scan on k_5  (cost=0.00..5.38 rows=94 width=0)
	        Index Cond: ((k >= 5491378) AND (k <= 5491478))

table 6 : explain SELECT k, c FROM sbtest6 WHERE k BETWEEN 5491378 AND 5491478
	Bitmap Heap Scan on sbtest6  (cost=5.57..444.49 rows=111 width=125)
	  Recheck Cond: ((k >= 5491378) AND (k <= 5491478))
	  ->  Bitmap Index Scan on k_6  (cost=0.00..5.54 rows=111 width=0)
	        Index Cond: ((k >= 5491378) AND (k <= 5491478))

table 7 : explain SELECT k, c FROM sbtest7 WHERE k BETWEEN 5491378 AND 5491478
	Bitmap Heap Scan on sbtest7  (cost=5.49..413.00 rows=103 width=125)
	  Recheck Cond: ((k >= 5491378) AND (k <= 5491478))
	  ->  Bitmap Index Scan on k_7  (cost=0.00..5.46 rows=103 width=0)
	        Index Cond: ((k >= 5491378) AND (k <= 5491478))

table 8 : explain SELECT k, c FROM sbtest8 WHERE k BETWEEN 5491378 AND 5491478
	Bitmap Heap Scan on sbtest8  (cost=5.53..428.75 rows=107 width=125)
	  Recheck Cond: ((k >= 5491378) AND (k <= 5491478))
	  ->  Bitmap Index Scan on k_8  (cost=0.00..5.50 rows=107 width=0)
	        Index Cond: ((k >= 5491378) AND (k <= 5491478))

explain: for range-notcovered :: explain SELECT k, c FROM sbtest%d WHERE k BETWEEN 4403128 AND 4403228
for range-notcovered
table 1 : explain SELECT k, c FROM sbtest1 WHERE k BETWEEN 2931032 AND 2931132
	Bitmap Heap Scan on sbtest1  (cost=5.54..432.69 rows=108 width=125)
	  Recheck Cond: ((k >= 2931032) AND (k <= 2931132))
	  ->  Bitmap Index Scan on k_1  (cost=0.00..5.51 rows=108 width=0)
	        Index Cond: ((k >= 2931032) AND (k <= 2931132))

table 2 : explain SELECT k, c FROM sbtest2 WHERE k BETWEEN 2931032 AND 2931132
	Bitmap Heap Scan on sbtest2  (cost=5.49..413.00 rows=103 width=125)
	  Recheck Cond: ((k >= 2931032) AND (k <= 2931132))
	  ->  Bitmap Index Scan on k_2  (cost=0.00..5.46 rows=103 width=0)
	        Index Cond: ((k >= 2931032) AND (k <= 2931132))

table 3 : explain SELECT k, c FROM sbtest3 WHERE k BETWEEN 2931032 AND 2931132
	Bitmap Heap Scan on sbtest3  (cost=5.46..401.19 rows=100 width=125)
	  Recheck Cond: ((k >= 2931032) AND (k <= 2931132))
	  ->  Bitmap Index Scan on k_3  (cost=0.00..5.43 rows=100 width=0)
	        Index Cond: ((k >= 2931032) AND (k <= 2931132))

table 4 : explain SELECT k, c FROM sbtest4 WHERE k BETWEEN 2931032 AND 2931132
	Bitmap Heap Scan on sbtest4  (cost=5.42..385.43 rows=96 width=125)
	  Recheck Cond: ((k >= 2931032) AND (k <= 2931132))
	  ->  Bitmap Index Scan on k_4  (cost=0.00..5.39 rows=96 width=0)
	        Index Cond: ((k >= 2931032) AND (k <= 2931132))

table 5 : explain SELECT k, c FROM sbtest5 WHERE k BETWEEN 2931032 AND 2931132
	Bitmap Heap Scan on sbtest5  (cost=5.55..436.62 rows=109 width=125)
	  Recheck Cond: ((k >= 2931032) AND (k <= 2931132))
	  ->  Bitmap Index Scan on k_5  (cost=0.00..5.52 rows=109 width=0)
	        Index Cond: ((k >= 2931032) AND (k <= 2931132))

table 6 : explain SELECT k, c FROM sbtest6 WHERE k BETWEEN 2931032 AND 2931132
	Bitmap Heap Scan on sbtest6  (cost=5.43..389.37 rows=97 width=125)
	  Recheck Cond: ((k >= 2931032) AND (k <= 2931132))
	  ->  Bitmap Index Scan on k_6  (cost=0.00..5.40 rows=97 width=0)
	        Index Cond: ((k >= 2931032) AND (k <= 2931132))

table 7 : explain SELECT k, c FROM sbtest7 WHERE k BETWEEN 2931032 AND 2931132
	Bitmap Heap Scan on sbtest7  (cost=5.45..397.25 rows=99 width=125)
	  Recheck Cond: ((k >= 2931032) AND (k <= 2931132))
	  ->  Bitmap Index Scan on k_7  (cost=0.00..5.42 rows=99 width=0)
	        Index Cond: ((k >= 2931032) AND (k <= 2931132))

table 8 : explain SELECT k, c FROM sbtest8 WHERE k BETWEEN 2931032 AND 2931132
	Bitmap Heap Scan on sbtest8  (cost=5.53..428.75 rows=107 width=125)
	  Recheck Cond: ((k >= 2931032) AND (k <= 2931132))
	  ->  Bitmap Index Scan on k_8  (cost=0.00..5.50 rows=107 width=0)
	        Index Cond: ((k >= 2931032) AND (k <= 2931132))

explain: for range-notcovered :: explain SELECT k, c FROM sbtest%d WHERE k BETWEEN 2931032 AND 2931132
for range-notcovered
table 1 : explain SELECT k, c FROM sbtest1 WHERE k BETWEEN 6062903 AND 6063003
	Bitmap Heap Scan on sbtest1  (cost=5.39..373.61 rows=93 width=125)
	  Recheck Cond: ((k >= 6062903) AND (k <= 6063003))
	  ->  Bitmap Index Scan on k_1  (cost=0.00..5.36 rows=93 width=0)
	        Index Cond: ((k >= 6062903) AND (k <= 6063003))

table 2 : explain SELECT k, c FROM sbtest2 WHERE k BETWEEN 6062903 AND 6063003
	Bitmap Heap Scan on sbtest2  (cost=5.51..420.88 rows=105 width=125)
	  Recheck Cond: ((k >= 6062903) AND (k <= 6063003))
	  ->  Bitmap Index Scan on k_2  (cost=0.00..5.48 rows=105 width=0)
	        Index Cond: ((k >= 6062903) AND (k <= 6063003))

table 3 : explain SELECT k, c FROM sbtest3 WHERE k BETWEEN 6062903 AND 6063003
	Bitmap Heap Scan on sbtest3  (cost=5.51..420.88 rows=105 width=125)
	  Recheck Cond: ((k >= 6062903) AND (k <= 6063003))
	  ->  Bitmap Index Scan on k_3  (cost=0.00..5.48 rows=105 width=0)
	        Index Cond: ((k >= 6062903) AND (k <= 6063003))

table 4 : explain SELECT k, c FROM sbtest4 WHERE k BETWEEN 6062903 AND 6063003
	Bitmap Heap Scan on sbtest4  (cost=5.51..420.88 rows=105 width=125)
	  Recheck Cond: ((k >= 6062903) AND (k <= 6063003))
	  ->  Bitmap Index Scan on k_4  (cost=0.00..5.48 rows=105 width=0)
	        Index Cond: ((k >= 6062903) AND (k <= 6063003))

table 5 : explain SELECT k, c FROM sbtest5 WHERE k BETWEEN 6062903 AND 6063003
	Bitmap Heap Scan on sbtest5  (cost=5.40..377.55 rows=94 width=125)
	  Recheck Cond: ((k >= 6062903) AND (k <= 6063003))
	  ->  Bitmap Index Scan on k_5  (cost=0.00..5.38 rows=94 width=0)
	        Index Cond: ((k >= 6062903) AND (k <= 6063003))

table 6 : explain SELECT k, c FROM sbtest6 WHERE k BETWEEN 6062903 AND 6063003
	Bitmap Heap Scan on sbtest6  (cost=5.49..413.00 rows=103 width=125)
	  Recheck Cond: ((k >= 6062903) AND (k <= 6063003))
	  ->  Bitmap Index Scan on k_6  (cost=0.00..5.46 rows=103 width=0)
	        Index Cond: ((k >= 6062903) AND (k <= 6063003))

table 7 : explain SELECT k, c FROM sbtest7 WHERE k BETWEEN 6062903 AND 6063003
	Bitmap Heap Scan on sbtest7  (cost=5.52..424.81 rows=106 width=125)
	  Recheck Cond: ((k >= 6062903) AND (k <= 6063003))
	  ->  Bitmap Index Scan on k_7  (cost=0.00..5.50 rows=106 width=0)
	        Index Cond: ((k >= 6062903) AND (k <= 6063003))

table 8 : explain SELECT k, c FROM sbtest8 WHERE k BETWEEN 6062903 AND 6063003
	Bitmap Heap Scan on sbtest8  (cost=5.47..405.13 rows=101 width=125)
	  Recheck Cond: ((k >= 6062903) AND (k <= 6063003))
	  ->  Bitmap Index Scan on k_8  (cost=0.00..5.44 rows=101 width=0)
	        Index Cond: ((k >= 6062903) AND (k <= 6063003))

for range-notcovered
table 1 : explain SELECT k, c FROM sbtest1 WHERE k BETWEEN 5573521 AND 5573621
	Bitmap Heap Scan on sbtest1  (cost=5.53..428.75 rows=107 width=125)
	  Recheck Cond: ((k >= 5573521) AND (k <= 5573621))
	  ->  Bitmap Index Scan on k_1  (cost=0.00..5.50 rows=107 width=0)
	        Index Cond: ((k >= 5573521) AND (k <= 5573621))

table 2 : explain SELECT k, c FROM sbtest2 WHERE k BETWEEN 5573521 AND 5573621
	Bitmap Heap Scan on sbtest2  (cost=5.54..432.69 rows=108 width=125)
	  Recheck Cond: ((k >= 5573521) AND (k <= 5573621))
	  ->  Bitmap Index Scan on k_2  (cost=0.00..5.51 rows=108 width=0)
	        Index Cond: ((k >= 5573521) AND (k <= 5573621))

table 3 : explain SELECT k, c FROM sbtest3 WHERE k BETWEEN 5573521 AND 5573621
	Bitmap Heap Scan on sbtest3  (cost=5.50..416.94 rows=104 width=125)
	  Recheck Cond: ((k >= 5573521) AND (k <= 5573621))
	  ->  Bitmap Index Scan on k_3  (cost=0.00..5.47 rows=104 width=0)
	        Index Cond: ((k >= 5573521) AND (k <= 5573621))

table 4 : explain SELECT k, c FROM sbtest4 WHERE k BETWEEN 5573521 AND 5573621
	Bitmap Heap Scan on sbtest4  (cost=5.45..397.25 rows=99 width=125)
	  Recheck Cond: ((k >= 5573521) AND (k <= 5573621))
	  ->  Bitmap Index Scan on k_4  (cost=0.00..5.42 rows=99 width=0)
	        Index Cond: ((k >= 5573521) AND (k <= 5573621))

table 5 : explain SELECT k, c FROM sbtest5 WHERE k BETWEEN 5573521 AND 5573621
	Bitmap Heap Scan on sbtest5  (cost=5.47..405.13 rows=101 width=125)
	  Recheck Cond: ((k >= 5573521) AND (k <= 5573621))
	  ->  Bitmap Index Scan on k_5  (cost=0.00..5.44 rows=101 width=0)
	        Index Cond: ((k >= 5573521) AND (k <= 5573621))

table 6 : explain SELECT k, c FROM sbtest6 WHERE k BETWEEN 5573521 AND 5573621
	Bitmap Heap Scan on sbtest6  (cost=5.41..381.49 rows=95 width=125)
	  Recheck Cond: ((k >= 5573521) AND (k <= 5573621))
	  ->  Bitmap Index Scan on k_6  (cost=0.00..5.38 rows=95 width=0)
	        Index Cond: ((k >= 5573521) AND (k <= 5573621))

table 7 : explain SELECT k, c FROM sbtest7 WHERE k BETWEEN 5573521 AND 5573621
	Bitmap Heap Scan on sbtest7  (cost=5.44..393.31 rows=98 width=125)
	  Recheck Cond: ((k >= 5573521) AND (k <= 5573621))
	  ->  Bitmap Index Scan on k_7  (cost=0.00..5.42 rows=98 width=0)
	        Index Cond: ((k >= 5573521) AND (k <= 5573621))

table 8 : explain SELECT k, c FROM sbtest8 WHERE k BETWEEN 5573521 AND 5573621
	Bitmap Heap Scan on sbtest8  (cost=5.48..409.07 rows=102 width=125)
	  Recheck Cond: ((k >= 5573521) AND (k <= 5573621))
	  ->  Bitmap Index Scan on k_8  (cost=0.00..5.45 rows=102 width=0)
	        Index Cond: ((k >= 5573521) AND (k <= 5573621))

for range-notcovered
table 1 : explain SELECT k, c FROM sbtest1 WHERE k BETWEEN 4841550 AND 4841650
	Bitmap Heap Scan on sbtest1  (cost=5.60..456.29 rows=114 width=125)
	  Recheck Cond: ((k >= 4841550) AND (k <= 4841650))
	  ->  Bitmap Index Scan on k_1  (cost=0.00..5.58 rows=114 width=0)
	        Index Cond: ((k >= 4841550) AND (k <= 4841650))

table 2 : explain SELECT k, c FROM sbtest2 WHERE k BETWEEN 4841550 AND 4841650
	Bitmap Heap Scan on sbtest2  (cost=5.44..393.31 rows=98 width=125)
	  Recheck Cond: ((k >= 4841550) AND (k <= 4841650))
	  ->  Bitmap Index Scan on k_2  (cost=0.00..5.42 rows=98 width=0)
	        Index Cond: ((k >= 4841550) AND (k <= 4841650))

table 3 : explain SELECT k, c FROM sbtest3 WHERE k BETWEEN 4841550 AND 4841650
	Bitmap Heap Scan on sbtest3  (cost=5.48..409.07 rows=102 width=125)
	  Recheck Cond: ((k >= 4841550) AND (k <= 4841650))
	  ->  Bitmap Index Scan on k_3  (cost=0.00..5.45 rows=102 width=0)
	        Index Cond: ((k >= 4841550) AND (k <= 4841650))

table 4 : explain SELECT k, c FROM sbtest4 WHERE k BETWEEN 4841550 AND 4841650
	Bitmap Heap Scan on sbtest4  (cost=5.46..401.19 rows=100 width=125)
	  Recheck Cond: ((k >= 4841550) AND (k <= 4841650))
	  ->  Bitmap Index Scan on k_4  (cost=0.00..5.43 rows=100 width=0)
	        Index Cond: ((k >= 4841550) AND (k <= 4841650))

table 5 : explain SELECT k, c FROM sbtest5 WHERE k BETWEEN 4841550 AND 4841650
	Bitmap Heap Scan on sbtest5  (cost=5.48..409.07 rows=102 width=125)
	  Recheck Cond: ((k >= 4841550) AND (k <= 4841650))
	  ->  Bitmap Index Scan on k_5  (cost=0.00..5.45 rows=102 width=0)
	        Index Cond: ((k >= 4841550) AND (k <= 4841650))

table 6 : explain SELECT k, c FROM sbtest6 WHERE k BETWEEN 4841550 AND 4841650
	Bitmap Heap Scan on sbtest6  (cost=5.50..416.94 rows=104 width=125)
	  Recheck Cond: ((k >= 4841550) AND (k <= 4841650))
	  ->  Bitmap Index Scan on k_6  (cost=0.00..5.47 rows=104 width=0)
	        Index Cond: ((k >= 4841550) AND (k <= 4841650))

table 7 : explain SELECT k, c FROM sbtest7 WHERE k BETWEEN 4841550 AND 4841650
	Bitmap Heap Scan on sbtest7  (cost=5.44..393.31 rows=98 width=125)
	  Recheck Cond: ((k >= 4841550) AND (k <= 4841650))
	  ->  Bitmap Index Scan on k_7  (cost=0.00..5.42 rows=98 width=0)
	        Index Cond: ((k >= 4841550) AND (k <= 4841650))

table 8 : explain SELECT k, c FROM sbtest8 WHERE k BETWEEN 4841550 AND 4841650
	Bitmap Heap Scan on sbtest8  (cost=5.43..389.37 rows=97 width=125)
	  Recheck Cond: ((k >= 4841550) AND (k <= 4841650))
	  ->  Bitmap Index Scan on k_8  (cost=0.00..5.40 rows=97 width=0)
	        Index Cond: ((k >= 4841550) AND (k <= 4841650))

explain: for range-notcovered :: explain SELECT k, c FROM sbtest%d WHERE k BETWEEN 4841550 AND 4841650
for range-notcovered
table 1 : explain SELECT k, c FROM sbtest1 WHERE k BETWEEN 3301775 AND 3301875
	Bitmap Heap Scan on sbtest1  (cost=5.41..381.49 rows=95 width=125)
	  Recheck Cond: ((k >= 3301775) AND (k <= 3301875))
	  ->  Bitmap Index Scan on k_1  (cost=0.00..5.38 rows=95 width=0)
	        Index Cond: ((k >= 3301775) AND (k <= 3301875))

table 2 : explain SELECT k, c FROM sbtest2 WHERE k BETWEEN 3301775 AND 3301875
	Bitmap Heap Scan on sbtest2  (cost=5.56..440.56 rows=110 width=125)
	  Recheck Cond: ((k >= 3301775) AND (k <= 3301875))
	  ->  Bitmap Index Scan on k_2  (cost=0.00..5.53 rows=110 width=0)
	        Index Cond: ((k >= 3301775) AND (k <= 3301875))

table 3 : explain SELECT k, c FROM sbtest3 WHERE k BETWEEN 3301775 AND 3301875
	Bitmap Heap Scan on sbtest3  (cost=5.48..409.07 rows=102 width=125)
	  Recheck Cond: ((k >= 3301775) AND (k <= 3301875))
	  ->  Bitmap Index Scan on k_3  (cost=0.00..5.45 rows=102 width=0)
	        Index Cond: ((k >= 3301775) AND (k <= 3301875))

table 4 : explain SELECT k, c FROM sbtest4 WHERE k BETWEEN 3301775 AND 3301875
	Bitmap Heap Scan on sbtest4  (cost=5.42..385.43 rows=96 width=125)
	  Recheck Cond: ((k >= 3301775) AND (k <= 3301875))
	  ->  Bitmap Index Scan on k_4  (cost=0.00..5.39 rows=96 width=0)
	        Index Cond: ((k >= 3301775) AND (k <= 3301875))

table 5 : explain SELECT k, c FROM sbtest5 WHERE k BETWEEN 3301775 AND 3301875
	Bitmap Heap Scan on sbtest5  (cost=5.44..393.31 rows=98 width=125)
	  Recheck Cond: ((k >= 3301775) AND (k <= 3301875))
	  ->  Bitmap Index Scan on k_5  (cost=0.00..5.42 rows=98 width=0)
	        Index Cond: ((k >= 3301775) AND (k <= 3301875))

table 6 : explain SELECT k, c FROM sbtest6 WHERE k BETWEEN 3301775 AND 3301875
	Bitmap Heap Scan on sbtest6  (cost=5.57..444.49 rows=111 width=125)
	  Recheck Cond: ((k >= 3301775) AND (k <= 3301875))
	  ->  Bitmap Index Scan on k_6  (cost=0.00..5.54 rows=111 width=0)
	        Index Cond: ((k >= 3301775) AND (k <= 3301875))

table 7 : explain SELECT k, c FROM sbtest7 WHERE k BETWEEN 3301775 AND 3301875
	Bitmap Heap Scan on sbtest7  (cost=5.40..377.55 rows=94 width=125)
	  Recheck Cond: ((k >= 3301775) AND (k <= 3301875))
	  ->  Bitmap Index Scan on k_7  (cost=0.00..5.38 rows=94 width=0)
	        Index Cond: ((k >= 3301775) AND (k <= 3301875))

table 8 : explain SELECT k, c FROM sbtest8 WHERE k BETWEEN 3301775 AND 3301875
	Bitmap Heap Scan on sbtest8  (cost=5.52..424.81 rows=106 width=125)
	  Recheck Cond: ((k >= 3301775) AND (k <= 3301875))
	  ->  Bitmap Index Scan on k_8  (cost=0.00..5.50 rows=106 width=0)
	        Index Cond: ((k >= 3301775) AND (k <= 3301875))

for range-notcovered
table 1 : explain SELECT k, c FROM sbtest1 WHERE k BETWEEN 2931032 AND 2931132
	Bitmap Heap Scan on sbtest1  (cost=5.54..432.69 rows=108 width=125)
	  Recheck Cond: ((k >= 2931032) AND (k <= 2931132))
	  ->  Bitmap Index Scan on k_1  (cost=0.00..5.51 rows=108 width=0)
	        Index Cond: ((k >= 2931032) AND (k <= 2931132))

table 2 : explain SELECT k, c FROM sbtest2 WHERE k BETWEEN 2931032 AND 2931132
	Bitmap Heap Scan on sbtest2  (cost=5.49..413.00 rows=103 width=125)
	  Recheck Cond: ((k >= 2931032) AND (k <= 2931132))
	  ->  Bitmap Index Scan on k_2  (cost=0.00..5.46 rows=103 width=0)
	        Index Cond: ((k >= 2931032) AND (k <= 2931132))

table 3 : explain SELECT k, c FROM sbtest3 WHERE k BETWEEN 2931032 AND 2931132
	Bitmap Heap Scan on sbtest3  (cost=5.46..401.19 rows=100 width=125)
	  Recheck Cond: ((k >= 2931032) AND (k <= 2931132))
	  ->  Bitmap Index Scan on k_3  (cost=0.00..5.43 rows=100 width=0)
	        Index Cond: ((k >= 2931032) AND (k <= 2931132))

table 4 : explain SELECT k, c FROM sbtest4 WHERE k BETWEEN 2931032 AND 2931132
	Bitmap Heap Scan on sbtest4  (cost=5.42..385.43 rows=96 width=125)
	  Recheck Cond: ((k >= 2931032) AND (k <= 2931132))
	  ->  Bitmap Index Scan on k_4  (cost=0.00..5.39 rows=96 width=0)
	        Index Cond: ((k >= 2931032) AND (k <= 2931132))

table 5 : explain SELECT k, c FROM sbtest5 WHERE k BETWEEN 2931032 AND 2931132
	Bitmap Heap Scan on sbtest5  (cost=5.55..436.62 rows=109 width=125)
	  Recheck Cond: ((k >= 2931032) AND (k <= 2931132))
	  ->  Bitmap Index Scan on k_5  (cost=0.00..5.52 rows=109 width=0)
	        Index Cond: ((k >= 2931032) AND (k <= 2931132))

table 6 : explain SELECT k, c FROM sbtest6 WHERE k BETWEEN 2931032 AND 2931132
	Bitmap Heap Scan on sbtest6  (cost=5.43..389.37 rows=97 width=125)
	  Recheck Cond: ((k >= 2931032) AND (k <= 2931132))
	  ->  Bitmap Index Scan on k_6  (cost=0.00..5.40 rows=97 width=0)
	        Index Cond: ((k >= 2931032) AND (k <= 2931132))

table 7 : explain SELECT k, c FROM sbtest7 WHERE k BETWEEN 2931032 AND 2931132
	Bitmap Heap Scan on sbtest7  (cost=5.45..397.25 rows=99 width=125)
	  Recheck Cond: ((k >= 2931032) AND (k <= 2931132))
	  ->  Bitmap Index Scan on k_7  (cost=0.00..5.42 rows=99 width=0)
	        Index Cond: ((k >= 2931032) AND (k <= 2931132))

table 8 : explain SELECT k, c FROM sbtest8 WHERE k BETWEEN 2931032 AND 2931132
	Bitmap Heap Scan on sbtest8  (cost=5.53..428.75 rows=107 width=125)
	  Recheck Cond: ((k >= 2931032) AND (k <= 2931132))
	  ->  Bitmap Index Scan on k_8  (cost=0.00..5.50 rows=107 width=0)
	        Index Cond: ((k >= 2931032) AND (k <= 2931132))

explain: for range-notcovered :: explain SELECT k, c FROM sbtest%d WHERE k BETWEEN 3301775 AND 3301875
explain: for range-notcovered :: explain SELECT k, c FROM sbtest%d WHERE k BETWEEN 632938 AND 633038
explain: for range-notcovered :: explain SELECT k, c FROM sbtest%d WHERE k BETWEEN 2931032 AND 2931132
for range-notcovered
table 1 : explain SELECT k, c FROM sbtest1 WHERE k BETWEEN 632938 AND 633038
	Bitmap Heap Scan on sbtest1  (cost=5.50..416.94 rows=104 width=125)
	  Recheck Cond: ((k >= 632938) AND (k <= 633038))
	  ->  Bitmap Index Scan on k_1  (cost=0.00..5.47 rows=104 width=0)
	        Index Cond: ((k >= 632938) AND (k <= 633038))

table 2 : explain SELECT k, c FROM sbtest2 WHERE k BETWEEN 632938 AND 633038
	Bitmap Heap Scan on sbtest2  (cost=5.55..436.62 rows=109 width=125)
	  Recheck Cond: ((k >= 632938) AND (k <= 633038))
	  ->  Bitmap Index Scan on k_2  (cost=0.00..5.52 rows=109 width=0)
	        Index Cond: ((k >= 632938) AND (k <= 633038))

table 3 : explain SELECT k, c FROM sbtest3 WHERE k BETWEEN 632938 AND 633038
	Bitmap Heap Scan on sbtest3  (cost=5.38..369.67 rows=92 width=125)
	  Recheck Cond: ((k >= 632938) AND (k <= 633038))
	  ->  Bitmap Index Scan on k_3  (cost=0.00..5.35 rows=92 width=0)
	        Index Cond: ((k >= 632938) AND (k <= 633038))

table 4 : explain SELECT k, c FROM sbtest4 WHERE k BETWEEN 632938 AND 633038
	Bitmap Heap Scan on sbtest4  (cost=5.55..436.62 rows=109 width=125)
	  Recheck Cond: ((k >= 632938) AND (k <= 633038))
	  ->  Bitmap Index Scan on k_4  (cost=0.00..5.52 rows=109 width=0)
	        Index Cond: ((k >= 632938) AND (k <= 633038))

table 5 : explain SELECT k, c FROM sbtest5 WHERE k BETWEEN 632938 AND 633038
	Bitmap Heap Scan on sbtest5  (cost=5.58..448.42 rows=112 width=125)
	  Recheck Cond: ((k >= 632938) AND (k <= 633038))
	  ->  Bitmap Index Scan on k_5  (cost=0.00..5.55 rows=112 width=0)
	        Index Cond: ((k >= 632938) AND (k <= 633038))

table 6 : explain SELECT k, c FROM sbtest6 WHERE k BETWEEN 632938 AND 633038
	Bitmap Heap Scan on sbtest6  (cost=5.47..405.13 rows=101 width=125)
	  Recheck Cond: ((k >= 632938) AND (k <= 633038))
	  ->  Bitmap Index Scan on k_6  (cost=0.00..5.44 rows=101 width=0)
	        Index Cond: ((k >= 632938) AND (k <= 633038))

table 7 : explain SELECT k, c FROM sbtest7 WHERE k BETWEEN 632938 AND 633038
	Bitmap Heap Scan on sbtest7  (cost=5.42..385.43 rows=96 width=125)
	  Recheck Cond: ((k >= 632938) AND (k <= 633038))
	  ->  Bitmap Index Scan on k_7  (cost=0.00..5.39 rows=96 width=0)
	        Index Cond: ((k >= 632938) AND (k <= 633038))

table 8 : explain SELECT k, c FROM sbtest8 WHERE k BETWEEN 632938 AND 633038
	Bitmap Heap Scan on sbtest8  (cost=5.55..436.62 rows=109 width=125)
	  Recheck Cond: ((k >= 632938) AND (k <= 633038))
	  ->  Bitmap Index Scan on k_8  (cost=0.00..5.52 rows=109 width=0)
	        Index Cond: ((k >= 632938) AND (k <= 633038))

for range-notcovered
table 1 : explain SELECT k, c FROM sbtest1 WHERE k BETWEEN 3301775 AND 3301875
	Bitmap Heap Scan on sbtest1  (cost=5.41..381.49 rows=95 width=125)
	  Recheck Cond: ((k >= 3301775) AND (k <= 3301875))
	  ->  Bitmap Index Scan on k_1  (cost=0.00..5.38 rows=95 width=0)
	        Index Cond: ((k >= 3301775) AND (k <= 3301875))

table 2 : explain SELECT k, c FROM sbtest2 WHERE k BETWEEN 3301775 AND 3301875
	Bitmap Heap Scan on sbtest2  (cost=5.56..440.56 rows=110 width=125)
	  Recheck Cond: ((k >= 3301775) AND (k <= 3301875))
	  ->  Bitmap Index Scan on k_2  (cost=0.00..5.53 rows=110 width=0)
	        Index Cond: ((k >= 3301775) AND (k <= 3301875))

table 3 : explain SELECT k, c FROM sbtest3 WHERE k BETWEEN 3301775 AND 3301875
	Bitmap Heap Scan on sbtest3  (cost=5.48..409.07 rows=102 width=125)
	  Recheck Cond: ((k >= 3301775) AND (k <= 3301875))
	  ->  Bitmap Index Scan on k_3  (cost=0.00..5.45 rows=102 width=0)
	        Index Cond: ((k >= 3301775) AND (k <= 3301875))

table 4 : explain SELECT k, c FROM sbtest4 WHERE k BETWEEN 3301775 AND 3301875
	Bitmap Heap Scan on sbtest4  (cost=5.42..385.43 rows=96 width=125)
	  Recheck Cond: ((k >= 3301775) AND (k <= 3301875))
	  ->  Bitmap Index Scan on k_4  (cost=0.00..5.39 rows=96 width=0)
	        Index Cond: ((k >= 3301775) AND (k <= 3301875))

table 5 : explain SELECT k, c FROM sbtest5 WHERE k BETWEEN 3301775 AND 3301875
	Bitmap Heap Scan on sbtest5  (cost=5.44..393.31 rows=98 width=125)
	  Recheck Cond: ((k >= 3301775) AND (k <= 3301875))
	  ->  Bitmap Index Scan on k_5  (cost=0.00..5.42 rows=98 width=0)
	        Index Cond: ((k >= 3301775) AND (k <= 3301875))

table 6 : explain SELECT k, c FROM sbtest6 WHERE k BETWEEN 3301775 AND 3301875
	Bitmap Heap Scan on sbtest6  (cost=5.57..444.49 rows=111 width=125)
	  Recheck Cond: ((k >= 3301775) AND (k <= 3301875))
	  ->  Bitmap Index Scan on k_6  (cost=0.00..5.54 rows=111 width=0)
	        Index Cond: ((k >= 3301775) AND (k <= 3301875))

table 7 : explain SELECT k, c FROM sbtest7 WHERE k BETWEEN 3301775 AND 3301875
	Bitmap Heap Scan on sbtest7  (cost=5.40..377.55 rows=94 width=125)
	  Recheck Cond: ((k >= 3301775) AND (k <= 3301875))
	  ->  Bitmap Index Scan on k_7  (cost=0.00..5.38 rows=94 width=0)
	        Index Cond: ((k >= 3301775) AND (k <= 3301875))

table 8 : explain SELECT k, c FROM sbtest8 WHERE k BETWEEN 3301775 AND 3301875
	Bitmap Heap Scan on sbtest8  (cost=5.52..424.81 rows=106 width=125)
	  Recheck Cond: ((k >= 3301775) AND (k <= 3301875))
	  ->  Bitmap Index Scan on k_8  (cost=0.00..5.50 rows=106 width=0)
	        Index Cond: ((k >= 3301775) AND (k <= 3301875))

for range-notcovered
table 1 : explain SELECT k, c FROM sbtest1 WHERE k BETWEEN 2931032 AND 2931132
	Bitmap Heap Scan on sbtest1  (cost=5.54..432.69 rows=108 width=125)
	  Recheck Cond: ((k >= 2931032) AND (k <= 2931132))
	  ->  Bitmap Index Scan on k_1  (cost=0.00..5.51 rows=108 width=0)
	        Index Cond: ((k >= 2931032) AND (k <= 2931132))

table 2 : explain SELECT k, c FROM sbtest2 WHERE k BETWEEN 2931032 AND 2931132
	Bitmap Heap Scan on sbtest2  (cost=5.49..413.00 rows=103 width=125)
	  Recheck Cond: ((k >= 2931032) AND (k <= 2931132))
	  ->  Bitmap Index Scan on k_2  (cost=0.00..5.46 rows=103 width=0)
	        Index Cond: ((k >= 2931032) AND (k <= 2931132))

table 3 : explain SELECT k, c FROM sbtest3 WHERE k BETWEEN 2931032 AND 2931132
	Bitmap Heap Scan on sbtest3  (cost=5.46..401.19 rows=100 width=125)
	  Recheck Cond: ((k >= 2931032) AND (k <= 2931132))
	  ->  Bitmap Index Scan on k_3  (cost=0.00..5.43 rows=100 width=0)
	        Index Cond: ((k >= 2931032) AND (k <= 2931132))

table 4 : explain SELECT k, c FROM sbtest4 WHERE k BETWEEN 2931032 AND 2931132
	Bitmap Heap Scan on sbtest4  (cost=5.42..385.43 rows=96 width=125)
	  Recheck Cond: ((k >= 2931032) AND (k <= 2931132))
	  ->  Bitmap Index Scan on k_4  (cost=0.00..5.39 rows=96 width=0)
	        Index Cond: ((k >= 2931032) AND (k <= 2931132))

table 5 : explain SELECT k, c FROM sbtest5 WHERE k BETWEEN 2931032 AND 2931132
	Bitmap Heap Scan on sbtest5  (cost=5.55..436.62 rows=109 width=125)
	  Recheck Cond: ((k >= 2931032) AND (k <= 2931132))
	  ->  Bitmap Index Scan on k_5  (cost=0.00..5.52 rows=109 width=0)
	        Index Cond: ((k >= 2931032) AND (k <= 2931132))

table 6 : explain SELECT k, c FROM sbtest6 WHERE k BETWEEN 2931032 AND 2931132
	Bitmap Heap Scan on sbtest6  (cost=5.43..389.37 rows=97 width=125)
	  Recheck Cond: ((k >= 2931032) AND (k <= 2931132))
	  ->  Bitmap Index Scan on k_6  (cost=0.00..5.40 rows=97 width=0)
	        Index Cond: ((k >= 2931032) AND (k <= 2931132))

table 7 : explain SELECT k, c FROM sbtest7 WHERE k BETWEEN 2931032 AND 2931132
	Bitmap Heap Scan on sbtest7  (cost=5.45..397.25 rows=99 width=125)
	  Recheck Cond: ((k >= 2931032) AND (k <= 2931132))
	  ->  Bitmap Index Scan on k_7  (cost=0.00..5.42 rows=99 width=0)
	        Index Cond: ((k >= 2931032) AND (k <= 2931132))

table 8 : explain SELECT k, c FROM sbtest8 WHERE k BETWEEN 2931032 AND 2931132
	Bitmap Heap Scan on sbtest8  (cost=5.53..428.75 rows=107 width=125)
	  Recheck Cond: ((k >= 2931032) AND (k <= 2931132))
	  ->  Bitmap Index Scan on k_8  (cost=0.00..5.50 rows=107 width=0)
	        Index Cond: ((k >= 2931032) AND (k <= 2931132))

explain: for range-notcovered :: explain SELECT k, c FROM sbtest%d WHERE k BETWEEN 3301775 AND 3301875
explain: for range-notcovered :: explain SELECT k, c FROM sbtest%d WHERE k BETWEEN 2931032 AND 2931132
for range-notcovered
table 1 : explain SELECT k, c FROM sbtest1 WHERE k BETWEEN 3860156 AND 3860256
	Bitmap Heap Scan on sbtest1  (cost=5.42..385.43 rows=96 width=125)
	  Recheck Cond: ((k >= 3860156) AND (k <= 3860256))
	  ->  Bitmap Index Scan on k_1  (cost=0.00..5.39 rows=96 width=0)
	        Index Cond: ((k >= 3860156) AND (k <= 3860256))

table 2 : explain SELECT k, c FROM sbtest2 WHERE k BETWEEN 3860156 AND 3860256
	Bitmap Heap Scan on sbtest2  (cost=5.45..397.25 rows=99 width=125)
	  Recheck Cond: ((k >= 3860156) AND (k <= 3860256))
	  ->  Bitmap Index Scan on k_2  (cost=0.00..5.42 rows=99 width=0)
	        Index Cond: ((k >= 3860156) AND (k <= 3860256))

table 3 : explain SELECT k, c FROM sbtest3 WHERE k BETWEEN 3860156 AND 3860256
	Bitmap Heap Scan on sbtest3  (cost=5.45..397.25 rows=99 width=125)
	  Recheck Cond: ((k >= 3860156) AND (k <= 3860256))
	  ->  Bitmap Index Scan on k_3  (cost=0.00..5.42 rows=99 width=0)
	        Index Cond: ((k >= 3860156) AND (k <= 3860256))

table 4 : explain SELECT k, c FROM sbtest4 WHERE k BETWEEN 3860156 AND 3860256
	Bitmap Heap Scan on sbtest4  (cost=5.53..428.75 rows=107 width=125)
	  Recheck Cond: ((k >= 3860156) AND (k <= 3860256))
	  ->  Bitmap Index Scan on k_4  (cost=0.00..5.50 rows=107 width=0)
	        Index Cond: ((k >= 3860156) AND (k <= 3860256))

table 5 : explain SELECT k, c FROM sbtest5 WHERE k BETWEEN 3860156 AND 3860256
	Bitmap Heap Scan on sbtest5  (cost=5.39..373.61 rows=93 width=125)
	  Recheck Cond: ((k >= 3860156) AND (k <= 3860256))
	  ->  Bitmap Index Scan on k_5  (cost=0.00..5.36 rows=93 width=0)
	        Index Cond: ((k >= 3860156) AND (k <= 3860256))

table 6 : explain SELECT k, c FROM sbtest6 WHERE k BETWEEN 3860156 AND 3860256
	Bitmap Heap Scan on sbtest6  (cost=5.43..389.37 rows=97 width=125)
	  Recheck Cond: ((k >= 3860156) AND (k <= 3860256))
	  ->  Bitmap Index Scan on k_6  (cost=0.00..5.40 rows=97 width=0)
	        Index Cond: ((k >= 3860156) AND (k <= 3860256))

table 7 : explain SELECT k, c FROM sbtest7 WHERE k BETWEEN 3860156 AND 3860256
	Bitmap Heap Scan on sbtest7  (cost=5.42..385.43 rows=96 width=125)
	  Recheck Cond: ((k >= 3860156) AND (k <= 3860256))
	  ->  Bitmap Index Scan on k_7  (cost=0.00..5.39 rows=96 width=0)
	        Index Cond: ((k >= 3860156) AND (k <= 3860256))

table 8 : explain SELECT k, c FROM sbtest8 WHERE k BETWEEN 3860156 AND 3860256
	Bitmap Heap Scan on sbtest8  (cost=5.44..393.31 rows=98 width=125)
	  Recheck Cond: ((k >= 3860156) AND (k <= 3860256))
	  ->  Bitmap Index Scan on k_8  (cost=0.00..5.42 rows=98 width=0)
	        Index Cond: ((k >= 3860156) AND (k <= 3860256))

explain: for range-notcovered :: explain SELECT k, c FROM sbtest%d WHERE k BETWEEN 3860156 AND 3860256
for range-notcovered
table 1 : explain SELECT k, c FROM sbtest1 WHERE k BETWEEN 3301775 AND 3301875
	Bitmap Heap Scan on sbtest1  (cost=5.41..381.49 rows=95 width=125)
	  Recheck Cond: ((k >= 3301775) AND (k <= 3301875))
	  ->  Bitmap Index Scan on k_1  (cost=0.00..5.38 rows=95 width=0)
	        Index Cond: ((k >= 3301775) AND (k <= 3301875))

table 2 : explain SELECT k, c FROM sbtest2 WHERE k BETWEEN 3301775 AND 3301875
	Bitmap Heap Scan on sbtest2  (cost=5.56..440.56 rows=110 width=125)
	  Recheck Cond: ((k >= 3301775) AND (k <= 3301875))
	  ->  Bitmap Index Scan on k_2  (cost=0.00..5.53 rows=110 width=0)
	        Index Cond: ((k >= 3301775) AND (k <= 3301875))

table 3 : explain SELECT k, c FROM sbtest3 WHERE k BETWEEN 3301775 AND 3301875
	Bitmap Heap Scan on sbtest3  (cost=5.48..409.07 rows=102 width=125)
	  Recheck Cond: ((k >= 3301775) AND (k <= 3301875))
	  ->  Bitmap Index Scan on k_3  (cost=0.00..5.45 rows=102 width=0)
	        Index Cond: ((k >= 3301775) AND (k <= 3301875))

table 4 : explain SELECT k, c FROM sbtest4 WHERE k BETWEEN 3301775 AND 3301875
	Bitmap Heap Scan on sbtest4  (cost=5.42..385.43 rows=96 width=125)
	  Recheck Cond: ((k >= 3301775) AND (k <= 3301875))
	  ->  Bitmap Index Scan on k_4  (cost=0.00..5.39 rows=96 width=0)
	        Index Cond: ((k >= 3301775) AND (k <= 3301875))

table 5 : explain SELECT k, c FROM sbtest5 WHERE k BETWEEN 3301775 AND 3301875
	Bitmap Heap Scan on sbtest5  (cost=5.44..393.31 rows=98 width=125)
	  Recheck Cond: ((k >= 3301775) AND (k <= 3301875))
	  ->  Bitmap Index Scan on k_5  (cost=0.00..5.42 rows=98 width=0)
	        Index Cond: ((k >= 3301775) AND (k <= 3301875))

table 6 : explain SELECT k, c FROM sbtest6 WHERE k BETWEEN 3301775 AND 3301875
	Bitmap Heap Scan on sbtest6  (cost=5.57..444.49 rows=111 width=125)
	  Recheck Cond: ((k >= 3301775) AND (k <= 3301875))
	  ->  Bitmap Index Scan on k_6  (cost=0.00..5.54 rows=111 width=0)
	        Index Cond: ((k >= 3301775) AND (k <= 3301875))

table 7 : explain SELECT k, c FROM sbtest7 WHERE k BETWEEN 3301775 AND 3301875
	Bitmap Heap Scan on sbtest7  (cost=5.40..377.55 rows=94 width=125)
	  Recheck Cond: ((k >= 3301775) AND (k <= 3301875))
	  ->  Bitmap Index Scan on k_7  (cost=0.00..5.38 rows=94 width=0)
	        Index Cond: ((k >= 3301775) AND (k <= 3301875))

table 8 : explain SELECT k, c FROM sbtest8 WHERE k BETWEEN 3301775 AND 3301875
	Bitmap Heap Scan on sbtest8  (cost=5.52..424.81 rows=106 width=125)
	  Recheck Cond: ((k >= 3301775) AND (k <= 3301875))
	  ->  Bitmap Index Scan on k_8  (cost=0.00..5.50 rows=106 width=0)
	        Index Cond: ((k >= 3301775) AND (k <= 3301875))

for range-notcovered
table 1 : explain SELECT k, c FROM sbtest1 WHERE k BETWEEN 2931032 AND 2931132
	Bitmap Heap Scan on sbtest1  (cost=5.54..432.69 rows=108 width=125)
	  Recheck Cond: ((k >= 2931032) AND (k <= 2931132))
	  ->  Bitmap Index Scan on k_1  (cost=0.00..5.51 rows=108 width=0)
	        Index Cond: ((k >= 2931032) AND (k <= 2931132))

table 2 : explain SELECT k, c FROM sbtest2 WHERE k BETWEEN 2931032 AND 2931132
	Bitmap Heap Scan on sbtest2  (cost=5.49..413.00 rows=103 width=125)
	  Recheck Cond: ((k >= 2931032) AND (k <= 2931132))
	  ->  Bitmap Index Scan on k_2  (cost=0.00..5.46 rows=103 width=0)
	        Index Cond: ((k >= 2931032) AND (k <= 2931132))

table 3 : explain SELECT k, c FROM sbtest3 WHERE k BETWEEN 2931032 AND 2931132
	Bitmap Heap Scan on sbtest3  (cost=5.46..401.19 rows=100 width=125)
	  Recheck Cond: ((k >= 2931032) AND (k <= 2931132))
	  ->  Bitmap Index Scan on k_3  (cost=0.00..5.43 rows=100 width=0)
	        Index Cond: ((k >= 2931032) AND (k <= 2931132))

table 4 : explain SELECT k, c FROM sbtest4 WHERE k BETWEEN 2931032 AND 2931132
	Bitmap Heap Scan on sbtest4  (cost=5.42..385.43 rows=96 width=125)
	  Recheck Cond: ((k >= 2931032) AND (k <= 2931132))
	  ->  Bitmap Index Scan on k_4  (cost=0.00..5.39 rows=96 width=0)
	        Index Cond: ((k >= 2931032) AND (k <= 2931132))

table 5 : explain SELECT k, c FROM sbtest5 WHERE k BETWEEN 2931032 AND 2931132
	Bitmap Heap Scan on sbtest5  (cost=5.55..436.62 rows=109 width=125)
	  Recheck Cond: ((k >= 2931032) AND (k <= 2931132))
	  ->  Bitmap Index Scan on k_5  (cost=0.00..5.52 rows=109 width=0)
	        Index Cond: ((k >= 2931032) AND (k <= 2931132))

table 6 : explain SELECT k, c FROM sbtest6 WHERE k BETWEEN 2931032 AND 2931132
	Bitmap Heap Scan on sbtest6  (cost=5.43..389.37 rows=97 width=125)
	  Recheck Cond: ((k >= 2931032) AND (k <= 2931132))
	  ->  Bitmap Index Scan on k_6  (cost=0.00..5.40 rows=97 width=0)
	        Index Cond: ((k >= 2931032) AND (k <= 2931132))

table 7 : explain SELECT k, c FROM sbtest7 WHERE k BETWEEN 2931032 AND 2931132
	Bitmap Heap Scan on sbtest7  (cost=5.45..397.25 rows=99 width=125)
	  Recheck Cond: ((k >= 2931032) AND (k <= 2931132))
	  ->  Bitmap Index Scan on k_7  (cost=0.00..5.42 rows=99 width=0)
	        Index Cond: ((k >= 2931032) AND (k <= 2931132))

table 8 : explain SELECT k, c FROM sbtest8 WHERE k BETWEEN 2931032 AND 2931132
	Bitmap Heap Scan on sbtest8  (cost=5.53..428.75 rows=107 width=125)
	  Recheck Cond: ((k >= 2931032) AND (k <= 2931132))
	  ->  Bitmap Index Scan on k_8  (cost=0.00..5.50 rows=107 width=0)
	        Index Cond: ((k >= 2931032) AND (k <= 2931132))

explain: for range-notcovered :: explain SELECT k, c FROM sbtest%d WHERE k BETWEEN 3301775 AND 3301875
explain: for range-notcovered :: explain SELECT k, c FROM sbtest%d WHERE k BETWEEN 2931032 AND 2931132
for range-notcovered
table 1 : explain SELECT k, c FROM sbtest1 WHERE k BETWEEN 3860156 AND 3860256
	Bitmap Heap Scan on sbtest1  (cost=5.42..385.43 rows=96 width=125)
	  Recheck Cond: ((k >= 3860156) AND (k <= 3860256))
	  ->  Bitmap Index Scan on k_1  (cost=0.00..5.39 rows=96 width=0)
	        Index Cond: ((k >= 3860156) AND (k <= 3860256))

table 2 : explain SELECT k, c FROM sbtest2 WHERE k BETWEEN 3860156 AND 3860256
	Bitmap Heap Scan on sbtest2  (cost=5.45..397.25 rows=99 width=125)
	  Recheck Cond: ((k >= 3860156) AND (k <= 3860256))
	  ->  Bitmap Index Scan on k_2  (cost=0.00..5.42 rows=99 width=0)
	        Index Cond: ((k >= 3860156) AND (k <= 3860256))

table 3 : explain SELECT k, c FROM sbtest3 WHERE k BETWEEN 3860156 AND 3860256
	Bitmap Heap Scan on sbtest3  (cost=5.45..397.25 rows=99 width=125)
	  Recheck Cond: ((k >= 3860156) AND (k <= 3860256))
	  ->  Bitmap Index Scan on k_3  (cost=0.00..5.42 rows=99 width=0)
	        Index Cond: ((k >= 3860156) AND (k <= 3860256))

table 4 : explain SELECT k, c FROM sbtest4 WHERE k BETWEEN 3860156 AND 3860256
	Bitmap Heap Scan on sbtest4  (cost=5.53..428.75 rows=107 width=125)
	  Recheck Cond: ((k >= 3860156) AND (k <= 3860256))
	  ->  Bitmap Index Scan on k_4  (cost=0.00..5.50 rows=107 width=0)
	        Index Cond: ((k >= 3860156) AND (k <= 3860256))

table 5 : explain SELECT k, c FROM sbtest5 WHERE k BETWEEN 3860156 AND 3860256
	Bitmap Heap Scan on sbtest5  (cost=5.39..373.61 rows=93 width=125)
	  Recheck Cond: ((k >= 3860156) AND (k <= 3860256))
	  ->  Bitmap Index Scan on k_5  (cost=0.00..5.36 rows=93 width=0)
	        Index Cond: ((k >= 3860156) AND (k <= 3860256))

table 6 : explain SELECT k, c FROM sbtest6 WHERE k BETWEEN 3860156 AND 3860256
	Bitmap Heap Scan on sbtest6  (cost=5.43..389.37 rows=97 width=125)
	  Recheck Cond: ((k >= 3860156) AND (k <= 3860256))
	  ->  Bitmap Index Scan on k_6  (cost=0.00..5.40 rows=97 width=0)
	        Index Cond: ((k >= 3860156) AND (k <= 3860256))

table 7 : explain SELECT k, c FROM sbtest7 WHERE k BETWEEN 3860156 AND 3860256
	Bitmap Heap Scan on sbtest7  (cost=5.42..385.43 rows=96 width=125)
	  Recheck Cond: ((k >= 3860156) AND (k <= 3860256))
	  ->  Bitmap Index Scan on k_7  (cost=0.00..5.39 rows=96 width=0)
	        Index Cond: ((k >= 3860156) AND (k <= 3860256))

table 8 : explain SELECT k, c FROM sbtest8 WHERE k BETWEEN 3860156 AND 3860256
	Bitmap Heap Scan on sbtest8  (cost=5.44..393.31 rows=98 width=125)
	  Recheck Cond: ((k >= 3860156) AND (k <= 3860256))
	  ->  Bitmap Index Scan on k_8  (cost=0.00..5.42 rows=98 width=0)
	        Index Cond: ((k >= 3860156) AND (k <= 3860256))

explain: for range-notcovered :: explain SELECT k, c FROM sbtest%d WHERE k BETWEEN 3860156 AND 3860256
for range-notcovered
table 1 : explain SELECT k, c FROM sbtest1 WHERE k BETWEEN 4403128 AND 4403228
	Bitmap Heap Scan on sbtest1  (cost=5.58..448.42 rows=112 width=125)
	  Recheck Cond: ((k >= 4403128) AND (k <= 4403228))
	  ->  Bitmap Index Scan on k_1  (cost=0.00..5.55 rows=112 width=0)
	        Index Cond: ((k >= 4403128) AND (k <= 4403228))

table 2 : explain SELECT k, c FROM sbtest2 WHERE k BETWEEN 4403128 AND 4403228
	Bitmap Heap Scan on sbtest2  (cost=5.55..436.62 rows=109 width=125)
	  Recheck Cond: ((k >= 4403128) AND (k <= 4403228))
	  ->  Bitmap Index Scan on k_2  (cost=0.00..5.52 rows=109 width=0)
	        Index Cond: ((k >= 4403128) AND (k <= 4403228))

table 3 : explain SELECT k, c FROM sbtest3 WHERE k BETWEEN 4403128 AND 4403228
	Bitmap Heap Scan on sbtest3  (cost=5.47..405.13 rows=101 width=125)
	  Recheck Cond: ((k >= 4403128) AND (k <= 4403228))
	  ->  Bitmap Index Scan on k_3  (cost=0.00..5.44 rows=101 width=0)
	        Index Cond: ((k >= 4403128) AND (k <= 4403228))

table 4 : explain SELECT k, c FROM sbtest4 WHERE k BETWEEN 4403128 AND 4403228
	Bitmap Heap Scan on sbtest4  (cost=5.55..436.62 rows=109 width=125)
	  Recheck Cond: ((k >= 4403128) AND (k <= 4403228))
	  ->  Bitmap Index Scan on k_4  (cost=0.00..5.52 rows=109 width=0)
	        Index Cond: ((k >= 4403128) AND (k <= 4403228))

table 5 : explain SELECT k, c FROM sbtest5 WHERE k BETWEEN 4403128 AND 4403228
	Bitmap Heap Scan on sbtest5  (cost=5.39..373.61 rows=93 width=125)
	  Recheck Cond: ((k >= 4403128) AND (k <= 4403228))
	  ->  Bitmap Index Scan on k_5  (cost=0.00..5.36 rows=93 width=0)
	        Index Cond: ((k >= 4403128) AND (k <= 4403228))

table 6 : explain SELECT k, c FROM sbtest6 WHERE k BETWEEN 4403128 AND 4403228
	Bitmap Heap Scan on sbtest6  (cost=5.48..409.07 rows=102 width=125)
	  Recheck Cond: ((k >= 4403128) AND (k <= 4403228))
	  ->  Bitmap Index Scan on k_6  (cost=0.00..5.45 rows=102 width=0)
	        Index Cond: ((k >= 4403128) AND (k <= 4403228))

table 7 : explain SELECT k, c FROM sbtest7 WHERE k BETWEEN 4403128 AND 4403228
	Bitmap Heap Scan on sbtest7  (cost=5.52..424.81 rows=106 width=125)
	  Recheck Cond: ((k >= 4403128) AND (k <= 4403228))
	  ->  Bitmap Index Scan on k_7  (cost=0.00..5.50 rows=106 width=0)
	        Index Cond: ((k >= 4403128) AND (k <= 4403228))

table 8 : explain SELECT k, c FROM sbtest8 WHERE k BETWEEN 4403128 AND 4403228
	Bitmap Heap Scan on sbtest8  (cost=5.51..420.88 rows=105 width=125)
	  Recheck Cond: ((k >= 4403128) AND (k <= 4403228))
	  ->  Bitmap Index Scan on k_8  (cost=0.00..5.48 rows=105 width=0)
	        Index Cond: ((k >= 4403128) AND (k <= 4403228))

explain: for range-notcovered :: explain SELECT k, c FROM sbtest%d WHERE k BETWEEN 4403128 AND 4403228
explain: for range-notcovered :: explain SELECT k, c FROM sbtest%d WHERE k BETWEEN 4956207 AND 4956307
for range-notcovered
table 1 : explain SELECT k, c FROM sbtest1 WHERE k BETWEEN 2931032 AND 2931132
	Bitmap Heap Scan on sbtest1  (cost=5.54..432.69 rows=108 width=125)
	  Recheck Cond: ((k >= 2931032) AND (k <= 2931132))
	  ->  Bitmap Index Scan on k_1  (cost=0.00..5.51 rows=108 width=0)
	        Index Cond: ((k >= 2931032) AND (k <= 2931132))

table 2 : explain SELECT k, c FROM sbtest2 WHERE k BETWEEN 2931032 AND 2931132
	Bitmap Heap Scan on sbtest2  (cost=5.49..413.00 rows=103 width=125)
	  Recheck Cond: ((k >= 2931032) AND (k <= 2931132))
	  ->  Bitmap Index Scan on k_2  (cost=0.00..5.46 rows=103 width=0)
	        Index Cond: ((k >= 2931032) AND (k <= 2931132))

table 3 : explain SELECT k, c FROM sbtest3 WHERE k BETWEEN 2931032 AND 2931132
	Bitmap Heap Scan on sbtest3  (cost=5.46..401.19 rows=100 width=125)
	  Recheck Cond: ((k >= 2931032) AND (k <= 2931132))
	  ->  Bitmap Index Scan on k_3  (cost=0.00..5.43 rows=100 width=0)
	        Index Cond: ((k >= 2931032) AND (k <= 2931132))

table 4 : explain SELECT k, c FROM sbtest4 WHERE k BETWEEN 2931032 AND 2931132
	Bitmap Heap Scan on sbtest4  (cost=5.42..385.43 rows=96 width=125)
	  Recheck Cond: ((k >= 2931032) AND (k <= 2931132))
	  ->  Bitmap Index Scan on k_4  (cost=0.00..5.39 rows=96 width=0)
	        Index Cond: ((k >= 2931032) AND (k <= 2931132))

table 5 : explain SELECT k, c FROM sbtest5 WHERE k BETWEEN 2931032 AND 2931132
	Bitmap Heap Scan on sbtest5  (cost=5.55..436.62 rows=109 width=125)
	  Recheck Cond: ((k >= 2931032) AND (k <= 2931132))
	  ->  Bitmap Index Scan on k_5  (cost=0.00..5.52 rows=109 width=0)
	        Index Cond: ((k >= 2931032) AND (k <= 2931132))

table 6 : explain SELECT k, c FROM sbtest6 WHERE k BETWEEN 2931032 AND 2931132
	Bitmap Heap Scan on sbtest6  (cost=5.43..389.37 rows=97 width=125)
	  Recheck Cond: ((k >= 2931032) AND (k <= 2931132))
	  ->  Bitmap Index Scan on k_6  (cost=0.00..5.40 rows=97 width=0)
	        Index Cond: ((k >= 2931032) AND (k <= 2931132))

table 7 : explain SELECT k, c FROM sbtest7 WHERE k BETWEEN 2931032 AND 2931132
	Bitmap Heap Scan on sbtest7  (cost=5.45..397.25 rows=99 width=125)
	  Recheck Cond: ((k >= 2931032) AND (k <= 2931132))
	  ->  Bitmap Index Scan on k_7  (cost=0.00..5.42 rows=99 width=0)
	        Index Cond: ((k >= 2931032) AND (k <= 2931132))

table 8 : explain SELECT k, c FROM sbtest8 WHERE k BETWEEN 2931032 AND 2931132
	Bitmap Heap Scan on sbtest8  (cost=5.53..428.75 rows=107 width=125)
	  Recheck Cond: ((k >= 2931032) AND (k <= 2931132))
	  ->  Bitmap Index Scan on k_8  (cost=0.00..5.50 rows=107 width=0)
	        Index Cond: ((k >= 2931032) AND (k <= 2931132))

for range-notcovered
table 1 : explain SELECT k, c FROM sbtest1 WHERE k BETWEEN 3301775 AND 3301875
	Bitmap Heap Scan on sbtest1  (cost=5.41..381.49 rows=95 width=125)
	  Recheck Cond: ((k >= 3301775) AND (k <= 3301875))
	  ->  Bitmap Index Scan on k_1  (cost=0.00..5.38 rows=95 width=0)
	        Index Cond: ((k >= 3301775) AND (k <= 3301875))

table 2 : explain SELECT k, c FROM sbtest2 WHERE k BETWEEN 3301775 AND 3301875
	Bitmap Heap Scan on sbtest2  (cost=5.56..440.56 rows=110 width=125)
	  Recheck Cond: ((k >= 3301775) AND (k <= 3301875))
	  ->  Bitmap Index Scan on k_2  (cost=0.00..5.53 rows=110 width=0)
	        Index Cond: ((k >= 3301775) AND (k <= 3301875))

table 3 : explain SELECT k, c FROM sbtest3 WHERE k BETWEEN 3301775 AND 3301875
	Bitmap Heap Scan on sbtest3  (cost=5.48..409.07 rows=102 width=125)
	  Recheck Cond: ((k >= 3301775) AND (k <= 3301875))
	  ->  Bitmap Index Scan on k_3  (cost=0.00..5.45 rows=102 width=0)
	        Index Cond: ((k >= 3301775) AND (k <= 3301875))

table 4 : explain SELECT k, c FROM sbtest4 WHERE k BETWEEN 3301775 AND 3301875
	Bitmap Heap Scan on sbtest4  (cost=5.42..385.43 rows=96 width=125)
	  Recheck Cond: ((k >= 3301775) AND (k <= 3301875))
	  ->  Bitmap Index Scan on k_4  (cost=0.00..5.39 rows=96 width=0)
	        Index Cond: ((k >= 3301775) AND (k <= 3301875))

table 5 : explain SELECT k, c FROM sbtest5 WHERE k BETWEEN 3301775 AND 3301875
	Bitmap Heap Scan on sbtest5  (cost=5.44..393.31 rows=98 width=125)
	  Recheck Cond: ((k >= 3301775) AND (k <= 3301875))
	  ->  Bitmap Index Scan on k_5  (cost=0.00..5.42 rows=98 width=0)
	        Index Cond: ((k >= 3301775) AND (k <= 3301875))

table 6 : explain SELECT k, c FROM sbtest6 WHERE k BETWEEN 3301775 AND 3301875
	Bitmap Heap Scan on sbtest6  (cost=5.57..444.49 rows=111 width=125)
	  Recheck Cond: ((k >= 3301775) AND (k <= 3301875))
	  ->  Bitmap Index Scan on k_6  (cost=0.00..5.54 rows=111 width=0)
	        Index Cond: ((k >= 3301775) AND (k <= 3301875))

table 7 : explain SELECT k, c FROM sbtest7 WHERE k BETWEEN 3301775 AND 3301875
	Bitmap Heap Scan on sbtest7  (cost=5.40..377.55 rows=94 width=125)
	  Recheck Cond: ((k >= 3301775) AND (k <= 3301875))
	  ->  Bitmap Index Scan on k_7  (cost=0.00..5.38 rows=94 width=0)
	        Index Cond: ((k >= 3301775) AND (k <= 3301875))

table 8 : explain SELECT k, c FROM sbtest8 WHERE k BETWEEN 3301775 AND 3301875
	Bitmap Heap Scan on sbtest8  (cost=5.52..424.81 rows=106 width=125)
	  Recheck Cond: ((k >= 3301775) AND (k <= 3301875))
	  ->  Bitmap Index Scan on k_8  (cost=0.00..5.50 rows=106 width=0)
	        Index Cond: ((k >= 3301775) AND (k <= 3301875))

explain: for range-notcovered :: explain SELECT k, c FROM sbtest%d WHERE k BETWEEN 2931032 AND 2931132
explain: for range-notcovered :: explain SELECT k, c FROM sbtest%d WHERE k BETWEEN 5050517 AND 5050617
explain: for range-notcovered :: explain SELECT k, c FROM sbtest%d WHERE k BETWEEN 2798806 AND 2798906
explain: for range-notcovered :: explain SELECT k, c FROM sbtest%d WHERE k BETWEEN 3301775 AND 3301875
for range-notcovered
table 1 : explain SELECT k, c FROM sbtest1 WHERE k BETWEEN 3860156 AND 3860256
	Bitmap Heap Scan on sbtest1  (cost=5.42..385.43 rows=96 width=125)
	  Recheck Cond: ((k >= 3860156) AND (k <= 3860256))
	  ->  Bitmap Index Scan on k_1  (cost=0.00..5.39 rows=96 width=0)
	        Index Cond: ((k >= 3860156) AND (k <= 3860256))

table 2 : explain SELECT k, c FROM sbtest2 WHERE k BETWEEN 3860156 AND 3860256
	Bitmap Heap Scan on sbtest2  (cost=5.45..397.25 rows=99 width=125)
	  Recheck Cond: ((k >= 3860156) AND (k <= 3860256))
	  ->  Bitmap Index Scan on k_2  (cost=0.00..5.42 rows=99 width=0)
	        Index Cond: ((k >= 3860156) AND (k <= 3860256))

table 3 : explain SELECT k, c FROM sbtest3 WHERE k BETWEEN 3860156 AND 3860256
	Bitmap Heap Scan on sbtest3  (cost=5.45..397.25 rows=99 width=125)
	  Recheck Cond: ((k >= 3860156) AND (k <= 3860256))
	  ->  Bitmap Index Scan on k_3  (cost=0.00..5.42 rows=99 width=0)
	        Index Cond: ((k >= 3860156) AND (k <= 3860256))

table 4 : explain SELECT k, c FROM sbtest4 WHERE k BETWEEN 3860156 AND 3860256
	Bitmap Heap Scan on sbtest4  (cost=5.53..428.75 rows=107 width=125)
	  Recheck Cond: ((k >= 3860156) AND (k <= 3860256))
	  ->  Bitmap Index Scan on k_4  (cost=0.00..5.50 rows=107 width=0)
	        Index Cond: ((k >= 3860156) AND (k <= 3860256))

table 5 : explain SELECT k, c FROM sbtest5 WHERE k BETWEEN 3860156 AND 3860256
	Bitmap Heap Scan on sbtest5  (cost=5.39..373.61 rows=93 width=125)
	  Recheck Cond: ((k >= 3860156) AND (k <= 3860256))
	  ->  Bitmap Index Scan on k_5  (cost=0.00..5.36 rows=93 width=0)
	        Index Cond: ((k >= 3860156) AND (k <= 3860256))

table 6 : explain SELECT k, c FROM sbtest6 WHERE k BETWEEN 3860156 AND 3860256
	Bitmap Heap Scan on sbtest6  (cost=5.43..389.37 rows=97 width=125)
	  Recheck Cond: ((k >= 3860156) AND (k <= 3860256))
	  ->  Bitmap Index Scan on k_6  (cost=0.00..5.40 rows=97 width=0)
	        Index Cond: ((k >= 3860156) AND (k <= 3860256))

table 7 : explain SELECT k, c FROM sbtest7 WHERE k BETWEEN 3860156 AND 3860256
	Bitmap Heap Scan on sbtest7  (cost=5.42..385.43 rows=96 width=125)
	  Recheck Cond: ((k >= 3860156) AND (k <= 3860256))
	  ->  Bitmap Index Scan on k_7  (cost=0.00..5.39 rows=96 width=0)
	        Index Cond: ((k >= 3860156) AND (k <= 3860256))

table 8 : explain SELECT k, c FROM sbtest8 WHERE k BETWEEN 3860156 AND 3860256
	Bitmap Heap Scan on sbtest8  (cost=5.44..393.31 rows=98 width=125)
	  Recheck Cond: ((k >= 3860156) AND (k <= 3860256))
	  ->  Bitmap Index Scan on k_8  (cost=0.00..5.42 rows=98 width=0)
	        Index Cond: ((k >= 3860156) AND (k <= 3860256))

explain: for range-notcovered :: explain SELECT k, c FROM sbtest%d WHERE k BETWEEN 3860156 AND 3860256
for range-notcovered
table 1 : explain SELECT k, c FROM sbtest1 WHERE k BETWEEN 4403128 AND 4403228
	Bitmap Heap Scan on sbtest1  (cost=5.58..448.42 rows=112 width=125)
	  Recheck Cond: ((k >= 4403128) AND (k <= 4403228))
	  ->  Bitmap Index Scan on k_1  (cost=0.00..5.55 rows=112 width=0)
	        Index Cond: ((k >= 4403128) AND (k <= 4403228))

table 2 : explain SELECT k, c FROM sbtest2 WHERE k BETWEEN 4403128 AND 4403228
	Bitmap Heap Scan on sbtest2  (cost=5.55..436.62 rows=109 width=125)
	  Recheck Cond: ((k >= 4403128) AND (k <= 4403228))
	  ->  Bitmap Index Scan on k_2  (cost=0.00..5.52 rows=109 width=0)
	        Index Cond: ((k >= 4403128) AND (k <= 4403228))

table 3 : explain SELECT k, c FROM sbtest3 WHERE k BETWEEN 4403128 AND 4403228
	Bitmap Heap Scan on sbtest3  (cost=5.47..405.13 rows=101 width=125)
	  Recheck Cond: ((k >= 4403128) AND (k <= 4403228))
	  ->  Bitmap Index Scan on k_3  (cost=0.00..5.44 rows=101 width=0)
	        Index Cond: ((k >= 4403128) AND (k <= 4403228))

table 4 : explain SELECT k, c FROM sbtest4 WHERE k BETWEEN 4403128 AND 4403228
	Bitmap Heap Scan on sbtest4  (cost=5.55..436.62 rows=109 width=125)
	  Recheck Cond: ((k >= 4403128) AND (k <= 4403228))
	  ->  Bitmap Index Scan on k_4  (cost=0.00..5.52 rows=109 width=0)
	        Index Cond: ((k >= 4403128) AND (k <= 4403228))

table 5 : explain SELECT k, c FROM sbtest5 WHERE k BETWEEN 4403128 AND 4403228
	Bitmap Heap Scan on sbtest5  (cost=5.39..373.61 rows=93 width=125)
	  Recheck Cond: ((k >= 4403128) AND (k <= 4403228))
	  ->  Bitmap Index Scan on k_5  (cost=0.00..5.36 rows=93 width=0)
	        Index Cond: ((k >= 4403128) AND (k <= 4403228))

table 6 : explain SELECT k, c FROM sbtest6 WHERE k BETWEEN 4403128 AND 4403228
	Bitmap Heap Scan on sbtest6  (cost=5.48..409.07 rows=102 width=125)
	  Recheck Cond: ((k >= 4403128) AND (k <= 4403228))
	  ->  Bitmap Index Scan on k_6  (cost=0.00..5.45 rows=102 width=0)
	        Index Cond: ((k >= 4403128) AND (k <= 4403228))

table 7 : explain SELECT k, c FROM sbtest7 WHERE k BETWEEN 4403128 AND 4403228
	Bitmap Heap Scan on sbtest7  (cost=5.52..424.81 rows=106 width=125)
	  Recheck Cond: ((k >= 4403128) AND (k <= 4403228))
	  ->  Bitmap Index Scan on k_7  (cost=0.00..5.50 rows=106 width=0)
	        Index Cond: ((k >= 4403128) AND (k <= 4403228))

table 8 : explain SELECT k, c FROM sbtest8 WHERE k BETWEEN 4403128 AND 4403228
	Bitmap Heap Scan on sbtest8  (cost=5.51..420.88 rows=105 width=125)
	  Recheck Cond: ((k >= 4403128) AND (k <= 4403228))
	  ->  Bitmap Index Scan on k_8  (cost=0.00..5.48 rows=105 width=0)
	        Index Cond: ((k >= 4403128) AND (k <= 4403228))

explain: for range-notcovered :: explain SELECT k, c FROM sbtest%d WHERE k BETWEEN 5398303 AND 5398403
explain: for range-notcovered :: explain SELECT k, c FROM sbtest%d WHERE k BETWEEN 4403128 AND 4403228
for range-notcovered
table 1 : explain SELECT k, c FROM sbtest1 WHERE k BETWEEN 2931032 AND 2931132
	Bitmap Heap Scan on sbtest1  (cost=5.54..432.69 rows=108 width=125)
	  Recheck Cond: ((k >= 2931032) AND (k <= 2931132))
	  ->  Bitmap Index Scan on k_1  (cost=0.00..5.51 rows=108 width=0)
	        Index Cond: ((k >= 2931032) AND (k <= 2931132))

table 2 : explain SELECT k, c FROM sbtest2 WHERE k BETWEEN 2931032 AND 2931132
	Bitmap Heap Scan on sbtest2  (cost=5.49..413.00 rows=103 width=125)
	  Recheck Cond: ((k >= 2931032) AND (k <= 2931132))
	  ->  Bitmap Index Scan on k_2  (cost=0.00..5.46 rows=103 width=0)
	        Index Cond: ((k >= 2931032) AND (k <= 2931132))

table 3 : explain SELECT k, c FROM sbtest3 WHERE k BETWEEN 2931032 AND 2931132
	Bitmap Heap Scan on sbtest3  (cost=5.46..401.19 rows=100 width=125)
	  Recheck Cond: ((k >= 2931032) AND (k <= 2931132))
	  ->  Bitmap Index Scan on k_3  (cost=0.00..5.43 rows=100 width=0)
	        Index Cond: ((k >= 2931032) AND (k <= 2931132))

table 4 : explain SELECT k, c FROM sbtest4 WHERE k BETWEEN 2931032 AND 2931132
	Bitmap Heap Scan on sbtest4  (cost=5.42..385.43 rows=96 width=125)
	  Recheck Cond: ((k >= 2931032) AND (k <= 2931132))
	  ->  Bitmap Index Scan on k_4  (cost=0.00..5.39 rows=96 width=0)
	        Index Cond: ((k >= 2931032) AND (k <= 2931132))

table 5 : explain SELECT k, c FROM sbtest5 WHERE k BETWEEN 2931032 AND 2931132
	Bitmap Heap Scan on sbtest5  (cost=5.55..436.62 rows=109 width=125)
	  Recheck Cond: ((k >= 2931032) AND (k <= 2931132))
	  ->  Bitmap Index Scan on k_5  (cost=0.00..5.52 rows=109 width=0)
	        Index Cond: ((k >= 2931032) AND (k <= 2931132))

table 6 : explain SELECT k, c FROM sbtest6 WHERE k BETWEEN 2931032 AND 2931132
	Bitmap Heap Scan on sbtest6  (cost=5.43..389.37 rows=97 width=125)
	  Recheck Cond: ((k >= 2931032) AND (k <= 2931132))
	  ->  Bitmap Index Scan on k_6  (cost=0.00..5.40 rows=97 width=0)
	        Index Cond: ((k >= 2931032) AND (k <= 2931132))

table 7 : explain SELECT k, c FROM sbtest7 WHERE k BETWEEN 2931032 AND 2931132
	Bitmap Heap Scan on sbtest7  (cost=5.45..397.25 rows=99 width=125)
	  Recheck Cond: ((k >= 2931032) AND (k <= 2931132))
	  ->  Bitmap Index Scan on k_7  (cost=0.00..5.42 rows=99 width=0)
	        Index Cond: ((k >= 2931032) AND (k <= 2931132))

table 8 : explain SELECT k, c FROM sbtest8 WHERE k BETWEEN 2931032 AND 2931132
	Bitmap Heap Scan on sbtest8  (cost=5.53..428.75 rows=107 width=125)
	  Recheck Cond: ((k >= 2931032) AND (k <= 2931132))
	  ->  Bitmap Index Scan on k_8  (cost=0.00..5.50 rows=107 width=0)
	        Index Cond: ((k >= 2931032) AND (k <= 2931132))

for range-notcovered
table 1 : explain SELECT k, c FROM sbtest1 WHERE k BETWEEN 3301775 AND 3301875
	Bitmap Heap Scan on sbtest1  (cost=5.41..381.49 rows=95 width=125)
	  Recheck Cond: ((k >= 3301775) AND (k <= 3301875))
	  ->  Bitmap Index Scan on k_1  (cost=0.00..5.38 rows=95 width=0)
	        Index Cond: ((k >= 3301775) AND (k <= 3301875))

table 2 : explain SELECT k, c FROM sbtest2 WHERE k BETWEEN 3301775 AND 3301875
	Bitmap Heap Scan on sbtest2  (cost=5.56..440.56 rows=110 width=125)
	  Recheck Cond: ((k >= 3301775) AND (k <= 3301875))
	  ->  Bitmap Index Scan on k_2  (cost=0.00..5.53 rows=110 width=0)
	        Index Cond: ((k >= 3301775) AND (k <= 3301875))

table 3 : explain SELECT k, c FROM sbtest3 WHERE k BETWEEN 3301775 AND 3301875
	Bitmap Heap Scan on sbtest3  (cost=5.48..409.07 rows=102 width=125)
	  Recheck Cond: ((k >= 3301775) AND (k <= 3301875))
	  ->  Bitmap Index Scan on k_3  (cost=0.00..5.45 rows=102 width=0)
	        Index Cond: ((k >= 3301775) AND (k <= 3301875))

table 4 : explain SELECT k, c FROM sbtest4 WHERE k BETWEEN 3301775 AND 3301875
	Bitmap Heap Scan on sbtest4  (cost=5.42..385.43 rows=96 width=125)
	  Recheck Cond: ((k >= 3301775) AND (k <= 3301875))
	  ->  Bitmap Index Scan on k_4  (cost=0.00..5.39 rows=96 width=0)
	        Index Cond: ((k >= 3301775) AND (k <= 3301875))

table 5 : explain SELECT k, c FROM sbtest5 WHERE k BETWEEN 3301775 AND 3301875
	Bitmap Heap Scan on sbtest5  (cost=5.44..393.31 rows=98 width=125)
	  Recheck Cond: ((k >= 3301775) AND (k <= 3301875))
	  ->  Bitmap Index Scan on k_5  (cost=0.00..5.42 rows=98 width=0)
	        Index Cond: ((k >= 3301775) AND (k <= 3301875))

table 6 : explain SELECT k, c FROM sbtest6 WHERE k BETWEEN 3301775 AND 3301875
	Bitmap Heap Scan on sbtest6  (cost=5.57..444.49 rows=111 width=125)
	  Recheck Cond: ((k >= 3301775) AND (k <= 3301875))
	  ->  Bitmap Index Scan on k_6  (cost=0.00..5.54 rows=111 width=0)
	        Index Cond: ((k >= 3301775) AND (k <= 3301875))

table 7 : explain SELECT k, c FROM sbtest7 WHERE k BETWEEN 3301775 AND 3301875
	Bitmap Heap Scan on sbtest7  (cost=5.40..377.55 rows=94 width=125)
	  Recheck Cond: ((k >= 3301775) AND (k <= 3301875))
	  ->  Bitmap Index Scan on k_7  (cost=0.00..5.38 rows=94 width=0)
	        Index Cond: ((k >= 3301775) AND (k <= 3301875))

table 8 : explain SELECT k, c FROM sbtest8 WHERE k BETWEEN 3301775 AND 3301875
	Bitmap Heap Scan on sbtest8  (cost=5.52..424.81 rows=106 width=125)
	  Recheck Cond: ((k >= 3301775) AND (k <= 3301875))
	  ->  Bitmap Index Scan on k_8  (cost=0.00..5.50 rows=106 width=0)
	        Index Cond: ((k >= 3301775) AND (k <= 3301875))

explain: for range-notcovered :: explain SELECT k, c FROM sbtest%d WHERE k BETWEEN 2931032 AND 2931132
explain: for range-notcovered :: explain SELECT k, c FROM sbtest%d WHERE k BETWEEN 3301775 AND 3301875
for range-notcovered
table 1 : explain SELECT k, c FROM sbtest1 WHERE k BETWEEN 3860156 AND 3860256
	Bitmap Heap Scan on sbtest1  (cost=5.42..385.43 rows=96 width=125)
	  Recheck Cond: ((k >= 3860156) AND (k <= 3860256))
	  ->  Bitmap Index Scan on k_1  (cost=0.00..5.39 rows=96 width=0)
	        Index Cond: ((k >= 3860156) AND (k <= 3860256))

table 2 : explain SELECT k, c FROM sbtest2 WHERE k BETWEEN 3860156 AND 3860256
	Bitmap Heap Scan on sbtest2  (cost=5.45..397.25 rows=99 width=125)
	  Recheck Cond: ((k >= 3860156) AND (k <= 3860256))
	  ->  Bitmap Index Scan on k_2  (cost=0.00..5.42 rows=99 width=0)
	        Index Cond: ((k >= 3860156) AND (k <= 3860256))

table 3 : explain SELECT k, c FROM sbtest3 WHERE k BETWEEN 3860156 AND 3860256
	Bitmap Heap Scan on sbtest3  (cost=5.45..397.25 rows=99 width=125)
	  Recheck Cond: ((k >= 3860156) AND (k <= 3860256))
	  ->  Bitmap Index Scan on k_3  (cost=0.00..5.42 rows=99 width=0)
	        Index Cond: ((k >= 3860156) AND (k <= 3860256))

table 4 : explain SELECT k, c FROM sbtest4 WHERE k BETWEEN 3860156 AND 3860256
	Bitmap Heap Scan on sbtest4  (cost=5.53..428.75 rows=107 width=125)
	  Recheck Cond: ((k >= 3860156) AND (k <= 3860256))
	  ->  Bitmap Index Scan on k_4  (cost=0.00..5.50 rows=107 width=0)
	        Index Cond: ((k >= 3860156) AND (k <= 3860256))

table 5 : explain SELECT k, c FROM sbtest5 WHERE k BETWEEN 3860156 AND 3860256
	Bitmap Heap Scan on sbtest5  (cost=5.39..373.61 rows=93 width=125)
	  Recheck Cond: ((k >= 3860156) AND (k <= 3860256))
	  ->  Bitmap Index Scan on k_5  (cost=0.00..5.36 rows=93 width=0)
	        Index Cond: ((k >= 3860156) AND (k <= 3860256))

table 6 : explain SELECT k, c FROM sbtest6 WHERE k BETWEEN 3860156 AND 3860256
	Bitmap Heap Scan on sbtest6  (cost=5.43..389.37 rows=97 width=125)
	  Recheck Cond: ((k >= 3860156) AND (k <= 3860256))
	  ->  Bitmap Index Scan on k_6  (cost=0.00..5.40 rows=97 width=0)
	        Index Cond: ((k >= 3860156) AND (k <= 3860256))

table 7 : explain SELECT k, c FROM sbtest7 WHERE k BETWEEN 3860156 AND 3860256
	Bitmap Heap Scan on sbtest7  (cost=5.42..385.43 rows=96 width=125)
	  Recheck Cond: ((k >= 3860156) AND (k <= 3860256))
	  ->  Bitmap Index Scan on k_7  (cost=0.00..5.39 rows=96 width=0)
	        Index Cond: ((k >= 3860156) AND (k <= 3860256))

table 8 : explain SELECT k, c FROM sbtest8 WHERE k BETWEEN 3860156 AND 3860256
	Bitmap Heap Scan on sbtest8  (cost=5.44..393.31 rows=98 width=125)
	  Recheck Cond: ((k >= 3860156) AND (k <= 3860256))
	  ->  Bitmap Index Scan on k_8  (cost=0.00..5.42 rows=98 width=0)
	        Index Cond: ((k >= 3860156) AND (k <= 3860256))

explain: for range-notcovered :: explain SELECT k, c FROM sbtest%d WHERE k BETWEEN 3860156 AND 3860256
for range-notcovered
table 1 : explain SELECT k, c FROM sbtest1 WHERE k BETWEEN 4403128 AND 4403228
	Bitmap Heap Scan on sbtest1  (cost=5.58..448.42 rows=112 width=125)
	  Recheck Cond: ((k >= 4403128) AND (k <= 4403228))
	  ->  Bitmap Index Scan on k_1  (cost=0.00..5.55 rows=112 width=0)
	        Index Cond: ((k >= 4403128) AND (k <= 4403228))

table 2 : explain SELECT k, c FROM sbtest2 WHERE k BETWEEN 4403128 AND 4403228
	Bitmap Heap Scan on sbtest2  (cost=5.55..436.62 rows=109 width=125)
	  Recheck Cond: ((k >= 4403128) AND (k <= 4403228))
	  ->  Bitmap Index Scan on k_2  (cost=0.00..5.52 rows=109 width=0)
	        Index Cond: ((k >= 4403128) AND (k <= 4403228))

table 3 : explain SELECT k, c FROM sbtest3 WHERE k BETWEEN 4403128 AND 4403228
	Bitmap Heap Scan on sbtest3  (cost=5.47..405.13 rows=101 width=125)
	  Recheck Cond: ((k >= 4403128) AND (k <= 4403228))
	  ->  Bitmap Index Scan on k_3  (cost=0.00..5.44 rows=101 width=0)
	        Index Cond: ((k >= 4403128) AND (k <= 4403228))

table 4 : explain SELECT k, c FROM sbtest4 WHERE k BETWEEN 4403128 AND 4403228
	Bitmap Heap Scan on sbtest4  (cost=5.55..436.62 rows=109 width=125)
	  Recheck Cond: ((k >= 4403128) AND (k <= 4403228))
	  ->  Bitmap Index Scan on k_4  (cost=0.00..5.52 rows=109 width=0)
	        Index Cond: ((k >= 4403128) AND (k <= 4403228))

table 5 : explain SELECT k, c FROM sbtest5 WHERE k BETWEEN 4403128 AND 4403228
	Bitmap Heap Scan on sbtest5  (cost=5.39..373.61 rows=93 width=125)
	  Recheck Cond: ((k >= 4403128) AND (k <= 4403228))
	  ->  Bitmap Index Scan on k_5  (cost=0.00..5.36 rows=93 width=0)
	        Index Cond: ((k >= 4403128) AND (k <= 4403228))

table 6 : explain SELECT k, c FROM sbtest6 WHERE k BETWEEN 4403128 AND 4403228
	Bitmap Heap Scan on sbtest6  (cost=5.48..409.07 rows=102 width=125)
	  Recheck Cond: ((k >= 4403128) AND (k <= 4403228))
	  ->  Bitmap Index Scan on k_6  (cost=0.00..5.45 rows=102 width=0)
	        Index Cond: ((k >= 4403128) AND (k <= 4403228))

table 7 : explain SELECT k, c FROM sbtest7 WHERE k BETWEEN 4403128 AND 4403228
	Bitmap Heap Scan on sbtest7  (cost=5.52..424.81 rows=106 width=125)
	  Recheck Cond: ((k >= 4403128) AND (k <= 4403228))
	  ->  Bitmap Index Scan on k_7  (cost=0.00..5.50 rows=106 width=0)
	        Index Cond: ((k >= 4403128) AND (k <= 4403228))

table 8 : explain SELECT k, c FROM sbtest8 WHERE k BETWEEN 4403128 AND 4403228
	Bitmap Heap Scan on sbtest8  (cost=5.51..420.88 rows=105 width=125)
	  Recheck Cond: ((k >= 4403128) AND (k <= 4403228))
	  ->  Bitmap Index Scan on k_8  (cost=0.00..5.48 rows=105 width=0)
	        Index Cond: ((k >= 4403128) AND (k <= 4403228))

explain: for range-notcovered :: explain SELECT k, c FROM sbtest%d WHERE k BETWEEN 4403128 AND 4403228
for range-notcovered
table 1 : explain SELECT k, c FROM sbtest1 WHERE k BETWEEN 2931032 AND 2931132
	Bitmap Heap Scan on sbtest1  (cost=5.54..432.69 rows=108 width=125)
	  Recheck Cond: ((k >= 2931032) AND (k <= 2931132))
	  ->  Bitmap Index Scan on k_1  (cost=0.00..5.51 rows=108 width=0)
	        Index Cond: ((k >= 2931032) AND (k <= 2931132))

table 2 : explain SELECT k, c FROM sbtest2 WHERE k BETWEEN 2931032 AND 2931132
	Bitmap Heap Scan on sbtest2  (cost=5.49..413.00 rows=103 width=125)
	  Recheck Cond: ((k >= 2931032) AND (k <= 2931132))
	  ->  Bitmap Index Scan on k_2  (cost=0.00..5.46 rows=103 width=0)
	        Index Cond: ((k >= 2931032) AND (k <= 2931132))

table 3 : explain SELECT k, c FROM sbtest3 WHERE k BETWEEN 2931032 AND 2931132
	Bitmap Heap Scan on sbtest3  (cost=5.46..401.19 rows=100 width=125)
	  Recheck Cond: ((k >= 2931032) AND (k <= 2931132))
	  ->  Bitmap Index Scan on k_3  (cost=0.00..5.43 rows=100 width=0)
	        Index Cond: ((k >= 2931032) AND (k <= 2931132))

table 4 : explain SELECT k, c FROM sbtest4 WHERE k BETWEEN 2931032 AND 2931132
	Bitmap Heap Scan on sbtest4  (cost=5.42..385.43 rows=96 width=125)
	  Recheck Cond: ((k >= 2931032) AND (k <= 2931132))
	  ->  Bitmap Index Scan on k_4  (cost=0.00..5.39 rows=96 width=0)
	        Index Cond: ((k >= 2931032) AND (k <= 2931132))

table 5 : explain SELECT k, c FROM sbtest5 WHERE k BETWEEN 2931032 AND 2931132
	Bitmap Heap Scan on sbtest5  (cost=5.55..436.62 rows=109 width=125)
	  Recheck Cond: ((k >= 2931032) AND (k <= 2931132))
	  ->  Bitmap Index Scan on k_5  (cost=0.00..5.52 rows=109 width=0)
	        Index Cond: ((k >= 2931032) AND (k <= 2931132))

table 6 : explain SELECT k, c FROM sbtest6 WHERE k BETWEEN 2931032 AND 2931132
	Bitmap Heap Scan on sbtest6  (cost=5.43..389.37 rows=97 width=125)
	  Recheck Cond: ((k >= 2931032) AND (k <= 2931132))
	  ->  Bitmap Index Scan on k_6  (cost=0.00..5.40 rows=97 width=0)
	        Index Cond: ((k >= 2931032) AND (k <= 2931132))

table 7 : explain SELECT k, c FROM sbtest7 WHERE k BETWEEN 2931032 AND 2931132
	Bitmap Heap Scan on sbtest7  (cost=5.45..397.25 rows=99 width=125)
	  Recheck Cond: ((k >= 2931032) AND (k <= 2931132))
	  ->  Bitmap Index Scan on k_7  (cost=0.00..5.42 rows=99 width=0)
	        Index Cond: ((k >= 2931032) AND (k <= 2931132))

table 8 : explain SELECT k, c FROM sbtest8 WHERE k BETWEEN 2931032 AND 2931132
	Bitmap Heap Scan on sbtest8  (cost=5.53..428.75 rows=107 width=125)
	  Recheck Cond: ((k >= 2931032) AND (k <= 2931132))
	  ->  Bitmap Index Scan on k_8  (cost=0.00..5.50 rows=107 width=0)
	        Index Cond: ((k >= 2931032) AND (k <= 2931132))

for range-notcovered
table 1 : explain SELECT k, c FROM sbtest1 WHERE k BETWEEN 3301775 AND 3301875
	Bitmap Heap Scan on sbtest1  (cost=5.41..381.49 rows=95 width=125)
	  Recheck Cond: ((k >= 3301775) AND (k <= 3301875))
	  ->  Bitmap Index Scan on k_1  (cost=0.00..5.38 rows=95 width=0)
	        Index Cond: ((k >= 3301775) AND (k <= 3301875))

table 2 : explain SELECT k, c FROM sbtest2 WHERE k BETWEEN 3301775 AND 3301875
	Bitmap Heap Scan on sbtest2  (cost=5.56..440.56 rows=110 width=125)
	  Recheck Cond: ((k >= 3301775) AND (k <= 3301875))
	  ->  Bitmap Index Scan on k_2  (cost=0.00..5.53 rows=110 width=0)
	        Index Cond: ((k >= 3301775) AND (k <= 3301875))

table 3 : explain SELECT k, c FROM sbtest3 WHERE k BETWEEN 3301775 AND 3301875
	Bitmap Heap Scan on sbtest3  (cost=5.48..409.07 rows=102 width=125)
	  Recheck Cond: ((k >= 3301775) AND (k <= 3301875))
	  ->  Bitmap Index Scan on k_3  (cost=0.00..5.45 rows=102 width=0)
	        Index Cond: ((k >= 3301775) AND (k <= 3301875))

table 4 : explain SELECT k, c FROM sbtest4 WHERE k BETWEEN 3301775 AND 3301875
	Bitmap Heap Scan on sbtest4  (cost=5.42..385.43 rows=96 width=125)
	  Recheck Cond: ((k >= 3301775) AND (k <= 3301875))
	  ->  Bitmap Index Scan on k_4  (cost=0.00..5.39 rows=96 width=0)
	        Index Cond: ((k >= 3301775) AND (k <= 3301875))

table 5 : explain SELECT k, c FROM sbtest5 WHERE k BETWEEN 3301775 AND 3301875
	Bitmap Heap Scan on sbtest5  (cost=5.44..393.31 rows=98 width=125)
	  Recheck Cond: ((k >= 3301775) AND (k <= 3301875))
	  ->  Bitmap Index Scan on k_5  (cost=0.00..5.42 rows=98 width=0)
	        Index Cond: ((k >= 3301775) AND (k <= 3301875))

table 6 : explain SELECT k, c FROM sbtest6 WHERE k BETWEEN 3301775 AND 3301875
	Bitmap Heap Scan on sbtest6  (cost=5.57..444.49 rows=111 width=125)
	  Recheck Cond: ((k >= 3301775) AND (k <= 3301875))
	  ->  Bitmap Index Scan on k_6  (cost=0.00..5.54 rows=111 width=0)
	        Index Cond: ((k >= 3301775) AND (k <= 3301875))

table 7 : explain SELECT k, c FROM sbtest7 WHERE k BETWEEN 3301775 AND 3301875
	Bitmap Heap Scan on sbtest7  (cost=5.40..377.55 rows=94 width=125)
	  Recheck Cond: ((k >= 3301775) AND (k <= 3301875))
	  ->  Bitmap Index Scan on k_7  (cost=0.00..5.38 rows=94 width=0)
	        Index Cond: ((k >= 3301775) AND (k <= 3301875))

table 8 : explain SELECT k, c FROM sbtest8 WHERE k BETWEEN 3301775 AND 3301875
	Bitmap Heap Scan on sbtest8  (cost=5.52..424.81 rows=106 width=125)
	  Recheck Cond: ((k >= 3301775) AND (k <= 3301875))
	  ->  Bitmap Index Scan on k_8  (cost=0.00..5.50 rows=106 width=0)
	        Index Cond: ((k >= 3301775) AND (k <= 3301875))

explain: for range-notcovered :: explain SELECT k, c FROM sbtest%d WHERE k BETWEEN 2931032 AND 2931132
explain: for range-notcovered :: explain SELECT k, c FROM sbtest%d WHERE k BETWEEN 3301775 AND 3301875
explain: for range-notcovered :: explain SELECT k, c FROM sbtest%d WHERE k BETWEEN 7984100 AND 7984200
for range-notcovered
table 1 : explain SELECT k, c FROM sbtest1 WHERE k BETWEEN 3860156 AND 3860256
	Bitmap Heap Scan on sbtest1  (cost=5.42..385.43 rows=96 width=125)
	  Recheck Cond: ((k >= 3860156) AND (k <= 3860256))
	  ->  Bitmap Index Scan on k_1  (cost=0.00..5.39 rows=96 width=0)
	        Index Cond: ((k >= 3860156) AND (k <= 3860256))

table 2 : explain SELECT k, c FROM sbtest2 WHERE k BETWEEN 3860156 AND 3860256
	Bitmap Heap Scan on sbtest2  (cost=5.45..397.25 rows=99 width=125)
	  Recheck Cond: ((k >= 3860156) AND (k <= 3860256))
	  ->  Bitmap Index Scan on k_2  (cost=0.00..5.42 rows=99 width=0)
	        Index Cond: ((k >= 3860156) AND (k <= 3860256))

table 3 : explain SELECT k, c FROM sbtest3 WHERE k BETWEEN 3860156 AND 3860256
	Bitmap Heap Scan on sbtest3  (cost=5.45..397.25 rows=99 width=125)
	  Recheck Cond: ((k >= 3860156) AND (k <= 3860256))
	  ->  Bitmap Index Scan on k_3  (cost=0.00..5.42 rows=99 width=0)
	        Index Cond: ((k >= 3860156) AND (k <= 3860256))

table 4 : explain SELECT k, c FROM sbtest4 WHERE k BETWEEN 3860156 AND 3860256
	Bitmap Heap Scan on sbtest4  (cost=5.53..428.75 rows=107 width=125)
	  Recheck Cond: ((k >= 3860156) AND (k <= 3860256))
	  ->  Bitmap Index Scan on k_4  (cost=0.00..5.50 rows=107 width=0)
	        Index Cond: ((k >= 3860156) AND (k <= 3860256))

table 5 : explain SELECT k, c FROM sbtest5 WHERE k BETWEEN 3860156 AND 3860256
	Bitmap Heap Scan on sbtest5  (cost=5.39..373.61 rows=93 width=125)
	  Recheck Cond: ((k >= 3860156) AND (k <= 3860256))
	  ->  Bitmap Index Scan on k_5  (cost=0.00..5.36 rows=93 width=0)
	        Index Cond: ((k >= 3860156) AND (k <= 3860256))

table 6 : explain SELECT k, c FROM sbtest6 WHERE k BETWEEN 3860156 AND 3860256
	Bitmap Heap Scan on sbtest6  (cost=5.43..389.37 rows=97 width=125)
	  Recheck Cond: ((k >= 3860156) AND (k <= 3860256))
	  ->  Bitmap Index Scan on k_6  (cost=0.00..5.40 rows=97 width=0)
	        Index Cond: ((k >= 3860156) AND (k <= 3860256))

table 7 : explain SELECT k, c FROM sbtest7 WHERE k BETWEEN 3860156 AND 3860256
	Bitmap Heap Scan on sbtest7  (cost=5.42..385.43 rows=96 width=125)
	  Recheck Cond: ((k >= 3860156) AND (k <= 3860256))
	  ->  Bitmap Index Scan on k_7  (cost=0.00..5.39 rows=96 width=0)
	        Index Cond: ((k >= 3860156) AND (k <= 3860256))

table 8 : explain SELECT k, c FROM sbtest8 WHERE k BETWEEN 3860156 AND 3860256
	Bitmap Heap Scan on sbtest8  (cost=5.44..393.31 rows=98 width=125)
	  Recheck Cond: ((k >= 3860156) AND (k <= 3860256))
	  ->  Bitmap Index Scan on k_8  (cost=0.00..5.42 rows=98 width=0)
	        Index Cond: ((k >= 3860156) AND (k <= 3860256))

explain: for range-notcovered :: explain SELECT k, c FROM sbtest%d WHERE k BETWEEN 3860156 AND 3860256
for range-notcovered
table 1 : explain SELECT k, c FROM sbtest1 WHERE k BETWEEN 4403128 AND 4403228
	Bitmap Heap Scan on sbtest1  (cost=5.58..448.42 rows=112 width=125)
	  Recheck Cond: ((k >= 4403128) AND (k <= 4403228))
	  ->  Bitmap Index Scan on k_1  (cost=0.00..5.55 rows=112 width=0)
	        Index Cond: ((k >= 4403128) AND (k <= 4403228))

table 2 : explain SELECT k, c FROM sbtest2 WHERE k BETWEEN 4403128 AND 4403228
	Bitmap Heap Scan on sbtest2  (cost=5.55..436.62 rows=109 width=125)
	  Recheck Cond: ((k >= 4403128) AND (k <= 4403228))
	  ->  Bitmap Index Scan on k_2  (cost=0.00..5.52 rows=109 width=0)
	        Index Cond: ((k >= 4403128) AND (k <= 4403228))

table 3 : explain SELECT k, c FROM sbtest3 WHERE k BETWEEN 4403128 AND 4403228
	Bitmap Heap Scan on sbtest3  (cost=5.47..405.13 rows=101 width=125)
	  Recheck Cond: ((k >= 4403128) AND (k <= 4403228))
	  ->  Bitmap Index Scan on k_3  (cost=0.00..5.44 rows=101 width=0)
	        Index Cond: ((k >= 4403128) AND (k <= 4403228))

table 4 : explain SELECT k, c FROM sbtest4 WHERE k BETWEEN 4403128 AND 4403228
	Bitmap Heap Scan on sbtest4  (cost=5.55..436.62 rows=109 width=125)
	  Recheck Cond: ((k >= 4403128) AND (k <= 4403228))
	  ->  Bitmap Index Scan on k_4  (cost=0.00..5.52 rows=109 width=0)
	        Index Cond: ((k >= 4403128) AND (k <= 4403228))

table 5 : explain SELECT k, c FROM sbtest5 WHERE k BETWEEN 4403128 AND 4403228
	Bitmap Heap Scan on sbtest5  (cost=5.39..373.61 rows=93 width=125)
	  Recheck Cond: ((k >= 4403128) AND (k <= 4403228))
	  ->  Bitmap Index Scan on k_5  (cost=0.00..5.36 rows=93 width=0)
	        Index Cond: ((k >= 4403128) AND (k <= 4403228))

table 6 : explain SELECT k, c FROM sbtest6 WHERE k BETWEEN 4403128 AND 4403228
	Bitmap Heap Scan on sbtest6  (cost=5.48..409.07 rows=102 width=125)
	  Recheck Cond: ((k >= 4403128) AND (k <= 4403228))
	  ->  Bitmap Index Scan on k_6  (cost=0.00..5.45 rows=102 width=0)
	        Index Cond: ((k >= 4403128) AND (k <= 4403228))

table 7 : explain SELECT k, c FROM sbtest7 WHERE k BETWEEN 4403128 AND 4403228
	Bitmap Heap Scan on sbtest7  (cost=5.52..424.81 rows=106 width=125)
	  Recheck Cond: ((k >= 4403128) AND (k <= 4403228))
	  ->  Bitmap Index Scan on k_7  (cost=0.00..5.50 rows=106 width=0)
	        Index Cond: ((k >= 4403128) AND (k <= 4403228))

table 8 : explain SELECT k, c FROM sbtest8 WHERE k BETWEEN 4403128 AND 4403228
	Bitmap Heap Scan on sbtest8  (cost=5.51..420.88 rows=105 width=125)
	  Recheck Cond: ((k >= 4403128) AND (k <= 4403228))
	  ->  Bitmap Index Scan on k_8  (cost=0.00..5.48 rows=105 width=0)
	        Index Cond: ((k >= 4403128) AND (k <= 4403228))

explain: for range-notcovered :: explain SELECT k, c FROM sbtest%d WHERE k BETWEEN 4403128 AND 4403228
for range-notcovered
table 1 : explain SELECT k, c FROM sbtest1 WHERE k BETWEEN 2931032 AND 2931132
	Bitmap Heap Scan on sbtest1  (cost=5.54..432.69 rows=108 width=125)
	  Recheck Cond: ((k >= 2931032) AND (k <= 2931132))
	  ->  Bitmap Index Scan on k_1  (cost=0.00..5.51 rows=108 width=0)
	        Index Cond: ((k >= 2931032) AND (k <= 2931132))

table 2 : explain SELECT k, c FROM sbtest2 WHERE k BETWEEN 2931032 AND 2931132
	Bitmap Heap Scan on sbtest2  (cost=5.49..413.00 rows=103 width=125)
	  Recheck Cond: ((k >= 2931032) AND (k <= 2931132))
	  ->  Bitmap Index Scan on k_2  (cost=0.00..5.46 rows=103 width=0)
	        Index Cond: ((k >= 2931032) AND (k <= 2931132))

table 3 : explain SELECT k, c FROM sbtest3 WHERE k BETWEEN 2931032 AND 2931132
	Bitmap Heap Scan on sbtest3  (cost=5.46..401.19 rows=100 width=125)
	  Recheck Cond: ((k >= 2931032) AND (k <= 2931132))
	  ->  Bitmap Index Scan on k_3  (cost=0.00..5.43 rows=100 width=0)
	        Index Cond: ((k >= 2931032) AND (k <= 2931132))

table 4 : explain SELECT k, c FROM sbtest4 WHERE k BETWEEN 2931032 AND 2931132
	Bitmap Heap Scan on sbtest4  (cost=5.42..385.43 rows=96 width=125)
	  Recheck Cond: ((k >= 2931032) AND (k <= 2931132))
	  ->  Bitmap Index Scan on k_4  (cost=0.00..5.39 rows=96 width=0)
	        Index Cond: ((k >= 2931032) AND (k <= 2931132))

table 5 : explain SELECT k, c FROM sbtest5 WHERE k BETWEEN 2931032 AND 2931132
	Bitmap Heap Scan on sbtest5  (cost=5.55..436.62 rows=109 width=125)
	  Recheck Cond: ((k >= 2931032) AND (k <= 2931132))
	  ->  Bitmap Index Scan on k_5  (cost=0.00..5.52 rows=109 width=0)
	        Index Cond: ((k >= 2931032) AND (k <= 2931132))

table 6 : explain SELECT k, c FROM sbtest6 WHERE k BETWEEN 2931032 AND 2931132
	Bitmap Heap Scan on sbtest6  (cost=5.43..389.37 rows=97 width=125)
	  Recheck Cond: ((k >= 2931032) AND (k <= 2931132))
	  ->  Bitmap Index Scan on k_6  (cost=0.00..5.40 rows=97 width=0)
	        Index Cond: ((k >= 2931032) AND (k <= 2931132))

table 7 : explain SELECT k, c FROM sbtest7 WHERE k BETWEEN 2931032 AND 2931132
	Bitmap Heap Scan on sbtest7  (cost=5.45..397.25 rows=99 width=125)
	  Recheck Cond: ((k >= 2931032) AND (k <= 2931132))
	  ->  Bitmap Index Scan on k_7  (cost=0.00..5.42 rows=99 width=0)
	        Index Cond: ((k >= 2931032) AND (k <= 2931132))

table 8 : explain SELECT k, c FROM sbtest8 WHERE k BETWEEN 2931032 AND 2931132
	Bitmap Heap Scan on sbtest8  (cost=5.53..428.75 rows=107 width=125)
	  Recheck Cond: ((k >= 2931032) AND (k <= 2931132))
	  ->  Bitmap Index Scan on k_8  (cost=0.00..5.50 rows=107 width=0)
	        Index Cond: ((k >= 2931032) AND (k <= 2931132))

explain: for range-notcovered :: explain SELECT k, c FROM sbtest%d WHERE k BETWEEN 7720619 AND 7720719
for range-notcovered
table 1 : explain SELECT k, c FROM sbtest1 WHERE k BETWEEN 3301775 AND 3301875
	Bitmap Heap Scan on sbtest1  (cost=5.41..381.49 rows=95 width=125)
	  Recheck Cond: ((k >= 3301775) AND (k <= 3301875))
	  ->  Bitmap Index Scan on k_1  (cost=0.00..5.38 rows=95 width=0)
	        Index Cond: ((k >= 3301775) AND (k <= 3301875))

table 2 : explain SELECT k, c FROM sbtest2 WHERE k BETWEEN 3301775 AND 3301875
	Bitmap Heap Scan on sbtest2  (cost=5.56..440.56 rows=110 width=125)
	  Recheck Cond: ((k >= 3301775) AND (k <= 3301875))
	  ->  Bitmap Index Scan on k_2  (cost=0.00..5.53 rows=110 width=0)
	        Index Cond: ((k >= 3301775) AND (k <= 3301875))

table 3 : explain SELECT k, c FROM sbtest3 WHERE k BETWEEN 3301775 AND 3301875
	Bitmap Heap Scan on sbtest3  (cost=5.48..409.07 rows=102 width=125)
	  Recheck Cond: ((k >= 3301775) AND (k <= 3301875))
	  ->  Bitmap Index Scan on k_3  (cost=0.00..5.45 rows=102 width=0)
	        Index Cond: ((k >= 3301775) AND (k <= 3301875))

table 4 : explain SELECT k, c FROM sbtest4 WHERE k BETWEEN 3301775 AND 3301875
	Bitmap Heap Scan on sbtest4  (cost=5.42..385.43 rows=96 width=125)
	  Recheck Cond: ((k >= 3301775) AND (k <= 3301875))
	  ->  Bitmap Index Scan on k_4  (cost=0.00..5.39 rows=96 width=0)
	        Index Cond: ((k >= 3301775) AND (k <= 3301875))

table 5 : explain SELECT k, c FROM sbtest5 WHERE k BETWEEN 3301775 AND 3301875
	Bitmap Heap Scan on sbtest5  (cost=5.44..393.31 rows=98 width=125)
	  Recheck Cond: ((k >= 3301775) AND (k <= 3301875))
	  ->  Bitmap Index Scan on k_5  (cost=0.00..5.42 rows=98 width=0)
	        Index Cond: ((k >= 3301775) AND (k <= 3301875))

table 6 : explain SELECT k, c FROM sbtest6 WHERE k BETWEEN 3301775 AND 3301875
	Bitmap Heap Scan on sbtest6  (cost=5.57..444.49 rows=111 width=125)
	  Recheck Cond: ((k >= 3301775) AND (k <= 3301875))
	  ->  Bitmap Index Scan on k_6  (cost=0.00..5.54 rows=111 width=0)
	        Index Cond: ((k >= 3301775) AND (k <= 3301875))

table 7 : explain SELECT k, c FROM sbtest7 WHERE k BETWEEN 3301775 AND 3301875
	Bitmap Heap Scan on sbtest7  (cost=5.40..377.55 rows=94 width=125)
	  Recheck Cond: ((k >= 3301775) AND (k <= 3301875))
	  ->  Bitmap Index Scan on k_7  (cost=0.00..5.38 rows=94 width=0)
	        Index Cond: ((k >= 3301775) AND (k <= 3301875))

table 8 : explain SELECT k, c FROM sbtest8 WHERE k BETWEEN 3301775 AND 3301875
	Bitmap Heap Scan on sbtest8  (cost=5.52..424.81 rows=106 width=125)
	  Recheck Cond: ((k >= 3301775) AND (k <= 3301875))
	  ->  Bitmap Index Scan on k_8  (cost=0.00..5.50 rows=106 width=0)
	        Index Cond: ((k >= 3301775) AND (k <= 3301875))

explain: for range-notcovered :: explain SELECT k, c FROM sbtest%d WHERE k BETWEEN 3301775 AND 3301875
for range-notcovered
table 1 : explain SELECT k, c FROM sbtest1 WHERE k BETWEEN 3860156 AND 3860256
	Bitmap Heap Scan on sbtest1  (cost=5.42..385.43 rows=96 width=125)
	  Recheck Cond: ((k >= 3860156) AND (k <= 3860256))
	  ->  Bitmap Index Scan on k_1  (cost=0.00..5.39 rows=96 width=0)
	        Index Cond: ((k >= 3860156) AND (k <= 3860256))

table 2 : explain SELECT k, c FROM sbtest2 WHERE k BETWEEN 3860156 AND 3860256
	Bitmap Heap Scan on sbtest2  (cost=5.45..397.25 rows=99 width=125)
	  Recheck Cond: ((k >= 3860156) AND (k <= 3860256))
	  ->  Bitmap Index Scan on k_2  (cost=0.00..5.42 rows=99 width=0)
	        Index Cond: ((k >= 3860156) AND (k <= 3860256))

table 3 : explain SELECT k, c FROM sbtest3 WHERE k BETWEEN 3860156 AND 3860256
	Bitmap Heap Scan on sbtest3  (cost=5.45..397.25 rows=99 width=125)
	  Recheck Cond: ((k >= 3860156) AND (k <= 3860256))
	  ->  Bitmap Index Scan on k_3  (cost=0.00..5.42 rows=99 width=0)
	        Index Cond: ((k >= 3860156) AND (k <= 3860256))

table 4 : explain SELECT k, c FROM sbtest4 WHERE k BETWEEN 3860156 AND 3860256
	Bitmap Heap Scan on sbtest4  (cost=5.53..428.75 rows=107 width=125)
	  Recheck Cond: ((k >= 3860156) AND (k <= 3860256))
	  ->  Bitmap Index Scan on k_4  (cost=0.00..5.50 rows=107 width=0)
	        Index Cond: ((k >= 3860156) AND (k <= 3860256))

table 5 : explain SELECT k, c FROM sbtest5 WHERE k BETWEEN 3860156 AND 3860256
	Bitmap Heap Scan on sbtest5  (cost=5.39..373.61 rows=93 width=125)
	  Recheck Cond: ((k >= 3860156) AND (k <= 3860256))
	  ->  Bitmap Index Scan on k_5  (cost=0.00..5.36 rows=93 width=0)
	        Index Cond: ((k >= 3860156) AND (k <= 3860256))

table 6 : explain SELECT k, c FROM sbtest6 WHERE k BETWEEN 3860156 AND 3860256
	Bitmap Heap Scan on sbtest6  (cost=5.43..389.37 rows=97 width=125)
	  Recheck Cond: ((k >= 3860156) AND (k <= 3860256))
	  ->  Bitmap Index Scan on k_6  (cost=0.00..5.40 rows=97 width=0)
	        Index Cond: ((k >= 3860156) AND (k <= 3860256))

table 7 : explain SELECT k, c FROM sbtest7 WHERE k BETWEEN 3860156 AND 3860256
	Bitmap Heap Scan on sbtest7  (cost=5.42..385.43 rows=96 width=125)
	  Recheck Cond: ((k >= 3860156) AND (k <= 3860256))
	  ->  Bitmap Index Scan on k_7  (cost=0.00..5.39 rows=96 width=0)
	        Index Cond: ((k >= 3860156) AND (k <= 3860256))

table 8 : explain SELECT k, c FROM sbtest8 WHERE k BETWEEN 3860156 AND 3860256
	Bitmap Heap Scan on sbtest8  (cost=5.44..393.31 rows=98 width=125)
	  Recheck Cond: ((k >= 3860156) AND (k <= 3860256))
	  ->  Bitmap Index Scan on k_8  (cost=0.00..5.42 rows=98 width=0)
	        Index Cond: ((k >= 3860156) AND (k <= 3860256))

explain: for range-notcovered :: explain SELECT k, c FROM sbtest%d WHERE k BETWEEN 3860156 AND 3860256
for range-notcovered
table 1 : explain SELECT k, c FROM sbtest1 WHERE k BETWEEN 4403128 AND 4403228
	Bitmap Heap Scan on sbtest1  (cost=5.58..448.42 rows=112 width=125)
	  Recheck Cond: ((k >= 4403128) AND (k <= 4403228))
	  ->  Bitmap Index Scan on k_1  (cost=0.00..5.55 rows=112 width=0)
	        Index Cond: ((k >= 4403128) AND (k <= 4403228))

table 2 : explain SELECT k, c FROM sbtest2 WHERE k BETWEEN 4403128 AND 4403228
	Bitmap Heap Scan on sbtest2  (cost=5.55..436.62 rows=109 width=125)
	  Recheck Cond: ((k >= 4403128) AND (k <= 4403228))
	  ->  Bitmap Index Scan on k_2  (cost=0.00..5.52 rows=109 width=0)
	        Index Cond: ((k >= 4403128) AND (k <= 4403228))

table 3 : explain SELECT k, c FROM sbtest3 WHERE k BETWEEN 4403128 AND 4403228
	Bitmap Heap Scan on sbtest3  (cost=5.47..405.13 rows=101 width=125)
	  Recheck Cond: ((k >= 4403128) AND (k <= 4403228))
	  ->  Bitmap Index Scan on k_3  (cost=0.00..5.44 rows=101 width=0)
	        Index Cond: ((k >= 4403128) AND (k <= 4403228))

table 4 : explain SELECT k, c FROM sbtest4 WHERE k BETWEEN 4403128 AND 4403228
	Bitmap Heap Scan on sbtest4  (cost=5.55..436.62 rows=109 width=125)
	  Recheck Cond: ((k >= 4403128) AND (k <= 4403228))
	  ->  Bitmap Index Scan on k_4  (cost=0.00..5.52 rows=109 width=0)
	        Index Cond: ((k >= 4403128) AND (k <= 4403228))

table 5 : explain SELECT k, c FROM sbtest5 WHERE k BETWEEN 4403128 AND 4403228
	Bitmap Heap Scan on sbtest5  (cost=5.39..373.61 rows=93 width=125)
	  Recheck Cond: ((k >= 4403128) AND (k <= 4403228))
	  ->  Bitmap Index Scan on k_5  (cost=0.00..5.36 rows=93 width=0)
	        Index Cond: ((k >= 4403128) AND (k <= 4403228))

table 6 : explain SELECT k, c FROM sbtest6 WHERE k BETWEEN 4403128 AND 4403228
	Bitmap Heap Scan on sbtest6  (cost=5.48..409.07 rows=102 width=125)
	  Recheck Cond: ((k >= 4403128) AND (k <= 4403228))
	  ->  Bitmap Index Scan on k_6  (cost=0.00..5.45 rows=102 width=0)
	        Index Cond: ((k >= 4403128) AND (k <= 4403228))

table 7 : explain SELECT k, c FROM sbtest7 WHERE k BETWEEN 4403128 AND 4403228
	Bitmap Heap Scan on sbtest7  (cost=5.52..424.81 rows=106 width=125)
	  Recheck Cond: ((k >= 4403128) AND (k <= 4403228))
	  ->  Bitmap Index Scan on k_7  (cost=0.00..5.50 rows=106 width=0)
	        Index Cond: ((k >= 4403128) AND (k <= 4403228))

table 8 : explain SELECT k, c FROM sbtest8 WHERE k BETWEEN 4403128 AND 4403228
	Bitmap Heap Scan on sbtest8  (cost=5.51..420.88 rows=105 width=125)
	  Recheck Cond: ((k >= 4403128) AND (k <= 4403228))
	  ->  Bitmap Index Scan on k_8  (cost=0.00..5.48 rows=105 width=0)
	        Index Cond: ((k >= 4403128) AND (k <= 4403228))

for range-notcovered
table 1 : explain SELECT k, c FROM sbtest1 WHERE k BETWEEN 4956207 AND 4956307
	Bitmap Heap Scan on sbtest1  (cost=5.53..428.75 rows=107 width=125)
	  Recheck Cond: ((k >= 4956207) AND (k <= 4956307))
	  ->  Bitmap Index Scan on k_1  (cost=0.00..5.50 rows=107 width=0)
	        Index Cond: ((k >= 4956207) AND (k <= 4956307))

table 2 : explain SELECT k, c FROM sbtest2 WHERE k BETWEEN 4956207 AND 4956307
	Bitmap Heap Scan on sbtest2  (cost=5.43..389.37 rows=97 width=125)
	  Recheck Cond: ((k >= 4956207) AND (k <= 4956307))
	  ->  Bitmap Index Scan on k_2  (cost=0.00..5.40 rows=97 width=0)
	        Index Cond: ((k >= 4956207) AND (k <= 4956307))

table 3 : explain SELECT k, c FROM sbtest3 WHERE k BETWEEN 4956207 AND 4956307
	Bitmap Heap Scan on sbtest3  (cost=5.43..389.37 rows=97 width=125)
	  Recheck Cond: ((k >= 4956207) AND (k <= 4956307))
	  ->  Bitmap Index Scan on k_3  (cost=0.00..5.40 rows=97 width=0)
	        Index Cond: ((k >= 4956207) AND (k <= 4956307))

table 4 : explain SELECT k, c FROM sbtest4 WHERE k BETWEEN 4956207 AND 4956307
	Bitmap Heap Scan on sbtest4  (cost=5.50..416.94 rows=104 width=125)
	  Recheck Cond: ((k >= 4956207) AND (k <= 4956307))
	  ->  Bitmap Index Scan on k_4  (cost=0.00..5.47 rows=104 width=0)
	        Index Cond: ((k >= 4956207) AND (k <= 4956307))

table 5 : explain SELECT k, c FROM sbtest5 WHERE k BETWEEN 4956207 AND 4956307
	Bitmap Heap Scan on sbtest5  (cost=5.40..377.55 rows=94 width=125)
	  Recheck Cond: ((k >= 4956207) AND (k <= 4956307))
	  ->  Bitmap Index Scan on k_5  (cost=0.00..5.38 rows=94 width=0)
	        Index Cond: ((k >= 4956207) AND (k <= 4956307))

table 6 : explain SELECT k, c FROM sbtest6 WHERE k BETWEEN 4956207 AND 4956307
	Bitmap Heap Scan on sbtest6  (cost=5.47..405.13 rows=101 width=125)
	  Recheck Cond: ((k >= 4956207) AND (k <= 4956307))
	  ->  Bitmap Index Scan on k_6  (cost=0.00..5.44 rows=101 width=0)
	        Index Cond: ((k >= 4956207) AND (k <= 4956307))

table 7 : explain SELECT k, c FROM sbtest7 WHERE k BETWEEN 4956207 AND 4956307
	Bitmap Heap Scan on sbtest7  (cost=5.49..413.00 rows=103 width=125)
	  Recheck Cond: ((k >= 4956207) AND (k <= 4956307))
	  ->  Bitmap Index Scan on k_7  (cost=0.00..5.46 rows=103 width=0)
	        Index Cond: ((k >= 4956207) AND (k <= 4956307))

table 8 : explain SELECT k, c FROM sbtest8 WHERE k BETWEEN 4956207 AND 4956307
	Bitmap Heap Scan on sbtest8  (cost=5.46..401.19 rows=100 width=125)
	  Recheck Cond: ((k >= 4956207) AND (k <= 4956307))
	  ->  Bitmap Index Scan on k_8  (cost=0.00..5.43 rows=100 width=0)
	        Index Cond: ((k >= 4956207) AND (k <= 4956307))

explain: for range-notcovered :: explain SELECT k, c FROM sbtest%d WHERE k BETWEEN 4956207 AND 4956307
for range-notcovered
table 1 : explain SELECT k, c FROM sbtest1 WHERE k BETWEEN 3301775 AND 3301875
	Bitmap Heap Scan on sbtest1  (cost=5.41..381.49 rows=95 width=125)
	  Recheck Cond: ((k >= 3301775) AND (k <= 3301875))
	  ->  Bitmap Index Scan on k_1  (cost=0.00..5.38 rows=95 width=0)
	        Index Cond: ((k >= 3301775) AND (k <= 3301875))

table 2 : explain SELECT k, c FROM sbtest2 WHERE k BETWEEN 3301775 AND 3301875
	Bitmap Heap Scan on sbtest2  (cost=5.56..440.56 rows=110 width=125)
	  Recheck Cond: ((k >= 3301775) AND (k <= 3301875))
	  ->  Bitmap Index Scan on k_2  (cost=0.00..5.53 rows=110 width=0)
	        Index Cond: ((k >= 3301775) AND (k <= 3301875))

table 3 : explain SELECT k, c FROM sbtest3 WHERE k BETWEEN 3301775 AND 3301875
	Bitmap Heap Scan on sbtest3  (cost=5.48..409.07 rows=102 width=125)
	  Recheck Cond: ((k >= 3301775) AND (k <= 3301875))
	  ->  Bitmap Index Scan on k_3  (cost=0.00..5.45 rows=102 width=0)
	        Index Cond: ((k >= 3301775) AND (k <= 3301875))

table 4 : explain SELECT k, c FROM sbtest4 WHERE k BETWEEN 3301775 AND 3301875
	Bitmap Heap Scan on sbtest4  (cost=5.42..385.43 rows=96 width=125)
	  Recheck Cond: ((k >= 3301775) AND (k <= 3301875))
	  ->  Bitmap Index Scan on k_4  (cost=0.00..5.39 rows=96 width=0)
	        Index Cond: ((k >= 3301775) AND (k <= 3301875))

table 5 : explain SELECT k, c FROM sbtest5 WHERE k BETWEEN 3301775 AND 3301875
	Bitmap Heap Scan on sbtest5  (cost=5.44..393.31 rows=98 width=125)
	  Recheck Cond: ((k >= 3301775) AND (k <= 3301875))
	  ->  Bitmap Index Scan on k_5  (cost=0.00..5.42 rows=98 width=0)
	        Index Cond: ((k >= 3301775) AND (k <= 3301875))

table 6 : explain SELECT k, c FROM sbtest6 WHERE k BETWEEN 3301775 AND 3301875
	Bitmap Heap Scan on sbtest6  (cost=5.57..444.49 rows=111 width=125)
	  Recheck Cond: ((k >= 3301775) AND (k <= 3301875))
	  ->  Bitmap Index Scan on k_6  (cost=0.00..5.54 rows=111 width=0)
	        Index Cond: ((k >= 3301775) AND (k <= 3301875))

table 7 : explain SELECT k, c FROM sbtest7 WHERE k BETWEEN 3301775 AND 3301875
	Bitmap Heap Scan on sbtest7  (cost=5.40..377.55 rows=94 width=125)
	  Recheck Cond: ((k >= 3301775) AND (k <= 3301875))
	  ->  Bitmap Index Scan on k_7  (cost=0.00..5.38 rows=94 width=0)
	        Index Cond: ((k >= 3301775) AND (k <= 3301875))

table 8 : explain SELECT k, c FROM sbtest8 WHERE k BETWEEN 3301775 AND 3301875
	Bitmap Heap Scan on sbtest8  (cost=5.52..424.81 rows=106 width=125)
	  Recheck Cond: ((k >= 3301775) AND (k <= 3301875))
	  ->  Bitmap Index Scan on k_8  (cost=0.00..5.50 rows=106 width=0)
	        Index Cond: ((k >= 3301775) AND (k <= 3301875))

for range-notcovered
table 1 : explain SELECT k, c FROM sbtest1 WHERE k BETWEEN 5050517 AND 5050617
	Bitmap Heap Scan on sbtest1  (cost=5.50..416.94 rows=104 width=125)
	  Recheck Cond: ((k >= 5050517) AND (k <= 5050617))
	  ->  Bitmap Index Scan on k_1  (cost=0.00..5.47 rows=104 width=0)
	        Index Cond: ((k >= 5050517) AND (k <= 5050617))

table 2 : explain SELECT k, c FROM sbtest2 WHERE k BETWEEN 5050517 AND 5050617
	Bitmap Heap Scan on sbtest2  (cost=5.43..389.37 rows=97 width=125)
	  Recheck Cond: ((k >= 5050517) AND (k <= 5050617))
	  ->  Bitmap Index Scan on k_2  (cost=0.00..5.40 rows=97 width=0)
	        Index Cond: ((k >= 5050517) AND (k <= 5050617))

table 3 : explain SELECT k, c FROM sbtest3 WHERE k BETWEEN 5050517 AND 5050617
	Bitmap Heap Scan on sbtest3  (cost=5.56..440.56 rows=110 width=125)
	  Recheck Cond: ((k >= 5050517) AND (k <= 5050617))
	  ->  Bitmap Index Scan on k_3  (cost=0.00..5.53 rows=110 width=0)
	        Index Cond: ((k >= 5050517) AND (k <= 5050617))

table 4 : explain SELECT k, c FROM sbtest4 WHERE k BETWEEN 5050517 AND 5050617
	Bitmap Heap Scan on sbtest4  (cost=5.55..436.62 rows=109 width=125)
	  Recheck Cond: ((k >= 5050517) AND (k <= 5050617))
	  ->  Bitmap Index Scan on k_4  (cost=0.00..5.52 rows=109 width=0)
	        Index Cond: ((k >= 5050517) AND (k <= 5050617))

table 5 : explain SELECT k, c FROM sbtest5 WHERE k BETWEEN 5050517 AND 5050617
	Bitmap Heap Scan on sbtest5  (cost=5.48..409.07 rows=102 width=125)
	  Recheck Cond: ((k >= 5050517) AND (k <= 5050617))
	  ->  Bitmap Index Scan on k_5  (cost=0.00..5.45 rows=102 width=0)
	        Index Cond: ((k >= 5050517) AND (k <= 5050617))

table 6 : explain SELECT k, c FROM sbtest6 WHERE k BETWEEN 5050517 AND 5050617
	Bitmap Heap Scan on sbtest6  (cost=5.51..420.88 rows=105 width=125)
	  Recheck Cond: ((k >= 5050517) AND (k <= 5050617))
	  ->  Bitmap Index Scan on k_6  (cost=0.00..5.48 rows=105 width=0)
	        Index Cond: ((k >= 5050517) AND (k <= 5050617))

table 7 : explain SELECT k, c FROM sbtest7 WHERE k BETWEEN 5050517 AND 5050617
	Bitmap Heap Scan on sbtest7  (cost=5.44..393.31 rows=98 width=125)
	  Recheck Cond: ((k >= 5050517) AND (k <= 5050617))
	  ->  Bitmap Index Scan on k_7  (cost=0.00..5.42 rows=98 width=0)
	        Index Cond: ((k >= 5050517) AND (k <= 5050617))

table 8 : explain SELECT k, c FROM sbtest8 WHERE k BETWEEN 5050517 AND 5050617
	Bitmap Heap Scan on sbtest8  (cost=5.53..428.75 rows=107 width=125)
	  Recheck Cond: ((k >= 5050517) AND (k <= 5050617))
	  ->  Bitmap Index Scan on k_8  (cost=0.00..5.50 rows=107 width=0)
	        Index Cond: ((k >= 5050517) AND (k <= 5050617))

for range-notcovered
table 1 : explain SELECT k, c FROM sbtest1 WHERE k BETWEEN 2798806 AND 2798906
	Bitmap Heap Scan on sbtest1  (cost=5.57..444.49 rows=111 width=125)
	  Recheck Cond: ((k >= 2798806) AND (k <= 2798906))
	  ->  Bitmap Index Scan on k_1  (cost=0.00..5.54 rows=111 width=0)
	        Index Cond: ((k >= 2798806) AND (k <= 2798906))

table 2 : explain SELECT k, c FROM sbtest2 WHERE k BETWEEN 2798806 AND 2798906
	Bitmap Heap Scan on sbtest2  (cost=5.44..393.31 rows=98 width=125)
	  Recheck Cond: ((k >= 2798806) AND (k <= 2798906))
	  ->  Bitmap Index Scan on k_2  (cost=0.00..5.42 rows=98 width=0)
	        Index Cond: ((k >= 2798806) AND (k <= 2798906))

table 3 : explain SELECT k, c FROM sbtest3 WHERE k BETWEEN 2798806 AND 2798906
	Bitmap Heap Scan on sbtest3  (cost=5.55..436.62 rows=109 width=125)
	  Recheck Cond: ((k >= 2798806) AND (k <= 2798906))
	  ->  Bitmap Index Scan on k_3  (cost=0.00..5.52 rows=109 width=0)
	        Index Cond: ((k >= 2798806) AND (k <= 2798906))

table 4 : explain SELECT k, c FROM sbtest4 WHERE k BETWEEN 2798806 AND 2798906
	Bitmap Heap Scan on sbtest4  (cost=5.40..377.55 rows=94 width=125)
	  Recheck Cond: ((k >= 2798806) AND (k <= 2798906))
	  ->  Bitmap Index Scan on k_4  (cost=0.00..5.38 rows=94 width=0)
	        Index Cond: ((k >= 2798806) AND (k <= 2798906))

table 5 : explain SELECT k, c FROM sbtest5 WHERE k BETWEEN 2798806 AND 2798906
	Bitmap Heap Scan on sbtest5  (cost=5.47..405.13 rows=101 width=125)
	  Recheck Cond: ((k >= 2798806) AND (k <= 2798906))
	  ->  Bitmap Index Scan on k_5  (cost=0.00..5.44 rows=101 width=0)
	        Index Cond: ((k >= 2798806) AND (k <= 2798906))

table 6 : explain SELECT k, c FROM sbtest6 WHERE k BETWEEN 2798806 AND 2798906
	Bitmap Heap Scan on sbtest6  (cost=5.44..393.31 rows=98 width=125)
	  Recheck Cond: ((k >= 2798806) AND (k <= 2798906))
	  ->  Bitmap Index Scan on k_6  (cost=0.00..5.42 rows=98 width=0)
	        Index Cond: ((k >= 2798806) AND (k <= 2798906))

table 7 : explain SELECT k, c FROM sbtest7 WHERE k BETWEEN 2798806 AND 2798906
	Bitmap Heap Scan on sbtest7  (cost=5.48..409.07 rows=102 width=125)
	  Recheck Cond: ((k >= 2798806) AND (k <= 2798906))
	  ->  Bitmap Index Scan on k_7  (cost=0.00..5.45 rows=102 width=0)
	        Index Cond: ((k >= 2798806) AND (k <= 2798906))

table 8 : explain SELECT k, c FROM sbtest8 WHERE k BETWEEN 2798806 AND 2798906
	Bitmap Heap Scan on sbtest8  (cost=5.42..385.43 rows=96 width=125)
	  Recheck Cond: ((k >= 2798806) AND (k <= 2798906))
	  ->  Bitmap Index Scan on k_8  (cost=0.00..5.39 rows=96 width=0)
	        Index Cond: ((k >= 2798806) AND (k <= 2798906))

explain: for range-notcovered :: explain SELECT k, c FROM sbtest%d WHERE k BETWEEN 5050517 AND 5050617
explain: for range-notcovered :: explain SELECT k, c FROM sbtest%d WHERE k BETWEEN 2798806 AND 2798906
for range-notcovered
table 1 : explain SELECT k, c FROM sbtest1 WHERE k BETWEEN 3860156 AND 3860256
	Bitmap Heap Scan on sbtest1  (cost=5.42..385.43 rows=96 width=125)
	  Recheck Cond: ((k >= 3860156) AND (k <= 3860256))
	  ->  Bitmap Index Scan on k_1  (cost=0.00..5.39 rows=96 width=0)
	        Index Cond: ((k >= 3860156) AND (k <= 3860256))

table 2 : explain SELECT k, c FROM sbtest2 WHERE k BETWEEN 3860156 AND 3860256
	Bitmap Heap Scan on sbtest2  (cost=5.45..397.25 rows=99 width=125)
	  Recheck Cond: ((k >= 3860156) AND (k <= 3860256))
	  ->  Bitmap Index Scan on k_2  (cost=0.00..5.42 rows=99 width=0)
	        Index Cond: ((k >= 3860156) AND (k <= 3860256))

table 3 : explain SELECT k, c FROM sbtest3 WHERE k BETWEEN 3860156 AND 3860256
	Bitmap Heap Scan on sbtest3  (cost=5.45..397.25 rows=99 width=125)
	  Recheck Cond: ((k >= 3860156) AND (k <= 3860256))
	  ->  Bitmap Index Scan on k_3  (cost=0.00..5.42 rows=99 width=0)
	        Index Cond: ((k >= 3860156) AND (k <= 3860256))

table 4 : explain SELECT k, c FROM sbtest4 WHERE k BETWEEN 3860156 AND 3860256
	Bitmap Heap Scan on sbtest4  (cost=5.53..428.75 rows=107 width=125)
	  Recheck Cond: ((k >= 3860156) AND (k <= 3860256))
	  ->  Bitmap Index Scan on k_4  (cost=0.00..5.50 rows=107 width=0)
	        Index Cond: ((k >= 3860156) AND (k <= 3860256))

table 5 : explain SELECT k, c FROM sbtest5 WHERE k BETWEEN 3860156 AND 3860256
	Bitmap Heap Scan on sbtest5  (cost=5.39..373.61 rows=93 width=125)
	  Recheck Cond: ((k >= 3860156) AND (k <= 3860256))
	  ->  Bitmap Index Scan on k_5  (cost=0.00..5.36 rows=93 width=0)
	        Index Cond: ((k >= 3860156) AND (k <= 3860256))

table 6 : explain SELECT k, c FROM sbtest6 WHERE k BETWEEN 3860156 AND 3860256
	Bitmap Heap Scan on sbtest6  (cost=5.43..389.37 rows=97 width=125)
	  Recheck Cond: ((k >= 3860156) AND (k <= 3860256))
	  ->  Bitmap Index Scan on k_6  (cost=0.00..5.40 rows=97 width=0)
	        Index Cond: ((k >= 3860156) AND (k <= 3860256))

table 7 : explain SELECT k, c FROM sbtest7 WHERE k BETWEEN 3860156 AND 3860256
	Bitmap Heap Scan on sbtest7  (cost=5.42..385.43 rows=96 width=125)
	  Recheck Cond: ((k >= 3860156) AND (k <= 3860256))
	  ->  Bitmap Index Scan on k_7  (cost=0.00..5.39 rows=96 width=0)
	        Index Cond: ((k >= 3860156) AND (k <= 3860256))

table 8 : explain SELECT k, c FROM sbtest8 WHERE k BETWEEN 3860156 AND 3860256
	Bitmap Heap Scan on sbtest8  (cost=5.44..393.31 rows=98 width=125)
	  Recheck Cond: ((k >= 3860156) AND (k <= 3860256))
	  ->  Bitmap Index Scan on k_8  (cost=0.00..5.42 rows=98 width=0)
	        Index Cond: ((k >= 3860156) AND (k <= 3860256))

explain: for range-notcovered :: explain SELECT k, c FROM sbtest%d WHERE k BETWEEN 3860156 AND 3860256
for range-notcovered
table 1 : explain SELECT k, c FROM sbtest1 WHERE k BETWEEN 6080686 AND 6080786
	Bitmap Heap Scan on sbtest1  (cost=5.39..373.61 rows=93 width=125)
	  Recheck Cond: ((k >= 6080686) AND (k <= 6080786))
	  ->  Bitmap Index Scan on k_1  (cost=0.00..5.36 rows=93 width=0)
	        Index Cond: ((k >= 6080686) AND (k <= 6080786))

table 2 : explain SELECT k, c FROM sbtest2 WHERE k BETWEEN 6080686 AND 6080786
	Bitmap Heap Scan on sbtest2  (cost=5.51..420.88 rows=105 width=125)
	  Recheck Cond: ((k >= 6080686) AND (k <= 6080786))
	  ->  Bitmap Index Scan on k_2  (cost=0.00..5.48 rows=105 width=0)
	        Index Cond: ((k >= 6080686) AND (k <= 6080786))

table 3 : explain SELECT k, c FROM sbtest3 WHERE k BETWEEN 6080686 AND 6080786
	Bitmap Heap Scan on sbtest3  (cost=5.51..420.88 rows=105 width=125)
	  Recheck Cond: ((k >= 6080686) AND (k <= 6080786))
	  ->  Bitmap Index Scan on k_3  (cost=0.00..5.48 rows=105 width=0)
	        Index Cond: ((k >= 6080686) AND (k <= 6080786))

table 4 : explain SELECT k, c FROM sbtest4 WHERE k BETWEEN 6080686 AND 6080786
	Bitmap Heap Scan on sbtest4  (cost=5.51..420.88 rows=105 width=125)
	  Recheck Cond: ((k >= 6080686) AND (k <= 6080786))
	  ->  Bitmap Index Scan on k_4  (cost=0.00..5.48 rows=105 width=0)
	        Index Cond: ((k >= 6080686) AND (k <= 6080786))

table 5 : explain SELECT k, c FROM sbtest5 WHERE k BETWEEN 6080686 AND 6080786
	Bitmap Heap Scan on sbtest5  (cost=5.40..377.55 rows=94 width=125)
	  Recheck Cond: ((k >= 6080686) AND (k <= 6080786))
	  ->  Bitmap Index Scan on k_5  (cost=0.00..5.38 rows=94 width=0)
	        Index Cond: ((k >= 6080686) AND (k <= 6080786))

table 6 : explain SELECT k, c FROM sbtest6 WHERE k BETWEEN 6080686 AND 6080786
	Bitmap Heap Scan on sbtest6  (cost=5.49..413.00 rows=103 width=125)
	  Recheck Cond: ((k >= 6080686) AND (k <= 6080786))
	  ->  Bitmap Index Scan on k_6  (cost=0.00..5.46 rows=103 width=0)
	        Index Cond: ((k >= 6080686) AND (k <= 6080786))

table 7 : explain SELECT k, c FROM sbtest7 WHERE k BETWEEN 6080686 AND 6080786
	Bitmap Heap Scan on sbtest7  (cost=5.57..444.49 rows=111 width=125)
	  Recheck Cond: ((k >= 6080686) AND (k <= 6080786))
	  ->  Bitmap Index Scan on k_7  (cost=0.00..5.54 rows=111 width=0)
	        Index Cond: ((k >= 6080686) AND (k <= 6080786))

table 8 : explain SELECT k, c FROM sbtest8 WHERE k BETWEEN 6080686 AND 6080786
	Bitmap Heap Scan on sbtest8  (cost=5.47..405.13 rows=101 width=125)
	  Recheck Cond: ((k >= 6080686) AND (k <= 6080786))
	  ->  Bitmap Index Scan on k_8  (cost=0.00..5.44 rows=101 width=0)
	        Index Cond: ((k >= 6080686) AND (k <= 6080786))

explain: for range-notcovered :: explain SELECT k, c FROM sbtest%d WHERE k BETWEEN 6080686 AND 6080786
for range-notcovered
table 1 : explain SELECT k, c FROM sbtest1 WHERE k BETWEEN 4841550 AND 4841650
	Bitmap Heap Scan on sbtest1  (cost=5.60..456.29 rows=114 width=125)
	  Recheck Cond: ((k >= 4841550) AND (k <= 4841650))
	  ->  Bitmap Index Scan on k_1  (cost=0.00..5.58 rows=114 width=0)
	        Index Cond: ((k >= 4841550) AND (k <= 4841650))

table 2 : explain SELECT k, c FROM sbtest2 WHERE k BETWEEN 4841550 AND 4841650
	Bitmap Heap Scan on sbtest2  (cost=5.44..393.31 rows=98 width=125)
	  Recheck Cond: ((k >= 4841550) AND (k <= 4841650))
	  ->  Bitmap Index Scan on k_2  (cost=0.00..5.42 rows=98 width=0)
	        Index Cond: ((k >= 4841550) AND (k <= 4841650))

table 3 : explain SELECT k, c FROM sbtest3 WHERE k BETWEEN 4841550 AND 4841650
	Bitmap Heap Scan on sbtest3  (cost=5.48..409.07 rows=102 width=125)
	  Recheck Cond: ((k >= 4841550) AND (k <= 4841650))
	  ->  Bitmap Index Scan on k_3  (cost=0.00..5.45 rows=102 width=0)
	        Index Cond: ((k >= 4841550) AND (k <= 4841650))

table 4 : explain SELECT k, c FROM sbtest4 WHERE k BETWEEN 4841550 AND 4841650
	Bitmap Heap Scan on sbtest4  (cost=5.46..401.19 rows=100 width=125)
	  Recheck Cond: ((k >= 4841550) AND (k <= 4841650))
	  ->  Bitmap Index Scan on k_4  (cost=0.00..5.43 rows=100 width=0)
	        Index Cond: ((k >= 4841550) AND (k <= 4841650))

table 5 : explain SELECT k, c FROM sbtest5 WHERE k BETWEEN 4841550 AND 4841650
	Bitmap Heap Scan on sbtest5  (cost=5.48..409.07 rows=102 width=125)
	  Recheck Cond: ((k >= 4841550) AND (k <= 4841650))
	  ->  Bitmap Index Scan on k_5  (cost=0.00..5.45 rows=102 width=0)
	        Index Cond: ((k >= 4841550) AND (k <= 4841650))

table 6 : explain SELECT k, c FROM sbtest6 WHERE k BETWEEN 4841550 AND 4841650
	Bitmap Heap Scan on sbtest6  (cost=5.50..416.94 rows=104 width=125)
	  Recheck Cond: ((k >= 4841550) AND (k <= 4841650))
	  ->  Bitmap Index Scan on k_6  (cost=0.00..5.47 rows=104 width=0)
	        Index Cond: ((k >= 4841550) AND (k <= 4841650))

table 7 : explain SELECT k, c FROM sbtest7 WHERE k BETWEEN 4841550 AND 4841650
	Bitmap Heap Scan on sbtest7  (cost=5.44..393.31 rows=98 width=125)
	  Recheck Cond: ((k >= 4841550) AND (k <= 4841650))
	  ->  Bitmap Index Scan on k_7  (cost=0.00..5.42 rows=98 width=0)
	        Index Cond: ((k >= 4841550) AND (k <= 4841650))

table 8 : explain SELECT k, c FROM sbtest8 WHERE k BETWEEN 4841550 AND 4841650
	Bitmap Heap Scan on sbtest8  (cost=5.43..389.37 rows=97 width=125)
	  Recheck Cond: ((k >= 4841550) AND (k <= 4841650))
	  ->  Bitmap Index Scan on k_8  (cost=0.00..5.40 rows=97 width=0)
	        Index Cond: ((k >= 4841550) AND (k <= 4841650))

explain: for range-notcovered :: explain SELECT k, c FROM sbtest%d WHERE k BETWEEN 4841550 AND 4841650
for range-notcovered
table 1 : explain SELECT k, c FROM sbtest1 WHERE k BETWEEN 5050517 AND 5050617
	Bitmap Heap Scan on sbtest1  (cost=5.50..416.94 rows=104 width=125)
	  Recheck Cond: ((k >= 5050517) AND (k <= 5050617))
	  ->  Bitmap Index Scan on k_1  (cost=0.00..5.47 rows=104 width=0)
	        Index Cond: ((k >= 5050517) AND (k <= 5050617))

table 2 : explain SELECT k, c FROM sbtest2 WHERE k BETWEEN 5050517 AND 5050617
	Bitmap Heap Scan on sbtest2  (cost=5.43..389.37 rows=97 width=125)
	  Recheck Cond: ((k >= 5050517) AND (k <= 5050617))
	  ->  Bitmap Index Scan on k_2  (cost=0.00..5.40 rows=97 width=0)
	        Index Cond: ((k >= 5050517) AND (k <= 5050617))

table 3 : explain SELECT k, c FROM sbtest3 WHERE k BETWEEN 5050517 AND 5050617
	Bitmap Heap Scan on sbtest3  (cost=5.56..440.56 rows=110 width=125)
	  Recheck Cond: ((k >= 5050517) AND (k <= 5050617))
	  ->  Bitmap Index Scan on k_3  (cost=0.00..5.53 rows=110 width=0)
	        Index Cond: ((k >= 5050517) AND (k <= 5050617))

table 4 : explain SELECT k, c FROM sbtest4 WHERE k BETWEEN 5050517 AND 5050617
	Bitmap Heap Scan on sbtest4  (cost=5.55..436.62 rows=109 width=125)
	  Recheck Cond: ((k >= 5050517) AND (k <= 5050617))
	  ->  Bitmap Index Scan on k_4  (cost=0.00..5.52 rows=109 width=0)
	        Index Cond: ((k >= 5050517) AND (k <= 5050617))

table 5 : explain SELECT k, c FROM sbtest5 WHERE k BETWEEN 5050517 AND 5050617
	Bitmap Heap Scan on sbtest5  (cost=5.48..409.07 rows=102 width=125)
	  Recheck Cond: ((k >= 5050517) AND (k <= 5050617))
	  ->  Bitmap Index Scan on k_5  (cost=0.00..5.45 rows=102 width=0)
	        Index Cond: ((k >= 5050517) AND (k <= 5050617))

table 6 : explain SELECT k, c FROM sbtest6 WHERE k BETWEEN 5050517 AND 5050617
	Bitmap Heap Scan on sbtest6  (cost=5.51..420.88 rows=105 width=125)
	  Recheck Cond: ((k >= 5050517) AND (k <= 5050617))
	  ->  Bitmap Index Scan on k_6  (cost=0.00..5.48 rows=105 width=0)
	        Index Cond: ((k >= 5050517) AND (k <= 5050617))

table 7 : explain SELECT k, c FROM sbtest7 WHERE k BETWEEN 5050517 AND 5050617
	Bitmap Heap Scan on sbtest7  (cost=5.44..393.31 rows=98 width=125)
	  Recheck Cond: ((k >= 5050517) AND (k <= 5050617))
	  ->  Bitmap Index Scan on k_7  (cost=0.00..5.42 rows=98 width=0)
	        Index Cond: ((k >= 5050517) AND (k <= 5050617))

table 8 : explain SELECT k, c FROM sbtest8 WHERE k BETWEEN 5050517 AND 5050617
	Bitmap Heap Scan on sbtest8  (cost=5.53..428.75 rows=107 width=125)
	  Recheck Cond: ((k >= 5050517) AND (k <= 5050617))
	  ->  Bitmap Index Scan on k_8  (cost=0.00..5.50 rows=107 width=0)
	        Index Cond: ((k >= 5050517) AND (k <= 5050617))

for range-notcovered
table 1 : explain SELECT k, c FROM sbtest1 WHERE k BETWEEN 2798806 AND 2798906
	Bitmap Heap Scan on sbtest1  (cost=5.57..444.49 rows=111 width=125)
	  Recheck Cond: ((k >= 2798806) AND (k <= 2798906))
	  ->  Bitmap Index Scan on k_1  (cost=0.00..5.54 rows=111 width=0)
	        Index Cond: ((k >= 2798806) AND (k <= 2798906))

table 2 : explain SELECT k, c FROM sbtest2 WHERE k BETWEEN 2798806 AND 2798906
	Bitmap Heap Scan on sbtest2  (cost=5.44..393.31 rows=98 width=125)
	  Recheck Cond: ((k >= 2798806) AND (k <= 2798906))
	  ->  Bitmap Index Scan on k_2  (cost=0.00..5.42 rows=98 width=0)
	        Index Cond: ((k >= 2798806) AND (k <= 2798906))

table 3 : explain SELECT k, c FROM sbtest3 WHERE k BETWEEN 2798806 AND 2798906
	Bitmap Heap Scan on sbtest3  (cost=5.55..436.62 rows=109 width=125)
	  Recheck Cond: ((k >= 2798806) AND (k <= 2798906))
	  ->  Bitmap Index Scan on k_3  (cost=0.00..5.52 rows=109 width=0)
	        Index Cond: ((k >= 2798806) AND (k <= 2798906))

table 4 : explain SELECT k, c FROM sbtest4 WHERE k BETWEEN 2798806 AND 2798906
	Bitmap Heap Scan on sbtest4  (cost=5.40..377.55 rows=94 width=125)
	  Recheck Cond: ((k >= 2798806) AND (k <= 2798906))
	  ->  Bitmap Index Scan on k_4  (cost=0.00..5.38 rows=94 width=0)
	        Index Cond: ((k >= 2798806) AND (k <= 2798906))

table 5 : explain SELECT k, c FROM sbtest5 WHERE k BETWEEN 2798806 AND 2798906
	Bitmap Heap Scan on sbtest5  (cost=5.47..405.13 rows=101 width=125)
	  Recheck Cond: ((k >= 2798806) AND (k <= 2798906))
	  ->  Bitmap Index Scan on k_5  (cost=0.00..5.44 rows=101 width=0)
	        Index Cond: ((k >= 2798806) AND (k <= 2798906))

table 6 : explain SELECT k, c FROM sbtest6 WHERE k BETWEEN 2798806 AND 2798906
	Bitmap Heap Scan on sbtest6  (cost=5.44..393.31 rows=98 width=125)
	  Recheck Cond: ((k >= 2798806) AND (k <= 2798906))
	  ->  Bitmap Index Scan on k_6  (cost=0.00..5.42 rows=98 width=0)
	        Index Cond: ((k >= 2798806) AND (k <= 2798906))

table 7 : explain SELECT k, c FROM sbtest7 WHERE k BETWEEN 2798806 AND 2798906
	Bitmap Heap Scan on sbtest7  (cost=5.48..409.07 rows=102 width=125)
	  Recheck Cond: ((k >= 2798806) AND (k <= 2798906))
	  ->  Bitmap Index Scan on k_7  (cost=0.00..5.45 rows=102 width=0)
	        Index Cond: ((k >= 2798806) AND (k <= 2798906))

table 8 : explain SELECT k, c FROM sbtest8 WHERE k BETWEEN 2798806 AND 2798906
	Bitmap Heap Scan on sbtest8  (cost=5.42..385.43 rows=96 width=125)
	  Recheck Cond: ((k >= 2798806) AND (k <= 2798906))
	  ->  Bitmap Index Scan on k_8  (cost=0.00..5.39 rows=96 width=0)
	        Index Cond: ((k >= 2798806) AND (k <= 2798906))

explain: for range-notcovered :: explain SELECT k, c FROM sbtest%d WHERE k BETWEEN 5050517 AND 5050617
for range-notcovered
table 1 : explain SELECT k, c FROM sbtest1 WHERE k BETWEEN 5514895 AND 5514995
	Bitmap Heap Scan on sbtest1  (cost=5.37..365.72 rows=91 width=125)
	  Recheck Cond: ((k >= 5514895) AND (k <= 5514995))
	  ->  Bitmap Index Scan on k_1  (cost=0.00..5.34 rows=91 width=0)
	        Index Cond: ((k >= 5514895) AND (k <= 5514995))

table 2 : explain SELECT k, c FROM sbtest2 WHERE k BETWEEN 5514895 AND 5514995
	Bitmap Heap Scan on sbtest2  (cost=5.46..401.19 rows=100 width=125)
	  Recheck Cond: ((k >= 5514895) AND (k <= 5514995))
	  ->  Bitmap Index Scan on k_2  (cost=0.00..5.43 rows=100 width=0)
	        Index Cond: ((k >= 5514895) AND (k <= 5514995))

table 3 : explain SELECT k, c FROM sbtest3 WHERE k BETWEEN 5514895 AND 5514995
	Bitmap Heap Scan on sbtest3  (cost=5.52..424.81 rows=106 width=125)
	  Recheck Cond: ((k >= 5514895) AND (k <= 5514995))
	  ->  Bitmap Index Scan on k_3  (cost=0.00..5.50 rows=106 width=0)
	        Index Cond: ((k >= 5514895) AND (k <= 5514995))

table 4 : explain SELECT k, c FROM sbtest4 WHERE k BETWEEN 5514895 AND 5514995
	Bitmap Heap Scan on sbtest4  (cost=5.45..397.25 rows=99 width=125)
	  Recheck Cond: ((k >= 5514895) AND (k <= 5514995))
	  ->  Bitmap Index Scan on k_4  (cost=0.00..5.42 rows=99 width=0)
	        Index Cond: ((k >= 5514895) AND (k <= 5514995))

table 5 : explain SELECT k, c FROM sbtest5 WHERE k BETWEEN 5514895 AND 5514995
	Bitmap Heap Scan on sbtest5  (cost=5.47..405.13 rows=101 width=125)
	  Recheck Cond: ((k >= 5514895) AND (k <= 5514995))
	  ->  Bitmap Index Scan on k_5  (cost=0.00..5.44 rows=101 width=0)
	        Index Cond: ((k >= 5514895) AND (k <= 5514995))

table 6 : explain SELECT k, c FROM sbtest6 WHERE k BETWEEN 5514895 AND 5514995
	Bitmap Heap Scan on sbtest6  (cost=5.41..381.49 rows=95 width=125)
	  Recheck Cond: ((k >= 5514895) AND (k <= 5514995))
	  ->  Bitmap Index Scan on k_6  (cost=0.00..5.38 rows=95 width=0)
	        Index Cond: ((k >= 5514895) AND (k <= 5514995))

table 7 : explain SELECT k, c FROM sbtest7 WHERE k BETWEEN 5514895 AND 5514995
	Bitmap Heap Scan on sbtest7  (cost=5.49..413.00 rows=103 width=125)
	  Recheck Cond: ((k >= 5514895) AND (k <= 5514995))
	  ->  Bitmap Index Scan on k_7  (cost=0.00..5.46 rows=103 width=0)
	        Index Cond: ((k >= 5514895) AND (k <= 5514995))

table 8 : explain SELECT k, c FROM sbtest8 WHERE k BETWEEN 5514895 AND 5514995
	Bitmap Heap Scan on sbtest8  (cost=5.48..409.07 rows=102 width=125)
	  Recheck Cond: ((k >= 5514895) AND (k <= 5514995))
	  ->  Bitmap Index Scan on k_8  (cost=0.00..5.45 rows=102 width=0)
	        Index Cond: ((k >= 5514895) AND (k <= 5514995))

explain: for range-notcovered :: explain SELECT k, c FROM sbtest%d WHERE k BETWEEN 2798806 AND 2798906
explain: for range-notcovered :: explain SELECT k, c FROM sbtest%d WHERE k BETWEEN 5514895 AND 5514995
for range-notcovered
table 1 : explain SELECT k, c FROM sbtest1 WHERE k BETWEEN 3860156 AND 3860256
	Bitmap Heap Scan on sbtest1  (cost=5.42..385.43 rows=96 width=125)
	  Recheck Cond: ((k >= 3860156) AND (k <= 3860256))
	  ->  Bitmap Index Scan on k_1  (cost=0.00..5.39 rows=96 width=0)
	        Index Cond: ((k >= 3860156) AND (k <= 3860256))

table 2 : explain SELECT k, c FROM sbtest2 WHERE k BETWEEN 3860156 AND 3860256
	Bitmap Heap Scan on sbtest2  (cost=5.45..397.25 rows=99 width=125)
	  Recheck Cond: ((k >= 3860156) AND (k <= 3860256))
	  ->  Bitmap Index Scan on k_2  (cost=0.00..5.42 rows=99 width=0)
	        Index Cond: ((k >= 3860156) AND (k <= 3860256))

table 3 : explain SELECT k, c FROM sbtest3 WHERE k BETWEEN 3860156 AND 3860256
	Bitmap Heap Scan on sbtest3  (cost=5.45..397.25 rows=99 width=125)
	  Recheck Cond: ((k >= 3860156) AND (k <= 3860256))
	  ->  Bitmap Index Scan on k_3  (cost=0.00..5.42 rows=99 width=0)
	        Index Cond: ((k >= 3860156) AND (k <= 3860256))

table 4 : explain SELECT k, c FROM sbtest4 WHERE k BETWEEN 3860156 AND 3860256
	Bitmap Heap Scan on sbtest4  (cost=5.53..428.75 rows=107 width=125)
	  Recheck Cond: ((k >= 3860156) AND (k <= 3860256))
	  ->  Bitmap Index Scan on k_4  (cost=0.00..5.50 rows=107 width=0)
	        Index Cond: ((k >= 3860156) AND (k <= 3860256))

table 5 : explain SELECT k, c FROM sbtest5 WHERE k BETWEEN 3860156 AND 3860256
	Bitmap Heap Scan on sbtest5  (cost=5.39..373.61 rows=93 width=125)
	  Recheck Cond: ((k >= 3860156) AND (k <= 3860256))
	  ->  Bitmap Index Scan on k_5  (cost=0.00..5.36 rows=93 width=0)
	        Index Cond: ((k >= 3860156) AND (k <= 3860256))

table 6 : explain SELECT k, c FROM sbtest6 WHERE k BETWEEN 3860156 AND 3860256
	Bitmap Heap Scan on sbtest6  (cost=5.43..389.37 rows=97 width=125)
	  Recheck Cond: ((k >= 3860156) AND (k <= 3860256))
	  ->  Bitmap Index Scan on k_6  (cost=0.00..5.40 rows=97 width=0)
	        Index Cond: ((k >= 3860156) AND (k <= 3860256))

table 7 : explain SELECT k, c FROM sbtest7 WHERE k BETWEEN 3860156 AND 3860256
	Bitmap Heap Scan on sbtest7  (cost=5.42..385.43 rows=96 width=125)
	  Recheck Cond: ((k >= 3860156) AND (k <= 3860256))
	  ->  Bitmap Index Scan on k_7  (cost=0.00..5.39 rows=96 width=0)
	        Index Cond: ((k >= 3860156) AND (k <= 3860256))

table 8 : explain SELECT k, c FROM sbtest8 WHERE k BETWEEN 3860156 AND 3860256
	Bitmap Heap Scan on sbtest8  (cost=5.44..393.31 rows=98 width=125)
	  Recheck Cond: ((k >= 3860156) AND (k <= 3860256))
	  ->  Bitmap Index Scan on k_8  (cost=0.00..5.42 rows=98 width=0)
	        Index Cond: ((k >= 3860156) AND (k <= 3860256))

for range-notcovered
table 1 : explain SELECT k, c FROM sbtest1 WHERE k BETWEEN 4841550 AND 4841650
	Bitmap Heap Scan on sbtest1  (cost=5.60..456.29 rows=114 width=125)
	  Recheck Cond: ((k >= 4841550) AND (k <= 4841650))
	  ->  Bitmap Index Scan on k_1  (cost=0.00..5.58 rows=114 width=0)
	        Index Cond: ((k >= 4841550) AND (k <= 4841650))

table 2 : explain SELECT k, c FROM sbtest2 WHERE k BETWEEN 4841550 AND 4841650
	Bitmap Heap Scan on sbtest2  (cost=5.44..393.31 rows=98 width=125)
	  Recheck Cond: ((k >= 4841550) AND (k <= 4841650))
	  ->  Bitmap Index Scan on k_2  (cost=0.00..5.42 rows=98 width=0)
	        Index Cond: ((k >= 4841550) AND (k <= 4841650))

table 3 : explain SELECT k, c FROM sbtest3 WHERE k BETWEEN 4841550 AND 4841650
	Bitmap Heap Scan on sbtest3  (cost=5.48..409.07 rows=102 width=125)
	  Recheck Cond: ((k >= 4841550) AND (k <= 4841650))
	  ->  Bitmap Index Scan on k_3  (cost=0.00..5.45 rows=102 width=0)
	        Index Cond: ((k >= 4841550) AND (k <= 4841650))

table 4 : explain SELECT k, c FROM sbtest4 WHERE k BETWEEN 4841550 AND 4841650
	Bitmap Heap Scan on sbtest4  (cost=5.46..401.19 rows=100 width=125)
	  Recheck Cond: ((k >= 4841550) AND (k <= 4841650))
	  ->  Bitmap Index Scan on k_4  (cost=0.00..5.43 rows=100 width=0)
	        Index Cond: ((k >= 4841550) AND (k <= 4841650))

table 5 : explain SELECT k, c FROM sbtest5 WHERE k BETWEEN 4841550 AND 4841650
	Bitmap Heap Scan on sbtest5  (cost=5.48..409.07 rows=102 width=125)
	  Recheck Cond: ((k >= 4841550) AND (k <= 4841650))
	  ->  Bitmap Index Scan on k_5  (cost=0.00..5.45 rows=102 width=0)
	        Index Cond: ((k >= 4841550) AND (k <= 4841650))

table 6 : explain SELECT k, c FROM sbtest6 WHERE k BETWEEN 4841550 AND 4841650
	Bitmap Heap Scan on sbtest6  (cost=5.50..416.94 rows=104 width=125)
	  Recheck Cond: ((k >= 4841550) AND (k <= 4841650))
	  ->  Bitmap Index Scan on k_6  (cost=0.00..5.47 rows=104 width=0)
	        Index Cond: ((k >= 4841550) AND (k <= 4841650))

table 7 : explain SELECT k, c FROM sbtest7 WHERE k BETWEEN 4841550 AND 4841650
	Bitmap Heap Scan on sbtest7  (cost=5.44..393.31 rows=98 width=125)
	  Recheck Cond: ((k >= 4841550) AND (k <= 4841650))
	  ->  Bitmap Index Scan on k_7  (cost=0.00..5.42 rows=98 width=0)
	        Index Cond: ((k >= 4841550) AND (k <= 4841650))

table 8 : explain SELECT k, c FROM sbtest8 WHERE k BETWEEN 4841550 AND 4841650
	Bitmap Heap Scan on sbtest8  (cost=5.43..389.37 rows=97 width=125)
	  Recheck Cond: ((k >= 4841550) AND (k <= 4841650))
	  ->  Bitmap Index Scan on k_8  (cost=0.00..5.40 rows=97 width=0)
	        Index Cond: ((k >= 4841550) AND (k <= 4841650))

explain: for range-notcovered :: explain SELECT k, c FROM sbtest%d WHERE k BETWEEN 4841550 AND 4841650
for range-notcovered
table 1 : explain SELECT k, c FROM sbtest1 WHERE k BETWEEN 2798806 AND 2798906
	Bitmap Heap Scan on sbtest1  (cost=5.57..444.49 rows=111 width=125)
	  Recheck Cond: ((k >= 2798806) AND (k <= 2798906))
	  ->  Bitmap Index Scan on k_1  (cost=0.00..5.54 rows=111 width=0)
	        Index Cond: ((k >= 2798806) AND (k <= 2798906))

table 2 : explain SELECT k, c FROM sbtest2 WHERE k BETWEEN 2798806 AND 2798906
	Bitmap Heap Scan on sbtest2  (cost=5.44..393.31 rows=98 width=125)
	  Recheck Cond: ((k >= 2798806) AND (k <= 2798906))
	  ->  Bitmap Index Scan on k_2  (cost=0.00..5.42 rows=98 width=0)
	        Index Cond: ((k >= 2798806) AND (k <= 2798906))

table 3 : explain SELECT k, c FROM sbtest3 WHERE k BETWEEN 2798806 AND 2798906
	Bitmap Heap Scan on sbtest3  (cost=5.55..436.62 rows=109 width=125)
	  Recheck Cond: ((k >= 2798806) AND (k <= 2798906))
	  ->  Bitmap Index Scan on k_3  (cost=0.00..5.52 rows=109 width=0)
	        Index Cond: ((k >= 2798806) AND (k <= 2798906))

table 4 : explain SELECT k, c FROM sbtest4 WHERE k BETWEEN 2798806 AND 2798906
	Bitmap Heap Scan on sbtest4  (cost=5.40..377.55 rows=94 width=125)
	  Recheck Cond: ((k >= 2798806) AND (k <= 2798906))
	  ->  Bitmap Index Scan on k_4  (cost=0.00..5.38 rows=94 width=0)
	        Index Cond: ((k >= 2798806) AND (k <= 2798906))

table 5 : explain SELECT k, c FROM sbtest5 WHERE k BETWEEN 2798806 AND 2798906
	Bitmap Heap Scan on sbtest5  (cost=5.47..405.13 rows=101 width=125)
	  Recheck Cond: ((k >= 2798806) AND (k <= 2798906))
	  ->  Bitmap Index Scan on k_5  (cost=0.00..5.44 rows=101 width=0)
	        Index Cond: ((k >= 2798806) AND (k <= 2798906))

table 6 : explain SELECT k, c FROM sbtest6 WHERE k BETWEEN 2798806 AND 2798906
	Bitmap Heap Scan on sbtest6  (cost=5.44..393.31 rows=98 width=125)
	  Recheck Cond: ((k >= 2798806) AND (k <= 2798906))
	  ->  Bitmap Index Scan on k_6  (cost=0.00..5.42 rows=98 width=0)
	        Index Cond: ((k >= 2798806) AND (k <= 2798906))

table 7 : explain SELECT k, c FROM sbtest7 WHERE k BETWEEN 2798806 AND 2798906
	Bitmap Heap Scan on sbtest7  (cost=5.48..409.07 rows=102 width=125)
	  Recheck Cond: ((k >= 2798806) AND (k <= 2798906))
	  ->  Bitmap Index Scan on k_7  (cost=0.00..5.45 rows=102 width=0)
	        Index Cond: ((k >= 2798806) AND (k <= 2798906))

table 8 : explain SELECT k, c FROM sbtest8 WHERE k BETWEEN 2798806 AND 2798906
	Bitmap Heap Scan on sbtest8  (cost=5.42..385.43 rows=96 width=125)
	  Recheck Cond: ((k >= 2798806) AND (k <= 2798906))
	  ->  Bitmap Index Scan on k_8  (cost=0.00..5.39 rows=96 width=0)
	        Index Cond: ((k >= 2798806) AND (k <= 2798906))

explain: for range-notcovered :: explain SELECT k, c FROM sbtest%d WHERE k BETWEEN 2798806 AND 2798906
for range-notcovered
table 1 : explain SELECT k, c FROM sbtest1 WHERE k BETWEEN 5514895 AND 5514995
	Bitmap Heap Scan on sbtest1  (cost=5.37..365.72 rows=91 width=125)
	  Recheck Cond: ((k >= 5514895) AND (k <= 5514995))
	  ->  Bitmap Index Scan on k_1  (cost=0.00..5.34 rows=91 width=0)
	        Index Cond: ((k >= 5514895) AND (k <= 5514995))

table 2 : explain SELECT k, c FROM sbtest2 WHERE k BETWEEN 5514895 AND 5514995
	Bitmap Heap Scan on sbtest2  (cost=5.46..401.19 rows=100 width=125)
	  Recheck Cond: ((k >= 5514895) AND (k <= 5514995))
	  ->  Bitmap Index Scan on k_2  (cost=0.00..5.43 rows=100 width=0)
	        Index Cond: ((k >= 5514895) AND (k <= 5514995))

table 3 : explain SELECT k, c FROM sbtest3 WHERE k BETWEEN 5514895 AND 5514995
	Bitmap Heap Scan on sbtest3  (cost=5.52..424.81 rows=106 width=125)
	  Recheck Cond: ((k >= 5514895) AND (k <= 5514995))
	  ->  Bitmap Index Scan on k_3  (cost=0.00..5.50 rows=106 width=0)
	        Index Cond: ((k >= 5514895) AND (k <= 5514995))

table 4 : explain SELECT k, c FROM sbtest4 WHERE k BETWEEN 5514895 AND 5514995
	Bitmap Heap Scan on sbtest4  (cost=5.45..397.25 rows=99 width=125)
	  Recheck Cond: ((k >= 5514895) AND (k <= 5514995))
	  ->  Bitmap Index Scan on k_4  (cost=0.00..5.42 rows=99 width=0)
	        Index Cond: ((k >= 5514895) AND (k <= 5514995))

table 5 : explain SELECT k, c FROM sbtest5 WHERE k BETWEEN 5514895 AND 5514995
	Bitmap Heap Scan on sbtest5  (cost=5.47..405.13 rows=101 width=125)
	  Recheck Cond: ((k >= 5514895) AND (k <= 5514995))
	  ->  Bitmap Index Scan on k_5  (cost=0.00..5.44 rows=101 width=0)
	        Index Cond: ((k >= 5514895) AND (k <= 5514995))

table 6 : explain SELECT k, c FROM sbtest6 WHERE k BETWEEN 5514895 AND 5514995
	Bitmap Heap Scan on sbtest6  (cost=5.41..381.49 rows=95 width=125)
	  Recheck Cond: ((k >= 5514895) AND (k <= 5514995))
	  ->  Bitmap Index Scan on k_6  (cost=0.00..5.38 rows=95 width=0)
	        Index Cond: ((k >= 5514895) AND (k <= 5514995))

table 7 : explain SELECT k, c FROM sbtest7 WHERE k BETWEEN 5514895 AND 5514995
	Bitmap Heap Scan on sbtest7  (cost=5.49..413.00 rows=103 width=125)
	  Recheck Cond: ((k >= 5514895) AND (k <= 5514995))
	  ->  Bitmap Index Scan on k_7  (cost=0.00..5.46 rows=103 width=0)
	        Index Cond: ((k >= 5514895) AND (k <= 5514995))

table 8 : explain SELECT k, c FROM sbtest8 WHERE k BETWEEN 5514895 AND 5514995
	Bitmap Heap Scan on sbtest8  (cost=5.48..409.07 rows=102 width=125)
	  Recheck Cond: ((k >= 5514895) AND (k <= 5514995))
	  ->  Bitmap Index Scan on k_8  (cost=0.00..5.45 rows=102 width=0)
	        Index Cond: ((k >= 5514895) AND (k <= 5514995))

for range-notcovered
table 1 : explain SELECT k, c FROM sbtest1 WHERE k BETWEEN 5050517 AND 5050617
	Bitmap Heap Scan on sbtest1  (cost=5.50..416.94 rows=104 width=125)
	  Recheck Cond: ((k >= 5050517) AND (k <= 5050617))
	  ->  Bitmap Index Scan on k_1  (cost=0.00..5.47 rows=104 width=0)
	        Index Cond: ((k >= 5050517) AND (k <= 5050617))

table 2 : explain SELECT k, c FROM sbtest2 WHERE k BETWEEN 5050517 AND 5050617
	Bitmap Heap Scan on sbtest2  (cost=5.43..389.37 rows=97 width=125)
	  Recheck Cond: ((k >= 5050517) AND (k <= 5050617))
	  ->  Bitmap Index Scan on k_2  (cost=0.00..5.40 rows=97 width=0)
	        Index Cond: ((k >= 5050517) AND (k <= 5050617))

table 3 : explain SELECT k, c FROM sbtest3 WHERE k BETWEEN 5050517 AND 5050617
	Bitmap Heap Scan on sbtest3  (cost=5.56..440.56 rows=110 width=125)
	  Recheck Cond: ((k >= 5050517) AND (k <= 5050617))
	  ->  Bitmap Index Scan on k_3  (cost=0.00..5.53 rows=110 width=0)
	        Index Cond: ((k >= 5050517) AND (k <= 5050617))

table 4 : explain SELECT k, c FROM sbtest4 WHERE k BETWEEN 5050517 AND 5050617
	Bitmap Heap Scan on sbtest4  (cost=5.55..436.62 rows=109 width=125)
	  Recheck Cond: ((k >= 5050517) AND (k <= 5050617))
	  ->  Bitmap Index Scan on k_4  (cost=0.00..5.52 rows=109 width=0)
	        Index Cond: ((k >= 5050517) AND (k <= 5050617))

table 5 : explain SELECT k, c FROM sbtest5 WHERE k BETWEEN 5050517 AND 5050617
	Bitmap Heap Scan on sbtest5  (cost=5.48..409.07 rows=102 width=125)
	  Recheck Cond: ((k >= 5050517) AND (k <= 5050617))
	  ->  Bitmap Index Scan on k_5  (cost=0.00..5.45 rows=102 width=0)
	        Index Cond: ((k >= 5050517) AND (k <= 5050617))

table 6 : explain SELECT k, c FROM sbtest6 WHERE k BETWEEN 5050517 AND 5050617
	Bitmap Heap Scan on sbtest6  (cost=5.51..420.88 rows=105 width=125)
	  Recheck Cond: ((k >= 5050517) AND (k <= 5050617))
	  ->  Bitmap Index Scan on k_6  (cost=0.00..5.48 rows=105 width=0)
	        Index Cond: ((k >= 5050517) AND (k <= 5050617))

table 7 : explain SELECT k, c FROM sbtest7 WHERE k BETWEEN 5050517 AND 5050617
	Bitmap Heap Scan on sbtest7  (cost=5.44..393.31 rows=98 width=125)
	  Recheck Cond: ((k >= 5050517) AND (k <= 5050617))
	  ->  Bitmap Index Scan on k_7  (cost=0.00..5.42 rows=98 width=0)
	        Index Cond: ((k >= 5050517) AND (k <= 5050617))

table 8 : explain SELECT k, c FROM sbtest8 WHERE k BETWEEN 5050517 AND 5050617
	Bitmap Heap Scan on sbtest8  (cost=5.53..428.75 rows=107 width=125)
	  Recheck Cond: ((k >= 5050517) AND (k <= 5050617))
	  ->  Bitmap Index Scan on k_8  (cost=0.00..5.50 rows=107 width=0)
	        Index Cond: ((k >= 5050517) AND (k <= 5050617))

explain: for range-notcovered :: explain SELECT k, c FROM sbtest%d WHERE k BETWEEN 6031503 AND 6031603
explain: for range-notcovered :: explain SELECT k, c FROM sbtest%d WHERE k BETWEEN 5050517 AND 5050617
for range-notcovered
table 1 : explain SELECT k, c FROM sbtest1 WHERE k BETWEEN 6080686 AND 6080786
	Bitmap Heap Scan on sbtest1  (cost=5.39..373.61 rows=93 width=125)
	  Recheck Cond: ((k >= 6080686) AND (k <= 6080786))
	  ->  Bitmap Index Scan on k_1  (cost=0.00..5.36 rows=93 width=0)
	        Index Cond: ((k >= 6080686) AND (k <= 6080786))

table 2 : explain SELECT k, c FROM sbtest2 WHERE k BETWEEN 6080686 AND 6080786
	Bitmap Heap Scan on sbtest2  (cost=5.51..420.88 rows=105 width=125)
	  Recheck Cond: ((k >= 6080686) AND (k <= 6080786))
	  ->  Bitmap Index Scan on k_2  (cost=0.00..5.48 rows=105 width=0)
	        Index Cond: ((k >= 6080686) AND (k <= 6080786))

table 3 : explain SELECT k, c FROM sbtest3 WHERE k BETWEEN 6080686 AND 6080786
	Bitmap Heap Scan on sbtest3  (cost=5.51..420.88 rows=105 width=125)
	  Recheck Cond: ((k >= 6080686) AND (k <= 6080786))
	  ->  Bitmap Index Scan on k_3  (cost=0.00..5.48 rows=105 width=0)
	        Index Cond: ((k >= 6080686) AND (k <= 6080786))

table 4 : explain SELECT k, c FROM sbtest4 WHERE k BETWEEN 6080686 AND 6080786
	Bitmap Heap Scan on sbtest4  (cost=5.51..420.88 rows=105 width=125)
	  Recheck Cond: ((k >= 6080686) AND (k <= 6080786))
	  ->  Bitmap Index Scan on k_4  (cost=0.00..5.48 rows=105 width=0)
	        Index Cond: ((k >= 6080686) AND (k <= 6080786))

table 5 : explain SELECT k, c FROM sbtest5 WHERE k BETWEEN 6080686 AND 6080786
	Bitmap Heap Scan on sbtest5  (cost=5.40..377.55 rows=94 width=125)
	  Recheck Cond: ((k >= 6080686) AND (k <= 6080786))
	  ->  Bitmap Index Scan on k_5  (cost=0.00..5.38 rows=94 width=0)
	        Index Cond: ((k >= 6080686) AND (k <= 6080786))

table 6 : explain SELECT k, c FROM sbtest6 WHERE k BETWEEN 6080686 AND 6080786
	Bitmap Heap Scan on sbtest6  (cost=5.49..413.00 rows=103 width=125)
	  Recheck Cond: ((k >= 6080686) AND (k <= 6080786))
	  ->  Bitmap Index Scan on k_6  (cost=0.00..5.46 rows=103 width=0)
	        Index Cond: ((k >= 6080686) AND (k <= 6080786))

table 7 : explain SELECT k, c FROM sbtest7 WHERE k BETWEEN 6080686 AND 6080786
	Bitmap Heap Scan on sbtest7  (cost=5.57..444.49 rows=111 width=125)
	  Recheck Cond: ((k >= 6080686) AND (k <= 6080786))
	  ->  Bitmap Index Scan on k_7  (cost=0.00..5.54 rows=111 width=0)
	        Index Cond: ((k >= 6080686) AND (k <= 6080786))

table 8 : explain SELECT k, c FROM sbtest8 WHERE k BETWEEN 6080686 AND 6080786
	Bitmap Heap Scan on sbtest8  (cost=5.47..405.13 rows=101 width=125)
	  Recheck Cond: ((k >= 6080686) AND (k <= 6080786))
	  ->  Bitmap Index Scan on k_8  (cost=0.00..5.44 rows=101 width=0)
	        Index Cond: ((k >= 6080686) AND (k <= 6080786))

for range-notcovered
table 1 : explain SELECT k, c FROM sbtest1 WHERE k BETWEEN 7720619 AND 7720719
	Bitmap Heap Scan on sbtest1  (cost=5.40..377.55 rows=94 width=125)
	  Recheck Cond: ((k >= 7720619) AND (k <= 7720719))
	  ->  Bitmap Index Scan on k_1  (cost=0.00..5.38 rows=94 width=0)
	        Index Cond: ((k >= 7720619) AND (k <= 7720719))

table 2 : explain SELECT k, c FROM sbtest2 WHERE k BETWEEN 7720619 AND 7720719
	Bitmap Heap Scan on sbtest2  (cost=5.47..405.13 rows=101 width=125)
	  Recheck Cond: ((k >= 7720619) AND (k <= 7720719))
	  ->  Bitmap Index Scan on k_2  (cost=0.00..5.44 rows=101 width=0)
	        Index Cond: ((k >= 7720619) AND (k <= 7720719))

table 3 : explain SELECT k, c FROM sbtest3 WHERE k BETWEEN 7720619 AND 7720719
	Bitmap Heap Scan on sbtest3  (cost=5.55..436.62 rows=109 width=125)
	  Recheck Cond: ((k >= 7720619) AND (k <= 7720719))
	  ->  Bitmap Index Scan on k_3  (cost=0.00..5.52 rows=109 width=0)
	        Index Cond: ((k >= 7720619) AND (k <= 7720719))

table 4 : explain SELECT k, c FROM sbtest4 WHERE k BETWEEN 7720619 AND 7720719
	Bitmap Heap Scan on sbtest4  (cost=5.49..413.00 rows=103 width=125)
	  Recheck Cond: ((k >= 7720619) AND (k <= 7720719))
	  ->  Bitmap Index Scan on k_4  (cost=0.00..5.46 rows=103 width=0)
	        Index Cond: ((k >= 7720619) AND (k <= 7720719))

table 5 : explain SELECT k, c FROM sbtest5 WHERE k BETWEEN 7720619 AND 7720719
	Bitmap Heap Scan on sbtest5  (cost=5.53..428.75 rows=107 width=125)
	  Recheck Cond: ((k >= 7720619) AND (k <= 7720719))
	  ->  Bitmap Index Scan on k_5  (cost=0.00..5.50 rows=107 width=0)
	        Index Cond: ((k >= 7720619) AND (k <= 7720719))

table 6 : explain SELECT k, c FROM sbtest6 WHERE k BETWEEN 7720619 AND 7720719
	Bitmap Heap Scan on sbtest6  (cost=5.44..393.31 rows=98 width=125)
	  Recheck Cond: ((k >= 7720619) AND (k <= 7720719))
	  ->  Bitmap Index Scan on k_6  (cost=0.00..5.42 rows=98 width=0)
	        Index Cond: ((k >= 7720619) AND (k <= 7720719))

table 7 : explain SELECT k, c FROM sbtest7 WHERE k BETWEEN 7720619 AND 7720719
	Bitmap Heap Scan on sbtest7  (cost=5.53..428.75 rows=107 width=125)
	  Recheck Cond: ((k >= 7720619) AND (k <= 7720719))
	  ->  Bitmap Index Scan on k_7  (cost=0.00..5.50 rows=107 width=0)
	        Index Cond: ((k >= 7720619) AND (k <= 7720719))

table 8 : explain SELECT k, c FROM sbtest8 WHERE k BETWEEN 7720619 AND 7720719
	Bitmap Heap Scan on sbtest8  (cost=5.53..428.75 rows=107 width=125)
	  Recheck Cond: ((k >= 7720619) AND (k <= 7720719))
	  ->  Bitmap Index Scan on k_8  (cost=0.00..5.50 rows=107 width=0)
	        Index Cond: ((k >= 7720619) AND (k <= 7720719))

explain: for range-notcovered :: explain SELECT k, c FROM sbtest%d WHERE k BETWEEN 6080686 AND 6080786
explain: for range-notcovered :: explain SELECT k, c FROM sbtest%d WHERE k BETWEEN 7720619 AND 7720719
for range-notcovered
table 1 : explain SELECT k, c FROM sbtest1 WHERE k BETWEEN 4841550 AND 4841650
	Bitmap Heap Scan on sbtest1  (cost=5.60..456.29 rows=114 width=125)
	  Recheck Cond: ((k >= 4841550) AND (k <= 4841650))
	  ->  Bitmap Index Scan on k_1  (cost=0.00..5.58 rows=114 width=0)
	        Index Cond: ((k >= 4841550) AND (k <= 4841650))

table 2 : explain SELECT k, c FROM sbtest2 WHERE k BETWEEN 4841550 AND 4841650
	Bitmap Heap Scan on sbtest2  (cost=5.44..393.31 rows=98 width=125)
	  Recheck Cond: ((k >= 4841550) AND (k <= 4841650))
	  ->  Bitmap Index Scan on k_2  (cost=0.00..5.42 rows=98 width=0)
	        Index Cond: ((k >= 4841550) AND (k <= 4841650))

table 3 : explain SELECT k, c FROM sbtest3 WHERE k BETWEEN 4841550 AND 4841650
	Bitmap Heap Scan on sbtest3  (cost=5.48..409.07 rows=102 width=125)
	  Recheck Cond: ((k >= 4841550) AND (k <= 4841650))
	  ->  Bitmap Index Scan on k_3  (cost=0.00..5.45 rows=102 width=0)
	        Index Cond: ((k >= 4841550) AND (k <= 4841650))

table 4 : explain SELECT k, c FROM sbtest4 WHERE k BETWEEN 4841550 AND 4841650
	Bitmap Heap Scan on sbtest4  (cost=5.46..401.19 rows=100 width=125)
	  Recheck Cond: ((k >= 4841550) AND (k <= 4841650))
	  ->  Bitmap Index Scan on k_4  (cost=0.00..5.43 rows=100 width=0)
	        Index Cond: ((k >= 4841550) AND (k <= 4841650))

table 5 : explain SELECT k, c FROM sbtest5 WHERE k BETWEEN 4841550 AND 4841650
	Bitmap Heap Scan on sbtest5  (cost=5.48..409.07 rows=102 width=125)
	  Recheck Cond: ((k >= 4841550) AND (k <= 4841650))
	  ->  Bitmap Index Scan on k_5  (cost=0.00..5.45 rows=102 width=0)
	        Index Cond: ((k >= 4841550) AND (k <= 4841650))

table 6 : explain SELECT k, c FROM sbtest6 WHERE k BETWEEN 4841550 AND 4841650
	Bitmap Heap Scan on sbtest6  (cost=5.50..416.94 rows=104 width=125)
	  Recheck Cond: ((k >= 4841550) AND (k <= 4841650))
	  ->  Bitmap Index Scan on k_6  (cost=0.00..5.47 rows=104 width=0)
	        Index Cond: ((k >= 4841550) AND (k <= 4841650))

table 7 : explain SELECT k, c FROM sbtest7 WHERE k BETWEEN 4841550 AND 4841650
	Bitmap Heap Scan on sbtest7  (cost=5.44..393.31 rows=98 width=125)
	  Recheck Cond: ((k >= 4841550) AND (k <= 4841650))
	  ->  Bitmap Index Scan on k_7  (cost=0.00..5.42 rows=98 width=0)
	        Index Cond: ((k >= 4841550) AND (k <= 4841650))

table 8 : explain SELECT k, c FROM sbtest8 WHERE k BETWEEN 4841550 AND 4841650
	Bitmap Heap Scan on sbtest8  (cost=5.43..389.37 rows=97 width=125)
	  Recheck Cond: ((k >= 4841550) AND (k <= 4841650))
	  ->  Bitmap Index Scan on k_8  (cost=0.00..5.40 rows=97 width=0)
	        Index Cond: ((k >= 4841550) AND (k <= 4841650))

explain: for range-notcovered :: explain SELECT k, c FROM sbtest%d WHERE k BETWEEN 4841550 AND 4841650
for range-notcovered
table 1 : explain SELECT k, c FROM sbtest1 WHERE k BETWEEN 2798806 AND 2798906
	Bitmap Heap Scan on sbtest1  (cost=5.57..444.49 rows=111 width=125)
	  Recheck Cond: ((k >= 2798806) AND (k <= 2798906))
	  ->  Bitmap Index Scan on k_1  (cost=0.00..5.54 rows=111 width=0)
	        Index Cond: ((k >= 2798806) AND (k <= 2798906))

table 2 : explain SELECT k, c FROM sbtest2 WHERE k BETWEEN 2798806 AND 2798906
	Bitmap Heap Scan on sbtest2  (cost=5.44..393.31 rows=98 width=125)
	  Recheck Cond: ((k >= 2798806) AND (k <= 2798906))
	  ->  Bitmap Index Scan on k_2  (cost=0.00..5.42 rows=98 width=0)
	        Index Cond: ((k >= 2798806) AND (k <= 2798906))

table 3 : explain SELECT k, c FROM sbtest3 WHERE k BETWEEN 2798806 AND 2798906
	Bitmap Heap Scan on sbtest3  (cost=5.55..436.62 rows=109 width=125)
	  Recheck Cond: ((k >= 2798806) AND (k <= 2798906))
	  ->  Bitmap Index Scan on k_3  (cost=0.00..5.52 rows=109 width=0)
	        Index Cond: ((k >= 2798806) AND (k <= 2798906))

table 4 : explain SELECT k, c FROM sbtest4 WHERE k BETWEEN 2798806 AND 2798906
	Bitmap Heap Scan on sbtest4  (cost=5.40..377.55 rows=94 width=125)
	  Recheck Cond: ((k >= 2798806) AND (k <= 2798906))
	  ->  Bitmap Index Scan on k_4  (cost=0.00..5.38 rows=94 width=0)
	        Index Cond: ((k >= 2798806) AND (k <= 2798906))

table 5 : explain SELECT k, c FROM sbtest5 WHERE k BETWEEN 2798806 AND 2798906
	Bitmap Heap Scan on sbtest5  (cost=5.47..405.13 rows=101 width=125)
	  Recheck Cond: ((k >= 2798806) AND (k <= 2798906))
	  ->  Bitmap Index Scan on k_5  (cost=0.00..5.44 rows=101 width=0)
	        Index Cond: ((k >= 2798806) AND (k <= 2798906))

table 6 : explain SELECT k, c FROM sbtest6 WHERE k BETWEEN 2798806 AND 2798906
	Bitmap Heap Scan on sbtest6  (cost=5.44..393.31 rows=98 width=125)
	  Recheck Cond: ((k >= 2798806) AND (k <= 2798906))
	  ->  Bitmap Index Scan on k_6  (cost=0.00..5.42 rows=98 width=0)
	        Index Cond: ((k >= 2798806) AND (k <= 2798906))

table 7 : explain SELECT k, c FROM sbtest7 WHERE k BETWEEN 2798806 AND 2798906
	Bitmap Heap Scan on sbtest7  (cost=5.48..409.07 rows=102 width=125)
	  Recheck Cond: ((k >= 2798806) AND (k <= 2798906))
	  ->  Bitmap Index Scan on k_7  (cost=0.00..5.45 rows=102 width=0)
	        Index Cond: ((k >= 2798806) AND (k <= 2798906))

table 8 : explain SELECT k, c FROM sbtest8 WHERE k BETWEEN 2798806 AND 2798906
	Bitmap Heap Scan on sbtest8  (cost=5.42..385.43 rows=96 width=125)
	  Recheck Cond: ((k >= 2798806) AND (k <= 2798906))
	  ->  Bitmap Index Scan on k_8  (cost=0.00..5.39 rows=96 width=0)
	        Index Cond: ((k >= 2798806) AND (k <= 2798906))

explain: for range-notcovered :: explain SELECT k, c FROM sbtest%d WHERE k BETWEEN 2798806 AND 2798906
for range-notcovered
table 1 : explain SELECT k, c FROM sbtest1 WHERE k BETWEEN 4956207 AND 4956307
	Bitmap Heap Scan on sbtest1  (cost=5.53..428.75 rows=107 width=125)
	  Recheck Cond: ((k >= 4956207) AND (k <= 4956307))
	  ->  Bitmap Index Scan on k_1  (cost=0.00..5.50 rows=107 width=0)
	        Index Cond: ((k >= 4956207) AND (k <= 4956307))

table 2 : explain SELECT k, c FROM sbtest2 WHERE k BETWEEN 4956207 AND 4956307
	Bitmap Heap Scan on sbtest2  (cost=5.43..389.37 rows=97 width=125)
	  Recheck Cond: ((k >= 4956207) AND (k <= 4956307))
	  ->  Bitmap Index Scan on k_2  (cost=0.00..5.40 rows=97 width=0)
	        Index Cond: ((k >= 4956207) AND (k <= 4956307))

table 3 : explain SELECT k, c FROM sbtest3 WHERE k BETWEEN 4956207 AND 4956307
	Bitmap Heap Scan on sbtest3  (cost=5.43..389.37 rows=97 width=125)
	  Recheck Cond: ((k >= 4956207) AND (k <= 4956307))
	  ->  Bitmap Index Scan on k_3  (cost=0.00..5.40 rows=97 width=0)
	        Index Cond: ((k >= 4956207) AND (k <= 4956307))

table 4 : explain SELECT k, c FROM sbtest4 WHERE k BETWEEN 4956207 AND 4956307
	Bitmap Heap Scan on sbtest4  (cost=5.50..416.94 rows=104 width=125)
	  Recheck Cond: ((k >= 4956207) AND (k <= 4956307))
	  ->  Bitmap Index Scan on k_4  (cost=0.00..5.47 rows=104 width=0)
	        Index Cond: ((k >= 4956207) AND (k <= 4956307))

table 5 : explain SELECT k, c FROM sbtest5 WHERE k BETWEEN 4956207 AND 4956307
	Bitmap Heap Scan on sbtest5  (cost=5.40..377.55 rows=94 width=125)
	  Recheck Cond: ((k >= 4956207) AND (k <= 4956307))
	  ->  Bitmap Index Scan on k_5  (cost=0.00..5.38 rows=94 width=0)
	        Index Cond: ((k >= 4956207) AND (k <= 4956307))

table 6 : explain SELECT k, c FROM sbtest6 WHERE k BETWEEN 4956207 AND 4956307
	Bitmap Heap Scan on sbtest6  (cost=5.47..405.13 rows=101 width=125)
	  Recheck Cond: ((k >= 4956207) AND (k <= 4956307))
	  ->  Bitmap Index Scan on k_6  (cost=0.00..5.44 rows=101 width=0)
	        Index Cond: ((k >= 4956207) AND (k <= 4956307))

table 7 : explain SELECT k, c FROM sbtest7 WHERE k BETWEEN 4956207 AND 4956307
	Bitmap Heap Scan on sbtest7  (cost=5.49..413.00 rows=103 width=125)
	  Recheck Cond: ((k >= 4956207) AND (k <= 4956307))
	  ->  Bitmap Index Scan on k_7  (cost=0.00..5.46 rows=103 width=0)
	        Index Cond: ((k >= 4956207) AND (k <= 4956307))

table 8 : explain SELECT k, c FROM sbtest8 WHERE k BETWEEN 4956207 AND 4956307
	Bitmap Heap Scan on sbtest8  (cost=5.46..401.19 rows=100 width=125)
	  Recheck Cond: ((k >= 4956207) AND (k <= 4956307))
	  ->  Bitmap Index Scan on k_8  (cost=0.00..5.43 rows=100 width=0)
	        Index Cond: ((k >= 4956207) AND (k <= 4956307))

explain: for range-notcovered :: explain SELECT k, c FROM sbtest%d WHERE k BETWEEN 4956207 AND 4956307
for range-notcovered
table 1 : explain SELECT k, c FROM sbtest1 WHERE k BETWEEN 5050517 AND 5050617
	Bitmap Heap Scan on sbtest1  (cost=5.50..416.94 rows=104 width=125)
	  Recheck Cond: ((k >= 5050517) AND (k <= 5050617))
	  ->  Bitmap Index Scan on k_1  (cost=0.00..5.47 rows=104 width=0)
	        Index Cond: ((k >= 5050517) AND (k <= 5050617))

table 2 : explain SELECT k, c FROM sbtest2 WHERE k BETWEEN 5050517 AND 5050617
	Bitmap Heap Scan on sbtest2  (cost=5.43..389.37 rows=97 width=125)
	  Recheck Cond: ((k >= 5050517) AND (k <= 5050617))
	  ->  Bitmap Index Scan on k_2  (cost=0.00..5.40 rows=97 width=0)
	        Index Cond: ((k >= 5050517) AND (k <= 5050617))

table 3 : explain SELECT k, c FROM sbtest3 WHERE k BETWEEN 5050517 AND 5050617
	Bitmap Heap Scan on sbtest3  (cost=5.56..440.56 rows=110 width=125)
	  Recheck Cond: ((k >= 5050517) AND (k <= 5050617))
	  ->  Bitmap Index Scan on k_3  (cost=0.00..5.53 rows=110 width=0)
	        Index Cond: ((k >= 5050517) AND (k <= 5050617))

table 4 : explain SELECT k, c FROM sbtest4 WHERE k BETWEEN 5050517 AND 5050617
	Bitmap Heap Scan on sbtest4  (cost=5.55..436.62 rows=109 width=125)
	  Recheck Cond: ((k >= 5050517) AND (k <= 5050617))
	  ->  Bitmap Index Scan on k_4  (cost=0.00..5.52 rows=109 width=0)
	        Index Cond: ((k >= 5050517) AND (k <= 5050617))

table 5 : explain SELECT k, c FROM sbtest5 WHERE k BETWEEN 5050517 AND 5050617
	Bitmap Heap Scan on sbtest5  (cost=5.48..409.07 rows=102 width=125)
	  Recheck Cond: ((k >= 5050517) AND (k <= 5050617))
	  ->  Bitmap Index Scan on k_5  (cost=0.00..5.45 rows=102 width=0)
	        Index Cond: ((k >= 5050517) AND (k <= 5050617))

table 6 : explain SELECT k, c FROM sbtest6 WHERE k BETWEEN 5050517 AND 5050617
	Bitmap Heap Scan on sbtest6  (cost=5.51..420.88 rows=105 width=125)
	  Recheck Cond: ((k >= 5050517) AND (k <= 5050617))
	  ->  Bitmap Index Scan on k_6  (cost=0.00..5.48 rows=105 width=0)
	        Index Cond: ((k >= 5050517) AND (k <= 5050617))

table 7 : explain SELECT k, c FROM sbtest7 WHERE k BETWEEN 5050517 AND 5050617
	Bitmap Heap Scan on sbtest7  (cost=5.44..393.31 rows=98 width=125)
	  Recheck Cond: ((k >= 5050517) AND (k <= 5050617))
	  ->  Bitmap Index Scan on k_7  (cost=0.00..5.42 rows=98 width=0)
	        Index Cond: ((k >= 5050517) AND (k <= 5050617))

table 8 : explain SELECT k, c FROM sbtest8 WHERE k BETWEEN 5050517 AND 5050617
	Bitmap Heap Scan on sbtest8  (cost=5.53..428.75 rows=107 width=125)
	  Recheck Cond: ((k >= 5050517) AND (k <= 5050617))
	  ->  Bitmap Index Scan on k_8  (cost=0.00..5.50 rows=107 width=0)
	        Index Cond: ((k >= 5050517) AND (k <= 5050617))

explain: for range-notcovered :: explain SELECT k, c FROM sbtest%d WHERE k BETWEEN 5050517 AND 5050617
for range-notcovered
table 1 : explain SELECT k, c FROM sbtest1 WHERE k BETWEEN 7720619 AND 7720719
	Bitmap Heap Scan on sbtest1  (cost=5.40..377.55 rows=94 width=125)
	  Recheck Cond: ((k >= 7720619) AND (k <= 7720719))
	  ->  Bitmap Index Scan on k_1  (cost=0.00..5.38 rows=94 width=0)
	        Index Cond: ((k >= 7720619) AND (k <= 7720719))

table 2 : explain SELECT k, c FROM sbtest2 WHERE k BETWEEN 7720619 AND 7720719
	Bitmap Heap Scan on sbtest2  (cost=5.47..405.13 rows=101 width=125)
	  Recheck Cond: ((k >= 7720619) AND (k <= 7720719))
	  ->  Bitmap Index Scan on k_2  (cost=0.00..5.44 rows=101 width=0)
	        Index Cond: ((k >= 7720619) AND (k <= 7720719))

table 3 : explain SELECT k, c FROM sbtest3 WHERE k BETWEEN 7720619 AND 7720719
	Bitmap Heap Scan on sbtest3  (cost=5.55..436.62 rows=109 width=125)
	  Recheck Cond: ((k >= 7720619) AND (k <= 7720719))
	  ->  Bitmap Index Scan on k_3  (cost=0.00..5.52 rows=109 width=0)
	        Index Cond: ((k >= 7720619) AND (k <= 7720719))

table 4 : explain SELECT k, c FROM sbtest4 WHERE k BETWEEN 7720619 AND 7720719
	Bitmap Heap Scan on sbtest4  (cost=5.49..413.00 rows=103 width=125)
	  Recheck Cond: ((k >= 7720619) AND (k <= 7720719))
	  ->  Bitmap Index Scan on k_4  (cost=0.00..5.46 rows=103 width=0)
	        Index Cond: ((k >= 7720619) AND (k <= 7720719))

table 5 : explain SELECT k, c FROM sbtest5 WHERE k BETWEEN 7720619 AND 7720719
	Bitmap Heap Scan on sbtest5  (cost=5.53..428.75 rows=107 width=125)
	  Recheck Cond: ((k >= 7720619) AND (k <= 7720719))
	  ->  Bitmap Index Scan on k_5  (cost=0.00..5.50 rows=107 width=0)
	        Index Cond: ((k >= 7720619) AND (k <= 7720719))

table 6 : explain SELECT k, c FROM sbtest6 WHERE k BETWEEN 7720619 AND 7720719
	Bitmap Heap Scan on sbtest6  (cost=5.44..393.31 rows=98 width=125)
	  Recheck Cond: ((k >= 7720619) AND (k <= 7720719))
	  ->  Bitmap Index Scan on k_6  (cost=0.00..5.42 rows=98 width=0)
	        Index Cond: ((k >= 7720619) AND (k <= 7720719))

table 7 : explain SELECT k, c FROM sbtest7 WHERE k BETWEEN 7720619 AND 7720719
	Bitmap Heap Scan on sbtest7  (cost=5.53..428.75 rows=107 width=125)
	  Recheck Cond: ((k >= 7720619) AND (k <= 7720719))
	  ->  Bitmap Index Scan on k_7  (cost=0.00..5.50 rows=107 width=0)
	        Index Cond: ((k >= 7720619) AND (k <= 7720719))

table 8 : explain SELECT k, c FROM sbtest8 WHERE k BETWEEN 7720619 AND 7720719
	Bitmap Heap Scan on sbtest8  (cost=5.53..428.75 rows=107 width=125)
	  Recheck Cond: ((k >= 7720619) AND (k <= 7720719))
	  ->  Bitmap Index Scan on k_8  (cost=0.00..5.50 rows=107 width=0)
	        Index Cond: ((k >= 7720619) AND (k <= 7720719))

explain: for range-notcovered :: explain SELECT k, c FROM sbtest%d WHERE k BETWEEN 7720619 AND 7720719
for range-notcovered
table 1 : explain SELECT k, c FROM sbtest1 WHERE k BETWEEN 2798806 AND 2798906
	Bitmap Heap Scan on sbtest1  (cost=5.57..444.49 rows=111 width=125)
	  Recheck Cond: ((k >= 2798806) AND (k <= 2798906))
	  ->  Bitmap Index Scan on k_1  (cost=0.00..5.54 rows=111 width=0)
	        Index Cond: ((k >= 2798806) AND (k <= 2798906))

table 2 : explain SELECT k, c FROM sbtest2 WHERE k BETWEEN 2798806 AND 2798906
	Bitmap Heap Scan on sbtest2  (cost=5.44..393.31 rows=98 width=125)
	  Recheck Cond: ((k >= 2798806) AND (k <= 2798906))
	  ->  Bitmap Index Scan on k_2  (cost=0.00..5.42 rows=98 width=0)
	        Index Cond: ((k >= 2798806) AND (k <= 2798906))

table 3 : explain SELECT k, c FROM sbtest3 WHERE k BETWEEN 2798806 AND 2798906
	Bitmap Heap Scan on sbtest3  (cost=5.55..436.62 rows=109 width=125)
	  Recheck Cond: ((k >= 2798806) AND (k <= 2798906))
	  ->  Bitmap Index Scan on k_3  (cost=0.00..5.52 rows=109 width=0)
	        Index Cond: ((k >= 2798806) AND (k <= 2798906))

table 4 : explain SELECT k, c FROM sbtest4 WHERE k BETWEEN 2798806 AND 2798906
	Bitmap Heap Scan on sbtest4  (cost=5.40..377.55 rows=94 width=125)
	  Recheck Cond: ((k >= 2798806) AND (k <= 2798906))
	  ->  Bitmap Index Scan on k_4  (cost=0.00..5.38 rows=94 width=0)
	        Index Cond: ((k >= 2798806) AND (k <= 2798906))

table 5 : explain SELECT k, c FROM sbtest5 WHERE k BETWEEN 2798806 AND 2798906
	Bitmap Heap Scan on sbtest5  (cost=5.47..405.13 rows=101 width=125)
	  Recheck Cond: ((k >= 2798806) AND (k <= 2798906))
	  ->  Bitmap Index Scan on k_5  (cost=0.00..5.44 rows=101 width=0)
	        Index Cond: ((k >= 2798806) AND (k <= 2798906))

table 6 : explain SELECT k, c FROM sbtest6 WHERE k BETWEEN 2798806 AND 2798906
	Bitmap Heap Scan on sbtest6  (cost=5.44..393.31 rows=98 width=125)
	  Recheck Cond: ((k >= 2798806) AND (k <= 2798906))
	  ->  Bitmap Index Scan on k_6  (cost=0.00..5.42 rows=98 width=0)
	        Index Cond: ((k >= 2798806) AND (k <= 2798906))

table 7 : explain SELECT k, c FROM sbtest7 WHERE k BETWEEN 2798806 AND 2798906
	Bitmap Heap Scan on sbtest7  (cost=5.48..409.07 rows=102 width=125)
	  Recheck Cond: ((k >= 2798806) AND (k <= 2798906))
	  ->  Bitmap Index Scan on k_7  (cost=0.00..5.45 rows=102 width=0)
	        Index Cond: ((k >= 2798806) AND (k <= 2798906))

table 8 : explain SELECT k, c FROM sbtest8 WHERE k BETWEEN 2798806 AND 2798906
	Bitmap Heap Scan on sbtest8  (cost=5.42..385.43 rows=96 width=125)
	  Recheck Cond: ((k >= 2798806) AND (k <= 2798906))
	  ->  Bitmap Index Scan on k_8  (cost=0.00..5.39 rows=96 width=0)
	        Index Cond: ((k >= 2798806) AND (k <= 2798906))

for range-notcovered
table 1 : explain SELECT k, c FROM sbtest1 WHERE k BETWEEN 5398303 AND 5398403
	Bitmap Heap Scan on sbtest1  (cost=5.41..381.49 rows=95 width=125)
	  Recheck Cond: ((k >= 5398303) AND (k <= 5398403))
	  ->  Bitmap Index Scan on k_1  (cost=0.00..5.38 rows=95 width=0)
	        Index Cond: ((k >= 5398303) AND (k <= 5398403))

table 2 : explain SELECT k, c FROM sbtest2 WHERE k BETWEEN 5398303 AND 5398403
	Bitmap Heap Scan on sbtest2  (cost=5.46..401.19 rows=100 width=125)
	  Recheck Cond: ((k >= 5398303) AND (k <= 5398403))
	  ->  Bitmap Index Scan on k_2  (cost=0.00..5.43 rows=100 width=0)
	        Index Cond: ((k >= 5398303) AND (k <= 5398403))

table 3 : explain SELECT k, c FROM sbtest3 WHERE k BETWEEN 5398303 AND 5398403
	Bitmap Heap Scan on sbtest3  (cost=5.56..440.56 rows=110 width=125)
	  Recheck Cond: ((k >= 5398303) AND (k <= 5398403))
	  ->  Bitmap Index Scan on k_3  (cost=0.00..5.53 rows=110 width=0)
	        Index Cond: ((k >= 5398303) AND (k <= 5398403))

table 4 : explain SELECT k, c FROM sbtest4 WHERE k BETWEEN 5398303 AND 5398403
	Bitmap Heap Scan on sbtest4  (cost=5.49..413.00 rows=103 width=125)
	  Recheck Cond: ((k >= 5398303) AND (k <= 5398403))
	  ->  Bitmap Index Scan on k_4  (cost=0.00..5.46 rows=103 width=0)
	        Index Cond: ((k >= 5398303) AND (k <= 5398403))

table 5 : explain SELECT k, c FROM sbtest5 WHERE k BETWEEN 5398303 AND 5398403
	Bitmap Heap Scan on sbtest5  (cost=5.40..377.55 rows=94 width=125)
	  Recheck Cond: ((k >= 5398303) AND (k <= 5398403))
	  ->  Bitmap Index Scan on k_5  (cost=0.00..5.38 rows=94 width=0)
	        Index Cond: ((k >= 5398303) AND (k <= 5398403))

table 6 : explain SELECT k, c FROM sbtest6 WHERE k BETWEEN 5398303 AND 5398403
	Bitmap Heap Scan on sbtest6  (cost=5.48..409.07 rows=102 width=125)
	  Recheck Cond: ((k >= 5398303) AND (k <= 5398403))
	  ->  Bitmap Index Scan on k_6  (cost=0.00..5.45 rows=102 width=0)
	        Index Cond: ((k >= 5398303) AND (k <= 5398403))

table 7 : explain SELECT k, c FROM sbtest7 WHERE k BETWEEN 5398303 AND 5398403
	Bitmap Heap Scan on sbtest7  (cost=5.50..416.94 rows=104 width=125)
	  Recheck Cond: ((k >= 5398303) AND (k <= 5398403))
	  ->  Bitmap Index Scan on k_7  (cost=0.00..5.47 rows=104 width=0)
	        Index Cond: ((k >= 5398303) AND (k <= 5398403))

table 8 : explain SELECT k, c FROM sbtest8 WHERE k BETWEEN 5398303 AND 5398403
	Bitmap Heap Scan on sbtest8  (cost=5.46..401.19 rows=100 width=125)
	  Recheck Cond: ((k >= 5398303) AND (k <= 5398403))
	  ->  Bitmap Index Scan on k_8  (cost=0.00..5.43 rows=100 width=0)
	        Index Cond: ((k >= 5398303) AND (k <= 5398403))

for range-notcovered
table 1 : explain SELECT k, c FROM sbtest1 WHERE k BETWEEN 4841550 AND 4841650
	Bitmap Heap Scan on sbtest1  (cost=5.60..456.29 rows=114 width=125)
	  Recheck Cond: ((k >= 4841550) AND (k <= 4841650))
	  ->  Bitmap Index Scan on k_1  (cost=0.00..5.58 rows=114 width=0)
	        Index Cond: ((k >= 4841550) AND (k <= 4841650))

table 2 : explain SELECT k, c FROM sbtest2 WHERE k BETWEEN 4841550 AND 4841650
	Bitmap Heap Scan on sbtest2  (cost=5.44..393.31 rows=98 width=125)
	  Recheck Cond: ((k >= 4841550) AND (k <= 4841650))
	  ->  Bitmap Index Scan on k_2  (cost=0.00..5.42 rows=98 width=0)
	        Index Cond: ((k >= 4841550) AND (k <= 4841650))

table 3 : explain SELECT k, c FROM sbtest3 WHERE k BETWEEN 4841550 AND 4841650
	Bitmap Heap Scan on sbtest3  (cost=5.48..409.07 rows=102 width=125)
	  Recheck Cond: ((k >= 4841550) AND (k <= 4841650))
	  ->  Bitmap Index Scan on k_3  (cost=0.00..5.45 rows=102 width=0)
	        Index Cond: ((k >= 4841550) AND (k <= 4841650))

table 4 : explain SELECT k, c FROM sbtest4 WHERE k BETWEEN 4841550 AND 4841650
	Bitmap Heap Scan on sbtest4  (cost=5.46..401.19 rows=100 width=125)
	  Recheck Cond: ((k >= 4841550) AND (k <= 4841650))
	  ->  Bitmap Index Scan on k_4  (cost=0.00..5.43 rows=100 width=0)
	        Index Cond: ((k >= 4841550) AND (k <= 4841650))

table 5 : explain SELECT k, c FROM sbtest5 WHERE k BETWEEN 4841550 AND 4841650
	Bitmap Heap Scan on sbtest5  (cost=5.48..409.07 rows=102 width=125)
	  Recheck Cond: ((k >= 4841550) AND (k <= 4841650))
	  ->  Bitmap Index Scan on k_5  (cost=0.00..5.45 rows=102 width=0)
	        Index Cond: ((k >= 4841550) AND (k <= 4841650))

table 6 : explain SELECT k, c FROM sbtest6 WHERE k BETWEEN 4841550 AND 4841650
	Bitmap Heap Scan on sbtest6  (cost=5.50..416.94 rows=104 width=125)
	  Recheck Cond: ((k >= 4841550) AND (k <= 4841650))
	  ->  Bitmap Index Scan on k_6  (cost=0.00..5.47 rows=104 width=0)
	        Index Cond: ((k >= 4841550) AND (k <= 4841650))

table 7 : explain SELECT k, c FROM sbtest7 WHERE k BETWEEN 4841550 AND 4841650
	Bitmap Heap Scan on sbtest7  (cost=5.44..393.31 rows=98 width=125)
	  Recheck Cond: ((k >= 4841550) AND (k <= 4841650))
	  ->  Bitmap Index Scan on k_7  (cost=0.00..5.42 rows=98 width=0)
	        Index Cond: ((k >= 4841550) AND (k <= 4841650))

table 8 : explain SELECT k, c FROM sbtest8 WHERE k BETWEEN 4841550 AND 4841650
	Bitmap Heap Scan on sbtest8  (cost=5.43..389.37 rows=97 width=125)
	  Recheck Cond: ((k >= 4841550) AND (k <= 4841650))
	  ->  Bitmap Index Scan on k_8  (cost=0.00..5.40 rows=97 width=0)
	        Index Cond: ((k >= 4841550) AND (k <= 4841650))

explain: for range-notcovered :: explain SELECT k, c FROM sbtest%d WHERE k BETWEEN 2798806 AND 2798906
explain: for range-notcovered :: explain SELECT k, c FROM sbtest%d WHERE k BETWEEN 4841550 AND 4841650
for range-notcovered
table 1 : explain SELECT k, c FROM sbtest1 WHERE k BETWEEN 4956207 AND 4956307
	Bitmap Heap Scan on sbtest1  (cost=5.53..428.75 rows=107 width=125)
	  Recheck Cond: ((k >= 4956207) AND (k <= 4956307))
	  ->  Bitmap Index Scan on k_1  (cost=0.00..5.50 rows=107 width=0)
	        Index Cond: ((k >= 4956207) AND (k <= 4956307))

table 2 : explain SELECT k, c FROM sbtest2 WHERE k BETWEEN 4956207 AND 4956307
	Bitmap Heap Scan on sbtest2  (cost=5.43..389.37 rows=97 width=125)
	  Recheck Cond: ((k >= 4956207) AND (k <= 4956307))
	  ->  Bitmap Index Scan on k_2  (cost=0.00..5.40 rows=97 width=0)
	        Index Cond: ((k >= 4956207) AND (k <= 4956307))

table 3 : explain SELECT k, c FROM sbtest3 WHERE k BETWEEN 4956207 AND 4956307
	Bitmap Heap Scan on sbtest3  (cost=5.43..389.37 rows=97 width=125)
	  Recheck Cond: ((k >= 4956207) AND (k <= 4956307))
	  ->  Bitmap Index Scan on k_3  (cost=0.00..5.40 rows=97 width=0)
	        Index Cond: ((k >= 4956207) AND (k <= 4956307))

table 4 : explain SELECT k, c FROM sbtest4 WHERE k BETWEEN 4956207 AND 4956307
	Bitmap Heap Scan on sbtest4  (cost=5.50..416.94 rows=104 width=125)
	  Recheck Cond: ((k >= 4956207) AND (k <= 4956307))
	  ->  Bitmap Index Scan on k_4  (cost=0.00..5.47 rows=104 width=0)
	        Index Cond: ((k >= 4956207) AND (k <= 4956307))

table 5 : explain SELECT k, c FROM sbtest5 WHERE k BETWEEN 4956207 AND 4956307
	Bitmap Heap Scan on sbtest5  (cost=5.40..377.55 rows=94 width=125)
	  Recheck Cond: ((k >= 4956207) AND (k <= 4956307))
	  ->  Bitmap Index Scan on k_5  (cost=0.00..5.38 rows=94 width=0)
	        Index Cond: ((k >= 4956207) AND (k <= 4956307))

table 6 : explain SELECT k, c FROM sbtest6 WHERE k BETWEEN 4956207 AND 4956307
	Bitmap Heap Scan on sbtest6  (cost=5.47..405.13 rows=101 width=125)
	  Recheck Cond: ((k >= 4956207) AND (k <= 4956307))
	  ->  Bitmap Index Scan on k_6  (cost=0.00..5.44 rows=101 width=0)
	        Index Cond: ((k >= 4956207) AND (k <= 4956307))

table 7 : explain SELECT k, c FROM sbtest7 WHERE k BETWEEN 4956207 AND 4956307
	Bitmap Heap Scan on sbtest7  (cost=5.49..413.00 rows=103 width=125)
	  Recheck Cond: ((k >= 4956207) AND (k <= 4956307))
	  ->  Bitmap Index Scan on k_7  (cost=0.00..5.46 rows=103 width=0)
	        Index Cond: ((k >= 4956207) AND (k <= 4956307))

table 8 : explain SELECT k, c FROM sbtest8 WHERE k BETWEEN 4956207 AND 4956307
	Bitmap Heap Scan on sbtest8  (cost=5.46..401.19 rows=100 width=125)
	  Recheck Cond: ((k >= 4956207) AND (k <= 4956307))
	  ->  Bitmap Index Scan on k_8  (cost=0.00..5.43 rows=100 width=0)
	        Index Cond: ((k >= 4956207) AND (k <= 4956307))

explain: for range-notcovered :: explain SELECT k, c FROM sbtest%d WHERE k BETWEEN 4956207 AND 4956307
for range-notcovered
table 1 : explain SELECT k, c FROM sbtest1 WHERE k BETWEEN 5050517 AND 5050617
	Bitmap Heap Scan on sbtest1  (cost=5.50..416.94 rows=104 width=125)
	  Recheck Cond: ((k >= 5050517) AND (k <= 5050617))
	  ->  Bitmap Index Scan on k_1  (cost=0.00..5.47 rows=104 width=0)
	        Index Cond: ((k >= 5050517) AND (k <= 5050617))

table 2 : explain SELECT k, c FROM sbtest2 WHERE k BETWEEN 5050517 AND 5050617
	Bitmap Heap Scan on sbtest2  (cost=5.43..389.37 rows=97 width=125)
	  Recheck Cond: ((k >= 5050517) AND (k <= 5050617))
	  ->  Bitmap Index Scan on k_2  (cost=0.00..5.40 rows=97 width=0)
	        Index Cond: ((k >= 5050517) AND (k <= 5050617))

table 3 : explain SELECT k, c FROM sbtest3 WHERE k BETWEEN 5050517 AND 5050617
	Bitmap Heap Scan on sbtest3  (cost=5.56..440.56 rows=110 width=125)
	  Recheck Cond: ((k >= 5050517) AND (k <= 5050617))
	  ->  Bitmap Index Scan on k_3  (cost=0.00..5.53 rows=110 width=0)
	        Index Cond: ((k >= 5050517) AND (k <= 5050617))

table 4 : explain SELECT k, c FROM sbtest4 WHERE k BETWEEN 5050517 AND 5050617
	Bitmap Heap Scan on sbtest4  (cost=5.55..436.62 rows=109 width=125)
	  Recheck Cond: ((k >= 5050517) AND (k <= 5050617))
	  ->  Bitmap Index Scan on k_4  (cost=0.00..5.52 rows=109 width=0)
	        Index Cond: ((k >= 5050517) AND (k <= 5050617))

table 5 : explain SELECT k, c FROM sbtest5 WHERE k BETWEEN 5050517 AND 5050617
	Bitmap Heap Scan on sbtest5  (cost=5.48..409.07 rows=102 width=125)
	  Recheck Cond: ((k >= 5050517) AND (k <= 5050617))
	  ->  Bitmap Index Scan on k_5  (cost=0.00..5.45 rows=102 width=0)
	        Index Cond: ((k >= 5050517) AND (k <= 5050617))

table 6 : explain SELECT k, c FROM sbtest6 WHERE k BETWEEN 5050517 AND 5050617
	Bitmap Heap Scan on sbtest6  (cost=5.51..420.88 rows=105 width=125)
	  Recheck Cond: ((k >= 5050517) AND (k <= 5050617))
	  ->  Bitmap Index Scan on k_6  (cost=0.00..5.48 rows=105 width=0)
	        Index Cond: ((k >= 5050517) AND (k <= 5050617))

table 7 : explain SELECT k, c FROM sbtest7 WHERE k BETWEEN 5050517 AND 5050617
	Bitmap Heap Scan on sbtest7  (cost=5.44..393.31 rows=98 width=125)
	  Recheck Cond: ((k >= 5050517) AND (k <= 5050617))
	  ->  Bitmap Index Scan on k_7  (cost=0.00..5.42 rows=98 width=0)
	        Index Cond: ((k >= 5050517) AND (k <= 5050617))

table 8 : explain SELECT k, c FROM sbtest8 WHERE k BETWEEN 5050517 AND 5050617
	Bitmap Heap Scan on sbtest8  (cost=5.53..428.75 rows=107 width=125)
	  Recheck Cond: ((k >= 5050517) AND (k <= 5050617))
	  ->  Bitmap Index Scan on k_8  (cost=0.00..5.50 rows=107 width=0)
	        Index Cond: ((k >= 5050517) AND (k <= 5050617))

explain: for range-notcovered :: explain SELECT k, c FROM sbtest%d WHERE k BETWEEN 5398303 AND 5398403
explain: for range-notcovered :: explain SELECT k, c FROM sbtest%d WHERE k BETWEEN 5050517 AND 5050617
for range-notcovered
table 1 : explain SELECT k, c FROM sbtest1 WHERE k BETWEEN 7720619 AND 7720719
	Bitmap Heap Scan on sbtest1  (cost=5.40..377.55 rows=94 width=125)
	  Recheck Cond: ((k >= 7720619) AND (k <= 7720719))
	  ->  Bitmap Index Scan on k_1  (cost=0.00..5.38 rows=94 width=0)
	        Index Cond: ((k >= 7720619) AND (k <= 7720719))

table 2 : explain SELECT k, c FROM sbtest2 WHERE k BETWEEN 7720619 AND 7720719
	Bitmap Heap Scan on sbtest2  (cost=5.47..405.13 rows=101 width=125)
	  Recheck Cond: ((k >= 7720619) AND (k <= 7720719))
	  ->  Bitmap Index Scan on k_2  (cost=0.00..5.44 rows=101 width=0)
	        Index Cond: ((k >= 7720619) AND (k <= 7720719))

table 3 : explain SELECT k, c FROM sbtest3 WHERE k BETWEEN 7720619 AND 7720719
	Bitmap Heap Scan on sbtest3  (cost=5.55..436.62 rows=109 width=125)
	  Recheck Cond: ((k >= 7720619) AND (k <= 7720719))
	  ->  Bitmap Index Scan on k_3  (cost=0.00..5.52 rows=109 width=0)
	        Index Cond: ((k >= 7720619) AND (k <= 7720719))

table 4 : explain SELECT k, c FROM sbtest4 WHERE k BETWEEN 7720619 AND 7720719
	Bitmap Heap Scan on sbtest4  (cost=5.49..413.00 rows=103 width=125)
	  Recheck Cond: ((k >= 7720619) AND (k <= 7720719))
	  ->  Bitmap Index Scan on k_4  (cost=0.00..5.46 rows=103 width=0)
	        Index Cond: ((k >= 7720619) AND (k <= 7720719))

table 5 : explain SELECT k, c FROM sbtest5 WHERE k BETWEEN 7720619 AND 7720719
	Bitmap Heap Scan on sbtest5  (cost=5.53..428.75 rows=107 width=125)
	  Recheck Cond: ((k >= 7720619) AND (k <= 7720719))
	  ->  Bitmap Index Scan on k_5  (cost=0.00..5.50 rows=107 width=0)
	        Index Cond: ((k >= 7720619) AND (k <= 7720719))

table 6 : explain SELECT k, c FROM sbtest6 WHERE k BETWEEN 7720619 AND 7720719
	Bitmap Heap Scan on sbtest6  (cost=5.44..393.31 rows=98 width=125)
	  Recheck Cond: ((k >= 7720619) AND (k <= 7720719))
	  ->  Bitmap Index Scan on k_6  (cost=0.00..5.42 rows=98 width=0)
	        Index Cond: ((k >= 7720619) AND (k <= 7720719))

table 7 : explain SELECT k, c FROM sbtest7 WHERE k BETWEEN 7720619 AND 7720719
	Bitmap Heap Scan on sbtest7  (cost=5.53..428.75 rows=107 width=125)
	  Recheck Cond: ((k >= 7720619) AND (k <= 7720719))
	  ->  Bitmap Index Scan on k_7  (cost=0.00..5.50 rows=107 width=0)
	        Index Cond: ((k >= 7720619) AND (k <= 7720719))

table 8 : explain SELECT k, c FROM sbtest8 WHERE k BETWEEN 7720619 AND 7720719
	Bitmap Heap Scan on sbtest8  (cost=5.53..428.75 rows=107 width=125)
	  Recheck Cond: ((k >= 7720619) AND (k <= 7720719))
	  ->  Bitmap Index Scan on k_8  (cost=0.00..5.50 rows=107 width=0)
	        Index Cond: ((k >= 7720619) AND (k <= 7720719))

explain: for range-notcovered :: explain SELECT k, c FROM sbtest%d WHERE k BETWEEN 7720619 AND 7720719
for range-notcovered
table 1 : explain SELECT k, c FROM sbtest1 WHERE k BETWEEN 7984100 AND 7984200
	Bitmap Heap Scan on sbtest1  (cost=5.47..405.13 rows=101 width=125)
	  Recheck Cond: ((k >= 7984100) AND (k <= 7984200))
	  ->  Bitmap Index Scan on k_1  (cost=0.00..5.44 rows=101 width=0)
	        Index Cond: ((k >= 7984100) AND (k <= 7984200))

table 2 : explain SELECT k, c FROM sbtest2 WHERE k BETWEEN 7984100 AND 7984200
	Bitmap Heap Scan on sbtest2  (cost=5.54..432.69 rows=108 width=125)
	  Recheck Cond: ((k >= 7984100) AND (k <= 7984200))
	  ->  Bitmap Index Scan on k_2  (cost=0.00..5.51 rows=108 width=0)
	        Index Cond: ((k >= 7984100) AND (k <= 7984200))

table 3 : explain SELECT k, c FROM sbtest3 WHERE k BETWEEN 7984100 AND 7984200
	Bitmap Heap Scan on sbtest3  (cost=5.46..401.19 rows=100 width=125)
	  Recheck Cond: ((k >= 7984100) AND (k <= 7984200))
	  ->  Bitmap Index Scan on k_3  (cost=0.00..5.43 rows=100 width=0)
	        Index Cond: ((k >= 7984100) AND (k <= 7984200))

table 4 : explain SELECT k, c FROM sbtest4 WHERE k BETWEEN 7984100 AND 7984200
	Bitmap Heap Scan on sbtest4  (cost=5.58..448.42 rows=112 width=125)
	  Recheck Cond: ((k >= 7984100) AND (k <= 7984200))
	  ->  Bitmap Index Scan on k_4  (cost=0.00..5.55 rows=112 width=0)
	        Index Cond: ((k >= 7984100) AND (k <= 7984200))

table 5 : explain SELECT k, c FROM sbtest5 WHERE k BETWEEN 7984100 AND 7984200
	Bitmap Heap Scan on sbtest5  (cost=5.44..393.31 rows=98 width=125)
	  Recheck Cond: ((k >= 7984100) AND (k <= 7984200))
	  ->  Bitmap Index Scan on k_5  (cost=0.00..5.42 rows=98 width=0)
	        Index Cond: ((k >= 7984100) AND (k <= 7984200))

table 6 : explain SELECT k, c FROM sbtest6 WHERE k BETWEEN 7984100 AND 7984200
	Bitmap Heap Scan on sbtest6  (cost=5.53..428.75 rows=107 width=125)
	  Recheck Cond: ((k >= 7984100) AND (k <= 7984200))
	  ->  Bitmap Index Scan on k_6  (cost=0.00..5.50 rows=107 width=0)
	        Index Cond: ((k >= 7984100) AND (k <= 7984200))

table 7 : explain SELECT k, c FROM sbtest7 WHERE k BETWEEN 7984100 AND 7984200
	Bitmap Heap Scan on sbtest7  (cost=5.45..397.25 rows=99 width=125)
	  Recheck Cond: ((k >= 7984100) AND (k <= 7984200))
	  ->  Bitmap Index Scan on k_7  (cost=0.00..5.42 rows=99 width=0)
	        Index Cond: ((k >= 7984100) AND (k <= 7984200))

table 8 : explain SELECT k, c FROM sbtest8 WHERE k BETWEEN 7984100 AND 7984200
	Bitmap Heap Scan on sbtest8  (cost=5.44..393.31 rows=98 width=125)
	  Recheck Cond: ((k >= 7984100) AND (k <= 7984200))
	  ->  Bitmap Index Scan on k_8  (cost=0.00..5.42 rows=98 width=0)
	        Index Cond: ((k >= 7984100) AND (k <= 7984200))

for range-notcovered
table 1 : explain SELECT k, c FROM sbtest1 WHERE k BETWEEN 2798806 AND 2798906
	Bitmap Heap Scan on sbtest1  (cost=5.57..444.49 rows=111 width=125)
	  Recheck Cond: ((k >= 2798806) AND (k <= 2798906))
	  ->  Bitmap Index Scan on k_1  (cost=0.00..5.54 rows=111 width=0)
	        Index Cond: ((k >= 2798806) AND (k <= 2798906))

table 2 : explain SELECT k, c FROM sbtest2 WHERE k BETWEEN 2798806 AND 2798906
	Bitmap Heap Scan on sbtest2  (cost=5.44..393.31 rows=98 width=125)
	  Recheck Cond: ((k >= 2798806) AND (k <= 2798906))
	  ->  Bitmap Index Scan on k_2  (cost=0.00..5.42 rows=98 width=0)
	        Index Cond: ((k >= 2798806) AND (k <= 2798906))

table 3 : explain SELECT k, c FROM sbtest3 WHERE k BETWEEN 2798806 AND 2798906
	Bitmap Heap Scan on sbtest3  (cost=5.55..436.62 rows=109 width=125)
	  Recheck Cond: ((k >= 2798806) AND (k <= 2798906))
	  ->  Bitmap Index Scan on k_3  (cost=0.00..5.52 rows=109 width=0)
	        Index Cond: ((k >= 2798806) AND (k <= 2798906))

table 4 : explain SELECT k, c FROM sbtest4 WHERE k BETWEEN 2798806 AND 2798906
	Bitmap Heap Scan on sbtest4  (cost=5.40..377.55 rows=94 width=125)
	  Recheck Cond: ((k >= 2798806) AND (k <= 2798906))
	  ->  Bitmap Index Scan on k_4  (cost=0.00..5.38 rows=94 width=0)
	        Index Cond: ((k >= 2798806) AND (k <= 2798906))

table 5 : explain SELECT k, c FROM sbtest5 WHERE k BETWEEN 2798806 AND 2798906
	Bitmap Heap Scan on sbtest5  (cost=5.47..405.13 rows=101 width=125)
	  Recheck Cond: ((k >= 2798806) AND (k <= 2798906))
	  ->  Bitmap Index Scan on k_5  (cost=0.00..5.44 rows=101 width=0)
	        Index Cond: ((k >= 2798806) AND (k <= 2798906))

table 6 : explain SELECT k, c FROM sbtest6 WHERE k BETWEEN 2798806 AND 2798906
	Bitmap Heap Scan on sbtest6  (cost=5.44..393.31 rows=98 width=125)
	  Recheck Cond: ((k >= 2798806) AND (k <= 2798906))
	  ->  Bitmap Index Scan on k_6  (cost=0.00..5.42 rows=98 width=0)
	        Index Cond: ((k >= 2798806) AND (k <= 2798906))

table 7 : explain SELECT k, c FROM sbtest7 WHERE k BETWEEN 2798806 AND 2798906
	Bitmap Heap Scan on sbtest7  (cost=5.48..409.07 rows=102 width=125)
	  Recheck Cond: ((k >= 2798806) AND (k <= 2798906))
	  ->  Bitmap Index Scan on k_7  (cost=0.00..5.45 rows=102 width=0)
	        Index Cond: ((k >= 2798806) AND (k <= 2798906))

table 8 : explain SELECT k, c FROM sbtest8 WHERE k BETWEEN 2798806 AND 2798906
	Bitmap Heap Scan on sbtest8  (cost=5.42..385.43 rows=96 width=125)
	  Recheck Cond: ((k >= 2798806) AND (k <= 2798906))
	  ->  Bitmap Index Scan on k_8  (cost=0.00..5.39 rows=96 width=0)
	        Index Cond: ((k >= 2798806) AND (k <= 2798906))

for range-notcovered
table 1 : explain SELECT k, c FROM sbtest1 WHERE k BETWEEN 4841550 AND 4841650
	Bitmap Heap Scan on sbtest1  (cost=5.60..456.29 rows=114 width=125)
	  Recheck Cond: ((k >= 4841550) AND (k <= 4841650))
	  ->  Bitmap Index Scan on k_1  (cost=0.00..5.58 rows=114 width=0)
	        Index Cond: ((k >= 4841550) AND (k <= 4841650))

table 2 : explain SELECT k, c FROM sbtest2 WHERE k BETWEEN 4841550 AND 4841650
	Bitmap Heap Scan on sbtest2  (cost=5.44..393.31 rows=98 width=125)
	  Recheck Cond: ((k >= 4841550) AND (k <= 4841650))
	  ->  Bitmap Index Scan on k_2  (cost=0.00..5.42 rows=98 width=0)
	        Index Cond: ((k >= 4841550) AND (k <= 4841650))

table 3 : explain SELECT k, c FROM sbtest3 WHERE k BETWEEN 4841550 AND 4841650
	Bitmap Heap Scan on sbtest3  (cost=5.48..409.07 rows=102 width=125)
	  Recheck Cond: ((k >= 4841550) AND (k <= 4841650))
	  ->  Bitmap Index Scan on k_3  (cost=0.00..5.45 rows=102 width=0)
	        Index Cond: ((k >= 4841550) AND (k <= 4841650))

table 4 : explain SELECT k, c FROM sbtest4 WHERE k BETWEEN 4841550 AND 4841650
	Bitmap Heap Scan on sbtest4  (cost=5.46..401.19 rows=100 width=125)
	  Recheck Cond: ((k >= 4841550) AND (k <= 4841650))
	  ->  Bitmap Index Scan on k_4  (cost=0.00..5.43 rows=100 width=0)
	        Index Cond: ((k >= 4841550) AND (k <= 4841650))

table 5 : explain SELECT k, c FROM sbtest5 WHERE k BETWEEN 4841550 AND 4841650
	Bitmap Heap Scan on sbtest5  (cost=5.48..409.07 rows=102 width=125)
	  Recheck Cond: ((k >= 4841550) AND (k <= 4841650))
	  ->  Bitmap Index Scan on k_5  (cost=0.00..5.45 rows=102 width=0)
	        Index Cond: ((k >= 4841550) AND (k <= 4841650))

table 6 : explain SELECT k, c FROM sbtest6 WHERE k BETWEEN 4841550 AND 4841650
	Bitmap Heap Scan on sbtest6  (cost=5.50..416.94 rows=104 width=125)
	  Recheck Cond: ((k >= 4841550) AND (k <= 4841650))
	  ->  Bitmap Index Scan on k_6  (cost=0.00..5.47 rows=104 width=0)
	        Index Cond: ((k >= 4841550) AND (k <= 4841650))

table 7 : explain SELECT k, c FROM sbtest7 WHERE k BETWEEN 4841550 AND 4841650
	Bitmap Heap Scan on sbtest7  (cost=5.44..393.31 rows=98 width=125)
	  Recheck Cond: ((k >= 4841550) AND (k <= 4841650))
	  ->  Bitmap Index Scan on k_7  (cost=0.00..5.42 rows=98 width=0)
	        Index Cond: ((k >= 4841550) AND (k <= 4841650))

table 8 : explain SELECT k, c FROM sbtest8 WHERE k BETWEEN 4841550 AND 4841650
	Bitmap Heap Scan on sbtest8  (cost=5.43..389.37 rows=97 width=125)
	  Recheck Cond: ((k >= 4841550) AND (k <= 4841650))
	  ->  Bitmap Index Scan on k_8  (cost=0.00..5.40 rows=97 width=0)
	        Index Cond: ((k >= 4841550) AND (k <= 4841650))

explain: for range-notcovered :: explain SELECT k, c FROM sbtest%d WHERE k BETWEEN 2798806 AND 2798906
explain: for range-notcovered :: explain SELECT k, c FROM sbtest%d WHERE k BETWEEN 4841550 AND 4841650
for range-notcovered
table 1 : explain SELECT k, c FROM sbtest1 WHERE k BETWEEN 4956207 AND 4956307
	Bitmap Heap Scan on sbtest1  (cost=5.53..428.75 rows=107 width=125)
	  Recheck Cond: ((k >= 4956207) AND (k <= 4956307))
	  ->  Bitmap Index Scan on k_1  (cost=0.00..5.50 rows=107 width=0)
	        Index Cond: ((k >= 4956207) AND (k <= 4956307))

table 2 : explain SELECT k, c FROM sbtest2 WHERE k BETWEEN 4956207 AND 4956307
	Bitmap Heap Scan on sbtest2  (cost=5.43..389.37 rows=97 width=125)
	  Recheck Cond: ((k >= 4956207) AND (k <= 4956307))
	  ->  Bitmap Index Scan on k_2  (cost=0.00..5.40 rows=97 width=0)
	        Index Cond: ((k >= 4956207) AND (k <= 4956307))

table 3 : explain SELECT k, c FROM sbtest3 WHERE k BETWEEN 4956207 AND 4956307
	Bitmap Heap Scan on sbtest3  (cost=5.43..389.37 rows=97 width=125)
	  Recheck Cond: ((k >= 4956207) AND (k <= 4956307))
	  ->  Bitmap Index Scan on k_3  (cost=0.00..5.40 rows=97 width=0)
	        Index Cond: ((k >= 4956207) AND (k <= 4956307))

table 4 : explain SELECT k, c FROM sbtest4 WHERE k BETWEEN 4956207 AND 4956307
	Bitmap Heap Scan on sbtest4  (cost=5.50..416.94 rows=104 width=125)
	  Recheck Cond: ((k >= 4956207) AND (k <= 4956307))
	  ->  Bitmap Index Scan on k_4  (cost=0.00..5.47 rows=104 width=0)
	        Index Cond: ((k >= 4956207) AND (k <= 4956307))

table 5 : explain SELECT k, c FROM sbtest5 WHERE k BETWEEN 4956207 AND 4956307
	Bitmap Heap Scan on sbtest5  (cost=5.40..377.55 rows=94 width=125)
	  Recheck Cond: ((k >= 4956207) AND (k <= 4956307))
	  ->  Bitmap Index Scan on k_5  (cost=0.00..5.38 rows=94 width=0)
	        Index Cond: ((k >= 4956207) AND (k <= 4956307))

table 6 : explain SELECT k, c FROM sbtest6 WHERE k BETWEEN 4956207 AND 4956307
	Bitmap Heap Scan on sbtest6  (cost=5.47..405.13 rows=101 width=125)
	  Recheck Cond: ((k >= 4956207) AND (k <= 4956307))
	  ->  Bitmap Index Scan on k_6  (cost=0.00..5.44 rows=101 width=0)
	        Index Cond: ((k >= 4956207) AND (k <= 4956307))

table 7 : explain SELECT k, c FROM sbtest7 WHERE k BETWEEN 4956207 AND 4956307
	Bitmap Heap Scan on sbtest7  (cost=5.49..413.00 rows=103 width=125)
	  Recheck Cond: ((k >= 4956207) AND (k <= 4956307))
	  ->  Bitmap Index Scan on k_7  (cost=0.00..5.46 rows=103 width=0)
	        Index Cond: ((k >= 4956207) AND (k <= 4956307))

table 8 : explain SELECT k, c FROM sbtest8 WHERE k BETWEEN 4956207 AND 4956307
	Bitmap Heap Scan on sbtest8  (cost=5.46..401.19 rows=100 width=125)
	  Recheck Cond: ((k >= 4956207) AND (k <= 4956307))
	  ->  Bitmap Index Scan on k_8  (cost=0.00..5.43 rows=100 width=0)
	        Index Cond: ((k >= 4956207) AND (k <= 4956307))

explain: for range-notcovered :: explain SELECT k, c FROM sbtest%d WHERE k BETWEEN 4956207 AND 4956307
for range-notcovered
table 1 : explain SELECT k, c FROM sbtest1 WHERE k BETWEEN 5050517 AND 5050617
	Bitmap Heap Scan on sbtest1  (cost=5.50..416.94 rows=104 width=125)
	  Recheck Cond: ((k >= 5050517) AND (k <= 5050617))
	  ->  Bitmap Index Scan on k_1  (cost=0.00..5.47 rows=104 width=0)
	        Index Cond: ((k >= 5050517) AND (k <= 5050617))

table 2 : explain SELECT k, c FROM sbtest2 WHERE k BETWEEN 5050517 AND 5050617
	Bitmap Heap Scan on sbtest2  (cost=5.43..389.37 rows=97 width=125)
	  Recheck Cond: ((k >= 5050517) AND (k <= 5050617))
	  ->  Bitmap Index Scan on k_2  (cost=0.00..5.40 rows=97 width=0)
	        Index Cond: ((k >= 5050517) AND (k <= 5050617))

table 3 : explain SELECT k, c FROM sbtest3 WHERE k BETWEEN 5050517 AND 5050617
	Bitmap Heap Scan on sbtest3  (cost=5.56..440.56 rows=110 width=125)
	  Recheck Cond: ((k >= 5050517) AND (k <= 5050617))
	  ->  Bitmap Index Scan on k_3  (cost=0.00..5.53 rows=110 width=0)
	        Index Cond: ((k >= 5050517) AND (k <= 5050617))

table 4 : explain SELECT k, c FROM sbtest4 WHERE k BETWEEN 5050517 AND 5050617
	Bitmap Heap Scan on sbtest4  (cost=5.55..436.62 rows=109 width=125)
	  Recheck Cond: ((k >= 5050517) AND (k <= 5050617))
	  ->  Bitmap Index Scan on k_4  (cost=0.00..5.52 rows=109 width=0)
	        Index Cond: ((k >= 5050517) AND (k <= 5050617))

table 5 : explain SELECT k, c FROM sbtest5 WHERE k BETWEEN 5050517 AND 5050617
	Bitmap Heap Scan on sbtest5  (cost=5.48..409.07 rows=102 width=125)
	  Recheck Cond: ((k >= 5050517) AND (k <= 5050617))
	  ->  Bitmap Index Scan on k_5  (cost=0.00..5.45 rows=102 width=0)
	        Index Cond: ((k >= 5050517) AND (k <= 5050617))

table 6 : explain SELECT k, c FROM sbtest6 WHERE k BETWEEN 5050517 AND 5050617
	Bitmap Heap Scan on sbtest6  (cost=5.51..420.88 rows=105 width=125)
	  Recheck Cond: ((k >= 5050517) AND (k <= 5050617))
	  ->  Bitmap Index Scan on k_6  (cost=0.00..5.48 rows=105 width=0)
	        Index Cond: ((k >= 5050517) AND (k <= 5050617))

table 7 : explain SELECT k, c FROM sbtest7 WHERE k BETWEEN 5050517 AND 5050617
	Bitmap Heap Scan on sbtest7  (cost=5.44..393.31 rows=98 width=125)
	  Recheck Cond: ((k >= 5050517) AND (k <= 5050617))
	  ->  Bitmap Index Scan on k_7  (cost=0.00..5.42 rows=98 width=0)
	        Index Cond: ((k >= 5050517) AND (k <= 5050617))

table 8 : explain SELECT k, c FROM sbtest8 WHERE k BETWEEN 5050517 AND 5050617
	Bitmap Heap Scan on sbtest8  (cost=5.53..428.75 rows=107 width=125)
	  Recheck Cond: ((k >= 5050517) AND (k <= 5050617))
	  ->  Bitmap Index Scan on k_8  (cost=0.00..5.50 rows=107 width=0)
	        Index Cond: ((k >= 5050517) AND (k <= 5050617))

explain: for range-notcovered :: explain SELECT k, c FROM sbtest%d WHERE k BETWEEN 7984100 AND 7984200
explain: for range-notcovered :: explain SELECT k, c FROM sbtest%d WHERE k BETWEEN 5050517 AND 5050617
for range-notcovered
table 1 : explain SELECT k, c FROM sbtest1 WHERE k BETWEEN 7720619 AND 7720719
	Bitmap Heap Scan on sbtest1  (cost=5.40..377.55 rows=94 width=125)
	  Recheck Cond: ((k >= 7720619) AND (k <= 7720719))
	  ->  Bitmap Index Scan on k_1  (cost=0.00..5.38 rows=94 width=0)
	        Index Cond: ((k >= 7720619) AND (k <= 7720719))

table 2 : explain SELECT k, c FROM sbtest2 WHERE k BETWEEN 7720619 AND 7720719
	Bitmap Heap Scan on sbtest2  (cost=5.47..405.13 rows=101 width=125)
	  Recheck Cond: ((k >= 7720619) AND (k <= 7720719))
	  ->  Bitmap Index Scan on k_2  (cost=0.00..5.44 rows=101 width=0)
	        Index Cond: ((k >= 7720619) AND (k <= 7720719))

table 3 : explain SELECT k, c FROM sbtest3 WHERE k BETWEEN 7720619 AND 7720719
	Bitmap Heap Scan on sbtest3  (cost=5.55..436.62 rows=109 width=125)
	  Recheck Cond: ((k >= 7720619) AND (k <= 7720719))
	  ->  Bitmap Index Scan on k_3  (cost=0.00..5.52 rows=109 width=0)
	        Index Cond: ((k >= 7720619) AND (k <= 7720719))

table 4 : explain SELECT k, c FROM sbtest4 WHERE k BETWEEN 7720619 AND 7720719
	Bitmap Heap Scan on sbtest4  (cost=5.49..413.00 rows=103 width=125)
	  Recheck Cond: ((k >= 7720619) AND (k <= 7720719))
	  ->  Bitmap Index Scan on k_4  (cost=0.00..5.46 rows=103 width=0)
	        Index Cond: ((k >= 7720619) AND (k <= 7720719))

table 5 : explain SELECT k, c FROM sbtest5 WHERE k BETWEEN 7720619 AND 7720719
	Bitmap Heap Scan on sbtest5  (cost=5.53..428.75 rows=107 width=125)
	  Recheck Cond: ((k >= 7720619) AND (k <= 7720719))
	  ->  Bitmap Index Scan on k_5  (cost=0.00..5.50 rows=107 width=0)
	        Index Cond: ((k >= 7720619) AND (k <= 7720719))

table 6 : explain SELECT k, c FROM sbtest6 WHERE k BETWEEN 7720619 AND 7720719
	Bitmap Heap Scan on sbtest6  (cost=5.44..393.31 rows=98 width=125)
	  Recheck Cond: ((k >= 7720619) AND (k <= 7720719))
	  ->  Bitmap Index Scan on k_6  (cost=0.00..5.42 rows=98 width=0)
	        Index Cond: ((k >= 7720619) AND (k <= 7720719))

table 7 : explain SELECT k, c FROM sbtest7 WHERE k BETWEEN 7720619 AND 7720719
	Bitmap Heap Scan on sbtest7  (cost=5.53..428.75 rows=107 width=125)
	  Recheck Cond: ((k >= 7720619) AND (k <= 7720719))
	  ->  Bitmap Index Scan on k_7  (cost=0.00..5.50 rows=107 width=0)
	        Index Cond: ((k >= 7720619) AND (k <= 7720719))

table 8 : explain SELECT k, c FROM sbtest8 WHERE k BETWEEN 7720619 AND 7720719
	Bitmap Heap Scan on sbtest8  (cost=5.53..428.75 rows=107 width=125)
	  Recheck Cond: ((k >= 7720619) AND (k <= 7720719))
	  ->  Bitmap Index Scan on k_8  (cost=0.00..5.50 rows=107 width=0)
	        Index Cond: ((k >= 7720619) AND (k <= 7720719))

explain: for range-notcovered :: explain SELECT k, c FROM sbtest%d WHERE k BETWEEN 7720619 AND 7720719
for range-notcovered
table 1 : explain SELECT k, c FROM sbtest1 WHERE k BETWEEN 2798806 AND 2798906
	Bitmap Heap Scan on sbtest1  (cost=5.57..444.49 rows=111 width=125)
	  Recheck Cond: ((k >= 2798806) AND (k <= 2798906))
	  ->  Bitmap Index Scan on k_1  (cost=0.00..5.54 rows=111 width=0)
	        Index Cond: ((k >= 2798806) AND (k <= 2798906))

table 2 : explain SELECT k, c FROM sbtest2 WHERE k BETWEEN 2798806 AND 2798906
	Bitmap Heap Scan on sbtest2  (cost=5.44..393.31 rows=98 width=125)
	  Recheck Cond: ((k >= 2798806) AND (k <= 2798906))
	  ->  Bitmap Index Scan on k_2  (cost=0.00..5.42 rows=98 width=0)
	        Index Cond: ((k >= 2798806) AND (k <= 2798906))

table 3 : explain SELECT k, c FROM sbtest3 WHERE k BETWEEN 2798806 AND 2798906
	Bitmap Heap Scan on sbtest3  (cost=5.55..436.62 rows=109 width=125)
	  Recheck Cond: ((k >= 2798806) AND (k <= 2798906))
	  ->  Bitmap Index Scan on k_3  (cost=0.00..5.52 rows=109 width=0)
	        Index Cond: ((k >= 2798806) AND (k <= 2798906))

table 4 : explain SELECT k, c FROM sbtest4 WHERE k BETWEEN 2798806 AND 2798906
	Bitmap Heap Scan on sbtest4  (cost=5.40..377.55 rows=94 width=125)
	  Recheck Cond: ((k >= 2798806) AND (k <= 2798906))
	  ->  Bitmap Index Scan on k_4  (cost=0.00..5.38 rows=94 width=0)
	        Index Cond: ((k >= 2798806) AND (k <= 2798906))

table 5 : explain SELECT k, c FROM sbtest5 WHERE k BETWEEN 2798806 AND 2798906
	Bitmap Heap Scan on sbtest5  (cost=5.47..405.13 rows=101 width=125)
	  Recheck Cond: ((k >= 2798806) AND (k <= 2798906))
	  ->  Bitmap Index Scan on k_5  (cost=0.00..5.44 rows=101 width=0)
	        Index Cond: ((k >= 2798806) AND (k <= 2798906))

table 6 : explain SELECT k, c FROM sbtest6 WHERE k BETWEEN 2798806 AND 2798906
	Bitmap Heap Scan on sbtest6  (cost=5.44..393.31 rows=98 width=125)
	  Recheck Cond: ((k >= 2798806) AND (k <= 2798906))
	  ->  Bitmap Index Scan on k_6  (cost=0.00..5.42 rows=98 width=0)
	        Index Cond: ((k >= 2798806) AND (k <= 2798906))

table 7 : explain SELECT k, c FROM sbtest7 WHERE k BETWEEN 2798806 AND 2798906
	Bitmap Heap Scan on sbtest7  (cost=5.48..409.07 rows=102 width=125)
	  Recheck Cond: ((k >= 2798806) AND (k <= 2798906))
	  ->  Bitmap Index Scan on k_7  (cost=0.00..5.45 rows=102 width=0)
	        Index Cond: ((k >= 2798806) AND (k <= 2798906))

table 8 : explain SELECT k, c FROM sbtest8 WHERE k BETWEEN 2798806 AND 2798906
	Bitmap Heap Scan on sbtest8  (cost=5.42..385.43 rows=96 width=125)
	  Recheck Cond: ((k >= 2798806) AND (k <= 2798906))
	  ->  Bitmap Index Scan on k_8  (cost=0.00..5.39 rows=96 width=0)
	        Index Cond: ((k >= 2798806) AND (k <= 2798906))

for range-notcovered
table 1 : explain SELECT k, c FROM sbtest1 WHERE k BETWEEN 4841550 AND 4841650
	Bitmap Heap Scan on sbtest1  (cost=5.60..456.29 rows=114 width=125)
	  Recheck Cond: ((k >= 4841550) AND (k <= 4841650))
	  ->  Bitmap Index Scan on k_1  (cost=0.00..5.58 rows=114 width=0)
	        Index Cond: ((k >= 4841550) AND (k <= 4841650))

table 2 : explain SELECT k, c FROM sbtest2 WHERE k BETWEEN 4841550 AND 4841650
	Bitmap Heap Scan on sbtest2  (cost=5.44..393.31 rows=98 width=125)
	  Recheck Cond: ((k >= 4841550) AND (k <= 4841650))
	  ->  Bitmap Index Scan on k_2  (cost=0.00..5.42 rows=98 width=0)
	        Index Cond: ((k >= 4841550) AND (k <= 4841650))

table 3 : explain SELECT k, c FROM sbtest3 WHERE k BETWEEN 4841550 AND 4841650
	Bitmap Heap Scan on sbtest3  (cost=5.48..409.07 rows=102 width=125)
	  Recheck Cond: ((k >= 4841550) AND (k <= 4841650))
	  ->  Bitmap Index Scan on k_3  (cost=0.00..5.45 rows=102 width=0)
	        Index Cond: ((k >= 4841550) AND (k <= 4841650))

table 4 : explain SELECT k, c FROM sbtest4 WHERE k BETWEEN 4841550 AND 4841650
	Bitmap Heap Scan on sbtest4  (cost=5.46..401.19 rows=100 width=125)
	  Recheck Cond: ((k >= 4841550) AND (k <= 4841650))
	  ->  Bitmap Index Scan on k_4  (cost=0.00..5.43 rows=100 width=0)
	        Index Cond: ((k >= 4841550) AND (k <= 4841650))

table 5 : explain SELECT k, c FROM sbtest5 WHERE k BETWEEN 4841550 AND 4841650
	Bitmap Heap Scan on sbtest5  (cost=5.48..409.07 rows=102 width=125)
	  Recheck Cond: ((k >= 4841550) AND (k <= 4841650))
	  ->  Bitmap Index Scan on k_5  (cost=0.00..5.45 rows=102 width=0)
	        Index Cond: ((k >= 4841550) AND (k <= 4841650))

table 6 : explain SELECT k, c FROM sbtest6 WHERE k BETWEEN 4841550 AND 4841650
	Bitmap Heap Scan on sbtest6  (cost=5.50..416.94 rows=104 width=125)
	  Recheck Cond: ((k >= 4841550) AND (k <= 4841650))
	  ->  Bitmap Index Scan on k_6  (cost=0.00..5.47 rows=104 width=0)
	        Index Cond: ((k >= 4841550) AND (k <= 4841650))

table 7 : explain SELECT k, c FROM sbtest7 WHERE k BETWEEN 4841550 AND 4841650
	Bitmap Heap Scan on sbtest7  (cost=5.44..393.31 rows=98 width=125)
	  Recheck Cond: ((k >= 4841550) AND (k <= 4841650))
	  ->  Bitmap Index Scan on k_7  (cost=0.00..5.42 rows=98 width=0)
	        Index Cond: ((k >= 4841550) AND (k <= 4841650))

table 8 : explain SELECT k, c FROM sbtest8 WHERE k BETWEEN 4841550 AND 4841650
	Bitmap Heap Scan on sbtest8  (cost=5.43..389.37 rows=97 width=125)
	  Recheck Cond: ((k >= 4841550) AND (k <= 4841650))
	  ->  Bitmap Index Scan on k_8  (cost=0.00..5.40 rows=97 width=0)
	        Index Cond: ((k >= 4841550) AND (k <= 4841650))

explain: for range-notcovered :: explain SELECT k, c FROM sbtest%d WHERE k BETWEEN 2798806 AND 2798906
for range-notcovered
table 1 : explain SELECT k, c FROM sbtest1 WHERE k BETWEEN 6031503 AND 6031603
	Bitmap Heap Scan on sbtest1  (cost=5.39..373.61 rows=93 width=125)
	  Recheck Cond: ((k >= 6031503) AND (k <= 6031603))
	  ->  Bitmap Index Scan on k_1  (cost=0.00..5.36 rows=93 width=0)
	        Index Cond: ((k >= 6031503) AND (k <= 6031603))

table 2 : explain SELECT k, c FROM sbtest2 WHERE k BETWEEN 6031503 AND 6031603
	Bitmap Heap Scan on sbtest2  (cost=5.46..401.19 rows=100 width=125)
	  Recheck Cond: ((k >= 6031503) AND (k <= 6031603))
	  ->  Bitmap Index Scan on k_2  (cost=0.00..5.43 rows=100 width=0)
	        Index Cond: ((k >= 6031503) AND (k <= 6031603))

table 3 : explain SELECT k, c FROM sbtest3 WHERE k BETWEEN 6031503 AND 6031603
	Bitmap Heap Scan on sbtest3  (cost=5.51..420.88 rows=105 width=125)
	  Recheck Cond: ((k >= 6031503) AND (k <= 6031603))
	  ->  Bitmap Index Scan on k_3  (cost=0.00..5.48 rows=105 width=0)
	        Index Cond: ((k >= 6031503) AND (k <= 6031603))

table 4 : explain SELECT k, c FROM sbtest4 WHERE k BETWEEN 6031503 AND 6031603
	Bitmap Heap Scan on sbtest4  (cost=5.45..397.25 rows=99 width=125)
	  Recheck Cond: ((k >= 6031503) AND (k <= 6031603))
	  ->  Bitmap Index Scan on k_4  (cost=0.00..5.42 rows=99 width=0)
	        Index Cond: ((k >= 6031503) AND (k <= 6031603))

table 5 : explain SELECT k, c FROM sbtest5 WHERE k BETWEEN 6031503 AND 6031603
	Bitmap Heap Scan on sbtest5  (cost=5.40..377.55 rows=94 width=125)
	  Recheck Cond: ((k >= 6031503) AND (k <= 6031603))
	  ->  Bitmap Index Scan on k_5  (cost=0.00..5.38 rows=94 width=0)
	        Index Cond: ((k >= 6031503) AND (k <= 6031603))

table 6 : explain SELECT k, c FROM sbtest6 WHERE k BETWEEN 6031503 AND 6031603
	Bitmap Heap Scan on sbtest6  (cost=5.49..413.00 rows=103 width=125)
	  Recheck Cond: ((k >= 6031503) AND (k <= 6031603))
	  ->  Bitmap Index Scan on k_6  (cost=0.00..5.46 rows=103 width=0)
	        Index Cond: ((k >= 6031503) AND (k <= 6031603))

table 7 : explain SELECT k, c FROM sbtest7 WHERE k BETWEEN 6031503 AND 6031603
	Bitmap Heap Scan on sbtest7  (cost=5.52..424.81 rows=106 width=125)
	  Recheck Cond: ((k >= 6031503) AND (k <= 6031603))
	  ->  Bitmap Index Scan on k_7  (cost=0.00..5.50 rows=106 width=0)
	        Index Cond: ((k >= 6031503) AND (k <= 6031603))

table 8 : explain SELECT k, c FROM sbtest8 WHERE k BETWEEN 6031503 AND 6031603
	Bitmap Heap Scan on sbtest8  (cost=5.47..405.13 rows=101 width=125)
	  Recheck Cond: ((k >= 6031503) AND (k <= 6031603))
	  ->  Bitmap Index Scan on k_8  (cost=0.00..5.44 rows=101 width=0)
	        Index Cond: ((k >= 6031503) AND (k <= 6031603))

explain: for range-notcovered :: explain SELECT k, c FROM sbtest%d WHERE k BETWEEN 6031503 AND 6031603
for range-notcovered
table 1 : explain SELECT k, c FROM sbtest1 WHERE k BETWEEN 4956207 AND 4956307
	Bitmap Heap Scan on sbtest1  (cost=5.53..428.75 rows=107 width=125)
	  Recheck Cond: ((k >= 4956207) AND (k <= 4956307))
	  ->  Bitmap Index Scan on k_1  (cost=0.00..5.50 rows=107 width=0)
	        Index Cond: ((k >= 4956207) AND (k <= 4956307))

table 2 : explain SELECT k, c FROM sbtest2 WHERE k BETWEEN 4956207 AND 4956307
	Bitmap Heap Scan on sbtest2  (cost=5.43..389.37 rows=97 width=125)
	  Recheck Cond: ((k >= 4956207) AND (k <= 4956307))
	  ->  Bitmap Index Scan on k_2  (cost=0.00..5.40 rows=97 width=0)
	        Index Cond: ((k >= 4956207) AND (k <= 4956307))

table 3 : explain SELECT k, c FROM sbtest3 WHERE k BETWEEN 4956207 AND 4956307
	Bitmap Heap Scan on sbtest3  (cost=5.43..389.37 rows=97 width=125)
	  Recheck Cond: ((k >= 4956207) AND (k <= 4956307))
	  ->  Bitmap Index Scan on k_3  (cost=0.00..5.40 rows=97 width=0)
	        Index Cond: ((k >= 4956207) AND (k <= 4956307))

table 4 : explain SELECT k, c FROM sbtest4 WHERE k BETWEEN 4956207 AND 4956307
	Bitmap Heap Scan on sbtest4  (cost=5.50..416.94 rows=104 width=125)
	  Recheck Cond: ((k >= 4956207) AND (k <= 4956307))
	  ->  Bitmap Index Scan on k_4  (cost=0.00..5.47 rows=104 width=0)
	        Index Cond: ((k >= 4956207) AND (k <= 4956307))

table 5 : explain SELECT k, c FROM sbtest5 WHERE k BETWEEN 4956207 AND 4956307
	Bitmap Heap Scan on sbtest5  (cost=5.40..377.55 rows=94 width=125)
	  Recheck Cond: ((k >= 4956207) AND (k <= 4956307))
	  ->  Bitmap Index Scan on k_5  (cost=0.00..5.38 rows=94 width=0)
	        Index Cond: ((k >= 4956207) AND (k <= 4956307))

table 6 : explain SELECT k, c FROM sbtest6 WHERE k BETWEEN 4956207 AND 4956307
	Bitmap Heap Scan on sbtest6  (cost=5.47..405.13 rows=101 width=125)
	  Recheck Cond: ((k >= 4956207) AND (k <= 4956307))
	  ->  Bitmap Index Scan on k_6  (cost=0.00..5.44 rows=101 width=0)
	        Index Cond: ((k >= 4956207) AND (k <= 4956307))

table 7 : explain SELECT k, c FROM sbtest7 WHERE k BETWEEN 4956207 AND 4956307
	Bitmap Heap Scan on sbtest7  (cost=5.49..413.00 rows=103 width=125)
	  Recheck Cond: ((k >= 4956207) AND (k <= 4956307))
	  ->  Bitmap Index Scan on k_7  (cost=0.00..5.46 rows=103 width=0)
	        Index Cond: ((k >= 4956207) AND (k <= 4956307))

table 8 : explain SELECT k, c FROM sbtest8 WHERE k BETWEEN 4956207 AND 4956307
	Bitmap Heap Scan on sbtest8  (cost=5.46..401.19 rows=100 width=125)
	  Recheck Cond: ((k >= 4956207) AND (k <= 4956307))
	  ->  Bitmap Index Scan on k_8  (cost=0.00..5.43 rows=100 width=0)
	        Index Cond: ((k >= 4956207) AND (k <= 4956307))

for range-notcovered
table 1 : explain SELECT k, c FROM sbtest1 WHERE k BETWEEN 5398303 AND 5398403
	Bitmap Heap Scan on sbtest1  (cost=5.41..381.49 rows=95 width=125)
	  Recheck Cond: ((k >= 5398303) AND (k <= 5398403))
	  ->  Bitmap Index Scan on k_1  (cost=0.00..5.38 rows=95 width=0)
	        Index Cond: ((k >= 5398303) AND (k <= 5398403))

table 2 : explain SELECT k, c FROM sbtest2 WHERE k BETWEEN 5398303 AND 5398403
	Bitmap Heap Scan on sbtest2  (cost=5.46..401.19 rows=100 width=125)
	  Recheck Cond: ((k >= 5398303) AND (k <= 5398403))
	  ->  Bitmap Index Scan on k_2  (cost=0.00..5.43 rows=100 width=0)
	        Index Cond: ((k >= 5398303) AND (k <= 5398403))

table 3 : explain SELECT k, c FROM sbtest3 WHERE k BETWEEN 5398303 AND 5398403
	Bitmap Heap Scan on sbtest3  (cost=5.56..440.56 rows=110 width=125)
	  Recheck Cond: ((k >= 5398303) AND (k <= 5398403))
	  ->  Bitmap Index Scan on k_3  (cost=0.00..5.53 rows=110 width=0)
	        Index Cond: ((k >= 5398303) AND (k <= 5398403))

table 4 : explain SELECT k, c FROM sbtest4 WHERE k BETWEEN 5398303 AND 5398403
	Bitmap Heap Scan on sbtest4  (cost=5.49..413.00 rows=103 width=125)
	  Recheck Cond: ((k >= 5398303) AND (k <= 5398403))
	  ->  Bitmap Index Scan on k_4  (cost=0.00..5.46 rows=103 width=0)
	        Index Cond: ((k >= 5398303) AND (k <= 5398403))

table 5 : explain SELECT k, c FROM sbtest5 WHERE k BETWEEN 5398303 AND 5398403
	Bitmap Heap Scan on sbtest5  (cost=5.40..377.55 rows=94 width=125)
	  Recheck Cond: ((k >= 5398303) AND (k <= 5398403))
	  ->  Bitmap Index Scan on k_5  (cost=0.00..5.38 rows=94 width=0)
	        Index Cond: ((k >= 5398303) AND (k <= 5398403))

table 6 : explain SELECT k, c FROM sbtest6 WHERE k BETWEEN 5398303 AND 5398403
	Bitmap Heap Scan on sbtest6  (cost=5.48..409.07 rows=102 width=125)
	  Recheck Cond: ((k >= 5398303) AND (k <= 5398403))
	  ->  Bitmap Index Scan on k_6  (cost=0.00..5.45 rows=102 width=0)
	        Index Cond: ((k >= 5398303) AND (k <= 5398403))

table 7 : explain SELECT k, c FROM sbtest7 WHERE k BETWEEN 5398303 AND 5398403
	Bitmap Heap Scan on sbtest7  (cost=5.50..416.94 rows=104 width=125)
	  Recheck Cond: ((k >= 5398303) AND (k <= 5398403))
	  ->  Bitmap Index Scan on k_7  (cost=0.00..5.47 rows=104 width=0)
	        Index Cond: ((k >= 5398303) AND (k <= 5398403))

table 8 : explain SELECT k, c FROM sbtest8 WHERE k BETWEEN 5398303 AND 5398403
	Bitmap Heap Scan on sbtest8  (cost=5.46..401.19 rows=100 width=125)
	  Recheck Cond: ((k >= 5398303) AND (k <= 5398403))
	  ->  Bitmap Index Scan on k_8  (cost=0.00..5.43 rows=100 width=0)
	        Index Cond: ((k >= 5398303) AND (k <= 5398403))

explain: for range-notcovered :: explain SELECT k, c FROM sbtest%d WHERE k BETWEEN 4956207 AND 4956307
for range-notcovered
table 1 : explain SELECT k, c FROM sbtest1 WHERE k BETWEEN 5050517 AND 5050617
	Bitmap Heap Scan on sbtest1  (cost=5.50..416.94 rows=104 width=125)
	  Recheck Cond: ((k >= 5050517) AND (k <= 5050617))
	  ->  Bitmap Index Scan on k_1  (cost=0.00..5.47 rows=104 width=0)
	        Index Cond: ((k >= 5050517) AND (k <= 5050617))

table 2 : explain SELECT k, c FROM sbtest2 WHERE k BETWEEN 5050517 AND 5050617
	Bitmap Heap Scan on sbtest2  (cost=5.43..389.37 rows=97 width=125)
	  Recheck Cond: ((k >= 5050517) AND (k <= 5050617))
	  ->  Bitmap Index Scan on k_2  (cost=0.00..5.40 rows=97 width=0)
	        Index Cond: ((k >= 5050517) AND (k <= 5050617))

table 3 : explain SELECT k, c FROM sbtest3 WHERE k BETWEEN 5050517 AND 5050617
	Bitmap Heap Scan on sbtest3  (cost=5.56..440.56 rows=110 width=125)
	  Recheck Cond: ((k >= 5050517) AND (k <= 5050617))
	  ->  Bitmap Index Scan on k_3  (cost=0.00..5.53 rows=110 width=0)
	        Index Cond: ((k >= 5050517) AND (k <= 5050617))

table 4 : explain SELECT k, c FROM sbtest4 WHERE k BETWEEN 5050517 AND 5050617
	Bitmap Heap Scan on sbtest4  (cost=5.55..436.62 rows=109 width=125)
	  Recheck Cond: ((k >= 5050517) AND (k <= 5050617))
	  ->  Bitmap Index Scan on k_4  (cost=0.00..5.52 rows=109 width=0)
	        Index Cond: ((k >= 5050517) AND (k <= 5050617))

table 5 : explain SELECT k, c FROM sbtest5 WHERE k BETWEEN 5050517 AND 5050617
	Bitmap Heap Scan on sbtest5  (cost=5.48..409.07 rows=102 width=125)
	  Recheck Cond: ((k >= 5050517) AND (k <= 5050617))
	  ->  Bitmap Index Scan on k_5  (cost=0.00..5.45 rows=102 width=0)
	        Index Cond: ((k >= 5050517) AND (k <= 5050617))

table 6 : explain SELECT k, c FROM sbtest6 WHERE k BETWEEN 5050517 AND 5050617
	Bitmap Heap Scan on sbtest6  (cost=5.51..420.88 rows=105 width=125)
	  Recheck Cond: ((k >= 5050517) AND (k <= 5050617))
	  ->  Bitmap Index Scan on k_6  (cost=0.00..5.48 rows=105 width=0)
	        Index Cond: ((k >= 5050517) AND (k <= 5050617))

table 7 : explain SELECT k, c FROM sbtest7 WHERE k BETWEEN 5050517 AND 5050617
	Bitmap Heap Scan on sbtest7  (cost=5.44..393.31 rows=98 width=125)
	  Recheck Cond: ((k >= 5050517) AND (k <= 5050617))
	  ->  Bitmap Index Scan on k_7  (cost=0.00..5.42 rows=98 width=0)
	        Index Cond: ((k >= 5050517) AND (k <= 5050617))

table 8 : explain SELECT k, c FROM sbtest8 WHERE k BETWEEN 5050517 AND 5050617
	Bitmap Heap Scan on sbtest8  (cost=5.53..428.75 rows=107 width=125)
	  Recheck Cond: ((k >= 5050517) AND (k <= 5050617))
	  ->  Bitmap Index Scan on k_8  (cost=0.00..5.50 rows=107 width=0)
	        Index Cond: ((k >= 5050517) AND (k <= 5050617))

explain: for range-notcovered :: explain SELECT k, c FROM sbtest%d WHERE k BETWEEN 5050517 AND 5050617
explain: for range-notcovered :: explain SELECT k, c FROM sbtest%d WHERE k BETWEEN 5398303 AND 5398403
for range-notcovered
table 1 : explain SELECT k, c FROM sbtest1 WHERE k BETWEEN 7720619 AND 7720719
	Bitmap Heap Scan on sbtest1  (cost=5.40..377.55 rows=94 width=125)
	  Recheck Cond: ((k >= 7720619) AND (k <= 7720719))
	  ->  Bitmap Index Scan on k_1  (cost=0.00..5.38 rows=94 width=0)
	        Index Cond: ((k >= 7720619) AND (k <= 7720719))

table 2 : explain SELECT k, c FROM sbtest2 WHERE k BETWEEN 7720619 AND 7720719
	Bitmap Heap Scan on sbtest2  (cost=5.47..405.13 rows=101 width=125)
	  Recheck Cond: ((k >= 7720619) AND (k <= 7720719))
	  ->  Bitmap Index Scan on k_2  (cost=0.00..5.44 rows=101 width=0)
	        Index Cond: ((k >= 7720619) AND (k <= 7720719))

table 3 : explain SELECT k, c FROM sbtest3 WHERE k BETWEEN 7720619 AND 7720719
	Bitmap Heap Scan on sbtest3  (cost=5.55..436.62 rows=109 width=125)
	  Recheck Cond: ((k >= 7720619) AND (k <= 7720719))
	  ->  Bitmap Index Scan on k_3  (cost=0.00..5.52 rows=109 width=0)
	        Index Cond: ((k >= 7720619) AND (k <= 7720719))

table 4 : explain SELECT k, c FROM sbtest4 WHERE k BETWEEN 7720619 AND 7720719
	Bitmap Heap Scan on sbtest4  (cost=5.49..413.00 rows=103 width=125)
	  Recheck Cond: ((k >= 7720619) AND (k <= 7720719))
	  ->  Bitmap Index Scan on k_4  (cost=0.00..5.46 rows=103 width=0)
	        Index Cond: ((k >= 7720619) AND (k <= 7720719))

table 5 : explain SELECT k, c FROM sbtest5 WHERE k BETWEEN 7720619 AND 7720719
	Bitmap Heap Scan on sbtest5  (cost=5.53..428.75 rows=107 width=125)
	  Recheck Cond: ((k >= 7720619) AND (k <= 7720719))
	  ->  Bitmap Index Scan on k_5  (cost=0.00..5.50 rows=107 width=0)
	        Index Cond: ((k >= 7720619) AND (k <= 7720719))

table 6 : explain SELECT k, c FROM sbtest6 WHERE k BETWEEN 7720619 AND 7720719
	Bitmap Heap Scan on sbtest6  (cost=5.44..393.31 rows=98 width=125)
	  Recheck Cond: ((k >= 7720619) AND (k <= 7720719))
	  ->  Bitmap Index Scan on k_6  (cost=0.00..5.42 rows=98 width=0)
	        Index Cond: ((k >= 7720619) AND (k <= 7720719))

table 7 : explain SELECT k, c FROM sbtest7 WHERE k BETWEEN 7720619 AND 7720719
	Bitmap Heap Scan on sbtest7  (cost=5.53..428.75 rows=107 width=125)
	  Recheck Cond: ((k >= 7720619) AND (k <= 7720719))
	  ->  Bitmap Index Scan on k_7  (cost=0.00..5.50 rows=107 width=0)
	        Index Cond: ((k >= 7720619) AND (k <= 7720719))

table 8 : explain SELECT k, c FROM sbtest8 WHERE k BETWEEN 7720619 AND 7720719
	Bitmap Heap Scan on sbtest8  (cost=5.53..428.75 rows=107 width=125)
	  Recheck Cond: ((k >= 7720619) AND (k <= 7720719))
	  ->  Bitmap Index Scan on k_8  (cost=0.00..5.50 rows=107 width=0)
	        Index Cond: ((k >= 7720619) AND (k <= 7720719))

explain: for range-notcovered :: explain SELECT k, c FROM sbtest%d WHERE k BETWEEN 7720619 AND 7720719
for range-notcovered
table 1 : explain SELECT k, c FROM sbtest1 WHERE k BETWEEN 2798806 AND 2798906
	Bitmap Heap Scan on sbtest1  (cost=5.57..444.49 rows=111 width=125)
	  Recheck Cond: ((k >= 2798806) AND (k <= 2798906))
	  ->  Bitmap Index Scan on k_1  (cost=0.00..5.54 rows=111 width=0)
	        Index Cond: ((k >= 2798806) AND (k <= 2798906))

table 2 : explain SELECT k, c FROM sbtest2 WHERE k BETWEEN 2798806 AND 2798906
	Bitmap Heap Scan on sbtest2  (cost=5.44..393.31 rows=98 width=125)
	  Recheck Cond: ((k >= 2798806) AND (k <= 2798906))
	  ->  Bitmap Index Scan on k_2  (cost=0.00..5.42 rows=98 width=0)
	        Index Cond: ((k >= 2798806) AND (k <= 2798906))

table 3 : explain SELECT k, c FROM sbtest3 WHERE k BETWEEN 2798806 AND 2798906
	Bitmap Heap Scan on sbtest3  (cost=5.55..436.62 rows=109 width=125)
	  Recheck Cond: ((k >= 2798806) AND (k <= 2798906))
	  ->  Bitmap Index Scan on k_3  (cost=0.00..5.52 rows=109 width=0)
	        Index Cond: ((k >= 2798806) AND (k <= 2798906))

table 4 : explain SELECT k, c FROM sbtest4 WHERE k BETWEEN 2798806 AND 2798906
	Bitmap Heap Scan on sbtest4  (cost=5.40..377.55 rows=94 width=125)
	  Recheck Cond: ((k >= 2798806) AND (k <= 2798906))
	  ->  Bitmap Index Scan on k_4  (cost=0.00..5.38 rows=94 width=0)
	        Index Cond: ((k >= 2798806) AND (k <= 2798906))

table 5 : explain SELECT k, c FROM sbtest5 WHERE k BETWEEN 2798806 AND 2798906
	Bitmap Heap Scan on sbtest5  (cost=5.47..405.13 rows=101 width=125)
	  Recheck Cond: ((k >= 2798806) AND (k <= 2798906))
	  ->  Bitmap Index Scan on k_5  (cost=0.00..5.44 rows=101 width=0)
	        Index Cond: ((k >= 2798806) AND (k <= 2798906))

table 6 : explain SELECT k, c FROM sbtest6 WHERE k BETWEEN 2798806 AND 2798906
	Bitmap Heap Scan on sbtest6  (cost=5.44..393.31 rows=98 width=125)
	  Recheck Cond: ((k >= 2798806) AND (k <= 2798906))
	  ->  Bitmap Index Scan on k_6  (cost=0.00..5.42 rows=98 width=0)
	        Index Cond: ((k >= 2798806) AND (k <= 2798906))

table 7 : explain SELECT k, c FROM sbtest7 WHERE k BETWEEN 2798806 AND 2798906
	Bitmap Heap Scan on sbtest7  (cost=5.48..409.07 rows=102 width=125)
	  Recheck Cond: ((k >= 2798806) AND (k <= 2798906))
	  ->  Bitmap Index Scan on k_7  (cost=0.00..5.45 rows=102 width=0)
	        Index Cond: ((k >= 2798806) AND (k <= 2798906))

table 8 : explain SELECT k, c FROM sbtest8 WHERE k BETWEEN 2798806 AND 2798906
	Bitmap Heap Scan on sbtest8  (cost=5.42..385.43 rows=96 width=125)
	  Recheck Cond: ((k >= 2798806) AND (k <= 2798906))
	  ->  Bitmap Index Scan on k_8  (cost=0.00..5.39 rows=96 width=0)
	        Index Cond: ((k >= 2798806) AND (k <= 2798906))

for range-notcovered
table 1 : explain SELECT k, c FROM sbtest1 WHERE k BETWEEN 6031503 AND 6031603
	Bitmap Heap Scan on sbtest1  (cost=5.39..373.61 rows=93 width=125)
	  Recheck Cond: ((k >= 6031503) AND (k <= 6031603))
	  ->  Bitmap Index Scan on k_1  (cost=0.00..5.36 rows=93 width=0)
	        Index Cond: ((k >= 6031503) AND (k <= 6031603))

table 2 : explain SELECT k, c FROM sbtest2 WHERE k BETWEEN 6031503 AND 6031603
	Bitmap Heap Scan on sbtest2  (cost=5.46..401.19 rows=100 width=125)
	  Recheck Cond: ((k >= 6031503) AND (k <= 6031603))
	  ->  Bitmap Index Scan on k_2  (cost=0.00..5.43 rows=100 width=0)
	        Index Cond: ((k >= 6031503) AND (k <= 6031603))

table 3 : explain SELECT k, c FROM sbtest3 WHERE k BETWEEN 6031503 AND 6031603
	Bitmap Heap Scan on sbtest3  (cost=5.51..420.88 rows=105 width=125)
	  Recheck Cond: ((k >= 6031503) AND (k <= 6031603))
	  ->  Bitmap Index Scan on k_3  (cost=0.00..5.48 rows=105 width=0)
	        Index Cond: ((k >= 6031503) AND (k <= 6031603))

table 4 : explain SELECT k, c FROM sbtest4 WHERE k BETWEEN 6031503 AND 6031603
	Bitmap Heap Scan on sbtest4  (cost=5.45..397.25 rows=99 width=125)
	  Recheck Cond: ((k >= 6031503) AND (k <= 6031603))
	  ->  Bitmap Index Scan on k_4  (cost=0.00..5.42 rows=99 width=0)
	        Index Cond: ((k >= 6031503) AND (k <= 6031603))

table 5 : explain SELECT k, c FROM sbtest5 WHERE k BETWEEN 6031503 AND 6031603
	Bitmap Heap Scan on sbtest5  (cost=5.40..377.55 rows=94 width=125)
	  Recheck Cond: ((k >= 6031503) AND (k <= 6031603))
	  ->  Bitmap Index Scan on k_5  (cost=0.00..5.38 rows=94 width=0)
	        Index Cond: ((k >= 6031503) AND (k <= 6031603))

table 6 : explain SELECT k, c FROM sbtest6 WHERE k BETWEEN 6031503 AND 6031603
	Bitmap Heap Scan on sbtest6  (cost=5.49..413.00 rows=103 width=125)
	  Recheck Cond: ((k >= 6031503) AND (k <= 6031603))
	  ->  Bitmap Index Scan on k_6  (cost=0.00..5.46 rows=103 width=0)
	        Index Cond: ((k >= 6031503) AND (k <= 6031603))

table 7 : explain SELECT k, c FROM sbtest7 WHERE k BETWEEN 6031503 AND 6031603
	Bitmap Heap Scan on sbtest7  (cost=5.52..424.81 rows=106 width=125)
	  Recheck Cond: ((k >= 6031503) AND (k <= 6031603))
	  ->  Bitmap Index Scan on k_7  (cost=0.00..5.50 rows=106 width=0)
	        Index Cond: ((k >= 6031503) AND (k <= 6031603))

table 8 : explain SELECT k, c FROM sbtest8 WHERE k BETWEEN 6031503 AND 6031603
	Bitmap Heap Scan on sbtest8  (cost=5.47..405.13 rows=101 width=125)
	  Recheck Cond: ((k >= 6031503) AND (k <= 6031603))
	  ->  Bitmap Index Scan on k_8  (cost=0.00..5.44 rows=101 width=0)
	        Index Cond: ((k >= 6031503) AND (k <= 6031603))

for range-notcovered
table 1 : explain SELECT k, c FROM sbtest1 WHERE k BETWEEN 6080686 AND 6080786
	Bitmap Heap Scan on sbtest1  (cost=5.39..373.61 rows=93 width=125)
	  Recheck Cond: ((k >= 6080686) AND (k <= 6080786))
	  ->  Bitmap Index Scan on k_1  (cost=0.00..5.36 rows=93 width=0)
	        Index Cond: ((k >= 6080686) AND (k <= 6080786))

table 2 : explain SELECT k, c FROM sbtest2 WHERE k BETWEEN 6080686 AND 6080786
	Bitmap Heap Scan on sbtest2  (cost=5.51..420.88 rows=105 width=125)
	  Recheck Cond: ((k >= 6080686) AND (k <= 6080786))
	  ->  Bitmap Index Scan on k_2  (cost=0.00..5.48 rows=105 width=0)
	        Index Cond: ((k >= 6080686) AND (k <= 6080786))

table 3 : explain SELECT k, c FROM sbtest3 WHERE k BETWEEN 6080686 AND 6080786
	Bitmap Heap Scan on sbtest3  (cost=5.51..420.88 rows=105 width=125)
	  Recheck Cond: ((k >= 6080686) AND (k <= 6080786))
	  ->  Bitmap Index Scan on k_3  (cost=0.00..5.48 rows=105 width=0)
	        Index Cond: ((k >= 6080686) AND (k <= 6080786))

table 4 : explain SELECT k, c FROM sbtest4 WHERE k BETWEEN 6080686 AND 6080786
	Bitmap Heap Scan on sbtest4  (cost=5.51..420.88 rows=105 width=125)
	  Recheck Cond: ((k >= 6080686) AND (k <= 6080786))
	  ->  Bitmap Index Scan on k_4  (cost=0.00..5.48 rows=105 width=0)
	        Index Cond: ((k >= 6080686) AND (k <= 6080786))

table 5 : explain SELECT k, c FROM sbtest5 WHERE k BETWEEN 6080686 AND 6080786
	Bitmap Heap Scan on sbtest5  (cost=5.40..377.55 rows=94 width=125)
	  Recheck Cond: ((k >= 6080686) AND (k <= 6080786))
	  ->  Bitmap Index Scan on k_5  (cost=0.00..5.38 rows=94 width=0)
	        Index Cond: ((k >= 6080686) AND (k <= 6080786))

table 6 : explain SELECT k, c FROM sbtest6 WHERE k BETWEEN 6080686 AND 6080786
	Bitmap Heap Scan on sbtest6  (cost=5.49..413.00 rows=103 width=125)
	  Recheck Cond: ((k >= 6080686) AND (k <= 6080786))
	  ->  Bitmap Index Scan on k_6  (cost=0.00..5.46 rows=103 width=0)
	        Index Cond: ((k >= 6080686) AND (k <= 6080786))

table 7 : explain SELECT k, c FROM sbtest7 WHERE k BETWEEN 6080686 AND 6080786
	Bitmap Heap Scan on sbtest7  (cost=5.57..444.49 rows=111 width=125)
	  Recheck Cond: ((k >= 6080686) AND (k <= 6080786))
	  ->  Bitmap Index Scan on k_7  (cost=0.00..5.54 rows=111 width=0)
	        Index Cond: ((k >= 6080686) AND (k <= 6080786))

table 8 : explain SELECT k, c FROM sbtest8 WHERE k BETWEEN 6080686 AND 6080786
	Bitmap Heap Scan on sbtest8  (cost=5.47..405.13 rows=101 width=125)
	  Recheck Cond: ((k >= 6080686) AND (k <= 6080786))
	  ->  Bitmap Index Scan on k_8  (cost=0.00..5.44 rows=101 width=0)
	        Index Cond: ((k >= 6080686) AND (k <= 6080786))

for range-notcovered
table 1 : explain SELECT k, c FROM sbtest1 WHERE k BETWEEN 4956207 AND 4956307
	Bitmap Heap Scan on sbtest1  (cost=5.53..428.75 rows=107 width=125)
	  Recheck Cond: ((k >= 4956207) AND (k <= 4956307))
	  ->  Bitmap Index Scan on k_1  (cost=0.00..5.50 rows=107 width=0)
	        Index Cond: ((k >= 4956207) AND (k <= 4956307))

table 2 : explain SELECT k, c FROM sbtest2 WHERE k BETWEEN 4956207 AND 4956307
	Bitmap Heap Scan on sbtest2  (cost=5.43..389.37 rows=97 width=125)
	  Recheck Cond: ((k >= 4956207) AND (k <= 4956307))
	  ->  Bitmap Index Scan on k_2  (cost=0.00..5.40 rows=97 width=0)
	        Index Cond: ((k >= 4956207) AND (k <= 4956307))

table 3 : explain SELECT k, c FROM sbtest3 WHERE k BETWEEN 4956207 AND 4956307
	Bitmap Heap Scan on sbtest3  (cost=5.43..389.37 rows=97 width=125)
	  Recheck Cond: ((k >= 4956207) AND (k <= 4956307))
	  ->  Bitmap Index Scan on k_3  (cost=0.00..5.40 rows=97 width=0)
	        Index Cond: ((k >= 4956207) AND (k <= 4956307))

table 4 : explain SELECT k, c FROM sbtest4 WHERE k BETWEEN 4956207 AND 4956307
	Bitmap Heap Scan on sbtest4  (cost=5.50..416.94 rows=104 width=125)
	  Recheck Cond: ((k >= 4956207) AND (k <= 4956307))
	  ->  Bitmap Index Scan on k_4  (cost=0.00..5.47 rows=104 width=0)
	        Index Cond: ((k >= 4956207) AND (k <= 4956307))

table 5 : explain SELECT k, c FROM sbtest5 WHERE k BETWEEN 4956207 AND 4956307
	Bitmap Heap Scan on sbtest5  (cost=5.40..377.55 rows=94 width=125)
	  Recheck Cond: ((k >= 4956207) AND (k <= 4956307))
	  ->  Bitmap Index Scan on k_5  (cost=0.00..5.38 rows=94 width=0)
	        Index Cond: ((k >= 4956207) AND (k <= 4956307))

table 6 : explain SELECT k, c FROM sbtest6 WHERE k BETWEEN 4956207 AND 4956307
	Bitmap Heap Scan on sbtest6  (cost=5.47..405.13 rows=101 width=125)
	  Recheck Cond: ((k >= 4956207) AND (k <= 4956307))
	  ->  Bitmap Index Scan on k_6  (cost=0.00..5.44 rows=101 width=0)
	        Index Cond: ((k >= 4956207) AND (k <= 4956307))

table 7 : explain SELECT k, c FROM sbtest7 WHERE k BETWEEN 4956207 AND 4956307
	Bitmap Heap Scan on sbtest7  (cost=5.49..413.00 rows=103 width=125)
	  Recheck Cond: ((k >= 4956207) AND (k <= 4956307))
	  ->  Bitmap Index Scan on k_7  (cost=0.00..5.46 rows=103 width=0)
	        Index Cond: ((k >= 4956207) AND (k <= 4956307))

table 8 : explain SELECT k, c FROM sbtest8 WHERE k BETWEEN 4956207 AND 4956307
	Bitmap Heap Scan on sbtest8  (cost=5.46..401.19 rows=100 width=125)
	  Recheck Cond: ((k >= 4956207) AND (k <= 4956307))
	  ->  Bitmap Index Scan on k_8  (cost=0.00..5.43 rows=100 width=0)
	        Index Cond: ((k >= 4956207) AND (k <= 4956307))

explain: for range-notcovered :: explain SELECT k, c FROM sbtest%d WHERE k BETWEEN 8530205 AND 8530305explain: for range-notcovered :: explain SELECT k, c FROM sbtest%d WHERE k BETWEEN 6080686 AND 6080786explain: for range-notcovered :: explain SELECT k, c FROM sbtest%d WHERE k BETWEEN 6031503 AND 6031603


explain: for range-notcovered :: explain SELECT k, c FROM sbtest%d WHERE k BETWEEN 4956207 AND 4956307
for range-notcovered
table 1 : explain SELECT k, c FROM sbtest1 WHERE k BETWEEN 5050517 AND 5050617
	Bitmap Heap Scan on sbtest1  (cost=5.50..416.94 rows=104 width=125)
	  Recheck Cond: ((k >= 5050517) AND (k <= 5050617))
	  ->  Bitmap Index Scan on k_1  (cost=0.00..5.47 rows=104 width=0)
	        Index Cond: ((k >= 5050517) AND (k <= 5050617))

table 2 : explain SELECT k, c FROM sbtest2 WHERE k BETWEEN 5050517 AND 5050617
	Bitmap Heap Scan on sbtest2  (cost=5.43..389.37 rows=97 width=125)
	  Recheck Cond: ((k >= 5050517) AND (k <= 5050617))
	  ->  Bitmap Index Scan on k_2  (cost=0.00..5.40 rows=97 width=0)
	        Index Cond: ((k >= 5050517) AND (k <= 5050617))

table 3 : explain SELECT k, c FROM sbtest3 WHERE k BETWEEN 5050517 AND 5050617
	Bitmap Heap Scan on sbtest3  (cost=5.56..440.56 rows=110 width=125)
	  Recheck Cond: ((k >= 5050517) AND (k <= 5050617))
	  ->  Bitmap Index Scan on k_3  (cost=0.00..5.53 rows=110 width=0)
	        Index Cond: ((k >= 5050517) AND (k <= 5050617))

table 4 : explain SELECT k, c FROM sbtest4 WHERE k BETWEEN 5050517 AND 5050617
	Bitmap Heap Scan on sbtest4  (cost=5.55..436.62 rows=109 width=125)
	  Recheck Cond: ((k >= 5050517) AND (k <= 5050617))
	  ->  Bitmap Index Scan on k_4  (cost=0.00..5.52 rows=109 width=0)
	        Index Cond: ((k >= 5050517) AND (k <= 5050617))

table 5 : explain SELECT k, c FROM sbtest5 WHERE k BETWEEN 5050517 AND 5050617
	Bitmap Heap Scan on sbtest5  (cost=5.48..409.07 rows=102 width=125)
	  Recheck Cond: ((k >= 5050517) AND (k <= 5050617))
	  ->  Bitmap Index Scan on k_5  (cost=0.00..5.45 rows=102 width=0)
	        Index Cond: ((k >= 5050517) AND (k <= 5050617))

table 6 : explain SELECT k, c FROM sbtest6 WHERE k BETWEEN 5050517 AND 5050617
	Bitmap Heap Scan on sbtest6  (cost=5.51..420.88 rows=105 width=125)
	  Recheck Cond: ((k >= 5050517) AND (k <= 5050617))
	  ->  Bitmap Index Scan on k_6  (cost=0.00..5.48 rows=105 width=0)
	        Index Cond: ((k >= 5050517) AND (k <= 5050617))

table 7 : explain SELECT k, c FROM sbtest7 WHERE k BETWEEN 5050517 AND 5050617
	Bitmap Heap Scan on sbtest7  (cost=5.44..393.31 rows=98 width=125)
	  Recheck Cond: ((k >= 5050517) AND (k <= 5050617))
	  ->  Bitmap Index Scan on k_7  (cost=0.00..5.42 rows=98 width=0)
	        Index Cond: ((k >= 5050517) AND (k <= 5050617))

table 8 : explain SELECT k, c FROM sbtest8 WHERE k BETWEEN 5050517 AND 5050617
	Bitmap Heap Scan on sbtest8  (cost=5.53..428.75 rows=107 width=125)
	  Recheck Cond: ((k >= 5050517) AND (k <= 5050617))
	  ->  Bitmap Index Scan on k_8  (cost=0.00..5.50 rows=107 width=0)
	        Index Cond: ((k >= 5050517) AND (k <= 5050617))

for range-notcovered
table 1 : explain SELECT k, c FROM sbtest1 WHERE k BETWEEN 7984100 AND 7984200
	Bitmap Heap Scan on sbtest1  (cost=5.47..405.13 rows=101 width=125)
	  Recheck Cond: ((k >= 7984100) AND (k <= 7984200))
	  ->  Bitmap Index Scan on k_1  (cost=0.00..5.44 rows=101 width=0)
	        Index Cond: ((k >= 7984100) AND (k <= 7984200))

table 2 : explain SELECT k, c FROM sbtest2 WHERE k BETWEEN 7984100 AND 7984200
	Bitmap Heap Scan on sbtest2  (cost=5.54..432.69 rows=108 width=125)
	  Recheck Cond: ((k >= 7984100) AND (k <= 7984200))
	  ->  Bitmap Index Scan on k_2  (cost=0.00..5.51 rows=108 width=0)
	        Index Cond: ((k >= 7984100) AND (k <= 7984200))

table 3 : explain SELECT k, c FROM sbtest3 WHERE k BETWEEN 7984100 AND 7984200
	Bitmap Heap Scan on sbtest3  (cost=5.46..401.19 rows=100 width=125)
	  Recheck Cond: ((k >= 7984100) AND (k <= 7984200))
	  ->  Bitmap Index Scan on k_3  (cost=0.00..5.43 rows=100 width=0)
	        Index Cond: ((k >= 7984100) AND (k <= 7984200))

table 4 : explain SELECT k, c FROM sbtest4 WHERE k BETWEEN 7984100 AND 7984200
	Bitmap Heap Scan on sbtest4  (cost=5.58..448.42 rows=112 width=125)
	  Recheck Cond: ((k >= 7984100) AND (k <= 7984200))
	  ->  Bitmap Index Scan on k_4  (cost=0.00..5.55 rows=112 width=0)
	        Index Cond: ((k >= 7984100) AND (k <= 7984200))

table 5 : explain SELECT k, c FROM sbtest5 WHERE k BETWEEN 7984100 AND 7984200
	Bitmap Heap Scan on sbtest5  (cost=5.44..393.31 rows=98 width=125)
	  Recheck Cond: ((k >= 7984100) AND (k <= 7984200))
	  ->  Bitmap Index Scan on k_5  (cost=0.00..5.42 rows=98 width=0)
	        Index Cond: ((k >= 7984100) AND (k <= 7984200))

table 6 : explain SELECT k, c FROM sbtest6 WHERE k BETWEEN 7984100 AND 7984200
	Bitmap Heap Scan on sbtest6  (cost=5.53..428.75 rows=107 width=125)
	  Recheck Cond: ((k >= 7984100) AND (k <= 7984200))
	  ->  Bitmap Index Scan on k_6  (cost=0.00..5.50 rows=107 width=0)
	        Index Cond: ((k >= 7984100) AND (k <= 7984200))

table 7 : explain SELECT k, c FROM sbtest7 WHERE k BETWEEN 7984100 AND 7984200
	Bitmap Heap Scan on sbtest7  (cost=5.45..397.25 rows=99 width=125)
	  Recheck Cond: ((k >= 7984100) AND (k <= 7984200))
	  ->  Bitmap Index Scan on k_7  (cost=0.00..5.42 rows=99 width=0)
	        Index Cond: ((k >= 7984100) AND (k <= 7984200))

table 8 : explain SELECT k, c FROM sbtest8 WHERE k BETWEEN 7984100 AND 7984200
	Bitmap Heap Scan on sbtest8  (cost=5.44..393.31 rows=98 width=125)
	  Recheck Cond: ((k >= 7984100) AND (k <= 7984200))
	  ->  Bitmap Index Scan on k_8  (cost=0.00..5.42 rows=98 width=0)
	        Index Cond: ((k >= 7984100) AND (k <= 7984200))

explain: for range-notcovered :: explain SELECT k, c FROM sbtest%d WHERE k BETWEEN 5328324 AND 5328424
explain: for range-notcovered :: explain SELECT k, c FROM sbtest%d WHERE k BETWEEN 7984100 AND 7984200
for range-notcovered
table 1 : explain SELECT k, c FROM sbtest1 WHERE k BETWEEN 7720619 AND 7720719
	Bitmap Heap Scan on sbtest1  (cost=5.40..377.55 rows=94 width=125)
	  Recheck Cond: ((k >= 7720619) AND (k <= 7720719))
	  ->  Bitmap Index Scan on k_1  (cost=0.00..5.38 rows=94 width=0)
	        Index Cond: ((k >= 7720619) AND (k <= 7720719))

table 2 : explain SELECT k, c FROM sbtest2 WHERE k BETWEEN 7720619 AND 7720719
	Bitmap Heap Scan on sbtest2  (cost=5.47..405.13 rows=101 width=125)
	  Recheck Cond: ((k >= 7720619) AND (k <= 7720719))
	  ->  Bitmap Index Scan on k_2  (cost=0.00..5.44 rows=101 width=0)
	        Index Cond: ((k >= 7720619) AND (k <= 7720719))

table 3 : explain SELECT k, c FROM sbtest3 WHERE k BETWEEN 7720619 AND 7720719
	Bitmap Heap Scan on sbtest3  (cost=5.55..436.62 rows=109 width=125)
	  Recheck Cond: ((k >= 7720619) AND (k <= 7720719))
	  ->  Bitmap Index Scan on k_3  (cost=0.00..5.52 rows=109 width=0)
	        Index Cond: ((k >= 7720619) AND (k <= 7720719))

table 4 : explain SELECT k, c FROM sbtest4 WHERE k BETWEEN 7720619 AND 7720719
	Bitmap Heap Scan on sbtest4  (cost=5.49..413.00 rows=103 width=125)
	  Recheck Cond: ((k >= 7720619) AND (k <= 7720719))
	  ->  Bitmap Index Scan on k_4  (cost=0.00..5.46 rows=103 width=0)
	        Index Cond: ((k >= 7720619) AND (k <= 7720719))

table 5 : explain SELECT k, c FROM sbtest5 WHERE k BETWEEN 7720619 AND 7720719
	Bitmap Heap Scan on sbtest5  (cost=5.53..428.75 rows=107 width=125)
	  Recheck Cond: ((k >= 7720619) AND (k <= 7720719))
	  ->  Bitmap Index Scan on k_5  (cost=0.00..5.50 rows=107 width=0)
	        Index Cond: ((k >= 7720619) AND (k <= 7720719))

table 6 : explain SELECT k, c FROM sbtest6 WHERE k BETWEEN 7720619 AND 7720719
	Bitmap Heap Scan on sbtest6  (cost=5.44..393.31 rows=98 width=125)
	  Recheck Cond: ((k >= 7720619) AND (k <= 7720719))
	  ->  Bitmap Index Scan on k_6  (cost=0.00..5.42 rows=98 width=0)
	        Index Cond: ((k >= 7720619) AND (k <= 7720719))

table 7 : explain SELECT k, c FROM sbtest7 WHERE k BETWEEN 7720619 AND 7720719
	Bitmap Heap Scan on sbtest7  (cost=5.53..428.75 rows=107 width=125)
	  Recheck Cond: ((k >= 7720619) AND (k <= 7720719))
	  ->  Bitmap Index Scan on k_7  (cost=0.00..5.50 rows=107 width=0)
	        Index Cond: ((k >= 7720619) AND (k <= 7720719))

table 8 : explain SELECT k, c FROM sbtest8 WHERE k BETWEEN 7720619 AND 7720719
	Bitmap Heap Scan on sbtest8  (cost=5.53..428.75 rows=107 width=125)
	  Recheck Cond: ((k >= 7720619) AND (k <= 7720719))
	  ->  Bitmap Index Scan on k_8  (cost=0.00..5.50 rows=107 width=0)
	        Index Cond: ((k >= 7720619) AND (k <= 7720719))

explain: for range-notcovered :: explain SELECT k, c FROM sbtest%d WHERE k BETWEEN 7720619 AND 7720719
for range-notcovered
table 1 : explain SELECT k, c FROM sbtest1 WHERE k BETWEEN 6080686 AND 6080786
	Bitmap Heap Scan on sbtest1  (cost=5.39..373.61 rows=93 width=125)
	  Recheck Cond: ((k >= 6080686) AND (k <= 6080786))
	  ->  Bitmap Index Scan on k_1  (cost=0.00..5.36 rows=93 width=0)
	        Index Cond: ((k >= 6080686) AND (k <= 6080786))

table 2 : explain SELECT k, c FROM sbtest2 WHERE k BETWEEN 6080686 AND 6080786
	Bitmap Heap Scan on sbtest2  (cost=5.51..420.88 rows=105 width=125)
	  Recheck Cond: ((k >= 6080686) AND (k <= 6080786))
	  ->  Bitmap Index Scan on k_2  (cost=0.00..5.48 rows=105 width=0)
	        Index Cond: ((k >= 6080686) AND (k <= 6080786))

table 3 : explain SELECT k, c FROM sbtest3 WHERE k BETWEEN 6080686 AND 6080786
	Bitmap Heap Scan on sbtest3  (cost=5.51..420.88 rows=105 width=125)
	  Recheck Cond: ((k >= 6080686) AND (k <= 6080786))
	  ->  Bitmap Index Scan on k_3  (cost=0.00..5.48 rows=105 width=0)
	        Index Cond: ((k >= 6080686) AND (k <= 6080786))

table 4 : explain SELECT k, c FROM sbtest4 WHERE k BETWEEN 6080686 AND 6080786
	Bitmap Heap Scan on sbtest4  (cost=5.51..420.88 rows=105 width=125)
	  Recheck Cond: ((k >= 6080686) AND (k <= 6080786))
	  ->  Bitmap Index Scan on k_4  (cost=0.00..5.48 rows=105 width=0)
	        Index Cond: ((k >= 6080686) AND (k <= 6080786))

table 5 : explain SELECT k, c FROM sbtest5 WHERE k BETWEEN 6080686 AND 6080786
	Bitmap Heap Scan on sbtest5  (cost=5.40..377.55 rows=94 width=125)
	  Recheck Cond: ((k >= 6080686) AND (k <= 6080786))
	  ->  Bitmap Index Scan on k_5  (cost=0.00..5.38 rows=94 width=0)
	        Index Cond: ((k >= 6080686) AND (k <= 6080786))

table 6 : explain SELECT k, c FROM sbtest6 WHERE k BETWEEN 6080686 AND 6080786
	Bitmap Heap Scan on sbtest6  (cost=5.49..413.00 rows=103 width=125)
	  Recheck Cond: ((k >= 6080686) AND (k <= 6080786))
	  ->  Bitmap Index Scan on k_6  (cost=0.00..5.46 rows=103 width=0)
	        Index Cond: ((k >= 6080686) AND (k <= 6080786))

table 7 : explain SELECT k, c FROM sbtest7 WHERE k BETWEEN 6080686 AND 6080786
	Bitmap Heap Scan on sbtest7  (cost=5.57..444.49 rows=111 width=125)
	  Recheck Cond: ((k >= 6080686) AND (k <= 6080786))
	  ->  Bitmap Index Scan on k_7  (cost=0.00..5.54 rows=111 width=0)
	        Index Cond: ((k >= 6080686) AND (k <= 6080786))

table 8 : explain SELECT k, c FROM sbtest8 WHERE k BETWEEN 6080686 AND 6080786
	Bitmap Heap Scan on sbtest8  (cost=5.47..405.13 rows=101 width=125)
	  Recheck Cond: ((k >= 6080686) AND (k <= 6080786))
	  ->  Bitmap Index Scan on k_8  (cost=0.00..5.44 rows=101 width=0)
	        Index Cond: ((k >= 6080686) AND (k <= 6080786))

explain: for range-notcovered :: explain SELECT k, c FROM sbtest%d WHERE k BETWEEN 6080686 AND 6080786
for range-notcovered
table 1 : explain SELECT k, c FROM sbtest1 WHERE k BETWEEN 4956207 AND 4956307
	Bitmap Heap Scan on sbtest1  (cost=5.53..428.75 rows=107 width=125)
	  Recheck Cond: ((k >= 4956207) AND (k <= 4956307))
	  ->  Bitmap Index Scan on k_1  (cost=0.00..5.50 rows=107 width=0)
	        Index Cond: ((k >= 4956207) AND (k <= 4956307))

table 2 : explain SELECT k, c FROM sbtest2 WHERE k BETWEEN 4956207 AND 4956307
	Bitmap Heap Scan on sbtest2  (cost=5.43..389.37 rows=97 width=125)
	  Recheck Cond: ((k >= 4956207) AND (k <= 4956307))
	  ->  Bitmap Index Scan on k_2  (cost=0.00..5.40 rows=97 width=0)
	        Index Cond: ((k >= 4956207) AND (k <= 4956307))

table 3 : explain SELECT k, c FROM sbtest3 WHERE k BETWEEN 4956207 AND 4956307
	Bitmap Heap Scan on sbtest3  (cost=5.43..389.37 rows=97 width=125)
	  Recheck Cond: ((k >= 4956207) AND (k <= 4956307))
	  ->  Bitmap Index Scan on k_3  (cost=0.00..5.40 rows=97 width=0)
	        Index Cond: ((k >= 4956207) AND (k <= 4956307))

table 4 : explain SELECT k, c FROM sbtest4 WHERE k BETWEEN 4956207 AND 4956307
	Bitmap Heap Scan on sbtest4  (cost=5.50..416.94 rows=104 width=125)
	  Recheck Cond: ((k >= 4956207) AND (k <= 4956307))
	  ->  Bitmap Index Scan on k_4  (cost=0.00..5.47 rows=104 width=0)
	        Index Cond: ((k >= 4956207) AND (k <= 4956307))

table 5 : explain SELECT k, c FROM sbtest5 WHERE k BETWEEN 4956207 AND 4956307
	Bitmap Heap Scan on sbtest5  (cost=5.40..377.55 rows=94 width=125)
	  Recheck Cond: ((k >= 4956207) AND (k <= 4956307))
	  ->  Bitmap Index Scan on k_5  (cost=0.00..5.38 rows=94 width=0)
	        Index Cond: ((k >= 4956207) AND (k <= 4956307))

table 6 : explain SELECT k, c FROM sbtest6 WHERE k BETWEEN 4956207 AND 4956307
	Bitmap Heap Scan on sbtest6  (cost=5.47..405.13 rows=101 width=125)
	  Recheck Cond: ((k >= 4956207) AND (k <= 4956307))
	  ->  Bitmap Index Scan on k_6  (cost=0.00..5.44 rows=101 width=0)
	        Index Cond: ((k >= 4956207) AND (k <= 4956307))

table 7 : explain SELECT k, c FROM sbtest7 WHERE k BETWEEN 4956207 AND 4956307
	Bitmap Heap Scan on sbtest7  (cost=5.49..413.00 rows=103 width=125)
	  Recheck Cond: ((k >= 4956207) AND (k <= 4956307))
	  ->  Bitmap Index Scan on k_7  (cost=0.00..5.46 rows=103 width=0)
	        Index Cond: ((k >= 4956207) AND (k <= 4956307))

table 8 : explain SELECT k, c FROM sbtest8 WHERE k BETWEEN 4956207 AND 4956307
	Bitmap Heap Scan on sbtest8  (cost=5.46..401.19 rows=100 width=125)
	  Recheck Cond: ((k >= 4956207) AND (k <= 4956307))
	  ->  Bitmap Index Scan on k_8  (cost=0.00..5.43 rows=100 width=0)
	        Index Cond: ((k >= 4956207) AND (k <= 4956307))

for range-notcovered
table 1 : explain SELECT k, c FROM sbtest1 WHERE k BETWEEN 5398303 AND 5398403
	Bitmap Heap Scan on sbtest1  (cost=5.41..381.49 rows=95 width=125)
	  Recheck Cond: ((k >= 5398303) AND (k <= 5398403))
	  ->  Bitmap Index Scan on k_1  (cost=0.00..5.38 rows=95 width=0)
	        Index Cond: ((k >= 5398303) AND (k <= 5398403))

table 2 : explain SELECT k, c FROM sbtest2 WHERE k BETWEEN 5398303 AND 5398403
	Bitmap Heap Scan on sbtest2  (cost=5.46..401.19 rows=100 width=125)
	  Recheck Cond: ((k >= 5398303) AND (k <= 5398403))
	  ->  Bitmap Index Scan on k_2  (cost=0.00..5.43 rows=100 width=0)
	        Index Cond: ((k >= 5398303) AND (k <= 5398403))

table 3 : explain SELECT k, c FROM sbtest3 WHERE k BETWEEN 5398303 AND 5398403
	Bitmap Heap Scan on sbtest3  (cost=5.56..440.56 rows=110 width=125)
	  Recheck Cond: ((k >= 5398303) AND (k <= 5398403))
	  ->  Bitmap Index Scan on k_3  (cost=0.00..5.53 rows=110 width=0)
	        Index Cond: ((k >= 5398303) AND (k <= 5398403))

table 4 : explain SELECT k, c FROM sbtest4 WHERE k BETWEEN 5398303 AND 5398403
	Bitmap Heap Scan on sbtest4  (cost=5.49..413.00 rows=103 width=125)
	  Recheck Cond: ((k >= 5398303) AND (k <= 5398403))
	  ->  Bitmap Index Scan on k_4  (cost=0.00..5.46 rows=103 width=0)
	        Index Cond: ((k >= 5398303) AND (k <= 5398403))

table 5 : explain SELECT k, c FROM sbtest5 WHERE k BETWEEN 5398303 AND 5398403
	Bitmap Heap Scan on sbtest5  (cost=5.40..377.55 rows=94 width=125)
	  Recheck Cond: ((k >= 5398303) AND (k <= 5398403))
	  ->  Bitmap Index Scan on k_5  (cost=0.00..5.38 rows=94 width=0)
	        Index Cond: ((k >= 5398303) AND (k <= 5398403))

table 6 : explain SELECT k, c FROM sbtest6 WHERE k BETWEEN 5398303 AND 5398403
	Bitmap Heap Scan on sbtest6  (cost=5.48..409.07 rows=102 width=125)
	  Recheck Cond: ((k >= 5398303) AND (k <= 5398403))
	  ->  Bitmap Index Scan on k_6  (cost=0.00..5.45 rows=102 width=0)
	        Index Cond: ((k >= 5398303) AND (k <= 5398403))

table 7 : explain SELECT k, c FROM sbtest7 WHERE k BETWEEN 5398303 AND 5398403
	Bitmap Heap Scan on sbtest7  (cost=5.50..416.94 rows=104 width=125)
	  Recheck Cond: ((k >= 5398303) AND (k <= 5398403))
	  ->  Bitmap Index Scan on k_7  (cost=0.00..5.47 rows=104 width=0)
	        Index Cond: ((k >= 5398303) AND (k <= 5398403))

table 8 : explain SELECT k, c FROM sbtest8 WHERE k BETWEEN 5398303 AND 5398403
	Bitmap Heap Scan on sbtest8  (cost=5.46..401.19 rows=100 width=125)
	  Recheck Cond: ((k >= 5398303) AND (k <= 5398403))
	  ->  Bitmap Index Scan on k_8  (cost=0.00..5.43 rows=100 width=0)
	        Index Cond: ((k >= 5398303) AND (k <= 5398403))

for range-notcovered
table 1 : explain SELECT k, c FROM sbtest1 WHERE k BETWEEN 6031503 AND 6031603
	Bitmap Heap Scan on sbtest1  (cost=5.39..373.61 rows=93 width=125)
	  Recheck Cond: ((k >= 6031503) AND (k <= 6031603))
	  ->  Bitmap Index Scan on k_1  (cost=0.00..5.36 rows=93 width=0)
	        Index Cond: ((k >= 6031503) AND (k <= 6031603))

table 2 : explain SELECT k, c FROM sbtest2 WHERE k BETWEEN 6031503 AND 6031603
	Bitmap Heap Scan on sbtest2  (cost=5.46..401.19 rows=100 width=125)
	  Recheck Cond: ((k >= 6031503) AND (k <= 6031603))
	  ->  Bitmap Index Scan on k_2  (cost=0.00..5.43 rows=100 width=0)
	        Index Cond: ((k >= 6031503) AND (k <= 6031603))

table 3 : explain SELECT k, c FROM sbtest3 WHERE k BETWEEN 6031503 AND 6031603
	Bitmap Heap Scan on sbtest3  (cost=5.51..420.88 rows=105 width=125)
	  Recheck Cond: ((k >= 6031503) AND (k <= 6031603))
	  ->  Bitmap Index Scan on k_3  (cost=0.00..5.48 rows=105 width=0)
	        Index Cond: ((k >= 6031503) AND (k <= 6031603))

table 4 : explain SELECT k, c FROM sbtest4 WHERE k BETWEEN 6031503 AND 6031603
	Bitmap Heap Scan on sbtest4  (cost=5.45..397.25 rows=99 width=125)
	  Recheck Cond: ((k >= 6031503) AND (k <= 6031603))
	  ->  Bitmap Index Scan on k_4  (cost=0.00..5.42 rows=99 width=0)
	        Index Cond: ((k >= 6031503) AND (k <= 6031603))

table 5 : explain SELECT k, c FROM sbtest5 WHERE k BETWEEN 6031503 AND 6031603
	Bitmap Heap Scan on sbtest5  (cost=5.40..377.55 rows=94 width=125)
	  Recheck Cond: ((k >= 6031503) AND (k <= 6031603))
	  ->  Bitmap Index Scan on k_5  (cost=0.00..5.38 rows=94 width=0)
	        Index Cond: ((k >= 6031503) AND (k <= 6031603))

table 6 : explain SELECT k, c FROM sbtest6 WHERE k BETWEEN 6031503 AND 6031603
	Bitmap Heap Scan on sbtest6  (cost=5.49..413.00 rows=103 width=125)
	  Recheck Cond: ((k >= 6031503) AND (k <= 6031603))
	  ->  Bitmap Index Scan on k_6  (cost=0.00..5.46 rows=103 width=0)
	        Index Cond: ((k >= 6031503) AND (k <= 6031603))

table 7 : explain SELECT k, c FROM sbtest7 WHERE k BETWEEN 6031503 AND 6031603
	Bitmap Heap Scan on sbtest7  (cost=5.52..424.81 rows=106 width=125)
	  Recheck Cond: ((k >= 6031503) AND (k <= 6031603))
	  ->  Bitmap Index Scan on k_7  (cost=0.00..5.50 rows=106 width=0)
	        Index Cond: ((k >= 6031503) AND (k <= 6031603))

table 8 : explain SELECT k, c FROM sbtest8 WHERE k BETWEEN 6031503 AND 6031603
	Bitmap Heap Scan on sbtest8  (cost=5.47..405.13 rows=101 width=125)
	  Recheck Cond: ((k >= 6031503) AND (k <= 6031603))
	  ->  Bitmap Index Scan on k_8  (cost=0.00..5.44 rows=101 width=0)
	        Index Cond: ((k >= 6031503) AND (k <= 6031603))

explain: for range-notcovered :: explain SELECT k, c FROM sbtest%d WHERE k BETWEEN 6031503 AND 6031603
explain: for range-notcovered :: explain SELECT k, c FROM sbtest%d WHERE k BETWEEN 4956207 AND 4956307
explain: for range-notcovered :: explain SELECT k, c FROM sbtest%d WHERE k BETWEEN 5398303 AND 5398403
for range-notcovered
table 1 : explain SELECT k, c FROM sbtest1 WHERE k BETWEEN 7720619 AND 7720719
	Bitmap Heap Scan on sbtest1  (cost=5.40..377.55 rows=94 width=125)
	  Recheck Cond: ((k >= 7720619) AND (k <= 7720719))
	  ->  Bitmap Index Scan on k_1  (cost=0.00..5.38 rows=94 width=0)
	        Index Cond: ((k >= 7720619) AND (k <= 7720719))

table 2 : explain SELECT k, c FROM sbtest2 WHERE k BETWEEN 7720619 AND 7720719
	Bitmap Heap Scan on sbtest2  (cost=5.47..405.13 rows=101 width=125)
	  Recheck Cond: ((k >= 7720619) AND (k <= 7720719))
	  ->  Bitmap Index Scan on k_2  (cost=0.00..5.44 rows=101 width=0)
	        Index Cond: ((k >= 7720619) AND (k <= 7720719))

table 3 : explain SELECT k, c FROM sbtest3 WHERE k BETWEEN 7720619 AND 7720719
	Bitmap Heap Scan on sbtest3  (cost=5.55..436.62 rows=109 width=125)
	  Recheck Cond: ((k >= 7720619) AND (k <= 7720719))
	  ->  Bitmap Index Scan on k_3  (cost=0.00..5.52 rows=109 width=0)
	        Index Cond: ((k >= 7720619) AND (k <= 7720719))

table 4 : explain SELECT k, c FROM sbtest4 WHERE k BETWEEN 7720619 AND 7720719
	Bitmap Heap Scan on sbtest4  (cost=5.49..413.00 rows=103 width=125)
	  Recheck Cond: ((k >= 7720619) AND (k <= 7720719))
	  ->  Bitmap Index Scan on k_4  (cost=0.00..5.46 rows=103 width=0)
	        Index Cond: ((k >= 7720619) AND (k <= 7720719))

table 5 : explain SELECT k, c FROM sbtest5 WHERE k BETWEEN 7720619 AND 7720719
	Bitmap Heap Scan on sbtest5  (cost=5.53..428.75 rows=107 width=125)
	  Recheck Cond: ((k >= 7720619) AND (k <= 7720719))
	  ->  Bitmap Index Scan on k_5  (cost=0.00..5.50 rows=107 width=0)
	        Index Cond: ((k >= 7720619) AND (k <= 7720719))

table 6 : explain SELECT k, c FROM sbtest6 WHERE k BETWEEN 7720619 AND 7720719
	Bitmap Heap Scan on sbtest6  (cost=5.44..393.31 rows=98 width=125)
	  Recheck Cond: ((k >= 7720619) AND (k <= 7720719))
	  ->  Bitmap Index Scan on k_6  (cost=0.00..5.42 rows=98 width=0)
	        Index Cond: ((k >= 7720619) AND (k <= 7720719))

table 7 : explain SELECT k, c FROM sbtest7 WHERE k BETWEEN 7720619 AND 7720719
	Bitmap Heap Scan on sbtest7  (cost=5.53..428.75 rows=107 width=125)
	  Recheck Cond: ((k >= 7720619) AND (k <= 7720719))
	  ->  Bitmap Index Scan on k_7  (cost=0.00..5.50 rows=107 width=0)
	        Index Cond: ((k >= 7720619) AND (k <= 7720719))

table 8 : explain SELECT k, c FROM sbtest8 WHERE k BETWEEN 7720619 AND 7720719
	Bitmap Heap Scan on sbtest8  (cost=5.53..428.75 rows=107 width=125)
	  Recheck Cond: ((k >= 7720619) AND (k <= 7720719))
	  ->  Bitmap Index Scan on k_8  (cost=0.00..5.50 rows=107 width=0)
	        Index Cond: ((k >= 7720619) AND (k <= 7720719))

explain: for range-notcovered :: explain SELECT k, c FROM sbtest%d WHERE k BETWEEN 7720619 AND 7720719
for range-notcovered
table 1 : explain SELECT k, c FROM sbtest1 WHERE k BETWEEN 6031503 AND 6031603
	Bitmap Heap Scan on sbtest1  (cost=5.39..373.61 rows=93 width=125)
	  Recheck Cond: ((k >= 6031503) AND (k <= 6031603))
	  ->  Bitmap Index Scan on k_1  (cost=0.00..5.36 rows=93 width=0)
	        Index Cond: ((k >= 6031503) AND (k <= 6031603))

table 2 : explain SELECT k, c FROM sbtest2 WHERE k BETWEEN 6031503 AND 6031603
	Bitmap Heap Scan on sbtest2  (cost=5.46..401.19 rows=100 width=125)
	  Recheck Cond: ((k >= 6031503) AND (k <= 6031603))
	  ->  Bitmap Index Scan on k_2  (cost=0.00..5.43 rows=100 width=0)
	        Index Cond: ((k >= 6031503) AND (k <= 6031603))

table 3 : explain SELECT k, c FROM sbtest3 WHERE k BETWEEN 6031503 AND 6031603
	Bitmap Heap Scan on sbtest3  (cost=5.51..420.88 rows=105 width=125)
	  Recheck Cond: ((k >= 6031503) AND (k <= 6031603))
	  ->  Bitmap Index Scan on k_3  (cost=0.00..5.48 rows=105 width=0)
	        Index Cond: ((k >= 6031503) AND (k <= 6031603))

table 4 : explain SELECT k, c FROM sbtest4 WHERE k BETWEEN 6031503 AND 6031603
	Bitmap Heap Scan on sbtest4  (cost=5.45..397.25 rows=99 width=125)
	  Recheck Cond: ((k >= 6031503) AND (k <= 6031603))
	  ->  Bitmap Index Scan on k_4  (cost=0.00..5.42 rows=99 width=0)
	        Index Cond: ((k >= 6031503) AND (k <= 6031603))

table 5 : explain SELECT k, c FROM sbtest5 WHERE k BETWEEN 6031503 AND 6031603
	Bitmap Heap Scan on sbtest5  (cost=5.40..377.55 rows=94 width=125)
	  Recheck Cond: ((k >= 6031503) AND (k <= 6031603))
	  ->  Bitmap Index Scan on k_5  (cost=0.00..5.38 rows=94 width=0)
	        Index Cond: ((k >= 6031503) AND (k <= 6031603))

table 6 : explain SELECT k, c FROM sbtest6 WHERE k BETWEEN 6031503 AND 6031603
	Bitmap Heap Scan on sbtest6  (cost=5.49..413.00 rows=103 width=125)
	  Recheck Cond: ((k >= 6031503) AND (k <= 6031603))
	  ->  Bitmap Index Scan on k_6  (cost=0.00..5.46 rows=103 width=0)
	        Index Cond: ((k >= 6031503) AND (k <= 6031603))

table 7 : explain SELECT k, c FROM sbtest7 WHERE k BETWEEN 6031503 AND 6031603
	Bitmap Heap Scan on sbtest7  (cost=5.52..424.81 rows=106 width=125)
	  Recheck Cond: ((k >= 6031503) AND (k <= 6031603))
	  ->  Bitmap Index Scan on k_7  (cost=0.00..5.50 rows=106 width=0)
	        Index Cond: ((k >= 6031503) AND (k <= 6031603))

table 8 : explain SELECT k, c FROM sbtest8 WHERE k BETWEEN 6031503 AND 6031603
	Bitmap Heap Scan on sbtest8  (cost=5.47..405.13 rows=101 width=125)
	  Recheck Cond: ((k >= 6031503) AND (k <= 6031603))
	  ->  Bitmap Index Scan on k_8  (cost=0.00..5.44 rows=101 width=0)
	        Index Cond: ((k >= 6031503) AND (k <= 6031603))

explain: for range-notcovered :: explain SELECT k, c FROM sbtest%d WHERE k BETWEEN 6031503 AND 6031603
for range-notcovered
table 1 : explain SELECT k, c FROM sbtest1 WHERE k BETWEEN 7984100 AND 7984200
	Bitmap Heap Scan on sbtest1  (cost=5.47..405.13 rows=101 width=125)
	  Recheck Cond: ((k >= 7984100) AND (k <= 7984200))
	  ->  Bitmap Index Scan on k_1  (cost=0.00..5.44 rows=101 width=0)
	        Index Cond: ((k >= 7984100) AND (k <= 7984200))

table 2 : explain SELECT k, c FROM sbtest2 WHERE k BETWEEN 7984100 AND 7984200
	Bitmap Heap Scan on sbtest2  (cost=5.54..432.69 rows=108 width=125)
	  Recheck Cond: ((k >= 7984100) AND (k <= 7984200))
	  ->  Bitmap Index Scan on k_2  (cost=0.00..5.51 rows=108 width=0)
	        Index Cond: ((k >= 7984100) AND (k <= 7984200))

table 3 : explain SELECT k, c FROM sbtest3 WHERE k BETWEEN 7984100 AND 7984200
	Bitmap Heap Scan on sbtest3  (cost=5.46..401.19 rows=100 width=125)
	  Recheck Cond: ((k >= 7984100) AND (k <= 7984200))
	  ->  Bitmap Index Scan on k_3  (cost=0.00..5.43 rows=100 width=0)
	        Index Cond: ((k >= 7984100) AND (k <= 7984200))

table 4 : explain SELECT k, c FROM sbtest4 WHERE k BETWEEN 7984100 AND 7984200
	Bitmap Heap Scan on sbtest4  (cost=5.58..448.42 rows=112 width=125)
	  Recheck Cond: ((k >= 7984100) AND (k <= 7984200))
	  ->  Bitmap Index Scan on k_4  (cost=0.00..5.55 rows=112 width=0)
	        Index Cond: ((k >= 7984100) AND (k <= 7984200))

table 5 : explain SELECT k, c FROM sbtest5 WHERE k BETWEEN 7984100 AND 7984200
	Bitmap Heap Scan on sbtest5  (cost=5.44..393.31 rows=98 width=125)
	  Recheck Cond: ((k >= 7984100) AND (k <= 7984200))
	  ->  Bitmap Index Scan on k_5  (cost=0.00..5.42 rows=98 width=0)
	        Index Cond: ((k >= 7984100) AND (k <= 7984200))

table 6 : explain SELECT k, c FROM sbtest6 WHERE k BETWEEN 7984100 AND 7984200
	Bitmap Heap Scan on sbtest6  (cost=5.53..428.75 rows=107 width=125)
	  Recheck Cond: ((k >= 7984100) AND (k <= 7984200))
	  ->  Bitmap Index Scan on k_6  (cost=0.00..5.50 rows=107 width=0)
	        Index Cond: ((k >= 7984100) AND (k <= 7984200))

table 7 : explain SELECT k, c FROM sbtest7 WHERE k BETWEEN 7984100 AND 7984200
	Bitmap Heap Scan on sbtest7  (cost=5.45..397.25 rows=99 width=125)
	  Recheck Cond: ((k >= 7984100) AND (k <= 7984200))
	  ->  Bitmap Index Scan on k_7  (cost=0.00..5.42 rows=99 width=0)
	        Index Cond: ((k >= 7984100) AND (k <= 7984200))

table 8 : explain SELECT k, c FROM sbtest8 WHERE k BETWEEN 7984100 AND 7984200
	Bitmap Heap Scan on sbtest8  (cost=5.44..393.31 rows=98 width=125)
	  Recheck Cond: ((k >= 7984100) AND (k <= 7984200))
	  ->  Bitmap Index Scan on k_8  (cost=0.00..5.42 rows=98 width=0)
	        Index Cond: ((k >= 7984100) AND (k <= 7984200))

for range-notcovered
table 1 : explain SELECT k, c FROM sbtest1 WHERE k BETWEEN 7720619 AND 7720719
	Bitmap Heap Scan on sbtest1  (cost=5.40..377.55 rows=94 width=125)
	  Recheck Cond: ((k >= 7720619) AND (k <= 7720719))
	  ->  Bitmap Index Scan on k_1  (cost=0.00..5.38 rows=94 width=0)
	        Index Cond: ((k >= 7720619) AND (k <= 7720719))

table 2 : explain SELECT k, c FROM sbtest2 WHERE k BETWEEN 7720619 AND 7720719
	Bitmap Heap Scan on sbtest2  (cost=5.47..405.13 rows=101 width=125)
	  Recheck Cond: ((k >= 7720619) AND (k <= 7720719))
	  ->  Bitmap Index Scan on k_2  (cost=0.00..5.44 rows=101 width=0)
	        Index Cond: ((k >= 7720619) AND (k <= 7720719))

table 3 : explain SELECT k, c FROM sbtest3 WHERE k BETWEEN 7720619 AND 7720719
	Bitmap Heap Scan on sbtest3  (cost=5.55..436.62 rows=109 width=125)
	  Recheck Cond: ((k >= 7720619) AND (k <= 7720719))
	  ->  Bitmap Index Scan on k_3  (cost=0.00..5.52 rows=109 width=0)
	        Index Cond: ((k >= 7720619) AND (k <= 7720719))

table 4 : explain SELECT k, c FROM sbtest4 WHERE k BETWEEN 7720619 AND 7720719
	Bitmap Heap Scan on sbtest4  (cost=5.49..413.00 rows=103 width=125)
	  Recheck Cond: ((k >= 7720619) AND (k <= 7720719))
	  ->  Bitmap Index Scan on k_4  (cost=0.00..5.46 rows=103 width=0)
	        Index Cond: ((k >= 7720619) AND (k <= 7720719))

table 5 : explain SELECT k, c FROM sbtest5 WHERE k BETWEEN 7720619 AND 7720719
	Bitmap Heap Scan on sbtest5  (cost=5.53..428.75 rows=107 width=125)
	  Recheck Cond: ((k >= 7720619) AND (k <= 7720719))
	  ->  Bitmap Index Scan on k_5  (cost=0.00..5.50 rows=107 width=0)
	        Index Cond: ((k >= 7720619) AND (k <= 7720719))

table 6 : explain SELECT k, c FROM sbtest6 WHERE k BETWEEN 7720619 AND 7720719
	Bitmap Heap Scan on sbtest6  (cost=5.44..393.31 rows=98 width=125)
	  Recheck Cond: ((k >= 7720619) AND (k <= 7720719))
	  ->  Bitmap Index Scan on k_6  (cost=0.00..5.42 rows=98 width=0)
	        Index Cond: ((k >= 7720619) AND (k <= 7720719))

table 7 : explain SELECT k, c FROM sbtest7 WHERE k BETWEEN 7720619 AND 7720719
	Bitmap Heap Scan on sbtest7  (cost=5.53..428.75 rows=107 width=125)
	  Recheck Cond: ((k >= 7720619) AND (k <= 7720719))
	  ->  Bitmap Index Scan on k_7  (cost=0.00..5.50 rows=107 width=0)
	        Index Cond: ((k >= 7720619) AND (k <= 7720719))

table 8 : explain SELECT k, c FROM sbtest8 WHERE k BETWEEN 7720619 AND 7720719
	Bitmap Heap Scan on sbtest8  (cost=5.53..428.75 rows=107 width=125)
	  Recheck Cond: ((k >= 7720619) AND (k <= 7720719))
	  ->  Bitmap Index Scan on k_8  (cost=0.00..5.50 rows=107 width=0)
	        Index Cond: ((k >= 7720619) AND (k <= 7720719))

explain: for range-notcovered :: explain SELECT k, c FROM sbtest%d WHERE k BETWEEN 7984100 AND 7984200
for range-notcovered
table 1 : explain SELECT k, c FROM sbtest1 WHERE k BETWEEN 6080686 AND 6080786
	Bitmap Heap Scan on sbtest1  (cost=5.39..373.61 rows=93 width=125)
	  Recheck Cond: ((k >= 6080686) AND (k <= 6080786))
	  ->  Bitmap Index Scan on k_1  (cost=0.00..5.36 rows=93 width=0)
	        Index Cond: ((k >= 6080686) AND (k <= 6080786))

table 2 : explain SELECT k, c FROM sbtest2 WHERE k BETWEEN 6080686 AND 6080786
	Bitmap Heap Scan on sbtest2  (cost=5.51..420.88 rows=105 width=125)
	  Recheck Cond: ((k >= 6080686) AND (k <= 6080786))
	  ->  Bitmap Index Scan on k_2  (cost=0.00..5.48 rows=105 width=0)
	        Index Cond: ((k >= 6080686) AND (k <= 6080786))

table 3 : explain SELECT k, c FROM sbtest3 WHERE k BETWEEN 6080686 AND 6080786
	Bitmap Heap Scan on sbtest3  (cost=5.51..420.88 rows=105 width=125)
	  Recheck Cond: ((k >= 6080686) AND (k <= 6080786))
	  ->  Bitmap Index Scan on k_3  (cost=0.00..5.48 rows=105 width=0)
	        Index Cond: ((k >= 6080686) AND (k <= 6080786))

table 4 : explain SELECT k, c FROM sbtest4 WHERE k BETWEEN 6080686 AND 6080786
	Bitmap Heap Scan on sbtest4  (cost=5.51..420.88 rows=105 width=125)
	  Recheck Cond: ((k >= 6080686) AND (k <= 6080786))
	  ->  Bitmap Index Scan on k_4  (cost=0.00..5.48 rows=105 width=0)
	        Index Cond: ((k >= 6080686) AND (k <= 6080786))

table 5 : explain SELECT k, c FROM sbtest5 WHERE k BETWEEN 6080686 AND 6080786
	Bitmap Heap Scan on sbtest5  (cost=5.40..377.55 rows=94 width=125)
	  Recheck Cond: ((k >= 6080686) AND (k <= 6080786))
	  ->  Bitmap Index Scan on k_5  (cost=0.00..5.38 rows=94 width=0)
	        Index Cond: ((k >= 6080686) AND (k <= 6080786))

table 6 : explain SELECT k, c FROM sbtest6 WHERE k BETWEEN 6080686 AND 6080786
	Bitmap Heap Scan on sbtest6  (cost=5.49..413.00 rows=103 width=125)
	  Recheck Cond: ((k >= 6080686) AND (k <= 6080786))
	  ->  Bitmap Index Scan on k_6  (cost=0.00..5.46 rows=103 width=0)
	        Index Cond: ((k >= 6080686) AND (k <= 6080786))

table 7 : explain SELECT k, c FROM sbtest7 WHERE k BETWEEN 6080686 AND 6080786
	Bitmap Heap Scan on sbtest7  (cost=5.57..444.49 rows=111 width=125)
	  Recheck Cond: ((k >= 6080686) AND (k <= 6080786))
	  ->  Bitmap Index Scan on k_7  (cost=0.00..5.54 rows=111 width=0)
	        Index Cond: ((k >= 6080686) AND (k <= 6080786))

table 8 : explain SELECT k, c FROM sbtest8 WHERE k BETWEEN 6080686 AND 6080786
	Bitmap Heap Scan on sbtest8  (cost=5.47..405.13 rows=101 width=125)
	  Recheck Cond: ((k >= 6080686) AND (k <= 6080786))
	  ->  Bitmap Index Scan on k_8  (cost=0.00..5.44 rows=101 width=0)
	        Index Cond: ((k >= 6080686) AND (k <= 6080786))

explain: for range-notcovered :: explain SELECT k, c FROM sbtest%d WHERE k BETWEEN 6080686 AND 6080786
for range-notcovered
table 1 : explain SELECT k, c FROM sbtest1 WHERE k BETWEEN 4956207 AND 4956307
	Bitmap Heap Scan on sbtest1  (cost=5.53..428.75 rows=107 width=125)
	  Recheck Cond: ((k >= 4956207) AND (k <= 4956307))
	  ->  Bitmap Index Scan on k_1  (cost=0.00..5.50 rows=107 width=0)
	        Index Cond: ((k >= 4956207) AND (k <= 4956307))

table 2 : explain SELECT k, c FROM sbtest2 WHERE k BETWEEN 4956207 AND 4956307
	Bitmap Heap Scan on sbtest2  (cost=5.43..389.37 rows=97 width=125)
	  Recheck Cond: ((k >= 4956207) AND (k <= 4956307))
	  ->  Bitmap Index Scan on k_2  (cost=0.00..5.40 rows=97 width=0)
	        Index Cond: ((k >= 4956207) AND (k <= 4956307))

table 3 : explain SELECT k, c FROM sbtest3 WHERE k BETWEEN 4956207 AND 4956307
	Bitmap Heap Scan on sbtest3  (cost=5.43..389.37 rows=97 width=125)
	  Recheck Cond: ((k >= 4956207) AND (k <= 4956307))
	  ->  Bitmap Index Scan on k_3  (cost=0.00..5.40 rows=97 width=0)
	        Index Cond: ((k >= 4956207) AND (k <= 4956307))

table 4 : explain SELECT k, c FROM sbtest4 WHERE k BETWEEN 4956207 AND 4956307
	Bitmap Heap Scan on sbtest4  (cost=5.50..416.94 rows=104 width=125)
	  Recheck Cond: ((k >= 4956207) AND (k <= 4956307))
	  ->  Bitmap Index Scan on k_4  (cost=0.00..5.47 rows=104 width=0)
	        Index Cond: ((k >= 4956207) AND (k <= 4956307))

table 5 : explain SELECT k, c FROM sbtest5 WHERE k BETWEEN 4956207 AND 4956307
	Bitmap Heap Scan on sbtest5  (cost=5.40..377.55 rows=94 width=125)
	  Recheck Cond: ((k >= 4956207) AND (k <= 4956307))
	  ->  Bitmap Index Scan on k_5  (cost=0.00..5.38 rows=94 width=0)
	        Index Cond: ((k >= 4956207) AND (k <= 4956307))

table 6 : explain SELECT k, c FROM sbtest6 WHERE k BETWEEN 4956207 AND 4956307
	Bitmap Heap Scan on sbtest6  (cost=5.47..405.13 rows=101 width=125)
	  Recheck Cond: ((k >= 4956207) AND (k <= 4956307))
	  ->  Bitmap Index Scan on k_6  (cost=0.00..5.44 rows=101 width=0)
	        Index Cond: ((k >= 4956207) AND (k <= 4956307))

table 7 : explain SELECT k, c FROM sbtest7 WHERE k BETWEEN 4956207 AND 4956307
	Bitmap Heap Scan on sbtest7  (cost=5.49..413.00 rows=103 width=125)
	  Recheck Cond: ((k >= 4956207) AND (k <= 4956307))
	  ->  Bitmap Index Scan on k_7  (cost=0.00..5.46 rows=103 width=0)
	        Index Cond: ((k >= 4956207) AND (k <= 4956307))

table 8 : explain SELECT k, c FROM sbtest8 WHERE k BETWEEN 4956207 AND 4956307
	Bitmap Heap Scan on sbtest8  (cost=5.46..401.19 rows=100 width=125)
	  Recheck Cond: ((k >= 4956207) AND (k <= 4956307))
	  ->  Bitmap Index Scan on k_8  (cost=0.00..5.43 rows=100 width=0)
	        Index Cond: ((k >= 4956207) AND (k <= 4956307))

for range-notcovered
table 1 : explain SELECT k, c FROM sbtest1 WHERE k BETWEEN 6031503 AND 6031603
	Bitmap Heap Scan on sbtest1  (cost=5.39..373.61 rows=93 width=125)
	  Recheck Cond: ((k >= 6031503) AND (k <= 6031603))
	  ->  Bitmap Index Scan on k_1  (cost=0.00..5.36 rows=93 width=0)
	        Index Cond: ((k >= 6031503) AND (k <= 6031603))

table 2 : explain SELECT k, c FROM sbtest2 WHERE k BETWEEN 6031503 AND 6031603
	Bitmap Heap Scan on sbtest2  (cost=5.46..401.19 rows=100 width=125)
	  Recheck Cond: ((k >= 6031503) AND (k <= 6031603))
	  ->  Bitmap Index Scan on k_2  (cost=0.00..5.43 rows=100 width=0)
	        Index Cond: ((k >= 6031503) AND (k <= 6031603))

table 3 : explain SELECT k, c FROM sbtest3 WHERE k BETWEEN 6031503 AND 6031603
	Bitmap Heap Scan on sbtest3  (cost=5.51..420.88 rows=105 width=125)
	  Recheck Cond: ((k >= 6031503) AND (k <= 6031603))
	  ->  Bitmap Index Scan on k_3  (cost=0.00..5.48 rows=105 width=0)
	        Index Cond: ((k >= 6031503) AND (k <= 6031603))

table 4 : explain SELECT k, c FROM sbtest4 WHERE k BETWEEN 6031503 AND 6031603
	Bitmap Heap Scan on sbtest4  (cost=5.45..397.25 rows=99 width=125)
	  Recheck Cond: ((k >= 6031503) AND (k <= 6031603))
	  ->  Bitmap Index Scan on k_4  (cost=0.00..5.42 rows=99 width=0)
	        Index Cond: ((k >= 6031503) AND (k <= 6031603))

table 5 : explain SELECT k, c FROM sbtest5 WHERE k BETWEEN 6031503 AND 6031603
	Bitmap Heap Scan on sbtest5  (cost=5.40..377.55 rows=94 width=125)
	  Recheck Cond: ((k >= 6031503) AND (k <= 6031603))
	  ->  Bitmap Index Scan on k_5  (cost=0.00..5.38 rows=94 width=0)
	        Index Cond: ((k >= 6031503) AND (k <= 6031603))

table 6 : explain SELECT k, c FROM sbtest6 WHERE k BETWEEN 6031503 AND 6031603
	Bitmap Heap Scan on sbtest6  (cost=5.49..413.00 rows=103 width=125)
	  Recheck Cond: ((k >= 6031503) AND (k <= 6031603))
	  ->  Bitmap Index Scan on k_6  (cost=0.00..5.46 rows=103 width=0)
	        Index Cond: ((k >= 6031503) AND (k <= 6031603))

table 7 : explain SELECT k, c FROM sbtest7 WHERE k BETWEEN 6031503 AND 6031603
	Bitmap Heap Scan on sbtest7  (cost=5.52..424.81 rows=106 width=125)
	  Recheck Cond: ((k >= 6031503) AND (k <= 6031603))
	  ->  Bitmap Index Scan on k_7  (cost=0.00..5.50 rows=106 width=0)
	        Index Cond: ((k >= 6031503) AND (k <= 6031603))

table 8 : explain SELECT k, c FROM sbtest8 WHERE k BETWEEN 6031503 AND 6031603
	Bitmap Heap Scan on sbtest8  (cost=5.47..405.13 rows=101 width=125)
	  Recheck Cond: ((k >= 6031503) AND (k <= 6031603))
	  ->  Bitmap Index Scan on k_8  (cost=0.00..5.44 rows=101 width=0)
	        Index Cond: ((k >= 6031503) AND (k <= 6031603))

explain: for range-notcovered :: explain SELECT k, c FROM sbtest%d WHERE k BETWEEN 6031503 AND 6031603
for range-notcovered
table 1 : explain SELECT k, c FROM sbtest1 WHERE k BETWEEN 5398303 AND 5398403
	Bitmap Heap Scan on sbtest1  (cost=5.41..381.49 rows=95 width=125)
	  Recheck Cond: ((k >= 5398303) AND (k <= 5398403))
	  ->  Bitmap Index Scan on k_1  (cost=0.00..5.38 rows=95 width=0)
	        Index Cond: ((k >= 5398303) AND (k <= 5398403))

table 2 : explain SELECT k, c FROM sbtest2 WHERE k BETWEEN 5398303 AND 5398403
	Bitmap Heap Scan on sbtest2  (cost=5.46..401.19 rows=100 width=125)
	  Recheck Cond: ((k >= 5398303) AND (k <= 5398403))
	  ->  Bitmap Index Scan on k_2  (cost=0.00..5.43 rows=100 width=0)
	        Index Cond: ((k >= 5398303) AND (k <= 5398403))

table 3 : explain SELECT k, c FROM sbtest3 WHERE k BETWEEN 5398303 AND 5398403
	Bitmap Heap Scan on sbtest3  (cost=5.56..440.56 rows=110 width=125)
	  Recheck Cond: ((k >= 5398303) AND (k <= 5398403))
	  ->  Bitmap Index Scan on k_3  (cost=0.00..5.53 rows=110 width=0)
	        Index Cond: ((k >= 5398303) AND (k <= 5398403))

table 4 : explain SELECT k, c FROM sbtest4 WHERE k BETWEEN 5398303 AND 5398403
	Bitmap Heap Scan on sbtest4  (cost=5.49..413.00 rows=103 width=125)
	  Recheck Cond: ((k >= 5398303) AND (k <= 5398403))
	  ->  Bitmap Index Scan on k_4  (cost=0.00..5.46 rows=103 width=0)
	        Index Cond: ((k >= 5398303) AND (k <= 5398403))

table 5 : explain SELECT k, c FROM sbtest5 WHERE k BETWEEN 5398303 AND 5398403
	Bitmap Heap Scan on sbtest5  (cost=5.40..377.55 rows=94 width=125)
	  Recheck Cond: ((k >= 5398303) AND (k <= 5398403))
	  ->  Bitmap Index Scan on k_5  (cost=0.00..5.38 rows=94 width=0)
	        Index Cond: ((k >= 5398303) AND (k <= 5398403))

table 6 : explain SELECT k, c FROM sbtest6 WHERE k BETWEEN 5398303 AND 5398403
	Bitmap Heap Scan on sbtest6  (cost=5.48..409.07 rows=102 width=125)
	  Recheck Cond: ((k >= 5398303) AND (k <= 5398403))
	  ->  Bitmap Index Scan on k_6  (cost=0.00..5.45 rows=102 width=0)
	        Index Cond: ((k >= 5398303) AND (k <= 5398403))

table 7 : explain SELECT k, c FROM sbtest7 WHERE k BETWEEN 5398303 AND 5398403
	Bitmap Heap Scan on sbtest7  (cost=5.50..416.94 rows=104 width=125)
	  Recheck Cond: ((k >= 5398303) AND (k <= 5398403))
	  ->  Bitmap Index Scan on k_7  (cost=0.00..5.47 rows=104 width=0)
	        Index Cond: ((k >= 5398303) AND (k <= 5398403))

table 8 : explain SELECT k, c FROM sbtest8 WHERE k BETWEEN 5398303 AND 5398403
	Bitmap Heap Scan on sbtest8  (cost=5.46..401.19 rows=100 width=125)
	  Recheck Cond: ((k >= 5398303) AND (k <= 5398403))
	  ->  Bitmap Index Scan on k_8  (cost=0.00..5.43 rows=100 width=0)
	        Index Cond: ((k >= 5398303) AND (k <= 5398403))

explain: for range-notcovered :: explain SELECT k, c FROM sbtest%d WHERE k BETWEEN 5398303 AND 5398403
for range-notcovered
table 1 : explain SELECT k, c FROM sbtest1 WHERE k BETWEEN 8530205 AND 8530305
	Bitmap Heap Scan on sbtest1  (cost=5.46..401.19 rows=100 width=125)
	  Recheck Cond: ((k >= 8530205) AND (k <= 8530305))
	  ->  Bitmap Index Scan on k_1  (cost=0.00..5.43 rows=100 width=0)
	        Index Cond: ((k >= 8530205) AND (k <= 8530305))

table 2 : explain SELECT k, c FROM sbtest2 WHERE k BETWEEN 8530205 AND 8530305
	Bitmap Heap Scan on sbtest2  (cost=5.50..416.94 rows=104 width=125)
	  Recheck Cond: ((k >= 8530205) AND (k <= 8530305))
	  ->  Bitmap Index Scan on k_2  (cost=0.00..5.47 rows=104 width=0)
	        Index Cond: ((k >= 8530205) AND (k <= 8530305))

table 3 : explain SELECT k, c FROM sbtest3 WHERE k BETWEEN 8530205 AND 8530305
	Bitmap Heap Scan on sbtest3  (cost=5.42..385.43 rows=96 width=125)
	  Recheck Cond: ((k >= 8530205) AND (k <= 8530305))
	  ->  Bitmap Index Scan on k_3  (cost=0.00..5.39 rows=96 width=0)
	        Index Cond: ((k >= 8530205) AND (k <= 8530305))

table 4 : explain SELECT k, c FROM sbtest4 WHERE k BETWEEN 8530205 AND 8530305
	Bitmap Heap Scan on sbtest4  (cost=5.48..409.07 rows=102 width=125)
	  Recheck Cond: ((k >= 8530205) AND (k <= 8530305))
	  ->  Bitmap Index Scan on k_4  (cost=0.00..5.45 rows=102 width=0)
	        Index Cond: ((k >= 8530205) AND (k <= 8530305))

table 5 : explain SELECT k, c FROM sbtest5 WHERE k BETWEEN 8530205 AND 8530305
	Bitmap Heap Scan on sbtest5  (cost=5.51..420.88 rows=105 width=125)
	  Recheck Cond: ((k >= 8530205) AND (k <= 8530305))
	  ->  Bitmap Index Scan on k_5  (cost=0.00..5.48 rows=105 width=0)
	        Index Cond: ((k >= 8530205) AND (k <= 8530305))

table 6 : explain SELECT k, c FROM sbtest6 WHERE k BETWEEN 8530205 AND 8530305
	Bitmap Heap Scan on sbtest6  (cost=5.46..401.19 rows=100 width=125)
	  Recheck Cond: ((k >= 8530205) AND (k <= 8530305))
	  ->  Bitmap Index Scan on k_6  (cost=0.00..5.43 rows=100 width=0)
	        Index Cond: ((k >= 8530205) AND (k <= 8530305))

table 7 : explain SELECT k, c FROM sbtest7 WHERE k BETWEEN 8530205 AND 8530305
	Bitmap Heap Scan on sbtest7  (cost=5.56..440.56 rows=110 width=125)
	  Recheck Cond: ((k >= 8530205) AND (k <= 8530305))
	  ->  Bitmap Index Scan on k_7  (cost=0.00..5.53 rows=110 width=0)
	        Index Cond: ((k >= 8530205) AND (k <= 8530305))

table 8 : explain SELECT k, c FROM sbtest8 WHERE k BETWEEN 8530205 AND 8530305
	Bitmap Heap Scan on sbtest8  (cost=5.48..409.07 rows=102 width=125)
	  Recheck Cond: ((k >= 8530205) AND (k <= 8530305))
	  ->  Bitmap Index Scan on k_8  (cost=0.00..5.45 rows=102 width=0)
	        Index Cond: ((k >= 8530205) AND (k <= 8530305))

explain: for range-notcovered :: explain SELECT k, c FROM sbtest%d WHERE k BETWEEN 8530205 AND 8530305
for range-notcovered
table 1 : explain SELECT k, c FROM sbtest1 WHERE k BETWEEN 6031503 AND 6031603
	Bitmap Heap Scan on sbtest1  (cost=5.39..373.61 rows=93 width=125)
	  Recheck Cond: ((k >= 6031503) AND (k <= 6031603))
	  ->  Bitmap Index Scan on k_1  (cost=0.00..5.36 rows=93 width=0)
	        Index Cond: ((k >= 6031503) AND (k <= 6031603))

table 2 : explain SELECT k, c FROM sbtest2 WHERE k BETWEEN 6031503 AND 6031603
	Bitmap Heap Scan on sbtest2  (cost=5.46..401.19 rows=100 width=125)
	  Recheck Cond: ((k >= 6031503) AND (k <= 6031603))
	  ->  Bitmap Index Scan on k_2  (cost=0.00..5.43 rows=100 width=0)
	        Index Cond: ((k >= 6031503) AND (k <= 6031603))

table 3 : explain SELECT k, c FROM sbtest3 WHERE k BETWEEN 6031503 AND 6031603
	Bitmap Heap Scan on sbtest3  (cost=5.51..420.88 rows=105 width=125)
	  Recheck Cond: ((k >= 6031503) AND (k <= 6031603))
	  ->  Bitmap Index Scan on k_3  (cost=0.00..5.48 rows=105 width=0)
	        Index Cond: ((k >= 6031503) AND (k <= 6031603))

table 4 : explain SELECT k, c FROM sbtest4 WHERE k BETWEEN 6031503 AND 6031603
	Bitmap Heap Scan on sbtest4  (cost=5.45..397.25 rows=99 width=125)
	  Recheck Cond: ((k >= 6031503) AND (k <= 6031603))
	  ->  Bitmap Index Scan on k_4  (cost=0.00..5.42 rows=99 width=0)
	        Index Cond: ((k >= 6031503) AND (k <= 6031603))

table 5 : explain SELECT k, c FROM sbtest5 WHERE k BETWEEN 6031503 AND 6031603
	Bitmap Heap Scan on sbtest5  (cost=5.40..377.55 rows=94 width=125)
	  Recheck Cond: ((k >= 6031503) AND (k <= 6031603))
	  ->  Bitmap Index Scan on k_5  (cost=0.00..5.38 rows=94 width=0)
	        Index Cond: ((k >= 6031503) AND (k <= 6031603))

table 6 : explain SELECT k, c FROM sbtest6 WHERE k BETWEEN 6031503 AND 6031603
	Bitmap Heap Scan on sbtest6  (cost=5.49..413.00 rows=103 width=125)
	  Recheck Cond: ((k >= 6031503) AND (k <= 6031603))
	  ->  Bitmap Index Scan on k_6  (cost=0.00..5.46 rows=103 width=0)
	        Index Cond: ((k >= 6031503) AND (k <= 6031603))

table 7 : explain SELECT k, c FROM sbtest7 WHERE k BETWEEN 6031503 AND 6031603
	Bitmap Heap Scan on sbtest7  (cost=5.52..424.81 rows=106 width=125)
	  Recheck Cond: ((k >= 6031503) AND (k <= 6031603))
	  ->  Bitmap Index Scan on k_7  (cost=0.00..5.50 rows=106 width=0)
	        Index Cond: ((k >= 6031503) AND (k <= 6031603))

table 8 : explain SELECT k, c FROM sbtest8 WHERE k BETWEEN 6031503 AND 6031603
	Bitmap Heap Scan on sbtest8  (cost=5.47..405.13 rows=101 width=125)
	  Recheck Cond: ((k >= 6031503) AND (k <= 6031603))
	  ->  Bitmap Index Scan on k_8  (cost=0.00..5.44 rows=101 width=0)
	        Index Cond: ((k >= 6031503) AND (k <= 6031603))

explain: for range-notcovered :: explain SELECT k, c FROM sbtest%d WHERE k BETWEEN 6031503 AND 6031603
for range-notcovered
table 1 : explain SELECT k, c FROM sbtest1 WHERE k BETWEEN 6080686 AND 6080786
	Bitmap Heap Scan on sbtest1  (cost=5.39..373.61 rows=93 width=125)
	  Recheck Cond: ((k >= 6080686) AND (k <= 6080786))
	  ->  Bitmap Index Scan on k_1  (cost=0.00..5.36 rows=93 width=0)
	        Index Cond: ((k >= 6080686) AND (k <= 6080786))

table 2 : explain SELECT k, c FROM sbtest2 WHERE k BETWEEN 6080686 AND 6080786
	Bitmap Heap Scan on sbtest2  (cost=5.51..420.88 rows=105 width=125)
	  Recheck Cond: ((k >= 6080686) AND (k <= 6080786))
	  ->  Bitmap Index Scan on k_2  (cost=0.00..5.48 rows=105 width=0)
	        Index Cond: ((k >= 6080686) AND (k <= 6080786))

table 3 : explain SELECT k, c FROM sbtest3 WHERE k BETWEEN 6080686 AND 6080786
	Bitmap Heap Scan on sbtest3  (cost=5.51..420.88 rows=105 width=125)
	  Recheck Cond: ((k >= 6080686) AND (k <= 6080786))
	  ->  Bitmap Index Scan on k_3  (cost=0.00..5.48 rows=105 width=0)
	        Index Cond: ((k >= 6080686) AND (k <= 6080786))

table 4 : explain SELECT k, c FROM sbtest4 WHERE k BETWEEN 6080686 AND 6080786
	Bitmap Heap Scan on sbtest4  (cost=5.51..420.88 rows=105 width=125)
	  Recheck Cond: ((k >= 6080686) AND (k <= 6080786))
	  ->  Bitmap Index Scan on k_4  (cost=0.00..5.48 rows=105 width=0)
	        Index Cond: ((k >= 6080686) AND (k <= 6080786))

table 5 : explain SELECT k, c FROM sbtest5 WHERE k BETWEEN 6080686 AND 6080786
	Bitmap Heap Scan on sbtest5  (cost=5.40..377.55 rows=94 width=125)
	  Recheck Cond: ((k >= 6080686) AND (k <= 6080786))
	  ->  Bitmap Index Scan on k_5  (cost=0.00..5.38 rows=94 width=0)
	        Index Cond: ((k >= 6080686) AND (k <= 6080786))

table 6 : explain SELECT k, c FROM sbtest6 WHERE k BETWEEN 6080686 AND 6080786
	Bitmap Heap Scan on sbtest6  (cost=5.49..413.00 rows=103 width=125)
	  Recheck Cond: ((k >= 6080686) AND (k <= 6080786))
	  ->  Bitmap Index Scan on k_6  (cost=0.00..5.46 rows=103 width=0)
	        Index Cond: ((k >= 6080686) AND (k <= 6080786))

table 7 : explain SELECT k, c FROM sbtest7 WHERE k BETWEEN 6080686 AND 6080786
	Bitmap Heap Scan on sbtest7  (cost=5.57..444.49 rows=111 width=125)
	  Recheck Cond: ((k >= 6080686) AND (k <= 6080786))
	  ->  Bitmap Index Scan on k_7  (cost=0.00..5.54 rows=111 width=0)
	        Index Cond: ((k >= 6080686) AND (k <= 6080786))

table 8 : explain SELECT k, c FROM sbtest8 WHERE k BETWEEN 6080686 AND 6080786
	Bitmap Heap Scan on sbtest8  (cost=5.47..405.13 rows=101 width=125)
	  Recheck Cond: ((k >= 6080686) AND (k <= 6080786))
	  ->  Bitmap Index Scan on k_8  (cost=0.00..5.44 rows=101 width=0)
	        Index Cond: ((k >= 6080686) AND (k <= 6080786))

for range-notcovered
table 1 : explain SELECT k, c FROM sbtest1 WHERE k BETWEEN 5328324 AND 5328424
	Bitmap Heap Scan on sbtest1  (cost=5.41..381.49 rows=95 width=125)
	  Recheck Cond: ((k >= 5328324) AND (k <= 5328424))
	  ->  Bitmap Index Scan on k_1  (cost=0.00..5.38 rows=95 width=0)
	        Index Cond: ((k >= 5328324) AND (k <= 5328424))

table 2 : explain SELECT k, c FROM sbtest2 WHERE k BETWEEN 5328324 AND 5328424
	Bitmap Heap Scan on sbtest2  (cost=5.40..377.55 rows=94 width=125)
	  Recheck Cond: ((k >= 5328324) AND (k <= 5328424))
	  ->  Bitmap Index Scan on k_2  (cost=0.00..5.38 rows=94 width=0)
	        Index Cond: ((k >= 5328324) AND (k <= 5328424))

table 3 : explain SELECT k, c FROM sbtest3 WHERE k BETWEEN 5328324 AND 5328424
	Bitmap Heap Scan on sbtest3  (cost=5.56..440.56 rows=110 width=125)
	  Recheck Cond: ((k >= 5328324) AND (k <= 5328424))
	  ->  Bitmap Index Scan on k_3  (cost=0.00..5.53 rows=110 width=0)
	        Index Cond: ((k >= 5328324) AND (k <= 5328424))

table 4 : explain SELECT k, c FROM sbtest4 WHERE k BETWEEN 5328324 AND 5328424
	Bitmap Heap Scan on sbtest4  (cost=5.49..413.00 rows=103 width=125)
	  Recheck Cond: ((k >= 5328324) AND (k <= 5328424))
	  ->  Bitmap Index Scan on k_4  (cost=0.00..5.46 rows=103 width=0)
	        Index Cond: ((k >= 5328324) AND (k <= 5328424))

table 5 : explain SELECT k, c FROM sbtest5 WHERE k BETWEEN 5328324 AND 5328424
	Bitmap Heap Scan on sbtest5  (cost=5.55..436.62 rows=109 width=125)
	  Recheck Cond: ((k >= 5328324) AND (k <= 5328424))
	  ->  Bitmap Index Scan on k_5  (cost=0.00..5.52 rows=109 width=0)
	        Index Cond: ((k >= 5328324) AND (k <= 5328424))

table 6 : explain SELECT k, c FROM sbtest6 WHERE k BETWEEN 5328324 AND 5328424
	Bitmap Heap Scan on sbtest6  (cost=5.48..409.07 rows=102 width=125)
	  Recheck Cond: ((k >= 5328324) AND (k <= 5328424))
	  ->  Bitmap Index Scan on k_6  (cost=0.00..5.45 rows=102 width=0)
	        Index Cond: ((k >= 5328324) AND (k <= 5328424))

table 7 : explain SELECT k, c FROM sbtest7 WHERE k BETWEEN 5328324 AND 5328424
	Bitmap Heap Scan on sbtest7  (cost=5.45..397.25 rows=99 width=125)
	  Recheck Cond: ((k >= 5328324) AND (k <= 5328424))
	  ->  Bitmap Index Scan on k_7  (cost=0.00..5.42 rows=99 width=0)
	        Index Cond: ((k >= 5328324) AND (k <= 5328424))

table 8 : explain SELECT k, c FROM sbtest8 WHERE k BETWEEN 5328324 AND 5328424
	Bitmap Heap Scan on sbtest8  (cost=5.46..401.19 rows=100 width=125)
	  Recheck Cond: ((k >= 5328324) AND (k <= 5328424))
	  ->  Bitmap Index Scan on k_8  (cost=0.00..5.43 rows=100 width=0)
	        Index Cond: ((k >= 5328324) AND (k <= 5328424))

explain: for range-notcovered :: explain SELECT k, c FROM sbtest%d WHERE k BETWEEN 6080686 AND 6080786
for range-notcovered
table 1 : explain SELECT k, c FROM sbtest1 WHERE k BETWEEN 7984100 AND 7984200
	Bitmap Heap Scan on sbtest1  (cost=5.47..405.13 rows=101 width=125)
	  Recheck Cond: ((k >= 7984100) AND (k <= 7984200))
	  ->  Bitmap Index Scan on k_1  (cost=0.00..5.44 rows=101 width=0)
	        Index Cond: ((k >= 7984100) AND (k <= 7984200))

table 2 : explain SELECT k, c FROM sbtest2 WHERE k BETWEEN 7984100 AND 7984200
	Bitmap Heap Scan on sbtest2  (cost=5.54..432.69 rows=108 width=125)
	  Recheck Cond: ((k >= 7984100) AND (k <= 7984200))
	  ->  Bitmap Index Scan on k_2  (cost=0.00..5.51 rows=108 width=0)
	        Index Cond: ((k >= 7984100) AND (k <= 7984200))

table 3 : explain SELECT k, c FROM sbtest3 WHERE k BETWEEN 7984100 AND 7984200
	Bitmap Heap Scan on sbtest3  (cost=5.46..401.19 rows=100 width=125)
	  Recheck Cond: ((k >= 7984100) AND (k <= 7984200))
	  ->  Bitmap Index Scan on k_3  (cost=0.00..5.43 rows=100 width=0)
	        Index Cond: ((k >= 7984100) AND (k <= 7984200))

table 4 : explain SELECT k, c FROM sbtest4 WHERE k BETWEEN 7984100 AND 7984200
	Bitmap Heap Scan on sbtest4  (cost=5.58..448.42 rows=112 width=125)
	  Recheck Cond: ((k >= 7984100) AND (k <= 7984200))
	  ->  Bitmap Index Scan on k_4  (cost=0.00..5.55 rows=112 width=0)
	        Index Cond: ((k >= 7984100) AND (k <= 7984200))

table 5 : explain SELECT k, c FROM sbtest5 WHERE k BETWEEN 7984100 AND 7984200
	Bitmap Heap Scan on sbtest5  (cost=5.44..393.31 rows=98 width=125)
	  Recheck Cond: ((k >= 7984100) AND (k <= 7984200))
	  ->  Bitmap Index Scan on k_5  (cost=0.00..5.42 rows=98 width=0)
	        Index Cond: ((k >= 7984100) AND (k <= 7984200))

table 6 : explain SELECT k, c FROM sbtest6 WHERE k BETWEEN 7984100 AND 7984200
	Bitmap Heap Scan on sbtest6  (cost=5.53..428.75 rows=107 width=125)
	  Recheck Cond: ((k >= 7984100) AND (k <= 7984200))
	  ->  Bitmap Index Scan on k_6  (cost=0.00..5.50 rows=107 width=0)
	        Index Cond: ((k >= 7984100) AND (k <= 7984200))

table 7 : explain SELECT k, c FROM sbtest7 WHERE k BETWEEN 7984100 AND 7984200
	Bitmap Heap Scan on sbtest7  (cost=5.45..397.25 rows=99 width=125)
	  Recheck Cond: ((k >= 7984100) AND (k <= 7984200))
	  ->  Bitmap Index Scan on k_7  (cost=0.00..5.42 rows=99 width=0)
	        Index Cond: ((k >= 7984100) AND (k <= 7984200))

table 8 : explain SELECT k, c FROM sbtest8 WHERE k BETWEEN 7984100 AND 7984200
	Bitmap Heap Scan on sbtest8  (cost=5.44..393.31 rows=98 width=125)
	  Recheck Cond: ((k >= 7984100) AND (k <= 7984200))
	  ->  Bitmap Index Scan on k_8  (cost=0.00..5.42 rows=98 width=0)
	        Index Cond: ((k >= 7984100) AND (k <= 7984200))

explain: for range-notcovered :: explain SELECT k, c FROM sbtest%d WHERE k BETWEEN 5328324 AND 5328424
explain: for range-notcovered :: explain SELECT k, c FROM sbtest%d WHERE k BETWEEN 4625394 AND 4625494
explain: for range-notcovered :: explain SELECT k, c FROM sbtest%d WHERE k BETWEEN 7984100 AND 7984200
explain: for range-notcovered :: explain SELECT k, c FROM sbtest%d WHERE k BETWEEN 4385473 AND 4385573
for range-notcovered
table 1 : explain SELECT k, c FROM sbtest1 WHERE k BETWEEN 8530205 AND 8530305
	Bitmap Heap Scan on sbtest1  (cost=5.46..401.19 rows=100 width=125)
	  Recheck Cond: ((k >= 8530205) AND (k <= 8530305))
	  ->  Bitmap Index Scan on k_1  (cost=0.00..5.43 rows=100 width=0)
	        Index Cond: ((k >= 8530205) AND (k <= 8530305))

table 2 : explain SELECT k, c FROM sbtest2 WHERE k BETWEEN 8530205 AND 8530305
	Bitmap Heap Scan on sbtest2  (cost=5.50..416.94 rows=104 width=125)
	  Recheck Cond: ((k >= 8530205) AND (k <= 8530305))
	  ->  Bitmap Index Scan on k_2  (cost=0.00..5.47 rows=104 width=0)
	        Index Cond: ((k >= 8530205) AND (k <= 8530305))

table 3 : explain SELECT k, c FROM sbtest3 WHERE k BETWEEN 8530205 AND 8530305
	Bitmap Heap Scan on sbtest3  (cost=5.42..385.43 rows=96 width=125)
	  Recheck Cond: ((k >= 8530205) AND (k <= 8530305))
	  ->  Bitmap Index Scan on k_3  (cost=0.00..5.39 rows=96 width=0)
	        Index Cond: ((k >= 8530205) AND (k <= 8530305))

table 4 : explain SELECT k, c FROM sbtest4 WHERE k BETWEEN 8530205 AND 8530305
	Bitmap Heap Scan on sbtest4  (cost=5.48..409.07 rows=102 width=125)
	  Recheck Cond: ((k >= 8530205) AND (k <= 8530305))
	  ->  Bitmap Index Scan on k_4  (cost=0.00..5.45 rows=102 width=0)
	        Index Cond: ((k >= 8530205) AND (k <= 8530305))

table 5 : explain SELECT k, c FROM sbtest5 WHERE k BETWEEN 8530205 AND 8530305
	Bitmap Heap Scan on sbtest5  (cost=5.51..420.88 rows=105 width=125)
	  Recheck Cond: ((k >= 8530205) AND (k <= 8530305))
	  ->  Bitmap Index Scan on k_5  (cost=0.00..5.48 rows=105 width=0)
	        Index Cond: ((k >= 8530205) AND (k <= 8530305))

table 6 : explain SELECT k, c FROM sbtest6 WHERE k BETWEEN 8530205 AND 8530305
	Bitmap Heap Scan on sbtest6  (cost=5.46..401.19 rows=100 width=125)
	  Recheck Cond: ((k >= 8530205) AND (k <= 8530305))
	  ->  Bitmap Index Scan on k_6  (cost=0.00..5.43 rows=100 width=0)
	        Index Cond: ((k >= 8530205) AND (k <= 8530305))

table 7 : explain SELECT k, c FROM sbtest7 WHERE k BETWEEN 8530205 AND 8530305
	Bitmap Heap Scan on sbtest7  (cost=5.56..440.56 rows=110 width=125)
	  Recheck Cond: ((k >= 8530205) AND (k <= 8530305))
	  ->  Bitmap Index Scan on k_7  (cost=0.00..5.53 rows=110 width=0)
	        Index Cond: ((k >= 8530205) AND (k <= 8530305))

table 8 : explain SELECT k, c FROM sbtest8 WHERE k BETWEEN 8530205 AND 8530305
	Bitmap Heap Scan on sbtest8  (cost=5.48..409.07 rows=102 width=125)
	  Recheck Cond: ((k >= 8530205) AND (k <= 8530305))
	  ->  Bitmap Index Scan on k_8  (cost=0.00..5.45 rows=102 width=0)
	        Index Cond: ((k >= 8530205) AND (k <= 8530305))

explain: for range-notcovered :: explain SELECT k, c FROM sbtest%d WHERE k BETWEEN 8530205 AND 8530305
for range-notcovered
table 1 : explain SELECT k, c FROM sbtest1 WHERE k BETWEEN 6031503 AND 6031603
	Bitmap Heap Scan on sbtest1  (cost=5.39..373.61 rows=93 width=125)
	  Recheck Cond: ((k >= 6031503) AND (k <= 6031603))
	  ->  Bitmap Index Scan on k_1  (cost=0.00..5.36 rows=93 width=0)
	        Index Cond: ((k >= 6031503) AND (k <= 6031603))

table 2 : explain SELECT k, c FROM sbtest2 WHERE k BETWEEN 6031503 AND 6031603
	Bitmap Heap Scan on sbtest2  (cost=5.46..401.19 rows=100 width=125)
	  Recheck Cond: ((k >= 6031503) AND (k <= 6031603))
	  ->  Bitmap Index Scan on k_2  (cost=0.00..5.43 rows=100 width=0)
	        Index Cond: ((k >= 6031503) AND (k <= 6031603))

table 3 : explain SELECT k, c FROM sbtest3 WHERE k BETWEEN 6031503 AND 6031603
	Bitmap Heap Scan on sbtest3  (cost=5.51..420.88 rows=105 width=125)
	  Recheck Cond: ((k >= 6031503) AND (k <= 6031603))
	  ->  Bitmap Index Scan on k_3  (cost=0.00..5.48 rows=105 width=0)
	        Index Cond: ((k >= 6031503) AND (k <= 6031603))

table 4 : explain SELECT k, c FROM sbtest4 WHERE k BETWEEN 6031503 AND 6031603
	Bitmap Heap Scan on sbtest4  (cost=5.45..397.25 rows=99 width=125)
	  Recheck Cond: ((k >= 6031503) AND (k <= 6031603))
	  ->  Bitmap Index Scan on k_4  (cost=0.00..5.42 rows=99 width=0)
	        Index Cond: ((k >= 6031503) AND (k <= 6031603))

table 5 : explain SELECT k, c FROM sbtest5 WHERE k BETWEEN 6031503 AND 6031603
	Bitmap Heap Scan on sbtest5  (cost=5.40..377.55 rows=94 width=125)
	  Recheck Cond: ((k >= 6031503) AND (k <= 6031603))
	  ->  Bitmap Index Scan on k_5  (cost=0.00..5.38 rows=94 width=0)
	        Index Cond: ((k >= 6031503) AND (k <= 6031603))

table 6 : explain SELECT k, c FROM sbtest6 WHERE k BETWEEN 6031503 AND 6031603
	Bitmap Heap Scan on sbtest6  (cost=5.49..413.00 rows=103 width=125)
	  Recheck Cond: ((k >= 6031503) AND (k <= 6031603))
	  ->  Bitmap Index Scan on k_6  (cost=0.00..5.46 rows=103 width=0)
	        Index Cond: ((k >= 6031503) AND (k <= 6031603))

table 7 : explain SELECT k, c FROM sbtest7 WHERE k BETWEEN 6031503 AND 6031603
	Bitmap Heap Scan on sbtest7  (cost=5.52..424.81 rows=106 width=125)
	  Recheck Cond: ((k >= 6031503) AND (k <= 6031603))
	  ->  Bitmap Index Scan on k_7  (cost=0.00..5.50 rows=106 width=0)
	        Index Cond: ((k >= 6031503) AND (k <= 6031603))

table 8 : explain SELECT k, c FROM sbtest8 WHERE k BETWEEN 6031503 AND 6031603
	Bitmap Heap Scan on sbtest8  (cost=5.47..405.13 rows=101 width=125)
	  Recheck Cond: ((k >= 6031503) AND (k <= 6031603))
	  ->  Bitmap Index Scan on k_8  (cost=0.00..5.44 rows=101 width=0)
	        Index Cond: ((k >= 6031503) AND (k <= 6031603))

explain: for range-notcovered :: explain SELECT k, c FROM sbtest%d WHERE k BETWEEN 6031503 AND 6031603
for range-notcovered
table 1 : explain SELECT k, c FROM sbtest1 WHERE k BETWEEN 6080686 AND 6080786
	Bitmap Heap Scan on sbtest1  (cost=5.39..373.61 rows=93 width=125)
	  Recheck Cond: ((k >= 6080686) AND (k <= 6080786))
	  ->  Bitmap Index Scan on k_1  (cost=0.00..5.36 rows=93 width=0)
	        Index Cond: ((k >= 6080686) AND (k <= 6080786))

table 2 : explain SELECT k, c FROM sbtest2 WHERE k BETWEEN 6080686 AND 6080786
	Bitmap Heap Scan on sbtest2  (cost=5.51..420.88 rows=105 width=125)
	  Recheck Cond: ((k >= 6080686) AND (k <= 6080786))
	  ->  Bitmap Index Scan on k_2  (cost=0.00..5.48 rows=105 width=0)
	        Index Cond: ((k >= 6080686) AND (k <= 6080786))

table 3 : explain SELECT k, c FROM sbtest3 WHERE k BETWEEN 6080686 AND 6080786
	Bitmap Heap Scan on sbtest3  (cost=5.51..420.88 rows=105 width=125)
	  Recheck Cond: ((k >= 6080686) AND (k <= 6080786))
	  ->  Bitmap Index Scan on k_3  (cost=0.00..5.48 rows=105 width=0)
	        Index Cond: ((k >= 6080686) AND (k <= 6080786))

table 4 : explain SELECT k, c FROM sbtest4 WHERE k BETWEEN 6080686 AND 6080786
	Bitmap Heap Scan on sbtest4  (cost=5.51..420.88 rows=105 width=125)
	  Recheck Cond: ((k >= 6080686) AND (k <= 6080786))
	  ->  Bitmap Index Scan on k_4  (cost=0.00..5.48 rows=105 width=0)
	        Index Cond: ((k >= 6080686) AND (k <= 6080786))

table 5 : explain SELECT k, c FROM sbtest5 WHERE k BETWEEN 6080686 AND 6080786
	Bitmap Heap Scan on sbtest5  (cost=5.40..377.55 rows=94 width=125)
	  Recheck Cond: ((k >= 6080686) AND (k <= 6080786))
	  ->  Bitmap Index Scan on k_5  (cost=0.00..5.38 rows=94 width=0)
	        Index Cond: ((k >= 6080686) AND (k <= 6080786))

table 6 : explain SELECT k, c FROM sbtest6 WHERE k BETWEEN 6080686 AND 6080786
	Bitmap Heap Scan on sbtest6  (cost=5.49..413.00 rows=103 width=125)
	  Recheck Cond: ((k >= 6080686) AND (k <= 6080786))
	  ->  Bitmap Index Scan on k_6  (cost=0.00..5.46 rows=103 width=0)
	        Index Cond: ((k >= 6080686) AND (k <= 6080786))

table 7 : explain SELECT k, c FROM sbtest7 WHERE k BETWEEN 6080686 AND 6080786
	Bitmap Heap Scan on sbtest7  (cost=5.57..444.49 rows=111 width=125)
	  Recheck Cond: ((k >= 6080686) AND (k <= 6080786))
	  ->  Bitmap Index Scan on k_7  (cost=0.00..5.54 rows=111 width=0)
	        Index Cond: ((k >= 6080686) AND (k <= 6080786))

table 8 : explain SELECT k, c FROM sbtest8 WHERE k BETWEEN 6080686 AND 6080786
	Bitmap Heap Scan on sbtest8  (cost=5.47..405.13 rows=101 width=125)
	  Recheck Cond: ((k >= 6080686) AND (k <= 6080786))
	  ->  Bitmap Index Scan on k_8  (cost=0.00..5.44 rows=101 width=0)
	        Index Cond: ((k >= 6080686) AND (k <= 6080786))

for range-notcovered
table 1 : explain SELECT k, c FROM sbtest1 WHERE k BETWEEN 5398303 AND 5398403
	Bitmap Heap Scan on sbtest1  (cost=5.41..381.49 rows=95 width=125)
	  Recheck Cond: ((k >= 5398303) AND (k <= 5398403))
	  ->  Bitmap Index Scan on k_1  (cost=0.00..5.38 rows=95 width=0)
	        Index Cond: ((k >= 5398303) AND (k <= 5398403))

table 2 : explain SELECT k, c FROM sbtest2 WHERE k BETWEEN 5398303 AND 5398403
	Bitmap Heap Scan on sbtest2  (cost=5.46..401.19 rows=100 width=125)
	  Recheck Cond: ((k >= 5398303) AND (k <= 5398403))
	  ->  Bitmap Index Scan on k_2  (cost=0.00..5.43 rows=100 width=0)
	        Index Cond: ((k >= 5398303) AND (k <= 5398403))

table 3 : explain SELECT k, c FROM sbtest3 WHERE k BETWEEN 5398303 AND 5398403
	Bitmap Heap Scan on sbtest3  (cost=5.56..440.56 rows=110 width=125)
	  Recheck Cond: ((k >= 5398303) AND (k <= 5398403))
	  ->  Bitmap Index Scan on k_3  (cost=0.00..5.53 rows=110 width=0)
	        Index Cond: ((k >= 5398303) AND (k <= 5398403))

table 4 : explain SELECT k, c FROM sbtest4 WHERE k BETWEEN 5398303 AND 5398403
	Bitmap Heap Scan on sbtest4  (cost=5.49..413.00 rows=103 width=125)
	  Recheck Cond: ((k >= 5398303) AND (k <= 5398403))
	  ->  Bitmap Index Scan on k_4  (cost=0.00..5.46 rows=103 width=0)
	        Index Cond: ((k >= 5398303) AND (k <= 5398403))

table 5 : explain SELECT k, c FROM sbtest5 WHERE k BETWEEN 5398303 AND 5398403
	Bitmap Heap Scan on sbtest5  (cost=5.40..377.55 rows=94 width=125)
	  Recheck Cond: ((k >= 5398303) AND (k <= 5398403))
	  ->  Bitmap Index Scan on k_5  (cost=0.00..5.38 rows=94 width=0)
	        Index Cond: ((k >= 5398303) AND (k <= 5398403))

table 6 : explain SELECT k, c FROM sbtest6 WHERE k BETWEEN 5398303 AND 5398403
	Bitmap Heap Scan on sbtest6  (cost=5.48..409.07 rows=102 width=125)
	  Recheck Cond: ((k >= 5398303) AND (k <= 5398403))
	  ->  Bitmap Index Scan on k_6  (cost=0.00..5.45 rows=102 width=0)
	        Index Cond: ((k >= 5398303) AND (k <= 5398403))

table 7 : explain SELECT k, c FROM sbtest7 WHERE k BETWEEN 5398303 AND 5398403
	Bitmap Heap Scan on sbtest7  (cost=5.50..416.94 rows=104 width=125)
	  Recheck Cond: ((k >= 5398303) AND (k <= 5398403))
	  ->  Bitmap Index Scan on k_7  (cost=0.00..5.47 rows=104 width=0)
	        Index Cond: ((k >= 5398303) AND (k <= 5398403))

table 8 : explain SELECT k, c FROM sbtest8 WHERE k BETWEEN 5398303 AND 5398403
	Bitmap Heap Scan on sbtest8  (cost=5.46..401.19 rows=100 width=125)
	  Recheck Cond: ((k >= 5398303) AND (k <= 5398403))
	  ->  Bitmap Index Scan on k_8  (cost=0.00..5.43 rows=100 width=0)
	        Index Cond: ((k >= 5398303) AND (k <= 5398403))

for range-notcovered
table 1 : explain SELECT k, c FROM sbtest1 WHERE k BETWEEN 5328324 AND 5328424
	Bitmap Heap Scan on sbtest1  (cost=5.41..381.49 rows=95 width=125)
	  Recheck Cond: ((k >= 5328324) AND (k <= 5328424))
	  ->  Bitmap Index Scan on k_1  (cost=0.00..5.38 rows=95 width=0)
	        Index Cond: ((k >= 5328324) AND (k <= 5328424))

table 2 : explain SELECT k, c FROM sbtest2 WHERE k BETWEEN 5328324 AND 5328424
	Bitmap Heap Scan on sbtest2  (cost=5.40..377.55 rows=94 width=125)
	  Recheck Cond: ((k >= 5328324) AND (k <= 5328424))
	  ->  Bitmap Index Scan on k_2  (cost=0.00..5.38 rows=94 width=0)
	        Index Cond: ((k >= 5328324) AND (k <= 5328424))

table 3 : explain SELECT k, c FROM sbtest3 WHERE k BETWEEN 5328324 AND 5328424
	Bitmap Heap Scan on sbtest3  (cost=5.56..440.56 rows=110 width=125)
	  Recheck Cond: ((k >= 5328324) AND (k <= 5328424))
	  ->  Bitmap Index Scan on k_3  (cost=0.00..5.53 rows=110 width=0)
	        Index Cond: ((k >= 5328324) AND (k <= 5328424))

table 4 : explain SELECT k, c FROM sbtest4 WHERE k BETWEEN 5328324 AND 5328424
	Bitmap Heap Scan on sbtest4  (cost=5.49..413.00 rows=103 width=125)
	  Recheck Cond: ((k >= 5328324) AND (k <= 5328424))
	  ->  Bitmap Index Scan on k_4  (cost=0.00..5.46 rows=103 width=0)
	        Index Cond: ((k >= 5328324) AND (k <= 5328424))

table 5 : explain SELECT k, c FROM sbtest5 WHERE k BETWEEN 5328324 AND 5328424
	Bitmap Heap Scan on sbtest5  (cost=5.55..436.62 rows=109 width=125)
	  Recheck Cond: ((k >= 5328324) AND (k <= 5328424))
	  ->  Bitmap Index Scan on k_5  (cost=0.00..5.52 rows=109 width=0)
	        Index Cond: ((k >= 5328324) AND (k <= 5328424))

table 6 : explain SELECT k, c FROM sbtest6 WHERE k BETWEEN 5328324 AND 5328424
	Bitmap Heap Scan on sbtest6  (cost=5.48..409.07 rows=102 width=125)
	  Recheck Cond: ((k >= 5328324) AND (k <= 5328424))
	  ->  Bitmap Index Scan on k_6  (cost=0.00..5.45 rows=102 width=0)
	        Index Cond: ((k >= 5328324) AND (k <= 5328424))

table 7 : explain SELECT k, c FROM sbtest7 WHERE k BETWEEN 5328324 AND 5328424
	Bitmap Heap Scan on sbtest7  (cost=5.45..397.25 rows=99 width=125)
	  Recheck Cond: ((k >= 5328324) AND (k <= 5328424))
	  ->  Bitmap Index Scan on k_7  (cost=0.00..5.42 rows=99 width=0)
	        Index Cond: ((k >= 5328324) AND (k <= 5328424))

table 8 : explain SELECT k, c FROM sbtest8 WHERE k BETWEEN 5328324 AND 5328424
	Bitmap Heap Scan on sbtest8  (cost=5.46..401.19 rows=100 width=125)
	  Recheck Cond: ((k >= 5328324) AND (k <= 5328424))
	  ->  Bitmap Index Scan on k_8  (cost=0.00..5.43 rows=100 width=0)
	        Index Cond: ((k >= 5328324) AND (k <= 5328424))

explain: for range-notcovered :: explain SELECT k, c FROM sbtest%d WHERE k BETWEEN 5398303 AND 5398403
explain: for range-notcovered :: explain SELECT k, c FROM sbtest%d WHERE k BETWEEN 5328324 AND 5328424
for range-notcovered
table 1 : explain SELECT k, c FROM sbtest1 WHERE k BETWEEN 8530205 AND 8530305
	Bitmap Heap Scan on sbtest1  (cost=5.46..401.19 rows=100 width=125)
	  Recheck Cond: ((k >= 8530205) AND (k <= 8530305))
	  ->  Bitmap Index Scan on k_1  (cost=0.00..5.43 rows=100 width=0)
	        Index Cond: ((k >= 8530205) AND (k <= 8530305))

table 2 : explain SELECT k, c FROM sbtest2 WHERE k BETWEEN 8530205 AND 8530305
	Bitmap Heap Scan on sbtest2  (cost=5.50..416.94 rows=104 width=125)
	  Recheck Cond: ((k >= 8530205) AND (k <= 8530305))
	  ->  Bitmap Index Scan on k_2  (cost=0.00..5.47 rows=104 width=0)
	        Index Cond: ((k >= 8530205) AND (k <= 8530305))

table 3 : explain SELECT k, c FROM sbtest3 WHERE k BETWEEN 8530205 AND 8530305
	Bitmap Heap Scan on sbtest3  (cost=5.42..385.43 rows=96 width=125)
	  Recheck Cond: ((k >= 8530205) AND (k <= 8530305))
	  ->  Bitmap Index Scan on k_3  (cost=0.00..5.39 rows=96 width=0)
	        Index Cond: ((k >= 8530205) AND (k <= 8530305))

table 4 : explain SELECT k, c FROM sbtest4 WHERE k BETWEEN 8530205 AND 8530305
	Bitmap Heap Scan on sbtest4  (cost=5.48..409.07 rows=102 width=125)
	  Recheck Cond: ((k >= 8530205) AND (k <= 8530305))
	  ->  Bitmap Index Scan on k_4  (cost=0.00..5.45 rows=102 width=0)
	        Index Cond: ((k >= 8530205) AND (k <= 8530305))

table 5 : explain SELECT k, c FROM sbtest5 WHERE k BETWEEN 8530205 AND 8530305
	Bitmap Heap Scan on sbtest5  (cost=5.51..420.88 rows=105 width=125)
	  Recheck Cond: ((k >= 8530205) AND (k <= 8530305))
	  ->  Bitmap Index Scan on k_5  (cost=0.00..5.48 rows=105 width=0)
	        Index Cond: ((k >= 8530205) AND (k <= 8530305))

table 6 : explain SELECT k, c FROM sbtest6 WHERE k BETWEEN 8530205 AND 8530305
	Bitmap Heap Scan on sbtest6  (cost=5.46..401.19 rows=100 width=125)
	  Recheck Cond: ((k >= 8530205) AND (k <= 8530305))
	  ->  Bitmap Index Scan on k_6  (cost=0.00..5.43 rows=100 width=0)
	        Index Cond: ((k >= 8530205) AND (k <= 8530305))

table 7 : explain SELECT k, c FROM sbtest7 WHERE k BETWEEN 8530205 AND 8530305
	Bitmap Heap Scan on sbtest7  (cost=5.56..440.56 rows=110 width=125)
	  Recheck Cond: ((k >= 8530205) AND (k <= 8530305))
	  ->  Bitmap Index Scan on k_7  (cost=0.00..5.53 rows=110 width=0)
	        Index Cond: ((k >= 8530205) AND (k <= 8530305))

table 8 : explain SELECT k, c FROM sbtest8 WHERE k BETWEEN 8530205 AND 8530305
	Bitmap Heap Scan on sbtest8  (cost=5.48..409.07 rows=102 width=125)
	  Recheck Cond: ((k >= 8530205) AND (k <= 8530305))
	  ->  Bitmap Index Scan on k_8  (cost=0.00..5.45 rows=102 width=0)
	        Index Cond: ((k >= 8530205) AND (k <= 8530305))

explain: for range-notcovered :: explain SELECT k, c FROM sbtest%d WHERE k BETWEEN 8530205 AND 8530305
for range-notcovered
table 1 : explain SELECT k, c FROM sbtest1 WHERE k BETWEEN 6031503 AND 6031603
	Bitmap Heap Scan on sbtest1  (cost=5.39..373.61 rows=93 width=125)
	  Recheck Cond: ((k >= 6031503) AND (k <= 6031603))
	  ->  Bitmap Index Scan on k_1  (cost=0.00..5.36 rows=93 width=0)
	        Index Cond: ((k >= 6031503) AND (k <= 6031603))

table 2 : explain SELECT k, c FROM sbtest2 WHERE k BETWEEN 6031503 AND 6031603
	Bitmap Heap Scan on sbtest2  (cost=5.46..401.19 rows=100 width=125)
	  Recheck Cond: ((k >= 6031503) AND (k <= 6031603))
	  ->  Bitmap Index Scan on k_2  (cost=0.00..5.43 rows=100 width=0)
	        Index Cond: ((k >= 6031503) AND (k <= 6031603))

table 3 : explain SELECT k, c FROM sbtest3 WHERE k BETWEEN 6031503 AND 6031603
	Bitmap Heap Scan on sbtest3  (cost=5.51..420.88 rows=105 width=125)
	  Recheck Cond: ((k >= 6031503) AND (k <= 6031603))
	  ->  Bitmap Index Scan on k_3  (cost=0.00..5.48 rows=105 width=0)
	        Index Cond: ((k >= 6031503) AND (k <= 6031603))

table 4 : explain SELECT k, c FROM sbtest4 WHERE k BETWEEN 6031503 AND 6031603
	Bitmap Heap Scan on sbtest4  (cost=5.45..397.25 rows=99 width=125)
	  Recheck Cond: ((k >= 6031503) AND (k <= 6031603))
	  ->  Bitmap Index Scan on k_4  (cost=0.00..5.42 rows=99 width=0)
	        Index Cond: ((k >= 6031503) AND (k <= 6031603))

table 5 : explain SELECT k, c FROM sbtest5 WHERE k BETWEEN 6031503 AND 6031603
	Bitmap Heap Scan on sbtest5  (cost=5.40..377.55 rows=94 width=125)
	  Recheck Cond: ((k >= 6031503) AND (k <= 6031603))
	  ->  Bitmap Index Scan on k_5  (cost=0.00..5.38 rows=94 width=0)
	        Index Cond: ((k >= 6031503) AND (k <= 6031603))

table 6 : explain SELECT k, c FROM sbtest6 WHERE k BETWEEN 6031503 AND 6031603
	Bitmap Heap Scan on sbtest6  (cost=5.49..413.00 rows=103 width=125)
	  Recheck Cond: ((k >= 6031503) AND (k <= 6031603))
	  ->  Bitmap Index Scan on k_6  (cost=0.00..5.46 rows=103 width=0)
	        Index Cond: ((k >= 6031503) AND (k <= 6031603))

table 7 : explain SELECT k, c FROM sbtest7 WHERE k BETWEEN 6031503 AND 6031603
	Bitmap Heap Scan on sbtest7  (cost=5.52..424.81 rows=106 width=125)
	  Recheck Cond: ((k >= 6031503) AND (k <= 6031603))
	  ->  Bitmap Index Scan on k_7  (cost=0.00..5.50 rows=106 width=0)
	        Index Cond: ((k >= 6031503) AND (k <= 6031603))

table 8 : explain SELECT k, c FROM sbtest8 WHERE k BETWEEN 6031503 AND 6031603
	Bitmap Heap Scan on sbtest8  (cost=5.47..405.13 rows=101 width=125)
	  Recheck Cond: ((k >= 6031503) AND (k <= 6031603))
	  ->  Bitmap Index Scan on k_8  (cost=0.00..5.44 rows=101 width=0)
	        Index Cond: ((k >= 6031503) AND (k <= 6031603))

for range-notcovered
table 1 : explain SELECT k, c FROM sbtest1 WHERE k BETWEEN 7984100 AND 7984200
	Bitmap Heap Scan on sbtest1  (cost=5.47..405.13 rows=101 width=125)
	  Recheck Cond: ((k >= 7984100) AND (k <= 7984200))
	  ->  Bitmap Index Scan on k_1  (cost=0.00..5.44 rows=101 width=0)
	        Index Cond: ((k >= 7984100) AND (k <= 7984200))

table 2 : explain SELECT k, c FROM sbtest2 WHERE k BETWEEN 7984100 AND 7984200
	Bitmap Heap Scan on sbtest2  (cost=5.54..432.69 rows=108 width=125)
	  Recheck Cond: ((k >= 7984100) AND (k <= 7984200))
	  ->  Bitmap Index Scan on k_2  (cost=0.00..5.51 rows=108 width=0)
	        Index Cond: ((k >= 7984100) AND (k <= 7984200))

table 3 : explain SELECT k, c FROM sbtest3 WHERE k BETWEEN 7984100 AND 7984200
	Bitmap Heap Scan on sbtest3  (cost=5.46..401.19 rows=100 width=125)
	  Recheck Cond: ((k >= 7984100) AND (k <= 7984200))
	  ->  Bitmap Index Scan on k_3  (cost=0.00..5.43 rows=100 width=0)
	        Index Cond: ((k >= 7984100) AND (k <= 7984200))

table 4 : explain SELECT k, c FROM sbtest4 WHERE k BETWEEN 7984100 AND 7984200
	Bitmap Heap Scan on sbtest4  (cost=5.58..448.42 rows=112 width=125)
	  Recheck Cond: ((k >= 7984100) AND (k <= 7984200))
	  ->  Bitmap Index Scan on k_4  (cost=0.00..5.55 rows=112 width=0)
	        Index Cond: ((k >= 7984100) AND (k <= 7984200))

table 5 : explain SELECT k, c FROM sbtest5 WHERE k BETWEEN 7984100 AND 7984200
	Bitmap Heap Scan on sbtest5  (cost=5.44..393.31 rows=98 width=125)
	  Recheck Cond: ((k >= 7984100) AND (k <= 7984200))
	  ->  Bitmap Index Scan on k_5  (cost=0.00..5.42 rows=98 width=0)
	        Index Cond: ((k >= 7984100) AND (k <= 7984200))

table 6 : explain SELECT k, c FROM sbtest6 WHERE k BETWEEN 7984100 AND 7984200
	Bitmap Heap Scan on sbtest6  (cost=5.53..428.75 rows=107 width=125)
	  Recheck Cond: ((k >= 7984100) AND (k <= 7984200))
	  ->  Bitmap Index Scan on k_6  (cost=0.00..5.50 rows=107 width=0)
	        Index Cond: ((k >= 7984100) AND (k <= 7984200))

table 7 : explain SELECT k, c FROM sbtest7 WHERE k BETWEEN 7984100 AND 7984200
	Bitmap Heap Scan on sbtest7  (cost=5.45..397.25 rows=99 width=125)
	  Recheck Cond: ((k >= 7984100) AND (k <= 7984200))
	  ->  Bitmap Index Scan on k_7  (cost=0.00..5.42 rows=99 width=0)
	        Index Cond: ((k >= 7984100) AND (k <= 7984200))

table 8 : explain SELECT k, c FROM sbtest8 WHERE k BETWEEN 7984100 AND 7984200
	Bitmap Heap Scan on sbtest8  (cost=5.44..393.31 rows=98 width=125)
	  Recheck Cond: ((k >= 7984100) AND (k <= 7984200))
	  ->  Bitmap Index Scan on k_8  (cost=0.00..5.42 rows=98 width=0)
	        Index Cond: ((k >= 7984100) AND (k <= 7984200))

for range-notcovered
table 1 : explain SELECT k, c FROM sbtest1 WHERE k BETWEEN 5328324 AND 5328424
	Bitmap Heap Scan on sbtest1  (cost=5.41..381.49 rows=95 width=125)
	  Recheck Cond: ((k >= 5328324) AND (k <= 5328424))
	  ->  Bitmap Index Scan on k_1  (cost=0.00..5.38 rows=95 width=0)
	        Index Cond: ((k >= 5328324) AND (k <= 5328424))

table 2 : explain SELECT k, c FROM sbtest2 WHERE k BETWEEN 5328324 AND 5328424
	Bitmap Heap Scan on sbtest2  (cost=5.40..377.55 rows=94 width=125)
	  Recheck Cond: ((k >= 5328324) AND (k <= 5328424))
	  ->  Bitmap Index Scan on k_2  (cost=0.00..5.38 rows=94 width=0)
	        Index Cond: ((k >= 5328324) AND (k <= 5328424))

table 3 : explain SELECT k, c FROM sbtest3 WHERE k BETWEEN 5328324 AND 5328424
	Bitmap Heap Scan on sbtest3  (cost=5.56..440.56 rows=110 width=125)
	  Recheck Cond: ((k >= 5328324) AND (k <= 5328424))
	  ->  Bitmap Index Scan on k_3  (cost=0.00..5.53 rows=110 width=0)
	        Index Cond: ((k >= 5328324) AND (k <= 5328424))

table 4 : explain SELECT k, c FROM sbtest4 WHERE k BETWEEN 5328324 AND 5328424
	Bitmap Heap Scan on sbtest4  (cost=5.49..413.00 rows=103 width=125)
	  Recheck Cond: ((k >= 5328324) AND (k <= 5328424))
	  ->  Bitmap Index Scan on k_4  (cost=0.00..5.46 rows=103 width=0)
	        Index Cond: ((k >= 5328324) AND (k <= 5328424))

table 5 : explain SELECT k, c FROM sbtest5 WHERE k BETWEEN 5328324 AND 5328424
	Bitmap Heap Scan on sbtest5  (cost=5.55..436.62 rows=109 width=125)
	  Recheck Cond: ((k >= 5328324) AND (k <= 5328424))
	  ->  Bitmap Index Scan on k_5  (cost=0.00..5.52 rows=109 width=0)
	        Index Cond: ((k >= 5328324) AND (k <= 5328424))

table 6 : explain SELECT k, c FROM sbtest6 WHERE k BETWEEN 5328324 AND 5328424
	Bitmap Heap Scan on sbtest6  (cost=5.48..409.07 rows=102 width=125)
	  Recheck Cond: ((k >= 5328324) AND (k <= 5328424))
	  ->  Bitmap Index Scan on k_6  (cost=0.00..5.45 rows=102 width=0)
	        Index Cond: ((k >= 5328324) AND (k <= 5328424))

table 7 : explain SELECT k, c FROM sbtest7 WHERE k BETWEEN 5328324 AND 5328424
	Bitmap Heap Scan on sbtest7  (cost=5.45..397.25 rows=99 width=125)
	  Recheck Cond: ((k >= 5328324) AND (k <= 5328424))
	  ->  Bitmap Index Scan on k_7  (cost=0.00..5.42 rows=99 width=0)
	        Index Cond: ((k >= 5328324) AND (k <= 5328424))

table 8 : explain SELECT k, c FROM sbtest8 WHERE k BETWEEN 5328324 AND 5328424
	Bitmap Heap Scan on sbtest8  (cost=5.46..401.19 rows=100 width=125)
	  Recheck Cond: ((k >= 5328324) AND (k <= 5328424))
	  ->  Bitmap Index Scan on k_8  (cost=0.00..5.43 rows=100 width=0)
	        Index Cond: ((k >= 5328324) AND (k <= 5328424))

explain: for range-notcovered :: explain SELECT k, c FROM sbtest%d WHERE k BETWEEN 7984100 AND 7984200
explain: for range-notcovered :: explain SELECT k, c FROM sbtest%d WHERE k BETWEEN 5328324 AND 5328424
for range-notcovered
table 1 : explain SELECT k, c FROM sbtest1 WHERE k BETWEEN 8530205 AND 8530305
	Bitmap Heap Scan on sbtest1  (cost=5.46..401.19 rows=100 width=125)
	  Recheck Cond: ((k >= 8530205) AND (k <= 8530305))
	  ->  Bitmap Index Scan on k_1  (cost=0.00..5.43 rows=100 width=0)
	        Index Cond: ((k >= 8530205) AND (k <= 8530305))

table 2 : explain SELECT k, c FROM sbtest2 WHERE k BETWEEN 8530205 AND 8530305
	Bitmap Heap Scan on sbtest2  (cost=5.50..416.94 rows=104 width=125)
	  Recheck Cond: ((k >= 8530205) AND (k <= 8530305))
	  ->  Bitmap Index Scan on k_2  (cost=0.00..5.47 rows=104 width=0)
	        Index Cond: ((k >= 8530205) AND (k <= 8530305))

table 3 : explain SELECT k, c FROM sbtest3 WHERE k BETWEEN 8530205 AND 8530305
	Bitmap Heap Scan on sbtest3  (cost=5.42..385.43 rows=96 width=125)
	  Recheck Cond: ((k >= 8530205) AND (k <= 8530305))
	  ->  Bitmap Index Scan on k_3  (cost=0.00..5.39 rows=96 width=0)
	        Index Cond: ((k >= 8530205) AND (k <= 8530305))

table 4 : explain SELECT k, c FROM sbtest4 WHERE k BETWEEN 8530205 AND 8530305
	Bitmap Heap Scan on sbtest4  (cost=5.48..409.07 rows=102 width=125)
	  Recheck Cond: ((k >= 8530205) AND (k <= 8530305))
	  ->  Bitmap Index Scan on k_4  (cost=0.00..5.45 rows=102 width=0)
	        Index Cond: ((k >= 8530205) AND (k <= 8530305))

table 5 : explain SELECT k, c FROM sbtest5 WHERE k BETWEEN 8530205 AND 8530305
	Bitmap Heap Scan on sbtest5  (cost=5.51..420.88 rows=105 width=125)
	  Recheck Cond: ((k >= 8530205) AND (k <= 8530305))
	  ->  Bitmap Index Scan on k_5  (cost=0.00..5.48 rows=105 width=0)
	        Index Cond: ((k >= 8530205) AND (k <= 8530305))

table 6 : explain SELECT k, c FROM sbtest6 WHERE k BETWEEN 8530205 AND 8530305
	Bitmap Heap Scan on sbtest6  (cost=5.46..401.19 rows=100 width=125)
	  Recheck Cond: ((k >= 8530205) AND (k <= 8530305))
	  ->  Bitmap Index Scan on k_6  (cost=0.00..5.43 rows=100 width=0)
	        Index Cond: ((k >= 8530205) AND (k <= 8530305))

table 7 : explain SELECT k, c FROM sbtest7 WHERE k BETWEEN 8530205 AND 8530305
	Bitmap Heap Scan on sbtest7  (cost=5.56..440.56 rows=110 width=125)
	  Recheck Cond: ((k >= 8530205) AND (k <= 8530305))
	  ->  Bitmap Index Scan on k_7  (cost=0.00..5.53 rows=110 width=0)
	        Index Cond: ((k >= 8530205) AND (k <= 8530305))

table 8 : explain SELECT k, c FROM sbtest8 WHERE k BETWEEN 8530205 AND 8530305
	Bitmap Heap Scan on sbtest8  (cost=5.48..409.07 rows=102 width=125)
	  Recheck Cond: ((k >= 8530205) AND (k <= 8530305))
	  ->  Bitmap Index Scan on k_8  (cost=0.00..5.45 rows=102 width=0)
	        Index Cond: ((k >= 8530205) AND (k <= 8530305))

explain: for range-notcovered :: explain SELECT k, c FROM sbtest%d WHERE k BETWEEN 8530205 AND 8530305
for range-notcovered
table 1 : explain SELECT k, c FROM sbtest1 WHERE k BETWEEN 5398303 AND 5398403
	Bitmap Heap Scan on sbtest1  (cost=5.41..381.49 rows=95 width=125)
	  Recheck Cond: ((k >= 5398303) AND (k <= 5398403))
	  ->  Bitmap Index Scan on k_1  (cost=0.00..5.38 rows=95 width=0)
	        Index Cond: ((k >= 5398303) AND (k <= 5398403))

table 2 : explain SELECT k, c FROM sbtest2 WHERE k BETWEEN 5398303 AND 5398403
	Bitmap Heap Scan on sbtest2  (cost=5.46..401.19 rows=100 width=125)
	  Recheck Cond: ((k >= 5398303) AND (k <= 5398403))
	  ->  Bitmap Index Scan on k_2  (cost=0.00..5.43 rows=100 width=0)
	        Index Cond: ((k >= 5398303) AND (k <= 5398403))

table 3 : explain SELECT k, c FROM sbtest3 WHERE k BETWEEN 5398303 AND 5398403
	Bitmap Heap Scan on sbtest3  (cost=5.56..440.56 rows=110 width=125)
	  Recheck Cond: ((k >= 5398303) AND (k <= 5398403))
	  ->  Bitmap Index Scan on k_3  (cost=0.00..5.53 rows=110 width=0)
	        Index Cond: ((k >= 5398303) AND (k <= 5398403))

table 4 : explain SELECT k, c FROM sbtest4 WHERE k BETWEEN 5398303 AND 5398403
	Bitmap Heap Scan on sbtest4  (cost=5.49..413.00 rows=103 width=125)
	  Recheck Cond: ((k >= 5398303) AND (k <= 5398403))
	  ->  Bitmap Index Scan on k_4  (cost=0.00..5.46 rows=103 width=0)
	        Index Cond: ((k >= 5398303) AND (k <= 5398403))

table 5 : explain SELECT k, c FROM sbtest5 WHERE k BETWEEN 5398303 AND 5398403
	Bitmap Heap Scan on sbtest5  (cost=5.40..377.55 rows=94 width=125)
	  Recheck Cond: ((k >= 5398303) AND (k <= 5398403))
	  ->  Bitmap Index Scan on k_5  (cost=0.00..5.38 rows=94 width=0)
	        Index Cond: ((k >= 5398303) AND (k <= 5398403))

table 6 : explain SELECT k, c FROM sbtest6 WHERE k BETWEEN 5398303 AND 5398403
	Bitmap Heap Scan on sbtest6  (cost=5.48..409.07 rows=102 width=125)
	  Recheck Cond: ((k >= 5398303) AND (k <= 5398403))
	  ->  Bitmap Index Scan on k_6  (cost=0.00..5.45 rows=102 width=0)
	        Index Cond: ((k >= 5398303) AND (k <= 5398403))

table 7 : explain SELECT k, c FROM sbtest7 WHERE k BETWEEN 5398303 AND 5398403
	Bitmap Heap Scan on sbtest7  (cost=5.50..416.94 rows=104 width=125)
	  Recheck Cond: ((k >= 5398303) AND (k <= 5398403))
	  ->  Bitmap Index Scan on k_7  (cost=0.00..5.47 rows=104 width=0)
	        Index Cond: ((k >= 5398303) AND (k <= 5398403))

table 8 : explain SELECT k, c FROM sbtest8 WHERE k BETWEEN 5398303 AND 5398403
	Bitmap Heap Scan on sbtest8  (cost=5.46..401.19 rows=100 width=125)
	  Recheck Cond: ((k >= 5398303) AND (k <= 5398403))
	  ->  Bitmap Index Scan on k_8  (cost=0.00..5.43 rows=100 width=0)
	        Index Cond: ((k >= 5398303) AND (k <= 5398403))

explain: for range-notcovered :: explain SELECT k, c FROM sbtest%d WHERE k BETWEEN 5398303 AND 5398403
for range-notcovered
table 1 : explain SELECT k, c FROM sbtest1 WHERE k BETWEEN 5328324 AND 5328424
	Bitmap Heap Scan on sbtest1  (cost=5.41..381.49 rows=95 width=125)
	  Recheck Cond: ((k >= 5328324) AND (k <= 5328424))
	  ->  Bitmap Index Scan on k_1  (cost=0.00..5.38 rows=95 width=0)
	        Index Cond: ((k >= 5328324) AND (k <= 5328424))

table 2 : explain SELECT k, c FROM sbtest2 WHERE k BETWEEN 5328324 AND 5328424
	Bitmap Heap Scan on sbtest2  (cost=5.40..377.55 rows=94 width=125)
	  Recheck Cond: ((k >= 5328324) AND (k <= 5328424))
	  ->  Bitmap Index Scan on k_2  (cost=0.00..5.38 rows=94 width=0)
	        Index Cond: ((k >= 5328324) AND (k <= 5328424))

table 3 : explain SELECT k, c FROM sbtest3 WHERE k BETWEEN 5328324 AND 5328424
	Bitmap Heap Scan on sbtest3  (cost=5.56..440.56 rows=110 width=125)
	  Recheck Cond: ((k >= 5328324) AND (k <= 5328424))
	  ->  Bitmap Index Scan on k_3  (cost=0.00..5.53 rows=110 width=0)
	        Index Cond: ((k >= 5328324) AND (k <= 5328424))

table 4 : explain SELECT k, c FROM sbtest4 WHERE k BETWEEN 5328324 AND 5328424
	Bitmap Heap Scan on sbtest4  (cost=5.49..413.00 rows=103 width=125)
	  Recheck Cond: ((k >= 5328324) AND (k <= 5328424))
	  ->  Bitmap Index Scan on k_4  (cost=0.00..5.46 rows=103 width=0)
	        Index Cond: ((k >= 5328324) AND (k <= 5328424))

table 5 : explain SELECT k, c FROM sbtest5 WHERE k BETWEEN 5328324 AND 5328424
	Bitmap Heap Scan on sbtest5  (cost=5.55..436.62 rows=109 width=125)
	  Recheck Cond: ((k >= 5328324) AND (k <= 5328424))
	  ->  Bitmap Index Scan on k_5  (cost=0.00..5.52 rows=109 width=0)
	        Index Cond: ((k >= 5328324) AND (k <= 5328424))

table 6 : explain SELECT k, c FROM sbtest6 WHERE k BETWEEN 5328324 AND 5328424
	Bitmap Heap Scan on sbtest6  (cost=5.48..409.07 rows=102 width=125)
	  Recheck Cond: ((k >= 5328324) AND (k <= 5328424))
	  ->  Bitmap Index Scan on k_6  (cost=0.00..5.45 rows=102 width=0)
	        Index Cond: ((k >= 5328324) AND (k <= 5328424))

table 7 : explain SELECT k, c FROM sbtest7 WHERE k BETWEEN 5328324 AND 5328424
	Bitmap Heap Scan on sbtest7  (cost=5.45..397.25 rows=99 width=125)
	  Recheck Cond: ((k >= 5328324) AND (k <= 5328424))
	  ->  Bitmap Index Scan on k_7  (cost=0.00..5.42 rows=99 width=0)
	        Index Cond: ((k >= 5328324) AND (k <= 5328424))

table 8 : explain SELECT k, c FROM sbtest8 WHERE k BETWEEN 5328324 AND 5328424
	Bitmap Heap Scan on sbtest8  (cost=5.46..401.19 rows=100 width=125)
	  Recheck Cond: ((k >= 5328324) AND (k <= 5328424))
	  ->  Bitmap Index Scan on k_8  (cost=0.00..5.43 rows=100 width=0)
	        Index Cond: ((k >= 5328324) AND (k <= 5328424))

explain: for range-notcovered :: explain SELECT k, c FROM sbtest%d WHERE k BETWEEN 5328324 AND 5328424
for range-notcovered
table 1 : explain SELECT k, c FROM sbtest1 WHERE k BETWEEN 8530205 AND 8530305
	Bitmap Heap Scan on sbtest1  (cost=5.46..401.19 rows=100 width=125)
	  Recheck Cond: ((k >= 8530205) AND (k <= 8530305))
	  ->  Bitmap Index Scan on k_1  (cost=0.00..5.43 rows=100 width=0)
	        Index Cond: ((k >= 8530205) AND (k <= 8530305))

table 2 : explain SELECT k, c FROM sbtest2 WHERE k BETWEEN 8530205 AND 8530305
	Bitmap Heap Scan on sbtest2  (cost=5.50..416.94 rows=104 width=125)
	  Recheck Cond: ((k >= 8530205) AND (k <= 8530305))
	  ->  Bitmap Index Scan on k_2  (cost=0.00..5.47 rows=104 width=0)
	        Index Cond: ((k >= 8530205) AND (k <= 8530305))

table 3 : explain SELECT k, c FROM sbtest3 WHERE k BETWEEN 8530205 AND 8530305
	Bitmap Heap Scan on sbtest3  (cost=5.42..385.43 rows=96 width=125)
	  Recheck Cond: ((k >= 8530205) AND (k <= 8530305))
	  ->  Bitmap Index Scan on k_3  (cost=0.00..5.39 rows=96 width=0)
	        Index Cond: ((k >= 8530205) AND (k <= 8530305))

table 4 : explain SELECT k, c FROM sbtest4 WHERE k BETWEEN 8530205 AND 8530305
	Bitmap Heap Scan on sbtest4  (cost=5.48..409.07 rows=102 width=125)
	  Recheck Cond: ((k >= 8530205) AND (k <= 8530305))
	  ->  Bitmap Index Scan on k_4  (cost=0.00..5.45 rows=102 width=0)
	        Index Cond: ((k >= 8530205) AND (k <= 8530305))

table 5 : explain SELECT k, c FROM sbtest5 WHERE k BETWEEN 8530205 AND 8530305
	Bitmap Heap Scan on sbtest5  (cost=5.51..420.88 rows=105 width=125)
	  Recheck Cond: ((k >= 8530205) AND (k <= 8530305))
	  ->  Bitmap Index Scan on k_5  (cost=0.00..5.48 rows=105 width=0)
	        Index Cond: ((k >= 8530205) AND (k <= 8530305))

table 6 : explain SELECT k, c FROM sbtest6 WHERE k BETWEEN 8530205 AND 8530305
	Bitmap Heap Scan on sbtest6  (cost=5.46..401.19 rows=100 width=125)
	  Recheck Cond: ((k >= 8530205) AND (k <= 8530305))
	  ->  Bitmap Index Scan on k_6  (cost=0.00..5.43 rows=100 width=0)
	        Index Cond: ((k >= 8530205) AND (k <= 8530305))

table 7 : explain SELECT k, c FROM sbtest7 WHERE k BETWEEN 8530205 AND 8530305
	Bitmap Heap Scan on sbtest7  (cost=5.56..440.56 rows=110 width=125)
	  Recheck Cond: ((k >= 8530205) AND (k <= 8530305))
	  ->  Bitmap Index Scan on k_7  (cost=0.00..5.53 rows=110 width=0)
	        Index Cond: ((k >= 8530205) AND (k <= 8530305))

table 8 : explain SELECT k, c FROM sbtest8 WHERE k BETWEEN 8530205 AND 8530305
	Bitmap Heap Scan on sbtest8  (cost=5.48..409.07 rows=102 width=125)
	  Recheck Cond: ((k >= 8530205) AND (k <= 8530305))
	  ->  Bitmap Index Scan on k_8  (cost=0.00..5.45 rows=102 width=0)
	        Index Cond: ((k >= 8530205) AND (k <= 8530305))

explain: for range-notcovered :: explain SELECT k, c FROM sbtest%d WHERE k BETWEEN 8530205 AND 8530305
for range-notcovered
table 1 : explain SELECT k, c FROM sbtest1 WHERE k BETWEEN 7984100 AND 7984200
	Bitmap Heap Scan on sbtest1  (cost=5.47..405.13 rows=101 width=125)
	  Recheck Cond: ((k >= 7984100) AND (k <= 7984200))
	  ->  Bitmap Index Scan on k_1  (cost=0.00..5.44 rows=101 width=0)
	        Index Cond: ((k >= 7984100) AND (k <= 7984200))

table 2 : explain SELECT k, c FROM sbtest2 WHERE k BETWEEN 7984100 AND 7984200
	Bitmap Heap Scan on sbtest2  (cost=5.54..432.69 rows=108 width=125)
	  Recheck Cond: ((k >= 7984100) AND (k <= 7984200))
	  ->  Bitmap Index Scan on k_2  (cost=0.00..5.51 rows=108 width=0)
	        Index Cond: ((k >= 7984100) AND (k <= 7984200))

table 3 : explain SELECT k, c FROM sbtest3 WHERE k BETWEEN 7984100 AND 7984200
	Bitmap Heap Scan on sbtest3  (cost=5.46..401.19 rows=100 width=125)
	  Recheck Cond: ((k >= 7984100) AND (k <= 7984200))
	  ->  Bitmap Index Scan on k_3  (cost=0.00..5.43 rows=100 width=0)
	        Index Cond: ((k >= 7984100) AND (k <= 7984200))

table 4 : explain SELECT k, c FROM sbtest4 WHERE k BETWEEN 7984100 AND 7984200
	Bitmap Heap Scan on sbtest4  (cost=5.58..448.42 rows=112 width=125)
	  Recheck Cond: ((k >= 7984100) AND (k <= 7984200))
	  ->  Bitmap Index Scan on k_4  (cost=0.00..5.55 rows=112 width=0)
	        Index Cond: ((k >= 7984100) AND (k <= 7984200))

table 5 : explain SELECT k, c FROM sbtest5 WHERE k BETWEEN 7984100 AND 7984200
	Bitmap Heap Scan on sbtest5  (cost=5.44..393.31 rows=98 width=125)
	  Recheck Cond: ((k >= 7984100) AND (k <= 7984200))
	  ->  Bitmap Index Scan on k_5  (cost=0.00..5.42 rows=98 width=0)
	        Index Cond: ((k >= 7984100) AND (k <= 7984200))

table 6 : explain SELECT k, c FROM sbtest6 WHERE k BETWEEN 7984100 AND 7984200
	Bitmap Heap Scan on sbtest6  (cost=5.53..428.75 rows=107 width=125)
	  Recheck Cond: ((k >= 7984100) AND (k <= 7984200))
	  ->  Bitmap Index Scan on k_6  (cost=0.00..5.50 rows=107 width=0)
	        Index Cond: ((k >= 7984100) AND (k <= 7984200))

table 7 : explain SELECT k, c FROM sbtest7 WHERE k BETWEEN 7984100 AND 7984200
	Bitmap Heap Scan on sbtest7  (cost=5.45..397.25 rows=99 width=125)
	  Recheck Cond: ((k >= 7984100) AND (k <= 7984200))
	  ->  Bitmap Index Scan on k_7  (cost=0.00..5.42 rows=99 width=0)
	        Index Cond: ((k >= 7984100) AND (k <= 7984200))

table 8 : explain SELECT k, c FROM sbtest8 WHERE k BETWEEN 7984100 AND 7984200
	Bitmap Heap Scan on sbtest8  (cost=5.44..393.31 rows=98 width=125)
	  Recheck Cond: ((k >= 7984100) AND (k <= 7984200))
	  ->  Bitmap Index Scan on k_8  (cost=0.00..5.42 rows=98 width=0)
	        Index Cond: ((k >= 7984100) AND (k <= 7984200))

for range-notcovered
table 1 : explain SELECT k, c FROM sbtest1 WHERE k BETWEEN 4625394 AND 4625494
	Bitmap Heap Scan on sbtest1  (cost=5.54..432.69 rows=108 width=125)
	  Recheck Cond: ((k >= 4625394) AND (k <= 4625494))
	  ->  Bitmap Index Scan on k_1  (cost=0.00..5.51 rows=108 width=0)
	        Index Cond: ((k >= 4625394) AND (k <= 4625494))

table 2 : explain SELECT k, c FROM sbtest2 WHERE k BETWEEN 4625394 AND 4625494
	Bitmap Heap Scan on sbtest2  (cost=5.45..397.25 rows=99 width=125)
	  Recheck Cond: ((k >= 4625394) AND (k <= 4625494))
	  ->  Bitmap Index Scan on k_2  (cost=0.00..5.42 rows=99 width=0)
	        Index Cond: ((k >= 4625394) AND (k <= 4625494))

table 3 : explain SELECT k, c FROM sbtest3 WHERE k BETWEEN 4625394 AND 4625494
	Bitmap Heap Scan on sbtest3  (cost=5.49..413.00 rows=103 width=125)
	  Recheck Cond: ((k >= 4625394) AND (k <= 4625494))
	  ->  Bitmap Index Scan on k_3  (cost=0.00..5.46 rows=103 width=0)
	        Index Cond: ((k >= 4625394) AND (k <= 4625494))

table 4 : explain SELECT k, c FROM sbtest4 WHERE k BETWEEN 4625394 AND 4625494
	Bitmap Heap Scan on sbtest4  (cost=5.48..409.07 rows=102 width=125)
	  Recheck Cond: ((k >= 4625394) AND (k <= 4625494))
	  ->  Bitmap Index Scan on k_4  (cost=0.00..5.45 rows=102 width=0)
	        Index Cond: ((k >= 4625394) AND (k <= 4625494))

table 5 : explain SELECT k, c FROM sbtest5 WHERE k BETWEEN 4625394 AND 4625494
	Bitmap Heap Scan on sbtest5  (cost=5.44..393.31 rows=98 width=125)
	  Recheck Cond: ((k >= 4625394) AND (k <= 4625494))
	  ->  Bitmap Index Scan on k_5  (cost=0.00..5.42 rows=98 width=0)
	        Index Cond: ((k >= 4625394) AND (k <= 4625494))

table 6 : explain SELECT k, c FROM sbtest6 WHERE k BETWEEN 4625394 AND 4625494
	Bitmap Heap Scan on sbtest6  (cost=5.50..416.94 rows=104 width=125)
	  Recheck Cond: ((k >= 4625394) AND (k <= 4625494))
	  ->  Bitmap Index Scan on k_6  (cost=0.00..5.47 rows=104 width=0)
	        Index Cond: ((k >= 4625394) AND (k <= 4625494))

table 7 : explain SELECT k, c FROM sbtest7 WHERE k BETWEEN 4625394 AND 4625494
	Bitmap Heap Scan on sbtest7  (cost=5.48..409.07 rows=102 width=125)
	  Recheck Cond: ((k >= 4625394) AND (k <= 4625494))
	  ->  Bitmap Index Scan on k_7  (cost=0.00..5.45 rows=102 width=0)
	        Index Cond: ((k >= 4625394) AND (k <= 4625494))

table 8 : explain SELECT k, c FROM sbtest8 WHERE k BETWEEN 4625394 AND 4625494
	Bitmap Heap Scan on sbtest8  (cost=5.56..440.56 rows=110 width=125)
	  Recheck Cond: ((k >= 4625394) AND (k <= 4625494))
	  ->  Bitmap Index Scan on k_8  (cost=0.00..5.53 rows=110 width=0)
	        Index Cond: ((k >= 4625394) AND (k <= 4625494))

explain: for range-notcovered :: explain SELECT k, c FROM sbtest%d WHERE k BETWEEN 4625394 AND 4625494
explain: for range-notcovered :: explain SELECT k, c FROM sbtest%d WHERE k BETWEEN 7984100 AND 7984200
for range-notcovered
table 1 : explain SELECT k, c FROM sbtest1 WHERE k BETWEEN 5328324 AND 5328424
	Bitmap Heap Scan on sbtest1  (cost=5.41..381.49 rows=95 width=125)
	  Recheck Cond: ((k >= 5328324) AND (k <= 5328424))
	  ->  Bitmap Index Scan on k_1  (cost=0.00..5.38 rows=95 width=0)
	        Index Cond: ((k >= 5328324) AND (k <= 5328424))

table 2 : explain SELECT k, c FROM sbtest2 WHERE k BETWEEN 5328324 AND 5328424
	Bitmap Heap Scan on sbtest2  (cost=5.40..377.55 rows=94 width=125)
	  Recheck Cond: ((k >= 5328324) AND (k <= 5328424))
	  ->  Bitmap Index Scan on k_2  (cost=0.00..5.38 rows=94 width=0)
	        Index Cond: ((k >= 5328324) AND (k <= 5328424))

table 3 : explain SELECT k, c FROM sbtest3 WHERE k BETWEEN 5328324 AND 5328424
	Bitmap Heap Scan on sbtest3  (cost=5.56..440.56 rows=110 width=125)
	  Recheck Cond: ((k >= 5328324) AND (k <= 5328424))
	  ->  Bitmap Index Scan on k_3  (cost=0.00..5.53 rows=110 width=0)
	        Index Cond: ((k >= 5328324) AND (k <= 5328424))

table 4 : explain SELECT k, c FROM sbtest4 WHERE k BETWEEN 5328324 AND 5328424
	Bitmap Heap Scan on sbtest4  (cost=5.49..413.00 rows=103 width=125)
	  Recheck Cond: ((k >= 5328324) AND (k <= 5328424))
	  ->  Bitmap Index Scan on k_4  (cost=0.00..5.46 rows=103 width=0)
	        Index Cond: ((k >= 5328324) AND (k <= 5328424))

table 5 : explain SELECT k, c FROM sbtest5 WHERE k BETWEEN 5328324 AND 5328424
	Bitmap Heap Scan on sbtest5  (cost=5.55..436.62 rows=109 width=125)
	  Recheck Cond: ((k >= 5328324) AND (k <= 5328424))
	  ->  Bitmap Index Scan on k_5  (cost=0.00..5.52 rows=109 width=0)
	        Index Cond: ((k >= 5328324) AND (k <= 5328424))

table 6 : explain SELECT k, c FROM sbtest6 WHERE k BETWEEN 5328324 AND 5328424
	Bitmap Heap Scan on sbtest6  (cost=5.48..409.07 rows=102 width=125)
	  Recheck Cond: ((k >= 5328324) AND (k <= 5328424))
	  ->  Bitmap Index Scan on k_6  (cost=0.00..5.45 rows=102 width=0)
	        Index Cond: ((k >= 5328324) AND (k <= 5328424))

table 7 : explain SELECT k, c FROM sbtest7 WHERE k BETWEEN 5328324 AND 5328424
	Bitmap Heap Scan on sbtest7  (cost=5.45..397.25 rows=99 width=125)
	  Recheck Cond: ((k >= 5328324) AND (k <= 5328424))
	  ->  Bitmap Index Scan on k_7  (cost=0.00..5.42 rows=99 width=0)
	        Index Cond: ((k >= 5328324) AND (k <= 5328424))

table 8 : explain SELECT k, c FROM sbtest8 WHERE k BETWEEN 5328324 AND 5328424
	Bitmap Heap Scan on sbtest8  (cost=5.46..401.19 rows=100 width=125)
	  Recheck Cond: ((k >= 5328324) AND (k <= 5328424))
	  ->  Bitmap Index Scan on k_8  (cost=0.00..5.43 rows=100 width=0)
	        Index Cond: ((k >= 5328324) AND (k <= 5328424))

for range-notcovered
table 1 : explain SELECT k, c FROM sbtest1 WHERE k BETWEEN 4385473 AND 4385573
	Bitmap Heap Scan on sbtest1  (cost=5.58..448.42 rows=112 width=125)
	  Recheck Cond: ((k >= 4385473) AND (k <= 4385573))
	  ->  Bitmap Index Scan on k_1  (cost=0.00..5.55 rows=112 width=0)
	        Index Cond: ((k >= 4385473) AND (k <= 4385573))

table 2 : explain SELECT k, c FROM sbtest2 WHERE k BETWEEN 4385473 AND 4385573
	Bitmap Heap Scan on sbtest2  (cost=5.55..436.62 rows=109 width=125)
	  Recheck Cond: ((k >= 4385473) AND (k <= 4385573))
	  ->  Bitmap Index Scan on k_2  (cost=0.00..5.52 rows=109 width=0)
	        Index Cond: ((k >= 4385473) AND (k <= 4385573))

table 3 : explain SELECT k, c FROM sbtest3 WHERE k BETWEEN 4385473 AND 4385573
	Bitmap Heap Scan on sbtest3  (cost=5.47..405.13 rows=101 width=125)
	  Recheck Cond: ((k >= 4385473) AND (k <= 4385573))
	  ->  Bitmap Index Scan on k_3  (cost=0.00..5.44 rows=101 width=0)
	        Index Cond: ((k >= 4385473) AND (k <= 4385573))

table 4 : explain SELECT k, c FROM sbtest4 WHERE k BETWEEN 4385473 AND 4385573
	Bitmap Heap Scan on sbtest4  (cost=5.55..436.62 rows=109 width=125)
	  Recheck Cond: ((k >= 4385473) AND (k <= 4385573))
	  ->  Bitmap Index Scan on k_4  (cost=0.00..5.52 rows=109 width=0)
	        Index Cond: ((k >= 4385473) AND (k <= 4385573))

table 5 : explain SELECT k, c FROM sbtest5 WHERE k BETWEEN 4385473 AND 4385573
	Bitmap Heap Scan on sbtest5  (cost=5.39..373.61 rows=93 width=125)
	  Recheck Cond: ((k >= 4385473) AND (k <= 4385573))
	  ->  Bitmap Index Scan on k_5  (cost=0.00..5.36 rows=93 width=0)
	        Index Cond: ((k >= 4385473) AND (k <= 4385573))

table 6 : explain SELECT k, c FROM sbtest6 WHERE k BETWEEN 4385473 AND 4385573
	Bitmap Heap Scan on sbtest6  (cost=5.48..409.07 rows=102 width=125)
	  Recheck Cond: ((k >= 4385473) AND (k <= 4385573))
	  ->  Bitmap Index Scan on k_6  (cost=0.00..5.45 rows=102 width=0)
	        Index Cond: ((k >= 4385473) AND (k <= 4385573))

table 7 : explain SELECT k, c FROM sbtest7 WHERE k BETWEEN 4385473 AND 4385573
	Bitmap Heap Scan on sbtest7  (cost=5.52..424.81 rows=106 width=125)
	  Recheck Cond: ((k >= 4385473) AND (k <= 4385573))
	  ->  Bitmap Index Scan on k_7  (cost=0.00..5.50 rows=106 width=0)
	        Index Cond: ((k >= 4385473) AND (k <= 4385573))

table 8 : explain SELECT k, c FROM sbtest8 WHERE k BETWEEN 4385473 AND 4385573
	Bitmap Heap Scan on sbtest8  (cost=5.51..420.88 rows=105 width=125)
	  Recheck Cond: ((k >= 4385473) AND (k <= 4385573))
	  ->  Bitmap Index Scan on k_8  (cost=0.00..5.48 rows=105 width=0)
	        Index Cond: ((k >= 4385473) AND (k <= 4385573))

explain: for range-notcovered :: explain SELECT k, c FROM sbtest%d WHERE k BETWEEN 5328324 AND 5328424
explain: for range-notcovered :: explain SELECT k, c FROM sbtest%d WHERE k BETWEEN 4385473 AND 4385573
for range-notcovered
table 1 : explain SELECT k, c FROM sbtest1 WHERE k BETWEEN 8530205 AND 8530305
	Bitmap Heap Scan on sbtest1  (cost=5.46..401.19 rows=100 width=125)
	  Recheck Cond: ((k >= 8530205) AND (k <= 8530305))
	  ->  Bitmap Index Scan on k_1  (cost=0.00..5.43 rows=100 width=0)
	        Index Cond: ((k >= 8530205) AND (k <= 8530305))

table 2 : explain SELECT k, c FROM sbtest2 WHERE k BETWEEN 8530205 AND 8530305
	Bitmap Heap Scan on sbtest2  (cost=5.50..416.94 rows=104 width=125)
	  Recheck Cond: ((k >= 8530205) AND (k <= 8530305))
	  ->  Bitmap Index Scan on k_2  (cost=0.00..5.47 rows=104 width=0)
	        Index Cond: ((k >= 8530205) AND (k <= 8530305))

table 3 : explain SELECT k, c FROM sbtest3 WHERE k BETWEEN 8530205 AND 8530305
	Bitmap Heap Scan on sbtest3  (cost=5.42..385.43 rows=96 width=125)
	  Recheck Cond: ((k >= 8530205) AND (k <= 8530305))
	  ->  Bitmap Index Scan on k_3  (cost=0.00..5.39 rows=96 width=0)
	        Index Cond: ((k >= 8530205) AND (k <= 8530305))

table 4 : explain SELECT k, c FROM sbtest4 WHERE k BETWEEN 8530205 AND 8530305
	Bitmap Heap Scan on sbtest4  (cost=5.48..409.07 rows=102 width=125)
	  Recheck Cond: ((k >= 8530205) AND (k <= 8530305))
	  ->  Bitmap Index Scan on k_4  (cost=0.00..5.45 rows=102 width=0)
	        Index Cond: ((k >= 8530205) AND (k <= 8530305))

table 5 : explain SELECT k, c FROM sbtest5 WHERE k BETWEEN 8530205 AND 8530305
	Bitmap Heap Scan on sbtest5  (cost=5.51..420.88 rows=105 width=125)
	  Recheck Cond: ((k >= 8530205) AND (k <= 8530305))
	  ->  Bitmap Index Scan on k_5  (cost=0.00..5.48 rows=105 width=0)
	        Index Cond: ((k >= 8530205) AND (k <= 8530305))

table 6 : explain SELECT k, c FROM sbtest6 WHERE k BETWEEN 8530205 AND 8530305
	Bitmap Heap Scan on sbtest6  (cost=5.46..401.19 rows=100 width=125)
	  Recheck Cond: ((k >= 8530205) AND (k <= 8530305))
	  ->  Bitmap Index Scan on k_6  (cost=0.00..5.43 rows=100 width=0)
	        Index Cond: ((k >= 8530205) AND (k <= 8530305))

table 7 : explain SELECT k, c FROM sbtest7 WHERE k BETWEEN 8530205 AND 8530305
	Bitmap Heap Scan on sbtest7  (cost=5.56..440.56 rows=110 width=125)
	  Recheck Cond: ((k >= 8530205) AND (k <= 8530305))
	  ->  Bitmap Index Scan on k_7  (cost=0.00..5.53 rows=110 width=0)
	        Index Cond: ((k >= 8530205) AND (k <= 8530305))

table 8 : explain SELECT k, c FROM sbtest8 WHERE k BETWEEN 8530205 AND 8530305
	Bitmap Heap Scan on sbtest8  (cost=5.48..409.07 rows=102 width=125)
	  Recheck Cond: ((k >= 8530205) AND (k <= 8530305))
	  ->  Bitmap Index Scan on k_8  (cost=0.00..5.45 rows=102 width=0)
	        Index Cond: ((k >= 8530205) AND (k <= 8530305))

explain: for range-notcovered :: explain SELECT k, c FROM sbtest%d WHERE k BETWEEN 2083022 AND 2083122
explain: for range-notcovered :: explain SELECT k, c FROM sbtest%d WHERE k BETWEEN 8530205 AND 8530305
for range-notcovered
table 1 : explain SELECT k, c FROM sbtest1 WHERE k BETWEEN 5398303 AND 5398403
	Bitmap Heap Scan on sbtest1  (cost=5.41..381.49 rows=95 width=125)
	  Recheck Cond: ((k >= 5398303) AND (k <= 5398403))
	  ->  Bitmap Index Scan on k_1  (cost=0.00..5.38 rows=95 width=0)
	        Index Cond: ((k >= 5398303) AND (k <= 5398403))

table 2 : explain SELECT k, c FROM sbtest2 WHERE k BETWEEN 5398303 AND 5398403
	Bitmap Heap Scan on sbtest2  (cost=5.46..401.19 rows=100 width=125)
	  Recheck Cond: ((k >= 5398303) AND (k <= 5398403))
	  ->  Bitmap Index Scan on k_2  (cost=0.00..5.43 rows=100 width=0)
	        Index Cond: ((k >= 5398303) AND (k <= 5398403))

table 3 : explain SELECT k, c FROM sbtest3 WHERE k BETWEEN 5398303 AND 5398403
	Bitmap Heap Scan on sbtest3  (cost=5.56..440.56 rows=110 width=125)
	  Recheck Cond: ((k >= 5398303) AND (k <= 5398403))
	  ->  Bitmap Index Scan on k_3  (cost=0.00..5.53 rows=110 width=0)
	        Index Cond: ((k >= 5398303) AND (k <= 5398403))

table 4 : explain SELECT k, c FROM sbtest4 WHERE k BETWEEN 5398303 AND 5398403
	Bitmap Heap Scan on sbtest4  (cost=5.49..413.00 rows=103 width=125)
	  Recheck Cond: ((k >= 5398303) AND (k <= 5398403))
	  ->  Bitmap Index Scan on k_4  (cost=0.00..5.46 rows=103 width=0)
	        Index Cond: ((k >= 5398303) AND (k <= 5398403))

table 5 : explain SELECT k, c FROM sbtest5 WHERE k BETWEEN 5398303 AND 5398403
	Bitmap Heap Scan on sbtest5  (cost=5.40..377.55 rows=94 width=125)
	  Recheck Cond: ((k >= 5398303) AND (k <= 5398403))
	  ->  Bitmap Index Scan on k_5  (cost=0.00..5.38 rows=94 width=0)
	        Index Cond: ((k >= 5398303) AND (k <= 5398403))

table 6 : explain SELECT k, c FROM sbtest6 WHERE k BETWEEN 5398303 AND 5398403
	Bitmap Heap Scan on sbtest6  (cost=5.48..409.07 rows=102 width=125)
	  Recheck Cond: ((k >= 5398303) AND (k <= 5398403))
	  ->  Bitmap Index Scan on k_6  (cost=0.00..5.45 rows=102 width=0)
	        Index Cond: ((k >= 5398303) AND (k <= 5398403))

table 7 : explain SELECT k, c FROM sbtest7 WHERE k BETWEEN 5398303 AND 5398403
	Bitmap Heap Scan on sbtest7  (cost=5.50..416.94 rows=104 width=125)
	  Recheck Cond: ((k >= 5398303) AND (k <= 5398403))
	  ->  Bitmap Index Scan on k_7  (cost=0.00..5.47 rows=104 width=0)
	        Index Cond: ((k >= 5398303) AND (k <= 5398403))

table 8 : explain SELECT k, c FROM sbtest8 WHERE k BETWEEN 5398303 AND 5398403
	Bitmap Heap Scan on sbtest8  (cost=5.46..401.19 rows=100 width=125)
	  Recheck Cond: ((k >= 5398303) AND (k <= 5398403))
	  ->  Bitmap Index Scan on k_8  (cost=0.00..5.43 rows=100 width=0)
	        Index Cond: ((k >= 5398303) AND (k <= 5398403))

explain: for range-notcovered :: explain SELECT k, c FROM sbtest%d WHERE k BETWEEN 5398303 AND 5398403
for range-notcovered
table 1 : explain SELECT k, c FROM sbtest1 WHERE k BETWEEN 4625394 AND 4625494
	Bitmap Heap Scan on sbtest1  (cost=5.54..432.69 rows=108 width=125)
	  Recheck Cond: ((k >= 4625394) AND (k <= 4625494))
	  ->  Bitmap Index Scan on k_1  (cost=0.00..5.51 rows=108 width=0)
	        Index Cond: ((k >= 4625394) AND (k <= 4625494))

table 2 : explain SELECT k, c FROM sbtest2 WHERE k BETWEEN 4625394 AND 4625494
	Bitmap Heap Scan on sbtest2  (cost=5.45..397.25 rows=99 width=125)
	  Recheck Cond: ((k >= 4625394) AND (k <= 4625494))
	  ->  Bitmap Index Scan on k_2  (cost=0.00..5.42 rows=99 width=0)
	        Index Cond: ((k >= 4625394) AND (k <= 4625494))

table 3 : explain SELECT k, c FROM sbtest3 WHERE k BETWEEN 4625394 AND 4625494
	Bitmap Heap Scan on sbtest3  (cost=5.49..413.00 rows=103 width=125)
	  Recheck Cond: ((k >= 4625394) AND (k <= 4625494))
	  ->  Bitmap Index Scan on k_3  (cost=0.00..5.46 rows=103 width=0)
	        Index Cond: ((k >= 4625394) AND (k <= 4625494))

table 4 : explain SELECT k, c FROM sbtest4 WHERE k BETWEEN 4625394 AND 4625494
	Bitmap Heap Scan on sbtest4  (cost=5.48..409.07 rows=102 width=125)
	  Recheck Cond: ((k >= 4625394) AND (k <= 4625494))
	  ->  Bitmap Index Scan on k_4  (cost=0.00..5.45 rows=102 width=0)
	        Index Cond: ((k >= 4625394) AND (k <= 4625494))

table 5 : explain SELECT k, c FROM sbtest5 WHERE k BETWEEN 4625394 AND 4625494
	Bitmap Heap Scan on sbtest5  (cost=5.44..393.31 rows=98 width=125)
	  Recheck Cond: ((k >= 4625394) AND (k <= 4625494))
	  ->  Bitmap Index Scan on k_5  (cost=0.00..5.42 rows=98 width=0)
	        Index Cond: ((k >= 4625394) AND (k <= 4625494))

table 6 : explain SELECT k, c FROM sbtest6 WHERE k BETWEEN 4625394 AND 4625494
	Bitmap Heap Scan on sbtest6  (cost=5.50..416.94 rows=104 width=125)
	  Recheck Cond: ((k >= 4625394) AND (k <= 4625494))
	  ->  Bitmap Index Scan on k_6  (cost=0.00..5.47 rows=104 width=0)
	        Index Cond: ((k >= 4625394) AND (k <= 4625494))

table 7 : explain SELECT k, c FROM sbtest7 WHERE k BETWEEN 4625394 AND 4625494
	Bitmap Heap Scan on sbtest7  (cost=5.48..409.07 rows=102 width=125)
	  Recheck Cond: ((k >= 4625394) AND (k <= 4625494))
	  ->  Bitmap Index Scan on k_7  (cost=0.00..5.45 rows=102 width=0)
	        Index Cond: ((k >= 4625394) AND (k <= 4625494))

table 8 : explain SELECT k, c FROM sbtest8 WHERE k BETWEEN 4625394 AND 4625494
	Bitmap Heap Scan on sbtest8  (cost=5.56..440.56 rows=110 width=125)
	  Recheck Cond: ((k >= 4625394) AND (k <= 4625494))
	  ->  Bitmap Index Scan on k_8  (cost=0.00..5.53 rows=110 width=0)
	        Index Cond: ((k >= 4625394) AND (k <= 4625494))

explain: for range-notcovered :: explain SELECT k, c FROM sbtest%d WHERE k BETWEEN 4625394 AND 4625494
for range-notcovered
table 1 : explain SELECT k, c FROM sbtest1 WHERE k BETWEEN 5328324 AND 5328424
	Bitmap Heap Scan on sbtest1  (cost=5.41..381.49 rows=95 width=125)
	  Recheck Cond: ((k >= 5328324) AND (k <= 5328424))
	  ->  Bitmap Index Scan on k_1  (cost=0.00..5.38 rows=95 width=0)
	        Index Cond: ((k >= 5328324) AND (k <= 5328424))

table 2 : explain SELECT k, c FROM sbtest2 WHERE k BETWEEN 5328324 AND 5328424
	Bitmap Heap Scan on sbtest2  (cost=5.40..377.55 rows=94 width=125)
	  Recheck Cond: ((k >= 5328324) AND (k <= 5328424))
	  ->  Bitmap Index Scan on k_2  (cost=0.00..5.38 rows=94 width=0)
	        Index Cond: ((k >= 5328324) AND (k <= 5328424))

table 3 : explain SELECT k, c FROM sbtest3 WHERE k BETWEEN 5328324 AND 5328424
	Bitmap Heap Scan on sbtest3  (cost=5.56..440.56 rows=110 width=125)
	  Recheck Cond: ((k >= 5328324) AND (k <= 5328424))
	  ->  Bitmap Index Scan on k_3  (cost=0.00..5.53 rows=110 width=0)
	        Index Cond: ((k >= 5328324) AND (k <= 5328424))

table 4 : explain SELECT k, c FROM sbtest4 WHERE k BETWEEN 5328324 AND 5328424
	Bitmap Heap Scan on sbtest4  (cost=5.49..413.00 rows=103 width=125)
	  Recheck Cond: ((k >= 5328324) AND (k <= 5328424))
	  ->  Bitmap Index Scan on k_4  (cost=0.00..5.46 rows=103 width=0)
	        Index Cond: ((k >= 5328324) AND (k <= 5328424))

table 5 : explain SELECT k, c FROM sbtest5 WHERE k BETWEEN 5328324 AND 5328424
	Bitmap Heap Scan on sbtest5  (cost=5.55..436.62 rows=109 width=125)
	  Recheck Cond: ((k >= 5328324) AND (k <= 5328424))
	  ->  Bitmap Index Scan on k_5  (cost=0.00..5.52 rows=109 width=0)
	        Index Cond: ((k >= 5328324) AND (k <= 5328424))

table 6 : explain SELECT k, c FROM sbtest6 WHERE k BETWEEN 5328324 AND 5328424
	Bitmap Heap Scan on sbtest6  (cost=5.48..409.07 rows=102 width=125)
	  Recheck Cond: ((k >= 5328324) AND (k <= 5328424))
	  ->  Bitmap Index Scan on k_6  (cost=0.00..5.45 rows=102 width=0)
	        Index Cond: ((k >= 5328324) AND (k <= 5328424))

table 7 : explain SELECT k, c FROM sbtest7 WHERE k BETWEEN 5328324 AND 5328424
	Bitmap Heap Scan on sbtest7  (cost=5.45..397.25 rows=99 width=125)
	  Recheck Cond: ((k >= 5328324) AND (k <= 5328424))
	  ->  Bitmap Index Scan on k_7  (cost=0.00..5.42 rows=99 width=0)
	        Index Cond: ((k >= 5328324) AND (k <= 5328424))

table 8 : explain SELECT k, c FROM sbtest8 WHERE k BETWEEN 5328324 AND 5328424
	Bitmap Heap Scan on sbtest8  (cost=5.46..401.19 rows=100 width=125)
	  Recheck Cond: ((k >= 5328324) AND (k <= 5328424))
	  ->  Bitmap Index Scan on k_8  (cost=0.00..5.43 rows=100 width=0)
	        Index Cond: ((k >= 5328324) AND (k <= 5328424))

for range-notcovered
table 1 : explain SELECT k, c FROM sbtest1 WHERE k BETWEEN 4385473 AND 4385573
	Bitmap Heap Scan on sbtest1  (cost=5.58..448.42 rows=112 width=125)
	  Recheck Cond: ((k >= 4385473) AND (k <= 4385573))
	  ->  Bitmap Index Scan on k_1  (cost=0.00..5.55 rows=112 width=0)
	        Index Cond: ((k >= 4385473) AND (k <= 4385573))

table 2 : explain SELECT k, c FROM sbtest2 WHERE k BETWEEN 4385473 AND 4385573
	Bitmap Heap Scan on sbtest2  (cost=5.55..436.62 rows=109 width=125)
	  Recheck Cond: ((k >= 4385473) AND (k <= 4385573))
	  ->  Bitmap Index Scan on k_2  (cost=0.00..5.52 rows=109 width=0)
	        Index Cond: ((k >= 4385473) AND (k <= 4385573))

table 3 : explain SELECT k, c FROM sbtest3 WHERE k BETWEEN 4385473 AND 4385573
	Bitmap Heap Scan on sbtest3  (cost=5.47..405.13 rows=101 width=125)
	  Recheck Cond: ((k >= 4385473) AND (k <= 4385573))
	  ->  Bitmap Index Scan on k_3  (cost=0.00..5.44 rows=101 width=0)
	        Index Cond: ((k >= 4385473) AND (k <= 4385573))

table 4 : explain SELECT k, c FROM sbtest4 WHERE k BETWEEN 4385473 AND 4385573
	Bitmap Heap Scan on sbtest4  (cost=5.55..436.62 rows=109 width=125)
	  Recheck Cond: ((k >= 4385473) AND (k <= 4385573))
	  ->  Bitmap Index Scan on k_4  (cost=0.00..5.52 rows=109 width=0)
	        Index Cond: ((k >= 4385473) AND (k <= 4385573))

table 5 : explain SELECT k, c FROM sbtest5 WHERE k BETWEEN 4385473 AND 4385573
	Bitmap Heap Scan on sbtest5  (cost=5.39..373.61 rows=93 width=125)
	  Recheck Cond: ((k >= 4385473) AND (k <= 4385573))
	  ->  Bitmap Index Scan on k_5  (cost=0.00..5.36 rows=93 width=0)
	        Index Cond: ((k >= 4385473) AND (k <= 4385573))

table 6 : explain SELECT k, c FROM sbtest6 WHERE k BETWEEN 4385473 AND 4385573
	Bitmap Heap Scan on sbtest6  (cost=5.48..409.07 rows=102 width=125)
	  Recheck Cond: ((k >= 4385473) AND (k <= 4385573))
	  ->  Bitmap Index Scan on k_6  (cost=0.00..5.45 rows=102 width=0)
	        Index Cond: ((k >= 4385473) AND (k <= 4385573))

table 7 : explain SELECT k, c FROM sbtest7 WHERE k BETWEEN 4385473 AND 4385573
	Bitmap Heap Scan on sbtest7  (cost=5.52..424.81 rows=106 width=125)
	  Recheck Cond: ((k >= 4385473) AND (k <= 4385573))
	  ->  Bitmap Index Scan on k_7  (cost=0.00..5.50 rows=106 width=0)
	        Index Cond: ((k >= 4385473) AND (k <= 4385573))

table 8 : explain SELECT k, c FROM sbtest8 WHERE k BETWEEN 4385473 AND 4385573
	Bitmap Heap Scan on sbtest8  (cost=5.51..420.88 rows=105 width=125)
	  Recheck Cond: ((k >= 4385473) AND (k <= 4385573))
	  ->  Bitmap Index Scan on k_8  (cost=0.00..5.48 rows=105 width=0)
	        Index Cond: ((k >= 4385473) AND (k <= 4385573))

explain: for range-notcovered :: explain SELECT k, c FROM sbtest%d WHERE k BETWEEN 5328324 AND 5328424
explain: for range-notcovered :: explain SELECT k, c FROM sbtest%d WHERE k BETWEEN 4385473 AND 4385573
for range-notcovered
table 1 : explain SELECT k, c FROM sbtest1 WHERE k BETWEEN 8530205 AND 8530305
	Bitmap Heap Scan on sbtest1  (cost=5.46..401.19 rows=100 width=125)
	  Recheck Cond: ((k >= 8530205) AND (k <= 8530305))
	  ->  Bitmap Index Scan on k_1  (cost=0.00..5.43 rows=100 width=0)
	        Index Cond: ((k >= 8530205) AND (k <= 8530305))

table 2 : explain SELECT k, c FROM sbtest2 WHERE k BETWEEN 8530205 AND 8530305
	Bitmap Heap Scan on sbtest2  (cost=5.50..416.94 rows=104 width=125)
	  Recheck Cond: ((k >= 8530205) AND (k <= 8530305))
	  ->  Bitmap Index Scan on k_2  (cost=0.00..5.47 rows=104 width=0)
	        Index Cond: ((k >= 8530205) AND (k <= 8530305))

table 3 : explain SELECT k, c FROM sbtest3 WHERE k BETWEEN 8530205 AND 8530305
	Bitmap Heap Scan on sbtest3  (cost=5.42..385.43 rows=96 width=125)
	  Recheck Cond: ((k >= 8530205) AND (k <= 8530305))
	  ->  Bitmap Index Scan on k_3  (cost=0.00..5.39 rows=96 width=0)
	        Index Cond: ((k >= 8530205) AND (k <= 8530305))

table 4 : explain SELECT k, c FROM sbtest4 WHERE k BETWEEN 8530205 AND 8530305
	Bitmap Heap Scan on sbtest4  (cost=5.48..409.07 rows=102 width=125)
	  Recheck Cond: ((k >= 8530205) AND (k <= 8530305))
	  ->  Bitmap Index Scan on k_4  (cost=0.00..5.45 rows=102 width=0)
	        Index Cond: ((k >= 8530205) AND (k <= 8530305))

table 5 : explain SELECT k, c FROM sbtest5 WHERE k BETWEEN 8530205 AND 8530305
	Bitmap Heap Scan on sbtest5  (cost=5.51..420.88 rows=105 width=125)
	  Recheck Cond: ((k >= 8530205) AND (k <= 8530305))
	  ->  Bitmap Index Scan on k_5  (cost=0.00..5.48 rows=105 width=0)
	        Index Cond: ((k >= 8530205) AND (k <= 8530305))

table 6 : explain SELECT k, c FROM sbtest6 WHERE k BETWEEN 8530205 AND 8530305
	Bitmap Heap Scan on sbtest6  (cost=5.46..401.19 rows=100 width=125)
	  Recheck Cond: ((k >= 8530205) AND (k <= 8530305))
	  ->  Bitmap Index Scan on k_6  (cost=0.00..5.43 rows=100 width=0)
	        Index Cond: ((k >= 8530205) AND (k <= 8530305))

table 7 : explain SELECT k, c FROM sbtest7 WHERE k BETWEEN 8530205 AND 8530305
	Bitmap Heap Scan on sbtest7  (cost=5.56..440.56 rows=110 width=125)
	  Recheck Cond: ((k >= 8530205) AND (k <= 8530305))
	  ->  Bitmap Index Scan on k_7  (cost=0.00..5.53 rows=110 width=0)
	        Index Cond: ((k >= 8530205) AND (k <= 8530305))

table 8 : explain SELECT k, c FROM sbtest8 WHERE k BETWEEN 8530205 AND 8530305
	Bitmap Heap Scan on sbtest8  (cost=5.48..409.07 rows=102 width=125)
	  Recheck Cond: ((k >= 8530205) AND (k <= 8530305))
	  ->  Bitmap Index Scan on k_8  (cost=0.00..5.45 rows=102 width=0)
	        Index Cond: ((k >= 8530205) AND (k <= 8530305))

explain: for range-notcovered :: explain SELECT k, c FROM sbtest%d WHERE k BETWEEN 8530205 AND 8530305
for range-notcovered
table 1 : explain SELECT k, c FROM sbtest1 WHERE k BETWEEN 7984100 AND 7984200
	Bitmap Heap Scan on sbtest1  (cost=5.47..405.13 rows=101 width=125)
	  Recheck Cond: ((k >= 7984100) AND (k <= 7984200))
	  ->  Bitmap Index Scan on k_1  (cost=0.00..5.44 rows=101 width=0)
	        Index Cond: ((k >= 7984100) AND (k <= 7984200))

table 2 : explain SELECT k, c FROM sbtest2 WHERE k BETWEEN 7984100 AND 7984200
	Bitmap Heap Scan on sbtest2  (cost=5.54..432.69 rows=108 width=125)
	  Recheck Cond: ((k >= 7984100) AND (k <= 7984200))
	  ->  Bitmap Index Scan on k_2  (cost=0.00..5.51 rows=108 width=0)
	        Index Cond: ((k >= 7984100) AND (k <= 7984200))

table 3 : explain SELECT k, c FROM sbtest3 WHERE k BETWEEN 7984100 AND 7984200
	Bitmap Heap Scan on sbtest3  (cost=5.46..401.19 rows=100 width=125)
	  Recheck Cond: ((k >= 7984100) AND (k <= 7984200))
	  ->  Bitmap Index Scan on k_3  (cost=0.00..5.43 rows=100 width=0)
	        Index Cond: ((k >= 7984100) AND (k <= 7984200))

table 4 : explain SELECT k, c FROM sbtest4 WHERE k BETWEEN 7984100 AND 7984200
	Bitmap Heap Scan on sbtest4  (cost=5.58..448.42 rows=112 width=125)
	  Recheck Cond: ((k >= 7984100) AND (k <= 7984200))
	  ->  Bitmap Index Scan on k_4  (cost=0.00..5.55 rows=112 width=0)
	        Index Cond: ((k >= 7984100) AND (k <= 7984200))

table 5 : explain SELECT k, c FROM sbtest5 WHERE k BETWEEN 7984100 AND 7984200
	Bitmap Heap Scan on sbtest5  (cost=5.44..393.31 rows=98 width=125)
	  Recheck Cond: ((k >= 7984100) AND (k <= 7984200))
	  ->  Bitmap Index Scan on k_5  (cost=0.00..5.42 rows=98 width=0)
	        Index Cond: ((k >= 7984100) AND (k <= 7984200))

table 6 : explain SELECT k, c FROM sbtest6 WHERE k BETWEEN 7984100 AND 7984200
	Bitmap Heap Scan on sbtest6  (cost=5.53..428.75 rows=107 width=125)
	  Recheck Cond: ((k >= 7984100) AND (k <= 7984200))
	  ->  Bitmap Index Scan on k_6  (cost=0.00..5.50 rows=107 width=0)
	        Index Cond: ((k >= 7984100) AND (k <= 7984200))

table 7 : explain SELECT k, c FROM sbtest7 WHERE k BETWEEN 7984100 AND 7984200
	Bitmap Heap Scan on sbtest7  (cost=5.45..397.25 rows=99 width=125)
	  Recheck Cond: ((k >= 7984100) AND (k <= 7984200))
	  ->  Bitmap Index Scan on k_7  (cost=0.00..5.42 rows=99 width=0)
	        Index Cond: ((k >= 7984100) AND (k <= 7984200))

table 8 : explain SELECT k, c FROM sbtest8 WHERE k BETWEEN 7984100 AND 7984200
	Bitmap Heap Scan on sbtest8  (cost=5.44..393.31 rows=98 width=125)
	  Recheck Cond: ((k >= 7984100) AND (k <= 7984200))
	  ->  Bitmap Index Scan on k_8  (cost=0.00..5.42 rows=98 width=0)
	        Index Cond: ((k >= 7984100) AND (k <= 7984200))

explain: for range-notcovered :: explain SELECT k, c FROM sbtest%d WHERE k BETWEEN 7984100 AND 7984200
for range-notcovered
table 1 : explain SELECT k, c FROM sbtest1 WHERE k BETWEEN 4625394 AND 4625494
	Bitmap Heap Scan on sbtest1  (cost=5.54..432.69 rows=108 width=125)
	  Recheck Cond: ((k >= 4625394) AND (k <= 4625494))
	  ->  Bitmap Index Scan on k_1  (cost=0.00..5.51 rows=108 width=0)
	        Index Cond: ((k >= 4625394) AND (k <= 4625494))

table 2 : explain SELECT k, c FROM sbtest2 WHERE k BETWEEN 4625394 AND 4625494
	Bitmap Heap Scan on sbtest2  (cost=5.45..397.25 rows=99 width=125)
	  Recheck Cond: ((k >= 4625394) AND (k <= 4625494))
	  ->  Bitmap Index Scan on k_2  (cost=0.00..5.42 rows=99 width=0)
	        Index Cond: ((k >= 4625394) AND (k <= 4625494))

table 3 : explain SELECT k, c FROM sbtest3 WHERE k BETWEEN 4625394 AND 4625494
	Bitmap Heap Scan on sbtest3  (cost=5.49..413.00 rows=103 width=125)
	  Recheck Cond: ((k >= 4625394) AND (k <= 4625494))
	  ->  Bitmap Index Scan on k_3  (cost=0.00..5.46 rows=103 width=0)
	        Index Cond: ((k >= 4625394) AND (k <= 4625494))

table 4 : explain SELECT k, c FROM sbtest4 WHERE k BETWEEN 4625394 AND 4625494
	Bitmap Heap Scan on sbtest4  (cost=5.48..409.07 rows=102 width=125)
	  Recheck Cond: ((k >= 4625394) AND (k <= 4625494))
	  ->  Bitmap Index Scan on k_4  (cost=0.00..5.45 rows=102 width=0)
	        Index Cond: ((k >= 4625394) AND (k <= 4625494))

table 5 : explain SELECT k, c FROM sbtest5 WHERE k BETWEEN 4625394 AND 4625494
	Bitmap Heap Scan on sbtest5  (cost=5.44..393.31 rows=98 width=125)
	  Recheck Cond: ((k >= 4625394) AND (k <= 4625494))
	  ->  Bitmap Index Scan on k_5  (cost=0.00..5.42 rows=98 width=0)
	        Index Cond: ((k >= 4625394) AND (k <= 4625494))

table 6 : explain SELECT k, c FROM sbtest6 WHERE k BETWEEN 4625394 AND 4625494
	Bitmap Heap Scan on sbtest6  (cost=5.50..416.94 rows=104 width=125)
	  Recheck Cond: ((k >= 4625394) AND (k <= 4625494))
	  ->  Bitmap Index Scan on k_6  (cost=0.00..5.47 rows=104 width=0)
	        Index Cond: ((k >= 4625394) AND (k <= 4625494))

table 7 : explain SELECT k, c FROM sbtest7 WHERE k BETWEEN 4625394 AND 4625494
	Bitmap Heap Scan on sbtest7  (cost=5.48..409.07 rows=102 width=125)
	  Recheck Cond: ((k >= 4625394) AND (k <= 4625494))
	  ->  Bitmap Index Scan on k_7  (cost=0.00..5.45 rows=102 width=0)
	        Index Cond: ((k >= 4625394) AND (k <= 4625494))

table 8 : explain SELECT k, c FROM sbtest8 WHERE k BETWEEN 4625394 AND 4625494
	Bitmap Heap Scan on sbtest8  (cost=5.56..440.56 rows=110 width=125)
	  Recheck Cond: ((k >= 4625394) AND (k <= 4625494))
	  ->  Bitmap Index Scan on k_8  (cost=0.00..5.53 rows=110 width=0)
	        Index Cond: ((k >= 4625394) AND (k <= 4625494))

for range-notcovered
table 1 : explain SELECT k, c FROM sbtest1 WHERE k BETWEEN 5328324 AND 5328424
	Bitmap Heap Scan on sbtest1  (cost=5.41..381.49 rows=95 width=125)
	  Recheck Cond: ((k >= 5328324) AND (k <= 5328424))
	  ->  Bitmap Index Scan on k_1  (cost=0.00..5.38 rows=95 width=0)
	        Index Cond: ((k >= 5328324) AND (k <= 5328424))

table 2 : explain SELECT k, c FROM sbtest2 WHERE k BETWEEN 5328324 AND 5328424
	Bitmap Heap Scan on sbtest2  (cost=5.40..377.55 rows=94 width=125)
	  Recheck Cond: ((k >= 5328324) AND (k <= 5328424))
	  ->  Bitmap Index Scan on k_2  (cost=0.00..5.38 rows=94 width=0)
	        Index Cond: ((k >= 5328324) AND (k <= 5328424))

table 3 : explain SELECT k, c FROM sbtest3 WHERE k BETWEEN 5328324 AND 5328424
	Bitmap Heap Scan on sbtest3  (cost=5.56..440.56 rows=110 width=125)
	  Recheck Cond: ((k >= 5328324) AND (k <= 5328424))
	  ->  Bitmap Index Scan on k_3  (cost=0.00..5.53 rows=110 width=0)
	        Index Cond: ((k >= 5328324) AND (k <= 5328424))

table 4 : explain SELECT k, c FROM sbtest4 WHERE k BETWEEN 5328324 AND 5328424
	Bitmap Heap Scan on sbtest4  (cost=5.49..413.00 rows=103 width=125)
	  Recheck Cond: ((k >= 5328324) AND (k <= 5328424))
	  ->  Bitmap Index Scan on k_4  (cost=0.00..5.46 rows=103 width=0)
	        Index Cond: ((k >= 5328324) AND (k <= 5328424))

table 5 : explain SELECT k, c FROM sbtest5 WHERE k BETWEEN 5328324 AND 5328424
	Bitmap Heap Scan on sbtest5  (cost=5.55..436.62 rows=109 width=125)
	  Recheck Cond: ((k >= 5328324) AND (k <= 5328424))
	  ->  Bitmap Index Scan on k_5  (cost=0.00..5.52 rows=109 width=0)
	        Index Cond: ((k >= 5328324) AND (k <= 5328424))

table 6 : explain SELECT k, c FROM sbtest6 WHERE k BETWEEN 5328324 AND 5328424
	Bitmap Heap Scan on sbtest6  (cost=5.48..409.07 rows=102 width=125)
	  Recheck Cond: ((k >= 5328324) AND (k <= 5328424))
	  ->  Bitmap Index Scan on k_6  (cost=0.00..5.45 rows=102 width=0)
	        Index Cond: ((k >= 5328324) AND (k <= 5328424))

table 7 : explain SELECT k, c FROM sbtest7 WHERE k BETWEEN 5328324 AND 5328424
	Bitmap Heap Scan on sbtest7  (cost=5.45..397.25 rows=99 width=125)
	  Recheck Cond: ((k >= 5328324) AND (k <= 5328424))
	  ->  Bitmap Index Scan on k_7  (cost=0.00..5.42 rows=99 width=0)
	        Index Cond: ((k >= 5328324) AND (k <= 5328424))

table 8 : explain SELECT k, c FROM sbtest8 WHERE k BETWEEN 5328324 AND 5328424
	Bitmap Heap Scan on sbtest8  (cost=5.46..401.19 rows=100 width=125)
	  Recheck Cond: ((k >= 5328324) AND (k <= 5328424))
	  ->  Bitmap Index Scan on k_8  (cost=0.00..5.43 rows=100 width=0)
	        Index Cond: ((k >= 5328324) AND (k <= 5328424))

explain: for range-notcovered :: explain SELECT k, c FROM sbtest%d WHERE k BETWEEN 4625394 AND 4625494
explain: for range-notcovered :: explain SELECT k, c FROM sbtest%d WHERE k BETWEEN 5328324 AND 5328424
for range-notcovered
table 1 : explain SELECT k, c FROM sbtest1 WHERE k BETWEEN 4385473 AND 4385573
	Bitmap Heap Scan on sbtest1  (cost=5.58..448.42 rows=112 width=125)
	  Recheck Cond: ((k >= 4385473) AND (k <= 4385573))
	  ->  Bitmap Index Scan on k_1  (cost=0.00..5.55 rows=112 width=0)
	        Index Cond: ((k >= 4385473) AND (k <= 4385573))

table 2 : explain SELECT k, c FROM sbtest2 WHERE k BETWEEN 4385473 AND 4385573
	Bitmap Heap Scan on sbtest2  (cost=5.55..436.62 rows=109 width=125)
	  Recheck Cond: ((k >= 4385473) AND (k <= 4385573))
	  ->  Bitmap Index Scan on k_2  (cost=0.00..5.52 rows=109 width=0)
	        Index Cond: ((k >= 4385473) AND (k <= 4385573))

table 3 : explain SELECT k, c FROM sbtest3 WHERE k BETWEEN 4385473 AND 4385573
	Bitmap Heap Scan on sbtest3  (cost=5.47..405.13 rows=101 width=125)
	  Recheck Cond: ((k >= 4385473) AND (k <= 4385573))
	  ->  Bitmap Index Scan on k_3  (cost=0.00..5.44 rows=101 width=0)
	        Index Cond: ((k >= 4385473) AND (k <= 4385573))

table 4 : explain SELECT k, c FROM sbtest4 WHERE k BETWEEN 4385473 AND 4385573
	Bitmap Heap Scan on sbtest4  (cost=5.55..436.62 rows=109 width=125)
	  Recheck Cond: ((k >= 4385473) AND (k <= 4385573))
	  ->  Bitmap Index Scan on k_4  (cost=0.00..5.52 rows=109 width=0)
	        Index Cond: ((k >= 4385473) AND (k <= 4385573))

table 5 : explain SELECT k, c FROM sbtest5 WHERE k BETWEEN 4385473 AND 4385573
	Bitmap Heap Scan on sbtest5  (cost=5.39..373.61 rows=93 width=125)
	  Recheck Cond: ((k >= 4385473) AND (k <= 4385573))
	  ->  Bitmap Index Scan on k_5  (cost=0.00..5.36 rows=93 width=0)
	        Index Cond: ((k >= 4385473) AND (k <= 4385573))

table 6 : explain SELECT k, c FROM sbtest6 WHERE k BETWEEN 4385473 AND 4385573
	Bitmap Heap Scan on sbtest6  (cost=5.48..409.07 rows=102 width=125)
	  Recheck Cond: ((k >= 4385473) AND (k <= 4385573))
	  ->  Bitmap Index Scan on k_6  (cost=0.00..5.45 rows=102 width=0)
	        Index Cond: ((k >= 4385473) AND (k <= 4385573))

table 7 : explain SELECT k, c FROM sbtest7 WHERE k BETWEEN 4385473 AND 4385573
	Bitmap Heap Scan on sbtest7  (cost=5.52..424.81 rows=106 width=125)
	  Recheck Cond: ((k >= 4385473) AND (k <= 4385573))
	  ->  Bitmap Index Scan on k_7  (cost=0.00..5.50 rows=106 width=0)
	        Index Cond: ((k >= 4385473) AND (k <= 4385573))

table 8 : explain SELECT k, c FROM sbtest8 WHERE k BETWEEN 4385473 AND 4385573
	Bitmap Heap Scan on sbtest8  (cost=5.51..420.88 rows=105 width=125)
	  Recheck Cond: ((k >= 4385473) AND (k <= 4385573))
	  ->  Bitmap Index Scan on k_8  (cost=0.00..5.48 rows=105 width=0)
	        Index Cond: ((k >= 4385473) AND (k <= 4385573))

for range-notcovered
table 1 : explain SELECT k, c FROM sbtest1 WHERE k BETWEEN 8530205 AND 8530305
	Bitmap Heap Scan on sbtest1  (cost=5.46..401.19 rows=100 width=125)
	  Recheck Cond: ((k >= 8530205) AND (k <= 8530305))
	  ->  Bitmap Index Scan on k_1  (cost=0.00..5.43 rows=100 width=0)
	        Index Cond: ((k >= 8530205) AND (k <= 8530305))

table 2 : explain SELECT k, c FROM sbtest2 WHERE k BETWEEN 8530205 AND 8530305
	Bitmap Heap Scan on sbtest2  (cost=5.50..416.94 rows=104 width=125)
	  Recheck Cond: ((k >= 8530205) AND (k <= 8530305))
	  ->  Bitmap Index Scan on k_2  (cost=0.00..5.47 rows=104 width=0)
	        Index Cond: ((k >= 8530205) AND (k <= 8530305))

table 3 : explain SELECT k, c FROM sbtest3 WHERE k BETWEEN 8530205 AND 8530305
	Bitmap Heap Scan on sbtest3  (cost=5.42..385.43 rows=96 width=125)
	  Recheck Cond: ((k >= 8530205) AND (k <= 8530305))
	  ->  Bitmap Index Scan on k_3  (cost=0.00..5.39 rows=96 width=0)
	        Index Cond: ((k >= 8530205) AND (k <= 8530305))

table 4 : explain SELECT k, c FROM sbtest4 WHERE k BETWEEN 8530205 AND 8530305
	Bitmap Heap Scan on sbtest4  (cost=5.48..409.07 rows=102 width=125)
	  Recheck Cond: ((k >= 8530205) AND (k <= 8530305))
	  ->  Bitmap Index Scan on k_4  (cost=0.00..5.45 rows=102 width=0)
	        Index Cond: ((k >= 8530205) AND (k <= 8530305))

table 5 : explain SELECT k, c FROM sbtest5 WHERE k BETWEEN 8530205 AND 8530305
	Bitmap Heap Scan on sbtest5  (cost=5.51..420.88 rows=105 width=125)
	  Recheck Cond: ((k >= 8530205) AND (k <= 8530305))
	  ->  Bitmap Index Scan on k_5  (cost=0.00..5.48 rows=105 width=0)
	        Index Cond: ((k >= 8530205) AND (k <= 8530305))

table 6 : explain SELECT k, c FROM sbtest6 WHERE k BETWEEN 8530205 AND 8530305
	Bitmap Heap Scan on sbtest6  (cost=5.46..401.19 rows=100 width=125)
	  Recheck Cond: ((k >= 8530205) AND (k <= 8530305))
	  ->  Bitmap Index Scan on k_6  (cost=0.00..5.43 rows=100 width=0)
	        Index Cond: ((k >= 8530205) AND (k <= 8530305))

table 7 : explain SELECT k, c FROM sbtest7 WHERE k BETWEEN 8530205 AND 8530305
	Bitmap Heap Scan on sbtest7  (cost=5.56..440.56 rows=110 width=125)
	  Recheck Cond: ((k >= 8530205) AND (k <= 8530305))
	  ->  Bitmap Index Scan on k_7  (cost=0.00..5.53 rows=110 width=0)
	        Index Cond: ((k >= 8530205) AND (k <= 8530305))

table 8 : explain SELECT k, c FROM sbtest8 WHERE k BETWEEN 8530205 AND 8530305
	Bitmap Heap Scan on sbtest8  (cost=5.48..409.07 rows=102 width=125)
	  Recheck Cond: ((k >= 8530205) AND (k <= 8530305))
	  ->  Bitmap Index Scan on k_8  (cost=0.00..5.45 rows=102 width=0)
	        Index Cond: ((k >= 8530205) AND (k <= 8530305))

explain: for range-notcovered :: explain SELECT k, c FROM sbtest%d WHERE k BETWEEN 4385473 AND 4385573
for range-notcovered
table 1 : explain SELECT k, c FROM sbtest1 WHERE k BETWEEN 5398303 AND 5398403
	Bitmap Heap Scan on sbtest1  (cost=5.41..381.49 rows=95 width=125)
	  Recheck Cond: ((k >= 5398303) AND (k <= 5398403))
	  ->  Bitmap Index Scan on k_1  (cost=0.00..5.38 rows=95 width=0)
	        Index Cond: ((k >= 5398303) AND (k <= 5398403))

table 2 : explain SELECT k, c FROM sbtest2 WHERE k BETWEEN 5398303 AND 5398403
	Bitmap Heap Scan on sbtest2  (cost=5.46..401.19 rows=100 width=125)
	  Recheck Cond: ((k >= 5398303) AND (k <= 5398403))
	  ->  Bitmap Index Scan on k_2  (cost=0.00..5.43 rows=100 width=0)
	        Index Cond: ((k >= 5398303) AND (k <= 5398403))

table 3 : explain SELECT k, c FROM sbtest3 WHERE k BETWEEN 5398303 AND 5398403
	Bitmap Heap Scan on sbtest3  (cost=5.56..440.56 rows=110 width=125)
	  Recheck Cond: ((k >= 5398303) AND (k <= 5398403))
	  ->  Bitmap Index Scan on k_3  (cost=0.00..5.53 rows=110 width=0)
	        Index Cond: ((k >= 5398303) AND (k <= 5398403))

table 4 : explain SELECT k, c FROM sbtest4 WHERE k BETWEEN 5398303 AND 5398403
	Bitmap Heap Scan on sbtest4  (cost=5.49..413.00 rows=103 width=125)
	  Recheck Cond: ((k >= 5398303) AND (k <= 5398403))
	  ->  Bitmap Index Scan on k_4  (cost=0.00..5.46 rows=103 width=0)
	        Index Cond: ((k >= 5398303) AND (k <= 5398403))

table 5 : explain SELECT k, c FROM sbtest5 WHERE k BETWEEN 5398303 AND 5398403
	Bitmap Heap Scan on sbtest5  (cost=5.40..377.55 rows=94 width=125)
	  Recheck Cond: ((k >= 5398303) AND (k <= 5398403))
	  ->  Bitmap Index Scan on k_5  (cost=0.00..5.38 rows=94 width=0)
	        Index Cond: ((k >= 5398303) AND (k <= 5398403))

table 6 : explain SELECT k, c FROM sbtest6 WHERE k BETWEEN 5398303 AND 5398403
	Bitmap Heap Scan on sbtest6  (cost=5.48..409.07 rows=102 width=125)
	  Recheck Cond: ((k >= 5398303) AND (k <= 5398403))
	  ->  Bitmap Index Scan on k_6  (cost=0.00..5.45 rows=102 width=0)
	        Index Cond: ((k >= 5398303) AND (k <= 5398403))

table 7 : explain SELECT k, c FROM sbtest7 WHERE k BETWEEN 5398303 AND 5398403
	Bitmap Heap Scan on sbtest7  (cost=5.50..416.94 rows=104 width=125)
	  Recheck Cond: ((k >= 5398303) AND (k <= 5398403))
	  ->  Bitmap Index Scan on k_7  (cost=0.00..5.47 rows=104 width=0)
	        Index Cond: ((k >= 5398303) AND (k <= 5398403))

table 8 : explain SELECT k, c FROM sbtest8 WHERE k BETWEEN 5398303 AND 5398403
	Bitmap Heap Scan on sbtest8  (cost=5.46..401.19 rows=100 width=125)
	  Recheck Cond: ((k >= 5398303) AND (k <= 5398403))
	  ->  Bitmap Index Scan on k_8  (cost=0.00..5.43 rows=100 width=0)
	        Index Cond: ((k >= 5398303) AND (k <= 5398403))

for range-notcovered
table 1 : explain SELECT k, c FROM sbtest1 WHERE k BETWEEN 5328324 AND 5328424
	Bitmap Heap Scan on sbtest1  (cost=5.41..381.49 rows=95 width=125)
	  Recheck Cond: ((k >= 5328324) AND (k <= 5328424))
	  ->  Bitmap Index Scan on k_1  (cost=0.00..5.38 rows=95 width=0)
	        Index Cond: ((k >= 5328324) AND (k <= 5328424))

table 2 : explain SELECT k, c FROM sbtest2 WHERE k BETWEEN 5328324 AND 5328424
	Bitmap Heap Scan on sbtest2  (cost=5.40..377.55 rows=94 width=125)
	  Recheck Cond: ((k >= 5328324) AND (k <= 5328424))
	  ->  Bitmap Index Scan on k_2  (cost=0.00..5.38 rows=94 width=0)
	        Index Cond: ((k >= 5328324) AND (k <= 5328424))

table 3 : explain SELECT k, c FROM sbtest3 WHERE k BETWEEN 5328324 AND 5328424
	Bitmap Heap Scan on sbtest3  (cost=5.56..440.56 rows=110 width=125)
	  Recheck Cond: ((k >= 5328324) AND (k <= 5328424))
	  ->  Bitmap Index Scan on k_3  (cost=0.00..5.53 rows=110 width=0)
	        Index Cond: ((k >= 5328324) AND (k <= 5328424))

table 4 : explain SELECT k, c FROM sbtest4 WHERE k BETWEEN 5328324 AND 5328424
	Bitmap Heap Scan on sbtest4  (cost=5.49..413.00 rows=103 width=125)
	  Recheck Cond: ((k >= 5328324) AND (k <= 5328424))
	  ->  Bitmap Index Scan on k_4  (cost=0.00..5.46 rows=103 width=0)
	        Index Cond: ((k >= 5328324) AND (k <= 5328424))

table 5 : explain SELECT k, c FROM sbtest5 WHERE k BETWEEN 5328324 AND 5328424
	Bitmap Heap Scan on sbtest5  (cost=5.55..436.62 rows=109 width=125)
	  Recheck Cond: ((k >= 5328324) AND (k <= 5328424))
	  ->  Bitmap Index Scan on k_5  (cost=0.00..5.52 rows=109 width=0)
	        Index Cond: ((k >= 5328324) AND (k <= 5328424))

table 6 : explain SELECT k, c FROM sbtest6 WHERE k BETWEEN 5328324 AND 5328424
	Bitmap Heap Scan on sbtest6  (cost=5.48..409.07 rows=102 width=125)
	  Recheck Cond: ((k >= 5328324) AND (k <= 5328424))
	  ->  Bitmap Index Scan on k_6  (cost=0.00..5.45 rows=102 width=0)
	        Index Cond: ((k >= 5328324) AND (k <= 5328424))

table 7 : explain SELECT k, c FROM sbtest7 WHERE k BETWEEN 5328324 AND 5328424
	Bitmap Heap Scan on sbtest7  (cost=5.45..397.25 rows=99 width=125)
	  Recheck Cond: ((k >= 5328324) AND (k <= 5328424))
	  ->  Bitmap Index Scan on k_7  (cost=0.00..5.42 rows=99 width=0)
	        Index Cond: ((k >= 5328324) AND (k <= 5328424))

table 8 : explain SELECT k, c FROM sbtest8 WHERE k BETWEEN 5328324 AND 5328424
	Bitmap Heap Scan on sbtest8  (cost=5.46..401.19 rows=100 width=125)
	  Recheck Cond: ((k >= 5328324) AND (k <= 5328424))
	  ->  Bitmap Index Scan on k_8  (cost=0.00..5.43 rows=100 width=0)
	        Index Cond: ((k >= 5328324) AND (k <= 5328424))

for range-notcovered
table 1 : explain SELECT k, c FROM sbtest1 WHERE k BETWEEN 4625394 AND 4625494
	Bitmap Heap Scan on sbtest1  (cost=5.54..432.69 rows=108 width=125)
	  Recheck Cond: ((k >= 4625394) AND (k <= 4625494))
	  ->  Bitmap Index Scan on k_1  (cost=0.00..5.51 rows=108 width=0)
	        Index Cond: ((k >= 4625394) AND (k <= 4625494))

table 2 : explain SELECT k, c FROM sbtest2 WHERE k BETWEEN 4625394 AND 4625494
	Bitmap Heap Scan on sbtest2  (cost=5.45..397.25 rows=99 width=125)
	  Recheck Cond: ((k >= 4625394) AND (k <= 4625494))
	  ->  Bitmap Index Scan on k_2  (cost=0.00..5.42 rows=99 width=0)
	        Index Cond: ((k >= 4625394) AND (k <= 4625494))

table 3 : explain SELECT k, c FROM sbtest3 WHERE k BETWEEN 4625394 AND 4625494
	Bitmap Heap Scan on sbtest3  (cost=5.49..413.00 rows=103 width=125)
	  Recheck Cond: ((k >= 4625394) AND (k <= 4625494))
	  ->  Bitmap Index Scan on k_3  (cost=0.00..5.46 rows=103 width=0)
	        Index Cond: ((k >= 4625394) AND (k <= 4625494))

table 4 : explain SELECT k, c FROM sbtest4 WHERE k BETWEEN 4625394 AND 4625494
	Bitmap Heap Scan on sbtest4  (cost=5.48..409.07 rows=102 width=125)
	  Recheck Cond: ((k >= 4625394) AND (k <= 4625494))
	  ->  Bitmap Index Scan on k_4  (cost=0.00..5.45 rows=102 width=0)
	        Index Cond: ((k >= 4625394) AND (k <= 4625494))

table 5 : explain SELECT k, c FROM sbtest5 WHERE k BETWEEN 4625394 AND 4625494
	Bitmap Heap Scan on sbtest5  (cost=5.44..393.31 rows=98 width=125)
	  Recheck Cond: ((k >= 4625394) AND (k <= 4625494))
	  ->  Bitmap Index Scan on k_5  (cost=0.00..5.42 rows=98 width=0)
	        Index Cond: ((k >= 4625394) AND (k <= 4625494))

table 6 : explain SELECT k, c FROM sbtest6 WHERE k BETWEEN 4625394 AND 4625494
	Bitmap Heap Scan on sbtest6  (cost=5.50..416.94 rows=104 width=125)
	  Recheck Cond: ((k >= 4625394) AND (k <= 4625494))
	  ->  Bitmap Index Scan on k_6  (cost=0.00..5.47 rows=104 width=0)
	        Index Cond: ((k >= 4625394) AND (k <= 4625494))

table 7 : explain SELECT k, c FROM sbtest7 WHERE k BETWEEN 4625394 AND 4625494
	Bitmap Heap Scan on sbtest7  (cost=5.48..409.07 rows=102 width=125)
	  Recheck Cond: ((k >= 4625394) AND (k <= 4625494))
	  ->  Bitmap Index Scan on k_7  (cost=0.00..5.45 rows=102 width=0)
	        Index Cond: ((k >= 4625394) AND (k <= 4625494))

table 8 : explain SELECT k, c FROM sbtest8 WHERE k BETWEEN 4625394 AND 4625494
	Bitmap Heap Scan on sbtest8  (cost=5.56..440.56 rows=110 width=125)
	  Recheck Cond: ((k >= 4625394) AND (k <= 4625494))
	  ->  Bitmap Index Scan on k_8  (cost=0.00..5.53 rows=110 width=0)
	        Index Cond: ((k >= 4625394) AND (k <= 4625494))

explain: for range-notcovered :: explain SELECT k, c FROM sbtest%d WHERE k BETWEEN 4625394 AND 4625494
for range-notcovered
table 1 : explain SELECT k, c FROM sbtest1 WHERE k BETWEEN 4385473 AND 4385573
	Bitmap Heap Scan on sbtest1  (cost=5.58..448.42 rows=112 width=125)
	  Recheck Cond: ((k >= 4385473) AND (k <= 4385573))
	  ->  Bitmap Index Scan on k_1  (cost=0.00..5.55 rows=112 width=0)
	        Index Cond: ((k >= 4385473) AND (k <= 4385573))

table 2 : explain SELECT k, c FROM sbtest2 WHERE k BETWEEN 4385473 AND 4385573
	Bitmap Heap Scan on sbtest2  (cost=5.55..436.62 rows=109 width=125)
	  Recheck Cond: ((k >= 4385473) AND (k <= 4385573))
	  ->  Bitmap Index Scan on k_2  (cost=0.00..5.52 rows=109 width=0)
	        Index Cond: ((k >= 4385473) AND (k <= 4385573))

table 3 : explain SELECT k, c FROM sbtest3 WHERE k BETWEEN 4385473 AND 4385573
	Bitmap Heap Scan on sbtest3  (cost=5.47..405.13 rows=101 width=125)
	  Recheck Cond: ((k >= 4385473) AND (k <= 4385573))
	  ->  Bitmap Index Scan on k_3  (cost=0.00..5.44 rows=101 width=0)
	        Index Cond: ((k >= 4385473) AND (k <= 4385573))

table 4 : explain SELECT k, c FROM sbtest4 WHERE k BETWEEN 4385473 AND 4385573
	Bitmap Heap Scan on sbtest4  (cost=5.55..436.62 rows=109 width=125)
	  Recheck Cond: ((k >= 4385473) AND (k <= 4385573))
	  ->  Bitmap Index Scan on k_4  (cost=0.00..5.52 rows=109 width=0)
	        Index Cond: ((k >= 4385473) AND (k <= 4385573))

table 5 : explain SELECT k, c FROM sbtest5 WHERE k BETWEEN 4385473 AND 4385573
	Bitmap Heap Scan on sbtest5  (cost=5.39..373.61 rows=93 width=125)
	  Recheck Cond: ((k >= 4385473) AND (k <= 4385573))
	  ->  Bitmap Index Scan on k_5  (cost=0.00..5.36 rows=93 width=0)
	        Index Cond: ((k >= 4385473) AND (k <= 4385573))

table 6 : explain SELECT k, c FROM sbtest6 WHERE k BETWEEN 4385473 AND 4385573
	Bitmap Heap Scan on sbtest6  (cost=5.48..409.07 rows=102 width=125)
	  Recheck Cond: ((k >= 4385473) AND (k <= 4385573))
	  ->  Bitmap Index Scan on k_6  (cost=0.00..5.45 rows=102 width=0)
	        Index Cond: ((k >= 4385473) AND (k <= 4385573))

table 7 : explain SELECT k, c FROM sbtest7 WHERE k BETWEEN 4385473 AND 4385573
	Bitmap Heap Scan on sbtest7  (cost=5.52..424.81 rows=106 width=125)
	  Recheck Cond: ((k >= 4385473) AND (k <= 4385573))
	  ->  Bitmap Index Scan on k_7  (cost=0.00..5.50 rows=106 width=0)
	        Index Cond: ((k >= 4385473) AND (k <= 4385573))

table 8 : explain SELECT k, c FROM sbtest8 WHERE k BETWEEN 4385473 AND 4385573
	Bitmap Heap Scan on sbtest8  (cost=5.51..420.88 rows=105 width=125)
	  Recheck Cond: ((k >= 4385473) AND (k <= 4385573))
	  ->  Bitmap Index Scan on k_8  (cost=0.00..5.48 rows=105 width=0)
	        Index Cond: ((k >= 4385473) AND (k <= 4385573))

explain: for range-notcovered :: explain SELECT k, c FROM sbtest%d WHERE k BETWEEN 4385473 AND 4385573
for range-notcovered
table 1 : explain SELECT k, c FROM sbtest1 WHERE k BETWEEN 7984100 AND 7984200
	Bitmap Heap Scan on sbtest1  (cost=5.47..405.13 rows=101 width=125)
	  Recheck Cond: ((k >= 7984100) AND (k <= 7984200))
	  ->  Bitmap Index Scan on k_1  (cost=0.00..5.44 rows=101 width=0)
	        Index Cond: ((k >= 7984100) AND (k <= 7984200))

table 2 : explain SELECT k, c FROM sbtest2 WHERE k BETWEEN 7984100 AND 7984200
	Bitmap Heap Scan on sbtest2  (cost=5.54..432.69 rows=108 width=125)
	  Recheck Cond: ((k >= 7984100) AND (k <= 7984200))
	  ->  Bitmap Index Scan on k_2  (cost=0.00..5.51 rows=108 width=0)
	        Index Cond: ((k >= 7984100) AND (k <= 7984200))

table 3 : explain SELECT k, c FROM sbtest3 WHERE k BETWEEN 7984100 AND 7984200
	Bitmap Heap Scan on sbtest3  (cost=5.46..401.19 rows=100 width=125)
	  Recheck Cond: ((k >= 7984100) AND (k <= 7984200))
	  ->  Bitmap Index Scan on k_3  (cost=0.00..5.43 rows=100 width=0)
	        Index Cond: ((k >= 7984100) AND (k <= 7984200))

table 4 : explain SELECT k, c FROM sbtest4 WHERE k BETWEEN 7984100 AND 7984200
	Bitmap Heap Scan on sbtest4  (cost=5.58..448.42 rows=112 width=125)
	  Recheck Cond: ((k >= 7984100) AND (k <= 7984200))
	  ->  Bitmap Index Scan on k_4  (cost=0.00..5.55 rows=112 width=0)
	        Index Cond: ((k >= 7984100) AND (k <= 7984200))

table 5 : explain SELECT k, c FROM sbtest5 WHERE k BETWEEN 7984100 AND 7984200
	Bitmap Heap Scan on sbtest5  (cost=5.44..393.31 rows=98 width=125)
	  Recheck Cond: ((k >= 7984100) AND (k <= 7984200))
	  ->  Bitmap Index Scan on k_5  (cost=0.00..5.42 rows=98 width=0)
	        Index Cond: ((k >= 7984100) AND (k <= 7984200))

table 6 : explain SELECT k, c FROM sbtest6 WHERE k BETWEEN 7984100 AND 7984200
	Bitmap Heap Scan on sbtest6  (cost=5.53..428.75 rows=107 width=125)
	  Recheck Cond: ((k >= 7984100) AND (k <= 7984200))
	  ->  Bitmap Index Scan on k_6  (cost=0.00..5.50 rows=107 width=0)
	        Index Cond: ((k >= 7984100) AND (k <= 7984200))

table 7 : explain SELECT k, c FROM sbtest7 WHERE k BETWEEN 7984100 AND 7984200
	Bitmap Heap Scan on sbtest7  (cost=5.45..397.25 rows=99 width=125)
	  Recheck Cond: ((k >= 7984100) AND (k <= 7984200))
	  ->  Bitmap Index Scan on k_7  (cost=0.00..5.42 rows=99 width=0)
	        Index Cond: ((k >= 7984100) AND (k <= 7984200))

table 8 : explain SELECT k, c FROM sbtest8 WHERE k BETWEEN 7984100 AND 7984200
	Bitmap Heap Scan on sbtest8  (cost=5.44..393.31 rows=98 width=125)
	  Recheck Cond: ((k >= 7984100) AND (k <= 7984200))
	  ->  Bitmap Index Scan on k_8  (cost=0.00..5.42 rows=98 width=0)
	        Index Cond: ((k >= 7984100) AND (k <= 7984200))

for range-notcovered
table 1 : explain SELECT k, c FROM sbtest1 WHERE k BETWEEN 4625394 AND 4625494
	Bitmap Heap Scan on sbtest1  (cost=5.54..432.69 rows=108 width=125)
	  Recheck Cond: ((k >= 4625394) AND (k <= 4625494))
	  ->  Bitmap Index Scan on k_1  (cost=0.00..5.51 rows=108 width=0)
	        Index Cond: ((k >= 4625394) AND (k <= 4625494))

table 2 : explain SELECT k, c FROM sbtest2 WHERE k BETWEEN 4625394 AND 4625494
	Bitmap Heap Scan on sbtest2  (cost=5.45..397.25 rows=99 width=125)
	  Recheck Cond: ((k >= 4625394) AND (k <= 4625494))
	  ->  Bitmap Index Scan on k_2  (cost=0.00..5.42 rows=99 width=0)
	        Index Cond: ((k >= 4625394) AND (k <= 4625494))

table 3 : explain SELECT k, c FROM sbtest3 WHERE k BETWEEN 4625394 AND 4625494
	Bitmap Heap Scan on sbtest3  (cost=5.49..413.00 rows=103 width=125)
	  Recheck Cond: ((k >= 4625394) AND (k <= 4625494))
	  ->  Bitmap Index Scan on k_3  (cost=0.00..5.46 rows=103 width=0)
	        Index Cond: ((k >= 4625394) AND (k <= 4625494))

table 4 : explain SELECT k, c FROM sbtest4 WHERE k BETWEEN 4625394 AND 4625494
	Bitmap Heap Scan on sbtest4  (cost=5.48..409.07 rows=102 width=125)
	  Recheck Cond: ((k >= 4625394) AND (k <= 4625494))
	  ->  Bitmap Index Scan on k_4  (cost=0.00..5.45 rows=102 width=0)
	        Index Cond: ((k >= 4625394) AND (k <= 4625494))

table 5 : explain SELECT k, c FROM sbtest5 WHERE k BETWEEN 4625394 AND 4625494
	Bitmap Heap Scan on sbtest5  (cost=5.44..393.31 rows=98 width=125)
	  Recheck Cond: ((k >= 4625394) AND (k <= 4625494))
	  ->  Bitmap Index Scan on k_5  (cost=0.00..5.42 rows=98 width=0)
	        Index Cond: ((k >= 4625394) AND (k <= 4625494))

table 6 : explain SELECT k, c FROM sbtest6 WHERE k BETWEEN 4625394 AND 4625494
	Bitmap Heap Scan on sbtest6  (cost=5.50..416.94 rows=104 width=125)
	  Recheck Cond: ((k >= 4625394) AND (k <= 4625494))
	  ->  Bitmap Index Scan on k_6  (cost=0.00..5.47 rows=104 width=0)
	        Index Cond: ((k >= 4625394) AND (k <= 4625494))

table 7 : explain SELECT k, c FROM sbtest7 WHERE k BETWEEN 4625394 AND 4625494
	Bitmap Heap Scan on sbtest7  (cost=5.48..409.07 rows=102 width=125)
	  Recheck Cond: ((k >= 4625394) AND (k <= 4625494))
	  ->  Bitmap Index Scan on k_7  (cost=0.00..5.45 rows=102 width=0)
	        Index Cond: ((k >= 4625394) AND (k <= 4625494))

table 8 : explain SELECT k, c FROM sbtest8 WHERE k BETWEEN 4625394 AND 4625494
	Bitmap Heap Scan on sbtest8  (cost=5.56..440.56 rows=110 width=125)
	  Recheck Cond: ((k >= 4625394) AND (k <= 4625494))
	  ->  Bitmap Index Scan on k_8  (cost=0.00..5.53 rows=110 width=0)
	        Index Cond: ((k >= 4625394) AND (k <= 4625494))

explain: for range-notcovered :: explain SELECT k, c FROM sbtest%d WHERE k BETWEEN 4625394 AND 4625494
for range-notcovered
table 1 : explain SELECT k, c FROM sbtest1 WHERE k BETWEEN 4385473 AND 4385573
	Bitmap Heap Scan on sbtest1  (cost=5.58..448.42 rows=112 width=125)
	  Recheck Cond: ((k >= 4385473) AND (k <= 4385573))
	  ->  Bitmap Index Scan on k_1  (cost=0.00..5.55 rows=112 width=0)
	        Index Cond: ((k >= 4385473) AND (k <= 4385573))

table 2 : explain SELECT k, c FROM sbtest2 WHERE k BETWEEN 4385473 AND 4385573
	Bitmap Heap Scan on sbtest2  (cost=5.55..436.62 rows=109 width=125)
	  Recheck Cond: ((k >= 4385473) AND (k <= 4385573))
	  ->  Bitmap Index Scan on k_2  (cost=0.00..5.52 rows=109 width=0)
	        Index Cond: ((k >= 4385473) AND (k <= 4385573))

table 3 : explain SELECT k, c FROM sbtest3 WHERE k BETWEEN 4385473 AND 4385573
	Bitmap Heap Scan on sbtest3  (cost=5.47..405.13 rows=101 width=125)
	  Recheck Cond: ((k >= 4385473) AND (k <= 4385573))
	  ->  Bitmap Index Scan on k_3  (cost=0.00..5.44 rows=101 width=0)
	        Index Cond: ((k >= 4385473) AND (k <= 4385573))

table 4 : explain SELECT k, c FROM sbtest4 WHERE k BETWEEN 4385473 AND 4385573
	Bitmap Heap Scan on sbtest4  (cost=5.55..436.62 rows=109 width=125)
	  Recheck Cond: ((k >= 4385473) AND (k <= 4385573))
	  ->  Bitmap Index Scan on k_4  (cost=0.00..5.52 rows=109 width=0)
	        Index Cond: ((k >= 4385473) AND (k <= 4385573))

table 5 : explain SELECT k, c FROM sbtest5 WHERE k BETWEEN 4385473 AND 4385573
	Bitmap Heap Scan on sbtest5  (cost=5.39..373.61 rows=93 width=125)
	  Recheck Cond: ((k >= 4385473) AND (k <= 4385573))
	  ->  Bitmap Index Scan on k_5  (cost=0.00..5.36 rows=93 width=0)
	        Index Cond: ((k >= 4385473) AND (k <= 4385573))

table 6 : explain SELECT k, c FROM sbtest6 WHERE k BETWEEN 4385473 AND 4385573
	Bitmap Heap Scan on sbtest6  (cost=5.48..409.07 rows=102 width=125)
	  Recheck Cond: ((k >= 4385473) AND (k <= 4385573))
	  ->  Bitmap Index Scan on k_6  (cost=0.00..5.45 rows=102 width=0)
	        Index Cond: ((k >= 4385473) AND (k <= 4385573))

table 7 : explain SELECT k, c FROM sbtest7 WHERE k BETWEEN 4385473 AND 4385573
	Bitmap Heap Scan on sbtest7  (cost=5.52..424.81 rows=106 width=125)
	  Recheck Cond: ((k >= 4385473) AND (k <= 4385573))
	  ->  Bitmap Index Scan on k_7  (cost=0.00..5.50 rows=106 width=0)
	        Index Cond: ((k >= 4385473) AND (k <= 4385573))

table 8 : explain SELECT k, c FROM sbtest8 WHERE k BETWEEN 4385473 AND 4385573
	Bitmap Heap Scan on sbtest8  (cost=5.51..420.88 rows=105 width=125)
	  Recheck Cond: ((k >= 4385473) AND (k <= 4385573))
	  ->  Bitmap Index Scan on k_8  (cost=0.00..5.48 rows=105 width=0)
	        Index Cond: ((k >= 4385473) AND (k <= 4385573))

for range-notcovered
table 1 : explain SELECT k, c FROM sbtest1 WHERE k BETWEEN 2083022 AND 2083122
	Bitmap Heap Scan on sbtest1  (cost=5.54..432.69 rows=108 width=125)
	  Recheck Cond: ((k >= 2083022) AND (k <= 2083122))
	  ->  Bitmap Index Scan on k_1  (cost=0.00..5.51 rows=108 width=0)
	        Index Cond: ((k >= 2083022) AND (k <= 2083122))

table 2 : explain SELECT k, c FROM sbtest2 WHERE k BETWEEN 2083022 AND 2083122
	Bitmap Heap Scan on sbtest2  (cost=5.47..405.13 rows=101 width=125)
	  Recheck Cond: ((k >= 2083022) AND (k <= 2083122))
	  ->  Bitmap Index Scan on k_2  (cost=0.00..5.44 rows=101 width=0)
	        Index Cond: ((k >= 2083022) AND (k <= 2083122))

table 3 : explain SELECT k, c FROM sbtest3 WHERE k BETWEEN 2083022 AND 2083122
	Bitmap Heap Scan on sbtest3  (cost=5.52..424.81 rows=106 width=125)
	  Recheck Cond: ((k >= 2083022) AND (k <= 2083122))
	  ->  Bitmap Index Scan on k_3  (cost=0.00..5.50 rows=106 width=0)
	        Index Cond: ((k >= 2083022) AND (k <= 2083122))

table 4 : explain SELECT k, c FROM sbtest4 WHERE k BETWEEN 2083022 AND 2083122
	Bitmap Heap Scan on sbtest4  (cost=5.44..393.31 rows=98 width=125)
	  Recheck Cond: ((k >= 2083022) AND (k <= 2083122))
	  ->  Bitmap Index Scan on k_4  (cost=0.00..5.42 rows=98 width=0)
	        Index Cond: ((k >= 2083022) AND (k <= 2083122))

table 5 : explain SELECT k, c FROM sbtest5 WHERE k BETWEEN 2083022 AND 2083122
	Bitmap Heap Scan on sbtest5  (cost=5.45..397.25 rows=99 width=125)
	  Recheck Cond: ((k >= 2083022) AND (k <= 2083122))
	  ->  Bitmap Index Scan on k_5  (cost=0.00..5.42 rows=99 width=0)
	        Index Cond: ((k >= 2083022) AND (k <= 2083122))

table 6 : explain SELECT k, c FROM sbtest6 WHERE k BETWEEN 2083022 AND 2083122
	Bitmap Heap Scan on sbtest6  (cost=5.47..405.13 rows=101 width=125)
	  Recheck Cond: ((k >= 2083022) AND (k <= 2083122))
	  ->  Bitmap Index Scan on k_6  (cost=0.00..5.44 rows=101 width=0)
	        Index Cond: ((k >= 2083022) AND (k <= 2083122))

table 7 : explain SELECT k, c FROM sbtest7 WHERE k BETWEEN 2083022 AND 2083122
	Bitmap Heap Scan on sbtest7  (cost=5.50..416.94 rows=104 width=125)
	  Recheck Cond: ((k >= 2083022) AND (k <= 2083122))
	  ->  Bitmap Index Scan on k_7  (cost=0.00..5.47 rows=104 width=0)
	        Index Cond: ((k >= 2083022) AND (k <= 2083122))

table 8 : explain SELECT k, c FROM sbtest8 WHERE k BETWEEN 2083022 AND 2083122
	Bitmap Heap Scan on sbtest8  (cost=5.43..389.37 rows=97 width=125)
	  Recheck Cond: ((k >= 2083022) AND (k <= 2083122))
	  ->  Bitmap Index Scan on k_8  (cost=0.00..5.40 rows=97 width=0)
	        Index Cond: ((k >= 2083022) AND (k <= 2083122))

explain: for range-notcovered :: explain SELECT k, c FROM sbtest%d WHERE k BETWEEN 4385473 AND 4385573
explain: for range-notcovered :: explain SELECT k, c FROM sbtest%d WHERE k BETWEEN 2083022 AND 2083122
for range-notcovered
table 1 : explain SELECT k, c FROM sbtest1 WHERE k BETWEEN 4625394 AND 4625494
	Bitmap Heap Scan on sbtest1  (cost=5.54..432.69 rows=108 width=125)
	  Recheck Cond: ((k >= 4625394) AND (k <= 4625494))
	  ->  Bitmap Index Scan on k_1  (cost=0.00..5.51 rows=108 width=0)
	        Index Cond: ((k >= 4625394) AND (k <= 4625494))

table 2 : explain SELECT k, c FROM sbtest2 WHERE k BETWEEN 4625394 AND 4625494
	Bitmap Heap Scan on sbtest2  (cost=5.45..397.25 rows=99 width=125)
	  Recheck Cond: ((k >= 4625394) AND (k <= 4625494))
	  ->  Bitmap Index Scan on k_2  (cost=0.00..5.42 rows=99 width=0)
	        Index Cond: ((k >= 4625394) AND (k <= 4625494))

table 3 : explain SELECT k, c FROM sbtest3 WHERE k BETWEEN 4625394 AND 4625494
	Bitmap Heap Scan on sbtest3  (cost=5.49..413.00 rows=103 width=125)
	  Recheck Cond: ((k >= 4625394) AND (k <= 4625494))
	  ->  Bitmap Index Scan on k_3  (cost=0.00..5.46 rows=103 width=0)
	        Index Cond: ((k >= 4625394) AND (k <= 4625494))

table 4 : explain SELECT k, c FROM sbtest4 WHERE k BETWEEN 4625394 AND 4625494
	Bitmap Heap Scan on sbtest4  (cost=5.48..409.07 rows=102 width=125)
	  Recheck Cond: ((k >= 4625394) AND (k <= 4625494))
	  ->  Bitmap Index Scan on k_4  (cost=0.00..5.45 rows=102 width=0)
	        Index Cond: ((k >= 4625394) AND (k <= 4625494))

table 5 : explain SELECT k, c FROM sbtest5 WHERE k BETWEEN 4625394 AND 4625494
	Bitmap Heap Scan on sbtest5  (cost=5.44..393.31 rows=98 width=125)
	  Recheck Cond: ((k >= 4625394) AND (k <= 4625494))
	  ->  Bitmap Index Scan on k_5  (cost=0.00..5.42 rows=98 width=0)
	        Index Cond: ((k >= 4625394) AND (k <= 4625494))

table 6 : explain SELECT k, c FROM sbtest6 WHERE k BETWEEN 4625394 AND 4625494
	Bitmap Heap Scan on sbtest6  (cost=5.50..416.94 rows=104 width=125)
	  Recheck Cond: ((k >= 4625394) AND (k <= 4625494))
	  ->  Bitmap Index Scan on k_6  (cost=0.00..5.47 rows=104 width=0)
	        Index Cond: ((k >= 4625394) AND (k <= 4625494))

table 7 : explain SELECT k, c FROM sbtest7 WHERE k BETWEEN 4625394 AND 4625494
	Bitmap Heap Scan on sbtest7  (cost=5.48..409.07 rows=102 width=125)
	  Recheck Cond: ((k >= 4625394) AND (k <= 4625494))
	  ->  Bitmap Index Scan on k_7  (cost=0.00..5.45 rows=102 width=0)
	        Index Cond: ((k >= 4625394) AND (k <= 4625494))

table 8 : explain SELECT k, c FROM sbtest8 WHERE k BETWEEN 4625394 AND 4625494
	Bitmap Heap Scan on sbtest8  (cost=5.56..440.56 rows=110 width=125)
	  Recheck Cond: ((k >= 4625394) AND (k <= 4625494))
	  ->  Bitmap Index Scan on k_8  (cost=0.00..5.53 rows=110 width=0)
	        Index Cond: ((k >= 4625394) AND (k <= 4625494))

explain: for range-notcovered :: explain SELECT k, c FROM sbtest%d WHERE k BETWEEN 4625394 AND 4625494
for range-notcovered
table 1 : explain SELECT k, c FROM sbtest1 WHERE k BETWEEN 4385473 AND 4385573
	Bitmap Heap Scan on sbtest1  (cost=5.58..448.42 rows=112 width=125)
	  Recheck Cond: ((k >= 4385473) AND (k <= 4385573))
	  ->  Bitmap Index Scan on k_1  (cost=0.00..5.55 rows=112 width=0)
	        Index Cond: ((k >= 4385473) AND (k <= 4385573))

table 2 : explain SELECT k, c FROM sbtest2 WHERE k BETWEEN 4385473 AND 4385573
	Bitmap Heap Scan on sbtest2  (cost=5.55..436.62 rows=109 width=125)
	  Recheck Cond: ((k >= 4385473) AND (k <= 4385573))
	  ->  Bitmap Index Scan on k_2  (cost=0.00..5.52 rows=109 width=0)
	        Index Cond: ((k >= 4385473) AND (k <= 4385573))

table 3 : explain SELECT k, c FROM sbtest3 WHERE k BETWEEN 4385473 AND 4385573
	Bitmap Heap Scan on sbtest3  (cost=5.47..405.13 rows=101 width=125)
	  Recheck Cond: ((k >= 4385473) AND (k <= 4385573))
	  ->  Bitmap Index Scan on k_3  (cost=0.00..5.44 rows=101 width=0)
	        Index Cond: ((k >= 4385473) AND (k <= 4385573))

table 4 : explain SELECT k, c FROM sbtest4 WHERE k BETWEEN 4385473 AND 4385573
	Bitmap Heap Scan on sbtest4  (cost=5.55..436.62 rows=109 width=125)
	  Recheck Cond: ((k >= 4385473) AND (k <= 4385573))
	  ->  Bitmap Index Scan on k_4  (cost=0.00..5.52 rows=109 width=0)
	        Index Cond: ((k >= 4385473) AND (k <= 4385573))

table 5 : explain SELECT k, c FROM sbtest5 WHERE k BETWEEN 4385473 AND 4385573
	Bitmap Heap Scan on sbtest5  (cost=5.39..373.61 rows=93 width=125)
	  Recheck Cond: ((k >= 4385473) AND (k <= 4385573))
	  ->  Bitmap Index Scan on k_5  (cost=0.00..5.36 rows=93 width=0)
	        Index Cond: ((k >= 4385473) AND (k <= 4385573))

table 6 : explain SELECT k, c FROM sbtest6 WHERE k BETWEEN 4385473 AND 4385573
	Bitmap Heap Scan on sbtest6  (cost=5.48..409.07 rows=102 width=125)
	  Recheck Cond: ((k >= 4385473) AND (k <= 4385573))
	  ->  Bitmap Index Scan on k_6  (cost=0.00..5.45 rows=102 width=0)
	        Index Cond: ((k >= 4385473) AND (k <= 4385573))

table 7 : explain SELECT k, c FROM sbtest7 WHERE k BETWEEN 4385473 AND 4385573
	Bitmap Heap Scan on sbtest7  (cost=5.52..424.81 rows=106 width=125)
	  Recheck Cond: ((k >= 4385473) AND (k <= 4385573))
	  ->  Bitmap Index Scan on k_7  (cost=0.00..5.50 rows=106 width=0)
	        Index Cond: ((k >= 4385473) AND (k <= 4385573))

table 8 : explain SELECT k, c FROM sbtest8 WHERE k BETWEEN 4385473 AND 4385573
	Bitmap Heap Scan on sbtest8  (cost=5.51..420.88 rows=105 width=125)
	  Recheck Cond: ((k >= 4385473) AND (k <= 4385573))
	  ->  Bitmap Index Scan on k_8  (cost=0.00..5.48 rows=105 width=0)
	        Index Cond: ((k >= 4385473) AND (k <= 4385573))

explain: for range-notcovered :: explain SELECT k, c FROM sbtest%d WHERE k BETWEEN 4385473 AND 4385573
for range-notcovered
table 1 : explain SELECT k, c FROM sbtest1 WHERE k BETWEEN 2083022 AND 2083122
	Bitmap Heap Scan on sbtest1  (cost=5.54..432.69 rows=108 width=125)
	  Recheck Cond: ((k >= 2083022) AND (k <= 2083122))
	  ->  Bitmap Index Scan on k_1  (cost=0.00..5.51 rows=108 width=0)
	        Index Cond: ((k >= 2083022) AND (k <= 2083122))

table 2 : explain SELECT k, c FROM sbtest2 WHERE k BETWEEN 2083022 AND 2083122
	Bitmap Heap Scan on sbtest2  (cost=5.47..405.13 rows=101 width=125)
	  Recheck Cond: ((k >= 2083022) AND (k <= 2083122))
	  ->  Bitmap Index Scan on k_2  (cost=0.00..5.44 rows=101 width=0)
	        Index Cond: ((k >= 2083022) AND (k <= 2083122))

table 3 : explain SELECT k, c FROM sbtest3 WHERE k BETWEEN 2083022 AND 2083122
	Bitmap Heap Scan on sbtest3  (cost=5.52..424.81 rows=106 width=125)
	  Recheck Cond: ((k >= 2083022) AND (k <= 2083122))
	  ->  Bitmap Index Scan on k_3  (cost=0.00..5.50 rows=106 width=0)
	        Index Cond: ((k >= 2083022) AND (k <= 2083122))

table 4 : explain SELECT k, c FROM sbtest4 WHERE k BETWEEN 2083022 AND 2083122
	Bitmap Heap Scan on sbtest4  (cost=5.44..393.31 rows=98 width=125)
	  Recheck Cond: ((k >= 2083022) AND (k <= 2083122))
	  ->  Bitmap Index Scan on k_4  (cost=0.00..5.42 rows=98 width=0)
	        Index Cond: ((k >= 2083022) AND (k <= 2083122))

table 5 : explain SELECT k, c FROM sbtest5 WHERE k BETWEEN 2083022 AND 2083122
	Bitmap Heap Scan on sbtest5  (cost=5.45..397.25 rows=99 width=125)
	  Recheck Cond: ((k >= 2083022) AND (k <= 2083122))
	  ->  Bitmap Index Scan on k_5  (cost=0.00..5.42 rows=99 width=0)
	        Index Cond: ((k >= 2083022) AND (k <= 2083122))

table 6 : explain SELECT k, c FROM sbtest6 WHERE k BETWEEN 2083022 AND 2083122
	Bitmap Heap Scan on sbtest6  (cost=5.47..405.13 rows=101 width=125)
	  Recheck Cond: ((k >= 2083022) AND (k <= 2083122))
	  ->  Bitmap Index Scan on k_6  (cost=0.00..5.44 rows=101 width=0)
	        Index Cond: ((k >= 2083022) AND (k <= 2083122))

table 7 : explain SELECT k, c FROM sbtest7 WHERE k BETWEEN 2083022 AND 2083122
	Bitmap Heap Scan on sbtest7  (cost=5.50..416.94 rows=104 width=125)
	  Recheck Cond: ((k >= 2083022) AND (k <= 2083122))
	  ->  Bitmap Index Scan on k_7  (cost=0.00..5.47 rows=104 width=0)
	        Index Cond: ((k >= 2083022) AND (k <= 2083122))

table 8 : explain SELECT k, c FROM sbtest8 WHERE k BETWEEN 2083022 AND 2083122
	Bitmap Heap Scan on sbtest8  (cost=5.43..389.37 rows=97 width=125)
	  Recheck Cond: ((k >= 2083022) AND (k <= 2083122))
	  ->  Bitmap Index Scan on k_8  (cost=0.00..5.40 rows=97 width=0)
	        Index Cond: ((k >= 2083022) AND (k <= 2083122))

explain: for range-notcovered :: explain SELECT k, c FROM sbtest%d WHERE k BETWEEN 2083022 AND 2083122
for range-notcovered
table 1 : explain SELECT k, c FROM sbtest1 WHERE k BETWEEN 4625394 AND 4625494
	Bitmap Heap Scan on sbtest1  (cost=5.54..432.69 rows=108 width=125)
	  Recheck Cond: ((k >= 4625394) AND (k <= 4625494))
	  ->  Bitmap Index Scan on k_1  (cost=0.00..5.51 rows=108 width=0)
	        Index Cond: ((k >= 4625394) AND (k <= 4625494))

table 2 : explain SELECT k, c FROM sbtest2 WHERE k BETWEEN 4625394 AND 4625494
	Bitmap Heap Scan on sbtest2  (cost=5.45..397.25 rows=99 width=125)
	  Recheck Cond: ((k >= 4625394) AND (k <= 4625494))
	  ->  Bitmap Index Scan on k_2  (cost=0.00..5.42 rows=99 width=0)
	        Index Cond: ((k >= 4625394) AND (k <= 4625494))

table 3 : explain SELECT k, c FROM sbtest3 WHERE k BETWEEN 4625394 AND 4625494
	Bitmap Heap Scan on sbtest3  (cost=5.49..413.00 rows=103 width=125)
	  Recheck Cond: ((k >= 4625394) AND (k <= 4625494))
	  ->  Bitmap Index Scan on k_3  (cost=0.00..5.46 rows=103 width=0)
	        Index Cond: ((k >= 4625394) AND (k <= 4625494))

table 4 : explain SELECT k, c FROM sbtest4 WHERE k BETWEEN 4625394 AND 4625494
	Bitmap Heap Scan on sbtest4  (cost=5.48..409.07 rows=102 width=125)
	  Recheck Cond: ((k >= 4625394) AND (k <= 4625494))
	  ->  Bitmap Index Scan on k_4  (cost=0.00..5.45 rows=102 width=0)
	        Index Cond: ((k >= 4625394) AND (k <= 4625494))

table 5 : explain SELECT k, c FROM sbtest5 WHERE k BETWEEN 4625394 AND 4625494
	Bitmap Heap Scan on sbtest5  (cost=5.44..393.31 rows=98 width=125)
	  Recheck Cond: ((k >= 4625394) AND (k <= 4625494))
	  ->  Bitmap Index Scan on k_5  (cost=0.00..5.42 rows=98 width=0)
	        Index Cond: ((k >= 4625394) AND (k <= 4625494))

table 6 : explain SELECT k, c FROM sbtest6 WHERE k BETWEEN 4625394 AND 4625494
	Bitmap Heap Scan on sbtest6  (cost=5.50..416.94 rows=104 width=125)
	  Recheck Cond: ((k >= 4625394) AND (k <= 4625494))
	  ->  Bitmap Index Scan on k_6  (cost=0.00..5.47 rows=104 width=0)
	        Index Cond: ((k >= 4625394) AND (k <= 4625494))

table 7 : explain SELECT k, c FROM sbtest7 WHERE k BETWEEN 4625394 AND 4625494
	Bitmap Heap Scan on sbtest7  (cost=5.48..409.07 rows=102 width=125)
	  Recheck Cond: ((k >= 4625394) AND (k <= 4625494))
	  ->  Bitmap Index Scan on k_7  (cost=0.00..5.45 rows=102 width=0)
	        Index Cond: ((k >= 4625394) AND (k <= 4625494))

table 8 : explain SELECT k, c FROM sbtest8 WHERE k BETWEEN 4625394 AND 4625494
	Bitmap Heap Scan on sbtest8  (cost=5.56..440.56 rows=110 width=125)
	  Recheck Cond: ((k >= 4625394) AND (k <= 4625494))
	  ->  Bitmap Index Scan on k_8  (cost=0.00..5.53 rows=110 width=0)
	        Index Cond: ((k >= 4625394) AND (k <= 4625494))

explain: for range-notcovered :: explain SELECT k, c FROM sbtest%d WHERE k BETWEEN 4625394 AND 4625494
for range-notcovered
table 1 : explain SELECT k, c FROM sbtest1 WHERE k BETWEEN 4385473 AND 4385573
	Bitmap Heap Scan on sbtest1  (cost=5.58..448.42 rows=112 width=125)
	  Recheck Cond: ((k >= 4385473) AND (k <= 4385573))
	  ->  Bitmap Index Scan on k_1  (cost=0.00..5.55 rows=112 width=0)
	        Index Cond: ((k >= 4385473) AND (k <= 4385573))

table 2 : explain SELECT k, c FROM sbtest2 WHERE k BETWEEN 4385473 AND 4385573
	Bitmap Heap Scan on sbtest2  (cost=5.55..436.62 rows=109 width=125)
	  Recheck Cond: ((k >= 4385473) AND (k <= 4385573))
	  ->  Bitmap Index Scan on k_2  (cost=0.00..5.52 rows=109 width=0)
	        Index Cond: ((k >= 4385473) AND (k <= 4385573))

table 3 : explain SELECT k, c FROM sbtest3 WHERE k BETWEEN 4385473 AND 4385573
	Bitmap Heap Scan on sbtest3  (cost=5.47..405.13 rows=101 width=125)
	  Recheck Cond: ((k >= 4385473) AND (k <= 4385573))
	  ->  Bitmap Index Scan on k_3  (cost=0.00..5.44 rows=101 width=0)
	        Index Cond: ((k >= 4385473) AND (k <= 4385573))

table 4 : explain SELECT k, c FROM sbtest4 WHERE k BETWEEN 4385473 AND 4385573
	Bitmap Heap Scan on sbtest4  (cost=5.55..436.62 rows=109 width=125)
	  Recheck Cond: ((k >= 4385473) AND (k <= 4385573))
	  ->  Bitmap Index Scan on k_4  (cost=0.00..5.52 rows=109 width=0)
	        Index Cond: ((k >= 4385473) AND (k <= 4385573))

table 5 : explain SELECT k, c FROM sbtest5 WHERE k BETWEEN 4385473 AND 4385573
	Bitmap Heap Scan on sbtest5  (cost=5.39..373.61 rows=93 width=125)
	  Recheck Cond: ((k >= 4385473) AND (k <= 4385573))
	  ->  Bitmap Index Scan on k_5  (cost=0.00..5.36 rows=93 width=0)
	        Index Cond: ((k >= 4385473) AND (k <= 4385573))

table 6 : explain SELECT k, c FROM sbtest6 WHERE k BETWEEN 4385473 AND 4385573
	Bitmap Heap Scan on sbtest6  (cost=5.48..409.07 rows=102 width=125)
	  Recheck Cond: ((k >= 4385473) AND (k <= 4385573))
	  ->  Bitmap Index Scan on k_6  (cost=0.00..5.45 rows=102 width=0)
	        Index Cond: ((k >= 4385473) AND (k <= 4385573))

table 7 : explain SELECT k, c FROM sbtest7 WHERE k BETWEEN 4385473 AND 4385573
	Bitmap Heap Scan on sbtest7  (cost=5.52..424.81 rows=106 width=125)
	  Recheck Cond: ((k >= 4385473) AND (k <= 4385573))
	  ->  Bitmap Index Scan on k_7  (cost=0.00..5.50 rows=106 width=0)
	        Index Cond: ((k >= 4385473) AND (k <= 4385573))

table 8 : explain SELECT k, c FROM sbtest8 WHERE k BETWEEN 4385473 AND 4385573
	Bitmap Heap Scan on sbtest8  (cost=5.51..420.88 rows=105 width=125)
	  Recheck Cond: ((k >= 4385473) AND (k <= 4385573))
	  ->  Bitmap Index Scan on k_8  (cost=0.00..5.48 rows=105 width=0)
	        Index Cond: ((k >= 4385473) AND (k <= 4385573))

explain: for range-notcovered :: explain SELECT k, c FROM sbtest%d WHERE k BETWEEN 4385473 AND 4385573
for range-notcovered
table 1 : explain SELECT k, c FROM sbtest1 WHERE k BETWEEN 2083022 AND 2083122
	Bitmap Heap Scan on sbtest1  (cost=5.54..432.69 rows=108 width=125)
	  Recheck Cond: ((k >= 2083022) AND (k <= 2083122))
	  ->  Bitmap Index Scan on k_1  (cost=0.00..5.51 rows=108 width=0)
	        Index Cond: ((k >= 2083022) AND (k <= 2083122))

table 2 : explain SELECT k, c FROM sbtest2 WHERE k BETWEEN 2083022 AND 2083122
	Bitmap Heap Scan on sbtest2  (cost=5.47..405.13 rows=101 width=125)
	  Recheck Cond: ((k >= 2083022) AND (k <= 2083122))
	  ->  Bitmap Index Scan on k_2  (cost=0.00..5.44 rows=101 width=0)
	        Index Cond: ((k >= 2083022) AND (k <= 2083122))

table 3 : explain SELECT k, c FROM sbtest3 WHERE k BETWEEN 2083022 AND 2083122
	Bitmap Heap Scan on sbtest3  (cost=5.52..424.81 rows=106 width=125)
	  Recheck Cond: ((k >= 2083022) AND (k <= 2083122))
	  ->  Bitmap Index Scan on k_3  (cost=0.00..5.50 rows=106 width=0)
	        Index Cond: ((k >= 2083022) AND (k <= 2083122))

table 4 : explain SELECT k, c FROM sbtest4 WHERE k BETWEEN 2083022 AND 2083122
	Bitmap Heap Scan on sbtest4  (cost=5.44..393.31 rows=98 width=125)
	  Recheck Cond: ((k >= 2083022) AND (k <= 2083122))
	  ->  Bitmap Index Scan on k_4  (cost=0.00..5.42 rows=98 width=0)
	        Index Cond: ((k >= 2083022) AND (k <= 2083122))

table 5 : explain SELECT k, c FROM sbtest5 WHERE k BETWEEN 2083022 AND 2083122
	Bitmap Heap Scan on sbtest5  (cost=5.45..397.25 rows=99 width=125)
	  Recheck Cond: ((k >= 2083022) AND (k <= 2083122))
	  ->  Bitmap Index Scan on k_5  (cost=0.00..5.42 rows=99 width=0)
	        Index Cond: ((k >= 2083022) AND (k <= 2083122))

table 6 : explain SELECT k, c FROM sbtest6 WHERE k BETWEEN 2083022 AND 2083122
	Bitmap Heap Scan on sbtest6  (cost=5.47..405.13 rows=101 width=125)
	  Recheck Cond: ((k >= 2083022) AND (k <= 2083122))
	  ->  Bitmap Index Scan on k_6  (cost=0.00..5.44 rows=101 width=0)
	        Index Cond: ((k >= 2083022) AND (k <= 2083122))

table 7 : explain SELECT k, c FROM sbtest7 WHERE k BETWEEN 2083022 AND 2083122
	Bitmap Heap Scan on sbtest7  (cost=5.50..416.94 rows=104 width=125)
	  Recheck Cond: ((k >= 2083022) AND (k <= 2083122))
	  ->  Bitmap Index Scan on k_7  (cost=0.00..5.47 rows=104 width=0)
	        Index Cond: ((k >= 2083022) AND (k <= 2083122))

table 8 : explain SELECT k, c FROM sbtest8 WHERE k BETWEEN 2083022 AND 2083122
	Bitmap Heap Scan on sbtest8  (cost=5.43..389.37 rows=97 width=125)
	  Recheck Cond: ((k >= 2083022) AND (k <= 2083122))
	  ->  Bitmap Index Scan on k_8  (cost=0.00..5.40 rows=97 width=0)
	        Index Cond: ((k >= 2083022) AND (k <= 2083122))

explain: for range-notcovered :: explain SELECT k, c FROM sbtest%d WHERE k BETWEEN 2083022 AND 2083122
for range-notcovered
table 1 : explain SELECT k, c FROM sbtest1 WHERE k BETWEEN 4625394 AND 4625494
	Bitmap Heap Scan on sbtest1  (cost=5.54..432.69 rows=108 width=125)
	  Recheck Cond: ((k >= 4625394) AND (k <= 4625494))
	  ->  Bitmap Index Scan on k_1  (cost=0.00..5.51 rows=108 width=0)
	        Index Cond: ((k >= 4625394) AND (k <= 4625494))

table 2 : explain SELECT k, c FROM sbtest2 WHERE k BETWEEN 4625394 AND 4625494
	Bitmap Heap Scan on sbtest2  (cost=5.45..397.25 rows=99 width=125)
	  Recheck Cond: ((k >= 4625394) AND (k <= 4625494))
	  ->  Bitmap Index Scan on k_2  (cost=0.00..5.42 rows=99 width=0)
	        Index Cond: ((k >= 4625394) AND (k <= 4625494))

table 3 : explain SELECT k, c FROM sbtest3 WHERE k BETWEEN 4625394 AND 4625494
	Bitmap Heap Scan on sbtest3  (cost=5.49..413.00 rows=103 width=125)
	  Recheck Cond: ((k >= 4625394) AND (k <= 4625494))
	  ->  Bitmap Index Scan on k_3  (cost=0.00..5.46 rows=103 width=0)
	        Index Cond: ((k >= 4625394) AND (k <= 4625494))

table 4 : explain SELECT k, c FROM sbtest4 WHERE k BETWEEN 4625394 AND 4625494
	Bitmap Heap Scan on sbtest4  (cost=5.48..409.07 rows=102 width=125)
	  Recheck Cond: ((k >= 4625394) AND (k <= 4625494))
	  ->  Bitmap Index Scan on k_4  (cost=0.00..5.45 rows=102 width=0)
	        Index Cond: ((k >= 4625394) AND (k <= 4625494))

table 5 : explain SELECT k, c FROM sbtest5 WHERE k BETWEEN 4625394 AND 4625494
	Bitmap Heap Scan on sbtest5  (cost=5.44..393.31 rows=98 width=125)
	  Recheck Cond: ((k >= 4625394) AND (k <= 4625494))
	  ->  Bitmap Index Scan on k_5  (cost=0.00..5.42 rows=98 width=0)
	        Index Cond: ((k >= 4625394) AND (k <= 4625494))

table 6 : explain SELECT k, c FROM sbtest6 WHERE k BETWEEN 4625394 AND 4625494
	Bitmap Heap Scan on sbtest6  (cost=5.50..416.94 rows=104 width=125)
	  Recheck Cond: ((k >= 4625394) AND (k <= 4625494))
	  ->  Bitmap Index Scan on k_6  (cost=0.00..5.47 rows=104 width=0)
	        Index Cond: ((k >= 4625394) AND (k <= 4625494))

table 7 : explain SELECT k, c FROM sbtest7 WHERE k BETWEEN 4625394 AND 4625494
	Bitmap Heap Scan on sbtest7  (cost=5.48..409.07 rows=102 width=125)
	  Recheck Cond: ((k >= 4625394) AND (k <= 4625494))
	  ->  Bitmap Index Scan on k_7  (cost=0.00..5.45 rows=102 width=0)
	        Index Cond: ((k >= 4625394) AND (k <= 4625494))

table 8 : explain SELECT k, c FROM sbtest8 WHERE k BETWEEN 4625394 AND 4625494
	Bitmap Heap Scan on sbtest8  (cost=5.56..440.56 rows=110 width=125)
	  Recheck Cond: ((k >= 4625394) AND (k <= 4625494))
	  ->  Bitmap Index Scan on k_8  (cost=0.00..5.53 rows=110 width=0)
	        Index Cond: ((k >= 4625394) AND (k <= 4625494))

for range-notcovered
table 1 : explain SELECT k, c FROM sbtest1 WHERE k BETWEEN 4385473 AND 4385573
	Bitmap Heap Scan on sbtest1  (cost=5.58..448.42 rows=112 width=125)
	  Recheck Cond: ((k >= 4385473) AND (k <= 4385573))
	  ->  Bitmap Index Scan on k_1  (cost=0.00..5.55 rows=112 width=0)
	        Index Cond: ((k >= 4385473) AND (k <= 4385573))

table 2 : explain SELECT k, c FROM sbtest2 WHERE k BETWEEN 4385473 AND 4385573
	Bitmap Heap Scan on sbtest2  (cost=5.55..436.62 rows=109 width=125)
	  Recheck Cond: ((k >= 4385473) AND (k <= 4385573))
	  ->  Bitmap Index Scan on k_2  (cost=0.00..5.52 rows=109 width=0)
	        Index Cond: ((k >= 4385473) AND (k <= 4385573))

table 3 : explain SELECT k, c FROM sbtest3 WHERE k BETWEEN 4385473 AND 4385573
	Bitmap Heap Scan on sbtest3  (cost=5.47..405.13 rows=101 width=125)
	  Recheck Cond: ((k >= 4385473) AND (k <= 4385573))
	  ->  Bitmap Index Scan on k_3  (cost=0.00..5.44 rows=101 width=0)
	        Index Cond: ((k >= 4385473) AND (k <= 4385573))

table 4 : explain SELECT k, c FROM sbtest4 WHERE k BETWEEN 4385473 AND 4385573
	Bitmap Heap Scan on sbtest4  (cost=5.55..436.62 rows=109 width=125)
	  Recheck Cond: ((k >= 4385473) AND (k <= 4385573))
	  ->  Bitmap Index Scan on k_4  (cost=0.00..5.52 rows=109 width=0)
	        Index Cond: ((k >= 4385473) AND (k <= 4385573))

table 5 : explain SELECT k, c FROM sbtest5 WHERE k BETWEEN 4385473 AND 4385573
	Bitmap Heap Scan on sbtest5  (cost=5.39..373.61 rows=93 width=125)
	  Recheck Cond: ((k >= 4385473) AND (k <= 4385573))
	  ->  Bitmap Index Scan on k_5  (cost=0.00..5.36 rows=93 width=0)
	        Index Cond: ((k >= 4385473) AND (k <= 4385573))

table 6 : explain SELECT k, c FROM sbtest6 WHERE k BETWEEN 4385473 AND 4385573
	Bitmap Heap Scan on sbtest6  (cost=5.48..409.07 rows=102 width=125)
	  Recheck Cond: ((k >= 4385473) AND (k <= 4385573))
	  ->  Bitmap Index Scan on k_6  (cost=0.00..5.45 rows=102 width=0)
	        Index Cond: ((k >= 4385473) AND (k <= 4385573))

table 7 : explain SELECT k, c FROM sbtest7 WHERE k BETWEEN 4385473 AND 4385573
	Bitmap Heap Scan on sbtest7  (cost=5.52..424.81 rows=106 width=125)
	  Recheck Cond: ((k >= 4385473) AND (k <= 4385573))
	  ->  Bitmap Index Scan on k_7  (cost=0.00..5.50 rows=106 width=0)
	        Index Cond: ((k >= 4385473) AND (k <= 4385573))

table 8 : explain SELECT k, c FROM sbtest8 WHERE k BETWEEN 4385473 AND 4385573
	Bitmap Heap Scan on sbtest8  (cost=5.51..420.88 rows=105 width=125)
	  Recheck Cond: ((k >= 4385473) AND (k <= 4385573))
	  ->  Bitmap Index Scan on k_8  (cost=0.00..5.48 rows=105 width=0)
	        Index Cond: ((k >= 4385473) AND (k <= 4385573))

for range-notcovered
table 1 : explain SELECT k, c FROM sbtest1 WHERE k BETWEEN 2083022 AND 2083122
	Bitmap Heap Scan on sbtest1  (cost=5.54..432.69 rows=108 width=125)
	  Recheck Cond: ((k >= 2083022) AND (k <= 2083122))
	  ->  Bitmap Index Scan on k_1  (cost=0.00..5.51 rows=108 width=0)
	        Index Cond: ((k >= 2083022) AND (k <= 2083122))

table 2 : explain SELECT k, c FROM sbtest2 WHERE k BETWEEN 2083022 AND 2083122
	Bitmap Heap Scan on sbtest2  (cost=5.47..405.13 rows=101 width=125)
	  Recheck Cond: ((k >= 2083022) AND (k <= 2083122))
	  ->  Bitmap Index Scan on k_2  (cost=0.00..5.44 rows=101 width=0)
	        Index Cond: ((k >= 2083022) AND (k <= 2083122))

table 3 : explain SELECT k, c FROM sbtest3 WHERE k BETWEEN 2083022 AND 2083122
	Bitmap Heap Scan on sbtest3  (cost=5.52..424.81 rows=106 width=125)
	  Recheck Cond: ((k >= 2083022) AND (k <= 2083122))
	  ->  Bitmap Index Scan on k_3  (cost=0.00..5.50 rows=106 width=0)
	        Index Cond: ((k >= 2083022) AND (k <= 2083122))

table 4 : explain SELECT k, c FROM sbtest4 WHERE k BETWEEN 2083022 AND 2083122
	Bitmap Heap Scan on sbtest4  (cost=5.44..393.31 rows=98 width=125)
	  Recheck Cond: ((k >= 2083022) AND (k <= 2083122))
	  ->  Bitmap Index Scan on k_4  (cost=0.00..5.42 rows=98 width=0)
	        Index Cond: ((k >= 2083022) AND (k <= 2083122))

table 5 : explain SELECT k, c FROM sbtest5 WHERE k BETWEEN 2083022 AND 2083122
	Bitmap Heap Scan on sbtest5  (cost=5.45..397.25 rows=99 width=125)
	  Recheck Cond: ((k >= 2083022) AND (k <= 2083122))
	  ->  Bitmap Index Scan on k_5  (cost=0.00..5.42 rows=99 width=0)
	        Index Cond: ((k >= 2083022) AND (k <= 2083122))

table 6 : explain SELECT k, c FROM sbtest6 WHERE k BETWEEN 2083022 AND 2083122
	Bitmap Heap Scan on sbtest6  (cost=5.47..405.13 rows=101 width=125)
	  Recheck Cond: ((k >= 2083022) AND (k <= 2083122))
	  ->  Bitmap Index Scan on k_6  (cost=0.00..5.44 rows=101 width=0)
	        Index Cond: ((k >= 2083022) AND (k <= 2083122))

table 7 : explain SELECT k, c FROM sbtest7 WHERE k BETWEEN 2083022 AND 2083122
	Bitmap Heap Scan on sbtest7  (cost=5.50..416.94 rows=104 width=125)
	  Recheck Cond: ((k >= 2083022) AND (k <= 2083122))
	  ->  Bitmap Index Scan on k_7  (cost=0.00..5.47 rows=104 width=0)
	        Index Cond: ((k >= 2083022) AND (k <= 2083122))

table 8 : explain SELECT k, c FROM sbtest8 WHERE k BETWEEN 2083022 AND 2083122
	Bitmap Heap Scan on sbtest8  (cost=5.43..389.37 rows=97 width=125)
	  Recheck Cond: ((k >= 2083022) AND (k <= 2083122))
	  ->  Bitmap Index Scan on k_8  (cost=0.00..5.40 rows=97 width=0)
	        Index Cond: ((k >= 2083022) AND (k <= 2083122))

explain: for range-notcovered :: explain SELECT k, c FROM sbtest%d WHERE k BETWEEN 2083022 AND 2083122
explain: for range-notcovered :: explain SELECT k, c FROM sbtest%d WHERE k BETWEEN 5162612 AND 5162712
for range-notcovered
table 1 : explain SELECT k, c FROM sbtest1 WHERE k BETWEEN 2083022 AND 2083122
	Bitmap Heap Scan on sbtest1  (cost=5.54..432.69 rows=108 width=125)
	  Recheck Cond: ((k >= 2083022) AND (k <= 2083122))
	  ->  Bitmap Index Scan on k_1  (cost=0.00..5.51 rows=108 width=0)
	        Index Cond: ((k >= 2083022) AND (k <= 2083122))

table 2 : explain SELECT k, c FROM sbtest2 WHERE k BETWEEN 2083022 AND 2083122
	Bitmap Heap Scan on sbtest2  (cost=5.47..405.13 rows=101 width=125)
	  Recheck Cond: ((k >= 2083022) AND (k <= 2083122))
	  ->  Bitmap Index Scan on k_2  (cost=0.00..5.44 rows=101 width=0)
	        Index Cond: ((k >= 2083022) AND (k <= 2083122))

table 3 : explain SELECT k, c FROM sbtest3 WHERE k BETWEEN 2083022 AND 2083122
	Bitmap Heap Scan on sbtest3  (cost=5.52..424.81 rows=106 width=125)
	  Recheck Cond: ((k >= 2083022) AND (k <= 2083122))
	  ->  Bitmap Index Scan on k_3  (cost=0.00..5.50 rows=106 width=0)
	        Index Cond: ((k >= 2083022) AND (k <= 2083122))

table 4 : explain SELECT k, c FROM sbtest4 WHERE k BETWEEN 2083022 AND 2083122
	Bitmap Heap Scan on sbtest4  (cost=5.44..393.31 rows=98 width=125)
	  Recheck Cond: ((k >= 2083022) AND (k <= 2083122))
	  ->  Bitmap Index Scan on k_4  (cost=0.00..5.42 rows=98 width=0)
	        Index Cond: ((k >= 2083022) AND (k <= 2083122))

table 5 : explain SELECT k, c FROM sbtest5 WHERE k BETWEEN 2083022 AND 2083122
	Bitmap Heap Scan on sbtest5  (cost=5.45..397.25 rows=99 width=125)
	  Recheck Cond: ((k >= 2083022) AND (k <= 2083122))
	  ->  Bitmap Index Scan on k_5  (cost=0.00..5.42 rows=99 width=0)
	        Index Cond: ((k >= 2083022) AND (k <= 2083122))

table 6 : explain SELECT k, c FROM sbtest6 WHERE k BETWEEN 2083022 AND 2083122
	Bitmap Heap Scan on sbtest6  (cost=5.47..405.13 rows=101 width=125)
	  Recheck Cond: ((k >= 2083022) AND (k <= 2083122))
	  ->  Bitmap Index Scan on k_6  (cost=0.00..5.44 rows=101 width=0)
	        Index Cond: ((k >= 2083022) AND (k <= 2083122))

table 7 : explain SELECT k, c FROM sbtest7 WHERE k BETWEEN 2083022 AND 2083122
	Bitmap Heap Scan on sbtest7  (cost=5.50..416.94 rows=104 width=125)
	  Recheck Cond: ((k >= 2083022) AND (k <= 2083122))
	  ->  Bitmap Index Scan on k_7  (cost=0.00..5.47 rows=104 width=0)
	        Index Cond: ((k >= 2083022) AND (k <= 2083122))

table 8 : explain SELECT k, c FROM sbtest8 WHERE k BETWEEN 2083022 AND 2083122
	Bitmap Heap Scan on sbtest8  (cost=5.43..389.37 rows=97 width=125)
	  Recheck Cond: ((k >= 2083022) AND (k <= 2083122))
	  ->  Bitmap Index Scan on k_8  (cost=0.00..5.40 rows=97 width=0)
	        Index Cond: ((k >= 2083022) AND (k <= 2083122))

explain: for range-notcovered :: explain SELECT k, c FROM sbtest%d WHERE k BETWEEN 2083022 AND 2083122
for range-notcovered
table 1 : explain SELECT k, c FROM sbtest1 WHERE k BETWEEN 2083022 AND 2083122
	Bitmap Heap Scan on sbtest1  (cost=5.54..432.69 rows=108 width=125)
	  Recheck Cond: ((k >= 2083022) AND (k <= 2083122))
	  ->  Bitmap Index Scan on k_1  (cost=0.00..5.51 rows=108 width=0)
	        Index Cond: ((k >= 2083022) AND (k <= 2083122))

table 2 : explain SELECT k, c FROM sbtest2 WHERE k BETWEEN 2083022 AND 2083122
	Bitmap Heap Scan on sbtest2  (cost=5.47..405.13 rows=101 width=125)
	  Recheck Cond: ((k >= 2083022) AND (k <= 2083122))
	  ->  Bitmap Index Scan on k_2  (cost=0.00..5.44 rows=101 width=0)
	        Index Cond: ((k >= 2083022) AND (k <= 2083122))

table 3 : explain SELECT k, c FROM sbtest3 WHERE k BETWEEN 2083022 AND 2083122
	Bitmap Heap Scan on sbtest3  (cost=5.52..424.81 rows=106 width=125)
	  Recheck Cond: ((k >= 2083022) AND (k <= 2083122))
	  ->  Bitmap Index Scan on k_3  (cost=0.00..5.50 rows=106 width=0)
	        Index Cond: ((k >= 2083022) AND (k <= 2083122))

table 4 : explain SELECT k, c FROM sbtest4 WHERE k BETWEEN 2083022 AND 2083122
	Bitmap Heap Scan on sbtest4  (cost=5.44..393.31 rows=98 width=125)
	  Recheck Cond: ((k >= 2083022) AND (k <= 2083122))
	  ->  Bitmap Index Scan on k_4  (cost=0.00..5.42 rows=98 width=0)
	        Index Cond: ((k >= 2083022) AND (k <= 2083122))

table 5 : explain SELECT k, c FROM sbtest5 WHERE k BETWEEN 2083022 AND 2083122
	Bitmap Heap Scan on sbtest5  (cost=5.45..397.25 rows=99 width=125)
	  Recheck Cond: ((k >= 2083022) AND (k <= 2083122))
	  ->  Bitmap Index Scan on k_5  (cost=0.00..5.42 rows=99 width=0)
	        Index Cond: ((k >= 2083022) AND (k <= 2083122))

table 6 : explain SELECT k, c FROM sbtest6 WHERE k BETWEEN 2083022 AND 2083122
	Bitmap Heap Scan on sbtest6  (cost=5.47..405.13 rows=101 width=125)
	  Recheck Cond: ((k >= 2083022) AND (k <= 2083122))
	  ->  Bitmap Index Scan on k_6  (cost=0.00..5.44 rows=101 width=0)
	        Index Cond: ((k >= 2083022) AND (k <= 2083122))

table 7 : explain SELECT k, c FROM sbtest7 WHERE k BETWEEN 2083022 AND 2083122
	Bitmap Heap Scan on sbtest7  (cost=5.50..416.94 rows=104 width=125)
	  Recheck Cond: ((k >= 2083022) AND (k <= 2083122))
	  ->  Bitmap Index Scan on k_7  (cost=0.00..5.47 rows=104 width=0)
	        Index Cond: ((k >= 2083022) AND (k <= 2083122))

table 8 : explain SELECT k, c FROM sbtest8 WHERE k BETWEEN 2083022 AND 2083122
	Bitmap Heap Scan on sbtest8  (cost=5.43..389.37 rows=97 width=125)
	  Recheck Cond: ((k >= 2083022) AND (k <= 2083122))
	  ->  Bitmap Index Scan on k_8  (cost=0.00..5.40 rows=97 width=0)
	        Index Cond: ((k >= 2083022) AND (k <= 2083122))

explain: for range-notcovered :: explain SELECT k, c FROM sbtest%d WHERE k BETWEEN 2083022 AND 2083122
for range-notcovered
table 1 : explain SELECT k, c FROM sbtest1 WHERE k BETWEEN 2083022 AND 2083122
	Bitmap Heap Scan on sbtest1  (cost=5.54..432.69 rows=108 width=125)
	  Recheck Cond: ((k >= 2083022) AND (k <= 2083122))
	  ->  Bitmap Index Scan on k_1  (cost=0.00..5.51 rows=108 width=0)
	        Index Cond: ((k >= 2083022) AND (k <= 2083122))

table 2 : explain SELECT k, c FROM sbtest2 WHERE k BETWEEN 2083022 AND 2083122
	Bitmap Heap Scan on sbtest2  (cost=5.47..405.13 rows=101 width=125)
	  Recheck Cond: ((k >= 2083022) AND (k <= 2083122))
	  ->  Bitmap Index Scan on k_2  (cost=0.00..5.44 rows=101 width=0)
	        Index Cond: ((k >= 2083022) AND (k <= 2083122))

table 3 : explain SELECT k, c FROM sbtest3 WHERE k BETWEEN 2083022 AND 2083122
	Bitmap Heap Scan on sbtest3  (cost=5.52..424.81 rows=106 width=125)
	  Recheck Cond: ((k >= 2083022) AND (k <= 2083122))
	  ->  Bitmap Index Scan on k_3  (cost=0.00..5.50 rows=106 width=0)
	        Index Cond: ((k >= 2083022) AND (k <= 2083122))

table 4 : explain SELECT k, c FROM sbtest4 WHERE k BETWEEN 2083022 AND 2083122
	Bitmap Heap Scan on sbtest4  (cost=5.44..393.31 rows=98 width=125)
	  Recheck Cond: ((k >= 2083022) AND (k <= 2083122))
	  ->  Bitmap Index Scan on k_4  (cost=0.00..5.42 rows=98 width=0)
	        Index Cond: ((k >= 2083022) AND (k <= 2083122))

table 5 : explain SELECT k, c FROM sbtest5 WHERE k BETWEEN 2083022 AND 2083122
	Bitmap Heap Scan on sbtest5  (cost=5.45..397.25 rows=99 width=125)
	  Recheck Cond: ((k >= 2083022) AND (k <= 2083122))
	  ->  Bitmap Index Scan on k_5  (cost=0.00..5.42 rows=99 width=0)
	        Index Cond: ((k >= 2083022) AND (k <= 2083122))

table 6 : explain SELECT k, c FROM sbtest6 WHERE k BETWEEN 2083022 AND 2083122
	Bitmap Heap Scan on sbtest6  (cost=5.47..405.13 rows=101 width=125)
	  Recheck Cond: ((k >= 2083022) AND (k <= 2083122))
	  ->  Bitmap Index Scan on k_6  (cost=0.00..5.44 rows=101 width=0)
	        Index Cond: ((k >= 2083022) AND (k <= 2083122))

table 7 : explain SELECT k, c FROM sbtest7 WHERE k BETWEEN 2083022 AND 2083122
	Bitmap Heap Scan on sbtest7  (cost=5.50..416.94 rows=104 width=125)
	  Recheck Cond: ((k >= 2083022) AND (k <= 2083122))
	  ->  Bitmap Index Scan on k_7  (cost=0.00..5.47 rows=104 width=0)
	        Index Cond: ((k >= 2083022) AND (k <= 2083122))

table 8 : explain SELECT k, c FROM sbtest8 WHERE k BETWEEN 2083022 AND 2083122
	Bitmap Heap Scan on sbtest8  (cost=5.43..389.37 rows=97 width=125)
	  Recheck Cond: ((k >= 2083022) AND (k <= 2083122))
	  ->  Bitmap Index Scan on k_8  (cost=0.00..5.40 rows=97 width=0)
	        Index Cond: ((k >= 2083022) AND (k <= 2083122))

explain: for range-notcovered :: explain SELECT k, c FROM sbtest%d WHERE k BETWEEN 2083022 AND 2083122
for range-notcovered
table 1 : explain SELECT k, c FROM sbtest1 WHERE k BETWEEN 2083022 AND 2083122
	Bitmap Heap Scan on sbtest1  (cost=5.54..432.69 rows=108 width=125)
	  Recheck Cond: ((k >= 2083022) AND (k <= 2083122))
	  ->  Bitmap Index Scan on k_1  (cost=0.00..5.51 rows=108 width=0)
	        Index Cond: ((k >= 2083022) AND (k <= 2083122))

table 2 : explain SELECT k, c FROM sbtest2 WHERE k BETWEEN 2083022 AND 2083122
	Bitmap Heap Scan on sbtest2  (cost=5.47..405.13 rows=101 width=125)
	  Recheck Cond: ((k >= 2083022) AND (k <= 2083122))
	  ->  Bitmap Index Scan on k_2  (cost=0.00..5.44 rows=101 width=0)
	        Index Cond: ((k >= 2083022) AND (k <= 2083122))

table 3 : explain SELECT k, c FROM sbtest3 WHERE k BETWEEN 2083022 AND 2083122
	Bitmap Heap Scan on sbtest3  (cost=5.52..424.81 rows=106 width=125)
	  Recheck Cond: ((k >= 2083022) AND (k <= 2083122))
	  ->  Bitmap Index Scan on k_3  (cost=0.00..5.50 rows=106 width=0)
	        Index Cond: ((k >= 2083022) AND (k <= 2083122))

table 4 : explain SELECT k, c FROM sbtest4 WHERE k BETWEEN 2083022 AND 2083122
	Bitmap Heap Scan on sbtest4  (cost=5.44..393.31 rows=98 width=125)
	  Recheck Cond: ((k >= 2083022) AND (k <= 2083122))
	  ->  Bitmap Index Scan on k_4  (cost=0.00..5.42 rows=98 width=0)
	        Index Cond: ((k >= 2083022) AND (k <= 2083122))

table 5 : explain SELECT k, c FROM sbtest5 WHERE k BETWEEN 2083022 AND 2083122
	Bitmap Heap Scan on sbtest5  (cost=5.45..397.25 rows=99 width=125)
	  Recheck Cond: ((k >= 2083022) AND (k <= 2083122))
	  ->  Bitmap Index Scan on k_5  (cost=0.00..5.42 rows=99 width=0)
	        Index Cond: ((k >= 2083022) AND (k <= 2083122))

table 6 : explain SELECT k, c FROM sbtest6 WHERE k BETWEEN 2083022 AND 2083122
	Bitmap Heap Scan on sbtest6  (cost=5.47..405.13 rows=101 width=125)
	  Recheck Cond: ((k >= 2083022) AND (k <= 2083122))
	  ->  Bitmap Index Scan on k_6  (cost=0.00..5.44 rows=101 width=0)
	        Index Cond: ((k >= 2083022) AND (k <= 2083122))

table 7 : explain SELECT k, c FROM sbtest7 WHERE k BETWEEN 2083022 AND 2083122
	Bitmap Heap Scan on sbtest7  (cost=5.50..416.94 rows=104 width=125)
	  Recheck Cond: ((k >= 2083022) AND (k <= 2083122))
	  ->  Bitmap Index Scan on k_7  (cost=0.00..5.47 rows=104 width=0)
	        Index Cond: ((k >= 2083022) AND (k <= 2083122))

table 8 : explain SELECT k, c FROM sbtest8 WHERE k BETWEEN 2083022 AND 2083122
	Bitmap Heap Scan on sbtest8  (cost=5.43..389.37 rows=97 width=125)
	  Recheck Cond: ((k >= 2083022) AND (k <= 2083122))
	  ->  Bitmap Index Scan on k_8  (cost=0.00..5.40 rows=97 width=0)
	        Index Cond: ((k >= 2083022) AND (k <= 2083122))

for range-notcovered
table 1 : explain SELECT k, c FROM sbtest1 WHERE k BETWEEN 5162612 AND 5162712
	Bitmap Heap Scan on sbtest1  (cost=5.49..413.00 rows=103 width=125)
	  Recheck Cond: ((k >= 5162612) AND (k <= 5162712))
	  ->  Bitmap Index Scan on k_1  (cost=0.00..5.46 rows=103 width=0)
	        Index Cond: ((k >= 5162612) AND (k <= 5162712))

table 2 : explain SELECT k, c FROM sbtest2 WHERE k BETWEEN 5162612 AND 5162712
	Bitmap Heap Scan on sbtest2  (cost=5.51..420.88 rows=105 width=125)
	  Recheck Cond: ((k >= 5162612) AND (k <= 5162712))
	  ->  Bitmap Index Scan on k_2  (cost=0.00..5.48 rows=105 width=0)
	        Index Cond: ((k >= 5162612) AND (k <= 5162712))

table 3 : explain SELECT k, c FROM sbtest3 WHERE k BETWEEN 5162612 AND 5162712
	Bitmap Heap Scan on sbtest3  (cost=5.45..397.25 rows=99 width=125)
	  Recheck Cond: ((k >= 5162612) AND (k <= 5162712))
	  ->  Bitmap Index Scan on k_3  (cost=0.00..5.42 rows=99 width=0)
	        Index Cond: ((k >= 5162612) AND (k <= 5162712))

table 4 : explain SELECT k, c FROM sbtest4 WHERE k BETWEEN 5162612 AND 5162712
	Bitmap Heap Scan on sbtest4  (cost=5.48..409.07 rows=102 width=125)
	  Recheck Cond: ((k >= 5162612) AND (k <= 5162712))
	  ->  Bitmap Index Scan on k_4  (cost=0.00..5.45 rows=102 width=0)
	        Index Cond: ((k >= 5162612) AND (k <= 5162712))

table 5 : explain SELECT k, c FROM sbtest5 WHERE k BETWEEN 5162612 AND 5162712
	Bitmap Heap Scan on sbtest5  (cost=5.44..393.31 rows=98 width=125)
	  Recheck Cond: ((k >= 5162612) AND (k <= 5162712))
	  ->  Bitmap Index Scan on k_5  (cost=0.00..5.42 rows=98 width=0)
	        Index Cond: ((k >= 5162612) AND (k <= 5162712))

table 6 : explain SELECT k, c FROM sbtest6 WHERE k BETWEEN 5162612 AND 5162712
	Bitmap Heap Scan on sbtest6  (cost=5.48..409.07 rows=102 width=125)
	  Recheck Cond: ((k >= 5162612) AND (k <= 5162712))
	  ->  Bitmap Index Scan on k_6  (cost=0.00..5.45 rows=102 width=0)
	        Index Cond: ((k >= 5162612) AND (k <= 5162712))

table 7 : explain SELECT k, c FROM sbtest7 WHERE k BETWEEN 5162612 AND 5162712
	Bitmap Heap Scan on sbtest7  (cost=5.51..420.88 rows=105 width=125)
	  Recheck Cond: ((k >= 5162612) AND (k <= 5162712))
	  ->  Bitmap Index Scan on k_7  (cost=0.00..5.48 rows=105 width=0)
	        Index Cond: ((k >= 5162612) AND (k <= 5162712))

table 8 : explain SELECT k, c FROM sbtest8 WHERE k BETWEEN 5162612 AND 5162712
	Bitmap Heap Scan on sbtest8  (cost=5.48..409.07 rows=102 width=125)
	  Recheck Cond: ((k >= 5162612) AND (k <= 5162712))
	  ->  Bitmap Index Scan on k_8  (cost=0.00..5.45 rows=102 width=0)
	        Index Cond: ((k >= 5162612) AND (k <= 5162712))

explain: for range-notcovered :: explain SELECT k, c FROM sbtest%d WHERE k BETWEEN 5162612 AND 5162712
for range-notcovered
table 1 : explain SELECT k, c FROM sbtest1 WHERE k BETWEEN 5162612 AND 5162712
	Bitmap Heap Scan on sbtest1  (cost=5.49..413.00 rows=103 width=125)
	  Recheck Cond: ((k >= 5162612) AND (k <= 5162712))
	  ->  Bitmap Index Scan on k_1  (cost=0.00..5.46 rows=103 width=0)
	        Index Cond: ((k >= 5162612) AND (k <= 5162712))

table 2 : explain SELECT k, c FROM sbtest2 WHERE k BETWEEN 5162612 AND 5162712
	Bitmap Heap Scan on sbtest2  (cost=5.51..420.88 rows=105 width=125)
	  Recheck Cond: ((k >= 5162612) AND (k <= 5162712))
	  ->  Bitmap Index Scan on k_2  (cost=0.00..5.48 rows=105 width=0)
	        Index Cond: ((k >= 5162612) AND (k <= 5162712))

table 3 : explain SELECT k, c FROM sbtest3 WHERE k BETWEEN 5162612 AND 5162712
	Bitmap Heap Scan on sbtest3  (cost=5.45..397.25 rows=99 width=125)
	  Recheck Cond: ((k >= 5162612) AND (k <= 5162712))
	  ->  Bitmap Index Scan on k_3  (cost=0.00..5.42 rows=99 width=0)
	        Index Cond: ((k >= 5162612) AND (k <= 5162712))

table 4 : explain SELECT k, c FROM sbtest4 WHERE k BETWEEN 5162612 AND 5162712
	Bitmap Heap Scan on sbtest4  (cost=5.48..409.07 rows=102 width=125)
	  Recheck Cond: ((k >= 5162612) AND (k <= 5162712))
	  ->  Bitmap Index Scan on k_4  (cost=0.00..5.45 rows=102 width=0)
	        Index Cond: ((k >= 5162612) AND (k <= 5162712))

table 5 : explain SELECT k, c FROM sbtest5 WHERE k BETWEEN 5162612 AND 5162712
	Bitmap Heap Scan on sbtest5  (cost=5.44..393.31 rows=98 width=125)
	  Recheck Cond: ((k >= 5162612) AND (k <= 5162712))
	  ->  Bitmap Index Scan on k_5  (cost=0.00..5.42 rows=98 width=0)
	        Index Cond: ((k >= 5162612) AND (k <= 5162712))

table 6 : explain SELECT k, c FROM sbtest6 WHERE k BETWEEN 5162612 AND 5162712
	Bitmap Heap Scan on sbtest6  (cost=5.48..409.07 rows=102 width=125)
	  Recheck Cond: ((k >= 5162612) AND (k <= 5162712))
	  ->  Bitmap Index Scan on k_6  (cost=0.00..5.45 rows=102 width=0)
	        Index Cond: ((k >= 5162612) AND (k <= 5162712))

table 7 : explain SELECT k, c FROM sbtest7 WHERE k BETWEEN 5162612 AND 5162712
	Bitmap Heap Scan on sbtest7  (cost=5.51..420.88 rows=105 width=125)
	  Recheck Cond: ((k >= 5162612) AND (k <= 5162712))
	  ->  Bitmap Index Scan on k_7  (cost=0.00..5.48 rows=105 width=0)
	        Index Cond: ((k >= 5162612) AND (k <= 5162712))

table 8 : explain SELECT k, c FROM sbtest8 WHERE k BETWEEN 5162612 AND 5162712
	Bitmap Heap Scan on sbtest8  (cost=5.48..409.07 rows=102 width=125)
	  Recheck Cond: ((k >= 5162612) AND (k <= 5162712))
	  ->  Bitmap Index Scan on k_8  (cost=0.00..5.45 rows=102 width=0)
	        Index Cond: ((k >= 5162612) AND (k <= 5162712))

explain: for range-notcovered :: explain SELECT k, c FROM sbtest%d WHERE k BETWEEN 5162612 AND 5162712
for range-notcovered
table 1 : explain SELECT k, c FROM sbtest1 WHERE k BETWEEN 5162612 AND 5162712
	Bitmap Heap Scan on sbtest1  (cost=5.49..413.00 rows=103 width=125)
	  Recheck Cond: ((k >= 5162612) AND (k <= 5162712))
	  ->  Bitmap Index Scan on k_1  (cost=0.00..5.46 rows=103 width=0)
	        Index Cond: ((k >= 5162612) AND (k <= 5162712))

table 2 : explain SELECT k, c FROM sbtest2 WHERE k BETWEEN 5162612 AND 5162712
	Bitmap Heap Scan on sbtest2  (cost=5.51..420.88 rows=105 width=125)
	  Recheck Cond: ((k >= 5162612) AND (k <= 5162712))
	  ->  Bitmap Index Scan on k_2  (cost=0.00..5.48 rows=105 width=0)
	        Index Cond: ((k >= 5162612) AND (k <= 5162712))

table 3 : explain SELECT k, c FROM sbtest3 WHERE k BETWEEN 5162612 AND 5162712
	Bitmap Heap Scan on sbtest3  (cost=5.45..397.25 rows=99 width=125)
	  Recheck Cond: ((k >= 5162612) AND (k <= 5162712))
	  ->  Bitmap Index Scan on k_3  (cost=0.00..5.42 rows=99 width=0)
	        Index Cond: ((k >= 5162612) AND (k <= 5162712))

table 4 : explain SELECT k, c FROM sbtest4 WHERE k BETWEEN 5162612 AND 5162712
	Bitmap Heap Scan on sbtest4  (cost=5.48..409.07 rows=102 width=125)
	  Recheck Cond: ((k >= 5162612) AND (k <= 5162712))
	  ->  Bitmap Index Scan on k_4  (cost=0.00..5.45 rows=102 width=0)
	        Index Cond: ((k >= 5162612) AND (k <= 5162712))

table 5 : explain SELECT k, c FROM sbtest5 WHERE k BETWEEN 5162612 AND 5162712
	Bitmap Heap Scan on sbtest5  (cost=5.44..393.31 rows=98 width=125)
	  Recheck Cond: ((k >= 5162612) AND (k <= 5162712))
	  ->  Bitmap Index Scan on k_5  (cost=0.00..5.42 rows=98 width=0)
	        Index Cond: ((k >= 5162612) AND (k <= 5162712))

table 6 : explain SELECT k, c FROM sbtest6 WHERE k BETWEEN 5162612 AND 5162712
	Bitmap Heap Scan on sbtest6  (cost=5.48..409.07 rows=102 width=125)
	  Recheck Cond: ((k >= 5162612) AND (k <= 5162712))
	  ->  Bitmap Index Scan on k_6  (cost=0.00..5.45 rows=102 width=0)
	        Index Cond: ((k >= 5162612) AND (k <= 5162712))

table 7 : explain SELECT k, c FROM sbtest7 WHERE k BETWEEN 5162612 AND 5162712
	Bitmap Heap Scan on sbtest7  (cost=5.51..420.88 rows=105 width=125)
	  Recheck Cond: ((k >= 5162612) AND (k <= 5162712))
	  ->  Bitmap Index Scan on k_7  (cost=0.00..5.48 rows=105 width=0)
	        Index Cond: ((k >= 5162612) AND (k <= 5162712))

table 8 : explain SELECT k, c FROM sbtest8 WHERE k BETWEEN 5162612 AND 5162712
	Bitmap Heap Scan on sbtest8  (cost=5.48..409.07 rows=102 width=125)
	  Recheck Cond: ((k >= 5162612) AND (k <= 5162712))
	  ->  Bitmap Index Scan on k_8  (cost=0.00..5.45 rows=102 width=0)
	        Index Cond: ((k >= 5162612) AND (k <= 5162712))

explain: for range-notcovered :: explain SELECT k, c FROM sbtest%d WHERE k BETWEEN 5162612 AND 5162712
for range-notcovered
table 1 : explain SELECT k, c FROM sbtest1 WHERE k BETWEEN 5162612 AND 5162712
	Bitmap Heap Scan on sbtest1  (cost=5.49..413.00 rows=103 width=125)
	  Recheck Cond: ((k >= 5162612) AND (k <= 5162712))
	  ->  Bitmap Index Scan on k_1  (cost=0.00..5.46 rows=103 width=0)
	        Index Cond: ((k >= 5162612) AND (k <= 5162712))

table 2 : explain SELECT k, c FROM sbtest2 WHERE k BETWEEN 5162612 AND 5162712
	Bitmap Heap Scan on sbtest2  (cost=5.51..420.88 rows=105 width=125)
	  Recheck Cond: ((k >= 5162612) AND (k <= 5162712))
	  ->  Bitmap Index Scan on k_2  (cost=0.00..5.48 rows=105 width=0)
	        Index Cond: ((k >= 5162612) AND (k <= 5162712))

table 3 : explain SELECT k, c FROM sbtest3 WHERE k BETWEEN 5162612 AND 5162712
	Bitmap Heap Scan on sbtest3  (cost=5.45..397.25 rows=99 width=125)
	  Recheck Cond: ((k >= 5162612) AND (k <= 5162712))
	  ->  Bitmap Index Scan on k_3  (cost=0.00..5.42 rows=99 width=0)
	        Index Cond: ((k >= 5162612) AND (k <= 5162712))

table 4 : explain SELECT k, c FROM sbtest4 WHERE k BETWEEN 5162612 AND 5162712
	Bitmap Heap Scan on sbtest4  (cost=5.48..409.07 rows=102 width=125)
	  Recheck Cond: ((k >= 5162612) AND (k <= 5162712))
	  ->  Bitmap Index Scan on k_4  (cost=0.00..5.45 rows=102 width=0)
	        Index Cond: ((k >= 5162612) AND (k <= 5162712))

table 5 : explain SELECT k, c FROM sbtest5 WHERE k BETWEEN 5162612 AND 5162712
	Bitmap Heap Scan on sbtest5  (cost=5.44..393.31 rows=98 width=125)
	  Recheck Cond: ((k >= 5162612) AND (k <= 5162712))
	  ->  Bitmap Index Scan on k_5  (cost=0.00..5.42 rows=98 width=0)
	        Index Cond: ((k >= 5162612) AND (k <= 5162712))

table 6 : explain SELECT k, c FROM sbtest6 WHERE k BETWEEN 5162612 AND 5162712
	Bitmap Heap Scan on sbtest6  (cost=5.48..409.07 rows=102 width=125)
	  Recheck Cond: ((k >= 5162612) AND (k <= 5162712))
	  ->  Bitmap Index Scan on k_6  (cost=0.00..5.45 rows=102 width=0)
	        Index Cond: ((k >= 5162612) AND (k <= 5162712))

table 7 : explain SELECT k, c FROM sbtest7 WHERE k BETWEEN 5162612 AND 5162712
	Bitmap Heap Scan on sbtest7  (cost=5.51..420.88 rows=105 width=125)
	  Recheck Cond: ((k >= 5162612) AND (k <= 5162712))
	  ->  Bitmap Index Scan on k_7  (cost=0.00..5.48 rows=105 width=0)
	        Index Cond: ((k >= 5162612) AND (k <= 5162712))

table 8 : explain SELECT k, c FROM sbtest8 WHERE k BETWEEN 5162612 AND 5162712
	Bitmap Heap Scan on sbtest8  (cost=5.48..409.07 rows=102 width=125)
	  Recheck Cond: ((k >= 5162612) AND (k <= 5162712))
	  ->  Bitmap Index Scan on k_8  (cost=0.00..5.45 rows=102 width=0)
	        Index Cond: ((k >= 5162612) AND (k <= 5162712))

explain: for range-notcovered :: explain SELECT k, c FROM sbtest%d WHERE k BETWEEN 5162612 AND 5162712
for range-notcovered
table 1 : explain SELECT k, c FROM sbtest1 WHERE k BETWEEN 5162612 AND 5162712
	Bitmap Heap Scan on sbtest1  (cost=5.49..413.00 rows=103 width=125)
	  Recheck Cond: ((k >= 5162612) AND (k <= 5162712))
	  ->  Bitmap Index Scan on k_1  (cost=0.00..5.46 rows=103 width=0)
	        Index Cond: ((k >= 5162612) AND (k <= 5162712))

table 2 : explain SELECT k, c FROM sbtest2 WHERE k BETWEEN 5162612 AND 5162712
	Bitmap Heap Scan on sbtest2  (cost=5.51..420.88 rows=105 width=125)
	  Recheck Cond: ((k >= 5162612) AND (k <= 5162712))
	  ->  Bitmap Index Scan on k_2  (cost=0.00..5.48 rows=105 width=0)
	        Index Cond: ((k >= 5162612) AND (k <= 5162712))

table 3 : explain SELECT k, c FROM sbtest3 WHERE k BETWEEN 5162612 AND 5162712
	Bitmap Heap Scan on sbtest3  (cost=5.45..397.25 rows=99 width=125)
	  Recheck Cond: ((k >= 5162612) AND (k <= 5162712))
	  ->  Bitmap Index Scan on k_3  (cost=0.00..5.42 rows=99 width=0)
	        Index Cond: ((k >= 5162612) AND (k <= 5162712))

table 4 : explain SELECT k, c FROM sbtest4 WHERE k BETWEEN 5162612 AND 5162712
	Bitmap Heap Scan on sbtest4  (cost=5.48..409.07 rows=102 width=125)
	  Recheck Cond: ((k >= 5162612) AND (k <= 5162712))
	  ->  Bitmap Index Scan on k_4  (cost=0.00..5.45 rows=102 width=0)
	        Index Cond: ((k >= 5162612) AND (k <= 5162712))

table 5 : explain SELECT k, c FROM sbtest5 WHERE k BETWEEN 5162612 AND 5162712
	Bitmap Heap Scan on sbtest5  (cost=5.44..393.31 rows=98 width=125)
	  Recheck Cond: ((k >= 5162612) AND (k <= 5162712))
	  ->  Bitmap Index Scan on k_5  (cost=0.00..5.42 rows=98 width=0)
	        Index Cond: ((k >= 5162612) AND (k <= 5162712))

table 6 : explain SELECT k, c FROM sbtest6 WHERE k BETWEEN 5162612 AND 5162712
	Bitmap Heap Scan on sbtest6  (cost=5.48..409.07 rows=102 width=125)
	  Recheck Cond: ((k >= 5162612) AND (k <= 5162712))
	  ->  Bitmap Index Scan on k_6  (cost=0.00..5.45 rows=102 width=0)
	        Index Cond: ((k >= 5162612) AND (k <= 5162712))

table 7 : explain SELECT k, c FROM sbtest7 WHERE k BETWEEN 5162612 AND 5162712
	Bitmap Heap Scan on sbtest7  (cost=5.51..420.88 rows=105 width=125)
	  Recheck Cond: ((k >= 5162612) AND (k <= 5162712))
	  ->  Bitmap Index Scan on k_7  (cost=0.00..5.48 rows=105 width=0)
	        Index Cond: ((k >= 5162612) AND (k <= 5162712))

table 8 : explain SELECT k, c FROM sbtest8 WHERE k BETWEEN 5162612 AND 5162712
	Bitmap Heap Scan on sbtest8  (cost=5.48..409.07 rows=102 width=125)
	  Recheck Cond: ((k >= 5162612) AND (k <= 5162712))
	  ->  Bitmap Index Scan on k_8  (cost=0.00..5.45 rows=102 width=0)
	        Index Cond: ((k >= 5162612) AND (k <= 5162712))

explain: for range-notcovered :: explain SELECT k, c FROM sbtest%d WHERE k BETWEEN 5162612 AND 5162712
for range-notcovered
table 1 : explain SELECT k, c FROM sbtest1 WHERE k BETWEEN 5162612 AND 5162712
	Bitmap Heap Scan on sbtest1  (cost=5.49..413.00 rows=103 width=125)
	  Recheck Cond: ((k >= 5162612) AND (k <= 5162712))
	  ->  Bitmap Index Scan on k_1  (cost=0.00..5.46 rows=103 width=0)
	        Index Cond: ((k >= 5162612) AND (k <= 5162712))

table 2 : explain SELECT k, c FROM sbtest2 WHERE k BETWEEN 5162612 AND 5162712
	Bitmap Heap Scan on sbtest2  (cost=5.51..420.88 rows=105 width=125)
	  Recheck Cond: ((k >= 5162612) AND (k <= 5162712))
	  ->  Bitmap Index Scan on k_2  (cost=0.00..5.48 rows=105 width=0)
	        Index Cond: ((k >= 5162612) AND (k <= 5162712))

table 3 : explain SELECT k, c FROM sbtest3 WHERE k BETWEEN 5162612 AND 5162712
	Bitmap Heap Scan on sbtest3  (cost=5.45..397.25 rows=99 width=125)
	  Recheck Cond: ((k >= 5162612) AND (k <= 5162712))
	  ->  Bitmap Index Scan on k_3  (cost=0.00..5.42 rows=99 width=0)
	        Index Cond: ((k >= 5162612) AND (k <= 5162712))

table 4 : explain SELECT k, c FROM sbtest4 WHERE k BETWEEN 5162612 AND 5162712
	Bitmap Heap Scan on sbtest4  (cost=5.48..409.07 rows=102 width=125)
	  Recheck Cond: ((k >= 5162612) AND (k <= 5162712))
	  ->  Bitmap Index Scan on k_4  (cost=0.00..5.45 rows=102 width=0)
	        Index Cond: ((k >= 5162612) AND (k <= 5162712))

table 5 : explain SELECT k, c FROM sbtest5 WHERE k BETWEEN 5162612 AND 5162712
	Bitmap Heap Scan on sbtest5  (cost=5.44..393.31 rows=98 width=125)
	  Recheck Cond: ((k >= 5162612) AND (k <= 5162712))
	  ->  Bitmap Index Scan on k_5  (cost=0.00..5.42 rows=98 width=0)
	        Index Cond: ((k >= 5162612) AND (k <= 5162712))

table 6 : explain SELECT k, c FROM sbtest6 WHERE k BETWEEN 5162612 AND 5162712
	Bitmap Heap Scan on sbtest6  (cost=5.48..409.07 rows=102 width=125)
	  Recheck Cond: ((k >= 5162612) AND (k <= 5162712))
	  ->  Bitmap Index Scan on k_6  (cost=0.00..5.45 rows=102 width=0)
	        Index Cond: ((k >= 5162612) AND (k <= 5162712))

table 7 : explain SELECT k, c FROM sbtest7 WHERE k BETWEEN 5162612 AND 5162712
	Bitmap Heap Scan on sbtest7  (cost=5.51..420.88 rows=105 width=125)
	  Recheck Cond: ((k >= 5162612) AND (k <= 5162712))
	  ->  Bitmap Index Scan on k_7  (cost=0.00..5.48 rows=105 width=0)
	        Index Cond: ((k >= 5162612) AND (k <= 5162712))

table 8 : explain SELECT k, c FROM sbtest8 WHERE k BETWEEN 5162612 AND 5162712
	Bitmap Heap Scan on sbtest8  (cost=5.48..409.07 rows=102 width=125)
	  Recheck Cond: ((k >= 5162612) AND (k <= 5162712))
	  ->  Bitmap Index Scan on k_8  (cost=0.00..5.45 rows=102 width=0)
	        Index Cond: ((k >= 5162612) AND (k <= 5162712))

explain: for range-notcovered :: explain SELECT k, c FROM sbtest%d WHERE k BETWEEN 5162612 AND 5162712
for range-notcovered
table 1 : explain SELECT k, c FROM sbtest1 WHERE k BETWEEN 5162612 AND 5162712
	Bitmap Heap Scan on sbtest1  (cost=5.49..413.00 rows=103 width=125)
	  Recheck Cond: ((k >= 5162612) AND (k <= 5162712))
	  ->  Bitmap Index Scan on k_1  (cost=0.00..5.46 rows=103 width=0)
	        Index Cond: ((k >= 5162612) AND (k <= 5162712))

table 2 : explain SELECT k, c FROM sbtest2 WHERE k BETWEEN 5162612 AND 5162712
	Bitmap Heap Scan on sbtest2  (cost=5.51..420.88 rows=105 width=125)
	  Recheck Cond: ((k >= 5162612) AND (k <= 5162712))
	  ->  Bitmap Index Scan on k_2  (cost=0.00..5.48 rows=105 width=0)
	        Index Cond: ((k >= 5162612) AND (k <= 5162712))

table 3 : explain SELECT k, c FROM sbtest3 WHERE k BETWEEN 5162612 AND 5162712
	Bitmap Heap Scan on sbtest3  (cost=5.45..397.25 rows=99 width=125)
	  Recheck Cond: ((k >= 5162612) AND (k <= 5162712))
	  ->  Bitmap Index Scan on k_3  (cost=0.00..5.42 rows=99 width=0)
	        Index Cond: ((k >= 5162612) AND (k <= 5162712))

table 4 : explain SELECT k, c FROM sbtest4 WHERE k BETWEEN 5162612 AND 5162712
	Bitmap Heap Scan on sbtest4  (cost=5.48..409.07 rows=102 width=125)
	  Recheck Cond: ((k >= 5162612) AND (k <= 5162712))
	  ->  Bitmap Index Scan on k_4  (cost=0.00..5.45 rows=102 width=0)
	        Index Cond: ((k >= 5162612) AND (k <= 5162712))

table 5 : explain SELECT k, c FROM sbtest5 WHERE k BETWEEN 5162612 AND 5162712
	Bitmap Heap Scan on sbtest5  (cost=5.44..393.31 rows=98 width=125)
	  Recheck Cond: ((k >= 5162612) AND (k <= 5162712))
	  ->  Bitmap Index Scan on k_5  (cost=0.00..5.42 rows=98 width=0)
	        Index Cond: ((k >= 5162612) AND (k <= 5162712))

table 6 : explain SELECT k, c FROM sbtest6 WHERE k BETWEEN 5162612 AND 5162712
	Bitmap Heap Scan on sbtest6  (cost=5.48..409.07 rows=102 width=125)
	  Recheck Cond: ((k >= 5162612) AND (k <= 5162712))
	  ->  Bitmap Index Scan on k_6  (cost=0.00..5.45 rows=102 width=0)
	        Index Cond: ((k >= 5162612) AND (k <= 5162712))

table 7 : explain SELECT k, c FROM sbtest7 WHERE k BETWEEN 5162612 AND 5162712
	Bitmap Heap Scan on sbtest7  (cost=5.51..420.88 rows=105 width=125)
	  Recheck Cond: ((k >= 5162612) AND (k <= 5162712))
	  ->  Bitmap Index Scan on k_7  (cost=0.00..5.48 rows=105 width=0)
	        Index Cond: ((k >= 5162612) AND (k <= 5162712))

table 8 : explain SELECT k, c FROM sbtest8 WHERE k BETWEEN 5162612 AND 5162712
	Bitmap Heap Scan on sbtest8  (cost=5.48..409.07 rows=102 width=125)
	  Recheck Cond: ((k >= 5162612) AND (k <= 5162712))
	  ->  Bitmap Index Scan on k_8  (cost=0.00..5.45 rows=102 width=0)
	        Index Cond: ((k >= 5162612) AND (k <= 5162712))

explain: for range-notcovered :: explain SELECT k, c FROM sbtest%d WHERE k BETWEEN 5162612 AND 5162712
for range-notcovered
table 1 : explain SELECT k, c FROM sbtest1 WHERE k BETWEEN 5162612 AND 5162712
	Bitmap Heap Scan on sbtest1  (cost=5.49..413.00 rows=103 width=125)
	  Recheck Cond: ((k >= 5162612) AND (k <= 5162712))
	  ->  Bitmap Index Scan on k_1  (cost=0.00..5.46 rows=103 width=0)
	        Index Cond: ((k >= 5162612) AND (k <= 5162712))

table 2 : explain SELECT k, c FROM sbtest2 WHERE k BETWEEN 5162612 AND 5162712
	Bitmap Heap Scan on sbtest2  (cost=5.51..420.88 rows=105 width=125)
	  Recheck Cond: ((k >= 5162612) AND (k <= 5162712))
	  ->  Bitmap Index Scan on k_2  (cost=0.00..5.48 rows=105 width=0)
	        Index Cond: ((k >= 5162612) AND (k <= 5162712))

table 3 : explain SELECT k, c FROM sbtest3 WHERE k BETWEEN 5162612 AND 5162712
	Bitmap Heap Scan on sbtest3  (cost=5.45..397.25 rows=99 width=125)
	  Recheck Cond: ((k >= 5162612) AND (k <= 5162712))
	  ->  Bitmap Index Scan on k_3  (cost=0.00..5.42 rows=99 width=0)
	        Index Cond: ((k >= 5162612) AND (k <= 5162712))

table 4 : explain SELECT k, c FROM sbtest4 WHERE k BETWEEN 5162612 AND 5162712
	Bitmap Heap Scan on sbtest4  (cost=5.48..409.07 rows=102 width=125)
	  Recheck Cond: ((k >= 5162612) AND (k <= 5162712))
	  ->  Bitmap Index Scan on k_4  (cost=0.00..5.45 rows=102 width=0)
	        Index Cond: ((k >= 5162612) AND (k <= 5162712))

table 5 : explain SELECT k, c FROM sbtest5 WHERE k BETWEEN 5162612 AND 5162712
	Bitmap Heap Scan on sbtest5  (cost=5.44..393.31 rows=98 width=125)
	  Recheck Cond: ((k >= 5162612) AND (k <= 5162712))
	  ->  Bitmap Index Scan on k_5  (cost=0.00..5.42 rows=98 width=0)
	        Index Cond: ((k >= 5162612) AND (k <= 5162712))

table 6 : explain SELECT k, c FROM sbtest6 WHERE k BETWEEN 5162612 AND 5162712
	Bitmap Heap Scan on sbtest6  (cost=5.48..409.07 rows=102 width=125)
	  Recheck Cond: ((k >= 5162612) AND (k <= 5162712))
	  ->  Bitmap Index Scan on k_6  (cost=0.00..5.45 rows=102 width=0)
	        Index Cond: ((k >= 5162612) AND (k <= 5162712))

table 7 : explain SELECT k, c FROM sbtest7 WHERE k BETWEEN 5162612 AND 5162712
	Bitmap Heap Scan on sbtest7  (cost=5.51..420.88 rows=105 width=125)
	  Recheck Cond: ((k >= 5162612) AND (k <= 5162712))
	  ->  Bitmap Index Scan on k_7  (cost=0.00..5.48 rows=105 width=0)
	        Index Cond: ((k >= 5162612) AND (k <= 5162712))

table 8 : explain SELECT k, c FROM sbtest8 WHERE k BETWEEN 5162612 AND 5162712
	Bitmap Heap Scan on sbtest8  (cost=5.48..409.07 rows=102 width=125)
	  Recheck Cond: ((k >= 5162612) AND (k <= 5162712))
	  ->  Bitmap Index Scan on k_8  (cost=0.00..5.45 rows=102 width=0)
	        Index Cond: ((k >= 5162612) AND (k <= 5162712))

Threads started!

Warming up for 5 seconds...

SQL statistics:
    queries performed:
        read:                            104096316
        write:                           0
        other:                           0
        total:                           104096316
    transactions:                        104096316 (165230.65 per sec.)
    queries:                             104096316 (165230.65 per sec.)
    ignored errors:                      0      (0.00 per sec.)
    reconnects:                          0      (0.00 per sec.)

Throughput:
    events/s (eps):                      165230.6487
    time elapsed:                        630.0062s
    total number of events:              104096316

Latency (ms):
         min:                                    0.08
         avg:                                    0.24
         max:                                   10.56
         95th percentile:                        0.28
         sum:                             25153950.11

Threads fairness:
    events (avg/stddev):           2602405.4250/7610.95
    execution time (avg/stddev):   628.8488/0.02

