LUA_PATH=/home/mdcallag/git/mytools/bench/sysbench.lua/lua/?.lua /home/mdcallag/git/mytools/bench/sysbench.lua/lua/sysbench --db-driver=pgsql --range-size=100 --table-size=10000000 --tables=8 --threads=40 --events=0 --warmup-time=5 --time=630 --pgsql_conn_id=true /home/mdcallag/git/mytools/bench/sysbench.lua/lua/oltp_range_covered.lua run --pgsql-user=root --pgsql-password=pw --pgsql-host=127.0.0.1 --pgsql-db=ib --rand-type=uniform --random-points=100 --skip-trx --covered=false
48 CPUs
sysbench 1.1.0-9072687 (using bundled LuaJIT 2.1.0-beta3)

Running the test with following options:
Number of threads: 40
Warmup time: 5s
Initializing random number generator from current time


Initializing worker threads...

explain: for range-notcovered :: explain SELECT id, c FROM sbtest%d WHERE id BETWEEN 6104960 AND 6105060
explain: for range-notcovered :: explain SELECT id, c FROM sbtest%d WHERE id BETWEEN 5822952 AND 5823052
explain: for range-notcovered :: explain SELECT id, c FROM sbtest%d WHERE id BETWEEN 1022345 AND 1022445
for range-notcovered
table 1 : explain SELECT id, c FROM sbtest1 WHERE id BETWEEN 6104960 AND 6105060
	Index Scan using sbtest1_pkey on sbtest1  (cost=0.43..376.48 rows=94 width=125)
	  Index Cond: ((id >= 6104960) AND (id <= 6105060))

table 2 : explain SELECT id, c FROM sbtest2 WHERE id BETWEEN 6104960 AND 6105060
	Index Scan using sbtest2_pkey on sbtest2  (cost=0.43..416.96 rows=104 width=125)
	  Index Cond: ((id >= 6104960) AND (id <= 6105060))

table 3 : explain SELECT id, c FROM sbtest3 WHERE id BETWEEN 6104960 AND 6105060
	Index Scan using sbtest3_pkey on sbtest3  (cost=0.43..408.35 rows=102 width=125)
	  Index Cond: ((id >= 6104960) AND (id <= 6105060))

table 4 : explain SELECT id, c FROM sbtest4 WHERE id BETWEEN 6104960 AND 6105060
	Index Scan using sbtest4_pkey on sbtest4  (cost=0.43..367.62 rows=92 width=125)
	  Index Cond: ((id >= 6104960) AND (id <= 6105060))

table 5 : explain SELECT id, c FROM sbtest5 WHERE id BETWEEN 6104960 AND 6105060
	Index Scan using sbtest5_pkey on sbtest5  (cost=0.43..404.19 rows=101 width=125)
	  Index Cond: ((id >= 6104960) AND (id <= 6105060))

table 6 : explain SELECT id, c FROM sbtest6 WHERE id BETWEEN 6104960 AND 6105060
	Index Scan using sbtest6_pkey on sbtest6  (cost=0.43..387.65 rows=97 width=125)
	  Index Cond: ((id >= 6104960) AND (id <= 6105060))

table 7 : explain SELECT id, c FROM sbtest7 WHERE id BETWEEN 6104960 AND 6105060
	Index Scan using sbtest7_pkey on sbtest7  (cost=0.43..395.16 rows=99 width=125)
	  Index Cond: ((id >= 6104960) AND (id <= 6105060))

table 8 : explain SELECT id, c FROM sbtest8 WHERE id BETWEEN 6104960 AND 6105060
	Index Scan using sbtest8_pkey on sbtest8  (cost=0.43..422.37 rows=106 width=125)
	  Index Cond: ((id >= 6104960) AND (id <= 6105060))

explain: for range-notcovered :: explain SELECT id, c FROM sbtest%d WHERE id BETWEEN 6104960 AND 6105060
explain: for range-notcovered :: explain SELECT id, c FROM sbtest%d WHERE id BETWEEN 5603709 AND 5603809
explain: for range-notcovered :: explain SELECT id, c FROM sbtest%d WHERE id BETWEEN 8727449 AND 8727549
for range-notcovered
table 1 : explain SELECT id, c FROM sbtest1 WHERE id BETWEEN 6104960 AND 6105060
	Index Scan using sbtest1_pkey on sbtest1  (cost=0.43..376.48 rows=94 width=125)
	  Index Cond: ((id >= 6104960) AND (id <= 6105060))

table 2 : explain SELECT id, c FROM sbtest2 WHERE id BETWEEN 6104960 AND 6105060
	Index Scan using sbtest2_pkey on sbtest2  (cost=0.43..416.96 rows=104 width=125)
	  Index Cond: ((id >= 6104960) AND (id <= 6105060))

table 3 : explain SELECT id, c FROM sbtest3 WHERE id BETWEEN 6104960 AND 6105060
	Index Scan using sbtest3_pkey on sbtest3  (cost=0.43..408.35 rows=102 width=125)
	  Index Cond: ((id >= 6104960) AND (id <= 6105060))

table 4 : explain SELECT id, c FROM sbtest4 WHERE id BETWEEN 6104960 AND 6105060
	Index Scan using sbtest4_pkey on sbtest4  (cost=0.43..367.62 rows=92 width=125)
	  Index Cond: ((id >= 6104960) AND (id <= 6105060))

table 5 : explain SELECT id, c FROM sbtest5 WHERE id BETWEEN 6104960 AND 6105060
	Index Scan using sbtest5_pkey on sbtest5  (cost=0.43..404.19 rows=101 width=125)
	  Index Cond: ((id >= 6104960) AND (id <= 6105060))

table 6 : explain SELECT id, c FROM sbtest6 WHERE id BETWEEN 6104960 AND 6105060
	Index Scan using sbtest6_pkey on sbtest6  (cost=0.43..387.65 rows=97 width=125)
	  Index Cond: ((id >= 6104960) AND (id <= 6105060))

table 7 : explain SELECT id, c FROM sbtest7 WHERE id BETWEEN 6104960 AND 6105060
	Index Scan using sbtest7_pkey on sbtest7  (cost=0.43..395.16 rows=99 width=125)
	  Index Cond: ((id >= 6104960) AND (id <= 6105060))

table 8 : explain SELECT id, c FROM sbtest8 WHERE id BETWEEN 6104960 AND 6105060
	Index Scan using sbtest8_pkey on sbtest8  (cost=0.43..422.37 rows=106 width=125)
	  Index Cond: ((id >= 6104960) AND (id <= 6105060))

explain: for range-notcovered :: explain SELECT id, c FROM sbtest%d WHERE id BETWEEN 6104960 AND 6105060
for range-notcovered
table 1 : explain SELECT id, c FROM sbtest1 WHERE id BETWEEN 6104960 AND 6105060
	Index Scan using sbtest1_pkey on sbtest1  (cost=0.43..376.48 rows=94 width=125)
	  Index Cond: ((id >= 6104960) AND (id <= 6105060))

table 2 : explain SELECT id, c FROM sbtest2 WHERE id BETWEEN 6104960 AND 6105060
	Index Scan using sbtest2_pkey on sbtest2  (cost=0.43..416.96 rows=104 width=125)
	  Index Cond: ((id >= 6104960) AND (id <= 6105060))

table 3 : explain SELECT id, c FROM sbtest3 WHERE id BETWEEN 6104960 AND 6105060
	Index Scan using sbtest3_pkey on sbtest3  (cost=0.43..408.35 rows=102 width=125)
	  Index Cond: ((id >= 6104960) AND (id <= 6105060))

table 4 : explain SELECT id, c FROM sbtest4 WHERE id BETWEEN 6104960 AND 6105060
	Index Scan using sbtest4_pkey on sbtest4  (cost=0.43..367.62 rows=92 width=125)
	  Index Cond: ((id >= 6104960) AND (id <= 6105060))

table 5 : explain SELECT id, c FROM sbtest5 WHERE id BETWEEN 6104960 AND 6105060
	Index Scan using sbtest5_pkey on sbtest5  (cost=0.43..404.19 rows=101 width=125)
	  Index Cond: ((id >= 6104960) AND (id <= 6105060))

table 6 : explain SELECT id, c FROM sbtest6 WHERE id BETWEEN 6104960 AND 6105060
	Index Scan using sbtest6_pkey on sbtest6  (cost=0.43..387.65 rows=97 width=125)
	  Index Cond: ((id >= 6104960) AND (id <= 6105060))

table 7 : explain SELECT id, c FROM sbtest7 WHERE id BETWEEN 6104960 AND 6105060
	Index Scan using sbtest7_pkey on sbtest7  (cost=0.43..395.16 rows=99 width=125)
	  Index Cond: ((id >= 6104960) AND (id <= 6105060))

table 8 : explain SELECT id, c FROM sbtest8 WHERE id BETWEEN 6104960 AND 6105060
	Index Scan using sbtest8_pkey on sbtest8  (cost=0.43..422.37 rows=106 width=125)
	  Index Cond: ((id >= 6104960) AND (id <= 6105060))

explain: for range-notcovered :: explain SELECT id, c FROM sbtest%d WHERE id BETWEEN 6104960 AND 6105060
for range-notcovered
table 1 : explain SELECT id, c FROM sbtest1 WHERE id BETWEEN 6104960 AND 6105060
	Index Scan using sbtest1_pkey on sbtest1  (cost=0.43..376.48 rows=94 width=125)
	  Index Cond: ((id >= 6104960) AND (id <= 6105060))

table 2 : explain SELECT id, c FROM sbtest2 WHERE id BETWEEN 6104960 AND 6105060
	Index Scan using sbtest2_pkey on sbtest2  (cost=0.43..416.96 rows=104 width=125)
	  Index Cond: ((id >= 6104960) AND (id <= 6105060))

table 3 : explain SELECT id, c FROM sbtest3 WHERE id BETWEEN 6104960 AND 6105060
	Index Scan using sbtest3_pkey on sbtest3  (cost=0.43..408.35 rows=102 width=125)
	  Index Cond: ((id >= 6104960) AND (id <= 6105060))

table 4 : explain SELECT id, c FROM sbtest4 WHERE id BETWEEN 6104960 AND 6105060
	Index Scan using sbtest4_pkey on sbtest4  (cost=0.43..367.62 rows=92 width=125)
	  Index Cond: ((id >= 6104960) AND (id <= 6105060))

table 5 : explain SELECT id, c FROM sbtest5 WHERE id BETWEEN 6104960 AND 6105060
	Index Scan using sbtest5_pkey on sbtest5  (cost=0.43..404.19 rows=101 width=125)
	  Index Cond: ((id >= 6104960) AND (id <= 6105060))

table 6 : explain SELECT id, c FROM sbtest6 WHERE id BETWEEN 6104960 AND 6105060
	Index Scan using sbtest6_pkey on sbtest6  (cost=0.43..387.65 rows=97 width=125)
	  Index Cond: ((id >= 6104960) AND (id <= 6105060))

table 7 : explain SELECT id, c FROM sbtest7 WHERE id BETWEEN 6104960 AND 6105060
	Index Scan using sbtest7_pkey on sbtest7  (cost=0.43..395.16 rows=99 width=125)
	  Index Cond: ((id >= 6104960) AND (id <= 6105060))

table 8 : explain SELECT id, c FROM sbtest8 WHERE id BETWEEN 6104960 AND 6105060
	Index Scan using sbtest8_pkey on sbtest8  (cost=0.43..422.37 rows=106 width=125)
	  Index Cond: ((id >= 6104960) AND (id <= 6105060))

explain: for range-notcovered :: explain SELECT id, c FROM sbtest%d WHERE id BETWEEN 6104960 AND 6105060
explain: for range-notcovered :: explain SELECT id, c FROM sbtest%d WHERE id BETWEEN 5891486 AND 5891586
for range-notcovered
table 1 : explain SELECT id, c FROM sbtest1 WHERE id BETWEEN 6104960 AND 6105060
	Index Scan using sbtest1_pkey on sbtest1  (cost=0.43..376.48 rows=94 width=125)
	  Index Cond: ((id >= 6104960) AND (id <= 6105060))

table 2 : explain SELECT id, c FROM sbtest2 WHERE id BETWEEN 6104960 AND 6105060
	Index Scan using sbtest2_pkey on sbtest2  (cost=0.43..416.96 rows=104 width=125)
	  Index Cond: ((id >= 6104960) AND (id <= 6105060))

table 3 : explain SELECT id, c FROM sbtest3 WHERE id BETWEEN 6104960 AND 6105060
	Index Scan using sbtest3_pkey on sbtest3  (cost=0.43..408.35 rows=102 width=125)
	  Index Cond: ((id >= 6104960) AND (id <= 6105060))

table 4 : explain SELECT id, c FROM sbtest4 WHERE id BETWEEN 6104960 AND 6105060
	Index Scan using sbtest4_pkey on sbtest4  (cost=0.43..367.62 rows=92 width=125)
	  Index Cond: ((id >= 6104960) AND (id <= 6105060))

table 5 : explain SELECT id, c FROM sbtest5 WHERE id BETWEEN 6104960 AND 6105060
	Index Scan using sbtest5_pkey on sbtest5  (cost=0.43..404.19 rows=101 width=125)
	  Index Cond: ((id >= 6104960) AND (id <= 6105060))

table 6 : explain SELECT id, c FROM sbtest6 WHERE id BETWEEN 6104960 AND 6105060
	Index Scan using sbtest6_pkey on sbtest6  (cost=0.43..387.65 rows=97 width=125)
	  Index Cond: ((id >= 6104960) AND (id <= 6105060))

table 7 : explain SELECT id, c FROM sbtest7 WHERE id BETWEEN 6104960 AND 6105060
	Index Scan using sbtest7_pkey on sbtest7  (cost=0.43..395.16 rows=99 width=125)
	  Index Cond: ((id >= 6104960) AND (id <= 6105060))

table 8 : explain SELECT id, c FROM sbtest8 WHERE id BETWEEN 6104960 AND 6105060
	Index Scan using sbtest8_pkey on sbtest8  (cost=0.43..422.37 rows=106 width=125)
	  Index Cond: ((id >= 6104960) AND (id <= 6105060))

explain: for range-notcovered :: explain SELECT id, c FROM sbtest%d WHERE id BETWEEN 6104960 AND 6105060
explain: for range-notcovered :: explain SELECT id, c FROM sbtest%d WHERE id BETWEEN 3769618 AND 3769718
for range-notcovered
table 1 : explain SELECT id, c FROM sbtest1 WHERE id BETWEEN 5603709 AND 5603809
	Index Scan using sbtest1_pkey on sbtest1  (cost=0.43..380.44 rows=95 width=125)
	  Index Cond: ((id >= 5603709) AND (id <= 5603809))

table 2 : explain SELECT id, c FROM sbtest2 WHERE id BETWEEN 5603709 AND 5603809
	Index Scan using sbtest2_pkey on sbtest2  (cost=0.43..409.03 rows=102 width=125)
	  Index Cond: ((id >= 5603709) AND (id <= 5603809))

table 3 : explain SELECT id, c FROM sbtest3 WHERE id BETWEEN 5603709 AND 5603809
	Index Scan using sbtest3_pkey on sbtest3  (cost=0.43..408.35 rows=102 width=125)
	  Index Cond: ((id >= 5603709) AND (id <= 5603809))

table 4 : explain SELECT id, c FROM sbtest4 WHERE id BETWEEN 5603709 AND 5603809
	Index Scan using sbtest4_pkey on sbtest4  (cost=0.43..458.40 rows=115 width=125)
	  Index Cond: ((id >= 5603709) AND (id <= 5603809))

table 5 : explain SELECT id, c FROM sbtest5 WHERE id BETWEEN 5603709 AND 5603809
	Index Scan using sbtest5_pkey on sbtest5  (cost=0.43..451.67 rows=113 width=125)
	  Index Cond: ((id >= 5603709) AND (id <= 5603809))

table 6 : explain SELECT id, c FROM sbtest6 WHERE id BETWEEN 5603709 AND 5603809
	Index Scan using sbtest6_pkey on sbtest6  (cost=0.43..407.41 rows=102 width=125)
	  Index Cond: ((id >= 5603709) AND (id <= 5603809))

table 7 : explain SELECT id, c FROM sbtest7 WHERE id BETWEEN 5603709 AND 5603809
	Index Scan using sbtest7_pkey on sbtest7  (cost=0.43..399.11 rows=100 width=125)
	  Index Cond: ((id >= 5603709) AND (id <= 5603809))

table 8 : explain SELECT id, c FROM sbtest8 WHERE id BETWEEN 5603709 AND 5603809
	Index Scan using sbtest8_pkey on sbtest8  (cost=0.43..375.05 rows=94 width=125)
	  Index Cond: ((id >= 5603709) AND (id <= 5603809))

for range-notcovered
table 1 : explain SELECT id, c FROM sbtest1 WHERE id BETWEEN 8727449 AND 8727549
	Index Scan using sbtest1_pkey on sbtest1  (cost=0.43..376.48 rows=94 width=125)
	  Index Cond: ((id >= 8727449) AND (id <= 8727549))

table 2 : explain SELECT id, c FROM sbtest2 WHERE id BETWEEN 8727449 AND 8727549
	Index Scan using sbtest2_pkey on sbtest2  (cost=0.43..373.32 rows=93 width=125)
	  Index Cond: ((id >= 8727449) AND (id <= 8727549))

table 3 : explain SELECT id, c FROM sbtest3 WHERE id BETWEEN 8727449 AND 8727549
	Index Scan using sbtest3_pkey on sbtest3  (cost=0.43..384.58 rows=96 width=125)
	  Index Cond: ((id >= 8727449) AND (id <= 8727549))

table 4 : explain SELECT id, c FROM sbtest4 WHERE id BETWEEN 8727449 AND 8727549
	Index Scan using sbtest4_pkey on sbtest4  (cost=0.43..403.14 rows=101 width=125)
	  Index Cond: ((id >= 8727449) AND (id <= 8727549))

table 5 : explain SELECT id, c FROM sbtest5 WHERE id BETWEEN 8727449 AND 8727549
	Index Scan using sbtest5_pkey on sbtest5  (cost=0.43..392.30 rows=98 width=125)
	  Index Cond: ((id >= 8727449) AND (id <= 8727549))

table 6 : explain SELECT id, c FROM sbtest6 WHERE id BETWEEN 8727449 AND 8727549
	Index Scan using sbtest6_pkey on sbtest6  (cost=0.43..407.41 rows=102 width=125)
	  Index Cond: ((id >= 8727449) AND (id <= 8727549))

table 7 : explain SELECT id, c FROM sbtest7 WHERE id BETWEEN 8727449 AND 8727549
	Index Scan using sbtest7_pkey on sbtest7  (cost=0.43..414.91 rows=104 width=125)
	  Index Cond: ((id >= 8727449) AND (id <= 8727549))

table 8 : explain SELECT id, c FROM sbtest8 WHERE id BETWEEN 8727449 AND 8727549
	Index Scan using sbtest8_pkey on sbtest8  (cost=0.43..430.25 rows=108 width=125)
	  Index Cond: ((id >= 8727449) AND (id <= 8727549))

explain: for range-notcovered :: explain SELECT id, c FROM sbtest%d WHERE id BETWEEN 5603709 AND 5603809for range-notcovered
table 1 : explain SELECT id, c FROM sbtest1 WHERE id BETWEEN 6104960 AND 6105060
	Index Scan using sbtest1_pkey on sbtest1  (cost=0.43..376.48 rows=94 width=125)
	  Index Cond: ((id >= 6104960) AND (id <= 6105060))

table 2 : explain SELECT id, c FROM sbtest2 WHERE id BETWEEN 6104960 AND 6105060
	Index Scan using sbtest2_pkey on sbtest2  (cost=0.43..416.96 rows=104 width=125)
	  Index Cond: ((id >= 6104960) AND (id <= 6105060))

table 3 : explain SELECT id, c FROM sbtest3 WHERE id BETWEEN 6104960 AND 6105060
	Index Scan using sbtest3_pkey on sbtest3  (cost=0.43..408.35 rows=102 width=125)
	  Index Cond: ((id >= 6104960) AND (id <= 6105060))

table 4 : explain SELECT id, c FROM sbtest4 WHERE id BETWEEN 6104960 AND 6105060
	Index Scan using sbtest4_pkey on sbtest4  (cost=0.43..367.62 rows=92 width=125)
	  Index Cond: ((id >= 6104960) AND (id <= 6105060))

table 5 : explain SELECT id, c FROM sbtest5 WHERE id BETWEEN 6104960 AND 6105060
	Index Scan using sbtest5_pkey on sbtest5  (cost=0.43..404.19 rows=101 width=125)
	  Index Cond: ((id >= 6104960) AND (id <= 6105060))

table 6 : explain SELECT id, c FROM sbtest6 WHERE id BETWEEN 6104960 AND 6105060
	Index Scan using sbtest6_pkey on sbtest6  (cost=0.43..387.65 rows=97 width=125)
	  Index Cond: ((id >= 6104960) AND (id <= 6105060))

table 7 : explain SELECT id, c FROM sbtest7 WHERE id BETWEEN 6104960 AND 6105060
	Index Scan using sbtest7_pkey on sbtest7  (cost=0.43..395.16 rows=99 width=125)
	  Index Cond: ((id >= 6104960) AND (id <= 6105060))

table 8 : explain SELECT id, c FROM sbtest8 WHERE id BETWEEN 6104960 AND 6105060
	Index Scan using sbtest8_pkey on sbtest8  (cost=0.43..422.37 rows=106 width=125)
	  Index Cond: ((id >= 6104960) AND (id <= 6105060))


explain: for range-notcovered :: explain SELECT id, c FROM sbtest%d WHERE id BETWEEN 8727449 AND 8727549
explain: for range-notcovered :: explain SELECT id, c FROM sbtest%d WHERE id BETWEEN 6104960 AND 6105060
for range-notcovered
table 1 : explain SELECT id, c FROM sbtest1 WHERE id BETWEEN 6104960 AND 6105060
	Index Scan using sbtest1_pkey on sbtest1  (cost=0.43..376.48 rows=94 width=125)
	  Index Cond: ((id >= 6104960) AND (id <= 6105060))

table 2 : explain SELECT id, c FROM sbtest2 WHERE id BETWEEN 6104960 AND 6105060
	Index Scan using sbtest2_pkey on sbtest2  (cost=0.43..416.96 rows=104 width=125)
	  Index Cond: ((id >= 6104960) AND (id <= 6105060))

table 3 : explain SELECT id, c FROM sbtest3 WHERE id BETWEEN 6104960 AND 6105060
	Index Scan using sbtest3_pkey on sbtest3  (cost=0.43..408.35 rows=102 width=125)
	  Index Cond: ((id >= 6104960) AND (id <= 6105060))

table 4 : explain SELECT id, c FROM sbtest4 WHERE id BETWEEN 6104960 AND 6105060
	Index Scan using sbtest4_pkey on sbtest4  (cost=0.43..367.62 rows=92 width=125)
	  Index Cond: ((id >= 6104960) AND (id <= 6105060))

table 5 : explain SELECT id, c FROM sbtest5 WHERE id BETWEEN 6104960 AND 6105060
	Index Scan using sbtest5_pkey on sbtest5  (cost=0.43..404.19 rows=101 width=125)
	  Index Cond: ((id >= 6104960) AND (id <= 6105060))

table 6 : explain SELECT id, c FROM sbtest6 WHERE id BETWEEN 6104960 AND 6105060
	Index Scan using sbtest6_pkey on sbtest6  (cost=0.43..387.65 rows=97 width=125)
	  Index Cond: ((id >= 6104960) AND (id <= 6105060))

table 7 : explain SELECT id, c FROM sbtest7 WHERE id BETWEEN 6104960 AND 6105060
	Index Scan using sbtest7_pkey on sbtest7  (cost=0.43..395.16 rows=99 width=125)
	  Index Cond: ((id >= 6104960) AND (id <= 6105060))

table 8 : explain SELECT id, c FROM sbtest8 WHERE id BETWEEN 6104960 AND 6105060
	Index Scan using sbtest8_pkey on sbtest8  (cost=0.43..422.37 rows=106 width=125)
	  Index Cond: ((id >= 6104960) AND (id <= 6105060))

for range-notcovered
table 1 : explain SELECT id, c FROM sbtest1 WHERE id BETWEEN 5603709 AND 5603809
	Index Scan using sbtest1_pkey on sbtest1  (cost=0.43..380.44 rows=95 width=125)
	  Index Cond: ((id >= 5603709) AND (id <= 5603809))

table 2 : explain SELECT id, c FROM sbtest2 WHERE id BETWEEN 5603709 AND 5603809
	Index Scan using sbtest2_pkey on sbtest2  (cost=0.43..409.03 rows=102 width=125)
	  Index Cond: ((id >= 5603709) AND (id <= 5603809))

table 3 : explain SELECT id, c FROM sbtest3 WHERE id BETWEEN 5603709 AND 5603809
	Index Scan using sbtest3_pkey on sbtest3  (cost=0.43..408.35 rows=102 width=125)
	  Index Cond: ((id >= 5603709) AND (id <= 5603809))

table 4 : explain SELECT id, c FROM sbtest4 WHERE id BETWEEN 5603709 AND 5603809
	Index Scan using sbtest4_pkey on sbtest4  (cost=0.43..458.40 rows=115 width=125)
	  Index Cond: ((id >= 5603709) AND (id <= 5603809))

table 5 : explain SELECT id, c FROM sbtest5 WHERE id BETWEEN 5603709 AND 5603809
	Index Scan using sbtest5_pkey on sbtest5  (cost=0.43..451.67 rows=113 width=125)
	  Index Cond: ((id >= 5603709) AND (id <= 5603809))

table 6 : explain SELECT id, c FROM sbtest6 WHERE id BETWEEN 5603709 AND 5603809
	Index Scan using sbtest6_pkey on sbtest6  (cost=0.43..407.41 rows=102 width=125)
	  Index Cond: ((id >= 5603709) AND (id <= 5603809))

table 7 : explain SELECT id, c FROM sbtest7 WHERE id BETWEEN 5603709 AND 5603809
	Index Scan using sbtest7_pkey on sbtest7  (cost=0.43..399.11 rows=100 width=125)
	  Index Cond: ((id >= 5603709) AND (id <= 5603809))

table 8 : explain SELECT id, c FROM sbtest8 WHERE id BETWEEN 5603709 AND 5603809
	Index Scan using sbtest8_pkey on sbtest8  (cost=0.43..375.05 rows=94 width=125)
	  Index Cond: ((id >= 5603709) AND (id <= 5603809))

for range-notcovered
table 1 : explain SELECT id, c FROM sbtest1 WHERE id BETWEEN 8727449 AND 8727549
	Index Scan using sbtest1_pkey on sbtest1  (cost=0.43..376.48 rows=94 width=125)
	  Index Cond: ((id >= 8727449) AND (id <= 8727549))

table 2 : explain SELECT id, c FROM sbtest2 WHERE id BETWEEN 8727449 AND 8727549
	Index Scan using sbtest2_pkey on sbtest2  (cost=0.43..373.32 rows=93 width=125)
	  Index Cond: ((id >= 8727449) AND (id <= 8727549))

table 3 : explain SELECT id, c FROM sbtest3 WHERE id BETWEEN 8727449 AND 8727549
	Index Scan using sbtest3_pkey on sbtest3  (cost=0.43..384.58 rows=96 width=125)
	  Index Cond: ((id >= 8727449) AND (id <= 8727549))

table 4 : explain SELECT id, c FROM sbtest4 WHERE id BETWEEN 8727449 AND 8727549
	Index Scan using sbtest4_pkey on sbtest4  (cost=0.43..403.14 rows=101 width=125)
	  Index Cond: ((id >= 8727449) AND (id <= 8727549))

table 5 : explain SELECT id, c FROM sbtest5 WHERE id BETWEEN 8727449 AND 8727549
	Index Scan using sbtest5_pkey on sbtest5  (cost=0.43..392.30 rows=98 width=125)
	  Index Cond: ((id >= 8727449) AND (id <= 8727549))

table 6 : explain SELECT id, c FROM sbtest6 WHERE id BETWEEN 8727449 AND 8727549
	Index Scan using sbtest6_pkey on sbtest6  (cost=0.43..407.41 rows=102 width=125)
	  Index Cond: ((id >= 8727449) AND (id <= 8727549))

table 7 : explain SELECT id, c FROM sbtest7 WHERE id BETWEEN 8727449 AND 8727549
	Index Scan using sbtest7_pkey on sbtest7  (cost=0.43..414.91 rows=104 width=125)
	  Index Cond: ((id >= 8727449) AND (id <= 8727549))

table 8 : explain SELECT id, c FROM sbtest8 WHERE id BETWEEN 8727449 AND 8727549
	Index Scan using sbtest8_pkey on sbtest8  (cost=0.43..430.25 rows=108 width=125)
	  Index Cond: ((id >= 8727449) AND (id <= 8727549))

explain: for range-notcovered :: explain SELECT id, c FROM sbtest%d WHERE id BETWEEN 6104960 AND 6105060
explain: for range-notcovered :: explain SELECT id, c FROM sbtest%d WHERE id BETWEEN 5603709 AND 5603809
explain: for range-notcovered :: explain SELECT id, c FROM sbtest%d WHERE id BETWEEN 8727449 AND 8727549
for range-notcovered
table 1 : explain SELECT id, c FROM sbtest1 WHERE id BETWEEN 5603709 AND 5603809
	Index Scan using sbtest1_pkey on sbtest1  (cost=0.43..380.44 rows=95 width=125)
	  Index Cond: ((id >= 5603709) AND (id <= 5603809))

table 2 : explain SELECT id, c FROM sbtest2 WHERE id BETWEEN 5603709 AND 5603809
	Index Scan using sbtest2_pkey on sbtest2  (cost=0.43..409.03 rows=102 width=125)
	  Index Cond: ((id >= 5603709) AND (id <= 5603809))

table 3 : explain SELECT id, c FROM sbtest3 WHERE id BETWEEN 5603709 AND 5603809
	Index Scan using sbtest3_pkey on sbtest3  (cost=0.43..408.35 rows=102 width=125)
	  Index Cond: ((id >= 5603709) AND (id <= 5603809))

table 4 : explain SELECT id, c FROM sbtest4 WHERE id BETWEEN 5603709 AND 5603809
	Index Scan using sbtest4_pkey on sbtest4  (cost=0.43..458.40 rows=115 width=125)
	  Index Cond: ((id >= 5603709) AND (id <= 5603809))

table 5 : explain SELECT id, c FROM sbtest5 WHERE id BETWEEN 5603709 AND 5603809
	Index Scan using sbtest5_pkey on sbtest5  (cost=0.43..451.67 rows=113 width=125)
	  Index Cond: ((id >= 5603709) AND (id <= 5603809))

table 6 : explain SELECT id, c FROM sbtest6 WHERE id BETWEEN 5603709 AND 5603809
	Index Scan using sbtest6_pkey on sbtest6  (cost=0.43..407.41 rows=102 width=125)
	  Index Cond: ((id >= 5603709) AND (id <= 5603809))

table 7 : explain SELECT id, c FROM sbtest7 WHERE id BETWEEN 5603709 AND 5603809
	Index Scan using sbtest7_pkey on sbtest7  (cost=0.43..399.11 rows=100 width=125)
	  Index Cond: ((id >= 5603709) AND (id <= 5603809))

table 8 : explain SELECT id, c FROM sbtest8 WHERE id BETWEEN 5603709 AND 5603809
	Index Scan using sbtest8_pkey on sbtest8  (cost=0.43..375.05 rows=94 width=125)
	  Index Cond: ((id >= 5603709) AND (id <= 5603809))

for range-notcovered
table 1 : explain SELECT id, c FROM sbtest1 WHERE id BETWEEN 6104960 AND 6105060
	Index Scan using sbtest1_pkey on sbtest1  (cost=0.43..376.48 rows=94 width=125)
	  Index Cond: ((id >= 6104960) AND (id <= 6105060))

table 2 : explain SELECT id, c FROM sbtest2 WHERE id BETWEEN 6104960 AND 6105060
	Index Scan using sbtest2_pkey on sbtest2  (cost=0.43..416.96 rows=104 width=125)
	  Index Cond: ((id >= 6104960) AND (id <= 6105060))

table 3 : explain SELECT id, c FROM sbtest3 WHERE id BETWEEN 6104960 AND 6105060
	Index Scan using sbtest3_pkey on sbtest3  (cost=0.43..408.35 rows=102 width=125)
	  Index Cond: ((id >= 6104960) AND (id <= 6105060))

table 4 : explain SELECT id, c FROM sbtest4 WHERE id BETWEEN 6104960 AND 6105060
	Index Scan using sbtest4_pkey on sbtest4  (cost=0.43..367.62 rows=92 width=125)
	  Index Cond: ((id >= 6104960) AND (id <= 6105060))

table 5 : explain SELECT id, c FROM sbtest5 WHERE id BETWEEN 6104960 AND 6105060
	Index Scan using sbtest5_pkey on sbtest5  (cost=0.43..404.19 rows=101 width=125)
	  Index Cond: ((id >= 6104960) AND (id <= 6105060))

table 6 : explain SELECT id, c FROM sbtest6 WHERE id BETWEEN 6104960 AND 6105060
	Index Scan using sbtest6_pkey on sbtest6  (cost=0.43..387.65 rows=97 width=125)
	  Index Cond: ((id >= 6104960) AND (id <= 6105060))

table 7 : explain SELECT id, c FROM sbtest7 WHERE id BETWEEN 6104960 AND 6105060
	Index Scan using sbtest7_pkey on sbtest7  (cost=0.43..395.16 rows=99 width=125)
	  Index Cond: ((id >= 6104960) AND (id <= 6105060))

table 8 : explain SELECT id, c FROM sbtest8 WHERE id BETWEEN 6104960 AND 6105060
	Index Scan using sbtest8_pkey on sbtest8  (cost=0.43..422.37 rows=106 width=125)
	  Index Cond: ((id >= 6104960) AND (id <= 6105060))

for range-notcovered
table 1 : explain SELECT id, c FROM sbtest1 WHERE id BETWEEN 8727449 AND 8727549
	Index Scan using sbtest1_pkey on sbtest1  (cost=0.43..376.48 rows=94 width=125)
	  Index Cond: ((id >= 8727449) AND (id <= 8727549))

table 2 : explain SELECT id, c FROM sbtest2 WHERE id BETWEEN 8727449 AND 8727549
	Index Scan using sbtest2_pkey on sbtest2  (cost=0.43..373.32 rows=93 width=125)
	  Index Cond: ((id >= 8727449) AND (id <= 8727549))

table 3 : explain SELECT id, c FROM sbtest3 WHERE id BETWEEN 8727449 AND 8727549
	Index Scan using sbtest3_pkey on sbtest3  (cost=0.43..384.58 rows=96 width=125)
	  Index Cond: ((id >= 8727449) AND (id <= 8727549))

table 4 : explain SELECT id, c FROM sbtest4 WHERE id BETWEEN 8727449 AND 8727549
	Index Scan using sbtest4_pkey on sbtest4  (cost=0.43..403.14 rows=101 width=125)
	  Index Cond: ((id >= 8727449) AND (id <= 8727549))

table 5 : explain SELECT id, c FROM sbtest5 WHERE id BETWEEN 8727449 AND 8727549
	Index Scan using sbtest5_pkey on sbtest5  (cost=0.43..392.30 rows=98 width=125)
	  Index Cond: ((id >= 8727449) AND (id <= 8727549))

table 6 : explain SELECT id, c FROM sbtest6 WHERE id BETWEEN 8727449 AND 8727549
	Index Scan using sbtest6_pkey on sbtest6  (cost=0.43..407.41 rows=102 width=125)
	  Index Cond: ((id >= 8727449) AND (id <= 8727549))

table 7 : explain SELECT id, c FROM sbtest7 WHERE id BETWEEN 8727449 AND 8727549
	Index Scan using sbtest7_pkey on sbtest7  (cost=0.43..414.91 rows=104 width=125)
	  Index Cond: ((id >= 8727449) AND (id <= 8727549))

table 8 : explain SELECT id, c FROM sbtest8 WHERE id BETWEEN 8727449 AND 8727549
	Index Scan using sbtest8_pkey on sbtest8  (cost=0.43..430.25 rows=108 width=125)
	  Index Cond: ((id >= 8727449) AND (id <= 8727549))

explain: for range-notcovered :: explain SELECT id, c FROM sbtest%d WHERE id BETWEEN 5603709 AND 5603809
explain: for range-notcovered :: explain SELECT id, c FROM sbtest%d WHERE id BETWEEN 8727449 AND 8727549
for range-notcovered
table 1 : explain SELECT id, c FROM sbtest1 WHERE id BETWEEN 5603709 AND 5603809
	Index Scan using sbtest1_pkey on sbtest1  (cost=0.43..380.44 rows=95 width=125)
	  Index Cond: ((id >= 5603709) AND (id <= 5603809))

table 2 : explain SELECT id, c FROM sbtest2 WHERE id BETWEEN 5603709 AND 5603809
	Index Scan using sbtest2_pkey on sbtest2  (cost=0.43..409.03 rows=102 width=125)
	  Index Cond: ((id >= 5603709) AND (id <= 5603809))

table 3 : explain SELECT id, c FROM sbtest3 WHERE id BETWEEN 5603709 AND 5603809
	Index Scan using sbtest3_pkey on sbtest3  (cost=0.43..408.35 rows=102 width=125)
	  Index Cond: ((id >= 5603709) AND (id <= 5603809))

table 4 : explain SELECT id, c FROM sbtest4 WHERE id BETWEEN 5603709 AND 5603809
	Index Scan using sbtest4_pkey on sbtest4  (cost=0.43..458.40 rows=115 width=125)
	  Index Cond: ((id >= 5603709) AND (id <= 5603809))

table 5 : explain SELECT id, c FROM sbtest5 WHERE id BETWEEN 5603709 AND 5603809
	Index Scan using sbtest5_pkey on sbtest5  (cost=0.43..451.67 rows=113 width=125)
	  Index Cond: ((id >= 5603709) AND (id <= 5603809))

table 6 : explain SELECT id, c FROM sbtest6 WHERE id BETWEEN 5603709 AND 5603809
	Index Scan using sbtest6_pkey on sbtest6  (cost=0.43..407.41 rows=102 width=125)
	  Index Cond: ((id >= 5603709) AND (id <= 5603809))

table 7 : explain SELECT id, c FROM sbtest7 WHERE id BETWEEN 5603709 AND 5603809
	Index Scan using sbtest7_pkey on sbtest7  (cost=0.43..399.11 rows=100 width=125)
	  Index Cond: ((id >= 5603709) AND (id <= 5603809))

table 8 : explain SELECT id, c FROM sbtest8 WHERE id BETWEEN 5603709 AND 5603809
	Index Scan using sbtest8_pkey on sbtest8  (cost=0.43..375.05 rows=94 width=125)
	  Index Cond: ((id >= 5603709) AND (id <= 5603809))

for range-notcovered
table 1 : explain SELECT id, c FROM sbtest1 WHERE id BETWEEN 8727449 AND 8727549
	Index Scan using sbtest1_pkey on sbtest1  (cost=0.43..376.48 rows=94 width=125)
	  Index Cond: ((id >= 8727449) AND (id <= 8727549))

table 2 : explain SELECT id, c FROM sbtest2 WHERE id BETWEEN 8727449 AND 8727549
	Index Scan using sbtest2_pkey on sbtest2  (cost=0.43..373.32 rows=93 width=125)
	  Index Cond: ((id >= 8727449) AND (id <= 8727549))

table 3 : explain SELECT id, c FROM sbtest3 WHERE id BETWEEN 8727449 AND 8727549
	Index Scan using sbtest3_pkey on sbtest3  (cost=0.43..384.58 rows=96 width=125)
	  Index Cond: ((id >= 8727449) AND (id <= 8727549))

table 4 : explain SELECT id, c FROM sbtest4 WHERE id BETWEEN 8727449 AND 8727549
	Index Scan using sbtest4_pkey on sbtest4  (cost=0.43..403.14 rows=101 width=125)
	  Index Cond: ((id >= 8727449) AND (id <= 8727549))

table 5 : explain SELECT id, c FROM sbtest5 WHERE id BETWEEN 8727449 AND 8727549
	Index Scan using sbtest5_pkey on sbtest5  (cost=0.43..392.30 rows=98 width=125)
	  Index Cond: ((id >= 8727449) AND (id <= 8727549))

table 6 : explain SELECT id, c FROM sbtest6 WHERE id BETWEEN 8727449 AND 8727549
	Index Scan using sbtest6_pkey on sbtest6  (cost=0.43..407.41 rows=102 width=125)
	  Index Cond: ((id >= 8727449) AND (id <= 8727549))

table 7 : explain SELECT id, c FROM sbtest7 WHERE id BETWEEN 8727449 AND 8727549
	Index Scan using sbtest7_pkey on sbtest7  (cost=0.43..414.91 rows=104 width=125)
	  Index Cond: ((id >= 8727449) AND (id <= 8727549))

table 8 : explain SELECT id, c FROM sbtest8 WHERE id BETWEEN 8727449 AND 8727549
	Index Scan using sbtest8_pkey on sbtest8  (cost=0.43..430.25 rows=108 width=125)
	  Index Cond: ((id >= 8727449) AND (id <= 8727549))

explain: for range-notcovered :: explain SELECT id, c FROM sbtest%d WHERE id BETWEEN 5603709 AND 5603809
for range-notcovered
table 1 : explain SELECT id, c FROM sbtest1 WHERE id BETWEEN 5891486 AND 5891586
	Index Scan using sbtest1_pkey on sbtest1  (cost=0.43..435.85 rows=109 width=125)
	  Index Cond: ((id >= 5891486) AND (id <= 5891586))

table 2 : explain SELECT id, c FROM sbtest2 WHERE id BETWEEN 5891486 AND 5891586
	Index Scan using sbtest2_pkey on sbtest2  (cost=0.43..409.02 rows=102 width=125)
	  Index Cond: ((id >= 5891486) AND (id <= 5891586))

table 3 : explain SELECT id, c FROM sbtest3 WHERE id BETWEEN 5891486 AND 5891586
	Index Scan using sbtest3_pkey on sbtest3  (cost=0.43..404.37 rows=101 width=125)
	  Index Cond: ((id >= 5891486) AND (id <= 5891586))

table 4 : explain SELECT id, c FROM sbtest4 WHERE id BETWEEN 5891486 AND 5891586
	Index Scan using sbtest4_pkey on sbtest4  (cost=0.43..426.83 rows=107 width=125)
	  Index Cond: ((id >= 5891486) AND (id <= 5891586))

table 5 : explain SELECT id, c FROM sbtest5 WHERE id BETWEEN 5891486 AND 5891586
	Index Scan using sbtest5_pkey on sbtest5  (cost=0.43..439.80 rows=110 width=125)
	  Index Cond: ((id >= 5891486) AND (id <= 5891586))

table 6 : explain SELECT id, c FROM sbtest6 WHERE id BETWEEN 5891486 AND 5891586
	Index Scan using sbtest6_pkey on sbtest6  (cost=0.43..427.16 rows=107 width=125)
	  Index Cond: ((id >= 5891486) AND (id <= 5891586))

table 7 : explain SELECT id, c FROM sbtest7 WHERE id BETWEEN 5891486 AND 5891586
	Index Scan using sbtest7_pkey on sbtest7  (cost=0.43..418.85 rows=105 width=125)
	  Index Cond: ((id >= 5891486) AND (id <= 5891586))

table 8 : explain SELECT id, c FROM sbtest8 WHERE id BETWEEN 5891486 AND 5891586
	Index Scan using sbtest8_pkey on sbtest8  (cost=0.43..414.49 rows=104 width=125)
	  Index Cond: ((id >= 5891486) AND (id <= 5891586))

explain: for range-notcovered :: explain SELECT id, c FROM sbtest%d WHERE id BETWEEN 8727449 AND 8727549
explain: for range-notcovered :: explain SELECT id, c FROM sbtest%d WHERE id BETWEEN 5891486 AND 5891586
for range-notcovered
table 1 : explain SELECT id, c FROM sbtest1 WHERE id BETWEEN 3769618 AND 3769718
	Index Scan using sbtest1_pkey on sbtest1  (cost=0.43..364.61 rows=91 width=125)
	  Index Cond: ((id >= 3769618) AND (id <= 3769718))

table 2 : explain SELECT id, c FROM sbtest2 WHERE id BETWEEN 3769618 AND 3769718
	Index Scan using sbtest2_pkey on sbtest2  (cost=0.43..436.79 rows=109 width=125)
	  Index Cond: ((id >= 3769618) AND (id <= 3769718))

table 3 : explain SELECT id, c FROM sbtest3 WHERE id BETWEEN 3769618 AND 3769718
	Index Scan using sbtest3_pkey on sbtest3  (cost=0.43..388.54 rows=97 width=125)
	  Index Cond: ((id >= 3769618) AND (id <= 3769718))

table 4 : explain SELECT id, c FROM sbtest4 WHERE id BETWEEN 3769618 AND 3769718
	Index Scan using sbtest4_pkey on sbtest4  (cost=0.43..434.73 rows=109 width=125)
	  Index Cond: ((id >= 3769618) AND (id <= 3769718))

table 5 : explain SELECT id, c FROM sbtest5 WHERE id BETWEEN 3769618 AND 3769718
	Index Scan using sbtest5_pkey on sbtest5  (cost=0.43..408.15 rows=102 width=125)
	  Index Cond: ((id >= 3769618) AND (id <= 3769718))

table 6 : explain SELECT id, c FROM sbtest6 WHERE id BETWEEN 3769618 AND 3769718
	Index Scan using sbtest6_pkey on sbtest6  (cost=0.43..427.16 rows=107 width=125)
	  Index Cond: ((id >= 3769618) AND (id <= 3769718))

table 7 : explain SELECT id, c FROM sbtest7 WHERE id BETWEEN 3769618 AND 3769718
	Index Scan using sbtest7_pkey on sbtest7  (cost=0.43..395.16 rows=99 width=125)
	  Index Cond: ((id >= 3769618) AND (id <= 3769718))

table 8 : explain SELECT id, c FROM sbtest8 WHERE id BETWEEN 3769618 AND 3769718
	Index Scan using sbtest8_pkey on sbtest8  (cost=0.43..449.96 rows=113 width=125)
	  Index Cond: ((id >= 3769618) AND (id <= 3769718))

explain: for range-notcovered :: explain SELECT id, c FROM sbtest%d WHERE id BETWEEN 3769618 AND 3769718
for range-notcovered
table 1 : explain SELECT id, c FROM sbtest1 WHERE id BETWEEN 5603709 AND 5603809
	Index Scan using sbtest1_pkey on sbtest1  (cost=0.43..380.44 rows=95 width=125)
	  Index Cond: ((id >= 5603709) AND (id <= 5603809))

table 2 : explain SELECT id, c FROM sbtest2 WHERE id BETWEEN 5603709 AND 5603809
	Index Scan using sbtest2_pkey on sbtest2  (cost=0.43..409.03 rows=102 width=125)
	  Index Cond: ((id >= 5603709) AND (id <= 5603809))

table 3 : explain SELECT id, c FROM sbtest3 WHERE id BETWEEN 5603709 AND 5603809
	Index Scan using sbtest3_pkey on sbtest3  (cost=0.43..408.35 rows=102 width=125)
	  Index Cond: ((id >= 5603709) AND (id <= 5603809))

table 4 : explain SELECT id, c FROM sbtest4 WHERE id BETWEEN 5603709 AND 5603809
	Index Scan using sbtest4_pkey on sbtest4  (cost=0.43..458.40 rows=115 width=125)
	  Index Cond: ((id >= 5603709) AND (id <= 5603809))

table 5 : explain SELECT id, c FROM sbtest5 WHERE id BETWEEN 5603709 AND 5603809
	Index Scan using sbtest5_pkey on sbtest5  (cost=0.43..451.67 rows=113 width=125)
	  Index Cond: ((id >= 5603709) AND (id <= 5603809))

table 6 : explain SELECT id, c FROM sbtest6 WHERE id BETWEEN 5603709 AND 5603809
	Index Scan using sbtest6_pkey on sbtest6  (cost=0.43..407.41 rows=102 width=125)
	  Index Cond: ((id >= 5603709) AND (id <= 5603809))

table 7 : explain SELECT id, c FROM sbtest7 WHERE id BETWEEN 5603709 AND 5603809
	Index Scan using sbtest7_pkey on sbtest7  (cost=0.43..399.11 rows=100 width=125)
	  Index Cond: ((id >= 5603709) AND (id <= 5603809))

table 8 : explain SELECT id, c FROM sbtest8 WHERE id BETWEEN 5603709 AND 5603809
	Index Scan using sbtest8_pkey on sbtest8  (cost=0.43..375.05 rows=94 width=125)
	  Index Cond: ((id >= 5603709) AND (id <= 5603809))

for range-notcovered
table 1 : explain SELECT id, c FROM sbtest1 WHERE id BETWEEN 8727449 AND 8727549
	Index Scan using sbtest1_pkey on sbtest1  (cost=0.43..376.48 rows=94 width=125)
	  Index Cond: ((id >= 8727449) AND (id <= 8727549))

table 2 : explain SELECT id, c FROM sbtest2 WHERE id BETWEEN 8727449 AND 8727549
	Index Scan using sbtest2_pkey on sbtest2  (cost=0.43..373.32 rows=93 width=125)
	  Index Cond: ((id >= 8727449) AND (id <= 8727549))

table 3 : explain SELECT id, c FROM sbtest3 WHERE id BETWEEN 8727449 AND 8727549
	Index Scan using sbtest3_pkey on sbtest3  (cost=0.43..384.58 rows=96 width=125)
	  Index Cond: ((id >= 8727449) AND (id <= 8727549))

table 4 : explain SELECT id, c FROM sbtest4 WHERE id BETWEEN 8727449 AND 8727549
	Index Scan using sbtest4_pkey on sbtest4  (cost=0.43..403.14 rows=101 width=125)
	  Index Cond: ((id >= 8727449) AND (id <= 8727549))

table 5 : explain SELECT id, c FROM sbtest5 WHERE id BETWEEN 8727449 AND 8727549
	Index Scan using sbtest5_pkey on sbtest5  (cost=0.43..392.30 rows=98 width=125)
	  Index Cond: ((id >= 8727449) AND (id <= 8727549))

table 6 : explain SELECT id, c FROM sbtest6 WHERE id BETWEEN 8727449 AND 8727549
	Index Scan using sbtest6_pkey on sbtest6  (cost=0.43..407.41 rows=102 width=125)
	  Index Cond: ((id >= 8727449) AND (id <= 8727549))

table 7 : explain SELECT id, c FROM sbtest7 WHERE id BETWEEN 8727449 AND 8727549
	Index Scan using sbtest7_pkey on sbtest7  (cost=0.43..414.91 rows=104 width=125)
	  Index Cond: ((id >= 8727449) AND (id <= 8727549))

table 8 : explain SELECT id, c FROM sbtest8 WHERE id BETWEEN 8727449 AND 8727549
	Index Scan using sbtest8_pkey on sbtest8  (cost=0.43..430.25 rows=108 width=125)
	  Index Cond: ((id >= 8727449) AND (id <= 8727549))

explain: for range-notcovered :: explain SELECT id, c FROM sbtest%d WHERE id BETWEEN 5603709 AND 5603809
explain: for range-notcovered :: explain SELECT id, c FROM sbtest%d WHERE id BETWEEN 8727449 AND 8727549
for range-notcovered
table 1 : explain SELECT id, c FROM sbtest1 WHERE id BETWEEN 5891486 AND 5891586
	Index Scan using sbtest1_pkey on sbtest1  (cost=0.43..435.85 rows=109 width=125)
	  Index Cond: ((id >= 5891486) AND (id <= 5891586))

table 2 : explain SELECT id, c FROM sbtest2 WHERE id BETWEEN 5891486 AND 5891586
	Index Scan using sbtest2_pkey on sbtest2  (cost=0.43..409.02 rows=102 width=125)
	  Index Cond: ((id >= 5891486) AND (id <= 5891586))

table 3 : explain SELECT id, c FROM sbtest3 WHERE id BETWEEN 5891486 AND 5891586
	Index Scan using sbtest3_pkey on sbtest3  (cost=0.43..404.37 rows=101 width=125)
	  Index Cond: ((id >= 5891486) AND (id <= 5891586))

table 4 : explain SELECT id, c FROM sbtest4 WHERE id BETWEEN 5891486 AND 5891586
	Index Scan using sbtest4_pkey on sbtest4  (cost=0.43..426.83 rows=107 width=125)
	  Index Cond: ((id >= 5891486) AND (id <= 5891586))

table 5 : explain SELECT id, c FROM sbtest5 WHERE id BETWEEN 5891486 AND 5891586
	Index Scan using sbtest5_pkey on sbtest5  (cost=0.43..439.80 rows=110 width=125)
	  Index Cond: ((id >= 5891486) AND (id <= 5891586))

table 6 : explain SELECT id, c FROM sbtest6 WHERE id BETWEEN 5891486 AND 5891586
	Index Scan using sbtest6_pkey on sbtest6  (cost=0.43..427.16 rows=107 width=125)
	  Index Cond: ((id >= 5891486) AND (id <= 5891586))

table 7 : explain SELECT id, c FROM sbtest7 WHERE id BETWEEN 5891486 AND 5891586
	Index Scan using sbtest7_pkey on sbtest7  (cost=0.43..418.85 rows=105 width=125)
	  Index Cond: ((id >= 5891486) AND (id <= 5891586))

table 8 : explain SELECT id, c FROM sbtest8 WHERE id BETWEEN 5891486 AND 5891586
	Index Scan using sbtest8_pkey on sbtest8  (cost=0.43..414.49 rows=104 width=125)
	  Index Cond: ((id >= 5891486) AND (id <= 5891586))

explain: for range-notcovered :: explain SELECT id, c FROM sbtest%d WHERE id BETWEEN 5891486 AND 5891586
for range-notcovered
table 1 : explain SELECT id, c FROM sbtest1 WHERE id BETWEEN 3769618 AND 3769718
	Index Scan using sbtest1_pkey on sbtest1  (cost=0.43..364.61 rows=91 width=125)
	  Index Cond: ((id >= 3769618) AND (id <= 3769718))

table 2 : explain SELECT id, c FROM sbtest2 WHERE id BETWEEN 3769618 AND 3769718
	Index Scan using sbtest2_pkey on sbtest2  (cost=0.43..436.79 rows=109 width=125)
	  Index Cond: ((id >= 3769618) AND (id <= 3769718))

table 3 : explain SELECT id, c FROM sbtest3 WHERE id BETWEEN 3769618 AND 3769718
	Index Scan using sbtest3_pkey on sbtest3  (cost=0.43..388.54 rows=97 width=125)
	  Index Cond: ((id >= 3769618) AND (id <= 3769718))

table 4 : explain SELECT id, c FROM sbtest4 WHERE id BETWEEN 3769618 AND 3769718
	Index Scan using sbtest4_pkey on sbtest4  (cost=0.43..434.73 rows=109 width=125)
	  Index Cond: ((id >= 3769618) AND (id <= 3769718))

table 5 : explain SELECT id, c FROM sbtest5 WHERE id BETWEEN 3769618 AND 3769718
	Index Scan using sbtest5_pkey on sbtest5  (cost=0.43..408.15 rows=102 width=125)
	  Index Cond: ((id >= 3769618) AND (id <= 3769718))

table 6 : explain SELECT id, c FROM sbtest6 WHERE id BETWEEN 3769618 AND 3769718
	Index Scan using sbtest6_pkey on sbtest6  (cost=0.43..427.16 rows=107 width=125)
	  Index Cond: ((id >= 3769618) AND (id <= 3769718))

table 7 : explain SELECT id, c FROM sbtest7 WHERE id BETWEEN 3769618 AND 3769718
	Index Scan using sbtest7_pkey on sbtest7  (cost=0.43..395.16 rows=99 width=125)
	  Index Cond: ((id >= 3769618) AND (id <= 3769718))

table 8 : explain SELECT id, c FROM sbtest8 WHERE id BETWEEN 3769618 AND 3769718
	Index Scan using sbtest8_pkey on sbtest8  (cost=0.43..449.96 rows=113 width=125)
	  Index Cond: ((id >= 3769618) AND (id <= 3769718))

explain: for range-notcovered :: explain SELECT id, c FROM sbtest%d WHERE id BETWEEN 3769618 AND 3769718
for range-notcovered
table 1 : explain SELECT id, c FROM sbtest1 WHERE id BETWEEN 5603709 AND 5603809
	Index Scan using sbtest1_pkey on sbtest1  (cost=0.43..380.44 rows=95 width=125)
	  Index Cond: ((id >= 5603709) AND (id <= 5603809))

table 2 : explain SELECT id, c FROM sbtest2 WHERE id BETWEEN 5603709 AND 5603809
	Index Scan using sbtest2_pkey on sbtest2  (cost=0.43..409.03 rows=102 width=125)
	  Index Cond: ((id >= 5603709) AND (id <= 5603809))

table 3 : explain SELECT id, c FROM sbtest3 WHERE id BETWEEN 5603709 AND 5603809
	Index Scan using sbtest3_pkey on sbtest3  (cost=0.43..408.35 rows=102 width=125)
	  Index Cond: ((id >= 5603709) AND (id <= 5603809))

table 4 : explain SELECT id, c FROM sbtest4 WHERE id BETWEEN 5603709 AND 5603809
	Index Scan using sbtest4_pkey on sbtest4  (cost=0.43..458.40 rows=115 width=125)
	  Index Cond: ((id >= 5603709) AND (id <= 5603809))

table 5 : explain SELECT id, c FROM sbtest5 WHERE id BETWEEN 5603709 AND 5603809
	Index Scan using sbtest5_pkey on sbtest5  (cost=0.43..451.67 rows=113 width=125)
	  Index Cond: ((id >= 5603709) AND (id <= 5603809))

table 6 : explain SELECT id, c FROM sbtest6 WHERE id BETWEEN 5603709 AND 5603809
	Index Scan using sbtest6_pkey on sbtest6  (cost=0.43..407.41 rows=102 width=125)
	  Index Cond: ((id >= 5603709) AND (id <= 5603809))

table 7 : explain SELECT id, c FROM sbtest7 WHERE id BETWEEN 5603709 AND 5603809
	Index Scan using sbtest7_pkey on sbtest7  (cost=0.43..399.11 rows=100 width=125)
	  Index Cond: ((id >= 5603709) AND (id <= 5603809))

table 8 : explain SELECT id, c FROM sbtest8 WHERE id BETWEEN 5603709 AND 5603809
	Index Scan using sbtest8_pkey on sbtest8  (cost=0.43..375.05 rows=94 width=125)
	  Index Cond: ((id >= 5603709) AND (id <= 5603809))

for range-notcovered
table 1 : explain SELECT id, c FROM sbtest1 WHERE id BETWEEN 8727449 AND 8727549
	Index Scan using sbtest1_pkey on sbtest1  (cost=0.43..376.48 rows=94 width=125)
	  Index Cond: ((id >= 8727449) AND (id <= 8727549))

table 2 : explain SELECT id, c FROM sbtest2 WHERE id BETWEEN 8727449 AND 8727549
	Index Scan using sbtest2_pkey on sbtest2  (cost=0.43..373.32 rows=93 width=125)
	  Index Cond: ((id >= 8727449) AND (id <= 8727549))

table 3 : explain SELECT id, c FROM sbtest3 WHERE id BETWEEN 8727449 AND 8727549
	Index Scan using sbtest3_pkey on sbtest3  (cost=0.43..384.58 rows=96 width=125)
	  Index Cond: ((id >= 8727449) AND (id <= 8727549))

table 4 : explain SELECT id, c FROM sbtest4 WHERE id BETWEEN 8727449 AND 8727549
	Index Scan using sbtest4_pkey on sbtest4  (cost=0.43..403.14 rows=101 width=125)
	  Index Cond: ((id >= 8727449) AND (id <= 8727549))

table 5 : explain SELECT id, c FROM sbtest5 WHERE id BETWEEN 8727449 AND 8727549
	Index Scan using sbtest5_pkey on sbtest5  (cost=0.43..392.30 rows=98 width=125)
	  Index Cond: ((id >= 8727449) AND (id <= 8727549))

table 6 : explain SELECT id, c FROM sbtest6 WHERE id BETWEEN 8727449 AND 8727549
	Index Scan using sbtest6_pkey on sbtest6  (cost=0.43..407.41 rows=102 width=125)
	  Index Cond: ((id >= 8727449) AND (id <= 8727549))

table 7 : explain SELECT id, c FROM sbtest7 WHERE id BETWEEN 8727449 AND 8727549
	Index Scan using sbtest7_pkey on sbtest7  (cost=0.43..414.91 rows=104 width=125)
	  Index Cond: ((id >= 8727449) AND (id <= 8727549))

table 8 : explain SELECT id, c FROM sbtest8 WHERE id BETWEEN 8727449 AND 8727549
	Index Scan using sbtest8_pkey on sbtest8  (cost=0.43..430.25 rows=108 width=125)
	  Index Cond: ((id >= 8727449) AND (id <= 8727549))

explain: for range-notcovered :: explain SELECT id, c FROM sbtest%d WHERE id BETWEEN 5603709 AND 5603809
for range-notcovered
table 1 : explain SELECT id, c FROM sbtest1 WHERE id BETWEEN 5891486 AND 5891586
	Index Scan using sbtest1_pkey on sbtest1  (cost=0.43..435.85 rows=109 width=125)
	  Index Cond: ((id >= 5891486) AND (id <= 5891586))

table 2 : explain SELECT id, c FROM sbtest2 WHERE id BETWEEN 5891486 AND 5891586
	Index Scan using sbtest2_pkey on sbtest2  (cost=0.43..409.02 rows=102 width=125)
	  Index Cond: ((id >= 5891486) AND (id <= 5891586))

table 3 : explain SELECT id, c FROM sbtest3 WHERE id BETWEEN 5891486 AND 5891586
	Index Scan using sbtest3_pkey on sbtest3  (cost=0.43..404.37 rows=101 width=125)
	  Index Cond: ((id >= 5891486) AND (id <= 5891586))

table 4 : explain SELECT id, c FROM sbtest4 WHERE id BETWEEN 5891486 AND 5891586
	Index Scan using sbtest4_pkey on sbtest4  (cost=0.43..426.83 rows=107 width=125)
	  Index Cond: ((id >= 5891486) AND (id <= 5891586))

table 5 : explain SELECT id, c FROM sbtest5 WHERE id BETWEEN 5891486 AND 5891586
	Index Scan using sbtest5_pkey on sbtest5  (cost=0.43..439.80 rows=110 width=125)
	  Index Cond: ((id >= 5891486) AND (id <= 5891586))

table 6 : explain SELECT id, c FROM sbtest6 WHERE id BETWEEN 5891486 AND 5891586
	Index Scan using sbtest6_pkey on sbtest6  (cost=0.43..427.16 rows=107 width=125)
	  Index Cond: ((id >= 5891486) AND (id <= 5891586))

table 7 : explain SELECT id, c FROM sbtest7 WHERE id BETWEEN 5891486 AND 5891586
	Index Scan using sbtest7_pkey on sbtest7  (cost=0.43..418.85 rows=105 width=125)
	  Index Cond: ((id >= 5891486) AND (id <= 5891586))

table 8 : explain SELECT id, c FROM sbtest8 WHERE id BETWEEN 5891486 AND 5891586
	Index Scan using sbtest8_pkey on sbtest8  (cost=0.43..414.49 rows=104 width=125)
	  Index Cond: ((id >= 5891486) AND (id <= 5891586))

explain: for range-notcovered :: explain SELECT id, c FROM sbtest%d WHERE id BETWEEN 8727449 AND 8727549
explain: for range-notcovered :: explain SELECT id, c FROM sbtest%d WHERE id BETWEEN 5891486 AND 5891586
for range-notcovered
table 1 : explain SELECT id, c FROM sbtest1 WHERE id BETWEEN 3769618 AND 3769718
	Index Scan using sbtest1_pkey on sbtest1  (cost=0.43..364.61 rows=91 width=125)
	  Index Cond: ((id >= 3769618) AND (id <= 3769718))

table 2 : explain SELECT id, c FROM sbtest2 WHERE id BETWEEN 3769618 AND 3769718
	Index Scan using sbtest2_pkey on sbtest2  (cost=0.43..436.79 rows=109 width=125)
	  Index Cond: ((id >= 3769618) AND (id <= 3769718))

table 3 : explain SELECT id, c FROM sbtest3 WHERE id BETWEEN 3769618 AND 3769718
	Index Scan using sbtest3_pkey on sbtest3  (cost=0.43..388.54 rows=97 width=125)
	  Index Cond: ((id >= 3769618) AND (id <= 3769718))

table 4 : explain SELECT id, c FROM sbtest4 WHERE id BETWEEN 3769618 AND 3769718
	Index Scan using sbtest4_pkey on sbtest4  (cost=0.43..434.73 rows=109 width=125)
	  Index Cond: ((id >= 3769618) AND (id <= 3769718))

table 5 : explain SELECT id, c FROM sbtest5 WHERE id BETWEEN 3769618 AND 3769718
	Index Scan using sbtest5_pkey on sbtest5  (cost=0.43..408.15 rows=102 width=125)
	  Index Cond: ((id >= 3769618) AND (id <= 3769718))

table 6 : explain SELECT id, c FROM sbtest6 WHERE id BETWEEN 3769618 AND 3769718
	Index Scan using sbtest6_pkey on sbtest6  (cost=0.43..427.16 rows=107 width=125)
	  Index Cond: ((id >= 3769618) AND (id <= 3769718))

table 7 : explain SELECT id, c FROM sbtest7 WHERE id BETWEEN 3769618 AND 3769718
	Index Scan using sbtest7_pkey on sbtest7  (cost=0.43..395.16 rows=99 width=125)
	  Index Cond: ((id >= 3769618) AND (id <= 3769718))

table 8 : explain SELECT id, c FROM sbtest8 WHERE id BETWEEN 3769618 AND 3769718
	Index Scan using sbtest8_pkey on sbtest8  (cost=0.43..449.96 rows=113 width=125)
	  Index Cond: ((id >= 3769618) AND (id <= 3769718))

explain: for range-notcovered :: explain SELECT id, c FROM sbtest%d WHERE id BETWEEN 3769618 AND 3769718
for range-notcovered
table 1 : explain SELECT id, c FROM sbtest1 WHERE id BETWEEN 5603709 AND 5603809
	Index Scan using sbtest1_pkey on sbtest1  (cost=0.43..380.44 rows=95 width=125)
	  Index Cond: ((id >= 5603709) AND (id <= 5603809))

table 2 : explain SELECT id, c FROM sbtest2 WHERE id BETWEEN 5603709 AND 5603809
	Index Scan using sbtest2_pkey on sbtest2  (cost=0.43..409.03 rows=102 width=125)
	  Index Cond: ((id >= 5603709) AND (id <= 5603809))

table 3 : explain SELECT id, c FROM sbtest3 WHERE id BETWEEN 5603709 AND 5603809
	Index Scan using sbtest3_pkey on sbtest3  (cost=0.43..408.35 rows=102 width=125)
	  Index Cond: ((id >= 5603709) AND (id <= 5603809))

table 4 : explain SELECT id, c FROM sbtest4 WHERE id BETWEEN 5603709 AND 5603809
	Index Scan using sbtest4_pkey on sbtest4  (cost=0.43..458.40 rows=115 width=125)
	  Index Cond: ((id >= 5603709) AND (id <= 5603809))

table 5 : explain SELECT id, c FROM sbtest5 WHERE id BETWEEN 5603709 AND 5603809
	Index Scan using sbtest5_pkey on sbtest5  (cost=0.43..451.67 rows=113 width=125)
	  Index Cond: ((id >= 5603709) AND (id <= 5603809))

table 6 : explain SELECT id, c FROM sbtest6 WHERE id BETWEEN 5603709 AND 5603809
	Index Scan using sbtest6_pkey on sbtest6  (cost=0.43..407.41 rows=102 width=125)
	  Index Cond: ((id >= 5603709) AND (id <= 5603809))

table 7 : explain SELECT id, c FROM sbtest7 WHERE id BETWEEN 5603709 AND 5603809
	Index Scan using sbtest7_pkey on sbtest7  (cost=0.43..399.11 rows=100 width=125)
	  Index Cond: ((id >= 5603709) AND (id <= 5603809))

table 8 : explain SELECT id, c FROM sbtest8 WHERE id BETWEEN 5603709 AND 5603809
	Index Scan using sbtest8_pkey on sbtest8  (cost=0.43..375.05 rows=94 width=125)
	  Index Cond: ((id >= 5603709) AND (id <= 5603809))

for range-notcovered
table 1 : explain SELECT id, c FROM sbtest1 WHERE id BETWEEN 8727449 AND 8727549
	Index Scan using sbtest1_pkey on sbtest1  (cost=0.43..376.48 rows=94 width=125)
	  Index Cond: ((id >= 8727449) AND (id <= 8727549))

table 2 : explain SELECT id, c FROM sbtest2 WHERE id BETWEEN 8727449 AND 8727549
	Index Scan using sbtest2_pkey on sbtest2  (cost=0.43..373.32 rows=93 width=125)
	  Index Cond: ((id >= 8727449) AND (id <= 8727549))

table 3 : explain SELECT id, c FROM sbtest3 WHERE id BETWEEN 8727449 AND 8727549
	Index Scan using sbtest3_pkey on sbtest3  (cost=0.43..384.58 rows=96 width=125)
	  Index Cond: ((id >= 8727449) AND (id <= 8727549))

table 4 : explain SELECT id, c FROM sbtest4 WHERE id BETWEEN 8727449 AND 8727549
	Index Scan using sbtest4_pkey on sbtest4  (cost=0.43..403.14 rows=101 width=125)
	  Index Cond: ((id >= 8727449) AND (id <= 8727549))

table 5 : explain SELECT id, c FROM sbtest5 WHERE id BETWEEN 8727449 AND 8727549
	Index Scan using sbtest5_pkey on sbtest5  (cost=0.43..392.30 rows=98 width=125)
	  Index Cond: ((id >= 8727449) AND (id <= 8727549))

table 6 : explain SELECT id, c FROM sbtest6 WHERE id BETWEEN 8727449 AND 8727549
	Index Scan using sbtest6_pkey on sbtest6  (cost=0.43..407.41 rows=102 width=125)
	  Index Cond: ((id >= 8727449) AND (id <= 8727549))

table 7 : explain SELECT id, c FROM sbtest7 WHERE id BETWEEN 8727449 AND 8727549
	Index Scan using sbtest7_pkey on sbtest7  (cost=0.43..414.91 rows=104 width=125)
	  Index Cond: ((id >= 8727449) AND (id <= 8727549))

table 8 : explain SELECT id, c FROM sbtest8 WHERE id BETWEEN 8727449 AND 8727549
	Index Scan using sbtest8_pkey on sbtest8  (cost=0.43..430.25 rows=108 width=125)
	  Index Cond: ((id >= 8727449) AND (id <= 8727549))

explain: for range-notcovered :: explain SELECT id, c FROM sbtest%d WHERE id BETWEEN 5603709 AND 5603809
for range-notcovered
table 1 : explain SELECT id, c FROM sbtest1 WHERE id BETWEEN 5891486 AND 5891586
	Index Scan using sbtest1_pkey on sbtest1  (cost=0.43..435.85 rows=109 width=125)
	  Index Cond: ((id >= 5891486) AND (id <= 5891586))

table 2 : explain SELECT id, c FROM sbtest2 WHERE id BETWEEN 5891486 AND 5891586
	Index Scan using sbtest2_pkey on sbtest2  (cost=0.43..409.02 rows=102 width=125)
	  Index Cond: ((id >= 5891486) AND (id <= 5891586))

table 3 : explain SELECT id, c FROM sbtest3 WHERE id BETWEEN 5891486 AND 5891586
	Index Scan using sbtest3_pkey on sbtest3  (cost=0.43..404.37 rows=101 width=125)
	  Index Cond: ((id >= 5891486) AND (id <= 5891586))

table 4 : explain SELECT id, c FROM sbtest4 WHERE id BETWEEN 5891486 AND 5891586
	Index Scan using sbtest4_pkey on sbtest4  (cost=0.43..426.83 rows=107 width=125)
	  Index Cond: ((id >= 5891486) AND (id <= 5891586))

table 5 : explain SELECT id, c FROM sbtest5 WHERE id BETWEEN 5891486 AND 5891586
	Index Scan using sbtest5_pkey on sbtest5  (cost=0.43..439.80 rows=110 width=125)
	  Index Cond: ((id >= 5891486) AND (id <= 5891586))

table 6 : explain SELECT id, c FROM sbtest6 WHERE id BETWEEN 5891486 AND 5891586
	Index Scan using sbtest6_pkey on sbtest6  (cost=0.43..427.16 rows=107 width=125)
	  Index Cond: ((id >= 5891486) AND (id <= 5891586))

table 7 : explain SELECT id, c FROM sbtest7 WHERE id BETWEEN 5891486 AND 5891586
	Index Scan using sbtest7_pkey on sbtest7  (cost=0.43..418.85 rows=105 width=125)
	  Index Cond: ((id >= 5891486) AND (id <= 5891586))

table 8 : explain SELECT id, c FROM sbtest8 WHERE id BETWEEN 5891486 AND 5891586
	Index Scan using sbtest8_pkey on sbtest8  (cost=0.43..414.49 rows=104 width=125)
	  Index Cond: ((id >= 5891486) AND (id <= 5891586))

explain: for range-notcovered :: explain SELECT id, c FROM sbtest%d WHERE id BETWEEN 8727449 AND 8727549
explain: for range-notcovered :: explain SELECT id, c FROM sbtest%d WHERE id BETWEEN 5891486 AND 5891586
for range-notcovered
table 1 : explain SELECT id, c FROM sbtest1 WHERE id BETWEEN 3769618 AND 3769718
	Index Scan using sbtest1_pkey on sbtest1  (cost=0.43..364.61 rows=91 width=125)
	  Index Cond: ((id >= 3769618) AND (id <= 3769718))

table 2 : explain SELECT id, c FROM sbtest2 WHERE id BETWEEN 3769618 AND 3769718
	Index Scan using sbtest2_pkey on sbtest2  (cost=0.43..436.79 rows=109 width=125)
	  Index Cond: ((id >= 3769618) AND (id <= 3769718))

table 3 : explain SELECT id, c FROM sbtest3 WHERE id BETWEEN 3769618 AND 3769718
	Index Scan using sbtest3_pkey on sbtest3  (cost=0.43..388.54 rows=97 width=125)
	  Index Cond: ((id >= 3769618) AND (id <= 3769718))

table 4 : explain SELECT id, c FROM sbtest4 WHERE id BETWEEN 3769618 AND 3769718
	Index Scan using sbtest4_pkey on sbtest4  (cost=0.43..434.73 rows=109 width=125)
	  Index Cond: ((id >= 3769618) AND (id <= 3769718))

table 5 : explain SELECT id, c FROM sbtest5 WHERE id BETWEEN 3769618 AND 3769718
	Index Scan using sbtest5_pkey on sbtest5  (cost=0.43..408.15 rows=102 width=125)
	  Index Cond: ((id >= 3769618) AND (id <= 3769718))

table 6 : explain SELECT id, c FROM sbtest6 WHERE id BETWEEN 3769618 AND 3769718
	Index Scan using sbtest6_pkey on sbtest6  (cost=0.43..427.16 rows=107 width=125)
	  Index Cond: ((id >= 3769618) AND (id <= 3769718))

table 7 : explain SELECT id, c FROM sbtest7 WHERE id BETWEEN 3769618 AND 3769718
	Index Scan using sbtest7_pkey on sbtest7  (cost=0.43..395.16 rows=99 width=125)
	  Index Cond: ((id >= 3769618) AND (id <= 3769718))

table 8 : explain SELECT id, c FROM sbtest8 WHERE id BETWEEN 3769618 AND 3769718
	Index Scan using sbtest8_pkey on sbtest8  (cost=0.43..449.96 rows=113 width=125)
	  Index Cond: ((id >= 3769618) AND (id <= 3769718))

explain: for range-notcovered :: explain SELECT id, c FROM sbtest%d WHERE id BETWEEN 3769618 AND 3769718
for range-notcovered
table 1 : explain SELECT id, c FROM sbtest1 WHERE id BETWEEN 5603709 AND 5603809
	Index Scan using sbtest1_pkey on sbtest1  (cost=0.43..380.44 rows=95 width=125)
	  Index Cond: ((id >= 5603709) AND (id <= 5603809))

table 2 : explain SELECT id, c FROM sbtest2 WHERE id BETWEEN 5603709 AND 5603809
	Index Scan using sbtest2_pkey on sbtest2  (cost=0.43..409.03 rows=102 width=125)
	  Index Cond: ((id >= 5603709) AND (id <= 5603809))

table 3 : explain SELECT id, c FROM sbtest3 WHERE id BETWEEN 5603709 AND 5603809
	Index Scan using sbtest3_pkey on sbtest3  (cost=0.43..408.35 rows=102 width=125)
	  Index Cond: ((id >= 5603709) AND (id <= 5603809))

table 4 : explain SELECT id, c FROM sbtest4 WHERE id BETWEEN 5603709 AND 5603809
	Index Scan using sbtest4_pkey on sbtest4  (cost=0.43..458.40 rows=115 width=125)
	  Index Cond: ((id >= 5603709) AND (id <= 5603809))

table 5 : explain SELECT id, c FROM sbtest5 WHERE id BETWEEN 5603709 AND 5603809
	Index Scan using sbtest5_pkey on sbtest5  (cost=0.43..451.67 rows=113 width=125)
	  Index Cond: ((id >= 5603709) AND (id <= 5603809))

table 6 : explain SELECT id, c FROM sbtest6 WHERE id BETWEEN 5603709 AND 5603809
	Index Scan using sbtest6_pkey on sbtest6  (cost=0.43..407.41 rows=102 width=125)
	  Index Cond: ((id >= 5603709) AND (id <= 5603809))

table 7 : explain SELECT id, c FROM sbtest7 WHERE id BETWEEN 5603709 AND 5603809
	Index Scan using sbtest7_pkey on sbtest7  (cost=0.43..399.11 rows=100 width=125)
	  Index Cond: ((id >= 5603709) AND (id <= 5603809))

table 8 : explain SELECT id, c FROM sbtest8 WHERE id BETWEEN 5603709 AND 5603809
	Index Scan using sbtest8_pkey on sbtest8  (cost=0.43..375.05 rows=94 width=125)
	  Index Cond: ((id >= 5603709) AND (id <= 5603809))

for range-notcovered
table 1 : explain SELECT id, c FROM sbtest1 WHERE id BETWEEN 8727449 AND 8727549
	Index Scan using sbtest1_pkey on sbtest1  (cost=0.43..376.48 rows=94 width=125)
	  Index Cond: ((id >= 8727449) AND (id <= 8727549))

table 2 : explain SELECT id, c FROM sbtest2 WHERE id BETWEEN 8727449 AND 8727549
	Index Scan using sbtest2_pkey on sbtest2  (cost=0.43..373.32 rows=93 width=125)
	  Index Cond: ((id >= 8727449) AND (id <= 8727549))

table 3 : explain SELECT id, c FROM sbtest3 WHERE id BETWEEN 8727449 AND 8727549
	Index Scan using sbtest3_pkey on sbtest3  (cost=0.43..384.58 rows=96 width=125)
	  Index Cond: ((id >= 8727449) AND (id <= 8727549))

table 4 : explain SELECT id, c FROM sbtest4 WHERE id BETWEEN 8727449 AND 8727549
	Index Scan using sbtest4_pkey on sbtest4  (cost=0.43..403.14 rows=101 width=125)
	  Index Cond: ((id >= 8727449) AND (id <= 8727549))

table 5 : explain SELECT id, c FROM sbtest5 WHERE id BETWEEN 8727449 AND 8727549
	Index Scan using sbtest5_pkey on sbtest5  (cost=0.43..392.30 rows=98 width=125)
	  Index Cond: ((id >= 8727449) AND (id <= 8727549))

table 6 : explain SELECT id, c FROM sbtest6 WHERE id BETWEEN 8727449 AND 8727549
	Index Scan using sbtest6_pkey on sbtest6  (cost=0.43..407.41 rows=102 width=125)
	  Index Cond: ((id >= 8727449) AND (id <= 8727549))

table 7 : explain SELECT id, c FROM sbtest7 WHERE id BETWEEN 8727449 AND 8727549
	Index Scan using sbtest7_pkey on sbtest7  (cost=0.43..414.91 rows=104 width=125)
	  Index Cond: ((id >= 8727449) AND (id <= 8727549))

table 8 : explain SELECT id, c FROM sbtest8 WHERE id BETWEEN 8727449 AND 8727549
	Index Scan using sbtest8_pkey on sbtest8  (cost=0.43..430.25 rows=108 width=125)
	  Index Cond: ((id >= 8727449) AND (id <= 8727549))

for range-notcovered
table 1 : explain SELECT id, c FROM sbtest1 WHERE id BETWEEN 5891486 AND 5891586
	Index Scan using sbtest1_pkey on sbtest1  (cost=0.43..435.85 rows=109 width=125)
	  Index Cond: ((id >= 5891486) AND (id <= 5891586))

table 2 : explain SELECT id, c FROM sbtest2 WHERE id BETWEEN 5891486 AND 5891586
	Index Scan using sbtest2_pkey on sbtest2  (cost=0.43..409.02 rows=102 width=125)
	  Index Cond: ((id >= 5891486) AND (id <= 5891586))

table 3 : explain SELECT id, c FROM sbtest3 WHERE id BETWEEN 5891486 AND 5891586
	Index Scan using sbtest3_pkey on sbtest3  (cost=0.43..404.37 rows=101 width=125)
	  Index Cond: ((id >= 5891486) AND (id <= 5891586))

table 4 : explain SELECT id, c FROM sbtest4 WHERE id BETWEEN 5891486 AND 5891586
	Index Scan using sbtest4_pkey on sbtest4  (cost=0.43..426.83 rows=107 width=125)
	  Index Cond: ((id >= 5891486) AND (id <= 5891586))

table 5 : explain SELECT id, c FROM sbtest5 WHERE id BETWEEN 5891486 AND 5891586
	Index Scan using sbtest5_pkey on sbtest5  (cost=0.43..439.80 rows=110 width=125)
	  Index Cond: ((id >= 5891486) AND (id <= 5891586))

table 6 : explain SELECT id, c FROM sbtest6 WHERE id BETWEEN 5891486 AND 5891586
	Index Scan using sbtest6_pkey on sbtest6  (cost=0.43..427.16 rows=107 width=125)
	  Index Cond: ((id >= 5891486) AND (id <= 5891586))

table 7 : explain SELECT id, c FROM sbtest7 WHERE id BETWEEN 5891486 AND 5891586
	Index Scan using sbtest7_pkey on sbtest7  (cost=0.43..418.85 rows=105 width=125)
	  Index Cond: ((id >= 5891486) AND (id <= 5891586))

table 8 : explain SELECT id, c FROM sbtest8 WHERE id BETWEEN 5891486 AND 5891586
	Index Scan using sbtest8_pkey on sbtest8  (cost=0.43..414.49 rows=104 width=125)
	  Index Cond: ((id >= 5891486) AND (id <= 5891586))

explain: for range-notcovered :: explain SELECT id, c FROM sbtest%d WHERE id BETWEEN 5891486 AND 5891586
for range-notcovered
table 1 : explain SELECT id, c FROM sbtest1 WHERE id BETWEEN 3769618 AND 3769718
	Index Scan using sbtest1_pkey on sbtest1  (cost=0.43..364.61 rows=91 width=125)
	  Index Cond: ((id >= 3769618) AND (id <= 3769718))

table 2 : explain SELECT id, c FROM sbtest2 WHERE id BETWEEN 3769618 AND 3769718
	Index Scan using sbtest2_pkey on sbtest2  (cost=0.43..436.79 rows=109 width=125)
	  Index Cond: ((id >= 3769618) AND (id <= 3769718))

table 3 : explain SELECT id, c FROM sbtest3 WHERE id BETWEEN 3769618 AND 3769718
	Index Scan using sbtest3_pkey on sbtest3  (cost=0.43..388.54 rows=97 width=125)
	  Index Cond: ((id >= 3769618) AND (id <= 3769718))

table 4 : explain SELECT id, c FROM sbtest4 WHERE id BETWEEN 3769618 AND 3769718
	Index Scan using sbtest4_pkey on sbtest4  (cost=0.43..434.73 rows=109 width=125)
	  Index Cond: ((id >= 3769618) AND (id <= 3769718))

table 5 : explain SELECT id, c FROM sbtest5 WHERE id BETWEEN 3769618 AND 3769718
	Index Scan using sbtest5_pkey on sbtest5  (cost=0.43..408.15 rows=102 width=125)
	  Index Cond: ((id >= 3769618) AND (id <= 3769718))

table 6 : explain SELECT id, c FROM sbtest6 WHERE id BETWEEN 3769618 AND 3769718
	Index Scan using sbtest6_pkey on sbtest6  (cost=0.43..427.16 rows=107 width=125)
	  Index Cond: ((id >= 3769618) AND (id <= 3769718))

table 7 : explain SELECT id, c FROM sbtest7 WHERE id BETWEEN 3769618 AND 3769718
	Index Scan using sbtest7_pkey on sbtest7  (cost=0.43..395.16 rows=99 width=125)
	  Index Cond: ((id >= 3769618) AND (id <= 3769718))

table 8 : explain SELECT id, c FROM sbtest8 WHERE id BETWEEN 3769618 AND 3769718
	Index Scan using sbtest8_pkey on sbtest8  (cost=0.43..449.96 rows=113 width=125)
	  Index Cond: ((id >= 3769618) AND (id <= 3769718))

explain: for range-notcovered :: explain SELECT id, c FROM sbtest%d WHERE id BETWEEN 3769618 AND 3769718
for range-notcovered
table 1 : explain SELECT id, c FROM sbtest1 WHERE id BETWEEN 5891486 AND 5891586
	Index Scan using sbtest1_pkey on sbtest1  (cost=0.43..435.85 rows=109 width=125)
	  Index Cond: ((id >= 5891486) AND (id <= 5891586))

table 2 : explain SELECT id, c FROM sbtest2 WHERE id BETWEEN 5891486 AND 5891586
	Index Scan using sbtest2_pkey on sbtest2  (cost=0.43..409.02 rows=102 width=125)
	  Index Cond: ((id >= 5891486) AND (id <= 5891586))

table 3 : explain SELECT id, c FROM sbtest3 WHERE id BETWEEN 5891486 AND 5891586
	Index Scan using sbtest3_pkey on sbtest3  (cost=0.43..404.37 rows=101 width=125)
	  Index Cond: ((id >= 5891486) AND (id <= 5891586))

table 4 : explain SELECT id, c FROM sbtest4 WHERE id BETWEEN 5891486 AND 5891586
	Index Scan using sbtest4_pkey on sbtest4  (cost=0.43..426.83 rows=107 width=125)
	  Index Cond: ((id >= 5891486) AND (id <= 5891586))

table 5 : explain SELECT id, c FROM sbtest5 WHERE id BETWEEN 5891486 AND 5891586
	Index Scan using sbtest5_pkey on sbtest5  (cost=0.43..439.80 rows=110 width=125)
	  Index Cond: ((id >= 5891486) AND (id <= 5891586))

table 6 : explain SELECT id, c FROM sbtest6 WHERE id BETWEEN 5891486 AND 5891586
	Index Scan using sbtest6_pkey on sbtest6  (cost=0.43..427.16 rows=107 width=125)
	  Index Cond: ((id >= 5891486) AND (id <= 5891586))

table 7 : explain SELECT id, c FROM sbtest7 WHERE id BETWEEN 5891486 AND 5891586
	Index Scan using sbtest7_pkey on sbtest7  (cost=0.43..418.85 rows=105 width=125)
	  Index Cond: ((id >= 5891486) AND (id <= 5891586))

table 8 : explain SELECT id, c FROM sbtest8 WHERE id BETWEEN 5891486 AND 5891586
	Index Scan using sbtest8_pkey on sbtest8  (cost=0.43..414.49 rows=104 width=125)
	  Index Cond: ((id >= 5891486) AND (id <= 5891586))

explain: for range-notcovered :: explain SELECT id, c FROM sbtest%d WHERE id BETWEEN 5891486 AND 5891586
for range-notcovered
table 1 : explain SELECT id, c FROM sbtest1 WHERE id BETWEEN 1022345 AND 1022445
	Index Scan using sbtest1_pkey on sbtest1  (cost=0.43..400.22 rows=100 width=125)
	  Index Cond: ((id >= 1022345) AND (id <= 1022445))

table 2 : explain SELECT id, c FROM sbtest2 WHERE id BETWEEN 1022345 AND 1022445
	Index Scan using sbtest2_pkey on sbtest2  (cost=0.43..405.05 rows=101 width=125)
	  Index Cond: ((id >= 1022345) AND (id <= 1022445))

table 3 : explain SELECT id, c FROM sbtest3 WHERE id BETWEEN 1022345 AND 1022445
	Index Scan using sbtest3_pkey on sbtest3  (cost=0.43..348.95 rows=87 width=125)
	  Index Cond: ((id >= 1022345) AND (id <= 1022445))

table 4 : explain SELECT id, c FROM sbtest4 WHERE id BETWEEN 1022345 AND 1022445
	Index Scan using sbtest4_pkey on sbtest4  (cost=0.43..418.94 rows=105 width=125)
	  Index Cond: ((id >= 1022345) AND (id <= 1022445))

table 5 : explain SELECT id, c FROM sbtest5 WHERE id BETWEEN 1022345 AND 1022445
	Index Scan using sbtest5_pkey on sbtest5  (cost=0.43..416.06 rows=104 width=125)
	  Index Cond: ((id >= 1022345) AND (id <= 1022445))

table 6 : explain SELECT id, c FROM sbtest6 WHERE id BETWEEN 1022345 AND 1022445
	Index Scan using sbtest6_pkey on sbtest6  (cost=0.43..431.11 rows=108 width=125)
	  Index Cond: ((id >= 1022345) AND (id <= 1022445))

table 7 : explain SELECT id, c FROM sbtest7 WHERE id BETWEEN 1022345 AND 1022445
	Index Scan using sbtest7_pkey on sbtest7  (cost=0.43..391.21 rows=98 width=125)
	  Index Cond: ((id >= 1022345) AND (id <= 1022445))

table 8 : explain SELECT id, c FROM sbtest8 WHERE id BETWEEN 1022345 AND 1022445
	Index Scan using sbtest8_pkey on sbtest8  (cost=0.43..449.96 rows=113 width=125)
	  Index Cond: ((id >= 1022345) AND (id <= 1022445))

explain: for range-notcovered :: explain SELECT id, c FROM sbtest%d WHERE id BETWEEN 1022345 AND 1022445
for range-notcovered
table 1 : explain SELECT id, c FROM sbtest1 WHERE id BETWEEN 5822952 AND 5823052
	Index Scan using sbtest1_pkey on sbtest1  (cost=0.43..435.85 rows=109 width=125)
	  Index Cond: ((id >= 5822952) AND (id <= 5823052))

table 2 : explain SELECT id, c FROM sbtest2 WHERE id BETWEEN 5822952 AND 5823052
	Index Scan using sbtest2_pkey on sbtest2  (cost=0.43..409.02 rows=102 width=125)
	  Index Cond: ((id >= 5822952) AND (id <= 5823052))

table 3 : explain SELECT id, c FROM sbtest3 WHERE id BETWEEN 5822952 AND 5823052
	Index Scan using sbtest3_pkey on sbtest3  (cost=0.43..404.37 rows=101 width=125)
	  Index Cond: ((id >= 5822952) AND (id <= 5823052))

table 4 : explain SELECT id, c FROM sbtest4 WHERE id BETWEEN 5822952 AND 5823052
	Index Scan using sbtest4_pkey on sbtest4  (cost=0.43..422.89 rows=106 width=125)
	  Index Cond: ((id >= 5822952) AND (id <= 5823052))

table 5 : explain SELECT id, c FROM sbtest5 WHERE id BETWEEN 5822952 AND 5823052
	Index Scan using sbtest5_pkey on sbtest5  (cost=0.43..439.80 rows=110 width=125)
	  Index Cond: ((id >= 5822952) AND (id <= 5823052))

table 6 : explain SELECT id, c FROM sbtest6 WHERE id BETWEEN 5822952 AND 5823052
	Index Scan using sbtest6_pkey on sbtest6  (cost=0.43..427.16 rows=107 width=125)
	  Index Cond: ((id >= 5822952) AND (id <= 5823052))

table 7 : explain SELECT id, c FROM sbtest7 WHERE id BETWEEN 5822952 AND 5823052
	Index Scan using sbtest7_pkey on sbtest7  (cost=0.43..383.32 rows=96 width=125)
	  Index Cond: ((id >= 5822952) AND (id <= 5823052))

table 8 : explain SELECT id, c FROM sbtest8 WHERE id BETWEEN 5822952 AND 5823052
	Index Scan using sbtest8_pkey on sbtest8  (cost=0.43..430.25 rows=108 width=125)
	  Index Cond: ((id >= 5822952) AND (id <= 5823052))

explain: for range-notcovered :: explain SELECT id, c FROM sbtest%d WHERE id BETWEEN 5822952 AND 5823052for range-notcovered
table 1 : explain SELECT id, c FROM sbtest1 WHERE id BETWEEN 3769618 AND 3769718
	Index Scan using sbtest1_pkey on sbtest1  (cost=0.43..364.61 rows=91 width=125)
	  Index Cond: ((id >= 3769618) AND (id <= 3769718))

table 2 : explain SELECT id, c FROM sbtest2 WHERE id BETWEEN 3769618 AND 3769718
	Index Scan using sbtest2_pkey on sbtest2  (cost=0.43..436.79 rows=109 width=125)
	  Index Cond: ((id >= 3769618) AND (id <= 3769718))

table 3 : explain SELECT id, c FROM sbtest3 WHERE id BETWEEN 3769618 AND 3769718
	Index Scan using sbtest3_pkey on sbtest3  (cost=0.43..388.54 rows=97 width=125)
	  Index Cond: ((id >= 3769618) AND (id <= 3769718))

table 4 : explain SELECT id, c FROM sbtest4 WHERE id BETWEEN 3769618 AND 3769718
	Index Scan using sbtest4_pkey on sbtest4  (cost=0.43..434.73 rows=109 width=125)
	  Index Cond: ((id >= 3769618) AND (id <= 3769718))

table 5 : explain SELECT id, c FROM sbtest5 WHERE id BETWEEN 3769618 AND 3769718
	Index Scan using sbtest5_pkey on sbtest5  (cost=0.43..408.15 rows=102 width=125)
	  Index Cond: ((id >= 3769618) AND (id <= 3769718))

table 6 : explain SELECT id, c FROM sbtest6 WHERE id BETWEEN 3769618 AND 3769718
	Index Scan using sbtest6_pkey on sbtest6  (cost=0.43..427.16 rows=107 width=125)
	  Index Cond: ((id >= 3769618) AND (id <= 3769718))

table 7 : explain SELECT id, c FROM sbtest7 WHERE id BETWEEN 3769618 AND 3769718
	Index Scan using sbtest7_pkey on sbtest7  (cost=0.43..395.16 rows=99 width=125)
	  Index Cond: ((id >= 3769618) AND (id <= 3769718))

table 8 : explain SELECT id, c FROM sbtest8 WHERE id BETWEEN 3769618 AND 3769718
	Index Scan using sbtest8_pkey on sbtest8  (cost=0.43..449.96 rows=113 width=125)
	  Index Cond: ((id >= 3769618) AND (id <= 3769718))


for range-notcovered
table 1 : explain SELECT id, c FROM sbtest1 WHERE id BETWEEN 5891486 AND 5891586
	Index Scan using sbtest1_pkey on sbtest1  (cost=0.43..435.85 rows=109 width=125)
	  Index Cond: ((id >= 5891486) AND (id <= 5891586))

table 2 : explain SELECT id, c FROM sbtest2 WHERE id BETWEEN 5891486 AND 5891586
	Index Scan using sbtest2_pkey on sbtest2  (cost=0.43..409.02 rows=102 width=125)
	  Index Cond: ((id >= 5891486) AND (id <= 5891586))

table 3 : explain SELECT id, c FROM sbtest3 WHERE id BETWEEN 5891486 AND 5891586
	Index Scan using sbtest3_pkey on sbtest3  (cost=0.43..404.37 rows=101 width=125)
	  Index Cond: ((id >= 5891486) AND (id <= 5891586))

table 4 : explain SELECT id, c FROM sbtest4 WHERE id BETWEEN 5891486 AND 5891586
	Index Scan using sbtest4_pkey on sbtest4  (cost=0.43..426.83 rows=107 width=125)
	  Index Cond: ((id >= 5891486) AND (id <= 5891586))

table 5 : explain SELECT id, c FROM sbtest5 WHERE id BETWEEN 5891486 AND 5891586
	Index Scan using sbtest5_pkey on sbtest5  (cost=0.43..439.80 rows=110 width=125)
	  Index Cond: ((id >= 5891486) AND (id <= 5891586))

table 6 : explain SELECT id, c FROM sbtest6 WHERE id BETWEEN 5891486 AND 5891586
	Index Scan using sbtest6_pkey on sbtest6  (cost=0.43..427.16 rows=107 width=125)
	  Index Cond: ((id >= 5891486) AND (id <= 5891586))

table 7 : explain SELECT id, c FROM sbtest7 WHERE id BETWEEN 5891486 AND 5891586
	Index Scan using sbtest7_pkey on sbtest7  (cost=0.43..418.85 rows=105 width=125)
	  Index Cond: ((id >= 5891486) AND (id <= 5891586))

table 8 : explain SELECT id, c FROM sbtest8 WHERE id BETWEEN 5891486 AND 5891586
	Index Scan using sbtest8_pkey on sbtest8  (cost=0.43..414.49 rows=104 width=125)
	  Index Cond: ((id >= 5891486) AND (id <= 5891586))

explain: for range-notcovered :: explain SELECT id, c FROM sbtest%d WHERE id BETWEEN 3769618 AND 3769718
explain: for range-notcovered :: explain SELECT id, c FROM sbtest%d WHERE id BETWEEN 5891486 AND 5891586
for range-notcovered
table 1 : explain SELECT id, c FROM sbtest1 WHERE id BETWEEN 1022345 AND 1022445
	Index Scan using sbtest1_pkey on sbtest1  (cost=0.43..400.22 rows=100 width=125)
	  Index Cond: ((id >= 1022345) AND (id <= 1022445))

table 2 : explain SELECT id, c FROM sbtest2 WHERE id BETWEEN 1022345 AND 1022445
	Index Scan using sbtest2_pkey on sbtest2  (cost=0.43..405.05 rows=101 width=125)
	  Index Cond: ((id >= 1022345) AND (id <= 1022445))

table 3 : explain SELECT id, c FROM sbtest3 WHERE id BETWEEN 1022345 AND 1022445
	Index Scan using sbtest3_pkey on sbtest3  (cost=0.43..348.95 rows=87 width=125)
	  Index Cond: ((id >= 1022345) AND (id <= 1022445))

table 4 : explain SELECT id, c FROM sbtest4 WHERE id BETWEEN 1022345 AND 1022445
	Index Scan using sbtest4_pkey on sbtest4  (cost=0.43..418.94 rows=105 width=125)
	  Index Cond: ((id >= 1022345) AND (id <= 1022445))

table 5 : explain SELECT id, c FROM sbtest5 WHERE id BETWEEN 1022345 AND 1022445
	Index Scan using sbtest5_pkey on sbtest5  (cost=0.43..416.06 rows=104 width=125)
	  Index Cond: ((id >= 1022345) AND (id <= 1022445))

table 6 : explain SELECT id, c FROM sbtest6 WHERE id BETWEEN 1022345 AND 1022445
	Index Scan using sbtest6_pkey on sbtest6  (cost=0.43..431.11 rows=108 width=125)
	  Index Cond: ((id >= 1022345) AND (id <= 1022445))

table 7 : explain SELECT id, c FROM sbtest7 WHERE id BETWEEN 1022345 AND 1022445
	Index Scan using sbtest7_pkey on sbtest7  (cost=0.43..391.21 rows=98 width=125)
	  Index Cond: ((id >= 1022345) AND (id <= 1022445))

table 8 : explain SELECT id, c FROM sbtest8 WHERE id BETWEEN 1022345 AND 1022445
	Index Scan using sbtest8_pkey on sbtest8  (cost=0.43..449.96 rows=113 width=125)
	  Index Cond: ((id >= 1022345) AND (id <= 1022445))

explain: for range-notcovered :: explain SELECT id, c FROM sbtest%d WHERE id BETWEEN 1022345 AND 1022445
for range-notcovered
table 1 : explain SELECT id, c FROM sbtest1 WHERE id BETWEEN 3769618 AND 3769718
	Index Scan using sbtest1_pkey on sbtest1  (cost=0.43..364.61 rows=91 width=125)
	  Index Cond: ((id >= 3769618) AND (id <= 3769718))

table 2 : explain SELECT id, c FROM sbtest2 WHERE id BETWEEN 3769618 AND 3769718
	Index Scan using sbtest2_pkey on sbtest2  (cost=0.43..436.79 rows=109 width=125)
	  Index Cond: ((id >= 3769618) AND (id <= 3769718))

table 3 : explain SELECT id, c FROM sbtest3 WHERE id BETWEEN 3769618 AND 3769718
	Index Scan using sbtest3_pkey on sbtest3  (cost=0.43..388.54 rows=97 width=125)
	  Index Cond: ((id >= 3769618) AND (id <= 3769718))

table 4 : explain SELECT id, c FROM sbtest4 WHERE id BETWEEN 3769618 AND 3769718
	Index Scan using sbtest4_pkey on sbtest4  (cost=0.43..434.73 rows=109 width=125)
	  Index Cond: ((id >= 3769618) AND (id <= 3769718))

table 5 : explain SELECT id, c FROM sbtest5 WHERE id BETWEEN 3769618 AND 3769718
	Index Scan using sbtest5_pkey on sbtest5  (cost=0.43..408.15 rows=102 width=125)
	  Index Cond: ((id >= 3769618) AND (id <= 3769718))

table 6 : explain SELECT id, c FROM sbtest6 WHERE id BETWEEN 3769618 AND 3769718
	Index Scan using sbtest6_pkey on sbtest6  (cost=0.43..427.16 rows=107 width=125)
	  Index Cond: ((id >= 3769618) AND (id <= 3769718))

table 7 : explain SELECT id, c FROM sbtest7 WHERE id BETWEEN 3769618 AND 3769718
	Index Scan using sbtest7_pkey on sbtest7  (cost=0.43..395.16 rows=99 width=125)
	  Index Cond: ((id >= 3769618) AND (id <= 3769718))

table 8 : explain SELECT id, c FROM sbtest8 WHERE id BETWEEN 3769618 AND 3769718
	Index Scan using sbtest8_pkey on sbtest8  (cost=0.43..449.96 rows=113 width=125)
	  Index Cond: ((id >= 3769618) AND (id <= 3769718))

explain: for range-notcovered :: explain SELECT id, c FROM sbtest%d WHERE id BETWEEN 3769618 AND 3769718
for range-notcovered
table 1 : explain SELECT id, c FROM sbtest1 WHERE id BETWEEN 1022345 AND 1022445
	Index Scan using sbtest1_pkey on sbtest1  (cost=0.43..400.22 rows=100 width=125)
	  Index Cond: ((id >= 1022345) AND (id <= 1022445))

table 2 : explain SELECT id, c FROM sbtest2 WHERE id BETWEEN 1022345 AND 1022445
	Index Scan using sbtest2_pkey on sbtest2  (cost=0.43..405.05 rows=101 width=125)
	  Index Cond: ((id >= 1022345) AND (id <= 1022445))

table 3 : explain SELECT id, c FROM sbtest3 WHERE id BETWEEN 1022345 AND 1022445
	Index Scan using sbtest3_pkey on sbtest3  (cost=0.43..348.95 rows=87 width=125)
	  Index Cond: ((id >= 1022345) AND (id <= 1022445))

table 4 : explain SELECT id, c FROM sbtest4 WHERE id BETWEEN 1022345 AND 1022445
	Index Scan using sbtest4_pkey on sbtest4  (cost=0.43..418.94 rows=105 width=125)
	  Index Cond: ((id >= 1022345) AND (id <= 1022445))

table 5 : explain SELECT id, c FROM sbtest5 WHERE id BETWEEN 1022345 AND 1022445
	Index Scan using sbtest5_pkey on sbtest5  (cost=0.43..416.06 rows=104 width=125)
	  Index Cond: ((id >= 1022345) AND (id <= 1022445))

table 6 : explain SELECT id, c FROM sbtest6 WHERE id BETWEEN 1022345 AND 1022445
	Index Scan using sbtest6_pkey on sbtest6  (cost=0.43..431.11 rows=108 width=125)
	  Index Cond: ((id >= 1022345) AND (id <= 1022445))

table 7 : explain SELECT id, c FROM sbtest7 WHERE id BETWEEN 1022345 AND 1022445
	Index Scan using sbtest7_pkey on sbtest7  (cost=0.43..391.21 rows=98 width=125)
	  Index Cond: ((id >= 1022345) AND (id <= 1022445))

table 8 : explain SELECT id, c FROM sbtest8 WHERE id BETWEEN 1022345 AND 1022445
	Index Scan using sbtest8_pkey on sbtest8  (cost=0.43..449.96 rows=113 width=125)
	  Index Cond: ((id >= 1022345) AND (id <= 1022445))

explain: for range-notcovered :: explain SELECT id, c FROM sbtest%d WHERE id BETWEEN 1022345 AND 1022445
for range-notcovered
table 1 : explain SELECT id, c FROM sbtest1 WHERE id BETWEEN 1022345 AND 1022445
	Index Scan using sbtest1_pkey on sbtest1  (cost=0.43..400.22 rows=100 width=125)
	  Index Cond: ((id >= 1022345) AND (id <= 1022445))

table 2 : explain SELECT id, c FROM sbtest2 WHERE id BETWEEN 1022345 AND 1022445
	Index Scan using sbtest2_pkey on sbtest2  (cost=0.43..405.05 rows=101 width=125)
	  Index Cond: ((id >= 1022345) AND (id <= 1022445))

table 3 : explain SELECT id, c FROM sbtest3 WHERE id BETWEEN 1022345 AND 1022445
	Index Scan using sbtest3_pkey on sbtest3  (cost=0.43..348.95 rows=87 width=125)
	  Index Cond: ((id >= 1022345) AND (id <= 1022445))

table 4 : explain SELECT id, c FROM sbtest4 WHERE id BETWEEN 1022345 AND 1022445
	Index Scan using sbtest4_pkey on sbtest4  (cost=0.43..418.94 rows=105 width=125)
	  Index Cond: ((id >= 1022345) AND (id <= 1022445))

table 5 : explain SELECT id, c FROM sbtest5 WHERE id BETWEEN 1022345 AND 1022445
	Index Scan using sbtest5_pkey on sbtest5  (cost=0.43..416.06 rows=104 width=125)
	  Index Cond: ((id >= 1022345) AND (id <= 1022445))

table 6 : explain SELECT id, c FROM sbtest6 WHERE id BETWEEN 1022345 AND 1022445
	Index Scan using sbtest6_pkey on sbtest6  (cost=0.43..431.11 rows=108 width=125)
	  Index Cond: ((id >= 1022345) AND (id <= 1022445))

table 7 : explain SELECT id, c FROM sbtest7 WHERE id BETWEEN 1022345 AND 1022445
	Index Scan using sbtest7_pkey on sbtest7  (cost=0.43..391.21 rows=98 width=125)
	  Index Cond: ((id >= 1022345) AND (id <= 1022445))

table 8 : explain SELECT id, c FROM sbtest8 WHERE id BETWEEN 1022345 AND 1022445
	Index Scan using sbtest8_pkey on sbtest8  (cost=0.43..449.96 rows=113 width=125)
	  Index Cond: ((id >= 1022345) AND (id <= 1022445))

explain: for range-notcovered :: explain SELECT id, c FROM sbtest%d WHERE id BETWEEN 1022345 AND 1022445
explain: for range-notcovered :: explain SELECT id, c FROM sbtest%d WHERE id BETWEEN 3054407 AND 3054507
explain: for range-notcovered :: explain SELECT id, c FROM sbtest%d WHERE id BETWEEN 2631563 AND 2631663
for range-notcovered
table 1 : explain SELECT id, c FROM sbtest1 WHERE id BETWEEN 1022345 AND 1022445
	Index Scan using sbtest1_pkey on sbtest1  (cost=0.43..400.22 rows=100 width=125)
	  Index Cond: ((id >= 1022345) AND (id <= 1022445))

table 2 : explain SELECT id, c FROM sbtest2 WHERE id BETWEEN 1022345 AND 1022445
	Index Scan using sbtest2_pkey on sbtest2  (cost=0.43..405.05 rows=101 width=125)
	  Index Cond: ((id >= 1022345) AND (id <= 1022445))

table 3 : explain SELECT id, c FROM sbtest3 WHERE id BETWEEN 1022345 AND 1022445
	Index Scan using sbtest3_pkey on sbtest3  (cost=0.43..348.95 rows=87 width=125)
	  Index Cond: ((id >= 1022345) AND (id <= 1022445))

table 4 : explain SELECT id, c FROM sbtest4 WHERE id BETWEEN 1022345 AND 1022445
	Index Scan using sbtest4_pkey on sbtest4  (cost=0.43..418.94 rows=105 width=125)
	  Index Cond: ((id >= 1022345) AND (id <= 1022445))

table 5 : explain SELECT id, c FROM sbtest5 WHERE id BETWEEN 1022345 AND 1022445
	Index Scan using sbtest5_pkey on sbtest5  (cost=0.43..416.06 rows=104 width=125)
	  Index Cond: ((id >= 1022345) AND (id <= 1022445))

table 6 : explain SELECT id, c FROM sbtest6 WHERE id BETWEEN 1022345 AND 1022445
	Index Scan using sbtest6_pkey on sbtest6  (cost=0.43..431.11 rows=108 width=125)
	  Index Cond: ((id >= 1022345) AND (id <= 1022445))

table 7 : explain SELECT id, c FROM sbtest7 WHERE id BETWEEN 1022345 AND 1022445
	Index Scan using sbtest7_pkey on sbtest7  (cost=0.43..391.21 rows=98 width=125)
	  Index Cond: ((id >= 1022345) AND (id <= 1022445))

table 8 : explain SELECT id, c FROM sbtest8 WHERE id BETWEEN 1022345 AND 1022445
	Index Scan using sbtest8_pkey on sbtest8  (cost=0.43..449.96 rows=113 width=125)
	  Index Cond: ((id >= 1022345) AND (id <= 1022445))

explain: for range-notcovered :: explain SELECT id, c FROM sbtest%d WHERE id BETWEEN 1022345 AND 1022445
for range-notcovered
table 1 : explain SELECT id, c FROM sbtest1 WHERE id BETWEEN 1022345 AND 1022445
	Index Scan using sbtest1_pkey on sbtest1  (cost=0.43..400.22 rows=100 width=125)
	  Index Cond: ((id >= 1022345) AND (id <= 1022445))

table 2 : explain SELECT id, c FROM sbtest2 WHERE id BETWEEN 1022345 AND 1022445
	Index Scan using sbtest2_pkey on sbtest2  (cost=0.43..405.05 rows=101 width=125)
	  Index Cond: ((id >= 1022345) AND (id <= 1022445))

table 3 : explain SELECT id, c FROM sbtest3 WHERE id BETWEEN 1022345 AND 1022445
	Index Scan using sbtest3_pkey on sbtest3  (cost=0.43..348.95 rows=87 width=125)
	  Index Cond: ((id >= 1022345) AND (id <= 1022445))

table 4 : explain SELECT id, c FROM sbtest4 WHERE id BETWEEN 1022345 AND 1022445
	Index Scan using sbtest4_pkey on sbtest4  (cost=0.43..418.94 rows=105 width=125)
	  Index Cond: ((id >= 1022345) AND (id <= 1022445))

table 5 : explain SELECT id, c FROM sbtest5 WHERE id BETWEEN 1022345 AND 1022445
	Index Scan using sbtest5_pkey on sbtest5  (cost=0.43..416.06 rows=104 width=125)
	  Index Cond: ((id >= 1022345) AND (id <= 1022445))

table 6 : explain SELECT id, c FROM sbtest6 WHERE id BETWEEN 1022345 AND 1022445
	Index Scan using sbtest6_pkey on sbtest6  (cost=0.43..431.11 rows=108 width=125)
	  Index Cond: ((id >= 1022345) AND (id <= 1022445))

table 7 : explain SELECT id, c FROM sbtest7 WHERE id BETWEEN 1022345 AND 1022445
	Index Scan using sbtest7_pkey on sbtest7  (cost=0.43..391.21 rows=98 width=125)
	  Index Cond: ((id >= 1022345) AND (id <= 1022445))

table 8 : explain SELECT id, c FROM sbtest8 WHERE id BETWEEN 1022345 AND 1022445
	Index Scan using sbtest8_pkey on sbtest8  (cost=0.43..449.96 rows=113 width=125)
	  Index Cond: ((id >= 1022345) AND (id <= 1022445))

explain: for range-notcovered :: explain SELECT id, c FROM sbtest%d WHERE id BETWEEN 1022345 AND 1022445
for range-notcovered
table 1 : explain SELECT id, c FROM sbtest1 WHERE id BETWEEN 1022345 AND 1022445
	Index Scan using sbtest1_pkey on sbtest1  (cost=0.43..400.22 rows=100 width=125)
	  Index Cond: ((id >= 1022345) AND (id <= 1022445))

table 2 : explain SELECT id, c FROM sbtest2 WHERE id BETWEEN 1022345 AND 1022445
	Index Scan using sbtest2_pkey on sbtest2  (cost=0.43..405.05 rows=101 width=125)
	  Index Cond: ((id >= 1022345) AND (id <= 1022445))

table 3 : explain SELECT id, c FROM sbtest3 WHERE id BETWEEN 1022345 AND 1022445
	Index Scan using sbtest3_pkey on sbtest3  (cost=0.43..348.95 rows=87 width=125)
	  Index Cond: ((id >= 1022345) AND (id <= 1022445))

table 4 : explain SELECT id, c FROM sbtest4 WHERE id BETWEEN 1022345 AND 1022445
	Index Scan using sbtest4_pkey on sbtest4  (cost=0.43..418.94 rows=105 width=125)
	  Index Cond: ((id >= 1022345) AND (id <= 1022445))

table 5 : explain SELECT id, c FROM sbtest5 WHERE id BETWEEN 1022345 AND 1022445
	Index Scan using sbtest5_pkey on sbtest5  (cost=0.43..416.06 rows=104 width=125)
	  Index Cond: ((id >= 1022345) AND (id <= 1022445))

table 6 : explain SELECT id, c FROM sbtest6 WHERE id BETWEEN 1022345 AND 1022445
	Index Scan using sbtest6_pkey on sbtest6  (cost=0.43..431.11 rows=108 width=125)
	  Index Cond: ((id >= 1022345) AND (id <= 1022445))

table 7 : explain SELECT id, c FROM sbtest7 WHERE id BETWEEN 1022345 AND 1022445
	Index Scan using sbtest7_pkey on sbtest7  (cost=0.43..391.21 rows=98 width=125)
	  Index Cond: ((id >= 1022345) AND (id <= 1022445))

table 8 : explain SELECT id, c FROM sbtest8 WHERE id BETWEEN 1022345 AND 1022445
	Index Scan using sbtest8_pkey on sbtest8  (cost=0.43..449.96 rows=113 width=125)
	  Index Cond: ((id >= 1022345) AND (id <= 1022445))

explain: for range-notcovered :: explain SELECT id, c FROM sbtest%d WHERE id BETWEEN 1022345 AND 1022445
explain: for range-notcovered :: explain SELECT id, c FROM sbtest%d WHERE id BETWEEN 7048714 AND 7048814
explain: for range-notcovered :: explain SELECT id, c FROM sbtest%d WHERE id BETWEEN 8679904 AND 8680004
for range-notcovered
table 1 : explain SELECT id, c FROM sbtest1 WHERE id BETWEEN 5822952 AND 5823052
	Index Scan using sbtest1_pkey on sbtest1  (cost=0.43..435.85 rows=109 width=125)
	  Index Cond: ((id >= 5822952) AND (id <= 5823052))

table 2 : explain SELECT id, c FROM sbtest2 WHERE id BETWEEN 5822952 AND 5823052
	Index Scan using sbtest2_pkey on sbtest2  (cost=0.43..409.02 rows=102 width=125)
	  Index Cond: ((id >= 5822952) AND (id <= 5823052))

table 3 : explain SELECT id, c FROM sbtest3 WHERE id BETWEEN 5822952 AND 5823052
	Index Scan using sbtest3_pkey on sbtest3  (cost=0.43..404.37 rows=101 width=125)
	  Index Cond: ((id >= 5822952) AND (id <= 5823052))

table 4 : explain SELECT id, c FROM sbtest4 WHERE id BETWEEN 5822952 AND 5823052
	Index Scan using sbtest4_pkey on sbtest4  (cost=0.43..422.89 rows=106 width=125)
	  Index Cond: ((id >= 5822952) AND (id <= 5823052))

table 5 : explain SELECT id, c FROM sbtest5 WHERE id BETWEEN 5822952 AND 5823052
	Index Scan using sbtest5_pkey on sbtest5  (cost=0.43..439.80 rows=110 width=125)
	  Index Cond: ((id >= 5822952) AND (id <= 5823052))

table 6 : explain SELECT id, c FROM sbtest6 WHERE id BETWEEN 5822952 AND 5823052
	Index Scan using sbtest6_pkey on sbtest6  (cost=0.43..427.16 rows=107 width=125)
	  Index Cond: ((id >= 5822952) AND (id <= 5823052))

table 7 : explain SELECT id, c FROM sbtest7 WHERE id BETWEEN 5822952 AND 5823052
	Index Scan using sbtest7_pkey on sbtest7  (cost=0.43..383.32 rows=96 width=125)
	  Index Cond: ((id >= 5822952) AND (id <= 5823052))

table 8 : explain SELECT id, c FROM sbtest8 WHERE id BETWEEN 5822952 AND 5823052
	Index Scan using sbtest8_pkey on sbtest8  (cost=0.43..430.25 rows=108 width=125)
	  Index Cond: ((id >= 5822952) AND (id <= 5823052))

for range-notcovered
table 1 : explain SELECT id, c FROM sbtest1 WHERE id BETWEEN 3054407 AND 3054507
	Index Scan using sbtest1_pkey on sbtest1  (cost=0.43..356.70 rows=89 width=125)
	  Index Cond: ((id >= 3054407) AND (id <= 3054507))

table 2 : explain SELECT id, c FROM sbtest2 WHERE id BETWEEN 3054407 AND 3054507
	Index Scan using sbtest2_pkey on sbtest2  (cost=0.43..428.86 rows=107 width=125)
	  Index Cond: ((id >= 3054407) AND (id <= 3054507))

table 3 : explain SELECT id, c FROM sbtest3 WHERE id BETWEEN 3054407 AND 3054507
	Index Scan using sbtest3_pkey on sbtest3  (cost=0.43..400.41 rows=100 width=125)
	  Index Cond: ((id >= 3054407) AND (id <= 3054507))

table 4 : explain SELECT id, c FROM sbtest4 WHERE id BETWEEN 3054407 AND 3054507
	Index Scan using sbtest4_pkey on sbtest4  (cost=0.43..422.89 rows=106 width=125)
	  Index Cond: ((id >= 3054407) AND (id <= 3054507))

table 5 : explain SELECT id, c FROM sbtest5 WHERE id BETWEEN 3054407 AND 3054507
	Index Scan using sbtest5_pkey on sbtest5  (cost=0.43..400.22 rows=100 width=125)
	  Index Cond: ((id >= 3054407) AND (id <= 3054507))

table 6 : explain SELECT id, c FROM sbtest6 WHERE id BETWEEN 3054407 AND 3054507
	Index Scan using sbtest6_pkey on sbtest6  (cost=0.43..415.31 rows=104 width=125)
	  Index Cond: ((id >= 3054407) AND (id <= 3054507))

table 7 : explain SELECT id, c FROM sbtest7 WHERE id BETWEEN 3054407 AND 3054507
	Index Scan using sbtest7_pkey on sbtest7  (cost=0.43..387.27 rows=97 width=125)
	  Index Cond: ((id >= 3054407) AND (id <= 3054507))

table 8 : explain SELECT id, c FROM sbtest8 WHERE id BETWEEN 3054407 AND 3054507
	Index Scan using sbtest8_pkey on sbtest8  (cost=0.43..438.14 rows=110 width=125)
	  Index Cond: ((id >= 3054407) AND (id <= 3054507))

explain: for range-notcovered :: explain SELECT id, c FROM sbtest%d WHERE id BETWEEN 5822952 AND 5823052
explain: for range-notcovered :: explain SELECT id, c FROM sbtest%d WHERE id BETWEEN 3054407 AND 3054507
for range-notcovered
table 1 : explain SELECT id, c FROM sbtest1 WHERE id BETWEEN 2631563 AND 2631663
	Index Scan using sbtest1_pkey on sbtest1  (cost=0.43..408.15 rows=102 width=125)
	  Index Cond: ((id >= 2631563) AND (id <= 2631663))

table 2 : explain SELECT id, c FROM sbtest2 WHERE id BETWEEN 2631563 AND 2631663
	Index Scan using sbtest2_pkey on sbtest2  (cost=0.43..385.22 rows=96 width=125)
	  Index Cond: ((id >= 2631563) AND (id <= 2631663))

table 3 : explain SELECT id, c FROM sbtest3 WHERE id BETWEEN 2631563 AND 2631663
	Index Scan using sbtest3_pkey on sbtest3  (cost=0.43..416.26 rows=104 width=125)
	  Index Cond: ((id >= 2631563) AND (id <= 2631663))

table 4 : explain SELECT id, c FROM sbtest4 WHERE id BETWEEN 2631563 AND 2631663
	Index Scan using sbtest4_pkey on sbtest4  (cost=0.43..403.14 rows=101 width=125)
	  Index Cond: ((id >= 2631563) AND (id <= 2631663))

table 5 : explain SELECT id, c FROM sbtest5 WHERE id BETWEEN 2631563 AND 2631663
	Index Scan using sbtest5_pkey on sbtest5  (cost=0.43..388.35 rows=97 width=125)
	  Index Cond: ((id >= 2631563) AND (id <= 2631663))

table 6 : explain SELECT id, c FROM sbtest6 WHERE id BETWEEN 2631563 AND 2631663
	Index Scan using sbtest6_pkey on sbtest6  (cost=0.43..379.75 rows=95 width=125)
	  Index Cond: ((id >= 2631563) AND (id <= 2631663))

table 7 : explain SELECT id, c FROM sbtest7 WHERE id BETWEEN 2631563 AND 2631663
	Index Scan using sbtest7_pkey on sbtest7  (cost=0.43..422.80 rows=106 width=125)
	  Index Cond: ((id >= 2631563) AND (id <= 2631663))

table 8 : explain SELECT id, c FROM sbtest8 WHERE id BETWEEN 2631563 AND 2631663
	Index Scan using sbtest8_pkey on sbtest8  (cost=0.43..394.78 rows=99 width=125)
	  Index Cond: ((id >= 2631563) AND (id <= 2631663))

for range-notcovered
table 1 : explain SELECT id, c FROM sbtest1 WHERE id BETWEEN 5891486 AND 5891586
	Index Scan using sbtest1_pkey on sbtest1  (cost=0.43..435.85 rows=109 width=125)
	  Index Cond: ((id >= 5891486) AND (id <= 5891586))

table 2 : explain SELECT id, c FROM sbtest2 WHERE id BETWEEN 5891486 AND 5891586
	Index Scan using sbtest2_pkey on sbtest2  (cost=0.43..409.02 rows=102 width=125)
	  Index Cond: ((id >= 5891486) AND (id <= 5891586))

table 3 : explain SELECT id, c FROM sbtest3 WHERE id BETWEEN 5891486 AND 5891586
	Index Scan using sbtest3_pkey on sbtest3  (cost=0.43..404.37 rows=101 width=125)
	  Index Cond: ((id >= 5891486) AND (id <= 5891586))

table 4 : explain SELECT id, c FROM sbtest4 WHERE id BETWEEN 5891486 AND 5891586
	Index Scan using sbtest4_pkey on sbtest4  (cost=0.43..426.83 rows=107 width=125)
	  Index Cond: ((id >= 5891486) AND (id <= 5891586))

table 5 : explain SELECT id, c FROM sbtest5 WHERE id BETWEEN 5891486 AND 5891586
	Index Scan using sbtest5_pkey on sbtest5  (cost=0.43..439.80 rows=110 width=125)
	  Index Cond: ((id >= 5891486) AND (id <= 5891586))

table 6 : explain SELECT id, c FROM sbtest6 WHERE id BETWEEN 5891486 AND 5891586
	Index Scan using sbtest6_pkey on sbtest6  (cost=0.43..427.16 rows=107 width=125)
	  Index Cond: ((id >= 5891486) AND (id <= 5891586))

table 7 : explain SELECT id, c FROM sbtest7 WHERE id BETWEEN 5891486 AND 5891586
	Index Scan using sbtest7_pkey on sbtest7  (cost=0.43..418.85 rows=105 width=125)
	  Index Cond: ((id >= 5891486) AND (id <= 5891586))

table 8 : explain SELECT id, c FROM sbtest8 WHERE id BETWEEN 5891486 AND 5891586
	Index Scan using sbtest8_pkey on sbtest8  (cost=0.43..414.49 rows=104 width=125)
	  Index Cond: ((id >= 5891486) AND (id <= 5891586))

explain: for range-notcovered :: explain SELECT id, c FROM sbtest%d WHERE id BETWEEN 2631563 AND 2631663
for range-notcovered
table 1 : explain SELECT id, c FROM sbtest1 WHERE id BETWEEN 5822952 AND 5823052
	Index Scan using sbtest1_pkey on sbtest1  (cost=0.43..435.85 rows=109 width=125)
	  Index Cond: ((id >= 5822952) AND (id <= 5823052))

table 2 : explain SELECT id, c FROM sbtest2 WHERE id BETWEEN 5822952 AND 5823052
	Index Scan using sbtest2_pkey on sbtest2  (cost=0.43..409.02 rows=102 width=125)
	  Index Cond: ((id >= 5822952) AND (id <= 5823052))

table 3 : explain SELECT id, c FROM sbtest3 WHERE id BETWEEN 5822952 AND 5823052
	Index Scan using sbtest3_pkey on sbtest3  (cost=0.43..404.37 rows=101 width=125)
	  Index Cond: ((id >= 5822952) AND (id <= 5823052))

table 4 : explain SELECT id, c FROM sbtest4 WHERE id BETWEEN 5822952 AND 5823052
	Index Scan using sbtest4_pkey on sbtest4  (cost=0.43..422.89 rows=106 width=125)
	  Index Cond: ((id >= 5822952) AND (id <= 5823052))

table 5 : explain SELECT id, c FROM sbtest5 WHERE id BETWEEN 5822952 AND 5823052
	Index Scan using sbtest5_pkey on sbtest5  (cost=0.43..439.80 rows=110 width=125)
	  Index Cond: ((id >= 5822952) AND (id <= 5823052))

table 6 : explain SELECT id, c FROM sbtest6 WHERE id BETWEEN 5822952 AND 5823052
	Index Scan using sbtest6_pkey on sbtest6  (cost=0.43..427.16 rows=107 width=125)
	  Index Cond: ((id >= 5822952) AND (id <= 5823052))

table 7 : explain SELECT id, c FROM sbtest7 WHERE id BETWEEN 5822952 AND 5823052
	Index Scan using sbtest7_pkey on sbtest7  (cost=0.43..383.32 rows=96 width=125)
	  Index Cond: ((id >= 5822952) AND (id <= 5823052))

table 8 : explain SELECT id, c FROM sbtest8 WHERE id BETWEEN 5822952 AND 5823052
	Index Scan using sbtest8_pkey on sbtest8  (cost=0.43..430.25 rows=108 width=125)
	  Index Cond: ((id >= 5822952) AND (id <= 5823052))

explain: for range-notcovered :: explain SELECT id, c FROM sbtest%d WHERE id BETWEEN 5822952 AND 5823052
for range-notcovered
table 1 : explain SELECT id, c FROM sbtest1 WHERE id BETWEEN 2631563 AND 2631663
	Index Scan using sbtest1_pkey on sbtest1  (cost=0.43..408.15 rows=102 width=125)
	  Index Cond: ((id >= 2631563) AND (id <= 2631663))

table 2 : explain SELECT id, c FROM sbtest2 WHERE id BETWEEN 2631563 AND 2631663
	Index Scan using sbtest2_pkey on sbtest2  (cost=0.43..385.22 rows=96 width=125)
	  Index Cond: ((id >= 2631563) AND (id <= 2631663))

table 3 : explain SELECT id, c FROM sbtest3 WHERE id BETWEEN 2631563 AND 2631663
	Index Scan using sbtest3_pkey on sbtest3  (cost=0.43..416.26 rows=104 width=125)
	  Index Cond: ((id >= 2631563) AND (id <= 2631663))

table 4 : explain SELECT id, c FROM sbtest4 WHERE id BETWEEN 2631563 AND 2631663
	Index Scan using sbtest4_pkey on sbtest4  (cost=0.43..403.14 rows=101 width=125)
	  Index Cond: ((id >= 2631563) AND (id <= 2631663))

table 5 : explain SELECT id, c FROM sbtest5 WHERE id BETWEEN 2631563 AND 2631663
	Index Scan using sbtest5_pkey on sbtest5  (cost=0.43..388.35 rows=97 width=125)
	  Index Cond: ((id >= 2631563) AND (id <= 2631663))

table 6 : explain SELECT id, c FROM sbtest6 WHERE id BETWEEN 2631563 AND 2631663
	Index Scan using sbtest6_pkey on sbtest6  (cost=0.43..379.75 rows=95 width=125)
	  Index Cond: ((id >= 2631563) AND (id <= 2631663))

table 7 : explain SELECT id, c FROM sbtest7 WHERE id BETWEEN 2631563 AND 2631663
	Index Scan using sbtest7_pkey on sbtest7  (cost=0.43..422.80 rows=106 width=125)
	  Index Cond: ((id >= 2631563) AND (id <= 2631663))

table 8 : explain SELECT id, c FROM sbtest8 WHERE id BETWEEN 2631563 AND 2631663
	Index Scan using sbtest8_pkey on sbtest8  (cost=0.43..394.78 rows=99 width=125)
	  Index Cond: ((id >= 2631563) AND (id <= 2631663))

explain: for range-notcovered :: explain SELECT id, c FROM sbtest%d WHERE id BETWEEN 2631563 AND 2631663
for range-notcovered
table 1 : explain SELECT id, c FROM sbtest1 WHERE id BETWEEN 1022345 AND 1022445
	Index Scan using sbtest1_pkey on sbtest1  (cost=0.43..400.22 rows=100 width=125)
	  Index Cond: ((id >= 1022345) AND (id <= 1022445))

table 2 : explain SELECT id, c FROM sbtest2 WHERE id BETWEEN 1022345 AND 1022445
	Index Scan using sbtest2_pkey on sbtest2  (cost=0.43..405.05 rows=101 width=125)
	  Index Cond: ((id >= 1022345) AND (id <= 1022445))

table 3 : explain SELECT id, c FROM sbtest3 WHERE id BETWEEN 1022345 AND 1022445
	Index Scan using sbtest3_pkey on sbtest3  (cost=0.43..348.95 rows=87 width=125)
	  Index Cond: ((id >= 1022345) AND (id <= 1022445))

table 4 : explain SELECT id, c FROM sbtest4 WHERE id BETWEEN 1022345 AND 1022445
	Index Scan using sbtest4_pkey on sbtest4  (cost=0.43..418.94 rows=105 width=125)
	  Index Cond: ((id >= 1022345) AND (id <= 1022445))

table 5 : explain SELECT id, c FROM sbtest5 WHERE id BETWEEN 1022345 AND 1022445
	Index Scan using sbtest5_pkey on sbtest5  (cost=0.43..416.06 rows=104 width=125)
	  Index Cond: ((id >= 1022345) AND (id <= 1022445))

table 6 : explain SELECT id, c FROM sbtest6 WHERE id BETWEEN 1022345 AND 1022445
	Index Scan using sbtest6_pkey on sbtest6  (cost=0.43..431.11 rows=108 width=125)
	  Index Cond: ((id >= 1022345) AND (id <= 1022445))

table 7 : explain SELECT id, c FROM sbtest7 WHERE id BETWEEN 1022345 AND 1022445
	Index Scan using sbtest7_pkey on sbtest7  (cost=0.43..391.21 rows=98 width=125)
	  Index Cond: ((id >= 1022345) AND (id <= 1022445))

table 8 : explain SELECT id, c FROM sbtest8 WHERE id BETWEEN 1022345 AND 1022445
	Index Scan using sbtest8_pkey on sbtest8  (cost=0.43..449.96 rows=113 width=125)
	  Index Cond: ((id >= 1022345) AND (id <= 1022445))

for range-notcovered
table 1 : explain SELECT id, c FROM sbtest1 WHERE id BETWEEN 5822952 AND 5823052
	Index Scan using sbtest1_pkey on sbtest1  (cost=0.43..435.85 rows=109 width=125)
	  Index Cond: ((id >= 5822952) AND (id <= 5823052))

table 2 : explain SELECT id, c FROM sbtest2 WHERE id BETWEEN 5822952 AND 5823052
	Index Scan using sbtest2_pkey on sbtest2  (cost=0.43..409.02 rows=102 width=125)
	  Index Cond: ((id >= 5822952) AND (id <= 5823052))

table 3 : explain SELECT id, c FROM sbtest3 WHERE id BETWEEN 5822952 AND 5823052
	Index Scan using sbtest3_pkey on sbtest3  (cost=0.43..404.37 rows=101 width=125)
	  Index Cond: ((id >= 5822952) AND (id <= 5823052))

table 4 : explain SELECT id, c FROM sbtest4 WHERE id BETWEEN 5822952 AND 5823052
	Index Scan using sbtest4_pkey on sbtest4  (cost=0.43..422.89 rows=106 width=125)
	  Index Cond: ((id >= 5822952) AND (id <= 5823052))

table 5 : explain SELECT id, c FROM sbtest5 WHERE id BETWEEN 5822952 AND 5823052
	Index Scan using sbtest5_pkey on sbtest5  (cost=0.43..439.80 rows=110 width=125)
	  Index Cond: ((id >= 5822952) AND (id <= 5823052))

table 6 : explain SELECT id, c FROM sbtest6 WHERE id BETWEEN 5822952 AND 5823052
	Index Scan using sbtest6_pkey on sbtest6  (cost=0.43..427.16 rows=107 width=125)
	  Index Cond: ((id >= 5822952) AND (id <= 5823052))

table 7 : explain SELECT id, c FROM sbtest7 WHERE id BETWEEN 5822952 AND 5823052
	Index Scan using sbtest7_pkey on sbtest7  (cost=0.43..383.32 rows=96 width=125)
	  Index Cond: ((id >= 5822952) AND (id <= 5823052))

table 8 : explain SELECT id, c FROM sbtest8 WHERE id BETWEEN 5822952 AND 5823052
	Index Scan using sbtest8_pkey on sbtest8  (cost=0.43..430.25 rows=108 width=125)
	  Index Cond: ((id >= 5822952) AND (id <= 5823052))

explain: for range-notcovered :: explain SELECT id, c FROM sbtest%d WHERE id BETWEEN 5822952 AND 5823052
for range-notcovered
table 1 : explain SELECT id, c FROM sbtest1 WHERE id BETWEEN 2631563 AND 2631663
	Index Scan using sbtest1_pkey on sbtest1  (cost=0.43..408.15 rows=102 width=125)
	  Index Cond: ((id >= 2631563) AND (id <= 2631663))

table 2 : explain SELECT id, c FROM sbtest2 WHERE id BETWEEN 2631563 AND 2631663
	Index Scan using sbtest2_pkey on sbtest2  (cost=0.43..385.22 rows=96 width=125)
	  Index Cond: ((id >= 2631563) AND (id <= 2631663))

table 3 : explain SELECT id, c FROM sbtest3 WHERE id BETWEEN 2631563 AND 2631663
	Index Scan using sbtest3_pkey on sbtest3  (cost=0.43..416.26 rows=104 width=125)
	  Index Cond: ((id >= 2631563) AND (id <= 2631663))

table 4 : explain SELECT id, c FROM sbtest4 WHERE id BETWEEN 2631563 AND 2631663
	Index Scan using sbtest4_pkey on sbtest4  (cost=0.43..403.14 rows=101 width=125)
	  Index Cond: ((id >= 2631563) AND (id <= 2631663))

table 5 : explain SELECT id, c FROM sbtest5 WHERE id BETWEEN 2631563 AND 2631663
	Index Scan using sbtest5_pkey on sbtest5  (cost=0.43..388.35 rows=97 width=125)
	  Index Cond: ((id >= 2631563) AND (id <= 2631663))

table 6 : explain SELECT id, c FROM sbtest6 WHERE id BETWEEN 2631563 AND 2631663
	Index Scan using sbtest6_pkey on sbtest6  (cost=0.43..379.75 rows=95 width=125)
	  Index Cond: ((id >= 2631563) AND (id <= 2631663))

table 7 : explain SELECT id, c FROM sbtest7 WHERE id BETWEEN 2631563 AND 2631663
	Index Scan using sbtest7_pkey on sbtest7  (cost=0.43..422.80 rows=106 width=125)
	  Index Cond: ((id >= 2631563) AND (id <= 2631663))

table 8 : explain SELECT id, c FROM sbtest8 WHERE id BETWEEN 2631563 AND 2631663
	Index Scan using sbtest8_pkey on sbtest8  (cost=0.43..394.78 rows=99 width=125)
	  Index Cond: ((id >= 2631563) AND (id <= 2631663))

explain: for range-notcovered :: explain SELECT id, c FROM sbtest%d WHERE id BETWEEN 2631563 AND 2631663
for range-notcovered
table 1 : explain SELECT id, c FROM sbtest1 WHERE id BETWEEN 5822952 AND 5823052
	Index Scan using sbtest1_pkey on sbtest1  (cost=0.43..435.85 rows=109 width=125)
	  Index Cond: ((id >= 5822952) AND (id <= 5823052))

table 2 : explain SELECT id, c FROM sbtest2 WHERE id BETWEEN 5822952 AND 5823052
	Index Scan using sbtest2_pkey on sbtest2  (cost=0.43..409.02 rows=102 width=125)
	  Index Cond: ((id >= 5822952) AND (id <= 5823052))

table 3 : explain SELECT id, c FROM sbtest3 WHERE id BETWEEN 5822952 AND 5823052
	Index Scan using sbtest3_pkey on sbtest3  (cost=0.43..404.37 rows=101 width=125)
	  Index Cond: ((id >= 5822952) AND (id <= 5823052))

table 4 : explain SELECT id, c FROM sbtest4 WHERE id BETWEEN 5822952 AND 5823052
	Index Scan using sbtest4_pkey on sbtest4  (cost=0.43..422.89 rows=106 width=125)
	  Index Cond: ((id >= 5822952) AND (id <= 5823052))

table 5 : explain SELECT id, c FROM sbtest5 WHERE id BETWEEN 5822952 AND 5823052
	Index Scan using sbtest5_pkey on sbtest5  (cost=0.43..439.80 rows=110 width=125)
	  Index Cond: ((id >= 5822952) AND (id <= 5823052))

table 6 : explain SELECT id, c FROM sbtest6 WHERE id BETWEEN 5822952 AND 5823052
	Index Scan using sbtest6_pkey on sbtest6  (cost=0.43..427.16 rows=107 width=125)
	  Index Cond: ((id >= 5822952) AND (id <= 5823052))

table 7 : explain SELECT id, c FROM sbtest7 WHERE id BETWEEN 5822952 AND 5823052
	Index Scan using sbtest7_pkey on sbtest7  (cost=0.43..383.32 rows=96 width=125)
	  Index Cond: ((id >= 5822952) AND (id <= 5823052))

table 8 : explain SELECT id, c FROM sbtest8 WHERE id BETWEEN 5822952 AND 5823052
	Index Scan using sbtest8_pkey on sbtest8  (cost=0.43..430.25 rows=108 width=125)
	  Index Cond: ((id >= 5822952) AND (id <= 5823052))

explain: for range-notcovered :: explain SELECT id, c FROM sbtest%d WHERE id BETWEEN 5822952 AND 5823052
for range-notcovered
table 1 : explain SELECT id, c FROM sbtest1 WHERE id BETWEEN 3054407 AND 3054507
	Index Scan using sbtest1_pkey on sbtest1  (cost=0.43..356.70 rows=89 width=125)
	  Index Cond: ((id >= 3054407) AND (id <= 3054507))

table 2 : explain SELECT id, c FROM sbtest2 WHERE id BETWEEN 3054407 AND 3054507
	Index Scan using sbtest2_pkey on sbtest2  (cost=0.43..428.86 rows=107 width=125)
	  Index Cond: ((id >= 3054407) AND (id <= 3054507))

table 3 : explain SELECT id, c FROM sbtest3 WHERE id BETWEEN 3054407 AND 3054507
	Index Scan using sbtest3_pkey on sbtest3  (cost=0.43..400.41 rows=100 width=125)
	  Index Cond: ((id >= 3054407) AND (id <= 3054507))

table 4 : explain SELECT id, c FROM sbtest4 WHERE id BETWEEN 3054407 AND 3054507
	Index Scan using sbtest4_pkey on sbtest4  (cost=0.43..422.89 rows=106 width=125)
	  Index Cond: ((id >= 3054407) AND (id <= 3054507))

table 5 : explain SELECT id, c FROM sbtest5 WHERE id BETWEEN 3054407 AND 3054507
	Index Scan using sbtest5_pkey on sbtest5  (cost=0.43..400.22 rows=100 width=125)
	  Index Cond: ((id >= 3054407) AND (id <= 3054507))

table 6 : explain SELECT id, c FROM sbtest6 WHERE id BETWEEN 3054407 AND 3054507
	Index Scan using sbtest6_pkey on sbtest6  (cost=0.43..415.31 rows=104 width=125)
	  Index Cond: ((id >= 3054407) AND (id <= 3054507))

table 7 : explain SELECT id, c FROM sbtest7 WHERE id BETWEEN 3054407 AND 3054507
	Index Scan using sbtest7_pkey on sbtest7  (cost=0.43..387.27 rows=97 width=125)
	  Index Cond: ((id >= 3054407) AND (id <= 3054507))

table 8 : explain SELECT id, c FROM sbtest8 WHERE id BETWEEN 3054407 AND 3054507
	Index Scan using sbtest8_pkey on sbtest8  (cost=0.43..438.14 rows=110 width=125)
	  Index Cond: ((id >= 3054407) AND (id <= 3054507))

explain: for range-notcovered :: explain SELECT id, c FROM sbtest%d WHERE id BETWEEN 6824075 AND 6824175
explain: for range-notcovered :: explain SELECT id, c FROM sbtest%d WHERE id BETWEEN 3054407 AND 3054507
explain: for range-notcovered :: explain SELECT id, c FROM sbtest%d WHERE id BETWEEN 5189161 AND 5189261
for range-notcovered
table 1 : explain SELECT id, c FROM sbtest1 WHERE id BETWEEN 2631563 AND 2631663
	Index Scan using sbtest1_pkey on sbtest1  (cost=0.43..408.15 rows=102 width=125)
	  Index Cond: ((id >= 2631563) AND (id <= 2631663))

table 2 : explain SELECT id, c FROM sbtest2 WHERE id BETWEEN 2631563 AND 2631663
	Index Scan using sbtest2_pkey on sbtest2  (cost=0.43..385.22 rows=96 width=125)
	  Index Cond: ((id >= 2631563) AND (id <= 2631663))

table 3 : explain SELECT id, c FROM sbtest3 WHERE id BETWEEN 2631563 AND 2631663
	Index Scan using sbtest3_pkey on sbtest3  (cost=0.43..416.26 rows=104 width=125)
	  Index Cond: ((id >= 2631563) AND (id <= 2631663))

table 4 : explain SELECT id, c FROM sbtest4 WHERE id BETWEEN 2631563 AND 2631663
	Index Scan using sbtest4_pkey on sbtest4  (cost=0.43..403.14 rows=101 width=125)
	  Index Cond: ((id >= 2631563) AND (id <= 2631663))

table 5 : explain SELECT id, c FROM sbtest5 WHERE id BETWEEN 2631563 AND 2631663
	Index Scan using sbtest5_pkey on sbtest5  (cost=0.43..388.35 rows=97 width=125)
	  Index Cond: ((id >= 2631563) AND (id <= 2631663))

table 6 : explain SELECT id, c FROM sbtest6 WHERE id BETWEEN 2631563 AND 2631663
	Index Scan using sbtest6_pkey on sbtest6  (cost=0.43..379.75 rows=95 width=125)
	  Index Cond: ((id >= 2631563) AND (id <= 2631663))

table 7 : explain SELECT id, c FROM sbtest7 WHERE id BETWEEN 2631563 AND 2631663
	Index Scan using sbtest7_pkey on sbtest7  (cost=0.43..422.80 rows=106 width=125)
	  Index Cond: ((id >= 2631563) AND (id <= 2631663))

table 8 : explain SELECT id, c FROM sbtest8 WHERE id BETWEEN 2631563 AND 2631663
	Index Scan using sbtest8_pkey on sbtest8  (cost=0.43..394.78 rows=99 width=125)
	  Index Cond: ((id >= 2631563) AND (id <= 2631663))

explain: for range-notcovered :: explain SELECT id, c FROM sbtest%d WHERE id BETWEEN 2631563 AND 2631663
for range-notcovered
table 1 : explain SELECT id, c FROM sbtest1 WHERE id BETWEEN 3769618 AND 3769718
	Index Scan using sbtest1_pkey on sbtest1  (cost=0.43..364.61 rows=91 width=125)
	  Index Cond: ((id >= 3769618) AND (id <= 3769718))

table 2 : explain SELECT id, c FROM sbtest2 WHERE id BETWEEN 3769618 AND 3769718
	Index Scan using sbtest2_pkey on sbtest2  (cost=0.43..436.79 rows=109 width=125)
	  Index Cond: ((id >= 3769618) AND (id <= 3769718))

table 3 : explain SELECT id, c FROM sbtest3 WHERE id BETWEEN 3769618 AND 3769718
	Index Scan using sbtest3_pkey on sbtest3  (cost=0.43..388.54 rows=97 width=125)
	  Index Cond: ((id >= 3769618) AND (id <= 3769718))

table 4 : explain SELECT id, c FROM sbtest4 WHERE id BETWEEN 3769618 AND 3769718
	Index Scan using sbtest4_pkey on sbtest4  (cost=0.43..434.73 rows=109 width=125)
	  Index Cond: ((id >= 3769618) AND (id <= 3769718))

table 5 : explain SELECT id, c FROM sbtest5 WHERE id BETWEEN 3769618 AND 3769718
	Index Scan using sbtest5_pkey on sbtest5  (cost=0.43..408.15 rows=102 width=125)
	  Index Cond: ((id >= 3769618) AND (id <= 3769718))

table 6 : explain SELECT id, c FROM sbtest6 WHERE id BETWEEN 3769618 AND 3769718
	Index Scan using sbtest6_pkey on sbtest6  (cost=0.43..427.16 rows=107 width=125)
	  Index Cond: ((id >= 3769618) AND (id <= 3769718))

table 7 : explain SELECT id, c FROM sbtest7 WHERE id BETWEEN 3769618 AND 3769718
	Index Scan using sbtest7_pkey on sbtest7  (cost=0.43..395.16 rows=99 width=125)
	  Index Cond: ((id >= 3769618) AND (id <= 3769718))

table 8 : explain SELECT id, c FROM sbtest8 WHERE id BETWEEN 3769618 AND 3769718
	Index Scan using sbtest8_pkey on sbtest8  (cost=0.43..449.96 rows=113 width=125)
	  Index Cond: ((id >= 3769618) AND (id <= 3769718))

for range-notcovered
table 1 : explain SELECT id, c FROM sbtest1 WHERE id BETWEEN 7048714 AND 7048814
	Index Scan using sbtest1_pkey on sbtest1  (cost=0.43..368.57 rows=92 width=125)
	  Index Cond: ((id >= 7048714) AND (id <= 7048814))

table 2 : explain SELECT id, c FROM sbtest2 WHERE id BETWEEN 7048714 AND 7048814
	Index Scan using sbtest2_pkey on sbtest2  (cost=0.43..405.05 rows=101 width=125)
	  Index Cond: ((id >= 7048714) AND (id <= 7048814))

table 3 : explain SELECT id, c FROM sbtest3 WHERE id BETWEEN 7048714 AND 7048814
	Index Scan using sbtest3_pkey on sbtest3  (cost=0.43..408.35 rows=102 width=125)
	  Index Cond: ((id >= 7048714) AND (id <= 7048814))

table 4 : explain SELECT id, c FROM sbtest4 WHERE id BETWEEN 7048714 AND 7048814
	Index Scan using sbtest4_pkey on sbtest4  (cost=0.43..395.24 rows=99 width=125)
	  Index Cond: ((id >= 7048714) AND (id <= 7048814))

table 5 : explain SELECT id, c FROM sbtest5 WHERE id BETWEEN 7048714 AND 7048814
	Index Scan using sbtest5_pkey on sbtest5  (cost=0.43..376.48 rows=94 width=125)
	  Index Cond: ((id >= 7048714) AND (id <= 7048814))

table 6 : explain SELECT id, c FROM sbtest6 WHERE id BETWEEN 7048714 AND 7048814
	Index Scan using sbtest6_pkey on sbtest6  (cost=0.43..411.36 rows=103 width=125)
	  Index Cond: ((id >= 7048714) AND (id <= 7048814))

table 7 : explain SELECT id, c FROM sbtest7 WHERE id BETWEEN 7048714 AND 7048814
	Index Scan using sbtest7_pkey on sbtest7  (cost=0.43..426.74 rows=107 width=125)
	  Index Cond: ((id >= 7048714) AND (id <= 7048814))

table 8 : explain SELECT id, c FROM sbtest8 WHERE id BETWEEN 7048714 AND 7048814
	Index Scan using sbtest8_pkey on sbtest8  (cost=0.43..371.11 rows=93 width=125)
	  Index Cond: ((id >= 7048714) AND (id <= 7048814))

explain: for range-notcovered :: explain SELECT id, c FROM sbtest%d WHERE id BETWEEN 7048714 AND 7048814
for range-notcovered
table 1 : explain SELECT id, c FROM sbtest1 WHERE id BETWEEN 5822952 AND 5823052
	Index Scan using sbtest1_pkey on sbtest1  (cost=0.43..435.85 rows=109 width=125)
	  Index Cond: ((id >= 5822952) AND (id <= 5823052))

table 2 : explain SELECT id, c FROM sbtest2 WHERE id BETWEEN 5822952 AND 5823052
	Index Scan using sbtest2_pkey on sbtest2  (cost=0.43..409.02 rows=102 width=125)
	  Index Cond: ((id >= 5822952) AND (id <= 5823052))

table 3 : explain SELECT id, c FROM sbtest3 WHERE id BETWEEN 5822952 AND 5823052
	Index Scan using sbtest3_pkey on sbtest3  (cost=0.43..404.37 rows=101 width=125)
	  Index Cond: ((id >= 5822952) AND (id <= 5823052))

table 4 : explain SELECT id, c FROM sbtest4 WHERE id BETWEEN 5822952 AND 5823052
	Index Scan using sbtest4_pkey on sbtest4  (cost=0.43..422.89 rows=106 width=125)
	  Index Cond: ((id >= 5822952) AND (id <= 5823052))

table 5 : explain SELECT id, c FROM sbtest5 WHERE id BETWEEN 5822952 AND 5823052
	Index Scan using sbtest5_pkey on sbtest5  (cost=0.43..439.80 rows=110 width=125)
	  Index Cond: ((id >= 5822952) AND (id <= 5823052))

table 6 : explain SELECT id, c FROM sbtest6 WHERE id BETWEEN 5822952 AND 5823052
	Index Scan using sbtest6_pkey on sbtest6  (cost=0.43..427.16 rows=107 width=125)
	  Index Cond: ((id >= 5822952) AND (id <= 5823052))

table 7 : explain SELECT id, c FROM sbtest7 WHERE id BETWEEN 5822952 AND 5823052
	Index Scan using sbtest7_pkey on sbtest7  (cost=0.43..383.32 rows=96 width=125)
	  Index Cond: ((id >= 5822952) AND (id <= 5823052))

table 8 : explain SELECT id, c FROM sbtest8 WHERE id BETWEEN 5822952 AND 5823052
	Index Scan using sbtest8_pkey on sbtest8  (cost=0.43..430.25 rows=108 width=125)
	  Index Cond: ((id >= 5822952) AND (id <= 5823052))

explain: for range-notcovered :: explain SELECT id, c FROM sbtest%d WHERE id BETWEEN 5822952 AND 5823052
for range-notcovered
table 1 : explain SELECT id, c FROM sbtest1 WHERE id BETWEEN 3054407 AND 3054507
	Index Scan using sbtest1_pkey on sbtest1  (cost=0.43..356.70 rows=89 width=125)
	  Index Cond: ((id >= 3054407) AND (id <= 3054507))

table 2 : explain SELECT id, c FROM sbtest2 WHERE id BETWEEN 3054407 AND 3054507
	Index Scan using sbtest2_pkey on sbtest2  (cost=0.43..428.86 rows=107 width=125)
	  Index Cond: ((id >= 3054407) AND (id <= 3054507))

table 3 : explain SELECT id, c FROM sbtest3 WHERE id BETWEEN 3054407 AND 3054507
	Index Scan using sbtest3_pkey on sbtest3  (cost=0.43..400.41 rows=100 width=125)
	  Index Cond: ((id >= 3054407) AND (id <= 3054507))

table 4 : explain SELECT id, c FROM sbtest4 WHERE id BETWEEN 3054407 AND 3054507
	Index Scan using sbtest4_pkey on sbtest4  (cost=0.43..422.89 rows=106 width=125)
	  Index Cond: ((id >= 3054407) AND (id <= 3054507))

table 5 : explain SELECT id, c FROM sbtest5 WHERE id BETWEEN 3054407 AND 3054507
	Index Scan using sbtest5_pkey on sbtest5  (cost=0.43..400.22 rows=100 width=125)
	  Index Cond: ((id >= 3054407) AND (id <= 3054507))

table 6 : explain SELECT id, c FROM sbtest6 WHERE id BETWEEN 3054407 AND 3054507
	Index Scan using sbtest6_pkey on sbtest6  (cost=0.43..415.31 rows=104 width=125)
	  Index Cond: ((id >= 3054407) AND (id <= 3054507))

table 7 : explain SELECT id, c FROM sbtest7 WHERE id BETWEEN 3054407 AND 3054507
	Index Scan using sbtest7_pkey on sbtest7  (cost=0.43..387.27 rows=97 width=125)
	  Index Cond: ((id >= 3054407) AND (id <= 3054507))

table 8 : explain SELECT id, c FROM sbtest8 WHERE id BETWEEN 3054407 AND 3054507
	Index Scan using sbtest8_pkey on sbtest8  (cost=0.43..438.14 rows=110 width=125)
	  Index Cond: ((id >= 3054407) AND (id <= 3054507))

explain: for range-notcovered :: explain SELECT id, c FROM sbtest%d WHERE id BETWEEN 3054407 AND 3054507
for range-notcovered
table 1 : explain SELECT id, c FROM sbtest1 WHERE id BETWEEN 2631563 AND 2631663
	Index Scan using sbtest1_pkey on sbtest1  (cost=0.43..408.15 rows=102 width=125)
	  Index Cond: ((id >= 2631563) AND (id <= 2631663))

table 2 : explain SELECT id, c FROM sbtest2 WHERE id BETWEEN 2631563 AND 2631663
	Index Scan using sbtest2_pkey on sbtest2  (cost=0.43..385.22 rows=96 width=125)
	  Index Cond: ((id >= 2631563) AND (id <= 2631663))

table 3 : explain SELECT id, c FROM sbtest3 WHERE id BETWEEN 2631563 AND 2631663
	Index Scan using sbtest3_pkey on sbtest3  (cost=0.43..416.26 rows=104 width=125)
	  Index Cond: ((id >= 2631563) AND (id <= 2631663))

table 4 : explain SELECT id, c FROM sbtest4 WHERE id BETWEEN 2631563 AND 2631663
	Index Scan using sbtest4_pkey on sbtest4  (cost=0.43..403.14 rows=101 width=125)
	  Index Cond: ((id >= 2631563) AND (id <= 2631663))

table 5 : explain SELECT id, c FROM sbtest5 WHERE id BETWEEN 2631563 AND 2631663
	Index Scan using sbtest5_pkey on sbtest5  (cost=0.43..388.35 rows=97 width=125)
	  Index Cond: ((id >= 2631563) AND (id <= 2631663))

table 6 : explain SELECT id, c FROM sbtest6 WHERE id BETWEEN 2631563 AND 2631663
	Index Scan using sbtest6_pkey on sbtest6  (cost=0.43..379.75 rows=95 width=125)
	  Index Cond: ((id >= 2631563) AND (id <= 2631663))

table 7 : explain SELECT id, c FROM sbtest7 WHERE id BETWEEN 2631563 AND 2631663
	Index Scan using sbtest7_pkey on sbtest7  (cost=0.43..422.80 rows=106 width=125)
	  Index Cond: ((id >= 2631563) AND (id <= 2631663))

table 8 : explain SELECT id, c FROM sbtest8 WHERE id BETWEEN 2631563 AND 2631663
	Index Scan using sbtest8_pkey on sbtest8  (cost=0.43..394.78 rows=99 width=125)
	  Index Cond: ((id >= 2631563) AND (id <= 2631663))

explain: for range-notcovered :: explain SELECT id, c FROM sbtest%d WHERE id BETWEEN 2631563 AND 2631663
for range-notcovered
table 1 : explain SELECT id, c FROM sbtest1 WHERE id BETWEEN 7048714 AND 7048814
	Index Scan using sbtest1_pkey on sbtest1  (cost=0.43..368.57 rows=92 width=125)
	  Index Cond: ((id >= 7048714) AND (id <= 7048814))

table 2 : explain SELECT id, c FROM sbtest2 WHERE id BETWEEN 7048714 AND 7048814
	Index Scan using sbtest2_pkey on sbtest2  (cost=0.43..405.05 rows=101 width=125)
	  Index Cond: ((id >= 7048714) AND (id <= 7048814))

table 3 : explain SELECT id, c FROM sbtest3 WHERE id BETWEEN 7048714 AND 7048814
	Index Scan using sbtest3_pkey on sbtest3  (cost=0.43..408.35 rows=102 width=125)
	  Index Cond: ((id >= 7048714) AND (id <= 7048814))

table 4 : explain SELECT id, c FROM sbtest4 WHERE id BETWEEN 7048714 AND 7048814
	Index Scan using sbtest4_pkey on sbtest4  (cost=0.43..395.24 rows=99 width=125)
	  Index Cond: ((id >= 7048714) AND (id <= 7048814))

table 5 : explain SELECT id, c FROM sbtest5 WHERE id BETWEEN 7048714 AND 7048814
	Index Scan using sbtest5_pkey on sbtest5  (cost=0.43..376.48 rows=94 width=125)
	  Index Cond: ((id >= 7048714) AND (id <= 7048814))

table 6 : explain SELECT id, c FROM sbtest6 WHERE id BETWEEN 7048714 AND 7048814
	Index Scan using sbtest6_pkey on sbtest6  (cost=0.43..411.36 rows=103 width=125)
	  Index Cond: ((id >= 7048714) AND (id <= 7048814))

table 7 : explain SELECT id, c FROM sbtest7 WHERE id BETWEEN 7048714 AND 7048814
	Index Scan using sbtest7_pkey on sbtest7  (cost=0.43..426.74 rows=107 width=125)
	  Index Cond: ((id >= 7048714) AND (id <= 7048814))

table 8 : explain SELECT id, c FROM sbtest8 WHERE id BETWEEN 7048714 AND 7048814
	Index Scan using sbtest8_pkey on sbtest8  (cost=0.43..371.11 rows=93 width=125)
	  Index Cond: ((id >= 7048714) AND (id <= 7048814))

explain: for range-notcovered :: explain SELECT id, c FROM sbtest%d WHERE id BETWEEN 7048714 AND 7048814
for range-notcovered
table 1 : explain SELECT id, c FROM sbtest1 WHERE id BETWEEN 5822952 AND 5823052
	Index Scan using sbtest1_pkey on sbtest1  (cost=0.43..435.85 rows=109 width=125)
	  Index Cond: ((id >= 5822952) AND (id <= 5823052))

table 2 : explain SELECT id, c FROM sbtest2 WHERE id BETWEEN 5822952 AND 5823052
	Index Scan using sbtest2_pkey on sbtest2  (cost=0.43..409.02 rows=102 width=125)
	  Index Cond: ((id >= 5822952) AND (id <= 5823052))

table 3 : explain SELECT id, c FROM sbtest3 WHERE id BETWEEN 5822952 AND 5823052
	Index Scan using sbtest3_pkey on sbtest3  (cost=0.43..404.37 rows=101 width=125)
	  Index Cond: ((id >= 5822952) AND (id <= 5823052))

table 4 : explain SELECT id, c FROM sbtest4 WHERE id BETWEEN 5822952 AND 5823052
	Index Scan using sbtest4_pkey on sbtest4  (cost=0.43..422.89 rows=106 width=125)
	  Index Cond: ((id >= 5822952) AND (id <= 5823052))

table 5 : explain SELECT id, c FROM sbtest5 WHERE id BETWEEN 5822952 AND 5823052
	Index Scan using sbtest5_pkey on sbtest5  (cost=0.43..439.80 rows=110 width=125)
	  Index Cond: ((id >= 5822952) AND (id <= 5823052))

table 6 : explain SELECT id, c FROM sbtest6 WHERE id BETWEEN 5822952 AND 5823052
	Index Scan using sbtest6_pkey on sbtest6  (cost=0.43..427.16 rows=107 width=125)
	  Index Cond: ((id >= 5822952) AND (id <= 5823052))

table 7 : explain SELECT id, c FROM sbtest7 WHERE id BETWEEN 5822952 AND 5823052
	Index Scan using sbtest7_pkey on sbtest7  (cost=0.43..383.32 rows=96 width=125)
	  Index Cond: ((id >= 5822952) AND (id <= 5823052))

table 8 : explain SELECT id, c FROM sbtest8 WHERE id BETWEEN 5822952 AND 5823052
	Index Scan using sbtest8_pkey on sbtest8  (cost=0.43..430.25 rows=108 width=125)
	  Index Cond: ((id >= 5822952) AND (id <= 5823052))

explain: for range-notcovered :: explain SELECT id, c FROM sbtest%d WHERE id BETWEEN 5822952 AND 5823052
for range-notcovered
table 1 : explain SELECT id, c FROM sbtest1 WHERE id BETWEEN 3054407 AND 3054507
	Index Scan using sbtest1_pkey on sbtest1  (cost=0.43..356.70 rows=89 width=125)
	  Index Cond: ((id >= 3054407) AND (id <= 3054507))

table 2 : explain SELECT id, c FROM sbtest2 WHERE id BETWEEN 3054407 AND 3054507
	Index Scan using sbtest2_pkey on sbtest2  (cost=0.43..428.86 rows=107 width=125)
	  Index Cond: ((id >= 3054407) AND (id <= 3054507))

table 3 : explain SELECT id, c FROM sbtest3 WHERE id BETWEEN 3054407 AND 3054507
	Index Scan using sbtest3_pkey on sbtest3  (cost=0.43..400.41 rows=100 width=125)
	  Index Cond: ((id >= 3054407) AND (id <= 3054507))

table 4 : explain SELECT id, c FROM sbtest4 WHERE id BETWEEN 3054407 AND 3054507
	Index Scan using sbtest4_pkey on sbtest4  (cost=0.43..422.89 rows=106 width=125)
	  Index Cond: ((id >= 3054407) AND (id <= 3054507))

table 5 : explain SELECT id, c FROM sbtest5 WHERE id BETWEEN 3054407 AND 3054507
	Index Scan using sbtest5_pkey on sbtest5  (cost=0.43..400.22 rows=100 width=125)
	  Index Cond: ((id >= 3054407) AND (id <= 3054507))

table 6 : explain SELECT id, c FROM sbtest6 WHERE id BETWEEN 3054407 AND 3054507
	Index Scan using sbtest6_pkey on sbtest6  (cost=0.43..415.31 rows=104 width=125)
	  Index Cond: ((id >= 3054407) AND (id <= 3054507))

table 7 : explain SELECT id, c FROM sbtest7 WHERE id BETWEEN 3054407 AND 3054507
	Index Scan using sbtest7_pkey on sbtest7  (cost=0.43..387.27 rows=97 width=125)
	  Index Cond: ((id >= 3054407) AND (id <= 3054507))

table 8 : explain SELECT id, c FROM sbtest8 WHERE id BETWEEN 3054407 AND 3054507
	Index Scan using sbtest8_pkey on sbtest8  (cost=0.43..438.14 rows=110 width=125)
	  Index Cond: ((id >= 3054407) AND (id <= 3054507))

explain: for range-notcovered :: explain SELECT id, c FROM sbtest%d WHERE id BETWEEN 3054407 AND 3054507
for range-notcovered
table 1 : explain SELECT id, c FROM sbtest1 WHERE id BETWEEN 2631563 AND 2631663
	Index Scan using sbtest1_pkey on sbtest1  (cost=0.43..408.15 rows=102 width=125)
	  Index Cond: ((id >= 2631563) AND (id <= 2631663))

table 2 : explain SELECT id, c FROM sbtest2 WHERE id BETWEEN 2631563 AND 2631663
	Index Scan using sbtest2_pkey on sbtest2  (cost=0.43..385.22 rows=96 width=125)
	  Index Cond: ((id >= 2631563) AND (id <= 2631663))

table 3 : explain SELECT id, c FROM sbtest3 WHERE id BETWEEN 2631563 AND 2631663
	Index Scan using sbtest3_pkey on sbtest3  (cost=0.43..416.26 rows=104 width=125)
	  Index Cond: ((id >= 2631563) AND (id <= 2631663))

table 4 : explain SELECT id, c FROM sbtest4 WHERE id BETWEEN 2631563 AND 2631663
	Index Scan using sbtest4_pkey on sbtest4  (cost=0.43..403.14 rows=101 width=125)
	  Index Cond: ((id >= 2631563) AND (id <= 2631663))

table 5 : explain SELECT id, c FROM sbtest5 WHERE id BETWEEN 2631563 AND 2631663
	Index Scan using sbtest5_pkey on sbtest5  (cost=0.43..388.35 rows=97 width=125)
	  Index Cond: ((id >= 2631563) AND (id <= 2631663))

table 6 : explain SELECT id, c FROM sbtest6 WHERE id BETWEEN 2631563 AND 2631663
	Index Scan using sbtest6_pkey on sbtest6  (cost=0.43..379.75 rows=95 width=125)
	  Index Cond: ((id >= 2631563) AND (id <= 2631663))

table 7 : explain SELECT id, c FROM sbtest7 WHERE id BETWEEN 2631563 AND 2631663
	Index Scan using sbtest7_pkey on sbtest7  (cost=0.43..422.80 rows=106 width=125)
	  Index Cond: ((id >= 2631563) AND (id <= 2631663))

table 8 : explain SELECT id, c FROM sbtest8 WHERE id BETWEEN 2631563 AND 2631663
	Index Scan using sbtest8_pkey on sbtest8  (cost=0.43..394.78 rows=99 width=125)
	  Index Cond: ((id >= 2631563) AND (id <= 2631663))

explain: for range-notcovered :: explain SELECT id, c FROM sbtest%d WHERE id BETWEEN 2631563 AND 2631663
for range-notcovered
table 1 : explain SELECT id, c FROM sbtest1 WHERE id BETWEEN 7048714 AND 7048814
	Index Scan using sbtest1_pkey on sbtest1  (cost=0.43..368.57 rows=92 width=125)
	  Index Cond: ((id >= 7048714) AND (id <= 7048814))

table 2 : explain SELECT id, c FROM sbtest2 WHERE id BETWEEN 7048714 AND 7048814
	Index Scan using sbtest2_pkey on sbtest2  (cost=0.43..405.05 rows=101 width=125)
	  Index Cond: ((id >= 7048714) AND (id <= 7048814))

table 3 : explain SELECT id, c FROM sbtest3 WHERE id BETWEEN 7048714 AND 7048814
	Index Scan using sbtest3_pkey on sbtest3  (cost=0.43..408.35 rows=102 width=125)
	  Index Cond: ((id >= 7048714) AND (id <= 7048814))

table 4 : explain SELECT id, c FROM sbtest4 WHERE id BETWEEN 7048714 AND 7048814
	Index Scan using sbtest4_pkey on sbtest4  (cost=0.43..395.24 rows=99 width=125)
	  Index Cond: ((id >= 7048714) AND (id <= 7048814))

table 5 : explain SELECT id, c FROM sbtest5 WHERE id BETWEEN 7048714 AND 7048814
	Index Scan using sbtest5_pkey on sbtest5  (cost=0.43..376.48 rows=94 width=125)
	  Index Cond: ((id >= 7048714) AND (id <= 7048814))

table 6 : explain SELECT id, c FROM sbtest6 WHERE id BETWEEN 7048714 AND 7048814
	Index Scan using sbtest6_pkey on sbtest6  (cost=0.43..411.36 rows=103 width=125)
	  Index Cond: ((id >= 7048714) AND (id <= 7048814))

table 7 : explain SELECT id, c FROM sbtest7 WHERE id BETWEEN 7048714 AND 7048814
	Index Scan using sbtest7_pkey on sbtest7  (cost=0.43..426.74 rows=107 width=125)
	  Index Cond: ((id >= 7048714) AND (id <= 7048814))

table 8 : explain SELECT id, c FROM sbtest8 WHERE id BETWEEN 7048714 AND 7048814
	Index Scan using sbtest8_pkey on sbtest8  (cost=0.43..371.11 rows=93 width=125)
	  Index Cond: ((id >= 7048714) AND (id <= 7048814))

explain: for range-notcovered :: explain SELECT id, c FROM sbtest%d WHERE id BETWEEN 7048714 AND 7048814
for range-notcovered
table 1 : explain SELECT id, c FROM sbtest1 WHERE id BETWEEN 5822952 AND 5823052
	Index Scan using sbtest1_pkey on sbtest1  (cost=0.43..435.85 rows=109 width=125)
	  Index Cond: ((id >= 5822952) AND (id <= 5823052))

table 2 : explain SELECT id, c FROM sbtest2 WHERE id BETWEEN 5822952 AND 5823052
	Index Scan using sbtest2_pkey on sbtest2  (cost=0.43..409.02 rows=102 width=125)
	  Index Cond: ((id >= 5822952) AND (id <= 5823052))

table 3 : explain SELECT id, c FROM sbtest3 WHERE id BETWEEN 5822952 AND 5823052
	Index Scan using sbtest3_pkey on sbtest3  (cost=0.43..404.37 rows=101 width=125)
	  Index Cond: ((id >= 5822952) AND (id <= 5823052))

table 4 : explain SELECT id, c FROM sbtest4 WHERE id BETWEEN 5822952 AND 5823052
	Index Scan using sbtest4_pkey on sbtest4  (cost=0.43..422.89 rows=106 width=125)
	  Index Cond: ((id >= 5822952) AND (id <= 5823052))

table 5 : explain SELECT id, c FROM sbtest5 WHERE id BETWEEN 5822952 AND 5823052
	Index Scan using sbtest5_pkey on sbtest5  (cost=0.43..439.80 rows=110 width=125)
	  Index Cond: ((id >= 5822952) AND (id <= 5823052))

table 6 : explain SELECT id, c FROM sbtest6 WHERE id BETWEEN 5822952 AND 5823052
	Index Scan using sbtest6_pkey on sbtest6  (cost=0.43..427.16 rows=107 width=125)
	  Index Cond: ((id >= 5822952) AND (id <= 5823052))

table 7 : explain SELECT id, c FROM sbtest7 WHERE id BETWEEN 5822952 AND 5823052
	Index Scan using sbtest7_pkey on sbtest7  (cost=0.43..383.32 rows=96 width=125)
	  Index Cond: ((id >= 5822952) AND (id <= 5823052))

table 8 : explain SELECT id, c FROM sbtest8 WHERE id BETWEEN 5822952 AND 5823052
	Index Scan using sbtest8_pkey on sbtest8  (cost=0.43..430.25 rows=108 width=125)
	  Index Cond: ((id >= 5822952) AND (id <= 5823052))

for range-notcovered
table 1 : explain SELECT id, c FROM sbtest1 WHERE id BETWEEN 3054407 AND 3054507
	Index Scan using sbtest1_pkey on sbtest1  (cost=0.43..356.70 rows=89 width=125)
	  Index Cond: ((id >= 3054407) AND (id <= 3054507))

table 2 : explain SELECT id, c FROM sbtest2 WHERE id BETWEEN 3054407 AND 3054507
	Index Scan using sbtest2_pkey on sbtest2  (cost=0.43..428.86 rows=107 width=125)
	  Index Cond: ((id >= 3054407) AND (id <= 3054507))

table 3 : explain SELECT id, c FROM sbtest3 WHERE id BETWEEN 3054407 AND 3054507
	Index Scan using sbtest3_pkey on sbtest3  (cost=0.43..400.41 rows=100 width=125)
	  Index Cond: ((id >= 3054407) AND (id <= 3054507))

table 4 : explain SELECT id, c FROM sbtest4 WHERE id BETWEEN 3054407 AND 3054507
	Index Scan using sbtest4_pkey on sbtest4  (cost=0.43..422.89 rows=106 width=125)
	  Index Cond: ((id >= 3054407) AND (id <= 3054507))

table 5 : explain SELECT id, c FROM sbtest5 WHERE id BETWEEN 3054407 AND 3054507
	Index Scan using sbtest5_pkey on sbtest5  (cost=0.43..400.22 rows=100 width=125)
	  Index Cond: ((id >= 3054407) AND (id <= 3054507))

table 6 : explain SELECT id, c FROM sbtest6 WHERE id BETWEEN 3054407 AND 3054507
	Index Scan using sbtest6_pkey on sbtest6  (cost=0.43..415.31 rows=104 width=125)
	  Index Cond: ((id >= 3054407) AND (id <= 3054507))

table 7 : explain SELECT id, c FROM sbtest7 WHERE id BETWEEN 3054407 AND 3054507
	Index Scan using sbtest7_pkey on sbtest7  (cost=0.43..387.27 rows=97 width=125)
	  Index Cond: ((id >= 3054407) AND (id <= 3054507))

table 8 : explain SELECT id, c FROM sbtest8 WHERE id BETWEEN 3054407 AND 3054507
	Index Scan using sbtest8_pkey on sbtest8  (cost=0.43..438.14 rows=110 width=125)
	  Index Cond: ((id >= 3054407) AND (id <= 3054507))

explain: for range-notcovered :: explain SELECT id, c FROM sbtest%d WHERE id BETWEEN 3054407 AND 3054507
for range-notcovered
table 1 : explain SELECT id, c FROM sbtest1 WHERE id BETWEEN 2631563 AND 2631663
	Index Scan using sbtest1_pkey on sbtest1  (cost=0.43..408.15 rows=102 width=125)
	  Index Cond: ((id >= 2631563) AND (id <= 2631663))

table 2 : explain SELECT id, c FROM sbtest2 WHERE id BETWEEN 2631563 AND 2631663
	Index Scan using sbtest2_pkey on sbtest2  (cost=0.43..385.22 rows=96 width=125)
	  Index Cond: ((id >= 2631563) AND (id <= 2631663))

table 3 : explain SELECT id, c FROM sbtest3 WHERE id BETWEEN 2631563 AND 2631663
	Index Scan using sbtest3_pkey on sbtest3  (cost=0.43..416.26 rows=104 width=125)
	  Index Cond: ((id >= 2631563) AND (id <= 2631663))

table 4 : explain SELECT id, c FROM sbtest4 WHERE id BETWEEN 2631563 AND 2631663
	Index Scan using sbtest4_pkey on sbtest4  (cost=0.43..403.14 rows=101 width=125)
	  Index Cond: ((id >= 2631563) AND (id <= 2631663))

table 5 : explain SELECT id, c FROM sbtest5 WHERE id BETWEEN 2631563 AND 2631663
	Index Scan using sbtest5_pkey on sbtest5  (cost=0.43..388.35 rows=97 width=125)
	  Index Cond: ((id >= 2631563) AND (id <= 2631663))

table 6 : explain SELECT id, c FROM sbtest6 WHERE id BETWEEN 2631563 AND 2631663
	Index Scan using sbtest6_pkey on sbtest6  (cost=0.43..379.75 rows=95 width=125)
	  Index Cond: ((id >= 2631563) AND (id <= 2631663))

table 7 : explain SELECT id, c FROM sbtest7 WHERE id BETWEEN 2631563 AND 2631663
	Index Scan using sbtest7_pkey on sbtest7  (cost=0.43..422.80 rows=106 width=125)
	  Index Cond: ((id >= 2631563) AND (id <= 2631663))

table 8 : explain SELECT id, c FROM sbtest8 WHERE id BETWEEN 2631563 AND 2631663
	Index Scan using sbtest8_pkey on sbtest8  (cost=0.43..394.78 rows=99 width=125)
	  Index Cond: ((id >= 2631563) AND (id <= 2631663))

explain: for range-notcovered :: explain SELECT id, c FROM sbtest%d WHERE id BETWEEN 2631563 AND 2631663
for range-notcovered
table 1 : explain SELECT id, c FROM sbtest1 WHERE id BETWEEN 7048714 AND 7048814
	Index Scan using sbtest1_pkey on sbtest1  (cost=0.43..368.57 rows=92 width=125)
	  Index Cond: ((id >= 7048714) AND (id <= 7048814))

table 2 : explain SELECT id, c FROM sbtest2 WHERE id BETWEEN 7048714 AND 7048814
	Index Scan using sbtest2_pkey on sbtest2  (cost=0.43..405.05 rows=101 width=125)
	  Index Cond: ((id >= 7048714) AND (id <= 7048814))

table 3 : explain SELECT id, c FROM sbtest3 WHERE id BETWEEN 7048714 AND 7048814
	Index Scan using sbtest3_pkey on sbtest3  (cost=0.43..408.35 rows=102 width=125)
	  Index Cond: ((id >= 7048714) AND (id <= 7048814))

table 4 : explain SELECT id, c FROM sbtest4 WHERE id BETWEEN 7048714 AND 7048814
	Index Scan using sbtest4_pkey on sbtest4  (cost=0.43..395.24 rows=99 width=125)
	  Index Cond: ((id >= 7048714) AND (id <= 7048814))

table 5 : explain SELECT id, c FROM sbtest5 WHERE id BETWEEN 7048714 AND 7048814
	Index Scan using sbtest5_pkey on sbtest5  (cost=0.43..376.48 rows=94 width=125)
	  Index Cond: ((id >= 7048714) AND (id <= 7048814))

table 6 : explain SELECT id, c FROM sbtest6 WHERE id BETWEEN 7048714 AND 7048814
	Index Scan using sbtest6_pkey on sbtest6  (cost=0.43..411.36 rows=103 width=125)
	  Index Cond: ((id >= 7048714) AND (id <= 7048814))

table 7 : explain SELECT id, c FROM sbtest7 WHERE id BETWEEN 7048714 AND 7048814
	Index Scan using sbtest7_pkey on sbtest7  (cost=0.43..426.74 rows=107 width=125)
	  Index Cond: ((id >= 7048714) AND (id <= 7048814))

table 8 : explain SELECT id, c FROM sbtest8 WHERE id BETWEEN 7048714 AND 7048814
	Index Scan using sbtest8_pkey on sbtest8  (cost=0.43..371.11 rows=93 width=125)
	  Index Cond: ((id >= 7048714) AND (id <= 7048814))

explain: for range-notcovered :: explain SELECT id, c FROM sbtest%d WHERE id BETWEEN 7048714 AND 7048814
for range-notcovered
table 1 : explain SELECT id, c FROM sbtest1 WHERE id BETWEEN 5189161 AND 5189261
	Index Scan using sbtest1_pkey on sbtest1  (cost=0.43..416.07 rows=104 width=125)
	  Index Cond: ((id >= 5189161) AND (id <= 5189261))

table 2 : explain SELECT id, c FROM sbtest2 WHERE id BETWEEN 5189161 AND 5189261
	Index Scan using sbtest2_pkey on sbtest2  (cost=0.43..401.08 rows=100 width=125)
	  Index Cond: ((id >= 5189161) AND (id <= 5189261))

table 3 : explain SELECT id, c FROM sbtest3 WHERE id BETWEEN 5189161 AND 5189261
	Index Scan using sbtest3_pkey on sbtest3  (cost=0.43..384.58 rows=96 width=125)
	  Index Cond: ((id >= 5189161) AND (id <= 5189261))

table 4 : explain SELECT id, c FROM sbtest4 WHERE id BETWEEN 5189161 AND 5189261
	Index Scan using sbtest4_pkey on sbtest4  (cost=0.43..379.46 rows=95 width=125)
	  Index Cond: ((id >= 5189161) AND (id <= 5189261))

table 5 : explain SELECT id, c FROM sbtest5 WHERE id BETWEEN 5189161 AND 5189261
	Index Scan using sbtest5_pkey on sbtest5  (cost=0.43..443.76 rows=111 width=125)
	  Index Cond: ((id >= 5189161) AND (id <= 5189261))

table 6 : explain SELECT id, c FROM sbtest6 WHERE id BETWEEN 5189161 AND 5189261
	Index Scan using sbtest6_pkey on sbtest6  (cost=0.43..399.51 rows=100 width=125)
	  Index Cond: ((id >= 5189161) AND (id <= 5189261))

table 7 : explain SELECT id, c FROM sbtest7 WHERE id BETWEEN 5189161 AND 5189261
	Index Scan using sbtest7_pkey on sbtest7  (cost=0.43..407.02 rows=102 width=125)
	  Index Cond: ((id >= 5189161) AND (id <= 5189261))

table 8 : explain SELECT id, c FROM sbtest8 WHERE id BETWEEN 5189161 AND 5189261
	Index Scan using sbtest8_pkey on sbtest8  (cost=0.43..390.82 rows=98 width=125)
	  Index Cond: ((id >= 5189161) AND (id <= 5189261))

explain: for range-notcovered :: explain SELECT id, c FROM sbtest%d WHERE id BETWEEN 5189161 AND 5189261
for range-notcovered
table 1 : explain SELECT id, c FROM sbtest1 WHERE id BETWEEN 7048714 AND 7048814
	Index Scan using sbtest1_pkey on sbtest1  (cost=0.43..368.57 rows=92 width=125)
	  Index Cond: ((id >= 7048714) AND (id <= 7048814))

table 2 : explain SELECT id, c FROM sbtest2 WHERE id BETWEEN 7048714 AND 7048814
	Index Scan using sbtest2_pkey on sbtest2  (cost=0.43..405.05 rows=101 width=125)
	  Index Cond: ((id >= 7048714) AND (id <= 7048814))

table 3 : explain SELECT id, c FROM sbtest3 WHERE id BETWEEN 7048714 AND 7048814
	Index Scan using sbtest3_pkey on sbtest3  (cost=0.43..408.35 rows=102 width=125)
	  Index Cond: ((id >= 7048714) AND (id <= 7048814))

table 4 : explain SELECT id, c FROM sbtest4 WHERE id BETWEEN 7048714 AND 7048814
	Index Scan using sbtest4_pkey on sbtest4  (cost=0.43..395.24 rows=99 width=125)
	  Index Cond: ((id >= 7048714) AND (id <= 7048814))

table 5 : explain SELECT id, c FROM sbtest5 WHERE id BETWEEN 7048714 AND 7048814
	Index Scan using sbtest5_pkey on sbtest5  (cost=0.43..376.48 rows=94 width=125)
	  Index Cond: ((id >= 7048714) AND (id <= 7048814))

table 6 : explain SELECT id, c FROM sbtest6 WHERE id BETWEEN 7048714 AND 7048814
	Index Scan using sbtest6_pkey on sbtest6  (cost=0.43..411.36 rows=103 width=125)
	  Index Cond: ((id >= 7048714) AND (id <= 7048814))

table 7 : explain SELECT id, c FROM sbtest7 WHERE id BETWEEN 7048714 AND 7048814
	Index Scan using sbtest7_pkey on sbtest7  (cost=0.43..426.74 rows=107 width=125)
	  Index Cond: ((id >= 7048714) AND (id <= 7048814))

table 8 : explain SELECT id, c FROM sbtest8 WHERE id BETWEEN 7048714 AND 7048814
	Index Scan using sbtest8_pkey on sbtest8  (cost=0.43..371.11 rows=93 width=125)
	  Index Cond: ((id >= 7048714) AND (id <= 7048814))

explain: for range-notcovered :: explain SELECT id, c FROM sbtest%d WHERE id BETWEEN 7048714 AND 7048814
for range-notcovered
table 1 : explain SELECT id, c FROM sbtest1 WHERE id BETWEEN 3054407 AND 3054507
	Index Scan using sbtest1_pkey on sbtest1  (cost=0.43..356.70 rows=89 width=125)
	  Index Cond: ((id >= 3054407) AND (id <= 3054507))

table 2 : explain SELECT id, c FROM sbtest2 WHERE id BETWEEN 3054407 AND 3054507
	Index Scan using sbtest2_pkey on sbtest2  (cost=0.43..428.86 rows=107 width=125)
	  Index Cond: ((id >= 3054407) AND (id <= 3054507))

table 3 : explain SELECT id, c FROM sbtest3 WHERE id BETWEEN 3054407 AND 3054507
	Index Scan using sbtest3_pkey on sbtest3  (cost=0.43..400.41 rows=100 width=125)
	  Index Cond: ((id >= 3054407) AND (id <= 3054507))

table 4 : explain SELECT id, c FROM sbtest4 WHERE id BETWEEN 3054407 AND 3054507
	Index Scan using sbtest4_pkey on sbtest4  (cost=0.43..422.89 rows=106 width=125)
	  Index Cond: ((id >= 3054407) AND (id <= 3054507))

table 5 : explain SELECT id, c FROM sbtest5 WHERE id BETWEEN 3054407 AND 3054507
	Index Scan using sbtest5_pkey on sbtest5  (cost=0.43..400.22 rows=100 width=125)
	  Index Cond: ((id >= 3054407) AND (id <= 3054507))

table 6 : explain SELECT id, c FROM sbtest6 WHERE id BETWEEN 3054407 AND 3054507
	Index Scan using sbtest6_pkey on sbtest6  (cost=0.43..415.31 rows=104 width=125)
	  Index Cond: ((id >= 3054407) AND (id <= 3054507))

table 7 : explain SELECT id, c FROM sbtest7 WHERE id BETWEEN 3054407 AND 3054507
	Index Scan using sbtest7_pkey on sbtest7  (cost=0.43..387.27 rows=97 width=125)
	  Index Cond: ((id >= 3054407) AND (id <= 3054507))

table 8 : explain SELECT id, c FROM sbtest8 WHERE id BETWEEN 3054407 AND 3054507
	Index Scan using sbtest8_pkey on sbtest8  (cost=0.43..438.14 rows=110 width=125)
	  Index Cond: ((id >= 3054407) AND (id <= 3054507))

explain: for range-notcovered :: explain SELECT id, c FROM sbtest%d WHERE id BETWEEN 3054407 AND 3054507
for range-notcovered
table 1 : explain SELECT id, c FROM sbtest1 WHERE id BETWEEN 2631563 AND 2631663
	Index Scan using sbtest1_pkey on sbtest1  (cost=0.43..408.15 rows=102 width=125)
	  Index Cond: ((id >= 2631563) AND (id <= 2631663))

table 2 : explain SELECT id, c FROM sbtest2 WHERE id BETWEEN 2631563 AND 2631663
	Index Scan using sbtest2_pkey on sbtest2  (cost=0.43..385.22 rows=96 width=125)
	  Index Cond: ((id >= 2631563) AND (id <= 2631663))

table 3 : explain SELECT id, c FROM sbtest3 WHERE id BETWEEN 2631563 AND 2631663
	Index Scan using sbtest3_pkey on sbtest3  (cost=0.43..416.26 rows=104 width=125)
	  Index Cond: ((id >= 2631563) AND (id <= 2631663))

table 4 : explain SELECT id, c FROM sbtest4 WHERE id BETWEEN 2631563 AND 2631663
	Index Scan using sbtest4_pkey on sbtest4  (cost=0.43..403.14 rows=101 width=125)
	  Index Cond: ((id >= 2631563) AND (id <= 2631663))

table 5 : explain SELECT id, c FROM sbtest5 WHERE id BETWEEN 2631563 AND 2631663
	Index Scan using sbtest5_pkey on sbtest5  (cost=0.43..388.35 rows=97 width=125)
	  Index Cond: ((id >= 2631563) AND (id <= 2631663))

table 6 : explain SELECT id, c FROM sbtest6 WHERE id BETWEEN 2631563 AND 2631663
	Index Scan using sbtest6_pkey on sbtest6  (cost=0.43..379.75 rows=95 width=125)
	  Index Cond: ((id >= 2631563) AND (id <= 2631663))

table 7 : explain SELECT id, c FROM sbtest7 WHERE id BETWEEN 2631563 AND 2631663
	Index Scan using sbtest7_pkey on sbtest7  (cost=0.43..422.80 rows=106 width=125)
	  Index Cond: ((id >= 2631563) AND (id <= 2631663))

table 8 : explain SELECT id, c FROM sbtest8 WHERE id BETWEEN 2631563 AND 2631663
	Index Scan using sbtest8_pkey on sbtest8  (cost=0.43..394.78 rows=99 width=125)
	  Index Cond: ((id >= 2631563) AND (id <= 2631663))

for range-notcovered
table 1 : explain SELECT id, c FROM sbtest1 WHERE id BETWEEN 7048714 AND 7048814
	Index Scan using sbtest1_pkey on sbtest1  (cost=0.43..368.57 rows=92 width=125)
	  Index Cond: ((id >= 7048714) AND (id <= 7048814))

table 2 : explain SELECT id, c FROM sbtest2 WHERE id BETWEEN 7048714 AND 7048814
	Index Scan using sbtest2_pkey on sbtest2  (cost=0.43..405.05 rows=101 width=125)
	  Index Cond: ((id >= 7048714) AND (id <= 7048814))

table 3 : explain SELECT id, c FROM sbtest3 WHERE id BETWEEN 7048714 AND 7048814
	Index Scan using sbtest3_pkey on sbtest3  (cost=0.43..408.35 rows=102 width=125)
	  Index Cond: ((id >= 7048714) AND (id <= 7048814))

table 4 : explain SELECT id, c FROM sbtest4 WHERE id BETWEEN 7048714 AND 7048814
	Index Scan using sbtest4_pkey on sbtest4  (cost=0.43..395.24 rows=99 width=125)
	  Index Cond: ((id >= 7048714) AND (id <= 7048814))

table 5 : explain SELECT id, c FROM sbtest5 WHERE id BETWEEN 7048714 AND 7048814
	Index Scan using sbtest5_pkey on sbtest5  (cost=0.43..376.48 rows=94 width=125)
	  Index Cond: ((id >= 7048714) AND (id <= 7048814))

table 6 : explain SELECT id, c FROM sbtest6 WHERE id BETWEEN 7048714 AND 7048814
	Index Scan using sbtest6_pkey on sbtest6  (cost=0.43..411.36 rows=103 width=125)
	  Index Cond: ((id >= 7048714) AND (id <= 7048814))

table 7 : explain SELECT id, c FROM sbtest7 WHERE id BETWEEN 7048714 AND 7048814
	Index Scan using sbtest7_pkey on sbtest7  (cost=0.43..426.74 rows=107 width=125)
	  Index Cond: ((id >= 7048714) AND (id <= 7048814))

table 8 : explain SELECT id, c FROM sbtest8 WHERE id BETWEEN 7048714 AND 7048814
	Index Scan using sbtest8_pkey on sbtest8  (cost=0.43..371.11 rows=93 width=125)
	  Index Cond: ((id >= 7048714) AND (id <= 7048814))
for range-notcovered
table 1 : explain SELECT id, c FROM sbtest1 WHERE id BETWEEN 6824075 AND 6824175
	Index Scan using sbtest1_pkey on sbtest1  (cost=0.43..463.55 rows=116 width=125)
	  Index Cond: ((id >= 6824075) AND (id <= 6824175))

table 2 : explain SELECT id, c FROM sbtest2 WHERE id BETWEEN 6824075 AND 6824175
	Index Scan using sbtest2_pkey on sbtest2  (cost=0.43..436.79 rows=109 width=125)
	  Index Cond: ((id >= 6824075) AND (id <= 6824175))

table 3 : explain SELECT id, c FROM sbtest3 WHERE id BETWEEN 6824075 AND 6824175
	Index Scan using sbtest3_pkey on sbtest3  (cost=0.43..412.31 rows=103 width=125)
	  Index Cond: ((id >= 6824075) AND (id <= 6824175))

table 4 : explain SELECT id, c FROM sbtest4 WHERE id BETWEEN 6824075 AND 6824175
	Index Scan using sbtest4_pkey on sbtest4  (cost=0.43..414.99 rows=104 width=125)
	  Index Cond: ((id >= 6824075) AND (id <= 6824175))

table 5 : explain SELECT id, c FROM sbtest5 WHERE id BETWEEN 6824075 AND 6824175
	Index Scan using sbtest5_pkey on sbtest5  (cost=0.43..368.56 rows=92 width=125)
	  Index Cond: ((id >= 6824075) AND (id <= 6824175))

table 6 : explain SELECT id, c FROM sbtest6 WHERE id BETWEEN 6824075 AND 6824175
	Index Scan using sbtest6_pkey on sbtest6  (cost=0.43..435.06 rows=109 width=125)
	  Index Cond: ((id >= 6824075) AND (id <= 6824175))

table 7 : explain SELECT id, c FROM sbtest7 WHERE id BETWEEN 6824075 AND 6824175
	Index Scan using sbtest7_pkey on sbtest7  (cost=0.43..422.80 rows=106 width=125)
	  Index Cond: ((id >= 6824075) AND (id <= 6824175))

table 8 : explain SELECT id, c FROM sbtest8 WHERE id BETWEEN 6824075 AND 6824175
	Index Scan using sbtest8_pkey on sbtest8  (cost=0.43..406.60 rows=102 width=125)
	  Index Cond: ((id >= 6824075) AND (id <= 6824175))

for range-notcovered
table 1 : explain SELECT id, c FROM sbtest1 WHERE id BETWEEN 8679904 AND 8680004
	Index Scan using sbtest1_pkey on sbtest1  (cost=0.43..376.48 rows=94 width=125)
	  Index Cond: ((id >= 8679904) AND (id <= 8680004))

table 2 : explain SELECT id, c FROM sbtest2 WHERE id BETWEEN 8679904 AND 8680004
	Index Scan using sbtest2_pkey on sbtest2  (cost=0.43..409.02 rows=102 width=125)
	  Index Cond: ((id >= 8679904) AND (id <= 8680004))

table 3 : explain SELECT id, c FROM sbtest3 WHERE id BETWEEN 8679904 AND 8680004
	Index Scan using sbtest3_pkey on sbtest3  (cost=0.43..344.99 rows=86 width=125)
	  Index Cond: ((id >= 8679904) AND (id <= 8680004))

table 4 : explain SELECT id, c FROM sbtest4 WHERE id BETWEEN 8679904 AND 8680004
	Index Scan using sbtest4_pkey on sbtest4  (cost=0.43..407.10 rows=102 width=125)
	  Index Cond: ((id >= 8679904) AND (id <= 8680004))

table 5 : explain SELECT id, c FROM sbtest5 WHERE id BETWEEN 8679904 AND 8680004
	Index Scan using sbtest5_pkey on sbtest5  (cost=0.43..412.10 rows=103 width=125)
	  Index Cond: ((id >= 8679904) AND (id <= 8680004))

table 6 : explain SELECT id, c FROM sbtest6 WHERE id BETWEEN 8679904 AND 8680004
	Index Scan using sbtest6_pkey on sbtest6  (cost=0.43..407.41 rows=102 width=125)
	  Index Cond: ((id >= 8679904) AND (id <= 8680004))

table 7 : explain SELECT id, c FROM sbtest7 WHERE id BETWEEN 8679904 AND 8680004
	Index Scan using sbtest7_pkey on sbtest7  (cost=0.43..403.07 rows=101 width=125)
	  Index Cond: ((id >= 8679904) AND (id <= 8680004))

table 8 : explain SELECT id, c FROM sbtest8 WHERE id BETWEEN 8679904 AND 8680004
	Index Scan using sbtest8_pkey on sbtest8  (cost=0.43..434.19 rows=109 width=125)
	  Index Cond: ((id >= 8679904) AND (id <= 8680004))


for range-notcovered
table 1 : explain SELECT id, c FROM sbtest1 WHERE id BETWEEN 5189161 AND 5189261
	Index Scan using sbtest1_pkey on sbtest1  (cost=0.43..416.07 rows=104 width=125)
	  Index Cond: ((id >= 5189161) AND (id <= 5189261))

table 2 : explain SELECT id, c FROM sbtest2 WHERE id BETWEEN 5189161 AND 5189261
	Index Scan using sbtest2_pkey on sbtest2  (cost=0.43..401.08 rows=100 width=125)
	  Index Cond: ((id >= 5189161) AND (id <= 5189261))

table 3 : explain SELECT id, c FROM sbtest3 WHERE id BETWEEN 5189161 AND 5189261
	Index Scan using sbtest3_pkey on sbtest3  (cost=0.43..384.58 rows=96 width=125)
	  Index Cond: ((id >= 5189161) AND (id <= 5189261))

table 4 : explain SELECT id, c FROM sbtest4 WHERE id BETWEEN 5189161 AND 5189261
	Index Scan using sbtest4_pkey on sbtest4  (cost=0.43..379.46 rows=95 width=125)
	  Index Cond: ((id >= 5189161) AND (id <= 5189261))

table 5 : explain SELECT id, c FROM sbtest5 WHERE id BETWEEN 5189161 AND 5189261
	Index Scan using sbtest5_pkey on sbtest5  (cost=0.43..443.76 rows=111 width=125)
	  Index Cond: ((id >= 5189161) AND (id <= 5189261))

table 6 : explain SELECT id, c FROM sbtest6 WHERE id BETWEEN 5189161 AND 5189261
	Index Scan using sbtest6_pkey on sbtest6  (cost=0.43..399.51 rows=100 width=125)
	  Index Cond: ((id >= 5189161) AND (id <= 5189261))

table 7 : explain SELECT id, c FROM sbtest7 WHERE id BETWEEN 5189161 AND 5189261
	Index Scan using sbtest7_pkey on sbtest7  (cost=0.43..407.02 rows=102 width=125)
	  Index Cond: ((id >= 5189161) AND (id <= 5189261))

table 8 : explain SELECT id, c FROM sbtest8 WHERE id BETWEEN 5189161 AND 5189261
	Index Scan using sbtest8_pkey on sbtest8  (cost=0.43..390.82 rows=98 width=125)
	  Index Cond: ((id >= 5189161) AND (id <= 5189261))

explain: for range-notcovered :: explain SELECT id, c FROM sbtest%d WHERE id BETWEEN 6824075 AND 6824175
explain: for range-notcovered :: explain SELECT id, c FROM sbtest%d WHERE id BETWEEN 8679904 AND 8680004
explain: for range-notcovered :: explain SELECT id, c FROM sbtest%d WHERE id BETWEEN 7048714 AND 7048814
explain: for range-notcovered :: explain SELECT id, c FROM sbtest%d WHERE id BETWEEN 5189161 AND 5189261
for range-notcovered
table 1 : explain SELECT id, c FROM sbtest1 WHERE id BETWEEN 3054407 AND 3054507
	Index Scan using sbtest1_pkey on sbtest1  (cost=0.43..356.70 rows=89 width=125)
	  Index Cond: ((id >= 3054407) AND (id <= 3054507))

table 2 : explain SELECT id, c FROM sbtest2 WHERE id BETWEEN 3054407 AND 3054507
	Index Scan using sbtest2_pkey on sbtest2  (cost=0.43..428.86 rows=107 width=125)
	  Index Cond: ((id >= 3054407) AND (id <= 3054507))

table 3 : explain SELECT id, c FROM sbtest3 WHERE id BETWEEN 3054407 AND 3054507
	Index Scan using sbtest3_pkey on sbtest3  (cost=0.43..400.41 rows=100 width=125)
	  Index Cond: ((id >= 3054407) AND (id <= 3054507))

table 4 : explain SELECT id, c FROM sbtest4 WHERE id BETWEEN 3054407 AND 3054507
	Index Scan using sbtest4_pkey on sbtest4  (cost=0.43..422.89 rows=106 width=125)
	  Index Cond: ((id >= 3054407) AND (id <= 3054507))

table 5 : explain SELECT id, c FROM sbtest5 WHERE id BETWEEN 3054407 AND 3054507
	Index Scan using sbtest5_pkey on sbtest5  (cost=0.43..400.22 rows=100 width=125)
	  Index Cond: ((id >= 3054407) AND (id <= 3054507))

table 6 : explain SELECT id, c FROM sbtest6 WHERE id BETWEEN 3054407 AND 3054507
	Index Scan using sbtest6_pkey on sbtest6  (cost=0.43..415.31 rows=104 width=125)
	  Index Cond: ((id >= 3054407) AND (id <= 3054507))

table 7 : explain SELECT id, c FROM sbtest7 WHERE id BETWEEN 3054407 AND 3054507
	Index Scan using sbtest7_pkey on sbtest7  (cost=0.43..387.27 rows=97 width=125)
	  Index Cond: ((id >= 3054407) AND (id <= 3054507))

table 8 : explain SELECT id, c FROM sbtest8 WHERE id BETWEEN 3054407 AND 3054507
	Index Scan using sbtest8_pkey on sbtest8  (cost=0.43..438.14 rows=110 width=125)
	  Index Cond: ((id >= 3054407) AND (id <= 3054507))

explain: for range-notcovered :: explain SELECT id, c FROM sbtest%d WHERE id BETWEEN 3054407 AND 3054507
for range-notcovered
table 1 : explain SELECT id, c FROM sbtest1 WHERE id BETWEEN 7048714 AND 7048814
	Index Scan using sbtest1_pkey on sbtest1  (cost=0.43..368.57 rows=92 width=125)
	  Index Cond: ((id >= 7048714) AND (id <= 7048814))

table 2 : explain SELECT id, c FROM sbtest2 WHERE id BETWEEN 7048714 AND 7048814
	Index Scan using sbtest2_pkey on sbtest2  (cost=0.43..405.05 rows=101 width=125)
	  Index Cond: ((id >= 7048714) AND (id <= 7048814))

table 3 : explain SELECT id, c FROM sbtest3 WHERE id BETWEEN 7048714 AND 7048814
	Index Scan using sbtest3_pkey on sbtest3  (cost=0.43..408.35 rows=102 width=125)
	  Index Cond: ((id >= 7048714) AND (id <= 7048814))

table 4 : explain SELECT id, c FROM sbtest4 WHERE id BETWEEN 7048714 AND 7048814
	Index Scan using sbtest4_pkey on sbtest4  (cost=0.43..395.24 rows=99 width=125)
	  Index Cond: ((id >= 7048714) AND (id <= 7048814))

table 5 : explain SELECT id, c FROM sbtest5 WHERE id BETWEEN 7048714 AND 7048814
	Index Scan using sbtest5_pkey on sbtest5  (cost=0.43..376.48 rows=94 width=125)
	  Index Cond: ((id >= 7048714) AND (id <= 7048814))

table 6 : explain SELECT id, c FROM sbtest6 WHERE id BETWEEN 7048714 AND 7048814
	Index Scan using sbtest6_pkey on sbtest6  (cost=0.43..411.36 rows=103 width=125)
	  Index Cond: ((id >= 7048714) AND (id <= 7048814))

table 7 : explain SELECT id, c FROM sbtest7 WHERE id BETWEEN 7048714 AND 7048814
	Index Scan using sbtest7_pkey on sbtest7  (cost=0.43..426.74 rows=107 width=125)
	  Index Cond: ((id >= 7048714) AND (id <= 7048814))

table 8 : explain SELECT id, c FROM sbtest8 WHERE id BETWEEN 7048714 AND 7048814
	Index Scan using sbtest8_pkey on sbtest8  (cost=0.43..371.11 rows=93 width=125)
	  Index Cond: ((id >= 7048714) AND (id <= 7048814))

for range-notcovered
table 1 : explain SELECT id, c FROM sbtest1 WHERE id BETWEEN 5189161 AND 5189261
	Index Scan using sbtest1_pkey on sbtest1  (cost=0.43..416.07 rows=104 width=125)
	  Index Cond: ((id >= 5189161) AND (id <= 5189261))

table 2 : explain SELECT id, c FROM sbtest2 WHERE id BETWEEN 5189161 AND 5189261
	Index Scan using sbtest2_pkey on sbtest2  (cost=0.43..401.08 rows=100 width=125)
	  Index Cond: ((id >= 5189161) AND (id <= 5189261))

table 3 : explain SELECT id, c FROM sbtest3 WHERE id BETWEEN 5189161 AND 5189261
	Index Scan using sbtest3_pkey on sbtest3  (cost=0.43..384.58 rows=96 width=125)
	  Index Cond: ((id >= 5189161) AND (id <= 5189261))

table 4 : explain SELECT id, c FROM sbtest4 WHERE id BETWEEN 5189161 AND 5189261
	Index Scan using sbtest4_pkey on sbtest4  (cost=0.43..379.46 rows=95 width=125)
	  Index Cond: ((id >= 5189161) AND (id <= 5189261))

table 5 : explain SELECT id, c FROM sbtest5 WHERE id BETWEEN 5189161 AND 5189261
	Index Scan using sbtest5_pkey on sbtest5  (cost=0.43..443.76 rows=111 width=125)
	  Index Cond: ((id >= 5189161) AND (id <= 5189261))

table 6 : explain SELECT id, c FROM sbtest6 WHERE id BETWEEN 5189161 AND 5189261
	Index Scan using sbtest6_pkey on sbtest6  (cost=0.43..399.51 rows=100 width=125)
	  Index Cond: ((id >= 5189161) AND (id <= 5189261))

table 7 : explain SELECT id, c FROM sbtest7 WHERE id BETWEEN 5189161 AND 5189261
	Index Scan using sbtest7_pkey on sbtest7  (cost=0.43..407.02 rows=102 width=125)
	  Index Cond: ((id >= 5189161) AND (id <= 5189261))

table 8 : explain SELECT id, c FROM sbtest8 WHERE id BETWEEN 5189161 AND 5189261
	Index Scan using sbtest8_pkey on sbtest8  (cost=0.43..390.82 rows=98 width=125)
	  Index Cond: ((id >= 5189161) AND (id <= 5189261))

for range-notcovered
table 1 : explain SELECT id, c FROM sbtest1 WHERE id BETWEEN 8679904 AND 8680004
	Index Scan using sbtest1_pkey on sbtest1  (cost=0.43..376.48 rows=94 width=125)
	  Index Cond: ((id >= 8679904) AND (id <= 8680004))

table 2 : explain SELECT id, c FROM sbtest2 WHERE id BETWEEN 8679904 AND 8680004
	Index Scan using sbtest2_pkey on sbtest2  (cost=0.43..409.02 rows=102 width=125)
	  Index Cond: ((id >= 8679904) AND (id <= 8680004))

table 3 : explain SELECT id, c FROM sbtest3 WHERE id BETWEEN 8679904 AND 8680004
	Index Scan using sbtest3_pkey on sbtest3  (cost=0.43..344.99 rows=86 width=125)
	  Index Cond: ((id >= 8679904) AND (id <= 8680004))

table 4 : explain SELECT id, c FROM sbtest4 WHERE id BETWEEN 8679904 AND 8680004
	Index Scan using sbtest4_pkey on sbtest4  (cost=0.43..407.10 rows=102 width=125)
	  Index Cond: ((id >= 8679904) AND (id <= 8680004))

table 5 : explain SELECT id, c FROM sbtest5 WHERE id BETWEEN 8679904 AND 8680004
	Index Scan using sbtest5_pkey on sbtest5  (cost=0.43..412.10 rows=103 width=125)
	  Index Cond: ((id >= 8679904) AND (id <= 8680004))

table 6 : explain SELECT id, c FROM sbtest6 WHERE id BETWEEN 8679904 AND 8680004
	Index Scan using sbtest6_pkey on sbtest6  (cost=0.43..407.41 rows=102 width=125)
	  Index Cond: ((id >= 8679904) AND (id <= 8680004))

table 7 : explain SELECT id, c FROM sbtest7 WHERE id BETWEEN 8679904 AND 8680004
	Index Scan using sbtest7_pkey on sbtest7  (cost=0.43..403.07 rows=101 width=125)
	  Index Cond: ((id >= 8679904) AND (id <= 8680004))

table 8 : explain SELECT id, c FROM sbtest8 WHERE id BETWEEN 8679904 AND 8680004
	Index Scan using sbtest8_pkey on sbtest8  (cost=0.43..434.19 rows=109 width=125)
	  Index Cond: ((id >= 8679904) AND (id <= 8680004))

explain: for range-notcovered :: explain SELECT id, c FROM sbtest%d WHERE id BETWEEN 7048714 AND 7048814
explain: for range-notcovered :: explain SELECT id, c FROM sbtest%d WHERE id BETWEEN 5189161 AND 5189261
for range-notcovered
table 1 : explain SELECT id, c FROM sbtest1 WHERE id BETWEEN 6824075 AND 6824175
	Index Scan using sbtest1_pkey on sbtest1  (cost=0.43..463.55 rows=116 width=125)
	  Index Cond: ((id >= 6824075) AND (id <= 6824175))

table 2 : explain SELECT id, c FROM sbtest2 WHERE id BETWEEN 6824075 AND 6824175
	Index Scan using sbtest2_pkey on sbtest2  (cost=0.43..436.79 rows=109 width=125)
	  Index Cond: ((id >= 6824075) AND (id <= 6824175))

table 3 : explain SELECT id, c FROM sbtest3 WHERE id BETWEEN 6824075 AND 6824175
	Index Scan using sbtest3_pkey on sbtest3  (cost=0.43..412.31 rows=103 width=125)
	  Index Cond: ((id >= 6824075) AND (id <= 6824175))

table 4 : explain SELECT id, c FROM sbtest4 WHERE id BETWEEN 6824075 AND 6824175
	Index Scan using sbtest4_pkey on sbtest4  (cost=0.43..414.99 rows=104 width=125)
	  Index Cond: ((id >= 6824075) AND (id <= 6824175))

table 5 : explain SELECT id, c FROM sbtest5 WHERE id BETWEEN 6824075 AND 6824175
	Index Scan using sbtest5_pkey on sbtest5  (cost=0.43..368.56 rows=92 width=125)
	  Index Cond: ((id >= 6824075) AND (id <= 6824175))

table 6 : explain SELECT id, c FROM sbtest6 WHERE id BETWEEN 6824075 AND 6824175
	Index Scan using sbtest6_pkey on sbtest6  (cost=0.43..435.06 rows=109 width=125)
	  Index Cond: ((id >= 6824075) AND (id <= 6824175))

table 7 : explain SELECT id, c FROM sbtest7 WHERE id BETWEEN 6824075 AND 6824175
	Index Scan using sbtest7_pkey on sbtest7  (cost=0.43..422.80 rows=106 width=125)
	  Index Cond: ((id >= 6824075) AND (id <= 6824175))

table 8 : explain SELECT id, c FROM sbtest8 WHERE id BETWEEN 6824075 AND 6824175
	Index Scan using sbtest8_pkey on sbtest8  (cost=0.43..406.60 rows=102 width=125)
	  Index Cond: ((id >= 6824075) AND (id <= 6824175))

explain: for range-notcovered :: explain SELECT id, c FROM sbtest%d WHERE id BETWEEN 8679904 AND 8680004
explain: for range-notcovered :: explain SELECT id, c FROM sbtest%d WHERE id BETWEEN 6824075 AND 6824175
for range-notcovered
table 1 : explain SELECT id, c FROM sbtest1 WHERE id BETWEEN 7048714 AND 7048814
	Index Scan using sbtest1_pkey on sbtest1  (cost=0.43..368.57 rows=92 width=125)
	  Index Cond: ((id >= 7048714) AND (id <= 7048814))

table 2 : explain SELECT id, c FROM sbtest2 WHERE id BETWEEN 7048714 AND 7048814
	Index Scan using sbtest2_pkey on sbtest2  (cost=0.43..405.05 rows=101 width=125)
	  Index Cond: ((id >= 7048714) AND (id <= 7048814))

table 3 : explain SELECT id, c FROM sbtest3 WHERE id BETWEEN 7048714 AND 7048814
	Index Scan using sbtest3_pkey on sbtest3  (cost=0.43..408.35 rows=102 width=125)
	  Index Cond: ((id >= 7048714) AND (id <= 7048814))

table 4 : explain SELECT id, c FROM sbtest4 WHERE id BETWEEN 7048714 AND 7048814
	Index Scan using sbtest4_pkey on sbtest4  (cost=0.43..395.24 rows=99 width=125)
	  Index Cond: ((id >= 7048714) AND (id <= 7048814))

table 5 : explain SELECT id, c FROM sbtest5 WHERE id BETWEEN 7048714 AND 7048814
	Index Scan using sbtest5_pkey on sbtest5  (cost=0.43..376.48 rows=94 width=125)
	  Index Cond: ((id >= 7048714) AND (id <= 7048814))

table 6 : explain SELECT id, c FROM sbtest6 WHERE id BETWEEN 7048714 AND 7048814
	Index Scan using sbtest6_pkey on sbtest6  (cost=0.43..411.36 rows=103 width=125)
	  Index Cond: ((id >= 7048714) AND (id <= 7048814))

table 7 : explain SELECT id, c FROM sbtest7 WHERE id BETWEEN 7048714 AND 7048814
	Index Scan using sbtest7_pkey on sbtest7  (cost=0.43..426.74 rows=107 width=125)
	  Index Cond: ((id >= 7048714) AND (id <= 7048814))

table 8 : explain SELECT id, c FROM sbtest8 WHERE id BETWEEN 7048714 AND 7048814
	Index Scan using sbtest8_pkey on sbtest8  (cost=0.43..371.11 rows=93 width=125)
	  Index Cond: ((id >= 7048714) AND (id <= 7048814))

for range-notcovered
table 1 : explain SELECT id, c FROM sbtest1 WHERE id BETWEEN 5189161 AND 5189261
	Index Scan using sbtest1_pkey on sbtest1  (cost=0.43..416.07 rows=104 width=125)
	  Index Cond: ((id >= 5189161) AND (id <= 5189261))

table 2 : explain SELECT id, c FROM sbtest2 WHERE id BETWEEN 5189161 AND 5189261
	Index Scan using sbtest2_pkey on sbtest2  (cost=0.43..401.08 rows=100 width=125)
	  Index Cond: ((id >= 5189161) AND (id <= 5189261))

table 3 : explain SELECT id, c FROM sbtest3 WHERE id BETWEEN 5189161 AND 5189261
	Index Scan using sbtest3_pkey on sbtest3  (cost=0.43..384.58 rows=96 width=125)
	  Index Cond: ((id >= 5189161) AND (id <= 5189261))

table 4 : explain SELECT id, c FROM sbtest4 WHERE id BETWEEN 5189161 AND 5189261
	Index Scan using sbtest4_pkey on sbtest4  (cost=0.43..379.46 rows=95 width=125)
	  Index Cond: ((id >= 5189161) AND (id <= 5189261))

table 5 : explain SELECT id, c FROM sbtest5 WHERE id BETWEEN 5189161 AND 5189261
	Index Scan using sbtest5_pkey on sbtest5  (cost=0.43..443.76 rows=111 width=125)
	  Index Cond: ((id >= 5189161) AND (id <= 5189261))

table 6 : explain SELECT id, c FROM sbtest6 WHERE id BETWEEN 5189161 AND 5189261
	Index Scan using sbtest6_pkey on sbtest6  (cost=0.43..399.51 rows=100 width=125)
	  Index Cond: ((id >= 5189161) AND (id <= 5189261))

table 7 : explain SELECT id, c FROM sbtest7 WHERE id BETWEEN 5189161 AND 5189261
	Index Scan using sbtest7_pkey on sbtest7  (cost=0.43..407.02 rows=102 width=125)
	  Index Cond: ((id >= 5189161) AND (id <= 5189261))

table 8 : explain SELECT id, c FROM sbtest8 WHERE id BETWEEN 5189161 AND 5189261
	Index Scan using sbtest8_pkey on sbtest8  (cost=0.43..390.82 rows=98 width=125)
	  Index Cond: ((id >= 5189161) AND (id <= 5189261))
for range-notcovered
table 1 : explain SELECT id, c FROM sbtest1 WHERE id BETWEEN 6824075 AND 6824175
	Index Scan using sbtest1_pkey on sbtest1  (cost=0.43..463.55 rows=116 width=125)
	  Index Cond: ((id >= 6824075) AND (id <= 6824175))

table 2 : explain SELECT id, c FROM sbtest2 WHERE id BETWEEN 6824075 AND 6824175
	Index Scan using sbtest2_pkey on sbtest2  (cost=0.43..436.79 rows=109 width=125)
	  Index Cond: ((id >= 6824075) AND (id <= 6824175))

table 3 : explain SELECT id, c FROM sbtest3 WHERE id BETWEEN 6824075 AND 6824175
	Index Scan using sbtest3_pkey on sbtest3  (cost=0.43..412.31 rows=103 width=125)
	  Index Cond: ((id >= 6824075) AND (id <= 6824175))

table 4 : explain SELECT id, c FROM sbtest4 WHERE id BETWEEN 6824075 AND 6824175
	Index Scan using sbtest4_pkey on sbtest4  (cost=0.43..414.99 rows=104 width=125)
	  Index Cond: ((id >= 6824075) AND (id <= 6824175))

table 5 : explain SELECT id, c FROM sbtest5 WHERE id BETWEEN 6824075 AND 6824175
	Index Scan using sbtest5_pkey on sbtest5  (cost=0.43..368.56 rows=92 width=125)
	  Index Cond: ((id >= 6824075) AND (id <= 6824175))

table 6 : explain SELECT id, c FROM sbtest6 WHERE id BETWEEN 6824075 AND 6824175
	Index Scan using sbtest6_pkey on sbtest6  (cost=0.43..435.06 rows=109 width=125)
	  Index Cond: ((id >= 6824075) AND (id <= 6824175))

table 7 : explain SELECT id, c FROM sbtest7 WHERE id BETWEEN 6824075 AND 6824175
	Index Scan using sbtest7_pkey on sbtest7  (cost=0.43..422.80 rows=106 width=125)
	  Index Cond: ((id >= 6824075) AND (id <= 6824175))

table 8 : explain SELECT id, c FROM sbtest8 WHERE id BETWEEN 6824075 AND 6824175
	Index Scan using sbtest8_pkey on sbtest8  (cost=0.43..406.60 rows=102 width=125)
	  Index Cond: ((id >= 6824075) AND (id <= 6824175))


for range-notcovered
table 1 : explain SELECT id, c FROM sbtest1 WHERE id BETWEEN 8679904 AND 8680004
	Index Scan using sbtest1_pkey on sbtest1  (cost=0.43..376.48 rows=94 width=125)
	  Index Cond: ((id >= 8679904) AND (id <= 8680004))

table 2 : explain SELECT id, c FROM sbtest2 WHERE id BETWEEN 8679904 AND 8680004
	Index Scan using sbtest2_pkey on sbtest2  (cost=0.43..409.02 rows=102 width=125)
	  Index Cond: ((id >= 8679904) AND (id <= 8680004))

table 3 : explain SELECT id, c FROM sbtest3 WHERE id BETWEEN 8679904 AND 8680004
	Index Scan using sbtest3_pkey on sbtest3  (cost=0.43..344.99 rows=86 width=125)
	  Index Cond: ((id >= 8679904) AND (id <= 8680004))

table 4 : explain SELECT id, c FROM sbtest4 WHERE id BETWEEN 8679904 AND 8680004
	Index Scan using sbtest4_pkey on sbtest4  (cost=0.43..407.10 rows=102 width=125)
	  Index Cond: ((id >= 8679904) AND (id <= 8680004))

table 5 : explain SELECT id, c FROM sbtest5 WHERE id BETWEEN 8679904 AND 8680004
	Index Scan using sbtest5_pkey on sbtest5  (cost=0.43..412.10 rows=103 width=125)
	  Index Cond: ((id >= 8679904) AND (id <= 8680004))

table 6 : explain SELECT id, c FROM sbtest6 WHERE id BETWEEN 8679904 AND 8680004
	Index Scan using sbtest6_pkey on sbtest6  (cost=0.43..407.41 rows=102 width=125)
	  Index Cond: ((id >= 8679904) AND (id <= 8680004))

table 7 : explain SELECT id, c FROM sbtest7 WHERE id BETWEEN 8679904 AND 8680004
	Index Scan using sbtest7_pkey on sbtest7  (cost=0.43..403.07 rows=101 width=125)
	  Index Cond: ((id >= 8679904) AND (id <= 8680004))

table 8 : explain SELECT id, c FROM sbtest8 WHERE id BETWEEN 8679904 AND 8680004
	Index Scan using sbtest8_pkey on sbtest8  (cost=0.43..434.19 rows=109 width=125)
	  Index Cond: ((id >= 8679904) AND (id <= 8680004))

explain: for range-notcovered :: explain SELECT id, c FROM sbtest%d WHERE id BETWEEN 6824075 AND 6824175
explain: for range-notcovered :: explain SELECT id, c FROM sbtest%d WHERE id BETWEEN 5189161 AND 5189261
explain: for range-notcovered :: explain SELECT id, c FROM sbtest%d WHERE id BETWEEN 8679904 AND 8680004
for range-notcovered
table 1 : explain SELECT id, c FROM sbtest1 WHERE id BETWEEN 6824075 AND 6824175
	Index Scan using sbtest1_pkey on sbtest1  (cost=0.43..463.55 rows=116 width=125)
	  Index Cond: ((id >= 6824075) AND (id <= 6824175))

table 2 : explain SELECT id, c FROM sbtest2 WHERE id BETWEEN 6824075 AND 6824175
	Index Scan using sbtest2_pkey on sbtest2  (cost=0.43..436.79 rows=109 width=125)
	  Index Cond: ((id >= 6824075) AND (id <= 6824175))

table 3 : explain SELECT id, c FROM sbtest3 WHERE id BETWEEN 6824075 AND 6824175
	Index Scan using sbtest3_pkey on sbtest3  (cost=0.43..412.31 rows=103 width=125)
	  Index Cond: ((id >= 6824075) AND (id <= 6824175))

table 4 : explain SELECT id, c FROM sbtest4 WHERE id BETWEEN 6824075 AND 6824175
	Index Scan using sbtest4_pkey on sbtest4  (cost=0.43..414.99 rows=104 width=125)
	  Index Cond: ((id >= 6824075) AND (id <= 6824175))

table 5 : explain SELECT id, c FROM sbtest5 WHERE id BETWEEN 6824075 AND 6824175
	Index Scan using sbtest5_pkey on sbtest5  (cost=0.43..368.56 rows=92 width=125)
	  Index Cond: ((id >= 6824075) AND (id <= 6824175))

table 6 : explain SELECT id, c FROM sbtest6 WHERE id BETWEEN 6824075 AND 6824175
	Index Scan using sbtest6_pkey on sbtest6  (cost=0.43..435.06 rows=109 width=125)
	  Index Cond: ((id >= 6824075) AND (id <= 6824175))

table 7 : explain SELECT id, c FROM sbtest7 WHERE id BETWEEN 6824075 AND 6824175
	Index Scan using sbtest7_pkey on sbtest7  (cost=0.43..422.80 rows=106 width=125)
	  Index Cond: ((id >= 6824075) AND (id <= 6824175))

table 8 : explain SELECT id, c FROM sbtest8 WHERE id BETWEEN 6824075 AND 6824175
	Index Scan using sbtest8_pkey on sbtest8  (cost=0.43..406.60 rows=102 width=125)
	  Index Cond: ((id >= 6824075) AND (id <= 6824175))

explain: for range-notcovered :: explain SELECT id, c FROM sbtest%d WHERE id BETWEEN 6824075 AND 6824175
for range-notcovered
table 1 : explain SELECT id, c FROM sbtest1 WHERE id BETWEEN 5189161 AND 5189261
	Index Scan using sbtest1_pkey on sbtest1  (cost=0.43..416.07 rows=104 width=125)
	  Index Cond: ((id >= 5189161) AND (id <= 5189261))

table 2 : explain SELECT id, c FROM sbtest2 WHERE id BETWEEN 5189161 AND 5189261
	Index Scan using sbtest2_pkey on sbtest2  (cost=0.43..401.08 rows=100 width=125)
	  Index Cond: ((id >= 5189161) AND (id <= 5189261))

table 3 : explain SELECT id, c FROM sbtest3 WHERE id BETWEEN 5189161 AND 5189261
	Index Scan using sbtest3_pkey on sbtest3  (cost=0.43..384.58 rows=96 width=125)
	  Index Cond: ((id >= 5189161) AND (id <= 5189261))

table 4 : explain SELECT id, c FROM sbtest4 WHERE id BETWEEN 5189161 AND 5189261
	Index Scan using sbtest4_pkey on sbtest4  (cost=0.43..379.46 rows=95 width=125)
	  Index Cond: ((id >= 5189161) AND (id <= 5189261))

table 5 : explain SELECT id, c FROM sbtest5 WHERE id BETWEEN 5189161 AND 5189261
	Index Scan using sbtest5_pkey on sbtest5  (cost=0.43..443.76 rows=111 width=125)
	  Index Cond: ((id >= 5189161) AND (id <= 5189261))

table 6 : explain SELECT id, c FROM sbtest6 WHERE id BETWEEN 5189161 AND 5189261
	Index Scan using sbtest6_pkey on sbtest6  (cost=0.43..399.51 rows=100 width=125)
	  Index Cond: ((id >= 5189161) AND (id <= 5189261))

table 7 : explain SELECT id, c FROM sbtest7 WHERE id BETWEEN 5189161 AND 5189261
	Index Scan using sbtest7_pkey on sbtest7  (cost=0.43..407.02 rows=102 width=125)
	  Index Cond: ((id >= 5189161) AND (id <= 5189261))

table 8 : explain SELECT id, c FROM sbtest8 WHERE id BETWEEN 5189161 AND 5189261
	Index Scan using sbtest8_pkey on sbtest8  (cost=0.43..390.82 rows=98 width=125)
	  Index Cond: ((id >= 5189161) AND (id <= 5189261))

explain: for range-notcovered :: explain SELECT id, c FROM sbtest%d WHERE id BETWEEN 5189161 AND 5189261
for range-notcovered
table 1 : explain SELECT id, c FROM sbtest1 WHERE id BETWEEN 8679904 AND 8680004
	Index Scan using sbtest1_pkey on sbtest1  (cost=0.43..376.48 rows=94 width=125)
	  Index Cond: ((id >= 8679904) AND (id <= 8680004))

table 2 : explain SELECT id, c FROM sbtest2 WHERE id BETWEEN 8679904 AND 8680004
	Index Scan using sbtest2_pkey on sbtest2  (cost=0.43..409.02 rows=102 width=125)
	  Index Cond: ((id >= 8679904) AND (id <= 8680004))

table 3 : explain SELECT id, c FROM sbtest3 WHERE id BETWEEN 8679904 AND 8680004
	Index Scan using sbtest3_pkey on sbtest3  (cost=0.43..344.99 rows=86 width=125)
	  Index Cond: ((id >= 8679904) AND (id <= 8680004))

table 4 : explain SELECT id, c FROM sbtest4 WHERE id BETWEEN 8679904 AND 8680004
	Index Scan using sbtest4_pkey on sbtest4  (cost=0.43..407.10 rows=102 width=125)
	  Index Cond: ((id >= 8679904) AND (id <= 8680004))

table 5 : explain SELECT id, c FROM sbtest5 WHERE id BETWEEN 8679904 AND 8680004
	Index Scan using sbtest5_pkey on sbtest5  (cost=0.43..412.10 rows=103 width=125)
	  Index Cond: ((id >= 8679904) AND (id <= 8680004))

table 6 : explain SELECT id, c FROM sbtest6 WHERE id BETWEEN 8679904 AND 8680004
	Index Scan using sbtest6_pkey on sbtest6  (cost=0.43..407.41 rows=102 width=125)
	  Index Cond: ((id >= 8679904) AND (id <= 8680004))

table 7 : explain SELECT id, c FROM sbtest7 WHERE id BETWEEN 8679904 AND 8680004
	Index Scan using sbtest7_pkey on sbtest7  (cost=0.43..403.07 rows=101 width=125)
	  Index Cond: ((id >= 8679904) AND (id <= 8680004))

table 8 : explain SELECT id, c FROM sbtest8 WHERE id BETWEEN 8679904 AND 8680004
	Index Scan using sbtest8_pkey on sbtest8  (cost=0.43..434.19 rows=109 width=125)
	  Index Cond: ((id >= 8679904) AND (id <= 8680004))

explain: for range-notcovered :: explain SELECT id, c FROM sbtest%d WHERE id BETWEEN 8679904 AND 8680004
for range-notcovered
table 1 : explain SELECT id, c FROM sbtest1 WHERE id BETWEEN 6824075 AND 6824175
	Index Scan using sbtest1_pkey on sbtest1  (cost=0.43..463.55 rows=116 width=125)
	  Index Cond: ((id >= 6824075) AND (id <= 6824175))

table 2 : explain SELECT id, c FROM sbtest2 WHERE id BETWEEN 6824075 AND 6824175
	Index Scan using sbtest2_pkey on sbtest2  (cost=0.43..436.79 rows=109 width=125)
	  Index Cond: ((id >= 6824075) AND (id <= 6824175))

table 3 : explain SELECT id, c FROM sbtest3 WHERE id BETWEEN 6824075 AND 6824175
	Index Scan using sbtest3_pkey on sbtest3  (cost=0.43..412.31 rows=103 width=125)
	  Index Cond: ((id >= 6824075) AND (id <= 6824175))

table 4 : explain SELECT id, c FROM sbtest4 WHERE id BETWEEN 6824075 AND 6824175
	Index Scan using sbtest4_pkey on sbtest4  (cost=0.43..414.99 rows=104 width=125)
	  Index Cond: ((id >= 6824075) AND (id <= 6824175))

table 5 : explain SELECT id, c FROM sbtest5 WHERE id BETWEEN 6824075 AND 6824175
	Index Scan using sbtest5_pkey on sbtest5  (cost=0.43..368.56 rows=92 width=125)
	  Index Cond: ((id >= 6824075) AND (id <= 6824175))

table 6 : explain SELECT id, c FROM sbtest6 WHERE id BETWEEN 6824075 AND 6824175
	Index Scan using sbtest6_pkey on sbtest6  (cost=0.43..435.06 rows=109 width=125)
	  Index Cond: ((id >= 6824075) AND (id <= 6824175))

table 7 : explain SELECT id, c FROM sbtest7 WHERE id BETWEEN 6824075 AND 6824175
	Index Scan using sbtest7_pkey on sbtest7  (cost=0.43..422.80 rows=106 width=125)
	  Index Cond: ((id >= 6824075) AND (id <= 6824175))

table 8 : explain SELECT id, c FROM sbtest8 WHERE id BETWEEN 6824075 AND 6824175
	Index Scan using sbtest8_pkey on sbtest8  (cost=0.43..406.60 rows=102 width=125)
	  Index Cond: ((id >= 6824075) AND (id <= 6824175))

explain: for range-notcovered :: explain SELECT id, c FROM sbtest%d WHERE id BETWEEN 6824075 AND 6824175
for range-notcovered
table 1 : explain SELECT id, c FROM sbtest1 WHERE id BETWEEN 5189161 AND 5189261
	Index Scan using sbtest1_pkey on sbtest1  (cost=0.43..416.07 rows=104 width=125)
	  Index Cond: ((id >= 5189161) AND (id <= 5189261))

table 2 : explain SELECT id, c FROM sbtest2 WHERE id BETWEEN 5189161 AND 5189261
	Index Scan using sbtest2_pkey on sbtest2  (cost=0.43..401.08 rows=100 width=125)
	  Index Cond: ((id >= 5189161) AND (id <= 5189261))

table 3 : explain SELECT id, c FROM sbtest3 WHERE id BETWEEN 5189161 AND 5189261
	Index Scan using sbtest3_pkey on sbtest3  (cost=0.43..384.58 rows=96 width=125)
	  Index Cond: ((id >= 5189161) AND (id <= 5189261))

table 4 : explain SELECT id, c FROM sbtest4 WHERE id BETWEEN 5189161 AND 5189261
	Index Scan using sbtest4_pkey on sbtest4  (cost=0.43..379.46 rows=95 width=125)
	  Index Cond: ((id >= 5189161) AND (id <= 5189261))

table 5 : explain SELECT id, c FROM sbtest5 WHERE id BETWEEN 5189161 AND 5189261
	Index Scan using sbtest5_pkey on sbtest5  (cost=0.43..443.76 rows=111 width=125)
	  Index Cond: ((id >= 5189161) AND (id <= 5189261))

table 6 : explain SELECT id, c FROM sbtest6 WHERE id BETWEEN 5189161 AND 5189261
	Index Scan using sbtest6_pkey on sbtest6  (cost=0.43..399.51 rows=100 width=125)
	  Index Cond: ((id >= 5189161) AND (id <= 5189261))

table 7 : explain SELECT id, c FROM sbtest7 WHERE id BETWEEN 5189161 AND 5189261
	Index Scan using sbtest7_pkey on sbtest7  (cost=0.43..407.02 rows=102 width=125)
	  Index Cond: ((id >= 5189161) AND (id <= 5189261))

table 8 : explain SELECT id, c FROM sbtest8 WHERE id BETWEEN 5189161 AND 5189261
	Index Scan using sbtest8_pkey on sbtest8  (cost=0.43..390.82 rows=98 width=125)
	  Index Cond: ((id >= 5189161) AND (id <= 5189261))

explain: for range-notcovered :: explain SELECT id, c FROM sbtest%d WHERE id BETWEEN 5189161 AND 5189261
for range-notcovered
table 1 : explain SELECT id, c FROM sbtest1 WHERE id BETWEEN 6824075 AND 6824175
	Index Scan using sbtest1_pkey on sbtest1  (cost=0.43..463.55 rows=116 width=125)
	  Index Cond: ((id >= 6824075) AND (id <= 6824175))

table 2 : explain SELECT id, c FROM sbtest2 WHERE id BETWEEN 6824075 AND 6824175
	Index Scan using sbtest2_pkey on sbtest2  (cost=0.43..436.79 rows=109 width=125)
	  Index Cond: ((id >= 6824075) AND (id <= 6824175))

table 3 : explain SELECT id, c FROM sbtest3 WHERE id BETWEEN 6824075 AND 6824175
	Index Scan using sbtest3_pkey on sbtest3  (cost=0.43..412.31 rows=103 width=125)
	  Index Cond: ((id >= 6824075) AND (id <= 6824175))

table 4 : explain SELECT id, c FROM sbtest4 WHERE id BETWEEN 6824075 AND 6824175
	Index Scan using sbtest4_pkey on sbtest4  (cost=0.43..414.99 rows=104 width=125)
	  Index Cond: ((id >= 6824075) AND (id <= 6824175))

table 5 : explain SELECT id, c FROM sbtest5 WHERE id BETWEEN 6824075 AND 6824175
	Index Scan using sbtest5_pkey on sbtest5  (cost=0.43..368.56 rows=92 width=125)
	  Index Cond: ((id >= 6824075) AND (id <= 6824175))

table 6 : explain SELECT id, c FROM sbtest6 WHERE id BETWEEN 6824075 AND 6824175
	Index Scan using sbtest6_pkey on sbtest6  (cost=0.43..435.06 rows=109 width=125)
	  Index Cond: ((id >= 6824075) AND (id <= 6824175))

table 7 : explain SELECT id, c FROM sbtest7 WHERE id BETWEEN 6824075 AND 6824175
	Index Scan using sbtest7_pkey on sbtest7  (cost=0.43..422.80 rows=106 width=125)
	  Index Cond: ((id >= 6824075) AND (id <= 6824175))

table 8 : explain SELECT id, c FROM sbtest8 WHERE id BETWEEN 6824075 AND 6824175
	Index Scan using sbtest8_pkey on sbtest8  (cost=0.43..406.60 rows=102 width=125)
	  Index Cond: ((id >= 6824075) AND (id <= 6824175))

explain: for range-notcovered :: explain SELECT id, c FROM sbtest%d WHERE id BETWEEN 6824075 AND 6824175
for range-notcovered
table 1 : explain SELECT id, c FROM sbtest1 WHERE id BETWEEN 5189161 AND 5189261
	Index Scan using sbtest1_pkey on sbtest1  (cost=0.43..416.07 rows=104 width=125)
	  Index Cond: ((id >= 5189161) AND (id <= 5189261))

table 2 : explain SELECT id, c FROM sbtest2 WHERE id BETWEEN 5189161 AND 5189261
	Index Scan using sbtest2_pkey on sbtest2  (cost=0.43..401.08 rows=100 width=125)
	  Index Cond: ((id >= 5189161) AND (id <= 5189261))

table 3 : explain SELECT id, c FROM sbtest3 WHERE id BETWEEN 5189161 AND 5189261
	Index Scan using sbtest3_pkey on sbtest3  (cost=0.43..384.58 rows=96 width=125)
	  Index Cond: ((id >= 5189161) AND (id <= 5189261))

table 4 : explain SELECT id, c FROM sbtest4 WHERE id BETWEEN 5189161 AND 5189261
	Index Scan using sbtest4_pkey on sbtest4  (cost=0.43..379.46 rows=95 width=125)
	  Index Cond: ((id >= 5189161) AND (id <= 5189261))

table 5 : explain SELECT id, c FROM sbtest5 WHERE id BETWEEN 5189161 AND 5189261
	Index Scan using sbtest5_pkey on sbtest5  (cost=0.43..443.76 rows=111 width=125)
	  Index Cond: ((id >= 5189161) AND (id <= 5189261))

table 6 : explain SELECT id, c FROM sbtest6 WHERE id BETWEEN 5189161 AND 5189261
	Index Scan using sbtest6_pkey on sbtest6  (cost=0.43..399.51 rows=100 width=125)
	  Index Cond: ((id >= 5189161) AND (id <= 5189261))

table 7 : explain SELECT id, c FROM sbtest7 WHERE id BETWEEN 5189161 AND 5189261
	Index Scan using sbtest7_pkey on sbtest7  (cost=0.43..407.02 rows=102 width=125)
	  Index Cond: ((id >= 5189161) AND (id <= 5189261))

table 8 : explain SELECT id, c FROM sbtest8 WHERE id BETWEEN 5189161 AND 5189261
	Index Scan using sbtest8_pkey on sbtest8  (cost=0.43..390.82 rows=98 width=125)
	  Index Cond: ((id >= 5189161) AND (id <= 5189261))

explain: for range-notcovered :: explain SELECT id, c FROM sbtest%d WHERE id BETWEEN 5189161 AND 5189261
explain: for range-notcovered :: explain SELECT id, c FROM sbtest%d WHERE id BETWEEN 6632987 AND 6633087
for range-notcovered
table 1 : explain SELECT id, c FROM sbtest1 WHERE id BETWEEN 6824075 AND 6824175
	Index Scan using sbtest1_pkey on sbtest1  (cost=0.43..463.55 rows=116 width=125)
	  Index Cond: ((id >= 6824075) AND (id <= 6824175))

table 2 : explain SELECT id, c FROM sbtest2 WHERE id BETWEEN 6824075 AND 6824175
	Index Scan using sbtest2_pkey on sbtest2  (cost=0.43..436.79 rows=109 width=125)
	  Index Cond: ((id >= 6824075) AND (id <= 6824175))

table 3 : explain SELECT id, c FROM sbtest3 WHERE id BETWEEN 6824075 AND 6824175
	Index Scan using sbtest3_pkey on sbtest3  (cost=0.43..412.31 rows=103 width=125)
	  Index Cond: ((id >= 6824075) AND (id <= 6824175))

table 4 : explain SELECT id, c FROM sbtest4 WHERE id BETWEEN 6824075 AND 6824175
	Index Scan using sbtest4_pkey on sbtest4  (cost=0.43..414.99 rows=104 width=125)
	  Index Cond: ((id >= 6824075) AND (id <= 6824175))

table 5 : explain SELECT id, c FROM sbtest5 WHERE id BETWEEN 6824075 AND 6824175
	Index Scan using sbtest5_pkey on sbtest5  (cost=0.43..368.56 rows=92 width=125)
	  Index Cond: ((id >= 6824075) AND (id <= 6824175))

table 6 : explain SELECT id, c FROM sbtest6 WHERE id BETWEEN 6824075 AND 6824175
	Index Scan using sbtest6_pkey on sbtest6  (cost=0.43..435.06 rows=109 width=125)
	  Index Cond: ((id >= 6824075) AND (id <= 6824175))

table 7 : explain SELECT id, c FROM sbtest7 WHERE id BETWEEN 6824075 AND 6824175
	Index Scan using sbtest7_pkey on sbtest7  (cost=0.43..422.80 rows=106 width=125)
	  Index Cond: ((id >= 6824075) AND (id <= 6824175))

table 8 : explain SELECT id, c FROM sbtest8 WHERE id BETWEEN 6824075 AND 6824175
	Index Scan using sbtest8_pkey on sbtest8  (cost=0.43..406.60 rows=102 width=125)
	  Index Cond: ((id >= 6824075) AND (id <= 6824175))

explain: for range-notcovered :: explain SELECT id, c FROM sbtest%d WHERE id BETWEEN 6824075 AND 6824175
for range-notcovered
table 1 : explain SELECT id, c FROM sbtest1 WHERE id BETWEEN 8679904 AND 8680004
	Index Scan using sbtest1_pkey on sbtest1  (cost=0.43..376.48 rows=94 width=125)
	  Index Cond: ((id >= 8679904) AND (id <= 8680004))

table 2 : explain SELECT id, c FROM sbtest2 WHERE id BETWEEN 8679904 AND 8680004
	Index Scan using sbtest2_pkey on sbtest2  (cost=0.43..409.02 rows=102 width=125)
	  Index Cond: ((id >= 8679904) AND (id <= 8680004))

table 3 : explain SELECT id, c FROM sbtest3 WHERE id BETWEEN 8679904 AND 8680004
	Index Scan using sbtest3_pkey on sbtest3  (cost=0.43..344.99 rows=86 width=125)
	  Index Cond: ((id >= 8679904) AND (id <= 8680004))

table 4 : explain SELECT id, c FROM sbtest4 WHERE id BETWEEN 8679904 AND 8680004
	Index Scan using sbtest4_pkey on sbtest4  (cost=0.43..407.10 rows=102 width=125)
	  Index Cond: ((id >= 8679904) AND (id <= 8680004))

table 5 : explain SELECT id, c FROM sbtest5 WHERE id BETWEEN 8679904 AND 8680004
	Index Scan using sbtest5_pkey on sbtest5  (cost=0.43..412.10 rows=103 width=125)
	  Index Cond: ((id >= 8679904) AND (id <= 8680004))

table 6 : explain SELECT id, c FROM sbtest6 WHERE id BETWEEN 8679904 AND 8680004
	Index Scan using sbtest6_pkey on sbtest6  (cost=0.43..407.41 rows=102 width=125)
	  Index Cond: ((id >= 8679904) AND (id <= 8680004))

table 7 : explain SELECT id, c FROM sbtest7 WHERE id BETWEEN 8679904 AND 8680004
	Index Scan using sbtest7_pkey on sbtest7  (cost=0.43..403.07 rows=101 width=125)
	  Index Cond: ((id >= 8679904) AND (id <= 8680004))

table 8 : explain SELECT id, c FROM sbtest8 WHERE id BETWEEN 8679904 AND 8680004
	Index Scan using sbtest8_pkey on sbtest8  (cost=0.43..434.19 rows=109 width=125)
	  Index Cond: ((id >= 8679904) AND (id <= 8680004))

explain: for range-notcovered :: explain SELECT id, c FROM sbtest%d WHERE id BETWEEN 8679904 AND 8680004
for range-notcovered
table 1 : explain SELECT id, c FROM sbtest1 WHERE id BETWEEN 5189161 AND 5189261
	Index Scan using sbtest1_pkey on sbtest1  (cost=0.43..416.07 rows=104 width=125)
	  Index Cond: ((id >= 5189161) AND (id <= 5189261))

table 2 : explain SELECT id, c FROM sbtest2 WHERE id BETWEEN 5189161 AND 5189261
	Index Scan using sbtest2_pkey on sbtest2  (cost=0.43..401.08 rows=100 width=125)
	  Index Cond: ((id >= 5189161) AND (id <= 5189261))

table 3 : explain SELECT id, c FROM sbtest3 WHERE id BETWEEN 5189161 AND 5189261
	Index Scan using sbtest3_pkey on sbtest3  (cost=0.43..384.58 rows=96 width=125)
	  Index Cond: ((id >= 5189161) AND (id <= 5189261))

table 4 : explain SELECT id, c FROM sbtest4 WHERE id BETWEEN 5189161 AND 5189261
	Index Scan using sbtest4_pkey on sbtest4  (cost=0.43..379.46 rows=95 width=125)
	  Index Cond: ((id >= 5189161) AND (id <= 5189261))

table 5 : explain SELECT id, c FROM sbtest5 WHERE id BETWEEN 5189161 AND 5189261
	Index Scan using sbtest5_pkey on sbtest5  (cost=0.43..443.76 rows=111 width=125)
	  Index Cond: ((id >= 5189161) AND (id <= 5189261))

table 6 : explain SELECT id, c FROM sbtest6 WHERE id BETWEEN 5189161 AND 5189261
	Index Scan using sbtest6_pkey on sbtest6  (cost=0.43..399.51 rows=100 width=125)
	  Index Cond: ((id >= 5189161) AND (id <= 5189261))

table 7 : explain SELECT id, c FROM sbtest7 WHERE id BETWEEN 5189161 AND 5189261
	Index Scan using sbtest7_pkey on sbtest7  (cost=0.43..407.02 rows=102 width=125)
	  Index Cond: ((id >= 5189161) AND (id <= 5189261))

table 8 : explain SELECT id, c FROM sbtest8 WHERE id BETWEEN 5189161 AND 5189261
	Index Scan using sbtest8_pkey on sbtest8  (cost=0.43..390.82 rows=98 width=125)
	  Index Cond: ((id >= 5189161) AND (id <= 5189261))

explain: for range-notcovered :: explain SELECT id, c FROM sbtest%d WHERE id BETWEEN 6290785 AND 6290885
for range-notcovered
table 1 : explain SELECT id, c FROM sbtest1 WHERE id BETWEEN 3054407 AND 3054507
	Index Scan using sbtest1_pkey on sbtest1  (cost=0.43..356.70 rows=89 width=125)
	  Index Cond: ((id >= 3054407) AND (id <= 3054507))

table 2 : explain SELECT id, c FROM sbtest2 WHERE id BETWEEN 3054407 AND 3054507
	Index Scan using sbtest2_pkey on sbtest2  (cost=0.43..428.86 rows=107 width=125)
	  Index Cond: ((id >= 3054407) AND (id <= 3054507))

table 3 : explain SELECT id, c FROM sbtest3 WHERE id BETWEEN 3054407 AND 3054507
	Index Scan using sbtest3_pkey on sbtest3  (cost=0.43..400.41 rows=100 width=125)
	  Index Cond: ((id >= 3054407) AND (id <= 3054507))

table 4 : explain SELECT id, c FROM sbtest4 WHERE id BETWEEN 3054407 AND 3054507
	Index Scan using sbtest4_pkey on sbtest4  (cost=0.43..422.89 rows=106 width=125)
	  Index Cond: ((id >= 3054407) AND (id <= 3054507))

table 5 : explain SELECT id, c FROM sbtest5 WHERE id BETWEEN 3054407 AND 3054507
	Index Scan using sbtest5_pkey on sbtest5  (cost=0.43..400.22 rows=100 width=125)
	  Index Cond: ((id >= 3054407) AND (id <= 3054507))

table 6 : explain SELECT id, c FROM sbtest6 WHERE id BETWEEN 3054407 AND 3054507
	Index Scan using sbtest6_pkey on sbtest6  (cost=0.43..415.31 rows=104 width=125)
	  Index Cond: ((id >= 3054407) AND (id <= 3054507))

table 7 : explain SELECT id, c FROM sbtest7 WHERE id BETWEEN 3054407 AND 3054507
	Index Scan using sbtest7_pkey on sbtest7  (cost=0.43..387.27 rows=97 width=125)
	  Index Cond: ((id >= 3054407) AND (id <= 3054507))

table 8 : explain SELECT id, c FROM sbtest8 WHERE id BETWEEN 3054407 AND 3054507
	Index Scan using sbtest8_pkey on sbtest8  (cost=0.43..438.14 rows=110 width=125)
	  Index Cond: ((id >= 3054407) AND (id <= 3054507))

for range-notcovered
table 1 : explain SELECT id, c FROM sbtest1 WHERE id BETWEEN 8679904 AND 8680004
	Index Scan using sbtest1_pkey on sbtest1  (cost=0.43..376.48 rows=94 width=125)
	  Index Cond: ((id >= 8679904) AND (id <= 8680004))

table 2 : explain SELECT id, c FROM sbtest2 WHERE id BETWEEN 8679904 AND 8680004
	Index Scan using sbtest2_pkey on sbtest2  (cost=0.43..409.02 rows=102 width=125)
	  Index Cond: ((id >= 8679904) AND (id <= 8680004))

table 3 : explain SELECT id, c FROM sbtest3 WHERE id BETWEEN 8679904 AND 8680004
	Index Scan using sbtest3_pkey on sbtest3  (cost=0.43..344.99 rows=86 width=125)
	  Index Cond: ((id >= 8679904) AND (id <= 8680004))

table 4 : explain SELECT id, c FROM sbtest4 WHERE id BETWEEN 8679904 AND 8680004
	Index Scan using sbtest4_pkey on sbtest4  (cost=0.43..407.10 rows=102 width=125)
	  Index Cond: ((id >= 8679904) AND (id <= 8680004))

table 5 : explain SELECT id, c FROM sbtest5 WHERE id BETWEEN 8679904 AND 8680004
	Index Scan using sbtest5_pkey on sbtest5  (cost=0.43..412.10 rows=103 width=125)
	  Index Cond: ((id >= 8679904) AND (id <= 8680004))

table 6 : explain SELECT id, c FROM sbtest6 WHERE id BETWEEN 8679904 AND 8680004
	Index Scan using sbtest6_pkey on sbtest6  (cost=0.43..407.41 rows=102 width=125)
	  Index Cond: ((id >= 8679904) AND (id <= 8680004))

table 7 : explain SELECT id, c FROM sbtest7 WHERE id BETWEEN 8679904 AND 8680004
	Index Scan using sbtest7_pkey on sbtest7  (cost=0.43..403.07 rows=101 width=125)
	  Index Cond: ((id >= 8679904) AND (id <= 8680004))

table 8 : explain SELECT id, c FROM sbtest8 WHERE id BETWEEN 8679904 AND 8680004
	Index Scan using sbtest8_pkey on sbtest8  (cost=0.43..434.19 rows=109 width=125)
	  Index Cond: ((id >= 8679904) AND (id <= 8680004))

explain: for range-notcovered :: explain SELECT id, c FROM sbtest%d WHERE id BETWEEN 8679904 AND 8680004
for range-notcovered
table 1 : explain SELECT id, c FROM sbtest1 WHERE id BETWEEN 6824075 AND 6824175
	Index Scan using sbtest1_pkey on sbtest1  (cost=0.43..463.55 rows=116 width=125)
	  Index Cond: ((id >= 6824075) AND (id <= 6824175))

table 2 : explain SELECT id, c FROM sbtest2 WHERE id BETWEEN 6824075 AND 6824175
	Index Scan using sbtest2_pkey on sbtest2  (cost=0.43..436.79 rows=109 width=125)
	  Index Cond: ((id >= 6824075) AND (id <= 6824175))

table 3 : explain SELECT id, c FROM sbtest3 WHERE id BETWEEN 6824075 AND 6824175
	Index Scan using sbtest3_pkey on sbtest3  (cost=0.43..412.31 rows=103 width=125)
	  Index Cond: ((id >= 6824075) AND (id <= 6824175))

table 4 : explain SELECT id, c FROM sbtest4 WHERE id BETWEEN 6824075 AND 6824175
	Index Scan using sbtest4_pkey on sbtest4  (cost=0.43..414.99 rows=104 width=125)
	  Index Cond: ((id >= 6824075) AND (id <= 6824175))

table 5 : explain SELECT id, c FROM sbtest5 WHERE id BETWEEN 6824075 AND 6824175
	Index Scan using sbtest5_pkey on sbtest5  (cost=0.43..368.56 rows=92 width=125)
	  Index Cond: ((id >= 6824075) AND (id <= 6824175))

table 6 : explain SELECT id, c FROM sbtest6 WHERE id BETWEEN 6824075 AND 6824175
	Index Scan using sbtest6_pkey on sbtest6  (cost=0.43..435.06 rows=109 width=125)
	  Index Cond: ((id >= 6824075) AND (id <= 6824175))

table 7 : explain SELECT id, c FROM sbtest7 WHERE id BETWEEN 6824075 AND 6824175
	Index Scan using sbtest7_pkey on sbtest7  (cost=0.43..422.80 rows=106 width=125)
	  Index Cond: ((id >= 6824075) AND (id <= 6824175))

table 8 : explain SELECT id, c FROM sbtest8 WHERE id BETWEEN 6824075 AND 6824175
	Index Scan using sbtest8_pkey on sbtest8  (cost=0.43..406.60 rows=102 width=125)
	  Index Cond: ((id >= 6824075) AND (id <= 6824175))

for range-notcovered
table 1 : explain SELECT id, c FROM sbtest1 WHERE id BETWEEN 8679904 AND 8680004
	Index Scan using sbtest1_pkey on sbtest1  (cost=0.43..376.48 rows=94 width=125)
	  Index Cond: ((id >= 8679904) AND (id <= 8680004))

table 2 : explain SELECT id, c FROM sbtest2 WHERE id BETWEEN 8679904 AND 8680004
	Index Scan using sbtest2_pkey on sbtest2  (cost=0.43..409.02 rows=102 width=125)
	  Index Cond: ((id >= 8679904) AND (id <= 8680004))

table 3 : explain SELECT id, c FROM sbtest3 WHERE id BETWEEN 8679904 AND 8680004
	Index Scan using sbtest3_pkey on sbtest3  (cost=0.43..344.99 rows=86 width=125)
	  Index Cond: ((id >= 8679904) AND (id <= 8680004))

table 4 : explain SELECT id, c FROM sbtest4 WHERE id BETWEEN 8679904 AND 8680004
	Index Scan using sbtest4_pkey on sbtest4  (cost=0.43..407.10 rows=102 width=125)
	  Index Cond: ((id >= 8679904) AND (id <= 8680004))

table 5 : explain SELECT id, c FROM sbtest5 WHERE id BETWEEN 8679904 AND 8680004
	Index Scan using sbtest5_pkey on sbtest5  (cost=0.43..412.10 rows=103 width=125)
	  Index Cond: ((id >= 8679904) AND (id <= 8680004))

table 6 : explain SELECT id, c FROM sbtest6 WHERE id BETWEEN 8679904 AND 8680004
	Index Scan using sbtest6_pkey on sbtest6  (cost=0.43..407.41 rows=102 width=125)
	  Index Cond: ((id >= 8679904) AND (id <= 8680004))

table 7 : explain SELECT id, c FROM sbtest7 WHERE id BETWEEN 8679904 AND 8680004
	Index Scan using sbtest7_pkey on sbtest7  (cost=0.43..403.07 rows=101 width=125)
	  Index Cond: ((id >= 8679904) AND (id <= 8680004))

table 8 : explain SELECT id, c FROM sbtest8 WHERE id BETWEEN 8679904 AND 8680004
	Index Scan using sbtest8_pkey on sbtest8  (cost=0.43..434.19 rows=109 width=125)
	  Index Cond: ((id >= 8679904) AND (id <= 8680004))

explain: for range-notcovered :: explain SELECT id, c FROM sbtest%d WHERE id BETWEEN 8679904 AND 8680004
explain: for range-notcovered :: explain SELECT id, c FROM sbtest%d WHERE id BETWEEN 4796878 AND 4796978
for range-notcovered
table 1 : explain SELECT id, c FROM sbtest1 WHERE id BETWEEN 6632987 AND 6633087
	Index Scan using sbtest1_pkey on sbtest1  (cost=0.43..372.52 rows=93 width=125)
	  Index Cond: ((id >= 6632987) AND (id <= 6633087))

table 2 : explain SELECT id, c FROM sbtest2 WHERE id BETWEEN 6632987 AND 6633087
	Index Scan using sbtest2_pkey on sbtest2  (cost=0.43..389.19 rows=97 width=125)
	  Index Cond: ((id >= 6632987) AND (id <= 6633087))

table 3 : explain SELECT id, c FROM sbtest3 WHERE id BETWEEN 6632987 AND 6633087
	Index Scan using sbtest3_pkey on sbtest3  (cost=0.43..392.50 rows=98 width=125)
	  Index Cond: ((id >= 6632987) AND (id <= 6633087))

table 4 : explain SELECT id, c FROM sbtest4 WHERE id BETWEEN 6632987 AND 6633087
	Index Scan using sbtest4_pkey on sbtest4  (cost=0.43..411.05 rows=103 width=125)
	  Index Cond: ((id >= 6632987) AND (id <= 6633087))

table 5 : explain SELECT id, c FROM sbtest5 WHERE id BETWEEN 6632987 AND 6633087
	Index Scan using sbtest5_pkey on sbtest5  (cost=0.43..404.19 rows=101 width=125)
	  Index Cond: ((id >= 6632987) AND (id <= 6633087))

table 6 : explain SELECT id, c FROM sbtest6 WHERE id BETWEEN 6632987 AND 6633087
	Index Scan using sbtest6_pkey on sbtest6  (cost=0.43..454.81 rows=114 width=125)
	  Index Cond: ((id >= 6632987) AND (id <= 6633087))

table 7 : explain SELECT id, c FROM sbtest7 WHERE id BETWEEN 6632987 AND 6633087
	Index Scan using sbtest7_pkey on sbtest7  (cost=0.43..418.85 rows=105 width=125)
	  Index Cond: ((id >= 6632987) AND (id <= 6633087))

table 8 : explain SELECT id, c FROM sbtest8 WHERE id BETWEEN 6632987 AND 6633087
	Index Scan using sbtest8_pkey on sbtest8  (cost=0.43..402.66 rows=101 width=125)
	  Index Cond: ((id >= 6632987) AND (id <= 6633087))

explain: for range-notcovered :: explain SELECT id, c FROM sbtest%d WHERE id BETWEEN 6632987 AND 6633087
explain: for range-notcovered :: explain SELECT id, c FROM sbtest%d WHERE id BETWEEN 8858112 AND 8858212
explain: for range-notcovered :: explain SELECT id, c FROM sbtest%d WHERE id BETWEEN 7063011 AND 7063111
for range-notcovered
table 1 : explain SELECT id, c FROM sbtest1 WHERE id BETWEEN 6632987 AND 6633087
	Index Scan using sbtest1_pkey on sbtest1  (cost=0.43..372.52 rows=93 width=125)
	  Index Cond: ((id >= 6632987) AND (id <= 6633087))

table 2 : explain SELECT id, c FROM sbtest2 WHERE id BETWEEN 6632987 AND 6633087
	Index Scan using sbtest2_pkey on sbtest2  (cost=0.43..389.19 rows=97 width=125)
	  Index Cond: ((id >= 6632987) AND (id <= 6633087))

table 3 : explain SELECT id, c FROM sbtest3 WHERE id BETWEEN 6632987 AND 6633087
	Index Scan using sbtest3_pkey on sbtest3  (cost=0.43..392.50 rows=98 width=125)
	  Index Cond: ((id >= 6632987) AND (id <= 6633087))

table 4 : explain SELECT id, c FROM sbtest4 WHERE id BETWEEN 6632987 AND 6633087
	Index Scan using sbtest4_pkey on sbtest4  (cost=0.43..411.05 rows=103 width=125)
	  Index Cond: ((id >= 6632987) AND (id <= 6633087))

table 5 : explain SELECT id, c FROM sbtest5 WHERE id BETWEEN 6632987 AND 6633087
	Index Scan using sbtest5_pkey on sbtest5  (cost=0.43..404.19 rows=101 width=125)
	  Index Cond: ((id >= 6632987) AND (id <= 6633087))

table 6 : explain SELECT id, c FROM sbtest6 WHERE id BETWEEN 6632987 AND 6633087
	Index Scan using sbtest6_pkey on sbtest6  (cost=0.43..454.81 rows=114 width=125)
	  Index Cond: ((id >= 6632987) AND (id <= 6633087))

table 7 : explain SELECT id, c FROM sbtest7 WHERE id BETWEEN 6632987 AND 6633087
	Index Scan using sbtest7_pkey on sbtest7  (cost=0.43..418.85 rows=105 width=125)
	  Index Cond: ((id >= 6632987) AND (id <= 6633087))

table 8 : explain SELECT id, c FROM sbtest8 WHERE id BETWEEN 6632987 AND 6633087
	Index Scan using sbtest8_pkey on sbtest8  (cost=0.43..402.66 rows=101 width=125)
	  Index Cond: ((id >= 6632987) AND (id <= 6633087))

explain: for range-notcovered :: explain SELECT id, c FROM sbtest%d WHERE id BETWEEN 6632987 AND 6633087
for range-notcovered
table 1 : explain SELECT id, c FROM sbtest1 WHERE id BETWEEN 6290785 AND 6290885
	Index Scan using sbtest1_pkey on sbtest1  (cost=0.43..404.18 rows=101 width=125)
	  Index Cond: ((id >= 6290785) AND (id <= 6290885))

table 2 : explain SELECT id, c FROM sbtest2 WHERE id BETWEEN 6290785 AND 6290885
	Index Scan using sbtest2_pkey on sbtest2  (cost=0.43..397.12 rows=99 width=125)
	  Index Cond: ((id >= 6290785) AND (id <= 6290885))

table 3 : explain SELECT id, c FROM sbtest3 WHERE id BETWEEN 6290785 AND 6290885
	Index Scan using sbtest3_pkey on sbtest3  (cost=0.43..396.45 rows=99 width=125)
	  Index Cond: ((id >= 6290785) AND (id <= 6290885))

table 4 : explain SELECT id, c FROM sbtest4 WHERE id BETWEEN 6290785 AND 6290885
	Index Scan using sbtest4_pkey on sbtest4  (cost=0.43..375.51 rows=94 width=125)
	  Index Cond: ((id >= 6290785) AND (id <= 6290885))

table 5 : explain SELECT id, c FROM sbtest5 WHERE id BETWEEN 6290785 AND 6290885
	Index Scan using sbtest5_pkey on sbtest5  (cost=0.43..388.35 rows=97 width=125)
	  Index Cond: ((id >= 6290785) AND (id <= 6290885))

table 6 : explain SELECT id, c FROM sbtest6 WHERE id BETWEEN 6290785 AND 6290885
	Index Scan using sbtest6_pkey on sbtest6  (cost=0.43..399.51 rows=100 width=125)
	  Index Cond: ((id >= 6290785) AND (id <= 6290885))

table 7 : explain SELECT id, c FROM sbtest7 WHERE id BETWEEN 6290785 AND 6290885
	Index Scan using sbtest7_pkey on sbtest7  (cost=0.43..403.07 rows=101 width=125)
	  Index Cond: ((id >= 6290785) AND (id <= 6290885))

table 8 : explain SELECT id, c FROM sbtest8 WHERE id BETWEEN 6290785 AND 6290885
	Index Scan using sbtest8_pkey on sbtest8  (cost=0.43..418.43 rows=105 width=125)
	  Index Cond: ((id >= 6290785) AND (id <= 6290885))

explain: for range-notcovered :: explain SELECT id, c FROM sbtest%d WHERE id BETWEEN 6290785 AND 6290885
for range-notcovered
table 1 : explain SELECT id, c FROM sbtest1 WHERE id BETWEEN 6632987 AND 6633087
	Index Scan using sbtest1_pkey on sbtest1  (cost=0.43..372.52 rows=93 width=125)
	  Index Cond: ((id >= 6632987) AND (id <= 6633087))

table 2 : explain SELECT id, c FROM sbtest2 WHERE id BETWEEN 6632987 AND 6633087
	Index Scan using sbtest2_pkey on sbtest2  (cost=0.43..389.19 rows=97 width=125)
	  Index Cond: ((id >= 6632987) AND (id <= 6633087))

table 3 : explain SELECT id, c FROM sbtest3 WHERE id BETWEEN 6632987 AND 6633087
	Index Scan using sbtest3_pkey on sbtest3  (cost=0.43..392.50 rows=98 width=125)
	  Index Cond: ((id >= 6632987) AND (id <= 6633087))

table 4 : explain SELECT id, c FROM sbtest4 WHERE id BETWEEN 6632987 AND 6633087
	Index Scan using sbtest4_pkey on sbtest4  (cost=0.43..411.05 rows=103 width=125)
	  Index Cond: ((id >= 6632987) AND (id <= 6633087))

table 5 : explain SELECT id, c FROM sbtest5 WHERE id BETWEEN 6632987 AND 6633087
	Index Scan using sbtest5_pkey on sbtest5  (cost=0.43..404.19 rows=101 width=125)
	  Index Cond: ((id >= 6632987) AND (id <= 6633087))

table 6 : explain SELECT id, c FROM sbtest6 WHERE id BETWEEN 6632987 AND 6633087
	Index Scan using sbtest6_pkey on sbtest6  (cost=0.43..454.81 rows=114 width=125)
	  Index Cond: ((id >= 6632987) AND (id <= 6633087))

table 7 : explain SELECT id, c FROM sbtest7 WHERE id BETWEEN 6632987 AND 6633087
	Index Scan using sbtest7_pkey on sbtest7  (cost=0.43..418.85 rows=105 width=125)
	  Index Cond: ((id >= 6632987) AND (id <= 6633087))

table 8 : explain SELECT id, c FROM sbtest8 WHERE id BETWEEN 6632987 AND 6633087
	Index Scan using sbtest8_pkey on sbtest8  (cost=0.43..402.66 rows=101 width=125)
	  Index Cond: ((id >= 6632987) AND (id <= 6633087))

explain: for range-notcovered :: explain SELECT id, c FROM sbtest%d WHERE id BETWEEN 6632987 AND 6633087
for range-notcovered
table 1 : explain SELECT id, c FROM sbtest1 WHERE id BETWEEN 8679904 AND 8680004
	Index Scan using sbtest1_pkey on sbtest1  (cost=0.43..376.48 rows=94 width=125)
	  Index Cond: ((id >= 8679904) AND (id <= 8680004))

table 2 : explain SELECT id, c FROM sbtest2 WHERE id BETWEEN 8679904 AND 8680004
	Index Scan using sbtest2_pkey on sbtest2  (cost=0.43..409.02 rows=102 width=125)
	  Index Cond: ((id >= 8679904) AND (id <= 8680004))

table 3 : explain SELECT id, c FROM sbtest3 WHERE id BETWEEN 8679904 AND 8680004
	Index Scan using sbtest3_pkey on sbtest3  (cost=0.43..344.99 rows=86 width=125)
	  Index Cond: ((id >= 8679904) AND (id <= 8680004))

table 4 : explain SELECT id, c FROM sbtest4 WHERE id BETWEEN 8679904 AND 8680004
	Index Scan using sbtest4_pkey on sbtest4  (cost=0.43..407.10 rows=102 width=125)
	  Index Cond: ((id >= 8679904) AND (id <= 8680004))

table 5 : explain SELECT id, c FROM sbtest5 WHERE id BETWEEN 8679904 AND 8680004
	Index Scan using sbtest5_pkey on sbtest5  (cost=0.43..412.10 rows=103 width=125)
	  Index Cond: ((id >= 8679904) AND (id <= 8680004))

table 6 : explain SELECT id, c FROM sbtest6 WHERE id BETWEEN 8679904 AND 8680004
	Index Scan using sbtest6_pkey on sbtest6  (cost=0.43..407.41 rows=102 width=125)
	  Index Cond: ((id >= 8679904) AND (id <= 8680004))

table 7 : explain SELECT id, c FROM sbtest7 WHERE id BETWEEN 8679904 AND 8680004
	Index Scan using sbtest7_pkey on sbtest7  (cost=0.43..403.07 rows=101 width=125)
	  Index Cond: ((id >= 8679904) AND (id <= 8680004))

table 8 : explain SELECT id, c FROM sbtest8 WHERE id BETWEEN 8679904 AND 8680004
	Index Scan using sbtest8_pkey on sbtest8  (cost=0.43..434.19 rows=109 width=125)
	  Index Cond: ((id >= 8679904) AND (id <= 8680004))

for range-notcovered
table 1 : explain SELECT id, c FROM sbtest1 WHERE id BETWEEN 6290785 AND 6290885
	Index Scan using sbtest1_pkey on sbtest1  (cost=0.43..404.18 rows=101 width=125)
	  Index Cond: ((id >= 6290785) AND (id <= 6290885))

table 2 : explain SELECT id, c FROM sbtest2 WHERE id BETWEEN 6290785 AND 6290885
	Index Scan using sbtest2_pkey on sbtest2  (cost=0.43..397.12 rows=99 width=125)
	  Index Cond: ((id >= 6290785) AND (id <= 6290885))

table 3 : explain SELECT id, c FROM sbtest3 WHERE id BETWEEN 6290785 AND 6290885
	Index Scan using sbtest3_pkey on sbtest3  (cost=0.43..396.45 rows=99 width=125)
	  Index Cond: ((id >= 6290785) AND (id <= 6290885))

table 4 : explain SELECT id, c FROM sbtest4 WHERE id BETWEEN 6290785 AND 6290885
	Index Scan using sbtest4_pkey on sbtest4  (cost=0.43..375.51 rows=94 width=125)
	  Index Cond: ((id >= 6290785) AND (id <= 6290885))

table 5 : explain SELECT id, c FROM sbtest5 WHERE id BETWEEN 6290785 AND 6290885
	Index Scan using sbtest5_pkey on sbtest5  (cost=0.43..388.35 rows=97 width=125)
	  Index Cond: ((id >= 6290785) AND (id <= 6290885))

table 6 : explain SELECT id, c FROM sbtest6 WHERE id BETWEEN 6290785 AND 6290885
	Index Scan using sbtest6_pkey on sbtest6  (cost=0.43..399.51 rows=100 width=125)
	  Index Cond: ((id >= 6290785) AND (id <= 6290885))

table 7 : explain SELECT id, c FROM sbtest7 WHERE id BETWEEN 6290785 AND 6290885
	Index Scan using sbtest7_pkey on sbtest7  (cost=0.43..403.07 rows=101 width=125)
	  Index Cond: ((id >= 6290785) AND (id <= 6290885))

table 8 : explain SELECT id, c FROM sbtest8 WHERE id BETWEEN 6290785 AND 6290885
	Index Scan using sbtest8_pkey on sbtest8  (cost=0.43..418.43 rows=105 width=125)
	  Index Cond: ((id >= 6290785) AND (id <= 6290885))

explain: for range-notcovered :: explain SELECT id, c FROM sbtest%d WHERE id BETWEEN 6290785 AND 6290885
for range-notcovered
table 1 : explain SELECT id, c FROM sbtest1 WHERE id BETWEEN 6632987 AND 6633087
	Index Scan using sbtest1_pkey on sbtest1  (cost=0.43..372.52 rows=93 width=125)
	  Index Cond: ((id >= 6632987) AND (id <= 6633087))

table 2 : explain SELECT id, c FROM sbtest2 WHERE id BETWEEN 6632987 AND 6633087
	Index Scan using sbtest2_pkey on sbtest2  (cost=0.43..389.19 rows=97 width=125)
	  Index Cond: ((id >= 6632987) AND (id <= 6633087))

table 3 : explain SELECT id, c FROM sbtest3 WHERE id BETWEEN 6632987 AND 6633087
	Index Scan using sbtest3_pkey on sbtest3  (cost=0.43..392.50 rows=98 width=125)
	  Index Cond: ((id >= 6632987) AND (id <= 6633087))

table 4 : explain SELECT id, c FROM sbtest4 WHERE id BETWEEN 6632987 AND 6633087
	Index Scan using sbtest4_pkey on sbtest4  (cost=0.43..411.05 rows=103 width=125)
	  Index Cond: ((id >= 6632987) AND (id <= 6633087))

table 5 : explain SELECT id, c FROM sbtest5 WHERE id BETWEEN 6632987 AND 6633087
	Index Scan using sbtest5_pkey on sbtest5  (cost=0.43..404.19 rows=101 width=125)
	  Index Cond: ((id >= 6632987) AND (id <= 6633087))

table 6 : explain SELECT id, c FROM sbtest6 WHERE id BETWEEN 6632987 AND 6633087
	Index Scan using sbtest6_pkey on sbtest6  (cost=0.43..454.81 rows=114 width=125)
	  Index Cond: ((id >= 6632987) AND (id <= 6633087))

table 7 : explain SELECT id, c FROM sbtest7 WHERE id BETWEEN 6632987 AND 6633087
	Index Scan using sbtest7_pkey on sbtest7  (cost=0.43..418.85 rows=105 width=125)
	  Index Cond: ((id >= 6632987) AND (id <= 6633087))

table 8 : explain SELECT id, c FROM sbtest8 WHERE id BETWEEN 6632987 AND 6633087
	Index Scan using sbtest8_pkey on sbtest8  (cost=0.43..402.66 rows=101 width=125)
	  Index Cond: ((id >= 6632987) AND (id <= 6633087))

for range-notcovered
table 1 : explain SELECT id, c FROM sbtest1 WHERE id BETWEEN 6290785 AND 6290885
	Index Scan using sbtest1_pkey on sbtest1  (cost=0.43..404.18 rows=101 width=125)
	  Index Cond: ((id >= 6290785) AND (id <= 6290885))

table 2 : explain SELECT id, c FROM sbtest2 WHERE id BETWEEN 6290785 AND 6290885
	Index Scan using sbtest2_pkey on sbtest2  (cost=0.43..397.12 rows=99 width=125)
	  Index Cond: ((id >= 6290785) AND (id <= 6290885))

table 3 : explain SELECT id, c FROM sbtest3 WHERE id BETWEEN 6290785 AND 6290885
	Index Scan using sbtest3_pkey on sbtest3  (cost=0.43..396.45 rows=99 width=125)
	  Index Cond: ((id >= 6290785) AND (id <= 6290885))

table 4 : explain SELECT id, c FROM sbtest4 WHERE id BETWEEN 6290785 AND 6290885
	Index Scan using sbtest4_pkey on sbtest4  (cost=0.43..375.51 rows=94 width=125)
	  Index Cond: ((id >= 6290785) AND (id <= 6290885))

table 5 : explain SELECT id, c FROM sbtest5 WHERE id BETWEEN 6290785 AND 6290885
	Index Scan using sbtest5_pkey on sbtest5  (cost=0.43..388.35 rows=97 width=125)
	  Index Cond: ((id >= 6290785) AND (id <= 6290885))

table 6 : explain SELECT id, c FROM sbtest6 WHERE id BETWEEN 6290785 AND 6290885
	Index Scan using sbtest6_pkey on sbtest6  (cost=0.43..399.51 rows=100 width=125)
	  Index Cond: ((id >= 6290785) AND (id <= 6290885))

table 7 : explain SELECT id, c FROM sbtest7 WHERE id BETWEEN 6290785 AND 6290885
	Index Scan using sbtest7_pkey on sbtest7  (cost=0.43..403.07 rows=101 width=125)
	  Index Cond: ((id >= 6290785) AND (id <= 6290885))

table 8 : explain SELECT id, c FROM sbtest8 WHERE id BETWEEN 6290785 AND 6290885
	Index Scan using sbtest8_pkey on sbtest8  (cost=0.43..418.43 rows=105 width=125)
	  Index Cond: ((id >= 6290785) AND (id <= 6290885))

explain: for range-notcovered :: explain SELECT id, c FROM sbtest%d WHERE id BETWEEN 6290785 AND 6290885
explain: for range-notcovered :: explain SELECT id, c FROM sbtest%d WHERE id BETWEEN 6632987 AND 6633087
explain: for range-notcovered :: explain SELECT id, c FROM sbtest%d WHERE id BETWEEN 6167153 AND 6167253
for range-notcovered
table 1 : explain SELECT id, c FROM sbtest1 WHERE id BETWEEN 6290785 AND 6290885
	Index Scan using sbtest1_pkey on sbtest1  (cost=0.43..404.18 rows=101 width=125)
	  Index Cond: ((id >= 6290785) AND (id <= 6290885))

table 2 : explain SELECT id, c FROM sbtest2 WHERE id BETWEEN 6290785 AND 6290885
	Index Scan using sbtest2_pkey on sbtest2  (cost=0.43..397.12 rows=99 width=125)
	  Index Cond: ((id >= 6290785) AND (id <= 6290885))

table 3 : explain SELECT id, c FROM sbtest3 WHERE id BETWEEN 6290785 AND 6290885
	Index Scan using sbtest3_pkey on sbtest3  (cost=0.43..396.45 rows=99 width=125)
	  Index Cond: ((id >= 6290785) AND (id <= 6290885))

table 4 : explain SELECT id, c FROM sbtest4 WHERE id BETWEEN 6290785 AND 6290885
	Index Scan using sbtest4_pkey on sbtest4  (cost=0.43..375.51 rows=94 width=125)
	  Index Cond: ((id >= 6290785) AND (id <= 6290885))

table 5 : explain SELECT id, c FROM sbtest5 WHERE id BETWEEN 6290785 AND 6290885
	Index Scan using sbtest5_pkey on sbtest5  (cost=0.43..388.35 rows=97 width=125)
	  Index Cond: ((id >= 6290785) AND (id <= 6290885))

table 6 : explain SELECT id, c FROM sbtest6 WHERE id BETWEEN 6290785 AND 6290885
	Index Scan using sbtest6_pkey on sbtest6  (cost=0.43..399.51 rows=100 width=125)
	  Index Cond: ((id >= 6290785) AND (id <= 6290885))

table 7 : explain SELECT id, c FROM sbtest7 WHERE id BETWEEN 6290785 AND 6290885
	Index Scan using sbtest7_pkey on sbtest7  (cost=0.43..403.07 rows=101 width=125)
	  Index Cond: ((id >= 6290785) AND (id <= 6290885))

table 8 : explain SELECT id, c FROM sbtest8 WHERE id BETWEEN 6290785 AND 6290885
	Index Scan using sbtest8_pkey on sbtest8  (cost=0.43..418.43 rows=105 width=125)
	  Index Cond: ((id >= 6290785) AND (id <= 6290885))

explain: for range-notcovered :: explain SELECT id, c FROM sbtest%d WHERE id BETWEEN 6290785 AND 6290885
explain: for range-notcovered :: explain SELECT id, c FROM sbtest%d WHERE id BETWEEN 3188733 AND 3188833
for range-notcovered
table 1 : explain SELECT id, c FROM sbtest1 WHERE id BETWEEN 6290785 AND 6290885
	Index Scan using sbtest1_pkey on sbtest1  (cost=0.43..404.18 rows=101 width=125)
	  Index Cond: ((id >= 6290785) AND (id <= 6290885))

table 2 : explain SELECT id, c FROM sbtest2 WHERE id BETWEEN 6290785 AND 6290885
	Index Scan using sbtest2_pkey on sbtest2  (cost=0.43..397.12 rows=99 width=125)
	  Index Cond: ((id >= 6290785) AND (id <= 6290885))

table 3 : explain SELECT id, c FROM sbtest3 WHERE id BETWEEN 6290785 AND 6290885
	Index Scan using sbtest3_pkey on sbtest3  (cost=0.43..396.45 rows=99 width=125)
	  Index Cond: ((id >= 6290785) AND (id <= 6290885))

table 4 : explain SELECT id, c FROM sbtest4 WHERE id BETWEEN 6290785 AND 6290885
	Index Scan using sbtest4_pkey on sbtest4  (cost=0.43..375.51 rows=94 width=125)
	  Index Cond: ((id >= 6290785) AND (id <= 6290885))

table 5 : explain SELECT id, c FROM sbtest5 WHERE id BETWEEN 6290785 AND 6290885
	Index Scan using sbtest5_pkey on sbtest5  (cost=0.43..388.35 rows=97 width=125)
	  Index Cond: ((id >= 6290785) AND (id <= 6290885))

table 6 : explain SELECT id, c FROM sbtest6 WHERE id BETWEEN 6290785 AND 6290885
	Index Scan using sbtest6_pkey on sbtest6  (cost=0.43..399.51 rows=100 width=125)
	  Index Cond: ((id >= 6290785) AND (id <= 6290885))

table 7 : explain SELECT id, c FROM sbtest7 WHERE id BETWEEN 6290785 AND 6290885
	Index Scan using sbtest7_pkey on sbtest7  (cost=0.43..403.07 rows=101 width=125)
	  Index Cond: ((id >= 6290785) AND (id <= 6290885))

table 8 : explain SELECT id, c FROM sbtest8 WHERE id BETWEEN 6290785 AND 6290885
	Index Scan using sbtest8_pkey on sbtest8  (cost=0.43..418.43 rows=105 width=125)
	  Index Cond: ((id >= 6290785) AND (id <= 6290885))

explain: for range-notcovered :: explain SELECT id, c FROM sbtest%d WHERE id BETWEEN 6290785 AND 6290885
explain: for range-notcovered :: explain SELECT id, c FROM sbtest%d WHERE id BETWEEN 6060035 AND 6060135
for range-notcovered
table 1 : explain SELECT id, c FROM sbtest1 WHERE id BETWEEN 8858112 AND 8858212
	Index Scan using sbtest1_pkey on sbtest1  (cost=0.43..400.22 rows=100 width=125)
	  Index Cond: ((id >= 8858112) AND (id <= 8858212))

table 2 : explain SELECT id, c FROM sbtest2 WHERE id BETWEEN 8858112 AND 8858212
	Index Scan using sbtest2_pkey on sbtest2  (cost=0.43..397.12 rows=99 width=125)
	  Index Cond: ((id >= 8858112) AND (id <= 8858212))

table 3 : explain SELECT id, c FROM sbtest3 WHERE id BETWEEN 8858112 AND 8858212
	Index Scan using sbtest3_pkey on sbtest3  (cost=0.43..404.37 rows=101 width=125)
	  Index Cond: ((id >= 8858112) AND (id <= 8858212))

table 4 : explain SELECT id, c FROM sbtest4 WHERE id BETWEEN 8858112 AND 8858212
	Index Scan using sbtest4_pkey on sbtest4  (cost=0.43..395.24 rows=99 width=125)
	  Index Cond: ((id >= 8858112) AND (id <= 8858212))

table 5 : explain SELECT id, c FROM sbtest5 WHERE id BETWEEN 8858112 AND 8858212
	Index Scan using sbtest5_pkey on sbtest5  (cost=0.43..396.26 rows=99 width=125)
	  Index Cond: ((id >= 8858112) AND (id <= 8858212))

table 6 : explain SELECT id, c FROM sbtest6 WHERE id BETWEEN 8858112 AND 8858212
	Index Scan using sbtest6_pkey on sbtest6  (cost=0.43..415.31 rows=104 width=125)
	  Index Cond: ((id >= 8858112) AND (id <= 8858212))

table 7 : explain SELECT id, c FROM sbtest7 WHERE id BETWEEN 8858112 AND 8858212
	Index Scan using sbtest7_pkey on sbtest7  (cost=0.43..407.02 rows=102 width=125)
	  Index Cond: ((id >= 8858112) AND (id <= 8858212))

table 8 : explain SELECT id, c FROM sbtest8 WHERE id BETWEEN 8858112 AND 8858212
	Index Scan using sbtest8_pkey on sbtest8  (cost=0.43..398.72 rows=100 width=125)
	  Index Cond: ((id >= 8858112) AND (id <= 8858212))

explain: for range-notcovered :: explain SELECT id, c FROM sbtest%d WHERE id BETWEEN 8858112 AND 8858212
for range-notcovered
table 1 : explain SELECT id, c FROM sbtest1 WHERE id BETWEEN 6290785 AND 6290885
	Index Scan using sbtest1_pkey on sbtest1  (cost=0.43..404.18 rows=101 width=125)
	  Index Cond: ((id >= 6290785) AND (id <= 6290885))

table 2 : explain SELECT id, c FROM sbtest2 WHERE id BETWEEN 6290785 AND 6290885
	Index Scan using sbtest2_pkey on sbtest2  (cost=0.43..397.12 rows=99 width=125)
	  Index Cond: ((id >= 6290785) AND (id <= 6290885))

table 3 : explain SELECT id, c FROM sbtest3 WHERE id BETWEEN 6290785 AND 6290885
	Index Scan using sbtest3_pkey on sbtest3  (cost=0.43..396.45 rows=99 width=125)
	  Index Cond: ((id >= 6290785) AND (id <= 6290885))

table 4 : explain SELECT id, c FROM sbtest4 WHERE id BETWEEN 6290785 AND 6290885
	Index Scan using sbtest4_pkey on sbtest4  (cost=0.43..375.51 rows=94 width=125)
	  Index Cond: ((id >= 6290785) AND (id <= 6290885))

table 5 : explain SELECT id, c FROM sbtest5 WHERE id BETWEEN 6290785 AND 6290885
	Index Scan using sbtest5_pkey on sbtest5  (cost=0.43..388.35 rows=97 width=125)
	  Index Cond: ((id >= 6290785) AND (id <= 6290885))

table 6 : explain SELECT id, c FROM sbtest6 WHERE id BETWEEN 6290785 AND 6290885
	Index Scan using sbtest6_pkey on sbtest6  (cost=0.43..399.51 rows=100 width=125)
	  Index Cond: ((id >= 6290785) AND (id <= 6290885))

table 7 : explain SELECT id, c FROM sbtest7 WHERE id BETWEEN 6290785 AND 6290885
	Index Scan using sbtest7_pkey on sbtest7  (cost=0.43..403.07 rows=101 width=125)
	  Index Cond: ((id >= 6290785) AND (id <= 6290885))

table 8 : explain SELECT id, c FROM sbtest8 WHERE id BETWEEN 6290785 AND 6290885
	Index Scan using sbtest8_pkey on sbtest8  (cost=0.43..418.43 rows=105 width=125)
	  Index Cond: ((id >= 6290785) AND (id <= 6290885))

explain: for range-notcovered :: explain SELECT id, c FROM sbtest%d WHERE id BETWEEN 6290785 AND 6290885
for range-notcovered
table 1 : explain SELECT id, c FROM sbtest1 WHERE id BETWEEN 6632987 AND 6633087
	Index Scan using sbtest1_pkey on sbtest1  (cost=0.43..372.52 rows=93 width=125)
	  Index Cond: ((id >= 6632987) AND (id <= 6633087))

table 2 : explain SELECT id, c FROM sbtest2 WHERE id BETWEEN 6632987 AND 6633087
	Index Scan using sbtest2_pkey on sbtest2  (cost=0.43..389.19 rows=97 width=125)
	  Index Cond: ((id >= 6632987) AND (id <= 6633087))

table 3 : explain SELECT id, c FROM sbtest3 WHERE id BETWEEN 6632987 AND 6633087
	Index Scan using sbtest3_pkey on sbtest3  (cost=0.43..392.50 rows=98 width=125)
	  Index Cond: ((id >= 6632987) AND (id <= 6633087))

table 4 : explain SELECT id, c FROM sbtest4 WHERE id BETWEEN 6632987 AND 6633087
	Index Scan using sbtest4_pkey on sbtest4  (cost=0.43..411.05 rows=103 width=125)
	  Index Cond: ((id >= 6632987) AND (id <= 6633087))

table 5 : explain SELECT id, c FROM sbtest5 WHERE id BETWEEN 6632987 AND 6633087
	Index Scan using sbtest5_pkey on sbtest5  (cost=0.43..404.19 rows=101 width=125)
	  Index Cond: ((id >= 6632987) AND (id <= 6633087))

table 6 : explain SELECT id, c FROM sbtest6 WHERE id BETWEEN 6632987 AND 6633087
	Index Scan using sbtest6_pkey on sbtest6  (cost=0.43..454.81 rows=114 width=125)
	  Index Cond: ((id >= 6632987) AND (id <= 6633087))

table 7 : explain SELECT id, c FROM sbtest7 WHERE id BETWEEN 6632987 AND 6633087
	Index Scan using sbtest7_pkey on sbtest7  (cost=0.43..418.85 rows=105 width=125)
	  Index Cond: ((id >= 6632987) AND (id <= 6633087))

table 8 : explain SELECT id, c FROM sbtest8 WHERE id BETWEEN 6632987 AND 6633087
	Index Scan using sbtest8_pkey on sbtest8  (cost=0.43..402.66 rows=101 width=125)
	  Index Cond: ((id >= 6632987) AND (id <= 6633087))

for range-notcovered
table 1 : explain SELECT id, c FROM sbtest1 WHERE id BETWEEN 4796878 AND 4796978
	Index Scan using sbtest1_pkey on sbtest1  (cost=0.43..427.94 rows=107 width=125)
	  Index Cond: ((id >= 4796878) AND (id <= 4796978))

table 2 : explain SELECT id, c FROM sbtest2 WHERE id BETWEEN 4796878 AND 4796978
	Index Scan using sbtest2_pkey on sbtest2  (cost=0.43..432.82 rows=108 width=125)
	  Index Cond: ((id >= 4796878) AND (id <= 4796978))

table 3 : explain SELECT id, c FROM sbtest3 WHERE id BETWEEN 4796878 AND 4796978
	Index Scan using sbtest3_pkey on sbtest3  (cost=0.43..416.26 rows=104 width=125)
	  Index Cond: ((id >= 4796878) AND (id <= 4796978))

table 4 : explain SELECT id, c FROM sbtest4 WHERE id BETWEEN 4796878 AND 4796978
	Index Scan using sbtest4_pkey on sbtest4  (cost=0.43..414.99 rows=104 width=125)
	  Index Cond: ((id >= 4796878) AND (id <= 4796978))

table 5 : explain SELECT id, c FROM sbtest5 WHERE id BETWEEN 4796878 AND 4796978
	Index Scan using sbtest5_pkey on sbtest5  (cost=0.43..368.56 rows=92 width=125)
	  Index Cond: ((id >= 4796878) AND (id <= 4796978))

table 6 : explain SELECT id, c FROM sbtest6 WHERE id BETWEEN 4796878 AND 4796978
	Index Scan using sbtest6_pkey on sbtest6  (cost=0.43..371.85 rows=93 width=125)
	  Index Cond: ((id >= 4796878) AND (id <= 4796978))

table 7 : explain SELECT id, c FROM sbtest7 WHERE id BETWEEN 4796878 AND 4796978
	Index Scan using sbtest7_pkey on sbtest7  (cost=0.43..403.07 rows=101 width=125)
	  Index Cond: ((id >= 4796878) AND (id <= 4796978))

table 8 : explain SELECT id, c FROM sbtest8 WHERE id BETWEEN 4796878 AND 4796978
	Index Scan using sbtest8_pkey on sbtest8  (cost=0.43..398.72 rows=100 width=125)
	  Index Cond: ((id >= 4796878) AND (id <= 4796978))

explain: for range-notcovered :: explain SELECT id, c FROM sbtest%d WHERE id BETWEEN 6632987 AND 6633087
explain: for range-notcovered :: explain SELECT id, c FROM sbtest%d WHERE id BETWEEN 3910366 AND 3910466
for range-notcovered
table 1 : explain SELECT id, c FROM sbtest1 WHERE id BETWEEN 7063011 AND 7063111
	Index Scan using sbtest1_pkey on sbtest1  (cost=0.43..368.57 rows=92 width=125)
	  Index Cond: ((id >= 7063011) AND (id <= 7063111))

table 2 : explain SELECT id, c FROM sbtest2 WHERE id BETWEEN 7063011 AND 7063111
	Index Scan using sbtest2_pkey on sbtest2  (cost=0.43..405.05 rows=101 width=125)
	  Index Cond: ((id >= 7063011) AND (id <= 7063111))

table 3 : explain SELECT id, c FROM sbtest3 WHERE id BETWEEN 7063011 AND 7063111
	Index Scan using sbtest3_pkey on sbtest3  (cost=0.43..408.35 rows=102 width=125)
	  Index Cond: ((id >= 7063011) AND (id <= 7063111))

table 4 : explain SELECT id, c FROM sbtest4 WHERE id BETWEEN 7063011 AND 7063111
	Index Scan using sbtest4_pkey on sbtest4  (cost=0.43..395.24 rows=99 width=125)
	  Index Cond: ((id >= 7063011) AND (id <= 7063111))

table 5 : explain SELECT id, c FROM sbtest5 WHERE id BETWEEN 7063011 AND 7063111
	Index Scan using sbtest5_pkey on sbtest5  (cost=0.43..376.48 rows=94 width=125)
	  Index Cond: ((id >= 7063011) AND (id <= 7063111))

table 6 : explain SELECT id, c FROM sbtest6 WHERE id BETWEEN 7063011 AND 7063111
	Index Scan using sbtest6_pkey on sbtest6  (cost=0.43..411.36 rows=103 width=125)
	  Index Cond: ((id >= 7063011) AND (id <= 7063111))

table 7 : explain SELECT id, c FROM sbtest7 WHERE id BETWEEN 7063011 AND 7063111
	Index Scan using sbtest7_pkey on sbtest7  (cost=0.43..426.74 rows=107 width=125)
	  Index Cond: ((id >= 7063011) AND (id <= 7063111))

table 8 : explain SELECT id, c FROM sbtest8 WHERE id BETWEEN 7063011 AND 7063111
	Index Scan using sbtest8_pkey on sbtest8  (cost=0.43..371.11 rows=93 width=125)
	  Index Cond: ((id >= 7063011) AND (id <= 7063111))

for range-notcovered
table 1 : explain SELECT id, c FROM sbtest1 WHERE id BETWEEN 6290785 AND 6290885
	Index Scan using sbtest1_pkey on sbtest1  (cost=0.43..404.18 rows=101 width=125)
	  Index Cond: ((id >= 6290785) AND (id <= 6290885))

table 2 : explain SELECT id, c FROM sbtest2 WHERE id BETWEEN 6290785 AND 6290885
	Index Scan using sbtest2_pkey on sbtest2  (cost=0.43..397.12 rows=99 width=125)
	  Index Cond: ((id >= 6290785) AND (id <= 6290885))

table 3 : explain SELECT id, c FROM sbtest3 WHERE id BETWEEN 6290785 AND 6290885
	Index Scan using sbtest3_pkey on sbtest3  (cost=0.43..396.45 rows=99 width=125)
	  Index Cond: ((id >= 6290785) AND (id <= 6290885))

table 4 : explain SELECT id, c FROM sbtest4 WHERE id BETWEEN 6290785 AND 6290885
	Index Scan using sbtest4_pkey on sbtest4  (cost=0.43..375.51 rows=94 width=125)
	  Index Cond: ((id >= 6290785) AND (id <= 6290885))

table 5 : explain SELECT id, c FROM sbtest5 WHERE id BETWEEN 6290785 AND 6290885
	Index Scan using sbtest5_pkey on sbtest5  (cost=0.43..388.35 rows=97 width=125)
	  Index Cond: ((id >= 6290785) AND (id <= 6290885))

table 6 : explain SELECT id, c FROM sbtest6 WHERE id BETWEEN 6290785 AND 6290885
	Index Scan using sbtest6_pkey on sbtest6  (cost=0.43..399.51 rows=100 width=125)
	  Index Cond: ((id >= 6290785) AND (id <= 6290885))

table 7 : explain SELECT id, c FROM sbtest7 WHERE id BETWEEN 6290785 AND 6290885
	Index Scan using sbtest7_pkey on sbtest7  (cost=0.43..403.07 rows=101 width=125)
	  Index Cond: ((id >= 6290785) AND (id <= 6290885))

table 8 : explain SELECT id, c FROM sbtest8 WHERE id BETWEEN 6290785 AND 6290885
	Index Scan using sbtest8_pkey on sbtest8  (cost=0.43..418.43 rows=105 width=125)
	  Index Cond: ((id >= 6290785) AND (id <= 6290885))

explain: for range-notcovered :: explain SELECT id, c FROM sbtest%d WHERE id BETWEEN 7063011 AND 7063111
explain: for range-notcovered :: explain SELECT id, c FROM sbtest%d WHERE id BETWEEN 6290785 AND 6290885
explain: for range-notcovered :: explain SELECT id, c FROM sbtest%d WHERE id BETWEEN 3211485 AND 3211585
for range-notcovered
table 1 : explain SELECT id, c FROM sbtest1 WHERE id BETWEEN 6632987 AND 6633087
	Index Scan using sbtest1_pkey on sbtest1  (cost=0.43..372.52 rows=93 width=125)
	  Index Cond: ((id >= 6632987) AND (id <= 6633087))

table 2 : explain SELECT id, c FROM sbtest2 WHERE id BETWEEN 6632987 AND 6633087
	Index Scan using sbtest2_pkey on sbtest2  (cost=0.43..389.19 rows=97 width=125)
	  Index Cond: ((id >= 6632987) AND (id <= 6633087))

table 3 : explain SELECT id, c FROM sbtest3 WHERE id BETWEEN 6632987 AND 6633087
	Index Scan using sbtest3_pkey on sbtest3  (cost=0.43..392.50 rows=98 width=125)
	  Index Cond: ((id >= 6632987) AND (id <= 6633087))

table 4 : explain SELECT id, c FROM sbtest4 WHERE id BETWEEN 6632987 AND 6633087
	Index Scan using sbtest4_pkey on sbtest4  (cost=0.43..411.05 rows=103 width=125)
	  Index Cond: ((id >= 6632987) AND (id <= 6633087))

table 5 : explain SELECT id, c FROM sbtest5 WHERE id BETWEEN 6632987 AND 6633087
	Index Scan using sbtest5_pkey on sbtest5  (cost=0.43..404.19 rows=101 width=125)
	  Index Cond: ((id >= 6632987) AND (id <= 6633087))

table 6 : explain SELECT id, c FROM sbtest6 WHERE id BETWEEN 6632987 AND 6633087
	Index Scan using sbtest6_pkey on sbtest6  (cost=0.43..454.81 rows=114 width=125)
	  Index Cond: ((id >= 6632987) AND (id <= 6633087))

table 7 : explain SELECT id, c FROM sbtest7 WHERE id BETWEEN 6632987 AND 6633087
	Index Scan using sbtest7_pkey on sbtest7  (cost=0.43..418.85 rows=105 width=125)
	  Index Cond: ((id >= 6632987) AND (id <= 6633087))

table 8 : explain SELECT id, c FROM sbtest8 WHERE id BETWEEN 6632987 AND 6633087
	Index Scan using sbtest8_pkey on sbtest8  (cost=0.43..402.66 rows=101 width=125)
	  Index Cond: ((id >= 6632987) AND (id <= 6633087))

explain: for range-notcovered :: explain SELECT id, c FROM sbtest%d WHERE id BETWEEN 6632987 AND 6633087
for range-notcovered
table 1 : explain SELECT id, c FROM sbtest1 WHERE id BETWEEN 7063011 AND 7063111
	Index Scan using sbtest1_pkey on sbtest1  (cost=0.43..368.57 rows=92 width=125)
	  Index Cond: ((id >= 7063011) AND (id <= 7063111))

table 2 : explain SELECT id, c FROM sbtest2 WHERE id BETWEEN 7063011 AND 7063111
	Index Scan using sbtest2_pkey on sbtest2  (cost=0.43..405.05 rows=101 width=125)
	  Index Cond: ((id >= 7063011) AND (id <= 7063111))

table 3 : explain SELECT id, c FROM sbtest3 WHERE id BETWEEN 7063011 AND 7063111
	Index Scan using sbtest3_pkey on sbtest3  (cost=0.43..408.35 rows=102 width=125)
	  Index Cond: ((id >= 7063011) AND (id <= 7063111))

table 4 : explain SELECT id, c FROM sbtest4 WHERE id BETWEEN 7063011 AND 7063111
	Index Scan using sbtest4_pkey on sbtest4  (cost=0.43..395.24 rows=99 width=125)
	  Index Cond: ((id >= 7063011) AND (id <= 7063111))

table 5 : explain SELECT id, c FROM sbtest5 WHERE id BETWEEN 7063011 AND 7063111
	Index Scan using sbtest5_pkey on sbtest5  (cost=0.43..376.48 rows=94 width=125)
	  Index Cond: ((id >= 7063011) AND (id <= 7063111))

table 6 : explain SELECT id, c FROM sbtest6 WHERE id BETWEEN 7063011 AND 7063111
	Index Scan using sbtest6_pkey on sbtest6  (cost=0.43..411.36 rows=103 width=125)
	  Index Cond: ((id >= 7063011) AND (id <= 7063111))

table 7 : explain SELECT id, c FROM sbtest7 WHERE id BETWEEN 7063011 AND 7063111
	Index Scan using sbtest7_pkey on sbtest7  (cost=0.43..426.74 rows=107 width=125)
	  Index Cond: ((id >= 7063011) AND (id <= 7063111))

table 8 : explain SELECT id, c FROM sbtest8 WHERE id BETWEEN 7063011 AND 7063111
	Index Scan using sbtest8_pkey on sbtest8  (cost=0.43..371.11 rows=93 width=125)
	  Index Cond: ((id >= 7063011) AND (id <= 7063111))

explain: for range-notcovered :: explain SELECT id, c FROM sbtest%d WHERE id BETWEEN 7063011 AND 7063111
for range-notcovered
table 1 : explain SELECT id, c FROM sbtest1 WHERE id BETWEEN 6632987 AND 6633087
	Index Scan using sbtest1_pkey on sbtest1  (cost=0.43..372.52 rows=93 width=125)
	  Index Cond: ((id >= 6632987) AND (id <= 6633087))

table 2 : explain SELECT id, c FROM sbtest2 WHERE id BETWEEN 6632987 AND 6633087
	Index Scan using sbtest2_pkey on sbtest2  (cost=0.43..389.19 rows=97 width=125)
	  Index Cond: ((id >= 6632987) AND (id <= 6633087))

table 3 : explain SELECT id, c FROM sbtest3 WHERE id BETWEEN 6632987 AND 6633087
	Index Scan using sbtest3_pkey on sbtest3  (cost=0.43..392.50 rows=98 width=125)
	  Index Cond: ((id >= 6632987) AND (id <= 6633087))

table 4 : explain SELECT id, c FROM sbtest4 WHERE id BETWEEN 6632987 AND 6633087
	Index Scan using sbtest4_pkey on sbtest4  (cost=0.43..411.05 rows=103 width=125)
	  Index Cond: ((id >= 6632987) AND (id <= 6633087))

table 5 : explain SELECT id, c FROM sbtest5 WHERE id BETWEEN 6632987 AND 6633087
	Index Scan using sbtest5_pkey on sbtest5  (cost=0.43..404.19 rows=101 width=125)
	  Index Cond: ((id >= 6632987) AND (id <= 6633087))

table 6 : explain SELECT id, c FROM sbtest6 WHERE id BETWEEN 6632987 AND 6633087
	Index Scan using sbtest6_pkey on sbtest6  (cost=0.43..454.81 rows=114 width=125)
	  Index Cond: ((id >= 6632987) AND (id <= 6633087))

table 7 : explain SELECT id, c FROM sbtest7 WHERE id BETWEEN 6632987 AND 6633087
	Index Scan using sbtest7_pkey on sbtest7  (cost=0.43..418.85 rows=105 width=125)
	  Index Cond: ((id >= 6632987) AND (id <= 6633087))

table 8 : explain SELECT id, c FROM sbtest8 WHERE id BETWEEN 6632987 AND 6633087
	Index Scan using sbtest8_pkey on sbtest8  (cost=0.43..402.66 rows=101 width=125)
	  Index Cond: ((id >= 6632987) AND (id <= 6633087))

explain: for range-notcovered :: explain SELECT id, c FROM sbtest%d WHERE id BETWEEN 6632987 AND 6633087
for range-notcovered
table 1 : explain SELECT id, c FROM sbtest1 WHERE id BETWEEN 7063011 AND 7063111
	Index Scan using sbtest1_pkey on sbtest1  (cost=0.43..368.57 rows=92 width=125)
	  Index Cond: ((id >= 7063011) AND (id <= 7063111))

table 2 : explain SELECT id, c FROM sbtest2 WHERE id BETWEEN 7063011 AND 7063111
	Index Scan using sbtest2_pkey on sbtest2  (cost=0.43..405.05 rows=101 width=125)
	  Index Cond: ((id >= 7063011) AND (id <= 7063111))

table 3 : explain SELECT id, c FROM sbtest3 WHERE id BETWEEN 7063011 AND 7063111
	Index Scan using sbtest3_pkey on sbtest3  (cost=0.43..408.35 rows=102 width=125)
	  Index Cond: ((id >= 7063011) AND (id <= 7063111))

table 4 : explain SELECT id, c FROM sbtest4 WHERE id BETWEEN 7063011 AND 7063111
	Index Scan using sbtest4_pkey on sbtest4  (cost=0.43..395.24 rows=99 width=125)
	  Index Cond: ((id >= 7063011) AND (id <= 7063111))

table 5 : explain SELECT id, c FROM sbtest5 WHERE id BETWEEN 7063011 AND 7063111
	Index Scan using sbtest5_pkey on sbtest5  (cost=0.43..376.48 rows=94 width=125)
	  Index Cond: ((id >= 7063011) AND (id <= 7063111))

table 6 : explain SELECT id, c FROM sbtest6 WHERE id BETWEEN 7063011 AND 7063111
	Index Scan using sbtest6_pkey on sbtest6  (cost=0.43..411.36 rows=103 width=125)
	  Index Cond: ((id >= 7063011) AND (id <= 7063111))

table 7 : explain SELECT id, c FROM sbtest7 WHERE id BETWEEN 7063011 AND 7063111
	Index Scan using sbtest7_pkey on sbtest7  (cost=0.43..426.74 rows=107 width=125)
	  Index Cond: ((id >= 7063011) AND (id <= 7063111))

table 8 : explain SELECT id, c FROM sbtest8 WHERE id BETWEEN 7063011 AND 7063111
	Index Scan using sbtest8_pkey on sbtest8  (cost=0.43..371.11 rows=93 width=125)
	  Index Cond: ((id >= 7063011) AND (id <= 7063111))

explain: for range-notcovered :: explain SELECT id, c FROM sbtest%d WHERE id BETWEEN 7063011 AND 7063111
for range-notcovered
table 1 : explain SELECT id, c FROM sbtest1 WHERE id BETWEEN 8858112 AND 8858212
	Index Scan using sbtest1_pkey on sbtest1  (cost=0.43..400.22 rows=100 width=125)
	  Index Cond: ((id >= 8858112) AND (id <= 8858212))

table 2 : explain SELECT id, c FROM sbtest2 WHERE id BETWEEN 8858112 AND 8858212
	Index Scan using sbtest2_pkey on sbtest2  (cost=0.43..397.12 rows=99 width=125)
	  Index Cond: ((id >= 8858112) AND (id <= 8858212))

table 3 : explain SELECT id, c FROM sbtest3 WHERE id BETWEEN 8858112 AND 8858212
	Index Scan using sbtest3_pkey on sbtest3  (cost=0.43..404.37 rows=101 width=125)
	  Index Cond: ((id >= 8858112) AND (id <= 8858212))

table 4 : explain SELECT id, c FROM sbtest4 WHERE id BETWEEN 8858112 AND 8858212
	Index Scan using sbtest4_pkey on sbtest4  (cost=0.43..395.24 rows=99 width=125)
	  Index Cond: ((id >= 8858112) AND (id <= 8858212))

table 5 : explain SELECT id, c FROM sbtest5 WHERE id BETWEEN 8858112 AND 8858212
	Index Scan using sbtest5_pkey on sbtest5  (cost=0.43..396.26 rows=99 width=125)
	  Index Cond: ((id >= 8858112) AND (id <= 8858212))

table 6 : explain SELECT id, c FROM sbtest6 WHERE id BETWEEN 8858112 AND 8858212
	Index Scan using sbtest6_pkey on sbtest6  (cost=0.43..415.31 rows=104 width=125)
	  Index Cond: ((id >= 8858112) AND (id <= 8858212))

table 7 : explain SELECT id, c FROM sbtest7 WHERE id BETWEEN 8858112 AND 8858212
	Index Scan using sbtest7_pkey on sbtest7  (cost=0.43..407.02 rows=102 width=125)
	  Index Cond: ((id >= 8858112) AND (id <= 8858212))

table 8 : explain SELECT id, c FROM sbtest8 WHERE id BETWEEN 8858112 AND 8858212
	Index Scan using sbtest8_pkey on sbtest8  (cost=0.43..398.72 rows=100 width=125)
	  Index Cond: ((id >= 8858112) AND (id <= 8858212))

explain: for range-notcovered :: explain SELECT id, c FROM sbtest%d WHERE id BETWEEN 4796878 AND 4796978
explain: for range-notcovered :: explain SELECT id, c FROM sbtest%d WHERE id BETWEEN 8858112 AND 8858212
for range-notcovered
table 1 : explain SELECT id, c FROM sbtest1 WHERE id BETWEEN 6632987 AND 6633087
	Index Scan using sbtest1_pkey on sbtest1  (cost=0.43..372.52 rows=93 width=125)
	  Index Cond: ((id >= 6632987) AND (id <= 6633087))

table 2 : explain SELECT id, c FROM sbtest2 WHERE id BETWEEN 6632987 AND 6633087
	Index Scan using sbtest2_pkey on sbtest2  (cost=0.43..389.19 rows=97 width=125)
	  Index Cond: ((id >= 6632987) AND (id <= 6633087))

table 3 : explain SELECT id, c FROM sbtest3 WHERE id BETWEEN 6632987 AND 6633087
	Index Scan using sbtest3_pkey on sbtest3  (cost=0.43..392.50 rows=98 width=125)
	  Index Cond: ((id >= 6632987) AND (id <= 6633087))

table 4 : explain SELECT id, c FROM sbtest4 WHERE id BETWEEN 6632987 AND 6633087
	Index Scan using sbtest4_pkey on sbtest4  (cost=0.43..411.05 rows=103 width=125)
	  Index Cond: ((id >= 6632987) AND (id <= 6633087))

table 5 : explain SELECT id, c FROM sbtest5 WHERE id BETWEEN 6632987 AND 6633087
	Index Scan using sbtest5_pkey on sbtest5  (cost=0.43..404.19 rows=101 width=125)
	  Index Cond: ((id >= 6632987) AND (id <= 6633087))

table 6 : explain SELECT id, c FROM sbtest6 WHERE id BETWEEN 6632987 AND 6633087
	Index Scan using sbtest6_pkey on sbtest6  (cost=0.43..454.81 rows=114 width=125)
	  Index Cond: ((id >= 6632987) AND (id <= 6633087))

table 7 : explain SELECT id, c FROM sbtest7 WHERE id BETWEEN 6632987 AND 6633087
	Index Scan using sbtest7_pkey on sbtest7  (cost=0.43..418.85 rows=105 width=125)
	  Index Cond: ((id >= 6632987) AND (id <= 6633087))

table 8 : explain SELECT id, c FROM sbtest8 WHERE id BETWEEN 6632987 AND 6633087
	Index Scan using sbtest8_pkey on sbtest8  (cost=0.43..402.66 rows=101 width=125)
	  Index Cond: ((id >= 6632987) AND (id <= 6633087))

for range-notcovered
table 1 : explain SELECT id, c FROM sbtest1 WHERE id BETWEEN 7063011 AND 7063111
	Index Scan using sbtest1_pkey on sbtest1  (cost=0.43..368.57 rows=92 width=125)
	  Index Cond: ((id >= 7063011) AND (id <= 7063111))

table 2 : explain SELECT id, c FROM sbtest2 WHERE id BETWEEN 7063011 AND 7063111
	Index Scan using sbtest2_pkey on sbtest2  (cost=0.43..405.05 rows=101 width=125)
	  Index Cond: ((id >= 7063011) AND (id <= 7063111))

table 3 : explain SELECT id, c FROM sbtest3 WHERE id BETWEEN 7063011 AND 7063111
	Index Scan using sbtest3_pkey on sbtest3  (cost=0.43..408.35 rows=102 width=125)
	  Index Cond: ((id >= 7063011) AND (id <= 7063111))

table 4 : explain SELECT id, c FROM sbtest4 WHERE id BETWEEN 7063011 AND 7063111
	Index Scan using sbtest4_pkey on sbtest4  (cost=0.43..395.24 rows=99 width=125)
	  Index Cond: ((id >= 7063011) AND (id <= 7063111))

table 5 : explain SELECT id, c FROM sbtest5 WHERE id BETWEEN 7063011 AND 7063111
	Index Scan using sbtest5_pkey on sbtest5  (cost=0.43..376.48 rows=94 width=125)
	  Index Cond: ((id >= 7063011) AND (id <= 7063111))

table 6 : explain SELECT id, c FROM sbtest6 WHERE id BETWEEN 7063011 AND 7063111
	Index Scan using sbtest6_pkey on sbtest6  (cost=0.43..411.36 rows=103 width=125)
	  Index Cond: ((id >= 7063011) AND (id <= 7063111))

table 7 : explain SELECT id, c FROM sbtest7 WHERE id BETWEEN 7063011 AND 7063111
	Index Scan using sbtest7_pkey on sbtest7  (cost=0.43..426.74 rows=107 width=125)
	  Index Cond: ((id >= 7063011) AND (id <= 7063111))

table 8 : explain SELECT id, c FROM sbtest8 WHERE id BETWEEN 7063011 AND 7063111
	Index Scan using sbtest8_pkey on sbtest8  (cost=0.43..371.11 rows=93 width=125)
	  Index Cond: ((id >= 7063011) AND (id <= 7063111))

explain: for range-notcovered :: explain SELECT id, c FROM sbtest%d WHERE id BETWEEN 7063011 AND 7063111
for range-notcovered
table 1 : explain SELECT id, c FROM sbtest1 WHERE id BETWEEN 6060035 AND 6060135
	Index Scan using sbtest1_pkey on sbtest1  (cost=0.43..376.48 rows=94 width=125)
	  Index Cond: ((id >= 6060035) AND (id <= 6060135))

table 2 : explain SELECT id, c FROM sbtest2 WHERE id BETWEEN 6060035 AND 6060135
	Index Scan using sbtest2_pkey on sbtest2  (cost=0.43..440.75 rows=110 width=125)
	  Index Cond: ((id >= 6060035) AND (id <= 6060135))

table 3 : explain SELECT id, c FROM sbtest3 WHERE id BETWEEN 6060035 AND 6060135
	Index Scan using sbtest3_pkey on sbtest3  (cost=0.43..408.35 rows=102 width=125)
	  Index Cond: ((id >= 6060035) AND (id <= 6060135))

table 4 : explain SELECT id, c FROM sbtest4 WHERE id BETWEEN 6060035 AND 6060135
	Index Scan using sbtest4_pkey on sbtest4  (cost=0.43..367.62 rows=92 width=125)
	  Index Cond: ((id >= 6060035) AND (id <= 6060135))

table 5 : explain SELECT id, c FROM sbtest5 WHERE id BETWEEN 6060035 AND 6060135
	Index Scan using sbtest5_pkey on sbtest5  (cost=0.43..404.19 rows=101 width=125)
	  Index Cond: ((id >= 6060035) AND (id <= 6060135))

table 6 : explain SELECT id, c FROM sbtest6 WHERE id BETWEEN 6060035 AND 6060135
	Index Scan using sbtest6_pkey on sbtest6  (cost=0.43..387.65 rows=97 width=125)
	  Index Cond: ((id >= 6060035) AND (id <= 6060135))

table 7 : explain SELECT id, c FROM sbtest7 WHERE id BETWEEN 6060035 AND 6060135
	Index Scan using sbtest7_pkey on sbtest7  (cost=0.43..395.16 rows=99 width=125)
	  Index Cond: ((id >= 6060035) AND (id <= 6060135))

table 8 : explain SELECT id, c FROM sbtest8 WHERE id BETWEEN 6060035 AND 6060135
	Index Scan using sbtest8_pkey on sbtest8  (cost=0.43..367.17 rows=92 width=125)
	  Index Cond: ((id >= 6060035) AND (id <= 6060135))

explain: for range-notcovered :: explain SELECT id, c FROM sbtest%d WHERE id BETWEEN 6060035 AND 6060135
for range-notcovered
table 1 : explain SELECT id, c FROM sbtest1 WHERE id BETWEEN 8858112 AND 8858212
	Index Scan using sbtest1_pkey on sbtest1  (cost=0.43..400.22 rows=100 width=125)
	  Index Cond: ((id >= 8858112) AND (id <= 8858212))

table 2 : explain SELECT id, c FROM sbtest2 WHERE id BETWEEN 8858112 AND 8858212
	Index Scan using sbtest2_pkey on sbtest2  (cost=0.43..397.12 rows=99 width=125)
	  Index Cond: ((id >= 8858112) AND (id <= 8858212))

table 3 : explain SELECT id, c FROM sbtest3 WHERE id BETWEEN 8858112 AND 8858212
	Index Scan using sbtest3_pkey on sbtest3  (cost=0.43..404.37 rows=101 width=125)
	  Index Cond: ((id >= 8858112) AND (id <= 8858212))

table 4 : explain SELECT id, c FROM sbtest4 WHERE id BETWEEN 8858112 AND 8858212
	Index Scan using sbtest4_pkey on sbtest4  (cost=0.43..395.24 rows=99 width=125)
	  Index Cond: ((id >= 8858112) AND (id <= 8858212))

table 5 : explain SELECT id, c FROM sbtest5 WHERE id BETWEEN 8858112 AND 8858212
	Index Scan using sbtest5_pkey on sbtest5  (cost=0.43..396.26 rows=99 width=125)
	  Index Cond: ((id >= 8858112) AND (id <= 8858212))

table 6 : explain SELECT id, c FROM sbtest6 WHERE id BETWEEN 8858112 AND 8858212
	Index Scan using sbtest6_pkey on sbtest6  (cost=0.43..415.31 rows=104 width=125)
	  Index Cond: ((id >= 8858112) AND (id <= 8858212))

table 7 : explain SELECT id, c FROM sbtest7 WHERE id BETWEEN 8858112 AND 8858212
	Index Scan using sbtest7_pkey on sbtest7  (cost=0.43..407.02 rows=102 width=125)
	  Index Cond: ((id >= 8858112) AND (id <= 8858212))

table 8 : explain SELECT id, c FROM sbtest8 WHERE id BETWEEN 8858112 AND 8858212
	Index Scan using sbtest8_pkey on sbtest8  (cost=0.43..398.72 rows=100 width=125)
	  Index Cond: ((id >= 8858112) AND (id <= 8858212))

explain: for range-notcovered :: explain SELECT id, c FROM sbtest%d WHERE id BETWEEN 8858112 AND 8858212
for range-notcovered
table 1 : explain SELECT id, c FROM sbtest1 WHERE id BETWEEN 4796878 AND 4796978
	Index Scan using sbtest1_pkey on sbtest1  (cost=0.43..427.94 rows=107 width=125)
	  Index Cond: ((id >= 4796878) AND (id <= 4796978))

table 2 : explain SELECT id, c FROM sbtest2 WHERE id BETWEEN 4796878 AND 4796978
	Index Scan using sbtest2_pkey on sbtest2  (cost=0.43..432.82 rows=108 width=125)
	  Index Cond: ((id >= 4796878) AND (id <= 4796978))

table 3 : explain SELECT id, c FROM sbtest3 WHERE id BETWEEN 4796878 AND 4796978
	Index Scan using sbtest3_pkey on sbtest3  (cost=0.43..416.26 rows=104 width=125)
	  Index Cond: ((id >= 4796878) AND (id <= 4796978))

table 4 : explain SELECT id, c FROM sbtest4 WHERE id BETWEEN 4796878 AND 4796978
	Index Scan using sbtest4_pkey on sbtest4  (cost=0.43..414.99 rows=104 width=125)
	  Index Cond: ((id >= 4796878) AND (id <= 4796978))

table 5 : explain SELECT id, c FROM sbtest5 WHERE id BETWEEN 4796878 AND 4796978
	Index Scan using sbtest5_pkey on sbtest5  (cost=0.43..368.56 rows=92 width=125)
	  Index Cond: ((id >= 4796878) AND (id <= 4796978))

table 6 : explain SELECT id, c FROM sbtest6 WHERE id BETWEEN 4796878 AND 4796978
	Index Scan using sbtest6_pkey on sbtest6  (cost=0.43..371.85 rows=93 width=125)
	  Index Cond: ((id >= 4796878) AND (id <= 4796978))

table 7 : explain SELECT id, c FROM sbtest7 WHERE id BETWEEN 4796878 AND 4796978
	Index Scan using sbtest7_pkey on sbtest7  (cost=0.43..403.07 rows=101 width=125)
	  Index Cond: ((id >= 4796878) AND (id <= 4796978))

table 8 : explain SELECT id, c FROM sbtest8 WHERE id BETWEEN 4796878 AND 4796978
	Index Scan using sbtest8_pkey on sbtest8  (cost=0.43..398.72 rows=100 width=125)
	  Index Cond: ((id >= 4796878) AND (id <= 4796978))

explain: for range-notcovered :: explain SELECT id, c FROM sbtest%d WHERE id BETWEEN 4796878 AND 4796978
for range-notcovered
table 1 : explain SELECT id, c FROM sbtest1 WHERE id BETWEEN 8858112 AND 8858212
	Index Scan using sbtest1_pkey on sbtest1  (cost=0.43..400.22 rows=100 width=125)
	  Index Cond: ((id >= 8858112) AND (id <= 8858212))

table 2 : explain SELECT id, c FROM sbtest2 WHERE id BETWEEN 8858112 AND 8858212
	Index Scan using sbtest2_pkey on sbtest2  (cost=0.43..397.12 rows=99 width=125)
	  Index Cond: ((id >= 8858112) AND (id <= 8858212))

table 3 : explain SELECT id, c FROM sbtest3 WHERE id BETWEEN 8858112 AND 8858212
	Index Scan using sbtest3_pkey on sbtest3  (cost=0.43..404.37 rows=101 width=125)
	  Index Cond: ((id >= 8858112) AND (id <= 8858212))

table 4 : explain SELECT id, c FROM sbtest4 WHERE id BETWEEN 8858112 AND 8858212
	Index Scan using sbtest4_pkey on sbtest4  (cost=0.43..395.24 rows=99 width=125)
	  Index Cond: ((id >= 8858112) AND (id <= 8858212))

table 5 : explain SELECT id, c FROM sbtest5 WHERE id BETWEEN 8858112 AND 8858212
	Index Scan using sbtest5_pkey on sbtest5  (cost=0.43..396.26 rows=99 width=125)
	  Index Cond: ((id >= 8858112) AND (id <= 8858212))

table 6 : explain SELECT id, c FROM sbtest6 WHERE id BETWEEN 8858112 AND 8858212
	Index Scan using sbtest6_pkey on sbtest6  (cost=0.43..415.31 rows=104 width=125)
	  Index Cond: ((id >= 8858112) AND (id <= 8858212))

table 7 : explain SELECT id, c FROM sbtest7 WHERE id BETWEEN 8858112 AND 8858212
	Index Scan using sbtest7_pkey on sbtest7  (cost=0.43..407.02 rows=102 width=125)
	  Index Cond: ((id >= 8858112) AND (id <= 8858212))

table 8 : explain SELECT id, c FROM sbtest8 WHERE id BETWEEN 8858112 AND 8858212
	Index Scan using sbtest8_pkey on sbtest8  (cost=0.43..398.72 rows=100 width=125)
	  Index Cond: ((id >= 8858112) AND (id <= 8858212))

explain: for range-notcovered :: explain SELECT id, c FROM sbtest%d WHERE id BETWEEN 8858112 AND 8858212
for range-notcovered
table 1 : explain SELECT id, c FROM sbtest1 WHERE id BETWEEN 6060035 AND 6060135
	Index Scan using sbtest1_pkey on sbtest1  (cost=0.43..376.48 rows=94 width=125)
	  Index Cond: ((id >= 6060035) AND (id <= 6060135))

table 2 : explain SELECT id, c FROM sbtest2 WHERE id BETWEEN 6060035 AND 6060135
	Index Scan using sbtest2_pkey on sbtest2  (cost=0.43..440.75 rows=110 width=125)
	  Index Cond: ((id >= 6060035) AND (id <= 6060135))

table 3 : explain SELECT id, c FROM sbtest3 WHERE id BETWEEN 6060035 AND 6060135
	Index Scan using sbtest3_pkey on sbtest3  (cost=0.43..408.35 rows=102 width=125)
	  Index Cond: ((id >= 6060035) AND (id <= 6060135))

table 4 : explain SELECT id, c FROM sbtest4 WHERE id BETWEEN 6060035 AND 6060135
	Index Scan using sbtest4_pkey on sbtest4  (cost=0.43..367.62 rows=92 width=125)
	  Index Cond: ((id >= 6060035) AND (id <= 6060135))

table 5 : explain SELECT id, c FROM sbtest5 WHERE id BETWEEN 6060035 AND 6060135
	Index Scan using sbtest5_pkey on sbtest5  (cost=0.43..404.19 rows=101 width=125)
	  Index Cond: ((id >= 6060035) AND (id <= 6060135))

table 6 : explain SELECT id, c FROM sbtest6 WHERE id BETWEEN 6060035 AND 6060135
	Index Scan using sbtest6_pkey on sbtest6  (cost=0.43..387.65 rows=97 width=125)
	  Index Cond: ((id >= 6060035) AND (id <= 6060135))

table 7 : explain SELECT id, c FROM sbtest7 WHERE id BETWEEN 6060035 AND 6060135
	Index Scan using sbtest7_pkey on sbtest7  (cost=0.43..395.16 rows=99 width=125)
	  Index Cond: ((id >= 6060035) AND (id <= 6060135))

table 8 : explain SELECT id, c FROM sbtest8 WHERE id BETWEEN 6060035 AND 6060135
	Index Scan using sbtest8_pkey on sbtest8  (cost=0.43..367.17 rows=92 width=125)
	  Index Cond: ((id >= 6060035) AND (id <= 6060135))

explain: for range-notcovered :: explain SELECT id, c FROM sbtest%d WHERE id BETWEEN 6060035 AND 6060135
for range-notcovered
table 1 : explain SELECT id, c FROM sbtest1 WHERE id BETWEEN 4796878 AND 4796978
	Index Scan using sbtest1_pkey on sbtest1  (cost=0.43..427.94 rows=107 width=125)
	  Index Cond: ((id >= 4796878) AND (id <= 4796978))

table 2 : explain SELECT id, c FROM sbtest2 WHERE id BETWEEN 4796878 AND 4796978
	Index Scan using sbtest2_pkey on sbtest2  (cost=0.43..432.82 rows=108 width=125)
	  Index Cond: ((id >= 4796878) AND (id <= 4796978))

table 3 : explain SELECT id, c FROM sbtest3 WHERE id BETWEEN 4796878 AND 4796978
	Index Scan using sbtest3_pkey on sbtest3  (cost=0.43..416.26 rows=104 width=125)
	  Index Cond: ((id >= 4796878) AND (id <= 4796978))

table 4 : explain SELECT id, c FROM sbtest4 WHERE id BETWEEN 4796878 AND 4796978
	Index Scan using sbtest4_pkey on sbtest4  (cost=0.43..414.99 rows=104 width=125)
	  Index Cond: ((id >= 4796878) AND (id <= 4796978))

table 5 : explain SELECT id, c FROM sbtest5 WHERE id BETWEEN 4796878 AND 4796978
	Index Scan using sbtest5_pkey on sbtest5  (cost=0.43..368.56 rows=92 width=125)
	  Index Cond: ((id >= 4796878) AND (id <= 4796978))

table 6 : explain SELECT id, c FROM sbtest6 WHERE id BETWEEN 4796878 AND 4796978
	Index Scan using sbtest6_pkey on sbtest6  (cost=0.43..371.85 rows=93 width=125)
	  Index Cond: ((id >= 4796878) AND (id <= 4796978))

table 7 : explain SELECT id, c FROM sbtest7 WHERE id BETWEEN 4796878 AND 4796978
	Index Scan using sbtest7_pkey on sbtest7  (cost=0.43..403.07 rows=101 width=125)
	  Index Cond: ((id >= 4796878) AND (id <= 4796978))

table 8 : explain SELECT id, c FROM sbtest8 WHERE id BETWEEN 4796878 AND 4796978
	Index Scan using sbtest8_pkey on sbtest8  (cost=0.43..398.72 rows=100 width=125)
	  Index Cond: ((id >= 4796878) AND (id <= 4796978))

explain: for range-notcovered :: explain SELECT id, c FROM sbtest%d WHERE id BETWEEN 4796878 AND 4796978
for range-notcovered
table 1 : explain SELECT id, c FROM sbtest1 WHERE id BETWEEN 3910366 AND 3910466
	Index Scan using sbtest1_pkey on sbtest1  (cost=0.43..431.89 rows=108 width=125)
	  Index Cond: ((id >= 3910366) AND (id <= 3910466))

table 2 : explain SELECT id, c FROM sbtest2 WHERE id BETWEEN 3910366 AND 3910466
	Index Scan using sbtest2_pkey on sbtest2  (cost=0.43..377.29 rows=94 width=125)
	  Index Cond: ((id >= 3910366) AND (id <= 3910466))

table 3 : explain SELECT id, c FROM sbtest3 WHERE id BETWEEN 3910366 AND 3910466
	Index Scan using sbtest3_pkey on sbtest3  (cost=0.43..443.98 rows=111 width=125)
	  Index Cond: ((id >= 3910366) AND (id <= 3910466))

table 4 : explain SELECT id, c FROM sbtest4 WHERE id BETWEEN 3910366 AND 3910466
	Index Scan using sbtest4_pkey on sbtest4  (cost=0.43..399.19 rows=100 width=125)
	  Index Cond: ((id >= 3910366) AND (id <= 3910466))

table 5 : explain SELECT id, c FROM sbtest5 WHERE id BETWEEN 3910366 AND 3910466
	Index Scan using sbtest5_pkey on sbtest5  (cost=0.43..412.10 rows=103 width=125)
	  Index Cond: ((id >= 3910366) AND (id <= 3910466))

table 6 : explain SELECT id, c FROM sbtest6 WHERE id BETWEEN 3910366 AND 3910466
	Index Scan using sbtest6_pkey on sbtest6  (cost=0.43..423.21 rows=106 width=125)
	  Index Cond: ((id >= 3910366) AND (id <= 3910466))

table 7 : explain SELECT id, c FROM sbtest7 WHERE id BETWEEN 3910366 AND 3910466
	Index Scan using sbtest7_pkey on sbtest7  (cost=0.43..399.11 rows=100 width=125)
	  Index Cond: ((id >= 3910366) AND (id <= 3910466))

table 8 : explain SELECT id, c FROM sbtest8 WHERE id BETWEEN 3910366 AND 3910466
	Index Scan using sbtest8_pkey on sbtest8  (cost=0.43..406.60 rows=102 width=125)
	  Index Cond: ((id >= 3910366) AND (id <= 3910466))

explain: for range-notcovered :: explain SELECT id, c FROM sbtest%d WHERE id BETWEEN 3910366 AND 3910466
for range-notcovered
table 1 : explain SELECT id, c FROM sbtest1 WHERE id BETWEEN 7063011 AND 7063111
	Index Scan using sbtest1_pkey on sbtest1  (cost=0.43..368.57 rows=92 width=125)
	  Index Cond: ((id >= 7063011) AND (id <= 7063111))

table 2 : explain SELECT id, c FROM sbtest2 WHERE id BETWEEN 7063011 AND 7063111
	Index Scan using sbtest2_pkey on sbtest2  (cost=0.43..405.05 rows=101 width=125)
	  Index Cond: ((id >= 7063011) AND (id <= 7063111))

table 3 : explain SELECT id, c FROM sbtest3 WHERE id BETWEEN 7063011 AND 7063111
	Index Scan using sbtest3_pkey on sbtest3  (cost=0.43..408.35 rows=102 width=125)
	  Index Cond: ((id >= 7063011) AND (id <= 7063111))

table 4 : explain SELECT id, c FROM sbtest4 WHERE id BETWEEN 7063011 AND 7063111
	Index Scan using sbtest4_pkey on sbtest4  (cost=0.43..395.24 rows=99 width=125)
	  Index Cond: ((id >= 7063011) AND (id <= 7063111))

table 5 : explain SELECT id, c FROM sbtest5 WHERE id BETWEEN 7063011 AND 7063111
	Index Scan using sbtest5_pkey on sbtest5  (cost=0.43..376.48 rows=94 width=125)
	  Index Cond: ((id >= 7063011) AND (id <= 7063111))

table 6 : explain SELECT id, c FROM sbtest6 WHERE id BETWEEN 7063011 AND 7063111
	Index Scan using sbtest6_pkey on sbtest6  (cost=0.43..411.36 rows=103 width=125)
	  Index Cond: ((id >= 7063011) AND (id <= 7063111))

table 7 : explain SELECT id, c FROM sbtest7 WHERE id BETWEEN 7063011 AND 7063111
	Index Scan using sbtest7_pkey on sbtest7  (cost=0.43..426.74 rows=107 width=125)
	  Index Cond: ((id >= 7063011) AND (id <= 7063111))

table 8 : explain SELECT id, c FROM sbtest8 WHERE id BETWEEN 7063011 AND 7063111
	Index Scan using sbtest8_pkey on sbtest8  (cost=0.43..371.11 rows=93 width=125)
	  Index Cond: ((id >= 7063011) AND (id <= 7063111))

for range-notcovered
table 1 : explain SELECT id, c FROM sbtest1 WHERE id BETWEEN 6060035 AND 6060135
	Index Scan using sbtest1_pkey on sbtest1  (cost=0.43..376.48 rows=94 width=125)
	  Index Cond: ((id >= 6060035) AND (id <= 6060135))

table 2 : explain SELECT id, c FROM sbtest2 WHERE id BETWEEN 6060035 AND 6060135
	Index Scan using sbtest2_pkey on sbtest2  (cost=0.43..440.75 rows=110 width=125)
	  Index Cond: ((id >= 6060035) AND (id <= 6060135))

table 3 : explain SELECT id, c FROM sbtest3 WHERE id BETWEEN 6060035 AND 6060135
	Index Scan using sbtest3_pkey on sbtest3  (cost=0.43..408.35 rows=102 width=125)
	  Index Cond: ((id >= 6060035) AND (id <= 6060135))

table 4 : explain SELECT id, c FROM sbtest4 WHERE id BETWEEN 6060035 AND 6060135
	Index Scan using sbtest4_pkey on sbtest4  (cost=0.43..367.62 rows=92 width=125)
	  Index Cond: ((id >= 6060035) AND (id <= 6060135))

table 5 : explain SELECT id, c FROM sbtest5 WHERE id BETWEEN 6060035 AND 6060135
	Index Scan using sbtest5_pkey on sbtest5  (cost=0.43..404.19 rows=101 width=125)
	  Index Cond: ((id >= 6060035) AND (id <= 6060135))

table 6 : explain SELECT id, c FROM sbtest6 WHERE id BETWEEN 6060035 AND 6060135
	Index Scan using sbtest6_pkey on sbtest6  (cost=0.43..387.65 rows=97 width=125)
	  Index Cond: ((id >= 6060035) AND (id <= 6060135))

table 7 : explain SELECT id, c FROM sbtest7 WHERE id BETWEEN 6060035 AND 6060135
	Index Scan using sbtest7_pkey on sbtest7  (cost=0.43..395.16 rows=99 width=125)
	  Index Cond: ((id >= 6060035) AND (id <= 6060135))

table 8 : explain SELECT id, c FROM sbtest8 WHERE id BETWEEN 6060035 AND 6060135
	Index Scan using sbtest8_pkey on sbtest8  (cost=0.43..367.17 rows=92 width=125)
	  Index Cond: ((id >= 6060035) AND (id <= 6060135))

explain: for range-notcovered :: explain SELECT id, c FROM sbtest%d WHERE id BETWEEN 7063011 AND 7063111
explain: for range-notcovered :: explain SELECT id, c FROM sbtest%d WHERE id BETWEEN 6060035 AND 6060135
for range-notcovered
table 1 : explain SELECT id, c FROM sbtest1 WHERE id BETWEEN 4796878 AND 4796978
	Index Scan using sbtest1_pkey on sbtest1  (cost=0.43..427.94 rows=107 width=125)
	  Index Cond: ((id >= 4796878) AND (id <= 4796978))

table 2 : explain SELECT id, c FROM sbtest2 WHERE id BETWEEN 4796878 AND 4796978
	Index Scan using sbtest2_pkey on sbtest2  (cost=0.43..432.82 rows=108 width=125)
	  Index Cond: ((id >= 4796878) AND (id <= 4796978))

table 3 : explain SELECT id, c FROM sbtest3 WHERE id BETWEEN 4796878 AND 4796978
	Index Scan using sbtest3_pkey on sbtest3  (cost=0.43..416.26 rows=104 width=125)
	  Index Cond: ((id >= 4796878) AND (id <= 4796978))

table 4 : explain SELECT id, c FROM sbtest4 WHERE id BETWEEN 4796878 AND 4796978
	Index Scan using sbtest4_pkey on sbtest4  (cost=0.43..414.99 rows=104 width=125)
	  Index Cond: ((id >= 4796878) AND (id <= 4796978))

table 5 : explain SELECT id, c FROM sbtest5 WHERE id BETWEEN 4796878 AND 4796978
	Index Scan using sbtest5_pkey on sbtest5  (cost=0.43..368.56 rows=92 width=125)
	  Index Cond: ((id >= 4796878) AND (id <= 4796978))

table 6 : explain SELECT id, c FROM sbtest6 WHERE id BETWEEN 4796878 AND 4796978
	Index Scan using sbtest6_pkey on sbtest6  (cost=0.43..371.85 rows=93 width=125)
	  Index Cond: ((id >= 4796878) AND (id <= 4796978))

table 7 : explain SELECT id, c FROM sbtest7 WHERE id BETWEEN 4796878 AND 4796978
	Index Scan using sbtest7_pkey on sbtest7  (cost=0.43..403.07 rows=101 width=125)
	  Index Cond: ((id >= 4796878) AND (id <= 4796978))

table 8 : explain SELECT id, c FROM sbtest8 WHERE id BETWEEN 4796878 AND 4796978
	Index Scan using sbtest8_pkey on sbtest8  (cost=0.43..398.72 rows=100 width=125)
	  Index Cond: ((id >= 4796878) AND (id <= 4796978))

explain: for range-notcovered :: explain SELECT id, c FROM sbtest%d WHERE id BETWEEN 4796878 AND 4796978
for range-notcovered
table 1 : explain SELECT id, c FROM sbtest1 WHERE id BETWEEN 3910366 AND 3910466
	Index Scan using sbtest1_pkey on sbtest1  (cost=0.43..431.89 rows=108 width=125)
	  Index Cond: ((id >= 3910366) AND (id <= 3910466))

table 2 : explain SELECT id, c FROM sbtest2 WHERE id BETWEEN 3910366 AND 3910466
	Index Scan using sbtest2_pkey on sbtest2  (cost=0.43..377.29 rows=94 width=125)
	  Index Cond: ((id >= 3910366) AND (id <= 3910466))

table 3 : explain SELECT id, c FROM sbtest3 WHERE id BETWEEN 3910366 AND 3910466
	Index Scan using sbtest3_pkey on sbtest3  (cost=0.43..443.98 rows=111 width=125)
	  Index Cond: ((id >= 3910366) AND (id <= 3910466))

table 4 : explain SELECT id, c FROM sbtest4 WHERE id BETWEEN 3910366 AND 3910466
	Index Scan using sbtest4_pkey on sbtest4  (cost=0.43..399.19 rows=100 width=125)
	  Index Cond: ((id >= 3910366) AND (id <= 3910466))

table 5 : explain SELECT id, c FROM sbtest5 WHERE id BETWEEN 3910366 AND 3910466
	Index Scan using sbtest5_pkey on sbtest5  (cost=0.43..412.10 rows=103 width=125)
	  Index Cond: ((id >= 3910366) AND (id <= 3910466))

table 6 : explain SELECT id, c FROM sbtest6 WHERE id BETWEEN 3910366 AND 3910466
	Index Scan using sbtest6_pkey on sbtest6  (cost=0.43..423.21 rows=106 width=125)
	  Index Cond: ((id >= 3910366) AND (id <= 3910466))

table 7 : explain SELECT id, c FROM sbtest7 WHERE id BETWEEN 3910366 AND 3910466
	Index Scan using sbtest7_pkey on sbtest7  (cost=0.43..399.11 rows=100 width=125)
	  Index Cond: ((id >= 3910366) AND (id <= 3910466))

table 8 : explain SELECT id, c FROM sbtest8 WHERE id BETWEEN 3910366 AND 3910466
	Index Scan using sbtest8_pkey on sbtest8  (cost=0.43..406.60 rows=102 width=125)
	  Index Cond: ((id >= 3910366) AND (id <= 3910466))

for range-notcovered
table 1 : explain SELECT id, c FROM sbtest1 WHERE id BETWEEN 7063011 AND 7063111
	Index Scan using sbtest1_pkey on sbtest1  (cost=0.43..368.57 rows=92 width=125)
	  Index Cond: ((id >= 7063011) AND (id <= 7063111))

table 2 : explain SELECT id, c FROM sbtest2 WHERE id BETWEEN 7063011 AND 7063111
	Index Scan using sbtest2_pkey on sbtest2  (cost=0.43..405.05 rows=101 width=125)
	  Index Cond: ((id >= 7063011) AND (id <= 7063111))

table 3 : explain SELECT id, c FROM sbtest3 WHERE id BETWEEN 7063011 AND 7063111
	Index Scan using sbtest3_pkey on sbtest3  (cost=0.43..408.35 rows=102 width=125)
	  Index Cond: ((id >= 7063011) AND (id <= 7063111))

table 4 : explain SELECT id, c FROM sbtest4 WHERE id BETWEEN 7063011 AND 7063111
	Index Scan using sbtest4_pkey on sbtest4  (cost=0.43..395.24 rows=99 width=125)
	  Index Cond: ((id >= 7063011) AND (id <= 7063111))

table 5 : explain SELECT id, c FROM sbtest5 WHERE id BETWEEN 7063011 AND 7063111
	Index Scan using sbtest5_pkey on sbtest5  (cost=0.43..376.48 rows=94 width=125)
	  Index Cond: ((id >= 7063011) AND (id <= 7063111))

table 6 : explain SELECT id, c FROM sbtest6 WHERE id BETWEEN 7063011 AND 7063111
	Index Scan using sbtest6_pkey on sbtest6  (cost=0.43..411.36 rows=103 width=125)
	  Index Cond: ((id >= 7063011) AND (id <= 7063111))

table 7 : explain SELECT id, c FROM sbtest7 WHERE id BETWEEN 7063011 AND 7063111
	Index Scan using sbtest7_pkey on sbtest7  (cost=0.43..426.74 rows=107 width=125)
	  Index Cond: ((id >= 7063011) AND (id <= 7063111))

table 8 : explain SELECT id, c FROM sbtest8 WHERE id BETWEEN 7063011 AND 7063111
	Index Scan using sbtest8_pkey on sbtest8  (cost=0.43..371.11 rows=93 width=125)
	  Index Cond: ((id >= 7063011) AND (id <= 7063111))
explain: for range-notcovered :: explain SELECT id, c FROM sbtest%d WHERE id BETWEEN 3910366 AND 3910466

for range-notcovered
table 1 : explain SELECT id, c FROM sbtest1 WHERE id BETWEEN 8858112 AND 8858212
	Index Scan using sbtest1_pkey on sbtest1  (cost=0.43..400.22 rows=100 width=125)
	  Index Cond: ((id >= 8858112) AND (id <= 8858212))

table 2 : explain SELECT id, c FROM sbtest2 WHERE id BETWEEN 8858112 AND 8858212
	Index Scan using sbtest2_pkey on sbtest2  (cost=0.43..397.12 rows=99 width=125)
	  Index Cond: ((id >= 8858112) AND (id <= 8858212))

table 3 : explain SELECT id, c FROM sbtest3 WHERE id BETWEEN 8858112 AND 8858212
	Index Scan using sbtest3_pkey on sbtest3  (cost=0.43..404.37 rows=101 width=125)
	  Index Cond: ((id >= 8858112) AND (id <= 8858212))

table 4 : explain SELECT id, c FROM sbtest4 WHERE id BETWEEN 8858112 AND 8858212
	Index Scan using sbtest4_pkey on sbtest4  (cost=0.43..395.24 rows=99 width=125)
	  Index Cond: ((id >= 8858112) AND (id <= 8858212))

table 5 : explain SELECT id, c FROM sbtest5 WHERE id BETWEEN 8858112 AND 8858212
	Index Scan using sbtest5_pkey on sbtest5  (cost=0.43..396.26 rows=99 width=125)
	  Index Cond: ((id >= 8858112) AND (id <= 8858212))

table 6 : explain SELECT id, c FROM sbtest6 WHERE id BETWEEN 8858112 AND 8858212
	Index Scan using sbtest6_pkey on sbtest6  (cost=0.43..415.31 rows=104 width=125)
	  Index Cond: ((id >= 8858112) AND (id <= 8858212))

table 7 : explain SELECT id, c FROM sbtest7 WHERE id BETWEEN 8858112 AND 8858212
	Index Scan using sbtest7_pkey on sbtest7  (cost=0.43..407.02 rows=102 width=125)
	  Index Cond: ((id >= 8858112) AND (id <= 8858212))

table 8 : explain SELECT id, c FROM sbtest8 WHERE id BETWEEN 8858112 AND 8858212
	Index Scan using sbtest8_pkey on sbtest8  (cost=0.43..398.72 rows=100 width=125)
	  Index Cond: ((id >= 8858112) AND (id <= 8858212))

for range-notcovered
table 1 : explain SELECT id, c FROM sbtest1 WHERE id BETWEEN 6060035 AND 6060135
	Index Scan using sbtest1_pkey on sbtest1  (cost=0.43..376.48 rows=94 width=125)
	  Index Cond: ((id >= 6060035) AND (id <= 6060135))

table 2 : explain SELECT id, c FROM sbtest2 WHERE id BETWEEN 6060035 AND 6060135
	Index Scan using sbtest2_pkey on sbtest2  (cost=0.43..440.75 rows=110 width=125)
	  Index Cond: ((id >= 6060035) AND (id <= 6060135))

table 3 : explain SELECT id, c FROM sbtest3 WHERE id BETWEEN 6060035 AND 6060135
	Index Scan using sbtest3_pkey on sbtest3  (cost=0.43..408.35 rows=102 width=125)
	  Index Cond: ((id >= 6060035) AND (id <= 6060135))

table 4 : explain SELECT id, c FROM sbtest4 WHERE id BETWEEN 6060035 AND 6060135
	Index Scan using sbtest4_pkey on sbtest4  (cost=0.43..367.62 rows=92 width=125)
	  Index Cond: ((id >= 6060035) AND (id <= 6060135))

table 5 : explain SELECT id, c FROM sbtest5 WHERE id BETWEEN 6060035 AND 6060135
	Index Scan using sbtest5_pkey on sbtest5  (cost=0.43..404.19 rows=101 width=125)
	  Index Cond: ((id >= 6060035) AND (id <= 6060135))

table 6 : explain SELECT id, c FROM sbtest6 WHERE id BETWEEN 6060035 AND 6060135
	Index Scan using sbtest6_pkey on sbtest6  (cost=0.43..387.65 rows=97 width=125)
	  Index Cond: ((id >= 6060035) AND (id <= 6060135))

table 7 : explain SELECT id, c FROM sbtest7 WHERE id BETWEEN 6060035 AND 6060135
	Index Scan using sbtest7_pkey on sbtest7  (cost=0.43..395.16 rows=99 width=125)
	  Index Cond: ((id >= 6060035) AND (id <= 6060135))

table 8 : explain SELECT id, c FROM sbtest8 WHERE id BETWEEN 6060035 AND 6060135
	Index Scan using sbtest8_pkey on sbtest8  (cost=0.43..367.17 rows=92 width=125)
	  Index Cond: ((id >= 6060035) AND (id <= 6060135))

explain: for range-notcovered :: explain SELECT id, c FROM sbtest%d WHERE id BETWEEN 8858112 AND 8858212
for range-notcovered
table 1 : explain SELECT id, c FROM sbtest1 WHERE id BETWEEN 4796878 AND 4796978
	Index Scan using sbtest1_pkey on sbtest1  (cost=0.43..427.94 rows=107 width=125)
	  Index Cond: ((id >= 4796878) AND (id <= 4796978))

table 2 : explain SELECT id, c FROM sbtest2 WHERE id BETWEEN 4796878 AND 4796978
	Index Scan using sbtest2_pkey on sbtest2  (cost=0.43..432.82 rows=108 width=125)
	  Index Cond: ((id >= 4796878) AND (id <= 4796978))

table 3 : explain SELECT id, c FROM sbtest3 WHERE id BETWEEN 4796878 AND 4796978
	Index Scan using sbtest3_pkey on sbtest3  (cost=0.43..416.26 rows=104 width=125)
	  Index Cond: ((id >= 4796878) AND (id <= 4796978))

table 4 : explain SELECT id, c FROM sbtest4 WHERE id BETWEEN 4796878 AND 4796978
	Index Scan using sbtest4_pkey on sbtest4  (cost=0.43..414.99 rows=104 width=125)
	  Index Cond: ((id >= 4796878) AND (id <= 4796978))

table 5 : explain SELECT id, c FROM sbtest5 WHERE id BETWEEN 4796878 AND 4796978
	Index Scan using sbtest5_pkey on sbtest5  (cost=0.43..368.56 rows=92 width=125)
	  Index Cond: ((id >= 4796878) AND (id <= 4796978))

table 6 : explain SELECT id, c FROM sbtest6 WHERE id BETWEEN 4796878 AND 4796978
	Index Scan using sbtest6_pkey on sbtest6  (cost=0.43..371.85 rows=93 width=125)
	  Index Cond: ((id >= 4796878) AND (id <= 4796978))

table 7 : explain SELECT id, c FROM sbtest7 WHERE id BETWEEN 4796878 AND 4796978
	Index Scan using sbtest7_pkey on sbtest7  (cost=0.43..403.07 rows=101 width=125)
	  Index Cond: ((id >= 4796878) AND (id <= 4796978))

table 8 : explain SELECT id, c FROM sbtest8 WHERE id BETWEEN 4796878 AND 4796978
	Index Scan using sbtest8_pkey on sbtest8  (cost=0.43..398.72 rows=100 width=125)
	  Index Cond: ((id >= 4796878) AND (id <= 4796978))

explain: for range-notcovered :: explain SELECT id, c FROM sbtest%d WHERE id BETWEEN 5077182 AND 5077282
explain: for range-notcovered :: explain SELECT id, c FROM sbtest%d WHERE id BETWEEN 7063011 AND 7063111
for range-notcovered
table 1 : explain SELECT id, c FROM sbtest1 WHERE id BETWEEN 3188733 AND 3188833
	Index Scan using sbtest1_pkey on sbtest1  (cost=0.43..412.11 rows=103 width=125)
	  Index Cond: ((id >= 3188733) AND (id <= 3188833))

table 2 : explain SELECT id, c FROM sbtest2 WHERE id BETWEEN 3188733 AND 3188833
	Index Scan using sbtest2_pkey on sbtest2  (cost=0.43..389.19 rows=97 width=125)
	  Index Cond: ((id >= 3188733) AND (id <= 3188833))

table 3 : explain SELECT id, c FROM sbtest3 WHERE id BETWEEN 3188733 AND 3188833
	Index Scan using sbtest3_pkey on sbtest3  (cost=0.43..396.45 rows=99 width=125)
	  Index Cond: ((id >= 3188733) AND (id <= 3188833))

table 4 : explain SELECT id, c FROM sbtest4 WHERE id BETWEEN 3188733 AND 3188833
	Index Scan using sbtest4_pkey on sbtest4  (cost=0.43..411.05 rows=103 width=125)
	  Index Cond: ((id >= 3188733) AND (id <= 3188833))

table 5 : explain SELECT id, c FROM sbtest5 WHERE id BETWEEN 3188733 AND 3188833
	Index Scan using sbtest5_pkey on sbtest5  (cost=0.43..431.89 rows=108 width=125)
	  Index Cond: ((id >= 3188733) AND (id <= 3188833))

table 6 : explain SELECT id, c FROM sbtest6 WHERE id BETWEEN 3188733 AND 3188833
	Index Scan using sbtest6_pkey on sbtest6  (cost=0.43..431.11 rows=108 width=125)
	  Index Cond: ((id >= 3188733) AND (id <= 3188833))

table 7 : explain SELECT id, c FROM sbtest7 WHERE id BETWEEN 3188733 AND 3188833
	Index Scan using sbtest7_pkey on sbtest7  (cost=0.43..414.91 rows=104 width=125)
	  Index Cond: ((id >= 3188733) AND (id <= 3188833))

table 8 : explain SELECT id, c FROM sbtest8 WHERE id BETWEEN 3188733 AND 3188833
	Index Scan using sbtest8_pkey on sbtest8  (cost=0.43..414.49 rows=104 width=125)
	  Index Cond: ((id >= 3188733) AND (id <= 3188833))

explain: for range-notcovered :: explain SELECT id, c FROM sbtest%d WHERE id BETWEEN 3188733 AND 3188833
explain: for range-notcovered :: explain SELECT id, c FROM sbtest%d WHERE id BETWEEN 6905771 AND 6905871
for range-notcovered
table 1 : explain SELECT id, c FROM sbtest1 WHERE id BETWEEN 3910366 AND 3910466
	Index Scan using sbtest1_pkey on sbtest1  (cost=0.43..431.89 rows=108 width=125)
	  Index Cond: ((id >= 3910366) AND (id <= 3910466))

table 2 : explain SELECT id, c FROM sbtest2 WHERE id BETWEEN 3910366 AND 3910466
	Index Scan using sbtest2_pkey on sbtest2  (cost=0.43..377.29 rows=94 width=125)
	  Index Cond: ((id >= 3910366) AND (id <= 3910466))

table 3 : explain SELECT id, c FROM sbtest3 WHERE id BETWEEN 3910366 AND 3910466
	Index Scan using sbtest3_pkey on sbtest3  (cost=0.43..443.98 rows=111 width=125)
	  Index Cond: ((id >= 3910366) AND (id <= 3910466))

table 4 : explain SELECT id, c FROM sbtest4 WHERE id BETWEEN 3910366 AND 3910466
	Index Scan using sbtest4_pkey on sbtest4  (cost=0.43..399.19 rows=100 width=125)
	  Index Cond: ((id >= 3910366) AND (id <= 3910466))

table 5 : explain SELECT id, c FROM sbtest5 WHERE id BETWEEN 3910366 AND 3910466
	Index Scan using sbtest5_pkey on sbtest5  (cost=0.43..412.10 rows=103 width=125)
	  Index Cond: ((id >= 3910366) AND (id <= 3910466))

table 6 : explain SELECT id, c FROM sbtest6 WHERE id BETWEEN 3910366 AND 3910466
	Index Scan using sbtest6_pkey on sbtest6  (cost=0.43..423.21 rows=106 width=125)
	  Index Cond: ((id >= 3910366) AND (id <= 3910466))

table 7 : explain SELECT id, c FROM sbtest7 WHERE id BETWEEN 3910366 AND 3910466
	Index Scan using sbtest7_pkey on sbtest7  (cost=0.43..399.11 rows=100 width=125)
	  Index Cond: ((id >= 3910366) AND (id <= 3910466))

table 8 : explain SELECT id, c FROM sbtest8 WHERE id BETWEEN 3910366 AND 3910466
	Index Scan using sbtest8_pkey on sbtest8  (cost=0.43..406.60 rows=102 width=125)
	  Index Cond: ((id >= 3910366) AND (id <= 3910466))

explain: for range-notcovered :: explain SELECT id, c FROM sbtest%d WHERE id BETWEEN 3910366 AND 3910466
for range-notcovered
table 1 : explain SELECT id, c FROM sbtest1 WHERE id BETWEEN 7063011 AND 7063111
	Index Scan using sbtest1_pkey on sbtest1  (cost=0.43..368.57 rows=92 width=125)
	  Index Cond: ((id >= 7063011) AND (id <= 7063111))

table 2 : explain SELECT id, c FROM sbtest2 WHERE id BETWEEN 7063011 AND 7063111
	Index Scan using sbtest2_pkey on sbtest2  (cost=0.43..405.05 rows=101 width=125)
	  Index Cond: ((id >= 7063011) AND (id <= 7063111))

table 3 : explain SELECT id, c FROM sbtest3 WHERE id BETWEEN 7063011 AND 7063111
	Index Scan using sbtest3_pkey on sbtest3  (cost=0.43..408.35 rows=102 width=125)
	  Index Cond: ((id >= 7063011) AND (id <= 7063111))

table 4 : explain SELECT id, c FROM sbtest4 WHERE id BETWEEN 7063011 AND 7063111
	Index Scan using sbtest4_pkey on sbtest4  (cost=0.43..395.24 rows=99 width=125)
	  Index Cond: ((id >= 7063011) AND (id <= 7063111))

table 5 : explain SELECT id, c FROM sbtest5 WHERE id BETWEEN 7063011 AND 7063111
	Index Scan using sbtest5_pkey on sbtest5  (cost=0.43..376.48 rows=94 width=125)
	  Index Cond: ((id >= 7063011) AND (id <= 7063111))

table 6 : explain SELECT id, c FROM sbtest6 WHERE id BETWEEN 7063011 AND 7063111
	Index Scan using sbtest6_pkey on sbtest6  (cost=0.43..411.36 rows=103 width=125)
	  Index Cond: ((id >= 7063011) AND (id <= 7063111))

table 7 : explain SELECT id, c FROM sbtest7 WHERE id BETWEEN 7063011 AND 7063111
	Index Scan using sbtest7_pkey on sbtest7  (cost=0.43..426.74 rows=107 width=125)
	  Index Cond: ((id >= 7063011) AND (id <= 7063111))

table 8 : explain SELECT id, c FROM sbtest8 WHERE id BETWEEN 7063011 AND 7063111
	Index Scan using sbtest8_pkey on sbtest8  (cost=0.43..371.11 rows=93 width=125)
	  Index Cond: ((id >= 7063011) AND (id <= 7063111))

for range-notcovered
table 1 : explain SELECT id, c FROM sbtest1 WHERE id BETWEEN 8858112 AND 8858212
	Index Scan using sbtest1_pkey on sbtest1  (cost=0.43..400.22 rows=100 width=125)
	  Index Cond: ((id >= 8858112) AND (id <= 8858212))

table 2 : explain SELECT id, c FROM sbtest2 WHERE id BETWEEN 8858112 AND 8858212
	Index Scan using sbtest2_pkey on sbtest2  (cost=0.43..397.12 rows=99 width=125)
	  Index Cond: ((id >= 8858112) AND (id <= 8858212))

table 3 : explain SELECT id, c FROM sbtest3 WHERE id BETWEEN 8858112 AND 8858212
	Index Scan using sbtest3_pkey on sbtest3  (cost=0.43..404.37 rows=101 width=125)
	  Index Cond: ((id >= 8858112) AND (id <= 8858212))

table 4 : explain SELECT id, c FROM sbtest4 WHERE id BETWEEN 8858112 AND 8858212
	Index Scan using sbtest4_pkey on sbtest4  (cost=0.43..395.24 rows=99 width=125)
	  Index Cond: ((id >= 8858112) AND (id <= 8858212))

table 5 : explain SELECT id, c FROM sbtest5 WHERE id BETWEEN 8858112 AND 8858212
	Index Scan using sbtest5_pkey on sbtest5  (cost=0.43..396.26 rows=99 width=125)
	  Index Cond: ((id >= 8858112) AND (id <= 8858212))

table 6 : explain SELECT id, c FROM sbtest6 WHERE id BETWEEN 8858112 AND 8858212
	Index Scan using sbtest6_pkey on sbtest6  (cost=0.43..415.31 rows=104 width=125)
	  Index Cond: ((id >= 8858112) AND (id <= 8858212))

table 7 : explain SELECT id, c FROM sbtest7 WHERE id BETWEEN 8858112 AND 8858212
	Index Scan using sbtest7_pkey on sbtest7  (cost=0.43..407.02 rows=102 width=125)
	  Index Cond: ((id >= 8858112) AND (id <= 8858212))

table 8 : explain SELECT id, c FROM sbtest8 WHERE id BETWEEN 8858112 AND 8858212
	Index Scan using sbtest8_pkey on sbtest8  (cost=0.43..398.72 rows=100 width=125)
	  Index Cond: ((id >= 8858112) AND (id <= 8858212))

explain: for range-notcovered :: explain SELECT id, c FROM sbtest%d WHERE id BETWEEN 7063011 AND 7063111
explain: for range-notcovered :: explain SELECT id, c FROM sbtest%d WHERE id BETWEEN 8858112 AND 8858212
for range-notcovered
table 1 : explain SELECT id, c FROM sbtest1 WHERE id BETWEEN 3188733 AND 3188833
	Index Scan using sbtest1_pkey on sbtest1  (cost=0.43..412.11 rows=103 width=125)
	  Index Cond: ((id >= 3188733) AND (id <= 3188833))

table 2 : explain SELECT id, c FROM sbtest2 WHERE id BETWEEN 3188733 AND 3188833
	Index Scan using sbtest2_pkey on sbtest2  (cost=0.43..389.19 rows=97 width=125)
	  Index Cond: ((id >= 3188733) AND (id <= 3188833))

table 3 : explain SELECT id, c FROM sbtest3 WHERE id BETWEEN 3188733 AND 3188833
	Index Scan using sbtest3_pkey on sbtest3  (cost=0.43..396.45 rows=99 width=125)
	  Index Cond: ((id >= 3188733) AND (id <= 3188833))

table 4 : explain SELECT id, c FROM sbtest4 WHERE id BETWEEN 3188733 AND 3188833
	Index Scan using sbtest4_pkey on sbtest4  (cost=0.43..411.05 rows=103 width=125)
	  Index Cond: ((id >= 3188733) AND (id <= 3188833))

table 5 : explain SELECT id, c FROM sbtest5 WHERE id BETWEEN 3188733 AND 3188833
	Index Scan using sbtest5_pkey on sbtest5  (cost=0.43..431.89 rows=108 width=125)
	  Index Cond: ((id >= 3188733) AND (id <= 3188833))

table 6 : explain SELECT id, c FROM sbtest6 WHERE id BETWEEN 3188733 AND 3188833
	Index Scan using sbtest6_pkey on sbtest6  (cost=0.43..431.11 rows=108 width=125)
	  Index Cond: ((id >= 3188733) AND (id <= 3188833))

table 7 : explain SELECT id, c FROM sbtest7 WHERE id BETWEEN 3188733 AND 3188833
	Index Scan using sbtest7_pkey on sbtest7  (cost=0.43..414.91 rows=104 width=125)
	  Index Cond: ((id >= 3188733) AND (id <= 3188833))

table 8 : explain SELECT id, c FROM sbtest8 WHERE id BETWEEN 3188733 AND 3188833
	Index Scan using sbtest8_pkey on sbtest8  (cost=0.43..414.49 rows=104 width=125)
	  Index Cond: ((id >= 3188733) AND (id <= 3188833))

explain: for range-notcovered :: explain SELECT id, c FROM sbtest%d WHERE id BETWEEN 3188733 AND 3188833
explain: for range-notcovered :: explain SELECT id, c FROM sbtest%d WHERE id BETWEEN 6060035 AND 6060135
for range-notcovered
table 1 : explain SELECT id, c FROM sbtest1 WHERE id BETWEEN 3910366 AND 3910466
	Index Scan using sbtest1_pkey on sbtest1  (cost=0.43..431.89 rows=108 width=125)
	  Index Cond: ((id >= 3910366) AND (id <= 3910466))

table 2 : explain SELECT id, c FROM sbtest2 WHERE id BETWEEN 3910366 AND 3910466
	Index Scan using sbtest2_pkey on sbtest2  (cost=0.43..377.29 rows=94 width=125)
	  Index Cond: ((id >= 3910366) AND (id <= 3910466))

table 3 : explain SELECT id, c FROM sbtest3 WHERE id BETWEEN 3910366 AND 3910466
	Index Scan using sbtest3_pkey on sbtest3  (cost=0.43..443.98 rows=111 width=125)
	  Index Cond: ((id >= 3910366) AND (id <= 3910466))

table 4 : explain SELECT id, c FROM sbtest4 WHERE id BETWEEN 3910366 AND 3910466
	Index Scan using sbtest4_pkey on sbtest4  (cost=0.43..399.19 rows=100 width=125)
	  Index Cond: ((id >= 3910366) AND (id <= 3910466))

table 5 : explain SELECT id, c FROM sbtest5 WHERE id BETWEEN 3910366 AND 3910466
	Index Scan using sbtest5_pkey on sbtest5  (cost=0.43..412.10 rows=103 width=125)
	  Index Cond: ((id >= 3910366) AND (id <= 3910466))

table 6 : explain SELECT id, c FROM sbtest6 WHERE id BETWEEN 3910366 AND 3910466
	Index Scan using sbtest6_pkey on sbtest6  (cost=0.43..423.21 rows=106 width=125)
	  Index Cond: ((id >= 3910366) AND (id <= 3910466))

table 7 : explain SELECT id, c FROM sbtest7 WHERE id BETWEEN 3910366 AND 3910466
	Index Scan using sbtest7_pkey on sbtest7  (cost=0.43..399.11 rows=100 width=125)
	  Index Cond: ((id >= 3910366) AND (id <= 3910466))

table 8 : explain SELECT id, c FROM sbtest8 WHERE id BETWEEN 3910366 AND 3910466
	Index Scan using sbtest8_pkey on sbtest8  (cost=0.43..406.60 rows=102 width=125)
	  Index Cond: ((id >= 3910366) AND (id <= 3910466))

explain: for range-notcovered :: explain SELECT id, c FROM sbtest%d WHERE id BETWEEN 3910366 AND 3910466
for range-notcovered
table 1 : explain SELECT id, c FROM sbtest1 WHERE id BETWEEN 7063011 AND 7063111
	Index Scan using sbtest1_pkey on sbtest1  (cost=0.43..368.57 rows=92 width=125)
	  Index Cond: ((id >= 7063011) AND (id <= 7063111))

table 2 : explain SELECT id, c FROM sbtest2 WHERE id BETWEEN 7063011 AND 7063111
	Index Scan using sbtest2_pkey on sbtest2  (cost=0.43..405.05 rows=101 width=125)
	  Index Cond: ((id >= 7063011) AND (id <= 7063111))

table 3 : explain SELECT id, c FROM sbtest3 WHERE id BETWEEN 7063011 AND 7063111
	Index Scan using sbtest3_pkey on sbtest3  (cost=0.43..408.35 rows=102 width=125)
	  Index Cond: ((id >= 7063011) AND (id <= 7063111))

table 4 : explain SELECT id, c FROM sbtest4 WHERE id BETWEEN 7063011 AND 7063111
	Index Scan using sbtest4_pkey on sbtest4  (cost=0.43..395.24 rows=99 width=125)
	  Index Cond: ((id >= 7063011) AND (id <= 7063111))

table 5 : explain SELECT id, c FROM sbtest5 WHERE id BETWEEN 7063011 AND 7063111
	Index Scan using sbtest5_pkey on sbtest5  (cost=0.43..376.48 rows=94 width=125)
	  Index Cond: ((id >= 7063011) AND (id <= 7063111))

table 6 : explain SELECT id, c FROM sbtest6 WHERE id BETWEEN 7063011 AND 7063111
	Index Scan using sbtest6_pkey on sbtest6  (cost=0.43..411.36 rows=103 width=125)
	  Index Cond: ((id >= 7063011) AND (id <= 7063111))

table 7 : explain SELECT id, c FROM sbtest7 WHERE id BETWEEN 7063011 AND 7063111
	Index Scan using sbtest7_pkey on sbtest7  (cost=0.43..426.74 rows=107 width=125)
	  Index Cond: ((id >= 7063011) AND (id <= 7063111))

table 8 : explain SELECT id, c FROM sbtest8 WHERE id BETWEEN 7063011 AND 7063111
	Index Scan using sbtest8_pkey on sbtest8  (cost=0.43..371.11 rows=93 width=125)
	  Index Cond: ((id >= 7063011) AND (id <= 7063111))

for range-notcovered
table 1 : explain SELECT id, c FROM sbtest1 WHERE id BETWEEN 8858112 AND 8858212
	Index Scan using sbtest1_pkey on sbtest1  (cost=0.43..400.22 rows=100 width=125)
	  Index Cond: ((id >= 8858112) AND (id <= 8858212))

table 2 : explain SELECT id, c FROM sbtest2 WHERE id BETWEEN 8858112 AND 8858212
	Index Scan using sbtest2_pkey on sbtest2  (cost=0.43..397.12 rows=99 width=125)
	  Index Cond: ((id >= 8858112) AND (id <= 8858212))

table 3 : explain SELECT id, c FROM sbtest3 WHERE id BETWEEN 8858112 AND 8858212
	Index Scan using sbtest3_pkey on sbtest3  (cost=0.43..404.37 rows=101 width=125)
	  Index Cond: ((id >= 8858112) AND (id <= 8858212))

table 4 : explain SELECT id, c FROM sbtest4 WHERE id BETWEEN 8858112 AND 8858212
	Index Scan using sbtest4_pkey on sbtest4  (cost=0.43..395.24 rows=99 width=125)
	  Index Cond: ((id >= 8858112) AND (id <= 8858212))

table 5 : explain SELECT id, c FROM sbtest5 WHERE id BETWEEN 8858112 AND 8858212
	Index Scan using sbtest5_pkey on sbtest5  (cost=0.43..396.26 rows=99 width=125)
	  Index Cond: ((id >= 8858112) AND (id <= 8858212))

table 6 : explain SELECT id, c FROM sbtest6 WHERE id BETWEEN 8858112 AND 8858212
	Index Scan using sbtest6_pkey on sbtest6  (cost=0.43..415.31 rows=104 width=125)
	  Index Cond: ((id >= 8858112) AND (id <= 8858212))

table 7 : explain SELECT id, c FROM sbtest7 WHERE id BETWEEN 8858112 AND 8858212
	Index Scan using sbtest7_pkey on sbtest7  (cost=0.43..407.02 rows=102 width=125)
	  Index Cond: ((id >= 8858112) AND (id <= 8858212))

table 8 : explain SELECT id, c FROM sbtest8 WHERE id BETWEEN 8858112 AND 8858212
	Index Scan using sbtest8_pkey on sbtest8  (cost=0.43..398.72 rows=100 width=125)
	  Index Cond: ((id >= 8858112) AND (id <= 8858212))

explain: for range-notcovered :: explain SELECT id, c FROM sbtest%d WHERE id BETWEEN 8858112 AND 8858212
for range-notcovered
table 1 : explain SELECT id, c FROM sbtest1 WHERE id BETWEEN 3211485 AND 3211585
	Index Scan using sbtest1_pkey on sbtest1  (cost=0.43..412.11 rows=103 width=125)
	  Index Cond: ((id >= 3211485) AND (id <= 3211585))

table 2 : explain SELECT id, c FROM sbtest2 WHERE id BETWEEN 3211485 AND 3211585
	Index Scan using sbtest2_pkey on sbtest2  (cost=0.43..389.19 rows=97 width=125)
	  Index Cond: ((id >= 3211485) AND (id <= 3211585))

table 3 : explain SELECT id, c FROM sbtest3 WHERE id BETWEEN 3211485 AND 3211585
	Index Scan using sbtest3_pkey on sbtest3  (cost=0.43..396.45 rows=99 width=125)
	  Index Cond: ((id >= 3211485) AND (id <= 3211585))

table 4 : explain SELECT id, c FROM sbtest4 WHERE id BETWEEN 3211485 AND 3211585
	Index Scan using sbtest4_pkey on sbtest4  (cost=0.43..411.05 rows=103 width=125)
	  Index Cond: ((id >= 3211485) AND (id <= 3211585))

table 5 : explain SELECT id, c FROM sbtest5 WHERE id BETWEEN 3211485 AND 3211585
	Index Scan using sbtest5_pkey on sbtest5  (cost=0.43..431.89 rows=108 width=125)
	  Index Cond: ((id >= 3211485) AND (id <= 3211585))

table 6 : explain SELECT id, c FROM sbtest6 WHERE id BETWEEN 3211485 AND 3211585
	Index Scan using sbtest6_pkey on sbtest6  (cost=0.43..379.75 rows=95 width=125)
	  Index Cond: ((id >= 3211485) AND (id <= 3211585))

table 7 : explain SELECT id, c FROM sbtest7 WHERE id BETWEEN 3211485 AND 3211585
	Index Scan using sbtest7_pkey on sbtest7  (cost=0.43..414.91 rows=104 width=125)
	  Index Cond: ((id >= 3211485) AND (id <= 3211585))

table 8 : explain SELECT id, c FROM sbtest8 WHERE id BETWEEN 3211485 AND 3211585
	Index Scan using sbtest8_pkey on sbtest8  (cost=0.43..414.49 rows=104 width=125)
	  Index Cond: ((id >= 3211485) AND (id <= 3211585))

for range-notcovered
table 1 : explain SELECT id, c FROM sbtest1 WHERE id BETWEEN 3188733 AND 3188833
	Index Scan using sbtest1_pkey on sbtest1  (cost=0.43..412.11 rows=103 width=125)
	  Index Cond: ((id >= 3188733) AND (id <= 3188833))

table 2 : explain SELECT id, c FROM sbtest2 WHERE id BETWEEN 3188733 AND 3188833
	Index Scan using sbtest2_pkey on sbtest2  (cost=0.43..389.19 rows=97 width=125)
	  Index Cond: ((id >= 3188733) AND (id <= 3188833))

table 3 : explain SELECT id, c FROM sbtest3 WHERE id BETWEEN 3188733 AND 3188833
	Index Scan using sbtest3_pkey on sbtest3  (cost=0.43..396.45 rows=99 width=125)
	  Index Cond: ((id >= 3188733) AND (id <= 3188833))

table 4 : explain SELECT id, c FROM sbtest4 WHERE id BETWEEN 3188733 AND 3188833
	Index Scan using sbtest4_pkey on sbtest4  (cost=0.43..411.05 rows=103 width=125)
	  Index Cond: ((id >= 3188733) AND (id <= 3188833))

table 5 : explain SELECT id, c FROM sbtest5 WHERE id BETWEEN 3188733 AND 3188833
	Index Scan using sbtest5_pkey on sbtest5  (cost=0.43..431.89 rows=108 width=125)
	  Index Cond: ((id >= 3188733) AND (id <= 3188833))

table 6 : explain SELECT id, c FROM sbtest6 WHERE id BETWEEN 3188733 AND 3188833
	Index Scan using sbtest6_pkey on sbtest6  (cost=0.43..431.11 rows=108 width=125)
	  Index Cond: ((id >= 3188733) AND (id <= 3188833))

table 7 : explain SELECT id, c FROM sbtest7 WHERE id BETWEEN 3188733 AND 3188833
	Index Scan using sbtest7_pkey on sbtest7  (cost=0.43..414.91 rows=104 width=125)
	  Index Cond: ((id >= 3188733) AND (id <= 3188833))

table 8 : explain SELECT id, c FROM sbtest8 WHERE id BETWEEN 3188733 AND 3188833
	Index Scan using sbtest8_pkey on sbtest8  (cost=0.43..414.49 rows=104 width=125)
	  Index Cond: ((id >= 3188733) AND (id <= 3188833))

explain: for range-notcovered :: explain SELECT id, c FROM sbtest%d WHERE id BETWEEN 3211485 AND 3211585
explain: for range-notcovered :: explain SELECT id, c FROM sbtest%d WHERE id BETWEEN 3188733 AND 3188833
for range-notcovered
table 1 : explain SELECT id, c FROM sbtest1 WHERE id BETWEEN 6060035 AND 6060135
	Index Scan using sbtest1_pkey on sbtest1  (cost=0.43..376.48 rows=94 width=125)
	  Index Cond: ((id >= 6060035) AND (id <= 6060135))

table 2 : explain SELECT id, c FROM sbtest2 WHERE id BETWEEN 6060035 AND 6060135
	Index Scan using sbtest2_pkey on sbtest2  (cost=0.43..440.75 rows=110 width=125)
	  Index Cond: ((id >= 6060035) AND (id <= 6060135))

table 3 : explain SELECT id, c FROM sbtest3 WHERE id BETWEEN 6060035 AND 6060135
	Index Scan using sbtest3_pkey on sbtest3  (cost=0.43..408.35 rows=102 width=125)
	  Index Cond: ((id >= 6060035) AND (id <= 6060135))

table 4 : explain SELECT id, c FROM sbtest4 WHERE id BETWEEN 6060035 AND 6060135
	Index Scan using sbtest4_pkey on sbtest4  (cost=0.43..367.62 rows=92 width=125)
	  Index Cond: ((id >= 6060035) AND (id <= 6060135))

table 5 : explain SELECT id, c FROM sbtest5 WHERE id BETWEEN 6060035 AND 6060135
	Index Scan using sbtest5_pkey on sbtest5  (cost=0.43..404.19 rows=101 width=125)
	  Index Cond: ((id >= 6060035) AND (id <= 6060135))

table 6 : explain SELECT id, c FROM sbtest6 WHERE id BETWEEN 6060035 AND 6060135
	Index Scan using sbtest6_pkey on sbtest6  (cost=0.43..387.65 rows=97 width=125)
	  Index Cond: ((id >= 6060035) AND (id <= 6060135))

table 7 : explain SELECT id, c FROM sbtest7 WHERE id BETWEEN 6060035 AND 6060135
	Index Scan using sbtest7_pkey on sbtest7  (cost=0.43..395.16 rows=99 width=125)
	  Index Cond: ((id >= 6060035) AND (id <= 6060135))

table 8 : explain SELECT id, c FROM sbtest8 WHERE id BETWEEN 6060035 AND 6060135
	Index Scan using sbtest8_pkey on sbtest8  (cost=0.43..367.17 rows=92 width=125)
	  Index Cond: ((id >= 6060035) AND (id <= 6060135))

explain: for range-notcovered :: explain SELECT id, c FROM sbtest%d WHERE id BETWEEN 6060035 AND 6060135
for range-notcovered
table 1 : explain SELECT id, c FROM sbtest1 WHERE id BETWEEN 3910366 AND 3910466
	Index Scan using sbtest1_pkey on sbtest1  (cost=0.43..431.89 rows=108 width=125)
	  Index Cond: ((id >= 3910366) AND (id <= 3910466))

table 2 : explain SELECT id, c FROM sbtest2 WHERE id BETWEEN 3910366 AND 3910466
	Index Scan using sbtest2_pkey on sbtest2  (cost=0.43..377.29 rows=94 width=125)
	  Index Cond: ((id >= 3910366) AND (id <= 3910466))

table 3 : explain SELECT id, c FROM sbtest3 WHERE id BETWEEN 3910366 AND 3910466
	Index Scan using sbtest3_pkey on sbtest3  (cost=0.43..443.98 rows=111 width=125)
	  Index Cond: ((id >= 3910366) AND (id <= 3910466))

table 4 : explain SELECT id, c FROM sbtest4 WHERE id BETWEEN 3910366 AND 3910466
	Index Scan using sbtest4_pkey on sbtest4  (cost=0.43..399.19 rows=100 width=125)
	  Index Cond: ((id >= 3910366) AND (id <= 3910466))

table 5 : explain SELECT id, c FROM sbtest5 WHERE id BETWEEN 3910366 AND 3910466
	Index Scan using sbtest5_pkey on sbtest5  (cost=0.43..412.10 rows=103 width=125)
	  Index Cond: ((id >= 3910366) AND (id <= 3910466))

table 6 : explain SELECT id, c FROM sbtest6 WHERE id BETWEEN 3910366 AND 3910466
	Index Scan using sbtest6_pkey on sbtest6  (cost=0.43..423.21 rows=106 width=125)
	  Index Cond: ((id >= 3910366) AND (id <= 3910466))

table 7 : explain SELECT id, c FROM sbtest7 WHERE id BETWEEN 3910366 AND 3910466
	Index Scan using sbtest7_pkey on sbtest7  (cost=0.43..399.11 rows=100 width=125)
	  Index Cond: ((id >= 3910366) AND (id <= 3910466))

table 8 : explain SELECT id, c FROM sbtest8 WHERE id BETWEEN 3910366 AND 3910466
	Index Scan using sbtest8_pkey on sbtest8  (cost=0.43..406.60 rows=102 width=125)
	  Index Cond: ((id >= 3910366) AND (id <= 3910466))

for range-notcovered
table 1 : explain SELECT id, c FROM sbtest1 WHERE id BETWEEN 6290785 AND 6290885
	Index Scan using sbtest1_pkey on sbtest1  (cost=0.43..404.18 rows=101 width=125)
	  Index Cond: ((id >= 6290785) AND (id <= 6290885))

table 2 : explain SELECT id, c FROM sbtest2 WHERE id BETWEEN 6290785 AND 6290885
	Index Scan using sbtest2_pkey on sbtest2  (cost=0.43..397.12 rows=99 width=125)
	  Index Cond: ((id >= 6290785) AND (id <= 6290885))

table 3 : explain SELECT id, c FROM sbtest3 WHERE id BETWEEN 6290785 AND 6290885
	Index Scan using sbtest3_pkey on sbtest3  (cost=0.43..396.45 rows=99 width=125)
	  Index Cond: ((id >= 6290785) AND (id <= 6290885))

table 4 : explain SELECT id, c FROM sbtest4 WHERE id BETWEEN 6290785 AND 6290885
	Index Scan using sbtest4_pkey on sbtest4  (cost=0.43..375.51 rows=94 width=125)
	  Index Cond: ((id >= 6290785) AND (id <= 6290885))

table 5 : explain SELECT id, c FROM sbtest5 WHERE id BETWEEN 6290785 AND 6290885
	Index Scan using sbtest5_pkey on sbtest5  (cost=0.43..388.35 rows=97 width=125)
	  Index Cond: ((id >= 6290785) AND (id <= 6290885))

table 6 : explain SELECT id, c FROM sbtest6 WHERE id BETWEEN 6290785 AND 6290885
	Index Scan using sbtest6_pkey on sbtest6  (cost=0.43..399.51 rows=100 width=125)
	  Index Cond: ((id >= 6290785) AND (id <= 6290885))

table 7 : explain SELECT id, c FROM sbtest7 WHERE id BETWEEN 6290785 AND 6290885
	Index Scan using sbtest7_pkey on sbtest7  (cost=0.43..403.07 rows=101 width=125)
	  Index Cond: ((id >= 6290785) AND (id <= 6290885))

table 8 : explain SELECT id, c FROM sbtest8 WHERE id BETWEEN 6290785 AND 6290885
	Index Scan using sbtest8_pkey on sbtest8  (cost=0.43..418.43 rows=105 width=125)
	  Index Cond: ((id >= 6290785) AND (id <= 6290885))

explain: for range-notcovered :: explain SELECT id, c FROM sbtest%d WHERE id BETWEEN 3910366 AND 3910466
for range-notcovered
table 1 : explain SELECT id, c FROM sbtest1 WHERE id BETWEEN 8858112 AND 8858212
	Index Scan using sbtest1_pkey on sbtest1  (cost=0.43..400.22 rows=100 width=125)
	  Index Cond: ((id >= 8858112) AND (id <= 8858212))

table 2 : explain SELECT id, c FROM sbtest2 WHERE id BETWEEN 8858112 AND 8858212
	Index Scan using sbtest2_pkey on sbtest2  (cost=0.43..397.12 rows=99 width=125)
	  Index Cond: ((id >= 8858112) AND (id <= 8858212))

table 3 : explain SELECT id, c FROM sbtest3 WHERE id BETWEEN 8858112 AND 8858212
	Index Scan using sbtest3_pkey on sbtest3  (cost=0.43..404.37 rows=101 width=125)
	  Index Cond: ((id >= 8858112) AND (id <= 8858212))

table 4 : explain SELECT id, c FROM sbtest4 WHERE id BETWEEN 8858112 AND 8858212
	Index Scan using sbtest4_pkey on sbtest4  (cost=0.43..395.24 rows=99 width=125)
	  Index Cond: ((id >= 8858112) AND (id <= 8858212))

table 5 : explain SELECT id, c FROM sbtest5 WHERE id BETWEEN 8858112 AND 8858212
	Index Scan using sbtest5_pkey on sbtest5  (cost=0.43..396.26 rows=99 width=125)
	  Index Cond: ((id >= 8858112) AND (id <= 8858212))

table 6 : explain SELECT id, c FROM sbtest6 WHERE id BETWEEN 8858112 AND 8858212
	Index Scan using sbtest6_pkey on sbtest6  (cost=0.43..415.31 rows=104 width=125)
	  Index Cond: ((id >= 8858112) AND (id <= 8858212))

table 7 : explain SELECT id, c FROM sbtest7 WHERE id BETWEEN 8858112 AND 8858212
	Index Scan using sbtest7_pkey on sbtest7  (cost=0.43..407.02 rows=102 width=125)
	  Index Cond: ((id >= 8858112) AND (id <= 8858212))

table 8 : explain SELECT id, c FROM sbtest8 WHERE id BETWEEN 8858112 AND 8858212
	Index Scan using sbtest8_pkey on sbtest8  (cost=0.43..398.72 rows=100 width=125)
	  Index Cond: ((id >= 8858112) AND (id <= 8858212))

for range-notcovered
table 1 : explain SELECT id, c FROM sbtest1 WHERE id BETWEEN 3188733 AND 3188833
	Index Scan using sbtest1_pkey on sbtest1  (cost=0.43..412.11 rows=103 width=125)
	  Index Cond: ((id >= 3188733) AND (id <= 3188833))

table 2 : explain SELECT id, c FROM sbtest2 WHERE id BETWEEN 3188733 AND 3188833
	Index Scan using sbtest2_pkey on sbtest2  (cost=0.43..389.19 rows=97 width=125)
	  Index Cond: ((id >= 3188733) AND (id <= 3188833))

table 3 : explain SELECT id, c FROM sbtest3 WHERE id BETWEEN 3188733 AND 3188833
	Index Scan using sbtest3_pkey on sbtest3  (cost=0.43..396.45 rows=99 width=125)
	  Index Cond: ((id >= 3188733) AND (id <= 3188833))

table 4 : explain SELECT id, c FROM sbtest4 WHERE id BETWEEN 3188733 AND 3188833
	Index Scan using sbtest4_pkey on sbtest4  (cost=0.43..411.05 rows=103 width=125)
	  Index Cond: ((id >= 3188733) AND (id <= 3188833))

table 5 : explain SELECT id, c FROM sbtest5 WHERE id BETWEEN 3188733 AND 3188833
	Index Scan using sbtest5_pkey on sbtest5  (cost=0.43..431.89 rows=108 width=125)
	  Index Cond: ((id >= 3188733) AND (id <= 3188833))

table 6 : explain SELECT id, c FROM sbtest6 WHERE id BETWEEN 3188733 AND 3188833
	Index Scan using sbtest6_pkey on sbtest6  (cost=0.43..431.11 rows=108 width=125)
	  Index Cond: ((id >= 3188733) AND (id <= 3188833))

table 7 : explain SELECT id, c FROM sbtest7 WHERE id BETWEEN 3188733 AND 3188833
	Index Scan using sbtest7_pkey on sbtest7  (cost=0.43..414.91 rows=104 width=125)
	  Index Cond: ((id >= 3188733) AND (id <= 3188833))

table 8 : explain SELECT id, c FROM sbtest8 WHERE id BETWEEN 3188733 AND 3188833
	Index Scan using sbtest8_pkey on sbtest8  (cost=0.43..414.49 rows=104 width=125)
	  Index Cond: ((id >= 3188733) AND (id <= 3188833))

for range-notcovered
table 1 : explain SELECT id, c FROM sbtest1 WHERE id BETWEEN 3211485 AND 3211585
	Index Scan using sbtest1_pkey on sbtest1  (cost=0.43..412.11 rows=103 width=125)
	  Index Cond: ((id >= 3211485) AND (id <= 3211585))

table 2 : explain SELECT id, c FROM sbtest2 WHERE id BETWEEN 3211485 AND 3211585
	Index Scan using sbtest2_pkey on sbtest2  (cost=0.43..389.19 rows=97 width=125)
	  Index Cond: ((id >= 3211485) AND (id <= 3211585))

table 3 : explain SELECT id, c FROM sbtest3 WHERE id BETWEEN 3211485 AND 3211585
	Index Scan using sbtest3_pkey on sbtest3  (cost=0.43..396.45 rows=99 width=125)
	  Index Cond: ((id >= 3211485) AND (id <= 3211585))

table 4 : explain SELECT id, c FROM sbtest4 WHERE id BETWEEN 3211485 AND 3211585
	Index Scan using sbtest4_pkey on sbtest4  (cost=0.43..411.05 rows=103 width=125)
	  Index Cond: ((id >= 3211485) AND (id <= 3211585))

table 5 : explain SELECT id, c FROM sbtest5 WHERE id BETWEEN 3211485 AND 3211585
	Index Scan using sbtest5_pkey on sbtest5  (cost=0.43..431.89 rows=108 width=125)
	  Index Cond: ((id >= 3211485) AND (id <= 3211585))

table 6 : explain SELECT id, c FROM sbtest6 WHERE id BETWEEN 3211485 AND 3211585
	Index Scan using sbtest6_pkey on sbtest6  (cost=0.43..379.75 rows=95 width=125)
	  Index Cond: ((id >= 3211485) AND (id <= 3211585))

table 7 : explain SELECT id, c FROM sbtest7 WHERE id BETWEEN 3211485 AND 3211585
	Index Scan using sbtest7_pkey on sbtest7  (cost=0.43..414.91 rows=104 width=125)
	  Index Cond: ((id >= 3211485) AND (id <= 3211585))

table 8 : explain SELECT id, c FROM sbtest8 WHERE id BETWEEN 3211485 AND 3211585
	Index Scan using sbtest8_pkey on sbtest8  (cost=0.43..414.49 rows=104 width=125)
	  Index Cond: ((id >= 3211485) AND (id <= 3211585))

explain: for range-notcovered :: explain SELECT id, c FROM sbtest%d WHERE id BETWEEN 3188733 AND 3188833
explain: for range-notcovered :: explain SELECT id, c FROM sbtest%d WHERE id BETWEEN 4796878 AND 4796978
explain: for range-notcovered :: explain SELECT id, c FROM sbtest%d WHERE id BETWEEN 3211485 AND 3211585
for range-notcovered
table 1 : explain SELECT id, c FROM sbtest1 WHERE id BETWEEN 6060035 AND 6060135
	Index Scan using sbtest1_pkey on sbtest1  (cost=0.43..376.48 rows=94 width=125)
	  Index Cond: ((id >= 6060035) AND (id <= 6060135))

table 2 : explain SELECT id, c FROM sbtest2 WHERE id BETWEEN 6060035 AND 6060135
	Index Scan using sbtest2_pkey on sbtest2  (cost=0.43..440.75 rows=110 width=125)
	  Index Cond: ((id >= 6060035) AND (id <= 6060135))

table 3 : explain SELECT id, c FROM sbtest3 WHERE id BETWEEN 6060035 AND 6060135
	Index Scan using sbtest3_pkey on sbtest3  (cost=0.43..408.35 rows=102 width=125)
	  Index Cond: ((id >= 6060035) AND (id <= 6060135))

table 4 : explain SELECT id, c FROM sbtest4 WHERE id BETWEEN 6060035 AND 6060135
	Index Scan using sbtest4_pkey on sbtest4  (cost=0.43..367.62 rows=92 width=125)
	  Index Cond: ((id >= 6060035) AND (id <= 6060135))

table 5 : explain SELECT id, c FROM sbtest5 WHERE id BETWEEN 6060035 AND 6060135
	Index Scan using sbtest5_pkey on sbtest5  (cost=0.43..404.19 rows=101 width=125)
	  Index Cond: ((id >= 6060035) AND (id <= 6060135))

table 6 : explain SELECT id, c FROM sbtest6 WHERE id BETWEEN 6060035 AND 6060135
	Index Scan using sbtest6_pkey on sbtest6  (cost=0.43..387.65 rows=97 width=125)
	  Index Cond: ((id >= 6060035) AND (id <= 6060135))

table 7 : explain SELECT id, c FROM sbtest7 WHERE id BETWEEN 6060035 AND 6060135
	Index Scan using sbtest7_pkey on sbtest7  (cost=0.43..395.16 rows=99 width=125)
	  Index Cond: ((id >= 6060035) AND (id <= 6060135))

table 8 : explain SELECT id, c FROM sbtest8 WHERE id BETWEEN 6060035 AND 6060135
	Index Scan using sbtest8_pkey on sbtest8  (cost=0.43..367.17 rows=92 width=125)
	  Index Cond: ((id >= 6060035) AND (id <= 6060135))

explain: for range-notcovered :: explain SELECT id, c FROM sbtest%d WHERE id BETWEEN 6060035 AND 6060135
for range-notcovered
table 1 : explain SELECT id, c FROM sbtest1 WHERE id BETWEEN 3910366 AND 3910466
	Index Scan using sbtest1_pkey on sbtest1  (cost=0.43..431.89 rows=108 width=125)
	  Index Cond: ((id >= 3910366) AND (id <= 3910466))

table 2 : explain SELECT id, c FROM sbtest2 WHERE id BETWEEN 3910366 AND 3910466
	Index Scan using sbtest2_pkey on sbtest2  (cost=0.43..377.29 rows=94 width=125)
	  Index Cond: ((id >= 3910366) AND (id <= 3910466))

table 3 : explain SELECT id, c FROM sbtest3 WHERE id BETWEEN 3910366 AND 3910466
	Index Scan using sbtest3_pkey on sbtest3  (cost=0.43..443.98 rows=111 width=125)
	  Index Cond: ((id >= 3910366) AND (id <= 3910466))

table 4 : explain SELECT id, c FROM sbtest4 WHERE id BETWEEN 3910366 AND 3910466
	Index Scan using sbtest4_pkey on sbtest4  (cost=0.43..399.19 rows=100 width=125)
	  Index Cond: ((id >= 3910366) AND (id <= 3910466))

table 5 : explain SELECT id, c FROM sbtest5 WHERE id BETWEEN 3910366 AND 3910466
	Index Scan using sbtest5_pkey on sbtest5  (cost=0.43..412.10 rows=103 width=125)
	  Index Cond: ((id >= 3910366) AND (id <= 3910466))

table 6 : explain SELECT id, c FROM sbtest6 WHERE id BETWEEN 3910366 AND 3910466
	Index Scan using sbtest6_pkey on sbtest6  (cost=0.43..423.21 rows=106 width=125)
	  Index Cond: ((id >= 3910366) AND (id <= 3910466))

table 7 : explain SELECT id, c FROM sbtest7 WHERE id BETWEEN 3910366 AND 3910466
	Index Scan using sbtest7_pkey on sbtest7  (cost=0.43..399.11 rows=100 width=125)
	  Index Cond: ((id >= 3910366) AND (id <= 3910466))

table 8 : explain SELECT id, c FROM sbtest8 WHERE id BETWEEN 3910366 AND 3910466
	Index Scan using sbtest8_pkey on sbtest8  (cost=0.43..406.60 rows=102 width=125)
	  Index Cond: ((id >= 3910366) AND (id <= 3910466))

explain: for range-notcovered :: explain SELECT id, c FROM sbtest%d WHERE id BETWEEN 4470141 AND 4470241
explain: for range-notcovered :: explain SELECT id, c FROM sbtest%d WHERE id BETWEEN 3910366 AND 3910466
explain: for range-notcovered :: explain SELECT id, c FROM sbtest%d WHERE id BETWEEN 6882628 AND 6882728
for range-notcovered
table 1 : explain SELECT id, c FROM sbtest1 WHERE id BETWEEN 3188733 AND 3188833
	Index Scan using sbtest1_pkey on sbtest1  (cost=0.43..412.11 rows=103 width=125)
	  Index Cond: ((id >= 3188733) AND (id <= 3188833))

table 2 : explain SELECT id, c FROM sbtest2 WHERE id BETWEEN 3188733 AND 3188833
	Index Scan using sbtest2_pkey on sbtest2  (cost=0.43..389.19 rows=97 width=125)
	  Index Cond: ((id >= 3188733) AND (id <= 3188833))

table 3 : explain SELECT id, c FROM sbtest3 WHERE id BETWEEN 3188733 AND 3188833
	Index Scan using sbtest3_pkey on sbtest3  (cost=0.43..396.45 rows=99 width=125)
	  Index Cond: ((id >= 3188733) AND (id <= 3188833))

table 4 : explain SELECT id, c FROM sbtest4 WHERE id BETWEEN 3188733 AND 3188833
	Index Scan using sbtest4_pkey on sbtest4  (cost=0.43..411.05 rows=103 width=125)
	  Index Cond: ((id >= 3188733) AND (id <= 3188833))

table 5 : explain SELECT id, c FROM sbtest5 WHERE id BETWEEN 3188733 AND 3188833
	Index Scan using sbtest5_pkey on sbtest5  (cost=0.43..431.89 rows=108 width=125)
	  Index Cond: ((id >= 3188733) AND (id <= 3188833))

table 6 : explain SELECT id, c FROM sbtest6 WHERE id BETWEEN 3188733 AND 3188833
	Index Scan using sbtest6_pkey on sbtest6  (cost=0.43..431.11 rows=108 width=125)
	  Index Cond: ((id >= 3188733) AND (id <= 3188833))

table 7 : explain SELECT id, c FROM sbtest7 WHERE id BETWEEN 3188733 AND 3188833
	Index Scan using sbtest7_pkey on sbtest7  (cost=0.43..414.91 rows=104 width=125)
	  Index Cond: ((id >= 3188733) AND (id <= 3188833))

table 8 : explain SELECT id, c FROM sbtest8 WHERE id BETWEEN 3188733 AND 3188833
	Index Scan using sbtest8_pkey on sbtest8  (cost=0.43..414.49 rows=104 width=125)
	  Index Cond: ((id >= 3188733) AND (id <= 3188833))

explain: for range-notcovered :: explain SELECT id, c FROM sbtest%d WHERE id BETWEEN 5308630 AND 5308730
for range-notcovered
table 1 : explain SELECT id, c FROM sbtest1 WHERE id BETWEEN 3211485 AND 3211585
	Index Scan using sbtest1_pkey on sbtest1  (cost=0.43..412.11 rows=103 width=125)
	  Index Cond: ((id >= 3211485) AND (id <= 3211585))

table 2 : explain SELECT id, c FROM sbtest2 WHERE id BETWEEN 3211485 AND 3211585
	Index Scan using sbtest2_pkey on sbtest2  (cost=0.43..389.19 rows=97 width=125)
	  Index Cond: ((id >= 3211485) AND (id <= 3211585))

table 3 : explain SELECT id, c FROM sbtest3 WHERE id BETWEEN 3211485 AND 3211585
	Index Scan using sbtest3_pkey on sbtest3  (cost=0.43..396.45 rows=99 width=125)
	  Index Cond: ((id >= 3211485) AND (id <= 3211585))

table 4 : explain SELECT id, c FROM sbtest4 WHERE id BETWEEN 3211485 AND 3211585
	Index Scan using sbtest4_pkey on sbtest4  (cost=0.43..411.05 rows=103 width=125)
	  Index Cond: ((id >= 3211485) AND (id <= 3211585))

table 5 : explain SELECT id, c FROM sbtest5 WHERE id BETWEEN 3211485 AND 3211585
	Index Scan using sbtest5_pkey on sbtest5  (cost=0.43..431.89 rows=108 width=125)
	  Index Cond: ((id >= 3211485) AND (id <= 3211585))

table 6 : explain SELECT id, c FROM sbtest6 WHERE id BETWEEN 3211485 AND 3211585
	Index Scan using sbtest6_pkey on sbtest6  (cost=0.43..379.75 rows=95 width=125)
	  Index Cond: ((id >= 3211485) AND (id <= 3211585))

table 7 : explain SELECT id, c FROM sbtest7 WHERE id BETWEEN 3211485 AND 3211585
	Index Scan using sbtest7_pkey on sbtest7  (cost=0.43..414.91 rows=104 width=125)
	  Index Cond: ((id >= 3211485) AND (id <= 3211585))

table 8 : explain SELECT id, c FROM sbtest8 WHERE id BETWEEN 3211485 AND 3211585
	Index Scan using sbtest8_pkey on sbtest8  (cost=0.43..414.49 rows=104 width=125)
	  Index Cond: ((id >= 3211485) AND (id <= 3211585))

explain: for range-notcovered :: explain SELECT id, c FROM sbtest%d WHERE id BETWEEN 3188733 AND 3188833
for range-notcovered
table 1 : explain SELECT id, c FROM sbtest1 WHERE id BETWEEN 5077182 AND 5077282
	Index Scan using sbtest1_pkey on sbtest1  (cost=0.43..404.18 rows=101 width=125)
	  Index Cond: ((id >= 5077182) AND (id <= 5077282))

table 2 : explain SELECT id, c FROM sbtest2 WHERE id BETWEEN 5077182 AND 5077282
	Index Scan using sbtest2_pkey on sbtest2  (cost=0.43..420.93 rows=105 width=125)
	  Index Cond: ((id >= 5077182) AND (id <= 5077282))

table 3 : explain SELECT id, c FROM sbtest3 WHERE id BETWEEN 5077182 AND 5077282
	Index Scan using sbtest3_pkey on sbtest3  (cost=0.43..388.54 rows=97 width=125)
	  Index Cond: ((id >= 5077182) AND (id <= 5077282))

table 4 : explain SELECT id, c FROM sbtest4 WHERE id BETWEEN 5077182 AND 5077282
	Index Scan using sbtest4_pkey on sbtest4  (cost=0.43..391.30 rows=98 width=125)
	  Index Cond: ((id >= 5077182) AND (id <= 5077282))

table 5 : explain SELECT id, c FROM sbtest5 WHERE id BETWEEN 5077182 AND 5077282
	Index Scan using sbtest5_pkey on sbtest5  (cost=0.43..400.22 rows=100 width=125)
	  Index Cond: ((id >= 5077182) AND (id <= 5077282))

table 6 : explain SELECT id, c FROM sbtest6 WHERE id BETWEEN 5077182 AND 5077282
	Index Scan using sbtest6_pkey on sbtest6  (cost=0.43..395.55 rows=99 width=125)
	  Index Cond: ((id >= 5077182) AND (id <= 5077282))

table 7 : explain SELECT id, c FROM sbtest7 WHERE id BETWEEN 5077182 AND 5077282
	Index Scan using sbtest7_pkey on sbtest7  (cost=0.43..414.91 rows=104 width=125)
	  Index Cond: ((id >= 5077182) AND (id <= 5077282))

table 8 : explain SELECT id, c FROM sbtest8 WHERE id BETWEEN 5077182 AND 5077282
	Index Scan using sbtest8_pkey on sbtest8  (cost=0.43..367.17 rows=92 width=125)
	  Index Cond: ((id >= 5077182) AND (id <= 5077282))

explain: for range-notcovered :: explain SELECT id, c FROM sbtest%d WHERE id BETWEEN 3211485 AND 3211585
explain: for range-notcovered :: explain SELECT id, c FROM sbtest%d WHERE id BETWEEN 5077182 AND 5077282
for range-notcovered
table 1 : explain SELECT id, c FROM sbtest1 WHERE id BETWEEN 6060035 AND 6060135
	Index Scan using sbtest1_pkey on sbtest1  (cost=0.43..376.48 rows=94 width=125)
	  Index Cond: ((id >= 6060035) AND (id <= 6060135))

table 2 : explain SELECT id, c FROM sbtest2 WHERE id BETWEEN 6060035 AND 6060135
	Index Scan using sbtest2_pkey on sbtest2  (cost=0.43..440.75 rows=110 width=125)
	  Index Cond: ((id >= 6060035) AND (id <= 6060135))

table 3 : explain SELECT id, c FROM sbtest3 WHERE id BETWEEN 6060035 AND 6060135
	Index Scan using sbtest3_pkey on sbtest3  (cost=0.43..408.35 rows=102 width=125)
	  Index Cond: ((id >= 6060035) AND (id <= 6060135))

table 4 : explain SELECT id, c FROM sbtest4 WHERE id BETWEEN 6060035 AND 6060135
	Index Scan using sbtest4_pkey on sbtest4  (cost=0.43..367.62 rows=92 width=125)
	  Index Cond: ((id >= 6060035) AND (id <= 6060135))

table 5 : explain SELECT id, c FROM sbtest5 WHERE id BETWEEN 6060035 AND 6060135
	Index Scan using sbtest5_pkey on sbtest5  (cost=0.43..404.19 rows=101 width=125)
	  Index Cond: ((id >= 6060035) AND (id <= 6060135))

table 6 : explain SELECT id, c FROM sbtest6 WHERE id BETWEEN 6060035 AND 6060135
	Index Scan using sbtest6_pkey on sbtest6  (cost=0.43..387.65 rows=97 width=125)
	  Index Cond: ((id >= 6060035) AND (id <= 6060135))

table 7 : explain SELECT id, c FROM sbtest7 WHERE id BETWEEN 6060035 AND 6060135
	Index Scan using sbtest7_pkey on sbtest7  (cost=0.43..395.16 rows=99 width=125)
	  Index Cond: ((id >= 6060035) AND (id <= 6060135))

table 8 : explain SELECT id, c FROM sbtest8 WHERE id BETWEEN 6060035 AND 6060135
	Index Scan using sbtest8_pkey on sbtest8  (cost=0.43..367.17 rows=92 width=125)
	  Index Cond: ((id >= 6060035) AND (id <= 6060135))

for range-notcovered
table 1 : explain SELECT id, c FROM sbtest1 WHERE id BETWEEN 6905771 AND 6905871
	Index Scan using sbtest1_pkey on sbtest1  (cost=0.43..384.40 rows=96 width=125)
	  Index Cond: ((id >= 6905771) AND (id <= 6905871))

table 2 : explain SELECT id, c FROM sbtest2 WHERE id BETWEEN 6905771 AND 6905871
	Index Scan using sbtest2_pkey on sbtest2  (cost=0.43..432.82 rows=108 width=125)
	  Index Cond: ((id >= 6905771) AND (id <= 6905871))

table 3 : explain SELECT id, c FROM sbtest3 WHERE id BETWEEN 6905771 AND 6905871
	Index Scan using sbtest3_pkey on sbtest3  (cost=0.43..376.66 rows=94 width=125)
	  Index Cond: ((id >= 6905771) AND (id <= 6905871))

table 4 : explain SELECT id, c FROM sbtest4 WHERE id BETWEEN 6905771 AND 6905871
	Index Scan using sbtest4_pkey on sbtest4  (cost=0.43..407.10 rows=102 width=125)
	  Index Cond: ((id >= 6905771) AND (id <= 6905871))

table 5 : explain SELECT id, c FROM sbtest5 WHERE id BETWEEN 6905771 AND 6905871
	Index Scan using sbtest5_pkey on sbtest5  (cost=0.43..396.26 rows=99 width=125)
	  Index Cond: ((id >= 6905771) AND (id <= 6905871))

table 6 : explain SELECT id, c FROM sbtest6 WHERE id BETWEEN 6905771 AND 6905871
	Index Scan using sbtest6_pkey on sbtest6  (cost=0.43..399.51 rows=100 width=125)
	  Index Cond: ((id >= 6905771) AND (id <= 6905871))

table 7 : explain SELECT id, c FROM sbtest7 WHERE id BETWEEN 6905771 AND 6905871
	Index Scan using sbtest7_pkey on sbtest7  (cost=0.43..430.69 rows=108 width=125)
	  Index Cond: ((id >= 6905771) AND (id <= 6905871))

table 8 : explain SELECT id, c FROM sbtest8 WHERE id BETWEEN 6905771 AND 6905871
	Index Scan using sbtest8_pkey on sbtest8  (cost=0.43..382.93 rows=96 width=125)
	  Index Cond: ((id >= 6905771) AND (id <= 6905871))

for range-notcovered
table 1 : explain SELECT id, c FROM sbtest1 WHERE id BETWEEN 3910366 AND 3910466
	Index Scan using sbtest1_pkey on sbtest1  (cost=0.43..431.89 rows=108 width=125)
	  Index Cond: ((id >= 3910366) AND (id <= 3910466))

table 2 : explain SELECT id, c FROM sbtest2 WHERE id BETWEEN 3910366 AND 3910466
	Index Scan using sbtest2_pkey on sbtest2  (cost=0.43..377.29 rows=94 width=125)
	  Index Cond: ((id >= 3910366) AND (id <= 3910466))

table 3 : explain SELECT id, c FROM sbtest3 WHERE id BETWEEN 3910366 AND 3910466
	Index Scan using sbtest3_pkey on sbtest3  (cost=0.43..443.98 rows=111 width=125)
	  Index Cond: ((id >= 3910366) AND (id <= 3910466))

table 4 : explain SELECT id, c FROM sbtest4 WHERE id BETWEEN 3910366 AND 3910466
	Index Scan using sbtest4_pkey on sbtest4  (cost=0.43..399.19 rows=100 width=125)
	  Index Cond: ((id >= 3910366) AND (id <= 3910466))

table 5 : explain SELECT id, c FROM sbtest5 WHERE id BETWEEN 3910366 AND 3910466
	Index Scan using sbtest5_pkey on sbtest5  (cost=0.43..412.10 rows=103 width=125)
	  Index Cond: ((id >= 3910366) AND (id <= 3910466))

table 6 : explain SELECT id, c FROM sbtest6 WHERE id BETWEEN 3910366 AND 3910466
	Index Scan using sbtest6_pkey on sbtest6  (cost=0.43..423.21 rows=106 width=125)
	  Index Cond: ((id >= 3910366) AND (id <= 3910466))

table 7 : explain SELECT id, c FROM sbtest7 WHERE id BETWEEN 3910366 AND 3910466
	Index Scan using sbtest7_pkey on sbtest7  (cost=0.43..399.11 rows=100 width=125)
	  Index Cond: ((id >= 3910366) AND (id <= 3910466))

table 8 : explain SELECT id, c FROM sbtest8 WHERE id BETWEEN 3910366 AND 3910466
	Index Scan using sbtest8_pkey on sbtest8  (cost=0.43..406.60 rows=102 width=125)
	  Index Cond: ((id >= 3910366) AND (id <= 3910466))

explain: for range-notcovered :: explain SELECT id, c FROM sbtest%d WHERE id BETWEEN 6060035 AND 6060135
explain: for range-notcovered :: explain SELECT id, c FROM sbtest%d WHERE id BETWEEN 6905771 AND 6905871
explain: for range-notcovered :: explain SELECT id, c FROM sbtest%d WHERE id BETWEEN 3910366 AND 3910466
for range-notcovered
table 1 : explain SELECT id, c FROM sbtest1 WHERE id BETWEEN 3188733 AND 3188833
	Index Scan using sbtest1_pkey on sbtest1  (cost=0.43..412.11 rows=103 width=125)
	  Index Cond: ((id >= 3188733) AND (id <= 3188833))

table 2 : explain SELECT id, c FROM sbtest2 WHERE id BETWEEN 3188733 AND 3188833
	Index Scan using sbtest2_pkey on sbtest2  (cost=0.43..389.19 rows=97 width=125)
	  Index Cond: ((id >= 3188733) AND (id <= 3188833))

table 3 : explain SELECT id, c FROM sbtest3 WHERE id BETWEEN 3188733 AND 3188833
	Index Scan using sbtest3_pkey on sbtest3  (cost=0.43..396.45 rows=99 width=125)
	  Index Cond: ((id >= 3188733) AND (id <= 3188833))

table 4 : explain SELECT id, c FROM sbtest4 WHERE id BETWEEN 3188733 AND 3188833
	Index Scan using sbtest4_pkey on sbtest4  (cost=0.43..411.05 rows=103 width=125)
	  Index Cond: ((id >= 3188733) AND (id <= 3188833))

table 5 : explain SELECT id, c FROM sbtest5 WHERE id BETWEEN 3188733 AND 3188833
	Index Scan using sbtest5_pkey on sbtest5  (cost=0.43..431.89 rows=108 width=125)
	  Index Cond: ((id >= 3188733) AND (id <= 3188833))

table 6 : explain SELECT id, c FROM sbtest6 WHERE id BETWEEN 3188733 AND 3188833
	Index Scan using sbtest6_pkey on sbtest6  (cost=0.43..431.11 rows=108 width=125)
	  Index Cond: ((id >= 3188733) AND (id <= 3188833))

table 7 : explain SELECT id, c FROM sbtest7 WHERE id BETWEEN 3188733 AND 3188833
	Index Scan using sbtest7_pkey on sbtest7  (cost=0.43..414.91 rows=104 width=125)
	  Index Cond: ((id >= 3188733) AND (id <= 3188833))

table 8 : explain SELECT id, c FROM sbtest8 WHERE id BETWEEN 3188733 AND 3188833
	Index Scan using sbtest8_pkey on sbtest8  (cost=0.43..414.49 rows=104 width=125)
	  Index Cond: ((id >= 3188733) AND (id <= 3188833))

for range-notcovered
table 1 : explain SELECT id, c FROM sbtest1 WHERE id BETWEEN 3211485 AND 3211585
	Index Scan using sbtest1_pkey on sbtest1  (cost=0.43..412.11 rows=103 width=125)
	  Index Cond: ((id >= 3211485) AND (id <= 3211585))

table 2 : explain SELECT id, c FROM sbtest2 WHERE id BETWEEN 3211485 AND 3211585
	Index Scan using sbtest2_pkey on sbtest2  (cost=0.43..389.19 rows=97 width=125)
	  Index Cond: ((id >= 3211485) AND (id <= 3211585))

table 3 : explain SELECT id, c FROM sbtest3 WHERE id BETWEEN 3211485 AND 3211585
	Index Scan using sbtest3_pkey on sbtest3  (cost=0.43..396.45 rows=99 width=125)
	  Index Cond: ((id >= 3211485) AND (id <= 3211585))

table 4 : explain SELECT id, c FROM sbtest4 WHERE id BETWEEN 3211485 AND 3211585
	Index Scan using sbtest4_pkey on sbtest4  (cost=0.43..411.05 rows=103 width=125)
	  Index Cond: ((id >= 3211485) AND (id <= 3211585))

table 5 : explain SELECT id, c FROM sbtest5 WHERE id BETWEEN 3211485 AND 3211585
	Index Scan using sbtest5_pkey on sbtest5  (cost=0.43..431.89 rows=108 width=125)
	  Index Cond: ((id >= 3211485) AND (id <= 3211585))

table 6 : explain SELECT id, c FROM sbtest6 WHERE id BETWEEN 3211485 AND 3211585
	Index Scan using sbtest6_pkey on sbtest6  (cost=0.43..379.75 rows=95 width=125)
	  Index Cond: ((id >= 3211485) AND (id <= 3211585))

table 7 : explain SELECT id, c FROM sbtest7 WHERE id BETWEEN 3211485 AND 3211585
	Index Scan using sbtest7_pkey on sbtest7  (cost=0.43..414.91 rows=104 width=125)
	  Index Cond: ((id >= 3211485) AND (id <= 3211585))

table 8 : explain SELECT id, c FROM sbtest8 WHERE id BETWEEN 3211485 AND 3211585
	Index Scan using sbtest8_pkey on sbtest8  (cost=0.43..414.49 rows=104 width=125)
	  Index Cond: ((id >= 3211485) AND (id <= 3211585))

explain: for range-notcovered :: explain SELECT id, c FROM sbtest%d WHERE id BETWEEN 3188733 AND 3188833
explain: for range-notcovered :: explain SELECT id, c FROM sbtest%d WHERE id BETWEEN 3211485 AND 3211585
for range-notcovered
table 1 : explain SELECT id, c FROM sbtest1 WHERE id BETWEEN 5077182 AND 5077282
	Index Scan using sbtest1_pkey on sbtest1  (cost=0.43..404.18 rows=101 width=125)
	  Index Cond: ((id >= 5077182) AND (id <= 5077282))

table 2 : explain SELECT id, c FROM sbtest2 WHERE id BETWEEN 5077182 AND 5077282
	Index Scan using sbtest2_pkey on sbtest2  (cost=0.43..420.93 rows=105 width=125)
	  Index Cond: ((id >= 5077182) AND (id <= 5077282))

table 3 : explain SELECT id, c FROM sbtest3 WHERE id BETWEEN 5077182 AND 5077282
	Index Scan using sbtest3_pkey on sbtest3  (cost=0.43..388.54 rows=97 width=125)
	  Index Cond: ((id >= 5077182) AND (id <= 5077282))

table 4 : explain SELECT id, c FROM sbtest4 WHERE id BETWEEN 5077182 AND 5077282
	Index Scan using sbtest4_pkey on sbtest4  (cost=0.43..391.30 rows=98 width=125)
	  Index Cond: ((id >= 5077182) AND (id <= 5077282))

table 5 : explain SELECT id, c FROM sbtest5 WHERE id BETWEEN 5077182 AND 5077282
	Index Scan using sbtest5_pkey on sbtest5  (cost=0.43..400.22 rows=100 width=125)
	  Index Cond: ((id >= 5077182) AND (id <= 5077282))

table 6 : explain SELECT id, c FROM sbtest6 WHERE id BETWEEN 5077182 AND 5077282
	Index Scan using sbtest6_pkey on sbtest6  (cost=0.43..395.55 rows=99 width=125)
	  Index Cond: ((id >= 5077182) AND (id <= 5077282))

table 7 : explain SELECT id, c FROM sbtest7 WHERE id BETWEEN 5077182 AND 5077282
	Index Scan using sbtest7_pkey on sbtest7  (cost=0.43..414.91 rows=104 width=125)
	  Index Cond: ((id >= 5077182) AND (id <= 5077282))

table 8 : explain SELECT id, c FROM sbtest8 WHERE id BETWEEN 5077182 AND 5077282
	Index Scan using sbtest8_pkey on sbtest8  (cost=0.43..367.17 rows=92 width=125)
	  Index Cond: ((id >= 5077182) AND (id <= 5077282))

explain: for range-notcovered :: explain SELECT id, c FROM sbtest%d WHERE id BETWEEN 5077182 AND 5077282
for range-notcovered
table 1 : explain SELECT id, c FROM sbtest1 WHERE id BETWEEN 6060035 AND 6060135
	Index Scan using sbtest1_pkey on sbtest1  (cost=0.43..376.48 rows=94 width=125)
	  Index Cond: ((id >= 6060035) AND (id <= 6060135))

table 2 : explain SELECT id, c FROM sbtest2 WHERE id BETWEEN 6060035 AND 6060135
	Index Scan using sbtest2_pkey on sbtest2  (cost=0.43..440.75 rows=110 width=125)
	  Index Cond: ((id >= 6060035) AND (id <= 6060135))

table 3 : explain SELECT id, c FROM sbtest3 WHERE id BETWEEN 6060035 AND 6060135
	Index Scan using sbtest3_pkey on sbtest3  (cost=0.43..408.35 rows=102 width=125)
	  Index Cond: ((id >= 6060035) AND (id <= 6060135))

table 4 : explain SELECT id, c FROM sbtest4 WHERE id BETWEEN 6060035 AND 6060135
	Index Scan using sbtest4_pkey on sbtest4  (cost=0.43..367.62 rows=92 width=125)
	  Index Cond: ((id >= 6060035) AND (id <= 6060135))

table 5 : explain SELECT id, c FROM sbtest5 WHERE id BETWEEN 6060035 AND 6060135
	Index Scan using sbtest5_pkey on sbtest5  (cost=0.43..404.19 rows=101 width=125)
	  Index Cond: ((id >= 6060035) AND (id <= 6060135))

table 6 : explain SELECT id, c FROM sbtest6 WHERE id BETWEEN 6060035 AND 6060135
	Index Scan using sbtest6_pkey on sbtest6  (cost=0.43..387.65 rows=97 width=125)
	  Index Cond: ((id >= 6060035) AND (id <= 6060135))

table 7 : explain SELECT id, c FROM sbtest7 WHERE id BETWEEN 6060035 AND 6060135
	Index Scan using sbtest7_pkey on sbtest7  (cost=0.43..395.16 rows=99 width=125)
	  Index Cond: ((id >= 6060035) AND (id <= 6060135))

table 8 : explain SELECT id, c FROM sbtest8 WHERE id BETWEEN 6060035 AND 6060135
	Index Scan using sbtest8_pkey on sbtest8  (cost=0.43..367.17 rows=92 width=125)
	  Index Cond: ((id >= 6060035) AND (id <= 6060135))

for range-notcovered
table 1 : explain SELECT id, c FROM sbtest1 WHERE id BETWEEN 3910366 AND 3910466
	Index Scan using sbtest1_pkey on sbtest1  (cost=0.43..431.89 rows=108 width=125)
	  Index Cond: ((id >= 3910366) AND (id <= 3910466))

table 2 : explain SELECT id, c FROM sbtest2 WHERE id BETWEEN 3910366 AND 3910466
	Index Scan using sbtest2_pkey on sbtest2  (cost=0.43..377.29 rows=94 width=125)
	  Index Cond: ((id >= 3910366) AND (id <= 3910466))

table 3 : explain SELECT id, c FROM sbtest3 WHERE id BETWEEN 3910366 AND 3910466
	Index Scan using sbtest3_pkey on sbtest3  (cost=0.43..443.98 rows=111 width=125)
	  Index Cond: ((id >= 3910366) AND (id <= 3910466))

table 4 : explain SELECT id, c FROM sbtest4 WHERE id BETWEEN 3910366 AND 3910466
	Index Scan using sbtest4_pkey on sbtest4  (cost=0.43..399.19 rows=100 width=125)
	  Index Cond: ((id >= 3910366) AND (id <= 3910466))

table 5 : explain SELECT id, c FROM sbtest5 WHERE id BETWEEN 3910366 AND 3910466
	Index Scan using sbtest5_pkey on sbtest5  (cost=0.43..412.10 rows=103 width=125)
	  Index Cond: ((id >= 3910366) AND (id <= 3910466))

table 6 : explain SELECT id, c FROM sbtest6 WHERE id BETWEEN 3910366 AND 3910466
	Index Scan using sbtest6_pkey on sbtest6  (cost=0.43..423.21 rows=106 width=125)
	  Index Cond: ((id >= 3910366) AND (id <= 3910466))

table 7 : explain SELECT id, c FROM sbtest7 WHERE id BETWEEN 3910366 AND 3910466
	Index Scan using sbtest7_pkey on sbtest7  (cost=0.43..399.11 rows=100 width=125)
	  Index Cond: ((id >= 3910366) AND (id <= 3910466))

table 8 : explain SELECT id, c FROM sbtest8 WHERE id BETWEEN 3910366 AND 3910466
	Index Scan using sbtest8_pkey on sbtest8  (cost=0.43..406.60 rows=102 width=125)
	  Index Cond: ((id >= 3910366) AND (id <= 3910466))

for range-notcovered
table 1 : explain SELECT id, c FROM sbtest1 WHERE id BETWEEN 6905771 AND 6905871
	Index Scan using sbtest1_pkey on sbtest1  (cost=0.43..384.40 rows=96 width=125)
	  Index Cond: ((id >= 6905771) AND (id <= 6905871))

table 2 : explain SELECT id, c FROM sbtest2 WHERE id BETWEEN 6905771 AND 6905871
	Index Scan using sbtest2_pkey on sbtest2  (cost=0.43..432.82 rows=108 width=125)
	  Index Cond: ((id >= 6905771) AND (id <= 6905871))

table 3 : explain SELECT id, c FROM sbtest3 WHERE id BETWEEN 6905771 AND 6905871
	Index Scan using sbtest3_pkey on sbtest3  (cost=0.43..376.66 rows=94 width=125)
	  Index Cond: ((id >= 6905771) AND (id <= 6905871))

table 4 : explain SELECT id, c FROM sbtest4 WHERE id BETWEEN 6905771 AND 6905871
	Index Scan using sbtest4_pkey on sbtest4  (cost=0.43..407.10 rows=102 width=125)
	  Index Cond: ((id >= 6905771) AND (id <= 6905871))

table 5 : explain SELECT id, c FROM sbtest5 WHERE id BETWEEN 6905771 AND 6905871
	Index Scan using sbtest5_pkey on sbtest5  (cost=0.43..396.26 rows=99 width=125)
	  Index Cond: ((id >= 6905771) AND (id <= 6905871))

table 6 : explain SELECT id, c FROM sbtest6 WHERE id BETWEEN 6905771 AND 6905871
	Index Scan using sbtest6_pkey on sbtest6  (cost=0.43..399.51 rows=100 width=125)
	  Index Cond: ((id >= 6905771) AND (id <= 6905871))

table 7 : explain SELECT id, c FROM sbtest7 WHERE id BETWEEN 6905771 AND 6905871
	Index Scan using sbtest7_pkey on sbtest7  (cost=0.43..430.69 rows=108 width=125)
	  Index Cond: ((id >= 6905771) AND (id <= 6905871))

table 8 : explain SELECT id, c FROM sbtest8 WHERE id BETWEEN 6905771 AND 6905871
	Index Scan using sbtest8_pkey on sbtest8  (cost=0.43..382.93 rows=96 width=125)
	  Index Cond: ((id >= 6905771) AND (id <= 6905871))

explain: for range-notcovered :: explain SELECT id, c FROM sbtest%d WHERE id BETWEEN 6905771 AND 6905871
for range-notcovered
table 1 : explain SELECT id, c FROM sbtest1 WHERE id BETWEEN 3188733 AND 3188833
	Index Scan using sbtest1_pkey on sbtest1  (cost=0.43..412.11 rows=103 width=125)
	  Index Cond: ((id >= 3188733) AND (id <= 3188833))

table 2 : explain SELECT id, c FROM sbtest2 WHERE id BETWEEN 3188733 AND 3188833
	Index Scan using sbtest2_pkey on sbtest2  (cost=0.43..389.19 rows=97 width=125)
	  Index Cond: ((id >= 3188733) AND (id <= 3188833))

table 3 : explain SELECT id, c FROM sbtest3 WHERE id BETWEEN 3188733 AND 3188833
	Index Scan using sbtest3_pkey on sbtest3  (cost=0.43..396.45 rows=99 width=125)
	  Index Cond: ((id >= 3188733) AND (id <= 3188833))

table 4 : explain SELECT id, c FROM sbtest4 WHERE id BETWEEN 3188733 AND 3188833
	Index Scan using sbtest4_pkey on sbtest4  (cost=0.43..411.05 rows=103 width=125)
	  Index Cond: ((id >= 3188733) AND (id <= 3188833))

table 5 : explain SELECT id, c FROM sbtest5 WHERE id BETWEEN 3188733 AND 3188833
	Index Scan using sbtest5_pkey on sbtest5  (cost=0.43..431.89 rows=108 width=125)
	  Index Cond: ((id >= 3188733) AND (id <= 3188833))

table 6 : explain SELECT id, c FROM sbtest6 WHERE id BETWEEN 3188733 AND 3188833
	Index Scan using sbtest6_pkey on sbtest6  (cost=0.43..431.11 rows=108 width=125)
	  Index Cond: ((id >= 3188733) AND (id <= 3188833))

table 7 : explain SELECT id, c FROM sbtest7 WHERE id BETWEEN 3188733 AND 3188833
	Index Scan using sbtest7_pkey on sbtest7  (cost=0.43..414.91 rows=104 width=125)
	  Index Cond: ((id >= 3188733) AND (id <= 3188833))

table 8 : explain SELECT id, c FROM sbtest8 WHERE id BETWEEN 3188733 AND 3188833
	Index Scan using sbtest8_pkey on sbtest8  (cost=0.43..414.49 rows=104 width=125)
	  Index Cond: ((id >= 3188733) AND (id <= 3188833))

explain: for range-notcovered :: explain SELECT id, c FROM sbtest%d WHERE id BETWEEN 3188733 AND 3188833
for range-notcovered
table 1 : explain SELECT id, c FROM sbtest1 WHERE id BETWEEN 3211485 AND 3211585
	Index Scan using sbtest1_pkey on sbtest1  (cost=0.43..412.11 rows=103 width=125)
	  Index Cond: ((id >= 3211485) AND (id <= 3211585))

table 2 : explain SELECT id, c FROM sbtest2 WHERE id BETWEEN 3211485 AND 3211585
	Index Scan using sbtest2_pkey on sbtest2  (cost=0.43..389.19 rows=97 width=125)
	  Index Cond: ((id >= 3211485) AND (id <= 3211585))

table 3 : explain SELECT id, c FROM sbtest3 WHERE id BETWEEN 3211485 AND 3211585
	Index Scan using sbtest3_pkey on sbtest3  (cost=0.43..396.45 rows=99 width=125)
	  Index Cond: ((id >= 3211485) AND (id <= 3211585))

table 4 : explain SELECT id, c FROM sbtest4 WHERE id BETWEEN 3211485 AND 3211585
	Index Scan using sbtest4_pkey on sbtest4  (cost=0.43..411.05 rows=103 width=125)
	  Index Cond: ((id >= 3211485) AND (id <= 3211585))

table 5 : explain SELECT id, c FROM sbtest5 WHERE id BETWEEN 3211485 AND 3211585
	Index Scan using sbtest5_pkey on sbtest5  (cost=0.43..431.89 rows=108 width=125)
	  Index Cond: ((id >= 3211485) AND (id <= 3211585))

table 6 : explain SELECT id, c FROM sbtest6 WHERE id BETWEEN 3211485 AND 3211585
	Index Scan using sbtest6_pkey on sbtest6  (cost=0.43..379.75 rows=95 width=125)
	  Index Cond: ((id >= 3211485) AND (id <= 3211585))

table 7 : explain SELECT id, c FROM sbtest7 WHERE id BETWEEN 3211485 AND 3211585
	Index Scan using sbtest7_pkey on sbtest7  (cost=0.43..414.91 rows=104 width=125)
	  Index Cond: ((id >= 3211485) AND (id <= 3211585))

table 8 : explain SELECT id, c FROM sbtest8 WHERE id BETWEEN 3211485 AND 3211585
	Index Scan using sbtest8_pkey on sbtest8  (cost=0.43..414.49 rows=104 width=125)
	  Index Cond: ((id >= 3211485) AND (id <= 3211585))

explain: for range-notcovered :: explain SELECT id, c FROM sbtest%d WHERE id BETWEEN 3211485 AND 3211585
for range-notcovered
table 1 : explain SELECT id, c FROM sbtest1 WHERE id BETWEEN 5077182 AND 5077282
	Index Scan using sbtest1_pkey on sbtest1  (cost=0.43..404.18 rows=101 width=125)
	  Index Cond: ((id >= 5077182) AND (id <= 5077282))

table 2 : explain SELECT id, c FROM sbtest2 WHERE id BETWEEN 5077182 AND 5077282
	Index Scan using sbtest2_pkey on sbtest2  (cost=0.43..420.93 rows=105 width=125)
	  Index Cond: ((id >= 5077182) AND (id <= 5077282))

table 3 : explain SELECT id, c FROM sbtest3 WHERE id BETWEEN 5077182 AND 5077282
	Index Scan using sbtest3_pkey on sbtest3  (cost=0.43..388.54 rows=97 width=125)
	  Index Cond: ((id >= 5077182) AND (id <= 5077282))

table 4 : explain SELECT id, c FROM sbtest4 WHERE id BETWEEN 5077182 AND 5077282
	Index Scan using sbtest4_pkey on sbtest4  (cost=0.43..391.30 rows=98 width=125)
	  Index Cond: ((id >= 5077182) AND (id <= 5077282))

table 5 : explain SELECT id, c FROM sbtest5 WHERE id BETWEEN 5077182 AND 5077282
	Index Scan using sbtest5_pkey on sbtest5  (cost=0.43..400.22 rows=100 width=125)
	  Index Cond: ((id >= 5077182) AND (id <= 5077282))

table 6 : explain SELECT id, c FROM sbtest6 WHERE id BETWEEN 5077182 AND 5077282
	Index Scan using sbtest6_pkey on sbtest6  (cost=0.43..395.55 rows=99 width=125)
	  Index Cond: ((id >= 5077182) AND (id <= 5077282))

table 7 : explain SELECT id, c FROM sbtest7 WHERE id BETWEEN 5077182 AND 5077282
	Index Scan using sbtest7_pkey on sbtest7  (cost=0.43..414.91 rows=104 width=125)
	  Index Cond: ((id >= 5077182) AND (id <= 5077282))

table 8 : explain SELECT id, c FROM sbtest8 WHERE id BETWEEN 5077182 AND 5077282
	Index Scan using sbtest8_pkey on sbtest8  (cost=0.43..367.17 rows=92 width=125)
	  Index Cond: ((id >= 5077182) AND (id <= 5077282))

explain: for range-notcovered :: explain SELECT id, c FROM sbtest%d WHERE id BETWEEN 5077182 AND 5077282
for range-notcovered
table 1 : explain SELECT id, c FROM sbtest1 WHERE id BETWEEN 6905771 AND 6905871
	Index Scan using sbtest1_pkey on sbtest1  (cost=0.43..384.40 rows=96 width=125)
	  Index Cond: ((id >= 6905771) AND (id <= 6905871))

table 2 : explain SELECT id, c FROM sbtest2 WHERE id BETWEEN 6905771 AND 6905871
	Index Scan using sbtest2_pkey on sbtest2  (cost=0.43..432.82 rows=108 width=125)
	  Index Cond: ((id >= 6905771) AND (id <= 6905871))

table 3 : explain SELECT id, c FROM sbtest3 WHERE id BETWEEN 6905771 AND 6905871
	Index Scan using sbtest3_pkey on sbtest3  (cost=0.43..376.66 rows=94 width=125)
	  Index Cond: ((id >= 6905771) AND (id <= 6905871))

table 4 : explain SELECT id, c FROM sbtest4 WHERE id BETWEEN 6905771 AND 6905871
	Index Scan using sbtest4_pkey on sbtest4  (cost=0.43..407.10 rows=102 width=125)
	  Index Cond: ((id >= 6905771) AND (id <= 6905871))

table 5 : explain SELECT id, c FROM sbtest5 WHERE id BETWEEN 6905771 AND 6905871
	Index Scan using sbtest5_pkey on sbtest5  (cost=0.43..396.26 rows=99 width=125)
	  Index Cond: ((id >= 6905771) AND (id <= 6905871))

table 6 : explain SELECT id, c FROM sbtest6 WHERE id BETWEEN 6905771 AND 6905871
	Index Scan using sbtest6_pkey on sbtest6  (cost=0.43..399.51 rows=100 width=125)
	  Index Cond: ((id >= 6905771) AND (id <= 6905871))

table 7 : explain SELECT id, c FROM sbtest7 WHERE id BETWEEN 6905771 AND 6905871
	Index Scan using sbtest7_pkey on sbtest7  (cost=0.43..430.69 rows=108 width=125)
	  Index Cond: ((id >= 6905771) AND (id <= 6905871))

table 8 : explain SELECT id, c FROM sbtest8 WHERE id BETWEEN 6905771 AND 6905871
	Index Scan using sbtest8_pkey on sbtest8  (cost=0.43..382.93 rows=96 width=125)
	  Index Cond: ((id >= 6905771) AND (id <= 6905871))

explain: for range-notcovered :: explain SELECT id, c FROM sbtest%d WHERE id BETWEEN 6905771 AND 6905871
explain: for range-notcovered :: explain SELECT id, c FROM sbtest%d WHERE id BETWEEN 2444138 AND 2444238
explain: for range-notcovered :: explain SELECT id, c FROM sbtest%d WHERE id BETWEEN 3383940 AND 3384040
for range-notcovered
table 1 : explain SELECT id, c FROM sbtest1 WHERE id BETWEEN 3188733 AND 3188833
	Index Scan using sbtest1_pkey on sbtest1  (cost=0.43..412.11 rows=103 width=125)
	  Index Cond: ((id >= 3188733) AND (id <= 3188833))

table 2 : explain SELECT id, c FROM sbtest2 WHERE id BETWEEN 3188733 AND 3188833
	Index Scan using sbtest2_pkey on sbtest2  (cost=0.43..389.19 rows=97 width=125)
	  Index Cond: ((id >= 3188733) AND (id <= 3188833))

table 3 : explain SELECT id, c FROM sbtest3 WHERE id BETWEEN 3188733 AND 3188833
	Index Scan using sbtest3_pkey on sbtest3  (cost=0.43..396.45 rows=99 width=125)
	  Index Cond: ((id >= 3188733) AND (id <= 3188833))

table 4 : explain SELECT id, c FROM sbtest4 WHERE id BETWEEN 3188733 AND 3188833
	Index Scan using sbtest4_pkey on sbtest4  (cost=0.43..411.05 rows=103 width=125)
	  Index Cond: ((id >= 3188733) AND (id <= 3188833))

table 5 : explain SELECT id, c FROM sbtest5 WHERE id BETWEEN 3188733 AND 3188833
	Index Scan using sbtest5_pkey on sbtest5  (cost=0.43..431.89 rows=108 width=125)
	  Index Cond: ((id >= 3188733) AND (id <= 3188833))

table 6 : explain SELECT id, c FROM sbtest6 WHERE id BETWEEN 3188733 AND 3188833
	Index Scan using sbtest6_pkey on sbtest6  (cost=0.43..431.11 rows=108 width=125)
	  Index Cond: ((id >= 3188733) AND (id <= 3188833))

table 7 : explain SELECT id, c FROM sbtest7 WHERE id BETWEEN 3188733 AND 3188833
	Index Scan using sbtest7_pkey on sbtest7  (cost=0.43..414.91 rows=104 width=125)
	  Index Cond: ((id >= 3188733) AND (id <= 3188833))

table 8 : explain SELECT id, c FROM sbtest8 WHERE id BETWEEN 3188733 AND 3188833
	Index Scan using sbtest8_pkey on sbtest8  (cost=0.43..414.49 rows=104 width=125)
	  Index Cond: ((id >= 3188733) AND (id <= 3188833))

for range-notcovered
table 1 : explain SELECT id, c FROM sbtest1 WHERE id BETWEEN 3211485 AND 3211585
	Index Scan using sbtest1_pkey on sbtest1  (cost=0.43..412.11 rows=103 width=125)
	  Index Cond: ((id >= 3211485) AND (id <= 3211585))

table 2 : explain SELECT id, c FROM sbtest2 WHERE id BETWEEN 3211485 AND 3211585
	Index Scan using sbtest2_pkey on sbtest2  (cost=0.43..389.19 rows=97 width=125)
	  Index Cond: ((id >= 3211485) AND (id <= 3211585))

table 3 : explain SELECT id, c FROM sbtest3 WHERE id BETWEEN 3211485 AND 3211585
	Index Scan using sbtest3_pkey on sbtest3  (cost=0.43..396.45 rows=99 width=125)
	  Index Cond: ((id >= 3211485) AND (id <= 3211585))

table 4 : explain SELECT id, c FROM sbtest4 WHERE id BETWEEN 3211485 AND 3211585
	Index Scan using sbtest4_pkey on sbtest4  (cost=0.43..411.05 rows=103 width=125)
	  Index Cond: ((id >= 3211485) AND (id <= 3211585))

table 5 : explain SELECT id, c FROM sbtest5 WHERE id BETWEEN 3211485 AND 3211585
	Index Scan using sbtest5_pkey on sbtest5  (cost=0.43..431.89 rows=108 width=125)
	  Index Cond: ((id >= 3211485) AND (id <= 3211585))

table 6 : explain SELECT id, c FROM sbtest6 WHERE id BETWEEN 3211485 AND 3211585
	Index Scan using sbtest6_pkey on sbtest6  (cost=0.43..379.75 rows=95 width=125)
	  Index Cond: ((id >= 3211485) AND (id <= 3211585))

table 7 : explain SELECT id, c FROM sbtest7 WHERE id BETWEEN 3211485 AND 3211585
	Index Scan using sbtest7_pkey on sbtest7  (cost=0.43..414.91 rows=104 width=125)
	  Index Cond: ((id >= 3211485) AND (id <= 3211585))

table 8 : explain SELECT id, c FROM sbtest8 WHERE id BETWEEN 3211485 AND 3211585
	Index Scan using sbtest8_pkey on sbtest8  (cost=0.43..414.49 rows=104 width=125)
	  Index Cond: ((id >= 3211485) AND (id <= 3211585))

explain: for range-notcovered :: explain SELECT id, c FROM sbtest%d WHERE id BETWEEN 3211485 AND 3211585
for range-notcovered
table 1 : explain SELECT id, c FROM sbtest1 WHERE id BETWEEN 5077182 AND 5077282
	Index Scan using sbtest1_pkey on sbtest1  (cost=0.43..404.18 rows=101 width=125)
	  Index Cond: ((id >= 5077182) AND (id <= 5077282))

table 2 : explain SELECT id, c FROM sbtest2 WHERE id BETWEEN 5077182 AND 5077282
	Index Scan using sbtest2_pkey on sbtest2  (cost=0.43..420.93 rows=105 width=125)
	  Index Cond: ((id >= 5077182) AND (id <= 5077282))

table 3 : explain SELECT id, c FROM sbtest3 WHERE id BETWEEN 5077182 AND 5077282
	Index Scan using sbtest3_pkey on sbtest3  (cost=0.43..388.54 rows=97 width=125)
	  Index Cond: ((id >= 5077182) AND (id <= 5077282))

table 4 : explain SELECT id, c FROM sbtest4 WHERE id BETWEEN 5077182 AND 5077282
	Index Scan using sbtest4_pkey on sbtest4  (cost=0.43..391.30 rows=98 width=125)
	  Index Cond: ((id >= 5077182) AND (id <= 5077282))

table 5 : explain SELECT id, c FROM sbtest5 WHERE id BETWEEN 5077182 AND 5077282
	Index Scan using sbtest5_pkey on sbtest5  (cost=0.43..400.22 rows=100 width=125)
	  Index Cond: ((id >= 5077182) AND (id <= 5077282))

table 6 : explain SELECT id, c FROM sbtest6 WHERE id BETWEEN 5077182 AND 5077282
	Index Scan using sbtest6_pkey on sbtest6  (cost=0.43..395.55 rows=99 width=125)
	  Index Cond: ((id >= 5077182) AND (id <= 5077282))

table 7 : explain SELECT id, c FROM sbtest7 WHERE id BETWEEN 5077182 AND 5077282
	Index Scan using sbtest7_pkey on sbtest7  (cost=0.43..414.91 rows=104 width=125)
	  Index Cond: ((id >= 5077182) AND (id <= 5077282))

table 8 : explain SELECT id, c FROM sbtest8 WHERE id BETWEEN 5077182 AND 5077282
	Index Scan using sbtest8_pkey on sbtest8  (cost=0.43..367.17 rows=92 width=125)
	  Index Cond: ((id >= 5077182) AND (id <= 5077282))

explain: for range-notcovered :: explain SELECT id, c FROM sbtest%d WHERE id BETWEEN 5077182 AND 5077282
for range-notcovered
table 1 : explain SELECT id, c FROM sbtest1 WHERE id BETWEEN 6905771 AND 6905871
	Index Scan using sbtest1_pkey on sbtest1  (cost=0.43..384.40 rows=96 width=125)
	  Index Cond: ((id >= 6905771) AND (id <= 6905871))

table 2 : explain SELECT id, c FROM sbtest2 WHERE id BETWEEN 6905771 AND 6905871
	Index Scan using sbtest2_pkey on sbtest2  (cost=0.43..432.82 rows=108 width=125)
	  Index Cond: ((id >= 6905771) AND (id <= 6905871))

table 3 : explain SELECT id, c FROM sbtest3 WHERE id BETWEEN 6905771 AND 6905871
	Index Scan using sbtest3_pkey on sbtest3  (cost=0.43..376.66 rows=94 width=125)
	  Index Cond: ((id >= 6905771) AND (id <= 6905871))

table 4 : explain SELECT id, c FROM sbtest4 WHERE id BETWEEN 6905771 AND 6905871
	Index Scan using sbtest4_pkey on sbtest4  (cost=0.43..407.10 rows=102 width=125)
	  Index Cond: ((id >= 6905771) AND (id <= 6905871))

table 5 : explain SELECT id, c FROM sbtest5 WHERE id BETWEEN 6905771 AND 6905871
	Index Scan using sbtest5_pkey on sbtest5  (cost=0.43..396.26 rows=99 width=125)
	  Index Cond: ((id >= 6905771) AND (id <= 6905871))

table 6 : explain SELECT id, c FROM sbtest6 WHERE id BETWEEN 6905771 AND 6905871
	Index Scan using sbtest6_pkey on sbtest6  (cost=0.43..399.51 rows=100 width=125)
	  Index Cond: ((id >= 6905771) AND (id <= 6905871))

table 7 : explain SELECT id, c FROM sbtest7 WHERE id BETWEEN 6905771 AND 6905871
	Index Scan using sbtest7_pkey on sbtest7  (cost=0.43..430.69 rows=108 width=125)
	  Index Cond: ((id >= 6905771) AND (id <= 6905871))

table 8 : explain SELECT id, c FROM sbtest8 WHERE id BETWEEN 6905771 AND 6905871
	Index Scan using sbtest8_pkey on sbtest8  (cost=0.43..382.93 rows=96 width=125)
	  Index Cond: ((id >= 6905771) AND (id <= 6905871))

explain: for range-notcovered :: explain SELECT id, c FROM sbtest%d WHERE id BETWEEN 6905771 AND 6905871
for range-notcovered
table 1 : explain SELECT id, c FROM sbtest1 WHERE id BETWEEN 4470141 AND 4470241
	Index Scan using sbtest1_pkey on sbtest1  (cost=0.43..427.94 rows=107 width=125)
	  Index Cond: ((id >= 4470141) AND (id <= 4470241))

table 2 : explain SELECT id, c FROM sbtest2 WHERE id BETWEEN 4470141 AND 4470241
	Index Scan using sbtest2_pkey on sbtest2  (cost=0.43..405.05 rows=101 width=125)
	  Index Cond: ((id >= 4470141) AND (id <= 4470241))

table 3 : explain SELECT id, c FROM sbtest3 WHERE id BETWEEN 4470141 AND 4470241
	Index Scan using sbtest3_pkey on sbtest3  (cost=0.43..428.14 rows=107 width=125)
	  Index Cond: ((id >= 4470141) AND (id <= 4470241))

table 4 : explain SELECT id, c FROM sbtest4 WHERE id BETWEEN 4470141 AND 4470241
	Index Scan using sbtest4_pkey on sbtest4  (cost=0.43..363.67 rows=91 width=125)
	  Index Cond: ((id >= 4470141) AND (id <= 4470241))

table 5 : explain SELECT id, c FROM sbtest5 WHERE id BETWEEN 4470141 AND 4470241
	Index Scan using sbtest5_pkey on sbtest5  (cost=0.43..388.35 rows=97 width=125)
	  Index Cond: ((id >= 4470141) AND (id <= 4470241))

table 6 : explain SELECT id, c FROM sbtest6 WHERE id BETWEEN 4470141 AND 4470241
	Index Scan using sbtest6_pkey on sbtest6  (cost=0.43..383.70 rows=96 width=125)
	  Index Cond: ((id >= 4470141) AND (id <= 4470241))

table 7 : explain SELECT id, c FROM sbtest7 WHERE id BETWEEN 4470141 AND 4470241
	Index Scan using sbtest7_pkey on sbtest7  (cost=0.43..399.11 rows=100 width=125)
	  Index Cond: ((id >= 4470141) AND (id <= 4470241))

table 8 : explain SELECT id, c FROM sbtest8 WHERE id BETWEEN 4470141 AND 4470241
	Index Scan using sbtest8_pkey on sbtest8  (cost=0.43..406.60 rows=102 width=125)
	  Index Cond: ((id >= 4470141) AND (id <= 4470241))

explain: for range-notcovered :: explain SELECT id, c FROM sbtest%d WHERE id BETWEEN 4470141 AND 4470241
for range-notcovered
table 1 : explain SELECT id, c FROM sbtest1 WHERE id BETWEEN 6882628 AND 6882728
	Index Scan using sbtest1_pkey on sbtest1  (cost=0.43..384.40 rows=96 width=125)
	  Index Cond: ((id >= 6882628) AND (id <= 6882728))

table 2 : explain SELECT id, c FROM sbtest2 WHERE id BETWEEN 6882628 AND 6882728
	Index Scan using sbtest2_pkey on sbtest2  (cost=0.43..436.79 rows=109 width=125)
	  Index Cond: ((id >= 6882628) AND (id <= 6882728))

table 3 : explain SELECT id, c FROM sbtest3 WHERE id BETWEEN 6882628 AND 6882728
	Index Scan using sbtest3_pkey on sbtest3  (cost=0.43..412.31 rows=103 width=125)
	  Index Cond: ((id >= 6882628) AND (id <= 6882728))

table 4 : explain SELECT id, c FROM sbtest4 WHERE id BETWEEN 6882628 AND 6882728
	Index Scan using sbtest4_pkey on sbtest4  (cost=0.43..407.10 rows=102 width=125)
	  Index Cond: ((id >= 6882628) AND (id <= 6882728))

table 5 : explain SELECT id, c FROM sbtest5 WHERE id BETWEEN 6882628 AND 6882728
	Index Scan using sbtest5_pkey on sbtest5  (cost=0.43..396.26 rows=99 width=125)
	  Index Cond: ((id >= 6882628) AND (id <= 6882728))

table 6 : explain SELECT id, c FROM sbtest6 WHERE id BETWEEN 6882628 AND 6882728
	Index Scan using sbtest6_pkey on sbtest6  (cost=0.43..435.06 rows=109 width=125)
	  Index Cond: ((id >= 6882628) AND (id <= 6882728))

table 7 : explain SELECT id, c FROM sbtest7 WHERE id BETWEEN 6882628 AND 6882728
	Index Scan using sbtest7_pkey on sbtest7  (cost=0.43..430.69 rows=108 width=125)
	  Index Cond: ((id >= 6882628) AND (id <= 6882728))

table 8 : explain SELECT id, c FROM sbtest8 WHERE id BETWEEN 6882628 AND 6882728
	Index Scan using sbtest8_pkey on sbtest8  (cost=0.43..382.93 rows=96 width=125)
	  Index Cond: ((id >= 6882628) AND (id <= 6882728))

for range-notcovered
table 1 : explain SELECT id, c FROM sbtest1 WHERE id BETWEEN 3211485 AND 3211585
	Index Scan using sbtest1_pkey on sbtest1  (cost=0.43..412.11 rows=103 width=125)
	  Index Cond: ((id >= 3211485) AND (id <= 3211585))

table 2 : explain SELECT id, c FROM sbtest2 WHERE id BETWEEN 3211485 AND 3211585
	Index Scan using sbtest2_pkey on sbtest2  (cost=0.43..389.19 rows=97 width=125)
	  Index Cond: ((id >= 3211485) AND (id <= 3211585))

table 3 : explain SELECT id, c FROM sbtest3 WHERE id BETWEEN 3211485 AND 3211585
	Index Scan using sbtest3_pkey on sbtest3  (cost=0.43..396.45 rows=99 width=125)
	  Index Cond: ((id >= 3211485) AND (id <= 3211585))

table 4 : explain SELECT id, c FROM sbtest4 WHERE id BETWEEN 3211485 AND 3211585
	Index Scan using sbtest4_pkey on sbtest4  (cost=0.43..411.05 rows=103 width=125)
	  Index Cond: ((id >= 3211485) AND (id <= 3211585))

table 5 : explain SELECT id, c FROM sbtest5 WHERE id BETWEEN 3211485 AND 3211585
	Index Scan using sbtest5_pkey on sbtest5  (cost=0.43..431.89 rows=108 width=125)
	  Index Cond: ((id >= 3211485) AND (id <= 3211585))

table 6 : explain SELECT id, c FROM sbtest6 WHERE id BETWEEN 3211485 AND 3211585
	Index Scan using sbtest6_pkey on sbtest6  (cost=0.43..379.75 rows=95 width=125)
	  Index Cond: ((id >= 3211485) AND (id <= 3211585))

table 7 : explain SELECT id, c FROM sbtest7 WHERE id BETWEEN 3211485 AND 3211585
	Index Scan using sbtest7_pkey on sbtest7  (cost=0.43..414.91 rows=104 width=125)
	  Index Cond: ((id >= 3211485) AND (id <= 3211585))

table 8 : explain SELECT id, c FROM sbtest8 WHERE id BETWEEN 3211485 AND 3211585
	Index Scan using sbtest8_pkey on sbtest8  (cost=0.43..414.49 rows=104 width=125)
	  Index Cond: ((id >= 3211485) AND (id <= 3211585))
explain: for range-notcovered :: explain SELECT id, c FROM sbtest%d WHERE id BETWEEN 6882628 AND 6882728

explain: for range-notcovered :: explain SELECT id, c FROM sbtest%d WHERE id BETWEEN 3211485 AND 3211585
for range-notcovered
table 1 : explain SELECT id, c FROM sbtest1 WHERE id BETWEEN 5308630 AND 5308730
	Index Scan using sbtest1_pkey on sbtest1  (cost=0.43..380.44 rows=95 width=125)
	  Index Cond: ((id >= 5308630) AND (id <= 5308730))

table 2 : explain SELECT id, c FROM sbtest2 WHERE id BETWEEN 5308630 AND 5308730
	Index Scan using sbtest2_pkey on sbtest2  (cost=0.43..401.08 rows=100 width=125)
	  Index Cond: ((id >= 5308630) AND (id <= 5308730))

table 3 : explain SELECT id, c FROM sbtest3 WHERE id BETWEEN 5308630 AND 5308730
	Index Scan using sbtest3_pkey on sbtest3  (cost=0.43..404.37 rows=101 width=125)
	  Index Cond: ((id >= 5308630) AND (id <= 5308730))

table 4 : explain SELECT id, c FROM sbtest4 WHERE id BETWEEN 5308630 AND 5308730
	Index Scan using sbtest4_pkey on sbtest4  (cost=0.43..351.83 rows=88 width=125)
	  Index Cond: ((id >= 5308630) AND (id <= 5308730))

table 5 : explain SELECT id, c FROM sbtest5 WHERE id BETWEEN 5308630 AND 5308730
	Index Scan using sbtest5_pkey on sbtest5  (cost=0.43..412.10 rows=103 width=125)
	  Index Cond: ((id >= 5308630) AND (id <= 5308730))

table 6 : explain SELECT id, c FROM sbtest6 WHERE id BETWEEN 5308630 AND 5308730
	Index Scan using sbtest6_pkey on sbtest6  (cost=0.43..419.26 rows=105 width=125)
	  Index Cond: ((id >= 5308630) AND (id <= 5308730))

table 7 : explain SELECT id, c FROM sbtest7 WHERE id BETWEEN 5308630 AND 5308730
	Index Scan using sbtest7_pkey on sbtest7  (cost=0.43..375.43 rows=94 width=125)
	  Index Cond: ((id >= 5308630) AND (id <= 5308730))

table 8 : explain SELECT id, c FROM sbtest8 WHERE id BETWEEN 5308630 AND 5308730
	Index Scan using sbtest8_pkey on sbtest8  (cost=0.43..414.49 rows=104 width=125)
	  Index Cond: ((id >= 5308630) AND (id <= 5308730))

explain: for range-notcovered :: explain SELECT id, c FROM sbtest%d WHERE id BETWEEN 5308630 AND 5308730
for range-notcovered
table 1 : explain SELECT id, c FROM sbtest1 WHERE id BETWEEN 6905771 AND 6905871
	Index Scan using sbtest1_pkey on sbtest1  (cost=0.43..384.40 rows=96 width=125)
	  Index Cond: ((id >= 6905771) AND (id <= 6905871))

table 2 : explain SELECT id, c FROM sbtest2 WHERE id BETWEEN 6905771 AND 6905871
	Index Scan using sbtest2_pkey on sbtest2  (cost=0.43..432.82 rows=108 width=125)
	  Index Cond: ((id >= 6905771) AND (id <= 6905871))

table 3 : explain SELECT id, c FROM sbtest3 WHERE id BETWEEN 6905771 AND 6905871
	Index Scan using sbtest3_pkey on sbtest3  (cost=0.43..376.66 rows=94 width=125)
	  Index Cond: ((id >= 6905771) AND (id <= 6905871))

table 4 : explain SELECT id, c FROM sbtest4 WHERE id BETWEEN 6905771 AND 6905871
	Index Scan using sbtest4_pkey on sbtest4  (cost=0.43..407.10 rows=102 width=125)
	  Index Cond: ((id >= 6905771) AND (id <= 6905871))

table 5 : explain SELECT id, c FROM sbtest5 WHERE id BETWEEN 6905771 AND 6905871
	Index Scan using sbtest5_pkey on sbtest5  (cost=0.43..396.26 rows=99 width=125)
	  Index Cond: ((id >= 6905771) AND (id <= 6905871))

table 6 : explain SELECT id, c FROM sbtest6 WHERE id BETWEEN 6905771 AND 6905871
	Index Scan using sbtest6_pkey on sbtest6  (cost=0.43..399.51 rows=100 width=125)
	  Index Cond: ((id >= 6905771) AND (id <= 6905871))

table 7 : explain SELECT id, c FROM sbtest7 WHERE id BETWEEN 6905771 AND 6905871
	Index Scan using sbtest7_pkey on sbtest7  (cost=0.43..430.69 rows=108 width=125)
	  Index Cond: ((id >= 6905771) AND (id <= 6905871))

table 8 : explain SELECT id, c FROM sbtest8 WHERE id BETWEEN 6905771 AND 6905871
	Index Scan using sbtest8_pkey on sbtest8  (cost=0.43..382.93 rows=96 width=125)
	  Index Cond: ((id >= 6905771) AND (id <= 6905871))

explain: for range-notcovered :: explain SELECT id, c FROM sbtest%d WHERE id BETWEEN 6905771 AND 6905871
for range-notcovered
table 1 : explain SELECT id, c FROM sbtest1 WHERE id BETWEEN 5077182 AND 5077282
	Index Scan using sbtest1_pkey on sbtest1  (cost=0.43..404.18 rows=101 width=125)
	  Index Cond: ((id >= 5077182) AND (id <= 5077282))

table 2 : explain SELECT id, c FROM sbtest2 WHERE id BETWEEN 5077182 AND 5077282
	Index Scan using sbtest2_pkey on sbtest2  (cost=0.43..420.93 rows=105 width=125)
	  Index Cond: ((id >= 5077182) AND (id <= 5077282))

table 3 : explain SELECT id, c FROM sbtest3 WHERE id BETWEEN 5077182 AND 5077282
	Index Scan using sbtest3_pkey on sbtest3  (cost=0.43..388.54 rows=97 width=125)
	  Index Cond: ((id >= 5077182) AND (id <= 5077282))

table 4 : explain SELECT id, c FROM sbtest4 WHERE id BETWEEN 5077182 AND 5077282
	Index Scan using sbtest4_pkey on sbtest4  (cost=0.43..391.30 rows=98 width=125)
	  Index Cond: ((id >= 5077182) AND (id <= 5077282))

table 5 : explain SELECT id, c FROM sbtest5 WHERE id BETWEEN 5077182 AND 5077282
	Index Scan using sbtest5_pkey on sbtest5  (cost=0.43..400.22 rows=100 width=125)
	  Index Cond: ((id >= 5077182) AND (id <= 5077282))

table 6 : explain SELECT id, c FROM sbtest6 WHERE id BETWEEN 5077182 AND 5077282
	Index Scan using sbtest6_pkey on sbtest6  (cost=0.43..395.55 rows=99 width=125)
	  Index Cond: ((id >= 5077182) AND (id <= 5077282))

table 7 : explain SELECT id, c FROM sbtest7 WHERE id BETWEEN 5077182 AND 5077282
	Index Scan using sbtest7_pkey on sbtest7  (cost=0.43..414.91 rows=104 width=125)
	  Index Cond: ((id >= 5077182) AND (id <= 5077282))

table 8 : explain SELECT id, c FROM sbtest8 WHERE id BETWEEN 5077182 AND 5077282
	Index Scan using sbtest8_pkey on sbtest8  (cost=0.43..367.17 rows=92 width=125)
	  Index Cond: ((id >= 5077182) AND (id <= 5077282))

for range-notcovered
table 1 : explain SELECT id, c FROM sbtest1 WHERE id BETWEEN 4470141 AND 4470241
	Index Scan using sbtest1_pkey on sbtest1  (cost=0.43..427.94 rows=107 width=125)
	  Index Cond: ((id >= 4470141) AND (id <= 4470241))

table 2 : explain SELECT id, c FROM sbtest2 WHERE id BETWEEN 4470141 AND 4470241
	Index Scan using sbtest2_pkey on sbtest2  (cost=0.43..405.05 rows=101 width=125)
	  Index Cond: ((id >= 4470141) AND (id <= 4470241))

table 3 : explain SELECT id, c FROM sbtest3 WHERE id BETWEEN 4470141 AND 4470241
	Index Scan using sbtest3_pkey on sbtest3  (cost=0.43..428.14 rows=107 width=125)
	  Index Cond: ((id >= 4470141) AND (id <= 4470241))

table 4 : explain SELECT id, c FROM sbtest4 WHERE id BETWEEN 4470141 AND 4470241
	Index Scan using sbtest4_pkey on sbtest4  (cost=0.43..363.67 rows=91 width=125)
	  Index Cond: ((id >= 4470141) AND (id <= 4470241))

table 5 : explain SELECT id, c FROM sbtest5 WHERE id BETWEEN 4470141 AND 4470241
	Index Scan using sbtest5_pkey on sbtest5  (cost=0.43..388.35 rows=97 width=125)
	  Index Cond: ((id >= 4470141) AND (id <= 4470241))

table 6 : explain SELECT id, c FROM sbtest6 WHERE id BETWEEN 4470141 AND 4470241
	Index Scan using sbtest6_pkey on sbtest6  (cost=0.43..383.70 rows=96 width=125)
	  Index Cond: ((id >= 4470141) AND (id <= 4470241))

table 7 : explain SELECT id, c FROM sbtest7 WHERE id BETWEEN 4470141 AND 4470241
	Index Scan using sbtest7_pkey on sbtest7  (cost=0.43..399.11 rows=100 width=125)
	  Index Cond: ((id >= 4470141) AND (id <= 4470241))

table 8 : explain SELECT id, c FROM sbtest8 WHERE id BETWEEN 4470141 AND 4470241
	Index Scan using sbtest8_pkey on sbtest8  (cost=0.43..406.60 rows=102 width=125)
	  Index Cond: ((id >= 4470141) AND (id <= 4470241))

explain: for range-notcovered :: explain SELECT id, c FROM sbtest%d WHERE id BETWEEN 5077182 AND 5077282
explain: for range-notcovered :: explain SELECT id, c FROM sbtest%d WHERE id BETWEEN 4470141 AND 4470241
for range-notcovered
table 1 : explain SELECT id, c FROM sbtest1 WHERE id BETWEEN 6882628 AND 6882728
	Index Scan using sbtest1_pkey on sbtest1  (cost=0.43..384.40 rows=96 width=125)
	  Index Cond: ((id >= 6882628) AND (id <= 6882728))

table 2 : explain SELECT id, c FROM sbtest2 WHERE id BETWEEN 6882628 AND 6882728
	Index Scan using sbtest2_pkey on sbtest2  (cost=0.43..436.79 rows=109 width=125)
	  Index Cond: ((id >= 6882628) AND (id <= 6882728))

table 3 : explain SELECT id, c FROM sbtest3 WHERE id BETWEEN 6882628 AND 6882728
	Index Scan using sbtest3_pkey on sbtest3  (cost=0.43..412.31 rows=103 width=125)
	  Index Cond: ((id >= 6882628) AND (id <= 6882728))

table 4 : explain SELECT id, c FROM sbtest4 WHERE id BETWEEN 6882628 AND 6882728
	Index Scan using sbtest4_pkey on sbtest4  (cost=0.43..407.10 rows=102 width=125)
	  Index Cond: ((id >= 6882628) AND (id <= 6882728))

table 5 : explain SELECT id, c FROM sbtest5 WHERE id BETWEEN 6882628 AND 6882728
	Index Scan using sbtest5_pkey on sbtest5  (cost=0.43..396.26 rows=99 width=125)
	  Index Cond: ((id >= 6882628) AND (id <= 6882728))

table 6 : explain SELECT id, c FROM sbtest6 WHERE id BETWEEN 6882628 AND 6882728
	Index Scan using sbtest6_pkey on sbtest6  (cost=0.43..435.06 rows=109 width=125)
	  Index Cond: ((id >= 6882628) AND (id <= 6882728))

table 7 : explain SELECT id, c FROM sbtest7 WHERE id BETWEEN 6882628 AND 6882728
	Index Scan using sbtest7_pkey on sbtest7  (cost=0.43..430.69 rows=108 width=125)
	  Index Cond: ((id >= 6882628) AND (id <= 6882728))

table 8 : explain SELECT id, c FROM sbtest8 WHERE id BETWEEN 6882628 AND 6882728
	Index Scan using sbtest8_pkey on sbtest8  (cost=0.43..382.93 rows=96 width=125)
	  Index Cond: ((id >= 6882628) AND (id <= 6882728))

for range-notcovered
table 1 : explain SELECT id, c FROM sbtest1 WHERE id BETWEEN 3211485 AND 3211585
	Index Scan using sbtest1_pkey on sbtest1  (cost=0.43..412.11 rows=103 width=125)
	  Index Cond: ((id >= 3211485) AND (id <= 3211585))

table 2 : explain SELECT id, c FROM sbtest2 WHERE id BETWEEN 3211485 AND 3211585
	Index Scan using sbtest2_pkey on sbtest2  (cost=0.43..389.19 rows=97 width=125)
	  Index Cond: ((id >= 3211485) AND (id <= 3211585))

table 3 : explain SELECT id, c FROM sbtest3 WHERE id BETWEEN 3211485 AND 3211585
	Index Scan using sbtest3_pkey on sbtest3  (cost=0.43..396.45 rows=99 width=125)
	  Index Cond: ((id >= 3211485) AND (id <= 3211585))

table 4 : explain SELECT id, c FROM sbtest4 WHERE id BETWEEN 3211485 AND 3211585
	Index Scan using sbtest4_pkey on sbtest4  (cost=0.43..411.05 rows=103 width=125)
	  Index Cond: ((id >= 3211485) AND (id <= 3211585))

table 5 : explain SELECT id, c FROM sbtest5 WHERE id BETWEEN 3211485 AND 3211585
	Index Scan using sbtest5_pkey on sbtest5  (cost=0.43..431.89 rows=108 width=125)
	  Index Cond: ((id >= 3211485) AND (id <= 3211585))

table 6 : explain SELECT id, c FROM sbtest6 WHERE id BETWEEN 3211485 AND 3211585
	Index Scan using sbtest6_pkey on sbtest6  (cost=0.43..379.75 rows=95 width=125)
	  Index Cond: ((id >= 3211485) AND (id <= 3211585))

table 7 : explain SELECT id, c FROM sbtest7 WHERE id BETWEEN 3211485 AND 3211585
	Index Scan using sbtest7_pkey on sbtest7  (cost=0.43..414.91 rows=104 width=125)
	  Index Cond: ((id >= 3211485) AND (id <= 3211585))

table 8 : explain SELECT id, c FROM sbtest8 WHERE id BETWEEN 3211485 AND 3211585
	Index Scan using sbtest8_pkey on sbtest8  (cost=0.43..414.49 rows=104 width=125)
	  Index Cond: ((id >= 3211485) AND (id <= 3211585))

explain: for range-notcovered :: explain SELECT id, c FROM sbtest%d WHERE id BETWEEN 6882628 AND 6882728
for range-notcovered
table 1 : explain SELECT id, c FROM sbtest1 WHERE id BETWEEN 5308630 AND 5308730
	Index Scan using sbtest1_pkey on sbtest1  (cost=0.43..380.44 rows=95 width=125)
	  Index Cond: ((id >= 5308630) AND (id <= 5308730))

table 2 : explain SELECT id, c FROM sbtest2 WHERE id BETWEEN 5308630 AND 5308730
	Index Scan using sbtest2_pkey on sbtest2  (cost=0.43..401.08 rows=100 width=125)
	  Index Cond: ((id >= 5308630) AND (id <= 5308730))

table 3 : explain SELECT id, c FROM sbtest3 WHERE id BETWEEN 5308630 AND 5308730
	Index Scan using sbtest3_pkey on sbtest3  (cost=0.43..404.37 rows=101 width=125)
	  Index Cond: ((id >= 5308630) AND (id <= 5308730))

table 4 : explain SELECT id, c FROM sbtest4 WHERE id BETWEEN 5308630 AND 5308730
	Index Scan using sbtest4_pkey on sbtest4  (cost=0.43..351.83 rows=88 width=125)
	  Index Cond: ((id >= 5308630) AND (id <= 5308730))

table 5 : explain SELECT id, c FROM sbtest5 WHERE id BETWEEN 5308630 AND 5308730
	Index Scan using sbtest5_pkey on sbtest5  (cost=0.43..412.10 rows=103 width=125)
	  Index Cond: ((id >= 5308630) AND (id <= 5308730))

table 6 : explain SELECT id, c FROM sbtest6 WHERE id BETWEEN 5308630 AND 5308730
	Index Scan using sbtest6_pkey on sbtest6  (cost=0.43..419.26 rows=105 width=125)
	  Index Cond: ((id >= 5308630) AND (id <= 5308730))

table 7 : explain SELECT id, c FROM sbtest7 WHERE id BETWEEN 5308630 AND 5308730
	Index Scan using sbtest7_pkey on sbtest7  (cost=0.43..375.43 rows=94 width=125)
	  Index Cond: ((id >= 5308630) AND (id <= 5308730))

table 8 : explain SELECT id, c FROM sbtest8 WHERE id BETWEEN 5308630 AND 5308730
	Index Scan using sbtest8_pkey on sbtest8  (cost=0.43..414.49 rows=104 width=125)
	  Index Cond: ((id >= 5308630) AND (id <= 5308730))

explain: for range-notcovered :: explain SELECT id, c FROM sbtest%d WHERE id BETWEEN 5308630 AND 5308730
for range-notcovered
table 1 : explain SELECT id, c FROM sbtest1 WHERE id BETWEEN 4796878 AND 4796978
	Index Scan using sbtest1_pkey on sbtest1  (cost=0.43..427.94 rows=107 width=125)
	  Index Cond: ((id >= 4796878) AND (id <= 4796978))

table 2 : explain SELECT id, c FROM sbtest2 WHERE id BETWEEN 4796878 AND 4796978
	Index Scan using sbtest2_pkey on sbtest2  (cost=0.43..432.82 rows=108 width=125)
	  Index Cond: ((id >= 4796878) AND (id <= 4796978))

table 3 : explain SELECT id, c FROM sbtest3 WHERE id BETWEEN 4796878 AND 4796978
	Index Scan using sbtest3_pkey on sbtest3  (cost=0.43..416.26 rows=104 width=125)
	  Index Cond: ((id >= 4796878) AND (id <= 4796978))

table 4 : explain SELECT id, c FROM sbtest4 WHERE id BETWEEN 4796878 AND 4796978
	Index Scan using sbtest4_pkey on sbtest4  (cost=0.43..414.99 rows=104 width=125)
	  Index Cond: ((id >= 4796878) AND (id <= 4796978))

table 5 : explain SELECT id, c FROM sbtest5 WHERE id BETWEEN 4796878 AND 4796978
	Index Scan using sbtest5_pkey on sbtest5  (cost=0.43..368.56 rows=92 width=125)
	  Index Cond: ((id >= 4796878) AND (id <= 4796978))

table 6 : explain SELECT id, c FROM sbtest6 WHERE id BETWEEN 4796878 AND 4796978
	Index Scan using sbtest6_pkey on sbtest6  (cost=0.43..371.85 rows=93 width=125)
	  Index Cond: ((id >= 4796878) AND (id <= 4796978))

table 7 : explain SELECT id, c FROM sbtest7 WHERE id BETWEEN 4796878 AND 4796978
	Index Scan using sbtest7_pkey on sbtest7  (cost=0.43..403.07 rows=101 width=125)
	  Index Cond: ((id >= 4796878) AND (id <= 4796978))

table 8 : explain SELECT id, c FROM sbtest8 WHERE id BETWEEN 4796878 AND 4796978
	Index Scan using sbtest8_pkey on sbtest8  (cost=0.43..398.72 rows=100 width=125)
	  Index Cond: ((id >= 4796878) AND (id <= 4796978))

for range-notcovered
table 1 : explain SELECT id, c FROM sbtest1 WHERE id BETWEEN 6905771 AND 6905871
	Index Scan using sbtest1_pkey on sbtest1  (cost=0.43..384.40 rows=96 width=125)
	  Index Cond: ((id >= 6905771) AND (id <= 6905871))

table 2 : explain SELECT id, c FROM sbtest2 WHERE id BETWEEN 6905771 AND 6905871
	Index Scan using sbtest2_pkey on sbtest2  (cost=0.43..432.82 rows=108 width=125)
	  Index Cond: ((id >= 6905771) AND (id <= 6905871))

table 3 : explain SELECT id, c FROM sbtest3 WHERE id BETWEEN 6905771 AND 6905871
	Index Scan using sbtest3_pkey on sbtest3  (cost=0.43..376.66 rows=94 width=125)
	  Index Cond: ((id >= 6905771) AND (id <= 6905871))

table 4 : explain SELECT id, c FROM sbtest4 WHERE id BETWEEN 6905771 AND 6905871
	Index Scan using sbtest4_pkey on sbtest4  (cost=0.43..407.10 rows=102 width=125)
	  Index Cond: ((id >= 6905771) AND (id <= 6905871))

table 5 : explain SELECT id, c FROM sbtest5 WHERE id BETWEEN 6905771 AND 6905871
	Index Scan using sbtest5_pkey on sbtest5  (cost=0.43..396.26 rows=99 width=125)
	  Index Cond: ((id >= 6905771) AND (id <= 6905871))

table 6 : explain SELECT id, c FROM sbtest6 WHERE id BETWEEN 6905771 AND 6905871
	Index Scan using sbtest6_pkey on sbtest6  (cost=0.43..399.51 rows=100 width=125)
	  Index Cond: ((id >= 6905771) AND (id <= 6905871))

table 7 : explain SELECT id, c FROM sbtest7 WHERE id BETWEEN 6905771 AND 6905871
	Index Scan using sbtest7_pkey on sbtest7  (cost=0.43..430.69 rows=108 width=125)
	  Index Cond: ((id >= 6905771) AND (id <= 6905871))

table 8 : explain SELECT id, c FROM sbtest8 WHERE id BETWEEN 6905771 AND 6905871
	Index Scan using sbtest8_pkey on sbtest8  (cost=0.43..382.93 rows=96 width=125)
	  Index Cond: ((id >= 6905771) AND (id <= 6905871))

explain: for range-notcovered :: explain SELECT id, c FROM sbtest%d WHERE id BETWEEN 6905771 AND 6905871
explain: for range-notcovered :: explain SELECT id, c FROM sbtest%d WHERE id BETWEEN 4796878 AND 4796978
for range-notcovered
table 1 : explain SELECT id, c FROM sbtest1 WHERE id BETWEEN 4470141 AND 4470241
	Index Scan using sbtest1_pkey on sbtest1  (cost=0.43..427.94 rows=107 width=125)
	  Index Cond: ((id >= 4470141) AND (id <= 4470241))

table 2 : explain SELECT id, c FROM sbtest2 WHERE id BETWEEN 4470141 AND 4470241
	Index Scan using sbtest2_pkey on sbtest2  (cost=0.43..405.05 rows=101 width=125)
	  Index Cond: ((id >= 4470141) AND (id <= 4470241))

table 3 : explain SELECT id, c FROM sbtest3 WHERE id BETWEEN 4470141 AND 4470241
	Index Scan using sbtest3_pkey on sbtest3  (cost=0.43..428.14 rows=107 width=125)
	  Index Cond: ((id >= 4470141) AND (id <= 4470241))

table 4 : explain SELECT id, c FROM sbtest4 WHERE id BETWEEN 4470141 AND 4470241
	Index Scan using sbtest4_pkey on sbtest4  (cost=0.43..363.67 rows=91 width=125)
	  Index Cond: ((id >= 4470141) AND (id <= 4470241))

table 5 : explain SELECT id, c FROM sbtest5 WHERE id BETWEEN 4470141 AND 4470241
	Index Scan using sbtest5_pkey on sbtest5  (cost=0.43..388.35 rows=97 width=125)
	  Index Cond: ((id >= 4470141) AND (id <= 4470241))

table 6 : explain SELECT id, c FROM sbtest6 WHERE id BETWEEN 4470141 AND 4470241
	Index Scan using sbtest6_pkey on sbtest6  (cost=0.43..383.70 rows=96 width=125)
	  Index Cond: ((id >= 4470141) AND (id <= 4470241))

table 7 : explain SELECT id, c FROM sbtest7 WHERE id BETWEEN 4470141 AND 4470241
	Index Scan using sbtest7_pkey on sbtest7  (cost=0.43..399.11 rows=100 width=125)
	  Index Cond: ((id >= 4470141) AND (id <= 4470241))

table 8 : explain SELECT id, c FROM sbtest8 WHERE id BETWEEN 4470141 AND 4470241
	Index Scan using sbtest8_pkey on sbtest8  (cost=0.43..406.60 rows=102 width=125)
	  Index Cond: ((id >= 4470141) AND (id <= 4470241))

explain: for range-notcovered :: explain SELECT id, c FROM sbtest%d WHERE id BETWEEN 4470141 AND 4470241
for range-notcovered
table 1 : explain SELECT id, c FROM sbtest1 WHERE id BETWEEN 6882628 AND 6882728
	Index Scan using sbtest1_pkey on sbtest1  (cost=0.43..384.40 rows=96 width=125)
	  Index Cond: ((id >= 6882628) AND (id <= 6882728))

table 2 : explain SELECT id, c FROM sbtest2 WHERE id BETWEEN 6882628 AND 6882728
	Index Scan using sbtest2_pkey on sbtest2  (cost=0.43..436.79 rows=109 width=125)
	  Index Cond: ((id >= 6882628) AND (id <= 6882728))

table 3 : explain SELECT id, c FROM sbtest3 WHERE id BETWEEN 6882628 AND 6882728
	Index Scan using sbtest3_pkey on sbtest3  (cost=0.43..412.31 rows=103 width=125)
	  Index Cond: ((id >= 6882628) AND (id <= 6882728))

table 4 : explain SELECT id, c FROM sbtest4 WHERE id BETWEEN 6882628 AND 6882728
	Index Scan using sbtest4_pkey on sbtest4  (cost=0.43..407.10 rows=102 width=125)
	  Index Cond: ((id >= 6882628) AND (id <= 6882728))

table 5 : explain SELECT id, c FROM sbtest5 WHERE id BETWEEN 6882628 AND 6882728
	Index Scan using sbtest5_pkey on sbtest5  (cost=0.43..396.26 rows=99 width=125)
	  Index Cond: ((id >= 6882628) AND (id <= 6882728))

table 6 : explain SELECT id, c FROM sbtest6 WHERE id BETWEEN 6882628 AND 6882728
	Index Scan using sbtest6_pkey on sbtest6  (cost=0.43..435.06 rows=109 width=125)
	  Index Cond: ((id >= 6882628) AND (id <= 6882728))

table 7 : explain SELECT id, c FROM sbtest7 WHERE id BETWEEN 6882628 AND 6882728
	Index Scan using sbtest7_pkey on sbtest7  (cost=0.43..430.69 rows=108 width=125)
	  Index Cond: ((id >= 6882628) AND (id <= 6882728))

table 8 : explain SELECT id, c FROM sbtest8 WHERE id BETWEEN 6882628 AND 6882728
	Index Scan using sbtest8_pkey on sbtest8  (cost=0.43..382.93 rows=96 width=125)
	  Index Cond: ((id >= 6882628) AND (id <= 6882728))

explain: for range-notcovered :: explain SELECT id, c FROM sbtest%d WHERE id BETWEEN 6882628 AND 6882728
for range-notcovered
table 1 : explain SELECT id, c FROM sbtest1 WHERE id BETWEEN 5308630 AND 5308730
	Index Scan using sbtest1_pkey on sbtest1  (cost=0.43..380.44 rows=95 width=125)
	  Index Cond: ((id >= 5308630) AND (id <= 5308730))

table 2 : explain SELECT id, c FROM sbtest2 WHERE id BETWEEN 5308630 AND 5308730
	Index Scan using sbtest2_pkey on sbtest2  (cost=0.43..401.08 rows=100 width=125)
	  Index Cond: ((id >= 5308630) AND (id <= 5308730))

table 3 : explain SELECT id, c FROM sbtest3 WHERE id BETWEEN 5308630 AND 5308730
	Index Scan using sbtest3_pkey on sbtest3  (cost=0.43..404.37 rows=101 width=125)
	  Index Cond: ((id >= 5308630) AND (id <= 5308730))

table 4 : explain SELECT id, c FROM sbtest4 WHERE id BETWEEN 5308630 AND 5308730
	Index Scan using sbtest4_pkey on sbtest4  (cost=0.43..351.83 rows=88 width=125)
	  Index Cond: ((id >= 5308630) AND (id <= 5308730))

table 5 : explain SELECT id, c FROM sbtest5 WHERE id BETWEEN 5308630 AND 5308730
	Index Scan using sbtest5_pkey on sbtest5  (cost=0.43..412.10 rows=103 width=125)
	  Index Cond: ((id >= 5308630) AND (id <= 5308730))

table 6 : explain SELECT id, c FROM sbtest6 WHERE id BETWEEN 5308630 AND 5308730
	Index Scan using sbtest6_pkey on sbtest6  (cost=0.43..419.26 rows=105 width=125)
	  Index Cond: ((id >= 5308630) AND (id <= 5308730))

table 7 : explain SELECT id, c FROM sbtest7 WHERE id BETWEEN 5308630 AND 5308730
	Index Scan using sbtest7_pkey on sbtest7  (cost=0.43..375.43 rows=94 width=125)
	  Index Cond: ((id >= 5308630) AND (id <= 5308730))

table 8 : explain SELECT id, c FROM sbtest8 WHERE id BETWEEN 5308630 AND 5308730
	Index Scan using sbtest8_pkey on sbtest8  (cost=0.43..414.49 rows=104 width=125)
	  Index Cond: ((id >= 5308630) AND (id <= 5308730))

explain: for range-notcovered :: explain SELECT id, c FROM sbtest%d WHERE id BETWEEN 5308630 AND 5308730
for range-notcovered
table 1 : explain SELECT id, c FROM sbtest1 WHERE id BETWEEN 6905771 AND 6905871
	Index Scan using sbtest1_pkey on sbtest1  (cost=0.43..384.40 rows=96 width=125)
	  Index Cond: ((id >= 6905771) AND (id <= 6905871))

table 2 : explain SELECT id, c FROM sbtest2 WHERE id BETWEEN 6905771 AND 6905871
	Index Scan using sbtest2_pkey on sbtest2  (cost=0.43..432.82 rows=108 width=125)
	  Index Cond: ((id >= 6905771) AND (id <= 6905871))

table 3 : explain SELECT id, c FROM sbtest3 WHERE id BETWEEN 6905771 AND 6905871
	Index Scan using sbtest3_pkey on sbtest3  (cost=0.43..376.66 rows=94 width=125)
	  Index Cond: ((id >= 6905771) AND (id <= 6905871))

table 4 : explain SELECT id, c FROM sbtest4 WHERE id BETWEEN 6905771 AND 6905871
	Index Scan using sbtest4_pkey on sbtest4  (cost=0.43..407.10 rows=102 width=125)
	  Index Cond: ((id >= 6905771) AND (id <= 6905871))

table 5 : explain SELECT id, c FROM sbtest5 WHERE id BETWEEN 6905771 AND 6905871
	Index Scan using sbtest5_pkey on sbtest5  (cost=0.43..396.26 rows=99 width=125)
	  Index Cond: ((id >= 6905771) AND (id <= 6905871))

table 6 : explain SELECT id, c FROM sbtest6 WHERE id BETWEEN 6905771 AND 6905871
	Index Scan using sbtest6_pkey on sbtest6  (cost=0.43..399.51 rows=100 width=125)
	  Index Cond: ((id >= 6905771) AND (id <= 6905871))

table 7 : explain SELECT id, c FROM sbtest7 WHERE id BETWEEN 6905771 AND 6905871
	Index Scan using sbtest7_pkey on sbtest7  (cost=0.43..430.69 rows=108 width=125)
	  Index Cond: ((id >= 6905771) AND (id <= 6905871))

table 8 : explain SELECT id, c FROM sbtest8 WHERE id BETWEEN 6905771 AND 6905871
	Index Scan using sbtest8_pkey on sbtest8  (cost=0.43..382.93 rows=96 width=125)
	  Index Cond: ((id >= 6905771) AND (id <= 6905871))

explain: for range-notcovered :: explain SELECT id, c FROM sbtest%d WHERE id BETWEEN 6905771 AND 6905871
for range-notcovered
table 1 : explain SELECT id, c FROM sbtest1 WHERE id BETWEEN 4470141 AND 4470241
	Index Scan using sbtest1_pkey on sbtest1  (cost=0.43..427.94 rows=107 width=125)
	  Index Cond: ((id >= 4470141) AND (id <= 4470241))

table 2 : explain SELECT id, c FROM sbtest2 WHERE id BETWEEN 4470141 AND 4470241
	Index Scan using sbtest2_pkey on sbtest2  (cost=0.43..405.05 rows=101 width=125)
	  Index Cond: ((id >= 4470141) AND (id <= 4470241))

table 3 : explain SELECT id, c FROM sbtest3 WHERE id BETWEEN 4470141 AND 4470241
	Index Scan using sbtest3_pkey on sbtest3  (cost=0.43..428.14 rows=107 width=125)
	  Index Cond: ((id >= 4470141) AND (id <= 4470241))

table 4 : explain SELECT id, c FROM sbtest4 WHERE id BETWEEN 4470141 AND 4470241
	Index Scan using sbtest4_pkey on sbtest4  (cost=0.43..363.67 rows=91 width=125)
	  Index Cond: ((id >= 4470141) AND (id <= 4470241))

table 5 : explain SELECT id, c FROM sbtest5 WHERE id BETWEEN 4470141 AND 4470241
	Index Scan using sbtest5_pkey on sbtest5  (cost=0.43..388.35 rows=97 width=125)
	  Index Cond: ((id >= 4470141) AND (id <= 4470241))

table 6 : explain SELECT id, c FROM sbtest6 WHERE id BETWEEN 4470141 AND 4470241
	Index Scan using sbtest6_pkey on sbtest6  (cost=0.43..383.70 rows=96 width=125)
	  Index Cond: ((id >= 4470141) AND (id <= 4470241))

table 7 : explain SELECT id, c FROM sbtest7 WHERE id BETWEEN 4470141 AND 4470241
	Index Scan using sbtest7_pkey on sbtest7  (cost=0.43..399.11 rows=100 width=125)
	  Index Cond: ((id >= 4470141) AND (id <= 4470241))

table 8 : explain SELECT id, c FROM sbtest8 WHERE id BETWEEN 4470141 AND 4470241
	Index Scan using sbtest8_pkey on sbtest8  (cost=0.43..406.60 rows=102 width=125)
	  Index Cond: ((id >= 4470141) AND (id <= 4470241))

for range-notcovered
table 1 : explain SELECT id, c FROM sbtest1 WHERE id BETWEEN 5077182 AND 5077282
	Index Scan using sbtest1_pkey on sbtest1  (cost=0.43..404.18 rows=101 width=125)
	  Index Cond: ((id >= 5077182) AND (id <= 5077282))

table 2 : explain SELECT id, c FROM sbtest2 WHERE id BETWEEN 5077182 AND 5077282
	Index Scan using sbtest2_pkey on sbtest2  (cost=0.43..420.93 rows=105 width=125)
	  Index Cond: ((id >= 5077182) AND (id <= 5077282))

table 3 : explain SELECT id, c FROM sbtest3 WHERE id BETWEEN 5077182 AND 5077282
	Index Scan using sbtest3_pkey on sbtest3  (cost=0.43..388.54 rows=97 width=125)
	  Index Cond: ((id >= 5077182) AND (id <= 5077282))

table 4 : explain SELECT id, c FROM sbtest4 WHERE id BETWEEN 5077182 AND 5077282
	Index Scan using sbtest4_pkey on sbtest4  (cost=0.43..391.30 rows=98 width=125)
	  Index Cond: ((id >= 5077182) AND (id <= 5077282))

table 5 : explain SELECT id, c FROM sbtest5 WHERE id BETWEEN 5077182 AND 5077282
	Index Scan using sbtest5_pkey on sbtest5  (cost=0.43..400.22 rows=100 width=125)
	  Index Cond: ((id >= 5077182) AND (id <= 5077282))

table 6 : explain SELECT id, c FROM sbtest6 WHERE id BETWEEN 5077182 AND 5077282
	Index Scan using sbtest6_pkey on sbtest6  (cost=0.43..395.55 rows=99 width=125)
	  Index Cond: ((id >= 5077182) AND (id <= 5077282))

table 7 : explain SELECT id, c FROM sbtest7 WHERE id BETWEEN 5077182 AND 5077282
	Index Scan using sbtest7_pkey on sbtest7  (cost=0.43..414.91 rows=104 width=125)
	  Index Cond: ((id >= 5077182) AND (id <= 5077282))

table 8 : explain SELECT id, c FROM sbtest8 WHERE id BETWEEN 5077182 AND 5077282
	Index Scan using sbtest8_pkey on sbtest8  (cost=0.43..367.17 rows=92 width=125)
	  Index Cond: ((id >= 5077182) AND (id <= 5077282))

explain: for range-notcovered :: explain SELECT id, c FROM sbtest%d WHERE id BETWEEN 4470141 AND 4470241
for range-notcovered
table 1 : explain SELECT id, c FROM sbtest1 WHERE id BETWEEN 3383940 AND 3384040
	Index Scan using sbtest1_pkey on sbtest1  (cost=0.43..404.18 rows=101 width=125)
	  Index Cond: ((id >= 3383940) AND (id <= 3384040))

table 2 : explain SELECT id, c FROM sbtest2 WHERE id BETWEEN 3383940 AND 3384040
	Index Scan using sbtest2_pkey on sbtest2  (cost=0.43..393.15 rows=98 width=125)
	  Index Cond: ((id >= 3383940) AND (id <= 3384040))

table 3 : explain SELECT id, c FROM sbtest3 WHERE id BETWEEN 3383940 AND 3384040
	Index Scan using sbtest3_pkey on sbtest3  (cost=0.43..392.50 rows=98 width=125)
	  Index Cond: ((id >= 3383940) AND (id <= 3384040))

table 4 : explain SELECT id, c FROM sbtest4 WHERE id BETWEEN 3383940 AND 3384040
	Index Scan using sbtest4_pkey on sbtest4  (cost=0.43..367.62 rows=92 width=125)
	  Index Cond: ((id >= 3383940) AND (id <= 3384040))

table 5 : explain SELECT id, c FROM sbtest5 WHERE id BETWEEN 3383940 AND 3384040
	Index Scan using sbtest5_pkey on sbtest5  (cost=0.43..400.22 rows=100 width=125)
	  Index Cond: ((id >= 3383940) AND (id <= 3384040))

table 6 : explain SELECT id, c FROM sbtest6 WHERE id BETWEEN 3383940 AND 3384040
	Index Scan using sbtest6_pkey on sbtest6  (cost=0.43..427.16 rows=107 width=125)
	  Index Cond: ((id >= 3383940) AND (id <= 3384040))

table 7 : explain SELECT id, c FROM sbtest7 WHERE id BETWEEN 3383940 AND 3384040
	Index Scan using sbtest7_pkey on sbtest7  (cost=0.43..395.16 rows=99 width=125)
	  Index Cond: ((id >= 3383940) AND (id <= 3384040))

table 8 : explain SELECT id, c FROM sbtest8 WHERE id BETWEEN 3383940 AND 3384040
	Index Scan using sbtest8_pkey on sbtest8  (cost=0.43..398.72 rows=100 width=125)
	  Index Cond: ((id >= 3383940) AND (id <= 3384040))

for range-notcovered
table 1 : explain SELECT id, c FROM sbtest1 WHERE id BETWEEN 6882628 AND 6882728
	Index Scan using sbtest1_pkey on sbtest1  (cost=0.43..384.40 rows=96 width=125)
	  Index Cond: ((id >= 6882628) AND (id <= 6882728))

table 2 : explain SELECT id, c FROM sbtest2 WHERE id BETWEEN 6882628 AND 6882728
	Index Scan using sbtest2_pkey on sbtest2  (cost=0.43..436.79 rows=109 width=125)
	  Index Cond: ((id >= 6882628) AND (id <= 6882728))

table 3 : explain SELECT id, c FROM sbtest3 WHERE id BETWEEN 6882628 AND 6882728
	Index Scan using sbtest3_pkey on sbtest3  (cost=0.43..412.31 rows=103 width=125)
	  Index Cond: ((id >= 6882628) AND (id <= 6882728))

table 4 : explain SELECT id, c FROM sbtest4 WHERE id BETWEEN 6882628 AND 6882728
	Index Scan using sbtest4_pkey on sbtest4  (cost=0.43..407.10 rows=102 width=125)
	  Index Cond: ((id >= 6882628) AND (id <= 6882728))

table 5 : explain SELECT id, c FROM sbtest5 WHERE id BETWEEN 6882628 AND 6882728
	Index Scan using sbtest5_pkey on sbtest5  (cost=0.43..396.26 rows=99 width=125)
	  Index Cond: ((id >= 6882628) AND (id <= 6882728))

table 6 : explain SELECT id, c FROM sbtest6 WHERE id BETWEEN 6882628 AND 6882728
	Index Scan using sbtest6_pkey on sbtest6  (cost=0.43..435.06 rows=109 width=125)
	  Index Cond: ((id >= 6882628) AND (id <= 6882728))

table 7 : explain SELECT id, c FROM sbtest7 WHERE id BETWEEN 6882628 AND 6882728
	Index Scan using sbtest7_pkey on sbtest7  (cost=0.43..430.69 rows=108 width=125)
	  Index Cond: ((id >= 6882628) AND (id <= 6882728))

table 8 : explain SELECT id, c FROM sbtest8 WHERE id BETWEEN 6882628 AND 6882728
	Index Scan using sbtest8_pkey on sbtest8  (cost=0.43..382.93 rows=96 width=125)
	  Index Cond: ((id >= 6882628) AND (id <= 6882728))

explain: for range-notcovered :: explain SELECT id, c FROM sbtest%d WHERE id BETWEEN 5077182 AND 5077282
for range-notcovered
table 1 : explain SELECT id, c FROM sbtest1 WHERE id BETWEEN 2444138 AND 2444238
	Index Scan using sbtest1_pkey on sbtest1  (cost=0.43..423.98 rows=106 width=125)
	  Index Cond: ((id >= 2444138) AND (id <= 2444238))

table 2 : explain SELECT id, c FROM sbtest2 WHERE id BETWEEN 2444138 AND 2444238
	Index Scan using sbtest2_pkey on sbtest2  (cost=0.43..420.93 rows=105 width=125)
	  Index Cond: ((id >= 2444138) AND (id <= 2444238))

table 3 : explain SELECT id, c FROM sbtest3 WHERE id BETWEEN 2444138 AND 2444238
	Index Scan using sbtest3_pkey on sbtest3  (cost=0.43..360.82 rows=90 width=125)
	  Index Cond: ((id >= 2444138) AND (id <= 2444238))

table 4 : explain SELECT id, c FROM sbtest4 WHERE id BETWEEN 2444138 AND 2444238
	Index Scan using sbtest4_pkey on sbtest4  (cost=0.43..430.78 rows=108 width=125)
	  Index Cond: ((id >= 2444138) AND (id <= 2444238))

table 5 : explain SELECT id, c FROM sbtest5 WHERE id BETWEEN 2444138 AND 2444238
	Index Scan using sbtest5_pkey on sbtest5  (cost=0.43..439.80 rows=110 width=125)
	  Index Cond: ((id >= 2444138) AND (id <= 2444238))

table 6 : explain SELECT id, c FROM sbtest6 WHERE id BETWEEN 2444138 AND 2444238
	Index Scan using sbtest6_pkey on sbtest6  (cost=0.43..435.06 rows=109 width=125)
	  Index Cond: ((id >= 2444138) AND (id <= 2444238))

table 7 : explain SELECT id, c FROM sbtest7 WHERE id BETWEEN 2444138 AND 2444238
	Index Scan using sbtest7_pkey on sbtest7  (cost=0.43..418.85 rows=105 width=125)
	  Index Cond: ((id >= 2444138) AND (id <= 2444238))

table 8 : explain SELECT id, c FROM sbtest8 WHERE id BETWEEN 2444138 AND 2444238
	Index Scan using sbtest8_pkey on sbtest8  (cost=0.43..367.17 rows=92 width=125)
	  Index Cond: ((id >= 2444138) AND (id <= 2444238))

explain: for range-notcovered :: explain SELECT id, c FROM sbtest%d WHERE id BETWEEN 6882628 AND 6882728
explain: for range-notcovered :: explain SELECT id, c FROM sbtest%d WHERE id BETWEEN 3383940 AND 3384040
explain: for range-notcovered :: explain SELECT id, c FROM sbtest%d WHERE id BETWEEN 2444138 AND 2444238
for range-notcovered
table 1 : explain SELECT id, c FROM sbtest1 WHERE id BETWEEN 5308630 AND 5308730
	Index Scan using sbtest1_pkey on sbtest1  (cost=0.43..380.44 rows=95 width=125)
	  Index Cond: ((id >= 5308630) AND (id <= 5308730))

table 2 : explain SELECT id, c FROM sbtest2 WHERE id BETWEEN 5308630 AND 5308730
	Index Scan using sbtest2_pkey on sbtest2  (cost=0.43..401.08 rows=100 width=125)
	  Index Cond: ((id >= 5308630) AND (id <= 5308730))

table 3 : explain SELECT id, c FROM sbtest3 WHERE id BETWEEN 5308630 AND 5308730
	Index Scan using sbtest3_pkey on sbtest3  (cost=0.43..404.37 rows=101 width=125)
	  Index Cond: ((id >= 5308630) AND (id <= 5308730))

table 4 : explain SELECT id, c FROM sbtest4 WHERE id BETWEEN 5308630 AND 5308730
	Index Scan using sbtest4_pkey on sbtest4  (cost=0.43..351.83 rows=88 width=125)
	  Index Cond: ((id >= 5308630) AND (id <= 5308730))

table 5 : explain SELECT id, c FROM sbtest5 WHERE id BETWEEN 5308630 AND 5308730
	Index Scan using sbtest5_pkey on sbtest5  (cost=0.43..412.10 rows=103 width=125)
	  Index Cond: ((id >= 5308630) AND (id <= 5308730))

table 6 : explain SELECT id, c FROM sbtest6 WHERE id BETWEEN 5308630 AND 5308730
	Index Scan using sbtest6_pkey on sbtest6  (cost=0.43..419.26 rows=105 width=125)
	  Index Cond: ((id >= 5308630) AND (id <= 5308730))

table 7 : explain SELECT id, c FROM sbtest7 WHERE id BETWEEN 5308630 AND 5308730
	Index Scan using sbtest7_pkey on sbtest7  (cost=0.43..375.43 rows=94 width=125)
	  Index Cond: ((id >= 5308630) AND (id <= 5308730))

table 8 : explain SELECT id, c FROM sbtest8 WHERE id BETWEEN 5308630 AND 5308730
	Index Scan using sbtest8_pkey on sbtest8  (cost=0.43..414.49 rows=104 width=125)
	  Index Cond: ((id >= 5308630) AND (id <= 5308730))

explain: for range-notcovered :: explain SELECT id, c FROM sbtest%d WHERE id BETWEEN 5308630 AND 5308730
for range-notcovered
table 1 : explain SELECT id, c FROM sbtest1 WHERE id BETWEEN 6905771 AND 6905871
	Index Scan using sbtest1_pkey on sbtest1  (cost=0.43..384.40 rows=96 width=125)
	  Index Cond: ((id >= 6905771) AND (id <= 6905871))

table 2 : explain SELECT id, c FROM sbtest2 WHERE id BETWEEN 6905771 AND 6905871
	Index Scan using sbtest2_pkey on sbtest2  (cost=0.43..432.82 rows=108 width=125)
	  Index Cond: ((id >= 6905771) AND (id <= 6905871))

table 3 : explain SELECT id, c FROM sbtest3 WHERE id BETWEEN 6905771 AND 6905871
	Index Scan using sbtest3_pkey on sbtest3  (cost=0.43..376.66 rows=94 width=125)
	  Index Cond: ((id >= 6905771) AND (id <= 6905871))

table 4 : explain SELECT id, c FROM sbtest4 WHERE id BETWEEN 6905771 AND 6905871
	Index Scan using sbtest4_pkey on sbtest4  (cost=0.43..407.10 rows=102 width=125)
	  Index Cond: ((id >= 6905771) AND (id <= 6905871))

table 5 : explain SELECT id, c FROM sbtest5 WHERE id BETWEEN 6905771 AND 6905871
	Index Scan using sbtest5_pkey on sbtest5  (cost=0.43..396.26 rows=99 width=125)
	  Index Cond: ((id >= 6905771) AND (id <= 6905871))

table 6 : explain SELECT id, c FROM sbtest6 WHERE id BETWEEN 6905771 AND 6905871
	Index Scan using sbtest6_pkey on sbtest6  (cost=0.43..399.51 rows=100 width=125)
	  Index Cond: ((id >= 6905771) AND (id <= 6905871))

table 7 : explain SELECT id, c FROM sbtest7 WHERE id BETWEEN 6905771 AND 6905871
	Index Scan using sbtest7_pkey on sbtest7  (cost=0.43..430.69 rows=108 width=125)
	  Index Cond: ((id >= 6905771) AND (id <= 6905871))

table 8 : explain SELECT id, c FROM sbtest8 WHERE id BETWEEN 6905771 AND 6905871
	Index Scan using sbtest8_pkey on sbtest8  (cost=0.43..382.93 rows=96 width=125)
	  Index Cond: ((id >= 6905771) AND (id <= 6905871))

for range-notcovered
table 1 : explain SELECT id, c FROM sbtest1 WHERE id BETWEEN 4796878 AND 4796978
	Index Scan using sbtest1_pkey on sbtest1  (cost=0.43..427.94 rows=107 width=125)
	  Index Cond: ((id >= 4796878) AND (id <= 4796978))

table 2 : explain SELECT id, c FROM sbtest2 WHERE id BETWEEN 4796878 AND 4796978
	Index Scan using sbtest2_pkey on sbtest2  (cost=0.43..432.82 rows=108 width=125)
	  Index Cond: ((id >= 4796878) AND (id <= 4796978))

table 3 : explain SELECT id, c FROM sbtest3 WHERE id BETWEEN 4796878 AND 4796978
	Index Scan using sbtest3_pkey on sbtest3  (cost=0.43..416.26 rows=104 width=125)
	  Index Cond: ((id >= 4796878) AND (id <= 4796978))

table 4 : explain SELECT id, c FROM sbtest4 WHERE id BETWEEN 4796878 AND 4796978
	Index Scan using sbtest4_pkey on sbtest4  (cost=0.43..414.99 rows=104 width=125)
	  Index Cond: ((id >= 4796878) AND (id <= 4796978))

table 5 : explain SELECT id, c FROM sbtest5 WHERE id BETWEEN 4796878 AND 4796978
	Index Scan using sbtest5_pkey on sbtest5  (cost=0.43..368.56 rows=92 width=125)
	  Index Cond: ((id >= 4796878) AND (id <= 4796978))

table 6 : explain SELECT id, c FROM sbtest6 WHERE id BETWEEN 4796878 AND 4796978
	Index Scan using sbtest6_pkey on sbtest6  (cost=0.43..371.85 rows=93 width=125)
	  Index Cond: ((id >= 4796878) AND (id <= 4796978))

table 7 : explain SELECT id, c FROM sbtest7 WHERE id BETWEEN 4796878 AND 4796978
	Index Scan using sbtest7_pkey on sbtest7  (cost=0.43..403.07 rows=101 width=125)
	  Index Cond: ((id >= 4796878) AND (id <= 4796978))

table 8 : explain SELECT id, c FROM sbtest8 WHERE id BETWEEN 4796878 AND 4796978
	Index Scan using sbtest8_pkey on sbtest8  (cost=0.43..398.72 rows=100 width=125)
	  Index Cond: ((id >= 4796878) AND (id <= 4796978))

for range-notcovered
table 1 : explain SELECT id, c FROM sbtest1 WHERE id BETWEEN 4470141 AND 4470241
	Index Scan using sbtest1_pkey on sbtest1  (cost=0.43..427.94 rows=107 width=125)
	  Index Cond: ((id >= 4470141) AND (id <= 4470241))

table 2 : explain SELECT id, c FROM sbtest2 WHERE id BETWEEN 4470141 AND 4470241
	Index Scan using sbtest2_pkey on sbtest2  (cost=0.43..405.05 rows=101 width=125)
	  Index Cond: ((id >= 4470141) AND (id <= 4470241))

table 3 : explain SELECT id, c FROM sbtest3 WHERE id BETWEEN 4470141 AND 4470241
	Index Scan using sbtest3_pkey on sbtest3  (cost=0.43..428.14 rows=107 width=125)
	  Index Cond: ((id >= 4470141) AND (id <= 4470241))

table 4 : explain SELECT id, c FROM sbtest4 WHERE id BETWEEN 4470141 AND 4470241
	Index Scan using sbtest4_pkey on sbtest4  (cost=0.43..363.67 rows=91 width=125)
	  Index Cond: ((id >= 4470141) AND (id <= 4470241))

table 5 : explain SELECT id, c FROM sbtest5 WHERE id BETWEEN 4470141 AND 4470241
	Index Scan using sbtest5_pkey on sbtest5  (cost=0.43..388.35 rows=97 width=125)
	  Index Cond: ((id >= 4470141) AND (id <= 4470241))

table 6 : explain SELECT id, c FROM sbtest6 WHERE id BETWEEN 4470141 AND 4470241
	Index Scan using sbtest6_pkey on sbtest6  (cost=0.43..383.70 rows=96 width=125)
	  Index Cond: ((id >= 4470141) AND (id <= 4470241))

table 7 : explain SELECT id, c FROM sbtest7 WHERE id BETWEEN 4470141 AND 4470241
	Index Scan using sbtest7_pkey on sbtest7  (cost=0.43..399.11 rows=100 width=125)
	  Index Cond: ((id >= 4470141) AND (id <= 4470241))

table 8 : explain SELECT id, c FROM sbtest8 WHERE id BETWEEN 4470141 AND 4470241
	Index Scan using sbtest8_pkey on sbtest8  (cost=0.43..406.60 rows=102 width=125)
	  Index Cond: ((id >= 4470141) AND (id <= 4470241))

explain: for range-notcovered :: explain SELECT id, c FROM sbtest%d WHERE id BETWEEN 4796878 AND 4796978
explain: for range-notcovered :: explain SELECT id, c FROM sbtest%d WHERE id BETWEEN 4470141 AND 4470241
for range-notcovered
table 1 : explain SELECT id, c FROM sbtest1 WHERE id BETWEEN 6882628 AND 6882728
	Index Scan using sbtest1_pkey on sbtest1  (cost=0.43..384.40 rows=96 width=125)
	  Index Cond: ((id >= 6882628) AND (id <= 6882728))

table 2 : explain SELECT id, c FROM sbtest2 WHERE id BETWEEN 6882628 AND 6882728
	Index Scan using sbtest2_pkey on sbtest2  (cost=0.43..436.79 rows=109 width=125)
	  Index Cond: ((id >= 6882628) AND (id <= 6882728))

table 3 : explain SELECT id, c FROM sbtest3 WHERE id BETWEEN 6882628 AND 6882728
	Index Scan using sbtest3_pkey on sbtest3  (cost=0.43..412.31 rows=103 width=125)
	  Index Cond: ((id >= 6882628) AND (id <= 6882728))

table 4 : explain SELECT id, c FROM sbtest4 WHERE id BETWEEN 6882628 AND 6882728
	Index Scan using sbtest4_pkey on sbtest4  (cost=0.43..407.10 rows=102 width=125)
	  Index Cond: ((id >= 6882628) AND (id <= 6882728))

table 5 : explain SELECT id, c FROM sbtest5 WHERE id BETWEEN 6882628 AND 6882728
	Index Scan using sbtest5_pkey on sbtest5  (cost=0.43..396.26 rows=99 width=125)
	  Index Cond: ((id >= 6882628) AND (id <= 6882728))

table 6 : explain SELECT id, c FROM sbtest6 WHERE id BETWEEN 6882628 AND 6882728
	Index Scan using sbtest6_pkey on sbtest6  (cost=0.43..435.06 rows=109 width=125)
	  Index Cond: ((id >= 6882628) AND (id <= 6882728))

table 7 : explain SELECT id, c FROM sbtest7 WHERE id BETWEEN 6882628 AND 6882728
	Index Scan using sbtest7_pkey on sbtest7  (cost=0.43..430.69 rows=108 width=125)
	  Index Cond: ((id >= 6882628) AND (id <= 6882728))

table 8 : explain SELECT id, c FROM sbtest8 WHERE id BETWEEN 6882628 AND 6882728
	Index Scan using sbtest8_pkey on sbtest8  (cost=0.43..382.93 rows=96 width=125)
	  Index Cond: ((id >= 6882628) AND (id <= 6882728))

for range-notcovered
table 1 : explain SELECT id, c FROM sbtest1 WHERE id BETWEEN 3383940 AND 3384040
	Index Scan using sbtest1_pkey on sbtest1  (cost=0.43..404.18 rows=101 width=125)
	  Index Cond: ((id >= 3383940) AND (id <= 3384040))

table 2 : explain SELECT id, c FROM sbtest2 WHERE id BETWEEN 3383940 AND 3384040
	Index Scan using sbtest2_pkey on sbtest2  (cost=0.43..393.15 rows=98 width=125)
	  Index Cond: ((id >= 3383940) AND (id <= 3384040))

table 3 : explain SELECT id, c FROM sbtest3 WHERE id BETWEEN 3383940 AND 3384040
	Index Scan using sbtest3_pkey on sbtest3  (cost=0.43..392.50 rows=98 width=125)
	  Index Cond: ((id >= 3383940) AND (id <= 3384040))

table 4 : explain SELECT id, c FROM sbtest4 WHERE id BETWEEN 3383940 AND 3384040
	Index Scan using sbtest4_pkey on sbtest4  (cost=0.43..367.62 rows=92 width=125)
	  Index Cond: ((id >= 3383940) AND (id <= 3384040))

table 5 : explain SELECT id, c FROM sbtest5 WHERE id BETWEEN 3383940 AND 3384040
	Index Scan using sbtest5_pkey on sbtest5  (cost=0.43..400.22 rows=100 width=125)
	  Index Cond: ((id >= 3383940) AND (id <= 3384040))

table 6 : explain SELECT id, c FROM sbtest6 WHERE id BETWEEN 3383940 AND 3384040
	Index Scan using sbtest6_pkey on sbtest6  (cost=0.43..427.16 rows=107 width=125)
	  Index Cond: ((id >= 3383940) AND (id <= 3384040))

table 7 : explain SELECT id, c FROM sbtest7 WHERE id BETWEEN 3383940 AND 3384040
	Index Scan using sbtest7_pkey on sbtest7  (cost=0.43..395.16 rows=99 width=125)
	  Index Cond: ((id >= 3383940) AND (id <= 3384040))

table 8 : explain SELECT id, c FROM sbtest8 WHERE id BETWEEN 3383940 AND 3384040
	Index Scan using sbtest8_pkey on sbtest8  (cost=0.43..398.72 rows=100 width=125)
	  Index Cond: ((id >= 3383940) AND (id <= 3384040))

explain: for range-notcovered :: explain SELECT id, c FROM sbtest%d WHERE id BETWEEN 6882628 AND 6882728
for range-notcovered
table 1 : explain SELECT id, c FROM sbtest1 WHERE id BETWEEN 2444138 AND 2444238
	Index Scan using sbtest1_pkey on sbtest1  (cost=0.43..423.98 rows=106 width=125)
	  Index Cond: ((id >= 2444138) AND (id <= 2444238))

table 2 : explain SELECT id, c FROM sbtest2 WHERE id BETWEEN 2444138 AND 2444238
	Index Scan using sbtest2_pkey on sbtest2  (cost=0.43..420.93 rows=105 width=125)
	  Index Cond: ((id >= 2444138) AND (id <= 2444238))

table 3 : explain SELECT id, c FROM sbtest3 WHERE id BETWEEN 2444138 AND 2444238
	Index Scan using sbtest3_pkey on sbtest3  (cost=0.43..360.82 rows=90 width=125)
	  Index Cond: ((id >= 2444138) AND (id <= 2444238))

table 4 : explain SELECT id, c FROM sbtest4 WHERE id BETWEEN 2444138 AND 2444238
	Index Scan using sbtest4_pkey on sbtest4  (cost=0.43..430.78 rows=108 width=125)
	  Index Cond: ((id >= 2444138) AND (id <= 2444238))

table 5 : explain SELECT id, c FROM sbtest5 WHERE id BETWEEN 2444138 AND 2444238
	Index Scan using sbtest5_pkey on sbtest5  (cost=0.43..439.80 rows=110 width=125)
	  Index Cond: ((id >= 2444138) AND (id <= 2444238))

table 6 : explain SELECT id, c FROM sbtest6 WHERE id BETWEEN 2444138 AND 2444238
	Index Scan using sbtest6_pkey on sbtest6  (cost=0.43..435.06 rows=109 width=125)
	  Index Cond: ((id >= 2444138) AND (id <= 2444238))

table 7 : explain SELECT id, c FROM sbtest7 WHERE id BETWEEN 2444138 AND 2444238
	Index Scan using sbtest7_pkey on sbtest7  (cost=0.43..418.85 rows=105 width=125)
	  Index Cond: ((id >= 2444138) AND (id <= 2444238))

table 8 : explain SELECT id, c FROM sbtest8 WHERE id BETWEEN 2444138 AND 2444238
	Index Scan using sbtest8_pkey on sbtest8  (cost=0.43..367.17 rows=92 width=125)
	  Index Cond: ((id >= 2444138) AND (id <= 2444238))

explain: for range-notcovered :: explain SELECT id, c FROM sbtest%d WHERE id BETWEEN 3383940 AND 3384040
explain: for range-notcovered :: explain SELECT id, c FROM sbtest%d WHERE id BETWEEN 2444138 AND 2444238
for range-notcovered
table 1 : explain SELECT id, c FROM sbtest1 WHERE id BETWEEN 5308630 AND 5308730
	Index Scan using sbtest1_pkey on sbtest1  (cost=0.43..380.44 rows=95 width=125)
	  Index Cond: ((id >= 5308630) AND (id <= 5308730))

table 2 : explain SELECT id, c FROM sbtest2 WHERE id BETWEEN 5308630 AND 5308730
	Index Scan using sbtest2_pkey on sbtest2  (cost=0.43..401.08 rows=100 width=125)
	  Index Cond: ((id >= 5308630) AND (id <= 5308730))

table 3 : explain SELECT id, c FROM sbtest3 WHERE id BETWEEN 5308630 AND 5308730
	Index Scan using sbtest3_pkey on sbtest3  (cost=0.43..404.37 rows=101 width=125)
	  Index Cond: ((id >= 5308630) AND (id <= 5308730))

table 4 : explain SELECT id, c FROM sbtest4 WHERE id BETWEEN 5308630 AND 5308730
	Index Scan using sbtest4_pkey on sbtest4  (cost=0.43..351.83 rows=88 width=125)
	  Index Cond: ((id >= 5308630) AND (id <= 5308730))

table 5 : explain SELECT id, c FROM sbtest5 WHERE id BETWEEN 5308630 AND 5308730
	Index Scan using sbtest5_pkey on sbtest5  (cost=0.43..412.10 rows=103 width=125)
	  Index Cond: ((id >= 5308630) AND (id <= 5308730))

table 6 : explain SELECT id, c FROM sbtest6 WHERE id BETWEEN 5308630 AND 5308730
	Index Scan using sbtest6_pkey on sbtest6  (cost=0.43..419.26 rows=105 width=125)
	  Index Cond: ((id >= 5308630) AND (id <= 5308730))

table 7 : explain SELECT id, c FROM sbtest7 WHERE id BETWEEN 5308630 AND 5308730
	Index Scan using sbtest7_pkey on sbtest7  (cost=0.43..375.43 rows=94 width=125)
	  Index Cond: ((id >= 5308630) AND (id <= 5308730))

table 8 : explain SELECT id, c FROM sbtest8 WHERE id BETWEEN 5308630 AND 5308730
	Index Scan using sbtest8_pkey on sbtest8  (cost=0.43..414.49 rows=104 width=125)
	  Index Cond: ((id >= 5308630) AND (id <= 5308730))

explain: for range-notcovered :: explain SELECT id, c FROM sbtest%d WHERE id BETWEEN 5308630 AND 5308730
for range-notcovered
table 1 : explain SELECT id, c FROM sbtest1 WHERE id BETWEEN 4470141 AND 4470241
	Index Scan using sbtest1_pkey on sbtest1  (cost=0.43..427.94 rows=107 width=125)
	  Index Cond: ((id >= 4470141) AND (id <= 4470241))

table 2 : explain SELECT id, c FROM sbtest2 WHERE id BETWEEN 4470141 AND 4470241
	Index Scan using sbtest2_pkey on sbtest2  (cost=0.43..405.05 rows=101 width=125)
	  Index Cond: ((id >= 4470141) AND (id <= 4470241))

table 3 : explain SELECT id, c FROM sbtest3 WHERE id BETWEEN 4470141 AND 4470241
	Index Scan using sbtest3_pkey on sbtest3  (cost=0.43..428.14 rows=107 width=125)
	  Index Cond: ((id >= 4470141) AND (id <= 4470241))

table 4 : explain SELECT id, c FROM sbtest4 WHERE id BETWEEN 4470141 AND 4470241
	Index Scan using sbtest4_pkey on sbtest4  (cost=0.43..363.67 rows=91 width=125)
	  Index Cond: ((id >= 4470141) AND (id <= 4470241))

table 5 : explain SELECT id, c FROM sbtest5 WHERE id BETWEEN 4470141 AND 4470241
	Index Scan using sbtest5_pkey on sbtest5  (cost=0.43..388.35 rows=97 width=125)
	  Index Cond: ((id >= 4470141) AND (id <= 4470241))

table 6 : explain SELECT id, c FROM sbtest6 WHERE id BETWEEN 4470141 AND 4470241
	Index Scan using sbtest6_pkey on sbtest6  (cost=0.43..383.70 rows=96 width=125)
	  Index Cond: ((id >= 4470141) AND (id <= 4470241))

table 7 : explain SELECT id, c FROM sbtest7 WHERE id BETWEEN 4470141 AND 4470241
	Index Scan using sbtest7_pkey on sbtest7  (cost=0.43..399.11 rows=100 width=125)
	  Index Cond: ((id >= 4470141) AND (id <= 4470241))

table 8 : explain SELECT id, c FROM sbtest8 WHERE id BETWEEN 4470141 AND 4470241
	Index Scan using sbtest8_pkey on sbtest8  (cost=0.43..406.60 rows=102 width=125)
	  Index Cond: ((id >= 4470141) AND (id <= 4470241))

explain: for range-notcovered :: explain SELECT id, c FROM sbtest%d WHERE id BETWEEN 4470141 AND 4470241
for range-notcovered
table 1 : explain SELECT id, c FROM sbtest1 WHERE id BETWEEN 6882628 AND 6882728
	Index Scan using sbtest1_pkey on sbtest1  (cost=0.43..384.40 rows=96 width=125)
	  Index Cond: ((id >= 6882628) AND (id <= 6882728))

table 2 : explain SELECT id, c FROM sbtest2 WHERE id BETWEEN 6882628 AND 6882728
	Index Scan using sbtest2_pkey on sbtest2  (cost=0.43..436.79 rows=109 width=125)
	  Index Cond: ((id >= 6882628) AND (id <= 6882728))

table 3 : explain SELECT id, c FROM sbtest3 WHERE id BETWEEN 6882628 AND 6882728
	Index Scan using sbtest3_pkey on sbtest3  (cost=0.43..412.31 rows=103 width=125)
	  Index Cond: ((id >= 6882628) AND (id <= 6882728))

table 4 : explain SELECT id, c FROM sbtest4 WHERE id BETWEEN 6882628 AND 6882728
	Index Scan using sbtest4_pkey on sbtest4  (cost=0.43..407.10 rows=102 width=125)
	  Index Cond: ((id >= 6882628) AND (id <= 6882728))

table 5 : explain SELECT id, c FROM sbtest5 WHERE id BETWEEN 6882628 AND 6882728
	Index Scan using sbtest5_pkey on sbtest5  (cost=0.43..396.26 rows=99 width=125)
	  Index Cond: ((id >= 6882628) AND (id <= 6882728))

table 6 : explain SELECT id, c FROM sbtest6 WHERE id BETWEEN 6882628 AND 6882728
	Index Scan using sbtest6_pkey on sbtest6  (cost=0.43..435.06 rows=109 width=125)
	  Index Cond: ((id >= 6882628) AND (id <= 6882728))

table 7 : explain SELECT id, c FROM sbtest7 WHERE id BETWEEN 6882628 AND 6882728
	Index Scan using sbtest7_pkey on sbtest7  (cost=0.43..430.69 rows=108 width=125)
	  Index Cond: ((id >= 6882628) AND (id <= 6882728))

table 8 : explain SELECT id, c FROM sbtest8 WHERE id BETWEEN 6882628 AND 6882728
	Index Scan using sbtest8_pkey on sbtest8  (cost=0.43..382.93 rows=96 width=125)
	  Index Cond: ((id >= 6882628) AND (id <= 6882728))

explain: for range-notcovered :: explain SELECT id, c FROM sbtest%d WHERE id BETWEEN 6882628 AND 6882728
explain: for range-notcovered :: explain SELECT id, c FROM sbtest%d WHERE id BETWEEN 766949 AND 767049
for range-notcovered
table 1 : explain SELECT id, c FROM sbtest1 WHERE id BETWEEN 3383940 AND 3384040
	Index Scan using sbtest1_pkey on sbtest1  (cost=0.43..404.18 rows=101 width=125)
	  Index Cond: ((id >= 3383940) AND (id <= 3384040))

table 2 : explain SELECT id, c FROM sbtest2 WHERE id BETWEEN 3383940 AND 3384040
	Index Scan using sbtest2_pkey on sbtest2  (cost=0.43..393.15 rows=98 width=125)
	  Index Cond: ((id >= 3383940) AND (id <= 3384040))

table 3 : explain SELECT id, c FROM sbtest3 WHERE id BETWEEN 3383940 AND 3384040
	Index Scan using sbtest3_pkey on sbtest3  (cost=0.43..392.50 rows=98 width=125)
	  Index Cond: ((id >= 3383940) AND (id <= 3384040))

table 4 : explain SELECT id, c FROM sbtest4 WHERE id BETWEEN 3383940 AND 3384040
	Index Scan using sbtest4_pkey on sbtest4  (cost=0.43..367.62 rows=92 width=125)
	  Index Cond: ((id >= 3383940) AND (id <= 3384040))

table 5 : explain SELECT id, c FROM sbtest5 WHERE id BETWEEN 3383940 AND 3384040
	Index Scan using sbtest5_pkey on sbtest5  (cost=0.43..400.22 rows=100 width=125)
	  Index Cond: ((id >= 3383940) AND (id <= 3384040))

table 6 : explain SELECT id, c FROM sbtest6 WHERE id BETWEEN 3383940 AND 3384040
	Index Scan using sbtest6_pkey on sbtest6  (cost=0.43..427.16 rows=107 width=125)
	  Index Cond: ((id >= 3383940) AND (id <= 3384040))

table 7 : explain SELECT id, c FROM sbtest7 WHERE id BETWEEN 3383940 AND 3384040
	Index Scan using sbtest7_pkey on sbtest7  (cost=0.43..395.16 rows=99 width=125)
	  Index Cond: ((id >= 3383940) AND (id <= 3384040))

table 8 : explain SELECT id, c FROM sbtest8 WHERE id BETWEEN 3383940 AND 3384040
	Index Scan using sbtest8_pkey on sbtest8  (cost=0.43..398.72 rows=100 width=125)
	  Index Cond: ((id >= 3383940) AND (id <= 3384040))

for range-notcovered
table 1 : explain SELECT id, c FROM sbtest1 WHERE id BETWEEN 2444138 AND 2444238
	Index Scan using sbtest1_pkey on sbtest1  (cost=0.43..423.98 rows=106 width=125)
	  Index Cond: ((id >= 2444138) AND (id <= 2444238))

table 2 : explain SELECT id, c FROM sbtest2 WHERE id BETWEEN 2444138 AND 2444238
	Index Scan using sbtest2_pkey on sbtest2  (cost=0.43..420.93 rows=105 width=125)
	  Index Cond: ((id >= 2444138) AND (id <= 2444238))

table 3 : explain SELECT id, c FROM sbtest3 WHERE id BETWEEN 2444138 AND 2444238
	Index Scan using sbtest3_pkey on sbtest3  (cost=0.43..360.82 rows=90 width=125)
	  Index Cond: ((id >= 2444138) AND (id <= 2444238))

table 4 : explain SELECT id, c FROM sbtest4 WHERE id BETWEEN 2444138 AND 2444238
	Index Scan using sbtest4_pkey on sbtest4  (cost=0.43..430.78 rows=108 width=125)
	  Index Cond: ((id >= 2444138) AND (id <= 2444238))

table 5 : explain SELECT id, c FROM sbtest5 WHERE id BETWEEN 2444138 AND 2444238
	Index Scan using sbtest5_pkey on sbtest5  (cost=0.43..439.80 rows=110 width=125)
	  Index Cond: ((id >= 2444138) AND (id <= 2444238))

table 6 : explain SELECT id, c FROM sbtest6 WHERE id BETWEEN 2444138 AND 2444238
	Index Scan using sbtest6_pkey on sbtest6  (cost=0.43..435.06 rows=109 width=125)
	  Index Cond: ((id >= 2444138) AND (id <= 2444238))

table 7 : explain SELECT id, c FROM sbtest7 WHERE id BETWEEN 2444138 AND 2444238
	Index Scan using sbtest7_pkey on sbtest7  (cost=0.43..418.85 rows=105 width=125)
	  Index Cond: ((id >= 2444138) AND (id <= 2444238))

table 8 : explain SELECT id, c FROM sbtest8 WHERE id BETWEEN 2444138 AND 2444238
	Index Scan using sbtest8_pkey on sbtest8  (cost=0.43..367.17 rows=92 width=125)
	  Index Cond: ((id >= 2444138) AND (id <= 2444238))

explain: for range-notcovered :: explain SELECT id, c FROM sbtest%d WHERE id BETWEEN 3383940 AND 3384040
explain: for range-notcovered :: explain SELECT id, c FROM sbtest%d WHERE id BETWEEN 2444138 AND 2444238
for range-notcovered
table 1 : explain SELECT id, c FROM sbtest1 WHERE id BETWEEN 5077182 AND 5077282
	Index Scan using sbtest1_pkey on sbtest1  (cost=0.43..404.18 rows=101 width=125)
	  Index Cond: ((id >= 5077182) AND (id <= 5077282))

table 2 : explain SELECT id, c FROM sbtest2 WHERE id BETWEEN 5077182 AND 5077282
	Index Scan using sbtest2_pkey on sbtest2  (cost=0.43..420.93 rows=105 width=125)
	  Index Cond: ((id >= 5077182) AND (id <= 5077282))

table 3 : explain SELECT id, c FROM sbtest3 WHERE id BETWEEN 5077182 AND 5077282
	Index Scan using sbtest3_pkey on sbtest3  (cost=0.43..388.54 rows=97 width=125)
	  Index Cond: ((id >= 5077182) AND (id <= 5077282))

table 4 : explain SELECT id, c FROM sbtest4 WHERE id BETWEEN 5077182 AND 5077282
	Index Scan using sbtest4_pkey on sbtest4  (cost=0.43..391.30 rows=98 width=125)
	  Index Cond: ((id >= 5077182) AND (id <= 5077282))

table 5 : explain SELECT id, c FROM sbtest5 WHERE id BETWEEN 5077182 AND 5077282
	Index Scan using sbtest5_pkey on sbtest5  (cost=0.43..400.22 rows=100 width=125)
	  Index Cond: ((id >= 5077182) AND (id <= 5077282))

table 6 : explain SELECT id, c FROM sbtest6 WHERE id BETWEEN 5077182 AND 5077282
	Index Scan using sbtest6_pkey on sbtest6  (cost=0.43..395.55 rows=99 width=125)
	  Index Cond: ((id >= 5077182) AND (id <= 5077282))

table 7 : explain SELECT id, c FROM sbtest7 WHERE id BETWEEN 5077182 AND 5077282
	Index Scan using sbtest7_pkey on sbtest7  (cost=0.43..414.91 rows=104 width=125)
	  Index Cond: ((id >= 5077182) AND (id <= 5077282))

table 8 : explain SELECT id, c FROM sbtest8 WHERE id BETWEEN 5077182 AND 5077282
	Index Scan using sbtest8_pkey on sbtest8  (cost=0.43..367.17 rows=92 width=125)
	  Index Cond: ((id >= 5077182) AND (id <= 5077282))

for range-notcovered
table 1 : explain SELECT id, c FROM sbtest1 WHERE id BETWEEN 5308630 AND 5308730
	Index Scan using sbtest1_pkey on sbtest1  (cost=0.43..380.44 rows=95 width=125)
	  Index Cond: ((id >= 5308630) AND (id <= 5308730))

table 2 : explain SELECT id, c FROM sbtest2 WHERE id BETWEEN 5308630 AND 5308730
	Index Scan using sbtest2_pkey on sbtest2  (cost=0.43..401.08 rows=100 width=125)
	  Index Cond: ((id >= 5308630) AND (id <= 5308730))

table 3 : explain SELECT id, c FROM sbtest3 WHERE id BETWEEN 5308630 AND 5308730
	Index Scan using sbtest3_pkey on sbtest3  (cost=0.43..404.37 rows=101 width=125)
	  Index Cond: ((id >= 5308630) AND (id <= 5308730))

table 4 : explain SELECT id, c FROM sbtest4 WHERE id BETWEEN 5308630 AND 5308730
	Index Scan using sbtest4_pkey on sbtest4  (cost=0.43..351.83 rows=88 width=125)
	  Index Cond: ((id >= 5308630) AND (id <= 5308730))

table 5 : explain SELECT id, c FROM sbtest5 WHERE id BETWEEN 5308630 AND 5308730
	Index Scan using sbtest5_pkey on sbtest5  (cost=0.43..412.10 rows=103 width=125)
	  Index Cond: ((id >= 5308630) AND (id <= 5308730))

table 6 : explain SELECT id, c FROM sbtest6 WHERE id BETWEEN 5308630 AND 5308730
	Index Scan using sbtest6_pkey on sbtest6  (cost=0.43..419.26 rows=105 width=125)
	  Index Cond: ((id >= 5308630) AND (id <= 5308730))

table 7 : explain SELECT id, c FROM sbtest7 WHERE id BETWEEN 5308630 AND 5308730
	Index Scan using sbtest7_pkey on sbtest7  (cost=0.43..375.43 rows=94 width=125)
	  Index Cond: ((id >= 5308630) AND (id <= 5308730))

table 8 : explain SELECT id, c FROM sbtest8 WHERE id BETWEEN 5308630 AND 5308730
	Index Scan using sbtest8_pkey on sbtest8  (cost=0.43..414.49 rows=104 width=125)
	  Index Cond: ((id >= 5308630) AND (id <= 5308730))

explain: for range-notcovered :: explain SELECT id, c FROM sbtest%d WHERE id BETWEEN 5308630 AND 5308730
explain: for range-notcovered :: explain SELECT id, c FROM sbtest%d WHERE id BETWEEN 5077182 AND 5077282
for range-notcovered
table 1 : explain SELECT id, c FROM sbtest1 WHERE id BETWEEN 4470141 AND 4470241
	Index Scan using sbtest1_pkey on sbtest1  (cost=0.43..427.94 rows=107 width=125)
	  Index Cond: ((id >= 4470141) AND (id <= 4470241))

table 2 : explain SELECT id, c FROM sbtest2 WHERE id BETWEEN 4470141 AND 4470241
	Index Scan using sbtest2_pkey on sbtest2  (cost=0.43..405.05 rows=101 width=125)
	  Index Cond: ((id >= 4470141) AND (id <= 4470241))

table 3 : explain SELECT id, c FROM sbtest3 WHERE id BETWEEN 4470141 AND 4470241
	Index Scan using sbtest3_pkey on sbtest3  (cost=0.43..428.14 rows=107 width=125)
	  Index Cond: ((id >= 4470141) AND (id <= 4470241))

table 4 : explain SELECT id, c FROM sbtest4 WHERE id BETWEEN 4470141 AND 4470241
	Index Scan using sbtest4_pkey on sbtest4  (cost=0.43..363.67 rows=91 width=125)
	  Index Cond: ((id >= 4470141) AND (id <= 4470241))

table 5 : explain SELECT id, c FROM sbtest5 WHERE id BETWEEN 4470141 AND 4470241
	Index Scan using sbtest5_pkey on sbtest5  (cost=0.43..388.35 rows=97 width=125)
	  Index Cond: ((id >= 4470141) AND (id <= 4470241))

table 6 : explain SELECT id, c FROM sbtest6 WHERE id BETWEEN 4470141 AND 4470241
	Index Scan using sbtest6_pkey on sbtest6  (cost=0.43..383.70 rows=96 width=125)
	  Index Cond: ((id >= 4470141) AND (id <= 4470241))

table 7 : explain SELECT id, c FROM sbtest7 WHERE id BETWEEN 4470141 AND 4470241
	Index Scan using sbtest7_pkey on sbtest7  (cost=0.43..399.11 rows=100 width=125)
	  Index Cond: ((id >= 4470141) AND (id <= 4470241))

table 8 : explain SELECT id, c FROM sbtest8 WHERE id BETWEEN 4470141 AND 4470241
	Index Scan using sbtest8_pkey on sbtest8  (cost=0.43..406.60 rows=102 width=125)
	  Index Cond: ((id >= 4470141) AND (id <= 4470241))

explain: for range-notcovered :: explain SELECT id, c FROM sbtest%d WHERE id BETWEEN 4470141 AND 4470241
for range-notcovered
table 1 : explain SELECT id, c FROM sbtest1 WHERE id BETWEEN 6882628 AND 6882728
	Index Scan using sbtest1_pkey on sbtest1  (cost=0.43..384.40 rows=96 width=125)
	  Index Cond: ((id >= 6882628) AND (id <= 6882728))

table 2 : explain SELECT id, c FROM sbtest2 WHERE id BETWEEN 6882628 AND 6882728
	Index Scan using sbtest2_pkey on sbtest2  (cost=0.43..436.79 rows=109 width=125)
	  Index Cond: ((id >= 6882628) AND (id <= 6882728))

table 3 : explain SELECT id, c FROM sbtest3 WHERE id BETWEEN 6882628 AND 6882728
	Index Scan using sbtest3_pkey on sbtest3  (cost=0.43..412.31 rows=103 width=125)
	  Index Cond: ((id >= 6882628) AND (id <= 6882728))

table 4 : explain SELECT id, c FROM sbtest4 WHERE id BETWEEN 6882628 AND 6882728
	Index Scan using sbtest4_pkey on sbtest4  (cost=0.43..407.10 rows=102 width=125)
	  Index Cond: ((id >= 6882628) AND (id <= 6882728))

table 5 : explain SELECT id, c FROM sbtest5 WHERE id BETWEEN 6882628 AND 6882728
	Index Scan using sbtest5_pkey on sbtest5  (cost=0.43..396.26 rows=99 width=125)
	  Index Cond: ((id >= 6882628) AND (id <= 6882728))

table 6 : explain SELECT id, c FROM sbtest6 WHERE id BETWEEN 6882628 AND 6882728
	Index Scan using sbtest6_pkey on sbtest6  (cost=0.43..435.06 rows=109 width=125)
	  Index Cond: ((id >= 6882628) AND (id <= 6882728))

table 7 : explain SELECT id, c FROM sbtest7 WHERE id BETWEEN 6882628 AND 6882728
	Index Scan using sbtest7_pkey on sbtest7  (cost=0.43..430.69 rows=108 width=125)
	  Index Cond: ((id >= 6882628) AND (id <= 6882728))

table 8 : explain SELECT id, c FROM sbtest8 WHERE id BETWEEN 6882628 AND 6882728
	Index Scan using sbtest8_pkey on sbtest8  (cost=0.43..382.93 rows=96 width=125)
	  Index Cond: ((id >= 6882628) AND (id <= 6882728))

explain: for range-notcovered :: explain SELECT id, c FROM sbtest%d WHERE id BETWEEN 6882628 AND 6882728
for range-notcovered
table 1 : explain SELECT id, c FROM sbtest1 WHERE id BETWEEN 3383940 AND 3384040
	Index Scan using sbtest1_pkey on sbtest1  (cost=0.43..404.18 rows=101 width=125)
	  Index Cond: ((id >= 3383940) AND (id <= 3384040))

table 2 : explain SELECT id, c FROM sbtest2 WHERE id BETWEEN 3383940 AND 3384040
	Index Scan using sbtest2_pkey on sbtest2  (cost=0.43..393.15 rows=98 width=125)
	  Index Cond: ((id >= 3383940) AND (id <= 3384040))

table 3 : explain SELECT id, c FROM sbtest3 WHERE id BETWEEN 3383940 AND 3384040
	Index Scan using sbtest3_pkey on sbtest3  (cost=0.43..392.50 rows=98 width=125)
	  Index Cond: ((id >= 3383940) AND (id <= 3384040))

table 4 : explain SELECT id, c FROM sbtest4 WHERE id BETWEEN 3383940 AND 3384040
	Index Scan using sbtest4_pkey on sbtest4  (cost=0.43..367.62 rows=92 width=125)
	  Index Cond: ((id >= 3383940) AND (id <= 3384040))

table 5 : explain SELECT id, c FROM sbtest5 WHERE id BETWEEN 3383940 AND 3384040
	Index Scan using sbtest5_pkey on sbtest5  (cost=0.43..400.22 rows=100 width=125)
	  Index Cond: ((id >= 3383940) AND (id <= 3384040))

table 6 : explain SELECT id, c FROM sbtest6 WHERE id BETWEEN 3383940 AND 3384040
	Index Scan using sbtest6_pkey on sbtest6  (cost=0.43..427.16 rows=107 width=125)
	  Index Cond: ((id >= 3383940) AND (id <= 3384040))

table 7 : explain SELECT id, c FROM sbtest7 WHERE id BETWEEN 3383940 AND 3384040
	Index Scan using sbtest7_pkey on sbtest7  (cost=0.43..395.16 rows=99 width=125)
	  Index Cond: ((id >= 3383940) AND (id <= 3384040))

table 8 : explain SELECT id, c FROM sbtest8 WHERE id BETWEEN 3383940 AND 3384040
	Index Scan using sbtest8_pkey on sbtest8  (cost=0.43..398.72 rows=100 width=125)
	  Index Cond: ((id >= 3383940) AND (id <= 3384040))

for range-notcovered
table 1 : explain SELECT id, c FROM sbtest1 WHERE id BETWEEN 2444138 AND 2444238
	Index Scan using sbtest1_pkey on sbtest1  (cost=0.43..423.98 rows=106 width=125)
	  Index Cond: ((id >= 2444138) AND (id <= 2444238))

table 2 : explain SELECT id, c FROM sbtest2 WHERE id BETWEEN 2444138 AND 2444238
	Index Scan using sbtest2_pkey on sbtest2  (cost=0.43..420.93 rows=105 width=125)
	  Index Cond: ((id >= 2444138) AND (id <= 2444238))

table 3 : explain SELECT id, c FROM sbtest3 WHERE id BETWEEN 2444138 AND 2444238
	Index Scan using sbtest3_pkey on sbtest3  (cost=0.43..360.82 rows=90 width=125)
	  Index Cond: ((id >= 2444138) AND (id <= 2444238))

table 4 : explain SELECT id, c FROM sbtest4 WHERE id BETWEEN 2444138 AND 2444238
	Index Scan using sbtest4_pkey on sbtest4  (cost=0.43..430.78 rows=108 width=125)
	  Index Cond: ((id >= 2444138) AND (id <= 2444238))

table 5 : explain SELECT id, c FROM sbtest5 WHERE id BETWEEN 2444138 AND 2444238
	Index Scan using sbtest5_pkey on sbtest5  (cost=0.43..439.80 rows=110 width=125)
	  Index Cond: ((id >= 2444138) AND (id <= 2444238))

table 6 : explain SELECT id, c FROM sbtest6 WHERE id BETWEEN 2444138 AND 2444238
	Index Scan using sbtest6_pkey on sbtest6  (cost=0.43..435.06 rows=109 width=125)
	  Index Cond: ((id >= 2444138) AND (id <= 2444238))

table 7 : explain SELECT id, c FROM sbtest7 WHERE id BETWEEN 2444138 AND 2444238
	Index Scan using sbtest7_pkey on sbtest7  (cost=0.43..418.85 rows=105 width=125)
	  Index Cond: ((id >= 2444138) AND (id <= 2444238))

table 8 : explain SELECT id, c FROM sbtest8 WHERE id BETWEEN 2444138 AND 2444238
	Index Scan using sbtest8_pkey on sbtest8  (cost=0.43..367.17 rows=92 width=125)
	  Index Cond: ((id >= 2444138) AND (id <= 2444238))

explain: for range-notcovered :: explain SELECT id, c FROM sbtest%d WHERE id BETWEEN 3383940 AND 3384040
explain: for range-notcovered :: explain SELECT id, c FROM sbtest%d WHERE id BETWEEN 2444138 AND 2444238
for range-notcovered
table 1 : explain SELECT id, c FROM sbtest1 WHERE id BETWEEN 5308630 AND 5308730
	Index Scan using sbtest1_pkey on sbtest1  (cost=0.43..380.44 rows=95 width=125)
	  Index Cond: ((id >= 5308630) AND (id <= 5308730))

table 2 : explain SELECT id, c FROM sbtest2 WHERE id BETWEEN 5308630 AND 5308730
	Index Scan using sbtest2_pkey on sbtest2  (cost=0.43..401.08 rows=100 width=125)
	  Index Cond: ((id >= 5308630) AND (id <= 5308730))

table 3 : explain SELECT id, c FROM sbtest3 WHERE id BETWEEN 5308630 AND 5308730
	Index Scan using sbtest3_pkey on sbtest3  (cost=0.43..404.37 rows=101 width=125)
	  Index Cond: ((id >= 5308630) AND (id <= 5308730))

table 4 : explain SELECT id, c FROM sbtest4 WHERE id BETWEEN 5308630 AND 5308730
	Index Scan using sbtest4_pkey on sbtest4  (cost=0.43..351.83 rows=88 width=125)
	  Index Cond: ((id >= 5308630) AND (id <= 5308730))

table 5 : explain SELECT id, c FROM sbtest5 WHERE id BETWEEN 5308630 AND 5308730
	Index Scan using sbtest5_pkey on sbtest5  (cost=0.43..412.10 rows=103 width=125)
	  Index Cond: ((id >= 5308630) AND (id <= 5308730))

table 6 : explain SELECT id, c FROM sbtest6 WHERE id BETWEEN 5308630 AND 5308730
	Index Scan using sbtest6_pkey on sbtest6  (cost=0.43..419.26 rows=105 width=125)
	  Index Cond: ((id >= 5308630) AND (id <= 5308730))

table 7 : explain SELECT id, c FROM sbtest7 WHERE id BETWEEN 5308630 AND 5308730
	Index Scan using sbtest7_pkey on sbtest7  (cost=0.43..375.43 rows=94 width=125)
	  Index Cond: ((id >= 5308630) AND (id <= 5308730))

table 8 : explain SELECT id, c FROM sbtest8 WHERE id BETWEEN 5308630 AND 5308730
	Index Scan using sbtest8_pkey on sbtest8  (cost=0.43..414.49 rows=104 width=125)
	  Index Cond: ((id >= 5308630) AND (id <= 5308730))

explain: for range-notcovered :: explain SELECT id, c FROM sbtest%d WHERE id BETWEEN 5308630 AND 5308730
for range-notcovered
table 1 : explain SELECT id, c FROM sbtest1 WHERE id BETWEEN 4470141 AND 4470241
	Index Scan using sbtest1_pkey on sbtest1  (cost=0.43..427.94 rows=107 width=125)
	  Index Cond: ((id >= 4470141) AND (id <= 4470241))

table 2 : explain SELECT id, c FROM sbtest2 WHERE id BETWEEN 4470141 AND 4470241
	Index Scan using sbtest2_pkey on sbtest2  (cost=0.43..405.05 rows=101 width=125)
	  Index Cond: ((id >= 4470141) AND (id <= 4470241))

table 3 : explain SELECT id, c FROM sbtest3 WHERE id BETWEEN 4470141 AND 4470241
	Index Scan using sbtest3_pkey on sbtest3  (cost=0.43..428.14 rows=107 width=125)
	  Index Cond: ((id >= 4470141) AND (id <= 4470241))

table 4 : explain SELECT id, c FROM sbtest4 WHERE id BETWEEN 4470141 AND 4470241
	Index Scan using sbtest4_pkey on sbtest4  (cost=0.43..363.67 rows=91 width=125)
	  Index Cond: ((id >= 4470141) AND (id <= 4470241))

table 5 : explain SELECT id, c FROM sbtest5 WHERE id BETWEEN 4470141 AND 4470241
	Index Scan using sbtest5_pkey on sbtest5  (cost=0.43..388.35 rows=97 width=125)
	  Index Cond: ((id >= 4470141) AND (id <= 4470241))

table 6 : explain SELECT id, c FROM sbtest6 WHERE id BETWEEN 4470141 AND 4470241
	Index Scan using sbtest6_pkey on sbtest6  (cost=0.43..383.70 rows=96 width=125)
	  Index Cond: ((id >= 4470141) AND (id <= 4470241))

table 7 : explain SELECT id, c FROM sbtest7 WHERE id BETWEEN 4470141 AND 4470241
	Index Scan using sbtest7_pkey on sbtest7  (cost=0.43..399.11 rows=100 width=125)
	  Index Cond: ((id >= 4470141) AND (id <= 4470241))

table 8 : explain SELECT id, c FROM sbtest8 WHERE id BETWEEN 4470141 AND 4470241
	Index Scan using sbtest8_pkey on sbtest8  (cost=0.43..406.60 rows=102 width=125)
	  Index Cond: ((id >= 4470141) AND (id <= 4470241))

for range-notcovered
table 1 : explain SELECT id, c FROM sbtest1 WHERE id BETWEEN 6882628 AND 6882728
	Index Scan using sbtest1_pkey on sbtest1  (cost=0.43..384.40 rows=96 width=125)
	  Index Cond: ((id >= 6882628) AND (id <= 6882728))

table 2 : explain SELECT id, c FROM sbtest2 WHERE id BETWEEN 6882628 AND 6882728
	Index Scan using sbtest2_pkey on sbtest2  (cost=0.43..436.79 rows=109 width=125)
	  Index Cond: ((id >= 6882628) AND (id <= 6882728))

table 3 : explain SELECT id, c FROM sbtest3 WHERE id BETWEEN 6882628 AND 6882728
	Index Scan using sbtest3_pkey on sbtest3  (cost=0.43..412.31 rows=103 width=125)
	  Index Cond: ((id >= 6882628) AND (id <= 6882728))

table 4 : explain SELECT id, c FROM sbtest4 WHERE id BETWEEN 6882628 AND 6882728
	Index Scan using sbtest4_pkey on sbtest4  (cost=0.43..407.10 rows=102 width=125)
	  Index Cond: ((id >= 6882628) AND (id <= 6882728))

table 5 : explain SELECT id, c FROM sbtest5 WHERE id BETWEEN 6882628 AND 6882728
	Index Scan using sbtest5_pkey on sbtest5  (cost=0.43..396.26 rows=99 width=125)
	  Index Cond: ((id >= 6882628) AND (id <= 6882728))

table 6 : explain SELECT id, c FROM sbtest6 WHERE id BETWEEN 6882628 AND 6882728
	Index Scan using sbtest6_pkey on sbtest6  (cost=0.43..435.06 rows=109 width=125)
	  Index Cond: ((id >= 6882628) AND (id <= 6882728))

table 7 : explain SELECT id, c FROM sbtest7 WHERE id BETWEEN 6882628 AND 6882728
	Index Scan using sbtest7_pkey on sbtest7  (cost=0.43..430.69 rows=108 width=125)
	  Index Cond: ((id >= 6882628) AND (id <= 6882728))

table 8 : explain SELECT id, c FROM sbtest8 WHERE id BETWEEN 6882628 AND 6882728
	Index Scan using sbtest8_pkey on sbtest8  (cost=0.43..382.93 rows=96 width=125)
	  Index Cond: ((id >= 6882628) AND (id <= 6882728))

for range-notcovered
table 1 : explain SELECT id, c FROM sbtest1 WHERE id BETWEEN 3383940 AND 3384040
	Index Scan using sbtest1_pkey on sbtest1  (cost=0.43..404.18 rows=101 width=125)
	  Index Cond: ((id >= 3383940) AND (id <= 3384040))

table 2 : explain SELECT id, c FROM sbtest2 WHERE id BETWEEN 3383940 AND 3384040
	Index Scan using sbtest2_pkey on sbtest2  (cost=0.43..393.15 rows=98 width=125)
	  Index Cond: ((id >= 3383940) AND (id <= 3384040))

table 3 : explain SELECT id, c FROM sbtest3 WHERE id BETWEEN 3383940 AND 3384040
	Index Scan using sbtest3_pkey on sbtest3  (cost=0.43..392.50 rows=98 width=125)
	  Index Cond: ((id >= 3383940) AND (id <= 3384040))

table 4 : explain SELECT id, c FROM sbtest4 WHERE id BETWEEN 3383940 AND 3384040
	Index Scan using sbtest4_pkey on sbtest4  (cost=0.43..367.62 rows=92 width=125)
	  Index Cond: ((id >= 3383940) AND (id <= 3384040))

table 5 : explain SELECT id, c FROM sbtest5 WHERE id BETWEEN 3383940 AND 3384040
	Index Scan using sbtest5_pkey on sbtest5  (cost=0.43..400.22 rows=100 width=125)
	  Index Cond: ((id >= 3383940) AND (id <= 3384040))

table 6 : explain SELECT id, c FROM sbtest6 WHERE id BETWEEN 3383940 AND 3384040
	Index Scan using sbtest6_pkey on sbtest6  (cost=0.43..427.16 rows=107 width=125)
	  Index Cond: ((id >= 3383940) AND (id <= 3384040))

table 7 : explain SELECT id, c FROM sbtest7 WHERE id BETWEEN 3383940 AND 3384040
	Index Scan using sbtest7_pkey on sbtest7  (cost=0.43..395.16 rows=99 width=125)
	  Index Cond: ((id >= 3383940) AND (id <= 3384040))

table 8 : explain SELECT id, c FROM sbtest8 WHERE id BETWEEN 3383940 AND 3384040
	Index Scan using sbtest8_pkey on sbtest8  (cost=0.43..398.72 rows=100 width=125)
	  Index Cond: ((id >= 3383940) AND (id <= 3384040))

for range-notcovered
table 1 : explain SELECT id, c FROM sbtest1 WHERE id BETWEEN 2444138 AND 2444238
	Index Scan using sbtest1_pkey on sbtest1  (cost=0.43..423.98 rows=106 width=125)
	  Index Cond: ((id >= 2444138) AND (id <= 2444238))

table 2 : explain SELECT id, c FROM sbtest2 WHERE id BETWEEN 2444138 AND 2444238
	Index Scan using sbtest2_pkey on sbtest2  (cost=0.43..420.93 rows=105 width=125)
	  Index Cond: ((id >= 2444138) AND (id <= 2444238))

table 3 : explain SELECT id, c FROM sbtest3 WHERE id BETWEEN 2444138 AND 2444238
	Index Scan using sbtest3_pkey on sbtest3  (cost=0.43..360.82 rows=90 width=125)
	  Index Cond: ((id >= 2444138) AND (id <= 2444238))

table 4 : explain SELECT id, c FROM sbtest4 WHERE id BETWEEN 2444138 AND 2444238
	Index Scan using sbtest4_pkey on sbtest4  (cost=0.43..430.78 rows=108 width=125)
	  Index Cond: ((id >= 2444138) AND (id <= 2444238))

table 5 : explain SELECT id, c FROM sbtest5 WHERE id BETWEEN 2444138 AND 2444238
	Index Scan using sbtest5_pkey on sbtest5  (cost=0.43..439.80 rows=110 width=125)
	  Index Cond: ((id >= 2444138) AND (id <= 2444238))

table 6 : explain SELECT id, c FROM sbtest6 WHERE id BETWEEN 2444138 AND 2444238
	Index Scan using sbtest6_pkey on sbtest6  (cost=0.43..435.06 rows=109 width=125)
	  Index Cond: ((id >= 2444138) AND (id <= 2444238))

table 7 : explain SELECT id, c FROM sbtest7 WHERE id BETWEEN 2444138 AND 2444238
	Index Scan using sbtest7_pkey on sbtest7  (cost=0.43..418.85 rows=105 width=125)
	  Index Cond: ((id >= 2444138) AND (id <= 2444238))

table 8 : explain SELECT id, c FROM sbtest8 WHERE id BETWEEN 2444138 AND 2444238
	Index Scan using sbtest8_pkey on sbtest8  (cost=0.43..367.17 rows=92 width=125)
	  Index Cond: ((id >= 2444138) AND (id <= 2444238))

explain: for range-notcovered :: explain SELECT id, c FROM sbtest%d WHERE id BETWEEN 3383940 AND 3384040
explain: for range-notcovered :: explain SELECT id, c FROM sbtest%d WHERE id BETWEEN 2444138 AND 2444238
for range-notcovered
table 1 : explain SELECT id, c FROM sbtest1 WHERE id BETWEEN 5308630 AND 5308730
	Index Scan using sbtest1_pkey on sbtest1  (cost=0.43..380.44 rows=95 width=125)
	  Index Cond: ((id >= 5308630) AND (id <= 5308730))

table 2 : explain SELECT id, c FROM sbtest2 WHERE id BETWEEN 5308630 AND 5308730
	Index Scan using sbtest2_pkey on sbtest2  (cost=0.43..401.08 rows=100 width=125)
	  Index Cond: ((id >= 5308630) AND (id <= 5308730))

table 3 : explain SELECT id, c FROM sbtest3 WHERE id BETWEEN 5308630 AND 5308730
	Index Scan using sbtest3_pkey on sbtest3  (cost=0.43..404.37 rows=101 width=125)
	  Index Cond: ((id >= 5308630) AND (id <= 5308730))

table 4 : explain SELECT id, c FROM sbtest4 WHERE id BETWEEN 5308630 AND 5308730
	Index Scan using sbtest4_pkey on sbtest4  (cost=0.43..351.83 rows=88 width=125)
	  Index Cond: ((id >= 5308630) AND (id <= 5308730))

table 5 : explain SELECT id, c FROM sbtest5 WHERE id BETWEEN 5308630 AND 5308730
	Index Scan using sbtest5_pkey on sbtest5  (cost=0.43..412.10 rows=103 width=125)
	  Index Cond: ((id >= 5308630) AND (id <= 5308730))

table 6 : explain SELECT id, c FROM sbtest6 WHERE id BETWEEN 5308630 AND 5308730
	Index Scan using sbtest6_pkey on sbtest6  (cost=0.43..419.26 rows=105 width=125)
	  Index Cond: ((id >= 5308630) AND (id <= 5308730))

table 7 : explain SELECT id, c FROM sbtest7 WHERE id BETWEEN 5308630 AND 5308730
	Index Scan using sbtest7_pkey on sbtest7  (cost=0.43..375.43 rows=94 width=125)
	  Index Cond: ((id >= 5308630) AND (id <= 5308730))

table 8 : explain SELECT id, c FROM sbtest8 WHERE id BETWEEN 5308630 AND 5308730
	Index Scan using sbtest8_pkey on sbtest8  (cost=0.43..414.49 rows=104 width=125)
	  Index Cond: ((id >= 5308630) AND (id <= 5308730))

explain: for range-notcovered :: explain SELECT id, c FROM sbtest%d WHERE id BETWEEN 5348967 AND 5349067explain: for range-notcovered :: explain SELECT id, c FROM sbtest%d WHERE id BETWEEN 3830455 AND 3830555

for range-notcovered
table 1 : explain SELECT id, c FROM sbtest1 WHERE id BETWEEN 3383940 AND 3384040
	Index Scan using sbtest1_pkey on sbtest1  (cost=0.43..404.18 rows=101 width=125)
	  Index Cond: ((id >= 3383940) AND (id <= 3384040))

table 2 : explain SELECT id, c FROM sbtest2 WHERE id BETWEEN 3383940 AND 3384040
	Index Scan using sbtest2_pkey on sbtest2  (cost=0.43..393.15 rows=98 width=125)
	  Index Cond: ((id >= 3383940) AND (id <= 3384040))

table 3 : explain SELECT id, c FROM sbtest3 WHERE id BETWEEN 3383940 AND 3384040
	Index Scan using sbtest3_pkey on sbtest3  (cost=0.43..392.50 rows=98 width=125)
	  Index Cond: ((id >= 3383940) AND (id <= 3384040))

table 4 : explain SELECT id, c FROM sbtest4 WHERE id BETWEEN 3383940 AND 3384040
	Index Scan using sbtest4_pkey on sbtest4  (cost=0.43..367.62 rows=92 width=125)
	  Index Cond: ((id >= 3383940) AND (id <= 3384040))

table 5 : explain SELECT id, c FROM sbtest5 WHERE id BETWEEN 3383940 AND 3384040
	Index Scan using sbtest5_pkey on sbtest5  (cost=0.43..400.22 rows=100 width=125)
	  Index Cond: ((id >= 3383940) AND (id <= 3384040))

table 6 : explain SELECT id, c FROM sbtest6 WHERE id BETWEEN 3383940 AND 3384040
	Index Scan using sbtest6_pkey on sbtest6  (cost=0.43..427.16 rows=107 width=125)
	  Index Cond: ((id >= 3383940) AND (id <= 3384040))

table 7 : explain SELECT id, c FROM sbtest7 WHERE id BETWEEN 3383940 AND 3384040
	Index Scan using sbtest7_pkey on sbtest7  (cost=0.43..395.16 rows=99 width=125)
	  Index Cond: ((id >= 3383940) AND (id <= 3384040))

table 8 : explain SELECT id, c FROM sbtest8 WHERE id BETWEEN 3383940 AND 3384040
	Index Scan using sbtest8_pkey on sbtest8  (cost=0.43..398.72 rows=100 width=125)
	  Index Cond: ((id >= 3383940) AND (id <= 3384040))

for range-notcovered
table 1 : explain SELECT id, c FROM sbtest1 WHERE id BETWEEN 2444138 AND 2444238
	Index Scan using sbtest1_pkey on sbtest1  (cost=0.43..423.98 rows=106 width=125)
	  Index Cond: ((id >= 2444138) AND (id <= 2444238))

table 2 : explain SELECT id, c FROM sbtest2 WHERE id BETWEEN 2444138 AND 2444238
	Index Scan using sbtest2_pkey on sbtest2  (cost=0.43..420.93 rows=105 width=125)
	  Index Cond: ((id >= 2444138) AND (id <= 2444238))

table 3 : explain SELECT id, c FROM sbtest3 WHERE id BETWEEN 2444138 AND 2444238
	Index Scan using sbtest3_pkey on sbtest3  (cost=0.43..360.82 rows=90 width=125)
	  Index Cond: ((id >= 2444138) AND (id <= 2444238))

table 4 : explain SELECT id, c FROM sbtest4 WHERE id BETWEEN 2444138 AND 2444238
	Index Scan using sbtest4_pkey on sbtest4  (cost=0.43..430.78 rows=108 width=125)
	  Index Cond: ((id >= 2444138) AND (id <= 2444238))

table 5 : explain SELECT id, c FROM sbtest5 WHERE id BETWEEN 2444138 AND 2444238
	Index Scan using sbtest5_pkey on sbtest5  (cost=0.43..439.80 rows=110 width=125)
	  Index Cond: ((id >= 2444138) AND (id <= 2444238))

table 6 : explain SELECT id, c FROM sbtest6 WHERE id BETWEEN 2444138 AND 2444238
	Index Scan using sbtest6_pkey on sbtest6  (cost=0.43..435.06 rows=109 width=125)
	  Index Cond: ((id >= 2444138) AND (id <= 2444238))

table 7 : explain SELECT id, c FROM sbtest7 WHERE id BETWEEN 2444138 AND 2444238
	Index Scan using sbtest7_pkey on sbtest7  (cost=0.43..418.85 rows=105 width=125)
	  Index Cond: ((id >= 2444138) AND (id <= 2444238))

table 8 : explain SELECT id, c FROM sbtest8 WHERE id BETWEEN 2444138 AND 2444238
	Index Scan using sbtest8_pkey on sbtest8  (cost=0.43..367.17 rows=92 width=125)
	  Index Cond: ((id >= 2444138) AND (id <= 2444238))

explain: for range-notcovered :: explain SELECT id, c FROM sbtest%d WHERE id BETWEEN 3383940 AND 3384040
explain: for range-notcovered :: explain SELECT id, c FROM sbtest%d WHERE id BETWEEN 2444138 AND 2444238
for range-notcovered
table 1 : explain SELECT id, c FROM sbtest1 WHERE id BETWEEN 4796878 AND 4796978
	Index Scan using sbtest1_pkey on sbtest1  (cost=0.43..427.94 rows=107 width=125)
	  Index Cond: ((id >= 4796878) AND (id <= 4796978))

table 2 : explain SELECT id, c FROM sbtest2 WHERE id BETWEEN 4796878 AND 4796978
	Index Scan using sbtest2_pkey on sbtest2  (cost=0.43..432.82 rows=108 width=125)
	  Index Cond: ((id >= 4796878) AND (id <= 4796978))

table 3 : explain SELECT id, c FROM sbtest3 WHERE id BETWEEN 4796878 AND 4796978
	Index Scan using sbtest3_pkey on sbtest3  (cost=0.43..416.26 rows=104 width=125)
	  Index Cond: ((id >= 4796878) AND (id <= 4796978))

table 4 : explain SELECT id, c FROM sbtest4 WHERE id BETWEEN 4796878 AND 4796978
	Index Scan using sbtest4_pkey on sbtest4  (cost=0.43..414.99 rows=104 width=125)
	  Index Cond: ((id >= 4796878) AND (id <= 4796978))

table 5 : explain SELECT id, c FROM sbtest5 WHERE id BETWEEN 4796878 AND 4796978
	Index Scan using sbtest5_pkey on sbtest5  (cost=0.43..368.56 rows=92 width=125)
	  Index Cond: ((id >= 4796878) AND (id <= 4796978))

table 6 : explain SELECT id, c FROM sbtest6 WHERE id BETWEEN 4796878 AND 4796978
	Index Scan using sbtest6_pkey on sbtest6  (cost=0.43..371.85 rows=93 width=125)
	  Index Cond: ((id >= 4796878) AND (id <= 4796978))

table 7 : explain SELECT id, c FROM sbtest7 WHERE id BETWEEN 4796878 AND 4796978
	Index Scan using sbtest7_pkey on sbtest7  (cost=0.43..403.07 rows=101 width=125)
	  Index Cond: ((id >= 4796878) AND (id <= 4796978))

table 8 : explain SELECT id, c FROM sbtest8 WHERE id BETWEEN 4796878 AND 4796978
	Index Scan using sbtest8_pkey on sbtest8  (cost=0.43..398.72 rows=100 width=125)
	  Index Cond: ((id >= 4796878) AND (id <= 4796978))

for range-notcovered
table 1 : explain SELECT id, c FROM sbtest1 WHERE id BETWEEN 3383940 AND 3384040
	Index Scan using sbtest1_pkey on sbtest1  (cost=0.43..404.18 rows=101 width=125)
	  Index Cond: ((id >= 3383940) AND (id <= 3384040))

table 2 : explain SELECT id, c FROM sbtest2 WHERE id BETWEEN 3383940 AND 3384040
	Index Scan using sbtest2_pkey on sbtest2  (cost=0.43..393.15 rows=98 width=125)
	  Index Cond: ((id >= 3383940) AND (id <= 3384040))

table 3 : explain SELECT id, c FROM sbtest3 WHERE id BETWEEN 3383940 AND 3384040
	Index Scan using sbtest3_pkey on sbtest3  (cost=0.43..392.50 rows=98 width=125)
	  Index Cond: ((id >= 3383940) AND (id <= 3384040))

table 4 : explain SELECT id, c FROM sbtest4 WHERE id BETWEEN 3383940 AND 3384040
	Index Scan using sbtest4_pkey on sbtest4  (cost=0.43..367.62 rows=92 width=125)
	  Index Cond: ((id >= 3383940) AND (id <= 3384040))

table 5 : explain SELECT id, c FROM sbtest5 WHERE id BETWEEN 3383940 AND 3384040
	Index Scan using sbtest5_pkey on sbtest5  (cost=0.43..400.22 rows=100 width=125)
	  Index Cond: ((id >= 3383940) AND (id <= 3384040))

table 6 : explain SELECT id, c FROM sbtest6 WHERE id BETWEEN 3383940 AND 3384040
	Index Scan using sbtest6_pkey on sbtest6  (cost=0.43..427.16 rows=107 width=125)
	  Index Cond: ((id >= 3383940) AND (id <= 3384040))

table 7 : explain SELECT id, c FROM sbtest7 WHERE id BETWEEN 3383940 AND 3384040
	Index Scan using sbtest7_pkey on sbtest7  (cost=0.43..395.16 rows=99 width=125)
	  Index Cond: ((id >= 3383940) AND (id <= 3384040))

table 8 : explain SELECT id, c FROM sbtest8 WHERE id BETWEEN 3383940 AND 3384040
	Index Scan using sbtest8_pkey on sbtest8  (cost=0.43..398.72 rows=100 width=125)
	  Index Cond: ((id >= 3383940) AND (id <= 3384040))

for range-notcovered
table 1 : explain SELECT id, c FROM sbtest1 WHERE id BETWEEN 2444138 AND 2444238
	Index Scan using sbtest1_pkey on sbtest1  (cost=0.43..423.98 rows=106 width=125)
	  Index Cond: ((id >= 2444138) AND (id <= 2444238))

table 2 : explain SELECT id, c FROM sbtest2 WHERE id BETWEEN 2444138 AND 2444238
	Index Scan using sbtest2_pkey on sbtest2  (cost=0.43..420.93 rows=105 width=125)
	  Index Cond: ((id >= 2444138) AND (id <= 2444238))

table 3 : explain SELECT id, c FROM sbtest3 WHERE id BETWEEN 2444138 AND 2444238
	Index Scan using sbtest3_pkey on sbtest3  (cost=0.43..360.82 rows=90 width=125)
	  Index Cond: ((id >= 2444138) AND (id <= 2444238))

table 4 : explain SELECT id, c FROM sbtest4 WHERE id BETWEEN 2444138 AND 2444238
	Index Scan using sbtest4_pkey on sbtest4  (cost=0.43..430.78 rows=108 width=125)
	  Index Cond: ((id >= 2444138) AND (id <= 2444238))

table 5 : explain SELECT id, c FROM sbtest5 WHERE id BETWEEN 2444138 AND 2444238
	Index Scan using sbtest5_pkey on sbtest5  (cost=0.43..439.80 rows=110 width=125)
	  Index Cond: ((id >= 2444138) AND (id <= 2444238))

table 6 : explain SELECT id, c FROM sbtest6 WHERE id BETWEEN 2444138 AND 2444238
	Index Scan using sbtest6_pkey on sbtest6  (cost=0.43..435.06 rows=109 width=125)
	  Index Cond: ((id >= 2444138) AND (id <= 2444238))

table 7 : explain SELECT id, c FROM sbtest7 WHERE id BETWEEN 2444138 AND 2444238
	Index Scan using sbtest7_pkey on sbtest7  (cost=0.43..418.85 rows=105 width=125)
	  Index Cond: ((id >= 2444138) AND (id <= 2444238))

table 8 : explain SELECT id, c FROM sbtest8 WHERE id BETWEEN 2444138 AND 2444238
	Index Scan using sbtest8_pkey on sbtest8  (cost=0.43..367.17 rows=92 width=125)
	  Index Cond: ((id >= 2444138) AND (id <= 2444238))

explain: for range-notcovered :: explain SELECT id, c FROM sbtest%d WHERE id BETWEEN 3383940 AND 3384040
for range-notcovered
table 1 : explain SELECT id, c FROM sbtest1 WHERE id BETWEEN 766949 AND 767049
	Index Scan using sbtest1_pkey on sbtest1  (cost=0.43..388.35 rows=97 width=125)
	  Index Cond: ((id >= 766949) AND (id <= 767049))

table 2 : explain SELECT id, c FROM sbtest2 WHERE id BETWEEN 766949 AND 767049
	Index Scan using sbtest2_pkey on sbtest2  (cost=0.43..393.15 rows=98 width=125)
	  Index Cond: ((id >= 766949) AND (id <= 767049))

table 3 : explain SELECT id, c FROM sbtest3 WHERE id BETWEEN 766949 AND 767049
	Index Scan using sbtest3_pkey on sbtest3  (cost=0.43..364.78 rows=91 width=125)
	  Index Cond: ((id >= 766949) AND (id <= 767049))

table 4 : explain SELECT id, c FROM sbtest4 WHERE id BETWEEN 766949 AND 767049
	Index Scan using sbtest4_pkey on sbtest4  (cost=0.43..426.83 rows=107 width=125)
	  Index Cond: ((id >= 766949) AND (id <= 767049))

table 5 : explain SELECT id, c FROM sbtest5 WHERE id BETWEEN 766949 AND 767049
	Index Scan using sbtest5_pkey on sbtest5  (cost=0.43..439.80 rows=110 width=125)
	  Index Cond: ((id >= 766949) AND (id <= 767049))

table 6 : explain SELECT id, c FROM sbtest6 WHERE id BETWEEN 766949 AND 767049
	Index Scan using sbtest6_pkey on sbtest6  (cost=0.43..423.21 rows=106 width=125)
	  Index Cond: ((id >= 766949) AND (id <= 767049))

table 7 : explain SELECT id, c FROM sbtest7 WHERE id BETWEEN 766949 AND 767049
	Index Scan using sbtest7_pkey on sbtest7  (cost=0.43..387.27 rows=97 width=125)
	  Index Cond: ((id >= 766949) AND (id <= 767049))

table 8 : explain SELECT id, c FROM sbtest8 WHERE id BETWEEN 766949 AND 767049
	Index Scan using sbtest8_pkey on sbtest8  (cost=0.43..414.49 rows=104 width=125)
	  Index Cond: ((id >= 766949) AND (id <= 767049))

explain: for range-notcovered :: explain SELECT id, c FROM sbtest%d WHERE id BETWEEN 2444138 AND 2444238
explain: for range-notcovered :: explain SELECT id, c FROM sbtest%d WHERE id BETWEEN 766949 AND 767049
for range-notcovered
table 1 : explain SELECT id, c FROM sbtest1 WHERE id BETWEEN 5077182 AND 5077282
	Index Scan using sbtest1_pkey on sbtest1  (cost=0.43..404.18 rows=101 width=125)
	  Index Cond: ((id >= 5077182) AND (id <= 5077282))

table 2 : explain SELECT id, c FROM sbtest2 WHERE id BETWEEN 5077182 AND 5077282
	Index Scan using sbtest2_pkey on sbtest2  (cost=0.43..420.93 rows=105 width=125)
	  Index Cond: ((id >= 5077182) AND (id <= 5077282))

table 3 : explain SELECT id, c FROM sbtest3 WHERE id BETWEEN 5077182 AND 5077282
	Index Scan using sbtest3_pkey on sbtest3  (cost=0.43..388.54 rows=97 width=125)
	  Index Cond: ((id >= 5077182) AND (id <= 5077282))

table 4 : explain SELECT id, c FROM sbtest4 WHERE id BETWEEN 5077182 AND 5077282
	Index Scan using sbtest4_pkey on sbtest4  (cost=0.43..391.30 rows=98 width=125)
	  Index Cond: ((id >= 5077182) AND (id <= 5077282))

table 5 : explain SELECT id, c FROM sbtest5 WHERE id BETWEEN 5077182 AND 5077282
	Index Scan using sbtest5_pkey on sbtest5  (cost=0.43..400.22 rows=100 width=125)
	  Index Cond: ((id >= 5077182) AND (id <= 5077282))

table 6 : explain SELECT id, c FROM sbtest6 WHERE id BETWEEN 5077182 AND 5077282
	Index Scan using sbtest6_pkey on sbtest6  (cost=0.43..395.55 rows=99 width=125)
	  Index Cond: ((id >= 5077182) AND (id <= 5077282))

table 7 : explain SELECT id, c FROM sbtest7 WHERE id BETWEEN 5077182 AND 5077282
	Index Scan using sbtest7_pkey on sbtest7  (cost=0.43..414.91 rows=104 width=125)
	  Index Cond: ((id >= 5077182) AND (id <= 5077282))

table 8 : explain SELECT id, c FROM sbtest8 WHERE id BETWEEN 5077182 AND 5077282
	Index Scan using sbtest8_pkey on sbtest8  (cost=0.43..367.17 rows=92 width=125)
	  Index Cond: ((id >= 5077182) AND (id <= 5077282))

for range-notcovered
table 1 : explain SELECT id, c FROM sbtest1 WHERE id BETWEEN 3383940 AND 3384040
	Index Scan using sbtest1_pkey on sbtest1  (cost=0.43..404.18 rows=101 width=125)
	  Index Cond: ((id >= 3383940) AND (id <= 3384040))

table 2 : explain SELECT id, c FROM sbtest2 WHERE id BETWEEN 3383940 AND 3384040
	Index Scan using sbtest2_pkey on sbtest2  (cost=0.43..393.15 rows=98 width=125)
	  Index Cond: ((id >= 3383940) AND (id <= 3384040))

table 3 : explain SELECT id, c FROM sbtest3 WHERE id BETWEEN 3383940 AND 3384040
	Index Scan using sbtest3_pkey on sbtest3  (cost=0.43..392.50 rows=98 width=125)
	  Index Cond: ((id >= 3383940) AND (id <= 3384040))

table 4 : explain SELECT id, c FROM sbtest4 WHERE id BETWEEN 3383940 AND 3384040
	Index Scan using sbtest4_pkey on sbtest4  (cost=0.43..367.62 rows=92 width=125)
	  Index Cond: ((id >= 3383940) AND (id <= 3384040))

table 5 : explain SELECT id, c FROM sbtest5 WHERE id BETWEEN 3383940 AND 3384040
	Index Scan using sbtest5_pkey on sbtest5  (cost=0.43..400.22 rows=100 width=125)
	  Index Cond: ((id >= 3383940) AND (id <= 3384040))

table 6 : explain SELECT id, c FROM sbtest6 WHERE id BETWEEN 3383940 AND 3384040
	Index Scan using sbtest6_pkey on sbtest6  (cost=0.43..427.16 rows=107 width=125)
	  Index Cond: ((id >= 3383940) AND (id <= 3384040))

table 7 : explain SELECT id, c FROM sbtest7 WHERE id BETWEEN 3383940 AND 3384040
	Index Scan using sbtest7_pkey on sbtest7  (cost=0.43..395.16 rows=99 width=125)
	  Index Cond: ((id >= 3383940) AND (id <= 3384040))

table 8 : explain SELECT id, c FROM sbtest8 WHERE id BETWEEN 3383940 AND 3384040
	Index Scan using sbtest8_pkey on sbtest8  (cost=0.43..398.72 rows=100 width=125)
	  Index Cond: ((id >= 3383940) AND (id <= 3384040))

for range-notcovered
table 1 : explain SELECT id, c FROM sbtest1 WHERE id BETWEEN 2444138 AND 2444238
	Index Scan using sbtest1_pkey on sbtest1  (cost=0.43..423.98 rows=106 width=125)
	  Index Cond: ((id >= 2444138) AND (id <= 2444238))

table 2 : explain SELECT id, c FROM sbtest2 WHERE id BETWEEN 2444138 AND 2444238
	Index Scan using sbtest2_pkey on sbtest2  (cost=0.43..420.93 rows=105 width=125)
	  Index Cond: ((id >= 2444138) AND (id <= 2444238))

table 3 : explain SELECT id, c FROM sbtest3 WHERE id BETWEEN 2444138 AND 2444238
	Index Scan using sbtest3_pkey on sbtest3  (cost=0.43..360.82 rows=90 width=125)
	  Index Cond: ((id >= 2444138) AND (id <= 2444238))

table 4 : explain SELECT id, c FROM sbtest4 WHERE id BETWEEN 2444138 AND 2444238
	Index Scan using sbtest4_pkey on sbtest4  (cost=0.43..430.78 rows=108 width=125)
	  Index Cond: ((id >= 2444138) AND (id <= 2444238))

table 5 : explain SELECT id, c FROM sbtest5 WHERE id BETWEEN 2444138 AND 2444238
	Index Scan using sbtest5_pkey on sbtest5  (cost=0.43..439.80 rows=110 width=125)
	  Index Cond: ((id >= 2444138) AND (id <= 2444238))

table 6 : explain SELECT id, c FROM sbtest6 WHERE id BETWEEN 2444138 AND 2444238
	Index Scan using sbtest6_pkey on sbtest6  (cost=0.43..435.06 rows=109 width=125)
	  Index Cond: ((id >= 2444138) AND (id <= 2444238))

table 7 : explain SELECT id, c FROM sbtest7 WHERE id BETWEEN 2444138 AND 2444238
	Index Scan using sbtest7_pkey on sbtest7  (cost=0.43..418.85 rows=105 width=125)
	  Index Cond: ((id >= 2444138) AND (id <= 2444238))

table 8 : explain SELECT id, c FROM sbtest8 WHERE id BETWEEN 2444138 AND 2444238
	Index Scan using sbtest8_pkey on sbtest8  (cost=0.43..367.17 rows=92 width=125)
	  Index Cond: ((id >= 2444138) AND (id <= 2444238))

for range-notcovered
table 1 : explain SELECT id, c FROM sbtest1 WHERE id BETWEEN 766949 AND 767049
	Index Scan using sbtest1_pkey on sbtest1  (cost=0.43..388.35 rows=97 width=125)
	  Index Cond: ((id >= 766949) AND (id <= 767049))

table 2 : explain SELECT id, c FROM sbtest2 WHERE id BETWEEN 766949 AND 767049
	Index Scan using sbtest2_pkey on sbtest2  (cost=0.43..393.15 rows=98 width=125)
	  Index Cond: ((id >= 766949) AND (id <= 767049))

table 3 : explain SELECT id, c FROM sbtest3 WHERE id BETWEEN 766949 AND 767049
	Index Scan using sbtest3_pkey on sbtest3  (cost=0.43..364.78 rows=91 width=125)
	  Index Cond: ((id >= 766949) AND (id <= 767049))

table 4 : explain SELECT id, c FROM sbtest4 WHERE id BETWEEN 766949 AND 767049
	Index Scan using sbtest4_pkey on sbtest4  (cost=0.43..426.83 rows=107 width=125)
	  Index Cond: ((id >= 766949) AND (id <= 767049))

table 5 : explain SELECT id, c FROM sbtest5 WHERE id BETWEEN 766949 AND 767049
	Index Scan using sbtest5_pkey on sbtest5  (cost=0.43..439.80 rows=110 width=125)
	  Index Cond: ((id >= 766949) AND (id <= 767049))

table 6 : explain SELECT id, c FROM sbtest6 WHERE id BETWEEN 766949 AND 767049
	Index Scan using sbtest6_pkey on sbtest6  (cost=0.43..423.21 rows=106 width=125)
	  Index Cond: ((id >= 766949) AND (id <= 767049))

table 7 : explain SELECT id, c FROM sbtest7 WHERE id BETWEEN 766949 AND 767049
	Index Scan using sbtest7_pkey on sbtest7  (cost=0.43..387.27 rows=97 width=125)
	  Index Cond: ((id >= 766949) AND (id <= 767049))

table 8 : explain SELECT id, c FROM sbtest8 WHERE id BETWEEN 766949 AND 767049
	Index Scan using sbtest8_pkey on sbtest8  (cost=0.43..414.49 rows=104 width=125)
	  Index Cond: ((id >= 766949) AND (id <= 767049))

explain: for range-notcovered :: explain SELECT id, c FROM sbtest%d WHERE id BETWEEN 766949 AND 767049
explain: for range-notcovered :: explain SELECT id, c FROM sbtest%d WHERE id BETWEEN 3620488 AND 3620588
for range-notcovered
table 1 : explain SELECT id, c FROM sbtest1 WHERE id BETWEEN 766949 AND 767049
	Index Scan using sbtest1_pkey on sbtest1  (cost=0.43..388.35 rows=97 width=125)
	  Index Cond: ((id >= 766949) AND (id <= 767049))

table 2 : explain SELECT id, c FROM sbtest2 WHERE id BETWEEN 766949 AND 767049
	Index Scan using sbtest2_pkey on sbtest2  (cost=0.43..393.15 rows=98 width=125)
	  Index Cond: ((id >= 766949) AND (id <= 767049))

table 3 : explain SELECT id, c FROM sbtest3 WHERE id BETWEEN 766949 AND 767049
	Index Scan using sbtest3_pkey on sbtest3  (cost=0.43..364.78 rows=91 width=125)
	  Index Cond: ((id >= 766949) AND (id <= 767049))

table 4 : explain SELECT id, c FROM sbtest4 WHERE id BETWEEN 766949 AND 767049
	Index Scan using sbtest4_pkey on sbtest4  (cost=0.43..426.83 rows=107 width=125)
	  Index Cond: ((id >= 766949) AND (id <= 767049))

table 5 : explain SELECT id, c FROM sbtest5 WHERE id BETWEEN 766949 AND 767049
	Index Scan using sbtest5_pkey on sbtest5  (cost=0.43..439.80 rows=110 width=125)
	  Index Cond: ((id >= 766949) AND (id <= 767049))

table 6 : explain SELECT id, c FROM sbtest6 WHERE id BETWEEN 766949 AND 767049
	Index Scan using sbtest6_pkey on sbtest6  (cost=0.43..423.21 rows=106 width=125)
	  Index Cond: ((id >= 766949) AND (id <= 767049))

table 7 : explain SELECT id, c FROM sbtest7 WHERE id BETWEEN 766949 AND 767049
	Index Scan using sbtest7_pkey on sbtest7  (cost=0.43..387.27 rows=97 width=125)
	  Index Cond: ((id >= 766949) AND (id <= 767049))

table 8 : explain SELECT id, c FROM sbtest8 WHERE id BETWEEN 766949 AND 767049
	Index Scan using sbtest8_pkey on sbtest8  (cost=0.43..414.49 rows=104 width=125)
	  Index Cond: ((id >= 766949) AND (id <= 767049))

explain: for range-notcovered :: explain SELECT id, c FROM sbtest%d WHERE id BETWEEN 766949 AND 767049
for range-notcovered
table 1 : explain SELECT id, c FROM sbtest1 WHERE id BETWEEN 766949 AND 767049
	Index Scan using sbtest1_pkey on sbtest1  (cost=0.43..388.35 rows=97 width=125)
	  Index Cond: ((id >= 766949) AND (id <= 767049))

table 2 : explain SELECT id, c FROM sbtest2 WHERE id BETWEEN 766949 AND 767049
	Index Scan using sbtest2_pkey on sbtest2  (cost=0.43..393.15 rows=98 width=125)
	  Index Cond: ((id >= 766949) AND (id <= 767049))

table 3 : explain SELECT id, c FROM sbtest3 WHERE id BETWEEN 766949 AND 767049
	Index Scan using sbtest3_pkey on sbtest3  (cost=0.43..364.78 rows=91 width=125)
	  Index Cond: ((id >= 766949) AND (id <= 767049))

table 4 : explain SELECT id, c FROM sbtest4 WHERE id BETWEEN 766949 AND 767049
	Index Scan using sbtest4_pkey on sbtest4  (cost=0.43..426.83 rows=107 width=125)
	  Index Cond: ((id >= 766949) AND (id <= 767049))

table 5 : explain SELECT id, c FROM sbtest5 WHERE id BETWEEN 766949 AND 767049
	Index Scan using sbtest5_pkey on sbtest5  (cost=0.43..439.80 rows=110 width=125)
	  Index Cond: ((id >= 766949) AND (id <= 767049))

table 6 : explain SELECT id, c FROM sbtest6 WHERE id BETWEEN 766949 AND 767049
	Index Scan using sbtest6_pkey on sbtest6  (cost=0.43..423.21 rows=106 width=125)
	  Index Cond: ((id >= 766949) AND (id <= 767049))

table 7 : explain SELECT id, c FROM sbtest7 WHERE id BETWEEN 766949 AND 767049
	Index Scan using sbtest7_pkey on sbtest7  (cost=0.43..387.27 rows=97 width=125)
	  Index Cond: ((id >= 766949) AND (id <= 767049))

table 8 : explain SELECT id, c FROM sbtest8 WHERE id BETWEEN 766949 AND 767049
	Index Scan using sbtest8_pkey on sbtest8  (cost=0.43..414.49 rows=104 width=125)
	  Index Cond: ((id >= 766949) AND (id <= 767049))

for range-notcovered
table 1 : explain SELECT id, c FROM sbtest1 WHERE id BETWEEN 3830455 AND 3830555
	Index Scan using sbtest1_pkey on sbtest1  (cost=0.43..431.89 rows=108 width=125)
	  Index Cond: ((id >= 3830455) AND (id <= 3830555))

table 2 : explain SELECT id, c FROM sbtest2 WHERE id BETWEEN 3830455 AND 3830555
	Index Scan using sbtest2_pkey on sbtest2  (cost=0.43..405.05 rows=101 width=125)
	  Index Cond: ((id >= 3830455) AND (id <= 3830555))

table 3 : explain SELECT id, c FROM sbtest3 WHERE id BETWEEN 3830455 AND 3830555
	Index Scan using sbtest3_pkey on sbtest3  (cost=0.43..388.54 rows=97 width=125)
	  Index Cond: ((id >= 3830455) AND (id <= 3830555))

table 4 : explain SELECT id, c FROM sbtest4 WHERE id BETWEEN 3830455 AND 3830555
	Index Scan using sbtest4_pkey on sbtest4  (cost=0.43..434.73 rows=109 width=125)
	  Index Cond: ((id >= 3830455) AND (id <= 3830555))

table 5 : explain SELECT id, c FROM sbtest5 WHERE id BETWEEN 3830455 AND 3830555
	Index Scan using sbtest5_pkey on sbtest5  (cost=0.43..408.15 rows=102 width=125)
	  Index Cond: ((id >= 3830455) AND (id <= 3830555))

table 6 : explain SELECT id, c FROM sbtest6 WHERE id BETWEEN 3830455 AND 3830555
	Index Scan using sbtest6_pkey on sbtest6  (cost=0.43..399.51 rows=100 width=125)
	  Index Cond: ((id >= 3830455) AND (id <= 3830555))

table 7 : explain SELECT id, c FROM sbtest7 WHERE id BETWEEN 3830455 AND 3830555
	Index Scan using sbtest7_pkey on sbtest7  (cost=0.43..395.16 rows=99 width=125)
	  Index Cond: ((id >= 3830455) AND (id <= 3830555))

table 8 : explain SELECT id, c FROM sbtest8 WHERE id BETWEEN 3830455 AND 3830555
	Index Scan using sbtest8_pkey on sbtest8  (cost=0.43..449.96 rows=113 width=125)
	  Index Cond: ((id >= 3830455) AND (id <= 3830555))

for range-notcovered
table 1 : explain SELECT id, c FROM sbtest1 WHERE id BETWEEN 5348967 AND 5349067
	Index Scan using sbtest1_pkey on sbtest1  (cost=0.43..380.44 rows=95 width=125)
	  Index Cond: ((id >= 5348967) AND (id <= 5349067))

table 2 : explain SELECT id, c FROM sbtest2 WHERE id BETWEEN 5348967 AND 5349067
	Index Scan using sbtest2_pkey on sbtest2  (cost=0.43..401.08 rows=100 width=125)
	  Index Cond: ((id >= 5348967) AND (id <= 5349067))

table 3 : explain SELECT id, c FROM sbtest3 WHERE id BETWEEN 5348967 AND 5349067
	Index Scan using sbtest3_pkey on sbtest3  (cost=0.43..400.41 rows=100 width=125)
	  Index Cond: ((id >= 5348967) AND (id <= 5349067))

table 4 : explain SELECT id, c FROM sbtest4 WHERE id BETWEEN 5348967 AND 5349067
	Index Scan using sbtest4_pkey on sbtest4  (cost=0.43..351.83 rows=88 width=125)
	  Index Cond: ((id >= 5348967) AND (id <= 5349067))

table 5 : explain SELECT id, c FROM sbtest5 WHERE id BETWEEN 5348967 AND 5349067
	Index Scan using sbtest5_pkey on sbtest5  (cost=0.43..412.10 rows=103 width=125)
	  Index Cond: ((id >= 5348967) AND (id <= 5349067))

table 6 : explain SELECT id, c FROM sbtest6 WHERE id BETWEEN 5348967 AND 5349067
	Index Scan using sbtest6_pkey on sbtest6  (cost=0.43..419.26 rows=105 width=125)
	  Index Cond: ((id >= 5348967) AND (id <= 5349067))

table 7 : explain SELECT id, c FROM sbtest7 WHERE id BETWEEN 5348967 AND 5349067
	Index Scan using sbtest7_pkey on sbtest7  (cost=0.43..438.58 rows=110 width=125)
	  Index Cond: ((id >= 5348967) AND (id <= 5349067))

table 8 : explain SELECT id, c FROM sbtest8 WHERE id BETWEEN 5348967 AND 5349067
	Index Scan using sbtest8_pkey on sbtest8  (cost=0.43..414.49 rows=104 width=125)
	  Index Cond: ((id >= 5348967) AND (id <= 5349067))

explain: for range-notcovered :: explain SELECT id, c FROM sbtest%d WHERE id BETWEEN 766949 AND 767049
explain: for range-notcovered :: explain SELECT id, c FROM sbtest%d WHERE id BETWEEN 3830455 AND 3830555
explain: for range-notcovered :: explain SELECT id, c FROM sbtest%d WHERE id BETWEEN 5348967 AND 5349067
for range-notcovered
table 1 : explain SELECT id, c FROM sbtest1 WHERE id BETWEEN 5348967 AND 5349067
	Index Scan using sbtest1_pkey on sbtest1  (cost=0.43..380.44 rows=95 width=125)
	  Index Cond: ((id >= 5348967) AND (id <= 5349067))

table 2 : explain SELECT id, c FROM sbtest2 WHERE id BETWEEN 5348967 AND 5349067
	Index Scan using sbtest2_pkey on sbtest2  (cost=0.43..401.08 rows=100 width=125)
	  Index Cond: ((id >= 5348967) AND (id <= 5349067))

table 3 : explain SELECT id, c FROM sbtest3 WHERE id BETWEEN 5348967 AND 5349067
	Index Scan using sbtest3_pkey on sbtest3  (cost=0.43..400.41 rows=100 width=125)
	  Index Cond: ((id >= 5348967) AND (id <= 5349067))

table 4 : explain SELECT id, c FROM sbtest4 WHERE id BETWEEN 5348967 AND 5349067
	Index Scan using sbtest4_pkey on sbtest4  (cost=0.43..351.83 rows=88 width=125)
	  Index Cond: ((id >= 5348967) AND (id <= 5349067))

table 5 : explain SELECT id, c FROM sbtest5 WHERE id BETWEEN 5348967 AND 5349067
	Index Scan using sbtest5_pkey on sbtest5  (cost=0.43..412.10 rows=103 width=125)
	  Index Cond: ((id >= 5348967) AND (id <= 5349067))

table 6 : explain SELECT id, c FROM sbtest6 WHERE id BETWEEN 5348967 AND 5349067
	Index Scan using sbtest6_pkey on sbtest6  (cost=0.43..419.26 rows=105 width=125)
	  Index Cond: ((id >= 5348967) AND (id <= 5349067))

table 7 : explain SELECT id, c FROM sbtest7 WHERE id BETWEEN 5348967 AND 5349067
	Index Scan using sbtest7_pkey on sbtest7  (cost=0.43..438.58 rows=110 width=125)
	  Index Cond: ((id >= 5348967) AND (id <= 5349067))

table 8 : explain SELECT id, c FROM sbtest8 WHERE id BETWEEN 5348967 AND 5349067
	Index Scan using sbtest8_pkey on sbtest8  (cost=0.43..414.49 rows=104 width=125)
	  Index Cond: ((id >= 5348967) AND (id <= 5349067))

explain: for range-notcovered :: explain SELECT id, c FROM sbtest%d WHERE id BETWEEN 5348967 AND 5349067
explain: for range-notcovered :: explain SELECT id, c FROM sbtest%d WHERE id BETWEEN 5648806 AND 5648906
for range-notcovered
table 1 : explain SELECT id, c FROM sbtest1 WHERE id BETWEEN 766949 AND 767049
	Index Scan using sbtest1_pkey on sbtest1  (cost=0.43..388.35 rows=97 width=125)
	  Index Cond: ((id >= 766949) AND (id <= 767049))

table 2 : explain SELECT id, c FROM sbtest2 WHERE id BETWEEN 766949 AND 767049
	Index Scan using sbtest2_pkey on sbtest2  (cost=0.43..393.15 rows=98 width=125)
	  Index Cond: ((id >= 766949) AND (id <= 767049))

table 3 : explain SELECT id, c FROM sbtest3 WHERE id BETWEEN 766949 AND 767049
	Index Scan using sbtest3_pkey on sbtest3  (cost=0.43..364.78 rows=91 width=125)
	  Index Cond: ((id >= 766949) AND (id <= 767049))

table 4 : explain SELECT id, c FROM sbtest4 WHERE id BETWEEN 766949 AND 767049
	Index Scan using sbtest4_pkey on sbtest4  (cost=0.43..426.83 rows=107 width=125)
	  Index Cond: ((id >= 766949) AND (id <= 767049))

table 5 : explain SELECT id, c FROM sbtest5 WHERE id BETWEEN 766949 AND 767049
	Index Scan using sbtest5_pkey on sbtest5  (cost=0.43..439.80 rows=110 width=125)
	  Index Cond: ((id >= 766949) AND (id <= 767049))

table 6 : explain SELECT id, c FROM sbtest6 WHERE id BETWEEN 766949 AND 767049
	Index Scan using sbtest6_pkey on sbtest6  (cost=0.43..423.21 rows=106 width=125)
	  Index Cond: ((id >= 766949) AND (id <= 767049))

table 7 : explain SELECT id, c FROM sbtest7 WHERE id BETWEEN 766949 AND 767049
	Index Scan using sbtest7_pkey on sbtest7  (cost=0.43..387.27 rows=97 width=125)
	  Index Cond: ((id >= 766949) AND (id <= 767049))

table 8 : explain SELECT id, c FROM sbtest8 WHERE id BETWEEN 766949 AND 767049
	Index Scan using sbtest8_pkey on sbtest8  (cost=0.43..414.49 rows=104 width=125)
	  Index Cond: ((id >= 766949) AND (id <= 767049))

for range-notcovered
table 1 : explain SELECT id, c FROM sbtest1 WHERE id BETWEEN 3830455 AND 3830555
	Index Scan using sbtest1_pkey on sbtest1  (cost=0.43..431.89 rows=108 width=125)
	  Index Cond: ((id >= 3830455) AND (id <= 3830555))

table 2 : explain SELECT id, c FROM sbtest2 WHERE id BETWEEN 3830455 AND 3830555
	Index Scan using sbtest2_pkey on sbtest2  (cost=0.43..405.05 rows=101 width=125)
	  Index Cond: ((id >= 3830455) AND (id <= 3830555))

table 3 : explain SELECT id, c FROM sbtest3 WHERE id BETWEEN 3830455 AND 3830555
	Index Scan using sbtest3_pkey on sbtest3  (cost=0.43..388.54 rows=97 width=125)
	  Index Cond: ((id >= 3830455) AND (id <= 3830555))

table 4 : explain SELECT id, c FROM sbtest4 WHERE id BETWEEN 3830455 AND 3830555
	Index Scan using sbtest4_pkey on sbtest4  (cost=0.43..434.73 rows=109 width=125)
	  Index Cond: ((id >= 3830455) AND (id <= 3830555))

table 5 : explain SELECT id, c FROM sbtest5 WHERE id BETWEEN 3830455 AND 3830555
	Index Scan using sbtest5_pkey on sbtest5  (cost=0.43..408.15 rows=102 width=125)
	  Index Cond: ((id >= 3830455) AND (id <= 3830555))

table 6 : explain SELECT id, c FROM sbtest6 WHERE id BETWEEN 3830455 AND 3830555
	Index Scan using sbtest6_pkey on sbtest6  (cost=0.43..399.51 rows=100 width=125)
	  Index Cond: ((id >= 3830455) AND (id <= 3830555))

table 7 : explain SELECT id, c FROM sbtest7 WHERE id BETWEEN 3830455 AND 3830555
	Index Scan using sbtest7_pkey on sbtest7  (cost=0.43..395.16 rows=99 width=125)
	  Index Cond: ((id >= 3830455) AND (id <= 3830555))

table 8 : explain SELECT id, c FROM sbtest8 WHERE id BETWEEN 3830455 AND 3830555
	Index Scan using sbtest8_pkey on sbtest8  (cost=0.43..449.96 rows=113 width=125)
	  Index Cond: ((id >= 3830455) AND (id <= 3830555))

explain: for range-notcovered :: explain SELECT id, c FROM sbtest%d WHERE id BETWEEN 3859037 AND 3859137
explain: for range-notcovered :: explain SELECT id, c FROM sbtest%d WHERE id BETWEEN 528530 AND 528630
explain: for range-notcovered :: explain SELECT id, c FROM sbtest%d WHERE id BETWEEN 766949 AND 767049
explain: for range-notcovered :: explain SELECT id, c FROM sbtest%d WHERE id BETWEEN 3830455 AND 3830555
explain: for range-notcovered :: explain SELECT id, c FROM sbtest%d WHERE id BETWEEN 8569623 AND 8569723
for range-notcovered
table 1 : explain SELECT id, c FROM sbtest1 WHERE id BETWEEN 3620488 AND 3620588
	Index Scan using sbtest1_pkey on sbtest1  (cost=0.43..384.40 rows=96 width=125)
	  Index Cond: ((id >= 3620488) AND (id <= 3620588))

table 2 : explain SELECT id, c FROM sbtest2 WHERE id BETWEEN 3620488 AND 3620588
	Index Scan using sbtest2_pkey on sbtest2  (cost=0.43..409.02 rows=102 width=125)
	  Index Cond: ((id >= 3620488) AND (id <= 3620588))

table 3 : explain SELECT id, c FROM sbtest3 WHERE id BETWEEN 3620488 AND 3620588
	Index Scan using sbtest3_pkey on sbtest3  (cost=0.43..376.66 rows=94 width=125)
	  Index Cond: ((id >= 3620488) AND (id <= 3620588))

table 4 : explain SELECT id, c FROM sbtest4 WHERE id BETWEEN 3620488 AND 3620588
	Index Scan using sbtest4_pkey on sbtest4  (cost=0.43..422.89 rows=106 width=125)
	  Index Cond: ((id >= 3620488) AND (id <= 3620588))

table 5 : explain SELECT id, c FROM sbtest5 WHERE id BETWEEN 3620488 AND 3620588
	Index Scan using sbtest5_pkey on sbtest5  (cost=0.43..439.80 rows=110 width=125)
	  Index Cond: ((id >= 3620488) AND (id <= 3620588))

table 6 : explain SELECT id, c FROM sbtest6 WHERE id BETWEEN 3620488 AND 3620588
	Index Scan using sbtest6_pkey on sbtest6  (cost=0.43..387.65 rows=97 width=125)
	  Index Cond: ((id >= 3620488) AND (id <= 3620588))

table 7 : explain SELECT id, c FROM sbtest7 WHERE id BETWEEN 3620488 AND 3620588
	Index Scan using sbtest7_pkey on sbtest7  (cost=0.43..438.58 rows=110 width=125)
	  Index Cond: ((id >= 3620488) AND (id <= 3620588))

table 8 : explain SELECT id, c FROM sbtest8 WHERE id BETWEEN 3620488 AND 3620588
	Index Scan using sbtest8_pkey on sbtest8  (cost=0.43..410.54 rows=103 width=125)
	  Index Cond: ((id >= 3620488) AND (id <= 3620588))

explain: for range-notcovered :: explain SELECT id, c FROM sbtest%d WHERE id BETWEEN 3620488 AND 3620588
explain: for range-notcovered :: explain SELECT id, c FROM sbtest%d WHERE id BETWEEN 3660452 AND 3660552
for range-notcovered
table 1 : explain SELECT id, c FROM sbtest1 WHERE id BETWEEN 3620488 AND 3620588
	Index Scan using sbtest1_pkey on sbtest1  (cost=0.43..384.40 rows=96 width=125)
	  Index Cond: ((id >= 3620488) AND (id <= 3620588))

table 2 : explain SELECT id, c FROM sbtest2 WHERE id BETWEEN 3620488 AND 3620588
	Index Scan using sbtest2_pkey on sbtest2  (cost=0.43..409.02 rows=102 width=125)
	  Index Cond: ((id >= 3620488) AND (id <= 3620588))

table 3 : explain SELECT id, c FROM sbtest3 WHERE id BETWEEN 3620488 AND 3620588
	Index Scan using sbtest3_pkey on sbtest3  (cost=0.43..376.66 rows=94 width=125)
	  Index Cond: ((id >= 3620488) AND (id <= 3620588))

table 4 : explain SELECT id, c FROM sbtest4 WHERE id BETWEEN 3620488 AND 3620588
	Index Scan using sbtest4_pkey on sbtest4  (cost=0.43..422.89 rows=106 width=125)
	  Index Cond: ((id >= 3620488) AND (id <= 3620588))

table 5 : explain SELECT id, c FROM sbtest5 WHERE id BETWEEN 3620488 AND 3620588
	Index Scan using sbtest5_pkey on sbtest5  (cost=0.43..439.80 rows=110 width=125)
	  Index Cond: ((id >= 3620488) AND (id <= 3620588))

table 6 : explain SELECT id, c FROM sbtest6 WHERE id BETWEEN 3620488 AND 3620588
	Index Scan using sbtest6_pkey on sbtest6  (cost=0.43..387.65 rows=97 width=125)
	  Index Cond: ((id >= 3620488) AND (id <= 3620588))

table 7 : explain SELECT id, c FROM sbtest7 WHERE id BETWEEN 3620488 AND 3620588
	Index Scan using sbtest7_pkey on sbtest7  (cost=0.43..438.58 rows=110 width=125)
	  Index Cond: ((id >= 3620488) AND (id <= 3620588))

table 8 : explain SELECT id, c FROM sbtest8 WHERE id BETWEEN 3620488 AND 3620588
	Index Scan using sbtest8_pkey on sbtest8  (cost=0.43..410.54 rows=103 width=125)
	  Index Cond: ((id >= 3620488) AND (id <= 3620588))

for range-notcovered
table 1 : explain SELECT id, c FROM sbtest1 WHERE id BETWEEN 766949 AND 767049
	Index Scan using sbtest1_pkey on sbtest1  (cost=0.43..388.35 rows=97 width=125)
	  Index Cond: ((id >= 766949) AND (id <= 767049))

table 2 : explain SELECT id, c FROM sbtest2 WHERE id BETWEEN 766949 AND 767049
	Index Scan using sbtest2_pkey on sbtest2  (cost=0.43..393.15 rows=98 width=125)
	  Index Cond: ((id >= 766949) AND (id <= 767049))

table 3 : explain SELECT id, c FROM sbtest3 WHERE id BETWEEN 766949 AND 767049
	Index Scan using sbtest3_pkey on sbtest3  (cost=0.43..364.78 rows=91 width=125)
	  Index Cond: ((id >= 766949) AND (id <= 767049))

table 4 : explain SELECT id, c FROM sbtest4 WHERE id BETWEEN 766949 AND 767049
	Index Scan using sbtest4_pkey on sbtest4  (cost=0.43..426.83 rows=107 width=125)
	  Index Cond: ((id >= 766949) AND (id <= 767049))

table 5 : explain SELECT id, c FROM sbtest5 WHERE id BETWEEN 766949 AND 767049
	Index Scan using sbtest5_pkey on sbtest5  (cost=0.43..439.80 rows=110 width=125)
	  Index Cond: ((id >= 766949) AND (id <= 767049))

table 6 : explain SELECT id, c FROM sbtest6 WHERE id BETWEEN 766949 AND 767049
	Index Scan using sbtest6_pkey on sbtest6  (cost=0.43..423.21 rows=106 width=125)
	  Index Cond: ((id >= 766949) AND (id <= 767049))

table 7 : explain SELECT id, c FROM sbtest7 WHERE id BETWEEN 766949 AND 767049
	Index Scan using sbtest7_pkey on sbtest7  (cost=0.43..387.27 rows=97 width=125)
	  Index Cond: ((id >= 766949) AND (id <= 767049))

table 8 : explain SELECT id, c FROM sbtest8 WHERE id BETWEEN 766949 AND 767049
	Index Scan using sbtest8_pkey on sbtest8  (cost=0.43..414.49 rows=104 width=125)
	  Index Cond: ((id >= 766949) AND (id <= 767049))

explain: for range-notcovered :: explain SELECT id, c FROM sbtest%d WHERE id BETWEEN 3620488 AND 3620588
for range-notcovered
table 1 : explain SELECT id, c FROM sbtest1 WHERE id BETWEEN 3830455 AND 3830555
	Index Scan using sbtest1_pkey on sbtest1  (cost=0.43..431.89 rows=108 width=125)
	  Index Cond: ((id >= 3830455) AND (id <= 3830555))

table 2 : explain SELECT id, c FROM sbtest2 WHERE id BETWEEN 3830455 AND 3830555
	Index Scan using sbtest2_pkey on sbtest2  (cost=0.43..405.05 rows=101 width=125)
	  Index Cond: ((id >= 3830455) AND (id <= 3830555))

table 3 : explain SELECT id, c FROM sbtest3 WHERE id BETWEEN 3830455 AND 3830555
	Index Scan using sbtest3_pkey on sbtest3  (cost=0.43..388.54 rows=97 width=125)
	  Index Cond: ((id >= 3830455) AND (id <= 3830555))

table 4 : explain SELECT id, c FROM sbtest4 WHERE id BETWEEN 3830455 AND 3830555
	Index Scan using sbtest4_pkey on sbtest4  (cost=0.43..434.73 rows=109 width=125)
	  Index Cond: ((id >= 3830455) AND (id <= 3830555))

table 5 : explain SELECT id, c FROM sbtest5 WHERE id BETWEEN 3830455 AND 3830555
	Index Scan using sbtest5_pkey on sbtest5  (cost=0.43..408.15 rows=102 width=125)
	  Index Cond: ((id >= 3830455) AND (id <= 3830555))

table 6 : explain SELECT id, c FROM sbtest6 WHERE id BETWEEN 3830455 AND 3830555
	Index Scan using sbtest6_pkey on sbtest6  (cost=0.43..399.51 rows=100 width=125)
	  Index Cond: ((id >= 3830455) AND (id <= 3830555))

table 7 : explain SELECT id, c FROM sbtest7 WHERE id BETWEEN 3830455 AND 3830555
	Index Scan using sbtest7_pkey on sbtest7  (cost=0.43..395.16 rows=99 width=125)
	  Index Cond: ((id >= 3830455) AND (id <= 3830555))

table 8 : explain SELECT id, c FROM sbtest8 WHERE id BETWEEN 3830455 AND 3830555
	Index Scan using sbtest8_pkey on sbtest8  (cost=0.43..449.96 rows=113 width=125)
	  Index Cond: ((id >= 3830455) AND (id <= 3830555))

explain: for range-notcovered :: explain SELECT id, c FROM sbtest%d WHERE id BETWEEN 766949 AND 767049
explain: for range-notcovered :: explain SELECT id, c FROM sbtest%d WHERE id BETWEEN 3830455 AND 3830555
for range-notcovered
table 1 : explain SELECT id, c FROM sbtest1 WHERE id BETWEEN 5348967 AND 5349067
	Index Scan using sbtest1_pkey on sbtest1  (cost=0.43..380.44 rows=95 width=125)
	  Index Cond: ((id >= 5348967) AND (id <= 5349067))

table 2 : explain SELECT id, c FROM sbtest2 WHERE id BETWEEN 5348967 AND 5349067
	Index Scan using sbtest2_pkey on sbtest2  (cost=0.43..401.08 rows=100 width=125)
	  Index Cond: ((id >= 5348967) AND (id <= 5349067))

table 3 : explain SELECT id, c FROM sbtest3 WHERE id BETWEEN 5348967 AND 5349067
	Index Scan using sbtest3_pkey on sbtest3  (cost=0.43..400.41 rows=100 width=125)
	  Index Cond: ((id >= 5348967) AND (id <= 5349067))

table 4 : explain SELECT id, c FROM sbtest4 WHERE id BETWEEN 5348967 AND 5349067
	Index Scan using sbtest4_pkey on sbtest4  (cost=0.43..351.83 rows=88 width=125)
	  Index Cond: ((id >= 5348967) AND (id <= 5349067))

table 5 : explain SELECT id, c FROM sbtest5 WHERE id BETWEEN 5348967 AND 5349067
	Index Scan using sbtest5_pkey on sbtest5  (cost=0.43..412.10 rows=103 width=125)
	  Index Cond: ((id >= 5348967) AND (id <= 5349067))

table 6 : explain SELECT id, c FROM sbtest6 WHERE id BETWEEN 5348967 AND 5349067
	Index Scan using sbtest6_pkey on sbtest6  (cost=0.43..419.26 rows=105 width=125)
	  Index Cond: ((id >= 5348967) AND (id <= 5349067))

table 7 : explain SELECT id, c FROM sbtest7 WHERE id BETWEEN 5348967 AND 5349067
	Index Scan using sbtest7_pkey on sbtest7  (cost=0.43..438.58 rows=110 width=125)
	  Index Cond: ((id >= 5348967) AND (id <= 5349067))

table 8 : explain SELECT id, c FROM sbtest8 WHERE id BETWEEN 5348967 AND 5349067
	Index Scan using sbtest8_pkey on sbtest8  (cost=0.43..414.49 rows=104 width=125)
	  Index Cond: ((id >= 5348967) AND (id <= 5349067))

for range-notcovered
table 1 : explain SELECT id, c FROM sbtest1 WHERE id BETWEEN 3620488 AND 3620588
	Index Scan using sbtest1_pkey on sbtest1  (cost=0.43..384.40 rows=96 width=125)
	  Index Cond: ((id >= 3620488) AND (id <= 3620588))

table 2 : explain SELECT id, c FROM sbtest2 WHERE id BETWEEN 3620488 AND 3620588
	Index Scan using sbtest2_pkey on sbtest2  (cost=0.43..409.02 rows=102 width=125)
	  Index Cond: ((id >= 3620488) AND (id <= 3620588))

table 3 : explain SELECT id, c FROM sbtest3 WHERE id BETWEEN 3620488 AND 3620588
	Index Scan using sbtest3_pkey on sbtest3  (cost=0.43..376.66 rows=94 width=125)
	  Index Cond: ((id >= 3620488) AND (id <= 3620588))

table 4 : explain SELECT id, c FROM sbtest4 WHERE id BETWEEN 3620488 AND 3620588
	Index Scan using sbtest4_pkey on sbtest4  (cost=0.43..422.89 rows=106 width=125)
	  Index Cond: ((id >= 3620488) AND (id <= 3620588))

table 5 : explain SELECT id, c FROM sbtest5 WHERE id BETWEEN 3620488 AND 3620588
	Index Scan using sbtest5_pkey on sbtest5  (cost=0.43..439.80 rows=110 width=125)
	  Index Cond: ((id >= 3620488) AND (id <= 3620588))

table 6 : explain SELECT id, c FROM sbtest6 WHERE id BETWEEN 3620488 AND 3620588
	Index Scan using sbtest6_pkey on sbtest6  (cost=0.43..387.65 rows=97 width=125)
	  Index Cond: ((id >= 3620488) AND (id <= 3620588))

table 7 : explain SELECT id, c FROM sbtest7 WHERE id BETWEEN 3620488 AND 3620588
	Index Scan using sbtest7_pkey on sbtest7  (cost=0.43..438.58 rows=110 width=125)
	  Index Cond: ((id >= 3620488) AND (id <= 3620588))

table 8 : explain SELECT id, c FROM sbtest8 WHERE id BETWEEN 3620488 AND 3620588
	Index Scan using sbtest8_pkey on sbtest8  (cost=0.43..410.54 rows=103 width=125)
	  Index Cond: ((id >= 3620488) AND (id <= 3620588))

explain: for range-notcovered :: explain SELECT id, c FROM sbtest%d WHERE id BETWEEN 5348967 AND 5349067
explain: for range-notcovered :: explain SELECT id, c FROM sbtest%d WHERE id BETWEEN 3620488 AND 3620588
for range-notcovered
table 1 : explain SELECT id, c FROM sbtest1 WHERE id BETWEEN 3620488 AND 3620588
	Index Scan using sbtest1_pkey on sbtest1  (cost=0.43..384.40 rows=96 width=125)
	  Index Cond: ((id >= 3620488) AND (id <= 3620588))

table 2 : explain SELECT id, c FROM sbtest2 WHERE id BETWEEN 3620488 AND 3620588
	Index Scan using sbtest2_pkey on sbtest2  (cost=0.43..409.02 rows=102 width=125)
	  Index Cond: ((id >= 3620488) AND (id <= 3620588))

table 3 : explain SELECT id, c FROM sbtest3 WHERE id BETWEEN 3620488 AND 3620588
	Index Scan using sbtest3_pkey on sbtest3  (cost=0.43..376.66 rows=94 width=125)
	  Index Cond: ((id >= 3620488) AND (id <= 3620588))

table 4 : explain SELECT id, c FROM sbtest4 WHERE id BETWEEN 3620488 AND 3620588
	Index Scan using sbtest4_pkey on sbtest4  (cost=0.43..422.89 rows=106 width=125)
	  Index Cond: ((id >= 3620488) AND (id <= 3620588))

table 5 : explain SELECT id, c FROM sbtest5 WHERE id BETWEEN 3620488 AND 3620588
	Index Scan using sbtest5_pkey on sbtest5  (cost=0.43..439.80 rows=110 width=125)
	  Index Cond: ((id >= 3620488) AND (id <= 3620588))

table 6 : explain SELECT id, c FROM sbtest6 WHERE id BETWEEN 3620488 AND 3620588
	Index Scan using sbtest6_pkey on sbtest6  (cost=0.43..387.65 rows=97 width=125)
	  Index Cond: ((id >= 3620488) AND (id <= 3620588))

table 7 : explain SELECT id, c FROM sbtest7 WHERE id BETWEEN 3620488 AND 3620588
	Index Scan using sbtest7_pkey on sbtest7  (cost=0.43..438.58 rows=110 width=125)
	  Index Cond: ((id >= 3620488) AND (id <= 3620588))

table 8 : explain SELECT id, c FROM sbtest8 WHERE id BETWEEN 3620488 AND 3620588
	Index Scan using sbtest8_pkey on sbtest8  (cost=0.43..410.54 rows=103 width=125)
	  Index Cond: ((id >= 3620488) AND (id <= 3620588))

for range-notcovered
table 1 : explain SELECT id, c FROM sbtest1 WHERE id BETWEEN 6167153 AND 6167253
	Index Scan using sbtest1_pkey on sbtest1  (cost=0.43..384.40 rows=96 width=125)
	  Index Cond: ((id >= 6167153) AND (id <= 6167253))

table 2 : explain SELECT id, c FROM sbtest2 WHERE id BETWEEN 6167153 AND 6167253
	Index Scan using sbtest2_pkey on sbtest2  (cost=0.43..416.96 rows=104 width=125)
	  Index Cond: ((id >= 6167153) AND (id <= 6167253))

table 3 : explain SELECT id, c FROM sbtest3 WHERE id BETWEEN 6167153 AND 6167253
	Index Scan using sbtest3_pkey on sbtest3  (cost=0.43..408.35 rows=102 width=125)
	  Index Cond: ((id >= 6167153) AND (id <= 6167253))

table 4 : explain SELECT id, c FROM sbtest4 WHERE id BETWEEN 6167153 AND 6167253
	Index Scan using sbtest4_pkey on sbtest4  (cost=0.43..395.24 rows=99 width=125)
	  Index Cond: ((id >= 6167153) AND (id <= 6167253))

table 5 : explain SELECT id, c FROM sbtest5 WHERE id BETWEEN 6167153 AND 6167253
	Index Scan using sbtest5_pkey on sbtest5  (cost=0.43..400.22 rows=100 width=125)
	  Index Cond: ((id >= 6167153) AND (id <= 6167253))

table 6 : explain SELECT id, c FROM sbtest6 WHERE id BETWEEN 6167153 AND 6167253
	Index Scan using sbtest6_pkey on sbtest6  (cost=0.43..411.36 rows=103 width=125)
	  Index Cond: ((id >= 6167153) AND (id <= 6167253))

table 7 : explain SELECT id, c FROM sbtest7 WHERE id BETWEEN 6167153 AND 6167253
	Index Scan using sbtest7_pkey on sbtest7  (cost=0.43..387.27 rows=97 width=125)
	  Index Cond: ((id >= 6167153) AND (id <= 6167253))

table 8 : explain SELECT id, c FROM sbtest8 WHERE id BETWEEN 6167153 AND 6167253
	Index Scan using sbtest8_pkey on sbtest8  (cost=0.43..422.37 rows=106 width=125)
	  Index Cond: ((id >= 6167153) AND (id <= 6167253))

explain: for range-notcovered :: explain SELECT id, c FROM sbtest%d WHERE id BETWEEN 3620488 AND 3620588
for range-notcovered
table 1 : explain SELECT id, c FROM sbtest1 WHERE id BETWEEN 766949 AND 767049
	Index Scan using sbtest1_pkey on sbtest1  (cost=0.43..388.35 rows=97 width=125)
	  Index Cond: ((id >= 766949) AND (id <= 767049))

table 2 : explain SELECT id, c FROM sbtest2 WHERE id BETWEEN 766949 AND 767049
	Index Scan using sbtest2_pkey on sbtest2  (cost=0.43..393.15 rows=98 width=125)
	  Index Cond: ((id >= 766949) AND (id <= 767049))

table 3 : explain SELECT id, c FROM sbtest3 WHERE id BETWEEN 766949 AND 767049
	Index Scan using sbtest3_pkey on sbtest3  (cost=0.43..364.78 rows=91 width=125)
	  Index Cond: ((id >= 766949) AND (id <= 767049))

table 4 : explain SELECT id, c FROM sbtest4 WHERE id BETWEEN 766949 AND 767049
	Index Scan using sbtest4_pkey on sbtest4  (cost=0.43..426.83 rows=107 width=125)
	  Index Cond: ((id >= 766949) AND (id <= 767049))

table 5 : explain SELECT id, c FROM sbtest5 WHERE id BETWEEN 766949 AND 767049
	Index Scan using sbtest5_pkey on sbtest5  (cost=0.43..439.80 rows=110 width=125)
	  Index Cond: ((id >= 766949) AND (id <= 767049))

table 6 : explain SELECT id, c FROM sbtest6 WHERE id BETWEEN 766949 AND 767049
	Index Scan using sbtest6_pkey on sbtest6  (cost=0.43..423.21 rows=106 width=125)
	  Index Cond: ((id >= 766949) AND (id <= 767049))

table 7 : explain SELECT id, c FROM sbtest7 WHERE id BETWEEN 766949 AND 767049
	Index Scan using sbtest7_pkey on sbtest7  (cost=0.43..387.27 rows=97 width=125)
	  Index Cond: ((id >= 766949) AND (id <= 767049))

table 8 : explain SELECT id, c FROM sbtest8 WHERE id BETWEEN 766949 AND 767049
	Index Scan using sbtest8_pkey on sbtest8  (cost=0.43..414.49 rows=104 width=125)
	  Index Cond: ((id >= 766949) AND (id <= 767049))

for range-notcovered
table 1 : explain SELECT id, c FROM sbtest1 WHERE id BETWEEN 5648806 AND 5648906
	Index Scan using sbtest1_pkey on sbtest1  (cost=0.43..388.35 rows=97 width=125)
	  Index Cond: ((id >= 5648806) AND (id <= 5648906))

table 2 : explain SELECT id, c FROM sbtest2 WHERE id BETWEEN 5648806 AND 5648906
	Index Scan using sbtest2_pkey on sbtest2  (cost=0.43..409.03 rows=102 width=125)
	  Index Cond: ((id >= 5648806) AND (id <= 5648906))

table 3 : explain SELECT id, c FROM sbtest3 WHERE id BETWEEN 5648806 AND 5648906
	Index Scan using sbtest3_pkey on sbtest3  (cost=0.43..424.18 rows=106 width=125)
	  Index Cond: ((id >= 5648806) AND (id <= 5648906))

table 4 : explain SELECT id, c FROM sbtest4 WHERE id BETWEEN 5648806 AND 5648906
	Index Scan using sbtest4_pkey on sbtest4  (cost=0.43..458.40 rows=115 width=125)
	  Index Cond: ((id >= 5648806) AND (id <= 5648906))

table 5 : explain SELECT id, c FROM sbtest5 WHERE id BETWEEN 5648806 AND 5648906
	Index Scan using sbtest5_pkey on sbtest5  (cost=0.43..400.22 rows=100 width=125)
	  Index Cond: ((id >= 5648806) AND (id <= 5648906))

table 6 : explain SELECT id, c FROM sbtest6 WHERE id BETWEEN 5648806 AND 5648906
	Index Scan using sbtest6_pkey on sbtest6  (cost=0.43..407.41 rows=102 width=125)
	  Index Cond: ((id >= 5648806) AND (id <= 5648906))

table 7 : explain SELECT id, c FROM sbtest7 WHERE id BETWEEN 5648806 AND 5648906
	Index Scan using sbtest7_pkey on sbtest7  (cost=0.43..414.91 rows=104 width=125)
	  Index Cond: ((id >= 5648806) AND (id <= 5648906))

table 8 : explain SELECT id, c FROM sbtest8 WHERE id BETWEEN 5648806 AND 5648906
	Index Scan using sbtest8_pkey on sbtest8  (cost=0.43..375.05 rows=94 width=125)
	  Index Cond: ((id >= 5648806) AND (id <= 5648906))

explain: for range-notcovered :: explain SELECT id, c FROM sbtest%d WHERE id BETWEEN 6167153 AND 6167253
for range-notcovered
table 1 : explain SELECT id, c FROM sbtest1 WHERE id BETWEEN 528530 AND 528630
	Index Scan using sbtest1_pkey on sbtest1  (cost=0.43..427.94 rows=107 width=125)
	  Index Cond: ((id >= 528530) AND (id <= 528630))

table 2 : explain SELECT id, c FROM sbtest2 WHERE id BETWEEN 528530 AND 528630
	Index Scan using sbtest2_pkey on sbtest2  (cost=0.43..377.29 rows=94 width=125)
	  Index Cond: ((id >= 528530) AND (id <= 528630))

table 3 : explain SELECT id, c FROM sbtest3 WHERE id BETWEEN 528530 AND 528630
	Index Scan using sbtest3_pkey on sbtest3  (cost=0.43..436.06 rows=109 width=125)
	  Index Cond: ((id >= 528530) AND (id <= 528630))

table 4 : explain SELECT id, c FROM sbtest4 WHERE id BETWEEN 528530 AND 528630
	Index Scan using sbtest4_pkey on sbtest4  (cost=0.43..430.78 rows=108 width=125)
	  Index Cond: ((id >= 528530) AND (id <= 528630))

table 5 : explain SELECT id, c FROM sbtest5 WHERE id BETWEEN 528530 AND 528630
	Index Scan using sbtest5_pkey on sbtest5  (cost=0.43..384.39 rows=96 width=125)
	  Index Cond: ((id >= 528530) AND (id <= 528630))

table 6 : explain SELECT id, c FROM sbtest6 WHERE id BETWEEN 528530 AND 528630
	Index Scan using sbtest6_pkey on sbtest6  (cost=0.43..367.90 rows=92 width=125)
	  Index Cond: ((id >= 528530) AND (id <= 528630))

table 7 : explain SELECT id, c FROM sbtest7 WHERE id BETWEEN 528530 AND 528630
	Index Scan using sbtest7_pkey on sbtest7  (cost=0.43..371.49 rows=93 width=125)
	  Index Cond: ((id >= 528530) AND (id <= 528630))

table 8 : explain SELECT id, c FROM sbtest8 WHERE id BETWEEN 528530 AND 528630
	Index Scan using sbtest8_pkey on sbtest8  (cost=0.43..406.60 rows=102 width=125)
	  Index Cond: ((id >= 528530) AND (id <= 528630))

for range-notcovered
table 1 : explain SELECT id, c FROM sbtest1 WHERE id BETWEEN 3830455 AND 3830555
	Index Scan using sbtest1_pkey on sbtest1  (cost=0.43..431.89 rows=108 width=125)
	  Index Cond: ((id >= 3830455) AND (id <= 3830555))

table 2 : explain SELECT id, c FROM sbtest2 WHERE id BETWEEN 3830455 AND 3830555
	Index Scan using sbtest2_pkey on sbtest2  (cost=0.43..405.05 rows=101 width=125)
	  Index Cond: ((id >= 3830455) AND (id <= 3830555))

table 3 : explain SELECT id, c FROM sbtest3 WHERE id BETWEEN 3830455 AND 3830555
	Index Scan using sbtest3_pkey on sbtest3  (cost=0.43..388.54 rows=97 width=125)
	  Index Cond: ((id >= 3830455) AND (id <= 3830555))

table 4 : explain SELECT id, c FROM sbtest4 WHERE id BETWEEN 3830455 AND 3830555
	Index Scan using sbtest4_pkey on sbtest4  (cost=0.43..434.73 rows=109 width=125)
	  Index Cond: ((id >= 3830455) AND (id <= 3830555))

table 5 : explain SELECT id, c FROM sbtest5 WHERE id BETWEEN 3830455 AND 3830555
	Index Scan using sbtest5_pkey on sbtest5  (cost=0.43..408.15 rows=102 width=125)
	  Index Cond: ((id >= 3830455) AND (id <= 3830555))

table 6 : explain SELECT id, c FROM sbtest6 WHERE id BETWEEN 3830455 AND 3830555
	Index Scan using sbtest6_pkey on sbtest6  (cost=0.43..399.51 rows=100 width=125)
	  Index Cond: ((id >= 3830455) AND (id <= 3830555))

table 7 : explain SELECT id, c FROM sbtest7 WHERE id BETWEEN 3830455 AND 3830555
	Index Scan using sbtest7_pkey on sbtest7  (cost=0.43..395.16 rows=99 width=125)
	  Index Cond: ((id >= 3830455) AND (id <= 3830555))

table 8 : explain SELECT id, c FROM sbtest8 WHERE id BETWEEN 3830455 AND 3830555
	Index Scan using sbtest8_pkey on sbtest8  (cost=0.43..449.96 rows=113 width=125)
	  Index Cond: ((id >= 3830455) AND (id <= 3830555))

for range-notcovered
table 1 : explain SELECT id, c FROM sbtest1 WHERE id BETWEEN 3859037 AND 3859137
	Index Scan using sbtest1_pkey on sbtest1  (cost=0.43..431.89 rows=108 width=125)
	  Index Cond: ((id >= 3859037) AND (id <= 3859137))

table 2 : explain SELECT id, c FROM sbtest2 WHERE id BETWEEN 3859037 AND 3859137
	Index Scan using sbtest2_pkey on sbtest2  (cost=0.43..405.05 rows=101 width=125)
	  Index Cond: ((id >= 3859037) AND (id <= 3859137))

table 3 : explain SELECT id, c FROM sbtest3 WHERE id BETWEEN 3859037 AND 3859137
	Index Scan using sbtest3_pkey on sbtest3  (cost=0.43..443.98 rows=111 width=125)
	  Index Cond: ((id >= 3859037) AND (id <= 3859137))

table 4 : explain SELECT id, c FROM sbtest4 WHERE id BETWEEN 3859037 AND 3859137
	Index Scan using sbtest4_pkey on sbtest4  (cost=0.43..399.19 rows=100 width=125)
	  Index Cond: ((id >= 3859037) AND (id <= 3859137))

table 5 : explain SELECT id, c FROM sbtest5 WHERE id BETWEEN 3859037 AND 3859137
	Index Scan using sbtest5_pkey on sbtest5  (cost=0.43..412.10 rows=103 width=125)
	  Index Cond: ((id >= 3859037) AND (id <= 3859137))

table 6 : explain SELECT id, c FROM sbtest6 WHERE id BETWEEN 3859037 AND 3859137
	Index Scan using sbtest6_pkey on sbtest6  (cost=0.43..399.51 rows=100 width=125)
	  Index Cond: ((id >= 3859037) AND (id <= 3859137))

table 7 : explain SELECT id, c FROM sbtest7 WHERE id BETWEEN 3859037 AND 3859137
	Index Scan using sbtest7_pkey on sbtest7  (cost=0.43..399.11 rows=100 width=125)
	  Index Cond: ((id >= 3859037) AND (id <= 3859137))

table 8 : explain SELECT id, c FROM sbtest8 WHERE id BETWEEN 3859037 AND 3859137
	Index Scan using sbtest8_pkey on sbtest8  (cost=0.43..406.60 rows=102 width=125)
	  Index Cond: ((id >= 3859037) AND (id <= 3859137))

explain: for range-notcovered :: explain SELECT id, c FROM sbtest%d WHERE id BETWEEN 5648806 AND 5648906
for range-notcovered
table 1 : explain SELECT id, c FROM sbtest1 WHERE id BETWEEN 8569623 AND 8569723
	Index Scan using sbtest1_pkey on sbtest1  (cost=0.43..400.22 rows=100 width=125)
	  Index Cond: ((id >= 8569623) AND (id <= 8569723))

table 2 : explain SELECT id, c FROM sbtest2 WHERE id BETWEEN 8569623 AND 8569723
	Index Scan using sbtest2_pkey on sbtest2  (cost=0.43..405.05 rows=101 width=125)
	  Index Cond: ((id >= 8569623) AND (id <= 8569723))

table 3 : explain SELECT id, c FROM sbtest3 WHERE id BETWEEN 8569623 AND 8569723
	Index Scan using sbtest3_pkey on sbtest3  (cost=0.43..368.74 rows=92 width=125)
	  Index Cond: ((id >= 8569623) AND (id <= 8569723))

table 4 : explain SELECT id, c FROM sbtest4 WHERE id BETWEEN 8569623 AND 8569723
	Index Scan using sbtest4_pkey on sbtest4  (cost=0.43..395.24 rows=99 width=125)
	  Index Cond: ((id >= 8569623) AND (id <= 8569723))

table 5 : explain SELECT id, c FROM sbtest5 WHERE id BETWEEN 8569623 AND 8569723
	Index Scan using sbtest5_pkey on sbtest5  (cost=0.43..408.15 rows=102 width=125)
	  Index Cond: ((id >= 8569623) AND (id <= 8569723))

table 6 : explain SELECT id, c FROM sbtest6 WHERE id BETWEEN 8569623 AND 8569723
	Index Scan using sbtest6_pkey on sbtest6  (cost=0.43..375.80 rows=94 width=125)
	  Index Cond: ((id >= 8569623) AND (id <= 8569723))

table 7 : explain SELECT id, c FROM sbtest7 WHERE id BETWEEN 8569623 AND 8569723
	Index Scan using sbtest7_pkey on sbtest7  (cost=0.43..434.63 rows=109 width=125)
	  Index Cond: ((id >= 8569623) AND (id <= 8569723))

table 8 : explain SELECT id, c FROM sbtest8 WHERE id BETWEEN 8569623 AND 8569723
	Index Scan using sbtest8_pkey on sbtest8  (cost=0.43..402.66 rows=101 width=125)
	  Index Cond: ((id >= 8569623) AND (id <= 8569723))

explain: for range-notcovered :: explain SELECT id, c FROM sbtest%d WHERE id BETWEEN 766949 AND 767049
explain: for range-notcovered :: explain SELECT id, c FROM sbtest%d WHERE id BETWEEN 528530 AND 528630
explain: for range-notcovered :: explain SELECT id, c FROM sbtest%d WHERE id BETWEEN 3859037 AND 3859137
explain: for range-notcovered :: explain SELECT id, c FROM sbtest%d WHERE id BETWEEN 2014337 AND 2014437
explain: for range-notcovered :: explain SELECT id, c FROM sbtest%d WHERE id BETWEEN 3830455 AND 3830555
for range-notcovered
table 1 : explain SELECT id, c FROM sbtest1 WHERE id BETWEEN 5348967 AND 5349067
	Index Scan using sbtest1_pkey on sbtest1  (cost=0.43..380.44 rows=95 width=125)
	  Index Cond: ((id >= 5348967) AND (id <= 5349067))

table 2 : explain SELECT id, c FROM sbtest2 WHERE id BETWEEN 5348967 AND 5349067
	Index Scan using sbtest2_pkey on sbtest2  (cost=0.43..401.08 rows=100 width=125)
	  Index Cond: ((id >= 5348967) AND (id <= 5349067))

table 3 : explain SELECT id, c FROM sbtest3 WHERE id BETWEEN 5348967 AND 5349067
	Index Scan using sbtest3_pkey on sbtest3  (cost=0.43..400.41 rows=100 width=125)
	  Index Cond: ((id >= 5348967) AND (id <= 5349067))

table 4 : explain SELECT id, c FROM sbtest4 WHERE id BETWEEN 5348967 AND 5349067
	Index Scan using sbtest4_pkey on sbtest4  (cost=0.43..351.83 rows=88 width=125)
	  Index Cond: ((id >= 5348967) AND (id <= 5349067))

table 5 : explain SELECT id, c FROM sbtest5 WHERE id BETWEEN 5348967 AND 5349067
	Index Scan using sbtest5_pkey on sbtest5  (cost=0.43..412.10 rows=103 width=125)
	  Index Cond: ((id >= 5348967) AND (id <= 5349067))

table 6 : explain SELECT id, c FROM sbtest6 WHERE id BETWEEN 5348967 AND 5349067
	Index Scan using sbtest6_pkey on sbtest6  (cost=0.43..419.26 rows=105 width=125)
	  Index Cond: ((id >= 5348967) AND (id <= 5349067))

table 7 : explain SELECT id, c FROM sbtest7 WHERE id BETWEEN 5348967 AND 5349067
	Index Scan using sbtest7_pkey on sbtest7  (cost=0.43..438.58 rows=110 width=125)
	  Index Cond: ((id >= 5348967) AND (id <= 5349067))

table 8 : explain SELECT id, c FROM sbtest8 WHERE id BETWEEN 5348967 AND 5349067
	Index Scan using sbtest8_pkey on sbtest8  (cost=0.43..414.49 rows=104 width=125)
	  Index Cond: ((id >= 5348967) AND (id <= 5349067))

explain: for range-notcovered :: explain SELECT id, c FROM sbtest%d WHERE id BETWEEN 8569623 AND 8569723
explain: for range-notcovered :: explain SELECT id, c FROM sbtest%d WHERE id BETWEEN 5348967 AND 5349067
for range-notcovered
table 1 : explain SELECT id, c FROM sbtest1 WHERE id BETWEEN 3620488 AND 3620588
	Index Scan using sbtest1_pkey on sbtest1  (cost=0.43..384.40 rows=96 width=125)
	  Index Cond: ((id >= 3620488) AND (id <= 3620588))

table 2 : explain SELECT id, c FROM sbtest2 WHERE id BETWEEN 3620488 AND 3620588
	Index Scan using sbtest2_pkey on sbtest2  (cost=0.43..409.02 rows=102 width=125)
	  Index Cond: ((id >= 3620488) AND (id <= 3620588))

table 3 : explain SELECT id, c FROM sbtest3 WHERE id BETWEEN 3620488 AND 3620588
	Index Scan using sbtest3_pkey on sbtest3  (cost=0.43..376.66 rows=94 width=125)
	  Index Cond: ((id >= 3620488) AND (id <= 3620588))

table 4 : explain SELECT id, c FROM sbtest4 WHERE id BETWEEN 3620488 AND 3620588
	Index Scan using sbtest4_pkey on sbtest4  (cost=0.43..422.89 rows=106 width=125)
	  Index Cond: ((id >= 3620488) AND (id <= 3620588))

table 5 : explain SELECT id, c FROM sbtest5 WHERE id BETWEEN 3620488 AND 3620588
	Index Scan using sbtest5_pkey on sbtest5  (cost=0.43..439.80 rows=110 width=125)
	  Index Cond: ((id >= 3620488) AND (id <= 3620588))

table 6 : explain SELECT id, c FROM sbtest6 WHERE id BETWEEN 3620488 AND 3620588
	Index Scan using sbtest6_pkey on sbtest6  (cost=0.43..387.65 rows=97 width=125)
	  Index Cond: ((id >= 3620488) AND (id <= 3620588))

table 7 : explain SELECT id, c FROM sbtest7 WHERE id BETWEEN 3620488 AND 3620588
	Index Scan using sbtest7_pkey on sbtest7  (cost=0.43..438.58 rows=110 width=125)
	  Index Cond: ((id >= 3620488) AND (id <= 3620588))

table 8 : explain SELECT id, c FROM sbtest8 WHERE id BETWEEN 3620488 AND 3620588
	Index Scan using sbtest8_pkey on sbtest8  (cost=0.43..410.54 rows=103 width=125)
	  Index Cond: ((id >= 3620488) AND (id <= 3620588))

explain: for range-notcovered :: explain SELECT id, c FROM sbtest%d WHERE id BETWEEN 3620488 AND 3620588
for range-notcovered
table 1 : explain SELECT id, c FROM sbtest1 WHERE id BETWEEN 6167153 AND 6167253
	Index Scan using sbtest1_pkey on sbtest1  (cost=0.43..384.40 rows=96 width=125)
	  Index Cond: ((id >= 6167153) AND (id <= 6167253))

table 2 : explain SELECT id, c FROM sbtest2 WHERE id BETWEEN 6167153 AND 6167253
	Index Scan using sbtest2_pkey on sbtest2  (cost=0.43..416.96 rows=104 width=125)
	  Index Cond: ((id >= 6167153) AND (id <= 6167253))

table 3 : explain SELECT id, c FROM sbtest3 WHERE id BETWEEN 6167153 AND 6167253
	Index Scan using sbtest3_pkey on sbtest3  (cost=0.43..408.35 rows=102 width=125)
	  Index Cond: ((id >= 6167153) AND (id <= 6167253))

table 4 : explain SELECT id, c FROM sbtest4 WHERE id BETWEEN 6167153 AND 6167253
	Index Scan using sbtest4_pkey on sbtest4  (cost=0.43..395.24 rows=99 width=125)
	  Index Cond: ((id >= 6167153) AND (id <= 6167253))

table 5 : explain SELECT id, c FROM sbtest5 WHERE id BETWEEN 6167153 AND 6167253
	Index Scan using sbtest5_pkey on sbtest5  (cost=0.43..400.22 rows=100 width=125)
	  Index Cond: ((id >= 6167153) AND (id <= 6167253))

table 6 : explain SELECT id, c FROM sbtest6 WHERE id BETWEEN 6167153 AND 6167253
	Index Scan using sbtest6_pkey on sbtest6  (cost=0.43..411.36 rows=103 width=125)
	  Index Cond: ((id >= 6167153) AND (id <= 6167253))

table 7 : explain SELECT id, c FROM sbtest7 WHERE id BETWEEN 6167153 AND 6167253
	Index Scan using sbtest7_pkey on sbtest7  (cost=0.43..387.27 rows=97 width=125)
	  Index Cond: ((id >= 6167153) AND (id <= 6167253))

table 8 : explain SELECT id, c FROM sbtest8 WHERE id BETWEEN 6167153 AND 6167253
	Index Scan using sbtest8_pkey on sbtest8  (cost=0.43..422.37 rows=106 width=125)
	  Index Cond: ((id >= 6167153) AND (id <= 6167253))

explain: for range-notcovered :: explain SELECT id, c FROM sbtest%d WHERE id BETWEEN 6167153 AND 6167253
for range-notcovered
table 1 : explain SELECT id, c FROM sbtest1 WHERE id BETWEEN 528530 AND 528630
	Index Scan using sbtest1_pkey on sbtest1  (cost=0.43..427.94 rows=107 width=125)
	  Index Cond: ((id >= 528530) AND (id <= 528630))

table 2 : explain SELECT id, c FROM sbtest2 WHERE id BETWEEN 528530 AND 528630
	Index Scan using sbtest2_pkey on sbtest2  (cost=0.43..377.29 rows=94 width=125)
	  Index Cond: ((id >= 528530) AND (id <= 528630))

table 3 : explain SELECT id, c FROM sbtest3 WHERE id BETWEEN 528530 AND 528630
	Index Scan using sbtest3_pkey on sbtest3  (cost=0.43..436.06 rows=109 width=125)
	  Index Cond: ((id >= 528530) AND (id <= 528630))

table 4 : explain SELECT id, c FROM sbtest4 WHERE id BETWEEN 528530 AND 528630
	Index Scan using sbtest4_pkey on sbtest4  (cost=0.43..430.78 rows=108 width=125)
	  Index Cond: ((id >= 528530) AND (id <= 528630))

table 5 : explain SELECT id, c FROM sbtest5 WHERE id BETWEEN 528530 AND 528630
	Index Scan using sbtest5_pkey on sbtest5  (cost=0.43..384.39 rows=96 width=125)
	  Index Cond: ((id >= 528530) AND (id <= 528630))

table 6 : explain SELECT id, c FROM sbtest6 WHERE id BETWEEN 528530 AND 528630
	Index Scan using sbtest6_pkey on sbtest6  (cost=0.43..367.90 rows=92 width=125)
	  Index Cond: ((id >= 528530) AND (id <= 528630))

table 7 : explain SELECT id, c FROM sbtest7 WHERE id BETWEEN 528530 AND 528630
	Index Scan using sbtest7_pkey on sbtest7  (cost=0.43..371.49 rows=93 width=125)
	  Index Cond: ((id >= 528530) AND (id <= 528630))

table 8 : explain SELECT id, c FROM sbtest8 WHERE id BETWEEN 528530 AND 528630
	Index Scan using sbtest8_pkey on sbtest8  (cost=0.43..406.60 rows=102 width=125)
	  Index Cond: ((id >= 528530) AND (id <= 528630))

for range-notcovered
table 1 : explain SELECT id, c FROM sbtest1 WHERE id BETWEEN 3859037 AND 3859137
	Index Scan using sbtest1_pkey on sbtest1  (cost=0.43..431.89 rows=108 width=125)
	  Index Cond: ((id >= 3859037) AND (id <= 3859137))

table 2 : explain SELECT id, c FROM sbtest2 WHERE id BETWEEN 3859037 AND 3859137
	Index Scan using sbtest2_pkey on sbtest2  (cost=0.43..405.05 rows=101 width=125)
	  Index Cond: ((id >= 3859037) AND (id <= 3859137))

table 3 : explain SELECT id, c FROM sbtest3 WHERE id BETWEEN 3859037 AND 3859137
	Index Scan using sbtest3_pkey on sbtest3  (cost=0.43..443.98 rows=111 width=125)
	  Index Cond: ((id >= 3859037) AND (id <= 3859137))

table 4 : explain SELECT id, c FROM sbtest4 WHERE id BETWEEN 3859037 AND 3859137
	Index Scan using sbtest4_pkey on sbtest4  (cost=0.43..399.19 rows=100 width=125)
	  Index Cond: ((id >= 3859037) AND (id <= 3859137))

table 5 : explain SELECT id, c FROM sbtest5 WHERE id BETWEEN 3859037 AND 3859137
	Index Scan using sbtest5_pkey on sbtest5  (cost=0.43..412.10 rows=103 width=125)
	  Index Cond: ((id >= 3859037) AND (id <= 3859137))

table 6 : explain SELECT id, c FROM sbtest6 WHERE id BETWEEN 3859037 AND 3859137
	Index Scan using sbtest6_pkey on sbtest6  (cost=0.43..399.51 rows=100 width=125)
	  Index Cond: ((id >= 3859037) AND (id <= 3859137))

table 7 : explain SELECT id, c FROM sbtest7 WHERE id BETWEEN 3859037 AND 3859137
	Index Scan using sbtest7_pkey on sbtest7  (cost=0.43..399.11 rows=100 width=125)
	  Index Cond: ((id >= 3859037) AND (id <= 3859137))

table 8 : explain SELECT id, c FROM sbtest8 WHERE id BETWEEN 3859037 AND 3859137
	Index Scan using sbtest8_pkey on sbtest8  (cost=0.43..406.60 rows=102 width=125)
	  Index Cond: ((id >= 3859037) AND (id <= 3859137))

explain: for range-notcovered :: explain SELECT id, c FROM sbtest%d WHERE id BETWEEN 528530 AND 528630
for range-notcovered
table 1 : explain SELECT id, c FROM sbtest1 WHERE id BETWEEN 3660452 AND 3660552
	Index Scan using sbtest1_pkey on sbtest1  (cost=0.43..384.40 rows=96 width=125)
	  Index Cond: ((id >= 3660452) AND (id <= 3660552))

table 2 : explain SELECT id, c FROM sbtest2 WHERE id BETWEEN 3660452 AND 3660552
	Index Scan using sbtest2_pkey on sbtest2  (cost=0.43..409.02 rows=102 width=125)
	  Index Cond: ((id >= 3660452) AND (id <= 3660552))

table 3 : explain SELECT id, c FROM sbtest3 WHERE id BETWEEN 3660452 AND 3660552
	Index Scan using sbtest3_pkey on sbtest3  (cost=0.43..388.54 rows=97 width=125)
	  Index Cond: ((id >= 3660452) AND (id <= 3660552))

table 4 : explain SELECT id, c FROM sbtest4 WHERE id BETWEEN 3660452 AND 3660552
	Index Scan using sbtest4_pkey on sbtest4  (cost=0.43..403.14 rows=101 width=125)
	  Index Cond: ((id >= 3660452) AND (id <= 3660552))

table 5 : explain SELECT id, c FROM sbtest5 WHERE id BETWEEN 3660452 AND 3660552
	Index Scan using sbtest5_pkey on sbtest5  (cost=0.43..420.02 rows=105 width=125)
	  Index Cond: ((id >= 3660452) AND (id <= 3660552))

table 6 : explain SELECT id, c FROM sbtest6 WHERE id BETWEEN 3660452 AND 3660552
	Index Scan using sbtest6_pkey on sbtest6  (cost=0.43..387.65 rows=97 width=125)
	  Index Cond: ((id >= 3660452) AND (id <= 3660552))

table 7 : explain SELECT id, c FROM sbtest7 WHERE id BETWEEN 3660452 AND 3660552
	Index Scan using sbtest7_pkey on sbtest7  (cost=0.43..410.96 rows=103 width=125)
	  Index Cond: ((id >= 3660452) AND (id <= 3660552))

table 8 : explain SELECT id, c FROM sbtest8 WHERE id BETWEEN 3660452 AND 3660552
	Index Scan using sbtest8_pkey on sbtest8  (cost=0.43..438.14 rows=110 width=125)
	  Index Cond: ((id >= 3660452) AND (id <= 3660552))

explain: for range-notcovered :: explain SELECT id, c FROM sbtest%d WHERE id BETWEEN 3859037 AND 3859137
explain: for range-notcovered :: explain SELECT id, c FROM sbtest%d WHERE id BETWEEN 3660452 AND 3660552
for range-notcovered
table 1 : explain SELECT id, c FROM sbtest1 WHERE id BETWEEN 5648806 AND 5648906
	Index Scan using sbtest1_pkey on sbtest1  (cost=0.43..388.35 rows=97 width=125)
	  Index Cond: ((id >= 5648806) AND (id <= 5648906))

table 2 : explain SELECT id, c FROM sbtest2 WHERE id BETWEEN 5648806 AND 5648906
	Index Scan using sbtest2_pkey on sbtest2  (cost=0.43..409.03 rows=102 width=125)
	  Index Cond: ((id >= 5648806) AND (id <= 5648906))

table 3 : explain SELECT id, c FROM sbtest3 WHERE id BETWEEN 5648806 AND 5648906
	Index Scan using sbtest3_pkey on sbtest3  (cost=0.43..424.18 rows=106 width=125)
	  Index Cond: ((id >= 5648806) AND (id <= 5648906))

table 4 : explain SELECT id, c FROM sbtest4 WHERE id BETWEEN 5648806 AND 5648906
	Index Scan using sbtest4_pkey on sbtest4  (cost=0.43..458.40 rows=115 width=125)
	  Index Cond: ((id >= 5648806) AND (id <= 5648906))

table 5 : explain SELECT id, c FROM sbtest5 WHERE id BETWEEN 5648806 AND 5648906
	Index Scan using sbtest5_pkey on sbtest5  (cost=0.43..400.22 rows=100 width=125)
	  Index Cond: ((id >= 5648806) AND (id <= 5648906))

table 6 : explain SELECT id, c FROM sbtest6 WHERE id BETWEEN 5648806 AND 5648906
	Index Scan using sbtest6_pkey on sbtest6  (cost=0.43..407.41 rows=102 width=125)
	  Index Cond: ((id >= 5648806) AND (id <= 5648906))

table 7 : explain SELECT id, c FROM sbtest7 WHERE id BETWEEN 5648806 AND 5648906
	Index Scan using sbtest7_pkey on sbtest7  (cost=0.43..414.91 rows=104 width=125)
	  Index Cond: ((id >= 5648806) AND (id <= 5648906))

table 8 : explain SELECT id, c FROM sbtest8 WHERE id BETWEEN 5648806 AND 5648906
	Index Scan using sbtest8_pkey on sbtest8  (cost=0.43..375.05 rows=94 width=125)
	  Index Cond: ((id >= 5648806) AND (id <= 5648906))

explain: for range-notcovered :: explain SELECT id, c FROM sbtest%d WHERE id BETWEEN 5648806 AND 5648906
for range-notcovered
table 1 : explain SELECT id, c FROM sbtest1 WHERE id BETWEEN 5348967 AND 5349067
	Index Scan using sbtest1_pkey on sbtest1  (cost=0.43..380.44 rows=95 width=125)
	  Index Cond: ((id >= 5348967) AND (id <= 5349067))

table 2 : explain SELECT id, c FROM sbtest2 WHERE id BETWEEN 5348967 AND 5349067
	Index Scan using sbtest2_pkey on sbtest2  (cost=0.43..401.08 rows=100 width=125)
	  Index Cond: ((id >= 5348967) AND (id <= 5349067))

table 3 : explain SELECT id, c FROM sbtest3 WHERE id BETWEEN 5348967 AND 5349067
	Index Scan using sbtest3_pkey on sbtest3  (cost=0.43..400.41 rows=100 width=125)
	  Index Cond: ((id >= 5348967) AND (id <= 5349067))

table 4 : explain SELECT id, c FROM sbtest4 WHERE id BETWEEN 5348967 AND 5349067
	Index Scan using sbtest4_pkey on sbtest4  (cost=0.43..351.83 rows=88 width=125)
	  Index Cond: ((id >= 5348967) AND (id <= 5349067))

table 5 : explain SELECT id, c FROM sbtest5 WHERE id BETWEEN 5348967 AND 5349067
	Index Scan using sbtest5_pkey on sbtest5  (cost=0.43..412.10 rows=103 width=125)
	  Index Cond: ((id >= 5348967) AND (id <= 5349067))

table 6 : explain SELECT id, c FROM sbtest6 WHERE id BETWEEN 5348967 AND 5349067
	Index Scan using sbtest6_pkey on sbtest6  (cost=0.43..419.26 rows=105 width=125)
	  Index Cond: ((id >= 5348967) AND (id <= 5349067))

table 7 : explain SELECT id, c FROM sbtest7 WHERE id BETWEEN 5348967 AND 5349067
	Index Scan using sbtest7_pkey on sbtest7  (cost=0.43..438.58 rows=110 width=125)
	  Index Cond: ((id >= 5348967) AND (id <= 5349067))

table 8 : explain SELECT id, c FROM sbtest8 WHERE id BETWEEN 5348967 AND 5349067
	Index Scan using sbtest8_pkey on sbtest8  (cost=0.43..414.49 rows=104 width=125)
	  Index Cond: ((id >= 5348967) AND (id <= 5349067))

explain: for range-notcovered :: explain SELECT id, c FROM sbtest%d WHERE id BETWEEN 5348967 AND 5349067
for range-notcovered
table 1 : explain SELECT id, c FROM sbtest1 WHERE id BETWEEN 3620488 AND 3620588
	Index Scan using sbtest1_pkey on sbtest1  (cost=0.43..384.40 rows=96 width=125)
	  Index Cond: ((id >= 3620488) AND (id <= 3620588))

table 2 : explain SELECT id, c FROM sbtest2 WHERE id BETWEEN 3620488 AND 3620588
	Index Scan using sbtest2_pkey on sbtest2  (cost=0.43..409.02 rows=102 width=125)
	  Index Cond: ((id >= 3620488) AND (id <= 3620588))

table 3 : explain SELECT id, c FROM sbtest3 WHERE id BETWEEN 3620488 AND 3620588
	Index Scan using sbtest3_pkey on sbtest3  (cost=0.43..376.66 rows=94 width=125)
	  Index Cond: ((id >= 3620488) AND (id <= 3620588))

table 4 : explain SELECT id, c FROM sbtest4 WHERE id BETWEEN 3620488 AND 3620588
	Index Scan using sbtest4_pkey on sbtest4  (cost=0.43..422.89 rows=106 width=125)
	  Index Cond: ((id >= 3620488) AND (id <= 3620588))

table 5 : explain SELECT id, c FROM sbtest5 WHERE id BETWEEN 3620488 AND 3620588
	Index Scan using sbtest5_pkey on sbtest5  (cost=0.43..439.80 rows=110 width=125)
	  Index Cond: ((id >= 3620488) AND (id <= 3620588))

table 6 : explain SELECT id, c FROM sbtest6 WHERE id BETWEEN 3620488 AND 3620588
	Index Scan using sbtest6_pkey on sbtest6  (cost=0.43..387.65 rows=97 width=125)
	  Index Cond: ((id >= 3620488) AND (id <= 3620588))

table 7 : explain SELECT id, c FROM sbtest7 WHERE id BETWEEN 3620488 AND 3620588
	Index Scan using sbtest7_pkey on sbtest7  (cost=0.43..438.58 rows=110 width=125)
	  Index Cond: ((id >= 3620488) AND (id <= 3620588))

table 8 : explain SELECT id, c FROM sbtest8 WHERE id BETWEEN 3620488 AND 3620588
	Index Scan using sbtest8_pkey on sbtest8  (cost=0.43..410.54 rows=103 width=125)
	  Index Cond: ((id >= 3620488) AND (id <= 3620588))

explain: for range-notcovered :: explain SELECT id, c FROM sbtest%d WHERE id BETWEEN 3620488 AND 3620588
for range-notcovered
table 1 : explain SELECT id, c FROM sbtest1 WHERE id BETWEEN 766949 AND 767049
	Index Scan using sbtest1_pkey on sbtest1  (cost=0.43..388.35 rows=97 width=125)
	  Index Cond: ((id >= 766949) AND (id <= 767049))

table 2 : explain SELECT id, c FROM sbtest2 WHERE id BETWEEN 766949 AND 767049
	Index Scan using sbtest2_pkey on sbtest2  (cost=0.43..393.15 rows=98 width=125)
	  Index Cond: ((id >= 766949) AND (id <= 767049))

table 3 : explain SELECT id, c FROM sbtest3 WHERE id BETWEEN 766949 AND 767049
	Index Scan using sbtest3_pkey on sbtest3  (cost=0.43..364.78 rows=91 width=125)
	  Index Cond: ((id >= 766949) AND (id <= 767049))

table 4 : explain SELECT id, c FROM sbtest4 WHERE id BETWEEN 766949 AND 767049
	Index Scan using sbtest4_pkey on sbtest4  (cost=0.43..426.83 rows=107 width=125)
	  Index Cond: ((id >= 766949) AND (id <= 767049))

table 5 : explain SELECT id, c FROM sbtest5 WHERE id BETWEEN 766949 AND 767049
	Index Scan using sbtest5_pkey on sbtest5  (cost=0.43..439.80 rows=110 width=125)
	  Index Cond: ((id >= 766949) AND (id <= 767049))

table 6 : explain SELECT id, c FROM sbtest6 WHERE id BETWEEN 766949 AND 767049
	Index Scan using sbtest6_pkey on sbtest6  (cost=0.43..423.21 rows=106 width=125)
	  Index Cond: ((id >= 766949) AND (id <= 767049))

table 7 : explain SELECT id, c FROM sbtest7 WHERE id BETWEEN 766949 AND 767049
	Index Scan using sbtest7_pkey on sbtest7  (cost=0.43..387.27 rows=97 width=125)
	  Index Cond: ((id >= 766949) AND (id <= 767049))

table 8 : explain SELECT id, c FROM sbtest8 WHERE id BETWEEN 766949 AND 767049
	Index Scan using sbtest8_pkey on sbtest8  (cost=0.43..414.49 rows=104 width=125)
	  Index Cond: ((id >= 766949) AND (id <= 767049))

for range-notcovered
table 1 : explain SELECT id, c FROM sbtest1 WHERE id BETWEEN 6167153 AND 6167253
	Index Scan using sbtest1_pkey on sbtest1  (cost=0.43..384.40 rows=96 width=125)
	  Index Cond: ((id >= 6167153) AND (id <= 6167253))

table 2 : explain SELECT id, c FROM sbtest2 WHERE id BETWEEN 6167153 AND 6167253
	Index Scan using sbtest2_pkey on sbtest2  (cost=0.43..416.96 rows=104 width=125)
	  Index Cond: ((id >= 6167153) AND (id <= 6167253))

table 3 : explain SELECT id, c FROM sbtest3 WHERE id BETWEEN 6167153 AND 6167253
	Index Scan using sbtest3_pkey on sbtest3  (cost=0.43..408.35 rows=102 width=125)
	  Index Cond: ((id >= 6167153) AND (id <= 6167253))

table 4 : explain SELECT id, c FROM sbtest4 WHERE id BETWEEN 6167153 AND 6167253
	Index Scan using sbtest4_pkey on sbtest4  (cost=0.43..395.24 rows=99 width=125)
	  Index Cond: ((id >= 6167153) AND (id <= 6167253))

table 5 : explain SELECT id, c FROM sbtest5 WHERE id BETWEEN 6167153 AND 6167253
	Index Scan using sbtest5_pkey on sbtest5  (cost=0.43..400.22 rows=100 width=125)
	  Index Cond: ((id >= 6167153) AND (id <= 6167253))

table 6 : explain SELECT id, c FROM sbtest6 WHERE id BETWEEN 6167153 AND 6167253
	Index Scan using sbtest6_pkey on sbtest6  (cost=0.43..411.36 rows=103 width=125)
	  Index Cond: ((id >= 6167153) AND (id <= 6167253))

table 7 : explain SELECT id, c FROM sbtest7 WHERE id BETWEEN 6167153 AND 6167253
	Index Scan using sbtest7_pkey on sbtest7  (cost=0.43..387.27 rows=97 width=125)
	  Index Cond: ((id >= 6167153) AND (id <= 6167253))

table 8 : explain SELECT id, c FROM sbtest8 WHERE id BETWEEN 6167153 AND 6167253
	Index Scan using sbtest8_pkey on sbtest8  (cost=0.43..422.37 rows=106 width=125)
	  Index Cond: ((id >= 6167153) AND (id <= 6167253))

for range-notcovered
table 1 : explain SELECT id, c FROM sbtest1 WHERE id BETWEEN 528530 AND 528630
	Index Scan using sbtest1_pkey on sbtest1  (cost=0.43..427.94 rows=107 width=125)
	  Index Cond: ((id >= 528530) AND (id <= 528630))

table 2 : explain SELECT id, c FROM sbtest2 WHERE id BETWEEN 528530 AND 528630
	Index Scan using sbtest2_pkey on sbtest2  (cost=0.43..377.29 rows=94 width=125)
	  Index Cond: ((id >= 528530) AND (id <= 528630))

table 3 : explain SELECT id, c FROM sbtest3 WHERE id BETWEEN 528530 AND 528630
	Index Scan using sbtest3_pkey on sbtest3  (cost=0.43..436.06 rows=109 width=125)
	  Index Cond: ((id >= 528530) AND (id <= 528630))

table 4 : explain SELECT id, c FROM sbtest4 WHERE id BETWEEN 528530 AND 528630
	Index Scan using sbtest4_pkey on sbtest4  (cost=0.43..430.78 rows=108 width=125)
	  Index Cond: ((id >= 528530) AND (id <= 528630))

table 5 : explain SELECT id, c FROM sbtest5 WHERE id BETWEEN 528530 AND 528630
	Index Scan using sbtest5_pkey on sbtest5  (cost=0.43..384.39 rows=96 width=125)
	  Index Cond: ((id >= 528530) AND (id <= 528630))

table 6 : explain SELECT id, c FROM sbtest6 WHERE id BETWEEN 528530 AND 528630
	Index Scan using sbtest6_pkey on sbtest6  (cost=0.43..367.90 rows=92 width=125)
	  Index Cond: ((id >= 528530) AND (id <= 528630))

table 7 : explain SELECT id, c FROM sbtest7 WHERE id BETWEEN 528530 AND 528630
	Index Scan using sbtest7_pkey on sbtest7  (cost=0.43..371.49 rows=93 width=125)
	  Index Cond: ((id >= 528530) AND (id <= 528630))

table 8 : explain SELECT id, c FROM sbtest8 WHERE id BETWEEN 528530 AND 528630
	Index Scan using sbtest8_pkey on sbtest8  (cost=0.43..406.60 rows=102 width=125)
	  Index Cond: ((id >= 528530) AND (id <= 528630))

for range-notcovered
table 1 : explain SELECT id, c FROM sbtest1 WHERE id BETWEEN 3830455 AND 3830555
	Index Scan using sbtest1_pkey on sbtest1  (cost=0.43..431.89 rows=108 width=125)
	  Index Cond: ((id >= 3830455) AND (id <= 3830555))

table 2 : explain SELECT id, c FROM sbtest2 WHERE id BETWEEN 3830455 AND 3830555
	Index Scan using sbtest2_pkey on sbtest2  (cost=0.43..405.05 rows=101 width=125)
	  Index Cond: ((id >= 3830455) AND (id <= 3830555))

table 3 : explain SELECT id, c FROM sbtest3 WHERE id BETWEEN 3830455 AND 3830555
	Index Scan using sbtest3_pkey on sbtest3  (cost=0.43..388.54 rows=97 width=125)
	  Index Cond: ((id >= 3830455) AND (id <= 3830555))

table 4 : explain SELECT id, c FROM sbtest4 WHERE id BETWEEN 3830455 AND 3830555
	Index Scan using sbtest4_pkey on sbtest4  (cost=0.43..434.73 rows=109 width=125)
	  Index Cond: ((id >= 3830455) AND (id <= 3830555))

table 5 : explain SELECT id, c FROM sbtest5 WHERE id BETWEEN 3830455 AND 3830555
	Index Scan using sbtest5_pkey on sbtest5  (cost=0.43..408.15 rows=102 width=125)
	  Index Cond: ((id >= 3830455) AND (id <= 3830555))

table 6 : explain SELECT id, c FROM sbtest6 WHERE id BETWEEN 3830455 AND 3830555
	Index Scan using sbtest6_pkey on sbtest6  (cost=0.43..399.51 rows=100 width=125)
	  Index Cond: ((id >= 3830455) AND (id <= 3830555))

table 7 : explain SELECT id, c FROM sbtest7 WHERE id BETWEEN 3830455 AND 3830555
	Index Scan using sbtest7_pkey on sbtest7  (cost=0.43..395.16 rows=99 width=125)
	  Index Cond: ((id >= 3830455) AND (id <= 3830555))

table 8 : explain SELECT id, c FROM sbtest8 WHERE id BETWEEN 3830455 AND 3830555
	Index Scan using sbtest8_pkey on sbtest8  (cost=0.43..449.96 rows=113 width=125)
	  Index Cond: ((id >= 3830455) AND (id <= 3830555))

for range-notcovered
table 1 : explain SELECT id, c FROM sbtest1 WHERE id BETWEEN 3859037 AND 3859137
	Index Scan using sbtest1_pkey on sbtest1  (cost=0.43..431.89 rows=108 width=125)
	  Index Cond: ((id >= 3859037) AND (id <= 3859137))

table 2 : explain SELECT id, c FROM sbtest2 WHERE id BETWEEN 3859037 AND 3859137
	Index Scan using sbtest2_pkey on sbtest2  (cost=0.43..405.05 rows=101 width=125)
	  Index Cond: ((id >= 3859037) AND (id <= 3859137))

table 3 : explain SELECT id, c FROM sbtest3 WHERE id BETWEEN 3859037 AND 3859137
	Index Scan using sbtest3_pkey on sbtest3  (cost=0.43..443.98 rows=111 width=125)
	  Index Cond: ((id >= 3859037) AND (id <= 3859137))

table 4 : explain SELECT id, c FROM sbtest4 WHERE id BETWEEN 3859037 AND 3859137
	Index Scan using sbtest4_pkey on sbtest4  (cost=0.43..399.19 rows=100 width=125)
	  Index Cond: ((id >= 3859037) AND (id <= 3859137))

table 5 : explain SELECT id, c FROM sbtest5 WHERE id BETWEEN 3859037 AND 3859137
	Index Scan using sbtest5_pkey on sbtest5  (cost=0.43..412.10 rows=103 width=125)
	  Index Cond: ((id >= 3859037) AND (id <= 3859137))

table 6 : explain SELECT id, c FROM sbtest6 WHERE id BETWEEN 3859037 AND 3859137
	Index Scan using sbtest6_pkey on sbtest6  (cost=0.43..399.51 rows=100 width=125)
	  Index Cond: ((id >= 3859037) AND (id <= 3859137))

table 7 : explain SELECT id, c FROM sbtest7 WHERE id BETWEEN 3859037 AND 3859137
	Index Scan using sbtest7_pkey on sbtest7  (cost=0.43..399.11 rows=100 width=125)
	  Index Cond: ((id >= 3859037) AND (id <= 3859137))

table 8 : explain SELECT id, c FROM sbtest8 WHERE id BETWEEN 3859037 AND 3859137
	Index Scan using sbtest8_pkey on sbtest8  (cost=0.43..406.60 rows=102 width=125)
	  Index Cond: ((id >= 3859037) AND (id <= 3859137))

explain: for range-notcovered :: explain SELECT id, c FROM sbtest%d WHERE id BETWEEN 6167153 AND 6167253
explain: for range-notcovered :: explain SELECT id, c FROM sbtest%d WHERE id BETWEEN 3859037 AND 3859137
explain: for range-notcovered :: explain SELECT id, c FROM sbtest%d WHERE id BETWEEN 528530 AND 528630
for range-notcovered
table 1 : explain SELECT id, c FROM sbtest1 WHERE id BETWEEN 3660452 AND 3660552
	Index Scan using sbtest1_pkey on sbtest1  (cost=0.43..384.40 rows=96 width=125)
	  Index Cond: ((id >= 3660452) AND (id <= 3660552))

table 2 : explain SELECT id, c FROM sbtest2 WHERE id BETWEEN 3660452 AND 3660552
	Index Scan using sbtest2_pkey on sbtest2  (cost=0.43..409.02 rows=102 width=125)
	  Index Cond: ((id >= 3660452) AND (id <= 3660552))

table 3 : explain SELECT id, c FROM sbtest3 WHERE id BETWEEN 3660452 AND 3660552
	Index Scan using sbtest3_pkey on sbtest3  (cost=0.43..388.54 rows=97 width=125)
	  Index Cond: ((id >= 3660452) AND (id <= 3660552))

table 4 : explain SELECT id, c FROM sbtest4 WHERE id BETWEEN 3660452 AND 3660552
	Index Scan using sbtest4_pkey on sbtest4  (cost=0.43..403.14 rows=101 width=125)
	  Index Cond: ((id >= 3660452) AND (id <= 3660552))

table 5 : explain SELECT id, c FROM sbtest5 WHERE id BETWEEN 3660452 AND 3660552
	Index Scan using sbtest5_pkey on sbtest5  (cost=0.43..420.02 rows=105 width=125)
	  Index Cond: ((id >= 3660452) AND (id <= 3660552))

table 6 : explain SELECT id, c FROM sbtest6 WHERE id BETWEEN 3660452 AND 3660552
	Index Scan using sbtest6_pkey on sbtest6  (cost=0.43..387.65 rows=97 width=125)
	  Index Cond: ((id >= 3660452) AND (id <= 3660552))

table 7 : explain SELECT id, c FROM sbtest7 WHERE id BETWEEN 3660452 AND 3660552
	Index Scan using sbtest7_pkey on sbtest7  (cost=0.43..410.96 rows=103 width=125)
	  Index Cond: ((id >= 3660452) AND (id <= 3660552))

table 8 : explain SELECT id, c FROM sbtest8 WHERE id BETWEEN 3660452 AND 3660552
	Index Scan using sbtest8_pkey on sbtest8  (cost=0.43..438.14 rows=110 width=125)
	  Index Cond: ((id >= 3660452) AND (id <= 3660552))

for range-notcovered
table 1 : explain SELECT id, c FROM sbtest1 WHERE id BETWEEN 5648806 AND 5648906
	Index Scan using sbtest1_pkey on sbtest1  (cost=0.43..388.35 rows=97 width=125)
	  Index Cond: ((id >= 5648806) AND (id <= 5648906))

table 2 : explain SELECT id, c FROM sbtest2 WHERE id BETWEEN 5648806 AND 5648906
	Index Scan using sbtest2_pkey on sbtest2  (cost=0.43..409.03 rows=102 width=125)
	  Index Cond: ((id >= 5648806) AND (id <= 5648906))

table 3 : explain SELECT id, c FROM sbtest3 WHERE id BETWEEN 5648806 AND 5648906
	Index Scan using sbtest3_pkey on sbtest3  (cost=0.43..424.18 rows=106 width=125)
	  Index Cond: ((id >= 5648806) AND (id <= 5648906))

table 4 : explain SELECT id, c FROM sbtest4 WHERE id BETWEEN 5648806 AND 5648906
	Index Scan using sbtest4_pkey on sbtest4  (cost=0.43..458.40 rows=115 width=125)
	  Index Cond: ((id >= 5648806) AND (id <= 5648906))

table 5 : explain SELECT id, c FROM sbtest5 WHERE id BETWEEN 5648806 AND 5648906
	Index Scan using sbtest5_pkey on sbtest5  (cost=0.43..400.22 rows=100 width=125)
	  Index Cond: ((id >= 5648806) AND (id <= 5648906))

table 6 : explain SELECT id, c FROM sbtest6 WHERE id BETWEEN 5648806 AND 5648906
	Index Scan using sbtest6_pkey on sbtest6  (cost=0.43..407.41 rows=102 width=125)
	  Index Cond: ((id >= 5648806) AND (id <= 5648906))

table 7 : explain SELECT id, c FROM sbtest7 WHERE id BETWEEN 5648806 AND 5648906
	Index Scan using sbtest7_pkey on sbtest7  (cost=0.43..414.91 rows=104 width=125)
	  Index Cond: ((id >= 5648806) AND (id <= 5648906))

table 8 : explain SELECT id, c FROM sbtest8 WHERE id BETWEEN 5648806 AND 5648906
	Index Scan using sbtest8_pkey on sbtest8  (cost=0.43..375.05 rows=94 width=125)
	  Index Cond: ((id >= 5648806) AND (id <= 5648906))

explain: for range-notcovered :: explain SELECT id, c FROM sbtest%d WHERE id BETWEEN 3660452 AND 3660552
explain: for range-notcovered :: explain SELECT id, c FROM sbtest%d WHERE id BETWEEN 5648806 AND 5648906
for range-notcovered
table 1 : explain SELECT id, c FROM sbtest1 WHERE id BETWEEN 5348967 AND 5349067
	Index Scan using sbtest1_pkey on sbtest1  (cost=0.43..380.44 rows=95 width=125)
	  Index Cond: ((id >= 5348967) AND (id <= 5349067))

table 2 : explain SELECT id, c FROM sbtest2 WHERE id BETWEEN 5348967 AND 5349067
	Index Scan using sbtest2_pkey on sbtest2  (cost=0.43..401.08 rows=100 width=125)
	  Index Cond: ((id >= 5348967) AND (id <= 5349067))

table 3 : explain SELECT id, c FROM sbtest3 WHERE id BETWEEN 5348967 AND 5349067
	Index Scan using sbtest3_pkey on sbtest3  (cost=0.43..400.41 rows=100 width=125)
	  Index Cond: ((id >= 5348967) AND (id <= 5349067))

table 4 : explain SELECT id, c FROM sbtest4 WHERE id BETWEEN 5348967 AND 5349067
	Index Scan using sbtest4_pkey on sbtest4  (cost=0.43..351.83 rows=88 width=125)
	  Index Cond: ((id >= 5348967) AND (id <= 5349067))

table 5 : explain SELECT id, c FROM sbtest5 WHERE id BETWEEN 5348967 AND 5349067
	Index Scan using sbtest5_pkey on sbtest5  (cost=0.43..412.10 rows=103 width=125)
	  Index Cond: ((id >= 5348967) AND (id <= 5349067))

table 6 : explain SELECT id, c FROM sbtest6 WHERE id BETWEEN 5348967 AND 5349067
	Index Scan using sbtest6_pkey on sbtest6  (cost=0.43..419.26 rows=105 width=125)
	  Index Cond: ((id >= 5348967) AND (id <= 5349067))

table 7 : explain SELECT id, c FROM sbtest7 WHERE id BETWEEN 5348967 AND 5349067
	Index Scan using sbtest7_pkey on sbtest7  (cost=0.43..438.58 rows=110 width=125)
	  Index Cond: ((id >= 5348967) AND (id <= 5349067))

table 8 : explain SELECT id, c FROM sbtest8 WHERE id BETWEEN 5348967 AND 5349067
	Index Scan using sbtest8_pkey on sbtest8  (cost=0.43..414.49 rows=104 width=125)
	  Index Cond: ((id >= 5348967) AND (id <= 5349067))

explain: for range-notcovered :: explain SELECT id, c FROM sbtest%d WHERE id BETWEEN 3830455 AND 3830555
for range-notcovered
table 1 : explain SELECT id, c FROM sbtest1 WHERE id BETWEEN 3620488 AND 3620588
	Index Scan using sbtest1_pkey on sbtest1  (cost=0.43..384.40 rows=96 width=125)
	  Index Cond: ((id >= 3620488) AND (id <= 3620588))

table 2 : explain SELECT id, c FROM sbtest2 WHERE id BETWEEN 3620488 AND 3620588
	Index Scan using sbtest2_pkey on sbtest2  (cost=0.43..409.02 rows=102 width=125)
	  Index Cond: ((id >= 3620488) AND (id <= 3620588))

table 3 : explain SELECT id, c FROM sbtest3 WHERE id BETWEEN 3620488 AND 3620588
	Index Scan using sbtest3_pkey on sbtest3  (cost=0.43..376.66 rows=94 width=125)
	  Index Cond: ((id >= 3620488) AND (id <= 3620588))

table 4 : explain SELECT id, c FROM sbtest4 WHERE id BETWEEN 3620488 AND 3620588
	Index Scan using sbtest4_pkey on sbtest4  (cost=0.43..422.89 rows=106 width=125)
	  Index Cond: ((id >= 3620488) AND (id <= 3620588))

table 5 : explain SELECT id, c FROM sbtest5 WHERE id BETWEEN 3620488 AND 3620588
	Index Scan using sbtest5_pkey on sbtest5  (cost=0.43..439.80 rows=110 width=125)
	  Index Cond: ((id >= 3620488) AND (id <= 3620588))

table 6 : explain SELECT id, c FROM sbtest6 WHERE id BETWEEN 3620488 AND 3620588
	Index Scan using sbtest6_pkey on sbtest6  (cost=0.43..387.65 rows=97 width=125)
	  Index Cond: ((id >= 3620488) AND (id <= 3620588))

table 7 : explain SELECT id, c FROM sbtest7 WHERE id BETWEEN 3620488 AND 3620588
	Index Scan using sbtest7_pkey on sbtest7  (cost=0.43..438.58 rows=110 width=125)
	  Index Cond: ((id >= 3620488) AND (id <= 3620588))

table 8 : explain SELECT id, c FROM sbtest8 WHERE id BETWEEN 3620488 AND 3620588
	Index Scan using sbtest8_pkey on sbtest8  (cost=0.43..410.54 rows=103 width=125)
	  Index Cond: ((id >= 3620488) AND (id <= 3620588))

explain: for range-notcovered :: explain SELECT id, c FROM sbtest%d WHERE id BETWEEN 5348967 AND 5349067
for range-notcovered
table 1 : explain SELECT id, c FROM sbtest1 WHERE id BETWEEN 8569623 AND 8569723
	Index Scan using sbtest1_pkey on sbtest1  (cost=0.43..400.22 rows=100 width=125)
	  Index Cond: ((id >= 8569623) AND (id <= 8569723))

table 2 : explain SELECT id, c FROM sbtest2 WHERE id BETWEEN 8569623 AND 8569723
	Index Scan using sbtest2_pkey on sbtest2  (cost=0.43..405.05 rows=101 width=125)
	  Index Cond: ((id >= 8569623) AND (id <= 8569723))

table 3 : explain SELECT id, c FROM sbtest3 WHERE id BETWEEN 8569623 AND 8569723
	Index Scan using sbtest3_pkey on sbtest3  (cost=0.43..368.74 rows=92 width=125)
	  Index Cond: ((id >= 8569623) AND (id <= 8569723))

table 4 : explain SELECT id, c FROM sbtest4 WHERE id BETWEEN 8569623 AND 8569723
	Index Scan using sbtest4_pkey on sbtest4  (cost=0.43..395.24 rows=99 width=125)
	  Index Cond: ((id >= 8569623) AND (id <= 8569723))

table 5 : explain SELECT id, c FROM sbtest5 WHERE id BETWEEN 8569623 AND 8569723
	Index Scan using sbtest5_pkey on sbtest5  (cost=0.43..408.15 rows=102 width=125)
	  Index Cond: ((id >= 8569623) AND (id <= 8569723))

table 6 : explain SELECT id, c FROM sbtest6 WHERE id BETWEEN 8569623 AND 8569723
	Index Scan using sbtest6_pkey on sbtest6  (cost=0.43..375.80 rows=94 width=125)
	  Index Cond: ((id >= 8569623) AND (id <= 8569723))

table 7 : explain SELECT id, c FROM sbtest7 WHERE id BETWEEN 8569623 AND 8569723
	Index Scan using sbtest7_pkey on sbtest7  (cost=0.43..434.63 rows=109 width=125)
	  Index Cond: ((id >= 8569623) AND (id <= 8569723))

table 8 : explain SELECT id, c FROM sbtest8 WHERE id BETWEEN 8569623 AND 8569723
	Index Scan using sbtest8_pkey on sbtest8  (cost=0.43..402.66 rows=101 width=125)
	  Index Cond: ((id >= 8569623) AND (id <= 8569723))

explain: for range-notcovered :: explain SELECT id, c FROM sbtest%d WHERE id BETWEEN 3620488 AND 3620588
for range-notcovered
table 1 : explain SELECT id, c FROM sbtest1 WHERE id BETWEEN 6167153 AND 6167253
	Index Scan using sbtest1_pkey on sbtest1  (cost=0.43..384.40 rows=96 width=125)
	  Index Cond: ((id >= 6167153) AND (id <= 6167253))

table 2 : explain SELECT id, c FROM sbtest2 WHERE id BETWEEN 6167153 AND 6167253
	Index Scan using sbtest2_pkey on sbtest2  (cost=0.43..416.96 rows=104 width=125)
	  Index Cond: ((id >= 6167153) AND (id <= 6167253))

table 3 : explain SELECT id, c FROM sbtest3 WHERE id BETWEEN 6167153 AND 6167253
	Index Scan using sbtest3_pkey on sbtest3  (cost=0.43..408.35 rows=102 width=125)
	  Index Cond: ((id >= 6167153) AND (id <= 6167253))

table 4 : explain SELECT id, c FROM sbtest4 WHERE id BETWEEN 6167153 AND 6167253
	Index Scan using sbtest4_pkey on sbtest4  (cost=0.43..395.24 rows=99 width=125)
	  Index Cond: ((id >= 6167153) AND (id <= 6167253))

table 5 : explain SELECT id, c FROM sbtest5 WHERE id BETWEEN 6167153 AND 6167253
	Index Scan using sbtest5_pkey on sbtest5  (cost=0.43..400.22 rows=100 width=125)
	  Index Cond: ((id >= 6167153) AND (id <= 6167253))

table 6 : explain SELECT id, c FROM sbtest6 WHERE id BETWEEN 6167153 AND 6167253
	Index Scan using sbtest6_pkey on sbtest6  (cost=0.43..411.36 rows=103 width=125)
	  Index Cond: ((id >= 6167153) AND (id <= 6167253))

table 7 : explain SELECT id, c FROM sbtest7 WHERE id BETWEEN 6167153 AND 6167253
	Index Scan using sbtest7_pkey on sbtest7  (cost=0.43..387.27 rows=97 width=125)
	  Index Cond: ((id >= 6167153) AND (id <= 6167253))

table 8 : explain SELECT id, c FROM sbtest8 WHERE id BETWEEN 6167153 AND 6167253
	Index Scan using sbtest8_pkey on sbtest8  (cost=0.43..422.37 rows=106 width=125)
	  Index Cond: ((id >= 6167153) AND (id <= 6167253))

for range-notcovered
table 1 : explain SELECT id, c FROM sbtest1 WHERE id BETWEEN 528530 AND 528630
	Index Scan using sbtest1_pkey on sbtest1  (cost=0.43..427.94 rows=107 width=125)
	  Index Cond: ((id >= 528530) AND (id <= 528630))

table 2 : explain SELECT id, c FROM sbtest2 WHERE id BETWEEN 528530 AND 528630
	Index Scan using sbtest2_pkey on sbtest2  (cost=0.43..377.29 rows=94 width=125)
	  Index Cond: ((id >= 528530) AND (id <= 528630))

table 3 : explain SELECT id, c FROM sbtest3 WHERE id BETWEEN 528530 AND 528630
	Index Scan using sbtest3_pkey on sbtest3  (cost=0.43..436.06 rows=109 width=125)
	  Index Cond: ((id >= 528530) AND (id <= 528630))

table 4 : explain SELECT id, c FROM sbtest4 WHERE id BETWEEN 528530 AND 528630
	Index Scan using sbtest4_pkey on sbtest4  (cost=0.43..430.78 rows=108 width=125)
	  Index Cond: ((id >= 528530) AND (id <= 528630))

table 5 : explain SELECT id, c FROM sbtest5 WHERE id BETWEEN 528530 AND 528630
	Index Scan using sbtest5_pkey on sbtest5  (cost=0.43..384.39 rows=96 width=125)
	  Index Cond: ((id >= 528530) AND (id <= 528630))

table 6 : explain SELECT id, c FROM sbtest6 WHERE id BETWEEN 528530 AND 528630
	Index Scan using sbtest6_pkey on sbtest6  (cost=0.43..367.90 rows=92 width=125)
	  Index Cond: ((id >= 528530) AND (id <= 528630))

table 7 : explain SELECT id, c FROM sbtest7 WHERE id BETWEEN 528530 AND 528630
	Index Scan using sbtest7_pkey on sbtest7  (cost=0.43..371.49 rows=93 width=125)
	  Index Cond: ((id >= 528530) AND (id <= 528630))

table 8 : explain SELECT id, c FROM sbtest8 WHERE id BETWEEN 528530 AND 528630
	Index Scan using sbtest8_pkey on sbtest8  (cost=0.43..406.60 rows=102 width=125)
	  Index Cond: ((id >= 528530) AND (id <= 528630))

for range-notcovered
table 1 : explain SELECT id, c FROM sbtest1 WHERE id BETWEEN 3859037 AND 3859137
	Index Scan using sbtest1_pkey on sbtest1  (cost=0.43..431.89 rows=108 width=125)
	  Index Cond: ((id >= 3859037) AND (id <= 3859137))

table 2 : explain SELECT id, c FROM sbtest2 WHERE id BETWEEN 3859037 AND 3859137
	Index Scan using sbtest2_pkey on sbtest2  (cost=0.43..405.05 rows=101 width=125)
	  Index Cond: ((id >= 3859037) AND (id <= 3859137))

table 3 : explain SELECT id, c FROM sbtest3 WHERE id BETWEEN 3859037 AND 3859137
	Index Scan using sbtest3_pkey on sbtest3  (cost=0.43..443.98 rows=111 width=125)
	  Index Cond: ((id >= 3859037) AND (id <= 3859137))

table 4 : explain SELECT id, c FROM sbtest4 WHERE id BETWEEN 3859037 AND 3859137
	Index Scan using sbtest4_pkey on sbtest4  (cost=0.43..399.19 rows=100 width=125)
	  Index Cond: ((id >= 3859037) AND (id <= 3859137))

table 5 : explain SELECT id, c FROM sbtest5 WHERE id BETWEEN 3859037 AND 3859137
	Index Scan using sbtest5_pkey on sbtest5  (cost=0.43..412.10 rows=103 width=125)
	  Index Cond: ((id >= 3859037) AND (id <= 3859137))

table 6 : explain SELECT id, c FROM sbtest6 WHERE id BETWEEN 3859037 AND 3859137
	Index Scan using sbtest6_pkey on sbtest6  (cost=0.43..399.51 rows=100 width=125)
	  Index Cond: ((id >= 3859037) AND (id <= 3859137))

table 7 : explain SELECT id, c FROM sbtest7 WHERE id BETWEEN 3859037 AND 3859137
	Index Scan using sbtest7_pkey on sbtest7  (cost=0.43..399.11 rows=100 width=125)
	  Index Cond: ((id >= 3859037) AND (id <= 3859137))

table 8 : explain SELECT id, c FROM sbtest8 WHERE id BETWEEN 3859037 AND 3859137
	Index Scan using sbtest8_pkey on sbtest8  (cost=0.43..406.60 rows=102 width=125)
	  Index Cond: ((id >= 3859037) AND (id <= 3859137))

explain: for range-notcovered :: explain SELECT id, c FROM sbtest%d WHERE id BETWEEN 6167153 AND 6167253explain: for range-notcovered :: explain SELECT id, c FROM sbtest%d WHERE id BETWEEN 8569623 AND 8569723explain: for range-notcovered :: explain SELECT id, c FROM sbtest%d WHERE id BETWEEN 3859037 AND 3859137
explain: for range-notcovered :: explain SELECT id, c FROM sbtest%d WHERE id BETWEEN 528530 AND 528630


for range-notcovered
table 1 : explain SELECT id, c FROM sbtest1 WHERE id BETWEEN 3660452 AND 3660552
	Index Scan using sbtest1_pkey on sbtest1  (cost=0.43..384.40 rows=96 width=125)
	  Index Cond: ((id >= 3660452) AND (id <= 3660552))

table 2 : explain SELECT id, c FROM sbtest2 WHERE id BETWEEN 3660452 AND 3660552
	Index Scan using sbtest2_pkey on sbtest2  (cost=0.43..409.02 rows=102 width=125)
	  Index Cond: ((id >= 3660452) AND (id <= 3660552))

table 3 : explain SELECT id, c FROM sbtest3 WHERE id BETWEEN 3660452 AND 3660552
	Index Scan using sbtest3_pkey on sbtest3  (cost=0.43..388.54 rows=97 width=125)
	  Index Cond: ((id >= 3660452) AND (id <= 3660552))

table 4 : explain SELECT id, c FROM sbtest4 WHERE id BETWEEN 3660452 AND 3660552
	Index Scan using sbtest4_pkey on sbtest4  (cost=0.43..403.14 rows=101 width=125)
	  Index Cond: ((id >= 3660452) AND (id <= 3660552))

table 5 : explain SELECT id, c FROM sbtest5 WHERE id BETWEEN 3660452 AND 3660552
	Index Scan using sbtest5_pkey on sbtest5  (cost=0.43..420.02 rows=105 width=125)
	  Index Cond: ((id >= 3660452) AND (id <= 3660552))

table 6 : explain SELECT id, c FROM sbtest6 WHERE id BETWEEN 3660452 AND 3660552
	Index Scan using sbtest6_pkey on sbtest6  (cost=0.43..387.65 rows=97 width=125)
	  Index Cond: ((id >= 3660452) AND (id <= 3660552))

table 7 : explain SELECT id, c FROM sbtest7 WHERE id BETWEEN 3660452 AND 3660552
	Index Scan using sbtest7_pkey on sbtest7  (cost=0.43..410.96 rows=103 width=125)
	  Index Cond: ((id >= 3660452) AND (id <= 3660552))

table 8 : explain SELECT id, c FROM sbtest8 WHERE id BETWEEN 3660452 AND 3660552
	Index Scan using sbtest8_pkey on sbtest8  (cost=0.43..438.14 rows=110 width=125)
	  Index Cond: ((id >= 3660452) AND (id <= 3660552))

for range-notcovered
table 1 : explain SELECT id, c FROM sbtest1 WHERE id BETWEEN 5648806 AND 5648906
	Index Scan using sbtest1_pkey on sbtest1  (cost=0.43..388.35 rows=97 width=125)
	  Index Cond: ((id >= 5648806) AND (id <= 5648906))

table 2 : explain SELECT id, c FROM sbtest2 WHERE id BETWEEN 5648806 AND 5648906
	Index Scan using sbtest2_pkey on sbtest2  (cost=0.43..409.03 rows=102 width=125)
	  Index Cond: ((id >= 5648806) AND (id <= 5648906))

table 3 : explain SELECT id, c FROM sbtest3 WHERE id BETWEEN 5648806 AND 5648906
	Index Scan using sbtest3_pkey on sbtest3  (cost=0.43..424.18 rows=106 width=125)
	  Index Cond: ((id >= 5648806) AND (id <= 5648906))

table 4 : explain SELECT id, c FROM sbtest4 WHERE id BETWEEN 5648806 AND 5648906
	Index Scan using sbtest4_pkey on sbtest4  (cost=0.43..458.40 rows=115 width=125)
	  Index Cond: ((id >= 5648806) AND (id <= 5648906))

table 5 : explain SELECT id, c FROM sbtest5 WHERE id BETWEEN 5648806 AND 5648906
	Index Scan using sbtest5_pkey on sbtest5  (cost=0.43..400.22 rows=100 width=125)
	  Index Cond: ((id >= 5648806) AND (id <= 5648906))

table 6 : explain SELECT id, c FROM sbtest6 WHERE id BETWEEN 5648806 AND 5648906
	Index Scan using sbtest6_pkey on sbtest6  (cost=0.43..407.41 rows=102 width=125)
	  Index Cond: ((id >= 5648806) AND (id <= 5648906))

table 7 : explain SELECT id, c FROM sbtest7 WHERE id BETWEEN 5648806 AND 5648906
	Index Scan using sbtest7_pkey on sbtest7  (cost=0.43..414.91 rows=104 width=125)
	  Index Cond: ((id >= 5648806) AND (id <= 5648906))

table 8 : explain SELECT id, c FROM sbtest8 WHERE id BETWEEN 5648806 AND 5648906
	Index Scan using sbtest8_pkey on sbtest8  (cost=0.43..375.05 rows=94 width=125)
	  Index Cond: ((id >= 5648806) AND (id <= 5648906))

explain: for range-notcovered :: explain SELECT id, c FROM sbtest%d WHERE id BETWEEN 3660452 AND 3660552
explain: for range-notcovered :: explain SELECT id, c FROM sbtest%d WHERE id BETWEEN 5648806 AND 5648906
for range-notcovered
table 1 : explain SELECT id, c FROM sbtest1 WHERE id BETWEEN 5348967 AND 5349067
	Index Scan using sbtest1_pkey on sbtest1  (cost=0.43..380.44 rows=95 width=125)
	  Index Cond: ((id >= 5348967) AND (id <= 5349067))

table 2 : explain SELECT id, c FROM sbtest2 WHERE id BETWEEN 5348967 AND 5349067
	Index Scan using sbtest2_pkey on sbtest2  (cost=0.43..401.08 rows=100 width=125)
	  Index Cond: ((id >= 5348967) AND (id <= 5349067))

table 3 : explain SELECT id, c FROM sbtest3 WHERE id BETWEEN 5348967 AND 5349067
	Index Scan using sbtest3_pkey on sbtest3  (cost=0.43..400.41 rows=100 width=125)
	  Index Cond: ((id >= 5348967) AND (id <= 5349067))

table 4 : explain SELECT id, c FROM sbtest4 WHERE id BETWEEN 5348967 AND 5349067
	Index Scan using sbtest4_pkey on sbtest4  (cost=0.43..351.83 rows=88 width=125)
	  Index Cond: ((id >= 5348967) AND (id <= 5349067))

table 5 : explain SELECT id, c FROM sbtest5 WHERE id BETWEEN 5348967 AND 5349067
	Index Scan using sbtest5_pkey on sbtest5  (cost=0.43..412.10 rows=103 width=125)
	  Index Cond: ((id >= 5348967) AND (id <= 5349067))

table 6 : explain SELECT id, c FROM sbtest6 WHERE id BETWEEN 5348967 AND 5349067
	Index Scan using sbtest6_pkey on sbtest6  (cost=0.43..419.26 rows=105 width=125)
	  Index Cond: ((id >= 5348967) AND (id <= 5349067))

table 7 : explain SELECT id, c FROM sbtest7 WHERE id BETWEEN 5348967 AND 5349067
	Index Scan using sbtest7_pkey on sbtest7  (cost=0.43..438.58 rows=110 width=125)
	  Index Cond: ((id >= 5348967) AND (id <= 5349067))

table 8 : explain SELECT id, c FROM sbtest8 WHERE id BETWEEN 5348967 AND 5349067
	Index Scan using sbtest8_pkey on sbtest8  (cost=0.43..414.49 rows=104 width=125)
	  Index Cond: ((id >= 5348967) AND (id <= 5349067))

for range-notcovered
table 1 : explain SELECT id, c FROM sbtest1 WHERE id BETWEEN 3830455 AND 3830555
	Index Scan using sbtest1_pkey on sbtest1  (cost=0.43..431.89 rows=108 width=125)
	  Index Cond: ((id >= 3830455) AND (id <= 3830555))

table 2 : explain SELECT id, c FROM sbtest2 WHERE id BETWEEN 3830455 AND 3830555
	Index Scan using sbtest2_pkey on sbtest2  (cost=0.43..405.05 rows=101 width=125)
	  Index Cond: ((id >= 3830455) AND (id <= 3830555))

table 3 : explain SELECT id, c FROM sbtest3 WHERE id BETWEEN 3830455 AND 3830555
	Index Scan using sbtest3_pkey on sbtest3  (cost=0.43..388.54 rows=97 width=125)
	  Index Cond: ((id >= 3830455) AND (id <= 3830555))

table 4 : explain SELECT id, c FROM sbtest4 WHERE id BETWEEN 3830455 AND 3830555
	Index Scan using sbtest4_pkey on sbtest4  (cost=0.43..434.73 rows=109 width=125)
	  Index Cond: ((id >= 3830455) AND (id <= 3830555))

table 5 : explain SELECT id, c FROM sbtest5 WHERE id BETWEEN 3830455 AND 3830555
	Index Scan using sbtest5_pkey on sbtest5  (cost=0.43..408.15 rows=102 width=125)
	  Index Cond: ((id >= 3830455) AND (id <= 3830555))

table 6 : explain SELECT id, c FROM sbtest6 WHERE id BETWEEN 3830455 AND 3830555
	Index Scan using sbtest6_pkey on sbtest6  (cost=0.43..399.51 rows=100 width=125)
	  Index Cond: ((id >= 3830455) AND (id <= 3830555))

table 7 : explain SELECT id, c FROM sbtest7 WHERE id BETWEEN 3830455 AND 3830555
	Index Scan using sbtest7_pkey on sbtest7  (cost=0.43..395.16 rows=99 width=125)
	  Index Cond: ((id >= 3830455) AND (id <= 3830555))

table 8 : explain SELECT id, c FROM sbtest8 WHERE id BETWEEN 3830455 AND 3830555
	Index Scan using sbtest8_pkey on sbtest8  (cost=0.43..449.96 rows=113 width=125)
	  Index Cond: ((id >= 3830455) AND (id <= 3830555))

explain: for range-notcovered :: explain SELECT id, c FROM sbtest%d WHERE id BETWEEN 5348967 AND 5349067
explain: for range-notcovered :: explain SELECT id, c FROM sbtest%d WHERE id BETWEEN 3830455 AND 3830555
for range-notcovered
table 1 : explain SELECT id, c FROM sbtest1 WHERE id BETWEEN 3620488 AND 3620588
	Index Scan using sbtest1_pkey on sbtest1  (cost=0.43..384.40 rows=96 width=125)
	  Index Cond: ((id >= 3620488) AND (id <= 3620588))

table 2 : explain SELECT id, c FROM sbtest2 WHERE id BETWEEN 3620488 AND 3620588
	Index Scan using sbtest2_pkey on sbtest2  (cost=0.43..409.02 rows=102 width=125)
	  Index Cond: ((id >= 3620488) AND (id <= 3620588))

table 3 : explain SELECT id, c FROM sbtest3 WHERE id BETWEEN 3620488 AND 3620588
	Index Scan using sbtest3_pkey on sbtest3  (cost=0.43..376.66 rows=94 width=125)
	  Index Cond: ((id >= 3620488) AND (id <= 3620588))

table 4 : explain SELECT id, c FROM sbtest4 WHERE id BETWEEN 3620488 AND 3620588
	Index Scan using sbtest4_pkey on sbtest4  (cost=0.43..422.89 rows=106 width=125)
	  Index Cond: ((id >= 3620488) AND (id <= 3620588))

table 5 : explain SELECT id, c FROM sbtest5 WHERE id BETWEEN 3620488 AND 3620588
	Index Scan using sbtest5_pkey on sbtest5  (cost=0.43..439.80 rows=110 width=125)
	  Index Cond: ((id >= 3620488) AND (id <= 3620588))

table 6 : explain SELECT id, c FROM sbtest6 WHERE id BETWEEN 3620488 AND 3620588
	Index Scan using sbtest6_pkey on sbtest6  (cost=0.43..387.65 rows=97 width=125)
	  Index Cond: ((id >= 3620488) AND (id <= 3620588))

table 7 : explain SELECT id, c FROM sbtest7 WHERE id BETWEEN 3620488 AND 3620588
	Index Scan using sbtest7_pkey on sbtest7  (cost=0.43..438.58 rows=110 width=125)
	  Index Cond: ((id >= 3620488) AND (id <= 3620588))

table 8 : explain SELECT id, c FROM sbtest8 WHERE id BETWEEN 3620488 AND 3620588
	Index Scan using sbtest8_pkey on sbtest8  (cost=0.43..410.54 rows=103 width=125)
	  Index Cond: ((id >= 3620488) AND (id <= 3620588))

for range-notcovered
table 1 : explain SELECT id, c FROM sbtest1 WHERE id BETWEEN 528530 AND 528630
	Index Scan using sbtest1_pkey on sbtest1  (cost=0.43..427.94 rows=107 width=125)
	  Index Cond: ((id >= 528530) AND (id <= 528630))

table 2 : explain SELECT id, c FROM sbtest2 WHERE id BETWEEN 528530 AND 528630
	Index Scan using sbtest2_pkey on sbtest2  (cost=0.43..377.29 rows=94 width=125)
	  Index Cond: ((id >= 528530) AND (id <= 528630))

table 3 : explain SELECT id, c FROM sbtest3 WHERE id BETWEEN 528530 AND 528630
	Index Scan using sbtest3_pkey on sbtest3  (cost=0.43..436.06 rows=109 width=125)
	  Index Cond: ((id >= 528530) AND (id <= 528630))

table 4 : explain SELECT id, c FROM sbtest4 WHERE id BETWEEN 528530 AND 528630
	Index Scan using sbtest4_pkey on sbtest4  (cost=0.43..430.78 rows=108 width=125)
	  Index Cond: ((id >= 528530) AND (id <= 528630))

table 5 : explain SELECT id, c FROM sbtest5 WHERE id BETWEEN 528530 AND 528630
	Index Scan using sbtest5_pkey on sbtest5  (cost=0.43..384.39 rows=96 width=125)
	  Index Cond: ((id >= 528530) AND (id <= 528630))

table 6 : explain SELECT id, c FROM sbtest6 WHERE id BETWEEN 528530 AND 528630
	Index Scan using sbtest6_pkey on sbtest6  (cost=0.43..367.90 rows=92 width=125)
	  Index Cond: ((id >= 528530) AND (id <= 528630))

table 7 : explain SELECT id, c FROM sbtest7 WHERE id BETWEEN 528530 AND 528630
	Index Scan using sbtest7_pkey on sbtest7  (cost=0.43..371.49 rows=93 width=125)
	  Index Cond: ((id >= 528530) AND (id <= 528630))

table 8 : explain SELECT id, c FROM sbtest8 WHERE id BETWEEN 528530 AND 528630
	Index Scan using sbtest8_pkey on sbtest8  (cost=0.43..406.60 rows=102 width=125)
	  Index Cond: ((id >= 528530) AND (id <= 528630))

for range-notcovered
table 1 : explain SELECT id, c FROM sbtest1 WHERE id BETWEEN 3859037 AND 3859137
	Index Scan using sbtest1_pkey on sbtest1  (cost=0.43..431.89 rows=108 width=125)
	  Index Cond: ((id >= 3859037) AND (id <= 3859137))

table 2 : explain SELECT id, c FROM sbtest2 WHERE id BETWEEN 3859037 AND 3859137
	Index Scan using sbtest2_pkey on sbtest2  (cost=0.43..405.05 rows=101 width=125)
	  Index Cond: ((id >= 3859037) AND (id <= 3859137))

table 3 : explain SELECT id, c FROM sbtest3 WHERE id BETWEEN 3859037 AND 3859137
	Index Scan using sbtest3_pkey on sbtest3  (cost=0.43..443.98 rows=111 width=125)
	  Index Cond: ((id >= 3859037) AND (id <= 3859137))

table 4 : explain SELECT id, c FROM sbtest4 WHERE id BETWEEN 3859037 AND 3859137
	Index Scan using sbtest4_pkey on sbtest4  (cost=0.43..399.19 rows=100 width=125)
	  Index Cond: ((id >= 3859037) AND (id <= 3859137))

table 5 : explain SELECT id, c FROM sbtest5 WHERE id BETWEEN 3859037 AND 3859137
	Index Scan using sbtest5_pkey on sbtest5  (cost=0.43..412.10 rows=103 width=125)
	  Index Cond: ((id >= 3859037) AND (id <= 3859137))

table 6 : explain SELECT id, c FROM sbtest6 WHERE id BETWEEN 3859037 AND 3859137
	Index Scan using sbtest6_pkey on sbtest6  (cost=0.43..399.51 rows=100 width=125)
	  Index Cond: ((id >= 3859037) AND (id <= 3859137))

table 7 : explain SELECT id, c FROM sbtest7 WHERE id BETWEEN 3859037 AND 3859137
	Index Scan using sbtest7_pkey on sbtest7  (cost=0.43..399.11 rows=100 width=125)
	  Index Cond: ((id >= 3859037) AND (id <= 3859137))

table 8 : explain SELECT id, c FROM sbtest8 WHERE id BETWEEN 3859037 AND 3859137
	Index Scan using sbtest8_pkey on sbtest8  (cost=0.43..406.60 rows=102 width=125)
	  Index Cond: ((id >= 3859037) AND (id <= 3859137))

explain: for range-notcovered :: explain SELECT id, c FROM sbtest%d WHERE id BETWEEN 528530 AND 528630
for range-notcovered
table 1 : explain SELECT id, c FROM sbtest1 WHERE id BETWEEN 6167153 AND 6167253
	Index Scan using sbtest1_pkey on sbtest1  (cost=0.43..384.40 rows=96 width=125)
	  Index Cond: ((id >= 6167153) AND (id <= 6167253))

table 2 : explain SELECT id, c FROM sbtest2 WHERE id BETWEEN 6167153 AND 6167253
	Index Scan using sbtest2_pkey on sbtest2  (cost=0.43..416.96 rows=104 width=125)
	  Index Cond: ((id >= 6167153) AND (id <= 6167253))

table 3 : explain SELECT id, c FROM sbtest3 WHERE id BETWEEN 6167153 AND 6167253
	Index Scan using sbtest3_pkey on sbtest3  (cost=0.43..408.35 rows=102 width=125)
	  Index Cond: ((id >= 6167153) AND (id <= 6167253))

table 4 : explain SELECT id, c FROM sbtest4 WHERE id BETWEEN 6167153 AND 6167253
	Index Scan using sbtest4_pkey on sbtest4  (cost=0.43..395.24 rows=99 width=125)
	  Index Cond: ((id >= 6167153) AND (id <= 6167253))

table 5 : explain SELECT id, c FROM sbtest5 WHERE id BETWEEN 6167153 AND 6167253
	Index Scan using sbtest5_pkey on sbtest5  (cost=0.43..400.22 rows=100 width=125)
	  Index Cond: ((id >= 6167153) AND (id <= 6167253))

table 6 : explain SELECT id, c FROM sbtest6 WHERE id BETWEEN 6167153 AND 6167253
	Index Scan using sbtest6_pkey on sbtest6  (cost=0.43..411.36 rows=103 width=125)
	  Index Cond: ((id >= 6167153) AND (id <= 6167253))

table 7 : explain SELECT id, c FROM sbtest7 WHERE id BETWEEN 6167153 AND 6167253
	Index Scan using sbtest7_pkey on sbtest7  (cost=0.43..387.27 rows=97 width=125)
	  Index Cond: ((id >= 6167153) AND (id <= 6167253))

table 8 : explain SELECT id, c FROM sbtest8 WHERE id BETWEEN 6167153 AND 6167253
	Index Scan using sbtest8_pkey on sbtest8  (cost=0.43..422.37 rows=106 width=125)
	  Index Cond: ((id >= 6167153) AND (id <= 6167253))

explain: for range-notcovered :: explain SELECT id, c FROM sbtest%d WHERE id BETWEEN 3859037 AND 3859137
for range-notcovered
table 1 : explain SELECT id, c FROM sbtest1 WHERE id BETWEEN 3660452 AND 3660552
	Index Scan using sbtest1_pkey on sbtest1  (cost=0.43..384.40 rows=96 width=125)
	  Index Cond: ((id >= 3660452) AND (id <= 3660552))

table 2 : explain SELECT id, c FROM sbtest2 WHERE id BETWEEN 3660452 AND 3660552
	Index Scan using sbtest2_pkey on sbtest2  (cost=0.43..409.02 rows=102 width=125)
	  Index Cond: ((id >= 3660452) AND (id <= 3660552))

table 3 : explain SELECT id, c FROM sbtest3 WHERE id BETWEEN 3660452 AND 3660552
	Index Scan using sbtest3_pkey on sbtest3  (cost=0.43..388.54 rows=97 width=125)
	  Index Cond: ((id >= 3660452) AND (id <= 3660552))

table 4 : explain SELECT id, c FROM sbtest4 WHERE id BETWEEN 3660452 AND 3660552
	Index Scan using sbtest4_pkey on sbtest4  (cost=0.43..403.14 rows=101 width=125)
	  Index Cond: ((id >= 3660452) AND (id <= 3660552))

table 5 : explain SELECT id, c FROM sbtest5 WHERE id BETWEEN 3660452 AND 3660552
	Index Scan using sbtest5_pkey on sbtest5  (cost=0.43..420.02 rows=105 width=125)
	  Index Cond: ((id >= 3660452) AND (id <= 3660552))

table 6 : explain SELECT id, c FROM sbtest6 WHERE id BETWEEN 3660452 AND 3660552
	Index Scan using sbtest6_pkey on sbtest6  (cost=0.43..387.65 rows=97 width=125)
	  Index Cond: ((id >= 3660452) AND (id <= 3660552))

table 7 : explain SELECT id, c FROM sbtest7 WHERE id BETWEEN 3660452 AND 3660552
	Index Scan using sbtest7_pkey on sbtest7  (cost=0.43..410.96 rows=103 width=125)
	  Index Cond: ((id >= 3660452) AND (id <= 3660552))

table 8 : explain SELECT id, c FROM sbtest8 WHERE id BETWEEN 3660452 AND 3660552
	Index Scan using sbtest8_pkey on sbtest8  (cost=0.43..438.14 rows=110 width=125)
	  Index Cond: ((id >= 3660452) AND (id <= 3660552))

for range-notcovered
table 1 : explain SELECT id, c FROM sbtest1 WHERE id BETWEEN 5648806 AND 5648906
	Index Scan using sbtest1_pkey on sbtest1  (cost=0.43..388.35 rows=97 width=125)
	  Index Cond: ((id >= 5648806) AND (id <= 5648906))

table 2 : explain SELECT id, c FROM sbtest2 WHERE id BETWEEN 5648806 AND 5648906
	Index Scan using sbtest2_pkey on sbtest2  (cost=0.43..409.03 rows=102 width=125)
	  Index Cond: ((id >= 5648806) AND (id <= 5648906))

table 3 : explain SELECT id, c FROM sbtest3 WHERE id BETWEEN 5648806 AND 5648906
	Index Scan using sbtest3_pkey on sbtest3  (cost=0.43..424.18 rows=106 width=125)
	  Index Cond: ((id >= 5648806) AND (id <= 5648906))

table 4 : explain SELECT id, c FROM sbtest4 WHERE id BETWEEN 5648806 AND 5648906
	Index Scan using sbtest4_pkey on sbtest4  (cost=0.43..458.40 rows=115 width=125)
	  Index Cond: ((id >= 5648806) AND (id <= 5648906))

table 5 : explain SELECT id, c FROM sbtest5 WHERE id BETWEEN 5648806 AND 5648906
	Index Scan using sbtest5_pkey on sbtest5  (cost=0.43..400.22 rows=100 width=125)
	  Index Cond: ((id >= 5648806) AND (id <= 5648906))

table 6 : explain SELECT id, c FROM sbtest6 WHERE id BETWEEN 5648806 AND 5648906
	Index Scan using sbtest6_pkey on sbtest6  (cost=0.43..407.41 rows=102 width=125)
	  Index Cond: ((id >= 5648806) AND (id <= 5648906))

table 7 : explain SELECT id, c FROM sbtest7 WHERE id BETWEEN 5648806 AND 5648906
	Index Scan using sbtest7_pkey on sbtest7  (cost=0.43..414.91 rows=104 width=125)
	  Index Cond: ((id >= 5648806) AND (id <= 5648906))

table 8 : explain SELECT id, c FROM sbtest8 WHERE id BETWEEN 5648806 AND 5648906
	Index Scan using sbtest8_pkey on sbtest8  (cost=0.43..375.05 rows=94 width=125)
	  Index Cond: ((id >= 5648806) AND (id <= 5648906))

explain: for range-notcovered :: explain SELECT id, c FROM sbtest%d WHERE id BETWEEN 6167153 AND 6167253
explain: for range-notcovered :: explain SELECT id, c FROM sbtest%d WHERE id BETWEEN 3660452 AND 3660552
explain: for range-notcovered :: explain SELECT id, c FROM sbtest%d WHERE id BETWEEN 5648806 AND 5648906
for range-notcovered
table 1 : explain SELECT id, c FROM sbtest1 WHERE id BETWEEN 3830455 AND 3830555
	Index Scan using sbtest1_pkey on sbtest1  (cost=0.43..431.89 rows=108 width=125)
	  Index Cond: ((id >= 3830455) AND (id <= 3830555))

table 2 : explain SELECT id, c FROM sbtest2 WHERE id BETWEEN 3830455 AND 3830555
	Index Scan using sbtest2_pkey on sbtest2  (cost=0.43..405.05 rows=101 width=125)
	  Index Cond: ((id >= 3830455) AND (id <= 3830555))

table 3 : explain SELECT id, c FROM sbtest3 WHERE id BETWEEN 3830455 AND 3830555
	Index Scan using sbtest3_pkey on sbtest3  (cost=0.43..388.54 rows=97 width=125)
	  Index Cond: ((id >= 3830455) AND (id <= 3830555))

table 4 : explain SELECT id, c FROM sbtest4 WHERE id BETWEEN 3830455 AND 3830555
	Index Scan using sbtest4_pkey on sbtest4  (cost=0.43..434.73 rows=109 width=125)
	  Index Cond: ((id >= 3830455) AND (id <= 3830555))

table 5 : explain SELECT id, c FROM sbtest5 WHERE id BETWEEN 3830455 AND 3830555
	Index Scan using sbtest5_pkey on sbtest5  (cost=0.43..408.15 rows=102 width=125)
	  Index Cond: ((id >= 3830455) AND (id <= 3830555))

table 6 : explain SELECT id, c FROM sbtest6 WHERE id BETWEEN 3830455 AND 3830555
	Index Scan using sbtest6_pkey on sbtest6  (cost=0.43..399.51 rows=100 width=125)
	  Index Cond: ((id >= 3830455) AND (id <= 3830555))

table 7 : explain SELECT id, c FROM sbtest7 WHERE id BETWEEN 3830455 AND 3830555
	Index Scan using sbtest7_pkey on sbtest7  (cost=0.43..395.16 rows=99 width=125)
	  Index Cond: ((id >= 3830455) AND (id <= 3830555))

table 8 : explain SELECT id, c FROM sbtest8 WHERE id BETWEEN 3830455 AND 3830555
	Index Scan using sbtest8_pkey on sbtest8  (cost=0.43..449.96 rows=113 width=125)
	  Index Cond: ((id >= 3830455) AND (id <= 3830555))

for range-notcovered
table 1 : explain SELECT id, c FROM sbtest1 WHERE id BETWEEN 5348967 AND 5349067
	Index Scan using sbtest1_pkey on sbtest1  (cost=0.43..380.44 rows=95 width=125)
	  Index Cond: ((id >= 5348967) AND (id <= 5349067))

table 2 : explain SELECT id, c FROM sbtest2 WHERE id BETWEEN 5348967 AND 5349067
	Index Scan using sbtest2_pkey on sbtest2  (cost=0.43..401.08 rows=100 width=125)
	  Index Cond: ((id >= 5348967) AND (id <= 5349067))

table 3 : explain SELECT id, c FROM sbtest3 WHERE id BETWEEN 5348967 AND 5349067
	Index Scan using sbtest3_pkey on sbtest3  (cost=0.43..400.41 rows=100 width=125)
	  Index Cond: ((id >= 5348967) AND (id <= 5349067))

table 4 : explain SELECT id, c FROM sbtest4 WHERE id BETWEEN 5348967 AND 5349067
	Index Scan using sbtest4_pkey on sbtest4  (cost=0.43..351.83 rows=88 width=125)
	  Index Cond: ((id >= 5348967) AND (id <= 5349067))

table 5 : explain SELECT id, c FROM sbtest5 WHERE id BETWEEN 5348967 AND 5349067
	Index Scan using sbtest5_pkey on sbtest5  (cost=0.43..412.10 rows=103 width=125)
	  Index Cond: ((id >= 5348967) AND (id <= 5349067))

table 6 : explain SELECT id, c FROM sbtest6 WHERE id BETWEEN 5348967 AND 5349067
	Index Scan using sbtest6_pkey on sbtest6  (cost=0.43..419.26 rows=105 width=125)
	  Index Cond: ((id >= 5348967) AND (id <= 5349067))

table 7 : explain SELECT id, c FROM sbtest7 WHERE id BETWEEN 5348967 AND 5349067
	Index Scan using sbtest7_pkey on sbtest7  (cost=0.43..438.58 rows=110 width=125)
	  Index Cond: ((id >= 5348967) AND (id <= 5349067))

table 8 : explain SELECT id, c FROM sbtest8 WHERE id BETWEEN 5348967 AND 5349067
	Index Scan using sbtest8_pkey on sbtest8  (cost=0.43..414.49 rows=104 width=125)
	  Index Cond: ((id >= 5348967) AND (id <= 5349067))

explain: for range-notcovered :: explain SELECT id, c FROM sbtest%d WHERE id BETWEEN 3830455 AND 3830555
for range-notcovered
table 1 : explain SELECT id, c FROM sbtest1 WHERE id BETWEEN 8569623 AND 8569723
	Index Scan using sbtest1_pkey on sbtest1  (cost=0.43..400.22 rows=100 width=125)
	  Index Cond: ((id >= 8569623) AND (id <= 8569723))

table 2 : explain SELECT id, c FROM sbtest2 WHERE id BETWEEN 8569623 AND 8569723
	Index Scan using sbtest2_pkey on sbtest2  (cost=0.43..405.05 rows=101 width=125)
	  Index Cond: ((id >= 8569623) AND (id <= 8569723))

table 3 : explain SELECT id, c FROM sbtest3 WHERE id BETWEEN 8569623 AND 8569723
	Index Scan using sbtest3_pkey on sbtest3  (cost=0.43..368.74 rows=92 width=125)
	  Index Cond: ((id >= 8569623) AND (id <= 8569723))

table 4 : explain SELECT id, c FROM sbtest4 WHERE id BETWEEN 8569623 AND 8569723
	Index Scan using sbtest4_pkey on sbtest4  (cost=0.43..395.24 rows=99 width=125)
	  Index Cond: ((id >= 8569623) AND (id <= 8569723))

table 5 : explain SELECT id, c FROM sbtest5 WHERE id BETWEEN 8569623 AND 8569723
	Index Scan using sbtest5_pkey on sbtest5  (cost=0.43..408.15 rows=102 width=125)
	  Index Cond: ((id >= 8569623) AND (id <= 8569723))

table 6 : explain SELECT id, c FROM sbtest6 WHERE id BETWEEN 8569623 AND 8569723
	Index Scan using sbtest6_pkey on sbtest6  (cost=0.43..375.80 rows=94 width=125)
	  Index Cond: ((id >= 8569623) AND (id <= 8569723))

table 7 : explain SELECT id, c FROM sbtest7 WHERE id BETWEEN 8569623 AND 8569723
	Index Scan using sbtest7_pkey on sbtest7  (cost=0.43..434.63 rows=109 width=125)
	  Index Cond: ((id >= 8569623) AND (id <= 8569723))

table 8 : explain SELECT id, c FROM sbtest8 WHERE id BETWEEN 8569623 AND 8569723
	Index Scan using sbtest8_pkey on sbtest8  (cost=0.43..402.66 rows=101 width=125)
	  Index Cond: ((id >= 8569623) AND (id <= 8569723))

explain: for range-notcovered :: explain SELECT id, c FROM sbtest%d WHERE id BETWEEN 8569623 AND 8569723
for range-notcovered
table 1 : explain SELECT id, c FROM sbtest1 WHERE id BETWEEN 528530 AND 528630
	Index Scan using sbtest1_pkey on sbtest1  (cost=0.43..427.94 rows=107 width=125)
	  Index Cond: ((id >= 528530) AND (id <= 528630))

table 2 : explain SELECT id, c FROM sbtest2 WHERE id BETWEEN 528530 AND 528630
	Index Scan using sbtest2_pkey on sbtest2  (cost=0.43..377.29 rows=94 width=125)
	  Index Cond: ((id >= 528530) AND (id <= 528630))

table 3 : explain SELECT id, c FROM sbtest3 WHERE id BETWEEN 528530 AND 528630
	Index Scan using sbtest3_pkey on sbtest3  (cost=0.43..436.06 rows=109 width=125)
	  Index Cond: ((id >= 528530) AND (id <= 528630))

table 4 : explain SELECT id, c FROM sbtest4 WHERE id BETWEEN 528530 AND 528630
	Index Scan using sbtest4_pkey on sbtest4  (cost=0.43..430.78 rows=108 width=125)
	  Index Cond: ((id >= 528530) AND (id <= 528630))

table 5 : explain SELECT id, c FROM sbtest5 WHERE id BETWEEN 528530 AND 528630
	Index Scan using sbtest5_pkey on sbtest5  (cost=0.43..384.39 rows=96 width=125)
	  Index Cond: ((id >= 528530) AND (id <= 528630))

table 6 : explain SELECT id, c FROM sbtest6 WHERE id BETWEEN 528530 AND 528630
	Index Scan using sbtest6_pkey on sbtest6  (cost=0.43..367.90 rows=92 width=125)
	  Index Cond: ((id >= 528530) AND (id <= 528630))

table 7 : explain SELECT id, c FROM sbtest7 WHERE id BETWEEN 528530 AND 528630
	Index Scan using sbtest7_pkey on sbtest7  (cost=0.43..371.49 rows=93 width=125)
	  Index Cond: ((id >= 528530) AND (id <= 528630))

table 8 : explain SELECT id, c FROM sbtest8 WHERE id BETWEEN 528530 AND 528630
	Index Scan using sbtest8_pkey on sbtest8  (cost=0.43..406.60 rows=102 width=125)
	  Index Cond: ((id >= 528530) AND (id <= 528630))

for range-notcovered
table 1 : explain SELECT id, c FROM sbtest1 WHERE id BETWEEN 3859037 AND 3859137
	Index Scan using sbtest1_pkey on sbtest1  (cost=0.43..431.89 rows=108 width=125)
	  Index Cond: ((id >= 3859037) AND (id <= 3859137))

table 2 : explain SELECT id, c FROM sbtest2 WHERE id BETWEEN 3859037 AND 3859137
	Index Scan using sbtest2_pkey on sbtest2  (cost=0.43..405.05 rows=101 width=125)
	  Index Cond: ((id >= 3859037) AND (id <= 3859137))

table 3 : explain SELECT id, c FROM sbtest3 WHERE id BETWEEN 3859037 AND 3859137
	Index Scan using sbtest3_pkey on sbtest3  (cost=0.43..443.98 rows=111 width=125)
	  Index Cond: ((id >= 3859037) AND (id <= 3859137))

table 4 : explain SELECT id, c FROM sbtest4 WHERE id BETWEEN 3859037 AND 3859137
	Index Scan using sbtest4_pkey on sbtest4  (cost=0.43..399.19 rows=100 width=125)
	  Index Cond: ((id >= 3859037) AND (id <= 3859137))

table 5 : explain SELECT id, c FROM sbtest5 WHERE id BETWEEN 3859037 AND 3859137
	Index Scan using sbtest5_pkey on sbtest5  (cost=0.43..412.10 rows=103 width=125)
	  Index Cond: ((id >= 3859037) AND (id <= 3859137))

table 6 : explain SELECT id, c FROM sbtest6 WHERE id BETWEEN 3859037 AND 3859137
	Index Scan using sbtest6_pkey on sbtest6  (cost=0.43..399.51 rows=100 width=125)
	  Index Cond: ((id >= 3859037) AND (id <= 3859137))

table 7 : explain SELECT id, c FROM sbtest7 WHERE id BETWEEN 3859037 AND 3859137
	Index Scan using sbtest7_pkey on sbtest7  (cost=0.43..399.11 rows=100 width=125)
	  Index Cond: ((id >= 3859037) AND (id <= 3859137))

table 8 : explain SELECT id, c FROM sbtest8 WHERE id BETWEEN 3859037 AND 3859137
	Index Scan using sbtest8_pkey on sbtest8  (cost=0.43..406.60 rows=102 width=125)
	  Index Cond: ((id >= 3859037) AND (id <= 3859137))

for range-notcovered
table 1 : explain SELECT id, c FROM sbtest1 WHERE id BETWEEN 3660452 AND 3660552
	Index Scan using sbtest1_pkey on sbtest1  (cost=0.43..384.40 rows=96 width=125)
	  Index Cond: ((id >= 3660452) AND (id <= 3660552))

table 2 : explain SELECT id, c FROM sbtest2 WHERE id BETWEEN 3660452 AND 3660552
	Index Scan using sbtest2_pkey on sbtest2  (cost=0.43..409.02 rows=102 width=125)
	  Index Cond: ((id >= 3660452) AND (id <= 3660552))

table 3 : explain SELECT id, c FROM sbtest3 WHERE id BETWEEN 3660452 AND 3660552
	Index Scan using sbtest3_pkey on sbtest3  (cost=0.43..388.54 rows=97 width=125)
	  Index Cond: ((id >= 3660452) AND (id <= 3660552))

table 4 : explain SELECT id, c FROM sbtest4 WHERE id BETWEEN 3660452 AND 3660552
	Index Scan using sbtest4_pkey on sbtest4  (cost=0.43..403.14 rows=101 width=125)
	  Index Cond: ((id >= 3660452) AND (id <= 3660552))

table 5 : explain SELECT id, c FROM sbtest5 WHERE id BETWEEN 3660452 AND 3660552
	Index Scan using sbtest5_pkey on sbtest5  (cost=0.43..420.02 rows=105 width=125)
	  Index Cond: ((id >= 3660452) AND (id <= 3660552))

table 6 : explain SELECT id, c FROM sbtest6 WHERE id BETWEEN 3660452 AND 3660552
	Index Scan using sbtest6_pkey on sbtest6  (cost=0.43..387.65 rows=97 width=125)
	  Index Cond: ((id >= 3660452) AND (id <= 3660552))

table 7 : explain SELECT id, c FROM sbtest7 WHERE id BETWEEN 3660452 AND 3660552
	Index Scan using sbtest7_pkey on sbtest7  (cost=0.43..410.96 rows=103 width=125)
	  Index Cond: ((id >= 3660452) AND (id <= 3660552))

table 8 : explain SELECT id, c FROM sbtest8 WHERE id BETWEEN 3660452 AND 3660552
	Index Scan using sbtest8_pkey on sbtest8  (cost=0.43..438.14 rows=110 width=125)
	  Index Cond: ((id >= 3660452) AND (id <= 3660552))

explain: for range-notcovered :: explain SELECT id, c FROM sbtest%d WHERE id BETWEEN 528530 AND 528630
explain: for range-notcovered :: explain SELECT id, c FROM sbtest%d WHERE id BETWEEN 3859037 AND 3859137
for range-notcovered
table 1 : explain SELECT id, c FROM sbtest1 WHERE id BETWEEN 6167153 AND 6167253
	Index Scan using sbtest1_pkey on sbtest1  (cost=0.43..384.40 rows=96 width=125)
	  Index Cond: ((id >= 6167153) AND (id <= 6167253))

table 2 : explain SELECT id, c FROM sbtest2 WHERE id BETWEEN 6167153 AND 6167253
	Index Scan using sbtest2_pkey on sbtest2  (cost=0.43..416.96 rows=104 width=125)
	  Index Cond: ((id >= 6167153) AND (id <= 6167253))

table 3 : explain SELECT id, c FROM sbtest3 WHERE id BETWEEN 6167153 AND 6167253
	Index Scan using sbtest3_pkey on sbtest3  (cost=0.43..408.35 rows=102 width=125)
	  Index Cond: ((id >= 6167153) AND (id <= 6167253))

table 4 : explain SELECT id, c FROM sbtest4 WHERE id BETWEEN 6167153 AND 6167253
	Index Scan using sbtest4_pkey on sbtest4  (cost=0.43..395.24 rows=99 width=125)
	  Index Cond: ((id >= 6167153) AND (id <= 6167253))

table 5 : explain SELECT id, c FROM sbtest5 WHERE id BETWEEN 6167153 AND 6167253
	Index Scan using sbtest5_pkey on sbtest5  (cost=0.43..400.22 rows=100 width=125)
	  Index Cond: ((id >= 6167153) AND (id <= 6167253))

table 6 : explain SELECT id, c FROM sbtest6 WHERE id BETWEEN 6167153 AND 6167253
	Index Scan using sbtest6_pkey on sbtest6  (cost=0.43..411.36 rows=103 width=125)
	  Index Cond: ((id >= 6167153) AND (id <= 6167253))

table 7 : explain SELECT id, c FROM sbtest7 WHERE id BETWEEN 6167153 AND 6167253
	Index Scan using sbtest7_pkey on sbtest7  (cost=0.43..387.27 rows=97 width=125)
	  Index Cond: ((id >= 6167153) AND (id <= 6167253))

table 8 : explain SELECT id, c FROM sbtest8 WHERE id BETWEEN 6167153 AND 6167253
	Index Scan using sbtest8_pkey on sbtest8  (cost=0.43..422.37 rows=106 width=125)
	  Index Cond: ((id >= 6167153) AND (id <= 6167253))
for range-notcovered
table 1 : explain SELECT id, c FROM sbtest1 WHERE id BETWEEN 5648806 AND 5648906
	Index Scan using sbtest1_pkey on sbtest1  (cost=0.43..388.35 rows=97 width=125)
	  Index Cond: ((id >= 5648806) AND (id <= 5648906))

table 2 : explain SELECT id, c FROM sbtest2 WHERE id BETWEEN 5648806 AND 5648906
	Index Scan using sbtest2_pkey on sbtest2  (cost=0.43..409.03 rows=102 width=125)
	  Index Cond: ((id >= 5648806) AND (id <= 5648906))

table 3 : explain SELECT id, c FROM sbtest3 WHERE id BETWEEN 5648806 AND 5648906
	Index Scan using sbtest3_pkey on sbtest3  (cost=0.43..424.18 rows=106 width=125)
	  Index Cond: ((id >= 5648806) AND (id <= 5648906))

table 4 : explain SELECT id, c FROM sbtest4 WHERE id BETWEEN 5648806 AND 5648906
	Index Scan using sbtest4_pkey on sbtest4  (cost=0.43..458.40 rows=115 width=125)
	  Index Cond: ((id >= 5648806) AND (id <= 5648906))

table 5 : explain SELECT id, c FROM sbtest5 WHERE id BETWEEN 5648806 AND 5648906
	Index Scan using sbtest5_pkey on sbtest5  (cost=0.43..400.22 rows=100 width=125)
	  Index Cond: ((id >= 5648806) AND (id <= 5648906))

table 6 : explain SELECT id, c FROM sbtest6 WHERE id BETWEEN 5648806 AND 5648906
	Index Scan using sbtest6_pkey on sbtest6  (cost=0.43..407.41 rows=102 width=125)
	  Index Cond: ((id >= 5648806) AND (id <= 5648906))

table 7 : explain SELECT id, c FROM sbtest7 WHERE id BETWEEN 5648806 AND 5648906
	Index Scan using sbtest7_pkey on sbtest7  (cost=0.43..414.91 rows=104 width=125)
	  Index Cond: ((id >= 5648806) AND (id <= 5648906))

table 8 : explain SELECT id, c FROM sbtest8 WHERE id BETWEEN 5648806 AND 5648906
	Index Scan using sbtest8_pkey on sbtest8  (cost=0.43..375.05 rows=94 width=125)
	  Index Cond: ((id >= 5648806) AND (id <= 5648906))


explain: for range-notcovered :: explain SELECT id, c FROM sbtest%d WHERE id BETWEEN 3660452 AND 3660552
explain: for range-notcovered :: explain SELECT id, c FROM sbtest%d WHERE id BETWEEN 5648806 AND 5648906
explain: for range-notcovered :: explain SELECT id, c FROM sbtest%d WHERE id BETWEEN 6167153 AND 6167253
for range-notcovered
table 1 : explain SELECT id, c FROM sbtest1 WHERE id BETWEEN 3830455 AND 3830555
	Index Scan using sbtest1_pkey on sbtest1  (cost=0.43..431.89 rows=108 width=125)
	  Index Cond: ((id >= 3830455) AND (id <= 3830555))

table 2 : explain SELECT id, c FROM sbtest2 WHERE id BETWEEN 3830455 AND 3830555
	Index Scan using sbtest2_pkey on sbtest2  (cost=0.43..405.05 rows=101 width=125)
	  Index Cond: ((id >= 3830455) AND (id <= 3830555))

table 3 : explain SELECT id, c FROM sbtest3 WHERE id BETWEEN 3830455 AND 3830555
	Index Scan using sbtest3_pkey on sbtest3  (cost=0.43..388.54 rows=97 width=125)
	  Index Cond: ((id >= 3830455) AND (id <= 3830555))

table 4 : explain SELECT id, c FROM sbtest4 WHERE id BETWEEN 3830455 AND 3830555
	Index Scan using sbtest4_pkey on sbtest4  (cost=0.43..434.73 rows=109 width=125)
	  Index Cond: ((id >= 3830455) AND (id <= 3830555))

table 5 : explain SELECT id, c FROM sbtest5 WHERE id BETWEEN 3830455 AND 3830555
	Index Scan using sbtest5_pkey on sbtest5  (cost=0.43..408.15 rows=102 width=125)
	  Index Cond: ((id >= 3830455) AND (id <= 3830555))

table 6 : explain SELECT id, c FROM sbtest6 WHERE id BETWEEN 3830455 AND 3830555
	Index Scan using sbtest6_pkey on sbtest6  (cost=0.43..399.51 rows=100 width=125)
	  Index Cond: ((id >= 3830455) AND (id <= 3830555))

table 7 : explain SELECT id, c FROM sbtest7 WHERE id BETWEEN 3830455 AND 3830555
	Index Scan using sbtest7_pkey on sbtest7  (cost=0.43..395.16 rows=99 width=125)
	  Index Cond: ((id >= 3830455) AND (id <= 3830555))

table 8 : explain SELECT id, c FROM sbtest8 WHERE id BETWEEN 3830455 AND 3830555
	Index Scan using sbtest8_pkey on sbtest8  (cost=0.43..449.96 rows=113 width=125)
	  Index Cond: ((id >= 3830455) AND (id <= 3830555))

for range-notcovered
table 1 : explain SELECT id, c FROM sbtest1 WHERE id BETWEEN 8569623 AND 8569723
	Index Scan using sbtest1_pkey on sbtest1  (cost=0.43..400.22 rows=100 width=125)
	  Index Cond: ((id >= 8569623) AND (id <= 8569723))

table 2 : explain SELECT id, c FROM sbtest2 WHERE id BETWEEN 8569623 AND 8569723
	Index Scan using sbtest2_pkey on sbtest2  (cost=0.43..405.05 rows=101 width=125)
	  Index Cond: ((id >= 8569623) AND (id <= 8569723))

table 3 : explain SELECT id, c FROM sbtest3 WHERE id BETWEEN 8569623 AND 8569723
	Index Scan using sbtest3_pkey on sbtest3  (cost=0.43..368.74 rows=92 width=125)
	  Index Cond: ((id >= 8569623) AND (id <= 8569723))

table 4 : explain SELECT id, c FROM sbtest4 WHERE id BETWEEN 8569623 AND 8569723
	Index Scan using sbtest4_pkey on sbtest4  (cost=0.43..395.24 rows=99 width=125)
	  Index Cond: ((id >= 8569623) AND (id <= 8569723))

table 5 : explain SELECT id, c FROM sbtest5 WHERE id BETWEEN 8569623 AND 8569723
	Index Scan using sbtest5_pkey on sbtest5  (cost=0.43..408.15 rows=102 width=125)
	  Index Cond: ((id >= 8569623) AND (id <= 8569723))

table 6 : explain SELECT id, c FROM sbtest6 WHERE id BETWEEN 8569623 AND 8569723
	Index Scan using sbtest6_pkey on sbtest6  (cost=0.43..375.80 rows=94 width=125)
	  Index Cond: ((id >= 8569623) AND (id <= 8569723))

table 7 : explain SELECT id, c FROM sbtest7 WHERE id BETWEEN 8569623 AND 8569723
	Index Scan using sbtest7_pkey on sbtest7  (cost=0.43..434.63 rows=109 width=125)
	  Index Cond: ((id >= 8569623) AND (id <= 8569723))

table 8 : explain SELECT id, c FROM sbtest8 WHERE id BETWEEN 8569623 AND 8569723
	Index Scan using sbtest8_pkey on sbtest8  (cost=0.43..402.66 rows=101 width=125)
	  Index Cond: ((id >= 8569623) AND (id <= 8569723))

for range-notcovered
table 1 : explain SELECT id, c FROM sbtest1 WHERE id BETWEEN 528530 AND 528630
	Index Scan using sbtest1_pkey on sbtest1  (cost=0.43..427.94 rows=107 width=125)
	  Index Cond: ((id >= 528530) AND (id <= 528630))

table 2 : explain SELECT id, c FROM sbtest2 WHERE id BETWEEN 528530 AND 528630
	Index Scan using sbtest2_pkey on sbtest2  (cost=0.43..377.29 rows=94 width=125)
	  Index Cond: ((id >= 528530) AND (id <= 528630))

table 3 : explain SELECT id, c FROM sbtest3 WHERE id BETWEEN 528530 AND 528630
	Index Scan using sbtest3_pkey on sbtest3  (cost=0.43..436.06 rows=109 width=125)
	  Index Cond: ((id >= 528530) AND (id <= 528630))

table 4 : explain SELECT id, c FROM sbtest4 WHERE id BETWEEN 528530 AND 528630
	Index Scan using sbtest4_pkey on sbtest4  (cost=0.43..430.78 rows=108 width=125)
	  Index Cond: ((id >= 528530) AND (id <= 528630))

table 5 : explain SELECT id, c FROM sbtest5 WHERE id BETWEEN 528530 AND 528630
	Index Scan using sbtest5_pkey on sbtest5  (cost=0.43..384.39 rows=96 width=125)
	  Index Cond: ((id >= 528530) AND (id <= 528630))

table 6 : explain SELECT id, c FROM sbtest6 WHERE id BETWEEN 528530 AND 528630
	Index Scan using sbtest6_pkey on sbtest6  (cost=0.43..367.90 rows=92 width=125)
	  Index Cond: ((id >= 528530) AND (id <= 528630))

table 7 : explain SELECT id, c FROM sbtest7 WHERE id BETWEEN 528530 AND 528630
	Index Scan using sbtest7_pkey on sbtest7  (cost=0.43..371.49 rows=93 width=125)
	  Index Cond: ((id >= 528530) AND (id <= 528630))

table 8 : explain SELECT id, c FROM sbtest8 WHERE id BETWEEN 528530 AND 528630
	Index Scan using sbtest8_pkey on sbtest8  (cost=0.43..406.60 rows=102 width=125)
	  Index Cond: ((id >= 528530) AND (id <= 528630))

for range-notcovered
table 1 : explain SELECT id, c FROM sbtest1 WHERE id BETWEEN 3859037 AND 3859137
	Index Scan using sbtest1_pkey on sbtest1  (cost=0.43..431.89 rows=108 width=125)
	  Index Cond: ((id >= 3859037) AND (id <= 3859137))

table 2 : explain SELECT id, c FROM sbtest2 WHERE id BETWEEN 3859037 AND 3859137
	Index Scan using sbtest2_pkey on sbtest2  (cost=0.43..405.05 rows=101 width=125)
	  Index Cond: ((id >= 3859037) AND (id <= 3859137))

table 3 : explain SELECT id, c FROM sbtest3 WHERE id BETWEEN 3859037 AND 3859137
	Index Scan using sbtest3_pkey on sbtest3  (cost=0.43..443.98 rows=111 width=125)
	  Index Cond: ((id >= 3859037) AND (id <= 3859137))

table 4 : explain SELECT id, c FROM sbtest4 WHERE id BETWEEN 3859037 AND 3859137
	Index Scan using sbtest4_pkey on sbtest4  (cost=0.43..399.19 rows=100 width=125)
	  Index Cond: ((id >= 3859037) AND (id <= 3859137))

table 5 : explain SELECT id, c FROM sbtest5 WHERE id BETWEEN 3859037 AND 3859137
	Index Scan using sbtest5_pkey on sbtest5  (cost=0.43..412.10 rows=103 width=125)
	  Index Cond: ((id >= 3859037) AND (id <= 3859137))

table 6 : explain SELECT id, c FROM sbtest6 WHERE id BETWEEN 3859037 AND 3859137
	Index Scan using sbtest6_pkey on sbtest6  (cost=0.43..399.51 rows=100 width=125)
	  Index Cond: ((id >= 3859037) AND (id <= 3859137))

table 7 : explain SELECT id, c FROM sbtest7 WHERE id BETWEEN 3859037 AND 3859137
	Index Scan using sbtest7_pkey on sbtest7  (cost=0.43..399.11 rows=100 width=125)
	  Index Cond: ((id >= 3859037) AND (id <= 3859137))

table 8 : explain SELECT id, c FROM sbtest8 WHERE id BETWEEN 3859037 AND 3859137
	Index Scan using sbtest8_pkey on sbtest8  (cost=0.43..406.60 rows=102 width=125)
	  Index Cond: ((id >= 3859037) AND (id <= 3859137))

explain: for range-notcovered :: explain SELECT id, c FROM sbtest%d WHERE id BETWEEN 8569623 AND 8569723
explain: for range-notcovered :: explain SELECT id, c FROM sbtest%d WHERE id BETWEEN 3859037 AND 3859137
explain: for range-notcovered :: explain SELECT id, c FROM sbtest%d WHERE id BETWEEN 528530 AND 528630
for range-notcovered
table 1 : explain SELECT id, c FROM sbtest1 WHERE id BETWEEN 3660452 AND 3660552
	Index Scan using sbtest1_pkey on sbtest1  (cost=0.43..384.40 rows=96 width=125)
	  Index Cond: ((id >= 3660452) AND (id <= 3660552))

table 2 : explain SELECT id, c FROM sbtest2 WHERE id BETWEEN 3660452 AND 3660552
	Index Scan using sbtest2_pkey on sbtest2  (cost=0.43..409.02 rows=102 width=125)
	  Index Cond: ((id >= 3660452) AND (id <= 3660552))

table 3 : explain SELECT id, c FROM sbtest3 WHERE id BETWEEN 3660452 AND 3660552
	Index Scan using sbtest3_pkey on sbtest3  (cost=0.43..388.54 rows=97 width=125)
	  Index Cond: ((id >= 3660452) AND (id <= 3660552))

table 4 : explain SELECT id, c FROM sbtest4 WHERE id BETWEEN 3660452 AND 3660552
	Index Scan using sbtest4_pkey on sbtest4  (cost=0.43..403.14 rows=101 width=125)
	  Index Cond: ((id >= 3660452) AND (id <= 3660552))

table 5 : explain SELECT id, c FROM sbtest5 WHERE id BETWEEN 3660452 AND 3660552
	Index Scan using sbtest5_pkey on sbtest5  (cost=0.43..420.02 rows=105 width=125)
	  Index Cond: ((id >= 3660452) AND (id <= 3660552))

table 6 : explain SELECT id, c FROM sbtest6 WHERE id BETWEEN 3660452 AND 3660552
	Index Scan using sbtest6_pkey on sbtest6  (cost=0.43..387.65 rows=97 width=125)
	  Index Cond: ((id >= 3660452) AND (id <= 3660552))

table 7 : explain SELECT id, c FROM sbtest7 WHERE id BETWEEN 3660452 AND 3660552
	Index Scan using sbtest7_pkey on sbtest7  (cost=0.43..410.96 rows=103 width=125)
	  Index Cond: ((id >= 3660452) AND (id <= 3660552))

table 8 : explain SELECT id, c FROM sbtest8 WHERE id BETWEEN 3660452 AND 3660552
	Index Scan using sbtest8_pkey on sbtest8  (cost=0.43..438.14 rows=110 width=125)
	  Index Cond: ((id >= 3660452) AND (id <= 3660552))

for range-notcovered
table 1 : explain SELECT id, c FROM sbtest1 WHERE id BETWEEN 5648806 AND 5648906
	Index Scan using sbtest1_pkey on sbtest1  (cost=0.43..388.35 rows=97 width=125)
	  Index Cond: ((id >= 5648806) AND (id <= 5648906))

table 2 : explain SELECT id, c FROM sbtest2 WHERE id BETWEEN 5648806 AND 5648906
	Index Scan using sbtest2_pkey on sbtest2  (cost=0.43..409.03 rows=102 width=125)
	  Index Cond: ((id >= 5648806) AND (id <= 5648906))

table 3 : explain SELECT id, c FROM sbtest3 WHERE id BETWEEN 5648806 AND 5648906
	Index Scan using sbtest3_pkey on sbtest3  (cost=0.43..424.18 rows=106 width=125)
	  Index Cond: ((id >= 5648806) AND (id <= 5648906))

table 4 : explain SELECT id, c FROM sbtest4 WHERE id BETWEEN 5648806 AND 5648906
	Index Scan using sbtest4_pkey on sbtest4  (cost=0.43..458.40 rows=115 width=125)
	  Index Cond: ((id >= 5648806) AND (id <= 5648906))

table 5 : explain SELECT id, c FROM sbtest5 WHERE id BETWEEN 5648806 AND 5648906
	Index Scan using sbtest5_pkey on sbtest5  (cost=0.43..400.22 rows=100 width=125)
	  Index Cond: ((id >= 5648806) AND (id <= 5648906))

table 6 : explain SELECT id, c FROM sbtest6 WHERE id BETWEEN 5648806 AND 5648906
	Index Scan using sbtest6_pkey on sbtest6  (cost=0.43..407.41 rows=102 width=125)
	  Index Cond: ((id >= 5648806) AND (id <= 5648906))

table 7 : explain SELECT id, c FROM sbtest7 WHERE id BETWEEN 5648806 AND 5648906
	Index Scan using sbtest7_pkey on sbtest7  (cost=0.43..414.91 rows=104 width=125)
	  Index Cond: ((id >= 5648806) AND (id <= 5648906))

table 8 : explain SELECT id, c FROM sbtest8 WHERE id BETWEEN 5648806 AND 5648906
	Index Scan using sbtest8_pkey on sbtest8  (cost=0.43..375.05 rows=94 width=125)
	  Index Cond: ((id >= 5648806) AND (id <= 5648906))

for range-notcovered
table 1 : explain SELECT id, c FROM sbtest1 WHERE id BETWEEN 6167153 AND 6167253
	Index Scan using sbtest1_pkey on sbtest1  (cost=0.43..384.40 rows=96 width=125)
	  Index Cond: ((id >= 6167153) AND (id <= 6167253))

table 2 : explain SELECT id, c FROM sbtest2 WHERE id BETWEEN 6167153 AND 6167253
	Index Scan using sbtest2_pkey on sbtest2  (cost=0.43..416.96 rows=104 width=125)
	  Index Cond: ((id >= 6167153) AND (id <= 6167253))

table 3 : explain SELECT id, c FROM sbtest3 WHERE id BETWEEN 6167153 AND 6167253
	Index Scan using sbtest3_pkey on sbtest3  (cost=0.43..408.35 rows=102 width=125)
	  Index Cond: ((id >= 6167153) AND (id <= 6167253))

table 4 : explain SELECT id, c FROM sbtest4 WHERE id BETWEEN 6167153 AND 6167253
	Index Scan using sbtest4_pkey on sbtest4  (cost=0.43..395.24 rows=99 width=125)
	  Index Cond: ((id >= 6167153) AND (id <= 6167253))

table 5 : explain SELECT id, c FROM sbtest5 WHERE id BETWEEN 6167153 AND 6167253
	Index Scan using sbtest5_pkey on sbtest5  (cost=0.43..400.22 rows=100 width=125)
	  Index Cond: ((id >= 6167153) AND (id <= 6167253))

table 6 : explain SELECT id, c FROM sbtest6 WHERE id BETWEEN 6167153 AND 6167253
	Index Scan using sbtest6_pkey on sbtest6  (cost=0.43..411.36 rows=103 width=125)
	  Index Cond: ((id >= 6167153) AND (id <= 6167253))

table 7 : explain SELECT id, c FROM sbtest7 WHERE id BETWEEN 6167153 AND 6167253
	Index Scan using sbtest7_pkey on sbtest7  (cost=0.43..387.27 rows=97 width=125)
	  Index Cond: ((id >= 6167153) AND (id <= 6167253))

table 8 : explain SELECT id, c FROM sbtest8 WHERE id BETWEEN 6167153 AND 6167253
	Index Scan using sbtest8_pkey on sbtest8  (cost=0.43..422.37 rows=106 width=125)
	  Index Cond: ((id >= 6167153) AND (id <= 6167253))

explain: for range-notcovered :: explain SELECT id, c FROM sbtest%d WHERE id BETWEEN 3660452 AND 3660552
explain: for range-notcovered :: explain SELECT id, c FROM sbtest%d WHERE id BETWEEN 5648806 AND 5648906
explain: for range-notcovered :: explain SELECT id, c FROM sbtest%d WHERE id BETWEEN 6167153 AND 6167253
for range-notcovered
table 1 : explain SELECT id, c FROM sbtest1 WHERE id BETWEEN 3859037 AND 3859137
	Index Scan using sbtest1_pkey on sbtest1  (cost=0.43..431.89 rows=108 width=125)
	  Index Cond: ((id >= 3859037) AND (id <= 3859137))

table 2 : explain SELECT id, c FROM sbtest2 WHERE id BETWEEN 3859037 AND 3859137
	Index Scan using sbtest2_pkey on sbtest2  (cost=0.43..405.05 rows=101 width=125)
	  Index Cond: ((id >= 3859037) AND (id <= 3859137))

table 3 : explain SELECT id, c FROM sbtest3 WHERE id BETWEEN 3859037 AND 3859137
	Index Scan using sbtest3_pkey on sbtest3  (cost=0.43..443.98 rows=111 width=125)
	  Index Cond: ((id >= 3859037) AND (id <= 3859137))

table 4 : explain SELECT id, c FROM sbtest4 WHERE id BETWEEN 3859037 AND 3859137
	Index Scan using sbtest4_pkey on sbtest4  (cost=0.43..399.19 rows=100 width=125)
	  Index Cond: ((id >= 3859037) AND (id <= 3859137))

table 5 : explain SELECT id, c FROM sbtest5 WHERE id BETWEEN 3859037 AND 3859137
	Index Scan using sbtest5_pkey on sbtest5  (cost=0.43..412.10 rows=103 width=125)
	  Index Cond: ((id >= 3859037) AND (id <= 3859137))

table 6 : explain SELECT id, c FROM sbtest6 WHERE id BETWEEN 3859037 AND 3859137
	Index Scan using sbtest6_pkey on sbtest6  (cost=0.43..399.51 rows=100 width=125)
	  Index Cond: ((id >= 3859037) AND (id <= 3859137))

table 7 : explain SELECT id, c FROM sbtest7 WHERE id BETWEEN 3859037 AND 3859137
	Index Scan using sbtest7_pkey on sbtest7  (cost=0.43..399.11 rows=100 width=125)
	  Index Cond: ((id >= 3859037) AND (id <= 3859137))

table 8 : explain SELECT id, c FROM sbtest8 WHERE id BETWEEN 3859037 AND 3859137
	Index Scan using sbtest8_pkey on sbtest8  (cost=0.43..406.60 rows=102 width=125)
	  Index Cond: ((id >= 3859037) AND (id <= 3859137))

for range-notcovered
table 1 : explain SELECT id, c FROM sbtest1 WHERE id BETWEEN 528530 AND 528630
	Index Scan using sbtest1_pkey on sbtest1  (cost=0.43..427.94 rows=107 width=125)
	  Index Cond: ((id >= 528530) AND (id <= 528630))

table 2 : explain SELECT id, c FROM sbtest2 WHERE id BETWEEN 528530 AND 528630
	Index Scan using sbtest2_pkey on sbtest2  (cost=0.43..377.29 rows=94 width=125)
	  Index Cond: ((id >= 528530) AND (id <= 528630))

table 3 : explain SELECT id, c FROM sbtest3 WHERE id BETWEEN 528530 AND 528630
	Index Scan using sbtest3_pkey on sbtest3  (cost=0.43..436.06 rows=109 width=125)
	  Index Cond: ((id >= 528530) AND (id <= 528630))

table 4 : explain SELECT id, c FROM sbtest4 WHERE id BETWEEN 528530 AND 528630
	Index Scan using sbtest4_pkey on sbtest4  (cost=0.43..430.78 rows=108 width=125)
	  Index Cond: ((id >= 528530) AND (id <= 528630))

table 5 : explain SELECT id, c FROM sbtest5 WHERE id BETWEEN 528530 AND 528630
	Index Scan using sbtest5_pkey on sbtest5  (cost=0.43..384.39 rows=96 width=125)
	  Index Cond: ((id >= 528530) AND (id <= 528630))

table 6 : explain SELECT id, c FROM sbtest6 WHERE id BETWEEN 528530 AND 528630
	Index Scan using sbtest6_pkey on sbtest6  (cost=0.43..367.90 rows=92 width=125)
	  Index Cond: ((id >= 528530) AND (id <= 528630))

table 7 : explain SELECT id, c FROM sbtest7 WHERE id BETWEEN 528530 AND 528630
	Index Scan using sbtest7_pkey on sbtest7  (cost=0.43..371.49 rows=93 width=125)
	  Index Cond: ((id >= 528530) AND (id <= 528630))

table 8 : explain SELECT id, c FROM sbtest8 WHERE id BETWEEN 528530 AND 528630
	Index Scan using sbtest8_pkey on sbtest8  (cost=0.43..406.60 rows=102 width=125)
	  Index Cond: ((id >= 528530) AND (id <= 528630))

for range-notcovered
table 1 : explain SELECT id, c FROM sbtest1 WHERE id BETWEEN 3660452 AND 3660552
	Index Scan using sbtest1_pkey on sbtest1  (cost=0.43..384.40 rows=96 width=125)
	  Index Cond: ((id >= 3660452) AND (id <= 3660552))

table 2 : explain SELECT id, c FROM sbtest2 WHERE id BETWEEN 3660452 AND 3660552
	Index Scan using sbtest2_pkey on sbtest2  (cost=0.43..409.02 rows=102 width=125)
	  Index Cond: ((id >= 3660452) AND (id <= 3660552))

table 3 : explain SELECT id, c FROM sbtest3 WHERE id BETWEEN 3660452 AND 3660552
	Index Scan using sbtest3_pkey on sbtest3  (cost=0.43..388.54 rows=97 width=125)
	  Index Cond: ((id >= 3660452) AND (id <= 3660552))

table 4 : explain SELECT id, c FROM sbtest4 WHERE id BETWEEN 3660452 AND 3660552
	Index Scan using sbtest4_pkey on sbtest4  (cost=0.43..403.14 rows=101 width=125)
	  Index Cond: ((id >= 3660452) AND (id <= 3660552))

table 5 : explain SELECT id, c FROM sbtest5 WHERE id BETWEEN 3660452 AND 3660552
	Index Scan using sbtest5_pkey on sbtest5  (cost=0.43..420.02 rows=105 width=125)
	  Index Cond: ((id >= 3660452) AND (id <= 3660552))

table 6 : explain SELECT id, c FROM sbtest6 WHERE id BETWEEN 3660452 AND 3660552
	Index Scan using sbtest6_pkey on sbtest6  (cost=0.43..387.65 rows=97 width=125)
	  Index Cond: ((id >= 3660452) AND (id <= 3660552))

table 7 : explain SELECT id, c FROM sbtest7 WHERE id BETWEEN 3660452 AND 3660552
	Index Scan using sbtest7_pkey on sbtest7  (cost=0.43..410.96 rows=103 width=125)
	  Index Cond: ((id >= 3660452) AND (id <= 3660552))

table 8 : explain SELECT id, c FROM sbtest8 WHERE id BETWEEN 3660452 AND 3660552
	Index Scan using sbtest8_pkey on sbtest8  (cost=0.43..438.14 rows=110 width=125)
	  Index Cond: ((id >= 3660452) AND (id <= 3660552))

for range-notcovered
table 1 : explain SELECT id, c FROM sbtest1 WHERE id BETWEEN 5648806 AND 5648906
	Index Scan using sbtest1_pkey on sbtest1  (cost=0.43..388.35 rows=97 width=125)
	  Index Cond: ((id >= 5648806) AND (id <= 5648906))

table 2 : explain SELECT id, c FROM sbtest2 WHERE id BETWEEN 5648806 AND 5648906
	Index Scan using sbtest2_pkey on sbtest2  (cost=0.43..409.03 rows=102 width=125)
	  Index Cond: ((id >= 5648806) AND (id <= 5648906))

table 3 : explain SELECT id, c FROM sbtest3 WHERE id BETWEEN 5648806 AND 5648906
	Index Scan using sbtest3_pkey on sbtest3  (cost=0.43..424.18 rows=106 width=125)
	  Index Cond: ((id >= 5648806) AND (id <= 5648906))

table 4 : explain SELECT id, c FROM sbtest4 WHERE id BETWEEN 5648806 AND 5648906
	Index Scan using sbtest4_pkey on sbtest4  (cost=0.43..458.40 rows=115 width=125)
	  Index Cond: ((id >= 5648806) AND (id <= 5648906))

table 5 : explain SELECT id, c FROM sbtest5 WHERE id BETWEEN 5648806 AND 5648906
	Index Scan using sbtest5_pkey on sbtest5  (cost=0.43..400.22 rows=100 width=125)
	  Index Cond: ((id >= 5648806) AND (id <= 5648906))

table 6 : explain SELECT id, c FROM sbtest6 WHERE id BETWEEN 5648806 AND 5648906
	Index Scan using sbtest6_pkey on sbtest6  (cost=0.43..407.41 rows=102 width=125)
	  Index Cond: ((id >= 5648806) AND (id <= 5648906))

table 7 : explain SELECT id, c FROM sbtest7 WHERE id BETWEEN 5648806 AND 5648906
	Index Scan using sbtest7_pkey on sbtest7  (cost=0.43..414.91 rows=104 width=125)
	  Index Cond: ((id >= 5648806) AND (id <= 5648906))

table 8 : explain SELECT id, c FROM sbtest8 WHERE id BETWEEN 5648806 AND 5648906
	Index Scan using sbtest8_pkey on sbtest8  (cost=0.43..375.05 rows=94 width=125)
	  Index Cond: ((id >= 5648806) AND (id <= 5648906))

explain: for range-notcovered :: explain SELECT id, c FROM sbtest%d WHERE id BETWEEN 3660452 AND 3660552
for range-notcovered
table 1 : explain SELECT id, c FROM sbtest1 WHERE id BETWEEN 6167153 AND 6167253
	Index Scan using sbtest1_pkey on sbtest1  (cost=0.43..384.40 rows=96 width=125)
	  Index Cond: ((id >= 6167153) AND (id <= 6167253))

table 2 : explain SELECT id, c FROM sbtest2 WHERE id BETWEEN 6167153 AND 6167253
	Index Scan using sbtest2_pkey on sbtest2  (cost=0.43..416.96 rows=104 width=125)
	  Index Cond: ((id >= 6167153) AND (id <= 6167253))

table 3 : explain SELECT id, c FROM sbtest3 WHERE id BETWEEN 6167153 AND 6167253
	Index Scan using sbtest3_pkey on sbtest3  (cost=0.43..408.35 rows=102 width=125)
	  Index Cond: ((id >= 6167153) AND (id <= 6167253))

table 4 : explain SELECT id, c FROM sbtest4 WHERE id BETWEEN 6167153 AND 6167253
	Index Scan using sbtest4_pkey on sbtest4  (cost=0.43..395.24 rows=99 width=125)
	  Index Cond: ((id >= 6167153) AND (id <= 6167253))

table 5 : explain SELECT id, c FROM sbtest5 WHERE id BETWEEN 6167153 AND 6167253
	Index Scan using sbtest5_pkey on sbtest5  (cost=0.43..400.22 rows=100 width=125)
	  Index Cond: ((id >= 6167153) AND (id <= 6167253))

table 6 : explain SELECT id, c FROM sbtest6 WHERE id BETWEEN 6167153 AND 6167253
	Index Scan using sbtest6_pkey on sbtest6  (cost=0.43..411.36 rows=103 width=125)
	  Index Cond: ((id >= 6167153) AND (id <= 6167253))

table 7 : explain SELECT id, c FROM sbtest7 WHERE id BETWEEN 6167153 AND 6167253
	Index Scan using sbtest7_pkey on sbtest7  (cost=0.43..387.27 rows=97 width=125)
	  Index Cond: ((id >= 6167153) AND (id <= 6167253))

table 8 : explain SELECT id, c FROM sbtest8 WHERE id BETWEEN 6167153 AND 6167253
	Index Scan using sbtest8_pkey on sbtest8  (cost=0.43..422.37 rows=106 width=125)
	  Index Cond: ((id >= 6167153) AND (id <= 6167253))

for range-notcovered
table 1 : explain SELECT id, c FROM sbtest1 WHERE id BETWEEN 8569623 AND 8569723
	Index Scan using sbtest1_pkey on sbtest1  (cost=0.43..400.22 rows=100 width=125)
	  Index Cond: ((id >= 8569623) AND (id <= 8569723))

table 2 : explain SELECT id, c FROM sbtest2 WHERE id BETWEEN 8569623 AND 8569723
	Index Scan using sbtest2_pkey on sbtest2  (cost=0.43..405.05 rows=101 width=125)
	  Index Cond: ((id >= 8569623) AND (id <= 8569723))

table 3 : explain SELECT id, c FROM sbtest3 WHERE id BETWEEN 8569623 AND 8569723
	Index Scan using sbtest3_pkey on sbtest3  (cost=0.43..368.74 rows=92 width=125)
	  Index Cond: ((id >= 8569623) AND (id <= 8569723))

table 4 : explain SELECT id, c FROM sbtest4 WHERE id BETWEEN 8569623 AND 8569723
	Index Scan using sbtest4_pkey on sbtest4  (cost=0.43..395.24 rows=99 width=125)
	  Index Cond: ((id >= 8569623) AND (id <= 8569723))

table 5 : explain SELECT id, c FROM sbtest5 WHERE id BETWEEN 8569623 AND 8569723
	Index Scan using sbtest5_pkey on sbtest5  (cost=0.43..408.15 rows=102 width=125)
	  Index Cond: ((id >= 8569623) AND (id <= 8569723))

table 6 : explain SELECT id, c FROM sbtest6 WHERE id BETWEEN 8569623 AND 8569723
	Index Scan using sbtest6_pkey on sbtest6  (cost=0.43..375.80 rows=94 width=125)
	  Index Cond: ((id >= 8569623) AND (id <= 8569723))

table 7 : explain SELECT id, c FROM sbtest7 WHERE id BETWEEN 8569623 AND 8569723
	Index Scan using sbtest7_pkey on sbtest7  (cost=0.43..434.63 rows=109 width=125)
	  Index Cond: ((id >= 8569623) AND (id <= 8569723))

table 8 : explain SELECT id, c FROM sbtest8 WHERE id BETWEEN 8569623 AND 8569723
	Index Scan using sbtest8_pkey on sbtest8  (cost=0.43..402.66 rows=101 width=125)
	  Index Cond: ((id >= 8569623) AND (id <= 8569723))

explain: for range-notcovered :: explain SELECT id, c FROM sbtest%d WHERE id BETWEEN 8569623 AND 8569723
for range-notcovered
table 1 : explain SELECT id, c FROM sbtest1 WHERE id BETWEEN 3660452 AND 3660552
	Index Scan using sbtest1_pkey on sbtest1  (cost=0.43..384.40 rows=96 width=125)
	  Index Cond: ((id >= 3660452) AND (id <= 3660552))

table 2 : explain SELECT id, c FROM sbtest2 WHERE id BETWEEN 3660452 AND 3660552
	Index Scan using sbtest2_pkey on sbtest2  (cost=0.43..409.02 rows=102 width=125)
	  Index Cond: ((id >= 3660452) AND (id <= 3660552))

table 3 : explain SELECT id, c FROM sbtest3 WHERE id BETWEEN 3660452 AND 3660552
	Index Scan using sbtest3_pkey on sbtest3  (cost=0.43..388.54 rows=97 width=125)
	  Index Cond: ((id >= 3660452) AND (id <= 3660552))

table 4 : explain SELECT id, c FROM sbtest4 WHERE id BETWEEN 3660452 AND 3660552
	Index Scan using sbtest4_pkey on sbtest4  (cost=0.43..403.14 rows=101 width=125)
	  Index Cond: ((id >= 3660452) AND (id <= 3660552))

table 5 : explain SELECT id, c FROM sbtest5 WHERE id BETWEEN 3660452 AND 3660552
	Index Scan using sbtest5_pkey on sbtest5  (cost=0.43..420.02 rows=105 width=125)
	  Index Cond: ((id >= 3660452) AND (id <= 3660552))

table 6 : explain SELECT id, c FROM sbtest6 WHERE id BETWEEN 3660452 AND 3660552
	Index Scan using sbtest6_pkey on sbtest6  (cost=0.43..387.65 rows=97 width=125)
	  Index Cond: ((id >= 3660452) AND (id <= 3660552))

table 7 : explain SELECT id, c FROM sbtest7 WHERE id BETWEEN 3660452 AND 3660552
	Index Scan using sbtest7_pkey on sbtest7  (cost=0.43..410.96 rows=103 width=125)
	  Index Cond: ((id >= 3660452) AND (id <= 3660552))

table 8 : explain SELECT id, c FROM sbtest8 WHERE id BETWEEN 3660452 AND 3660552
	Index Scan using sbtest8_pkey on sbtest8  (cost=0.43..438.14 rows=110 width=125)
	  Index Cond: ((id >= 3660452) AND (id <= 3660552))

for range-notcovered
table 1 : explain SELECT id, c FROM sbtest1 WHERE id BETWEEN 8569623 AND 8569723
	Index Scan using sbtest1_pkey on sbtest1  (cost=0.43..400.22 rows=100 width=125)
	  Index Cond: ((id >= 8569623) AND (id <= 8569723))

table 2 : explain SELECT id, c FROM sbtest2 WHERE id BETWEEN 8569623 AND 8569723
	Index Scan using sbtest2_pkey on sbtest2  (cost=0.43..405.05 rows=101 width=125)
	  Index Cond: ((id >= 8569623) AND (id <= 8569723))

table 3 : explain SELECT id, c FROM sbtest3 WHERE id BETWEEN 8569623 AND 8569723
	Index Scan using sbtest3_pkey on sbtest3  (cost=0.43..368.74 rows=92 width=125)
	  Index Cond: ((id >= 8569623) AND (id <= 8569723))

table 4 : explain SELECT id, c FROM sbtest4 WHERE id BETWEEN 8569623 AND 8569723
	Index Scan using sbtest4_pkey on sbtest4  (cost=0.43..395.24 rows=99 width=125)
	  Index Cond: ((id >= 8569623) AND (id <= 8569723))

table 5 : explain SELECT id, c FROM sbtest5 WHERE id BETWEEN 8569623 AND 8569723
	Index Scan using sbtest5_pkey on sbtest5  (cost=0.43..408.15 rows=102 width=125)
	  Index Cond: ((id >= 8569623) AND (id <= 8569723))

table 6 : explain SELECT id, c FROM sbtest6 WHERE id BETWEEN 8569623 AND 8569723
	Index Scan using sbtest6_pkey on sbtest6  (cost=0.43..375.80 rows=94 width=125)
	  Index Cond: ((id >= 8569623) AND (id <= 8569723))

table 7 : explain SELECT id, c FROM sbtest7 WHERE id BETWEEN 8569623 AND 8569723
	Index Scan using sbtest7_pkey on sbtest7  (cost=0.43..434.63 rows=109 width=125)
	  Index Cond: ((id >= 8569623) AND (id <= 8569723))

table 8 : explain SELECT id, c FROM sbtest8 WHERE id BETWEEN 8569623 AND 8569723
	Index Scan using sbtest8_pkey on sbtest8  (cost=0.43..402.66 rows=101 width=125)
	  Index Cond: ((id >= 8569623) AND (id <= 8569723))

for range-notcovered
table 1 : explain SELECT id, c FROM sbtest1 WHERE id BETWEEN 2014337 AND 2014437
	Index Scan using sbtest1_pkey on sbtest1  (cost=0.43..416.07 rows=104 width=125)
	  Index Cond: ((id >= 2014337) AND (id <= 2014437))

table 2 : explain SELECT id, c FROM sbtest2 WHERE id BETWEEN 2014337 AND 2014437
	Index Scan using sbtest2_pkey on sbtest2  (cost=0.43..381.26 rows=95 width=125)
	  Index Cond: ((id >= 2014337) AND (id <= 2014437))

table 3 : explain SELECT id, c FROM sbtest3 WHERE id BETWEEN 2014337 AND 2014437
	Index Scan using sbtest3_pkey on sbtest3  (cost=0.43..428.14 rows=107 width=125)
	  Index Cond: ((id >= 2014337) AND (id <= 2014437))

table 4 : explain SELECT id, c FROM sbtest4 WHERE id BETWEEN 2014337 AND 2014437
	Index Scan using sbtest4_pkey on sbtest4  (cost=0.43..434.73 rows=109 width=125)
	  Index Cond: ((id >= 2014337) AND (id <= 2014437))

table 5 : explain SELECT id, c FROM sbtest5 WHERE id BETWEEN 2014337 AND 2014437
	Index Scan using sbtest5_pkey on sbtest5  (cost=0.43..423.97 rows=106 width=125)
	  Index Cond: ((id >= 2014337) AND (id <= 2014437))

table 6 : explain SELECT id, c FROM sbtest6 WHERE id BETWEEN 2014337 AND 2014437
	Index Scan using sbtest6_pkey on sbtest6  (cost=0.43..450.86 rows=113 width=125)
	  Index Cond: ((id >= 2014337) AND (id <= 2014437))

table 7 : explain SELECT id, c FROM sbtest7 WHERE id BETWEEN 2014337 AND 2014437
	Index Scan using sbtest7_pkey on sbtest7  (cost=0.43..387.27 rows=97 width=125)
	  Index Cond: ((id >= 2014337) AND (id <= 2014437))

table 8 : explain SELECT id, c FROM sbtest8 WHERE id BETWEEN 2014337 AND 2014437
	Index Scan using sbtest8_pkey on sbtest8  (cost=0.43..378.99 rows=95 width=125)
	  Index Cond: ((id >= 2014337) AND (id <= 2014437))

explain: for range-notcovered :: explain SELECT id, c FROM sbtest%d WHERE id BETWEEN 8569623 AND 8569723
explain: for range-notcovered :: explain SELECT id, c FROM sbtest%d WHERE id BETWEEN 2014337 AND 2014437
for range-notcovered
table 1 : explain SELECT id, c FROM sbtest1 WHERE id BETWEEN 8569623 AND 8569723
	Index Scan using sbtest1_pkey on sbtest1  (cost=0.43..400.22 rows=100 width=125)
	  Index Cond: ((id >= 8569623) AND (id <= 8569723))

table 2 : explain SELECT id, c FROM sbtest2 WHERE id BETWEEN 8569623 AND 8569723
	Index Scan using sbtest2_pkey on sbtest2  (cost=0.43..405.05 rows=101 width=125)
	  Index Cond: ((id >= 8569623) AND (id <= 8569723))

table 3 : explain SELECT id, c FROM sbtest3 WHERE id BETWEEN 8569623 AND 8569723
	Index Scan using sbtest3_pkey on sbtest3  (cost=0.43..368.74 rows=92 width=125)
	  Index Cond: ((id >= 8569623) AND (id <= 8569723))

table 4 : explain SELECT id, c FROM sbtest4 WHERE id BETWEEN 8569623 AND 8569723
	Index Scan using sbtest4_pkey on sbtest4  (cost=0.43..395.24 rows=99 width=125)
	  Index Cond: ((id >= 8569623) AND (id <= 8569723))

table 5 : explain SELECT id, c FROM sbtest5 WHERE id BETWEEN 8569623 AND 8569723
	Index Scan using sbtest5_pkey on sbtest5  (cost=0.43..408.15 rows=102 width=125)
	  Index Cond: ((id >= 8569623) AND (id <= 8569723))

table 6 : explain SELECT id, c FROM sbtest6 WHERE id BETWEEN 8569623 AND 8569723
	Index Scan using sbtest6_pkey on sbtest6  (cost=0.43..375.80 rows=94 width=125)
	  Index Cond: ((id >= 8569623) AND (id <= 8569723))

table 7 : explain SELECT id, c FROM sbtest7 WHERE id BETWEEN 8569623 AND 8569723
	Index Scan using sbtest7_pkey on sbtest7  (cost=0.43..434.63 rows=109 width=125)
	  Index Cond: ((id >= 8569623) AND (id <= 8569723))

table 8 : explain SELECT id, c FROM sbtest8 WHERE id BETWEEN 8569623 AND 8569723
	Index Scan using sbtest8_pkey on sbtest8  (cost=0.43..402.66 rows=101 width=125)
	  Index Cond: ((id >= 8569623) AND (id <= 8569723))

explain: for range-notcovered :: explain SELECT id, c FROM sbtest%d WHERE id BETWEEN 8569623 AND 8569723
for range-notcovered
table 1 : explain SELECT id, c FROM sbtest1 WHERE id BETWEEN 2014337 AND 2014437
	Index Scan using sbtest1_pkey on sbtest1  (cost=0.43..416.07 rows=104 width=125)
	  Index Cond: ((id >= 2014337) AND (id <= 2014437))

table 2 : explain SELECT id, c FROM sbtest2 WHERE id BETWEEN 2014337 AND 2014437
	Index Scan using sbtest2_pkey on sbtest2  (cost=0.43..381.26 rows=95 width=125)
	  Index Cond: ((id >= 2014337) AND (id <= 2014437))

table 3 : explain SELECT id, c FROM sbtest3 WHERE id BETWEEN 2014337 AND 2014437
	Index Scan using sbtest3_pkey on sbtest3  (cost=0.43..428.14 rows=107 width=125)
	  Index Cond: ((id >= 2014337) AND (id <= 2014437))

table 4 : explain SELECT id, c FROM sbtest4 WHERE id BETWEEN 2014337 AND 2014437
	Index Scan using sbtest4_pkey on sbtest4  (cost=0.43..434.73 rows=109 width=125)
	  Index Cond: ((id >= 2014337) AND (id <= 2014437))

table 5 : explain SELECT id, c FROM sbtest5 WHERE id BETWEEN 2014337 AND 2014437
	Index Scan using sbtest5_pkey on sbtest5  (cost=0.43..423.97 rows=106 width=125)
	  Index Cond: ((id >= 2014337) AND (id <= 2014437))

table 6 : explain SELECT id, c FROM sbtest6 WHERE id BETWEEN 2014337 AND 2014437
	Index Scan using sbtest6_pkey on sbtest6  (cost=0.43..450.86 rows=113 width=125)
	  Index Cond: ((id >= 2014337) AND (id <= 2014437))

table 7 : explain SELECT id, c FROM sbtest7 WHERE id BETWEEN 2014337 AND 2014437
	Index Scan using sbtest7_pkey on sbtest7  (cost=0.43..387.27 rows=97 width=125)
	  Index Cond: ((id >= 2014337) AND (id <= 2014437))

table 8 : explain SELECT id, c FROM sbtest8 WHERE id BETWEEN 2014337 AND 2014437
	Index Scan using sbtest8_pkey on sbtest8  (cost=0.43..378.99 rows=95 width=125)
	  Index Cond: ((id >= 2014337) AND (id <= 2014437))

explain: for range-notcovered :: explain SELECT id, c FROM sbtest%d WHERE id BETWEEN 2014337 AND 2014437
for range-notcovered
table 1 : explain SELECT id, c FROM sbtest1 WHERE id BETWEEN 8569623 AND 8569723
	Index Scan using sbtest1_pkey on sbtest1  (cost=0.43..400.22 rows=100 width=125)
	  Index Cond: ((id >= 8569623) AND (id <= 8569723))

table 2 : explain SELECT id, c FROM sbtest2 WHERE id BETWEEN 8569623 AND 8569723
	Index Scan using sbtest2_pkey on sbtest2  (cost=0.43..405.05 rows=101 width=125)
	  Index Cond: ((id >= 8569623) AND (id <= 8569723))

table 3 : explain SELECT id, c FROM sbtest3 WHERE id BETWEEN 8569623 AND 8569723
	Index Scan using sbtest3_pkey on sbtest3  (cost=0.43..368.74 rows=92 width=125)
	  Index Cond: ((id >= 8569623) AND (id <= 8569723))

table 4 : explain SELECT id, c FROM sbtest4 WHERE id BETWEEN 8569623 AND 8569723
	Index Scan using sbtest4_pkey on sbtest4  (cost=0.43..395.24 rows=99 width=125)
	  Index Cond: ((id >= 8569623) AND (id <= 8569723))

table 5 : explain SELECT id, c FROM sbtest5 WHERE id BETWEEN 8569623 AND 8569723
	Index Scan using sbtest5_pkey on sbtest5  (cost=0.43..408.15 rows=102 width=125)
	  Index Cond: ((id >= 8569623) AND (id <= 8569723))

table 6 : explain SELECT id, c FROM sbtest6 WHERE id BETWEEN 8569623 AND 8569723
	Index Scan using sbtest6_pkey on sbtest6  (cost=0.43..375.80 rows=94 width=125)
	  Index Cond: ((id >= 8569623) AND (id <= 8569723))

table 7 : explain SELECT id, c FROM sbtest7 WHERE id BETWEEN 8569623 AND 8569723
	Index Scan using sbtest7_pkey on sbtest7  (cost=0.43..434.63 rows=109 width=125)
	  Index Cond: ((id >= 8569623) AND (id <= 8569723))

table 8 : explain SELECT id, c FROM sbtest8 WHERE id BETWEEN 8569623 AND 8569723
	Index Scan using sbtest8_pkey on sbtest8  (cost=0.43..402.66 rows=101 width=125)
	  Index Cond: ((id >= 8569623) AND (id <= 8569723))

for range-notcovered
table 1 : explain SELECT id, c FROM sbtest1 WHERE id BETWEEN 2014337 AND 2014437
	Index Scan using sbtest1_pkey on sbtest1  (cost=0.43..416.07 rows=104 width=125)
	  Index Cond: ((id >= 2014337) AND (id <= 2014437))

table 2 : explain SELECT id, c FROM sbtest2 WHERE id BETWEEN 2014337 AND 2014437
	Index Scan using sbtest2_pkey on sbtest2  (cost=0.43..381.26 rows=95 width=125)
	  Index Cond: ((id >= 2014337) AND (id <= 2014437))

table 3 : explain SELECT id, c FROM sbtest3 WHERE id BETWEEN 2014337 AND 2014437
	Index Scan using sbtest3_pkey on sbtest3  (cost=0.43..428.14 rows=107 width=125)
	  Index Cond: ((id >= 2014337) AND (id <= 2014437))

table 4 : explain SELECT id, c FROM sbtest4 WHERE id BETWEEN 2014337 AND 2014437
	Index Scan using sbtest4_pkey on sbtest4  (cost=0.43..434.73 rows=109 width=125)
	  Index Cond: ((id >= 2014337) AND (id <= 2014437))

table 5 : explain SELECT id, c FROM sbtest5 WHERE id BETWEEN 2014337 AND 2014437
	Index Scan using sbtest5_pkey on sbtest5  (cost=0.43..423.97 rows=106 width=125)
	  Index Cond: ((id >= 2014337) AND (id <= 2014437))

table 6 : explain SELECT id, c FROM sbtest6 WHERE id BETWEEN 2014337 AND 2014437
	Index Scan using sbtest6_pkey on sbtest6  (cost=0.43..450.86 rows=113 width=125)
	  Index Cond: ((id >= 2014337) AND (id <= 2014437))

table 7 : explain SELECT id, c FROM sbtest7 WHERE id BETWEEN 2014337 AND 2014437
	Index Scan using sbtest7_pkey on sbtest7  (cost=0.43..387.27 rows=97 width=125)
	  Index Cond: ((id >= 2014337) AND (id <= 2014437))

table 8 : explain SELECT id, c FROM sbtest8 WHERE id BETWEEN 2014337 AND 2014437
	Index Scan using sbtest8_pkey on sbtest8  (cost=0.43..378.99 rows=95 width=125)
	  Index Cond: ((id >= 2014337) AND (id <= 2014437))

explain: for range-notcovered :: explain SELECT id, c FROM sbtest%d WHERE id BETWEEN 2014337 AND 2014437
for range-notcovered
table 1 : explain SELECT id, c FROM sbtest1 WHERE id BETWEEN 2014337 AND 2014437
	Index Scan using sbtest1_pkey on sbtest1  (cost=0.43..416.07 rows=104 width=125)
	  Index Cond: ((id >= 2014337) AND (id <= 2014437))

table 2 : explain SELECT id, c FROM sbtest2 WHERE id BETWEEN 2014337 AND 2014437
	Index Scan using sbtest2_pkey on sbtest2  (cost=0.43..381.26 rows=95 width=125)
	  Index Cond: ((id >= 2014337) AND (id <= 2014437))

table 3 : explain SELECT id, c FROM sbtest3 WHERE id BETWEEN 2014337 AND 2014437
	Index Scan using sbtest3_pkey on sbtest3  (cost=0.43..428.14 rows=107 width=125)
	  Index Cond: ((id >= 2014337) AND (id <= 2014437))

table 4 : explain SELECT id, c FROM sbtest4 WHERE id BETWEEN 2014337 AND 2014437
	Index Scan using sbtest4_pkey on sbtest4  (cost=0.43..434.73 rows=109 width=125)
	  Index Cond: ((id >= 2014337) AND (id <= 2014437))

table 5 : explain SELECT id, c FROM sbtest5 WHERE id BETWEEN 2014337 AND 2014437
	Index Scan using sbtest5_pkey on sbtest5  (cost=0.43..423.97 rows=106 width=125)
	  Index Cond: ((id >= 2014337) AND (id <= 2014437))

table 6 : explain SELECT id, c FROM sbtest6 WHERE id BETWEEN 2014337 AND 2014437
	Index Scan using sbtest6_pkey on sbtest6  (cost=0.43..450.86 rows=113 width=125)
	  Index Cond: ((id >= 2014337) AND (id <= 2014437))

table 7 : explain SELECT id, c FROM sbtest7 WHERE id BETWEEN 2014337 AND 2014437
	Index Scan using sbtest7_pkey on sbtest7  (cost=0.43..387.27 rows=97 width=125)
	  Index Cond: ((id >= 2014337) AND (id <= 2014437))

table 8 : explain SELECT id, c FROM sbtest8 WHERE id BETWEEN 2014337 AND 2014437
	Index Scan using sbtest8_pkey on sbtest8  (cost=0.43..378.99 rows=95 width=125)
	  Index Cond: ((id >= 2014337) AND (id <= 2014437))

explain: for range-notcovered :: explain SELECT id, c FROM sbtest%d WHERE id BETWEEN 2014337 AND 2014437
for range-notcovered
table 1 : explain SELECT id, c FROM sbtest1 WHERE id BETWEEN 2014337 AND 2014437
	Index Scan using sbtest1_pkey on sbtest1  (cost=0.43..416.07 rows=104 width=125)
	  Index Cond: ((id >= 2014337) AND (id <= 2014437))

table 2 : explain SELECT id, c FROM sbtest2 WHERE id BETWEEN 2014337 AND 2014437
	Index Scan using sbtest2_pkey on sbtest2  (cost=0.43..381.26 rows=95 width=125)
	  Index Cond: ((id >= 2014337) AND (id <= 2014437))

table 3 : explain SELECT id, c FROM sbtest3 WHERE id BETWEEN 2014337 AND 2014437
	Index Scan using sbtest3_pkey on sbtest3  (cost=0.43..428.14 rows=107 width=125)
	  Index Cond: ((id >= 2014337) AND (id <= 2014437))

table 4 : explain SELECT id, c FROM sbtest4 WHERE id BETWEEN 2014337 AND 2014437
	Index Scan using sbtest4_pkey on sbtest4  (cost=0.43..434.73 rows=109 width=125)
	  Index Cond: ((id >= 2014337) AND (id <= 2014437))

table 5 : explain SELECT id, c FROM sbtest5 WHERE id BETWEEN 2014337 AND 2014437
	Index Scan using sbtest5_pkey on sbtest5  (cost=0.43..423.97 rows=106 width=125)
	  Index Cond: ((id >= 2014337) AND (id <= 2014437))

table 6 : explain SELECT id, c FROM sbtest6 WHERE id BETWEEN 2014337 AND 2014437
	Index Scan using sbtest6_pkey on sbtest6  (cost=0.43..450.86 rows=113 width=125)
	  Index Cond: ((id >= 2014337) AND (id <= 2014437))

table 7 : explain SELECT id, c FROM sbtest7 WHERE id BETWEEN 2014337 AND 2014437
	Index Scan using sbtest7_pkey on sbtest7  (cost=0.43..387.27 rows=97 width=125)
	  Index Cond: ((id >= 2014337) AND (id <= 2014437))

table 8 : explain SELECT id, c FROM sbtest8 WHERE id BETWEEN 2014337 AND 2014437
	Index Scan using sbtest8_pkey on sbtest8  (cost=0.43..378.99 rows=95 width=125)
	  Index Cond: ((id >= 2014337) AND (id <= 2014437))

explain: for range-notcovered :: explain SELECT id, c FROM sbtest%d WHERE id BETWEEN 2014337 AND 2014437
for range-notcovered
table 1 : explain SELECT id, c FROM sbtest1 WHERE id BETWEEN 2014337 AND 2014437
	Index Scan using sbtest1_pkey on sbtest1  (cost=0.43..416.07 rows=104 width=125)
	  Index Cond: ((id >= 2014337) AND (id <= 2014437))

table 2 : explain SELECT id, c FROM sbtest2 WHERE id BETWEEN 2014337 AND 2014437
	Index Scan using sbtest2_pkey on sbtest2  (cost=0.43..381.26 rows=95 width=125)
	  Index Cond: ((id >= 2014337) AND (id <= 2014437))

table 3 : explain SELECT id, c FROM sbtest3 WHERE id BETWEEN 2014337 AND 2014437
	Index Scan using sbtest3_pkey on sbtest3  (cost=0.43..428.14 rows=107 width=125)
	  Index Cond: ((id >= 2014337) AND (id <= 2014437))

table 4 : explain SELECT id, c FROM sbtest4 WHERE id BETWEEN 2014337 AND 2014437
	Index Scan using sbtest4_pkey on sbtest4  (cost=0.43..434.73 rows=109 width=125)
	  Index Cond: ((id >= 2014337) AND (id <= 2014437))

table 5 : explain SELECT id, c FROM sbtest5 WHERE id BETWEEN 2014337 AND 2014437
	Index Scan using sbtest5_pkey on sbtest5  (cost=0.43..423.97 rows=106 width=125)
	  Index Cond: ((id >= 2014337) AND (id <= 2014437))

table 6 : explain SELECT id, c FROM sbtest6 WHERE id BETWEEN 2014337 AND 2014437
	Index Scan using sbtest6_pkey on sbtest6  (cost=0.43..450.86 rows=113 width=125)
	  Index Cond: ((id >= 2014337) AND (id <= 2014437))

table 7 : explain SELECT id, c FROM sbtest7 WHERE id BETWEEN 2014337 AND 2014437
	Index Scan using sbtest7_pkey on sbtest7  (cost=0.43..387.27 rows=97 width=125)
	  Index Cond: ((id >= 2014337) AND (id <= 2014437))

table 8 : explain SELECT id, c FROM sbtest8 WHERE id BETWEEN 2014337 AND 2014437
	Index Scan using sbtest8_pkey on sbtest8  (cost=0.43..378.99 rows=95 width=125)
	  Index Cond: ((id >= 2014337) AND (id <= 2014437))

explain: for range-notcovered :: explain SELECT id, c FROM sbtest%d WHERE id BETWEEN 2014337 AND 2014437
for range-notcovered
table 1 : explain SELECT id, c FROM sbtest1 WHERE id BETWEEN 2014337 AND 2014437
	Index Scan using sbtest1_pkey on sbtest1  (cost=0.43..416.07 rows=104 width=125)
	  Index Cond: ((id >= 2014337) AND (id <= 2014437))

table 2 : explain SELECT id, c FROM sbtest2 WHERE id BETWEEN 2014337 AND 2014437
	Index Scan using sbtest2_pkey on sbtest2  (cost=0.43..381.26 rows=95 width=125)
	  Index Cond: ((id >= 2014337) AND (id <= 2014437))

table 3 : explain SELECT id, c FROM sbtest3 WHERE id BETWEEN 2014337 AND 2014437
	Index Scan using sbtest3_pkey on sbtest3  (cost=0.43..428.14 rows=107 width=125)
	  Index Cond: ((id >= 2014337) AND (id <= 2014437))

table 4 : explain SELECT id, c FROM sbtest4 WHERE id BETWEEN 2014337 AND 2014437
	Index Scan using sbtest4_pkey on sbtest4  (cost=0.43..434.73 rows=109 width=125)
	  Index Cond: ((id >= 2014337) AND (id <= 2014437))

table 5 : explain SELECT id, c FROM sbtest5 WHERE id BETWEEN 2014337 AND 2014437
	Index Scan using sbtest5_pkey on sbtest5  (cost=0.43..423.97 rows=106 width=125)
	  Index Cond: ((id >= 2014337) AND (id <= 2014437))

table 6 : explain SELECT id, c FROM sbtest6 WHERE id BETWEEN 2014337 AND 2014437
	Index Scan using sbtest6_pkey on sbtest6  (cost=0.43..450.86 rows=113 width=125)
	  Index Cond: ((id >= 2014337) AND (id <= 2014437))

table 7 : explain SELECT id, c FROM sbtest7 WHERE id BETWEEN 2014337 AND 2014437
	Index Scan using sbtest7_pkey on sbtest7  (cost=0.43..387.27 rows=97 width=125)
	  Index Cond: ((id >= 2014337) AND (id <= 2014437))

table 8 : explain SELECT id, c FROM sbtest8 WHERE id BETWEEN 2014337 AND 2014437
	Index Scan using sbtest8_pkey on sbtest8  (cost=0.43..378.99 rows=95 width=125)
	  Index Cond: ((id >= 2014337) AND (id <= 2014437))

explain: for range-notcovered :: explain SELECT id, c FROM sbtest%d WHERE id BETWEEN 2014337 AND 2014437
for range-notcovered
table 1 : explain SELECT id, c FROM sbtest1 WHERE id BETWEEN 2014337 AND 2014437
	Index Scan using sbtest1_pkey on sbtest1  (cost=0.43..416.07 rows=104 width=125)
	  Index Cond: ((id >= 2014337) AND (id <= 2014437))

table 2 : explain SELECT id, c FROM sbtest2 WHERE id BETWEEN 2014337 AND 2014437
	Index Scan using sbtest2_pkey on sbtest2  (cost=0.43..381.26 rows=95 width=125)
	  Index Cond: ((id >= 2014337) AND (id <= 2014437))

table 3 : explain SELECT id, c FROM sbtest3 WHERE id BETWEEN 2014337 AND 2014437
	Index Scan using sbtest3_pkey on sbtest3  (cost=0.43..428.14 rows=107 width=125)
	  Index Cond: ((id >= 2014337) AND (id <= 2014437))

table 4 : explain SELECT id, c FROM sbtest4 WHERE id BETWEEN 2014337 AND 2014437
	Index Scan using sbtest4_pkey on sbtest4  (cost=0.43..434.73 rows=109 width=125)
	  Index Cond: ((id >= 2014337) AND (id <= 2014437))

table 5 : explain SELECT id, c FROM sbtest5 WHERE id BETWEEN 2014337 AND 2014437
	Index Scan using sbtest5_pkey on sbtest5  (cost=0.43..423.97 rows=106 width=125)
	  Index Cond: ((id >= 2014337) AND (id <= 2014437))

table 6 : explain SELECT id, c FROM sbtest6 WHERE id BETWEEN 2014337 AND 2014437
	Index Scan using sbtest6_pkey on sbtest6  (cost=0.43..450.86 rows=113 width=125)
	  Index Cond: ((id >= 2014337) AND (id <= 2014437))

table 7 : explain SELECT id, c FROM sbtest7 WHERE id BETWEEN 2014337 AND 2014437
	Index Scan using sbtest7_pkey on sbtest7  (cost=0.43..387.27 rows=97 width=125)
	  Index Cond: ((id >= 2014337) AND (id <= 2014437))

table 8 : explain SELECT id, c FROM sbtest8 WHERE id BETWEEN 2014337 AND 2014437
	Index Scan using sbtest8_pkey on sbtest8  (cost=0.43..378.99 rows=95 width=125)
	  Index Cond: ((id >= 2014337) AND (id <= 2014437))

Threads started!

Warming up for 5 seconds...

SQL statistics:
    queries performed:
        read:                            115872472
        write:                           0
        other:                           0
        total:                           115872472
    transactions:                        115872472 (183922.84 per sec.)
    queries:                             115872472 (183922.84 per sec.)
    ignored errors:                      0      (0.00 per sec.)
    reconnects:                          0      (0.00 per sec.)

Throughput:
    events/s (eps):                      183922.8409
    time elapsed:                        630.0060s
    total number of events:              115872472

Latency (ms):
         min:                                    0.07
         avg:                                    0.22
         max:                                   24.21
         95th percentile:                        0.23
         sum:                             25152887.24

Threads fairness:
    events (avg/stddev):           2896808.9500/11603.35
    execution time (avg/stddev):   628.8222/0.05

