LUA_PATH=/home/mdcallag/git/mytools/bench/sysbench.lua/lua/?.lua /home/mdcallag/git/mytools/bench/sysbench.lua/lua/sysbench --db-driver=pgsql --range-size=1000 --table-size=10000000 --tables=8 --threads=40 --events=0 --warmup-time=5 --time=630 --pgsql_conn_id=true /home/mdcallag/git/mytools/bench/sysbench.lua/lua/oltp_read_only_count.lua run --pgsql-user=root --pgsql-password=pw --pgsql-host=127.0.0.1 --pgsql-db=ib --rand-type=uniform --skip-trx
48 CPUs
sysbench 1.1.0-9072687 (using bundled LuaJIT 2.1.0-beta3)

Running the test with following options:
Number of threads: 40
Warmup time: 5s
Initializing random number generator from current time


Initializing worker threads...

for: count_ranges
table 1 : explain SELECT count(c) FROM sbtest1 WHERE id BETWEEN 2513620 AND 2514619
	Aggregate  (cost=3665.54..3665.55 rows=1 width=8)
	  ->  Bitmap Heap Scan on sbtest1  (cost=22.15..3663.17 rows=948 width=121)
	        Recheck Cond: ((id >= 2513620) AND (id <= 2514619))
	        ->  Bitmap Index Scan on sbtest1_pkey  (cost=0.00..21.91 rows=948 width=0)
	              Index Cond: ((id >= 2513620) AND (id <= 2514619))

table 2 : explain SELECT count(c) FROM sbtest2 WHERE id BETWEEN 9719139 AND 9720138
	Aggregate  (cost=3869.17..3869.18 rows=1 width=8)
	  ->  Bitmap Heap Scan on sbtest2  (cost=22.71..3866.66 rows=1002 width=121)
	        Recheck Cond: ((id >= 9719139) AND (id <= 9720138))
	        ->  Bitmap Index Scan on sbtest2_pkey  (cost=0.00..22.45 rows=1002 width=0)
	              Index Cond: ((id >= 9719139) AND (id <= 9720138))

table 3 : explain SELECT count(c) FROM sbtest3 WHERE id BETWEEN 7354072 AND 7355071
	Aggregate  (cost=3669.75..3669.76 rows=1 width=8)
	  ->  Bitmap Heap Scan on sbtest3  (cost=22.16..3667.38 rows=949 width=121)
	        Recheck Cond: ((id >= 7354072) AND (id <= 7355071))
	        ->  Bitmap Index Scan on sbtest3_pkey  (cost=0.00..21.93 rows=949 width=0)
	              Index Cond: ((id >= 7354072) AND (id <= 7355071))

table 4 : explain SELECT count(c) FROM sbtest4 WHERE id BETWEEN 5747789 AND 5748788
	Aggregate  (cost=3700.18..3700.19 rows=1 width=8)
	  ->  Bitmap Heap Scan on sbtest4  (cost=22.24..3697.79 rows=957 width=121)
	        Recheck Cond: ((id >= 5747789) AND (id <= 5748788))
	        ->  Bitmap Index Scan on sbtest4_pkey  (cost=0.00..22.00 rows=957 width=0)
	              Index Cond: ((id >= 5747789) AND (id <= 5748788))

table 5 : explain SELECT count(c) FROM sbtest5 WHERE id BETWEEN 1748029 AND 1749028
	Aggregate  (cost=3885.00..3885.01 rows=1 width=8)
	  ->  Bitmap Heap Scan on sbtest5  (cost=22.75..3882.48 rows=1006 width=121)
	        Recheck Cond: ((id >= 1748029) AND (id <= 1749028))
	        ->  Bitmap Index Scan on sbtest5_pkey  (cost=0.00..22.50 rows=1006 width=0)
	              Index Cond: ((id >= 1748029) AND (id <= 1749028))

table 6 : explain SELECT count(c) FROM sbtest6 WHERE id BETWEEN 1160532 AND 1161531
	Aggregate  (cost=3644.63..3644.64 rows=1 width=8)
	  ->  Bitmap Heap Scan on sbtest6  (cost=22.09..3642.27 rows=942 width=121)
	        Recheck Cond: ((id >= 1160532) AND (id <= 1161531))
	        ->  Bitmap Index Scan on sbtest6_pkey  (cost=0.00..21.86 rows=942 width=0)
	              Index Cond: ((id >= 1160532) AND (id <= 1161531))

table 7 : explain SELECT count(c) FROM sbtest7 WHERE id BETWEEN 5130021 AND 5131020
	Aggregate  (cost=3991.03..3991.04 rows=1 width=8)
	  ->  Bitmap Heap Scan on sbtest7  (cost=23.03..3988.45 rows=1034 width=121)
	        Recheck Cond: ((id >= 5130021) AND (id <= 5131020))
	        ->  Bitmap Index Scan on sbtest7_pkey  (cost=0.00..22.77 rows=1034 width=0)
	              Index Cond: ((id >= 5130021) AND (id <= 5131020))

table 8 : explain SELECT count(c) FROM sbtest8 WHERE id BETWEEN 4038418 AND 4039417
	Aggregate  (cost=3649.08..3649.09 rows=1 width=8)
	  ->  Bitmap Heap Scan on sbtest8  (cost=22.10..3646.72 rows=943 width=121)
	        Recheck Cond: ((id >= 4038418) AND (id <= 4039417))
	        ->  Bitmap Index Scan on sbtest8_pkey  (cost=0.00..21.86 rows=943 width=0)
	              Index Cond: ((id >= 4038418) AND (id <= 4039417))

for: count_ranges
table 1 : explain SELECT count(c) FROM sbtest1 WHERE id BETWEEN 8150205 AND 8151204
	Aggregate  (cost=3699.48..3699.49 rows=1 width=8)
	  ->  Bitmap Heap Scan on sbtest1  (cost=22.24..3697.09 rows=957 width=121)
	        Recheck Cond: ((id >= 8150205) AND (id <= 8151204))
	        ->  Bitmap Index Scan on sbtest1_pkey  (cost=0.00..22.00 rows=957 width=0)
	              Index Cond: ((id >= 8150205) AND (id <= 8151204))

table 2 : explain SELECT count(c) FROM sbtest2 WHERE id BETWEEN 3592722 AND 3593721
	Aggregate  (cost=3627.91..3627.92 rows=1 width=8)
	  ->  Bitmap Heap Scan on sbtest2  (cost=22.05..3625.56 rows=938 width=121)
	        Recheck Cond: ((id >= 3592722) AND (id <= 3593721))
	        ->  Bitmap Index Scan on sbtest2_pkey  (cost=0.00..21.82 rows=938 width=0)
	              Index Cond: ((id >= 3592722) AND (id <= 3593721))

table 3 : explain SELECT count(c) FROM sbtest3 WHERE id BETWEEN 9823346 AND 9824345
	Aggregate  (cost=3952.35..3952.36 rows=1 width=8)
	  ->  Bitmap Heap Scan on sbtest3  (cost=22.93..3949.79 rows=1024 width=121)
	        Recheck Cond: ((id >= 9823346) AND (id <= 9824345))
	        ->  Bitmap Index Scan on sbtest3_pkey  (cost=0.00..22.68 rows=1024 width=0)
	              Index Cond: ((id >= 9823346) AND (id <= 9824345))

table 4 : explain SELECT count(c) FROM sbtest4 WHERE id BETWEEN 5840968 AND 5841967
	Aggregate  (cost=4069.23..4069.24 rows=1 width=8)
	  ->  Bitmap Heap Scan on sbtest4  (cost=23.25..4066.60 rows=1055 width=121)
	        Recheck Cond: ((id >= 5840968) AND (id <= 5841967))
	        ->  Bitmap Index Scan on sbtest4_pkey  (cost=0.00..22.98 rows=1055 width=0)
	              Index Cond: ((id >= 5840968) AND (id <= 5841967))

table 5 : explain SELECT count(c) FROM sbtest5 WHERE id BETWEEN 9928843 AND 9929842
	Aggregate  (cost=3798.34..3798.35 rows=1 width=8)
	  ->  Bitmap Heap Scan on sbtest5  (cost=22.51..3795.89 rows=983 width=121)
	        Recheck Cond: ((id >= 9928843) AND (id <= 9929842))
	        ->  Bitmap Index Scan on sbtest5_pkey  (cost=0.00..22.26 rows=983 width=0)
	              Index Cond: ((id >= 9928843) AND (id <= 9929842))

table 6 : explain SELECT count(c) FROM sbtest6 WHERE id BETWEEN 9130068 AND 9131067
	Aggregate  (cost=4006.52..4006.53 rows=1 width=8)
	  ->  Bitmap Heap Scan on sbtest6  (cost=23.07..4003.92 rows=1038 width=121)
	        Recheck Cond: ((id >= 9130068) AND (id <= 9131067))
	        ->  Bitmap Index Scan on sbtest6_pkey  (cost=0.00..22.82 rows=1038 width=0)
	              Index Cond: ((id >= 9130068) AND (id <= 9131067))

table 7 : explain SELECT count(c) FROM sbtest7 WHERE id BETWEEN 2345661 AND 2346660
	Aggregate  (cost=3591.39..3591.40 rows=1 width=8)
	  ->  Bitmap Heap Scan on sbtest7  (cost=21.95..3589.07 rows=928 width=121)
	        Recheck Cond: ((id >= 2345661) AND (id <= 2346660))
	        ->  Bitmap Index Scan on sbtest7_pkey  (cost=0.00..21.71 rows=928 width=0)
	              Index Cond: ((id >= 2345661) AND (id <= 2346660))

table 8 : explain SELECT count(c) FROM sbtest8 WHERE id BETWEEN 6250501 AND 6251500
	Aggregate  (cost=4018.59..4018.60 rows=1 width=8)
	  ->  Bitmap Heap Scan on sbtest8  (cost=23.11..4015.98 rows=1041 width=121)
	        Recheck Cond: ((id >= 6250501) AND (id <= 6251500))
	        ->  Bitmap Index Scan on sbtest8_pkey  (cost=0.00..22.84 rows=1041 width=0)
	              Index Cond: ((id >= 6250501) AND (id <= 6251500))

for: count_ranges
table 1 : explain SELECT count(c) FROM sbtest1 WHERE id BETWEEN 9868175 AND 9869174
	Aggregate  (cost=4147.32..4147.33 rows=1 width=8)
	  ->  Bitmap Heap Scan on sbtest1  (cost=23.46..4144.63 rows=1076 width=121)
	        Recheck Cond: ((id >= 9868175) AND (id <= 9869174))
	        ->  Bitmap Index Scan on sbtest1_pkey  (cost=0.00..23.19 rows=1076 width=0)
	              Index Cond: ((id >= 9868175) AND (id <= 9869174))

table 2 : explain SELECT count(c) FROM sbtest2 WHERE id BETWEEN 9703352 AND 9704351
	Aggregate  (cost=3869.17..3869.18 rows=1 width=8)
	  ->  Bitmap Heap Scan on sbtest2  (cost=22.71..3866.66 rows=1002 width=121)
	        Recheck Cond: ((id >= 9703352) AND (id <= 9704351))
	        ->  Bitmap Index Scan on sbtest2_pkey  (cost=0.00..22.45 rows=1002 width=0)
	              Index Cond: ((id >= 9703352) AND (id <= 9704351))

table 3 : explain SELECT count(c) FROM sbtest3 WHERE id BETWEEN 8347800 AND 8348799
	Aggregate  (cost=4095.25..4095.26 rows=1 width=8)
	  ->  Bitmap Heap Scan on sbtest3  (cost=23.32..4092.60 rows=1062 width=121)
	        Recheck Cond: ((id >= 8347800) AND (id <= 8348799))
	        ->  Bitmap Index Scan on sbtest3_pkey  (cost=0.00..23.05 rows=1062 width=0)
	              Index Cond: ((id >= 8347800) AND (id <= 8348799))

table 4 : explain SELECT count(c) FROM sbtest4 WHERE id BETWEEN 6543921 AND 6544920
	Aggregate  (cost=3530.29..3530.30 rows=1 width=8)
	  ->  Bitmap Heap Scan on sbtest4  (cost=21.78..3528.01 rows=912 width=121)
	        Recheck Cond: ((id >= 6543921) AND (id <= 6544920))
	        ->  Bitmap Index Scan on sbtest4_pkey  (cost=0.00..21.55 rows=912 width=0)
	              Index Cond: ((id >= 6543921) AND (id <= 6544920))

table 5 : explain SELECT count(c) FROM sbtest5 WHERE id BETWEEN 2992878 AND 2993877
	Aggregate  (cost=3828.49..3828.50 rows=1 width=8)
	  ->  Bitmap Heap Scan on sbtest5  (cost=22.59..3826.01 rows=991 width=121)
	        Recheck Cond: ((id >= 2992878) AND (id <= 2993877))
	        ->  Bitmap Index Scan on sbtest5_pkey  (cost=0.00..22.34 rows=991 width=0)
	              Index Cond: ((id >= 2992878) AND (id <= 2993877))

table 6 : explain SELECT count(c) FROM sbtest6 WHERE id BETWEEN 8476792 AND 8477791
	Aggregate  (cost=3916.16..3916.17 rows=1 width=8)
	  ->  Bitmap Heap Scan on sbtest6  (cost=22.83..3913.62 rows=1014 width=121)
	        Recheck Cond: ((id >= 8476792) AND (id <= 8477791))
	        ->  Bitmap Index Scan on sbtest6_pkey  (cost=0.00..22.57 rows=1014 width=0)
	              Index Cond: ((id >= 8476792) AND (id <= 8477791))

table 7 : explain SELECT count(c) FROM sbtest7 WHERE id BETWEEN 9753119 AND 9754118
	Aggregate  (cost=3496.91..3496.92 rows=1 width=8)
	  ->  Bitmap Heap Scan on sbtest7  (cost=21.69..3494.66 rows=903 width=121)
	        Recheck Cond: ((id >= 9753119) AND (id <= 9754118))
	        ->  Bitmap Index Scan on sbtest7_pkey  (cost=0.00..21.46 rows=903 width=0)
	              Index Cond: ((id >= 9753119) AND (id <= 9754118))

table 8 : explain SELECT count(c) FROM sbtest8 WHERE id BETWEEN 8311930 AND 8312929
	Aggregate  (cost=3807.59..3807.60 rows=1 width=8)
	  ->  Bitmap Heap Scan on sbtest8  (cost=22.53..3805.13 rows=985 width=121)
	        Recheck Cond: ((id >= 8311930) AND (id <= 8312929))
	        ->  Bitmap Index Scan on sbtest8_pkey  (cost=0.00..22.29 rows=985 width=0)
	              Index Cond: ((id >= 8311930) AND (id <= 8312929))

for: count_ranges
table 1 : explain SELECT count(c) FROM sbtest1 WHERE id BETWEEN 9613224 AND 9614223
	Aggregate  (cost=3737.19..3737.20 rows=1 width=8)
	  ->  Bitmap Heap Scan on sbtest1  (cost=22.35..3734.77 rows=967 width=121)
	        Recheck Cond: ((id >= 9613224) AND (id <= 9614223))
	        ->  Bitmap Index Scan on sbtest1_pkey  (cost=0.00..22.11 rows=967 width=0)
	              Index Cond: ((id >= 9613224) AND (id <= 9614223))

table 2 : explain SELECT count(c) FROM sbtest2 WHERE id BETWEEN 4638683 AND 4639682
	Aggregate  (cost=3906.81..3906.82 rows=1 width=8)
	  ->  Bitmap Heap Scan on sbtest2  (cost=22.81..3904.28 rows=1012 width=121)
	        Recheck Cond: ((id >= 4638683) AND (id <= 4639682))
	        ->  Bitmap Index Scan on sbtest2_pkey  (cost=0.00..22.55 rows=1012 width=0)
	              Index Cond: ((id >= 4638683) AND (id <= 4639682))

table 3 : explain SELECT count(c) FROM sbtest3 WHERE id BETWEEN 8417940 AND 8418939
	Aggregate  (cost=4324.55..4324.56 rows=1 width=8)
	  ->  Bitmap Heap Scan on sbtest3  (cost=27.95..4321.74 rows=1123 width=121)
	        Recheck Cond: ((id >= 8417940) AND (id <= 8418939))
	        ->  Bitmap Index Scan on sbtest3_pkey  (cost=0.00..27.66 rows=1123 width=0)
	              Index Cond: ((id >= 8417940) AND (id <= 8418939))

table 4 : explain SELECT count(c) FROM sbtest4 WHERE id BETWEEN 895863 AND 896862
	Aggregate  (cost=3790.68..3790.69 rows=1 width=8)
	  ->  Bitmap Heap Scan on sbtest4  (cost=22.49..3788.22 rows=981 width=121)
	        Recheck Cond: ((id >= 895863) AND (id <= 896862))
	        ->  Bitmap Index Scan on sbtest4_pkey  (cost=0.00..22.25 rows=981 width=0)
	              Index Cond: ((id >= 895863) AND (id <= 896862))

table 5 : explain SELECT count(c) FROM sbtest5 WHERE id BETWEEN 4736065 AND 4737064
	Aggregate  (cost=3907.59..3907.60 rows=1 width=8)
	  ->  Bitmap Heap Scan on sbtest5  (cost=22.81..3905.06 rows=1012 width=121)
	        Recheck Cond: ((id >= 4736065) AND (id <= 4737064))
	        ->  Bitmap Index Scan on sbtest5_pkey  (cost=0.00..22.55 rows=1012 width=0)
	              Index Cond: ((id >= 4736065) AND (id <= 4737064))

table 6 : explain SELECT count(c) FROM sbtest6 WHERE id BETWEEN 5299389 AND 5300388
	Aggregate  (cost=3878.48..3878.49 rows=1 width=8)
	  ->  Bitmap Heap Scan on sbtest6  (cost=22.73..3875.97 rows=1004 width=121)
	        Recheck Cond: ((id >= 5299389) AND (id <= 5300388))
	        ->  Bitmap Index Scan on sbtest6_pkey  (cost=0.00..22.47 rows=1004 width=0)
	              Index Cond: ((id >= 5299389) AND (id <= 5300388))

table 7 : explain SELECT count(c) FROM sbtest7 WHERE id BETWEEN 3760414 AND 3761413
	Aggregate  (cost=3780.08..3780.09 rows=1 width=8)
	  ->  Bitmap Heap Scan on sbtest7  (cost=22.46..3777.64 rows=978 width=121)
	        Recheck Cond: ((id >= 3760414) AND (id <= 3761413))
	        ->  Bitmap Index Scan on sbtest7_pkey  (cost=0.00..22.21 rows=978 width=0)
	              Index Cond: ((id >= 3760414) AND (id <= 3761413))

table 8 : explain SELECT count(c) FROM sbtest8 WHERE id BETWEEN 844763 AND 845762
	Aggregate  (cost=3984.70..3984.71 rows=1 width=8)
	  ->  Bitmap Heap Scan on sbtest8  (cost=23.01..3982.12 rows=1032 width=121)
	        Recheck Cond: ((id >= 844763) AND (id <= 845762))
	        ->  Bitmap Index Scan on sbtest8_pkey  (cost=0.00..22.75 rows=1032 width=0)
	              Index Cond: ((id >= 844763) AND (id <= 845762))

for: count_ranges
table 1 : explain SELECT count(c) FROM sbtest1 WHERE id BETWEEN 2048010 AND 2049009
	Aggregate  (cost=3981.95..3981.96 rows=1 width=8)
	  ->  Bitmap Heap Scan on sbtest1  (cost=23.01..3979.37 rows=1032 width=121)
	        Recheck Cond: ((id >= 2048010) AND (id <= 2049009))
	        ->  Bitmap Index Scan on sbtest1_pkey  (cost=0.00..22.75 rows=1032 width=0)
	              Index Cond: ((id >= 2048010) AND (id <= 2049009))

table 2 : explain SELECT count(c) FROM sbtest2 WHERE id BETWEEN 2903670 AND 2904669
	Aggregate  (cost=3940.68..3940.69 rows=1 width=8)
	  ->  Bitmap Heap Scan on sbtest2  (cost=22.90..3938.13 rows=1021 width=121)
	        Recheck Cond: ((id >= 2903670) AND (id <= 2904669))
	        ->  Bitmap Index Scan on sbtest2_pkey  (cost=0.00..22.64 rows=1021 width=0)
	              Index Cond: ((id >= 2903670) AND (id <= 2904669))

table 3 : explain SELECT count(c) FROM sbtest3 WHERE id BETWEEN 6601320 AND 6602319
	Aggregate  (cost=4279.53..4279.54 rows=1 width=8)
	  ->  Bitmap Heap Scan on sbtest3  (cost=27.82..4276.75 rows=1111 width=121)
	        Recheck Cond: ((id >= 6601320) AND (id <= 6602319))
	        ->  Bitmap Index Scan on sbtest3_pkey  (cost=0.00..27.54 rows=1111 width=0)
	              Index Cond: ((id >= 6601320) AND (id <= 6602319))

table 4 : explain SELECT count(c) FROM sbtest4 WHERE id BETWEEN 7313922 AND 7314921
	Aggregate  (cost=4076.75..4076.76 rows=1 width=8)
	  ->  Bitmap Heap Scan on sbtest4  (cost=23.27..4074.11 rows=1057 width=121)
	        Recheck Cond: ((id >= 7313922) AND (id <= 7314921))
	        ->  Bitmap Index Scan on sbtest4_pkey  (cost=0.00..23.00 rows=1057 width=0)
	              Index Cond: ((id >= 7313922) AND (id <= 7314921))

table 5 : explain SELECT count(c) FROM sbtest5 WHERE id BETWEEN 617103 AND 618102
	Aggregate  (cost=3979.11..3979.12 rows=1 width=8)
	  ->  Bitmap Heap Scan on sbtest5  (cost=23.00..3976.53 rows=1031 width=121)
	        Recheck Cond: ((id >= 617103) AND (id <= 618102))
	        ->  Bitmap Index Scan on sbtest5_pkey  (cost=0.00..22.75 rows=1031 width=0)
	              Index Cond: ((id >= 617103) AND (id <= 618102))

table 6 : explain SELECT count(c) FROM sbtest6 WHERE id BETWEEN 318504 AND 319503
	Aggregate  (cost=3953.82..3953.83 rows=1 width=8)
	  ->  Bitmap Heap Scan on sbtest6  (cost=22.93..3951.26 rows=1024 width=121)
	        Recheck Cond: ((id >= 318504) AND (id <= 319503))
	        ->  Bitmap Index Scan on sbtest6_pkey  (cost=0.00..22.68 rows=1024 width=0)
	              Index Cond: ((id >= 318504) AND (id <= 319503))

table 7 : explain SELECT count(c) FROM sbtest7 WHERE id BETWEEN 1588993 AND 1589992
	Aggregate  (cost=3519.60..3519.61 rows=1 width=8)
	  ->  Bitmap Heap Scan on sbtest7  (cost=21.75..3517.32 rows=909 width=121)
	        Recheck Cond: ((id >= 1588993) AND (id <= 1589992))
	        ->  Bitmap Index Scan on sbtest7_pkey  (cost=0.00..21.52 rows=909 width=0)
	              Index Cond: ((id >= 1588993) AND (id <= 1589992))

table 8 : explain SELECT count(c) FROM sbtest8 WHERE id BETWEEN 6188724 AND 6189723
	Aggregate  (cost=4018.59..4018.60 rows=1 width=8)
	  ->  Bitmap Heap Scan on sbtest8  (cost=23.11..4015.98 rows=1041 width=121)
	        Recheck Cond: ((id >= 6188724) AND (id <= 6189723))
	        ->  Bitmap Index Scan on sbtest8_pkey  (cost=0.00..22.84 rows=1041 width=0)
	              Index Cond: ((id >= 6188724) AND (id <= 6189723))

for: count_ranges
table 1 : explain SELECT count(c) FROM sbtest1 WHERE id BETWEEN 6289501 AND 6290500
	Aggregate  (cost=3865.29..3865.30 rows=1 width=8)
	  ->  Bitmap Heap Scan on sbtest1  (cost=22.70..3862.78 rows=1001 width=121)
	        Recheck Cond: ((id >= 6289501) AND (id <= 6290500))
	        ->  Bitmap Index Scan on sbtest1_pkey  (cost=0.00..22.44 rows=1001 width=0)
	              Index Cond: ((id >= 6289501) AND (id <= 6290500))

table 2 : explain SELECT count(c) FROM sbtest2 WHERE id BETWEEN 4018626 AND 4019625
	Aggregate  (cost=4087.34..4087.35 rows=1 width=8)
	  ->  Bitmap Heap Scan on sbtest2  (cost=23.30..4084.69 rows=1060 width=121)
	        Recheck Cond: ((id >= 4018626) AND (id <= 4019625))
	        ->  Bitmap Index Scan on sbtest2_pkey  (cost=0.00..23.04 rows=1060 width=0)
	              Index Cond: ((id >= 4018626) AND (id <= 4019625))

table 3 : explain SELECT count(c) FROM sbtest3 WHERE id BETWEEN 3868083 AND 3869082
	Aggregate  (cost=4242.00..4242.01 rows=1 width=8)
	  ->  Bitmap Heap Scan on sbtest3  (cost=27.72..4239.25 rows=1101 width=121)
	        Recheck Cond: ((id >= 3868083) AND (id <= 3869082))
	        ->  Bitmap Index Scan on sbtest3_pkey  (cost=0.00..27.44 rows=1101 width=0)
	              Index Cond: ((id >= 3868083) AND (id <= 3869082))

table 4 : explain SELECT count(c) FROM sbtest4 WHERE id BETWEEN 2660982 AND 2661981
	Aggregate  (cost=3866.03..3866.04 rows=1 width=8)
	  ->  Bitmap Heap Scan on sbtest4  (cost=22.70..3863.53 rows=1001 width=121)
	        Recheck Cond: ((id >= 2660982) AND (id <= 2661981))
	        ->  Bitmap Index Scan on sbtest4_pkey  (cost=0.00..22.44 rows=1001 width=0)
	              Index Cond: ((id >= 2660982) AND (id <= 2661981))

table 5 : explain SELECT count(c) FROM sbtest5 WHERE id BETWEEN 67798 AND 68797
	Aggregate  (cost=3639.93..3639.94 rows=1 width=8)
	  ->  Bitmap Heap Scan on sbtest5  (cost=22.08..3637.57 rows=941 width=121)
	        Recheck Cond: ((id >= 67798) AND (id <= 68797))
	        ->  Bitmap Index Scan on sbtest5_pkey  (cost=0.00..21.84 rows=941 width=0)
	              Index Cond: ((id >= 67798) AND (id <= 68797))

table 6 : explain SELECT count(c) FROM sbtest6 WHERE id BETWEEN 9326862 AND 9327861
	Aggregate  (cost=3923.69..3923.70 rows=1 width=8)
	  ->  Bitmap Heap Scan on sbtest6  (cost=22.85..3921.15 rows=1016 width=121)
	        Recheck Cond: ((id >= 9326862) AND (id <= 9327861))
	        ->  Bitmap Index Scan on sbtest6_pkey  (cost=0.00..22.59 rows=1016 width=0)
	              Index Cond: ((id >= 9326862) AND (id <= 9327861))

table 7 : explain SELECT count(c) FROM sbtest7 WHERE id BETWEEN 7108260 AND 7109259
	Aggregate  (cost=4073.80..4073.81 rows=1 width=8)
	  ->  Bitmap Heap Scan on sbtest7  (cost=23.26..4071.16 rows=1056 width=121)
	        Recheck Cond: ((id >= 7108260) AND (id <= 7109259))
	        ->  Bitmap Index Scan on sbtest7_pkey  (cost=0.00..23.00 rows=1056 width=0)
	              Index Cond: ((id >= 7108260) AND (id <= 7109259))

table 8 : explain SELECT count(c) FROM sbtest8 WHERE id BETWEEN 7640006 AND 7641005
	Aggregate  (cost=3667.96..3667.97 rows=1 width=8)
	  ->  Bitmap Heap Scan on sbtest8  (cost=22.15..3665.59 rows=948 width=121)
	        Recheck Cond: ((id >= 7640006) AND (id <= 7641005))
	        ->  Bitmap Index Scan on sbtest8_pkey  (cost=0.00..21.91 rows=948 width=0)
	              Index Cond: ((id >= 7640006) AND (id <= 7641005))

for: count_ranges
table 1 : explain SELECT count(c) FROM sbtest1 WHERE id BETWEEN 3993890 AND 3994889
	Aggregate  (cost=3578.74..3578.75 rows=1 width=8)
	  ->  Bitmap Heap Scan on sbtest1  (cost=21.92..3576.42 rows=925 width=121)
	        Recheck Cond: ((id >= 3993890) AND (id <= 3994889))
	        ->  Bitmap Index Scan on sbtest1_pkey  (cost=0.00..21.68 rows=925 width=0)
	              Index Cond: ((id >= 3993890) AND (id <= 3994889))

table 2 : explain SELECT count(c) FROM sbtest2 WHERE id BETWEEN 132460 AND 133459
	Aggregate  (cost=3737.30..3737.31 rows=1 width=8)
	  ->  Bitmap Heap Scan on sbtest2  (cost=22.35..3734.88 rows=967 width=121)
	        Recheck Cond: ((id >= 132460) AND (id <= 133459))
	        ->  Bitmap Index Scan on sbtest2_pkey  (cost=0.00..22.11 rows=967 width=0)
	              Index Cond: ((id >= 132460) AND (id <= 133459))

table 3 : explain SELECT count(c) FROM sbtest3 WHERE id BETWEEN 6893850 AND 6894849
	Aggregate  (cost=3937.30..3937.31 rows=1 width=8)
	  ->  Bitmap Heap Scan on sbtest3  (cost=22.89..3934.75 rows=1020 width=121)
	        Recheck Cond: ((id >= 6893850) AND (id <= 6894849))
	        ->  Bitmap Index Scan on sbtest3_pkey  (cost=0.00..22.64 rows=1020 width=0)
	              Index Cond: ((id >= 6893850) AND (id <= 6894849))

table 4 : explain SELECT count(c) FROM sbtest4 WHERE id BETWEEN 4528722 AND 4529721
	Aggregate  (cost=3503.84..3503.85 rows=1 width=8)
	  ->  Bitmap Heap Scan on sbtest4  (cost=21.71..3501.58 rows=905 width=121)
	        Recheck Cond: ((id >= 4528722) AND (id <= 4529721))
	        ->  Bitmap Index Scan on sbtest4_pkey  (cost=0.00..21.48 rows=905 width=0)
	              Index Cond: ((id >= 4528722) AND (id <= 4529721))

table 5 : explain SELECT count(c) FROM sbtest5 WHERE id BETWEEN 319190 AND 320189
	Aggregate  (cost=4302.51..4302.52 rows=1 width=8)
	  ->  Bitmap Heap Scan on sbtest5  (cost=27.88..4299.72 rows=1117 width=121)
	        Recheck Cond: ((id >= 319190) AND (id <= 320189))
	        ->  Bitmap Index Scan on sbtest5_pkey  (cost=0.00..27.61 rows=1117 width=0)
	              Index Cond: ((id >= 319190) AND (id <= 320189))

table 6 : explain SELECT count(c) FROM sbtest6 WHERE id BETWEEN 6775946 AND 6776945
	Aggregate  (cost=3625.75..3625.76 rows=1 width=8)
	  ->  Bitmap Heap Scan on sbtest6  (cost=22.04..3623.40 rows=937 width=121)
	        Recheck Cond: ((id >= 6775946) AND (id <= 6776945))
	        ->  Bitmap Index Scan on sbtest6_pkey  (cost=0.00..21.80 rows=937 width=0)
	              Index Cond: ((id >= 6775946) AND (id <= 6776945))

table 7 : explain SELECT count(c) FROM sbtest7 WHERE id BETWEEN 3174393 AND 3175392
	Aggregate  (cost=3994.80..3994.81 rows=1 width=8)
	  ->  Bitmap Heap Scan on sbtest7  (cost=23.04..3992.21 rows=1035 width=121)
	        Recheck Cond: ((id >= 3174393) AND (id <= 3175392))
	        ->  Bitmap Index Scan on sbtest7_pkey  (cost=0.00..22.79 rows=1035 width=0)
	              Index Cond: ((id >= 3174393) AND (id <= 3175392))

table 8 : explain SELECT count(c) FROM sbtest8 WHERE id BETWEEN 1732008 AND 1733007
	Aggregate  (cost=3683.07..3683.08 rows=1 width=8)
	  ->  Bitmap Heap Scan on sbtest8  (cost=22.19..3680.69 rows=952 width=121)
	        Recheck Cond: ((id >= 1732008) AND (id <= 1733007))
	        ->  Bitmap Index Scan on sbtest8_pkey  (cost=0.00..21.95 rows=952 width=0)
	              Index Cond: ((id >= 1732008) AND (id <= 1733007))

for: count_ranges
table 1 : explain SELECT count(c) FROM sbtest1 WHERE id BETWEEN 5977162 AND 5978161
	Aggregate  (cost=3620.26..3620.27 rows=1 width=8)
	  ->  Bitmap Heap Scan on sbtest1  (cost=22.03..3617.92 rows=936 width=121)
	        Recheck Cond: ((id >= 5977162) AND (id <= 5978161))
	        ->  Bitmap Index Scan on sbtest1_pkey  (cost=0.00..21.79 rows=936 width=0)
	              Index Cond: ((id >= 5977162) AND (id <= 5978161))

table 2 : explain SELECT count(c) FROM sbtest2 WHERE id BETWEEN 2458564 AND 2459563
	Aggregate  (cost=3997.11..3997.12 rows=1 width=8)
	  ->  Bitmap Heap Scan on sbtest2  (cost=23.05..3994.52 rows=1036 width=121)
	        Recheck Cond: ((id >= 2458564) AND (id <= 2459563))
	        ->  Bitmap Index Scan on sbtest2_pkey  (cost=0.00..22.79 rows=1036 width=0)
	              Index Cond: ((id >= 2458564) AND (id <= 2459563))

table 3 : explain SELECT count(c) FROM sbtest3 WHERE id BETWEEN 2556606 AND 2557605
	Aggregate  (cost=3986.21..3986.22 rows=1 width=8)
	  ->  Bitmap Heap Scan on sbtest3  (cost=23.02..3983.63 rows=1033 width=121)
	        Recheck Cond: ((id >= 2556606) AND (id <= 2557605))
	        ->  Bitmap Index Scan on sbtest3_pkey  (cost=0.00..22.76 rows=1033 width=0)
	              Index Cond: ((id >= 2556606) AND (id <= 2557605))

table 4 : explain SELECT count(c) FROM sbtest4 WHERE id BETWEEN 8724541 AND 8725540
	Aggregate  (cost=3847.20..3847.21 rows=1 width=8)
	  ->  Bitmap Heap Scan on sbtest4  (cost=22.64..3844.71 rows=996 width=121)
	        Recheck Cond: ((id >= 8724541) AND (id <= 8725540))
	        ->  Bitmap Index Scan on sbtest4_pkey  (cost=0.00..22.39 rows=996 width=0)
	              Index Cond: ((id >= 8724541) AND (id <= 8725540))

table 5 : explain SELECT count(c) FROM sbtest5 WHERE id BETWEEN 6486609 AND 6487608
	Aggregate  (cost=3485.05..3485.06 rows=1 width=8)
	  ->  Bitmap Heap Scan on sbtest5  (cost=21.66..3482.80 rows=900 width=121)
	        Recheck Cond: ((id >= 6486609) AND (id <= 6487608))
	        ->  Bitmap Index Scan on sbtest5_pkey  (cost=0.00..21.43 rows=900 width=0)
	              Index Cond: ((id >= 6486609) AND (id <= 6487608))

table 6 : explain SELECT count(c) FROM sbtest6 WHERE id BETWEEN 6259467 AND 6260466
	Aggregate  (cost=3833.26..3833.27 rows=1 width=8)
	  ->  Bitmap Heap Scan on sbtest6  (cost=22.60..3830.78 rows=992 width=121)
	        Recheck Cond: ((id >= 6259467) AND (id <= 6260466))
	        ->  Bitmap Index Scan on sbtest6_pkey  (cost=0.00..22.36 rows=992 width=0)
	              Index Cond: ((id >= 6259467) AND (id <= 6260466))

table 7 : explain SELECT count(c) FROM sbtest7 WHERE id BETWEEN 4285008 AND 4286007
	Aggregate  (cost=4043.71..4043.72 rows=1 width=8)
	  ->  Bitmap Heap Scan on sbtest7  (cost=23.18..4041.09 rows=1048 width=121)
	        Recheck Cond: ((id >= 4285008) AND (id <= 4286007))
	        ->  Bitmap Index Scan on sbtest7_pkey  (cost=0.00..22.91 rows=1048 width=0)
	              Index Cond: ((id >= 4285008) AND (id <= 4286007))

table 8 : explain SELECT count(c) FROM sbtest8 WHERE id BETWEEN 2300993 AND 2301992
	Aggregate  (cost=3845.30..3845.31 rows=1 width=8)
	  ->  Bitmap Heap Scan on sbtest8  (cost=22.63..3842.81 rows=995 width=121)
	        Recheck Cond: ((id >= 2300993) AND (id <= 2301992))
	        ->  Bitmap Index Scan on sbtest8_pkey  (cost=0.00..22.39 rows=995 width=0)
	              Index Cond: ((id >= 2300993) AND (id <= 2301992))

for: count_ranges
table 1 : explain SELECT count(c) FROM sbtest1 WHERE id BETWEEN 8085584 AND 8086583
	Aggregate  (cost=3816.33..3816.34 rows=1 width=8)
	  ->  Bitmap Heap Scan on sbtest1  (cost=22.56..3813.86 rows=988 width=121)
	        Recheck Cond: ((id >= 8085584) AND (id <= 8086583))
	        ->  Bitmap Index Scan on sbtest1_pkey  (cost=0.00..22.32 rows=988 width=0)
	              Index Cond: ((id >= 8085584) AND (id <= 8086583))

table 2 : explain SELECT count(c) FROM sbtest2 WHERE id BETWEEN 917254 AND 918253
	Aggregate  (cost=4294.11..4294.12 rows=1 width=8)
	  ->  Bitmap Heap Scan on sbtest2  (cost=27.86..4291.32 rows=1115 width=121)
	        Recheck Cond: ((id >= 917254) AND (id <= 918253))
	        ->  Bitmap Index Scan on sbtest2_pkey  (cost=0.00..27.58 rows=1115 width=0)
	              Index Cond: ((id >= 917254) AND (id <= 918253))

table 3 : explain SELECT count(c) FROM sbtest3 WHERE id BETWEEN 1266706 AND 1267705
	Aggregate  (cost=3824.33..3824.34 rows=1 width=8)
	  ->  Bitmap Heap Scan on sbtest3  (cost=22.58..3821.85 rows=990 width=121)
	        Recheck Cond: ((id >= 1266706) AND (id <= 1267705))
	        ->  Bitmap Index Scan on sbtest3_pkey  (cost=0.00..22.33 rows=990 width=0)
	              Index Cond: ((id >= 1266706) AND (id <= 1267705))

table 4 : explain SELECT count(c) FROM sbtest4 WHERE id BETWEEN 8603495 AND 8604494
	Aggregate  (cost=3892.39..3892.40 rows=1 width=8)
	  ->  Bitmap Heap Scan on sbtest4  (cost=22.77..3889.87 rows=1008 width=121)
	        Recheck Cond: ((id >= 8603495) AND (id <= 8604494))
	        ->  Bitmap Index Scan on sbtest4_pkey  (cost=0.00..22.51 rows=1008 width=0)
	              Index Cond: ((id >= 8603495) AND (id <= 8604494))

table 5 : explain SELECT count(c) FROM sbtest5 WHERE id BETWEEN 5519525 AND 5520524
	Aggregate  (cost=4039.30..4039.31 rows=1 width=8)
	  ->  Bitmap Heap Scan on sbtest5  (cost=23.17..4036.68 rows=1047 width=121)
	        Recheck Cond: ((id >= 5519525) AND (id <= 5520524))
	        ->  Bitmap Index Scan on sbtest5_pkey  (cost=0.00..22.90 rows=1047 width=0)
	              Index Cond: ((id >= 5519525) AND (id <= 5520524))

table 6 : explain SELECT count(c) FROM sbtest6 WHERE id BETWEEN 696502 AND 697501
	Aggregate  (cost=3799.33..3799.34 rows=1 width=8)
	  ->  Bitmap Heap Scan on sbtest6  (cost=22.51..3796.87 rows=983 width=121)
	        Recheck Cond: ((id >= 696502) AND (id <= 697501))
	        ->  Bitmap Index Scan on sbtest6_pkey  (cost=0.00..22.26 rows=983 width=0)
	              Index Cond: ((id >= 696502) AND (id <= 697501))

table 7 : explain SELECT count(c) FROM sbtest7 WHERE id BETWEEN 1462249 AND 1463248
	Aggregate  (cost=3930.80..3930.81 rows=1 width=8)
	  ->  Bitmap Heap Scan on sbtest7  (cost=22.87..3928.26 rows=1018 width=121)
	        Recheck Cond: ((id >= 1462249) AND (id <= 1463248))
	        ->  Bitmap Index Scan on sbtest7_pkey  (cost=0.00..22.61 rows=1018 width=0)
	              Index Cond: ((id >= 1462249) AND (id <= 1463248))

table 8 : explain SELECT count(c) FROM sbtest8 WHERE id BETWEEN 6802293 AND 6803292
	Aggregate  (cost=3905.60..3905.61 rows=1 width=8)
	  ->  Bitmap Heap Scan on sbtest8  (cost=22.80..3903.08 rows=1011 width=121)
	        Recheck Cond: ((id >= 6802293) AND (id <= 6803292))
	        ->  Bitmap Index Scan on sbtest8_pkey  (cost=0.00..22.54 rows=1011 width=0)
	              Index Cond: ((id >= 6802293) AND (id <= 6803292))

for: count_ranges
table 1 : explain SELECT count(c) FROM sbtest1 WHERE id BETWEEN 9911861 AND 9912860
	Aggregate  (cost=4098.49..4098.50 rows=1 width=8)
	  ->  Bitmap Heap Scan on sbtest1  (cost=23.33..4095.83 rows=1063 width=121)
	        Recheck Cond: ((id >= 9911861) AND (id <= 9912860))
	        ->  Bitmap Index Scan on sbtest1_pkey  (cost=0.00..23.07 rows=1063 width=0)
	              Index Cond: ((id >= 9911861) AND (id <= 9912860))

table 2 : explain SELECT count(c) FROM sbtest2 WHERE id BETWEEN 7149621 AND 7150620
	Aggregate  (cost=3978.31..3978.32 rows=1 width=8)
	  ->  Bitmap Heap Scan on sbtest2  (cost=23.00..3975.73 rows=1031 width=121)
	        Recheck Cond: ((id >= 7149621) AND (id <= 7150620))
	        ->  Bitmap Index Scan on sbtest2_pkey  (cost=0.00..22.75 rows=1031 width=0)
	              Index Cond: ((id >= 7149621) AND (id <= 7150620))

table 3 : explain SELECT count(c) FROM sbtest3 WHERE id BETWEEN 3664985 AND 3665984
	Aggregate  (cost=3730.10..3730.11 rows=1 width=8)
	  ->  Bitmap Heap Scan on sbtest3  (cost=22.33..3727.69 rows=965 width=121)
	        Recheck Cond: ((id >= 3664985) AND (id <= 3665984))
	        ->  Bitmap Index Scan on sbtest3_pkey  (cost=0.00..22.08 rows=965 width=0)
	              Index Cond: ((id >= 3664985) AND (id <= 3665984))

table 4 : explain SELECT count(c) FROM sbtest4 WHERE id BETWEEN 2139406 AND 2140405
	Aggregate  (cost=3911.22..3911.23 rows=1 width=8)
	  ->  Bitmap Heap Scan on sbtest4  (cost=22.82..3908.69 rows=1013 width=121)
	        Recheck Cond: ((id >= 2139406) AND (id <= 2140405))
	        ->  Bitmap Index Scan on sbtest4_pkey  (cost=0.00..22.57 rows=1013 width=0)
	              Index Cond: ((id >= 2139406) AND (id <= 2140405))

table 5 : explain SELECT count(c) FROM sbtest5 WHERE id BETWEEN 2495981 AND 2496980
	Aggregate  (cost=3847.33..3847.34 rows=1 width=8)
	  ->  Bitmap Heap Scan on sbtest5  (cost=22.64..3844.84 rows=996 width=121)
	        Recheck Cond: ((id >= 2495981) AND (id <= 2496980))
	        ->  Bitmap Index Scan on sbtest5_pkey  (cost=0.00..22.39 rows=996 width=0)
	              Index Cond: ((id >= 2495981) AND (id <= 2496980))

table 6 : explain SELECT count(c) FROM sbtest6 WHERE id BETWEEN 3886971 AND 3887970
	Aggregate  (cost=4051.67..4051.68 rows=1 width=8)
	  ->  Bitmap Heap Scan on sbtest6  (cost=23.20..4049.04 rows=1050 width=121)
	        Recheck Cond: ((id >= 3886971) AND (id <= 3887970))
	        ->  Bitmap Index Scan on sbtest6_pkey  (cost=0.00..22.93 rows=1050 width=0)
	              Index Cond: ((id >= 3886971) AND (id <= 3887970))

table 7 : explain SELECT count(c) FROM sbtest7 WHERE id BETWEEN 8067707 AND 8068706
	Aggregate  (cost=3923.27..3923.28 rows=1 width=8)
	  ->  Bitmap Heap Scan on sbtest7  (cost=22.85..3920.73 rows=1016 width=121)
	        Recheck Cond: ((id >= 8067707) AND (id <= 8068706))
	        ->  Bitmap Index Scan on sbtest7_pkey  (cost=0.00..22.59 rows=1016 width=0)
	              Index Cond: ((id >= 8067707) AND (id <= 8068706))

table 8 : explain SELECT count(c) FROM sbtest8 WHERE id BETWEEN 563272 AND 564271
	Aggregate  (cost=3898.07..3898.08 rows=1 width=8)
	  ->  Bitmap Heap Scan on sbtest8  (cost=22.78..3895.55 rows=1009 width=121)
	        Recheck Cond: ((id >= 563272) AND (id <= 564271))
	        ->  Bitmap Index Scan on sbtest8_pkey  (cost=0.00..22.52 rows=1009 width=0)
	              Index Cond: ((id >= 563272) AND (id <= 564271))

for: count_ranges
table 1 : explain SELECT count(c) FROM sbtest1 WHERE id BETWEEN 5974416 AND 5975415
	Aggregate  (cost=3620.26..3620.27 rows=1 width=8)
	  ->  Bitmap Heap Scan on sbtest1  (cost=22.03..3617.92 rows=936 width=121)
	        Recheck Cond: ((id >= 5974416) AND (id <= 5975415))
	        ->  Bitmap Index Scan on sbtest1_pkey  (cost=0.00..21.79 rows=936 width=0)
	              Index Cond: ((id >= 5974416) AND (id <= 5975415))

table 2 : explain SELECT count(c) FROM sbtest2 WHERE id BETWEEN 7026367 AND 7027366
	Aggregate  (cost=3854.10..3854.11 rows=1 width=8)
	  ->  Bitmap Heap Scan on sbtest2  (cost=22.66..3851.61 rows=998 width=121)
	        Recheck Cond: ((id >= 7026367) AND (id <= 7027366))
	        ->  Bitmap Index Scan on sbtest2_pkey  (cost=0.00..22.41 rows=998 width=0)
	              Index Cond: ((id >= 7026367) AND (id <= 7027366))

table 3 : explain SELECT count(c) FROM sbtest3 WHERE id BETWEEN 6303411 AND 6304410
	Aggregate  (cost=3884.59..3884.60 rows=1 width=8)
	  ->  Bitmap Heap Scan on sbtest3  (cost=22.75..3882.08 rows=1006 width=121)
	        Recheck Cond: ((id >= 6303411) AND (id <= 6304410))
	        ->  Bitmap Index Scan on sbtest3_pkey  (cost=0.00..22.50 rows=1006 width=0)
	              Index Cond: ((id >= 6303411) AND (id <= 6304410))

table 4 : explain SELECT count(c) FROM sbtest4 WHERE id BETWEEN 8392122 AND 8393121
	Aggregate  (cost=3681.32..3681.33 rows=1 width=8)
	  ->  Bitmap Heap Scan on sbtest4  (cost=22.19..3678.94 rows=952 width=121)
	        Recheck Cond: ((id >= 8392122) AND (id <= 8393121))
	        ->  Bitmap Index Scan on sbtest4_pkey  (cost=0.00..21.95 rows=952 width=0)
	              Index Cond: ((id >= 8392122) AND (id <= 8393121))

table 5 : explain SELECT count(c) FROM sbtest5 WHERE id BETWEEN 1756245 AND 1757244
	Aggregate  (cost=3885.00..3885.01 rows=1 width=8)
	  ->  Bitmap Heap Scan on sbtest5  (cost=22.75..3882.48 rows=1006 width=121)
	        Recheck Cond: ((id >= 1756245) AND (id <= 1757244))
	        ->  Bitmap Index Scan on sbtest5_pkey  (cost=0.00..22.50 rows=1006 width=0)
	              Index Cond: ((id >= 1756245) AND (id <= 1757244))

table 6 : explain SELECT count(c) FROM sbtest6 WHERE id BETWEEN 652864 AND 653863
	Aggregate  (cost=3799.33..3799.34 rows=1 width=8)
	  ->  Bitmap Heap Scan on sbtest6  (cost=22.51..3796.87 rows=983 width=121)
	        Recheck Cond: ((id >= 652864) AND (id <= 653863))
	        ->  Bitmap Index Scan on sbtest6_pkey  (cost=0.00..22.26 rows=983 width=0)
	              Index Cond: ((id >= 652864) AND (id <= 653863))

table 7 : explain SELECT count(c) FROM sbtest7 WHERE id BETWEEN 30565 AND 31564
	Aggregate  (cost=3772.54..3772.55 rows=1 width=8)
	  ->  Bitmap Heap Scan on sbtest7  (cost=22.44..3770.10 rows=976 width=121)
	        Recheck Cond: ((id >= 30565) AND (id <= 31564))
	        ->  Bitmap Index Scan on sbtest7_pkey  (cost=0.00..22.19 rows=976 width=0)
	              Index Cond: ((id >= 30565) AND (id <= 31564))

table 8 : explain SELECT count(c) FROM sbtest8 WHERE id BETWEEN 7903219 AND 7904218
	Aggregate  (cost=3924.44..3924.45 rows=1 width=8)
	  ->  Bitmap Heap Scan on sbtest8  (cost=22.85..3921.90 rows=1016 width=121)
	        Recheck Cond: ((id >= 7903219) AND (id <= 7904218))
	        ->  Bitmap Index Scan on sbtest8_pkey  (cost=0.00..22.59 rows=1016 width=0)
	              Index Cond: ((id >= 7903219) AND (id <= 7904218))

for: count_ranges
table 1 : explain SELECT count(c) FROM sbtest1 WHERE id BETWEEN 9667365 AND 9668364
	Aggregate  (cost=3737.19..3737.20 rows=1 width=8)
	  ->  Bitmap Heap Scan on sbtest1  (cost=22.35..3734.77 rows=967 width=121)
	        Recheck Cond: ((id >= 9667365) AND (id <= 9668364))
	        ->  Bitmap Index Scan on sbtest1_pkey  (cost=0.00..22.11 rows=967 width=0)
	              Index Cond: ((id >= 9667365) AND (id <= 9668364))

table 2 : explain SELECT count(c) FROM sbtest2 WHERE id BETWEEN 1480413 AND 1481412
	Aggregate  (cost=3692.05..3692.06 rows=1 width=8)
	  ->  Bitmap Heap Scan on sbtest2  (cost=22.22..3689.66 rows=955 width=121)
	        Recheck Cond: ((id >= 1480413) AND (id <= 1481412))
	        ->  Bitmap Index Scan on sbtest2_pkey  (cost=0.00..21.98 rows=955 width=0)
	              Index Cond: ((id >= 1480413) AND (id <= 1481412))

table 3 : explain SELECT count(c) FROM sbtest3 WHERE id BETWEEN 1419087 AND 1420086
	Aggregate  (cost=3711.24..3711.25 rows=1 width=8)
	  ->  Bitmap Heap Scan on sbtest3  (cost=22.27..3708.84 rows=960 width=121)
	        Recheck Cond: ((id >= 1419087) AND (id <= 1420086))
	        ->  Bitmap Index Scan on sbtest3_pkey  (cost=0.00..22.04 rows=960 width=0)
	              Index Cond: ((id >= 1419087) AND (id <= 1420086))

table 4 : explain SELECT count(c) FROM sbtest4 WHERE id BETWEEN 4221719 AND 4222718
	Aggregate  (cost=3662.45..3662.46 rows=1 width=8)
	  ->  Bitmap Heap Scan on sbtest4  (cost=22.14..3660.08 rows=947 width=121)
	        Recheck Cond: ((id >= 4221719) AND (id <= 4222718))
	        ->  Bitmap Index Scan on sbtest4_pkey  (cost=0.00..21.90 rows=947 width=0)
	              Index Cond: ((id >= 4221719) AND (id <= 4222718))

table 5 : explain SELECT count(c) FROM sbtest5 WHERE id BETWEEN 6394995 AND 6395994
	Aggregate  (cost=3575.74..3575.75 rows=1 width=8)
	  ->  Bitmap Heap Scan on sbtest5  (cost=21.91..3573.43 rows=924 width=121)
	        Recheck Cond: ((id >= 6394995) AND (id <= 6395994))
	        ->  Bitmap Index Scan on sbtest5_pkey  (cost=0.00..21.68 rows=924 width=0)
	              Index Cond: ((id >= 6394995) AND (id <= 6395994))

table 6 : explain SELECT count(c) FROM sbtest6 WHERE id BETWEEN 8521994 AND 8522993
	Aggregate  (cost=3916.16..3916.17 rows=1 width=8)
	  ->  Bitmap Heap Scan on sbtest6  (cost=22.83..3913.62 rows=1014 width=121)
	        Recheck Cond: ((id >= 8521994) AND (id <= 8522993))
	        ->  Bitmap Index Scan on sbtest6_pkey  (cost=0.00..22.57 rows=1014 width=0)
	              Index Cond: ((id >= 8521994) AND (id <= 8522993))

table 7 : explain SELECT count(c) FROM sbtest7 WHERE id BETWEEN 3949769 AND 3950768
	Aggregate  (cost=4186.56..4186.57 rows=1 width=8)
	  ->  Bitmap Heap Scan on sbtest7  (cost=23.57..4183.84 rows=1086 width=121)
	        Recheck Cond: ((id >= 3949769) AND (id <= 3950768))
	        ->  Bitmap Index Scan on sbtest7_pkey  (cost=0.00..23.29 rows=1086 width=0)
	              Index Cond: ((id >= 3949769) AND (id <= 3950768))

table 8 : explain SELECT count(c) FROM sbtest8 WHERE id BETWEEN 2278757 AND 2279756
	Aggregate  (cost=3845.30..3845.31 rows=1 width=8)
	  ->  Bitmap Heap Scan on sbtest8  (cost=22.63..3842.81 rows=995 width=121)
	        Recheck Cond: ((id >= 2278757) AND (id <= 2279756))
	        ->  Bitmap Index Scan on sbtest8_pkey  (cost=0.00..22.39 rows=995 width=0)
	              Index Cond: ((id >= 2278757) AND (id <= 2279756))

for: count_ranges
table 1 : explain SELECT count(c) FROM sbtest1 WHERE id BETWEEN 8609740 AND 8610739
	Aggregate  (cost=3820.09..3820.10 rows=1 width=8)
	  ->  Bitmap Heap Scan on sbtest1  (cost=22.57..3817.62 rows=989 width=121)
	        Recheck Cond: ((id >= 8609740) AND (id <= 8610739))
	        ->  Bitmap Index Scan on sbtest1_pkey  (cost=0.00..22.32 rows=989 width=0)
	              Index Cond: ((id >= 8609740) AND (id <= 8610739))

table 2 : explain SELECT count(c) FROM sbtest2 WHERE id BETWEEN 1077637 AND 1078636
	Aggregate  (cost=3872.93..3872.94 rows=1 width=8)
	  ->  Bitmap Heap Scan on sbtest2  (cost=22.72..3870.42 rows=1003 width=121)
	        Recheck Cond: ((id >= 1077637) AND (id <= 1078636))
	        ->  Bitmap Index Scan on sbtest2_pkey  (cost=0.00..22.46 rows=1003 width=0)
	              Index Cond: ((id >= 1077637) AND (id <= 1078636))

table 3 : explain SELECT count(c) FROM sbtest3 WHERE id BETWEEN 3206988 AND 3207987
	Aggregate  (cost=3786.65..3786.66 rows=1 width=8)
	  ->  Bitmap Heap Scan on sbtest3  (cost=22.48..3784.20 rows=980 width=121)
	        Recheck Cond: ((id >= 3206988) AND (id <= 3207987))
	        ->  Bitmap Index Scan on sbtest3_pkey  (cost=0.00..22.23 rows=980 width=0)
	              Index Cond: ((id >= 3206988) AND (id <= 3207987))

table 4 : explain SELECT count(c) FROM sbtest4 WHERE id BETWEEN 4881289 AND 4882288
	Aggregate  (cost=3688.86..3688.87 rows=1 width=8)
	  ->  Bitmap Heap Scan on sbtest4  (cost=22.21..3686.48 rows=954 width=121)
	        Recheck Cond: ((id >= 4881289) AND (id <= 4882288))
	        ->  Bitmap Index Scan on sbtest4_pkey  (cost=0.00..21.97 rows=954 width=0)
	              Index Cond: ((id >= 4881289) AND (id <= 4882288))

table 5 : explain SELECT count(c) FROM sbtest5 WHERE id BETWEEN 3176674 AND 3177673
	Aggregate  (cost=4118.24..4118.25 rows=1 width=8)
	  ->  Bitmap Heap Scan on sbtest5  (cost=23.38..4115.57 rows=1068 width=121)
	        Recheck Cond: ((id >= 3176674) AND (id <= 3177673))
	        ->  Bitmap Index Scan on sbtest5_pkey  (cost=0.00..23.11 rows=1068 width=0)
	              Index Cond: ((id >= 3176674) AND (id <= 3177673))

table 6 : explain SELECT count(c) FROM sbtest6 WHERE id BETWEEN 9355760 AND 9356759
	Aggregate  (cost=3923.69..3923.70 rows=1 width=8)
	  ->  Bitmap Heap Scan on sbtest6  (cost=22.85..3921.15 rows=1016 width=121)
	        Recheck Cond: ((id >= 9355760) AND (id <= 9356759))
	        ->  Bitmap Index Scan on sbtest6_pkey  (cost=0.00..22.59 rows=1016 width=0)
	              Index Cond: ((id >= 9355760) AND (id <= 9356759))

table 7 : explain SELECT count(c) FROM sbtest7 WHERE id BETWEEN 5465737 AND 5466736
	Aggregate  (cost=3602.72..3602.73 rows=1 width=8)
	  ->  Bitmap Heap Scan on sbtest7  (cost=21.98..3600.39 rows=931 width=121)
	        Recheck Cond: ((id >= 5465737) AND (id <= 5466736))
	        ->  Bitmap Index Scan on sbtest7_pkey  (cost=0.00..21.75 rows=931 width=0)
	              Index Cond: ((id >= 5465737) AND (id <= 5466736))

table 8 : explain SELECT count(c) FROM sbtest8 WHERE id BETWEEN 5874443 AND 5875442
	Aggregate  (cost=3977.17..3977.18 rows=1 width=8)
	  ->  Bitmap Heap Scan on sbtest8  (cost=22.99..3974.60 rows=1030 width=121)
	        Recheck Cond: ((id >= 5874443) AND (id <= 5875442))
	        ->  Bitmap Index Scan on sbtest8_pkey  (cost=0.00..22.73 rows=1030 width=0)
	              Index Cond: ((id >= 5874443) AND (id <= 5875442))

for: count_ranges
table 1 : explain SELECT count(c) FROM sbtest1 WHERE id BETWEEN 8527474 AND 8528473
	Aggregate  (cost=3820.09..3820.10 rows=1 width=8)
	  ->  Bitmap Heap Scan on sbtest1  (cost=22.57..3817.62 rows=989 width=121)
	        Recheck Cond: ((id >= 8527474) AND (id <= 8528473))
	        ->  Bitmap Index Scan on sbtest1_pkey  (cost=0.00..22.32 rows=989 width=0)
	              Index Cond: ((id >= 8527474) AND (id <= 8528473))

table 2 : explain SELECT count(c) FROM sbtest2 WHERE id BETWEEN 2305759 AND 2306758
	Aggregate  (cost=3571.28..3571.29 rows=1 width=8)
	  ->  Bitmap Heap Scan on sbtest2  (cost=21.90..3568.98 rows=923 width=121)
	        Recheck Cond: ((id >= 2305759) AND (id <= 2306758))
	        ->  Bitmap Index Scan on sbtest2_pkey  (cost=0.00..21.66 rows=923 width=0)
	              Index Cond: ((id >= 2305759) AND (id <= 2306758))

table 3 : explain SELECT count(c) FROM sbtest3 WHERE id BETWEEN 1381671 AND 1382670
	Aggregate  (cost=3711.24..3711.25 rows=1 width=8)
	  ->  Bitmap Heap Scan on sbtest3  (cost=22.27..3708.84 rows=960 width=121)
	        Recheck Cond: ((id >= 1381671) AND (id <= 1382670))
	        ->  Bitmap Index Scan on sbtest3_pkey  (cost=0.00..22.04 rows=960 width=0)
	              Index Cond: ((id >= 1381671) AND (id <= 1382670))

table 4 : explain SELECT count(c) FROM sbtest4 WHERE id BETWEEN 5369479 AND 5370478
	Aggregate  (cost=3360.12..3360.13 rows=1 width=8)
	  ->  Bitmap Heap Scan on sbtest4  (cost=21.32..3357.96 rows=867 width=121)
	        Recheck Cond: ((id >= 5369479) AND (id <= 5370478))
	        ->  Bitmap Index Scan on sbtest4_pkey  (cost=0.00..21.11 rows=867 width=0)
	              Index Cond: ((id >= 5369479) AND (id <= 5370478))

table 5 : explain SELECT count(c) FROM sbtest5 WHERE id BETWEEN 6896590 AND 6897589
	Aggregate  (cost=3798.34..3798.35 rows=1 width=8)
	  ->  Bitmap Heap Scan on sbtest5  (cost=22.51..3795.89 rows=983 width=121)
	        Recheck Cond: ((id >= 6896590) AND (id <= 6897589))
	        ->  Bitmap Index Scan on sbtest5_pkey  (cost=0.00..22.26 rows=983 width=0)
	              Index Cond: ((id >= 6896590) AND (id <= 6897589))

table 6 : explain SELECT count(c) FROM sbtest6 WHERE id BETWEEN 7897915 AND 7898914
	Aggregate  (cost=3648.40..3648.41 rows=1 width=8)
	  ->  Bitmap Heap Scan on sbtest6  (cost=22.10..3646.05 rows=943 width=121)
	        Recheck Cond: ((id >= 7897915) AND (id <= 7898914))
	        ->  Bitmap Index Scan on sbtest6_pkey  (cost=0.00..21.86 rows=943 width=0)
	              Index Cond: ((id >= 7897915) AND (id <= 7898914))

table 7 : explain SELECT count(c) FROM sbtest7 WHERE id BETWEEN 905355 AND 906354
	Aggregate  (cost=3836.63..3836.64 rows=1 width=8)
	  ->  Bitmap Heap Scan on sbtest7  (cost=22.61..3834.15 rows=993 width=121)
	        Recheck Cond: ((id >= 905355) AND (id <= 906354))
	        ->  Bitmap Index Scan on sbtest7_pkey  (cost=0.00..22.36 rows=993 width=0)
	              Index Cond: ((id >= 905355) AND (id <= 906354))

table 8 : explain SELECT count(c) FROM sbtest8 WHERE id BETWEEN 564131 AND 565130
	Aggregate  (cost=3898.07..3898.08 rows=1 width=8)
	  ->  Bitmap Heap Scan on sbtest8  (cost=22.78..3895.55 rows=1009 width=121)
	        Recheck Cond: ((id >= 564131) AND (id <= 565130))
	        ->  Bitmap Index Scan on sbtest8_pkey  (cost=0.00..22.52 rows=1009 width=0)
	              Index Cond: ((id >= 564131) AND (id <= 565130))

for: count_ranges
table 1 : explain SELECT count(c) FROM sbtest1 WHERE id BETWEEN 1447607 AND 1448606
	Aggregate  (cost=4030.84..4030.85 rows=1 width=8)
	  ->  Bitmap Heap Scan on sbtest1  (cost=23.15..4028.22 rows=1045 width=121)
	        Recheck Cond: ((id >= 1447607) AND (id <= 1448606))
	        ->  Bitmap Index Scan on sbtest1_pkey  (cost=0.00..22.89 rows=1045 width=0)
	              Index Cond: ((id >= 1447607) AND (id <= 1448606))

table 2 : explain SELECT count(c) FROM sbtest2 WHERE id BETWEEN 2747236 AND 2748235
	Aggregate  (cost=4196.29..4196.30 rows=1 width=8)
	  ->  Bitmap Heap Scan on sbtest2  (cost=23.61..4193.57 rows=1090 width=121)
	        Recheck Cond: ((id >= 2747236) AND (id <= 2748235))
	        ->  Bitmap Index Scan on sbtest2_pkey  (cost=0.00..23.33 rows=1090 width=0)
	              Index Cond: ((id >= 2747236) AND (id <= 2748235))

table 3 : explain SELECT count(c) FROM sbtest3 WHERE id BETWEEN 5937166 AND 5938165
	Aggregate  (cost=3835.63..3835.64 rows=1 width=8)
	  ->  Bitmap Heap Scan on sbtest3  (cost=22.61..3833.15 rows=993 width=121)
	        Recheck Cond: ((id >= 5937166) AND (id <= 5938165))
	        ->  Bitmap Index Scan on sbtest3_pkey  (cost=0.00..22.36 rows=993 width=0)
	              Index Cond: ((id >= 5937166) AND (id <= 5938165))

table 4 : explain SELECT count(c) FROM sbtest4 WHERE id BETWEEN 8203836 AND 8204835
	Aggregate  (cost=3937.57..3937.58 rows=1 width=8)
	  ->  Bitmap Heap Scan on sbtest4  (cost=22.89..3935.02 rows=1020 width=121)
	        Recheck Cond: ((id >= 8203836) AND (id <= 8204835))
	        ->  Bitmap Index Scan on sbtest4_pkey  (cost=0.00..22.64 rows=1020 width=0)
	              Index Cond: ((id >= 8203836) AND (id <= 8204835))

table 5 : explain SELECT count(c) FROM sbtest5 WHERE id BETWEEN 7706312 AND 7707311
	Aggregate  (cost=3605.95..3605.96 rows=1 width=8)
	  ->  Bitmap Heap Scan on sbtest5  (cost=21.99..3603.62 rows=932 width=121)
	        Recheck Cond: ((id >= 7706312) AND (id <= 7707311))
	        ->  Bitmap Index Scan on sbtest5_pkey  (cost=0.00..21.75 rows=932 width=0)
	              Index Cond: ((id >= 7706312) AND (id <= 7707311))

table 6 : explain SELECT count(c) FROM sbtest6 WHERE id BETWEEN 5737356 AND 5738355
	Aggregate  (cost=3686.16..3686.17 rows=1 width=8)
	  ->  Bitmap Heap Scan on sbtest6  (cost=22.20..3683.77 rows=953 width=121)
	        Recheck Cond: ((id >= 5737356) AND (id <= 5738355))
	        ->  Bitmap Index Scan on sbtest6_pkey  (cost=0.00..21.96 rows=953 width=0)
	              Index Cond: ((id >= 5737356) AND (id <= 5738355))

table 7 : explain SELECT count(c) FROM sbtest7 WHERE id BETWEEN 9909027 AND 9910026
	Aggregate  (cost=3787.63..3787.64 rows=1 width=8)
	  ->  Bitmap Heap Scan on sbtest7  (cost=22.48..3785.18 rows=980 width=121)
	        Recheck Cond: ((id >= 9909027) AND (id <= 9910026))
	        ->  Bitmap Index Scan on sbtest7_pkey  (cost=0.00..22.23 rows=980 width=0)
	              Index Cond: ((id >= 9909027) AND (id <= 9910026))

table 8 : explain SELECT count(c) FROM sbtest8 WHERE id BETWEEN 4619915 AND 4620914
	Aggregate  (cost=4078.80..4078.81 rows=1 width=8)
	  ->  Bitmap Heap Scan on sbtest8  (cost=23.27..4076.16 rows=1057 width=121)
	        Recheck Cond: ((id >= 4619915) AND (id <= 4620914))
	        ->  Bitmap Index Scan on sbtest8_pkey  (cost=0.00..23.00 rows=1057 width=0)
	              Index Cond: ((id >= 4619915) AND (id <= 4620914))

for: count_ranges
table 1 : explain SELECT count(c) FROM sbtest1 WHERE id BETWEEN 6868975 AND 6869974
	Aggregate  (cost=3673.08..3673.09 rows=1 width=8)
	  ->  Bitmap Heap Scan on sbtest1  (cost=22.17..3670.71 rows=950 width=121)
	        Recheck Cond: ((id >= 6868975) AND (id <= 6869974))
	        ->  Bitmap Index Scan on sbtest1_pkey  (cost=0.00..21.93 rows=950 width=0)
	              Index Cond: ((id >= 6868975) AND (id <= 6869974))

table 2 : explain SELECT count(c) FROM sbtest2 WHERE id BETWEEN 4530272 AND 4531271
	Aggregate  (cost=3582.61..3582.62 rows=1 width=8)
	  ->  Bitmap Heap Scan on sbtest2  (cost=21.93..3580.30 rows=926 width=121)
	        Recheck Cond: ((id >= 4530272) AND (id <= 4531271))
	        ->  Bitmap Index Scan on sbtest2_pkey  (cost=0.00..21.69 rows=926 width=0)
	              Index Cond: ((id >= 4530272) AND (id <= 4531271))

table 3 : explain SELECT count(c) FROM sbtest3 WHERE id BETWEEN 3672141 AND 3673140
	Aggregate  (cost=3730.10..3730.11 rows=1 width=8)
	  ->  Bitmap Heap Scan on sbtest3  (cost=22.33..3727.69 rows=965 width=121)
	        Recheck Cond: ((id >= 3672141) AND (id <= 3673140))
	        ->  Bitmap Index Scan on sbtest3_pkey  (cost=0.00..22.08 rows=965 width=0)
	              Index Cond: ((id >= 3672141) AND (id <= 3673140))

table 4 : explain SELECT count(c) FROM sbtest4 WHERE id BETWEEN 7572549 AND 7573548
	Aggregate  (cost=3670.00..3670.01 rows=1 width=8)
	  ->  Bitmap Heap Scan on sbtest4  (cost=22.16..3667.63 rows=949 width=121)
	        Recheck Cond: ((id >= 7572549) AND (id <= 7573548))
	        ->  Bitmap Index Scan on sbtest4_pkey  (cost=0.00..21.93 rows=949 width=0)
	              Index Cond: ((id >= 7572549) AND (id <= 7573548))

table 5 : explain SELECT count(c) FROM sbtest5 WHERE id BETWEEN 6913365 AND 6914364
	Aggregate  (cost=3798.34..3798.35 rows=1 width=8)
	  ->  Bitmap Heap Scan on sbtest5  (cost=22.51..3795.89 rows=983 width=121)
	        Recheck Cond: ((id >= 6913365) AND (id <= 6914364))
	        ->  Bitmap Index Scan on sbtest5_pkey  (cost=0.00..22.26 rows=983 width=0)
	              Index Cond: ((id >= 6913365) AND (id <= 6914364))

table 6 : explain SELECT count(c) FROM sbtest6 WHERE id BETWEEN 7654680 AND 7655679
	Aggregate  (cost=3938.75..3938.76 rows=1 width=8)
	  ->  Bitmap Heap Scan on sbtest6  (cost=22.89..3936.20 rows=1020 width=121)
	        Recheck Cond: ((id >= 7654680) AND (id <= 7655679))
	        ->  Bitmap Index Scan on sbtest6_pkey  (cost=0.00..22.64 rows=1020 width=0)
	              Index Cond: ((id >= 7654680) AND (id <= 7655679))

table 7 : explain SELECT count(c) FROM sbtest7 WHERE id BETWEEN 7181169 AND 7182168
	Aggregate  (cost=4186.56..4186.57 rows=1 width=8)
	  ->  Bitmap Heap Scan on sbtest7  (cost=23.57..4183.84 rows=1086 width=121)
	        Recheck Cond: ((id >= 7181169) AND (id <= 7182168))
	        ->  Bitmap Index Scan on sbtest7_pkey  (cost=0.00..23.29 rows=1086 width=0)
	              Index Cond: ((id >= 7181169) AND (id <= 7182168))

table 8 : explain SELECT count(c) FROM sbtest8 WHERE id BETWEEN 466048 AND 467047
	Aggregate  (cost=3920.68..3920.69 rows=1 width=8)
	  ->  Bitmap Heap Scan on sbtest8  (cost=22.84..3918.14 rows=1015 width=121)
	        Recheck Cond: ((id >= 466048) AND (id <= 467047))
	        ->  Bitmap Index Scan on sbtest8_pkey  (cost=0.00..22.58 rows=1015 width=0)
	              Index Cond: ((id >= 466048) AND (id <= 467047))

for: count_ranges
table 1 : explain SELECT count(c) FROM sbtest1 WHERE id BETWEEN 3888109 AND 3889108
	Aggregate  (cost=4106.00..4106.01 rows=1 width=8)
	  ->  Bitmap Heap Scan on sbtest1  (cost=23.35..4103.34 rows=1065 width=121)
	        Recheck Cond: ((id >= 3888109) AND (id <= 3889108))
	        ->  Bitmap Index Scan on sbtest1_pkey  (cost=0.00..23.08 rows=1065 width=0)
	              Index Cond: ((id >= 3888109) AND (id <= 3889108))

table 2 : explain SELECT count(c) FROM sbtest2 WHERE id BETWEEN 6212455 AND 6213454
	Aggregate  (cost=3778.76..3778.77 rows=1 width=8)
	  ->  Bitmap Heap Scan on sbtest2  (cost=22.46..3776.31 rows=978 width=121)
	        Recheck Cond: ((id >= 6212455) AND (id <= 6213454))
	        ->  Bitmap Index Scan on sbtest2_pkey  (cost=0.00..22.21 rows=978 width=0)
	              Index Cond: ((id >= 6212455) AND (id <= 6213454))

table 3 : explain SELECT count(c) FROM sbtest3 WHERE id BETWEEN 1302578 AND 1303577
	Aggregate  (cost=3824.33..3824.34 rows=1 width=8)
	  ->  Bitmap Heap Scan on sbtest3  (cost=22.58..3821.85 rows=990 width=121)
	        Recheck Cond: ((id >= 1302578) AND (id <= 1303577))
	        ->  Bitmap Index Scan on sbtest3_pkey  (cost=0.00..22.33 rows=990 width=0)
	              Index Cond: ((id >= 1302578) AND (id <= 1303577))

table 4 : explain SELECT count(c) FROM sbtest4 WHERE id BETWEEN 7094199 AND 7095198
	Aggregate  (cost=3677.54..3677.55 rows=1 width=8)
	  ->  Bitmap Heap Scan on sbtest4  (cost=22.18..3675.17 rows=951 width=121)
	        Recheck Cond: ((id >= 7094199) AND (id <= 7095198))
	        ->  Bitmap Index Scan on sbtest4_pkey  (cost=0.00..21.94 rows=951 width=0)
	              Index Cond: ((id >= 7094199) AND (id <= 7095198))

table 5 : explain SELECT count(c) FROM sbtest5 WHERE id BETWEEN 9261657 AND 9262656
	Aggregate  (cost=3964.06..3964.07 rows=1 width=8)
	  ->  Bitmap Heap Scan on sbtest5  (cost=22.96..3961.49 rows=1027 width=121)
	        Recheck Cond: ((id >= 9261657) AND (id <= 9262656))
	        ->  Bitmap Index Scan on sbtest5_pkey  (cost=0.00..22.70 rows=1027 width=0)
	              Index Cond: ((id >= 9261657) AND (id <= 9262656))

table 6 : explain SELECT count(c) FROM sbtest6 WHERE id BETWEEN 7351768 AND 7352767
	Aggregate  (cost=4104.32..4104.33 rows=1 width=8)
	  ->  Bitmap Heap Scan on sbtest6  (cost=23.34..4101.66 rows=1064 width=121)
	        Recheck Cond: ((id >= 7351768) AND (id <= 7352767))
	        ->  Bitmap Index Scan on sbtest6_pkey  (cost=0.00..23.07 rows=1064 width=0)
	              Index Cond: ((id >= 7351768) AND (id <= 7352767))

table 7 : explain SELECT count(c) FROM sbtest7 WHERE id BETWEEN 496844 AND 497843
	Aggregate  (cost=3908.21..3908.22 rows=1 width=8)
	  ->  Bitmap Heap Scan on sbtest7  (cost=22.81..3905.68 rows=1012 width=121)
	        Recheck Cond: ((id >= 496844) AND (id <= 497843))
	        ->  Bitmap Index Scan on sbtest7_pkey  (cost=0.00..22.55 rows=1012 width=0)
	              Index Cond: ((id >= 496844) AND (id <= 497843))

table 8 : explain SELECT count(c) FROM sbtest8 WHERE id BETWEEN 7821290 AND 7822289
	Aggregate  (cost=3664.19..3664.20 rows=1 width=8)
	  ->  Bitmap Heap Scan on sbtest8  (cost=22.14..3661.82 rows=947 width=121)
	        Recheck Cond: ((id >= 7821290) AND (id <= 7822289))
	        ->  Bitmap Index Scan on sbtest8_pkey  (cost=0.00..21.90 rows=947 width=0)
	              Index Cond: ((id >= 7821290) AND (id <= 7822289))

for: count_ranges
table 1 : explain SELECT count(c) FROM sbtest1 WHERE id BETWEEN 9053370 AND 9054369
	Aggregate  (cost=3729.65..3729.66 rows=1 width=8)
	  ->  Bitmap Heap Scan on sbtest1  (cost=22.33..3727.24 rows=965 width=121)
	        Recheck Cond: ((id >= 9053370) AND (id <= 9054369))
	        ->  Bitmap Index Scan on sbtest1_pkey  (cost=0.00..22.08 rows=965 width=0)
	              Index Cond: ((id >= 9053370) AND (id <= 9054369))

table 2 : explain SELECT count(c) FROM sbtest2 WHERE id BETWEEN 7947007 AND 7948006
	Aggregate  (cost=3910.58..3910.59 rows=1 width=8)
	  ->  Bitmap Heap Scan on sbtest2  (cost=22.82..3908.04 rows=1013 width=121)
	        Recheck Cond: ((id >= 7947007) AND (id <= 7948006))
	        ->  Bitmap Index Scan on sbtest2_pkey  (cost=0.00..22.57 rows=1013 width=0)
	              Index Cond: ((id >= 7947007) AND (id <= 7948006))

table 3 : explain SELECT count(c) FROM sbtest3 WHERE id BETWEEN 6136706 AND 6137705
	Aggregate  (cost=3910.95..3910.96 rows=1 width=8)
	  ->  Bitmap Heap Scan on sbtest3  (cost=22.82..3908.41 rows=1013 width=121)
	        Recheck Cond: ((id >= 6136706) AND (id <= 6137705))
	        ->  Bitmap Index Scan on sbtest3_pkey  (cost=0.00..22.57 rows=1013 width=0)
	              Index Cond: ((id >= 6136706) AND (id <= 6137705))

table 4 : explain SELECT count(c) FROM sbtest4 WHERE id BETWEEN 670868 AND 671867
	Aggregate  (cost=3903.69..3903.70 rows=1 width=8)
	  ->  Bitmap Heap Scan on sbtest4  (cost=22.80..3901.16 rows=1011 width=121)
	        Recheck Cond: ((id >= 670868) AND (id <= 671867))
	        ->  Bitmap Index Scan on sbtest4_pkey  (cost=0.00..22.54 rows=1011 width=0)
	              Index Cond: ((id >= 670868) AND (id <= 671867))

table 5 : explain SELECT count(c) FROM sbtest5 WHERE id BETWEEN 3472465 AND 3473464
	Aggregate  (cost=3858.63..3858.64 rows=1 width=8)
	  ->  Bitmap Heap Scan on sbtest5  (cost=22.67..3856.13 rows=999 width=121)
	        Recheck Cond: ((id >= 3472465) AND (id <= 3473464))
	        ->  Bitmap Index Scan on sbtest5_pkey  (cost=0.00..22.43 rows=999 width=0)
	              Index Cond: ((id >= 3472465) AND (id <= 3473464))

table 6 : explain SELECT count(c) FROM sbtest6 WHERE id BETWEEN 8241343 AND 8242342
	Aggregate  (cost=3844.57..3844.58 rows=1 width=8)
	  ->  Bitmap Heap Scan on sbtest6  (cost=22.63..3842.08 rows=995 width=121)
	        Recheck Cond: ((id >= 8241343) AND (id <= 8242342))
	        ->  Bitmap Index Scan on sbtest6_pkey  (cost=0.00..22.39 rows=995 width=0)
	              Index Cond: ((id >= 8241343) AND (id <= 8242342))

table 7 : explain SELECT count(c) FROM sbtest7 WHERE id BETWEEN 3921508 AND 3922507
	Aggregate  (cost=3832.86..3832.87 rows=1 width=8)
	  ->  Bitmap Heap Scan on sbtest7  (cost=22.60..3830.38 rows=992 width=121)
	        Recheck Cond: ((id >= 3921508) AND (id <= 3922507))
	        ->  Bitmap Index Scan on sbtest7_pkey  (cost=0.00..22.36 rows=992 width=0)
	              Index Cond: ((id >= 3921508) AND (id <= 3922507))

table 8 : explain SELECT count(c) FROM sbtest8 WHERE id BETWEEN 2865322 AND 2866321
	Aggregate  (cost=4127.94..4127.95 rows=1 width=8)
	  ->  Bitmap Heap Scan on sbtest8  (cost=27.39..4125.26 rows=1069 width=121)
	        Recheck Cond: ((id >= 2865322) AND (id <= 2866321))
	        ->  Bitmap Index Scan on sbtest8_pkey  (cost=0.00..27.12 rows=1069 width=0)
	              Index Cond: ((id >= 2865322) AND (id <= 2866321))

for: count_ranges
table 1 : explain SELECT count(c) FROM sbtest1 WHERE id BETWEEN 5345689 AND 5346688
	Aggregate  (cost=3631.58..3631.59 rows=1 width=8)
	  ->  Bitmap Heap Scan on sbtest1  (cost=22.06..3629.23 rows=939 width=121)
	        Recheck Cond: ((id >= 5345689) AND (id <= 5346688))
	        ->  Bitmap Index Scan on sbtest1_pkey  (cost=0.00..21.82 rows=939 width=0)
	              Index Cond: ((id >= 5345689) AND (id <= 5346688))

table 2 : explain SELECT count(c) FROM sbtest2 WHERE id BETWEEN 3262146 AND 3263145
	Aggregate  (cost=3695.82..3695.83 rows=1 width=8)
	  ->  Bitmap Heap Scan on sbtest2  (cost=22.23..3693.43 rows=956 width=121)
	        Recheck Cond: ((id >= 3262146) AND (id <= 3263145))
	        ->  Bitmap Index Scan on sbtest2_pkey  (cost=0.00..22.00 rows=956 width=0)
	              Index Cond: ((id >= 3262146) AND (id <= 3263145))

table 3 : explain SELECT count(c) FROM sbtest3 WHERE id BETWEEN 5180287 AND 5181286
	Aggregate  (cost=3658.43..3658.44 rows=1 width=8)
	  ->  Bitmap Heap Scan on sbtest3  (cost=22.13..3656.06 rows=946 width=121)
	        Recheck Cond: ((id >= 5180287) AND (id <= 5181286))
	        ->  Bitmap Index Scan on sbtest3_pkey  (cost=0.00..21.89 rows=946 width=0)
	              Index Cond: ((id >= 5180287) AND (id <= 5181286))

table 4 : explain SELECT count(c) FROM sbtest4 WHERE id BETWEEN 4079544 AND 4080543
	Aggregate  (cost=4091.79..4091.80 rows=1 width=8)
	  ->  Bitmap Heap Scan on sbtest4  (cost=23.31..4089.14 rows=1061 width=121)
	        Recheck Cond: ((id >= 4079544) AND (id <= 4080543))
	        ->  Bitmap Index Scan on sbtest4_pkey  (cost=0.00..23.04 rows=1061 width=0)
	              Index Cond: ((id >= 4079544) AND (id <= 4080543))

table 5 : explain SELECT count(c) FROM sbtest5 WHERE id BETWEEN 7477145 AND 7478144
	Aggregate  (cost=3967.82..3967.83 rows=1 width=8)
	  ->  Bitmap Heap Scan on sbtest5  (cost=22.97..3965.25 rows=1028 width=121)
	        Recheck Cond: ((id >= 7477145) AND (id <= 7478144))
	        ->  Bitmap Index Scan on sbtest5_pkey  (cost=0.00..22.71 rows=1028 width=0)
	              Index Cond: ((id >= 7477145) AND (id <= 7478144))

table 6 : explain SELECT count(c) FROM sbtest6 WHERE id BETWEEN 3565930 AND 3566929
	Aggregate  (cost=4059.19..4059.20 rows=1 width=8)
	  ->  Bitmap Heap Scan on sbtest6  (cost=23.22..4056.56 rows=1052 width=121)
	        Recheck Cond: ((id >= 3565930) AND (id <= 3566929))
	        ->  Bitmap Index Scan on sbtest6_pkey  (cost=0.00..22.95 rows=1052 width=0)
	              Index Cond: ((id >= 3565930) AND (id <= 3566929))

table 7 : explain SELECT count(c) FROM sbtest7 WHERE id BETWEEN 294364 AND 295363
	Aggregate  (cost=4021.14..4021.15 rows=1 width=8)
	  ->  Bitmap Heap Scan on sbtest7  (cost=23.12..4018.53 rows=1042 width=121)
	        Recheck Cond: ((id >= 294364) AND (id <= 295363))
	        ->  Bitmap Index Scan on sbtest7_pkey  (cost=0.00..22.86 rows=1042 width=0)
	              Index Cond: ((id >= 294364) AND (id <= 295363))

table 8 : explain SELECT count(c) FROM sbtest8 WHERE id BETWEEN 4506972 AND 4507971
	Aggregate  (cost=3898.07..3898.08 rows=1 width=8)
	  ->  Bitmap Heap Scan on sbtest8  (cost=22.78..3895.55 rows=1009 width=121)
	        Recheck Cond: ((id >= 4506972) AND (id <= 4507971))
	        ->  Bitmap Index Scan on sbtest8_pkey  (cost=0.00..22.52 rows=1009 width=0)
	              Index Cond: ((id >= 4506972) AND (id <= 4507971))

for: count_ranges
table 1 : explain SELECT count(c) FROM sbtest1 WHERE id BETWEEN 9531646 AND 9532645
	Aggregate  (cost=4023.32..4023.33 rows=1 width=8)
	  ->  Bitmap Heap Scan on sbtest1  (cost=23.13..4020.71 rows=1043 width=121)
	        Recheck Cond: ((id >= 9531646) AND (id <= 9532645))
	        ->  Bitmap Index Scan on sbtest1_pkey  (cost=0.00..22.86 rows=1043 width=0)
	              Index Cond: ((id >= 9531646) AND (id <= 9532645))

table 2 : explain SELECT count(c) FROM sbtest2 WHERE id BETWEEN 8225546 AND 8226545
	Aggregate  (cost=3801.37..3801.38 rows=1 width=8)
	  ->  Bitmap Heap Scan on sbtest2  (cost=22.52..3798.91 rows=984 width=121)
	        Recheck Cond: ((id >= 8225546) AND (id <= 8226545))
	        ->  Bitmap Index Scan on sbtest2_pkey  (cost=0.00..22.27 rows=984 width=0)
	              Index Cond: ((id >= 8225546) AND (id <= 8226545))

table 3 : explain SELECT count(c) FROM sbtest3 WHERE id BETWEEN 2141175 AND 2142174
	Aggregate  (cost=3850.70..3850.71 rows=1 width=8)
	  ->  Bitmap Heap Scan on sbtest3  (cost=22.65..3848.21 rows=997 width=121)
	        Recheck Cond: ((id >= 2141175) AND (id <= 2142174))
	        ->  Bitmap Index Scan on sbtest3_pkey  (cost=0.00..22.40 rows=997 width=0)
	              Index Cond: ((id >= 2141175) AND (id <= 2142174))

table 4 : explain SELECT count(c) FROM sbtest4 WHERE id BETWEEN 2080425 AND 2081424
	Aggregate  (cost=4148.16..4148.17 rows=1 width=8)
	  ->  Bitmap Heap Scan on sbtest4  (cost=23.46..4145.47 rows=1076 width=121)
	        Recheck Cond: ((id >= 2080425) AND (id <= 2081424))
	        ->  Bitmap Index Scan on sbtest4_pkey  (cost=0.00..23.19 rows=1076 width=0)
	              Index Cond: ((id >= 2080425) AND (id <= 2081424))

table 5 : explain SELECT count(c) FROM sbtest5 WHERE id BETWEEN 8524191 AND 8525190
	Aggregate  (cost=3888.76..3888.77 rows=1 width=8)
	  ->  Bitmap Heap Scan on sbtest5  (cost=22.76..3886.25 rows=1007 width=121)
	        Recheck Cond: ((id >= 8524191) AND (id <= 8525190))
	        ->  Bitmap Index Scan on sbtest5_pkey  (cost=0.00..22.50 rows=1007 width=0)
	              Index Cond: ((id >= 8524191) AND (id <= 8525190))

table 6 : explain SELECT count(c) FROM sbtest6 WHERE id BETWEEN 9186355 AND 9187354
	Aggregate  (cost=3968.88..3968.89 rows=1 width=8)
	  ->  Bitmap Heap Scan on sbtest6  (cost=22.97..3966.31 rows=1028 width=121)
	        Recheck Cond: ((id >= 9186355) AND (id <= 9187354))
	        ->  Bitmap Index Scan on sbtest6_pkey  (cost=0.00..22.71 rows=1028 width=0)
	              Index Cond: ((id >= 9186355) AND (id <= 9187354))

table 7 : explain SELECT count(c) FROM sbtest7 WHERE id BETWEEN 9239857 AND 9240856
	Aggregate  (cost=4115.15..4115.16 rows=1 width=8)
	  ->  Bitmap Heap Scan on sbtest7  (cost=23.37..4112.49 rows=1067 width=121)
	        Recheck Cond: ((id >= 9239857) AND (id <= 9240856))
	        ->  Bitmap Index Scan on sbtest7_pkey  (cost=0.00..23.11 rows=1067 width=0)
	              Index Cond: ((id >= 9239857) AND (id <= 9240856))

table 8 : explain SELECT count(c) FROM sbtest8 WHERE id BETWEEN 5191514 AND 5192513
	Aggregate  (cost=3743.46..3743.47 rows=1 width=8)
	  ->  Bitmap Heap Scan on sbtest8  (cost=22.36..3741.04 rows=968 width=121)
	        Recheck Cond: ((id >= 5191514) AND (id <= 5192513))
	        ->  Bitmap Index Scan on sbtest8_pkey  (cost=0.00..22.11 rows=968 width=0)
	              Index Cond: ((id >= 5191514) AND (id <= 5192513))

for: count_ranges
table 1 : explain SELECT count(c) FROM sbtest1 WHERE id BETWEEN 7589194 AND 7590193
	Aggregate  (cost=3853.99..3854.00 rows=1 width=8)
	  ->  Bitmap Heap Scan on sbtest1  (cost=22.66..3851.49 rows=998 width=121)
	        Recheck Cond: ((id >= 7589194) AND (id <= 7590193))
	        ->  Bitmap Index Scan on sbtest1_pkey  (cost=0.00..22.41 rows=998 width=0)
	              Index Cond: ((id >= 7589194) AND (id <= 7590193))

table 2 : explain SELECT count(c) FROM sbtest2 WHERE id BETWEEN 2814382 AND 2815381
	Aggregate  (cost=3669.41..3669.42 rows=1 width=8)
	  ->  Bitmap Heap Scan on sbtest2  (cost=22.16..3667.04 rows=949 width=121)
	        Recheck Cond: ((id >= 2814382) AND (id <= 2815381))
	        ->  Bitmap Index Scan on sbtest2_pkey  (cost=0.00..21.93 rows=949 width=0)
	              Index Cond: ((id >= 2814382) AND (id <= 2815381))

table 3 : explain SELECT count(c) FROM sbtest3 WHERE id BETWEEN 5333472 AND 5334471
	Aggregate  (cost=3809.26..3809.27 rows=1 width=8)
	  ->  Bitmap Heap Scan on sbtest3  (cost=22.54..3806.79 rows=986 width=121)
	        Recheck Cond: ((id >= 5333472) AND (id <= 5334471))
	        ->  Bitmap Index Scan on sbtest3_pkey  (cost=0.00..22.29 rows=986 width=0)
	              Index Cond: ((id >= 5333472) AND (id <= 5334471))

table 4 : explain SELECT count(c) FROM sbtest4 WHERE id BETWEEN 6255580 AND 6256579
	Aggregate  (cost=3579.40..3579.41 rows=1 width=8)
	  ->  Bitmap Heap Scan on sbtest4  (cost=21.92..3577.09 rows=925 width=121)
	        Recheck Cond: ((id >= 6255580) AND (id <= 6256579))
	        ->  Bitmap Index Scan on sbtest4_pkey  (cost=0.00..21.68 rows=925 width=0)
	              Index Cond: ((id >= 6255580) AND (id <= 6256579))

table 5 : explain SELECT count(c) FROM sbtest5 WHERE id BETWEEN 3491673 AND 3492672
	Aggregate  (cost=3858.63..3858.64 rows=1 width=8)
	  ->  Bitmap Heap Scan on sbtest5  (cost=22.67..3856.13 rows=999 width=121)
	        Recheck Cond: ((id >= 3491673) AND (id <= 3492672))
	        ->  Bitmap Index Scan on sbtest5_pkey  (cost=0.00..22.43 rows=999 width=0)
	              Index Cond: ((id >= 3491673) AND (id <= 3492672))

table 6 : explain SELECT count(c) FROM sbtest6 WHERE id BETWEEN 1131438 AND 1132437
	Aggregate  (cost=3644.63..3644.64 rows=1 width=8)
	  ->  Bitmap Heap Scan on sbtest6  (cost=22.09..3642.27 rows=942 width=121)
	        Recheck Cond: ((id >= 1131438) AND (id <= 1132437))
	        ->  Bitmap Index Scan on sbtest6_pkey  (cost=0.00..21.86 rows=942 width=0)
	              Index Cond: ((id >= 1131438) AND (id <= 1132437))

table 7 : explain SELECT count(c) FROM sbtest7 WHERE id BETWEEN 4405312 AND 4406311
	Aggregate  (cost=3481.79..3481.80 rows=1 width=8)
	  ->  Bitmap Heap Scan on sbtest7  (cost=21.65..3479.54 rows=899 width=121)
	        Recheck Cond: ((id >= 4405312) AND (id <= 4406311))
	        ->  Bitmap Index Scan on sbtest7_pkey  (cost=0.00..21.43 rows=899 width=0)
	              Index Cond: ((id >= 4405312) AND (id <= 4406311))

table 8 : explain SELECT count(c) FROM sbtest8 WHERE id BETWEEN 4591363 AND 4592362
	Aggregate  (cost=4078.80..4078.81 rows=1 width=8)
	  ->  Bitmap Heap Scan on sbtest8  (cost=23.27..4076.16 rows=1057 width=121)
	        Recheck Cond: ((id >= 4591363) AND (id <= 4592362))
	        ->  Bitmap Index Scan on sbtest8_pkey  (cost=0.00..23.00 rows=1057 width=0)
	              Index Cond: ((id >= 4591363) AND (id <= 4592362))

for: count_ranges
table 1 : explain SELECT count(c) FROM sbtest1 WHERE id BETWEEN 209906 AND 210905
	Aggregate  (cost=3782.42..3782.43 rows=1 width=8)
	  ->  Bitmap Heap Scan on sbtest1  (cost=22.47..3779.97 rows=979 width=121)
	        Recheck Cond: ((id >= 209906) AND (id <= 210905))
	        ->  Bitmap Index Scan on sbtest1_pkey  (cost=0.00..22.22 rows=979 width=0)
	              Index Cond: ((id >= 209906) AND (id <= 210905))

table 2 : explain SELECT count(c) FROM sbtest2 WHERE id BETWEEN 4282075 AND 4283074
	Aggregate  (cost=4064.79..4064.80 rows=1 width=8)
	  ->  Bitmap Heap Scan on sbtest2  (cost=23.24..4062.16 rows=1054 width=121)
	        Recheck Cond: ((id >= 4282075) AND (id <= 4283074))
	        ->  Bitmap Index Scan on sbtest2_pkey  (cost=0.00..22.97 rows=1054 width=0)
	              Index Cond: ((id >= 4282075) AND (id <= 4283074))

table 3 : explain SELECT count(c) FROM sbtest3 WHERE id BETWEEN 4406479 AND 4407478
	Aggregate  (cost=3982.45..3982.46 rows=1 width=8)
	  ->  Bitmap Heap Scan on sbtest3  (cost=23.01..3979.87 rows=1032 width=121)
	        Recheck Cond: ((id >= 4406479) AND (id <= 4407478))
	        ->  Bitmap Index Scan on sbtest3_pkey  (cost=0.00..22.75 rows=1032 width=0)
	              Index Cond: ((id >= 4406479) AND (id <= 4407478))

table 4 : explain SELECT count(c) FROM sbtest4 WHERE id BETWEEN 2306868 AND 2307867
	Aggregate  (cost=4016.59..4016.60 rows=1 width=8)
	  ->  Bitmap Heap Scan on sbtest4  (cost=23.11..4013.99 rows=1041 width=121)
	        Recheck Cond: ((id >= 2306868) AND (id <= 2307867))
	        ->  Bitmap Index Scan on sbtest4_pkey  (cost=0.00..22.84 rows=1041 width=0)
	              Index Cond: ((id >= 2306868) AND (id <= 2307867))

table 5 : explain SELECT count(c) FROM sbtest5 WHERE id BETWEEN 3724459 AND 3725458
	Aggregate  (cost=4028.01..4028.02 rows=1 width=8)
	  ->  Bitmap Heap Scan on sbtest5  (cost=23.14..4025.40 rows=1044 width=121)
	        Recheck Cond: ((id >= 3724459) AND (id <= 3725458))
	        ->  Bitmap Index Scan on sbtest5_pkey  (cost=0.00..22.87 rows=1044 width=0)
	              Index Cond: ((id >= 3724459) AND (id <= 3725458))

table 6 : explain SELECT count(c) FROM sbtest6 WHERE id BETWEEN 1917480 AND 1918479
	Aggregate  (cost=3848.34..3848.35 rows=1 width=8)
	  ->  Bitmap Heap Scan on sbtest6  (cost=22.64..3845.85 rows=996 width=121)
	        Recheck Cond: ((id >= 1917480) AND (id <= 1918479))
	        ->  Bitmap Index Scan on sbtest6_pkey  (cost=0.00..22.39 rows=996 width=0)
	              Index Cond: ((id >= 1917480) AND (id <= 1918479))

table 7 : explain SELECT count(c) FROM sbtest7 WHERE id BETWEEN 3727394 AND 3728393
	Aggregate  (cost=3923.27..3923.28 rows=1 width=8)
	  ->  Bitmap Heap Scan on sbtest7  (cost=22.85..3920.73 rows=1016 width=121)
	        Recheck Cond: ((id >= 3727394) AND (id <= 3728393))
	        ->  Bitmap Index Scan on sbtest7_pkey  (cost=0.00..22.59 rows=1016 width=0)
	              Index Cond: ((id >= 3727394) AND (id <= 3728393))

table 8 : explain SELECT count(c) FROM sbtest8 WHERE id BETWEEN 7576472 AND 7577471
	Aggregate  (cost=3788.73..3788.74 rows=1 width=8)
	  ->  Bitmap Heap Scan on sbtest8  (cost=22.48..3786.28 rows=980 width=121)
	        Recheck Cond: ((id >= 7576472) AND (id <= 7577471))
	        ->  Bitmap Index Scan on sbtest8_pkey  (cost=0.00..22.23 rows=980 width=0)
	              Index Cond: ((id >= 7576472) AND (id <= 7577471))

for: count_ranges
table 1 : explain SELECT count(c) FROM sbtest1 WHERE id BETWEEN 9844343 AND 9845342
	Aggregate  (cost=4147.32..4147.33 rows=1 width=8)
	  ->  Bitmap Heap Scan on sbtest1  (cost=23.46..4144.63 rows=1076 width=121)
	        Recheck Cond: ((id >= 9844343) AND (id <= 9845342))
	        ->  Bitmap Index Scan on sbtest1_pkey  (cost=0.00..23.19 rows=1076 width=0)
	              Index Cond: ((id >= 9844343) AND (id <= 9845342))

table 2 : explain SELECT count(c) FROM sbtest2 WHERE id BETWEEN 7382920 AND 7383919
	Aggregate  (cost=4053.51..4053.52 rows=1 width=8)
	  ->  Bitmap Heap Scan on sbtest2  (cost=23.21..4050.89 rows=1051 width=121)
	        Recheck Cond: ((id >= 7382920) AND (id <= 7383919))
	        ->  Bitmap Index Scan on sbtest2_pkey  (cost=0.00..22.94 rows=1051 width=0)
	              Index Cond: ((id >= 7382920) AND (id <= 7383919))

table 3 : explain SELECT count(c) FROM sbtest3 WHERE id BETWEEN 6500041 AND 6501040
	Aggregate  (cost=3450.69..3450.70 rows=1 width=8)
	  ->  Bitmap Heap Scan on sbtest3  (cost=21.57..3448.46 rows=891 width=121)
	        Recheck Cond: ((id >= 6500041) AND (id <= 6501040))
	        ->  Bitmap Index Scan on sbtest3_pkey  (cost=0.00..21.34 rows=891 width=0)
	              Index Cond: ((id >= 6500041) AND (id <= 6501040))

table 4 : explain SELECT count(c) FROM sbtest4 WHERE id BETWEEN 5201121 AND 5202120
	Aggregate  (cost=3651.13..3651.14 rows=1 width=8)
	  ->  Bitmap Heap Scan on sbtest4  (cost=22.11..3648.77 rows=944 width=121)
	        Recheck Cond: ((id >= 5201121) AND (id <= 5202120))
	        ->  Bitmap Index Scan on sbtest4_pkey  (cost=0.00..21.87 rows=944 width=0)
	              Index Cond: ((id >= 5201121) AND (id <= 5202120))

table 5 : explain SELECT count(c) FROM sbtest5 WHERE id BETWEEN 4893574 AND 4894573
	Aggregate  (cost=3734.25..3734.26 rows=1 width=8)
	  ->  Bitmap Heap Scan on sbtest5  (cost=22.34..3731.84 rows=966 width=121)
	        Recheck Cond: ((id >= 4893574) AND (id <= 4894573))
	        ->  Bitmap Index Scan on sbtest5_pkey  (cost=0.00..22.09 rows=966 width=0)
	              Index Cond: ((id >= 4893574) AND (id <= 4894573))

table 6 : explain SELECT count(c) FROM sbtest6 WHERE id BETWEEN 7221540 AND 7222539
	Aggregate  (cost=3950.05..3950.06 rows=1 width=8)
	  ->  Bitmap Heap Scan on sbtest6  (cost=22.92..3947.49 rows=1023 width=121)
	        Recheck Cond: ((id >= 7221540) AND (id <= 7222539))
	        ->  Bitmap Index Scan on sbtest6_pkey  (cost=0.00..22.66 rows=1023 width=0)
	              Index Cond: ((id >= 7221540) AND (id <= 7222539))

table 7 : explain SELECT count(c) FROM sbtest7 WHERE id BETWEEN 6468566 AND 6469565
	Aggregate  (cost=3972.22..3972.23 rows=1 width=8)
	  ->  Bitmap Heap Scan on sbtest7  (cost=22.98..3969.64 rows=1029 width=121)
	        Recheck Cond: ((id >= 6468566) AND (id <= 6469565))
	        ->  Bitmap Index Scan on sbtest7_pkey  (cost=0.00..22.72 rows=1029 width=0)
	              Index Cond: ((id >= 6468566) AND (id <= 6469565))

table 8 : explain SELECT count(c) FROM sbtest8 WHERE id BETWEEN 7408886 AND 7409885
	Aggregate  (cost=4116.65..4116.66 rows=1 width=8)
	  ->  Bitmap Heap Scan on sbtest8  (cost=27.36..4113.99 rows=1066 width=121)
	        Recheck Cond: ((id >= 7408886) AND (id <= 7409885))
	        ->  Bitmap Index Scan on sbtest8_pkey  (cost=0.00..27.09 rows=1066 width=0)
	              Index Cond: ((id >= 7408886) AND (id <= 7409885))

for: count_ranges
table 1 : explain SELECT count(c) FROM sbtest1 WHERE id BETWEEN 2432565 AND 2433564
	Aggregate  (cost=4053.39..4053.40 rows=1 width=8)
	  ->  Bitmap Heap Scan on sbtest1  (cost=23.21..4050.76 rows=1051 width=121)
	        Recheck Cond: ((id >= 2432565) AND (id <= 2433564))
	        ->  Bitmap Index Scan on sbtest1_pkey  (cost=0.00..22.94 rows=1051 width=0)
	              Index Cond: ((id >= 2432565) AND (id <= 2433564))

table 2 : explain SELECT count(c) FROM sbtest2 WHERE id BETWEEN 786249 AND 787248
	Aggregate  (cost=3759.91..3759.92 rows=1 width=8)
	  ->  Bitmap Heap Scan on sbtest2  (cost=22.41..3757.48 rows=973 width=121)
	        Recheck Cond: ((id >= 786249) AND (id <= 787248))
	        ->  Bitmap Index Scan on sbtest2_pkey  (cost=0.00..22.16 rows=973 width=0)
	              Index Cond: ((id >= 786249) AND (id <= 787248))

table 3 : explain SELECT count(c) FROM sbtest3 WHERE id BETWEEN 877221 AND 878220
	Aggregate  (cost=4106.53..4106.54 rows=1 width=8)
	  ->  Bitmap Heap Scan on sbtest3  (cost=23.35..4103.86 rows=1065 width=121)
	        Recheck Cond: ((id >= 877221) AND (id <= 878220))
	        ->  Bitmap Index Scan on sbtest3_pkey  (cost=0.00..23.08 rows=1065 width=0)
	              Index Cond: ((id >= 877221) AND (id <= 878220))

table 4 : explain SELECT count(c) FROM sbtest4 WHERE id BETWEEN 6314975 AND 6315974
	Aggregate  (cost=3579.40..3579.41 rows=1 width=8)
	  ->  Bitmap Heap Scan on sbtest4  (cost=21.92..3577.09 rows=925 width=121)
	        Recheck Cond: ((id >= 6314975) AND (id <= 6315974))
	        ->  Bitmap Index Scan on sbtest4_pkey  (cost=0.00..21.68 rows=925 width=0)
	              Index Cond: ((id >= 6314975) AND (id <= 6315974))

table 5 : explain SELECT count(c) FROM sbtest5 WHERE id BETWEEN 1247540 AND 1248539
	Aggregate  (cost=3869.93..3869.94 rows=1 width=8)
	  ->  Bitmap Heap Scan on sbtest5  (cost=22.71..3867.43 rows=1002 width=121)
	        Recheck Cond: ((id >= 1247540) AND (id <= 1248539))
	        ->  Bitmap Index Scan on sbtest5_pkey  (cost=0.00..22.45 rows=1002 width=0)
	              Index Cond: ((id >= 1247540) AND (id <= 1248539))

table 6 : explain SELECT count(c) FROM sbtest6 WHERE id BETWEEN 8620042 AND 8621041
	Aggregate  (cost=3603.08..3603.09 rows=1 width=8)
	  ->  Bitmap Heap Scan on sbtest6  (cost=21.98..3600.76 rows=931 width=121)
	        Recheck Cond: ((id >= 8620042) AND (id <= 8621041))
	        ->  Bitmap Index Scan on sbtest6_pkey  (cost=0.00..21.75 rows=931 width=0)
	              Index Cond: ((id >= 8620042) AND (id <= 8621041))

table 7 : explain SELECT count(c) FROM sbtest7 WHERE id BETWEEN 2814625 AND 2815624
	Aggregate  (cost=3666.91..3666.92 rows=1 width=8)
	  ->  Bitmap Heap Scan on sbtest7  (cost=22.15..3664.54 rows=948 width=121)
	        Recheck Cond: ((id >= 2814625) AND (id <= 2815624))
	        ->  Bitmap Index Scan on sbtest7_pkey  (cost=0.00..21.91 rows=948 width=0)
	              Index Cond: ((id >= 2814625) AND (id <= 2815624))

table 8 : explain SELECT count(c) FROM sbtest8 WHERE id BETWEEN 4245238 AND 4246237
	Aggregate  (cost=3633.97..3633.98 rows=1 width=8)
	  ->  Bitmap Heap Scan on sbtest8  (cost=22.06..3631.62 rows=939 width=121)
	        Recheck Cond: ((id >= 4245238) AND (id <= 4246237))
	        ->  Bitmap Index Scan on sbtest8_pkey  (cost=0.00..21.82 rows=939 width=0)
	              Index Cond: ((id >= 4245238) AND (id <= 4246237))

for: count_ranges
table 1 : explain SELECT count(c) FROM sbtest1 WHERE id BETWEEN 1127160 AND 1128159
	Aggregate  (cost=3756.04..3756.05 rows=1 width=8)
	  ->  Bitmap Heap Scan on sbtest1  (cost=22.40..3753.61 rows=972 width=121)
	        Recheck Cond: ((id >= 1127160) AND (id <= 1128159))
	        ->  Bitmap Index Scan on sbtest1_pkey  (cost=0.00..22.15 rows=972 width=0)
	              Index Cond: ((id >= 1127160) AND (id <= 1128159))

table 2 : explain SELECT count(c) FROM sbtest2 WHERE id BETWEEN 8666596 AND 8667595
	Aggregate  (cost=3899.28..3899.29 rows=1 width=8)
	  ->  Bitmap Heap Scan on sbtest2  (cost=22.79..3896.76 rows=1010 width=121)
	        Recheck Cond: ((id >= 8666596) AND (id <= 8667595))
	        ->  Bitmap Index Scan on sbtest2_pkey  (cost=0.00..22.54 rows=1010 width=0)
	              Index Cond: ((id >= 8666596) AND (id <= 8667595))

table 3 : explain SELECT count(c) FROM sbtest3 WHERE id BETWEEN 4309700 AND 4310699
	Aggregate  (cost=3571.61..3571.62 rows=1 width=8)
	  ->  Bitmap Heap Scan on sbtest3  (cost=21.90..3569.30 rows=923 width=121)
	        Recheck Cond: ((id >= 4309700) AND (id <= 4310699))
	        ->  Bitmap Index Scan on sbtest3_pkey  (cost=0.00..21.66 rows=923 width=0)
	              Index Cond: ((id >= 4309700) AND (id <= 4310699))

table 4 : explain SELECT count(c) FROM sbtest4 WHERE id BETWEEN 6304710 AND 6305709
	Aggregate  (cost=3579.40..3579.41 rows=1 width=8)
	  ->  Bitmap Heap Scan on sbtest4  (cost=21.92..3577.09 rows=925 width=121)
	        Recheck Cond: ((id >= 6304710) AND (id <= 6305709))
	        ->  Bitmap Index Scan on sbtest4_pkey  (cost=0.00..21.68 rows=925 width=0)
	              Index Cond: ((id >= 6304710) AND (id <= 6305709))

table 5 : explain SELECT count(c) FROM sbtest5 WHERE id BETWEEN 1278323 AND 1279322
	Aggregate  (cost=4148.30..4148.31 rows=1 width=8)
	  ->  Bitmap Heap Scan on sbtest5  (cost=23.46..4145.61 rows=1076 width=121)
	        Recheck Cond: ((id >= 1278323) AND (id <= 1279322))
	        ->  Bitmap Index Scan on sbtest5_pkey  (cost=0.00..23.19 rows=1076 width=0)
	              Index Cond: ((id >= 1278323) AND (id <= 1279322))

table 6 : explain SELECT count(c) FROM sbtest6 WHERE id BETWEEN 7925486 AND 7926485
	Aggregate  (cost=3648.40..3648.41 rows=1 width=8)
	  ->  Bitmap Heap Scan on sbtest6  (cost=22.10..3646.05 rows=943 width=121)
	        Recheck Cond: ((id >= 7925486) AND (id <= 7926485))
	        ->  Bitmap Index Scan on sbtest6_pkey  (cost=0.00..21.86 rows=943 width=0)
	              Index Cond: ((id >= 7925486) AND (id <= 7926485))

table 7 : explain SELECT count(c) FROM sbtest7 WHERE id BETWEEN 9043995 AND 9044994
	Aggregate  (cost=3911.98..3911.99 rows=1 width=8)
	  ->  Bitmap Heap Scan on sbtest7  (cost=22.82..3909.44 rows=1013 width=121)
	        Recheck Cond: ((id >= 9043995) AND (id <= 9044994))
	        ->  Bitmap Index Scan on sbtest7_pkey  (cost=0.00..22.57 rows=1013 width=0)
	              Index Cond: ((id >= 9043995) AND (id <= 9044994))

table 8 : explain SELECT count(c) FROM sbtest8 WHERE id BETWEEN 7468508 AND 7469507
	Aggregate  (cost=4116.65..4116.66 rows=1 width=8)
	  ->  Bitmap Heap Scan on sbtest8  (cost=27.36..4113.99 rows=1066 width=121)
	        Recheck Cond: ((id >= 7468508) AND (id <= 7469507))
	        ->  Bitmap Index Scan on sbtest8_pkey  (cost=0.00..27.09 rows=1066 width=0)
	              Index Cond: ((id >= 7468508) AND (id <= 7469507))

for: count_ranges
table 1 : explain SELECT count(c) FROM sbtest1 WHERE id BETWEEN 2430905 AND 2431904
	Aggregate  (cost=4053.39..4053.40 rows=1 width=8)
	  ->  Bitmap Heap Scan on sbtest1  (cost=23.21..4050.76 rows=1051 width=121)
	        Recheck Cond: ((id >= 2430905) AND (id <= 2431904))
	        ->  Bitmap Index Scan on sbtest1_pkey  (cost=0.00..22.94 rows=1051 width=0)
	              Index Cond: ((id >= 2430905) AND (id <= 2431904))

table 2 : explain SELECT count(c) FROM sbtest2 WHERE id BETWEEN 4593164 AND 4594163
	Aggregate  (cost=3582.61..3582.62 rows=1 width=8)
	  ->  Bitmap Heap Scan on sbtest2  (cost=21.93..3580.30 rows=926 width=121)
	        Recheck Cond: ((id >= 4593164) AND (id <= 4594163))
	        ->  Bitmap Index Scan on sbtest2_pkey  (cost=0.00..21.69 rows=926 width=0)
	              Index Cond: ((id >= 4593164) AND (id <= 4594163))

table 3 : explain SELECT count(c) FROM sbtest3 WHERE id BETWEEN 6049236 AND 6050235
	Aggregate  (cost=3903.42..3903.43 rows=1 width=8)
	  ->  Bitmap Heap Scan on sbtest3  (cost=22.80..3900.89 rows=1011 width=121)
	        Recheck Cond: ((id >= 6049236) AND (id <= 6050235))
	        ->  Bitmap Index Scan on sbtest3_pkey  (cost=0.00..22.54 rows=1011 width=0)
	              Index Cond: ((id >= 6049236) AND (id <= 6050235))

table 4 : explain SELECT count(c) FROM sbtest4 WHERE id BETWEEN 6610694 AND 6611693
	Aggregate  (cost=3926.28..3926.29 rows=1 width=8)
	  ->  Bitmap Heap Scan on sbtest4  (cost=22.86..3923.74 rows=1017 width=121)
	        Recheck Cond: ((id >= 6610694) AND (id <= 6611693))
	        ->  Bitmap Index Scan on sbtest4_pkey  (cost=0.00..22.61 rows=1017 width=0)
	              Index Cond: ((id >= 6610694) AND (id <= 6611693))

table 5 : explain SELECT count(c) FROM sbtest5 WHERE id BETWEEN 7000539 AND 7001538
	Aggregate  (cost=3598.40..3598.41 rows=1 width=8)
	  ->  Bitmap Heap Scan on sbtest5  (cost=21.97..3596.07 rows=930 width=121)
	        Recheck Cond: ((id >= 7000539) AND (id <= 7001538))
	        ->  Bitmap Index Scan on sbtest5_pkey  (cost=0.00..21.73 rows=930 width=0)
	              Index Cond: ((id >= 7000539) AND (id <= 7001538))

table 6 : explain SELECT count(c) FROM sbtest6 WHERE id BETWEEN 1570276 AND 1571275
	Aggregate  (cost=3780.48..3780.49 rows=1 width=8)
	  ->  Bitmap Heap Scan on sbtest6  (cost=22.46..3778.03 rows=978 width=121)
	        Recheck Cond: ((id >= 1570276) AND (id <= 1571275))
	        ->  Bitmap Index Scan on sbtest6_pkey  (cost=0.00..22.21 rows=978 width=0)
	              Index Cond: ((id >= 1570276) AND (id <= 1571275))

table 7 : explain SELECT count(c) FROM sbtest7 WHERE id BETWEEN 1724451 AND 1725450
	Aggregate  (cost=3504.48..3504.49 rows=1 width=8)
	  ->  Bitmap Heap Scan on sbtest7  (cost=21.71..3502.21 rows=905 width=121)
	        Recheck Cond: ((id >= 1724451) AND (id <= 1725450))
	        ->  Bitmap Index Scan on sbtest7_pkey  (cost=0.00..21.48 rows=905 width=0)
	              Index Cond: ((id >= 1724451) AND (id <= 1725450))

table 8 : explain SELECT count(c) FROM sbtest8 WHERE id BETWEEN 6188451 AND 6189450
	Aggregate  (cost=4018.59..4018.60 rows=1 width=8)
	  ->  Bitmap Heap Scan on sbtest8  (cost=23.11..4015.98 rows=1041 width=121)
	        Recheck Cond: ((id >= 6188451) AND (id <= 6189450))
	        ->  Bitmap Index Scan on sbtest8_pkey  (cost=0.00..22.84 rows=1041 width=0)
	              Index Cond: ((id >= 6188451) AND (id <= 6189450))

for: count_ranges
table 1 : explain SELECT count(c) FROM sbtest1 WHERE id BETWEEN 5494090 AND 5495089
	Aggregate  (cost=4139.81..4139.82 rows=1 width=8)
	  ->  Bitmap Heap Scan on sbtest1  (cost=23.44..4137.13 rows=1074 width=121)
	        Recheck Cond: ((id >= 5494090) AND (id <= 5495089))
	        ->  Bitmap Index Scan on sbtest1_pkey  (cost=0.00..23.18 rows=1074 width=0)
	              Index Cond: ((id >= 5494090) AND (id <= 5495089))

table 2 : explain SELECT count(c) FROM sbtest2 WHERE id BETWEEN 3380611 AND 3381610
	Aggregate  (cost=3744.84..3744.85 rows=1 width=8)
	  ->  Bitmap Heap Scan on sbtest2  (cost=22.37..3742.41 rows=969 width=121)
	        Recheck Cond: ((id >= 3380611) AND (id <= 3381610))
	        ->  Bitmap Index Scan on sbtest2_pkey  (cost=0.00..22.12 rows=969 width=0)
	              Index Cond: ((id >= 3380611) AND (id <= 3381610))

table 3 : explain SELECT count(c) FROM sbtest3 WHERE id BETWEEN 3326769 AND 3327768
	Aggregate  (cost=3959.87..3959.88 rows=1 width=8)
	  ->  Bitmap Heap Scan on sbtest3  (cost=22.95..3957.31 rows=1026 width=121)
	        Recheck Cond: ((id >= 3326769) AND (id <= 3327768))
	        ->  Bitmap Index Scan on sbtest3_pkey  (cost=0.00..22.69 rows=1026 width=0)
	              Index Cond: ((id >= 3326769) AND (id <= 3327768))

table 4 : explain SELECT count(c) FROM sbtest4 WHERE id BETWEEN 2748064 AND 2749063
	Aggregate  (cost=3817.06..3817.07 rows=1 width=8)
	  ->  Bitmap Heap Scan on sbtest4  (cost=22.56..3814.59 rows=988 width=121)
	        Recheck Cond: ((id >= 2748064) AND (id <= 2749063))
	        ->  Bitmap Index Scan on sbtest4_pkey  (cost=0.00..22.32 rows=988 width=0)
	              Index Cond: ((id >= 2748064) AND (id <= 2749063))

table 5 : explain SELECT count(c) FROM sbtest5 WHERE id BETWEEN 9349139 AND 9350138
	Aggregate  (cost=4054.34..4054.35 rows=1 width=8)
	  ->  Bitmap Heap Scan on sbtest5  (cost=23.21..4051.71 rows=1051 width=121)
	        Recheck Cond: ((id >= 9349139) AND (id <= 9350138))
	        ->  Bitmap Index Scan on sbtest5_pkey  (cost=0.00..22.94 rows=1051 width=0)
	              Index Cond: ((id >= 9349139) AND (id <= 9350138))

table 6 : explain SELECT count(c) FROM sbtest6 WHERE id BETWEEN 1716131 AND 1717130
	Aggregate  (cost=4236.12..4236.13 rows=1 width=8)
	  ->  Bitmap Heap Scan on sbtest6  (cost=27.70..4233.38 rows=1099 width=121)
	        Recheck Cond: ((id >= 1716131) AND (id <= 1717130))
	        ->  Bitmap Index Scan on sbtest6_pkey  (cost=0.00..27.43 rows=1099 width=0)
	              Index Cond: ((id >= 1716131) AND (id <= 1717130))

table 7 : explain SELECT count(c) FROM sbtest7 WHERE id BETWEEN 5935606 AND 5936605
	Aggregate  (cost=4002.32..4002.33 rows=1 width=8)
	  ->  Bitmap Heap Scan on sbtest7  (cost=23.06..3999.73 rows=1037 width=121)
	        Recheck Cond: ((id >= 5935606) AND (id <= 5936605))
	        ->  Bitmap Index Scan on sbtest7_pkey  (cost=0.00..22.80 rows=1037 width=0)
	              Index Cond: ((id >= 5935606) AND (id <= 5936605))

table 8 : explain SELECT count(c) FROM sbtest8 WHERE id BETWEEN 3900767 AND 3901766
	Aggregate  (cost=3890.53..3890.54 rows=1 width=8)
	  ->  Bitmap Heap Scan on sbtest8  (cost=22.76..3888.01 rows=1007 width=121)
	        Recheck Cond: ((id >= 3900767) AND (id <= 3901766))
	        ->  Bitmap Index Scan on sbtest8_pkey  (cost=0.00..22.50 rows=1007 width=0)
	              Index Cond: ((id >= 3900767) AND (id <= 3901766))

for: count_ranges
table 1 : explain SELECT count(c) FROM sbtest1 WHERE id BETWEEN 1085293 AND 1086292
	Aggregate  (cost=3805.02..3805.03 rows=1 width=8)
	  ->  Bitmap Heap Scan on sbtest1  (cost=22.53..3802.56 rows=985 width=121)
	        Recheck Cond: ((id >= 1085293) AND (id <= 1086292))
	        ->  Bitmap Index Scan on sbtest1_pkey  (cost=0.00..22.29 rows=985 width=0)
	              Index Cond: ((id >= 1085293) AND (id <= 1086292))

table 2 : explain SELECT count(c) FROM sbtest2 WHERE id BETWEEN 7390363 AND 7391362
	Aggregate  (cost=3718.44..3718.45 rows=1 width=8)
	  ->  Bitmap Heap Scan on sbtest2  (cost=22.30..3716.04 rows=962 width=121)
	        Recheck Cond: ((id >= 7390363) AND (id <= 7391362))
	        ->  Bitmap Index Scan on sbtest2_pkey  (cost=0.00..22.05 rows=962 width=0)
	              Index Cond: ((id >= 7390363) AND (id <= 7391362))

table 3 : explain SELECT count(c) FROM sbtest3 WHERE id BETWEEN 6314106 AND 6315105
	Aggregate  (cost=3884.59..3884.60 rows=1 width=8)
	  ->  Bitmap Heap Scan on sbtest3  (cost=22.75..3882.08 rows=1006 width=121)
	        Recheck Cond: ((id >= 6314106) AND (id <= 6315105))
	        ->  Bitmap Index Scan on sbtest3_pkey  (cost=0.00..22.50 rows=1006 width=0)
	              Index Cond: ((id >= 6314106) AND (id <= 6315105))

table 4 : explain SELECT count(c) FROM sbtest4 WHERE id BETWEEN 685059 AND 686058
	Aggregate  (cost=3903.69..3903.70 rows=1 width=8)
	  ->  Bitmap Heap Scan on sbtest4  (cost=22.80..3901.16 rows=1011 width=121)
	        Recheck Cond: ((id >= 685059) AND (id <= 686058))
	        ->  Bitmap Index Scan on sbtest4_pkey  (cost=0.00..22.54 rows=1011 width=0)
	              Index Cond: ((id >= 685059) AND (id <= 686058))

table 5 : explain SELECT count(c) FROM sbtest5 WHERE id BETWEEN 7791505 AND 7792504
	Aggregate  (cost=3828.49..3828.50 rows=1 width=8)
	  ->  Bitmap Heap Scan on sbtest5  (cost=22.59..3826.01 rows=991 width=121)
	        Recheck Cond: ((id >= 7791505) AND (id <= 7792504))
	        ->  Bitmap Index Scan on sbtest5_pkey  (cost=0.00..22.34 rows=991 width=0)
	              Index Cond: ((id >= 7791505) AND (id <= 7792504))

table 6 : explain SELECT count(c) FROM sbtest6 WHERE id BETWEEN 1882169 AND 1883168
	Aggregate  (cost=4002.75..4002.76 rows=1 width=8)
	  ->  Bitmap Heap Scan on sbtest6  (cost=23.06..4000.16 rows=1037 width=121)
	        Recheck Cond: ((id >= 1882169) AND (id <= 1883168))
	        ->  Bitmap Index Scan on sbtest6_pkey  (cost=0.00..22.80 rows=1037 width=0)
	              Index Cond: ((id >= 1882169) AND (id <= 1883168))

table 7 : explain SELECT count(c) FROM sbtest7 WHERE id BETWEEN 2950885 AND 2951884
	Aggregate  (cost=4032.42..4032.43 rows=1 width=8)
	  ->  Bitmap Heap Scan on sbtest7  (cost=23.15..4029.81 rows=1045 width=121)
	        Recheck Cond: ((id >= 2950885) AND (id <= 2951884))
	        ->  Bitmap Index Scan on sbtest7_pkey  (cost=0.00..22.89 rows=1045 width=0)
	              Index Cond: ((id >= 2950885) AND (id <= 2951884))

table 8 : explain SELECT count(c) FROM sbtest8 WHERE id BETWEEN 8655364 AND 8656363
	Aggregate  (cost=4150.50..4150.51 rows=1 width=8)
	  ->  Bitmap Heap Scan on sbtest8  (cost=27.45..4147.81 rows=1075 width=121)
	        Recheck Cond: ((id >= 8655364) AND (id <= 8656363))
	        ->  Bitmap Index Scan on sbtest8_pkey  (cost=0.00..27.18 rows=1075 width=0)
	              Index Cond: ((id >= 8655364) AND (id <= 8656363))

for: count_ranges
table 1 : explain SELECT count(c) FROM sbtest1 WHERE id BETWEEN 9963836 AND 9964835
	Aggregate  (cost=4098.49..4098.50 rows=1 width=8)
	  ->  Bitmap Heap Scan on sbtest1  (cost=23.33..4095.83 rows=1063 width=121)
	        Recheck Cond: ((id >= 9963836) AND (id <= 9964835))
	        ->  Bitmap Index Scan on sbtest1_pkey  (cost=0.00..23.07 rows=1063 width=0)
	              Index Cond: ((id >= 9963836) AND (id <= 9964835))

table 2 : explain SELECT count(c) FROM sbtest2 WHERE id BETWEEN 6615306 AND 6616305
	Aggregate  (cost=3699.59..3699.60 rows=1 width=8)
	  ->  Bitmap Heap Scan on sbtest2  (cost=22.24..3697.20 rows=957 width=121)
	        Recheck Cond: ((id >= 6615306) AND (id <= 6616305))
	        ->  Bitmap Index Scan on sbtest2_pkey  (cost=0.00..22.00 rows=957 width=0)
	              Index Cond: ((id >= 6615306) AND (id <= 6616305))

table 3 : explain SELECT count(c) FROM sbtest3 WHERE id BETWEEN 5242334 AND 5243333
	Aggregate  (cost=3865.76..3865.77 rows=1 width=8)
	  ->  Bitmap Heap Scan on sbtest3  (cost=22.70..3863.26 rows=1001 width=121)
	        Recheck Cond: ((id >= 5242334) AND (id <= 5243333))
	        ->  Bitmap Index Scan on sbtest3_pkey  (cost=0.00..22.44 rows=1001 width=0)
	              Index Cond: ((id >= 5242334) AND (id <= 5243333))

table 4 : explain SELECT count(c) FROM sbtest4 WHERE id BETWEEN 3889349 AND 3890348
	Aggregate  (cost=3828.36..3828.37 rows=1 width=8)
	  ->  Bitmap Heap Scan on sbtest4  (cost=22.59..3825.88 rows=991 width=121)
	        Recheck Cond: ((id >= 3889349) AND (id <= 3890348))
	        ->  Bitmap Index Scan on sbtest4_pkey  (cost=0.00..22.34 rows=991 width=0)
	              Index Cond: ((id >= 3889349) AND (id <= 3890348))

table 5 : explain SELECT count(c) FROM sbtest5 WHERE id BETWEEN 3622511 AND 3623510
	Aggregate  (cost=4219.94..4219.95 rows=1 width=8)
	  ->  Bitmap Heap Scan on sbtest5  (cost=27.66..4217.20 rows=1095 width=121)
	        Recheck Cond: ((id >= 3622511) AND (id <= 3623510))
	        ->  Bitmap Index Scan on sbtest5_pkey  (cost=0.00..27.39 rows=1095 width=0)
	              Index Cond: ((id >= 3622511) AND (id <= 3623510))

table 6 : explain SELECT count(c) FROM sbtest6 WHERE id BETWEEN 2223197 AND 2224196
	Aggregate  (cost=4416.27..4416.28 rows=1 width=8)
	  ->  Bitmap Heap Scan on sbtest6  (cost=28.19..4413.40 rows=1147 width=121)
	        Recheck Cond: ((id >= 2223197) AND (id <= 2224196))
	        ->  Bitmap Index Scan on sbtest6_pkey  (cost=0.00..27.90 rows=1147 width=0)
	              Index Cond: ((id >= 2223197) AND (id <= 2224196))

table 7 : explain SELECT count(c) FROM sbtest7 WHERE id BETWEEN 9164978 AND 9165977
	Aggregate  (cost=3817.78..3817.79 rows=1 width=8)
	  ->  Bitmap Heap Scan on sbtest7  (cost=22.56..3815.31 rows=988 width=121)
	        Recheck Cond: ((id >= 9164978) AND (id <= 9165977))
	        ->  Bitmap Index Scan on sbtest7_pkey  (cost=0.00..22.32 rows=988 width=0)
	              Index Cond: ((id >= 9164978) AND (id <= 9165977))

table 8 : explain SELECT count(c) FROM sbtest8 WHERE id BETWEEN 8931118 AND 8932117
	Aggregate  (cost=3705.72..3705.73 rows=1 width=8)
	  ->  Bitmap Heap Scan on sbtest8  (cost=22.25..3703.32 rows=958 width=121)
	        Recheck Cond: ((id >= 8931118) AND (id <= 8932117))
	        ->  Bitmap Index Scan on sbtest8_pkey  (cost=0.00..22.01 rows=958 width=0)
	              Index Cond: ((id >= 8931118) AND (id <= 8932117))

for: count_ranges
table 1 : explain SELECT count(c) FROM sbtest1 WHERE id BETWEEN 8533843 AND 8534842
	Aggregate  (cost=3820.09..3820.10 rows=1 width=8)
	  ->  Bitmap Heap Scan on sbtest1  (cost=22.57..3817.62 rows=989 width=121)
	        Recheck Cond: ((id >= 8533843) AND (id <= 8534842))
	        ->  Bitmap Index Scan on sbtest1_pkey  (cost=0.00..22.32 rows=989 width=0)
	              Index Cond: ((id >= 8533843) AND (id <= 8534842))

table 2 : explain SELECT count(c) FROM sbtest2 WHERE id BETWEEN 7063380 AND 7064379
	Aggregate  (cost=3854.10..3854.11 rows=1 width=8)
	  ->  Bitmap Heap Scan on sbtest2  (cost=22.66..3851.61 rows=998 width=121)
	        Recheck Cond: ((id >= 7063380) AND (id <= 7064379))
	        ->  Bitmap Index Scan on sbtest2_pkey  (cost=0.00..22.41 rows=998 width=0)
	              Index Cond: ((id >= 7063380) AND (id <= 7064379))

table 3 : explain SELECT count(c) FROM sbtest3 WHERE id BETWEEN 7065343 AND 7066342
	Aggregate  (cost=3907.18..3907.19 rows=1 width=8)
	  ->  Bitmap Heap Scan on sbtest3  (cost=22.81..3904.65 rows=1012 width=121)
	        Recheck Cond: ((id >= 7065343) AND (id <= 7066342))
	        ->  Bitmap Index Scan on sbtest3_pkey  (cost=0.00..22.55 rows=1012 width=0)
	              Index Cond: ((id >= 7065343) AND (id <= 7066342))

table 4 : explain SELECT count(c) FROM sbtest4 WHERE id BETWEEN 9569499 AND 9570498
	Aggregate  (cost=3737.90..3737.91 rows=1 width=8)
	  ->  Bitmap Heap Scan on sbtest4  (cost=22.35..3735.48 rows=967 width=121)
	        Recheck Cond: ((id >= 9569499) AND (id <= 9570498))
	        ->  Bitmap Index Scan on sbtest4_pkey  (cost=0.00..22.11 rows=967 width=0)
	              Index Cond: ((id >= 9569499) AND (id <= 9570498))

table 5 : explain SELECT count(c) FROM sbtest5 WHERE id BETWEEN 9322968 AND 9323967
	Aggregate  (cost=4054.34..4054.35 rows=1 width=8)
	  ->  Bitmap Heap Scan on sbtest5  (cost=23.21..4051.71 rows=1051 width=121)
	        Recheck Cond: ((id >= 9322968) AND (id <= 9323967))
	        ->  Bitmap Index Scan on sbtest5_pkey  (cost=0.00..22.94 rows=1051 width=0)
	              Index Cond: ((id >= 9322968) AND (id <= 9323967))

table 6 : explain SELECT count(c) FROM sbtest6 WHERE id BETWEEN 347009 AND 348008
	Aggregate  (cost=3953.82..3953.83 rows=1 width=8)
	  ->  Bitmap Heap Scan on sbtest6  (cost=22.93..3951.26 rows=1024 width=121)
	        Recheck Cond: ((id >= 347009) AND (id <= 348008))
	        ->  Bitmap Index Scan on sbtest6_pkey  (cost=0.00..22.68 rows=1024 width=0)
	              Index Cond: ((id >= 347009) AND (id <= 348008))

table 7 : explain SELECT count(c) FROM sbtest7 WHERE id BETWEEN 3746948 AND 3747947
	Aggregate  (cost=3780.08..3780.09 rows=1 width=8)
	  ->  Bitmap Heap Scan on sbtest7  (cost=22.46..3777.64 rows=978 width=121)
	        Recheck Cond: ((id >= 3746948) AND (id <= 3747947))
	        ->  Bitmap Index Scan on sbtest7_pkey  (cost=0.00..22.21 rows=978 width=0)
	              Index Cond: ((id >= 3746948) AND (id <= 3747947))

table 8 : explain SELECT count(c) FROM sbtest8 WHERE id BETWEEN 3065056 AND 3066055
	Aggregate  (cost=4059.99..4060.00 rows=1 width=8)
	  ->  Bitmap Heap Scan on sbtest8  (cost=23.22..4057.36 rows=1052 width=121)
	        Recheck Cond: ((id >= 3065056) AND (id <= 3066055))
	        ->  Bitmap Index Scan on sbtest8_pkey  (cost=0.00..22.95 rows=1052 width=0)
	              Index Cond: ((id >= 3065056) AND (id <= 3066055))

for: count_ranges
table 1 : explain SELECT count(c) FROM sbtest1 WHERE id BETWEEN 3910343 AND 3911342
	Aggregate  (cost=4106.00..4106.01 rows=1 width=8)
	  ->  Bitmap Heap Scan on sbtest1  (cost=23.35..4103.34 rows=1065 width=121)
	        Recheck Cond: ((id >= 3910343) AND (id <= 3911342))
	        ->  Bitmap Index Scan on sbtest1_pkey  (cost=0.00..23.08 rows=1065 width=0)
	              Index Cond: ((id >= 3910343) AND (id <= 3911342))

table 2 : explain SELECT count(c) FROM sbtest2 WHERE id BETWEEN 9286492 AND 9287491
	Aggregate  (cost=4256.59..4256.60 rows=1 width=8)
	  ->  Bitmap Heap Scan on sbtest2  (cost=27.76..4253.83 rows=1105 width=121)
	        Recheck Cond: ((id >= 9286492) AND (id <= 9287491))
	        ->  Bitmap Index Scan on sbtest2_pkey  (cost=0.00..27.48 rows=1105 width=0)
	              Index Cond: ((id >= 9286492) AND (id <= 9287491))

table 3 : explain SELECT count(c) FROM sbtest3 WHERE id BETWEEN 3266976 AND 3267975
	Aggregate  (cost=3959.87..3959.88 rows=1 width=8)
	  ->  Bitmap Heap Scan on sbtest3  (cost=22.95..3957.31 rows=1026 width=121)
	        Recheck Cond: ((id >= 3266976) AND (id <= 3267975))
	        ->  Bitmap Index Scan on sbtest3_pkey  (cost=0.00..22.69 rows=1026 width=0)
	              Index Cond: ((id >= 3266976) AND (id <= 3267975))

table 4 : explain SELECT count(c) FROM sbtest4 WHERE id BETWEEN 4363674 AND 4364673
	Aggregate  (cost=4324.87..4324.88 rows=1 width=8)
	  ->  Bitmap Heap Scan on sbtest4  (cost=27.95..4322.06 rows=1123 width=121)
	        Recheck Cond: ((id >= 4363674) AND (id <= 4364673))
	        ->  Bitmap Index Scan on sbtest4_pkey  (cost=0.00..27.66 rows=1123 width=0)
	              Index Cond: ((id >= 4363674) AND (id <= 4364673))

table 5 : explain SELECT count(c) FROM sbtest5 WHERE id BETWEEN 5685367 AND 5686366
	Aggregate  (cost=3828.49..3828.50 rows=1 width=8)
	  ->  Bitmap Heap Scan on sbtest5  (cost=22.59..3826.01 rows=991 width=121)
	        Recheck Cond: ((id >= 5685367) AND (id <= 5686366))
	        ->  Bitmap Index Scan on sbtest5_pkey  (cost=0.00..22.34 rows=991 width=0)
	              Index Cond: ((id >= 5685367) AND (id <= 5686366))

table 6 : explain SELECT count(c) FROM sbtest6 WHERE id BETWEEN 8931725 AND 8932724
	Aggregate  (cost=3485.92..3485.93 rows=1 width=8)
	  ->  Bitmap Heap Scan on sbtest6  (cost=21.66..3483.67 rows=900 width=121)
	        Recheck Cond: ((id >= 8931725) AND (id <= 8932724))
	        ->  Bitmap Index Scan on sbtest6_pkey  (cost=0.00..21.43 rows=900 width=0)
	              Index Cond: ((id >= 8931725) AND (id <= 8932724))

table 7 : explain SELECT count(c) FROM sbtest7 WHERE id BETWEEN 6399967 AND 6400966
	Aggregate  (cost=4047.47..4047.48 rows=1 width=8)
	  ->  Bitmap Heap Scan on sbtest7  (cost=23.19..4044.85 rows=1049 width=121)
	        Recheck Cond: ((id >= 6399967) AND (id <= 6400966))
	        ->  Bitmap Index Scan on sbtest7_pkey  (cost=0.00..22.93 rows=1049 width=0)
	              Index Cond: ((id >= 6399967) AND (id <= 6400966))

table 8 : explain SELECT count(c) FROM sbtest8 WHERE id BETWEEN 5977837 AND 5978836
	Aggregate  (cost=3543.27..3543.28 rows=1 width=8)
	  ->  Bitmap Heap Scan on sbtest8  (cost=21.81..3540.98 rows=915 width=121)
	        Recheck Cond: ((id >= 5977837) AND (id <= 5978836))
	        ->  Bitmap Index Scan on sbtest8_pkey  (cost=0.00..21.58 rows=915 width=0)
	              Index Cond: ((id >= 5977837) AND (id <= 5978836))

for: count_ranges
table 1 : explain SELECT count(c) FROM sbtest1 WHERE id BETWEEN 3135935 AND 3136934
	Aggregate  (cost=3921.75..3921.76 rows=1 width=8)
	  ->  Bitmap Heap Scan on sbtest1  (cost=22.85..3919.21 rows=1016 width=121)
	        Recheck Cond: ((id >= 3135935) AND (id <= 3136934))
	        ->  Bitmap Index Scan on sbtest1_pkey  (cost=0.00..22.59 rows=1016 width=0)
	              Index Cond: ((id >= 3135935) AND (id <= 3136934))

table 2 : explain SELECT count(c) FROM sbtest2 WHERE id BETWEEN 6997811 AND 6998810
	Aggregate  (cost=3854.10..3854.11 rows=1 width=8)
	  ->  Bitmap Heap Scan on sbtest2  (cost=22.66..3851.61 rows=998 width=121)
	        Recheck Cond: ((id >= 6997811) AND (id <= 6998810))
	        ->  Bitmap Index Scan on sbtest2_pkey  (cost=0.00..22.41 rows=998 width=0)
	              Index Cond: ((id >= 6997811) AND (id <= 6998810))

table 3 : explain SELECT count(c) FROM sbtest3 WHERE id BETWEEN 7954173 AND 7955172
	Aggregate  (cost=3786.65..3786.66 rows=1 width=8)
	  ->  Bitmap Heap Scan on sbtest3  (cost=22.48..3784.20 rows=980 width=121)
	        Recheck Cond: ((id >= 7954173) AND (id <= 7955172))
	        ->  Bitmap Index Scan on sbtest3_pkey  (cost=0.00..22.23 rows=980 width=0)
	              Index Cond: ((id >= 7954173) AND (id <= 7955172))

table 4 : explain SELECT count(c) FROM sbtest4 WHERE id BETWEEN 1015710 AND 1016709
	Aggregate  (cost=4024.11..4024.12 rows=1 width=8)
	  ->  Bitmap Heap Scan on sbtest4  (cost=23.13..4021.50 rows=1043 width=121)
	        Recheck Cond: ((id >= 1015710) AND (id <= 1016709))
	        ->  Bitmap Index Scan on sbtest4_pkey  (cost=0.00..22.86 rows=1043 width=0)
	              Index Cond: ((id >= 1015710) AND (id <= 1016709))

table 5 : explain SELECT count(c) FROM sbtest5 WHERE id BETWEEN 6678239 AND 6679238
	Aggregate  (cost=3469.93..3469.94 rows=1 width=8)
	  ->  Bitmap Heap Scan on sbtest5  (cost=21.62..3467.69 rows=896 width=121)
	        Recheck Cond: ((id >= 6678239) AND (id <= 6679238))
	        ->  Bitmap Index Scan on sbtest5_pkey  (cost=0.00..21.39 rows=896 width=0)
	              Index Cond: ((id >= 6678239) AND (id <= 6679238))

table 6 : explain SELECT count(c) FROM sbtest6 WHERE id BETWEEN 5199270 AND 5200269
	Aggregate  (cost=3821.95..3821.96 rows=1 width=8)
	  ->  Bitmap Heap Scan on sbtest6  (cost=22.57..3819.48 rows=989 width=121)
	        Recheck Cond: ((id >= 5199270) AND (id <= 5200269))
	        ->  Bitmap Index Scan on sbtest6_pkey  (cost=0.00..22.32 rows=989 width=0)
	              Index Cond: ((id >= 5199270) AND (id <= 5200269))

table 7 : explain SELECT count(c) FROM sbtest7 WHERE id BETWEEN 330335 AND 331334
	Aggregate  (cost=3591.39..3591.40 rows=1 width=8)
	  ->  Bitmap Heap Scan on sbtest7  (cost=21.95..3589.07 rows=928 width=121)
	        Recheck Cond: ((id >= 330335) AND (id <= 331334))
	        ->  Bitmap Index Scan on sbtest7_pkey  (cost=0.00..21.71 rows=928 width=0)
	              Index Cond: ((id >= 330335) AND (id <= 331334))

table 8 : explain SELECT count(c) FROM sbtest8 WHERE id BETWEEN 3520145 AND 3521144
	Aggregate  (cost=3800.05..3800.06 rows=1 width=8)
	  ->  Bitmap Heap Scan on sbtest8  (cost=22.51..3797.59 rows=983 width=121)
	        Recheck Cond: ((id >= 3520145) AND (id <= 3521144))
	        ->  Bitmap Index Scan on sbtest8_pkey  (cost=0.00..22.26 rows=983 width=0)
	              Index Cond: ((id >= 3520145) AND (id <= 3521144))

for: count_ranges
table 1 : explain SELECT count(c) FROM sbtest1 WHERE id BETWEEN 6214152 AND 6215151
	Aggregate  (cost=3688.17..3688.18 rows=1 width=8)
	  ->  Bitmap Heap Scan on sbtest1  (cost=22.21..3685.78 rows=954 width=121)
	        Recheck Cond: ((id >= 6214152) AND (id <= 6215151))
	        ->  Bitmap Index Scan on sbtest1_pkey  (cost=0.00..21.97 rows=954 width=0)
	              Index Cond: ((id >= 6214152) AND (id <= 6215151))

table 2 : explain SELECT count(c) FROM sbtest2 WHERE id BETWEEN 4331409 AND 4332408
	Aggregate  (cost=3673.19..3673.20 rows=1 width=8)
	  ->  Bitmap Heap Scan on sbtest2  (cost=22.17..3670.81 rows=950 width=121)
	        Recheck Cond: ((id >= 4331409) AND (id <= 4332408))
	        ->  Bitmap Index Scan on sbtest2_pkey  (cost=0.00..21.93 rows=950 width=0)
	              Index Cond: ((id >= 4331409) AND (id <= 4332408))

table 3 : explain SELECT count(c) FROM sbtest3 WHERE id BETWEEN 5280871 AND 5281870
	Aggregate  (cost=3865.76..3865.77 rows=1 width=8)
	  ->  Bitmap Heap Scan on sbtest3  (cost=22.70..3863.26 rows=1001 width=121)
	        Recheck Cond: ((id >= 5280871) AND (id <= 5281870))
	        ->  Bitmap Index Scan on sbtest3_pkey  (cost=0.00..22.44 rows=1001 width=0)
	              Index Cond: ((id >= 5280871) AND (id <= 5281870))

table 4 : explain SELECT count(c) FROM sbtest4 WHERE id BETWEEN 1455257 AND 1456256
	Aggregate  (cost=3670.00..3670.01 rows=1 width=8)
	  ->  Bitmap Heap Scan on sbtest4  (cost=22.16..3667.63 rows=949 width=121)
	        Recheck Cond: ((id >= 1455257) AND (id <= 1456256))
	        ->  Bitmap Index Scan on sbtest4_pkey  (cost=0.00..21.93 rows=949 width=0)
	              Index Cond: ((id >= 1455257) AND (id <= 1456256))

table 5 : explain SELECT count(c) FROM sbtest5 WHERE id BETWEEN 3290611 AND 3291610
	Aggregate  (cost=3779.50..3779.51 rows=1 width=8)
	  ->  Bitmap Heap Scan on sbtest5  (cost=22.46..3777.05 rows=978 width=121)
	        Recheck Cond: ((id >= 3290611) AND (id <= 3291610))
	        ->  Bitmap Index Scan on sbtest5_pkey  (cost=0.00..22.21 rows=978 width=0)
	              Index Cond: ((id >= 3290611) AND (id <= 3291610))

table 6 : explain SELECT count(c) FROM sbtest6 WHERE id BETWEEN 7589314 AND 7590313
	Aggregate  (cost=3938.75..3938.76 rows=1 width=8)
	  ->  Bitmap Heap Scan on sbtest6  (cost=22.89..3936.20 rows=1020 width=121)
	        Recheck Cond: ((id >= 7589314) AND (id <= 7590313))
	        ->  Bitmap Index Scan on sbtest6_pkey  (cost=0.00..22.64 rows=1020 width=0)
	              Index Cond: ((id >= 7589314) AND (id <= 7590313))

table 7 : explain SELECT count(c) FROM sbtest7 WHERE id BETWEEN 1881474 AND 1882473
	Aggregate  (cost=3685.78..3685.79 rows=1 width=8)
	  ->  Bitmap Heap Scan on sbtest7  (cost=22.20..3683.40 rows=953 width=121)
	        Recheck Cond: ((id >= 1881474) AND (id <= 1882473))
	        ->  Bitmap Index Scan on sbtest7_pkey  (cost=0.00..21.96 rows=953 width=0)
	              Index Cond: ((id >= 1881474) AND (id <= 1882473))

table 8 : explain SELECT count(c) FROM sbtest8 WHERE id BETWEEN 9120736 AND 9121735
	Aggregate  (cost=3803.82..3803.83 rows=1 width=8)
	  ->  Bitmap Heap Scan on sbtest8  (cost=22.52..3801.36 rows=984 width=121)
	        Recheck Cond: ((id >= 9120736) AND (id <= 9121735))
	        ->  Bitmap Index Scan on sbtest8_pkey  (cost=0.00..22.27 rows=984 width=0)
	              Index Cond: ((id >= 9120736) AND (id <= 9121735))

for: count_ranges
table 1 : explain SELECT count(c) FROM sbtest1 WHERE id BETWEEN 3189971 AND 3190970
	Aggregate  (cost=3921.75..3921.76 rows=1 width=8)
	  ->  Bitmap Heap Scan on sbtest1  (cost=22.85..3919.21 rows=1016 width=121)
	        Recheck Cond: ((id >= 3189971) AND (id <= 3190970))
	        ->  Bitmap Index Scan on sbtest1_pkey  (cost=0.00..22.59 rows=1016 width=0)
	              Index Cond: ((id >= 3189971) AND (id <= 3190970))

table 2 : explain SELECT count(c) FROM sbtest2 WHERE id BETWEEN 4877624 AND 4878623
	Aggregate  (cost=3993.35..3993.36 rows=1 width=8)
	  ->  Bitmap Heap Scan on sbtest2  (cost=23.04..3990.77 rows=1035 width=121)
	        Recheck Cond: ((id >= 4877624) AND (id <= 4878623))
	        ->  Bitmap Index Scan on sbtest2_pkey  (cost=0.00..22.79 rows=1035 width=0)
	              Index Cond: ((id >= 4877624) AND (id <= 4878623))

table 3 : explain SELECT count(c) FROM sbtest3 WHERE id BETWEEN 6230269 AND 6231268
	Aggregate  (cost=3767.80..3767.81 rows=1 width=8)
	  ->  Bitmap Heap Scan on sbtest3  (cost=22.43..3765.36 rows=975 width=121)
	        Recheck Cond: ((id >= 6230269) AND (id <= 6231268))
	        ->  Bitmap Index Scan on sbtest3_pkey  (cost=0.00..22.18 rows=975 width=0)
	              Index Cond: ((id >= 6230269) AND (id <= 6231268))

table 4 : explain SELECT count(c) FROM sbtest4 WHERE id BETWEEN 1731104 AND 1732103
	Aggregate  (cost=4005.30..4005.31 rows=1 width=8)
	  ->  Bitmap Heap Scan on sbtest4  (cost=23.07..4002.71 rows=1038 width=121)
	        Recheck Cond: ((id >= 1731104) AND (id <= 1732103))
	        ->  Bitmap Index Scan on sbtest4_pkey  (cost=0.00..22.82 rows=1038 width=0)
	              Index Cond: ((id >= 1731104) AND (id <= 1732103))

table 5 : explain SELECT count(c) FROM sbtest5 WHERE id BETWEEN 3661201 AND 3662200
	Aggregate  (cost=4028.01..4028.02 rows=1 width=8)
	  ->  Bitmap Heap Scan on sbtest5  (cost=23.14..4025.40 rows=1044 width=121)
	        Recheck Cond: ((id >= 3661201) AND (id <= 3662200))
	        ->  Bitmap Index Scan on sbtest5_pkey  (cost=0.00..22.87 rows=1044 width=0)
	              Index Cond: ((id >= 3661201) AND (id <= 3662200))

table 6 : explain SELECT count(c) FROM sbtest6 WHERE id BETWEEN 5487519 AND 5488518
	Aggregate  (cost=3621.97..3621.98 rows=1 width=8)
	  ->  Bitmap Heap Scan on sbtest6  (cost=22.03..3619.63 rows=936 width=121)
	        Recheck Cond: ((id >= 5487519) AND (id <= 5488518))
	        ->  Bitmap Index Scan on sbtest6_pkey  (cost=0.00..21.79 rows=936 width=0)
	              Index Cond: ((id >= 5487519) AND (id <= 5488518))

table 7 : explain SELECT count(c) FROM sbtest7 WHERE id BETWEEN 4347415 AND 4348414
	Aggregate  (cost=3481.79..3481.80 rows=1 width=8)
	  ->  Bitmap Heap Scan on sbtest7  (cost=21.65..3479.54 rows=899 width=121)
	        Recheck Cond: ((id >= 4347415) AND (id <= 4348414))
	        ->  Bitmap Index Scan on sbtest7_pkey  (cost=0.00..21.43 rows=899 width=0)
	              Index Cond: ((id >= 4347415) AND (id <= 4348414))

table 8 : explain SELECT count(c) FROM sbtest8 WHERE id BETWEEN 715513 AND 716512
	Aggregate  (cost=3965.88..3965.89 rows=1 width=8)
	  ->  Bitmap Heap Scan on sbtest8  (cost=22.96..3963.31 rows=1027 width=121)
	        Recheck Cond: ((id >= 715513) AND (id <= 716512))
	        ->  Bitmap Index Scan on sbtest8_pkey  (cost=0.00..22.70 rows=1027 width=0)
	              Index Cond: ((id >= 715513) AND (id <= 716512))

for: count_ranges
table 1 : explain SELECT count(c) FROM sbtest1 WHERE id BETWEEN 7454819 AND 7455818
	Aggregate  (cost=3865.29..3865.30 rows=1 width=8)
	  ->  Bitmap Heap Scan on sbtest1  (cost=22.70..3862.78 rows=1001 width=121)
	        Recheck Cond: ((id >= 7454819) AND (id <= 7455818))
	        ->  Bitmap Index Scan on sbtest1_pkey  (cost=0.00..22.44 rows=1001 width=0)
	              Index Cond: ((id >= 7454819) AND (id <= 7455818))

table 2 : explain SELECT count(c) FROM sbtest2 WHERE id BETWEEN 4785599 AND 4786598
	Aggregate  (cost=4109.89..4109.90 rows=1 width=8)
	  ->  Bitmap Heap Scan on sbtest2  (cost=23.36..4107.22 rows=1066 width=121)
	        Recheck Cond: ((id >= 4785599) AND (id <= 4786598))
	        ->  Bitmap Index Scan on sbtest2_pkey  (cost=0.00..23.09 rows=1066 width=0)
	              Index Cond: ((id >= 4785599) AND (id <= 4786598))

table 3 : explain SELECT count(c) FROM sbtest3 WHERE id BETWEEN 3167590 AND 3168589
	Aggregate  (cost=3786.65..3786.66 rows=1 width=8)
	  ->  Bitmap Heap Scan on sbtest3  (cost=22.48..3784.20 rows=980 width=121)
	        Recheck Cond: ((id >= 3167590) AND (id <= 3168589))
	        ->  Bitmap Index Scan on sbtest3_pkey  (cost=0.00..22.23 rows=980 width=0)
	              Index Cond: ((id >= 3167590) AND (id <= 3168589))

table 4 : explain SELECT count(c) FROM sbtest4 WHERE id BETWEEN 5846655 AND 5847654
	Aggregate  (cost=4069.23..4069.24 rows=1 width=8)
	  ->  Bitmap Heap Scan on sbtest4  (cost=23.25..4066.60 rows=1055 width=121)
	        Recheck Cond: ((id >= 5846655) AND (id <= 5847654))
	        ->  Bitmap Index Scan on sbtest4_pkey  (cost=0.00..22.98 rows=1055 width=0)
	              Index Cond: ((id >= 5846655) AND (id <= 5847654))

table 5 : explain SELECT count(c) FROM sbtest5 WHERE id BETWEEN 9497601 AND 9498600
	Aggregate  (cost=3862.40..3862.41 rows=1 width=8)
	  ->  Bitmap Heap Scan on sbtest5  (cost=22.68..3859.90 rows=1000 width=121)
	        Recheck Cond: ((id >= 9497601) AND (id <= 9498600))
	        ->  Bitmap Index Scan on sbtest5_pkey  (cost=0.00..22.43 rows=1000 width=0)
	              Index Cond: ((id >= 9497601) AND (id <= 9498600))

table 6 : explain SELECT count(c) FROM sbtest6 WHERE id BETWEEN 1625284 AND 1626283
	Aggregate  (cost=3946.28..3946.29 rows=1 width=8)
	  ->  Bitmap Heap Scan on sbtest6  (cost=22.91..3943.73 rows=1022 width=121)
	        Recheck Cond: ((id >= 1625284) AND (id <= 1626283))
	        ->  Bitmap Index Scan on sbtest6_pkey  (cost=0.00..22.65 rows=1022 width=0)
	              Index Cond: ((id >= 1625284) AND (id <= 1626283))

table 7 : explain SELECT count(c) FROM sbtest7 WHERE id BETWEEN 2314812 AND 2315811
	Aggregate  (cost=3983.51..3983.52 rows=1 width=8)
	  ->  Bitmap Heap Scan on sbtest7  (cost=23.01..3980.93 rows=1032 width=121)
	        Recheck Cond: ((id >= 2314812) AND (id <= 2315811))
	        ->  Bitmap Index Scan on sbtest7_pkey  (cost=0.00..22.75 rows=1032 width=0)
	              Index Cond: ((id >= 2314812) AND (id <= 2315811))

table 8 : explain SELECT count(c) FROM sbtest8 WHERE id BETWEEN 554242 AND 555241
	Aggregate  (cost=3898.07..3898.08 rows=1 width=8)
	  ->  Bitmap Heap Scan on sbtest8  (cost=22.78..3895.55 rows=1009 width=121)
	        Recheck Cond: ((id >= 554242) AND (id <= 555241))
	        ->  Bitmap Index Scan on sbtest8_pkey  (cost=0.00..22.52 rows=1009 width=0)
	              Index Cond: ((id >= 554242) AND (id <= 555241))

for: count_ranges
table 1 : explain SELECT count(c) FROM sbtest1 WHERE id BETWEEN 2300789 AND 2301788
	Aggregate  (cost=3823.86..3823.87 rows=1 width=8)
	  ->  Bitmap Heap Scan on sbtest1  (cost=22.58..3821.38 rows=990 width=121)
	        Recheck Cond: ((id >= 2300789) AND (id <= 2301788))
	        ->  Bitmap Index Scan on sbtest1_pkey  (cost=0.00..22.33 rows=990 width=0)
	              Index Cond: ((id >= 2300789) AND (id <= 2301788))

table 2 : explain SELECT count(c) FROM sbtest2 WHERE id BETWEEN 7228961 AND 7229960
	Aggregate  (cost=3967.02..3967.03 rows=1 width=8)
	  ->  Bitmap Heap Scan on sbtest2  (cost=22.97..3964.45 rows=1028 width=121)
	        Recheck Cond: ((id >= 7228961) AND (id <= 7229960))
	        ->  Bitmap Index Scan on sbtest2_pkey  (cost=0.00..22.71 rows=1028 width=0)
	              Index Cond: ((id >= 7228961) AND (id <= 7229960))

table 3 : explain SELECT count(c) FROM sbtest3 WHERE id BETWEEN 7118117 AND 7119116
	Aggregate  (cost=4181.66..4181.67 rows=1 width=8)
	  ->  Bitmap Heap Scan on sbtest3  (cost=23.56..4178.95 rows=1085 width=121)
	        Recheck Cond: ((id >= 7118117) AND (id <= 7119116))
	        ->  Bitmap Index Scan on sbtest3_pkey  (cost=0.00..23.29 rows=1085 width=0)
	              Index Cond: ((id >= 7118117) AND (id <= 7119116))

table 4 : explain SELECT count(c) FROM sbtest4 WHERE id BETWEEN 3637567 AND 3638566
	Aggregate  (cost=4054.19..4054.20 rows=1 width=8)
	  ->  Bitmap Heap Scan on sbtest4  (cost=23.21..4051.57 rows=1051 width=121)
	        Recheck Cond: ((id >= 3637567) AND (id <= 3638566))
	        ->  Bitmap Index Scan on sbtest4_pkey  (cost=0.00..22.94 rows=1051 width=0)
	              Index Cond: ((id >= 3637567) AND (id <= 3638566))

table 5 : explain SELECT count(c) FROM sbtest5 WHERE id BETWEEN 5024789 AND 5025788
	Aggregate  (cost=3488.83..3488.84 rows=1 width=8)
	  ->  Bitmap Heap Scan on sbtest5  (cost=21.67..3486.58 rows=901 width=121)
	        Recheck Cond: ((id >= 5024789) AND (id <= 5025788))
	        ->  Bitmap Index Scan on sbtest5_pkey  (cost=0.00..21.44 rows=901 width=0)
	              Index Cond: ((id >= 5024789) AND (id <= 5025788))

table 6 : explain SELECT count(c) FROM sbtest6 WHERE id BETWEEN 7890433 AND 7891432
	Aggregate  (cost=3648.40..3648.41 rows=1 width=8)
	  ->  Bitmap Heap Scan on sbtest6  (cost=22.10..3646.05 rows=943 width=121)
	        Recheck Cond: ((id >= 7890433) AND (id <= 7891432))
	        ->  Bitmap Index Scan on sbtest6_pkey  (cost=0.00..21.86 rows=943 width=0)
	              Index Cond: ((id >= 7890433) AND (id <= 7891432))

table 7 : explain SELECT count(c) FROM sbtest7 WHERE id BETWEEN 7043193 AND 7044192
	Aggregate  (cost=4073.80..4073.81 rows=1 width=8)
	  ->  Bitmap Heap Scan on sbtest7  (cost=23.26..4071.16 rows=1056 width=121)
	        Recheck Cond: ((id >= 7043193) AND (id <= 7044192))
	        ->  Bitmap Index Scan on sbtest7_pkey  (cost=0.00..23.00 rows=1056 width=0)
	              Index Cond: ((id >= 7043193) AND (id <= 7044192))

table 8 : explain SELECT count(c) FROM sbtest8 WHERE id BETWEEN 3550292 AND 3551291
	Aggregate  (cost=3800.05..3800.06 rows=1 width=8)
	  ->  Bitmap Heap Scan on sbtest8  (cost=22.51..3797.59 rows=983 width=121)
	        Recheck Cond: ((id >= 3550292) AND (id <= 3551291))
	        ->  Bitmap Index Scan on sbtest8_pkey  (cost=0.00..22.26 rows=983 width=0)
	              Index Cond: ((id >= 3550292) AND (id <= 3551291))

for: count_ranges
table 1 : explain SELECT count(c) FROM sbtest1 WHERE id BETWEEN 4493643 AND 4494642
	Aggregate  (cost=4102.25..4102.26 rows=1 width=8)
	  ->  Bitmap Heap Scan on sbtest1  (cost=23.34..4099.59 rows=1064 width=121)
	        Recheck Cond: ((id >= 4493643) AND (id <= 4494642))
	        ->  Bitmap Index Scan on sbtest1_pkey  (cost=0.00..23.07 rows=1064 width=0)
	              Index Cond: ((id >= 4493643) AND (id <= 4494642))

table 2 : explain SELECT count(c) FROM sbtest2 WHERE id BETWEEN 5453261 AND 5454260
	Aggregate  (cost=3488.18..3488.19 rows=1 width=8)
	  ->  Bitmap Heap Scan on sbtest2  (cost=21.67..3485.93 rows=901 width=121)
	        Recheck Cond: ((id >= 5453261) AND (id <= 5454260))
	        ->  Bitmap Index Scan on sbtest2_pkey  (cost=0.00..21.44 rows=901 width=0)
	              Index Cond: ((id >= 5453261) AND (id <= 5454260))

table 3 : explain SELECT count(c) FROM sbtest3 WHERE id BETWEEN 4879935 AND 4880934
	Aggregate  (cost=4470.73..4470.74 rows=1 width=8)
	  ->  Bitmap Heap Scan on sbtest3  (cost=28.35..4467.83 rows=1162 width=121)
	        Recheck Cond: ((id >= 4879935) AND (id <= 4880934))
	        ->  Bitmap Index Scan on sbtest3_pkey  (cost=0.00..28.05 rows=1162 width=0)
	              Index Cond: ((id >= 4879935) AND (id <= 4880934))

table 4 : explain SELECT count(c) FROM sbtest4 WHERE id BETWEEN 541317 AND 542316
	Aggregate  (cost=4110.58..4110.59 rows=1 width=8)
	  ->  Bitmap Heap Scan on sbtest4  (cost=23.36..4107.92 rows=1066 width=121)
	        Recheck Cond: ((id >= 541317) AND (id <= 542316))
	        ->  Bitmap Index Scan on sbtest4_pkey  (cost=0.00..23.09 rows=1066 width=0)
	              Index Cond: ((id >= 541317) AND (id <= 542316))

table 5 : explain SELECT count(c) FROM sbtest5 WHERE id BETWEEN 5545553 AND 5546552
	Aggregate  (cost=4200.89..4200.90 rows=1 width=8)
	  ->  Bitmap Heap Scan on sbtest5  (cost=23.61..4198.17 rows=1090 width=121)
	        Recheck Cond: ((id >= 5545553) AND (id <= 5546552))
	        ->  Bitmap Index Scan on sbtest5_pkey  (cost=0.00..23.33 rows=1090 width=0)
	              Index Cond: ((id >= 5545553) AND (id <= 5546552))

table 6 : explain SELECT count(c) FROM sbtest6 WHERE id BETWEEN 424833 AND 425832
	Aggregate  (cost=4014.04..4014.05 rows=1 width=8)
	  ->  Bitmap Heap Scan on sbtest6  (cost=23.09..4011.44 rows=1040 width=121)
	        Recheck Cond: ((id >= 424833) AND (id <= 425832))
	        ->  Bitmap Index Scan on sbtest6_pkey  (cost=0.00..22.83 rows=1040 width=0)
	              Index Cond: ((id >= 424833) AND (id <= 425832))

table 7 : explain SELECT count(c) FROM sbtest7 WHERE id BETWEEN 6763471 AND 6764470
	Aggregate  (cost=4066.27..4066.28 rows=1 width=8)
	  ->  Bitmap Heap Scan on sbtest7  (cost=23.24..4063.64 rows=1054 width=121)
	        Recheck Cond: ((id >= 6763471) AND (id <= 6764470))
	        ->  Bitmap Index Scan on sbtest7_pkey  (cost=0.00..22.97 rows=1054 width=0)
	              Index Cond: ((id >= 6763471) AND (id <= 6764470))

table 8 : explain SELECT count(c) FROM sbtest8 WHERE id BETWEEN 713502 AND 714501
	Aggregate  (cost=3965.88..3965.89 rows=1 width=8)
	  ->  Bitmap Heap Scan on sbtest8  (cost=22.96..3963.31 rows=1027 width=121)
	        Recheck Cond: ((id >= 713502) AND (id <= 714501))
	        ->  Bitmap Index Scan on sbtest8_pkey  (cost=0.00..22.70 rows=1027 width=0)
	              Index Cond: ((id >= 713502) AND (id <= 714501))

for: count_ranges
table 1 : explain SELECT count(c) FROM sbtest1 WHERE id BETWEEN 5594298 AND 5595297
	Aggregate  (cost=3620.26..3620.27 rows=1 width=8)
	  ->  Bitmap Heap Scan on sbtest1  (cost=22.03..3617.92 rows=936 width=121)
	        Recheck Cond: ((id >= 5594298) AND (id <= 5595297))
	        ->  Bitmap Index Scan on sbtest1_pkey  (cost=0.00..21.79 rows=936 width=0)
	              Index Cond: ((id >= 5594298) AND (id <= 5595297))

table 2 : explain SELECT count(c) FROM sbtest2 WHERE id BETWEEN 9236147 AND 9237146
	Aggregate  (cost=4256.59..4256.60 rows=1 width=8)
	  ->  Bitmap Heap Scan on sbtest2  (cost=27.76..4253.83 rows=1105 width=121)
	        Recheck Cond: ((id >= 9236147) AND (id <= 9237146))
	        ->  Bitmap Index Scan on sbtest2_pkey  (cost=0.00..27.48 rows=1105 width=0)
	              Index Cond: ((id >= 9236147) AND (id <= 9237146))

table 3 : explain SELECT count(c) FROM sbtest3 WHERE id BETWEEN 6432024 AND 6433023
	Aggregate  (cost=3450.69..3450.70 rows=1 width=8)
	  ->  Bitmap Heap Scan on sbtest3  (cost=21.57..3448.46 rows=891 width=121)
	        Recheck Cond: ((id >= 6432024) AND (id <= 6433023))
	        ->  Bitmap Index Scan on sbtest3_pkey  (cost=0.00..21.34 rows=891 width=0)
	              Index Cond: ((id >= 6432024) AND (id <= 6433023))

table 4 : explain SELECT count(c) FROM sbtest4 WHERE id BETWEEN 2239527 AND 2240526
	Aggregate  (cost=3933.81..3933.82 rows=1 width=8)
	  ->  Bitmap Heap Scan on sbtest4  (cost=22.88..3931.26 rows=1019 width=121)
	        Recheck Cond: ((id >= 2239527) AND (id <= 2240526))
	        ->  Bitmap Index Scan on sbtest4_pkey  (cost=0.00..22.62 rows=1019 width=0)
	              Index Cond: ((id >= 2239527) AND (id <= 2240526))

table 5 : explain SELECT count(c) FROM sbtest5 WHERE id BETWEEN 5408411 AND 5409410
	Aggregate  (cost=3933.94..3933.95 rows=1 width=8)
	  ->  Bitmap Heap Scan on sbtest5  (cost=22.88..3931.40 rows=1019 width=121)
	        Recheck Cond: ((id >= 5408411) AND (id <= 5409410))
	        ->  Bitmap Index Scan on sbtest5_pkey  (cost=0.00..22.62 rows=1019 width=0)
	              Index Cond: ((id >= 5408411) AND (id <= 5409410))

table 6 : explain SELECT count(c) FROM sbtest6 WHERE id BETWEEN 2440994 AND 2441993
	Aggregate  (cost=4156.95..4156.96 rows=1 width=8)
	  ->  Bitmap Heap Scan on sbtest6  (cost=23.48..4154.26 rows=1078 width=121)
	        Recheck Cond: ((id >= 2440994) AND (id <= 2441993))
	        ->  Bitmap Index Scan on sbtest6_pkey  (cost=0.00..23.21 rows=1078 width=0)
	              Index Cond: ((id >= 2440994) AND (id <= 2441993))

table 7 : explain SELECT count(c) FROM sbtest7 WHERE id BETWEEN 709007 AND 710006
	Aggregate  (cost=3960.92..3960.93 rows=1 width=8)
	  ->  Bitmap Heap Scan on sbtest7  (cost=22.95..3958.36 rows=1026 width=121)
	        Recheck Cond: ((id >= 709007) AND (id <= 710006))
	        ->  Bitmap Index Scan on sbtest7_pkey  (cost=0.00..22.69 rows=1026 width=0)
	              Index Cond: ((id >= 709007) AND (id <= 710006))

table 8 : explain SELECT count(c) FROM sbtest8 WHERE id BETWEEN 3869941 AND 3870940
	Aggregate  (cost=3890.53..3890.54 rows=1 width=8)
	  ->  Bitmap Heap Scan on sbtest8  (cost=22.76..3888.01 rows=1007 width=121)
	        Recheck Cond: ((id >= 3869941) AND (id <= 3870940))
	        ->  Bitmap Index Scan on sbtest8_pkey  (cost=0.00..22.50 rows=1007 width=0)
	              Index Cond: ((id >= 3869941) AND (id <= 3870940))

for: count_ranges
table 1 : explain SELECT count(c) FROM sbtest1 WHERE id BETWEEN 7451940 AND 7452939
	Aggregate  (cost=3865.29..3865.30 rows=1 width=8)
	  ->  Bitmap Heap Scan on sbtest1  (cost=22.70..3862.78 rows=1001 width=121)
	        Recheck Cond: ((id >= 7451940) AND (id <= 7452939))
	        ->  Bitmap Index Scan on sbtest1_pkey  (cost=0.00..22.44 rows=1001 width=0)
	              Index Cond: ((id >= 7451940) AND (id <= 7452939))

table 2 : explain SELECT count(c) FROM sbtest2 WHERE id BETWEEN 120777 AND 121776
	Aggregate  (cost=3737.30..3737.31 rows=1 width=8)
	  ->  Bitmap Heap Scan on sbtest2  (cost=22.35..3734.88 rows=967 width=121)
	        Recheck Cond: ((id >= 120777) AND (id <= 121776))
	        ->  Bitmap Index Scan on sbtest2_pkey  (cost=0.00..22.11 rows=967 width=0)
	              Index Cond: ((id >= 120777) AND (id <= 121776))

table 3 : explain SELECT count(c) FROM sbtest3 WHERE id BETWEEN 3848748 AND 3849747
	Aggregate  (cost=4242.00..4242.01 rows=1 width=8)
	  ->  Bitmap Heap Scan on sbtest3  (cost=27.72..4239.25 rows=1101 width=121)
	        Recheck Cond: ((id >= 3848748) AND (id <= 3849747))
	        ->  Bitmap Index Scan on sbtest3_pkey  (cost=0.00..27.44 rows=1101 width=0)
	              Index Cond: ((id >= 3848748) AND (id <= 3849747))

table 4 : explain SELECT count(c) FROM sbtest4 WHERE id BETWEEN 602236 AND 603235
	Aggregate  (cost=4065.47..4065.48 rows=1 width=8)
	  ->  Bitmap Heap Scan on sbtest4  (cost=23.24..4062.84 rows=1054 width=121)
	        Recheck Cond: ((id >= 602236) AND (id <= 603235))
	        ->  Bitmap Index Scan on sbtest4_pkey  (cost=0.00..22.97 rows=1054 width=0)
	              Index Cond: ((id >= 602236) AND (id <= 603235))

table 5 : explain SELECT count(c) FROM sbtest5 WHERE id BETWEEN 2909237 AND 2910236
	Aggregate  (cost=4035.53..4035.54 rows=1 width=8)
	  ->  Bitmap Heap Scan on sbtest5  (cost=23.16..4032.92 rows=1046 width=121)
	        Recheck Cond: ((id >= 2909237) AND (id <= 2910236))
	        ->  Bitmap Index Scan on sbtest5_pkey  (cost=0.00..22.89 rows=1046 width=0)
	              Index Cond: ((id >= 2909237) AND (id <= 2910236))

table 6 : explain SELECT count(c) FROM sbtest6 WHERE id BETWEEN 958643 AND 959642
	Aggregate  (cost=3550.19..3550.20 rows=1 width=8)
	  ->  Bitmap Heap Scan on sbtest6  (cost=21.83..3547.89 rows=917 width=121)
	        Recheck Cond: ((id >= 958643) AND (id <= 959642))
	        ->  Bitmap Index Scan on sbtest6_pkey  (cost=0.00..21.61 rows=917 width=0)
	              Index Cond: ((id >= 958643) AND (id <= 959642))

table 7 : explain SELECT count(c) FROM sbtest7 WHERE id BETWEEN 6433550 AND 6434549
	Aggregate  (cost=4047.47..4047.48 rows=1 width=8)
	  ->  Bitmap Heap Scan on sbtest7  (cost=23.19..4044.85 rows=1049 width=121)
	        Recheck Cond: ((id >= 6433550) AND (id <= 6434549))
	        ->  Bitmap Index Scan on sbtest7_pkey  (cost=0.00..22.93 rows=1049 width=0)
	              Index Cond: ((id >= 6433550) AND (id <= 6434549))

table 8 : explain SELECT count(c) FROM sbtest8 WHERE id BETWEEN 3263363 AND 3264362
	Aggregate  (cost=3599.97..3599.98 rows=1 width=8)
	  ->  Bitmap Heap Scan on sbtest8  (cost=21.97..3597.64 rows=930 width=121)
	        Recheck Cond: ((id >= 3263363) AND (id <= 3264362))
	        ->  Bitmap Index Scan on sbtest8_pkey  (cost=0.00..21.73 rows=930 width=0)
	              Index Cond: ((id >= 3263363) AND (id <= 3264362))

for: count_ranges
table 1 : explain SELECT count(c) FROM sbtest1 WHERE id BETWEEN 2072662 AND 2073661
	Aggregate  (cost=3981.95..3981.96 rows=1 width=8)
	  ->  Bitmap Heap Scan on sbtest1  (cost=23.01..3979.37 rows=1032 width=121)
	        Recheck Cond: ((id >= 2072662) AND (id <= 2073661))
	        ->  Bitmap Index Scan on sbtest1_pkey  (cost=0.00..22.75 rows=1032 width=0)
	              Index Cond: ((id >= 2072662) AND (id <= 2073661))

table 2 : explain SELECT count(c) FROM sbtest2 WHERE id BETWEEN 9017867 AND 9018866
	Aggregate  (cost=3891.76..3891.77 rows=1 width=8)
	  ->  Bitmap Heap Scan on sbtest2  (cost=22.77..3889.24 rows=1008 width=121)
	        Recheck Cond: ((id >= 9017867) AND (id <= 9018866))
	        ->  Bitmap Index Scan on sbtest2_pkey  (cost=0.00..22.51 rows=1008 width=0)
	              Index Cond: ((id >= 9017867) AND (id <= 9018866))

table 3 : explain SELECT count(c) FROM sbtest3 WHERE id BETWEEN 3039648 AND 3040647
	Aggregate  (cost=3839.40..3839.41 rows=1 width=8)
	  ->  Bitmap Heap Scan on sbtest3  (cost=22.62..3836.91 rows=994 width=121)
	        Recheck Cond: ((id >= 3039648) AND (id <= 3040647))
	        ->  Bitmap Index Scan on sbtest3_pkey  (cost=0.00..22.37 rows=994 width=0)
	              Index Cond: ((id >= 3039648) AND (id <= 3040647))

table 4 : explain SELECT count(c) FROM sbtest4 WHERE id BETWEEN 2029512 AND 2030511
	Aggregate  (cost=4148.16..4148.17 rows=1 width=8)
	  ->  Bitmap Heap Scan on sbtest4  (cost=23.46..4145.47 rows=1076 width=121)
	        Recheck Cond: ((id >= 2029512) AND (id <= 2030511))
	        ->  Bitmap Index Scan on sbtest4_pkey  (cost=0.00..23.19 rows=1076 width=0)
	              Index Cond: ((id >= 2029512) AND (id <= 2030511))

table 5 : explain SELECT count(c) FROM sbtest5 WHERE id BETWEEN 3747414 AND 3748413
	Aggregate  (cost=4028.01..4028.02 rows=1 width=8)
	  ->  Bitmap Heap Scan on sbtest5  (cost=23.14..4025.40 rows=1044 width=121)
	        Recheck Cond: ((id >= 3747414) AND (id <= 3748413))
	        ->  Bitmap Index Scan on sbtest5_pkey  (cost=0.00..22.87 rows=1044 width=0)
	              Index Cond: ((id >= 3747414) AND (id <= 3748413))

table 6 : explain SELECT count(c) FROM sbtest6 WHERE id BETWEEN 5819264 AND 5820263
	Aggregate  (cost=4104.32..4104.33 rows=1 width=8)
	  ->  Bitmap Heap Scan on sbtest6  (cost=23.34..4101.66 rows=1064 width=121)
	        Recheck Cond: ((id >= 5819264) AND (id <= 5820263))
	        ->  Bitmap Index Scan on sbtest6_pkey  (cost=0.00..23.07 rows=1064 width=0)
	              Index Cond: ((id >= 5819264) AND (id <= 5820263))

table 7 : explain SELECT count(c) FROM sbtest7 WHERE id BETWEEN 882535 AND 883534
	Aggregate  (cost=3836.63..3836.64 rows=1 width=8)
	  ->  Bitmap Heap Scan on sbtest7  (cost=22.61..3834.15 rows=993 width=121)
	        Recheck Cond: ((id >= 882535) AND (id <= 883534))
	        ->  Bitmap Index Scan on sbtest7_pkey  (cost=0.00..22.36 rows=993 width=0)
	              Index Cond: ((id >= 882535) AND (id <= 883534))

table 8 : explain SELECT count(c) FROM sbtest8 WHERE id BETWEEN 7003738 AND 7004737
	Aggregate  (cost=3581.07..3581.08 rows=1 width=8)
	  ->  Bitmap Heap Scan on sbtest8  (cost=21.92..3578.76 rows=925 width=121)
	        Recheck Cond: ((id >= 7003738) AND (id <= 7004737))
	        ->  Bitmap Index Scan on sbtest8_pkey  (cost=0.00..21.68 rows=925 width=0)
	              Index Cond: ((id >= 7003738) AND (id <= 7004737))

Threads started!

Warming up for 5 seconds...

SQL statistics:
    queries performed:
        read:                            18790093
        write:                           0
        other:                           0
        total:                           18790093
    transactions:                        18790093 (29825.26 per sec.)
    queries:                             18790093 (29825.26 per sec.)
    ignored errors:                      0      (0.00 per sec.)
    reconnects:                          0      (0.00 per sec.)

Throughput:
    events/s (eps):                      29825.2590
    time elapsed:                        630.0061s
    total number of events:              18790093

Latency (ms):
         min:                                    0.11
         avg:                                    1.34
         max:                                    9.44
         95th percentile:                        1.44
         sum:                             25191731.48

Threads fairness:
    events (avg/stddev):           469751.8750/941.11
    execution time (avg/stddev):   629.7933/0.00

