LUA_PATH=/home/mdcallag/git/mytools/bench/sysbench.lua/lua/?.lua /home/mdcallag/git/mytools/bench/sysbench.lua/lua/sysbench --db-driver=pgsql --range-size=100 --table-size=10000000 --tables=8 --threads=40 --events=0 --warmup-time=5 --time=630 --pgsql_conn_id=true /home/mdcallag/git/mytools/bench/sysbench.lua/lua/oltp_read_only.lua run --pgsql-user=root --pgsql-password=pw --pgsql-host=127.0.0.1 --pgsql-db=ib --rand-type=uniform
48 CPUs
sysbench 1.1.0-9072687 (using bundled LuaJIT 2.1.0-beta3)

Running the test with following options:
Number of threads: 40
Warmup time: 5s
Initializing random number generator from current time


Initializing worker threads...

explain: for point_selects :: explain SELECT c FROM sbtest%u WHERE id=%u
explain: for point_selects :: explain SELECT c FROM sbtest%u WHERE id=%u
explain: for point_selects :: explain SELECT c FROM sbtest%u WHERE id=%u
explain: for point_selects :: explain SELECT c FROM sbtest%u WHERE id=%u
for point_selects
table 1 : explain SELECT c FROM sbtest1 WHERE id=9985738
	Index Scan using sbtest1_pkey on sbtest1  (cost=0.43..8.45 rows=1 width=121)
	  Index Cond: (id = 9985738)

table 2 : explain SELECT c FROM sbtest2 WHERE id=4474877
	Index Scan using sbtest2_pkey on sbtest2  (cost=0.43..8.45 rows=1 width=121)
	  Index Cond: (id = 4474877)

table 3 : explain SELECT c FROM sbtest3 WHERE id=2264258
	Index Scan using sbtest3_pkey on sbtest3  (cost=0.43..8.45 rows=1 width=121)
	  Index Cond: (id = 2264258)

table 4 : explain SELECT c FROM sbtest4 WHERE id=8458084
	Index Scan using sbtest4_pkey on sbtest4  (cost=0.43..8.45 rows=1 width=121)
	  Index Cond: (id = 8458084)

table 5 : explain SELECT c FROM sbtest5 WHERE id=8374674
	Index Scan using sbtest5_pkey on sbtest5  (cost=0.43..8.45 rows=1 width=121)
	  Index Cond: (id = 8374674)

table 6 : explain SELECT c FROM sbtest6 WHERE id=8882668
	Index Scan using sbtest6_pkey on sbtest6  (cost=0.43..8.45 rows=1 width=121)
	  Index Cond: (id = 8882668)

table 7 : explain SELECT c FROM sbtest7 WHERE id=3377376
	Index Scan using sbtest7_pkey on sbtest7  (cost=0.43..8.45 rows=1 width=121)
	  Index Cond: (id = 3377376)

table 8 : explain SELECT c FROM sbtest8 WHERE id=8402800
	Index Scan using sbtest8_pkey on sbtest8  (cost=0.43..8.45 rows=1 width=121)
	  Index Cond: (id = 8402800)

for point_selects
table 1 : explain SELECT c FROM sbtest1 WHERE id=408601
	Index Scan using sbtest1_pkey on sbtest1  (cost=0.43..8.45 rows=1 width=121)
	  Index Cond: (id = 408601)

table 2 : explain SELECT c FROM sbtest2 WHERE id=3629026
	Index Scan using sbtest2_pkey on sbtest2  (cost=0.43..8.45 rows=1 width=121)
	  Index Cond: (id = 3629026)

table 3 : explain SELECT c FROM sbtest3 WHERE id=2469463
	Index Scan using sbtest3_pkey on sbtest3  (cost=0.43..8.45 rows=1 width=121)
	  Index Cond: (id = 2469463)

table 4 : explain SELECT c FROM sbtest4 WHERE id=5233251
	Index Scan using sbtest4_pkey on sbtest4  (cost=0.43..8.45 rows=1 width=121)
	  Index Cond: (id = 5233251)

table 5 : explain SELECT c FROM sbtest5 WHERE id=7761449
	Index Scan using sbtest5_pkey on sbtest5  (cost=0.43..8.45 rows=1 width=121)
	  Index Cond: (id = 7761449)

table 6 : explain SELECT c FROM sbtest6 WHERE id=8918071
	Index Scan using sbtest6_pkey on sbtest6  (cost=0.43..8.45 rows=1 width=121)
	  Index Cond: (id = 8918071)

table 7 : explain SELECT c FROM sbtest7 WHERE id=3211942
	Index Scan using sbtest7_pkey on sbtest7  (cost=0.43..8.45 rows=1 width=121)
	  Index Cond: (id = 3211942)

table 8 : explain SELECT c FROM sbtest8 WHERE id=7888529
	Index Scan using sbtest8_pkey on sbtest8  (cost=0.43..8.45 rows=1 width=121)
	  Index Cond: (id = 7888529)

for: simple_ranges
table 1 : explain SELECT c FROM sbtest1 WHERE id BETWEEN 1418896 AND 1418995
	Index Scan using sbtest1_pkey on sbtest1  (cost=0.43..408.15 rows=102 width=121)
	  Index Cond: ((id >= 1418896) AND (id <= 1418995))

table 2 : explain SELECT c FROM sbtest2 WHERE id BETWEEN 3004705 AND 3004804
	Index Scan using sbtest2_pkey on sbtest2  (cost=0.43..424.89 rows=106 width=121)
	  Index Cond: ((id >= 3004705) AND (id <= 3004804))

table 3 : explain SELECT c FROM sbtest3 WHERE id BETWEEN 9186788 AND 9186887
	Index Scan using sbtest3_pkey on sbtest3  (cost=0.43..388.54 rows=97 width=121)
	  Index Cond: ((id >= 9186788) AND (id <= 9186887))

table 4 : explain SELECT c FROM sbtest4 WHERE id BETWEEN 2986973 AND 2987072
	Index Scan using sbtest4_pkey on sbtest4  (cost=0.43..418.94 rows=105 width=121)
	  Index Cond: ((id >= 2986973) AND (id <= 2987072))

table 5 : explain SELECT c FROM sbtest5 WHERE id BETWEEN 6112859 AND 6112958
	Index Scan using sbtest5_pkey on sbtest5  (cost=0.43..400.22 rows=100 width=121)
	  Index Cond: ((id >= 6112859) AND (id <= 6112958))

table 6 : explain SELECT c FROM sbtest6 WHERE id BETWEEN 7104095 AND 7104194
	Index Scan using sbtest6_pkey on sbtest6  (cost=0.43..439.01 rows=110 width=121)
	  Index Cond: ((id >= 7104095) AND (id <= 7104194))

table 7 : explain SELECT c FROM sbtest7 WHERE id BETWEEN 9214663 AND 9214762
	Index Scan using sbtest7_pkey on sbtest7  (cost=0.43..426.74 rows=107 width=121)
	  Index Cond: ((id >= 9214663) AND (id <= 9214762))

table 8 : explain SELECT c FROM sbtest8 WHERE id BETWEEN 2463000 AND 2463099
	Index Scan using sbtest8_pkey on sbtest8  (cost=0.43..363.23 rows=91 width=121)
	  Index Cond: ((id >= 2463000) AND (id <= 2463099))

for point_selects
table 1 : explain SELECT c FROM sbtest1 WHERE id=5265166
	Index Scan using sbtest1_pkey on sbtest1  (cost=0.43..8.45 rows=1 width=121)
	  Index Cond: (id = 5265166)

table 2 : explain SELECT c FROM sbtest2 WHERE id=856934
	Index Scan using sbtest2_pkey on sbtest2  (cost=0.43..8.45 rows=1 width=121)
	  Index Cond: (id = 856934)

table 3 : explain SELECT c FROM sbtest3 WHERE id=2999153
	Index Scan using sbtest3_pkey on sbtest3  (cost=0.43..8.45 rows=1 width=121)
	  Index Cond: (id = 2999153)

table 4 : explain SELECT c FROM sbtest4 WHERE id=4187987
	Index Scan using sbtest4_pkey on sbtest4  (cost=0.43..8.45 rows=1 width=121)
	  Index Cond: (id = 4187987)

table 5 : explain SELECT c FROM sbtest5 WHERE id=9762878
	Index Scan using sbtest5_pkey on sbtest5  (cost=0.43..8.45 rows=1 width=121)
	  Index Cond: (id = 9762878)

table 6 : explain SELECT c FROM sbtest6 WHERE id=6735753
	Index Scan using sbtest6_pkey on sbtest6  (cost=0.43..8.45 rows=1 width=121)
	  Index Cond: (id = 6735753)

table 7 : explain SELECT c FROM sbtest7 WHERE id=9484390
	Index Scan using sbtest7_pkey on sbtest7  (cost=0.43..8.45 rows=1 width=121)
	  Index Cond: (id = 9484390)

table 8 : explain SELECT c FROM sbtest8 WHERE id=3073994
	Index Scan using sbtest8_pkey on sbtest8  (cost=0.43..8.45 rows=1 width=121)
	  Index Cond: (id = 3073994)

explain: for point_selects :: explain SELECT c FROM sbtest%u WHERE id=%u
explain: for point_selects :: explain SELECT c FROM sbtest%u WHERE id=%u
for: simple_ranges
table 1 : explain SELECT c FROM sbtest1 WHERE id BETWEEN 262031 AND 262130
	Index Scan using sbtest1_pkey on sbtest1  (cost=0.43..400.22 rows=100 width=121)
	  Index Cond: ((id >= 262031) AND (id <= 262130))

table 2 : explain SELECT c FROM sbtest2 WHERE id BETWEEN 3193272 AND 3193371
	Index Scan using sbtest2_pkey on sbtest2  (cost=0.43..385.22 rows=96 width=121)
	  Index Cond: ((id >= 3193272) AND (id <= 3193371))

table 3 : explain SELECT c FROM sbtest3 WHERE id BETWEEN 3983893 AND 3983992
	Index Scan using sbtest3_pkey on sbtest3  (cost=0.43..384.58 rows=96 width=121)
	  Index Cond: ((id >= 3983893) AND (id <= 3983992))

table 4 : explain SELECT c FROM sbtest4 WHERE id BETWEEN 697237 AND 697336
	Index Scan using sbtest4_pkey on sbtest4  (cost=0.43..403.14 rows=101 width=121)
	  Index Cond: ((id >= 697237) AND (id <= 697336))

table 5 : explain SELECT c FROM sbtest5 WHERE id BETWEEN 8436546 AND 8436645
	Index Scan using sbtest5_pkey on sbtest5  (cost=0.43..376.48 rows=94 width=121)
	  Index Cond: ((id >= 8436546) AND (id <= 8436645))

table 6 : explain SELECT c FROM sbtest6 WHERE id BETWEEN 6726526 AND 6726625
	Index Scan using sbtest6_pkey on sbtest6  (cost=0.43..375.80 rows=94 width=121)
	  Index Cond: ((id >= 6726526) AND (id <= 6726625))

table 7 : explain SELECT c FROM sbtest7 WHERE id BETWEEN 1002670 AND 1002769
	Index Scan using sbtest7_pkey on sbtest7  (cost=0.43..387.27 rows=97 width=121)
	  Index Cond: ((id >= 1002670) AND (id <= 1002769))

table 8 : explain SELECT c FROM sbtest8 WHERE id BETWEEN 6331662 AND 6331761
	Index Scan using sbtest8_pkey on sbtest8  (cost=0.43..410.54 rows=103 width=121)
	  Index Cond: ((id >= 6331662) AND (id <= 6331761))

for: simple_ranges
table 1 : explain SELECT c FROM sbtest1 WHERE id BETWEEN 9956764 AND 9956863
	Index Scan using sbtest1_pkey on sbtest1  (cost=0.43..423.98 rows=106 width=121)
	  Index Cond: ((id >= 9956764) AND (id <= 9956863))

table 2 : explain SELECT c FROM sbtest2 WHERE id BETWEEN 3555890 AND 3555989
	Index Scan using sbtest2_pkey on sbtest2  (cost=0.43..377.29 rows=94 width=121)
	  Index Cond: ((id >= 3555890) AND (id <= 3555989))

table 3 : explain SELECT c FROM sbtest3 WHERE id BETWEEN 5973154 AND 5973253
	Index Scan using sbtest3_pkey on sbtest3  (cost=0.43..396.45 rows=99 width=121)
	  Index Cond: ((id >= 5973154) AND (id <= 5973253))

table 4 : explain SELECT c FROM sbtest4 WHERE id BETWEEN 8216644 AND 8216743
	Index Scan using sbtest4_pkey on sbtest4  (cost=0.43..407.10 rows=102 width=121)
	  Index Cond: ((id >= 8216644) AND (id <= 8216743))

table 5 : explain SELECT c FROM sbtest5 WHERE id BETWEEN 6463356 AND 6463455
	Index Scan using sbtest5_pkey on sbtest5  (cost=0.43..360.65 rows=90 width=121)
	  Index Cond: ((id >= 6463356) AND (id <= 6463455))

table 6 : explain SELECT c FROM sbtest6 WHERE id BETWEEN 1433255 AND 1433354
	Index Scan using sbtest6_pkey on sbtest6  (cost=0.43..379.75 rows=95 width=121)
	  Index Cond: ((id >= 1433255) AND (id <= 1433354))

table 7 : explain SELECT c FROM sbtest7 WHERE id BETWEEN 6126806 AND 6126905
	Index Scan using sbtest7_pkey on sbtest7  (cost=0.43..391.21 rows=98 width=121)
	  Index Cond: ((id >= 6126806) AND (id <= 6126905))

table 8 : explain SELECT c FROM sbtest8 WHERE id BETWEEN 6640669 AND 6640768
	Index Scan using sbtest8_pkey on sbtest8  (cost=0.43..398.72 rows=100 width=121)
	  Index Cond: ((id >= 6640669) AND (id <= 6640768))

explain: for point_selects :: explain SELECT c FROM sbtest%u WHERE id=%u
for point_selects
table 1 : explain SELECT c FROM sbtest1 WHERE id=8801633
	Index Scan using sbtest1_pkey on sbtest1  (cost=0.43..8.45 rows=1 width=121)
	  Index Cond: (id = 8801633)

table 2 : explain SELECT c FROM sbtest2 WHERE id=474598
	Index Scan using sbtest2_pkey on sbtest2  (cost=0.43..8.45 rows=1 width=121)
	  Index Cond: (id = 474598)

table 3 : explain SELECT c FROM sbtest3 WHERE id=4094925
	Index Scan using sbtest3_pkey on sbtest3  (cost=0.43..8.45 rows=1 width=121)
	  Index Cond: (id = 4094925)

table 4 : explain SELECT c FROM sbtest4 WHERE id=5513150
	Index Scan using sbtest4_pkey on sbtest4  (cost=0.43..8.45 rows=1 width=121)
	  Index Cond: (id = 5513150)

table 5 : explain SELECT c FROM sbtest5 WHERE id=4071439
	Index Scan using sbtest5_pkey on sbtest5  (cost=0.43..8.45 rows=1 width=121)
	  Index Cond: (id = 4071439)

table 6 : explain SELECT c FROM sbtest6 WHERE id=2244969
	Index Scan using sbtest6_pkey on sbtest6  (cost=0.43..8.45 rows=1 width=121)
	  Index Cond: (id = 2244969)

table 7 : explain SELECT c FROM sbtest7 WHERE id=1863844
	Index Scan using sbtest7_pkey on sbtest7  (cost=0.43..8.45 rows=1 width=121)
	  Index Cond: (id = 1863844)

table 8 : explain SELECT c FROM sbtest8 WHERE id=4936922
	Index Scan using sbtest8_pkey on sbtest8  (cost=0.43..8.45 rows=1 width=121)
	  Index Cond: (id = 4936922)

for point_selects
table 1 : explain SELECT c FROM sbtest1 WHERE id=2068689
	Index Scan using sbtest1_pkey on sbtest1  (cost=0.43..8.45 rows=1 width=121)
	  Index Cond: (id = 2068689)

table 2 : explain SELECT c FROM sbtest2 WHERE id=8897065
	Index Scan using sbtest2_pkey on sbtest2  (cost=0.43..8.45 rows=1 width=121)
	  Index Cond: (id = 8897065)

table 3 : explain SELECT c FROM sbtest3 WHERE id=4412430
	Index Scan using sbtest3_pkey on sbtest3  (cost=0.43..8.45 rows=1 width=121)
	  Index Cond: (id = 4412430)

table 4 : explain SELECT c FROM sbtest4 WHERE id=9156903
	Index Scan using sbtest4_pkey on sbtest4  (cost=0.43..8.45 rows=1 width=121)
	  Index Cond: (id = 9156903)

table 5 : explain SELECT c FROM sbtest5 WHERE id=3589869
	Index Scan using sbtest5_pkey on sbtest5  (cost=0.43..8.45 rows=1 width=121)
	  Index Cond: (id = 3589869)

table 6 : explain SELECT c FROM sbtest6 WHERE id=4567997
	Index Scan using sbtest6_pkey on sbtest6  (cost=0.43..8.45 rows=1 width=121)
	  Index Cond: (id = 4567997)

table 7 : explain SELECT c FROM sbtest7 WHERE id=8212434
	Index Scan using sbtest7_pkey on sbtest7  (cost=0.43..8.45 rows=1 width=121)
	  Index Cond: (id = 8212434)

table 8 : explain SELECT c FROM sbtest8 WHERE id=1877299
	Index Scan using sbtest8_pkey on sbtest8  (cost=0.43..8.45 rows=1 width=121)
	  Index Cond: (id = 1877299)

for: simple_ranges
table 1 : explain SELECT c FROM sbtest1 WHERE id BETWEEN 8736024 AND 8736123
	Index Scan using sbtest1_pkey on sbtest1  (cost=0.43..412.11 rows=103 width=121)
	  Index Cond: ((id >= 8736024) AND (id <= 8736123))

table 2 : explain SELECT c FROM sbtest2 WHERE id BETWEEN 2687786 AND 2687885
	Index Scan using sbtest2_pkey on sbtest2  (cost=0.43..385.22 rows=96 width=121)
	  Index Cond: ((id >= 2687786) AND (id <= 2687885))

table 3 : explain SELECT c FROM sbtest3 WHERE id BETWEEN 5995886 AND 5995985
	Index Scan using sbtest3_pkey on sbtest3  (cost=0.43..396.45 rows=99 width=121)
	  Index Cond: ((id >= 5995886) AND (id <= 5995985))

table 4 : explain SELECT c FROM sbtest4 WHERE id BETWEEN 9109421 AND 9109520
	Index Scan using sbtest4_pkey on sbtest4  (cost=0.43..367.62 rows=92 width=121)
	  Index Cond: ((id >= 9109421) AND (id <= 9109520))

table 5 : explain SELECT c FROM sbtest5 WHERE id BETWEEN 4008283 AND 4008382
	Index Scan using sbtest5_pkey on sbtest5  (cost=0.43..408.15 rows=102 width=121)
	  Index Cond: ((id >= 4008283) AND (id <= 4008382))

table 6 : explain SELECT c FROM sbtest6 WHERE id BETWEEN 569038 AND 569137
	Index Scan using sbtest6_pkey on sbtest6  (cost=0.43..363.95 rows=91 width=121)
	  Index Cond: ((id >= 569038) AND (id <= 569137))

table 7 : explain SELECT c FROM sbtest7 WHERE id BETWEEN 7860961 AND 7861060
	Index Scan using sbtest7_pkey on sbtest7  (cost=0.43..407.02 rows=102 width=121)
	  Index Cond: ((id >= 7860961) AND (id <= 7861060))

table 8 : explain SELECT c FROM sbtest8 WHERE id BETWEEN 4468746 AND 4468845
	Index Scan using sbtest8_pkey on sbtest8  (cost=0.43..402.66 rows=101 width=121)
	  Index Cond: ((id >= 4468746) AND (id <= 4468845))

explain: for point_selects :: explain SELECT c FROM sbtest%u WHERE id=%u
for: sum_ranges
table 1 : explain SELECT SUM(k) FROM sbtest1 WHERE id BETWEEN 8395543 AND 8395642
	Aggregate  (cost=396.51..396.52 rows=1 width=8)
	  ->  Index Scan using sbtest1_pkey on sbtest1  (cost=0.43..396.27 rows=99 width=4)
	        Index Cond: ((id >= 8395543) AND (id <= 8395642))

table 2 : explain SELECT SUM(k) FROM sbtest2 WHERE id BETWEEN 2033500 AND 2033599
	Aggregate  (cost=377.53..377.54 rows=1 width=8)
	  ->  Index Scan using sbtest2_pkey on sbtest2  (cost=0.43..377.29 rows=94 width=4)
	        Index Cond: ((id >= 2033500) AND (id <= 2033599))

table 3 : explain SELECT SUM(k) FROM sbtest3 WHERE id BETWEEN 9922976 AND 9923075
	Aggregate  (cost=420.49..420.50 rows=1 width=8)
	  ->  Index Scan using sbtest3_pkey on sbtest3  (cost=0.43..420.22 rows=105 width=4)
	        Index Cond: ((id >= 9922976) AND (id <= 9923075))

table 4 : explain SELECT SUM(k) FROM sbtest4 WHERE id BETWEEN 8253516 AND 8253615
	Aggregate  (cost=407.36..407.37 rows=1 width=8)
	  ->  Index Scan using sbtest4_pkey on sbtest4  (cost=0.43..407.10 rows=102 width=4)
	        Index Cond: ((id >= 8253516) AND (id <= 8253615))

table 5 : explain SELECT SUM(k) FROM sbtest5 WHERE id BETWEEN 1066986 AND 1067085
	Aggregate  (cost=408.40..408.41 rows=1 width=8)
	  ->  Index Scan using sbtest5_pkey on sbtest5  (cost=0.43..408.15 rows=102 width=4)
	        Index Cond: ((id >= 1066986) AND (id <= 1067085))

table 6 : explain SELECT SUM(k) FROM sbtest6 WHERE id BETWEEN 9916184 AND 9916283
	Aggregate  (cost=372.08..372.09 rows=1 width=8)
	  ->  Index Scan using sbtest6_pkey on sbtest6  (cost=0.43..371.85 rows=93 width=4)
	        Index Cond: ((id >= 9916184) AND (id <= 9916283))

table 7 : explain SELECT SUM(k) FROM sbtest7 WHERE id BETWEEN 7549422 AND 7549521
	Aggregate  (cost=375.67..375.68 rows=1 width=8)
	  ->  Index Scan using sbtest7_pkey on sbtest7  (cost=0.43..375.43 rows=94 width=4)
	        Index Cond: ((id >= 7549422) AND (id <= 7549521))

table 8 : explain SELECT SUM(k) FROM sbtest8 WHERE id BETWEEN 2067572 AND 2067671
	Aggregate  (cost=410.80..410.81 rows=1 width=8)
	  ->  Index Scan using sbtest8_pkey on sbtest8  (cost=0.43..410.54 rows=103 width=4)
	        Index Cond: ((id >= 2067572) AND (id <= 2067671))

for: simple_ranges
table 1 : explain SELECT c FROM sbtest1 WHERE id BETWEEN 1420216 AND 1420315
	Index Scan using sbtest1_pkey on sbtest1  (cost=0.43..408.15 rows=102 width=121)
	  Index Cond: ((id >= 1420216) AND (id <= 1420315))

table 2 : explain SELECT c FROM sbtest2 WHERE id BETWEEN 7135703 AND 7135802
	Index Scan using sbtest2_pkey on sbtest2  (cost=0.43..413.00 rows=103 width=121)
	  Index Cond: ((id >= 7135703) AND (id <= 7135802))

table 3 : explain SELECT c FROM sbtest3 WHERE id BETWEEN 2047957 AND 2048056
	Index Scan using sbtest3_pkey on sbtest3  (cost=0.43..400.41 rows=100 width=121)
	  Index Cond: ((id >= 2047957) AND (id <= 2048056))

table 4 : explain SELECT c FROM sbtest4 WHERE id BETWEEN 3733355 AND 3733454
	Index Scan using sbtest4_pkey on sbtest4  (cost=0.43..399.19 rows=100 width=121)
	  Index Cond: ((id >= 3733355) AND (id <= 3733454))

table 5 : explain SELECT c FROM sbtest5 WHERE id BETWEEN 2934491 AND 2934590
	Index Scan using sbtest5_pkey on sbtest5  (cost=0.43..420.02 rows=105 width=121)
	  Index Cond: ((id >= 2934491) AND (id <= 2934590))

table 6 : explain SELECT c FROM sbtest6 WHERE id BETWEEN 8191648 AND 8191747
	Index Scan using sbtest6_pkey on sbtest6  (cost=0.43..395.55 rows=99 width=121)
	  Index Cond: ((id >= 8191648) AND (id <= 8191747))

table 7 : explain SELECT c FROM sbtest7 WHERE id BETWEEN 3006608 AND 3006707
	Index Scan using sbtest7_pkey on sbtest7  (cost=0.43..418.85 rows=105 width=121)
	  Index Cond: ((id >= 3006608) AND (id <= 3006707))

table 8 : explain SELECT c FROM sbtest8 WHERE id BETWEEN 2582693 AND 2582792
	Index Scan using sbtest8_pkey on sbtest8  (cost=0.43..390.82 rows=98 width=121)
	  Index Cond: ((id >= 2582693) AND (id <= 2582792))

for: sum_ranges
table 1 : explain SELECT SUM(k) FROM sbtest1 WHERE id BETWEEN 5637992 AND 5638091
	Aggregate  (cost=384.64..384.65 rows=1 width=8)
	  ->  Index Scan using sbtest1_pkey on sbtest1  (cost=0.43..384.40 rows=96 width=4)
	        Index Cond: ((id >= 5637992) AND (id <= 5638091))

table 2 : explain SELECT SUM(k) FROM sbtest2 WHERE id BETWEEN 9967549 AND 9967648
	Aggregate  (cost=405.30..405.31 rows=1 width=8)
	  ->  Index Scan using sbtest2_pkey on sbtest2  (cost=0.43..405.05 rows=101 width=4)
	        Index Cond: ((id >= 9967549) AND (id <= 9967648))

table 3 : explain SELECT SUM(k) FROM sbtest3 WHERE id BETWEEN 2686023 AND 2686122
	Aggregate  (cost=400.66..400.67 rows=1 width=8)
	  ->  Index Scan using sbtest3_pkey on sbtest3  (cost=0.43..400.41 rows=100 width=4)
	        Index Cond: ((id >= 2686023) AND (id <= 2686122))

table 4 : explain SELECT SUM(k) FROM sbtest4 WHERE id BETWEEN 8624883 AND 8624982
	Aggregate  (cost=403.39..403.40 rows=1 width=8)
	  ->  Index Scan using sbtest4_pkey on sbtest4  (cost=0.43..403.14 rows=101 width=4)
	        Index Cond: ((id >= 8624883) AND (id <= 8624982))

table 5 : explain SELECT SUM(k) FROM sbtest5 WHERE id BETWEEN 562744 AND 562843
	Aggregate  (cost=380.67..380.68 rows=1 width=8)
	  ->  Index Scan using sbtest5_pkey on sbtest5  (cost=0.43..380.43 rows=95 width=4)
	        Index Cond: ((id >= 562744) AND (id <= 562843))

table 6 : explain SELECT SUM(k) FROM sbtest6 WHERE id BETWEEN 90128 AND 90227
	Aggregate  (cost=387.89..387.90 rows=1 width=8)
	  ->  Index Scan using sbtest6_pkey on sbtest6  (cost=0.43..387.65 rows=97 width=4)
	        Index Cond: ((id >= 90128) AND (id <= 90227))

table 7 : explain SELECT SUM(k) FROM sbtest7 WHERE id BETWEEN 2867431 AND 2867530
	Aggregate  (cost=403.32..403.33 rows=1 width=8)
	  ->  Index Scan using sbtest7_pkey on sbtest7  (cost=0.43..403.07 rows=101 width=4)
	        Index Cond: ((id >= 2867431) AND (id <= 2867530))

table 8 : explain SELECT SUM(k) FROM sbtest8 WHERE id BETWEEN 9220077 AND 9220176
	Aggregate  (cost=355.57..355.58 rows=1 width=8)
	  ->  Index Scan using sbtest8_pkey on sbtest8  (cost=0.43..355.34 rows=89 width=4)
	        Index Cond: ((id >= 9220077) AND (id <= 9220176))

for: sum_ranges
table 1 : explain SELECT SUM(k) FROM sbtest1 WHERE id BETWEEN 6772517 AND 6772616
	Aggregate  (cost=455.92..455.93 rows=1 width=8)
	  ->  Index Scan using sbtest1_pkey on sbtest1  (cost=0.43..455.64 rows=114 width=4)
	        Index Cond: ((id >= 6772517) AND (id <= 6772616))

table 2 : explain SELECT SUM(k) FROM sbtest2 WHERE id BETWEEN 939814 AND 939913
	Aggregate  (cost=445.00..445.01 rows=1 width=8)
	  ->  Index Scan using sbtest2_pkey on sbtest2  (cost=0.43..444.72 rows=111 width=4)
	        Index Cond: ((id >= 939814) AND (id <= 939913))

table 3 : explain SELECT SUM(k) FROM sbtest3 WHERE id BETWEEN 4402608 AND 4402707
	Aggregate  (cost=412.56..412.57 rows=1 width=8)
	  ->  Index Scan using sbtest3_pkey on sbtest3  (cost=0.43..412.31 rows=103 width=4)
	        Index Cond: ((id >= 4402608) AND (id <= 4402707))

table 4 : explain SELECT SUM(k) FROM sbtest4 WHERE id BETWEEN 1102964 AND 1103063
	Aggregate  (cost=411.30..411.31 rows=1 width=8)
	  ->  Index Scan using sbtest4_pkey on sbtest4  (cost=0.43..411.05 rows=103 width=4)
	        Index Cond: ((id >= 1102964) AND (id <= 1103063))

table 5 : explain SELECT SUM(k) FROM sbtest5 WHERE id BETWEEN 3830614 AND 3830713
	Aggregate  (cost=404.43..404.44 rows=1 width=8)
	  ->  Index Scan using sbtest5_pkey on sbtest5  (cost=0.43..404.17 rows=101 width=4)
	        Index Cond: ((id >= 3830614) AND (id <= 3830713))

table 6 : explain SELECT SUM(k) FROM sbtest6 WHERE id BETWEEN 8434237 AND 8434336
	Aggregate  (cost=379.99..380.00 rows=1 width=8)
	  ->  Index Scan using sbtest6_pkey on sbtest6  (cost=0.43..379.75 rows=95 width=4)
	        Index Cond: ((id >= 8434237) AND (id <= 8434336))

table 7 : explain SELECT SUM(k) FROM sbtest7 WHERE id BETWEEN 8694044 AND 8694143
	Aggregate  (cost=399.36..399.37 rows=1 width=8)
	  ->  Index Scan using sbtest7_pkey on sbtest7  (cost=0.43..399.11 rows=100 width=4)
	        Index Cond: ((id >= 8694044) AND (id <= 8694143))

table 8 : explain SELECT SUM(k) FROM sbtest8 WHERE id BETWEEN 6333907 AND 6334006
	Aggregate  (cost=410.80..410.81 rows=1 width=8)
	  ->  Index Scan using sbtest8_pkey on sbtest8  (cost=0.43..410.54 rows=103 width=4)
	        Index Cond: ((id >= 6333907) AND (id <= 6334006))

explain: for point_selects :: explain SELECT c FROM sbtest%u WHERE id=%u
for point_selects
table 1 : explain SELECT c FROM sbtest1 WHERE id=7610744
	Index Scan using sbtest1_pkey on sbtest1  (cost=0.43..8.45 rows=1 width=121)
	  Index Cond: (id = 7610744)

table 2 : explain SELECT c FROM sbtest2 WHERE id=6097447
	Index Scan using sbtest2_pkey on sbtest2  (cost=0.43..8.45 rows=1 width=121)
	  Index Cond: (id = 6097447)

table 3 : explain SELECT c FROM sbtest3 WHERE id=2072651
	Index Scan using sbtest3_pkey on sbtest3  (cost=0.43..8.45 rows=1 width=121)
	  Index Cond: (id = 2072651)

table 4 : explain SELECT c FROM sbtest4 WHERE id=6028841
	Index Scan using sbtest4_pkey on sbtest4  (cost=0.43..8.45 rows=1 width=121)
	  Index Cond: (id = 6028841)

table 5 : explain SELECT c FROM sbtest5 WHERE id=3858397
	Index Scan using sbtest5_pkey on sbtest5  (cost=0.43..8.45 rows=1 width=121)
	  Index Cond: (id = 3858397)

table 6 : explain SELECT c FROM sbtest6 WHERE id=3892262
	Index Scan using sbtest6_pkey on sbtest6  (cost=0.43..8.45 rows=1 width=121)
	  Index Cond: (id = 3892262)

table 7 : explain SELECT c FROM sbtest7 WHERE id=9102104
	Index Scan using sbtest7_pkey on sbtest7  (cost=0.43..8.45 rows=1 width=121)
	  Index Cond: (id = 9102104)

table 8 : explain SELECT c FROM sbtest8 WHERE id=647675
	Index Scan using sbtest8_pkey on sbtest8  (cost=0.43..8.45 rows=1 width=121)
	  Index Cond: (id = 647675)

for: sum_ranges
table 1 : explain SELECT SUM(k) FROM sbtest1 WHERE id BETWEEN 1477738 AND 1477837
	Aggregate  (cost=416.33..416.34 rows=1 width=8)
	  ->  Index Scan using sbtest1_pkey on sbtest1  (cost=0.43..416.07 rows=104 width=4)
	        Index Cond: ((id >= 1477738) AND (id <= 1477837))

table 2 : explain SELECT SUM(k) FROM sbtest2 WHERE id BETWEEN 589104 AND 589203
	Aggregate  (cost=373.56..373.57 rows=1 width=8)
	  ->  Index Scan using sbtest2_pkey on sbtest2  (cost=0.43..373.32 rows=93 width=4)
	        Index Cond: ((id >= 589104) AND (id <= 589203))

table 3 : explain SELECT SUM(k) FROM sbtest3 WHERE id BETWEEN 199055 AND 199154
	Aggregate  (cost=420.49..420.50 rows=1 width=8)
	  ->  Index Scan using sbtest3_pkey on sbtest3  (cost=0.43..420.22 rows=105 width=4)
	        Index Cond: ((id >= 199055) AND (id <= 199154))

table 4 : explain SELECT SUM(k) FROM sbtest4 WHERE id BETWEEN 2915230 AND 2915329
	Aggregate  (cost=435.00..435.01 rows=1 width=8)
	  ->  Index Scan using sbtest4_pkey on sbtest4  (cost=0.43..434.73 rows=109 width=4)
	        Index Cond: ((id >= 2915230) AND (id <= 2915329))

table 5 : explain SELECT SUM(k) FROM sbtest5 WHERE id BETWEEN 2251005 AND 2251104
	Aggregate  (cost=376.71..376.72 rows=1 width=8)
	  ->  Index Scan using sbtest5_pkey on sbtest5  (cost=0.43..376.48 rows=94 width=4)
	        Index Cond: ((id >= 2251005) AND (id <= 2251104))

table 6 : explain SELECT SUM(k) FROM sbtest6 WHERE id BETWEEN 6976923 AND 6977022
	Aggregate  (cost=395.80..395.81 rows=1 width=8)
	  ->  Index Scan using sbtest6_pkey on sbtest6  (cost=0.43..395.55 rows=99 width=4)
	        Index Cond: ((id >= 6976923) AND (id <= 6977022))

table 7 : explain SELECT SUM(k) FROM sbtest7 WHERE id BETWEEN 3891583 AND 3891682
	Aggregate  (cost=395.41..395.42 rows=1 width=8)
	  ->  Index Scan using sbtest7_pkey on sbtest7  (cost=0.43..395.16 rows=99 width=4)
	        Index Cond: ((id >= 3891583) AND (id <= 3891682))

table 8 : explain SELECT SUM(k) FROM sbtest8 WHERE id BETWEEN 123482 AND 123581
	Aggregate  (cost=430.52..430.53 rows=1 width=8)
	  ->  Index Scan using sbtest8_pkey on sbtest8  (cost=0.43..430.25 rows=108 width=4)
	        Index Cond: ((id >= 123482) AND (id <= 123581))

explain: for point_selects :: explain SELECT c FROM sbtest%u WHERE id=%u
explain: for point_selects :: explain SELECT c FROM sbtest%u WHERE id=%u
for point_selects
table 1 : explain SELECT c FROM sbtest1 WHERE id=7809481
	Index Scan using sbtest1_pkey on sbtest1  (cost=0.43..8.45 rows=1 width=121)
	  Index Cond: (id = 7809481)

table 2 : explain SELECT c FROM sbtest2 WHERE id=955184
	Index Scan using sbtest2_pkey on sbtest2  (cost=0.43..8.45 rows=1 width=121)
	  Index Cond: (id = 955184)

table 3 : explain SELECT c FROM sbtest3 WHERE id=2342431
	Index Scan using sbtest3_pkey on sbtest3  (cost=0.43..8.45 rows=1 width=121)
	  Index Cond: (id = 2342431)

table 4 : explain SELECT c FROM sbtest4 WHERE id=4266046
	Index Scan using sbtest4_pkey on sbtest4  (cost=0.43..8.45 rows=1 width=121)
	  Index Cond: (id = 4266046)

table 5 : explain SELECT c FROM sbtest5 WHERE id=7847769
	Index Scan using sbtest5_pkey on sbtest5  (cost=0.43..8.45 rows=1 width=121)
	  Index Cond: (id = 7847769)

table 6 : explain SELECT c FROM sbtest6 WHERE id=7127601
	Index Scan using sbtest6_pkey on sbtest6  (cost=0.43..8.45 rows=1 width=121)
	  Index Cond: (id = 7127601)

table 7 : explain SELECT c FROM sbtest7 WHERE id=966332
	Index Scan using sbtest7_pkey on sbtest7  (cost=0.43..8.45 rows=1 width=121)
	  Index Cond: (id = 966332)

table 8 : explain SELECT c FROM sbtest8 WHERE id=760067
	Index Scan using sbtest8_pkey on sbtest8  (cost=0.43..8.45 rows=1 width=121)
	  Index Cond: (id = 760067)

for: simple_ranges
table 1 : explain SELECT c FROM sbtest1 WHERE id BETWEEN 68920 AND 69019
	Index Scan using sbtest1_pkey on sbtest1  (cost=0.43..368.57 rows=92 width=121)
	  Index Cond: ((id >= 68920) AND (id <= 69019))

table 2 : explain SELECT c FROM sbtest2 WHERE id BETWEEN 7317182 AND 7317281
	Index Scan using sbtest2_pkey on sbtest2  (cost=0.43..420.93 rows=105 width=121)
	  Index Cond: ((id >= 7317182) AND (id <= 7317281))

table 3 : explain SELECT c FROM sbtest3 WHERE id BETWEEN 2714961 AND 2715060
	Index Scan using sbtest3_pkey on sbtest3  (cost=0.43..400.41 rows=100 width=121)
	  Index Cond: ((id >= 2714961) AND (id <= 2715060))

table 4 : explain SELECT c FROM sbtest4 WHERE id BETWEEN 1850762 AND 1850861
	Index Scan using sbtest4_pkey on sbtest4  (cost=0.43..375.51 rows=94 width=121)
	  Index Cond: ((id >= 1850762) AND (id <= 1850861))

table 5 : explain SELECT c FROM sbtest5 WHERE id BETWEEN 3774358 AND 3774457
	Index Scan using sbtest5_pkey on sbtest5  (cost=0.43..404.17 rows=101 width=121)
	  Index Cond: ((id >= 3774358) AND (id <= 3774457))

table 6 : explain SELECT c FROM sbtest6 WHERE id BETWEEN 8658998 AND 8659097
	Index Scan using sbtest6_pkey on sbtest6  (cost=0.43..371.85 rows=93 width=121)
	  Index Cond: ((id >= 8658998) AND (id <= 8659097))

table 7 : explain SELECT c FROM sbtest7 WHERE id BETWEEN 3065424 AND 3065523
	Index Scan using sbtest7_pkey on sbtest7  (cost=0.43..383.32 rows=96 width=121)
	  Index Cond: ((id >= 3065424) AND (id <= 3065523))

table 8 : explain SELECT c FROM sbtest8 WHERE id BETWEEN 5071890 AND 5071989
	Index Scan using sbtest8_pkey on sbtest8  (cost=0.43..363.23 rows=91 width=121)
	  Index Cond: ((id >= 5071890) AND (id <= 5071989))

explain: for point_selects :: explain SELECT c FROM sbtest%u WHERE id=%u
explain: for point_selects :: explain SELECT c FROM sbtest%u WHERE id=%u
for point_selects
table 1 : explain SELECT c FROM sbtest1 WHERE id=608687
	Index Scan using sbtest1_pkey on sbtest1  (cost=0.43..8.45 rows=1 width=121)
	  Index Cond: (id = 608687)

table 2 : explain SELECT c FROM sbtest2 WHERE id=732020
	Index Scan using sbtest2_pkey on sbtest2  (cost=0.43..8.45 rows=1 width=121)
	  Index Cond: (id = 732020)

table 3 : explain SELECT c FROM sbtest3 WHERE id=4479181
	Index Scan using sbtest3_pkey on sbtest3  (cost=0.43..8.45 rows=1 width=121)
	  Index Cond: (id = 4479181)

table 4 : explain SELECT c FROM sbtest4 WHERE id=5100563
	Index Scan using sbtest4_pkey on sbtest4  (cost=0.43..8.45 rows=1 width=121)
	  Index Cond: (id = 5100563)

table 5 : explain SELECT c FROM sbtest5 WHERE id=3591401
	Index Scan using sbtest5_pkey on sbtest5  (cost=0.43..8.45 rows=1 width=121)
	  Index Cond: (id = 3591401)

table 6 : explain SELECT c FROM sbtest6 WHERE id=368267
	Index Scan using sbtest6_pkey on sbtest6  (cost=0.43..8.45 rows=1 width=121)
	  Index Cond: (id = 368267)

table 7 : explain SELECT c FROM sbtest7 WHERE id=6512529
	Index Scan using sbtest7_pkey on sbtest7  (cost=0.43..8.45 rows=1 width=121)
	  Index Cond: (id = 6512529)

table 8 : explain SELECT c FROM sbtest8 WHERE id=1295753
	Index Scan using sbtest8_pkey on sbtest8  (cost=0.43..8.45 rows=1 width=121)
	  Index Cond: (id = 1295753)

for: sum_ranges
table 1 : explain SELECT SUM(k) FROM sbtest1 WHERE id BETWEEN 3647756 AND 3647855
	Aggregate  (cost=380.68..380.69 rows=1 width=8)
	  ->  Index Scan using sbtest1_pkey on sbtest1  (cost=0.43..380.44 rows=95 width=4)
	        Index Cond: ((id >= 3647756) AND (id <= 3647855))

table 2 : explain SELECT SUM(k) FROM sbtest2 WHERE id BETWEEN 4430288 AND 4430387
	Aggregate  (cost=401.33..401.34 rows=1 width=8)
	  ->  Index Scan using sbtest2_pkey on sbtest2  (cost=0.43..401.08 rows=100 width=4)
	        Index Cond: ((id >= 4430288) AND (id <= 4430387))

table 3 : explain SELECT SUM(k) FROM sbtest3 WHERE id BETWEEN 3058148 AND 3058247
	Aggregate  (cost=396.70..396.71 rows=1 width=8)
	  ->  Index Scan using sbtest3_pkey on sbtest3  (cost=0.43..396.45 rows=99 width=4)
	        Index Cond: ((id >= 3058148) AND (id <= 3058247))

table 4 : explain SELECT SUM(k) FROM sbtest4 WHERE id BETWEEN 6094641 AND 6094740
	Aggregate  (cost=363.90..363.91 rows=1 width=8)
	  ->  Index Scan using sbtest4_pkey on sbtest4  (cost=0.43..363.67 rows=91 width=4)
	        Index Cond: ((id >= 6094641) AND (id <= 6094740))

table 5 : explain SELECT SUM(k) FROM sbtest5 WHERE id BETWEEN 2053171 AND 2053270
	Aggregate  (cost=420.28..420.29 rows=1 width=8)
	  ->  Index Scan using sbtest5_pkey on sbtest5  (cost=0.43..420.02 rows=105 width=4)
	        Index Cond: ((id >= 2053171) AND (id <= 2053270))

table 6 : explain SELECT SUM(k) FROM sbtest6 WHERE id BETWEEN 3960487 AND 3960586
	Aggregate  (cost=419.53..419.54 rows=1 width=8)
	  ->  Index Scan using sbtest6_pkey on sbtest6  (cost=0.43..419.26 rows=105 width=4)
	        Index Cond: ((id >= 3960487) AND (id <= 3960586))

table 7 : explain SELECT SUM(k) FROM sbtest7 WHERE id BETWEEN 3962886 AND 3962985
	Aggregate  (cost=430.96..430.97 rows=1 width=8)
	  ->  Index Scan using sbtest7_pkey on sbtest7  (cost=0.43..430.69 rows=108 width=4)
	        Index Cond: ((id >= 3962886) AND (id <= 3962985))

table 8 : explain SELECT SUM(k) FROM sbtest8 WHERE id BETWEEN 4620933 AND 4621032
	Aggregate  (cost=422.63..422.64 rows=1 width=8)
	  ->  Index Scan using sbtest8_pkey on sbtest8  (cost=0.43..422.37 rows=106 width=4)
	        Index Cond: ((id >= 4620933) AND (id <= 4621032))

for: order_ranges
table 1 : explain SELECT c FROM sbtest1 WHERE id BETWEEN 7828312 AND 7828411 ORDER BY c
	Sort  (cost=407.54..407.80 rows=101 width=121)
	  Sort Key: c
	  ->  Index Scan using sbtest1_pkey on sbtest1  (cost=0.43..404.18 rows=101 width=121)
	        Index Cond: ((id >= 7828312) AND (id <= 7828411))

table 2 : explain SELECT c FROM sbtest2 WHERE id BETWEEN 1728915 AND 1729014 ORDER BY c
	Sort  (cost=400.40..400.65 rows=99 width=121)
	  Sort Key: c
	  ->  Index Scan using sbtest2_pkey on sbtest2  (cost=0.43..397.12 rows=99 width=121)
	        Index Cond: ((id >= 1728915) AND (id <= 1729014))

table 3 : explain SELECT c FROM sbtest3 WHERE id BETWEEN 1554782 AND 1554881 ORDER BY c
	Sort  (cost=419.75..420.01 rows=104 width=121)
	  Sort Key: c
	  ->  Index Scan using sbtest3_pkey on sbtest3  (cost=0.43..416.26 rows=104 width=121)
	        Index Cond: ((id >= 1554782) AND (id <= 1554881))

table 4 : explain SELECT c FROM sbtest4 WHERE id BETWEEN 4227276 AND 4227375 ORDER BY c
	Sort  (cost=382.58..382.82 rows=95 width=121)
	  Sort Key: c
	  ->  Index Scan using sbtest4_pkey on sbtest4  (cost=0.43..379.46 rows=95 width=121)
	        Index Cond: ((id >= 4227276) AND (id <= 4227375))

table 5 : explain SELECT c FROM sbtest5 WHERE id BETWEEN 4684811 AND 4684910 ORDER BY c
	Sort  (cost=407.55..407.80 rows=101 width=121)
	  Sort Key: c
	  ->  Index Scan using sbtest5_pkey on sbtest5  (cost=0.43..404.19 rows=101 width=121)
	        Index Cond: ((id >= 4684811) AND (id <= 4684910))

table 6 : explain SELECT c FROM sbtest6 WHERE id BETWEEN 8603006 AND 8603105 ORDER BY c
	Sort  (cost=374.89..375.12 rows=93 width=121)
	  Sort Key: c
	  ->  Index Scan using sbtest6_pkey on sbtest6  (cost=0.43..371.85 rows=93 width=121)
	        Index Cond: ((id >= 8603006) AND (id <= 8603105))

table 7 : explain SELECT c FROM sbtest7 WHERE id BETWEEN 1307259 AND 1307358 ORDER BY c
	Sort  (cost=418.39..418.65 rows=104 width=121)
	  Sort Key: c
	  ->  Index Scan using sbtest7_pkey on sbtest7  (cost=0.43..414.91 rows=104 width=121)
	        Index Cond: ((id >= 1307259) AND (id <= 1307358))

table 8 : explain SELECT c FROM sbtest8 WHERE id BETWEEN 391162 AND 391261 ORDER BY c
	Sort  (cost=370.17..370.40 rows=92 width=121)
	  Sort Key: c
	  ->  Index Scan using sbtest8_pkey on sbtest8  (cost=0.43..367.17 rows=92 width=121)
	        Index Cond: ((id >= 391162) AND (id <= 391261))

for: order_ranges
table 1 : explain SELECT c FROM sbtest1 WHERE id BETWEEN 1033435 AND 1033534 ORDER BY c
	Sort  (cost=399.55..399.80 rows=99 width=121)
	  Sort Key: c
	  ->  Index Scan using sbtest1_pkey on sbtest1  (cost=0.43..396.27 rows=99 width=121)
	        Index Cond: ((id >= 1033435) AND (id <= 1033534))

table 2 : explain SELECT c FROM sbtest2 WHERE id BETWEEN 1124398 AND 1124497 ORDER BY c
	Sort  (cost=416.44..416.70 rows=103 width=121)
	  Sort Key: c
	  ->  Index Scan using sbtest2_pkey on sbtest2  (cost=0.43..413.00 rows=103 width=121)
	        Index Cond: ((id >= 1124398) AND (id <= 1124497))

table 3 : explain SELECT c FROM sbtest3 WHERE id BETWEEN 4074950 AND 4075049 ORDER BY c
	Sort  (cost=443.75..444.02 rows=110 width=121)
	  Sort Key: c
	  ->  Index Scan using sbtest3_pkey on sbtest3  (cost=0.43..440.02 rows=110 width=121)
	        Index Cond: ((id >= 4074950) AND (id <= 4075049))

table 4 : explain SELECT c FROM sbtest4 WHERE id BETWEEN 5598275 AND 5598374 ORDER BY c
	Sort  (cost=458.35..458.64 rows=114 width=121)
	  Sort Key: c
	  ->  Index Scan using sbtest4_pkey on sbtest4  (cost=0.43..454.46 rows=114 width=121)
	        Index Cond: ((id >= 5598275) AND (id <= 5598374))

table 5 : explain SELECT c FROM sbtest5 WHERE id BETWEEN 8600440 AND 8600539 ORDER BY c
	Sort  (cost=411.55..411.80 rows=102 width=121)
	  Sort Key: c
	  ->  Index Scan using sbtest5_pkey on sbtest5  (cost=0.43..408.15 rows=102 width=121)
	        Index Cond: ((id >= 8600440) AND (id <= 8600539))

table 6 : explain SELECT c FROM sbtest6 WHERE id BETWEEN 3175134 AND 3175233 ORDER BY c
	Sort  (cost=430.77..431.04 rows=107 width=121)
	  Sort Key: c
	  ->  Index Scan using sbtest6_pkey on sbtest6  (cost=0.43..427.16 rows=107 width=121)
	        Index Cond: ((id >= 3175134) AND (id <= 3175233))

table 7 : explain SELECT c FROM sbtest7 WHERE id BETWEEN 6490682 AND 6490781 ORDER BY c
	Sort  (cost=414.40..414.66 rows=103 width=121)
	  Sort Key: c
	  ->  Index Scan using sbtest7_pkey on sbtest7  (cost=0.43..410.96 rows=103 width=121)
	        Index Cond: ((id >= 6490682) AND (id <= 6490781))

table 8 : explain SELECT c FROM sbtest8 WHERE id BETWEEN 2672482 AND 2672581 ORDER BY c
	Sort  (cost=354.25..354.47 rows=88 width=121)
	  Sort Key: c
	  ->  Index Scan using sbtest8_pkey on sbtest8  (cost=0.43..351.40 rows=88 width=121)
	        Index Cond: ((id >= 2672482) AND (id <= 2672581))

for: sum_ranges
table 1 : explain SELECT SUM(k) FROM sbtest1 WHERE id BETWEEN 8545242 AND 8545341
	Aggregate  (cost=396.51..396.52 rows=1 width=8)
	  ->  Index Scan using sbtest1_pkey on sbtest1  (cost=0.43..396.27 rows=99 width=4)
	        Index Cond: ((id >= 8545242) AND (id <= 8545341))

table 2 : explain SELECT SUM(k) FROM sbtest2 WHERE id BETWEEN 5816449 AND 5816548
	Aggregate  (cost=357.68..357.69 rows=1 width=8)
	  ->  Index Scan using sbtest2_pkey on sbtest2  (cost=0.43..357.46 rows=89 width=4)
	        Index Cond: ((id >= 5816449) AND (id <= 5816548))

table 3 : explain SELECT SUM(k) FROM sbtest3 WHERE id BETWEEN 7956147 AND 7956246
	Aggregate  (cost=392.74..392.75 rows=1 width=8)
	  ->  Index Scan using sbtest3_pkey on sbtest3  (cost=0.43..392.50 rows=98 width=4)
	        Index Cond: ((id >= 7956147) AND (id <= 7956246))

table 4 : explain SELECT SUM(k) FROM sbtest4 WHERE id BETWEEN 7547482 AND 7547581
	Aggregate  (cost=379.70..379.71 rows=1 width=8)
	  ->  Index Scan using sbtest4_pkey on sbtest4  (cost=0.43..379.46 rows=95 width=4)
	        Index Cond: ((id >= 7547482) AND (id <= 7547581))

table 5 : explain SELECT SUM(k) FROM sbtest5 WHERE id BETWEEN 6290654 AND 6290753
	Aggregate  (cost=384.63..384.64 rows=1 width=8)
	  ->  Index Scan using sbtest5_pkey on sbtest5  (cost=0.43..384.39 rows=96 width=4)
	        Index Cond: ((id >= 6290654) AND (id <= 6290753))

table 6 : explain SELECT SUM(k) FROM sbtest6 WHERE id BETWEEN 729496 AND 729595
	Aggregate  (cost=419.53..419.54 rows=1 width=8)
	  ->  Index Scan using sbtest6_pkey on sbtest6  (cost=0.43..419.26 rows=105 width=4)
	        Index Cond: ((id >= 729496) AND (id <= 729595))

table 7 : explain SELECT SUM(k) FROM sbtest7 WHERE id BETWEEN 2071678 AND 2071777
	Aggregate  (cost=403.32..403.33 rows=1 width=8)
	  ->  Index Scan using sbtest7_pkey on sbtest7  (cost=0.43..403.07 rows=101 width=4)
	        Index Cond: ((id >= 2071678) AND (id <= 2071777))

table 8 : explain SELECT SUM(k) FROM sbtest8 WHERE id BETWEEN 7577298 AND 7577397
	Aggregate  (cost=391.06..391.07 rows=1 width=8)
	  ->  Index Scan using sbtest8_pkey on sbtest8  (cost=0.43..390.82 rows=98 width=4)
	        Index Cond: ((id >= 7577298) AND (id <= 7577397))

for: order_ranges
table 1 : explain SELECT c FROM sbtest1 WHERE id BETWEEN 6982735 AND 6982834 ORDER BY c
	Sort  (cost=415.55..415.81 rows=103 width=121)
	  Sort Key: c
	  ->  Index Scan using sbtest1_pkey on sbtest1  (cost=0.43..412.11 rows=103 width=121)
	        Index Cond: ((id >= 6982735) AND (id <= 6982834))

table 2 : explain SELECT c FROM sbtest2 WHERE id BETWEEN 1237156 AND 1237255 ORDER BY c
	Sort  (cost=464.52..464.81 rows=115 width=121)
	  Sort Key: c
	  ->  Index Scan using sbtest2_pkey on sbtest2  (cost=0.43..460.58 rows=115 width=121)
	        Index Cond: ((id >= 1237156) AND (id <= 1237255))

table 3 : explain SELECT c FROM sbtest3 WHERE id BETWEEN 6374201 AND 6374300 ORDER BY c
	Sort  (cost=407.73..407.99 rows=101 width=121)
	  Sort Key: c
	  ->  Index Scan using sbtest3_pkey on sbtest3  (cost=0.43..404.37 rows=101 width=121)
	        Index Cond: ((id >= 6374201) AND (id <= 6374300))

table 4 : explain SELECT c FROM sbtest4 WHERE id BETWEEN 1291858 AND 1291957 ORDER BY c
	Sort  (cost=378.59..378.83 rows=94 width=121)
	  Sort Key: c
	  ->  Index Scan using sbtest4_pkey on sbtest4  (cost=0.43..375.51 rows=94 width=121)
	        Index Cond: ((id >= 1291858) AND (id <= 1291957))

table 5 : explain SELECT c FROM sbtest5 WHERE id BETWEEN 9517088 AND 9517187 ORDER BY c
	Sort  (cost=403.54..403.79 rows=100 width=121)
	  Sort Key: c
	  ->  Index Scan using sbtest5_pkey on sbtest5  (cost=0.43..400.22 rows=100 width=121)
	        Index Cond: ((id >= 9517088) AND (id <= 9517187))

table 6 : explain SELECT c FROM sbtest6 WHERE id BETWEEN 5120306 AND 5120405 ORDER BY c
	Sort  (cost=398.83..399.08 rows=99 width=121)
	  Sort Key: c
	  ->  Index Scan using sbtest6_pkey on sbtest6  (cost=0.43..395.55 rows=99 width=121)
	        Index Cond: ((id >= 5120306) AND (id <= 5120405))

table 7 : explain SELECT c FROM sbtest7 WHERE id BETWEEN 21321 AND 21420 ORDER BY c
	Sort  (cost=394.46..394.70 rows=98 width=121)
	  Sort Key: c
	  ->  Index Scan using sbtest7_pkey on sbtest7  (cost=0.43..391.21 rows=98 width=121)
	        Index Cond: ((id >= 21321) AND (id <= 21420))

table 8 : explain SELECT c FROM sbtest8 WHERE id BETWEEN 2420399 AND 2420498 ORDER BY c
	Sort  (cost=366.19..366.42 rows=91 width=121)
	  Sort Key: c
	  ->  Index Scan using sbtest8_pkey on sbtest8  (cost=0.43..363.23 rows=91 width=121)
	        Index Cond: ((id >= 2420399) AND (id <= 2420498))

for point_selects
table 1 : explain SELECT c FROM sbtest1 WHERE id=1368454
	Index Scan using sbtest1_pkey on sbtest1  (cost=0.43..8.45 rows=1 width=121)
	  Index Cond: (id = 1368454)

table 2 : explain SELECT c FROM sbtest2 WHERE id=1170915
	Index Scan using sbtest2_pkey on sbtest2  (cost=0.43..8.45 rows=1 width=121)
	  Index Cond: (id = 1170915)

table 3 : explain SELECT c FROM sbtest3 WHERE id=4762955
	Index Scan using sbtest3_pkey on sbtest3  (cost=0.43..8.45 rows=1 width=121)
	  Index Cond: (id = 4762955)

table 4 : explain SELECT c FROM sbtest4 WHERE id=3413236
	Index Scan using sbtest4_pkey on sbtest4  (cost=0.43..8.45 rows=1 width=121)
	  Index Cond: (id = 3413236)

table 5 : explain SELECT c FROM sbtest5 WHERE id=6704794
	Index Scan using sbtest5_pkey on sbtest5  (cost=0.43..8.45 rows=1 width=121)
	  Index Cond: (id = 6704794)

table 6 : explain SELECT c FROM sbtest6 WHERE id=222958
	Index Scan using sbtest6_pkey on sbtest6  (cost=0.43..8.45 rows=1 width=121)
	  Index Cond: (id = 222958)

table 7 : explain SELECT c FROM sbtest7 WHERE id=6064853
	Index Scan using sbtest7_pkey on sbtest7  (cost=0.43..8.45 rows=1 width=121)
	  Index Cond: (id = 6064853)

table 8 : explain SELECT c FROM sbtest8 WHERE id=2486880
	Index Scan using sbtest8_pkey on sbtest8  (cost=0.43..8.45 rows=1 width=121)
	  Index Cond: (id = 2486880)

for: simple_ranges
table 1 : explain SELECT c FROM sbtest1 WHERE id BETWEEN 5289939 AND 5290038
	Index Scan using sbtest1_pkey on sbtest1  (cost=0.43..388.35 rows=97 width=121)
	  Index Cond: ((id >= 5289939) AND (id <= 5290038))

table 2 : explain SELECT c FROM sbtest2 WHERE id BETWEEN 6546704 AND 6546803
	Index Scan using sbtest2_pkey on sbtest2  (cost=0.43..389.19 rows=97 width=121)
	  Index Cond: ((id >= 6546704) AND (id <= 6546803))

table 3 : explain SELECT c FROM sbtest3 WHERE id BETWEEN 7985075 AND 7985174
	Index Scan using sbtest3_pkey on sbtest3  (cost=0.43..392.50 rows=98 width=121)
	  Index Cond: ((id >= 7985075) AND (id <= 7985174))

table 4 : explain SELECT c FROM sbtest4 WHERE id BETWEEN 5497594 AND 5497693
	Index Scan using sbtest4_pkey on sbtest4  (cost=0.43..403.14 rows=101 width=121)
	  Index Cond: ((id >= 5497594) AND (id <= 5497693))

table 5 : explain SELECT c FROM sbtest5 WHERE id BETWEEN 4040619 AND 4040718
	Index Scan using sbtest5_pkey on sbtest5  (cost=0.43..408.15 rows=102 width=121)
	  Index Cond: ((id >= 4040619) AND (id <= 4040718))

table 6 : explain SELECT c FROM sbtest6 WHERE id BETWEEN 406410 AND 406509
	Index Scan using sbtest6_pkey on sbtest6  (cost=0.43..415.31 rows=104 width=121)
	  Index Cond: ((id >= 406410) AND (id <= 406509))

table 7 : explain SELECT c FROM sbtest7 WHERE id BETWEEN 4400704 AND 4400803
	Index Scan using sbtest7_pkey on sbtest7  (cost=0.43..359.65 rows=90 width=121)
	  Index Cond: ((id >= 4400704) AND (id <= 4400803))

table 8 : explain SELECT c FROM sbtest8 WHERE id BETWEEN 2146788 AND 2146887
	Index Scan using sbtest8_pkey on sbtest8  (cost=0.43..410.54 rows=103 width=121)
	  Index Cond: ((id >= 2146788) AND (id <= 2146887))

for: simple_ranges
table 1 : explain SELECT c FROM sbtest1 WHERE id BETWEEN 448303 AND 448402
	Index Scan using sbtest1_pkey on sbtest1  (cost=0.43..404.18 rows=101 width=121)
	  Index Cond: ((id >= 448303) AND (id <= 448402))

table 2 : explain SELECT c FROM sbtest2 WHERE id BETWEEN 7186040 AND 7186139
	Index Scan using sbtest2_pkey on sbtest2  (cost=0.43..413.00 rows=103 width=121)
	  Index Cond: ((id >= 7186040) AND (id <= 7186139))

table 3 : explain SELECT c FROM sbtest3 WHERE id BETWEEN 110787 AND 110886
	Index Scan using sbtest3_pkey on sbtest3  (cost=0.43..396.45 rows=99 width=121)
	  Index Cond: ((id >= 110787) AND (id <= 110886))

table 4 : explain SELECT c FROM sbtest4 WHERE id BETWEEN 5938897 AND 5938996
	Index Scan using sbtest4_pkey on sbtest4  (cost=0.43..422.89 rows=106 width=121)
	  Index Cond: ((id >= 5938897) AND (id <= 5938996))

table 5 : explain SELECT c FROM sbtest5 WHERE id BETWEEN 4134152 AND 4134251
	Index Scan using sbtest5_pkey on sbtest5  (cost=0.43..376.48 rows=94 width=121)
	  Index Cond: ((id >= 4134152) AND (id <= 4134251))

table 6 : explain SELECT c FROM sbtest6 WHERE id BETWEEN 6923773 AND 6923872
	Index Scan using sbtest6_pkey on sbtest6  (cost=0.43..395.55 rows=99 width=121)
	  Index Cond: ((id >= 6923773) AND (id <= 6923872))

table 7 : explain SELECT c FROM sbtest7 WHERE id BETWEEN 7960597 AND 7960696
	Index Scan using sbtest7_pkey on sbtest7  (cost=0.43..363.59 rows=91 width=121)
	  Index Cond: ((id >= 7960597) AND (id <= 7960696))

table 8 : explain SELECT c FROM sbtest8 WHERE id BETWEEN 4426381 AND 4426480
	Index Scan using sbtest8_pkey on sbtest8  (cost=0.43..363.23 rows=91 width=121)
	  Index Cond: ((id >= 4426381) AND (id <= 4426480))

for: simple_ranges
table 1 : explain SELECT c FROM sbtest1 WHERE id BETWEEN 2310896 AND 2310995
	Index Scan using sbtest1_pkey on sbtest1  (cost=0.43..435.85 rows=109 width=121)
	  Index Cond: ((id >= 2310896) AND (id <= 2310995))

table 2 : explain SELECT c FROM sbtest2 WHERE id BETWEEN 5195895 AND 5195994
	Index Scan using sbtest2_pkey on sbtest2  (cost=0.43..397.12 rows=99 width=121)
	  Index Cond: ((id >= 5195895) AND (id <= 5195994))

table 3 : explain SELECT c FROM sbtest3 WHERE id BETWEEN 139194 AND 139293
	Index Scan using sbtest3_pkey on sbtest3  (cost=0.43..396.45 rows=99 width=121)
	  Index Cond: ((id >= 139194) AND (id <= 139293))

table 4 : explain SELECT c FROM sbtest4 WHERE id BETWEEN 6037334 AND 6037433
	Index Scan using sbtest4_pkey on sbtest4  (cost=0.43..450.51 rows=113 width=121)
	  Index Cond: ((id >= 6037334) AND (id <= 6037433))

table 5 : explain SELECT c FROM sbtest5 WHERE id BETWEEN 3552663 AND 3552762
	Index Scan using sbtest5_pkey on sbtest5  (cost=0.43..400.22 rows=100 width=121)
	  Index Cond: ((id >= 3552663) AND (id <= 3552762))

table 6 : explain SELECT c FROM sbtest6 WHERE id BETWEEN 6908911 AND 6909010
	Index Scan using sbtest6_pkey on sbtest6  (cost=0.43..395.55 rows=99 width=121)
	  Index Cond: ((id >= 6908911) AND (id <= 6909010))

table 7 : explain SELECT c FROM sbtest7 WHERE id BETWEEN 3792574 AND 3792673
	Index Scan using sbtest7_pkey on sbtest7  (cost=0.43..391.21 rows=98 width=121)
	  Index Cond: ((id >= 3792574) AND (id <= 3792673))

table 8 : explain SELECT c FROM sbtest8 WHERE id BETWEEN 4021352 AND 4021451
	Index Scan using sbtest8_pkey on sbtest8  (cost=0.43..375.05 rows=94 width=121)
	  Index Cond: ((id >= 4021352) AND (id <= 4021451))

for point_selects
table 1 : explain SELECT c FROM sbtest1 WHERE id=3250198
	Index Scan using sbtest1_pkey on sbtest1  (cost=0.43..8.45 rows=1 width=121)
	  Index Cond: (id = 3250198)

table 2 : explain SELECT c FROM sbtest2 WHERE id=6550608
	Index Scan using sbtest2_pkey on sbtest2  (cost=0.43..8.45 rows=1 width=121)
	  Index Cond: (id = 6550608)

table 3 : explain SELECT c FROM sbtest3 WHERE id=7288799
	Index Scan using sbtest3_pkey on sbtest3  (cost=0.43..8.45 rows=1 width=121)
	  Index Cond: (id = 7288799)

table 4 : explain SELECT c FROM sbtest4 WHERE id=844443
	Index Scan using sbtest4_pkey on sbtest4  (cost=0.43..8.45 rows=1 width=121)
	  Index Cond: (id = 844443)

table 5 : explain SELECT c FROM sbtest5 WHERE id=7451882
	Index Scan using sbtest5_pkey on sbtest5  (cost=0.43..8.45 rows=1 width=121)
	  Index Cond: (id = 7451882)

table 6 : explain SELECT c FROM sbtest6 WHERE id=1079927
	Index Scan using sbtest6_pkey on sbtest6  (cost=0.43..8.45 rows=1 width=121)
	  Index Cond: (id = 1079927)

table 7 : explain SELECT c FROM sbtest7 WHERE id=3904354
	Index Scan using sbtest7_pkey on sbtest7  (cost=0.43..8.45 rows=1 width=121)
	  Index Cond: (id = 3904354)

table 8 : explain SELECT c FROM sbtest8 WHERE id=2280529
	Index Scan using sbtest8_pkey on sbtest8  (cost=0.43..8.45 rows=1 width=121)
	  Index Cond: (id = 2280529)

for: order_ranges
table 1 : explain SELECT c FROM sbtest1 WHERE id BETWEEN 317893 AND 317992 ORDER BY c
	Sort  (cost=407.54..407.80 rows=101 width=121)
	  Sort Key: c
	  ->  Index Scan using sbtest1_pkey on sbtest1  (cost=0.43..404.18 rows=101 width=121)
	        Index Cond: ((id >= 317893) AND (id <= 317992))

table 2 : explain SELECT c FROM sbtest2 WHERE id BETWEEN 6990385 AND 6990484 ORDER BY c
	Sort  (cost=432.46..432.73 rows=107 width=121)
	  Sort Key: c
	  ->  Index Scan using sbtest2_pkey on sbtest2  (cost=0.43..428.86 rows=107 width=121)
	        Index Cond: ((id >= 6990385) AND (id <= 6990484))

table 3 : explain SELECT c FROM sbtest3 WHERE id BETWEEN 8575032 AND 8575131 ORDER BY c
	Sort  (cost=367.74..367.97 rows=91 width=121)
	  Sort Key: c
	  ->  Index Scan using sbtest3_pkey on sbtest3  (cost=0.43..364.78 rows=91 width=121)
	        Index Cond: ((id >= 8575032) AND (id <= 8575131))

table 4 : explain SELECT c FROM sbtest4 WHERE id BETWEEN 6820733 AND 6820832 ORDER BY c
	Sort  (cost=414.49..414.75 rows=103 width=121)
	  Sort Key: c
	  ->  Index Scan using sbtest4_pkey on sbtest4  (cost=0.43..411.05 rows=103 width=121)
	        Index Cond: ((id >= 6820733) AND (id <= 6820832))

table 5 : explain SELECT c FROM sbtest5 WHERE id BETWEEN 3774059 AND 3774158 ORDER BY c
	Sort  (cost=407.54..407.79 rows=101 width=121)
	  Sort Key: c
	  ->  Index Scan using sbtest5_pkey on sbtest5  (cost=0.43..404.17 rows=101 width=121)
	        Index Cond: ((id >= 3774059) AND (id <= 3774158))

table 6 : explain SELECT c FROM sbtest6 WHERE id BETWEEN 863968 AND 864067 ORDER BY c
	Sort  (cost=422.79..423.05 rows=105 width=121)
	  Sort Key: c
	  ->  Index Scan using sbtest6_pkey on sbtest6  (cost=0.43..419.26 rows=105 width=121)
	        Index Cond: ((id >= 863968) AND (id <= 864067))

table 7 : explain SELECT c FROM sbtest7 WHERE id BETWEEN 3448809 AND 3448908 ORDER BY c
	Sort  (cost=414.40..414.66 rows=103 width=121)
	  Sort Key: c
	  ->  Index Scan using sbtest7_pkey on sbtest7  (cost=0.43..410.96 rows=103 width=121)
	        Index Cond: ((id >= 3448809) AND (id <= 3448908))

table 8 : explain SELECT c FROM sbtest8 WHERE id BETWEEN 348279 AND 348378 ORDER BY c
	Sort  (cost=370.17..370.40 rows=92 width=121)
	  Sort Key: c
	  ->  Index Scan using sbtest8_pkey on sbtest8  (cost=0.43..367.17 rows=92 width=121)
	        Index Cond: ((id >= 348279) AND (id <= 348378))

for: order_ranges
table 1 : explain SELECT c FROM sbtest1 WHERE id BETWEEN 6147608 AND 6147707 ORDER BY c
	Sort  (cost=383.56..383.80 rows=95 width=121)
	  Sort Key: c
	  ->  Index Scan using sbtest1_pkey on sbtest1  (cost=0.43..380.44 rows=95 width=121)
	        Index Cond: ((id >= 6147608) AND (id <= 6147707))

table 2 : explain SELECT c FROM sbtest2 WHERE id BETWEEN 4205023 AND 4205122 ORDER BY c
	Sort  (cost=424.45..424.71 rows=105 width=121)
	  Sort Key: c
	  ->  Index Scan using sbtest2_pkey on sbtest2  (cost=0.43..420.93 rows=105 width=121)
	        Index Cond: ((id >= 4205023) AND (id <= 4205122))

table 3 : explain SELECT c FROM sbtest3 WHERE id BETWEEN 1672095 AND 1672194 ORDER BY c
	Sort  (cost=375.74..375.97 rows=93 width=121)
	  Sort Key: c
	  ->  Index Scan using sbtest3_pkey on sbtest3  (cost=0.43..372.70 rows=93 width=121)
	        Index Cond: ((id >= 1672095) AND (id <= 1672194))

table 4 : explain SELECT c FROM sbtest4 WHERE id BETWEEN 4082617 AND 4082716 ORDER BY c
	Sort  (cost=426.45..426.72 rows=106 width=121)
	  Sort Key: c
	  ->  Index Scan using sbtest4_pkey on sbtest4  (cost=0.43..422.89 rows=106 width=121)
	        Index Cond: ((id >= 4082617) AND (id <= 4082716))

table 5 : explain SELECT c FROM sbtest5 WHERE id BETWEEN 4189131 AND 4189230 ORDER BY c
	Sort  (cost=407.55..407.80 rows=101 width=121)
	  Sort Key: c
	  ->  Index Scan using sbtest5_pkey on sbtest5  (cost=0.43..404.19 rows=101 width=121)
	        Index Cond: ((id >= 4189131) AND (id <= 4189230))

table 6 : explain SELECT c FROM sbtest6 WHERE id BETWEEN 8188795 AND 8188894 ORDER BY c
	Sort  (cost=398.83..399.08 rows=99 width=121)
	  Sort Key: c
	  ->  Index Scan using sbtest6_pkey on sbtest6  (cost=0.43..395.55 rows=99 width=121)
	        Index Cond: ((id >= 8188795) AND (id <= 8188894))

table 7 : explain SELECT c FROM sbtest7 WHERE id BETWEEN 4891344 AND 4891443 ORDER BY c
	Sort  (cost=442.31..442.58 rows=110 width=121)
	  Sort Key: c
	  ->  Index Scan using sbtest7_pkey on sbtest7  (cost=0.43..438.58 rows=110 width=121)
	        Index Cond: ((id >= 4891344) AND (id <= 4891443))

table 8 : explain SELECT c FROM sbtest8 WHERE id BETWEEN 2622219 AND 2622318 ORDER BY c
	Sort  (cost=394.06..394.30 rows=98 width=121)
	  Sort Key: c
	  ->  Index Scan using sbtest8_pkey on sbtest8  (cost=0.43..390.82 rows=98 width=121)
	        Index Cond: ((id >= 2622219) AND (id <= 2622318))

for: distinct_ranges
table 1 : explain SELECT DISTINCT c FROM sbtest1 WHERE id BETWEEN 8688209 AND 8688308 ORDER BY c
	Unique  (cost=375.57..376.03 rows=93 width=121)
	  ->  Sort  (cost=375.57..375.80 rows=93 width=121)
	        Sort Key: c
	        ->  Index Scan using sbtest1_pkey on sbtest1  (cost=0.43..372.52 rows=93 width=121)
	              Index Cond: ((id >= 8688209) AND (id <= 8688308))

table 2 : explain SELECT DISTINCT c FROM sbtest2 WHERE id BETWEEN 1036904 AND 1037003 ORDER BY c
	Unique  (cost=404.41..404.91 rows=100 width=121)
	  ->  Sort  (cost=404.41..404.66 rows=100 width=121)
	        Sort Key: c
	        ->  Index Scan using sbtest2_pkey on sbtest2  (cost=0.43..401.08 rows=100 width=121)
	              Index Cond: ((id >= 1036904) AND (id <= 1037003))

table 3 : explain SELECT DISTINCT c FROM sbtest3 WHERE id BETWEEN 878193 AND 878292 ORDER BY c
	Unique  (cost=427.75..428.28 rows=106 width=121)
	  ->  Sort  (cost=427.75..428.01 rows=106 width=121)
	        Sort Key: c
	        ->  Index Scan using sbtest3_pkey on sbtest3  (cost=0.43..424.18 rows=106 width=121)
	              Index Cond: ((id >= 878193) AND (id <= 878292))

table 4 : explain SELECT DISTINCT c FROM sbtest4 WHERE id BETWEEN 1095906 AND 1096005 ORDER BY c
	Unique  (cost=414.49..415.01 rows=103 width=121)
	  ->  Sort  (cost=414.49..414.75 rows=103 width=121)
	        Sort Key: c
	        ->  Index Scan using sbtest4_pkey on sbtest4  (cost=0.43..411.05 rows=103 width=121)
	              Index Cond: ((id >= 1095906) AND (id <= 1096005))

table 5 : explain SELECT DISTINCT c FROM sbtest5 WHERE id BETWEEN 1905654 AND 1905753 ORDER BY c
	Unique  (cost=391.55..392.03 rows=97 width=121)
	  ->  Sort  (cost=391.55..391.79 rows=97 width=121)
	        Sort Key: c
	        ->  Index Scan using sbtest5_pkey on sbtest5  (cost=0.43..388.35 rows=97 width=121)
	              Index Cond: ((id >= 1905654) AND (id <= 1905753))

table 6 : explain SELECT DISTINCT c FROM sbtest6 WHERE id BETWEEN 5288513 AND 5288612 ORDER BY c
	Unique  (cost=402.84..403.34 rows=100 width=121)
	  ->  Sort  (cost=402.84..403.09 rows=100 width=121)
	        Sort Key: c
	        ->  Index Scan using sbtest6_pkey on sbtest6  (cost=0.43..399.51 rows=100 width=121)
	              Index Cond: ((id >= 5288513) AND (id <= 5288612))

table 7 : explain SELECT DISTINCT c FROM sbtest7 WHERE id BETWEEN 8211547 AND 8211646 ORDER BY c
	Unique  (cost=394.46..394.95 rows=98 width=121)
	  ->  Sort  (cost=394.46..394.70 rows=98 width=121)
	        Sort Key: c
	        ->  Index Scan using sbtest7_pkey on sbtest7  (cost=0.43..391.21 rows=98 width=121)
	              Index Cond: ((id >= 8211547) AND (id <= 8211646))

table 8 : explain SELECT DISTINCT c FROM sbtest8 WHERE id BETWEEN 4598281 AND 4598380 ORDER BY c
	Unique  (cost=425.93..426.46 rows=106 width=121)
	  ->  Sort  (cost=425.93..426.20 rows=106 width=121)
	        Sort Key: c
	        ->  Index Scan using sbtest8_pkey on sbtest8  (cost=0.43..422.37 rows=106 width=121)
	              Index Cond: ((id >= 4598281) AND (id <= 4598380))

for: order_ranges
table 1 : explain SELECT c FROM sbtest1 WHERE id BETWEEN 3343864 AND 3343963 ORDER BY c
	Sort  (cost=403.55..403.80 rows=100 width=121)
	  Sort Key: c
	  ->  Index Scan using sbtest1_pkey on sbtest1  (cost=0.43..400.22 rows=100 width=121)
	        Index Cond: ((id >= 3343864) AND (id <= 3343963))

table 2 : explain SELECT c FROM sbtest2 WHERE id BETWEEN 225157 AND 225256 ORDER BY c
	Sort  (cost=448.49..448.77 rows=111 width=121)
	  Sort Key: c
	  ->  Index Scan using sbtest2_pkey on sbtest2  (cost=0.43..444.72 rows=111 width=121)
	        Index Cond: ((id >= 225157) AND (id <= 225256))

table 3 : explain SELECT c FROM sbtest3 WHERE id BETWEEN 1914925 AND 1915024 ORDER BY c
	Sort  (cost=395.74..395.98 rows=98 width=121)
	  Sort Key: c
	  ->  Index Scan using sbtest3_pkey on sbtest3  (cost=0.43..392.50 rows=98 width=121)
	        Index Cond: ((id >= 1914925) AND (id <= 1915024))

table 4 : explain SELECT c FROM sbtest4 WHERE id BETWEEN 5836769 AND 5836868 ORDER BY c
	Sort  (cost=422.47..422.73 rows=105 width=121)
	  Sort Key: c
	  ->  Index Scan using sbtest4_pkey on sbtest4  (cost=0.43..418.94 rows=105 width=121)
	        Index Cond: ((id >= 5836769) AND (id <= 5836868))

table 5 : explain SELECT c FROM sbtest5 WHERE id BETWEEN 3084670 AND 3084769 ORDER BY c
	Sort  (cost=411.55..411.80 rows=102 width=121)
	  Sort Key: c
	  ->  Index Scan using sbtest5_pkey on sbtest5  (cost=0.43..408.15 rows=102 width=121)
	        Index Cond: ((id >= 3084670) AND (id <= 3084769))

table 6 : explain SELECT c FROM sbtest6 WHERE id BETWEEN 7556547 AND 7556646 ORDER BY c
	Sort  (cost=418.80..419.06 rows=104 width=121)
	  Sort Key: c
	  ->  Index Scan using sbtest6_pkey on sbtest6  (cost=0.43..415.31 rows=104 width=121)
	        Index Cond: ((id >= 7556547) AND (id <= 7556646))

table 7 : explain SELECT c FROM sbtest7 WHERE id BETWEEN 2614016 AND 2614115 ORDER BY c
	Sort  (cost=422.38..422.64 rows=105 width=121)
	  Sort Key: c
	  ->  Index Scan using sbtest7_pkey on sbtest7  (cost=0.43..418.85 rows=105 width=121)
	        Index Cond: ((id >= 2614016) AND (id <= 2614115))

table 8 : explain SELECT c FROM sbtest8 WHERE id BETWEEN 8329922 AND 8330021 ORDER BY c
	Sort  (cost=398.04..398.29 rows=99 width=121)
	  Sort Key: c
	  ->  Index Scan using sbtest8_pkey on sbtest8  (cost=0.43..394.76 rows=99 width=121)
	        Index Cond: ((id >= 8329922) AND (id <= 8330021))

for: distinct_ranges
table 1 : explain SELECT DISTINCT c FROM sbtest1 WHERE id BETWEEN 5679993 AND 5680092 ORDER BY c
	Unique  (cost=387.56..388.04 rows=96 width=121)
	  ->  Sort  (cost=387.56..387.80 rows=96 width=121)
	        Sort Key: c
	        ->  Index Scan using sbtest1_pkey on sbtest1  (cost=0.43..384.40 rows=96 width=121)
	              Index Cond: ((id >= 5679993) AND (id <= 5680092))

table 2 : explain SELECT DISTINCT c FROM sbtest2 WHERE id BETWEEN 998578 AND 998677 ORDER BY c
	Unique  (cost=448.49..449.05 rows=111 width=121)
	  ->  Sort  (cost=448.49..448.77 rows=111 width=121)
	        Sort Key: c
	        ->  Index Scan using sbtest2_pkey on sbtest2  (cost=0.43..444.72 rows=111 width=121)
	              Index Cond: ((id >= 998578) AND (id <= 998677))

table 3 : explain SELECT DISTINCT c FROM sbtest3 WHERE id BETWEEN 5668440 AND 5668539 ORDER BY c
	Unique  (cost=423.75..424.27 rows=105 width=121)
	  ->  Sort  (cost=423.75..424.01 rows=105 width=121)
	        Sort Key: c
	        ->  Index Scan using sbtest3_pkey on sbtest3  (cost=0.43..420.22 rows=105 width=121)
	              Index Cond: ((id >= 5668440) AND (id <= 5668539))

table 4 : explain SELECT DISTINCT c FROM sbtest4 WHERE id BETWEEN 7639735 AND 7639834 ORDER BY c
	Unique  (cost=390.55..391.04 rows=97 width=121)
	  ->  Sort  (cost=390.55..390.79 rows=97 width=121)
	        Sort Key: c
	        ->  Index Scan using sbtest4_pkey on sbtest4  (cost=0.43..387.35 rows=97 width=121)
	              Index Cond: ((id >= 7639735) AND (id <= 7639834))

table 5 : explain SELECT DISTINCT c FROM sbtest5 WHERE id BETWEEN 7949514 AND 7949613 ORDER BY c
	Unique  (cost=395.54..396.03 rows=98 width=121)
	  ->  Sort  (cost=395.54..395.79 rows=98 width=121)
	        Sort Key: c
	        ->  Index Scan using sbtest5_pkey on sbtest5  (cost=0.43..392.30 rows=98 width=121)
	              Index Cond: ((id >= 7949514) AND (id <= 7949613))

table 6 : explain SELECT DISTINCT c FROM sbtest6 WHERE id BETWEEN 324431 AND 324530 ORDER BY c
	Unique  (cost=410.82..411.33 rows=102 width=121)
	  ->  Sort  (cost=410.82..411.07 rows=102 width=121)
	        Sort Key: c
	        ->  Index Scan using sbtest6_pkey on sbtest6  (cost=0.43..407.41 rows=102 width=121)
	              Index Cond: ((id >= 324431) AND (id <= 324530))

table 7 : explain SELECT DISTINCT c FROM sbtest7 WHERE id BETWEEN 5406995 AND 5407094 ORDER BY c
	Unique  (cost=434.34..434.88 rows=108 width=121)
	  ->  Sort  (cost=434.34..434.61 rows=108 width=121)
	        Sort Key: c
	        ->  Index Scan using sbtest7_pkey on sbtest7  (cost=0.43..430.69 rows=108 width=121)
	              Index Cond: ((id >= 5406995) AND (id <= 5407094))

table 8 : explain SELECT DISTINCT c FROM sbtest8 WHERE id BETWEEN 9577815 AND 9577914 ORDER BY c
	Unique  (cost=406.02..406.53 rows=101 width=121)
	  ->  Sort  (cost=406.02..406.28 rows=101 width=121)
	        Sort Key: c
	        ->  Index Scan using sbtest8_pkey on sbtest8  (cost=0.43..402.66 rows=101 width=121)
	              Index Cond: ((id >= 9577815) AND (id <= 9577914))

for: distinct_ranges
table 1 : explain SELECT DISTINCT c FROM sbtest1 WHERE id BETWEEN 1735948 AND 1736047 ORDER BY c
	Unique  (cost=443.54..444.09 rows=110 width=121)
	  ->  Sort  (cost=443.54..443.81 rows=110 width=121)
	        Sort Key: c
	        ->  Index Scan using sbtest1_pkey on sbtest1  (cost=0.43..439.81 rows=110 width=121)
	              Index Cond: ((id >= 1735948) AND (id <= 1736047))

table 2 : explain SELECT DISTINCT c FROM sbtest2 WHERE id BETWEEN 2305806 AND 2305905 ORDER BY c
	Unique  (cost=372.36..372.82 rows=92 width=121)
	  ->  Sort  (cost=372.36..372.59 rows=92 width=121)
	        Sort Key: c
	        ->  Index Scan using sbtest2_pkey on sbtest2  (cost=0.43..369.36 rows=92 width=121)
	              Index Cond: ((id >= 2305806) AND (id <= 2305905))

table 3 : explain SELECT DISTINCT c FROM sbtest3 WHERE id BETWEEN 9161041 AND 9161140 ORDER BY c
	Unique  (cost=391.74..392.22 rows=97 width=121)
	  ->  Sort  (cost=391.74..391.98 rows=97 width=121)
	        Sort Key: c
	        ->  Index Scan using sbtest3_pkey on sbtest3  (cost=0.43..388.54 rows=97 width=121)
	              Index Cond: ((id >= 9161041) AND (id <= 9161140))

table 4 : explain SELECT DISTINCT c FROM sbtest4 WHERE id BETWEEN 9111770 AND 9111869 ORDER BY c
	Unique  (cost=370.62..371.08 rows=92 width=121)
	  ->  Sort  (cost=370.62..370.85 rows=92 width=121)
	        Sort Key: c
	        ->  Index Scan using sbtest4_pkey on sbtest4  (cost=0.43..367.62 rows=92 width=121)
	              Index Cond: ((id >= 9111770) AND (id <= 9111869))

table 5 : explain SELECT DISTINCT c FROM sbtest5 WHERE id BETWEEN 4339883 AND 4339982 ORDER BY c
	Unique  (cost=431.54..432.07 rows=107 width=121)
	  ->  Sort  (cost=431.54..431.81 rows=107 width=121)
	        Sort Key: c
	        ->  Index Scan using sbtest5_pkey on sbtest5  (cost=0.43..427.93 rows=107 width=121)
	              Index Cond: ((id >= 4339883) AND (id <= 4339982))

table 6 : explain SELECT DISTINCT c FROM sbtest6 WHERE id BETWEEN 427448 AND 427547 ORDER BY c
	Unique  (cost=418.80..419.32 rows=104 width=121)
	  ->  Sort  (cost=418.80..419.06 rows=104 width=121)
	        Sort Key: c
	        ->  Index Scan using sbtest6_pkey on sbtest6  (cost=0.43..415.31 rows=104 width=121)
	              Index Cond: ((id >= 427448) AND (id <= 427547))

table 7 : explain SELECT DISTINCT c FROM sbtest7 WHERE id BETWEEN 9853925 AND 9854024 ORDER BY c
	Unique  (cost=414.40..414.92 rows=103 width=121)
	  ->  Sort  (cost=414.40..414.66 rows=103 width=121)
	        Sort Key: c
	        ->  Index Scan using sbtest7_pkey on sbtest7  (cost=0.43..410.96 rows=103 width=121)
	              Index Cond: ((id >= 9853925) AND (id <= 9854024))

table 8 : explain SELECT DISTINCT c FROM sbtest8 WHERE id BETWEEN 3920606 AND 3920705 ORDER BY c
	Unique  (cost=406.02..406.53 rows=101 width=121)
	  ->  Sort  (cost=406.02..406.28 rows=101 width=121)
	        Sort Key: c
	        ->  Index Scan using sbtest8_pkey on sbtest8  (cost=0.43..402.66 rows=101 width=121)
	              Index Cond: ((id >= 3920606) AND (id <= 3920705))

for point_selects
table 1 : explain SELECT c FROM sbtest1 WHERE id=4073638
	Index Scan using sbtest1_pkey on sbtest1  (cost=0.43..8.45 rows=1 width=121)
	  Index Cond: (id = 4073638)

table 2 : explain SELECT c FROM sbtest2 WHERE id=9010345
	Index Scan using sbtest2_pkey on sbtest2  (cost=0.43..8.45 rows=1 width=121)
	  Index Cond: (id = 9010345)

table 3 : explain SELECT c FROM sbtest3 WHERE id=96528
	Index Scan using sbtest3_pkey on sbtest3  (cost=0.43..8.45 rows=1 width=121)
	  Index Cond: (id = 96528)

table 4 : explain SELECT c FROM sbtest4 WHERE id=6587577
	Index Scan using sbtest4_pkey on sbtest4  (cost=0.43..8.45 rows=1 width=121)
	  Index Cond: (id = 6587577)

table 5 : explain SELECT c FROM sbtest5 WHERE id=7799234
	Index Scan using sbtest5_pkey on sbtest5  (cost=0.43..8.45 rows=1 width=121)
	  Index Cond: (id = 7799234)

table 6 : explain SELECT c FROM sbtest6 WHERE id=9019903
	Index Scan using sbtest6_pkey on sbtest6  (cost=0.43..8.45 rows=1 width=121)
	  Index Cond: (id = 9019903)

table 7 : explain SELECT c FROM sbtest7 WHERE id=6125774
	Index Scan using sbtest7_pkey on sbtest7  (cost=0.43..8.45 rows=1 width=121)
	  Index Cond: (id = 6125774)

table 8 : explain SELECT c FROM sbtest8 WHERE id=1372243
	Index Scan using sbtest8_pkey on sbtest8  (cost=0.43..8.45 rows=1 width=121)
	  Index Cond: (id = 1372243)

for: sum_ranges
table 1 : explain SELECT SUM(k) FROM sbtest1 WHERE id BETWEEN 5437075 AND 5437174
	Aggregate  (cost=428.21..428.22 rows=1 width=8)
	  ->  Index Scan using sbtest1_pkey on sbtest1  (cost=0.43..427.94 rows=107 width=4)
	        Index Cond: ((id >= 5437075) AND (id <= 5437174))

table 2 : explain SELECT SUM(k) FROM sbtest2 WHERE id BETWEEN 3769410 AND 3769509
	Aggregate  (cost=433.09..433.10 rows=1 width=8)
	  ->  Index Scan using sbtest2_pkey on sbtest2  (cost=0.43..432.82 rows=108 width=4)
	        Index Cond: ((id >= 3769410) AND (id <= 3769509))

table 3 : explain SELECT SUM(k) FROM sbtest3 WHERE id BETWEEN 8103558 AND 8103657
	Aggregate  (cost=396.70..396.71 rows=1 width=8)
	  ->  Index Scan using sbtest3_pkey on sbtest3  (cost=0.43..396.45 rows=99 width=4)
	        Index Cond: ((id >= 8103558) AND (id <= 8103657))

table 4 : explain SELECT SUM(k) FROM sbtest4 WHERE id BETWEEN 8414240 AND 8414339
	Aggregate  (cost=379.70..379.71 rows=1 width=8)
	  ->  Index Scan using sbtest4_pkey on sbtest4  (cost=0.43..379.46 rows=95 width=4)
	        Index Cond: ((id >= 8414240) AND (id <= 8414339))

table 5 : explain SELECT SUM(k) FROM sbtest5 WHERE id BETWEEN 8690886 AND 8690985
	Aggregate  (cost=388.59..388.60 rows=1 width=8)
	  ->  Index Scan using sbtest5_pkey on sbtest5  (cost=0.43..388.35 rows=97 width=4)
	        Index Cond: ((id >= 8690886) AND (id <= 8690985))

table 6 : explain SELECT SUM(k) FROM sbtest6 WHERE id BETWEEN 352300 AND 352399
	Aggregate  (cost=407.67..407.68 rows=1 width=8)
	  ->  Index Scan using sbtest6_pkey on sbtest6  (cost=0.43..407.41 rows=102 width=4)
	        Index Cond: ((id >= 352300) AND (id <= 352399))

table 7 : explain SELECT SUM(k) FROM sbtest7 WHERE id BETWEEN 3577956 AND 3578055
	Aggregate  (cost=434.91..434.92 rows=1 width=8)
	  ->  Index Scan using sbtest7_pkey on sbtest7  (cost=0.43..434.63 rows=109 width=4)
	        Index Cond: ((id >= 3577956) AND (id <= 3578055))

table 8 : explain SELECT SUM(k) FROM sbtest8 WHERE id BETWEEN 153666 AND 153765
	Aggregate  (cost=430.52..430.53 rows=1 width=8)
	  ->  Index Scan using sbtest8_pkey on sbtest8  (cost=0.43..430.25 rows=108 width=4)
	        Index Cond: ((id >= 153666) AND (id <= 153765))

for: distinct_ranges
table 1 : explain SELECT DISTINCT c FROM sbtest1 WHERE id BETWEEN 8434266 AND 8434365 ORDER BY c
	Unique  (cost=371.57..372.03 rows=92 width=121)
	  ->  Sort  (cost=371.57..371.80 rows=92 width=121)
	        Sort Key: c
	        ->  Index Scan using sbtest1_pkey on sbtest1  (cost=0.43..368.57 rows=92 width=121)
	              Index Cond: ((id >= 8434266) AND (id <= 8434365))

table 2 : explain SELECT DISTINCT c FROM sbtest2 WHERE id BETWEEN 9752690 AND 9752789 ORDER BY c
	Unique  (cost=404.41..404.91 rows=100 width=121)
	  ->  Sort  (cost=404.41..404.66 rows=100 width=121)
	        Sort Key: c
	        ->  Index Scan using sbtest2_pkey on sbtest2  (cost=0.43..401.08 rows=100 width=121)
	              Index Cond: ((id >= 9752690) AND (id <= 9752789))

table 3 : explain SELECT DISTINCT c FROM sbtest3 WHERE id BETWEEN 5975042 AND 5975141 ORDER BY c
	Unique  (cost=399.74..400.23 rows=99 width=121)
	  ->  Sort  (cost=399.74..399.98 rows=99 width=121)
	        Sort Key: c
	        ->  Index Scan using sbtest3_pkey on sbtest3  (cost=0.43..396.45 rows=99 width=121)
	              Index Cond: ((id >= 5975042) AND (id <= 5975141))

table 4 : explain SELECT DISTINCT c FROM sbtest4 WHERE id BETWEEN 8753012 AND 8753111 ORDER BY c
	Unique  (cost=402.51..403.01 rows=100 width=121)
	  ->  Sort  (cost=402.51..402.76 rows=100 width=121)
	        Sort Key: c
	        ->  Index Scan using sbtest4_pkey on sbtest4  (cost=0.43..399.19 rows=100 width=121)
	              Index Cond: ((id >= 8753012) AND (id <= 8753111))

table 5 : explain SELECT DISTINCT c FROM sbtest5 WHERE id BETWEEN 5291834 AND 5291933 ORDER BY c
	Unique  (cost=411.55..412.06 rows=102 width=121)
	  ->  Sort  (cost=411.55..411.80 rows=102 width=121)
	        Sort Key: c
	        ->  Index Scan using sbtest5_pkey on sbtest5  (cost=0.43..408.15 rows=102 width=121)
	              Index Cond: ((id >= 5291834) AND (id <= 5291933))

table 6 : explain SELECT DISTINCT c FROM sbtest6 WHERE id BETWEEN 7463261 AND 7463360 ORDER BY c
	Unique  (cost=386.86..387.34 rows=96 width=121)
	  ->  Sort  (cost=386.86..387.10 rows=96 width=121)
	        Sort Key: c
	        ->  Index Scan using sbtest6_pkey on sbtest6  (cost=0.43..383.70 rows=96 width=121)
	              Index Cond: ((id >= 7463261) AND (id <= 7463360))

table 7 : explain SELECT DISTINCT c FROM sbtest7 WHERE id BETWEEN 6141110 AND 6141209 ORDER BY c
	Unique  (cost=394.46..394.95 rows=98 width=121)
	  ->  Sort  (cost=394.46..394.70 rows=98 width=121)
	        Sort Key: c
	        ->  Index Scan using sbtest7_pkey on sbtest7  (cost=0.43..391.21 rows=98 width=121)
	              Index Cond: ((id >= 6141110) AND (id <= 6141209))

table 8 : explain SELECT DISTINCT c FROM sbtest8 WHERE id BETWEEN 2417693 AND 2417792 ORDER BY c
	Unique  (cost=366.19..366.64 rows=91 width=121)
	  ->  Sort  (cost=366.19..366.42 rows=91 width=121)
	        Sort Key: c
	        ->  Index Scan using sbtest8_pkey on sbtest8  (cost=0.43..363.23 rows=91 width=121)
	              Index Cond: ((id >= 2417693) AND (id <= 2417792))

for: distinct_ranges
table 1 : explain SELECT DISTINCT c FROM sbtest1 WHERE id BETWEEN 5350596 AND 5350695 ORDER BY c
	Unique  (cost=379.56..380.03 rows=94 width=121)
	  ->  Sort  (cost=379.56..379.80 rows=94 width=121)
	        Sort Key: c
	        ->  Index Scan using sbtest1_pkey on sbtest1  (cost=0.43..376.48 rows=94 width=121)
	              Index Cond: ((id >= 5350596) AND (id <= 5350695))

table 2 : explain SELECT DISTINCT c FROM sbtest2 WHERE id BETWEEN 4801213 AND 4801312 ORDER BY c
	Unique  (cost=416.44..416.95 rows=103 width=121)
	  ->  Sort  (cost=416.44..416.70 rows=103 width=121)
	        Sort Key: c
	        ->  Index Scan using sbtest2_pkey on sbtest2  (cost=0.43..413.00 rows=103 width=121)
	              Index Cond: ((id >= 4801213) AND (id <= 4801312))

table 3 : explain SELECT DISTINCT c FROM sbtest3 WHERE id BETWEEN 5195245 AND 5195344 ORDER BY c
	Unique  (cost=383.74..384.21 rows=95 width=121)
	  ->  Sort  (cost=383.74..383.98 rows=95 width=121)
	        Sort Key: c
	        ->  Index Scan using sbtest3_pkey on sbtest3  (cost=0.43..380.62 rows=95 width=121)
	              Index Cond: ((id >= 5195245) AND (id <= 5195344))

table 4 : explain SELECT DISTINCT c FROM sbtest4 WHERE id BETWEEN 618881 AND 618980 ORDER BY c
	Unique  (cost=406.50..407.00 rows=101 width=121)
	  ->  Sort  (cost=406.50..406.75 rows=101 width=121)
	        Sort Key: c
	        ->  Index Scan using sbtest4_pkey on sbtest4  (cost=0.43..403.14 rows=101 width=121)
	              Index Cond: ((id >= 618881) AND (id <= 618980))

table 5 : explain SELECT DISTINCT c FROM sbtest5 WHERE id BETWEEN 726222 AND 726321 ORDER BY c
	Unique  (cost=439.53..440.08 rows=109 width=121)
	  ->  Sort  (cost=439.53..439.81 rows=109 width=121)
	        Sort Key: c
	        ->  Index Scan using sbtest5_pkey on sbtest5  (cost=0.43..435.84 rows=109 width=121)
	              Index Cond: ((id >= 726222) AND (id <= 726321))

table 6 : explain SELECT DISTINCT c FROM sbtest6 WHERE id BETWEEN 4349433 AND 4349532 ORDER BY c
	Unique  (cost=406.83..407.33 rows=101 width=121)
	  ->  Sort  (cost=406.83..407.08 rows=101 width=121)
	        Sort Key: c
	        ->  Index Scan using sbtest6_pkey on sbtest6  (cost=0.43..403.46 rows=101 width=121)
	              Index Cond: ((id >= 4349433) AND (id <= 4349532))

table 7 : explain SELECT DISTINCT c FROM sbtest7 WHERE id BETWEEN 612382 AND 612481 ORDER BY c
	Unique  (cost=370.54..371.00 rows=92 width=121)
	  ->  Sort  (cost=370.54..370.77 rows=92 width=121)
	        Sort Key: c
	        ->  Index Scan using sbtest7_pkey on sbtest7  (cost=0.43..367.54 rows=92 width=121)
	              Index Cond: ((id >= 612382) AND (id <= 612481))

table 8 : explain SELECT DISTINCT c FROM sbtest8 WHERE id BETWEEN 1218212 AND 1218311 ORDER BY c
	Unique  (cost=410.01..410.52 rows=102 width=121)
	  ->  Sort  (cost=410.01..410.26 rows=102 width=121)
	        Sort Key: c
	        ->  Index Scan using sbtest8_pkey on sbtest8  (cost=0.43..406.60 rows=102 width=121)
	              Index Cond: ((id >= 1218212) AND (id <= 1218311))

for: sum_ranges
table 1 : explain SELECT SUM(k) FROM sbtest1 WHERE id BETWEEN 5534226 AND 5534325
	Aggregate  (cost=376.72..376.73 rows=1 width=8)
	  ->  Index Scan using sbtest1_pkey on sbtest1  (cost=0.43..376.48 rows=94 width=4)
	        Index Cond: ((id >= 5534226) AND (id <= 5534325))

table 2 : explain SELECT SUM(k) FROM sbtest2 WHERE id BETWEEN 3435685 AND 3435784
	Aggregate  (cost=397.37..397.38 rows=1 width=8)
	  ->  Index Scan using sbtest2_pkey on sbtest2  (cost=0.43..397.12 rows=99 width=4)
	        Index Cond: ((id >= 3435685) AND (id <= 3435784))

table 3 : explain SELECT SUM(k) FROM sbtest3 WHERE id BETWEEN 2230306 AND 2230405
	Aggregate  (cost=372.93..372.94 rows=1 width=8)
	  ->  Index Scan using sbtest3_pkey on sbtest3  (cost=0.43..372.70 rows=93 width=4)
	        Index Cond: ((id >= 2230306) AND (id <= 2230405))

table 4 : explain SELECT SUM(k) FROM sbtest4 WHERE id BETWEEN 6598053 AND 6598152
	Aggregate  (cost=407.36..407.37 rows=1 width=8)
	  ->  Index Scan using sbtest4_pkey on sbtest4  (cost=0.43..407.10 rows=102 width=4)
	        Index Cond: ((id >= 6598053) AND (id <= 6598152))

table 5 : explain SELECT SUM(k) FROM sbtest5 WHERE id BETWEEN 745469 AND 745568
	Aggregate  (cost=436.12..436.13 rows=1 width=8)
	  ->  Index Scan using sbtest5_pkey on sbtest5  (cost=0.43..435.84 rows=109 width=4)
	        Index Cond: ((id >= 745469) AND (id <= 745568))

table 6 : explain SELECT SUM(k) FROM sbtest6 WHERE id BETWEEN 5628389 AND 5628488
	Aggregate  (cost=403.72..403.73 rows=1 width=8)
	  ->  Index Scan using sbtest6_pkey on sbtest6  (cost=0.43..403.46 rows=101 width=4)
	        Index Cond: ((id >= 5628389) AND (id <= 5628488))

table 7 : explain SELECT SUM(k) FROM sbtest7 WHERE id BETWEEN 1808739 AND 1808838
	Aggregate  (cost=387.51..387.52 rows=1 width=8)
	  ->  Index Scan using sbtest7_pkey on sbtest7  (cost=0.43..387.27 rows=97 width=4)
	        Index Cond: ((id >= 1808739) AND (id <= 1808838))

table 8 : explain SELECT SUM(k) FROM sbtest8 WHERE id BETWEEN 4730552 AND 4730651
	Aggregate  (cost=363.45..363.46 rows=1 width=8)
	  ->  Index Scan using sbtest8_pkey on sbtest8  (cost=0.43..363.23 rows=91 width=4)
	        Index Cond: ((id >= 4730552) AND (id <= 4730651))

for: distinct_ranges
table 1 : explain SELECT DISTINCT c FROM sbtest1 WHERE id BETWEEN 7049961 AND 7050060 ORDER BY c
	Unique  (cost=367.57..368.03 rows=91 width=121)
	  ->  Sort  (cost=367.57..367.80 rows=91 width=121)
	        Sort Key: c
	        ->  Index Scan using sbtest1_pkey on sbtest1  (cost=0.43..364.61 rows=91 width=121)
	              Index Cond: ((id >= 7049961) AND (id <= 7050060))

table 2 : explain SELECT DISTINCT c FROM sbtest2 WHERE id BETWEEN 978025 AND 978124 ORDER BY c
	Unique  (cost=448.49..449.05 rows=111 width=121)
	  ->  Sort  (cost=448.49..448.77 rows=111 width=121)
	        Sort Key: c
	        ->  Index Scan using sbtest2_pkey on sbtest2  (cost=0.43..444.72 rows=111 width=121)
	              Index Cond: ((id >= 978025) AND (id <= 978124))

table 3 : explain SELECT DISTINCT c FROM sbtest3 WHERE id BETWEEN 8354817 AND 8354916 ORDER BY c
	Unique  (cost=427.75..428.28 rows=106 width=121)
	  ->  Sort  (cost=427.75..428.01 rows=106 width=121)
	        Sort Key: c
	        ->  Index Scan using sbtest3_pkey on sbtest3  (cost=0.43..424.18 rows=106 width=121)
	              Index Cond: ((id >= 8354817) AND (id <= 8354916))

table 4 : explain SELECT DISTINCT c FROM sbtest4 WHERE id BETWEEN 6292322 AND 6292421 ORDER BY c
	Unique  (cost=374.61..375.07 rows=93 width=121)
	  ->  Sort  (cost=374.61..374.84 rows=93 width=121)
	        Sort Key: c
	        ->  Index Scan using sbtest4_pkey on sbtest4  (cost=0.43..371.56 rows=93 width=121)
	              Index Cond: ((id >= 6292322) AND (id <= 6292421))

table 5 : explain SELECT DISTINCT c FROM sbtest5 WHERE id BETWEEN 9293509 AND 9293608 ORDER BY c
	Unique  (cost=423.54..424.07 rows=105 width=121)
	  ->  Sort  (cost=423.54..423.80 rows=105 width=121)
	        Sort Key: c
	        ->  Index Scan using sbtest5_pkey on sbtest5  (cost=0.43..420.02 rows=105 width=121)
	              Index Cond: ((id >= 9293509) AND (id <= 9293608))

table 6 : explain SELECT DISTINCT c FROM sbtest6 WHERE id BETWEEN 1481602 AND 1481701 ORDER BY c
	Unique  (cost=382.87..383.34 rows=95 width=121)
	  ->  Sort  (cost=382.87..383.11 rows=95 width=121)
	        Sort Key: c
	        ->  Index Scan using sbtest6_pkey on sbtest6  (cost=0.43..379.75 rows=95 width=121)
	              Index Cond: ((id >= 1481602) AND (id <= 1481701))

table 7 : explain SELECT DISTINCT c FROM sbtest7 WHERE id BETWEEN 4292583 AND 4292682 ORDER BY c
	Unique  (cost=422.38..422.90 rows=105 width=121)
	  ->  Sort  (cost=422.38..422.64 rows=105 width=121)
	        Sort Key: c
	        ->  Index Scan using sbtest7_pkey on sbtest7  (cost=0.43..418.85 rows=105 width=121)
	              Index Cond: ((id >= 4292583) AND (id <= 4292682))

table 8 : explain SELECT DISTINCT c FROM sbtest8 WHERE id BETWEEN 1974060 AND 1974159 ORDER BY c
	Unique  (cost=378.13..378.60 rows=94 width=121)
	  ->  Sort  (cost=378.13..378.37 rows=94 width=121)
	        Sort Key: c
	        ->  Index Scan using sbtest8_pkey on sbtest8  (cost=0.43..375.05 rows=94 width=121)
	              Index Cond: ((id >= 1974060) AND (id <= 1974159))

for: simple_ranges
table 1 : explain SELECT c FROM sbtest1 WHERE id BETWEEN 1326654 AND 1326753
	Index Scan using sbtest1_pkey on sbtest1  (cost=0.43..408.15 rows=102 width=121)
	  Index Cond: ((id >= 1326654) AND (id <= 1326753))

table 2 : explain SELECT c FROM sbtest2 WHERE id BETWEEN 7680563 AND 7680662
	Index Scan using sbtest2_pkey on sbtest2  (cost=0.43..397.12 rows=99 width=121)
	  Index Cond: ((id >= 7680563) AND (id <= 7680662))

table 3 : explain SELECT c FROM sbtest3 WHERE id BETWEEN 7610673 AND 7610772
	Index Scan using sbtest3_pkey on sbtest3  (cost=0.43..384.58 rows=96 width=121)
	  Index Cond: ((id >= 7610673) AND (id <= 7610772))

table 4 : explain SELECT c FROM sbtest4 WHERE id BETWEEN 3237951 AND 3238050
	Index Scan using sbtest4_pkey on sbtest4  (cost=0.43..407.10 rows=102 width=121)
	  Index Cond: ((id >= 3237951) AND (id <= 3238050))

table 5 : explain SELECT c FROM sbtest5 WHERE id BETWEEN 5662172 AND 5662271
	Index Scan using sbtest5_pkey on sbtest5  (cost=0.43..396.26 rows=99 width=121)
	  Index Cond: ((id >= 5662172) AND (id <= 5662271))

table 6 : explain SELECT c FROM sbtest6 WHERE id BETWEEN 4063397 AND 4063496
	Index Scan using sbtest6_pkey on sbtest6  (cost=0.43..371.85 rows=93 width=121)
	  Index Cond: ((id >= 4063397) AND (id <= 4063496))

table 7 : explain SELECT c FROM sbtest7 WHERE id BETWEEN 2153939 AND 2154038
	Index Scan using sbtest7_pkey on sbtest7  (cost=0.43..426.74 rows=107 width=121)
	  Index Cond: ((id >= 2153939) AND (id <= 2154038))

table 8 : explain SELECT c FROM sbtest8 WHERE id BETWEEN 6535264 AND 6535363
	Index Scan using sbtest8_pkey on sbtest8  (cost=0.43..398.72 rows=100 width=121)
	  Index Cond: ((id >= 6535264) AND (id <= 6535363))

for: simple_ranges
table 1 : explain SELECT c FROM sbtest1 WHERE id BETWEEN 6001502 AND 6001601
	Index Scan using sbtest1_pkey on sbtest1  (cost=0.43..376.48 rows=94 width=121)
	  Index Cond: ((id >= 6001502) AND (id <= 6001601))

table 2 : explain SELECT c FROM sbtest2 WHERE id BETWEEN 5050140 AND 5050239
	Index Scan using sbtest2_pkey on sbtest2  (cost=0.43..416.96 rows=104 width=121)
	  Index Cond: ((id >= 5050140) AND (id <= 5050239))

table 3 : explain SELECT c FROM sbtest3 WHERE id BETWEEN 3875729 AND 3875828
	Index Scan using sbtest3_pkey on sbtest3  (cost=0.43..440.02 rows=110 width=121)
	  Index Cond: ((id >= 3875729) AND (id <= 3875828))

table 4 : explain SELECT c FROM sbtest4 WHERE id BETWEEN 260922 AND 261021
	Index Scan using sbtest4_pkey on sbtest4  (cost=0.43..407.10 rows=102 width=121)
	  Index Cond: ((id >= 260922) AND (id <= 261021))

table 5 : explain SELECT c FROM sbtest5 WHERE id BETWEEN 7309142 AND 7309241
	Index Scan using sbtest5_pkey on sbtest5  (cost=0.43..412.10 rows=103 width=121)
	  Index Cond: ((id >= 7309142) AND (id <= 7309241))

table 6 : explain SELECT c FROM sbtest6 WHERE id BETWEEN 3612803 AND 3612902
	Index Scan using sbtest6_pkey on sbtest6  (cost=0.43..383.70 rows=96 width=121)
	  Index Cond: ((id >= 3612803) AND (id <= 3612902))

table 7 : explain SELECT c FROM sbtest7 WHERE id BETWEEN 4544992 AND 4545091
	Index Scan using sbtest7_pkey on sbtest7  (cost=0.43..375.43 rows=94 width=121)
	  Index Cond: ((id >= 4544992) AND (id <= 4545091))

table 8 : explain SELECT c FROM sbtest8 WHERE id BETWEEN 7962461 AND 7962560
	Index Scan using sbtest8_pkey on sbtest8  (cost=0.43..406.60 rows=102 width=121)
	  Index Cond: ((id >= 7962461) AND (id <= 7962560))

explain: for point_selects :: explain SELECT c FROM sbtest%u WHERE id=%u
explain: for point_selects :: explain SELECT c FROM sbtest%u WHERE id=%u
for: order_ranges
table 1 : explain SELECT c FROM sbtest1 WHERE id BETWEEN 8512699 AND 8512798 ORDER BY c
	Sort  (cost=371.57..371.80 rows=92 width=121)
	  Sort Key: c
	  ->  Index Scan using sbtest1_pkey on sbtest1  (cost=0.43..368.57 rows=92 width=121)
	        Index Cond: ((id >= 8512699) AND (id <= 8512798))

table 2 : explain SELECT c FROM sbtest2 WHERE id BETWEEN 4946725 AND 4946824 ORDER BY c
	Sort  (cost=396.39..396.64 rows=98 width=121)
	  Sort Key: c
	  ->  Index Scan using sbtest2_pkey on sbtest2  (cost=0.43..393.15 rows=98 width=121)
	        Index Cond: ((id >= 4946725) AND (id <= 4946824))

table 3 : explain SELECT c FROM sbtest3 WHERE id BETWEEN 6110758 AND 6110857 ORDER BY c
	Sort  (cost=407.73..407.99 rows=101 width=121)
	  Sort Key: c
	  ->  Index Scan using sbtest3_pkey on sbtest3  (cost=0.43..404.37 rows=101 width=121)
	        Index Cond: ((id >= 6110758) AND (id <= 6110857))

table 4 : explain SELECT c FROM sbtest4 WHERE id BETWEEN 7256530 AND 7256629 ORDER BY c
	Sort  (cost=390.55..390.79 rows=97 width=121)
	  Sort Key: c
	  ->  Index Scan using sbtest4_pkey on sbtest4  (cost=0.43..387.35 rows=97 width=121)
	        Index Cond: ((id >= 7256530) AND (id <= 7256629))

table 5 : explain SELECT c FROM sbtest5 WHERE id BETWEEN 9483885 AND 9483984 ORDER BY c
	Sort  (cost=383.55..383.79 rows=95 width=121)
	  Sort Key: c
	  ->  Index Scan using sbtest5_pkey on sbtest5  (cost=0.43..380.43 rows=95 width=121)
	        Index Cond: ((id >= 9483885) AND (id <= 9483984))

table 6 : explain SELECT c FROM sbtest6 WHERE id BETWEEN 4815801 AND 4815900 ORDER BY c
	Sort  (cost=434.76..435.03 rows=108 width=121)
	  Sort Key: c
	  ->  Index Scan using sbtest6_pkey on sbtest6  (cost=0.43..431.11 rows=108 width=121)
	        Index Cond: ((id >= 4815801) AND (id <= 4815900))

table 7 : explain SELECT c FROM sbtest7 WHERE id BETWEEN 6763839 AND 6763938 ORDER BY c
	Sort  (cost=422.38..422.64 rows=105 width=121)
	  Sort Key: c
	  ->  Index Scan using sbtest7_pkey on sbtest7  (cost=0.43..418.85 rows=105 width=121)
	        Index Cond: ((id >= 6763839) AND (id <= 6763938))

table 8 : explain SELECT c FROM sbtest8 WHERE id BETWEEN 9575485 AND 9575584 ORDER BY c
	Sort  (cost=406.02..406.28 rows=101 width=121)
	  Sort Key: c
	  ->  Index Scan using sbtest8_pkey on sbtest8  (cost=0.43..402.66 rows=101 width=121)
	        Index Cond: ((id >= 9575485) AND (id <= 9575584))

explain: for point_selects :: explain SELECT c FROM sbtest%u WHERE id=%u
for: order_ranges
table 1 : explain SELECT c FROM sbtest1 WHERE id BETWEEN 4995506 AND 4995605 ORDER BY c
	Sort  (cost=439.54..439.81 rows=109 width=121)
	  Sort Key: c
	  ->  Index Scan using sbtest1_pkey on sbtest1  (cost=0.43..435.85 rows=109 width=121)
	        Index Cond: ((id >= 4995506) AND (id <= 4995605))

table 2 : explain SELECT c FROM sbtest2 WHERE id BETWEEN 7504559 AND 7504658 ORDER BY c
	Sort  (cost=372.36..372.59 rows=92 width=121)
	  Sort Key: c
	  ->  Index Scan using sbtest2_pkey on sbtest2  (cost=0.43..369.36 rows=92 width=121)
	        Index Cond: ((id >= 7504559) AND (id <= 7504658))

table 3 : explain SELECT c FROM sbtest3 WHERE id BETWEEN 7405624 AND 7405723 ORDER BY c
	Sort  (cost=399.74..399.98 rows=99 width=121)
	  Sort Key: c
	  ->  Index Scan using sbtest3_pkey on sbtest3  (cost=0.43..396.45 rows=99 width=121)
	        Index Cond: ((id >= 7405624) AND (id <= 7405723))

table 4 : explain SELECT c FROM sbtest4 WHERE id BETWEEN 1298426 AND 1298525 ORDER BY c
	Sort  (cost=378.59..378.83 rows=94 width=121)
	  Sort Key: c
	  ->  Index Scan using sbtest4_pkey on sbtest4  (cost=0.43..375.51 rows=94 width=121)
	        Index Cond: ((id >= 1298426) AND (id <= 1298525))

table 5 : explain SELECT c FROM sbtest5 WHERE id BETWEEN 7199937 AND 7200036 ORDER BY c
	Sort  (cost=379.56..379.79 rows=94 width=121)
	  Sort Key: c
	  ->  Index Scan using sbtest5_pkey on sbtest5  (cost=0.43..376.48 rows=94 width=121)
	        Index Cond: ((id >= 7199937) AND (id <= 7200036))

table 6 : explain SELECT c FROM sbtest6 WHERE id BETWEEN 1620241 AND 1620340 ORDER BY c
	Sort  (cost=410.82..411.07 rows=102 width=121)
	  Sort Key: c
	  ->  Index Scan using sbtest6_pkey on sbtest6  (cost=0.43..407.41 rows=102 width=121)
	        Index Cond: ((id >= 1620241) AND (id <= 1620340))

table 7 : explain SELECT c FROM sbtest7 WHERE id BETWEEN 2779016 AND 2779115 ORDER BY c
	Sort  (cost=382.50..382.74 rows=95 width=121)
	  Sort Key: c
	  ->  Index Scan using sbtest7_pkey on sbtest7  (cost=0.43..379.38 rows=95 width=121)
	        Index Cond: ((id >= 2779016) AND (id <= 2779115))

table 8 : explain SELECT c FROM sbtest8 WHERE id BETWEEN 2057934 AND 2058033 ORDER BY c
	Sort  (cost=378.13..378.37 rows=94 width=121)
	  Sort Key: c
	  ->  Index Scan using sbtest8_pkey on sbtest8  (cost=0.43..375.05 rows=94 width=121)
	        Index Cond: ((id >= 2057934) AND (id <= 2058033))

for: sum_ranges
table 1 : explain SELECT SUM(k) FROM sbtest1 WHERE id BETWEEN 6633938 AND 6634037
	Aggregate  (cost=368.80..368.81 rows=1 width=8)
	  ->  Index Scan using sbtest1_pkey on sbtest1  (cost=0.43..368.57 rows=92 width=4)
	        Index Cond: ((id >= 6633938) AND (id <= 6634037))

table 2 : explain SELECT SUM(k) FROM sbtest2 WHERE id BETWEEN 1839470 AND 1839569
	Aggregate  (cost=369.59..369.60 rows=1 width=8)
	  ->  Index Scan using sbtest2_pkey on sbtest2  (cost=0.43..369.36 rows=92 width=4)
	        Index Cond: ((id >= 1839470) AND (id <= 1839569))

table 3 : explain SELECT SUM(k) FROM sbtest3 WHERE id BETWEEN 1567494 AND 1567593
	Aggregate  (cost=416.52..416.53 rows=1 width=8)
	  ->  Index Scan using sbtest3_pkey on sbtest3  (cost=0.43..416.26 rows=104 width=4)
	        Index Cond: ((id >= 1567494) AND (id <= 1567593))

table 4 : explain SELECT SUM(k) FROM sbtest4 WHERE id BETWEEN 8063591 AND 8063690
	Aggregate  (cost=403.41..403.42 rows=1 width=8)
	  ->  Index Scan using sbtest4_pkey on sbtest4  (cost=0.43..403.15 rows=101 width=4)
	        Index Cond: ((id >= 8063591) AND (id <= 8063690))

table 5 : explain SELECT SUM(k) FROM sbtest5 WHERE id BETWEEN 1633857 AND 1633956
	Aggregate  (cost=376.71..376.72 rows=1 width=8)
	  ->  Index Scan using sbtest5_pkey on sbtest5  (cost=0.43..376.48 rows=94 width=4)
	        Index Cond: ((id >= 1633857) AND (id <= 1633956))

table 6 : explain SELECT SUM(k) FROM sbtest6 WHERE id BETWEEN 983349 AND 983448
	Aggregate  (cost=368.13..368.14 rows=1 width=8)
	  ->  Index Scan using sbtest6_pkey on sbtest6  (cost=0.43..367.90 rows=92 width=4)
	        Index Cond: ((id >= 983349) AND (id <= 983448))

table 7 : explain SELECT SUM(k) FROM sbtest7 WHERE id BETWEEN 6627103 AND 6627202
	Aggregate  (cost=415.17..415.18 rows=1 width=8)
	  ->  Index Scan using sbtest7_pkey on sbtest7  (cost=0.43..414.91 rows=104 width=4)
	        Index Cond: ((id >= 6627103) AND (id <= 6627202))

table 8 : explain SELECT SUM(k) FROM sbtest8 WHERE id BETWEEN 4717211 AND 4717310
	Aggregate  (cost=363.45..363.46 rows=1 width=8)
	  ->  Index Scan using sbtest8_pkey on sbtest8  (cost=0.43..363.23 rows=91 width=4)
	        Index Cond: ((id >= 4717211) AND (id <= 4717310))

explain: for point_selects :: explain SELECT c FROM sbtest%u WHERE id=%u
for point_selects
table 1 : explain SELECT c FROM sbtest1 WHERE id=7222889
	Index Scan using sbtest1_pkey on sbtest1  (cost=0.43..8.45 rows=1 width=121)
	  Index Cond: (id = 7222889)

table 2 : explain SELECT c FROM sbtest2 WHERE id=6377637
	Index Scan using sbtest2_pkey on sbtest2  (cost=0.43..8.45 rows=1 width=121)
	  Index Cond: (id = 6377637)

table 3 : explain SELECT c FROM sbtest3 WHERE id=2882953
	Index Scan using sbtest3_pkey on sbtest3  (cost=0.43..8.45 rows=1 width=121)
	  Index Cond: (id = 2882953)

table 4 : explain SELECT c FROM sbtest4 WHERE id=832187
	Index Scan using sbtest4_pkey on sbtest4  (cost=0.43..8.45 rows=1 width=121)
	  Index Cond: (id = 832187)

table 5 : explain SELECT c FROM sbtest5 WHERE id=6800441
	Index Scan using sbtest5_pkey on sbtest5  (cost=0.43..8.45 rows=1 width=121)
	  Index Cond: (id = 6800441)

table 6 : explain SELECT c FROM sbtest6 WHERE id=4702125
	Index Scan using sbtest6_pkey on sbtest6  (cost=0.43..8.45 rows=1 width=121)
	  Index Cond: (id = 4702125)

table 7 : explain SELECT c FROM sbtest7 WHERE id=6308140
	Index Scan using sbtest7_pkey on sbtest7  (cost=0.43..8.45 rows=1 width=121)
	  Index Cond: (id = 6308140)

table 8 : explain SELECT c FROM sbtest8 WHERE id=5828623
	Index Scan using sbtest8_pkey on sbtest8  (cost=0.43..8.45 rows=1 width=121)
	  Index Cond: (id = 5828623)

for: sum_ranges
table 1 : explain SELECT SUM(k) FROM sbtest1 WHERE id BETWEEN 1912745 AND 1912844
	Aggregate  (cost=412.37..412.38 rows=1 width=8)
	  ->  Index Scan using sbtest1_pkey on sbtest1  (cost=0.43..412.11 rows=103 width=4)
	        Index Cond: ((id >= 1912745) AND (id <= 1912844))

table 2 : explain SELECT SUM(k) FROM sbtest2 WHERE id BETWEEN 8311859 AND 8311958
	Aggregate  (cost=397.37..397.38 rows=1 width=8)
	  ->  Index Scan using sbtest2_pkey on sbtest2  (cost=0.43..397.12 rows=99 width=4)
	        Index Cond: ((id >= 8311859) AND (id <= 8311958))

table 3 : explain SELECT SUM(k) FROM sbtest3 WHERE id BETWEEN 1782379 AND 1782478
	Aggregate  (cost=376.90..376.91 rows=1 width=8)
	  ->  Index Scan using sbtest3_pkey on sbtest3  (cost=0.43..376.66 rows=94 width=4)
	        Index Cond: ((id >= 1782379) AND (id <= 1782478))

table 4 : explain SELECT SUM(k) FROM sbtest4 WHERE id BETWEEN 6266873 AND 6266972
	Aggregate  (cost=371.80..371.81 rows=1 width=8)
	  ->  Index Scan using sbtest4_pkey on sbtest4  (cost=0.43..371.56 rows=93 width=4)
	        Index Cond: ((id >= 6266873) AND (id <= 6266972))

table 5 : explain SELECT SUM(k) FROM sbtest5 WHERE id BETWEEN 4629949 AND 4630048
	Aggregate  (cost=424.24..424.25 rows=1 width=8)
	  ->  Index Scan using sbtest5_pkey on sbtest5  (cost=0.43..423.97 rows=106 width=4)
	        Index Cond: ((id >= 4629949) AND (id <= 4630048))

table 6 : explain SELECT SUM(k) FROM sbtest6 WHERE id BETWEEN 5242095 AND 5242194
	Aggregate  (cost=399.76..399.77 rows=1 width=8)
	  ->  Index Scan using sbtest6_pkey on sbtest6  (cost=0.43..399.51 rows=100 width=4)
	        Index Cond: ((id >= 5242095) AND (id <= 5242194))

table 7 : explain SELECT SUM(k) FROM sbtest7 WHERE id BETWEEN 5701916 AND 5702015
	Aggregate  (cost=411.22..411.23 rows=1 width=8)
	  ->  Index Scan using sbtest7_pkey on sbtest7  (cost=0.43..410.96 rows=103 width=4)
	        Index Cond: ((id >= 5701916) AND (id <= 5702015))

table 8 : explain SELECT SUM(k) FROM sbtest8 WHERE id BETWEEN 4370404 AND 4370503
	Aggregate  (cost=363.45..363.46 rows=1 width=8)
	  ->  Index Scan using sbtest8_pkey on sbtest8  (cost=0.43..363.23 rows=91 width=4)
	        Index Cond: ((id >= 4370404) AND (id <= 4370503))

for: sum_ranges
table 1 : explain SELECT SUM(k) FROM sbtest1 WHERE id BETWEEN 2412332 AND 2412431
	Aggregate  (cost=420.29..420.30 rows=1 width=8)
	  ->  Index Scan using sbtest1_pkey on sbtest1  (cost=0.43..420.02 rows=105 width=4)
	        Index Cond: ((id >= 2412332) AND (id <= 2412431))

table 2 : explain SELECT SUM(k) FROM sbtest2 WHERE id BETWEEN 1095574 AND 1095673
	Aggregate  (cost=401.33..401.34 rows=1 width=8)
	  ->  Index Scan using sbtest2_pkey on sbtest2  (cost=0.43..401.08 rows=100 width=4)
	        Index Cond: ((id >= 1095574) AND (id <= 1095673))

table 3 : explain SELECT SUM(k) FROM sbtest3 WHERE id BETWEEN 7042626 AND 7042725
	Aggregate  (cost=404.62..404.63 rows=1 width=8)
	  ->  Index Scan using sbtest3_pkey on sbtest3  (cost=0.43..404.37 rows=101 width=4)
	        Index Cond: ((id >= 7042626) AND (id <= 7042725))

table 4 : explain SELECT SUM(k) FROM sbtest4 WHERE id BETWEEN 6671480 AND 6671579
	Aggregate  (cost=379.70..379.71 rows=1 width=8)
	  ->  Index Scan using sbtest4_pkey on sbtest4  (cost=0.43..379.46 rows=95 width=4)
	        Index Cond: ((id >= 6671480) AND (id <= 6671579))

table 5 : explain SELECT SUM(k) FROM sbtest5 WHERE id BETWEEN 6715653 AND 6715752
	Aggregate  (cost=360.87..360.88 rows=1 width=8)
	  ->  Index Scan using sbtest5_pkey on sbtest5  (cost=0.43..360.65 rows=90 width=4)
	        Index Cond: ((id >= 6715653) AND (id <= 6715752))

table 6 : explain SELECT SUM(k) FROM sbtest6 WHERE id BETWEEN 4750853 AND 4750952
	Aggregate  (cost=368.13..368.14 rows=1 width=8)
	  ->  Index Scan using sbtest6_pkey on sbtest6  (cost=0.43..367.90 rows=92 width=4)
	        Index Cond: ((id >= 4750853) AND (id <= 4750952))

table 7 : explain SELECT SUM(k) FROM sbtest7 WHERE id BETWEEN 3367548 AND 3367647
	Aggregate  (cost=391.46..391.47 rows=1 width=8)
	  ->  Index Scan using sbtest7_pkey on sbtest7  (cost=0.43..391.21 rows=98 width=4)
	        Index Cond: ((id >= 3367548) AND (id <= 3367647))

table 8 : explain SELECT SUM(k) FROM sbtest8 WHERE id BETWEEN 8561916 AND 8562015
	Aggregate  (cost=398.97..398.98 rows=1 width=8)
	  ->  Index Scan using sbtest8_pkey on sbtest8  (cost=0.43..398.72 rows=100 width=4)
	        Index Cond: ((id >= 8561916) AND (id <= 8562015))

for: order_ranges
table 1 : explain SELECT c FROM sbtest1 WHERE id BETWEEN 4755944 AND 4756043 ORDER BY c
	Sort  (cost=427.55..427.81 rows=106 width=121)
	  Sort Key: c
	  ->  Index Scan using sbtest1_pkey on sbtest1  (cost=0.43..423.98 rows=106 width=121)
	        Index Cond: ((id >= 4755944) AND (id <= 4756043))

table 2 : explain SELECT c FROM sbtest2 WHERE id BETWEEN 2352665 AND 2352764 ORDER BY c
	Sort  (cost=372.36..372.59 rows=92 width=121)
	  Sort Key: c
	  ->  Index Scan using sbtest2_pkey on sbtest2  (cost=0.43..369.36 rows=92 width=121)
	        Index Cond: ((id >= 2352665) AND (id <= 2352764))

table 3 : explain SELECT c FROM sbtest3 WHERE id BETWEEN 6047784 AND 6047883 ORDER BY c
	Sort  (cost=407.73..407.99 rows=101 width=121)
	  Sort Key: c
	  ->  Index Scan using sbtest3_pkey on sbtest3  (cost=0.43..404.37 rows=101 width=121)
	        Index Cond: ((id >= 6047784) AND (id <= 6047883))

table 4 : explain SELECT c FROM sbtest4 WHERE id BETWEEN 9983009 AND 9983108 ORDER BY c
	Sort  (cost=442.40..442.68 rows=110 width=121)
	  Sort Key: c
	  ->  Index Scan using sbtest4_pkey on sbtest4  (cost=0.43..438.67 rows=110 width=121)
	        Index Cond: ((id >= 9983009) AND (id <= 9983108))

table 5 : explain SELECT c FROM sbtest5 WHERE id BETWEEN 6057962 AND 6058061 ORDER BY c
	Sort  (cost=403.54..403.79 rows=100 width=121)
	  Sort Key: c
	  ->  Index Scan using sbtest5_pkey on sbtest5  (cost=0.43..400.22 rows=100 width=121)
	        Index Cond: ((id >= 6057962) AND (id <= 6058061))

table 6 : explain SELECT c FROM sbtest6 WHERE id BETWEEN 9901271 AND 9901370 ORDER BY c
	Sort  (cost=374.89..375.12 rows=93 width=121)
	  Sort Key: c
	  ->  Index Scan using sbtest6_pkey on sbtest6  (cost=0.43..371.85 rows=93 width=121)
	        Index Cond: ((id >= 9901271) AND (id <= 9901370))

table 7 : explain SELECT c FROM sbtest7 WHERE id BETWEEN 8046885 AND 8046984 ORDER BY c
	Sort  (cost=410.42..410.67 rows=102 width=121)
	  Sort Key: c
	  ->  Index Scan using sbtest7_pkey on sbtest7  (cost=0.43..407.02 rows=102 width=121)
	        Index Cond: ((id >= 8046885) AND (id <= 8046984))

table 8 : explain SELECT c FROM sbtest8 WHERE id BETWEEN 9141916 AND 9142015 ORDER BY c
	Sort  (cost=394.06..394.30 rows=98 width=121)
	  Sort Key: c
	  ->  Index Scan using sbtest8_pkey on sbtest8  (cost=0.43..390.82 rows=98 width=121)
	        Index Cond: ((id >= 9141916) AND (id <= 9142015))

for: distinct_ranges
table 1 : explain SELECT DISTINCT c FROM sbtest1 WHERE id BETWEEN 4966062 AND 4966161 ORDER BY c
	Unique  (cost=439.54..440.09 rows=109 width=121)
	  ->  Sort  (cost=439.54..439.81 rows=109 width=121)
	        Sort Key: c
	        ->  Index Scan using sbtest1_pkey on sbtest1  (cost=0.43..435.85 rows=109 width=121)
	              Index Cond: ((id >= 4966062) AND (id <= 4966161))

table 2 : explain SELECT DISTINCT c FROM sbtest2 WHERE id BETWEEN 7517217 AND 7517316 ORDER BY c
	Unique  (cost=372.36..372.82 rows=92 width=121)
	  ->  Sort  (cost=372.36..372.59 rows=92 width=121)
	        Sort Key: c
	        ->  Index Scan using sbtest2_pkey on sbtest2  (cost=0.43..369.36 rows=92 width=121)
	              Index Cond: ((id >= 7517217) AND (id <= 7517316))

table 3 : explain SELECT DISTINCT c FROM sbtest3 WHERE id BETWEEN 5535505 AND 5535604 ORDER BY c
	Unique  (cost=407.73..408.24 rows=101 width=121)
	  ->  Sort  (cost=407.73..407.99 rows=101 width=121)
	        Sort Key: c
	        ->  Index Scan using sbtest3_pkey on sbtest3  (cost=0.43..404.37 rows=101 width=121)
	              Index Cond: ((id >= 5535505) AND (id <= 5535604))

table 4 : explain SELECT DISTINCT c FROM sbtest4 WHERE id BETWEEN 1385426 AND 1385525 ORDER BY c
	Unique  (cost=382.58..383.05 rows=95 width=121)
	  ->  Sort  (cost=382.58..382.82 rows=95 width=121)
	        Sort Key: c
	        ->  Index Scan using sbtest4_pkey on sbtest4  (cost=0.43..379.46 rows=95 width=121)
	              Index Cond: ((id >= 1385426) AND (id <= 1385525))

table 5 : explain SELECT DISTINCT c FROM sbtest5 WHERE id BETWEEN 8308495 AND 8308594 ORDER BY c
	Unique  (cost=375.56..376.02 rows=93 width=121)
	  ->  Sort  (cost=375.56..375.79 rows=93 width=121)
	        Sort Key: c
	        ->  Index Scan using sbtest5_pkey on sbtest5  (cost=0.43..372.52 rows=93 width=121)
	              Index Cond: ((id >= 8308495) AND (id <= 8308594))

table 6 : explain SELECT DISTINCT c FROM sbtest6 WHERE id BETWEEN 2172779 AND 2172878 ORDER BY c
	Unique  (cost=402.84..403.34 rows=100 width=121)
	  ->  Sort  (cost=402.84..403.09 rows=100 width=121)
	        Sort Key: c
	        ->  Index Scan using sbtest6_pkey on sbtest6  (cost=0.43..399.51 rows=100 width=121)
	              Index Cond: ((id >= 2172779) AND (id <= 2172878))

table 7 : explain SELECT DISTINCT c FROM sbtest7 WHERE id BETWEEN 2238262 AND 2238361 ORDER BY c
	Unique  (cost=414.40..414.92 rows=103 width=121)
	  ->  Sort  (cost=414.40..414.66 rows=103 width=121)
	        Sort Key: c
	        ->  Index Scan using sbtest7_pkey on sbtest7  (cost=0.43..410.96 rows=103 width=121)
	              Index Cond: ((id >= 2238262) AND (id <= 2238361))

table 8 : explain SELECT DISTINCT c FROM sbtest8 WHERE id BETWEEN 4282408 AND 4282507 ORDER BY c
	Unique  (cost=378.13..378.60 rows=94 width=121)
	  ->  Sort  (cost=378.13..378.37 rows=94 width=121)
	        Sort Key: c
	        ->  Index Scan using sbtest8_pkey on sbtest8  (cost=0.43..375.05 rows=94 width=121)
	              Index Cond: ((id >= 4282408) AND (id <= 4282507))

for point_selects
table 1 : explain SELECT c FROM sbtest1 WHERE id=4912177
	Index Scan using sbtest1_pkey on sbtest1  (cost=0.43..8.45 rows=1 width=121)
	  Index Cond: (id = 4912177)

table 2 : explain SELECT c FROM sbtest2 WHERE id=6541598
	Index Scan using sbtest2_pkey on sbtest2  (cost=0.43..8.45 rows=1 width=121)
	  Index Cond: (id = 6541598)

table 3 : explain SELECT c FROM sbtest3 WHERE id=3295637
	Index Scan using sbtest3_pkey on sbtest3  (cost=0.43..8.45 rows=1 width=121)
	  Index Cond: (id = 3295637)

table 4 : explain SELECT c FROM sbtest4 WHERE id=1187997
	Index Scan using sbtest4_pkey on sbtest4  (cost=0.43..8.45 rows=1 width=121)
	  Index Cond: (id = 1187997)

table 5 : explain SELECT c FROM sbtest5 WHERE id=8805006
	Index Scan using sbtest5_pkey on sbtest5  (cost=0.43..8.45 rows=1 width=121)
	  Index Cond: (id = 8805006)

table 6 : explain SELECT c FROM sbtest6 WHERE id=608576
	Index Scan using sbtest6_pkey on sbtest6  (cost=0.43..8.45 rows=1 width=121)
	  Index Cond: (id = 608576)

table 7 : explain SELECT c FROM sbtest7 WHERE id=1215007
	Index Scan using sbtest7_pkey on sbtest7  (cost=0.43..8.45 rows=1 width=121)
	  Index Cond: (id = 1215007)

table 8 : explain SELECT c FROM sbtest8 WHERE id=7236995
	Index Scan using sbtest8_pkey on sbtest8  (cost=0.43..8.45 rows=1 width=121)
	  Index Cond: (id = 7236995)

for: simple_ranges
table 1 : explain SELECT c FROM sbtest1 WHERE id BETWEEN 9199617 AND 9199716
	Index Scan using sbtest1_pkey on sbtest1  (cost=0.43..416.07 rows=104 width=121)
	  Index Cond: ((id >= 9199617) AND (id <= 9199716))

table 2 : explain SELECT c FROM sbtest2 WHERE id BETWEEN 1953685 AND 1953784
	Index Scan using sbtest2_pkey on sbtest2  (cost=0.43..389.19 rows=97 width=121)
	  Index Cond: ((id >= 1953685) AND (id <= 1953784))

table 3 : explain SELECT c FROM sbtest3 WHERE id BETWEEN 4932337 AND 4932436
	Index Scan using sbtest3_pkey on sbtest3  (cost=0.43..436.06 rows=109 width=121)
	  Index Cond: ((id >= 4932337) AND (id <= 4932436))

table 4 : explain SELECT c FROM sbtest4 WHERE id BETWEEN 8065177 AND 8065276
	Index Scan using sbtest4_pkey on sbtest4  (cost=0.43..403.15 rows=101 width=121)
	  Index Cond: ((id >= 8065177) AND (id <= 8065276))

table 5 : explain SELECT c FROM sbtest5 WHERE id BETWEEN 186616 AND 186715
	Index Scan using sbtest5_pkey on sbtest5  (cost=0.43..384.39 rows=96 width=121)
	  Index Cond: ((id >= 186616) AND (id <= 186715))

table 6 : explain SELECT c FROM sbtest6 WHERE id BETWEEN 3188976 AND 3189075
	Index Scan using sbtest6_pkey on sbtest6  (cost=0.43..427.16 rows=107 width=121)
	  Index Cond: ((id >= 3188976) AND (id <= 3189075))

table 7 : explain SELECT c FROM sbtest7 WHERE id BETWEEN 3873050 AND 3873149
	Index Scan using sbtest7_pkey on sbtest7  (cost=0.43..395.16 rows=99 width=121)
	  Index Cond: ((id >= 3873050) AND (id <= 3873149))

table 8 : explain SELECT c FROM sbtest8 WHERE id BETWEEN 3413537 AND 3413636
	Index Scan using sbtest8_pkey on sbtest8  (cost=0.43..394.78 rows=99 width=121)
	  Index Cond: ((id >= 3413537) AND (id <= 3413636))

for: distinct_ranges
table 1 : explain SELECT DISTINCT c FROM sbtest1 WHERE id BETWEEN 4649276 AND 4649375 ORDER BY c
	Unique  (cost=411.56..412.07 rows=102 width=121)
	  ->  Sort  (cost=411.56..411.81 rows=102 width=121)
	        Sort Key: c
	        ->  Index Scan using sbtest1_pkey on sbtest1  (cost=0.43..408.15 rows=102 width=121)
	              Index Cond: ((id >= 4649276) AND (id <= 4649375))

table 2 : explain SELECT DISTINCT c FROM sbtest2 WHERE id BETWEEN 8948370 AND 8948469 ORDER BY c
	Unique  (cost=384.38..384.85 rows=95 width=121)
	  ->  Sort  (cost=384.38..384.61 rows=95 width=121)
	        Sort Key: c
	        ->  Index Scan using sbtest2_pkey on sbtest2  (cost=0.43..381.26 rows=95 width=121)
	              Index Cond: ((id >= 8948370) AND (id <= 8948469))

table 3 : explain SELECT DISTINCT c FROM sbtest3 WHERE id BETWEEN 4091418 AND 4091517 ORDER BY c
	Unique  (cost=443.75..444.30 rows=110 width=121)
	  ->  Sort  (cost=443.75..444.02 rows=110 width=121)
	        Sort Key: c
	        ->  Index Scan using sbtest3_pkey on sbtest3  (cost=0.43..440.02 rows=110 width=121)
	              Index Cond: ((id >= 4091418) AND (id <= 4091517))

table 4 : explain SELECT DISTINCT c FROM sbtest4 WHERE id BETWEEN 8007965 AND 8008064 ORDER BY c
	Unique  (cost=406.52..407.02 rows=101 width=121)
	  ->  Sort  (cost=406.52..406.77 rows=101 width=121)
	        Sort Key: c
	        ->  Index Scan using sbtest4_pkey on sbtest4  (cost=0.43..403.15 rows=101 width=121)
	              Index Cond: ((id >= 8007965) AND (id <= 8008064))

table 5 : explain SELECT DISTINCT c FROM sbtest5 WHERE id BETWEEN 3143498 AND 3143597 ORDER BY c
	Unique  (cost=411.55..412.06 rows=102 width=121)
	  ->  Sort  (cost=411.55..411.80 rows=102 width=121)
	        Sort Key: c
	        ->  Index Scan using sbtest5_pkey on sbtest5  (cost=0.43..408.15 rows=102 width=121)
	              Index Cond: ((id >= 3143498) AND (id <= 3143597))

table 6 : explain SELECT DISTINCT c FROM sbtest6 WHERE id BETWEEN 6316824 AND 6316923 ORDER BY c
	Unique  (cost=422.79..423.31 rows=105 width=121)
	  ->  Sort  (cost=422.79..423.05 rows=105 width=121)
	        Sort Key: c
	        ->  Index Scan using sbtest6_pkey on sbtest6  (cost=0.43..419.26 rows=105 width=121)
	              Index Cond: ((id >= 6316824) AND (id <= 6316923))

table 7 : explain SELECT DISTINCT c FROM sbtest7 WHERE id BETWEEN 4827714 AND 4827813 ORDER BY c
	Unique  (cost=402.43..402.93 rows=100 width=121)
	  ->  Sort  (cost=402.43..402.68 rows=100 width=121)
	        Sort Key: c
	        ->  Index Scan using sbtest7_pkey on sbtest7  (cost=0.43..399.11 rows=100 width=121)
	              Index Cond: ((id >= 4827714) AND (id <= 4827813))

table 8 : explain SELECT DISTINCT c FROM sbtest8 WHERE id BETWEEN 3899832 AND 3899931 ORDER BY c
	Unique  (cost=406.02..406.53 rows=101 width=121)
	  ->  Sort  (cost=406.02..406.28 rows=101 width=121)
	        Sort Key: c
	        ->  Index Scan using sbtest8_pkey on sbtest8  (cost=0.43..402.66 rows=101 width=121)
	              Index Cond: ((id >= 3899832) AND (id <= 3899931))

explain: for point_selects :: explain SELECT c FROM sbtest%u WHERE id=%u
for: order_ranges
table 1 : explain SELECT c FROM sbtest1 WHERE id BETWEEN 6565890 AND 6565989 ORDER BY c
	Sort  (cost=371.57..371.80 rows=92 width=121)
	  Sort Key: c
	  ->  Index Scan using sbtest1_pkey on sbtest1  (cost=0.43..368.57 rows=92 width=121)
	        Index Cond: ((id >= 6565890) AND (id <= 6565989))

table 2 : explain SELECT c FROM sbtest2 WHERE id BETWEEN 2584206 AND 2584305 ORDER BY c
	Sort  (cost=424.45..424.71 rows=105 width=121)
	  Sort Key: c
	  ->  Index Scan using sbtest2_pkey on sbtest2  (cost=0.43..420.93 rows=105 width=121)
	        Index Cond: ((id >= 2584206) AND (id <= 2584305))

table 3 : explain SELECT c FROM sbtest3 WHERE id BETWEEN 2893134 AND 2893233 ORDER BY c
	Sort  (cost=443.75..444.02 rows=110 width=121)
	  Sort Key: c
	  ->  Index Scan using sbtest3_pkey on sbtest3  (cost=0.43..440.02 rows=110 width=121)
	        Index Cond: ((id >= 2893134) AND (id <= 2893233))

table 4 : explain SELECT c FROM sbtest4 WHERE id BETWEEN 2274099 AND 2274198 ORDER BY c
	Sort  (cost=410.50..410.76 rows=102 width=121)
	  Sort Key: c
	  ->  Index Scan using sbtest4_pkey on sbtest4  (cost=0.43..407.10 rows=102 width=121)
	        Index Cond: ((id >= 2274099) AND (id <= 2274198))

table 5 : explain SELECT c FROM sbtest5 WHERE id BETWEEN 9072212 AND 9072311 ORDER BY c
	Sort  (cost=395.54..395.79 rows=98 width=121)
	  Sort Key: c
	  ->  Index Scan using sbtest5_pkey on sbtest5  (cost=0.43..392.30 rows=98 width=121)
	        Index Cond: ((id >= 9072212) AND (id <= 9072311))

table 6 : explain SELECT c FROM sbtest6 WHERE id BETWEEN 1268662 AND 1268761 ORDER BY c
	Sort  (cost=382.87..383.11 rows=95 width=121)
	  Sort Key: c
	  ->  Index Scan using sbtest6_pkey on sbtest6  (cost=0.43..379.75 rows=95 width=121)
	        Index Cond: ((id >= 1268662) AND (id <= 1268761))

table 7 : explain SELECT c FROM sbtest7 WHERE id BETWEEN 1719729 AND 1719828 ORDER BY c
	Sort  (cost=366.56..366.78 rows=91 width=121)
	  Sort Key: c
	  ->  Index Scan using sbtest7_pkey on sbtest7  (cost=0.43..363.59 rows=91 width=121)
	        Index Cond: ((id >= 1719729) AND (id <= 1719828))

table 8 : explain SELECT c FROM sbtest8 WHERE id BETWEEN 2332192 AND 2332291 ORDER BY c
	Sort  (cost=402.04..402.29 rows=100 width=121)
	  Sort Key: c
	  ->  Index Scan using sbtest8_pkey on sbtest8  (cost=0.43..398.72 rows=100 width=121)
	        Index Cond: ((id >= 2332192) AND (id <= 2332291))

for: distinct_ranges
table 1 : explain SELECT DISTINCT c FROM sbtest1 WHERE id BETWEEN 8234310 AND 8234409 ORDER BY c
	Unique  (cost=423.55..424.07 rows=105 width=121)
	  ->  Sort  (cost=423.55..423.81 rows=105 width=121)
	        Sort Key: c
	        ->  Index Scan using sbtest1_pkey on sbtest1  (cost=0.43..420.02 rows=105 width=121)
	              Index Cond: ((id >= 8234310) AND (id <= 8234409))

table 2 : explain SELECT DISTINCT c FROM sbtest2 WHERE id BETWEEN 2799961 AND 2800060 ORDER BY c
	Unique  (cost=384.38..384.85 rows=95 width=121)
	  ->  Sort  (cost=384.38..384.61 rows=95 width=121)
	        Sort Key: c
	        ->  Index Scan using sbtest2_pkey on sbtest2  (cost=0.43..381.26 rows=95 width=121)
	              Index Cond: ((id >= 2799961) AND (id <= 2800060))

table 3 : explain SELECT DISTINCT c FROM sbtest3 WHERE id BETWEEN 4196659 AND 4196758 ORDER BY c
	Unique  (cost=415.75..416.26 rows=103 width=121)
	  ->  Sort  (cost=415.75..416.01 rows=103 width=121)
	        Sort Key: c
	        ->  Index Scan using sbtest3_pkey on sbtest3  (cost=0.43..412.31 rows=103 width=121)
	              Index Cond: ((id >= 4196659) AND (id <= 4196758))

table 4 : explain SELECT DISTINCT c FROM sbtest4 WHERE id BETWEEN 9563101 AND 9563200 ORDER BY c
	Unique  (cost=390.55..391.04 rows=97 width=121)
	  ->  Sort  (cost=390.55..390.79 rows=97 width=121)
	        Sort Key: c
	        ->  Index Scan using sbtest4_pkey on sbtest4  (cost=0.43..387.35 rows=97 width=121)
	              Index Cond: ((id >= 9563101) AND (id <= 9563200))

table 5 : explain SELECT DISTINCT c FROM sbtest5 WHERE id BETWEEN 2034500 AND 2034599 ORDER BY c
	Unique  (cost=423.54..424.07 rows=105 width=121)
	  ->  Sort  (cost=423.54..423.80 rows=105 width=121)
	        Sort Key: c
	        ->  Index Scan using sbtest5_pkey on sbtest5  (cost=0.43..420.02 rows=105 width=121)
	              Index Cond: ((id >= 2034500) AND (id <= 2034599))

table 6 : explain SELECT DISTINCT c FROM sbtest6 WHERE id BETWEEN 5722538 AND 5722637 ORDER BY c
	Unique  (cost=382.87..383.34 rows=95 width=121)
	  ->  Sort  (cost=382.87..383.11 rows=95 width=121)
	        Sort Key: c
	        ->  Index Scan using sbtest6_pkey on sbtest6  (cost=0.43..379.75 rows=95 width=121)
	              Index Cond: ((id >= 5722538) AND (id <= 5722637))

table 7 : explain SELECT DISTINCT c FROM sbtest7 WHERE id BETWEEN 1259508 AND 1259607 ORDER BY c
	Unique  (cost=418.39..418.91 rows=104 width=121)
	  ->  Sort  (cost=418.39..418.65 rows=104 width=121)
	        Sort Key: c
	        ->  Index Scan using sbtest7_pkey on sbtest7  (cost=0.43..414.91 rows=104 width=121)
	              Index Cond: ((id >= 1259508) AND (id <= 1259607))

table 8 : explain SELECT DISTINCT c FROM sbtest8 WHERE id BETWEEN 3580912 AND 3581011 ORDER BY c
	Unique  (cost=410.01..410.52 rows=102 width=121)
	  ->  Sort  (cost=410.01..410.26 rows=102 width=121)
	        Sort Key: c
	        ->  Index Scan using sbtest8_pkey on sbtest8  (cost=0.43..406.60 rows=102 width=121)
	              Index Cond: ((id >= 3580912) AND (id <= 3581011))

for point_selects
table 1 : explain SELECT c FROM sbtest1 WHERE id=704780
	Index Scan using sbtest1_pkey on sbtest1  (cost=0.43..8.45 rows=1 width=121)
	  Index Cond: (id = 704780)

table 2 : explain SELECT c FROM sbtest2 WHERE id=561409
	Index Scan using sbtest2_pkey on sbtest2  (cost=0.43..8.45 rows=1 width=121)
	  Index Cond: (id = 561409)

table 3 : explain SELECT c FROM sbtest3 WHERE id=5687467
	Index Scan using sbtest3_pkey on sbtest3  (cost=0.43..8.45 rows=1 width=121)
	  Index Cond: (id = 5687467)

table 4 : explain SELECT c FROM sbtest4 WHERE id=5197950
	Index Scan using sbtest4_pkey on sbtest4  (cost=0.43..8.45 rows=1 width=121)
	  Index Cond: (id = 5197950)

table 5 : explain SELECT c FROM sbtest5 WHERE id=508028
	Index Scan using sbtest5_pkey on sbtest5  (cost=0.43..8.45 rows=1 width=121)
	  Index Cond: (id = 508028)

table 6 : explain SELECT c FROM sbtest6 WHERE id=9725713
	Index Scan using sbtest6_pkey on sbtest6  (cost=0.43..8.45 rows=1 width=121)
	  Index Cond: (id = 9725713)

table 7 : explain SELECT c FROM sbtest7 WHERE id=5213881
	Index Scan using sbtest7_pkey on sbtest7  (cost=0.43..8.45 rows=1 width=121)
	  Index Cond: (id = 5213881)

table 8 : explain SELECT c FROM sbtest8 WHERE id=4433955
	Index Scan using sbtest8_pkey on sbtest8  (cost=0.43..8.45 rows=1 width=121)
	  Index Cond: (id = 4433955)

for: sum_ranges
table 1 : explain SELECT SUM(k) FROM sbtest1 WHERE id BETWEEN 2063219 AND 2063318
	Aggregate  (cost=412.37..412.38 rows=1 width=8)
	  ->  Index Scan using sbtest1_pkey on sbtest1  (cost=0.43..412.11 rows=103 width=4)
	        Index Cond: ((id >= 2063219) AND (id <= 2063318))

table 2 : explain SELECT SUM(k) FROM sbtest2 WHERE id BETWEEN 6555655 AND 6555754
	Aggregate  (cost=389.43..389.44 rows=1 width=8)
	  ->  Index Scan using sbtest2_pkey on sbtest2  (cost=0.43..389.19 rows=97 width=4)
	        Index Cond: ((id >= 6555655) AND (id <= 6555754))

table 3 : explain SELECT SUM(k) FROM sbtest3 WHERE id BETWEEN 138494 AND 138593
	Aggregate  (cost=396.70..396.71 rows=1 width=8)
	  ->  Index Scan using sbtest3_pkey on sbtest3  (cost=0.43..396.45 rows=99 width=4)
	        Index Cond: ((id >= 138494) AND (id <= 138593))

table 4 : explain SELECT SUM(k) FROM sbtest4 WHERE id BETWEEN 2840894 AND 2840993
	Aggregate  (cost=395.49..395.50 rows=1 width=8)
	  ->  Index Scan using sbtest4_pkey on sbtest4  (cost=0.43..395.24 rows=99 width=4)
	        Index Cond: ((id >= 2840894) AND (id <= 2840993))

table 5 : explain SELECT SUM(k) FROM sbtest5 WHERE id BETWEEN 570357 AND 570456
	Aggregate  (cost=380.67..380.68 rows=1 width=8)
	  ->  Index Scan using sbtest5_pkey on sbtest5  (cost=0.43..380.43 rows=95 width=4)
	        Index Cond: ((id >= 570357) AND (id <= 570456))

table 6 : explain SELECT SUM(k) FROM sbtest6 WHERE id BETWEEN 4126530 AND 4126629
	Aggregate  (cost=391.84..391.85 rows=1 width=8)
	  ->  Index Scan using sbtest6_pkey on sbtest6  (cost=0.43..391.60 rows=98 width=4)
	        Index Cond: ((id >= 4126530) AND (id <= 4126629))

table 7 : explain SELECT SUM(k) FROM sbtest7 WHERE id BETWEEN 6628903 AND 6629002
	Aggregate  (cost=415.17..415.18 rows=1 width=8)
	  ->  Index Scan using sbtest7_pkey on sbtest7  (cost=0.43..414.91 rows=104 width=4)
	        Index Cond: ((id >= 6628903) AND (id <= 6629002))

table 8 : explain SELECT SUM(k) FROM sbtest8 WHERE id BETWEEN 4700951 AND 4701050
	Aggregate  (cost=363.45..363.46 rows=1 width=8)
	  ->  Index Scan using sbtest8_pkey on sbtest8  (cost=0.43..363.23 rows=91 width=4)
	        Index Cond: ((id >= 4700951) AND (id <= 4701050))

for point_selects
table 1 : explain SELECT c FROM sbtest1 WHERE id=5431373
	Index Scan using sbtest1_pkey on sbtest1  (cost=0.43..8.45 rows=1 width=121)
	  Index Cond: (id = 5431373)

table 2 : explain SELECT c FROM sbtest2 WHERE id=3161598
	Index Scan using sbtest2_pkey on sbtest2  (cost=0.43..8.45 rows=1 width=121)
	  Index Cond: (id = 3161598)

table 3 : explain SELECT c FROM sbtest3 WHERE id=1189300
	Index Scan using sbtest3_pkey on sbtest3  (cost=0.43..8.45 rows=1 width=121)
	  Index Cond: (id = 1189300)

table 4 : explain SELECT c FROM sbtest4 WHERE id=1734827
	Index Scan using sbtest4_pkey on sbtest4  (cost=0.43..8.45 rows=1 width=121)
	  Index Cond: (id = 1734827)

table 5 : explain SELECT c FROM sbtest5 WHERE id=9527830
	Index Scan using sbtest5_pkey on sbtest5  (cost=0.43..8.45 rows=1 width=121)
	  Index Cond: (id = 9527830)

table 6 : explain SELECT c FROM sbtest6 WHERE id=4447725
	Index Scan using sbtest6_pkey on sbtest6  (cost=0.43..8.45 rows=1 width=121)
	  Index Cond: (id = 4447725)

table 7 : explain SELECT c FROM sbtest7 WHERE id=2469360
	Index Scan using sbtest7_pkey on sbtest7  (cost=0.43..8.45 rows=1 width=121)
	  Index Cond: (id = 2469360)

table 8 : explain SELECT c FROM sbtest8 WHERE id=7511666
	Index Scan using sbtest8_pkey on sbtest8  (cost=0.43..8.45 rows=1 width=121)
	  Index Cond: (id = 7511666)

for: distinct_ranges
table 1 : explain SELECT DISTINCT c FROM sbtest1 WHERE id BETWEEN 3130587 AND 3130686 ORDER BY c
	Unique  (cost=411.54..412.05 rows=102 width=121)
	  ->  Sort  (cost=411.54..411.80 rows=102 width=121)
	        Sort Key: c
	        ->  Index Scan using sbtest1_pkey on sbtest1  (cost=0.43..408.14 rows=102 width=121)
	              Index Cond: ((id >= 3130587) AND (id <= 3130686))

table 2 : explain SELECT DISTINCT c FROM sbtest2 WHERE id BETWEEN 389756 AND 389855 ORDER BY c
	Unique  (cost=388.38..388.86 rows=96 width=121)
	  ->  Sort  (cost=388.38..388.62 rows=96 width=121)
	        Sort Key: c
	        ->  Index Scan using sbtest2_pkey on sbtest2  (cost=0.43..385.22 rows=96 width=121)
	              Index Cond: ((id >= 389756) AND (id <= 389855))

table 3 : explain SELECT DISTINCT c FROM sbtest3 WHERE id BETWEEN 3899200 AND 3899299 ORDER BY c
	Unique  (cost=443.75..444.30 rows=110 width=121)
	  ->  Sort  (cost=443.75..444.02 rows=110 width=121)
	        Sort Key: c
	        ->  Index Scan using sbtest3_pkey on sbtest3  (cost=0.43..440.02 rows=110 width=121)
	              Index Cond: ((id >= 3899200) AND (id <= 3899299))

table 4 : explain SELECT DISTINCT c FROM sbtest4 WHERE id BETWEEN 6415067 AND 6415166 ORDER BY c
	Unique  (cost=402.51..403.01 rows=100 width=121)
	  ->  Sort  (cost=402.51..402.76 rows=100 width=121)
	        Sort Key: c
	        ->  Index Scan using sbtest4_pkey on sbtest4  (cost=0.43..399.19 rows=100 width=121)
	              Index Cond: ((id >= 6415067) AND (id <= 6415166))

table 5 : explain SELECT DISTINCT c FROM sbtest5 WHERE id BETWEEN 8007040 AND 8007139 ORDER BY c
	Unique  (cost=391.55..392.03 rows=97 width=121)
	  ->  Sort  (cost=391.55..391.79 rows=97 width=121)
	        Sort Key: c
	        ->  Index Scan using sbtest5_pkey on sbtest5  (cost=0.43..388.35 rows=97 width=121)
	              Index Cond: ((id >= 8007040) AND (id <= 8007139))

table 6 : explain SELECT DISTINCT c FROM sbtest6 WHERE id BETWEEN 1322512 AND 1322611 ORDER BY c
	Unique  (cost=374.89..375.36 rows=93 width=121)
	  ->  Sort  (cost=374.89..375.12 rows=93 width=121)
	        Sort Key: c
	        ->  Index Scan using sbtest6_pkey on sbtest6  (cost=0.43..371.85 rows=93 width=121)
	              Index Cond: ((id >= 1322512) AND (id <= 1322611))

table 7 : explain SELECT DISTINCT c FROM sbtest7 WHERE id BETWEEN 5612269 AND 5612368 ORDER BY c
	Unique  (cost=398.44..398.94 rows=99 width=121)
	  ->  Sort  (cost=398.44..398.69 rows=99 width=121)
	        Sort Key: c
	        ->  Index Scan using sbtest7_pkey on sbtest7  (cost=0.43..395.16 rows=99 width=121)
	              Index Cond: ((id >= 5612269) AND (id <= 5612368))

table 8 : explain SELECT DISTINCT c FROM sbtest8 WHERE id BETWEEN 8750900 AND 8750999 ORDER BY c
	Unique  (cost=429.92..430.45 rows=107 width=121)
	  ->  Sort  (cost=429.92..430.18 rows=107 width=121)
	        Sort Key: c
	        ->  Index Scan using sbtest8_pkey on sbtest8  (cost=0.43..426.31 rows=107 width=121)
	              Index Cond: ((id >= 8750900) AND (id <= 8750999))

for: order_ranges
table 1 : explain SELECT c FROM sbtest1 WHERE id BETWEEN 2727539 AND 2727638 ORDER BY c
	Sort  (cost=419.55..419.81 rows=104 width=121)
	  Sort Key: c
	  ->  Index Scan using sbtest1_pkey on sbtest1  (cost=0.43..416.07 rows=104 width=121)
	        Index Cond: ((id >= 2727539) AND (id <= 2727638))

table 2 : explain SELECT c FROM sbtest2 WHERE id BETWEEN 1907219 AND 1907318 ORDER BY c
	Sort  (cost=392.39..392.63 rows=97 width=121)
	  Sort Key: c
	  ->  Index Scan using sbtest2_pkey on sbtest2  (cost=0.43..389.19 rows=97 width=121)
	        Index Cond: ((id >= 1907219) AND (id <= 1907318))

table 3 : explain SELECT c FROM sbtest3 WHERE id BETWEEN 2683961 AND 2684060 ORDER BY c
	Sort  (cost=403.74..403.99 rows=100 width=121)
	  Sort Key: c
	  ->  Index Scan using sbtest3_pkey on sbtest3  (cost=0.43..400.41 rows=100 width=121)
	        Index Cond: ((id >= 2683961) AND (id <= 2684060))

table 4 : explain SELECT c FROM sbtest4 WHERE id BETWEEN 3564129 AND 3564228 ORDER BY c
	Sort  (cost=406.50..406.75 rows=101 width=121)
	  Sort Key: c
	  ->  Index Scan using sbtest4_pkey on sbtest4  (cost=0.43..403.14 rows=101 width=121)
	        Index Cond: ((id >= 3564129) AND (id <= 3564228))

table 5 : explain SELECT c FROM sbtest5 WHERE id BETWEEN 5330993 AND 5331092 ORDER BY c
	Sort  (cost=411.55..411.80 rows=102 width=121)
	  Sort Key: c
	  ->  Index Scan using sbtest5_pkey on sbtest5  (cost=0.43..408.15 rows=102 width=121)
	        Index Cond: ((id >= 5330993) AND (id <= 5331092))

table 6 : explain SELECT c FROM sbtest6 WHERE id BETWEEN 6943305 AND 6943404 ORDER BY c
	Sort  (cost=398.83..399.08 rows=99 width=121)
	  Sort Key: c
	  ->  Index Scan using sbtest6_pkey on sbtest6  (cost=0.43..395.55 rows=99 width=121)
	        Index Cond: ((id >= 6943305) AND (id <= 6943404))

table 7 : explain SELECT c FROM sbtest7 WHERE id BETWEEN 8355944 AND 8356043 ORDER BY c
	Sort  (cost=410.42..410.67 rows=102 width=121)
	  Sort Key: c
	  ->  Index Scan using sbtest7_pkey on sbtest7  (cost=0.43..407.02 rows=102 width=121)
	        Index Cond: ((id >= 8355944) AND (id <= 8356043))

table 8 : explain SELECT c FROM sbtest8 WHERE id BETWEEN 2676241 AND 2676340 ORDER BY c
	Sort  (cost=354.25..354.47 rows=88 width=121)
	  Sort Key: c
	  ->  Index Scan using sbtest8_pkey on sbtest8  (cost=0.43..351.40 rows=88 width=121)
	        Index Cond: ((id >= 2676241) AND (id <= 2676340))

for: simple_ranges
table 1 : explain SELECT c FROM sbtest1 WHERE id BETWEEN 887502 AND 887601
	Index Scan using sbtest1_pkey on sbtest1  (cost=0.43..376.48 rows=94 width=121)
	  Index Cond: ((id >= 887502) AND (id <= 887601))

table 2 : explain SELECT c FROM sbtest2 WHERE id BETWEEN 4155529 AND 4155628
	Index Scan using sbtest2_pkey on sbtest2  (cost=0.43..381.26 rows=95 width=121)
	  Index Cond: ((id >= 4155529) AND (id <= 4155628))

table 3 : explain SELECT c FROM sbtest3 WHERE id BETWEEN 3093132 AND 3093231
	Index Scan using sbtest3_pkey on sbtest3  (cost=0.43..396.45 rows=99 width=121)
	  Index Cond: ((id >= 3093132) AND (id <= 3093231))

table 4 : explain SELECT c FROM sbtest4 WHERE id BETWEEN 1927587 AND 1927686
	Index Scan using sbtest4_pkey on sbtest4  (cost=0.43..418.94 rows=105 width=121)
	  Index Cond: ((id >= 1927587) AND (id <= 1927686))

table 5 : explain SELECT c FROM sbtest5 WHERE id BETWEEN 9166073 AND 9166172
	Index Scan using sbtest5_pkey on sbtest5  (cost=0.43..372.52 rows=93 width=121)
	  Index Cond: ((id >= 9166073) AND (id <= 9166172))

table 6 : explain SELECT c FROM sbtest6 WHERE id BETWEEN 2549217 AND 2549316
	Index Scan using sbtest6_pkey on sbtest6  (cost=0.43..407.41 rows=102 width=121)
	  Index Cond: ((id >= 2549217) AND (id <= 2549316))

table 7 : explain SELECT c FROM sbtest7 WHERE id BETWEEN 799002 AND 799101
	Index Scan using sbtest7_pkey on sbtest7  (cost=0.43..383.32 rows=96 width=121)
	  Index Cond: ((id >= 799002) AND (id <= 799101))

table 8 : explain SELECT c FROM sbtest8 WHERE id BETWEEN 6303778 AND 6303877
	Index Scan using sbtest8_pkey on sbtest8  (cost=0.43..410.54 rows=103 width=121)
	  Index Cond: ((id >= 6303778) AND (id <= 6303877))

for point_selects
table 1 : explain SELECT c FROM sbtest1 WHERE id=1401985
	Index Scan using sbtest1_pkey on sbtest1  (cost=0.43..8.45 rows=1 width=121)
	  Index Cond: (id = 1401985)

table 2 : explain SELECT c FROM sbtest2 WHERE id=3947475
	Index Scan using sbtest2_pkey on sbtest2  (cost=0.43..8.45 rows=1 width=121)
	  Index Cond: (id = 3947475)

table 3 : explain SELECT c FROM sbtest3 WHERE id=3215718
	Index Scan using sbtest3_pkey on sbtest3  (cost=0.43..8.45 rows=1 width=121)
	  Index Cond: (id = 3215718)

table 4 : explain SELECT c FROM sbtest4 WHERE id=155628
	Index Scan using sbtest4_pkey on sbtest4  (cost=0.43..8.45 rows=1 width=121)
	  Index Cond: (id = 155628)

table 5 : explain SELECT c FROM sbtest5 WHERE id=1302201
	Index Scan using sbtest5_pkey on sbtest5  (cost=0.43..8.45 rows=1 width=121)
	  Index Cond: (id = 1302201)

table 6 : explain SELECT c FROM sbtest6 WHERE id=8546280
	Index Scan using sbtest6_pkey on sbtest6  (cost=0.43..8.45 rows=1 width=121)
	  Index Cond: (id = 8546280)

table 7 : explain SELECT c FROM sbtest7 WHERE id=2535155
	Index Scan using sbtest7_pkey on sbtest7  (cost=0.43..8.45 rows=1 width=121)
	  Index Cond: (id = 2535155)

table 8 : explain SELECT c FROM sbtest8 WHERE id=4138465
	Index Scan using sbtest8_pkey on sbtest8  (cost=0.43..8.45 rows=1 width=121)
	  Index Cond: (id = 4138465)

for point_selects
table 1 : explain SELECT c FROM sbtest1 WHERE id=212084
	Index Scan using sbtest1_pkey on sbtest1  (cost=0.43..8.45 rows=1 width=121)
	  Index Cond: (id = 212084)

table 2 : explain SELECT c FROM sbtest2 WHERE id=3618954
	Index Scan using sbtest2_pkey on sbtest2  (cost=0.43..8.45 rows=1 width=121)
	  Index Cond: (id = 3618954)

table 3 : explain SELECT c FROM sbtest3 WHERE id=122415
	Index Scan using sbtest3_pkey on sbtest3  (cost=0.43..8.45 rows=1 width=121)
	  Index Cond: (id = 122415)

table 4 : explain SELECT c FROM sbtest4 WHERE id=5039422
	Index Scan using sbtest4_pkey on sbtest4  (cost=0.43..8.45 rows=1 width=121)
	  Index Cond: (id = 5039422)

table 5 : explain SELECT c FROM sbtest5 WHERE id=6180676
	Index Scan using sbtest5_pkey on sbtest5  (cost=0.43..8.45 rows=1 width=121)
	  Index Cond: (id = 6180676)

table 6 : explain SELECT c FROM sbtest6 WHERE id=4135552
	Index Scan using sbtest6_pkey on sbtest6  (cost=0.43..8.45 rows=1 width=121)
	  Index Cond: (id = 4135552)

table 7 : explain SELECT c FROM sbtest7 WHERE id=2537759
	Index Scan using sbtest7_pkey on sbtest7  (cost=0.43..8.45 rows=1 width=121)
	  Index Cond: (id = 2537759)

table 8 : explain SELECT c FROM sbtest8 WHERE id=5669734
	Index Scan using sbtest8_pkey on sbtest8  (cost=0.43..8.45 rows=1 width=121)
	  Index Cond: (id = 5669734)

for: simple_ranges
table 1 : explain SELECT c FROM sbtest1 WHERE id BETWEEN 9026714 AND 9026813
	Index Scan using sbtest1_pkey on sbtest1  (cost=0.43..388.35 rows=97 width=121)
	  Index Cond: ((id >= 9026714) AND (id <= 9026813))

table 2 : explain SELECT c FROM sbtest2 WHERE id BETWEEN 5153424 AND 5153523
	Index Scan using sbtest2_pkey on sbtest2  (cost=0.43..397.12 rows=99 width=121)
	  Index Cond: ((id >= 5153424) AND (id <= 5153523))

table 3 : explain SELECT c FROM sbtest3 WHERE id BETWEEN 8973143 AND 8973242
	Index Scan using sbtest3_pkey on sbtest3  (cost=0.43..420.22 rows=105 width=121)
	  Index Cond: ((id >= 8973143) AND (id <= 8973242))

table 4 : explain SELECT c FROM sbtest4 WHERE id BETWEEN 603302 AND 603401
	Index Scan using sbtest4_pkey on sbtest4  (cost=0.43..403.14 rows=101 width=121)
	  Index Cond: ((id >= 603302) AND (id <= 603401))

table 5 : explain SELECT c FROM sbtest5 WHERE id BETWEEN 2472778 AND 2472877
	Index Scan using sbtest5_pkey on sbtest5  (cost=0.43..400.22 rows=100 width=121)
	  Index Cond: ((id >= 2472778) AND (id <= 2472877))

table 6 : explain SELECT c FROM sbtest6 WHERE id BETWEEN 3614631 AND 3614730
	Index Scan using sbtest6_pkey on sbtest6  (cost=0.43..383.70 rows=96 width=121)
	  Index Cond: ((id >= 3614631) AND (id <= 3614730))

table 7 : explain SELECT c FROM sbtest7 WHERE id BETWEEN 4148587 AND 4148686
	Index Scan using sbtest7_pkey on sbtest7  (cost=0.43..387.27 rows=97 width=121)
	  Index Cond: ((id >= 4148587) AND (id <= 4148686))

table 8 : explain SELECT c FROM sbtest8 WHERE id BETWEEN 593600 AND 593699
	Index Scan using sbtest8_pkey on sbtest8  (cost=0.43..402.66 rows=101 width=121)
	  Index Cond: ((id >= 593600) AND (id <= 593699))

for: order_ranges
table 1 : explain SELECT c FROM sbtest1 WHERE id BETWEEN 4473933 AND 4474032 ORDER BY c
	Sort  (cost=427.55..427.81 rows=106 width=121)
	  Sort Key: c
	  ->  Index Scan using sbtest1_pkey on sbtest1  (cost=0.43..423.98 rows=106 width=121)
	        Index Cond: ((id >= 4473933) AND (id <= 4474032))

table 2 : explain SELECT c FROM sbtest2 WHERE id BETWEEN 8055545 AND 8055644 ORDER BY c
	Sort  (cost=436.47..436.74 rows=108 width=121)
	  Sort Key: c
	  ->  Index Scan using sbtest2_pkey on sbtest2  (cost=0.43..432.82 rows=108 width=121)
	        Index Cond: ((id >= 8055545) AND (id <= 8055644))

table 3 : explain SELECT c FROM sbtest3 WHERE id BETWEEN 6842939 AND 6843038 ORDER BY c
	Sort  (cost=411.75..412.00 rows=102 width=121)
	  Sort Key: c
	  ->  Index Scan using sbtest3_pkey on sbtest3  (cost=0.43..408.35 rows=102 width=121)
	        Index Cond: ((id >= 6842939) AND (id <= 6843038))

table 4 : explain SELECT c FROM sbtest4 WHERE id BETWEEN 2786449 AND 2786548 ORDER BY c
	Sort  (cost=398.52..398.77 rows=99 width=121)
	  Sort Key: c
	  ->  Index Scan using sbtest4_pkey on sbtest4  (cost=0.43..395.24 rows=99 width=121)
	        Index Cond: ((id >= 2786449) AND (id <= 2786548))

table 5 : explain SELECT c FROM sbtest5 WHERE id BETWEEN 981215 AND 981314 ORDER BY c
	Sort  (cost=415.55..415.80 rows=103 width=121)
	  Sort Key: c
	  ->  Index Scan using sbtest5_pkey on sbtest5  (cost=0.43..412.10 rows=103 width=121)
	        Index Cond: ((id >= 981215) AND (id <= 981314))

table 6 : explain SELECT c FROM sbtest6 WHERE id BETWEEN 6259244 AND 6259343 ORDER BY c
	Sort  (cost=398.83..399.08 rows=99 width=121)
	  Sort Key: c
	  ->  Index Scan using sbtest6_pkey on sbtest6  (cost=0.43..395.55 rows=99 width=121)
	        Index Cond: ((id >= 6259244) AND (id <= 6259343))

table 7 : explain SELECT c FROM sbtest7 WHERE id BETWEEN 3366991 AND 3367090 ORDER BY c
	Sort  (cost=394.46..394.70 rows=98 width=121)
	  Sort Key: c
	  ->  Index Scan using sbtest7_pkey on sbtest7  (cost=0.43..391.21 rows=98 width=121)
	        Index Cond: ((id >= 3366991) AND (id <= 3367090))

table 8 : explain SELECT c FROM sbtest8 WHERE id BETWEEN 2577997 AND 2578096 ORDER BY c
	Sort  (cost=394.06..394.30 rows=98 width=121)
	  Sort Key: c
	  ->  Index Scan using sbtest8_pkey on sbtest8  (cost=0.43..390.82 rows=98 width=121)
	        Index Cond: ((id >= 2577997) AND (id <= 2578096))

for: simple_ranges
table 1 : explain SELECT c FROM sbtest1 WHERE id BETWEEN 5349498 AND 5349597
	Index Scan using sbtest1_pkey on sbtest1  (cost=0.43..376.48 rows=94 width=121)
	  Index Cond: ((id >= 5349498) AND (id <= 5349597))

table 2 : explain SELECT c FROM sbtest2 WHERE id BETWEEN 5702865 AND 5702964
	Index Scan using sbtest2_pkey on sbtest2  (cost=0.43..405.05 rows=101 width=121)
	  Index Cond: ((id >= 5702865) AND (id <= 5702964))

table 3 : explain SELECT c FROM sbtest3 WHERE id BETWEEN 850031 AND 850130
	Index Scan using sbtest3_pkey on sbtest3  (cost=0.43..424.18 rows=106 width=121)
	  Index Cond: ((id >= 850031) AND (id <= 850130))

table 4 : explain SELECT c FROM sbtest4 WHERE id BETWEEN 2824691 AND 2824790
	Index Scan using sbtest4_pkey on sbtest4  (cost=0.43..395.24 rows=99 width=121)
	  Index Cond: ((id >= 2824691) AND (id <= 2824790))

table 5 : explain SELECT c FROM sbtest5 WHERE id BETWEEN 4560913 AND 4561012
	Index Scan using sbtest5_pkey on sbtest5  (cost=0.43..423.97 rows=106 width=121)
	  Index Cond: ((id >= 4560913) AND (id <= 4561012))

table 6 : explain SELECT c FROM sbtest6 WHERE id BETWEEN 464639 AND 464738
	Index Scan using sbtest6_pkey on sbtest6  (cost=0.43..415.31 rows=104 width=121)
	  Index Cond: ((id >= 464639) AND (id <= 464738))

table 7 : explain SELECT c FROM sbtest7 WHERE id BETWEEN 9024886 AND 9024985
	Index Scan using sbtest7_pkey on sbtest7  (cost=0.43..403.07 rows=101 width=121)
	  Index Cond: ((id >= 9024886) AND (id <= 9024985))

table 8 : explain SELECT c FROM sbtest8 WHERE id BETWEEN 6205931 AND 6206030
	Index Scan using sbtest8_pkey on sbtest8  (cost=0.43..414.49 rows=104 width=121)
	  Index Cond: ((id >= 6205931) AND (id <= 6206030))

for: simple_ranges
table 1 : explain SELECT c FROM sbtest1 WHERE id BETWEEN 8547856 AND 8547955
	Index Scan using sbtest1_pkey on sbtest1  (cost=0.43..396.27 rows=99 width=121)
	  Index Cond: ((id >= 8547856) AND (id <= 8547955))

table 2 : explain SELECT c FROM sbtest2 WHERE id BETWEEN 3718548 AND 3718647
	Index Scan using sbtest2_pkey on sbtest2  (cost=0.43..432.82 rows=108 width=121)
	  Index Cond: ((id >= 3718548) AND (id <= 3718647))

table 3 : explain SELECT c FROM sbtest3 WHERE id BETWEEN 8300772 AND 8300871
	Index Scan using sbtest3_pkey on sbtest3  (cost=0.43..455.85 rows=114 width=121)
	  Index Cond: ((id >= 8300772) AND (id <= 8300871))

table 4 : explain SELECT c FROM sbtest4 WHERE id BETWEEN 6861063 AND 6861162
	Index Scan using sbtest4_pkey on sbtest4  (cost=0.43..411.05 rows=103 width=121)
	  Index Cond: ((id >= 6861063) AND (id <= 6861162))

table 5 : explain SELECT c FROM sbtest5 WHERE id BETWEEN 8610919 AND 8611018
	Index Scan using sbtest5_pkey on sbtest5  (cost=0.43..408.15 rows=102 width=121)
	  Index Cond: ((id >= 8610919) AND (id <= 8611018))

table 6 : explain SELECT c FROM sbtest6 WHERE id BETWEEN 2525380 AND 2525479
	Index Scan using sbtest6_pkey on sbtest6  (cost=0.43..407.41 rows=102 width=121)
	  Index Cond: ((id >= 2525380) AND (id <= 2525479))

table 7 : explain SELECT c FROM sbtest7 WHERE id BETWEEN 562024 AND 562123
	Index Scan using sbtest7_pkey on sbtest7  (cost=0.43..367.54 rows=92 width=121)
	  Index Cond: ((id >= 562024) AND (id <= 562123))

table 8 : explain SELECT c FROM sbtest8 WHERE id BETWEEN 4250713 AND 4250812
	Index Scan using sbtest8_pkey on sbtest8  (cost=0.43..375.05 rows=94 width=121)
	  Index Cond: ((id >= 4250713) AND (id <= 4250812))

for: sum_ranges
table 1 : explain SELECT SUM(k) FROM sbtest1 WHERE id BETWEEN 2455625 AND 2455724
	Aggregate  (cost=420.29..420.30 rows=1 width=8)
	  ->  Index Scan using sbtest1_pkey on sbtest1  (cost=0.43..420.02 rows=105 width=4)
	        Index Cond: ((id >= 2455625) AND (id <= 2455724))

table 2 : explain SELECT SUM(k) FROM sbtest2 WHERE id BETWEEN 8523043 AND 8523142
	Aggregate  (cost=401.33..401.34 rows=1 width=8)
	  ->  Index Scan using sbtest2_pkey on sbtest2  (cost=0.43..401.08 rows=100 width=4)
	        Index Cond: ((id >= 8523043) AND (id <= 8523142))

table 3 : explain SELECT SUM(k) FROM sbtest3 WHERE id BETWEEN 5339219 AND 5339318
	Aggregate  (cost=396.70..396.71 rows=1 width=8)
	  ->  Index Scan using sbtest3_pkey on sbtest3  (cost=0.43..396.45 rows=99 width=4)
	        Index Cond: ((id >= 5339219) AND (id <= 5339318))

table 4 : explain SELECT SUM(k) FROM sbtest4 WHERE id BETWEEN 8604660 AND 8604759
	Aggregate  (cost=403.39..403.40 rows=1 width=8)
	  ->  Index Scan using sbtest4_pkey on sbtest4  (cost=0.43..403.14 rows=101 width=4)
	        Index Cond: ((id >= 8604660) AND (id <= 8604759))

table 5 : explain SELECT SUM(k) FROM sbtest5 WHERE id BETWEEN 4385275 AND 4385374
	Aggregate  (cost=408.40..408.41 rows=1 width=8)
	  ->  Index Scan using sbtest5_pkey on sbtest5  (cost=0.43..408.15 rows=102 width=4)
	        Index Cond: ((id >= 4385275) AND (id <= 4385374))

table 6 : explain SELECT SUM(k) FROM sbtest6 WHERE id BETWEEN 1144151 AND 1144250
	Aggregate  (cost=376.03..376.04 rows=1 width=8)
	  ->  Index Scan using sbtest6_pkey on sbtest6  (cost=0.43..375.80 rows=94 width=4)
	        Index Cond: ((id >= 1144151) AND (id <= 1144250))

table 7 : explain SELECT SUM(k) FROM sbtest7 WHERE id BETWEEN 4543445 AND 4543544
	Aggregate  (cost=395.41..395.42 rows=1 width=8)
	  ->  Index Scan using sbtest7_pkey on sbtest7  (cost=0.43..395.16 rows=99 width=4)
	        Index Cond: ((id >= 4543445) AND (id <= 4543544))

table 8 : explain SELECT SUM(k) FROM sbtest8 WHERE id BETWEEN 7583218 AND 7583317
	Aggregate  (cost=391.06..391.07 rows=1 width=8)
	  ->  Index Scan using sbtest8_pkey on sbtest8  (cost=0.43..390.82 rows=98 width=4)
	        Index Cond: ((id >= 7583218) AND (id <= 7583317))

for: simple_ranges
table 1 : explain SELECT c FROM sbtest1 WHERE id BETWEEN 8606958 AND 8607057
	Index Scan using sbtest1_pkey on sbtest1  (cost=0.43..396.27 rows=99 width=121)
	  Index Cond: ((id >= 8606958) AND (id <= 8607057))

table 2 : explain SELECT c FROM sbtest2 WHERE id BETWEEN 7356697 AND 7356796
	Index Scan using sbtest2_pkey on sbtest2  (cost=0.43..420.93 rows=105 width=121)
	  Index Cond: ((id >= 7356697) AND (id <= 7356796))

table 3 : explain SELECT c FROM sbtest3 WHERE id BETWEEN 6114087 AND 6114186
	Index Scan using sbtest3_pkey on sbtest3  (cost=0.43..404.37 rows=101 width=121)
	  Index Cond: ((id >= 6114087) AND (id <= 6114186))

table 4 : explain SELECT c FROM sbtest4 WHERE id BETWEEN 888148 AND 888247
	Index Scan using sbtest4_pkey on sbtest4  (cost=0.43..391.30 rows=98 width=121)
	  Index Cond: ((id >= 888148) AND (id <= 888247))

table 5 : explain SELECT c FROM sbtest5 WHERE id BETWEEN 1970216 AND 1970315
	Index Scan using sbtest5_pkey on sbtest5  (cost=0.43..388.35 rows=97 width=121)
	  Index Cond: ((id >= 1970216) AND (id <= 1970315))

table 6 : explain SELECT c FROM sbtest6 WHERE id BETWEEN 350017 AND 350116
	Index Scan using sbtest6_pkey on sbtest6  (cost=0.43..407.41 rows=102 width=121)
	  Index Cond: ((id >= 350017) AND (id <= 350116))

table 7 : explain SELECT c FROM sbtest7 WHERE id BETWEEN 5377650 AND 5377749
	Index Scan using sbtest7_pkey on sbtest7  (cost=0.43..430.69 rows=108 width=121)
	  Index Cond: ((id >= 5377650) AND (id <= 5377749))

table 8 : explain SELECT c FROM sbtest8 WHERE id BETWEEN 1746521 AND 1746620
	Index Scan using sbtest8_pkey on sbtest8  (cost=0.43..378.99 rows=95 width=121)
	  Index Cond: ((id >= 1746521) AND (id <= 1746620))

for: distinct_ranges
table 1 : explain SELECT DISTINCT c FROM sbtest1 WHERE id BETWEEN 3351492 AND 3351591 ORDER BY c
	Unique  (cost=403.55..404.05 rows=100 width=121)
	  ->  Sort  (cost=403.55..403.80 rows=100 width=121)
	        Sort Key: c
	        ->  Index Scan using sbtest1_pkey on sbtest1  (cost=0.43..400.22 rows=100 width=121)
	              Index Cond: ((id >= 3351492) AND (id <= 3351591))

table 2 : explain SELECT DISTINCT c FROM sbtest2 WHERE id BETWEEN 7618114 AND 7618213 ORDER BY c
	Unique  (cost=400.40..400.90 rows=99 width=121)
	  ->  Sort  (cost=400.40..400.65 rows=99 width=121)
	        Sort Key: c
	        ->  Index Scan using sbtest2_pkey on sbtest2  (cost=0.43..397.12 rows=99 width=121)
	              Index Cond: ((id >= 7618114) AND (id <= 7618213))

table 3 : explain SELECT DISTINCT c FROM sbtest3 WHERE id BETWEEN 6689341 AND 6689440 ORDER BY c
	Unique  (cost=391.74..392.22 rows=97 width=121)
	  ->  Sort  (cost=391.74..391.98 rows=97 width=121)
	        Sort Key: c
	        ->  Index Scan using sbtest3_pkey on sbtest3  (cost=0.43..388.54 rows=97 width=121)
	              Index Cond: ((id >= 6689341) AND (id <= 6689440))

table 4 : explain SELECT DISTINCT c FROM sbtest4 WHERE id BETWEEN 4302562 AND 4302661 ORDER BY c
	Unique  (cost=406.50..407.00 rows=101 width=121)
	  ->  Sort  (cost=406.50..406.75 rows=101 width=121)
	        Sort Key: c
	        ->  Index Scan using sbtest4_pkey on sbtest4  (cost=0.43..403.14 rows=101 width=121)
	              Index Cond: ((id >= 4302562) AND (id <= 4302661))

table 5 : explain SELECT DISTINCT c FROM sbtest5 WHERE id BETWEEN 364253 AND 364352 ORDER BY c
	Unique  (cost=451.53..452.09 rows=112 width=121)
	  ->  Sort  (cost=451.53..451.81 rows=112 width=121)
	        Sort Key: c
	        ->  Index Scan using sbtest5_pkey on sbtest5  (cost=0.43..447.72 rows=112 width=121)
	              Index Cond: ((id >= 364253) AND (id <= 364352))

table 6 : explain SELECT DISTINCT c FROM sbtest6 WHERE id BETWEEN 7676445 AND 7676544 ORDER BY c
	Unique  (cost=414.81..415.32 rows=103 width=121)
	  ->  Sort  (cost=414.81..415.06 rows=103 width=121)
	        Sort Key: c
	        ->  Index Scan using sbtest6_pkey on sbtest6  (cost=0.43..411.36 rows=103 width=121)
	              Index Cond: ((id >= 7676445) AND (id <= 7676544))

table 7 : explain SELECT DISTINCT c FROM sbtest7 WHERE id BETWEEN 6444840 AND 6444939 ORDER BY c
	Unique  (cost=414.40..414.92 rows=103 width=121)
	  ->  Sort  (cost=414.40..414.66 rows=103 width=121)
	        Sort Key: c
	        ->  Index Scan using sbtest7_pkey on sbtest7  (cost=0.43..410.96 rows=103 width=121)
	              Index Cond: ((id >= 6444840) AND (id <= 6444939))

table 8 : explain SELECT DISTINCT c FROM sbtest8 WHERE id BETWEEN 824499 AND 824598 ORDER BY c
	Unique  (cost=413.99..414.50 rows=103 width=121)
	  ->  Sort  (cost=413.99..414.25 rows=103 width=121)
	        Sort Key: c
	        ->  Index Scan using sbtest8_pkey on sbtest8  (cost=0.43..410.54 rows=103 width=121)
	              Index Cond: ((id >= 824499) AND (id <= 824598))

for: sum_ranges
table 1 : explain SELECT SUM(k) FROM sbtest1 WHERE id BETWEEN 4683123 AND 4683222
	Aggregate  (cost=408.41..408.42 rows=1 width=8)
	  ->  Index Scan using sbtest1_pkey on sbtest1  (cost=0.43..408.15 rows=102 width=4)
	        Index Cond: ((id >= 4683123) AND (id <= 4683222))

table 2 : explain SELECT SUM(k) FROM sbtest2 WHERE id BETWEEN 2158970 AND 2159069
	Aggregate  (cost=413.25..413.26 rows=1 width=8)
	  ->  Index Scan using sbtest2_pkey on sbtest2  (cost=0.43..413.00 rows=103 width=4)
	        Index Cond: ((id >= 2158970) AND (id <= 2159069))

table 3 : explain SELECT SUM(k) FROM sbtest3 WHERE id BETWEEN 5914719 AND 5914818
	Aggregate  (cost=396.70..396.71 rows=1 width=8)
	  ->  Index Scan using sbtest3_pkey on sbtest3  (cost=0.43..396.45 rows=99 width=4)
	        Index Cond: ((id >= 5914719) AND (id <= 5914818))

table 4 : explain SELECT SUM(k) FROM sbtest4 WHERE id BETWEEN 5215464 AND 5215563
	Aggregate  (cost=375.75..375.76 rows=1 width=8)
	  ->  Index Scan using sbtest4_pkey on sbtest4  (cost=0.43..375.51 rows=94 width=4)
	        Index Cond: ((id >= 5215464) AND (id <= 5215563))

table 5 : explain SELECT SUM(k) FROM sbtest5 WHERE id BETWEEN 7759444 AND 7759543
	Aggregate  (cost=372.75..372.76 rows=1 width=8)
	  ->  Index Scan using sbtest5_pkey on sbtest5  (cost=0.43..372.52 rows=93 width=4)
	        Index Cond: ((id >= 7759444) AND (id <= 7759543))

table 6 : explain SELECT SUM(k) FROM sbtest6 WHERE id BETWEEN 4417662 AND 4417761
	Aggregate  (cost=379.99..380.00 rows=1 width=8)
	  ->  Index Scan using sbtest6_pkey on sbtest6  (cost=0.43..379.75 rows=95 width=4)
	        Index Cond: ((id >= 4417662) AND (id <= 4417761))

table 7 : explain SELECT SUM(k) FROM sbtest7 WHERE id BETWEEN 5960211 AND 5960310
	Aggregate  (cost=427.01..427.02 rows=1 width=8)
	  ->  Index Scan using sbtest7_pkey on sbtest7  (cost=0.43..426.74 rows=107 width=4)
	        Index Cond: ((id >= 5960211) AND (id <= 5960310))

table 8 : explain SELECT SUM(k) FROM sbtest8 WHERE id BETWEEN 4330384 AND 4330483
	Aggregate  (cost=375.29..375.30 rows=1 width=8)
	  ->  Index Scan using sbtest8_pkey on sbtest8  (cost=0.43..375.05 rows=94 width=4)
	        Index Cond: ((id >= 4330384) AND (id <= 4330483))

for point_selects
table 1 : explain SELECT c FROM sbtest1 WHERE id=125614
	Index Scan using sbtest1_pkey on sbtest1  (cost=0.43..8.45 rows=1 width=121)
	  Index Cond: (id = 125614)

table 2 : explain SELECT c FROM sbtest2 WHERE id=7450845
	Index Scan using sbtest2_pkey on sbtest2  (cost=0.43..8.45 rows=1 width=121)
	  Index Cond: (id = 7450845)

table 3 : explain SELECT c FROM sbtest3 WHERE id=272123
	Index Scan using sbtest3_pkey on sbtest3  (cost=0.43..8.45 rows=1 width=121)
	  Index Cond: (id = 272123)

table 4 : explain SELECT c FROM sbtest4 WHERE id=2713800
	Index Scan using sbtest4_pkey on sbtest4  (cost=0.43..8.45 rows=1 width=121)
	  Index Cond: (id = 2713800)

table 5 : explain SELECT c FROM sbtest5 WHERE id=8673057
	Index Scan using sbtest5_pkey on sbtest5  (cost=0.43..8.45 rows=1 width=121)
	  Index Cond: (id = 8673057)

table 6 : explain SELECT c FROM sbtest6 WHERE id=1668327
	Index Scan using sbtest6_pkey on sbtest6  (cost=0.43..8.45 rows=1 width=121)
	  Index Cond: (id = 1668327)

table 7 : explain SELECT c FROM sbtest7 WHERE id=831173
	Index Scan using sbtest7_pkey on sbtest7  (cost=0.43..8.45 rows=1 width=121)
	  Index Cond: (id = 831173)

table 8 : explain SELECT c FROM sbtest8 WHERE id=1020166
	Index Scan using sbtest8_pkey on sbtest8  (cost=0.43..8.45 rows=1 width=121)
	  Index Cond: (id = 1020166)

for: sum_ranges
table 1 : explain SELECT SUM(k) FROM sbtest1 WHERE id BETWEEN 1872532 AND 1872631
	Aggregate  (cost=368.80..368.81 rows=1 width=8)
	  ->  Index Scan using sbtest1_pkey on sbtest1  (cost=0.43..368.57 rows=92 width=4)
	        Index Cond: ((id >= 1872532) AND (id <= 1872631))

table 2 : explain SELECT SUM(k) FROM sbtest2 WHERE id BETWEEN 5914907 AND 5915006
	Aggregate  (cost=405.30..405.31 rows=1 width=8)
	  ->  Index Scan using sbtest2_pkey on sbtest2  (cost=0.43..405.05 rows=101 width=4)
	        Index Cond: ((id >= 5914907) AND (id <= 5915006))

table 3 : explain SELECT SUM(k) FROM sbtest3 WHERE id BETWEEN 6900229 AND 6900328
	Aggregate  (cost=372.93..372.94 rows=1 width=8)
	  ->  Index Scan using sbtest3_pkey on sbtest3  (cost=0.43..372.70 rows=93 width=4)
	        Index Cond: ((id >= 6900229) AND (id <= 6900328))

table 4 : explain SELECT SUM(k) FROM sbtest4 WHERE id BETWEEN 8868173 AND 8868272
	Aggregate  (cost=391.54..391.55 rows=1 width=8)
	  ->  Index Scan using sbtest4_pkey on sbtest4  (cost=0.43..391.30 rows=98 width=4)
	        Index Cond: ((id >= 8868173) AND (id <= 8868272))

table 5 : explain SELECT SUM(k) FROM sbtest5 WHERE id BETWEEN 2489658 AND 2489757
	Aggregate  (cost=400.47..400.48 rows=1 width=8)
	  ->  Index Scan using sbtest5_pkey on sbtest5  (cost=0.43..400.22 rows=100 width=4)
	        Index Cond: ((id >= 2489658) AND (id <= 2489757))

table 6 : explain SELECT SUM(k) FROM sbtest6 WHERE id BETWEEN 7108017 AND 7108116
	Aggregate  (cost=439.29..439.30 rows=1 width=8)
	  ->  Index Scan using sbtest6_pkey on sbtest6  (cost=0.43..439.01 rows=110 width=4)
	        Index Cond: ((id >= 7108017) AND (id <= 7108116))

table 7 : explain SELECT SUM(k) FROM sbtest7 WHERE id BETWEEN 3553065 AND 3553164
	Aggregate  (cost=434.91..434.92 rows=1 width=8)
	  ->  Index Scan using sbtest7_pkey on sbtest7  (cost=0.43..434.63 rows=109 width=4)
	        Index Cond: ((id >= 3553065) AND (id <= 3553164))

table 8 : explain SELECT SUM(k) FROM sbtest8 WHERE id BETWEEN 3105411 AND 3105510
	Aggregate  (cost=418.69..418.70 rows=1 width=8)
	  ->  Index Scan using sbtest8_pkey on sbtest8  (cost=0.43..418.43 rows=105 width=4)
	        Index Cond: ((id >= 3105411) AND (id <= 3105510))

for: distinct_ranges
table 1 : explain SELECT DISTINCT c FROM sbtest1 WHERE id BETWEEN 9070919 AND 9071018 ORDER BY c
	Unique  (cost=391.55..392.04 rows=97 width=121)
	  ->  Sort  (cost=391.55..391.80 rows=97 width=121)
	        Sort Key: c
	        ->  Index Scan using sbtest1_pkey on sbtest1  (cost=0.43..388.35 rows=97 width=121)
	              Index Cond: ((id >= 9070919) AND (id <= 9071018))

table 2 : explain SELECT DISTINCT c FROM sbtest2 WHERE id BETWEEN 1941637 AND 1941736 ORDER BY c
	Unique  (cost=392.39..392.87 rows=97 width=121)
	  ->  Sort  (cost=392.39..392.63 rows=97 width=121)
	        Sort Key: c
	        ->  Index Scan using sbtest2_pkey on sbtest2  (cost=0.43..389.19 rows=97 width=121)
	              Index Cond: ((id >= 1941637) AND (id <= 1941736))

table 3 : explain SELECT DISTINCT c FROM sbtest3 WHERE id BETWEEN 5942141 AND 5942240 ORDER BY c
	Unique  (cost=399.74..400.23 rows=99 width=121)
	  ->  Sort  (cost=399.74..399.98 rows=99 width=121)
	        Sort Key: c
	        ->  Index Scan using sbtest3_pkey on sbtest3  (cost=0.43..396.45 rows=99 width=121)
	              Index Cond: ((id >= 5942141) AND (id <= 5942240))

table 4 : explain SELECT DISTINCT c FROM sbtest4 WHERE id BETWEEN 3763091 AND 3763190 ORDER BY c
	Unique  (cost=434.43..434.97 rows=108 width=121)
	  ->  Sort  (cost=434.43..434.70 rows=108 width=121)
	        Sort Key: c
	        ->  Index Scan using sbtest4_pkey on sbtest4  (cost=0.43..430.78 rows=108 width=121)
	              Index Cond: ((id >= 3763091) AND (id <= 3763190))

table 5 : explain SELECT DISTINCT c FROM sbtest5 WHERE id BETWEEN 7942915 AND 7943014 ORDER BY c
	Unique  (cost=395.54..396.03 rows=98 width=121)
	  ->  Sort  (cost=395.54..395.79 rows=98 width=121)
	        Sort Key: c
	        ->  Index Scan using sbtest5_pkey on sbtest5  (cost=0.43..392.30 rows=98 width=121)
	              Index Cond: ((id >= 7942915) AND (id <= 7943014))

table 6 : explain SELECT DISTINCT c FROM sbtest6 WHERE id BETWEEN 8129569 AND 8129668 ORDER BY c
	Unique  (cost=382.87..383.34 rows=95 width=121)
	  ->  Sort  (cost=382.87..383.11 rows=95 width=121)
	        Sort Key: c
	        ->  Index Scan using sbtest6_pkey on sbtest6  (cost=0.43..379.75 rows=95 width=121)
	              Index Cond: ((id >= 8129569) AND (id <= 8129668))

table 7 : explain SELECT DISTINCT c FROM sbtest7 WHERE id BETWEEN 5020579 AND 5020678 ORDER BY c
	Unique  (cost=370.54..371.00 rows=92 width=121)
	  ->  Sort  (cost=370.54..370.77 rows=92 width=121)
	        Sort Key: c
	        ->  Index Scan using sbtest7_pkey on sbtest7  (cost=0.43..367.54 rows=92 width=121)
	              Index Cond: ((id >= 5020579) AND (id <= 5020678))

table 8 : explain SELECT DISTINCT c FROM sbtest8 WHERE id BETWEEN 2506178 AND 2506277 ORDER BY c
	Unique  (cost=449.83..450.39 rows=112 width=121)
	  ->  Sort  (cost=449.83..450.11 rows=112 width=121)
	        Sort Key: c
	        ->  Index Scan using sbtest8_pkey on sbtest8  (cost=0.43..446.02 rows=112 width=121)
	              Index Cond: ((id >= 2506178) AND (id <= 2506277))

for: order_ranges
table 1 : explain SELECT c FROM sbtest1 WHERE id BETWEEN 3567652 AND 3567751 ORDER BY c
	Sort  (cost=395.55..395.80 rows=98 width=121)
	  Sort Key: c
	  ->  Index Scan using sbtest1_pkey on sbtest1  (cost=0.43..392.31 rows=98 width=121)
	        Index Cond: ((id >= 3567652) AND (id <= 3567751))

table 2 : explain SELECT c FROM sbtest2 WHERE id BETWEEN 7482387 AND 7482486 ORDER BY c
	Sort  (cost=388.38..388.62 rows=96 width=121)
	  Sort Key: c
	  ->  Index Scan using sbtest2_pkey on sbtest2  (cost=0.43..385.22 rows=96 width=121)
	        Index Cond: ((id >= 7482387) AND (id <= 7482486))

table 3 : explain SELECT c FROM sbtest3 WHERE id BETWEEN 6712580 AND 6712679 ORDER BY c
	Sort  (cost=435.75..436.02 rows=108 width=121)
	  Sort Key: c
	  ->  Index Scan using sbtest3_pkey on sbtest3  (cost=0.43..432.10 rows=108 width=121)
	        Index Cond: ((id >= 6712580) AND (id <= 6712679))

table 4 : explain SELECT c FROM sbtest4 WHERE id BETWEEN 3176773 AND 3176872 ORDER BY c
	Sort  (cost=410.50..410.76 rows=102 width=121)
	  Sort Key: c
	  ->  Index Scan using sbtest4_pkey on sbtest4  (cost=0.43..407.10 rows=102 width=121)
	        Index Cond: ((id >= 3176773) AND (id <= 3176872))

table 5 : explain SELECT c FROM sbtest5 WHERE id BETWEEN 2352804 AND 2352903 ORDER BY c
	Sort  (cost=399.54..399.79 rows=99 width=121)
	  Sort Key: c
	  ->  Index Scan using sbtest5_pkey on sbtest5  (cost=0.43..396.26 rows=99 width=121)
	        Index Cond: ((id >= 2352804) AND (id <= 2352903))

table 6 : explain SELECT c FROM sbtest6 WHERE id BETWEEN 5882846 AND 5882945 ORDER BY c
	Sort  (cost=426.78..427.04 rows=106 width=121)
	  Sort Key: c
	  ->  Index Scan using sbtest6_pkey on sbtest6  (cost=0.43..423.21 rows=106 width=121)
	        Index Cond: ((id >= 5882846) AND (id <= 5882945))

table 7 : explain SELECT c FROM sbtest7 WHERE id BETWEEN 708751 AND 708850 ORDER BY c
	Sort  (cost=414.40..414.66 rows=103 width=121)
	  Sort Key: c
	  ->  Index Scan using sbtest7_pkey on sbtest7  (cost=0.43..410.96 rows=103 width=121)
	        Index Cond: ((id >= 708751) AND (id <= 708850))

table 8 : explain SELECT c FROM sbtest8 WHERE id BETWEEN 8624839 AND 8624938 ORDER BY c
	Sort  (cost=429.92..430.18 rows=107 width=121)
	  Sort Key: c
	  ->  Index Scan using sbtest8_pkey on sbtest8  (cost=0.43..426.31 rows=107 width=121)
	        Index Cond: ((id >= 8624839) AND (id <= 8624938))

for: sum_ranges
table 1 : explain SELECT SUM(k) FROM sbtest1 WHERE id BETWEEN 3322961 AND 3323060
	Aggregate  (cost=400.47..400.48 rows=1 width=8)
	  ->  Index Scan using sbtest1_pkey on sbtest1  (cost=0.43..400.22 rows=100 width=4)
	        Index Cond: ((id >= 3322961) AND (id <= 3323060))

table 2 : explain SELECT SUM(k) FROM sbtest2 WHERE id BETWEEN 5589051 AND 5589150
	Aggregate  (cost=405.30..405.31 rows=1 width=8)
	  ->  Index Scan using sbtest2_pkey on sbtest2  (cost=0.43..405.05 rows=101 width=4)
	        Index Cond: ((id >= 5589051) AND (id <= 5589150))

table 3 : explain SELECT SUM(k) FROM sbtest3 WHERE id BETWEEN 2811213 AND 2811312
	Aggregate  (cost=416.52..416.53 rows=1 width=8)
	  ->  Index Scan using sbtest3_pkey on sbtest3  (cost=0.43..416.26 rows=104 width=4)
	        Index Cond: ((id >= 2811213) AND (id <= 2811312))

table 4 : explain SELECT SUM(k) FROM sbtest4 WHERE id BETWEEN 7708131 AND 7708230
	Aggregate  (cost=403.41..403.42 rows=1 width=8)
	  ->  Index Scan using sbtest4_pkey on sbtest4  (cost=0.43..403.15 rows=101 width=4)
	        Index Cond: ((id >= 7708131) AND (id <= 7708230))

table 5 : explain SELECT SUM(k) FROM sbtest5 WHERE id BETWEEN 7394505 AND 7394604
	Aggregate  (cost=420.28..420.29 rows=1 width=8)
	  ->  Index Scan using sbtest5_pkey on sbtest5  (cost=0.43..420.02 rows=105 width=4)
	        Index Cond: ((id >= 7394505) AND (id <= 7394604))

table 6 : explain SELECT SUM(k) FROM sbtest6 WHERE id BETWEEN 3341057 AND 3341156
	Aggregate  (cost=423.48..423.49 rows=1 width=8)
	  ->  Index Scan using sbtest6_pkey on sbtest6  (cost=0.43..423.21 rows=106 width=4)
	        Index Cond: ((id >= 3341057) AND (id <= 3341156))

table 7 : explain SELECT SUM(k) FROM sbtest7 WHERE id BETWEEN 6671891 AND 6671990
	Aggregate  (cost=387.51..387.52 rows=1 width=8)
	  ->  Index Scan using sbtest7_pkey on sbtest7  (cost=0.43..387.27 rows=97 width=4)
	        Index Cond: ((id >= 6671891) AND (id <= 6671990))

table 8 : explain SELECT SUM(k) FROM sbtest8 WHERE id BETWEEN 4806131 AND 4806230
	Aggregate  (cost=395.03..395.04 rows=1 width=8)
	  ->  Index Scan using sbtest8_pkey on sbtest8  (cost=0.43..394.78 rows=99 width=4)
	        Index Cond: ((id >= 4806131) AND (id <= 4806230))

for: order_ranges
table 1 : explain SELECT c FROM sbtest1 WHERE id BETWEEN 6419149 AND 6419248 ORDER BY c
	Sort  (cost=407.54..407.80 rows=101 width=121)
	  Sort Key: c
	  ->  Index Scan using sbtest1_pkey on sbtest1  (cost=0.43..404.18 rows=101 width=121)
	        Index Cond: ((id >= 6419149) AND (id <= 6419248))

table 2 : explain SELECT c FROM sbtest2 WHERE id BETWEEN 9347958 AND 9348057 ORDER BY c
	Sort  (cost=440.48..440.75 rows=109 width=121)
	  Sort Key: c
	  ->  Index Scan using sbtest2_pkey on sbtest2  (cost=0.43..436.79 rows=109 width=121)
	        Index Cond: ((id >= 9347958) AND (id <= 9348057))

table 3 : explain SELECT c FROM sbtest3 WHERE id BETWEEN 4412311 AND 4412410 ORDER BY c
	Sort  (cost=415.75..416.01 rows=103 width=121)
	  Sort Key: c
	  ->  Index Scan using sbtest3_pkey on sbtest3  (cost=0.43..412.31 rows=103 width=121)
	        Index Cond: ((id >= 4412311) AND (id <= 4412410))

table 4 : explain SELECT c FROM sbtest4 WHERE id BETWEEN 7525811 AND 7525910 ORDER BY c
	Sort  (cost=382.58..382.82 rows=95 width=121)
	  Sort Key: c
	  ->  Index Scan using sbtest4_pkey on sbtest4  (cost=0.43..379.46 rows=95 width=121)
	        Index Cond: ((id >= 7525811) AND (id <= 7525910))

table 5 : explain SELECT c FROM sbtest5 WHERE id BETWEEN 4584615 AND 4584714 ORDER BY c
	Sort  (cost=427.54..427.81 rows=106 width=121)
	  Sort Key: c
	  ->  Index Scan using sbtest5_pkey on sbtest5  (cost=0.43..423.97 rows=106 width=121)
	        Index Cond: ((id >= 4584615) AND (id <= 4584714))

table 6 : explain SELECT c FROM sbtest6 WHERE id BETWEEN 5377288 AND 5377387 ORDER BY c
	Sort  (cost=418.80..419.06 rows=104 width=121)
	  Sort Key: c
	  ->  Index Scan using sbtest6_pkey on sbtest6  (cost=0.43..415.31 rows=104 width=121)
	        Index Cond: ((id >= 5377288) AND (id <= 5377387))

table 7 : explain SELECT c FROM sbtest7 WHERE id BETWEEN 7350488 AND 7350587 ORDER BY c
	Sort  (cost=374.53..374.76 rows=93 width=121)
	  Sort Key: c
	  ->  Index Scan using sbtest7_pkey on sbtest7  (cost=0.43..371.49 rows=93 width=121)
	        Index Cond: ((id >= 7350488) AND (id <= 7350587))

table 8 : explain SELECT c FROM sbtest8 WHERE id BETWEEN 3070134 AND 3070233 ORDER BY c
	Sort  (cost=421.95..422.22 rows=105 width=121)
	  Sort Key: c
	  ->  Index Scan using sbtest8_pkey on sbtest8  (cost=0.43..418.43 rows=105 width=121)
	        Index Cond: ((id >= 3070134) AND (id <= 3070233))

for: sum_ranges
table 1 : explain SELECT SUM(k) FROM sbtest1 WHERE id BETWEEN 1634029 AND 1634128
	Aggregate  (cost=444.04..444.05 rows=1 width=8)
	  ->  Index Scan using sbtest1_pkey on sbtest1  (cost=0.43..443.77 rows=111 width=4)
	        Index Cond: ((id >= 1634029) AND (id <= 1634128))

table 2 : explain SELECT SUM(k) FROM sbtest2 WHERE id BETWEEN 8017862 AND 8017961
	Aggregate  (cost=433.09..433.10 rows=1 width=8)
	  ->  Index Scan using sbtest2_pkey on sbtest2  (cost=0.43..432.82 rows=108 width=4)
	        Index Cond: ((id >= 8017862) AND (id <= 8017961))

table 3 : explain SELECT SUM(k) FROM sbtest3 WHERE id BETWEEN 3327100 AND 3327199
	Aggregate  (cost=412.56..412.57 rows=1 width=8)
	  ->  Index Scan using sbtest3_pkey on sbtest3  (cost=0.43..412.31 rows=103 width=4)
	        Index Cond: ((id >= 3327100) AND (id <= 3327199))

table 4 : explain SELECT SUM(k) FROM sbtest4 WHERE id BETWEEN 5751973 AND 5752072
	Aggregate  (cost=383.64..383.65 rows=1 width=8)
	  ->  Index Scan using sbtest4_pkey on sbtest4  (cost=0.43..383.40 rows=96 width=4)
	        Index Cond: ((id >= 5751973) AND (id <= 5752072))

table 5 : explain SELECT SUM(k) FROM sbtest5 WHERE id BETWEEN 1610119 AND 1610218
	Aggregate  (cost=376.71..376.72 rows=1 width=8)
	  ->  Index Scan using sbtest5_pkey on sbtest5  (cost=0.43..376.48 rows=94 width=4)
	        Index Cond: ((id >= 1610119) AND (id <= 1610218))

table 6 : explain SELECT SUM(k) FROM sbtest6 WHERE id BETWEEN 4359575 AND 4359674
	Aggregate  (cost=403.72..403.73 rows=1 width=8)
	  ->  Index Scan using sbtest6_pkey on sbtest6  (cost=0.43..403.46 rows=101 width=4)
	        Index Cond: ((id >= 4359575) AND (id <= 4359674))

table 7 : explain SELECT SUM(k) FROM sbtest7 WHERE id BETWEEN 1501343 AND 1501442
	Aggregate  (cost=407.27..407.28 rows=1 width=8)
	  ->  Index Scan using sbtest7_pkey on sbtest7  (cost=0.43..407.02 rows=102 width=4)
	        Index Cond: ((id >= 1501343) AND (id <= 1501442))

table 8 : explain SELECT SUM(k) FROM sbtest8 WHERE id BETWEEN 9757679 AND 9757778
	Aggregate  (cost=367.40..367.41 rows=1 width=8)
	  ->  Index Scan using sbtest8_pkey on sbtest8  (cost=0.43..367.17 rows=92 width=4)
	        Index Cond: ((id >= 9757679) AND (id <= 9757778))

explain: for point_selects :: explain SELECT c FROM sbtest%u WHERE id=%u
for: order_ranges
table 1 : explain SELECT c FROM sbtest1 WHERE id BETWEEN 1215414 AND 1215513 ORDER BY c
	Sort  (cost=391.55..391.80 rows=97 width=121)
	  Sort Key: c
	  ->  Index Scan using sbtest1_pkey on sbtest1  (cost=0.43..388.35 rows=97 width=121)
	        Index Cond: ((id >= 1215414) AND (id <= 1215513))

table 2 : explain SELECT c FROM sbtest2 WHERE id BETWEEN 5153590 AND 5153689 ORDER BY c
	Sort  (cost=400.40..400.65 rows=99 width=121)
	  Sort Key: c
	  ->  Index Scan using sbtest2_pkey on sbtest2  (cost=0.43..397.12 rows=99 width=121)
	        Index Cond: ((id >= 5153590) AND (id <= 5153689))

table 3 : explain SELECT c FROM sbtest3 WHERE id BETWEEN 3798010 AND 3798109 ORDER BY c
	Sort  (cost=387.74..387.98 rows=96 width=121)
	  Sort Key: c
	  ->  Index Scan using sbtest3_pkey on sbtest3  (cost=0.43..384.58 rows=96 width=121)
	        Index Cond: ((id >= 3798010) AND (id <= 3798109))

table 4 : explain SELECT c FROM sbtest4 WHERE id BETWEEN 7907190 AND 7907289 ORDER BY c
	Sort  (cost=438.41..438.69 rows=109 width=121)
	  Sort Key: c
	  ->  Index Scan using sbtest4_pkey on sbtest4  (cost=0.43..434.73 rows=109 width=121)
	        Index Cond: ((id >= 7907190) AND (id <= 7907289))

table 5 : explain SELECT c FROM sbtest5 WHERE id BETWEEN 3356313 AND 3356412 ORDER BY c
	Sort  (cost=395.54..395.79 rows=98 width=121)
	  Sort Key: c
	  ->  Index Scan using sbtest5_pkey on sbtest5  (cost=0.43..392.30 rows=98 width=121)
	        Index Cond: ((id >= 3356313) AND (id <= 3356412))

table 6 : explain SELECT c FROM sbtest6 WHERE id BETWEEN 6929945 AND 6930044 ORDER BY c
	Sort  (cost=398.83..399.08 rows=99 width=121)
	  Sort Key: c
	  ->  Index Scan using sbtest6_pkey on sbtest6  (cost=0.43..395.55 rows=99 width=121)
	        Index Cond: ((id >= 6929945) AND (id <= 6930044))

table 7 : explain SELECT c FROM sbtest7 WHERE id BETWEEN 3120461 AND 3120560 ORDER BY c
	Sort  (cost=386.48..386.72 rows=96 width=121)
	  Sort Key: c
	  ->  Index Scan using sbtest7_pkey on sbtest7  (cost=0.43..383.32 rows=96 width=121)
	        Index Cond: ((id >= 3120461) AND (id <= 3120560))

table 8 : explain SELECT c FROM sbtest8 WHERE id BETWEEN 9908467 AND 9908566 ORDER BY c
	Sort  (cost=390.08..390.32 rows=97 width=121)
	  Sort Key: c
	  ->  Index Scan using sbtest8_pkey on sbtest8  (cost=0.43..386.88 rows=97 width=121)
	        Index Cond: ((id >= 9908467) AND (id <= 9908566))

for: distinct_ranges
table 1 : explain SELECT DISTINCT c FROM sbtest1 WHERE id BETWEEN 7326798 AND 7326897 ORDER BY c
	Unique  (cost=447.54..448.09 rows=111 width=121)
	  ->  Sort  (cost=447.54..447.81 rows=111 width=121)
	        Sort Key: c
	        ->  Index Scan using sbtest1_pkey on sbtest1  (cost=0.43..443.77 rows=111 width=121)
	              Index Cond: ((id >= 7326798) AND (id <= 7326897))

table 2 : explain SELECT DISTINCT c FROM sbtest2 WHERE id BETWEEN 7595834 AND 7595933 ORDER BY c
	Unique  (cost=372.36..372.82 rows=92 width=121)
	  ->  Sort  (cost=372.36..372.59 rows=92 width=121)
	        Sort Key: c
	        ->  Index Scan using sbtest2_pkey on sbtest2  (cost=0.43..369.36 rows=92 width=121)
	              Index Cond: ((id >= 7595834) AND (id <= 7595933))

table 3 : explain SELECT DISTINCT c FROM sbtest3 WHERE id BETWEEN 9406058 AND 9406157 ORDER BY c
	Unique  (cost=427.75..428.28 rows=106 width=121)
	  ->  Sort  (cost=427.75..428.01 rows=106 width=121)
	        Sort Key: c
	        ->  Index Scan using sbtest3_pkey on sbtest3  (cost=0.43..424.18 rows=106 width=121)
	              Index Cond: ((id >= 9406058) AND (id <= 9406157))

table 4 : explain SELECT DISTINCT c FROM sbtest4 WHERE id BETWEEN 2325589 AND 2325688 ORDER BY c
	Unique  (cost=418.48..419.00 rows=104 width=121)
	  ->  Sort  (cost=418.48..418.74 rows=104 width=121)
	        Sort Key: c
	        ->  Index Scan using sbtest4_pkey on sbtest4  (cost=0.43..414.99 rows=104 width=121)
	              Index Cond: ((id >= 2325589) AND (id <= 2325688))

table 5 : explain SELECT DISTINCT c FROM sbtest5 WHERE id BETWEEN 208788 AND 208887 ORDER BY c
	Unique  (cost=387.55..388.03 rows=96 width=121)
	  ->  Sort  (cost=387.55..387.79 rows=96 width=121)
	        Sort Key: c
	        ->  Index Scan using sbtest5_pkey on sbtest5  (cost=0.43..384.39 rows=96 width=121)
	              Index Cond: ((id >= 208788) AND (id <= 208887))

table 6 : explain SELECT DISTINCT c FROM sbtest6 WHERE id BETWEEN 5124389 AND 5124488 ORDER BY c
	Unique  (cost=398.83..399.32 rows=99 width=121)
	  ->  Sort  (cost=398.83..399.08 rows=99 width=121)
	        Sort Key: c
	        ->  Index Scan using sbtest6_pkey on sbtest6  (cost=0.43..395.55 rows=99 width=121)
	              Index Cond: ((id >= 5124389) AND (id <= 5124488))

table 7 : explain SELECT DISTINCT c FROM sbtest7 WHERE id BETWEEN 5937553 AND 5937652 ORDER BY c
	Unique  (cost=418.39..418.91 rows=104 width=121)
	  ->  Sort  (cost=418.39..418.65 rows=104 width=121)
	        Sort Key: c
	        ->  Index Scan using sbtest7_pkey on sbtest7  (cost=0.43..414.91 rows=104 width=121)
	              Index Cond: ((id >= 5937553) AND (id <= 5937652))

table 8 : explain SELECT DISTINCT c FROM sbtest8 WHERE id BETWEEN 3865256 AND 3865355 ORDER BY c
	Unique  (cost=406.02..406.53 rows=101 width=121)
	  ->  Sort  (cost=406.02..406.28 rows=101 width=121)
	        Sort Key: c
	        ->  Index Scan using sbtest8_pkey on sbtest8  (cost=0.43..402.66 rows=101 width=121)
	              Index Cond: ((id >= 3865256) AND (id <= 3865355))

for: simple_ranges
table 1 : explain SELECT c FROM sbtest1 WHERE id BETWEEN 8588892 AND 8588991
	Index Scan using sbtest1_pkey on sbtest1  (cost=0.43..396.27 rows=99 width=121)
	  Index Cond: ((id >= 8588892) AND (id <= 8588991))

table 2 : explain SELECT c FROM sbtest2 WHERE id BETWEEN 567539 AND 567638
	Index Scan using sbtest2_pkey on sbtest2  (cost=0.43..373.32 rows=93 width=121)
	  Index Cond: ((id >= 567539) AND (id <= 567638))

table 3 : explain SELECT c FROM sbtest3 WHERE id BETWEEN 1974388 AND 1974487
	Index Scan using sbtest3_pkey on sbtest3  (cost=0.43..424.18 rows=106 width=121)
	  Index Cond: ((id >= 1974388) AND (id <= 1974487))

table 4 : explain SELECT c FROM sbtest4 WHERE id BETWEEN 8634293 AND 8634392
	Index Scan using sbtest4_pkey on sbtest4  (cost=0.43..403.14 rows=101 width=121)
	  Index Cond: ((id >= 8634293) AND (id <= 8634392))

table 5 : explain SELECT c FROM sbtest5 WHERE id BETWEEN 93426 AND 93525
	Index Scan using sbtest5_pkey on sbtest5  (cost=0.43..376.48 rows=94 width=121)
	  Index Cond: ((id >= 93426) AND (id <= 93525))

table 6 : explain SELECT c FROM sbtest6 WHERE id BETWEEN 735445 AND 735544
	Index Scan using sbtest6_pkey on sbtest6  (cost=0.43..419.26 rows=105 width=121)
	  Index Cond: ((id >= 735445) AND (id <= 735544))

table 7 : explain SELECT c FROM sbtest7 WHERE id BETWEEN 2643841 AND 2643940
	Index Scan using sbtest7_pkey on sbtest7  (cost=0.43..375.43 rows=94 width=121)
	  Index Cond: ((id >= 2643841) AND (id <= 2643940))

table 8 : explain SELECT c FROM sbtest8 WHERE id BETWEEN 572104 AND 572203
	Index Scan using sbtest8_pkey on sbtest8  (cost=0.43..402.66 rows=101 width=121)
	  Index Cond: ((id >= 572104) AND (id <= 572203))

for: distinct_ranges
table 1 : explain SELECT DISTINCT c FROM sbtest1 WHERE id BETWEEN 4266213 AND 4266312 ORDER BY c
	Unique  (cost=375.57..376.03 rows=93 width=121)
	  ->  Sort  (cost=375.57..375.80 rows=93 width=121)
	        Sort Key: c
	        ->  Index Scan using sbtest1_pkey on sbtest1  (cost=0.43..372.52 rows=93 width=121)
	              Index Cond: ((id >= 4266213) AND (id <= 4266312))

table 2 : explain SELECT DISTINCT c FROM sbtest2 WHERE id BETWEEN 5657187 AND 5657286 ORDER BY c
	Unique  (cost=408.41..408.92 rows=101 width=121)
	  ->  Sort  (cost=408.41..408.66 rows=101 width=121)
	        Sort Key: c
	        ->  Index Scan using sbtest2_pkey on sbtest2  (cost=0.43..405.05 rows=101 width=121)
	              Index Cond: ((id >= 5657187) AND (id <= 5657286))

table 3 : explain SELECT DISTINCT c FROM sbtest3 WHERE id BETWEEN 3609660 AND 3609759 ORDER BY c
	Unique  (cost=375.74..376.21 rows=93 width=121)
	  ->  Sort  (cost=375.74..375.97 rows=93 width=121)
	        Sort Key: c
	        ->  Index Scan using sbtest3_pkey on sbtest3  (cost=0.43..372.70 rows=93 width=121)
	              Index Cond: ((id >= 3609660) AND (id <= 3609759))

table 4 : explain SELECT DISTINCT c FROM sbtest4 WHERE id BETWEEN 3969480 AND 3969579 ORDER BY c
	Unique  (cost=382.58..383.05 rows=95 width=121)
	  ->  Sort  (cost=382.58..382.82 rows=95 width=121)
	        Sort Key: c
	        ->  Index Scan using sbtest4_pkey on sbtest4  (cost=0.43..379.46 rows=95 width=121)
	              Index Cond: ((id >= 3969480) AND (id <= 3969579))

table 5 : explain SELECT DISTINCT c FROM sbtest5 WHERE id BETWEEN 9485044 AND 9485143 ORDER BY c
	Unique  (cost=383.55..384.03 rows=95 width=121)
	  ->  Sort  (cost=383.55..383.79 rows=95 width=121)
	        Sort Key: c
	        ->  Index Scan using sbtest5_pkey on sbtest5  (cost=0.43..380.43 rows=95 width=121)
	              Index Cond: ((id >= 9485044) AND (id <= 9485143))

table 6 : explain SELECT DISTINCT c FROM sbtest6 WHERE id BETWEEN 9802415 AND 9802514 ORDER BY c
	Unique  (cost=390.85..391.33 rows=97 width=121)
	  ->  Sort  (cost=390.85..391.09 rows=97 width=121)
	        Sort Key: c
	        ->  Index Scan using sbtest6_pkey on sbtest6  (cost=0.43..387.65 rows=97 width=121)
	              Index Cond: ((id >= 9802415) AND (id <= 9802514))

table 7 : explain SELECT DISTINCT c FROM sbtest7 WHERE id BETWEEN 2524934 AND 2525033 ORDER BY c
	Unique  (cost=418.39..418.91 rows=104 width=121)
	  ->  Sort  (cost=418.39..418.65 rows=104 width=121)
	        Sort Key: c
	        ->  Index Scan using sbtest7_pkey on sbtest7  (cost=0.43..414.91 rows=104 width=121)
	              Index Cond: ((id >= 2524934) AND (id <= 2525033))

table 8 : explain SELECT DISTINCT c FROM sbtest8 WHERE id BETWEEN 757142 AND 757241 ORDER BY c
	Unique  (cost=413.99..414.50 rows=103 width=121)
	  ->  Sort  (cost=413.99..414.25 rows=103 width=121)
	        Sort Key: c
	        ->  Index Scan using sbtest8_pkey on sbtest8  (cost=0.43..410.54 rows=103 width=121)
	              Index Cond: ((id >= 757142) AND (id <= 757241))

explain: for point_selects :: explain SELECT c FROM sbtest%u WHERE id=%u
explain: for point_selects :: explain SELECT c FROM sbtest%u WHERE id=%u
explain: for point_selects :: explain SELECT c FROM sbtest%u WHERE id=%u
explain: for point_selects :: explain SELECT c FROM sbtest%u WHERE id=%u
explain: for point_selects :: explain SELECT c FROM sbtest%u WHERE id=%u
explain: for point_selects :: explain SELECT c FROM sbtest%u WHERE id=%u
explain: for point_selects :: explain SELECT c FROM sbtest%u WHERE id=%u
for: distinct_ranges
table 1 : explain SELECT DISTINCT c FROM sbtest1 WHERE id BETWEEN 6862876 AND 6862975 ORDER BY c
	Unique  (cost=383.56..384.03 rows=95 width=121)
	  ->  Sort  (cost=383.56..383.80 rows=95 width=121)
	        Sort Key: c
	        ->  Index Scan using sbtest1_pkey on sbtest1  (cost=0.43..380.44 rows=95 width=121)
	              Index Cond: ((id >= 6862876) AND (id <= 6862975))

table 2 : explain SELECT DISTINCT c FROM sbtest2 WHERE id BETWEEN 8370549 AND 8370648 ORDER BY c
	Unique  (cost=400.40..400.90 rows=99 width=121)
	  ->  Sort  (cost=400.40..400.65 rows=99 width=121)
	        Sort Key: c
	        ->  Index Scan using sbtest2_pkey on sbtest2  (cost=0.43..397.12 rows=99 width=121)
	              Index Cond: ((id >= 8370549) AND (id <= 8370648))

table 3 : explain SELECT DISTINCT c FROM sbtest3 WHERE id BETWEEN 490187 AND 490286 ORDER BY c
	Unique  (cost=363.75..364.20 rows=90 width=121)
	  ->  Sort  (cost=363.75..363.97 rows=90 width=121)
	        Sort Key: c
	        ->  Index Scan using sbtest3_pkey on sbtest3  (cost=0.43..360.82 rows=90 width=121)
	              Index Cond: ((id >= 490187) AND (id <= 490286))

table 4 : explain SELECT DISTINCT c FROM sbtest4 WHERE id BETWEEN 6924687 AND 6924786 ORDER BY c
	Unique  (cost=406.50..407.00 rows=101 width=121)
	  ->  Sort  (cost=406.50..406.75 rows=101 width=121)
	        Sort Key: c
	        ->  Index Scan using sbtest4_pkey on sbtest4  (cost=0.43..403.14 rows=101 width=121)
	              Index Cond: ((id >= 6924687) AND (id <= 6924786))

table 5 : explain SELECT DISTINCT c FROM sbtest5 WHERE id BETWEEN 7521868 AND 7521967 ORDER BY c
	Unique  (cost=415.55..416.06 rows=103 width=121)
	  ->  Sort  (cost=415.55..415.80 rows=103 width=121)
	        Sort Key: c
	        ->  Index Scan using sbtest5_pkey on sbtest5  (cost=0.43..412.10 rows=103 width=121)
	              Index Cond: ((id >= 7521868) AND (id <= 7521967))

table 6 : explain SELECT DISTINCT c FROM sbtest6 WHERE id BETWEEN 67878 AND 67977 ORDER BY c
	Unique  (cost=390.85..391.33 rows=97 width=121)
	  ->  Sort  (cost=390.85..391.09 rows=97 width=121)
	        Sort Key: c
	        ->  Index Scan using sbtest6_pkey on sbtest6  (cost=0.43..387.65 rows=97 width=121)
	              Index Cond: ((id >= 67878) AND (id <= 67977))

table 7 : explain SELECT DISTINCT c FROM sbtest7 WHERE id BETWEEN 2428833 AND 2428932 ORDER BY c
	Unique  (cost=374.53..374.99 rows=93 width=121)
	  ->  Sort  (cost=374.53..374.76 rows=93 width=121)
	        Sort Key: c
	        ->  Index Scan using sbtest7_pkey on sbtest7  (cost=0.43..371.49 rows=93 width=121)
	              Index Cond: ((id >= 2428833) AND (id <= 2428932))

table 8 : explain SELECT DISTINCT c FROM sbtest8 WHERE id BETWEEN 4083460 AND 4083559 ORDER BY c
	Unique  (cost=441.86..442.41 rows=110 width=121)
	  ->  Sort  (cost=441.86..442.14 rows=110 width=121)
	        Sort Key: c
	        ->  Index Scan using sbtest8_pkey on sbtest8  (cost=0.43..438.14 rows=110 width=121)
	              Index Cond: ((id >= 4083460) AND (id <= 4083559))

explain: for point_selects :: explain SELECT c FROM sbtest%u WHERE id=%u
for point_selects
table 1 : explain SELECT c FROM sbtest1 WHERE id=1352724
	Index Scan using sbtest1_pkey on sbtest1  (cost=0.43..8.45 rows=1 width=121)
	  Index Cond: (id = 1352724)

table 2 : explain SELECT c FROM sbtest2 WHERE id=6722719
	Index Scan using sbtest2_pkey on sbtest2  (cost=0.43..8.45 rows=1 width=121)
	  Index Cond: (id = 6722719)

table 3 : explain SELECT c FROM sbtest3 WHERE id=6112031
	Index Scan using sbtest3_pkey on sbtest3  (cost=0.43..8.45 rows=1 width=121)
	  Index Cond: (id = 6112031)

table 4 : explain SELECT c FROM sbtest4 WHERE id=5605156
	Index Scan using sbtest4_pkey on sbtest4  (cost=0.43..8.45 rows=1 width=121)
	  Index Cond: (id = 5605156)

table 5 : explain SELECT c FROM sbtest5 WHERE id=5200706
	Index Scan using sbtest5_pkey on sbtest5  (cost=0.43..8.45 rows=1 width=121)
	  Index Cond: (id = 5200706)

table 6 : explain SELECT c FROM sbtest6 WHERE id=1400895
	Index Scan using sbtest6_pkey on sbtest6  (cost=0.43..8.45 rows=1 width=121)
	  Index Cond: (id = 1400895)

table 7 : explain SELECT c FROM sbtest7 WHERE id=9224076
	Index Scan using sbtest7_pkey on sbtest7  (cost=0.43..8.45 rows=1 width=121)
	  Index Cond: (id = 9224076)

table 8 : explain SELECT c FROM sbtest8 WHERE id=1420778
	Index Scan using sbtest8_pkey on sbtest8  (cost=0.43..8.45 rows=1 width=121)
	  Index Cond: (id = 1420778)

for point_selects
table 1 : explain SELECT c FROM sbtest1 WHERE id=684447
	Index Scan using sbtest1_pkey on sbtest1  (cost=0.43..8.45 rows=1 width=121)
	  Index Cond: (id = 684447)

table 2 : explain SELECT c FROM sbtest2 WHERE id=1393330
	Index Scan using sbtest2_pkey on sbtest2  (cost=0.43..8.45 rows=1 width=121)
	  Index Cond: (id = 1393330)

table 3 : explain SELECT c FROM sbtest3 WHERE id=7564913
	Index Scan using sbtest3_pkey on sbtest3  (cost=0.43..8.45 rows=1 width=121)
	  Index Cond: (id = 7564913)

table 4 : explain SELECT c FROM sbtest4 WHERE id=7419397
	Index Scan using sbtest4_pkey on sbtest4  (cost=0.43..8.45 rows=1 width=121)
	  Index Cond: (id = 7419397)

table 5 : explain SELECT c FROM sbtest5 WHERE id=4784156
	Index Scan using sbtest5_pkey on sbtest5  (cost=0.43..8.45 rows=1 width=121)
	  Index Cond: (id = 4784156)

table 6 : explain SELECT c FROM sbtest6 WHERE id=4445844
	Index Scan using sbtest6_pkey on sbtest6  (cost=0.43..8.45 rows=1 width=121)
	  Index Cond: (id = 4445844)

table 7 : explain SELECT c FROM sbtest7 WHERE id=8649399
	Index Scan using sbtest7_pkey on sbtest7  (cost=0.43..8.45 rows=1 width=121)
	  Index Cond: (id = 8649399)

table 8 : explain SELECT c FROM sbtest8 WHERE id=8313612
	Index Scan using sbtest8_pkey on sbtest8  (cost=0.43..8.45 rows=1 width=121)
	  Index Cond: (id = 8313612)

for point_selects
table 1 : explain SELECT c FROM sbtest1 WHERE id=4635942
	Index Scan using sbtest1_pkey on sbtest1  (cost=0.43..8.45 rows=1 width=121)
	  Index Cond: (id = 4635942)

table 2 : explain SELECT c FROM sbtest2 WHERE id=8154111
	Index Scan using sbtest2_pkey on sbtest2  (cost=0.43..8.45 rows=1 width=121)
	  Index Cond: (id = 8154111)

table 3 : explain SELECT c FROM sbtest3 WHERE id=7914676
	Index Scan using sbtest3_pkey on sbtest3  (cost=0.43..8.45 rows=1 width=121)
	  Index Cond: (id = 7914676)

table 4 : explain SELECT c FROM sbtest4 WHERE id=8599445
	Index Scan using sbtest4_pkey on sbtest4  (cost=0.43..8.45 rows=1 width=121)
	  Index Cond: (id = 8599445)

table 5 : explain SELECT c FROM sbtest5 WHERE id=4028750
	Index Scan using sbtest5_pkey on sbtest5  (cost=0.43..8.45 rows=1 width=121)
	  Index Cond: (id = 4028750)

table 6 : explain SELECT c FROM sbtest6 WHERE id=3744859
	Index Scan using sbtest6_pkey on sbtest6  (cost=0.43..8.45 rows=1 width=121)
	  Index Cond: (id = 3744859)

table 7 : explain SELECT c FROM sbtest7 WHERE id=555704
	Index Scan using sbtest7_pkey on sbtest7  (cost=0.43..8.45 rows=1 width=121)
	  Index Cond: (id = 555704)

table 8 : explain SELECT c FROM sbtest8 WHERE id=3770768
	Index Scan using sbtest8_pkey on sbtest8  (cost=0.43..8.45 rows=1 width=121)
	  Index Cond: (id = 3770768)

for point_selects
table 1 : explain SELECT c FROM sbtest1 WHERE id=2546317
	Index Scan using sbtest1_pkey on sbtest1  (cost=0.43..8.45 rows=1 width=121)
	  Index Cond: (id = 2546317)

table 2 : explain SELECT c FROM sbtest2 WHERE id=1356152
	Index Scan using sbtest2_pkey on sbtest2  (cost=0.43..8.45 rows=1 width=121)
	  Index Cond: (id = 1356152)

table 3 : explain SELECT c FROM sbtest3 WHERE id=3318788
	Index Scan using sbtest3_pkey on sbtest3  (cost=0.43..8.45 rows=1 width=121)
	  Index Cond: (id = 3318788)

table 4 : explain SELECT c FROM sbtest4 WHERE id=3633512
	Index Scan using sbtest4_pkey on sbtest4  (cost=0.43..8.45 rows=1 width=121)
	  Index Cond: (id = 3633512)

table 5 : explain SELECT c FROM sbtest5 WHERE id=403239
	Index Scan using sbtest5_pkey on sbtest5  (cost=0.43..8.45 rows=1 width=121)
	  Index Cond: (id = 403239)

table 6 : explain SELECT c FROM sbtest6 WHERE id=8715023
	Index Scan using sbtest6_pkey on sbtest6  (cost=0.43..8.45 rows=1 width=121)
	  Index Cond: (id = 8715023)

table 7 : explain SELECT c FROM sbtest7 WHERE id=4731657
	Index Scan using sbtest7_pkey on sbtest7  (cost=0.43..8.45 rows=1 width=121)
	  Index Cond: (id = 4731657)

table 8 : explain SELECT c FROM sbtest8 WHERE id=6336935
	Index Scan using sbtest8_pkey on sbtest8  (cost=0.43..8.45 rows=1 width=121)
	  Index Cond: (id = 6336935)

for point_selects
table 1 : explain SELECT c FROM sbtest1 WHERE id=414795
	Index Scan using sbtest1_pkey on sbtest1  (cost=0.43..8.45 rows=1 width=121)
	  Index Cond: (id = 414795)

table 2 : explain SELECT c FROM sbtest2 WHERE id=7038657
	Index Scan using sbtest2_pkey on sbtest2  (cost=0.43..8.45 rows=1 width=121)
	  Index Cond: (id = 7038657)

table 3 : explain SELECT c FROM sbtest3 WHERE id=9307
	Index Scan using sbtest3_pkey on sbtest3  (cost=0.43..8.45 rows=1 width=121)
	  Index Cond: (id = 9307)

table 4 : explain SELECT c FROM sbtest4 WHERE id=131465
	Index Scan using sbtest4_pkey on sbtest4  (cost=0.43..8.45 rows=1 width=121)
	  Index Cond: (id = 131465)

table 5 : explain SELECT c FROM sbtest5 WHERE id=1964992
	Index Scan using sbtest5_pkey on sbtest5  (cost=0.43..8.45 rows=1 width=121)
	  Index Cond: (id = 1964992)

table 6 : explain SELECT c FROM sbtest6 WHERE id=2531492
	Index Scan using sbtest6_pkey on sbtest6  (cost=0.43..8.45 rows=1 width=121)
	  Index Cond: (id = 2531492)

table 7 : explain SELECT c FROM sbtest7 WHERE id=101309
	Index Scan using sbtest7_pkey on sbtest7  (cost=0.43..8.45 rows=1 width=121)
	  Index Cond: (id = 101309)

table 8 : explain SELECT c FROM sbtest8 WHERE id=4956894
	Index Scan using sbtest8_pkey on sbtest8  (cost=0.43..8.45 rows=1 width=121)
	  Index Cond: (id = 4956894)

explain: for point_selects :: explain SELECT c FROM sbtest%u WHERE id=%u
for: simple_ranges
table 1 : explain SELECT c FROM sbtest1 WHERE id BETWEEN 1820923 AND 1821022
	Index Scan using sbtest1_pkey on sbtest1  (cost=0.43..368.57 rows=92 width=121)
	  Index Cond: ((id >= 1820923) AND (id <= 1821022))

table 2 : explain SELECT c FROM sbtest2 WHERE id BETWEEN 8066246 AND 8066345
	Index Scan using sbtest2_pkey on sbtest2  (cost=0.43..432.82 rows=108 width=121)
	  Index Cond: ((id >= 8066246) AND (id <= 8066345))

table 3 : explain SELECT c FROM sbtest3 WHERE id BETWEEN 3335965 AND 3336064
	Index Scan using sbtest3_pkey on sbtest3  (cost=0.43..388.54 rows=97 width=121)
	  Index Cond: ((id >= 3335965) AND (id <= 3336064))

table 4 : explain SELECT c FROM sbtest4 WHERE id BETWEEN 6969249 AND 6969348
	Index Scan using sbtest4_pkey on sbtest4  (cost=0.43..403.14 rows=101 width=121)
	  Index Cond: ((id >= 6969249) AND (id <= 6969348))

table 5 : explain SELECT c FROM sbtest5 WHERE id BETWEEN 2929694 AND 2929793
	Index Scan using sbtest5_pkey on sbtest5  (cost=0.43..420.02 rows=105 width=121)
	  Index Cond: ((id >= 2929694) AND (id <= 2929793))

table 6 : explain SELECT c FROM sbtest6 WHERE id BETWEEN 2394287 AND 2394386
	Index Scan using sbtest6_pkey on sbtest6  (cost=0.43..431.11 rows=108 width=121)
	  Index Cond: ((id >= 2394287) AND (id <= 2394386))

table 7 : explain SELECT c FROM sbtest7 WHERE id BETWEEN 8993767 AND 8993866
	Index Scan using sbtest7_pkey on sbtest7  (cost=0.43..403.07 rows=101 width=121)
	  Index Cond: ((id >= 8993767) AND (id <= 8993866))

table 8 : explain SELECT c FROM sbtest8 WHERE id BETWEEN 1649794 AND 1649893
	Index Scan using sbtest8_pkey on sbtest8  (cost=0.43..398.72 rows=100 width=121)
	  Index Cond: ((id >= 1649794) AND (id <= 1649893))

for: simple_ranges
table 1 : explain SELECT c FROM sbtest1 WHERE id BETWEEN 4614911 AND 4615010
	Index Scan using sbtest1_pkey on sbtest1  (cost=0.43..423.98 rows=106 width=121)
	  Index Cond: ((id >= 4614911) AND (id <= 4615010))

table 2 : explain SELECT c FROM sbtest2 WHERE id BETWEEN 6446436 AND 6446535
	Index Scan using sbtest2_pkey on sbtest2  (cost=0.43..428.86 rows=107 width=121)
	  Index Cond: ((id >= 6446436) AND (id <= 6446535))

table 3 : explain SELECT c FROM sbtest3 WHERE id BETWEEN 3701053 AND 3701152
	Index Scan using sbtest3_pkey on sbtest3  (cost=0.43..388.54 rows=97 width=121)
	  Index Cond: ((id >= 3701053) AND (id <= 3701152))

table 4 : explain SELECT c FROM sbtest4 WHERE id BETWEEN 9357421 AND 9357520
	Index Scan using sbtest4_pkey on sbtest4  (cost=0.43..383.40 rows=96 width=121)
	  Index Cond: ((id >= 9357421) AND (id <= 9357520))

table 5 : explain SELECT c FROM sbtest5 WHERE id BETWEEN 1727527 AND 1727626
	Index Scan using sbtest5_pkey on sbtest5  (cost=0.43..404.17 rows=101 width=121)
	  Index Cond: ((id >= 1727527) AND (id <= 1727626))

table 6 : explain SELECT c FROM sbtest6 WHERE id BETWEEN 2293464 AND 2293563
	Index Scan using sbtest6_pkey on sbtest6  (cost=0.43..379.75 rows=95 width=121)
	  Index Cond: ((id >= 2293464) AND (id <= 2293563))

table 7 : explain SELECT c FROM sbtest7 WHERE id BETWEEN 7719704 AND 7719803
	Index Scan using sbtest7_pkey on sbtest7  (cost=0.43..438.58 rows=110 width=121)
	  Index Cond: ((id >= 7719704) AND (id <= 7719803))

table 8 : explain SELECT c FROM sbtest8 WHERE id BETWEEN 6585269 AND 6585368
	Index Scan using sbtest8_pkey on sbtest8  (cost=0.43..398.72 rows=100 width=121)
	  Index Cond: ((id >= 6585269) AND (id <= 6585368))

for point_selects
table 1 : explain SELECT c FROM sbtest1 WHERE id=7669126
	Index Scan using sbtest1_pkey on sbtest1  (cost=0.43..8.45 rows=1 width=121)
	  Index Cond: (id = 7669126)

table 2 : explain SELECT c FROM sbtest2 WHERE id=8090957
	Index Scan using sbtest2_pkey on sbtest2  (cost=0.43..8.45 rows=1 width=121)
	  Index Cond: (id = 8090957)

table 3 : explain SELECT c FROM sbtest3 WHERE id=2766427
	Index Scan using sbtest3_pkey on sbtest3  (cost=0.43..8.45 rows=1 width=121)
	  Index Cond: (id = 2766427)

table 4 : explain SELECT c FROM sbtest4 WHERE id=774709
	Index Scan using sbtest4_pkey on sbtest4  (cost=0.43..8.45 rows=1 width=121)
	  Index Cond: (id = 774709)

table 5 : explain SELECT c FROM sbtest5 WHERE id=4054674
	Index Scan using sbtest5_pkey on sbtest5  (cost=0.43..8.45 rows=1 width=121)
	  Index Cond: (id = 4054674)

table 6 : explain SELECT c FROM sbtest6 WHERE id=416803
	Index Scan using sbtest6_pkey on sbtest6  (cost=0.43..8.45 rows=1 width=121)
	  Index Cond: (id = 416803)

table 7 : explain SELECT c FROM sbtest7 WHERE id=7625402
	Index Scan using sbtest7_pkey on sbtest7  (cost=0.43..8.45 rows=1 width=121)
	  Index Cond: (id = 7625402)

table 8 : explain SELECT c FROM sbtest8 WHERE id=3831132
	Index Scan using sbtest8_pkey on sbtest8  (cost=0.43..8.45 rows=1 width=121)
	  Index Cond: (id = 3831132)

for: simple_ranges
table 1 : explain SELECT c FROM sbtest1 WHERE id BETWEEN 594510 AND 594609
	Index Scan using sbtest1_pkey on sbtest1  (cost=0.43..423.98 rows=106 width=121)
	  Index Cond: ((id >= 594510) AND (id <= 594609))

table 2 : explain SELECT c FROM sbtest2 WHERE id BETWEEN 1424357 AND 1424456
	Index Scan using sbtest2_pkey on sbtest2  (cost=0.43..381.26 rows=95 width=121)
	  Index Cond: ((id >= 1424357) AND (id <= 1424456))

table 3 : explain SELECT c FROM sbtest3 WHERE id BETWEEN 2719895 AND 2719994
	Index Scan using sbtest3_pkey on sbtest3  (cost=0.43..400.41 rows=100 width=121)
	  Index Cond: ((id >= 2719895) AND (id <= 2719994))

table 4 : explain SELECT c FROM sbtest4 WHERE id BETWEEN 4664255 AND 4664354
	Index Scan using sbtest4_pkey on sbtest4  (cost=0.43..403.15 rows=101 width=121)
	  Index Cond: ((id >= 4664255) AND (id <= 4664354))

table 5 : explain SELECT c FROM sbtest5 WHERE id BETWEEN 7808854 AND 7808953
	Index Scan using sbtest5_pkey on sbtest5  (cost=0.43..396.26 rows=99 width=121)
	  Index Cond: ((id >= 7808854) AND (id <= 7808953))

table 6 : explain SELECT c FROM sbtest6 WHERE id BETWEEN 4453292 AND 4453391
	Index Scan using sbtest6_pkey on sbtest6  (cost=0.43..379.75 rows=95 width=121)
	  Index Cond: ((id >= 4453292) AND (id <= 4453391))

table 7 : explain SELECT c FROM sbtest7 WHERE id BETWEEN 2551651 AND 2551750
	Index Scan using sbtest7_pkey on sbtest7  (cost=0.43..418.85 rows=105 width=121)
	  Index Cond: ((id >= 2551651) AND (id <= 2551750))

table 8 : explain SELECT c FROM sbtest8 WHERE id BETWEEN 8111286 AND 8111385
	Index Scan using sbtest8_pkey on sbtest8  (cost=0.43..418.43 rows=105 width=121)
	  Index Cond: ((id >= 8111286) AND (id <= 8111385))

for: simple_ranges
table 1 : explain SELECT c FROM sbtest1 WHERE id BETWEEN 9933854 AND 9933953
	Index Scan using sbtest1_pkey on sbtest1  (cost=0.43..423.98 rows=106 width=121)
	  Index Cond: ((id >= 9933854) AND (id <= 9933953))

table 2 : explain SELECT c FROM sbtest2 WHERE id BETWEEN 9405795 AND 9405894
	Index Scan using sbtest2_pkey on sbtest2  (cost=0.43..369.36 rows=92 width=121)
	  Index Cond: ((id >= 9405795) AND (id <= 9405894))

table 3 : explain SELECT c FROM sbtest3 WHERE id BETWEEN 4726236 AND 4726335
	Index Scan using sbtest3_pkey on sbtest3  (cost=0.43..380.62 rows=95 width=121)
	  Index Cond: ((id >= 4726236) AND (id <= 4726335))

table 4 : explain SELECT c FROM sbtest4 WHERE id BETWEEN 6622908 AND 6623007
	Index Scan using sbtest4_pkey on sbtest4  (cost=0.43..407.10 rows=102 width=121)
	  Index Cond: ((id >= 6622908) AND (id <= 6623007))

table 5 : explain SELECT c FROM sbtest5 WHERE id BETWEEN 2007140 AND 2007239
	Index Scan using sbtest5_pkey on sbtest5  (cost=0.43..420.02 rows=105 width=121)
	  Index Cond: ((id >= 2007140) AND (id <= 2007239))

table 6 : explain SELECT c FROM sbtest6 WHERE id BETWEEN 584623 AND 584722
	Index Scan using sbtest6_pkey on sbtest6  (cost=0.43..363.95 rows=91 width=121)
	  Index Cond: ((id >= 584623) AND (id <= 584722))

table 7 : explain SELECT c FROM sbtest7 WHERE id BETWEEN 7250078 AND 7250177
	Index Scan using sbtest7_pkey on sbtest7  (cost=0.43..426.74 rows=107 width=121)
	  Index Cond: ((id >= 7250078) AND (id <= 7250177))

table 8 : explain SELECT c FROM sbtest8 WHERE id BETWEEN 2799659 AND 2799758
	Index Scan using sbtest8_pkey on sbtest8  (cost=0.43..426.31 rows=107 width=121)
	  Index Cond: ((id >= 2799659) AND (id <= 2799758))

for: simple_ranges
table 1 : explain SELECT c FROM sbtest1 WHERE id BETWEEN 483 AND 582
	Index Scan using sbtest1_pkey on sbtest1  (cost=0.43..368.57 rows=92 width=121)
	  Index Cond: ((id >= 483) AND (id <= 582))

table 2 : explain SELECT c FROM sbtest2 WHERE id BETWEEN 3156350 AND 3156449
	Index Scan using sbtest2_pkey on sbtest2  (cost=0.43..424.89 rows=106 width=121)
	  Index Cond: ((id >= 3156350) AND (id <= 3156449))

table 3 : explain SELECT c FROM sbtest3 WHERE id BETWEEN 7683296 AND 7683395
	Index Scan using sbtest3_pkey on sbtest3  (cost=0.43..384.58 rows=96 width=121)
	  Index Cond: ((id >= 7683296) AND (id <= 7683395))

table 4 : explain SELECT c FROM sbtest4 WHERE id BETWEEN 3987184 AND 3987283
	Index Scan using sbtest4_pkey on sbtest4  (cost=0.43..379.46 rows=95 width=121)
	  Index Cond: ((id >= 3987184) AND (id <= 3987283))

table 5 : explain SELECT c FROM sbtest5 WHERE id BETWEEN 7256684 AND 7256783
	Index Scan using sbtest5_pkey on sbtest5  (cost=0.43..376.48 rows=94 width=121)
	  Index Cond: ((id >= 7256684) AND (id <= 7256783))

table 6 : explain SELECT c FROM sbtest6 WHERE id BETWEEN 7481272 AND 7481371
	Index Scan using sbtest6_pkey on sbtest6  (cost=0.43..415.31 rows=104 width=121)
	  Index Cond: ((id >= 7481272) AND (id <= 7481371))

table 7 : explain SELECT c FROM sbtest7 WHERE id BETWEEN 6299735 AND 6299834
	Index Scan using sbtest7_pkey on sbtest7  (cost=0.43..399.11 rows=100 width=121)
	  Index Cond: ((id >= 6299735) AND (id <= 6299834))

table 8 : explain SELECT c FROM sbtest8 WHERE id BETWEEN 9789538 AND 9789637
	Index Scan using sbtest8_pkey on sbtest8  (cost=0.43..367.17 rows=92 width=121)
	  Index Cond: ((id >= 9789538) AND (id <= 9789637))

for: simple_ranges
table 1 : explain SELECT c FROM sbtest1 WHERE id BETWEEN 6505310 AND 6505409
	Index Scan using sbtest1_pkey on sbtest1  (cost=0.43..396.27 rows=99 width=121)
	  Index Cond: ((id >= 6505310) AND (id <= 6505409))

table 2 : explain SELECT c FROM sbtest2 WHERE id BETWEEN 8865643 AND 8865742
	Index Scan using sbtest2_pkey on sbtest2  (cost=0.43..393.15 rows=98 width=121)
	  Index Cond: ((id >= 8865643) AND (id <= 8865742))

table 3 : explain SELECT c FROM sbtest3 WHERE id BETWEEN 2217755 AND 2217854
	Index Scan using sbtest3_pkey on sbtest3  (cost=0.43..372.70 rows=93 width=121)
	  Index Cond: ((id >= 2217755) AND (id <= 2217854))

table 4 : explain SELECT c FROM sbtest4 WHERE id BETWEEN 8174945 AND 8175044
	Index Scan using sbtest4_pkey on sbtest4  (cost=0.43..351.83 rows=88 width=121)
	  Index Cond: ((id >= 8174945) AND (id <= 8175044))

table 5 : explain SELECT c FROM sbtest5 WHERE id BETWEEN 645797 AND 645896
	Index Scan using sbtest5_pkey on sbtest5  (cost=0.43..412.10 rows=103 width=121)
	  Index Cond: ((id >= 645797) AND (id <= 645896))

table 6 : explain SELECT c FROM sbtest6 WHERE id BETWEEN 8201259 AND 8201358
	Index Scan using sbtest6_pkey on sbtest6  (cost=0.43..395.55 rows=99 width=121)
	  Index Cond: ((id >= 8201259) AND (id <= 8201358))

table 7 : explain SELECT c FROM sbtest7 WHERE id BETWEEN 6512933 AND 6513032
	Index Scan using sbtest7_pkey on sbtest7  (cost=0.43..410.96 rows=103 width=121)
	  Index Cond: ((id >= 6512933) AND (id <= 6513032))

table 8 : explain SELECT c FROM sbtest8 WHERE id BETWEEN 5855320 AND 5855419
	Index Scan using sbtest8_pkey on sbtest8  (cost=0.43..426.31 rows=107 width=121)
	  Index Cond: ((id >= 5855320) AND (id <= 5855419))

for: sum_ranges
table 1 : explain SELECT SUM(k) FROM sbtest1 WHERE id BETWEEN 8214713 AND 8214812
	Aggregate  (cost=384.64..384.65 rows=1 width=8)
	  ->  Index Scan using sbtest1_pkey on sbtest1  (cost=0.43..384.40 rows=96 width=4)
	        Index Cond: ((id >= 8214713) AND (id <= 8214812))

table 2 : explain SELECT SUM(k) FROM sbtest2 WHERE id BETWEEN 6970489 AND 6970588
	Aggregate  (cost=429.13..429.14 rows=1 width=8)
	  ->  Index Scan using sbtest2_pkey on sbtest2  (cost=0.43..428.86 rows=107 width=4)
	        Index Cond: ((id >= 6970489) AND (id <= 6970588))

table 3 : explain SELECT SUM(k) FROM sbtest3 WHERE id BETWEEN 2007030 AND 2007129
	Aggregate  (cost=424.45..424.46 rows=1 width=8)
	  ->  Index Scan using sbtest3_pkey on sbtest3  (cost=0.43..424.18 rows=106 width=4)
	        Index Cond: ((id >= 2007030) AND (id <= 2007129))

table 4 : explain SELECT SUM(k) FROM sbtest4 WHERE id BETWEEN 4378308 AND 4378407
	Aggregate  (cost=446.85..446.86 rows=1 width=8)
	  ->  Index Scan using sbtest4_pkey on sbtest4  (cost=0.43..446.57 rows=112 width=4)
	        Index Cond: ((id >= 4378308) AND (id <= 4378407))

table 5 : explain SELECT SUM(k) FROM sbtest5 WHERE id BETWEEN 1240022 AND 1240121
	Aggregate  (cost=400.47..400.48 rows=1 width=8)
	  ->  Index Scan using sbtest5_pkey on sbtest5  (cost=0.43..400.22 rows=100 width=4)
	        Index Cond: ((id >= 1240022) AND (id <= 1240121))

table 6 : explain SELECT SUM(k) FROM sbtest6 WHERE id BETWEEN 175480 AND 175579
	Aggregate  (cost=411.62..411.63 rows=1 width=8)
	  ->  Index Scan using sbtest6_pkey on sbtest6  (cost=0.43..411.36 rows=103 width=4)
	        Index Cond: ((id >= 175480) AND (id <= 175579))

table 7 : explain SELECT SUM(k) FROM sbtest7 WHERE id BETWEEN 5267505 AND 5267604
	Aggregate  (cost=371.72..371.73 rows=1 width=8)
	  ->  Index Scan using sbtest7_pkey on sbtest7  (cost=0.43..371.49 rows=93 width=4)
	        Index Cond: ((id >= 5267505) AND (id <= 5267604))

table 8 : explain SELECT SUM(k) FROM sbtest8 WHERE id BETWEEN 2678872 AND 2678971
	Aggregate  (cost=351.62..351.63 rows=1 width=8)
	  ->  Index Scan using sbtest8_pkey on sbtest8  (cost=0.43..351.40 rows=88 width=4)
	        Index Cond: ((id >= 2678872) AND (id <= 2678971))

for: sum_ranges
table 1 : explain SELECT SUM(k) FROM sbtest1 WHERE id BETWEEN 2730437 AND 2730536
	Aggregate  (cost=416.33..416.34 rows=1 width=8)
	  ->  Index Scan using sbtest1_pkey on sbtest1  (cost=0.43..416.07 rows=104 width=4)
	        Index Cond: ((id >= 2730437) AND (id <= 2730536))

table 2 : explain SELECT SUM(k) FROM sbtest2 WHERE id BETWEEN 9758300 AND 9758399
	Aggregate  (cost=401.33..401.34 rows=1 width=8)
	  ->  Index Scan using sbtest2_pkey on sbtest2  (cost=0.43..401.08 rows=100 width=4)
	        Index Cond: ((id >= 9758300) AND (id <= 9758399))

table 3 : explain SELECT SUM(k) FROM sbtest3 WHERE id BETWEEN 547175 AND 547274
	Aggregate  (cost=432.37..432.38 rows=1 width=8)
	  ->  Index Scan using sbtest3_pkey on sbtest3  (cost=0.43..432.10 rows=108 width=4)
	        Index Cond: ((id >= 547175) AND (id <= 547274))

table 4 : explain SELECT SUM(k) FROM sbtest4 WHERE id BETWEEN 6809689 AND 6809788
	Aggregate  (cost=411.30..411.31 rows=1 width=8)
	  ->  Index Scan using sbtest4_pkey on sbtest4  (cost=0.43..411.05 rows=103 width=4)
	        Index Cond: ((id >= 6809689) AND (id <= 6809788))

table 5 : explain SELECT SUM(k) FROM sbtest5 WHERE id BETWEEN 4547551 AND 4547650
	Aggregate  (cost=424.24..424.25 rows=1 width=8)
	  ->  Index Scan using sbtest5_pkey on sbtest5  (cost=0.43..423.97 rows=106 width=4)
	        Index Cond: ((id >= 4547551) AND (id <= 4547650))

table 6 : explain SELECT SUM(k) FROM sbtest6 WHERE id BETWEEN 7491084 AND 7491183
	Aggregate  (cost=415.57..415.58 rows=1 width=8)
	  ->  Index Scan using sbtest6_pkey on sbtest6  (cost=0.43..415.31 rows=104 width=4)
	        Index Cond: ((id >= 7491084) AND (id <= 7491183))

table 7 : explain SELECT SUM(k) FROM sbtest7 WHERE id BETWEEN 5840293 AND 5840392
	Aggregate  (cost=379.61..379.62 rows=1 width=8)
	  ->  Index Scan using sbtest7_pkey on sbtest7  (cost=0.43..379.38 rows=95 width=4)
	        Index Cond: ((id >= 5840293) AND (id <= 5840392))

table 8 : explain SELECT SUM(k) FROM sbtest8 WHERE id BETWEEN 854001 AND 854100
	Aggregate  (cost=410.80..410.81 rows=1 width=8)
	  ->  Index Scan using sbtest8_pkey on sbtest8  (cost=0.43..410.54 rows=103 width=4)
	        Index Cond: ((id >= 854001) AND (id <= 854100))

explain: for point_selects :: explain SELECT c FROM sbtest%u WHERE id=%u
for: sum_ranges
table 1 : explain SELECT SUM(k) FROM sbtest1 WHERE id BETWEEN 5385744 AND 5385843
	Aggregate  (cost=376.72..376.73 rows=1 width=8)
	  ->  Index Scan using sbtest1_pkey on sbtest1  (cost=0.43..376.48 rows=94 width=4)
	        Index Cond: ((id >= 5385744) AND (id <= 5385843))

table 2 : explain SELECT SUM(k) FROM sbtest2 WHERE id BETWEEN 4357500 AND 4357599
	Aggregate  (cost=381.49..381.50 rows=1 width=8)
	  ->  Index Scan using sbtest2_pkey on sbtest2  (cost=0.43..381.26 rows=95 width=4)
	        Index Cond: ((id >= 4357500) AND (id <= 4357599))

table 3 : explain SELECT SUM(k) FROM sbtest3 WHERE id BETWEEN 5994169 AND 5994268
	Aggregate  (cost=396.70..396.71 rows=1 width=8)
	  ->  Index Scan using sbtest3_pkey on sbtest3  (cost=0.43..396.45 rows=99 width=4)
	        Index Cond: ((id >= 5994169) AND (id <= 5994268))

table 4 : explain SELECT SUM(k) FROM sbtest4 WHERE id BETWEEN 8261476 AND 8261575
	Aggregate  (cost=407.36..407.37 rows=1 width=8)
	  ->  Index Scan using sbtest4_pkey on sbtest4  (cost=0.43..407.10 rows=102 width=4)
	        Index Cond: ((id >= 8261476) AND (id <= 8261575))

table 5 : explain SELECT SUM(k) FROM sbtest5 WHERE id BETWEEN 8717006 AND 8717105
	Aggregate  (cost=388.59..388.60 rows=1 width=8)
	  ->  Index Scan using sbtest5_pkey on sbtest5  (cost=0.43..388.35 rows=97 width=4)
	        Index Cond: ((id >= 8717006) AND (id <= 8717105))

table 6 : explain SELECT SUM(k) FROM sbtest6 WHERE id BETWEEN 3728476 AND 3728575
	Aggregate  (cost=419.53..419.54 rows=1 width=8)
	  ->  Index Scan using sbtest6_pkey on sbtest6  (cost=0.43..419.26 rows=105 width=4)
	        Index Cond: ((id >= 3728476) AND (id <= 3728575))

table 7 : explain SELECT SUM(k) FROM sbtest7 WHERE id BETWEEN 6066713 AND 6066812
	Aggregate  (cost=391.46..391.47 rows=1 width=8)
	  ->  Index Scan using sbtest7_pkey on sbtest7  (cost=0.43..391.21 rows=98 width=4)
	        Index Cond: ((id >= 6066713) AND (id <= 6066812))

table 8 : explain SELECT SUM(k) FROM sbtest8 WHERE id BETWEEN 4783752 AND 4783851
	Aggregate  (cost=395.03..395.04 rows=1 width=8)
	  ->  Index Scan using sbtest8_pkey on sbtest8  (cost=0.43..394.78 rows=99 width=4)
	        Index Cond: ((id >= 4783752) AND (id <= 4783851))

for: order_ranges
table 1 : explain SELECT c FROM sbtest1 WHERE id BETWEEN 1035353 AND 1035452 ORDER BY c
	Sort  (cost=399.55..399.80 rows=99 width=121)
	  Sort Key: c
	  ->  Index Scan using sbtest1_pkey on sbtest1  (cost=0.43..396.27 rows=99 width=121)
	        Index Cond: ((id >= 1035353) AND (id <= 1035452))

table 2 : explain SELECT c FROM sbtest2 WHERE id BETWEEN 7405197 AND 7405296 ORDER BY c
	Sort  (cost=388.38..388.62 rows=96 width=121)
	  Sort Key: c
	  ->  Index Scan using sbtest2_pkey on sbtest2  (cost=0.43..385.22 rows=96 width=121)
	        Index Cond: ((id >= 7405197) AND (id <= 7405296))

table 3 : explain SELECT c FROM sbtest3 WHERE id BETWEEN 2603341 AND 2603440 ORDER BY c
	Sort  (cost=415.75..416.01 rows=103 width=121)
	  Sort Key: c
	  ->  Index Scan using sbtest3_pkey on sbtest3  (cost=0.43..412.31 rows=103 width=121)
	        Index Cond: ((id >= 2603341) AND (id <= 2603440))

table 4 : explain SELECT c FROM sbtest4 WHERE id BETWEEN 3041349 AND 3041448 ORDER BY c
	Sort  (cost=422.47..422.73 rows=105 width=121)
	  Sort Key: c
	  ->  Index Scan using sbtest4_pkey on sbtest4  (cost=0.43..418.94 rows=105 width=121)
	        Index Cond: ((id >= 3041349) AND (id <= 3041448))

table 5 : explain SELECT c FROM sbtest5 WHERE id BETWEEN 4294682 AND 4294781 ORDER BY c
	Sort  (cost=431.54..431.81 rows=107 width=121)
	  Sort Key: c
	  ->  Index Scan using sbtest5_pkey on sbtest5  (cost=0.43..427.93 rows=107 width=121)
	        Index Cond: ((id >= 4294682) AND (id <= 4294781))

table 6 : explain SELECT c FROM sbtest6 WHERE id BETWEEN 310279 AND 310378 ORDER BY c
	Sort  (cost=410.82..411.07 rows=102 width=121)
	  Sort Key: c
	  ->  Index Scan using sbtest6_pkey on sbtest6  (cost=0.43..407.41 rows=102 width=121)
	        Index Cond: ((id >= 310279) AND (id <= 310378))

table 7 : explain SELECT c FROM sbtest7 WHERE id BETWEEN 9234029 AND 9234128 ORDER BY c
	Sort  (cost=430.35..430.62 rows=107 width=121)
	  Sort Key: c
	  ->  Index Scan using sbtest7_pkey on sbtest7  (cost=0.43..426.74 rows=107 width=121)
	        Index Cond: ((id >= 9234029) AND (id <= 9234128))

table 8 : explain SELECT c FROM sbtest8 WHERE id BETWEEN 1450971 AND 1451070 ORDER BY c
	Sort  (cost=465.76..466.05 rows=116 width=121)
	  Sort Key: c
	  ->  Index Scan using sbtest8_pkey on sbtest8  (cost=0.43..461.78 rows=116 width=121)
	        Index Cond: ((id >= 1450971) AND (id <= 1451070))

for: sum_ranges
table 1 : explain SELECT SUM(k) FROM sbtest1 WHERE id BETWEEN 9440178 AND 9440277
	Aggregate  (cost=392.55..392.56 rows=1 width=8)
	  ->  Index Scan using sbtest1_pkey on sbtest1  (cost=0.43..392.31 rows=98 width=4)
	        Index Cond: ((id >= 9440178) AND (id <= 9440277))

table 2 : explain SELECT SUM(k) FROM sbtest2 WHERE id BETWEEN 3109018 AND 3109117
	Aggregate  (cost=425.16..425.17 rows=1 width=8)
	  ->  Index Scan using sbtest2_pkey on sbtest2  (cost=0.43..424.89 rows=106 width=4)
	        Index Cond: ((id >= 3109018) AND (id <= 3109117))

table 3 : explain SELECT SUM(k) FROM sbtest3 WHERE id BETWEEN 9839373 AND 9839472
	Aggregate  (cost=408.60..408.61 rows=1 width=8)
	  ->  Index Scan using sbtest3_pkey on sbtest3  (cost=0.43..408.35 rows=102 width=4)
	        Index Cond: ((id >= 9839373) AND (id <= 9839472))

table 4 : explain SELECT SUM(k) FROM sbtest4 WHERE id BETWEEN 5737848 AND 5737947
	Aggregate  (cost=383.64..383.65 rows=1 width=8)
	  ->  Index Scan using sbtest4_pkey on sbtest4  (cost=0.43..383.40 rows=96 width=4)
	        Index Cond: ((id >= 5737848) AND (id <= 5737947))

table 5 : explain SELECT SUM(k) FROM sbtest5 WHERE id BETWEEN 9912238 AND 9912337
	Aggregate  (cost=392.55..392.56 rows=1 width=8)
	  ->  Index Scan using sbtest5_pkey on sbtest5  (cost=0.43..392.30 rows=98 width=4)
	        Index Cond: ((id >= 9912238) AND (id <= 9912337))

table 6 : explain SELECT SUM(k) FROM sbtest6 WHERE id BETWEEN 9194834 AND 9194933
	Aggregate  (cost=411.62..411.63 rows=1 width=8)
	  ->  Index Scan using sbtest6_pkey on sbtest6  (cost=0.43..411.36 rows=103 width=4)
	        Index Cond: ((id >= 9194834) AND (id <= 9194933))

table 7 : explain SELECT SUM(k) FROM sbtest7 WHERE id BETWEEN 2445323 AND 2445422
	Aggregate  (cost=415.17..415.18 rows=1 width=8)
	  ->  Index Scan using sbtest7_pkey on sbtest7  (cost=0.43..414.91 rows=104 width=4)
	        Index Cond: ((id >= 2445323) AND (id <= 2445422))

table 8 : explain SELECT SUM(k) FROM sbtest8 WHERE id BETWEEN 6202123 AND 6202222
	Aggregate  (cost=414.75..414.76 rows=1 width=8)
	  ->  Index Scan using sbtest8_pkey on sbtest8  (cost=0.43..414.49 rows=104 width=4)
	        Index Cond: ((id >= 6202123) AND (id <= 6202222))

explain: for point_selects :: explain SELECT c FROM sbtest%u WHERE id=%u
for: sum_ranges
table 1 : explain SELECT SUM(k) FROM sbtest1 WHERE id BETWEEN 9075023 AND 9075122
	Aggregate  (cost=388.60..388.61 rows=1 width=8)
	  ->  Index Scan using sbtest1_pkey on sbtest1  (cost=0.43..388.35 rows=97 width=4)
	        Index Cond: ((id >= 9075023) AND (id <= 9075122))

table 2 : explain SELECT SUM(k) FROM sbtest2 WHERE id BETWEEN 4982275 AND 4982374
	Aggregate  (cost=393.40..393.41 rows=1 width=8)
	  ->  Index Scan using sbtest2_pkey on sbtest2  (cost=0.43..393.15 rows=98 width=4)
	        Index Cond: ((id >= 4982275) AND (id <= 4982374))

table 3 : explain SELECT SUM(k) FROM sbtest3 WHERE id BETWEEN 3117057 AND 3117156
	Aggregate  (cost=396.70..396.71 rows=1 width=8)
	  ->  Index Scan using sbtest3_pkey on sbtest3  (cost=0.43..396.45 rows=99 width=4)
	        Index Cond: ((id >= 3117057) AND (id <= 3117156))

table 4 : explain SELECT SUM(k) FROM sbtest4 WHERE id BETWEEN 3956170 AND 3956269
	Aggregate  (cost=379.70..379.71 rows=1 width=8)
	  ->  Index Scan using sbtest4_pkey on sbtest4  (cost=0.43..379.46 rows=95 width=4)
	        Index Cond: ((id >= 3956170) AND (id <= 3956269))

table 5 : explain SELECT SUM(k) FROM sbtest5 WHERE id BETWEEN 15210 AND 15309
	Aggregate  (cost=376.71..376.72 rows=1 width=8)
	  ->  Index Scan using sbtest5_pkey on sbtest5  (cost=0.43..376.48 rows=94 width=4)
	        Index Cond: ((id >= 15210) AND (id <= 15309))

table 6 : explain SELECT SUM(k) FROM sbtest6 WHERE id BETWEEN 6417967 AND 6418066
	Aggregate  (cost=415.57..415.58 rows=1 width=8)
	  ->  Index Scan using sbtest6_pkey on sbtest6  (cost=0.43..415.31 rows=104 width=4)
	        Index Cond: ((id >= 6417967) AND (id <= 6418066))

table 7 : explain SELECT SUM(k) FROM sbtest7 WHERE id BETWEEN 3360825 AND 3360924
	Aggregate  (cost=391.46..391.47 rows=1 width=8)
	  ->  Index Scan using sbtest7_pkey on sbtest7  (cost=0.43..391.21 rows=98 width=4)
	        Index Cond: ((id >= 3360825) AND (id <= 3360924))

table 8 : explain SELECT SUM(k) FROM sbtest8 WHERE id BETWEEN 1283663 AND 1283762
	Aggregate  (cost=387.12..387.13 rows=1 width=8)
	  ->  Index Scan using sbtest8_pkey on sbtest8  (cost=0.43..386.88 rows=97 width=4)
	        Index Cond: ((id >= 1283663) AND (id <= 1283762))

explain: for point_selects :: explain SELECT c FROM sbtest%u WHERE id=%u
for: sum_ranges
table 1 : explain SELECT SUM(k) FROM sbtest1 WHERE id BETWEEN 2350261 AND 2350360
	Aggregate  (cost=436.12..436.13 rows=1 width=8)
	  ->  Index Scan using sbtest1_pkey on sbtest1  (cost=0.43..435.85 rows=109 width=4)
	        Index Cond: ((id >= 2350261) AND (id <= 2350360))

table 2 : explain SELECT SUM(k) FROM sbtest2 WHERE id BETWEEN 9615963 AND 9616062
	Aggregate  (cost=393.40..393.41 rows=1 width=8)
	  ->  Index Scan using sbtest2_pkey on sbtest2  (cost=0.43..393.15 rows=98 width=4)
	        Index Cond: ((id >= 9615963) AND (id <= 9616062))

table 3 : explain SELECT SUM(k) FROM sbtest3 WHERE id BETWEEN 2035173 AND 2035272
	Aggregate  (cost=424.45..424.46 rows=1 width=8)
	  ->  Index Scan using sbtest3_pkey on sbtest3  (cost=0.43..424.18 rows=106 width=4)
	        Index Cond: ((id >= 2035173) AND (id <= 2035272))

table 4 : explain SELECT SUM(k) FROM sbtest4 WHERE id BETWEEN 9480318 AND 9480417
	Aggregate  (cost=403.39..403.40 rows=1 width=8)
	  ->  Index Scan using sbtest4_pkey on sbtest4  (cost=0.43..403.14 rows=101 width=4)
	        Index Cond: ((id >= 9480318) AND (id <= 9480417))

table 5 : explain SELECT SUM(k) FROM sbtest5 WHERE id BETWEEN 7165175 AND 7165274
	Aggregate  (cost=400.47..400.48 rows=1 width=8)
	  ->  Index Scan using sbtest5_pkey on sbtest5  (cost=0.43..400.22 rows=100 width=4)
	        Index Cond: ((id >= 7165175) AND (id <= 7165274))

table 6 : explain SELECT SUM(k) FROM sbtest6 WHERE id BETWEEN 262036 AND 262135
	Aggregate  (cost=411.62..411.63 rows=1 width=8)
	  ->  Index Scan using sbtest6_pkey on sbtest6  (cost=0.43..411.36 rows=103 width=4)
	        Index Cond: ((id >= 262036) AND (id <= 262135))

table 7 : explain SELECT SUM(k) FROM sbtest7 WHERE id BETWEEN 1383084 AND 1383183
	Aggregate  (cost=407.27..407.28 rows=1 width=8)
	  ->  Index Scan using sbtest7_pkey on sbtest7  (cost=0.43..407.02 rows=102 width=4)
	        Index Cond: ((id >= 1383084) AND (id <= 1383183))

table 8 : explain SELECT SUM(k) FROM sbtest8 WHERE id BETWEEN 9860423 AND 9860522
	Aggregate  (cost=430.52..430.53 rows=1 width=8)
	  ->  Index Scan using sbtest8_pkey on sbtest8  (cost=0.43..430.25 rows=108 width=4)
	        Index Cond: ((id >= 9860423) AND (id <= 9860522))

for: order_ranges
table 1 : explain SELECT c FROM sbtest1 WHERE id BETWEEN 797809 AND 797908 ORDER BY c
	Sort  (cost=387.56..387.80 rows=96 width=121)
	  Sort Key: c
	  ->  Index Scan using sbtest1_pkey on sbtest1  (cost=0.43..384.40 rows=96 width=121)
	        Index Cond: ((id >= 797809) AND (id <= 797908))

table 2 : explain SELECT c FROM sbtest2 WHERE id BETWEEN 4086107 AND 4086206 ORDER BY c
	Sort  (cost=428.46..428.72 rows=106 width=121)
	  Sort Key: c
	  ->  Index Scan using sbtest2_pkey on sbtest2  (cost=0.43..424.89 rows=106 width=121)
	        Index Cond: ((id >= 4086107) AND (id <= 4086206))

table 3 : explain SELECT c FROM sbtest3 WHERE id BETWEEN 5061224 AND 5061323 ORDER BY c
	Sort  (cost=387.74..387.98 rows=96 width=121)
	  Sort Key: c
	  ->  Index Scan using sbtest3_pkey on sbtest3  (cost=0.43..384.58 rows=96 width=121)
	        Index Cond: ((id >= 5061224) AND (id <= 5061323))

table 4 : explain SELECT c FROM sbtest4 WHERE id BETWEEN 3959068 AND 3959167 ORDER BY c
	Sort  (cost=382.58..382.82 rows=95 width=121)
	  Sort Key: c
	  ->  Index Scan using sbtest4_pkey on sbtest4  (cost=0.43..379.46 rows=95 width=121)
	        Index Cond: ((id >= 3959068) AND (id <= 3959167))

table 5 : explain SELECT c FROM sbtest5 WHERE id BETWEEN 2563743 AND 2563842 ORDER BY c
	Sort  (cost=403.54..403.79 rows=100 width=121)
	  Sort Key: c
	  ->  Index Scan using sbtest5_pkey on sbtest5  (cost=0.43..400.22 rows=100 width=121)
	        Index Cond: ((id >= 2563743) AND (id <= 2563842))

table 6 : explain SELECT c FROM sbtest6 WHERE id BETWEEN 46431 AND 46530 ORDER BY c
	Sort  (cost=390.85..391.09 rows=97 width=121)
	  Sort Key: c
	  ->  Index Scan using sbtest6_pkey on sbtest6  (cost=0.43..387.65 rows=97 width=121)
	        Index Cond: ((id >= 46431) AND (id <= 46530))

table 7 : explain SELECT c FROM sbtest7 WHERE id BETWEEN 555937 AND 556036 ORDER BY c
	Sort  (cost=370.54..370.77 rows=92 width=121)
	  Sort Key: c
	  ->  Index Scan using sbtest7_pkey on sbtest7  (cost=0.43..367.54 rows=92 width=121)
	        Index Cond: ((id >= 555937) AND (id <= 556036))

table 8 : explain SELECT c FROM sbtest8 WHERE id BETWEEN 4416264 AND 4416363 ORDER BY c
	Sort  (cost=366.19..366.42 rows=91 width=121)
	  Sort Key: c
	  ->  Index Scan using sbtest8_pkey on sbtest8  (cost=0.43..363.23 rows=91 width=121)
	        Index Cond: ((id >= 4416264) AND (id <= 4416363))

explain: for point_selects :: explain SELECT c FROM sbtest%u WHERE id=%u
for: order_ranges
table 1 : explain SELECT c FROM sbtest1 WHERE id BETWEEN 3373835 AND 3373934 ORDER BY c
	Sort  (cost=403.55..403.80 rows=100 width=121)
	  Sort Key: c
	  ->  Index Scan using sbtest1_pkey on sbtest1  (cost=0.43..400.22 rows=100 width=121)
	        Index Cond: ((id >= 3373835) AND (id <= 3373934))

table 2 : explain SELECT c FROM sbtest2 WHERE id BETWEEN 9458916 AND 9459015 ORDER BY c
	Sort  (cost=372.36..372.59 rows=92 width=121)
	  Sort Key: c
	  ->  Index Scan using sbtest2_pkey on sbtest2  (cost=0.43..369.36 rows=92 width=121)
	        Index Cond: ((id >= 9458916) AND (id <= 9459015))

table 3 : explain SELECT c FROM sbtest3 WHERE id BETWEEN 2902971 AND 2903070 ORDER BY c
	Sort  (cost=443.75..444.02 rows=110 width=121)
	  Sort Key: c
	  ->  Index Scan using sbtest3_pkey on sbtest3  (cost=0.43..440.02 rows=110 width=121)
	        Index Cond: ((id >= 2902971) AND (id <= 2903070))

table 4 : explain SELECT c FROM sbtest4 WHERE id BETWEEN 3542558 AND 3542657 ORDER BY c
	Sort  (cost=406.50..406.75 rows=101 width=121)
	  Sort Key: c
	  ->  Index Scan using sbtest4_pkey on sbtest4  (cost=0.43..403.14 rows=101 width=121)
	        Index Cond: ((id >= 3542558) AND (id <= 3542657))

table 5 : explain SELECT c FROM sbtest5 WHERE id BETWEEN 449353 AND 449452 ORDER BY c
	Sort  (cost=427.54..427.81 rows=106 width=121)
	  Sort Key: c
	  ->  Index Scan using sbtest5_pkey on sbtest5  (cost=0.43..423.97 rows=106 width=121)
	        Index Cond: ((id >= 449353) AND (id <= 449452))

table 6 : explain SELECT c FROM sbtest6 WHERE id BETWEEN 5929717 AND 5929816 ORDER BY c
	Sort  (cost=378.88..379.12 rows=94 width=121)
	  Sort Key: c
	  ->  Index Scan using sbtest6_pkey on sbtest6  (cost=0.43..375.80 rows=94 width=121)
	        Index Cond: ((id >= 5929717) AND (id <= 5929816))

table 7 : explain SELECT c FROM sbtest7 WHERE id BETWEEN 2434929 AND 2435028 ORDER BY c
	Sort  (cost=374.53..374.76 rows=93 width=121)
	  Sort Key: c
	  ->  Index Scan using sbtest7_pkey on sbtest7  (cost=0.43..371.49 rows=93 width=121)
	        Index Cond: ((id >= 2434929) AND (id <= 2435028))

table 8 : explain SELECT c FROM sbtest8 WHERE id BETWEEN 1474775 AND 1474874 ORDER BY c
	Sort  (cost=386.10..386.34 rows=96 width=121)
	  Sort Key: c
	  ->  Index Scan using sbtest8_pkey on sbtest8  (cost=0.43..382.93 rows=96 width=121)
	        Index Cond: ((id >= 1474775) AND (id <= 1474874))

explain: for point_selects :: explain SELECT c FROM sbtest%u WHERE id=%u
for: order_ranges
table 1 : explain SELECT c FROM sbtest1 WHERE id BETWEEN 8013064 AND 8013163 ORDER BY c
	Sort  (cost=399.55..399.80 rows=99 width=121)
	  Sort Key: c
	  ->  Index Scan using sbtest1_pkey on sbtest1  (cost=0.43..396.27 rows=99 width=121)
	        Index Cond: ((id >= 8013064) AND (id <= 8013163))

table 2 : explain SELECT c FROM sbtest2 WHERE id BETWEEN 64784 AND 64883 ORDER BY c
	Sort  (cost=384.38..384.61 rows=95 width=121)
	  Sort Key: c
	  ->  Index Scan using sbtest2_pkey on sbtest2  (cost=0.43..381.26 rows=95 width=121)
	        Index Cond: ((id >= 64784) AND (id <= 64883))

table 3 : explain SELECT c FROM sbtest3 WHERE id BETWEEN 566497 AND 566596 ORDER BY c
	Sort  (cost=435.75..436.02 rows=108 width=121)
	  Sort Key: c
	  ->  Index Scan using sbtest3_pkey on sbtest3  (cost=0.43..432.10 rows=108 width=121)
	        Index Cond: ((id >= 566497) AND (id <= 566596))

table 4 : explain SELECT c FROM sbtest4 WHERE id BETWEEN 8286424 AND 8286523 ORDER BY c
	Sort  (cost=410.50..410.76 rows=102 width=121)
	  Sort Key: c
	  ->  Index Scan using sbtest4_pkey on sbtest4  (cost=0.43..407.10 rows=102 width=121)
	        Index Cond: ((id >= 8286424) AND (id <= 8286523))

table 5 : explain SELECT c FROM sbtest5 WHERE id BETWEEN 2597098 AND 2597197 ORDER BY c
	Sort  (cost=387.55..387.79 rows=96 width=121)
	  Sort Key: c
	  ->  Index Scan using sbtest5_pkey on sbtest5  (cost=0.43..384.39 rows=96 width=121)
	        Index Cond: ((id >= 2597098) AND (id <= 2597197))

table 6 : explain SELECT c FROM sbtest6 WHERE id BETWEEN 3477636 AND 3477735 ORDER BY c
	Sort  (cost=406.83..407.08 rows=101 width=121)
	  Sort Key: c
	  ->  Index Scan using sbtest6_pkey on sbtest6  (cost=0.43..403.46 rows=101 width=121)
	        Index Cond: ((id >= 3477636) AND (id <= 3477735))

table 7 : explain SELECT c FROM sbtest7 WHERE id BETWEEN 3321762 AND 3321861 ORDER BY c
	Sort  (cost=390.47..390.71 rows=97 width=121)
	  Sort Key: c
	  ->  Index Scan using sbtest7_pkey on sbtest7  (cost=0.43..387.27 rows=97 width=121)
	        Index Cond: ((id >= 3321762) AND (id <= 3321861))

table 8 : explain SELECT c FROM sbtest8 WHERE id BETWEEN 1879234 AND 1879333 ORDER BY c
	Sort  (cost=410.01..410.26 rows=102 width=121)
	  Sort Key: c
	  ->  Index Scan using sbtest8_pkey on sbtest8  (cost=0.43..406.60 rows=102 width=121)
	        Index Cond: ((id >= 1879234) AND (id <= 1879333))

for: distinct_ranges
table 1 : explain SELECT DISTINCT c FROM sbtest1 WHERE id BETWEEN 3241969 AND 3242068 ORDER BY c
	Unique  (cost=419.55..420.07 rows=104 width=121)
	  ->  Sort  (cost=419.55..419.81 rows=104 width=121)
	        Sort Key: c
	        ->  Index Scan using sbtest1_pkey on sbtest1  (cost=0.43..416.07 rows=104 width=121)
	              Index Cond: ((id >= 3241969) AND (id <= 3242068))

table 2 : explain SELECT DISTINCT c FROM sbtest2 WHERE id BETWEEN 8812583 AND 8812682 ORDER BY c
	Unique  (cost=396.39..396.88 rows=98 width=121)
	  ->  Sort  (cost=396.39..396.64 rows=98 width=121)
	        Sort Key: c
	        ->  Index Scan using sbtest2_pkey on sbtest2  (cost=0.43..393.15 rows=98 width=121)
	              Index Cond: ((id >= 8812583) AND (id <= 8812682))

table 3 : explain SELECT DISTINCT c FROM sbtest3 WHERE id BETWEEN 9182736 AND 9182835 ORDER BY c
	Unique  (cost=391.74..392.22 rows=97 width=121)
	  ->  Sort  (cost=391.74..391.98 rows=97 width=121)
	        Sort Key: c
	        ->  Index Scan using sbtest3_pkey on sbtest3  (cost=0.43..388.54 rows=97 width=121)
	              Index Cond: ((id >= 9182736) AND (id <= 9182835))

table 4 : explain SELECT DISTINCT c FROM sbtest4 WHERE id BETWEEN 8326109 AND 8326208 ORDER BY c
	Unique  (cost=410.50..411.01 rows=102 width=121)
	  ->  Sort  (cost=410.50..410.76 rows=102 width=121)
	        Sort Key: c
	        ->  Index Scan using sbtest4_pkey on sbtest4  (cost=0.43..407.10 rows=102 width=121)
	              Index Cond: ((id >= 8326109) AND (id <= 8326208))

table 5 : explain SELECT DISTINCT c FROM sbtest5 WHERE id BETWEEN 4270995 AND 4271094 ORDER BY c
	Unique  (cost=431.54..432.07 rows=107 width=121)
	  ->  Sort  (cost=431.54..431.81 rows=107 width=121)
	        Sort Key: c
	        ->  Index Scan using sbtest5_pkey on sbtest5  (cost=0.43..427.93 rows=107 width=121)
	              Index Cond: ((id >= 4270995) AND (id <= 4271094))

table 6 : explain SELECT DISTINCT c FROM sbtest6 WHERE id BETWEEN 245594 AND 245693 ORDER BY c
	Unique  (cost=414.81..415.32 rows=103 width=121)
	  ->  Sort  (cost=414.81..415.06 rows=103 width=121)
	        Sort Key: c
	        ->  Index Scan using sbtest6_pkey on sbtest6  (cost=0.43..411.36 rows=103 width=121)
	              Index Cond: ((id >= 245594) AND (id <= 245693))

table 7 : explain SELECT DISTINCT c FROM sbtest7 WHERE id BETWEEN 10005 AND 10104 ORDER BY c
	Unique  (cost=394.46..394.95 rows=98 width=121)
	  ->  Sort  (cost=394.46..394.70 rows=98 width=121)
	        Sort Key: c
	        ->  Index Scan using sbtest7_pkey on sbtest7  (cost=0.43..391.21 rows=98 width=121)
	              Index Cond: ((id >= 10005) AND (id <= 10104))

table 8 : explain SELECT DISTINCT c FROM sbtest8 WHERE id BETWEEN 8726230 AND 8726329 ORDER BY c
	Unique  (cost=429.92..430.45 rows=107 width=121)
	  ->  Sort  (cost=429.92..430.18 rows=107 width=121)
	        Sort Key: c
	        ->  Index Scan using sbtest8_pkey on sbtest8  (cost=0.43..426.31 rows=107 width=121)
	              Index Cond: ((id >= 8726230) AND (id <= 8726329))

for: order_ranges
table 1 : explain SELECT c FROM sbtest1 WHERE id BETWEEN 3698835 AND 3698934 ORDER BY c
	Sort  (cost=383.56..383.80 rows=95 width=121)
	  Sort Key: c
	  ->  Index Scan using sbtest1_pkey on sbtest1  (cost=0.43..380.44 rows=95 width=121)
	        Index Cond: ((id >= 3698835) AND (id <= 3698934))

table 2 : explain SELECT c FROM sbtest2 WHERE id BETWEEN 7270937 AND 7271036 ORDER BY c
	Sort  (cost=416.44..416.70 rows=103 width=121)
	  Sort Key: c
	  ->  Index Scan using sbtest2_pkey on sbtest2  (cost=0.43..413.00 rows=103 width=121)
	        Index Cond: ((id >= 7270937) AND (id <= 7271036))

table 3 : explain SELECT c FROM sbtest3 WHERE id BETWEEN 5944832 AND 5944931 ORDER BY c
	Sort  (cost=399.74..399.98 rows=99 width=121)
	  Sort Key: c
	  ->  Index Scan using sbtest3_pkey on sbtest3  (cost=0.43..396.45 rows=99 width=121)
	        Index Cond: ((id >= 5944832) AND (id <= 5944931))

table 4 : explain SELECT c FROM sbtest4 WHERE id BETWEEN 7158061 AND 7158160 ORDER BY c
	Sort  (cost=382.58..382.82 rows=95 width=121)
	  Sort Key: c
	  ->  Index Scan using sbtest4_pkey on sbtest4  (cost=0.43..379.46 rows=95 width=121)
	        Index Cond: ((id >= 7158061) AND (id <= 7158160))

table 5 : explain SELECT c FROM sbtest5 WHERE id BETWEEN 6227527 AND 6227626 ORDER BY c
	Sort  (cost=387.55..387.79 rows=96 width=121)
	  Sort Key: c
	  ->  Index Scan using sbtest5_pkey on sbtest5  (cost=0.43..384.39 rows=96 width=121)
	        Index Cond: ((id >= 6227527) AND (id <= 6227626))

table 6 : explain SELECT c FROM sbtest6 WHERE id BETWEEN 2593810 AND 2593909 ORDER BY c
	Sort  (cost=378.88..379.12 rows=94 width=121)
	  Sort Key: c
	  ->  Index Scan using sbtest6_pkey on sbtest6  (cost=0.43..375.80 rows=94 width=121)
	        Index Cond: ((id >= 2593810) AND (id <= 2593909))

table 7 : explain SELECT c FROM sbtest7 WHERE id BETWEEN 8773743 AND 8773842 ORDER BY c
	Sort  (cost=414.40..414.66 rows=103 width=121)
	  Sort Key: c
	  ->  Index Scan using sbtest7_pkey on sbtest7  (cost=0.43..410.96 rows=103 width=121)
	        Index Cond: ((id >= 8773743) AND (id <= 8773842))

table 8 : explain SELECT c FROM sbtest8 WHERE id BETWEEN 3687373 AND 3687472 ORDER BY c
	Sort  (cost=437.88..438.15 rows=109 width=121)
	  Sort Key: c
	  ->  Index Scan using sbtest8_pkey on sbtest8  (cost=0.43..434.19 rows=109 width=121)
	        Index Cond: ((id >= 3687373) AND (id <= 3687472))

for point_selects
table 1 : explain SELECT c FROM sbtest1 WHERE id=5702501
	Index Scan using sbtest1_pkey on sbtest1  (cost=0.43..8.45 rows=1 width=121)
	  Index Cond: (id = 5702501)

table 2 : explain SELECT c FROM sbtest2 WHERE id=2641759
	Index Scan using sbtest2_pkey on sbtest2  (cost=0.43..8.45 rows=1 width=121)
	  Index Cond: (id = 2641759)

table 3 : explain SELECT c FROM sbtest3 WHERE id=6408498
	Index Scan using sbtest3_pkey on sbtest3  (cost=0.43..8.45 rows=1 width=121)
	  Index Cond: (id = 6408498)

table 4 : explain SELECT c FROM sbtest4 WHERE id=4517205
	Index Scan using sbtest4_pkey on sbtest4  (cost=0.43..8.45 rows=1 width=121)
	  Index Cond: (id = 4517205)

table 5 : explain SELECT c FROM sbtest5 WHERE id=6927568
	Index Scan using sbtest5_pkey on sbtest5  (cost=0.43..8.45 rows=1 width=121)
	  Index Cond: (id = 6927568)

table 6 : explain SELECT c FROM sbtest6 WHERE id=531771
	Index Scan using sbtest6_pkey on sbtest6  (cost=0.43..8.45 rows=1 width=121)
	  Index Cond: (id = 531771)

table 7 : explain SELECT c FROM sbtest7 WHERE id=3535211
	Index Scan using sbtest7_pkey on sbtest7  (cost=0.43..8.45 rows=1 width=121)
	  Index Cond: (id = 3535211)

table 8 : explain SELECT c FROM sbtest8 WHERE id=458283
	Index Scan using sbtest8_pkey on sbtest8  (cost=0.43..8.45 rows=1 width=121)
	  Index Cond: (id = 458283)

explain: for point_selects :: explain SELECT c FROM sbtest%u WHERE id=%u
for: order_ranges
table 1 : explain SELECT c FROM sbtest1 WHERE id BETWEEN 8734637 AND 8734736 ORDER BY c
	Sort  (cost=415.55..415.81 rows=103 width=121)
	  Sort Key: c
	  ->  Index Scan using sbtest1_pkey on sbtest1  (cost=0.43..412.11 rows=103 width=121)
	        Index Cond: ((id >= 8734637) AND (id <= 8734736))

table 2 : explain SELECT c FROM sbtest2 WHERE id BETWEEN 6769738 AND 6769837 ORDER BY c
	Sort  (cost=392.39..392.63 rows=97 width=121)
	  Sort Key: c
	  ->  Index Scan using sbtest2_pkey on sbtest2  (cost=0.43..389.19 rows=97 width=121)
	        Index Cond: ((id >= 6769738) AND (id <= 6769837))

table 3 : explain SELECT c FROM sbtest3 WHERE id BETWEEN 4817120 AND 4817219 ORDER BY c
	Sort  (cost=415.75..416.01 rows=103 width=121)
	  Sort Key: c
	  ->  Index Scan using sbtest3_pkey on sbtest3  (cost=0.43..412.31 rows=103 width=121)
	        Index Cond: ((id >= 4817120) AND (id <= 4817219))

table 4 : explain SELECT c FROM sbtest4 WHERE id BETWEEN 570198 AND 570297 ORDER BY c
	Sort  (cost=430.44..430.71 rows=107 width=121)
	  Sort Key: c
	  ->  Index Scan using sbtest4_pkey on sbtest4  (cost=0.43..426.83 rows=107 width=121)
	        Index Cond: ((id >= 570198) AND (id <= 570297))

table 5 : explain SELECT c FROM sbtest5 WHERE id BETWEEN 5906741 AND 5906840 ORDER BY c
	Sort  (cost=439.53..439.81 rows=109 width=121)
	  Sort Key: c
	  ->  Index Scan using sbtest5_pkey on sbtest5  (cost=0.43..435.84 rows=109 width=121)
	        Index Cond: ((id >= 5906741) AND (id <= 5906840))

table 6 : explain SELECT c FROM sbtest6 WHERE id BETWEEN 2455078 AND 2455177 ORDER BY c
	Sort  (cost=434.76..435.03 rows=108 width=121)
	  Sort Key: c
	  ->  Index Scan using sbtest6_pkey on sbtest6  (cost=0.43..431.11 rows=108 width=121)
	        Index Cond: ((id >= 2455078) AND (id <= 2455177))

table 7 : explain SELECT c FROM sbtest7 WHERE id BETWEEN 9486737 AND 9486836 ORDER BY c
	Sort  (cost=366.56..366.78 rows=91 width=121)
	  Sort Key: c
	  ->  Index Scan using sbtest7_pkey on sbtest7  (cost=0.43..363.59 rows=91 width=121)
	        Index Cond: ((id >= 9486737) AND (id <= 9486836))

table 8 : explain SELECT c FROM sbtest8 WHERE id BETWEEN 7651756 AND 7651855 ORDER BY c
	Sort  (cost=382.11..382.35 rows=95 width=121)
	  Sort Key: c
	  ->  Index Scan using sbtest8_pkey on sbtest8  (cost=0.43..378.99 rows=95 width=121)
	        Index Cond: ((id >= 7651756) AND (id <= 7651855))

for: distinct_ranges
table 1 : explain SELECT DISTINCT c FROM sbtest1 WHERE id BETWEEN 2038787 AND 2038886 ORDER BY c
	Unique  (cost=415.55..416.07 rows=103 width=121)
	  ->  Sort  (cost=415.55..415.81 rows=103 width=121)
	        Sort Key: c
	        ->  Index Scan using sbtest1_pkey on sbtest1  (cost=0.43..412.11 rows=103 width=121)
	              Index Cond: ((id >= 2038787) AND (id <= 2038886))

table 2 : explain SELECT DISTINCT c FROM sbtest2 WHERE id BETWEEN 9135204 AND 9135303 ORDER BY c
	Unique  (cost=420.44..420.96 rows=104 width=121)
	  ->  Sort  (cost=420.44..420.70 rows=104 width=121)
	        Sort Key: c
	        ->  Index Scan using sbtest2_pkey on sbtest2  (cost=0.43..416.96 rows=104 width=121)
	              Index Cond: ((id >= 9135204) AND (id <= 9135303))

table 3 : explain SELECT DISTINCT c FROM sbtest3 WHERE id BETWEEN 3068515 AND 3068614 ORDER BY c
	Unique  (cost=399.74..400.23 rows=99 width=121)
	  ->  Sort  (cost=399.74..399.98 rows=99 width=121)
	        Sort Key: c
	        ->  Index Scan using sbtest3_pkey on sbtest3  (cost=0.43..396.45 rows=99 width=121)
	              Index Cond: ((id >= 3068515) AND (id <= 3068614))

table 4 : explain SELECT DISTINCT c FROM sbtest4 WHERE id BETWEEN 6616481 AND 6616580 ORDER BY c
	Unique  (cost=410.50..411.01 rows=102 width=121)
	  ->  Sort  (cost=410.50..410.76 rows=102 width=121)
	        Sort Key: c
	        ->  Index Scan using sbtest4_pkey on sbtest4  (cost=0.43..407.10 rows=102 width=121)
	              Index Cond: ((id >= 6616481) AND (id <= 6616580))

table 5 : explain SELECT DISTINCT c FROM sbtest5 WHERE id BETWEEN 4894437 AND 4894536 ORDER BY c
	Unique  (cost=391.55..392.03 rows=97 width=121)
	  ->  Sort  (cost=391.55..391.79 rows=97 width=121)
	        Sort Key: c
	        ->  Index Scan using sbtest5_pkey on sbtest5  (cost=0.43..388.35 rows=97 width=121)
	              Index Cond: ((id >= 4894437) AND (id <= 4894536))

table 6 : explain SELECT DISTINCT c FROM sbtest6 WHERE id BETWEEN 1339967 AND 1340066 ORDER BY c
	Unique  (cost=374.89..375.36 rows=93 width=121)
	  ->  Sort  (cost=374.89..375.12 rows=93 width=121)
	        Sort Key: c
	        ->  Index Scan using sbtest6_pkey on sbtest6  (cost=0.43..371.85 rows=93 width=121)
	              Index Cond: ((id >= 1339967) AND (id <= 1340066))

table 7 : explain SELECT DISTINCT c FROM sbtest7 WHERE id BETWEEN 2314525 AND 2314624 ORDER BY c
	Unique  (cost=414.40..414.92 rows=103 width=121)
	  ->  Sort  (cost=414.40..414.66 rows=103 width=121)
	        Sort Key: c
	        ->  Index Scan using sbtest7_pkey on sbtest7  (cost=0.43..410.96 rows=103 width=121)
	              Index Cond: ((id >= 2314525) AND (id <= 2314624))

table 8 : explain SELECT DISTINCT c FROM sbtest8 WHERE id BETWEEN 5745823 AND 5745922 ORDER BY c
	Unique  (cost=374.15..374.62 rows=93 width=121)
	  ->  Sort  (cost=374.15..374.38 rows=93 width=121)
	        Sort Key: c
	        ->  Index Scan using sbtest8_pkey on sbtest8  (cost=0.43..371.11 rows=93 width=121)
	              Index Cond: ((id >= 5745823) AND (id <= 5745922))

explain: for point_selects :: explain SELECT c FROM sbtest%u WHERE id=%u
for: distinct_ranges
table 1 : explain SELECT DISTINCT c FROM sbtest1 WHERE id BETWEEN 4284010 AND 4284109 ORDER BY c
	Unique  (cost=375.57..376.03 rows=93 width=121)
	  ->  Sort  (cost=375.57..375.80 rows=93 width=121)
	        Sort Key: c
	        ->  Index Scan using sbtest1_pkey on sbtest1  (cost=0.43..372.52 rows=93 width=121)
	              Index Cond: ((id >= 4284010) AND (id <= 4284109))

table 2 : explain SELECT DISTINCT c FROM sbtest2 WHERE id BETWEEN 2536347 AND 2536446 ORDER BY c
	Unique  (cost=424.45..424.98 rows=105 width=121)
	  ->  Sort  (cost=424.45..424.71 rows=105 width=121)
	        Sort Key: c
	        ->  Index Scan using sbtest2_pkey on sbtest2  (cost=0.43..420.93 rows=105 width=121)
	              Index Cond: ((id >= 2536347) AND (id <= 2536446))

table 3 : explain SELECT DISTINCT c FROM sbtest3 WHERE id BETWEEN 6558106 AND 6558205 ORDER BY c
	Unique  (cost=447.75..448.30 rows=111 width=121)
	  ->  Sort  (cost=447.75..448.02 rows=111 width=121)
	        Sort Key: c
	        ->  Index Scan using sbtest3_pkey on sbtest3  (cost=0.43..443.98 rows=111 width=121)
	              Index Cond: ((id >= 6558106) AND (id <= 6558205))

table 4 : explain SELECT DISTINCT c FROM sbtest4 WHERE id BETWEEN 4039811 AND 4039910 ORDER BY c
	Unique  (cost=382.58..383.05 rows=95 width=121)
	  ->  Sort  (cost=382.58..382.82 rows=95 width=121)
	        Sort Key: c
	        ->  Index Scan using sbtest4_pkey on sbtest4  (cost=0.43..379.46 rows=95 width=121)
	              Index Cond: ((id >= 4039811) AND (id <= 4039910))

table 5 : explain SELECT DISTINCT c FROM sbtest5 WHERE id BETWEEN 6999629 AND 6999728 ORDER BY c
	Unique  (cost=375.56..376.02 rows=93 width=121)
	  ->  Sort  (cost=375.56..375.79 rows=93 width=121)
	        Sort Key: c
	        ->  Index Scan using sbtest5_pkey on sbtest5  (cost=0.43..372.52 rows=93 width=121)
	              Index Cond: ((id >= 6999629) AND (id <= 6999728))

table 6 : explain SELECT DISTINCT c FROM sbtest6 WHERE id BETWEEN 641023 AND 641122 ORDER BY c
	Unique  (cost=394.84..395.33 rows=98 width=121)
	  ->  Sort  (cost=394.84..395.08 rows=98 width=121)
	        Sort Key: c
	        ->  Index Scan using sbtest6_pkey on sbtest6  (cost=0.43..391.60 rows=98 width=121)
	              Index Cond: ((id >= 641023) AND (id <= 641122))

table 7 : explain SELECT DISTINCT c FROM sbtest7 WHERE id BETWEEN 7490346 AND 7490445 ORDER BY c
	Unique  (cost=418.39..418.91 rows=104 width=121)
	  ->  Sort  (cost=418.39..418.65 rows=104 width=121)
	        Sort Key: c
	        ->  Index Scan using sbtest7_pkey on sbtest7  (cost=0.43..414.91 rows=104 width=121)
	              Index Cond: ((id >= 7490346) AND (id <= 7490445))

table 8 : explain SELECT DISTINCT c FROM sbtest8 WHERE id BETWEEN 5121625 AND 5121724 ORDER BY c
	Unique  (cost=366.19..366.64 rows=91 width=121)
	  ->  Sort  (cost=366.19..366.42 rows=91 width=121)
	        Sort Key: c
	        ->  Index Scan using sbtest8_pkey on sbtest8  (cost=0.43..363.23 rows=91 width=121)
	              Index Cond: ((id >= 5121625) AND (id <= 5121724))

for: simple_ranges
table 1 : explain SELECT c FROM sbtest1 WHERE id BETWEEN 3178464 AND 3178563
	Index Scan using sbtest1_pkey on sbtest1  (cost=0.43..408.14 rows=102 width=121)
	  Index Cond: ((id >= 3178464) AND (id <= 3178563))

table 2 : explain SELECT c FROM sbtest2 WHERE id BETWEEN 3792366 AND 3792465
	Index Scan using sbtest2_pkey on sbtest2  (cost=0.43..401.08 rows=100 width=121)
	  Index Cond: ((id >= 3792366) AND (id <= 3792465))

table 3 : explain SELECT c FROM sbtest3 WHERE id BETWEEN 7756164 AND 7756263
	Index Scan using sbtest3_pkey on sbtest3  (cost=0.43..392.50 rows=98 width=121)
	  Index Cond: ((id >= 7756164) AND (id <= 7756263))

table 4 : explain SELECT c FROM sbtest4 WHERE id BETWEEN 4002917 AND 4003016
	Index Scan using sbtest4_pkey on sbtest4  (cost=0.43..379.46 rows=95 width=121)
	  Index Cond: ((id >= 4002917) AND (id <= 4003016))

table 5 : explain SELECT c FROM sbtest5 WHERE id BETWEEN 4969280 AND 4969379
	Index Scan using sbtest5_pkey on sbtest5  (cost=0.43..360.65 rows=90 width=121)
	  Index Cond: ((id >= 4969280) AND (id <= 4969379))

table 6 : explain SELECT c FROM sbtest6 WHERE id BETWEEN 4517898 AND 4517997
	Index Scan using sbtest6_pkey on sbtest6  (cost=0.43..391.60 rows=98 width=121)
	  Index Cond: ((id >= 4517898) AND (id <= 4517997))

table 7 : explain SELECT c FROM sbtest7 WHERE id BETWEEN 8188774 AND 8188873
	Index Scan using sbtest7_pkey on sbtest7  (cost=0.43..391.21 rows=98 width=121)
	  Index Cond: ((id >= 8188774) AND (id <= 8188873))

table 8 : explain SELECT c FROM sbtest8 WHERE id BETWEEN 5925513 AND 5925612
	Index Scan using sbtest8_pkey on sbtest8  (cost=0.43..410.54 rows=103 width=121)
	  Index Cond: ((id >= 5925513) AND (id <= 5925612))

for: distinct_ranges
table 1 : explain SELECT DISTINCT c FROM sbtest1 WHERE id BETWEEN 8568871 AND 8568970 ORDER BY c
	Unique  (cost=399.55..400.04 rows=99 width=121)
	  ->  Sort  (cost=399.55..399.80 rows=99 width=121)
	        Sort Key: c
	        ->  Index Scan using sbtest1_pkey on sbtest1  (cost=0.43..396.27 rows=99 width=121)
	              Index Cond: ((id >= 8568871) AND (id <= 8568970))

table 2 : explain SELECT DISTINCT c FROM sbtest2 WHERE id BETWEEN 5922469 AND 5922568 ORDER BY c
	Unique  (cost=464.52..465.09 rows=115 width=121)
	  ->  Sort  (cost=464.52..464.81 rows=115 width=121)
	        Sort Key: c
	        ->  Index Scan using sbtest2_pkey on sbtest2  (cost=0.43..460.58 rows=115 width=121)
	              Index Cond: ((id >= 5922469) AND (id <= 5922568))

table 3 : explain SELECT DISTINCT c FROM sbtest3 WHERE id BETWEEN 4209526 AND 4209625 ORDER BY c
	Unique  (cost=415.75..416.26 rows=103 width=121)
	  ->  Sort  (cost=415.75..416.01 rows=103 width=121)
	        Sort Key: c
	        ->  Index Scan using sbtest3_pkey on sbtest3  (cost=0.43..412.31 rows=103 width=121)
	              Index Cond: ((id >= 4209526) AND (id <= 4209625))

table 4 : explain SELECT DISTINCT c FROM sbtest4 WHERE id BETWEEN 6414601 AND 6414700 ORDER BY c
	Unique  (cost=402.51..403.01 rows=100 width=121)
	  ->  Sort  (cost=402.51..402.76 rows=100 width=121)
	        Sort Key: c
	        ->  Index Scan using sbtest4_pkey on sbtest4  (cost=0.43..399.19 rows=100 width=121)
	              Index Cond: ((id >= 6414601) AND (id <= 6414700))

table 5 : explain SELECT DISTINCT c FROM sbtest5 WHERE id BETWEEN 7506322 AND 7506421 ORDER BY c
	Unique  (cost=415.55..416.06 rows=103 width=121)
	  ->  Sort  (cost=415.55..415.80 rows=103 width=121)
	        Sort Key: c
	        ->  Index Scan using sbtest5_pkey on sbtest5  (cost=0.43..412.10 rows=103 width=121)
	              Index Cond: ((id >= 7506322) AND (id <= 7506421))

table 6 : explain SELECT DISTINCT c FROM sbtest6 WHERE id BETWEEN 5302677 AND 5302776 ORDER BY c
	Unique  (cost=402.84..403.34 rows=100 width=121)
	  ->  Sort  (cost=402.84..403.09 rows=100 width=121)
	        Sort Key: c
	        ->  Index Scan using sbtest6_pkey on sbtest6  (cost=0.43..399.51 rows=100 width=121)
	              Index Cond: ((id >= 5302677) AND (id <= 5302776))

table 7 : explain SELECT DISTINCT c FROM sbtest7 WHERE id BETWEEN 373620 AND 373719 ORDER BY c
	Unique  (cost=374.53..374.99 rows=93 width=121)
	  ->  Sort  (cost=374.53..374.76 rows=93 width=121)
	        Sort Key: c
	        ->  Index Scan using sbtest7_pkey on sbtest7  (cost=0.43..371.49 rows=93 width=121)
	              Index Cond: ((id >= 373620) AND (id <= 373719))

table 8 : explain SELECT DISTINCT c FROM sbtest8 WHERE id BETWEEN 4556688 AND 4556787 ORDER BY c
	Unique  (cost=425.93..426.46 rows=106 width=121)
	  ->  Sort  (cost=425.93..426.20 rows=106 width=121)
	        Sort Key: c
	        ->  Index Scan using sbtest8_pkey on sbtest8  (cost=0.43..422.37 rows=106 width=121)
	              Index Cond: ((id >= 4556688) AND (id <= 4556787))

for: distinct_ranges
table 1 : explain SELECT DISTINCT c FROM sbtest1 WHERE id BETWEEN 162156 AND 162255 ORDER BY c
	Unique  (cost=395.55..396.04 rows=98 width=121)
	  ->  Sort  (cost=395.55..395.80 rows=98 width=121)
	        Sort Key: c
	        ->  Index Scan using sbtest1_pkey on sbtest1  (cost=0.43..392.31 rows=98 width=121)
	              Index Cond: ((id >= 162156) AND (id <= 162255))

table 2 : explain SELECT DISTINCT c FROM sbtest2 WHERE id BETWEEN 8349172 AND 8349271 ORDER BY c
	Unique  (cost=400.40..400.90 rows=99 width=121)
	  ->  Sort  (cost=400.40..400.65 rows=99 width=121)
	        Sort Key: c
	        ->  Index Scan using sbtest2_pkey on sbtest2  (cost=0.43..397.12 rows=99 width=121)
	              Index Cond: ((id >= 8349172) AND (id <= 8349271))

table 3 : explain SELECT DISTINCT c FROM sbtest3 WHERE id BETWEEN 1611101 AND 1611200 ORDER BY c
	Unique  (cost=419.75..420.27 rows=104 width=121)
	  ->  Sort  (cost=419.75..420.01 rows=104 width=121)
	        Sort Key: c
	        ->  Index Scan using sbtest3_pkey on sbtest3  (cost=0.43..416.26 rows=104 width=121)
	              Index Cond: ((id >= 1611101) AND (id <= 1611200))

table 4 : explain SELECT DISTINCT c FROM sbtest4 WHERE id BETWEEN 7124753 AND 7124852 ORDER BY c
	Unique  (cost=382.58..383.05 rows=95 width=121)
	  ->  Sort  (cost=382.58..382.82 rows=95 width=121)
	        Sort Key: c
	        ->  Index Scan using sbtest4_pkey on sbtest4  (cost=0.43..379.46 rows=95 width=121)
	              Index Cond: ((id >= 7124753) AND (id <= 7124852))

table 5 : explain SELECT DISTINCT c FROM sbtest5 WHERE id BETWEEN 8221291 AND 8221390 ORDER BY c
	Unique  (cost=415.55..416.06 rows=103 width=121)
	  ->  Sort  (cost=415.55..415.80 rows=103 width=121)
	        Sort Key: c
	        ->  Index Scan using sbtest5_pkey on sbtest5  (cost=0.43..412.10 rows=103 width=121)
	              Index Cond: ((id >= 8221291) AND (id <= 8221390))

table 6 : explain SELECT DISTINCT c FROM sbtest6 WHERE id BETWEEN 6343977 AND 6344076 ORDER BY c
	Unique  (cost=422.79..423.31 rows=105 width=121)
	  ->  Sort  (cost=422.79..423.05 rows=105 width=121)
	        Sort Key: c
	        ->  Index Scan using sbtest6_pkey on sbtest6  (cost=0.43..419.26 rows=105 width=121)
	              Index Cond: ((id >= 6343977) AND (id <= 6344076))

table 7 : explain SELECT DISTINCT c FROM sbtest7 WHERE id BETWEEN 9683179 AND 9683278 ORDER BY c
	Unique  (cost=434.34..434.88 rows=108 width=121)
	  ->  Sort  (cost=434.34..434.61 rows=108 width=121)
	        Sort Key: c
	        ->  Index Scan using sbtest7_pkey on sbtest7  (cost=0.43..430.69 rows=108 width=121)
	              Index Cond: ((id >= 9683179) AND (id <= 9683278))

table 8 : explain SELECT DISTINCT c FROM sbtest8 WHERE id BETWEEN 5267370 AND 5267469 ORDER BY c
	Unique  (cost=413.99..414.50 rows=103 width=121)
	  ->  Sort  (cost=413.99..414.25 rows=103 width=121)
	        Sort Key: c
	        ->  Index Scan using sbtest8_pkey on sbtest8  (cost=0.43..410.54 rows=103 width=121)
	              Index Cond: ((id >= 5267370) AND (id <= 5267469))

for point_selects
table 1 : explain SELECT c FROM sbtest1 WHERE id=1002638
	Index Scan using sbtest1_pkey on sbtest1  (cost=0.43..8.45 rows=1 width=121)
	  Index Cond: (id = 1002638)

table 2 : explain SELECT c FROM sbtest2 WHERE id=1399037
	Index Scan using sbtest2_pkey on sbtest2  (cost=0.43..8.45 rows=1 width=121)
	  Index Cond: (id = 1399037)

table 3 : explain SELECT c FROM sbtest3 WHERE id=3552022
	Index Scan using sbtest3_pkey on sbtest3  (cost=0.43..8.45 rows=1 width=121)
	  Index Cond: (id = 3552022)

table 4 : explain SELECT c FROM sbtest4 WHERE id=8448808
	Index Scan using sbtest4_pkey on sbtest4  (cost=0.43..8.45 rows=1 width=121)
	  Index Cond: (id = 8448808)

table 5 : explain SELECT c FROM sbtest5 WHERE id=6309662
	Index Scan using sbtest5_pkey on sbtest5  (cost=0.43..8.45 rows=1 width=121)
	  Index Cond: (id = 6309662)

table 6 : explain SELECT c FROM sbtest6 WHERE id=1500629
	Index Scan using sbtest6_pkey on sbtest6  (cost=0.43..8.45 rows=1 width=121)
	  Index Cond: (id = 1500629)

table 7 : explain SELECT c FROM sbtest7 WHERE id=2630645
	Index Scan using sbtest7_pkey on sbtest7  (cost=0.43..8.45 rows=1 width=121)
	  Index Cond: (id = 2630645)

table 8 : explain SELECT c FROM sbtest8 WHERE id=8891800
	Index Scan using sbtest8_pkey on sbtest8  (cost=0.43..8.45 rows=1 width=121)
	  Index Cond: (id = 8891800)

for point_selects
table 1 : explain SELECT c FROM sbtest1 WHERE id=3669997
	Index Scan using sbtest1_pkey on sbtest1  (cost=0.43..8.45 rows=1 width=121)
	  Index Cond: (id = 3669997)

table 2 : explain SELECT c FROM sbtest2 WHERE id=1144319
	Index Scan using sbtest2_pkey on sbtest2  (cost=0.43..8.45 rows=1 width=121)
	  Index Cond: (id = 1144319)

table 3 : explain SELECT c FROM sbtest3 WHERE id=1607204
	Index Scan using sbtest3_pkey on sbtest3  (cost=0.43..8.45 rows=1 width=121)
	  Index Cond: (id = 1607204)

table 4 : explain SELECT c FROM sbtest4 WHERE id=7339288
	Index Scan using sbtest4_pkey on sbtest4  (cost=0.43..8.45 rows=1 width=121)
	  Index Cond: (id = 7339288)

table 5 : explain SELECT c FROM sbtest5 WHERE id=4194260
	Index Scan using sbtest5_pkey on sbtest5  (cost=0.43..8.45 rows=1 width=121)
	  Index Cond: (id = 4194260)

table 6 : explain SELECT c FROM sbtest6 WHERE id=8072254
	Index Scan using sbtest6_pkey on sbtest6  (cost=0.43..8.45 rows=1 width=121)
	  Index Cond: (id = 8072254)

table 7 : explain SELECT c FROM sbtest7 WHERE id=3099355
	Index Scan using sbtest7_pkey on sbtest7  (cost=0.43..8.45 rows=1 width=121)
	  Index Cond: (id = 3099355)

table 8 : explain SELECT c FROM sbtest8 WHERE id=9687847
	Index Scan using sbtest8_pkey on sbtest8  (cost=0.43..8.45 rows=1 width=121)
	  Index Cond: (id = 9687847)

for: order_ranges
table 1 : explain SELECT c FROM sbtest1 WHERE id BETWEEN 9121759 AND 9121858 ORDER BY c
	Sort  (cost=419.55..419.81 rows=104 width=121)
	  Sort Key: c
	  ->  Index Scan using sbtest1_pkey on sbtest1  (cost=0.43..416.07 rows=104 width=121)
	        Index Cond: ((id >= 9121759) AND (id <= 9121858))

table 2 : explain SELECT c FROM sbtest2 WHERE id BETWEEN 978660 AND 978759 ORDER BY c
	Sort  (cost=448.49..448.77 rows=111 width=121)
	  Sort Key: c
	  ->  Index Scan using sbtest2_pkey on sbtest2  (cost=0.43..444.72 rows=111 width=121)
	        Index Cond: ((id >= 978660) AND (id <= 978759))

table 3 : explain SELECT c FROM sbtest3 WHERE id BETWEEN 3723575 AND 3723674 ORDER BY c
	Sort  (cost=391.74..391.98 rows=97 width=121)
	  Sort Key: c
	  ->  Index Scan using sbtest3_pkey on sbtest3  (cost=0.43..388.54 rows=97 width=121)
	        Index Cond: ((id >= 3723575) AND (id <= 3723674))

table 4 : explain SELECT c FROM sbtest4 WHERE id BETWEEN 672928 AND 673027 ORDER BY c
	Sort  (cost=406.50..406.75 rows=101 width=121)
	  Sort Key: c
	  ->  Index Scan using sbtest4_pkey on sbtest4  (cost=0.43..403.14 rows=101 width=121)
	        Index Cond: ((id >= 672928) AND (id <= 673027))

table 5 : explain SELECT c FROM sbtest5 WHERE id BETWEEN 1976794 AND 1976893 ORDER BY c
	Sort  (cost=423.54..423.80 rows=105 width=121)
	  Sort Key: c
	  ->  Index Scan using sbtest5_pkey on sbtest5  (cost=0.43..420.02 rows=105 width=121)
	        Index Cond: ((id >= 1976794) AND (id <= 1976893))

table 6 : explain SELECT c FROM sbtest6 WHERE id BETWEEN 6643248 AND 6643347 ORDER BY c
	Sort  (cost=454.71..454.99 rows=113 width=121)
	  Sort Key: c
	  ->  Index Scan using sbtest6_pkey on sbtest6  (cost=0.43..450.86 rows=113 width=121)
	        Index Cond: ((id >= 6643248) AND (id <= 6643347))

table 7 : explain SELECT c FROM sbtest7 WHERE id BETWEEN 765587 AND 765686 ORDER BY c
	Sort  (cost=386.48..386.72 rows=96 width=121)
	  Sort Key: c
	  ->  Index Scan using sbtest7_pkey on sbtest7  (cost=0.43..383.32 rows=96 width=121)
	        Index Cond: ((id >= 765587) AND (id <= 765686))

table 8 : explain SELECT c FROM sbtest8 WHERE id BETWEEN 4931776 AND 4931875 ORDER BY c
	Sort  (cost=421.95..422.22 rows=105 width=121)
	  Sort Key: c
	  ->  Index Scan using sbtest8_pkey on sbtest8  (cost=0.43..418.43 rows=105 width=121)
	        Index Cond: ((id >= 4931776) AND (id <= 4931875))

for: distinct_ranges
table 1 : explain SELECT DISTINCT c FROM sbtest1 WHERE id BETWEEN 65684 AND 65783 ORDER BY c
	Unique  (cost=371.57..372.03 rows=92 width=121)
	  ->  Sort  (cost=371.57..371.80 rows=92 width=121)
	        Sort Key: c
	        ->  Index Scan using sbtest1_pkey on sbtest1  (cost=0.43..368.57 rows=92 width=121)
	              Index Cond: ((id >= 65684) AND (id <= 65783))

table 2 : explain SELECT DISTINCT c FROM sbtest2 WHERE id BETWEEN 8020428 AND 8020527 ORDER BY c
	Unique  (cost=436.47..437.01 rows=108 width=121)
	  ->  Sort  (cost=436.47..436.74 rows=108 width=121)
	        Sort Key: c
	        ->  Index Scan using sbtest2_pkey on sbtest2  (cost=0.43..432.82 rows=108 width=121)
	              Index Cond: ((id >= 8020428) AND (id <= 8020527))

table 3 : explain SELECT DISTINCT c FROM sbtest3 WHERE id BETWEEN 6119945 AND 6120044 ORDER BY c
	Unique  (cost=407.73..408.24 rows=101 width=121)
	  ->  Sort  (cost=407.73..407.99 rows=101 width=121)
	        Sort Key: c
	        ->  Index Scan using sbtest3_pkey on sbtest3  (cost=0.43..404.37 rows=101 width=121)
	              Index Cond: ((id >= 6119945) AND (id <= 6120044))

table 4 : explain SELECT DISTINCT c FROM sbtest4 WHERE id BETWEEN 9232978 AND 9233077 ORDER BY c
	Unique  (cost=406.50..407.00 rows=101 width=121)
	  ->  Sort  (cost=406.50..406.75 rows=101 width=121)
	        Sort Key: c
	        ->  Index Scan using sbtest4_pkey on sbtest4  (cost=0.43..403.14 rows=101 width=121)
	              Index Cond: ((id >= 9232978) AND (id <= 9233077))

table 5 : explain SELECT DISTINCT c FROM sbtest5 WHERE id BETWEEN 1819890 AND 1819989 ORDER BY c
	Unique  (cost=363.57..364.02 rows=90 width=121)
	  ->  Sort  (cost=363.57..363.79 rows=90 width=121)
	        Sort Key: c
	        ->  Index Scan using sbtest5_pkey on sbtest5  (cost=0.43..360.65 rows=90 width=121)
	              Index Cond: ((id >= 1819890) AND (id <= 1819989))

table 6 : explain SELECT DISTINCT c FROM sbtest6 WHERE id BETWEEN 6474672 AND 6474771 ORDER BY c
	Unique  (cost=418.80..419.32 rows=104 width=121)
	  ->  Sort  (cost=418.80..419.06 rows=104 width=121)
	        Sort Key: c
	        ->  Index Scan using sbtest6_pkey on sbtest6  (cost=0.43..415.31 rows=104 width=121)
	              Index Cond: ((id >= 6474672) AND (id <= 6474771))

table 7 : explain SELECT DISTINCT c FROM sbtest7 WHERE id BETWEEN 3927911 AND 3928010 ORDER BY c
	Unique  (cost=398.44..398.94 rows=99 width=121)
	  ->  Sort  (cost=398.44..398.69 rows=99 width=121)
	        Sort Key: c
	        ->  Index Scan using sbtest7_pkey on sbtest7  (cost=0.43..395.16 rows=99 width=121)
	              Index Cond: ((id >= 3927911) AND (id <= 3928010))

table 8 : explain SELECT DISTINCT c FROM sbtest8 WHERE id BETWEEN 180240 AND 180339 ORDER BY c
	Unique  (cost=433.90..434.44 rows=108 width=121)
	  ->  Sort  (cost=433.90..434.17 rows=108 width=121)
	        Sort Key: c
	        ->  Index Scan using sbtest8_pkey on sbtest8  (cost=0.43..430.25 rows=108 width=121)
	              Index Cond: ((id >= 180240) AND (id <= 180339))

for point_selects
table 1 : explain SELECT c FROM sbtest1 WHERE id=1805690
	Index Scan using sbtest1_pkey on sbtest1  (cost=0.43..8.45 rows=1 width=121)
	  Index Cond: (id = 1805690)

table 2 : explain SELECT c FROM sbtest2 WHERE id=4786337
	Index Scan using sbtest2_pkey on sbtest2  (cost=0.43..8.45 rows=1 width=121)
	  Index Cond: (id = 4786337)

table 3 : explain SELECT c FROM sbtest3 WHERE id=9867579
	Index Scan using sbtest3_pkey on sbtest3  (cost=0.43..8.45 rows=1 width=121)
	  Index Cond: (id = 9867579)

table 4 : explain SELECT c FROM sbtest4 WHERE id=1147044
	Index Scan using sbtest4_pkey on sbtest4  (cost=0.43..8.45 rows=1 width=121)
	  Index Cond: (id = 1147044)

table 5 : explain SELECT c FROM sbtest5 WHERE id=9973372
	Index Scan using sbtest5_pkey on sbtest5  (cost=0.43..8.45 rows=1 width=121)
	  Index Cond: (id = 9973372)

table 6 : explain SELECT c FROM sbtest6 WHERE id=7064542
	Index Scan using sbtest6_pkey on sbtest6  (cost=0.43..8.45 rows=1 width=121)
	  Index Cond: (id = 7064542)

table 7 : explain SELECT c FROM sbtest7 WHERE id=5251981
	Index Scan using sbtest7_pkey on sbtest7  (cost=0.43..8.45 rows=1 width=121)
	  Index Cond: (id = 5251981)

table 8 : explain SELECT c FROM sbtest8 WHERE id=8043742
	Index Scan using sbtest8_pkey on sbtest8  (cost=0.43..8.45 rows=1 width=121)
	  Index Cond: (id = 8043742)

for point_selects
table 1 : explain SELECT c FROM sbtest1 WHERE id=6305297
	Index Scan using sbtest1_pkey on sbtest1  (cost=0.43..8.45 rows=1 width=121)
	  Index Cond: (id = 6305297)

table 2 : explain SELECT c FROM sbtest2 WHERE id=4525949
	Index Scan using sbtest2_pkey on sbtest2  (cost=0.43..8.45 rows=1 width=121)
	  Index Cond: (id = 4525949)

table 3 : explain SELECT c FROM sbtest3 WHERE id=174417
	Index Scan using sbtest3_pkey on sbtest3  (cost=0.43..8.45 rows=1 width=121)
	  Index Cond: (id = 174417)

table 4 : explain SELECT c FROM sbtest4 WHERE id=4033196
	Index Scan using sbtest4_pkey on sbtest4  (cost=0.43..8.45 rows=1 width=121)
	  Index Cond: (id = 4033196)

table 5 : explain SELECT c FROM sbtest5 WHERE id=2498262
	Index Scan using sbtest5_pkey on sbtest5  (cost=0.43..8.45 rows=1 width=121)
	  Index Cond: (id = 2498262)

table 6 : explain SELECT c FROM sbtest6 WHERE id=4307577
	Index Scan using sbtest6_pkey on sbtest6  (cost=0.43..8.45 rows=1 width=121)
	  Index Cond: (id = 4307577)

table 7 : explain SELECT c FROM sbtest7 WHERE id=5446020
	Index Scan using sbtest7_pkey on sbtest7  (cost=0.43..8.45 rows=1 width=121)
	  Index Cond: (id = 5446020)

table 8 : explain SELECT c FROM sbtest8 WHERE id=499817
	Index Scan using sbtest8_pkey on sbtest8  (cost=0.43..8.45 rows=1 width=121)
	  Index Cond: (id = 499817)

for point_selects
table 1 : explain SELECT c FROM sbtest1 WHERE id=2688752
	Index Scan using sbtest1_pkey on sbtest1  (cost=0.43..8.45 rows=1 width=121)
	  Index Cond: (id = 2688752)

table 2 : explain SELECT c FROM sbtest2 WHERE id=9433768
	Index Scan using sbtest2_pkey on sbtest2  (cost=0.43..8.45 rows=1 width=121)
	  Index Cond: (id = 9433768)

table 3 : explain SELECT c FROM sbtest3 WHERE id=7449599
	Index Scan using sbtest3_pkey on sbtest3  (cost=0.43..8.45 rows=1 width=121)
	  Index Cond: (id = 7449599)

table 4 : explain SELECT c FROM sbtest4 WHERE id=2808913
	Index Scan using sbtest4_pkey on sbtest4  (cost=0.43..8.45 rows=1 width=121)
	  Index Cond: (id = 2808913)

table 5 : explain SELECT c FROM sbtest5 WHERE id=2722148
	Index Scan using sbtest5_pkey on sbtest5  (cost=0.43..8.45 rows=1 width=121)
	  Index Cond: (id = 2722148)

table 6 : explain SELECT c FROM sbtest6 WHERE id=8495309
	Index Scan using sbtest6_pkey on sbtest6  (cost=0.43..8.45 rows=1 width=121)
	  Index Cond: (id = 8495309)

table 7 : explain SELECT c FROM sbtest7 WHERE id=4390861
	Index Scan using sbtest7_pkey on sbtest7  (cost=0.43..8.45 rows=1 width=121)
	  Index Cond: (id = 4390861)

table 8 : explain SELECT c FROM sbtest8 WHERE id=3339751
	Index Scan using sbtest8_pkey on sbtest8  (cost=0.43..8.45 rows=1 width=121)
	  Index Cond: (id = 3339751)

for point_selects
table 1 : explain SELECT c FROM sbtest1 WHERE id=6282829
	Index Scan using sbtest1_pkey on sbtest1  (cost=0.43..8.45 rows=1 width=121)
	  Index Cond: (id = 6282829)

table 2 : explain SELECT c FROM sbtest2 WHERE id=1292605
	Index Scan using sbtest2_pkey on sbtest2  (cost=0.43..8.45 rows=1 width=121)
	  Index Cond: (id = 1292605)

table 3 : explain SELECT c FROM sbtest3 WHERE id=2740887
	Index Scan using sbtest3_pkey on sbtest3  (cost=0.43..8.45 rows=1 width=121)
	  Index Cond: (id = 2740887)

table 4 : explain SELECT c FROM sbtest4 WHERE id=9261095
	Index Scan using sbtest4_pkey on sbtest4  (cost=0.43..8.45 rows=1 width=121)
	  Index Cond: (id = 9261095)

table 5 : explain SELECT c FROM sbtest5 WHERE id=604250
	Index Scan using sbtest5_pkey on sbtest5  (cost=0.43..8.45 rows=1 width=121)
	  Index Cond: (id = 604250)

table 6 : explain SELECT c FROM sbtest6 WHERE id=6116557
	Index Scan using sbtest6_pkey on sbtest6  (cost=0.43..8.45 rows=1 width=121)
	  Index Cond: (id = 6116557)

table 7 : explain SELECT c FROM sbtest7 WHERE id=5565664
	Index Scan using sbtest7_pkey on sbtest7  (cost=0.43..8.45 rows=1 width=121)
	  Index Cond: (id = 5565664)

table 8 : explain SELECT c FROM sbtest8 WHERE id=400209
	Index Scan using sbtest8_pkey on sbtest8  (cost=0.43..8.45 rows=1 width=121)
	  Index Cond: (id = 400209)

for: sum_ranges
table 1 : explain SELECT SUM(k) FROM sbtest1 WHERE id BETWEEN 4019522 AND 4019621
	Aggregate  (cost=372.76..372.77 rows=1 width=8)
	  ->  Index Scan using sbtest1_pkey on sbtest1  (cost=0.43..372.52 rows=93 width=4)
	        Index Cond: ((id >= 4019522) AND (id <= 4019621))

table 2 : explain SELECT SUM(k) FROM sbtest2 WHERE id BETWEEN 5184550 AND 5184649
	Aggregate  (cost=397.37..397.38 rows=1 width=8)
	  ->  Index Scan using sbtest2_pkey on sbtest2  (cost=0.43..397.12 rows=99 width=4)
	        Index Cond: ((id >= 5184550) AND (id <= 5184649))

table 3 : explain SELECT SUM(k) FROM sbtest3 WHERE id BETWEEN 3034264 AND 3034363
	Aggregate  (cost=412.56..412.57 rows=1 width=8)
	  ->  Index Scan using sbtest3_pkey on sbtest3  (cost=0.43..412.31 rows=103 width=4)
	        Index Cond: ((id >= 3034264) AND (id <= 3034363))

table 4 : explain SELECT SUM(k) FROM sbtest4 WHERE id BETWEEN 9602642 AND 9602741
	Aggregate  (cost=387.59..387.60 rows=1 width=8)
	  ->  Index Scan using sbtest4_pkey on sbtest4  (cost=0.43..387.35 rows=97 width=4)
	        Index Cond: ((id >= 9602642) AND (id <= 9602741))

table 5 : explain SELECT SUM(k) FROM sbtest5 WHERE id BETWEEN 1281724 AND 1281823
	Aggregate  (cost=432.16..432.17 rows=1 width=8)
	  ->  Index Scan using sbtest5_pkey on sbtest5  (cost=0.43..431.89 rows=108 width=4)
	        Index Cond: ((id >= 1281724) AND (id <= 1281823))

table 6 : explain SELECT SUM(k) FROM sbtest6 WHERE id BETWEEN 729386 AND 729485
	Aggregate  (cost=419.53..419.54 rows=1 width=8)
	  ->  Index Scan using sbtest6_pkey on sbtest6  (cost=0.43..419.26 rows=105 width=4)
	        Index Cond: ((id >= 729386) AND (id <= 729485))

table 7 : explain SELECT SUM(k) FROM sbtest7 WHERE id BETWEEN 764134 AND 764233
	Aggregate  (cost=383.56..383.57 rows=1 width=8)
	  ->  Index Scan using sbtest7_pkey on sbtest7  (cost=0.43..383.32 rows=96 width=4)
	        Index Cond: ((id >= 764134) AND (id <= 764233))

table 8 : explain SELECT SUM(k) FROM sbtest8 WHERE id BETWEEN 4100229 AND 4100328
	Aggregate  (cost=438.41..438.42 rows=1 width=8)
	  ->  Index Scan using sbtest8_pkey on sbtest8  (cost=0.43..438.14 rows=110 width=4)
	        Index Cond: ((id >= 4100229) AND (id <= 4100328))

explain: for point_selects :: explain SELECT c FROM sbtest%u WHERE id=%u
for: simple_ranges
table 1 : explain SELECT c FROM sbtest1 WHERE id BETWEEN 5847173 AND 5847272
	Index Scan using sbtest1_pkey on sbtest1  (cost=0.43..431.89 rows=108 width=121)
	  Index Cond: ((id >= 5847173) AND (id <= 5847272))

table 2 : explain SELECT c FROM sbtest2 WHERE id BETWEEN 613381 AND 613480
	Index Scan using sbtest2_pkey on sbtest2  (cost=0.43..389.19 rows=97 width=121)
	  Index Cond: ((id >= 613381) AND (id <= 613480))

table 3 : explain SELECT c FROM sbtest3 WHERE id BETWEEN 2242407 AND 2242506
	Index Scan using sbtest3_pkey on sbtest3  (cost=0.43..372.70 rows=93 width=121)
	  Index Cond: ((id >= 2242407) AND (id <= 2242506))

table 4 : explain SELECT c FROM sbtest4 WHERE id BETWEEN 1756694 AND 1756793
	Index Scan using sbtest4_pkey on sbtest4  (cost=0.43..414.99 rows=104 width=121)
	  Index Cond: ((id >= 1756694) AND (id <= 1756793))

table 5 : explain SELECT c FROM sbtest5 WHERE id BETWEEN 6439782 AND 6439881
	Index Scan using sbtest5_pkey on sbtest5  (cost=0.43..360.65 rows=90 width=121)
	  Index Cond: ((id >= 6439782) AND (id <= 6439881))

table 6 : explain SELECT c FROM sbtest6 WHERE id BETWEEN 1225623 AND 1225722
	Index Scan using sbtest6_pkey on sbtest6  (cost=0.43..379.75 rows=95 width=121)
	  Index Cond: ((id >= 1225623) AND (id <= 1225722))

table 7 : explain SELECT c FROM sbtest7 WHERE id BETWEEN 3946319 AND 3946418
	Index Scan using sbtest7_pkey on sbtest7  (cost=0.43..430.69 rows=108 width=121)
	  Index Cond: ((id >= 3946319) AND (id <= 3946418))

table 8 : explain SELECT c FROM sbtest8 WHERE id BETWEEN 2665531 AND 2665630
	Index Scan using sbtest8_pkey on sbtest8  (cost=0.43..351.40 rows=88 width=121)
	  Index Cond: ((id >= 2665531) AND (id <= 2665630))

explain: for point_selects :: explain SELECT c FROM sbtest%u WHERE id=%u
for: distinct_ranges
table 1 : explain SELECT DISTINCT c FROM sbtest1 WHERE id BETWEEN 198697 AND 198796 ORDER BY c
	Unique  (cost=395.55..396.04 rows=98 width=121)
	  ->  Sort  (cost=395.55..395.80 rows=98 width=121)
	        Sort Key: c
	        ->  Index Scan using sbtest1_pkey on sbtest1  (cost=0.43..392.31 rows=98 width=121)
	              Index Cond: ((id >= 198697) AND (id <= 198796))

table 2 : explain SELECT DISTINCT c FROM sbtest2 WHERE id BETWEEN 7765493 AND 7765592 ORDER BY c
	Unique  (cost=416.44..416.95 rows=103 width=121)
	  ->  Sort  (cost=416.44..416.70 rows=103 width=121)
	        Sort Key: c
	        ->  Index Scan using sbtest2_pkey on sbtest2  (cost=0.43..413.00 rows=103 width=121)
	              Index Cond: ((id >= 7765493) AND (id <= 7765592))

table 3 : explain SELECT DISTINCT c FROM sbtest3 WHERE id BETWEEN 9617580 AND 9617679 ORDER BY c
	Unique  (cost=427.75..428.28 rows=106 width=121)
	  ->  Sort  (cost=427.75..428.01 rows=106 width=121)
	        Sort Key: c
	        ->  Index Scan using sbtest3_pkey on sbtest3  (cost=0.43..424.18 rows=106 width=121)
	              Index Cond: ((id >= 9617580) AND (id <= 9617679))

table 4 : explain SELECT DISTINCT c FROM sbtest4 WHERE id BETWEEN 4323394 AND 4323493 ORDER BY c
	Unique  (cost=406.50..407.00 rows=101 width=121)
	  ->  Sort  (cost=406.50..406.75 rows=101 width=121)
	        Sort Key: c
	        ->  Index Scan using sbtest4_pkey on sbtest4  (cost=0.43..403.14 rows=101 width=121)
	              Index Cond: ((id >= 4323394) AND (id <= 4323493))

table 5 : explain SELECT DISTINCT c FROM sbtest5 WHERE id BETWEEN 8390947 AND 8391046 ORDER BY c
	Unique  (cost=379.56..380.03 rows=94 width=121)
	  ->  Sort  (cost=379.56..379.79 rows=94 width=121)
	        Sort Key: c
	        ->  Index Scan using sbtest5_pkey on sbtest5  (cost=0.43..376.48 rows=94 width=121)
	              Index Cond: ((id >= 8390947) AND (id <= 8391046))

table 6 : explain SELECT DISTINCT c FROM sbtest6 WHERE id BETWEEN 7018327 AND 7018426 ORDER BY c
	Unique  (cost=410.82..411.33 rows=102 width=121)
	  ->  Sort  (cost=410.82..411.07 rows=102 width=121)
	        Sort Key: c
	        ->  Index Scan using sbtest6_pkey on sbtest6  (cost=0.43..407.41 rows=102 width=121)
	              Index Cond: ((id >= 7018327) AND (id <= 7018426))

table 7 : explain SELECT DISTINCT c FROM sbtest7 WHERE id BETWEEN 9215640 AND 9215739 ORDER BY c
	Unique  (cost=430.35..430.88 rows=107 width=121)
	  ->  Sort  (cost=430.35..430.62 rows=107 width=121)
	        Sort Key: c
	        ->  Index Scan using sbtest7_pkey on sbtest7  (cost=0.43..426.74 rows=107 width=121)
	              Index Cond: ((id >= 9215640) AND (id <= 9215739))

table 8 : explain SELECT DISTINCT c FROM sbtest8 WHERE id BETWEEN 538890 AND 538989 ORDER BY c
	Unique  (cost=406.02..406.53 rows=101 width=121)
	  ->  Sort  (cost=406.02..406.28 rows=101 width=121)
	        Sort Key: c
	        ->  Index Scan using sbtest8_pkey on sbtest8  (cost=0.43..402.66 rows=101 width=121)
	              Index Cond: ((id >= 538890) AND (id <= 538989))

explain: for point_selects :: explain SELECT c FROM sbtest%u WHERE id=%u
for: simple_ranges
table 1 : explain SELECT c FROM sbtest1 WHERE id BETWEEN 2291304 AND 2291403
	Index Scan using sbtest1_pkey on sbtest1  (cost=0.43..396.27 rows=99 width=121)
	  Index Cond: ((id >= 2291304) AND (id <= 2291403))

table 2 : explain SELECT c FROM sbtest2 WHERE id BETWEEN 6663372 AND 6663471
	Index Scan using sbtest2_pkey on sbtest2  (cost=0.43..385.22 rows=96 width=121)
	  Index Cond: ((id >= 6663372) AND (id <= 6663471))

table 3 : explain SELECT c FROM sbtest3 WHERE id BETWEEN 765465 AND 765564
	Index Scan using sbtest3_pkey on sbtest3  (cost=0.43..360.82 rows=90 width=121)
	  Index Cond: ((id >= 765465) AND (id <= 765564))

table 4 : explain SELECT c FROM sbtest4 WHERE id BETWEEN 5081281 AND 5081380
	Index Scan using sbtest4_pkey on sbtest4  (cost=0.43..387.35 rows=97 width=121)
	  Index Cond: ((id >= 5081281) AND (id <= 5081380))

table 5 : explain SELECT c FROM sbtest5 WHERE id BETWEEN 1254533 AND 1254632
	Index Scan using sbtest5_pkey on sbtest5  (cost=0.43..400.22 rows=100 width=121)
	  Index Cond: ((id >= 1254533) AND (id <= 1254632))

table 6 : explain SELECT c FROM sbtest6 WHERE id BETWEEN 6357981 AND 6358080
	Index Scan using sbtest6_pkey on sbtest6  (cost=0.43..419.26 rows=105 width=121)
	  Index Cond: ((id >= 6357981) AND (id <= 6358080))

table 7 : explain SELECT c FROM sbtest7 WHERE id BETWEEN 9998464 AND 9998563
	Index Scan using sbtest7_pkey on sbtest7  (cost=0.43..391.21 rows=98 width=121)
	  Index Cond: ((id >= 9998464) AND (id <= 9998563))

table 8 : explain SELECT c FROM sbtest8 WHERE id BETWEEN 5377742 AND 5377841
	Index Scan using sbtest8_pkey on sbtest8  (cost=0.43..390.82 rows=98 width=121)
	  Index Cond: ((id >= 5377742) AND (id <= 5377841))

for point_selects
table 1 : explain SELECT c FROM sbtest1 WHERE id=5430382
	Index Scan using sbtest1_pkey on sbtest1  (cost=0.43..8.45 rows=1 width=121)
	  Index Cond: (id = 5430382)

table 2 : explain SELECT c FROM sbtest2 WHERE id=7487962
	Index Scan using sbtest2_pkey on sbtest2  (cost=0.43..8.45 rows=1 width=121)
	  Index Cond: (id = 7487962)

table 3 : explain SELECT c FROM sbtest3 WHERE id=4492176
	Index Scan using sbtest3_pkey on sbtest3  (cost=0.43..8.45 rows=1 width=121)
	  Index Cond: (id = 4492176)

table 4 : explain SELECT c FROM sbtest4 WHERE id=9429664
	Index Scan using sbtest4_pkey on sbtest4  (cost=0.43..8.45 rows=1 width=121)
	  Index Cond: (id = 9429664)

table 5 : explain SELECT c FROM sbtest5 WHERE id=2980660
	Index Scan using sbtest5_pkey on sbtest5  (cost=0.43..8.45 rows=1 width=121)
	  Index Cond: (id = 2980660)

table 6 : explain SELECT c FROM sbtest6 WHERE id=1496946
	Index Scan using sbtest6_pkey on sbtest6  (cost=0.43..8.45 rows=1 width=121)
	  Index Cond: (id = 1496946)

table 7 : explain SELECT c FROM sbtest7 WHERE id=3501422
	Index Scan using sbtest7_pkey on sbtest7  (cost=0.43..8.45 rows=1 width=121)
	  Index Cond: (id = 3501422)

table 8 : explain SELECT c FROM sbtest8 WHERE id=1122876
	Index Scan using sbtest8_pkey on sbtest8  (cost=0.43..8.45 rows=1 width=121)
	  Index Cond: (id = 1122876)

explain: for point_selects :: explain SELECT c FROM sbtest%u WHERE id=%u
for: simple_ranges
table 1 : explain SELECT c FROM sbtest1 WHERE id BETWEEN 6471856 AND 6471955
	Index Scan using sbtest1_pkey on sbtest1  (cost=0.43..396.27 rows=99 width=121)
	  Index Cond: ((id >= 6471856) AND (id <= 6471955))

table 2 : explain SELECT c FROM sbtest2 WHERE id BETWEEN 4330175 AND 4330274
	Index Scan using sbtest2_pkey on sbtest2  (cost=0.43..381.26 rows=95 width=121)
	  Index Cond: ((id >= 4330175) AND (id <= 4330274))

table 3 : explain SELECT c FROM sbtest3 WHERE id BETWEEN 3277227 AND 3277326
	Index Scan using sbtest3_pkey on sbtest3  (cost=0.43..412.31 rows=103 width=121)
	  Index Cond: ((id >= 3277227) AND (id <= 3277326))

table 4 : explain SELECT c FROM sbtest4 WHERE id BETWEEN 1970398 AND 1970497
	Index Scan using sbtest4_pkey on sbtest4  (cost=0.43..418.94 rows=105 width=121)
	  Index Cond: ((id >= 1970398) AND (id <= 1970497))

table 5 : explain SELECT c FROM sbtest5 WHERE id BETWEEN 902581 AND 902680
	Index Scan using sbtest5_pkey on sbtest5  (cost=0.43..475.41 rows=119 width=121)
	  Index Cond: ((id >= 902581) AND (id <= 902680))

table 6 : explain SELECT c FROM sbtest6 WHERE id BETWEEN 3865020 AND 3865119
	Index Scan using sbtest6_pkey on sbtest6  (cost=0.43..395.55 rows=99 width=121)
	  Index Cond: ((id >= 3865020) AND (id <= 3865119))

table 7 : explain SELECT c FROM sbtest7 WHERE id BETWEEN 7566264 AND 7566363
	Index Scan using sbtest7_pkey on sbtest7  (cost=0.43..375.43 rows=94 width=121)
	  Index Cond: ((id >= 7566264) AND (id <= 7566363))

table 8 : explain SELECT c FROM sbtest8 WHERE id BETWEEN 4028933 AND 4029032
	Index Scan using sbtest8_pkey on sbtest8  (cost=0.43..375.05 rows=94 width=121)
	  Index Cond: ((id >= 4028933) AND (id <= 4029032))

for: simple_ranges
table 1 : explain SELECT c FROM sbtest1 WHERE id BETWEEN 3862395 AND 3862494
	Index Scan using sbtest1_pkey on sbtest1  (cost=0.43..423.98 rows=106 width=121)
	  Index Cond: ((id >= 3862395) AND (id <= 3862494))

table 2 : explain SELECT c FROM sbtest2 WHERE id BETWEEN 3499243 AND 3499342
	Index Scan using sbtest2_pkey on sbtest2  (cost=0.43..377.29 rows=94 width=121)
	  Index Cond: ((id >= 3499243) AND (id <= 3499342))

table 3 : explain SELECT c FROM sbtest3 WHERE id BETWEEN 2552692 AND 2552791
	Index Scan using sbtest3_pkey on sbtest3  (cost=0.43..356.87 rows=89 width=121)
	  Index Cond: ((id >= 2552692) AND (id <= 2552791))

table 4 : explain SELECT c FROM sbtest4 WHERE id BETWEEN 9346495 AND 9346594
	Index Scan using sbtest4_pkey on sbtest4  (cost=0.43..383.40 rows=96 width=121)
	  Index Cond: ((id >= 9346495) AND (id <= 9346594))

table 5 : explain SELECT c FROM sbtest5 WHERE id BETWEEN 9821013 AND 9821112
	Index Scan using sbtest5_pkey on sbtest5  (cost=0.43..392.30 rows=98 width=121)
	  Index Cond: ((id >= 9821013) AND (id <= 9821112))

table 6 : explain SELECT c FROM sbtest6 WHERE id BETWEEN 9676521 AND 9676620
	Index Scan using sbtest6_pkey on sbtest6  (cost=0.43..375.80 rows=94 width=121)
	  Index Cond: ((id >= 9676521) AND (id <= 9676620))

table 7 : explain SELECT c FROM sbtest7 WHERE id BETWEEN 8669093 AND 8669192
	Index Scan using sbtest7_pkey on sbtest7  (cost=0.43..399.11 rows=100 width=121)
	  Index Cond: ((id >= 8669093) AND (id <= 8669192))

table 8 : explain SELECT c FROM sbtest8 WHERE id BETWEEN 9351218 AND 9351317
	Index Scan using sbtest8_pkey on sbtest8  (cost=0.43..375.05 rows=94 width=121)
	  Index Cond: ((id >= 9351218) AND (id <= 9351317))

for point_selects
table 1 : explain SELECT c FROM sbtest1 WHERE id=4129271
	Index Scan using sbtest1_pkey on sbtest1  (cost=0.43..8.45 rows=1 width=121)
	  Index Cond: (id = 4129271)

table 2 : explain SELECT c FROM sbtest2 WHERE id=7646379
	Index Scan using sbtest2_pkey on sbtest2  (cost=0.43..8.45 rows=1 width=121)
	  Index Cond: (id = 7646379)

table 3 : explain SELECT c FROM sbtest3 WHERE id=467547
	Index Scan using sbtest3_pkey on sbtest3  (cost=0.43..8.45 rows=1 width=121)
	  Index Cond: (id = 467547)

table 4 : explain SELECT c FROM sbtest4 WHERE id=9094542
	Index Scan using sbtest4_pkey on sbtest4  (cost=0.43..8.45 rows=1 width=121)
	  Index Cond: (id = 9094542)

table 5 : explain SELECT c FROM sbtest5 WHERE id=7058223
	Index Scan using sbtest5_pkey on sbtest5  (cost=0.43..8.45 rows=1 width=121)
	  Index Cond: (id = 7058223)

table 6 : explain SELECT c FROM sbtest6 WHERE id=3399528
	Index Scan using sbtest6_pkey on sbtest6  (cost=0.43..8.45 rows=1 width=121)
	  Index Cond: (id = 3399528)

table 7 : explain SELECT c FROM sbtest7 WHERE id=5155627
	Index Scan using sbtest7_pkey on sbtest7  (cost=0.43..8.45 rows=1 width=121)
	  Index Cond: (id = 5155627)

table 8 : explain SELECT c FROM sbtest8 WHERE id=6511906
	Index Scan using sbtest8_pkey on sbtest8  (cost=0.43..8.45 rows=1 width=121)
	  Index Cond: (id = 6511906)

for point_selects
table 1 : explain SELECT c FROM sbtest1 WHERE id=5210437
	Index Scan using sbtest1_pkey on sbtest1  (cost=0.43..8.45 rows=1 width=121)
	  Index Cond: (id = 5210437)

table 2 : explain SELECT c FROM sbtest2 WHERE id=5866470
	Index Scan using sbtest2_pkey on sbtest2  (cost=0.43..8.45 rows=1 width=121)
	  Index Cond: (id = 5866470)

table 3 : explain SELECT c FROM sbtest3 WHERE id=2580474
	Index Scan using sbtest3_pkey on sbtest3  (cost=0.43..8.45 rows=1 width=121)
	  Index Cond: (id = 2580474)

table 4 : explain SELECT c FROM sbtest4 WHERE id=1929592
	Index Scan using sbtest4_pkey on sbtest4  (cost=0.43..8.45 rows=1 width=121)
	  Index Cond: (id = 1929592)

table 5 : explain SELECT c FROM sbtest5 WHERE id=5432169
	Index Scan using sbtest5_pkey on sbtest5  (cost=0.43..8.45 rows=1 width=121)
	  Index Cond: (id = 5432169)

table 6 : explain SELECT c FROM sbtest6 WHERE id=6140121
	Index Scan using sbtest6_pkey on sbtest6  (cost=0.43..8.45 rows=1 width=121)
	  Index Cond: (id = 6140121)

table 7 : explain SELECT c FROM sbtest7 WHERE id=1931877
	Index Scan using sbtest7_pkey on sbtest7  (cost=0.43..8.45 rows=1 width=121)
	  Index Cond: (id = 1931877)

table 8 : explain SELECT c FROM sbtest8 WHERE id=7603421
	Index Scan using sbtest8_pkey on sbtest8  (cost=0.43..8.45 rows=1 width=121)
	  Index Cond: (id = 7603421)

for: sum_ranges
table 1 : explain SELECT SUM(k) FROM sbtest1 WHERE id BETWEEN 565512 AND 565611
	Aggregate  (cost=424.25..424.26 rows=1 width=8)
	  ->  Index Scan using sbtest1_pkey on sbtest1  (cost=0.43..423.98 rows=106 width=4)
	        Index Cond: ((id >= 565512) AND (id <= 565611))

table 2 : explain SELECT SUM(k) FROM sbtest2 WHERE id BETWEEN 3174615 AND 3174714
	Aggregate  (cost=425.16..425.17 rows=1 width=8)
	  ->  Index Scan using sbtest2_pkey on sbtest2  (cost=0.43..424.89 rows=106 width=4)
	        Index Cond: ((id >= 3174615) AND (id <= 3174714))

table 3 : explain SELECT SUM(k) FROM sbtest3 WHERE id BETWEEN 8075343 AND 8075442
	Aggregate  (cost=396.70..396.71 rows=1 width=8)
	  ->  Index Scan using sbtest3_pkey on sbtest3  (cost=0.43..396.45 rows=99 width=4)
	        Index Cond: ((id >= 8075343) AND (id <= 8075442))

table 4 : explain SELECT SUM(k) FROM sbtest4 WHERE id BETWEEN 6444080 AND 6444179
	Aggregate  (cost=399.44..399.45 rows=1 width=8)
	  ->  Index Scan using sbtest4_pkey on sbtest4  (cost=0.43..399.19 rows=100 width=4)
	        Index Cond: ((id >= 6444080) AND (id <= 6444179))

table 5 : explain SELECT SUM(k) FROM sbtest5 WHERE id BETWEEN 6299474 AND 6299573
	Aggregate  (cost=384.63..384.64 rows=1 width=8)
	  ->  Index Scan using sbtest5_pkey on sbtest5  (cost=0.43..384.39 rows=96 width=4)
	        Index Cond: ((id >= 6299474) AND (id <= 6299573))

table 6 : explain SELECT SUM(k) FROM sbtest6 WHERE id BETWEEN 8830460 AND 8830559
	Aggregate  (cost=411.62..411.63 rows=1 width=8)
	  ->  Index Scan using sbtest6_pkey on sbtest6  (cost=0.43..411.36 rows=103 width=4)
	        Index Cond: ((id >= 8830460) AND (id <= 8830559))

table 7 : explain SELECT SUM(k) FROM sbtest7 WHERE id BETWEEN 2785902 AND 2786001
	Aggregate  (cost=379.61..379.62 rows=1 width=8)
	  ->  Index Scan using sbtest7_pkey on sbtest7  (cost=0.43..379.38 rows=95 width=4)
	        Index Cond: ((id >= 2785902) AND (id <= 2786001))

table 8 : explain SELECT SUM(k) FROM sbtest8 WHERE id BETWEEN 107430 AND 107529
	Aggregate  (cost=430.52..430.53 rows=1 width=8)
	  ->  Index Scan using sbtest8_pkey on sbtest8  (cost=0.43..430.25 rows=108 width=4)
	        Index Cond: ((id >= 107430) AND (id <= 107529))

for: simple_ranges
table 1 : explain SELECT c FROM sbtest1 WHERE id BETWEEN 3741423 AND 3741522
	Index Scan using sbtest1_pkey on sbtest1  (cost=0.43..360.65 rows=90 width=121)
	  Index Cond: ((id >= 3741423) AND (id <= 3741522))

table 2 : explain SELECT c FROM sbtest2 WHERE id BETWEEN 4273479 AND 4273578
	Index Scan using sbtest2_pkey on sbtest2  (cost=0.43..420.93 rows=105 width=121)
	  Index Cond: ((id >= 4273479) AND (id <= 4273578))

table 3 : explain SELECT c FROM sbtest3 WHERE id BETWEEN 6225053 AND 6225152
	Index Scan using sbtest3_pkey on sbtest3  (cost=0.43..392.50 rows=98 width=121)
	  Index Cond: ((id >= 6225053) AND (id <= 6225152))

table 4 : explain SELECT c FROM sbtest4 WHERE id BETWEEN 7579907 AND 7580006
	Index Scan using sbtest4_pkey on sbtest4  (cost=0.43..379.46 rows=95 width=121)
	  Index Cond: ((id >= 7579907) AND (id <= 7580006))

table 5 : explain SELECT c FROM sbtest5 WHERE id BETWEEN 1372116 AND 1372215
	Index Scan using sbtest5_pkey on sbtest5  (cost=0.43..388.35 rows=97 width=121)
	  Index Cond: ((id >= 1372116) AND (id <= 1372215))

table 6 : explain SELECT c FROM sbtest6 WHERE id BETWEEN 4176630 AND 4176729
	Index Scan using sbtest6_pkey on sbtest6  (cost=0.43..391.60 rows=98 width=121)
	  Index Cond: ((id >= 4176630) AND (id <= 4176729))

table 7 : explain SELECT c FROM sbtest7 WHERE id BETWEEN 9271555 AND 9271654
	Index Scan using sbtest7_pkey on sbtest7  (cost=0.43..426.74 rows=107 width=121)
	  Index Cond: ((id >= 9271555) AND (id <= 9271654))

table 8 : explain SELECT c FROM sbtest8 WHERE id BETWEEN 501785 AND 501884
	Index Scan using sbtest8_pkey on sbtest8  (cost=0.43..402.66 rows=101 width=121)
	  Index Cond: ((id >= 501785) AND (id <= 501884))

for: simple_ranges
table 1 : explain SELECT c FROM sbtest1 WHERE id BETWEEN 301682 AND 301781
	Index Scan using sbtest1_pkey on sbtest1  (cost=0.43..400.22 rows=100 width=121)
	  Index Cond: ((id >= 301682) AND (id <= 301781))

table 2 : explain SELECT c FROM sbtest2 WHERE id BETWEEN 1756037 AND 1756136
	Index Scan using sbtest2_pkey on sbtest2  (cost=0.43..397.12 rows=99 width=121)
	  Index Cond: ((id >= 1756037) AND (id <= 1756136))

table 3 : explain SELECT c FROM sbtest3 WHERE id BETWEEN 2076926 AND 2077025
	Index Scan using sbtest3_pkey on sbtest3  (cost=0.43..400.41 rows=100 width=121)
	  Index Cond: ((id >= 2076926) AND (id <= 2077025))

table 4 : explain SELECT c FROM sbtest4 WHERE id BETWEEN 3697773 AND 3697872
	Index Scan using sbtest4_pkey on sbtest4  (cost=0.43..399.19 rows=100 width=121)
	  Index Cond: ((id >= 3697773) AND (id <= 3697872))

table 5 : explain SELECT c FROM sbtest5 WHERE id BETWEEN 7301463 AND 7301562
	Index Scan using sbtest5_pkey on sbtest5  (cost=0.43..412.10 rows=103 width=121)
	  Index Cond: ((id >= 7301463) AND (id <= 7301562))

table 6 : explain SELECT c FROM sbtest6 WHERE id BETWEEN 2061102 AND 2061201
	Index Scan using sbtest6_pkey on sbtest6  (cost=0.43..446.91 rows=112 width=121)
	  Index Cond: ((id >= 2061102) AND (id <= 2061201))

table 7 : explain SELECT c FROM sbtest7 WHERE id BETWEEN 9066956 AND 9067055
	Index Scan using sbtest7_pkey on sbtest7  (cost=0.43..403.07 rows=101 width=121)
	  Index Cond: ((id >= 9066956) AND (id <= 9067055))

table 8 : explain SELECT c FROM sbtest8 WHERE id BETWEEN 4236700 AND 4236799
	Index Scan using sbtest8_pkey on sbtest8  (cost=0.43..382.93 rows=96 width=121)
	  Index Cond: ((id >= 4236700) AND (id <= 4236799))

for point_selects
table 1 : explain SELECT c FROM sbtest1 WHERE id=8730031
	Index Scan using sbtest1_pkey on sbtest1  (cost=0.43..8.45 rows=1 width=121)
	  Index Cond: (id = 8730031)

table 2 : explain SELECT c FROM sbtest2 WHERE id=892124
	Index Scan using sbtest2_pkey on sbtest2  (cost=0.43..8.45 rows=1 width=121)
	  Index Cond: (id = 892124)

table 3 : explain SELECT c FROM sbtest3 WHERE id=6251979
	Index Scan using sbtest3_pkey on sbtest3  (cost=0.43..8.45 rows=1 width=121)
	  Index Cond: (id = 6251979)

table 4 : explain SELECT c FROM sbtest4 WHERE id=7675205
	Index Scan using sbtest4_pkey on sbtest4  (cost=0.43..8.45 rows=1 width=121)
	  Index Cond: (id = 7675205)

table 5 : explain SELECT c FROM sbtest5 WHERE id=6781369
	Index Scan using sbtest5_pkey on sbtest5  (cost=0.43..8.45 rows=1 width=121)
	  Index Cond: (id = 6781369)

table 6 : explain SELECT c FROM sbtest6 WHERE id=9408461
	Index Scan using sbtest6_pkey on sbtest6  (cost=0.43..8.45 rows=1 width=121)
	  Index Cond: (id = 9408461)

table 7 : explain SELECT c FROM sbtest7 WHERE id=4572931
	Index Scan using sbtest7_pkey on sbtest7  (cost=0.43..8.45 rows=1 width=121)
	  Index Cond: (id = 4572931)

table 8 : explain SELECT c FROM sbtest8 WHERE id=196408
	Index Scan using sbtest8_pkey on sbtest8  (cost=0.43..8.45 rows=1 width=121)
	  Index Cond: (id = 196408)

for point_selects
table 1 : explain SELECT c FROM sbtest1 WHERE id=2134699
	Index Scan using sbtest1_pkey on sbtest1  (cost=0.43..8.45 rows=1 width=121)
	  Index Cond: (id = 2134699)

table 2 : explain SELECT c FROM sbtest2 WHERE id=2787182
	Index Scan using sbtest2_pkey on sbtest2  (cost=0.43..8.45 rows=1 width=121)
	  Index Cond: (id = 2787182)

table 3 : explain SELECT c FROM sbtest3 WHERE id=7382036
	Index Scan using sbtest3_pkey on sbtest3  (cost=0.43..8.45 rows=1 width=121)
	  Index Cond: (id = 7382036)

table 4 : explain SELECT c FROM sbtest4 WHERE id=6358860
	Index Scan using sbtest4_pkey on sbtest4  (cost=0.43..8.45 rows=1 width=121)
	  Index Cond: (id = 6358860)

table 5 : explain SELECT c FROM sbtest5 WHERE id=4151305
	Index Scan using sbtest5_pkey on sbtest5  (cost=0.43..8.45 rows=1 width=121)
	  Index Cond: (id = 4151305)

table 6 : explain SELECT c FROM sbtest6 WHERE id=434312
	Index Scan using sbtest6_pkey on sbtest6  (cost=0.43..8.45 rows=1 width=121)
	  Index Cond: (id = 434312)

table 7 : explain SELECT c FROM sbtest7 WHERE id=6212390
	Index Scan using sbtest7_pkey on sbtest7  (cost=0.43..8.45 rows=1 width=121)
	  Index Cond: (id = 6212390)

table 8 : explain SELECT c FROM sbtest8 WHERE id=3449119
	Index Scan using sbtest8_pkey on sbtest8  (cost=0.43..8.45 rows=1 width=121)
	  Index Cond: (id = 3449119)

for: sum_ranges
table 1 : explain SELECT SUM(k) FROM sbtest1 WHERE id BETWEEN 9444256 AND 9444355
	Aggregate  (cost=392.55..392.56 rows=1 width=8)
	  ->  Index Scan using sbtest1_pkey on sbtest1  (cost=0.43..392.31 rows=98 width=4)
	        Index Cond: ((id >= 9444256) AND (id <= 9444355))

table 2 : explain SELECT SUM(k) FROM sbtest2 WHERE id BETWEEN 3779220 AND 3779319
	Aggregate  (cost=433.09..433.10 rows=1 width=8)
	  ->  Index Scan using sbtest2_pkey on sbtest2  (cost=0.43..432.82 rows=108 width=4)
	        Index Cond: ((id >= 3779220) AND (id <= 3779319))

table 3 : explain SELECT SUM(k) FROM sbtest3 WHERE id BETWEEN 6059472 AND 6059571
	Aggregate  (cost=404.62..404.63 rows=1 width=8)
	  ->  Index Scan using sbtest3_pkey on sbtest3  (cost=0.43..404.37 rows=101 width=4)
	        Index Cond: ((id >= 6059472) AND (id <= 6059571))

table 4 : explain SELECT SUM(k) FROM sbtest4 WHERE id BETWEEN 6953634 AND 6953733
	Aggregate  (cost=403.39..403.40 rows=1 width=8)
	  ->  Index Scan using sbtest4_pkey on sbtest4  (cost=0.43..403.14 rows=101 width=4)
	        Index Cond: ((id >= 6953634) AND (id <= 6953733))

table 5 : explain SELECT SUM(k) FROM sbtest5 WHERE id BETWEEN 5991687 AND 5991786
	Aggregate  (cost=400.47..400.48 rows=1 width=8)
	  ->  Index Scan using sbtest5_pkey on sbtest5  (cost=0.43..400.22 rows=100 width=4)
	        Index Cond: ((id >= 5991687) AND (id <= 5991786))

table 6 : explain SELECT SUM(k) FROM sbtest6 WHERE id BETWEEN 4840561 AND 4840660
	Aggregate  (cost=431.38..431.39 rows=1 width=8)
	  ->  Index Scan using sbtest6_pkey on sbtest6  (cost=0.43..431.11 rows=108 width=4)
	        Index Cond: ((id >= 4840561) AND (id <= 4840660))

table 7 : explain SELECT SUM(k) FROM sbtest7 WHERE id BETWEEN 4168225 AND 4168324
	Aggregate  (cost=387.51..387.52 rows=1 width=8)
	  ->  Index Scan using sbtest7_pkey on sbtest7  (cost=0.43..387.27 rows=97 width=4)
	        Index Cond: ((id >= 4168225) AND (id <= 4168324))

table 8 : explain SELECT SUM(k) FROM sbtest8 WHERE id BETWEEN 5489793 AND 5489892
	Aggregate  (cost=398.97..398.98 rows=1 width=8)
	  ->  Index Scan using sbtest8_pkey on sbtest8  (cost=0.43..398.72 rows=100 width=4)
	        Index Cond: ((id >= 5489793) AND (id <= 5489892))

for: order_ranges
table 1 : explain SELECT c FROM sbtest1 WHERE id BETWEEN 5532012 AND 5532111 ORDER BY c
	Sort  (cost=379.56..379.80 rows=94 width=121)
	  Sort Key: c
	  ->  Index Scan using sbtest1_pkey on sbtest1  (cost=0.43..376.48 rows=94 width=121)
	        Index Cond: ((id >= 5532012) AND (id <= 5532111))

table 2 : explain SELECT c FROM sbtest2 WHERE id BETWEEN 2614478 AND 2614577 ORDER BY c
	Sort  (cost=388.38..388.62 rows=96 width=121)
	  Sort Key: c
	  ->  Index Scan using sbtest2_pkey on sbtest2  (cost=0.43..385.22 rows=96 width=121)
	        Index Cond: ((id >= 2614478) AND (id <= 2614577))

table 3 : explain SELECT c FROM sbtest3 WHERE id BETWEEN 9855960 AND 9856059 ORDER BY c
	Sort  (cost=411.75..412.00 rows=102 width=121)
	  Sort Key: c
	  ->  Index Scan using sbtest3_pkey on sbtest3  (cost=0.43..408.35 rows=102 width=121)
	        Index Cond: ((id >= 9855960) AND (id <= 9856059))

table 4 : explain SELECT c FROM sbtest4 WHERE id BETWEEN 7190292 AND 7190391 ORDER BY c
	Sort  (cost=390.55..390.79 rows=97 width=121)
	  Sort Key: c
	  ->  Index Scan using sbtest4_pkey on sbtest4  (cost=0.43..387.35 rows=97 width=121)
	        Index Cond: ((id >= 7190292) AND (id <= 7190391))

table 5 : explain SELECT c FROM sbtest5 WHERE id BETWEEN 3251938 AND 3252037 ORDER BY c
	Sort  (cost=431.54..431.81 rows=107 width=121)
	  Sort Key: c
	  ->  Index Scan using sbtest5_pkey on sbtest5  (cost=0.43..427.93 rows=107 width=121)
	        Index Cond: ((id >= 3251938) AND (id <= 3252037))

table 6 : explain SELECT c FROM sbtest6 WHERE id BETWEEN 9515366 AND 9515465 ORDER BY c
	Sort  (cost=382.87..383.11 rows=95 width=121)
	  Sort Key: c
	  ->  Index Scan using sbtest6_pkey on sbtest6  (cost=0.43..379.75 rows=95 width=121)
	        Index Cond: ((id >= 9515366) AND (id <= 9515465))

table 7 : explain SELECT c FROM sbtest7 WHERE id BETWEEN 2194332 AND 2194431 ORDER BY c
	Sort  (cost=430.35..430.62 rows=107 width=121)
	  Sort Key: c
	  ->  Index Scan using sbtest7_pkey on sbtest7  (cost=0.43..426.74 rows=107 width=121)
	        Index Cond: ((id >= 2194332) AND (id <= 2194431))

table 8 : explain SELECT c FROM sbtest8 WHERE id BETWEEN 6140691 AND 6140790 ORDER BY c
	Sort  (cost=421.95..422.22 rows=105 width=121)
	  Sort Key: c
	  ->  Index Scan using sbtest8_pkey on sbtest8  (cost=0.43..418.43 rows=105 width=121)
	        Index Cond: ((id >= 6140691) AND (id <= 6140790))

for: simple_ranges
table 1 : explain SELECT c FROM sbtest1 WHERE id BETWEEN 8878210 AND 8878309
	Index Scan using sbtest1_pkey on sbtest1  (cost=0.43..396.27 rows=99 width=121)
	  Index Cond: ((id >= 8878210) AND (id <= 8878309))

table 2 : explain SELECT c FROM sbtest2 WHERE id BETWEEN 3845986 AND 3846085
	Index Scan using sbtest2_pkey on sbtest2  (cost=0.43..401.08 rows=100 width=121)
	  Index Cond: ((id >= 3845986) AND (id <= 3846085))

table 3 : explain SELECT c FROM sbtest3 WHERE id BETWEEN 2601951 AND 2602050
	Index Scan using sbtest3_pkey on sbtest3  (cost=0.43..412.31 rows=103 width=121)
	  Index Cond: ((id >= 2601951) AND (id <= 2602050))

table 4 : explain SELECT c FROM sbtest4 WHERE id BETWEEN 590751 AND 590850
	Index Scan using sbtest4_pkey on sbtest4  (cost=0.43..426.83 rows=107 width=121)
	  Index Cond: ((id >= 590751) AND (id <= 590850))

table 5 : explain SELECT c FROM sbtest5 WHERE id BETWEEN 2015877 AND 2015976
	Index Scan using sbtest5_pkey on sbtest5  (cost=0.43..420.02 rows=105 width=121)
	  Index Cond: ((id >= 2015877) AND (id <= 2015976))

table 6 : explain SELECT c FROM sbtest6 WHERE id BETWEEN 1590214 AND 1590313
	Index Scan using sbtest6_pkey on sbtest6  (cost=0.43..391.60 rows=98 width=121)
	  Index Cond: ((id >= 1590214) AND (id <= 1590313))

table 7 : explain SELECT c FROM sbtest7 WHERE id BETWEEN 612240 AND 612339
	Index Scan using sbtest7_pkey on sbtest7  (cost=0.43..367.54 rows=92 width=121)
	  Index Cond: ((id >= 612240) AND (id <= 612339))

table 8 : explain SELECT c FROM sbtest8 WHERE id BETWEEN 3688656 AND 3688755
	Index Scan using sbtest8_pkey on sbtest8  (cost=0.43..434.19 rows=109 width=121)
	  Index Cond: ((id >= 3688656) AND (id <= 3688755))

for: sum_ranges
table 1 : explain SELECT SUM(k) FROM sbtest1 WHERE id BETWEEN 7300343 AND 7300442
	Aggregate  (cost=408.41..408.42 rows=1 width=8)
	  ->  Index Scan using sbtest1_pkey on sbtest1  (cost=0.43..408.15 rows=102 width=4)
	        Index Cond: ((id >= 7300343) AND (id <= 7300442))

table 2 : explain SELECT SUM(k) FROM sbtest2 WHERE id BETWEEN 2784952 AND 2785051
	Aggregate  (cost=437.06..437.07 rows=1 width=8)
	  ->  Index Scan using sbtest2_pkey on sbtest2  (cost=0.43..436.79 rows=109 width=4)
	        Index Cond: ((id >= 2784952) AND (id <= 2785051))

table 3 : explain SELECT SUM(k) FROM sbtest3 WHERE id BETWEEN 7266975 AND 7267074
	Aggregate  (cost=416.52..416.53 rows=1 width=8)
	  ->  Index Scan using sbtest3_pkey on sbtest3  (cost=0.43..416.26 rows=104 width=4)
	        Index Cond: ((id >= 7266975) AND (id <= 7267074))

table 4 : explain SELECT SUM(k) FROM sbtest4 WHERE id BETWEEN 1606568 AND 1606667
	Aggregate  (cost=419.20..419.21 rows=1 width=8)
	  ->  Index Scan using sbtest4_pkey on sbtest4  (cost=0.43..418.94 rows=105 width=4)
	        Index Cond: ((id >= 1606568) AND (id <= 1606667))

table 5 : explain SELECT SUM(k) FROM sbtest5 WHERE id BETWEEN 2728002 AND 2728101
	Aggregate  (cost=412.36..412.37 rows=1 width=8)
	  ->  Index Scan using sbtest5_pkey on sbtest5  (cost=0.43..412.10 rows=103 width=4)
	        Index Cond: ((id >= 2728002) AND (id <= 2728101))

table 6 : explain SELECT SUM(k) FROM sbtest6 WHERE id BETWEEN 4766354 AND 4766453
	Aggregate  (cost=368.13..368.14 rows=1 width=8)
	  ->  Index Scan using sbtest6_pkey on sbtest6  (cost=0.43..367.90 rows=92 width=4)
	        Index Cond: ((id >= 4766354) AND (id <= 4766453))

table 7 : explain SELECT SUM(k) FROM sbtest7 WHERE id BETWEEN 5314882 AND 5314981
	Aggregate  (cost=371.72..371.73 rows=1 width=8)
	  ->  Index Scan using sbtest7_pkey on sbtest7  (cost=0.43..371.49 rows=93 width=4)
	        Index Cond: ((id >= 5314882) AND (id <= 5314981))

table 8 : explain SELECT SUM(k) FROM sbtest8 WHERE id BETWEEN 6760425 AND 6760524
	Aggregate  (cost=406.86..406.87 rows=1 width=8)
	  ->  Index Scan using sbtest8_pkey on sbtest8  (cost=0.43..406.60 rows=102 width=4)
	        Index Cond: ((id >= 6760425) AND (id <= 6760524))

for: sum_ranges
table 1 : explain SELECT SUM(k) FROM sbtest1 WHERE id BETWEEN 3201271 AND 3201370
	Aggregate  (cost=408.39..408.40 rows=1 width=8)
	  ->  Index Scan using sbtest1_pkey on sbtest1  (cost=0.43..408.14 rows=102 width=4)
	        Index Cond: ((id >= 3201271) AND (id <= 3201370))

table 2 : explain SELECT SUM(k) FROM sbtest2 WHERE id BETWEEN 3878306 AND 3878405
	Aggregate  (cost=401.33..401.34 rows=1 width=8)
	  ->  Index Scan using sbtest2_pkey on sbtest2  (cost=0.43..401.08 rows=100 width=4)
	        Index Cond: ((id >= 3878306) AND (id <= 3878405))

table 3 : explain SELECT SUM(k) FROM sbtest3 WHERE id BETWEEN 6696214 AND 6696313
	Aggregate  (cost=388.78..388.79 rows=1 width=8)
	  ->  Index Scan using sbtest3_pkey on sbtest3  (cost=0.43..388.54 rows=97 width=4)
	        Index Cond: ((id >= 6696214) AND (id <= 6696313))

table 4 : explain SELECT SUM(k) FROM sbtest4 WHERE id BETWEEN 8800287 AND 8800386
	Aggregate  (cost=391.54..391.55 rows=1 width=8)
	  ->  Index Scan using sbtest4_pkey on sbtest4  (cost=0.43..391.30 rows=98 width=4)
	        Index Cond: ((id >= 8800287) AND (id <= 8800386))

table 5 : explain SELECT SUM(k) FROM sbtest5 WHERE id BETWEEN 8316044 AND 8316143
	Aggregate  (cost=372.75..372.76 rows=1 width=8)
	  ->  Index Scan using sbtest5_pkey on sbtest5  (cost=0.43..372.52 rows=93 width=4)
	        Index Cond: ((id >= 8316044) AND (id <= 8316143))

table 6 : explain SELECT SUM(k) FROM sbtest6 WHERE id BETWEEN 6857009 AND 6857108
	Aggregate  (cost=431.38..431.39 rows=1 width=8)
	  ->  Index Scan using sbtest6_pkey on sbtest6  (cost=0.43..431.11 rows=108 width=4)
	        Index Cond: ((id >= 6857009) AND (id <= 6857108))

table 7 : explain SELECT SUM(k) FROM sbtest7 WHERE id BETWEEN 831392 AND 831491
	Aggregate  (cost=395.41..395.42 rows=1 width=8)
	  ->  Index Scan using sbtest7_pkey on sbtest7  (cost=0.43..395.16 rows=99 width=4)
	        Index Cond: ((id >= 831392) AND (id <= 831491))

table 8 : explain SELECT SUM(k) FROM sbtest8 WHERE id BETWEEN 9754800 AND 9754899
	Aggregate  (cost=367.40..367.41 rows=1 width=8)
	  ->  Index Scan using sbtest8_pkey on sbtest8  (cost=0.43..367.17 rows=92 width=4)
	        Index Cond: ((id >= 9754800) AND (id <= 9754899))

for: simple_ranges
table 1 : explain SELECT c FROM sbtest1 WHERE id BETWEEN 1974243 AND 1974342
	Index Scan using sbtest1_pkey on sbtest1  (cost=0.43..412.11 rows=103 width=121)
	  Index Cond: ((id >= 1974243) AND (id <= 1974342))

table 2 : explain SELECT c FROM sbtest2 WHERE id BETWEEN 2917145 AND 2917244
	Index Scan using sbtest2_pkey on sbtest2  (cost=0.43..409.03 rows=102 width=121)
	  Index Cond: ((id >= 2917145) AND (id <= 2917244))

table 3 : explain SELECT c FROM sbtest3 WHERE id BETWEEN 7474114 AND 7474213
	Index Scan using sbtest3_pkey on sbtest3  (cost=0.43..396.45 rows=99 width=121)
	  Index Cond: ((id >= 7474114) AND (id <= 7474213))

table 4 : explain SELECT c FROM sbtest4 WHERE id BETWEEN 4207854 AND 4207953
	Index Scan using sbtest4_pkey on sbtest4  (cost=0.43..379.46 rows=95 width=121)
	  Index Cond: ((id >= 4207854) AND (id <= 4207953))

table 5 : explain SELECT c FROM sbtest5 WHERE id BETWEEN 8562384 AND 8562483
	Index Scan using sbtest5_pkey on sbtest5  (cost=0.43..404.17 rows=101 width=121)
	  Index Cond: ((id >= 8562384) AND (id <= 8562483))

table 6 : explain SELECT c FROM sbtest6 WHERE id BETWEEN 1021991 AND 1022090
	Index Scan using sbtest6_pkey on sbtest6  (cost=0.43..427.16 rows=107 width=121)
	  Index Cond: ((id >= 1021991) AND (id <= 1022090))

table 7 : explain SELECT c FROM sbtest7 WHERE id BETWEEN 487582 AND 487681
	Index Scan using sbtest7_pkey on sbtest7  (cost=0.43..403.07 rows=101 width=121)
	  Index Cond: ((id >= 487582) AND (id <= 487681))

table 8 : explain SELECT c FROM sbtest8 WHERE id BETWEEN 8605014 AND 8605113
	Index Scan using sbtest8_pkey on sbtest8  (cost=0.43..426.31 rows=107 width=121)
	  Index Cond: ((id >= 8605014) AND (id <= 8605113))

for: order_ranges
table 1 : explain SELECT c FROM sbtest1 WHERE id BETWEEN 7014768 AND 7014867 ORDER BY c
	Sort  (cost=415.55..415.81 rows=103 width=121)
	  Sort Key: c
	  ->  Index Scan using sbtest1_pkey on sbtest1  (cost=0.43..412.11 rows=103 width=121)
	        Index Cond: ((id >= 7014768) AND (id <= 7014867))

table 2 : explain SELECT c FROM sbtest2 WHERE id BETWEEN 4878306 AND 4878405 ORDER BY c
	Sort  (cost=416.44..416.70 rows=103 width=121)
	  Sort Key: c
	  ->  Index Scan using sbtest2_pkey on sbtest2  (cost=0.43..413.00 rows=103 width=121)
	        Index Cond: ((id >= 4878306) AND (id <= 4878405))

table 3 : explain SELECT c FROM sbtest3 WHERE id BETWEEN 4358679 AND 4358778 ORDER BY c
	Sort  (cost=415.75..416.01 rows=103 width=121)
	  Sort Key: c
	  ->  Index Scan using sbtest3_pkey on sbtest3  (cost=0.43..412.31 rows=103 width=121)
	        Index Cond: ((id >= 4358679) AND (id <= 4358778))

table 4 : explain SELECT c FROM sbtest4 WHERE id BETWEEN 1258856 AND 1258955 ORDER BY c
	Sort  (cost=414.49..414.75 rows=103 width=121)
	  Sort Key: c
	  ->  Index Scan using sbtest4_pkey on sbtest4  (cost=0.43..411.05 rows=103 width=121)
	        Index Cond: ((id >= 1258856) AND (id <= 1258955))

table 5 : explain SELECT c FROM sbtest5 WHERE id BETWEEN 8614766 AND 8614865 ORDER BY c
	Sort  (cost=411.55..411.80 rows=102 width=121)
	  Sort Key: c
	  ->  Index Scan using sbtest5_pkey on sbtest5  (cost=0.43..408.15 rows=102 width=121)
	        Index Cond: ((id >= 8614766) AND (id <= 8614865))

table 6 : explain SELECT c FROM sbtest6 WHERE id BETWEEN 7029167 AND 7029266 ORDER BY c
	Sort  (cost=410.82..411.07 rows=102 width=121)
	  Sort Key: c
	  ->  Index Scan using sbtest6_pkey on sbtest6  (cost=0.43..407.41 rows=102 width=121)
	        Index Cond: ((id >= 7029167) AND (id <= 7029266))

table 7 : explain SELECT c FROM sbtest7 WHERE id BETWEEN 3057468 AND 3057567 ORDER BY c
	Sort  (cost=386.48..386.72 rows=96 width=121)
	  Sort Key: c
	  ->  Index Scan using sbtest7_pkey on sbtest7  (cost=0.43..383.32 rows=96 width=121)
	        Index Cond: ((id >= 3057468) AND (id <= 3057567))

table 8 : explain SELECT c FROM sbtest8 WHERE id BETWEEN 9547860 AND 9547959 ORDER BY c
	Sort  (cost=406.02..406.28 rows=101 width=121)
	  Sort Key: c
	  ->  Index Scan using sbtest8_pkey on sbtest8  (cost=0.43..402.66 rows=101 width=121)
	        Index Cond: ((id >= 9547860) AND (id <= 9547959))

for: order_ranges
table 1 : explain SELECT c FROM sbtest1 WHERE id BETWEEN 1694367 AND 1694466 ORDER BY c
	Sort  (cost=447.54..447.81 rows=111 width=121)
	  Sort Key: c
	  ->  Index Scan using sbtest1_pkey on sbtest1  (cost=0.43..443.77 rows=111 width=121)
	        Index Cond: ((id >= 1694367) AND (id <= 1694466))

table 2 : explain SELECT c FROM sbtest2 WHERE id BETWEEN 6499960 AND 6500059 ORDER BY c
	Sort  (cost=392.39..392.63 rows=97 width=121)
	  Sort Key: c
	  ->  Index Scan using sbtest2_pkey on sbtest2  (cost=0.43..389.19 rows=97 width=121)
	        Index Cond: ((id >= 6499960) AND (id <= 6500059))

table 3 : explain SELECT c FROM sbtest3 WHERE id BETWEEN 914951 AND 915050 ORDER BY c
	Sort  (cost=431.75..432.01 rows=107 width=121)
	  Sort Key: c
	  ->  Index Scan using sbtest3_pkey on sbtest3  (cost=0.43..428.14 rows=107 width=121)
	        Index Cond: ((id >= 914951) AND (id <= 915050))

table 4 : explain SELECT c FROM sbtest4 WHERE id BETWEEN 4613557 AND 4613656 ORDER BY c
	Sort  (cost=382.58..382.82 rows=95 width=121)
	  Sort Key: c
	  ->  Index Scan using sbtest4_pkey on sbtest4  (cost=0.43..379.46 rows=95 width=121)
	        Index Cond: ((id >= 4613557) AND (id <= 4613656))

table 5 : explain SELECT c FROM sbtest5 WHERE id BETWEEN 4985853 AND 4985952 ORDER BY c
	Sort  (cost=363.57..363.79 rows=90 width=121)
	  Sort Key: c
	  ->  Index Scan using sbtest5_pkey on sbtest5  (cost=0.43..360.65 rows=90 width=121)
	        Index Cond: ((id >= 4985853) AND (id <= 4985952))

table 6 : explain SELECT c FROM sbtest6 WHERE id BETWEEN 6179210 AND 6179309 ORDER BY c
	Sort  (cost=410.82..411.07 rows=102 width=121)
	  Sort Key: c
	  ->  Index Scan using sbtest6_pkey on sbtest6  (cost=0.43..407.41 rows=102 width=121)
	        Index Cond: ((id >= 6179210) AND (id <= 6179309))

table 7 : explain SELECT c FROM sbtest7 WHERE id BETWEEN 5306209 AND 5306308 ORDER BY c
	Sort  (cost=374.53..374.76 rows=93 width=121)
	  Sort Key: c
	  ->  Index Scan using sbtest7_pkey on sbtest7  (cost=0.43..371.49 rows=93 width=121)
	        Index Cond: ((id >= 5306209) AND (id <= 5306308))

table 8 : explain SELECT c FROM sbtest8 WHERE id BETWEEN 205082 AND 205181 ORDER BY c
	Sort  (cost=402.04..402.29 rows=100 width=121)
	  Sort Key: c
	  ->  Index Scan using sbtest8_pkey on sbtest8  (cost=0.43..398.72 rows=100 width=121)
	        Index Cond: ((id >= 205082) AND (id <= 205181))

for: simple_ranges
table 1 : explain SELECT c FROM sbtest1 WHERE id BETWEEN 3725641 AND 3725740
	Index Scan using sbtest1_pkey on sbtest1  (cost=0.43..360.65 rows=90 width=121)
	  Index Cond: ((id >= 3725641) AND (id <= 3725740))

table 2 : explain SELECT c FROM sbtest2 WHERE id BETWEEN 3729884 AND 3729983
	Index Scan using sbtest2_pkey on sbtest2  (cost=0.43..432.82 rows=108 width=121)
	  Index Cond: ((id >= 3729884) AND (id <= 3729983))

table 3 : explain SELECT c FROM sbtest3 WHERE id BETWEEN 7184590 AND 7184689
	Index Scan using sbtest3_pkey on sbtest3  (cost=0.43..432.10 rows=108 width=121)
	  Index Cond: ((id >= 7184590) AND (id <= 7184689))

table 4 : explain SELECT c FROM sbtest4 WHERE id BETWEEN 1700594 AND 1700693
	Index Scan using sbtest4_pkey on sbtest4  (cost=0.43..414.99 rows=104 width=121)
	  Index Cond: ((id >= 1700594) AND (id <= 1700693))

table 5 : explain SELECT c FROM sbtest5 WHERE id BETWEEN 8022079 AND 8022178
	Index Scan using sbtest5_pkey on sbtest5  (cost=0.43..388.35 rows=97 width=121)
	  Index Cond: ((id >= 8022079) AND (id <= 8022178))

table 6 : explain SELECT c FROM sbtest6 WHERE id BETWEEN 8506605 AND 8506704
	Index Scan using sbtest6_pkey on sbtest6  (cost=0.43..403.46 rows=101 width=121)
	  Index Cond: ((id >= 8506605) AND (id <= 8506704))

table 7 : explain SELECT c FROM sbtest7 WHERE id BETWEEN 1833460 AND 1833559
	Index Scan using sbtest7_pkey on sbtest7  (cost=0.43..387.27 rows=97 width=121)
	  Index Cond: ((id >= 1833460) AND (id <= 1833559))

table 8 : explain SELECT c FROM sbtest8 WHERE id BETWEEN 6676712 AND 6676811
	Index Scan using sbtest8_pkey on sbtest8  (cost=0.43..406.60 rows=102 width=121)
	  Index Cond: ((id >= 6676712) AND (id <= 6676811))

for: order_ranges
table 1 : explain SELECT c FROM sbtest1 WHERE id BETWEEN 8019455 AND 8019554 ORDER BY c
	Sort  (cost=399.55..399.80 rows=99 width=121)
	  Sort Key: c
	  ->  Index Scan using sbtest1_pkey on sbtest1  (cost=0.43..396.27 rows=99 width=121)
	        Index Cond: ((id >= 8019455) AND (id <= 8019554))

table 2 : explain SELECT c FROM sbtest2 WHERE id BETWEEN 9844742 AND 9844841 ORDER BY c
	Sort  (cost=412.42..412.67 rows=102 width=121)
	  Sort Key: c
	  ->  Index Scan using sbtest2_pkey on sbtest2  (cost=0.43..409.02 rows=102 width=121)
	        Index Cond: ((id >= 9844742) AND (id <= 9844841))

table 3 : explain SELECT c FROM sbtest3 WHERE id BETWEEN 8231383 AND 8231482 ORDER BY c
	Sort  (cost=459.75..460.03 rows=114 width=121)
	  Sort Key: c
	  ->  Index Scan using sbtest3_pkey on sbtest3  (cost=0.43..455.85 rows=114 width=121)
	        Index Cond: ((id >= 8231383) AND (id <= 8231482))

table 4 : explain SELECT c FROM sbtest4 WHERE id BETWEEN 5041471 AND 5041570 ORDER BY c
	Sort  (cost=434.43..434.70 rows=108 width=121)
	  Sort Key: c
	  ->  Index Scan using sbtest4_pkey on sbtest4  (cost=0.43..430.78 rows=108 width=121)
	        Index Cond: ((id >= 5041471) AND (id <= 5041570))

table 5 : explain SELECT c FROM sbtest5 WHERE id BETWEEN 5595562 AND 5595661 ORDER BY c
	Sort  (cost=451.53..451.81 rows=112 width=121)
	  Sort Key: c
	  ->  Index Scan using sbtest5_pkey on sbtest5  (cost=0.43..447.72 rows=112 width=121)
	        Index Cond: ((id >= 5595562) AND (id <= 5595661))

table 6 : explain SELECT c FROM sbtest6 WHERE id BETWEEN 2933509 AND 2933608 ORDER BY c
	Sort  (cost=382.87..383.11 rows=95 width=121)
	  Sort Key: c
	  ->  Index Scan using sbtest6_pkey on sbtest6  (cost=0.43..379.75 rows=95 width=121)
	        Index Cond: ((id >= 2933509) AND (id <= 2933608))

table 7 : explain SELECT c FROM sbtest7 WHERE id BETWEEN 5213498 AND 5213597 ORDER BY c
	Sort  (cost=406.43..406.68 rows=101 width=121)
	  Sort Key: c
	  ->  Index Scan using sbtest7_pkey on sbtest7  (cost=0.43..403.07 rows=101 width=121)
	        Index Cond: ((id >= 5213498) AND (id <= 5213597))

table 8 : explain SELECT c FROM sbtest8 WHERE id BETWEEN 2887171 AND 2887270 ORDER BY c
	Sort  (cost=398.06..398.31 rows=99 width=121)
	  Sort Key: c
	  ->  Index Scan using sbtest8_pkey on sbtest8  (cost=0.43..394.78 rows=99 width=121)
	        Index Cond: ((id >= 2887171) AND (id <= 2887270))

explain: for point_selects :: explain SELECT c FROM sbtest%u WHERE id=%u
for: simple_ranges
table 1 : explain SELECT c FROM sbtest1 WHERE id BETWEEN 3223591 AND 3223690
	Index Scan using sbtest1_pkey on sbtest1  (cost=0.43..416.07 rows=104 width=121)
	  Index Cond: ((id >= 3223591) AND (id <= 3223690))

table 2 : explain SELECT c FROM sbtest2 WHERE id BETWEEN 8485736 AND 8485835
	Index Scan using sbtest2_pkey on sbtest2  (cost=0.43..389.19 rows=97 width=121)
	  Index Cond: ((id >= 8485736) AND (id <= 8485835))

table 3 : explain SELECT c FROM sbtest3 WHERE id BETWEEN 8838406 AND 8838505
	Index Scan using sbtest3_pkey on sbtest3  (cost=0.43..400.41 rows=100 width=121)
	  Index Cond: ((id >= 8838406) AND (id <= 8838505))

table 4 : explain SELECT c FROM sbtest4 WHERE id BETWEEN 3003431 AND 3003530
	Index Scan using sbtest4_pkey on sbtest4  (cost=0.43..418.94 rows=105 width=121)
	  Index Cond: ((id >= 3003431) AND (id <= 3003530))

table 5 : explain SELECT c FROM sbtest5 WHERE id BETWEEN 3145112 AND 3145211
	Index Scan using sbtest5_pkey on sbtest5  (cost=0.43..408.15 rows=102 width=121)
	  Index Cond: ((id >= 3145112) AND (id <= 3145211))

table 6 : explain SELECT c FROM sbtest6 WHERE id BETWEEN 2909997 AND 2910096
	Index Scan using sbtest6_pkey on sbtest6  (cost=0.43..379.75 rows=95 width=121)
	  Index Cond: ((id >= 2909997) AND (id <= 2910096))

table 7 : explain SELECT c FROM sbtest7 WHERE id BETWEEN 9312853 AND 9312952
	Index Scan using sbtest7_pkey on sbtest7  (cost=0.43..407.02 rows=102 width=121)
	  Index Cond: ((id >= 9312853) AND (id <= 9312952))

table 8 : explain SELECT c FROM sbtest8 WHERE id BETWEEN 7089863 AND 7089962
	Index Scan using sbtest8_pkey on sbtest8  (cost=0.43..410.54 rows=103 width=121)
	  Index Cond: ((id >= 7089863) AND (id <= 7089962))

for: order_ranges
table 1 : explain SELECT c FROM sbtest1 WHERE id BETWEEN 9460324 AND 9460423 ORDER BY c
	Sort  (cost=395.55..395.80 rows=98 width=121)
	  Sort Key: c
	  ->  Index Scan using sbtest1_pkey on sbtest1  (cost=0.43..392.31 rows=98 width=121)
	        Index Cond: ((id >= 9460324) AND (id <= 9460423))

table 2 : explain SELECT c FROM sbtest2 WHERE id BETWEEN 674625 AND 674724 ORDER BY c
	Sort  (cost=392.39..392.63 rows=97 width=121)
	  Sort Key: c
	  ->  Index Scan using sbtest2_pkey on sbtest2  (cost=0.43..389.19 rows=97 width=121)
	        Index Cond: ((id >= 674625) AND (id <= 674724))

table 3 : explain SELECT c FROM sbtest3 WHERE id BETWEEN 6459713 AND 6459812 ORDER BY c
	Sort  (cost=359.75..359.97 rows=89 width=121)
	  Sort Key: c
	  ->  Index Scan using sbtest3_pkey on sbtest3  (cost=0.43..356.87 rows=89 width=121)
	        Index Cond: ((id >= 6459713) AND (id <= 6459812))

table 4 : explain SELECT c FROM sbtest4 WHERE id BETWEEN 4085099 AND 4085198 ORDER BY c
	Sort  (cost=426.45..426.72 rows=106 width=121)
	  Sort Key: c
	  ->  Index Scan using sbtest4_pkey on sbtest4  (cost=0.43..422.89 rows=106 width=121)
	        Index Cond: ((id >= 4085099) AND (id <= 4085198))

table 5 : explain SELECT c FROM sbtest5 WHERE id BETWEEN 7329094 AND 7329193 ORDER BY c
	Sort  (cost=415.55..415.80 rows=103 width=121)
	  Sort Key: c
	  ->  Index Scan using sbtest5_pkey on sbtest5  (cost=0.43..412.10 rows=103 width=121)
	        Index Cond: ((id >= 7329094) AND (id <= 7329193))

table 6 : explain SELECT c FROM sbtest6 WHERE id BETWEEN 1219293 AND 1219392 ORDER BY c
	Sort  (cost=382.87..383.11 rows=95 width=121)
	  Sort Key: c
	  ->  Index Scan using sbtest6_pkey on sbtest6  (cost=0.43..379.75 rows=95 width=121)
	        Index Cond: ((id >= 1219293) AND (id <= 1219392))

table 7 : explain SELECT c FROM sbtest7 WHERE id BETWEEN 8547209 AND 8547308 ORDER BY c
	Sort  (cost=430.35..430.62 rows=107 width=121)
	  Sort Key: c
	  ->  Index Scan using sbtest7_pkey on sbtest7  (cost=0.43..426.74 rows=107 width=121)
	        Index Cond: ((id >= 8547209) AND (id <= 8547308))

table 8 : explain SELECT c FROM sbtest8 WHERE id BETWEEN 3402235 AND 3402334 ORDER BY c
	Sort  (cost=398.06..398.31 rows=99 width=121)
	  Sort Key: c
	  ->  Index Scan using sbtest8_pkey on sbtest8  (cost=0.43..394.78 rows=99 width=121)
	        Index Cond: ((id >= 3402235) AND (id <= 3402334))

for: simple_ranges
table 1 : explain SELECT c FROM sbtest1 WHERE id BETWEEN 6837357 AND 6837456
	Index Scan using sbtest1_pkey on sbtest1  (cost=0.43..380.44 rows=95 width=121)
	  Index Cond: ((id >= 6837357) AND (id <= 6837456))

table 2 : explain SELECT c FROM sbtest2 WHERE id BETWEEN 4660661 AND 4660760
	Index Scan using sbtest2_pkey on sbtest2  (cost=0.43..405.05 rows=101 width=121)
	  Index Cond: ((id >= 4660661) AND (id <= 4660760))

table 3 : explain SELECT c FROM sbtest3 WHERE id BETWEEN 3732282 AND 3732381
	Index Scan using sbtest3_pkey on sbtest3  (cost=0.43..388.54 rows=97 width=121)
	  Index Cond: ((id >= 3732282) AND (id <= 3732381))

table 4 : explain SELECT c FROM sbtest4 WHERE id BETWEEN 4980518 AND 4980617
	Index Scan using sbtest4_pkey on sbtest4  (cost=0.43..430.78 rows=108 width=121)
	  Index Cond: ((id >= 4980518) AND (id <= 4980617))

table 5 : explain SELECT c FROM sbtest5 WHERE id BETWEEN 1865561 AND 1865660
	Index Scan using sbtest5_pkey on sbtest5  (cost=0.43..360.65 rows=90 width=121)
	  Index Cond: ((id >= 1865561) AND (id <= 1865660))

table 6 : explain SELECT c FROM sbtest6 WHERE id BETWEEN 8494367 AND 8494466
	Index Scan using sbtest6_pkey on sbtest6  (cost=0.43..403.46 rows=101 width=121)
	  Index Cond: ((id >= 8494367) AND (id <= 8494466))

table 7 : explain SELECT c FROM sbtest7 WHERE id BETWEEN 482846 AND 482945
	Index Scan using sbtest7_pkey on sbtest7  (cost=0.43..403.07 rows=101 width=121)
	  Index Cond: ((id >= 482846) AND (id <= 482945))

table 8 : explain SELECT c FROM sbtest8 WHERE id BETWEEN 8643200 AND 8643299
	Index Scan using sbtest8_pkey on sbtest8  (cost=0.43..426.31 rows=107 width=121)
	  Index Cond: ((id >= 8643200) AND (id <= 8643299))

for: sum_ranges
table 1 : explain SELECT SUM(k) FROM sbtest1 WHERE id BETWEEN 7221328 AND 7221427
	Aggregate  (cost=448.00..448.01 rows=1 width=8)
	  ->  Index Scan using sbtest1_pkey on sbtest1  (cost=0.43..447.72 rows=112 width=4)
	        Index Cond: ((id >= 7221328) AND (id <= 7221427))

table 2 : explain SELECT SUM(k) FROM sbtest2 WHERE id BETWEEN 658900 AND 658999
	Aggregate  (cost=389.43..389.44 rows=1 width=8)
	  ->  Index Scan using sbtest2_pkey on sbtest2  (cost=0.43..389.19 rows=97 width=4)
	        Index Cond: ((id >= 658900) AND (id <= 658999))

table 3 : explain SELECT SUM(k) FROM sbtest3 WHERE id BETWEEN 8125963 AND 8126062
	Aggregate  (cost=365.01..365.02 rows=1 width=8)
	  ->  Index Scan using sbtest3_pkey on sbtest3  (cost=0.43..364.78 rows=91 width=4)
	        Index Cond: ((id >= 8125963) AND (id <= 8126062))

table 4 : explain SELECT SUM(k) FROM sbtest4 WHERE id BETWEEN 7307960 AND 7308059
	Aggregate  (cost=423.15..423.16 rows=1 width=8)
	  ->  Index Scan using sbtest4_pkey on sbtest4  (cost=0.43..422.89 rows=106 width=4)
	        Index Cond: ((id >= 7307960) AND (id <= 7308059))

table 5 : explain SELECT SUM(k) FROM sbtest5 WHERE id BETWEEN 9386570 AND 9386669
	Aggregate  (cost=420.28..420.29 rows=1 width=8)
	  ->  Index Scan using sbtest5_pkey on sbtest5  (cost=0.43..420.02 rows=105 width=4)
	        Index Cond: ((id >= 9386570) AND (id <= 9386669))

table 6 : explain SELECT SUM(k) FROM sbtest6 WHERE id BETWEEN 3335737 AND 3335836
	Aggregate  (cost=423.48..423.49 rows=1 width=8)
	  ->  Index Scan using sbtest6_pkey on sbtest6  (cost=0.43..423.21 rows=106 width=4)
	        Index Cond: ((id >= 3335737) AND (id <= 3335836))

table 7 : explain SELECT SUM(k) FROM sbtest7 WHERE id BETWEEN 1820777 AND 1820876
	Aggregate  (cost=387.51..387.52 rows=1 width=8)
	  ->  Index Scan using sbtest7_pkey on sbtest7  (cost=0.43..387.27 rows=97 width=4)
	        Index Cond: ((id >= 1820777) AND (id <= 1820876))

table 8 : explain SELECT SUM(k) FROM sbtest8 WHERE id BETWEEN 5988417 AND 5988516
	Aggregate  (cost=367.40..367.41 rows=1 width=8)
	  ->  Index Scan using sbtest8_pkey on sbtest8  (cost=0.43..367.17 rows=92 width=4)
	        Index Cond: ((id >= 5988417) AND (id <= 5988516))

for: sum_ranges
table 1 : explain SELECT SUM(k) FROM sbtest1 WHERE id BETWEEN 2543443 AND 2543542
	Aggregate  (cost=380.68..380.69 rows=1 width=8)
	  ->  Index Scan using sbtest1_pkey on sbtest1  (cost=0.43..380.44 rows=95 width=4)
	        Index Cond: ((id >= 2543443) AND (id <= 2543542))

table 2 : explain SELECT SUM(k) FROM sbtest2 WHERE id BETWEEN 3252404 AND 3252503
	Aggregate  (cost=385.46..385.47 rows=1 width=8)
	  ->  Index Scan using sbtest2_pkey on sbtest2  (cost=0.43..385.22 rows=96 width=4)
	        Index Cond: ((id >= 3252404) AND (id <= 3252503))

table 3 : explain SELECT SUM(k) FROM sbtest3 WHERE id BETWEEN 5676943 AND 5677042
	Aggregate  (cost=420.49..420.50 rows=1 width=8)
	  ->  Index Scan using sbtest3_pkey on sbtest3  (cost=0.43..420.22 rows=105 width=4)
	        Index Cond: ((id >= 5676943) AND (id <= 5677042))

table 4 : explain SELECT SUM(k) FROM sbtest4 WHERE id BETWEEN 7047964 AND 7048063
	Aggregate  (cost=391.54..391.55 rows=1 width=8)
	  ->  Index Scan using sbtest4_pkey on sbtest4  (cost=0.43..391.30 rows=98 width=4)
	        Index Cond: ((id >= 7047964) AND (id <= 7048063))

table 5 : explain SELECT SUM(k) FROM sbtest5 WHERE id BETWEEN 1084318 AND 1084417
	Aggregate  (cost=408.40..408.41 rows=1 width=8)
	  ->  Index Scan using sbtest5_pkey on sbtest5  (cost=0.43..408.15 rows=102 width=4)
	        Index Cond: ((id >= 1084318) AND (id <= 1084417))

table 6 : explain SELECT SUM(k) FROM sbtest6 WHERE id BETWEEN 7980256 AND 7980355
	Aggregate  (cost=391.84..391.85 rows=1 width=8)
	  ->  Index Scan using sbtest6_pkey on sbtest6  (cost=0.43..391.60 rows=98 width=4)
	        Index Cond: ((id >= 7980256) AND (id <= 7980355))

table 7 : explain SELECT SUM(k) FROM sbtest7 WHERE id BETWEEN 5209521 AND 5209620
	Aggregate  (cost=403.32..403.33 rows=1 width=8)
	  ->  Index Scan using sbtest7_pkey on sbtest7  (cost=0.43..403.07 rows=101 width=4)
	        Index Cond: ((id >= 5209521) AND (id <= 5209620))

table 8 : explain SELECT SUM(k) FROM sbtest8 WHERE id BETWEEN 2438280 AND 2438379
	Aggregate  (cost=363.45..363.46 rows=1 width=8)
	  ->  Index Scan using sbtest8_pkey on sbtest8  (cost=0.43..363.23 rows=91 width=4)
	        Index Cond: ((id >= 2438280) AND (id <= 2438379))

for: distinct_ranges
table 1 : explain SELECT DISTINCT c FROM sbtest1 WHERE id BETWEEN 1529436 AND 1529535 ORDER BY c
	Unique  (cost=411.56..412.07 rows=102 width=121)
	  ->  Sort  (cost=411.56..411.81 rows=102 width=121)
	        Sort Key: c
	        ->  Index Scan using sbtest1_pkey on sbtest1  (cost=0.43..408.15 rows=102 width=121)
	              Index Cond: ((id >= 1529436) AND (id <= 1529535))

table 2 : explain SELECT DISTINCT c FROM sbtest2 WHERE id BETWEEN 7553344 AND 7553443 ORDER BY c
	Unique  (cost=372.36..372.82 rows=92 width=121)
	  ->  Sort  (cost=372.36..372.59 rows=92 width=121)
	        Sort Key: c
	        ->  Index Scan using sbtest2_pkey on sbtest2  (cost=0.43..369.36 rows=92 width=121)
	              Index Cond: ((id >= 7553344) AND (id <= 7553443))

table 3 : explain SELECT DISTINCT c FROM sbtest3 WHERE id BETWEEN 3660165 AND 3660264 ORDER BY c
	Unique  (cost=391.74..392.22 rows=97 width=121)
	  ->  Sort  (cost=391.74..391.98 rows=97 width=121)
	        Sort Key: c
	        ->  Index Scan using sbtest3_pkey on sbtest3  (cost=0.43..388.54 rows=97 width=121)
	              Index Cond: ((id >= 3660165) AND (id <= 3660264))

table 4 : explain SELECT DISTINCT c FROM sbtest4 WHERE id BETWEEN 122881 AND 122980 ORDER BY c
	Unique  (cost=410.50..411.01 rows=102 width=121)
	  ->  Sort  (cost=410.50..410.76 rows=102 width=121)
	        Sort Key: c
	        ->  Index Scan using sbtest4_pkey on sbtest4  (cost=0.43..407.10 rows=102 width=121)
	              Index Cond: ((id >= 122881) AND (id <= 122980))

table 5 : explain SELECT DISTINCT c FROM sbtest5 WHERE id BETWEEN 2895476 AND 2895575 ORDER BY c
	Unique  (cost=423.54..424.07 rows=105 width=121)
	  ->  Sort  (cost=423.54..423.80 rows=105 width=121)
	        Sort Key: c
	        ->  Index Scan using sbtest5_pkey on sbtest5  (cost=0.43..420.02 rows=105 width=121)
	              Index Cond: ((id >= 2895476) AND (id <= 2895575))

table 6 : explain SELECT DISTINCT c FROM sbtest6 WHERE id BETWEEN 1627011 AND 1627110 ORDER BY c
	Unique  (cost=410.82..411.33 rows=102 width=121)
	  ->  Sort  (cost=410.82..411.07 rows=102 width=121)
	        Sort Key: c
	        ->  Index Scan using sbtest6_pkey on sbtest6  (cost=0.43..407.41 rows=102 width=121)
	              Index Cond: ((id >= 1627011) AND (id <= 1627110))

table 7 : explain SELECT DISTINCT c FROM sbtest7 WHERE id BETWEEN 40702 AND 40801 ORDER BY c
	Unique  (cost=394.46..394.95 rows=98 width=121)
	  ->  Sort  (cost=394.46..394.70 rows=98 width=121)
	        Sort Key: c
	        ->  Index Scan using sbtest7_pkey on sbtest7  (cost=0.43..391.21 rows=98 width=121)
	              Index Cond: ((id >= 40702) AND (id <= 40801))

table 8 : explain SELECT DISTINCT c FROM sbtest8 WHERE id BETWEEN 3061198 AND 3061297 ORDER BY c
	Unique  (cost=421.95..422.48 rows=105 width=121)
	  ->  Sort  (cost=421.95..422.22 rows=105 width=121)
	        Sort Key: c
	        ->  Index Scan using sbtest8_pkey on sbtest8  (cost=0.43..418.43 rows=105 width=121)
	              Index Cond: ((id >= 3061198) AND (id <= 3061297))

for: sum_ranges
table 1 : explain SELECT SUM(k) FROM sbtest1 WHERE id BETWEEN 2598238 AND 2598337
	Aggregate  (cost=380.68..380.69 rows=1 width=8)
	  ->  Index Scan using sbtest1_pkey on sbtest1  (cost=0.43..380.44 rows=95 width=4)
	        Index Cond: ((id >= 2598238) AND (id <= 2598337))

table 2 : explain SELECT SUM(k) FROM sbtest2 WHERE id BETWEEN 4916241 AND 4916340
	Aggregate  (cost=393.40..393.41 rows=1 width=8)
	  ->  Index Scan using sbtest2_pkey on sbtest2  (cost=0.43..393.15 rows=98 width=4)
	        Index Cond: ((id >= 4916241) AND (id <= 4916340))

table 3 : explain SELECT SUM(k) FROM sbtest3 WHERE id BETWEEN 9339994 AND 9340093
	Aggregate  (cost=424.45..424.46 rows=1 width=8)
	  ->  Index Scan using sbtest3_pkey on sbtest3  (cost=0.43..424.18 rows=106 width=4)
	        Index Cond: ((id >= 9339994) AND (id <= 9340093))

table 4 : explain SELECT SUM(k) FROM sbtest4 WHERE id BETWEEN 9426003 AND 9426102
	Aggregate  (cost=403.39..403.40 rows=1 width=8)
	  ->  Index Scan using sbtest4_pkey on sbtest4  (cost=0.43..403.14 rows=101 width=4)
	        Index Cond: ((id >= 9426003) AND (id <= 9426102))

table 5 : explain SELECT SUM(k) FROM sbtest5 WHERE id BETWEEN 5025537 AND 5025636
	Aggregate  (cost=360.87..360.88 rows=1 width=8)
	  ->  Index Scan using sbtest5_pkey on sbtest5  (cost=0.43..360.65 rows=90 width=4)
	        Index Cond: ((id >= 5025537) AND (id <= 5025636))

table 6 : explain SELECT SUM(k) FROM sbtest6 WHERE id BETWEEN 191367 AND 191466
	Aggregate  (cost=411.62..411.63 rows=1 width=8)
	  ->  Index Scan using sbtest6_pkey on sbtest6  (cost=0.43..411.36 rows=103 width=4)
	        Index Cond: ((id >= 191367) AND (id <= 191466))

table 7 : explain SELECT SUM(k) FROM sbtest7 WHERE id BETWEEN 4928286 AND 4928385
	Aggregate  (cost=438.85..438.86 rows=1 width=8)
	  ->  Index Scan using sbtest7_pkey on sbtest7  (cost=0.43..438.58 rows=110 width=4)
	        Index Cond: ((id >= 4928286) AND (id <= 4928385))

table 8 : explain SELECT SUM(k) FROM sbtest8 WHERE id BETWEEN 308855 AND 308954
	Aggregate  (cost=367.40..367.41 rows=1 width=8)
	  ->  Index Scan using sbtest8_pkey on sbtest8  (cost=0.43..367.17 rows=92 width=4)
	        Index Cond: ((id >= 308855) AND (id <= 308954))

for: distinct_ranges
table 1 : explain SELECT DISTINCT c FROM sbtest1 WHERE id BETWEEN 2958936 AND 2959035 ORDER BY c
	Unique  (cost=363.58..364.03 rows=90 width=121)
	  ->  Sort  (cost=363.58..363.80 rows=90 width=121)
	        Sort Key: c
	        ->  Index Scan using sbtest1_pkey on sbtest1  (cost=0.43..360.65 rows=90 width=121)
	              Index Cond: ((id >= 2958936) AND (id <= 2959035))

table 2 : explain SELECT DISTINCT c FROM sbtest2 WHERE id BETWEEN 62108 AND 62207 ORDER BY c
	Unique  (cost=384.38..384.85 rows=95 width=121)
	  ->  Sort  (cost=384.38..384.61 rows=95 width=121)
	        Sort Key: c
	        ->  Index Scan using sbtest2_pkey on sbtest2  (cost=0.43..381.26 rows=95 width=121)
	              Index Cond: ((id >= 62108) AND (id <= 62207))

table 3 : explain SELECT DISTINCT c FROM sbtest3 WHERE id BETWEEN 3117867 AND 3117966 ORDER BY c
	Unique  (cost=399.74..400.23 rows=99 width=121)
	  ->  Sort  (cost=399.74..399.98 rows=99 width=121)
	        Sort Key: c
	        ->  Index Scan using sbtest3_pkey on sbtest3  (cost=0.43..396.45 rows=99 width=121)
	              Index Cond: ((id >= 3117867) AND (id <= 3117966))

table 4 : explain SELECT DISTINCT c FROM sbtest4 WHERE id BETWEEN 9045753 AND 9045852 ORDER BY c
	Unique  (cost=382.58..383.05 rows=95 width=121)
	  ->  Sort  (cost=382.58..382.82 rows=95 width=121)
	        Sort Key: c
	        ->  Index Scan using sbtest4_pkey on sbtest4  (cost=0.43..379.46 rows=95 width=121)
	              Index Cond: ((id >= 9045753) AND (id <= 9045852))

table 5 : explain SELECT DISTINCT c FROM sbtest5 WHERE id BETWEEN 3119698 AND 3119797 ORDER BY c
	Unique  (cost=411.55..412.06 rows=102 width=121)
	  ->  Sort  (cost=411.55..411.80 rows=102 width=121)
	        Sort Key: c
	        ->  Index Scan using sbtest5_pkey on sbtest5  (cost=0.43..408.15 rows=102 width=121)
	              Index Cond: ((id >= 3119698) AND (id <= 3119797))

table 6 : explain SELECT DISTINCT c FROM sbtest6 WHERE id BETWEEN 6696746 AND 6696845 ORDER BY c
	Unique  (cost=378.88..379.35 rows=94 width=121)
	  ->  Sort  (cost=378.88..379.12 rows=94 width=121)
	        Sort Key: c
	        ->  Index Scan using sbtest6_pkey on sbtest6  (cost=0.43..375.80 rows=94 width=121)
	              Index Cond: ((id >= 6696746) AND (id <= 6696845))

table 7 : explain SELECT DISTINCT c FROM sbtest7 WHERE id BETWEEN 9568348 AND 9568447 ORDER BY c
	Unique  (cost=390.47..390.95 rows=97 width=121)
	  ->  Sort  (cost=390.47..390.71 rows=97 width=121)
	        Sort Key: c
	        ->  Index Scan using sbtest7_pkey on sbtest7  (cost=0.43..387.27 rows=97 width=121)
	              Index Cond: ((id >= 9568348) AND (id <= 9568447))

table 8 : explain SELECT DISTINCT c FROM sbtest8 WHERE id BETWEEN 8674302 AND 8674401 ORDER BY c
	Unique  (cost=429.92..430.45 rows=107 width=121)
	  ->  Sort  (cost=429.92..430.18 rows=107 width=121)
	        Sort Key: c
	        ->  Index Scan using sbtest8_pkey on sbtest8  (cost=0.43..426.31 rows=107 width=121)
	              Index Cond: ((id >= 8674302) AND (id <= 8674401))

for: order_ranges
table 1 : explain SELECT c FROM sbtest1 WHERE id BETWEEN 2768141 AND 2768240 ORDER BY c
	Sort  (cost=419.55..419.81 rows=104 width=121)
	  Sort Key: c
	  ->  Index Scan using sbtest1_pkey on sbtest1  (cost=0.43..416.07 rows=104 width=121)
	        Index Cond: ((id >= 2768141) AND (id <= 2768240))

table 2 : explain SELECT c FROM sbtest2 WHERE id BETWEEN 5490283 AND 5490382 ORDER BY c
	Sort  (cost=364.35..364.57 rows=90 width=121)
	  Sort Key: c
	  ->  Index Scan using sbtest2_pkey on sbtest2  (cost=0.43..361.43 rows=90 width=121)
	        Index Cond: ((id >= 5490283) AND (id <= 5490382))

table 3 : explain SELECT c FROM sbtest3 WHERE id BETWEEN 8721811 AND 8721910 ORDER BY c
	Sort  (cost=383.74..383.98 rows=95 width=121)
	  Sort Key: c
	  ->  Index Scan using sbtest3_pkey on sbtest3  (cost=0.43..380.62 rows=95 width=121)
	        Index Cond: ((id >= 8721811) AND (id <= 8721910))

table 4 : explain SELECT c FROM sbtest4 WHERE id BETWEEN 4018358 AND 4018457 ORDER BY c
	Sort  (cost=382.58..382.82 rows=95 width=121)
	  Sort Key: c
	  ->  Index Scan using sbtest4_pkey on sbtest4  (cost=0.43..379.46 rows=95 width=121)
	        Index Cond: ((id >= 4018358) AND (id <= 4018457))

table 5 : explain SELECT c FROM sbtest5 WHERE id BETWEEN 3843158 AND 3843257 ORDER BY c
	Sort  (cost=407.54..407.79 rows=101 width=121)
	  Sort Key: c
	  ->  Index Scan using sbtest5_pkey on sbtest5  (cost=0.43..404.17 rows=101 width=121)
	        Index Cond: ((id >= 3843158) AND (id <= 3843257))

table 6 : explain SELECT c FROM sbtest6 WHERE id BETWEEN 8533633 AND 8533732 ORDER BY c
	Sort  (cost=406.83..407.08 rows=101 width=121)
	  Sort Key: c
	  ->  Index Scan using sbtest6_pkey on sbtest6  (cost=0.43..403.46 rows=101 width=121)
	        Index Cond: ((id >= 8533633) AND (id <= 8533732))

table 7 : explain SELECT c FROM sbtest7 WHERE id BETWEEN 2491768 AND 2491867 ORDER BY c
	Sort  (cost=418.39..418.65 rows=104 width=121)
	  Sort Key: c
	  ->  Index Scan using sbtest7_pkey on sbtest7  (cost=0.43..414.91 rows=104 width=121)
	        Index Cond: ((id >= 2491768) AND (id <= 2491867))

table 8 : explain SELECT c FROM sbtest8 WHERE id BETWEEN 4602846 AND 4602945 ORDER BY c
	Sort  (cost=425.93..426.20 rows=106 width=121)
	  Sort Key: c
	  ->  Index Scan using sbtest8_pkey on sbtest8  (cost=0.43..422.37 rows=106 width=121)
	        Index Cond: ((id >= 4602846) AND (id <= 4602945))
for point_selects
table 1 : explain SELECT c FROM sbtest1 WHERE id=5411778
	Index Scan using sbtest1_pkey on sbtest1  (cost=0.43..8.45 rows=1 width=121)
	  Index Cond: (id = 5411778)

table 2 : explain SELECT c FROM sbtest2 WHERE id=631217
	Index Scan using sbtest2_pkey on sbtest2  (cost=0.43..8.45 rows=1 width=121)
	  Index Cond: (id = 631217)

table 3 : explain SELECT c FROM sbtest3 WHERE id=9654742
	Index Scan using sbtest3_pkey on sbtest3  (cost=0.43..8.45 rows=1 width=121)
	  Index Cond: (id = 9654742)

table 4 : explain SELECT c FROM sbtest4 WHERE id=5322767
	Index Scan using sbtest4_pkey on sbtest4  (cost=0.43..8.45 rows=1 width=121)
	  Index Cond: (id = 5322767)

table 5 : explain SELECT c FROM sbtest5 WHERE id=7395444
	Index Scan using sbtest5_pkey on sbtest5  (cost=0.43..8.45 rows=1 width=121)
	  Index Cond: (id = 7395444)

table 6 : explain SELECT c FROM sbtest6 WHERE id=2626522
	Index Scan using sbtest6_pkey on sbtest6  (cost=0.43..8.45 rows=1 width=121)
	  Index Cond: (id = 2626522)

table 7 : explain SELECT c FROM sbtest7 WHERE id=6585554
	Index Scan using sbtest7_pkey on sbtest7  (cost=0.43..8.45 rows=1 width=121)
	  Index Cond: (id = 6585554)

table 8 : explain SELECT c FROM sbtest8 WHERE id=5649962
	Index Scan using sbtest8_pkey on sbtest8  (cost=0.43..8.45 rows=1 width=121)
	  Index Cond: (id = 5649962)

for: sum_ranges
table 1 : explain SELECT SUM(k) FROM sbtest1 WHERE id BETWEEN 1411320 AND 1411419
	Aggregate  (cost=408.41..408.42 rows=1 width=8)
	  ->  Index Scan using sbtest1_pkey on sbtest1  (cost=0.43..408.15 rows=102 width=4)
	        Index Cond: ((id >= 1411320) AND (id <= 1411419))

table 2 : explain SELECT SUM(k) FROM sbtest2 WHERE id BETWEEN 38444 AND 38543
	Aggregate  (cost=381.49..381.50 rows=1 width=8)
	  ->  Index Scan using sbtest2_pkey on sbtest2  (cost=0.43..381.26 rows=95 width=4)
	        Index Cond: ((id >= 38444) AND (id <= 38543))

table 3 : explain SELECT SUM(k) FROM sbtest3 WHERE id BETWEEN 1727394 AND 1727493
	Aggregate  (cost=372.93..372.94 rows=1 width=8)
	  ->  Index Scan using sbtest3_pkey on sbtest3  (cost=0.43..372.70 rows=93 width=4)
	        Index Cond: ((id >= 1727394) AND (id <= 1727493))

table 4 : explain SELECT SUM(k) FROM sbtest4 WHERE id BETWEEN 6286644 AND 6286743
	Aggregate  (cost=371.80..371.81 rows=1 width=8)
	  ->  Index Scan using sbtest4_pkey on sbtest4  (cost=0.43..371.56 rows=93 width=4)
	        Index Cond: ((id >= 6286644) AND (id <= 6286743))

table 5 : explain SELECT SUM(k) FROM sbtest5 WHERE id BETWEEN 6384178 AND 6384277
	Aggregate  (cost=368.79..368.80 rows=1 width=8)
	  ->  Index Scan using sbtest5_pkey on sbtest5  (cost=0.43..368.56 rows=92 width=4)
	        Index Cond: ((id >= 6384178) AND (id <= 6384277))

table 6 : explain SELECT SUM(k) FROM sbtest6 WHERE id BETWEEN 1469835 AND 1469934
	Aggregate  (cost=379.99..380.00 rows=1 width=8)
	  ->  Index Scan using sbtest6_pkey on sbtest6  (cost=0.43..379.75 rows=95 width=4)
	        Index Cond: ((id >= 1469835) AND (id <= 1469934))

table 7 : explain SELECT SUM(k) FROM sbtest7 WHERE id BETWEEN 8589043 AND 8589142
	Aggregate  (cost=427.01..427.02 rows=1 width=8)
	  ->  Index Scan using sbtest7_pkey on sbtest7  (cost=0.43..426.74 rows=107 width=4)
	        Index Cond: ((id >= 8589043) AND (id <= 8589142))

table 8 : explain SELECT SUM(k) FROM sbtest8 WHERE id BETWEEN 309506 AND 309605
	Aggregate  (cost=367.40..367.41 rows=1 width=8)
	  ->  Index Scan using sbtest8_pkey on sbtest8  (cost=0.43..367.17 rows=92 width=4)
	        Index Cond: ((id >= 309506) AND (id <= 309605))


for: sum_ranges
table 1 : explain SELECT SUM(k) FROM sbtest1 WHERE id BETWEEN 9971271 AND 9971370
	Aggregate  (cost=424.25..424.26 rows=1 width=8)
	  ->  Index Scan using sbtest1_pkey on sbtest1  (cost=0.43..423.98 rows=106 width=4)
	        Index Cond: ((id >= 9971271) AND (id <= 9971370))

table 2 : explain SELECT SUM(k) FROM sbtest2 WHERE id BETWEEN 2200487 AND 2200586
	Aggregate  (cost=401.33..401.34 rows=1 width=8)
	  ->  Index Scan using sbtest2_pkey on sbtest2  (cost=0.43..401.08 rows=100 width=4)
	        Index Cond: ((id >= 2200487) AND (id <= 2200586))

table 3 : explain SELECT SUM(k) FROM sbtest3 WHERE id BETWEEN 3992250 AND 3992349
	Aggregate  (cost=384.82..384.83 rows=1 width=8)
	  ->  Index Scan using sbtest3_pkey on sbtest3  (cost=0.43..384.58 rows=96 width=4)
	        Index Cond: ((id >= 3992250) AND (id <= 3992349))

table 4 : explain SELECT SUM(k) FROM sbtest4 WHERE id BETWEEN 6924920 AND 6925019
	Aggregate  (cost=403.39..403.40 rows=1 width=8)
	  ->  Index Scan using sbtest4_pkey on sbtest4  (cost=0.43..403.14 rows=101 width=4)
	        Index Cond: ((id >= 6924920) AND (id <= 6925019))

table 5 : explain SELECT SUM(k) FROM sbtest5 WHERE id BETWEEN 3956484 AND 3956583
	Aggregate  (cost=408.40..408.41 rows=1 width=8)
	  ->  Index Scan using sbtest5_pkey on sbtest5  (cost=0.43..408.15 rows=102 width=4)
	        Index Cond: ((id >= 3956484) AND (id <= 3956583))

table 6 : explain SELECT SUM(k) FROM sbtest6 WHERE id BETWEEN 6444639 AND 6444738
	Aggregate  (cost=415.57..415.58 rows=1 width=8)
	  ->  Index Scan using sbtest6_pkey on sbtest6  (cost=0.43..415.31 rows=104 width=4)
	        Index Cond: ((id >= 6444639) AND (id <= 6444738))

table 7 : explain SELECT SUM(k) FROM sbtest7 WHERE id BETWEEN 4151865 AND 4151964
	Aggregate  (cost=387.51..387.52 rows=1 width=8)
	  ->  Index Scan using sbtest7_pkey on sbtest7  (cost=0.43..387.27 rows=97 width=4)
	        Index Cond: ((id >= 4151865) AND (id <= 4151964))

table 8 : explain SELECT SUM(k) FROM sbtest8 WHERE id BETWEEN 3302444 AND 3302543
	Aggregate  (cost=371.34..371.35 rows=1 width=8)
	  ->  Index Scan using sbtest8_pkey on sbtest8  (cost=0.43..371.11 rows=93 width=4)
	        Index Cond: ((id >= 3302444) AND (id <= 3302543))

for point_selects
table 1 : explain SELECT c FROM sbtest1 WHERE id=5447507
	Index Scan using sbtest1_pkey on sbtest1  (cost=0.43..8.45 rows=1 width=121)
	  Index Cond: (id = 5447507)

table 2 : explain SELECT c FROM sbtest2 WHERE id=4129867
	Index Scan using sbtest2_pkey on sbtest2  (cost=0.43..8.45 rows=1 width=121)
	  Index Cond: (id = 4129867)

table 3 : explain SELECT c FROM sbtest3 WHERE id=982535
	Index Scan using sbtest3_pkey on sbtest3  (cost=0.43..8.45 rows=1 width=121)
	  Index Cond: (id = 982535)

table 4 : explain SELECT c FROM sbtest4 WHERE id=5717690
	Index Scan using sbtest4_pkey on sbtest4  (cost=0.43..8.45 rows=1 width=121)
	  Index Cond: (id = 5717690)

table 5 : explain SELECT c FROM sbtest5 WHERE id=1660986
	Index Scan using sbtest5_pkey on sbtest5  (cost=0.43..8.45 rows=1 width=121)
	  Index Cond: (id = 1660986)

table 6 : explain SELECT c FROM sbtest6 WHERE id=3557361
	Index Scan using sbtest6_pkey on sbtest6  (cost=0.43..8.45 rows=1 width=121)
	  Index Cond: (id = 3557361)

table 7 : explain SELECT c FROM sbtest7 WHERE id=9277950
	Index Scan using sbtest7_pkey on sbtest7  (cost=0.43..8.45 rows=1 width=121)
	  Index Cond: (id = 9277950)

table 8 : explain SELECT c FROM sbtest8 WHERE id=5638792
	Index Scan using sbtest8_pkey on sbtest8  (cost=0.43..8.45 rows=1 width=121)
	  Index Cond: (id = 5638792)

for: distinct_ranges
table 1 : explain SELECT DISTINCT c FROM sbtest1 WHERE id BETWEEN 6995664 AND 6995763 ORDER BY c
	Unique  (cost=415.55..416.07 rows=103 width=121)
	  ->  Sort  (cost=415.55..415.81 rows=103 width=121)
	        Sort Key: c
	        ->  Index Scan using sbtest1_pkey on sbtest1  (cost=0.43..412.11 rows=103 width=121)
	              Index Cond: ((id >= 6995664) AND (id <= 6995763))

table 2 : explain SELECT DISTINCT c FROM sbtest2 WHERE id BETWEEN 8213358 AND 8213457 ORDER BY c
	Unique  (cost=396.39..396.88 rows=98 width=121)
	  ->  Sort  (cost=396.39..396.64 rows=98 width=121)
	        Sort Key: c
	        ->  Index Scan using sbtest2_pkey on sbtest2  (cost=0.43..393.15 rows=98 width=121)
	              Index Cond: ((id >= 8213358) AND (id <= 8213457))

table 3 : explain SELECT DISTINCT c FROM sbtest3 WHERE id BETWEEN 1182528 AND 1182627 ORDER BY c
	Unique  (cost=411.75..412.26 rows=102 width=121)
	  ->  Sort  (cost=411.75..412.00 rows=102 width=121)
	        Sort Key: c
	        ->  Index Scan using sbtest3_pkey on sbtest3  (cost=0.43..408.35 rows=102 width=121)
	              Index Cond: ((id >= 1182528) AND (id <= 1182627))

table 4 : explain SELECT DISTINCT c FROM sbtest4 WHERE id BETWEEN 9168230 AND 9168329 ORDER BY c
	Unique  (cost=370.62..371.08 rows=92 width=121)
	  ->  Sort  (cost=370.62..370.85 rows=92 width=121)
	        Sort Key: c
	        ->  Index Scan using sbtest4_pkey on sbtest4  (cost=0.43..367.62 rows=92 width=121)
	              Index Cond: ((id >= 9168230) AND (id <= 9168329))

table 5 : explain SELECT DISTINCT c FROM sbtest5 WHERE id BETWEEN 8882530 AND 8882629 ORDER BY c
	Unique  (cost=395.54..396.03 rows=98 width=121)
	  ->  Sort  (cost=395.54..395.79 rows=98 width=121)
	        Sort Key: c
	        ->  Index Scan using sbtest5_pkey on sbtest5  (cost=0.43..392.30 rows=98 width=121)
	              Index Cond: ((id >= 8882530) AND (id <= 8882629))

table 6 : explain SELECT DISTINCT c FROM sbtest6 WHERE id BETWEEN 8756900 AND 8756999 ORDER BY c
	Unique  (cost=406.83..407.33 rows=101 width=121)
	  ->  Sort  (cost=406.83..407.08 rows=101 width=121)
	        Sort Key: c
	        ->  Index Scan using sbtest6_pkey on sbtest6  (cost=0.43..403.46 rows=101 width=121)
	              Index Cond: ((id >= 8756900) AND (id <= 8756999))

table 7 : explain SELECT DISTINCT c FROM sbtest7 WHERE id BETWEEN 9199236 AND 9199335 ORDER BY c
	Unique  (cost=430.35..430.88 rows=107 width=121)
	  ->  Sort  (cost=430.35..430.62 rows=107 width=121)
	        Sort Key: c
	        ->  Index Scan using sbtest7_pkey on sbtest7  (cost=0.43..426.74 rows=107 width=121)
	              Index Cond: ((id >= 9199236) AND (id <= 9199335))

table 8 : explain SELECT DISTINCT c FROM sbtest8 WHERE id BETWEEN 9529254 AND 9529353 ORDER BY c
	Unique  (cost=406.02..406.53 rows=101 width=121)
	  ->  Sort  (cost=406.02..406.28 rows=101 width=121)
	        Sort Key: c
	        ->  Index Scan using sbtest8_pkey on sbtest8  (cost=0.43..402.66 rows=101 width=121)
	              Index Cond: ((id >= 9529254) AND (id <= 9529353))

for: distinct_ranges
table 1 : explain SELECT DISTINCT c FROM sbtest1 WHERE id BETWEEN 7295372 AND 7295471 ORDER BY c
	Unique  (cost=411.56..412.07 rows=102 width=121)
	  ->  Sort  (cost=411.56..411.81 rows=102 width=121)
	        Sort Key: c
	        ->  Index Scan using sbtest1_pkey on sbtest1  (cost=0.43..408.15 rows=102 width=121)
	              Index Cond: ((id >= 7295372) AND (id <= 7295471))

table 2 : explain SELECT DISTINCT c FROM sbtest2 WHERE id BETWEEN 2087644 AND 2087743 ORDER BY c
	Unique  (cost=380.37..380.84 rows=94 width=121)
	  ->  Sort  (cost=380.37..380.61 rows=94 width=121)
	        Sort Key: c
	        ->  Index Scan using sbtest2_pkey on sbtest2  (cost=0.43..377.29 rows=94 width=121)
	              Index Cond: ((id >= 2087644) AND (id <= 2087743))

table 3 : explain SELECT DISTINCT c FROM sbtest3 WHERE id BETWEEN 5611476 AND 5611575 ORDER BY c
	Unique  (cost=407.73..408.24 rows=101 width=121)
	  ->  Sort  (cost=407.73..407.99 rows=101 width=121)
	        Sort Key: c
	        ->  Index Scan using sbtest3_pkey on sbtest3  (cost=0.43..404.37 rows=101 width=121)
	              Index Cond: ((id >= 5611476) AND (id <= 5611575))

table 4 : explain SELECT DISTINCT c FROM sbtest4 WHERE id BETWEEN 6585964 AND 6586063 ORDER BY c
	Unique  (cost=410.50..411.01 rows=102 width=121)
	  ->  Sort  (cost=410.50..410.76 rows=102 width=121)
	        Sort Key: c
	        ->  Index Scan using sbtest4_pkey on sbtest4  (cost=0.43..407.10 rows=102 width=121)
	              Index Cond: ((id >= 6585964) AND (id <= 6586063))

table 5 : explain SELECT DISTINCT c FROM sbtest5 WHERE id BETWEEN 5869013 AND 5869112 ORDER BY c
	Unique  (cost=439.53..440.08 rows=109 width=121)
	  ->  Sort  (cost=439.53..439.81 rows=109 width=121)
	        Sort Key: c
	        ->  Index Scan using sbtest5_pkey on sbtest5  (cost=0.43..435.84 rows=109 width=121)
	              Index Cond: ((id >= 5869013) AND (id <= 5869112))

table 6 : explain SELECT DISTINCT c FROM sbtest6 WHERE id BETWEEN 3720873 AND 3720972 ORDER BY c
	Unique  (cost=422.79..423.31 rows=105 width=121)
	  ->  Sort  (cost=422.79..423.05 rows=105 width=121)
	        Sort Key: c
	        ->  Index Scan using sbtest6_pkey on sbtest6  (cost=0.43..419.26 rows=105 width=121)
	              Index Cond: ((id >= 3720873) AND (id <= 3720972))

table 7 : explain SELECT DISTINCT c FROM sbtest7 WHERE id BETWEEN 4477289 AND 4477388 ORDER BY c
	Unique  (cost=398.44..398.94 rows=99 width=121)
	  ->  Sort  (cost=398.44..398.69 rows=99 width=121)
	        Sort Key: c
	        ->  Index Scan using sbtest7_pkey on sbtest7  (cost=0.43..395.16 rows=99 width=121)
	              Index Cond: ((id >= 4477289) AND (id <= 4477388))

table 8 : explain SELECT DISTINCT c FROM sbtest8 WHERE id BETWEEN 8554131 AND 8554230 ORDER BY c
	Unique  (cost=402.04..402.54 rows=100 width=121)
	  ->  Sort  (cost=402.04..402.29 rows=100 width=121)
	        Sort Key: c
	        ->  Index Scan using sbtest8_pkey on sbtest8  (cost=0.43..398.72 rows=100 width=121)
	              Index Cond: ((id >= 8554131) AND (id <= 8554230))

for: distinct_ranges
table 1 : explain SELECT DISTINCT c FROM sbtest1 WHERE id BETWEEN 737980 AND 738079 ORDER BY c
	Unique  (cost=387.56..388.04 rows=96 width=121)
	  ->  Sort  (cost=387.56..387.80 rows=96 width=121)
	        Sort Key: c
	        ->  Index Scan using sbtest1_pkey on sbtest1  (cost=0.43..384.40 rows=96 width=121)
	              Index Cond: ((id >= 737980) AND (id <= 738079))

table 2 : explain SELECT DISTINCT c FROM sbtest2 WHERE id BETWEEN 1338215 AND 1338314 ORDER BY c
	Unique  (cost=432.46..433.00 rows=107 width=121)
	  ->  Sort  (cost=432.46..432.73 rows=107 width=121)
	        Sort Key: c
	        ->  Index Scan using sbtest2_pkey on sbtest2  (cost=0.43..428.86 rows=107 width=121)
	              Index Cond: ((id >= 1338215) AND (id <= 1338314))

table 3 : explain SELECT DISTINCT c FROM sbtest3 WHERE id BETWEEN 7276548 AND 7276647 ORDER BY c
	Unique  (cost=419.75..420.27 rows=104 width=121)
	  ->  Sort  (cost=419.75..420.01 rows=104 width=121)
	        Sort Key: c
	        ->  Index Scan using sbtest3_pkey on sbtest3  (cost=0.43..416.26 rows=104 width=121)
	              Index Cond: ((id >= 7276548) AND (id <= 7276647))

table 4 : explain SELECT DISTINCT c FROM sbtest4 WHERE id BETWEEN 4347058 AND 4347157 ORDER BY c
	Unique  (cost=406.50..407.00 rows=101 width=121)
	  ->  Sort  (cost=406.50..406.75 rows=101 width=121)
	        Sort Key: c
	        ->  Index Scan using sbtest4_pkey on sbtest4  (cost=0.43..403.14 rows=101 width=121)
	              Index Cond: ((id >= 4347058) AND (id <= 4347157))

table 5 : explain SELECT DISTINCT c FROM sbtest5 WHERE id BETWEEN 7576266 AND 7576365 ORDER BY c
	Unique  (cost=411.55..412.06 rows=102 width=121)
	  ->  Sort  (cost=411.55..411.80 rows=102 width=121)
	        Sort Key: c
	        ->  Index Scan using sbtest5_pkey on sbtest5  (cost=0.43..408.15 rows=102 width=121)
	              Index Cond: ((id >= 7576266) AND (id <= 7576365))

table 6 : explain SELECT DISTINCT c FROM sbtest6 WHERE id BETWEEN 8129957 AND 8130056 ORDER BY c
	Unique  (cost=382.87..383.34 rows=95 width=121)
	  ->  Sort  (cost=382.87..383.11 rows=95 width=121)
	        Sort Key: c
	        ->  Index Scan using sbtest6_pkey on sbtest6  (cost=0.43..379.75 rows=95 width=121)
	              Index Cond: ((id >= 8129957) AND (id <= 8130056))

table 7 : explain SELECT DISTINCT c FROM sbtest7 WHERE id BETWEEN 5225414 AND 5225513 ORDER BY c
	Unique  (cost=406.43..406.94 rows=101 width=121)
	  ->  Sort  (cost=406.43..406.68 rows=101 width=121)
	        Sort Key: c
	        ->  Index Scan using sbtest7_pkey on sbtest7  (cost=0.43..403.07 rows=101 width=121)
	              Index Cond: ((id >= 5225414) AND (id <= 5225513))

table 8 : explain SELECT DISTINCT c FROM sbtest8 WHERE id BETWEEN 3383751 AND 3383850 ORDER BY c
	Unique  (cost=398.06..398.56 rows=99 width=121)
	  ->  Sort  (cost=398.06..398.31 rows=99 width=121)
	        Sort Key: c
	        ->  Index Scan using sbtest8_pkey on sbtest8  (cost=0.43..394.78 rows=99 width=121)
	              Index Cond: ((id >= 3383751) AND (id <= 3383850))

for: simple_ranges
table 1 : explain SELECT c FROM sbtest1 WHERE id BETWEEN 5297440 AND 5297539
	Index Scan using sbtest1_pkey on sbtest1  (cost=0.43..388.35 rows=97 width=121)
	  Index Cond: ((id >= 5297440) AND (id <= 5297539))

table 2 : explain SELECT c FROM sbtest2 WHERE id BETWEEN 9919506 AND 9919605
	Index Scan using sbtest2_pkey on sbtest2  (cost=0.43..405.05 rows=101 width=121)
	  Index Cond: ((id >= 9919506) AND (id <= 9919605))

table 3 : explain SELECT c FROM sbtest3 WHERE id BETWEEN 9254331 AND 9254430
	Index Scan using sbtest3_pkey on sbtest3  (cost=0.43..392.50 rows=98 width=121)
	  Index Cond: ((id >= 9254331) AND (id <= 9254430))

table 4 : explain SELECT c FROM sbtest4 WHERE id BETWEEN 4325056 AND 4325155
	Index Scan using sbtest4_pkey on sbtest4  (cost=0.43..403.14 rows=101 width=121)
	  Index Cond: ((id >= 4325056) AND (id <= 4325155))

table 5 : explain SELECT c FROM sbtest5 WHERE id BETWEEN 1743270 AND 1743369
	Index Scan using sbtest5_pkey on sbtest5  (cost=0.43..404.17 rows=101 width=121)
	  Index Cond: ((id >= 1743270) AND (id <= 1743369))

table 6 : explain SELECT c FROM sbtest6 WHERE id BETWEEN 8653268 AND 8653367
	Index Scan using sbtest6_pkey on sbtest6  (cost=0.43..371.85 rows=93 width=121)
	  Index Cond: ((id >= 8653268) AND (id <= 8653367))

table 7 : explain SELECT c FROM sbtest7 WHERE id BETWEEN 2516756 AND 2516855
	Index Scan using sbtest7_pkey on sbtest7  (cost=0.43..414.91 rows=104 width=121)
	  Index Cond: ((id >= 2516756) AND (id <= 2516855))

table 8 : explain SELECT c FROM sbtest8 WHERE id BETWEEN 8448413 AND 8448512
	Index Scan using sbtest8_pkey on sbtest8  (cost=0.43..402.66 rows=101 width=121)
	  Index Cond: ((id >= 8448413) AND (id <= 8448512))

for: sum_ranges
table 1 : explain SELECT SUM(k) FROM sbtest1 WHERE id BETWEEN 9045859 AND 9045958
	Aggregate  (cost=388.60..388.61 rows=1 width=8)
	  ->  Index Scan using sbtest1_pkey on sbtest1  (cost=0.43..388.35 rows=97 width=4)
	        Index Cond: ((id >= 9045859) AND (id <= 9045958))

table 2 : explain SELECT SUM(k) FROM sbtest2 WHERE id BETWEEN 8183517 AND 8183616
	Aggregate  (cost=397.37..397.38 rows=1 width=8)
	  ->  Index Scan using sbtest2_pkey on sbtest2  (cost=0.43..397.12 rows=99 width=4)
	        Index Cond: ((id >= 8183517) AND (id <= 8183616))

table 3 : explain SELECT SUM(k) FROM sbtest3 WHERE id BETWEEN 3042412 AND 3042511
	Aggregate  (cost=396.70..396.71 rows=1 width=8)
	  ->  Index Scan using sbtest3_pkey on sbtest3  (cost=0.43..396.45 rows=99 width=4)
	        Index Cond: ((id >= 3042412) AND (id <= 3042511))

table 4 : explain SELECT SUM(k) FROM sbtest4 WHERE id BETWEEN 9363346 AND 9363445
	Aggregate  (cost=383.64..383.65 rows=1 width=8)
	  ->  Index Scan using sbtest4_pkey on sbtest4  (cost=0.43..383.40 rows=96 width=4)
	        Index Cond: ((id >= 9363346) AND (id <= 9363445))

table 5 : explain SELECT SUM(k) FROM sbtest5 WHERE id BETWEEN 3771063 AND 3771162
	Aggregate  (cost=404.43..404.44 rows=1 width=8)
	  ->  Index Scan using sbtest5_pkey on sbtest5  (cost=0.43..404.17 rows=101 width=4)
	        Index Cond: ((id >= 3771063) AND (id <= 3771162))

table 6 : explain SELECT SUM(k) FROM sbtest6 WHERE id BETWEEN 7614952 AND 7615051
	Aggregate  (cost=407.67..407.68 rows=1 width=8)
	  ->  Index Scan using sbtest6_pkey on sbtest6  (cost=0.43..407.41 rows=102 width=4)
	        Index Cond: ((id >= 7614952) AND (id <= 7615051))

table 7 : explain SELECT SUM(k) FROM sbtest7 WHERE id BETWEEN 8471031 AND 8471130
	Aggregate  (cost=395.41..395.42 rows=1 width=8)
	  ->  Index Scan using sbtest7_pkey on sbtest7  (cost=0.43..395.16 rows=99 width=4)
	        Index Cond: ((id >= 8471031) AND (id <= 8471130))

table 8 : explain SELECT SUM(k) FROM sbtest8 WHERE id BETWEEN 2041236 AND 2041335
	Aggregate  (cost=375.29..375.30 rows=1 width=8)
	  ->  Index Scan using sbtest8_pkey on sbtest8  (cost=0.43..375.05 rows=94 width=4)
	        Index Cond: ((id >= 2041236) AND (id <= 2041335))

for point_selects
table 1 : explain SELECT c FROM sbtest1 WHERE id=7855380
	Index Scan using sbtest1_pkey on sbtest1  (cost=0.43..8.45 rows=1 width=121)
	  Index Cond: (id = 7855380)

table 2 : explain SELECT c FROM sbtest2 WHERE id=9506235
	Index Scan using sbtest2_pkey on sbtest2  (cost=0.43..8.45 rows=1 width=121)
	  Index Cond: (id = 9506235)

table 3 : explain SELECT c FROM sbtest3 WHERE id=3600464
	Index Scan using sbtest3_pkey on sbtest3  (cost=0.43..8.45 rows=1 width=121)
	  Index Cond: (id = 3600464)

table 4 : explain SELECT c FROM sbtest4 WHERE id=7526117
	Index Scan using sbtest4_pkey on sbtest4  (cost=0.43..8.45 rows=1 width=121)
	  Index Cond: (id = 7526117)

table 5 : explain SELECT c FROM sbtest5 WHERE id=6710065
	Index Scan using sbtest5_pkey on sbtest5  (cost=0.43..8.45 rows=1 width=121)
	  Index Cond: (id = 6710065)

table 6 : explain SELECT c FROM sbtest6 WHERE id=7174245
	Index Scan using sbtest6_pkey on sbtest6  (cost=0.43..8.45 rows=1 width=121)
	  Index Cond: (id = 7174245)

table 7 : explain SELECT c FROM sbtest7 WHERE id=1598392
	Index Scan using sbtest7_pkey on sbtest7  (cost=0.43..8.45 rows=1 width=121)
	  Index Cond: (id = 1598392)

table 8 : explain SELECT c FROM sbtest8 WHERE id=7014285
	Index Scan using sbtest8_pkey on sbtest8  (cost=0.43..8.45 rows=1 width=121)
	  Index Cond: (id = 7014285)

for: order_ranges
table 1 : explain SELECT c FROM sbtest1 WHERE id BETWEEN 8499480 AND 8499579 ORDER BY c
	Sort  (cost=371.57..371.80 rows=92 width=121)
	  Sort Key: c
	  ->  Index Scan using sbtest1_pkey on sbtest1  (cost=0.43..368.57 rows=92 width=121)
	        Index Cond: ((id >= 8499480) AND (id <= 8499579))

table 2 : explain SELECT c FROM sbtest2 WHERE id BETWEEN 1143472 AND 1143571 ORDER BY c
	Sort  (cost=416.44..416.70 rows=103 width=121)
	  Sort Key: c
	  ->  Index Scan using sbtest2_pkey on sbtest2  (cost=0.43..413.00 rows=103 width=121)
	        Index Cond: ((id >= 1143472) AND (id <= 1143571))

table 3 : explain SELECT c FROM sbtest3 WHERE id BETWEEN 2463271 AND 2463370 ORDER BY c
	Sort  (cost=359.75..359.97 rows=89 width=121)
	  Sort Key: c
	  ->  Index Scan using sbtest3_pkey on sbtest3  (cost=0.43..356.87 rows=89 width=121)
	        Index Cond: ((id >= 2463271) AND (id <= 2463370))

table 4 : explain SELECT c FROM sbtest4 WHERE id BETWEEN 819856 AND 819955 ORDER BY c
	Sort  (cost=394.54..394.78 rows=98 width=121)
	  Sort Key: c
	  ->  Index Scan using sbtest4_pkey on sbtest4  (cost=0.43..391.30 rows=98 width=121)
	        Index Cond: ((id >= 819856) AND (id <= 819955))

table 5 : explain SELECT c FROM sbtest5 WHERE id BETWEEN 2328492 AND 2328591 ORDER BY c
	Sort  (cost=399.54..399.79 rows=99 width=121)
	  Sort Key: c
	  ->  Index Scan using sbtest5_pkey on sbtest5  (cost=0.43..396.26 rows=99 width=121)
	        Index Cond: ((id >= 2328492) AND (id <= 2328591))

table 6 : explain SELECT c FROM sbtest6 WHERE id BETWEEN 401575 AND 401674 ORDER BY c
	Sort  (cost=418.80..419.06 rows=104 width=121)
	  Sort Key: c
	  ->  Index Scan using sbtest6_pkey on sbtest6  (cost=0.43..415.31 rows=104 width=121)
	        Index Cond: ((id >= 401575) AND (id <= 401674))

table 7 : explain SELECT c FROM sbtest7 WHERE id BETWEEN 2710687 AND 2710786 ORDER BY c
	Sort  (cost=378.51..378.75 rows=94 width=121)
	  Sort Key: c
	  ->  Index Scan using sbtest7_pkey on sbtest7  (cost=0.43..375.43 rows=94 width=121)
	        Index Cond: ((id >= 2710687) AND (id <= 2710786))

table 8 : explain SELECT c FROM sbtest8 WHERE id BETWEEN 3759224 AND 3759323 ORDER BY c
	Sort  (cost=445.85..446.12 rows=111 width=121)
	  Sort Key: c
	  ->  Index Scan using sbtest8_pkey on sbtest8  (cost=0.43..442.08 rows=111 width=121)
	        Index Cond: ((id >= 3759224) AND (id <= 3759323))

for: distinct_ranges
table 1 : explain SELECT DISTINCT c FROM sbtest1 WHERE id BETWEEN 2084354 AND 2084453 ORDER BY c
	Unique  (cost=415.55..416.07 rows=103 width=121)
	  ->  Sort  (cost=415.55..415.81 rows=103 width=121)
	        Sort Key: c
	        ->  Index Scan using sbtest1_pkey on sbtest1  (cost=0.43..412.11 rows=103 width=121)
	              Index Cond: ((id >= 2084354) AND (id <= 2084453))

table 2 : explain SELECT DISTINCT c FROM sbtest2 WHERE id BETWEEN 1839842 AND 1839941 ORDER BY c
	Unique  (cost=372.36..372.82 rows=92 width=121)
	  ->  Sort  (cost=372.36..372.59 rows=92 width=121)
	        Sort Key: c
	        ->  Index Scan using sbtest2_pkey on sbtest2  (cost=0.43..369.36 rows=92 width=121)
	              Index Cond: ((id >= 1839842) AND (id <= 1839941))

table 3 : explain SELECT DISTINCT c FROM sbtest3 WHERE id BETWEEN 5503476 AND 5503575 ORDER BY c
	Unique  (cost=411.75..412.26 rows=102 width=121)
	  ->  Sort  (cost=411.75..412.00 rows=102 width=121)
	        Sort Key: c
	        ->  Index Scan using sbtest3_pkey on sbtest3  (cost=0.43..408.35 rows=102 width=121)
	              Index Cond: ((id >= 5503476) AND (id <= 5503575))

table 4 : explain SELECT DISTINCT c FROM sbtest4 WHERE id BETWEEN 9148721 AND 9148820 ORDER BY c
	Unique  (cost=370.62..371.08 rows=92 width=121)
	  ->  Sort  (cost=370.62..370.85 rows=92 width=121)
	        Sort Key: c
	        ->  Index Scan using sbtest4_pkey on sbtest4  (cost=0.43..367.62 rows=92 width=121)
	              Index Cond: ((id >= 9148721) AND (id <= 9148820))

table 5 : explain SELECT DISTINCT c FROM sbtest5 WHERE id BETWEEN 607604 AND 607703 ORDER BY c
	Unique  (cost=415.55..416.06 rows=103 width=121)
	  ->  Sort  (cost=415.55..415.80 rows=103 width=121)
	        Sort Key: c
	        ->  Index Scan using sbtest5_pkey on sbtest5  (cost=0.43..412.10 rows=103 width=121)
	              Index Cond: ((id >= 607604) AND (id <= 607703))

table 6 : explain SELECT DISTINCT c FROM sbtest6 WHERE id BETWEEN 9756627 AND 9756726 ORDER BY c
	Unique  (cost=422.79..423.31 rows=105 width=121)
	  ->  Sort  (cost=422.79..423.05 rows=105 width=121)
	        Sort Key: c
	        ->  Index Scan using sbtest6_pkey on sbtest6  (cost=0.43..419.26 rows=105 width=121)
	              Index Cond: ((id >= 9756627) AND (id <= 9756726))

table 7 : explain SELECT DISTINCT c FROM sbtest7 WHERE id BETWEEN 1920240 AND 1920339 ORDER BY c
	Unique  (cost=382.50..382.97 rows=95 width=121)
	  ->  Sort  (cost=382.50..382.74 rows=95 width=121)
	        Sort Key: c
	        ->  Index Scan using sbtest7_pkey on sbtest7  (cost=0.43..379.38 rows=95 width=121)
	              Index Cond: ((id >= 1920240) AND (id <= 1920339))

table 8 : explain SELECT DISTINCT c FROM sbtest8 WHERE id BETWEEN 4134075 AND 4134174 ORDER BY c
	Unique  (cost=386.10..386.58 rows=96 width=121)
	  ->  Sort  (cost=386.10..386.34 rows=96 width=121)
	        Sort Key: c
	        ->  Index Scan using sbtest8_pkey on sbtest8  (cost=0.43..382.93 rows=96 width=121)
	              Index Cond: ((id >= 4134075) AND (id <= 4134174))

for: order_ranges
table 1 : explain SELECT c FROM sbtest1 WHERE id BETWEEN 852864 AND 852963 ORDER BY c
	Sort  (cost=379.56..379.80 rows=94 width=121)
	  Sort Key: c
	  ->  Index Scan using sbtest1_pkey on sbtest1  (cost=0.43..376.48 rows=94 width=121)
	        Index Cond: ((id >= 852864) AND (id <= 852963))

table 2 : explain SELECT c FROM sbtest2 WHERE id BETWEEN 9575435 AND 9575534 ORDER BY c
	Sort  (cost=416.44..416.70 rows=103 width=121)
	  Sort Key: c
	  ->  Index Scan using sbtest2_pkey on sbtest2  (cost=0.43..413.00 rows=103 width=121)
	        Index Cond: ((id >= 9575435) AND (id <= 9575534))

table 3 : explain SELECT c FROM sbtest3 WHERE id BETWEEN 9009409 AND 9009508 ORDER BY c
	Sort  (cost=423.75..424.01 rows=105 width=121)
	  Sort Key: c
	  ->  Index Scan using sbtest3_pkey on sbtest3  (cost=0.43..420.22 rows=105 width=121)
	        Index Cond: ((id >= 9009409) AND (id <= 9009508))

table 4 : explain SELECT c FROM sbtest4 WHERE id BETWEEN 7614885 AND 7614984 ORDER BY c
	Sort  (cost=390.55..390.79 rows=97 width=121)
	  Sort Key: c
	  ->  Index Scan using sbtest4_pkey on sbtest4  (cost=0.43..387.35 rows=97 width=121)
	        Index Cond: ((id >= 7614885) AND (id <= 7614984))

table 5 : explain SELECT c FROM sbtest5 WHERE id BETWEEN 5709754 AND 5709853 ORDER BY c
	Sort  (cost=399.54..399.79 rows=99 width=121)
	  Sort Key: c
	  ->  Index Scan using sbtest5_pkey on sbtest5  (cost=0.43..396.26 rows=99 width=121)
	        Index Cond: ((id >= 5709754) AND (id <= 5709853))

table 6 : explain SELECT c FROM sbtest6 WHERE id BETWEEN 295048 AND 295147 ORDER BY c
	Sort  (cost=414.81..415.06 rows=103 width=121)
	  Sort Key: c
	  ->  Index Scan using sbtest6_pkey on sbtest6  (cost=0.43..411.36 rows=103 width=121)
	        Index Cond: ((id >= 295048) AND (id <= 295147))

table 7 : explain SELECT c FROM sbtest7 WHERE id BETWEEN 4332823 AND 4332922 ORDER BY c
	Sort  (cost=362.57..362.80 rows=90 width=121)
	  Sort Key: c
	  ->  Index Scan using sbtest7_pkey on sbtest7  (cost=0.43..359.65 rows=90 width=121)
	        Index Cond: ((id >= 4332823) AND (id <= 4332922))

table 8 : explain SELECT c FROM sbtest8 WHERE id BETWEEN 5704352 AND 5704451 ORDER BY c
	Sort  (cost=374.15..374.38 rows=93 width=121)
	  Sort Key: c
	  ->  Index Scan using sbtest8_pkey on sbtest8  (cost=0.43..371.11 rows=93 width=121)
	        Index Cond: ((id >= 5704352) AND (id <= 5704451))

for: order_ranges
table 1 : explain SELECT c FROM sbtest1 WHERE id BETWEEN 1307631 AND 1307730 ORDER BY c
	Sort  (cost=387.56..387.80 rows=96 width=121)
	  Sort Key: c
	  ->  Index Scan using sbtest1_pkey on sbtest1  (cost=0.43..384.40 rows=96 width=121)
	        Index Cond: ((id >= 1307631) AND (id <= 1307730))

table 2 : explain SELECT c FROM sbtest2 WHERE id BETWEEN 3041412 AND 3041511 ORDER BY c
	Sort  (cost=428.46..428.72 rows=106 width=121)
	  Sort Key: c
	  ->  Index Scan using sbtest2_pkey on sbtest2  (cost=0.43..424.89 rows=106 width=121)
	        Index Cond: ((id >= 3041412) AND (id <= 3041511))

table 3 : explain SELECT c FROM sbtest3 WHERE id BETWEEN 5073272 AND 5073371 ORDER BY c
	Sort  (cost=387.74..387.98 rows=96 width=121)
	  Sort Key: c
	  ->  Index Scan using sbtest3_pkey on sbtest3  (cost=0.43..384.58 rows=96 width=121)
	        Index Cond: ((id >= 5073272) AND (id <= 5073371))

table 4 : explain SELECT c FROM sbtest4 WHERE id BETWEEN 2096416 AND 2096515 ORDER BY c
	Sort  (cost=406.52..406.77 rows=101 width=121)
	  Sort Key: c
	  ->  Index Scan using sbtest4_pkey on sbtest4  (cost=0.43..403.15 rows=101 width=121)
	        Index Cond: ((id >= 2096416) AND (id <= 2096515))

table 5 : explain SELECT c FROM sbtest5 WHERE id BETWEEN 5130099 AND 5130198 ORDER BY c
	Sort  (cost=399.54..399.79 rows=99 width=121)
	  Sort Key: c
	  ->  Index Scan using sbtest5_pkey on sbtest5  (cost=0.43..396.26 rows=99 width=121)
	        Index Cond: ((id >= 5130099) AND (id <= 5130198))

table 6 : explain SELECT c FROM sbtest6 WHERE id BETWEEN 6790378 AND 6790477 ORDER BY c
	Sort  (cost=378.88..379.12 rows=94 width=121)
	  Sort Key: c
	  ->  Index Scan using sbtest6_pkey on sbtest6  (cost=0.43..375.80 rows=94 width=121)
	        Index Cond: ((id >= 6790378) AND (id <= 6790477))

table 7 : explain SELECT c FROM sbtest7 WHERE id BETWEEN 6231146 AND 6231245 ORDER BY c
	Sort  (cost=386.48..386.72 rows=96 width=121)
	  Sort Key: c
	  ->  Index Scan using sbtest7_pkey on sbtest7  (cost=0.43..383.32 rows=96 width=121)
	        Index Cond: ((id >= 6231146) AND (id <= 6231245))

table 8 : explain SELECT c FROM sbtest8 WHERE id BETWEEN 5088772 AND 5088871 ORDER BY c
	Sort  (cost=366.19..366.42 rows=91 width=121)
	  Sort Key: c
	  ->  Index Scan using sbtest8_pkey on sbtest8  (cost=0.43..363.23 rows=91 width=121)
	        Index Cond: ((id >= 5088772) AND (id <= 5088871))

for: order_ranges
table 1 : explain SELECT c FROM sbtest1 WHERE id BETWEEN 819725 AND 819824 ORDER BY c
	Sort  (cost=379.56..379.80 rows=94 width=121)
	  Sort Key: c
	  ->  Index Scan using sbtest1_pkey on sbtest1  (cost=0.43..376.48 rows=94 width=121)
	        Index Cond: ((id >= 819725) AND (id <= 819824))

table 2 : explain SELECT c FROM sbtest2 WHERE id BETWEEN 4000330 AND 4000429 ORDER BY c
	Sort  (cost=428.46..428.72 rows=106 width=121)
	  Sort Key: c
	  ->  Index Scan using sbtest2_pkey on sbtest2  (cost=0.43..424.89 rows=106 width=121)
	        Index Cond: ((id >= 4000330) AND (id <= 4000429))

table 3 : explain SELECT c FROM sbtest3 WHERE id BETWEEN 1665856 AND 1665955 ORDER BY c
	Sort  (cost=375.74..375.97 rows=93 width=121)
	  Sort Key: c
	  ->  Index Scan using sbtest3_pkey on sbtest3  (cost=0.43..372.70 rows=93 width=121)
	        Index Cond: ((id >= 1665856) AND (id <= 1665955))

table 4 : explain SELECT c FROM sbtest4 WHERE id BETWEEN 121472 AND 121571 ORDER BY c
	Sort  (cost=410.50..410.76 rows=102 width=121)
	  Sort Key: c
	  ->  Index Scan using sbtest4_pkey on sbtest4  (cost=0.43..407.10 rows=102 width=121)
	        Index Cond: ((id >= 121472) AND (id <= 121571))

table 5 : explain SELECT c FROM sbtest5 WHERE id BETWEEN 7109185 AND 7109284 ORDER BY c
	Sort  (cost=403.54..403.79 rows=100 width=121)
	  Sort Key: c
	  ->  Index Scan using sbtest5_pkey on sbtest5  (cost=0.43..400.22 rows=100 width=121)
	        Index Cond: ((id >= 7109185) AND (id <= 7109284))

table 6 : explain SELECT c FROM sbtest6 WHERE id BETWEEN 370930 AND 371029 ORDER BY c
	Sort  (cost=410.82..411.07 rows=102 width=121)
	  Sort Key: c
	  ->  Index Scan using sbtest6_pkey on sbtest6  (cost=0.43..407.41 rows=102 width=121)
	        Index Cond: ((id >= 370930) AND (id <= 371029))

table 7 : explain SELECT c FROM sbtest7 WHERE id BETWEEN 5914810 AND 5914909 ORDER BY c
	Sort  (cost=418.39..418.65 rows=104 width=121)
	  Sort Key: c
	  ->  Index Scan using sbtest7_pkey on sbtest7  (cost=0.43..414.91 rows=104 width=121)
	        Index Cond: ((id >= 5914810) AND (id <= 5914909))

table 8 : explain SELECT c FROM sbtest8 WHERE id BETWEEN 8251219 AND 8251318 ORDER BY c
	Sort  (cost=410.01..410.26 rows=102 width=121)
	  Sort Key: c
	  ->  Index Scan using sbtest8_pkey on sbtest8  (cost=0.43..406.60 rows=102 width=121)
	        Index Cond: ((id >= 8251219) AND (id <= 8251318))

for: simple_ranges
table 1 : explain SELECT c FROM sbtest1 WHERE id BETWEEN 1490215 AND 1490314
	Index Scan using sbtest1_pkey on sbtest1  (cost=0.43..416.07 rows=104 width=121)
	  Index Cond: ((id >= 1490215) AND (id <= 1490314))

table 2 : explain SELECT c FROM sbtest2 WHERE id BETWEEN 7085280 AND 7085379
	Index Scan using sbtest2_pkey on sbtest2  (cost=0.43..401.08 rows=100 width=121)
	  Index Cond: ((id >= 7085280) AND (id <= 7085379))

table 3 : explain SELECT c FROM sbtest3 WHERE id BETWEEN 175699 AND 175798
	Index Scan using sbtest3_pkey on sbtest3  (cost=0.43..396.45 rows=99 width=121)
	  Index Cond: ((id >= 175699) AND (id <= 175798))

table 4 : explain SELECT c FROM sbtest4 WHERE id BETWEEN 8765955 AND 8766054
	Index Scan using sbtest4_pkey on sbtest4  (cost=0.43..399.19 rows=100 width=121)
	  Index Cond: ((id >= 8765955) AND (id <= 8766054))

table 5 : explain SELECT c FROM sbtest5 WHERE id BETWEEN 7564796 AND 7564895
	Index Scan using sbtest5_pkey on sbtest5  (cost=0.43..412.10 rows=103 width=121)
	  Index Cond: ((id >= 7564796) AND (id <= 7564895))

table 6 : explain SELECT c FROM sbtest6 WHERE id BETWEEN 3454997 AND 3455096
	Index Scan using sbtest6_pkey on sbtest6  (cost=0.43..403.46 rows=101 width=121)
	  Index Cond: ((id >= 3454997) AND (id <= 3455096))

table 7 : explain SELECT c FROM sbtest7 WHERE id BETWEEN 3060755 AND 3060854
	Index Scan using sbtest7_pkey on sbtest7  (cost=0.43..383.32 rows=96 width=121)
	  Index Cond: ((id >= 3060755) AND (id <= 3060854))

table 8 : explain SELECT c FROM sbtest8 WHERE id BETWEEN 3756652 AND 3756751
	Index Scan using sbtest8_pkey on sbtest8  (cost=0.43..442.08 rows=111 width=121)
	  Index Cond: ((id >= 3756652) AND (id <= 3756751))

for: sum_ranges
table 1 : explain SELECT SUM(k) FROM sbtest1 WHERE id BETWEEN 6228375 AND 6228474
	Aggregate  (cost=380.68..380.69 rows=1 width=8)
	  ->  Index Scan using sbtest1_pkey on sbtest1  (cost=0.43..380.44 rows=95 width=4)
	        Index Cond: ((id >= 6228375) AND (id <= 6228474))

table 2 : explain SELECT SUM(k) FROM sbtest2 WHERE id BETWEEN 834982 AND 835081
	Aggregate  (cost=377.53..377.54 rows=1 width=8)
	  ->  Index Scan using sbtest2_pkey on sbtest2  (cost=0.43..377.29 rows=94 width=4)
	        Index Cond: ((id >= 834982) AND (id <= 835081))

table 3 : explain SELECT SUM(k) FROM sbtest3 WHERE id BETWEEN 1590324 AND 1590423
	Aggregate  (cost=416.52..416.53 rows=1 width=8)
	  ->  Index Scan using sbtest3_pkey on sbtest3  (cost=0.43..416.26 rows=104 width=4)
	        Index Cond: ((id >= 1590324) AND (id <= 1590423))

table 4 : explain SELECT SUM(k) FROM sbtest4 WHERE id BETWEEN 4810951 AND 4811050
	Aggregate  (cost=411.30..411.31 rows=1 width=8)
	  ->  Index Scan using sbtest4_pkey on sbtest4  (cost=0.43..411.05 rows=103 width=4)
	        Index Cond: ((id >= 4810951) AND (id <= 4811050))

table 5 : explain SELECT SUM(k) FROM sbtest5 WHERE id BETWEEN 9006523 AND 9006622
	Aggregate  (cost=392.55..392.56 rows=1 width=8)
	  ->  Index Scan using sbtest5_pkey on sbtest5  (cost=0.43..392.30 rows=98 width=4)
	        Index Cond: ((id >= 9006523) AND (id <= 9006622))

table 6 : explain SELECT SUM(k) FROM sbtest6 WHERE id BETWEEN 5480874 AND 5480973
	Aggregate  (cost=376.03..376.04 rows=1 width=8)
	  ->  Index Scan using sbtest6_pkey on sbtest6  (cost=0.43..375.80 rows=94 width=4)
	        Index Cond: ((id >= 5480874) AND (id <= 5480973))

table 7 : explain SELECT SUM(k) FROM sbtest7 WHERE id BETWEEN 6301839 AND 6301938
	Aggregate  (cost=399.36..399.37 rows=1 width=8)
	  ->  Index Scan using sbtest7_pkey on sbtest7  (cost=0.43..399.11 rows=100 width=4)
	        Index Cond: ((id >= 6301839) AND (id <= 6301938))

table 8 : explain SELECT SUM(k) FROM sbtest8 WHERE id BETWEEN 1200987 AND 1201086
	Aggregate  (cost=406.86..406.87 rows=1 width=8)
	  ->  Index Scan using sbtest8_pkey on sbtest8  (cost=0.43..406.60 rows=102 width=4)
	        Index Cond: ((id >= 1200987) AND (id <= 1201086))

for: order_ranges
table 1 : explain SELECT c FROM sbtest1 WHERE id BETWEEN 6208693 AND 6208792 ORDER BY c
	Sort  (cost=383.56..383.80 rows=95 width=121)
	  Sort Key: c
	  ->  Index Scan using sbtest1_pkey on sbtest1  (cost=0.43..380.44 rows=95 width=121)
	        Index Cond: ((id >= 6208693) AND (id <= 6208792))

table 2 : explain SELECT c FROM sbtest2 WHERE id BETWEEN 1148213 AND 1148312 ORDER BY c
	Sort  (cost=416.44..416.70 rows=103 width=121)
	  Sort Key: c
	  ->  Index Scan using sbtest2_pkey on sbtest2  (cost=0.43..413.00 rows=103 width=121)
	        Index Cond: ((id >= 1148213) AND (id <= 1148312))

table 3 : explain SELECT c FROM sbtest3 WHERE id BETWEEN 6181544 AND 6181643 ORDER BY c
	Sort  (cost=407.73..407.99 rows=101 width=121)
	  Sort Key: c
	  ->  Index Scan using sbtest3_pkey on sbtest3  (cost=0.43..404.37 rows=101 width=121)
	        Index Cond: ((id >= 6181544) AND (id <= 6181643))

table 4 : explain SELECT c FROM sbtest4 WHERE id BETWEEN 9824447 AND 9824546 ORDER BY c
	Sort  (cost=390.55..390.79 rows=97 width=121)
	  Sort Key: c
	  ->  Index Scan using sbtest4_pkey on sbtest4  (cost=0.43..387.35 rows=97 width=121)
	        Index Cond: ((id >= 9824447) AND (id <= 9824546))

table 5 : explain SELECT c FROM sbtest5 WHERE id BETWEEN 5825929 AND 5826028 ORDER BY c
	Sort  (cost=439.53..439.81 rows=109 width=121)
	  Sort Key: c
	  ->  Index Scan using sbtest5_pkey on sbtest5  (cost=0.43..435.84 rows=109 width=121)
	        Index Cond: ((id >= 5825929) AND (id <= 5826028))

table 6 : explain SELECT c FROM sbtest6 WHERE id BETWEEN 828090 AND 828189 ORDER BY c
	Sort  (cost=422.79..423.05 rows=105 width=121)
	  Sort Key: c
	  ->  Index Scan using sbtest6_pkey on sbtest6  (cost=0.43..419.26 rows=105 width=121)
	        Index Cond: ((id >= 828090) AND (id <= 828189))

table 7 : explain SELECT c FROM sbtest7 WHERE id BETWEEN 972708 AND 972807 ORDER BY c
	Sort  (cost=390.47..390.71 rows=97 width=121)
	  Sort Key: c
	  ->  Index Scan using sbtest7_pkey on sbtest7  (cost=0.43..387.27 rows=97 width=121)
	        Index Cond: ((id >= 972708) AND (id <= 972807))

table 8 : explain SELECT c FROM sbtest8 WHERE id BETWEEN 2332817 AND 2332916 ORDER BY c
	Sort  (cost=402.04..402.29 rows=100 width=121)
	  Sort Key: c
	  ->  Index Scan using sbtest8_pkey on sbtest8  (cost=0.43..398.72 rows=100 width=121)
	        Index Cond: ((id >= 2332817) AND (id <= 2332916))

for: sum_ranges
table 1 : explain SELECT SUM(k) FROM sbtest1 WHERE id BETWEEN 6920459 AND 6920558
	Aggregate  (cost=380.68..380.69 rows=1 width=8)
	  ->  Index Scan using sbtest1_pkey on sbtest1  (cost=0.43..380.44 rows=95 width=4)
	        Index Cond: ((id >= 6920459) AND (id <= 6920558))

table 2 : explain SELECT SUM(k) FROM sbtest2 WHERE id BETWEEN 8295112 AND 8295211
	Aggregate  (cost=393.40..393.41 rows=1 width=8)
	  ->  Index Scan using sbtest2_pkey on sbtest2  (cost=0.43..393.15 rows=98 width=4)
	        Index Cond: ((id >= 8295112) AND (id <= 8295211))

table 3 : explain SELECT SUM(k) FROM sbtest3 WHERE id BETWEEN 7397611 AND 7397710
	Aggregate  (cost=396.70..396.71 rows=1 width=8)
	  ->  Index Scan using sbtest3_pkey on sbtest3  (cost=0.43..396.45 rows=99 width=4)
	        Index Cond: ((id >= 7397611) AND (id <= 7397710))

table 4 : explain SELECT SUM(k) FROM sbtest4 WHERE id BETWEEN 5605077 AND 5605176
	Aggregate  (cost=454.74..454.75 rows=1 width=8)
	  ->  Index Scan using sbtest4_pkey on sbtest4  (cost=0.43..454.46 rows=114 width=4)
	        Index Cond: ((id >= 5605077) AND (id <= 5605176))

table 5 : explain SELECT SUM(k) FROM sbtest5 WHERE id BETWEEN 898224 AND 898323
	Aggregate  (cost=475.71..475.72 rows=1 width=8)
	  ->  Index Scan using sbtest5_pkey on sbtest5  (cost=0.43..475.41 rows=119 width=4)
	        Index Cond: ((id >= 898224) AND (id <= 898323))

table 6 : explain SELECT SUM(k) FROM sbtest6 WHERE id BETWEEN 3567432 AND 3567531
	Aggregate  (cost=419.53..419.54 rows=1 width=8)
	  ->  Index Scan using sbtest6_pkey on sbtest6  (cost=0.43..419.26 rows=105 width=4)
	        Index Cond: ((id >= 3567432) AND (id <= 3567531))

table 7 : explain SELECT SUM(k) FROM sbtest7 WHERE id BETWEEN 8855064 AND 8855163
	Aggregate  (cost=403.32..403.33 rows=1 width=8)
	  ->  Index Scan using sbtest7_pkey on sbtest7  (cost=0.43..403.07 rows=101 width=4)
	        Index Cond: ((id >= 8855064) AND (id <= 8855163))

table 8 : explain SELECT SUM(k) FROM sbtest8 WHERE id BETWEEN 3330163 AND 3330262
	Aggregate  (cost=371.34..371.35 rows=1 width=8)
	  ->  Index Scan using sbtest8_pkey on sbtest8  (cost=0.43..371.11 rows=93 width=4)
	        Index Cond: ((id >= 3330163) AND (id <= 3330262))

for point_selects
table 1 : explain SELECT c FROM sbtest1 WHERE id=6100749
	Index Scan using sbtest1_pkey on sbtest1  (cost=0.43..8.45 rows=1 width=121)
	  Index Cond: (id = 6100749)

table 2 : explain SELECT c FROM sbtest2 WHERE id=5460835
	Index Scan using sbtest2_pkey on sbtest2  (cost=0.43..8.45 rows=1 width=121)
	  Index Cond: (id = 5460835)

table 3 : explain SELECT c FROM sbtest3 WHERE id=3795470
	Index Scan using sbtest3_pkey on sbtest3  (cost=0.43..8.45 rows=1 width=121)
	  Index Cond: (id = 3795470)

table 4 : explain SELECT c FROM sbtest4 WHERE id=357012
	Index Scan using sbtest4_pkey on sbtest4  (cost=0.43..8.45 rows=1 width=121)
	  Index Cond: (id = 357012)

table 5 : explain SELECT c FROM sbtest5 WHERE id=7220038
	Index Scan using sbtest5_pkey on sbtest5  (cost=0.43..8.45 rows=1 width=121)
	  Index Cond: (id = 7220038)

table 6 : explain SELECT c FROM sbtest6 WHERE id=6962127
	Index Scan using sbtest6_pkey on sbtest6  (cost=0.43..8.45 rows=1 width=121)
	  Index Cond: (id = 6962127)

table 7 : explain SELECT c FROM sbtest7 WHERE id=993734
	Index Scan using sbtest7_pkey on sbtest7  (cost=0.43..8.45 rows=1 width=121)
	  Index Cond: (id = 993734)

table 8 : explain SELECT c FROM sbtest8 WHERE id=3077452
	Index Scan using sbtest8_pkey on sbtest8  (cost=0.43..8.45 rows=1 width=121)
	  Index Cond: (id = 3077452)

for: sum_ranges
table 1 : explain SELECT SUM(k) FROM sbtest1 WHERE id BETWEEN 9009992 AND 9010091
	Aggregate  (cost=451.96..451.97 rows=1 width=8)
	  ->  Index Scan using sbtest1_pkey on sbtest1  (cost=0.43..451.68 rows=113 width=4)
	        Index Cond: ((id >= 9009992) AND (id <= 9010091))

table 2 : explain SELECT SUM(k) FROM sbtest2 WHERE id BETWEEN 7295223 AND 7295322
	Aggregate  (cost=421.19..421.20 rows=1 width=8)
	  ->  Index Scan using sbtest2_pkey on sbtest2  (cost=0.43..420.93 rows=105 width=4)
	        Index Cond: ((id >= 7295223) AND (id <= 7295322))

table 3 : explain SELECT SUM(k) FROM sbtest3 WHERE id BETWEEN 8162138 AND 8162237
	Aggregate  (cost=365.01..365.02 rows=1 width=8)
	  ->  Index Scan using sbtest3_pkey on sbtest3  (cost=0.43..364.78 rows=91 width=4)
	        Index Cond: ((id >= 8162138) AND (id <= 8162237))

table 4 : explain SELECT SUM(k) FROM sbtest4 WHERE id BETWEEN 533097 AND 533196
	Aggregate  (cost=427.10..427.11 rows=1 width=8)
	  ->  Index Scan using sbtest4_pkey on sbtest4  (cost=0.43..426.83 rows=107 width=4)
	        Index Cond: ((id >= 533097) AND (id <= 533196))

table 5 : explain SELECT SUM(k) FROM sbtest5 WHERE id BETWEEN 9593016 AND 9593115
	Aggregate  (cost=376.71..376.72 rows=1 width=8)
	  ->  Index Scan using sbtest5_pkey on sbtest5  (cost=0.43..376.48 rows=94 width=4)
	        Index Cond: ((id >= 9593016) AND (id <= 9593115))

table 6 : explain SELECT SUM(k) FROM sbtest6 WHERE id BETWEEN 7566712 AND 7566811
	Aggregate  (cost=407.67..407.68 rows=1 width=8)
	  ->  Index Scan using sbtest6_pkey on sbtest6  (cost=0.43..407.41 rows=102 width=4)
	        Index Cond: ((id >= 7566712) AND (id <= 7566811))

table 7 : explain SELECT SUM(k) FROM sbtest7 WHERE id BETWEEN 9874603 AND 9874702
	Aggregate  (cost=411.22..411.23 rows=1 width=8)
	  ->  Index Scan using sbtest7_pkey on sbtest7  (cost=0.43..410.96 rows=103 width=4)
	        Index Cond: ((id >= 9874603) AND (id <= 9874702))

table 8 : explain SELECT SUM(k) FROM sbtest8 WHERE id BETWEEN 9114422 AND 9114521
	Aggregate  (cost=391.06..391.07 rows=1 width=8)
	  ->  Index Scan using sbtest8_pkey on sbtest8  (cost=0.43..390.82 rows=98 width=4)
	        Index Cond: ((id >= 9114422) AND (id <= 9114521))

for: distinct_ranges
table 1 : explain SELECT DISTINCT c FROM sbtest1 WHERE id BETWEEN 1025025 AND 1025124 ORDER BY c
	Unique  (cost=399.55..400.04 rows=99 width=121)
	  ->  Sort  (cost=399.55..399.80 rows=99 width=121)
	        Sort Key: c
	        ->  Index Scan using sbtest1_pkey on sbtest1  (cost=0.43..396.27 rows=99 width=121)
	              Index Cond: ((id >= 1025025) AND (id <= 1025124))

table 2 : explain SELECT DISTINCT c FROM sbtest2 WHERE id BETWEEN 4570146 AND 4570245 ORDER BY c
	Unique  (cost=376.37..376.83 rows=93 width=121)
	  ->  Sort  (cost=376.37..376.60 rows=93 width=121)
	        Sort Key: c
	        ->  Index Scan using sbtest2_pkey on sbtest2  (cost=0.43..373.32 rows=93 width=121)
	              Index Cond: ((id >= 4570146) AND (id <= 4570245))

table 3 : explain SELECT DISTINCT c FROM sbtest3 WHERE id BETWEEN 1592979 AND 1593078 ORDER BY c
	Unique  (cost=419.75..420.27 rows=104 width=121)
	  ->  Sort  (cost=419.75..420.01 rows=104 width=121)
	        Sort Key: c
	        ->  Index Scan using sbtest3_pkey on sbtest3  (cost=0.43..416.26 rows=104 width=121)
	              Index Cond: ((id >= 1592979) AND (id <= 1593078))

table 4 : explain SELECT DISTINCT c FROM sbtest4 WHERE id BETWEEN 6468773 AND 6468872 ORDER BY c
	Unique  (cost=366.63..367.09 rows=91 width=121)
	  ->  Sort  (cost=366.63..366.86 rows=91 width=121)
	        Sort Key: c
	        ->  Index Scan using sbtest4_pkey on sbtest4  (cost=0.43..363.67 rows=91 width=121)
	              Index Cond: ((id >= 6468773) AND (id <= 6468872))

table 5 : explain SELECT DISTINCT c FROM sbtest5 WHERE id BETWEEN 3014331 AND 3014430 ORDER BY c
	Unique  (cost=399.54..400.04 rows=99 width=121)
	  ->  Sort  (cost=399.54..399.79 rows=99 width=121)
	        Sort Key: c
	        ->  Index Scan using sbtest5_pkey on sbtest5  (cost=0.43..396.26 rows=99 width=121)
	              Index Cond: ((id >= 3014331) AND (id <= 3014430))

table 6 : explain SELECT DISTINCT c FROM sbtest6 WHERE id BETWEEN 6732075 AND 6732174 ORDER BY c
	Unique  (cost=378.88..379.35 rows=94 width=121)
	  ->  Sort  (cost=378.88..379.12 rows=94 width=121)
	        Sort Key: c
	        ->  Index Scan using sbtest6_pkey on sbtest6  (cost=0.43..375.80 rows=94 width=121)
	              Index Cond: ((id >= 6732075) AND (id <= 6732174))

table 7 : explain SELECT DISTINCT c FROM sbtest7 WHERE id BETWEEN 2723813 AND 2723912 ORDER BY c
	Unique  (cost=378.51..378.98 rows=94 width=121)
	  ->  Sort  (cost=378.51..378.75 rows=94 width=121)
	        Sort Key: c
	        ->  Index Scan using sbtest7_pkey on sbtest7  (cost=0.43..375.43 rows=94 width=121)
	              Index Cond: ((id >= 2723813) AND (id <= 2723912))

table 8 : explain SELECT DISTINCT c FROM sbtest8 WHERE id BETWEEN 1997773 AND 1997872 ORDER BY c
	Unique  (cost=378.13..378.60 rows=94 width=121)
	  ->  Sort  (cost=378.13..378.37 rows=94 width=121)
	        Sort Key: c
	        ->  Index Scan using sbtest8_pkey on sbtest8  (cost=0.43..375.05 rows=94 width=121)
	              Index Cond: ((id >= 1997773) AND (id <= 1997872))

for: distinct_ranges
table 1 : explain SELECT DISTINCT c FROM sbtest1 WHERE id BETWEEN 3843182 AND 3843281 ORDER BY c
	Unique  (cost=427.55..428.08 rows=106 width=121)
	  ->  Sort  (cost=427.55..427.81 rows=106 width=121)
	        Sort Key: c
	        ->  Index Scan using sbtest1_pkey on sbtest1  (cost=0.43..423.98 rows=106 width=121)
	              Index Cond: ((id >= 3843182) AND (id <= 3843281))

table 2 : explain SELECT DISTINCT c FROM sbtest2 WHERE id BETWEEN 7002152 AND 7002251 ORDER BY c
	Unique  (cost=404.41..404.91 rows=100 width=121)
	  ->  Sort  (cost=404.41..404.66 rows=100 width=121)
	        Sort Key: c
	        ->  Index Scan using sbtest2_pkey on sbtest2  (cost=0.43..401.08 rows=100 width=121)
	              Index Cond: ((id >= 7002152) AND (id <= 7002251))

table 3 : explain SELECT DISTINCT c FROM sbtest3 WHERE id BETWEEN 3858872 AND 3858971 ORDER BY c
	Unique  (cost=443.75..444.30 rows=110 width=121)
	  ->  Sort  (cost=443.75..444.02 rows=110 width=121)
	        Sort Key: c
	        ->  Index Scan using sbtest3_pkey on sbtest3  (cost=0.43..440.02 rows=110 width=121)
	              Index Cond: ((id >= 3858872) AND (id <= 3858971))

table 4 : explain SELECT DISTINCT c FROM sbtest4 WHERE id BETWEEN 2540603 AND 2540702 ORDER BY c
	Unique  (cost=422.47..422.99 rows=105 width=121)
	  ->  Sort  (cost=422.47..422.73 rows=105 width=121)
	        Sort Key: c
	        ->  Index Scan using sbtest4_pkey on sbtest4  (cost=0.43..418.94 rows=105 width=121)
	              Index Cond: ((id >= 2540603) AND (id <= 2540702))

table 5 : explain SELECT DISTINCT c FROM sbtest5 WHERE id BETWEEN 8212296 AND 8212395 ORDER BY c
	Unique  (cost=415.55..416.06 rows=103 width=121)
	  ->  Sort  (cost=415.55..415.80 rows=103 width=121)
	        Sort Key: c
	        ->  Index Scan using sbtest5_pkey on sbtest5  (cost=0.43..412.10 rows=103 width=121)
	              Index Cond: ((id >= 8212296) AND (id <= 8212395))

table 6 : explain SELECT DISTINCT c FROM sbtest6 WHERE id BETWEEN 6747685 AND 6747784 ORDER BY c
	Unique  (cost=378.88..379.35 rows=94 width=121)
	  ->  Sort  (cost=378.88..379.12 rows=94 width=121)
	        Sort Key: c
	        ->  Index Scan using sbtest6_pkey on sbtest6  (cost=0.43..375.80 rows=94 width=121)
	              Index Cond: ((id >= 6747685) AND (id <= 6747784))

table 7 : explain SELECT DISTINCT c FROM sbtest7 WHERE id BETWEEN 1759376 AND 1759475 ORDER BY c
	Unique  (cost=390.47..390.95 rows=97 width=121)
	  ->  Sort  (cost=390.47..390.71 rows=97 width=121)
	        Sort Key: c
	        ->  Index Scan using sbtest7_pkey on sbtest7  (cost=0.43..387.27 rows=97 width=121)
	              Index Cond: ((id >= 1759376) AND (id <= 1759475))

table 8 : explain SELECT DISTINCT c FROM sbtest8 WHERE id BETWEEN 5208333 AND 5208432 ORDER BY c
	Unique  (cost=390.08..390.56 rows=97 width=121)
	  ->  Sort  (cost=390.08..390.32 rows=97 width=121)
	        Sort Key: c
	        ->  Index Scan using sbtest8_pkey on sbtest8  (cost=0.43..386.88 rows=97 width=121)
	              Index Cond: ((id >= 5208333) AND (id <= 5208432))

for: distinct_ranges
table 1 : explain SELECT DISTINCT c FROM sbtest1 WHERE id BETWEEN 8524767 AND 8524866 ORDER BY c
	Unique  (cost=399.55..400.04 rows=99 width=121)
	  ->  Sort  (cost=399.55..399.80 rows=99 width=121)
	        Sort Key: c
	        ->  Index Scan using sbtest1_pkey on sbtest1  (cost=0.43..396.27 rows=99 width=121)
	              Index Cond: ((id >= 8524767) AND (id <= 8524866))

table 2 : explain SELECT DISTINCT c FROM sbtest2 WHERE id BETWEEN 1446401 AND 1446500 ORDER BY c
	Unique  (cost=384.38..384.85 rows=95 width=121)
	  ->  Sort  (cost=384.38..384.61 rows=95 width=121)
	        Sort Key: c
	        ->  Index Scan using sbtest2_pkey on sbtest2  (cost=0.43..381.26 rows=95 width=121)
	              Index Cond: ((id >= 1446401) AND (id <= 1446500))

table 3 : explain SELECT DISTINCT c FROM sbtest3 WHERE id BETWEEN 8021482 AND 8021581 ORDER BY c
	Unique  (cost=399.74..400.23 rows=99 width=121)
	  ->  Sort  (cost=399.74..399.98 rows=99 width=121)
	        Sort Key: c
	        ->  Index Scan using sbtest3_pkey on sbtest3  (cost=0.43..396.45 rows=99 width=121)
	              Index Cond: ((id >= 8021482) AND (id <= 8021581))

table 4 : explain SELECT DISTINCT c FROM sbtest4 WHERE id BETWEEN 2535356 AND 2535455 ORDER BY c
	Unique  (cost=422.47..422.99 rows=105 width=121)
	  ->  Sort  (cost=422.47..422.73 rows=105 width=121)
	        Sort Key: c
	        ->  Index Scan using sbtest4_pkey on sbtest4  (cost=0.43..418.94 rows=105 width=121)
	              Index Cond: ((id >= 2535356) AND (id <= 2535455))

table 5 : explain SELECT DISTINCT c FROM sbtest5 WHERE id BETWEEN 142370 AND 142469 ORDER BY c
	Unique  (cost=387.55..388.03 rows=96 width=121)
	  ->  Sort  (cost=387.55..387.79 rows=96 width=121)
	        Sort Key: c
	        ->  Index Scan using sbtest5_pkey on sbtest5  (cost=0.43..384.39 rows=96 width=121)
	              Index Cond: ((id >= 142370) AND (id <= 142469))

table 6 : explain SELECT DISTINCT c FROM sbtest6 WHERE id BETWEEN 8928788 AND 8928887 ORDER BY c
	Unique  (cost=362.92..363.37 rows=90 width=121)
	  ->  Sort  (cost=362.92..363.15 rows=90 width=121)
	        Sort Key: c
	        ->  Index Scan using sbtest6_pkey on sbtest6  (cost=0.43..360.00 rows=90 width=121)
	              Index Cond: ((id >= 8928788) AND (id <= 8928887))

table 7 : explain SELECT DISTINCT c FROM sbtest7 WHERE id BETWEEN 4706544 AND 4706643 ORDER BY c
	Unique  (cost=434.34..434.88 rows=108 width=121)
	  ->  Sort  (cost=434.34..434.61 rows=108 width=121)
	        Sort Key: c
	        ->  Index Scan using sbtest7_pkey on sbtest7  (cost=0.43..430.69 rows=108 width=121)
	              Index Cond: ((id >= 4706544) AND (id <= 4706643))

table 8 : explain SELECT DISTINCT c FROM sbtest8 WHERE id BETWEEN 8656296 AND 8656395 ORDER BY c
	Unique  (cost=429.92..430.45 rows=107 width=121)
	  ->  Sort  (cost=429.92..430.18 rows=107 width=121)
	        Sort Key: c
	        ->  Index Scan using sbtest8_pkey on sbtest8  (cost=0.43..426.31 rows=107 width=121)
	              Index Cond: ((id >= 8656296) AND (id <= 8656395))

for: order_ranges
table 1 : explain SELECT c FROM sbtest1 WHERE id BETWEEN 6885813 AND 6885912 ORDER BY c
	Sort  (cost=383.56..383.80 rows=95 width=121)
	  Sort Key: c
	  ->  Index Scan using sbtest1_pkey on sbtest1  (cost=0.43..380.44 rows=95 width=121)
	        Index Cond: ((id >= 6885813) AND (id <= 6885912))

table 2 : explain SELECT c FROM sbtest2 WHERE id BETWEEN 9106737 AND 9106836 ORDER BY c
	Sort  (cost=408.41..408.66 rows=101 width=121)
	  Sort Key: c
	  ->  Index Scan using sbtest2_pkey on sbtest2  (cost=0.43..405.05 rows=101 width=121)
	        Index Cond: ((id >= 9106737) AND (id <= 9106836))

table 3 : explain SELECT c FROM sbtest3 WHERE id BETWEEN 8753754 AND 8753853 ORDER BY c
	Sort  (cost=383.74..383.98 rows=95 width=121)
	  Sort Key: c
	  ->  Index Scan using sbtest3_pkey on sbtest3  (cost=0.43..380.62 rows=95 width=121)
	        Index Cond: ((id >= 8753754) AND (id <= 8753853))

table 4 : explain SELECT c FROM sbtest4 WHERE id BETWEEN 6023220 AND 6023319 ORDER BY c
	Sort  (cost=454.37..454.65 rows=113 width=121)
	  Sort Key: c
	  ->  Index Scan using sbtest4_pkey on sbtest4  (cost=0.43..450.51 rows=113 width=121)
	        Index Cond: ((id >= 6023220) AND (id <= 6023319))

table 5 : explain SELECT c FROM sbtest5 WHERE id BETWEEN 768946 AND 769045 ORDER BY c
	Sort  (cost=439.53..439.81 rows=109 width=121)
	  Sort Key: c
	  ->  Index Scan using sbtest5_pkey on sbtest5  (cost=0.43..435.84 rows=109 width=121)
	        Index Cond: ((id >= 768946) AND (id <= 769045))

table 6 : explain SELECT c FROM sbtest6 WHERE id BETWEEN 5913000 AND 5913099 ORDER BY c
	Sort  (cost=378.88..379.12 rows=94 width=121)
	  Sort Key: c
	  ->  Index Scan using sbtest6_pkey on sbtest6  (cost=0.43..375.80 rows=94 width=121)
	        Index Cond: ((id >= 5913000) AND (id <= 5913099))

table 7 : explain SELECT c FROM sbtest7 WHERE id BETWEEN 8922093 AND 8922192 ORDER BY c
	Sort  (cost=422.38..422.64 rows=105 width=121)
	  Sort Key: c
	  ->  Index Scan using sbtest7_pkey on sbtest7  (cost=0.43..418.85 rows=105 width=121)
	        Index Cond: ((id >= 8922093) AND (id <= 8922192))

table 8 : explain SELECT c FROM sbtest8 WHERE id BETWEEN 8186999 AND 8187098 ORDER BY c
	Sort  (cost=421.95..422.22 rows=105 width=121)
	  Sort Key: c
	  ->  Index Scan using sbtest8_pkey on sbtest8  (cost=0.43..418.43 rows=105 width=121)
	        Index Cond: ((id >= 8186999) AND (id <= 8187098))

for: distinct_ranges
table 1 : explain SELECT DISTINCT c FROM sbtest1 WHERE id BETWEEN 5069601 AND 5069700 ORDER BY c
	Unique  (cost=403.55..404.05 rows=100 width=121)
	  ->  Sort  (cost=403.55..403.80 rows=100 width=121)
	        Sort Key: c
	        ->  Index Scan using sbtest1_pkey on sbtest1  (cost=0.43..400.22 rows=100 width=121)
	              Index Cond: ((id >= 5069601) AND (id <= 5069700))

table 2 : explain SELECT DISTINCT c FROM sbtest2 WHERE id BETWEEN 6461479 AND 6461578 ORDER BY c
	Unique  (cost=432.46..433.00 rows=107 width=121)
	  ->  Sort  (cost=432.46..432.73 rows=107 width=121)
	        Sort Key: c
	        ->  Index Scan using sbtest2_pkey on sbtest2  (cost=0.43..428.86 rows=107 width=121)
	              Index Cond: ((id >= 6461479) AND (id <= 6461578))

table 3 : explain SELECT DISTINCT c FROM sbtest3 WHERE id BETWEEN 5258205 AND 5258304 ORDER BY c
	Unique  (cost=403.74..404.24 rows=100 width=121)
	  ->  Sort  (cost=403.74..403.99 rows=100 width=121)
	        Sort Key: c
	        ->  Index Scan using sbtest3_pkey on sbtest3  (cost=0.43..400.41 rows=100 width=121)
	              Index Cond: ((id >= 5258205) AND (id <= 5258304))

table 4 : explain SELECT DISTINCT c FROM sbtest4 WHERE id BETWEEN 4002823 AND 4002922 ORDER BY c
	Unique  (cost=382.58..383.05 rows=95 width=121)
	  ->  Sort  (cost=382.58..382.82 rows=95 width=121)
	        Sort Key: c
	        ->  Index Scan using sbtest4_pkey on sbtest4  (cost=0.43..379.46 rows=95 width=121)
	              Index Cond: ((id >= 4002823) AND (id <= 4002922))

table 5 : explain SELECT DISTINCT c FROM sbtest5 WHERE id BETWEEN 387095 AND 387194 ORDER BY c
	Unique  (cost=451.53..452.09 rows=112 width=121)
	  ->  Sort  (cost=451.53..451.81 rows=112 width=121)
	        Sort Key: c
	        ->  Index Scan using sbtest5_pkey on sbtest5  (cost=0.43..447.72 rows=112 width=121)
	              Index Cond: ((id >= 387095) AND (id <= 387194))

table 6 : explain SELECT DISTINCT c FROM sbtest6 WHERE id BETWEEN 5303406 AND 5303505 ORDER BY c
	Unique  (cost=402.84..403.34 rows=100 width=121)
	  ->  Sort  (cost=402.84..403.09 rows=100 width=121)
	        Sort Key: c
	        ->  Index Scan using sbtest6_pkey on sbtest6  (cost=0.43..399.51 rows=100 width=121)
	              Index Cond: ((id >= 5303406) AND (id <= 5303505))

table 7 : explain SELECT DISTINCT c FROM sbtest7 WHERE id BETWEEN 1874423 AND 1874522 ORDER BY c
	Unique  (cost=382.50..382.97 rows=95 width=121)
	  ->  Sort  (cost=382.50..382.74 rows=95 width=121)
	        Sort Key: c
	        ->  Index Scan using sbtest7_pkey on sbtest7  (cost=0.43..379.38 rows=95 width=121)
	              Index Cond: ((id >= 1874423) AND (id <= 1874522))

table 8 : explain SELECT DISTINCT c FROM sbtest8 WHERE id BETWEEN 2766264 AND 2766363 ORDER BY c
	Unique  (cost=354.25..354.69 rows=88 width=121)
	  ->  Sort  (cost=354.25..354.47 rows=88 width=121)
	        Sort Key: c
	        ->  Index Scan using sbtest8_pkey on sbtest8  (cost=0.43..351.40 rows=88 width=121)
	              Index Cond: ((id >= 2766264) AND (id <= 2766363))

for: sum_ranges
table 1 : explain SELECT SUM(k) FROM sbtest1 WHERE id BETWEEN 7392047 AND 7392146
	Aggregate  (cost=444.04..444.05 rows=1 width=8)
	  ->  Index Scan using sbtest1_pkey on sbtest1  (cost=0.43..443.77 rows=111 width=4)
	        Index Cond: ((id >= 7392047) AND (id <= 7392146))

table 2 : explain SELECT SUM(k) FROM sbtest2 WHERE id BETWEEN 4235503 AND 4235602
	Aggregate  (cost=421.19..421.20 rows=1 width=8)
	  ->  Index Scan using sbtest2_pkey on sbtest2  (cost=0.43..420.93 rows=105 width=4)
	        Index Cond: ((id >= 4235503) AND (id <= 4235602))

table 3 : explain SELECT SUM(k) FROM sbtest3 WHERE id BETWEEN 1052064 AND 1052163
	Aggregate  (cost=345.20..345.21 rows=1 width=8)
	  ->  Index Scan using sbtest3_pkey on sbtest3  (cost=0.43..344.99 rows=86 width=4)
	        Index Cond: ((id >= 1052064) AND (id <= 1052163))

table 4 : explain SELECT SUM(k) FROM sbtest4 WHERE id BETWEEN 1915479 AND 1915578
	Aggregate  (cost=419.20..419.21 rows=1 width=8)
	  ->  Index Scan using sbtest4_pkey on sbtest4  (cost=0.43..418.94 rows=105 width=4)
	        Index Cond: ((id >= 1915479) AND (id <= 1915578))

table 5 : explain SELECT SUM(k) FROM sbtest5 WHERE id BETWEEN 5443659 AND 5443758
	Aggregate  (cost=408.40..408.41 rows=1 width=8)
	  ->  Index Scan using sbtest5_pkey on sbtest5  (cost=0.43..408.15 rows=102 width=4)
	        Index Cond: ((id >= 5443659) AND (id <= 5443758))

table 6 : explain SELECT SUM(k) FROM sbtest6 WHERE id BETWEEN 981337 AND 981436
	Aggregate  (cost=368.13..368.14 rows=1 width=8)
	  ->  Index Scan using sbtest6_pkey on sbtest6  (cost=0.43..367.90 rows=92 width=4)
	        Index Cond: ((id >= 981337) AND (id <= 981436))

table 7 : explain SELECT SUM(k) FROM sbtest7 WHERE id BETWEEN 7946141 AND 7946240
	Aggregate  (cost=363.82..363.83 rows=1 width=8)
	  ->  Index Scan using sbtest7_pkey on sbtest7  (cost=0.43..363.59 rows=91 width=4)
	        Index Cond: ((id >= 7946141) AND (id <= 7946240))

table 8 : explain SELECT SUM(k) FROM sbtest8 WHERE id BETWEEN 3353092 AND 3353191
	Aggregate  (cost=371.34..371.35 rows=1 width=8)
	  ->  Index Scan using sbtest8_pkey on sbtest8  (cost=0.43..371.11 rows=93 width=4)
	        Index Cond: ((id >= 3353092) AND (id <= 3353191))

for: simple_ranges
table 1 : explain SELECT c FROM sbtest1 WHERE id BETWEEN 8468595 AND 8468694
	Index Scan using sbtest1_pkey on sbtest1  (cost=0.43..368.57 rows=92 width=121)
	  Index Cond: ((id >= 8468595) AND (id <= 8468694))

table 2 : explain SELECT c FROM sbtest2 WHERE id BETWEEN 1169747 AND 1169846
	Index Scan using sbtest2_pkey on sbtest2  (cost=0.43..413.00 rows=103 width=121)
	  Index Cond: ((id >= 1169747) AND (id <= 1169846))

table 3 : explain SELECT c FROM sbtest3 WHERE id BETWEEN 4847441 AND 4847540
	Index Scan using sbtest3_pkey on sbtest3  (cost=0.43..463.77 rows=116 width=121)
	  Index Cond: ((id >= 4847441) AND (id <= 4847540))

table 4 : explain SELECT c FROM sbtest4 WHERE id BETWEEN 7931105 AND 7931204
	Index Scan using sbtest4_pkey on sbtest4  (cost=0.43..434.73 rows=109 width=121)
	  Index Cond: ((id >= 7931105) AND (id <= 7931204))

table 5 : explain SELECT c FROM sbtest5 WHERE id BETWEEN 7028056 AND 7028155
	Index Scan using sbtest5_pkey on sbtest5  (cost=0.43..372.52 rows=93 width=121)
	  Index Cond: ((id >= 7028056) AND (id <= 7028155))

table 6 : explain SELECT c FROM sbtest6 WHERE id BETWEEN 3205852 AND 3205951
	Index Scan using sbtest6_pkey on sbtest6  (cost=0.43..375.80 rows=94 width=121)
	  Index Cond: ((id >= 3205852) AND (id <= 3205951))

table 7 : explain SELECT c FROM sbtest7 WHERE id BETWEEN 4581391 AND 4581490
	Index Scan using sbtest7_pkey on sbtest7  (cost=0.43..375.43 rows=94 width=121)
	  Index Cond: ((id >= 4581391) AND (id <= 4581490))

table 8 : explain SELECT c FROM sbtest8 WHERE id BETWEEN 2911846 AND 2911945
	Index Scan using sbtest8_pkey on sbtest8  (cost=0.43..394.78 rows=99 width=121)
	  Index Cond: ((id >= 2911846) AND (id <= 2911945))

for: distinct_ranges
table 1 : explain SELECT DISTINCT c FROM sbtest1 WHERE id BETWEEN 868471 AND 868570 ORDER BY c
	Unique  (cost=379.56..380.03 rows=94 width=121)
	  ->  Sort  (cost=379.56..379.80 rows=94 width=121)
	        Sort Key: c
	        ->  Index Scan using sbtest1_pkey on sbtest1  (cost=0.43..376.48 rows=94 width=121)
	              Index Cond: ((id >= 868471) AND (id <= 868570))

table 2 : explain SELECT DISTINCT c FROM sbtest2 WHERE id BETWEEN 4447194 AND 4447293 ORDER BY c
	Unique  (cost=404.41..404.91 rows=100 width=121)
	  ->  Sort  (cost=404.41..404.66 rows=100 width=121)
	        Sort Key: c
	        ->  Index Scan using sbtest2_pkey on sbtest2  (cost=0.43..401.08 rows=100 width=121)
	              Index Cond: ((id >= 4447194) AND (id <= 4447293))

table 3 : explain SELECT DISTINCT c FROM sbtest3 WHERE id BETWEEN 3423864 AND 3423963 ORDER BY c
	Unique  (cost=391.74..392.22 rows=97 width=121)
	  ->  Sort  (cost=391.74..391.98 rows=97 width=121)
	        Sort Key: c
	        ->  Index Scan using sbtest3_pkey on sbtest3  (cost=0.43..388.54 rows=97 width=121)
	              Index Cond: ((id >= 3423864) AND (id <= 3423963))

table 4 : explain SELECT DISTINCT c FROM sbtest4 WHERE id BETWEEN 5591417 AND 5591516 ORDER BY c
	Unique  (cost=458.35..458.92 rows=114 width=121)
	  ->  Sort  (cost=458.35..458.64 rows=114 width=121)
	        Sort Key: c
	        ->  Index Scan using sbtest4_pkey on sbtest4  (cost=0.43..454.46 rows=114 width=121)
	              Index Cond: ((id >= 5591417) AND (id <= 5591516))

table 5 : explain SELECT DISTINCT c FROM sbtest5 WHERE id BETWEEN 8258592 AND 8258691 ORDER BY c
	Unique  (cost=415.55..416.06 rows=103 width=121)
	  ->  Sort  (cost=415.55..415.80 rows=103 width=121)
	        Sort Key: c
	        ->  Index Scan using sbtest5_pkey on sbtest5  (cost=0.43..412.10 rows=103 width=121)
	              Index Cond: ((id >= 8258592) AND (id <= 8258691))

table 6 : explain SELECT DISTINCT c FROM sbtest6 WHERE id BETWEEN 7574963 AND 7575062 ORDER BY c
	Unique  (cost=410.82..411.33 rows=102 width=121)
	  ->  Sort  (cost=410.82..411.07 rows=102 width=121)
	        Sort Key: c
	        ->  Index Scan using sbtest6_pkey on sbtest6  (cost=0.43..407.41 rows=102 width=121)
	              Index Cond: ((id >= 7574963) AND (id <= 7575062))

table 7 : explain SELECT DISTINCT c FROM sbtest7 WHERE id BETWEEN 9865012 AND 9865111 ORDER BY c
	Unique  (cost=414.40..414.92 rows=103 width=121)
	  ->  Sort  (cost=414.40..414.66 rows=103 width=121)
	        Sort Key: c
	        ->  Index Scan using sbtest7_pkey on sbtest7  (cost=0.43..410.96 rows=103 width=121)
	              Index Cond: ((id >= 9865012) AND (id <= 9865111))

table 8 : explain SELECT DISTINCT c FROM sbtest8 WHERE id BETWEEN 2553502 AND 2553601 ORDER BY c
	Unique  (cost=449.83..450.39 rows=112 width=121)
	  ->  Sort  (cost=449.83..450.11 rows=112 width=121)
	        Sort Key: c
	        ->  Index Scan using sbtest8_pkey on sbtest8  (cost=0.43..446.02 rows=112 width=121)
	              Index Cond: ((id >= 2553502) AND (id <= 2553601))

for: simple_ranges
table 1 : explain SELECT c FROM sbtest1 WHERE id BETWEEN 1652689 AND 1652788
	Index Scan using sbtest1_pkey on sbtest1  (cost=0.43..443.77 rows=111 width=121)
	  Index Cond: ((id >= 1652689) AND (id <= 1652788))

table 2 : explain SELECT c FROM sbtest2 WHERE id BETWEEN 1460092 AND 1460191
	Index Scan using sbtest2_pkey on sbtest2  (cost=0.43..381.26 rows=95 width=121)
	  Index Cond: ((id >= 1460092) AND (id <= 1460191))

table 3 : explain SELECT c FROM sbtest3 WHERE id BETWEEN 4061913 AND 4062012
	Index Scan using sbtest3_pkey on sbtest3  (cost=0.43..440.02 rows=110 width=121)
	  Index Cond: ((id >= 4061913) AND (id <= 4062012))

table 4 : explain SELECT c FROM sbtest4 WHERE id BETWEEN 2070203 AND 2070302
	Index Scan using sbtest4_pkey on sbtest4  (cost=0.43..430.78 rows=108 width=121)
	  Index Cond: ((id >= 2070203) AND (id <= 2070302))

table 5 : explain SELECT c FROM sbtest5 WHERE id BETWEEN 7978352 AND 7978451
	Index Scan using sbtest5_pkey on sbtest5  (cost=0.43..388.35 rows=97 width=121)
	  Index Cond: ((id >= 7978352) AND (id <= 7978451))

table 6 : explain SELECT c FROM sbtest6 WHERE id BETWEEN 8503076 AND 8503175
	Index Scan using sbtest6_pkey on sbtest6  (cost=0.43..403.46 rows=101 width=121)
	  Index Cond: ((id >= 8503076) AND (id <= 8503175))

table 7 : explain SELECT c FROM sbtest7 WHERE id BETWEEN 2437593 AND 2437692
	Index Scan using sbtest7_pkey on sbtest7  (cost=0.43..371.49 rows=93 width=121)
	  Index Cond: ((id >= 2437593) AND (id <= 2437692))

table 8 : explain SELECT c FROM sbtest8 WHERE id BETWEEN 5651218 AND 5651317
	Index Scan using sbtest8_pkey on sbtest8  (cost=0.43..371.11 rows=93 width=121)
	  Index Cond: ((id >= 5651218) AND (id <= 5651317))

for: order_ranges
table 1 : explain SELECT c FROM sbtest1 WHERE id BETWEEN 6027314 AND 6027413 ORDER BY c
	Sort  (cost=375.57..375.80 rows=93 width=121)
	  Sort Key: c
	  ->  Index Scan using sbtest1_pkey on sbtest1  (cost=0.43..372.52 rows=93 width=121)
	        Index Cond: ((id >= 6027314) AND (id <= 6027413))

table 2 : explain SELECT c FROM sbtest2 WHERE id BETWEEN 4413350 AND 4413449 ORDER BY c
	Sort  (cost=404.41..404.66 rows=100 width=121)
	  Sort Key: c
	  ->  Index Scan using sbtest2_pkey on sbtest2  (cost=0.43..401.08 rows=100 width=121)
	        Index Cond: ((id >= 4413350) AND (id <= 4413449))

table 3 : explain SELECT c FROM sbtest3 WHERE id BETWEEN 5603125 AND 5603224 ORDER BY c
	Sort  (cost=407.73..407.99 rows=101 width=121)
	  Sort Key: c
	  ->  Index Scan using sbtest3_pkey on sbtest3  (cost=0.43..404.37 rows=101 width=121)
	        Index Cond: ((id >= 5603125) AND (id <= 5603224))

table 4 : explain SELECT c FROM sbtest4 WHERE id BETWEEN 423545 AND 423644 ORDER BY c
	Sort  (cost=378.59..378.83 rows=94 width=121)
	  Sort Key: c
	  ->  Index Scan using sbtest4_pkey on sbtest4  (cost=0.43..375.51 rows=94 width=121)
	        Index Cond: ((id >= 423545) AND (id <= 423644))

table 5 : explain SELECT c FROM sbtest5 WHERE id BETWEEN 4690805 AND 4690904 ORDER BY c
	Sort  (cost=407.55..407.80 rows=101 width=121)
	  Sort Key: c
	  ->  Index Scan using sbtest5_pkey on sbtest5  (cost=0.43..404.19 rows=101 width=121)
	        Index Cond: ((id >= 4690805) AND (id <= 4690904))

table 6 : explain SELECT c FROM sbtest6 WHERE id BETWEEN 2062580 AND 2062679 ORDER BY c
	Sort  (cost=450.72..451.00 rows=112 width=121)
	  Sort Key: c
	  ->  Index Scan using sbtest6_pkey on sbtest6  (cost=0.43..446.91 rows=112 width=121)
	        Index Cond: ((id >= 2062580) AND (id <= 2062679))

table 7 : explain SELECT c FROM sbtest7 WHERE id BETWEEN 9207478 AND 9207577 ORDER BY c
	Sort  (cost=430.35..430.62 rows=107 width=121)
	  Sort Key: c
	  ->  Index Scan using sbtest7_pkey on sbtest7  (cost=0.43..426.74 rows=107 width=121)
	        Index Cond: ((id >= 9207478) AND (id <= 9207577))

table 8 : explain SELECT c FROM sbtest8 WHERE id BETWEEN 7613730 AND 7613829 ORDER BY c
	Sort  (cost=382.11..382.35 rows=95 width=121)
	  Sort Key: c
	  ->  Index Scan using sbtest8_pkey on sbtest8  (cost=0.43..378.99 rows=95 width=121)
	        Index Cond: ((id >= 7613730) AND (id <= 7613829))

for: distinct_ranges
table 1 : explain SELECT DISTINCT c FROM sbtest1 WHERE id BETWEEN 571639 AND 571738 ORDER BY c
	Unique  (cost=427.55..428.08 rows=106 width=121)
	  ->  Sort  (cost=427.55..427.81 rows=106 width=121)
	        Sort Key: c
	        ->  Index Scan using sbtest1_pkey on sbtest1  (cost=0.43..423.98 rows=106 width=121)
	              Index Cond: ((id >= 571639) AND (id <= 571738))

table 2 : explain SELECT DISTINCT c FROM sbtest2 WHERE id BETWEEN 4180227 AND 4180326 ORDER BY c
	Unique  (cost=384.38..384.85 rows=95 width=121)
	  ->  Sort  (cost=384.38..384.61 rows=95 width=121)
	        Sort Key: c
	        ->  Index Scan using sbtest2_pkey on sbtest2  (cost=0.43..381.26 rows=95 width=121)
	              Index Cond: ((id >= 4180227) AND (id <= 4180326))

table 3 : explain SELECT DISTINCT c FROM sbtest3 WHERE id BETWEEN 5602624 AND 5602723 ORDER BY c
	Unique  (cost=407.73..408.24 rows=101 width=121)
	  ->  Sort  (cost=407.73..407.99 rows=101 width=121)
	        Sort Key: c
	        ->  Index Scan using sbtest3_pkey on sbtest3  (cost=0.43..404.37 rows=101 width=121)
	              Index Cond: ((id >= 5602624) AND (id <= 5602723))

table 4 : explain SELECT DISTINCT c FROM sbtest4 WHERE id BETWEEN 8494680 AND 8494779 ORDER BY c
	Unique  (cost=394.54..395.03 rows=98 width=121)
	  ->  Sort  (cost=394.54..394.78 rows=98 width=121)
	        Sort Key: c
	        ->  Index Scan using sbtest4_pkey on sbtest4  (cost=0.43..391.30 rows=98 width=121)
	              Index Cond: ((id >= 8494680) AND (id <= 8494779))

table 5 : explain SELECT DISTINCT c FROM sbtest5 WHERE id BETWEEN 8973300 AND 8973399 ORDER BY c
	Unique  (cost=435.54..436.08 rows=108 width=121)
	  ->  Sort  (cost=435.54..435.81 rows=108 width=121)
	        Sort Key: c
	        ->  Index Scan using sbtest5_pkey on sbtest5  (cost=0.43..431.89 rows=108 width=121)
	              Index Cond: ((id >= 8973300) AND (id <= 8973399))

table 6 : explain SELECT DISTINCT c FROM sbtest6 WHERE id BETWEEN 3675500 AND 3675599 ORDER BY c
	Unique  (cost=386.86..387.34 rows=96 width=121)
	  ->  Sort  (cost=386.86..387.10 rows=96 width=121)
	        Sort Key: c
	        ->  Index Scan using sbtest6_pkey on sbtest6  (cost=0.43..383.70 rows=96 width=121)
	              Index Cond: ((id >= 3675500) AND (id <= 3675599))

table 7 : explain SELECT DISTINCT c FROM sbtest7 WHERE id BETWEEN 4163141 AND 4163240 ORDER BY c
	Unique  (cost=390.47..390.95 rows=97 width=121)
	  ->  Sort  (cost=390.47..390.71 rows=97 width=121)
	        Sort Key: c
	        ->  Index Scan using sbtest7_pkey on sbtest7  (cost=0.43..387.27 rows=97 width=121)
	              Index Cond: ((id >= 4163141) AND (id <= 4163240))

table 8 : explain SELECT DISTINCT c FROM sbtest8 WHERE id BETWEEN 1445755 AND 1445854 ORDER BY c
	Unique  (cost=465.76..466.34 rows=116 width=121)
	  ->  Sort  (cost=465.76..466.05 rows=116 width=121)
	        Sort Key: c
	        ->  Index Scan using sbtest8_pkey on sbtest8  (cost=0.43..461.78 rows=116 width=121)
	              Index Cond: ((id >= 1445755) AND (id <= 1445854))

for: order_ranges
table 1 : explain SELECT c FROM sbtest1 WHERE id BETWEEN 5714156 AND 5714255 ORDER BY c
	Sort  (cost=391.55..391.80 rows=97 width=121)
	  Sort Key: c
	  ->  Index Scan using sbtest1_pkey on sbtest1  (cost=0.43..388.35 rows=97 width=121)
	        Index Cond: ((id >= 5714156) AND (id <= 5714255))

table 2 : explain SELECT c FROM sbtest2 WHERE id BETWEEN 6017528 AND 6017627 ORDER BY c
	Sort  (cost=440.48..440.75 rows=109 width=121)
	  Sort Key: c
	  ->  Index Scan using sbtest2_pkey on sbtest2  (cost=0.43..436.79 rows=109 width=121)
	        Index Cond: ((id >= 6017528) AND (id <= 6017627))

table 3 : explain SELECT c FROM sbtest3 WHERE id BETWEEN 1588837 AND 1588936 ORDER BY c
	Sort  (cost=419.75..420.01 rows=104 width=121)
	  Sort Key: c
	  ->  Index Scan using sbtest3_pkey on sbtest3  (cost=0.43..416.26 rows=104 width=121)
	        Index Cond: ((id >= 1588837) AND (id <= 1588936))

table 4 : explain SELECT c FROM sbtest4 WHERE id BETWEEN 1861922 AND 1862021 ORDER BY c
	Sort  (cost=378.59..378.83 rows=94 width=121)
	  Sort Key: c
	  ->  Index Scan using sbtest4_pkey on sbtest4  (cost=0.43..375.51 rows=94 width=121)
	        Index Cond: ((id >= 1861922) AND (id <= 1862021))

table 5 : explain SELECT c FROM sbtest5 WHERE id BETWEEN 3823054 AND 3823153 ORDER BY c
	Sort  (cost=407.54..407.79 rows=101 width=121)
	  Sort Key: c
	  ->  Index Scan using sbtest5_pkey on sbtest5  (cost=0.43..404.17 rows=101 width=121)
	        Index Cond: ((id >= 3823054) AND (id <= 3823153))

table 6 : explain SELECT c FROM sbtest6 WHERE id BETWEEN 1711367 AND 1711466 ORDER BY c
	Sort  (cost=410.82..411.07 rows=102 width=121)
	  Sort Key: c
	  ->  Index Scan using sbtest6_pkey on sbtest6  (cost=0.43..407.41 rows=102 width=121)
	        Index Cond: ((id >= 1711367) AND (id <= 1711466))

table 7 : explain SELECT c FROM sbtest7 WHERE id BETWEEN 6503867 AND 6503966 ORDER BY c
	Sort  (cost=414.40..414.66 rows=103 width=121)
	  Sort Key: c
	  ->  Index Scan using sbtest7_pkey on sbtest7  (cost=0.43..410.96 rows=103 width=121)
	        Index Cond: ((id >= 6503867) AND (id <= 6503966))

table 8 : explain SELECT c FROM sbtest8 WHERE id BETWEEN 2809096 AND 2809195 ORDER BY c
	Sort  (cost=429.92..430.18 rows=107 width=121)
	  Sort Key: c
	  ->  Index Scan using sbtest8_pkey on sbtest8  (cost=0.43..426.31 rows=107 width=121)
	        Index Cond: ((id >= 2809096) AND (id <= 2809195))

for: order_ranges
table 1 : explain SELECT c FROM sbtest1 WHERE id BETWEEN 9733454 AND 9733553 ORDER BY c
	Sort  (cost=383.56..383.80 rows=95 width=121)
	  Sort Key: c
	  ->  Index Scan using sbtest1_pkey on sbtest1  (cost=0.43..380.44 rows=95 width=121)
	        Index Cond: ((id >= 9733454) AND (id <= 9733553))

table 2 : explain SELECT c FROM sbtest2 WHERE id BETWEEN 9356670 AND 9356769 ORDER BY c
	Sort  (cost=440.48..440.75 rows=109 width=121)
	  Sort Key: c
	  ->  Index Scan using sbtest2_pkey on sbtest2  (cost=0.43..436.79 rows=109 width=121)
	        Index Cond: ((id >= 9356670) AND (id <= 9356769))

table 3 : explain SELECT c FROM sbtest3 WHERE id BETWEEN 215497 AND 215596 ORDER BY c
	Sort  (cost=423.75..424.01 rows=105 width=121)
	  Sort Key: c
	  ->  Index Scan using sbtest3_pkey on sbtest3  (cost=0.43..420.22 rows=105 width=121)
	        Index Cond: ((id >= 215497) AND (id <= 215596))

table 4 : explain SELECT c FROM sbtest4 WHERE id BETWEEN 706116 AND 706215 ORDER BY c
	Sort  (cost=426.45..426.72 rows=106 width=121)
	  Sort Key: c
	  ->  Index Scan using sbtest4_pkey on sbtest4  (cost=0.43..422.89 rows=106 width=121)
	        Index Cond: ((id >= 706116) AND (id <= 706215))

table 5 : explain SELECT c FROM sbtest5 WHERE id BETWEEN 5135856 AND 5135955 ORDER BY c
	Sort  (cost=399.54..399.79 rows=99 width=121)
	  Sort Key: c
	  ->  Index Scan using sbtest5_pkey on sbtest5  (cost=0.43..396.26 rows=99 width=121)
	        Index Cond: ((id >= 5135856) AND (id <= 5135955))

table 6 : explain SELECT c FROM sbtest6 WHERE id BETWEEN 2671908 AND 2672007 ORDER BY c
	Sort  (cost=378.88..379.12 rows=94 width=121)
	  Sort Key: c
	  ->  Index Scan using sbtest6_pkey on sbtest6  (cost=0.43..375.80 rows=94 width=121)
	        Index Cond: ((id >= 2671908) AND (id <= 2672007))

table 7 : explain SELECT c FROM sbtest7 WHERE id BETWEEN 9648731 AND 9648830 ORDER BY c
	Sort  (cost=434.34..434.61 rows=108 width=121)
	  Sort Key: c
	  ->  Index Scan using sbtest7_pkey on sbtest7  (cost=0.43..430.69 rows=108 width=121)
	        Index Cond: ((id >= 9648731) AND (id <= 9648830))

table 8 : explain SELECT c FROM sbtest8 WHERE id BETWEEN 5090492 AND 5090591 ORDER BY c
	Sort  (cost=366.19..366.42 rows=91 width=121)
	  Sort Key: c
	  ->  Index Scan using sbtest8_pkey on sbtest8  (cost=0.43..363.23 rows=91 width=121)
	        Index Cond: ((id >= 5090492) AND (id <= 5090591))

for: order_ranges
table 1 : explain SELECT c FROM sbtest1 WHERE id BETWEEN 7673170 AND 7673269 ORDER BY c
	Sort  (cost=423.55..423.81 rows=105 width=121)
	  Sort Key: c
	  ->  Index Scan using sbtest1_pkey on sbtest1  (cost=0.43..420.02 rows=105 width=121)
	        Index Cond: ((id >= 7673170) AND (id <= 7673269))

table 2 : explain SELECT c FROM sbtest2 WHERE id BETWEEN 5143417 AND 5143516 ORDER BY c
	Sort  (cost=400.40..400.65 rows=99 width=121)
	  Sort Key: c
	  ->  Index Scan using sbtest2_pkey on sbtest2  (cost=0.43..397.12 rows=99 width=121)
	        Index Cond: ((id >= 5143417) AND (id <= 5143516))

table 3 : explain SELECT c FROM sbtest3 WHERE id BETWEEN 3049686 AND 3049785 ORDER BY c
	Sort  (cost=399.74..399.98 rows=99 width=121)
	  Sort Key: c
	  ->  Index Scan using sbtest3_pkey on sbtest3  (cost=0.43..396.45 rows=99 width=121)
	        Index Cond: ((id >= 3049686) AND (id <= 3049785))

table 4 : explain SELECT c FROM sbtest4 WHERE id BETWEEN 8943468 AND 8943567 ORDER BY c
	Sort  (cost=370.62..370.85 rows=92 width=121)
	  Sort Key: c
	  ->  Index Scan using sbtest4_pkey on sbtest4  (cost=0.43..367.62 rows=92 width=121)
	        Index Cond: ((id >= 8943468) AND (id <= 8943567))

table 5 : explain SELECT c FROM sbtest5 WHERE id BETWEEN 7348260 AND 7348359 ORDER BY c
	Sort  (cost=415.55..415.80 rows=103 width=121)
	  Sort Key: c
	  ->  Index Scan using sbtest5_pkey on sbtest5  (cost=0.43..412.10 rows=103 width=121)
	        Index Cond: ((id >= 7348260) AND (id <= 7348359))

table 6 : explain SELECT c FROM sbtest6 WHERE id BETWEEN 9813092 AND 9813191 ORDER BY c
	Sort  (cost=390.85..391.09 rows=97 width=121)
	  Sort Key: c
	  ->  Index Scan using sbtest6_pkey on sbtest6  (cost=0.43..387.65 rows=97 width=121)
	        Index Cond: ((id >= 9813092) AND (id <= 9813191))

table 7 : explain SELECT c FROM sbtest7 WHERE id BETWEEN 9251540 AND 9251639 ORDER BY c
	Sort  (cost=430.35..430.62 rows=107 width=121)
	  Sort Key: c
	  ->  Index Scan using sbtest7_pkey on sbtest7  (cost=0.43..426.74 rows=107 width=121)
	        Index Cond: ((id >= 9251540) AND (id <= 9251639))

table 8 : explain SELECT c FROM sbtest8 WHERE id BETWEEN 8424412 AND 8424511 ORDER BY c
	Sort  (cost=406.02..406.28 rows=101 width=121)
	  Sort Key: c
	  ->  Index Scan using sbtest8_pkey on sbtest8  (cost=0.43..402.66 rows=101 width=121)
	        Index Cond: ((id >= 8424412) AND (id <= 8424511))

for: sum_ranges
table 1 : explain SELECT SUM(k) FROM sbtest1 WHERE id BETWEEN 6062127 AND 6062226
	Aggregate  (cost=372.76..372.77 rows=1 width=8)
	  ->  Index Scan using sbtest1_pkey on sbtest1  (cost=0.43..372.52 rows=93 width=4)
	        Index Cond: ((id >= 6062127) AND (id <= 6062226))

table 2 : explain SELECT SUM(k) FROM sbtest2 WHERE id BETWEEN 5235251 AND 5235350
	Aggregate  (cost=397.37..397.38 rows=1 width=8)
	  ->  Index Scan using sbtest2_pkey on sbtest2  (cost=0.43..397.12 rows=99 width=4)
	        Index Cond: ((id >= 5235251) AND (id <= 5235350))

table 3 : explain SELECT SUM(k) FROM sbtest3 WHERE id BETWEEN 3737343 AND 3737442
	Aggregate  (cost=388.78..388.79 rows=1 width=8)
	  ->  Index Scan using sbtest3_pkey on sbtest3  (cost=0.43..388.54 rows=97 width=4)
	        Index Cond: ((id >= 3737343) AND (id <= 3737442))

table 4 : explain SELECT SUM(k) FROM sbtest4 WHERE id BETWEEN 3731056 AND 3731155
	Aggregate  (cost=399.44..399.45 rows=1 width=8)
	  ->  Index Scan using sbtest4_pkey on sbtest4  (cost=0.43..399.19 rows=100 width=4)
	        Index Cond: ((id >= 3731056) AND (id <= 3731155))

table 5 : explain SELECT SUM(k) FROM sbtest5 WHERE id BETWEEN 2688464 AND 2688563
	Aggregate  (cost=412.36..412.37 rows=1 width=8)
	  ->  Index Scan using sbtest5_pkey on sbtest5  (cost=0.43..412.10 rows=103 width=4)
	        Index Cond: ((id >= 2688464) AND (id <= 2688563))

table 6 : explain SELECT SUM(k) FROM sbtest6 WHERE id BETWEEN 4169620 AND 4169719
	Aggregate  (cost=391.84..391.85 rows=1 width=8)
	  ->  Index Scan using sbtest6_pkey on sbtest6  (cost=0.43..391.60 rows=98 width=4)
	        Index Cond: ((id >= 4169620) AND (id <= 4169719))

table 7 : explain SELECT SUM(k) FROM sbtest7 WHERE id BETWEEN 2496878 AND 2496977
	Aggregate  (cost=415.17..415.18 rows=1 width=8)
	  ->  Index Scan using sbtest7_pkey on sbtest7  (cost=0.43..414.91 rows=104 width=4)
	        Index Cond: ((id >= 2496878) AND (id <= 2496977))

table 8 : explain SELECT SUM(k) FROM sbtest8 WHERE id BETWEEN 206544 AND 206643
	Aggregate  (cost=398.97..398.98 rows=1 width=8)
	  ->  Index Scan using sbtest8_pkey on sbtest8  (cost=0.43..398.72 rows=100 width=4)
	        Index Cond: ((id >= 206544) AND (id <= 206643))

for: distinct_ranges
table 1 : explain SELECT DISTINCT c FROM sbtest1 WHERE id BETWEEN 3100525 AND 3100624 ORDER BY c
	Unique  (cost=355.58..356.02 rows=88 width=121)
	  ->  Sort  (cost=355.58..355.80 rows=88 width=121)
	        Sort Key: c
	        ->  Index Scan using sbtest1_pkey on sbtest1  (cost=0.43..352.74 rows=88 width=121)
	              Index Cond: ((id >= 3100525) AND (id <= 3100624))

table 2 : explain SELECT DISTINCT c FROM sbtest2 WHERE id BETWEEN 1692313 AND 1692412 ORDER BY c
	Unique  (cost=400.40..400.90 rows=99 width=121)
	  ->  Sort  (cost=400.40..400.65 rows=99 width=121)
	        Sort Key: c
	        ->  Index Scan using sbtest2_pkey on sbtest2  (cost=0.43..397.12 rows=99 width=121)
	              Index Cond: ((id >= 1692313) AND (id <= 1692412))

table 3 : explain SELECT DISTINCT c FROM sbtest3 WHERE id BETWEEN 1325293 AND 1325392 ORDER BY c
	Unique  (cost=387.74..388.22 rows=96 width=121)
	  ->  Sort  (cost=387.74..387.98 rows=96 width=121)
	        Sort Key: c
	        ->  Index Scan using sbtest3_pkey on sbtest3  (cost=0.43..384.58 rows=96 width=121)
	              Index Cond: ((id >= 1325293) AND (id <= 1325392))

table 4 : explain SELECT DISTINCT c FROM sbtest4 WHERE id BETWEEN 4402120 AND 4402219 ORDER BY c
	Unique  (cost=450.38..450.94 rows=112 width=121)
	  ->  Sort  (cost=450.38..450.66 rows=112 width=121)
	        Sort Key: c
	        ->  Index Scan using sbtest4_pkey on sbtest4  (cost=0.43..446.57 rows=112 width=121)
	              Index Cond: ((id >= 4402120) AND (id <= 4402219))

table 5 : explain SELECT DISTINCT c FROM sbtest5 WHERE id BETWEEN 1867960 AND 1868059 ORDER BY c
	Unique  (cost=363.57..364.02 rows=90 width=121)
	  ->  Sort  (cost=363.57..363.79 rows=90 width=121)
	        Sort Key: c
	        ->  Index Scan using sbtest5_pkey on sbtest5  (cost=0.43..360.65 rows=90 width=121)
	              Index Cond: ((id >= 1867960) AND (id <= 1868059))

table 6 : explain SELECT DISTINCT c FROM sbtest6 WHERE id BETWEEN 4367624 AND 4367723 ORDER BY c
	Unique  (cost=406.83..407.33 rows=101 width=121)
	  ->  Sort  (cost=406.83..407.08 rows=101 width=121)
	        Sort Key: c
	        ->  Index Scan using sbtest6_pkey on sbtest6  (cost=0.43..403.46 rows=101 width=121)
	              Index Cond: ((id >= 4367624) AND (id <= 4367723))

table 7 : explain SELECT DISTINCT c FROM sbtest7 WHERE id BETWEEN 9872667 AND 9872766 ORDER BY c
	Unique  (cost=414.40..414.92 rows=103 width=121)
	  ->  Sort  (cost=414.40..414.66 rows=103 width=121)
	        Sort Key: c
	        ->  Index Scan using sbtest7_pkey on sbtest7  (cost=0.43..410.96 rows=103 width=121)
	              Index Cond: ((id >= 9872667) AND (id <= 9872766))

table 8 : explain SELECT DISTINCT c FROM sbtest8 WHERE id BETWEEN 9157325 AND 9157424 ORDER BY c
	Unique  (cost=394.06..394.55 rows=98 width=121)
	  ->  Sort  (cost=394.06..394.30 rows=98 width=121)
	        Sort Key: c
	        ->  Index Scan using sbtest8_pkey on sbtest8  (cost=0.43..390.82 rows=98 width=121)
	              Index Cond: ((id >= 9157325) AND (id <= 9157424))

for: sum_ranges
table 1 : explain SELECT SUM(k) FROM sbtest1 WHERE id BETWEEN 4351241 AND 4351340
	Aggregate  (cost=412.37..412.38 rows=1 width=8)
	  ->  Index Scan using sbtest1_pkey on sbtest1  (cost=0.43..412.11 rows=103 width=4)
	        Index Cond: ((id >= 4351241) AND (id <= 4351340))

table 2 : explain SELECT SUM(k) FROM sbtest2 WHERE id BETWEEN 7892378 AND 7892477
	Aggregate  (cost=381.49..381.50 rows=1 width=8)
	  ->  Index Scan using sbtest2_pkey on sbtest2  (cost=0.43..381.26 rows=95 width=4)
	        Index Cond: ((id >= 7892378) AND (id <= 7892477))

table 3 : explain SELECT SUM(k) FROM sbtest3 WHERE id BETWEEN 4924246 AND 4924345
	Aggregate  (cost=436.33..436.34 rows=1 width=8)
	  ->  Index Scan using sbtest3_pkey on sbtest3  (cost=0.43..436.06 rows=109 width=4)
	        Index Cond: ((id >= 4924246) AND (id <= 4924345))

table 4 : explain SELECT SUM(k) FROM sbtest4 WHERE id BETWEEN 9478631 AND 9478730
	Aggregate  (cost=403.39..403.40 rows=1 width=8)
	  ->  Index Scan using sbtest4_pkey on sbtest4  (cost=0.43..403.14 rows=101 width=4)
	        Index Cond: ((id >= 9478631) AND (id <= 9478730))

table 5 : explain SELECT SUM(k) FROM sbtest5 WHERE id BETWEEN 3624271 AND 3624370
	Aggregate  (cost=436.12..436.13 rows=1 width=8)
	  ->  Index Scan using sbtest5_pkey on sbtest5  (cost=0.43..435.84 rows=109 width=4)
	        Index Cond: ((id >= 3624271) AND (id <= 3624370))

table 6 : explain SELECT SUM(k) FROM sbtest6 WHERE id BETWEEN 9742734 AND 9742833
	Aggregate  (cost=419.53..419.54 rows=1 width=8)
	  ->  Index Scan using sbtest6_pkey on sbtest6  (cost=0.43..419.26 rows=105 width=4)
	        Index Cond: ((id >= 9742734) AND (id <= 9742833))

table 7 : explain SELECT SUM(k) FROM sbtest7 WHERE id BETWEEN 6958081 AND 6958180
	Aggregate  (cost=399.37..399.38 rows=1 width=8)
	  ->  Index Scan using sbtest7_pkey on sbtest7  (cost=0.43..399.12 rows=100 width=4)
	        Index Cond: ((id >= 6958081) AND (id <= 6958180))

table 8 : explain SELECT SUM(k) FROM sbtest8 WHERE id BETWEEN 4846156 AND 4846255
	Aggregate  (cost=395.03..395.04 rows=1 width=8)
	  ->  Index Scan using sbtest8_pkey on sbtest8  (cost=0.43..394.78 rows=99 width=4)
	        Index Cond: ((id >= 4846156) AND (id <= 4846255))

for: distinct_ranges
table 1 : explain SELECT DISTINCT c FROM sbtest1 WHERE id BETWEEN 6088709 AND 6088808 ORDER BY c
	Unique  (cost=375.57..376.03 rows=93 width=121)
	  ->  Sort  (cost=375.57..375.80 rows=93 width=121)
	        Sort Key: c
	        ->  Index Scan using sbtest1_pkey on sbtest1  (cost=0.43..372.52 rows=93 width=121)
	              Index Cond: ((id >= 6088709) AND (id <= 6088808))

table 2 : explain SELECT DISTINCT c FROM sbtest2 WHERE id BETWEEN 5193944 AND 5194043 ORDER BY c
	Unique  (cost=400.40..400.90 rows=99 width=121)
	  ->  Sort  (cost=400.40..400.65 rows=99 width=121)
	        Sort Key: c
	        ->  Index Scan using sbtest2_pkey on sbtest2  (cost=0.43..397.12 rows=99 width=121)
	              Index Cond: ((id >= 5193944) AND (id <= 5194043))

table 3 : explain SELECT DISTINCT c FROM sbtest3 WHERE id BETWEEN 3830215 AND 3830314 ORDER BY c
	Unique  (cost=387.74..388.22 rows=96 width=121)
	  ->  Sort  (cost=387.74..387.98 rows=96 width=121)
	        Sort Key: c
	        ->  Index Scan using sbtest3_pkey on sbtest3  (cost=0.43..384.58 rows=96 width=121)
	              Index Cond: ((id >= 3830215) AND (id <= 3830314))

table 4 : explain SELECT DISTINCT c FROM sbtest4 WHERE id BETWEEN 5979975 AND 5980074 ORDER BY c
	Unique  (cost=454.37..454.93 rows=113 width=121)
	  ->  Sort  (cost=454.37..454.65 rows=113 width=121)
	        Sort Key: c
	        ->  Index Scan using sbtest4_pkey on sbtest4  (cost=0.43..450.51 rows=113 width=121)
	              Index Cond: ((id >= 5979975) AND (id <= 5980074))

table 5 : explain SELECT DISTINCT c FROM sbtest5 WHERE id BETWEEN 57152 AND 57251 ORDER BY c
	Unique  (cost=379.56..380.03 rows=94 width=121)
	  ->  Sort  (cost=379.56..379.79 rows=94 width=121)
	        Sort Key: c
	        ->  Index Scan using sbtest5_pkey on sbtest5  (cost=0.43..376.48 rows=94 width=121)
	              Index Cond: ((id >= 57152) AND (id <= 57251))

table 6 : explain SELECT DISTINCT c FROM sbtest6 WHERE id BETWEEN 720640 AND 720739 ORDER BY c
	Unique  (cost=422.79..423.31 rows=105 width=121)
	  ->  Sort  (cost=422.79..423.05 rows=105 width=121)
	        Sort Key: c
	        ->  Index Scan using sbtest6_pkey on sbtest6  (cost=0.43..419.26 rows=105 width=121)
	              Index Cond: ((id >= 720640) AND (id <= 720739))

table 7 : explain SELECT DISTINCT c FROM sbtest7 WHERE id BETWEEN 254501 AND 254600 ORDER BY c
	Unique  (cost=418.39..418.91 rows=104 width=121)
	  ->  Sort  (cost=418.39..418.65 rows=104 width=121)
	        Sort Key: c
	        ->  Index Scan using sbtest7_pkey on sbtest7  (cost=0.43..414.91 rows=104 width=121)
	              Index Cond: ((id >= 254501) AND (id <= 254600))

table 8 : explain SELECT DISTINCT c FROM sbtest8 WHERE id BETWEEN 7779981 AND 7780080 ORDER BY c
	Unique  (cost=398.04..398.54 rows=99 width=121)
	  ->  Sort  (cost=398.04..398.29 rows=99 width=121)
	        Sort Key: c
	        ->  Index Scan using sbtest8_pkey on sbtest8  (cost=0.43..394.76 rows=99 width=121)
	              Index Cond: ((id >= 7779981) AND (id <= 7780080))

for: distinct_ranges
table 1 : explain SELECT DISTINCT c FROM sbtest1 WHERE id BETWEEN 6447299 AND 6447398 ORDER BY c
	Unique  (cost=399.55..400.04 rows=99 width=121)
	  ->  Sort  (cost=399.55..399.80 rows=99 width=121)
	        Sort Key: c
	        ->  Index Scan using sbtest1_pkey on sbtest1  (cost=0.43..396.27 rows=99 width=121)
	              Index Cond: ((id >= 6447299) AND (id <= 6447398))

table 2 : explain SELECT DISTINCT c FROM sbtest2 WHERE id BETWEEN 7931600 AND 7931699 ORDER BY c
	Unique  (cost=408.41..408.92 rows=101 width=121)
	  ->  Sort  (cost=408.41..408.66 rows=101 width=121)
	        Sort Key: c
	        ->  Index Scan using sbtest2_pkey on sbtest2  (cost=0.43..405.05 rows=101 width=121)
	              Index Cond: ((id >= 7931600) AND (id <= 7931699))

table 3 : explain SELECT DISTINCT c FROM sbtest3 WHERE id BETWEEN 807841 AND 807940 ORDER BY c
	Unique  (cost=363.75..364.20 rows=90 width=121)
	  ->  Sort  (cost=363.75..363.97 rows=90 width=121)
	        Sort Key: c
	        ->  Index Scan using sbtest3_pkey on sbtest3  (cost=0.43..360.82 rows=90 width=121)
	              Index Cond: ((id >= 807841) AND (id <= 807940))

table 4 : explain SELECT DISTINCT c FROM sbtest4 WHERE id BETWEEN 36155 AND 36254 ORDER BY c
	Unique  (cost=386.56..387.04 rows=96 width=121)
	  ->  Sort  (cost=386.56..386.80 rows=96 width=121)
	        Sort Key: c
	        ->  Index Scan using sbtest4_pkey on sbtest4  (cost=0.43..383.40 rows=96 width=121)
	              Index Cond: ((id >= 36155) AND (id <= 36254))

table 5 : explain SELECT DISTINCT c FROM sbtest5 WHERE id BETWEEN 3517364 AND 3517463 ORDER BY c
	Unique  (cost=403.54..404.04 rows=100 width=121)
	  ->  Sort  (cost=403.54..403.79 rows=100 width=121)
	        Sort Key: c
	        ->  Index Scan using sbtest5_pkey on sbtest5  (cost=0.43..400.22 rows=100 width=121)
	              Index Cond: ((id >= 3517364) AND (id <= 3517463))

table 6 : explain SELECT DISTINCT c FROM sbtest6 WHERE id BETWEEN 975372 AND 975471 ORDER BY c
	Unique  (cost=370.90..371.36 rows=92 width=121)
	  ->  Sort  (cost=370.90..371.13 rows=92 width=121)
	        Sort Key: c
	        ->  Index Scan using sbtest6_pkey on sbtest6  (cost=0.43..367.90 rows=92 width=121)
	              Index Cond: ((id >= 975372) AND (id <= 975471))

table 7 : explain SELECT DISTINCT c FROM sbtest7 WHERE id BETWEEN 5744691 AND 5744790 ORDER BY c
	Unique  (cost=414.40..414.92 rows=103 width=121)
	  ->  Sort  (cost=414.40..414.66 rows=103 width=121)
	        Sort Key: c
	        ->  Index Scan using sbtest7_pkey on sbtest7  (cost=0.43..410.96 rows=103 width=121)
	              Index Cond: ((id >= 5744691) AND (id <= 5744790))

table 8 : explain SELECT DISTINCT c FROM sbtest8 WHERE id BETWEEN 1825737 AND 1825836 ORDER BY c
	Unique  (cost=417.97..418.49 rows=104 width=121)
	  ->  Sort  (cost=417.97..418.23 rows=104 width=121)
	        Sort Key: c
	        ->  Index Scan using sbtest8_pkey on sbtest8  (cost=0.43..414.49 rows=104 width=121)
	              Index Cond: ((id >= 1825737) AND (id <= 1825836))

for: order_ranges
table 1 : explain SELECT c FROM sbtest1 WHERE id BETWEEN 1869778 AND 1869877 ORDER BY c
	Sort  (cost=371.57..371.80 rows=92 width=121)
	  Sort Key: c
	  ->  Index Scan using sbtest1_pkey on sbtest1  (cost=0.43..368.57 rows=92 width=121)
	        Index Cond: ((id >= 1869778) AND (id <= 1869877))

table 2 : explain SELECT c FROM sbtest2 WHERE id BETWEEN 8063035 AND 8063134 ORDER BY c
	Sort  (cost=436.47..436.74 rows=108 width=121)
	  Sort Key: c
	  ->  Index Scan using sbtest2_pkey on sbtest2  (cost=0.43..432.82 rows=108 width=121)
	        Index Cond: ((id >= 8063035) AND (id <= 8063134))

table 3 : explain SELECT c FROM sbtest3 WHERE id BETWEEN 8502105 AND 8502204 ORDER BY c
	Sort  (cost=367.74..367.97 rows=91 width=121)
	  Sort Key: c
	  ->  Index Scan using sbtest3_pkey on sbtest3  (cost=0.43..364.78 rows=91 width=121)
	        Index Cond: ((id >= 8502105) AND (id <= 8502204))

table 4 : explain SELECT c FROM sbtest4 WHERE id BETWEEN 2757523 AND 2757622 ORDER BY c
	Sort  (cost=398.52..398.77 rows=99 width=121)
	  Sort Key: c
	  ->  Index Scan using sbtest4_pkey on sbtest4  (cost=0.43..395.24 rows=99 width=121)
	        Index Cond: ((id >= 2757523) AND (id <= 2757622))

table 5 : explain SELECT c FROM sbtest5 WHERE id BETWEEN 5769937 AND 5770036 ORDER BY c
	Sort  (cost=439.53..439.81 rows=109 width=121)
	  Sort Key: c
	  ->  Index Scan using sbtest5_pkey on sbtest5  (cost=0.43..435.84 rows=109 width=121)
	        Index Cond: ((id >= 5769937) AND (id <= 5770036))

table 6 : explain SELECT c FROM sbtest6 WHERE id BETWEEN 6905176 AND 6905275 ORDER BY c
	Sort  (cost=398.83..399.08 rows=99 width=121)
	  Sort Key: c
	  ->  Index Scan using sbtest6_pkey on sbtest6  (cost=0.43..395.55 rows=99 width=121)
	        Index Cond: ((id >= 6905176) AND (id <= 6905275))

table 7 : explain SELECT c FROM sbtest7 WHERE id BETWEEN 4493523 AND 4493622 ORDER BY c
	Sort  (cost=398.44..398.69 rows=99 width=121)
	  Sort Key: c
	  ->  Index Scan using sbtest7_pkey on sbtest7  (cost=0.43..395.16 rows=99 width=121)
	        Index Cond: ((id >= 4493523) AND (id <= 4493622))

table 8 : explain SELECT c FROM sbtest8 WHERE id BETWEEN 2581334 AND 2581433 ORDER BY c
	Sort  (cost=394.06..394.30 rows=98 width=121)
	  Sort Key: c
	  ->  Index Scan using sbtest8_pkey on sbtest8  (cost=0.43..390.82 rows=98 width=121)
	        Index Cond: ((id >= 2581334) AND (id <= 2581433))

for: order_ranges
table 1 : explain SELECT c FROM sbtest1 WHERE id BETWEEN 4804227 AND 4804326 ORDER BY c
	Sort  (cost=427.55..427.81 rows=106 width=121)
	  Sort Key: c
	  ->  Index Scan using sbtest1_pkey on sbtest1  (cost=0.43..423.98 rows=106 width=121)
	        Index Cond: ((id >= 4804227) AND (id <= 4804326))

table 2 : explain SELECT c FROM sbtest2 WHERE id BETWEEN 6886358 AND 6886457 ORDER BY c
	Sort  (cost=436.47..436.74 rows=108 width=121)
	  Sort Key: c
	  ->  Index Scan using sbtest2_pkey on sbtest2  (cost=0.43..432.82 rows=108 width=121)
	        Index Cond: ((id >= 6886358) AND (id <= 6886457))

table 3 : explain SELECT c FROM sbtest3 WHERE id BETWEEN 3809596 AND 3809695 ORDER BY c
	Sort  (cost=387.74..387.98 rows=96 width=121)
	  Sort Key: c
	  ->  Index Scan using sbtest3_pkey on sbtest3  (cost=0.43..384.58 rows=96 width=121)
	        Index Cond: ((id >= 3809596) AND (id <= 3809695))

table 4 : explain SELECT c FROM sbtest4 WHERE id BETWEEN 7309853 AND 7309952 ORDER BY c
	Sort  (cost=426.45..426.72 rows=106 width=121)
	  Sort Key: c
	  ->  Index Scan using sbtest4_pkey on sbtest4  (cost=0.43..422.89 rows=106 width=121)
	        Index Cond: ((id >= 7309853) AND (id <= 7309952))

table 5 : explain SELECT c FROM sbtest5 WHERE id BETWEEN 1700309 AND 1700408 ORDER BY c
	Sort  (cost=407.54..407.79 rows=101 width=121)
	  Sort Key: c
	  ->  Index Scan using sbtest5_pkey on sbtest5  (cost=0.43..404.17 rows=101 width=121)
	        Index Cond: ((id >= 1700309) AND (id <= 1700408))

table 6 : explain SELECT c FROM sbtest6 WHERE id BETWEEN 7018923 AND 7019022 ORDER BY c
	Sort  (cost=410.82..411.07 rows=102 width=121)
	  Sort Key: c
	  ->  Index Scan using sbtest6_pkey on sbtest6  (cost=0.43..407.41 rows=102 width=121)
	        Index Cond: ((id >= 7018923) AND (id <= 7019022))

table 7 : explain SELECT c FROM sbtest7 WHERE id BETWEEN 4843321 AND 4843420 ORDER BY c
	Sort  (cost=402.43..402.68 rows=100 width=121)
	  Sort Key: c
	  ->  Index Scan using sbtest7_pkey on sbtest7  (cost=0.43..399.11 rows=100 width=121)
	        Index Cond: ((id >= 4843321) AND (id <= 4843420))

table 8 : explain SELECT c FROM sbtest8 WHERE id BETWEEN 3608513 AND 3608612 ORDER BY c
	Sort  (cost=410.01..410.26 rows=102 width=121)
	  Sort Key: c
	  ->  Index Scan using sbtest8_pkey on sbtest8  (cost=0.43..406.60 rows=102 width=121)
	        Index Cond: ((id >= 3608513) AND (id <= 3608612))

for: distinct_ranges
table 1 : explain SELECT DISTINCT c FROM sbtest1 WHERE id BETWEEN 5347665 AND 5347764 ORDER BY c
	Unique  (cost=379.56..380.03 rows=94 width=121)
	  ->  Sort  (cost=379.56..379.80 rows=94 width=121)
	        Sort Key: c
	        ->  Index Scan using sbtest1_pkey on sbtest1  (cost=0.43..376.48 rows=94 width=121)
	              Index Cond: ((id >= 5347665) AND (id <= 5347764))

table 2 : explain SELECT DISTINCT c FROM sbtest2 WHERE id BETWEEN 2337221 AND 2337320 ORDER BY c
	Unique  (cost=372.36..372.82 rows=92 width=121)
	  ->  Sort  (cost=372.36..372.59 rows=92 width=121)
	        Sort Key: c
	        ->  Index Scan using sbtest2_pkey on sbtest2  (cost=0.43..369.36 rows=92 width=121)
	              Index Cond: ((id >= 2337221) AND (id <= 2337320))

table 3 : explain SELECT DISTINCT c FROM sbtest3 WHERE id BETWEEN 6436655 AND 6436754 ORDER BY c
	Unique  (cost=359.75..360.19 rows=89 width=121)
	  ->  Sort  (cost=359.75..359.97 rows=89 width=121)
	        Sort Key: c
	        ->  Index Scan using sbtest3_pkey on sbtest3  (cost=0.43..356.87 rows=89 width=121)
	              Index Cond: ((id >= 6436655) AND (id <= 6436754))

table 4 : explain SELECT DISTINCT c FROM sbtest4 WHERE id BETWEEN 5920755 AND 5920854 ORDER BY c
	Unique  (cost=426.45..426.98 rows=106 width=121)
	  ->  Sort  (cost=426.45..426.72 rows=106 width=121)
	        Sort Key: c
	        ->  Index Scan using sbtest4_pkey on sbtest4  (cost=0.43..422.89 rows=106 width=121)
	              Index Cond: ((id >= 5920755) AND (id <= 5920854))

table 5 : explain SELECT DISTINCT c FROM sbtest5 WHERE id BETWEEN 8708705 AND 8708804 ORDER BY c
	Unique  (cost=391.55..392.03 rows=97 width=121)
	  ->  Sort  (cost=391.55..391.79 rows=97 width=121)
	        Sort Key: c
	        ->  Index Scan using sbtest5_pkey on sbtest5  (cost=0.43..388.35 rows=97 width=121)
	              Index Cond: ((id >= 8708705) AND (id <= 8708804))

table 6 : explain SELECT DISTINCT c FROM sbtest6 WHERE id BETWEEN 8017562 AND 8017661 ORDER BY c
	Unique  (cost=394.84..395.33 rows=98 width=121)
	  ->  Sort  (cost=394.84..395.08 rows=98 width=121)
	        Sort Key: c
	        ->  Index Scan using sbtest6_pkey on sbtest6  (cost=0.43..391.60 rows=98 width=121)
	              Index Cond: ((id >= 8017562) AND (id <= 8017661))

table 7 : explain SELECT DISTINCT c FROM sbtest7 WHERE id BETWEEN 2926596 AND 2926695 ORDER BY c
	Unique  (cost=406.43..406.94 rows=101 width=121)
	  ->  Sort  (cost=406.43..406.68 rows=101 width=121)
	        Sort Key: c
	        ->  Index Scan using sbtest7_pkey on sbtest7  (cost=0.43..403.07 rows=101 width=121)
	              Index Cond: ((id >= 2926596) AND (id <= 2926695))

table 8 : explain SELECT DISTINCT c FROM sbtest8 WHERE id BETWEEN 8449717 AND 8449816 ORDER BY c
	Unique  (cost=406.02..406.53 rows=101 width=121)
	  ->  Sort  (cost=406.02..406.28 rows=101 width=121)
	        Sort Key: c
	        ->  Index Scan using sbtest8_pkey on sbtest8  (cost=0.43..402.66 rows=101 width=121)
	              Index Cond: ((id >= 8449717) AND (id <= 8449816))

for: distinct_ranges
table 1 : explain SELECT DISTINCT c FROM sbtest1 WHERE id BETWEEN 8660220 AND 8660319 ORDER BY c
	Unique  (cost=375.57..376.03 rows=93 width=121)
	  ->  Sort  (cost=375.57..375.80 rows=93 width=121)
	        Sort Key: c
	        ->  Index Scan using sbtest1_pkey on sbtest1  (cost=0.43..372.52 rows=93 width=121)
	              Index Cond: ((id >= 8660220) AND (id <= 8660319))

table 2 : explain SELECT DISTINCT c FROM sbtest2 WHERE id BETWEEN 9764754 AND 9764853 ORDER BY c
	Unique  (cost=404.41..404.91 rows=100 width=121)
	  ->  Sort  (cost=404.41..404.66 rows=100 width=121)
	        Sort Key: c
	        ->  Index Scan using sbtest2_pkey on sbtest2  (cost=0.43..401.08 rows=100 width=121)
	              Index Cond: ((id >= 9764754) AND (id <= 9764853))

table 3 : explain SELECT DISTINCT c FROM sbtest3 WHERE id BETWEEN 407460 AND 407559 ORDER BY c
	Unique  (cost=363.75..364.20 rows=90 width=121)
	  ->  Sort  (cost=363.75..363.97 rows=90 width=121)
	        Sort Key: c
	        ->  Index Scan using sbtest3_pkey on sbtest3  (cost=0.43..360.82 rows=90 width=121)
	              Index Cond: ((id >= 407460) AND (id <= 407559))

table 4 : explain SELECT DISTINCT c FROM sbtest4 WHERE id BETWEEN 7493075 AND 7493174 ORDER BY c
	Unique  (cost=382.58..383.05 rows=95 width=121)
	  ->  Sort  (cost=382.58..382.82 rows=95 width=121)
	        Sort Key: c
	        ->  Index Scan using sbtest4_pkey on sbtest4  (cost=0.43..379.46 rows=95 width=121)
	              Index Cond: ((id >= 7493075) AND (id <= 7493174))

table 5 : explain SELECT DISTINCT c FROM sbtest5 WHERE id BETWEEN 6953256 AND 6953355 ORDER BY c
	Unique  (cost=395.54..396.03 rows=98 width=121)
	  ->  Sort  (cost=395.54..395.79 rows=98 width=121)
	        Sort Key: c
	        ->  Index Scan using sbtest5_pkey on sbtest5  (cost=0.43..392.30 rows=98 width=121)
	              Index Cond: ((id >= 6953256) AND (id <= 6953355))

table 6 : explain SELECT DISTINCT c FROM sbtest6 WHERE id BETWEEN 1441564 AND 1441663 ORDER BY c
	Unique  (cost=382.87..383.34 rows=95 width=121)
	  ->  Sort  (cost=382.87..383.11 rows=95 width=121)
	        Sort Key: c
	        ->  Index Scan using sbtest6_pkey on sbtest6  (cost=0.43..379.75 rows=95 width=121)
	              Index Cond: ((id >= 1441564) AND (id <= 1441663))

table 7 : explain SELECT DISTINCT c FROM sbtest7 WHERE id BETWEEN 1143140 AND 1143239 ORDER BY c
	Unique  (cost=398.44..398.94 rows=99 width=121)
	  ->  Sort  (cost=398.44..398.69 rows=99 width=121)
	        Sort Key: c
	        ->  Index Scan using sbtest7_pkey on sbtest7  (cost=0.43..395.16 rows=99 width=121)
	              Index Cond: ((id >= 1143140) AND (id <= 1143239))

table 8 : explain SELECT DISTINCT c FROM sbtest8 WHERE id BETWEEN 3438189 AND 3438288 ORDER BY c
	Unique  (cost=398.06..398.56 rows=99 width=121)
	  ->  Sort  (cost=398.06..398.31 rows=99 width=121)
	        Sort Key: c
	        ->  Index Scan using sbtest8_pkey on sbtest8  (cost=0.43..394.78 rows=99 width=121)
	              Index Cond: ((id >= 3438189) AND (id <= 3438288))

for: distinct_ranges
table 1 : explain SELECT DISTINCT c FROM sbtest1 WHERE id BETWEEN 3148361 AND 3148460 ORDER BY c
	Unique  (cost=411.54..412.05 rows=102 width=121)
	  ->  Sort  (cost=411.54..411.80 rows=102 width=121)
	        Sort Key: c
	        ->  Index Scan using sbtest1_pkey on sbtest1  (cost=0.43..408.14 rows=102 width=121)
	              Index Cond: ((id >= 3148361) AND (id <= 3148460))

table 2 : explain SELECT DISTINCT c FROM sbtest2 WHERE id BETWEEN 2418707 AND 2418806 ORDER BY c
	Unique  (cost=420.44..420.96 rows=104 width=121)
	  ->  Sort  (cost=420.44..420.70 rows=104 width=121)
	        Sort Key: c
	        ->  Index Scan using sbtest2_pkey on sbtest2  (cost=0.43..416.96 rows=104 width=121)
	              Index Cond: ((id >= 2418707) AND (id <= 2418806))

table 3 : explain SELECT DISTINCT c FROM sbtest3 WHERE id BETWEEN 2666671 AND 2666770 ORDER BY c
	Unique  (cost=403.74..404.24 rows=100 width=121)
	  ->  Sort  (cost=403.74..403.99 rows=100 width=121)
	        Sort Key: c
	        ->  Index Scan using sbtest3_pkey on sbtest3  (cost=0.43..400.41 rows=100 width=121)
	              Index Cond: ((id >= 2666671) AND (id <= 2666770))

table 4 : explain SELECT DISTINCT c FROM sbtest4 WHERE id BETWEEN 342460 AND 342559 ORDER BY c
	Unique  (cost=390.55..391.04 rows=97 width=121)
	  ->  Sort  (cost=390.55..390.79 rows=97 width=121)
	        Sort Key: c
	        ->  Index Scan using sbtest4_pkey on sbtest4  (cost=0.43..387.35 rows=97 width=121)
	              Index Cond: ((id >= 342460) AND (id <= 342559))

table 5 : explain SELECT DISTINCT c FROM sbtest5 WHERE id BETWEEN 2594856 AND 2594955 ORDER BY c
	Unique  (cost=387.55..388.03 rows=96 width=121)
	  ->  Sort  (cost=387.55..387.79 rows=96 width=121)
	        Sort Key: c
	        ->  Index Scan using sbtest5_pkey on sbtest5  (cost=0.43..384.39 rows=96 width=121)
	              Index Cond: ((id >= 2594856) AND (id <= 2594955))

table 6 : explain SELECT DISTINCT c FROM sbtest6 WHERE id BETWEEN 4256663 AND 4256762 ORDER BY c
	Unique  (cost=398.83..399.32 rows=99 width=121)
	  ->  Sort  (cost=398.83..399.08 rows=99 width=121)
	        Sort Key: c
	        ->  Index Scan using sbtest6_pkey on sbtest6  (cost=0.43..395.55 rows=99 width=121)
	              Index Cond: ((id >= 4256663) AND (id <= 4256762))

table 7 : explain SELECT DISTINCT c FROM sbtest7 WHERE id BETWEEN 7221696 AND 7221795 ORDER BY c
	Unique  (cost=430.35..430.88 rows=107 width=121)
	  ->  Sort  (cost=430.35..430.62 rows=107 width=121)
	        Sort Key: c
	        ->  Index Scan using sbtest7_pkey on sbtest7  (cost=0.43..426.74 rows=107 width=121)
	              Index Cond: ((id >= 7221696) AND (id <= 7221795))

table 8 : explain SELECT DISTINCT c FROM sbtest8 WHERE id BETWEEN 162813 AND 162912 ORDER BY c
	Unique  (cost=433.90..434.44 rows=108 width=121)
	  ->  Sort  (cost=433.90..434.17 rows=108 width=121)
	        Sort Key: c
	        ->  Index Scan using sbtest8_pkey on sbtest8  (cost=0.43..430.25 rows=108 width=121)
	              Index Cond: ((id >= 162813) AND (id <= 162912))

Threads started!

Warming up for 5 seconds...

SQL statistics:
    queries performed:
        read:                            254270171
        write:                           0
        other:                           36324329
        total:                           290594500
    transactions:                        18162184 (28828.52 per sec.)
    queries:                             290594500 (461255.59 per sec.)
    ignored errors:                      0      (0.00 per sec.)
    reconnects:                          0      (0.00 per sec.)

Throughput:
    events/s (eps):                      28828.5186
    time elapsed:                        630.0078s
    total number of events:              18162184

Latency (ms):
         min:                                    1.14
         avg:                                    1.39
         max:                                   19.04
         95th percentile:                        1.44
         sum:                             25182526.83

Threads fairness:
    events (avg/stddev):           454053.9750/1913.15
    execution time (avg/stddev):   629.5632/0.01

