LUA_PATH=/home/mdcallag/git/mytools/bench/sysbench.lua/lua/?.lua /home/mdcallag/git/mytools/bench/sysbench.lua/lua/sysbench --db-driver=pgsql --range-size=10000 --table-size=10000000 --tables=8 --threads=40 --events=0 --warmup-time=5 --time=630 --pgsql_conn_id=true /home/mdcallag/git/mytools/bench/sysbench.lua/lua/oltp_read_only.lua run --pgsql-user=root --pgsql-password=pw --pgsql-host=127.0.0.1 --pgsql-db=ib --rand-type=uniform
48 CPUs
sysbench 1.1.0-9072687 (using bundled LuaJIT 2.1.0-beta3)

Running the test with following options:
Number of threads: 40
Warmup time: 5s
Initializing random number generator from current time


Initializing worker threads...

explain: for point_selects :: explain SELECT c FROM sbtest%u WHERE id=%u
explain: for point_selects :: explain SELECT c FROM sbtest%u WHERE id=%u
explain: for point_selects :: explain SELECT c FROM sbtest%u WHERE id=%u
for point_selects
table 1 : explain SELECT c FROM sbtest1 WHERE id=197820
	Index Scan using sbtest1_pkey on sbtest1  (cost=0.43..8.45 rows=1 width=121)
	  Index Cond: (id = 197820)

table 2 : explain SELECT c FROM sbtest2 WHERE id=9630495
	Index Scan using sbtest2_pkey on sbtest2  (cost=0.43..8.45 rows=1 width=121)
	  Index Cond: (id = 9630495)

table 3 : explain SELECT c FROM sbtest3 WHERE id=4138809
	Index Scan using sbtest3_pkey on sbtest3  (cost=0.43..8.45 rows=1 width=121)
	  Index Cond: (id = 4138809)

table 4 : explain SELECT c FROM sbtest4 WHERE id=9174649
	Index Scan using sbtest4_pkey on sbtest4  (cost=0.43..8.45 rows=1 width=121)
	  Index Cond: (id = 9174649)

table 5 : explain SELECT c FROM sbtest5 WHERE id=9655727
	Index Scan using sbtest5_pkey on sbtest5  (cost=0.43..8.45 rows=1 width=121)
	  Index Cond: (id = 9655727)

table 6 : explain SELECT c FROM sbtest6 WHERE id=7922
	Index Scan using sbtest6_pkey on sbtest6  (cost=0.43..8.45 rows=1 width=121)
	  Index Cond: (id = 7922)

table 7 : explain SELECT c FROM sbtest7 WHERE id=6752424
	Index Scan using sbtest7_pkey on sbtest7  (cost=0.43..8.45 rows=1 width=121)
	  Index Cond: (id = 6752424)

table 8 : explain SELECT c FROM sbtest8 WHERE id=8167055
	Index Scan using sbtest8_pkey on sbtest8  (cost=0.43..8.45 rows=1 width=121)
	  Index Cond: (id = 8167055)

for point_selects
table 1 : explain SELECT c FROM sbtest1 WHERE id=5292719
	Index Scan using sbtest1_pkey on sbtest1  (cost=0.43..8.45 rows=1 width=121)
	  Index Cond: (id = 5292719)

table 2 : explain SELECT c FROM sbtest2 WHERE id=5484775
	Index Scan using sbtest2_pkey on sbtest2  (cost=0.43..8.45 rows=1 width=121)
	  Index Cond: (id = 5484775)

table 3 : explain SELECT c FROM sbtest3 WHERE id=4521986
	Index Scan using sbtest3_pkey on sbtest3  (cost=0.43..8.45 rows=1 width=121)
	  Index Cond: (id = 4521986)

table 4 : explain SELECT c FROM sbtest4 WHERE id=7067520
	Index Scan using sbtest4_pkey on sbtest4  (cost=0.43..8.45 rows=1 width=121)
	  Index Cond: (id = 7067520)

table 5 : explain SELECT c FROM sbtest5 WHERE id=2687098
	Index Scan using sbtest5_pkey on sbtest5  (cost=0.43..8.45 rows=1 width=121)
	  Index Cond: (id = 2687098)

table 6 : explain SELECT c FROM sbtest6 WHERE id=9599048
	Index Scan using sbtest6_pkey on sbtest6  (cost=0.43..8.45 rows=1 width=121)
	  Index Cond: (id = 9599048)

table 7 : explain SELECT c FROM sbtest7 WHERE id=5873710
	Index Scan using sbtest7_pkey on sbtest7  (cost=0.43..8.45 rows=1 width=121)
	  Index Cond: (id = 5873710)

table 8 : explain SELECT c FROM sbtest8 WHERE id=9224733
	Index Scan using sbtest8_pkey on sbtest8  (cost=0.43..8.45 rows=1 width=121)
	  Index Cond: (id = 9224733)

for point_selects
table 1 : explain SELECT c FROM sbtest1 WHERE id=9653636
	Index Scan using sbtest1_pkey on sbtest1  (cost=0.43..8.45 rows=1 width=121)
	  Index Cond: (id = 9653636)

table 2 : explain SELECT c FROM sbtest2 WHERE id=3825269
	Index Scan using sbtest2_pkey on sbtest2  (cost=0.43..8.45 rows=1 width=121)
	  Index Cond: (id = 3825269)

table 3 : explain SELECT c FROM sbtest3 WHERE id=6630592
	Index Scan using sbtest3_pkey on sbtest3  (cost=0.43..8.45 rows=1 width=121)
	  Index Cond: (id = 6630592)

table 4 : explain SELECT c FROM sbtest4 WHERE id=7903326
	Index Scan using sbtest4_pkey on sbtest4  (cost=0.43..8.45 rows=1 width=121)
	  Index Cond: (id = 7903326)

table 5 : explain SELECT c FROM sbtest5 WHERE id=5640587
	Index Scan using sbtest5_pkey on sbtest5  (cost=0.43..8.45 rows=1 width=121)
	  Index Cond: (id = 5640587)

table 6 : explain SELECT c FROM sbtest6 WHERE id=9051585
	Index Scan using sbtest6_pkey on sbtest6  (cost=0.43..8.45 rows=1 width=121)
	  Index Cond: (id = 9051585)

table 7 : explain SELECT c FROM sbtest7 WHERE id=4547540
	Index Scan using sbtest7_pkey on sbtest7  (cost=0.43..8.45 rows=1 width=121)
	  Index Cond: (id = 4547540)

table 8 : explain SELECT c FROM sbtest8 WHERE id=2110251
	Index Scan using sbtest8_pkey on sbtest8  (cost=0.43..8.45 rows=1 width=121)
	  Index Cond: (id = 2110251)

for: simple_ranges
table 1 : explain SELECT c FROM sbtest1 WHERE id BETWEEN 9111391 AND 9121390
	Bitmap Heap Scan on sbtest1  (cost=207.66..33307.42 rows=9680 width=121)
	  Recheck Cond: ((id >= 9111391) AND (id <= 9121390))
	  ->  Bitmap Index Scan on sbtest1_pkey  (cost=0.00..205.24 rows=9680 width=0)
	        Index Cond: ((id >= 9111391) AND (id <= 9121390))

table 2 : explain SELECT c FROM sbtest2 WHERE id BETWEEN 5904785 AND 5914784
	Bitmap Heap Scan on sbtest2  (cost=215.52..34486.10 rows=10057 width=121)
	  Recheck Cond: ((id >= 5904785) AND (id <= 5914784))
	  ->  Bitmap Index Scan on sbtest2_pkey  (cost=0.00..213.00 rows=10057 width=0)
	        Index Cond: ((id >= 5904785) AND (id <= 5914784))

table 3 : explain SELECT c FROM sbtest3 WHERE id BETWEEN 7985729 AND 7995728
	Bitmap Heap Scan on sbtest3  (cost=208.88..33697.70 rows=9800 width=121)
	  Recheck Cond: ((id >= 7985729) AND (id <= 7995728))
	  ->  Bitmap Index Scan on sbtest3_pkey  (cost=0.00..206.44 rows=9800 width=0)
	        Index Cond: ((id >= 7985729) AND (id <= 7995728))

table 4 : explain SELECT c FROM sbtest4 WHERE id BETWEEN 9830781 AND 9840780
	Bitmap Heap Scan on sbtest4  (cost=208.34..33541.74 rows=9747 width=121)
	  Recheck Cond: ((id >= 9830781) AND (id <= 9840780))
	  ->  Bitmap Index Scan on sbtest4_pkey  (cost=0.00..205.91 rows=9747 width=0)
	        Index Cond: ((id >= 9830781) AND (id <= 9840780))

table 5 : explain SELECT c FROM sbtest5 WHERE id BETWEEN 7995043 AND 8005042
	Bitmap Heap Scan on sbtest5  (cost=207.77..33371.87 rows=9691 width=121)
	  Recheck Cond: ((id >= 7995043) AND (id <= 8005042))
	  ->  Bitmap Index Scan on sbtest5_pkey  (cost=0.00..205.34 rows=9691 width=0)
	        Index Cond: ((id >= 7995043) AND (id <= 8005042))

table 6 : explain SELECT c FROM sbtest6 WHERE id BETWEEN 8604236 AND 8614235
	Bitmap Heap Scan on sbtest6  (cost=199.89..32217.95 rows=9313 width=121)
	  Recheck Cond: ((id >= 8604236) AND (id <= 8614235))
	  ->  Bitmap Index Scan on sbtest6_pkey  (cost=0.00..197.56 rows=9313 width=0)
	        Index Cond: ((id >= 8604236) AND (id <= 8614235))

table 7 : explain SELECT c FROM sbtest7 WHERE id BETWEEN 3612538 AND 3622537
	Bitmap Heap Scan on sbtest7  (cost=231.77..37026.58 rows=10862 width=121)
	  Recheck Cond: ((id >= 3612538) AND (id <= 3622537))
	  ->  Bitmap Index Scan on sbtest7_pkey  (cost=0.00..229.06 rows=10862 width=0)
	        Index Cond: ((id >= 3612538) AND (id <= 3622537))

table 8 : explain SELECT c FROM sbtest8 WHERE id BETWEEN 964760 AND 974759
	Bitmap Heap Scan on sbtest8  (cost=244.15..38388.39 rows=11289 width=121)
	  Recheck Cond: ((id >= 964760) AND (id <= 974759))
	  ->  Bitmap Index Scan on sbtest8_pkey  (cost=0.00..241.32 rows=11289 width=0)
	        Index Cond: ((id >= 964760) AND (id <= 974759))

explain: for point_selects :: explain SELECT c FROM sbtest%u WHERE id=%u
for: simple_ranges
table 1 : explain SELECT c FROM sbtest1 WHERE id BETWEEN 6982222 AND 6992221
	Bitmap Heap Scan on sbtest1  (cost=221.75..35157.87 rows=10275 width=121)
	  Recheck Cond: ((id >= 6982222) AND (id <= 6992221))
	  ->  Bitmap Index Scan on sbtest1_pkey  (cost=0.00..219.19 rows=10275 width=0)
	        Index Cond: ((id >= 6982222) AND (id <= 6992221))

table 2 : explain SELECT c FROM sbtest2 WHERE id BETWEEN 1603858 AND 1613857
	Bitmap Heap Scan on sbtest2  (cost=222.71..35448.71 rows=10368 width=121)
	  Recheck Cond: ((id >= 1603858) AND (id <= 1613857))
	  ->  Bitmap Index Scan on sbtest2_pkey  (cost=0.00..220.12 rows=10368 width=0)
	        Index Cond: ((id >= 1603858) AND (id <= 1613857))

table 3 : explain SELECT c FROM sbtest3 WHERE id BETWEEN 5599486 AND 5609485
	Bitmap Heap Scan on sbtest3  (cost=215.61..34526.22 rows=10066 width=121)
	  Recheck Cond: ((id >= 5599486) AND (id <= 5609485))
	  ->  Bitmap Index Scan on sbtest3_pkey  (cost=0.00..213.09 rows=10066 width=0)
	        Index Cond: ((id >= 5599486) AND (id <= 5609485))

table 4 : explain SELECT c FROM sbtest4 WHERE id BETWEEN 5203383 AND 5213382
	Bitmap Heap Scan on sbtest4  (cost=201.17..32573.96 rows=9438 width=121)
	  Recheck Cond: ((id >= 5203383) AND (id <= 5213382))
	  ->  Bitmap Index Scan on sbtest4_pkey  (cost=0.00..198.81 rows=9438 width=0)
	        Index Cond: ((id >= 5203383) AND (id <= 5213382))

table 5 : explain SELECT c FROM sbtest5 WHERE id BETWEEN 118565 AND 128564
	Bitmap Heap Scan on sbtest5  (cost=206.36..32943.26 rows=9554 width=121)
	  Recheck Cond: ((id >= 118565) AND (id <= 128564))
	  ->  Bitmap Index Scan on sbtest5_pkey  (cost=0.00..203.98 rows=9554 width=0)
	        Index Cond: ((id >= 118565) AND (id <= 128564))

table 6 : explain SELECT c FROM sbtest6 WHERE id BETWEEN 6683438 AND 6693437
	Bitmap Heap Scan on sbtest6  (cost=212.51..33634.57 rows=9763 width=121)
	  Recheck Cond: ((id >= 6683438) AND (id <= 6693437))
	  ->  Bitmap Index Scan on sbtest6_pkey  (cost=0.00..210.06 rows=9763 width=0)
	        Index Cond: ((id >= 6683438) AND (id <= 6693437))

table 7 : explain SELECT c FROM sbtest7 WHERE id BETWEEN 6265763 AND 6275762
	Bitmap Heap Scan on sbtest7  (cost=215.07..34400.39 rows=10013 width=121)
	  Recheck Cond: ((id >= 6265763) AND (id <= 6275762))
	  ->  Bitmap Index Scan on sbtest7_pkey  (cost=0.00..212.56 rows=10013 width=0)
	        Index Cond: ((id >= 6265763) AND (id <= 6275762))

table 8 : explain SELECT c FROM sbtest8 WHERE id BETWEEN 1553387 AND 1563386
	Bitmap Heap Scan on sbtest8  (cost=212.37..33621.00 rows=9750 width=121)
	  Recheck Cond: ((id >= 1553387) AND (id <= 1563386))
	  ->  Bitmap Index Scan on sbtest8_pkey  (cost=0.00..209.94 rows=9750 width=0)
	        Index Cond: ((id >= 1553387) AND (id <= 1563386))

explain: for point_selects :: explain SELECT c FROM sbtest%u WHERE id=%u
for: simple_ranges
table 1 : explain SELECT c FROM sbtest1 WHERE id BETWEEN 8735840 AND 8745839
	Bitmap Heap Scan on sbtest1  (cost=222.20..35295.09 rows=10319 width=121)
	  Recheck Cond: ((id >= 8735840) AND (id <= 8745839))
	  ->  Bitmap Index Scan on sbtest1_pkey  (cost=0.00..219.62 rows=10319 width=0)
	        Index Cond: ((id >= 8735840) AND (id <= 8745839))

table 2 : explain SELECT c FROM sbtest2 WHERE id BETWEEN 4156259 AND 4166258
	Bitmap Heap Scan on sbtest2  (cost=201.49..32649.63 rows=9469 width=121)
	  Recheck Cond: ((id >= 4156259) AND (id <= 4166258))
	  ->  Bitmap Index Scan on sbtest2_pkey  (cost=0.00..199.12 rows=9469 width=0)
	        Index Cond: ((id >= 4156259) AND (id <= 4166258))

table 3 : explain SELECT c FROM sbtest3 WHERE id BETWEEN 1446176 AND 1456175
	Bitmap Heap Scan on sbtest3  (cost=185.13..30085.66 rows=8653 width=121)
	  Recheck Cond: ((id >= 1446176) AND (id <= 1456175))
	  ->  Bitmap Index Scan on sbtest3_pkey  (cost=0.00..182.97 rows=8653 width=0)
	        Index Cond: ((id >= 1446176) AND (id <= 1456175))

table 4 : explain SELECT c FROM sbtest4 WHERE id BETWEEN 1472505 AND 1482504
	Bitmap Heap Scan on sbtest4  (cost=205.72..32742.63 rows=9491 width=121)
	  Recheck Cond: ((id >= 1472505) AND (id <= 1482504))
	  ->  Bitmap Index Scan on sbtest4_pkey  (cost=0.00..203.34 rows=9491 width=0)
	        Index Cond: ((id >= 1472505) AND (id <= 1482504))

table 5 : explain SELECT c FROM sbtest5 WHERE id BETWEEN 5033647 AND 5043646
	Bitmap Heap Scan on sbtest5  (cost=192.78..31226.20 rows=9009 width=121)
	  Recheck Cond: ((id >= 5033647) AND (id <= 5043646))
	  ->  Bitmap Index Scan on sbtest5_pkey  (cost=0.00..190.53 rows=9009 width=0)
	        Index Cond: ((id >= 5033647) AND (id <= 5043646))

table 6 : explain SELECT c FROM sbtest6 WHERE id BETWEEN 7816398 AND 7826397
	Bitmap Heap Scan on sbtest6  (cost=230.23..36582.66 rows=10712 width=121)
	  Recheck Cond: ((id >= 7816398) AND (id <= 7826397))
	  ->  Bitmap Index Scan on sbtest6_pkey  (cost=0.00..227.56 rows=10712 width=0)
	        Index Cond: ((id >= 7816398) AND (id <= 7826397))

table 7 : explain SELECT c FROM sbtest7 WHERE id BETWEEN 5815271 AND 5825270
	Bitmap Heap Scan on sbtest7  (cost=205.44..32682.96 rows=9464 width=121)
	  Recheck Cond: ((id >= 5815271) AND (id <= 5825270))
	  ->  Bitmap Index Scan on sbtest7_pkey  (cost=0.00..203.07 rows=9464 width=0)
	        Index Cond: ((id >= 5815271) AND (id <= 5825270))

table 8 : explain SELECT c FROM sbtest8 WHERE id BETWEEN 4310866 AND 4320865
	Bitmap Heap Scan on sbtest8  (cost=204.69..32492.00 rows=9391 width=121)
	  Recheck Cond: ((id >= 4310866) AND (id <= 4320865))
	  ->  Bitmap Index Scan on sbtest8_pkey  (cost=0.00..202.34 rows=9391 width=0)
	        Index Cond: ((id >= 4310866) AND (id <= 4320865))

for point_selects
table 1 : explain SELECT c FROM sbtest1 WHERE id=3851166
	Index Scan using sbtest1_pkey on sbtest1  (cost=0.43..8.45 rows=1 width=121)
	  Index Cond: (id = 3851166)

table 2 : explain SELECT c FROM sbtest2 WHERE id=7118632
	Index Scan using sbtest2_pkey on sbtest2  (cost=0.43..8.45 rows=1 width=121)
	  Index Cond: (id = 7118632)

table 3 : explain SELECT c FROM sbtest3 WHERE id=5880646
	Index Scan using sbtest3_pkey on sbtest3  (cost=0.43..8.45 rows=1 width=121)
	  Index Cond: (id = 5880646)

table 4 : explain SELECT c FROM sbtest4 WHERE id=5011958
	Index Scan using sbtest4_pkey on sbtest4  (cost=0.43..8.45 rows=1 width=121)
	  Index Cond: (id = 5011958)

table 5 : explain SELECT c FROM sbtest5 WHERE id=9645394
	Index Scan using sbtest5_pkey on sbtest5  (cost=0.43..8.45 rows=1 width=121)
	  Index Cond: (id = 9645394)

table 6 : explain SELECT c FROM sbtest6 WHERE id=5042090
	Index Scan using sbtest6_pkey on sbtest6  (cost=0.43..8.45 rows=1 width=121)
	  Index Cond: (id = 5042090)

table 7 : explain SELECT c FROM sbtest7 WHERE id=5627455
	Index Scan using sbtest7_pkey on sbtest7  (cost=0.43..8.45 rows=1 width=121)
	  Index Cond: (id = 5627455)

table 8 : explain SELECT c FROM sbtest8 WHERE id=8646278
	Index Scan using sbtest8_pkey on sbtest8  (cost=0.43..8.45 rows=1 width=121)
	  Index Cond: (id = 8646278)

for: simple_ranges
table 1 : explain SELECT c FROM sbtest1 WHERE id BETWEEN 2417593 AND 2427592
	Bitmap Heap Scan on sbtest1  (cost=224.20..35894.19 rows=10514 width=121)
	  Recheck Cond: ((id >= 2417593) AND (id <= 2427592))
	  ->  Bitmap Index Scan on sbtest1_pkey  (cost=0.00..221.57 rows=10514 width=0)
	        Index Cond: ((id >= 2417593) AND (id <= 2427592))

table 2 : explain SELECT c FROM sbtest2 WHERE id BETWEEN 112206 AND 122205
	Bitmap Heap Scan on sbtest2  (cost=207.51..33265.74 rows=9666 width=121)
	  Recheck Cond: ((id >= 112206) AND (id <= 122205))
	  ->  Bitmap Index Scan on sbtest2_pkey  (cost=0.00..205.09 rows=9666 width=0)
	        Index Cond: ((id >= 112206) AND (id <= 122205))

table 3 : explain SELECT c FROM sbtest3 WHERE id BETWEEN 3707113 AND 3717112
	Bitmap Heap Scan on sbtest3  (cost=207.34..33228.06 rows=9649 width=121)
	  Recheck Cond: ((id >= 3707113) AND (id <= 3717112))
	  ->  Bitmap Index Scan on sbtest3_pkey  (cost=0.00..204.93 rows=9649 width=0)
	        Index Cond: ((id >= 3707113) AND (id <= 3717112))

table 4 : explain SELECT c FROM sbtest4 WHERE id BETWEEN 7124107 AND 7134106
	Bitmap Heap Scan on sbtest4  (cost=205.87..32791.02 rows=9506 width=121)
	  Recheck Cond: ((id >= 7124107) AND (id <= 7134106))
	  ->  Bitmap Index Scan on sbtest4_pkey  (cost=0.00..203.50 rows=9506 width=0)
	        Index Cond: ((id >= 7124107) AND (id <= 7134106))

table 5 : explain SELECT c FROM sbtest5 WHERE id BETWEEN 8792709 AND 8802708
	Bitmap Heap Scan on sbtest5  (cost=213.24..33823.03 rows=9835 width=121)
	  Recheck Cond: ((id >= 8792709) AND (id <= 8802708))
	  ->  Bitmap Index Scan on sbtest5_pkey  (cost=0.00..210.79 rows=9835 width=0)
	        Index Cond: ((id >= 8792709) AND (id <= 8802708))

table 6 : explain SELECT c FROM sbtest6 WHERE id BETWEEN 6141265 AND 6151264
	Bitmap Heap Scan on sbtest6  (cost=220.72..34917.48 rows=10174 width=121)
	  Recheck Cond: ((id >= 6141265) AND (id <= 6151264))
	  ->  Bitmap Index Scan on sbtest6_pkey  (cost=0.00..218.18 rows=10174 width=0)
	        Index Cond: ((id >= 6141265) AND (id <= 6151264))

table 7 : explain SELECT c FROM sbtest7 WHERE id BETWEEN 2786384 AND 2796383
	Bitmap Heap Scan on sbtest7  (cost=205.55..32718.50 rows=9475 width=121)
	  Recheck Cond: ((id >= 2786384) AND (id <= 2796383))
	  ->  Bitmap Index Scan on sbtest7_pkey  (cost=0.00..203.19 rows=9475 width=0)
	        Index Cond: ((id >= 2786384) AND (id <= 2796383))

table 8 : explain SELECT c FROM sbtest8 WHERE id BETWEEN 2443363 AND 2453362
	Bitmap Heap Scan on sbtest8  (cost=197.70..31569.33 rows=9099 width=121)
	  Recheck Cond: ((id >= 2443363) AND (id <= 2453362))
	  ->  Bitmap Index Scan on sbtest8_pkey  (cost=0.00..195.43 rows=9099 width=0)
	        Index Cond: ((id >= 2443363) AND (id <= 2453362))

explain: for point_selects :: explain SELECT c FROM sbtest%u WHERE id=%u
explain: for point_selects :: explain SELECT c FROM sbtest%u WHERE id=%u
for: sum_ranges
table 1 : explain SELECT SUM(k) FROM sbtest1 WHERE id BETWEEN 8152499 AND 8162498
	Aggregate  (cost=32996.64..32996.65 rows=1 width=8)
	  ->  Bitmap Heap Scan on sbtest1  (cost=206.56..32972.70 rows=9573 width=4)
	        Recheck Cond: ((id >= 8152499) AND (id <= 8162498))
	        ->  Bitmap Index Scan on sbtest1_pkey  (cost=0.00..204.17 rows=9573 width=0)
	              Index Cond: ((id >= 8152499) AND (id <= 8162498))

table 2 : explain SELECT SUM(k) FROM sbtest2 WHERE id BETWEEN 8567828 AND 8577827
	Aggregate  (cost=34254.80..34254.81 rows=1 width=8)
	  ->  Bitmap Heap Scan on sbtest2  (cost=214.68..34229.86 rows=9975 width=4)
	        Recheck Cond: ((id >= 8567828) AND (id <= 8577827))
	        ->  Bitmap Index Scan on sbtest2_pkey  (cost=0.00..212.19 rows=9975 width=0)
	              Index Cond: ((id >= 8567828) AND (id <= 8577827))

table 3 : explain SELECT SUM(k) FROM sbtest3 WHERE id BETWEEN 3649065 AND 3659064
	Aggregate  (cost=33252.18..33252.19 rows=1 width=8)
	  ->  Bitmap Heap Scan on sbtest3  (cost=207.34..33228.06 rows=9649 width=4)
	        Recheck Cond: ((id >= 3649065) AND (id <= 3659064))
	        ->  Bitmap Index Scan on sbtest3_pkey  (cost=0.00..204.93 rows=9649 width=0)
	              Index Cond: ((id >= 3649065) AND (id <= 3659064))

table 4 : explain SELECT SUM(k) FROM sbtest4 WHERE id BETWEEN 2009977 AND 2019976
	Aggregate  (cost=36703.87..36703.88 rows=1 width=8)
	  ->  Bitmap Heap Scan on sbtest4  (cost=230.70..36676.98 rows=10758 width=4)
	        Recheck Cond: ((id >= 2009977) AND (id <= 2019976))
	        ->  Bitmap Index Scan on sbtest4_pkey  (cost=0.00..228.01 rows=10758 width=0)
	              Index Cond: ((id >= 2009977) AND (id <= 2019976))

table 5 : explain SELECT SUM(k) FROM sbtest5 WHERE id BETWEEN 6276118 AND 6286117
	Aggregate  (cost=33209.12..33209.13 rows=1 width=8)
	  ->  Bitmap Heap Scan on sbtest5  (cost=207.15..33185.04 rows=9631 width=4)
	        Recheck Cond: ((id >= 6276118) AND (id <= 6286117))
	        ->  Bitmap Index Scan on sbtest5_pkey  (cost=0.00..204.75 rows=9631 width=0)
	              Index Cond: ((id >= 6276118) AND (id <= 6286117))

table 6 : explain SELECT SUM(k) FROM sbtest6 WHERE id BETWEEN 7692450 AND 7702449
	Aggregate  (cost=35382.00..35382.01 rows=1 width=8)
	  ->  Bitmap Heap Scan on sbtest6  (cost=222.17..35356.21 rows=10316 width=4)
	        Recheck Cond: ((id >= 7692450) AND (id <= 7702449))
	        ->  Bitmap Index Scan on sbtest6_pkey  (cost=0.00..219.59 rows=10316 width=0)
	              Index Cond: ((id >= 7692450) AND (id <= 7702449))

table 7 : explain SELECT SUM(k) FROM sbtest7 WHERE id BETWEEN 7374332 AND 7384331
	Aggregate  (cost=32249.35..32249.36 rows=1 width=8)
	  ->  Bitmap Heap Scan on sbtest7  (cost=199.95..32226.05 rows=9319 width=4)
	        Recheck Cond: ((id >= 7374332) AND (id <= 7384331))
	        ->  Bitmap Index Scan on sbtest7_pkey  (cost=0.00..197.62 rows=9319 width=0)
	              Index Cond: ((id >= 7374332) AND (id <= 7384331))

table 8 : explain SELECT SUM(k) FROM sbtest8 WHERE id BETWEEN 244929 AND 254928
	Aggregate  (cost=34284.48..34284.49 rows=1 width=8)
	  ->  Bitmap Heap Scan on sbtest8  (cost=218.45..34259.60 rows=9953 width=4)
	        Recheck Cond: ((id >= 244929) AND (id <= 254928))
	        ->  Bitmap Index Scan on sbtest8_pkey  (cost=0.00..215.97 rows=9953 width=0)
	              Index Cond: ((id >= 244929) AND (id <= 254928))

explain: for point_selects :: explain SELECT c FROM sbtest%u WHERE id=%u
for point_selects
table 1 : explain SELECT c FROM sbtest1 WHERE id=5539977
	Index Scan using sbtest1_pkey on sbtest1  (cost=0.43..8.45 rows=1 width=121)
	  Index Cond: (id = 5539977)

table 2 : explain SELECT c FROM sbtest2 WHERE id=5180438
	Index Scan using sbtest2_pkey on sbtest2  (cost=0.43..8.45 rows=1 width=121)
	  Index Cond: (id = 5180438)

table 3 : explain SELECT c FROM sbtest3 WHERE id=6942233
	Index Scan using sbtest3_pkey on sbtest3  (cost=0.43..8.45 rows=1 width=121)
	  Index Cond: (id = 6942233)

table 4 : explain SELECT c FROM sbtest4 WHERE id=4845203
	Index Scan using sbtest4_pkey on sbtest4  (cost=0.43..8.45 rows=1 width=121)
	  Index Cond: (id = 4845203)

table 5 : explain SELECT c FROM sbtest5 WHERE id=1192939
	Index Scan using sbtest5_pkey on sbtest5  (cost=0.43..8.45 rows=1 width=121)
	  Index Cond: (id = 1192939)

table 6 : explain SELECT c FROM sbtest6 WHERE id=701217
	Index Scan using sbtest6_pkey on sbtest6  (cost=0.43..8.45 rows=1 width=121)
	  Index Cond: (id = 701217)

table 7 : explain SELECT c FROM sbtest7 WHERE id=78434
	Index Scan using sbtest7_pkey on sbtest7  (cost=0.43..8.45 rows=1 width=121)
	  Index Cond: (id = 78434)

table 8 : explain SELECT c FROM sbtest8 WHERE id=2602043
	Index Scan using sbtest8_pkey on sbtest8  (cost=0.43..8.45 rows=1 width=121)
	  Index Cond: (id = 2602043)

for: order_ranges
table 1 : explain SELECT c FROM sbtest1 WHERE id BETWEEN 5480792 AND 5490791 ORDER BY c
	Sort  (cost=37316.66..37343.52 rows=10742 width=121)
	  Sort Key: c
	  ->  Bitmap Heap Scan on sbtest1  (cost=230.54..36597.43 rows=10742 width=121)
	        Recheck Cond: ((id >= 5480792) AND (id <= 5490791))
	        ->  Bitmap Index Scan on sbtest1_pkey  (cost=0.00..227.86 rows=10742 width=0)
	              Index Cond: ((id >= 5480792) AND (id <= 5490791))

table 2 : explain SELECT c FROM sbtest2 WHERE id BETWEEN 9173724 AND 9183723 ORDER BY c
	Sort  (cost=36166.34..36192.28 rows=10376 width=121)
	  Sort Key: c
	  ->  Bitmap Heap Scan on sbtest2  (cost=222.79..35474.21 rows=10376 width=121)
	        Recheck Cond: ((id >= 9173724) AND (id <= 9183723))
	        ->  Bitmap Index Scan on sbtest2_pkey  (cost=0.00..220.19 rows=10376 width=0)
	              Index Cond: ((id >= 9173724) AND (id <= 9183723))

table 3 : explain SELECT c FROM sbtest3 WHERE id BETWEEN 7932484 AND 7942483 ORDER BY c
	Sort  (cost=34347.37..34371.87 rows=9800 width=121)
	  Sort Key: c
	  ->  Bitmap Heap Scan on sbtest3  (cost=208.88..33697.70 rows=9800 width=121)
	        Recheck Cond: ((id >= 7932484) AND (id <= 7942483))
	        ->  Bitmap Index Scan on sbtest3_pkey  (cost=0.00..206.44 rows=9800 width=0)
	              Index Cond: ((id >= 7932484) AND (id <= 7942483))

table 4 : explain SELECT c FROM sbtest4 WHERE id BETWEEN 4973659 AND 4983658 ORDER BY c
	Sort  (cost=37527.57..37554.57 rows=10800 width=121)
	  Sort Key: c
	  ->  Bitmap Heap Scan on sbtest4  (cost=231.13..36804.04 rows=10800 width=121)
	        Recheck Cond: ((id >= 4973659) AND (id <= 4983658))
	        ->  Bitmap Index Scan on sbtest4_pkey  (cost=0.00..228.44 rows=10800 width=0)
	              Index Cond: ((id >= 4973659) AND (id <= 4983658))

table 5 : explain SELECT c FROM sbtest5 WHERE id BETWEEN 7594489 AND 7604488 ORDER BY c
	Sort  (cost=35726.56..35752.13 rows=10228 width=121)
	  Sort Key: c
	  ->  Bitmap Heap Scan on sbtest5  (cost=221.27..35045.37 rows=10228 width=121)
	        Recheck Cond: ((id >= 7594489) AND (id <= 7604488))
	        ->  Bitmap Index Scan on sbtest5_pkey  (cost=0.00..218.72 rows=10228 width=0)
	              Index Cond: ((id >= 7594489) AND (id <= 7604488))

table 6 : explain SELECT c FROM sbtest6 WHERE id BETWEEN 8422821 AND 8432820 ORDER BY c
	Sort  (cost=33336.00..33359.67 rows=9468 width=121)
	  Sort Key: c
	  ->  Bitmap Heap Scan on sbtest6  (cost=205.48..32710.69 rows=9468 width=121)
	        Recheck Cond: ((id >= 8422821) AND (id <= 8432820))
	        ->  Bitmap Index Scan on sbtest6_pkey  (cost=0.00..203.12 rows=9468 width=0)
	              Index Cond: ((id >= 8422821) AND (id <= 8432820))

table 7 : explain SELECT c FROM sbtest7 WHERE id BETWEEN 4091825 AND 4101824 ORDER BY c
	Sort  (cost=34189.55..34213.90 rows=9739 width=121)
	  Sort Key: c
	  ->  Bitmap Heap Scan on sbtest7  (cost=208.26..33544.37 rows=9739 width=121)
	        Recheck Cond: ((id >= 4091825) AND (id <= 4101824))
	        ->  Bitmap Index Scan on sbtest7_pkey  (cost=0.00..205.82 rows=9739 width=0)
	              Index Cond: ((id >= 4091825) AND (id <= 4101824))

table 8 : explain SELECT c FROM sbtest8 WHERE id BETWEEN 2421208 AND 2431207 ORDER BY c
	Sort  (cost=32167.66..32190.41 rows=9099 width=121)
	  Sort Key: c
	  ->  Bitmap Heap Scan on sbtest8  (cost=197.70..31569.33 rows=9099 width=121)
	        Recheck Cond: ((id >= 2421208) AND (id <= 2431207))
	        ->  Bitmap Index Scan on sbtest8_pkey  (cost=0.00..195.43 rows=9099 width=0)
	              Index Cond: ((id >= 2421208) AND (id <= 2431207))

explain: for point_selects :: explain SELECT c FROM sbtest%u WHERE id=%u
for: simple_ranges
table 1 : explain SELECT c FROM sbtest1 WHERE id BETWEEN 2513942 AND 2523941
	Bitmap Heap Scan on sbtest1  (cost=201.56..32665.77 rows=9476 width=121)
	  Recheck Cond: ((id >= 2513942) AND (id <= 2523941))
	  ->  Bitmap Index Scan on sbtest1_pkey  (cost=0.00..199.19 rows=9476 width=0)
	        Index Cond: ((id >= 2513942) AND (id <= 2523941))

table 2 : explain SELECT c FROM sbtest2 WHERE id BETWEEN 4380948 AND 4390947
	Bitmap Heap Scan on sbtest2  (cost=205.78..32740.71 rows=9497 width=121)
	  Recheck Cond: ((id >= 4380948) AND (id <= 4390947))
	  ->  Bitmap Index Scan on sbtest2_pkey  (cost=0.00..203.41 rows=9497 width=0)
	        Index Cond: ((id >= 4380948) AND (id <= 4390947))

table 3 : explain SELECT c FROM sbtest3 WHERE id BETWEEN 8819101 AND 8829100
	Bitmap Heap Scan on sbtest3  (cost=208.27..33511.24 rows=9740 width=121)
	  Recheck Cond: ((id >= 8819101) AND (id <= 8829100))
	  ->  Bitmap Index Scan on sbtest3_pkey  (cost=0.00..205.84 rows=9740 width=0)
	        Index Cond: ((id >= 8819101) AND (id <= 8829100))

table 4 : explain SELECT c FROM sbtest4 WHERE id BETWEEN 8261988 AND 8271987
	Bitmap Heap Scan on sbtest4  (cost=221.01..34961.17 rows=10202 width=121)
	  Recheck Cond: ((id >= 8261988) AND (id <= 8271987))
	  ->  Bitmap Index Scan on sbtest4_pkey  (cost=0.00..218.45 rows=10202 width=0)
	        Index Cond: ((id >= 8261988) AND (id <= 8271987))

table 5 : explain SELECT c FROM sbtest5 WHERE id BETWEEN 4973259 AND 4983258
	Bitmap Heap Scan on sbtest5  (cost=192.78..31226.20 rows=9009 width=121)
	  Recheck Cond: ((id >= 4973259) AND (id <= 4983258))
	  ->  Bitmap Index Scan on sbtest5_pkey  (cost=0.00..190.53 rows=9009 width=0)
	        Index Cond: ((id >= 4973259) AND (id <= 4983258))

table 6 : explain SELECT c FROM sbtest6 WHERE id BETWEEN 4665853 AND 4675852
	Bitmap Heap Scan on sbtest6  (cost=199.21..32007.26 rows=9246 width=121)
	  Recheck Cond: ((id >= 4665853) AND (id <= 4675852))
	  ->  Bitmap Index Scan on sbtest6_pkey  (cost=0.00..196.90 rows=9246 width=0)
	        Index Cond: ((id >= 4665853) AND (id <= 4675852))

table 7 : explain SELECT c FROM sbtest7 WHERE id BETWEEN 4524087 AND 4534086
	Bitmap Heap Scan on sbtest7  (cost=213.84..34027.79 rows=9893 width=121)
	  Recheck Cond: ((id >= 4524087) AND (id <= 4534086))
	  ->  Bitmap Index Scan on sbtest7_pkey  (cost=0.00..211.37 rows=9893 width=0)
	        Index Cond: ((id >= 4524087) AND (id <= 4534086))

table 8 : explain SELECT c FROM sbtest8 WHERE id BETWEEN 2412500 AND 2422499
	Bitmap Heap Scan on sbtest8  (cost=197.70..31569.33 rows=9099 width=121)
	  Recheck Cond: ((id >= 2412500) AND (id <= 2422499))
	  ->  Bitmap Index Scan on sbtest8_pkey  (cost=0.00..195.43 rows=9099 width=0)
	        Index Cond: ((id >= 2412500) AND (id <= 2422499))

explain: for point_selects :: explain SELECT c FROM sbtest%u WHERE id=%u
for: distinct_ranges
table 1 : explain SELECT DISTINCT c FROM sbtest1 WHERE id BETWEEN 9143713 AND 9153712 ORDER BY c
	Unique  (cost=36130.02..36181.85 rows=10366 width=121)
	  ->  Sort  (cost=36130.02..36155.94 rows=10366 width=121)
	        Sort Key: c
	        ->  Bitmap Heap Scan on sbtest1  (cost=222.69..35438.63 rows=10366 width=121)
	              Recheck Cond: ((id >= 9143713) AND (id <= 9153712))
	              ->  Bitmap Index Scan on sbtest1_pkey  (cost=0.00..220.09 rows=10366 width=0)
	                    Index Cond: ((id >= 9143713) AND (id <= 9153712))

table 2 : explain SELECT DISTINCT c FROM sbtest2 WHERE id BETWEEN 2163683 AND 2173682 ORDER BY c
	Unique  (cost=36078.16..36129.90 rows=10348 width=121)
	  ->  Sort  (cost=36078.16..36104.03 rows=10348 width=121)
	        Sort Key: c
	        ->  Bitmap Heap Scan on sbtest2  (cost=222.50..35388.10 rows=10348 width=121)
	              Recheck Cond: ((id >= 2163683) AND (id <= 2173682))
	              ->  Bitmap Index Scan on sbtest2_pkey  (cost=0.00..219.92 rows=10348 width=0)
	                    Index Cond: ((id >= 2163683) AND (id <= 2173682))

table 3 : explain SELECT DISTINCT c FROM sbtest3 WHERE id BETWEEN 2272824 AND 2282823 ORDER BY c
	Unique  (cost=36472.03..36524.37 rows=10469 width=121)
	  ->  Sort  (cost=36472.03..36498.20 rows=10469 width=121)
	        Sort Key: c
	        ->  Bitmap Heap Scan on sbtest3  (cost=223.74..35773.02 rows=10469 width=121)
	              Recheck Cond: ((id >= 2272824) AND (id <= 2282823))
	              ->  Bitmap Index Scan on sbtest3_pkey  (cost=0.00..221.12 rows=10469 width=0)
	                    Index Cond: ((id >= 2272824) AND (id <= 2282823))

table 4 : explain SELECT DISTINCT c FROM sbtest4 WHERE id BETWEEN 8838387 AND 8848386 ORDER BY c
	Unique  (cost=34451.56..34500.71 rows=9829 width=121)
	  ->  Sort  (cost=34451.56..34476.13 rows=9829 width=121)
	        Sort Key: c
	        ->  Bitmap Heap Scan on sbtest4  (cost=213.18..33799.76 rows=9829 width=121)
	              Recheck Cond: ((id >= 8838387) AND (id <= 8848386))
	              ->  Bitmap Index Scan on sbtest4_pkey  (cost=0.00..210.73 rows=9829 width=0)
	                    Index Cond: ((id >= 8838387) AND (id <= 8848386))

table 5 : explain SELECT DISTINCT c FROM sbtest5 WHERE id BETWEEN 1357803 AND 1367802 ORDER BY c
	Unique  (cost=34039.87..34088.36 rows=9699 width=121)
	  ->  Sort  (cost=34039.87..34064.12 rows=9699 width=121)
	        Sort Key: c
	        ->  Bitmap Heap Scan on sbtest5  (cost=207.85..33397.62 rows=9699 width=121)
	              Recheck Cond: ((id >= 1357803) AND (id <= 1367802))
	              ->  Bitmap Index Scan on sbtest5_pkey  (cost=0.00..205.43 rows=9699 width=0)
	                    Index Cond: ((id >= 1357803) AND (id <= 1367802))

table 6 : explain SELECT DISTINCT c FROM sbtest6 WHERE id BETWEEN 1443171 AND 1453170 ORDER BY c
	Unique  (cost=33574.22..33621.94 rows=9543 width=121)
	  ->  Sort  (cost=33574.22..33598.08 rows=9543 width=121)
	        Sort Key: c
	        ->  Bitmap Heap Scan on sbtest6  (cost=206.25..32943.42 rows=9543 width=121)
	              Recheck Cond: ((id >= 1443171) AND (id <= 1453170))
	              ->  Bitmap Index Scan on sbtest6_pkey  (cost=0.00..203.87 rows=9543 width=0)
	                    Index Cond: ((id >= 1443171) AND (id <= 1453170))

table 7 : explain SELECT DISTINCT c FROM sbtest7 WHERE id BETWEEN 3020320 AND 3030319 ORDER BY c
	Unique  (cost=36469.14..36521.41 rows=10455 width=121)
	  ->  Sort  (cost=36469.14..36495.27 rows=10455 width=121)
	        Sort Key: c
	        ->  Bitmap Heap Scan on sbtest7  (cost=223.60..35771.17 rows=10455 width=121)
	              Recheck Cond: ((id >= 3020320) AND (id <= 3030319))
	              ->  Bitmap Index Scan on sbtest7_pkey  (cost=0.00..220.99 rows=10455 width=0)
	                    Index Cond: ((id >= 3020320) AND (id <= 3030319))

table 8 : explain SELECT DISTINCT c FROM sbtest8 WHERE id BETWEEN 7735754 AND 7745753 ORDER BY c
	Unique  (cost=34649.70..34699.05 rows=9870 width=121)
	  ->  Sort  (cost=34649.70..34674.37 rows=9870 width=121)
	        Sort Key: c
	        ->  Bitmap Heap Scan on sbtest8  (cost=213.60..33994.88 rows=9870 width=121)
	              Recheck Cond: ((id >= 7735754) AND (id <= 7745753))
	              ->  Bitmap Index Scan on sbtest8_pkey  (cost=0.00..211.13 rows=9870 width=0)
	                    Index Cond: ((id >= 7735754) AND (id <= 7745753))

for point_selects
table 1 : explain SELECT c FROM sbtest1 WHERE id=1129819
	Index Scan using sbtest1_pkey on sbtest1  (cost=0.43..8.45 rows=1 width=121)
	  Index Cond: (id = 1129819)

table 2 : explain SELECT c FROM sbtest2 WHERE id=5627380
	Index Scan using sbtest2_pkey on sbtest2  (cost=0.43..8.45 rows=1 width=121)
	  Index Cond: (id = 5627380)

table 3 : explain SELECT c FROM sbtest3 WHERE id=1871860
	Index Scan using sbtest3_pkey on sbtest3  (cost=0.43..8.45 rows=1 width=121)
	  Index Cond: (id = 1871860)

table 4 : explain SELECT c FROM sbtest4 WHERE id=1272587
	Index Scan using sbtest4_pkey on sbtest4  (cost=0.43..8.45 rows=1 width=121)
	  Index Cond: (id = 1272587)

table 5 : explain SELECT c FROM sbtest5 WHERE id=7802716
	Index Scan using sbtest5_pkey on sbtest5  (cost=0.43..8.45 rows=1 width=121)
	  Index Cond: (id = 7802716)

table 6 : explain SELECT c FROM sbtest6 WHERE id=9826730
	Index Scan using sbtest6_pkey on sbtest6  (cost=0.43..8.45 rows=1 width=121)
	  Index Cond: (id = 9826730)

table 7 : explain SELECT c FROM sbtest7 WHERE id=7713997
	Index Scan using sbtest7_pkey on sbtest7  (cost=0.43..8.45 rows=1 width=121)
	  Index Cond: (id = 7713997)

table 8 : explain SELECT c FROM sbtest8 WHERE id=8608285
	Index Scan using sbtest8_pkey on sbtest8  (cost=0.43..8.45 rows=1 width=121)
	  Index Cond: (id = 8608285)

for: simple_ranges
table 1 : explain SELECT c FROM sbtest1 WHERE id BETWEEN 3294540 AND 3304539
	Bitmap Heap Scan on sbtest1  (cost=223.28..35617.13 rows=10424 width=121)
	  Recheck Cond: ((id >= 3294540) AND (id <= 3304539))
	  ->  Bitmap Index Scan on sbtest1_pkey  (cost=0.00..220.68 rows=10424 width=0)
	        Index Cond: ((id >= 3294540) AND (id <= 3304539))

table 2 : explain SELECT c FROM sbtest2 WHERE id BETWEEN 9203720 AND 9213719
	Bitmap Heap Scan on sbtest2  (cost=223.87..35796.08 rows=10481 width=121)
	  Recheck Cond: ((id >= 9203720) AND (id <= 9213719))
	  ->  Bitmap Index Scan on sbtest2_pkey  (cost=0.00..221.25 rows=10481 width=0)
	        Index Cond: ((id >= 9203720) AND (id <= 9213719))

table 3 : explain SELECT c FROM sbtest3 WHERE id BETWEEN 5679010 AND 5689009
	Bitmap Heap Scan on sbtest3  (cost=224.20..35913.19 rows=10514 width=121)
	  Recheck Cond: ((id >= 5679010) AND (id <= 5689009))
	  ->  Bitmap Index Scan on sbtest3_pkey  (cost=0.00..221.57 rows=10514 width=0)
	        Index Cond: ((id >= 5679010) AND (id <= 5689009))

table 4 : explain SELECT c FROM sbtest4 WHERE id BETWEEN 1631568 AND 1641567
	Bitmap Heap Scan on sbtest4  (cost=224.13..35902.99 rows=10507 width=121)
	  Recheck Cond: ((id >= 1631568) AND (id <= 1641567))
	  ->  Bitmap Index Scan on sbtest4_pkey  (cost=0.00..221.50 rows=10507 width=0)
	        Index Cond: ((id >= 1631568) AND (id <= 1641567))

table 5 : explain SELECT c FROM sbtest5 WHERE id BETWEEN 6232970 AND 6242969
	Bitmap Heap Scan on sbtest5  (cost=207.15..33185.04 rows=9631 width=121)
	  Recheck Cond: ((id >= 6232970) AND (id <= 6242969))
	  ->  Bitmap Index Scan on sbtest5_pkey  (cost=0.00..204.75 rows=9631 width=0)
	        Index Cond: ((id >= 6232970) AND (id <= 6242969))

table 6 : explain SELECT c FROM sbtest6 WHERE id BETWEEN 9280084 AND 9290083
	Bitmap Heap Scan on sbtest6  (cost=220.53..34862.97 rows=10156 width=121)
	  Recheck Cond: ((id >= 9280084) AND (id <= 9290083))
	  ->  Bitmap Index Scan on sbtest6_pkey  (cost=0.00..218.00 rows=10156 width=0)
	        Index Cond: ((id >= 9280084) AND (id <= 9290083))

table 7 : explain SELECT c FROM sbtest7 WHERE id BETWEEN 8162201 AND 8172200
	Bitmap Heap Scan on sbtest7  (cost=213.20..33834.84 rows=9831 width=121)
	  Recheck Cond: ((id >= 8162201) AND (id <= 8172200))
	  ->  Bitmap Index Scan on sbtest7_pkey  (cost=0.00..210.75 rows=9831 width=0)
	        Index Cond: ((id >= 8162201) AND (id <= 8172200))

table 8 : explain SELECT c FROM sbtest8 WHERE id BETWEEN 2529763 AND 2539762
	Bitmap Heap Scan on sbtest8  (cost=243.13..38087.45 rows=11190 width=121)
	  Recheck Cond: ((id >= 2529763) AND (id <= 2539762))
	  ->  Bitmap Index Scan on sbtest8_pkey  (cost=0.00..240.34 rows=11190 width=0)
	        Index Cond: ((id >= 2529763) AND (id <= 2539762))

for point_selects
table 1 : explain SELECT c FROM sbtest1 WHERE id=5785566
	Index Scan using sbtest1_pkey on sbtest1  (cost=0.43..8.45 rows=1 width=121)
	  Index Cond: (id = 5785566)

table 2 : explain SELECT c FROM sbtest2 WHERE id=3139546
	Index Scan using sbtest2_pkey on sbtest2  (cost=0.43..8.45 rows=1 width=121)
	  Index Cond: (id = 3139546)

table 3 : explain SELECT c FROM sbtest3 WHERE id=6408205
	Index Scan using sbtest3_pkey on sbtest3  (cost=0.43..8.45 rows=1 width=121)
	  Index Cond: (id = 6408205)

table 4 : explain SELECT c FROM sbtest4 WHERE id=2627370
	Index Scan using sbtest4_pkey on sbtest4  (cost=0.43..8.45 rows=1 width=121)
	  Index Cond: (id = 2627370)

table 5 : explain SELECT c FROM sbtest5 WHERE id=2460498
	Index Scan using sbtest5_pkey on sbtest5  (cost=0.43..8.45 rows=1 width=121)
	  Index Cond: (id = 2460498)

table 6 : explain SELECT c FROM sbtest6 WHERE id=5339906
	Index Scan using sbtest6_pkey on sbtest6  (cost=0.43..8.45 rows=1 width=121)
	  Index Cond: (id = 5339906)

table 7 : explain SELECT c FROM sbtest7 WHERE id=9494000
	Index Scan using sbtest7_pkey on sbtest7  (cost=0.43..8.45 rows=1 width=121)
	  Index Cond: (id = 9494000)

table 8 : explain SELECT c FROM sbtest8 WHERE id=9856516
	Index Scan using sbtest8_pkey on sbtest8  (cost=0.43..8.45 rows=1 width=121)
	  Index Cond: (id = 9856516)

explain: for point_selects :: explain SELECT c FROM sbtest%u WHERE id=%u
explain: for point_selects :: explain SELECT c FROM sbtest%u WHERE id=%u
for point_selects
table 1 : explain SELECT c FROM sbtest1 WHERE id=7181232
	Index Scan using sbtest1_pkey on sbtest1  (cost=0.43..8.45 rows=1 width=121)
	  Index Cond: (id = 7181232)

table 2 : explain SELECT c FROM sbtest2 WHERE id=7567934
	Index Scan using sbtest2_pkey on sbtest2  (cost=0.43..8.45 rows=1 width=121)
	  Index Cond: (id = 7567934)

table 3 : explain SELECT c FROM sbtest3 WHERE id=6494756
	Index Scan using sbtest3_pkey on sbtest3  (cost=0.43..8.45 rows=1 width=121)
	  Index Cond: (id = 6494756)

table 4 : explain SELECT c FROM sbtest4 WHERE id=1812765
	Index Scan using sbtest4_pkey on sbtest4  (cost=0.43..8.45 rows=1 width=121)
	  Index Cond: (id = 1812765)

table 5 : explain SELECT c FROM sbtest5 WHERE id=2788065
	Index Scan using sbtest5_pkey on sbtest5  (cost=0.43..8.45 rows=1 width=121)
	  Index Cond: (id = 2788065)

table 6 : explain SELECT c FROM sbtest6 WHERE id=9813
	Index Scan using sbtest6_pkey on sbtest6  (cost=0.43..8.45 rows=1 width=121)
	  Index Cond: (id = 9813)

table 7 : explain SELECT c FROM sbtest7 WHERE id=6106440
	Index Scan using sbtest7_pkey on sbtest7  (cost=0.43..8.45 rows=1 width=121)
	  Index Cond: (id = 6106440)

table 8 : explain SELECT c FROM sbtest8 WHERE id=5991072
	Index Scan using sbtest8_pkey on sbtest8  (cost=0.43..8.45 rows=1 width=121)
	  Index Cond: (id = 5991072)

for: simple_ranges
table 1 : explain SELECT c FROM sbtest1 WHERE id BETWEEN 7105981 AND 7115980
	Bitmap Heap Scan on sbtest1  (cost=193.70..31481.84 rows=9099 width=121)
	  Recheck Cond: ((id >= 7105981) AND (id <= 7115980))
	  ->  Bitmap Index Scan on sbtest1_pkey  (cost=0.00..191.43 rows=9099 width=0)
	        Index Cond: ((id >= 7105981) AND (id <= 7115980))

table 2 : explain SELECT c FROM sbtest2 WHERE id BETWEEN 8110233 AND 8120232
	Bitmap Heap Scan on sbtest2  (cost=213.80..33963.71 rows=9889 width=121)
	  Recheck Cond: ((id >= 8110233) AND (id <= 8120232))
	  ->  Bitmap Index Scan on sbtest2_pkey  (cost=0.00..211.32 rows=9889 width=0)
	        Index Cond: ((id >= 8110233) AND (id <= 8120232))

table 3 : explain SELECT c FROM sbtest3 WHERE id BETWEEN 8009432 AND 8019431
	Bitmap Heap Scan on sbtest3  (cost=213.54..33900.86 rows=9864 width=121)
	  Recheck Cond: ((id >= 8009432) AND (id <= 8019431))
	  ->  Bitmap Index Scan on sbtest3_pkey  (cost=0.00..211.07 rows=9864 width=0)
	        Index Cond: ((id >= 8009432) AND (id <= 8019431))

table 4 : explain SELECT c FROM sbtest4 WHERE id BETWEEN 2508827 AND 2518826
	Bitmap Heap Scan on sbtest4  (cost=223.89..35826.52 rows=10483 width=121)
	  Recheck Cond: ((id >= 2508827) AND (id <= 2518826))
	  ->  Bitmap Index Scan on sbtest4_pkey  (cost=0.00..221.26 rows=10483 width=0)
	        Index Cond: ((id >= 2508827) AND (id <= 2518826))

table 5 : explain SELECT c FROM sbtest5 WHERE id BETWEEN 9882163 AND 9892162
	Bitmap Heap Scan on sbtest5  (cost=208.82..33693.64 rows=9794 width=121)
	  Recheck Cond: ((id >= 9882163) AND (id <= 9892162))
	  ->  Bitmap Index Scan on sbtest5_pkey  (cost=0.00..206.38 rows=9794 width=0)
	        Index Cond: ((id >= 9882163) AND (id <= 9892162))

table 6 : explain SELECT c FROM sbtest6 WHERE id BETWEEN 2177052 AND 2187051
	Bitmap Heap Scan on sbtest6  (cost=214.65..34287.68 rows=9972 width=121)
	  Recheck Cond: ((id >= 2177052) AND (id <= 2187051))
	  ->  Bitmap Index Scan on sbtest6_pkey  (cost=0.00..212.16 rows=9972 width=0)
	        Index Cond: ((id >= 2177052) AND (id <= 2187051))

table 7 : explain SELECT c FROM sbtest7 WHERE id BETWEEN 422041 AND 432040
	Bitmap Heap Scan on sbtest7  (cost=216.20..34740.39 rows=10123 width=121)
	  Recheck Cond: ((id >= 422041) AND (id <= 432040))
	  ->  Bitmap Index Scan on sbtest7_pkey  (cost=0.00..213.67 rows=10123 width=0)
	        Index Cond: ((id >= 422041) AND (id <= 432040))

table 8 : explain SELECT c FROM sbtest8 WHERE id BETWEEN 5724642 AND 5734641
	Bitmap Heap Scan on sbtest8  (cost=203.61..32158.05 rows=9285 width=121)
	  Recheck Cond: ((id >= 5724642) AND (id <= 5734641))
	  ->  Bitmap Index Scan on sbtest8_pkey  (cost=0.00..201.29 rows=9285 width=0)
	        Index Cond: ((id >= 5724642) AND (id <= 5734641))

for point_selects
table 1 : explain SELECT c FROM sbtest1 WHERE id=3104991
	Index Scan using sbtest1_pkey on sbtest1  (cost=0.43..8.45 rows=1 width=121)
	  Index Cond: (id = 3104991)

table 2 : explain SELECT c FROM sbtest2 WHERE id=7020131
	Index Scan using sbtest2_pkey on sbtest2  (cost=0.43..8.45 rows=1 width=121)
	  Index Cond: (id = 7020131)

table 3 : explain SELECT c FROM sbtest3 WHERE id=4274946
	Index Scan using sbtest3_pkey on sbtest3  (cost=0.43..8.45 rows=1 width=121)
	  Index Cond: (id = 4274946)

table 4 : explain SELECT c FROM sbtest4 WHERE id=9992890
	Index Scan using sbtest4_pkey on sbtest4  (cost=0.43..8.45 rows=1 width=121)
	  Index Cond: (id = 9992890)

table 5 : explain SELECT c FROM sbtest5 WHERE id=5401602
	Index Scan using sbtest5_pkey on sbtest5  (cost=0.43..8.45 rows=1 width=121)
	  Index Cond: (id = 5401602)

table 6 : explain SELECT c FROM sbtest6 WHERE id=2921125
	Index Scan using sbtest6_pkey on sbtest6  (cost=0.43..8.45 rows=1 width=121)
	  Index Cond: (id = 2921125)

table 7 : explain SELECT c FROM sbtest7 WHERE id=9896542
	Index Scan using sbtest7_pkey on sbtest7  (cost=0.43..8.45 rows=1 width=121)
	  Index Cond: (id = 9896542)

table 8 : explain SELECT c FROM sbtest8 WHERE id=6471718
	Index Scan using sbtest8_pkey on sbtest8  (cost=0.43..8.45 rows=1 width=121)
	  Index Cond: (id = 6471718)

for: sum_ranges
table 1 : explain SELECT SUM(k) FROM sbtest1 WHERE id BETWEEN 8229158 AND 8239157
	Aggregate  (cost=36016.02..36016.03 rows=1 width=8)
	  ->  Bitmap Heap Scan on sbtest1  (cost=224.52..35989.66 rows=10545 width=4)
	        Recheck Cond: ((id >= 8229158) AND (id <= 8239157))
	        ->  Bitmap Index Scan on sbtest1_pkey  (cost=0.00..221.88 rows=10545 width=0)
	              Index Cond: ((id >= 8229158) AND (id <= 8239157))

table 2 : explain SELECT SUM(k) FROM sbtest2 WHERE id BETWEEN 8788023 AND 8798022
	Aggregate  (cost=31790.44..31790.45 rows=1 width=8)
	  ->  Bitmap Heap Scan on sbtest2  (cost=198.61..31767.47 rows=9188 width=4)
	        Recheck Cond: ((id >= 8788023) AND (id <= 8798022))
	        ->  Bitmap Index Scan on sbtest2_pkey  (cost=0.00..196.31 rows=9188 width=0)
	              Index Cond: ((id >= 8788023) AND (id <= 8798022))

table 3 : explain SELECT SUM(k) FROM sbtest3 WHERE id BETWEEN 9671484 AND 9681483
	Aggregate  (cost=36176.08..36176.09 rows=1 width=8)
	  ->  Bitmap Heap Scan on sbtest3  (cost=228.98..36149.60 rows=10590 width=4)
	        Recheck Cond: ((id >= 9671484) AND (id <= 9681483))
	        ->  Bitmap Index Scan on sbtest3_pkey  (cost=0.00..226.34 rows=10590 width=0)
	              Index Cond: ((id >= 9671484) AND (id <= 9681483))

table 4 : explain SELECT SUM(k) FROM sbtest4 WHERE id BETWEEN 8388993 AND 8398992
	Aggregate  (cost=32860.01..32860.02 rows=1 width=8)
	  ->  Bitmap Heap Scan on sbtest4  (cost=206.03..32836.21 rows=9521 width=4)
	        Recheck Cond: ((id >= 8388993) AND (id <= 8398992))
	        ->  Bitmap Index Scan on sbtest4_pkey  (cost=0.00..203.65 rows=9521 width=0)
	              Index Cond: ((id >= 8388993) AND (id <= 8398992))

table 5 : explain SELECT SUM(k) FROM sbtest5 WHERE id BETWEEN 5692530 AND 5702529
	Aggregate  (cost=34075.89..34075.90 rows=1 width=8)
	  ->  Bitmap Heap Scan on sbtest5  (cost=213.99..34051.12 rows=9908 width=4)
	        Recheck Cond: ((id >= 5692530) AND (id <= 5702529))
	        ->  Bitmap Index Scan on sbtest5_pkey  (cost=0.00..211.51 rows=9908 width=0)
	              Index Cond: ((id >= 5692530) AND (id <= 5702529))

table 6 : explain SELECT SUM(k) FROM sbtest6 WHERE id BETWEEN 7374570 AND 7384569
	Aggregate  (cost=33222.55..33222.56 rows=1 width=8)
	  ->  Bitmap Heap Scan on sbtest6  (cost=207.08..33198.49 rows=9624 width=4)
	        Recheck Cond: ((id >= 7374570) AND (id <= 7384569))
	        ->  Bitmap Index Scan on sbtest6_pkey  (cost=0.00..204.68 rows=9624 width=0)
	              Index Cond: ((id >= 7374570) AND (id <= 7384569))

table 7 : explain SELECT SUM(k) FROM sbtest7 WHERE id BETWEEN 8044848 AND 8054847
	Aggregate  (cost=34874.73..34874.74 rows=1 width=8)
	  ->  Bitmap Heap Scan on sbtest7  (cost=216.55..34849.34 rows=10158 width=4)
	        Recheck Cond: ((id >= 8044848) AND (id <= 8054847))
	        ->  Bitmap Index Scan on sbtest7_pkey  (cost=0.00..214.01 rows=10158 width=0)
	              Index Cond: ((id >= 8044848) AND (id <= 8054847))

table 8 : explain SELECT SUM(k) FROM sbtest8 WHERE id BETWEEN 1922207 AND 1932206
	Aggregate  (cost=34950.13..34950.14 rows=1 width=8)
	  ->  Bitmap Heap Scan on sbtest8  (cost=220.65..34924.71 rows=10167 width=4)
	        Recheck Cond: ((id >= 1922207) AND (id <= 1932206))
	        ->  Bitmap Index Scan on sbtest8_pkey  (cost=0.00..218.11 rows=10167 width=0)
	              Index Cond: ((id >= 1922207) AND (id <= 1932206))

for: simple_ranges
table 1 : explain SELECT c FROM sbtest1 WHERE id BETWEEN 6022624 AND 6032623
	Bitmap Heap Scan on sbtest1  (cost=199.54..32049.05 rows=9279 width=121)
	  Recheck Cond: ((id >= 6022624) AND (id <= 6032623))
	  ->  Bitmap Index Scan on sbtest1_pkey  (cost=0.00..197.23 rows=9279 width=0)
	        Index Cond: ((id >= 6022624) AND (id <= 6032623))

table 2 : explain SELECT c FROM sbtest2 WHERE id BETWEEN 9187309 AND 9197308
	Bitmap Heap Scan on sbtest2  (cost=222.79..35474.21 rows=10376 width=121)
	  Recheck Cond: ((id >= 9187309) AND (id <= 9197308))
	  ->  Bitmap Index Scan on sbtest2_pkey  (cost=0.00..220.19 rows=10376 width=0)
	        Index Cond: ((id >= 9187309) AND (id <= 9197308))

table 3 : explain SELECT c FROM sbtest3 WHERE id BETWEEN 5862430 AND 5872429
	Bitmap Heap Scan on sbtest3  (cost=214.61..34221.77 rows=9968 width=121)
	  Recheck Cond: ((id >= 5862430) AND (id <= 5872429))
	  ->  Bitmap Index Scan on sbtest3_pkey  (cost=0.00..212.12 rows=9968 width=0)
	        Index Cond: ((id >= 5862430) AND (id <= 5872429))

table 4 : explain SELECT c FROM sbtest4 WHERE id BETWEEN 4417708 AND 4427707
	Bitmap Heap Scan on sbtest4  (cost=239.53..38119.17 rows=11229 width=121)
	  Recheck Cond: ((id >= 4417708) AND (id <= 4427707))
	  ->  Bitmap Index Scan on sbtest4_pkey  (cost=0.00..236.73 rows=11229 width=0)
	        Index Cond: ((id >= 4417708) AND (id <= 4427707))

table 5 : explain SELECT c FROM sbtest5 WHERE id BETWEEN 8138292 AND 8148291
	Bitmap Heap Scan on sbtest5  (cost=207.88..33407.27 rows=9702 width=121)
	  Recheck Cond: ((id >= 8138292) AND (id <= 8148291))
	  ->  Bitmap Index Scan on sbtest5_pkey  (cost=0.00..205.45 rows=9702 width=0)
	        Index Cond: ((id >= 8138292) AND (id <= 8148291))

table 6 : explain SELECT c FROM sbtest6 WHERE id BETWEEN 4387363 AND 4397362
	Bitmap Heap Scan on sbtest6  (cost=205.51..32720.39 rows=9471 width=121)
	  Recheck Cond: ((id >= 4387363) AND (id <= 4397362))
	  ->  Bitmap Index Scan on sbtest6_pkey  (cost=0.00..203.15 rows=9471 width=0)
	        Index Cond: ((id >= 4387363) AND (id <= 4397362))

table 7 : explain SELECT c FROM sbtest7 WHERE id BETWEEN 450756 AND 460755
	Bitmap Heap Scan on sbtest7  (cost=216.20..34740.39 rows=10123 width=121)
	  Recheck Cond: ((id >= 450756) AND (id <= 460755))
	  ->  Bitmap Index Scan on sbtest7_pkey  (cost=0.00..213.67 rows=10123 width=0)
	        Index Cond: ((id >= 450756) AND (id <= 460755))

table 8 : explain SELECT c FROM sbtest8 WHERE id BETWEEN 8451921 AND 8461920
	Bitmap Heap Scan on sbtest8  (cost=220.35..34834.84 rows=10138 width=121)
	  Recheck Cond: ((id >= 8451921) AND (id <= 8461920))
	  ->  Bitmap Index Scan on sbtest8_pkey  (cost=0.00..217.81 rows=10138 width=0)
	        Index Cond: ((id >= 8451921) AND (id <= 8461920))

for: sum_ranges
table 1 : explain SELECT SUM(k) FROM sbtest1 WHERE id BETWEEN 9123013 AND 9133012
	Aggregate  (cost=35464.55..35464.56 rows=1 width=8)
	  ->  Bitmap Heap Scan on sbtest1  (cost=222.69..35438.63 rows=10366 width=4)
	        Recheck Cond: ((id >= 9123013) AND (id <= 9133012))
	        ->  Bitmap Index Scan on sbtest1_pkey  (cost=0.00..220.09 rows=10366 width=0)
	              Index Cond: ((id >= 9123013) AND (id <= 9133012))

table 2 : explain SELECT SUM(k) FROM sbtest2 WHERE id BETWEEN 8920079 AND 8930078
	Aggregate  (cost=32758.00..32758.01 rows=1 width=8)
	  ->  Bitmap Heap Scan on sbtest2  (cost=205.76..32734.26 rows=9495 width=4)
	        Recheck Cond: ((id >= 8920079) AND (id <= 8930078))
	        ->  Bitmap Index Scan on sbtest2_pkey  (cost=0.00..203.38 rows=9495 width=0)
	              Index Cond: ((id >= 8920079) AND (id <= 8930078))

table 3 : explain SELECT SUM(k) FROM sbtest3 WHERE id BETWEEN 4031028 AND 4041027
	Aggregate  (cost=33013.63..33013.64 rows=1 width=8)
	  ->  Bitmap Heap Scan on sbtest3  (cost=206.56..32989.69 rows=9573 width=4)
	        Recheck Cond: ((id >= 4031028) AND (id <= 4041027))
	        ->  Bitmap Index Scan on sbtest3_pkey  (cost=0.00..204.17 rows=9573 width=0)
	              Index Cond: ((id >= 4031028) AND (id <= 4041027))

table 4 : explain SELECT SUM(k) FROM sbtest4 WHERE id BETWEEN 7564070 AND 7574069
	Aggregate  (cost=32776.04..32776.05 rows=1 width=8)
	  ->  Bitmap Heap Scan on sbtest4  (cost=205.75..32752.31 rows=9494 width=4)
	        Recheck Cond: ((id >= 7564070) AND (id <= 7574069))
	        ->  Bitmap Index Scan on sbtest4_pkey  (cost=0.00..203.38 rows=9494 width=0)
	              Index Cond: ((id >= 7564070) AND (id <= 7574069))

table 5 : explain SELECT SUM(k) FROM sbtest5 WHERE id BETWEEN 8476449 AND 8486448
	Aggregate  (cost=32442.84..32442.85 rows=1 width=8)
	  ->  Bitmap Heap Scan on sbtest5  (cost=200.65..32419.38 rows=9387 width=4)
	        Recheck Cond: ((id >= 8476449) AND (id <= 8486448))
	        ->  Bitmap Index Scan on sbtest5_pkey  (cost=0.00..198.31 rows=9387 width=0)
	              Index Cond: ((id >= 8476449) AND (id <= 8486448))

table 6 : explain SELECT SUM(k) FROM sbtest6 WHERE id BETWEEN 6914876 AND 6924875
	Aggregate  (cost=33990.84..33990.85 rows=1 width=8)
	  ->  Bitmap Heap Scan on sbtest6  (cost=213.59..33966.17 rows=9869 width=4)
	        Recheck Cond: ((id >= 6914876) AND (id <= 6924875))
	        ->  Bitmap Index Scan on sbtest6_pkey  (cost=0.00..211.12 rows=9869 width=0)
	              Index Cond: ((id >= 6914876) AND (id <= 6924875))

table 7 : explain SELECT SUM(k) FROM sbtest7 WHERE id BETWEEN 7407609 AND 7417608
	Aggregate  (cost=33781.38..33781.39 rows=1 width=8)
	  ->  Bitmap Heap Scan on sbtest7  (cost=208.97..33756.86 rows=9808 width=4)
	        Recheck Cond: ((id >= 7407609) AND (id <= 7417608))
	        ->  Bitmap Index Scan on sbtest7_pkey  (cost=0.00..206.51 rows=9808 width=0)
	              Index Cond: ((id >= 7407609) AND (id <= 7417608))

table 8 : explain SELECT SUM(k) FROM sbtest8 WHERE id BETWEEN 4125782 AND 4135781
	Aggregate  (cost=36657.71..36657.72 rows=1 width=8)
	  ->  Bitmap Heap Scan on sbtest8  (cost=234.28..36630.92 rows=10717 width=4)
	        Recheck Cond: ((id >= 4125782) AND (id <= 4135781))
	        ->  Bitmap Index Scan on sbtest8_pkey  (cost=0.00..231.61 rows=10717 width=0)
	              Index Cond: ((id >= 4125782) AND (id <= 4135781))

explain: for point_selects :: explain SELECT c FROM sbtest%u WHERE id=%u
for point_selects
table 1 : explain SELECT c FROM sbtest1 WHERE id=8620013
	Index Scan using sbtest1_pkey on sbtest1  (cost=0.43..8.45 rows=1 width=121)
	  Index Cond: (id = 8620013)

table 2 : explain SELECT c FROM sbtest2 WHERE id=5542884
	Index Scan using sbtest2_pkey on sbtest2  (cost=0.43..8.45 rows=1 width=121)
	  Index Cond: (id = 5542884)

table 3 : explain SELECT c FROM sbtest3 WHERE id=1128277
	Index Scan using sbtest3_pkey on sbtest3  (cost=0.43..8.45 rows=1 width=121)
	  Index Cond: (id = 1128277)

table 4 : explain SELECT c FROM sbtest4 WHERE id=7284919
	Index Scan using sbtest4_pkey on sbtest4  (cost=0.43..8.45 rows=1 width=121)
	  Index Cond: (id = 7284919)

table 5 : explain SELECT c FROM sbtest5 WHERE id=3659648
	Index Scan using sbtest5_pkey on sbtest5  (cost=0.43..8.45 rows=1 width=121)
	  Index Cond: (id = 3659648)

table 6 : explain SELECT c FROM sbtest6 WHERE id=8142712
	Index Scan using sbtest6_pkey on sbtest6  (cost=0.43..8.45 rows=1 width=121)
	  Index Cond: (id = 8142712)

table 7 : explain SELECT c FROM sbtest7 WHERE id=1923871
	Index Scan using sbtest7_pkey on sbtest7  (cost=0.43..8.45 rows=1 width=121)
	  Index Cond: (id = 1923871)

table 8 : explain SELECT c FROM sbtest8 WHERE id=5897941
	Index Scan using sbtest8_pkey on sbtest8  (cost=0.43..8.45 rows=1 width=121)
	  Index Cond: (id = 5897941)

explain: for point_selects :: explain SELECT c FROM sbtest%u WHERE id=%u
explain: for point_selects :: explain SELECT c FROM sbtest%u WHERE id=%u
for: order_ranges
table 1 : explain SELECT c FROM sbtest1 WHERE id BETWEEN 9282438 AND 9292437 ORDER BY c
	Sort  (cost=38465.74..38493.51 rows=11108 width=121)
	  Sort Key: c
	  ->  Bitmap Heap Scan on sbtest1  (cost=238.29..37719.32 rows=11108 width=121)
	        Recheck Cond: ((id >= 9282438) AND (id <= 9292437))
	        ->  Bitmap Index Scan on sbtest1_pkey  (cost=0.00..235.51 rows=11108 width=0)
	              Index Cond: ((id >= 9282438) AND (id <= 9292437))

table 2 : explain SELECT c FROM sbtest2 WHERE id BETWEEN 1047601 AND 1057600 ORDER BY c
	Sort  (cost=35069.44..35094.52 rows=10030 width=121)
	  Sort Key: c
	  ->  Bitmap Heap Scan on sbtest2  (cost=215.24..34402.84 rows=10030 width=121)
	        Recheck Cond: ((id >= 1047601) AND (id <= 1057600))
	        ->  Bitmap Index Scan on sbtest2_pkey  (cost=0.00..212.74 rows=10030 width=0)
	              Index Cond: ((id >= 1047601) AND (id <= 1057600))

table 3 : explain SELECT c FROM sbtest3 WHERE id BETWEEN 3155815 AND 3165814 ORDER BY c
	Sort  (cost=34360.51..34385.02 rows=9804 width=121)
	  Sort Key: c
	  ->  Bitmap Heap Scan on sbtest3  (cost=208.93..33710.55 rows=9804 width=121)
	        Recheck Cond: ((id >= 3155815) AND (id <= 3165814))
	        ->  Bitmap Index Scan on sbtest3_pkey  (cost=0.00..206.48 rows=9804 width=0)
	              Index Cond: ((id >= 3155815) AND (id <= 3165814))

table 4 : explain SELECT c FROM sbtest4 WHERE id BETWEEN 5282573 AND 5292572 ORDER BY c
	Sort  (cost=30721.58..30743.26 rows=8672 width=121)
	  Sort Key: c
	  ->  Bitmap Heap Scan on sbtest4  (cost=185.32..30154.34 rows=8672 width=121)
	        Recheck Cond: ((id >= 5282573) AND (id <= 5292572))
	        ->  Bitmap Index Scan on sbtest4_pkey  (cost=0.00..183.16 rows=8672 width=0)
	              Index Cond: ((id >= 5282573) AND (id <= 5292572))

table 5 : explain SELECT c FROM sbtest5 WHERE id BETWEEN 9347782 AND 9357781 ORDER BY c
	Sort  (cost=36625.52..36651.80 rows=10512 width=121)
	  Sort Key: c
	  ->  Bitmap Heap Scan on sbtest5  (cost=224.18..35923.33 rows=10512 width=121)
	        Recheck Cond: ((id >= 9347782) AND (id <= 9357781))
	        ->  Bitmap Index Scan on sbtest5_pkey  (cost=0.00..221.56 rows=10512 width=0)
	              Index Cond: ((id >= 9347782) AND (id <= 9357781))

table 6 : explain SELECT c FROM sbtest6 WHERE id BETWEEN 9417182 AND 9427181 ORDER BY c
	Sort  (cost=32197.89..32220.68 rows=9116 width=121)
	  Sort Key: c
	  ->  Bitmap Heap Scan on sbtest6  (cost=197.87..31598.32 rows=9116 width=121)
	        Recheck Cond: ((id >= 9417182) AND (id <= 9427181))
	        ->  Bitmap Index Scan on sbtest6_pkey  (cost=0.00..195.59 rows=9116 width=0)
	              Index Cond: ((id >= 9417182) AND (id <= 9427181))

table 7 : explain SELECT c FROM sbtest7 WHERE id BETWEEN 7688154 AND 7698153 ORDER BY c
	Sort  (cost=34341.20..34365.67 rows=9787 width=121)
	  Sort Key: c
	  ->  Bitmap Heap Scan on sbtest7  (cost=208.75..33692.49 rows=9787 width=121)
	        Recheck Cond: ((id >= 7688154) AND (id <= 7698153))
	        ->  Bitmap Index Scan on sbtest7_pkey  (cost=0.00..206.31 rows=9787 width=0)
	              Index Cond: ((id >= 7688154) AND (id <= 7698153))

table 8 : explain SELECT c FROM sbtest8 WHERE id BETWEEN 1648638 AND 1658637 ORDER BY c
	Sort  (cost=35160.89..35185.96 rows=10029 width=121)
	  Sort Key: c
	  ->  Bitmap Heap Scan on sbtest8  (cost=219.23..34494.37 rows=10029 width=121)
	        Recheck Cond: ((id >= 1648638) AND (id <= 1658637))
	        ->  Bitmap Index Scan on sbtest8_pkey  (cost=0.00..216.73 rows=10029 width=0)
	              Index Cond: ((id >= 1648638) AND (id <= 1658637))

for: sum_ranges
table 1 : explain SELECT SUM(k) FROM sbtest1 WHERE id BETWEEN 2109759 AND 2119758
	Aggregate  (cost=32854.75..32854.76 rows=1 width=8)
	  ->  Bitmap Heap Scan on sbtest1  (cost=206.09..32830.93 rows=9527 width=4)
	        Recheck Cond: ((id >= 2109759) AND (id <= 2119758))
	        ->  Bitmap Index Scan on sbtest1_pkey  (cost=0.00..203.70 rows=9527 width=0)
	              Index Cond: ((id >= 2109759) AND (id <= 2119758))

table 2 : explain SELECT SUM(k) FROM sbtest2 WHERE id BETWEEN 6840479 AND 6850478
	Aggregate  (cost=36767.92..36767.93 rows=1 width=8)
	  ->  Bitmap Heap Scan on sbtest2  (cost=231.00..36740.95 rows=10787 width=4)
	        Recheck Cond: ((id >= 6840479) AND (id <= 6850478))
	        ->  Bitmap Index Scan on sbtest2_pkey  (cost=0.00..228.31 rows=10787 width=0)
	              Index Cond: ((id >= 6840479) AND (id <= 6850478))

table 3 : explain SELECT SUM(k) FROM sbtest3 WHERE id BETWEEN 5218495 AND 5228494
	Aggregate  (cost=34005.85..34005.86 rows=1 width=8)
	  ->  Bitmap Heap Scan on sbtest3  (cost=213.81..33981.13 rows=9890 width=4)
	        Recheck Cond: ((id >= 5218495) AND (id <= 5228494))
	        ->  Bitmap Index Scan on sbtest3_pkey  (cost=0.00..211.34 rows=9890 width=0)
	              Index Cond: ((id >= 5218495) AND (id <= 5228494))

table 4 : explain SELECT SUM(k) FROM sbtest4 WHERE id BETWEEN 6592181 AND 6602180
	Aggregate  (cost=34883.42..34883.43 rows=1 width=8)
	  ->  Bitmap Heap Scan on sbtest4  (cost=216.68..34858.00 rows=10170 width=4)
	        Recheck Cond: ((id >= 6592181) AND (id <= 6602180))
	        ->  Bitmap Index Scan on sbtest4_pkey  (cost=0.00..214.13 rows=10170 width=0)
	              Index Cond: ((id >= 6592181) AND (id <= 6602180))

table 5 : explain SELECT SUM(k) FROM sbtest5 WHERE id BETWEEN 4220615 AND 4230614
	Aggregate  (cost=34708.18..34708.19 rows=1 width=8)
	  ->  Bitmap Heap Scan on sbtest5  (cost=216.08..34682.90 rows=10112 width=4)
	        Recheck Cond: ((id >= 4220615) AND (id <= 4230614))
	        ->  Bitmap Index Scan on sbtest5_pkey  (cost=0.00..213.56 rows=10112 width=0)
	              Index Cond: ((id >= 4220615) AND (id <= 4230614))

table 6 : explain SELECT SUM(k) FROM sbtest6 WHERE id BETWEEN 9859701 AND 9869700
	Aggregate  (cost=33312.97..33312.98 rows=1 width=8)
	  ->  Bitmap Heap Scan on sbtest6  (cost=207.38..33288.83 rows=9653 width=4)
	        Recheck Cond: ((id >= 9859701) AND (id <= 9869700))
	        ->  Bitmap Index Scan on sbtest6_pkey  (cost=0.00..204.97 rows=9653 width=0)
	              Index Cond: ((id >= 9859701) AND (id <= 9869700))

table 7 : explain SELECT SUM(k) FROM sbtest7 WHERE id BETWEEN 3180046 AND 3190045
	Aggregate  (cost=35471.22..35471.23 rows=1 width=8)
	  ->  Bitmap Heap Scan on sbtest7  (cost=222.51..35445.34 rows=10349 width=4)
	        Recheck Cond: ((id >= 3180046) AND (id <= 3190045))
	        ->  Bitmap Index Scan on sbtest7_pkey  (cost=0.00..219.93 rows=10349 width=0)
	              Index Cond: ((id >= 3180046) AND (id <= 3190045))

table 8 : explain SELECT SUM(k) FROM sbtest8 WHERE id BETWEEN 5453328 AND 5463327
	Aggregate  (cost=33687.32..33687.33 rows=1 width=8)
	  ->  Bitmap Heap Scan on sbtest8  (cost=212.51..33662.91 rows=9763 width=4)
	        Recheck Cond: ((id >= 5453328) AND (id <= 5463327))
	        ->  Bitmap Index Scan on sbtest8_pkey  (cost=0.00..210.06 rows=9763 width=0)
	              Index Cond: ((id >= 5453328) AND (id <= 5463327))

explain: for point_selects :: explain SELECT c FROM sbtest%u WHERE id=%u
for: order_ranges
table 1 : explain SELECT c FROM sbtest1 WHERE id BETWEEN 6245021 AND 6255020 ORDER BY c
	Sort  (cost=35013.51..35038.55 rows=10014 width=121)
	  Sort Key: c
	  ->  Bitmap Heap Scan on sbtest1  (cost=215.08..34348.10 rows=10014 width=121)
	        Recheck Cond: ((id >= 6245021) AND (id <= 6255020))
	        ->  Bitmap Index Scan on sbtest1_pkey  (cost=0.00..212.57 rows=10014 width=0)
	              Index Cond: ((id >= 6245021) AND (id <= 6255020))

table 2 : explain SELECT c FROM sbtest2 WHERE id BETWEEN 2375967 AND 2385966 ORDER BY c
	Sort  (cost=32504.74..32527.82 rows=9229 width=121)
	  Sort Key: c
	  ->  Bitmap Heap Scan on sbtest2  (cost=199.03..31896.92 rows=9229 width=121)
	        Recheck Cond: ((id >= 2375967) AND (id <= 2385966))
	        ->  Bitmap Index Scan on sbtest2_pkey  (cost=0.00..196.73 rows=9229 width=0)
	              Index Cond: ((id >= 2375967) AND (id <= 2385966))

table 3 : explain SELECT c FROM sbtest3 WHERE id BETWEEN 6343203 AND 6353202 ORDER BY c
	Sort  (cost=35179.09..35204.24 rows=10061 width=121)
	  Sort Key: c
	  ->  Bitmap Heap Scan on sbtest3  (cost=215.56..34510.21 rows=10061 width=121)
	        Recheck Cond: ((id >= 6343203) AND (id <= 6353202))
	        ->  Bitmap Index Scan on sbtest3_pkey  (cost=0.00..213.05 rows=10061 width=0)
	              Index Cond: ((id >= 6343203) AND (id <= 6353202))

table 4 : explain SELECT c FROM sbtest4 WHERE id BETWEEN 6732762 AND 6742761 ORDER BY c
	Sort  (cost=33343.22..33366.93 rows=9483 width=121)
	  Sort Key: c
	  ->  Bitmap Heap Scan on sbtest4  (cost=205.64..32716.81 rows=9483 width=121)
	        Recheck Cond: ((id >= 6732762) AND (id <= 6742761))
	        ->  Bitmap Index Scan on sbtest4_pkey  (cost=0.00..203.26 rows=9483 width=0)
	              Index Cond: ((id >= 6732762) AND (id <= 6742761))

table 5 : explain SELECT c FROM sbtest5 WHERE id BETWEEN 3677763 AND 3687762 ORDER BY c
	Sort  (cost=36410.06..36436.17 rows=10444 width=121)
	  Sort Key: c
	  ->  Bitmap Heap Scan on sbtest5  (cost=223.49..35712.91 rows=10444 width=121)
	        Recheck Cond: ((id >= 3677763) AND (id <= 3687762))
	        ->  Bitmap Index Scan on sbtest5_pkey  (cost=0.00..220.88 rows=10444 width=0)
	              Index Cond: ((id >= 3677763) AND (id <= 3687762))

table 6 : explain SELECT c FROM sbtest6 WHERE id BETWEEN 9749344 AND 9759343 ORDER BY c
	Sort  (cost=36738.22..36764.55 rows=10534 width=121)
	  Sort Key: c
	  ->  Bitmap Heap Scan on sbtest6  (cost=228.41..36034.40 rows=10534 width=121)
	        Recheck Cond: ((id >= 9749344) AND (id <= 9759343))
	        ->  Bitmap Index Scan on sbtest6_pkey  (cost=0.00..225.78 rows=10534 width=0)
	              Index Cond: ((id >= 9749344) AND (id <= 9759343))

table 7 : explain SELECT c FROM sbtest7 WHERE id BETWEEN 6250689 AND 6260688 ORDER BY c
	Sort  (cost=35065.73..35090.76 rows=10013 width=121)
	  Sort Key: c
	  ->  Bitmap Heap Scan on sbtest7  (cost=215.07..34400.39 rows=10013 width=121)
	        Recheck Cond: ((id >= 6250689) AND (id <= 6260688))
	        ->  Bitmap Index Scan on sbtest7_pkey  (cost=0.00..212.56 rows=10013 width=0)
	              Index Cond: ((id >= 6250689) AND (id <= 6260688))

table 8 : explain SELECT c FROM sbtest8 WHERE id BETWEEN 4871186 AND 4881185 ORDER BY c
	Sort  (cost=36707.01..36733.30 rows=10515 width=121)
	  Sort Key: c
	  ->  Bitmap Heap Scan on sbtest8  (cost=228.21..36004.60 rows=10515 width=121)
	        Recheck Cond: ((id >= 4871186) AND (id <= 4881185))
	        ->  Bitmap Index Scan on sbtest8_pkey  (cost=0.00..225.59 rows=10515 width=0)
	              Index Cond: ((id >= 4871186) AND (id <= 4881185))

for: sum_ranges
table 1 : explain SELECT SUM(k) FROM sbtest1 WHERE id BETWEEN 2710407 AND 2720406
	Aggregate  (cost=35630.44..35630.45 rows=1 width=8)
	  ->  Bitmap Heap Scan on sbtest1  (cost=223.24..35604.39 rows=10420 width=4)
	        Recheck Cond: ((id >= 2710407) AND (id <= 2720406))
	        ->  Bitmap Index Scan on sbtest1_pkey  (cost=0.00..220.63 rows=10420 width=0)
	              Index Cond: ((id >= 2710407) AND (id <= 2720406))

table 2 : explain SELECT SUM(k) FROM sbtest2 WHERE id BETWEEN 8603708 AND 8613707
	Aggregate  (cost=34626.59..34626.60 rows=1 width=8)
	  ->  Bitmap Heap Scan on sbtest2  (cost=215.91..34601.35 rows=10095 width=4)
	        Recheck Cond: ((id >= 8603708) AND (id <= 8613707))
	        ->  Bitmap Index Scan on sbtest2_pkey  (cost=0.00..213.38 rows=10095 width=0)
	              Index Cond: ((id >= 8603708) AND (id <= 8613707))

table 3 : explain SELECT SUM(k) FROM sbtest3 WHERE id BETWEEN 7115511 AND 7125510
	Aggregate  (cost=36977.34..36977.35 rows=1 width=8)
	  ->  Bitmap Heap Scan on sbtest3  (cost=231.66..36950.21 rows=10851 width=4)
	        Recheck Cond: ((id >= 7115511) AND (id <= 7125510))
	        ->  Bitmap Index Scan on sbtest3_pkey  (cost=0.00..228.94 rows=10851 width=0)
	              Index Cond: ((id >= 7115511) AND (id <= 7125510))

table 4 : explain SELECT SUM(k) FROM sbtest4 WHERE id BETWEEN 4890454 AND 4900453
	Aggregate  (cost=32921.36..32921.37 rows=1 width=8)
	  ->  Bitmap Heap Scan on sbtest4  (cost=206.23..32897.51 rows=9541 width=4)
	        Recheck Cond: ((id >= 4890454) AND (id <= 4900453))
	        ->  Bitmap Index Scan on sbtest4_pkey  (cost=0.00..203.84 rows=9541 width=0)
	              Index Cond: ((id >= 4890454) AND (id <= 4900453))

table 5 : explain SELECT SUM(k) FROM sbtest5 WHERE id BETWEEN 5799902 AND 5809901
	Aggregate  (cost=37290.53..37290.54 rows=1 width=8)
	  ->  Bitmap Heap Scan on sbtest5  (cost=236.63..37263.17 rows=10946 width=4)
	        Recheck Cond: ((id >= 5799902) AND (id <= 5809901))
	        ->  Bitmap Index Scan on sbtest5_pkey  (cost=0.00..233.90 rows=10946 width=0)
	              Index Cond: ((id >= 5799902) AND (id <= 5809901))

table 6 : explain SELECT SUM(k) FROM sbtest6 WHERE id BETWEEN 884458 AND 894457
	Aggregate  (cost=34695.78..34695.79 rows=1 width=8)
	  ->  Bitmap Heap Scan on sbtest6  (cost=219.90..34670.55 rows=10094 width=4)
	        Recheck Cond: ((id >= 884458) AND (id <= 894457))
	        ->  Bitmap Index Scan on sbtest6_pkey  (cost=0.00..217.38 rows=10094 width=0)
	              Index Cond: ((id >= 884458) AND (id <= 894457))

table 7 : explain SELECT SUM(k) FROM sbtest7 WHERE id BETWEEN 2808328 AND 2818327
	Aggregate  (cost=32742.19..32742.20 rows=1 width=8)
	  ->  Bitmap Heap Scan on sbtest7  (cost=205.55..32718.50 rows=9475 width=4)
	        Recheck Cond: ((id >= 2808328) AND (id <= 2818327))
	        ->  Bitmap Index Scan on sbtest7_pkey  (cost=0.00..203.19 rows=9475 width=0)
	              Index Cond: ((id >= 2808328) AND (id <= 2818327))

table 8 : explain SELECT SUM(k) FROM sbtest8 WHERE id BETWEEN 7419275 AND 7429274
	Aggregate  (cost=36479.00..36479.01 rows=1 width=8)
	  ->  Bitmap Heap Scan on sbtest8  (cost=233.69..36452.36 rows=10659 width=4)
	        Recheck Cond: ((id >= 7419275) AND (id <= 7429274))
	        ->  Bitmap Index Scan on sbtest8_pkey  (cost=0.00..231.03 rows=10659 width=0)
	              Index Cond: ((id >= 7419275) AND (id <= 7429274))

for: sum_ranges
table 1 : explain SELECT SUM(k) FROM sbtest1 WHERE id BETWEEN 3964361 AND 3974360
	Aggregate  (cost=31975.16..31975.17 rows=1 width=8)
	  ->  Bitmap Heap Scan on sbtest1  (cost=199.23..31952.04 rows=9248 width=4)
	        Recheck Cond: ((id >= 3964361) AND (id <= 3974360))
	        ->  Bitmap Index Scan on sbtest1_pkey  (cost=0.00..196.92 rows=9248 width=0)
	              Index Cond: ((id >= 3964361) AND (id <= 3974360))

table 2 : explain SELECT SUM(k) FROM sbtest2 WHERE id BETWEEN 9073742 AND 9083741
	Aggregate  (cost=34578.53..34578.54 rows=1 width=8)
	  ->  Bitmap Heap Scan on sbtest2  (cost=215.74..34553.33 rows=10079 width=4)
	        Recheck Cond: ((id >= 9073742) AND (id <= 9083741))
	        ->  Bitmap Index Scan on sbtest2_pkey  (cost=0.00..213.23 rows=10079 width=0)
	              Index Cond: ((id >= 9073742) AND (id <= 9083741))

table 3 : explain SELECT SUM(k) FROM sbtest3 WHERE id BETWEEN 1564121 AND 1574120
	Aggregate  (cost=35607.73..35607.74 rows=1 width=8)
	  ->  Bitmap Heap Scan on sbtest3  (cost=223.10..35581.71 rows=10406 width=4)
	        Recheck Cond: ((id >= 1564121) AND (id <= 1574120))
	        ->  Bitmap Index Scan on sbtest3_pkey  (cost=0.00..220.50 rows=10406 width=0)
	              Index Cond: ((id >= 1564121) AND (id <= 1574120))

table 4 : explain SELECT SUM(k) FROM sbtest4 WHERE id BETWEEN 960535 AND 970534
	Aggregate  (cost=37336.61..37336.62 rows=1 width=8)
	  ->  Bitmap Heap Scan on sbtest4  (cost=236.81..37309.21 rows=10963 width=4)
	        Recheck Cond: ((id >= 960535) AND (id <= 970534))
	        ->  Bitmap Index Scan on sbtest4_pkey  (cost=0.00..234.06 rows=10963 width=0)
	              Index Cond: ((id >= 960535) AND (id <= 970534))

table 5 : explain SELECT SUM(k) FROM sbtest5 WHERE id BETWEEN 3675477 AND 3685476
	Aggregate  (cost=35739.02..35739.03 rows=1 width=8)
	  ->  Bitmap Heap Scan on sbtest5  (cost=223.49..35712.91 rows=10444 width=4)
	        Recheck Cond: ((id >= 3675477) AND (id <= 3685476))
	        ->  Bitmap Index Scan on sbtest5_pkey  (cost=0.00..220.88 rows=10444 width=0)
	              Index Cond: ((id >= 3675477) AND (id <= 3685476))

table 6 : explain SELECT SUM(k) FROM sbtest6 WHERE id BETWEEN 6358842 AND 6368841
	Aggregate  (cost=35993.65..35993.66 rows=1 width=8)
	  ->  Bitmap Heap Scan on sbtest6  (cost=228.18..35967.37 rows=10512 width=4)
	        Recheck Cond: ((id >= 6358842) AND (id <= 6368841))
	        ->  Bitmap Index Scan on sbtest6_pkey  (cost=0.00..225.56 rows=10512 width=0)
	              Index Cond: ((id >= 6358842) AND (id <= 6368841))

table 7 : explain SELECT SUM(k) FROM sbtest7 WHERE id BETWEEN 5607669 AND 5617668
	Aggregate  (cost=33968.88..33968.89 rows=1 width=8)
	  ->  Bitmap Heap Scan on sbtest7  (cost=213.57..33944.22 rows=9867 width=4)
	        Recheck Cond: ((id >= 5607669) AND (id <= 5617668))
	        ->  Bitmap Index Scan on sbtest7_pkey  (cost=0.00..211.11 rows=9867 width=0)
	              Index Cond: ((id >= 5607669) AND (id <= 5617668))

table 8 : explain SELECT SUM(k) FROM sbtest8 WHERE id BETWEEN 7011419 AND 7021418
	Aggregate  (cost=32074.05..32074.06 rows=1 width=8)
	  ->  Bitmap Heap Scan on sbtest8  (cost=203.25..32050.93 rows=9250 width=4)
	        Recheck Cond: ((id >= 7011419) AND (id <= 7021418))
	        ->  Bitmap Index Scan on sbtest8_pkey  (cost=0.00..200.94 rows=9250 width=0)
	              Index Cond: ((id >= 7011419) AND (id <= 7021418))

for point_selects
table 1 : explain SELECT c FROM sbtest1 WHERE id=8129287
	Index Scan using sbtest1_pkey on sbtest1  (cost=0.43..8.45 rows=1 width=121)
	  Index Cond: (id = 8129287)

table 2 : explain SELECT c FROM sbtest2 WHERE id=1859324
	Index Scan using sbtest2_pkey on sbtest2  (cost=0.43..8.45 rows=1 width=121)
	  Index Cond: (id = 1859324)

table 3 : explain SELECT c FROM sbtest3 WHERE id=3213228
	Index Scan using sbtest3_pkey on sbtest3  (cost=0.43..8.45 rows=1 width=121)
	  Index Cond: (id = 3213228)

table 4 : explain SELECT c FROM sbtest4 WHERE id=5533491
	Index Scan using sbtest4_pkey on sbtest4  (cost=0.43..8.45 rows=1 width=121)
	  Index Cond: (id = 5533491)

table 5 : explain SELECT c FROM sbtest5 WHERE id=6086657
	Index Scan using sbtest5_pkey on sbtest5  (cost=0.43..8.45 rows=1 width=121)
	  Index Cond: (id = 6086657)

table 6 : explain SELECT c FROM sbtest6 WHERE id=2942232
	Index Scan using sbtest6_pkey on sbtest6  (cost=0.43..8.45 rows=1 width=121)
	  Index Cond: (id = 2942232)

table 7 : explain SELECT c FROM sbtest7 WHERE id=7109232
	Index Scan using sbtest7_pkey on sbtest7  (cost=0.43..8.45 rows=1 width=121)
	  Index Cond: (id = 7109232)

table 8 : explain SELECT c FROM sbtest8 WHERE id=3341001
	Index Scan using sbtest8_pkey on sbtest8  (cost=0.43..8.45 rows=1 width=121)
	  Index Cond: (id = 3341001)

for point_selects
table 1 : explain SELECT c FROM sbtest1 WHERE id=4472969
	Index Scan using sbtest1_pkey on sbtest1  (cost=0.43..8.45 rows=1 width=121)
	  Index Cond: (id = 4472969)

table 2 : explain SELECT c FROM sbtest2 WHERE id=3501098
	Index Scan using sbtest2_pkey on sbtest2  (cost=0.43..8.45 rows=1 width=121)
	  Index Cond: (id = 3501098)

table 3 : explain SELECT c FROM sbtest3 WHERE id=7722568
	Index Scan using sbtest3_pkey on sbtest3  (cost=0.43..8.45 rows=1 width=121)
	  Index Cond: (id = 7722568)

table 4 : explain SELECT c FROM sbtest4 WHERE id=2462564
	Index Scan using sbtest4_pkey on sbtest4  (cost=0.43..8.45 rows=1 width=121)
	  Index Cond: (id = 2462564)

table 5 : explain SELECT c FROM sbtest5 WHERE id=1536310
	Index Scan using sbtest5_pkey on sbtest5  (cost=0.43..8.45 rows=1 width=121)
	  Index Cond: (id = 1536310)

table 6 : explain SELECT c FROM sbtest6 WHERE id=4672240
	Index Scan using sbtest6_pkey on sbtest6  (cost=0.43..8.45 rows=1 width=121)
	  Index Cond: (id = 4672240)

table 7 : explain SELECT c FROM sbtest7 WHERE id=5164338
	Index Scan using sbtest7_pkey on sbtest7  (cost=0.43..8.45 rows=1 width=121)
	  Index Cond: (id = 5164338)

table 8 : explain SELECT c FROM sbtest8 WHERE id=2543664
	Index Scan using sbtest8_pkey on sbtest8  (cost=0.43..8.45 rows=1 width=121)
	  Index Cond: (id = 2543664)

for: order_ranges
table 1 : explain SELECT c FROM sbtest1 WHERE id BETWEEN 6872503 AND 6882502 ORDER BY c
	Sort  (cost=33378.17..33401.93 rows=9502 width=121)
	  Sort Key: c
	  ->  Bitmap Heap Scan on sbtest1  (cost=205.83..32750.38 rows=9502 width=121)
	        Recheck Cond: ((id >= 6872503) AND (id <= 6882502))
	        ->  Bitmap Index Scan on sbtest1_pkey  (cost=0.00..203.45 rows=9502 width=0)
	              Index Cond: ((id >= 6872503) AND (id <= 6882502))

table 2 : explain SELECT c FROM sbtest2 WHERE id BETWEEN 5664569 AND 5674568 ORDER BY c
	Sort  (cost=35302.19..35327.45 rows=10104 width=121)
	  Sort Key: c
	  ->  Bitmap Heap Scan on sbtest2  (cost=216.00..34630.14 rows=10104 width=121)
	        Recheck Cond: ((id >= 5664569) AND (id <= 5674568))
	        ->  Bitmap Index Scan on sbtest2_pkey  (cost=0.00..213.48 rows=10104 width=0)
	              Index Cond: ((id >= 5664569) AND (id <= 5674568))

table 3 : explain SELECT c FROM sbtest3 WHERE id BETWEEN 5196296 AND 5206295 ORDER BY c
	Sort  (cost=33242.35..33265.99 rows=9455 width=121)
	  Sort Key: c
	  ->  Bitmap Heap Scan on sbtest3  (cost=201.35..32618.00 rows=9455 width=121)
	        Recheck Cond: ((id >= 5196296) AND (id <= 5206295))
	        ->  Bitmap Index Scan on sbtest3_pkey  (cost=0.00..198.99 rows=9455 width=0)
	              Index Cond: ((id >= 5196296) AND (id <= 5206295))

table 4 : explain SELECT c FROM sbtest4 WHERE id BETWEEN 5340194 AND 5350193 ORDER BY c
	Sort  (cost=30721.58..30743.26 rows=8672 width=121)
	  Sort Key: c
	  ->  Bitmap Heap Scan on sbtest4  (cost=185.32..30154.34 rows=8672 width=121)
	        Recheck Cond: ((id >= 5340194) AND (id <= 5350193))
	        ->  Bitmap Index Scan on sbtest4_pkey  (cost=0.00..183.16 rows=8672 width=0)
	              Index Cond: ((id >= 5340194) AND (id <= 5350193))

table 5 : explain SELECT c FROM sbtest5 WHERE id BETWEEN 4763083 AND 4773082 ORDER BY c
	Sort  (cost=32270.22..32293.09 rows=9148 width=121)
	  Sort Key: c
	  ->  Bitmap Heap Scan on sbtest5  (cost=198.20..31668.31 rows=9148 width=121)
	        Recheck Cond: ((id >= 4763083) AND (id <= 4773082))
	        ->  Bitmap Index Scan on sbtest5_pkey  (cost=0.00..195.92 rows=9148 width=0)
	              Index Cond: ((id >= 4763083) AND (id <= 4773082))

table 6 : explain SELECT c FROM sbtest6 WHERE id BETWEEN 1234741 AND 1244740 ORDER BY c
	Sort  (cost=33441.87..33465.62 rows=9501 width=121)
	  Sort Key: c
	  ->  Bitmap Heap Scan on sbtest6  (cost=205.82..32814.14 rows=9501 width=121)
	        Recheck Cond: ((id >= 1234741) AND (id <= 1244740))
	        ->  Bitmap Index Scan on sbtest6_pkey  (cost=0.00..203.44 rows=9501 width=0)
	              Index Cond: ((id >= 1234741) AND (id <= 1244740))

table 7 : explain SELECT c FROM sbtest7 WHERE id BETWEEN 9240492 AND 9250491 ORDER BY c
	Sort  (cost=37155.40..37182.08 rows=10671 width=121)
	  Sort Key: c
	  ->  Bitmap Heap Scan on sbtest7  (cost=229.81..36441.44 rows=10671 width=121)
	        Recheck Cond: ((id >= 9240492) AND (id <= 9250491))
	        ->  Bitmap Index Scan on sbtest7_pkey  (cost=0.00..227.15 rows=10671 width=0)
	              Index Cond: ((id >= 9240492) AND (id <= 9250491))

table 8 : explain SELECT c FROM sbtest8 WHERE id BETWEEN 5996017 AND 6006016 ORDER BY c
	Sort  (cost=32323.96..32346.83 rows=9147 width=121)
	  Sort Key: c
	  ->  Bitmap Heap Scan on sbtest8  (cost=198.19..31722.13 rows=9147 width=121)
	        Recheck Cond: ((id >= 5996017) AND (id <= 6006016))
	        ->  Bitmap Index Scan on sbtest8_pkey  (cost=0.00..195.91 rows=9147 width=0)
	              Index Cond: ((id >= 5996017) AND (id <= 6006016))

for: order_ranges
table 1 : explain SELECT c FROM sbtest1 WHERE id BETWEEN 9953124 AND 9963123 ORDER BY c
	Sort  (cost=36968.59..36995.17 rows=10631 width=121)
	  Sort Key: c
	  ->  Bitmap Heap Scan on sbtest1  (cost=229.40..36257.59 rows=10631 width=121)
	        Recheck Cond: ((id >= 9953124) AND (id <= 9963123))
	        ->  Bitmap Index Scan on sbtest1_pkey  (cost=0.00..226.75 rows=10631 width=0)
	              Index Cond: ((id >= 9953124) AND (id <= 9963123))

table 2 : explain SELECT c FROM sbtest2 WHERE id BETWEEN 7051831 AND 7061830 ORDER BY c
	Sort  (cost=34898.96..34923.91 rows=9977 width=121)
	  Sort Key: c
	  ->  Bitmap Heap Scan on sbtest2  (cost=214.70..34236.27 rows=9977 width=121)
	        Recheck Cond: ((id >= 7051831) AND (id <= 7061830))
	        ->  Bitmap Index Scan on sbtest2_pkey  (cost=0.00..212.20 rows=9977 width=0)
	              Index Cond: ((id >= 7051831) AND (id <= 7061830))

table 3 : explain SELECT c FROM sbtest3 WHERE id BETWEEN 6368791 AND 6378790 ORDER BY c
	Sort  (cost=35179.09..35204.24 rows=10061 width=121)
	  Sort Key: c
	  ->  Bitmap Heap Scan on sbtest3  (cost=215.56..34510.21 rows=10061 width=121)
	        Recheck Cond: ((id >= 6368791) AND (id <= 6378790))
	        ->  Bitmap Index Scan on sbtest3_pkey  (cost=0.00..213.05 rows=10061 width=0)
	              Index Cond: ((id >= 6368791) AND (id <= 6378790))

table 4 : explain SELECT c FROM sbtest4 WHERE id BETWEEN 3252868 AND 3262867 ORDER BY c
	Sort  (cost=35597.82..35623.29 rows=10188 width=121)
	  Sort Key: c
	  ->  Bitmap Heap Scan on sbtest4  (cost=220.86..34919.57 rows=10188 width=121)
	        Recheck Cond: ((id >= 3252868) AND (id <= 3262867))
	        ->  Bitmap Index Scan on sbtest4_pkey  (cost=0.00..218.31 rows=10188 width=0)
	              Index Cond: ((id >= 3252868) AND (id <= 3262867))

table 5 : explain SELECT c FROM sbtest5 WHERE id BETWEEN 1083520 AND 1093519 ORDER BY c
	Sort  (cost=35615.12..35640.60 rows=10192 width=121)
	  Sort Key: c
	  ->  Bitmap Heap Scan on sbtest5  (cost=220.90..34936.58 rows=10192 width=121)
	        Recheck Cond: ((id >= 1083520) AND (id <= 1093519))
	        ->  Bitmap Index Scan on sbtest5_pkey  (cost=0.00..218.36 rows=10192 width=0)
	              Index Cond: ((id >= 1083520) AND (id <= 1093519))

table 6 : explain SELECT c FROM sbtest6 WHERE id BETWEEN 8229488 AND 8239487 ORDER BY c
	Sort  (cost=34874.32..34899.19 rows=9948 width=121)
	  Sort Key: c
	  ->  Bitmap Heap Scan on sbtest6  (cost=214.40..34213.76 rows=9948 width=121)
	        Recheck Cond: ((id >= 8229488) AND (id <= 8239487))
	        ->  Bitmap Index Scan on sbtest6_pkey  (cost=0.00..211.92 rows=9948 width=0)
	              Index Cond: ((id >= 8229488) AND (id <= 8239487))

table 7 : explain SELECT c FROM sbtest7 WHERE id BETWEEN 2703241 AND 2713240 ORDER BY c
	Sort  (cost=33145.12..33168.65 rows=9414 width=121)
	  Sort Key: c
	  ->  Bitmap Heap Scan on sbtest7  (cost=200.93..32523.77 rows=9414 width=121)
	        Recheck Cond: ((id >= 2703241) AND (id <= 2713240))
	        ->  Bitmap Index Scan on sbtest7_pkey  (cost=0.00..198.57 rows=9414 width=0)
	              Index Cond: ((id >= 2703241) AND (id <= 2713240))

table 8 : explain SELECT c FROM sbtest8 WHERE id BETWEEN 8597713 AND 8607712 ORDER BY c
	Sort  (cost=37465.75..37492.64 rows=10754 width=121)
	  Sort Key: c
	  ->  Bitmap Heap Scan on sbtest8  (cost=234.66..36745.63 rows=10754 width=121)
	        Recheck Cond: ((id >= 8597713) AND (id <= 8607712))
	        ->  Bitmap Index Scan on sbtest8_pkey  (cost=0.00..231.98 rows=10754 width=0)
	              Index Cond: ((id >= 8597713) AND (id <= 8607712))

for: simple_ranges
table 1 : explain SELECT c FROM sbtest1 WHERE id BETWEEN 5683670 AND 5693669
	Bitmap Heap Scan on sbtest1  (cost=206.64..32998.46 rows=9581 width=121)
	  Recheck Cond: ((id >= 5683670) AND (id <= 5693669))
	  ->  Bitmap Index Scan on sbtest1_pkey  (cost=0.00..204.25 rows=9581 width=0)
	        Index Cond: ((id >= 5683670) AND (id <= 5693669))

table 2 : explain SELECT c FROM sbtest2 WHERE id BETWEEN 2665561 AND 2675560
	Bitmap Heap Scan on sbtest2  (cost=206.28..32892.22 rows=9546 width=121)
	  Recheck Cond: ((id >= 2665561) AND (id <= 2675560))
	  ->  Bitmap Index Scan on sbtest2_pkey  (cost=0.00..203.90 rows=9546 width=0)
	        Index Cond: ((id >= 2665561) AND (id <= 2675560))

table 3 : explain SELECT c FROM sbtest3 WHERE id BETWEEN 5340256 AND 5350255
	Bitmap Heap Scan on sbtest3  (cost=213.53..33897.65 rows=9863 width=121)
	  Recheck Cond: ((id >= 5340256) AND (id <= 5350255))
	  ->  Bitmap Index Scan on sbtest3_pkey  (cost=0.00..211.06 rows=9863 width=0)
	        Index Cond: ((id >= 5340256) AND (id <= 5350255))

table 4 : explain SELECT c FROM sbtest4 WHERE id BETWEEN 3860772 AND 3870771
	Bitmap Heap Scan on sbtest4  (cost=214.00..34050.28 rows=9909 width=121)
	  Recheck Cond: ((id >= 3860772) AND (id <= 3870771))
	  ->  Bitmap Index Scan on sbtest4_pkey  (cost=0.00..211.53 rows=9909 width=0)
	        Index Cond: ((id >= 3860772) AND (id <= 3870771))

table 5 : explain SELECT c FROM sbtest5 WHERE id BETWEEN 8221721 AND 8231720
	Bitmap Heap Scan on sbtest5  (cost=222.55..35432.05 rows=10353 width=121)
	  Recheck Cond: ((id >= 8221721) AND (id <= 8231720))
	  ->  Bitmap Index Scan on sbtest5_pkey  (cost=0.00..219.97 rows=10353 width=0)
	        Index Cond: ((id >= 8221721) AND (id <= 8231720))

table 6 : explain SELECT c FROM sbtest6 WHERE id BETWEEN 2199563 AND 2209562
	Bitmap Heap Scan on sbtest6  (cost=246.03..38917.17 rows=11473 width=121)
	  Recheck Cond: ((id >= 2199563) AND (id <= 2209562))
	  ->  Bitmap Index Scan on sbtest6_pkey  (cost=0.00..243.17 rows=11473 width=0)
	        Index Cond: ((id >= 2199563) AND (id <= 2209562))

table 7 : explain SELECT c FROM sbtest7 WHERE id BETWEEN 7395912 AND 7405911
	Bitmap Heap Scan on sbtest7  (cost=199.95..32226.05 rows=9319 width=121)
	  Recheck Cond: ((id >= 7395912) AND (id <= 7405911))
	  ->  Bitmap Index Scan on sbtest7_pkey  (cost=0.00..197.62 rows=9319 width=0)
	        Index Cond: ((id >= 7395912) AND (id <= 7405911))

table 8 : explain SELECT c FROM sbtest8 WHERE id BETWEEN 3085333 AND 3095332
	Bitmap Heap Scan on sbtest8  (cost=228.25..36017.38 rows=10519 width=121)
	  Recheck Cond: ((id >= 3085333) AND (id <= 3095332))
	  ->  Bitmap Index Scan on sbtest8_pkey  (cost=0.00..225.62 rows=10519 width=0)
	        Index Cond: ((id >= 3085333) AND (id <= 3095332))

for: order_ranges
table 1 : explain SELECT c FROM sbtest1 WHERE id BETWEEN 6995772 AND 7005771 ORDER BY c
	Sort  (cost=35842.54..35868.23 rows=10275 width=121)
	  Sort Key: c
	  ->  Bitmap Heap Scan on sbtest1  (cost=221.75..35157.87 rows=10275 width=121)
	        Recheck Cond: ((id >= 6995772) AND (id <= 7005771))
	        ->  Bitmap Index Scan on sbtest1_pkey  (cost=0.00..219.19 rows=10275 width=0)
	              Index Cond: ((id >= 6995772) AND (id <= 7005771))

table 2 : explain SELECT c FROM sbtest2 WHERE id BETWEEN 8628629 AND 8638628 ORDER BY c
	Sort  (cost=35272.73..35297.97 rows=10095 width=121)
	  Sort Key: c
	  ->  Bitmap Heap Scan on sbtest2  (cost=215.91..34601.35 rows=10095 width=121)
	        Recheck Cond: ((id >= 8628629) AND (id <= 8638628))
	        ->  Bitmap Index Scan on sbtest2_pkey  (cost=0.00..213.38 rows=10095 width=0)
	              Index Cond: ((id >= 8628629) AND (id <= 8638628))

table 3 : explain SELECT c FROM sbtest3 WHERE id BETWEEN 6214924 AND 6224923 ORDER BY c
	Sort  (cost=34189.48..34213.86 rows=9751 width=121)
	  Sort Key: c
	  ->  Bitmap Heap Scan on sbtest3  (cost=208.38..33543.41 rows=9751 width=121)
	        Recheck Cond: ((id >= 6214924) AND (id <= 6224923))
	        ->  Bitmap Index Scan on sbtest3_pkey  (cost=0.00..205.94 rows=9751 width=0)
	              Index Cond: ((id >= 6214924) AND (id <= 6224923))

table 4 : explain SELECT c FROM sbtest4 WHERE id BETWEEN 4707330 AND 4717329 ORDER BY c
	Sort  (cost=35377.57..35402.87 rows=10120 width=121)
	  Sort Key: c
	  ->  Bitmap Heap Scan on sbtest4  (cost=216.16..34704.34 rows=10120 width=121)
	        Recheck Cond: ((id >= 4707330) AND (id <= 4717329))
	        ->  Bitmap Index Scan on sbtest4_pkey  (cost=0.00..213.63 rows=10120 width=0)
	              Index Cond: ((id >= 4707330) AND (id <= 4717329))

table 5 : explain SELECT c FROM sbtest5 WHERE id BETWEEN 9856928 AND 9866927 ORDER BY c
	Sort  (cost=34342.87..34367.35 rows=9794 width=121)
	  Sort Key: c
	  ->  Bitmap Heap Scan on sbtest5  (cost=208.82..33693.64 rows=9794 width=121)
	        Recheck Cond: ((id >= 9856928) AND (id <= 9866927))
	        ->  Bitmap Index Scan on sbtest5_pkey  (cost=0.00..206.38 rows=9794 width=0)
	              Index Cond: ((id >= 9856928) AND (id <= 9866927))

table 6 : explain SELECT c FROM sbtest6 WHERE id BETWEEN 6201473 AND 6211472 ORDER BY c
	Sort  (cost=35594.69..35620.12 rows=10174 width=121)
	  Sort Key: c
	  ->  Bitmap Heap Scan on sbtest6  (cost=220.72..34917.48 rows=10174 width=121)
	        Recheck Cond: ((id >= 6201473) AND (id <= 6211472))
	        ->  Bitmap Index Scan on sbtest6_pkey  (cost=0.00..218.18 rows=10174 width=0)
	              Index Cond: ((id >= 6201473) AND (id <= 6211472))

table 7 : explain SELECT c FROM sbtest7 WHERE id BETWEEN 6359924 AND 6369923 ORDER BY c
	Sort  (cost=36593.29..36619.52 rows=10494 width=121)
	  Sort Key: c
	  ->  Bitmap Heap Scan on sbtest7  (cost=224.00..35892.43 rows=10494 width=121)
	        Recheck Cond: ((id >= 6359924) AND (id <= 6369923))
	        ->  Bitmap Index Scan on sbtest7_pkey  (cost=0.00..221.38 rows=10494 width=0)
	              Index Cond: ((id >= 6359924) AND (id <= 6369923))

table 8 : explain SELECT c FROM sbtest8 WHERE id BETWEEN 5929750 AND 5939749 ORDER BY c
	Sort  (cost=36018.36..36044.11 rows=10299 width=121)
	  Sort Key: c
	  ->  Bitmap Heap Scan on sbtest8  (cost=222.00..35331.92 rows=10299 width=121)
	        Recheck Cond: ((id >= 5929750) AND (id <= 5939749))
	        ->  Bitmap Index Scan on sbtest8_pkey  (cost=0.00..219.43 rows=10299 width=0)
	              Index Cond: ((id >= 5929750) AND (id <= 5939749))

for point_selects
table 1 : explain SELECT c FROM sbtest1 WHERE id=6092749
	Index Scan using sbtest1_pkey on sbtest1  (cost=0.43..8.45 rows=1 width=121)
	  Index Cond: (id = 6092749)

table 2 : explain SELECT c FROM sbtest2 WHERE id=8707660
	Index Scan using sbtest2_pkey on sbtest2  (cost=0.43..8.45 rows=1 width=121)
	  Index Cond: (id = 8707660)

table 3 : explain SELECT c FROM sbtest3 WHERE id=7527191
	Index Scan using sbtest3_pkey on sbtest3  (cost=0.43..8.45 rows=1 width=121)
	  Index Cond: (id = 7527191)

table 4 : explain SELECT c FROM sbtest4 WHERE id=9401903
	Index Scan using sbtest4_pkey on sbtest4  (cost=0.43..8.45 rows=1 width=121)
	  Index Cond: (id = 9401903)

table 5 : explain SELECT c FROM sbtest5 WHERE id=2318641
	Index Scan using sbtest5_pkey on sbtest5  (cost=0.43..8.45 rows=1 width=121)
	  Index Cond: (id = 2318641)

table 6 : explain SELECT c FROM sbtest6 WHERE id=979907
	Index Scan using sbtest6_pkey on sbtest6  (cost=0.43..8.45 rows=1 width=121)
	  Index Cond: (id = 979907)

table 7 : explain SELECT c FROM sbtest7 WHERE id=1459569
	Index Scan using sbtest7_pkey on sbtest7  (cost=0.43..8.45 rows=1 width=121)
	  Index Cond: (id = 1459569)

table 8 : explain SELECT c FROM sbtest8 WHERE id=745719
	Index Scan using sbtest8_pkey on sbtest8  (cost=0.43..8.45 rows=1 width=121)
	  Index Cond: (id = 745719)

for: simple_ranges
table 1 : explain SELECT c FROM sbtest1 WHERE id BETWEEN 1197170 AND 1207169
	Bitmap Heap Scan on sbtest1  (cost=208.11..33442.48 rows=9724 width=121)
	  Recheck Cond: ((id >= 1197170) AND (id <= 1207169))
	  ->  Bitmap Index Scan on sbtest1_pkey  (cost=0.00..205.68 rows=9724 width=0)
	        Index Cond: ((id >= 1197170) AND (id <= 1207169))

table 2 : explain SELECT c FROM sbtest2 WHERE id BETWEEN 1324460 AND 1334459
	Bitmap Heap Scan on sbtest2  (cost=230.59..36617.20 rows=10747 width=121)
	  Recheck Cond: ((id >= 1324460) AND (id <= 1334459))
	  ->  Bitmap Index Scan on sbtest2_pkey  (cost=0.00..227.91 rows=10747 width=0)
	        Index Cond: ((id >= 1324460) AND (id <= 1334459))

table 3 : explain SELECT c FROM sbtest3 WHERE id BETWEEN 9975029 AND 9985028
	Bitmap Heap Scan on sbtest3  (cost=223.82..35798.51 rows=10477 width=121)
	  Recheck Cond: ((id >= 9975029) AND (id <= 9985028))
	  ->  Bitmap Index Scan on sbtest3_pkey  (cost=0.00..221.20 rows=10477 width=0)
	        Index Cond: ((id >= 9975029) AND (id <= 9985028))

table 4 : explain SELECT c FROM sbtest4 WHERE id BETWEEN 8349751 AND 8359750
	Bitmap Heap Scan on sbtest4  (cost=221.09..34986.76 rows=10210 width=121)
	  Recheck Cond: ((id >= 8349751) AND (id <= 8359750))
	  ->  Bitmap Index Scan on sbtest4_pkey  (cost=0.00..218.54 rows=10210 width=0)
	        Index Cond: ((id >= 8349751) AND (id <= 8359750))

table 5 : explain SELECT c FROM sbtest5 WHERE id BETWEEN 9022438 AND 9032437
	Bitmap Heap Scan on sbtest5  (cost=213.13..33790.88 rows=9824 width=121)
	  Recheck Cond: ((id >= 9022438) AND (id <= 9032437))
	  ->  Bitmap Index Scan on sbtest5_pkey  (cost=0.00..210.68 rows=9824 width=0)
	        Index Cond: ((id >= 9022438) AND (id <= 9032437))

table 6 : explain SELECT c FROM sbtest6 WHERE id BETWEEN 7176096 AND 7186095
	Bitmap Heap Scan on sbtest6  (cost=221.34..35106.51 rows=10235 width=121)
	  Recheck Cond: ((id >= 7176096) AND (id <= 7186095))
	  ->  Bitmap Index Scan on sbtest6_pkey  (cost=0.00..218.79 rows=10235 width=0)
	        Index Cond: ((id >= 7176096) AND (id <= 7186095))

table 7 : explain SELECT c FROM sbtest7 WHERE id BETWEEN 6696253 AND 6706252
	Bitmap Heap Scan on sbtest7  (cost=208.21..33528.27 rows=9734 width=121)
	  Recheck Cond: ((id >= 6696253) AND (id <= 6706252))
	  ->  Bitmap Index Scan on sbtest7_pkey  (cost=0.00..205.78 rows=9734 width=0)
	        Index Cond: ((id >= 6696253) AND (id <= 6706252))

table 8 : explain SELECT c FROM sbtest8 WHERE id BETWEEN 7803583 AND 7813582
	Bitmap Heap Scan on sbtest8  (cost=205.47..32731.64 rows=9467 width=121)
	  Recheck Cond: ((id >= 7803583) AND (id <= 7813582))
	  ->  Bitmap Index Scan on sbtest8_pkey  (cost=0.00..203.11 rows=9467 width=0)
	        Index Cond: ((id >= 7803583) AND (id <= 7813582))

explain: for point_selects :: explain SELECT c FROM sbtest%u WHERE id=%u
for: simple_ranges
table 1 : explain SELECT c FROM sbtest1 WHERE id BETWEEN 475032 AND 485031
	Bitmap Heap Scan on sbtest1  (cost=215.57..34495.39 rows=10062 width=121)
	  Recheck Cond: ((id >= 475032) AND (id <= 485031))
	  ->  Bitmap Index Scan on sbtest1_pkey  (cost=0.00..213.06 rows=10062 width=0)
	        Index Cond: ((id >= 475032) AND (id <= 485031))

table 2 : explain SELECT c FROM sbtest2 WHERE id BETWEEN 4702050 AND 4712049
	Bitmap Heap Scan on sbtest2  (cost=223.19..35595.35 rows=10415 width=121)
	  Recheck Cond: ((id >= 4702050) AND (id <= 4712049))
	  ->  Bitmap Index Scan on sbtest2_pkey  (cost=0.00..220.59 rows=10415 width=0)
	        Index Cond: ((id >= 4702050) AND (id <= 4712049))

table 3 : explain SELECT c FROM sbtest3 WHERE id BETWEEN 113629 AND 123628
	Bitmap Heap Scan on sbtest3  (cost=214.23..34109.48 rows=9931 width=121)
	  Recheck Cond: ((id >= 113629) AND (id <= 123628))
	  ->  Bitmap Index Scan on sbtest3_pkey  (cost=0.00..211.75 rows=9931 width=0)
	        Index Cond: ((id >= 113629) AND (id <= 123628))

table 4 : explain SELECT c FROM sbtest4 WHERE id BETWEEN 1668084 AND 1678083
	Bitmap Heap Scan on sbtest4  (cost=224.13..35902.99 rows=10507 width=121)
	  Recheck Cond: ((id >= 1668084) AND (id <= 1678083))
	  ->  Bitmap Index Scan on sbtest4_pkey  (cost=0.00..221.50 rows=10507 width=0)
	        Index Cond: ((id >= 1668084) AND (id <= 1678083))

table 5 : explain SELECT c FROM sbtest5 WHERE id BETWEEN 2525802 AND 2535801
	Bitmap Heap Scan on sbtest5  (cost=214.47..34195.58 rows=9955 width=121)
	  Recheck Cond: ((id >= 2525802) AND (id <= 2535801))
	  ->  Bitmap Index Scan on sbtest5_pkey  (cost=0.00..211.99 rows=9955 width=0)
	        Index Cond: ((id >= 2525802) AND (id <= 2535801))

table 6 : explain SELECT c FROM sbtest6 WHERE id BETWEEN 8657717 AND 8667716
	Bitmap Heap Scan on sbtest6  (cost=199.89..32217.95 rows=9313 width=121)
	  Recheck Cond: ((id >= 8657717) AND (id <= 8667716))
	  ->  Bitmap Index Scan on sbtest6_pkey  (cost=0.00..197.56 rows=9313 width=0)
	        Index Cond: ((id >= 8657717) AND (id <= 8667716))

table 7 : explain SELECT c FROM sbtest7 WHERE id BETWEEN 7106126 AND 7116125
	Bitmap Heap Scan on sbtest7  (cost=228.73..36113.31 rows=10565 width=121)
	  Recheck Cond: ((id >= 7106126) AND (id <= 7116125))
	  ->  Bitmap Index Scan on sbtest7_pkey  (cost=0.00..226.09 rows=10565 width=0)
	        Index Cond: ((id >= 7106126) AND (id <= 7116125))

table 8 : explain SELECT c FROM sbtest8 WHERE id BETWEEN 1030821 AND 1040820
	Bitmap Heap Scan on sbtest8  (cost=243.63..38236.38 rows=11239 width=121)
	  Recheck Cond: ((id >= 1030821) AND (id <= 1040820))
	  ->  Bitmap Index Scan on sbtest8_pkey  (cost=0.00..240.82 rows=11239 width=0)
	        Index Cond: ((id >= 1030821) AND (id <= 1040820))

for point_selects
table 1 : explain SELECT c FROM sbtest1 WHERE id=3828557
	Index Scan using sbtest1_pkey on sbtest1  (cost=0.43..8.45 rows=1 width=121)
	  Index Cond: (id = 3828557)

table 2 : explain SELECT c FROM sbtest2 WHERE id=4089537
	Index Scan using sbtest2_pkey on sbtest2  (cost=0.43..8.45 rows=1 width=121)
	  Index Cond: (id = 4089537)

table 3 : explain SELECT c FROM sbtest3 WHERE id=6918167
	Index Scan using sbtest3_pkey on sbtest3  (cost=0.43..8.45 rows=1 width=121)
	  Index Cond: (id = 6918167)

table 4 : explain SELECT c FROM sbtest4 WHERE id=9953154
	Index Scan using sbtest4_pkey on sbtest4  (cost=0.43..8.45 rows=1 width=121)
	  Index Cond: (id = 9953154)

table 5 : explain SELECT c FROM sbtest5 WHERE id=2057460
	Index Scan using sbtest5_pkey on sbtest5  (cost=0.43..8.45 rows=1 width=121)
	  Index Cond: (id = 2057460)

table 6 : explain SELECT c FROM sbtest6 WHERE id=2026929
	Index Scan using sbtest6_pkey on sbtest6  (cost=0.43..8.45 rows=1 width=121)
	  Index Cond: (id = 2026929)

table 7 : explain SELECT c FROM sbtest7 WHERE id=3183548
	Index Scan using sbtest7_pkey on sbtest7  (cost=0.43..8.45 rows=1 width=121)
	  Index Cond: (id = 3183548)

table 8 : explain SELECT c FROM sbtest8 WHERE id=5117078
	Index Scan using sbtest8_pkey on sbtest8  (cost=0.43..8.45 rows=1 width=121)
	  Index Cond: (id = 5117078)

for: distinct_ranges
table 1 : explain SELECT DISTINCT c FROM sbtest1 WHERE id BETWEEN 7727242 AND 7737241 ORDER BY c
	Unique  (cost=36495.48..36547.89 rows=10482 width=121)
	  ->  Sort  (cost=36495.48..36521.68 rows=10482 width=121)
	        Sort Key: c
	        ->  Bitmap Heap Scan on sbtest1  (cost=223.88..35795.51 rows=10482 width=121)
	              Recheck Cond: ((id >= 7727242) AND (id <= 7737241))
	              ->  Bitmap Index Scan on sbtest1_pkey  (cost=0.00..221.25 rows=10482 width=0)
	                    Index Cond: ((id >= 7727242) AND (id <= 7737241))

table 2 : explain SELECT DISTINCT c FROM sbtest2 WHERE id BETWEEN 1571661 AND 1581660 ORDER BY c
	Unique  (cost=35833.13..35884.48 rows=10271 width=121)
	  ->  Sort  (cost=35833.13..35858.81 rows=10271 width=121)
	        Sort Key: c
	        ->  Bitmap Heap Scan on sbtest2  (cost=221.71..35148.76 rows=10271 width=121)
	              Recheck Cond: ((id >= 1571661) AND (id <= 1581660))
	              ->  Bitmap Index Scan on sbtest2_pkey  (cost=0.00..219.15 rows=10271 width=0)
	                    Index Cond: ((id >= 1571661) AND (id <= 1581660))

table 3 : explain SELECT DISTINCT c FROM sbtest3 WHERE id BETWEEN 6491532 AND 6501531 ORDER BY c
	Unique  (cost=31478.38..31522.92 rows=8908 width=121)
	  ->  Sort  (cost=31478.38..31500.65 rows=8908 width=121)
	        Sort Key: c
	        ->  Bitmap Heap Scan on sbtest3  (cost=191.74..30893.98 rows=8908 width=121)
	              Recheck Cond: ((id >= 6491532) AND (id <= 6501531))
	              ->  Bitmap Index Scan on sbtest3_pkey  (cost=0.00..189.51 rows=8908 width=0)
	                    Index Cond: ((id >= 6491532) AND (id <= 6501531))

table 4 : explain SELECT DISTINCT c FROM sbtest4 WHERE id BETWEEN 6976381 AND 6986380 ORDER BY c
	Unique  (cost=34514.00..34563.24 rows=9848 width=121)
	  ->  Sort  (cost=34514.00..34538.62 rows=9848 width=121)
	        Sort Key: c
	        ->  Bitmap Heap Scan on sbtest4  (cost=213.38..33860.80 rows=9848 width=121)
	              Recheck Cond: ((id >= 6976381) AND (id <= 6986380))
	              ->  Bitmap Index Scan on sbtest4_pkey  (cost=0.00..210.92 rows=9848 width=0)
	                    Index Cond: ((id >= 6976381) AND (id <= 6986380))

table 5 : explain SELECT DISTINCT c FROM sbtest5 WHERE id BETWEEN 6749435 AND 6759434 ORDER BY c
	Unique  (cost=32004.03..32049.37 rows=9067 width=121)
	  ->  Sort  (cost=32004.03..32026.70 rows=9067 width=121)
	        Sort Key: c
	        ->  Bitmap Heap Scan on sbtest5  (cost=193.37..31408.04 rows=9067 width=121)
	              Recheck Cond: ((id >= 6749435) AND (id <= 6759434))
	              ->  Bitmap Index Scan on sbtest5_pkey  (cost=0.00..191.11 rows=9067 width=0)
	                    Index Cond: ((id >= 6749435) AND (id <= 6759434))

table 6 : explain SELECT DISTINCT c FROM sbtest6 WHERE id BETWEEN 6201547 AND 6211546 ORDER BY c
	Unique  (cost=35594.69..35645.56 rows=10174 width=121)
	  ->  Sort  (cost=35594.69..35620.12 rows=10174 width=121)
	        Sort Key: c
	        ->  Bitmap Heap Scan on sbtest6  (cost=220.72..34917.48 rows=10174 width=121)
	              Recheck Cond: ((id >= 6201547) AND (id <= 6211546))
	              ->  Bitmap Index Scan on sbtest6_pkey  (cost=0.00..218.18 rows=10174 width=0)
	                    Index Cond: ((id >= 6201547) AND (id <= 6211546))

table 7 : explain SELECT DISTINCT c FROM sbtest7 WHERE id BETWEEN 1598228 AND 1608227 ORDER BY c
	Unique  (cost=32100.62..32146.07 rows=9090 width=121)
	  ->  Sort  (cost=32100.62..32123.35 rows=9090 width=121)
	        Sort Key: c
	        ->  Bitmap Heap Scan on sbtest7  (cost=197.61..31502.95 rows=9090 width=121)
	              Recheck Cond: ((id >= 1598228) AND (id <= 1608227))
	              ->  Bitmap Index Scan on sbtest7_pkey  (cost=0.00..195.34 rows=9090 width=0)
	                    Index Cond: ((id >= 1598228) AND (id <= 1608227))

table 8 : explain SELECT DISTINCT c FROM sbtest8 WHERE id BETWEEN 2123106 AND 2133105 ORDER BY c
	Unique  (cost=36051.85..36103.39 rows=10308 width=121)
	  ->  Sort  (cost=36051.85..36077.62 rows=10308 width=121)
	        Sort Key: c
	        ->  Bitmap Heap Scan on sbtest8  (cost=226.09..35364.74 rows=10308 width=121)
	              Recheck Cond: ((id >= 2123106) AND (id <= 2133105))
	              ->  Bitmap Index Scan on sbtest8_pkey  (cost=0.00..223.51 rows=10308 width=0)
	                    Index Cond: ((id >= 2123106) AND (id <= 2133105))

for point_selects
table 1 : explain SELECT c FROM sbtest1 WHERE id=8623701
	Index Scan using sbtest1_pkey on sbtest1  (cost=0.43..8.45 rows=1 width=121)
	  Index Cond: (id = 8623701)

table 2 : explain SELECT c FROM sbtest2 WHERE id=6988097
	Index Scan using sbtest2_pkey on sbtest2  (cost=0.43..8.45 rows=1 width=121)
	  Index Cond: (id = 6988097)

table 3 : explain SELECT c FROM sbtest3 WHERE id=19272
	Index Scan using sbtest3_pkey on sbtest3  (cost=0.43..8.45 rows=1 width=121)
	  Index Cond: (id = 19272)

table 4 : explain SELECT c FROM sbtest4 WHERE id=6819057
	Index Scan using sbtest4_pkey on sbtest4  (cost=0.43..8.45 rows=1 width=121)
	  Index Cond: (id = 6819057)

table 5 : explain SELECT c FROM sbtest5 WHERE id=1216204
	Index Scan using sbtest5_pkey on sbtest5  (cost=0.43..8.45 rows=1 width=121)
	  Index Cond: (id = 1216204)

table 6 : explain SELECT c FROM sbtest6 WHERE id=6699584
	Index Scan using sbtest6_pkey on sbtest6  (cost=0.43..8.45 rows=1 width=121)
	  Index Cond: (id = 6699584)

table 7 : explain SELECT c FROM sbtest7 WHERE id=9732716
	Index Scan using sbtest7_pkey on sbtest7  (cost=0.43..8.45 rows=1 width=121)
	  Index Cond: (id = 9732716)

table 8 : explain SELECT c FROM sbtest8 WHERE id=1258306
	Index Scan using sbtest8_pkey on sbtest8  (cost=0.43..8.45 rows=1 width=121)
	  Index Cond: (id = 1258306)

for: sum_ranges
table 1 : explain SELECT SUM(k) FROM sbtest1 WHERE id BETWEEN 9133843 AND 9143842
	Aggregate  (cost=35464.55..35464.56 rows=1 width=8)
	  ->  Bitmap Heap Scan on sbtest1  (cost=222.69..35438.63 rows=10366 width=4)
	        Recheck Cond: ((id >= 9133843) AND (id <= 9143842))
	        ->  Bitmap Index Scan on sbtest1_pkey  (cost=0.00..220.09 rows=10366 width=0)
	              Index Cond: ((id >= 9133843) AND (id <= 9143842))

table 2 : explain SELECT SUM(k) FROM sbtest2 WHERE id BETWEEN 1774606 AND 1784605
	Aggregate  (cost=33122.39..33122.40 rows=1 width=8)
	  ->  Bitmap Heap Scan on sbtest2  (cost=206.96..33098.36 rows=9612 width=4)
	        Recheck Cond: ((id >= 1774606) AND (id <= 1784605))
	        ->  Bitmap Index Scan on sbtest2_pkey  (cost=0.00..204.56 rows=9612 width=0)
	              Index Cond: ((id >= 1774606) AND (id <= 1784605))

table 3 : explain SELECT SUM(k) FROM sbtest3 WHERE id BETWEEN 353502 AND 363501
	Aggregate  (cost=30981.29..30981.30 rows=1 width=8)
	  ->  Bitmap Heap Scan on sbtest3  (cost=191.95..30958.97 rows=8928 width=4)
	        Recheck Cond: ((id >= 353502) AND (id <= 363501))
	        ->  Bitmap Index Scan on sbtest3_pkey  (cost=0.00..189.72 rows=8928 width=0)
	              Index Cond: ((id >= 353502) AND (id <= 363501))

table 4 : explain SELECT SUM(k) FROM sbtest4 WHERE id BETWEEN 7564661 AND 7574660
	Aggregate  (cost=32776.04..32776.05 rows=1 width=8)
	  ->  Bitmap Heap Scan on sbtest4  (cost=205.75..32752.31 rows=9494 width=4)
	        Recheck Cond: ((id >= 7564661) AND (id <= 7574660))
	        ->  Bitmap Index Scan on sbtest4_pkey  (cost=0.00..203.38 rows=9494 width=0)
	              Index Cond: ((id >= 7564661) AND (id <= 7574660))

table 5 : explain SELECT SUM(k) FROM sbtest5 WHERE id BETWEEN 1884231 AND 1894230
	Aggregate  (cost=33463.77..33463.78 rows=1 width=8)
	  ->  Bitmap Heap Scan on sbtest5  (cost=207.99..33439.48 rows=9713 width=4)
	        Recheck Cond: ((id >= 1884231) AND (id <= 1894230))
	        ->  Bitmap Index Scan on sbtest5_pkey  (cost=0.00..205.56 rows=9713 width=0)
	              Index Cond: ((id >= 1884231) AND (id <= 1894230))

table 6 : explain SELECT SUM(k) FROM sbtest6 WHERE id BETWEEN 1047608 AND 1057607
	Aggregate  (cost=36580.77..36580.78 rows=1 width=8)
	  ->  Bitmap Heap Scan on sbtest6  (cost=230.14..36554.01 rows=10703 width=4)
	        Recheck Cond: ((id >= 1047608) AND (id <= 1057607))
	        ->  Bitmap Index Scan on sbtest6_pkey  (cost=0.00..227.47 rows=10703 width=0)
	              Index Cond: ((id >= 1047608) AND (id <= 1057607))

table 7 : explain SELECT SUM(k) FROM sbtest7 WHERE id BETWEEN 4535708 AND 4545707
	Aggregate  (cost=33726.61..33726.62 rows=1 width=8)
	  ->  Bitmap Heap Scan on sbtest7  (cost=208.78..33702.14 rows=9790 width=4)
	        Recheck Cond: ((id >= 4535708) AND (id <= 4545707))
	        ->  Bitmap Index Scan on sbtest7_pkey  (cost=0.00..206.34 rows=9790 width=0)
	              Index Cond: ((id >= 4535708) AND (id <= 4545707))

table 8 : explain SELECT SUM(k) FROM sbtest8 WHERE id BETWEEN 942523 AND 952522
	Aggregate  (cost=38416.61..38416.62 rows=1 width=8)
	  ->  Bitmap Heap Scan on sbtest8  (cost=244.15..38388.39 rows=11289 width=4)
	        Recheck Cond: ((id >= 942523) AND (id <= 952522))
	        ->  Bitmap Index Scan on sbtest8_pkey  (cost=0.00..241.32 rows=11289 width=0)
	              Index Cond: ((id >= 942523) AND (id <= 952522))

for: distinct_ranges
table 1 : explain SELECT DISTINCT c FROM sbtest1 WHERE id BETWEEN 346782 AND 356781 ORDER BY c
	Unique  (cost=35272.45..35322.93 rows=10096 width=121)
	  ->  Sort  (cost=35272.45..35297.69 rows=10096 width=121)
	        Sort Key: c
	        ->  Bitmap Heap Scan on sbtest1  (cost=215.92..34600.99 rows=10096 width=121)
	              Recheck Cond: ((id >= 346782) AND (id <= 356781))
	              ->  Bitmap Index Scan on sbtest1_pkey  (cost=0.00..213.40 rows=10096 width=0)
	                    Index Cond: ((id >= 346782) AND (id <= 356781))

table 2 : explain SELECT DISTINCT c FROM sbtest2 WHERE id BETWEEN 5717390 AND 5727389 ORDER BY c
	Unique  (cost=31286.10..31330.36 rows=8852 width=121)
	  ->  Sort  (cost=31286.10..31308.23 rows=8852 width=121)
	        Sort Key: c
	        ->  Bitmap Heap Scan on sbtest2  (cost=191.17..30705.78 rows=8852 width=121)
	              Recheck Cond: ((id >= 5717390) AND (id <= 5727389))
	              ->  Bitmap Index Scan on sbtest2_pkey  (cost=0.00..188.95 rows=8852 width=0)
	                    Index Cond: ((id >= 5717390) AND (id <= 5727389))

table 3 : explain SELECT DISTINCT c FROM sbtest3 WHERE id BETWEEN 7904544 AND 7914543 ORDER BY c
	Unique  (cost=34913.31..34963.19 rows=9977 width=121)
	  ->  Sort  (cost=34913.31..34938.25 rows=9977 width=121)
	        Sort Key: c
	        ->  Bitmap Heap Scan on sbtest3  (cost=214.70..34250.62 rows=9977 width=121)
	              Recheck Cond: ((id >= 7904544) AND (id <= 7914543))
	              ->  Bitmap Index Scan on sbtest3_pkey  (cost=0.00..212.20 rows=9977 width=0)
	                    Index Cond: ((id >= 7904544) AND (id <= 7914543))

table 4 : explain SELECT DISTINCT c FROM sbtest4 WHERE id BETWEEN 6409023 AND 6419022 ORDER BY c
	Unique  (cost=35079.10..35129.23 rows=10026 width=121)
	  ->  Sort  (cost=35079.10..35104.16 rows=10026 width=121)
	        Sort Key: c
	        ->  Bitmap Heap Scan on sbtest4  (cost=215.20..34412.80 rows=10026 width=121)
	              Recheck Cond: ((id >= 6409023) AND (id <= 6419022))
	              ->  Bitmap Index Scan on sbtest4_pkey  (cost=0.00..212.69 rows=10026 width=0)
	                    Index Cond: ((id >= 6409023) AND (id <= 6419022))

table 5 : explain SELECT DISTINCT c FROM sbtest5 WHERE id BETWEEN 9021669 AND 9031668 ORDER BY c
	Unique  (cost=34442.31..34491.43 rows=9824 width=121)
	  ->  Sort  (cost=34442.31..34466.87 rows=9824 width=121)
	        Sort Key: c
	        ->  Bitmap Heap Scan on sbtest5  (cost=213.13..33790.88 rows=9824 width=121)
	              Recheck Cond: ((id >= 9021669) AND (id <= 9031668))
	              ->  Bitmap Index Scan on sbtest5_pkey  (cost=0.00..210.68 rows=9824 width=0)
	                    Index Cond: ((id >= 9021669) AND (id <= 9031668))

table 6 : explain SELECT DISTINCT c FROM sbtest6 WHERE id BETWEEN 5135042 AND 5145041 ORDER BY c
	Unique  (cost=34683.51..34732.96 rows=9889 width=121)
	  ->  Sort  (cost=34683.51..34708.23 rows=9889 width=121)
	        Sort Key: c
	        ->  Bitmap Heap Scan on sbtest6  (cost=213.80..34027.30 rows=9889 width=121)
	              Recheck Cond: ((id >= 5135042) AND (id <= 5145041))
	              ->  Bitmap Index Scan on sbtest6_pkey  (cost=0.00..211.32 rows=9889 width=0)
	                    Index Cond: ((id >= 5135042) AND (id <= 5145041))

table 7 : explain SELECT DISTINCT c FROM sbtest7 WHERE id BETWEEN 4833929 AND 4843928 ORDER BY c
	Unique  (cost=35075.58..35125.66 rows=10016 width=121)
	  ->  Sort  (cost=35075.58..35100.62 rows=10016 width=121)
	        Sort Key: c
	        ->  Bitmap Heap Scan on sbtest7  (cost=215.10..34410.01 rows=10016 width=121)
	              Recheck Cond: ((id >= 4833929) AND (id <= 4843928))
	              ->  Bitmap Index Scan on sbtest7_pkey  (cost=0.00..212.59 rows=10016 width=0)
	                    Index Cond: ((id >= 4833929) AND (id <= 4843928))

table 8 : explain SELECT DISTINCT c FROM sbtest8 WHERE id BETWEEN 4861319 AND 4871318 ORDER BY c
	Unique  (cost=36707.01..36759.59 rows=10515 width=121)
	  ->  Sort  (cost=36707.01..36733.30 rows=10515 width=121)
	        Sort Key: c
	        ->  Bitmap Heap Scan on sbtest8  (cost=228.21..36004.60 rows=10515 width=121)
	              Recheck Cond: ((id >= 4861319) AND (id <= 4871318))
	              ->  Bitmap Index Scan on sbtest8_pkey  (cost=0.00..225.59 rows=10515 width=0)
	                    Index Cond: ((id >= 4861319) AND (id <= 4871318))

for: simple_ranges
table 1 : explain SELECT c FROM sbtest1 WHERE id BETWEEN 1533892 AND 1543891
	Bitmap Heap Scan on sbtest1  (cost=217.06..34943.10 rows=10207 width=121)
	  Recheck Cond: ((id >= 1533892) AND (id <= 1543891))
	  ->  Bitmap Index Scan on sbtest1_pkey  (cost=0.00..214.50 rows=10207 width=0)
	        Index Cond: ((id >= 1533892) AND (id <= 1543891))

table 2 : explain SELECT c FROM sbtest2 WHERE id BETWEEN 2764897 AND 2774896
	Bitmap Heap Scan on sbtest2  (cost=232.12..37073.87 rows=10896 width=121)
	  Recheck Cond: ((id >= 2764897) AND (id <= 2774896))
	  ->  Bitmap Index Scan on sbtest2_pkey  (cost=0.00..229.40 rows=10896 width=0)
	        Index Cond: ((id >= 2764897) AND (id <= 2774896))

table 3 : explain SELECT c FROM sbtest3 WHERE id BETWEEN 3175888 AND 3185887
	Bitmap Heap Scan on sbtest3  (cost=208.93..33710.55 rows=9804 width=121)
	  Recheck Cond: ((id >= 3175888) AND (id <= 3185887))
	  ->  Bitmap Index Scan on sbtest3_pkey  (cost=0.00..206.48 rows=9804 width=0)
	        Index Cond: ((id >= 3175888) AND (id <= 3185887))

table 4 : explain SELECT c FROM sbtest4 WHERE id BETWEEN 403730 AND 413729
	Bitmap Heap Scan on sbtest4  (cost=200.74..32441.52 rows=9396 width=121)
	  Recheck Cond: ((id >= 403730) AND (id <= 413729))
	  ->  Bitmap Index Scan on sbtest4_pkey  (cost=0.00..198.40 rows=9396 width=0)
	        Index Cond: ((id >= 403730) AND (id <= 413729))

table 5 : explain SELECT c FROM sbtest5 WHERE id BETWEEN 3505414 AND 3515413
	Bitmap Heap Scan on sbtest5  (cost=214.86..34314.29 rows=9993 width=121)
	  Recheck Cond: ((id >= 3505414) AND (id <= 3515413))
	  ->  Bitmap Index Scan on sbtest5_pkey  (cost=0.00..212.37 rows=9993 width=0)
	        Index Cond: ((id >= 3505414) AND (id <= 3515413))

table 6 : explain SELECT c FROM sbtest6 WHERE id BETWEEN 8483514 AND 8493513
	Bitmap Heap Scan on sbtest6  (cost=220.34..34802.07 rows=10137 width=121)
	  Recheck Cond: ((id >= 8483514) AND (id <= 8493513))
	  ->  Bitmap Index Scan on sbtest6_pkey  (cost=0.00..217.81 rows=10137 width=0)
	        Index Cond: ((id >= 8483514) AND (id <= 8493513))

table 7 : explain SELECT c FROM sbtest7 WHERE id BETWEEN 8893248 AND 8903247
	Bitmap Heap Scan on sbtest7  (cost=222.75..35515.66 rows=10372 width=121)
	  Recheck Cond: ((id >= 8893248) AND (id <= 8903247))
	  ->  Bitmap Index Scan on sbtest7_pkey  (cost=0.00..220.16 rows=10372 width=0)
	        Index Cond: ((id >= 8893248) AND (id <= 8903247))

table 8 : explain SELECT c FROM sbtest8 WHERE id BETWEEN 2650599 AND 2660598
	Bitmap Heap Scan on sbtest8  (cost=212.32..33604.87 rows=9745 width=121)
	  Recheck Cond: ((id >= 2650599) AND (id <= 2660598))
	  ->  Bitmap Index Scan on sbtest8_pkey  (cost=0.00..209.88 rows=9745 width=0)
	        Index Cond: ((id >= 2650599) AND (id <= 2660598))

for: distinct_ranges
table 1 : explain SELECT DISTINCT c FROM sbtest1 WHERE id BETWEEN 4563505 AND 4573504 ORDER BY c
	Unique  (cost=36893.70..36946.73 rows=10607 width=121)
	  ->  Sort  (cost=36893.70..36920.22 rows=10607 width=121)
	        Sort Key: c
	        ->  Bitmap Heap Scan on sbtest1  (cost=229.16..36184.48 rows=10607 width=121)
	              Recheck Cond: ((id >= 4563505) AND (id <= 4573504))
	              ->  Bitmap Index Scan on sbtest1_pkey  (cost=0.00..226.50 rows=10607 width=0)
	                    Index Cond: ((id >= 4563505) AND (id <= 4573504))

table 2 : explain SELECT DISTINCT c FROM sbtest2 WHERE id BETWEEN 3074054 AND 3084053 ORDER BY c
	Unique  (cost=36855.23..36908.20 rows=10594 width=121)
	  ->  Sort  (cost=36855.23..36881.72 rows=10594 width=121)
	        Sort Key: c
	        ->  Bitmap Heap Scan on sbtest2  (cost=229.02..36146.98 rows=10594 width=121)
	              Recheck Cond: ((id >= 3074054) AND (id <= 3084053))
	              ->  Bitmap Index Scan on sbtest2_pkey  (cost=0.00..226.38 rows=10594 width=0)
	                    Index Cond: ((id >= 3074054) AND (id <= 3084053))

table 3 : explain SELECT DISTINCT c FROM sbtest3 WHERE id BETWEEN 2621149 AND 2631148 ORDER BY c
	Unique  (cost=36021.28..36072.91 rows=10326 width=121)
	  ->  Sort  (cost=36021.28..36047.09 rows=10326 width=121)
	        Sort Key: c
	        ->  Bitmap Heap Scan on sbtest3  (cost=222.28..35332.84 rows=10326 width=121)
	              Recheck Cond: ((id >= 2621149) AND (id <= 2631148))
	              ->  Bitmap Index Scan on sbtest3_pkey  (cost=0.00..219.69 rows=10326 width=0)
	                    Index Cond: ((id >= 2621149) AND (id <= 2631148))

table 4 : explain SELECT DISTINCT c FROM sbtest4 WHERE id BETWEEN 4057519 AND 4067518 ORDER BY c
	Unique  (cost=36673.36..36726.00 rows=10529 width=121)
	  ->  Sort  (cost=36673.36..36699.68 rows=10529 width=121)
	        Sort Key: c
	        ->  Bitmap Heap Scan on sbtest4  (cost=224.36..35969.91 rows=10529 width=121)
	              Recheck Cond: ((id >= 4057519) AND (id <= 4067518))
	              ->  Bitmap Index Scan on sbtest4_pkey  (cost=0.00..221.73 rows=10529 width=0)
	                    Index Cond: ((id >= 4057519) AND (id <= 4067518))

table 5 : explain SELECT DISTINCT c FROM sbtest5 WHERE id BETWEEN 1362094 AND 1372093 ORDER BY c
	Unique  (cost=34039.87..34088.36 rows=9699 width=121)
	  ->  Sort  (cost=34039.87..34064.12 rows=9699 width=121)
	        Sort Key: c
	        ->  Bitmap Heap Scan on sbtest5  (cost=207.85..33397.62 rows=9699 width=121)
	              Recheck Cond: ((id >= 1362094) AND (id <= 1372093))
	              ->  Bitmap Index Scan on sbtest5_pkey  (cost=0.00..205.43 rows=9699 width=0)
	                    Index Cond: ((id >= 1362094) AND (id <= 1372093))

table 6 : explain SELECT DISTINCT c FROM sbtest6 WHERE id BETWEEN 4798720 AND 4808719 ORDER BY c
	Unique  (cost=32456.95..32502.93 rows=9196 width=121)
	  ->  Sort  (cost=32456.95..32479.94 rows=9196 width=121)
	        Sort Key: c
	        ->  Bitmap Heap Scan on sbtest6  (cost=198.69..31851.54 rows=9196 width=121)
	              Recheck Cond: ((id >= 4798720) AND (id <= 4808719))
	              ->  Bitmap Index Scan on sbtest6_pkey  (cost=0.00..196.40 rows=9196 width=0)
	                    Index Cond: ((id >= 4798720) AND (id <= 4808719))

table 7 : explain SELECT DISTINCT c FROM sbtest7 WHERE id BETWEEN 4391053 AND 4401052 ORDER BY c
	Unique  (cost=31777.43..31822.39 rows=8991 width=121)
	  ->  Sort  (cost=31777.43..31799.91 rows=8991 width=121)
	        Sort Key: c
	        ->  Bitmap Heap Scan on sbtest7  (cost=192.59..31186.98 rows=8991 width=121)
	              Recheck Cond: ((id >= 4391053) AND (id <= 4401052))
	              ->  Bitmap Index Scan on sbtest7_pkey  (cost=0.00..190.34 rows=8991 width=0)
	                    Index Cond: ((id >= 4391053) AND (id <= 4401052))

table 8 : explain SELECT DISTINCT c FROM sbtest8 WHERE id BETWEEN 6153456 AND 6163455 ORDER BY c
	Unique  (cost=36785.54..36838.24 rows=10540 width=121)
	  ->  Sort  (cost=36785.54..36811.89 rows=10540 width=121)
	        Sort Key: c
	        ->  Bitmap Heap Scan on sbtest8  (cost=228.47..36081.28 rows=10540 width=121)
	              Recheck Cond: ((id >= 6153456) AND (id <= 6163455))
	              ->  Bitmap Index Scan on sbtest8_pkey  (cost=0.00..225.84 rows=10540 width=0)
	                    Index Cond: ((id >= 6153456) AND (id <= 6163455))

for point_selects
table 1 : explain SELECT c FROM sbtest1 WHERE id=5077656
	Index Scan using sbtest1_pkey on sbtest1  (cost=0.43..8.45 rows=1 width=121)
	  Index Cond: (id = 5077656)

table 2 : explain SELECT c FROM sbtest2 WHERE id=2383178
	Index Scan using sbtest2_pkey on sbtest2  (cost=0.43..8.45 rows=1 width=121)
	  Index Cond: (id = 2383178)

table 3 : explain SELECT c FROM sbtest3 WHERE id=9685561
	Index Scan using sbtest3_pkey on sbtest3  (cost=0.43..8.45 rows=1 width=121)
	  Index Cond: (id = 9685561)

table 4 : explain SELECT c FROM sbtest4 WHERE id=8626802
	Index Scan using sbtest4_pkey on sbtest4  (cost=0.43..8.45 rows=1 width=121)
	  Index Cond: (id = 8626802)

table 5 : explain SELECT c FROM sbtest5 WHERE id=6589463
	Index Scan using sbtest5_pkey on sbtest5  (cost=0.43..8.45 rows=1 width=121)
	  Index Cond: (id = 6589463)

table 6 : explain SELECT c FROM sbtest6 WHERE id=8943757
	Index Scan using sbtest6_pkey on sbtest6  (cost=0.43..8.45 rows=1 width=121)
	  Index Cond: (id = 8943757)

table 7 : explain SELECT c FROM sbtest7 WHERE id=1953907
	Index Scan using sbtest7_pkey on sbtest7  (cost=0.43..8.45 rows=1 width=121)
	  Index Cond: (id = 1953907)

table 8 : explain SELECT c FROM sbtest8 WHERE id=6682556
	Index Scan using sbtest8_pkey on sbtest8  (cost=0.43..8.45 rows=1 width=121)
	  Index Cond: (id = 6682556)

for: simple_ranges
table 1 : explain SELECT c FROM sbtest1 WHERE id BETWEEN 929404 AND 939403
	Bitmap Heap Scan on sbtest1  (cost=208.04..33426.39 rows=9718 width=121)
	  Recheck Cond: ((id >= 929404) AND (id <= 939403))
	  ->  Bitmap Index Scan on sbtest1_pkey  (cost=0.00..205.62 rows=9718 width=0)
	        Index Cond: ((id >= 929404) AND (id <= 939403))

table 2 : explain SELECT c FROM sbtest2 WHERE id BETWEEN 3680642 AND 3690641
	Bitmap Heap Scan on sbtest2  (cost=215.85..34585.33 rows=10089 width=121)
	  Recheck Cond: ((id >= 3680642) AND (id <= 3690641))
	  ->  Bitmap Index Scan on sbtest2_pkey  (cost=0.00..213.32 rows=10089 width=0)
	        Index Cond: ((id >= 3680642) AND (id <= 3690641))

table 3 : explain SELECT c FROM sbtest3 WHERE id BETWEEN 3848567 AND 3858566
	Bitmap Heap Scan on sbtest3  (cost=237.32..37448.56 rows=11013 width=121)
	  Recheck Cond: ((id >= 3848567) AND (id <= 3858566))
	  ->  Bitmap Index Scan on sbtest3_pkey  (cost=0.00..234.56 rows=11013 width=0)
	        Index Cond: ((id >= 3848567) AND (id <= 3858566))

table 4 : explain SELECT c FROM sbtest4 WHERE id BETWEEN 7327314 AND 7337313
	Bitmap Heap Scan on sbtest4  (cost=228.81..36107.69 rows=10573 width=121)
	  Recheck Cond: ((id >= 7327314) AND (id <= 7337313))
	  ->  Bitmap Index Scan on sbtest4_pkey  (cost=0.00..226.17 rows=10573 width=0)
	        Index Cond: ((id >= 7327314) AND (id <= 7337313))

table 5 : explain SELECT c FROM sbtest5 WHERE id BETWEEN 2124322 AND 2134321
	Bitmap Heap Scan on sbtest5  (cost=200.00..32215.68 rows=9323 width=121)
	  Recheck Cond: ((id >= 2124322) AND (id <= 2134321))
	  ->  Bitmap Index Scan on sbtest5_pkey  (cost=0.00..197.67 rows=9323 width=0)
	        Index Cond: ((id >= 2124322) AND (id <= 2134321))

table 6 : explain SELECT c FROM sbtest6 WHERE id BETWEEN 9179313 AND 9189312
	Bitmap Heap Scan on sbtest6  (cost=221.86..35263.38 rows=10285 width=121)
	  Recheck Cond: ((id >= 9179313) AND (id <= 9189312))
	  ->  Bitmap Index Scan on sbtest6_pkey  (cost=0.00..219.29 rows=10285 width=0)
	        Index Cond: ((id >= 9179313) AND (id <= 9189312))

table 7 : explain SELECT c FROM sbtest7 WHERE id BETWEEN 6517142 AND 6527141
	Bitmap Heap Scan on sbtest7  (cost=221.94..35269.51 rows=10293 width=121)
	  Recheck Cond: ((id >= 6517142) AND (id <= 6527141))
	  ->  Bitmap Index Scan on sbtest7_pkey  (cost=0.00..219.37 rows=10293 width=0)
	        Index Cond: ((id >= 6517142) AND (id <= 6527141))

table 8 : explain SELECT c FROM sbtest8 WHERE id BETWEEN 9414127 AND 9424126
	Bitmap Heap Scan on sbtest8  (cost=226.74..35560.07 rows=10371 width=121)
	  Recheck Cond: ((id >= 9414127) AND (id <= 9424126))
	  ->  Bitmap Index Scan on sbtest8_pkey  (cost=0.00..224.15 rows=10371 width=0)
	        Index Cond: ((id >= 9414127) AND (id <= 9424126))

for: distinct_ranges
table 1 : explain SELECT DISTINCT c FROM sbtest1 WHERE id BETWEEN 3562057 AND 3572056 ORDER BY c
	Unique  (cost=34270.78..34319.69 rows=9782 width=121)
	  ->  Sort  (cost=34270.78..34295.24 rows=9782 width=121)
	        Sort Key: c
	        ->  Bitmap Heap Scan on sbtest1  (cost=208.70..33622.44 rows=9782 width=121)
	              Recheck Cond: ((id >= 3562057) AND (id <= 3572056))
	              ->  Bitmap Index Scan on sbtest1_pkey  (cost=0.00..206.25 rows=9782 width=0)
	                    Index Cond: ((id >= 3562057) AND (id <= 3572056))

table 2 : explain SELECT DISTINCT c FROM sbtest2 WHERE id BETWEEN 6274400 AND 6284399 ORDER BY c
	Unique  (cost=34283.93..34332.85 rows=9784 width=121)
	  ->  Sort  (cost=34283.93..34308.39 rows=9784 width=121)
	        Sort Key: c
	        ->  Bitmap Heap Scan on sbtest2  (cost=208.72..33635.44 rows=9784 width=121)
	              Recheck Cond: ((id >= 6274400) AND (id <= 6284399))
	              ->  Bitmap Index Scan on sbtest2_pkey  (cost=0.00..206.28 rows=9784 width=0)
	                    Index Cond: ((id >= 6274400) AND (id <= 6284399))

table 3 : explain SELECT DISTINCT c FROM sbtest3 WHERE id BETWEEN 5224279 AND 5234278 ORDER BY c
	Unique  (cost=35015.04..35065.09 rows=10009 width=121)
	  ->  Sort  (cost=35015.04..35040.07 rows=10009 width=121)
	        Sort Key: c
	        ->  Bitmap Heap Scan on sbtest3  (cost=215.03..34350.00 rows=10009 width=121)
	              Recheck Cond: ((id >= 5224279) AND (id <= 5234278))
	              ->  Bitmap Index Scan on sbtest3_pkey  (cost=0.00..212.53 rows=10009 width=0)
	                    Index Cond: ((id >= 5224279) AND (id <= 5234278))

table 4 : explain SELECT DISTINCT c FROM sbtest4 WHERE id BETWEEN 8122028 AND 8132027 ORDER BY c
	Unique  (cost=31205.71..31249.82 rows=8821 width=121)
	  ->  Sort  (cost=31205.71..31227.77 rows=8821 width=121)
	        Sort Key: c
	        ->  Bitmap Heap Scan on sbtest4  (cost=190.85..30627.64 rows=8821 width=121)
	              Recheck Cond: ((id >= 8122028) AND (id <= 8132027))
	              ->  Bitmap Index Scan on sbtest4_pkey  (cost=0.00..188.65 rows=8821 width=0)
	                    Index Cond: ((id >= 8122028) AND (id <= 8132027))

table 5 : explain SELECT DISTINCT c FROM sbtest5 WHERE id BETWEEN 3890917 AND 3900916 ORDER BY c
	Unique  (cost=35782.17..35833.39 rows=10245 width=121)
	  ->  Sort  (cost=35782.17..35807.78 rows=10245 width=121)
	        Sort Key: c
	        ->  Bitmap Heap Scan on sbtest5  (cost=221.45..35099.72 rows=10245 width=121)
	              Recheck Cond: ((id >= 3890917) AND (id <= 3900916))
	              ->  Bitmap Index Scan on sbtest5_pkey  (cost=0.00..218.88 rows=10245 width=0)
	                    Index Cond: ((id >= 3890917) AND (id <= 3900916))

table 6 : explain SELECT DISTINCT c FROM sbtest6 WHERE id BETWEEN 4295221 AND 4305220 ORDER BY c
	Unique  (cost=35249.16..35299.49 rows=10066 width=121)
	  ->  Sort  (cost=35249.16..35274.32 rows=10066 width=121)
	        Sort Key: c
	        ->  Bitmap Heap Scan on sbtest6  (cost=215.61..34579.91 rows=10066 width=121)
	              Recheck Cond: ((id >= 4295221) AND (id <= 4305220))
	              ->  Bitmap Index Scan on sbtest6_pkey  (cost=0.00..213.09 rows=10066 width=0)
	                    Index Cond: ((id >= 4295221) AND (id <= 4305220))

table 7 : explain SELECT DISTINCT c FROM sbtest7 WHERE id BETWEEN 3943938 AND 3953937 ORDER BY c
	Unique  (cost=37735.21..37789.49 rows=10856 width=121)
	  ->  Sort  (cost=37735.21..37762.35 rows=10856 width=121)
	        Sort Key: c
	        ->  Bitmap Heap Scan on sbtest7  (cost=231.71..37007.52 rows=10856 width=121)
	              Recheck Cond: ((id >= 3943938) AND (id <= 3953937))
	              ->  Bitmap Index Scan on sbtest7_pkey  (cost=0.00..229.00 rows=10856 width=0)
	                    Index Cond: ((id >= 3943938) AND (id <= 3953937))

table 8 : explain SELECT DISTINCT c FROM sbtest8 WHERE id BETWEEN 3498561 AND 3508560 ORDER BY c
	Unique  (cost=34530.91..34580.07 rows=9832 width=121)
	  ->  Sort  (cost=34530.91..34555.49 rows=9832 width=121)
	        Sort Key: c
	        ->  Bitmap Heap Scan on sbtest8  (cost=213.21..33878.89 rows=9832 width=121)
	              Recheck Cond: ((id >= 3498561) AND (id <= 3508560))
	              ->  Bitmap Index Scan on sbtest8_pkey  (cost=0.00..210.75 rows=9832 width=0)
	                    Index Cond: ((id >= 3498561) AND (id <= 3508560))

explain: for point_selects :: explain SELECT c FROM sbtest%u WHERE id=%u
for: sum_ranges
table 1 : explain SELECT SUM(k) FROM sbtest1 WHERE id BETWEEN 7443869 AND 7453868
	Aggregate  (cost=34353.90..34353.91 rows=1 width=8)
	  ->  Bitmap Heap Scan on sbtest1  (cost=215.02..34328.88 rows=10008 width=4)
	        Recheck Cond: ((id >= 7443869) AND (id <= 7453868))
	        ->  Bitmap Index Scan on sbtest1_pkey  (cost=0.00..212.51 rows=10008 width=0)
	              Index Cond: ((id >= 7443869) AND (id <= 7453868))

table 2 : explain SELECT SUM(k) FROM sbtest2 WHERE id BETWEEN 6703364 AND 6713363
	Aggregate  (cost=33267.34..33267.35 rows=1 width=8)
	  ->  Bitmap Heap Scan on sbtest2  (cost=207.43..33243.19 rows=9658 width=4)
	        Recheck Cond: ((id >= 6703364) AND (id <= 6713363))
	        ->  Bitmap Index Scan on sbtest2_pkey  (cost=0.00..205.01 rows=9658 width=0)
	              Index Cond: ((id >= 6703364) AND (id <= 6713363))

table 3 : explain SELECT SUM(k) FROM sbtest3 WHERE id BETWEEN 28397 AND 38396
	Aggregate  (cost=36513.44..36513.45 rows=1 width=8)
	  ->  Bitmap Heap Scan on sbtest3  (cost=230.11..36486.69 rows=10700 width=4)
	        Recheck Cond: ((id >= 28397) AND (id <= 38396))
	        ->  Bitmap Index Scan on sbtest3_pkey  (cost=0.00..227.44 rows=10700 width=0)
	              Index Cond: ((id >= 28397) AND (id <= 38396))

table 4 : explain SELECT SUM(k) FROM sbtest4 WHERE id BETWEEN 3765817 AND 3775816
	Aggregate  (cost=36954.93..36954.94 rows=1 width=8)
	  ->  Bitmap Heap Scan on sbtest4  (cost=231.55..36927.83 rows=10840 width=4)
	        Recheck Cond: ((id >= 3765817) AND (id <= 3775816))
	        ->  Bitmap Index Scan on sbtest4_pkey  (cost=0.00..228.84 rows=10840 width=0)
	              Index Cond: ((id >= 3765817) AND (id <= 3775816))

table 5 : explain SELECT SUM(k) FROM sbtest5 WHERE id BETWEEN 8885087 AND 8895086
	Aggregate  (cost=34528.60..34528.61 rows=1 width=8)
	  ->  Bitmap Heap Scan on sbtest5  (cost=215.49..34503.47 rows=10054 width=4)
	        Recheck Cond: ((id >= 8885087) AND (id <= 8895086))
	        ->  Bitmap Index Scan on sbtest5_pkey  (cost=0.00..212.98 rows=10054 width=0)
	              Index Cond: ((id >= 8885087) AND (id <= 8895086))

table 6 : explain SELECT SUM(k) FROM sbtest6 WHERE id BETWEEN 1559623 AND 1569622
	Aggregate  (cost=33697.66..33697.67 rows=1 width=8)
	  ->  Bitmap Heap Scan on sbtest6  (cost=212.63..33673.22 rows=9775 width=4)
	        Recheck Cond: ((id >= 1559623) AND (id <= 1569622))
	        ->  Bitmap Index Scan on sbtest6_pkey  (cost=0.00..210.19 rows=9775 width=0)
	              Index Cond: ((id >= 1559623) AND (id <= 1569622))

table 7 : explain SELECT SUM(k) FROM sbtest7 WHERE id BETWEEN 7049042 AND 7059041
	Aggregate  (cost=36139.73..36139.74 rows=1 width=8)
	  ->  Bitmap Heap Scan on sbtest7  (cost=228.73..36113.31 rows=10565 width=4)
	        Recheck Cond: ((id >= 7049042) AND (id <= 7059041))
	        ->  Bitmap Index Scan on sbtest7_pkey  (cost=0.00..226.09 rows=10565 width=0)
	              Index Cond: ((id >= 7049042) AND (id <= 7059041))

table 8 : explain SELECT SUM(k) FROM sbtest8 WHERE id BETWEEN 9809378 AND 9819377
	Aggregate  (cost=36970.13..36970.14 rows=1 width=8)
	  ->  Bitmap Heap Scan on sbtest8  (cost=235.32..36943.09 rows=10818 width=4)
	        Recheck Cond: ((id >= 9809378) AND (id <= 9819377))
	        ->  Bitmap Index Scan on sbtest8_pkey  (cost=0.00..232.62 rows=10818 width=0)
	              Index Cond: ((id >= 9809378) AND (id <= 9819377))

for: sum_ranges
table 1 : explain SELECT SUM(k) FROM sbtest1 WHERE id BETWEEN 6456091 AND 6466090
	Aggregate  (cost=34010.66..34010.67 rows=1 width=8)
	  ->  Bitmap Heap Scan on sbtest1  (cost=213.88..33985.92 rows=9897 width=4)
	        Recheck Cond: ((id >= 6456091) AND (id <= 6466090))
	        ->  Bitmap Index Scan on sbtest1_pkey  (cost=0.00..211.41 rows=9897 width=0)
	              Index Cond: ((id >= 6456091) AND (id <= 6466090))

table 2 : explain SELECT SUM(k) FROM sbtest2 WHERE id BETWEEN 8313721 AND 8323720
	Aggregate  (cost=33911.36..33911.37 rows=1 width=8)
	  ->  Bitmap Heap Scan on sbtest2  (cost=213.54..33886.70 rows=9864 width=4)
	        Recheck Cond: ((id >= 8313721) AND (id <= 8323720))
	        ->  Bitmap Index Scan on sbtest2_pkey  (cost=0.00..211.07 rows=9864 width=0)
	              Index Cond: ((id >= 8313721) AND (id <= 8323720))

table 3 : explain SELECT SUM(k) FROM sbtest3 WHERE id BETWEEN 6624057 AND 6634056
	Aggregate  (cost=33484.10..33484.11 rows=1 width=8)
	  ->  Bitmap Heap Scan on sbtest3  (cost=208.11..33459.79 rows=9724 width=4)
	        Recheck Cond: ((id >= 6624057) AND (id <= 6634056))
	        ->  Bitmap Index Scan on sbtest3_pkey  (cost=0.00..205.68 rows=9724 width=0)
	              Index Cond: ((id >= 6624057) AND (id <= 6634056))

table 4 : explain SELECT SUM(k) FROM sbtest4 WHERE id BETWEEN 3018835 AND 3028834
	Aggregate  (cost=35852.73..35852.74 rows=1 width=8)
	  ->  Bitmap Heap Scan on sbtest4  (cost=223.89..35826.52 rows=10483 width=4)
	        Recheck Cond: ((id >= 3018835) AND (id <= 3028834))
	        ->  Bitmap Index Scan on sbtest4_pkey  (cost=0.00..221.26 rows=10483 width=0)
	              Index Cond: ((id >= 3018835) AND (id <= 3028834))

table 5 : explain SELECT SUM(k) FROM sbtest5 WHERE id BETWEEN 4485158 AND 4495157
	Aggregate  (cost=33070.42..33070.43 rows=1 width=8)
	  ->  Bitmap Heap Scan on sbtest5  (cost=206.70..33046.45 rows=9587 width=4)
	        Recheck Cond: ((id >= 4485158) AND (id <= 4495157))
	        ->  Bitmap Index Scan on sbtest5_pkey  (cost=0.00..204.31 rows=9587 width=0)
	              Index Cond: ((id >= 4485158) AND (id <= 4495157))

table 6 : explain SELECT SUM(k) FROM sbtest6 WHERE id BETWEEN 9383360 AND 9393359
	Aggregate  (cost=31621.11..31621.12 rows=1 width=8)
	  ->  Bitmap Heap Scan on sbtest6  (cost=197.87..31598.32 rows=9116 width=4)
	        Recheck Cond: ((id >= 9383360) AND (id <= 9393359))
	        ->  Bitmap Index Scan on sbtest6_pkey  (cost=0.00..195.59 rows=9116 width=0)
	              Index Cond: ((id >= 9383360) AND (id <= 9393359))

table 7 : explain SELECT SUM(k) FROM sbtest7 WHERE id BETWEEN 8427678 AND 8437677
	Aggregate  (cost=33946.34..33946.35 rows=1 width=8)
	  ->  Bitmap Heap Scan on sbtest7  (cost=213.49..33921.69 rows=9859 width=4)
	        Recheck Cond: ((id >= 8427678) AND (id <= 8437677))
	        ->  Bitmap Index Scan on sbtest7_pkey  (cost=0.00..211.03 rows=9859 width=0)
	              Index Cond: ((id >= 8427678) AND (id <= 8437677))

table 8 : explain SELECT SUM(k) FROM sbtest8 WHERE id BETWEEN 1150613 AND 1160612
	Aggregate  (cost=33951.85..33951.86 rows=1 width=8)
	  ->  Bitmap Heap Scan on sbtest8  (cost=213.38..33927.23 rows=9848 width=4)
	        Recheck Cond: ((id >= 1150613) AND (id <= 1160612))
	        ->  Bitmap Index Scan on sbtest8_pkey  (cost=0.00..210.92 rows=9848 width=0)
	              Index Cond: ((id >= 1150613) AND (id <= 1160612))

for: sum_ranges
table 1 : explain SELECT SUM(k) FROM sbtest1 WHERE id BETWEEN 3869351 AND 3879350
	Aggregate  (cost=36354.14..36354.15 rows=1 width=8)
	  ->  Bitmap Heap Scan on sbtest1  (cost=229.64..36327.51 rows=10654 width=4)
	        Recheck Cond: ((id >= 3869351) AND (id <= 3879350))
	        ->  Bitmap Index Scan on sbtest1_pkey  (cost=0.00..226.98 rows=10654 width=0)
	              Index Cond: ((id >= 3869351) AND (id <= 3879350))

table 2 : explain SELECT SUM(k) FROM sbtest2 WHERE id BETWEEN 9041442 AND 9051441
	Aggregate  (cost=34578.53..34578.54 rows=1 width=8)
	  ->  Bitmap Heap Scan on sbtest2  (cost=215.74..34553.33 rows=10079 width=4)
	        Recheck Cond: ((id >= 9041442) AND (id <= 9051441))
	        ->  Bitmap Index Scan on sbtest2_pkey  (cost=0.00..213.23 rows=10079 width=0)
	              Index Cond: ((id >= 9041442) AND (id <= 9051441))

table 3 : explain SELECT SUM(k) FROM sbtest3 WHERE id BETWEEN 5509524 AND 5519523
	Aggregate  (cost=34938.94..34938.95 rows=1 width=8)
	  ->  Bitmap Heap Scan on sbtest3  (cost=216.89..34913.46 rows=10191 width=4)
	        Recheck Cond: ((id >= 5509524) AND (id <= 5519523))
	        ->  Bitmap Index Scan on sbtest3_pkey  (cost=0.00..214.34 rows=10191 width=0)
	              Index Cond: ((id >= 5509524) AND (id <= 5519523))

table 4 : explain SELECT SUM(k) FROM sbtest4 WHERE id BETWEEN 5518074 AND 5528073
	Aggregate  (cost=34704.01..34704.02 rows=1 width=8)
	  ->  Bitmap Heap Scan on sbtest4  (cost=216.08..34678.73 rows=10112 width=4)
	        Recheck Cond: ((id >= 5518074) AND (id <= 5528073))
	        ->  Bitmap Index Scan on sbtest4_pkey  (cost=0.00..213.56 rows=10112 width=0)
	              Index Cond: ((id >= 5518074) AND (id <= 5528073))

table 5 : explain SELECT SUM(k) FROM sbtest5 WHERE id BETWEEN 318780 AND 328779
	Aggregate  (cost=37965.45..37965.46 rows=1 width=8)
	  ->  Bitmap Heap Scan on sbtest5  (cost=238.90..37937.54 rows=11167 width=4)
	        Recheck Cond: ((id >= 318780) AND (id <= 328779))
	        ->  Bitmap Index Scan on sbtest5_pkey  (cost=0.00..236.11 rows=11167 width=0)
	              Index Cond: ((id >= 318780) AND (id <= 328779))

table 6 : explain SELECT SUM(k) FROM sbtest6 WHERE id BETWEEN 6932812 AND 6942811
	Aggregate  (cost=33990.84..33990.85 rows=1 width=8)
	  ->  Bitmap Heap Scan on sbtest6  (cost=213.59..33966.17 rows=9869 width=4)
	        Recheck Cond: ((id >= 6932812) AND (id <= 6942811))
	        ->  Bitmap Index Scan on sbtest6_pkey  (cost=0.00..211.12 rows=9869 width=0)
	              Index Cond: ((id >= 6932812) AND (id <= 6942811))

table 7 : explain SELECT SUM(k) FROM sbtest7 WHERE id BETWEEN 3000458 AND 3010457
	Aggregate  (cost=35797.30..35797.31 rows=1 width=8)
	  ->  Bitmap Heap Scan on sbtest7  (cost=223.60..35771.17 rows=10455 width=4)
	        Recheck Cond: ((id >= 3000458) AND (id <= 3010457))
	        ->  Bitmap Index Scan on sbtest7_pkey  (cost=0.00..220.99 rows=10455 width=0)
	              Index Cond: ((id >= 3000458) AND (id <= 3010457))

table 8 : explain SELECT SUM(k) FROM sbtest8 WHERE id BETWEEN 5008344 AND 5018343
	Aggregate  (cost=35171.61..35171.62 rows=1 width=8)
	  ->  Bitmap Heap Scan on sbtest8  (cost=221.37..35146.01 rows=10238 width=4)
	        Recheck Cond: ((id >= 5008344) AND (id <= 5018343))
	        ->  Bitmap Index Scan on sbtest8_pkey  (cost=0.00..218.81 rows=10238 width=0)
	              Index Cond: ((id >= 5008344) AND (id <= 5018343))

for: sum_ranges
table 1 : explain SELECT SUM(k) FROM sbtest1 WHERE id BETWEEN 2090521 AND 2100520
	Aggregate  (cost=35330.49..35330.50 rows=1 width=8)
	  ->  Bitmap Heap Scan on sbtest1  (cost=222.25..35304.68 rows=10323 width=4)
	        Recheck Cond: ((id >= 2090521) AND (id <= 2100520))
	        ->  Bitmap Index Scan on sbtest1_pkey  (cost=0.00..219.67 rows=10323 width=0)
	              Index Cond: ((id >= 2090521) AND (id <= 2100520))

table 2 : explain SELECT SUM(k) FROM sbtest2 WHERE id BETWEEN 2545332 AND 2555331
	Aggregate  (cost=35790.39..35790.40 rows=1 width=8)
	  ->  Bitmap Heap Scan on sbtest2  (cost=223.75..35764.22 rows=10470 width=4)
	        Recheck Cond: ((id >= 2545332) AND (id <= 2555331))
	        ->  Bitmap Index Scan on sbtest2_pkey  (cost=0.00..221.13 rows=10470 width=0)
	              Index Cond: ((id >= 2545332) AND (id <= 2555331))

table 3 : explain SELECT SUM(k) FROM sbtest3 WHERE id BETWEEN 2307959 AND 2317958
	Aggregate  (cost=35799.20..35799.21 rows=1 width=8)
	  ->  Bitmap Heap Scan on sbtest3  (cost=223.74..35773.02 rows=10469 width=4)
	        Recheck Cond: ((id >= 2307959) AND (id <= 2317958))
	        ->  Bitmap Index Scan on sbtest3_pkey  (cost=0.00..221.12 rows=10469 width=0)
	              Index Cond: ((id >= 2307959) AND (id <= 2317958))

table 4 : explain SELECT SUM(k) FROM sbtest4 WHERE id BETWEEN 730111 AND 740110
	Aggregate  (cost=36258.36..36258.37 rows=1 width=8)
	  ->  Bitmap Heap Scan on sbtest4  (cost=229.22..36231.83 rows=10613 width=4)
	        Recheck Cond: ((id >= 730111) AND (id <= 740110))
	        ->  Bitmap Index Scan on sbtest4_pkey  (cost=0.00..226.56 rows=10613 width=0)
	              Index Cond: ((id >= 730111) AND (id <= 740110))

table 5 : explain SELECT SUM(k) FROM sbtest5 WHERE id BETWEEN 4110396 AND 4120395
	Aggregate  (cost=32543.11..32543.12 rows=1 width=8)
	  ->  Bitmap Heap Scan on sbtest5  (cost=200.98..32519.56 rows=9419 width=4)
	        Recheck Cond: ((id >= 4110396) AND (id <= 4120395))
	        ->  Bitmap Index Scan on sbtest5_pkey  (cost=0.00..198.62 rows=9419 width=0)
	              Index Cond: ((id >= 4110396) AND (id <= 4120395))

table 6 : explain SELECT SUM(k) FROM sbtest6 WHERE id BETWEEN 6687239 AND 6697238
	Aggregate  (cost=32422.73..32422.74 rows=1 width=8)
	  ->  Bitmap Heap Scan on sbtest6  (cost=200.48..32399.31 rows=9370 width=4)
	        Recheck Cond: ((id >= 6687239) AND (id <= 6697238))
	        ->  Bitmap Index Scan on sbtest6_pkey  (cost=0.00..198.13 rows=9370 width=0)
	              Index Cond: ((id >= 6687239) AND (id <= 6697238))

table 7 : explain SELECT SUM(k) FROM sbtest7 WHERE id BETWEEN 5059537 AND 5069536
	Aggregate  (cost=35442.43..35442.44 rows=1 width=8)
	  ->  Bitmap Heap Scan on sbtest7  (cost=222.42..35416.58 rows=10340 width=4)
	        Recheck Cond: ((id >= 5059537) AND (id <= 5069536))
	        ->  Bitmap Index Scan on sbtest7_pkey  (cost=0.00..219.84 rows=10340 width=0)
	              Index Cond: ((id >= 5059537) AND (id <= 5069536))

table 8 : explain SELECT SUM(k) FROM sbtest8 WHERE id BETWEEN 4472916 AND 4482915
	Aggregate  (cost=34696.29..34696.30 rows=1 width=8)
	  ->  Bitmap Heap Scan on sbtest8  (cost=219.81..34671.07 rows=10085 width=4)
	        Recheck Cond: ((id >= 4472916) AND (id <= 4482915))
	        ->  Bitmap Index Scan on sbtest8_pkey  (cost=0.00..217.29 rows=10085 width=0)
	              Index Cond: ((id >= 4472916) AND (id <= 4482915))

for: distinct_ranges
table 1 : explain SELECT DISTINCT c FROM sbtest1 WHERE id BETWEEN 3359046 AND 3369045 ORDER BY c
	Unique  (cost=34879.08..34928.94 rows=9972 width=121)
	  ->  Sort  (cost=34879.08..34904.01 rows=9972 width=121)
	        Sort Key: c
	        ->  Bitmap Heap Scan on sbtest1  (cost=214.65..34216.76 rows=9972 width=121)
	              Recheck Cond: ((id >= 3359046) AND (id <= 3369045))
	              ->  Bitmap Index Scan on sbtest1_pkey  (cost=0.00..212.16 rows=9972 width=0)
	                    Index Cond: ((id >= 3359046) AND (id <= 3369045))

table 2 : explain SELECT DISTINCT c FROM sbtest2 WHERE id BETWEEN 7117066 AND 7127065 ORDER BY c
	Unique  (cost=35957.30..36008.85 rows=10310 width=121)
	  ->  Sort  (cost=35957.30..35983.08 rows=10310 width=121)
	        Sort Key: c
	        ->  Bitmap Heap Scan on sbtest2  (cost=222.11..35270.05 rows=10310 width=121)
	              Recheck Cond: ((id >= 7117066) AND (id <= 7127065))
	              ->  Bitmap Index Scan on sbtest2_pkey  (cost=0.00..219.54 rows=10310 width=0)
	                    Index Cond: ((id >= 7117066) AND (id <= 7127065))

table 3 : explain SELECT DISTINCT c FROM sbtest3 WHERE id BETWEEN 5532644 AND 5542643 ORDER BY c
	Unique  (cost=35195.47..35245.80 rows=10066 width=121)
	  ->  Sort  (cost=35195.47..35220.63 rows=10066 width=121)
	        Sort Key: c
	        ->  Bitmap Heap Scan on sbtest3  (cost=215.61..34526.22 rows=10066 width=121)
	              Recheck Cond: ((id >= 5532644) AND (id <= 5542643))
	              ->  Bitmap Index Scan on sbtest3_pkey  (cost=0.00..213.09 rows=10066 width=0)
	                    Index Cond: ((id >= 5532644) AND (id <= 5542643))

table 4 : explain SELECT DISTINCT c FROM sbtest4 WHERE id BETWEEN 9057774 AND 9067773 ORDER BY c
	Unique  (cost=33386.12..33433.60 rows=9496 width=121)
	  ->  Sort  (cost=33386.12..33409.86 rows=9496 width=121)
	        Sort Key: c
	        ->  Bitmap Heap Scan on sbtest4  (cost=205.77..32758.76 rows=9496 width=121)
	              Recheck Cond: ((id >= 9057774) AND (id <= 9067773))
	              ->  Bitmap Index Scan on sbtest4_pkey  (cost=0.00..203.40 rows=9496 width=0)
	                    Index Cond: ((id >= 9057774) AND (id <= 9067773))

table 5 : explain SELECT DISTINCT c FROM sbtest5 WHERE id BETWEEN 5642984 AND 5652983 ORDER BY c
	Unique  (cost=34708.73..34758.27 rows=9908 width=121)
	  ->  Sort  (cost=34708.73..34733.50 rows=9908 width=121)
	        Sort Key: c
	        ->  Bitmap Heap Scan on sbtest5  (cost=213.99..34051.12 rows=9908 width=121)
	              Recheck Cond: ((id >= 5642984) AND (id <= 5652983))
	              ->  Bitmap Index Scan on sbtest5_pkey  (cost=0.00..211.51 rows=9908 width=0)
	                    Index Cond: ((id >= 5642984) AND (id <= 5652983))

table 6 : explain SELECT DISTINCT c FROM sbtest6 WHERE id BETWEEN 3831006 AND 3841005 ORDER BY c
	Unique  (cost=34808.57..34858.21 rows=9928 width=121)
	  ->  Sort  (cost=34808.57..34833.39 rows=9928 width=121)
	        Sort Key: c
	        ->  Bitmap Heap Scan on sbtest6  (cost=214.20..34149.49 rows=9928 width=121)
	              Recheck Cond: ((id >= 3831006) AND (id <= 3841005))
	              ->  Bitmap Index Scan on sbtest6_pkey  (cost=0.00..211.72 rows=9928 width=0)
	                    Index Cond: ((id >= 3831006) AND (id <= 3841005))

table 7 : explain SELECT DISTINCT c FROM sbtest7 WHERE id BETWEEN 5981811 AND 5991810 ORDER BY c
	Unique  (cost=37409.62..37463.38 rows=10752 width=121)
	  ->  Sort  (cost=37409.62..37436.50 rows=10752 width=121)
	        Sort Key: c
	        ->  Bitmap Heap Scan on sbtest7  (cost=230.64..36689.65 rows=10752 width=121)
	              Recheck Cond: ((id >= 5981811) AND (id <= 5991810))
	              ->  Bitmap Index Scan on sbtest7_pkey  (cost=0.00..227.95 rows=10752 width=0)
	                    Index Cond: ((id >= 5981811) AND (id <= 5991810))

table 8 : explain SELECT DISTINCT c FROM sbtest8 WHERE id BETWEEN 796483 AND 806482 ORDER BY c
	Unique  (cost=36078.06..36129.64 rows=10316 width=121)
	  ->  Sort  (cost=36078.06..36103.85 rows=10316 width=121)
	        Sort Key: c
	        ->  Bitmap Heap Scan on sbtest8  (cost=226.17..35390.36 rows=10316 width=121)
	              Recheck Cond: ((id >= 796483) AND (id <= 806482))
	              ->  Bitmap Index Scan on sbtest8_pkey  (cost=0.00..223.59 rows=10316 width=0)
	                    Index Cond: ((id >= 796483) AND (id <= 806482))

for: simple_ranges
table 1 : explain SELECT c FROM sbtest1 WHERE id BETWEEN 5651055 AND 5661054
	Bitmap Heap Scan on sbtest1  (cost=206.64..32998.46 rows=9581 width=121)
	  Recheck Cond: ((id >= 5651055) AND (id <= 5661054))
	  ->  Bitmap Index Scan on sbtest1_pkey  (cost=0.00..204.25 rows=9581 width=0)
	        Index Cond: ((id >= 5651055) AND (id <= 5661054))

table 2 : explain SELECT c FROM sbtest2 WHERE id BETWEEN 2813948 AND 2823947
	Bitmap Heap Scan on sbtest2  (cost=205.75..32731.04 rows=9494 width=121)
	  Recheck Cond: ((id >= 2813948) AND (id <= 2823947))
	  ->  Bitmap Index Scan on sbtest2_pkey  (cost=0.00..203.38 rows=9494 width=0)
	        Index Cond: ((id >= 2813948) AND (id <= 2823947))

table 3 : explain SELECT c FROM sbtest3 WHERE id BETWEEN 4193096 AND 4203095
	Bitmap Heap Scan on sbtest3  (cost=221.87..35211.48 rows=10286 width=121)
	  Recheck Cond: ((id >= 4193096) AND (id <= 4203095))
	  ->  Bitmap Index Scan on sbtest3_pkey  (cost=0.00..219.30 rows=10286 width=0)
	        Index Cond: ((id >= 4193096) AND (id <= 4203095))

table 4 : explain SELECT c FROM sbtest4 WHERE id BETWEEN 1232124 AND 1242123
	Bitmap Heap Scan on sbtest4  (cost=221.68..35165.80 rows=10268 width=121)
	  Recheck Cond: ((id >= 1232124) AND (id <= 1242123))
	  ->  Bitmap Index Scan on sbtest4_pkey  (cost=0.00..219.12 rows=10268 width=0)
	        Index Cond: ((id >= 1232124) AND (id <= 1242123))

table 5 : explain SELECT c FROM sbtest5 WHERE id BETWEEN 2366604 AND 2376603
	Bitmap Heap Scan on sbtest5  (cost=214.26..34131.38 rows=9934 width=121)
	  Recheck Cond: ((id >= 2366604) AND (id <= 2376603))
	  ->  Bitmap Index Scan on sbtest5_pkey  (cost=0.00..211.78 rows=9934 width=0)
	        Index Cond: ((id >= 2366604) AND (id <= 2376603))

table 6 : explain SELECT c FROM sbtest6 WHERE id BETWEEN 7625456 AND 7635455
	Bitmap Heap Scan on sbtest6  (cost=220.94..34984.78 rows=10196 width=121)
	  Recheck Cond: ((id >= 7625456) AND (id <= 7635455))
	  ->  Bitmap Index Scan on sbtest6_pkey  (cost=0.00..218.40 rows=10196 width=0)
	        Index Cond: ((id >= 7625456) AND (id <= 7635455))

table 7 : explain SELECT c FROM sbtest7 WHERE id BETWEEN 377022 AND 387021
	Bitmap Heap Scan on sbtest7  (cost=199.59..32112.70 rows=9283 width=121)
	  Recheck Cond: ((id >= 377022) AND (id <= 387021))
	  ->  Bitmap Index Scan on sbtest7_pkey  (cost=0.00..197.26 rows=9283 width=0)
	        Index Cond: ((id >= 377022) AND (id <= 387021))

table 8 : explain SELECT c FROM sbtest8 WHERE id BETWEEN 6128031 AND 6138030
	Bitmap Heap Scan on sbtest8  (cost=228.47..36081.28 rows=10540 width=121)
	  Recheck Cond: ((id >= 6128031) AND (id <= 6138030))
	  ->  Bitmap Index Scan on sbtest8_pkey  (cost=0.00..225.84 rows=10540 width=0)
	        Index Cond: ((id >= 6128031) AND (id <= 6138030))

for: sum_ranges
table 1 : explain SELECT SUM(k) FROM sbtest1 WHERE id BETWEEN 1084761 AND 1094760
	Aggregate  (cost=33866.18..33866.19 rows=1 width=8)
	  ->  Bitmap Heap Scan on sbtest1  (cost=213.41..33841.55 rows=9851 width=4)
	        Recheck Cond: ((id >= 1084761) AND (id <= 1094760))
	        ->  Bitmap Index Scan on sbtest1_pkey  (cost=0.00..210.94 rows=9851 width=0)
	              Index Cond: ((id >= 1084761) AND (id <= 1094760))

table 2 : explain SELECT SUM(k) FROM sbtest2 WHERE id BETWEEN 6317409 AND 6327408
	Aggregate  (cost=32634.58..32634.59 rows=1 width=8)
	  ->  Bitmap Heap Scan on sbtest2  (cost=201.37..32610.93 rows=9457 width=4)
	        Recheck Cond: ((id >= 6317409) AND (id <= 6327408))
	        ->  Bitmap Index Scan on sbtest2_pkey  (cost=0.00..199.00 rows=9457 width=0)
	              Index Cond: ((id >= 6317409) AND (id <= 6327408))

table 3 : explain SELECT SUM(k) FROM sbtest3 WHERE id BETWEEN 5919848 AND 5929847
	Aggregate  (cost=34127.89..34127.90 rows=1 width=8)
	  ->  Bitmap Heap Scan on sbtest3  (cost=214.21..34103.07 rows=9929 width=4)
	        Recheck Cond: ((id >= 5919848) AND (id <= 5929847))
	        ->  Bitmap Index Scan on sbtest3_pkey  (cost=0.00..211.73 rows=9929 width=0)
	              Index Cond: ((id >= 5919848) AND (id <= 5929847))

table 4 : explain SELECT SUM(k) FROM sbtest4 WHERE id BETWEEN 3174265 AND 3184264
	Aggregate  (cost=34851.40..34851.41 rows=1 width=8)
	  ->  Bitmap Heap Scan on sbtest4  (cost=216.58..34826.00 rows=10160 width=4)
	        Recheck Cond: ((id >= 3174265) AND (id <= 3184264))
	        ->  Bitmap Index Scan on sbtest4_pkey  (cost=0.00..214.04 rows=10160 width=0)
	              Index Cond: ((id >= 3174265) AND (id <= 3184264))

table 5 : explain SELECT SUM(k) FROM sbtest5 WHERE id BETWEEN 8994422 AND 9004421
	Aggregate  (cost=33815.44..33815.45 rows=1 width=8)
	  ->  Bitmap Heap Scan on sbtest5  (cost=213.13..33790.88 rows=9824 width=4)
	        Recheck Cond: ((id >= 8994422) AND (id <= 9004421))
	        ->  Bitmap Index Scan on sbtest5_pkey  (cost=0.00..210.68 rows=9824 width=0)
	              Index Cond: ((id >= 8994422) AND (id <= 9004421))

table 6 : explain SELECT SUM(k) FROM sbtest6 WHERE id BETWEEN 7605304 AND 7615303
	Aggregate  (cost=35010.27..35010.28 rows=1 width=8)
	  ->  Bitmap Heap Scan on sbtest6  (cost=220.94..34984.78 rows=10196 width=4)
	        Recheck Cond: ((id >= 7605304) AND (id <= 7615303))
	        ->  Bitmap Index Scan on sbtest6_pkey  (cost=0.00..218.40 rows=10196 width=0)
	              Index Cond: ((id >= 7605304) AND (id <= 7615303))

table 7 : explain SELECT SUM(k) FROM sbtest7 WHERE id BETWEEN 7414223 AND 7424222
	Aggregate  (cost=35637.51..35637.52 rows=1 width=8)
	  ->  Bitmap Heap Scan on sbtest7  (cost=223.07..35611.50 rows=10403 width=4)
	        Recheck Cond: ((id >= 7414223) AND (id <= 7424222))
	        ->  Bitmap Index Scan on sbtest7_pkey  (cost=0.00..220.47 rows=10403 width=0)
	              Index Cond: ((id >= 7414223) AND (id <= 7424222))

table 8 : explain SELECT SUM(k) FROM sbtest8 WHERE id BETWEEN 3755909 AND 3765908
	Aggregate  (cost=37991.70..37991.71 rows=1 width=8)
	  ->  Bitmap Heap Scan on sbtest8  (cost=242.72..37963.82 rows=11150 width=4)
	        Recheck Cond: ((id >= 3755909) AND (id <= 3765908))
	        ->  Bitmap Index Scan on sbtest8_pkey  (cost=0.00..239.94 rows=11150 width=0)
	              Index Cond: ((id >= 3755909) AND (id <= 3765908))

for: order_ranges
table 1 : explain SELECT c FROM sbtest1 WHERE id BETWEEN 1739054 AND 1749053 ORDER BY c
	Sort  (cost=38219.60..38247.18 rows=11029 width=121)
	  Sort Key: c
	  ->  Bitmap Heap Scan on sbtest1  (cost=237.48..37479.06 rows=11029 width=121)
	        Recheck Cond: ((id >= 1739054) AND (id <= 1749053))
	        ->  Bitmap Index Scan on sbtest1_pkey  (cost=0.00..234.73 rows=11029 width=0)
	              Index Cond: ((id >= 1739054) AND (id <= 1749053))

table 2 : explain SELECT c FROM sbtest2 WHERE id BETWEEN 2677794 AND 2687793 ORDER BY c
	Sort  (cost=33523.24..33547.11 rows=9546 width=121)
	  Sort Key: c
	  ->  Bitmap Heap Scan on sbtest2  (cost=206.28..32892.22 rows=9546 width=121)
	        Recheck Cond: ((id >= 2677794) AND (id <= 2687793))
	        ->  Bitmap Index Scan on sbtest2_pkey  (cost=0.00..203.90 rows=9546 width=0)
	              Index Cond: ((id >= 2677794) AND (id <= 2687793))

table 3 : explain SELECT c FROM sbtest3 WHERE id BETWEEN 1064725 AND 1074724 ORDER BY c
	Sort  (cost=30474.68..30496.17 rows=8599 width=121)
	  Sort Key: c
	  ->  Bitmap Heap Scan on sbtest3  (cost=184.57..29912.73 rows=8599 width=121)
	        Recheck Cond: ((id >= 1064725) AND (id <= 1074724))
	        ->  Bitmap Index Scan on sbtest3_pkey  (cost=0.00..182.43 rows=8599 width=0)
	              Index Cond: ((id >= 1064725) AND (id <= 1074724))

table 4 : explain SELECT c FROM sbtest4 WHERE id BETWEEN 1424896 AND 1434895 ORDER BY c
	Sort  (cost=33369.62..33393.35 rows=9491 width=121)
	  Sort Key: c
	  ->  Bitmap Heap Scan on sbtest4  (cost=205.72..32742.63 rows=9491 width=121)
	        Recheck Cond: ((id >= 1424896) AND (id <= 1434895))
	        ->  Bitmap Index Scan on sbtest4_pkey  (cost=0.00..203.34 rows=9491 width=0)
	              Index Cond: ((id >= 1424896) AND (id <= 1434895))

table 5 : explain SELECT c FROM sbtest5 WHERE id BETWEEN 2469480 AND 2479479 ORDER BY c
	Sort  (cost=35752.73..35778.32 rows=10236 width=121)
	  Sort Key: c
	  ->  Bitmap Heap Scan on sbtest5  (cost=221.35..35070.95 rows=10236 width=121)
	        Recheck Cond: ((id >= 2469480) AND (id <= 2479479))
	        ->  Bitmap Index Scan on sbtest5_pkey  (cost=0.00..218.80 rows=10236 width=0)
	              Index Cond: ((id >= 2469480) AND (id <= 2479479))

table 6 : explain SELECT c FROM sbtest6 WHERE id BETWEEN 2914034 AND 2924033 ORDER BY c
	Sort  (cost=33508.05..33531.86 rows=9522 width=121)
	  Sort Key: c
	  ->  Bitmap Heap Scan on sbtest6  (cost=206.04..32878.79 rows=9522 width=121)
	        Recheck Cond: ((id >= 2914034) AND (id <= 2924033))
	        ->  Bitmap Index Scan on sbtest6_pkey  (cost=0.00..203.66 rows=9522 width=0)
	              Index Cond: ((id >= 2914034) AND (id <= 2924033))

table 7 : explain SELECT c FROM sbtest7 WHERE id BETWEEN 7991692 AND 8001691 ORDER BY c
	Sort  (cost=32180.28..32203.07 rows=9114 width=121)
	  Sort Key: c
	  ->  Bitmap Heap Scan on sbtest7  (cost=197.85..31580.86 rows=9114 width=121)
	        Recheck Cond: ((id >= 7991692) AND (id <= 8001691))
	        ->  Bitmap Index Scan on sbtest7_pkey  (cost=0.00..195.57 rows=9114 width=0)
	              Index Cond: ((id >= 7991692) AND (id <= 8001691))

table 8 : explain SELECT c FROM sbtest8 WHERE id BETWEEN 6002045 AND 6012044 ORDER BY c
	Sort  (cost=32323.96..32346.83 rows=9147 width=121)
	  Sort Key: c
	  ->  Bitmap Heap Scan on sbtest8  (cost=198.19..31722.13 rows=9147 width=121)
	        Recheck Cond: ((id >= 6002045) AND (id <= 6012044))
	        ->  Bitmap Index Scan on sbtest8_pkey  (cost=0.00..195.91 rows=9147 width=0)
	              Index Cond: ((id >= 6002045) AND (id <= 6012044))

for: order_ranges
table 1 : explain SELECT c FROM sbtest1 WHERE id BETWEEN 230135 AND 240134 ORDER BY c
	Sort  (cost=35023.34..35048.38 rows=10017 width=121)
	  Sort Key: c
	  ->  Bitmap Heap Scan on sbtest1  (cost=215.11..34357.70 rows=10017 width=121)
	        Recheck Cond: ((id >= 230135) AND (id <= 240134))
	        ->  Bitmap Index Scan on sbtest1_pkey  (cost=0.00..212.61 rows=10017 width=0)
	              Index Cond: ((id >= 230135) AND (id <= 240134))

table 2 : explain SELECT c FROM sbtest2 WHERE id BETWEEN 2718799 AND 2728798 ORDER BY c
	Sort  (cost=37804.53..37831.77 rows=10896 width=121)
	  Sort Key: c
	  ->  Bitmap Heap Scan on sbtest2  (cost=232.12..37073.87 rows=10896 width=121)
	        Recheck Cond: ((id >= 2718799) AND (id <= 2728798))
	        ->  Bitmap Index Scan on sbtest2_pkey  (cost=0.00..229.40 rows=10896 width=0)
	              Index Cond: ((id >= 2718799) AND (id <= 2728798))

table 3 : explain SELECT c FROM sbtest3 WHERE id BETWEEN 7548058 AND 7558057 ORDER BY c
	Sort  (cost=32713.29..32736.51 rows=9290 width=121)
	  Sort Key: c
	  ->  Bitmap Heap Scan on sbtest3  (cost=199.66..32101.01 rows=9290 width=121)
	        Recheck Cond: ((id >= 7548058) AND (id <= 7558057))
	        ->  Bitmap Index Scan on sbtest3_pkey  (cost=0.00..197.34 rows=9290 width=0)
	              Index Cond: ((id >= 7548058) AND (id <= 7558057))

table 4 : explain SELECT c FROM sbtest4 WHERE id BETWEEN 5993755 AND 6003754 ORDER BY c
	Sort  (cost=39273.16..39301.55 rows=11356 width=121)
	  Sort Key: c
	  ->  Bitmap Heap Scan on sbtest4  (cost=244.83..38508.27 rows=11356 width=121)
	        Recheck Cond: ((id >= 5993755) AND (id <= 6003754))
	        ->  Bitmap Index Scan on sbtest4_pkey  (cost=0.00..242.00 rows=11356 width=0)
	              Index Cond: ((id >= 5993755) AND (id <= 6003754))

table 5 : explain SELECT c FROM sbtest5 WHERE id BETWEEN 8810522 AND 8820521 ORDER BY c
	Sort  (cost=34475.28..34499.86 rows=9835 width=121)
	  Sort Key: c
	  ->  Bitmap Heap Scan on sbtest5  (cost=213.24..33823.03 rows=9835 width=121)
	        Recheck Cond: ((id >= 8810522) AND (id <= 8820521))
	        ->  Bitmap Index Scan on sbtest5_pkey  (cost=0.00..210.79 rows=9835 width=0)
	              Index Cond: ((id >= 8810522) AND (id <= 8820521))

table 6 : explain SELECT c FROM sbtest6 WHERE id BETWEEN 5124899 AND 5134898 ORDER BY c
	Sort  (cost=34683.51..34708.23 rows=9889 width=121)
	  Sort Key: c
	  ->  Bitmap Heap Scan on sbtest6  (cost=213.80..34027.30 rows=9889 width=121)
	        Recheck Cond: ((id >= 5124899) AND (id <= 5134898))
	        ->  Bitmap Index Scan on sbtest6_pkey  (cost=0.00..211.32 rows=9889 width=0)
	              Index Cond: ((id >= 5124899) AND (id <= 5134898))

table 7 : explain SELECT c FROM sbtest7 WHERE id BETWEEN 6365730 AND 6375729 ORDER BY c
	Sort  (cost=36593.29..36619.52 rows=10494 width=121)
	  Sort Key: c
	  ->  Bitmap Heap Scan on sbtest7  (cost=224.00..35892.43 rows=10494 width=121)
	        Recheck Cond: ((id >= 6365730) AND (id <= 6375729))
	        ->  Bitmap Index Scan on sbtest7_pkey  (cost=0.00..221.38 rows=10494 width=0)
	              Index Cond: ((id >= 6365730) AND (id <= 6375729))

table 8 : explain SELECT c FROM sbtest8 WHERE id BETWEEN 3717628 AND 3727627 ORDER BY c
	Sort  (cost=37883.02..37910.24 rows=10886 width=121)
	  Sort Key: c
	  ->  Bitmap Heap Scan on sbtest8  (cost=236.02..37153.11 rows=10886 width=121)
	        Recheck Cond: ((id >= 3717628) AND (id <= 3727627))
	        ->  Bitmap Index Scan on sbtest8_pkey  (cost=0.00..233.30 rows=10886 width=0)
	              Index Cond: ((id >= 3717628) AND (id <= 3727627))

for: simple_ranges
table 1 : explain SELECT c FROM sbtest1 WHERE id BETWEEN 8945496 AND 8955495
	Bitmap Heap Scan on sbtest1  (cost=244.43..38357.65 rows=11317 width=121)
	  Recheck Cond: ((id >= 8945496) AND (id <= 8955495))
	  ->  Bitmap Index Scan on sbtest1_pkey  (cost=0.00..241.61 rows=11317 width=0)
	        Index Cond: ((id >= 8945496) AND (id <= 8955495))

table 2 : explain SELECT c FROM sbtest2 WHERE id BETWEEN 2021376 AND 2031375
	Bitmap Heap Scan on sbtest2  (cost=201.17..32552.85 rows=9438 width=121)
	  Recheck Cond: ((id >= 2021376) AND (id <= 2031375))
	  ->  Bitmap Index Scan on sbtest2_pkey  (cost=0.00..198.81 rows=9438 width=0)
	        Index Cond: ((id >= 2021376) AND (id <= 2031375))

table 3 : explain SELECT c FROM sbtest3 WHERE id BETWEEN 6036052 AND 6046051
	Bitmap Heap Scan on sbtest3  (cost=216.03..34654.29 rows=10107 width=121)
	  Recheck Cond: ((id >= 6036052) AND (id <= 6046051))
	  ->  Bitmap Index Scan on sbtest3_pkey  (cost=0.00..213.50 rows=10107 width=0)
	        Index Cond: ((id >= 6036052) AND (id <= 6046051))

table 4 : explain SELECT c FROM sbtest4 WHERE id BETWEEN 6768130 AND 6778129
	Bitmap Heap Scan on sbtest4  (cost=208.60..33618.94 rows=9772 width=121)
	  Recheck Cond: ((id >= 6768130) AND (id <= 6778129))
	  ->  Bitmap Index Scan on sbtest4_pkey  (cost=0.00..206.16 rows=9772 width=0)
	        Index Cond: ((id >= 6768130) AND (id <= 6778129))

table 5 : explain SELECT c FROM sbtest5 WHERE id BETWEEN 7784661 AND 7794660
	Bitmap Heap Scan on sbtest5  (cost=213.98..34047.91 rows=9907 width=121)
	  Recheck Cond: ((id >= 7784661) AND (id <= 7794660))
	  ->  Bitmap Index Scan on sbtest5_pkey  (cost=0.00..211.50 rows=9907 width=0)
	        Index Cond: ((id >= 7784661) AND (id <= 7794660))

table 6 : explain SELECT c FROM sbtest6 WHERE id BETWEEN 3357253 AND 3367252
	Bitmap Heap Scan on sbtest6  (cost=229.14..36254.47 rows=10605 width=121)
	  Recheck Cond: ((id >= 3357253) AND (id <= 3367252))
	  ->  Bitmap Index Scan on sbtest6_pkey  (cost=0.00..226.49 rows=10605 width=0)
	        Index Cond: ((id >= 3357253) AND (id <= 3367252))

table 7 : explain SELECT c FROM sbtest7 WHERE id BETWEEN 8955003 AND 8965002
	Bitmap Heap Scan on sbtest7  (cost=223.96..35879.67 rows=10490 width=121)
	  Recheck Cond: ((id >= 8955003) AND (id <= 8965002))
	  ->  Bitmap Index Scan on sbtest7_pkey  (cost=0.00..221.34 rows=10490 width=0)
	        Index Cond: ((id >= 8955003) AND (id <= 8965002))

table 8 : explain SELECT c FROM sbtest8 WHERE id BETWEEN 3162755 AND 3172754
	Bitmap Heap Scan on sbtest8  (cost=226.32..35432.01 rows=10330 width=121)
	  Recheck Cond: ((id >= 3162755) AND (id <= 3172754))
	  ->  Bitmap Index Scan on sbtest8_pkey  (cost=0.00..223.74 rows=10330 width=0)
	        Index Cond: ((id >= 3162755) AND (id <= 3172754))

for: order_ranges
table 1 : explain SELECT c FROM sbtest1 WHERE id BETWEEN 913334 AND 923333 ORDER BY c
	Sort  (cost=33948.27..33972.47 rows=9680 width=121)
	  Sort Key: c
	  ->  Bitmap Heap Scan on sbtest1  (cost=207.66..33307.42 rows=9680 width=121)
	        Recheck Cond: ((id >= 913334) AND (id <= 923333))
	        ->  Bitmap Index Scan on sbtest1_pkey  (cost=0.00..205.24 rows=9680 width=0)
	              Index Cond: ((id >= 913334) AND (id <= 923333))

table 2 : explain SELECT c FROM sbtest2 WHERE id BETWEEN 1797914 AND 1807913 ORDER BY c
	Sort  (cost=32435.17..32458.19 rows=9207 width=121)
	  Sort Key: c
	  ->  Bitmap Heap Scan on sbtest2  (cost=198.81..31828.96 rows=9207 width=121)
	        Recheck Cond: ((id >= 1797914) AND (id <= 1807913))
	        ->  Bitmap Index Scan on sbtest2_pkey  (cost=0.00..196.50 rows=9207 width=0)
	              Index Cond: ((id >= 1797914) AND (id <= 1807913))

table 3 : explain SELECT c FROM sbtest3 WHERE id BETWEEN 9205964 AND 9215963 ORDER BY c
	Sort  (cost=33876.62..33900.75 rows=9653 width=121)
	  Sort Key: c
	  ->  Bitmap Heap Scan on sbtest3  (cost=207.38..33237.74 rows=9653 width=121)
	        Recheck Cond: ((id >= 9205964) AND (id <= 9215963))
	        ->  Bitmap Index Scan on sbtest3_pkey  (cost=0.00..204.97 rows=9653 width=0)
	              Index Cond: ((id >= 9205964) AND (id <= 9215963))

table 4 : explain SELECT c FROM sbtest4 WHERE id BETWEEN 5051573 AND 5061572 ORDER BY c
	Sort  (cost=35338.27..35363.54 rows=10108 width=121)
	  Sort Key: c
	  ->  Bitmap Heap Scan on sbtest4  (cost=216.04..34665.93 rows=10108 width=121)
	        Recheck Cond: ((id >= 5051573) AND (id <= 5061572))
	        ->  Bitmap Index Scan on sbtest4_pkey  (cost=0.00..213.51 rows=10108 width=0)
	              Index Cond: ((id >= 5051573) AND (id <= 5061572))

table 5 : explain SELECT c FROM sbtest5 WHERE id BETWEEN 238691 AND 248690 ORDER BY c
	Sort  (cost=36547.17..36573.38 rows=10487 width=121)
	  Sort Key: c
	  ->  Bitmap Heap Scan on sbtest5  (cost=223.93..35846.83 rows=10487 width=121)
	        Recheck Cond: ((id >= 238691) AND (id <= 248690))
	        ->  Bitmap Index Scan on sbtest5_pkey  (cost=0.00..221.31 rows=10487 width=0)
	              Index Cond: ((id >= 238691) AND (id <= 248690))

table 6 : explain SELECT c FROM sbtest6 WHERE id BETWEEN 4173858 AND 4183857 ORDER BY c
	Sort  (cost=34383.72..34408.21 rows=9795 width=121)
	  Sort Key: c
	  ->  Bitmap Heap Scan on sbtest6  (cost=212.83..33734.42 rows=9795 width=121)
	        Recheck Cond: ((id >= 4173858) AND (id <= 4183857))
	        ->  Bitmap Index Scan on sbtest6_pkey  (cost=0.00..210.38 rows=9795 width=0)
	              Index Cond: ((id >= 4173858) AND (id <= 4183857))

table 7 : explain SELECT c FROM sbtest7 WHERE id BETWEEN 8165744 AND 8175743 ORDER BY c
	Sort  (cost=34486.79..34511.37 rows=9831 width=121)
	  Sort Key: c
	  ->  Bitmap Heap Scan on sbtest7  (cost=213.20..33834.84 rows=9831 width=121)
	        Recheck Cond: ((id >= 8165744) AND (id <= 8175743))
	        ->  Bitmap Index Scan on sbtest7_pkey  (cost=0.00..210.75 rows=9831 width=0)
	              Index Cond: ((id >= 8165744) AND (id <= 8175743))

table 8 : explain SELECT c FROM sbtest8 WHERE id BETWEEN 127638 AND 137637 ORDER BY c
	Sort  (cost=37700.62..37727.69 rows=10829 width=121)
	  Sort Key: c
	  ->  Bitmap Heap Scan on sbtest8  (cost=235.43..36974.94 rows=10829 width=121)
	        Recheck Cond: ((id >= 127638) AND (id <= 137637))
	        ->  Bitmap Index Scan on sbtest8_pkey  (cost=0.00..232.73 rows=10829 width=0)
	              Index Cond: ((id >= 127638) AND (id <= 137637))

explain: for point_selects :: explain SELECT c FROM sbtest%u WHERE id=%u
for: order_ranges
table 1 : explain SELECT c FROM sbtest1 WHERE id BETWEEN 7675274 AND 7685273 ORDER BY c
	Sort  (cost=36645.46..36671.79 rows=10530 width=121)
	  Sort Key: c
	  ->  Bitmap Heap Scan on sbtest1  (cost=224.37..35941.94 rows=10530 width=121)
	        Recheck Cond: ((id >= 7675274) AND (id <= 7685273))
	        ->  Bitmap Index Scan on sbtest1_pkey  (cost=0.00..221.74 rows=10530 width=0)
	              Index Cond: ((id >= 7675274) AND (id <= 7685273))

table 2 : explain SELECT c FROM sbtest2 WHERE id BETWEEN 6612805 AND 6622804 ORDER BY c
	Sort  (cost=33612.29..33636.22 rows=9574 width=121)
	  Sort Key: c
	  ->  Bitmap Heap Scan on sbtest2  (cost=206.57..32979.21 rows=9574 width=121)
	        Recheck Cond: ((id >= 6612805) AND (id <= 6622804))
	        ->  Bitmap Index Scan on sbtest2_pkey  (cost=0.00..204.18 rows=9574 width=0)
	              Index Cond: ((id >= 6612805) AND (id <= 6622804))

table 3 : explain SELECT c FROM sbtest3 WHERE id BETWEEN 513713 AND 523712 ORDER BY c
	Sort  (cost=37401.24..37428.15 rows=10763 width=121)
	  Sort Key: c
	  ->  Bitmap Heap Scan on sbtest3  (cost=230.76..36680.45 rows=10763 width=121)
	        Recheck Cond: ((id >= 513713) AND (id <= 523712))
	        ->  Bitmap Index Scan on sbtest3_pkey  (cost=0.00..228.06 rows=10763 width=0)
	              Index Cond: ((id >= 513713) AND (id <= 523712))

table 4 : explain SELECT c FROM sbtest4 WHERE id BETWEEN 4994950 AND 5004949 ORDER BY c
	Sort  (cost=37527.57..37554.57 rows=10800 width=121)
	  Sort Key: c
	  ->  Bitmap Heap Scan on sbtest4  (cost=231.13..36804.04 rows=10800 width=121)
	        Recheck Cond: ((id >= 4994950) AND (id <= 5004949))
	        ->  Bitmap Index Scan on sbtest4_pkey  (cost=0.00..228.44 rows=10800 width=0)
	              Index Cond: ((id >= 4994950) AND (id <= 5004949))

table 5 : explain SELECT c FROM sbtest5 WHERE id BETWEEN 1521794 AND 1531793 ORDER BY c
	Sort  (cost=35801.79..35827.42 rows=10251 width=121)
	  Sort Key: c
	  ->  Bitmap Heap Scan on sbtest5  (cost=221.51..35118.90 rows=10251 width=121)
	        Recheck Cond: ((id >= 1521794) AND (id <= 1531793))
	        ->  Bitmap Index Scan on sbtest5_pkey  (cost=0.00..218.94 rows=10251 width=0)
	              Index Cond: ((id >= 1521794) AND (id <= 1531793))

table 6 : explain SELECT c FROM sbtest6 WHERE id BETWEEN 6400215 AND 6410214 ORDER BY c
	Sort  (cost=36646.71..36672.97 rows=10505 width=121)
	  Sort Key: c
	  ->  Bitmap Heap Scan on sbtest6  (cost=228.11..35945.04 rows=10505 width=121)
	        Recheck Cond: ((id >= 6400215) AND (id <= 6410214))
	        ->  Bitmap Index Scan on sbtest6_pkey  (cost=0.00..225.49 rows=10505 width=0)
	              Index Cond: ((id >= 6400215) AND (id <= 6410214))

table 7 : explain SELECT c FROM sbtest7 WHERE id BETWEEN 6749667 AND 6759666 ORDER BY c
	Sort  (cost=36727.26..36753.61 rows=10537 width=121)
	  Sort Key: c
	  ->  Bitmap Heap Scan on sbtest7  (cost=224.44..36023.23 rows=10537 width=121)
	        Recheck Cond: ((id >= 6749667) AND (id <= 6759666))
	        ->  Bitmap Index Scan on sbtest7_pkey  (cost=0.00..221.81 rows=10537 width=0)
	              Index Cond: ((id >= 6749667) AND (id <= 6759666))

table 8 : explain SELECT c FROM sbtest8 WHERE id BETWEEN 5861975 AND 5871974 ORDER BY c
	Sort  (cost=37214.37..37241.06 rows=10674 width=121)
	  Sort Key: c
	  ->  Bitmap Heap Scan on sbtest8  (cost=233.84..36500.18 rows=10674 width=121)
	        Recheck Cond: ((id >= 5861975) AND (id <= 5871974))
	        ->  Bitmap Index Scan on sbtest8_pkey  (cost=0.00..231.18 rows=10674 width=0)
	              Index Cond: ((id >= 5861975) AND (id <= 5871974))

for: order_ranges
table 1 : explain SELECT c FROM sbtest1 WHERE id BETWEEN 6892892 AND 6902891 ORDER BY c
	Sort  (cost=33378.17..33401.93 rows=9502 width=121)
	  Sort Key: c
	  ->  Bitmap Heap Scan on sbtest1  (cost=205.83..32750.38 rows=9502 width=121)
	        Recheck Cond: ((id >= 6892892) AND (id <= 6902891))
	        ->  Bitmap Index Scan on sbtest1_pkey  (cost=0.00..203.45 rows=9502 width=0)
	              Index Cond: ((id >= 6892892) AND (id <= 6902891))

table 2 : explain SELECT c FROM sbtest2 WHERE id BETWEEN 6035442 AND 6045441 ORDER BY c
	Sort  (cost=37720.13..37747.30 rows=10869 width=121)
	  Sort Key: c
	  ->  Bitmap Heap Scan on sbtest2  (cost=231.84..36991.47 rows=10869 width=121)
	        Recheck Cond: ((id >= 6035442) AND (id <= 6045441))
	        ->  Bitmap Index Scan on sbtest2_pkey  (cost=0.00..229.12 rows=10869 width=0)
	              Index Cond: ((id >= 6035442) AND (id <= 6045441))

table 3 : explain SELECT c FROM sbtest3 WHERE id BETWEEN 8135241 AND 8145240 ORDER BY c
	Sort  (cost=32179.82..32202.63 rows=9124 width=121)
	  Sort Key: c
	  ->  Bitmap Heap Scan on sbtest3  (cost=197.96..31579.67 rows=9124 width=121)
	        Recheck Cond: ((id >= 8135241) AND (id <= 8145240))
	        ->  Bitmap Index Scan on sbtest3_pkey  (cost=0.00..195.68 rows=9124 width=0)
	              Index Cond: ((id >= 8135241) AND (id <= 8145240))

table 4 : explain SELECT c FROM sbtest4 WHERE id BETWEEN 9348535 AND 9358534 ORDER BY c
	Sort  (cost=33557.85..33581.72 rows=9550 width=121)
	  Sort Key: c
	  ->  Bitmap Heap Scan on sbtest4  (cost=206.32..32926.53 rows=9550 width=121)
	        Recheck Cond: ((id >= 9348535) AND (id <= 9358534))
	        ->  Bitmap Index Scan on sbtest4_pkey  (cost=0.00..203.94 rows=9550 width=0)
	              Index Cond: ((id >= 9348535) AND (id <= 9358534))

table 5 : explain SELECT c FROM sbtest5 WHERE id BETWEEN 7583567 AND 7593566 ORDER BY c
	Sort  (cost=35726.56..35752.13 rows=10228 width=121)
	  Sort Key: c
	  ->  Bitmap Heap Scan on sbtest5  (cost=221.27..35045.37 rows=10228 width=121)
	        Recheck Cond: ((id >= 7583567) AND (id <= 7593566))
	        ->  Bitmap Index Scan on sbtest5_pkey  (cost=0.00..218.72 rows=10228 width=0)
	              Index Cond: ((id >= 7583567) AND (id <= 7593566))

table 6 : explain SELECT c FROM sbtest6 WHERE id BETWEEN 5826390 AND 5836389 ORDER BY c
	Sort  (cost=37067.99..37094.59 rows=10638 width=121)
	  Sort Key: c
	  ->  Bitmap Heap Scan on sbtest6  (cost=229.47..36356.47 rows=10638 width=121)
	        Recheck Cond: ((id >= 5826390) AND (id <= 5836389))
	        ->  Bitmap Index Scan on sbtest6_pkey  (cost=0.00..226.81 rows=10638 width=0)
	              Index Cond: ((id >= 5826390) AND (id <= 5836389))

table 7 : explain SELECT c FROM sbtest7 WHERE id BETWEEN 3178856 AND 3188855 ORDER BY c
	Sort  (cost=36135.48..36161.35 rows=10349 width=121)
	  Sort Key: c
	  ->  Bitmap Heap Scan on sbtest7  (cost=222.51..35445.34 rows=10349 width=121)
	        Recheck Cond: ((id >= 3178856) AND (id <= 3188855))
	        ->  Bitmap Index Scan on sbtest7_pkey  (cost=0.00..219.93 rows=10349 width=0)
	              Index Cond: ((id >= 3178856) AND (id <= 3188855))

table 8 : explain SELECT c FROM sbtest8 WHERE id BETWEEN 7981748 AND 7991747 ORDER BY c
	Sort  (cost=35581.71..35607.12 rows=10161 width=121)
	  Sort Key: c
	  ->  Bitmap Heap Scan on sbtest8  (cost=220.59..34905.46 rows=10161 width=121)
	        Recheck Cond: ((id >= 7981748) AND (id <= 7991747))
	        ->  Bitmap Index Scan on sbtest8_pkey  (cost=0.00..218.05 rows=10161 width=0)
	              Index Cond: ((id >= 7981748) AND (id <= 7991747))

for: simple_ranges
table 1 : explain SELECT c FROM sbtest1 WHERE id BETWEEN 3939167 AND 3949166
	Bitmap Heap Scan on sbtest1  (cost=199.23..31952.04 rows=9248 width=121)
	  Recheck Cond: ((id >= 3939167) AND (id <= 3949166))
	  ->  Bitmap Index Scan on sbtest1_pkey  (cost=0.00..196.92 rows=9248 width=0)
	        Index Cond: ((id >= 3939167) AND (id <= 3949166))

table 2 : explain SELECT c FROM sbtest2 WHERE id BETWEEN 4641679 AND 4651678
	Bitmap Heap Scan on sbtest2  (cost=216.13..34671.72 rows=10117 width=121)
	  Recheck Cond: ((id >= 4641679) AND (id <= 4651678))
	  ->  Bitmap Index Scan on sbtest2_pkey  (cost=0.00..213.61 rows=10117 width=0)
	        Index Cond: ((id >= 4641679) AND (id <= 4651678))

table 3 : explain SELECT c FROM sbtest3 WHERE id BETWEEN 8399093 AND 8409092
	Bitmap Heap Scan on sbtest3  (cost=237.95..37638.43 rows=11075 width=121)
	  Recheck Cond: ((id >= 8399093) AND (id <= 8409092))
	  ->  Bitmap Index Scan on sbtest3_pkey  (cost=0.00..235.19 rows=11075 width=0)
	        Index Cond: ((id >= 8399093) AND (id <= 8409092))

table 4 : explain SELECT c FROM sbtest4 WHERE id BETWEEN 5660647 AND 5670646
	Bitmap Heap Scan on sbtest4  (cost=206.50..32981.34 rows=9567 width=121)
	  Recheck Cond: ((id >= 5660647) AND (id <= 5670646))
	  ->  Bitmap Index Scan on sbtest4_pkey  (cost=0.00..204.11 rows=9567 width=0)
	        Index Cond: ((id >= 5660647) AND (id <= 5670646))

table 5 : explain SELECT c FROM sbtest5 WHERE id BETWEEN 9754955 AND 9764954
	Bitmap Heap Scan on sbtest5  (cost=221.21..35029.35 rows=10222 width=121)
	  Recheck Cond: ((id >= 9754955) AND (id <= 9764954))
	  ->  Bitmap Index Scan on sbtest5_pkey  (cost=0.00..218.66 rows=10222 width=0)
	        Index Cond: ((id >= 9754955) AND (id <= 9764954))

table 6 : explain SELECT c FROM sbtest6 WHERE id BETWEEN 7446214 AND 7456213
	Bitmap Heap Scan on sbtest6  (cost=207.08..33198.49 rows=9624 width=121)
	  Recheck Cond: ((id >= 7446214) AND (id <= 7456213))
	  ->  Bitmap Index Scan on sbtest6_pkey  (cost=0.00..204.68 rows=9624 width=0)
	        Index Cond: ((id >= 7446214) AND (id <= 7456213))

table 7 : explain SELECT c FROM sbtest7 WHERE id BETWEEN 894338 AND 904337
	Bitmap Heap Scan on sbtest7  (cost=214.17..34127.41 rows=9925 width=121)
	  Recheck Cond: ((id >= 894338) AND (id <= 904337))
	  ->  Bitmap Index Scan on sbtest7_pkey  (cost=0.00..211.69 rows=9925 width=0)
	        Index Cond: ((id >= 894338) AND (id <= 904337))

table 8 : explain SELECT c FROM sbtest8 WHERE id BETWEEN 623778 AND 633777
	Bitmap Heap Scan on sbtest8  (cost=220.45..34863.75 rows=10148 width=121)
	  Recheck Cond: ((id >= 623778) AND (id <= 633777))
	  ->  Bitmap Index Scan on sbtest8_pkey  (cost=0.00..217.92 rows=10148 width=0)
	        Index Cond: ((id >= 623778) AND (id <= 633777))

for point_selects
table 1 : explain SELECT c FROM sbtest1 WHERE id=1801025
	Index Scan using sbtest1_pkey on sbtest1  (cost=0.43..8.45 rows=1 width=121)
	  Index Cond: (id = 1801025)

table 2 : explain SELECT c FROM sbtest2 WHERE id=7665312
	Index Scan using sbtest2_pkey on sbtest2  (cost=0.43..8.45 rows=1 width=121)
	  Index Cond: (id = 7665312)

table 3 : explain SELECT c FROM sbtest3 WHERE id=266871
	Index Scan using sbtest3_pkey on sbtest3  (cost=0.43..8.45 rows=1 width=121)
	  Index Cond: (id = 266871)

table 4 : explain SELECT c FROM sbtest4 WHERE id=4782672
	Index Scan using sbtest4_pkey on sbtest4  (cost=0.43..8.45 rows=1 width=121)
	  Index Cond: (id = 4782672)

table 5 : explain SELECT c FROM sbtest5 WHERE id=2566515
	Index Scan using sbtest5_pkey on sbtest5  (cost=0.43..8.45 rows=1 width=121)
	  Index Cond: (id = 2566515)

table 6 : explain SELECT c FROM sbtest6 WHERE id=1872283
	Index Scan using sbtest6_pkey on sbtest6  (cost=0.43..8.45 rows=1 width=121)
	  Index Cond: (id = 1872283)

table 7 : explain SELECT c FROM sbtest7 WHERE id=8677091
	Index Scan using sbtest7_pkey on sbtest7  (cost=0.43..8.45 rows=1 width=121)
	  Index Cond: (id = 8677091)

table 8 : explain SELECT c FROM sbtest8 WHERE id=3627922
	Index Scan using sbtest8_pkey on sbtest8  (cost=0.43..8.45 rows=1 width=121)
	  Index Cond: (id = 3627922)

for: distinct_ranges
table 1 : explain SELECT DISTINCT c FROM sbtest1 WHERE id BETWEEN 5513405 AND 5523404 ORDER BY c
	Unique  (cost=32915.11..32961.90 rows=9358 width=121)
	  ->  Sort  (cost=32915.11..32938.50 rows=9358 width=121)
	        Sort Key: c
	        ->  Bitmap Heap Scan on sbtest1  (cost=200.35..32297.85 rows=9358 width=121)
	              Recheck Cond: ((id >= 5513405) AND (id <= 5523404))
	              ->  Bitmap Index Scan on sbtest1_pkey  (cost=0.00..198.01 rows=9358 width=0)
	                    Index Cond: ((id >= 5513405) AND (id <= 5523404))

table 2 : explain SELECT DISTINCT c FROM sbtest2 WHERE id BETWEEN 6180048 AND 6190047 ORDER BY c
	Unique  (cost=36016.06..36067.70 rows=10328 width=121)
	  ->  Sort  (cost=36016.06..36041.88 rows=10328 width=121)
	        Sort Key: c
	        ->  Bitmap Heap Scan on sbtest2  (cost=222.30..35327.48 rows=10328 width=121)
	              Recheck Cond: ((id >= 6180048) AND (id <= 6190047))
	              ->  Bitmap Index Scan on sbtest2_pkey  (cost=0.00..219.72 rows=10328 width=0)
	                    Index Cond: ((id >= 6180048) AND (id <= 6190047))

table 3 : explain SELECT DISTINCT c FROM sbtest3 WHERE id BETWEEN 2325831 AND 2335830 ORDER BY c
	Unique  (cost=36472.03..36524.37 rows=10469 width=121)
	  ->  Sort  (cost=36472.03..36498.20 rows=10469 width=121)
	        Sort Key: c
	        ->  Bitmap Heap Scan on sbtest3  (cost=223.74..35773.02 rows=10469 width=121)
	              Recheck Cond: ((id >= 2325831) AND (id <= 2335830))
	              ->  Bitmap Index Scan on sbtest3_pkey  (cost=0.00..221.12 rows=10469 width=0)
	                    Index Cond: ((id >= 2325831) AND (id <= 2335830))

table 4 : explain SELECT DISTINCT c FROM sbtest4 WHERE id BETWEEN 3378677 AND 3388676 ORDER BY c
	Unique  (cost=32003.81..32049.15 rows=9068 width=121)
	  ->  Sort  (cost=32003.81..32026.48 rows=9068 width=121)
	        Sort Key: c
	        ->  Bitmap Heap Scan on sbtest4  (cost=193.38..31407.74 rows=9068 width=121)
	              Recheck Cond: ((id >= 3378677) AND (id <= 3388676))
	              ->  Bitmap Index Scan on sbtest4_pkey  (cost=0.00..191.12 rows=9068 width=0)
	                    Index Cond: ((id >= 3378677) AND (id <= 3388676))

table 5 : explain SELECT DISTINCT c FROM sbtest5 WHERE id BETWEEN 5134047 AND 5144046 ORDER BY c
	Unique  (cost=34626.52..34675.93 rows=9882 width=121)
	  ->  Sort  (cost=34626.52..34651.23 rows=9882 width=121)
	        Sort Key: c
	        ->  Bitmap Heap Scan on sbtest5  (cost=213.73..33970.82 rows=9882 width=121)
	              Recheck Cond: ((id >= 5134047) AND (id <= 5144046))
	              ->  Bitmap Index Scan on sbtest5_pkey  (cost=0.00..211.25 rows=9882 width=0)
	                    Index Cond: ((id >= 5134047) AND (id <= 5144046))

table 6 : explain SELECT DISTINCT c FROM sbtest6 WHERE id BETWEEN 4392231 AND 4402230 ORDER BY c
	Unique  (cost=33345.91..33393.27 rows=9471 width=121)
	  ->  Sort  (cost=33345.91..33369.59 rows=9471 width=121)
	        Sort Key: c
	        ->  Bitmap Heap Scan on sbtest6  (cost=205.51..32720.39 rows=9471 width=121)
	              Recheck Cond: ((id >= 4392231) AND (id <= 4402230))
	              ->  Bitmap Index Scan on sbtest6_pkey  (cost=0.00..203.15 rows=9471 width=0)
	                    Index Cond: ((id >= 4392231) AND (id <= 4402230))

table 7 : explain SELECT DISTINCT c FROM sbtest7 WHERE id BETWEEN 303296 AND 313295 ORDER BY c
	Unique  (cost=32969.72..33016.52 rows=9360 width=121)
	  ->  Sort  (cost=32969.72..32993.12 rows=9360 width=121)
	        Sort Key: c
	        ->  Bitmap Heap Scan on sbtest7  (cost=200.38..32352.32 rows=9360 width=121)
	              Recheck Cond: ((id >= 303296) AND (id <= 313295))
	              ->  Bitmap Index Scan on sbtest7_pkey  (cost=0.00..198.04 rows=9360 width=0)
	                    Index Cond: ((id >= 303296) AND (id <= 313295))

table 8 : explain SELECT DISTINCT c FROM sbtest8 WHERE id BETWEEN 9567491 AND 9577490 ORDER BY c
	Unique  (cost=35394.38..35444.89 rows=10102 width=121)
	  ->  Sort  (cost=35394.38..35419.63 rows=10102 width=121)
	        Sort Key: c
	        ->  Bitmap Heap Scan on sbtest8  (cost=219.98..34722.47 rows=10102 width=121)
	              Recheck Cond: ((id >= 9567491) AND (id <= 9577490))
	              ->  Bitmap Index Scan on sbtest8_pkey  (cost=0.00..217.45 rows=10102 width=0)
	                    Index Cond: ((id >= 9567491) AND (id <= 9577490))

for: distinct_ranges
table 1 : explain SELECT DISTINCT c FROM sbtest1 WHERE id BETWEEN 2737141 AND 2747140 ORDER BY c
	Unique  (cost=36299.77..36351.87 rows=10420 width=121)
	  ->  Sort  (cost=36299.77..36325.82 rows=10420 width=121)
	        Sort Key: c
	        ->  Bitmap Heap Scan on sbtest1  (cost=223.24..35604.39 rows=10420 width=121)
	              Recheck Cond: ((id >= 2737141) AND (id <= 2747140))
	              ->  Bitmap Index Scan on sbtest1_pkey  (cost=0.00..220.63 rows=10420 width=0)
	                    Index Cond: ((id >= 2737141) AND (id <= 2747140))

table 2 : explain SELECT DISTINCT c FROM sbtest2 WHERE id BETWEEN 3792942 AND 3802941 ORDER BY c
	Unique  (cost=34908.80..34958.70 rows=9980 width=121)
	  ->  Sort  (cost=34908.80..34933.75 rows=9980 width=121)
	        Sort Key: c
	        ->  Bitmap Heap Scan on sbtest2  (cost=214.73..34245.88 rows=9980 width=121)
	              Recheck Cond: ((id >= 3792942) AND (id <= 3802941))
	              ->  Bitmap Index Scan on sbtest2_pkey  (cost=0.00..212.24 rows=9980 width=0)
	                    Index Cond: ((id >= 3792942) AND (id <= 3802941))

table 3 : explain SELECT DISTINCT c FROM sbtest3 WHERE id BETWEEN 1815206 AND 1825205 ORDER BY c
	Unique  (cost=32941.56..32988.37 rows=9361 width=121)
	  ->  Sort  (cost=32941.56..32964.97 rows=9361 width=121)
	        Sort Key: c
	        ->  Bitmap Heap Scan on sbtest3  (cost=200.39..32324.09 rows=9361 width=121)
	              Recheck Cond: ((id >= 1815206) AND (id <= 1825205))
	              ->  Bitmap Index Scan on sbtest3_pkey  (cost=0.00..198.05 rows=9361 width=0)
	                    Index Cond: ((id >= 1815206) AND (id <= 1825205))

table 4 : explain SELECT DISTINCT c FROM sbtest4 WHERE id BETWEEN 9178896 AND 9188895 ORDER BY c
	Unique  (cost=32528.59..32574.74 rows=9230 width=121)
	  ->  Sort  (cost=32528.59..32551.67 rows=9230 width=121)
	        Sort Key: c
	        ->  Bitmap Heap Scan on sbtest4  (cost=199.04..31920.70 rows=9230 width=121)
	              Recheck Cond: ((id >= 9178896) AND (id <= 9188895))
	              ->  Bitmap Index Scan on sbtest4_pkey  (cost=0.00..196.74 rows=9230 width=0)
	                    Index Cond: ((id >= 9178896) AND (id <= 9188895))

table 5 : explain SELECT DISTINCT c FROM sbtest5 WHERE id BETWEEN 1695219 AND 1705218 ORDER BY c
	Unique  (cost=35188.22..35238.52 rows=10059 width=121)
	  ->  Sort  (cost=35188.22..35213.37 rows=10059 width=121)
	        Sort Key: c
	        ->  Bitmap Heap Scan on sbtest5  (cost=215.54..34519.49 rows=10059 width=121)
	              Recheck Cond: ((id >= 1695219) AND (id <= 1705218))
	              ->  Bitmap Index Scan on sbtest5_pkey  (cost=0.00..213.03 rows=10059 width=0)
	                    Index Cond: ((id >= 1695219) AND (id <= 1705218))

table 6 : explain SELECT DISTINCT c FROM sbtest6 WHERE id BETWEEN 8390758 AND 8400757 ORDER BY c
	Unique  (cost=33336.00..33383.34 rows=9468 width=121)
	  ->  Sort  (cost=33336.00..33359.67 rows=9468 width=121)
	        Sort Key: c
	        ->  Bitmap Heap Scan on sbtest6  (cost=205.48..32710.69 rows=9468 width=121)
	              Recheck Cond: ((id >= 8390758) AND (id <= 8400757))
	              ->  Bitmap Index Scan on sbtest6_pkey  (cost=0.00..203.12 rows=9468 width=0)
	                    Index Cond: ((id >= 8390758) AND (id <= 8400757))

table 7 : explain SELECT DISTINCT c FROM sbtest7 WHERE id BETWEEN 5946020 AND 5956019 ORDER BY c
	Unique  (cost=37227.14..37280.61 rows=10694 width=121)
	  ->  Sort  (cost=37227.14..37253.88 rows=10694 width=121)
	        Sort Key: c
	        ->  Bitmap Heap Scan on sbtest7  (cost=230.05..36511.47 rows=10694 width=121)
	              Recheck Cond: ((id >= 5946020) AND (id <= 5956019))
	              ->  Bitmap Index Scan on sbtest7_pkey  (cost=0.00..227.38 rows=10694 width=0)
	                    Index Cond: ((id >= 5946020) AND (id <= 5956019))

table 8 : explain SELECT DISTINCT c FROM sbtest8 WHERE id BETWEEN 3141620 AND 3151619 ORDER BY c
	Unique  (cost=36720.08..36772.68 rows=10519 width=121)
	  ->  Sort  (cost=36720.08..36746.38 rows=10519 width=121)
	        Sort Key: c
	        ->  Bitmap Heap Scan on sbtest8  (cost=228.25..36017.38 rows=10519 width=121)
	              Recheck Cond: ((id >= 3141620) AND (id <= 3151619))
	              ->  Bitmap Index Scan on sbtest8_pkey  (cost=0.00..225.62 rows=10519 width=0)
	                    Index Cond: ((id >= 3141620) AND (id <= 3151619))

for: distinct_ranges
table 1 : explain SELECT DISTINCT c FROM sbtest1 WHERE id BETWEEN 7790828 AND 7800827 ORDER BY c
	Unique  (cost=36495.48..36547.89 rows=10482 width=121)
	  ->  Sort  (cost=36495.48..36521.68 rows=10482 width=121)
	        Sort Key: c
	        ->  Bitmap Heap Scan on sbtest1  (cost=223.88..35795.51 rows=10482 width=121)
	              Recheck Cond: ((id >= 7790828) AND (id <= 7800827))
	              ->  Bitmap Index Scan on sbtest1_pkey  (cost=0.00..221.25 rows=10482 width=0)
	                    Index Cond: ((id >= 7790828) AND (id <= 7800827))

table 2 : explain SELECT DISTINCT c FROM sbtest2 WHERE id BETWEEN 299056 AND 309055 ORDER BY c
	Unique  (cost=38178.34..38233.41 rows=11015 width=121)
	  ->  Sort  (cost=38178.34..38205.88 rows=11015 width=121)
	        Sort Key: c
	        ->  Bitmap Heap Scan on sbtest2  (cost=237.34..37438.84 rows=11015 width=121)
	              Recheck Cond: ((id >= 299056) AND (id <= 309055))
	              ->  Bitmap Index Scan on sbtest2_pkey  (cost=0.00..234.59 rows=11015 width=0)
	                    Index Cond: ((id >= 299056) AND (id <= 309055))

table 3 : explain SELECT DISTINCT c FROM sbtest3 WHERE id BETWEEN 9462368 AND 9472367 ORDER BY c
	Unique  (cost=33860.06..33908.29 rows=9647 width=121)
	  ->  Sort  (cost=33860.06..33884.17 rows=9647 width=121)
	        Sort Key: c
	        ->  Bitmap Heap Scan on sbtest3  (cost=207.32..33221.62 rows=9647 width=121)
	              Recheck Cond: ((id >= 9462368) AND (id <= 9472367))
	              ->  Bitmap Index Scan on sbtest3_pkey  (cost=0.00..204.91 rows=9647 width=0)
	                    Index Cond: ((id >= 9462368) AND (id <= 9472367))

table 4 : explain SELECT DISTINCT c FROM sbtest4 WHERE id BETWEEN 9466853 AND 9476852 ORDER BY c
	Unique  (cost=35282.49..35332.94 rows=10090 width=121)
	  ->  Sort  (cost=35282.49..35307.71 rows=10090 width=121)
	        Sort Key: c
	        ->  Bitmap Heap Scan on sbtest4  (cost=215.86..34611.47 rows=10090 width=121)
	              Recheck Cond: ((id >= 9466853) AND (id <= 9476852))
	              ->  Bitmap Index Scan on sbtest4_pkey  (cost=0.00..213.34 rows=10090 width=0)
	                    Index Cond: ((id >= 9466853) AND (id <= 9476852))

table 5 : explain SELECT DISTINCT c FROM sbtest5 WHERE id BETWEEN 1442262 AND 1452261 ORDER BY c
	Unique  (cost=34039.87..34088.36 rows=9699 width=121)
	  ->  Sort  (cost=34039.87..34064.12 rows=9699 width=121)
	        Sort Key: c
	        ->  Bitmap Heap Scan on sbtest5  (cost=207.85..33397.62 rows=9699 width=121)
	              Recheck Cond: ((id >= 1442262) AND (id <= 1452261))
	              ->  Bitmap Index Scan on sbtest5_pkey  (cost=0.00..205.43 rows=9699 width=0)
	                    Index Cond: ((id >= 1442262) AND (id <= 1452261))

table 6 : explain SELECT DISTINCT c FROM sbtest6 WHERE id BETWEEN 232701 AND 242700 ORDER BY c
	Unique  (cost=36148.70..36200.45 rows=10349 width=121)
	  ->  Sort  (cost=36148.70..36174.57 rows=10349 width=121)
	        Sort Key: c
	        ->  Bitmap Heap Scan on sbtest6  (cost=222.51..35458.57 rows=10349 width=121)
	              Recheck Cond: ((id >= 232701) AND (id <= 242700))
	              ->  Bitmap Index Scan on sbtest6_pkey  (cost=0.00..219.93 rows=10349 width=0)
	                    Index Cond: ((id >= 232701) AND (id <= 242700))

table 7 : explain SELECT DISTINCT c FROM sbtest7 WHERE id BETWEEN 1639038 AND 1649037 ORDER BY c
	Unique  (cost=31970.24..32015.49 rows=9050 width=121)
	  ->  Sort  (cost=31970.24..31992.87 rows=9050 width=121)
	        Sort Key: c
	        ->  Bitmap Heap Scan on sbtest7  (cost=193.20..31375.49 rows=9050 width=121)
	              Recheck Cond: ((id >= 1639038) AND (id <= 1649037))
	              ->  Bitmap Index Scan on sbtest7_pkey  (cost=0.00..190.94 rows=9050 width=0)
	                    Index Cond: ((id >= 1639038) AND (id <= 1649037))

table 8 : explain SELECT DISTINCT c FROM sbtest8 WHERE id BETWEEN 3359452 AND 3369451 ORDER BY c
	Unique  (cost=34811.12..34860.72 rows=9920 width=121)
	  ->  Sort  (cost=34811.12..34835.92 rows=9920 width=121)
	        Sort Key: c
	        ->  Bitmap Heap Scan on sbtest8  (cost=214.11..34152.63 rows=9920 width=121)
	              Recheck Cond: ((id >= 3359452) AND (id <= 3369451))
	              ->  Bitmap Index Scan on sbtest8_pkey  (cost=0.00..211.63 rows=9920 width=0)
	                    Index Cond: ((id >= 3359452) AND (id <= 3369451))

explain: for point_selects :: explain SELECT c FROM sbtest%u WHERE id=%u
for: distinct_ranges
table 1 : explain SELECT DISTINCT c FROM sbtest1 WHERE id BETWEEN 7329446 AND 7339445 ORDER BY c
	Unique  (cost=38375.10..38430.49 rows=11079 width=121)
	  ->  Sort  (cost=38375.10..38402.79 rows=11079 width=121)
	        Sort Key: c
	        ->  Bitmap Heap Scan on sbtest1  (cost=237.99..37630.83 rows=11079 width=121)
	              Recheck Cond: ((id >= 7329446) AND (id <= 7339445))
	              ->  Bitmap Index Scan on sbtest1_pkey  (cost=0.00..235.23 rows=11079 width=0)
	                    Index Cond: ((id >= 7329446) AND (id <= 7339445))

table 2 : explain SELECT DISTINCT c FROM sbtest2 WHERE id BETWEEN 5351210 AND 5361209 ORDER BY c
	Unique  (cost=34718.44..34768.04 rows=9920 width=121)
	  ->  Sort  (cost=34718.44..34743.24 rows=9920 width=121)
	        Sort Key: c
	        ->  Bitmap Heap Scan on sbtest2  (cost=214.11..34059.94 rows=9920 width=121)
	              Recheck Cond: ((id >= 5351210) AND (id <= 5361209))
	              ->  Bitmap Index Scan on sbtest2_pkey  (cost=0.00..211.63 rows=9920 width=0)
	                    Index Cond: ((id >= 5351210) AND (id <= 5361209))

table 3 : explain SELECT DISTINCT c FROM sbtest3 WHERE id BETWEEN 1736363 AND 1746362 ORDER BY c
	Unique  (cost=32882.08..32928.80 rows=9343 width=121)
	  ->  Sort  (cost=32882.08..32905.44 rows=9343 width=121)
	        Sort Key: c
	        ->  Bitmap Heap Scan on sbtest3  (cost=200.20..32265.93 rows=9343 width=121)
	              Recheck Cond: ((id >= 1736363) AND (id <= 1746362))
	              ->  Bitmap Index Scan on sbtest3_pkey  (cost=0.00..197.87 rows=9343 width=0)
	                    Index Cond: ((id >= 1736363) AND (id <= 1746362))

table 4 : explain SELECT DISTINCT c FROM sbtest4 WHERE id BETWEEN 9140487 AND 9150486 ORDER BY c
	Unique  (cost=32528.59..32574.74 rows=9230 width=121)
	  ->  Sort  (cost=32528.59..32551.67 rows=9230 width=121)
	        Sort Key: c
	        ->  Bitmap Heap Scan on sbtest4  (cost=199.04..31920.70 rows=9230 width=121)
	              Recheck Cond: ((id >= 9140487) AND (id <= 9150486))
	              ->  Bitmap Index Scan on sbtest4_pkey  (cost=0.00..196.74 rows=9230 width=0)
	                    Index Cond: ((id >= 9140487) AND (id <= 9150486))

table 5 : explain SELECT DISTINCT c FROM sbtest5 WHERE id BETWEEN 8528793 AND 8538792 ORDER BY c
	Unique  (cost=35214.44..35264.78 rows=10067 width=121)
	  ->  Sort  (cost=35214.44..35239.61 rows=10067 width=121)
	        Sort Key: c
	        ->  Bitmap Heap Scan on sbtest5  (cost=215.62..34545.12 rows=10067 width=121)
	              Recheck Cond: ((id >= 8528793) AND (id <= 8538792))
	              ->  Bitmap Index Scan on sbtest5_pkey  (cost=0.00..213.11 rows=10067 width=0)
	                    Index Cond: ((id >= 8528793) AND (id <= 8538792))

table 6 : explain SELECT DISTINCT c FROM sbtest6 WHERE id BETWEEN 1786509 AND 1796508 ORDER BY c
	Unique  (cost=38348.46..38403.68 rows=11045 width=121)
	  ->  Sort  (cost=38348.46..38376.07 rows=11045 width=121)
	        Sort Key: c
	        ->  Bitmap Heap Scan on sbtest6  (cost=237.65..37606.72 rows=11045 width=121)
	              Recheck Cond: ((id >= 1786509) AND (id <= 1796508))
	              ->  Bitmap Index Scan on sbtest6_pkey  (cost=0.00..234.88 rows=11045 width=0)
	                    Index Cond: ((id >= 1786509) AND (id <= 1796508))

table 7 : explain SELECT DISTINCT c FROM sbtest7 WHERE id BETWEEN 5136707 AND 5146706 ORDER BY c
	Unique  (cost=35472.84..35523.54 rows=10141 width=121)
	  ->  Sort  (cost=35472.84..35498.19 rows=10141 width=121)
	        Sort Key: c
	        ->  Bitmap Heap Scan on sbtest7  (cost=216.38..34798.06 rows=10141 width=121)
	              Recheck Cond: ((id >= 5136707) AND (id <= 5146706))
	              ->  Bitmap Index Scan on sbtest7_pkey  (cost=0.00..213.84 rows=10141 width=0)
	                    Index Cond: ((id >= 5136707) AND (id <= 5146706))

table 8 : explain SELECT DISTINCT c FROM sbtest8 WHERE id BETWEEN 5441865 AND 5451864 ORDER BY c
	Unique  (cost=34266.99..34315.74 rows=9750 width=121)
	  ->  Sort  (cost=34266.99..34291.37 rows=9750 width=121)
	        Sort Key: c
	        ->  Bitmap Heap Scan on sbtest8  (cost=212.37..33621.00 rows=9750 width=121)
	              Recheck Cond: ((id >= 5441865) AND (id <= 5451864))
	              ->  Bitmap Index Scan on sbtest8_pkey  (cost=0.00..209.94 rows=9750 width=0)
	                    Index Cond: ((id >= 5441865) AND (id <= 5451864))

for: simple_ranges
table 1 : explain SELECT c FROM sbtest1 WHERE id BETWEEN 2466159 AND 2476158
	Bitmap Heap Scan on sbtest1  (cost=224.20..35894.19 rows=10514 width=121)
	  Recheck Cond: ((id >= 2466159) AND (id <= 2476158))
	  ->  Bitmap Index Scan on sbtest1_pkey  (cost=0.00..221.57 rows=10514 width=0)
	        Index Cond: ((id >= 2466159) AND (id <= 2476158))

table 2 : explain SELECT c FROM sbtest2 WHERE id BETWEEN 4110335 AND 4120334
	Bitmap Heap Scan on sbtest2  (cost=201.49..32649.63 rows=9469 width=121)
	  Recheck Cond: ((id >= 4110335) AND (id <= 4120334))
	  ->  Bitmap Index Scan on sbtest2_pkey  (cost=0.00..199.12 rows=9469 width=0)
	        Index Cond: ((id >= 4110335) AND (id <= 4120334))

table 3 : explain SELECT c FROM sbtest3 WHERE id BETWEEN 7460638 AND 7470637
	Bitmap Heap Scan on sbtest3  (cost=213.79..33974.71 rows=9888 width=121)
	  Recheck Cond: ((id >= 7460638) AND (id <= 7470637))
	  ->  Bitmap Index Scan on sbtest3_pkey  (cost=0.00..211.31 rows=9888 width=0)
	        Index Cond: ((id >= 7460638) AND (id <= 7470637))

table 4 : explain SELECT c FROM sbtest4 WHERE id BETWEEN 6122195 AND 6132194
	Bitmap Heap Scan on sbtest4  (cost=193.43..31423.96 rows=9073 width=121)
	  Recheck Cond: ((id >= 6122195) AND (id <= 6132194))
	  ->  Bitmap Index Scan on sbtest4_pkey  (cost=0.00..191.17 rows=9073 width=0)
	        Index Cond: ((id >= 6122195) AND (id <= 6132194))

table 5 : explain SELECT c FROM sbtest5 WHERE id BETWEEN 5188131 AND 5198130
	Bitmap Heap Scan on sbtest5  (cost=237.30..37459.67 rows=11011 width=121)
	  Recheck Cond: ((id >= 5188131) AND (id <= 5198130))
	  ->  Bitmap Index Scan on sbtest5_pkey  (cost=0.00..234.55 rows=11011 width=0)
	        Index Cond: ((id >= 5188131) AND (id <= 5198130))

table 6 : explain SELECT c FROM sbtest6 WHERE id BETWEEN 4894393 AND 4904392
	Bitmap Heap Scan on sbtest6  (cost=228.61..36095.03 rows=10554 width=121)
	  Recheck Cond: ((id >= 4894393) AND (id <= 4904392))
	  ->  Bitmap Index Scan on sbtest6_pkey  (cost=0.00..225.98 rows=10554 width=0)
	        Index Cond: ((id >= 4894393) AND (id <= 4904392))

table 7 : explain SELECT c FROM sbtest7 WHERE id BETWEEN 7150356 AND 7160355
	Bitmap Heap Scan on sbtest7  (cost=231.79..37032.93 rows=10864 width=121)
	  Recheck Cond: ((id >= 7150356) AND (id <= 7160355))
	  ->  Bitmap Index Scan on sbtest7_pkey  (cost=0.00..229.07 rows=10864 width=0)
	        Index Cond: ((id >= 7150356) AND (id <= 7160355))

table 8 : explain SELECT c FROM sbtest8 WHERE id BETWEEN 9045615 AND 9055614
	Bitmap Heap Scan on sbtest8  (cost=219.05..34439.71 rows=10011 width=121)
	  Recheck Cond: ((id >= 9045615) AND (id <= 9055614))
	  ->  Bitmap Index Scan on sbtest8_pkey  (cost=0.00..216.55 rows=10011 width=0)
	        Index Cond: ((id >= 9045615) AND (id <= 9055614))

for: sum_ranges
table 1 : explain SELECT SUM(k) FROM sbtest1 WHERE id BETWEEN 1038167 AND 1048166
	Aggregate  (cost=33866.18..33866.19 rows=1 width=8)
	  ->  Bitmap Heap Scan on sbtest1  (cost=213.41..33841.55 rows=9851 width=4)
	        Recheck Cond: ((id >= 1038167) AND (id <= 1048166))
	        ->  Bitmap Index Scan on sbtest1_pkey  (cost=0.00..210.94 rows=9851 width=0)
	              Index Cond: ((id >= 1038167) AND (id <= 1048166))

table 2 : explain SELECT SUM(k) FROM sbtest2 WHERE id BETWEEN 6554433 AND 6564432
	Aggregate  (cost=33338.18..33338.19 rows=1 width=8)
	  ->  Bitmap Heap Scan on sbtest2  (cost=207.67..33313.98 rows=9681 width=4)
	        Recheck Cond: ((id >= 6554433) AND (id <= 6564432))
	        ->  Bitmap Index Scan on sbtest2_pkey  (cost=0.00..205.25 rows=9681 width=0)
	              Index Cond: ((id >= 6554433) AND (id <= 6564432))

table 3 : explain SELECT SUM(k) FROM sbtest3 WHERE id BETWEEN 1561245 AND 1571244
	Aggregate  (cost=35607.73..35607.74 rows=1 width=8)
	  ->  Bitmap Heap Scan on sbtest3  (cost=223.10..35581.71 rows=10406 width=4)
	        Recheck Cond: ((id >= 1561245) AND (id <= 1571244))
	        ->  Bitmap Index Scan on sbtest3_pkey  (cost=0.00..220.50 rows=10406 width=0)
	              Index Cond: ((id >= 1561245) AND (id <= 1571244))

table 4 : explain SELECT SUM(k) FROM sbtest4 WHERE id BETWEEN 8890384 AND 8900383
	Aggregate  (cost=32468.24..32468.25 rows=1 width=8)
	  ->  Bitmap Heap Scan on sbtest4  (cost=200.75..32444.75 rows=9397 width=4)
	        Recheck Cond: ((id >= 8890384) AND (id <= 8900383))
	        ->  Bitmap Index Scan on sbtest4_pkey  (cost=0.00..198.41 rows=9397 width=0)
	              Index Cond: ((id >= 8890384) AND (id <= 8900383))

table 5 : explain SELECT SUM(k) FROM sbtest5 WHERE id BETWEEN 104993 AND 114992
	Aggregate  (cost=32918.70..32918.71 rows=1 width=8)
	  ->  Bitmap Heap Scan on sbtest5  (cost=206.20..32894.86 rows=9538 width=4)
	        Recheck Cond: ((id >= 104993) AND (id <= 114992))
	        ->  Bitmap Index Scan on sbtest5_pkey  (cost=0.00..203.81 rows=9538 width=0)
	              Index Cond: ((id >= 104993) AND (id <= 114992))

table 6 : explain SELECT SUM(k) FROM sbtest6 WHERE id BETWEEN 4601643 AND 4611642
	Aggregate  (cost=32030.37..32030.38 rows=1 width=8)
	  ->  Bitmap Heap Scan on sbtest6  (cost=199.21..32007.26 rows=9246 width=4)
	        Recheck Cond: ((id >= 4601643) AND (id <= 4611642))
	        ->  Bitmap Index Scan on sbtest6_pkey  (cost=0.00..196.90 rows=9246 width=0)
	              Index Cond: ((id >= 4601643) AND (id <= 4611642))

table 7 : explain SELECT SUM(k) FROM sbtest7 WHERE id BETWEEN 3191290 AND 3201289
	Aggregate  (cost=35471.22..35471.23 rows=1 width=8)
	  ->  Bitmap Heap Scan on sbtest7  (cost=222.51..35445.34 rows=10349 width=4)
	        Recheck Cond: ((id >= 3191290) AND (id <= 3201289))
	        ->  Bitmap Index Scan on sbtest7_pkey  (cost=0.00..219.93 rows=10349 width=0)
	              Index Cond: ((id >= 3191290) AND (id <= 3201289))

table 8 : explain SELECT SUM(k) FROM sbtest8 WHERE id BETWEEN 9645527 AND 9655526
	Aggregate  (cost=36181.12..36181.13 rows=1 width=8)
	  ->  Bitmap Heap Scan on sbtest8  (cost=228.71..36154.72 rows=10563 width=4)
	        Recheck Cond: ((id >= 9645527) AND (id <= 9655526))
	        ->  Bitmap Index Scan on sbtest8_pkey  (cost=0.00..226.06 rows=10563 width=0)
	              Index Cond: ((id >= 9645527) AND (id <= 9655526))

for point_selects
table 1 : explain SELECT c FROM sbtest1 WHERE id=7139930
	Index Scan using sbtest1_pkey on sbtest1  (cost=0.43..8.45 rows=1 width=121)
	  Index Cond: (id = 7139930)

table 2 : explain SELECT c FROM sbtest2 WHERE id=4564921
	Index Scan using sbtest2_pkey on sbtest2  (cost=0.43..8.45 rows=1 width=121)
	  Index Cond: (id = 4564921)

table 3 : explain SELECT c FROM sbtest3 WHERE id=2953666
	Index Scan using sbtest3_pkey on sbtest3  (cost=0.43..8.45 rows=1 width=121)
	  Index Cond: (id = 2953666)

table 4 : explain SELECT c FROM sbtest4 WHERE id=5864172
	Index Scan using sbtest4_pkey on sbtest4  (cost=0.43..8.45 rows=1 width=121)
	  Index Cond: (id = 5864172)

table 5 : explain SELECT c FROM sbtest5 WHERE id=1129130
	Index Scan using sbtest5_pkey on sbtest5  (cost=0.43..8.45 rows=1 width=121)
	  Index Cond: (id = 1129130)

table 6 : explain SELECT c FROM sbtest6 WHERE id=3349953
	Index Scan using sbtest6_pkey on sbtest6  (cost=0.43..8.45 rows=1 width=121)
	  Index Cond: (id = 3349953)

table 7 : explain SELECT c FROM sbtest7 WHERE id=5588162
	Index Scan using sbtest7_pkey on sbtest7  (cost=0.43..8.45 rows=1 width=121)
	  Index Cond: (id = 5588162)

table 8 : explain SELECT c FROM sbtest8 WHERE id=7177580
	Index Scan using sbtest8_pkey on sbtest8  (cost=0.43..8.45 rows=1 width=121)
	  Index Cond: (id = 7177580)

for point_selects
table 1 : explain SELECT c FROM sbtest1 WHERE id=3303580
	Index Scan using sbtest1_pkey on sbtest1  (cost=0.43..8.45 rows=1 width=121)
	  Index Cond: (id = 3303580)

table 2 : explain SELECT c FROM sbtest2 WHERE id=4353934
	Index Scan using sbtest2_pkey on sbtest2  (cost=0.43..8.45 rows=1 width=121)
	  Index Cond: (id = 4353934)

table 3 : explain SELECT c FROM sbtest3 WHERE id=7387828
	Index Scan using sbtest3_pkey on sbtest3  (cost=0.43..8.45 rows=1 width=121)
	  Index Cond: (id = 7387828)

table 4 : explain SELECT c FROM sbtest4 WHERE id=4448854
	Index Scan using sbtest4_pkey on sbtest4  (cost=0.43..8.45 rows=1 width=121)
	  Index Cond: (id = 4448854)

table 5 : explain SELECT c FROM sbtest5 WHERE id=8961558
	Index Scan using sbtest5_pkey on sbtest5  (cost=0.43..8.45 rows=1 width=121)
	  Index Cond: (id = 8961558)

table 6 : explain SELECT c FROM sbtest6 WHERE id=3417445
	Index Scan using sbtest6_pkey on sbtest6  (cost=0.43..8.45 rows=1 width=121)
	  Index Cond: (id = 3417445)

table 7 : explain SELECT c FROM sbtest7 WHERE id=418958
	Index Scan using sbtest7_pkey on sbtest7  (cost=0.43..8.45 rows=1 width=121)
	  Index Cond: (id = 418958)

table 8 : explain SELECT c FROM sbtest8 WHERE id=8635165
	Index Scan using sbtest8_pkey on sbtest8  (cost=0.43..8.45 rows=1 width=121)
	  Index Cond: (id = 8635165)

for: distinct_ranges
table 1 : explain SELECT DISTINCT c FROM sbtest1 WHERE id BETWEEN 9972402 AND 9982401 ORDER BY c
	Unique  (cost=36968.59..37021.75 rows=10631 width=121)
	  ->  Sort  (cost=36968.59..36995.17 rows=10631 width=121)
	        Sort Key: c
	        ->  Bitmap Heap Scan on sbtest1  (cost=229.40..36257.59 rows=10631 width=121)
	              Recheck Cond: ((id >= 9972402) AND (id <= 9982401))
	              ->  Bitmap Index Scan on sbtest1_pkey  (cost=0.00..226.75 rows=10631 width=0)
	                    Index Cond: ((id >= 9972402) AND (id <= 9982401))

table 2 : explain SELECT DISTINCT c FROM sbtest2 WHERE id BETWEEN 5677767 AND 5687766 ORDER BY c
	Unique  (cost=35302.19..35352.71 rows=10104 width=121)
	  ->  Sort  (cost=35302.19..35327.45 rows=10104 width=121)
	        Sort Key: c
	        ->  Bitmap Heap Scan on sbtest2  (cost=216.00..34630.14 rows=10104 width=121)
	              Recheck Cond: ((id >= 5677767) AND (id <= 5687766))
	              ->  Bitmap Index Scan on sbtest2_pkey  (cost=0.00..213.48 rows=10104 width=0)
	                    Index Cond: ((id >= 5677767) AND (id <= 5687766))

table 3 : explain SELECT DISTINCT c FROM sbtest3 WHERE id BETWEEN 1782277 AND 1792276 ORDER BY c
	Unique  (cost=32941.56..32988.37 rows=9361 width=121)
	  ->  Sort  (cost=32941.56..32964.97 rows=9361 width=121)
	        Sort Key: c
	        ->  Bitmap Heap Scan on sbtest3  (cost=200.39..32324.09 rows=9361 width=121)
	              Recheck Cond: ((id >= 1782277) AND (id <= 1792276))
	              ->  Bitmap Index Scan on sbtest3_pkey  (cost=0.00..198.05 rows=9361 width=0)
	                    Index Cond: ((id >= 1782277) AND (id <= 1792276))

table 4 : explain SELECT DISTINCT c FROM sbtest4 WHERE id BETWEEN 722686 AND 732685 ORDER BY c
	Unique  (cost=36941.49..36994.56 rows=10613 width=121)
	  ->  Sort  (cost=36941.49..36968.03 rows=10613 width=121)
	        Sort Key: c
	        ->  Bitmap Heap Scan on sbtest4  (cost=229.22..36231.83 rows=10613 width=121)
	              Recheck Cond: ((id >= 722686) AND (id <= 732685))
	              ->  Bitmap Index Scan on sbtest4_pkey  (cost=0.00..226.56 rows=10613 width=0)
	                    Index Cond: ((id >= 722686) AND (id <= 732685))

table 5 : explain SELECT DISTINCT c FROM sbtest5 WHERE id BETWEEN 3348078 AND 3358077 ORDER BY c
	Unique  (cost=34286.96..34335.84 rows=9777 width=121)
	  ->  Sort  (cost=34286.96..34311.40 rows=9777 width=121)
	        Sort Key: c
	        ->  Bitmap Heap Scan on sbtest5  (cost=208.65..33638.98 rows=9777 width=121)
	              Recheck Cond: ((id >= 3348078) AND (id <= 3358077))
	              ->  Bitmap Index Scan on sbtest5_pkey  (cost=0.00..206.20 rows=9777 width=0)
	                    Index Cond: ((id >= 3348078) AND (id <= 3358077))

table 6 : explain SELECT DISTINCT c FROM sbtest6 WHERE id BETWEEN 2849458 AND 2859457 ORDER BY c
	Unique  (cost=34894.14..34943.91 rows=9955 width=121)
	  ->  Sort  (cost=34894.14..34919.03 rows=9955 width=121)
	        Sort Key: c
	        ->  Bitmap Heap Scan on sbtest6  (cost=214.47..34233.07 rows=9955 width=121)
	              Recheck Cond: ((id >= 2849458) AND (id <= 2859457))
	              ->  Bitmap Index Scan on sbtest6_pkey  (cost=0.00..211.99 rows=9955 width=0)
	                    Index Cond: ((id >= 2849458) AND (id <= 2859457))

table 7 : explain SELECT DISTINCT c FROM sbtest7 WHERE id BETWEEN 36434 AND 46433 ORDER BY c
	Unique  (cost=34255.51..34304.31 rows=9760 width=121)
	  ->  Sort  (cost=34255.51..34279.91 rows=9760 width=121)
	        Sort Key: c
	        ->  Bitmap Heap Scan on sbtest7  (cost=208.48..33608.78 rows=9760 width=121)
	              Recheck Cond: ((id >= 36434) AND (id <= 46433))
	              ->  Bitmap Index Scan on sbtest7_pkey  (cost=0.00..206.04 rows=9760 width=0)
	                    Index Cond: ((id >= 36434) AND (id <= 46433))

table 8 : explain SELECT DISTINCT c FROM sbtest8 WHERE id BETWEEN 4180522 AND 4190521 ORDER BY c
	Unique  (cost=33644.93..33692.72 rows=9557 width=121)
	  ->  Sort  (cost=33644.93..33668.82 rows=9557 width=121)
	        Sort Key: c
	        ->  Bitmap Heap Scan on sbtest8  (cost=206.39..33013.10 rows=9557 width=121)
	              Recheck Cond: ((id >= 4180522) AND (id <= 4190521))
	              ->  Bitmap Index Scan on sbtest8_pkey  (cost=0.00..204.00 rows=9557 width=0)
	                    Index Cond: ((id >= 4180522) AND (id <= 4190521))

for: sum_ranges
table 1 : explain SELECT SUM(k) FROM sbtest1 WHERE id BETWEEN 8430700 AND 8440699
	Aggregate  (cost=31774.39..31774.40 rows=1 width=8)
	  ->  Bitmap Heap Scan on sbtest1  (cost=198.57..31751.43 rows=9184 width=4)
	        Recheck Cond: ((id >= 8430700) AND (id <= 8440699))
	        ->  Bitmap Index Scan on sbtest1_pkey  (cost=0.00..196.28 rows=9184 width=0)
	              Index Cond: ((id >= 8430700) AND (id <= 8440699))

table 2 : explain SELECT SUM(k) FROM sbtest2 WHERE id BETWEEN 3873459 AND 3883458
	Aggregate  (cost=34270.83..34270.84 rows=1 width=8)
	  ->  Bitmap Heap Scan on sbtest2  (cost=214.73..34245.88 rows=9980 width=4)
	        Recheck Cond: ((id >= 3873459) AND (id <= 3883458))
	        ->  Bitmap Index Scan on sbtest2_pkey  (cost=0.00..212.24 rows=9980 width=0)
	              Index Cond: ((id >= 3873459) AND (id <= 3883458))

table 3 : explain SELECT SUM(k) FROM sbtest3 WHERE id BETWEEN 262658 AND 272657
	Aggregate  (cost=36000.04..36000.05 rows=1 width=8)
	  ->  Bitmap Heap Scan on sbtest3  (cost=224.41..35973.71 rows=10534 width=4)
	        Recheck Cond: ((id >= 262658) AND (id <= 272657))
	        ->  Bitmap Index Scan on sbtest3_pkey  (cost=0.00..221.78 rows=10534 width=0)
	              Index Cond: ((id >= 262658) AND (id <= 272657))

table 4 : explain SELECT SUM(k) FROM sbtest4 WHERE id BETWEEN 5435897 AND 5445896
	Aggregate  (cost=36583.04..36583.05 rows=1 width=8)
	  ->  Bitmap Heap Scan on sbtest4  (cost=230.30..36556.24 rows=10719 width=4)
	        Recheck Cond: ((id >= 5435897) AND (id <= 5445896))
	        ->  Bitmap Index Scan on sbtest4_pkey  (cost=0.00..227.62 rows=10719 width=0)
	              Index Cond: ((id >= 5435897) AND (id <= 5445896))

table 5 : explain SELECT SUM(k) FROM sbtest5 WHERE id BETWEEN 1261744 AND 1271743
	Aggregate  (cost=36714.80..36714.81 rows=1 width=8)
	  ->  Bitmap Heap Scan on sbtest5  (cost=230.73..36687.90 rows=10760 width=4)
	        Recheck Cond: ((id >= 1261744) AND (id <= 1271743))
	        ->  Bitmap Index Scan on sbtest5_pkey  (cost=0.00..228.04 rows=10760 width=0)
	              Index Cond: ((id >= 1261744) AND (id <= 1271743))

table 6 : explain SELECT SUM(k) FROM sbtest6 WHERE id BETWEEN 6263016 AND 6273015
	Aggregate  (cost=34148.55..34148.56 rows=1 width=8)
	  ->  Bitmap Heap Scan on sbtest6  (cost=214.10..34123.75 rows=9919 width=4)
	        Recheck Cond: ((id >= 6263016) AND (id <= 6273015))
	        ->  Bitmap Index Scan on sbtest6_pkey  (cost=0.00..211.62 rows=9919 width=0)
	              Index Cond: ((id >= 6263016) AND (id <= 6273015))

table 7 : explain SELECT SUM(k) FROM sbtest7 WHERE id BETWEEN 5812824 AND 5822823
	Aggregate  (cost=32706.62..32706.63 rows=1 width=8)
	  ->  Bitmap Heap Scan on sbtest7  (cost=205.44..32682.96 rows=9464 width=4)
	        Recheck Cond: ((id >= 5812824) AND (id <= 5822823))
	        ->  Bitmap Index Scan on sbtest7_pkey  (cost=0.00..203.07 rows=9464 width=0)
	              Index Cond: ((id >= 5812824) AND (id <= 5822823))

table 8 : explain SELECT SUM(k) FROM sbtest8 WHERE id BETWEEN 1460516 AND 1470515
	Aggregate  (cost=33049.93..33049.94 rows=1 width=8)
	  ->  Bitmap Heap Scan on sbtest8  (cost=206.44..33026.03 rows=9561 width=4)
	        Recheck Cond: ((id >= 1460516) AND (id <= 1470515))
	        ->  Bitmap Index Scan on sbtest8_pkey  (cost=0.00..204.05 rows=9561 width=0)
	              Index Cond: ((id >= 1460516) AND (id <= 1470515))

for: sum_ranges
table 1 : explain SELECT SUM(k) FROM sbtest1 WHERE id BETWEEN 2270874 AND 2280873
	Aggregate  (cost=34010.66..34010.67 rows=1 width=8)
	  ->  Bitmap Heap Scan on sbtest1  (cost=213.88..33985.92 rows=9897 width=4)
	        Recheck Cond: ((id >= 2270874) AND (id <= 2280873))
	        ->  Bitmap Index Scan on sbtest1_pkey  (cost=0.00..211.41 rows=9897 width=0)
	              Index Cond: ((id >= 2270874) AND (id <= 2280873))

table 2 : explain SELECT SUM(k) FROM sbtest2 WHERE id BETWEEN 2700403 AND 2710402
	Aggregate  (cost=37101.11..37101.12 rows=1 width=8)
	  ->  Bitmap Heap Scan on sbtest2  (cost=232.12..37073.87 rows=10896 width=4)
	        Recheck Cond: ((id >= 2700403) AND (id <= 2710402))
	        ->  Bitmap Index Scan on sbtest2_pkey  (cost=0.00..229.40 rows=10896 width=0)
	              Index Cond: ((id >= 2700403) AND (id <= 2710402))

table 3 : explain SELECT SUM(k) FROM sbtest3 WHERE id BETWEEN 1370453 AND 1380452
	Aggregate  (cost=33081.36..33081.37 rows=1 width=8)
	  ->  Bitmap Heap Scan on sbtest3  (cost=206.78..33057.37 rows=9595 width=4)
	        Recheck Cond: ((id >= 1370453) AND (id <= 1380452))
	        ->  Bitmap Index Scan on sbtest3_pkey  (cost=0.00..204.38 rows=9595 width=0)
	              Index Cond: ((id >= 1370453) AND (id <= 1380452))

table 4 : explain SELECT SUM(k) FROM sbtest4 WHERE id BETWEEN 1705450 AND 1715449
	Aggregate  (cost=35552.66..35552.67 rows=1 width=8)
	  ->  Bitmap Heap Scan on sbtest4  (cost=222.88..35526.69 rows=10385 width=4)
	        Recheck Cond: ((id >= 1705450) AND (id <= 1715449))
	        ->  Bitmap Index Scan on sbtest4_pkey  (cost=0.00..220.29 rows=10385 width=0)
	              Index Cond: ((id >= 1705450) AND (id <= 1715449))

table 5 : explain SELECT SUM(k) FROM sbtest5 WHERE id BETWEEN 1308286 AND 1318285
	Aggregate  (cost=36714.80..36714.81 rows=1 width=8)
	  ->  Bitmap Heap Scan on sbtest5  (cost=230.73..36687.90 rows=10760 width=4)
	        Recheck Cond: ((id >= 1308286) AND (id <= 1318285))
	        ->  Bitmap Index Scan on sbtest5_pkey  (cost=0.00..228.04 rows=10760 width=0)
	              Index Cond: ((id >= 1308286) AND (id <= 1318285))

table 6 : explain SELECT SUM(k) FROM sbtest6 WHERE id BETWEEN 5584916 AND 5594915
	Aggregate  (cost=34659.68..34659.69 rows=1 width=8)
	  ->  Bitmap Heap Scan on sbtest6  (cost=215.80..34634.47 rows=10084 width=4)
	        Recheck Cond: ((id >= 5584916) AND (id <= 5594915))
	        ->  Bitmap Index Scan on sbtest6_pkey  (cost=0.00..213.28 rows=10084 width=0)
	              Index Cond: ((id >= 5584916) AND (id <= 5594915))

table 7 : explain SELECT SUM(k) FROM sbtest7 WHERE id BETWEEN 3813017 AND 3823016
	Aggregate  (cost=33681.53..33681.54 rows=1 width=8)
	  ->  Bitmap Heap Scan on sbtest7  (cost=208.64..33657.09 rows=9776 width=4)
	        Recheck Cond: ((id >= 3813017) AND (id <= 3823016))
	        ->  Bitmap Index Scan on sbtest7_pkey  (cost=0.00..206.19 rows=9776 width=0)
	              Index Cond: ((id >= 3813017) AND (id <= 3823016))

table 8 : explain SELECT SUM(k) FROM sbtest8 WHERE id BETWEEN 3328784 AND 3338783
	Aggregate  (cost=32216.96..32216.97 rows=1 width=8)
	  ->  Bitmap Heap Scan on sbtest8  (cost=203.72..32193.72 rows=9296 width=4)
	        Recheck Cond: ((id >= 3328784) AND (id <= 3338783))
	        ->  Bitmap Index Scan on sbtest8_pkey  (cost=0.00..201.40 rows=9296 width=0)
	              Index Cond: ((id >= 3328784) AND (id <= 3338783))

explain: for point_selects :: explain SELECT c FROM sbtest%u WHERE id=%u
for: order_ranges
table 1 : explain SELECT c FROM sbtest1 WHERE id BETWEEN 6496262 AND 6506261 ORDER BY c
	Sort  (cost=34642.72..34667.46 rows=9897 width=121)
	  Sort Key: c
	  ->  Bitmap Heap Scan on sbtest1  (cost=213.88..33985.92 rows=9897 width=121)
	        Recheck Cond: ((id >= 6496262) AND (id <= 6506261))
	        ->  Bitmap Index Scan on sbtest1_pkey  (cost=0.00..211.41 rows=9897 width=0)
	              Index Cond: ((id >= 6496262) AND (id <= 6506261))

table 2 : explain SELECT c FROM sbtest2 WHERE id BETWEEN 7516238 AND 7526237 ORDER BY c
	Sort  (cost=32438.48..32461.50 rows=9208 width=121)
	  Sort Key: c
	  ->  Bitmap Heap Scan on sbtest2  (cost=198.82..31832.19 rows=9208 width=121)
	        Recheck Cond: ((id >= 7516238) AND (id <= 7526237))
	        ->  Bitmap Index Scan on sbtest2_pkey  (cost=0.00..196.51 rows=9208 width=0)
	              Index Cond: ((id >= 7516238) AND (id <= 7526237))

table 3 : explain SELECT c FROM sbtest3 WHERE id BETWEEN 8099510 AND 8109509 ORDER BY c
	Sort  (cost=34555.24..34579.90 rows=9864 width=121)
	  Sort Key: c
	  ->  Bitmap Heap Scan on sbtest3  (cost=213.54..33900.86 rows=9864 width=121)
	        Recheck Cond: ((id >= 8099510) AND (id <= 8109509))
	        ->  Bitmap Index Scan on sbtest3_pkey  (cost=0.00..211.07 rows=9864 width=0)
	              Index Cond: ((id >= 8099510) AND (id <= 8109509))

table 4 : explain SELECT c FROM sbtest4 WHERE id BETWEEN 3726402 AND 3736401 ORDER BY c
	Sort  (cost=34908.36..34933.29 rows=9972 width=121)
	  Sort Key: c
	  ->  Bitmap Heap Scan on sbtest4  (cost=214.65..34246.04 rows=9972 width=121)
	        Recheck Cond: ((id >= 3726402) AND (id <= 3736401))
	        ->  Bitmap Index Scan on sbtest4_pkey  (cost=0.00..212.16 rows=9972 width=0)
	              Index Cond: ((id >= 3726402) AND (id <= 3736401))

table 5 : explain SELECT c FROM sbtest5 WHERE id BETWEEN 1318610 AND 1328609 ORDER BY c
	Sort  (cost=37408.46..37435.36 rows=10760 width=121)
	  Sort Key: c
	  ->  Bitmap Heap Scan on sbtest5  (cost=230.73..36687.90 rows=10760 width=121)
	        Recheck Cond: ((id >= 1318610) AND (id <= 1328609))
	        ->  Bitmap Index Scan on sbtest5_pkey  (cost=0.00..228.04 rows=10760 width=0)
	              Index Cond: ((id >= 1318610) AND (id <= 1328609))

table 6 : explain SELECT c FROM sbtest6 WHERE id BETWEEN 6444163 AND 6454162 ORDER BY c
	Sort  (cost=36384.33..36410.39 rows=10423 width=121)
	  Sort Key: c
	  ->  Bitmap Heap Scan on sbtest6  (cost=223.27..35688.72 rows=10423 width=121)
	        Recheck Cond: ((id >= 6444163) AND (id <= 6454162))
	        ->  Bitmap Index Scan on sbtest6_pkey  (cost=0.00..220.67 rows=10423 width=0)
	              Index Cond: ((id >= 6444163) AND (id <= 6454162))

table 7 : explain SELECT c FROM sbtest7 WHERE id BETWEEN 6958711 AND 6968710 ORDER BY c
	Sort  (cost=35151.16..35176.26 rows=10040 width=121)
	  Sort Key: c
	  ->  Bitmap Heap Scan on sbtest7  (cost=215.34..34483.83 rows=10040 width=121)
	        Recheck Cond: ((id >= 6958711) AND (id <= 6968710))
	        ->  Bitmap Index Scan on sbtest7_pkey  (cost=0.00..212.84 rows=10040 width=0)
	              Index Cond: ((id >= 6958711) AND (id <= 6968710))

table 8 : explain SELECT c FROM sbtest8 WHERE id BETWEEN 9792288 AND 9802287 ORDER BY c
	Sort  (cost=32589.91..32612.99 rows=9230 width=121)
	  Sort Key: c
	  ->  Bitmap Heap Scan on sbtest8  (cost=199.04..31982.02 rows=9230 width=121)
	        Recheck Cond: ((id >= 9792288) AND (id <= 9802287))
	        ->  Bitmap Index Scan on sbtest8_pkey  (cost=0.00..196.74 rows=9230 width=0)
	              Index Cond: ((id >= 9792288) AND (id <= 9802287))

for: simple_ranges
table 1 : explain SELECT c FROM sbtest1 WHERE id BETWEEN 1441331 AND 1451330
	Bitmap Heap Scan on sbtest1  (cost=223.54..35693.60 rows=10449 width=121)
	  Recheck Cond: ((id >= 1441331) AND (id <= 1451330))
	  ->  Bitmap Index Scan on sbtest1_pkey  (cost=0.00..220.93 rows=10449 width=0)
	        Index Cond: ((id >= 1441331) AND (id <= 1451330))

table 2 : explain SELECT c FROM sbtest2 WHERE id BETWEEN 9668600 AND 9678599
	Bitmap Heap Scan on sbtest2  (cost=208.44..33551.90 rows=9757 width=121)
	  Recheck Cond: ((id >= 9668600) AND (id <= 9678599))
	  ->  Bitmap Index Scan on sbtest2_pkey  (cost=0.00..206.00 rows=9757 width=0)
	        Index Cond: ((id >= 9668600) AND (id <= 9678599))

table 3 : explain SELECT c FROM sbtest3 WHERE id BETWEEN 6277404 AND 6287403
	Bitmap Heap Scan on sbtest3  (cost=208.38..33543.41 rows=9751 width=121)
	  Recheck Cond: ((id >= 6277404) AND (id <= 6287403))
	  ->  Bitmap Index Scan on sbtest3_pkey  (cost=0.00..205.94 rows=9751 width=0)
	        Index Cond: ((id >= 6277404) AND (id <= 6287403))

table 4 : explain SELECT c FROM sbtest4 WHERE id BETWEEN 557198 AND 567197
	Bitmap Heap Scan on sbtest4  (cost=229.71..36378.19 rows=10661 width=121)
	  Recheck Cond: ((id >= 557198) AND (id <= 567197))
	  ->  Bitmap Index Scan on sbtest4_pkey  (cost=0.00..227.05 rows=10661 width=0)
	        Index Cond: ((id >= 557198) AND (id <= 567197))

table 5 : explain SELECT c FROM sbtest5 WHERE id BETWEEN 777091 AND 787090
	Bitmap Heap Scan on sbtest5  (cost=229.77..36401.77 rows=10667 width=121)
	  Recheck Cond: ((id >= 777091) AND (id <= 787090))
	  ->  Bitmap Index Scan on sbtest5_pkey  (cost=0.00..227.11 rows=10667 width=0)
	        Index Cond: ((id >= 777091) AND (id <= 787090))

table 6 : explain SELECT c FROM sbtest6 WHERE id BETWEEN 4191740 AND 4201739
	Bitmap Heap Scan on sbtest6  (cost=214.31..34184.84 rows=9939 width=121)
	  Recheck Cond: ((id >= 4191740) AND (id <= 4201739))
	  ->  Bitmap Index Scan on sbtest6_pkey  (cost=0.00..211.82 rows=9939 width=0)
	        Index Cond: ((id >= 4191740) AND (id <= 4201739))

table 7 : explain SELECT c FROM sbtest7 WHERE id BETWEEN 9460981 AND 9470980
	Bitmap Heap Scan on sbtest7  (cost=197.74..31545.15 rows=9103 width=121)
	  Recheck Cond: ((id >= 9460981) AND (id <= 9470980))
	  ->  Bitmap Index Scan on sbtest7_pkey  (cost=0.00..195.47 rows=9103 width=0)
	        Index Cond: ((id >= 9460981) AND (id <= 9470980))

table 8 : explain SELECT c FROM sbtest8 WHERE id BETWEEN 1688680 AND 1698679
	Bitmap Heap Scan on sbtest8  (cost=206.00..32893.45 rows=9519 width=121)
	  Recheck Cond: ((id >= 1688680) AND (id <= 1698679))
	  ->  Bitmap Index Scan on sbtest8_pkey  (cost=0.00..203.62 rows=9519 width=0)
	        Index Cond: ((id >= 1688680) AND (id <= 1698679))

for: sum_ranges
table 1 : explain SELECT SUM(k) FROM sbtest1 WHERE id BETWEEN 2871026 AND 2881025
	Aggregate  (cost=34680.64..34680.65 rows=1 width=8)
	  ->  Bitmap Heap Scan on sbtest1  (cost=216.09..34655.36 rows=10113 width=4)
	        Recheck Cond: ((id >= 2871026) AND (id <= 2881025))
	        ->  Bitmap Index Scan on sbtest1_pkey  (cost=0.00..213.56 rows=10113 width=0)
	              Index Cond: ((id >= 2871026) AND (id <= 2881025))

table 2 : explain SELECT SUM(k) FROM sbtest2 WHERE id BETWEEN 165414 AND 175413
	Aggregate  (cost=33289.90..33289.91 rows=1 width=8)
	  ->  Bitmap Heap Scan on sbtest2  (cost=207.51..33265.74 rows=9666 width=4)
	        Recheck Cond: ((id >= 165414) AND (id <= 175413))
	        ->  Bitmap Index Scan on sbtest2_pkey  (cost=0.00..205.09 rows=9666 width=0)
	              Index Cond: ((id >= 165414) AND (id <= 175413))

table 3 : explain SELECT SUM(k) FROM sbtest3 WHERE id BETWEEN 9882016 AND 9892015
	Aggregate  (cost=35086.93..35086.94 rows=1 width=8)
	  ->  Bitmap Heap Scan on sbtest3  (cost=221.37..35061.33 rows=10238 width=4)
	        Recheck Cond: ((id >= 9882016) AND (id <= 9892015))
	        ->  Bitmap Index Scan on sbtest3_pkey  (cost=0.00..218.81 rows=10238 width=0)
	              Index Cond: ((id >= 9882016) AND (id <= 9892015))

table 4 : explain SELECT SUM(k) FROM sbtest4 WHERE id BETWEEN 8529233 AND 8539232
	Aggregate  (cost=33646.59..33646.60 rows=1 width=8)
	  ->  Bitmap Heap Scan on sbtest4  (cost=208.61..33622.16 rows=9773 width=4)
	        Recheck Cond: ((id >= 8529233) AND (id <= 8539232))
	        ->  Bitmap Index Scan on sbtest4_pkey  (cost=0.00..206.17 rows=9773 width=0)
	              Index Cond: ((id >= 8529233) AND (id <= 8539232))

table 5 : explain SELECT SUM(k) FROM sbtest5 WHERE id BETWEEN 4254818 AND 4264817
	Aggregate  (cost=36460.26..36460.27 rows=1 width=8)
	  ->  Bitmap Heap Scan on sbtest5  (cost=229.87..36433.57 rows=10677 width=4)
	        Recheck Cond: ((id >= 4254818) AND (id <= 4264817))
	        ->  Bitmap Index Scan on sbtest5_pkey  (cost=0.00..227.20 rows=10677 width=0)
	              Index Cond: ((id >= 4254818) AND (id <= 4264817))

table 6 : explain SELECT SUM(k) FROM sbtest6 WHERE id BETWEEN 1179924 AND 1189923
	Aggregate  (cost=32588.70..32588.71 rows=1 width=8)
	  ->  Bitmap Heap Scan on sbtest6  (cost=205.01..32565.15 rows=9422 width=4)
	        Recheck Cond: ((id >= 1179924) AND (id <= 1189923))
	        ->  Bitmap Index Scan on sbtest6_pkey  (cost=0.00..202.66 rows=9422 width=0)
	              Index Cond: ((id >= 1179924) AND (id <= 1189923))

table 7 : explain SELECT SUM(k) FROM sbtest7 WHERE id BETWEEN 3823021 AND 3833020
	Aggregate  (cost=33681.53..33681.54 rows=1 width=8)
	  ->  Bitmap Heap Scan on sbtest7  (cost=208.64..33657.09 rows=9776 width=4)
	        Recheck Cond: ((id >= 3823021) AND (id <= 3833020))
	        ->  Bitmap Index Scan on sbtest7_pkey  (cost=0.00..206.19 rows=9776 width=0)
	              Index Cond: ((id >= 3823021) AND (id <= 3833020))

table 8 : explain SELECT SUM(k) FROM sbtest8 WHERE id BETWEEN 3364986 AND 3374985
	Aggregate  (cost=34177.43..34177.44 rows=1 width=8)
	  ->  Bitmap Heap Scan on sbtest8  (cost=214.11..34152.63 rows=9920 width=4)
	        Recheck Cond: ((id >= 3364986) AND (id <= 3374985))
	        ->  Bitmap Index Scan on sbtest8_pkey  (cost=0.00..211.63 rows=9920 width=0)
	              Index Cond: ((id >= 3364986) AND (id <= 3374985))

for: sum_ranges
table 1 : explain SELECT SUM(k) FROM sbtest1 WHERE id BETWEEN 2083199 AND 2093198
	Aggregate  (cost=35330.49..35330.50 rows=1 width=8)
	  ->  Bitmap Heap Scan on sbtest1  (cost=222.25..35304.68 rows=10323 width=4)
	        Recheck Cond: ((id >= 2083199) AND (id <= 2093198))
	        ->  Bitmap Index Scan on sbtest1_pkey  (cost=0.00..219.67 rows=10323 width=0)
	              Index Cond: ((id >= 2083199) AND (id <= 2093198))

table 2 : explain SELECT SUM(k) FROM sbtest2 WHERE id BETWEEN 5232109 AND 5242108
	Aggregate  (cost=33872.82..33872.83 rows=1 width=8)
	  ->  Bitmap Heap Scan on sbtest2  (cost=213.42..33848.19 rows=9852 width=4)
	        Recheck Cond: ((id >= 5232109) AND (id <= 5242108))
	        ->  Bitmap Index Scan on sbtest2_pkey  (cost=0.00..210.95 rows=9852 width=0)
	              Index Cond: ((id >= 5232109) AND (id <= 5242108))

table 3 : explain SELECT SUM(k) FROM sbtest3 WHERE id BETWEEN 5926821 AND 5936820
	Aggregate  (cost=34127.89..34127.90 rows=1 width=8)
	  ->  Bitmap Heap Scan on sbtest3  (cost=214.21..34103.07 rows=9929 width=4)
	        Recheck Cond: ((id >= 5926821) AND (id <= 5936820))
	        ->  Bitmap Index Scan on sbtest3_pkey  (cost=0.00..211.73 rows=9929 width=0)
	              Index Cond: ((id >= 5926821) AND (id <= 5936820))

table 4 : explain SELECT SUM(k) FROM sbtest4 WHERE id BETWEEN 7844341 AND 7854340
	Aggregate  (cost=33811.47..33811.48 rows=1 width=8)
	  ->  Bitmap Heap Scan on sbtest4  (cost=213.14..33786.91 rows=9825 width=4)
	        Recheck Cond: ((id >= 7844341) AND (id <= 7854340))
	        ->  Bitmap Index Scan on sbtest4_pkey  (cost=0.00..210.69 rows=9825 width=0)
	              Index Cond: ((id >= 7844341) AND (id <= 7854340))

table 5 : explain SELECT SUM(k) FROM sbtest5 WHERE id BETWEEN 389622 AND 399621
	Aggregate  (cost=37211.23..37211.24 rows=1 width=8)
	  ->  Bitmap Heap Scan on sbtest5  (cost=236.38..37183.92 rows=10921 width=4)
	        Recheck Cond: ((id >= 389622) AND (id <= 399621))
	        ->  Bitmap Index Scan on sbtest5_pkey  (cost=0.00..233.65 rows=10921 width=0)
	              Index Cond: ((id >= 389622) AND (id <= 399621))

table 6 : explain SELECT SUM(k) FROM sbtest6 WHERE id BETWEEN 1755119 AND 1765118
	Aggregate  (cost=37634.34..37634.35 rows=1 width=8)
	  ->  Bitmap Heap Scan on sbtest6  (cost=237.65..37606.72 rows=11045 width=4)
	        Recheck Cond: ((id >= 1755119) AND (id <= 1765118))
	        ->  Bitmap Index Scan on sbtest6_pkey  (cost=0.00..234.88 rows=11045 width=0)
	              Index Cond: ((id >= 1755119) AND (id <= 1765118))

table 7 : explain SELECT SUM(k) FROM sbtest7 WHERE id BETWEEN 5715946 AND 5725945
	Aggregate  (cost=35272.81..35272.82 rows=1 width=8)
	  ->  Bitmap Heap Scan on sbtest7  (cost=221.86..35247.10 rows=10285 width=4)
	        Recheck Cond: ((id >= 5715946) AND (id <= 5725945))
	        ->  Bitmap Index Scan on sbtest7_pkey  (cost=0.00..219.29 rows=10285 width=0)
	              Index Cond: ((id >= 5715946) AND (id <= 5725945))

table 8 : explain SELECT SUM(k) FROM sbtest8 WHERE id BETWEEN 7610862 AND 7620861
	Aggregate  (cost=32787.69..32787.70 rows=1 width=8)
	  ->  Bitmap Heap Scan on sbtest8  (cost=205.57..32764.00 rows=9477 width=4)
	        Recheck Cond: ((id >= 7610862) AND (id <= 7620861))
	        ->  Bitmap Index Scan on sbtest8_pkey  (cost=0.00..203.20 rows=9477 width=0)
	              Index Cond: ((id >= 7610862) AND (id <= 7620861))

for: order_ranges
table 1 : explain SELECT c FROM sbtest1 WHERE id BETWEEN 4700512 AND 4710511 ORDER BY c
	Sort  (cost=35669.23..35694.78 rows=10220 width=121)
	  Sort Key: c
	  ->  Bitmap Heap Scan on sbtest1  (cost=221.19..34988.62 rows=10220 width=121)
	        Recheck Cond: ((id >= 4700512) AND (id <= 4710511))
	        ->  Bitmap Index Scan on sbtest1_pkey  (cost=0.00..218.63 rows=10220 width=0)
	              Index Cond: ((id >= 4700512) AND (id <= 4710511))

table 2 : explain SELECT c FROM sbtest2 WHERE id BETWEEN 4631485 AND 4641484 ORDER BY c
	Sort  (cost=35344.73..35370.02 rows=10117 width=121)
	  Sort Key: c
	  ->  Bitmap Heap Scan on sbtest2  (cost=216.13..34671.72 rows=10117 width=121)
	        Recheck Cond: ((id >= 4631485) AND (id <= 4641484))
	        ->  Bitmap Index Scan on sbtest2_pkey  (cost=0.00..213.61 rows=10117 width=0)
	              Index Cond: ((id >= 4631485) AND (id <= 4641484))

table 3 : explain SELECT c FROM sbtest3 WHERE id BETWEEN 3434470 AND 3444469 ORDER BY c
	Sort  (cost=36021.28..36047.09 rows=10326 width=121)
	  Sort Key: c
	  ->  Bitmap Heap Scan on sbtest3  (cost=222.28..35332.84 rows=10326 width=121)
	        Recheck Cond: ((id >= 3434470) AND (id <= 3444469))
	        ->  Bitmap Index Scan on sbtest3_pkey  (cost=0.00..219.69 rows=10326 width=0)
	              Index Cond: ((id >= 3434470) AND (id <= 3444469))

table 4 : explain SELECT c FROM sbtest4 WHERE id BETWEEN 3618233 AND 3628232 ORDER BY c
	Sort  (cost=36624.47..36650.75 rows=10514 width=121)
	  Sort Key: c
	  ->  Bitmap Heap Scan on sbtest4  (cost=224.20..35922.13 rows=10514 width=121)
	        Recheck Cond: ((id >= 3618233) AND (id <= 3628232))
	        ->  Bitmap Index Scan on sbtest4_pkey  (cost=0.00..221.57 rows=10514 width=0)
	              Index Cond: ((id >= 3618233) AND (id <= 3628232))

table 5 : explain SELECT c FROM sbtest5 WHERE id BETWEEN 1643803 AND 1653802 ORDER BY c
	Sort  (cost=33141.38..33164.93 rows=9420 width=121)
	  Sort Key: c
	  ->  Bitmap Heap Scan on sbtest5  (cost=200.99..32519.59 rows=9420 width=121)
	        Recheck Cond: ((id >= 1643803) AND (id <= 1653802))
	        ->  Bitmap Index Scan on sbtest5_pkey  (cost=0.00..198.63 rows=9420 width=0)
	              Index Cond: ((id >= 1643803) AND (id <= 1653802))

table 6 : explain SELECT c FROM sbtest6 WHERE id BETWEEN 3284290 AND 3294289 ORDER BY c
	Sort  (cost=33044.70..33068.15 rows=9378 width=121)
	  Sort Key: c
	  ->  Bitmap Heap Scan on sbtest6  (cost=204.56..32425.99 rows=9378 width=121)
	        Recheck Cond: ((id >= 3284290) AND (id <= 3294289))
	        ->  Bitmap Index Scan on sbtest6_pkey  (cost=0.00..202.22 rows=9378 width=0)
	              Index Cond: ((id >= 3284290) AND (id <= 3294289))

table 7 : explain SELECT c FROM sbtest7 WHERE id BETWEEN 3955001 AND 3965000 ORDER BY c
	Sort  (cost=37735.21..37762.35 rows=10856 width=121)
	  Sort Key: c
	  ->  Bitmap Heap Scan on sbtest7  (cost=231.71..37007.52 rows=10856 width=121)
	        Recheck Cond: ((id >= 3955001) AND (id <= 3965000))
	        ->  Bitmap Index Scan on sbtest7_pkey  (cost=0.00..229.00 rows=10856 width=0)
	              Index Cond: ((id >= 3955001) AND (id <= 3965000))

table 8 : explain SELECT c FROM sbtest8 WHERE id BETWEEN 8212833 AND 8222832 ORDER BY c
	Sort  (cost=35676.97..35702.45 rows=10191 width=121)
	  Sort Key: c
	  ->  Bitmap Heap Scan on sbtest8  (cost=220.89..34998.51 rows=10191 width=121)
	        Recheck Cond: ((id >= 8212833) AND (id <= 8222832))
	        ->  Bitmap Index Scan on sbtest8_pkey  (cost=0.00..218.34 rows=10191 width=0)
	              Index Cond: ((id >= 8212833) AND (id <= 8222832))

for point_selects
table 1 : explain SELECT c FROM sbtest1 WHERE id=8053021
	Index Scan using sbtest1_pkey on sbtest1  (cost=0.43..8.45 rows=1 width=121)
	  Index Cond: (id = 8053021)

table 2 : explain SELECT c FROM sbtest2 WHERE id=2019296
	Index Scan using sbtest2_pkey on sbtest2  (cost=0.43..8.45 rows=1 width=121)
	  Index Cond: (id = 2019296)

table 3 : explain SELECT c FROM sbtest3 WHERE id=9753824
	Index Scan using sbtest3_pkey on sbtest3  (cost=0.43..8.45 rows=1 width=121)
	  Index Cond: (id = 9753824)

table 4 : explain SELECT c FROM sbtest4 WHERE id=809880
	Index Scan using sbtest4_pkey on sbtest4  (cost=0.43..8.45 rows=1 width=121)
	  Index Cond: (id = 809880)

table 5 : explain SELECT c FROM sbtest5 WHERE id=7692273
	Index Scan using sbtest5_pkey on sbtest5  (cost=0.43..8.45 rows=1 width=121)
	  Index Cond: (id = 7692273)

table 6 : explain SELECT c FROM sbtest6 WHERE id=8630576
	Index Scan using sbtest6_pkey on sbtest6  (cost=0.43..8.45 rows=1 width=121)
	  Index Cond: (id = 8630576)

table 7 : explain SELECT c FROM sbtest7 WHERE id=4425722
	Index Scan using sbtest7_pkey on sbtest7  (cost=0.43..8.45 rows=1 width=121)
	  Index Cond: (id = 4425722)

table 8 : explain SELECT c FROM sbtest8 WHERE id=578426
	Index Scan using sbtest8_pkey on sbtest8  (cost=0.43..8.45 rows=1 width=121)
	  Index Cond: (id = 578426)

explain: for point_selects :: explain SELECT c FROM sbtest%u WHERE id=%u
for: order_ranges
table 1 : explain SELECT c FROM sbtest1 WHERE id BETWEEN 171796 AND 181795 ORDER BY c
	Sort  (cost=34287.21..34311.67 rows=9787 width=121)
	  Sort Key: c
	  ->  Bitmap Heap Scan on sbtest1  (cost=208.75..33638.49 rows=9787 width=121)
	        Recheck Cond: ((id >= 171796) AND (id <= 181795))
	        ->  Bitmap Index Scan on sbtest1_pkey  (cost=0.00..206.31 rows=9787 width=0)
	              Index Cond: ((id >= 171796) AND (id <= 181795))

table 2 : explain SELECT c FROM sbtest2 WHERE id BETWEEN 9268473 AND 9278472 ORDER BY c
	Sort  (cost=38285.25..38312.87 rows=11049 width=121)
	  Sort Key: c
	  ->  Bitmap Heap Scan on sbtest2  (cost=237.69..37543.22 rows=11049 width=121)
	        Recheck Cond: ((id >= 9268473) AND (id <= 9278472))
	        ->  Bitmap Index Scan on sbtest2_pkey  (cost=0.00..234.93 rows=11049 width=0)
	              Index Cond: ((id >= 9268473) AND (id <= 9278472))

table 3 : explain SELECT c FROM sbtest3 WHERE id BETWEEN 4490683 AND 4500682 ORDER BY c
	Sort  (cost=36834.68..36861.14 rows=10582 width=121)
	  Sort Key: c
	  ->  Bitmap Heap Scan on sbtest3  (cost=228.90..36127.31 rows=10582 width=121)
	        Recheck Cond: ((id >= 4490683) AND (id <= 4500682))
	        ->  Bitmap Index Scan on sbtest3_pkey  (cost=0.00..226.25 rows=10582 width=0)
	              Index Cond: ((id >= 4490683) AND (id <= 4500682))

table 4 : explain SELECT c FROM sbtest4 WHERE id BETWEEN 1158097 AND 1168096 ORDER BY c
	Sort  (cost=35925.23..35950.96 rows=10292 width=121)
	  Sort Key: c
	  ->  Bitmap Heap Scan on sbtest4  (cost=221.93..35239.30 rows=10292 width=121)
	        Recheck Cond: ((id >= 1158097) AND (id <= 1168096))
	        ->  Bitmap Index Scan on sbtest4_pkey  (cost=0.00..219.36 rows=10292 width=0)
	              Index Cond: ((id >= 1158097) AND (id <= 1168096))

table 5 : explain SELECT c FROM sbtest5 WHERE id BETWEEN 5004644 AND 5014643 ORDER BY c
	Sort  (cost=31817.96..31840.48 rows=9009 width=121)
	  Sort Key: c
	  ->  Bitmap Heap Scan on sbtest5  (cost=192.78..31226.20 rows=9009 width=121)
	        Recheck Cond: ((id >= 5004644) AND (id <= 5014643))
	        ->  Bitmap Index Scan on sbtest5_pkey  (cost=0.00..190.53 rows=9009 width=0)
	              Index Cond: ((id >= 5004644) AND (id <= 5014643))

table 6 : explain SELECT c FROM sbtest6 WHERE id BETWEEN 8933010 AND 8943009 ORDER BY c
	Sort  (cost=31827.99..31850.49 rows=9002 width=121)
	  Sort Key: c
	  ->  Bitmap Heap Scan on sbtest6  (cost=192.71..31236.73 rows=9002 width=121)
	        Recheck Cond: ((id >= 8933010) AND (id <= 8943009))
	        ->  Bitmap Index Scan on sbtest6_pkey  (cost=0.00..190.45 rows=9002 width=0)
	              Index Cond: ((id >= 8933010) AND (id <= 8943009))

table 7 : explain SELECT c FROM sbtest7 WHERE id BETWEEN 3846753 AND 3856752 ORDER BY c
	Sort  (cost=34776.42..34801.22 rows=9922 width=121)
	  Sort Key: c
	  ->  Bitmap Heap Scan on sbtest7  (cost=214.14..34117.78 rows=9922 width=121)
	        Recheck Cond: ((id >= 3846753) AND (id <= 3856752))
	        ->  Bitmap Index Scan on sbtest7_pkey  (cost=0.00..211.66 rows=9922 width=0)
	              Index Cond: ((id >= 3846753) AND (id <= 3856752))

table 8 : explain SELECT c FROM sbtest8 WHERE id BETWEEN 150946 AND 160945 ORDER BY c
	Sort  (cost=37700.62..37727.69 rows=10829 width=121)
	  Sort Key: c
	  ->  Bitmap Heap Scan on sbtest8  (cost=235.43..36974.94 rows=10829 width=121)
	        Recheck Cond: ((id >= 150946) AND (id <= 160945))
	        ->  Bitmap Index Scan on sbtest8_pkey  (cost=0.00..232.73 rows=10829 width=0)
	              Index Cond: ((id >= 150946) AND (id <= 160945))

for: order_ranges
table 1 : explain SELECT c FROM sbtest1 WHERE id BETWEEN 9017139 AND 9027138 ORDER BY c
	Sort  (cost=33948.27..33972.47 rows=9680 width=121)
	  Sort Key: c
	  ->  Bitmap Heap Scan on sbtest1  (cost=207.66..33307.42 rows=9680 width=121)
	        Recheck Cond: ((id >= 9017139) AND (id <= 9027138))
	        ->  Bitmap Index Scan on sbtest1_pkey  (cost=0.00..205.24 rows=9680 width=0)
	              Index Cond: ((id >= 9017139) AND (id <= 9027138))

table 2 : explain SELECT c FROM sbtest2 WHERE id BETWEEN 7876696 AND 7886695 ORDER BY c
	Sort  (cost=33430.87..33454.67 rows=9517 width=121)
	  Sort Key: c
	  ->  Bitmap Heap Scan on sbtest2  (cost=205.98..32801.98 rows=9517 width=121)
	        Recheck Cond: ((id >= 7876696) AND (id <= 7886695))
	        ->  Bitmap Index Scan on sbtest2_pkey  (cost=0.00..203.61 rows=9517 width=0)
	              Index Cond: ((id >= 7876696) AND (id <= 7886695))

table 3 : explain SELECT c FROM sbtest3 WHERE id BETWEEN 158725 AND 168724 ORDER BY c
	Sort  (cost=34768.79..34793.61 rows=9931 width=121)
	  Sort Key: c
	  ->  Bitmap Heap Scan on sbtest3  (cost=214.23..34109.48 rows=9931 width=121)
	        Recheck Cond: ((id >= 158725) AND (id <= 168724))
	        ->  Bitmap Index Scan on sbtest3_pkey  (cost=0.00..211.75 rows=9931 width=0)
	              Index Cond: ((id >= 158725) AND (id <= 168724))

table 4 : explain SELECT c FROM sbtest4 WHERE id BETWEEN 9024017 AND 9034016 ORDER BY c
	Sort  (cost=33386.12..33409.86 rows=9496 width=121)
	  Sort Key: c
	  ->  Bitmap Heap Scan on sbtest4  (cost=205.77..32758.76 rows=9496 width=121)
	        Recheck Cond: ((id >= 9024017) AND (id <= 9034016))
	        ->  Bitmap Index Scan on sbtest4_pkey  (cost=0.00..203.40 rows=9496 width=0)
	              Index Cond: ((id >= 9024017) AND (id <= 9034016))

table 5 : explain SELECT c FROM sbtest5 WHERE id BETWEEN 6739545 AND 6749544 ORDER BY c
	Sort  (cost=31671.72..31694.13 rows=8964 width=121)
	  Sort Key: c
	  ->  Bitmap Heap Scan on sbtest5  (cost=192.32..31083.24 rows=8964 width=121)
	        Recheck Cond: ((id >= 6739545) AND (id <= 6749544))
	        ->  Bitmap Index Scan on sbtest5_pkey  (cost=0.00..190.07 rows=8964 width=0)
	              Index Cond: ((id >= 6739545) AND (id <= 6749544))

table 6 : explain SELECT c FROM sbtest6 WHERE id BETWEEN 51094 AND 61093 ORDER BY c
	Sort  (cost=33937.60..33961.74 rows=9656 width=121)
	  Sort Key: c
	  ->  Bitmap Heap Scan on sbtest6  (cost=207.41..33298.51 rows=9656 width=121)
	        Recheck Cond: ((id >= 51094) AND (id <= 61093))
	        ->  Bitmap Index Scan on sbtest6_pkey  (cost=0.00..205.00 rows=9656 width=0)
	              Index Cond: ((id >= 51094) AND (id <= 61093))

table 7 : explain SELECT c FROM sbtest7 WHERE id BETWEEN 2142813 AND 2152812 ORDER BY c
	Sort  (cost=37034.77..37061.35 rows=10633 width=121)
	  Sort Key: c
	  ->  Bitmap Heap Scan on sbtest7  (cost=229.42..36323.62 rows=10633 width=121)
	        Recheck Cond: ((id >= 2142813) AND (id <= 2152812))
	        ->  Bitmap Index Scan on sbtest7_pkey  (cost=0.00..226.76 rows=10633 width=0)
	              Index Cond: ((id >= 2142813) AND (id <= 2152812))

table 8 : explain SELECT c FROM sbtest8 WHERE id BETWEEN 8647183 AND 8657182 ORDER BY c
	Sort  (cost=37465.75..37492.64 rows=10754 width=121)
	  Sort Key: c
	  ->  Bitmap Heap Scan on sbtest8  (cost=234.66..36745.63 rows=10754 width=121)
	        Recheck Cond: ((id >= 8647183) AND (id <= 8657182))
	        ->  Bitmap Index Scan on sbtest8_pkey  (cost=0.00..231.98 rows=10754 width=0)
	              Index Cond: ((id >= 8647183) AND (id <= 8657182))

for: sum_ranges
table 1 : explain SELECT SUM(k) FROM sbtest1 WHERE id BETWEEN 197448 AND 207447
	Aggregate  (cost=33662.96..33662.97 rows=1 width=8)
	  ->  Bitmap Heap Scan on sbtest1  (cost=208.75..33638.49 rows=9787 width=4)
	        Recheck Cond: ((id >= 197448) AND (id <= 207447))
	        ->  Bitmap Index Scan on sbtest1_pkey  (cost=0.00..206.31 rows=9787 width=0)
	              Index Cond: ((id >= 197448) AND (id <= 207447))

table 2 : explain SELECT SUM(k) FROM sbtest2 WHERE id BETWEEN 6882086 AND 6892085
	Aggregate  (cost=36767.92..36767.93 rows=1 width=8)
	  ->  Bitmap Heap Scan on sbtest2  (cost=231.00..36740.95 rows=10787 width=4)
	        Recheck Cond: ((id >= 6882086) AND (id <= 6892085))
	        ->  Bitmap Index Scan on sbtest2_pkey  (cost=0.00..228.31 rows=10787 width=0)
	              Index Cond: ((id >= 6882086) AND (id <= 6892085))

table 3 : explain SELECT SUM(k) FROM sbtest3 WHERE id BETWEEN 1168297 AND 1178296
	Aggregate  (cost=35019.74..35019.75 rows=1 width=8)
	  ->  Bitmap Heap Scan on sbtest3  (cost=221.15..34994.20 rows=10216 width=4)
	        Recheck Cond: ((id >= 1168297) AND (id <= 1178296))
	        ->  Bitmap Index Scan on sbtest3_pkey  (cost=0.00..218.59 rows=10216 width=0)
	              Index Cond: ((id >= 1168297) AND (id <= 1178296))

table 4 : explain SELECT SUM(k) FROM sbtest4 WHERE id BETWEEN 8671932 AND 8681931
	Aggregate  (cost=34617.47..34617.48 rows=1 width=8)
	  ->  Bitmap Heap Scan on sbtest4  (cost=215.80..34592.26 rows=10084 width=4)
	        Recheck Cond: ((id >= 8671932) AND (id <= 8681931))
	        ->  Bitmap Index Scan on sbtest4_pkey  (cost=0.00..213.28 rows=10084 width=0)
	              Index Cond: ((id >= 8671932) AND (id <= 8681931))

table 5 : explain SELECT SUM(k) FROM sbtest5 WHERE id BETWEEN 9263563 AND 9273562
	Aggregate  (cost=35205.32..35205.33 rows=1 width=8)
	  ->  Bitmap Heap Scan on sbtest5  (cost=221.71..35179.65 rows=10271 width=4)
	        Recheck Cond: ((id >= 9263563) AND (id <= 9273562))
	        ->  Bitmap Index Scan on sbtest5_pkey  (cost=0.00..219.15 rows=10271 width=0)
	              Index Cond: ((id >= 9263563) AND (id <= 9273562))

table 6 : explain SELECT SUM(k) FROM sbtest6 WHERE id BETWEEN 7728794 AND 7738793
	Aggregate  (cost=35382.00..35382.01 rows=1 width=8)
	  ->  Bitmap Heap Scan on sbtest6  (cost=222.17..35356.21 rows=10316 width=4)
	        Recheck Cond: ((id >= 7728794) AND (id <= 7738793))
	        ->  Bitmap Index Scan on sbtest6_pkey  (cost=0.00..219.59 rows=10316 width=0)
	              Index Cond: ((id >= 7728794) AND (id <= 7738793))

table 7 : explain SELECT SUM(k) FROM sbtest7 WHERE id BETWEEN 2797874 AND 2807873
	Aggregate  (cost=32742.19..32742.20 rows=1 width=8)
	  ->  Bitmap Heap Scan on sbtest7  (cost=205.55..32718.50 rows=9475 width=4)
	        Recheck Cond: ((id >= 2797874) AND (id <= 2807873))
	        ->  Bitmap Index Scan on sbtest7_pkey  (cost=0.00..203.19 rows=9475 width=0)
	              Index Cond: ((id >= 2797874) AND (id <= 2807873))

table 8 : explain SELECT SUM(k) FROM sbtest8 WHERE id BETWEEN 5523246 AND 5533245
	Aggregate  (cost=34326.35..34326.36 rows=1 width=8)
	  ->  Bitmap Heap Scan on sbtest8  (cost=218.60..34301.44 rows=9967 width=4)
	        Recheck Cond: ((id >= 5523246) AND (id <= 5533245))
	        ->  Bitmap Index Scan on sbtest8_pkey  (cost=0.00..216.11 rows=9967 width=0)
	              Index Cond: ((id >= 5523246) AND (id <= 5533245))

for: simple_ranges
table 1 : explain SELECT c FROM sbtest1 WHERE id BETWEEN 7588694 AND 7598693
	Bitmap Heap Scan on sbtest1  (cost=214.75..34248.79 rows=9982 width=121)
	  Recheck Cond: ((id >= 7588694) AND (id <= 7598693))
	  ->  Bitmap Index Scan on sbtest1_pkey  (cost=0.00..212.25 rows=9982 width=0)
	        Index Cond: ((id >= 7588694) AND (id <= 7598693))

table 2 : explain SELECT c FROM sbtest2 WHERE id BETWEEN 218253 AND 228252
	Bitmap Heap Scan on sbtest2  (cost=238.79..37871.92 rows=11157 width=121)
	  Recheck Cond: ((id >= 218253) AND (id <= 228252))
	  ->  Bitmap Index Scan on sbtest2_pkey  (cost=0.00..236.00 rows=11157 width=0)
	        Index Cond: ((id >= 218253) AND (id <= 228252))

table 3 : explain SELECT c FROM sbtest3 WHERE id BETWEEN 4011324 AND 4021323
	Bitmap Heap Scan on sbtest3  (cost=206.56..32989.69 rows=9573 width=121)
	  Recheck Cond: ((id >= 4011324) AND (id <= 4021323))
	  ->  Bitmap Index Scan on sbtest3_pkey  (cost=0.00..204.17 rows=9573 width=0)
	        Index Cond: ((id >= 4011324) AND (id <= 4021323))

table 4 : explain SELECT c FROM sbtest4 WHERE id BETWEEN 6136504 AND 6146503
	Bitmap Heap Scan on sbtest4  (cost=193.43..31423.96 rows=9073 width=121)
	  Recheck Cond: ((id >= 6136504) AND (id <= 6146503))
	  ->  Bitmap Index Scan on sbtest4_pkey  (cost=0.00..191.17 rows=9073 width=0)
	        Index Cond: ((id >= 6136504) AND (id <= 6146503))

table 5 : explain SELECT c FROM sbtest5 WHERE id BETWEEN 1946024 AND 1956023
	Bitmap Heap Scan on sbtest5  (cost=207.99..33439.48 rows=9713 width=121)
	  Recheck Cond: ((id >= 1946024) AND (id <= 1956023))
	  ->  Bitmap Index Scan on sbtest5_pkey  (cost=0.00..205.56 rows=9713 width=0)
	        Index Cond: ((id >= 1946024) AND (id <= 1956023))

table 6 : explain SELECT c FROM sbtest6 WHERE id BETWEEN 4438528 AND 4448527
	Bitmap Heap Scan on sbtest6  (cost=205.51..32720.39 rows=9471 width=121)
	  Recheck Cond: ((id >= 4438528) AND (id <= 4448527))
	  ->  Bitmap Index Scan on sbtest6_pkey  (cost=0.00..203.15 rows=9471 width=0)
	        Index Cond: ((id >= 4438528) AND (id <= 4448527))

table 7 : explain SELECT c FROM sbtest7 WHERE id BETWEEN 3015127 AND 3025126
	Bitmap Heap Scan on sbtest7  (cost=223.60..35771.17 rows=10455 width=121)
	  Recheck Cond: ((id >= 3015127) AND (id <= 3025126))
	  ->  Bitmap Index Scan on sbtest7_pkey  (cost=0.00..220.99 rows=10455 width=0)
	        Index Cond: ((id >= 3015127) AND (id <= 3025126))

table 8 : explain SELECT c FROM sbtest8 WHERE id BETWEEN 9635171 AND 9645170
	Bitmap Heap Scan on sbtest8  (cost=228.71..36154.72 rows=10563 width=121)
	  Recheck Cond: ((id >= 9635171) AND (id <= 9645170))
	  ->  Bitmap Index Scan on sbtest8_pkey  (cost=0.00..226.06 rows=10563 width=0)
	        Index Cond: ((id >= 9635171) AND (id <= 9645170))

for: order_ranges
table 1 : explain SELECT c FROM sbtest1 WHERE id BETWEEN 1187892 AND 1197891 ORDER BY c
	Sort  (cost=34086.57..34110.88 rows=9724 width=121)
	  Sort Key: c
	  ->  Bitmap Heap Scan on sbtest1  (cost=208.11..33442.48 rows=9724 width=121)
	        Recheck Cond: ((id >= 1187892) AND (id <= 1197891))
	        ->  Bitmap Index Scan on sbtest1_pkey  (cost=0.00..205.68 rows=9724 width=0)
	              Index Cond: ((id >= 1187892) AND (id <= 1197891))

table 2 : explain SELECT c FROM sbtest2 WHERE id BETWEEN 1739575 AND 1749574 ORDER BY c
	Sort  (cost=34672.42..34697.18 rows=9905 width=121)
	  Sort Key: c
	  ->  Bitmap Heap Scan on sbtest2  (cost=213.96..34015.03 rows=9905 width=121)
	        Recheck Cond: ((id >= 1739575) AND (id <= 1749574))
	        ->  Bitmap Index Scan on sbtest2_pkey  (cost=0.00..211.49 rows=9905 width=0)
	              Index Cond: ((id >= 1739575) AND (id <= 1749574))

table 3 : explain SELECT c FROM sbtest3 WHERE id BETWEEN 1779428 AND 1789427 ORDER BY c
	Sort  (cost=32941.56..32964.97 rows=9361 width=121)
	  Sort Key: c
	  ->  Bitmap Heap Scan on sbtest3  (cost=200.39..32324.09 rows=9361 width=121)
	        Recheck Cond: ((id >= 1779428) AND (id <= 1789427))
	        ->  Bitmap Index Scan on sbtest3_pkey  (cost=0.00..198.05 rows=9361 width=0)
	              Index Cond: ((id >= 1779428) AND (id <= 1789427))

table 4 : explain SELECT c FROM sbtest4 WHERE id BETWEEN 638063 AND 648062 ORDER BY c
	Sort  (cost=35341.55..35366.82 rows=10109 width=121)
	  Sort Key: c
	  ->  Bitmap Heap Scan on sbtest4  (cost=216.05..34669.13 rows=10109 width=121)
	        Recheck Cond: ((id >= 638063) AND (id <= 648062))
	        ->  Bitmap Index Scan on sbtest4_pkey  (cost=0.00..213.53 rows=10109 width=0)
	              Index Cond: ((id >= 638063) AND (id <= 648062))

table 5 : explain SELECT c FROM sbtest5 WHERE id BETWEEN 8930198 AND 8940197 ORDER BY c
	Sort  (cost=37558.15..37585.17 rows=10808 width=121)
	  Sort Key: c
	  ->  Bitmap Heap Scan on sbtest5  (cost=231.22..36834.02 rows=10808 width=121)
	        Recheck Cond: ((id >= 8930198) AND (id <= 8940197))
	        ->  Bitmap Index Scan on sbtest5_pkey  (cost=0.00..228.51 rows=10808 width=0)
	              Index Cond: ((id >= 8930198) AND (id <= 8940197))

table 6 : explain SELECT c FROM sbtest6 WHERE id BETWEEN 264007 AND 274006 ORDER BY c
	Sort  (cost=36148.70..36174.57 rows=10349 width=121)
	  Sort Key: c
	  ->  Bitmap Heap Scan on sbtest6  (cost=222.51..35458.57 rows=10349 width=121)
	        Recheck Cond: ((id >= 264007) AND (id <= 274006))
	        ->  Bitmap Index Scan on sbtest6_pkey  (cost=0.00..219.93 rows=10349 width=0)
	              Index Cond: ((id >= 264007) AND (id <= 274006))

table 7 : explain SELECT c FROM sbtest7 WHERE id BETWEEN 3602182 AND 3612181 ORDER BY c
	Sort  (cost=37754.71..37781.87 rows=10862 width=121)
	  Sort Key: c
	  ->  Bitmap Heap Scan on sbtest7  (cost=231.77..37026.58 rows=10862 width=121)
	        Recheck Cond: ((id >= 3602182) AND (id <= 3612181))
	        ->  Bitmap Index Scan on sbtest7_pkey  (cost=0.00..229.06 rows=10862 width=0)
	              Index Cond: ((id >= 3602182) AND (id <= 3612181))

table 8 : explain SELECT c FROM sbtest8 WHERE id BETWEEN 3385784 AND 3395783 ORDER BY c
	Sort  (cost=34811.12..34835.92 rows=9920 width=121)
	  Sort Key: c
	  ->  Bitmap Heap Scan on sbtest8  (cost=214.11..34152.63 rows=9920 width=121)
	        Recheck Cond: ((id >= 3385784) AND (id <= 3395783))
	        ->  Bitmap Index Scan on sbtest8_pkey  (cost=0.00..211.63 rows=9920 width=0)
	              Index Cond: ((id >= 3385784) AND (id <= 3395783))

for: simple_ranges
table 1 : explain SELECT c FROM sbtest1 WHERE id BETWEEN 1713798 AND 1723797
	Bitmap Heap Scan on sbtest1  (cost=237.48..37479.06 rows=11029 width=121)
	  Recheck Cond: ((id >= 1713798) AND (id <= 1723797))
	  ->  Bitmap Index Scan on sbtest1_pkey  (cost=0.00..234.73 rows=11029 width=0)
	        Index Cond: ((id >= 1713798) AND (id <= 1723797))

table 2 : explain SELECT c FROM sbtest2 WHERE id BETWEEN 6553080 AND 6563079
	Bitmap Heap Scan on sbtest2  (cost=207.67..33313.98 rows=9681 width=121)
	  Recheck Cond: ((id >= 6553080) AND (id <= 6563079))
	  ->  Bitmap Index Scan on sbtest2_pkey  (cost=0.00..205.25 rows=9681 width=0)
	        Index Cond: ((id >= 6553080) AND (id <= 6563079))

table 3 : explain SELECT c FROM sbtest3 WHERE id BETWEEN 8976434 AND 8986433
	Bitmap Heap Scan on sbtest3  (cost=224.33..35948.24 rows=10526 width=121)
	  Recheck Cond: ((id >= 8976434) AND (id <= 8986433))
	  ->  Bitmap Index Scan on sbtest3_pkey  (cost=0.00..221.69 rows=10526 width=0)
	        Index Cond: ((id >= 8976434) AND (id <= 8986433))

table 4 : explain SELECT c FROM sbtest4 WHERE id BETWEEN 450748 AND 460747
	Bitmap Heap Scan on sbtest4  (cost=200.74..32441.52 rows=9396 width=121)
	  Recheck Cond: ((id >= 450748) AND (id <= 460747))
	  ->  Bitmap Index Scan on sbtest4_pkey  (cost=0.00..198.40 rows=9396 width=0)
	        Index Cond: ((id >= 450748) AND (id <= 460747))

table 5 : explain SELECT c FROM sbtest5 WHERE id BETWEEN 7391779 AND 7401778
	Bitmap Heap Scan on sbtest5  (cost=223.60..35747.98 rows=10455 width=121)
	  Recheck Cond: ((id >= 7391779) AND (id <= 7401778))
	  ->  Bitmap Index Scan on sbtest5_pkey  (cost=0.00..220.99 rows=10455 width=0)
	        Index Cond: ((id >= 7391779) AND (id <= 7401778))

table 6 : explain SELECT c FROM sbtest6 WHERE id BETWEEN 2341769 AND 2351768
	Bitmap Heap Scan on sbtest6  (cost=205.33..32662.19 rows=9453 width=121)
	  Recheck Cond: ((id >= 2341769) AND (id <= 2351768))
	  ->  Bitmap Index Scan on sbtest6_pkey  (cost=0.00..202.97 rows=9453 width=0)
	        Index Cond: ((id >= 2341769) AND (id <= 2351768))

table 7 : explain SELECT c FROM sbtest7 WHERE id BETWEEN 4902512 AND 4912511
	Bitmap Heap Scan on sbtest7  (cost=236.97..37389.25 rows=10979 width=121)
	  Recheck Cond: ((id >= 4902512) AND (id <= 4912511))
	  ->  Bitmap Index Scan on sbtest7_pkey  (cost=0.00..234.23 rows=10979 width=0)
	        Index Cond: ((id >= 4902512) AND (id <= 4912511))

table 8 : explain SELECT c FROM sbtest8 WHERE id BETWEEN 1865296 AND 1875295
	Bitmap Heap Scan on sbtest8  (cost=220.65..34924.71 rows=10167 width=121)
	  Recheck Cond: ((id >= 1865296) AND (id <= 1875295))
	  ->  Bitmap Index Scan on sbtest8_pkey  (cost=0.00..218.11 rows=10167 width=0)
	        Index Cond: ((id >= 1865296) AND (id <= 1875295))

for point_selects
table 1 : explain SELECT c FROM sbtest1 WHERE id=8601900
	Index Scan using sbtest1_pkey on sbtest1  (cost=0.43..8.45 rows=1 width=121)
	  Index Cond: (id = 8601900)

table 2 : explain SELECT c FROM sbtest2 WHERE id=1418659
	Index Scan using sbtest2_pkey on sbtest2  (cost=0.43..8.45 rows=1 width=121)
	  Index Cond: (id = 1418659)

table 3 : explain SELECT c FROM sbtest3 WHERE id=9109963
	Index Scan using sbtest3_pkey on sbtest3  (cost=0.43..8.45 rows=1 width=121)
	  Index Cond: (id = 9109963)

table 4 : explain SELECT c FROM sbtest4 WHERE id=1223180
	Index Scan using sbtest4_pkey on sbtest4  (cost=0.43..8.45 rows=1 width=121)
	  Index Cond: (id = 1223180)

table 5 : explain SELECT c FROM sbtest5 WHERE id=5364767
	Index Scan using sbtest5_pkey on sbtest5  (cost=0.43..8.45 rows=1 width=121)
	  Index Cond: (id = 5364767)

table 6 : explain SELECT c FROM sbtest6 WHERE id=8573056
	Index Scan using sbtest6_pkey on sbtest6  (cost=0.43..8.45 rows=1 width=121)
	  Index Cond: (id = 8573056)

table 7 : explain SELECT c FROM sbtest7 WHERE id=1303221
	Index Scan using sbtest7_pkey on sbtest7  (cost=0.43..8.45 rows=1 width=121)
	  Index Cond: (id = 1303221)

table 8 : explain SELECT c FROM sbtest8 WHERE id=3381444
	Index Scan using sbtest8_pkey on sbtest8  (cost=0.43..8.45 rows=1 width=121)
	  Index Cond: (id = 3381444)

for: distinct_ranges
table 1 : explain SELECT DISTINCT c FROM sbtest1 WHERE id BETWEEN 8896019 AND 8906018 ORDER BY c
	Unique  (cost=34744.48..34794.13 rows=9929 width=121)
	  ->  Sort  (cost=34744.48..34769.31 rows=9929 width=121)
	        Sort Key: c
	        ->  Bitmap Heap Scan on sbtest1  (cost=214.21..34085.33 rows=9929 width=121)
	              Recheck Cond: ((id >= 8896019) AND (id <= 8906018))
	              ->  Bitmap Index Scan on sbtest1_pkey  (cost=0.00..211.73 rows=9929 width=0)
	                    Index Cond: ((id >= 8896019) AND (id <= 8906018))

table 2 : explain SELECT DISTINCT c FROM sbtest2 WHERE id BETWEEN 5967033 AND 5977032 ORDER BY c
	Unique  (cost=39817.35..39875.05 rows=11540 width=121)
	  ->  Sort  (cost=39817.35..39846.20 rows=11540 width=121)
	        Sort Key: c
	        ->  Bitmap Heap Scan on sbtest2  (cost=246.72..39038.72 rows=11540 width=121)
	              Recheck Cond: ((id >= 5967033) AND (id <= 5977032))
	              ->  Bitmap Index Scan on sbtest2_pkey  (cost=0.00..243.84 rows=11540 width=0)
	                    Index Cond: ((id >= 5967033) AND (id <= 5977032))

table 3 : explain SELECT DISTINCT c FROM sbtest3 WHERE id BETWEEN 2287581 AND 2297580 ORDER BY c
	Unique  (cost=36472.03..36524.37 rows=10469 width=121)
	  ->  Sort  (cost=36472.03..36498.20 rows=10469 width=121)
	        Sort Key: c
	        ->  Bitmap Heap Scan on sbtest3  (cost=223.74..35773.02 rows=10469 width=121)
	              Recheck Cond: ((id >= 2287581) AND (id <= 2297580))
	              ->  Bitmap Index Scan on sbtest3_pkey  (cost=0.00..221.12 rows=10469 width=0)
	                    Index Cond: ((id >= 2287581) AND (id <= 2297580))

table 4 : explain SELECT DISTINCT c FROM sbtest4 WHERE id BETWEEN 1186131 AND 1196130 ORDER BY c
	Unique  (cost=35849.95..35901.29 rows=10268 width=121)
	  ->  Sort  (cost=35849.95..35875.62 rows=10268 width=121)
	        Sort Key: c
	        ->  Bitmap Heap Scan on sbtest4  (cost=221.68..35165.80 rows=10268 width=121)
	              Recheck Cond: ((id >= 1186131) AND (id <= 1196130))
	              ->  Bitmap Index Scan on sbtest4_pkey  (cost=0.00..219.12 rows=10268 width=0)
	                    Index Cond: ((id >= 1186131) AND (id <= 1196130))

table 5 : explain SELECT DISTINCT c FROM sbtest5 WHERE id BETWEEN 4562638 AND 4572637 ORDER BY c
	Unique  (cost=36910.05..36963.05 rows=10601 width=121)
	  ->  Sort  (cost=36910.05..36936.55 rows=10601 width=121)
	        Sort Key: c
	        ->  Bitmap Heap Scan on sbtest5  (cost=229.10..36201.27 rows=10601 width=121)
	              Recheck Cond: ((id >= 4562638) AND (id <= 4572637))
	              ->  Bitmap Index Scan on sbtest5_pkey  (cost=0.00..226.44 rows=10601 width=0)
	                    Index Cond: ((id >= 4562638) AND (id <= 4572637))

table 6 : explain SELECT DISTINCT c FROM sbtest6 WHERE id BETWEEN 9557146 AND 9567145 ORDER BY c
	Unique  (cost=33326.08..33373.40 rows=9465 width=121)
	  ->  Sort  (cost=33326.08..33349.74 rows=9465 width=121)
	        Sort Key: c
	        ->  Bitmap Heap Scan on sbtest6  (cost=205.45..32700.99 rows=9465 width=121)
	              Recheck Cond: ((id >= 9557146) AND (id <= 9567145))
	              ->  Bitmap Index Scan on sbtest6_pkey  (cost=0.00..203.09 rows=9465 width=0)
	                    Index Cond: ((id >= 9557146) AND (id <= 9567145))

table 7 : explain SELECT DISTINCT c FROM sbtest7 WHERE id BETWEEN 4011077 AND 4021076 ORDER BY c
	Unique  (cost=37735.21..37789.49 rows=10856 width=121)
	  ->  Sort  (cost=37735.21..37762.35 rows=10856 width=121)
	        Sort Key: c
	        ->  Bitmap Heap Scan on sbtest7  (cost=231.71..37007.52 rows=10856 width=121)
	              Recheck Cond: ((id >= 4011077) AND (id <= 4021076))
	              ->  Bitmap Index Scan on sbtest7_pkey  (cost=0.00..229.00 rows=10856 width=0)
	                    Index Cond: ((id >= 4011077) AND (id <= 4021076))

table 8 : explain SELECT DISTINCT c FROM sbtest8 WHERE id BETWEEN 6459431 AND 6469430 ORDER BY c
	Unique  (cost=32204.23..32249.78 rows=9110 width=121)
	  ->  Sort  (cost=32204.23..32227.00 rows=9110 width=121)
	        Sort Key: c
	        ->  Bitmap Heap Scan on sbtest8  (cost=197.81..31605.10 rows=9110 width=121)
	              Recheck Cond: ((id >= 6459431) AND (id <= 6469430))
	              ->  Bitmap Index Scan on sbtest8_pkey  (cost=0.00..195.54 rows=9110 width=0)
	                    Index Cond: ((id >= 6459431) AND (id <= 6469430))

for: distinct_ranges
table 1 : explain SELECT DISTINCT c FROM sbtest1 WHERE id BETWEEN 297583 AND 307582 ORDER BY c
	Unique  (cost=35023.34..35073.42 rows=10017 width=121)
	  ->  Sort  (cost=35023.34..35048.38 rows=10017 width=121)
	        Sort Key: c
	        ->  Bitmap Heap Scan on sbtest1  (cost=215.11..34357.70 rows=10017 width=121)
	              Recheck Cond: ((id >= 297583) AND (id <= 307582))
	              ->  Bitmap Index Scan on sbtest1_pkey  (cost=0.00..212.61 rows=10017 width=0)
	                    Index Cond: ((id >= 297583) AND (id <= 307582))

table 2 : explain SELECT DISTINCT c FROM sbtest2 WHERE id BETWEEN 1688059 AND 1698058 ORDER BY c
	Unique  (cost=34672.42..34721.94 rows=9905 width=121)
	  ->  Sort  (cost=34672.42..34697.18 rows=9905 width=121)
	        Sort Key: c
	        ->  Bitmap Heap Scan on sbtest2  (cost=213.96..34015.03 rows=9905 width=121)
	              Recheck Cond: ((id >= 1688059) AND (id <= 1698058))
	              ->  Bitmap Index Scan on sbtest2_pkey  (cost=0.00..211.49 rows=9905 width=0)
	                    Index Cond: ((id >= 1688059) AND (id <= 1698058))

table 3 : explain SELECT DISTINCT c FROM sbtest3 WHERE id BETWEEN 8216691 AND 8226690 ORDER BY c
	Unique  (cost=37326.41..37380.11 rows=10739 width=121)
	  ->  Sort  (cost=37326.41..37353.26 rows=10739 width=121)
	        Sort Key: c
	        ->  Bitmap Heap Scan on sbtest3  (cost=230.51..36607.41 rows=10739 width=121)
	              Recheck Cond: ((id >= 8216691) AND (id <= 8226690))
	              ->  Bitmap Index Scan on sbtest3_pkey  (cost=0.00..227.82 rows=10739 width=0)
	                    Index Cond: ((id >= 8216691) AND (id <= 8226690))

table 4 : explain SELECT DISTINCT c FROM sbtest4 WHERE id BETWEEN 4533470 AND 4543469 ORDER BY c
	Unique  (cost=31934.03..31979.26 rows=9046 width=121)
	  ->  Sort  (cost=31934.03..31956.65 rows=9046 width=121)
	        Sort Key: c
	        ->  Bitmap Heap Scan on sbtest4  (cost=193.16..31339.57 rows=9046 width=121)
	              Recheck Cond: ((id >= 4533470) AND (id <= 4543469))
	              ->  Bitmap Index Scan on sbtest4_pkey  (cost=0.00..190.90 rows=9046 width=0)
	                    Index Cond: ((id >= 4533470) AND (id <= 4543469))

table 5 : explain SELECT DISTINCT c FROM sbtest5 WHERE id BETWEEN 8249365 AND 8259364 ORDER BY c
	Unique  (cost=36122.48..36174.25 rows=10353 width=121)
	  ->  Sort  (cost=36122.48..36148.37 rows=10353 width=121)
	        Sort Key: c
	        ->  Bitmap Heap Scan on sbtest5  (cost=222.55..35432.05 rows=10353 width=121)
	              Recheck Cond: ((id >= 8249365) AND (id <= 8259364))
	              ->  Bitmap Index Scan on sbtest5_pkey  (cost=0.00..219.97 rows=10353 width=0)
	                    Index Cond: ((id >= 8249365) AND (id <= 8259364))

table 6 : explain SELECT DISTINCT c FROM sbtest6 WHERE id BETWEEN 3483589 AND 3493588 ORDER BY c
	Unique  (cost=35952.15..36003.59 rows=10287 width=121)
	  ->  Sort  (cost=35952.15..35977.87 rows=10287 width=121)
	        Sort Key: c
	        ->  Bitmap Heap Scan on sbtest6  (cost=221.88..35266.60 rows=10287 width=121)
	              Recheck Cond: ((id >= 3483589) AND (id <= 3493588))
	              ->  Bitmap Index Scan on sbtest6_pkey  (cost=0.00..219.31 rows=10287 width=0)
	                    Index Cond: ((id >= 3483589) AND (id <= 3493588))

table 7 : explain SELECT DISTINCT c FROM sbtest7 WHERE id BETWEEN 2158700 AND 2168699 ORDER BY c
	Unique  (cost=37328.16..37381.79 rows=10726 width=121)
	  ->  Sort  (cost=37328.16..37354.98 rows=10726 width=121)
	        Sort Key: c
	        ->  Bitmap Heap Scan on sbtest7  (cost=230.38..36610.12 rows=10726 width=121)
	              Recheck Cond: ((id >= 2158700) AND (id <= 2168699))
	              ->  Bitmap Index Scan on sbtest7_pkey  (cost=0.00..227.69 rows=10726 width=0)
	                    Index Cond: ((id >= 2158700) AND (id <= 2168699))

table 8 : explain SELECT DISTINCT c FROM sbtest8 WHERE id BETWEEN 865536 AND 875535 ORDER BY c
	Unique  (cost=36078.06..36129.64 rows=10316 width=121)
	  ->  Sort  (cost=36078.06..36103.85 rows=10316 width=121)
	        Sort Key: c
	        ->  Bitmap Heap Scan on sbtest8  (cost=226.17..35390.36 rows=10316 width=121)
	              Recheck Cond: ((id >= 865536) AND (id <= 875535))
	              ->  Bitmap Index Scan on sbtest8_pkey  (cost=0.00..223.59 rows=10316 width=0)
	                    Index Cond: ((id >= 865536) AND (id <= 875535))

explain: for point_selects :: explain SELECT c FROM sbtest%u WHERE id=%u
for: distinct_ranges
table 1 : explain SELECT DISTINCT c FROM sbtest1 WHERE id BETWEEN 8060091 AND 8070090 ORDER BY c
	Unique  (cost=34573.83..34623.21 rows=9876 width=121)
	  ->  Sort  (cost=34573.83..34598.52 rows=9876 width=121)
	        Sort Key: c
	        ->  Bitmap Heap Scan on sbtest1  (cost=213.66..33918.57 rows=9876 width=121)
	              Recheck Cond: ((id >= 8060091) AND (id <= 8070090))
	              ->  Bitmap Index Scan on sbtest1_pkey  (cost=0.00..211.19 rows=9876 width=0)
	                    Index Cond: ((id >= 8060091) AND (id <= 8070090))

table 2 : explain SELECT DISTINCT c FROM sbtest2 WHERE id BETWEEN 2199392 AND 2209391 ORDER BY c
	Unique  (cost=35066.16..35116.31 rows=10029 width=121)
	  ->  Sort  (cost=35066.16..35091.24 rows=10029 width=121)
	        Sort Key: c
	        ->  Bitmap Heap Scan on sbtest2  (cost=215.23..34399.64 rows=10029 width=121)
	              Recheck Cond: ((id >= 2199392) AND (id <= 2209391))
	              ->  Bitmap Index Scan on sbtest2_pkey  (cost=0.00..212.73 rows=10029 width=0)
	                    Index Cond: ((id >= 2199392) AND (id <= 2209391))

table 3 : explain SELECT DISTINCT c FROM sbtest3 WHERE id BETWEEN 1572139 AND 1582138 ORDER BY c
	Unique  (cost=36276.06..36328.09 rows=10406 width=121)
	  ->  Sort  (cost=36276.06..36302.08 rows=10406 width=121)
	        Sort Key: c
	        ->  Bitmap Heap Scan on sbtest3  (cost=223.10..35581.71 rows=10406 width=121)
	              Recheck Cond: ((id >= 1572139) AND (id <= 1582138))
	              ->  Bitmap Index Scan on sbtest3_pkey  (cost=0.00..220.50 rows=10406 width=0)
	                    Index Cond: ((id >= 1572139) AND (id <= 1582138))

table 4 : explain SELECT DISTINCT c FROM sbtest4 WHERE id BETWEEN 649946 AND 659945 ORDER BY c
	Unique  (cost=35341.55..35392.09 rows=10109 width=121)
	  ->  Sort  (cost=35341.55..35366.82 rows=10109 width=121)
	        Sort Key: c
	        ->  Bitmap Heap Scan on sbtest4  (cost=216.05..34669.13 rows=10109 width=121)
	              Recheck Cond: ((id >= 649946) AND (id <= 659945))
	              ->  Bitmap Index Scan on sbtest4_pkey  (cost=0.00..213.53 rows=10109 width=0)
	                    Index Cond: ((id >= 649946) AND (id <= 659945))

table 5 : explain SELECT DISTINCT c FROM sbtest5 WHERE id BETWEEN 8748620 AND 8758619 ORDER BY c
	Unique  (cost=34062.91..34111.44 rows=9706 width=121)
	  ->  Sort  (cost=34062.91..34087.18 rows=9706 width=121)
	        Sort Key: c
	        ->  Bitmap Heap Scan on sbtest5  (cost=207.92..33420.15 rows=9706 width=121)
	              Recheck Cond: ((id >= 8748620) AND (id <= 8758619))
	              ->  Bitmap Index Scan on sbtest5_pkey  (cost=0.00..205.50 rows=9706 width=0)
	                    Index Cond: ((id >= 8748620) AND (id <= 8758619))

table 6 : explain SELECT DISTINCT c FROM sbtest6 WHERE id BETWEEN 1379327 AND 1389326 ORDER BY c
	Unique  (cost=32679.30..32725.62 rows=9265 width=121)
	  ->  Sort  (cost=32679.30..32702.46 rows=9265 width=121)
	        Sort Key: c
	        ->  Bitmap Heap Scan on sbtest6  (cost=199.40..32068.85 rows=9265 width=121)
	              Recheck Cond: ((id >= 1379327) AND (id <= 1389326))
	              ->  Bitmap Index Scan on sbtest6_pkey  (cost=0.00..197.09 rows=9265 width=0)
	                    Index Cond: ((id >= 1379327) AND (id <= 1389326))

table 7 : explain SELECT DISTINCT c FROM sbtest7 WHERE id BETWEEN 4710723 AND 4720722 ORDER BY c
	Unique  (cost=37702.71..37756.94 rows=10846 width=121)
	  ->  Sort  (cost=37702.71..37729.83 rows=10846 width=121)
	        Sort Key: c
	        ->  Bitmap Heap Scan on sbtest7  (cost=231.61..36975.76 rows=10846 width=121)
	              Recheck Cond: ((id >= 4710723) AND (id <= 4720722))
	              ->  Bitmap Index Scan on sbtest7_pkey  (cost=0.00..228.90 rows=10846 width=0)
	                    Index Cond: ((id >= 4710723) AND (id <= 4720722))

table 8 : explain SELECT DISTINCT c FROM sbtest8 WHERE id BETWEEN 9218811 AND 9228810 ORDER BY c
	Unique  (cost=31484.68..31529.12 rows=8888 width=121)
	  ->  Sort  (cost=31484.68..31506.90 rows=8888 width=121)
	        Sort Key: c
	        ->  Bitmap Heap Scan on sbtest8  (cost=195.54..30901.73 rows=8888 width=121)
	              Recheck Cond: ((id >= 9218811) AND (id <= 9228810))
	              ->  Bitmap Index Scan on sbtest8_pkey  (cost=0.00..193.31 rows=8888 width=0)
	                    Index Cond: ((id >= 9218811) AND (id <= 9228810))

explain: for point_selects :: explain SELECT c FROM sbtest%u WHERE id=%u
for point_selects
table 1 : explain SELECT c FROM sbtest1 WHERE id=6571709
	Index Scan using sbtest1_pkey on sbtest1  (cost=0.43..8.45 rows=1 width=121)
	  Index Cond: (id = 6571709)

table 2 : explain SELECT c FROM sbtest2 WHERE id=4875791
	Index Scan using sbtest2_pkey on sbtest2  (cost=0.43..8.45 rows=1 width=121)
	  Index Cond: (id = 4875791)

table 3 : explain SELECT c FROM sbtest3 WHERE id=462944
	Index Scan using sbtest3_pkey on sbtest3  (cost=0.43..8.45 rows=1 width=121)
	  Index Cond: (id = 462944)

table 4 : explain SELECT c FROM sbtest4 WHERE id=5564035
	Index Scan using sbtest4_pkey on sbtest4  (cost=0.43..8.45 rows=1 width=121)
	  Index Cond: (id = 5564035)

table 5 : explain SELECT c FROM sbtest5 WHERE id=1377450
	Index Scan using sbtest5_pkey on sbtest5  (cost=0.43..8.45 rows=1 width=121)
	  Index Cond: (id = 1377450)

table 6 : explain SELECT c FROM sbtest6 WHERE id=6544528
	Index Scan using sbtest6_pkey on sbtest6  (cost=0.43..8.45 rows=1 width=121)
	  Index Cond: (id = 6544528)

table 7 : explain SELECT c FROM sbtest7 WHERE id=9558818
	Index Scan using sbtest7_pkey on sbtest7  (cost=0.43..8.45 rows=1 width=121)
	  Index Cond: (id = 9558818)

table 8 : explain SELECT c FROM sbtest8 WHERE id=8427453
	Index Scan using sbtest8_pkey on sbtest8  (cost=0.43..8.45 rows=1 width=121)
	  Index Cond: (id = 8427453)

for: order_ranges
table 1 : explain SELECT c FROM sbtest1 WHERE id BETWEEN 776890 AND 786889 ORDER BY c
	Sort  (cost=33711.17..33735.18 rows=9606 width=121)
	  Sort Key: c
	  ->  Bitmap Heap Scan on sbtest1  (cost=206.90..33075.74 rows=9606 width=121)
	        Recheck Cond: ((id >= 776890) AND (id <= 786889))
	        ->  Bitmap Index Scan on sbtest1_pkey  (cost=0.00..204.50 rows=9606 width=0)
	              Index Cond: ((id >= 776890) AND (id <= 786889))

table 2 : explain SELECT c FROM sbtest2 WHERE id BETWEEN 76625 AND 86624 ORDER BY c
	Sort  (cost=33440.76..33464.56 rows=9520 width=121)
	  Sort Key: c
	  ->  Bitmap Heap Scan on sbtest2  (cost=206.01..32811.64 rows=9520 width=121)
	        Recheck Cond: ((id >= 76625) AND (id <= 86624))
	        ->  Bitmap Index Scan on sbtest2_pkey  (cost=0.00..203.63 rows=9520 width=0)
	              Index Cond: ((id >= 76625) AND (id <= 86624))

table 3 : explain SELECT c FROM sbtest3 WHERE id BETWEEN 1550424 AND 1560423 ORDER BY c
	Sort  (cost=36276.06..36302.08 rows=10406 width=121)
	  Sort Key: c
	  ->  Bitmap Heap Scan on sbtest3  (cost=223.10..35581.71 rows=10406 width=121)
	        Recheck Cond: ((id >= 1550424) AND (id <= 1560423))
	        ->  Bitmap Index Scan on sbtest3_pkey  (cost=0.00..220.50 rows=10406 width=0)
	              Index Cond: ((id >= 1550424) AND (id <= 1560423))

table 4 : explain SELECT c FROM sbtest4 WHERE id BETWEEN 499380 AND 509379 ORDER BY c
	Sort  (cost=33114.50..33138.04 rows=9413 width=121)
	  Sort Key: c
	  ->  Bitmap Heap Scan on sbtest4  (cost=200.92..32493.23 rows=9413 width=121)
	        Recheck Cond: ((id >= 499380) AND (id <= 509379))
	        ->  Bitmap Index Scan on sbtest4_pkey  (cost=0.00..198.56 rows=9413 width=0)
	              Index Cond: ((id >= 499380) AND (id <= 509379))

table 5 : explain SELECT c FROM sbtest5 WHERE id BETWEEN 6465907 AND 6475906 ORDER BY c
	Sort  (cost=31774.79..31797.28 rows=8996 width=121)
	  Sort Key: c
	  ->  Bitmap Heap Scan on sbtest5  (cost=192.64..31183.98 rows=8996 width=121)
	        Recheck Cond: ((id >= 6465907) AND (id <= 6475906))
	        ->  Bitmap Index Scan on sbtest5_pkey  (cost=0.00..190.40 rows=8996 width=0)
	              Index Cond: ((id >= 6465907) AND (id <= 6475906))

table 6 : explain SELECT c FROM sbtest6 WHERE id BETWEEN 2442578 AND 2452577 ORDER BY c
	Sort  (cost=37524.63..37551.59 rows=10784 width=121)
	  Sort Key: c
	  ->  Bitmap Heap Scan on sbtest6  (cost=230.97..36802.28 rows=10784 width=121)
	        Recheck Cond: ((id >= 2442578) AND (id <= 2452577))
	        ->  Bitmap Index Scan on sbtest6_pkey  (cost=0.00..228.28 rows=10784 width=0)
	              Index Cond: ((id >= 2442578) AND (id <= 2452577))

table 7 : explain SELECT c FROM sbtest7 WHERE id BETWEEN 5121353 AND 5131352 ORDER BY c
	Sort  (cost=36106.05..36131.90 rows=10340 width=121)
	  Sort Key: c
	  ->  Bitmap Heap Scan on sbtest7  (cost=222.42..35416.58 rows=10340 width=121)
	        Recheck Cond: ((id >= 5121353) AND (id <= 5131352))
	        ->  Bitmap Index Scan on sbtest7_pkey  (cost=0.00..219.84 rows=10340 width=0)
	              Index Cond: ((id >= 5121353) AND (id <= 5131352))

table 8 : explain SELECT c FROM sbtest8 WHERE id BETWEEN 601533 AND 611532 ORDER BY c
	Sort  (cost=35539.04..35564.41 rows=10148 width=121)
	  Sort Key: c
	  ->  Bitmap Heap Scan on sbtest8  (cost=220.45..34863.75 rows=10148 width=121)
	        Recheck Cond: ((id >= 601533) AND (id <= 611532))
	        ->  Bitmap Index Scan on sbtest8_pkey  (cost=0.00..217.92 rows=10148 width=0)
	              Index Cond: ((id >= 601533) AND (id <= 611532))

for: simple_ranges
table 1 : explain SELECT c FROM sbtest1 WHERE id BETWEEN 416661 AND 426660
	Bitmap Heap Scan on sbtest1  (cost=215.57..34495.39 rows=10062 width=121)
	  Recheck Cond: ((id >= 416661) AND (id <= 426660))
	  ->  Bitmap Index Scan on sbtest1_pkey  (cost=0.00..213.06 rows=10062 width=0)
	        Index Cond: ((id >= 416661) AND (id <= 426660))

table 2 : explain SELECT c FROM sbtest2 WHERE id BETWEEN 6760536 AND 6770535
	Bitmap Heap Scan on sbtest2  (cost=207.66..33310.76 rows=9680 width=121)
	  Recheck Cond: ((id >= 6760536) AND (id <= 6770535))
	  ->  Bitmap Index Scan on sbtest2_pkey  (cost=0.00..205.24 rows=9680 width=0)
	        Index Cond: ((id >= 6760536) AND (id <= 6770535))

table 3 : explain SELECT c FROM sbtest3 WHERE id BETWEEN 4536505 AND 4546504
	Bitmap Heap Scan on sbtest3  (cost=214.86..34298.72 rows=9993 width=121)
	  Recheck Cond: ((id >= 4536505) AND (id <= 4546504))
	  ->  Bitmap Index Scan on sbtest3_pkey  (cost=0.00..212.37 rows=9993 width=0)
	        Index Cond: ((id >= 4536505) AND (id <= 4546504))

table 4 : explain SELECT c FROM sbtest4 WHERE id BETWEEN 4301339 AND 4311338
	Bitmap Heap Scan on sbtest4  (cost=215.95..34637.11 rows=10099 width=121)
	  Recheck Cond: ((id >= 4301339) AND (id <= 4311338))
	  ->  Bitmap Index Scan on sbtest4_pkey  (cost=0.00..213.43 rows=10099 width=0)
	        Index Cond: ((id >= 4301339) AND (id <= 4311338))

table 5 : explain SELECT c FROM sbtest5 WHERE id BETWEEN 458159 AND 468158
	Bitmap Heap Scan on sbtest5  (cost=228.88..36134.42 rows=10580 width=121)
	  Recheck Cond: ((id >= 458159) AND (id <= 468158))
	  ->  Bitmap Index Scan on sbtest5_pkey  (cost=0.00..226.24 rows=10580 width=0)
	        Index Cond: ((id >= 458159) AND (id <= 468158))

table 6 : explain SELECT c FROM sbtest6 WHERE id BETWEEN 3018233 AND 3028232
	Bitmap Heap Scan on sbtest6  (cost=222.49..35452.17 rows=10347 width=121)
	  Recheck Cond: ((id >= 3018233) AND (id <= 3028232))
	  ->  Bitmap Index Scan on sbtest6_pkey  (cost=0.00..219.91 rows=10347 width=0)
	        Index Cond: ((id >= 3018233) AND (id <= 3028232))

table 7 : explain SELECT c FROM sbtest7 WHERE id BETWEEN 4392169 AND 4402168
	Bitmap Heap Scan on sbtest7  (cost=192.59..31186.98 rows=8991 width=121)
	  Recheck Cond: ((id >= 4392169) AND (id <= 4402168))
	  ->  Bitmap Index Scan on sbtest7_pkey  (cost=0.00..190.34 rows=8991 width=0)
	        Index Cond: ((id >= 4392169) AND (id <= 4402168))

table 8 : explain SELECT c FROM sbtest8 WHERE id BETWEEN 71239 AND 81238
	Bitmap Heap Scan on sbtest8  (cost=219.52..34581.14 rows=10057 width=121)
	  Recheck Cond: ((id >= 71239) AND (id <= 81238))
	  ->  Bitmap Index Scan on sbtest8_pkey  (cost=0.00..217.00 rows=10057 width=0)
	        Index Cond: ((id >= 71239) AND (id <= 81238))

for: sum_ranges
table 1 : explain SELECT SUM(k) FROM sbtest1 WHERE id BETWEEN 4210008 AND 4220007
	Aggregate  (cost=32479.59..32479.60 rows=1 width=8)
	  ->  Bitmap Heap Scan on sbtest1  (cost=200.88..32456.07 rows=9409 width=4)
	        Recheck Cond: ((id >= 4210008) AND (id <= 4220007))
	        ->  Bitmap Index Scan on sbtest1_pkey  (cost=0.00..198.53 rows=9409 width=0)
	              Index Cond: ((id >= 4210008) AND (id <= 4220007))

table 2 : explain SELECT SUM(k) FROM sbtest2 WHERE id BETWEEN 3732415 AND 3742414
	Aggregate  (cost=36901.26..36901.27 rows=1 width=8)
	  ->  Bitmap Heap Scan on sbtest2  (cost=231.45..36874.18 rows=10831 width=4)
	        Recheck Cond: ((id >= 3732415) AND (id <= 3742414))
	        ->  Bitmap Index Scan on sbtest2_pkey  (cost=0.00..228.75 rows=10831 width=0)
	              Index Cond: ((id >= 3732415) AND (id <= 3742414))

table 3 : explain SELECT SUM(k) FROM sbtest3 WHERE id BETWEEN 9483234 AND 9493233
	Aggregate  (cost=33245.74..33245.75 rows=1 width=8)
	  ->  Bitmap Heap Scan on sbtest3  (cost=207.32..33221.62 rows=9647 width=4)
	        Recheck Cond: ((id >= 9483234) AND (id <= 9493233))
	        ->  Bitmap Index Scan on sbtest3_pkey  (cost=0.00..204.91 rows=9647 width=0)
	              Index Cond: ((id >= 9483234) AND (id <= 9493233))

table 4 : explain SELECT SUM(k) FROM sbtest4 WHERE id BETWEEN 7877377 AND 7887376
	Aggregate  (cost=34389.75..34389.76 rows=1 width=8)
	  ->  Bitmap Heap Scan on sbtest4  (cost=215.05..34364.72 rows=10011 width=4)
	        Recheck Cond: ((id >= 7877377) AND (id <= 7887376))
	        ->  Bitmap Index Scan on sbtest4_pkey  (cost=0.00..212.55 rows=10011 width=0)
	              Index Cond: ((id >= 7877377) AND (id <= 7887376))

table 5 : explain SELECT SUM(k) FROM sbtest5 WHERE id BETWEEN 2124879 AND 2134878
	Aggregate  (cost=32238.98..32238.99 rows=1 width=8)
	  ->  Bitmap Heap Scan on sbtest5  (cost=200.00..32215.68 rows=9323 width=4)
	        Recheck Cond: ((id >= 2124879) AND (id <= 2134878))
	        ->  Bitmap Index Scan on sbtest5_pkey  (cost=0.00..197.67 rows=9323 width=0)
	              Index Cond: ((id >= 2124879) AND (id <= 2134878))

table 6 : explain SELECT SUM(k) FROM sbtest6 WHERE id BETWEEN 2618943 AND 2628942
	Aggregate  (cost=32439.69..32439.70 rows=1 width=8)
	  ->  Bitmap Heap Scan on sbtest6  (cost=204.52..32416.25 rows=9374 width=4)
	        Recheck Cond: ((id >= 2618943) AND (id <= 2628942))
	        ->  Bitmap Index Scan on sbtest6_pkey  (cost=0.00..202.18 rows=9374 width=0)
	              Index Cond: ((id >= 2618943) AND (id <= 2628942))

table 7 : explain SELECT SUM(k) FROM sbtest7 WHERE id BETWEEN 6791025 AND 6801024
	Aggregate  (cost=36049.57..36049.58 rows=1 width=8)
	  ->  Bitmap Heap Scan on sbtest7  (cost=224.44..36023.23 rows=10537 width=4)
	        Recheck Cond: ((id >= 6791025) AND (id <= 6801024))
	        ->  Bitmap Index Scan on sbtest7_pkey  (cost=0.00..221.81 rows=10537 width=0)
	              Index Cond: ((id >= 6791025) AND (id <= 6801024))

table 8 : explain SELECT SUM(k) FROM sbtest8 WHERE id BETWEEN 2498044 AND 2508043
	Aggregate  (cost=38115.43..38115.44 rows=1 width=8)
	  ->  Bitmap Heap Scan on sbtest8  (cost=243.13..38087.45 rows=11190 width=4)
	        Recheck Cond: ((id >= 2498044) AND (id <= 2508043))
	        ->  Bitmap Index Scan on sbtest8_pkey  (cost=0.00..240.34 rows=11190 width=0)
	              Index Cond: ((id >= 2498044) AND (id <= 2508043))

for: order_ranges
table 1 : explain SELECT c FROM sbtest1 WHERE id BETWEEN 4602411 AND 4612410 ORDER BY c
	Sort  (cost=36893.70..36920.22 rows=10607 width=121)
	  Sort Key: c
	  ->  Bitmap Heap Scan on sbtest1  (cost=229.16..36184.48 rows=10607 width=121)
	        Recheck Cond: ((id >= 4602411) AND (id <= 4612410))
	        ->  Bitmap Index Scan on sbtest1_pkey  (cost=0.00..226.50 rows=10607 width=0)
	              Index Cond: ((id >= 4602411) AND (id <= 4612410))

table 2 : explain SELECT c FROM sbtest2 WHERE id BETWEEN 963563 AND 973562 ORDER BY c
	Sort  (cost=38609.06..38636.94 rows=11153 width=121)
	  Sort Key: c
	  ->  Bitmap Heap Scan on sbtest2  (cost=238.75..37859.29 rows=11153 width=121)
	        Recheck Cond: ((id >= 963563) AND (id <= 973562))
	        ->  Bitmap Index Scan on sbtest2_pkey  (cost=0.00..235.97 rows=11153 width=0)
	              Index Cond: ((id >= 963563) AND (id <= 973562))

table 3 : explain SELECT c FROM sbtest3 WHERE id BETWEEN 5806519 AND 5816518 ORDER BY c
	Sort  (cost=34883.79..34908.71 rows=9968 width=121)
	  Sort Key: c
	  ->  Bitmap Heap Scan on sbtest3  (cost=214.61..34221.77 rows=9968 width=121)
	        Recheck Cond: ((id >= 5806519) AND (id <= 5816518))
	        ->  Bitmap Index Scan on sbtest3_pkey  (cost=0.00..212.12 rows=9968 width=0)
	              Index Cond: ((id >= 5806519) AND (id <= 5816518))

table 4 : explain SELECT c FROM sbtest4 WHERE id BETWEEN 8546349 AND 8556348 ORDER BY c
	Sort  (cost=34269.84..34294.27 rows=9773 width=121)
	  Sort Key: c
	  ->  Bitmap Heap Scan on sbtest4  (cost=208.61..33622.16 rows=9773 width=121)
	        Recheck Cond: ((id >= 8546349) AND (id <= 8556348))
	        ->  Bitmap Index Scan on sbtest4_pkey  (cost=0.00..206.17 rows=9773 width=0)
	              Index Cond: ((id >= 8546349) AND (id <= 8556348))

table 5 : explain SELECT c FROM sbtest5 WHERE id BETWEEN 3767784 AND 3777783 ORDER BY c
	Sort  (cost=35165.28..35190.41 rows=10052 width=121)
	  Sort Key: c
	  ->  Bitmap Heap Scan on sbtest5  (cost=215.47..34497.06 rows=10052 width=121)
	        Recheck Cond: ((id >= 3767784) AND (id <= 3777783))
	        ->  Bitmap Index Scan on sbtest5_pkey  (cost=0.00..212.95 rows=10052 width=0)
	              Index Cond: ((id >= 3767784) AND (id <= 3777783))

table 6 : explain SELECT c FROM sbtest6 WHERE id BETWEEN 8895061 AND 8905060 ORDER BY c
	Sort  (cost=31827.99..31850.49 rows=9002 width=121)
	  Sort Key: c
	  ->  Bitmap Heap Scan on sbtest6  (cost=192.71..31236.73 rows=9002 width=121)
	        Recheck Cond: ((id >= 8895061) AND (id <= 8905060))
	        ->  Bitmap Index Scan on sbtest6_pkey  (cost=0.00..190.45 rows=9002 width=0)
	              Index Cond: ((id >= 8895061) AND (id <= 8905060))

table 7 : explain SELECT c FROM sbtest7 WHERE id BETWEEN 9966834 AND 9976833 ORDER BY c
	Sort  (cost=34390.57..34415.07 rows=9802 width=121)
	  Sort Key: c
	  ->  Bitmap Heap Scan on sbtest7  (cost=208.91..33740.75 rows=9802 width=121)
	        Recheck Cond: ((id >= 9966834) AND (id <= 9976833))
	        ->  Bitmap Index Scan on sbtest7_pkey  (cost=0.00..206.45 rows=9802 width=0)
	              Index Cond: ((id >= 9966834) AND (id <= 9976833))

table 8 : explain SELECT c FROM sbtest8 WHERE id BETWEEN 4558000 AND 4567999 ORDER BY c
	Sort  (cost=36880.38..36906.80 rows=10570 width=121)
	  Sort Key: c
	  ->  Bitmap Heap Scan on sbtest8  (cost=228.78..36173.90 rows=10570 width=121)
	        Recheck Cond: ((id >= 4558000) AND (id <= 4567999))
	        ->  Bitmap Index Scan on sbtest8_pkey  (cost=0.00..226.13 rows=10570 width=0)
	              Index Cond: ((id >= 4558000) AND (id <= 4567999))

for: distinct_ranges
table 1 : explain SELECT DISTINCT c FROM sbtest1 WHERE id BETWEEN 9825977 AND 9835976 ORDER BY c
	Unique  (cost=37384.94..37438.76 rows=10764 width=121)
	  ->  Sort  (cost=37384.94..37411.85 rows=10764 width=121)
	        Sort Key: c
	        ->  Bitmap Heap Scan on sbtest1  (cost=230.77..36664.08 rows=10764 width=121)
	              Recheck Cond: ((id >= 9825977) AND (id <= 9835976))
	              ->  Bitmap Index Scan on sbtest1_pkey  (cost=0.00..228.07 rows=10764 width=0)
	                    Index Cond: ((id >= 9825977) AND (id <= 9835976))

table 2 : explain SELECT DISTINCT c FROM sbtest2 WHERE id BETWEEN 7695306 AND 7705305 ORDER BY c
	Unique  (cost=35393.90..35444.57 rows=10133 width=121)
	  ->  Sort  (cost=35393.90..35419.23 rows=10133 width=121)
	        Sort Key: c
	        ->  Bitmap Heap Scan on sbtest2  (cost=216.30..34719.71 rows=10133 width=121)
	              Recheck Cond: ((id >= 7695306) AND (id <= 7705305))
	              ->  Bitmap Index Scan on sbtest2_pkey  (cost=0.00..213.76 rows=10133 width=0)
	                    Index Cond: ((id >= 7695306) AND (id <= 7705305))

table 3 : explain SELECT DISTINCT c FROM sbtest3 WHERE id BETWEEN 3889737 AND 3899736 ORDER BY c
	Unique  (cost=38187.92..38242.98 rows=11013 width=121)
	  ->  Sort  (cost=38187.92..38215.45 rows=11013 width=121)
	        Sort Key: c
	        ->  Bitmap Heap Scan on sbtest3  (cost=237.32..37448.56 rows=11013 width=121)
	              Recheck Cond: ((id >= 3889737) AND (id <= 3899736))
	              ->  Bitmap Index Scan on sbtest3_pkey  (cost=0.00..234.56 rows=11013 width=0)
	                    Index Cond: ((id >= 3889737) AND (id <= 3899736))

table 4 : explain SELECT DISTINCT c FROM sbtest4 WHERE id BETWEEN 1121989 AND 1131988 ORDER BY c
	Unique  (cost=35925.23..35976.69 rows=10292 width=121)
	  ->  Sort  (cost=35925.23..35950.96 rows=10292 width=121)
	        Sort Key: c
	        ->  Bitmap Heap Scan on sbtest4  (cost=221.93..35239.30 rows=10292 width=121)
	              Recheck Cond: ((id >= 1121989) AND (id <= 1131988))
	              ->  Bitmap Index Scan on sbtest4_pkey  (cost=0.00..219.36 rows=10292 width=0)
	                    Index Cond: ((id >= 1121989) AND (id <= 1131988))

table 5 : explain SELECT DISTINCT c FROM sbtest5 WHERE id BETWEEN 3131036 AND 3141035 ORDER BY c
	Unique  (cost=35661.03..35712.07 rows=10207 width=121)
	  ->  Sort  (cost=35661.03..35686.55 rows=10207 width=121)
	        Sort Key: c
	        ->  Bitmap Heap Scan on sbtest5  (cost=221.06..34981.39 rows=10207 width=121)
	              Recheck Cond: ((id >= 3131036) AND (id <= 3141035))
	              ->  Bitmap Index Scan on sbtest5_pkey  (cost=0.00..218.50 rows=10207 width=0)
	                    Index Cond: ((id >= 3131036) AND (id <= 3141035))

table 6 : explain SELECT DISTINCT c FROM sbtest6 WHERE id BETWEEN 7703296 AND 7713295 ORDER BY c
	Unique  (cost=36043.90..36095.48 rows=10316 width=121)
	  ->  Sort  (cost=36043.90..36069.69 rows=10316 width=121)
	        Sort Key: c
	        ->  Bitmap Heap Scan on sbtest6  (cost=222.17..35356.21 rows=10316 width=121)
	              Recheck Cond: ((id >= 7703296) AND (id <= 7713295))
	              ->  Bitmap Index Scan on sbtest6_pkey  (cost=0.00..219.59 rows=10316 width=0)
	                    Index Cond: ((id >= 7703296) AND (id <= 7713295))

table 7 : explain SELECT DISTINCT c FROM sbtest7 WHERE id BETWEEN 9635106 AND 9645105 ORDER BY c
	Unique  (cost=37429.24..37483.04 rows=10759 width=121)
	  ->  Sort  (cost=37429.24..37456.14 rows=10759 width=121)
	        Sort Key: c
	        ->  Bitmap Heap Scan on sbtest7  (cost=230.71..36708.75 rows=10759 width=121)
	              Recheck Cond: ((id >= 9635106) AND (id <= 9645105))
	              ->  Bitmap Index Scan on sbtest7_pkey  (cost=0.00..228.03 rows=10759 width=0)
	                    Index Cond: ((id >= 9635106) AND (id <= 9645105))

table 8 : explain SELECT DISTINCT c FROM sbtest8 WHERE id BETWEEN 1451408 AND 1461407 ORDER BY c
	Unique  (cost=35962.55..36013.96 rows=10281 width=121)
	  ->  Sort  (cost=35962.55..35988.25 rows=10281 width=121)
	        Sort Key: c
	        ->  Bitmap Heap Scan on sbtest8  (cost=221.82..35277.44 rows=10281 width=121)
	              Recheck Cond: ((id >= 1451408) AND (id <= 1461407))
	              ->  Bitmap Index Scan on sbtest8_pkey  (cost=0.00..219.25 rows=10281 width=0)
	                    Index Cond: ((id >= 1451408) AND (id <= 1461407))

for: simple_ranges
table 1 : explain SELECT c FROM sbtest1 WHERE id BETWEEN 5272184 AND 5282183
	Bitmap Heap Scan on sbtest1  (cost=208.34..33516.39 rows=9747 width=121)
	  Recheck Cond: ((id >= 5272184) AND (id <= 5282183))
	  ->  Bitmap Index Scan on sbtest1_pkey  (cost=0.00..205.91 rows=9747 width=0)
	        Index Cond: ((id >= 5272184) AND (id <= 5282183))

table 2 : explain SELECT c FROM sbtest2 WHERE id BETWEEN 9143812 AND 9153811
	Bitmap Heap Scan on sbtest2  (cost=222.79..35474.21 rows=10376 width=121)
	  Recheck Cond: ((id >= 9143812) AND (id <= 9153811))
	  ->  Bitmap Index Scan on sbtest2_pkey  (cost=0.00..220.19 rows=10376 width=0)
	        Index Cond: ((id >= 9143812) AND (id <= 9153811))

table 3 : explain SELECT c FROM sbtest3 WHERE id BETWEEN 6294568 AND 6304567
	Bitmap Heap Scan on sbtest3  (cost=208.91..33704.13 rows=9802 width=121)
	  Recheck Cond: ((id >= 6294568) AND (id <= 6304567))
	  ->  Bitmap Index Scan on sbtest3_pkey  (cost=0.00..206.45 rows=9802 width=0)
	        Index Cond: ((id >= 6294568) AND (id <= 6304567))

table 4 : explain SELECT c FROM sbtest4 WHERE id BETWEEN 1734032 AND 1744031
	Bitmap Heap Scan on sbtest4  (cost=222.88..35526.69 rows=10385 width=121)
	  Recheck Cond: ((id >= 1734032) AND (id <= 1744031))
	  ->  Bitmap Index Scan on sbtest4_pkey  (cost=0.00..220.29 rows=10385 width=0)
	        Index Cond: ((id >= 1734032) AND (id <= 1744031))

table 5 : explain SELECT c FROM sbtest5 WHERE id BETWEEN 8052469 AND 8062468
	Bitmap Heap Scan on sbtest5  (cost=207.77..33371.87 rows=9691 width=121)
	  Recheck Cond: ((id >= 8052469) AND (id <= 8062468))
	  ->  Bitmap Index Scan on sbtest5_pkey  (cost=0.00..205.34 rows=9691 width=0)
	        Index Cond: ((id >= 8052469) AND (id <= 8062468))

table 6 : explain SELECT c FROM sbtest6 WHERE id BETWEEN 6017600 AND 6027599
	Bitmap Heap Scan on sbtest6  (cost=207.02..33179.13 rows=9618 width=121)
	  Recheck Cond: ((id >= 6017600) AND (id <= 6027599))
	  ->  Bitmap Index Scan on sbtest6_pkey  (cost=0.00..204.62 rows=9618 width=0)
	        Index Cond: ((id >= 6017600) AND (id <= 6027599))

table 7 : explain SELECT c FROM sbtest7 WHERE id BETWEEN 5817986 AND 5827985
	Bitmap Heap Scan on sbtest7  (cost=205.44..32682.96 rows=9464 width=121)
	  Recheck Cond: ((id >= 5817986) AND (id <= 5827985))
	  ->  Bitmap Index Scan on sbtest7_pkey  (cost=0.00..203.07 rows=9464 width=0)
	        Index Cond: ((id >= 5817986) AND (id <= 5827985))

table 8 : explain SELECT c FROM sbtest8 WHERE id BETWEEN 4136981 AND 4146980
	Bitmap Heap Scan on sbtest8  (cost=206.39..33013.10 rows=9557 width=121)
	  Recheck Cond: ((id >= 4136981) AND (id <= 4146980))
	  ->  Bitmap Index Scan on sbtest8_pkey  (cost=0.00..204.00 rows=9557 width=0)
	        Index Cond: ((id >= 4136981) AND (id <= 4146980))

for: distinct_ranges
table 1 : explain SELECT DISTINCT c FROM sbtest1 WHERE id BETWEEN 2347615 AND 2357614 ORDER BY c
	Unique  (cost=37738.95..37793.34 rows=10877 width=121)
	  ->  Sort  (cost=37738.95..37766.15 rows=10877 width=121)
	        Sort Key: c
	        ->  Bitmap Heap Scan on sbtest1  (cost=231.92..37009.71 rows=10877 width=121)
	              Recheck Cond: ((id >= 2347615) AND (id <= 2357614))
	              ->  Bitmap Index Scan on sbtest1_pkey  (cost=0.00..229.20 rows=10877 width=0)
	                    Index Cond: ((id >= 2347615) AND (id <= 2357614))

table 2 : explain SELECT DISTINCT c FROM sbtest2 WHERE id BETWEEN 5980386 AND 5990385 ORDER BY c
	Unique  (cost=39817.35..39875.05 rows=11540 width=121)
	  ->  Sort  (cost=39817.35..39846.20 rows=11540 width=121)
	        Sort Key: c
	        ->  Bitmap Heap Scan on sbtest2  (cost=246.72..39038.72 rows=11540 width=121)
	              Recheck Cond: ((id >= 5980386) AND (id <= 5990385))
	              ->  Bitmap Index Scan on sbtest2_pkey  (cost=0.00..243.84 rows=11540 width=0)
	                    Index Cond: ((id >= 5980386) AND (id <= 5990385))

table 3 : explain SELECT DISTINCT c FROM sbtest3 WHERE id BETWEEN 3148370 AND 3158369 ORDER BY c
	Unique  (cost=34360.51..34409.53 rows=9804 width=121)
	  ->  Sort  (cost=34360.51..34385.02 rows=9804 width=121)
	        Sort Key: c
	        ->  Bitmap Heap Scan on sbtest3  (cost=208.93..33710.55 rows=9804 width=121)
	              Recheck Cond: ((id >= 3148370) AND (id <= 3158369))
	              ->  Bitmap Index Scan on sbtest3_pkey  (cost=0.00..206.48 rows=9804 width=0)
	                    Index Cond: ((id >= 3148370) AND (id <= 3158369))

table 4 : explain SELECT DISTINCT c FROM sbtest4 WHERE id BETWEEN 9115124 AND 9125123 ORDER BY c
	Unique  (cost=32528.59..32574.74 rows=9230 width=121)
	  ->  Sort  (cost=32528.59..32551.67 rows=9230 width=121)
	        Sort Key: c
	        ->  Bitmap Heap Scan on sbtest4  (cost=199.04..31920.70 rows=9230 width=121)
	              Recheck Cond: ((id >= 9115124) AND (id <= 9125123))
	              ->  Bitmap Index Scan on sbtest4_pkey  (cost=0.00..196.74 rows=9230 width=0)
	                    Index Cond: ((id >= 9115124) AND (id <= 9125123))

table 5 : explain SELECT DISTINCT c FROM sbtest5 WHERE id BETWEEN 824971 AND 834970 ORDER BY c
	Unique  (cost=35877.10..35928.47 rows=10275 width=121)
	  ->  Sort  (cost=35877.10..35902.78 rows=10275 width=121)
	        Sort Key: c
	        ->  Bitmap Heap Scan on sbtest5  (cost=221.75..35192.43 rows=10275 width=121)
	              Recheck Cond: ((id >= 824971) AND (id <= 834970))
	              ->  Bitmap Index Scan on sbtest5_pkey  (cost=0.00..219.19 rows=10275 width=0)
	                    Index Cond: ((id >= 824971) AND (id <= 834970))

table 6 : explain SELECT DISTINCT c FROM sbtest6 WHERE id BETWEEN 9077409 AND 9087408 ORDER BY c
	Unique  (cost=35318.17..35368.61 rows=10088 width=121)
	  ->  Sort  (cost=35318.17..35343.39 rows=10088 width=121)
	        Sort Key: c
	        ->  Bitmap Heap Scan on sbtest6  (cost=215.84..34647.30 rows=10088 width=121)
	              Recheck Cond: ((id >= 9077409) AND (id <= 9087408))
	              ->  Bitmap Index Scan on sbtest6_pkey  (cost=0.00..213.31 rows=10088 width=0)
	                    Index Cond: ((id >= 9077409) AND (id <= 9087408))

table 7 : explain SELECT DISTINCT c FROM sbtest7 WHERE id BETWEEN 2253314 AND 2263313 ORDER BY c
	Unique  (cost=36050.46..36102.08 rows=10323 width=121)
	  ->  Sort  (cost=36050.46..36076.27 rows=10323 width=121)
	        Sort Key: c
	        ->  Bitmap Heap Scan on sbtest7  (cost=222.25..35362.25 rows=10323 width=121)
	              Recheck Cond: ((id >= 2253314) AND (id <= 2263313))
	              ->  Bitmap Index Scan on sbtest7_pkey  (cost=0.00..219.67 rows=10323 width=0)
	                    Index Cond: ((id >= 2253314) AND (id <= 2263313))

table 8 : explain SELECT DISTINCT c FROM sbtest8 WHERE id BETWEEN 5424072 AND 5434071 ORDER BY c
	Unique  (cost=34266.99..34315.74 rows=9750 width=121)
	  ->  Sort  (cost=34266.99..34291.37 rows=9750 width=121)
	        Sort Key: c
	        ->  Bitmap Heap Scan on sbtest8  (cost=212.37..33621.00 rows=9750 width=121)
	              Recheck Cond: ((id >= 5424072) AND (id <= 5434071))
	              ->  Bitmap Index Scan on sbtest8_pkey  (cost=0.00..209.94 rows=9750 width=0)
	                    Index Cond: ((id >= 5424072) AND (id <= 5434071))

explain: for point_selects :: explain SELECT c FROM sbtest%u WHERE id=%u
explain: for point_selects :: explain SELECT c FROM sbtest%u WHERE id=%u
for: sum_ranges
table 1 : explain SELECT SUM(k) FROM sbtest1 WHERE id BETWEEN 3117371 AND 3127370
	Aggregate  (cost=33875.81..33875.82 rows=1 width=8)
	  ->  Bitmap Heap Scan on sbtest1  (cost=213.44..33851.18 rows=9854 width=4)
	        Recheck Cond: ((id >= 3117371) AND (id <= 3127370))
	        ->  Bitmap Index Scan on sbtest1_pkey  (cost=0.00..210.98 rows=9854 width=0)
	              Index Cond: ((id >= 3117371) AND (id <= 3127370))

table 2 : explain SELECT SUM(k) FROM sbtest2 WHERE id BETWEEN 6146708 AND 6156707
	Aggregate  (cost=35353.30..35353.31 rows=1 width=8)
	  ->  Bitmap Heap Scan on sbtest2  (cost=222.30..35327.48 rows=10328 width=4)
	        Recheck Cond: ((id >= 6146708) AND (id <= 6156707))
	        ->  Bitmap Index Scan on sbtest2_pkey  (cost=0.00..219.72 rows=10328 width=0)
	              Index Cond: ((id >= 6146708) AND (id <= 6156707))

table 3 : explain SELECT SUM(k) FROM sbtest3 WHERE id BETWEEN 5296145 AND 5306144
	Aggregate  (cost=34375.02..34375.03 rows=1 width=8)
	  ->  Bitmap Heap Scan on sbtest3  (cost=215.03..34350.00 rows=10009 width=4)
	        Recheck Cond: ((id >= 5296145) AND (id <= 5306144))
	        ->  Bitmap Index Scan on sbtest3_pkey  (cost=0.00..212.53 rows=10009 width=0)
	              Index Cond: ((id >= 5296145) AND (id <= 5306144))

table 4 : explain SELECT SUM(k) FROM sbtest4 WHERE id BETWEEN 2149463 AND 2159462
	Aggregate  (cost=34761.70..34761.71 rows=1 width=8)
	  ->  Bitmap Heap Scan on sbtest4  (cost=216.28..34736.38 rows=10131 width=4)
	        Recheck Cond: ((id >= 2149463) AND (id <= 2159462))
	        ->  Bitmap Index Scan on sbtest4_pkey  (cost=0.00..213.75 rows=10131 width=0)
	              Index Cond: ((id >= 2149463) AND (id <= 2159462))

table 5 : explain SELECT SUM(k) FROM sbtest5 WHERE id BETWEEN 7304273 AND 7314272
	Aggregate  (cost=35262.91..35262.92 rows=1 width=8)
	  ->  Bitmap Heap Scan on sbtest5  (cost=221.91..35237.19 rows=10290 width=4)
	        Recheck Cond: ((id >= 7304273) AND (id <= 7314272))
	        ->  Bitmap Index Scan on sbtest5_pkey  (cost=0.00..219.34 rows=10290 width=0)
	              Index Cond: ((id >= 7304273) AND (id <= 7314272))

table 6 : explain SELECT SUM(k) FROM sbtest6 WHERE id BETWEEN 8877192 AND 8887191
	Aggregate  (cost=31259.24..31259.25 rows=1 width=8)
	  ->  Bitmap Heap Scan on sbtest6  (cost=192.71..31236.73 rows=9002 width=4)
	        Recheck Cond: ((id >= 8877192) AND (id <= 8887191))
	        ->  Bitmap Index Scan on sbtest6_pkey  (cost=0.00..190.45 rows=9002 width=0)
	              Index Cond: ((id >= 8877192) AND (id <= 8887191))

table 7 : explain SELECT SUM(k) FROM sbtest7 WHERE id BETWEEN 3101274 AND 3111273
	Aggregate  (cost=33168.71..33168.72 rows=1 width=8)
	  ->  Bitmap Heap Scan on sbtest7  (cost=206.95..33144.68 rows=9611 width=4)
	        Recheck Cond: ((id >= 3101274) AND (id <= 3111273))
	        ->  Bitmap Index Scan on sbtest7_pkey  (cost=0.00..204.55 rows=9611 width=0)
	              Index Cond: ((id >= 3101274) AND (id <= 3111273))

table 8 : explain SELECT SUM(k) FROM sbtest8 WHERE id BETWEEN 1146655 AND 1156654
	Aggregate  (cost=33951.85..33951.86 rows=1 width=8)
	  ->  Bitmap Heap Scan on sbtest8  (cost=213.38..33927.23 rows=9848 width=4)
	        Recheck Cond: ((id >= 1146655) AND (id <= 1156654))
	        ->  Bitmap Index Scan on sbtest8_pkey  (cost=0.00..210.92 rows=9848 width=0)
	              Index Cond: ((id >= 1146655) AND (id <= 1156654))

for: sum_ranges
table 1 : explain SELECT SUM(k) FROM sbtest1 WHERE id BETWEEN 2570186 AND 2580185
	Aggregate  (cost=32689.46..32689.47 rows=1 width=8)
	  ->  Bitmap Heap Scan on sbtest1  (cost=201.56..32665.77 rows=9476 width=4)
	        Recheck Cond: ((id >= 2570186) AND (id <= 2580185))
	        ->  Bitmap Index Scan on sbtest1_pkey  (cost=0.00..199.19 rows=9476 width=0)
	              Index Cond: ((id >= 2570186) AND (id <= 2580185))

table 2 : explain SELECT SUM(k) FROM sbtest2 WHERE id BETWEEN 9032725 AND 9042724
	Aggregate  (cost=34578.53..34578.54 rows=1 width=8)
	  ->  Bitmap Heap Scan on sbtest2  (cost=215.74..34553.33 rows=10079 width=4)
	        Recheck Cond: ((id >= 9032725) AND (id <= 9042724))
	        ->  Bitmap Index Scan on sbtest2_pkey  (cost=0.00..213.23 rows=10079 width=0)
	              Index Cond: ((id >= 9032725) AND (id <= 9042724))

table 3 : explain SELECT SUM(k) FROM sbtest3 WHERE id BETWEEN 9533934 AND 9543933
	Aggregate  (cost=37868.68..37868.69 rows=1 width=8)
	  ->  Bitmap Heap Scan on sbtest3  (cost=238.64..37840.82 rows=11142 width=4)
	        Recheck Cond: ((id >= 9533934) AND (id <= 9543933))
	        ->  Bitmap Index Scan on sbtest3_pkey  (cost=0.00..235.86 rows=11142 width=0)
	              Index Cond: ((id >= 9533934) AND (id <= 9543933))

table 4 : explain SELECT SUM(k) FROM sbtest4 WHERE id BETWEEN 708928 AND 718927
	Aggregate  (cost=36258.36..36258.37 rows=1 width=8)
	  ->  Bitmap Heap Scan on sbtest4  (cost=229.22..36231.83 rows=10613 width=4)
	        Recheck Cond: ((id >= 708928) AND (id <= 718927))
	        ->  Bitmap Index Scan on sbtest4_pkey  (cost=0.00..226.56 rows=10613 width=0)
	              Index Cond: ((id >= 708928) AND (id <= 718927))

table 5 : explain SELECT SUM(k) FROM sbtest5 WHERE id BETWEEN 8161046 AND 8171045
	Aggregate  (cost=33431.53..33431.54 rows=1 width=8)
	  ->  Bitmap Heap Scan on sbtest5  (cost=207.88..33407.27 rows=9702 width=4)
	        Recheck Cond: ((id >= 8161046) AND (id <= 8171045))
	        ->  Bitmap Index Scan on sbtest5_pkey  (cost=0.00..205.45 rows=9702 width=0)
	              Index Cond: ((id >= 8161046) AND (id <= 8171045))

table 6 : explain SELECT SUM(k) FROM sbtest6 WHERE id BETWEEN 1626987 AND 1636986
	Aggregate  (cost=35100.02..35100.03 rows=1 width=8)
	  ->  Bitmap Heap Scan on sbtest6  (cost=221.23..35074.46 rows=10224 width=4)
	        Recheck Cond: ((id >= 1626987) AND (id <= 1636986))
	        ->  Bitmap Index Scan on sbtest6_pkey  (cost=0.00..218.68 rows=10224 width=0)
	              Index Cond: ((id >= 1626987) AND (id <= 1636986))

table 7 : explain SELECT SUM(k) FROM sbtest7 WHERE id BETWEEN 519117 AND 529116
	Aggregate  (cost=31772.55..31772.56 rows=1 width=8)
	  ->  Bitmap Heap Scan on sbtest7  (cost=198.41..31749.63 rows=9168 width=4)
	        Recheck Cond: ((id >= 519117) AND (id <= 529116))
	        ->  Bitmap Index Scan on sbtest7_pkey  (cost=0.00..196.12 rows=9168 width=0)
	              Index Cond: ((id >= 519117) AND (id <= 529116))

table 8 : explain SELECT SUM(k) FROM sbtest8 WHERE id BETWEEN 33193 AND 43192
	Aggregate  (cost=34606.29..34606.30 rows=1 width=8)
	  ->  Bitmap Heap Scan on sbtest8  (cost=219.52..34581.14 rows=10057 width=4)
	        Recheck Cond: ((id >= 33193) AND (id <= 43192))
	        ->  Bitmap Index Scan on sbtest8_pkey  (cost=0.00..217.00 rows=10057 width=0)
	              Index Cond: ((id >= 33193) AND (id <= 43192))

for: order_ranges
table 1 : explain SELECT c FROM sbtest1 WHERE id BETWEEN 9259278 AND 9269277 ORDER BY c
	Sort  (cost=38465.74..38493.51 rows=11108 width=121)
	  Sort Key: c
	  ->  Bitmap Heap Scan on sbtest1  (cost=238.29..37719.32 rows=11108 width=121)
	        Recheck Cond: ((id >= 9259278) AND (id <= 9269277))
	        ->  Bitmap Index Scan on sbtest1_pkey  (cost=0.00..235.51 rows=11108 width=0)
	              Index Cond: ((id >= 9259278) AND (id <= 9269277))

table 2 : explain SELECT c FROM sbtest2 WHERE id BETWEEN 3201514 AND 3211513 ORDER BY c
	Sort  (cost=33575.96..33599.86 rows=9562 width=121)
	  Sort Key: c
	  ->  Bitmap Heap Scan on sbtest2  (cost=206.45..32943.76 rows=9562 width=121)
	        Recheck Cond: ((id >= 3201514) AND (id <= 3211513))
	        ->  Bitmap Index Scan on sbtest2_pkey  (cost=0.00..204.06 rows=9562 width=0)
	              Index Cond: ((id >= 3201514) AND (id <= 3211513))

table 3 : explain SELECT c FROM sbtest3 WHERE id BETWEEN 7005781 AND 7015780 ORDER BY c
	Sort  (cost=35365.95..35391.25 rows=10120 width=121)
	  Sort Key: c
	  ->  Bitmap Heap Scan on sbtest3  (cost=216.16..34692.72 rows=10120 width=121)
	        Recheck Cond: ((id >= 7005781) AND (id <= 7015780))
	        ->  Bitmap Index Scan on sbtest3_pkey  (cost=0.00..213.63 rows=10120 width=0)
	              Index Cond: ((id >= 7005781) AND (id <= 7015780))

table 4 : explain SELECT c FROM sbtest4 WHERE id BETWEEN 8154573 AND 8164572 ORDER BY c
	Sort  (cost=31205.71..31227.77 rows=8821 width=121)
	  Sort Key: c
	  ->  Bitmap Heap Scan on sbtest4  (cost=190.85..30627.64 rows=8821 width=121)
	        Recheck Cond: ((id >= 8154573) AND (id <= 8164572))
	        ->  Bitmap Index Scan on sbtest4_pkey  (cost=0.00..188.65 rows=8821 width=0)
	              Index Cond: ((id >= 8154573) AND (id <= 8164572))

table 5 : explain SELECT c FROM sbtest5 WHERE id BETWEEN 9178312 AND 9188311 ORDER BY c
	Sort  (cost=32664.75..32687.93 rows=9271 width=121)
	  Sort Key: c
	  ->  Bitmap Heap Scan on sbtest5  (cost=199.46..32053.86 rows=9271 width=121)
	        Recheck Cond: ((id >= 9178312) AND (id <= 9188311))
	        ->  Bitmap Index Scan on sbtest5_pkey  (cost=0.00..197.15 rows=9271 width=0)
	              Index Cond: ((id >= 9178312) AND (id <= 9188311))

table 6 : explain SELECT c FROM sbtest6 WHERE id BETWEEN 4602877 AND 4612876 ORDER BY c
	Sort  (cost=32616.32..32639.44 rows=9246 width=121)
	  Sort Key: c
	  ->  Bitmap Heap Scan on sbtest6  (cost=199.21..32007.26 rows=9246 width=121)
	        Recheck Cond: ((id >= 4602877) AND (id <= 4612876))
	        ->  Bitmap Index Scan on sbtest6_pkey  (cost=0.00..196.90 rows=9246 width=0)
	              Index Cond: ((id >= 4602877) AND (id <= 4612876))

table 7 : explain SELECT c FROM sbtest7 WHERE id BETWEEN 9001741 AND 9011740 ORDER BY c
	Sort  (cost=35453.17..35478.51 rows=10135 width=121)
	  Sort Key: c
	  ->  Bitmap Heap Scan on sbtest7  (cost=216.32..34778.84 rows=10135 width=121)
	        Recheck Cond: ((id >= 9001741) AND (id <= 9011740))
	        ->  Bitmap Index Scan on sbtest7_pkey  (cost=0.00..213.79 rows=10135 width=0)
	              Index Cond: ((id >= 9001741) AND (id <= 9011740))

table 8 : explain SELECT c FROM sbtest8 WHERE id BETWEEN 4281246 AND 4291245 ORDER BY c
	Sort  (cost=33111.66..33135.14 rows=9391 width=121)
	  Sort Key: c
	  ->  Bitmap Heap Scan on sbtest8  (cost=204.69..32492.00 rows=9391 width=121)
	        Recheck Cond: ((id >= 4281246) AND (id <= 4291245))
	        ->  Bitmap Index Scan on sbtest8_pkey  (cost=0.00..202.34 rows=9391 width=0)
	              Index Cond: ((id >= 4281246) AND (id <= 4291245))

for point_selects
table 1 : explain SELECT c FROM sbtest1 WHERE id=1197786
	Index Scan using sbtest1_pkey on sbtest1  (cost=0.43..8.45 rows=1 width=121)
	  Index Cond: (id = 1197786)

table 2 : explain SELECT c FROM sbtest2 WHERE id=8526913
	Index Scan using sbtest2_pkey on sbtest2  (cost=0.43..8.45 rows=1 width=121)
	  Index Cond: (id = 8526913)

table 3 : explain SELECT c FROM sbtest3 WHERE id=3704524
	Index Scan using sbtest3_pkey on sbtest3  (cost=0.43..8.45 rows=1 width=121)
	  Index Cond: (id = 3704524)

table 4 : explain SELECT c FROM sbtest4 WHERE id=2858109
	Index Scan using sbtest4_pkey on sbtest4  (cost=0.43..8.45 rows=1 width=121)
	  Index Cond: (id = 2858109)

table 5 : explain SELECT c FROM sbtest5 WHERE id=88196
	Index Scan using sbtest5_pkey on sbtest5  (cost=0.43..8.45 rows=1 width=121)
	  Index Cond: (id = 88196)

table 6 : explain SELECT c FROM sbtest6 WHERE id=8052306
	Index Scan using sbtest6_pkey on sbtest6  (cost=0.43..8.45 rows=1 width=121)
	  Index Cond: (id = 8052306)

table 7 : explain SELECT c FROM sbtest7 WHERE id=4893667
	Index Scan using sbtest7_pkey on sbtest7  (cost=0.43..8.45 rows=1 width=121)
	  Index Cond: (id = 4893667)

table 8 : explain SELECT c FROM sbtest8 WHERE id=3185767
	Index Scan using sbtest8_pkey on sbtest8  (cost=0.43..8.45 rows=1 width=121)
	  Index Cond: (id = 3185767)

explain: for point_selects :: explain SELECT c FROM sbtest%u WHERE id=%u
explain: for point_selects :: explain SELECT c FROM sbtest%u WHERE id=%u
explain: for point_selects :: explain SELECT c FROM sbtest%u WHERE id=%u
for: sum_ranges
table 1 : explain SELECT SUM(k) FROM sbtest1 WHERE id BETWEEN 3791934 AND 3801933
	Aggregate  (cost=31105.34..31105.35 rows=1 width=8)
	  ->  Bitmap Heap Scan on sbtest1  (cost=192.40..31082.91 rows=8972 width=4)
	        Recheck Cond: ((id >= 3791934) AND (id <= 3801933))
	        ->  Bitmap Index Scan on sbtest1_pkey  (cost=0.00..190.16 rows=8972 width=0)
	              Index Cond: ((id >= 3791934) AND (id <= 3801933))

table 2 : explain SELECT SUM(k) FROM sbtest2 WHERE id BETWEEN 6155384 AND 6165383
	Aggregate  (cost=35353.30..35353.31 rows=1 width=8)
	  ->  Bitmap Heap Scan on sbtest2  (cost=222.30..35327.48 rows=10328 width=4)
	        Recheck Cond: ((id >= 6155384) AND (id <= 6165383))
	        ->  Bitmap Index Scan on sbtest2_pkey  (cost=0.00..219.72 rows=10328 width=0)
	              Index Cond: ((id >= 6155384) AND (id <= 6165383))

table 3 : explain SELECT SUM(k) FROM sbtest3 WHERE id BETWEEN 3317958 AND 3327957
	Aggregate  (cost=35154.07..35154.08 rows=1 width=8)
	  ->  Bitmap Heap Scan on sbtest3  (cost=221.59..35128.42 rows=10259 width=4)
	        Recheck Cond: ((id >= 3317958) AND (id <= 3327957))
	        ->  Bitmap Index Scan on sbtest3_pkey  (cost=0.00..219.03 rows=10259 width=0)
	              Index Cond: ((id >= 3317958) AND (id <= 3327957))

table 4 : explain SELECT SUM(k) FROM sbtest4 WHERE id BETWEEN 3425588 AND 3435587
	Aggregate  (cost=31430.41..31430.42 rows=1 width=8)
	  ->  Bitmap Heap Scan on sbtest4  (cost=193.38..31407.74 rows=9068 width=4)
	        Recheck Cond: ((id >= 3425588) AND (id <= 3435587))
	        ->  Bitmap Index Scan on sbtest4_pkey  (cost=0.00..191.12 rows=9068 width=0)
	              Index Cond: ((id >= 3425588) AND (id <= 3435587))

table 5 : explain SELECT SUM(k) FROM sbtest5 WHERE id BETWEEN 8774290 AND 8784289
	Aggregate  (cost=33444.41..33444.42 rows=1 width=8)
	  ->  Bitmap Heap Scan on sbtest5  (cost=207.92..33420.15 rows=9706 width=4)
	        Recheck Cond: ((id >= 8774290) AND (id <= 8784289))
	        ->  Bitmap Index Scan on sbtest5_pkey  (cost=0.00..205.50 rows=9706 width=0)
	              Index Cond: ((id >= 8774290) AND (id <= 8784289))

table 6 : explain SELECT SUM(k) FROM sbtest6 WHERE id BETWEEN 5173201 AND 5183200
	Aggregate  (cost=34052.02..34052.03 rows=1 width=8)
	  ->  Bitmap Heap Scan on sbtest6  (cost=213.80..34027.30 rows=9889 width=4)
	        Recheck Cond: ((id >= 5173201) AND (id <= 5183200))
	        ->  Bitmap Index Scan on sbtest6_pkey  (cost=0.00..211.32 rows=9889 width=0)
	              Index Cond: ((id >= 5173201) AND (id <= 5183200))

table 7 : explain SELECT SUM(k) FROM sbtest7 WHERE id BETWEEN 6046242 AND 6056241
	Aggregate  (cost=33765.28..33765.29 rows=1 width=8)
	  ->  Bitmap Heap Scan on sbtest7  (cost=208.92..33740.78 rows=9803 width=4)
	        Recheck Cond: ((id >= 6046242) AND (id <= 6056241))
	        ->  Bitmap Index Scan on sbtest7_pkey  (cost=0.00..206.47 rows=9803 width=0)
	              Index Cond: ((id >= 6046242) AND (id <= 6056241))

table 8 : explain SELECT SUM(k) FROM sbtest8 WHERE id BETWEEN 3208250 AND 3218249
	Aggregate  (cost=35457.84..35457.85 rows=1 width=8)
	  ->  Bitmap Heap Scan on sbtest8  (cost=226.32..35432.01 rows=10330 width=4)
	        Recheck Cond: ((id >= 3208250) AND (id <= 3218249))
	        ->  Bitmap Index Scan on sbtest8_pkey  (cost=0.00..223.74 rows=10330 width=0)
	              Index Cond: ((id >= 3208250) AND (id <= 3218249))

for point_selects
table 1 : explain SELECT c FROM sbtest1 WHERE id=9781723
	Index Scan using sbtest1_pkey on sbtest1  (cost=0.43..8.45 rows=1 width=121)
	  Index Cond: (id = 9781723)

table 2 : explain SELECT c FROM sbtest2 WHERE id=9972761
	Index Scan using sbtest2_pkey on sbtest2  (cost=0.43..8.45 rows=1 width=121)
	  Index Cond: (id = 9972761)

table 3 : explain SELECT c FROM sbtest3 WHERE id=9041965
	Index Scan using sbtest3_pkey on sbtest3  (cost=0.43..8.45 rows=1 width=121)
	  Index Cond: (id = 9041965)

table 4 : explain SELECT c FROM sbtest4 WHERE id=9642203
	Index Scan using sbtest4_pkey on sbtest4  (cost=0.43..8.45 rows=1 width=121)
	  Index Cond: (id = 9642203)

table 5 : explain SELECT c FROM sbtest5 WHERE id=4601015
	Index Scan using sbtest5_pkey on sbtest5  (cost=0.43..8.45 rows=1 width=121)
	  Index Cond: (id = 4601015)

table 6 : explain SELECT c FROM sbtest6 WHERE id=4145042
	Index Scan using sbtest6_pkey on sbtest6  (cost=0.43..8.45 rows=1 width=121)
	  Index Cond: (id = 4145042)

table 7 : explain SELECT c FROM sbtest7 WHERE id=6389571
	Index Scan using sbtest7_pkey on sbtest7  (cost=0.43..8.45 rows=1 width=121)
	  Index Cond: (id = 6389571)

table 8 : explain SELECT c FROM sbtest8 WHERE id=5314875
	Index Scan using sbtest8_pkey on sbtest8  (cost=0.43..8.45 rows=1 width=121)
	  Index Cond: (id = 5314875)

for: distinct_ranges
table 1 : explain SELECT DISTINCT c FROM sbtest1 WHERE id BETWEEN 2017288 AND 2027287 ORDER BY c
	Unique  (cost=35992.90..36044.51 rows=10323 width=121)
	  ->  Sort  (cost=35992.90..36018.70 rows=10323 width=121)
	        Sort Key: c
	        ->  Bitmap Heap Scan on sbtest1  (cost=222.25..35304.68 rows=10323 width=121)
	              Recheck Cond: ((id >= 2017288) AND (id <= 2027287))
	              ->  Bitmap Index Scan on sbtest1_pkey  (cost=0.00..219.67 rows=10323 width=0)
	                    Index Cond: ((id >= 2017288) AND (id <= 2027287))

table 2 : explain SELECT DISTINCT c FROM sbtest2 WHERE id BETWEEN 4290010 AND 4300009 ORDER BY c
	Unique  (cost=34616.65..34666.09 rows=9888 width=121)
	  ->  Sort  (cost=34616.65..34641.37 rows=9888 width=121)
	        Sort Key: c
	        ->  Bitmap Heap Scan on sbtest2  (cost=213.79..33960.50 rows=9888 width=121)
	              Recheck Cond: ((id >= 4290010) AND (id <= 4300009))
	              ->  Bitmap Index Scan on sbtest2_pkey  (cost=0.00..211.31 rows=9888 width=0)
	                    Index Cond: ((id >= 4290010) AND (id <= 4300009))

table 3 : explain SELECT DISTINCT c FROM sbtest3 WHERE id BETWEEN 6156466 AND 6166465 ORDER BY c
	Unique  (cost=35411.77..35462.44 rows=10134 width=121)
	  ->  Sort  (cost=35411.77..35437.11 rows=10134 width=121)
	        Sort Key: c
	        ->  Bitmap Heap Scan on sbtest3  (cost=216.31..34737.51 rows=10134 width=121)
	              Recheck Cond: ((id >= 6156466) AND (id <= 6166465))
	              ->  Bitmap Index Scan on sbtest3_pkey  (cost=0.00..213.78 rows=10134 width=0)
	                    Index Cond: ((id >= 6156466) AND (id <= 6166465))

table 4 : explain SELECT DISTINCT c FROM sbtest4 WHERE id BETWEEN 8783355 AND 8793354 ORDER BY c
	Unique  (cost=34813.11..34862.82 rows=9942 width=121)
	  ->  Sort  (cost=34813.11..34837.96 rows=9942 width=121)
	        Sort Key: c
	        ->  Bitmap Heap Scan on sbtest4  (cost=214.34..34152.99 rows=9942 width=121)
	              Recheck Cond: ((id >= 8783355) AND (id <= 8793354))
	              ->  Bitmap Index Scan on sbtest4_pkey  (cost=0.00..211.86 rows=9942 width=0)
	                    Index Cond: ((id >= 8783355) AND (id <= 8793354))

table 5 : explain SELECT DISTINCT c FROM sbtest5 WHERE id BETWEEN 5596520 AND 5606519 ORDER BY c
	Unique  (cost=38795.29..38851.30 rows=11202 width=121)
	  ->  Sort  (cost=38795.29..38823.29 rows=11202 width=121)
	        Sort Key: c
	        ->  Bitmap Heap Scan on sbtest5  (cost=239.26..38041.87 rows=11202 width=121)
	              Recheck Cond: ((id >= 5596520) AND (id <= 5606519))
	              ->  Bitmap Index Scan on sbtest5_pkey  (cost=0.00..236.45 rows=11202 width=0)
	                    Index Cond: ((id >= 5596520) AND (id <= 5606519))

table 6 : explain SELECT DISTINCT c FROM sbtest6 WHERE id BETWEEN 2136533 AND 2146532 ORDER BY c
	Unique  (cost=34950.01..34999.87 rows=9972 width=121)
	  ->  Sort  (cost=34950.01..34974.94 rows=9972 width=121)
	        Sort Key: c
	        ->  Bitmap Heap Scan on sbtest6  (cost=214.65..34287.68 rows=9972 width=121)
	              Recheck Cond: ((id >= 2136533) AND (id <= 2146532))
	              ->  Bitmap Index Scan on sbtest6_pkey  (cost=0.00..212.16 rows=9972 width=0)
	                    Index Cond: ((id >= 2136533) AND (id <= 2146532))

table 7 : explain SELECT DISTINCT c FROM sbtest7 WHERE id BETWEEN 8670236 AND 8680235 ORDER BY c
	Unique  (cost=35049.32..35099.36 rows=10008 width=121)
	  ->  Sort  (cost=35049.32..35074.34 rows=10008 width=121)
	        Sort Key: c
	        ->  Bitmap Heap Scan on sbtest7  (cost=215.02..34384.34 rows=10008 width=121)
	              Recheck Cond: ((id >= 8670236) AND (id <= 8680235))
	              ->  Bitmap Index Scan on sbtest7_pkey  (cost=0.00..212.51 rows=10008 width=0)
	                    Index Cond: ((id >= 8670236) AND (id <= 8680235))

table 8 : explain SELECT DISTINCT c FROM sbtest8 WHERE id BETWEEN 7151713 AND 7161712 ORDER BY c
	Unique  (cost=35998.60..36050.06 rows=10292 width=121)
	  ->  Sort  (cost=35998.60..36024.33 rows=10292 width=121)
	        Sort Key: c
	        ->  Bitmap Heap Scan on sbtest8  (cost=221.93..35312.68 rows=10292 width=121)
	              Recheck Cond: ((id >= 7151713) AND (id <= 7161712))
	              ->  Bitmap Index Scan on sbtest8_pkey  (cost=0.00..219.36 rows=10292 width=0)
	                    Index Cond: ((id >= 7151713) AND (id <= 7161712))

for: simple_ranges
table 1 : explain SELECT c FROM sbtest1 WHERE id BETWEEN 8095284 AND 8105283
	Bitmap Heap Scan on sbtest1  (cost=213.66..33918.57 rows=9876 width=121)
	  Recheck Cond: ((id >= 8095284) AND (id <= 8105283))
	  ->  Bitmap Index Scan on sbtest1_pkey  (cost=0.00..211.19 rows=9876 width=0)
	        Index Cond: ((id >= 8095284) AND (id <= 8105283))

table 2 : explain SELECT c FROM sbtest2 WHERE id BETWEEN 8363264 AND 8373263
	Bitmap Heap Scan on sbtest2  (cost=213.54..33886.70 rows=9864 width=121)
	  Recheck Cond: ((id >= 8363264) AND (id <= 8373263))
	  ->  Bitmap Index Scan on sbtest2_pkey  (cost=0.00..211.07 rows=9864 width=0)
	        Index Cond: ((id >= 8363264) AND (id <= 8373263))

table 3 : explain SELECT c FROM sbtest3 WHERE id BETWEEN 9806555 AND 9816554
	Bitmap Heap Scan on sbtest3  (cost=221.33..35048.55 rows=10234 width=121)
	  Recheck Cond: ((id >= 9806555) AND (id <= 9816554))
	  ->  Bitmap Index Scan on sbtest3_pkey  (cost=0.00..218.78 rows=10234 width=0)
	        Index Cond: ((id >= 9806555) AND (id <= 9816554))

table 4 : explain SELECT c FROM sbtest4 WHERE id BETWEEN 8717678 AND 8727677
	Bitmap Heap Scan on sbtest4  (cost=214.49..34197.93 rows=9957 width=121)
	  Recheck Cond: ((id >= 8717678) AND (id <= 8727677))
	  ->  Bitmap Index Scan on sbtest4_pkey  (cost=0.00..212.00 rows=9957 width=0)
	        Index Cond: ((id >= 8717678) AND (id <= 8727677))

table 5 : explain SELECT c FROM sbtest5 WHERE id BETWEEN 9380444 AND 9390443
	Bitmap Heap Scan on sbtest5  (cost=216.53..34820.57 rows=10156 width=121)
	  Recheck Cond: ((id >= 9380444) AND (id <= 9390443))
	  ->  Bitmap Index Scan on sbtest5_pkey  (cost=0.00..214.00 rows=10156 width=0)
	        Index Cond: ((id >= 9380444) AND (id <= 9390443))

table 6 : explain SELECT c FROM sbtest6 WHERE id BETWEEN 1515966 AND 1525965
	Bitmap Heap Scan on sbtest6  (cost=212.49..33631.33 rows=9761 width=121)
	  Recheck Cond: ((id >= 1515966) AND (id <= 1525965))
	  ->  Bitmap Index Scan on sbtest6_pkey  (cost=0.00..210.05 rows=9761 width=0)
	        Index Cond: ((id >= 1515966) AND (id <= 1525965))

table 7 : explain SELECT c FROM sbtest7 WHERE id BETWEEN 6055545 AND 6065544
	Bitmap Heap Scan on sbtest7  (cost=208.92..33740.78 rows=9803 width=121)
	  Recheck Cond: ((id >= 6055545) AND (id <= 6065544))
	  ->  Bitmap Index Scan on sbtest7_pkey  (cost=0.00..206.47 rows=9803 width=0)
	        Index Cond: ((id >= 6055545) AND (id <= 6065544))

table 8 : explain SELECT c FROM sbtest8 WHERE id BETWEEN 5813836 AND 5823835
	Bitmap Heap Scan on sbtest8  (cost=234.31..36640.48 rows=10720 width=121)
	  Recheck Cond: ((id >= 5813836) AND (id <= 5823835))
	  ->  Bitmap Index Scan on sbtest8_pkey  (cost=0.00..231.63 rows=10720 width=0)
	        Index Cond: ((id >= 5813836) AND (id <= 5823835))

for: order_ranges
table 1 : explain SELECT c FROM sbtest1 WHERE id BETWEEN 8711456 AND 8721455 ORDER BY c
	Sort  (cost=32710.10..32733.34 rows=9294 width=121)
	  Sort Key: c
	  ->  Bitmap Heap Scan on sbtest1  (cost=199.70..32097.53 rows=9294 width=121)
	        Recheck Cond: ((id >= 8711456) AND (id <= 8721455))
	        ->  Bitmap Index Scan on sbtest1_pkey  (cost=0.00..197.38 rows=9294 width=0)
	              Index Cond: ((id >= 8711456) AND (id <= 8721455))

table 2 : explain SELECT c FROM sbtest2 WHERE id BETWEEN 6854508 AND 6864507 ORDER BY c
	Sort  (cost=37463.52..37490.49 rows=10787 width=121)
	  Sort Key: c
	  ->  Bitmap Heap Scan on sbtest2  (cost=231.00..36740.95 rows=10787 width=121)
	        Recheck Cond: ((id >= 6854508) AND (id <= 6864507))
	        ->  Bitmap Index Scan on sbtest2_pkey  (cost=0.00..228.31 rows=10787 width=0)
	              Index Cond: ((id >= 6854508) AND (id <= 6864507))

table 3 : explain SELECT c FROM sbtest3 WHERE id BETWEEN 9297634 AND 9307633 ORDER BY c
	Sort  (cost=34242.09..34266.51 rows=9767 width=121)
	  Sort Key: c
	  ->  Bitmap Heap Scan on sbtest3  (cost=208.55..33594.84 rows=9767 width=121)
	        Recheck Cond: ((id >= 9297634) AND (id <= 9307633))
	        ->  Bitmap Index Scan on sbtest3_pkey  (cost=0.00..206.11 rows=9767 width=0)
	              Index Cond: ((id >= 9297634) AND (id <= 9307633))

table 4 : explain SELECT c FROM sbtest4 WHERE id BETWEEN 5997307 AND 6007306 ORDER BY c
	Sort  (cost=39273.16..39301.55 rows=11356 width=121)
	  Sort Key: c
	  ->  Bitmap Heap Scan on sbtest4  (cost=244.83..38508.27 rows=11356 width=121)
	        Recheck Cond: ((id >= 5997307) AND (id <= 6007306))
	        ->  Bitmap Index Scan on sbtest4_pkey  (cost=0.00..242.00 rows=11356 width=0)
	              Index Cond: ((id >= 5997307) AND (id <= 6007306))

table 5 : explain SELECT c FROM sbtest5 WHERE id BETWEEN 4810742 AND 4820741 ORDER BY c
	Sort  (cost=32270.22..32293.09 rows=9148 width=121)
	  Sort Key: c
	  ->  Bitmap Heap Scan on sbtest5  (cost=198.20..31668.31 rows=9148 width=121)
	        Recheck Cond: ((id >= 4810742) AND (id <= 4820741))
	        ->  Bitmap Index Scan on sbtest5_pkey  (cost=0.00..195.92 rows=9148 width=0)
	              Index Cond: ((id >= 4810742) AND (id <= 4820741))

table 6 : explain SELECT c FROM sbtest6 WHERE id BETWEEN 6978126 AND 6988125 ORDER BY c
	Sort  (cost=34986.25..35011.21 rows=9984 width=121)
	  Sort Key: c
	  ->  Bitmap Heap Scan on sbtest6  (cost=214.77..34323.04 rows=9984 width=121)
	        Recheck Cond: ((id >= 6978126) AND (id <= 6988125))
	        ->  Bitmap Index Scan on sbtest6_pkey  (cost=0.00..212.28 rows=9984 width=0)
	              Index Cond: ((id >= 6978126) AND (id <= 6988125))

table 7 : explain SELECT c FROM sbtest7 WHERE id BETWEEN 8028404 AND 8038403 ORDER BY c
	Sort  (cost=35525.37..35550.76 rows=10158 width=121)
	  Sort Key: c
	  ->  Bitmap Heap Scan on sbtest7  (cost=216.55..34849.34 rows=10158 width=121)
	        Recheck Cond: ((id >= 8028404) AND (id <= 8038403))
	        ->  Bitmap Index Scan on sbtest7_pkey  (cost=0.00..214.01 rows=10158 width=0)
	              Index Cond: ((id >= 8028404) AND (id <= 8038403))

table 8 : explain SELECT c FROM sbtest8 WHERE id BETWEEN 9728261 AND 9738260 ORDER BY c
	Sort  (cost=32589.91..32612.99 rows=9230 width=121)
	  Sort Key: c
	  ->  Bitmap Heap Scan on sbtest8  (cost=199.04..31982.02 rows=9230 width=121)
	        Recheck Cond: ((id >= 9728261) AND (id <= 9738260))
	        ->  Bitmap Index Scan on sbtest8_pkey  (cost=0.00..196.74 rows=9230 width=0)
	              Index Cond: ((id >= 9728261) AND (id <= 9738260))

for point_selects
table 1 : explain SELECT c FROM sbtest1 WHERE id=4286423
	Index Scan using sbtest1_pkey on sbtest1  (cost=0.43..8.45 rows=1 width=121)
	  Index Cond: (id = 4286423)

table 2 : explain SELECT c FROM sbtest2 WHERE id=9416705
	Index Scan using sbtest2_pkey on sbtest2  (cost=0.43..8.45 rows=1 width=121)
	  Index Cond: (id = 9416705)

table 3 : explain SELECT c FROM sbtest3 WHERE id=9357023
	Index Scan using sbtest3_pkey on sbtest3  (cost=0.43..8.45 rows=1 width=121)
	  Index Cond: (id = 9357023)

table 4 : explain SELECT c FROM sbtest4 WHERE id=2574141
	Index Scan using sbtest4_pkey on sbtest4  (cost=0.43..8.45 rows=1 width=121)
	  Index Cond: (id = 2574141)

table 5 : explain SELECT c FROM sbtest5 WHERE id=4856601
	Index Scan using sbtest5_pkey on sbtest5  (cost=0.43..8.45 rows=1 width=121)
	  Index Cond: (id = 4856601)

table 6 : explain SELECT c FROM sbtest6 WHERE id=5884210
	Index Scan using sbtest6_pkey on sbtest6  (cost=0.43..8.45 rows=1 width=121)
	  Index Cond: (id = 5884210)

table 7 : explain SELECT c FROM sbtest7 WHERE id=7885890
	Index Scan using sbtest7_pkey on sbtest7  (cost=0.43..8.45 rows=1 width=121)
	  Index Cond: (id = 7885890)

table 8 : explain SELECT c FROM sbtest8 WHERE id=150056
	Index Scan using sbtest8_pkey on sbtest8  (cost=0.43..8.45 rows=1 width=121)
	  Index Cond: (id = 150056)

for: order_ranges
table 1 : explain SELECT c FROM sbtest1 WHERE id BETWEEN 2381180 AND 2391179 ORDER BY c
	Sort  (cost=37738.95..37766.15 rows=10877 width=121)
	  Sort Key: c
	  ->  Bitmap Heap Scan on sbtest1  (cost=231.92..37009.71 rows=10877 width=121)
	        Recheck Cond: ((id >= 2381180) AND (id <= 2391179))
	        ->  Bitmap Index Scan on sbtest1_pkey  (cost=0.00..229.20 rows=10877 width=0)
	              Index Cond: ((id >= 2381180) AND (id <= 2391179))

table 2 : explain SELECT c FROM sbtest2 WHERE id BETWEEN 1586577 AND 1596576 ORDER BY c
	Sort  (cost=36140.25..36166.17 rows=10368 width=121)
	  Sort Key: c
	  ->  Bitmap Heap Scan on sbtest2  (cost=222.71..35448.71 rows=10368 width=121)
	        Recheck Cond: ((id >= 1586577) AND (id <= 1596576))
	        ->  Bitmap Index Scan on sbtest2_pkey  (cost=0.00..220.12 rows=10368 width=0)
	              Index Cond: ((id >= 1586577) AND (id <= 1596576))

table 3 : explain SELECT c FROM sbtest3 WHERE id BETWEEN 630740 AND 640739 ORDER BY c
	Sort  (cost=33804.08..33828.15 rows=9630 width=121)
	  Sort Key: c
	  ->  Bitmap Heap Scan on sbtest3  (cost=207.14..33166.89 rows=9630 width=121)
	        Recheck Cond: ((id >= 630740) AND (id <= 640739))
	        ->  Bitmap Index Scan on sbtest3_pkey  (cost=0.00..204.74 rows=9630 width=0)
	              Index Cond: ((id >= 630740) AND (id <= 640739))

table 4 : explain SELECT c FROM sbtest4 WHERE id BETWEEN 5074097 AND 5084096 ORDER BY c
	Sort  (cost=34062.38..34086.65 rows=9708 width=121)
	  Sort Key: c
	  ->  Bitmap Heap Scan on sbtest4  (cost=207.94..33419.47 rows=9708 width=121)
	        Recheck Cond: ((id >= 5074097) AND (id <= 5084096))
	        ->  Bitmap Index Scan on sbtest4_pkey  (cost=0.00..205.51 rows=9708 width=0)
	              Index Cond: ((id >= 5074097) AND (id <= 5084096))

table 5 : explain SELECT c FROM sbtest5 WHERE id BETWEEN 3320177 AND 3330176 ORDER BY c
	Sort  (cost=34286.96..34311.40 rows=9777 width=121)
	  Sort Key: c
	  ->  Bitmap Heap Scan on sbtest5  (cost=208.65..33638.98 rows=9777 width=121)
	        Recheck Cond: ((id >= 3320177) AND (id <= 3330176))
	        ->  Bitmap Index Scan on sbtest5_pkey  (cost=0.00..206.20 rows=9777 width=0)
	              Index Cond: ((id >= 3320177) AND (id <= 3330176))

table 6 : explain SELECT c FROM sbtest6 WHERE id BETWEEN 130578 AND 140577 ORDER BY c
	Sort  (cost=36040.53..36066.31 rows=10314 width=121)
	  Sort Key: c
	  ->  Bitmap Heap Scan on sbtest6  (cost=222.15..35352.98 rows=10314 width=121)
	        Recheck Cond: ((id >= 130578) AND (id <= 140577))
	        ->  Bitmap Index Scan on sbtest6_pkey  (cost=0.00..219.57 rows=10314 width=0)
	              Index Cond: ((id >= 130578) AND (id <= 140577))

table 7 : explain SELECT c FROM sbtest7 WHERE id BETWEEN 2268920 AND 2278919 ORDER BY c
	Sort  (cost=36050.46..36076.27 rows=10323 width=121)
	  Sort Key: c
	  ->  Bitmap Heap Scan on sbtest7  (cost=222.25..35362.25 rows=10323 width=121)
	        Recheck Cond: ((id >= 2268920) AND (id <= 2278919))
	        ->  Bitmap Index Scan on sbtest7_pkey  (cost=0.00..219.67 rows=10323 width=0)
	              Index Cond: ((id >= 2268920) AND (id <= 2278919))

table 8 : explain SELECT c FROM sbtest8 WHERE id BETWEEN 2077066 AND 2087065 ORDER BY c
	Sort  (cost=36051.85..36077.62 rows=10308 width=121)
	  Sort Key: c
	  ->  Bitmap Heap Scan on sbtest8  (cost=226.09..35364.74 rows=10308 width=121)
	        Recheck Cond: ((id >= 2077066) AND (id <= 2087065))
	        ->  Bitmap Index Scan on sbtest8_pkey  (cost=0.00..223.51 rows=10308 width=0)
	              Index Cond: ((id >= 2077066) AND (id <= 2087065))

for: simple_ranges
table 1 : explain SELECT c FROM sbtest1 WHERE id BETWEEN 6092191 AND 6102190
	Bitmap Heap Scan on sbtest1  (cost=199.54..32049.05 rows=9279 width=121)
	  Recheck Cond: ((id >= 6092191) AND (id <= 6102190))
	  ->  Bitmap Index Scan on sbtest1_pkey  (cost=0.00..197.23 rows=9279 width=0)
	        Index Cond: ((id >= 6092191) AND (id <= 6102190))

table 2 : explain SELECT c FROM sbtest2 WHERE id BETWEEN 3584048 AND 3594047
	Bitmap Heap Scan on sbtest2  (cost=200.62..32381.78 rows=9384 width=121)
	  Recheck Cond: ((id >= 3584048) AND (id <= 3594047))
	  ->  Bitmap Index Scan on sbtest2_pkey  (cost=0.00..198.28 rows=9384 width=0)
	        Index Cond: ((id >= 3584048) AND (id <= 3594047))

table 3 : explain SELECT c FROM sbtest3 WHERE id BETWEEN 7460965 AND 7470964
	Bitmap Heap Scan on sbtest3  (cost=213.79..33974.71 rows=9888 width=121)
	  Recheck Cond: ((id >= 7460965) AND (id <= 7470964))
	  ->  Bitmap Index Scan on sbtest3_pkey  (cost=0.00..211.31 rows=9888 width=0)
	        Index Cond: ((id >= 7460965) AND (id <= 7470964))

table 4 : explain SELECT c FROM sbtest4 WHERE id BETWEEN 1038971 AND 1048970
	Bitmap Heap Scan on sbtest4  (cost=223.38..35676.65 rows=10434 width=121)
	  Recheck Cond: ((id >= 1038971) AND (id <= 1048970))
	  ->  Bitmap Index Scan on sbtest4_pkey  (cost=0.00..220.78 rows=10434 width=0)
	        Index Cond: ((id >= 1038971) AND (id <= 1048970))

table 5 : explain SELECT c FROM sbtest5 WHERE id BETWEEN 9225843 AND 9235842
	Bitmap Heap Scan on sbtest5  (cost=221.71..35179.65 rows=10271 width=121)
	  Recheck Cond: ((id >= 9225843) AND (id <= 9235842))
	  ->  Bitmap Index Scan on sbtest5_pkey  (cost=0.00..219.15 rows=10271 width=0)
	        Index Cond: ((id >= 9225843) AND (id <= 9235842))

table 6 : explain SELECT c FROM sbtest6 WHERE id BETWEEN 7365680 AND 7375679
	Bitmap Heap Scan on sbtest6  (cost=207.08..33198.49 rows=9624 width=121)
	  Recheck Cond: ((id >= 7365680) AND (id <= 7375679))
	  ->  Bitmap Index Scan on sbtest6_pkey  (cost=0.00..204.68 rows=9624 width=0)
	        Index Cond: ((id >= 7365680) AND (id <= 7375679))

table 7 : explain SELECT c FROM sbtest7 WHERE id BETWEEN 7281410 AND 7291409
	Bitmap Heap Scan on sbtest7  (cost=230.10..36527.38 rows=10699 width=121)
	  Recheck Cond: ((id >= 7281410) AND (id <= 7291409))
	  ->  Bitmap Index Scan on sbtest7_pkey  (cost=0.00..227.43 rows=10699 width=0)
	        Index Cond: ((id >= 7281410) AND (id <= 7291409))

table 8 : explain SELECT c FROM sbtest8 WHERE id BETWEEN 775626 AND 785625
	Bitmap Heap Scan on sbtest8  (cost=221.66..35232.56 rows=10266 width=121)
	  Recheck Cond: ((id >= 775626) AND (id <= 785625))
	  ->  Bitmap Index Scan on sbtest8_pkey  (cost=0.00..219.09 rows=10266 width=0)
	        Index Cond: ((id >= 775626) AND (id <= 785625))

for: order_ranges
table 1 : explain SELECT c FROM sbtest1 WHERE id BETWEEN 8306759 AND 8316758 ORDER BY c
	Sort  (cost=35842.54..35868.23 rows=10275 width=121)
	  Sort Key: c
	  ->  Bitmap Heap Scan on sbtest1  (cost=221.75..35157.87 rows=10275 width=121)
	        Recheck Cond: ((id >= 8306759) AND (id <= 8316758))
	        ->  Bitmap Index Scan on sbtest1_pkey  (cost=0.00..219.19 rows=10275 width=0)
	              Index Cond: ((id >= 8306759) AND (id <= 8316758))

table 2 : explain SELECT c FROM sbtest2 WHERE id BETWEEN 6499043 AND 6509042 ORDER BY c
	Sort  (cost=33954.91..33979.11 rows=9681 width=121)
	  Sort Key: c
	  ->  Bitmap Heap Scan on sbtest2  (cost=207.67..33313.98 rows=9681 width=121)
	        Recheck Cond: ((id >= 6499043) AND (id <= 6509042))
	        ->  Bitmap Index Scan on sbtest2_pkey  (cost=0.00..205.25 rows=9681 width=0)
	              Index Cond: ((id >= 6499043) AND (id <= 6509042))

table 3 : explain SELECT c FROM sbtest3 WHERE id BETWEEN 3415254 AND 3425253 ORDER BY c
	Sort  (cost=34074.17..34098.46 rows=9714 width=121)
	  Sort Key: c
	  ->  Bitmap Heap Scan on sbtest3  (cost=208.00..33430.82 rows=9714 width=121)
	        Recheck Cond: ((id >= 3415254) AND (id <= 3425253))
	        ->  Bitmap Index Scan on sbtest3_pkey  (cost=0.00..205.57 rows=9714 width=0)
	              Index Cond: ((id >= 3415254) AND (id <= 3425253))

table 4 : explain SELECT c FROM sbtest4 WHERE id BETWEEN 2722944 AND 2732943 ORDER BY c
	Sort  (cost=34615.93..34640.63 rows=9880 width=121)
	  Sort Key: c
	  ->  Bitmap Heap Scan on sbtest4  (cost=213.71..33960.37 rows=9880 width=121)
	        Recheck Cond: ((id >= 2722944) AND (id <= 2732943))
	        ->  Bitmap Index Scan on sbtest4_pkey  (cost=0.00..211.24 rows=9880 width=0)
	              Index Cond: ((id >= 2722944) AND (id <= 2732943))

table 5 : explain SELECT c FROM sbtest5 WHERE id BETWEEN 5205229 AND 5215228 ORDER BY c
	Sort  (cost=38198.87..38226.40 rows=11011 width=121)
	  Sort Key: c
	  ->  Bitmap Heap Scan on sbtest5  (cost=237.30..37459.67 rows=11011 width=121)
	        Recheck Cond: ((id >= 5205229) AND (id <= 5215228))
	        ->  Bitmap Index Scan on sbtest5_pkey  (cost=0.00..234.55 rows=11011 width=0)
	              Index Cond: ((id >= 5205229) AND (id <= 5215228))

table 6 : explain SELECT c FROM sbtest6 WHERE id BETWEEN 3796986 AND 3806985 ORDER BY c
	Sort  (cost=34808.57..34833.39 rows=9928 width=121)
	  Sort Key: c
	  ->  Bitmap Heap Scan on sbtest6  (cost=214.20..34149.49 rows=9928 width=121)
	        Recheck Cond: ((id >= 3796986) AND (id <= 3806985))
	        ->  Bitmap Index Scan on sbtest6_pkey  (cost=0.00..211.72 rows=9928 width=0)
	              Index Cond: ((id >= 3796986) AND (id <= 3806985))

table 7 : explain SELECT c FROM sbtest7 WHERE id BETWEEN 4178818 AND 4188817 ORDER BY c
	Sort  (cost=34064.28..34088.53 rows=9700 width=121)
	  Sort Key: c
	  ->  Bitmap Heap Scan on sbtest7  (cost=207.86..33421.96 rows=9700 width=121)
	        Recheck Cond: ((id >= 4178818) AND (id <= 4188817))
	        ->  Bitmap Index Scan on sbtest7_pkey  (cost=0.00..205.44 rows=9700 width=0)
	              Index Cond: ((id >= 4178818) AND (id <= 4188817))

table 8 : explain SELECT c FROM sbtest8 WHERE id BETWEEN 7211154 AND 7221153 ORDER BY c
	Sort  (cost=33429.77..33453.49 rows=9490 width=121)
	  Sort Key: c
	  ->  Bitmap Heap Scan on sbtest8  (cost=205.71..32802.85 rows=9490 width=121)
	        Recheck Cond: ((id >= 7211154) AND (id <= 7221153))
	        ->  Bitmap Index Scan on sbtest8_pkey  (cost=0.00..203.34 rows=9490 width=0)
	              Index Cond: ((id >= 7211154) AND (id <= 7221153))

for: distinct_ranges
table 1 : explain SELECT DISTINCT c FROM sbtest1 WHERE id BETWEEN 7607914 AND 7617913 ORDER BY c
	Unique  (cost=35318.26..35368.81 rows=10110 width=121)
	  ->  Sort  (cost=35318.26..35343.53 rows=10110 width=121)
	        Sort Key: c
	        ->  Bitmap Heap Scan on sbtest1  (cost=216.06..34645.77 rows=10110 width=121)
	              Recheck Cond: ((id >= 7607914) AND (id <= 7617913))
	              ->  Bitmap Index Scan on sbtest1_pkey  (cost=0.00..213.54 rows=10110 width=0)
	                    Index Cond: ((id >= 7607914) AND (id <= 7617913))

table 2 : explain SELECT DISTINCT c FROM sbtest2 WHERE id BETWEEN 5773465 AND 5783464 ORDER BY c
	Unique  (cost=31286.10..31330.36 rows=8852 width=121)
	  ->  Sort  (cost=31286.10..31308.23 rows=8852 width=121)
	        Sort Key: c
	        ->  Bitmap Heap Scan on sbtest2  (cost=191.17..30705.78 rows=8852 width=121)
	              Recheck Cond: ((id >= 5773465) AND (id <= 5783464))
	              ->  Bitmap Index Scan on sbtest2_pkey  (cost=0.00..188.95 rows=8852 width=0)
	                    Index Cond: ((id >= 5773465) AND (id <= 5783464))

table 3 : explain SELECT DISTINCT c FROM sbtest3 WHERE id BETWEEN 681772 AND 691771 ORDER BY c
	Unique  (cost=33804.08..33852.23 rows=9630 width=121)
	  ->  Sort  (cost=33804.08..33828.15 rows=9630 width=121)
	        Sort Key: c
	        ->  Bitmap Heap Scan on sbtest3  (cost=207.14..33166.89 rows=9630 width=121)
	              Recheck Cond: ((id >= 681772) AND (id <= 691771))
	              ->  Bitmap Index Scan on sbtest3_pkey  (cost=0.00..204.74 rows=9630 width=0)
	                    Index Cond: ((id >= 681772) AND (id <= 691771))

table 4 : explain SELECT DISTINCT c FROM sbtest4 WHERE id BETWEEN 7006055 AND 7016054 ORDER BY c
	Unique  (cost=34514.00..34563.24 rows=9848 width=121)
	  ->  Sort  (cost=34514.00..34538.62 rows=9848 width=121)
	        Sort Key: c
	        ->  Bitmap Heap Scan on sbtest4  (cost=213.38..33860.80 rows=9848 width=121)
	              Recheck Cond: ((id >= 7006055) AND (id <= 7016054))
	              ->  Bitmap Index Scan on sbtest4_pkey  (cost=0.00..210.92 rows=9848 width=0)
	                    Index Cond: ((id >= 7006055) AND (id <= 7016054))

table 5 : explain SELECT DISTINCT c FROM sbtest5 WHERE id BETWEEN 4109501 AND 4119500 ORDER BY c
	Unique  (cost=33141.28..33188.37 rows=9419 width=121)
	  ->  Sort  (cost=33141.28..33164.83 rows=9419 width=121)
	        Sort Key: c
	        ->  Bitmap Heap Scan on sbtest5  (cost=200.98..32519.56 rows=9419 width=121)
	              Recheck Cond: ((id >= 4109501) AND (id <= 4119500))
	              ->  Bitmap Index Scan on sbtest5_pkey  (cost=0.00..198.62 rows=9419 width=0)
	                    Index Cond: ((id >= 4109501) AND (id <= 4119500))

table 6 : explain SELECT DISTINCT c FROM sbtest6 WHERE id BETWEEN 7974201 AND 7984200 ORDER BY c
	Unique  (cost=34548.42..34597.65 rows=9846 width=121)
	  ->  Sort  (cost=34548.42..34573.04 rows=9846 width=121)
	        Sort Key: c
	        ->  Bitmap Heap Scan on sbtest6  (cost=213.36..33895.37 rows=9846 width=121)
	              Recheck Cond: ((id >= 7974201) AND (id <= 7984200))
	              ->  Bitmap Index Scan on sbtest6_pkey  (cost=0.00..210.90 rows=9846 width=0)
	                    Index Cond: ((id >= 7974201) AND (id <= 7984200))

table 7 : explain SELECT DISTINCT c FROM sbtest7 WHERE id BETWEEN 9380190 AND 9390189 ORDER BY c
	Unique  (cost=33288.15..33335.44 rows=9458 width=121)
	  ->  Sort  (cost=33288.15..33311.79 rows=9458 width=121)
	        Sort Key: c
	        ->  Bitmap Heap Scan on sbtest7  (cost=205.38..32663.57 rows=9458 width=121)
	              Recheck Cond: ((id >= 9380190) AND (id <= 9390189))
	              ->  Bitmap Index Scan on sbtest7_pkey  (cost=0.00..203.01 rows=9458 width=0)
	                    Index Cond: ((id >= 9380190) AND (id <= 9390189))

table 8 : explain SELECT DISTINCT c FROM sbtest8 WHERE id BETWEEN 2796269 AND 2806268 ORDER BY c
	Unique  (cost=37433.16..37486.88 rows=10744 width=121)
	  ->  Sort  (cost=37433.16..37460.02 rows=10744 width=121)
	        Sort Key: c
	        ->  Bitmap Heap Scan on sbtest8  (cost=234.56..36713.78 rows=10744 width=121)
	              Recheck Cond: ((id >= 2796269) AND (id <= 2806268))
	              ->  Bitmap Index Scan on sbtest8_pkey  (cost=0.00..231.88 rows=10744 width=0)
	                    Index Cond: ((id >= 2796269) AND (id <= 2806268))

for: distinct_ranges
table 1 : explain SELECT DISTINCT c FROM sbtest1 WHERE id BETWEEN 4911597 AND 4921596 ORDER BY c
	Unique  (cost=37826.57..37881.10 rows=10905 width=121)
	  ->  Sort  (cost=37826.57..37853.84 rows=10905 width=121)
	        Sort Key: c
	        ->  Bitmap Heap Scan on sbtest1  (cost=232.21..37095.25 rows=10905 width=121)
	              Recheck Cond: ((id >= 4911597) AND (id <= 4921596))
	              ->  Bitmap Index Scan on sbtest1_pkey  (cost=0.00..229.49 rows=10905 width=0)
	                    Index Cond: ((id >= 4911597) AND (id <= 4921596))

table 2 : explain SELECT DISTINCT c FROM sbtest2 WHERE id BETWEEN 1518443 AND 1528442 ORDER BY c
	Unique  (cost=35833.13..35884.48 rows=10271 width=121)
	  ->  Sort  (cost=35833.13..35858.81 rows=10271 width=121)
	        Sort Key: c
	        ->  Bitmap Heap Scan on sbtest2  (cost=221.71..35148.76 rows=10271 width=121)
	              Recheck Cond: ((id >= 1518443) AND (id <= 1528442))
	              ->  Bitmap Index Scan on sbtest2_pkey  (cost=0.00..219.15 rows=10271 width=0)
	                    Index Cond: ((id >= 1518443) AND (id <= 1528442))

table 3 : explain SELECT DISTINCT c FROM sbtest3 WHERE id BETWEEN 7098392 AND 7108391 ORDER BY c
	Unique  (cost=36468.77..36521.11 rows=10468 width=121)
	  ->  Sort  (cost=36468.77..36494.94 rows=10468 width=121)
	        Sort Key: c
	        ->  Bitmap Heap Scan on sbtest3  (cost=223.73..35769.84 rows=10468 width=121)
	              Recheck Cond: ((id >= 7098392) AND (id <= 7108391))
	              ->  Bitmap Index Scan on sbtest3_pkey  (cost=0.00..221.12 rows=10468 width=0)
	                    Index Cond: ((id >= 7098392) AND (id <= 7108391))

table 4 : explain SELECT DISTINCT c FROM sbtest4 WHERE id BETWEEN 4091869 AND 4101868 ORDER BY c
	Unique  (cost=36941.49..36994.56 rows=10613 width=121)
	  ->  Sort  (cost=36941.49..36968.03 rows=10613 width=121)
	        Sort Key: c
	        ->  Bitmap Heap Scan on sbtest4  (cost=229.22..36231.83 rows=10613 width=121)
	              Recheck Cond: ((id >= 4091869) AND (id <= 4101868))
	              ->  Bitmap Index Scan on sbtest4_pkey  (cost=0.00..226.56 rows=10613 width=0)
	                    Index Cond: ((id >= 4091869) AND (id <= 4101868))

table 5 : explain SELECT DISTINCT c FROM sbtest5 WHERE id BETWEEN 7273423 AND 7283422 ORDER BY c
	Unique  (cost=34958.48..35008.41 rows=9987 width=121)
	  ->  Sort  (cost=34958.48..34983.44 rows=9987 width=121)
	        Sort Key: c
	        ->  Bitmap Heap Scan on sbtest5  (cost=214.80..34295.05 rows=9987 width=121)
	              Recheck Cond: ((id >= 7273423) AND (id <= 7283422))
	              ->  Bitmap Index Scan on sbtest5_pkey  (cost=0.00..212.31 rows=9987 width=0)
	                    Index Cond: ((id >= 7273423) AND (id <= 7283422))

table 6 : explain SELECT DISTINCT c FROM sbtest6 WHERE id BETWEEN 2540668 AND 2550667 ORDER BY c
	Unique  (cost=35706.22..35757.26 rows=10209 width=121)
	  ->  Sort  (cost=35706.22..35731.74 rows=10209 width=121)
	        Sort Key: c
	        ->  Bitmap Heap Scan on sbtest6  (cost=221.08..35026.42 rows=10209 width=121)
	              Recheck Cond: ((id >= 2540668) AND (id <= 2550667))
	              ->  Bitmap Index Scan on sbtest6_pkey  (cost=0.00..218.53 rows=10209 width=0)
	                    Index Cond: ((id >= 2540668) AND (id <= 2550667))

table 7 : explain SELECT DISTINCT c FROM sbtest7 WHERE id BETWEEN 9553106 AND 9563105 ORDER BY c
	Unique  (cost=34044.51..34092.98 rows=9694 width=121)
	  ->  Sort  (cost=34044.51..34068.74 rows=9694 width=121)
	        Sort Key: c
	        ->  Bitmap Heap Scan on sbtest7  (cost=207.80..33402.63 rows=9694 width=121)
	              Recheck Cond: ((id >= 9553106) AND (id <= 9563105))
	              ->  Bitmap Index Scan on sbtest7_pkey  (cost=0.00..205.38 rows=9694 width=0)
	                    Index Cond: ((id >= 9553106) AND (id <= 9563105))

table 8 : explain SELECT DISTINCT c FROM sbtest8 WHERE id BETWEEN 6188137 AND 6198136 ORDER BY c
	Unique  (cost=36363.22..36415.25 rows=10406 width=121)
	  ->  Sort  (cost=36363.22..36389.23 rows=10406 width=121)
	        Sort Key: c
	        ->  Bitmap Heap Scan on sbtest8  (cost=227.10..35668.87 rows=10406 width=121)
	              Recheck Cond: ((id >= 6188137) AND (id <= 6198136))
	              ->  Bitmap Index Scan on sbtest8_pkey  (cost=0.00..224.50 rows=10406 width=0)
	                    Index Cond: ((id >= 6188137) AND (id <= 6198136))

for point_selects
table 1 : explain SELECT c FROM sbtest1 WHERE id=7312460
	Index Scan using sbtest1_pkey on sbtest1  (cost=0.43..8.45 rows=1 width=121)
	  Index Cond: (id = 7312460)

table 2 : explain SELECT c FROM sbtest2 WHERE id=66608
	Index Scan using sbtest2_pkey on sbtest2  (cost=0.43..8.45 rows=1 width=121)
	  Index Cond: (id = 66608)

table 3 : explain SELECT c FROM sbtest3 WHERE id=1482320
	Index Scan using sbtest3_pkey on sbtest3  (cost=0.43..8.45 rows=1 width=121)
	  Index Cond: (id = 1482320)

table 4 : explain SELECT c FROM sbtest4 WHERE id=2989736
	Index Scan using sbtest4_pkey on sbtest4  (cost=0.43..8.45 rows=1 width=121)
	  Index Cond: (id = 2989736)

table 5 : explain SELECT c FROM sbtest5 WHERE id=7863335
	Index Scan using sbtest5_pkey on sbtest5  (cost=0.43..8.45 rows=1 width=121)
	  Index Cond: (id = 7863335)

table 6 : explain SELECT c FROM sbtest6 WHERE id=7110294
	Index Scan using sbtest6_pkey on sbtest6  (cost=0.43..8.45 rows=1 width=121)
	  Index Cond: (id = 7110294)

table 7 : explain SELECT c FROM sbtest7 WHERE id=90074
	Index Scan using sbtest7_pkey on sbtest7  (cost=0.43..8.45 rows=1 width=121)
	  Index Cond: (id = 90074)

table 8 : explain SELECT c FROM sbtest8 WHERE id=8838520
	Index Scan using sbtest8_pkey on sbtest8  (cost=0.43..8.45 rows=1 width=121)
	  Index Cond: (id = 8838520)

for: sum_ranges
table 1 : explain SELECT SUM(k) FROM sbtest1 WHERE id BETWEEN 8106669 AND 8116668
	Aggregate  (cost=33605.08..33605.09 rows=1 width=8)
	  ->  Bitmap Heap Scan on sbtest1  (cost=208.56..33580.66 rows=9768 width=4)
	        Recheck Cond: ((id >= 8106669) AND (id <= 8116668))
	        ->  Bitmap Index Scan on sbtest1_pkey  (cost=0.00..206.12 rows=9768 width=0)
	              Index Cond: ((id >= 8106669) AND (id <= 8116668))

table 2 : explain SELECT SUM(k) FROM sbtest2 WHERE id BETWEEN 5512521 AND 5522520
	Aggregate  (cost=34629.79..34629.80 rows=1 width=8)
	  ->  Bitmap Heap Scan on sbtest2  (cost=215.92..34604.55 rows=10096 width=4)
	        Recheck Cond: ((id >= 5512521) AND (id <= 5522520))
	        ->  Bitmap Index Scan on sbtest2_pkey  (cost=0.00..213.40 rows=10096 width=0)
	              Index Cond: ((id >= 5512521) AND (id <= 5522520))

table 3 : explain SELECT SUM(k) FROM sbtest3 WHERE id BETWEEN 8028554 AND 8038553
	Aggregate  (cost=33925.52..33925.53 rows=1 width=8)
	  ->  Bitmap Heap Scan on sbtest3  (cost=213.54..33900.86 rows=9864 width=4)
	        Recheck Cond: ((id >= 8028554) AND (id <= 8038553))
	        ->  Bitmap Index Scan on sbtest3_pkey  (cost=0.00..211.07 rows=9864 width=0)
	              Index Cond: ((id >= 8028554) AND (id <= 8038553))

table 4 : explain SELECT SUM(k) FROM sbtest4 WHERE id BETWEEN 6791290 AND 6801289
	Aggregate  (cost=35191.47..35191.48 rows=1 width=8)
	  ->  Bitmap Heap Scan on sbtest4  (cost=221.68..35165.80 rows=10268 width=4)
	        Recheck Cond: ((id >= 6791290) AND (id <= 6801289))
	        ->  Bitmap Index Scan on sbtest4_pkey  (cost=0.00..219.12 rows=10268 width=0)
	              Index Cond: ((id >= 6791290) AND (id <= 6801289))

table 5 : explain SELECT SUM(k) FROM sbtest5 WHERE id BETWEEN 6006243 AND 6016242
	Aggregate  (cost=34467.64..34467.65 rows=1 width=8)
	  ->  Bitmap Heap Scan on sbtest5  (cost=215.28..34442.55 rows=10034 width=4)
	        Recheck Cond: ((id >= 6006243) AND (id <= 6016242))
	        ->  Bitmap Index Scan on sbtest5_pkey  (cost=0.00..212.78 rows=10034 width=0)
	              Index Cond: ((id >= 6006243) AND (id <= 6016242))

table 6 : explain SELECT SUM(k) FROM sbtest6 WHERE id BETWEEN 3531853 AND 3541852
	Aggregate  (cost=36016.01..36016.02 rows=1 width=8)
	  ->  Bitmap Heap Scan on sbtest6  (cost=228.25..35989.71 rows=10519 width=4)
	        Recheck Cond: ((id >= 3531853) AND (id <= 3541852))
	        ->  Bitmap Index Scan on sbtest6_pkey  (cost=0.00..225.62 rows=10519 width=0)
	              Index Cond: ((id >= 3531853) AND (id <= 3541852))

table 7 : explain SELECT SUM(k) FROM sbtest7 WHERE id BETWEEN 9661048 AND 9671047
	Aggregate  (cost=36735.65..36735.66 rows=1 width=8)
	  ->  Bitmap Heap Scan on sbtest7  (cost=230.71..36708.75 rows=10759 width=4)
	        Recheck Cond: ((id >= 9661048) AND (id <= 9671047))
	        ->  Bitmap Index Scan on sbtest7_pkey  (cost=0.00..228.03 rows=10759 width=0)
	              Index Cond: ((id >= 9661048) AND (id <= 9671047))

table 8 : explain SELECT SUM(k) FROM sbtest8 WHERE id BETWEEN 1499143 AND 1509142
	Aggregate  (cost=33049.93..33049.94 rows=1 width=8)
	  ->  Bitmap Heap Scan on sbtest8  (cost=206.44..33026.03 rows=9561 width=4)
	        Recheck Cond: ((id >= 1499143) AND (id <= 1509142))
	        ->  Bitmap Index Scan on sbtest8_pkey  (cost=0.00..204.05 rows=9561 width=0)
	              Index Cond: ((id >= 1499143) AND (id <= 1509142))

for point_selects
table 1 : explain SELECT c FROM sbtest1 WHERE id=9407492
	Index Scan using sbtest1_pkey on sbtest1  (cost=0.43..8.45 rows=1 width=121)
	  Index Cond: (id = 9407492)

table 2 : explain SELECT c FROM sbtest2 WHERE id=623728
	Index Scan using sbtest2_pkey on sbtest2  (cost=0.43..8.45 rows=1 width=121)
	  Index Cond: (id = 623728)

table 3 : explain SELECT c FROM sbtest3 WHERE id=1591842
	Index Scan using sbtest3_pkey on sbtest3  (cost=0.43..8.45 rows=1 width=121)
	  Index Cond: (id = 1591842)

table 4 : explain SELECT c FROM sbtest4 WHERE id=8697165
	Index Scan using sbtest4_pkey on sbtest4  (cost=0.43..8.45 rows=1 width=121)
	  Index Cond: (id = 8697165)

table 5 : explain SELECT c FROM sbtest5 WHERE id=6863640
	Index Scan using sbtest5_pkey on sbtest5  (cost=0.43..8.45 rows=1 width=121)
	  Index Cond: (id = 6863640)

table 6 : explain SELECT c FROM sbtest6 WHERE id=3276722
	Index Scan using sbtest6_pkey on sbtest6  (cost=0.43..8.45 rows=1 width=121)
	  Index Cond: (id = 3276722)

table 7 : explain SELECT c FROM sbtest7 WHERE id=6178757
	Index Scan using sbtest7_pkey on sbtest7  (cost=0.43..8.45 rows=1 width=121)
	  Index Cond: (id = 6178757)

table 8 : explain SELECT c FROM sbtest8 WHERE id=2681133
	Index Scan using sbtest8_pkey on sbtest8  (cost=0.43..8.45 rows=1 width=121)
	  Index Cond: (id = 2681133)

for: simple_ranges
table 1 : explain SELECT c FROM sbtest1 WHERE id BETWEEN 6520494 AND 6530493
	Bitmap Heap Scan on sbtest1  (cost=208.55..33577.45 rows=9767 width=121)
	  Recheck Cond: ((id >= 6520494) AND (id <= 6530493))
	  ->  Bitmap Index Scan on sbtest1_pkey  (cost=0.00..206.11 rows=9767 width=0)
	        Index Cond: ((id >= 6520494) AND (id <= 6530493))

table 2 : explain SELECT c FROM sbtest2 WHERE id BETWEEN 3746510 AND 3756509
	Bitmap Heap Scan on sbtest2  (cost=231.45..36874.18 rows=10831 width=121)
	  Recheck Cond: ((id >= 3746510) AND (id <= 3756509))
	  ->  Bitmap Index Scan on sbtest2_pkey  (cost=0.00..228.75 rows=10831 width=0)
	        Index Cond: ((id >= 3746510) AND (id <= 3756509))

table 3 : explain SELECT c FROM sbtest3 WHERE id BETWEEN 613004 AND 623003
	Bitmap Heap Scan on sbtest3  (cost=207.14..33166.89 rows=9630 width=121)
	  Recheck Cond: ((id >= 613004) AND (id <= 623003))
	  ->  Bitmap Index Scan on sbtest3_pkey  (cost=0.00..204.74 rows=9630 width=0)
	        Index Cond: ((id >= 613004) AND (id <= 623003))

table 4 : explain SELECT c FROM sbtest4 WHERE id BETWEEN 9390430 AND 9400429
	Bitmap Heap Scan on sbtest4  (cost=206.32..32926.53 rows=9550 width=121)
	  Recheck Cond: ((id >= 9390430) AND (id <= 9400429))
	  ->  Bitmap Index Scan on sbtest4_pkey  (cost=0.00..203.94 rows=9550 width=0)
	        Index Cond: ((id >= 9390430) AND (id <= 9400429))

table 5 : explain SELECT c FROM sbtest5 WHERE id BETWEEN 2880732 AND 2890731
	Bitmap Heap Scan on sbtest5  (cost=223.63..35757.55 rows=10458 width=121)
	  Recheck Cond: ((id >= 2880732) AND (id <= 2890731))
	  ->  Bitmap Index Scan on sbtest5_pkey  (cost=0.00..221.01 rows=10458 width=0)
	        Index Cond: ((id >= 2880732) AND (id <= 2890731))

table 6 : explain SELECT c FROM sbtest6 WHERE id BETWEEN 6850742 AND 6860741
	Bitmap Heap Scan on sbtest6  (cost=235.60..36993.91 rows=10845 width=121)
	  Recheck Cond: ((id >= 6850742) AND (id <= 6860741))
	  ->  Bitmap Index Scan on sbtest6_pkey  (cost=0.00..232.88 rows=10845 width=0)
	        Index Cond: ((id >= 6850742) AND (id <= 6860741))

table 7 : explain SELECT c FROM sbtest7 WHERE id BETWEEN 7894029 AND 7904028
	Bitmap Heap Scan on sbtest7  (cost=216.63..34871.76 rows=10165 width=121)
	  Recheck Cond: ((id >= 7894029) AND (id <= 7904028))
	  ->  Bitmap Index Scan on sbtest7_pkey  (cost=0.00..214.09 rows=10165 width=0)
	        Index Cond: ((id >= 7894029) AND (id <= 7904028))

table 8 : explain SELECT c FROM sbtest8 WHERE id BETWEEN 138524 AND 148523
	Bitmap Heap Scan on sbtest8  (cost=235.43..36974.94 rows=10829 width=121)
	  Recheck Cond: ((id >= 138524) AND (id <= 148523))
	  ->  Bitmap Index Scan on sbtest8_pkey  (cost=0.00..232.73 rows=10829 width=0)
	        Index Cond: ((id >= 138524) AND (id <= 148523))

for point_selects
table 1 : explain SELECT c FROM sbtest1 WHERE id=2667145
	Index Scan using sbtest1_pkey on sbtest1  (cost=0.43..8.45 rows=1 width=121)
	  Index Cond: (id = 2667145)

table 2 : explain SELECT c FROM sbtest2 WHERE id=918738
	Index Scan using sbtest2_pkey on sbtest2  (cost=0.43..8.45 rows=1 width=121)
	  Index Cond: (id = 918738)

table 3 : explain SELECT c FROM sbtest3 WHERE id=9655713
	Index Scan using sbtest3_pkey on sbtest3  (cost=0.43..8.45 rows=1 width=121)
	  Index Cond: (id = 9655713)

table 4 : explain SELECT c FROM sbtest4 WHERE id=6232343
	Index Scan using sbtest4_pkey on sbtest4  (cost=0.43..8.45 rows=1 width=121)
	  Index Cond: (id = 6232343)

table 5 : explain SELECT c FROM sbtest5 WHERE id=1481095
	Index Scan using sbtest5_pkey on sbtest5  (cost=0.43..8.45 rows=1 width=121)
	  Index Cond: (id = 1481095)

table 6 : explain SELECT c FROM sbtest6 WHERE id=9498690
	Index Scan using sbtest6_pkey on sbtest6  (cost=0.43..8.45 rows=1 width=121)
	  Index Cond: (id = 9498690)

table 7 : explain SELECT c FROM sbtest7 WHERE id=9273115
	Index Scan using sbtest7_pkey on sbtest7  (cost=0.43..8.45 rows=1 width=121)
	  Index Cond: (id = 9273115)

table 8 : explain SELECT c FROM sbtest8 WHERE id=8017997
	Index Scan using sbtest8_pkey on sbtest8  (cost=0.43..8.45 rows=1 width=121)
	  Index Cond: (id = 8017997)

for point_selects
table 1 : explain SELECT c FROM sbtest1 WHERE id=405910
	Index Scan using sbtest1_pkey on sbtest1  (cost=0.43..8.45 rows=1 width=121)
	  Index Cond: (id = 405910)

table 2 : explain SELECT c FROM sbtest2 WHERE id=8837916
	Index Scan using sbtest2_pkey on sbtest2  (cost=0.43..8.45 rows=1 width=121)
	  Index Cond: (id = 8837916)

table 3 : explain SELECT c FROM sbtest3 WHERE id=2332988
	Index Scan using sbtest3_pkey on sbtest3  (cost=0.43..8.45 rows=1 width=121)
	  Index Cond: (id = 2332988)

table 4 : explain SELECT c FROM sbtest4 WHERE id=221342
	Index Scan using sbtest4_pkey on sbtest4  (cost=0.43..8.45 rows=1 width=121)
	  Index Cond: (id = 221342)

table 5 : explain SELECT c FROM sbtest5 WHERE id=9329381
	Index Scan using sbtest5_pkey on sbtest5  (cost=0.43..8.45 rows=1 width=121)
	  Index Cond: (id = 9329381)

table 6 : explain SELECT c FROM sbtest6 WHERE id=8419960
	Index Scan using sbtest6_pkey on sbtest6  (cost=0.43..8.45 rows=1 width=121)
	  Index Cond: (id = 8419960)

table 7 : explain SELECT c FROM sbtest7 WHERE id=4397309
	Index Scan using sbtest7_pkey on sbtest7  (cost=0.43..8.45 rows=1 width=121)
	  Index Cond: (id = 4397309)

table 8 : explain SELECT c FROM sbtest8 WHERE id=2434038
	Index Scan using sbtest8_pkey on sbtest8  (cost=0.43..8.45 rows=1 width=121)
	  Index Cond: (id = 2434038)

explain: for point_selects :: explain SELECT c FROM sbtest%u WHERE id=%u
for: distinct_ranges
table 1 : explain SELECT DISTINCT c FROM sbtest1 WHERE id BETWEEN 8095704 AND 8105703 ORDER BY c
	Unique  (cost=34573.83..34623.21 rows=9876 width=121)
	  ->  Sort  (cost=34573.83..34598.52 rows=9876 width=121)
	        Sort Key: c
	        ->  Bitmap Heap Scan on sbtest1  (cost=213.66..33918.57 rows=9876 width=121)
	              Recheck Cond: ((id >= 8095704) AND (id <= 8105703))
	              ->  Bitmap Index Scan on sbtest1_pkey  (cost=0.00..211.19 rows=9876 width=0)
	                    Index Cond: ((id >= 8095704) AND (id <= 8105703))

table 2 : explain SELECT DISTINCT c FROM sbtest2 WHERE id BETWEEN 668553 AND 678552 ORDER BY c
	Unique  (cost=33948.33..33996.72 rows=9679 width=121)
	  ->  Sort  (cost=33948.33..33972.53 rows=9679 width=121)
	        Sort Key: c
	        ->  Bitmap Heap Scan on sbtest2  (cost=207.64..33307.55 rows=9679 width=121)
	              Recheck Cond: ((id >= 668553) AND (id <= 678552))
	              ->  Bitmap Index Scan on sbtest2_pkey  (cost=0.00..205.23 rows=9679 width=0)
	                    Index Cond: ((id >= 668553) AND (id <= 678552))

table 3 : explain SELECT DISTINCT c FROM sbtest3 WHERE id BETWEEN 4414029 AND 4424028 ORDER BY c
	Unique  (cost=35995.05..36046.64 rows=10317 width=121)
	  ->  Sort  (cost=35995.05..36020.84 rows=10317 width=121)
	        Sort Key: c
	        ->  Bitmap Heap Scan on sbtest3  (cost=222.18..35307.28 rows=10317 width=121)
	              Recheck Cond: ((id >= 4414029) AND (id <= 4424028))
	              ->  Bitmap Index Scan on sbtest3_pkey  (cost=0.00..219.61 rows=10317 width=0)
	                    Index Cond: ((id >= 4414029) AND (id <= 4424028))

table 4 : explain SELECT DISTINCT c FROM sbtest4 WHERE id BETWEEN 4231718 AND 4241717 ORDER BY c
	Unique  (cost=33310.12..33357.48 rows=9472 width=121)
	  ->  Sort  (cost=33310.12..33333.80 rows=9472 width=121)
	        Sort Key: c
	        ->  Bitmap Heap Scan on sbtest4  (cost=205.52..32684.52 rows=9472 width=121)
	              Recheck Cond: ((id >= 4231718) AND (id <= 4241717))
	              ->  Bitmap Index Scan on sbtest4_pkey  (cost=0.00..203.16 rows=9472 width=0)
	                    Index Cond: ((id >= 4231718) AND (id <= 4241717))

table 5 : explain SELECT DISTINCT c FROM sbtest5 WHERE id BETWEEN 5372697 AND 5382696 ORDER BY c
	Unique  (cost=35611.85..35662.80 rows=10191 width=121)
	  ->  Sort  (cost=35611.85..35637.33 rows=10191 width=121)
	        Sort Key: c
	        ->  Bitmap Heap Scan on sbtest5  (cost=220.89..34933.38 rows=10191 width=121)
	              Recheck Cond: ((id >= 5372697) AND (id <= 5382696))
	              ->  Bitmap Index Scan on sbtest5_pkey  (cost=0.00..218.34 rows=10191 width=0)
	                    Index Cond: ((id >= 5372697) AND (id <= 5382696))

table 6 : explain SELECT DISTINCT c FROM sbtest6 WHERE id BETWEEN 2512378 AND 2522377 ORDER BY c
	Unique  (cost=35706.22..35757.26 rows=10209 width=121)
	  ->  Sort  (cost=35706.22..35731.74 rows=10209 width=121)
	        Sort Key: c
	        ->  Bitmap Heap Scan on sbtest6  (cost=221.08..35026.42 rows=10209 width=121)
	              Recheck Cond: ((id >= 2512378) AND (id <= 2522377))
	              ->  Bitmap Index Scan on sbtest6_pkey  (cost=0.00..218.53 rows=10209 width=0)
	                    Index Cond: ((id >= 2512378) AND (id <= 2522377))

table 7 : explain SELECT DISTINCT c FROM sbtest7 WHERE id BETWEEN 5003632 AND 5013631 ORDER BY c
	Unique  (cost=32575.30..32621.49 rows=9237 width=121)
	  ->  Sort  (cost=32575.30..32598.39 rows=9237 width=121)
	        Sort Key: c
	        ->  Bitmap Heap Scan on sbtest7  (cost=199.11..31966.90 rows=9237 width=121)
	              Recheck Cond: ((id >= 5003632) AND (id <= 5013631))
	              ->  Bitmap Index Scan on sbtest7_pkey  (cost=0.00..196.81 rows=9237 width=0)
	                    Index Cond: ((id >= 5003632) AND (id <= 5013631))

table 8 : explain SELECT DISTINCT c FROM sbtest8 WHERE id BETWEEN 1013321 AND 1023320 ORDER BY c
	Unique  (cost=38992.56..39048.75 rows=11239 width=121)
	  ->  Sort  (cost=38992.56..39020.65 rows=11239 width=121)
	        Sort Key: c
	        ->  Bitmap Heap Scan on sbtest8  (cost=243.63..38236.38 rows=11239 width=121)
	              Recheck Cond: ((id >= 1013321) AND (id <= 1023320))
	              ->  Bitmap Index Scan on sbtest8_pkey  (cost=0.00..240.82 rows=11239 width=0)
	                    Index Cond: ((id >= 1013321) AND (id <= 1023320))

for: distinct_ranges
table 1 : explain SELECT DISTINCT c FROM sbtest1 WHERE id BETWEEN 790439 AND 800438 ORDER BY c
	Unique  (cost=33711.17..33759.20 rows=9606 width=121)
	  ->  Sort  (cost=33711.17..33735.18 rows=9606 width=121)
	        Sort Key: c
	        ->  Bitmap Heap Scan on sbtest1  (cost=206.90..33075.74 rows=9606 width=121)
	              Recheck Cond: ((id >= 790439) AND (id <= 800438))
	              ->  Bitmap Index Scan on sbtest1_pkey  (cost=0.00..204.50 rows=9606 width=0)
	                    Index Cond: ((id >= 790439) AND (id <= 800438))

table 2 : explain SELECT DISTINCT c FROM sbtest2 WHERE id BETWEEN 5017351 AND 5027350 ORDER BY c
	Unique  (cost=36332.84..36384.99 rows=10429 width=121)
	  ->  Sort  (cost=36332.84..36358.91 rows=10429 width=121)
	        Sort Key: c
	        ->  Bitmap Heap Scan on sbtest2  (cost=223.33..35636.79 rows=10429 width=121)
	              Recheck Cond: ((id >= 5017351) AND (id <= 5027350))
	              ->  Bitmap Index Scan on sbtest2_pkey  (cost=0.00..220.73 rows=10429 width=0)
	                    Index Cond: ((id >= 5017351) AND (id <= 5027350))

table 3 : explain SELECT DISTINCT c FROM sbtest3 WHERE id BETWEEN 3841849 AND 3851848 ORDER BY c
	Unique  (cost=35913.29..35964.75 rows=10291 width=121)
	  ->  Sort  (cost=35913.29..35939.02 rows=10291 width=121)
	        Sort Key: c
	        ->  Bitmap Heap Scan on sbtest3  (cost=221.92..35227.45 rows=10291 width=121)
	              Recheck Cond: ((id >= 3841849) AND (id <= 3851848))
	              ->  Bitmap Index Scan on sbtest3_pkey  (cost=0.00..219.34 rows=10291 width=0)
	                    Index Cond: ((id >= 3841849) AND (id <= 3851848))

table 4 : explain SELECT DISTINCT c FROM sbtest4 WHERE id BETWEEN 2984984 AND 2994983 ORDER BY c
	Unique  (cost=36526.57..36578.98 rows=10483 width=121)
	  ->  Sort  (cost=36526.57..36552.77 rows=10483 width=121)
	        Sort Key: c
	        ->  Bitmap Heap Scan on sbtest4  (cost=223.89..35826.52 rows=10483 width=121)
	              Recheck Cond: ((id >= 2984984) AND (id <= 2994983))
	              ->  Bitmap Index Scan on sbtest4_pkey  (cost=0.00..221.26 rows=10483 width=0)
	                    Index Cond: ((id >= 2984984) AND (id <= 2994983))

table 5 : explain SELECT DISTINCT c FROM sbtest5 WHERE id BETWEEN 5164638 AND 5174637 ORDER BY c
	Unique  (cost=38198.87..38253.93 rows=11011 width=121)
	  ->  Sort  (cost=38198.87..38226.40 rows=11011 width=121)
	        Sort Key: c
	        ->  Bitmap Heap Scan on sbtest5  (cost=237.30..37459.67 rows=11011 width=121)
	              Recheck Cond: ((id >= 5164638) AND (id <= 5174637))
	              ->  Bitmap Index Scan on sbtest5_pkey  (cost=0.00..234.55 rows=11011 width=0)
	                    Index Cond: ((id >= 5164638) AND (id <= 5174637))

table 6 : explain SELECT DISTINCT c FROM sbtest6 WHERE id BETWEEN 7869250 AND 7879249 ORDER BY c
	Unique  (cost=33200.31..33247.44 rows=9426 width=121)
	  ->  Sort  (cost=33200.31..33223.88 rows=9426 width=121)
	        Sort Key: c
	        ->  Bitmap Heap Scan on sbtest6  (cost=205.05..32578.08 rows=9426 width=121)
	              Recheck Cond: ((id >= 7869250) AND (id <= 7879249))
	              ->  Bitmap Index Scan on sbtest6_pkey  (cost=0.00..202.69 rows=9426 width=0)
	                    Index Cond: ((id >= 7869250) AND (id <= 7879249))

table 7 : explain SELECT DISTINCT c FROM sbtest7 WHERE id BETWEEN 5474050 AND 5484049 ORDER BY c
	Unique  (cost=32807.35..32853.89 rows=9309 width=121)
	  ->  Sort  (cost=32807.35..32830.62 rows=9309 width=121)
	        Sort Key: c
	        ->  Bitmap Heap Scan on sbtest7  (cost=199.85..32193.68 rows=9309 width=121)
	              Recheck Cond: ((id >= 5474050) AND (id <= 5484049))
	              ->  Bitmap Index Scan on sbtest7_pkey  (cost=0.00..197.53 rows=9309 width=0)
	                    Index Cond: ((id >= 5474050) AND (id <= 5484049))

table 8 : explain SELECT DISTINCT c FROM sbtest8 WHERE id BETWEEN 3233559 AND 3243558 ORDER BY c
	Unique  (cost=36120.74..36172.39 rows=10330 width=121)
	  ->  Sort  (cost=36120.74..36146.57 rows=10330 width=121)
	        Sort Key: c
	        ->  Bitmap Heap Scan on sbtest8  (cost=226.32..35432.01 rows=10330 width=121)
	              Recheck Cond: ((id >= 3233559) AND (id <= 3243558))
	              ->  Bitmap Index Scan on sbtest8_pkey  (cost=0.00..223.74 rows=10330 width=0)
	                    Index Cond: ((id >= 3233559) AND (id <= 3243558))

for: sum_ranges
table 1 : explain SELECT SUM(k) FROM sbtest1 WHERE id BETWEEN 3101016 AND 3111015
	Aggregate  (cost=30454.75..30454.76 rows=1 width=8)
	  ->  Bitmap Heap Scan on sbtest1  (cost=190.29..30432.83 rows=8766 width=4)
	        Recheck Cond: ((id >= 3101016) AND (id <= 3111015))
	        ->  Bitmap Index Scan on sbtest1_pkey  (cost=0.00..188.09 rows=8766 width=0)
	              Index Cond: ((id >= 3101016) AND (id <= 3111015))

table 2 : explain SELECT SUM(k) FROM sbtest2 WHERE id BETWEEN 4180322 AND 4190321
	Aggregate  (cost=32673.31..32673.32 rows=1 width=8)
	  ->  Bitmap Heap Scan on sbtest2  (cost=201.49..32649.63 rows=9469 width=4)
	        Recheck Cond: ((id >= 4180322) AND (id <= 4190321))
	        ->  Bitmap Index Scan on sbtest2_pkey  (cost=0.00..199.12 rows=9469 width=0)
	              Index Cond: ((id >= 4180322) AND (id <= 4190321))

table 3 : explain SELECT SUM(k) FROM sbtest3 WHERE id BETWEEN 4442503 AND 4452502
	Aggregate  (cost=36153.76..36153.77 rows=1 width=8)
	  ->  Bitmap Heap Scan on sbtest3  (cost=228.90..36127.31 rows=10582 width=4)
	        Recheck Cond: ((id >= 4442503) AND (id <= 4452502))
	        ->  Bitmap Index Scan on sbtest3_pkey  (cost=0.00..226.25 rows=10582 width=0)
	              Index Cond: ((id >= 4442503) AND (id <= 4452502))

table 4 : explain SELECT SUM(k) FROM sbtest4 WHERE id BETWEEN 6936193 AND 6946192
	Aggregate  (cost=34540.51..34540.52 rows=1 width=8)
	  ->  Bitmap Heap Scan on sbtest4  (cost=215.54..34515.36 rows=10059 width=4)
	        Recheck Cond: ((id >= 6936193) AND (id <= 6946192))
	        ->  Bitmap Index Scan on sbtest4_pkey  (cost=0.00..213.03 rows=10059 width=0)
	              Index Cond: ((id >= 6936193) AND (id <= 6946192))

table 5 : explain SELECT SUM(k) FROM sbtest5 WHERE id BETWEEN 9835515 AND 9845514
	Aggregate  (cost=33718.12..33718.13 rows=1 width=8)
	  ->  Bitmap Heap Scan on sbtest5  (cost=208.82..33693.64 rows=9794 width=4)
	        Recheck Cond: ((id >= 9835515) AND (id <= 9845514))
	        ->  Bitmap Index Scan on sbtest5_pkey  (cost=0.00..206.38 rows=9794 width=0)
	              Index Cond: ((id >= 9835515) AND (id <= 9845514))

table 6 : explain SELECT SUM(k) FROM sbtest6 WHERE id BETWEEN 677560 AND 687559
	Aggregate  (cost=33871.68..33871.69 rows=1 width=8)
	  ->  Bitmap Heap Scan on sbtest6  (cost=213.20..33847.10 rows=9831 width=4)
	        Recheck Cond: ((id >= 677560) AND (id <= 687559))
	        ->  Bitmap Index Scan on sbtest6_pkey  (cost=0.00..210.75 rows=9831 width=0)
	              Index Cond: ((id >= 677560) AND (id <= 687559))

table 7 : explain SELECT SUM(k) FROM sbtest7 WHERE id BETWEEN 628311 AND 638310
	Aggregate  (cost=35199.19..35199.20 rows=1 width=8)
	  ->  Bitmap Heap Scan on sbtest7  (cost=221.62..35173.53 rows=10262 width=4)
	        Recheck Cond: ((id >= 628311) AND (id <= 638310))
	        ->  Bitmap Index Scan on sbtest7_pkey  (cost=0.00..219.06 rows=10262 width=0)
	              Index Cond: ((id >= 628311) AND (id <= 638310))

table 8 : explain SELECT SUM(k) FROM sbtest8 WHERE id BETWEEN 1996784 AND 2006783
	Aggregate  (cost=32554.37..32554.38 rows=1 width=8)
	  ->  Bitmap Heap Scan on sbtest8  (cost=204.82..32530.86 rows=9403 width=4)
	        Recheck Cond: ((id >= 1996784) AND (id <= 2006783))
	        ->  Bitmap Index Scan on sbtest8_pkey  (cost=0.00..202.47 rows=9403 width=0)
	              Index Cond: ((id >= 1996784) AND (id <= 2006783))

for: simple_ranges
table 1 : explain SELECT c FROM sbtest1 WHERE id BETWEEN 3053236 AND 3063235
	Bitmap Heap Scan on sbtest1  (cost=190.29..30432.83 rows=8766 width=121)
	  Recheck Cond: ((id >= 3053236) AND (id <= 3063235))
	  ->  Bitmap Index Scan on sbtest1_pkey  (cost=0.00..188.09 rows=8766 width=0)
	        Index Cond: ((id >= 3053236) AND (id <= 3063235))

table 2 : explain SELECT c FROM sbtest2 WHERE id BETWEEN 1063559 AND 1073558
	Bitmap Heap Scan on sbtest2  (cost=215.24..34402.84 rows=10030 width=121)
	  Recheck Cond: ((id >= 1063559) AND (id <= 1073558))
	  ->  Bitmap Index Scan on sbtest2_pkey  (cost=0.00..212.74 rows=10030 width=0)
	        Index Cond: ((id >= 1063559) AND (id <= 1073558))

table 3 : explain SELECT c FROM sbtest3 WHERE id BETWEEN 8973435 AND 8983434
	Bitmap Heap Scan on sbtest3  (cost=224.33..35948.24 rows=10526 width=121)
	  Recheck Cond: ((id >= 8973435) AND (id <= 8983434))
	  ->  Bitmap Index Scan on sbtest3_pkey  (cost=0.00..221.69 rows=10526 width=0)
	        Index Cond: ((id >= 8973435) AND (id <= 8983434))

table 4 : explain SELECT c FROM sbtest4 WHERE id BETWEEN 8747550 AND 8757549
	Bitmap Heap Scan on sbtest4  (cost=214.49..34197.93 rows=9957 width=121)
	  Recheck Cond: ((id >= 8747550) AND (id <= 8757549))
	  ->  Bitmap Index Scan on sbtest4_pkey  (cost=0.00..212.00 rows=9957 width=0)
	        Index Cond: ((id >= 8747550) AND (id <= 8757549))

table 5 : explain SELECT c FROM sbtest5 WHERE id BETWEEN 9691594 AND 9701593
	Bitmap Heap Scan on sbtest5  (cost=207.32..33233.38 rows=9647 width=121)
	  Recheck Cond: ((id >= 9691594) AND (id <= 9701593))
	  ->  Bitmap Index Scan on sbtest5_pkey  (cost=0.00..204.91 rows=9647 width=0)
	        Index Cond: ((id >= 9691594) AND (id <= 9701593))

table 6 : explain SELECT c FROM sbtest6 WHERE id BETWEEN 9737159 AND 9747158
	Bitmap Heap Scan on sbtest6  (cost=228.41..36034.40 rows=10534 width=121)
	  Recheck Cond: ((id >= 9737159) AND (id <= 9747158))
	  ->  Bitmap Index Scan on sbtest6_pkey  (cost=0.00..225.78 rows=10534 width=0)
	        Index Cond: ((id >= 9737159) AND (id <= 9747158))

table 7 : explain SELECT c FROM sbtest7 WHERE id BETWEEN 3687325 AND 3697324
	Bitmap Heap Scan on sbtest7  (cost=216.59..34858.95 rows=10161 width=121)
	  Recheck Cond: ((id >= 3687325) AND (id <= 3697324))
	  ->  Bitmap Index Scan on sbtest7_pkey  (cost=0.00..214.05 rows=10161 width=0)
	        Index Cond: ((id >= 3687325) AND (id <= 3697324))

table 8 : explain SELECT c FROM sbtest8 WHERE id BETWEEN 1630928 AND 1640927
	Bitmap Heap Scan on sbtest8  (cost=219.23..34494.37 rows=10029 width=121)
	  Recheck Cond: ((id >= 1630928) AND (id <= 1640927))
	  ->  Bitmap Index Scan on sbtest8_pkey  (cost=0.00..216.73 rows=10029 width=0)
	        Index Cond: ((id >= 1630928) AND (id <= 1640927))

for: simple_ranges
table 1 : explain SELECT c FROM sbtest1 WHERE id BETWEEN 96303 AND 106302
	Bitmap Heap Scan on sbtest1  (cost=198.23..31647.82 rows=9151 width=121)
	  Recheck Cond: ((id >= 96303) AND (id <= 106302))
	  ->  Bitmap Index Scan on sbtest1_pkey  (cost=0.00..195.94 rows=9151 width=0)
	        Index Cond: ((id >= 96303) AND (id <= 106302))

table 2 : explain SELECT c FROM sbtest2 WHERE id BETWEEN 9497404 AND 9507403
	Bitmap Heap Scan on sbtest2  (cost=207.33..33211.02 rows=9648 width=121)
	  Recheck Cond: ((id >= 9497404) AND (id <= 9507403))
	  ->  Bitmap Index Scan on sbtest2_pkey  (cost=0.00..204.92 rows=9648 width=0)
	        Index Cond: ((id >= 9497404) AND (id <= 9507403))

table 3 : explain SELECT c FROM sbtest3 WHERE id BETWEEN 6980587 AND 6990586
	Bitmap Heap Scan on sbtest3  (cost=199.98..32198.03 rows=9321 width=121)
	  Recheck Cond: ((id >= 6980587) AND (id <= 6990586))
	  ->  Bitmap Index Scan on sbtest3_pkey  (cost=0.00..197.65 rows=9321 width=0)
	        Index Cond: ((id >= 6980587) AND (id <= 6990586))

table 4 : explain SELECT c FROM sbtest4 WHERE id BETWEEN 7678329 AND 7688328
	Bitmap Heap Scan on sbtest4  (cost=213.13..33783.70 rows=9824 width=121)
	  Recheck Cond: ((id >= 7678329) AND (id <= 7688328))
	  ->  Bitmap Index Scan on sbtest4_pkey  (cost=0.00..210.68 rows=9824 width=0)
	        Index Cond: ((id >= 7678329) AND (id <= 7688328))

table 5 : explain SELECT c FROM sbtest5 WHERE id BETWEEN 5679985 AND 5689984
	Bitmap Heap Scan on sbtest5  (cost=213.99..34051.12 rows=9908 width=121)
	  Recheck Cond: ((id >= 5679985) AND (id <= 5689984))
	  ->  Bitmap Index Scan on sbtest5_pkey  (cost=0.00..211.51 rows=9908 width=0)
	        Index Cond: ((id >= 5679985) AND (id <= 5689984))

table 6 : explain SELECT c FROM sbtest6 WHERE id BETWEEN 4521021 AND 4531020
	Bitmap Heap Scan on sbtest6  (cost=212.71..33698.98 rows=9783 width=121)
	  Recheck Cond: ((id >= 4521021) AND (id <= 4531020))
	  ->  Bitmap Index Scan on sbtest6_pkey  (cost=0.00..210.26 rows=9783 width=0)
	        Index Cond: ((id >= 4521021) AND (id <= 4531020))

table 7 : explain SELECT c FROM sbtest7 WHERE id BETWEEN 4230558 AND 4240557
	Bitmap Heap Scan on sbtest7  (cost=215.55..34544.79 rows=10060 width=121)
	  Recheck Cond: ((id >= 4230558) AND (id <= 4240557))
	  ->  Bitmap Index Scan on sbtest7_pkey  (cost=0.00..213.04 rows=10060 width=0)
	        Index Cond: ((id >= 4230558) AND (id <= 4240557))

table 8 : explain SELECT c FROM sbtest8 WHERE id BETWEEN 509825 AND 519824
	Bitmap Heap Scan on sbtest8  (cost=219.83..34674.31 rows=10087 width=121)
	  Recheck Cond: ((id >= 509825) AND (id <= 519824))
	  ->  Bitmap Index Scan on sbtest8_pkey  (cost=0.00..217.31 rows=10087 width=0)
	        Index Cond: ((id >= 509825) AND (id <= 519824))

for: distinct_ranges
table 1 : explain SELECT DISTINCT c FROM sbtest1 WHERE id BETWEEN 569224 AND 579223 ORDER BY c
	Unique  (cost=37004.45..37057.67 rows=10643 width=121)
	  ->  Sort  (cost=37004.45..37031.06 rows=10643 width=121)
	        Sort Key: c
	        ->  Bitmap Heap Scan on sbtest1  (cost=229.53..36292.56 rows=10643 width=121)
	              Recheck Cond: ((id >= 569224) AND (id <= 579223))
	              ->  Bitmap Index Scan on sbtest1_pkey  (cost=0.00..226.87 rows=10643 width=0)
	                    Index Cond: ((id >= 569224) AND (id <= 579223))

table 2 : explain SELECT DISTINCT c FROM sbtest2 WHERE id BETWEEN 7819263 AND 7829262 ORDER BY c
	Unique  (cost=33430.87..33478.46 rows=9517 width=121)
	  ->  Sort  (cost=33430.87..33454.67 rows=9517 width=121)
	        Sort Key: c
	        ->  Bitmap Heap Scan on sbtest2  (cost=205.98..32801.98 rows=9517 width=121)
	              Recheck Cond: ((id >= 7819263) AND (id <= 7829262))
	              ->  Bitmap Index Scan on sbtest2_pkey  (cost=0.00..203.61 rows=9517 width=0)
	                    Index Cond: ((id >= 7819263) AND (id <= 7829262))

table 3 : explain SELECT DISTINCT c FROM sbtest3 WHERE id BETWEEN 9456718 AND 9466717 ORDER BY c
	Unique  (cost=33860.06..33908.29 rows=9647 width=121)
	  ->  Sort  (cost=33860.06..33884.17 rows=9647 width=121)
	        Sort Key: c
	        ->  Bitmap Heap Scan on sbtest3  (cost=207.32..33221.62 rows=9647 width=121)
	              Recheck Cond: ((id >= 9456718) AND (id <= 9466717))
	              ->  Bitmap Index Scan on sbtest3_pkey  (cost=0.00..204.91 rows=9647 width=0)
	                    Index Cond: ((id >= 9456718) AND (id <= 9466717))

table 4 : explain SELECT DISTINCT c FROM sbtest4 WHERE id BETWEEN 5875016 AND 5885015 ORDER BY c
	Unique  (cost=36833.94..36886.83 rows=10579 width=121)
	  ->  Sort  (cost=36833.94..36860.38 rows=10579 width=121)
	        Sort Key: c
	        ->  Bitmap Heap Scan on sbtest4  (cost=228.87..36126.79 rows=10579 width=121)
	              Recheck Cond: ((id >= 5875016) AND (id <= 5885015))
	              ->  Bitmap Index Scan on sbtest4_pkey  (cost=0.00..226.23 rows=10579 width=0)
	                    Index Cond: ((id >= 5875016) AND (id <= 5885015))

table 5 : explain SELECT DISTINCT c FROM sbtest5 WHERE id BETWEEN 8471836 AND 8481835 ORDER BY c
	Unique  (cost=33038.75..33085.69 rows=9387 width=121)
	  ->  Sort  (cost=33038.75..33062.22 rows=9387 width=121)
	        Sort Key: c
	        ->  Bitmap Heap Scan on sbtest5  (cost=200.65..32419.38 rows=9387 width=121)
	              Recheck Cond: ((id >= 8471836) AND (id <= 8481835))
	              ->  Bitmap Index Scan on sbtest5_pkey  (cost=0.00..198.31 rows=9387 width=0)
	                    Index Cond: ((id >= 8471836) AND (id <= 8481835))

table 6 : explain SELECT DISTINCT c FROM sbtest6 WHERE id BETWEEN 2630339 AND 2640338 ORDER BY c
	Unique  (cost=33034.68..33081.55 rows=9374 width=121)
	  ->  Sort  (cost=33034.68..33058.11 rows=9374 width=121)
	        Sort Key: c
	        ->  Bitmap Heap Scan on sbtest6  (cost=204.52..32416.25 rows=9374 width=121)
	              Recheck Cond: ((id >= 2630339) AND (id <= 2640338))
	              ->  Bitmap Index Scan on sbtest6_pkey  (cost=0.00..202.18 rows=9374 width=0)
	                    Index Cond: ((id >= 2630339) AND (id <= 2640338))

table 7 : explain SELECT DISTINCT c FROM sbtest7 WHERE id BETWEEN 2819561 AND 2829560 ORDER BY c
	Unique  (cost=33344.32..33391.69 rows=9475 width=121)
	  ->  Sort  (cost=33344.32..33368.01 rows=9475 width=121)
	        Sort Key: c
	        ->  Bitmap Heap Scan on sbtest7  (cost=205.55..32718.50 rows=9475 width=121)
	              Recheck Cond: ((id >= 2819561) AND (id <= 2829560))
	              ->  Bitmap Index Scan on sbtest7_pkey  (cost=0.00..203.19 rows=9475 width=0)
	                    Index Cond: ((id >= 2819561) AND (id <= 2829560))

table 8 : explain SELECT DISTINCT c FROM sbtest8 WHERE id BETWEEN 3335547 AND 3345546 ORDER BY c
	Unique  (cost=32806.44..32852.92 rows=9296 width=121)
	  ->  Sort  (cost=32806.44..32829.68 rows=9296 width=121)
	        Sort Key: c
	        ->  Bitmap Heap Scan on sbtest8  (cost=203.72..32193.72 rows=9296 width=121)
	              Recheck Cond: ((id >= 3335547) AND (id <= 3345546))
	              ->  Bitmap Index Scan on sbtest8_pkey  (cost=0.00..201.40 rows=9296 width=0)
	                    Index Cond: ((id >= 3335547) AND (id <= 3345546))

explain: for point_selects :: explain SELECT c FROM sbtest%u WHERE id=%u
for: order_ranges
table 1 : explain SELECT c FROM sbtest1 WHERE id BETWEEN 8561358 AND 8571357 ORDER BY c
	Sort  (cost=34636.16..34660.90 rows=9895 width=121)
	  Sort Key: c
	  ->  Bitmap Heap Scan on sbtest1  (cost=213.86..33979.50 rows=9895 width=121)
	        Recheck Cond: ((id >= 8561358) AND (id <= 8571357))
	        ->  Bitmap Index Scan on sbtest1_pkey  (cost=0.00..211.38 rows=9895 width=0)
	              Index Cond: ((id >= 8561358) AND (id <= 8571357))

table 2 : explain SELECT c FROM sbtest2 WHERE id BETWEEN 9761883 AND 9771882 ORDER BY c
	Sort  (cost=35046.51..35071.57 rows=10023 width=121)
	  Sort Key: c
	  ->  Bitmap Heap Scan on sbtest2  (cost=215.17..34380.43 rows=10023 width=121)
	        Recheck Cond: ((id >= 9761883) AND (id <= 9771882))
	        ->  Bitmap Index Scan on sbtest2_pkey  (cost=0.00..212.67 rows=10023 width=0)
	              Index Cond: ((id >= 9761883) AND (id <= 9771882))

table 3 : explain SELECT c FROM sbtest3 WHERE id BETWEEN 3860549 AND 3870548 ORDER BY c
	Sort  (cost=38187.92..38215.45 rows=11013 width=121)
	  Sort Key: c
	  ->  Bitmap Heap Scan on sbtest3  (cost=237.32..37448.56 rows=11013 width=121)
	        Recheck Cond: ((id >= 3860549) AND (id <= 3870548))
	        ->  Bitmap Index Scan on sbtest3_pkey  (cost=0.00..234.56 rows=11013 width=0)
	              Index Cond: ((id >= 3860549) AND (id <= 3870548))

table 4 : explain SELECT c FROM sbtest4 WHERE id BETWEEN 7354704 AND 7364703 ORDER BY c
	Sort  (cost=36814.39..36840.83 rows=10573 width=121)
	  Sort Key: c
	  ->  Bitmap Heap Scan on sbtest4  (cost=228.81..36107.69 rows=10573 width=121)
	        Recheck Cond: ((id >= 7354704) AND (id <= 7364703))
	        ->  Bitmap Index Scan on sbtest4_pkey  (cost=0.00..226.17 rows=10573 width=0)
	              Index Cond: ((id >= 7354704) AND (id <= 7364703))

table 5 : explain SELECT c FROM sbtest5 WHERE id BETWEEN 6091762 AND 6101761 ORDER BY c
	Sort  (cost=35135.67..35160.78 rows=10042 width=121)
	  Sort Key: c
	  ->  Bitmap Heap Scan on sbtest5  (cost=215.37..34468.19 rows=10042 width=121)
	        Recheck Cond: ((id >= 6091762) AND (id <= 6101761))
	        ->  Bitmap Index Scan on sbtest5_pkey  (cost=0.00..212.86 rows=10042 width=0)
	              Index Cond: ((id >= 6091762) AND (id <= 6101761))

table 6 : explain SELECT c FROM sbtest6 WHERE id BETWEEN 6981808 AND 6991807 ORDER BY c
	Sort  (cost=35427.26..35452.56 rows=10121 width=121)
	  Sort Key: c
	  ->  Bitmap Heap Scan on sbtest6  (cost=220.18..34753.95 rows=10121 width=121)
	        Recheck Cond: ((id >= 6981808) AND (id <= 6991807))
	        ->  Bitmap Index Scan on sbtest6_pkey  (cost=0.00..217.65 rows=10121 width=0)
	              Index Cond: ((id >= 6981808) AND (id <= 6991807))

table 7 : explain SELECT c FROM sbtest7 WHERE id BETWEEN 800675 AND 810674 ORDER BY c
	Sort  (cost=33853.13..33877.21 rows=9634 width=121)
	  Sort Key: c
	  ->  Bitmap Heap Scan on sbtest7  (cost=207.18..33215.65 rows=9634 width=121)
	        Recheck Cond: ((id >= 800675) AND (id <= 810674))
	        ->  Bitmap Index Scan on sbtest7_pkey  (cost=0.00..204.78 rows=9634 width=0)
	              Index Cond: ((id >= 800675) AND (id <= 810674))

table 8 : explain SELECT c FROM sbtest8 WHERE id BETWEEN 5890609 AND 5900608 ORDER BY c
	Sort  (cost=36018.36..36044.11 rows=10299 width=121)
	  Sort Key: c
	  ->  Bitmap Heap Scan on sbtest8  (cost=222.00..35331.92 rows=10299 width=121)
	        Recheck Cond: ((id >= 5890609) AND (id <= 5900608))
	        ->  Bitmap Index Scan on sbtest8_pkey  (cost=0.00..219.43 rows=10299 width=0)
	              Index Cond: ((id >= 5890609) AND (id <= 5900608))

for: simple_ranges
table 1 : explain SELECT c FROM sbtest1 WHERE id BETWEEN 7385231 AND 7395230
	Bitmap Heap Scan on sbtest1  (cost=237.99..37630.83 rows=11079 width=121)
	  Recheck Cond: ((id >= 7385231) AND (id <= 7395230))
	  ->  Bitmap Index Scan on sbtest1_pkey  (cost=0.00..235.23 rows=11079 width=0)
	        Index Cond: ((id >= 7385231) AND (id <= 7395230))

table 2 : explain SELECT c FROM sbtest2 WHERE id BETWEEN 6704756 AND 6714755
	Bitmap Heap Scan on sbtest2  (cost=207.57..33285.03 rows=9672 width=121)
	  Recheck Cond: ((id >= 6704756) AND (id <= 6714755))
	  ->  Bitmap Index Scan on sbtest2_pkey  (cost=0.00..205.16 rows=9672 width=0)
	        Index Cond: ((id >= 6704756) AND (id <= 6714755))

table 3 : explain SELECT c FROM sbtest3 WHERE id BETWEEN 1306261 AND 1316260
	Bitmap Heap Scan on sbtest3  (cost=213.90..34010.01 rows=9899 width=121)
	  Recheck Cond: ((id >= 1306261) AND (id <= 1316260))
	  ->  Bitmap Index Scan on sbtest3_pkey  (cost=0.00..211.43 rows=9899 width=0)
	        Index Cond: ((id >= 1306261) AND (id <= 1316260))

table 4 : explain SELECT c FROM sbtest4 WHERE id BETWEEN 7520646 AND 7530645
	Bitmap Heap Scan on sbtest4  (cost=205.75..32752.31 rows=9494 width=121)
	  Recheck Cond: ((id >= 7520646) AND (id <= 7530645))
	  ->  Bitmap Index Scan on sbtest4_pkey  (cost=0.00..203.38 rows=9494 width=0)
	        Index Cond: ((id >= 7520646) AND (id <= 7530645))

table 5 : explain SELECT c FROM sbtest5 WHERE id BETWEEN 8211900 AND 8221899
	Bitmap Heap Scan on sbtest5  (cost=222.55..35432.05 rows=10353 width=121)
	  Recheck Cond: ((id >= 8211900) AND (id <= 8221899))
	  ->  Bitmap Index Scan on sbtest5_pkey  (cost=0.00..219.97 rows=10353 width=0)
	        Index Cond: ((id >= 8211900) AND (id <= 8221899))

table 6 : explain SELECT c FROM sbtest6 WHERE id BETWEEN 7404092 AND 7414091
	Bitmap Heap Scan on sbtest6  (cost=207.08..33198.49 rows=9624 width=121)
	  Recheck Cond: ((id >= 7404092) AND (id <= 7414091))
	  ->  Bitmap Index Scan on sbtest6_pkey  (cost=0.00..204.68 rows=9624 width=0)
	        Index Cond: ((id >= 7404092) AND (id <= 7414091))

table 7 : explain SELECT c FROM sbtest7 WHERE id BETWEEN 4411742 AND 4421741
	Bitmap Heap Scan on sbtest7  (cost=192.59..31186.98 rows=8991 width=121)
	  Recheck Cond: ((id >= 4411742) AND (id <= 4421741))
	  ->  Bitmap Index Scan on sbtest7_pkey  (cost=0.00..190.34 rows=8991 width=0)
	        Index Cond: ((id >= 4411742) AND (id <= 4421741))

table 8 : explain SELECT c FROM sbtest8 WHERE id BETWEEN 8641249 AND 8651248
	Bitmap Heap Scan on sbtest8  (cost=234.66..36745.63 rows=10754 width=121)
	  Recheck Cond: ((id >= 8641249) AND (id <= 8651248))
	  ->  Bitmap Index Scan on sbtest8_pkey  (cost=0.00..231.98 rows=10754 width=0)
	        Index Cond: ((id >= 8641249) AND (id <= 8651248))

for: sum_ranges
table 1 : explain SELECT SUM(k) FROM sbtest1 WHERE id BETWEEN 4321227 AND 4331226
	Aggregate  (cost=32081.95..32081.96 rows=1 width=8)
	  ->  Bitmap Heap Scan on sbtest1  (cost=199.58..32058.75 rows=9282 width=4)
	        Recheck Cond: ((id >= 4321227) AND (id <= 4331226))
	        ->  Bitmap Index Scan on sbtest1_pkey  (cost=0.00..197.25 rows=9282 width=0)
	              Index Cond: ((id >= 4321227) AND (id <= 4331226))

table 2 : explain SELECT SUM(k) FROM sbtest2 WHERE id BETWEEN 4599609 AND 4609608
	Aggregate  (cost=32557.07..32557.08 rows=1 width=8)
	  ->  Bitmap Heap Scan on sbtest2  (cost=201.11..32533.49 rows=9432 width=4)
	        Recheck Cond: ((id >= 4599609) AND (id <= 4609608))
	        ->  Bitmap Index Scan on sbtest2_pkey  (cost=0.00..198.75 rows=9432 width=0)
	              Index Cond: ((id >= 4599609) AND (id <= 4609608))

table 3 : explain SELECT SUM(k) FROM sbtest3 WHERE id BETWEEN 7853027 AND 7863026
	Aggregate  (cost=36500.69..36500.70 rows=1 width=8)
	  ->  Bitmap Heap Scan on sbtest3  (cost=230.06..36473.95 rows=10695 width=4)
	        Recheck Cond: ((id >= 7853027) AND (id <= 7863026))
	        ->  Bitmap Index Scan on sbtest3_pkey  (cost=0.00..227.38 rows=10695 width=0)
	              Index Cond: ((id >= 7853027) AND (id <= 7863026))

table 4 : explain SELECT SUM(k) FROM sbtest4 WHERE id BETWEEN 8094842 AND 8104841
	Aggregate  (cost=30649.69..30649.70 rows=1 width=8)
	  ->  Bitmap Heap Scan on sbtest4  (cost=190.85..30627.64 rows=8821 width=4)
	        Recheck Cond: ((id >= 8094842) AND (id <= 8104841))
	        ->  Bitmap Index Scan on sbtest4_pkey  (cost=0.00..188.65 rows=8821 width=0)
	              Index Cond: ((id >= 8094842) AND (id <= 8104841))

table 5 : explain SELECT SUM(k) FROM sbtest5 WHERE id BETWEEN 7335722 AND 7345721
	Aggregate  (cost=35262.91..35262.92 rows=1 width=8)
	  ->  Bitmap Heap Scan on sbtest5  (cost=221.91..35237.19 rows=10290 width=4)
	        Recheck Cond: ((id >= 7335722) AND (id <= 7345721))
	        ->  Bitmap Index Scan on sbtest5_pkey  (cost=0.00..219.34 rows=10290 width=0)
	              Index Cond: ((id >= 7335722) AND (id <= 7345721))

table 6 : explain SELECT SUM(k) FROM sbtest6 WHERE id BETWEEN 9997387 AND 10007386
	Aggregate  (cost=9117.19..9117.20 rows=1 width=8)
	  ->  Bitmap Heap Scan on sbtest6  (cost=53.31..9111.12 rows=2427 width=4)
	        Recheck Cond: ((id >= 9997387) AND (id <= 10007386))
	        ->  Bitmap Index Scan on sbtest6_pkey  (cost=0.00..52.70 rows=2427 width=0)
	              Index Cond: ((id >= 9997387) AND (id <= 10007386))

table 7 : explain SELECT SUM(k) FROM sbtest7 WHERE id BETWEEN 9671498 AND 9681497
	Aggregate  (cost=36735.65..36735.66 rows=1 width=8)
	  ->  Bitmap Heap Scan on sbtest7  (cost=230.71..36708.75 rows=10759 width=4)
	        Recheck Cond: ((id >= 9671498) AND (id <= 9681497))
	        ->  Bitmap Index Scan on sbtest7_pkey  (cost=0.00..228.03 rows=10759 width=0)
	              Index Cond: ((id >= 9671498) AND (id <= 9681497))

table 8 : explain SELECT SUM(k) FROM sbtest8 WHERE id BETWEEN 7124890 AND 7134889
	Aggregate  (cost=35338.41..35338.42 rows=1 width=8)
	  ->  Bitmap Heap Scan on sbtest8  (cost=221.93..35312.68 rows=10292 width=4)
	        Recheck Cond: ((id >= 7124890) AND (id <= 7134889))
	        ->  Bitmap Index Scan on sbtest8_pkey  (cost=0.00..219.36 rows=10292 width=0)
	              Index Cond: ((id >= 7124890) AND (id <= 7134889))

for: simple_ranges
table 1 : explain SELECT c FROM sbtest1 WHERE id BETWEEN 1457046 AND 1467045
	Bitmap Heap Scan on sbtest1  (cost=223.54..35693.60 rows=10449 width=121)
	  Recheck Cond: ((id >= 1457046) AND (id <= 1467045))
	  ->  Bitmap Index Scan on sbtest1_pkey  (cost=0.00..220.93 rows=10449 width=0)
	        Index Cond: ((id >= 1457046) AND (id <= 1467045))

table 2 : explain SELECT c FROM sbtest2 WHERE id BETWEEN 2382940 AND 2392939
	Bitmap Heap Scan on sbtest2  (cost=199.03..31896.92 rows=9229 width=121)
	  Recheck Cond: ((id >= 2382940) AND (id <= 2392939))
	  ->  Bitmap Index Scan on sbtest2_pkey  (cost=0.00..196.73 rows=9229 width=0)
	        Index Cond: ((id >= 2382940) AND (id <= 2392939))

table 3 : explain SELECT c FROM sbtest3 WHERE id BETWEEN 4281516 AND 4291515
	Bitmap Heap Scan on sbtest3  (cost=199.00..31900.38 rows=9226 width=121)
	  Recheck Cond: ((id >= 4281516) AND (id <= 4291515))
	  ->  Bitmap Index Scan on sbtest3_pkey  (cost=0.00..196.69 rows=9226 width=0)
	        Index Cond: ((id >= 4281516) AND (id <= 4291515))

table 4 : explain SELECT c FROM sbtest4 WHERE id BETWEEN 4045799 AND 4055798
	Bitmap Heap Scan on sbtest4  (cost=206.21..32894.26 rows=9539 width=121)
	  Recheck Cond: ((id >= 4045799) AND (id <= 4055798))
	  ->  Bitmap Index Scan on sbtest4_pkey  (cost=0.00..203.82 rows=9539 width=0)
	        Index Cond: ((id >= 4045799) AND (id <= 4055798))

table 5 : explain SELECT c FROM sbtest5 WHERE id BETWEEN 3836099 AND 3846098
	Bitmap Heap Scan on sbtest5  (cost=215.47..34497.06 rows=10052 width=121)
	  Recheck Cond: ((id >= 3836099) AND (id <= 3846098))
	  ->  Bitmap Index Scan on sbtest5_pkey  (cost=0.00..212.95 rows=10052 width=0)
	        Index Cond: ((id >= 3836099) AND (id <= 3846098))

table 6 : explain SELECT c FROM sbtest6 WHERE id BETWEEN 6620236 AND 6630235
	Bitmap Heap Scan on sbtest6  (cost=244.04..38326.45 rows=11279 width=121)
	  Recheck Cond: ((id >= 6620236) AND (id <= 6630235))
	  ->  Bitmap Index Scan on sbtest6_pkey  (cost=0.00..241.23 rows=11279 width=0)
	        Index Cond: ((id >= 6620236) AND (id <= 6630235))

table 7 : explain SELECT c FROM sbtest7 WHERE id BETWEEN 1366510 AND 1376509
	Bitmap Heap Scan on sbtest7  (cost=221.40..35106.32 rows=10240 width=121)
	  Recheck Cond: ((id >= 1366510) AND (id <= 1376509))
	  ->  Bitmap Index Scan on sbtest7_pkey  (cost=0.00..218.84 rows=10240 width=0)
	        Index Cond: ((id >= 1366510) AND (id <= 1376509))

table 8 : explain SELECT c FROM sbtest8 WHERE id BETWEEN 5882766 AND 5892765
	Bitmap Heap Scan on sbtest8  (cost=222.00..35331.92 rows=10299 width=121)
	  Recheck Cond: ((id >= 5882766) AND (id <= 5892765))
	  ->  Bitmap Index Scan on sbtest8_pkey  (cost=0.00..219.43 rows=10299 width=0)
	        Index Cond: ((id >= 5882766) AND (id <= 5892765))

explain: for point_selects :: explain SELECT c FROM sbtest%u WHERE id=%u
explain: for point_selects :: explain SELECT c FROM sbtest%u WHERE id=%u
for: distinct_ranges
table 1 : explain SELECT DISTINCT c FROM sbtest1 WHERE id BETWEEN 5937330 AND 5947329 ORDER BY c
	Unique  (cost=32918.41..32965.20 rows=9359 width=121)
	  ->  Sort  (cost=32918.41..32941.81 rows=9359 width=121)
	        Sort Key: c
	        ->  Bitmap Heap Scan on sbtest1  (cost=200.36..32301.08 rows=9359 width=121)
	              Recheck Cond: ((id >= 5937330) AND (id <= 5947329))
	              ->  Bitmap Index Scan on sbtest1_pkey  (cost=0.00..198.03 rows=9359 width=0)
	                    Index Cond: ((id >= 5937330) AND (id <= 5947329))

table 2 : explain SELECT DISTINCT c FROM sbtest2 WHERE id BETWEEN 2242075 AND 2252074 ORDER BY c
	Unique  (cost=35066.16..35116.31 rows=10029 width=121)
	  ->  Sort  (cost=35066.16..35091.24 rows=10029 width=121)
	        Sort Key: c
	        ->  Bitmap Heap Scan on sbtest2  (cost=215.23..34399.64 rows=10029 width=121)
	              Recheck Cond: ((id >= 2242075) AND (id <= 2252074))
	              ->  Bitmap Index Scan on sbtest2_pkey  (cost=0.00..212.73 rows=10029 width=0)
	                    Index Cond: ((id >= 2242075) AND (id <= 2252074))

table 3 : explain SELECT DISTINCT c FROM sbtest3 WHERE id BETWEEN 8232109 AND 8242108 ORDER BY c
	Unique  (cost=39334.22..39391.11 rows=11379 width=121)
	  ->  Sort  (cost=39334.22..39362.66 rows=11379 width=121)
	        Sort Key: c
	        ->  Bitmap Heap Scan on sbtest3  (cost=245.07..38567.61 rows=11379 width=121)
	              Recheck Cond: ((id >= 8232109) AND (id <= 8242108))
	              ->  Bitmap Index Scan on sbtest3_pkey  (cost=0.00..242.23 rows=11379 width=0)
	                    Index Cond: ((id >= 8232109) AND (id <= 8242108))

table 4 : explain SELECT DISTINCT c FROM sbtest4 WHERE id BETWEEN 2461714 AND 2471713 ORDER BY c
	Unique  (cost=37003.44..37056.61 rows=10633 width=121)
	  ->  Sort  (cost=37003.44..37030.03 rows=10633 width=121)
	        Sort Key: c
	        ->  Bitmap Heap Scan on sbtest4  (cost=229.42..36292.29 rows=10633 width=121)
	              Recheck Cond: ((id >= 2461714) AND (id <= 2471713))
	              ->  Bitmap Index Scan on sbtest4_pkey  (cost=0.00..226.76 rows=10633 width=0)
	                    Index Cond: ((id >= 2461714) AND (id <= 2471713))

table 5 : explain SELECT DISTINCT c FROM sbtest5 WHERE id BETWEEN 549455 AND 559454 ORDER BY c
	Unique  (cost=33452.61..33500.19 rows=9515 width=121)
	  ->  Sort  (cost=33452.61..33476.40 rows=9515 width=121)
	        Sort Key: c
	        ->  Bitmap Heap Scan on sbtest5  (cost=205.96..32823.86 rows=9515 width=121)
	              Recheck Cond: ((id >= 549455) AND (id <= 559454))
	              ->  Bitmap Index Scan on sbtest5_pkey  (cost=0.00..203.59 rows=9515 width=0)
	                    Index Cond: ((id >= 549455) AND (id <= 559454))

table 6 : explain SELECT DISTINCT c FROM sbtest6 WHERE id BETWEEN 6023517 AND 6033516 ORDER BY c
	Unique  (cost=33815.43..33863.52 rows=9618 width=121)
	  ->  Sort  (cost=33815.43..33839.48 rows=9618 width=121)
	        Sort Key: c
	        ->  Bitmap Heap Scan on sbtest6  (cost=207.02..33179.13 rows=9618 width=121)
	              Recheck Cond: ((id >= 6023517) AND (id <= 6033516))
	              ->  Bitmap Index Scan on sbtest6_pkey  (cost=0.00..204.62 rows=9618 width=0)
	                    Index Cond: ((id >= 6023517) AND (id <= 6033516))

table 7 : explain SELECT DISTINCT c FROM sbtest7 WHERE id BETWEEN 9165949 AND 9175948 ORDER BY c
	Unique  (cost=34634.98..34684.37 rows=9878 width=121)
	  ->  Sort  (cost=34634.98..34659.68 rows=9878 width=121)
	        Sort Key: c
	        ->  Bitmap Heap Scan on sbtest7  (cost=213.68..33979.58 rows=9878 width=121)
	              Recheck Cond: ((id >= 9165949) AND (id <= 9175948))
	              ->  Bitmap Index Scan on sbtest7_pkey  (cost=0.00..211.22 rows=9878 width=0)
	                    Index Cond: ((id >= 9165949) AND (id <= 9175948))

table 8 : explain SELECT DISTINCT c FROM sbtest8 WHERE id BETWEEN 3460268 AND 3470267 ORDER BY c
	Unique  (cost=34530.91..34580.07 rows=9832 width=121)
	  ->  Sort  (cost=34530.91..34555.49 rows=9832 width=121)
	        Sort Key: c
	        ->  Bitmap Heap Scan on sbtest8  (cost=213.21..33878.89 rows=9832 width=121)
	              Recheck Cond: ((id >= 3460268) AND (id <= 3470267))
	              ->  Bitmap Index Scan on sbtest8_pkey  (cost=0.00..210.75 rows=9832 width=0)
	                    Index Cond: ((id >= 3460268) AND (id <= 3470267))

explain: for point_selects :: explain SELECT c FROM sbtest%u WHERE id=%u
for: sum_ranges
table 1 : explain SELECT SUM(k) FROM sbtest1 WHERE id BETWEEN 5775422 AND 5785421
	Aggregate  (cost=33260.81..33260.82 rows=1 width=8)
	  ->  Bitmap Heap Scan on sbtest1  (cost=207.43..33236.67 rows=9658 width=4)
	        Recheck Cond: ((id >= 5775422) AND (id <= 5785421))
	        ->  Bitmap Index Scan on sbtest1_pkey  (cost=0.00..205.01 rows=9658 width=0)
	              Index Cond: ((id >= 5775422) AND (id <= 5785421))

table 2 : explain SELECT SUM(k) FROM sbtest2 WHERE id BETWEEN 8426457 AND 8436456
	Aggregate  (cost=33328.53..33328.54 rows=1 width=8)
	  ->  Bitmap Heap Scan on sbtest2  (cost=207.63..33304.33 rows=9678 width=4)
	        Recheck Cond: ((id >= 8426457) AND (id <= 8436456))
	        ->  Bitmap Index Scan on sbtest2_pkey  (cost=0.00..205.22 rows=9678 width=0)
	              Index Cond: ((id >= 8426457) AND (id <= 8436456))

table 3 : explain SELECT SUM(k) FROM sbtest3 WHERE id BETWEEN 3572010 AND 3582009
	Aggregate  (cost=32056.23..32056.24 rows=1 width=8)
	  ->  Bitmap Heap Scan on sbtest3  (cost=199.43..32033.06 rows=9268 width=4)
	        Recheck Cond: ((id >= 3572010) AND (id <= 3582009))
	        ->  Bitmap Index Scan on sbtest3_pkey  (cost=0.00..197.12 rows=9268 width=0)
	              Index Cond: ((id >= 3572010) AND (id <= 3582009))

table 4 : explain SELECT SUM(k) FROM sbtest4 WHERE id BETWEEN 2905949 AND 2915948
	Aggregate  (cost=37178.01..37178.02 rows=1 width=8)
	  ->  Bitmap Heap Scan on sbtest4  (cost=236.28..37150.73 rows=10912 width=4)
	        Recheck Cond: ((id >= 2905949) AND (id <= 2915948))
	        ->  Bitmap Index Scan on sbtest4_pkey  (cost=0.00..233.56 rows=10912 width=0)
	              Index Cond: ((id >= 2905949) AND (id <= 2915948))

table 5 : explain SELECT SUM(k) FROM sbtest5 WHERE id BETWEEN 9082050 AND 9092049
	Aggregate  (cost=32931.61..32931.62 rows=1 width=8)
	  ->  Bitmap Heap Scan on sbtest5  (cost=206.24..32907.76 rows=9542 width=4)
	        Recheck Cond: ((id >= 9082050) AND (id <= 9092049))
	        ->  Bitmap Index Scan on sbtest5_pkey  (cost=0.00..203.86 rows=9542 width=0)
	              Index Cond: ((id >= 9082050) AND (id <= 9092049))

table 6 : explain SELECT SUM(k) FROM sbtest6 WHERE id BETWEEN 7624469 AND 7634468
	Aggregate  (cost=35010.27..35010.28 rows=1 width=8)
	  ->  Bitmap Heap Scan on sbtest6  (cost=220.94..34984.78 rows=10196 width=4)
	        Recheck Cond: ((id >= 7624469) AND (id <= 7634468))
	        ->  Bitmap Index Scan on sbtest6_pkey  (cost=0.00..218.40 rows=10196 width=0)
	              Index Cond: ((id >= 7624469) AND (id <= 7634468))

table 7 : explain SELECT SUM(k) FROM sbtest7 WHERE id BETWEEN 8633580 AND 8643579
	Aggregate  (cost=34409.36..34409.37 rows=1 width=8)
	  ->  Bitmap Heap Scan on sbtest7  (cost=215.02..34384.34 rows=10008 width=4)
	        Recheck Cond: ((id >= 8633580) AND (id <= 8643579))
	        ->  Bitmap Index Scan on sbtest7_pkey  (cost=0.00..212.51 rows=10008 width=0)
	              Index Cond: ((id >= 8633580) AND (id <= 8643579))

table 8 : explain SELECT SUM(k) FROM sbtest8 WHERE id BETWEEN 2313812 AND 2323811
	Aggregate  (cost=34274.83..34274.84 rows=1 width=8)
	  ->  Bitmap Heap Scan on sbtest8  (cost=218.42..34249.95 rows=9950 width=4)
	        Recheck Cond: ((id >= 2313812) AND (id <= 2323811))
	        ->  Bitmap Index Scan on sbtest8_pkey  (cost=0.00..215.94 rows=9950 width=0)
	              Index Cond: ((id >= 2313812) AND (id <= 2323811))

for: sum_ranges
table 1 : explain SELECT SUM(k) FROM sbtest1 WHERE id BETWEEN 2292803 AND 2302802
	Aggregate  (cost=34010.66..34010.67 rows=1 width=8)
	  ->  Bitmap Heap Scan on sbtest1  (cost=213.88..33985.92 rows=9897 width=4)
	        Recheck Cond: ((id >= 2292803) AND (id <= 2302802))
	        ->  Bitmap Index Scan on sbtest1_pkey  (cost=0.00..211.41 rows=9897 width=0)
	              Index Cond: ((id >= 2292803) AND (id <= 2302802))

table 2 : explain SELECT SUM(k) FROM sbtest2 WHERE id BETWEEN 9818644 AND 9828643
	Aggregate  (cost=34879.44..34879.45 rows=1 width=8)
	  ->  Bitmap Heap Scan on sbtest2  (cost=216.74..34854.00 rows=10176 width=4)
	        Recheck Cond: ((id >= 9818644) AND (id <= 9828643))
	        ->  Bitmap Index Scan on sbtest2_pkey  (cost=0.00..214.19 rows=10176 width=0)
	              Index Cond: ((id >= 9818644) AND (id <= 9828643))

table 3 : explain SELECT SUM(k) FROM sbtest3 WHERE id BETWEEN 9316379 AND 9326378
	Aggregate  (cost=33747.95..33747.96 rows=1 width=8)
	  ->  Bitmap Heap Scan on sbtest3  (cost=208.98..33723.43 rows=9809 width=4)
	        Recheck Cond: ((id >= 9316379) AND (id <= 9326378))
	        ->  Bitmap Index Scan on sbtest3_pkey  (cost=0.00..206.53 rows=9809 width=0)
	              Index Cond: ((id >= 9316379) AND (id <= 9326378))

table 4 : explain SELECT SUM(k) FROM sbtest4 WHERE id BETWEEN 1922173 AND 1932172
	Aggregate  (cost=36047.25..36047.26 rows=1 width=8)
	  ->  Bitmap Heap Scan on sbtest4  (cost=224.53..36020.89 rows=10546 width=4)
	        Recheck Cond: ((id >= 1922173) AND (id <= 1932172))
	        ->  Bitmap Index Scan on sbtest4_pkey  (cost=0.00..221.90 rows=10546 width=0)
	              Index Cond: ((id >= 1922173) AND (id <= 1932172))

table 5 : explain SELECT SUM(k) FROM sbtest5 WHERE id BETWEEN 3973793 AND 3983792
	Aggregate  (cost=34887.62..34887.63 rows=1 width=8)
	  ->  Bitmap Heap Scan on sbtest5  (cost=216.68..34862.20 rows=10170 width=4)
	        Recheck Cond: ((id >= 3973793) AND (id <= 3983792))
	        ->  Bitmap Index Scan on sbtest5_pkey  (cost=0.00..214.13 rows=10170 width=0)
	              Index Cond: ((id >= 3973793) AND (id <= 3983792))

table 6 : explain SELECT SUM(k) FROM sbtest6 WHERE id BETWEEN 658359 AND 668358
	Aggregate  (cost=33871.68..33871.69 rows=1 width=8)
	  ->  Bitmap Heap Scan on sbtest6  (cost=213.20..33847.10 rows=9831 width=4)
	        Recheck Cond: ((id >= 658359) AND (id <= 668358))
	        ->  Bitmap Index Scan on sbtest6_pkey  (cost=0.00..210.75 rows=9831 width=0)
	              Index Cond: ((id >= 658359) AND (id <= 668358))

table 7 : explain SELECT SUM(k) FROM sbtest7 WHERE id BETWEEN 6995339 AND 7005338
	Aggregate  (cost=34508.93..34508.94 rows=1 width=8)
	  ->  Bitmap Heap Scan on sbtest7  (cost=215.34..34483.83 rows=10040 width=4)
	        Recheck Cond: ((id >= 6995339) AND (id <= 7005338))
	        ->  Bitmap Index Scan on sbtest7_pkey  (cost=0.00..212.84 rows=10040 width=0)
	              Index Cond: ((id >= 6995339) AND (id <= 7005338))

table 8 : explain SELECT SUM(k) FROM sbtest8 WHERE id BETWEEN 6141784 AND 6151783
	Aggregate  (cost=36107.63..36107.64 rows=1 width=8)
	  ->  Bitmap Heap Scan on sbtest8  (cost=228.47..36081.28 rows=10540 width=4)
	        Recheck Cond: ((id >= 6141784) AND (id <= 6151783))
	        ->  Bitmap Index Scan on sbtest8_pkey  (cost=0.00..225.84 rows=10540 width=0)
	              Index Cond: ((id >= 6141784) AND (id <= 6151783))

for: sum_ranges
table 1 : explain SELECT SUM(k) FROM sbtest1 WHERE id BETWEEN 752384 AND 762383
	Aggregate  (cost=33099.76..33099.77 rows=1 width=8)
	  ->  Bitmap Heap Scan on sbtest1  (cost=206.90..33075.74 rows=9606 width=4)
	        Recheck Cond: ((id >= 752384) AND (id <= 762383))
	        ->  Bitmap Index Scan on sbtest1_pkey  (cost=0.00..204.50 rows=9606 width=0)
	              Index Cond: ((id >= 752384) AND (id <= 762383))

table 2 : explain SELECT SUM(k) FROM sbtest2 WHERE id BETWEEN 559841 AND 569840
	Aggregate  (cost=32201.56..32201.57 rows=1 width=8)
	  ->  Bitmap Heap Scan on sbtest2  (cost=199.95..32178.26 rows=9319 width=4)
	        Recheck Cond: ((id >= 559841) AND (id <= 569840))
	        ->  Bitmap Index Scan on sbtest2_pkey  (cost=0.00..197.62 rows=9319 width=0)
	              Index Cond: ((id >= 559841) AND (id <= 569840))

table 3 : explain SELECT SUM(k) FROM sbtest3 WHERE id BETWEEN 3626038 AND 3636037
	Aggregate  (cost=32056.23..32056.24 rows=1 width=8)
	  ->  Bitmap Heap Scan on sbtest3  (cost=199.43..32033.06 rows=9268 width=4)
	        Recheck Cond: ((id >= 3626038) AND (id <= 3636037))
	        ->  Bitmap Index Scan on sbtest3_pkey  (cost=0.00..197.12 rows=9268 width=0)
	              Index Cond: ((id >= 3626038) AND (id <= 3636037))

table 4 : explain SELECT SUM(k) FROM sbtest4 WHERE id BETWEEN 383206 AND 393205
	Aggregate  (cost=33359.97..33359.98 rows=1 width=8)
	  ->  Bitmap Heap Scan on sbtest4  (cost=207.67..33335.77 rows=9681 width=4)
	        Recheck Cond: ((id >= 383206) AND (id <= 393205))
	        ->  Bitmap Index Scan on sbtest4_pkey  (cost=0.00..205.25 rows=9681 width=0)
	              Index Cond: ((id >= 383206) AND (id <= 393205))

table 5 : explain SELECT SUM(k) FROM sbtest5 WHERE id BETWEEN 1403709 AND 1413708
	Aggregate  (cost=33421.87..33421.88 rows=1 width=8)
	  ->  Bitmap Heap Scan on sbtest5  (cost=207.85..33397.62 rows=9699 width=4)
	        Recheck Cond: ((id >= 1403709) AND (id <= 1413708))
	        ->  Bitmap Index Scan on sbtest5_pkey  (cost=0.00..205.43 rows=9699 width=0)
	              Index Cond: ((id >= 1403709) AND (id <= 1413708))

table 6 : explain SELECT SUM(k) FROM sbtest6 WHERE id BETWEEN 1641260 AND 1651259
	Aggregate  (cost=35100.02..35100.03 rows=1 width=8)
	  ->  Bitmap Heap Scan on sbtest6  (cost=221.23..35074.46 rows=10224 width=4)
	        Recheck Cond: ((id >= 1641260) AND (id <= 1651259))
	        ->  Bitmap Index Scan on sbtest6_pkey  (cost=0.00..218.68 rows=10224 width=0)
	              Index Cond: ((id >= 1641260) AND (id <= 1651259))

table 7 : explain SELECT SUM(k) FROM sbtest7 WHERE id BETWEEN 1468830 AND 1478829
	Aggregate  (cost=34946.07..34946.08 rows=1 width=8)
	  ->  Bitmap Heap Scan on sbtest7  (cost=220.78..34920.62 rows=10180 width=4)
	        Recheck Cond: ((id >= 1468830) AND (id <= 1478829))
	        ->  Bitmap Index Scan on sbtest7_pkey  (cost=0.00..218.24 rows=10180 width=0)
	              Index Cond: ((id >= 1468830) AND (id <= 1478829))

table 8 : explain SELECT SUM(k) FROM sbtest8 WHERE id BETWEEN 8000361 AND 8010360
	Aggregate  (cost=31927.09..31927.10 rows=1 width=8)
	  ->  Bitmap Heap Scan on sbtest8  (cost=198.79..31904.08 rows=9205 width=4)
	        Recheck Cond: ((id >= 8000361) AND (id <= 8010360))
	        ->  Bitmap Index Scan on sbtest8_pkey  (cost=0.00..196.49 rows=9205 width=0)
	              Index Cond: ((id >= 8000361) AND (id <= 8010360))

for point_selects
table 1 : explain SELECT c FROM sbtest1 WHERE id=100060
	Index Scan using sbtest1_pkey on sbtest1  (cost=0.43..8.45 rows=1 width=121)
	  Index Cond: (id = 100060)

table 2 : explain SELECT c FROM sbtest2 WHERE id=3486034
	Index Scan using sbtest2_pkey on sbtest2  (cost=0.43..8.45 rows=1 width=121)
	  Index Cond: (id = 3486034)

table 3 : explain SELECT c FROM sbtest3 WHERE id=9139146
	Index Scan using sbtest3_pkey on sbtest3  (cost=0.43..8.45 rows=1 width=121)
	  Index Cond: (id = 9139146)

table 4 : explain SELECT c FROM sbtest4 WHERE id=6525098
	Index Scan using sbtest4_pkey on sbtest4  (cost=0.43..8.45 rows=1 width=121)
	  Index Cond: (id = 6525098)

table 5 : explain SELECT c FROM sbtest5 WHERE id=4119453
	Index Scan using sbtest5_pkey on sbtest5  (cost=0.43..8.45 rows=1 width=121)
	  Index Cond: (id = 4119453)

table 6 : explain SELECT c FROM sbtest6 WHERE id=3298181
	Index Scan using sbtest6_pkey on sbtest6  (cost=0.43..8.45 rows=1 width=121)
	  Index Cond: (id = 3298181)

table 7 : explain SELECT c FROM sbtest7 WHERE id=9146502
	Index Scan using sbtest7_pkey on sbtest7  (cost=0.43..8.45 rows=1 width=121)
	  Index Cond: (id = 9146502)

table 8 : explain SELECT c FROM sbtest8 WHERE id=873286
	Index Scan using sbtest8_pkey on sbtest8  (cost=0.43..8.45 rows=1 width=121)
	  Index Cond: (id = 873286)

for: order_ranges
table 1 : explain SELECT c FROM sbtest1 WHERE id BETWEEN 1337738 AND 1347737 ORDER BY c
	Sort  (cost=35767.33..35792.96 rows=10251 width=121)
	  Sort Key: c
	  ->  Bitmap Heap Scan on sbtest1  (cost=221.51..35084.43 rows=10251 width=121)
	        Recheck Cond: ((id >= 1337738) AND (id <= 1347737))
	        ->  Bitmap Index Scan on sbtest1_pkey  (cost=0.00..218.94 rows=10251 width=0)
	              Index Cond: ((id >= 1337738) AND (id <= 1347737))

table 2 : explain SELECT c FROM sbtest2 WHERE id BETWEEN 190409 AND 200408 ORDER BY c
	Sort  (cost=33905.56..33929.73 rows=9666 width=121)
	  Sort Key: c
	  ->  Bitmap Heap Scan on sbtest2  (cost=207.51..33265.74 rows=9666 width=121)
	        Recheck Cond: ((id >= 190409) AND (id <= 200408))
	        ->  Bitmap Index Scan on sbtest2_pkey  (cost=0.00..205.09 rows=9666 width=0)
	              Index Cond: ((id >= 190409) AND (id <= 200408))

table 3 : explain SELECT c FROM sbtest3 WHERE id BETWEEN 3267649 AND 3277648 ORDER BY c
	Sort  (cost=35811.90..35837.55 rows=10259 width=121)
	  Sort Key: c
	  ->  Bitmap Heap Scan on sbtest3  (cost=221.59..35128.42 rows=10259 width=121)
	        Recheck Cond: ((id >= 3267649) AND (id <= 3277648))
	        ->  Bitmap Index Scan on sbtest3_pkey  (cost=0.00..219.03 rows=10259 width=0)
	              Index Cond: ((id >= 3267649) AND (id <= 3277648))

table 4 : explain SELECT c FROM sbtest4 WHERE id BETWEEN 934401 AND 944400 ORDER BY c
	Sort  (cost=38044.84..38072.25 rows=10963 width=121)
	  Sort Key: c
	  ->  Bitmap Heap Scan on sbtest4  (cost=236.81..37309.21 rows=10963 width=121)
	        Recheck Cond: ((id >= 934401) AND (id <= 944400))
	        ->  Bitmap Index Scan on sbtest4_pkey  (cost=0.00..234.06 rows=10963 width=0)
	              Index Cond: ((id >= 934401) AND (id <= 944400))

table 5 : explain SELECT c FROM sbtest5 WHERE id BETWEEN 8357800 AND 8367799 ORDER BY c
	Sort  (cost=32731.03..32754.26 rows=9292 width=121)
	  Sort Key: c
	  ->  Bitmap Heap Scan on sbtest5  (cost=199.68..32118.60 rows=9292 width=121)
	        Recheck Cond: ((id >= 8357800) AND (id <= 8367799))
	        ->  Bitmap Index Scan on sbtest5_pkey  (cost=0.00..197.36 rows=9292 width=0)
	              Index Cond: ((id >= 8357800) AND (id <= 8367799))

table 6 : explain SELECT c FROM sbtest6 WHERE id BETWEEN 5852081 AND 5862080 ORDER BY c
	Sort  (cost=37067.99..37094.59 rows=10638 width=121)
	  Sort Key: c
	  ->  Bitmap Heap Scan on sbtest6  (cost=229.47..36356.47 rows=10638 width=121)
	        Recheck Cond: ((id >= 5852081) AND (id <= 5862080))
	        ->  Bitmap Index Scan on sbtest6_pkey  (cost=0.00..226.81 rows=10638 width=0)
	              Index Cond: ((id >= 5852081) AND (id <= 5862080))

table 7 : explain SELECT c FROM sbtest7 WHERE id BETWEEN 8953560 AND 8963559 ORDER BY c
	Sort  (cost=36580.23..36606.46 rows=10490 width=121)
	  Sort Key: c
	  ->  Bitmap Heap Scan on sbtest7  (cost=223.96..35879.67 rows=10490 width=121)
	        Recheck Cond: ((id >= 8953560) AND (id <= 8963559))
	        ->  Bitmap Index Scan on sbtest7_pkey  (cost=0.00..221.34 rows=10490 width=0)
	              Index Cond: ((id >= 8953560) AND (id <= 8963559))

table 8 : explain SELECT c FROM sbtest8 WHERE id BETWEEN 3275669 AND 3285668 ORDER BY c
	Sort  (cost=32806.44..32829.68 rows=9296 width=121)
	  Sort Key: c
	  ->  Bitmap Heap Scan on sbtest8  (cost=203.72..32193.72 rows=9296 width=121)
	        Recheck Cond: ((id >= 3275669) AND (id <= 3285668))
	        ->  Bitmap Index Scan on sbtest8_pkey  (cost=0.00..201.40 rows=9296 width=0)
	              Index Cond: ((id >= 3275669) AND (id <= 3285668))

for: sum_ranges
table 1 : explain SELECT SUM(k) FROM sbtest1 WHERE id BETWEEN 2039895 AND 2049894
	Aggregate  (cost=35330.49..35330.50 rows=1 width=8)
	  ->  Bitmap Heap Scan on sbtest1  (cost=222.25..35304.68 rows=10323 width=4)
	        Recheck Cond: ((id >= 2039895) AND (id <= 2049894))
	        ->  Bitmap Index Scan on sbtest1_pkey  (cost=0.00..219.67 rows=10323 width=0)
	              Index Cond: ((id >= 2039895) AND (id <= 2049894))

table 2 : explain SELECT SUM(k) FROM sbtest2 WHERE id BETWEEN 9401789 AND 9411788
	Aggregate  (cost=31738.58..31738.59 rows=1 width=8)
	  ->  Bitmap Heap Scan on sbtest2  (cost=198.44..31715.66 rows=9171 width=4)
	        Recheck Cond: ((id >= 9401789) AND (id <= 9411788))
	        ->  Bitmap Index Scan on sbtest2_pkey  (cost=0.00..196.15 rows=9171 width=0)
	              Index Cond: ((id >= 9401789) AND (id <= 9411788))

table 3 : explain SELECT SUM(k) FROM sbtest3 WHERE id BETWEEN 4487385 AND 4497384
	Aggregate  (cost=36153.76..36153.77 rows=1 width=8)
	  ->  Bitmap Heap Scan on sbtest3  (cost=228.90..36127.31 rows=10582 width=4)
	        Recheck Cond: ((id >= 4487385) AND (id <= 4497384))
	        ->  Bitmap Index Scan on sbtest3_pkey  (cost=0.00..226.25 rows=10582 width=0)
	              Index Cond: ((id >= 4487385) AND (id <= 4497384))

table 4 : explain SELECT SUM(k) FROM sbtest4 WHERE id BETWEEN 127541 AND 137540
	Aggregate  (cost=35079.50..35079.51 rows=1 width=8)
	  ->  Bitmap Heap Scan on sbtest4  (cost=221.31..35053.92 rows=10232 width=4)
	        Recheck Cond: ((id >= 127541) AND (id <= 137540))
	        ->  Bitmap Index Scan on sbtest4_pkey  (cost=0.00..218.75 rows=10232 width=0)
	              Index Cond: ((id >= 127541) AND (id <= 137540))

table 5 : explain SELECT SUM(k) FROM sbtest5 WHERE id BETWEEN 1566672 AND 1576671
	Aggregate  (cost=32543.14..32543.15 rows=1 width=8)
	  ->  Bitmap Heap Scan on sbtest5  (cost=200.99..32519.59 rows=9420 width=4)
	        Recheck Cond: ((id >= 1566672) AND (id <= 1576671))
	        ->  Bitmap Index Scan on sbtest5_pkey  (cost=0.00..198.63 rows=9420 width=0)
	              Index Cond: ((id >= 1566672) AND (id <= 1576671))

table 6 : explain SELECT SUM(k) FROM sbtest6 WHERE id BETWEEN 4632509 AND 4642508
	Aggregate  (cost=32030.37..32030.38 rows=1 width=8)
	  ->  Bitmap Heap Scan on sbtest6  (cost=199.21..32007.26 rows=9246 width=4)
	        Recheck Cond: ((id >= 4632509) AND (id <= 4642508))
	        ->  Bitmap Index Scan on sbtest6_pkey  (cost=0.00..196.90 rows=9246 width=0)
	              Index Cond: ((id >= 4632509) AND (id <= 4642508))

table 7 : explain SELECT SUM(k) FROM sbtest7 WHERE id BETWEEN 3230464 AND 3240463
	Aggregate  (cost=35471.22..35471.23 rows=1 width=8)
	  ->  Bitmap Heap Scan on sbtest7  (cost=222.51..35445.34 rows=10349 width=4)
	        Recheck Cond: ((id >= 3230464) AND (id <= 3240463))
	        ->  Bitmap Index Scan on sbtest7_pkey  (cost=0.00..219.93 rows=10349 width=0)
	              Index Cond: ((id >= 3230464) AND (id <= 3240463))

table 8 : explain SELECT SUM(k) FROM sbtest8 WHERE id BETWEEN 3013375 AND 3023374
	Aggregate  (cost=37301.29..37301.30 rows=1 width=8)
	  ->  Bitmap Heap Scan on sbtest8  (cost=236.43..37273.97 rows=10926 width=4)
	        Recheck Cond: ((id >= 3013375) AND (id <= 3023374))
	        ->  Bitmap Index Scan on sbtest8_pkey  (cost=0.00..233.69 rows=10926 width=0)
	              Index Cond: ((id >= 3013375) AND (id <= 3023374))

explain: for point_selects :: explain SELECT c FROM sbtest%u WHERE id=%u
for: order_ranges
table 1 : explain SELECT c FROM sbtest1 WHERE id BETWEEN 4070644 AND 4080643 ORDER BY c
	Sort  (cost=35783.66..35809.30 rows=10256 width=121)
	  Sort Key: c
	  ->  Bitmap Heap Scan on sbtest1  (cost=221.56..35100.40 rows=10256 width=121)
	        Recheck Cond: ((id >= 4070644) AND (id <= 4080643))
	        ->  Bitmap Index Scan on sbtest1_pkey  (cost=0.00..219.00 rows=10256 width=0)
	              Index Cond: ((id >= 4070644) AND (id <= 4080643))

table 2 : explain SELECT c FROM sbtest2 WHERE id BETWEEN 7665406 AND 7675405 ORDER BY c
	Sort  (cost=34537.79..34562.45 rows=9863 width=121)
	  Sort Key: c
	  ->  Bitmap Heap Scan on sbtest2  (cost=213.53..33883.49 rows=9863 width=121)
	        Recheck Cond: ((id >= 7665406) AND (id <= 7675405))
	        ->  Bitmap Index Scan on sbtest2_pkey  (cost=0.00..211.06 rows=9863 width=0)
	              Index Cond: ((id >= 7665406) AND (id <= 7675405))

table 3 : explain SELECT c FROM sbtest3 WHERE id BETWEEN 7024147 AND 7034146 ORDER BY c
	Sort  (cost=35365.95..35391.25 rows=10120 width=121)
	  Sort Key: c
	  ->  Bitmap Heap Scan on sbtest3  (cost=216.16..34692.72 rows=10120 width=121)
	        Recheck Cond: ((id >= 7024147) AND (id <= 7034146))
	        ->  Bitmap Index Scan on sbtest3_pkey  (cost=0.00..213.63 rows=10120 width=0)
	              Index Cond: ((id >= 7024147) AND (id <= 7034146))

table 4 : explain SELECT c FROM sbtest4 WHERE id BETWEEN 1925188 AND 1935187 ORDER BY c
	Sort  (cost=36725.59..36751.96 rows=10546 width=121)
	  Sort Key: c
	  ->  Bitmap Heap Scan on sbtest4  (cost=224.53..36020.89 rows=10546 width=121)
	        Recheck Cond: ((id >= 1925188) AND (id <= 1935187))
	        ->  Bitmap Index Scan on sbtest4_pkey  (cost=0.00..221.90 rows=10546 width=0)
	              Index Cond: ((id >= 1925188) AND (id <= 1935187))

table 5 : explain SELECT c FROM sbtest5 WHERE id BETWEEN 5025191 AND 5035190 ORDER BY c
	Sort  (cost=31817.96..31840.48 rows=9009 width=121)
	  Sort Key: c
	  ->  Bitmap Heap Scan on sbtest5  (cost=192.78..31226.20 rows=9009 width=121)
	        Recheck Cond: ((id >= 5025191) AND (id <= 5035190))
	        ->  Bitmap Index Scan on sbtest5_pkey  (cost=0.00..190.53 rows=9009 width=0)
	              Index Cond: ((id >= 5025191) AND (id <= 5035190))

table 6 : explain SELECT c FROM sbtest6 WHERE id BETWEEN 3668281 AND 3678280 ORDER BY c
	Sort  (cost=33729.52..33753.49 rows=9591 width=121)
	  Sort Key: c
	  ->  Bitmap Heap Scan on sbtest6  (cost=206.74..33095.19 rows=9591 width=121)
	        Recheck Cond: ((id >= 3668281) AND (id <= 3678280))
	        ->  Bitmap Index Scan on sbtest6_pkey  (cost=0.00..204.34 rows=9591 width=0)
	              Index Cond: ((id >= 3668281) AND (id <= 3678280))

table 7 : explain SELECT c FROM sbtest7 WHERE id BETWEEN 1698741 AND 1708740 ORDER BY c
	Sort  (cost=31970.24..31992.87 rows=9050 width=121)
	  Sort Key: c
	  ->  Bitmap Heap Scan on sbtest7  (cost=193.20..31375.49 rows=9050 width=121)
	        Recheck Cond: ((id >= 1698741) AND (id <= 1708740))
	        ->  Bitmap Index Scan on sbtest7_pkey  (cost=0.00..190.94 rows=9050 width=0)
	              Index Cond: ((id >= 1698741) AND (id <= 1708740))

table 8 : explain SELECT c FROM sbtest8 WHERE id BETWEEN 9032136 AND 9042135 ORDER BY c
	Sort  (cost=35104.91..35129.93 rows=10011 width=121)
	  Sort Key: c
	  ->  Bitmap Heap Scan on sbtest8  (cost=219.05..34439.71 rows=10011 width=121)
	        Recheck Cond: ((id >= 9032136) AND (id <= 9042135))
	        ->  Bitmap Index Scan on sbtest8_pkey  (cost=0.00..216.55 rows=10011 width=0)
	              Index Cond: ((id >= 9032136) AND (id <= 9042135))

for: simple_ranges
table 1 : explain SELECT c FROM sbtest1 WHERE id BETWEEN 2799512 AND 2809511
	Bitmap Heap Scan on sbtest1  (cost=216.09..34655.36 rows=10113 width=121)
	  Recheck Cond: ((id >= 2799512) AND (id <= 2809511))
	  ->  Bitmap Index Scan on sbtest1_pkey  (cost=0.00..213.56 rows=10113 width=0)
	        Index Cond: ((id >= 2799512) AND (id <= 2809511))

table 2 : explain SELECT c FROM sbtest2 WHERE id BETWEEN 5586158 AND 5596157
	Bitmap Heap Scan on sbtest2  (cost=215.92..34604.55 rows=10096 width=121)
	  Recheck Cond: ((id >= 5586158) AND (id <= 5596157))
	  ->  Bitmap Index Scan on sbtest2_pkey  (cost=0.00..213.40 rows=10096 width=0)
	        Index Cond: ((id >= 5586158) AND (id <= 5596157))

table 3 : explain SELECT c FROM sbtest3 WHERE id BETWEEN 1955260 AND 1965259
	Bitmap Heap Scan on sbtest3  (cost=229.58..36327.74 rows=10648 width=121)
	  Recheck Cond: ((id >= 1955260) AND (id <= 1965259))
	  ->  Bitmap Index Scan on sbtest3_pkey  (cost=0.00..226.92 rows=10648 width=0)
	        Index Cond: ((id >= 1955260) AND (id <= 1965259))

table 4 : explain SELECT c FROM sbtest4 WHERE id BETWEEN 7936368 AND 7946367
	Bitmap Heap Scan on sbtest4  (cost=236.42..37191.94 rows=10925 width=121)
	  Recheck Cond: ((id >= 7936368) AND (id <= 7946367))
	  ->  Bitmap Index Scan on sbtest4_pkey  (cost=0.00..233.69 rows=10925 width=0)
	        Index Cond: ((id >= 7936368) AND (id <= 7946367))

table 5 : explain SELECT c FROM sbtest5 WHERE id BETWEEN 9599879 AND 9609878
	Bitmap Heap Scan on sbtest5  (cost=200.82..32467.87 rows=9403 width=121)
	  Recheck Cond: ((id >= 9599879) AND (id <= 9609878))
	  ->  Bitmap Index Scan on sbtest5_pkey  (cost=0.00..198.47 rows=9403 width=0)
	        Index Cond: ((id >= 9599879) AND (id <= 9609878))

table 6 : explain SELECT c FROM sbtest6 WHERE id BETWEEN 7045773 AND 7055772
	Bitmap Heap Scan on sbtest6  (cost=221.40..35122.52 rows=10240 width=121)
	  Recheck Cond: ((id >= 7045773) AND (id <= 7055772))
	  ->  Bitmap Index Scan on sbtest6_pkey  (cost=0.00..218.84 rows=10240 width=0)
	        Index Cond: ((id >= 7045773) AND (id <= 7055772))

table 7 : explain SELECT c FROM sbtest7 WHERE id BETWEEN 9832678 AND 9842677
	Bitmap Heap Scan on sbtest7  (cost=221.55..35154.31 rows=10255 width=121)
	  Recheck Cond: ((id >= 9832678) AND (id <= 9842677))
	  ->  Bitmap Index Scan on sbtest7_pkey  (cost=0.00..218.99 rows=10255 width=0)
	        Index Cond: ((id >= 9832678) AND (id <= 9842677))

table 8 : explain SELECT c FROM sbtest8 WHERE id BETWEEN 132793 AND 142792
	Bitmap Heap Scan on sbtest8  (cost=235.43..36974.94 rows=10829 width=121)
	  Recheck Cond: ((id >= 132793) AND (id <= 142792))
	  ->  Bitmap Index Scan on sbtest8_pkey  (cost=0.00..232.73 rows=10829 width=0)
	        Index Cond: ((id >= 132793) AND (id <= 142792))

for: order_ranges
table 1 : explain SELECT c FROM sbtest1 WHERE id BETWEEN 2008300 AND 2018299 ORDER BY c
	Sort  (cost=35992.90..36018.70 rows=10323 width=121)
	  Sort Key: c
	  ->  Bitmap Heap Scan on sbtest1  (cost=222.25..35304.68 rows=10323 width=121)
	        Recheck Cond: ((id >= 2008300) AND (id <= 2018299))
	        ->  Bitmap Index Scan on sbtest1_pkey  (cost=0.00..219.67 rows=10323 width=0)
	              Index Cond: ((id >= 2008300) AND (id <= 2018299))

table 2 : explain SELECT c FROM sbtest2 WHERE id BETWEEN 6224009 AND 6234008 ORDER BY c
	Sort  (cost=34283.93..34308.39 rows=9784 width=121)
	  Sort Key: c
	  ->  Bitmap Heap Scan on sbtest2  (cost=208.72..33635.44 rows=9784 width=121)
	        Recheck Cond: ((id >= 6224009) AND (id <= 6234008))
	        ->  Bitmap Index Scan on sbtest2_pkey  (cost=0.00..206.28 rows=9784 width=0)
	              Index Cond: ((id >= 6224009) AND (id <= 6234008))

table 3 : explain SELECT c FROM sbtest3 WHERE id BETWEEN 1219277 AND 1229276 ORDER BY c
	Sort  (cost=34870.68..34895.59 rows=9964 width=121)
	  Sort Key: c
	  ->  Bitmap Heap Scan on sbtest3  (cost=214.57..34208.94 rows=9964 width=121)
	        Recheck Cond: ((id >= 1219277) AND (id <= 1229276))
	        ->  Bitmap Index Scan on sbtest3_pkey  (cost=0.00..212.07 rows=9964 width=0)
	              Index Cond: ((id >= 1219277) AND (id <= 1229276))

table 4 : explain SELECT c FROM sbtest4 WHERE id BETWEEN 3338914 AND 3348913 ORDER BY c
	Sort  (cost=35689.52..35715.06 rows=10217 width=121)
	  Sort Key: c
	  ->  Bitmap Heap Scan on sbtest4  (cost=221.16..35009.14 rows=10217 width=121)
	        Recheck Cond: ((id >= 3338914) AND (id <= 3348913))
	        ->  Bitmap Index Scan on sbtest4_pkey  (cost=0.00..218.61 rows=10217 width=0)
	              Index Cond: ((id >= 3338914) AND (id <= 3348913))

table 5 : explain SELECT c FROM sbtest5 WHERE id BETWEEN 6009590 AND 6019589 ORDER BY c
	Sort  (cost=35116.00..35141.09 rows=10036 width=121)
	  Sort Key: c
	  ->  Bitmap Heap Scan on sbtest5  (cost=215.30..34448.96 rows=10036 width=121)
	        Recheck Cond: ((id >= 6009590) AND (id <= 6019589))
	        ->  Bitmap Index Scan on sbtest5_pkey  (cost=0.00..212.80 rows=10036 width=0)
	              Index Cond: ((id >= 6009590) AND (id <= 6019589))

table 6 : explain SELECT c FROM sbtest6 WHERE id BETWEEN 4262440 AND 4272439 ORDER BY c
	Sort  (cost=34844.74..34869.58 rows=9939 width=121)
	  Sort Key: c
	  ->  Bitmap Heap Scan on sbtest6  (cost=214.31..34184.84 rows=9939 width=121)
	        Recheck Cond: ((id >= 4262440) AND (id <= 4272439))
	        ->  Bitmap Index Scan on sbtest6_pkey  (cost=0.00..211.82 rows=9939 width=0)
	              Index Cond: ((id >= 4262440) AND (id <= 4272439))

table 7 : explain SELECT c FROM sbtest7 WHERE id BETWEEN 6706680 AND 6716679 ORDER BY c
	Sort  (cost=34173.09..34197.42 rows=9734 width=121)
	  Sort Key: c
	  ->  Bitmap Heap Scan on sbtest7  (cost=208.21..33528.27 rows=9734 width=121)
	        Recheck Cond: ((id >= 6706680) AND (id <= 6716679))
	        ->  Bitmap Index Scan on sbtest7_pkey  (cost=0.00..205.78 rows=9734 width=0)
	              Index Cond: ((id >= 6706680) AND (id <= 6716679))

table 8 : explain SELECT c FROM sbtest8 WHERE id BETWEEN 7134584 AND 7144583 ORDER BY c
	Sort  (cost=35998.60..36024.33 rows=10292 width=121)
	  Sort Key: c
	  ->  Bitmap Heap Scan on sbtest8  (cost=221.93..35312.68 rows=10292 width=121)
	        Recheck Cond: ((id >= 7134584) AND (id <= 7144583))
	        ->  Bitmap Index Scan on sbtest8_pkey  (cost=0.00..219.36 rows=10292 width=0)
	              Index Cond: ((id >= 7134584) AND (id <= 7144583))

for: order_ranges
table 1 : explain SELECT c FROM sbtest1 WHERE id BETWEEN 7990861 AND 8000860 ORDER BY c
	Sort  (cost=33063.75..33087.26 rows=9404 width=121)
	  Sort Key: c
	  ->  Bitmap Heap Scan on sbtest1  (cost=200.83..32443.13 rows=9404 width=121)
	        Recheck Cond: ((id >= 7990861) AND (id <= 8000860))
	        ->  Bitmap Index Scan on sbtest1_pkey  (cost=0.00..198.48 rows=9404 width=0)
	              Index Cond: ((id >= 7990861) AND (id <= 8000860))

table 2 : explain SELECT c FROM sbtest2 WHERE id BETWEEN 8618302 AND 8628301 ORDER BY c
	Sort  (cost=35272.73..35297.97 rows=10095 width=121)
	  Sort Key: c
	  ->  Bitmap Heap Scan on sbtest2  (cost=215.91..34601.35 rows=10095 width=121)
	        Recheck Cond: ((id >= 8618302) AND (id <= 8628301))
	        ->  Bitmap Index Scan on sbtest2_pkey  (cost=0.00..213.38 rows=10095 width=0)
	              Index Cond: ((id >= 8618302) AND (id <= 8628301))

table 3 : explain SELECT c FROM sbtest3 WHERE id BETWEEN 7591672 AND 7601671 ORDER BY c
	Sort  (cost=32713.29..32736.51 rows=9290 width=121)
	  Sort Key: c
	  ->  Bitmap Heap Scan on sbtest3  (cost=199.66..32101.01 rows=9290 width=121)
	        Recheck Cond: ((id >= 7591672) AND (id <= 7601671))
	        ->  Bitmap Index Scan on sbtest3_pkey  (cost=0.00..197.34 rows=9290 width=0)
	              Index Cond: ((id >= 7591672) AND (id <= 7601671))

table 4 : explain SELECT c FROM sbtest4 WHERE id BETWEEN 8173058 AND 8183057 ORDER BY c
	Sort  (cost=31205.71..31227.77 rows=8821 width=121)
	  Sort Key: c
	  ->  Bitmap Heap Scan on sbtest4  (cost=190.85..30627.64 rows=8821 width=121)
	        Recheck Cond: ((id >= 8173058) AND (id <= 8183057))
	        ->  Bitmap Index Scan on sbtest4_pkey  (cost=0.00..188.65 rows=8821 width=0)
	              Index Cond: ((id >= 8173058) AND (id <= 8183057))

table 5 : explain SELECT c FROM sbtest5 WHERE id BETWEEN 6319686 AND 6329685 ORDER BY c
	Sort  (cost=32870.06..32893.39 rows=9335 width=121)
	  Sort Key: c
	  ->  Bitmap Heap Scan on sbtest5  (cost=200.12..32254.49 rows=9335 width=121)
	        Recheck Cond: ((id >= 6319686) AND (id <= 6329685))
	        ->  Bitmap Index Scan on sbtest5_pkey  (cost=0.00..197.79 rows=9335 width=0)
	              Index Cond: ((id >= 6319686) AND (id <= 6329685))

table 6 : explain SELECT c FROM sbtest6 WHERE id BETWEEN 1008177 AND 1018176 ORDER BY c
	Sort  (cost=37270.35..37297.10 rows=10703 width=121)
	  Sort Key: c
	  ->  Bitmap Heap Scan on sbtest6  (cost=230.14..36554.01 rows=10703 width=121)
	        Recheck Cond: ((id >= 1008177) AND (id <= 1018176))
	        ->  Bitmap Index Scan on sbtest6_pkey  (cost=0.00..227.47 rows=10703 width=0)
	              Index Cond: ((id >= 1008177) AND (id <= 1018176))

table 7 : explain SELECT c FROM sbtest7 WHERE id BETWEEN 9362795 AND 9372794 ORDER BY c
	Sort  (cost=35683.53..35709.05 rows=10207 width=121)
	  Sort Key: c
	  ->  Bitmap Heap Scan on sbtest7  (cost=221.06..35003.88 rows=10207 width=121)
	        Recheck Cond: ((id >= 9362795) AND (id <= 9372794))
	        ->  Bitmap Index Scan on sbtest7_pkey  (cost=0.00..218.50 rows=10207 width=0)
	              Index Cond: ((id >= 9362795) AND (id <= 9372794))

table 8 : explain SELECT c FROM sbtest8 WHERE id BETWEEN 5243856 AND 5253855 ORDER BY c
	Sort  (cost=34039.13..34063.32 rows=9679 width=121)
	  Sort Key: c
	  ->  Bitmap Heap Scan on sbtest8  (cost=211.64..33398.35 rows=9679 width=121)
	        Recheck Cond: ((id >= 5243856) AND (id <= 5253855))
	        ->  Bitmap Index Scan on sbtest8_pkey  (cost=0.00..209.23 rows=9679 width=0)
	              Index Cond: ((id >= 5243856) AND (id <= 5253855))

for: distinct_ranges
table 1 : explain SELECT DISTINCT c FROM sbtest1 WHERE id BETWEEN 4275114 AND 4285113 ORDER BY c
	Unique  (cost=32670.44..32716.85 rows=9282 width=121)
	  ->  Sort  (cost=32670.44..32693.65 rows=9282 width=121)
	        Sort Key: c
	        ->  Bitmap Heap Scan on sbtest1  (cost=199.58..32058.75 rows=9282 width=121)
	              Recheck Cond: ((id >= 4275114) AND (id <= 4285113))
	              ->  Bitmap Index Scan on sbtest1_pkey  (cost=0.00..197.25 rows=9282 width=0)
	                    Index Cond: ((id >= 4275114) AND (id <= 4285113))

table 2 : explain SELECT DISTINCT c FROM sbtest2 WHERE id BETWEEN 9871068 AND 9881067 ORDER BY c
	Unique  (cost=35531.36..35582.24 rows=10176 width=121)
	  ->  Sort  (cost=35531.36..35556.80 rows=10176 width=121)
	        Sort Key: c
	        ->  Bitmap Heap Scan on sbtest2  (cost=216.74..34854.00 rows=10176 width=121)
	              Recheck Cond: ((id >= 9871068) AND (id <= 9881067))
	              ->  Bitmap Index Scan on sbtest2_pkey  (cost=0.00..214.19 rows=10176 width=0)
	                    Index Cond: ((id >= 9871068) AND (id <= 9881067))

table 3 : explain SELECT DISTINCT c FROM sbtest3 WHERE id BETWEEN 5201748 AND 5211747 ORDER BY c
	Unique  (cost=33242.35..33289.63 rows=9455 width=121)
	  ->  Sort  (cost=33242.35..33265.99 rows=9455 width=121)
	        Sort Key: c
	        ->  Bitmap Heap Scan on sbtest3  (cost=201.35..32618.00 rows=9455 width=121)
	              Recheck Cond: ((id >= 5201748) AND (id <= 5211747))
	              ->  Bitmap Index Scan on sbtest3_pkey  (cost=0.00..198.99 rows=9455 width=0)
	                    Index Cond: ((id >= 5201748) AND (id <= 5211747))

table 4 : explain SELECT DISTINCT c FROM sbtest4 WHERE id BETWEEN 5796978 AND 5806977 ORDER BY c
	Unique  (cost=36736.11..36788.85 rows=10548 width=121)
	  ->  Sort  (cost=36736.11..36762.48 rows=10548 width=121)
	        Sort Key: c
	        ->  Bitmap Heap Scan on sbtest4  (cost=228.55..36031.26 rows=10548 width=121)
	              Recheck Cond: ((id >= 5796978) AND (id <= 5806977))
	              ->  Bitmap Index Scan on sbtest4_pkey  (cost=0.00..225.92 rows=10548 width=0)
	                    Index Cond: ((id >= 5796978) AND (id <= 5806977))

table 5 : explain SELECT DISTINCT c FROM sbtest5 WHERE id BETWEEN 4098672 AND 4108671 ORDER BY c
	Unique  (cost=33141.28..33188.37 rows=9419 width=121)
	  ->  Sort  (cost=33141.28..33164.83 rows=9419 width=121)
	        Sort Key: c
	        ->  Bitmap Heap Scan on sbtest5  (cost=200.98..32519.56 rows=9419 width=121)
	              Recheck Cond: ((id >= 4098672) AND (id <= 4108671))
	              ->  Bitmap Index Scan on sbtest5_pkey  (cost=0.00..198.62 rows=9419 width=0)
	                    Index Cond: ((id >= 4098672) AND (id <= 4108671))

table 6 : explain SELECT DISTINCT c FROM sbtest6 WHERE id BETWEEN 2938782 AND 2948781 ORDER BY c
	Unique  (cost=33508.05..33555.66 rows=9522 width=121)
	  ->  Sort  (cost=33508.05..33531.86 rows=9522 width=121)
	        Sort Key: c
	        ->  Bitmap Heap Scan on sbtest6  (cost=206.04..32878.79 rows=9522 width=121)
	              Recheck Cond: ((id >= 2938782) AND (id <= 2948781))
	              ->  Bitmap Index Scan on sbtest6_pkey  (cost=0.00..203.66 rows=9522 width=0)
	                    Index Cond: ((id >= 2938782) AND (id <= 2948781))

table 7 : explain SELECT DISTINCT c FROM sbtest7 WHERE id BETWEEN 4774513 AND 4784512 ORDER BY c
	Unique  (cost=34914.59..34964.42 rows=9966 width=121)
	  ->  Sort  (cost=34914.59..34939.51 rows=9966 width=121)
	        Sort Key: c
	        ->  Bitmap Heap Scan on sbtest7  (cost=214.59..34252.71 rows=9966 width=121)
	              Recheck Cond: ((id >= 4774513) AND (id <= 4784512))
	              ->  Bitmap Index Scan on sbtest7_pkey  (cost=0.00..212.09 rows=9966 width=0)
	                    Index Cond: ((id >= 4774513) AND (id <= 4784512))

table 8 : explain SELECT DISTINCT c FROM sbtest8 WHERE id BETWEEN 854362 AND 864361 ORDER BY c
	Unique  (cost=36078.06..36129.64 rows=10316 width=121)
	  ->  Sort  (cost=36078.06..36103.85 rows=10316 width=121)
	        Sort Key: c
	        ->  Bitmap Heap Scan on sbtest8  (cost=226.17..35390.36 rows=10316 width=121)
	              Recheck Cond: ((id >= 854362) AND (id <= 864361))
	              ->  Bitmap Index Scan on sbtest8_pkey  (cost=0.00..223.59 rows=10316 width=0)
	                    Index Cond: ((id >= 854362) AND (id <= 864361))

for: order_ranges
table 1 : explain SELECT c FROM sbtest1 WHERE id BETWEEN 3956489 AND 3966488 ORDER BY c
	Sort  (cost=32561.25..32584.37 rows=9248 width=121)
	  Sort Key: c
	  ->  Bitmap Heap Scan on sbtest1  (cost=199.23..31952.04 rows=9248 width=121)
	        Recheck Cond: ((id >= 3956489) AND (id <= 3966488))
	        ->  Bitmap Index Scan on sbtest1_pkey  (cost=0.00..196.92 rows=9248 width=0)
	              Index Cond: ((id >= 3956489) AND (id <= 3966488))

table 2 : explain SELECT c FROM sbtest2 WHERE id BETWEEN 6455716 AND 6465715 ORDER BY c
	Sort  (cost=37164.43..37191.16 rows=10692 width=121)
	  Sort Key: c
	  ->  Bitmap Heap Scan on sbtest2  (cost=230.03..36448.90 rows=10692 width=121)
	        Recheck Cond: ((id >= 6455716) AND (id <= 6465715))
	        ->  Bitmap Index Scan on sbtest2_pkey  (cost=0.00..227.36 rows=10692 width=0)
	              Index Cond: ((id >= 6455716) AND (id <= 6465715))

table 3 : explain SELECT c FROM sbtest3 WHERE id BETWEEN 1420710 AND 1430709 ORDER BY c
	Sort  (cost=32435.16..32458.17 rows=9204 width=121)
	  Sort Key: c
	  ->  Bitmap Heap Scan on sbtest3  (cost=198.78..31829.16 rows=9204 width=121)
	        Recheck Cond: ((id >= 1420710) AND (id <= 1430709))
	        ->  Bitmap Index Scan on sbtest3_pkey  (cost=0.00..196.48 rows=9204 width=0)
	              Index Cond: ((id >= 1420710) AND (id <= 1430709))

table 4 : explain SELECT c FROM sbtest4 WHERE id BETWEEN 2266588 AND 2276587 ORDER BY c
	Sort  (cost=35611.01..35636.49 rows=10193 width=121)
	  Sort Key: c
	  ->  Bitmap Heap Scan on sbtest4  (cost=220.91..34932.39 rows=10193 width=121)
	        Recheck Cond: ((id >= 2266588) AND (id <= 2276587))
	        ->  Bitmap Index Scan on sbtest4_pkey  (cost=0.00..218.37 rows=10193 width=0)
	              Index Cond: ((id >= 2266588) AND (id <= 2276587))

table 5 : explain SELECT c FROM sbtest5 WHERE id BETWEEN 9511093 AND 9521092 ORDER BY c
	Sort  (cost=35004.40..35029.40 rows=10001 width=121)
	  Sort Key: c
	  ->  Bitmap Heap Scan on sbtest5  (cost=214.95..34339.94 rows=10001 width=121)
	        Recheck Cond: ((id >= 9511093) AND (id <= 9521092))
	        ->  Bitmap Index Scan on sbtest5_pkey  (cost=0.00..212.44 rows=10001 width=0)
	              Index Cond: ((id >= 9511093) AND (id <= 9521092))

table 6 : explain SELECT c FROM sbtest6 WHERE id BETWEEN 5557107 AND 5567106 ORDER BY c
	Sort  (cost=35305.05..35330.26 rows=10084 width=121)
	  Sort Key: c
	  ->  Bitmap Heap Scan on sbtest6  (cost=215.80..34634.47 rows=10084 width=121)
	        Recheck Cond: ((id >= 5557107) AND (id <= 5567106))
	        ->  Bitmap Index Scan on sbtest6_pkey  (cost=0.00..213.28 rows=10084 width=0)
	              Index Cond: ((id >= 5557107) AND (id <= 5567106))

table 7 : explain SELECT c FROM sbtest7 WHERE id BETWEEN 607646 AND 617645 ORDER BY c
	Sort  (cost=32352.99..32375.91 rows=9168 width=121)
	  Sort Key: c
	  ->  Bitmap Heap Scan on sbtest7  (cost=198.41..31749.63 rows=9168 width=121)
	        Recheck Cond: ((id >= 607646) AND (id <= 617645))
	        ->  Bitmap Index Scan on sbtest7_pkey  (cost=0.00..196.12 rows=9168 width=0)
	              Index Cond: ((id >= 607646) AND (id <= 617645))

table 8 : explain SELECT c FROM sbtest8 WHERE id BETWEEN 7660465 AND 7670464 ORDER BY c
	Sort  (cost=33389.97..33413.66 rows=9477 width=121)
	  Sort Key: c
	  ->  Bitmap Heap Scan on sbtest8  (cost=205.57..32764.00 rows=9477 width=121)
	        Recheck Cond: ((id >= 7660465) AND (id <= 7670464))
	        ->  Bitmap Index Scan on sbtest8_pkey  (cost=0.00..203.20 rows=9477 width=0)
	              Index Cond: ((id >= 7660465) AND (id <= 7670464))

for point_selects
table 1 : explain SELECT c FROM sbtest1 WHERE id=4942401
	Index Scan using sbtest1_pkey on sbtest1  (cost=0.43..8.45 rows=1 width=121)
	  Index Cond: (id = 4942401)

table 2 : explain SELECT c FROM sbtest2 WHERE id=7517366
	Index Scan using sbtest2_pkey on sbtest2  (cost=0.43..8.45 rows=1 width=121)
	  Index Cond: (id = 7517366)

table 3 : explain SELECT c FROM sbtest3 WHERE id=6901124
	Index Scan using sbtest3_pkey on sbtest3  (cost=0.43..8.45 rows=1 width=121)
	  Index Cond: (id = 6901124)

table 4 : explain SELECT c FROM sbtest4 WHERE id=4207135
	Index Scan using sbtest4_pkey on sbtest4  (cost=0.43..8.45 rows=1 width=121)
	  Index Cond: (id = 4207135)

table 5 : explain SELECT c FROM sbtest5 WHERE id=2888714
	Index Scan using sbtest5_pkey on sbtest5  (cost=0.43..8.45 rows=1 width=121)
	  Index Cond: (id = 2888714)

table 6 : explain SELECT c FROM sbtest6 WHERE id=8345942
	Index Scan using sbtest6_pkey on sbtest6  (cost=0.43..8.45 rows=1 width=121)
	  Index Cond: (id = 8345942)

table 7 : explain SELECT c FROM sbtest7 WHERE id=6098994
	Index Scan using sbtest7_pkey on sbtest7  (cost=0.43..8.45 rows=1 width=121)
	  Index Cond: (id = 6098994)

table 8 : explain SELECT c FROM sbtest8 WHERE id=6492354
	Index Scan using sbtest8_pkey on sbtest8  (cost=0.43..8.45 rows=1 width=121)
	  Index Cond: (id = 6492354)

for point_selects
table 1 : explain SELECT c FROM sbtest1 WHERE id=2154455
	Index Scan using sbtest1_pkey on sbtest1  (cost=0.43..8.45 rows=1 width=121)
	  Index Cond: (id = 2154455)

table 2 : explain SELECT c FROM sbtest2 WHERE id=6792636
	Index Scan using sbtest2_pkey on sbtest2  (cost=0.43..8.45 rows=1 width=121)
	  Index Cond: (id = 6792636)

table 3 : explain SELECT c FROM sbtest3 WHERE id=4808995
	Index Scan using sbtest3_pkey on sbtest3  (cost=0.43..8.45 rows=1 width=121)
	  Index Cond: (id = 4808995)

table 4 : explain SELECT c FROM sbtest4 WHERE id=6650820
	Index Scan using sbtest4_pkey on sbtest4  (cost=0.43..8.45 rows=1 width=121)
	  Index Cond: (id = 6650820)

table 5 : explain SELECT c FROM sbtest5 WHERE id=7926084
	Index Scan using sbtest5_pkey on sbtest5  (cost=0.43..8.45 rows=1 width=121)
	  Index Cond: (id = 7926084)

table 6 : explain SELECT c FROM sbtest6 WHERE id=4161455
	Index Scan using sbtest6_pkey on sbtest6  (cost=0.43..8.45 rows=1 width=121)
	  Index Cond: (id = 4161455)

table 7 : explain SELECT c FROM sbtest7 WHERE id=8097682
	Index Scan using sbtest7_pkey on sbtest7  (cost=0.43..8.45 rows=1 width=121)
	  Index Cond: (id = 8097682)

table 8 : explain SELECT c FROM sbtest8 WHERE id=8888515
	Index Scan using sbtest8_pkey on sbtest8  (cost=0.43..8.45 rows=1 width=121)
	  Index Cond: (id = 8888515)

explain: for point_selects :: explain SELECT c FROM sbtest%u WHERE id=%u
for: distinct_ranges
table 1 : explain SELECT DISTINCT c FROM sbtest1 WHERE id BETWEEN 3331266 AND 3341265 ORDER BY c
	Unique  (cost=34879.08..34928.94 rows=9972 width=121)
	  ->  Sort  (cost=34879.08..34904.01 rows=9972 width=121)
	        Sort Key: c
	        ->  Bitmap Heap Scan on sbtest1  (cost=214.65..34216.76 rows=9972 width=121)
	              Recheck Cond: ((id >= 3331266) AND (id <= 3341265))
	              ->  Bitmap Index Scan on sbtest1_pkey  (cost=0.00..212.16 rows=9972 width=0)
	                    Index Cond: ((id >= 3331266) AND (id <= 3341265))

table 2 : explain SELECT DISTINCT c FROM sbtest2 WHERE id BETWEEN 5560047 AND 5570046 ORDER BY c
	Unique  (cost=35276.01..35326.49 rows=10096 width=121)
	  ->  Sort  (cost=35276.01..35301.25 rows=10096 width=121)
	        Sort Key: c
	        ->  Bitmap Heap Scan on sbtest2  (cost=215.92..34604.55 rows=10096 width=121)
	              Recheck Cond: ((id >= 5560047) AND (id <= 5570046))
	              ->  Bitmap Index Scan on sbtest2_pkey  (cost=0.00..213.40 rows=10096 width=0)
	                    Index Cond: ((id >= 5560047) AND (id <= 5570046))

table 3 : explain SELECT DISTINCT c FROM sbtest3 WHERE id BETWEEN 9717954 AND 9727953 ORDER BY c
	Unique  (cost=35392.13..35442.77 rows=10128 width=121)
	  ->  Sort  (cost=35392.13..35417.45 rows=10128 width=121)
	        Sort Key: c
	        ->  Bitmap Heap Scan on sbtest3  (cost=216.25..34718.31 rows=10128 width=121)
	              Recheck Cond: ((id >= 9717954) AND (id <= 9727953))
	              ->  Bitmap Index Scan on sbtest3_pkey  (cost=0.00..213.72 rows=10128 width=0)
	                    Index Cond: ((id >= 9717954) AND (id <= 9727953))

table 4 : explain SELECT DISTINCT c FROM sbtest4 WHERE id BETWEEN 9340850 AND 9350849 ORDER BY c
	Unique  (cost=33557.85..33605.60 rows=9550 width=121)
	  ->  Sort  (cost=33557.85..33581.72 rows=9550 width=121)
	        Sort Key: c
	        ->  Bitmap Heap Scan on sbtest4  (cost=206.32..32926.53 rows=9550 width=121)
	              Recheck Cond: ((id >= 9340850) AND (id <= 9350849))
	              ->  Bitmap Index Scan on sbtest4_pkey  (cost=0.00..203.94 rows=9550 width=0)
	                    Index Cond: ((id >= 9340850) AND (id <= 9350849))

table 5 : explain SELECT DISTINCT c FROM sbtest5 WHERE id BETWEEN 5861846 AND 5871845 ORDER BY c
	Unique  (cost=37978.08..38032.78 rows=10940 width=121)
	  ->  Sort  (cost=37978.08..38005.43 rows=10940 width=121)
	        Sort Key: c
	        ->  Bitmap Heap Scan on sbtest5  (cost=236.57..37244.15 rows=10940 width=121)
	              Recheck Cond: ((id >= 5861846) AND (id <= 5871845))
	              ->  Bitmap Index Scan on sbtest5_pkey  (cost=0.00..233.84 rows=10940 width=0)
	                    Index Cond: ((id >= 5861846) AND (id <= 5871845))

table 6 : explain SELECT DISTINCT c FROM sbtest6 WHERE id BETWEEN 6179288 AND 6189287 ORDER BY c
	Unique  (cost=35594.69..35645.56 rows=10174 width=121)
	  ->  Sort  (cost=35594.69..35620.12 rows=10174 width=121)
	        Sort Key: c
	        ->  Bitmap Heap Scan on sbtest6  (cost=220.72..34917.48 rows=10174 width=121)
	              Recheck Cond: ((id >= 6179288) AND (id <= 6189287))
	              ->  Bitmap Index Scan on sbtest6_pkey  (cost=0.00..218.18 rows=10174 width=0)
	                    Index Cond: ((id >= 6179288) AND (id <= 6189287))

table 7 : explain SELECT DISTINCT c FROM sbtest7 WHERE id BETWEEN 3411312 AND 3421311 ORDER BY c
	Unique  (cost=34374.11..34423.10 rows=9797 width=121)
	  ->  Sort  (cost=34374.11..34398.60 rows=9797 width=121)
	        Sort Key: c
	        ->  Bitmap Heap Scan on sbtest7  (cost=208.85..33724.66 rows=9797 width=121)
	              Recheck Cond: ((id >= 3411312) AND (id <= 3421311))
	              ->  Bitmap Index Scan on sbtest7_pkey  (cost=0.00..206.41 rows=9797 width=0)
	                    Index Cond: ((id >= 3411312) AND (id <= 3421311))

table 8 : explain SELECT DISTINCT c FROM sbtest8 WHERE id BETWEEN 6630392 AND 6640391 ORDER BY c
	Unique  (cost=35206.91..35257.12 rows=10043 width=121)
	  ->  Sort  (cost=35206.91..35232.02 rows=10043 width=121)
	        Sort Key: c
	        ->  Bitmap Heap Scan on sbtest8  (cost=219.38..34539.35 rows=10043 width=121)
	              Recheck Cond: ((id >= 6630392) AND (id <= 6640391))
	              ->  Bitmap Index Scan on sbtest8_pkey  (cost=0.00..216.87 rows=10043 width=0)
	                    Index Cond: ((id >= 6630392) AND (id <= 6640391))

for: distinct_ranges
table 1 : explain SELECT DISTINCT c FROM sbtest1 WHERE id BETWEEN 136593 AND 146592 ORDER BY c
	Unique  (cost=34287.21..34336.14 rows=9787 width=121)
	  ->  Sort  (cost=34287.21..34311.67 rows=9787 width=121)
	        Sort Key: c
	        ->  Bitmap Heap Scan on sbtest1  (cost=208.75..33638.49 rows=9787 width=121)
	              Recheck Cond: ((id >= 136593) AND (id <= 146592))
	              ->  Bitmap Index Scan on sbtest1_pkey  (cost=0.00..206.31 rows=9787 width=0)
	                    Index Cond: ((id >= 136593) AND (id <= 146592))

table 2 : explain SELECT DISTINCT c FROM sbtest2 WHERE id BETWEEN 8739934 AND 8749933 ORDER BY c
	Unique  (cost=32372.30..32418.24 rows=9188 width=121)
	  ->  Sort  (cost=32372.30..32395.27 rows=9188 width=121)
	        Sort Key: c
	        ->  Bitmap Heap Scan on sbtest2  (cost=198.61..31767.47 rows=9188 width=121)
	              Recheck Cond: ((id >= 8739934) AND (id <= 8749933))
	              ->  Bitmap Index Scan on sbtest2_pkey  (cost=0.00..196.31 rows=9188 width=0)
	                    Index Cond: ((id >= 8739934) AND (id <= 8749933))

table 3 : explain SELECT DISTINCT c FROM sbtest3 WHERE id BETWEEN 4811211 AND 4821210 ORDER BY c
	Unique  (cost=35870.82..35922.21 rows=10278 width=121)
	  ->  Sort  (cost=35870.82..35896.52 rows=10278 width=121)
	        Sort Key: c
	        ->  Bitmap Heap Scan on sbtest3  (cost=221.78..35185.93 rows=10278 width=121)
	              Recheck Cond: ((id >= 4811211) AND (id <= 4821210))
	              ->  Bitmap Index Scan on sbtest3_pkey  (cost=0.00..219.22 rows=10278 width=0)
	                    Index Cond: ((id >= 4811211) AND (id <= 4821210))

table 4 : explain SELECT DISTINCT c FROM sbtest4 WHERE id BETWEEN 572745 AND 582744 ORDER BY c
	Unique  (cost=37091.41..37144.72 rows=10661 width=121)
	  ->  Sort  (cost=37091.41..37118.06 rows=10661 width=121)
	        Sort Key: c
	        ->  Bitmap Heap Scan on sbtest4  (cost=229.71..36378.19 rows=10661 width=121)
	              Recheck Cond: ((id >= 572745) AND (id <= 582744))
	              ->  Bitmap Index Scan on sbtest4_pkey  (cost=0.00..227.05 rows=10661 width=0)
	                    Index Cond: ((id >= 572745) AND (id <= 582744))

table 5 : explain SELECT DISTINCT c FROM sbtest5 WHERE id BETWEEN 220948 AND 230947 ORDER BY c
	Unique  (cost=36547.17..36599.60 rows=10487 width=121)
	  ->  Sort  (cost=36547.17..36573.38 rows=10487 width=121)
	        Sort Key: c
	        ->  Bitmap Heap Scan on sbtest5  (cost=223.93..35846.83 rows=10487 width=121)
	              Recheck Cond: ((id >= 220948) AND (id <= 230947))
	              ->  Bitmap Index Scan on sbtest5_pkey  (cost=0.00..221.31 rows=10487 width=0)
	                    Index Cond: ((id >= 220948) AND (id <= 230947))

table 6 : explain SELECT DISTINCT c FROM sbtest6 WHERE id BETWEEN 7685757 AND 7695756 ORDER BY c
	Unique  (cost=36043.90..36095.48 rows=10316 width=121)
	  ->  Sort  (cost=36043.90..36069.69 rows=10316 width=121)
	        Sort Key: c
	        ->  Bitmap Heap Scan on sbtest6  (cost=222.17..35356.21 rows=10316 width=121)
	              Recheck Cond: ((id >= 7685757) AND (id <= 7695756))
	              ->  Bitmap Index Scan on sbtest6_pkey  (cost=0.00..219.59 rows=10316 width=0)
	                    Index Cond: ((id >= 7685757) AND (id <= 7695756))

table 7 : explain SELECT DISTINCT c FROM sbtest7 WHERE id BETWEEN 3423843 AND 3433842 ORDER BY c
	Unique  (cost=34374.11..34423.10 rows=9797 width=121)
	  ->  Sort  (cost=34374.11..34398.60 rows=9797 width=121)
	        Sort Key: c
	        ->  Bitmap Heap Scan on sbtest7  (cost=208.85..33724.66 rows=9797 width=121)
	              Recheck Cond: ((id >= 3423843) AND (id <= 3433842))
	              ->  Bitmap Index Scan on sbtest7_pkey  (cost=0.00..206.41 rows=9797 width=0)
	                    Index Cond: ((id >= 3423843) AND (id <= 3433842))

table 8 : explain SELECT DISTINCT c FROM sbtest8 WHERE id BETWEEN 4736559 AND 4746558 ORDER BY c
	Unique  (cost=32077.79..32123.14 rows=9071 width=121)
	  ->  Sort  (cost=32077.79..32100.46 rows=9071 width=121)
	        Sort Key: c
	        ->  Bitmap Heap Scan on sbtest8  (cost=197.41..31481.50 rows=9071 width=121)
	              Recheck Cond: ((id >= 4736559) AND (id <= 4746558))
	              ->  Bitmap Index Scan on sbtest8_pkey  (cost=0.00..195.15 rows=9071 width=0)
	                    Index Cond: ((id >= 4736559) AND (id <= 4746558))

explain: for point_selects :: explain SELECT c FROM sbtest%u WHERE id=%u
for point_selects
table 1 : explain SELECT c FROM sbtest1 WHERE id=7297811
	Index Scan using sbtest1_pkey on sbtest1  (cost=0.43..8.45 rows=1 width=121)
	  Index Cond: (id = 7297811)

table 2 : explain SELECT c FROM sbtest2 WHERE id=3278462
	Index Scan using sbtest2_pkey on sbtest2  (cost=0.43..8.45 rows=1 width=121)
	  Index Cond: (id = 3278462)

table 3 : explain SELECT c FROM sbtest3 WHERE id=8479079
	Index Scan using sbtest3_pkey on sbtest3  (cost=0.43..8.45 rows=1 width=121)
	  Index Cond: (id = 8479079)

table 4 : explain SELECT c FROM sbtest4 WHERE id=8324925
	Index Scan using sbtest4_pkey on sbtest4  (cost=0.43..8.45 rows=1 width=121)
	  Index Cond: (id = 8324925)

table 5 : explain SELECT c FROM sbtest5 WHERE id=8218693
	Index Scan using sbtest5_pkey on sbtest5  (cost=0.43..8.45 rows=1 width=121)
	  Index Cond: (id = 8218693)

table 6 : explain SELECT c FROM sbtest6 WHERE id=6029918
	Index Scan using sbtest6_pkey on sbtest6  (cost=0.43..8.45 rows=1 width=121)
	  Index Cond: (id = 6029918)

table 7 : explain SELECT c FROM sbtest7 WHERE id=4494089
	Index Scan using sbtest7_pkey on sbtest7  (cost=0.43..8.45 rows=1 width=121)
	  Index Cond: (id = 4494089)

table 8 : explain SELECT c FROM sbtest8 WHERE id=4711716
	Index Scan using sbtest8_pkey on sbtest8  (cost=0.43..8.45 rows=1 width=121)
	  Index Cond: (id = 4711716)

for: distinct_ranges
table 1 : explain SELECT DISTINCT c FROM sbtest1 WHERE id BETWEEN 2882815 AND 2892814 ORDER BY c
	Unique  (cost=35328.07..35378.64 rows=10113 width=121)
	  ->  Sort  (cost=35328.07..35353.35 rows=10113 width=121)
	        Sort Key: c
	        ->  Bitmap Heap Scan on sbtest1  (cost=216.09..34655.36 rows=10113 width=121)
	              Recheck Cond: ((id >= 2882815) AND (id <= 2892814))
	              ->  Bitmap Index Scan on sbtest1_pkey  (cost=0.00..213.56 rows=10113 width=0)
	                    Index Cond: ((id >= 2882815) AND (id <= 2892814))

table 2 : explain SELECT DISTINCT c FROM sbtest2 WHERE id BETWEEN 2988740 AND 2998739 ORDER BY c
	Unique  (cost=36045.53..36097.22 rows=10338 width=121)
	  ->  Sort  (cost=36045.53..36071.37 rows=10338 width=121)
	        Sort Key: c
	        ->  Bitmap Heap Scan on sbtest2  (cost=222.40..35356.21 rows=10338 width=121)
	              Recheck Cond: ((id >= 2988740) AND (id <= 2998739))
	              ->  Bitmap Index Scan on sbtest2_pkey  (cost=0.00..219.81 rows=10338 width=0)
	                    Index Cond: ((id >= 2988740) AND (id <= 2998739))

table 3 : explain SELECT DISTINCT c FROM sbtest3 WHERE id BETWEEN 9793813 AND 9803812 ORDER BY c
	Unique  (cost=35392.13..35442.77 rows=10128 width=121)
	  ->  Sort  (cost=35392.13..35417.45 rows=10128 width=121)
	        Sort Key: c
	        ->  Bitmap Heap Scan on sbtest3  (cost=216.25..34718.31 rows=10128 width=121)
	              Recheck Cond: ((id >= 9793813) AND (id <= 9803812))
	              ->  Bitmap Index Scan on sbtest3_pkey  (cost=0.00..213.72 rows=10128 width=0)
	                    Index Cond: ((id >= 9793813) AND (id <= 9803812))

table 4 : explain SELECT DISTINCT c FROM sbtest4 WHERE id BETWEEN 3106414 AND 3116413 ORDER BY c
	Unique  (cost=33481.89..33529.52 rows=9526 width=121)
	  ->  Sort  (cost=33481.89..33505.71 rows=9526 width=121)
	        Sort Key: c
	        ->  Bitmap Heap Scan on sbtest4  (cost=206.08..32852.34 rows=9526 width=121)
	              Recheck Cond: ((id >= 3106414) AND (id <= 3116413))
	              ->  Bitmap Index Scan on sbtest4_pkey  (cost=0.00..203.69 rows=9526 width=0)
	                    Index Cond: ((id >= 3106414) AND (id <= 3116413))

table 5 : explain SELECT DISTINCT c FROM sbtest5 WHERE id BETWEEN 732701 AND 742700 ORDER BY c
	Unique  (cost=37766.20..37820.57 rows=10874 width=121)
	  ->  Sort  (cost=37766.20..37793.38 rows=10874 width=121)
	        Sort Key: c
	        ->  Bitmap Heap Scan on sbtest5  (cost=231.89..37037.17 rows=10874 width=121)
	              Recheck Cond: ((id >= 732701) AND (id <= 742700))
	              ->  Bitmap Index Scan on sbtest5_pkey  (cost=0.00..229.18 rows=10874 width=0)
	                    Index Cond: ((id >= 732701) AND (id <= 742700))

table 6 : explain SELECT DISTINCT c FROM sbtest6 WHERE id BETWEEN 8814538 AND 8824537 ORDER BY c
	Unique  (cost=36066.81..36118.42 rows=10323 width=121)
	  ->  Sort  (cost=36066.81..36092.62 rows=10323 width=121)
	        Sort Key: c
	        ->  Bitmap Heap Scan on sbtest6  (cost=222.25..35378.60 rows=10323 width=121)
	              Recheck Cond: ((id >= 8814538) AND (id <= 8824537))
	              ->  Bitmap Index Scan on sbtest6_pkey  (cost=0.00..219.67 rows=10323 width=0)
	                    Index Cond: ((id >= 8814538) AND (id <= 8824537))

table 7 : explain SELECT DISTINCT c FROM sbtest7 WHERE id BETWEEN 68916 AND 78915 ORDER BY c
	Unique  (cost=34255.51..34304.31 rows=9760 width=121)
	  ->  Sort  (cost=34255.51..34279.91 rows=9760 width=121)
	        Sort Key: c
	        ->  Bitmap Heap Scan on sbtest7  (cost=208.48..33608.78 rows=9760 width=121)
	              Recheck Cond: ((id >= 68916) AND (id <= 78915))
	              ->  Bitmap Index Scan on sbtest7_pkey  (cost=0.00..206.04 rows=9760 width=0)
	                    Index Cond: ((id >= 68916) AND (id <= 78915))

table 8 : explain SELECT DISTINCT c FROM sbtest8 WHERE id BETWEEN 137969 AND 147968 ORDER BY c
	Unique  (cost=37700.62..37754.76 rows=10829 width=121)
	  ->  Sort  (cost=37700.62..37727.69 rows=10829 width=121)
	        Sort Key: c
	        ->  Bitmap Heap Scan on sbtest8  (cost=235.43..36974.94 rows=10829 width=121)
	              Recheck Cond: ((id >= 137969) AND (id <= 147968))
	              ->  Bitmap Index Scan on sbtest8_pkey  (cost=0.00..232.73 rows=10829 width=0)
	                    Index Cond: ((id >= 137969) AND (id <= 147968))

explain: for point_selects :: explain SELECT c FROM sbtest%u WHERE id=%u
for point_selects
table 1 : explain SELECT c FROM sbtest1 WHERE id=1685801
	Index Scan using sbtest1_pkey on sbtest1  (cost=0.43..8.45 rows=1 width=121)
	  Index Cond: (id = 1685801)

table 2 : explain SELECT c FROM sbtest2 WHERE id=5883474
	Index Scan using sbtest2_pkey on sbtest2  (cost=0.43..8.45 rows=1 width=121)
	  Index Cond: (id = 5883474)

table 3 : explain SELECT c FROM sbtest3 WHERE id=4993946
	Index Scan using sbtest3_pkey on sbtest3  (cost=0.43..8.45 rows=1 width=121)
	  Index Cond: (id = 4993946)

table 4 : explain SELECT c FROM sbtest4 WHERE id=6479158
	Index Scan using sbtest4_pkey on sbtest4  (cost=0.43..8.45 rows=1 width=121)
	  Index Cond: (id = 6479158)

table 5 : explain SELECT c FROM sbtest5 WHERE id=5208657
	Index Scan using sbtest5_pkey on sbtest5  (cost=0.43..8.45 rows=1 width=121)
	  Index Cond: (id = 5208657)

table 6 : explain SELECT c FROM sbtest6 WHERE id=1816059
	Index Scan using sbtest6_pkey on sbtest6  (cost=0.43..8.45 rows=1 width=121)
	  Index Cond: (id = 1816059)

table 7 : explain SELECT c FROM sbtest7 WHERE id=551325
	Index Scan using sbtest7_pkey on sbtest7  (cost=0.43..8.45 rows=1 width=121)
	  Index Cond: (id = 551325)

table 8 : explain SELECT c FROM sbtest8 WHERE id=1106148
	Index Scan using sbtest8_pkey on sbtest8  (cost=0.43..8.45 rows=1 width=121)
	  Index Cond: (id = 1106148)

for: sum_ranges
table 1 : explain SELECT SUM(k) FROM sbtest1 WHERE id BETWEEN 1816289 AND 1826288
	Aggregate  (cost=31764.67..31764.68 rows=1 width=8)
	  ->  Bitmap Heap Scan on sbtest1  (cost=198.54..31741.72 rows=9181 width=4)
	        Recheck Cond: ((id >= 1816289) AND (id <= 1826288))
	        ->  Bitmap Index Scan on sbtest1_pkey  (cost=0.00..196.25 rows=9181 width=0)
	              Index Cond: ((id >= 1816289) AND (id <= 1826288))

table 2 : explain SELECT SUM(k) FROM sbtest2 WHERE id BETWEEN 3637945 AND 3647944
	Aggregate  (cost=34610.55..34610.56 rows=1 width=8)
	  ->  Bitmap Heap Scan on sbtest2  (cost=215.85..34585.33 rows=10089 width=4)
	        Recheck Cond: ((id >= 3637945) AND (id <= 3647944))
	        ->  Bitmap Index Scan on sbtest2_pkey  (cost=0.00..213.32 rows=10089 width=0)
	              Index Cond: ((id >= 3637945) AND (id <= 3647944))

table 3 : explain SELECT SUM(k) FROM sbtest3 WHERE id BETWEEN 1320181 AND 1330180
	Aggregate  (cost=33287.64..33287.65 rows=1 width=8)
	  ->  Bitmap Heap Scan on sbtest3  (cost=207.46..33263.49 rows=9661 width=4)
	        Recheck Cond: ((id >= 1320181) AND (id <= 1330180))
	        ->  Bitmap Index Scan on sbtest3_pkey  (cost=0.00..205.05 rows=9661 width=0)
	              Index Cond: ((id >= 1320181) AND (id <= 1330180))

table 4 : explain SELECT SUM(k) FROM sbtest4 WHERE id BETWEEN 6302980 AND 6312979
	Aggregate  (cost=32005.36..32005.37 rows=1 width=8)
	  ->  Bitmap Heap Scan on sbtest4  (cost=199.25..31982.23 rows=9250 width=4)
	        Recheck Cond: ((id >= 6302980) AND (id <= 6312979))
	        ->  Bitmap Index Scan on sbtest4_pkey  (cost=0.00..196.94 rows=9250 width=0)
	              Index Cond: ((id >= 6302980) AND (id <= 6312979))

table 5 : explain SELECT SUM(k) FROM sbtest5 WHERE id BETWEEN 5484759 AND 5494758
	Aggregate  (cost=35809.24..35809.25 rows=1 width=8)
	  ->  Bitmap Heap Scan on sbtest5  (cost=223.72..35783.08 rows=10467 width=4)
	        Recheck Cond: ((id >= 5484759) AND (id <= 5494758))
	        ->  Bitmap Index Scan on sbtest5_pkey  (cost=0.00..221.11 rows=10467 width=0)
	              Index Cond: ((id >= 5484759) AND (id <= 5494758))

table 6 : explain SELECT SUM(k) FROM sbtest6 WHERE id BETWEEN 6136073 AND 6146072
	Aggregate  (cost=34942.91..34942.92 rows=1 width=8)
	  ->  Bitmap Heap Scan on sbtest6  (cost=220.72..34917.48 rows=10174 width=4)
	        Recheck Cond: ((id >= 6136073) AND (id <= 6146072))
	        ->  Bitmap Index Scan on sbtest6_pkey  (cost=0.00..218.18 rows=10174 width=0)
	              Index Cond: ((id >= 6136073) AND (id <= 6146072))

table 7 : explain SELECT SUM(k) FROM sbtest7 WHERE id BETWEEN 2355496 AND 2365495
	Aggregate  (cost=32129.43..32129.44 rows=1 width=8)
	  ->  Bitmap Heap Scan on sbtest7  (cost=199.57..32106.23 rows=9281 width=4)
	        Recheck Cond: ((id >= 2355496) AND (id <= 2365495))
	        ->  Bitmap Index Scan on sbtest7_pkey  (cost=0.00..197.25 rows=9281 width=0)
	              Index Cond: ((id >= 2355496) AND (id <= 2365495))

table 8 : explain SELECT SUM(k) FROM sbtest8 WHERE id BETWEEN 1610093 AND 1620092
	Aggregate  (cost=34519.44..34519.45 rows=1 width=8)
	  ->  Bitmap Heap Scan on sbtest8  (cost=219.23..34494.37 rows=10029 width=4)
	        Recheck Cond: ((id >= 1610093) AND (id <= 1620092))
	        ->  Bitmap Index Scan on sbtest8_pkey  (cost=0.00..216.73 rows=10029 width=0)
	              Index Cond: ((id >= 1610093) AND (id <= 1620092))

explain: for point_selects :: explain SELECT c FROM sbtest%u WHERE id=%u
for point_selects
table 1 : explain SELECT c FROM sbtest1 WHERE id=6016072
	Index Scan using sbtest1_pkey on sbtest1  (cost=0.43..8.45 rows=1 width=121)
	  Index Cond: (id = 6016072)

table 2 : explain SELECT c FROM sbtest2 WHERE id=2642126
	Index Scan using sbtest2_pkey on sbtest2  (cost=0.43..8.45 rows=1 width=121)
	  Index Cond: (id = 2642126)

table 3 : explain SELECT c FROM sbtest3 WHERE id=7943510
	Index Scan using sbtest3_pkey on sbtest3  (cost=0.43..8.45 rows=1 width=121)
	  Index Cond: (id = 7943510)

table 4 : explain SELECT c FROM sbtest4 WHERE id=110072
	Index Scan using sbtest4_pkey on sbtest4  (cost=0.43..8.45 rows=1 width=121)
	  Index Cond: (id = 110072)

table 5 : explain SELECT c FROM sbtest5 WHERE id=9773851
	Index Scan using sbtest5_pkey on sbtest5  (cost=0.43..8.45 rows=1 width=121)
	  Index Cond: (id = 9773851)

table 6 : explain SELECT c FROM sbtest6 WHERE id=7789203
	Index Scan using sbtest6_pkey on sbtest6  (cost=0.43..8.45 rows=1 width=121)
	  Index Cond: (id = 7789203)

table 7 : explain SELECT c FROM sbtest7 WHERE id=1816496
	Index Scan using sbtest7_pkey on sbtest7  (cost=0.43..8.45 rows=1 width=121)
	  Index Cond: (id = 1816496)

table 8 : explain SELECT c FROM sbtest8 WHERE id=7208969
	Index Scan using sbtest8_pkey on sbtest8  (cost=0.43..8.45 rows=1 width=121)
	  Index Cond: (id = 7208969)

for: distinct_ranges
table 1 : explain SELECT DISTINCT c FROM sbtest1 WHERE id BETWEEN 1749413 AND 1759412 ORDER BY c
	Unique  (cost=38219.60..38274.75 rows=11029 width=121)
	  ->  Sort  (cost=38219.60..38247.18 rows=11029 width=121)
	        Sort Key: c
	        ->  Bitmap Heap Scan on sbtest1  (cost=237.48..37479.06 rows=11029 width=121)
	              Recheck Cond: ((id >= 1749413) AND (id <= 1759412))
	              ->  Bitmap Index Scan on sbtest1_pkey  (cost=0.00..234.73 rows=11029 width=0)
	                    Index Cond: ((id >= 1749413) AND (id <= 1759412))

table 2 : explain SELECT DISTINCT c FROM sbtest2 WHERE id BETWEEN 948370 AND 958369 ORDER BY c
	Unique  (cost=38609.06..38664.82 rows=11153 width=121)
	  ->  Sort  (cost=38609.06..38636.94 rows=11153 width=121)
	        Sort Key: c
	        ->  Bitmap Heap Scan on sbtest2  (cost=238.75..37859.29 rows=11153 width=121)
	              Recheck Cond: ((id >= 948370) AND (id <= 958369))
	              ->  Bitmap Index Scan on sbtest2_pkey  (cost=0.00..235.97 rows=11153 width=0)
	                    Index Cond: ((id >= 948370) AND (id <= 958369))

table 3 : explain SELECT DISTINCT c FROM sbtest3 WHERE id BETWEEN 4575356 AND 4585355 ORDER BY c
	Unique  (cost=34962.59..35012.56 rows=9993 width=121)
	  ->  Sort  (cost=34962.59..34987.57 rows=9993 width=121)
	        Sort Key: c
	        ->  Bitmap Heap Scan on sbtest3  (cost=214.86..34298.72 rows=9993 width=121)
	              Recheck Cond: ((id >= 4575356) AND (id <= 4585355))
	              ->  Bitmap Index Scan on sbtest3_pkey  (cost=0.00..212.37 rows=9993 width=0)
	                    Index Cond: ((id >= 4575356) AND (id <= 4585355))

table 4 : explain SELECT DISTINCT c FROM sbtest4 WHERE id BETWEEN 2738369 AND 2748368 ORDER BY c
	Unique  (cost=34615.93..34665.33 rows=9880 width=121)
	  ->  Sort  (cost=34615.93..34640.63 rows=9880 width=121)
	        Sort Key: c
	        ->  Bitmap Heap Scan on sbtest4  (cost=213.71..33960.37 rows=9880 width=121)
	              Recheck Cond: ((id >= 2738369) AND (id <= 2748368))
	              ->  Bitmap Index Scan on sbtest4_pkey  (cost=0.00..211.24 rows=9880 width=0)
	                    Index Cond: ((id >= 2738369) AND (id <= 2748368))

table 5 : explain SELECT DISTINCT c FROM sbtest5 WHERE id BETWEEN 9523401 AND 9533400 ORDER BY c
	Unique  (cost=35004.40..35054.41 rows=10001 width=121)
	  ->  Sort  (cost=35004.40..35029.40 rows=10001 width=121)
	        Sort Key: c
	        ->  Bitmap Heap Scan on sbtest5  (cost=214.95..34339.94 rows=10001 width=121)
	              Recheck Cond: ((id >= 9523401) AND (id <= 9533400))
	              ->  Bitmap Index Scan on sbtest5_pkey  (cost=0.00..212.44 rows=10001 width=0)
	                    Index Cond: ((id >= 9523401) AND (id <= 9533400))

table 6 : explain SELECT DISTINCT c FROM sbtest6 WHERE id BETWEEN 4231829 AND 4241828 ORDER BY c
	Unique  (cost=34844.74..34894.43 rows=9939 width=121)
	  ->  Sort  (cost=34844.74..34869.58 rows=9939 width=121)
	        Sort Key: c
	        ->  Bitmap Heap Scan on sbtest6  (cost=214.31..34184.84 rows=9939 width=121)
	              Recheck Cond: ((id >= 4231829) AND (id <= 4241828))
	              ->  Bitmap Index Scan on sbtest6_pkey  (cost=0.00..211.82 rows=9939 width=0)
	                    Index Cond: ((id >= 4231829) AND (id <= 4241828))

table 7 : explain SELECT DISTINCT c FROM sbtest7 WHERE id BETWEEN 6294193 AND 6304192 ORDER BY c
	Unique  (cost=35065.73..35115.79 rows=10013 width=121)
	  ->  Sort  (cost=35065.73..35090.76 rows=10013 width=121)
	        Sort Key: c
	        ->  Bitmap Heap Scan on sbtest7  (cost=215.07..34400.39 rows=10013 width=121)
	              Recheck Cond: ((id >= 6294193) AND (id <= 6304192))
	              ->  Bitmap Index Scan on sbtest7_pkey  (cost=0.00..212.56 rows=10013 width=0)
	                    Index Cond: ((id >= 6294193) AND (id <= 6304192))

table 8 : explain SELECT DISTINCT c FROM sbtest8 WHERE id BETWEEN 1326796 AND 1336795 ORDER BY c
	Unique  (cost=34049.03..34097.44 rows=9682 width=121)
	  ->  Sort  (cost=34049.03..34073.23 rows=9682 width=121)
	        Sort Key: c
	        ->  Bitmap Heap Scan on sbtest8  (cost=211.68..33408.03 rows=9682 width=121)
	              Recheck Cond: ((id >= 1326796) AND (id <= 1336795))
	              ->  Bitmap Index Scan on sbtest8_pkey  (cost=0.00..209.25 rows=9682 width=0)
	                    Index Cond: ((id >= 1326796) AND (id <= 1336795))

for: simple_ranges
table 1 : explain SELECT c FROM sbtest1 WHERE id BETWEEN 8632185 AND 8642184
	Bitmap Heap Scan on sbtest1  (cost=199.70..32097.53 rows=9294 width=121)
	  Recheck Cond: ((id >= 8632185) AND (id <= 8642184))
	  ->  Bitmap Index Scan on sbtest1_pkey  (cost=0.00..197.38 rows=9294 width=0)
	        Index Cond: ((id >= 8632185) AND (id <= 8642184))

table 2 : explain SELECT c FROM sbtest2 WHERE id BETWEEN 3369938 AND 3379937
	Bitmap Heap Scan on sbtest2  (cost=207.78..33349.35 rows=9692 width=121)
	  Recheck Cond: ((id >= 3369938) AND (id <= 3379937))
	  ->  Bitmap Index Scan on sbtest2_pkey  (cost=0.00..205.36 rows=9692 width=0)
	        Index Cond: ((id >= 3369938) AND (id <= 3379937))

table 3 : explain SELECT c FROM sbtest3 WHERE id BETWEEN 8540961 AND 8550960
	Bitmap Heap Scan on sbtest3  (cost=193.55..31449.22 rows=9084 width=121)
	  Recheck Cond: ((id >= 8540961) AND (id <= 8550960))
	  ->  Bitmap Index Scan on sbtest3_pkey  (cost=0.00..191.28 rows=9084 width=0)
	        Index Cond: ((id >= 8540961) AND (id <= 8550960))

table 4 : explain SELECT c FROM sbtest4 WHERE id BETWEEN 6365473 AND 6375472
	Bitmap Heap Scan on sbtest4  (cost=215.20..34412.80 rows=10026 width=121)
	  Recheck Cond: ((id >= 6365473) AND (id <= 6375472))
	  ->  Bitmap Index Scan on sbtest4_pkey  (cost=0.00..212.69 rows=10026 width=0)
	        Index Cond: ((id >= 6365473) AND (id <= 6375472))

table 5 : explain SELECT c FROM sbtest5 WHERE id BETWEEN 2077126 AND 2087125
	Bitmap Heap Scan on sbtest5  (cost=200.00..32215.68 rows=9323 width=121)
	  Recheck Cond: ((id >= 2077126) AND (id <= 2087125))
	  ->  Bitmap Index Scan on sbtest5_pkey  (cost=0.00..197.67 rows=9323 width=0)
	        Index Cond: ((id >= 2077126) AND (id <= 2087125))

table 6 : explain SELECT c FROM sbtest6 WHERE id BETWEEN 4229216 AND 4239215
	Bitmap Heap Scan on sbtest6  (cost=214.31..34184.84 rows=9939 width=121)
	  Recheck Cond: ((id >= 4229216) AND (id <= 4239215))
	  ->  Bitmap Index Scan on sbtest6_pkey  (cost=0.00..211.82 rows=9939 width=0)
	        Index Cond: ((id >= 4229216) AND (id <= 4239215))

table 7 : explain SELECT c FROM sbtest7 WHERE id BETWEEN 3261643 AND 3271642
	Bitmap Heap Scan on sbtest7  (cost=207.94..33447.73 rows=9708 width=121)
	  Recheck Cond: ((id >= 3261643) AND (id <= 3271642))
	  ->  Bitmap Index Scan on sbtest7_pkey  (cost=0.00..205.51 rows=9708 width=0)
	        Index Cond: ((id >= 3261643) AND (id <= 3271642))

table 8 : explain SELECT c FROM sbtest8 WHERE id BETWEEN 9267138 AND 9277137
	Bitmap Heap Scan on sbtest8  (cost=195.54..30901.73 rows=8888 width=121)
	  Recheck Cond: ((id >= 9267138) AND (id <= 9277137))
	  ->  Bitmap Index Scan on sbtest8_pkey  (cost=0.00..193.31 rows=8888 width=0)
	        Index Cond: ((id >= 9267138) AND (id <= 9277137))

for: simple_ranges
table 1 : explain SELECT c FROM sbtest1 WHERE id BETWEEN 4248821 AND 4258820
	Bitmap Heap Scan on sbtest1  (cost=199.58..32058.75 rows=9282 width=121)
	  Recheck Cond: ((id >= 4248821) AND (id <= 4258820))
	  ->  Bitmap Index Scan on sbtest1_pkey  (cost=0.00..197.25 rows=9282 width=0)
	        Index Cond: ((id >= 4248821) AND (id <= 4258820))

table 2 : explain SELECT c FROM sbtest2 WHERE id BETWEEN 3584228 AND 3594227
	Bitmap Heap Scan on sbtest2  (cost=200.62..32381.78 rows=9384 width=121)
	  Recheck Cond: ((id >= 3584228) AND (id <= 3594227))
	  ->  Bitmap Index Scan on sbtest2_pkey  (cost=0.00..198.28 rows=9384 width=0)
	        Index Cond: ((id >= 3584228) AND (id <= 3594227))

table 3 : explain SELECT c FROM sbtest3 WHERE id BETWEEN 9870097 AND 9880096
	Bitmap Heap Scan on sbtest3  (cost=221.37..35061.33 rows=10238 width=121)
	  Recheck Cond: ((id >= 9870097) AND (id <= 9880096))
	  ->  Bitmap Index Scan on sbtest3_pkey  (cost=0.00..218.81 rows=10238 width=0)
	        Index Cond: ((id >= 9870097) AND (id <= 9880096))

table 4 : explain SELECT c FROM sbtest4 WHERE id BETWEEN 9565508 AND 9575507
	Bitmap Heap Scan on sbtest4  (cost=207.56..33303.58 rows=9671 width=121)
	  Recheck Cond: ((id >= 9565508) AND (id <= 9575507))
	  ->  Bitmap Index Scan on sbtest4_pkey  (cost=0.00..205.15 rows=9671 width=0)
	        Index Cond: ((id >= 9565508) AND (id <= 9575507))

table 5 : explain SELECT c FROM sbtest5 WHERE id BETWEEN 2313620 AND 2323619
	Bitmap Heap Scan on sbtest5  (cost=214.26..34131.38 rows=9934 width=121)
	  Recheck Cond: ((id >= 2313620) AND (id <= 2323619))
	  ->  Bitmap Index Scan on sbtest5_pkey  (cost=0.00..211.78 rows=9934 width=0)
	        Index Cond: ((id >= 2313620) AND (id <= 2323619))

table 6 : explain SELECT c FROM sbtest6 WHERE id BETWEEN 8826959 AND 8836958
	Bitmap Heap Scan on sbtest6  (cost=222.25..35378.60 rows=10323 width=121)
	  Recheck Cond: ((id >= 8826959) AND (id <= 8836958))
	  ->  Bitmap Index Scan on sbtest6_pkey  (cost=0.00..219.67 rows=10323 width=0)
	        Index Cond: ((id >= 8826959) AND (id <= 8836958))

table 7 : explain SELECT c FROM sbtest7 WHERE id BETWEEN 5568893 AND 5578892
	Bitmap Heap Scan on sbtest7  (cost=213.57..33944.22 rows=9867 width=121)
	  Recheck Cond: ((id >= 5568893) AND (id <= 5578892))
	  ->  Bitmap Index Scan on sbtest7_pkey  (cost=0.00..211.11 rows=9867 width=0)
	        Index Cond: ((id >= 5568893) AND (id <= 5578892))

table 8 : explain SELECT c FROM sbtest8 WHERE id BETWEEN 9611817 AND 9621816
	Bitmap Heap Scan on sbtest8  (cost=228.71..36154.72 rows=10563 width=121)
	  Recheck Cond: ((id >= 9611817) AND (id <= 9621816))
	  ->  Bitmap Index Scan on sbtest8_pkey  (cost=0.00..226.06 rows=10563 width=0)
	        Index Cond: ((id >= 9611817) AND (id <= 9621816))

explain: for point_selects :: explain SELECT c FROM sbtest%u WHERE id=%u
for: order_ranges
table 1 : explain SELECT c FROM sbtest1 WHERE id BETWEEN 4443574 AND 4453573 ORDER BY c
	Sort  (cost=36994.60..37021.20 rows=10639 width=121)
	  Sort Key: c
	  ->  Bitmap Heap Scan on sbtest1  (cost=229.48..36283.01 rows=10639 width=121)
	        Recheck Cond: ((id >= 4443574) AND (id <= 4453573))
	        ->  Bitmap Index Scan on sbtest1_pkey  (cost=0.00..226.82 rows=10639 width=0)
	              Index Cond: ((id >= 4443574) AND (id <= 4453573))

table 2 : explain SELECT c FROM sbtest2 WHERE id BETWEEN 7300003 AND 7310002 ORDER BY c
	Sort  (cost=36574.25..36600.52 rows=10506 width=121)
	  Sort Key: c
	  ->  Bitmap Heap Scan on sbtest2  (cost=224.12..35872.51 rows=10506 width=121)
	        Recheck Cond: ((id >= 7300003) AND (id <= 7310002))
	        ->  Bitmap Index Scan on sbtest2_pkey  (cost=0.00..221.50 rows=10506 width=0)
	              Index Cond: ((id >= 7300003) AND (id <= 7310002))

table 3 : explain SELECT c FROM sbtest3 WHERE id BETWEEN 6454625 AND 6464624 ORDER BY c
	Sort  (cost=31478.38..31500.65 rows=8908 width=121)
	  Sort Key: c
	  ->  Bitmap Heap Scan on sbtest3  (cost=191.74..30893.98 rows=8908 width=121)
	        Recheck Cond: ((id >= 6454625) AND (id <= 6464624))
	        ->  Bitmap Index Scan on sbtest3_pkey  (cost=0.00..189.51 rows=8908 width=0)
	              Index Cond: ((id >= 6454625) AND (id <= 6464624))

table 4 : explain SELECT c FROM sbtest4 WHERE id BETWEEN 2311050 AND 2321049 ORDER BY c
	Sort  (cost=36307.71..36333.74 rows=10413 width=121)
	  Sort Key: c
	  ->  Bitmap Heap Scan on sbtest4  (cost=223.17..35612.85 rows=10413 width=121)
	        Recheck Cond: ((id >= 2311050) AND (id <= 2321049))
	        ->  Bitmap Index Scan on sbtest4_pkey  (cost=0.00..220.56 rows=10413 width=0)
	              Index Cond: ((id >= 2311050) AND (id <= 2321049))

table 5 : explain SELECT c FROM sbtest5 WHERE id BETWEEN 9596039 AND 9606038 ORDER BY c
	Sort  (cost=33088.42..33111.93 rows=9403 width=121)
	  Sort Key: c
	  ->  Bitmap Heap Scan on sbtest5  (cost=200.82..32467.87 rows=9403 width=121)
	        Recheck Cond: ((id >= 9596039) AND (id <= 9606038))
	        ->  Bitmap Index Scan on sbtest5_pkey  (cost=0.00..198.47 rows=9403 width=0)
	              Index Cond: ((id >= 9596039) AND (id <= 9606038))

table 6 : explain SELECT c FROM sbtest6 WHERE id BETWEEN 4287346 AND 4297345 ORDER BY c
	Sort  (cost=35249.16..35274.32 rows=10066 width=121)
	  Sort Key: c
	  ->  Bitmap Heap Scan on sbtest6  (cost=215.61..34579.91 rows=10066 width=121)
	        Recheck Cond: ((id >= 4287346) AND (id <= 4297345))
	        ->  Bitmap Index Scan on sbtest6_pkey  (cost=0.00..213.09 rows=10066 width=0)
	              Index Cond: ((id >= 4287346) AND (id <= 4297345))

table 7 : explain SELECT c FROM sbtest7 WHERE id BETWEEN 6599313 AND 6609312 ORDER BY c
	Sort  (cost=36321.96..36347.98 rows=10408 width=121)
	  Sort Key: c
	  ->  Bitmap Heap Scan on sbtest7  (cost=223.12..35627.47 rows=10408 width=121)
	        Recheck Cond: ((id >= 6599313) AND (id <= 6609312))
	        ->  Bitmap Index Scan on sbtest7_pkey  (cost=0.00..220.51 rows=10408 width=0)
	              Index Cond: ((id >= 6599313) AND (id <= 6609312))

table 8 : explain SELECT c FROM sbtest8 WHERE id BETWEEN 8068285 AND 8078284 ORDER BY c
	Sort  (cost=32510.14..32533.16 rows=9205 width=121)
	  Sort Key: c
	  ->  Bitmap Heap Scan on sbtest8  (cost=198.79..31904.08 rows=9205 width=121)
	        Recheck Cond: ((id >= 8068285) AND (id <= 8078284))
	        ->  Bitmap Index Scan on sbtest8_pkey  (cost=0.00..196.49 rows=9205 width=0)
	              Index Cond: ((id >= 8068285) AND (id <= 8078284))

for: simple_ranges
table 1 : explain SELECT c FROM sbtest1 WHERE id BETWEEN 5744896 AND 5754895
	Bitmap Heap Scan on sbtest1  (cost=207.43..33236.67 rows=9658 width=121)
	  Recheck Cond: ((id >= 5744896) AND (id <= 5754895))
	  ->  Bitmap Index Scan on sbtest1_pkey  (cost=0.00..205.01 rows=9658 width=0)
	        Index Cond: ((id >= 5744896) AND (id <= 5754895))

table 2 : explain SELECT c FROM sbtest2 WHERE id BETWEEN 9962701 AND 9972700
	Bitmap Heap Scan on sbtest2  (cost=216.01..34633.34 rows=10105 width=121)
	  Recheck Cond: ((id >= 9962701) AND (id <= 9972700))
	  ->  Bitmap Index Scan on sbtest2_pkey  (cost=0.00..213.49 rows=10105 width=0)
	        Index Cond: ((id >= 9962701) AND (id <= 9972700))

table 3 : explain SELECT c FROM sbtest3 WHERE id BETWEEN 9136417 AND 9146416
	Bitmap Heap Scan on sbtest3  (cost=207.38..33237.74 rows=9653 width=121)
	  Recheck Cond: ((id >= 9136417) AND (id <= 9146416))
	  ->  Bitmap Index Scan on sbtest3_pkey  (cost=0.00..204.97 rows=9653 width=0)
	        Index Cond: ((id >= 9136417) AND (id <= 9146416))

table 4 : explain SELECT c FROM sbtest4 WHERE id BETWEEN 6469187 AND 6479186
	Bitmap Heap Scan on sbtest4  (cost=197.90..31570.71 rows=9119 width=121)
	  Recheck Cond: ((id >= 6469187) AND (id <= 6479186))
	  ->  Bitmap Index Scan on sbtest4_pkey  (cost=0.00..195.62 rows=9119 width=0)
	        Index Cond: ((id >= 6469187) AND (id <= 6479186))

table 5 : explain SELECT c FROM sbtest5 WHERE id BETWEEN 1246150 AND 1256149
	Bitmap Heap Scan on sbtest5  (cost=215.15..34400.88 rows=10021 width=121)
	  Recheck Cond: ((id >= 1246150) AND (id <= 1256149))
	  ->  Bitmap Index Scan on sbtest5_pkey  (cost=0.00..212.65 rows=10021 width=0)
	        Index Cond: ((id >= 1246150) AND (id <= 1256149))

table 6 : explain SELECT c FROM sbtest6 WHERE id BETWEEN 2023342 AND 2033341
	Bitmap Heap Scan on sbtest6  (cost=243.48..38158.78 rows=11224 width=121)
	  Recheck Cond: ((id >= 2023342) AND (id <= 2033341))
	  ->  Bitmap Index Scan on sbtest6_pkey  (cost=0.00..240.68 rows=11224 width=0)
	        Index Cond: ((id >= 2023342) AND (id <= 2033341))

table 7 : explain SELECT c FROM sbtest7 WHERE id BETWEEN 4403812 AND 4413811
	Bitmap Heap Scan on sbtest7  (cost=192.59..31186.98 rows=8991 width=121)
	  Recheck Cond: ((id >= 4403812) AND (id <= 4413811))
	  ->  Bitmap Index Scan on sbtest7_pkey  (cost=0.00..190.34 rows=8991 width=0)
	        Index Cond: ((id >= 4403812) AND (id <= 4413811))

table 8 : explain SELECT c FROM sbtest8 WHERE id BETWEEN 1323525 AND 1333524
	Bitmap Heap Scan on sbtest8  (cost=211.68..33408.03 rows=9682 width=121)
	  Recheck Cond: ((id >= 1323525) AND (id <= 1333524))
	  ->  Bitmap Index Scan on sbtest8_pkey  (cost=0.00..209.25 rows=9682 width=0)
	        Index Cond: ((id >= 1323525) AND (id <= 1333524))

for: order_ranges
table 1 : explain SELECT c FROM sbtest1 WHERE id BETWEEN 3475428 AND 3485427 ORDER BY c
	Sort  (cost=36097.40..36123.29 rows=10356 width=121)
	  Sort Key: c
	  ->  Bitmap Heap Scan on sbtest1  (cost=222.58..35406.75 rows=10356 width=121)
	        Recheck Cond: ((id >= 3475428) AND (id <= 3485427))
	        ->  Bitmap Index Scan on sbtest1_pkey  (cost=0.00..220.00 rows=10356 width=0)
	              Index Cond: ((id >= 3475428) AND (id <= 3485427))

table 2 : explain SELECT c FROM sbtest2 WHERE id BETWEEN 9594109 AND 9604108 ORDER BY c
	Sort  (cost=35312.01..35337.27 rows=10107 width=121)
	  Sort Key: c
	  ->  Bitmap Heap Scan on sbtest2  (cost=216.03..34639.74 rows=10107 width=121)
	        Recheck Cond: ((id >= 9594109) AND (id <= 9604108))
	        ->  Bitmap Index Scan on sbtest2_pkey  (cost=0.00..213.50 rows=10107 width=0)
	              Index Cond: ((id >= 9594109) AND (id <= 9604108))

table 3 : explain SELECT c FROM sbtest3 WHERE id BETWEEN 2669155 AND 2679154 ORDER BY c
	Sort  (cost=34910.03..34934.97 rows=9976 width=121)
	  Sort Key: c
	  ->  Bitmap Heap Scan on sbtest3  (cost=214.69..34247.41 rows=9976 width=121)
	        Recheck Cond: ((id >= 2669155) AND (id <= 2679154))
	        ->  Bitmap Index Scan on sbtest3_pkey  (cost=0.00..212.19 rows=9976 width=0)
	              Index Cond: ((id >= 2669155) AND (id <= 2679154))

table 4 : explain SELECT c FROM sbtest4 WHERE id BETWEEN 9269751 AND 9279750 ORDER BY c
	Sort  (cost=35298.87..35324.10 rows=10095 width=121)
	  Sort Key: c
	  ->  Bitmap Heap Scan on sbtest4  (cost=215.91..34627.48 rows=10095 width=121)
	        Recheck Cond: ((id >= 9269751) AND (id <= 9279750))
	        ->  Bitmap Index Scan on sbtest4_pkey  (cost=0.00..213.38 rows=10095 width=0)
	              Index Cond: ((id >= 9269751) AND (id <= 9279750))

table 5 : explain SELECT c FROM sbtest5 WHERE id BETWEEN 9245284 AND 9255283 ORDER BY c
	Sort  (cost=35864.02..35889.70 rows=10271 width=121)
	  Sort Key: c
	  ->  Bitmap Heap Scan on sbtest5  (cost=221.71..35179.65 rows=10271 width=121)
	        Recheck Cond: ((id >= 9245284) AND (id <= 9255283))
	        ->  Bitmap Index Scan on sbtest5_pkey  (cost=0.00..219.15 rows=10271 width=0)
	              Index Cond: ((id >= 9245284) AND (id <= 9255283))

table 6 : explain SELECT c FROM sbtest6 WHERE id BETWEEN 8073337 AND 8083336 ORDER BY c
	Sort  (cost=33329.38..33353.05 rows=9466 width=121)
	  Sort Key: c
	  ->  Bitmap Heap Scan on sbtest6  (cost=205.46..32704.22 rows=9466 width=121)
	        Recheck Cond: ((id >= 8073337) AND (id <= 8083336))
	        ->  Bitmap Index Scan on sbtest6_pkey  (cost=0.00..203.09 rows=9466 width=0)
	              Index Cond: ((id >= 8073337) AND (id <= 8083336))

table 7 : explain SELECT c FROM sbtest7 WHERE id BETWEEN 2089947 AND 2099946 ORDER BY c
	Sort  (cost=35364.56..35389.83 rows=10107 width=121)
	  Sort Key: c
	  ->  Bitmap Heap Scan on sbtest7  (cost=216.03..34692.29 rows=10107 width=121)
	        Recheck Cond: ((id >= 2089947) AND (id <= 2099946))
	        ->  Bitmap Index Scan on sbtest7_pkey  (cost=0.00..213.50 rows=10107 width=0)
	              Index Cond: ((id >= 2089947) AND (id <= 2099946))

table 8 : explain SELECT c FROM sbtest8 WHERE id BETWEEN 6537146 AND 6547145 ORDER BY c
	Sort  (cost=35025.89..35050.85 rows=9986 width=121)
	  Sort Key: c
	  ->  Bitmap Heap Scan on sbtest8  (cost=218.79..34362.53 rows=9986 width=121)
	        Recheck Cond: ((id >= 6537146) AND (id <= 6547145))
	        ->  Bitmap Index Scan on sbtest8_pkey  (cost=0.00..216.30 rows=9986 width=0)
	              Index Cond: ((id >= 6537146) AND (id <= 6547145))

for point_selects
table 1 : explain SELECT c FROM sbtest1 WHERE id=3456890
	Index Scan using sbtest1_pkey on sbtest1  (cost=0.43..8.45 rows=1 width=121)
	  Index Cond: (id = 3456890)

table 2 : explain SELECT c FROM sbtest2 WHERE id=3099654
	Index Scan using sbtest2_pkey on sbtest2  (cost=0.43..8.45 rows=1 width=121)
	  Index Cond: (id = 3099654)

table 3 : explain SELECT c FROM sbtest3 WHERE id=112118
	Index Scan using sbtest3_pkey on sbtest3  (cost=0.43..8.45 rows=1 width=121)
	  Index Cond: (id = 112118)

table 4 : explain SELECT c FROM sbtest4 WHERE id=1121982
	Index Scan using sbtest4_pkey on sbtest4  (cost=0.43..8.45 rows=1 width=121)
	  Index Cond: (id = 1121982)

table 5 : explain SELECT c FROM sbtest5 WHERE id=5019980
	Index Scan using sbtest5_pkey on sbtest5  (cost=0.43..8.45 rows=1 width=121)
	  Index Cond: (id = 5019980)

table 6 : explain SELECT c FROM sbtest6 WHERE id=7666689
	Index Scan using sbtest6_pkey on sbtest6  (cost=0.43..8.45 rows=1 width=121)
	  Index Cond: (id = 7666689)

table 7 : explain SELECT c FROM sbtest7 WHERE id=8737916
	Index Scan using sbtest7_pkey on sbtest7  (cost=0.43..8.45 rows=1 width=121)
	  Index Cond: (id = 8737916)

table 8 : explain SELECT c FROM sbtest8 WHERE id=6935539
	Index Scan using sbtest8_pkey on sbtest8  (cost=0.43..8.45 rows=1 width=121)
	  Index Cond: (id = 6935539)

for: sum_ranges
table 1 : explain SELECT SUM(k) FROM sbtest1 WHERE id BETWEEN 5492808 AND 5502807
	Aggregate  (cost=36060.61..36060.62 rows=1 width=8)
	  ->  Bitmap Heap Scan on sbtest1  (cost=224.68..36034.21 rows=10560 width=4)
	        Recheck Cond: ((id >= 5492808) AND (id <= 5502807))
	        ->  Bitmap Index Scan on sbtest1_pkey  (cost=0.00..222.04 rows=10560 width=0)
	              Index Cond: ((id >= 5492808) AND (id <= 5502807))

table 2 : explain SELECT SUM(k) FROM sbtest2 WHERE id BETWEEN 1576711 AND 1586710
	Aggregate  (cost=35292.63..35292.64 rows=1 width=8)
	  ->  Bitmap Heap Scan on sbtest2  (cost=222.10..35266.86 rows=10309 width=4)
	        Recheck Cond: ((id >= 1576711) AND (id <= 1586710))
	        ->  Bitmap Index Scan on sbtest2_pkey  (cost=0.00..219.53 rows=10309 width=0)
	              Index Cond: ((id >= 1576711) AND (id <= 1586710))

table 3 : explain SELECT SUM(k) FROM sbtest3 WHERE id BETWEEN 2573968 AND 2583967
	Aggregate  (cost=35358.66..35358.67 rows=1 width=8)
	  ->  Bitmap Heap Scan on sbtest3  (cost=222.28..35332.84 rows=10326 width=4)
	        Recheck Cond: ((id >= 2573968) AND (id <= 2583967))
	        ->  Bitmap Index Scan on sbtest3_pkey  (cost=0.00..219.69 rows=10326 width=0)
	              Index Cond: ((id >= 2573968) AND (id <= 2583967))

table 4 : explain SELECT SUM(k) FROM sbtest4 WHERE id BETWEEN 5953297 AND 5963296
	Aggregate  (cost=38536.66..38536.67 rows=1 width=8)
	  ->  Bitmap Heap Scan on sbtest4  (cost=244.83..38508.27 rows=11356 width=4)
	        Recheck Cond: ((id >= 5953297) AND (id <= 5963296))
	        ->  Bitmap Index Scan on sbtest4_pkey  (cost=0.00..242.00 rows=11356 width=0)
	              Index Cond: ((id >= 5953297) AND (id <= 5963296))

table 5 : explain SELECT SUM(k) FROM sbtest5 WHERE id BETWEEN 6963494 AND 6973493
	Aggregate  (cost=32255.17..32255.18 rows=1 width=8)
	  ->  Bitmap Heap Scan on sbtest5  (cost=200.05..32231.85 rows=9328 width=4)
	        Recheck Cond: ((id >= 6963494) AND (id <= 6973493))
	        ->  Bitmap Index Scan on sbtest5_pkey  (cost=0.00..197.72 rows=9328 width=0)
	              Index Cond: ((id >= 6963494) AND (id <= 6973493))

table 6 : explain SELECT SUM(k) FROM sbtest6 WHERE id BETWEEN 9266984 AND 9276983
	Aggregate  (cost=35215.42..35215.43 rows=1 width=8)
	  ->  Bitmap Heap Scan on sbtest6  (cost=221.62..35189.77 rows=10262 width=4)
	        Recheck Cond: ((id >= 9266984) AND (id <= 9276983))
	        ->  Bitmap Index Scan on sbtest6_pkey  (cost=0.00..219.06 rows=10262 width=0)
	              Index Cond: ((id >= 9266984) AND (id <= 9276983))

table 7 : explain SELECT SUM(k) FROM sbtest7 WHERE id BETWEEN 8173239 AND 8183238
	Aggregate  (cost=33859.42..33859.43 rows=1 width=8)
	  ->  Bitmap Heap Scan on sbtest7  (cost=213.20..33834.84 rows=9831 width=4)
	        Recheck Cond: ((id >= 8173239) AND (id <= 8183238))
	        ->  Bitmap Index Scan on sbtest7_pkey  (cost=0.00..210.75 rows=9831 width=0)
	              Index Cond: ((id >= 8173239) AND (id <= 8183238))

table 8 : explain SELECT SUM(k) FROM sbtest8 WHERE id BETWEEN 600053 AND 610052
	Aggregate  (cost=34889.12..34889.13 rows=1 width=8)
	  ->  Bitmap Heap Scan on sbtest8  (cost=220.45..34863.75 rows=10148 width=4)
	        Recheck Cond: ((id >= 600053) AND (id <= 610052))
	        ->  Bitmap Index Scan on sbtest8_pkey  (cost=0.00..217.92 rows=10148 width=0)
	              Index Cond: ((id >= 600053) AND (id <= 610052))

for: sum_ranges
table 1 : explain SELECT SUM(k) FROM sbtest1 WHERE id BETWEEN 1641299 AND 1651298
	Aggregate  (cost=37604.76..37604.77 rows=1 width=8)
	  ->  Bitmap Heap Scan on sbtest1  (cost=237.82..37577.11 rows=11062 width=4)
	        Recheck Cond: ((id >= 1641299) AND (id <= 1651298))
	        ->  Bitmap Index Scan on sbtest1_pkey  (cost=0.00..235.06 rows=11062 width=0)
	              Index Cond: ((id >= 1641299) AND (id <= 1651298))

table 2 : explain SELECT SUM(k) FROM sbtest2 WHERE id BETWEEN 1136120 AND 1146119
	Aggregate  (cost=35382.05..35382.06 rows=1 width=8)
	  ->  Bitmap Heap Scan on sbtest2  (cost=222.40..35356.21 rows=10338 width=4)
	        Recheck Cond: ((id >= 1136120) AND (id <= 1146119))
	        ->  Bitmap Index Scan on sbtest2_pkey  (cost=0.00..219.81 rows=10338 width=0)
	              Index Cond: ((id >= 1136120) AND (id <= 1146119))

table 3 : explain SELECT SUM(k) FROM sbtest3 WHERE id BETWEEN 3967483 AND 3977482
	Aggregate  (cost=33013.63..33013.64 rows=1 width=8)
	  ->  Bitmap Heap Scan on sbtest3  (cost=206.56..32989.69 rows=9573 width=4)
	        Recheck Cond: ((id >= 3967483) AND (id <= 3977482))
	        ->  Bitmap Index Scan on sbtest3_pkey  (cost=0.00..204.17 rows=9573 width=0)
	              Index Cond: ((id >= 3967483) AND (id <= 3977482))

table 4 : explain SELECT SUM(k) FROM sbtest4 WHERE id BETWEEN 6545862 AND 6555861
	Aggregate  (cost=31593.51..31593.52 rows=1 width=8)
	  ->  Bitmap Heap Scan on sbtest4  (cost=197.90..31570.71 rows=9119 width=4)
	        Recheck Cond: ((id >= 6545862) AND (id <= 6555861))
	        ->  Bitmap Index Scan on sbtest4_pkey  (cost=0.00..195.62 rows=9119 width=0)
	              Index Cond: ((id >= 6545862) AND (id <= 6555861))

table 5 : explain SELECT SUM(k) FROM sbtest5 WHERE id BETWEEN 3502268 AND 3512267
	Aggregate  (cost=34339.27..34339.28 rows=1 width=8)
	  ->  Bitmap Heap Scan on sbtest5  (cost=214.86..34314.29 rows=9993 width=4)
	        Recheck Cond: ((id >= 3502268) AND (id <= 3512267))
	        ->  Bitmap Index Scan on sbtest5_pkey  (cost=0.00..212.37 rows=9993 width=0)
	              Index Cond: ((id >= 3502268) AND (id <= 3512267))

table 6 : explain SELECT SUM(k) FROM sbtest6 WHERE id BETWEEN 9157433 AND 9167432
	Aggregate  (cost=35583.64..35583.65 rows=1 width=8)
	  ->  Bitmap Heap Scan on sbtest6  (cost=222.84..35557.69 rows=10381 width=4)
	        Recheck Cond: ((id >= 9157433) AND (id <= 9167432))
	        ->  Bitmap Index Scan on sbtest6_pkey  (cost=0.00..220.25 rows=10381 width=0)
	              Index Cond: ((id >= 9157433) AND (id <= 9167432))

table 7 : explain SELECT SUM(k) FROM sbtest7 WHERE id BETWEEN 4137139 AND 4147138
	Aggregate  (cost=33446.21..33446.22 rows=1 width=8)
	  ->  Bitmap Heap Scan on sbtest7  (cost=207.86..33421.96 rows=9700 width=4)
	        Recheck Cond: ((id >= 4137139) AND (id <= 4147138))
	        ->  Bitmap Index Scan on sbtest7_pkey  (cost=0.00..205.44 rows=9700 width=0)
	              Index Cond: ((id >= 4137139) AND (id <= 4147138))

table 8 : explain SELECT SUM(k) FROM sbtest8 WHERE id BETWEEN 5582607 AND 5592606
	Aggregate  (cost=32184.50..32184.51 rows=1 width=8)
	  ->  Bitmap Heap Scan on sbtest8  (cost=203.62..32161.29 rows=9286 width=4)
	        Recheck Cond: ((id >= 5582607) AND (id <= 5592606))
	        ->  Bitmap Index Scan on sbtest8_pkey  (cost=0.00..201.30 rows=9286 width=0)
	              Index Cond: ((id >= 5582607) AND (id <= 5592606))

for: distinct_ranges
table 1 : explain SELECT DISTINCT c FROM sbtest1 WHERE id BETWEEN 1193611 AND 1203610 ORDER BY c
	Unique  (cost=34086.57..34135.19 rows=9724 width=121)
	  ->  Sort  (cost=34086.57..34110.88 rows=9724 width=121)
	        Sort Key: c
	        ->  Bitmap Heap Scan on sbtest1  (cost=208.11..33442.48 rows=9724 width=121)
	              Recheck Cond: ((id >= 1193611) AND (id <= 1203610))
	              ->  Bitmap Index Scan on sbtest1_pkey  (cost=0.00..205.68 rows=9724 width=0)
	                    Index Cond: ((id >= 1193611) AND (id <= 1203610))

table 2 : explain SELECT DISTINCT c FROM sbtest2 WHERE id BETWEEN 9330943 AND 9340942 ORDER BY c
	Unique  (cost=37974.01..38028.75 rows=10949 width=121)
	  ->  Sort  (cost=37974.01..38001.38 rows=10949 width=121)
	        Sort Key: c
	        ->  Bitmap Heap Scan on sbtest2  (cost=236.66..37239.41 rows=10949 width=121)
	              Recheck Cond: ((id >= 9330943) AND (id <= 9340942))
	              ->  Bitmap Index Scan on sbtest2_pkey  (cost=0.00..233.93 rows=10949 width=0)
	                    Index Cond: ((id >= 9330943) AND (id <= 9340942))

table 3 : explain SELECT DISTINCT c FROM sbtest3 WHERE id BETWEEN 1844261 AND 1854260 ORDER BY c
	Unique  (cost=33255.55..33302.85 rows=9459 width=121)
	  ->  Sort  (cost=33255.55..33279.20 rows=9459 width=121)
	        Sort Key: c
	        ->  Bitmap Heap Scan on sbtest3  (cost=201.39..32630.91 rows=9459 width=121)
	              Recheck Cond: ((id >= 1844261) AND (id <= 1854260))
	              ->  Bitmap Index Scan on sbtest3_pkey  (cost=0.00..199.03 rows=9459 width=0)
	                    Index Cond: ((id >= 1844261) AND (id <= 1854260))

table 4 : explain SELECT DISTINCT c FROM sbtest4 WHERE id BETWEEN 3468687 AND 3478686 ORDER BY c
	Unique  (cost=35331.72..35382.25 rows=10106 width=121)
	  ->  Sort  (cost=35331.72..35356.99 rows=10106 width=121)
	        Sort Key: c
	        ->  Bitmap Heap Scan on sbtest4  (cost=216.02..34659.52 rows=10106 width=121)
	              Recheck Cond: ((id >= 3468687) AND (id <= 3478686))
	              ->  Bitmap Index Scan on sbtest4_pkey  (cost=0.00..213.50 rows=10106 width=0)
	                    Index Cond: ((id >= 3468687) AND (id <= 3478686))

table 5 : explain SELECT DISTINCT c FROM sbtest5 WHERE id BETWEEN 2479072 AND 2489071 ORDER BY c
	Unique  (cost=34856.66..34906.43 rows=9955 width=121)
	  ->  Sort  (cost=34856.66..34881.54 rows=9955 width=121)
	        Sort Key: c
	        ->  Bitmap Heap Scan on sbtest5  (cost=214.47..34195.58 rows=9955 width=121)
	              Recheck Cond: ((id >= 2479072) AND (id <= 2489071))
	              ->  Bitmap Index Scan on sbtest5_pkey  (cost=0.00..211.99 rows=9955 width=0)
	                    Index Cond: ((id >= 2479072) AND (id <= 2489071))

table 6 : explain SELECT DISTINCT c FROM sbtest6 WHERE id BETWEEN 2620629 AND 2630628 ORDER BY c
	Unique  (cost=33034.68..33081.55 rows=9374 width=121)
	  ->  Sort  (cost=33034.68..33058.11 rows=9374 width=121)
	        Sort Key: c
	        ->  Bitmap Heap Scan on sbtest6  (cost=204.52..32416.25 rows=9374 width=121)
	              Recheck Cond: ((id >= 2620629) AND (id <= 2630628))
	              ->  Bitmap Index Scan on sbtest6_pkey  (cost=0.00..202.18 rows=9374 width=0)
	                    Index Cond: ((id >= 2620629) AND (id <= 2630628))

table 7 : explain SELECT DISTINCT c FROM sbtest7 WHERE id BETWEEN 5665962 AND 5675961 ORDER BY c
	Unique  (cost=35932.50..35983.93 rows=10285 width=121)
	  ->  Sort  (cost=35932.50..35958.22 rows=10285 width=121)
	        Sort Key: c
	        ->  Bitmap Heap Scan on sbtest7  (cost=221.86..35247.10 rows=10285 width=121)
	              Recheck Cond: ((id >= 5665962) AND (id <= 5675961))
	              ->  Bitmap Index Scan on sbtest7_pkey  (cost=0.00..219.29 rows=10285 width=0)
	                    Index Cond: ((id >= 5665962) AND (id <= 5675961))

table 8 : explain SELECT DISTINCT c FROM sbtest8 WHERE id BETWEEN 1703779 AND 1713778 ORDER BY c
	Unique  (cost=33522.49..33570.08 rows=9519 width=121)
	  ->  Sort  (cost=33522.49..33546.29 rows=9519 width=121)
	        Sort Key: c
	        ->  Bitmap Heap Scan on sbtest8  (cost=206.00..32893.45 rows=9519 width=121)
	              Recheck Cond: ((id >= 1703779) AND (id <= 1713778))
	              ->  Bitmap Index Scan on sbtest8_pkey  (cost=0.00..203.62 rows=9519 width=0)
	                    Index Cond: ((id >= 1703779) AND (id <= 1713778))

for point_selects
table 1 : explain SELECT c FROM sbtest1 WHERE id=9212207
	Index Scan using sbtest1_pkey on sbtest1  (cost=0.43..8.45 rows=1 width=121)
	  Index Cond: (id = 9212207)

table 2 : explain SELECT c FROM sbtest2 WHERE id=6532405
	Index Scan using sbtest2_pkey on sbtest2  (cost=0.43..8.45 rows=1 width=121)
	  Index Cond: (id = 6532405)

table 3 : explain SELECT c FROM sbtest3 WHERE id=6032719
	Index Scan using sbtest3_pkey on sbtest3  (cost=0.43..8.45 rows=1 width=121)
	  Index Cond: (id = 6032719)

table 4 : explain SELECT c FROM sbtest4 WHERE id=9886537
	Index Scan using sbtest4_pkey on sbtest4  (cost=0.43..8.45 rows=1 width=121)
	  Index Cond: (id = 9886537)

table 5 : explain SELECT c FROM sbtest5 WHERE id=3230027
	Index Scan using sbtest5_pkey on sbtest5  (cost=0.43..8.45 rows=1 width=121)
	  Index Cond: (id = 3230027)

table 6 : explain SELECT c FROM sbtest6 WHERE id=6356713
	Index Scan using sbtest6_pkey on sbtest6  (cost=0.43..8.45 rows=1 width=121)
	  Index Cond: (id = 6356713)

table 7 : explain SELECT c FROM sbtest7 WHERE id=9990591
	Index Scan using sbtest7_pkey on sbtest7  (cost=0.43..8.45 rows=1 width=121)
	  Index Cond: (id = 9990591)

table 8 : explain SELECT c FROM sbtest8 WHERE id=3928010
	Index Scan using sbtest8_pkey on sbtest8  (cost=0.43..8.45 rows=1 width=121)
	  Index Cond: (id = 3928010)

for: simple_ranges
table 1 : explain SELECT c FROM sbtest1 WHERE id BETWEEN 1269203 AND 1279202
	Bitmap Heap Scan on sbtest1  (cost=206.40..32927.59 rows=9558 width=121)
	  Recheck Cond: ((id >= 1269203) AND (id <= 1279202))
	  ->  Bitmap Index Scan on sbtest1_pkey  (cost=0.00..204.01 rows=9558 width=0)
	        Index Cond: ((id >= 1269203) AND (id <= 1279202))

table 2 : explain SELECT c FROM sbtest2 WHERE id BETWEEN 5452019 AND 5462018
	Bitmap Heap Scan on sbtest2  (cost=192.77..31199.50 rows=9008 width=121)
	  Recheck Cond: ((id >= 5452019) AND (id <= 5462018))
	  ->  Bitmap Index Scan on sbtest2_pkey  (cost=0.00..190.51 rows=9008 width=0)
	        Index Cond: ((id >= 5452019) AND (id <= 5462018))

table 3 : explain SELECT c FROM sbtest3 WHERE id BETWEEN 4472149 AND 4482148
	Bitmap Heap Scan on sbtest3  (cost=228.90..36127.31 rows=10582 width=121)
	  Recheck Cond: ((id >= 4472149) AND (id <= 4482148))
	  ->  Bitmap Index Scan on sbtest3_pkey  (cost=0.00..226.25 rows=10582 width=0)
	        Index Cond: ((id >= 4472149) AND (id <= 4482148))

table 4 : explain SELECT c FROM sbtest4 WHERE id BETWEEN 4034584 AND 4044583
	Bitmap Heap Scan on sbtest4  (cost=206.21..32894.26 rows=9539 width=121)
	  Recheck Cond: ((id >= 4034584) AND (id <= 4044583))
	  ->  Bitmap Index Scan on sbtest4_pkey  (cost=0.00..203.82 rows=9539 width=0)
	        Index Cond: ((id >= 4034584) AND (id <= 4044583))

table 5 : explain SELECT c FROM sbtest5 WHERE id BETWEEN 4727001 AND 4737000
	Bitmap Heap Scan on sbtest5  (cost=216.21..34721.32 rows=10124 width=121)
	  Recheck Cond: ((id >= 4727001) AND (id <= 4737000))
	  ->  Bitmap Index Scan on sbtest5_pkey  (cost=0.00..213.68 rows=10124 width=0)
	        Index Cond: ((id >= 4727001) AND (id <= 4737000))

table 6 : explain SELECT c FROM sbtest6 WHERE id BETWEEN 2343233 AND 2353232
	Bitmap Heap Scan on sbtest6  (cost=205.33..32662.19 rows=9453 width=121)
	  Recheck Cond: ((id >= 2343233) AND (id <= 2353232))
	  ->  Bitmap Index Scan on sbtest6_pkey  (cost=0.00..202.97 rows=9453 width=0)
	        Index Cond: ((id >= 2343233) AND (id <= 2353232))

table 7 : explain SELECT c FROM sbtest7 WHERE id BETWEEN 3499261 AND 3509260
	Bitmap Heap Scan on sbtest7  (cost=222.19..35349.44 rows=10318 width=121)
	  Recheck Cond: ((id >= 3499261) AND (id <= 3509260))
	  ->  Bitmap Index Scan on sbtest7_pkey  (cost=0.00..219.62 rows=10318 width=0)
	        Index Cond: ((id >= 3499261) AND (id <= 3509260))

table 8 : explain SELECT c FROM sbtest8 WHERE id BETWEEN 7853988 AND 7863987
	Bitmap Heap Scan on sbtest8  (cost=205.47..32731.64 rows=9467 width=121)
	  Recheck Cond: ((id >= 7853988) AND (id <= 7863987))
	  ->  Bitmap Index Scan on sbtest8_pkey  (cost=0.00..203.11 rows=9467 width=0)
	        Index Cond: ((id >= 7853988) AND (id <= 7863987))

for point_selects
table 1 : explain SELECT c FROM sbtest1 WHERE id=3039687
	Index Scan using sbtest1_pkey on sbtest1  (cost=0.43..8.45 rows=1 width=121)
	  Index Cond: (id = 3039687)

table 2 : explain SELECT c FROM sbtest2 WHERE id=410997
	Index Scan using sbtest2_pkey on sbtest2  (cost=0.43..8.45 rows=1 width=121)
	  Index Cond: (id = 410997)

table 3 : explain SELECT c FROM sbtest3 WHERE id=9137237
	Index Scan using sbtest3_pkey on sbtest3  (cost=0.43..8.45 rows=1 width=121)
	  Index Cond: (id = 9137237)

table 4 : explain SELECT c FROM sbtest4 WHERE id=3998444
	Index Scan using sbtest4_pkey on sbtest4  (cost=0.43..8.45 rows=1 width=121)
	  Index Cond: (id = 3998444)

table 5 : explain SELECT c FROM sbtest5 WHERE id=2814974
	Index Scan using sbtest5_pkey on sbtest5  (cost=0.43..8.45 rows=1 width=121)
	  Index Cond: (id = 2814974)

table 6 : explain SELECT c FROM sbtest6 WHERE id=2527297
	Index Scan using sbtest6_pkey on sbtest6  (cost=0.43..8.45 rows=1 width=121)
	  Index Cond: (id = 2527297)

table 7 : explain SELECT c FROM sbtest7 WHERE id=3645939
	Index Scan using sbtest7_pkey on sbtest7  (cost=0.43..8.45 rows=1 width=121)
	  Index Cond: (id = 3645939)

table 8 : explain SELECT c FROM sbtest8 WHERE id=7275181
	Index Scan using sbtest8_pkey on sbtest8  (cost=0.43..8.45 rows=1 width=121)
	  Index Cond: (id = 7275181)

for: simple_ranges
table 1 : explain SELECT c FROM sbtest1 WHERE id BETWEEN 5232915 AND 5242914
	Bitmap Heap Scan on sbtest1  (cost=208.34..33516.39 rows=9747 width=121)
	  Recheck Cond: ((id >= 5232915) AND (id <= 5242914))
	  ->  Bitmap Index Scan on sbtest1_pkey  (cost=0.00..205.91 rows=9747 width=0)
	        Index Cond: ((id >= 5232915) AND (id <= 5242914))

table 2 : explain SELECT c FROM sbtest2 WHERE id BETWEEN 7334921 AND 7344920
	Bitmap Heap Scan on sbtest2  (cost=224.12..35872.51 rows=10506 width=121)
	  Recheck Cond: ((id >= 7334921) AND (id <= 7344920))
	  ->  Bitmap Index Scan on sbtest2_pkey  (cost=0.00..221.50 rows=10506 width=0)
	        Index Cond: ((id >= 7334921) AND (id <= 7344920))

table 3 : explain SELECT c FROM sbtest3 WHERE id BETWEEN 6370837 AND 6380836
	Bitmap Heap Scan on sbtest3  (cost=215.56..34510.21 rows=10061 width=121)
	  Recheck Cond: ((id >= 6370837) AND (id <= 6380836))
	  ->  Bitmap Index Scan on sbtest3_pkey  (cost=0.00..213.05 rows=10061 width=0)
	        Index Cond: ((id >= 6370837) AND (id <= 6380836))

table 4 : explain SELECT c FROM sbtest4 WHERE id BETWEEN 5240861 AND 5250860
	Bitmap Heap Scan on sbtest4  (cost=201.17..32573.96 rows=9438 width=121)
	  Recheck Cond: ((id >= 5240861) AND (id <= 5250860))
	  ->  Bitmap Index Scan on sbtest4_pkey  (cost=0.00..198.81 rows=9438 width=0)
	        Index Cond: ((id >= 5240861) AND (id <= 5250860))

table 5 : explain SELECT c FROM sbtest5 WHERE id BETWEEN 2975797 AND 2985796
	Bitmap Heap Scan on sbtest5  (cost=214.03..34063.96 rows=9912 width=121)
	  Recheck Cond: ((id >= 2975797) AND (id <= 2985796))
	  ->  Bitmap Index Scan on sbtest5_pkey  (cost=0.00..211.56 rows=9912 width=0)
	        Index Cond: ((id >= 2975797) AND (id <= 2985796))

table 6 : explain SELECT c FROM sbtest6 WHERE id BETWEEN 572333 AND 582332
	Bitmap Heap Scan on sbtest6  (cost=197.44..31468.33 rows=9074 width=121)
	  Recheck Cond: ((id >= 572333) AND (id <= 582332))
	  ->  Bitmap Index Scan on sbtest6_pkey  (cost=0.00..195.18 rows=9074 width=0)
	        Index Cond: ((id >= 572333) AND (id <= 582332))

table 7 : explain SELECT c FROM sbtest7 WHERE id BETWEEN 8258960 AND 8268959
	Bitmap Heap Scan on sbtest7  (cost=238.65..37889.93 rows=11143 width=121)
	  Recheck Cond: ((id >= 8258960) AND (id <= 8268959))
	  ->  Bitmap Index Scan on sbtest7_pkey  (cost=0.00..235.87 rows=11143 width=0)
	        Index Cond: ((id >= 8258960) AND (id <= 8268959))

table 8 : explain SELECT c FROM sbtest8 WHERE id BETWEEN 241209 AND 251208
	Bitmap Heap Scan on sbtest8  (cost=218.45..34259.60 rows=9953 width=121)
	  Recheck Cond: ((id >= 241209) AND (id <= 251208))
	  ->  Bitmap Index Scan on sbtest8_pkey  (cost=0.00..215.97 rows=9953 width=0)
	        Index Cond: ((id >= 241209) AND (id <= 251208))

for point_selects
table 1 : explain SELECT c FROM sbtest1 WHERE id=6122780
	Index Scan using sbtest1_pkey on sbtest1  (cost=0.43..8.45 rows=1 width=121)
	  Index Cond: (id = 6122780)

table 2 : explain SELECT c FROM sbtest2 WHERE id=5197377
	Index Scan using sbtest2_pkey on sbtest2  (cost=0.43..8.45 rows=1 width=121)
	  Index Cond: (id = 5197377)

table 3 : explain SELECT c FROM sbtest3 WHERE id=6858722
	Index Scan using sbtest3_pkey on sbtest3  (cost=0.43..8.45 rows=1 width=121)
	  Index Cond: (id = 6858722)

table 4 : explain SELECT c FROM sbtest4 WHERE id=1847738
	Index Scan using sbtest4_pkey on sbtest4  (cost=0.43..8.45 rows=1 width=121)
	  Index Cond: (id = 1847738)

table 5 : explain SELECT c FROM sbtest5 WHERE id=5378559
	Index Scan using sbtest5_pkey on sbtest5  (cost=0.43..8.45 rows=1 width=121)
	  Index Cond: (id = 5378559)

table 6 : explain SELECT c FROM sbtest6 WHERE id=3500883
	Index Scan using sbtest6_pkey on sbtest6  (cost=0.43..8.45 rows=1 width=121)
	  Index Cond: (id = 3500883)

table 7 : explain SELECT c FROM sbtest7 WHERE id=1201565
	Index Scan using sbtest7_pkey on sbtest7  (cost=0.43..8.45 rows=1 width=121)
	  Index Cond: (id = 1201565)

table 8 : explain SELECT c FROM sbtest8 WHERE id=174178
	Index Scan using sbtest8_pkey on sbtest8  (cost=0.43..8.45 rows=1 width=121)
	  Index Cond: (id = 174178)

for: simple_ranges
table 1 : explain SELECT c FROM sbtest1 WHERE id BETWEEN 1448845 AND 1458844
	Bitmap Heap Scan on sbtest1  (cost=223.54..35693.60 rows=10449 width=121)
	  Recheck Cond: ((id >= 1448845) AND (id <= 1458844))
	  ->  Bitmap Index Scan on sbtest1_pkey  (cost=0.00..220.93 rows=10449 width=0)
	        Index Cond: ((id >= 1448845) AND (id <= 1458844))

table 2 : explain SELECT c FROM sbtest2 WHERE id BETWEEN 115819 AND 125818
	Bitmap Heap Scan on sbtest2  (cost=207.51..33265.74 rows=9666 width=121)
	  Recheck Cond: ((id >= 115819) AND (id <= 125818))
	  ->  Bitmap Index Scan on sbtest2_pkey  (cost=0.00..205.09 rows=9666 width=0)
	        Index Cond: ((id >= 115819) AND (id <= 125818))

table 3 : explain SELECT c FROM sbtest3 WHERE id BETWEEN 5097566 AND 5107565
	Bitmap Heap Scan on sbtest3  (cost=206.52..32976.80 rows=9569 width=121)
	  Recheck Cond: ((id >= 5097566) AND (id <= 5107565))
	  ->  Bitmap Index Scan on sbtest3_pkey  (cost=0.00..204.12 rows=9569 width=0)
	        Index Cond: ((id >= 5097566) AND (id <= 5107565))

table 4 : explain SELECT c FROM sbtest4 WHERE id BETWEEN 5318837 AND 5328836
	Bitmap Heap Scan on sbtest4  (cost=185.32..30154.34 rows=8672 width=121)
	  Recheck Cond: ((id >= 5318837) AND (id <= 5328836))
	  ->  Bitmap Index Scan on sbtest4_pkey  (cost=0.00..183.16 rows=8672 width=0)
	        Index Cond: ((id >= 5318837) AND (id <= 5328836))

table 5 : explain SELECT c FROM sbtest5 WHERE id BETWEEN 7735178 AND 7745177
	Bitmap Heap Scan on sbtest5  (cost=199.95..32205.95 rows=9319 width=121)
	  Recheck Cond: ((id >= 7735178) AND (id <= 7745177))
	  ->  Bitmap Index Scan on sbtest5_pkey  (cost=0.00..197.62 rows=9319 width=0)
	        Index Cond: ((id >= 7735178) AND (id <= 7745177))

table 6 : explain SELECT c FROM sbtest6 WHERE id BETWEEN 1965117 AND 1975116
	Bitmap Heap Scan on sbtest6  (cost=214.57..34261.98 rows=9964 width=121)
	  Recheck Cond: ((id >= 1965117) AND (id <= 1975116))
	  ->  Bitmap Index Scan on sbtest6_pkey  (cost=0.00..212.07 rows=9964 width=0)
	        Index Cond: ((id >= 1965117) AND (id <= 1975116))

table 7 : explain SELECT c FROM sbtest7 WHERE id BETWEEN 1911145 AND 1921144
	Bitmap Heap Scan on sbtest7  (cost=206.16..32902.63 rows=9534 width=121)
	  Recheck Cond: ((id >= 1911145) AND (id <= 1921144))
	  ->  Bitmap Index Scan on sbtest7_pkey  (cost=0.00..203.78 rows=9534 width=0)
	        Index Cond: ((id >= 1911145) AND (id <= 1921144))

table 8 : explain SELECT c FROM sbtest8 WHERE id BETWEEN 3423125 AND 3433124
	Bitmap Heap Scan on sbtest8  (cost=214.11..34152.63 rows=9920 width=121)
	  Recheck Cond: ((id >= 3423125) AND (id <= 3433124))
	  ->  Bitmap Index Scan on sbtest8_pkey  (cost=0.00..211.63 rows=9920 width=0)
	        Index Cond: ((id >= 3423125) AND (id <= 3433124))

for: distinct_ranges
table 1 : explain SELECT DISTINCT c FROM sbtest1 WHERE id BETWEEN 4673556 AND 4683555 ORDER BY c
	Unique  (cost=35669.23..35720.33 rows=10220 width=121)
	  ->  Sort  (cost=35669.23..35694.78 rows=10220 width=121)
	        Sort Key: c
	        ->  Bitmap Heap Scan on sbtest1  (cost=221.19..34988.62 rows=10220 width=121)
	              Recheck Cond: ((id >= 4673556) AND (id <= 4683555))
	              ->  Bitmap Index Scan on sbtest1_pkey  (cost=0.00..218.63 rows=10220 width=0)
	                    Index Cond: ((id >= 4673556) AND (id <= 4683555))

table 2 : explain SELECT DISTINCT c FROM sbtest2 WHERE id BETWEEN 6988047 AND 6998046 ORDER BY c
	Unique  (cost=36531.81..36584.27 rows=10492 width=121)
	  ->  Sort  (cost=36531.81..36558.04 rows=10492 width=121)
	        Sort Key: c
	        ->  Bitmap Heap Scan on sbtest2  (cost=223.98..35831.10 rows=10492 width=121)
	              Recheck Cond: ((id >= 6988047) AND (id <= 6998046))
	              ->  Bitmap Index Scan on sbtest2_pkey  (cost=0.00..221.36 rows=10492 width=0)
	                    Index Cond: ((id >= 6988047) AND (id <= 6998046))

table 3 : explain SELECT DISTINCT c FROM sbtest3 WHERE id BETWEEN 1947142 AND 1957141 ORDER BY c
	Unique  (cost=35215.12..35265.48 rows=10072 width=121)
	  ->  Sort  (cost=35215.12..35240.30 rows=10072 width=121)
	        Sort Key: c
	        ->  Bitmap Heap Scan on sbtest3  (cost=215.67..34545.43 rows=10072 width=121)
	              Recheck Cond: ((id >= 1947142) AND (id <= 1957141))
	              ->  Bitmap Index Scan on sbtest3_pkey  (cost=0.00..213.16 rows=10072 width=0)
	                    Index Cond: ((id >= 1947142) AND (id <= 1957141))

table 4 : explain SELECT DISTINCT c FROM sbtest4 WHERE id BETWEEN 2392983 AND 2402982 ORDER BY c
	Unique  (cost=37071.79..37125.06 rows=10654 width=121)
	  ->  Sort  (cost=37071.79..37098.42 rows=10654 width=121)
	        Sort Key: c
	        ->  Bitmap Heap Scan on sbtest4  (cost=229.64..36359.08 rows=10654 width=121)
	              Recheck Cond: ((id >= 2392983) AND (id <= 2402982))
	              ->  Bitmap Index Scan on sbtest4_pkey  (cost=0.00..226.98 rows=10654 width=0)
	                    Index Cond: ((id >= 2392983) AND (id <= 2402982))

table 5 : explain SELECT DISTINCT c FROM sbtest5 WHERE id BETWEEN 2339480 AND 2349479 ORDER BY c
	Unique  (cost=34790.91..34840.58 rows=9934 width=121)
	  ->  Sort  (cost=34790.91..34815.75 rows=9934 width=121)
	        Sort Key: c
	        ->  Bitmap Heap Scan on sbtest5  (cost=214.26..34131.38 rows=9934 width=121)
	              Recheck Cond: ((id >= 2339480) AND (id <= 2349479))
	              ->  Bitmap Index Scan on sbtest5_pkey  (cost=0.00..211.78 rows=9934 width=0)
	                    Index Cond: ((id >= 2339480) AND (id <= 2349479))

table 6 : explain SELECT DISTINCT c FROM sbtest6 WHERE id BETWEEN 3852072 AND 3862071 ORDER BY c
	Unique  (cost=34808.57..34858.21 rows=9928 width=121)
	  ->  Sort  (cost=34808.57..34833.39 rows=9928 width=121)
	        Sort Key: c
	        ->  Bitmap Heap Scan on sbtest6  (cost=214.20..34149.49 rows=9928 width=121)
	              Recheck Cond: ((id >= 3852072) AND (id <= 3862071))
	              ->  Bitmap Index Scan on sbtest6_pkey  (cost=0.00..211.72 rows=9928 width=0)
	                    Index Cond: ((id >= 3852072) AND (id <= 3862071))

table 7 : explain SELECT DISTINCT c FROM sbtest7 WHERE id BETWEEN 5772847 AND 5782846 ORDER BY c
	Unique  (cost=33307.97..33355.29 rows=9464 width=121)
	  ->  Sort  (cost=33307.97..33331.63 rows=9464 width=121)
	        Sort Key: c
	        ->  Bitmap Heap Scan on sbtest7  (cost=205.44..32682.96 rows=9464 width=121)
	              Recheck Cond: ((id >= 5772847) AND (id <= 5782846))
	              ->  Bitmap Index Scan on sbtest7_pkey  (cost=0.00..203.07 rows=9464 width=0)
	                    Index Cond: ((id >= 5772847) AND (id <= 5782846))

table 8 : explain SELECT DISTINCT c FROM sbtest8 WHERE id BETWEEN 1839051 AND 1849050 ORDER BY c
	Unique  (cost=36409.13..36461.23 rows=10421 width=121)
	  ->  Sort  (cost=36409.13..36435.18 rows=10421 width=121)
	        Sort Key: c
	        ->  Bitmap Heap Scan on sbtest8  (cost=227.25..35713.67 rows=10421 width=121)
	              Recheck Cond: ((id >= 1839051) AND (id <= 1849050))
	              ->  Bitmap Index Scan on sbtest8_pkey  (cost=0.00..224.65 rows=10421 width=0)
	                    Index Cond: ((id >= 1839051) AND (id <= 1849050))

for point_selects
table 1 : explain SELECT c FROM sbtest1 WHERE id=9139346
	Index Scan using sbtest1_pkey on sbtest1  (cost=0.43..8.45 rows=1 width=121)
	  Index Cond: (id = 9139346)

table 2 : explain SELECT c FROM sbtest2 WHERE id=9725617
	Index Scan using sbtest2_pkey on sbtest2  (cost=0.43..8.45 rows=1 width=121)
	  Index Cond: (id = 9725617)

table 3 : explain SELECT c FROM sbtest3 WHERE id=7607434
	Index Scan using sbtest3_pkey on sbtest3  (cost=0.43..8.45 rows=1 width=121)
	  Index Cond: (id = 7607434)

table 4 : explain SELECT c FROM sbtest4 WHERE id=3733386
	Index Scan using sbtest4_pkey on sbtest4  (cost=0.43..8.45 rows=1 width=121)
	  Index Cond: (id = 3733386)

table 5 : explain SELECT c FROM sbtest5 WHERE id=4937444
	Index Scan using sbtest5_pkey on sbtest5  (cost=0.43..8.45 rows=1 width=121)
	  Index Cond: (id = 4937444)

table 6 : explain SELECT c FROM sbtest6 WHERE id=4461627
	Index Scan using sbtest6_pkey on sbtest6  (cost=0.43..8.45 rows=1 width=121)
	  Index Cond: (id = 4461627)

table 7 : explain SELECT c FROM sbtest7 WHERE id=8388439
	Index Scan using sbtest7_pkey on sbtest7  (cost=0.43..8.45 rows=1 width=121)
	  Index Cond: (id = 8388439)

table 8 : explain SELECT c FROM sbtest8 WHERE id=6131728
	Index Scan using sbtest8_pkey on sbtest8  (cost=0.43..8.45 rows=1 width=121)
	  Index Cond: (id = 6131728)

for: sum_ranges
table 1 : explain SELECT SUM(k) FROM sbtest1 WHERE id BETWEEN 475516 AND 485515
	Aggregate  (cost=34520.54..34520.55 rows=1 width=8)
	  ->  Bitmap Heap Scan on sbtest1  (cost=215.57..34495.39 rows=10062 width=4)
	        Recheck Cond: ((id >= 475516) AND (id <= 485515))
	        ->  Bitmap Index Scan on sbtest1_pkey  (cost=0.00..213.06 rows=10062 width=0)
	              Index Cond: ((id >= 475516) AND (id <= 485515))

table 2 : explain SELECT SUM(k) FROM sbtest2 WHERE id BETWEEN 5636654 AND 5646653
	Aggregate  (cost=34655.40..34655.41 rows=1 width=8)
	  ->  Bitmap Heap Scan on sbtest2  (cost=216.00..34630.14 rows=10104 width=4)
	        Recheck Cond: ((id >= 5636654) AND (id <= 5646653))
	        ->  Bitmap Index Scan on sbtest2_pkey  (cost=0.00..213.48 rows=10104 width=0)
	              Index Cond: ((id >= 5636654) AND (id <= 5646653))

table 3 : explain SELECT SUM(k) FROM sbtest3 WHERE id BETWEEN 9211152 AND 9221151
	Aggregate  (cost=33261.88..33261.89 rows=1 width=8)
	  ->  Bitmap Heap Scan on sbtest3  (cost=207.38..33237.74 rows=9653 width=4)
	        Recheck Cond: ((id >= 9211152) AND (id <= 9221151))
	        ->  Bitmap Index Scan on sbtest3_pkey  (cost=0.00..204.97 rows=9653 width=0)
	              Index Cond: ((id >= 9211152) AND (id <= 9221151))

table 4 : explain SELECT SUM(k) FROM sbtest4 WHERE id BETWEEN 3329785 AND 3339784
	Aggregate  (cost=35034.68..35034.69 rows=1 width=8)
	  ->  Bitmap Heap Scan on sbtest4  (cost=221.16..35009.14 rows=10217 width=4)
	        Recheck Cond: ((id >= 3329785) AND (id <= 3339784))
	        ->  Bitmap Index Scan on sbtest4_pkey  (cost=0.00..218.61 rows=10217 width=0)
	              Index Cond: ((id >= 3329785) AND (id <= 3339784))

table 5 : explain SELECT SUM(k) FROM sbtest5 WHERE id BETWEEN 3993341 AND 4003340
	Aggregate  (cost=34887.62..34887.63 rows=1 width=8)
	  ->  Bitmap Heap Scan on sbtest5  (cost=216.68..34862.20 rows=10170 width=4)
	        Recheck Cond: ((id >= 3993341) AND (id <= 4003340))
	        ->  Bitmap Index Scan on sbtest5_pkey  (cost=0.00..214.13 rows=10170 width=0)
	              Index Cond: ((id >= 3993341) AND (id <= 4003340))

table 6 : explain SELECT SUM(k) FROM sbtest6 WHERE id BETWEEN 1184654 AND 1194653
	Aggregate  (cost=32588.70..32588.71 rows=1 width=8)
	  ->  Bitmap Heap Scan on sbtest6  (cost=205.01..32565.15 rows=9422 width=4)
	        Recheck Cond: ((id >= 1184654) AND (id <= 1194653))
	        ->  Bitmap Index Scan on sbtest6_pkey  (cost=0.00..202.66 rows=9422 width=0)
	              Index Cond: ((id >= 1184654) AND (id <= 1194653))

table 7 : explain SELECT SUM(k) FROM sbtest7 WHERE id BETWEEN 5098375 AND 5108374
	Aggregate  (cost=35442.43..35442.44 rows=1 width=8)
	  ->  Bitmap Heap Scan on sbtest7  (cost=222.42..35416.58 rows=10340 width=4)
	        Recheck Cond: ((id >= 5098375) AND (id <= 5108374))
	        ->  Bitmap Index Scan on sbtest7_pkey  (cost=0.00..219.84 rows=10340 width=0)
	              Index Cond: ((id >= 5098375) AND (id <= 5108374))

table 8 : explain SELECT SUM(k) FROM sbtest8 WHERE id BETWEEN 56488 AND 66487
	Aggregate  (cost=34606.29..34606.30 rows=1 width=8)
	  ->  Bitmap Heap Scan on sbtest8  (cost=219.52..34581.14 rows=10057 width=4)
	        Recheck Cond: ((id >= 56488) AND (id <= 66487))
	        ->  Bitmap Index Scan on sbtest8_pkey  (cost=0.00..217.00 rows=10057 width=0)
	              Index Cond: ((id >= 56488) AND (id <= 66487))

for: simple_ranges
table 1 : explain SELECT c FROM sbtest1 WHERE id BETWEEN 5861784 AND 5871783
	Bitmap Heap Scan on sbtest1  (cost=231.25..36806.84 rows=10811 width=121)
	  Recheck Cond: ((id >= 5861784) AND (id <= 5871783))
	  ->  Bitmap Index Scan on sbtest1_pkey  (cost=0.00..228.55 rows=10811 width=0)
	        Index Cond: ((id >= 5861784) AND (id <= 5871783))

table 2 : explain SELECT c FROM sbtest2 WHERE id BETWEEN 3732232 AND 3742231
	Bitmap Heap Scan on sbtest2  (cost=231.45..36874.18 rows=10831 width=121)
	  Recheck Cond: ((id >= 3732232) AND (id <= 3742231))
	  ->  Bitmap Index Scan on sbtest2_pkey  (cost=0.00..228.75 rows=10831 width=0)
	        Index Cond: ((id >= 3732232) AND (id <= 3742231))

table 3 : explain SELECT c FROM sbtest3 WHERE id BETWEEN 5739592 AND 5749591
	Bitmap Heap Scan on sbtest3  (cost=245.90..38813.34 rows=11460 width=121)
	  Recheck Cond: ((id >= 5739592) AND (id <= 5749591))
	  ->  Bitmap Index Scan on sbtest3_pkey  (cost=0.00..243.04 rows=11460 width=0)
	        Index Cond: ((id >= 5739592) AND (id <= 5749591))

table 4 : explain SELECT c FROM sbtest4 WHERE id BETWEEN 3407557 AND 3417556
	Bitmap Heap Scan on sbtest4  (cost=193.38..31407.74 rows=9068 width=121)
	  Recheck Cond: ((id >= 3407557) AND (id <= 3417556))
	  ->  Bitmap Index Scan on sbtest4_pkey  (cost=0.00..191.12 rows=9068 width=0)
	        Index Cond: ((id >= 3407557) AND (id <= 3417556))

table 5 : explain SELECT c FROM sbtest5 WHERE id BETWEEN 5986418 AND 5996417
	Bitmap Heap Scan on sbtest5  (cost=215.28..34442.55 rows=10034 width=121)
	  Recheck Cond: ((id >= 5986418) AND (id <= 5996417))
	  ->  Bitmap Index Scan on sbtest5_pkey  (cost=0.00..212.78 rows=10034 width=0)
	        Index Cond: ((id >= 5986418) AND (id <= 5996417))

table 6 : explain SELECT c FROM sbtest6 WHERE id BETWEEN 1563585 AND 1573584
	Bitmap Heap Scan on sbtest6  (cost=212.63..33673.22 rows=9775 width=121)
	  Recheck Cond: ((id >= 1563585) AND (id <= 1573584))
	  ->  Bitmap Index Scan on sbtest6_pkey  (cost=0.00..210.19 rows=9775 width=0)
	        Index Cond: ((id >= 1563585) AND (id <= 1573584))

table 7 : explain SELECT c FROM sbtest7 WHERE id BETWEEN 3626746 AND 3636745
	Bitmap Heap Scan on sbtest7  (cost=231.44..36928.09 rows=10830 width=121)
	  Recheck Cond: ((id >= 3626746) AND (id <= 3636745))
	  ->  Bitmap Index Scan on sbtest7_pkey  (cost=0.00..228.74 rows=10830 width=0)
	        Index Cond: ((id >= 3626746) AND (id <= 3636745))

table 8 : explain SELECT c FROM sbtest8 WHERE id BETWEEN 8448155 AND 8458154
	Bitmap Heap Scan on sbtest8  (cost=220.35..34834.84 rows=10138 width=121)
	  Recheck Cond: ((id >= 8448155) AND (id <= 8458154))
	  ->  Bitmap Index Scan on sbtest8_pkey  (cost=0.00..217.81 rows=10138 width=0)
	        Index Cond: ((id >= 8448155) AND (id <= 8458154))

for: order_ranges
table 1 : explain SELECT c FROM sbtest1 WHERE id BETWEEN 1058428 AND 1068427 ORDER BY c
	Sort  (cost=34494.97..34519.60 rows=9851 width=121)
	  Sort Key: c
	  ->  Bitmap Heap Scan on sbtest1  (cost=213.41..33841.55 rows=9851 width=121)
	        Recheck Cond: ((id >= 1058428) AND (id <= 1068427))
	        ->  Bitmap Index Scan on sbtest1_pkey  (cost=0.00..210.94 rows=9851 width=0)
	              Index Cond: ((id >= 1058428) AND (id <= 1068427))

table 2 : explain SELECT c FROM sbtest2 WHERE id BETWEEN 6806501 AND 6816500 ORDER BY c
	Sort  (cost=36645.89..36672.21 rows=10528 width=121)
	  Sort Key: c
	  ->  Bitmap Heap Scan on sbtest2  (cost=224.35..35942.52 rows=10528 width=121)
	        Recheck Cond: ((id >= 6806501) AND (id <= 6816500))
	        ->  Bitmap Index Scan on sbtest2_pkey  (cost=0.00..221.72 rows=10528 width=0)
	              Index Cond: ((id >= 6806501) AND (id <= 6816500))

table 3 : explain SELECT c FROM sbtest3 WHERE id BETWEEN 3080566 AND 3090565 ORDER BY c
	Sort  (cost=34804.97..34829.83 rows=9943 width=121)
	  Sort Key: c
	  ->  Bitmap Heap Scan on sbtest3  (cost=214.35..34144.79 rows=9943 width=121)
	        Recheck Cond: ((id >= 3080566) AND (id <= 3090565))
	        ->  Bitmap Index Scan on sbtest3_pkey  (cost=0.00..211.87 rows=9943 width=0)
	              Index Cond: ((id >= 3080566) AND (id <= 3090565))

table 4 : explain SELECT c FROM sbtest4 WHERE id BETWEEN 271663 AND 281662 ORDER BY c
	Sort  (cost=35781.19..35806.81 rows=10246 width=121)
	  Sort Key: c
	  ->  Bitmap Heap Scan on sbtest4  (cost=221.46..35098.67 rows=10246 width=121)
	        Recheck Cond: ((id >= 271663) AND (id <= 281662))
	        ->  Bitmap Index Scan on sbtest4_pkey  (cost=0.00..218.90 rows=10246 width=0)
	              Index Cond: ((id >= 271663) AND (id <= 281662))

table 5 : explain SELECT c FROM sbtest5 WHERE id BETWEEN 6129692 AND 6139691 ORDER BY c
	Sort  (cost=34702.16..34726.93 rows=9906 width=121)
	  Sort Key: c
	  ->  Bitmap Heap Scan on sbtest5  (cost=213.97..34044.70 rows=9906 width=121)
	        Recheck Cond: ((id >= 6129692) AND (id <= 6139691))
	        ->  Bitmap Index Scan on sbtest5_pkey  (cost=0.00..211.50 rows=9906 width=0)
	              Index Cond: ((id >= 6129692) AND (id <= 6139691))

table 6 : explain SELECT c FROM sbtest6 WHERE id BETWEEN 8373270 AND 8383269 ORDER BY c
	Sort  (cost=33336.00..33359.67 rows=9468 width=121)
	  Sort Key: c
	  ->  Bitmap Heap Scan on sbtest6  (cost=205.48..32710.69 rows=9468 width=121)
	        Recheck Cond: ((id >= 8373270) AND (id <= 8383269))
	        ->  Bitmap Index Scan on sbtest6_pkey  (cost=0.00..203.12 rows=9468 width=0)
	              Index Cond: ((id >= 8373270) AND (id <= 8383269))

table 7 : explain SELECT c FROM sbtest7 WHERE id BETWEEN 485526 AND 495525 ORDER BY c
	Sort  (cost=35413.84..35439.14 rows=10123 width=121)
	  Sort Key: c
	  ->  Bitmap Heap Scan on sbtest7  (cost=216.20..34740.39 rows=10123 width=121)
	        Recheck Cond: ((id >= 485526) AND (id <= 495525))
	        ->  Bitmap Index Scan on sbtest7_pkey  (cost=0.00..213.67 rows=10123 width=0)
	              Index Cond: ((id >= 485526) AND (id <= 495525))

table 8 : explain SELECT c FROM sbtest8 WHERE id BETWEEN 3170638 AND 3180637 ORDER BY c
	Sort  (cost=36120.74..36146.57 rows=10330 width=121)
	  Sort Key: c
	  ->  Bitmap Heap Scan on sbtest8  (cost=226.32..35432.01 rows=10330 width=121)
	        Recheck Cond: ((id >= 3170638) AND (id <= 3180637))
	        ->  Bitmap Index Scan on sbtest8_pkey  (cost=0.00..223.74 rows=10330 width=0)
	              Index Cond: ((id >= 3170638) AND (id <= 3180637))

for: order_ranges
table 1 : explain SELECT c FROM sbtest1 WHERE id BETWEEN 8361249 AND 8371248 ORDER BY c
	Sort  (cost=34678.90..34703.67 rows=9909 width=121)
	  Sort Key: c
	  ->  Bitmap Heap Scan on sbtest1  (cost=214.00..34021.21 rows=9909 width=121)
	        Recheck Cond: ((id >= 8361249) AND (id <= 8371248))
	        ->  Bitmap Index Scan on sbtest1_pkey  (cost=0.00..211.53 rows=9909 width=0)
	              Index Cond: ((id >= 8361249) AND (id <= 8371248))

table 2 : explain SELECT c FROM sbtest2 WHERE id BETWEEN 8121689 AND 8131688 ORDER BY c
	Sort  (cost=34619.93..34644.65 rows=9889 width=121)
	  Sort Key: c
	  ->  Bitmap Heap Scan on sbtest2  (cost=213.80..33963.71 rows=9889 width=121)
	        Recheck Cond: ((id >= 8121689) AND (id <= 8131688))
	        ->  Bitmap Index Scan on sbtest2_pkey  (cost=0.00..211.32 rows=9889 width=0)
	              Index Cond: ((id >= 8121689) AND (id <= 8131688))

table 3 : explain SELECT c FROM sbtest3 WHERE id BETWEEN 3725995 AND 3735994 ORDER BY c
	Sort  (cost=33866.64..33890.76 rows=9649 width=121)
	  Sort Key: c
	  ->  Bitmap Heap Scan on sbtest3  (cost=207.34..33228.06 rows=9649 width=121)
	        Recheck Cond: ((id >= 3725995) AND (id <= 3735994))
	        ->  Bitmap Index Scan on sbtest3_pkey  (cost=0.00..204.93 rows=9649 width=0)
	              Index Cond: ((id >= 3725995) AND (id <= 3735994))

table 4 : explain SELECT c FROM sbtest4 WHERE id BETWEEN 4473305 AND 4483304 ORDER BY c
	Sort  (cost=31934.03..31956.65 rows=9046 width=121)
	  Sort Key: c
	  ->  Bitmap Heap Scan on sbtest4  (cost=193.16..31339.57 rows=9046 width=121)
	        Recheck Cond: ((id >= 4473305) AND (id <= 4483304))
	        ->  Bitmap Index Scan on sbtest4_pkey  (cost=0.00..190.90 rows=9046 width=0)
	              Index Cond: ((id >= 4473305) AND (id <= 4483304))

table 5 : explain SELECT c FROM sbtest5 WHERE id BETWEEN 2998876 AND 3008875 ORDER BY c
	Sort  (cost=34721.86..34746.64 rows=9912 width=121)
	  Sort Key: c
	  ->  Bitmap Heap Scan on sbtest5  (cost=214.03..34063.96 rows=9912 width=121)
	        Recheck Cond: ((id >= 2998876) AND (id <= 3008875))
	        ->  Bitmap Index Scan on sbtest5_pkey  (cost=0.00..211.56 rows=9912 width=0)
	              Index Cond: ((id >= 2998876) AND (id <= 3008875))

table 6 : explain SELECT c FROM sbtest6 WHERE id BETWEEN 2787302 AND 2797301 ORDER BY c
	Sort  (cost=31875.31..31897.85 rows=9016 width=121)
	  Sort Key: c
	  ->  Bitmap Heap Scan on sbtest6  (cost=196.85..31283.03 rows=9016 width=121)
	        Recheck Cond: ((id >= 2787302) AND (id <= 2797301))
	        ->  Bitmap Index Scan on sbtest6_pkey  (cost=0.00..194.59 rows=9016 width=0)
	              Index Cond: ((id >= 2787302) AND (id <= 2797301))

table 7 : explain SELECT c FROM sbtest7 WHERE id BETWEEN 2643475 AND 2653474 ORDER BY c
	Sort  (cost=33145.12..33168.65 rows=9414 width=121)
	  Sort Key: c
	  ->  Bitmap Heap Scan on sbtest7  (cost=200.93..32523.77 rows=9414 width=121)
	        Recheck Cond: ((id >= 2643475) AND (id <= 2653474))
	        ->  Bitmap Index Scan on sbtest7_pkey  (cost=0.00..198.57 rows=9414 width=0)
	              Index Cond: ((id >= 2643475) AND (id <= 2653474))

table 8 : explain SELECT c FROM sbtest8 WHERE id BETWEEN 7818023 AND 7828022 ORDER BY c
	Sort  (cost=33356.87..33380.54 rows=9467 width=121)
	  Sort Key: c
	  ->  Bitmap Heap Scan on sbtest8  (cost=205.47..32731.64 rows=9467 width=121)
	        Recheck Cond: ((id >= 7818023) AND (id <= 7828022))
	        ->  Bitmap Index Scan on sbtest8_pkey  (cost=0.00..203.11 rows=9467 width=0)
	              Index Cond: ((id >= 7818023) AND (id <= 7828022))

for: simple_ranges
table 1 : explain SELECT c FROM sbtest1 WHERE id BETWEEN 7082654 AND 7092653
	Bitmap Heap Scan on sbtest1  (cost=193.70..31481.84 rows=9099 width=121)
	  Recheck Cond: ((id >= 7082654) AND (id <= 7092653))
	  ->  Bitmap Index Scan on sbtest1_pkey  (cost=0.00..191.43 rows=9099 width=0)
	        Index Cond: ((id >= 7082654) AND (id <= 7092653))

table 2 : explain SELECT c FROM sbtest2 WHERE id BETWEEN 4406466 AND 4416465
	Bitmap Heap Scan on sbtest2  (cost=214.66..34223.46 rows=9973 width=121)
	  Recheck Cond: ((id >= 4406466) AND (id <= 4416465))
	  ->  Bitmap Index Scan on sbtest2_pkey  (cost=0.00..212.17 rows=9973 width=0)
	        Index Cond: ((id >= 4406466) AND (id <= 4416465))

table 3 : explain SELECT c FROM sbtest3 WHERE id BETWEEN 3480591 AND 3490590
	Bitmap Heap Scan on sbtest3  (cost=229.57..36324.56 rows=10647 width=121)
	  Recheck Cond: ((id >= 3480591) AND (id <= 3490590))
	  ->  Bitmap Index Scan on sbtest3_pkey  (cost=0.00..226.91 rows=10647 width=0)
	        Index Cond: ((id >= 3480591) AND (id <= 3490590))

table 4 : explain SELECT c FROM sbtest4 WHERE id BETWEEN 3590498 AND 3600497
	Bitmap Heap Scan on sbtest4  (cost=224.20..35922.13 rows=10514 width=121)
	  Recheck Cond: ((id >= 3590498) AND (id <= 3600497))
	  ->  Bitmap Index Scan on sbtest4_pkey  (cost=0.00..221.57 rows=10514 width=0)
	        Index Cond: ((id >= 3590498) AND (id <= 3600497))

table 5 : explain SELECT c FROM sbtest5 WHERE id BETWEEN 2694054 AND 2704053
	Bitmap Heap Scan on sbtest5  (cost=221.68..35170.06 rows=10268 width=121)
	  Recheck Cond: ((id >= 2694054) AND (id <= 2704053))
	  ->  Bitmap Index Scan on sbtest5_pkey  (cost=0.00..219.12 rows=10268 width=0)
	        Index Cond: ((id >= 2694054) AND (id <= 2704053))

table 6 : explain SELECT c FROM sbtest6 WHERE id BETWEEN 8237443 AND 8247442
	Bitmap Heap Scan on sbtest6  (cost=214.40..34213.76 rows=9948 width=121)
	  Recheck Cond: ((id >= 8237443) AND (id <= 8247442))
	  ->  Bitmap Index Scan on sbtest6_pkey  (cost=0.00..211.92 rows=9948 width=0)
	        Index Cond: ((id >= 8237443) AND (id <= 8247442))

table 7 : explain SELECT c FROM sbtest7 WHERE id BETWEEN 4718791 AND 4728790
	Bitmap Heap Scan on sbtest7  (cost=231.61..36975.76 rows=10846 width=121)
	  Recheck Cond: ((id >= 4718791) AND (id <= 4728790))
	  ->  Bitmap Index Scan on sbtest7_pkey  (cost=0.00..228.90 rows=10846 width=0)
	        Index Cond: ((id >= 4718791) AND (id <= 4728790))

table 8 : explain SELECT c FROM sbtest8 WHERE id BETWEEN 8198900 AND 8208899
	Bitmap Heap Scan on sbtest8  (cost=220.96..35020.96 rows=10198 width=121)
	  Recheck Cond: ((id >= 8198900) AND (id <= 8208899))
	  ->  Bitmap Index Scan on sbtest8_pkey  (cost=0.00..218.42 rows=10198 width=0)
	        Index Cond: ((id >= 8198900) AND (id <= 8208899))

for: simple_ranges
table 1 : explain SELECT c FROM sbtest1 WHERE id BETWEEN 8889088 AND 8899087
	Bitmap Heap Scan on sbtest1  (cost=214.21..34085.33 rows=9929 width=121)
	  Recheck Cond: ((id >= 8889088) AND (id <= 8899087))
	  ->  Bitmap Index Scan on sbtest1_pkey  (cost=0.00..211.73 rows=9929 width=0)
	        Index Cond: ((id >= 8889088) AND (id <= 8899087))

table 2 : explain SELECT c FROM sbtest2 WHERE id BETWEEN 9801656 AND 9811655
	Bitmap Heap Scan on sbtest2  (cost=216.59..34806.06 rows=10161 width=121)
	  Recheck Cond: ((id >= 9801656) AND (id <= 9811655))
	  ->  Bitmap Index Scan on sbtest2_pkey  (cost=0.00..214.05 rows=10161 width=0)
	        Index Cond: ((id >= 9801656) AND (id <= 9811655))

table 3 : explain SELECT c FROM sbtest3 WHERE id BETWEEN 6301423 AND 6311422
	Bitmap Heap Scan on sbtest3  (cost=215.09..34369.22 rows=10015 width=121)
	  Recheck Cond: ((id >= 6301423) AND (id <= 6311422))
	  ->  Bitmap Index Scan on sbtest3_pkey  (cost=0.00..212.59 rows=10015 width=0)
	        Index Cond: ((id >= 6301423) AND (id <= 6311422))

table 4 : explain SELECT c FROM sbtest4 WHERE id BETWEEN 5916522 AND 5926521
	Bitmap Heap Scan on sbtest4  (cost=228.87..36126.79 rows=10579 width=121)
	  Recheck Cond: ((id >= 5916522) AND (id <= 5926521))
	  ->  Bitmap Index Scan on sbtest4_pkey  (cost=0.00..226.23 rows=10579 width=0)
	        Index Cond: ((id >= 5916522) AND (id <= 5926521))

table 5 : explain SELECT c FROM sbtest5 WHERE id BETWEEN 2009814 AND 2019813
	Bitmap Heap Scan on sbtest5  (cost=223.93..35846.83 rows=10487 width=121)
	  Recheck Cond: ((id >= 2009814) AND (id <= 2019813))
	  ->  Bitmap Index Scan on sbtest5_pkey  (cost=0.00..221.31 rows=10487 width=0)
	        Index Cond: ((id >= 2009814) AND (id <= 2019813))

table 6 : explain SELECT c FROM sbtest6 WHERE id BETWEEN 2461721 AND 2471720
	Bitmap Heap Scan on sbtest6  (cost=230.97..36802.28 rows=10784 width=121)
	  Recheck Cond: ((id >= 2461721) AND (id <= 2471720))
	  ->  Bitmap Index Scan on sbtest6_pkey  (cost=0.00..228.28 rows=10784 width=0)
	        Index Cond: ((id >= 2461721) AND (id <= 2471720))

table 7 : explain SELECT c FROM sbtest7 WHERE id BETWEEN 47639 AND 57638
	Bitmap Heap Scan on sbtest7  (cost=208.48..33608.78 rows=9760 width=121)
	  Recheck Cond: ((id >= 47639) AND (id <= 57638))
	  ->  Bitmap Index Scan on sbtest7_pkey  (cost=0.00..206.04 rows=9760 width=0)
	        Index Cond: ((id >= 47639) AND (id <= 57638))

table 8 : explain SELECT c FROM sbtest8 WHERE id BETWEEN 3457263 AND 3467262
	Bitmap Heap Scan on sbtest8  (cost=213.27..33895.02 rows=9838 width=121)
	  Recheck Cond: ((id >= 3457263) AND (id <= 3467262))
	  ->  Bitmap Index Scan on sbtest8_pkey  (cost=0.00..210.81 rows=9838 width=0)
	        Index Cond: ((id >= 3457263) AND (id <= 3467262))

for: simple_ranges
table 1 : explain SELECT c FROM sbtest1 WHERE id BETWEEN 9282084 AND 9292083
	Bitmap Heap Scan on sbtest1  (cost=238.29..37719.32 rows=11108 width=121)
	  Recheck Cond: ((id >= 9282084) AND (id <= 9292083))
	  ->  Bitmap Index Scan on sbtest1_pkey  (cost=0.00..235.51 rows=11108 width=0)
	        Index Cond: ((id >= 9282084) AND (id <= 9292083))

table 2 : explain SELECT c FROM sbtest2 WHERE id BETWEEN 6815232 AND 6825231
	Bitmap Heap Scan on sbtest2  (cost=231.00..36740.95 rows=10787 width=121)
	  Recheck Cond: ((id >= 6815232) AND (id <= 6825231))
	  ->  Bitmap Index Scan on sbtest2_pkey  (cost=0.00..228.31 rows=10787 width=0)
	        Index Cond: ((id >= 6815232) AND (id <= 6825231))

table 3 : explain SELECT c FROM sbtest3 WHERE id BETWEEN 9296729 AND 9306728
	Bitmap Heap Scan on sbtest3  (cost=208.55..33594.84 rows=9767 width=121)
	  Recheck Cond: ((id >= 9296729) AND (id <= 9306728))
	  ->  Bitmap Index Scan on sbtest3_pkey  (cost=0.00..206.11 rows=9767 width=0)
	        Index Cond: ((id >= 9296729) AND (id <= 9306728))

table 4 : explain SELECT c FROM sbtest4 WHERE id BETWEEN 3711483 AND 3721482
	Bitmap Heap Scan on sbtest4  (cost=214.65..34246.04 rows=9972 width=121)
	  Recheck Cond: ((id >= 3711483) AND (id <= 3721482))
	  ->  Bitmap Index Scan on sbtest4_pkey  (cost=0.00..212.16 rows=9972 width=0)
	        Index Cond: ((id >= 3711483) AND (id <= 3721482))

table 5 : explain SELECT c FROM sbtest5 WHERE id BETWEEN 959533 AND 969532
	Bitmap Heap Scan on sbtest5  (cost=238.57..37839.50 rows=11135 width=121)
	  Recheck Cond: ((id >= 959533) AND (id <= 969532))
	  ->  Bitmap Index Scan on sbtest5_pkey  (cost=0.00..235.79 rows=11135 width=0)
	        Index Cond: ((id >= 959533) AND (id <= 969532))

table 6 : explain SELECT c FROM sbtest6 WHERE id BETWEEN 8512337 AND 8522336
	Bitmap Heap Scan on sbtest6  (cost=220.34..34802.07 rows=10137 width=121)
	  Recheck Cond: ((id >= 8512337) AND (id <= 8522336))
	  ->  Bitmap Index Scan on sbtest6_pkey  (cost=0.00..217.81 rows=10137 width=0)
	        Index Cond: ((id >= 8512337) AND (id <= 8522336))

table 7 : explain SELECT c FROM sbtest7 WHERE id BETWEEN 4204037 AND 4214036
	Bitmap Heap Scan on sbtest7  (cost=207.86..33421.96 rows=9700 width=121)
	  Recheck Cond: ((id >= 4204037) AND (id <= 4214036))
	  ->  Bitmap Index Scan on sbtest7_pkey  (cost=0.00..205.44 rows=9700 width=0)
	        Index Cond: ((id >= 4204037) AND (id <= 4214036))

table 8 : explain SELECT c FROM sbtest8 WHERE id BETWEEN 1822219 AND 1832218
	Bitmap Heap Scan on sbtest8  (cost=227.25..35713.67 rows=10421 width=121)
	  Recheck Cond: ((id >= 1822219) AND (id <= 1832218))
	  ->  Bitmap Index Scan on sbtest8_pkey  (cost=0.00..224.65 rows=10421 width=0)
	        Index Cond: ((id >= 1822219) AND (id <= 1832218))

for: sum_ranges
table 1 : explain SELECT SUM(k) FROM sbtest1 WHERE id BETWEEN 3954184 AND 3964183
	Aggregate  (cost=31975.16..31975.17 rows=1 width=8)
	  ->  Bitmap Heap Scan on sbtest1  (cost=199.23..31952.04 rows=9248 width=4)
	        Recheck Cond: ((id >= 3954184) AND (id <= 3964183))
	        ->  Bitmap Index Scan on sbtest1_pkey  (cost=0.00..196.92 rows=9248 width=0)
	              Index Cond: ((id >= 3954184) AND (id <= 3964183))

table 2 : explain SELECT SUM(k) FROM sbtest2 WHERE id BETWEEN 2602225 AND 2612224
	Aggregate  (cost=32916.09..32916.10 rows=1 width=8)
	  ->  Bitmap Heap Scan on sbtest2  (cost=206.28..32892.22 rows=9546 width=4)
	        Recheck Cond: ((id >= 2602225) AND (id <= 2612224))
	        ->  Bitmap Index Scan on sbtest2_pkey  (cost=0.00..203.90 rows=9546 width=0)
	              Index Cond: ((id >= 2602225) AND (id <= 2612224))

table 3 : explain SELECT SUM(k) FROM sbtest3 WHERE id BETWEEN 3806364 AND 3816363
	Aggregate  (cost=33216.75..33216.76 rows=1 width=8)
	  ->  Bitmap Heap Scan on sbtest3  (cost=207.22..33192.65 rows=9638 width=4)
	        Recheck Cond: ((id >= 3806364) AND (id <= 3816363))
	        ->  Bitmap Index Scan on sbtest3_pkey  (cost=0.00..204.81 rows=9638 width=0)
	              Index Cond: ((id >= 3806364) AND (id <= 3816363))

table 4 : explain SELECT SUM(k) FROM sbtest4 WHERE id BETWEEN 6736360 AND 6746359
	Aggregate  (cost=32740.52..32740.53 rows=1 width=8)
	  ->  Bitmap Heap Scan on sbtest4  (cost=205.64..32716.81 rows=9483 width=4)
	        Recheck Cond: ((id >= 6736360) AND (id <= 6746359))
	        ->  Bitmap Index Scan on sbtest4_pkey  (cost=0.00..203.26 rows=9483 width=0)
	              Index Cond: ((id >= 6736360) AND (id <= 6746359))

table 5 : explain SELECT SUM(k) FROM sbtest5 WHERE id BETWEEN 8711317 AND 8721316
	Aggregate  (cost=33444.41..33444.42 rows=1 width=8)
	  ->  Bitmap Heap Scan on sbtest5  (cost=207.92..33420.15 rows=9706 width=4)
	        Recheck Cond: ((id >= 8711317) AND (id <= 8721316))
	        ->  Bitmap Index Scan on sbtest5_pkey  (cost=0.00..205.50 rows=9706 width=0)
	              Index Cond: ((id >= 8711317) AND (id <= 8721316))

table 6 : explain SELECT SUM(k) FROM sbtest6 WHERE id BETWEEN 6974222 AND 6984221
	Aggregate  (cost=33990.84..33990.85 rows=1 width=8)
	  ->  Bitmap Heap Scan on sbtest6  (cost=213.59..33966.17 rows=9869 width=4)
	        Recheck Cond: ((id >= 6974222) AND (id <= 6984221))
	        ->  Bitmap Index Scan on sbtest6_pkey  (cost=0.00..211.12 rows=9869 width=0)
	              Index Cond: ((id >= 6974222) AND (id <= 6984221))

table 7 : explain SELECT SUM(k) FROM sbtest7 WHERE id BETWEEN 6369682 AND 6379681
	Aggregate  (cost=35918.66..35918.67 rows=1 width=8)
	  ->  Bitmap Heap Scan on sbtest7  (cost=224.00..35892.43 rows=10494 width=4)
	        Recheck Cond: ((id >= 6369682) AND (id <= 6379681))
	        ->  Bitmap Index Scan on sbtest7_pkey  (cost=0.00..221.38 rows=10494 width=0)
	              Index Cond: ((id >= 6369682) AND (id <= 6379681))

table 8 : explain SELECT SUM(k) FROM sbtest8 WHERE id BETWEEN 4807895 AND 4817894
	Aggregate  (cost=34209.66..34209.67 rows=1 width=8)
	  ->  Bitmap Heap Scan on sbtest8  (cost=214.23..34184.83 rows=9931 width=4)
	        Recheck Cond: ((id >= 4807895) AND (id <= 4817894))
	        ->  Bitmap Index Scan on sbtest8_pkey  (cost=0.00..211.75 rows=9931 width=0)
	              Index Cond: ((id >= 4807895) AND (id <= 4817894))

for: distinct_ranges
table 1 : explain SELECT DISTINCT c FROM sbtest1 WHERE id BETWEEN 763225 AND 773224 ORDER BY c
	Unique  (cost=33711.17..33759.20 rows=9606 width=121)
	  ->  Sort  (cost=33711.17..33735.18 rows=9606 width=121)
	        Sort Key: c
	        ->  Bitmap Heap Scan on sbtest1  (cost=206.90..33075.74 rows=9606 width=121)
	              Recheck Cond: ((id >= 763225) AND (id <= 773224))
	              ->  Bitmap Index Scan on sbtest1_pkey  (cost=0.00..204.50 rows=9606 width=0)
	                    Index Cond: ((id >= 763225) AND (id <= 773224))

table 2 : explain SELECT DISTINCT c FROM sbtest2 WHERE id BETWEEN 3349176 AND 3359175 ORDER BY c
	Unique  (cost=33991.09..34039.55 rows=9692 width=121)
	  ->  Sort  (cost=33991.09..34015.32 rows=9692 width=121)
	        Sort Key: c
	        ->  Bitmap Heap Scan on sbtest2  (cost=207.78..33349.35 rows=9692 width=121)
	              Recheck Cond: ((id >= 3349176) AND (id <= 3359175))
	              ->  Bitmap Index Scan on sbtest2_pkey  (cost=0.00..205.36 rows=9692 width=0)
	                    Index Cond: ((id >= 3349176) AND (id <= 3359175))

table 3 : explain SELECT DISTINCT c FROM sbtest3 WHERE id BETWEEN 7394019 AND 7404018 ORDER BY c
	Unique  (cost=34182.91..34231.65 rows=9749 width=121)
	  ->  Sort  (cost=34182.91..34207.28 rows=9749 width=121)
	        Sort Key: c
	        ->  Bitmap Heap Scan on sbtest3  (cost=208.36..33536.98 rows=9749 width=121)
	              Recheck Cond: ((id >= 7394019) AND (id <= 7404018))
	              ->  Bitmap Index Scan on sbtest3_pkey  (cost=0.00..205.93 rows=9749 width=0)
	                    Index Cond: ((id >= 7394019) AND (id <= 7404018))

table 4 : explain SELECT DISTINCT c FROM sbtest4 WHERE id BETWEEN 1284808 AND 1294807 ORDER BY c
	Unique  (cost=33216.88..33264.10 rows=9444 width=121)
	  ->  Sort  (cost=33216.88..33240.49 rows=9444 width=121)
	        Sort Key: c
	        ->  Bitmap Heap Scan on sbtest4  (cost=201.24..32593.33 rows=9444 width=121)
	              Recheck Cond: ((id >= 1284808) AND (id <= 1294807))
	              ->  Bitmap Index Scan on sbtest4_pkey  (cost=0.00..198.88 rows=9444 width=0)
	                    Index Cond: ((id >= 1284808) AND (id <= 1294807))

table 5 : explain SELECT DISTINCT c FROM sbtest5 WHERE id BETWEEN 8284996 AND 8294995 ORDER BY c
	Unique  (cost=32731.03..32777.49 rows=9292 width=121)
	  ->  Sort  (cost=32731.03..32754.26 rows=9292 width=121)
	        Sort Key: c
	        ->  Bitmap Heap Scan on sbtest5  (cost=199.68..32118.60 rows=9292 width=121)
	              Recheck Cond: ((id >= 8284996) AND (id <= 8294995))
	              ->  Bitmap Index Scan on sbtest5_pkey  (cost=0.00..197.36 rows=9292 width=0)
	                    Index Cond: ((id >= 8284996) AND (id <= 8294995))

table 6 : explain SELECT DISTINCT c FROM sbtest6 WHERE id BETWEEN 7278123 AND 7288122 ORDER BY c
	Unique  (cost=37074.61..37127.82 rows=10641 width=121)
	  ->  Sort  (cost=37074.61..37101.21 rows=10641 width=121)
	        Sort Key: c
	        ->  Bitmap Heap Scan on sbtest6  (cost=229.51..36362.87 rows=10641 width=121)
	              Recheck Cond: ((id >= 7278123) AND (id <= 7288122))
	              ->  Bitmap Index Scan on sbtest6_pkey  (cost=0.00..226.84 rows=10641 width=0)
	                    Index Cond: ((id >= 7278123) AND (id <= 7288122))

table 7 : explain SELECT DISTINCT c FROM sbtest7 WHERE id BETWEEN 5243288 AND 5253287 ORDER BY c
	Unique  (cost=32688.04..32734.40 rows=9272 width=121)
	  ->  Sort  (cost=32688.04..32711.22 rows=9272 width=121)
	        Sort Key: c
	        ->  Bitmap Heap Scan on sbtest7  (cost=199.47..32077.08 rows=9272 width=121)
	              Recheck Cond: ((id >= 5243288) AND (id <= 5253287))
	              ->  Bitmap Index Scan on sbtest7_pkey  (cost=0.00..197.16 rows=9272 width=0)
	                    Index Cond: ((id >= 5243288) AND (id <= 5253287))

table 8 : explain SELECT DISTINCT c FROM sbtest8 WHERE id BETWEEN 4988486 AND 4998485 ORDER BY c
	Unique  (cost=35827.95..35879.14 rows=10238 width=121)
	  ->  Sort  (cost=35827.95..35853.54 rows=10238 width=121)
	        Sort Key: c
	        ->  Bitmap Heap Scan on sbtest8  (cost=221.37..35146.01 rows=10238 width=121)
	              Recheck Cond: ((id >= 4988486) AND (id <= 4998485))
	              ->  Bitmap Index Scan on sbtest8_pkey  (cost=0.00..218.81 rows=10238 width=0)
	                    Index Cond: ((id >= 4988486) AND (id <= 4998485))

for: order_ranges
table 1 : explain SELECT c FROM sbtest1 WHERE id BETWEEN 6921474 AND 6931473 ORDER BY c
	Sort  (cost=33437.50..33461.30 rows=9520 width=121)
	  Sort Key: c
	  ->  Bitmap Heap Scan on sbtest1  (cost=206.01..32808.38 rows=9520 width=121)
	        Recheck Cond: ((id >= 6921474) AND (id <= 6931473))
	        ->  Bitmap Index Scan on sbtest1_pkey  (cost=0.00..203.63 rows=9520 width=0)
	              Index Cond: ((id >= 6921474) AND (id <= 6931473))

table 2 : explain SELECT c FROM sbtest2 WHERE id BETWEEN 1664783 AND 1674782 ORDER BY c
	Sort  (cost=36140.25..36166.17 rows=10368 width=121)
	  Sort Key: c
	  ->  Bitmap Heap Scan on sbtest2  (cost=222.71..35448.71 rows=10368 width=121)
	        Recheck Cond: ((id >= 1664783) AND (id <= 1674782))
	        ->  Bitmap Index Scan on sbtest2_pkey  (cost=0.00..220.12 rows=10368 width=0)
	              Index Cond: ((id >= 1664783) AND (id <= 1674782))

table 3 : explain SELECT c FROM sbtest3 WHERE id BETWEEN 5098822 AND 5108821 ORDER BY c
	Sort  (cost=33609.51..33633.44 rows=9569 width=121)
	  Sort Key: c
	  ->  Bitmap Heap Scan on sbtest3  (cost=206.52..32976.80 rows=9569 width=121)
	        Recheck Cond: ((id >= 5098822) AND (id <= 5108821))
	        ->  Bitmap Index Scan on sbtest3_pkey  (cost=0.00..204.12 rows=9569 width=0)
	              Index Cond: ((id >= 5098822) AND (id <= 5108821))

table 4 : explain SELECT c FROM sbtest4 WHERE id BETWEEN 9589202 AND 9599201 ORDER BY c
	Sort  (cost=33943.77..33967.95 rows=9671 width=121)
	  Sort Key: c
	  ->  Bitmap Heap Scan on sbtest4  (cost=207.56..33303.58 rows=9671 width=121)
	        Recheck Cond: ((id >= 9589202) AND (id <= 9599201))
	        ->  Bitmap Index Scan on sbtest4_pkey  (cost=0.00..205.15 rows=9671 width=0)
	              Index Cond: ((id >= 9589202) AND (id <= 9599201))

table 5 : explain SELECT c FROM sbtest5 WHERE id BETWEEN 6418468 AND 6428467 ORDER BY c
	Sort  (cost=32552.10..32575.19 rows=9236 width=121)
	  Sort Key: c
	  ->  Bitmap Heap Scan on sbtest5  (cost=199.10..31943.77 rows=9236 width=121)
	        Recheck Cond: ((id >= 6418468) AND (id <= 6428467))
	        ->  Bitmap Index Scan on sbtest5_pkey  (cost=0.00..196.80 rows=9236 width=0)
	              Index Cond: ((id >= 6418468) AND (id <= 6428467))

table 6 : explain SELECT c FROM sbtest6 WHERE id BETWEEN 6323018 AND 6333017 ORDER BY c
	Sort  (cost=36669.56..36695.84 rows=10512 width=121)
	  Sort Key: c
	  ->  Bitmap Heap Scan on sbtest6  (cost=228.18..35967.37 rows=10512 width=121)
	        Recheck Cond: ((id >= 6323018) AND (id <= 6333017))
	        ->  Bitmap Index Scan on sbtest6_pkey  (cost=0.00..225.56 rows=10512 width=0)
	              Index Cond: ((id >= 6323018) AND (id <= 6333017))

table 7 : explain SELECT c FROM sbtest7 WHERE id BETWEEN 6170844 AND 6180843 ORDER BY c
	Sort  (cost=33886.10..33910.21 rows=9644 width=121)
	  Sort Key: c
	  ->  Bitmap Heap Scan on sbtest7  (cost=207.29..33247.89 rows=9644 width=121)
	        Recheck Cond: ((id >= 6170844) AND (id <= 6180843))
	        ->  Bitmap Index Scan on sbtest7_pkey  (cost=0.00..204.88 rows=9644 width=0)
	              Index Cond: ((id >= 6170844) AND (id <= 6180843))

table 8 : explain SELECT c FROM sbtest8 WHERE id BETWEEN 6510889 AND 6520888 ORDER BY c
	Sort  (cost=35025.89..35050.85 rows=9986 width=121)
	  Sort Key: c
	  ->  Bitmap Heap Scan on sbtest8  (cost=218.79..34362.53 rows=9986 width=121)
	        Recheck Cond: ((id >= 6510889) AND (id <= 6520888))
	        ->  Bitmap Index Scan on sbtest8_pkey  (cost=0.00..216.30 rows=9986 width=0)
	              Index Cond: ((id >= 6510889) AND (id <= 6520888))

for: distinct_ranges
table 1 : explain SELECT DISTINCT c FROM sbtest1 WHERE id BETWEEN 2769298 AND 2779297 ORDER BY c
	Unique  (cost=36299.77..36351.87 rows=10420 width=121)
	  ->  Sort  (cost=36299.77..36325.82 rows=10420 width=121)
	        Sort Key: c
	        ->  Bitmap Heap Scan on sbtest1  (cost=223.24..35604.39 rows=10420 width=121)
	              Recheck Cond: ((id >= 2769298) AND (id <= 2779297))
	              ->  Bitmap Index Scan on sbtest1_pkey  (cost=0.00..220.63 rows=10420 width=0)
	                    Index Cond: ((id >= 2769298) AND (id <= 2779297))

table 2 : explain SELECT DISTINCT c FROM sbtest2 WHERE id BETWEEN 9724946 AND 9734945 ORDER BY c
	Unique  (cost=35046.51..35096.63 rows=10023 width=121)
	  ->  Sort  (cost=35046.51..35071.57 rows=10023 width=121)
	        Sort Key: c
	        ->  Bitmap Heap Scan on sbtest2  (cost=215.17..34380.43 rows=10023 width=121)
	              Recheck Cond: ((id >= 9724946) AND (id <= 9734945))
	              ->  Bitmap Index Scan on sbtest2_pkey  (cost=0.00..212.67 rows=10023 width=0)
	                    Index Cond: ((id >= 9724946) AND (id <= 9734945))

table 3 : explain SELECT DISTINCT c FROM sbtest3 WHERE id BETWEEN 8920023 AND 8930022 ORDER BY c
	Unique  (cost=35998.32..36049.91 rows=10318 width=121)
	  ->  Sort  (cost=35998.32..36024.11 rows=10318 width=121)
	        Sort Key: c
	        ->  Bitmap Heap Scan on sbtest3  (cost=222.19..35310.48 rows=10318 width=121)
	              Recheck Cond: ((id >= 8920023) AND (id <= 8930022))
	              ->  Bitmap Index Scan on sbtest3_pkey  (cost=0.00..219.62 rows=10318 width=0)
	                    Index Cond: ((id >= 8920023) AND (id <= 8930022))

table 4 : explain SELECT DISTINCT c FROM sbtest4 WHERE id BETWEEN 2576426 AND 2586425 ORDER BY c
	Unique  (cost=35013.42..35063.45 rows=10005 width=121)
	  ->  Sort  (cost=35013.42..35038.43 rows=10005 width=121)
	        Sort Key: c
	        ->  Bitmap Heap Scan on sbtest4  (cost=214.99..34348.67 rows=10005 width=121)
	              Recheck Cond: ((id >= 2576426) AND (id <= 2586425))
	              ->  Bitmap Index Scan on sbtest4_pkey  (cost=0.00..212.49 rows=10005 width=0)
	                    Index Cond: ((id >= 2576426) AND (id <= 2586425))

table 5 : explain SELECT DISTINCT c FROM sbtest5 WHERE id BETWEEN 1396760 AND 1406759 ORDER BY c
	Unique  (cost=34039.87..34088.36 rows=9699 width=121)
	  ->  Sort  (cost=34039.87..34064.12 rows=9699 width=121)
	        Sort Key: c
	        ->  Bitmap Heap Scan on sbtest5  (cost=207.85..33397.62 rows=9699 width=121)
	              Recheck Cond: ((id >= 1396760) AND (id <= 1406759))
	              ->  Bitmap Index Scan on sbtest5_pkey  (cost=0.00..205.43 rows=9699 width=0)
	                    Index Cond: ((id >= 1396760) AND (id <= 1406759))

table 6 : explain SELECT DISTINCT c FROM sbtest6 WHERE id BETWEEN 5187601 AND 5197600 ORDER BY c
	Unique  (cost=34683.51..34732.96 rows=9889 width=121)
	  ->  Sort  (cost=34683.51..34708.23 rows=9889 width=121)
	        Sort Key: c
	        ->  Bitmap Heap Scan on sbtest6  (cost=213.80..34027.30 rows=9889 width=121)
	              Recheck Cond: ((id >= 5187601) AND (id <= 5197600))
	              ->  Bitmap Index Scan on sbtest6_pkey  (cost=0.00..211.32 rows=9889 width=0)
	                    Index Cond: ((id >= 5187601) AND (id <= 5197600))

table 7 : explain SELECT DISTINCT c FROM sbtest7 WHERE id BETWEEN 3472568 AND 3482567 ORDER BY c
	Unique  (cost=36037.28..36088.87 rows=10318 width=121)
	  ->  Sort  (cost=36037.28..36063.07 rows=10318 width=121)
	        Sort Key: c
	        ->  Bitmap Heap Scan on sbtest7  (cost=222.19..35349.44 rows=10318 width=121)
	              Recheck Cond: ((id >= 3472568) AND (id <= 3482567))
	              ->  Bitmap Index Scan on sbtest7_pkey  (cost=0.00..219.62 rows=10318 width=0)
	                    Index Cond: ((id >= 3472568) AND (id <= 3482567))

table 8 : explain SELECT DISTINCT c FROM sbtest8 WHERE id BETWEEN 9302997 AND 9312996 ORDER BY c
	Unique  (cost=33204.50..33251.60 rows=9420 width=121)
	  ->  Sort  (cost=33204.50..33228.05 rows=9420 width=121)
	        Sort Key: c
	        ->  Bitmap Heap Scan on sbtest8  (cost=204.99..32582.71 rows=9420 width=121)
	              Recheck Cond: ((id >= 9302997) AND (id <= 9312996))
	              ->  Bitmap Index Scan on sbtest8_pkey  (cost=0.00..202.63 rows=9420 width=0)
	                    Index Cond: ((id >= 9302997) AND (id <= 9312996))

for: sum_ranges
table 1 : explain SELECT SUM(k) FROM sbtest1 WHERE id BETWEEN 9827546 AND 9837545
	Aggregate  (cost=36690.99..36691.00 rows=1 width=8)
	  ->  Bitmap Heap Scan on sbtest1  (cost=230.77..36664.08 rows=10764 width=4)
	        Recheck Cond: ((id >= 9827546) AND (id <= 9837545))
	        ->  Bitmap Index Scan on sbtest1_pkey  (cost=0.00..228.07 rows=10764 width=0)
	              Index Cond: ((id >= 9827546) AND (id <= 9837545))

table 2 : explain SELECT SUM(k) FROM sbtest2 WHERE id BETWEEN 3021297 AND 3031296
	Aggregate  (cost=36173.46..36173.47 rows=1 width=8)
	  ->  Bitmap Heap Scan on sbtest2  (cost=229.02..36146.98 rows=10594 width=4)
	        Recheck Cond: ((id >= 3021297) AND (id <= 3031296))
	        ->  Bitmap Index Scan on sbtest2_pkey  (cost=0.00..226.38 rows=10594 width=0)
	              Index Cond: ((id >= 3021297) AND (id <= 3031296))

table 3 : explain SELECT SUM(k) FROM sbtest3 WHERE id BETWEEN 9150143 AND 9160142
	Aggregate  (cost=33261.88..33261.89 rows=1 width=8)
	  ->  Bitmap Heap Scan on sbtest3  (cost=207.38..33237.74 rows=9653 width=4)
	        Recheck Cond: ((id >= 9150143) AND (id <= 9160142))
	        ->  Bitmap Index Scan on sbtest3_pkey  (cost=0.00..204.97 rows=9653 width=0)
	              Index Cond: ((id >= 9150143) AND (id <= 9160142))

table 4 : explain SELECT SUM(k) FROM sbtest4 WHERE id BETWEEN 2536633 AND 2546632
	Aggregate  (cost=35852.73..35852.74 rows=1 width=8)
	  ->  Bitmap Heap Scan on sbtest4  (cost=223.89..35826.52 rows=10483 width=4)
	        Recheck Cond: ((id >= 2536633) AND (id <= 2546632))
	        ->  Bitmap Index Scan on sbtest4_pkey  (cost=0.00..221.26 rows=10483 width=0)
	              Index Cond: ((id >= 2536633) AND (id <= 2546632))

table 5 : explain SELECT SUM(k) FROM sbtest5 WHERE id BETWEEN 7632014 AND 7642013
	Aggregate  (cost=35070.94..35070.95 rows=1 width=8)
	  ->  Bitmap Heap Scan on sbtest5  (cost=221.27..35045.37 rows=10228 width=4)
	        Recheck Cond: ((id >= 7632014) AND (id <= 7642013))
	        ->  Bitmap Index Scan on sbtest5_pkey  (cost=0.00..218.72 rows=10228 width=0)
	              Index Cond: ((id >= 7632014) AND (id <= 7642013))

table 6 : explain SELECT SUM(k) FROM sbtest6 WHERE id BETWEEN 7190804 AND 7200803
	Aggregate  (cost=35132.10..35132.11 rows=1 width=8)
	  ->  Bitmap Heap Scan on sbtest6  (cost=221.34..35106.51 rows=10235 width=4)
	        Recheck Cond: ((id >= 7190804) AND (id <= 7200803))
	        ->  Bitmap Index Scan on sbtest6_pkey  (cost=0.00..218.79 rows=10235 width=0)
	              Index Cond: ((id >= 7190804) AND (id <= 7200803))

table 7 : explain SELECT SUM(k) FROM sbtest7 WHERE id BETWEEN 1596400 AND 1606399
	Aggregate  (cost=31525.68..31525.69 rows=1 width=8)
	  ->  Bitmap Heap Scan on sbtest7  (cost=197.61..31502.95 rows=9090 width=4)
	        Recheck Cond: ((id >= 1596400) AND (id <= 1606399))
	        ->  Bitmap Index Scan on sbtest7_pkey  (cost=0.00..195.34 rows=9090 width=0)
	              Index Cond: ((id >= 1596400) AND (id <= 1606399))

table 8 : explain SELECT SUM(k) FROM sbtest8 WHERE id BETWEEN 5478667 AND 5488666
	Aggregate  (cost=34326.35..34326.36 rows=1 width=8)
	  ->  Bitmap Heap Scan on sbtest8  (cost=218.60..34301.44 rows=9967 width=4)
	        Recheck Cond: ((id >= 5478667) AND (id <= 5488666))
	        ->  Bitmap Index Scan on sbtest8_pkey  (cost=0.00..216.11 rows=9967 width=0)
	              Index Cond: ((id >= 5478667) AND (id <= 5488666))

for: sum_ranges
table 1 : explain SELECT SUM(k) FROM sbtest1 WHERE id BETWEEN 6525365 AND 6535364
	Aggregate  (cost=32573.25..32573.26 rows=1 width=8)
	  ->  Bitmap Heap Scan on sbtest1  (cost=201.18..32549.65 rows=9439 width=4)
	        Recheck Cond: ((id >= 6525365) AND (id <= 6535364))
	        ->  Bitmap Index Scan on sbtest1_pkey  (cost=0.00..198.82 rows=9439 width=0)
	              Index Cond: ((id >= 6525365) AND (id <= 6535364))

table 2 : explain SELECT SUM(k) FROM sbtest2 WHERE id BETWEEN 4837012 AND 4847011
	Aggregate  (cost=35426.74..35426.75 rows=1 width=8)
	  ->  Bitmap Heap Scan on sbtest2  (cost=222.54..35400.86 rows=10352 width=4)
	        Recheck Cond: ((id >= 4837012) AND (id <= 4847011))
	        ->  Bitmap Index Scan on sbtest2_pkey  (cost=0.00..219.95 rows=10352 width=0)
	              Index Cond: ((id >= 4837012) AND (id <= 4847011))

table 3 : explain SELECT SUM(k) FROM sbtest3 WHERE id BETWEEN 2674823 AND 2684822
	Aggregate  (cost=34272.35..34272.36 rows=1 width=8)
	  ->  Bitmap Heap Scan on sbtest3  (cost=214.69..34247.41 rows=9976 width=4)
	        Recheck Cond: ((id >= 2674823) AND (id <= 2684822))
	        ->  Bitmap Index Scan on sbtest3_pkey  (cost=0.00..212.19 rows=9976 width=0)
	              Index Cond: ((id >= 2674823) AND (id <= 2684822))

table 4 : explain SELECT SUM(k) FROM sbtest4 WHERE id BETWEEN 3358386 AND 3368385
	Aggregate  (cost=31430.41..31430.42 rows=1 width=8)
	  ->  Bitmap Heap Scan on sbtest4  (cost=193.38..31407.74 rows=9068 width=4)
	        Recheck Cond: ((id >= 3358386) AND (id <= 3368385))
	        ->  Bitmap Index Scan on sbtest4_pkey  (cost=0.00..191.12 rows=9068 width=0)
	              Index Cond: ((id >= 3358386) AND (id <= 3368385))

table 5 : explain SELECT SUM(k) FROM sbtest5 WHERE id BETWEEN 9184470 AND 9194469
	Aggregate  (cost=32077.04..32077.05 rows=1 width=8)
	  ->  Bitmap Heap Scan on sbtest5  (cost=199.46..32053.86 rows=9271 width=4)
	        Recheck Cond: ((id >= 9184470) AND (id <= 9194469))
	        ->  Bitmap Index Scan on sbtest5_pkey  (cost=0.00..197.15 rows=9271 width=0)
	              Index Cond: ((id >= 9184470) AND (id <= 9194469))

table 6 : explain SELECT SUM(k) FROM sbtest6 WHERE id BETWEEN 7034025 AND 7044024
	Aggregate  (cost=35148.12..35148.13 rows=1 width=8)
	  ->  Bitmap Heap Scan on sbtest6  (cost=221.40..35122.52 rows=10240 width=4)
	        Recheck Cond: ((id >= 7034025) AND (id <= 7044024))
	        ->  Bitmap Index Scan on sbtest6_pkey  (cost=0.00..218.84 rows=10240 width=0)
	              Index Cond: ((id >= 7034025) AND (id <= 7044024))

table 7 : explain SELECT SUM(k) FROM sbtest7 WHERE id BETWEEN 9516040 AND 9526039
	Aggregate  (cost=33426.86..33426.87 rows=1 width=8)
	  ->  Bitmap Heap Scan on sbtest7  (cost=207.80..33402.63 rows=9694 width=4)
	        Recheck Cond: ((id >= 9516040) AND (id <= 9526039))
	        ->  Bitmap Index Scan on sbtest7_pkey  (cost=0.00..205.38 rows=9694 width=0)
	              Index Cond: ((id >= 9516040) AND (id <= 9526039))

table 8 : explain SELECT SUM(k) FROM sbtest8 WHERE id BETWEEN 3096940 AND 3106939
	Aggregate  (cost=36043.67..36043.68 rows=1 width=8)
	  ->  Bitmap Heap Scan on sbtest8  (cost=228.25..36017.38 rows=10519 width=4)
	        Recheck Cond: ((id >= 3096940) AND (id <= 3106939))
	        ->  Bitmap Index Scan on sbtest8_pkey  (cost=0.00..225.62 rows=10519 width=0)
	              Index Cond: ((id >= 3096940) AND (id <= 3106939))

for: sum_ranges
table 1 : explain SELECT SUM(k) FROM sbtest1 WHERE id BETWEEN 2685702 AND 2695701
	Aggregate  (cost=34725.47..34725.48 rows=1 width=8)
	  ->  Bitmap Heap Scan on sbtest1  (cost=216.25..34700.15 rows=10128 width=4)
	        Recheck Cond: ((id >= 2685702) AND (id <= 2695701))
	        ->  Bitmap Index Scan on sbtest1_pkey  (cost=0.00..213.72 rows=10128 width=0)
	              Index Cond: ((id >= 2685702) AND (id <= 2695701))

table 2 : explain SELECT SUM(k) FROM sbtest2 WHERE id BETWEEN 2831004 AND 2841003
	Aggregate  (cost=32754.77..32754.78 rows=1 width=8)
	  ->  Bitmap Heap Scan on sbtest2  (cost=205.75..32731.04 rows=9494 width=4)
	        Recheck Cond: ((id >= 2831004) AND (id <= 2841003))
	        ->  Bitmap Index Scan on sbtest2_pkey  (cost=0.00..203.38 rows=9494 width=0)
	              Index Cond: ((id >= 2831004) AND (id <= 2841003))

table 3 : explain SELECT SUM(k) FROM sbtest3 WHERE id BETWEEN 6340536 AND 6350535
	Aggregate  (cost=34535.36..34535.37 rows=1 width=8)
	  ->  Bitmap Heap Scan on sbtest3  (cost=215.56..34510.21 rows=10061 width=4)
	        Recheck Cond: ((id >= 6340536) AND (id <= 6350535))
	        ->  Bitmap Index Scan on sbtest3_pkey  (cost=0.00..213.05 rows=10061 width=0)
	              Index Cond: ((id >= 6340536) AND (id <= 6350535))

table 4 : explain SELECT SUM(k) FROM sbtest4 WHERE id BETWEEN 142695 AND 152694
	Aggregate  (cost=35079.50..35079.51 rows=1 width=8)
	  ->  Bitmap Heap Scan on sbtest4  (cost=221.31..35053.92 rows=10232 width=4)
	        Recheck Cond: ((id >= 142695) AND (id <= 152694))
	        ->  Bitmap Index Scan on sbtest4_pkey  (cost=0.00..218.75 rows=10232 width=0)
	              Index Cond: ((id >= 142695) AND (id <= 152694))

table 5 : explain SELECT SUM(k) FROM sbtest5 WHERE id BETWEEN 8233561 AND 8243560
	Aggregate  (cost=35457.94..35457.95 rows=1 width=8)
	  ->  Bitmap Heap Scan on sbtest5  (cost=222.55..35432.05 rows=10353 width=4)
	        Recheck Cond: ((id >= 8233561) AND (id <= 8243560))
	        ->  Bitmap Index Scan on sbtest5_pkey  (cost=0.00..219.97 rows=10353 width=0)
	              Index Cond: ((id >= 8233561) AND (id <= 8243560))

table 6 : explain SELECT SUM(k) FROM sbtest6 WHERE id BETWEEN 2790056 AND 2800055
	Aggregate  (cost=32364.42..32364.43 rows=1 width=8)
	  ->  Bitmap Heap Scan on sbtest6  (cost=200.29..32341.04 rows=9352 width=4)
	        Recheck Cond: ((id >= 2790056) AND (id <= 2800055))
	        ->  Bitmap Index Scan on sbtest6_pkey  (cost=0.00..197.95 rows=9352 width=0)
	              Index Cond: ((id >= 2790056) AND (id <= 2800055))

table 7 : explain SELECT SUM(k) FROM sbtest7 WHERE id BETWEEN 2520707 AND 2530706
	Aggregate  (cost=35532.00..35532.01 rows=1 width=8)
	  ->  Bitmap Heap Scan on sbtest7  (cost=222.72..35506.07 rows=10369 width=4)
	        Recheck Cond: ((id >= 2520707) AND (id <= 2530706))
	        ->  Bitmap Index Scan on sbtest7_pkey  (cost=0.00..220.12 rows=10369 width=0)
	              Index Cond: ((id >= 2520707) AND (id <= 2530706))

table 8 : explain SELECT SUM(k) FROM sbtest8 WHERE id BETWEEN 8203258 AND 8213257
	Aggregate  (cost=35023.98..35023.99 rows=1 width=8)
	  ->  Bitmap Heap Scan on sbtest8  (cost=220.89..34998.51 rows=10191 width=4)
	        Recheck Cond: ((id >= 8203258) AND (id <= 8213257))
	        ->  Bitmap Index Scan on sbtest8_pkey  (cost=0.00..218.34 rows=10191 width=0)
	              Index Cond: ((id >= 8203258) AND (id <= 8213257))

for: sum_ranges
table 1 : explain SELECT SUM(k) FROM sbtest1 WHERE id BETWEEN 1820635 AND 1830634
	Aggregate  (cost=31764.67..31764.68 rows=1 width=8)
	  ->  Bitmap Heap Scan on sbtest1  (cost=198.54..31741.72 rows=9181 width=4)
	        Recheck Cond: ((id >= 1820635) AND (id <= 1830634))
	        ->  Bitmap Index Scan on sbtest1_pkey  (cost=0.00..196.25 rows=9181 width=0)
	              Index Cond: ((id >= 1820635) AND (id <= 1830634))

table 2 : explain SELECT SUM(k) FROM sbtest2 WHERE id BETWEEN 7497292 AND 7507291
	Aggregate  (cost=31855.21..31855.22 rows=1 width=8)
	  ->  Bitmap Heap Scan on sbtest2  (cost=198.82..31832.19 rows=9208 width=4)
	        Recheck Cond: ((id >= 7497292) AND (id <= 7507291))
	        ->  Bitmap Index Scan on sbtest2_pkey  (cost=0.00..196.51 rows=9208 width=0)
	              Index Cond: ((id >= 7497292) AND (id <= 7507291))

table 3 : explain SELECT SUM(k) FROM sbtest3 WHERE id BETWEEN 7027993 AND 7037992
	Aggregate  (cost=34718.02..34718.03 rows=1 width=8)
	  ->  Bitmap Heap Scan on sbtest3  (cost=216.16..34692.72 rows=10120 width=4)
	        Recheck Cond: ((id >= 7027993) AND (id <= 7037992))
	        ->  Bitmap Index Scan on sbtest3_pkey  (cost=0.00..213.63 rows=10120 width=0)
	              Index Cond: ((id >= 7027993) AND (id <= 7037992))

table 4 : explain SELECT SUM(k) FROM sbtest4 WHERE id BETWEEN 195295 AND 205294
	Aggregate  (cost=35092.29..35092.30 rows=1 width=8)
	  ->  Bitmap Heap Scan on sbtest4  (cost=221.35..35066.70 rows=10236 width=4)
	        Recheck Cond: ((id >= 195295) AND (id <= 205294))
	        ->  Bitmap Index Scan on sbtest4_pkey  (cost=0.00..218.80 rows=10236 width=0)
	              Index Cond: ((id >= 195295) AND (id <= 205294))

table 5 : explain SELECT SUM(k) FROM sbtest5 WHERE id BETWEEN 6987888 AND 6997887
	Aggregate  (cost=32167.74..32167.75 rows=1 width=8)
	  ->  Bitmap Heap Scan on sbtest5  (cost=199.76..32144.49 rows=9300 width=4)
	        Recheck Cond: ((id >= 6987888) AND (id <= 6997887))
	        ->  Bitmap Index Scan on sbtest5_pkey  (cost=0.00..197.44 rows=9300 width=0)
	              Index Cond: ((id >= 6987888) AND (id <= 6997887))

table 6 : explain SELECT SUM(k) FROM sbtest6 WHERE id BETWEEN 7469443 AND 7479442
	Aggregate  (cost=35644.41..35644.42 rows=1 width=8)
	  ->  Bitmap Heap Scan on sbtest6  (cost=223.03..35618.41 rows=10400 width=4)
	        Recheck Cond: ((id >= 7469443) AND (id <= 7479442))
	        ->  Bitmap Index Scan on sbtest6_pkey  (cost=0.00..220.44 rows=10400 width=0)
	              Index Cond: ((id >= 7469443) AND (id <= 7479442))

table 7 : explain SELECT SUM(k) FROM sbtest7 WHERE id BETWEEN 4359721 AND 4369720
	Aggregate  (cost=31209.46..31209.47 rows=1 width=8)
	  ->  Bitmap Heap Scan on sbtest7  (cost=192.59..31186.98 rows=8991 width=4)
	        Recheck Cond: ((id >= 4359721) AND (id <= 4369720))
	        ->  Bitmap Index Scan on sbtest7_pkey  (cost=0.00..190.34 rows=8991 width=0)
	              Index Cond: ((id >= 4359721) AND (id <= 4369720))

table 8 : explain SELECT SUM(k) FROM sbtest8 WHERE id BETWEEN 8242559 AND 8252558
	Aggregate  (cost=35023.98..35023.99 rows=1 width=8)
	  ->  Bitmap Heap Scan on sbtest8  (cost=220.89..34998.51 rows=10191 width=4)
	        Recheck Cond: ((id >= 8242559) AND (id <= 8252558))
	        ->  Bitmap Index Scan on sbtest8_pkey  (cost=0.00..218.34 rows=10191 width=0)
	              Index Cond: ((id >= 8242559) AND (id <= 8252558))

for: sum_ranges
table 1 : explain SELECT SUM(k) FROM sbtest1 WHERE id BETWEEN 288168 AND 298167
	Aggregate  (cost=34382.74..34382.75 rows=1 width=8)
	  ->  Bitmap Heap Scan on sbtest1  (cost=215.11..34357.70 rows=10017 width=4)
	        Recheck Cond: ((id >= 288168) AND (id <= 298167))
	        ->  Bitmap Index Scan on sbtest1_pkey  (cost=0.00..212.61 rows=10017 width=0)
	              Index Cond: ((id >= 288168) AND (id <= 298167))

table 2 : explain SELECT SUM(k) FROM sbtest2 WHERE id BETWEEN 4883379 AND 4893378
	Aggregate  (cost=35426.74..35426.75 rows=1 width=8)
	  ->  Bitmap Heap Scan on sbtest2  (cost=222.54..35400.86 rows=10352 width=4)
	        Recheck Cond: ((id >= 4883379) AND (id <= 4893378))
	        ->  Bitmap Index Scan on sbtest2_pkey  (cost=0.00..219.95 rows=10352 width=0)
	              Index Cond: ((id >= 4883379) AND (id <= 4893378))

table 3 : explain SELECT SUM(k) FROM sbtest3 WHERE id BETWEEN 4715769 AND 4725768
	Aggregate  (cost=32703.79..32703.80 rows=1 width=8)
	  ->  Bitmap Heap Scan on sbtest3  (cost=205.54..32680.10 rows=9474 width=4)
	        Recheck Cond: ((id >= 4715769) AND (id <= 4725768))
	        ->  Bitmap Index Scan on sbtest3_pkey  (cost=0.00..203.18 rows=9474 width=0)
	              Index Cond: ((id >= 4715769) AND (id <= 4725768))

table 4 : explain SELECT SUM(k) FROM sbtest4 WHERE id BETWEEN 1517402 AND 1527401
	Aggregate  (cost=32128.44..32128.45 rows=1 width=8)
	  ->  Bitmap Heap Scan on sbtest4  (cost=199.65..32105.22 rows=9289 width=4)
	        Recheck Cond: ((id >= 1517402) AND (id <= 1527401))
	        ->  Bitmap Index Scan on sbtest4_pkey  (cost=0.00..197.32 rows=9289 width=0)
	              Index Cond: ((id >= 1517402) AND (id <= 1527401))

table 5 : explain SELECT SUM(k) FROM sbtest5 WHERE id BETWEEN 60465 AND 70464
	Aggregate  (cost=32523.71..32523.72 rows=1 width=8)
	  ->  Bitmap Heap Scan on sbtest5  (cost=200.92..32500.18 rows=9413 width=4)
	        Recheck Cond: ((id >= 60465) AND (id <= 70464))
	        ->  Bitmap Index Scan on sbtest5_pkey  (cost=0.00..198.56 rows=9413 width=0)
	              Index Cond: ((id >= 60465) AND (id <= 70464))

table 6 : explain SELECT SUM(k) FROM sbtest6 WHERE id BETWEEN 3046323 AND 3056322
	Aggregate  (cost=35478.04..35478.05 rows=1 width=8)
	  ->  Bitmap Heap Scan on sbtest6  (cost=222.49..35452.17 rows=10347 width=4)
	        Recheck Cond: ((id >= 3046323) AND (id <= 3056322))
	        ->  Bitmap Index Scan on sbtest6_pkey  (cost=0.00..219.91 rows=10347 width=0)
	              Index Cond: ((id >= 3046323) AND (id <= 3056322))

table 7 : explain SELECT SUM(k) FROM sbtest7 WHERE id BETWEEN 2934258 AND 2944257
	Aggregate  (cost=34585.99..34586.00 rows=1 width=8)
	  ->  Bitmap Heap Scan on sbtest7  (cost=215.60..34560.82 rows=10065 width=4)
	        Recheck Cond: ((id >= 2934258) AND (id <= 2944257))
	        ->  Bitmap Index Scan on sbtest7_pkey  (cost=0.00..213.09 rows=10065 width=0)
	              Index Cond: ((id >= 2934258) AND (id <= 2944257))

table 8 : explain SELECT SUM(k) FROM sbtest8 WHERE id BETWEEN 4998883 AND 5008882
	Aggregate  (cost=35171.61..35171.62 rows=1 width=8)
	  ->  Bitmap Heap Scan on sbtest8  (cost=221.37..35146.01 rows=10238 width=4)
	        Recheck Cond: ((id >= 4998883) AND (id <= 5008882))
	        ->  Bitmap Index Scan on sbtest8_pkey  (cost=0.00..218.81 rows=10238 width=0)
	              Index Cond: ((id >= 4998883) AND (id <= 5008882))

for: order_ranges
table 1 : explain SELECT c FROM sbtest1 WHERE id BETWEEN 5168340 AND 5178339 ORDER BY c
	Sort  (cost=35950.37..35976.14 rows=10309 width=121)
	  Sort Key: c
	  ->  Bitmap Heap Scan on sbtest1  (cost=222.10..35263.19 rows=10309 width=121)
	        Recheck Cond: ((id >= 5168340) AND (id <= 5178339))
	        ->  Bitmap Index Scan on sbtest1_pkey  (cost=0.00..219.53 rows=10309 width=0)
	              Index Cond: ((id >= 5168340) AND (id <= 5178339))

table 2 : explain SELECT c FROM sbtest2 WHERE id BETWEEN 7152729 AND 7162728 ORDER BY c
	Sort  (cost=35957.30..35983.08 rows=10310 width=121)
	  Sort Key: c
	  ->  Bitmap Heap Scan on sbtest2  (cost=222.11..35270.05 rows=10310 width=121)
	        Recheck Cond: ((id >= 7152729) AND (id <= 7162728))
	        ->  Bitmap Index Scan on sbtest2_pkey  (cost=0.00..219.54 rows=10310 width=0)
	              Index Cond: ((id >= 7152729) AND (id <= 7162728))

table 3 : explain SELECT c FROM sbtest3 WHERE id BETWEEN 4438967 AND 4448966 ORDER BY c
	Sort  (cost=36834.68..36861.14 rows=10582 width=121)
	  Sort Key: c
	  ->  Bitmap Heap Scan on sbtest3  (cost=228.90..36127.31 rows=10582 width=121)
	        Recheck Cond: ((id >= 4438967) AND (id <= 4448966))
	        ->  Bitmap Index Scan on sbtest3_pkey  (cost=0.00..226.25 rows=10582 width=0)
	              Index Cond: ((id >= 4438967) AND (id <= 4448966))

table 4 : explain SELECT c FROM sbtest4 WHERE id BETWEEN 5853078 AND 5863077 ORDER BY c
	Sort  (cost=36778.46..36804.86 rows=10561 width=121)
	  Sort Key: c
	  ->  Bitmap Heap Scan on sbtest4  (cost=228.69..36072.65 rows=10561 width=121)
	        Recheck Cond: ((id >= 5853078) AND (id <= 5863077))
	        ->  Bitmap Index Scan on sbtest4_pkey  (cost=0.00..226.05 rows=10561 width=0)
	              Index Cond: ((id >= 5853078) AND (id <= 5863077))

table 5 : explain SELECT c FROM sbtest5 WHERE id BETWEEN 2386887 AND 2396886 ORDER BY c
	Sort  (cost=37886.38..37913.66 rows=10912 width=121)
	  Sort Key: c
	  ->  Bitmap Heap Scan on sbtest5  (cost=232.28..37154.54 rows=10912 width=121)
	        Recheck Cond: ((id >= 2386887) AND (id <= 2396886))
	        ->  Bitmap Index Scan on sbtest5_pkey  (cost=0.00..229.56 rows=10912 width=0)
	              Index Cond: ((id >= 2386887) AND (id <= 2396886))

table 6 : explain SELECT c FROM sbtest6 WHERE id BETWEEN 6364465 AND 6374464 ORDER BY c
	Sort  (cost=36669.56..36695.84 rows=10512 width=121)
	  Sort Key: c
	  ->  Bitmap Heap Scan on sbtest6  (cost=228.18..35967.37 rows=10512 width=121)
	        Recheck Cond: ((id >= 6364465) AND (id <= 6374464))
	        ->  Bitmap Index Scan on sbtest6_pkey  (cost=0.00..225.56 rows=10512 width=0)
	              Index Cond: ((id >= 6364465) AND (id <= 6374464))

table 7 : explain SELECT c FROM sbtest7 WHERE id BETWEEN 7552854 AND 7562853 ORDER BY c
	Sort  (cost=32979.65..33003.05 rows=9363 width=121)
	  Sort Key: c
	  ->  Bitmap Heap Scan on sbtest7  (cost=200.41..32362.03 rows=9363 width=121)
	        Recheck Cond: ((id >= 7552854) AND (id <= 7562853))
	        ->  Bitmap Index Scan on sbtest7_pkey  (cost=0.00..198.06 rows=9363 width=0)
	              Index Cond: ((id >= 7552854) AND (id <= 7562853))

table 8 : explain SELECT c FROM sbtest8 WHERE id BETWEEN 6720177 AND 6730176 ORDER BY c
	Sort  (cost=35847.72..35873.33 rows=10245 width=121)
	  Sort Key: c
	  ->  Bitmap Heap Scan on sbtest8  (cost=221.45..35165.27 rows=10245 width=121)
	        Recheck Cond: ((id >= 6720177) AND (id <= 6730176))
	        ->  Bitmap Index Scan on sbtest8_pkey  (cost=0.00..218.88 rows=10245 width=0)
	              Index Cond: ((id >= 6720177) AND (id <= 6730176))

for: sum_ranges
table 1 : explain SELECT SUM(k) FROM sbtest1 WHERE id BETWEEN 1840324 AND 1850323
	Aggregate  (cost=31764.67..31764.68 rows=1 width=8)
	  ->  Bitmap Heap Scan on sbtest1  (cost=198.54..31741.72 rows=9181 width=4)
	        Recheck Cond: ((id >= 1840324) AND (id <= 1850323))
	        ->  Bitmap Index Scan on sbtest1_pkey  (cost=0.00..196.25 rows=9181 width=0)
	              Index Cond: ((id >= 1840324) AND (id <= 1850323))

table 2 : explain SELECT SUM(k) FROM sbtest2 WHERE id BETWEEN 652053 AND 662052
	Aggregate  (cost=33331.75..33331.76 rows=1 width=8)
	  ->  Bitmap Heap Scan on sbtest2  (cost=207.64..33307.55 rows=9679 width=4)
	        Recheck Cond: ((id >= 652053) AND (id <= 662052))
	        ->  Bitmap Index Scan on sbtest2_pkey  (cost=0.00..205.23 rows=9679 width=0)
	              Index Cond: ((id >= 652053) AND (id <= 662052))

table 3 : explain SELECT SUM(k) FROM sbtest3 WHERE id BETWEEN 1029601 AND 1039600
	Aggregate  (cost=29934.23..29934.24 rows=1 width=8)
	  ->  Bitmap Heap Scan on sbtest3  (cost=184.57..29912.73 rows=8599 width=4)
	        Recheck Cond: ((id >= 1029601) AND (id <= 1039600))
	        ->  Bitmap Index Scan on sbtest3_pkey  (cost=0.00..182.43 rows=8599 width=0)
	              Index Cond: ((id >= 1029601) AND (id <= 1039600))

table 4 : explain SELECT SUM(k) FROM sbtest4 WHERE id BETWEEN 7228409 AND 7238408
	Aggregate  (cost=33276.17..33276.18 rows=1 width=8)
	  ->  Bitmap Heap Scan on sbtest4  (cost=207.39..33252.04 rows=9654 width=4)
	        Recheck Cond: ((id >= 7228409) AND (id <= 7238408))
	        ->  Bitmap Index Scan on sbtest4_pkey  (cost=0.00..204.98 rows=9654 width=0)
	              Index Cond: ((id >= 7228409) AND (id <= 7238408))

table 5 : explain SELECT SUM(k) FROM sbtest5 WHERE id BETWEEN 5422683 AND 5432682
	Aggregate  (cost=34958.86..34958.87 rows=1 width=8)
	  ->  Bitmap Heap Scan on sbtest5  (cost=220.89..34933.38 rows=10191 width=4)
	        Recheck Cond: ((id >= 5422683) AND (id <= 5432682))
	        ->  Bitmap Index Scan on sbtest5_pkey  (cost=0.00..218.34 rows=10191 width=0)
	              Index Cond: ((id >= 5422683) AND (id <= 5432682))

table 6 : explain SELECT SUM(k) FROM sbtest6 WHERE id BETWEEN 8190779 AND 8200778
	Aggregate  (cost=34238.63..34238.64 rows=1 width=8)
	  ->  Bitmap Heap Scan on sbtest6  (cost=214.40..34213.76 rows=9948 width=4)
	        Recheck Cond: ((id >= 8190779) AND (id <= 8200778))
	        ->  Bitmap Index Scan on sbtest6_pkey  (cost=0.00..211.92 rows=9948 width=0)
	              Index Cond: ((id >= 8190779) AND (id <= 8200778))

table 7 : explain SELECT SUM(k) FROM sbtest7 WHERE id BETWEEN 9736027 AND 9746026
	Aggregate  (cost=31316.83..31316.84 rows=1 width=8)
	  ->  Bitmap Heap Scan on sbtest7  (cost=192.94..31294.27 rows=9025 width=4)
	        Recheck Cond: ((id >= 9736027) AND (id <= 9746026))
	        ->  Bitmap Index Scan on sbtest7_pkey  (cost=0.00..190.69 rows=9025 width=0)
	              Index Cond: ((id >= 9736027) AND (id <= 9746026))

table 8 : explain SELECT SUM(k) FROM sbtest8 WHERE id BETWEEN 5562830 AND 5572829
	Aggregate  (cost=32187.75..32187.76 rows=1 width=8)
	  ->  Bitmap Heap Scan on sbtest8  (cost=203.63..32164.53 rows=9287 width=4)
	        Recheck Cond: ((id >= 5562830) AND (id <= 5572829))
	        ->  Bitmap Index Scan on sbtest8_pkey  (cost=0.00..201.31 rows=9287 width=0)
	              Index Cond: ((id >= 5562830) AND (id <= 5572829))

for: distinct_ranges
table 1 : explain SELECT DISTINCT c FROM sbtest1 WHERE id BETWEEN 7123789 AND 7133788 ORDER BY c
	Unique  (cost=32080.17..32125.66 rows=9099 width=121)
	  ->  Sort  (cost=32080.17..32102.91 rows=9099 width=121)
	        Sort Key: c
	        ->  Bitmap Heap Scan on sbtest1  (cost=193.70..31481.84 rows=9099 width=121)
	              Recheck Cond: ((id >= 7123789) AND (id <= 7133788))
	              ->  Bitmap Index Scan on sbtest1_pkey  (cost=0.00..191.43 rows=9099 width=0)
	                    Index Cond: ((id >= 7123789) AND (id <= 7133788))

table 2 : explain SELECT DISTINCT c FROM sbtest2 WHERE id BETWEEN 1742432 AND 1752431 ORDER BY c
	Unique  (cost=34672.42..34721.94 rows=9905 width=121)
	  ->  Sort  (cost=34672.42..34697.18 rows=9905 width=121)
	        Sort Key: c
	        ->  Bitmap Heap Scan on sbtest2  (cost=213.96..34015.03 rows=9905 width=121)
	              Recheck Cond: ((id >= 1742432) AND (id <= 1752431))
	              ->  Bitmap Index Scan on sbtest2_pkey  (cost=0.00..211.49 rows=9905 width=0)
	                    Index Cond: ((id >= 1742432) AND (id <= 1752431))

table 3 : explain SELECT DISTINCT c FROM sbtest3 WHERE id BETWEEN 1651678 AND 1661677 ORDER BY c
	Unique  (cost=32875.48..32922.18 rows=9341 width=121)
	  ->  Sort  (cost=32875.48..32898.83 rows=9341 width=121)
	        Sort Key: c
	        ->  Bitmap Heap Scan on sbtest3  (cost=200.18..32259.47 rows=9341 width=121)
	              Recheck Cond: ((id >= 1651678) AND (id <= 1661677))
	              ->  Bitmap Index Scan on sbtest3_pkey  (cost=0.00..197.84 rows=9341 width=0)
	                    Index Cond: ((id >= 1651678) AND (id <= 1661677))

table 4 : explain SELECT DISTINCT c FROM sbtest4 WHERE id BETWEEN 6956780 AND 6966779 ORDER BY c
	Unique  (cost=35184.09..35234.39 rows=10059 width=121)
	  ->  Sort  (cost=35184.09..35209.24 rows=10059 width=121)
	        Sort Key: c
	        ->  Bitmap Heap Scan on sbtest4  (cost=215.54..34515.36 rows=10059 width=121)
	              Recheck Cond: ((id >= 6956780) AND (id <= 6966779))
	              ->  Bitmap Index Scan on sbtest4_pkey  (cost=0.00..213.03 rows=10059 width=0)
	                    Index Cond: ((id >= 6956780) AND (id <= 6966779))

table 5 : explain SELECT DISTINCT c FROM sbtest5 WHERE id BETWEEN 5819761 AND 5829760 ORDER BY c
	Unique  (cost=37994.30..38049.02 rows=10945 width=121)
	  ->  Sort  (cost=37994.30..38021.66 rows=10945 width=121)
	        Sort Key: c
	        ->  Bitmap Heap Scan on sbtest5  (cost=236.62..37260.00 rows=10945 width=121)
	              Recheck Cond: ((id >= 5819761) AND (id <= 5829760))
	              ->  Bitmap Index Scan on sbtest5_pkey  (cost=0.00..233.88 rows=10945 width=0)
	                    Index Cond: ((id >= 5819761) AND (id <= 5829760))

table 6 : explain SELECT DISTINCT c FROM sbtest6 WHERE id BETWEEN 295549 AND 305548 ORDER BY c
	Unique  (cost=35847.18..35898.44 rows=10253 width=121)
	  ->  Sort  (cost=35847.18..35872.81 rows=10253 width=121)
	        Sort Key: c
	        ->  Bitmap Heap Scan on sbtest6  (cost=221.53..35164.14 rows=10253 width=121)
	              Recheck Cond: ((id >= 295549) AND (id <= 305548))
	              ->  Bitmap Index Scan on sbtest6_pkey  (cost=0.00..218.97 rows=10253 width=0)
	                    Index Cond: ((id >= 295549) AND (id <= 305548))

table 7 : explain SELECT DISTINCT c FROM sbtest7 WHERE id BETWEEN 7852357 AND 7862356 ORDER BY c
	Unique  (cost=35548.30..35599.13 rows=10165 width=121)
	  ->  Sort  (cost=35548.30..35573.72 rows=10165 width=121)
	        Sort Key: c
	        ->  Bitmap Heap Scan on sbtest7  (cost=216.63..34871.76 rows=10165 width=121)
	              Recheck Cond: ((id >= 7852357) AND (id <= 7862356))
	              ->  Bitmap Index Scan on sbtest7_pkey  (cost=0.00..214.09 rows=10165 width=0)
	                    Index Cond: ((id >= 7852357) AND (id <= 7862356))

table 8 : explain SELECT DISTINCT c FROM sbtest8 WHERE id BETWEEN 8136878 AND 8146877 ORDER BY c
	Unique  (cost=36520.45..36572.73 rows=10456 width=121)
	  ->  Sort  (cost=36520.45..36546.59 rows=10456 width=121)
	        Sort Key: c
	        ->  Bitmap Heap Scan on sbtest8  (cost=227.61..35822.41 rows=10456 width=121)
	              Recheck Cond: ((id >= 8136878) AND (id <= 8146877))
	              ->  Bitmap Index Scan on sbtest8_pkey  (cost=0.00..225.00 rows=10456 width=0)
	                    Index Cond: ((id >= 8136878) AND (id <= 8146877))

for: order_ranges
table 1 : explain SELECT c FROM sbtest1 WHERE id BETWEEN 8360544 AND 8370543 ORDER BY c
	Sort  (cost=34678.90..34703.67 rows=9909 width=121)
	  Sort Key: c
	  ->  Bitmap Heap Scan on sbtest1  (cost=214.00..34021.21 rows=9909 width=121)
	        Recheck Cond: ((id >= 8360544) AND (id <= 8370543))
	        ->  Bitmap Index Scan on sbtest1_pkey  (cost=0.00..211.53 rows=9909 width=0)
	              Index Cond: ((id >= 8360544) AND (id <= 8370543))

table 2 : explain SELECT c FROM sbtest2 WHERE id BETWEEN 7617264 AND 7627263 ORDER BY c
	Sort  (cost=34537.79..34562.45 rows=9863 width=121)
	  Sort Key: c
	  ->  Bitmap Heap Scan on sbtest2  (cost=213.53..33883.49 rows=9863 width=121)
	        Recheck Cond: ((id >= 7617264) AND (id <= 7627263))
	        ->  Bitmap Index Scan on sbtest2_pkey  (cost=0.00..211.06 rows=9863 width=0)
	              Index Cond: ((id >= 7617264) AND (id <= 7627263))

table 3 : explain SELECT c FROM sbtest3 WHERE id BETWEEN 9229755 AND 9239754 ORDER BY c
	Sort  (cost=34242.09..34266.51 rows=9767 width=121)
	  Sort Key: c
	  ->  Bitmap Heap Scan on sbtest3  (cost=208.55..33594.84 rows=9767 width=121)
	        Recheck Cond: ((id >= 9229755) AND (id <= 9239754))
	        ->  Bitmap Index Scan on sbtest3_pkey  (cost=0.00..206.11 rows=9767 width=0)
	              Index Cond: ((id >= 9229755) AND (id <= 9239754))

table 4 : explain SELECT c FROM sbtest4 WHERE id BETWEEN 1656118 AND 1666117 ORDER BY c
	Sort  (cost=36604.81..36631.08 rows=10507 width=121)
	  Sort Key: c
	  ->  Bitmap Heap Scan on sbtest4  (cost=224.13..35902.99 rows=10507 width=121)
	        Recheck Cond: ((id >= 1656118) AND (id <= 1666117))
	        ->  Bitmap Index Scan on sbtest4_pkey  (cost=0.00..221.50 rows=10507 width=0)
	              Index Cond: ((id >= 1656118) AND (id <= 1666117))

table 5 : explain SELECT c FROM sbtest5 WHERE id BETWEEN 1264038 AND 1274037 ORDER BY c
	Sort  (cost=37408.46..37435.36 rows=10760 width=121)
	  Sort Key: c
	  ->  Bitmap Heap Scan on sbtest5  (cost=230.73..36687.90 rows=10760 width=121)
	        Recheck Cond: ((id >= 1264038) AND (id <= 1274037))
	        ->  Bitmap Index Scan on sbtest5_pkey  (cost=0.00..228.04 rows=10760 width=0)
	              Index Cond: ((id >= 1264038) AND (id <= 1274037))

table 6 : explain SELECT c FROM sbtest6 WHERE id BETWEEN 1212033 AND 1222032 ORDER BY c
	Sort  (cost=33441.87..33465.62 rows=9501 width=121)
	  Sort Key: c
	  ->  Bitmap Heap Scan on sbtest6  (cost=205.82..32814.14 rows=9501 width=121)
	        Recheck Cond: ((id >= 1212033) AND (id <= 1222032))
	        ->  Bitmap Index Scan on sbtest6_pkey  (cost=0.00..203.44 rows=9501 width=0)
	              Index Cond: ((id >= 1212033) AND (id <= 1222032))

table 7 : explain SELECT c FROM sbtest7 WHERE id BETWEEN 1140841 AND 1150840 ORDER BY c
	Sort  (cost=34861.94..34886.81 rows=9949 width=121)
	  Sort Key: c
	  ->  Bitmap Heap Scan on sbtest7  (cost=214.41..34201.31 rows=9949 width=121)
	        Recheck Cond: ((id >= 1140841) AND (id <= 1150840))
	        ->  Bitmap Index Scan on sbtest7_pkey  (cost=0.00..211.93 rows=9949 width=0)
	              Index Cond: ((id >= 1140841) AND (id <= 1150840))

table 8 : explain SELECT c FROM sbtest8 WHERE id BETWEEN 6166967 AND 6176966 ORDER BY c
	Sort  (cost=36556.42..36582.59 rows=10467 width=121)
	  Sort Key: c
	  ->  Bitmap Heap Scan on sbtest8  (cost=227.72..35857.57 rows=10467 width=121)
	        Recheck Cond: ((id >= 6166967) AND (id <= 6176966))
	        ->  Bitmap Index Scan on sbtest8_pkey  (cost=0.00..225.11 rows=10467 width=0)
	              Index Cond: ((id >= 6166967) AND (id <= 6176966))

for: order_ranges
table 1 : explain SELECT c FROM sbtest1 WHERE id BETWEEN 9543152 AND 9553151 ORDER BY c
	Sort  (cost=36342.15..36368.23 rows=10433 width=121)
	  Sort Key: c
	  ->  Bitmap Heap Scan on sbtest1  (cost=223.37..35645.80 rows=10433 width=121)
	        Recheck Cond: ((id >= 9543152) AND (id <= 9553151))
	        ->  Bitmap Index Scan on sbtest1_pkey  (cost=0.00..220.76 rows=10433 width=0)
	              Index Cond: ((id >= 9543152) AND (id <= 9553151))

table 2 : explain SELECT c FROM sbtest2 WHERE id BETWEEN 5537817 AND 5547816 ORDER BY c
	Sort  (cost=35276.01..35301.25 rows=10096 width=121)
	  Sort Key: c
	  ->  Bitmap Heap Scan on sbtest2  (cost=215.92..34604.55 rows=10096 width=121)
	        Recheck Cond: ((id >= 5537817) AND (id <= 5547816))
	        ->  Bitmap Index Scan on sbtest2_pkey  (cost=0.00..213.40 rows=10096 width=0)
	              Index Cond: ((id >= 5537817) AND (id <= 5547816))

table 3 : explain SELECT c FROM sbtest3 WHERE id BETWEEN 3255390 AND 3265389 ORDER BY c
	Sort  (cost=35811.90..35837.55 rows=10259 width=121)
	  Sort Key: c
	  ->  Bitmap Heap Scan on sbtest3  (cost=221.59..35128.42 rows=10259 width=121)
	        Recheck Cond: ((id >= 3255390) AND (id <= 3265389))
	        ->  Bitmap Index Scan on sbtest3_pkey  (cost=0.00..219.03 rows=10259 width=0)
	              Index Cond: ((id >= 3255390) AND (id <= 3265389))

table 4 : explain SELECT c FROM sbtest4 WHERE id BETWEEN 8097263 AND 8107262 ORDER BY c
	Sort  (cost=31205.71..31227.77 rows=8821 width=121)
	  Sort Key: c
	  ->  Bitmap Heap Scan on sbtest4  (cost=190.85..30627.64 rows=8821 width=121)
	        Recheck Cond: ((id >= 8097263) AND (id <= 8107262))
	        ->  Bitmap Index Scan on sbtest4_pkey  (cost=0.00..188.65 rows=8821 width=0)
	              Index Cond: ((id >= 8097263) AND (id <= 8107262))

table 5 : explain SELECT c FROM sbtest5 WHERE id BETWEEN 5403651 AND 5413650 ORDER BY c
	Sort  (cost=35611.85..35637.33 rows=10191 width=121)
	  Sort Key: c
	  ->  Bitmap Heap Scan on sbtest5  (cost=220.89..34933.38 rows=10191 width=121)
	        Recheck Cond: ((id >= 5403651) AND (id <= 5413650))
	        ->  Bitmap Index Scan on sbtest5_pkey  (cost=0.00..218.34 rows=10191 width=0)
	              Index Cond: ((id >= 5403651) AND (id <= 5413650))

table 6 : explain SELECT c FROM sbtest6 WHERE id BETWEEN 5669548 AND 5679547 ORDER BY c
	Sort  (cost=35351.70..35376.95 rows=10097 width=121)
	  Sort Key: c
	  ->  Bitmap Heap Scan on sbtest6  (cost=219.93..34680.17 rows=10097 width=121)
	        Recheck Cond: ((id >= 5669548) AND (id <= 5679547))
	        ->  Bitmap Index Scan on sbtest6_pkey  (cost=0.00..217.41 rows=10097 width=0)
	              Index Cond: ((id >= 5669548) AND (id <= 5679547))

table 7 : explain SELECT c FROM sbtest7 WHERE id BETWEEN 4924953 AND 4934952 ORDER BY c
	Sort  (cost=37908.36..37935.63 rows=10910 width=121)
	  Sort Key: c
	  ->  Bitmap Heap Scan on sbtest7  (cost=236.26..37176.66 rows=10910 width=121)
	        Recheck Cond: ((id >= 4924953) AND (id <= 4934952))
	        ->  Bitmap Index Scan on sbtest7_pkey  (cost=0.00..233.54 rows=10910 width=0)
	              Index Cond: ((id >= 4924953) AND (id <= 4934952))

table 8 : explain SELECT c FROM sbtest8 WHERE id BETWEEN 3460754 AND 3470753 ORDER BY c
	Sort  (cost=34530.91..34555.49 rows=9832 width=121)
	  Sort Key: c
	  ->  Bitmap Heap Scan on sbtest8  (cost=213.21..33878.89 rows=9832 width=121)
	        Recheck Cond: ((id >= 3460754) AND (id <= 3470753))
	        ->  Bitmap Index Scan on sbtest8_pkey  (cost=0.00..210.75 rows=9832 width=0)
	              Index Cond: ((id >= 3460754) AND (id <= 3470753))

for: order_ranges
table 1 : explain SELECT c FROM sbtest1 WHERE id BETWEEN 882888 AND 892887 ORDER BY c
	Sort  (cost=33043.95..33067.45 rows=9398 width=121)
	  Sort Key: c
	  ->  Bitmap Heap Scan on sbtest1  (cost=200.76..32423.77 rows=9398 width=121)
	        Recheck Cond: ((id >= 882888) AND (id <= 892887))
	        ->  Bitmap Index Scan on sbtest1_pkey  (cost=0.00..198.42 rows=9398 width=0)
	              Index Cond: ((id >= 882888) AND (id <= 892887))

table 2 : explain SELECT c FROM sbtest2 WHERE id BETWEEN 9704477 AND 9714476 ORDER BY c
	Sort  (cost=35046.51..35071.57 rows=10023 width=121)
	  Sort Key: c
	  ->  Bitmap Heap Scan on sbtest2  (cost=215.17..34380.43 rows=10023 width=121)
	        Recheck Cond: ((id >= 9704477) AND (id <= 9714476))
	        ->  Bitmap Index Scan on sbtest2_pkey  (cost=0.00..212.67 rows=10023 width=0)
	              Index Cond: ((id >= 9704477) AND (id <= 9714476))

table 3 : explain SELECT c FROM sbtest3 WHERE id BETWEEN 5313822 AND 5323821 ORDER BY c
	Sort  (cost=34864.02..34888.92 rows=9961 width=121)
	  Sort Key: c
	  ->  Bitmap Heap Scan on sbtest3  (cost=214.54..34202.50 rows=9961 width=121)
	        Recheck Cond: ((id >= 5313822) AND (id <= 5323821))
	        ->  Bitmap Index Scan on sbtest3_pkey  (cost=0.00..212.05 rows=9961 width=0)
	              Index Cond: ((id >= 5313822) AND (id <= 5323821))

table 4 : explain SELECT c FROM sbtest4 WHERE id BETWEEN 938075 AND 948074 ORDER BY c
	Sort  (cost=38044.84..38072.25 rows=10963 width=121)
	  Sort Key: c
	  ->  Bitmap Heap Scan on sbtest4  (cost=236.81..37309.21 rows=10963 width=121)
	        Recheck Cond: ((id >= 938075) AND (id <= 948074))
	        ->  Bitmap Index Scan on sbtest4_pkey  (cost=0.00..234.06 rows=10963 width=0)
	              Index Cond: ((id >= 938075) AND (id <= 948074))

table 5 : explain SELECT c FROM sbtest5 WHERE id BETWEEN 7084749 AND 7094748 ORDER BY c
	Sort  (cost=35079.93..35105.00 rows=10025 width=121)
	  Sort Key: c
	  ->  Bitmap Heap Scan on sbtest5  (cost=215.19..34413.71 rows=10025 width=121)
	        Recheck Cond: ((id >= 7084749) AND (id <= 7094748))
	        ->  Bitmap Index Scan on sbtest5_pkey  (cost=0.00..212.69 rows=10025 width=0)
	              Index Cond: ((id >= 7084749) AND (id <= 7094748))

table 6 : explain SELECT c FROM sbtest6 WHERE id BETWEEN 764225 AND 774224 ORDER BY c
	Sort  (cost=36538.83..36565.01 rows=10471 width=121)
	  Sort Key: c
	  ->  Bitmap Heap Scan on sbtest6  (cost=227.76..35839.68 rows=10471 width=121)
	        Recheck Cond: ((id >= 764225) AND (id <= 774224))
	        ->  Bitmap Index Scan on sbtest6_pkey  (cost=0.00..225.15 rows=10471 width=0)
	              Index Cond: ((id >= 764225) AND (id <= 774224))

table 7 : explain SELECT c FROM sbtest7 WHERE id BETWEEN 3361238 AND 3371237 ORDER BY c
	Sort  (cost=34374.11..34398.60 rows=9797 width=121)
	  Sort Key: c
	  ->  Bitmap Heap Scan on sbtest7  (cost=208.85..33724.66 rows=9797 width=121)
	        Recheck Cond: ((id >= 3361238) AND (id <= 3371237))
	        ->  Bitmap Index Scan on sbtest7_pkey  (cost=0.00..206.41 rows=9797 width=0)
	              Index Cond: ((id >= 3361238) AND (id <= 3371237))

table 8 : explain SELECT c FROM sbtest8 WHERE id BETWEEN 3191264 AND 3201263 ORDER BY c
	Sort  (cost=36120.74..36146.57 rows=10330 width=121)
	  Sort Key: c
	  ->  Bitmap Heap Scan on sbtest8  (cost=226.32..35432.01 rows=10330 width=121)
	        Recheck Cond: ((id >= 3191264) AND (id <= 3201263))
	        ->  Bitmap Index Scan on sbtest8_pkey  (cost=0.00..223.74 rows=10330 width=0)
	              Index Cond: ((id >= 3191264) AND (id <= 3201263))

for: distinct_ranges
table 1 : explain SELECT DISTINCT c FROM sbtest1 WHERE id BETWEEN 9714879 AND 9724878 ORDER BY c
	Unique  (cost=33219.01..33266.28 rows=9453 width=121)
	  ->  Sort  (cost=33219.01..33242.64 rows=9453 width=121)
	        Sort Key: c
	        ->  Bitmap Heap Scan on sbtest1  (cost=201.33..32594.80 rows=9453 width=121)
	              Recheck Cond: ((id >= 9714879) AND (id <= 9724878))
	              ->  Bitmap Index Scan on sbtest1_pkey  (cost=0.00..198.97 rows=9453 width=0)
	                    Index Cond: ((id >= 9714879) AND (id <= 9724878))

table 2 : explain SELECT DISTINCT c FROM sbtest2 WHERE id BETWEEN 1778445 AND 1788444 ORDER BY c
	Unique  (cost=32875.25..32921.97 rows=9344 width=121)
	  ->  Sort  (cost=32875.25..32898.61 rows=9344 width=121)
	        Sort Key: c
	        ->  Bitmap Heap Scan on sbtest2  (cost=200.21..32259.02 rows=9344 width=121)
	              Recheck Cond: ((id >= 1778445) AND (id <= 1788444))
	              ->  Bitmap Index Scan on sbtest2_pkey  (cost=0.00..197.88 rows=9344 width=0)
	                    Index Cond: ((id >= 1778445) AND (id <= 1788444))

table 3 : explain SELECT DISTINCT c FROM sbtest3 WHERE id BETWEEN 8561421 AND 8571420 ORDER BY c
	Unique  (cost=32046.45..32091.87 rows=9084 width=121)
	  ->  Sort  (cost=32046.45..32069.16 rows=9084 width=121)
	        Sort Key: c
	        ->  Bitmap Heap Scan on sbtest3  (cost=193.55..31449.22 rows=9084 width=121)
	              Recheck Cond: ((id >= 8561421) AND (id <= 8571420))
	              ->  Bitmap Index Scan on sbtest3_pkey  (cost=0.00..191.28 rows=9084 width=0)
	                    Index Cond: ((id >= 8561421) AND (id <= 8571420))

table 4 : explain SELECT DISTINCT c FROM sbtest4 WHERE id BETWEEN 4213237 AND 4223236 ORDER BY c
	Unique  (cost=33310.12..33357.48 rows=9472 width=121)
	  ->  Sort  (cost=33310.12..33333.80 rows=9472 width=121)
	        Sort Key: c
	        ->  Bitmap Heap Scan on sbtest4  (cost=205.52..32684.52 rows=9472 width=121)
	              Recheck Cond: ((id >= 4213237) AND (id <= 4223236))
	              ->  Bitmap Index Scan on sbtest4_pkey  (cost=0.00..203.16 rows=9472 width=0)
	                    Index Cond: ((id >= 4213237) AND (id <= 4223236))

table 5 : explain SELECT DISTINCT c FROM sbtest5 WHERE id BETWEEN 6641628 AND 6651627 ORDER BY c
	Unique  (cost=31671.72..31716.54 rows=8964 width=121)
	  ->  Sort  (cost=31671.72..31694.13 rows=8964 width=121)
	        Sort Key: c
	        ->  Bitmap Heap Scan on sbtest5  (cost=192.32..31083.24 rows=8964 width=121)
	              Recheck Cond: ((id >= 6641628) AND (id <= 6651627))
	              ->  Bitmap Index Scan on sbtest5_pkey  (cost=0.00..190.07 rows=8964 width=0)
	                    Index Cond: ((id >= 6641628) AND (id <= 6651627))

table 6 : explain SELECT DISTINCT c FROM sbtest6 WHERE id BETWEEN 30396 AND 40395 ORDER BY c
	Unique  (cost=33937.60..33985.88 rows=9656 width=121)
	  ->  Sort  (cost=33937.60..33961.74 rows=9656 width=121)
	        Sort Key: c
	        ->  Bitmap Heap Scan on sbtest6  (cost=207.41..33298.51 rows=9656 width=121)
	              Recheck Cond: ((id >= 30396) AND (id <= 40395))
	              ->  Bitmap Index Scan on sbtest6_pkey  (cost=0.00..205.00 rows=9656 width=0)
	                    Index Cond: ((id >= 30396) AND (id <= 40395))

table 7 : explain SELECT DISTINCT c FROM sbtest7 WHERE id BETWEEN 8658620 AND 8668619 ORDER BY c
	Unique  (cost=35049.32..35099.36 rows=10008 width=121)
	  ->  Sort  (cost=35049.32..35074.34 rows=10008 width=121)
	        Sort Key: c
	        ->  Bitmap Heap Scan on sbtest7  (cost=215.02..34384.34 rows=10008 width=121)
	              Recheck Cond: ((id >= 8658620) AND (id <= 8668619))
	              ->  Bitmap Index Scan on sbtest7_pkey  (cost=0.00..212.51 rows=10008 width=0)
	                    Index Cond: ((id >= 8658620) AND (id <= 8668619))

table 8 : explain SELECT DISTINCT c FROM sbtest8 WHERE id BETWEEN 3592732 AND 3602731 ORDER BY c
	Unique  (cost=35804.99..35856.15 rows=10231 width=121)
	  ->  Sort  (cost=35804.99..35830.57 rows=10231 width=121)
	        Sort Key: c
	        ->  Bitmap Heap Scan on sbtest8  (cost=221.30..35123.58 rows=10231 width=121)
	              Recheck Cond: ((id >= 3592732) AND (id <= 3602731))
	              ->  Bitmap Index Scan on sbtest8_pkey  (cost=0.00..218.75 rows=10231 width=0)
	                    Index Cond: ((id >= 3592732) AND (id <= 3602731))

for: order_ranges
table 1 : explain SELECT c FROM sbtest1 WHERE id BETWEEN 9292091 AND 9302090 ORDER BY c
	Sort  (cost=38465.74..38493.51 rows=11108 width=121)
	  Sort Key: c
	  ->  Bitmap Heap Scan on sbtest1  (cost=238.29..37719.32 rows=11108 width=121)
	        Recheck Cond: ((id >= 9292091) AND (id <= 9302090))
	        ->  Bitmap Index Scan on sbtest1_pkey  (cost=0.00..235.51 rows=11108 width=0)
	              Index Cond: ((id >= 9292091) AND (id <= 9302090))

table 2 : explain SELECT c FROM sbtest2 WHERE id BETWEEN 9608159 AND 9618158 ORDER BY c
	Sort  (cost=34198.41..34222.80 rows=9757 width=121)
	  Sort Key: c
	  ->  Bitmap Heap Scan on sbtest2  (cost=208.44..33551.90 rows=9757 width=121)
	        Recheck Cond: ((id >= 9608159) AND (id <= 9618158))
	        ->  Bitmap Index Scan on sbtest2_pkey  (cost=0.00..206.00 rows=9757 width=0)
	              Index Cond: ((id >= 9608159) AND (id <= 9618158))

table 3 : explain SELECT c FROM sbtest3 WHERE id BETWEEN 5983820 AND 5993819 ORDER BY c
	Sort  (cost=34762.22..34787.05 rows=9929 width=121)
	  Sort Key: c
	  ->  Bitmap Heap Scan on sbtest3  (cost=214.21..34103.07 rows=9929 width=121)
	        Recheck Cond: ((id >= 5983820) AND (id <= 5993819))
	        ->  Bitmap Index Scan on sbtest3_pkey  (cost=0.00..211.73 rows=9929 width=0)
	              Index Cond: ((id >= 5983820) AND (id <= 5993819))

table 4 : explain SELECT c FROM sbtest4 WHERE id BETWEEN 1322677 AND 1332676 ORDER BY c
	Sort  (cost=33216.88..33240.49 rows=9444 width=121)
	  Sort Key: c
	  ->  Bitmap Heap Scan on sbtest4  (cost=201.24..32593.33 rows=9444 width=121)
	        Recheck Cond: ((id >= 1322677) AND (id <= 1332676))
	        ->  Bitmap Index Scan on sbtest4_pkey  (cost=0.00..198.88 rows=9444 width=0)
	              Index Cond: ((id >= 1322677) AND (id <= 1332676))

table 5 : explain SELECT c FROM sbtest5 WHERE id BETWEEN 1042020 AND 1052019 ORDER BY c
	Sort  (cost=35965.45..35991.21 rows=10303 width=121)
	  Sort Key: c
	  ->  Bitmap Heap Scan on sbtest5  (cost=222.04..35278.72 rows=10303 width=121)
	        Recheck Cond: ((id >= 1042020) AND (id <= 1052019))
	        ->  Bitmap Index Scan on sbtest5_pkey  (cost=0.00..219.47 rows=10303 width=0)
	              Index Cond: ((id >= 1042020) AND (id <= 1052019))

table 6 : explain SELECT c FROM sbtest6 WHERE id BETWEEN 7873791 AND 7883790 ORDER BY c
	Sort  (cost=33200.31..33223.88 rows=9426 width=121)
	  Sort Key: c
	  ->  Bitmap Heap Scan on sbtest6  (cost=205.05..32578.08 rows=9426 width=121)
	        Recheck Cond: ((id >= 7873791) AND (id <= 7883790))
	        ->  Bitmap Index Scan on sbtest6_pkey  (cost=0.00..202.69 rows=9426 width=0)
	              Index Cond: ((id >= 7873791) AND (id <= 7883790))

table 7 : explain SELECT c FROM sbtest7 WHERE id BETWEEN 784813 AND 794812 ORDER BY c
	Sort  (cost=33853.13..33877.21 rows=9634 width=121)
	  Sort Key: c
	  ->  Bitmap Heap Scan on sbtest7  (cost=207.18..33215.65 rows=9634 width=121)
	        Recheck Cond: ((id >= 784813) AND (id <= 794812))
	        ->  Bitmap Index Scan on sbtest7_pkey  (cost=0.00..204.78 rows=9634 width=0)
	              Index Cond: ((id >= 784813) AND (id <= 794812))

table 8 : explain SELECT c FROM sbtest8 WHERE id BETWEEN 7247113 AND 7257112 ORDER BY c
	Sort  (cost=33429.77..33453.49 rows=9490 width=121)
	  Sort Key: c
	  ->  Bitmap Heap Scan on sbtest8  (cost=205.71..32802.85 rows=9490 width=121)
	        Recheck Cond: ((id >= 7247113) AND (id <= 7257112))
	        ->  Bitmap Index Scan on sbtest8_pkey  (cost=0.00..203.34 rows=9490 width=0)
	              Index Cond: ((id >= 7247113) AND (id <= 7257112))

for: distinct_ranges
table 1 : explain SELECT DISTINCT c FROM sbtest1 WHERE id BETWEEN 9308925 AND 9318924 ORDER BY c
	Unique  (cost=35679.03..35730.14 rows=10223 width=121)
	  ->  Sort  (cost=35679.03..35704.59 rows=10223 width=121)
	        Sort Key: c
	        ->  Bitmap Heap Scan on sbtest1  (cost=221.22..34998.20 rows=10223 width=121)
	              Recheck Cond: ((id >= 9308925) AND (id <= 9318924))
	              ->  Bitmap Index Scan on sbtest1_pkey  (cost=0.00..218.67 rows=10223 width=0)
	                    Index Cond: ((id >= 9308925) AND (id <= 9318924))

table 2 : explain SELECT DISTINCT c FROM sbtest2 WHERE id BETWEEN 5023717 AND 5033716 ORDER BY c
	Unique  (cost=36332.84..36384.99 rows=10429 width=121)
	  ->  Sort  (cost=36332.84..36358.91 rows=10429 width=121)
	        Sort Key: c
	        ->  Bitmap Heap Scan on sbtest2  (cost=223.33..35636.79 rows=10429 width=121)
	              Recheck Cond: ((id >= 5023717) AND (id <= 5033716))
	              ->  Bitmap Index Scan on sbtest2_pkey  (cost=0.00..220.73 rows=10429 width=0)
	                    Index Cond: ((id >= 5023717) AND (id <= 5033716))

table 3 : explain SELECT DISTINCT c FROM sbtest3 WHERE id BETWEEN 2163707 AND 2173706 ORDER BY c
	Unique  (cost=32766.29..32812.83 rows=9307 width=121)
	  ->  Sort  (cost=32766.29..32789.56 rows=9307 width=121)
	        Sort Key: c
	        ->  Bitmap Heap Scan on sbtest3  (cost=199.83..32152.77 rows=9307 width=121)
	              Recheck Cond: ((id >= 2163707) AND (id <= 2173706))
	              ->  Bitmap Index Scan on sbtest3_pkey  (cost=0.00..197.50 rows=9307 width=0)
	                    Index Cond: ((id >= 2163707) AND (id <= 2173706))

table 4 : explain SELECT DISTINCT c FROM sbtest4 WHERE id BETWEEN 4501542 AND 4511541 ORDER BY c
	Unique  (cost=31934.03..31979.26 rows=9046 width=121)
	  ->  Sort  (cost=31934.03..31956.65 rows=9046 width=121)
	        Sort Key: c
	        ->  Bitmap Heap Scan on sbtest4  (cost=193.16..31339.57 rows=9046 width=121)
	              Recheck Cond: ((id >= 4501542) AND (id <= 4511541))
	              ->  Bitmap Index Scan on sbtest4_pkey  (cost=0.00..190.90 rows=9046 width=0)
	                    Index Cond: ((id >= 4501542) AND (id <= 4511541))

table 5 : explain SELECT DISTINCT c FROM sbtest5 WHERE id BETWEEN 174635 AND 184634 ORDER BY c
	Unique  (cost=33574.87..33622.64 rows=9554 width=121)
	  ->  Sort  (cost=33574.87..33598.75 rows=9554 width=121)
	        Sort Key: c
	        ->  Bitmap Heap Scan on sbtest5  (cost=206.36..32943.26 rows=9554 width=121)
	              Recheck Cond: ((id >= 174635) AND (id <= 184634))
	              ->  Bitmap Index Scan on sbtest5_pkey  (cost=0.00..203.98 rows=9554 width=0)
	                    Index Cond: ((id >= 174635) AND (id <= 184634))

table 6 : explain SELECT DISTINCT c FROM sbtest6 WHERE id BETWEEN 2253697 AND 2263696 ORDER BY c
	Unique  (cost=39690.79..39748.16 rows=11473 width=121)
	  ->  Sort  (cost=39690.79..39719.47 rows=11473 width=121)
	        Sort Key: c
	        ->  Bitmap Heap Scan on sbtest6  (cost=246.03..38917.17 rows=11473 width=121)
	              Recheck Cond: ((id >= 2253697) AND (id <= 2263696))
	              ->  Bitmap Index Scan on sbtest6_pkey  (cost=0.00..243.17 rows=11473 width=0)
	                    Index Cond: ((id >= 2253697) AND (id <= 2263696))

table 7 : explain SELECT DISTINCT c FROM sbtest7 WHERE id BETWEEN 4140071 AND 4150070 ORDER BY c
	Unique  (cost=34064.28..34112.78 rows=9700 width=121)
	  ->  Sort  (cost=34064.28..34088.53 rows=9700 width=121)
	        Sort Key: c
	        ->  Bitmap Heap Scan on sbtest7  (cost=207.86..33421.96 rows=9700 width=121)
	              Recheck Cond: ((id >= 4140071) AND (id <= 4150070))
	              ->  Bitmap Index Scan on sbtest7_pkey  (cost=0.00..205.44 rows=9700 width=0)
	                    Index Cond: ((id >= 4140071) AND (id <= 4150070))

table 8 : explain SELECT DISTINCT c FROM sbtest8 WHERE id BETWEEN 7630970 AND 7640969 ORDER BY c
	Unique  (cost=33389.97..33437.35 rows=9477 width=121)
	  ->  Sort  (cost=33389.97..33413.66 rows=9477 width=121)
	        Sort Key: c
	        ->  Bitmap Heap Scan on sbtest8  (cost=205.57..32764.00 rows=9477 width=121)
	              Recheck Cond: ((id >= 7630970) AND (id <= 7640969))
	              ->  Bitmap Index Scan on sbtest8_pkey  (cost=0.00..203.20 rows=9477 width=0)
	                    Index Cond: ((id >= 7630970) AND (id <= 7640969))

for: distinct_ranges
table 1 : explain SELECT DISTINCT c FROM sbtest1 WHERE id BETWEEN 7478003 AND 7488002 ORDER BY c
	Unique  (cost=34993.86..35043.90 rows=10008 width=121)
	  ->  Sort  (cost=34993.86..35018.88 rows=10008 width=121)
	        Sort Key: c
	        ->  Bitmap Heap Scan on sbtest1  (cost=215.02..34328.88 rows=10008 width=121)
	              Recheck Cond: ((id >= 7478003) AND (id <= 7488002))
	              ->  Bitmap Index Scan on sbtest1_pkey  (cost=0.00..212.51 rows=10008 width=0)
	                    Index Cond: ((id >= 7478003) AND (id <= 7488002))

table 2 : explain SELECT DISTINCT c FROM sbtest2 WHERE id BETWEEN 2922540 AND 2932539 ORDER BY c
	Unique  (cost=35629.53..35680.57 rows=10207 width=121)
	  ->  Sort  (cost=35629.53..35655.05 rows=10207 width=121)
	        Sort Key: c
	        ->  Bitmap Heap Scan on sbtest2  (cost=217.06..34949.89 rows=10207 width=121)
	              Recheck Cond: ((id >= 2922540) AND (id <= 2932539))
	              ->  Bitmap Index Scan on sbtest2_pkey  (cost=0.00..214.50 rows=10207 width=0)
	                    Index Cond: ((id >= 2922540) AND (id <= 2932539))

table 3 : explain SELECT DISTINCT c FROM sbtest3 WHERE id BETWEEN 650864 AND 660863 ORDER BY c
	Unique  (cost=33804.08..33852.23 rows=9630 width=121)
	  ->  Sort  (cost=33804.08..33828.15 rows=9630 width=121)
	        Sort Key: c
	        ->  Bitmap Heap Scan on sbtest3  (cost=207.14..33166.89 rows=9630 width=121)
	              Recheck Cond: ((id >= 650864) AND (id <= 660863))
	              ->  Bitmap Index Scan on sbtest3_pkey  (cost=0.00..204.74 rows=9630 width=0)
	                    Index Cond: ((id >= 650864) AND (id <= 660863))

table 4 : explain SELECT DISTINCT c FROM sbtest4 WHERE id BETWEEN 7635775 AND 7645774 ORDER BY c
	Unique  (cost=33986.57..34034.99 rows=9684 width=121)
	  ->  Sort  (cost=33986.57..34010.78 rows=9684 width=121)
	        Sort Key: c
	        ->  Bitmap Heap Scan on sbtest4  (cost=207.70..33345.43 rows=9684 width=121)
	              Recheck Cond: ((id >= 7635775) AND (id <= 7645774))
	              ->  Bitmap Index Scan on sbtest4_pkey  (cost=0.00..205.28 rows=9684 width=0)
	                    Index Cond: ((id >= 7635775) AND (id <= 7645774))

table 5 : explain SELECT DISTINCT c FROM sbtest5 WHERE id BETWEEN 4389937 AND 4399936 ORDER BY c
	Unique  (cost=35529.29..35580.13 rows=10167 width=121)
	  ->  Sort  (cost=35529.29..35554.71 rows=10167 width=121)
	        Sort Key: c
	        ->  Bitmap Heap Scan on sbtest5  (cost=216.65..34852.60 rows=10167 width=121)
	              Recheck Cond: ((id >= 4389937) AND (id <= 4399936))
	              ->  Bitmap Index Scan on sbtest5_pkey  (cost=0.00..214.11 rows=10167 width=0)
	                    Index Cond: ((id >= 4389937) AND (id <= 4399936))

table 6 : explain SELECT DISTINCT c FROM sbtest6 WHERE id BETWEEN 4631714 AND 4641713 ORDER BY c
	Unique  (cost=32616.32..32662.55 rows=9246 width=121)
	  ->  Sort  (cost=32616.32..32639.44 rows=9246 width=121)
	        Sort Key: c
	        ->  Bitmap Heap Scan on sbtest6  (cost=199.21..32007.26 rows=9246 width=121)
	              Recheck Cond: ((id >= 4631714) AND (id <= 4641713))
	              ->  Bitmap Index Scan on sbtest6_pkey  (cost=0.00..196.90 rows=9246 width=0)
	                    Index Cond: ((id >= 4631714) AND (id <= 4641713))

table 7 : explain SELECT DISTINCT c FROM sbtest7 WHERE id BETWEEN 3873827 AND 3883826 ORDER BY c
	Unique  (cost=34776.42..34826.03 rows=9922 width=121)
	  ->  Sort  (cost=34776.42..34801.22 rows=9922 width=121)
	        Sort Key: c
	        ->  Bitmap Heap Scan on sbtest7  (cost=214.14..34117.78 rows=9922 width=121)
	              Recheck Cond: ((id >= 3873827) AND (id <= 3883826))
	              ->  Bitmap Index Scan on sbtest7_pkey  (cost=0.00..211.66 rows=9922 width=0)
	                    Index Cond: ((id >= 3873827) AND (id <= 3883826))

table 8 : explain SELECT DISTINCT c FROM sbtest8 WHERE id BETWEEN 9226643 AND 9236642 ORDER BY c
	Unique  (cost=31484.68..31529.12 rows=8888 width=121)
	  ->  Sort  (cost=31484.68..31506.90 rows=8888 width=121)
	        Sort Key: c
	        ->  Bitmap Heap Scan on sbtest8  (cost=195.54..30901.73 rows=8888 width=121)
	              Recheck Cond: ((id >= 9226643) AND (id <= 9236642))
	              ->  Bitmap Index Scan on sbtest8_pkey  (cost=0.00..193.31 rows=8888 width=0)
	                    Index Cond: ((id >= 9226643) AND (id <= 9236642))

for: distinct_ranges
table 1 : explain SELECT DISTINCT c FROM sbtest1 WHERE id BETWEEN 937647 AND 947646 ORDER BY c
	Unique  (cost=34070.03..34118.62 rows=9718 width=121)
	  ->  Sort  (cost=34070.03..34094.33 rows=9718 width=121)
	        Sort Key: c
	        ->  Bitmap Heap Scan on sbtest1  (cost=208.04..33426.39 rows=9718 width=121)
	              Recheck Cond: ((id >= 937647) AND (id <= 947646))
	              ->  Bitmap Index Scan on sbtest1_pkey  (cost=0.00..205.62 rows=9718 width=0)
	                    Index Cond: ((id >= 937647) AND (id <= 947646))

table 2 : explain SELECT DISTINCT c FROM sbtest2 WHERE id BETWEEN 1237478 AND 1247477 ORDER BY c
	Unique  (cost=39785.17..39842.82 rows=11530 width=121)
	  ->  Sort  (cost=39785.17..39813.99 rows=11530 width=121)
	        Sort Key: c
	        ->  Bitmap Heap Scan on sbtest2  (cost=246.62..39007.29 rows=11530 width=121)
	              Recheck Cond: ((id >= 1237478) AND (id <= 1247477))
	              ->  Bitmap Index Scan on sbtest2_pkey  (cost=0.00..243.74 rows=11530 width=0)
	                    Index Cond: ((id >= 1237478) AND (id <= 1247477))

table 3 : explain SELECT DISTINCT c FROM sbtest3 WHERE id BETWEEN 8465156 AND 8475155 ORDER BY c
	Unique  (cost=38851.93..38908.06 rows=11226 width=121)
	  ->  Sort  (cost=38851.93..38879.99 rows=11226 width=121)
	        Sort Key: c
	        ->  Bitmap Heap Scan on sbtest3  (cost=239.50..38096.72 rows=11226 width=121)
	              Recheck Cond: ((id >= 8465156) AND (id <= 8475155))
	              ->  Bitmap Index Scan on sbtest3_pkey  (cost=0.00..236.69 rows=11226 width=0)
	                    Index Cond: ((id >= 8465156) AND (id <= 8475155))

table 4 : explain SELECT DISTINCT c FROM sbtest4 WHERE id BETWEEN 1230982 AND 1240981 ORDER BY c
	Unique  (cost=35849.95..35901.29 rows=10268 width=121)
	  ->  Sort  (cost=35849.95..35875.62 rows=10268 width=121)
	        Sort Key: c
	        ->  Bitmap Heap Scan on sbtest4  (cost=221.68..35165.80 rows=10268 width=121)
	              Recheck Cond: ((id >= 1230982) AND (id <= 1240981))
	              ->  Bitmap Index Scan on sbtest4_pkey  (cost=0.00..219.12 rows=10268 width=0)
	                    Index Cond: ((id >= 1230982) AND (id <= 1240981))

table 5 : explain SELECT DISTINCT c FROM sbtest5 WHERE id BETWEEN 1625137 AND 1635136 ORDER BY c
	Unique  (cost=33141.38..33188.48 rows=9420 width=121)
	  ->  Sort  (cost=33141.38..33164.93 rows=9420 width=121)
	        Sort Key: c
	        ->  Bitmap Heap Scan on sbtest5  (cost=200.99..32519.59 rows=9420 width=121)
	              Recheck Cond: ((id >= 1625137) AND (id <= 1635136))
	              ->  Bitmap Index Scan on sbtest5_pkey  (cost=0.00..198.63 rows=9420 width=0)
	                    Index Cond: ((id >= 1625137) AND (id <= 1635136))

table 6 : explain SELECT DISTINCT c FROM sbtest6 WHERE id BETWEEN 1949338 AND 1959337 ORDER BY c
	Unique  (cost=34923.72..34973.54 rows=9964 width=121)
	  ->  Sort  (cost=34923.72..34948.63 rows=9964 width=121)
	        Sort Key: c
	        ->  Bitmap Heap Scan on sbtest6  (cost=214.57..34261.98 rows=9964 width=121)
	              Recheck Cond: ((id >= 1949338) AND (id <= 1959337))
	              ->  Bitmap Index Scan on sbtest6_pkey  (cost=0.00..212.07 rows=9964 width=0)
	                    Index Cond: ((id >= 1949338) AND (id <= 1959337))

table 7 : explain SELECT DISTINCT c FROM sbtest7 WHERE id BETWEEN 8824731 AND 8834730 ORDER BY c
	Unique  (cost=35338.33..35388.82 rows=10099 width=121)
	  ->  Sort  (cost=35338.33..35363.58 rows=10099 width=121)
	        Sort Key: c
	        ->  Bitmap Heap Scan on sbtest7  (cost=215.95..34666.65 rows=10099 width=121)
	              Recheck Cond: ((id >= 8824731) AND (id <= 8834730))
	              ->  Bitmap Index Scan on sbtest7_pkey  (cost=0.00..213.43 rows=10099 width=0)
	                    Index Cond: ((id >= 8824731) AND (id <= 8834730))

table 8 : explain SELECT DISTINCT c FROM sbtest8 WHERE id BETWEEN 9917398 AND 9927397 ORDER BY c
	Unique  (cost=34161.33..34209.92 rows=9717 width=121)
	  ->  Sort  (cost=34161.33..34185.63 rows=9717 width=121)
	        Sort Key: c
	        ->  Bitmap Heap Scan on sbtest8  (cost=212.03..33517.76 rows=9717 width=121)
	              Recheck Cond: ((id >= 9917398) AND (id <= 9927397))
	              ->  Bitmap Index Scan on sbtest8_pkey  (cost=0.00..209.61 rows=9717 width=0)
	                    Index Cond: ((id >= 9917398) AND (id <= 9927397))

for: order_ranges
table 1 : explain SELECT c FROM sbtest1 WHERE id BETWEEN 332861 AND 342860 ORDER BY c
	Sort  (cost=35272.45..35297.69 rows=10096 width=121)
	  Sort Key: c
	  ->  Bitmap Heap Scan on sbtest1  (cost=215.92..34600.99 rows=10096 width=121)
	        Recheck Cond: ((id >= 332861) AND (id <= 342860))
	        ->  Bitmap Index Scan on sbtest1_pkey  (cost=0.00..213.40 rows=10096 width=0)
	              Index Cond: ((id >= 332861) AND (id <= 342860))

table 2 : explain SELECT c FROM sbtest2 WHERE id BETWEEN 3668318 AND 3678317 ORDER BY c
	Sort  (cost=35256.27..35281.49 rows=10089 width=121)
	  Sort Key: c
	  ->  Bitmap Heap Scan on sbtest2  (cost=215.85..34585.33 rows=10089 width=121)
	        Recheck Cond: ((id >= 3668318) AND (id <= 3678317))
	        ->  Bitmap Index Scan on sbtest2_pkey  (cost=0.00..213.32 rows=10089 width=0)
	              Index Cond: ((id >= 3668318) AND (id <= 3678317))

table 3 : explain SELECT c FROM sbtest3 WHERE id BETWEEN 8805861 AND 8815860 ORDER BY c
	Sort  (cost=33242.35..33265.99 rows=9455 width=121)
	  Sort Key: c
	  ->  Bitmap Heap Scan on sbtest3  (cost=201.35..32618.00 rows=9455 width=121)
	        Recheck Cond: ((id >= 8805861) AND (id <= 8815860))
	        ->  Bitmap Index Scan on sbtest3_pkey  (cost=0.00..198.99 rows=9455 width=0)
	              Index Cond: ((id >= 8805861) AND (id <= 8815860))

table 4 : explain SELECT c FROM sbtest4 WHERE id BETWEEN 2527226 AND 2537225 ORDER BY c
	Sort  (cost=36526.57..36552.77 rows=10483 width=121)
	  Sort Key: c
	  ->  Bitmap Heap Scan on sbtest4  (cost=223.89..35826.52 rows=10483 width=121)
	        Recheck Cond: ((id >= 2527226) AND (id <= 2537225))
	        ->  Bitmap Index Scan on sbtest4_pkey  (cost=0.00..221.26 rows=10483 width=0)
	              Index Cond: ((id >= 2527226) AND (id <= 2537225))

table 5 : explain SELECT c FROM sbtest5 WHERE id BETWEEN 1588213 AND 1598212 ORDER BY c
	Sort  (cost=33141.38..33164.93 rows=9420 width=121)
	  Sort Key: c
	  ->  Bitmap Heap Scan on sbtest5  (cost=200.99..32519.59 rows=9420 width=121)
	        Recheck Cond: ((id >= 1588213) AND (id <= 1598212))
	        ->  Bitmap Index Scan on sbtest5_pkey  (cost=0.00..198.63 rows=9420 width=0)
	              Index Cond: ((id >= 1588213) AND (id <= 1598212))

table 6 : explain SELECT c FROM sbtest6 WHERE id BETWEEN 1553183 AND 1563182 ORDER BY c
	Sort  (cost=34321.05..34345.49 rows=9775 width=121)
	  Sort Key: c
	  ->  Bitmap Heap Scan on sbtest6  (cost=212.63..33673.22 rows=9775 width=121)
	        Recheck Cond: ((id >= 1553183) AND (id <= 1563182))
	        ->  Bitmap Index Scan on sbtest6_pkey  (cost=0.00..210.19 rows=9775 width=0)
	              Index Cond: ((id >= 1553183) AND (id <= 1563182))

table 7 : explain SELECT c FROM sbtest7 WHERE id BETWEEN 6964788 AND 6974787 ORDER BY c
	Sort  (cost=35151.16..35176.26 rows=10040 width=121)
	  Sort Key: c
	  ->  Bitmap Heap Scan on sbtest7  (cost=215.34..34483.83 rows=10040 width=121)
	        Recheck Cond: ((id >= 6964788) AND (id <= 6974787))
	        ->  Bitmap Index Scan on sbtest7_pkey  (cost=0.00..212.84 rows=10040 width=0)
	              Index Cond: ((id >= 6964788) AND (id <= 6974787))

table 8 : explain SELECT c FROM sbtest8 WHERE id BETWEEN 529123 AND 539122 ORDER BY c
	Sort  (cost=35345.11..35370.32 rows=10087 width=121)
	  Sort Key: c
	  ->  Bitmap Heap Scan on sbtest8  (cost=219.83..34674.31 rows=10087 width=121)
	        Recheck Cond: ((id >= 529123) AND (id <= 539122))
	        ->  Bitmap Index Scan on sbtest8_pkey  (cost=0.00..217.31 rows=10087 width=0)
	              Index Cond: ((id >= 529123) AND (id <= 539122))

for: order_ranges
table 1 : explain SELECT c FROM sbtest1 WHERE id BETWEEN 5419847 AND 5429846 ORDER BY c
	Sort  (cost=37316.66..37343.52 rows=10742 width=121)
	  Sort Key: c
	  ->  Bitmap Heap Scan on sbtest1  (cost=230.54..36597.43 rows=10742 width=121)
	        Recheck Cond: ((id >= 5419847) AND (id <= 5429846))
	        ->  Bitmap Index Scan on sbtest1_pkey  (cost=0.00..227.86 rows=10742 width=0)
	              Index Cond: ((id >= 5419847) AND (id <= 5429846))

table 2 : explain SELECT c FROM sbtest2 WHERE id BETWEEN 3890794 AND 3900793 ORDER BY c
	Sort  (cost=32921.59..32944.99 rows=9359 width=121)
	  Sort Key: c
	  ->  Bitmap Heap Scan on sbtest2  (cost=200.36..32304.26 rows=9359 width=121)
	        Recheck Cond: ((id >= 3890794) AND (id <= 3900793))
	        ->  Bitmap Index Scan on sbtest2_pkey  (cost=0.00..198.03 rows=9359 width=0)
	              Index Cond: ((id >= 3890794) AND (id <= 3900793))

table 3 : explain SELECT c FROM sbtest3 WHERE id BETWEEN 6456060 AND 6466059 ORDER BY c
	Sort  (cost=31478.38..31500.65 rows=8908 width=121)
	  Sort Key: c
	  ->  Bitmap Heap Scan on sbtest3  (cost=191.74..30893.98 rows=8908 width=121)
	        Recheck Cond: ((id >= 6456060) AND (id <= 6466059))
	        ->  Bitmap Index Scan on sbtest3_pkey  (cost=0.00..189.51 rows=8908 width=0)
	              Index Cond: ((id >= 6456060) AND (id <= 6466059))

table 4 : explain SELECT c FROM sbtest4 WHERE id BETWEEN 6894576 AND 6904575 ORDER BY c
	Sort  (cost=35184.09..35209.24 rows=10059 width=121)
	  Sort Key: c
	  ->  Bitmap Heap Scan on sbtest4  (cost=215.54..34515.36 rows=10059 width=121)
	        Recheck Cond: ((id >= 6894576) AND (id <= 6904575))
	        ->  Bitmap Index Scan on sbtest4_pkey  (cost=0.00..213.03 rows=10059 width=0)
	              Index Cond: ((id >= 6894576) AND (id <= 6904575))

table 5 : explain SELECT c FROM sbtest5 WHERE id BETWEEN 7033776 AND 7043775 ORDER BY c
	Sort  (cost=32757.50..32780.75 rows=9300 width=121)
	  Sort Key: c
	  ->  Bitmap Heap Scan on sbtest5  (cost=199.76..32144.49 rows=9300 width=121)
	        Recheck Cond: ((id >= 7033776) AND (id <= 7043775))
	        ->  Bitmap Index Scan on sbtest5_pkey  (cost=0.00..197.44 rows=9300 width=0)
	              Index Cond: ((id >= 7033776) AND (id <= 7043775))

table 6 : explain SELECT c FROM sbtest6 WHERE id BETWEEN 4024478 AND 4034477 ORDER BY c
	Sort  (cost=32818.56..32841.83 rows=9308 width=121)
	  Sort Key: c
	  ->  Bitmap Heap Scan on sbtest6  (cost=199.84..32204.97 rows=9308 width=121)
	        Recheck Cond: ((id >= 4024478) AND (id <= 4034477))
	        ->  Bitmap Index Scan on sbtest6_pkey  (cost=0.00..197.51 rows=9308 width=0)
	              Index Cond: ((id >= 4024478) AND (id <= 4034477))

table 7 : explain SELECT c FROM sbtest7 WHERE id BETWEEN 7435608 AND 7445607 ORDER BY c
	Sort  (cost=36305.63..36331.63 rows=10403 width=121)
	  Sort Key: c
	  ->  Bitmap Heap Scan on sbtest7  (cost=223.07..35611.50 rows=10403 width=121)
	        Recheck Cond: ((id >= 7435608) AND (id <= 7445607))
	        ->  Bitmap Index Scan on sbtest7_pkey  (cost=0.00..220.47 rows=10403 width=0)
	              Index Cond: ((id >= 7435608) AND (id <= 7445607))

table 8 : explain SELECT c FROM sbtest8 WHERE id BETWEEN 336149 AND 346148 ORDER BY c
	Sort  (cost=32579.95..32603.02 rows=9227 width=121)
	  Sort Key: c
	  ->  Bitmap Heap Scan on sbtest8  (cost=199.01..31972.28 rows=9227 width=121)
	        Recheck Cond: ((id >= 336149) AND (id <= 346148))
	        ->  Bitmap Index Scan on sbtest8_pkey  (cost=0.00..196.70 rows=9227 width=0)
	              Index Cond: ((id >= 336149) AND (id <= 346148))

for: distinct_ranges
table 1 : explain SELECT DISTINCT c FROM sbtest1 WHERE id BETWEEN 5669798 AND 5679797 ORDER BY c
	Unique  (cost=33632.05..33679.96 rows=9581 width=121)
	  ->  Sort  (cost=33632.05..33656.00 rows=9581 width=121)
	        Sort Key: c
	        ->  Bitmap Heap Scan on sbtest1  (cost=206.64..32998.46 rows=9581 width=121)
	              Recheck Cond: ((id >= 5669798) AND (id <= 5679797))
	              ->  Bitmap Index Scan on sbtest1_pkey  (cost=0.00..204.25 rows=9581 width=0)
	                    Index Cond: ((id >= 5669798) AND (id <= 5679797))

table 2 : explain SELECT DISTINCT c FROM sbtest2 WHERE id BETWEEN 4882827 AND 4892826 ORDER BY c
	Unique  (cost=36091.21..36142.97 rows=10352 width=121)
	  ->  Sort  (cost=36091.21..36117.09 rows=10352 width=121)
	        Sort Key: c
	        ->  Bitmap Heap Scan on sbtest2  (cost=222.54..35400.86 rows=10352 width=121)
	              Recheck Cond: ((id >= 4882827) AND (id <= 4892826))
	              ->  Bitmap Index Scan on sbtest2_pkey  (cost=0.00..219.95 rows=10352 width=0)
	                    Index Cond: ((id >= 4882827) AND (id <= 4892826))

table 3 : explain SELECT DISTINCT c FROM sbtest3 WHERE id BETWEEN 8195876 AND 8205875 ORDER BY c
	Unique  (cost=32179.82..32225.44 rows=9124 width=121)
	  ->  Sort  (cost=32179.82..32202.63 rows=9124 width=121)
	        Sort Key: c
	        ->  Bitmap Heap Scan on sbtest3  (cost=197.96..31579.67 rows=9124 width=121)
	              Recheck Cond: ((id >= 8195876) AND (id <= 8205875))
	              ->  Bitmap Index Scan on sbtest3_pkey  (cost=0.00..195.68 rows=9124 width=0)
	                    Index Cond: ((id >= 8195876) AND (id <= 8205875))

table 4 : explain SELECT DISTINCT c FROM sbtest4 WHERE id BETWEEN 875598 AND 885597 ORDER BY c
	Unique  (cost=34375.15..34424.18 rows=9806 width=121)
	  ->  Sort  (cost=34375.15..34399.67 rows=9806 width=121)
	        Sort Key: c
	        ->  Bitmap Heap Scan on sbtest4  (cost=208.95..33725.04 rows=9806 width=121)
	              Recheck Cond: ((id >= 875598) AND (id <= 885597))
	              ->  Bitmap Index Scan on sbtest4_pkey  (cost=0.00..206.50 rows=9806 width=0)
	                    Index Cond: ((id >= 875598) AND (id <= 885597))

table 5 : explain SELECT DISTINCT c FROM sbtest5 WHERE id BETWEEN 134252 AND 144251 ORDER BY c
	Unique  (cost=33574.87..33622.64 rows=9554 width=121)
	  ->  Sort  (cost=33574.87..33598.75 rows=9554 width=121)
	        Sort Key: c
	        ->  Bitmap Heap Scan on sbtest5  (cost=206.36..32943.26 rows=9554 width=121)
	              Recheck Cond: ((id >= 134252) AND (id <= 144251))
	              ->  Bitmap Index Scan on sbtest5_pkey  (cost=0.00..203.98 rows=9554 width=0)
	                    Index Cond: ((id >= 134252) AND (id <= 144251))

table 6 : explain SELECT DISTINCT c FROM sbtest6 WHERE id BETWEEN 2408518 AND 2418517 ORDER BY c
	Unique  (cost=37524.63..37578.55 rows=10784 width=121)
	  ->  Sort  (cost=37524.63..37551.59 rows=10784 width=121)
	        Sort Key: c
	        ->  Bitmap Heap Scan on sbtest6  (cost=230.97..36802.28 rows=10784 width=121)
	              Recheck Cond: ((id >= 2408518) AND (id <= 2418517))
	              ->  Bitmap Index Scan on sbtest6_pkey  (cost=0.00..228.28 rows=10784 width=0)
	                    Index Cond: ((id >= 2408518) AND (id <= 2418517))

table 7 : explain SELECT DISTINCT c FROM sbtest7 WHERE id BETWEEN 1145105 AND 1155104 ORDER BY c
	Unique  (cost=34861.94..34911.69 rows=9949 width=121)
	  ->  Sort  (cost=34861.94..34886.81 rows=9949 width=121)
	        Sort Key: c
	        ->  Bitmap Heap Scan on sbtest7  (cost=214.41..34201.31 rows=9949 width=121)
	              Recheck Cond: ((id >= 1145105) AND (id <= 1155104))
	              ->  Bitmap Index Scan on sbtest7_pkey  (cost=0.00..211.93 rows=9949 width=0)
	                    Index Cond: ((id >= 1145105) AND (id <= 1155104))

table 8 : explain SELECT DISTINCT c FROM sbtest8 WHERE id BETWEEN 8410104 AND 8420103 ORDER BY c
	Unique  (cost=35509.40..35560.09 rows=10138 width=121)
	  ->  Sort  (cost=35509.40..35534.75 rows=10138 width=121)
	        Sort Key: c
	        ->  Bitmap Heap Scan on sbtest8  (cost=220.35..34834.84 rows=10138 width=121)
	              Recheck Cond: ((id >= 8410104) AND (id <= 8420103))
	              ->  Bitmap Index Scan on sbtest8_pkey  (cost=0.00..217.81 rows=10138 width=0)
	                    Index Cond: ((id >= 8410104) AND (id <= 8420103))

for: distinct_ranges
table 1 : explain SELECT DISTINCT c FROM sbtest1 WHERE id BETWEEN 9479415 AND 9489414 ORDER BY c
	Unique  (cost=34260.83..34309.72 rows=9778 width=121)
	  ->  Sort  (cost=34260.83..34285.27 rows=9778 width=121)
	        Sort Key: c
	        ->  Bitmap Heap Scan on sbtest1  (cost=208.66..33612.78 rows=9778 width=121)
	              Recheck Cond: ((id >= 9479415) AND (id <= 9489414))
	              ->  Bitmap Index Scan on sbtest1_pkey  (cost=0.00..206.22 rows=9778 width=0)
	                    Index Cond: ((id >= 9479415) AND (id <= 9489414))

table 2 : explain SELECT DISTINCT c FROM sbtest2 WHERE id BETWEEN 4866595 AND 4876594 ORDER BY c
	Unique  (cost=36091.21..36142.97 rows=10352 width=121)
	  ->  Sort  (cost=36091.21..36117.09 rows=10352 width=121)
	        Sort Key: c
	        ->  Bitmap Heap Scan on sbtest2  (cost=222.54..35400.86 rows=10352 width=121)
	              Recheck Cond: ((id >= 4866595) AND (id <= 4876594))
	              ->  Bitmap Index Scan on sbtest2_pkey  (cost=0.00..219.95 rows=10352 width=0)
	                    Index Cond: ((id >= 4866595) AND (id <= 4876594))

table 3 : explain SELECT DISTINCT c FROM sbtest3 WHERE id BETWEEN 9824478 AND 9834477 ORDER BY c
	Unique  (cost=35743.27..35794.46 rows=10238 width=121)
	  ->  Sort  (cost=35743.27..35768.86 rows=10238 width=121)
	        Sort Key: c
	        ->  Bitmap Heap Scan on sbtest3  (cost=221.37..35061.33 rows=10238 width=121)
	              Recheck Cond: ((id >= 9824478) AND (id <= 9834477))
	              ->  Bitmap Index Scan on sbtest3_pkey  (cost=0.00..218.81 rows=10238 width=0)
	                    Index Cond: ((id >= 9824478) AND (id <= 9834477))

table 4 : explain SELECT DISTINCT c FROM sbtest4 WHERE id BETWEEN 2054148 AND 2064147 ORDER BY c
	Unique  (cost=37397.40..37451.19 rows=10758 width=121)
	  ->  Sort  (cost=37397.40..37424.29 rows=10758 width=121)
	        Sort Key: c
	        ->  Bitmap Heap Scan on sbtest4  (cost=230.70..36676.98 rows=10758 width=121)
	              Recheck Cond: ((id >= 2054148) AND (id <= 2064147))
	              ->  Bitmap Index Scan on sbtest4_pkey  (cost=0.00..228.01 rows=10758 width=0)
	                    Index Cond: ((id >= 2054148) AND (id <= 2064147))

table 5 : explain SELECT DISTINCT c FROM sbtest5 WHERE id BETWEEN 5583569 AND 5593568 ORDER BY c
	Unique  (cost=38795.29..38851.30 rows=11202 width=121)
	  ->  Sort  (cost=38795.29..38823.29 rows=11202 width=121)
	        Sort Key: c
	        ->  Bitmap Heap Scan on sbtest5  (cost=239.26..38041.87 rows=11202 width=121)
	              Recheck Cond: ((id >= 5583569) AND (id <= 5593568))
	              ->  Bitmap Index Scan on sbtest5_pkey  (cost=0.00..236.45 rows=11202 width=0)
	                    Index Cond: ((id >= 5583569) AND (id <= 5593568))

table 6 : explain SELECT DISTINCT c FROM sbtest6 WHERE id BETWEEN 3720428 AND 3730427 ORDER BY c
	Unique  (cost=36790.44..36843.19 rows=10550 width=121)
	  ->  Sort  (cost=36790.44..36816.81 rows=10550 width=121)
	        Sort Key: c
	        ->  Bitmap Heap Scan on sbtest6  (cost=228.57..36085.44 rows=10550 width=121)
	              Recheck Cond: ((id >= 3720428) AND (id <= 3730427))
	              ->  Bitmap Index Scan on sbtest6_pkey  (cost=0.00..225.94 rows=10550 width=0)
	                    Index Cond: ((id >= 3720428) AND (id <= 3730427))

table 7 : explain SELECT DISTINCT c FROM sbtest7 WHERE id BETWEEN 5708536 AND 5718535 ORDER BY c
	Unique  (cost=35932.50..35983.93 rows=10285 width=121)
	  ->  Sort  (cost=35932.50..35958.22 rows=10285 width=121)
	        Sort Key: c
	        ->  Bitmap Heap Scan on sbtest7  (cost=221.86..35247.10 rows=10285 width=121)
	              Recheck Cond: ((id >= 5708536) AND (id <= 5718535))
	              ->  Bitmap Index Scan on sbtest7_pkey  (cost=0.00..219.29 rows=10285 width=0)
	                    Index Cond: ((id >= 5708536) AND (id <= 5718535))

table 8 : explain SELECT DISTINCT c FROM sbtest8 WHERE id BETWEEN 2286469 AND 2296468 ORDER BY c
	Unique  (cost=34910.66..34960.41 rows=9950 width=121)
	  ->  Sort  (cost=34910.66..34935.53 rows=9950 width=121)
	        Sort Key: c
	        ->  Bitmap Heap Scan on sbtest8  (cost=218.42..34249.95 rows=9950 width=121)
	              Recheck Cond: ((id >= 2286469) AND (id <= 2296468))
	              ->  Bitmap Index Scan on sbtest8_pkey  (cost=0.00..215.94 rows=9950 width=0)
	                    Index Cond: ((id >= 2286469) AND (id <= 2296468))

for: distinct_ranges
table 1 : explain SELECT DISTINCT c FROM sbtest1 WHERE id BETWEEN 1857554 AND 1867553 ORDER BY c
	Unique  (cost=32346.03..32391.94 rows=9181 width=121)
	  ->  Sort  (cost=32346.03..32368.99 rows=9181 width=121)
	        Sort Key: c
	        ->  Bitmap Heap Scan on sbtest1  (cost=198.54..31741.72 rows=9181 width=121)
	              Recheck Cond: ((id >= 1857554) AND (id <= 1867553))
	              ->  Bitmap Index Scan on sbtest1_pkey  (cost=0.00..196.25 rows=9181 width=0)
	                    Index Cond: ((id >= 1857554) AND (id <= 1867553))

table 2 : explain SELECT DISTINCT c FROM sbtest2 WHERE id BETWEEN 5252647 AND 5262646 ORDER BY c
	Unique  (cost=34501.68..34550.94 rows=9852 width=121)
	  ->  Sort  (cost=34501.68..34526.31 rows=9852 width=121)
	        Sort Key: c
	        ->  Bitmap Heap Scan on sbtest2  (cost=213.42..33848.19 rows=9852 width=121)
	              Recheck Cond: ((id >= 5252647) AND (id <= 5262646))
	              ->  Bitmap Index Scan on sbtest2_pkey  (cost=0.00..210.95 rows=9852 width=0)
	                    Index Cond: ((id >= 5252647) AND (id <= 5262646))

table 3 : explain SELECT DISTINCT c FROM sbtest3 WHERE id BETWEEN 1631923 AND 1641922 ORDER BY c
	Unique  (cost=35021.60..35071.66 rows=10011 width=121)
	  ->  Sort  (cost=35021.60..35046.63 rows=10011 width=121)
	        Sort Key: c
	        ->  Bitmap Heap Scan on sbtest3  (cost=215.05..34356.40 rows=10011 width=121)
	              Recheck Cond: ((id >= 1631923) AND (id <= 1641922))
	              ->  Bitmap Index Scan on sbtest3_pkey  (cost=0.00..212.55 rows=10011 width=0)
	                    Index Cond: ((id >= 1631923) AND (id <= 1641922))

table 4 : explain SELECT DISTINCT c FROM sbtest4 WHERE id BETWEEN 8832130 AND 8842129 ORDER BY c
	Unique  (cost=34451.56..34500.71 rows=9829 width=121)
	  ->  Sort  (cost=34451.56..34476.13 rows=9829 width=121)
	        Sort Key: c
	        ->  Bitmap Heap Scan on sbtest4  (cost=213.18..33799.76 rows=9829 width=121)
	              Recheck Cond: ((id >= 8832130) AND (id <= 8842129))
	              ->  Bitmap Index Scan on sbtest4_pkey  (cost=0.00..210.73 rows=9829 width=0)
	                    Index Cond: ((id >= 8832130) AND (id <= 8842129))

table 5 : explain SELECT DISTINCT c FROM sbtest5 WHERE id BETWEEN 2214303 AND 2224302 ORDER BY c
	Unique  (cost=33190.92..33238.10 rows=9435 width=121)
	  ->  Sort  (cost=33190.92..33214.51 rows=9435 width=121)
	        Sort Key: c
	        ->  Bitmap Heap Scan on sbtest5  (cost=201.14..32568.03 rows=9435 width=121)
	              Recheck Cond: ((id >= 2214303) AND (id <= 2224302))
	              ->  Bitmap Index Scan on sbtest5_pkey  (cost=0.00..198.79 rows=9435 width=0)
	                    Index Cond: ((id >= 2214303) AND (id <= 2224302))

table 6 : explain SELECT DISTINCT c FROM sbtest6 WHERE id BETWEEN 8156749 AND 8166748 ORDER BY c
	Unique  (cost=33749.32..33797.31 rows=9597 width=121)
	  ->  Sort  (cost=33749.32..33773.32 rows=9597 width=121)
	        Sort Key: c
	        ->  Bitmap Heap Scan on sbtest6  (cost=206.80..33114.56 rows=9597 width=121)
	              Recheck Cond: ((id >= 8156749) AND (id <= 8166748))
	              ->  Bitmap Index Scan on sbtest6_pkey  (cost=0.00..204.41 rows=9597 width=0)
	                    Index Cond: ((id >= 8156749) AND (id <= 8166748))

table 7 : explain SELECT DISTINCT c FROM sbtest7 WHERE id BETWEEN 7528085 AND 7538084 ORDER BY c
	Unique  (cost=32979.65..33026.46 rows=9363 width=121)
	  ->  Sort  (cost=32979.65..33003.05 rows=9363 width=121)
	        Sort Key: c
	        ->  Bitmap Heap Scan on sbtest7  (cost=200.41..32362.03 rows=9363 width=121)
	              Recheck Cond: ((id >= 7528085) AND (id <= 7538084))
	              ->  Bitmap Index Scan on sbtest7_pkey  (cost=0.00..198.06 rows=9363 width=0)
	                    Index Cond: ((id >= 7528085) AND (id <= 7538084))

table 8 : explain SELECT DISTINCT c FROM sbtest8 WHERE id BETWEEN 957111 AND 967110 ORDER BY c
	Unique  (cost=39148.29..39204.73 rows=11289 width=121)
	  ->  Sort  (cost=39148.29..39176.51 rows=11289 width=121)
	        Sort Key: c
	        ->  Bitmap Heap Scan on sbtest8  (cost=244.15..38388.39 rows=11289 width=121)
	              Recheck Cond: ((id >= 957111) AND (id <= 967110))
	              ->  Bitmap Index Scan on sbtest8_pkey  (cost=0.00..241.32 rows=11289 width=0)
	                    Index Cond: ((id >= 957111) AND (id <= 967110))

Threads started!

Warming up for 5 seconds...

SQL statistics:
    queries performed:
        read:                            3994140
        write:                           0
        other:                           570618
        total:                           4564758
    transactions:                        285329 (452.84 per sec.)
    queries:                             4564758 (7244.61 per sec.)
    ignored errors:                      0      (0.00 per sec.)
    reconnects:                          0      (0.00 per sec.)

Throughput:
    events/s (eps):                      452.8384
    time elapsed:                        630.0907s
    total number of events:              285329

Latency (ms):
         min:                                   43.88
         avg:                                   88.33
         max:                                  101.98
         95th percentile:                       90.78
         sum:                             25203137.70

Threads fairness:
    events (avg/stddev):           7133.2250/13.59
    execution time (avg/stddev):   630.0784/0.03

