LUA_PATH=/home/mdcallag/git/mytools/bench/sysbench.lua/lua/?.lua /home/mdcallag/git/mytools/bench/sysbench.lua/lua/sysbench --db-driver=pgsql --range-size=100 --table-size=10000000 --tables=8 --threads=40 --events=0 --warmup-time=5 --time=630 --pgsql_conn_id=true /home/mdcallag/git/mytools/bench/sysbench.lua/lua/oltp_range_covered.lua run --pgsql-user=root --pgsql-password=pw --pgsql-host=127.0.0.1 --pgsql-db=ib --rand-type=uniform --random-points=100 --skip-trx --on-id=false --covered=false
48 CPUs
sysbench 1.1.0-9072687 (using bundled LuaJIT 2.1.0-beta3)

Running the test with following options:
Number of threads: 40
Warmup time: 5s
Initializing random number generator from current time


Initializing worker threads...

explain: for range-notcovered :: explain SELECT k, c FROM sbtest%d WHERE k BETWEEN 4581183 AND 4581283
explain: for range-notcovered :: explain SELECT k, c FROM sbtest%d WHERE k BETWEEN 3475180 AND 3475280
explain: for range-notcovered :: explain SELECT k, c FROM sbtest%d WHERE k BETWEEN 4852987 AND 4853087
explain: for range-notcovered :: explain SELECT k, c FROM sbtest%d WHERE k BETWEEN 8329928 AND 8330028
explain: for range-notcovered :: explain SELECT k, c FROM sbtest%d WHERE k BETWEEN 6496944 AND 6497044
explain: for range-notcovered :: explain SELECT k, c FROM sbtest%d WHERE k BETWEEN 6607380 AND 6607480
explain: for range-notcovered :: explain SELECT k, c FROM sbtest%d WHERE k BETWEEN 4957913 AND 4958013
explain: for range-notcovered :: explain SELECT k, c FROM sbtest%d WHERE k BETWEEN 2640584 AND 2640684
explain: for range-notcovered :: explain SELECT k, c FROM sbtest%d WHERE k BETWEEN 5330440 AND 5330540
explain: for range-notcovered :: explain SELECT k, c FROM sbtest%d WHERE k BETWEEN 6751162 AND 6751262
explain: for range-notcovered :: explain SELECT k, c FROM sbtest%d WHERE k BETWEEN 6043282 AND 6043382
explain: for range-notcovered :: explain SELECT k, c FROM sbtest%d WHERE k BETWEEN 4344122 AND 4344222
explain: for range-notcovered :: explain SELECT k, c FROM sbtest%d WHERE k BETWEEN 4047833 AND 4047933
explain: for range-notcovered :: explain SELECT k, c FROM sbtest%d WHERE k BETWEEN 3169346 AND 3169446
explain: for range-notcovered :: explain SELECT k, c FROM sbtest%d WHERE k BETWEEN 7296580 AND 7296680
explain: for range-notcovered :: explain SELECT k, c FROM sbtest%d WHERE k BETWEEN 2095794 AND 2095894
explain: for range-notcovered :: explain SELECT k, c FROM sbtest%d WHERE k BETWEEN 7936229 AND 7936329
explain: for range-notcovered :: explain SELECT k, c FROM sbtest%d WHERE k BETWEEN 4937242 AND 4937342
explain: for range-notcovered :: explain SELECT k, c FROM sbtest%d WHERE k BETWEEN 5101710 AND 5101810
explain: for range-notcovered :: explain SELECT k, c FROM sbtest%d WHERE k BETWEEN 9066599 AND 9066699
explain: for range-notcovered :: explain SELECT k, c FROM sbtest%d WHERE k BETWEEN 5421055 AND 5421155
explain: for range-notcovered :: explain SELECT k, c FROM sbtest%d WHERE k BETWEEN 4007277 AND 4007377
explain: for range-notcovered :: explain SELECT k, c FROM sbtest%d WHERE k BETWEEN 3662722 AND 3662822
explain: for range-notcovered :: explain SELECT k, c FROM sbtest%d WHERE k BETWEEN 4976738 AND 4976838
explain: for range-notcovered :: explain SELECT k, c FROM sbtest%d WHERE k BETWEEN 5368835 AND 5368935
explain: for range-notcovered :: explain SELECT k, c FROM sbtest%d WHERE k BETWEEN 1077461 AND 1077561
for range-notcovered
table 1 : explain SELECT k, c FROM sbtest1 WHERE k BETWEEN 4852987 AND 4853087
	Bitmap Heap Scan on sbtest1  (cost=5.47..405.37 rows=101 width=125)
	  Recheck Cond: ((k >= 4852987) AND (k <= 4853087))
	  ->  Bitmap Index Scan on k_1  (cost=0.00..5.44 rows=101 width=0)
	        Index Cond: ((k >= 4852987) AND (k <= 4853087))

table 2 : explain SELECT k, c FROM sbtest2 WHERE k BETWEEN 4852987 AND 4853087
	Bitmap Heap Scan on sbtest2  (cost=5.55..436.90 rows=109 width=125)
	  Recheck Cond: ((k >= 4852987) AND (k <= 4853087))
	  ->  Bitmap Index Scan on k_2  (cost=0.00..5.52 rows=109 width=0)
	        Index Cond: ((k >= 4852987) AND (k <= 4853087))

table 3 : explain SELECT k, c FROM sbtest3 WHERE k BETWEEN 4852987 AND 4853087
	Bitmap Heap Scan on sbtest3  (cost=5.38..369.89 rows=92 width=125)
	  Recheck Cond: ((k >= 4852987) AND (k <= 4853087))
	  ->  Bitmap Index Scan on k_3  (cost=0.00..5.35 rows=92 width=0)
	        Index Cond: ((k >= 4852987) AND (k <= 4853087))

table 4 : explain SELECT k, c FROM sbtest4 WHERE k BETWEEN 4852987 AND 4853087
	Bitmap Heap Scan on sbtest4  (cost=5.51..421.16 rows=105 width=125)
	  Recheck Cond: ((k >= 4852987) AND (k <= 4853087))
	  ->  Bitmap Index Scan on k_4  (cost=0.00..5.48 rows=105 width=0)
	        Index Cond: ((k >= 4852987) AND (k <= 4853087))

table 5 : explain SELECT k, c FROM sbtest5 WHERE k BETWEEN 4852987 AND 4853087
	Bitmap Heap Scan on sbtest5  (cost=5.54..432.98 rows=108 width=125)
	  Recheck Cond: ((k >= 4852987) AND (k <= 4853087))
	  ->  Bitmap Index Scan on k_5  (cost=0.00..5.51 rows=108 width=0)
	        Index Cond: ((k >= 4852987) AND (k <= 4853087))

table 6 : explain SELECT k, c FROM sbtest6 WHERE k BETWEEN 4852987 AND 4853087
	Bitmap Heap Scan on sbtest6  (cost=5.44..393.60 rows=98 width=125)
	  Recheck Cond: ((k >= 4852987) AND (k <= 4853087))
	  ->  Bitmap Index Scan on k_6  (cost=0.00..5.42 rows=98 width=0)
	        Index Cond: ((k >= 4852987) AND (k <= 4853087))

table 7 : explain SELECT k, c FROM sbtest7 WHERE k BETWEEN 4852987 AND 4853087
	Bitmap Heap Scan on sbtest7  (cost=5.52..425.13 rows=106 width=125)
	  Recheck Cond: ((k >= 4852987) AND (k <= 4853087))
	  ->  Bitmap Index Scan on k_7  (cost=0.00..5.50 rows=106 width=0)
	        Index Cond: ((k >= 4852987) AND (k <= 4853087))

table 8 : explain SELECT k, c FROM sbtest8 WHERE k BETWEEN 4852987 AND 4853087
	Bitmap Heap Scan on sbtest8  (cost=5.44..393.62 rows=98 width=125)
	  Recheck Cond: ((k >= 4852987) AND (k <= 4853087))
	  ->  Bitmap Index Scan on k_8  (cost=0.00..5.42 rows=98 width=0)
	        Index Cond: ((k >= 4852987) AND (k <= 4853087))

for range-notcovered
table 1 : explain SELECT k, c FROM sbtest1 WHERE k BETWEEN 8329928 AND 8330028
	Bitmap Heap Scan on sbtest1  (cost=5.42..385.66 rows=96 width=125)
	  Recheck Cond: ((k >= 8329928) AND (k <= 8330028))
	  ->  Bitmap Index Scan on k_1  (cost=0.00..5.39 rows=96 width=0)
	        Index Cond: ((k >= 8329928) AND (k <= 8330028))

table 2 : explain SELECT k, c FROM sbtest2 WHERE k BETWEEN 8329928 AND 8330028
	Bitmap Heap Scan on sbtest2  (cost=5.51..421.14 rows=105 width=125)
	  Recheck Cond: ((k >= 8329928) AND (k <= 8330028))
	  ->  Bitmap Index Scan on k_2  (cost=0.00..5.48 rows=105 width=0)
	        Index Cond: ((k >= 8329928) AND (k <= 8330028))

table 3 : explain SELECT k, c FROM sbtest3 WHERE k BETWEEN 8329928 AND 8330028
	Bitmap Heap Scan on sbtest3  (cost=5.46..401.44 rows=100 width=125)
	  Recheck Cond: ((k >= 8329928) AND (k <= 8330028))
	  ->  Bitmap Index Scan on k_3  (cost=0.00..5.43 rows=100 width=0)
	        Index Cond: ((k >= 8329928) AND (k <= 8330028))

table 4 : explain SELECT k, c FROM sbtest4 WHERE k BETWEEN 8329928 AND 8330028
	Bitmap Heap Scan on sbtest4  (cost=5.49..413.28 rows=103 width=125)
	  Recheck Cond: ((k >= 8329928) AND (k <= 8330028))
	  ->  Bitmap Index Scan on k_4  (cost=0.00..5.46 rows=103 width=0)
	        Index Cond: ((k >= 8329928) AND (k <= 8330028))

table 5 : explain SELECT k, c FROM sbtest5 WHERE k BETWEEN 8329928 AND 8330028
	Bitmap Heap Scan on sbtest5  (cost=5.59..452.68 rows=113 width=125)
	  Recheck Cond: ((k >= 8329928) AND (k <= 8330028))
	  ->  Bitmap Index Scan on k_5  (cost=0.00..5.56 rows=113 width=0)
	        Index Cond: ((k >= 8329928) AND (k <= 8330028))

table 6 : explain SELECT k, c FROM sbtest6 WHERE k BETWEEN 8329928 AND 8330028
	Bitmap Heap Scan on sbtest6  (cost=5.44..393.60 rows=98 width=125)
	  Recheck Cond: ((k >= 8329928) AND (k <= 8330028))
	  ->  Bitmap Index Scan on k_6  (cost=0.00..5.42 rows=98 width=0)
	        Index Cond: ((k >= 8329928) AND (k <= 8330028))

table 7 : explain SELECT k, c FROM sbtest7 WHERE k BETWEEN 8329928 AND 8330028
	Bitmap Heap Scan on sbtest7  (cost=5.59..452.70 rows=113 width=125)
	  Recheck Cond: ((k >= 8329928) AND (k <= 8330028))
	  ->  Bitmap Index Scan on k_7  (cost=0.00..5.56 rows=113 width=0)
	        Index Cond: ((k >= 8329928) AND (k <= 8330028))

table 8 : explain SELECT k, c FROM sbtest8 WHERE k BETWEEN 8329928 AND 8330028
	Bitmap Heap Scan on sbtest8  (cost=5.52..425.17 rows=106 width=125)
	  Recheck Cond: ((k >= 8329928) AND (k <= 8330028))
	  ->  Bitmap Index Scan on k_8  (cost=0.00..5.50 rows=106 width=0)
	        Index Cond: ((k >= 8329928) AND (k <= 8330028))

for range-notcovered
table 1 : explain SELECT k, c FROM sbtest1 WHERE k BETWEEN 3475180 AND 3475280
	Bitmap Heap Scan on sbtest1  (cost=5.53..429.01 rows=107 width=125)
	  Recheck Cond: ((k >= 3475180) AND (k <= 3475280))
	  ->  Bitmap Index Scan on k_1  (cost=0.00..5.50 rows=107 width=0)
	        Index Cond: ((k >= 3475180) AND (k <= 3475280))

table 2 : explain SELECT k, c FROM sbtest2 WHERE k BETWEEN 3475180 AND 3475280
	Bitmap Heap Scan on sbtest2  (cost=5.51..421.14 rows=105 width=125)
	  Recheck Cond: ((k >= 3475180) AND (k <= 3475280))
	  ->  Bitmap Index Scan on k_2  (cost=0.00..5.48 rows=105 width=0)
	        Index Cond: ((k >= 3475180) AND (k <= 3475280))

table 3 : explain SELECT k, c FROM sbtest3 WHERE k BETWEEN 3475180 AND 3475280
	Bitmap Heap Scan on sbtest3  (cost=5.40..377.78 rows=94 width=125)
	  Recheck Cond: ((k >= 3475180) AND (k <= 3475280))
	  ->  Bitmap Index Scan on k_3  (cost=0.00..5.38 rows=94 width=0)
	        Index Cond: ((k >= 3475180) AND (k <= 3475280))

table 4 : explain SELECT k, c FROM sbtest4 WHERE k BETWEEN 3475180 AND 3475280
	Bitmap Heap Scan on sbtest4  (cost=5.57..444.80 rows=111 width=125)
	  Recheck Cond: ((k >= 3475180) AND (k <= 3475280))
	  ->  Bitmap Index Scan on k_4  (cost=0.00..5.54 rows=111 width=0)
	        Index Cond: ((k >= 3475180) AND (k <= 3475280))

table 5 : explain SELECT k, c FROM sbtest5 WHERE k BETWEEN 3475180 AND 3475280
	Bitmap Heap Scan on sbtest5  (cost=5.45..397.51 rows=99 width=125)
	  Recheck Cond: ((k >= 3475180) AND (k <= 3475280))
	  ->  Bitmap Index Scan on k_5  (cost=0.00..5.42 rows=99 width=0)
	        Index Cond: ((k >= 3475180) AND (k <= 3475280))

table 6 : explain SELECT k, c FROM sbtest6 WHERE k BETWEEN 3475180 AND 3475280
	Bitmap Heap Scan on sbtest6  (cost=5.44..393.60 rows=98 width=125)
	  Recheck Cond: ((k >= 3475180) AND (k <= 3475280))
	  ->  Bitmap Index Scan on k_6  (cost=0.00..5.42 rows=98 width=0)
	        Index Cond: ((k >= 3475180) AND (k <= 3475280))

table 7 : explain SELECT k, c FROM sbtest7 WHERE k BETWEEN 3475180 AND 3475280
	Bitmap Heap Scan on sbtest7  (cost=5.54..433.01 rows=108 width=125)
	  Recheck Cond: ((k >= 3475180) AND (k <= 3475280))
	  ->  Bitmap Index Scan on k_7  (cost=0.00..5.51 rows=108 width=0)
	        Index Cond: ((k >= 3475180) AND (k <= 3475280))

table 8 : explain SELECT k, c FROM sbtest8 WHERE k BETWEEN 3475180 AND 3475280
	Bitmap Heap Scan on sbtest8  (cost=5.45..397.57 rows=99 width=125)
	  Recheck Cond: ((k >= 3475180) AND (k <= 3475280))
	  ->  Bitmap Index Scan on k_8  (cost=0.00..5.42 rows=99 width=0)
	        Index Cond: ((k >= 3475180) AND (k <= 3475280))
explain: for range-notcovered :: explain SELECT k, c FROM sbtest%d WHERE k BETWEEN 4852987 AND 4853087
explain: for range-notcovered :: explain SELECT k, c FROM sbtest%d WHERE k BETWEEN 3887905 AND 3888005
explain: for range-notcovered :: explain SELECT k, c FROM sbtest%d WHERE k BETWEEN 8329928 AND 8330028

for range-notcovered
table 1 : explain SELECT k, c FROM sbtest1 WHERE k BETWEEN 4581183 AND 4581283
	Bitmap Heap Scan on sbtest1  (cost=5.46..401.43 rows=100 width=125)
	  Recheck Cond: ((k >= 4581183) AND (k <= 4581283))
	  ->  Bitmap Index Scan on k_1  (cost=0.00..5.43 rows=100 width=0)
	        Index Cond: ((k >= 4581183) AND (k <= 4581283))

table 2 : explain SELECT k, c FROM sbtest2 WHERE k BETWEEN 4581183 AND 4581283
	Bitmap Heap Scan on sbtest2  (cost=5.48..409.32 rows=102 width=125)
	  Recheck Cond: ((k >= 4581183) AND (k <= 4581283))
	  ->  Bitmap Index Scan on k_2  (cost=0.00..5.45 rows=102 width=0)
	        Index Cond: ((k >= 4581183) AND (k <= 4581283))

table 3 : explain SELECT k, c FROM sbtest3 WHERE k BETWEEN 4581183 AND 4581283
	Bitmap Heap Scan on sbtest3  (cost=5.48..409.33 rows=102 width=125)
	  Recheck Cond: ((k >= 4581183) AND (k <= 4581283))
	  ->  Bitmap Index Scan on k_3  (cost=0.00..5.45 rows=102 width=0)
	        Index Cond: ((k >= 4581183) AND (k <= 4581283))

table 4 : explain SELECT k, c FROM sbtest4 WHERE k BETWEEN 4581183 AND 4581283
	Bitmap Heap Scan on sbtest4  (cost=5.47..405.39 rows=101 width=125)
	  Recheck Cond: ((k >= 4581183) AND (k <= 4581283))
	  ->  Bitmap Index Scan on k_4  (cost=0.00..5.44 rows=101 width=0)
	        Index Cond: ((k >= 4581183) AND (k <= 4581283))

table 5 : explain SELECT k, c FROM sbtest5 WHERE k BETWEEN 4581183 AND 4581283
	Bitmap Heap Scan on sbtest5  (cost=5.48..409.34 rows=102 width=125)
	  Recheck Cond: ((k >= 4581183) AND (k <= 4581283))
	  ->  Bitmap Index Scan on k_5  (cost=0.00..5.45 rows=102 width=0)
	        Index Cond: ((k >= 4581183) AND (k <= 4581283))

table 6 : explain SELECT k, c FROM sbtest6 WHERE k BETWEEN 4581183 AND 4581283
	Bitmap Heap Scan on sbtest6  (cost=5.61..460.59 rows=115 width=125)
	  Recheck Cond: ((k >= 4581183) AND (k <= 4581283))
	  ->  Bitmap Index Scan on k_6  (cost=0.00..5.58 rows=115 width=0)
	        Index Cond: ((k >= 4581183) AND (k <= 4581283))

table 7 : explain SELECT k, c FROM sbtest7 WHERE k BETWEEN 4581183 AND 4581283
	Bitmap Heap Scan on sbtest7  (cost=5.46..401.48 rows=100 width=125)
	  Recheck Cond: ((k >= 4581183) AND (k <= 4581283))
	  ->  Bitmap Index Scan on k_7  (cost=0.00..5.43 rows=100 width=0)
	        Index Cond: ((k >= 4581183) AND (k <= 4581283))

table 8 : explain SELECT k, c FROM sbtest8 WHERE k BETWEEN 4581183 AND 4581283
	Bitmap Heap Scan on sbtest8  (cost=5.45..397.57 rows=99 width=125)
	  Recheck Cond: ((k >= 4581183) AND (k <= 4581283))
	  ->  Bitmap Index Scan on k_8  (cost=0.00..5.42 rows=99 width=0)
	        Index Cond: ((k >= 4581183) AND (k <= 4581283))

explain: for range-notcovered :: explain SELECT k, c FROM sbtest%d WHERE k BETWEEN 3475180 AND 3475280
for range-notcovered
table 1 : explain SELECT k, c FROM sbtest1 WHERE k BETWEEN 6496944 AND 6497044
	Bitmap Heap Scan on sbtest1  (cost=5.61..460.52 rows=115 width=125)
	  Recheck Cond: ((k >= 6496944) AND (k <= 6497044))
	  ->  Bitmap Index Scan on k_1  (cost=0.00..5.58 rows=115 width=0)
	        Index Cond: ((k >= 6496944) AND (k <= 6497044))

table 2 : explain SELECT k, c FROM sbtest2 WHERE k BETWEEN 6496944 AND 6497044
	Bitmap Heap Scan on sbtest2  (cost=5.49..413.26 rows=103 width=125)
	  Recheck Cond: ((k >= 6496944) AND (k <= 6497044))
	  ->  Bitmap Index Scan on k_2  (cost=0.00..5.46 rows=103 width=0)
	        Index Cond: ((k >= 6496944) AND (k <= 6497044))

table 3 : explain SELECT k, c FROM sbtest3 WHERE k BETWEEN 6496944 AND 6497044
	Bitmap Heap Scan on sbtest3  (cost=5.53..429.03 rows=107 width=125)
	  Recheck Cond: ((k >= 6496944) AND (k <= 6497044))
	  ->  Bitmap Index Scan on k_3  (cost=0.00..5.50 rows=107 width=0)
	        Index Cond: ((k >= 6496944) AND (k <= 6497044))

table 4 : explain SELECT k, c FROM sbtest4 WHERE k BETWEEN 6496944 AND 6497044
	Bitmap Heap Scan on sbtest4  (cost=5.40..377.79 rows=94 width=125)
	  Recheck Cond: ((k >= 6496944) AND (k <= 6497044))
	  ->  Bitmap Index Scan on k_4  (cost=0.00..5.38 rows=94 width=0)
	        Index Cond: ((k >= 6496944) AND (k <= 6497044))

table 5 : explain SELECT k, c FROM sbtest5 WHERE k BETWEEN 6496944 AND 6497044
	Bitmap Heap Scan on sbtest5  (cost=5.43..389.63 rows=97 width=125)
	  Recheck Cond: ((k >= 6496944) AND (k <= 6497044))
	  ->  Bitmap Index Scan on k_5  (cost=0.00..5.40 rows=97 width=0)
	        Index Cond: ((k >= 6496944) AND (k <= 6497044))

table 6 : explain SELECT k, c FROM sbtest6 WHERE k BETWEEN 6496944 AND 6497044
	Bitmap Heap Scan on sbtest6  (cost=5.55..436.96 rows=109 width=125)
	  Recheck Cond: ((k >= 6496944) AND (k <= 6497044))
	  ->  Bitmap Index Scan on k_6  (cost=0.00..5.52 rows=109 width=0)
	        Index Cond: ((k >= 6496944) AND (k <= 6497044))

table 7 : explain SELECT k, c FROM sbtest7 WHERE k BETWEEN 6496944 AND 6497044
	Bitmap Heap Scan on sbtest7  (cost=5.61..460.57 rows=115 width=125)
	  Recheck Cond: ((k >= 6496944) AND (k <= 6497044))
	  ->  Bitmap Index Scan on k_7  (cost=0.00..5.58 rows=115 width=0)
	        Index Cond: ((k >= 6496944) AND (k <= 6497044))

table 8 : explain SELECT k, c FROM sbtest8 WHERE k BETWEEN 6496944 AND 6497044
	Bitmap Heap Scan on sbtest8  (cost=5.49..413.34 rows=103 width=125)
	  Recheck Cond: ((k >= 6496944) AND (k <= 6497044))
	  ->  Bitmap Index Scan on k_8  (cost=0.00..5.46 rows=103 width=0)
	        Index Cond: ((k >= 6496944) AND (k <= 6497044))

explain: for range-notcovered :: explain SELECT k, c FROM sbtest%d WHERE k BETWEEN 4581183 AND 4581283
explain: for range-notcovered :: explain SELECT k, c FROM sbtest%d WHERE k BETWEEN 2173248 AND 2173348
for range-notcovered
table 1 : explain SELECT k, c FROM sbtest1 WHERE k BETWEEN 4957913 AND 4958013
	Bitmap Heap Scan on sbtest1  (cost=5.47..405.37 rows=101 width=125)
	  Recheck Cond: ((k >= 4957913) AND (k <= 4958013))
	  ->  Bitmap Index Scan on k_1  (cost=0.00..5.44 rows=101 width=0)
	        Index Cond: ((k >= 4957913) AND (k <= 4958013))

table 2 : explain SELECT k, c FROM sbtest2 WHERE k BETWEEN 4957913 AND 4958013
	Bitmap Heap Scan on sbtest2  (cost=5.48..409.32 rows=102 width=125)
	  Recheck Cond: ((k >= 4957913) AND (k <= 4958013))
	  ->  Bitmap Index Scan on k_2  (cost=0.00..5.45 rows=102 width=0)
	        Index Cond: ((k >= 4957913) AND (k <= 4958013))

table 3 : explain SELECT k, c FROM sbtest3 WHERE k BETWEEN 4957913 AND 4958013
	Bitmap Heap Scan on sbtest3  (cost=5.51..421.15 rows=105 width=125)
	  Recheck Cond: ((k >= 4957913) AND (k <= 4958013))
	  ->  Bitmap Index Scan on k_3  (cost=0.00..5.48 rows=105 width=0)
	        Index Cond: ((k >= 4957913) AND (k <= 4958013))

table 4 : explain SELECT k, c FROM sbtest4 WHERE k BETWEEN 4957913 AND 4958013
	Bitmap Heap Scan on sbtest4  (cost=5.47..405.39 rows=101 width=125)
	  Recheck Cond: ((k >= 4957913) AND (k <= 4958013))
	  ->  Bitmap Index Scan on k_4  (cost=0.00..5.44 rows=101 width=0)
	        Index Cond: ((k >= 4957913) AND (k <= 4958013))

table 5 : explain SELECT k, c FROM sbtest5 WHERE k BETWEEN 4957913 AND 4958013
	Bitmap Heap Scan on sbtest5  (cost=5.46..401.46 rows=100 width=125)
	  Recheck Cond: ((k >= 4957913) AND (k <= 4958013))
	  ->  Bitmap Index Scan on k_5  (cost=0.00..5.43 rows=100 width=0)
	        Index Cond: ((k >= 4957913) AND (k <= 4958013))

table 6 : explain SELECT k, c FROM sbtest6 WHERE k BETWEEN 4957913 AND 4958013
	Bitmap Heap Scan on sbtest6  (cost=5.45..397.54 rows=99 width=125)
	  Recheck Cond: ((k >= 4957913) AND (k <= 4958013))
	  ->  Bitmap Index Scan on k_6  (cost=0.00..5.42 rows=99 width=0)
	        Index Cond: ((k >= 4957913) AND (k <= 4958013))

table 7 : explain SELECT k, c FROM sbtest7 WHERE k BETWEEN 4957913 AND 4958013
	Bitmap Heap Scan on sbtest7  (cost=5.45..397.53 rows=99 width=125)
	  Recheck Cond: ((k >= 4957913) AND (k <= 4958013))
	  ->  Bitmap Index Scan on k_7  (cost=0.00..5.42 rows=99 width=0)
	        Index Cond: ((k >= 4957913) AND (k <= 4958013))

table 8 : explain SELECT k, c FROM sbtest8 WHERE k BETWEEN 4957913 AND 4958013
	Bitmap Heap Scan on sbtest8  (cost=5.45..397.57 rows=99 width=125)
	  Recheck Cond: ((k >= 4957913) AND (k <= 4958013))
	  ->  Bitmap Index Scan on k_8  (cost=0.00..5.42 rows=99 width=0)
	        Index Cond: ((k >= 4957913) AND (k <= 4958013))

explain: for range-notcovered :: explain SELECT k, c FROM sbtest%d WHERE k BETWEEN 6496944 AND 6497044
for range-notcovered
table 1 : explain SELECT k, c FROM sbtest1 WHERE k BETWEEN 2640584 AND 2640684
	Bitmap Heap Scan on sbtest1  (cost=5.50..417.19 rows=104 width=125)
	  Recheck Cond: ((k >= 2640584) AND (k <= 2640684))
	  ->  Bitmap Index Scan on k_1  (cost=0.00..5.47 rows=104 width=0)
	        Index Cond: ((k >= 2640584) AND (k <= 2640684))

table 2 : explain SELECT k, c FROM sbtest2 WHERE k BETWEEN 2640584 AND 2640684
	Bitmap Heap Scan on sbtest2  (cost=5.42..385.66 rows=96 width=125)
	  Recheck Cond: ((k >= 2640584) AND (k <= 2640684))
	  ->  Bitmap Index Scan on k_2  (cost=0.00..5.39 rows=96 width=0)
	        Index Cond: ((k >= 2640584) AND (k <= 2640684))

table 3 : explain SELECT k, c FROM sbtest3 WHERE k BETWEEN 2640584 AND 2640684
	Bitmap Heap Scan on sbtest3  (cost=5.39..373.84 rows=93 width=125)
	  Recheck Cond: ((k >= 2640584) AND (k <= 2640684))
	  ->  Bitmap Index Scan on k_3  (cost=0.00..5.36 rows=93 width=0)
	        Index Cond: ((k >= 2640584) AND (k <= 2640684))

table 4 : explain SELECT k, c FROM sbtest4 WHERE k BETWEEN 2640584 AND 2640684
	Bitmap Heap Scan on sbtest4  (cost=5.45..397.51 rows=99 width=125)
	  Recheck Cond: ((k >= 2640584) AND (k <= 2640684))
	  ->  Bitmap Index Scan on k_4  (cost=0.00..5.42 rows=99 width=0)
	        Index Cond: ((k >= 2640584) AND (k <= 2640684))

table 5 : explain SELECT k, c FROM sbtest5 WHERE k BETWEEN 2640584 AND 2640684
	Bitmap Heap Scan on sbtest5  (cost=5.44..393.57 rows=98 width=125)
	  Recheck Cond: ((k >= 2640584) AND (k <= 2640684))
	  ->  Bitmap Index Scan on k_5  (cost=0.00..5.42 rows=98 width=0)
	        Index Cond: ((k >= 2640584) AND (k <= 2640684))

table 6 : explain SELECT k, c FROM sbtest6 WHERE k BETWEEN 2640584 AND 2640684
	Bitmap Heap Scan on sbtest6  (cost=5.48..409.37 rows=102 width=125)
	  Recheck Cond: ((k >= 2640584) AND (k <= 2640684))
	  ->  Bitmap Index Scan on k_6  (cost=0.00..5.45 rows=102 width=0)
	        Index Cond: ((k >= 2640584) AND (k <= 2640684))

table 7 : explain SELECT k, c FROM sbtest7 WHERE k BETWEEN 2640584 AND 2640684
	Bitmap Heap Scan on sbtest7  (cost=5.47..405.42 rows=101 width=125)
	  Recheck Cond: ((k >= 2640584) AND (k <= 2640684))
	  ->  Bitmap Index Scan on k_7  (cost=0.00..5.44 rows=101 width=0)
	        Index Cond: ((k >= 2640584) AND (k <= 2640684))

table 8 : explain SELECT k, c FROM sbtest8 WHERE k BETWEEN 2640584 AND 2640684
	Bitmap Heap Scan on sbtest8  (cost=5.52..425.17 rows=106 width=125)
	  Recheck Cond: ((k >= 2640584) AND (k <= 2640684))
	  ->  Bitmap Index Scan on k_8  (cost=0.00..5.50 rows=106 width=0)
	        Index Cond: ((k >= 2640584) AND (k <= 2640684))

explain: for range-notcovered :: explain SELECT k, c FROM sbtest%d WHERE k BETWEEN 4957913 AND 4958013
explain: for range-notcovered :: explain SELECT k, c FROM sbtest%d WHERE k BETWEEN 7480959 AND 7481059
for range-notcovered
table 1 : explain SELECT k, c FROM sbtest1 WHERE k BETWEEN 6607380 AND 6607480
	Bitmap Heap Scan on sbtest1  (cost=5.41..381.71 rows=95 width=125)
	  Recheck Cond: ((k >= 6607380) AND (k <= 6607480))
	  ->  Bitmap Index Scan on k_1  (cost=0.00..5.38 rows=95 width=0)
	        Index Cond: ((k >= 6607380) AND (k <= 6607480))

table 2 : explain SELECT k, c FROM sbtest2 WHERE k BETWEEN 6607380 AND 6607480
	Bitmap Heap Scan on sbtest2  (cost=5.54..432.96 rows=108 width=125)
	  Recheck Cond: ((k >= 6607380) AND (k <= 6607480))
	  ->  Bitmap Index Scan on k_2  (cost=0.00..5.51 rows=108 width=0)
	        Index Cond: ((k >= 6607380) AND (k <= 6607480))

table 3 : explain SELECT k, c FROM sbtest3 WHERE k BETWEEN 6607380 AND 6607480
	Bitmap Heap Scan on sbtest3  (cost=5.52..425.09 rows=106 width=125)
	  Recheck Cond: ((k >= 6607380) AND (k <= 6607480))
	  ->  Bitmap Index Scan on k_3  (cost=0.00..5.50 rows=106 width=0)
	        Index Cond: ((k >= 6607380) AND (k <= 6607480))

table 4 : explain SELECT k, c FROM sbtest4 WHERE k BETWEEN 6607380 AND 6607480
	Bitmap Heap Scan on sbtest4  (cost=5.53..429.04 rows=107 width=125)
	  Recheck Cond: ((k >= 6607380) AND (k <= 6607480))
	  ->  Bitmap Index Scan on k_4  (cost=0.00..5.50 rows=107 width=0)
	        Index Cond: ((k >= 6607380) AND (k <= 6607480))

table 5 : explain SELECT k, c FROM sbtest5 WHERE k BETWEEN 6607380 AND 6607480
	Bitmap Heap Scan on sbtest5  (cost=5.47..405.40 rows=101 width=125)
	  Recheck Cond: ((k >= 6607380) AND (k <= 6607480))
	  ->  Bitmap Index Scan on k_5  (cost=0.00..5.44 rows=101 width=0)
	        Index Cond: ((k >= 6607380) AND (k <= 6607480))

table 6 : explain SELECT k, c FROM sbtest6 WHERE k BETWEEN 6607380 AND 6607480
	Bitmap Heap Scan on sbtest6  (cost=5.40..377.82 rows=94 width=125)
	  Recheck Cond: ((k >= 6607380) AND (k <= 6607480))
	  ->  Bitmap Index Scan on k_6  (cost=0.00..5.38 rows=94 width=0)
	        Index Cond: ((k >= 6607380) AND (k <= 6607480))

table 7 : explain SELECT k, c FROM sbtest7 WHERE k BETWEEN 6607380 AND 6607480
	Bitmap Heap Scan on sbtest7  (cost=5.52..425.13 rows=106 width=125)
	  Recheck Cond: ((k >= 6607380) AND (k <= 6607480))
	  ->  Bitmap Index Scan on k_7  (cost=0.00..5.50 rows=106 width=0)
	        Index Cond: ((k >= 6607380) AND (k <= 6607480))

table 8 : explain SELECT k, c FROM sbtest8 WHERE k BETWEEN 6607380 AND 6607480
	Bitmap Heap Scan on sbtest8  (cost=5.44..393.62 rows=98 width=125)
	  Recheck Cond: ((k >= 6607380) AND (k <= 6607480))
	  ->  Bitmap Index Scan on k_8  (cost=0.00..5.42 rows=98 width=0)
	        Index Cond: ((k >= 6607380) AND (k <= 6607480))

for range-notcovered
table 1 : explain SELECT k, c FROM sbtest1 WHERE k BETWEEN 5330440 AND 5330540
	Bitmap Heap Scan on sbtest1  (cost=5.46..401.43 rows=100 width=125)
	  Recheck Cond: ((k >= 5330440) AND (k <= 5330540))
	  ->  Bitmap Index Scan on k_1  (cost=0.00..5.43 rows=100 width=0)
	        Index Cond: ((k >= 5330440) AND (k <= 5330540))

table 2 : explain SELECT k, c FROM sbtest2 WHERE k BETWEEN 5330440 AND 5330540
	Bitmap Heap Scan on sbtest2  (cost=5.56..440.83 rows=110 width=125)
	  Recheck Cond: ((k >= 5330440) AND (k <= 5330540))
	  ->  Bitmap Index Scan on k_2  (cost=0.00..5.53 rows=110 width=0)
	        Index Cond: ((k >= 5330440) AND (k <= 5330540))

table 3 : explain SELECT k, c FROM sbtest3 WHERE k BETWEEN 5330440 AND 5330540
	Bitmap Heap Scan on sbtest3  (cost=5.39..373.84 rows=93 width=125)
	  Recheck Cond: ((k >= 5330440) AND (k <= 5330540))
	  ->  Bitmap Index Scan on k_3  (cost=0.00..5.36 rows=93 width=0)
	        Index Cond: ((k >= 5330440) AND (k <= 5330540))

table 4 : explain SELECT k, c FROM sbtest4 WHERE k BETWEEN 5330440 AND 5330540
	Bitmap Heap Scan on sbtest4  (cost=5.42..385.68 rows=96 width=125)
	  Recheck Cond: ((k >= 5330440) AND (k <= 5330540))
	  ->  Bitmap Index Scan on k_4  (cost=0.00..5.39 rows=96 width=0)
	        Index Cond: ((k >= 5330440) AND (k <= 5330540))

table 5 : explain SELECT k, c FROM sbtest5 WHERE k BETWEEN 5330440 AND 5330540
	Bitmap Heap Scan on sbtest5  (cost=5.53..429.04 rows=107 width=125)
	  Recheck Cond: ((k >= 5330440) AND (k <= 5330540))
	  ->  Bitmap Index Scan on k_5  (cost=0.00..5.50 rows=107 width=0)
	        Index Cond: ((k >= 5330440) AND (k <= 5330540))

table 6 : explain SELECT k, c FROM sbtest6 WHERE k BETWEEN 5330440 AND 5330540
	Bitmap Heap Scan on sbtest6  (cost=5.52..425.14 rows=106 width=125)
	  Recheck Cond: ((k >= 5330440) AND (k <= 5330540))
	  ->  Bitmap Index Scan on k_6  (cost=0.00..5.50 rows=106 width=0)
	        Index Cond: ((k >= 5330440) AND (k <= 5330540))

table 7 : explain SELECT k, c FROM sbtest7 WHERE k BETWEEN 5330440 AND 5330540
	Bitmap Heap Scan on sbtest7  (cost=5.51..421.19 rows=105 width=125)
	  Recheck Cond: ((k >= 5330440) AND (k <= 5330540))
	  ->  Bitmap Index Scan on k_7  (cost=0.00..5.48 rows=105 width=0)
	        Index Cond: ((k >= 5330440) AND (k <= 5330540))

table 8 : explain SELECT k, c FROM sbtest8 WHERE k BETWEEN 5330440 AND 5330540
	Bitmap Heap Scan on sbtest8  (cost=5.50..417.28 rows=104 width=125)
	  Recheck Cond: ((k >= 5330440) AND (k <= 5330540))
	  ->  Bitmap Index Scan on k_8  (cost=0.00..5.47 rows=104 width=0)
	        Index Cond: ((k >= 5330440) AND (k <= 5330540))

explain: for range-notcovered :: explain SELECT k, c FROM sbtest%d WHERE k BETWEEN 2640584 AND 2640684
explain: for range-notcovered :: explain SELECT k, c FROM sbtest%d WHERE k BETWEEN 3348607 AND 3348707
explain: for range-notcovered :: explain SELECT k, c FROM sbtest%d WHERE k BETWEEN 974328 AND 974428
explain: for range-notcovered :: explain SELECT k, c FROM sbtest%d WHERE k BETWEEN 6607380 AND 6607480
explain: for range-notcovered :: explain SELECT k, c FROM sbtest%d WHERE k BETWEEN 5330440 AND 5330540
for range-notcovered
table 1 : explain SELECT k, c FROM sbtest1 WHERE k BETWEEN 4344122 AND 4344222
	Bitmap Heap Scan on sbtest1  (cost=5.50..417.19 rows=104 width=125)
	  Recheck Cond: ((k >= 4344122) AND (k <= 4344222))
	  ->  Bitmap Index Scan on k_1  (cost=0.00..5.47 rows=104 width=0)
	        Index Cond: ((k >= 4344122) AND (k <= 4344222))

table 2 : explain SELECT k, c FROM sbtest2 WHERE k BETWEEN 4344122 AND 4344222
	Bitmap Heap Scan on sbtest2  (cost=5.40..377.77 rows=94 width=125)
	  Recheck Cond: ((k >= 4344122) AND (k <= 4344222))
	  ->  Bitmap Index Scan on k_2  (cost=0.00..5.38 rows=94 width=0)
	        Index Cond: ((k >= 4344122) AND (k <= 4344222))

table 3 : explain SELECT k, c FROM sbtest3 WHERE k BETWEEN 4344122 AND 4344222
	Bitmap Heap Scan on sbtest3  (cost=5.52..425.09 rows=106 width=125)
	  Recheck Cond: ((k >= 4344122) AND (k <= 4344222))
	  ->  Bitmap Index Scan on k_3  (cost=0.00..5.50 rows=106 width=0)
	        Index Cond: ((k >= 4344122) AND (k <= 4344222))

table 4 : explain SELECT k, c FROM sbtest4 WHERE k BETWEEN 4344122 AND 4344222
	Bitmap Heap Scan on sbtest4  (cost=5.44..393.57 rows=98 width=125)
	  Recheck Cond: ((k >= 4344122) AND (k <= 4344222))
	  ->  Bitmap Index Scan on k_4  (cost=0.00..5.42 rows=98 width=0)
	        Index Cond: ((k >= 4344122) AND (k <= 4344222))

table 5 : explain SELECT k, c FROM sbtest5 WHERE k BETWEEN 4344122 AND 4344222
	Bitmap Heap Scan on sbtest5  (cost=5.59..452.68 rows=113 width=125)
	  Recheck Cond: ((k >= 4344122) AND (k <= 4344222))
	  ->  Bitmap Index Scan on k_5  (cost=0.00..5.56 rows=113 width=0)
	        Index Cond: ((k >= 4344122) AND (k <= 4344222))

table 6 : explain SELECT k, c FROM sbtest6 WHERE k BETWEEN 4344122 AND 4344222
	Bitmap Heap Scan on sbtest6  (cost=5.48..409.37 rows=102 width=125)
	  Recheck Cond: ((k >= 4344122) AND (k <= 4344222))
	  ->  Bitmap Index Scan on k_6  (cost=0.00..5.45 rows=102 width=0)
	        Index Cond: ((k >= 4344122) AND (k <= 4344222))

table 7 : explain SELECT k, c FROM sbtest7 WHERE k BETWEEN 4344122 AND 4344222
	Bitmap Heap Scan on sbtest7  (cost=5.40..377.81 rows=94 width=125)
	  Recheck Cond: ((k >= 4344122) AND (k <= 4344222))
	  ->  Bitmap Index Scan on k_7  (cost=0.00..5.38 rows=94 width=0)
	        Index Cond: ((k >= 4344122) AND (k <= 4344222))

table 8 : explain SELECT k, c FROM sbtest8 WHERE k BETWEEN 4344122 AND 4344222
	Bitmap Heap Scan on sbtest8  (cost=5.50..417.28 rows=104 width=125)
	  Recheck Cond: ((k >= 4344122) AND (k <= 4344222))
	  ->  Bitmap Index Scan on k_8  (cost=0.00..5.47 rows=104 width=0)
	        Index Cond: ((k >= 4344122) AND (k <= 4344222))

for range-notcovered
table 1 : explain SELECT k, c FROM sbtest1 WHERE k BETWEEN 8329928 AND 8330028
	Bitmap Heap Scan on sbtest1  (cost=5.42..385.66 rows=96 width=125)
	  Recheck Cond: ((k >= 8329928) AND (k <= 8330028))
	  ->  Bitmap Index Scan on k_1  (cost=0.00..5.39 rows=96 width=0)
	        Index Cond: ((k >= 8329928) AND (k <= 8330028))

table 2 : explain SELECT k, c FROM sbtest2 WHERE k BETWEEN 8329928 AND 8330028
	Bitmap Heap Scan on sbtest2  (cost=5.51..421.14 rows=105 width=125)
	  Recheck Cond: ((k >= 8329928) AND (k <= 8330028))
	  ->  Bitmap Index Scan on k_2  (cost=0.00..5.48 rows=105 width=0)
	        Index Cond: ((k >= 8329928) AND (k <= 8330028))

table 3 : explain SELECT k, c FROM sbtest3 WHERE k BETWEEN 8329928 AND 8330028
	Bitmap Heap Scan on sbtest3  (cost=5.46..401.44 rows=100 width=125)
	  Recheck Cond: ((k >= 8329928) AND (k <= 8330028))
	  ->  Bitmap Index Scan on k_3  (cost=0.00..5.43 rows=100 width=0)
	        Index Cond: ((k >= 8329928) AND (k <= 8330028))

table 4 : explain SELECT k, c FROM sbtest4 WHERE k BETWEEN 8329928 AND 8330028
	Bitmap Heap Scan on sbtest4  (cost=5.49..413.28 rows=103 width=125)
	  Recheck Cond: ((k >= 8329928) AND (k <= 8330028))
	  ->  Bitmap Index Scan on k_4  (cost=0.00..5.46 rows=103 width=0)
	        Index Cond: ((k >= 8329928) AND (k <= 8330028))

table 5 : explain SELECT k, c FROM sbtest5 WHERE k BETWEEN 8329928 AND 8330028
	Bitmap Heap Scan on sbtest5  (cost=5.59..452.68 rows=113 width=125)
	  Recheck Cond: ((k >= 8329928) AND (k <= 8330028))
	  ->  Bitmap Index Scan on k_5  (cost=0.00..5.56 rows=113 width=0)
	        Index Cond: ((k >= 8329928) AND (k <= 8330028))

table 6 : explain SELECT k, c FROM sbtest6 WHERE k BETWEEN 8329928 AND 8330028
	Bitmap Heap Scan on sbtest6  (cost=5.44..393.60 rows=98 width=125)
	  Recheck Cond: ((k >= 8329928) AND (k <= 8330028))
	  ->  Bitmap Index Scan on k_6  (cost=0.00..5.42 rows=98 width=0)
	        Index Cond: ((k >= 8329928) AND (k <= 8330028))

table 7 : explain SELECT k, c FROM sbtest7 WHERE k BETWEEN 8329928 AND 8330028
	Bitmap Heap Scan on sbtest7  (cost=5.59..452.70 rows=113 width=125)
	  Recheck Cond: ((k >= 8329928) AND (k <= 8330028))
	  ->  Bitmap Index Scan on k_7  (cost=0.00..5.56 rows=113 width=0)
	        Index Cond: ((k >= 8329928) AND (k <= 8330028))

table 8 : explain SELECT k, c FROM sbtest8 WHERE k BETWEEN 8329928 AND 8330028
	Bitmap Heap Scan on sbtest8  (cost=5.52..425.17 rows=106 width=125)
	  Recheck Cond: ((k >= 8329928) AND (k <= 8330028))
	  ->  Bitmap Index Scan on k_8  (cost=0.00..5.50 rows=106 width=0)
	        Index Cond: ((k >= 8329928) AND (k <= 8330028))

for range-notcovered
table 1 : explain SELECT k, c FROM sbtest1 WHERE k BETWEEN 4852987 AND 4853087
	Bitmap Heap Scan on sbtest1  (cost=5.47..405.37 rows=101 width=125)
	  Recheck Cond: ((k >= 4852987) AND (k <= 4853087))
	  ->  Bitmap Index Scan on k_1  (cost=0.00..5.44 rows=101 width=0)
	        Index Cond: ((k >= 4852987) AND (k <= 4853087))

table 2 : explain SELECT k, c FROM sbtest2 WHERE k BETWEEN 4852987 AND 4853087
	Bitmap Heap Scan on sbtest2  (cost=5.55..436.90 rows=109 width=125)
	  Recheck Cond: ((k >= 4852987) AND (k <= 4853087))
	  ->  Bitmap Index Scan on k_2  (cost=0.00..5.52 rows=109 width=0)
	        Index Cond: ((k >= 4852987) AND (k <= 4853087))

table 3 : explain SELECT k, c FROM sbtest3 WHERE k BETWEEN 4852987 AND 4853087
	Bitmap Heap Scan on sbtest3  (cost=5.38..369.89 rows=92 width=125)
	  Recheck Cond: ((k >= 4852987) AND (k <= 4853087))
	  ->  Bitmap Index Scan on k_3  (cost=0.00..5.35 rows=92 width=0)
	        Index Cond: ((k >= 4852987) AND (k <= 4853087))

table 4 : explain SELECT k, c FROM sbtest4 WHERE k BETWEEN 4852987 AND 4853087
	Bitmap Heap Scan on sbtest4  (cost=5.51..421.16 rows=105 width=125)
	  Recheck Cond: ((k >= 4852987) AND (k <= 4853087))
	  ->  Bitmap Index Scan on k_4  (cost=0.00..5.48 rows=105 width=0)
	        Index Cond: ((k >= 4852987) AND (k <= 4853087))

table 5 : explain SELECT k, c FROM sbtest5 WHERE k BETWEEN 4852987 AND 4853087
	Bitmap Heap Scan on sbtest5  (cost=5.54..432.98 rows=108 width=125)
	  Recheck Cond: ((k >= 4852987) AND (k <= 4853087))
	  ->  Bitmap Index Scan on k_5  (cost=0.00..5.51 rows=108 width=0)
	        Index Cond: ((k >= 4852987) AND (k <= 4853087))

table 6 : explain SELECT k, c FROM sbtest6 WHERE k BETWEEN 4852987 AND 4853087
	Bitmap Heap Scan on sbtest6  (cost=5.44..393.60 rows=98 width=125)
	  Recheck Cond: ((k >= 4852987) AND (k <= 4853087))
	  ->  Bitmap Index Scan on k_6  (cost=0.00..5.42 rows=98 width=0)
	        Index Cond: ((k >= 4852987) AND (k <= 4853087))

table 7 : explain SELECT k, c FROM sbtest7 WHERE k BETWEEN 4852987 AND 4853087
	Bitmap Heap Scan on sbtest7  (cost=5.52..425.13 rows=106 width=125)
	  Recheck Cond: ((k >= 4852987) AND (k <= 4853087))
	  ->  Bitmap Index Scan on k_7  (cost=0.00..5.50 rows=106 width=0)
	        Index Cond: ((k >= 4852987) AND (k <= 4853087))

table 8 : explain SELECT k, c FROM sbtest8 WHERE k BETWEEN 4852987 AND 4853087
	Bitmap Heap Scan on sbtest8  (cost=5.44..393.62 rows=98 width=125)
	  Recheck Cond: ((k >= 4852987) AND (k <= 4853087))
	  ->  Bitmap Index Scan on k_8  (cost=0.00..5.42 rows=98 width=0)
	        Index Cond: ((k >= 4852987) AND (k <= 4853087))

explain: for range-notcovered :: explain SELECT k, c FROM sbtest%d WHERE k BETWEEN 4344122 AND 4344222
explain: for range-notcovered :: explain SELECT k, c FROM sbtest%d WHERE k BETWEEN 2729283 AND 2729383
explain: for range-notcovered :: explain SELECT k, c FROM sbtest%d WHERE k BETWEEN 8329928 AND 8330028
explain: for range-notcovered :: explain SELECT k, c FROM sbtest%d WHERE k BETWEEN 4852987 AND 4853087
for range-notcovered
table 1 : explain SELECT k, c FROM sbtest1 WHERE k BETWEEN 6043282 AND 6043382
	Bitmap Heap Scan on sbtest1  (cost=5.40..377.77 rows=94 width=125)
	  Recheck Cond: ((k >= 6043282) AND (k <= 6043382))
	  ->  Bitmap Index Scan on k_1  (cost=0.00..5.38 rows=94 width=0)
	        Index Cond: ((k >= 6043282) AND (k <= 6043382))

table 2 : explain SELECT k, c FROM sbtest2 WHERE k BETWEEN 6043282 AND 6043382
	Bitmap Heap Scan on sbtest2  (cost=5.45..397.49 rows=99 width=125)
	  Recheck Cond: ((k >= 6043282) AND (k <= 6043382))
	  ->  Bitmap Index Scan on k_2  (cost=0.00..5.42 rows=99 width=0)
	        Index Cond: ((k >= 6043282) AND (k <= 6043382))

table 3 : explain SELECT k, c FROM sbtest3 WHERE k BETWEEN 6043282 AND 6043382
	Bitmap Heap Scan on sbtest3  (cost=5.50..417.21 rows=104 width=125)
	  Recheck Cond: ((k >= 6043282) AND (k <= 6043382))
	  ->  Bitmap Index Scan on k_3  (cost=0.00..5.47 rows=104 width=0)
	        Index Cond: ((k >= 6043282) AND (k <= 6043382))

table 4 : explain SELECT k, c FROM sbtest4 WHERE k BETWEEN 6043282 AND 6043382
	Bitmap Heap Scan on sbtest4  (cost=5.44..393.57 rows=98 width=125)
	  Recheck Cond: ((k >= 6043282) AND (k <= 6043382))
	  ->  Bitmap Index Scan on k_4  (cost=0.00..5.42 rows=98 width=0)
	        Index Cond: ((k >= 6043282) AND (k <= 6043382))

table 5 : explain SELECT k, c FROM sbtest5 WHERE k BETWEEN 6043282 AND 6043382
	Bitmap Heap Scan on sbtest5  (cost=5.40..377.79 rows=94 width=125)
	  Recheck Cond: ((k >= 6043282) AND (k <= 6043382))
	  ->  Bitmap Index Scan on k_5  (cost=0.00..5.38 rows=94 width=0)
	        Index Cond: ((k >= 6043282) AND (k <= 6043382))

table 6 : explain SELECT k, c FROM sbtest6 WHERE k BETWEEN 6043282 AND 6043382
	Bitmap Heap Scan on sbtest6  (cost=5.40..377.82 rows=94 width=125)
	  Recheck Cond: ((k >= 6043282) AND (k <= 6043382))
	  ->  Bitmap Index Scan on k_6  (cost=0.00..5.38 rows=94 width=0)
	        Index Cond: ((k >= 6043282) AND (k <= 6043382))

table 7 : explain SELECT k, c FROM sbtest7 WHERE k BETWEEN 6043282 AND 6043382
	Bitmap Heap Scan on sbtest7  (cost=5.45..397.53 rows=99 width=125)
	  Recheck Cond: ((k >= 6043282) AND (k <= 6043382))
	  ->  Bitmap Index Scan on k_7  (cost=0.00..5.42 rows=99 width=0)
	        Index Cond: ((k >= 6043282) AND (k <= 6043382))

table 8 : explain SELECT k, c FROM sbtest8 WHERE k BETWEEN 6043282 AND 6043382
	Bitmap Heap Scan on sbtest8  (cost=5.49..413.34 rows=103 width=125)
	  Recheck Cond: ((k >= 6043282) AND (k <= 6043382))
	  ->  Bitmap Index Scan on k_8  (cost=0.00..5.46 rows=103 width=0)
	        Index Cond: ((k >= 6043282) AND (k <= 6043382))

for range-notcovered
table 1 : explain SELECT k, c FROM sbtest1 WHERE k BETWEEN 3475180 AND 3475280
	Bitmap Heap Scan on sbtest1  (cost=5.53..429.01 rows=107 width=125)
	  Recheck Cond: ((k >= 3475180) AND (k <= 3475280))
	  ->  Bitmap Index Scan on k_1  (cost=0.00..5.50 rows=107 width=0)
	        Index Cond: ((k >= 3475180) AND (k <= 3475280))

table 2 : explain SELECT k, c FROM sbtest2 WHERE k BETWEEN 3475180 AND 3475280
	Bitmap Heap Scan on sbtest2  (cost=5.51..421.14 rows=105 width=125)
	  Recheck Cond: ((k >= 3475180) AND (k <= 3475280))
	  ->  Bitmap Index Scan on k_2  (cost=0.00..5.48 rows=105 width=0)
	        Index Cond: ((k >= 3475180) AND (k <= 3475280))

table 3 : explain SELECT k, c FROM sbtest3 WHERE k BETWEEN 3475180 AND 3475280
	Bitmap Heap Scan on sbtest3  (cost=5.40..377.78 rows=94 width=125)
	  Recheck Cond: ((k >= 3475180) AND (k <= 3475280))
	  ->  Bitmap Index Scan on k_3  (cost=0.00..5.38 rows=94 width=0)
	        Index Cond: ((k >= 3475180) AND (k <= 3475280))

table 4 : explain SELECT k, c FROM sbtest4 WHERE k BETWEEN 3475180 AND 3475280
	Bitmap Heap Scan on sbtest4  (cost=5.57..444.80 rows=111 width=125)
	  Recheck Cond: ((k >= 3475180) AND (k <= 3475280))
	  ->  Bitmap Index Scan on k_4  (cost=0.00..5.54 rows=111 width=0)
	        Index Cond: ((k >= 3475180) AND (k <= 3475280))

table 5 : explain SELECT k, c FROM sbtest5 WHERE k BETWEEN 3475180 AND 3475280
	Bitmap Heap Scan on sbtest5  (cost=5.45..397.51 rows=99 width=125)
	  Recheck Cond: ((k >= 3475180) AND (k <= 3475280))
	  ->  Bitmap Index Scan on k_5  (cost=0.00..5.42 rows=99 width=0)
	        Index Cond: ((k >= 3475180) AND (k <= 3475280))

table 6 : explain SELECT k, c FROM sbtest6 WHERE k BETWEEN 3475180 AND 3475280
	Bitmap Heap Scan on sbtest6  (cost=5.44..393.60 rows=98 width=125)
	  Recheck Cond: ((k >= 3475180) AND (k <= 3475280))
	  ->  Bitmap Index Scan on k_6  (cost=0.00..5.42 rows=98 width=0)
	        Index Cond: ((k >= 3475180) AND (k <= 3475280))

table 7 : explain SELECT k, c FROM sbtest7 WHERE k BETWEEN 3475180 AND 3475280
	Bitmap Heap Scan on sbtest7  (cost=5.54..433.01 rows=108 width=125)
	  Recheck Cond: ((k >= 3475180) AND (k <= 3475280))
	  ->  Bitmap Index Scan on k_7  (cost=0.00..5.51 rows=108 width=0)
	        Index Cond: ((k >= 3475180) AND (k <= 3475280))

table 8 : explain SELECT k, c FROM sbtest8 WHERE k BETWEEN 3475180 AND 3475280
	Bitmap Heap Scan on sbtest8  (cost=5.45..397.57 rows=99 width=125)
	  Recheck Cond: ((k >= 3475180) AND (k <= 3475280))
	  ->  Bitmap Index Scan on k_8  (cost=0.00..5.42 rows=99 width=0)
	        Index Cond: ((k >= 3475180) AND (k <= 3475280))

for range-notcovered
table 1 : explain SELECT k, c FROM sbtest1 WHERE k BETWEEN 4581183 AND 4581283
	Bitmap Heap Scan on sbtest1  (cost=5.46..401.43 rows=100 width=125)
	  Recheck Cond: ((k >= 4581183) AND (k <= 4581283))
	  ->  Bitmap Index Scan on k_1  (cost=0.00..5.43 rows=100 width=0)
	        Index Cond: ((k >= 4581183) AND (k <= 4581283))

table 2 : explain SELECT k, c FROM sbtest2 WHERE k BETWEEN 4581183 AND 4581283
	Bitmap Heap Scan on sbtest2  (cost=5.48..409.32 rows=102 width=125)
	  Recheck Cond: ((k >= 4581183) AND (k <= 4581283))
	  ->  Bitmap Index Scan on k_2  (cost=0.00..5.45 rows=102 width=0)
	        Index Cond: ((k >= 4581183) AND (k <= 4581283))

table 3 : explain SELECT k, c FROM sbtest3 WHERE k BETWEEN 4581183 AND 4581283
	Bitmap Heap Scan on sbtest3  (cost=5.48..409.33 rows=102 width=125)
	  Recheck Cond: ((k >= 4581183) AND (k <= 4581283))
	  ->  Bitmap Index Scan on k_3  (cost=0.00..5.45 rows=102 width=0)
	        Index Cond: ((k >= 4581183) AND (k <= 4581283))

table 4 : explain SELECT k, c FROM sbtest4 WHERE k BETWEEN 4581183 AND 4581283
	Bitmap Heap Scan on sbtest4  (cost=5.47..405.39 rows=101 width=125)
	  Recheck Cond: ((k >= 4581183) AND (k <= 4581283))
	  ->  Bitmap Index Scan on k_4  (cost=0.00..5.44 rows=101 width=0)
	        Index Cond: ((k >= 4581183) AND (k <= 4581283))

table 5 : explain SELECT k, c FROM sbtest5 WHERE k BETWEEN 4581183 AND 4581283
	Bitmap Heap Scan on sbtest5  (cost=5.48..409.34 rows=102 width=125)
	  Recheck Cond: ((k >= 4581183) AND (k <= 4581283))
	  ->  Bitmap Index Scan on k_5  (cost=0.00..5.45 rows=102 width=0)
	        Index Cond: ((k >= 4581183) AND (k <= 4581283))

table 6 : explain SELECT k, c FROM sbtest6 WHERE k BETWEEN 4581183 AND 4581283
	Bitmap Heap Scan on sbtest6  (cost=5.61..460.59 rows=115 width=125)
	  Recheck Cond: ((k >= 4581183) AND (k <= 4581283))
	  ->  Bitmap Index Scan on k_6  (cost=0.00..5.58 rows=115 width=0)
	        Index Cond: ((k >= 4581183) AND (k <= 4581283))

table 7 : explain SELECT k, c FROM sbtest7 WHERE k BETWEEN 4581183 AND 4581283
	Bitmap Heap Scan on sbtest7  (cost=5.46..401.48 rows=100 width=125)
	  Recheck Cond: ((k >= 4581183) AND (k <= 4581283))
	  ->  Bitmap Index Scan on k_7  (cost=0.00..5.43 rows=100 width=0)
	        Index Cond: ((k >= 4581183) AND (k <= 4581283))

table 8 : explain SELECT k, c FROM sbtest8 WHERE k BETWEEN 4581183 AND 4581283
	Bitmap Heap Scan on sbtest8  (cost=5.45..397.57 rows=99 width=125)
	  Recheck Cond: ((k >= 4581183) AND (k <= 4581283))
	  ->  Bitmap Index Scan on k_8  (cost=0.00..5.42 rows=99 width=0)
	        Index Cond: ((k >= 4581183) AND (k <= 4581283))

explain: for range-notcovered :: explain SELECT k, c FROM sbtest%d WHERE k BETWEEN 6043282 AND 6043382
explain: for range-notcovered :: explain SELECT k, c FROM sbtest%d WHERE k BETWEEN 3475180 AND 3475280for range-notcovered
table 1 : explain SELECT k, c FROM sbtest1 WHERE k BETWEEN 6496944 AND 6497044
	Bitmap Heap Scan on sbtest1  (cost=5.61..460.52 rows=115 width=125)
	  Recheck Cond: ((k >= 6496944) AND (k <= 6497044))
	  ->  Bitmap Index Scan on k_1  (cost=0.00..5.58 rows=115 width=0)
	        Index Cond: ((k >= 6496944) AND (k <= 6497044))

table 2 : explain SELECT k, c FROM sbtest2 WHERE k BETWEEN 6496944 AND 6497044
	Bitmap Heap Scan on sbtest2  (cost=5.49..413.26 rows=103 width=125)
	  Recheck Cond: ((k >= 6496944) AND (k <= 6497044))
	  ->  Bitmap Index Scan on k_2  (cost=0.00..5.46 rows=103 width=0)
	        Index Cond: ((k >= 6496944) AND (k <= 6497044))

table 3 : explain SELECT k, c FROM sbtest3 WHERE k BETWEEN 6496944 AND 6497044
	Bitmap Heap Scan on sbtest3  (cost=5.53..429.03 rows=107 width=125)
	  Recheck Cond: ((k >= 6496944) AND (k <= 6497044))
	  ->  Bitmap Index Scan on k_3  (cost=0.00..5.50 rows=107 width=0)
	        Index Cond: ((k >= 6496944) AND (k <= 6497044))

table 4 : explain SELECT k, c FROM sbtest4 WHERE k BETWEEN 6496944 AND 6497044
	Bitmap Heap Scan on sbtest4  (cost=5.40..377.79 rows=94 width=125)
	  Recheck Cond: ((k >= 6496944) AND (k <= 6497044))
	  ->  Bitmap Index Scan on k_4  (cost=0.00..5.38 rows=94 width=0)
	        Index Cond: ((k >= 6496944) AND (k <= 6497044))

table 5 : explain SELECT k, c FROM sbtest5 WHERE k BETWEEN 6496944 AND 6497044
	Bitmap Heap Scan on sbtest5  (cost=5.43..389.63 rows=97 width=125)
	  Recheck Cond: ((k >= 6496944) AND (k <= 6497044))
	  ->  Bitmap Index Scan on k_5  (cost=0.00..5.40 rows=97 width=0)
	        Index Cond: ((k >= 6496944) AND (k <= 6497044))

table 6 : explain SELECT k, c FROM sbtest6 WHERE k BETWEEN 6496944 AND 6497044
	Bitmap Heap Scan on sbtest6  (cost=5.55..436.96 rows=109 width=125)
	  Recheck Cond: ((k >= 6496944) AND (k <= 6497044))
	  ->  Bitmap Index Scan on k_6  (cost=0.00..5.52 rows=109 width=0)
	        Index Cond: ((k >= 6496944) AND (k <= 6497044))

table 7 : explain SELECT k, c FROM sbtest7 WHERE k BETWEEN 6496944 AND 6497044
	Bitmap Heap Scan on sbtest7  (cost=5.61..460.57 rows=115 width=125)
	  Recheck Cond: ((k >= 6496944) AND (k <= 6497044))
	  ->  Bitmap Index Scan on k_7  (cost=0.00..5.58 rows=115 width=0)
	        Index Cond: ((k >= 6496944) AND (k <= 6497044))

table 8 : explain SELECT k, c FROM sbtest8 WHERE k BETWEEN 6496944 AND 6497044
	Bitmap Heap Scan on sbtest8  (cost=5.49..413.34 rows=103 width=125)
	  Recheck Cond: ((k >= 6496944) AND (k <= 6497044))
	  ->  Bitmap Index Scan on k_8  (cost=0.00..5.46 rows=103 width=0)
	        Index Cond: ((k >= 6496944) AND (k <= 6497044))


explain: for range-notcovered :: explain SELECT k, c FROM sbtest%d WHERE k BETWEEN 4581183 AND 4581283
explain: for range-notcovered :: explain SELECT k, c FROM sbtest%d WHERE k BETWEEN 5647166 AND 5647266
for range-notcovered
table 1 : explain SELECT k, c FROM sbtest1 WHERE k BETWEEN 4047833 AND 4047933
	Bitmap Heap Scan on sbtest1  (cost=5.51..421.13 rows=105 width=125)
	  Recheck Cond: ((k >= 4047833) AND (k <= 4047933))
	  ->  Bitmap Index Scan on k_1  (cost=0.00..5.48 rows=105 width=0)
	        Index Cond: ((k >= 4047833) AND (k <= 4047933))

table 2 : explain SELECT k, c FROM sbtest2 WHERE k BETWEEN 4047833 AND 4047933
	Bitmap Heap Scan on sbtest2  (cost=5.43..389.60 rows=97 width=125)
	  Recheck Cond: ((k >= 4047833) AND (k <= 4047933))
	  ->  Bitmap Index Scan on k_2  (cost=0.00..5.40 rows=97 width=0)
	        Index Cond: ((k >= 4047833) AND (k <= 4047933))

table 3 : explain SELECT k, c FROM sbtest3 WHERE k BETWEEN 4047833 AND 4047933
	Bitmap Heap Scan on sbtest3  (cost=5.41..381.73 rows=95 width=125)
	  Recheck Cond: ((k >= 4047833) AND (k <= 4047933))
	  ->  Bitmap Index Scan on k_3  (cost=0.00..5.38 rows=95 width=0)
	        Index Cond: ((k >= 4047833) AND (k <= 4047933))

table 4 : explain SELECT k, c FROM sbtest4 WHERE k BETWEEN 4047833 AND 4047933
	Bitmap Heap Scan on sbtest4  (cost=5.49..413.28 rows=103 width=125)
	  Recheck Cond: ((k >= 4047833) AND (k <= 4047933))
	  ->  Bitmap Index Scan on k_4  (cost=0.00..5.46 rows=103 width=0)
	        Index Cond: ((k >= 4047833) AND (k <= 4047933))

table 5 : explain SELECT k, c FROM sbtest5 WHERE k BETWEEN 4047833 AND 4047933
	Bitmap Heap Scan on sbtest5  (cost=5.46..401.46 rows=100 width=125)
	  Recheck Cond: ((k >= 4047833) AND (k <= 4047933))
	  ->  Bitmap Index Scan on k_5  (cost=0.00..5.43 rows=100 width=0)
	        Index Cond: ((k >= 4047833) AND (k <= 4047933))

table 6 : explain SELECT k, c FROM sbtest6 WHERE k BETWEEN 4047833 AND 4047933
	Bitmap Heap Scan on sbtest6  (cost=5.48..409.37 rows=102 width=125)
	  Recheck Cond: ((k >= 4047833) AND (k <= 4047933))
	  ->  Bitmap Index Scan on k_6  (cost=0.00..5.45 rows=102 width=0)
	        Index Cond: ((k >= 4047833) AND (k <= 4047933))

table 7 : explain SELECT k, c FROM sbtest7 WHERE k BETWEEN 4047833 AND 4047933
	Bitmap Heap Scan on sbtest7  (cost=5.49..413.30 rows=103 width=125)
	  Recheck Cond: ((k >= 4047833) AND (k <= 4047933))
	  ->  Bitmap Index Scan on k_7  (cost=0.00..5.46 rows=103 width=0)
	        Index Cond: ((k >= 4047833) AND (k <= 4047933))

table 8 : explain SELECT k, c FROM sbtest8 WHERE k BETWEEN 4047833 AND 4047933
	Bitmap Heap Scan on sbtest8  (cost=5.50..417.28 rows=104 width=125)
	  Recheck Cond: ((k >= 4047833) AND (k <= 4047933))
	  ->  Bitmap Index Scan on k_8  (cost=0.00..5.47 rows=104 width=0)
	        Index Cond: ((k >= 4047833) AND (k <= 4047933))

for range-notcovered
table 1 : explain SELECT k, c FROM sbtest1 WHERE k BETWEEN 4957913 AND 4958013
	Bitmap Heap Scan on sbtest1  (cost=5.47..405.37 rows=101 width=125)
	  Recheck Cond: ((k >= 4957913) AND (k <= 4958013))
	  ->  Bitmap Index Scan on k_1  (cost=0.00..5.44 rows=101 width=0)
	        Index Cond: ((k >= 4957913) AND (k <= 4958013))

table 2 : explain SELECT k, c FROM sbtest2 WHERE k BETWEEN 4957913 AND 4958013
	Bitmap Heap Scan on sbtest2  (cost=5.48..409.32 rows=102 width=125)
	  Recheck Cond: ((k >= 4957913) AND (k <= 4958013))
	  ->  Bitmap Index Scan on k_2  (cost=0.00..5.45 rows=102 width=0)
	        Index Cond: ((k >= 4957913) AND (k <= 4958013))

table 3 : explain SELECT k, c FROM sbtest3 WHERE k BETWEEN 4957913 AND 4958013
	Bitmap Heap Scan on sbtest3  (cost=5.51..421.15 rows=105 width=125)
	  Recheck Cond: ((k >= 4957913) AND (k <= 4958013))
	  ->  Bitmap Index Scan on k_3  (cost=0.00..5.48 rows=105 width=0)
	        Index Cond: ((k >= 4957913) AND (k <= 4958013))

table 4 : explain SELECT k, c FROM sbtest4 WHERE k BETWEEN 4957913 AND 4958013
	Bitmap Heap Scan on sbtest4  (cost=5.47..405.39 rows=101 width=125)
	  Recheck Cond: ((k >= 4957913) AND (k <= 4958013))
	  ->  Bitmap Index Scan on k_4  (cost=0.00..5.44 rows=101 width=0)
	        Index Cond: ((k >= 4957913) AND (k <= 4958013))

table 5 : explain SELECT k, c FROM sbtest5 WHERE k BETWEEN 4957913 AND 4958013
	Bitmap Heap Scan on sbtest5  (cost=5.46..401.46 rows=100 width=125)
	  Recheck Cond: ((k >= 4957913) AND (k <= 4958013))
	  ->  Bitmap Index Scan on k_5  (cost=0.00..5.43 rows=100 width=0)
	        Index Cond: ((k >= 4957913) AND (k <= 4958013))

table 6 : explain SELECT k, c FROM sbtest6 WHERE k BETWEEN 4957913 AND 4958013
	Bitmap Heap Scan on sbtest6  (cost=5.45..397.54 rows=99 width=125)
	  Recheck Cond: ((k >= 4957913) AND (k <= 4958013))
	  ->  Bitmap Index Scan on k_6  (cost=0.00..5.42 rows=99 width=0)
	        Index Cond: ((k >= 4957913) AND (k <= 4958013))

table 7 : explain SELECT k, c FROM sbtest7 WHERE k BETWEEN 4957913 AND 4958013
	Bitmap Heap Scan on sbtest7  (cost=5.45..397.53 rows=99 width=125)
	  Recheck Cond: ((k >= 4957913) AND (k <= 4958013))
	  ->  Bitmap Index Scan on k_7  (cost=0.00..5.42 rows=99 width=0)
	        Index Cond: ((k >= 4957913) AND (k <= 4958013))

table 8 : explain SELECT k, c FROM sbtest8 WHERE k BETWEEN 4957913 AND 4958013
	Bitmap Heap Scan on sbtest8  (cost=5.45..397.57 rows=99 width=125)
	  Recheck Cond: ((k >= 4957913) AND (k <= 4958013))
	  ->  Bitmap Index Scan on k_8  (cost=0.00..5.42 rows=99 width=0)
	        Index Cond: ((k >= 4957913) AND (k <= 4958013))

explain: for range-notcovered :: explain SELECT k, c FROM sbtest%d WHERE k BETWEEN 6496944 AND 6497044
explain: for range-notcovered :: explain SELECT k, c FROM sbtest%d WHERE k BETWEEN 5235916 AND 5236016
explain: for range-notcovered :: explain SELECT k, c FROM sbtest%d WHERE k BETWEEN 4047833 AND 4047933
explain: for range-notcovered :: explain SELECT k, c FROM sbtest%d WHERE k BETWEEN 4957913 AND 4958013
for range-notcovered
table 1 : explain SELECT k, c FROM sbtest1 WHERE k BETWEEN 2640584 AND 2640684
	Bitmap Heap Scan on sbtest1  (cost=5.50..417.19 rows=104 width=125)
	  Recheck Cond: ((k >= 2640584) AND (k <= 2640684))
	  ->  Bitmap Index Scan on k_1  (cost=0.00..5.47 rows=104 width=0)
	        Index Cond: ((k >= 2640584) AND (k <= 2640684))

table 2 : explain SELECT k, c FROM sbtest2 WHERE k BETWEEN 2640584 AND 2640684
	Bitmap Heap Scan on sbtest2  (cost=5.42..385.66 rows=96 width=125)
	  Recheck Cond: ((k >= 2640584) AND (k <= 2640684))
	  ->  Bitmap Index Scan on k_2  (cost=0.00..5.39 rows=96 width=0)
	        Index Cond: ((k >= 2640584) AND (k <= 2640684))

table 3 : explain SELECT k, c FROM sbtest3 WHERE k BETWEEN 2640584 AND 2640684
	Bitmap Heap Scan on sbtest3  (cost=5.39..373.84 rows=93 width=125)
	  Recheck Cond: ((k >= 2640584) AND (k <= 2640684))
	  ->  Bitmap Index Scan on k_3  (cost=0.00..5.36 rows=93 width=0)
	        Index Cond: ((k >= 2640584) AND (k <= 2640684))

table 4 : explain SELECT k, c FROM sbtest4 WHERE k BETWEEN 2640584 AND 2640684
	Bitmap Heap Scan on sbtest4  (cost=5.45..397.51 rows=99 width=125)
	  Recheck Cond: ((k >= 2640584) AND (k <= 2640684))
	  ->  Bitmap Index Scan on k_4  (cost=0.00..5.42 rows=99 width=0)
	        Index Cond: ((k >= 2640584) AND (k <= 2640684))

table 5 : explain SELECT k, c FROM sbtest5 WHERE k BETWEEN 2640584 AND 2640684
	Bitmap Heap Scan on sbtest5  (cost=5.44..393.57 rows=98 width=125)
	  Recheck Cond: ((k >= 2640584) AND (k <= 2640684))
	  ->  Bitmap Index Scan on k_5  (cost=0.00..5.42 rows=98 width=0)
	        Index Cond: ((k >= 2640584) AND (k <= 2640684))

table 6 : explain SELECT k, c FROM sbtest6 WHERE k BETWEEN 2640584 AND 2640684
	Bitmap Heap Scan on sbtest6  (cost=5.48..409.37 rows=102 width=125)
	  Recheck Cond: ((k >= 2640584) AND (k <= 2640684))
	  ->  Bitmap Index Scan on k_6  (cost=0.00..5.45 rows=102 width=0)
	        Index Cond: ((k >= 2640584) AND (k <= 2640684))

table 7 : explain SELECT k, c FROM sbtest7 WHERE k BETWEEN 2640584 AND 2640684
	Bitmap Heap Scan on sbtest7  (cost=5.47..405.42 rows=101 width=125)
	  Recheck Cond: ((k >= 2640584) AND (k <= 2640684))
	  ->  Bitmap Index Scan on k_7  (cost=0.00..5.44 rows=101 width=0)
	        Index Cond: ((k >= 2640584) AND (k <= 2640684))

table 8 : explain SELECT k, c FROM sbtest8 WHERE k BETWEEN 2640584 AND 2640684
	Bitmap Heap Scan on sbtest8  (cost=5.52..425.17 rows=106 width=125)
	  Recheck Cond: ((k >= 2640584) AND (k <= 2640684))
	  ->  Bitmap Index Scan on k_8  (cost=0.00..5.50 rows=106 width=0)
	        Index Cond: ((k >= 2640584) AND (k <= 2640684))
explain: for range-notcovered :: explain SELECT k, c FROM sbtest%d WHERE k BETWEEN 4636687 AND 4636787
for range-notcovered
table 1 : explain SELECT k, c FROM sbtest1 WHERE k BETWEEN 6607380 AND 6607480
	Bitmap Heap Scan on sbtest1  (cost=5.41..381.71 rows=95 width=125)
	  Recheck Cond: ((k >= 6607380) AND (k <= 6607480))
	  ->  Bitmap Index Scan on k_1  (cost=0.00..5.38 rows=95 width=0)
	        Index Cond: ((k >= 6607380) AND (k <= 6607480))

table 2 : explain SELECT k, c FROM sbtest2 WHERE k BETWEEN 6607380 AND 6607480
	Bitmap Heap Scan on sbtest2  (cost=5.54..432.96 rows=108 width=125)
	  Recheck Cond: ((k >= 6607380) AND (k <= 6607480))
	  ->  Bitmap Index Scan on k_2  (cost=0.00..5.51 rows=108 width=0)
	        Index Cond: ((k >= 6607380) AND (k <= 6607480))

table 3 : explain SELECT k, c FROM sbtest3 WHERE k BETWEEN 6607380 AND 6607480
	Bitmap Heap Scan on sbtest3  (cost=5.52..425.09 rows=106 width=125)
	  Recheck Cond: ((k >= 6607380) AND (k <= 6607480))
	  ->  Bitmap Index Scan on k_3  (cost=0.00..5.50 rows=106 width=0)
	        Index Cond: ((k >= 6607380) AND (k <= 6607480))

table 4 : explain SELECT k, c FROM sbtest4 WHERE k BETWEEN 6607380 AND 6607480
	Bitmap Heap Scan on sbtest4  (cost=5.53..429.04 rows=107 width=125)
	  Recheck Cond: ((k >= 6607380) AND (k <= 6607480))
	  ->  Bitmap Index Scan on k_4  (cost=0.00..5.50 rows=107 width=0)
	        Index Cond: ((k >= 6607380) AND (k <= 6607480))

table 5 : explain SELECT k, c FROM sbtest5 WHERE k BETWEEN 6607380 AND 6607480
	Bitmap Heap Scan on sbtest5  (cost=5.47..405.40 rows=101 width=125)
	  Recheck Cond: ((k >= 6607380) AND (k <= 6607480))
	  ->  Bitmap Index Scan on k_5  (cost=0.00..5.44 rows=101 width=0)
	        Index Cond: ((k >= 6607380) AND (k <= 6607480))

table 6 : explain SELECT k, c FROM sbtest6 WHERE k BETWEEN 6607380 AND 6607480
	Bitmap Heap Scan on sbtest6  (cost=5.40..377.82 rows=94 width=125)
	  Recheck Cond: ((k >= 6607380) AND (k <= 6607480))
	  ->  Bitmap Index Scan on k_6  (cost=0.00..5.38 rows=94 width=0)
	        Index Cond: ((k >= 6607380) AND (k <= 6607480))

table 7 : explain SELECT k, c FROM sbtest7 WHERE k BETWEEN 6607380 AND 6607480
	Bitmap Heap Scan on sbtest7  (cost=5.52..425.13 rows=106 width=125)
	  Recheck Cond: ((k >= 6607380) AND (k <= 6607480))
	  ->  Bitmap Index Scan on k_7  (cost=0.00..5.50 rows=106 width=0)
	        Index Cond: ((k >= 6607380) AND (k <= 6607480))

table 8 : explain SELECT k, c FROM sbtest8 WHERE k BETWEEN 6607380 AND 6607480
	Bitmap Heap Scan on sbtest8  (cost=5.44..393.62 rows=98 width=125)
	  Recheck Cond: ((k >= 6607380) AND (k <= 6607480))
	  ->  Bitmap Index Scan on k_8  (cost=0.00..5.42 rows=98 width=0)
	        Index Cond: ((k >= 6607380) AND (k <= 6607480))


explain: for range-notcovered :: explain SELECT k, c FROM sbtest%d WHERE k BETWEEN 2640584 AND 2640684explain: for range-notcovered :: explain SELECT k, c FROM sbtest%d WHERE k BETWEEN 6607380 AND 6607480
explain: for range-notcovered :: explain SELECT k, c FROM sbtest%d WHERE k BETWEEN 6548505 AND 6548605for range-notcovered
table 1 : explain SELECT k, c FROM sbtest1 WHERE k BETWEEN 3169346 AND 3169446
	Bitmap Heap Scan on sbtest1  (cost=5.44..393.54 rows=98 width=125)
	  Recheck Cond: ((k >= 3169346) AND (k <= 3169446))
	  ->  Bitmap Index Scan on k_1  (cost=0.00..5.42 rows=98 width=0)
	        Index Cond: ((k >= 3169346) AND (k <= 3169446))

table 2 : explain SELECT k, c FROM sbtest2 WHERE k BETWEEN 3169346 AND 3169446
	Bitmap Heap Scan on sbtest2  (cost=5.45..397.49 rows=99 width=125)
	  Recheck Cond: ((k >= 3169346) AND (k <= 3169446))
	  ->  Bitmap Index Scan on k_2  (cost=0.00..5.42 rows=99 width=0)
	        Index Cond: ((k >= 3169346) AND (k <= 3169446))

table 3 : explain SELECT k, c FROM sbtest3 WHERE k BETWEEN 3169346 AND 3169446
	Bitmap Heap Scan on sbtest3  (cost=5.41..381.73 rows=95 width=125)
	  Recheck Cond: ((k >= 3169346) AND (k <= 3169446))
	  ->  Bitmap Index Scan on k_3  (cost=0.00..5.38 rows=95 width=0)
	        Index Cond: ((k >= 3169346) AND (k <= 3169446))

table 4 : explain SELECT k, c FROM sbtest4 WHERE k BETWEEN 3169346 AND 3169446
	Bitmap Heap Scan on sbtest4  (cost=5.56..440.86 rows=110 width=125)
	  Recheck Cond: ((k >= 3169346) AND (k <= 3169446))
	  ->  Bitmap Index Scan on k_4  (cost=0.00..5.53 rows=110 width=0)
	        Index Cond: ((k >= 3169346) AND (k <= 3169446))

table 5 : explain SELECT k, c FROM sbtest5 WHERE k BETWEEN 3169346 AND 3169446
	Bitmap Heap Scan on sbtest5  (cost=5.51..421.16 rows=105 width=125)
	  Recheck Cond: ((k >= 3169346) AND (k <= 3169446))
	  ->  Bitmap Index Scan on k_5  (cost=0.00..5.48 rows=105 width=0)
	        Index Cond: ((k >= 3169346) AND (k <= 3169446))

table 6 : explain SELECT k, c FROM sbtest6 WHERE k BETWEEN 3169346 AND 3169446
	Bitmap Heap Scan on sbtest6  (cost=5.53..429.08 rows=107 width=125)
	  Recheck Cond: ((k >= 3169346) AND (k <= 3169446))
	  ->  Bitmap Index Scan on k_6  (cost=0.00..5.50 rows=107 width=0)
	        Index Cond: ((k >= 3169346) AND (k <= 3169446))

table 7 : explain SELECT k, c FROM sbtest7 WHERE k BETWEEN 3169346 AND 3169446
	Bitmap Heap Scan on sbtest7  (cost=5.48..409.36 rows=102 width=125)
	  Recheck Cond: ((k >= 3169346) AND (k <= 3169446))
	  ->  Bitmap Index Scan on k_7  (cost=0.00..5.45 rows=102 width=0)
	        Index Cond: ((k >= 3169346) AND (k <= 3169446))

table 8 : explain SELECT k, c FROM sbtest8 WHERE k BETWEEN 3169346 AND 3169446
	Bitmap Heap Scan on sbtest8  (cost=5.53..429.11 rows=107 width=125)
	  Recheck Cond: ((k >= 3169346) AND (k <= 3169446))
	  ->  Bitmap Index Scan on k_8  (cost=0.00..5.50 rows=107 width=0)
	        Index Cond: ((k >= 3169346) AND (k <= 3169446))
for range-notcovered
table 1 : explain SELECT k, c FROM sbtest1 WHERE k BETWEEN 5330440 AND 5330540
	Bitmap Heap Scan on sbtest1  (cost=5.46..401.43 rows=100 width=125)
	  Recheck Cond: ((k >= 5330440) AND (k <= 5330540))
	  ->  Bitmap Index Scan on k_1  (cost=0.00..5.43 rows=100 width=0)
	        Index Cond: ((k >= 5330440) AND (k <= 5330540))

table 2 : explain SELECT k, c FROM sbtest2 WHERE k BETWEEN 5330440 AND 5330540
	Bitmap Heap Scan on sbtest2  (cost=5.56..440.83 rows=110 width=125)
	  Recheck Cond: ((k >= 5330440) AND (k <= 5330540))
	  ->  Bitmap Index Scan on k_2  (cost=0.00..5.53 rows=110 width=0)
	        Index Cond: ((k >= 5330440) AND (k <= 5330540))

table 3 : explain SELECT k, c FROM sbtest3 WHERE k BETWEEN 5330440 AND 5330540
	Bitmap Heap Scan on sbtest3  (cost=5.39..373.84 rows=93 width=125)
	  Recheck Cond: ((k >= 5330440) AND (k <= 5330540))
	  ->  Bitmap Index Scan on k_3  (cost=0.00..5.36 rows=93 width=0)
	        Index Cond: ((k >= 5330440) AND (k <= 5330540))

table 4 : explain SELECT k, c FROM sbtest4 WHERE k BETWEEN 5330440 AND 5330540
	Bitmap Heap Scan on sbtest4  (cost=5.42..385.68 rows=96 width=125)
	  Recheck Cond: ((k >= 5330440) AND (k <= 5330540))
	  ->  Bitmap Index Scan on k_4  (cost=0.00..5.39 rows=96 width=0)
	        Index Cond: ((k >= 5330440) AND (k <= 5330540))

table 5 : explain SELECT k, c FROM sbtest5 WHERE k BETWEEN 5330440 AND 5330540
	Bitmap Heap Scan on sbtest5  (cost=5.53..429.04 rows=107 width=125)
	  Recheck Cond: ((k >= 5330440) AND (k <= 5330540))
	  ->  Bitmap Index Scan on k_5  (cost=0.00..5.50 rows=107 width=0)
	        Index Cond: ((k >= 5330440) AND (k <= 5330540))

table 6 : explain SELECT k, c FROM sbtest6 WHERE k BETWEEN 5330440 AND 5330540
	Bitmap Heap Scan on sbtest6  (cost=5.52..425.14 rows=106 width=125)
	  Recheck Cond: ((k >= 5330440) AND (k <= 5330540))
	  ->  Bitmap Index Scan on k_6  (cost=0.00..5.50 rows=106 width=0)
	        Index Cond: ((k >= 5330440) AND (k <= 5330540))

table 7 : explain SELECT k, c FROM sbtest7 WHERE k BETWEEN 5330440 AND 5330540
	Bitmap Heap Scan on sbtest7  (cost=5.51..421.19 rows=105 width=125)
	  Recheck Cond: ((k >= 5330440) AND (k <= 5330540))
	  ->  Bitmap Index Scan on k_7  (cost=0.00..5.48 rows=105 width=0)
	        Index Cond: ((k >= 5330440) AND (k <= 5330540))

table 8 : explain SELECT k, c FROM sbtest8 WHERE k BETWEEN 5330440 AND 5330540
	Bitmap Heap Scan on sbtest8  (cost=5.50..417.28 rows=104 width=125)
	  Recheck Cond: ((k >= 5330440) AND (k <= 5330540))
	  ->  Bitmap Index Scan on k_8  (cost=0.00..5.47 rows=104 width=0)
	        Index Cond: ((k >= 5330440) AND (k <= 5330540))
for range-notcovered
table 1 : explain SELECT k, c FROM sbtest1 WHERE k BETWEEN 2095794 AND 2095894
	Bitmap Heap Scan on sbtest1  (cost=5.62..464.45 rows=116 width=125)
	  Recheck Cond: ((k >= 2095794) AND (k <= 2095894))
	  ->  Bitmap Index Scan on k_1  (cost=0.00..5.59 rows=116 width=0)
	        Index Cond: ((k >= 2095794) AND (k <= 2095894))

table 2 : explain SELECT k, c FROM sbtest2 WHERE k BETWEEN 2095794 AND 2095894
	Bitmap Heap Scan on sbtest2  (cost=5.54..432.96 rows=108 width=125)
	  Recheck Cond: ((k >= 2095794) AND (k <= 2095894))
	  ->  Bitmap Index Scan on k_2  (cost=0.00..5.51 rows=108 width=0)
	        Index Cond: ((k >= 2095794) AND (k <= 2095894))

table 3 : explain SELECT k, c FROM sbtest3 WHERE k BETWEEN 2095794 AND 2095894
	Bitmap Heap Scan on sbtest3  (cost=5.44..393.56 rows=98 width=125)
	  Recheck Cond: ((k >= 2095794) AND (k <= 2095894))
	  ->  Bitmap Index Scan on k_3  (cost=0.00..5.42 rows=98 width=0)
	        Index Cond: ((k >= 2095794) AND (k <= 2095894))

table 4 : explain SELECT k, c FROM sbtest4 WHERE k BETWEEN 2095794 AND 2095894
	Bitmap Heap Scan on sbtest4  (cost=5.55..436.92 rows=109 width=125)
	  Recheck Cond: ((k >= 2095794) AND (k <= 2095894))
	  ->  Bitmap Index Scan on k_4  (cost=0.00..5.52 rows=109 width=0)
	        Index Cond: ((k >= 2095794) AND (k <= 2095894))

table 5 : explain SELECT k, c FROM sbtest5 WHERE k BETWEEN 2095794 AND 2095894
	Bitmap Heap Scan on sbtest5  (cost=5.44..393.57 rows=98 width=125)
	  Recheck Cond: ((k >= 2095794) AND (k <= 2095894))
	  ->  Bitmap Index Scan on k_5  (cost=0.00..5.42 rows=98 width=0)
	        Index Cond: ((k >= 2095794) AND (k <= 2095894))

table 6 : explain SELECT k, c FROM sbtest6 WHERE k BETWEEN 2095794 AND 2095894
	Bitmap Heap Scan on sbtest6  (cost=5.42..385.71 rows=96 width=125)
	  Recheck Cond: ((k >= 2095794) AND (k <= 2095894))
	  ->  Bitmap Index Scan on k_6  (cost=0.00..5.39 rows=96 width=0)
	        Index Cond: ((k >= 2095794) AND (k <= 2095894))

table 7 : explain SELECT k, c FROM sbtest7 WHERE k BETWEEN 2095794 AND 2095894
	Bitmap Heap Scan on sbtest7  (cost=5.49..413.30 rows=103 width=125)
	  Recheck Cond: ((k >= 2095794) AND (k <= 2095894))
	  ->  Bitmap Index Scan on k_7  (cost=0.00..5.46 rows=103 width=0)
	        Index Cond: ((k >= 2095794) AND (k <= 2095894))

table 8 : explain SELECT k, c FROM sbtest8 WHERE k BETWEEN 2095794 AND 2095894
	Bitmap Heap Scan on sbtest8  (cost=5.44..393.62 rows=98 width=125)
	  Recheck Cond: ((k >= 2095794) AND (k <= 2095894))
	  ->  Bitmap Index Scan on k_8  (cost=0.00..5.42 rows=98 width=0)
	        Index Cond: ((k >= 2095794) AND (k <= 2095894))

for range-notcovered
table 1 : explain SELECT k, c FROM sbtest1 WHERE k BETWEEN 7296580 AND 7296680
	Bitmap Heap Scan on sbtest1  (cost=5.52..425.07 rows=106 width=125)
	  Recheck Cond: ((k >= 7296580) AND (k <= 7296680))
	  ->  Bitmap Index Scan on k_1  (cost=0.00..5.50 rows=106 width=0)
	        Index Cond: ((k >= 7296580) AND (k <= 7296680))

table 2 : explain SELECT k, c FROM sbtest2 WHERE k BETWEEN 7296580 AND 7296680
	Bitmap Heap Scan on sbtest2  (cost=5.53..429.02 rows=107 width=125)
	  Recheck Cond: ((k >= 7296580) AND (k <= 7296680))
	  ->  Bitmap Index Scan on k_2  (cost=0.00..5.50 rows=107 width=0)
	        Index Cond: ((k >= 7296580) AND (k <= 7296680))

table 3 : explain SELECT k, c FROM sbtest3 WHERE k BETWEEN 7296580 AND 7296680
	Bitmap Heap Scan on sbtest3  (cost=5.54..432.97 rows=108 width=125)
	  Recheck Cond: ((k >= 7296580) AND (k <= 7296680))
	  ->  Bitmap Index Scan on k_3  (cost=0.00..5.51 rows=108 width=0)
	        Index Cond: ((k >= 7296580) AND (k <= 7296680))

table 4 : explain SELECT k, c FROM sbtest4 WHERE k BETWEEN 7296580 AND 7296680
	Bitmap Heap Scan on sbtest4  (cost=5.38..369.90 rows=92 width=125)
	  Recheck Cond: ((k >= 7296580) AND (k <= 7296680))
	  ->  Bitmap Index Scan on k_4  (cost=0.00..5.35 rows=92 width=0)
	        Index Cond: ((k >= 7296580) AND (k <= 7296680))

table 5 : explain SELECT k, c FROM sbtest5 WHERE k BETWEEN 7296580 AND 7296680
	Bitmap Heap Scan on sbtest5  (cost=5.44..393.57 rows=98 width=125)
	  Recheck Cond: ((k >= 7296580) AND (k <= 7296680))
	  ->  Bitmap Index Scan on k_5  (cost=0.00..5.42 rows=98 width=0)
	        Index Cond: ((k >= 7296580) AND (k <= 7296680))

table 6 : explain SELECT k, c FROM sbtest6 WHERE k BETWEEN 7296580 AND 7296680
	Bitmap Heap Scan on sbtest6  (cost=5.53..429.08 rows=107 width=125)
	  Recheck Cond: ((k >= 7296580) AND (k <= 7296680))
	  ->  Bitmap Index Scan on k_6  (cost=0.00..5.50 rows=107 width=0)
	        Index Cond: ((k >= 7296580) AND (k <= 7296680))

table 7 : explain SELECT k, c FROM sbtest7 WHERE k BETWEEN 7296580 AND 7296680
	Bitmap Heap Scan on sbtest7  (cost=5.57..444.82 rows=111 width=125)
	  Recheck Cond: ((k >= 7296580) AND (k <= 7296680))
	  ->  Bitmap Index Scan on k_7  (cost=0.00..5.54 rows=111 width=0)
	        Index Cond: ((k >= 7296580) AND (k <= 7296680))

table 8 : explain SELECT k, c FROM sbtest8 WHERE k BETWEEN 7296580 AND 7296680
	Bitmap Heap Scan on sbtest8  (cost=5.50..417.28 rows=104 width=125)
	  Recheck Cond: ((k >= 7296580) AND (k <= 7296680))
	  ->  Bitmap Index Scan on k_8  (cost=0.00..5.47 rows=104 width=0)
	        Index Cond: ((k >= 7296580) AND (k <= 7296680))


for range-notcovered
table 1 : explain SELECT k, c FROM sbtest1 WHERE k BETWEEN 7936229 AND 7936329
	Bitmap Heap Scan on sbtest1  (cost=5.46..401.43 rows=100 width=125)
	  Recheck Cond: ((k >= 7936229) AND (k <= 7936329))
	  ->  Bitmap Index Scan on k_1  (cost=0.00..5.43 rows=100 width=0)
	        Index Cond: ((k >= 7936229) AND (k <= 7936329))

table 2 : explain SELECT k, c FROM sbtest2 WHERE k BETWEEN 7936229 AND 7936329
	Bitmap Heap Scan on sbtest2  (cost=5.49..413.26 rows=103 width=125)
	  Recheck Cond: ((k >= 7936229) AND (k <= 7936329))
	  ->  Bitmap Index Scan on k_2  (cost=0.00..5.46 rows=103 width=0)
	        Index Cond: ((k >= 7936229) AND (k <= 7936329))

table 3 : explain SELECT k, c FROM sbtest3 WHERE k BETWEEN 7936229 AND 7936329
	Bitmap Heap Scan on sbtest3  (cost=5.39..373.84 rows=93 width=125)
	  Recheck Cond: ((k >= 7936229) AND (k <= 7936329))
	  ->  Bitmap Index Scan on k_3  (cost=0.00..5.36 rows=93 width=0)
	        Index Cond: ((k >= 7936229) AND (k <= 7936329))

table 4 : explain SELECT k, c FROM sbtest4 WHERE k BETWEEN 7936229 AND 7936329
	Bitmap Heap Scan on sbtest4  (cost=5.39..373.84 rows=93 width=125)
	  Recheck Cond: ((k >= 7936229) AND (k <= 7936329))
	  ->  Bitmap Index Scan on k_4  (cost=0.00..5.36 rows=93 width=0)
	        Index Cond: ((k >= 7936229) AND (k <= 7936329))

table 5 : explain SELECT k, c FROM sbtest5 WHERE k BETWEEN 7936229 AND 7936329
	Bitmap Heap Scan on sbtest5  (cost=5.49..413.28 rows=103 width=125)
	  Recheck Cond: ((k >= 7936229) AND (k <= 7936329))
	  ->  Bitmap Index Scan on k_5  (cost=0.00..5.46 rows=103 width=0)
	        Index Cond: ((k >= 7936229) AND (k <= 7936329))

table 6 : explain SELECT k, c FROM sbtest6 WHERE k BETWEEN 7936229 AND 7936329
	Bitmap Heap Scan on sbtest6  (cost=5.43..389.66 rows=97 width=125)
	  Recheck Cond: ((k >= 7936229) AND (k <= 7936329))
	  ->  Bitmap Index Scan on k_6  (cost=0.00..5.40 rows=97 width=0)
	        Index Cond: ((k >= 7936229) AND (k <= 7936329))

table 7 : explain SELECT k, c FROM sbtest7 WHERE k BETWEEN 7936229 AND 7936329
	Bitmap Heap Scan on sbtest7  (cost=5.55..436.95 rows=109 width=125)
	  Recheck Cond: ((k >= 7936229) AND (k <= 7936329))
	  ->  Bitmap Index Scan on k_7  (cost=0.00..5.52 rows=109 width=0)
	        Index Cond: ((k >= 7936229) AND (k <= 7936329))

table 8 : explain SELECT k, c FROM sbtest8 WHERE k BETWEEN 7936229 AND 7936329
	Bitmap Heap Scan on sbtest8  (cost=5.50..417.28 rows=104 width=125)
	  Recheck Cond: ((k >= 7936229) AND (k <= 7936329))
	  ->  Bitmap Index Scan on k_8  (cost=0.00..5.47 rows=104 width=0)
	        Index Cond: ((k >= 7936229) AND (k <= 7936329))
explain: for range-notcovered :: explain SELECT k, c FROM sbtest%d WHERE k BETWEEN 4560876 AND 4560976



for range-notcovered
table 1 : explain SELECT k, c FROM sbtest1 WHERE k BETWEEN 4344122 AND 4344222
	Bitmap Heap Scan on sbtest1  (cost=5.50..417.19 rows=104 width=125)
	  Recheck Cond: ((k >= 4344122) AND (k <= 4344222))
	  ->  Bitmap Index Scan on k_1  (cost=0.00..5.47 rows=104 width=0)
	        Index Cond: ((k >= 4344122) AND (k <= 4344222))

table 2 : explain SELECT k, c FROM sbtest2 WHERE k BETWEEN 4344122 AND 4344222
	Bitmap Heap Scan on sbtest2  (cost=5.40..377.77 rows=94 width=125)
	  Recheck Cond: ((k >= 4344122) AND (k <= 4344222))
	  ->  Bitmap Index Scan on k_2  (cost=0.00..5.38 rows=94 width=0)
	        Index Cond: ((k >= 4344122) AND (k <= 4344222))

table 3 : explain SELECT k, c FROM sbtest3 WHERE k BETWEEN 4344122 AND 4344222
	Bitmap Heap Scan on sbtest3  (cost=5.52..425.09 rows=106 width=125)
	  Recheck Cond: ((k >= 4344122) AND (k <= 4344222))
	  ->  Bitmap Index Scan on k_3  (cost=0.00..5.50 rows=106 width=0)
	        Index Cond: ((k >= 4344122) AND (k <= 4344222))

table 4 : explain SELECT k, c FROM sbtest4 WHERE k BETWEEN 4344122 AND 4344222
	Bitmap Heap Scan on sbtest4  (cost=5.44..393.57 rows=98 width=125)
	  Recheck Cond: ((k >= 4344122) AND (k <= 4344222))
	  ->  Bitmap Index Scan on k_4  (cost=0.00..5.42 rows=98 width=0)
	        Index Cond: ((k >= 4344122) AND (k <= 4344222))

table 5 : explain SELECT k, c FROM sbtest5 WHERE k BETWEEN 4344122 AND 4344222
	Bitmap Heap Scan on sbtest5  (cost=5.59..452.68 rows=113 width=125)
	  Recheck Cond: ((k >= 4344122) AND (k <= 4344222))
	  ->  Bitmap Index Scan on k_5  (cost=0.00..5.56 rows=113 width=0)
	        Index Cond: ((k >= 4344122) AND (k <= 4344222))

table 6 : explain SELECT k, c FROM sbtest6 WHERE k BETWEEN 4344122 AND 4344222
	Bitmap Heap Scan on sbtest6  (cost=5.48..409.37 rows=102 width=125)
	  Recheck Cond: ((k >= 4344122) AND (k <= 4344222))
	  ->  Bitmap Index Scan on k_6  (cost=0.00..5.45 rows=102 width=0)
	        Index Cond: ((k >= 4344122) AND (k <= 4344222))

table 7 : explain SELECT k, c FROM sbtest7 WHERE k BETWEEN 4344122 AND 4344222
	Bitmap Heap Scan on sbtest7  (cost=5.40..377.81 rows=94 width=125)
	  Recheck Cond: ((k >= 4344122) AND (k <= 4344222))
	  ->  Bitmap Index Scan on k_7  (cost=0.00..5.38 rows=94 width=0)
	        Index Cond: ((k >= 4344122) AND (k <= 4344222))

table 8 : explain SELECT k, c FROM sbtest8 WHERE k BETWEEN 4344122 AND 4344222
	Bitmap Heap Scan on sbtest8  (cost=5.50..417.28 rows=104 width=125)
	  Recheck Cond: ((k >= 4344122) AND (k <= 4344222))
	  ->  Bitmap Index Scan on k_8  (cost=0.00..5.47 rows=104 width=0)
	        Index Cond: ((k >= 4344122) AND (k <= 4344222))

for range-notcovered
table 1 : explain SELECT k, c FROM sbtest1 WHERE k BETWEEN 8329928 AND 8330028
	Bitmap Heap Scan on sbtest1  (cost=5.42..385.66 rows=96 width=125)
	  Recheck Cond: ((k >= 8329928) AND (k <= 8330028))
	  ->  Bitmap Index Scan on k_1  (cost=0.00..5.39 rows=96 width=0)
	        Index Cond: ((k >= 8329928) AND (k <= 8330028))

table 2 : explain SELECT k, c FROM sbtest2 WHERE k BETWEEN 8329928 AND 8330028
	Bitmap Heap Scan on sbtest2  (cost=5.51..421.14 rows=105 width=125)
	  Recheck Cond: ((k >= 8329928) AND (k <= 8330028))
	  ->  Bitmap Index Scan on k_2  (cost=0.00..5.48 rows=105 width=0)
	        Index Cond: ((k >= 8329928) AND (k <= 8330028))

table 3 : explain SELECT k, c FROM sbtest3 WHERE k BETWEEN 8329928 AND 8330028
	Bitmap Heap Scan on sbtest3  (cost=5.46..401.44 rows=100 width=125)
	  Recheck Cond: ((k >= 8329928) AND (k <= 8330028))
	  ->  Bitmap Index Scan on k_3  (cost=0.00..5.43 rows=100 width=0)
	        Index Cond: ((k >= 8329928) AND (k <= 8330028))

table 4 : explain SELECT k, c FROM sbtest4 WHERE k BETWEEN 8329928 AND 8330028
	Bitmap Heap Scan on sbtest4  (cost=5.49..413.28 rows=103 width=125)
	  Recheck Cond: ((k >= 8329928) AND (k <= 8330028))
	  ->  Bitmap Index Scan on k_4  (cost=0.00..5.46 rows=103 width=0)
	        Index Cond: ((k >= 8329928) AND (k <= 8330028))

table 5 : explain SELECT k, c FROM sbtest5 WHERE k BETWEEN 8329928 AND 8330028
	Bitmap Heap Scan on sbtest5  (cost=5.59..452.68 rows=113 width=125)
	  Recheck Cond: ((k >= 8329928) AND (k <= 8330028))
	  ->  Bitmap Index Scan on k_5  (cost=0.00..5.56 rows=113 width=0)
	        Index Cond: ((k >= 8329928) AND (k <= 8330028))

table 6 : explain SELECT k, c FROM sbtest6 WHERE k BETWEEN 8329928 AND 8330028
	Bitmap Heap Scan on sbtest6  (cost=5.44..393.60 rows=98 width=125)
	  Recheck Cond: ((k >= 8329928) AND (k <= 8330028))
	  ->  Bitmap Index Scan on k_6  (cost=0.00..5.42 rows=98 width=0)
	        Index Cond: ((k >= 8329928) AND (k <= 8330028))

table 7 : explain SELECT k, c FROM sbtest7 WHERE k BETWEEN 8329928 AND 8330028
	Bitmap Heap Scan on sbtest7  (cost=5.59..452.70 rows=113 width=125)
	  Recheck Cond: ((k >= 8329928) AND (k <= 8330028))
	  ->  Bitmap Index Scan on k_7  (cost=0.00..5.56 rows=113 width=0)
	        Index Cond: ((k >= 8329928) AND (k <= 8330028))

table 8 : explain SELECT k, c FROM sbtest8 WHERE k BETWEEN 8329928 AND 8330028
	Bitmap Heap Scan on sbtest8  (cost=5.52..425.17 rows=106 width=125)
	  Recheck Cond: ((k >= 8329928) AND (k <= 8330028))
	  ->  Bitmap Index Scan on k_8  (cost=0.00..5.50 rows=106 width=0)
	        Index Cond: ((k >= 8329928) AND (k <= 8330028))


for range-notcovered
table 1 : explain SELECT k, c FROM sbtest1 WHERE k BETWEEN 4852987 AND 4853087
	Bitmap Heap Scan on sbtest1  (cost=5.47..405.37 rows=101 width=125)
	  Recheck Cond: ((k >= 4852987) AND (k <= 4853087))
	  ->  Bitmap Index Scan on k_1  (cost=0.00..5.44 rows=101 width=0)
	        Index Cond: ((k >= 4852987) AND (k <= 4853087))

table 2 : explain SELECT k, c FROM sbtest2 WHERE k BETWEEN 4852987 AND 4853087
	Bitmap Heap Scan on sbtest2  (cost=5.55..436.90 rows=109 width=125)
	  Recheck Cond: ((k >= 4852987) AND (k <= 4853087))
	  ->  Bitmap Index Scan on k_2  (cost=0.00..5.52 rows=109 width=0)
	        Index Cond: ((k >= 4852987) AND (k <= 4853087))

table 3 : explain SELECT k, c FROM sbtest3 WHERE k BETWEEN 4852987 AND 4853087
	Bitmap Heap Scan on sbtest3  (cost=5.38..369.89 rows=92 width=125)
	  Recheck Cond: ((k >= 4852987) AND (k <= 4853087))
	  ->  Bitmap Index Scan on k_3  (cost=0.00..5.35 rows=92 width=0)
	        Index Cond: ((k >= 4852987) AND (k <= 4853087))

table 4 : explain SELECT k, c FROM sbtest4 WHERE k BETWEEN 4852987 AND 4853087
	Bitmap Heap Scan on sbtest4  (cost=5.51..421.16 rows=105 width=125)
	  Recheck Cond: ((k >= 4852987) AND (k <= 4853087))
	  ->  Bitmap Index Scan on k_4  (cost=0.00..5.48 rows=105 width=0)
	        Index Cond: ((k >= 4852987) AND (k <= 4853087))

table 5 : explain SELECT k, c FROM sbtest5 WHERE k BETWEEN 4852987 AND 4853087
	Bitmap Heap Scan on sbtest5  (cost=5.54..432.98 rows=108 width=125)
	  Recheck Cond: ((k >= 4852987) AND (k <= 4853087))
	  ->  Bitmap Index Scan on k_5  (cost=0.00..5.51 rows=108 width=0)
	        Index Cond: ((k >= 4852987) AND (k <= 4853087))

table 6 : explain SELECT k, c FROM sbtest6 WHERE k BETWEEN 4852987 AND 4853087
	Bitmap Heap Scan on sbtest6  (cost=5.44..393.60 rows=98 width=125)
	  Recheck Cond: ((k >= 4852987) AND (k <= 4853087))
	  ->  Bitmap Index Scan on k_6  (cost=0.00..5.42 rows=98 width=0)
	        Index Cond: ((k >= 4852987) AND (k <= 4853087))

table 7 : explain SELECT k, c FROM sbtest7 WHERE k BETWEEN 4852987 AND 4853087
	Bitmap Heap Scan on sbtest7  (cost=5.52..425.13 rows=106 width=125)
	  Recheck Cond: ((k >= 4852987) AND (k <= 4853087))
	  ->  Bitmap Index Scan on k_7  (cost=0.00..5.50 rows=106 width=0)
	        Index Cond: ((k >= 4852987) AND (k <= 4853087))

table 8 : explain SELECT k, c FROM sbtest8 WHERE k BETWEEN 4852987 AND 4853087
	Bitmap Heap Scan on sbtest8  (cost=5.44..393.62 rows=98 width=125)
	  Recheck Cond: ((k >= 4852987) AND (k <= 4853087))
	  ->  Bitmap Index Scan on k_8  (cost=0.00..5.42 rows=98 width=0)
	        Index Cond: ((k >= 4852987) AND (k <= 4853087))

explain: for range-notcovered :: explain SELECT k, c FROM sbtest%d WHERE k BETWEEN 7296580 AND 7296680
explain: for range-notcovered :: explain SELECT k, c FROM sbtest%d WHERE k BETWEEN 3169346 AND 3169446
explain: for range-notcovered :: explain SELECT k, c FROM sbtest%d WHERE k BETWEEN 7936229 AND 7936329
explain: for range-notcovered :: explain SELECT k, c FROM sbtest%d WHERE k BETWEEN 2095794 AND 2095894
explain: for range-notcovered :: explain SELECT k, c FROM sbtest%d WHERE k BETWEEN 8329928 AND 8330028
explain: for range-notcovered :: explain SELECT k, c FROM sbtest%d WHERE k BETWEEN 4852987 AND 4853087
explain: for range-notcovered :: explain SELECT k, c FROM sbtest%d WHERE k BETWEEN 4344122 AND 4344222
for range-notcovered
table 1 : explain SELECT k, c FROM sbtest1 WHERE k BETWEEN 4937242 AND 4937342
	Bitmap Heap Scan on sbtest1  (cost=5.47..405.37 rows=101 width=125)
	  Recheck Cond: ((k >= 4937242) AND (k <= 4937342))
	  ->  Bitmap Index Scan on k_1  (cost=0.00..5.44 rows=101 width=0)
	        Index Cond: ((k >= 4937242) AND (k <= 4937342))

table 2 : explain SELECT k, c FROM sbtest2 WHERE k BETWEEN 4937242 AND 4937342
	Bitmap Heap Scan on sbtest2  (cost=5.44..393.55 rows=98 width=125)
	  Recheck Cond: ((k >= 4937242) AND (k <= 4937342))
	  ->  Bitmap Index Scan on k_2  (cost=0.00..5.42 rows=98 width=0)
	        Index Cond: ((k >= 4937242) AND (k <= 4937342))

table 3 : explain SELECT k, c FROM sbtest3 WHERE k BETWEEN 4937242 AND 4937342
	Bitmap Heap Scan on sbtest3  (cost=5.51..421.15 rows=105 width=125)
	  Recheck Cond: ((k >= 4937242) AND (k <= 4937342))
	  ->  Bitmap Index Scan on k_3  (cost=0.00..5.48 rows=105 width=0)
	        Index Cond: ((k >= 4937242) AND (k <= 4937342))

table 4 : explain SELECT k, c FROM sbtest4 WHERE k BETWEEN 4937242 AND 4937342
	Bitmap Heap Scan on sbtest4  (cost=5.47..405.39 rows=101 width=125)
	  Recheck Cond: ((k >= 4937242) AND (k <= 4937342))
	  ->  Bitmap Index Scan on k_4  (cost=0.00..5.44 rows=101 width=0)
	        Index Cond: ((k >= 4937242) AND (k <= 4937342))

table 5 : explain SELECT k, c FROM sbtest5 WHERE k BETWEEN 4937242 AND 4937342
	Bitmap Heap Scan on sbtest5  (cost=5.46..401.46 rows=100 width=125)
	  Recheck Cond: ((k >= 4937242) AND (k <= 4937342))
	  ->  Bitmap Index Scan on k_5  (cost=0.00..5.43 rows=100 width=0)
	        Index Cond: ((k >= 4937242) AND (k <= 4937342))

table 6 : explain SELECT k, c FROM sbtest6 WHERE k BETWEEN 4937242 AND 4937342
	Bitmap Heap Scan on sbtest6  (cost=5.45..397.54 rows=99 width=125)
	  Recheck Cond: ((k >= 4937242) AND (k <= 4937342))
	  ->  Bitmap Index Scan on k_6  (cost=0.00..5.42 rows=99 width=0)
	        Index Cond: ((k >= 4937242) AND (k <= 4937342))

table 7 : explain SELECT k, c FROM sbtest7 WHERE k BETWEEN 4937242 AND 4937342
	Bitmap Heap Scan on sbtest7  (cost=5.45..397.53 rows=99 width=125)
	  Recheck Cond: ((k >= 4937242) AND (k <= 4937342))
	  ->  Bitmap Index Scan on k_7  (cost=0.00..5.42 rows=99 width=0)
	        Index Cond: ((k >= 4937242) AND (k <= 4937342))

table 8 : explain SELECT k, c FROM sbtest8 WHERE k BETWEEN 4937242 AND 4937342
	Bitmap Heap Scan on sbtest8  (cost=5.44..393.62 rows=98 width=125)
	  Recheck Cond: ((k >= 4937242) AND (k <= 4937342))
	  ->  Bitmap Index Scan on k_8  (cost=0.00..5.42 rows=98 width=0)
	        Index Cond: ((k >= 4937242) AND (k <= 4937342))

explain: for range-notcovered :: explain SELECT k, c FROM sbtest%d WHERE k BETWEEN 5330440 AND 5330540
for range-notcovered
table 1 : explain SELECT k, c FROM sbtest1 WHERE k BETWEEN 6043282 AND 6043382
	Bitmap Heap Scan on sbtest1  (cost=5.40..377.77 rows=94 width=125)
	  Recheck Cond: ((k >= 6043282) AND (k <= 6043382))
	  ->  Bitmap Index Scan on k_1  (cost=0.00..5.38 rows=94 width=0)
	        Index Cond: ((k >= 6043282) AND (k <= 6043382))

table 2 : explain SELECT k, c FROM sbtest2 WHERE k BETWEEN 6043282 AND 6043382
	Bitmap Heap Scan on sbtest2  (cost=5.45..397.49 rows=99 width=125)
	  Recheck Cond: ((k >= 6043282) AND (k <= 6043382))
	  ->  Bitmap Index Scan on k_2  (cost=0.00..5.42 rows=99 width=0)
	        Index Cond: ((k >= 6043282) AND (k <= 6043382))

table 3 : explain SELECT k, c FROM sbtest3 WHERE k BETWEEN 6043282 AND 6043382
	Bitmap Heap Scan on sbtest3  (cost=5.50..417.21 rows=104 width=125)
	  Recheck Cond: ((k >= 6043282) AND (k <= 6043382))
	  ->  Bitmap Index Scan on k_3  (cost=0.00..5.47 rows=104 width=0)
	        Index Cond: ((k >= 6043282) AND (k <= 6043382))

table 4 : explain SELECT k, c FROM sbtest4 WHERE k BETWEEN 6043282 AND 6043382
	Bitmap Heap Scan on sbtest4  (cost=5.44..393.57 rows=98 width=125)
	  Recheck Cond: ((k >= 6043282) AND (k <= 6043382))
	  ->  Bitmap Index Scan on k_4  (cost=0.00..5.42 rows=98 width=0)
	        Index Cond: ((k >= 6043282) AND (k <= 6043382))

table 5 : explain SELECT k, c FROM sbtest5 WHERE k BETWEEN 6043282 AND 6043382
	Bitmap Heap Scan on sbtest5  (cost=5.40..377.79 rows=94 width=125)
	  Recheck Cond: ((k >= 6043282) AND (k <= 6043382))
	  ->  Bitmap Index Scan on k_5  (cost=0.00..5.38 rows=94 width=0)
	        Index Cond: ((k >= 6043282) AND (k <= 6043382))

table 6 : explain SELECT k, c FROM sbtest6 WHERE k BETWEEN 6043282 AND 6043382
	Bitmap Heap Scan on sbtest6  (cost=5.40..377.82 rows=94 width=125)
	  Recheck Cond: ((k >= 6043282) AND (k <= 6043382))
	  ->  Bitmap Index Scan on k_6  (cost=0.00..5.38 rows=94 width=0)
	        Index Cond: ((k >= 6043282) AND (k <= 6043382))

table 7 : explain SELECT k, c FROM sbtest7 WHERE k BETWEEN 6043282 AND 6043382
	Bitmap Heap Scan on sbtest7  (cost=5.45..397.53 rows=99 width=125)
	  Recheck Cond: ((k >= 6043282) AND (k <= 6043382))
	  ->  Bitmap Index Scan on k_7  (cost=0.00..5.42 rows=99 width=0)
	        Index Cond: ((k >= 6043282) AND (k <= 6043382))

table 8 : explain SELECT k, c FROM sbtest8 WHERE k BETWEEN 6043282 AND 6043382
	Bitmap Heap Scan on sbtest8  (cost=5.49..413.34 rows=103 width=125)
	  Recheck Cond: ((k >= 6043282) AND (k <= 6043382))
	  ->  Bitmap Index Scan on k_8  (cost=0.00..5.46 rows=103 width=0)
	        Index Cond: ((k >= 6043282) AND (k <= 6043382))

for range-notcovered
table 1 : explain SELECT k, c FROM sbtest1 WHERE k BETWEEN 3475180 AND 3475280
	Bitmap Heap Scan on sbtest1  (cost=5.53..429.01 rows=107 width=125)
	  Recheck Cond: ((k >= 3475180) AND (k <= 3475280))
	  ->  Bitmap Index Scan on k_1  (cost=0.00..5.50 rows=107 width=0)
	        Index Cond: ((k >= 3475180) AND (k <= 3475280))

table 2 : explain SELECT k, c FROM sbtest2 WHERE k BETWEEN 3475180 AND 3475280
	Bitmap Heap Scan on sbtest2  (cost=5.51..421.14 rows=105 width=125)
	  Recheck Cond: ((k >= 3475180) AND (k <= 3475280))
	  ->  Bitmap Index Scan on k_2  (cost=0.00..5.48 rows=105 width=0)
	        Index Cond: ((k >= 3475180) AND (k <= 3475280))

table 3 : explain SELECT k, c FROM sbtest3 WHERE k BETWEEN 3475180 AND 3475280
	Bitmap Heap Scan on sbtest3  (cost=5.40..377.78 rows=94 width=125)
	  Recheck Cond: ((k >= 3475180) AND (k <= 3475280))
	  ->  Bitmap Index Scan on k_3  (cost=0.00..5.38 rows=94 width=0)
	        Index Cond: ((k >= 3475180) AND (k <= 3475280))

table 4 : explain SELECT k, c FROM sbtest4 WHERE k BETWEEN 3475180 AND 3475280
	Bitmap Heap Scan on sbtest4  (cost=5.57..444.80 rows=111 width=125)
	  Recheck Cond: ((k >= 3475180) AND (k <= 3475280))
	  ->  Bitmap Index Scan on k_4  (cost=0.00..5.54 rows=111 width=0)
	        Index Cond: ((k >= 3475180) AND (k <= 3475280))

table 5 : explain SELECT k, c FROM sbtest5 WHERE k BETWEEN 3475180 AND 3475280
	Bitmap Heap Scan on sbtest5  (cost=5.45..397.51 rows=99 width=125)
	  Recheck Cond: ((k >= 3475180) AND (k <= 3475280))
	  ->  Bitmap Index Scan on k_5  (cost=0.00..5.42 rows=99 width=0)
	        Index Cond: ((k >= 3475180) AND (k <= 3475280))

table 6 : explain SELECT k, c FROM sbtest6 WHERE k BETWEEN 3475180 AND 3475280
	Bitmap Heap Scan on sbtest6  (cost=5.44..393.60 rows=98 width=125)
	  Recheck Cond: ((k >= 3475180) AND (k <= 3475280))
	  ->  Bitmap Index Scan on k_6  (cost=0.00..5.42 rows=98 width=0)
	        Index Cond: ((k >= 3475180) AND (k <= 3475280))

table 7 : explain SELECT k, c FROM sbtest7 WHERE k BETWEEN 3475180 AND 3475280
	Bitmap Heap Scan on sbtest7  (cost=5.54..433.01 rows=108 width=125)
	  Recheck Cond: ((k >= 3475180) AND (k <= 3475280))
	  ->  Bitmap Index Scan on k_7  (cost=0.00..5.51 rows=108 width=0)
	        Index Cond: ((k >= 3475180) AND (k <= 3475280))

table 8 : explain SELECT k, c FROM sbtest8 WHERE k BETWEEN 3475180 AND 3475280
	Bitmap Heap Scan on sbtest8  (cost=5.45..397.57 rows=99 width=125)
	  Recheck Cond: ((k >= 3475180) AND (k <= 3475280))
	  ->  Bitmap Index Scan on k_8  (cost=0.00..5.42 rows=99 width=0)
	        Index Cond: ((k >= 3475180) AND (k <= 3475280))

explain: for range-notcovered :: explain SELECT k, c FROM sbtest%d WHERE k BETWEEN 4937242 AND 4937342
for range-notcovered
table 1 : explain SELECT k, c FROM sbtest1 WHERE k BETWEEN 4581183 AND 4581283
	Bitmap Heap Scan on sbtest1  (cost=5.46..401.43 rows=100 width=125)
	  Recheck Cond: ((k >= 4581183) AND (k <= 4581283))
	  ->  Bitmap Index Scan on k_1  (cost=0.00..5.43 rows=100 width=0)
	        Index Cond: ((k >= 4581183) AND (k <= 4581283))

table 2 : explain SELECT k, c FROM sbtest2 WHERE k BETWEEN 4581183 AND 4581283
	Bitmap Heap Scan on sbtest2  (cost=5.48..409.32 rows=102 width=125)
	  Recheck Cond: ((k >= 4581183) AND (k <= 4581283))
	  ->  Bitmap Index Scan on k_2  (cost=0.00..5.45 rows=102 width=0)
	        Index Cond: ((k >= 4581183) AND (k <= 4581283))

table 3 : explain SELECT k, c FROM sbtest3 WHERE k BETWEEN 4581183 AND 4581283
	Bitmap Heap Scan on sbtest3  (cost=5.48..409.33 rows=102 width=125)
	  Recheck Cond: ((k >= 4581183) AND (k <= 4581283))
	  ->  Bitmap Index Scan on k_3  (cost=0.00..5.45 rows=102 width=0)
	        Index Cond: ((k >= 4581183) AND (k <= 4581283))

table 4 : explain SELECT k, c FROM sbtest4 WHERE k BETWEEN 4581183 AND 4581283
	Bitmap Heap Scan on sbtest4  (cost=5.47..405.39 rows=101 width=125)
	  Recheck Cond: ((k >= 4581183) AND (k <= 4581283))
	  ->  Bitmap Index Scan on k_4  (cost=0.00..5.44 rows=101 width=0)
	        Index Cond: ((k >= 4581183) AND (k <= 4581283))

table 5 : explain SELECT k, c FROM sbtest5 WHERE k BETWEEN 4581183 AND 4581283
	Bitmap Heap Scan on sbtest5  (cost=5.48..409.34 rows=102 width=125)
	  Recheck Cond: ((k >= 4581183) AND (k <= 4581283))
	  ->  Bitmap Index Scan on k_5  (cost=0.00..5.45 rows=102 width=0)
	        Index Cond: ((k >= 4581183) AND (k <= 4581283))

table 6 : explain SELECT k, c FROM sbtest6 WHERE k BETWEEN 4581183 AND 4581283
	Bitmap Heap Scan on sbtest6  (cost=5.61..460.59 rows=115 width=125)
	  Recheck Cond: ((k >= 4581183) AND (k <= 4581283))
	  ->  Bitmap Index Scan on k_6  (cost=0.00..5.58 rows=115 width=0)
	        Index Cond: ((k >= 4581183) AND (k <= 4581283))

table 7 : explain SELECT k, c FROM sbtest7 WHERE k BETWEEN 4581183 AND 4581283
	Bitmap Heap Scan on sbtest7  (cost=5.46..401.48 rows=100 width=125)
	  Recheck Cond: ((k >= 4581183) AND (k <= 4581283))
	  ->  Bitmap Index Scan on k_7  (cost=0.00..5.43 rows=100 width=0)
	        Index Cond: ((k >= 4581183) AND (k <= 4581283))

table 8 : explain SELECT k, c FROM sbtest8 WHERE k BETWEEN 4581183 AND 4581283
	Bitmap Heap Scan on sbtest8  (cost=5.45..397.57 rows=99 width=125)
	  Recheck Cond: ((k >= 4581183) AND (k <= 4581283))
	  ->  Bitmap Index Scan on k_8  (cost=0.00..5.42 rows=99 width=0)
	        Index Cond: ((k >= 4581183) AND (k <= 4581283))

explain: for range-notcovered :: explain SELECT k, c FROM sbtest%d WHERE k BETWEEN 6043282 AND 6043382
explain: for range-notcovered :: explain SELECT k, c FROM sbtest%d WHERE k BETWEEN 3475180 AND 3475280
explain: for range-notcovered :: explain SELECT k, c FROM sbtest%d WHERE k BETWEEN 3332067 AND 3332167
explain: for range-notcovered :: explain SELECT k, c FROM sbtest%d WHERE k BETWEEN 4581183 AND 4581283
for range-notcovered
table 1 : explain SELECT k, c FROM sbtest1 WHERE k BETWEEN 4957913 AND 4958013
	Bitmap Heap Scan on sbtest1  (cost=5.47..405.37 rows=101 width=125)
	  Recheck Cond: ((k >= 4957913) AND (k <= 4958013))
	  ->  Bitmap Index Scan on k_1  (cost=0.00..5.44 rows=101 width=0)
	        Index Cond: ((k >= 4957913) AND (k <= 4958013))

table 2 : explain SELECT k, c FROM sbtest2 WHERE k BETWEEN 4957913 AND 4958013
	Bitmap Heap Scan on sbtest2  (cost=5.48..409.32 rows=102 width=125)
	  Recheck Cond: ((k >= 4957913) AND (k <= 4958013))
	  ->  Bitmap Index Scan on k_2  (cost=0.00..5.45 rows=102 width=0)
	        Index Cond: ((k >= 4957913) AND (k <= 4958013))

table 3 : explain SELECT k, c FROM sbtest3 WHERE k BETWEEN 4957913 AND 4958013
	Bitmap Heap Scan on sbtest3  (cost=5.51..421.15 rows=105 width=125)
	  Recheck Cond: ((k >= 4957913) AND (k <= 4958013))
	  ->  Bitmap Index Scan on k_3  (cost=0.00..5.48 rows=105 width=0)
	        Index Cond: ((k >= 4957913) AND (k <= 4958013))

table 4 : explain SELECT k, c FROM sbtest4 WHERE k BETWEEN 4957913 AND 4958013
	Bitmap Heap Scan on sbtest4  (cost=5.47..405.39 rows=101 width=125)
	  Recheck Cond: ((k >= 4957913) AND (k <= 4958013))
	  ->  Bitmap Index Scan on k_4  (cost=0.00..5.44 rows=101 width=0)
	        Index Cond: ((k >= 4957913) AND (k <= 4958013))

table 5 : explain SELECT k, c FROM sbtest5 WHERE k BETWEEN 4957913 AND 4958013
	Bitmap Heap Scan on sbtest5  (cost=5.46..401.46 rows=100 width=125)
	  Recheck Cond: ((k >= 4957913) AND (k <= 4958013))
	  ->  Bitmap Index Scan on k_5  (cost=0.00..5.43 rows=100 width=0)
	        Index Cond: ((k >= 4957913) AND (k <= 4958013))

table 6 : explain SELECT k, c FROM sbtest6 WHERE k BETWEEN 4957913 AND 4958013
	Bitmap Heap Scan on sbtest6  (cost=5.45..397.54 rows=99 width=125)
	  Recheck Cond: ((k >= 4957913) AND (k <= 4958013))
	  ->  Bitmap Index Scan on k_6  (cost=0.00..5.42 rows=99 width=0)
	        Index Cond: ((k >= 4957913) AND (k <= 4958013))

table 7 : explain SELECT k, c FROM sbtest7 WHERE k BETWEEN 4957913 AND 4958013
	Bitmap Heap Scan on sbtest7  (cost=5.45..397.53 rows=99 width=125)
	  Recheck Cond: ((k >= 4957913) AND (k <= 4958013))
	  ->  Bitmap Index Scan on k_7  (cost=0.00..5.42 rows=99 width=0)
	        Index Cond: ((k >= 4957913) AND (k <= 4958013))

table 8 : explain SELECT k, c FROM sbtest8 WHERE k BETWEEN 4957913 AND 4958013
	Bitmap Heap Scan on sbtest8  (cost=5.45..397.57 rows=99 width=125)
	  Recheck Cond: ((k >= 4957913) AND (k <= 4958013))
	  ->  Bitmap Index Scan on k_8  (cost=0.00..5.42 rows=99 width=0)
	        Index Cond: ((k >= 4957913) AND (k <= 4958013))

for range-notcovered
table 1 : explain SELECT k, c FROM sbtest1 WHERE k BETWEEN 5101710 AND 5101810
	Bitmap Heap Scan on sbtest1  (cost=5.51..421.13 rows=105 width=125)
	  Recheck Cond: ((k >= 5101710) AND (k <= 5101810))
	  ->  Bitmap Index Scan on k_1  (cost=0.00..5.48 rows=105 width=0)
	        Index Cond: ((k >= 5101710) AND (k <= 5101810))

table 2 : explain SELECT k, c FROM sbtest2 WHERE k BETWEEN 5101710 AND 5101810
	Bitmap Heap Scan on sbtest2  (cost=5.43..389.60 rows=97 width=125)
	  Recheck Cond: ((k >= 5101710) AND (k <= 5101810))
	  ->  Bitmap Index Scan on k_2  (cost=0.00..5.40 rows=97 width=0)
	        Index Cond: ((k >= 5101710) AND (k <= 5101810))

table 3 : explain SELECT k, c FROM sbtest3 WHERE k BETWEEN 5101710 AND 5101810
	Bitmap Heap Scan on sbtest3  (cost=5.50..417.21 rows=104 width=125)
	  Recheck Cond: ((k >= 5101710) AND (k <= 5101810))
	  ->  Bitmap Index Scan on k_3  (cost=0.00..5.47 rows=104 width=0)
	        Index Cond: ((k >= 5101710) AND (k <= 5101810))

table 4 : explain SELECT k, c FROM sbtest4 WHERE k BETWEEN 5101710 AND 5101810
	Bitmap Heap Scan on sbtest4  (cost=5.41..381.73 rows=95 width=125)
	  Recheck Cond: ((k >= 5101710) AND (k <= 5101810))
	  ->  Bitmap Index Scan on k_4  (cost=0.00..5.38 rows=95 width=0)
	        Index Cond: ((k >= 5101710) AND (k <= 5101810))

table 5 : explain SELECT k, c FROM sbtest5 WHERE k BETWEEN 5101710 AND 5101810
	Bitmap Heap Scan on sbtest5  (cost=5.56..440.86 rows=110 width=125)
	  Recheck Cond: ((k >= 5101710) AND (k <= 5101810))
	  ->  Bitmap Index Scan on k_5  (cost=0.00..5.53 rows=110 width=0)
	        Index Cond: ((k >= 5101710) AND (k <= 5101810))

table 6 : explain SELECT k, c FROM sbtest6 WHERE k BETWEEN 5101710 AND 5101810
	Bitmap Heap Scan on sbtest6  (cost=5.45..397.54 rows=99 width=125)
	  Recheck Cond: ((k >= 5101710) AND (k <= 5101810))
	  ->  Bitmap Index Scan on k_6  (cost=0.00..5.42 rows=99 width=0)
	        Index Cond: ((k >= 5101710) AND (k <= 5101810))

table 7 : explain SELECT k, c FROM sbtest7 WHERE k BETWEEN 5101710 AND 5101810
	Bitmap Heap Scan on sbtest7  (cost=5.46..401.48 rows=100 width=125)
	  Recheck Cond: ((k >= 5101710) AND (k <= 5101810))
	  ->  Bitmap Index Scan on k_7  (cost=0.00..5.43 rows=100 width=0)
	        Index Cond: ((k >= 5101710) AND (k <= 5101810))

table 8 : explain SELECT k, c FROM sbtest8 WHERE k BETWEEN 5101710 AND 5101810
	Bitmap Heap Scan on sbtest8  (cost=5.54..433.05 rows=108 width=125)
	  Recheck Cond: ((k >= 5101710) AND (k <= 5101810))
	  ->  Bitmap Index Scan on k_8  (cost=0.00..5.51 rows=108 width=0)
	        Index Cond: ((k >= 5101710) AND (k <= 5101810))

for range-notcovered
table 1 : explain SELECT k, c FROM sbtest1 WHERE k BETWEEN 9066599 AND 9066699
	Bitmap Heap Scan on sbtest1  (cost=5.56..440.83 rows=110 width=125)
	  Recheck Cond: ((k >= 9066599) AND (k <= 9066699))
	  ->  Bitmap Index Scan on k_1  (cost=0.00..5.53 rows=110 width=0)
	        Index Cond: ((k >= 9066599) AND (k <= 9066699))

table 2 : explain SELECT k, c FROM sbtest2 WHERE k BETWEEN 9066599 AND 9066699
	Bitmap Heap Scan on sbtest2  (cost=5.39..373.83 rows=93 width=125)
	  Recheck Cond: ((k >= 9066599) AND (k <= 9066699))
	  ->  Bitmap Index Scan on k_2  (cost=0.00..5.36 rows=93 width=0)
	        Index Cond: ((k >= 9066599) AND (k <= 9066699))

table 3 : explain SELECT k, c FROM sbtest3 WHERE k BETWEEN 9066599 AND 9066699
	Bitmap Heap Scan on sbtest3  (cost=5.47..405.39 rows=101 width=125)
	  Recheck Cond: ((k >= 9066599) AND (k <= 9066699))
	  ->  Bitmap Index Scan on k_3  (cost=0.00..5.44 rows=101 width=0)
	        Index Cond: ((k >= 9066599) AND (k <= 9066699))

table 4 : explain SELECT k, c FROM sbtest4 WHERE k BETWEEN 9066599 AND 9066699
	Bitmap Heap Scan on sbtest4  (cost=5.49..413.28 rows=103 width=125)
	  Recheck Cond: ((k >= 9066599) AND (k <= 9066699))
	  ->  Bitmap Index Scan on k_4  (cost=0.00..5.46 rows=103 width=0)
	        Index Cond: ((k >= 9066599) AND (k <= 9066699))

table 5 : explain SELECT k, c FROM sbtest5 WHERE k BETWEEN 9066599 AND 9066699
	Bitmap Heap Scan on sbtest5  (cost=5.39..373.85 rows=93 width=125)
	  Recheck Cond: ((k >= 9066599) AND (k <= 9066699))
	  ->  Bitmap Index Scan on k_5  (cost=0.00..5.36 rows=93 width=0)
	        Index Cond: ((k >= 9066599) AND (k <= 9066699))

table 6 : explain SELECT k, c FROM sbtest6 WHERE k BETWEEN 9066599 AND 9066699
	Bitmap Heap Scan on sbtest6  (cost=5.44..393.60 rows=98 width=125)
	  Recheck Cond: ((k >= 9066599) AND (k <= 9066699))
	  ->  Bitmap Index Scan on k_6  (cost=0.00..5.42 rows=98 width=0)
	        Index Cond: ((k >= 9066599) AND (k <= 9066699))

table 7 : explain SELECT k, c FROM sbtest7 WHERE k BETWEEN 9066599 AND 9066699
	Bitmap Heap Scan on sbtest7  (cost=5.54..433.01 rows=108 width=125)
	  Recheck Cond: ((k >= 9066599) AND (k <= 9066699))
	  ->  Bitmap Index Scan on k_7  (cost=0.00..5.51 rows=108 width=0)
	        Index Cond: ((k >= 9066599) AND (k <= 9066699))

table 8 : explain SELECT k, c FROM sbtest8 WHERE k BETWEEN 9066599 AND 9066699
	Bitmap Heap Scan on sbtest8  (cost=5.44..393.62 rows=98 width=125)
	  Recheck Cond: ((k >= 9066599) AND (k <= 9066699))
	  ->  Bitmap Index Scan on k_8  (cost=0.00..5.42 rows=98 width=0)
	        Index Cond: ((k >= 9066599) AND (k <= 9066699))

for range-notcovered
table 1 : explain SELECT k, c FROM sbtest1 WHERE k BETWEEN 6496944 AND 6497044
	Bitmap Heap Scan on sbtest1  (cost=5.61..460.52 rows=115 width=125)
	  Recheck Cond: ((k >= 6496944) AND (k <= 6497044))
	  ->  Bitmap Index Scan on k_1  (cost=0.00..5.58 rows=115 width=0)
	        Index Cond: ((k >= 6496944) AND (k <= 6497044))

table 2 : explain SELECT k, c FROM sbtest2 WHERE k BETWEEN 6496944 AND 6497044
	Bitmap Heap Scan on sbtest2  (cost=5.49..413.26 rows=103 width=125)
	  Recheck Cond: ((k >= 6496944) AND (k <= 6497044))
	  ->  Bitmap Index Scan on k_2  (cost=0.00..5.46 rows=103 width=0)
	        Index Cond: ((k >= 6496944) AND (k <= 6497044))

table 3 : explain SELECT k, c FROM sbtest3 WHERE k BETWEEN 6496944 AND 6497044
	Bitmap Heap Scan on sbtest3  (cost=5.53..429.03 rows=107 width=125)
	  Recheck Cond: ((k >= 6496944) AND (k <= 6497044))
	  ->  Bitmap Index Scan on k_3  (cost=0.00..5.50 rows=107 width=0)
	        Index Cond: ((k >= 6496944) AND (k <= 6497044))

table 4 : explain SELECT k, c FROM sbtest4 WHERE k BETWEEN 6496944 AND 6497044
	Bitmap Heap Scan on sbtest4  (cost=5.40..377.79 rows=94 width=125)
	  Recheck Cond: ((k >= 6496944) AND (k <= 6497044))
	  ->  Bitmap Index Scan on k_4  (cost=0.00..5.38 rows=94 width=0)
	        Index Cond: ((k >= 6496944) AND (k <= 6497044))

table 5 : explain SELECT k, c FROM sbtest5 WHERE k BETWEEN 6496944 AND 6497044
	Bitmap Heap Scan on sbtest5  (cost=5.43..389.63 rows=97 width=125)
	  Recheck Cond: ((k >= 6496944) AND (k <= 6497044))
	  ->  Bitmap Index Scan on k_5  (cost=0.00..5.40 rows=97 width=0)
	        Index Cond: ((k >= 6496944) AND (k <= 6497044))

table 6 : explain SELECT k, c FROM sbtest6 WHERE k BETWEEN 6496944 AND 6497044
	Bitmap Heap Scan on sbtest6  (cost=5.55..436.96 rows=109 width=125)
	  Recheck Cond: ((k >= 6496944) AND (k <= 6497044))
	  ->  Bitmap Index Scan on k_6  (cost=0.00..5.52 rows=109 width=0)
	        Index Cond: ((k >= 6496944) AND (k <= 6497044))

table 7 : explain SELECT k, c FROM sbtest7 WHERE k BETWEEN 6496944 AND 6497044
	Bitmap Heap Scan on sbtest7  (cost=5.61..460.57 rows=115 width=125)
	  Recheck Cond: ((k >= 6496944) AND (k <= 6497044))
	  ->  Bitmap Index Scan on k_7  (cost=0.00..5.58 rows=115 width=0)
	        Index Cond: ((k >= 6496944) AND (k <= 6497044))

table 8 : explain SELECT k, c FROM sbtest8 WHERE k BETWEEN 6496944 AND 6497044
	Bitmap Heap Scan on sbtest8  (cost=5.49..413.34 rows=103 width=125)
	  Recheck Cond: ((k >= 6496944) AND (k <= 6497044))
	  ->  Bitmap Index Scan on k_8  (cost=0.00..5.46 rows=103 width=0)
	        Index Cond: ((k >= 6496944) AND (k <= 6497044))

explain: for range-notcovered :: explain SELECT k, c FROM sbtest%d WHERE k BETWEEN 4957913 AND 4958013
explain: for range-notcovered :: explain SELECT k, c FROM sbtest%d WHERE k BETWEEN 5101710 AND 5101810
for range-notcovered
table 1 : explain SELECT k, c FROM sbtest1 WHERE k BETWEEN 4047833 AND 4047933
	Bitmap Heap Scan on sbtest1  (cost=5.51..421.13 rows=105 width=125)
	  Recheck Cond: ((k >= 4047833) AND (k <= 4047933))
	  ->  Bitmap Index Scan on k_1  (cost=0.00..5.48 rows=105 width=0)
	        Index Cond: ((k >= 4047833) AND (k <= 4047933))

table 2 : explain SELECT k, c FROM sbtest2 WHERE k BETWEEN 4047833 AND 4047933
	Bitmap Heap Scan on sbtest2  (cost=5.43..389.60 rows=97 width=125)
	  Recheck Cond: ((k >= 4047833) AND (k <= 4047933))
	  ->  Bitmap Index Scan on k_2  (cost=0.00..5.40 rows=97 width=0)
	        Index Cond: ((k >= 4047833) AND (k <= 4047933))

table 3 : explain SELECT k, c FROM sbtest3 WHERE k BETWEEN 4047833 AND 4047933
	Bitmap Heap Scan on sbtest3  (cost=5.41..381.73 rows=95 width=125)
	  Recheck Cond: ((k >= 4047833) AND (k <= 4047933))
	  ->  Bitmap Index Scan on k_3  (cost=0.00..5.38 rows=95 width=0)
	        Index Cond: ((k >= 4047833) AND (k <= 4047933))

table 4 : explain SELECT k, c FROM sbtest4 WHERE k BETWEEN 4047833 AND 4047933
	Bitmap Heap Scan on sbtest4  (cost=5.49..413.28 rows=103 width=125)
	  Recheck Cond: ((k >= 4047833) AND (k <= 4047933))
	  ->  Bitmap Index Scan on k_4  (cost=0.00..5.46 rows=103 width=0)
	        Index Cond: ((k >= 4047833) AND (k <= 4047933))

table 5 : explain SELECT k, c FROM sbtest5 WHERE k BETWEEN 4047833 AND 4047933
	Bitmap Heap Scan on sbtest5  (cost=5.46..401.46 rows=100 width=125)
	  Recheck Cond: ((k >= 4047833) AND (k <= 4047933))
	  ->  Bitmap Index Scan on k_5  (cost=0.00..5.43 rows=100 width=0)
	        Index Cond: ((k >= 4047833) AND (k <= 4047933))

table 6 : explain SELECT k, c FROM sbtest6 WHERE k BETWEEN 4047833 AND 4047933
	Bitmap Heap Scan on sbtest6  (cost=5.48..409.37 rows=102 width=125)
	  Recheck Cond: ((k >= 4047833) AND (k <= 4047933))
	  ->  Bitmap Index Scan on k_6  (cost=0.00..5.45 rows=102 width=0)
	        Index Cond: ((k >= 4047833) AND (k <= 4047933))

table 7 : explain SELECT k, c FROM sbtest7 WHERE k BETWEEN 4047833 AND 4047933
	Bitmap Heap Scan on sbtest7  (cost=5.49..413.30 rows=103 width=125)
	  Recheck Cond: ((k >= 4047833) AND (k <= 4047933))
	  ->  Bitmap Index Scan on k_7  (cost=0.00..5.46 rows=103 width=0)
	        Index Cond: ((k >= 4047833) AND (k <= 4047933))

table 8 : explain SELECT k, c FROM sbtest8 WHERE k BETWEEN 4047833 AND 4047933
	Bitmap Heap Scan on sbtest8  (cost=5.50..417.28 rows=104 width=125)
	  Recheck Cond: ((k >= 4047833) AND (k <= 4047933))
	  ->  Bitmap Index Scan on k_8  (cost=0.00..5.47 rows=104 width=0)
	        Index Cond: ((k >= 4047833) AND (k <= 4047933))

explain: for range-notcovered :: explain SELECT k, c FROM sbtest%d WHERE k BETWEEN 6496944 AND 6497044
explain: for range-notcovered :: explain SELECT k, c FROM sbtest%d WHERE k BETWEEN 9066599 AND 9066699
explain: for range-notcovered :: explain SELECT k, c FROM sbtest%d WHERE k BETWEEN 4047833 AND 4047933
for range-notcovered
table 1 : explain SELECT k, c FROM sbtest1 WHERE k BETWEEN 5421055 AND 5421155
	Bitmap Heap Scan on sbtest1  (cost=5.46..401.43 rows=100 width=125)
	  Recheck Cond: ((k >= 5421055) AND (k <= 5421155))
	  ->  Bitmap Index Scan on k_1  (cost=0.00..5.43 rows=100 width=0)
	        Index Cond: ((k >= 5421055) AND (k <= 5421155))

table 2 : explain SELECT k, c FROM sbtest2 WHERE k BETWEEN 5421055 AND 5421155
	Bitmap Heap Scan on sbtest2  (cost=5.45..397.49 rows=99 width=125)
	  Recheck Cond: ((k >= 5421055) AND (k <= 5421155))
	  ->  Bitmap Index Scan on k_2  (cost=0.00..5.42 rows=99 width=0)
	        Index Cond: ((k >= 5421055) AND (k <= 5421155))

table 3 : explain SELECT k, c FROM sbtest3 WHERE k BETWEEN 5421055 AND 5421155
	Bitmap Heap Scan on sbtest3  (cost=5.39..373.84 rows=93 width=125)
	  Recheck Cond: ((k >= 5421055) AND (k <= 5421155))
	  ->  Bitmap Index Scan on k_3  (cost=0.00..5.36 rows=93 width=0)
	        Index Cond: ((k >= 5421055) AND (k <= 5421155))

table 4 : explain SELECT k, c FROM sbtest4 WHERE k BETWEEN 5421055 AND 5421155
	Bitmap Heap Scan on sbtest4  (cost=5.58..448.73 rows=112 width=125)
	  Recheck Cond: ((k >= 5421055) AND (k <= 5421155))
	  ->  Bitmap Index Scan on k_4  (cost=0.00..5.55 rows=112 width=0)
	        Index Cond: ((k >= 5421055) AND (k <= 5421155))

table 5 : explain SELECT k, c FROM sbtest5 WHERE k BETWEEN 5421055 AND 5421155
	Bitmap Heap Scan on sbtest5  (cost=5.44..393.57 rows=98 width=125)
	  Recheck Cond: ((k >= 5421055) AND (k <= 5421155))
	  ->  Bitmap Index Scan on k_5  (cost=0.00..5.42 rows=98 width=0)
	        Index Cond: ((k >= 5421055) AND (k <= 5421155))

table 6 : explain SELECT k, c FROM sbtest6 WHERE k BETWEEN 5421055 AND 5421155
	Bitmap Heap Scan on sbtest6  (cost=5.51..421.20 rows=105 width=125)
	  Recheck Cond: ((k >= 5421055) AND (k <= 5421155))
	  ->  Bitmap Index Scan on k_6  (cost=0.00..5.48 rows=105 width=0)
	        Index Cond: ((k >= 5421055) AND (k <= 5421155))

table 7 : explain SELECT k, c FROM sbtest7 WHERE k BETWEEN 5421055 AND 5421155
	Bitmap Heap Scan on sbtest7  (cost=5.43..389.64 rows=97 width=125)
	  Recheck Cond: ((k >= 5421055) AND (k <= 5421155))
	  ->  Bitmap Index Scan on k_7  (cost=0.00..5.40 rows=97 width=0)
	        Index Cond: ((k >= 5421055) AND (k <= 5421155))

table 8 : explain SELECT k, c FROM sbtest8 WHERE k BETWEEN 5421055 AND 5421155
	Bitmap Heap Scan on sbtest8  (cost=5.44..393.62 rows=98 width=125)
	  Recheck Cond: ((k >= 5421055) AND (k <= 5421155))
	  ->  Bitmap Index Scan on k_8  (cost=0.00..5.42 rows=98 width=0)
	        Index Cond: ((k >= 5421055) AND (k <= 5421155))

explain: for range-notcovered :: explain SELECT k, c FROM sbtest%d WHERE k BETWEEN 6049307 AND 6049407
for range-notcovered
table 1 : explain SELECT k, c FROM sbtest1 WHERE k BETWEEN 6607380 AND 6607480
	Bitmap Heap Scan on sbtest1  (cost=5.41..381.71 rows=95 width=125)
	  Recheck Cond: ((k >= 6607380) AND (k <= 6607480))
	  ->  Bitmap Index Scan on k_1  (cost=0.00..5.38 rows=95 width=0)
	        Index Cond: ((k >= 6607380) AND (k <= 6607480))

table 2 : explain SELECT k, c FROM sbtest2 WHERE k BETWEEN 6607380 AND 6607480
	Bitmap Heap Scan on sbtest2  (cost=5.54..432.96 rows=108 width=125)
	  Recheck Cond: ((k >= 6607380) AND (k <= 6607480))
	  ->  Bitmap Index Scan on k_2  (cost=0.00..5.51 rows=108 width=0)
	        Index Cond: ((k >= 6607380) AND (k <= 6607480))

table 3 : explain SELECT k, c FROM sbtest3 WHERE k BETWEEN 6607380 AND 6607480
	Bitmap Heap Scan on sbtest3  (cost=5.52..425.09 rows=106 width=125)
	  Recheck Cond: ((k >= 6607380) AND (k <= 6607480))
	  ->  Bitmap Index Scan on k_3  (cost=0.00..5.50 rows=106 width=0)
	        Index Cond: ((k >= 6607380) AND (k <= 6607480))

table 4 : explain SELECT k, c FROM sbtest4 WHERE k BETWEEN 6607380 AND 6607480
	Bitmap Heap Scan on sbtest4  (cost=5.53..429.04 rows=107 width=125)
	  Recheck Cond: ((k >= 6607380) AND (k <= 6607480))
	  ->  Bitmap Index Scan on k_4  (cost=0.00..5.50 rows=107 width=0)
	        Index Cond: ((k >= 6607380) AND (k <= 6607480))

table 5 : explain SELECT k, c FROM sbtest5 WHERE k BETWEEN 6607380 AND 6607480
	Bitmap Heap Scan on sbtest5  (cost=5.47..405.40 rows=101 width=125)
	  Recheck Cond: ((k >= 6607380) AND (k <= 6607480))
	  ->  Bitmap Index Scan on k_5  (cost=0.00..5.44 rows=101 width=0)
	        Index Cond: ((k >= 6607380) AND (k <= 6607480))

table 6 : explain SELECT k, c FROM sbtest6 WHERE k BETWEEN 6607380 AND 6607480
	Bitmap Heap Scan on sbtest6  (cost=5.40..377.82 rows=94 width=125)
	  Recheck Cond: ((k >= 6607380) AND (k <= 6607480))
	  ->  Bitmap Index Scan on k_6  (cost=0.00..5.38 rows=94 width=0)
	        Index Cond: ((k >= 6607380) AND (k <= 6607480))

table 7 : explain SELECT k, c FROM sbtest7 WHERE k BETWEEN 6607380 AND 6607480
	Bitmap Heap Scan on sbtest7  (cost=5.52..425.13 rows=106 width=125)
	  Recheck Cond: ((k >= 6607380) AND (k <= 6607480))
	  ->  Bitmap Index Scan on k_7  (cost=0.00..5.50 rows=106 width=0)
	        Index Cond: ((k >= 6607380) AND (k <= 6607480))

table 8 : explain SELECT k, c FROM sbtest8 WHERE k BETWEEN 6607380 AND 6607480
	Bitmap Heap Scan on sbtest8  (cost=5.44..393.62 rows=98 width=125)
	  Recheck Cond: ((k >= 6607380) AND (k <= 6607480))
	  ->  Bitmap Index Scan on k_8  (cost=0.00..5.42 rows=98 width=0)
	        Index Cond: ((k >= 6607380) AND (k <= 6607480))

for range-notcovered
table 1 : explain SELECT k, c FROM sbtest1 WHERE k BETWEEN 2640584 AND 2640684
	Bitmap Heap Scan on sbtest1  (cost=5.50..417.19 rows=104 width=125)
	  Recheck Cond: ((k >= 2640584) AND (k <= 2640684))
	  ->  Bitmap Index Scan on k_1  (cost=0.00..5.47 rows=104 width=0)
	        Index Cond: ((k >= 2640584) AND (k <= 2640684))

table 2 : explain SELECT k, c FROM sbtest2 WHERE k BETWEEN 2640584 AND 2640684
	Bitmap Heap Scan on sbtest2  (cost=5.42..385.66 rows=96 width=125)
	  Recheck Cond: ((k >= 2640584) AND (k <= 2640684))
	  ->  Bitmap Index Scan on k_2  (cost=0.00..5.39 rows=96 width=0)
	        Index Cond: ((k >= 2640584) AND (k <= 2640684))

table 3 : explain SELECT k, c FROM sbtest3 WHERE k BETWEEN 2640584 AND 2640684
	Bitmap Heap Scan on sbtest3  (cost=5.39..373.84 rows=93 width=125)
	  Recheck Cond: ((k >= 2640584) AND (k <= 2640684))
	  ->  Bitmap Index Scan on k_3  (cost=0.00..5.36 rows=93 width=0)
	        Index Cond: ((k >= 2640584) AND (k <= 2640684))

table 4 : explain SELECT k, c FROM sbtest4 WHERE k BETWEEN 2640584 AND 2640684
	Bitmap Heap Scan on sbtest4  (cost=5.45..397.51 rows=99 width=125)
	  Recheck Cond: ((k >= 2640584) AND (k <= 2640684))
	  ->  Bitmap Index Scan on k_4  (cost=0.00..5.42 rows=99 width=0)
	        Index Cond: ((k >= 2640584) AND (k <= 2640684))

table 5 : explain SELECT k, c FROM sbtest5 WHERE k BETWEEN 2640584 AND 2640684
	Bitmap Heap Scan on sbtest5  (cost=5.44..393.57 rows=98 width=125)
	  Recheck Cond: ((k >= 2640584) AND (k <= 2640684))
	  ->  Bitmap Index Scan on k_5  (cost=0.00..5.42 rows=98 width=0)
	        Index Cond: ((k >= 2640584) AND (k <= 2640684))

table 6 : explain SELECT k, c FROM sbtest6 WHERE k BETWEEN 2640584 AND 2640684
	Bitmap Heap Scan on sbtest6  (cost=5.48..409.37 rows=102 width=125)
	  Recheck Cond: ((k >= 2640584) AND (k <= 2640684))
	  ->  Bitmap Index Scan on k_6  (cost=0.00..5.45 rows=102 width=0)
	        Index Cond: ((k >= 2640584) AND (k <= 2640684))

table 7 : explain SELECT k, c FROM sbtest7 WHERE k BETWEEN 2640584 AND 2640684
	Bitmap Heap Scan on sbtest7  (cost=5.47..405.42 rows=101 width=125)
	  Recheck Cond: ((k >= 2640584) AND (k <= 2640684))
	  ->  Bitmap Index Scan on k_7  (cost=0.00..5.44 rows=101 width=0)
	        Index Cond: ((k >= 2640584) AND (k <= 2640684))

table 8 : explain SELECT k, c FROM sbtest8 WHERE k BETWEEN 2640584 AND 2640684
	Bitmap Heap Scan on sbtest8  (cost=5.52..425.17 rows=106 width=125)
	  Recheck Cond: ((k >= 2640584) AND (k <= 2640684))
	  ->  Bitmap Index Scan on k_8  (cost=0.00..5.50 rows=106 width=0)
	        Index Cond: ((k >= 2640584) AND (k <= 2640684))

explain: for range-notcovered :: explain SELECT k, c FROM sbtest%d WHERE k BETWEEN 5421055 AND 5421155
for range-notcovered
table 1 : explain SELECT k, c FROM sbtest1 WHERE k BETWEEN 4007277 AND 4007377
	Bitmap Heap Scan on sbtest1  (cost=5.42..385.66 rows=96 width=125)
	  Recheck Cond: ((k >= 4007277) AND (k <= 4007377))
	  ->  Bitmap Index Scan on k_1  (cost=0.00..5.39 rows=96 width=0)
	        Index Cond: ((k >= 4007277) AND (k <= 4007377))

table 2 : explain SELECT k, c FROM sbtest2 WHERE k BETWEEN 4007277 AND 4007377
	Bitmap Heap Scan on sbtest2  (cost=5.43..389.60 rows=97 width=125)
	  Recheck Cond: ((k >= 4007277) AND (k <= 4007377))
	  ->  Bitmap Index Scan on k_2  (cost=0.00..5.40 rows=97 width=0)
	        Index Cond: ((k >= 4007277) AND (k <= 4007377))

table 3 : explain SELECT k, c FROM sbtest3 WHERE k BETWEEN 4007277 AND 4007377
	Bitmap Heap Scan on sbtest3  (cost=5.45..397.50 rows=99 width=125)
	  Recheck Cond: ((k >= 4007277) AND (k <= 4007377))
	  ->  Bitmap Index Scan on k_3  (cost=0.00..5.42 rows=99 width=0)
	        Index Cond: ((k >= 4007277) AND (k <= 4007377))

table 4 : explain SELECT k, c FROM sbtest4 WHERE k BETWEEN 4007277 AND 4007377
	Bitmap Heap Scan on sbtest4  (cost=5.49..413.28 rows=103 width=125)
	  Recheck Cond: ((k >= 4007277) AND (k <= 4007377))
	  ->  Bitmap Index Scan on k_4  (cost=0.00..5.46 rows=103 width=0)
	        Index Cond: ((k >= 4007277) AND (k <= 4007377))

table 5 : explain SELECT k, c FROM sbtest5 WHERE k BETWEEN 4007277 AND 4007377
	Bitmap Heap Scan on sbtest5  (cost=5.46..401.46 rows=100 width=125)
	  Recheck Cond: ((k >= 4007277) AND (k <= 4007377))
	  ->  Bitmap Index Scan on k_5  (cost=0.00..5.43 rows=100 width=0)
	        Index Cond: ((k >= 4007277) AND (k <= 4007377))

table 6 : explain SELECT k, c FROM sbtest6 WHERE k BETWEEN 4007277 AND 4007377
	Bitmap Heap Scan on sbtest6  (cost=5.41..381.77 rows=95 width=125)
	  Recheck Cond: ((k >= 4007277) AND (k <= 4007377))
	  ->  Bitmap Index Scan on k_6  (cost=0.00..5.38 rows=95 width=0)
	        Index Cond: ((k >= 4007277) AND (k <= 4007377))

table 7 : explain SELECT k, c FROM sbtest7 WHERE k BETWEEN 4007277 AND 4007377
	Bitmap Heap Scan on sbtest7  (cost=5.49..413.30 rows=103 width=125)
	  Recheck Cond: ((k >= 4007277) AND (k <= 4007377))
	  ->  Bitmap Index Scan on k_7  (cost=0.00..5.46 rows=103 width=0)
	        Index Cond: ((k >= 4007277) AND (k <= 4007377))

table 8 : explain SELECT k, c FROM sbtest8 WHERE k BETWEEN 4007277 AND 4007377
	Bitmap Heap Scan on sbtest8  (cost=5.44..393.62 rows=98 width=125)
	  Recheck Cond: ((k >= 4007277) AND (k <= 4007377))
	  ->  Bitmap Index Scan on k_8  (cost=0.00..5.42 rows=98 width=0)
	        Index Cond: ((k >= 4007277) AND (k <= 4007377))

explain: for range-notcovered :: explain SELECT k, c FROM sbtest%d WHERE k BETWEEN 6607380 AND 6607480
explain: for range-notcovered :: explain SELECT k, c FROM sbtest%d WHERE k BETWEEN 2640584 AND 2640684
for range-notcovered
table 1 : explain SELECT k, c FROM sbtest1 WHERE k BETWEEN 8329928 AND 8330028
	Bitmap Heap Scan on sbtest1  (cost=5.42..385.66 rows=96 width=125)
	  Recheck Cond: ((k >= 8329928) AND (k <= 8330028))
	  ->  Bitmap Index Scan on k_1  (cost=0.00..5.39 rows=96 width=0)
	        Index Cond: ((k >= 8329928) AND (k <= 8330028))

table 2 : explain SELECT k, c FROM sbtest2 WHERE k BETWEEN 8329928 AND 8330028
	Bitmap Heap Scan on sbtest2  (cost=5.51..421.14 rows=105 width=125)
	  Recheck Cond: ((k >= 8329928) AND (k <= 8330028))
	  ->  Bitmap Index Scan on k_2  (cost=0.00..5.48 rows=105 width=0)
	        Index Cond: ((k >= 8329928) AND (k <= 8330028))

table 3 : explain SELECT k, c FROM sbtest3 WHERE k BETWEEN 8329928 AND 8330028
	Bitmap Heap Scan on sbtest3  (cost=5.46..401.44 rows=100 width=125)
	  Recheck Cond: ((k >= 8329928) AND (k <= 8330028))
	  ->  Bitmap Index Scan on k_3  (cost=0.00..5.43 rows=100 width=0)
	        Index Cond: ((k >= 8329928) AND (k <= 8330028))

table 4 : explain SELECT k, c FROM sbtest4 WHERE k BETWEEN 8329928 AND 8330028
	Bitmap Heap Scan on sbtest4  (cost=5.49..413.28 rows=103 width=125)
	  Recheck Cond: ((k >= 8329928) AND (k <= 8330028))
	  ->  Bitmap Index Scan on k_4  (cost=0.00..5.46 rows=103 width=0)
	        Index Cond: ((k >= 8329928) AND (k <= 8330028))

table 5 : explain SELECT k, c FROM sbtest5 WHERE k BETWEEN 8329928 AND 8330028
	Bitmap Heap Scan on sbtest5  (cost=5.59..452.68 rows=113 width=125)
	  Recheck Cond: ((k >= 8329928) AND (k <= 8330028))
	  ->  Bitmap Index Scan on k_5  (cost=0.00..5.56 rows=113 width=0)
	        Index Cond: ((k >= 8329928) AND (k <= 8330028))

table 6 : explain SELECT k, c FROM sbtest6 WHERE k BETWEEN 8329928 AND 8330028
	Bitmap Heap Scan on sbtest6  (cost=5.44..393.60 rows=98 width=125)
	  Recheck Cond: ((k >= 8329928) AND (k <= 8330028))
	  ->  Bitmap Index Scan on k_6  (cost=0.00..5.42 rows=98 width=0)
	        Index Cond: ((k >= 8329928) AND (k <= 8330028))

table 7 : explain SELECT k, c FROM sbtest7 WHERE k BETWEEN 8329928 AND 8330028
	Bitmap Heap Scan on sbtest7  (cost=5.59..452.70 rows=113 width=125)
	  Recheck Cond: ((k >= 8329928) AND (k <= 8330028))
	  ->  Bitmap Index Scan on k_7  (cost=0.00..5.56 rows=113 width=0)
	        Index Cond: ((k >= 8329928) AND (k <= 8330028))

table 8 : explain SELECT k, c FROM sbtest8 WHERE k BETWEEN 8329928 AND 8330028
	Bitmap Heap Scan on sbtest8  (cost=5.52..425.17 rows=106 width=125)
	  Recheck Cond: ((k >= 8329928) AND (k <= 8330028))
	  ->  Bitmap Index Scan on k_8  (cost=0.00..5.50 rows=106 width=0)
	        Index Cond: ((k >= 8329928) AND (k <= 8330028))

explain: for range-notcovered :: explain SELECT k, c FROM sbtest%d WHERE k BETWEEN 4007277 AND 4007377
for range-notcovered
table 1 : explain SELECT k, c FROM sbtest1 WHERE k BETWEEN 7296580 AND 7296680
	Bitmap Heap Scan on sbtest1  (cost=5.52..425.07 rows=106 width=125)
	  Recheck Cond: ((k >= 7296580) AND (k <= 7296680))
	  ->  Bitmap Index Scan on k_1  (cost=0.00..5.50 rows=106 width=0)
	        Index Cond: ((k >= 7296580) AND (k <= 7296680))

table 2 : explain SELECT k, c FROM sbtest2 WHERE k BETWEEN 7296580 AND 7296680
	Bitmap Heap Scan on sbtest2  (cost=5.53..429.02 rows=107 width=125)
	  Recheck Cond: ((k >= 7296580) AND (k <= 7296680))
	  ->  Bitmap Index Scan on k_2  (cost=0.00..5.50 rows=107 width=0)
	        Index Cond: ((k >= 7296580) AND (k <= 7296680))

table 3 : explain SELECT k, c FROM sbtest3 WHERE k BETWEEN 7296580 AND 7296680
	Bitmap Heap Scan on sbtest3  (cost=5.54..432.97 rows=108 width=125)
	  Recheck Cond: ((k >= 7296580) AND (k <= 7296680))
	  ->  Bitmap Index Scan on k_3  (cost=0.00..5.51 rows=108 width=0)
	        Index Cond: ((k >= 7296580) AND (k <= 7296680))

table 4 : explain SELECT k, c FROM sbtest4 WHERE k BETWEEN 7296580 AND 7296680
	Bitmap Heap Scan on sbtest4  (cost=5.38..369.90 rows=92 width=125)
	  Recheck Cond: ((k >= 7296580) AND (k <= 7296680))
	  ->  Bitmap Index Scan on k_4  (cost=0.00..5.35 rows=92 width=0)
	        Index Cond: ((k >= 7296580) AND (k <= 7296680))

table 5 : explain SELECT k, c FROM sbtest5 WHERE k BETWEEN 7296580 AND 7296680
	Bitmap Heap Scan on sbtest5  (cost=5.44..393.57 rows=98 width=125)
	  Recheck Cond: ((k >= 7296580) AND (k <= 7296680))
	  ->  Bitmap Index Scan on k_5  (cost=0.00..5.42 rows=98 width=0)
	        Index Cond: ((k >= 7296580) AND (k <= 7296680))

table 6 : explain SELECT k, c FROM sbtest6 WHERE k BETWEEN 7296580 AND 7296680
	Bitmap Heap Scan on sbtest6  (cost=5.53..429.08 rows=107 width=125)
	  Recheck Cond: ((k >= 7296580) AND (k <= 7296680))
	  ->  Bitmap Index Scan on k_6  (cost=0.00..5.50 rows=107 width=0)
	        Index Cond: ((k >= 7296580) AND (k <= 7296680))

table 7 : explain SELECT k, c FROM sbtest7 WHERE k BETWEEN 7296580 AND 7296680
	Bitmap Heap Scan on sbtest7  (cost=5.57..444.82 rows=111 width=125)
	  Recheck Cond: ((k >= 7296580) AND (k <= 7296680))
	  ->  Bitmap Index Scan on k_7  (cost=0.00..5.54 rows=111 width=0)
	        Index Cond: ((k >= 7296580) AND (k <= 7296680))

table 8 : explain SELECT k, c FROM sbtest8 WHERE k BETWEEN 7296580 AND 7296680
	Bitmap Heap Scan on sbtest8  (cost=5.50..417.28 rows=104 width=125)
	  Recheck Cond: ((k >= 7296580) AND (k <= 7296680))
	  ->  Bitmap Index Scan on k_8  (cost=0.00..5.47 rows=104 width=0)
	        Index Cond: ((k >= 7296580) AND (k <= 7296680))

explain: for range-notcovered :: explain SELECT k, c FROM sbtest%d WHERE k BETWEEN 8329928 AND 8330028
for range-notcovered
table 1 : explain SELECT k, c FROM sbtest1 WHERE k BETWEEN 2095794 AND 2095894
	Bitmap Heap Scan on sbtest1  (cost=5.62..464.45 rows=116 width=125)
	  Recheck Cond: ((k >= 2095794) AND (k <= 2095894))
	  ->  Bitmap Index Scan on k_1  (cost=0.00..5.59 rows=116 width=0)
	        Index Cond: ((k >= 2095794) AND (k <= 2095894))

table 2 : explain SELECT k, c FROM sbtest2 WHERE k BETWEEN 2095794 AND 2095894
	Bitmap Heap Scan on sbtest2  (cost=5.54..432.96 rows=108 width=125)
	  Recheck Cond: ((k >= 2095794) AND (k <= 2095894))
	  ->  Bitmap Index Scan on k_2  (cost=0.00..5.51 rows=108 width=0)
	        Index Cond: ((k >= 2095794) AND (k <= 2095894))

table 3 : explain SELECT k, c FROM sbtest3 WHERE k BETWEEN 2095794 AND 2095894
	Bitmap Heap Scan on sbtest3  (cost=5.44..393.56 rows=98 width=125)
	  Recheck Cond: ((k >= 2095794) AND (k <= 2095894))
	  ->  Bitmap Index Scan on k_3  (cost=0.00..5.42 rows=98 width=0)
	        Index Cond: ((k >= 2095794) AND (k <= 2095894))

table 4 : explain SELECT k, c FROM sbtest4 WHERE k BETWEEN 2095794 AND 2095894
	Bitmap Heap Scan on sbtest4  (cost=5.55..436.92 rows=109 width=125)
	  Recheck Cond: ((k >= 2095794) AND (k <= 2095894))
	  ->  Bitmap Index Scan on k_4  (cost=0.00..5.52 rows=109 width=0)
	        Index Cond: ((k >= 2095794) AND (k <= 2095894))

table 5 : explain SELECT k, c FROM sbtest5 WHERE k BETWEEN 2095794 AND 2095894
	Bitmap Heap Scan on sbtest5  (cost=5.44..393.57 rows=98 width=125)
	  Recheck Cond: ((k >= 2095794) AND (k <= 2095894))
	  ->  Bitmap Index Scan on k_5  (cost=0.00..5.42 rows=98 width=0)
	        Index Cond: ((k >= 2095794) AND (k <= 2095894))

table 6 : explain SELECT k, c FROM sbtest6 WHERE k BETWEEN 2095794 AND 2095894
	Bitmap Heap Scan on sbtest6  (cost=5.42..385.71 rows=96 width=125)
	  Recheck Cond: ((k >= 2095794) AND (k <= 2095894))
	  ->  Bitmap Index Scan on k_6  (cost=0.00..5.39 rows=96 width=0)
	        Index Cond: ((k >= 2095794) AND (k <= 2095894))

table 7 : explain SELECT k, c FROM sbtest7 WHERE k BETWEEN 2095794 AND 2095894
	Bitmap Heap Scan on sbtest7  (cost=5.49..413.30 rows=103 width=125)
	  Recheck Cond: ((k >= 2095794) AND (k <= 2095894))
	  ->  Bitmap Index Scan on k_7  (cost=0.00..5.46 rows=103 width=0)
	        Index Cond: ((k >= 2095794) AND (k <= 2095894))

table 8 : explain SELECT k, c FROM sbtest8 WHERE k BETWEEN 2095794 AND 2095894
	Bitmap Heap Scan on sbtest8  (cost=5.44..393.62 rows=98 width=125)
	  Recheck Cond: ((k >= 2095794) AND (k <= 2095894))
	  ->  Bitmap Index Scan on k_8  (cost=0.00..5.42 rows=98 width=0)
	        Index Cond: ((k >= 2095794) AND (k <= 2095894))

for range-notcovered
table 1 : explain SELECT k, c FROM sbtest1 WHERE k BETWEEN 4344122 AND 4344222
	Bitmap Heap Scan on sbtest1  (cost=5.50..417.19 rows=104 width=125)
	  Recheck Cond: ((k >= 4344122) AND (k <= 4344222))
	  ->  Bitmap Index Scan on k_1  (cost=0.00..5.47 rows=104 width=0)
	        Index Cond: ((k >= 4344122) AND (k <= 4344222))

table 2 : explain SELECT k, c FROM sbtest2 WHERE k BETWEEN 4344122 AND 4344222
	Bitmap Heap Scan on sbtest2  (cost=5.40..377.77 rows=94 width=125)
	  Recheck Cond: ((k >= 4344122) AND (k <= 4344222))
	  ->  Bitmap Index Scan on k_2  (cost=0.00..5.38 rows=94 width=0)
	        Index Cond: ((k >= 4344122) AND (k <= 4344222))

table 3 : explain SELECT k, c FROM sbtest3 WHERE k BETWEEN 4344122 AND 4344222
	Bitmap Heap Scan on sbtest3  (cost=5.52..425.09 rows=106 width=125)
	  Recheck Cond: ((k >= 4344122) AND (k <= 4344222))
	  ->  Bitmap Index Scan on k_3  (cost=0.00..5.50 rows=106 width=0)
	        Index Cond: ((k >= 4344122) AND (k <= 4344222))

table 4 : explain SELECT k, c FROM sbtest4 WHERE k BETWEEN 4344122 AND 4344222
	Bitmap Heap Scan on sbtest4  (cost=5.44..393.57 rows=98 width=125)
	  Recheck Cond: ((k >= 4344122) AND (k <= 4344222))
	  ->  Bitmap Index Scan on k_4  (cost=0.00..5.42 rows=98 width=0)
	        Index Cond: ((k >= 4344122) AND (k <= 4344222))

table 5 : explain SELECT k, c FROM sbtest5 WHERE k BETWEEN 4344122 AND 4344222
	Bitmap Heap Scan on sbtest5  (cost=5.59..452.68 rows=113 width=125)
	  Recheck Cond: ((k >= 4344122) AND (k <= 4344222))
	  ->  Bitmap Index Scan on k_5  (cost=0.00..5.56 rows=113 width=0)
	        Index Cond: ((k >= 4344122) AND (k <= 4344222))

table 6 : explain SELECT k, c FROM sbtest6 WHERE k BETWEEN 4344122 AND 4344222
	Bitmap Heap Scan on sbtest6  (cost=5.48..409.37 rows=102 width=125)
	  Recheck Cond: ((k >= 4344122) AND (k <= 4344222))
	  ->  Bitmap Index Scan on k_6  (cost=0.00..5.45 rows=102 width=0)
	        Index Cond: ((k >= 4344122) AND (k <= 4344222))

table 7 : explain SELECT k, c FROM sbtest7 WHERE k BETWEEN 4344122 AND 4344222
	Bitmap Heap Scan on sbtest7  (cost=5.40..377.81 rows=94 width=125)
	  Recheck Cond: ((k >= 4344122) AND (k <= 4344222))
	  ->  Bitmap Index Scan on k_7  (cost=0.00..5.38 rows=94 width=0)
	        Index Cond: ((k >= 4344122) AND (k <= 4344222))

table 8 : explain SELECT k, c FROM sbtest8 WHERE k BETWEEN 4344122 AND 4344222
	Bitmap Heap Scan on sbtest8  (cost=5.50..417.28 rows=104 width=125)
	  Recheck Cond: ((k >= 4344122) AND (k <= 4344222))
	  ->  Bitmap Index Scan on k_8  (cost=0.00..5.47 rows=104 width=0)
	        Index Cond: ((k >= 4344122) AND (k <= 4344222))

for range-notcovered
table 1 : explain SELECT k, c FROM sbtest1 WHERE k BETWEEN 5330440 AND 5330540
	Bitmap Heap Scan on sbtest1  (cost=5.46..401.43 rows=100 width=125)
	  Recheck Cond: ((k >= 5330440) AND (k <= 5330540))
	  ->  Bitmap Index Scan on k_1  (cost=0.00..5.43 rows=100 width=0)
	        Index Cond: ((k >= 5330440) AND (k <= 5330540))

table 2 : explain SELECT k, c FROM sbtest2 WHERE k BETWEEN 5330440 AND 5330540
	Bitmap Heap Scan on sbtest2  (cost=5.56..440.83 rows=110 width=125)
	  Recheck Cond: ((k >= 5330440) AND (k <= 5330540))
	  ->  Bitmap Index Scan on k_2  (cost=0.00..5.53 rows=110 width=0)
	        Index Cond: ((k >= 5330440) AND (k <= 5330540))

table 3 : explain SELECT k, c FROM sbtest3 WHERE k BETWEEN 5330440 AND 5330540
	Bitmap Heap Scan on sbtest3  (cost=5.39..373.84 rows=93 width=125)
	  Recheck Cond: ((k >= 5330440) AND (k <= 5330540))
	  ->  Bitmap Index Scan on k_3  (cost=0.00..5.36 rows=93 width=0)
	        Index Cond: ((k >= 5330440) AND (k <= 5330540))

table 4 : explain SELECT k, c FROM sbtest4 WHERE k BETWEEN 5330440 AND 5330540
	Bitmap Heap Scan on sbtest4  (cost=5.42..385.68 rows=96 width=125)
	  Recheck Cond: ((k >= 5330440) AND (k <= 5330540))
	  ->  Bitmap Index Scan on k_4  (cost=0.00..5.39 rows=96 width=0)
	        Index Cond: ((k >= 5330440) AND (k <= 5330540))

table 5 : explain SELECT k, c FROM sbtest5 WHERE k BETWEEN 5330440 AND 5330540
	Bitmap Heap Scan on sbtest5  (cost=5.53..429.04 rows=107 width=125)
	  Recheck Cond: ((k >= 5330440) AND (k <= 5330540))
	  ->  Bitmap Index Scan on k_5  (cost=0.00..5.50 rows=107 width=0)
	        Index Cond: ((k >= 5330440) AND (k <= 5330540))

table 6 : explain SELECT k, c FROM sbtest6 WHERE k BETWEEN 5330440 AND 5330540
	Bitmap Heap Scan on sbtest6  (cost=5.52..425.14 rows=106 width=125)
	  Recheck Cond: ((k >= 5330440) AND (k <= 5330540))
	  ->  Bitmap Index Scan on k_6  (cost=0.00..5.50 rows=106 width=0)
	        Index Cond: ((k >= 5330440) AND (k <= 5330540))

table 7 : explain SELECT k, c FROM sbtest7 WHERE k BETWEEN 5330440 AND 5330540
	Bitmap Heap Scan on sbtest7  (cost=5.51..421.19 rows=105 width=125)
	  Recheck Cond: ((k >= 5330440) AND (k <= 5330540))
	  ->  Bitmap Index Scan on k_7  (cost=0.00..5.48 rows=105 width=0)
	        Index Cond: ((k >= 5330440) AND (k <= 5330540))

table 8 : explain SELECT k, c FROM sbtest8 WHERE k BETWEEN 5330440 AND 5330540
	Bitmap Heap Scan on sbtest8  (cost=5.50..417.28 rows=104 width=125)
	  Recheck Cond: ((k >= 5330440) AND (k <= 5330540))
	  ->  Bitmap Index Scan on k_8  (cost=0.00..5.47 rows=104 width=0)
	        Index Cond: ((k >= 5330440) AND (k <= 5330540))

explain: for range-notcovered :: explain SELECT k, c FROM sbtest%d WHERE k BETWEEN 7296580 AND 7296680
for range-notcovered
table 1 : explain SELECT k, c FROM sbtest1 WHERE k BETWEEN 3169346 AND 3169446
	Bitmap Heap Scan on sbtest1  (cost=5.44..393.54 rows=98 width=125)
	  Recheck Cond: ((k >= 3169346) AND (k <= 3169446))
	  ->  Bitmap Index Scan on k_1  (cost=0.00..5.42 rows=98 width=0)
	        Index Cond: ((k >= 3169346) AND (k <= 3169446))

table 2 : explain SELECT k, c FROM sbtest2 WHERE k BETWEEN 3169346 AND 3169446
	Bitmap Heap Scan on sbtest2  (cost=5.45..397.49 rows=99 width=125)
	  Recheck Cond: ((k >= 3169346) AND (k <= 3169446))
	  ->  Bitmap Index Scan on k_2  (cost=0.00..5.42 rows=99 width=0)
	        Index Cond: ((k >= 3169346) AND (k <= 3169446))

table 3 : explain SELECT k, c FROM sbtest3 WHERE k BETWEEN 3169346 AND 3169446
	Bitmap Heap Scan on sbtest3  (cost=5.41..381.73 rows=95 width=125)
	  Recheck Cond: ((k >= 3169346) AND (k <= 3169446))
	  ->  Bitmap Index Scan on k_3  (cost=0.00..5.38 rows=95 width=0)
	        Index Cond: ((k >= 3169346) AND (k <= 3169446))

table 4 : explain SELECT k, c FROM sbtest4 WHERE k BETWEEN 3169346 AND 3169446
	Bitmap Heap Scan on sbtest4  (cost=5.56..440.86 rows=110 width=125)
	  Recheck Cond: ((k >= 3169346) AND (k <= 3169446))
	  ->  Bitmap Index Scan on k_4  (cost=0.00..5.53 rows=110 width=0)
	        Index Cond: ((k >= 3169346) AND (k <= 3169446))

table 5 : explain SELECT k, c FROM sbtest5 WHERE k BETWEEN 3169346 AND 3169446
	Bitmap Heap Scan on sbtest5  (cost=5.51..421.16 rows=105 width=125)
	  Recheck Cond: ((k >= 3169346) AND (k <= 3169446))
	  ->  Bitmap Index Scan on k_5  (cost=0.00..5.48 rows=105 width=0)
	        Index Cond: ((k >= 3169346) AND (k <= 3169446))

table 6 : explain SELECT k, c FROM sbtest6 WHERE k BETWEEN 3169346 AND 3169446
	Bitmap Heap Scan on sbtest6  (cost=5.53..429.08 rows=107 width=125)
	  Recheck Cond: ((k >= 3169346) AND (k <= 3169446))
	  ->  Bitmap Index Scan on k_6  (cost=0.00..5.50 rows=107 width=0)
	        Index Cond: ((k >= 3169346) AND (k <= 3169446))

table 7 : explain SELECT k, c FROM sbtest7 WHERE k BETWEEN 3169346 AND 3169446
	Bitmap Heap Scan on sbtest7  (cost=5.48..409.36 rows=102 width=125)
	  Recheck Cond: ((k >= 3169346) AND (k <= 3169446))
	  ->  Bitmap Index Scan on k_7  (cost=0.00..5.45 rows=102 width=0)
	        Index Cond: ((k >= 3169346) AND (k <= 3169446))

table 8 : explain SELECT k, c FROM sbtest8 WHERE k BETWEEN 3169346 AND 3169446
	Bitmap Heap Scan on sbtest8  (cost=5.53..429.11 rows=107 width=125)
	  Recheck Cond: ((k >= 3169346) AND (k <= 3169446))
	  ->  Bitmap Index Scan on k_8  (cost=0.00..5.50 rows=107 width=0)
	        Index Cond: ((k >= 3169346) AND (k <= 3169446))

for range-notcovered
table 1 : explain SELECT k, c FROM sbtest1 WHERE k BETWEEN 7936229 AND 7936329
	Bitmap Heap Scan on sbtest1  (cost=5.46..401.43 rows=100 width=125)
	  Recheck Cond: ((k >= 7936229) AND (k <= 7936329))
	  ->  Bitmap Index Scan on k_1  (cost=0.00..5.43 rows=100 width=0)
	        Index Cond: ((k >= 7936229) AND (k <= 7936329))

table 2 : explain SELECT k, c FROM sbtest2 WHERE k BETWEEN 7936229 AND 7936329
	Bitmap Heap Scan on sbtest2  (cost=5.49..413.26 rows=103 width=125)
	  Recheck Cond: ((k >= 7936229) AND (k <= 7936329))
	  ->  Bitmap Index Scan on k_2  (cost=0.00..5.46 rows=103 width=0)
	        Index Cond: ((k >= 7936229) AND (k <= 7936329))

table 3 : explain SELECT k, c FROM sbtest3 WHERE k BETWEEN 7936229 AND 7936329
	Bitmap Heap Scan on sbtest3  (cost=5.39..373.84 rows=93 width=125)
	  Recheck Cond: ((k >= 7936229) AND (k <= 7936329))
	  ->  Bitmap Index Scan on k_3  (cost=0.00..5.36 rows=93 width=0)
	        Index Cond: ((k >= 7936229) AND (k <= 7936329))

table 4 : explain SELECT k, c FROM sbtest4 WHERE k BETWEEN 7936229 AND 7936329
	Bitmap Heap Scan on sbtest4  (cost=5.39..373.84 rows=93 width=125)
	  Recheck Cond: ((k >= 7936229) AND (k <= 7936329))
	  ->  Bitmap Index Scan on k_4  (cost=0.00..5.36 rows=93 width=0)
	        Index Cond: ((k >= 7936229) AND (k <= 7936329))

table 5 : explain SELECT k, c FROM sbtest5 WHERE k BETWEEN 7936229 AND 7936329
	Bitmap Heap Scan on sbtest5  (cost=5.49..413.28 rows=103 width=125)
	  Recheck Cond: ((k >= 7936229) AND (k <= 7936329))
	  ->  Bitmap Index Scan on k_5  (cost=0.00..5.46 rows=103 width=0)
	        Index Cond: ((k >= 7936229) AND (k <= 7936329))

table 6 : explain SELECT k, c FROM sbtest6 WHERE k BETWEEN 7936229 AND 7936329
	Bitmap Heap Scan on sbtest6  (cost=5.43..389.66 rows=97 width=125)
	  Recheck Cond: ((k >= 7936229) AND (k <= 7936329))
	  ->  Bitmap Index Scan on k_6  (cost=0.00..5.40 rows=97 width=0)
	        Index Cond: ((k >= 7936229) AND (k <= 7936329))

table 7 : explain SELECT k, c FROM sbtest7 WHERE k BETWEEN 7936229 AND 7936329
	Bitmap Heap Scan on sbtest7  (cost=5.55..436.95 rows=109 width=125)
	  Recheck Cond: ((k >= 7936229) AND (k <= 7936329))
	  ->  Bitmap Index Scan on k_7  (cost=0.00..5.52 rows=109 width=0)
	        Index Cond: ((k >= 7936229) AND (k <= 7936329))

table 8 : explain SELECT k, c FROM sbtest8 WHERE k BETWEEN 7936229 AND 7936329
	Bitmap Heap Scan on sbtest8  (cost=5.50..417.28 rows=104 width=125)
	  Recheck Cond: ((k >= 7936229) AND (k <= 7936329))
	  ->  Bitmap Index Scan on k_8  (cost=0.00..5.47 rows=104 width=0)
	        Index Cond: ((k >= 7936229) AND (k <= 7936329))

for range-notcovered
table 1 : explain SELECT k, c FROM sbtest1 WHERE k BETWEEN 3662722 AND 3662822
	Bitmap Heap Scan on sbtest1  (cost=5.42..385.66 rows=96 width=125)
	  Recheck Cond: ((k >= 3662722) AND (k <= 3662822))
	  ->  Bitmap Index Scan on k_1  (cost=0.00..5.39 rows=96 width=0)
	        Index Cond: ((k >= 3662722) AND (k <= 3662822))

table 2 : explain SELECT k, c FROM sbtest2 WHERE k BETWEEN 3662722 AND 3662822
	Bitmap Heap Scan on sbtest2  (cost=5.53..429.02 rows=107 width=125)
	  Recheck Cond: ((k >= 3662722) AND (k <= 3662822))
	  ->  Bitmap Index Scan on k_2  (cost=0.00..5.50 rows=107 width=0)
	        Index Cond: ((k >= 3662722) AND (k <= 3662822))

table 3 : explain SELECT k, c FROM sbtest3 WHERE k BETWEEN 3662722 AND 3662822
	Bitmap Heap Scan on sbtest3  (cost=5.39..373.84 rows=93 width=125)
	  Recheck Cond: ((k >= 3662722) AND (k <= 3662822))
	  ->  Bitmap Index Scan on k_3  (cost=0.00..5.36 rows=93 width=0)
	        Index Cond: ((k >= 3662722) AND (k <= 3662822))

table 4 : explain SELECT k, c FROM sbtest4 WHERE k BETWEEN 3662722 AND 3662822
	Bitmap Heap Scan on sbtest4  (cost=5.49..413.28 rows=103 width=125)
	  Recheck Cond: ((k >= 3662722) AND (k <= 3662822))
	  ->  Bitmap Index Scan on k_4  (cost=0.00..5.46 rows=103 width=0)
	        Index Cond: ((k >= 3662722) AND (k <= 3662822))

table 5 : explain SELECT k, c FROM sbtest5 WHERE k BETWEEN 3662722 AND 3662822
	Bitmap Heap Scan on sbtest5  (cost=5.35..358.06 rows=89 width=125)
	  Recheck Cond: ((k >= 3662722) AND (k <= 3662822))
	  ->  Bitmap Index Scan on k_5  (cost=0.00..5.32 rows=89 width=0)
	        Index Cond: ((k >= 3662722) AND (k <= 3662822))

table 6 : explain SELECT k, c FROM sbtest6 WHERE k BETWEEN 3662722 AND 3662822
	Bitmap Heap Scan on sbtest6  (cost=5.55..436.96 rows=109 width=125)
	  Recheck Cond: ((k >= 3662722) AND (k <= 3662822))
	  ->  Bitmap Index Scan on k_6  (cost=0.00..5.52 rows=109 width=0)
	        Index Cond: ((k >= 3662722) AND (k <= 3662822))

table 7 : explain SELECT k, c FROM sbtest7 WHERE k BETWEEN 3662722 AND 3662822
	Bitmap Heap Scan on sbtest7  (cost=5.49..413.30 rows=103 width=125)
	  Recheck Cond: ((k >= 3662722) AND (k <= 3662822))
	  ->  Bitmap Index Scan on k_7  (cost=0.00..5.46 rows=103 width=0)
	        Index Cond: ((k >= 3662722) AND (k <= 3662822))

table 8 : explain SELECT k, c FROM sbtest8 WHERE k BETWEEN 3662722 AND 3662822
	Bitmap Heap Scan on sbtest8  (cost=5.45..397.57 rows=99 width=125)
	  Recheck Cond: ((k >= 3662722) AND (k <= 3662822))
	  ->  Bitmap Index Scan on k_8  (cost=0.00..5.42 rows=99 width=0)
	        Index Cond: ((k >= 3662722) AND (k <= 3662822))
explain: for range-notcovered :: explain SELECT k, c FROM sbtest%d WHERE k BETWEEN 4344122 AND 4344222for range-notcovered
table 1 : explain SELECT k, c FROM sbtest1 WHERE k BETWEEN 6043282 AND 6043382
	Bitmap Heap Scan on sbtest1  (cost=5.40..377.77 rows=94 width=125)
	  Recheck Cond: ((k >= 6043282) AND (k <= 6043382))
	  ->  Bitmap Index Scan on k_1  (cost=0.00..5.38 rows=94 width=0)
	        Index Cond: ((k >= 6043282) AND (k <= 6043382))

table 2 : explain SELECT k, c FROM sbtest2 WHERE k BETWEEN 6043282 AND 6043382
	Bitmap Heap Scan on sbtest2  (cost=5.45..397.49 rows=99 width=125)
	  Recheck Cond: ((k >= 6043282) AND (k <= 6043382))
	  ->  Bitmap Index Scan on k_2  (cost=0.00..5.42 rows=99 width=0)
	        Index Cond: ((k >= 6043282) AND (k <= 6043382))

table 3 : explain SELECT k, c FROM sbtest3 WHERE k BETWEEN 6043282 AND 6043382
	Bitmap Heap Scan on sbtest3  (cost=5.50..417.21 rows=104 width=125)
	  Recheck Cond: ((k >= 6043282) AND (k <= 6043382))
	  ->  Bitmap Index Scan on k_3  (cost=0.00..5.47 rows=104 width=0)
	        Index Cond: ((k >= 6043282) AND (k <= 6043382))

table 4 : explain SELECT k, c FROM sbtest4 WHERE k BETWEEN 6043282 AND 6043382
	Bitmap Heap Scan on sbtest4  (cost=5.44..393.57 rows=98 width=125)
	  Recheck Cond: ((k >= 6043282) AND (k <= 6043382))
	  ->  Bitmap Index Scan on k_4  (cost=0.00..5.42 rows=98 width=0)
	        Index Cond: ((k >= 6043282) AND (k <= 6043382))

table 5 : explain SELECT k, c FROM sbtest5 WHERE k BETWEEN 6043282 AND 6043382
	Bitmap Heap Scan on sbtest5  (cost=5.40..377.79 rows=94 width=125)
	  Recheck Cond: ((k >= 6043282) AND (k <= 6043382))
	  ->  Bitmap Index Scan on k_5  (cost=0.00..5.38 rows=94 width=0)
	        Index Cond: ((k >= 6043282) AND (k <= 6043382))

table 6 : explain SELECT k, c FROM sbtest6 WHERE k BETWEEN 6043282 AND 6043382
	Bitmap Heap Scan on sbtest6  (cost=5.40..377.82 rows=94 width=125)
	  Recheck Cond: ((k >= 6043282) AND (k <= 6043382))
	  ->  Bitmap Index Scan on k_6  (cost=0.00..5.38 rows=94 width=0)
	        Index Cond: ((k >= 6043282) AND (k <= 6043382))

table 7 : explain SELECT k, c FROM sbtest7 WHERE k BETWEEN 6043282 AND 6043382
	Bitmap Heap Scan on sbtest7  (cost=5.45..397.53 rows=99 width=125)
	  Recheck Cond: ((k >= 6043282) AND (k <= 6043382))
	  ->  Bitmap Index Scan on k_7  (cost=0.00..5.42 rows=99 width=0)
	        Index Cond: ((k >= 6043282) AND (k <= 6043382))

table 8 : explain SELECT k, c FROM sbtest8 WHERE k BETWEEN 6043282 AND 6043382
	Bitmap Heap Scan on sbtest8  (cost=5.49..413.34 rows=103 width=125)
	  Recheck Cond: ((k >= 6043282) AND (k <= 6043382))
	  ->  Bitmap Index Scan on k_8  (cost=0.00..5.46 rows=103 width=0)
	        Index Cond: ((k >= 6043282) AND (k <= 6043382))

for range-notcovered
table 1 : explain SELECT k, c FROM sbtest1 WHERE k BETWEEN 4937242 AND 4937342
	Bitmap Heap Scan on sbtest1  (cost=5.47..405.37 rows=101 width=125)
	  Recheck Cond: ((k >= 4937242) AND (k <= 4937342))
	  ->  Bitmap Index Scan on k_1  (cost=0.00..5.44 rows=101 width=0)
	        Index Cond: ((k >= 4937242) AND (k <= 4937342))

table 2 : explain SELECT k, c FROM sbtest2 WHERE k BETWEEN 4937242 AND 4937342
	Bitmap Heap Scan on sbtest2  (cost=5.44..393.55 rows=98 width=125)
	  Recheck Cond: ((k >= 4937242) AND (k <= 4937342))
	  ->  Bitmap Index Scan on k_2  (cost=0.00..5.42 rows=98 width=0)
	        Index Cond: ((k >= 4937242) AND (k <= 4937342))

table 3 : explain SELECT k, c FROM sbtest3 WHERE k BETWEEN 4937242 AND 4937342
	Bitmap Heap Scan on sbtest3  (cost=5.51..421.15 rows=105 width=125)
	  Recheck Cond: ((k >= 4937242) AND (k <= 4937342))
	  ->  Bitmap Index Scan on k_3  (cost=0.00..5.48 rows=105 width=0)
	        Index Cond: ((k >= 4937242) AND (k <= 4937342))

table 4 : explain SELECT k, c FROM sbtest4 WHERE k BETWEEN 4937242 AND 4937342
	Bitmap Heap Scan on sbtest4  (cost=5.47..405.39 rows=101 width=125)
	  Recheck Cond: ((k >= 4937242) AND (k <= 4937342))
	  ->  Bitmap Index Scan on k_4  (cost=0.00..5.44 rows=101 width=0)
	        Index Cond: ((k >= 4937242) AND (k <= 4937342))

table 5 : explain SELECT k, c FROM sbtest5 WHERE k BETWEEN 4937242 AND 4937342
	Bitmap Heap Scan on sbtest5  (cost=5.46..401.46 rows=100 width=125)
	  Recheck Cond: ((k >= 4937242) AND (k <= 4937342))
	  ->  Bitmap Index Scan on k_5  (cost=0.00..5.43 rows=100 width=0)
	        Index Cond: ((k >= 4937242) AND (k <= 4937342))

table 6 : explain SELECT k, c FROM sbtest6 WHERE k BETWEEN 4937242 AND 4937342
	Bitmap Heap Scan on sbtest6  (cost=5.45..397.54 rows=99 width=125)
	  Recheck Cond: ((k >= 4937242) AND (k <= 4937342))
	  ->  Bitmap Index Scan on k_6  (cost=0.00..5.42 rows=99 width=0)
	        Index Cond: ((k >= 4937242) AND (k <= 4937342))

table 7 : explain SELECT k, c FROM sbtest7 WHERE k BETWEEN 4937242 AND 4937342
	Bitmap Heap Scan on sbtest7  (cost=5.45..397.53 rows=99 width=125)
	  Recheck Cond: ((k >= 4937242) AND (k <= 4937342))
	  ->  Bitmap Index Scan on k_7  (cost=0.00..5.42 rows=99 width=0)
	        Index Cond: ((k >= 4937242) AND (k <= 4937342))

table 8 : explain SELECT k, c FROM sbtest8 WHERE k BETWEEN 4937242 AND 4937342
	Bitmap Heap Scan on sbtest8  (cost=5.44..393.62 rows=98 width=125)
	  Recheck Cond: ((k >= 4937242) AND (k <= 4937342))
	  ->  Bitmap Index Scan on k_8  (cost=0.00..5.42 rows=98 width=0)
	        Index Cond: ((k >= 4937242) AND (k <= 4937342))
explain: for range-notcovered :: explain SELECT k, c FROM sbtest%d WHERE k BETWEEN 3169346 AND 3169446explain: for range-notcovered :: explain SELECT k, c FROM sbtest%d WHERE k BETWEEN 2095794 AND 2095894explain: for range-notcovered :: explain SELECT k, c FROM sbtest%d WHERE k BETWEEN 7936229 AND 7936329explain: for range-notcovered :: explain SELECT k, c FROM sbtest%d WHERE k BETWEEN 5330440 AND 5330540
for range-notcovered
table 1 : explain SELECT k, c FROM sbtest1 WHERE k BETWEEN 4852987 AND 4853087
	Bitmap Heap Scan on sbtest1  (cost=5.47..405.37 rows=101 width=125)
	  Recheck Cond: ((k >= 4852987) AND (k <= 4853087))
	  ->  Bitmap Index Scan on k_1  (cost=0.00..5.44 rows=101 width=0)
	        Index Cond: ((k >= 4852987) AND (k <= 4853087))

table 2 : explain SELECT k, c FROM sbtest2 WHERE k BETWEEN 4852987 AND 4853087
	Bitmap Heap Scan on sbtest2  (cost=5.55..436.90 rows=109 width=125)
	  Recheck Cond: ((k >= 4852987) AND (k <= 4853087))
	  ->  Bitmap Index Scan on k_2  (cost=0.00..5.52 rows=109 width=0)
	        Index Cond: ((k >= 4852987) AND (k <= 4853087))

table 3 : explain SELECT k, c FROM sbtest3 WHERE k BETWEEN 4852987 AND 4853087
	Bitmap Heap Scan on sbtest3  (cost=5.38..369.89 rows=92 width=125)
	  Recheck Cond: ((k >= 4852987) AND (k <= 4853087))
	  ->  Bitmap Index Scan on k_3  (cost=0.00..5.35 rows=92 width=0)
	        Index Cond: ((k >= 4852987) AND (k <= 4853087))

table 4 : explain SELECT k, c FROM sbtest4 WHERE k BETWEEN 4852987 AND 4853087
	Bitmap Heap Scan on sbtest4  (cost=5.51..421.16 rows=105 width=125)
	  Recheck Cond: ((k >= 4852987) AND (k <= 4853087))
	  ->  Bitmap Index Scan on k_4  (cost=0.00..5.48 rows=105 width=0)
	        Index Cond: ((k >= 4852987) AND (k <= 4853087))

table 5 : explain SELECT k, c FROM sbtest5 WHERE k BETWEEN 4852987 AND 4853087
	Bitmap Heap Scan on sbtest5  (cost=5.54..432.98 rows=108 width=125)
	  Recheck Cond: ((k >= 4852987) AND (k <= 4853087))
	  ->  Bitmap Index Scan on k_5  (cost=0.00..5.51 rows=108 width=0)
	        Index Cond: ((k >= 4852987) AND (k <= 4853087))

table 6 : explain SELECT k, c FROM sbtest6 WHERE k BETWEEN 4852987 AND 4853087
	Bitmap Heap Scan on sbtest6  (cost=5.44..393.60 rows=98 width=125)
	  Recheck Cond: ((k >= 4852987) AND (k <= 4853087))
	  ->  Bitmap Index Scan on k_6  (cost=0.00..5.42 rows=98 width=0)
	        Index Cond: ((k >= 4852987) AND (k <= 4853087))

table 7 : explain SELECT k, c FROM sbtest7 WHERE k BETWEEN 4852987 AND 4853087
	Bitmap Heap Scan on sbtest7  (cost=5.52..425.13 rows=106 width=125)
	  Recheck Cond: ((k >= 4852987) AND (k <= 4853087))
	  ->  Bitmap Index Scan on k_7  (cost=0.00..5.50 rows=106 width=0)
	        Index Cond: ((k >= 4852987) AND (k <= 4853087))

table 8 : explain SELECT k, c FROM sbtest8 WHERE k BETWEEN 4852987 AND 4853087
	Bitmap Heap Scan on sbtest8  (cost=5.44..393.62 rows=98 width=125)
	  Recheck Cond: ((k >= 4852987) AND (k <= 4853087))
	  ->  Bitmap Index Scan on k_8  (cost=0.00..5.42 rows=98 width=0)
	        Index Cond: ((k >= 4852987) AND (k <= 4853087))






for range-notcovered
table 1 : explain SELECT k, c FROM sbtest1 WHERE k BETWEEN 4976738 AND 4976838
	Bitmap Heap Scan on sbtest1  (cost=5.47..405.37 rows=101 width=125)
	  Recheck Cond: ((k >= 4976738) AND (k <= 4976838))
	  ->  Bitmap Index Scan on k_1  (cost=0.00..5.44 rows=101 width=0)
	        Index Cond: ((k >= 4976738) AND (k <= 4976838))

table 2 : explain SELECT k, c FROM sbtest2 WHERE k BETWEEN 4976738 AND 4976838
	Bitmap Heap Scan on sbtest2  (cost=5.48..409.32 rows=102 width=125)
	  Recheck Cond: ((k >= 4976738) AND (k <= 4976838))
	  ->  Bitmap Index Scan on k_2  (cost=0.00..5.45 rows=102 width=0)
	        Index Cond: ((k >= 4976738) AND (k <= 4976838))

table 3 : explain SELECT k, c FROM sbtest3 WHERE k BETWEEN 4976738 AND 4976838
	Bitmap Heap Scan on sbtest3  (cost=5.51..421.15 rows=105 width=125)
	  Recheck Cond: ((k >= 4976738) AND (k <= 4976838))
	  ->  Bitmap Index Scan on k_3  (cost=0.00..5.48 rows=105 width=0)
	        Index Cond: ((k >= 4976738) AND (k <= 4976838))

table 4 : explain SELECT k, c FROM sbtest4 WHERE k BETWEEN 4976738 AND 4976838
	Bitmap Heap Scan on sbtest4  (cost=5.47..405.39 rows=101 width=125)
	  Recheck Cond: ((k >= 4976738) AND (k <= 4976838))
	  ->  Bitmap Index Scan on k_4  (cost=0.00..5.44 rows=101 width=0)
	        Index Cond: ((k >= 4976738) AND (k <= 4976838))

table 5 : explain SELECT k, c FROM sbtest5 WHERE k BETWEEN 4976738 AND 4976838
	Bitmap Heap Scan on sbtest5  (cost=5.55..436.92 rows=109 width=125)
	  Recheck Cond: ((k >= 4976738) AND (k <= 4976838))
	  ->  Bitmap Index Scan on k_5  (cost=0.00..5.52 rows=109 width=0)
	        Index Cond: ((k >= 4976738) AND (k <= 4976838))

table 6 : explain SELECT k, c FROM sbtest6 WHERE k BETWEEN 4976738 AND 4976838
	Bitmap Heap Scan on sbtest6  (cost=5.45..397.54 rows=99 width=125)
	  Recheck Cond: ((k >= 4976738) AND (k <= 4976838))
	  ->  Bitmap Index Scan on k_6  (cost=0.00..5.42 rows=99 width=0)
	        Index Cond: ((k >= 4976738) AND (k <= 4976838))

table 7 : explain SELECT k, c FROM sbtest7 WHERE k BETWEEN 4976738 AND 4976838
	Bitmap Heap Scan on sbtest7  (cost=5.45..397.53 rows=99 width=125)
	  Recheck Cond: ((k >= 4976738) AND (k <= 4976838))
	  ->  Bitmap Index Scan on k_7  (cost=0.00..5.42 rows=99 width=0)
	        Index Cond: ((k >= 4976738) AND (k <= 4976838))

table 8 : explain SELECT k, c FROM sbtest8 WHERE k BETWEEN 4976738 AND 4976838
	Bitmap Heap Scan on sbtest8  (cost=5.45..397.57 rows=99 width=125)
	  Recheck Cond: ((k >= 4976738) AND (k <= 4976838))
	  ->  Bitmap Index Scan on k_8  (cost=0.00..5.42 rows=99 width=0)
	        Index Cond: ((k >= 4976738) AND (k <= 4976838))

explain: for range-notcovered :: explain SELECT k, c FROM sbtest%d WHERE k BETWEEN 6043282 AND 6043382for range-notcovered
table 1 : explain SELECT k, c FROM sbtest1 WHERE k BETWEEN 4581183 AND 4581283
	Bitmap Heap Scan on sbtest1  (cost=5.46..401.43 rows=100 width=125)
	  Recheck Cond: ((k >= 4581183) AND (k <= 4581283))
	  ->  Bitmap Index Scan on k_1  (cost=0.00..5.43 rows=100 width=0)
	        Index Cond: ((k >= 4581183) AND (k <= 4581283))

table 2 : explain SELECT k, c FROM sbtest2 WHERE k BETWEEN 4581183 AND 4581283
	Bitmap Heap Scan on sbtest2  (cost=5.48..409.32 rows=102 width=125)
	  Recheck Cond: ((k >= 4581183) AND (k <= 4581283))
	  ->  Bitmap Index Scan on k_2  (cost=0.00..5.45 rows=102 width=0)
	        Index Cond: ((k >= 4581183) AND (k <= 4581283))

table 3 : explain SELECT k, c FROM sbtest3 WHERE k BETWEEN 4581183 AND 4581283
	Bitmap Heap Scan on sbtest3  (cost=5.48..409.33 rows=102 width=125)
	  Recheck Cond: ((k >= 4581183) AND (k <= 4581283))
	  ->  Bitmap Index Scan on k_3  (cost=0.00..5.45 rows=102 width=0)
	        Index Cond: ((k >= 4581183) AND (k <= 4581283))

table 4 : explain SELECT k, c FROM sbtest4 WHERE k BETWEEN 4581183 AND 4581283
	Bitmap Heap Scan on sbtest4  (cost=5.47..405.39 rows=101 width=125)
	  Recheck Cond: ((k >= 4581183) AND (k <= 4581283))
	  ->  Bitmap Index Scan on k_4  (cost=0.00..5.44 rows=101 width=0)
	        Index Cond: ((k >= 4581183) AND (k <= 4581283))

table 5 : explain SELECT k, c FROM sbtest5 WHERE k BETWEEN 4581183 AND 4581283
	Bitmap Heap Scan on sbtest5  (cost=5.48..409.34 rows=102 width=125)
	  Recheck Cond: ((k >= 4581183) AND (k <= 4581283))
	  ->  Bitmap Index Scan on k_5  (cost=0.00..5.45 rows=102 width=0)
	        Index Cond: ((k >= 4581183) AND (k <= 4581283))

table 6 : explain SELECT k, c FROM sbtest6 WHERE k BETWEEN 4581183 AND 4581283
	Bitmap Heap Scan on sbtest6  (cost=5.61..460.59 rows=115 width=125)
	  Recheck Cond: ((k >= 4581183) AND (k <= 4581283))
	  ->  Bitmap Index Scan on k_6  (cost=0.00..5.58 rows=115 width=0)
	        Index Cond: ((k >= 4581183) AND (k <= 4581283))

table 7 : explain SELECT k, c FROM sbtest7 WHERE k BETWEEN 4581183 AND 4581283
	Bitmap Heap Scan on sbtest7  (cost=5.46..401.48 rows=100 width=125)
	  Recheck Cond: ((k >= 4581183) AND (k <= 4581283))
	  ->  Bitmap Index Scan on k_7  (cost=0.00..5.43 rows=100 width=0)
	        Index Cond: ((k >= 4581183) AND (k <= 4581283))

table 8 : explain SELECT k, c FROM sbtest8 WHERE k BETWEEN 4581183 AND 4581283
	Bitmap Heap Scan on sbtest8  (cost=5.45..397.57 rows=99 width=125)
	  Recheck Cond: ((k >= 4581183) AND (k <= 4581283))
	  ->  Bitmap Index Scan on k_8  (cost=0.00..5.42 rows=99 width=0)
	        Index Cond: ((k >= 4581183) AND (k <= 4581283))

for range-notcovered
table 1 : explain SELECT k, c FROM sbtest1 WHERE k BETWEEN 3475180 AND 3475280
	Bitmap Heap Scan on sbtest1  (cost=5.53..429.01 rows=107 width=125)
	  Recheck Cond: ((k >= 3475180) AND (k <= 3475280))
	  ->  Bitmap Index Scan on k_1  (cost=0.00..5.50 rows=107 width=0)
	        Index Cond: ((k >= 3475180) AND (k <= 3475280))

table 2 : explain SELECT k, c FROM sbtest2 WHERE k BETWEEN 3475180 AND 3475280
	Bitmap Heap Scan on sbtest2  (cost=5.51..421.14 rows=105 width=125)
	  Recheck Cond: ((k >= 3475180) AND (k <= 3475280))
	  ->  Bitmap Index Scan on k_2  (cost=0.00..5.48 rows=105 width=0)
	        Index Cond: ((k >= 3475180) AND (k <= 3475280))

table 3 : explain SELECT k, c FROM sbtest3 WHERE k BETWEEN 3475180 AND 3475280
	Bitmap Heap Scan on sbtest3  (cost=5.40..377.78 rows=94 width=125)
	  Recheck Cond: ((k >= 3475180) AND (k <= 3475280))
	  ->  Bitmap Index Scan on k_3  (cost=0.00..5.38 rows=94 width=0)
	        Index Cond: ((k >= 3475180) AND (k <= 3475280))

table 4 : explain SELECT k, c FROM sbtest4 WHERE k BETWEEN 3475180 AND 3475280
	Bitmap Heap Scan on sbtest4  (cost=5.57..444.80 rows=111 width=125)
	  Recheck Cond: ((k >= 3475180) AND (k <= 3475280))
	  ->  Bitmap Index Scan on k_4  (cost=0.00..5.54 rows=111 width=0)
	        Index Cond: ((k >= 3475180) AND (k <= 3475280))

table 5 : explain SELECT k, c FROM sbtest5 WHERE k BETWEEN 3475180 AND 3475280
	Bitmap Heap Scan on sbtest5  (cost=5.45..397.51 rows=99 width=125)
	  Recheck Cond: ((k >= 3475180) AND (k <= 3475280))
	  ->  Bitmap Index Scan on k_5  (cost=0.00..5.42 rows=99 width=0)
	        Index Cond: ((k >= 3475180) AND (k <= 3475280))

table 6 : explain SELECT k, c FROM sbtest6 WHERE k BETWEEN 3475180 AND 3475280
	Bitmap Heap Scan on sbtest6  (cost=5.44..393.60 rows=98 width=125)
	  Recheck Cond: ((k >= 3475180) AND (k <= 3475280))
	  ->  Bitmap Index Scan on k_6  (cost=0.00..5.42 rows=98 width=0)
	        Index Cond: ((k >= 3475180) AND (k <= 3475280))

table 7 : explain SELECT k, c FROM sbtest7 WHERE k BETWEEN 3475180 AND 3475280
	Bitmap Heap Scan on sbtest7  (cost=5.54..433.01 rows=108 width=125)
	  Recheck Cond: ((k >= 3475180) AND (k <= 3475280))
	  ->  Bitmap Index Scan on k_7  (cost=0.00..5.51 rows=108 width=0)
	        Index Cond: ((k >= 3475180) AND (k <= 3475280))

table 8 : explain SELECT k, c FROM sbtest8 WHERE k BETWEEN 3475180 AND 3475280
	Bitmap Heap Scan on sbtest8  (cost=5.45..397.57 rows=99 width=125)
	  Recheck Cond: ((k >= 3475180) AND (k <= 3475280))
	  ->  Bitmap Index Scan on k_8  (cost=0.00..5.42 rows=99 width=0)
	        Index Cond: ((k >= 3475180) AND (k <= 3475280))



explain: for range-notcovered :: explain SELECT k, c FROM sbtest%d WHERE k BETWEEN 4852987 AND 4853087for range-notcovered
table 1 : explain SELECT k, c FROM sbtest1 WHERE k BETWEEN 4957913 AND 4958013
	Bitmap Heap Scan on sbtest1  (cost=5.47..405.37 rows=101 width=125)
	  Recheck Cond: ((k >= 4957913) AND (k <= 4958013))
	  ->  Bitmap Index Scan on k_1  (cost=0.00..5.44 rows=101 width=0)
	        Index Cond: ((k >= 4957913) AND (k <= 4958013))

table 2 : explain SELECT k, c FROM sbtest2 WHERE k BETWEEN 4957913 AND 4958013
	Bitmap Heap Scan on sbtest2  (cost=5.48..409.32 rows=102 width=125)
	  Recheck Cond: ((k >= 4957913) AND (k <= 4958013))
	  ->  Bitmap Index Scan on k_2  (cost=0.00..5.45 rows=102 width=0)
	        Index Cond: ((k >= 4957913) AND (k <= 4958013))

table 3 : explain SELECT k, c FROM sbtest3 WHERE k BETWEEN 4957913 AND 4958013
	Bitmap Heap Scan on sbtest3  (cost=5.51..421.15 rows=105 width=125)
	  Recheck Cond: ((k >= 4957913) AND (k <= 4958013))
	  ->  Bitmap Index Scan on k_3  (cost=0.00..5.48 rows=105 width=0)
	        Index Cond: ((k >= 4957913) AND (k <= 4958013))

table 4 : explain SELECT k, c FROM sbtest4 WHERE k BETWEEN 4957913 AND 4958013
	Bitmap Heap Scan on sbtest4  (cost=5.47..405.39 rows=101 width=125)
	  Recheck Cond: ((k >= 4957913) AND (k <= 4958013))
	  ->  Bitmap Index Scan on k_4  (cost=0.00..5.44 rows=101 width=0)
	        Index Cond: ((k >= 4957913) AND (k <= 4958013))

table 5 : explain SELECT k, c FROM sbtest5 WHERE k BETWEEN 4957913 AND 4958013
	Bitmap Heap Scan on sbtest5  (cost=5.46..401.46 rows=100 width=125)
	  Recheck Cond: ((k >= 4957913) AND (k <= 4958013))
	  ->  Bitmap Index Scan on k_5  (cost=0.00..5.43 rows=100 width=0)
	        Index Cond: ((k >= 4957913) AND (k <= 4958013))

table 6 : explain SELECT k, c FROM sbtest6 WHERE k BETWEEN 4957913 AND 4958013
	Bitmap Heap Scan on sbtest6  (cost=5.45..397.54 rows=99 width=125)
	  Recheck Cond: ((k >= 4957913) AND (k <= 4958013))
	  ->  Bitmap Index Scan on k_6  (cost=0.00..5.42 rows=99 width=0)
	        Index Cond: ((k >= 4957913) AND (k <= 4958013))

table 7 : explain SELECT k, c FROM sbtest7 WHERE k BETWEEN 4957913 AND 4958013
	Bitmap Heap Scan on sbtest7  (cost=5.45..397.53 rows=99 width=125)
	  Recheck Cond: ((k >= 4957913) AND (k <= 4958013))
	  ->  Bitmap Index Scan on k_7  (cost=0.00..5.42 rows=99 width=0)
	        Index Cond: ((k >= 4957913) AND (k <= 4958013))

table 8 : explain SELECT k, c FROM sbtest8 WHERE k BETWEEN 4957913 AND 4958013
	Bitmap Heap Scan on sbtest8  (cost=5.45..397.57 rows=99 width=125)
	  Recheck Cond: ((k >= 4957913) AND (k <= 4958013))
	  ->  Bitmap Index Scan on k_8  (cost=0.00..5.42 rows=99 width=0)
	        Index Cond: ((k >= 4957913) AND (k <= 4958013))

explain: for range-notcovered :: explain SELECT k, c FROM sbtest%d WHERE k BETWEEN 4937242 AND 4937342explain: for range-notcovered :: explain SELECT k, c FROM sbtest%d WHERE k BETWEEN 4581183 AND 4581283
for range-notcovered
table 1 : explain SELECT k, c FROM sbtest1 WHERE k BETWEEN 5101710 AND 5101810
	Bitmap Heap Scan on sbtest1  (cost=5.51..421.13 rows=105 width=125)
	  Recheck Cond: ((k >= 5101710) AND (k <= 5101810))
	  ->  Bitmap Index Scan on k_1  (cost=0.00..5.48 rows=105 width=0)
	        Index Cond: ((k >= 5101710) AND (k <= 5101810))

table 2 : explain SELECT k, c FROM sbtest2 WHERE k BETWEEN 5101710 AND 5101810
	Bitmap Heap Scan on sbtest2  (cost=5.43..389.60 rows=97 width=125)
	  Recheck Cond: ((k >= 5101710) AND (k <= 5101810))
	  ->  Bitmap Index Scan on k_2  (cost=0.00..5.40 rows=97 width=0)
	        Index Cond: ((k >= 5101710) AND (k <= 5101810))

table 3 : explain SELECT k, c FROM sbtest3 WHERE k BETWEEN 5101710 AND 5101810
	Bitmap Heap Scan on sbtest3  (cost=5.50..417.21 rows=104 width=125)
	  Recheck Cond: ((k >= 5101710) AND (k <= 5101810))
	  ->  Bitmap Index Scan on k_3  (cost=0.00..5.47 rows=104 width=0)
	        Index Cond: ((k >= 5101710) AND (k <= 5101810))

table 4 : explain SELECT k, c FROM sbtest4 WHERE k BETWEEN 5101710 AND 5101810
	Bitmap Heap Scan on sbtest4  (cost=5.41..381.73 rows=95 width=125)
	  Recheck Cond: ((k >= 5101710) AND (k <= 5101810))
	  ->  Bitmap Index Scan on k_4  (cost=0.00..5.38 rows=95 width=0)
	        Index Cond: ((k >= 5101710) AND (k <= 5101810))

table 5 : explain SELECT k, c FROM sbtest5 WHERE k BETWEEN 5101710 AND 5101810
	Bitmap Heap Scan on sbtest5  (cost=5.56..440.86 rows=110 width=125)
	  Recheck Cond: ((k >= 5101710) AND (k <= 5101810))
	  ->  Bitmap Index Scan on k_5  (cost=0.00..5.53 rows=110 width=0)
	        Index Cond: ((k >= 5101710) AND (k <= 5101810))

table 6 : explain SELECT k, c FROM sbtest6 WHERE k BETWEEN 5101710 AND 5101810
	Bitmap Heap Scan on sbtest6  (cost=5.45..397.54 rows=99 width=125)
	  Recheck Cond: ((k >= 5101710) AND (k <= 5101810))
	  ->  Bitmap Index Scan on k_6  (cost=0.00..5.42 rows=99 width=0)
	        Index Cond: ((k >= 5101710) AND (k <= 5101810))

table 7 : explain SELECT k, c FROM sbtest7 WHERE k BETWEEN 5101710 AND 5101810
	Bitmap Heap Scan on sbtest7  (cost=5.46..401.48 rows=100 width=125)
	  Recheck Cond: ((k >= 5101710) AND (k <= 5101810))
	  ->  Bitmap Index Scan on k_7  (cost=0.00..5.43 rows=100 width=0)
	        Index Cond: ((k >= 5101710) AND (k <= 5101810))

table 8 : explain SELECT k, c FROM sbtest8 WHERE k BETWEEN 5101710 AND 5101810
	Bitmap Heap Scan on sbtest8  (cost=5.54..433.05 rows=108 width=125)
	  Recheck Cond: ((k >= 5101710) AND (k <= 5101810))
	  ->  Bitmap Index Scan on k_8  (cost=0.00..5.51 rows=108 width=0)
	        Index Cond: ((k >= 5101710) AND (k <= 5101810))

explain: for range-notcovered :: explain SELECT k, c FROM sbtest%d WHERE k BETWEEN 3662722 AND 3662822
explain: for range-notcovered :: explain SELECT k, c FROM sbtest%d WHERE k BETWEEN 4976738 AND 4976838explain: for range-notcovered :: explain SELECT k, c FROM sbtest%d WHERE k BETWEEN 4957913 AND 4958013
for range-notcovered
table 1 : explain SELECT k, c FROM sbtest1 WHERE k BETWEEN 5368835 AND 5368935
	Bitmap Heap Scan on sbtest1  (cost=5.46..401.43 rows=100 width=125)
	  Recheck Cond: ((k >= 5368835) AND (k <= 5368935))
	  ->  Bitmap Index Scan on k_1  (cost=0.00..5.43 rows=100 width=0)
	        Index Cond: ((k >= 5368835) AND (k <= 5368935))

table 2 : explain SELECT k, c FROM sbtest2 WHERE k BETWEEN 5368835 AND 5368935
	Bitmap Heap Scan on sbtest2  (cost=5.45..397.49 rows=99 width=125)
	  Recheck Cond: ((k >= 5368835) AND (k <= 5368935))
	  ->  Bitmap Index Scan on k_2  (cost=0.00..5.42 rows=99 width=0)
	        Index Cond: ((k >= 5368835) AND (k <= 5368935))

table 3 : explain SELECT k, c FROM sbtest3 WHERE k BETWEEN 5368835 AND 5368935
	Bitmap Heap Scan on sbtest3  (cost=5.39..373.84 rows=93 width=125)
	  Recheck Cond: ((k >= 5368835) AND (k <= 5368935))
	  ->  Bitmap Index Scan on k_3  (cost=0.00..5.36 rows=93 width=0)
	        Index Cond: ((k >= 5368835) AND (k <= 5368935))

table 4 : explain SELECT k, c FROM sbtest4 WHERE k BETWEEN 5368835 AND 5368935
	Bitmap Heap Scan on sbtest4  (cost=5.42..385.68 rows=96 width=125)
	  Recheck Cond: ((k >= 5368835) AND (k <= 5368935))
	  ->  Bitmap Index Scan on k_4  (cost=0.00..5.39 rows=96 width=0)
	        Index Cond: ((k >= 5368835) AND (k <= 5368935))

table 5 : explain SELECT k, c FROM sbtest5 WHERE k BETWEEN 5368835 AND 5368935
	Bitmap Heap Scan on sbtest5  (cost=5.44..393.57 rows=98 width=125)
	  Recheck Cond: ((k >= 5368835) AND (k <= 5368935))
	  ->  Bitmap Index Scan on k_5  (cost=0.00..5.42 rows=98 width=0)
	        Index Cond: ((k >= 5368835) AND (k <= 5368935))

table 6 : explain SELECT k, c FROM sbtest6 WHERE k BETWEEN 5368835 AND 5368935
	Bitmap Heap Scan on sbtest6  (cost=5.52..425.14 rows=106 width=125)
	  Recheck Cond: ((k >= 5368835) AND (k <= 5368935))
	  ->  Bitmap Index Scan on k_6  (cost=0.00..5.50 rows=106 width=0)
	        Index Cond: ((k >= 5368835) AND (k <= 5368935))

table 7 : explain SELECT k, c FROM sbtest7 WHERE k BETWEEN 5368835 AND 5368935
	Bitmap Heap Scan on sbtest7  (cost=5.51..421.19 rows=105 width=125)
	  Recheck Cond: ((k >= 5368835) AND (k <= 5368935))
	  ->  Bitmap Index Scan on k_7  (cost=0.00..5.48 rows=105 width=0)
	        Index Cond: ((k >= 5368835) AND (k <= 5368935))

table 8 : explain SELECT k, c FROM sbtest8 WHERE k BETWEEN 5368835 AND 5368935
	Bitmap Heap Scan on sbtest8  (cost=5.44..393.62 rows=98 width=125)
	  Recheck Cond: ((k >= 5368835) AND (k <= 5368935))
	  ->  Bitmap Index Scan on k_8  (cost=0.00..5.42 rows=98 width=0)
	        Index Cond: ((k >= 5368835) AND (k <= 5368935))

for range-notcovered
table 1 : explain SELECT k, c FROM sbtest1 WHERE k BETWEEN 9066599 AND 9066699
	Bitmap Heap Scan on sbtest1  (cost=5.56..440.83 rows=110 width=125)
	  Recheck Cond: ((k >= 9066599) AND (k <= 9066699))
	  ->  Bitmap Index Scan on k_1  (cost=0.00..5.53 rows=110 width=0)
	        Index Cond: ((k >= 9066599) AND (k <= 9066699))

table 2 : explain SELECT k, c FROM sbtest2 WHERE k BETWEEN 9066599 AND 9066699
	Bitmap Heap Scan on sbtest2  (cost=5.39..373.83 rows=93 width=125)
	  Recheck Cond: ((k >= 9066599) AND (k <= 9066699))
	  ->  Bitmap Index Scan on k_2  (cost=0.00..5.36 rows=93 width=0)
	        Index Cond: ((k >= 9066599) AND (k <= 9066699))

table 3 : explain SELECT k, c FROM sbtest3 WHERE k BETWEEN 9066599 AND 9066699
	Bitmap Heap Scan on sbtest3  (cost=5.47..405.39 rows=101 width=125)
	  Recheck Cond: ((k >= 9066599) AND (k <= 9066699))
	  ->  Bitmap Index Scan on k_3  (cost=0.00..5.44 rows=101 width=0)
	        Index Cond: ((k >= 9066599) AND (k <= 9066699))

table 4 : explain SELECT k, c FROM sbtest4 WHERE k BETWEEN 9066599 AND 9066699
	Bitmap Heap Scan on sbtest4  (cost=5.49..413.28 rows=103 width=125)
	  Recheck Cond: ((k >= 9066599) AND (k <= 9066699))
	  ->  Bitmap Index Scan on k_4  (cost=0.00..5.46 rows=103 width=0)
	        Index Cond: ((k >= 9066599) AND (k <= 9066699))

table 5 : explain SELECT k, c FROM sbtest5 WHERE k BETWEEN 9066599 AND 9066699
	Bitmap Heap Scan on sbtest5  (cost=5.39..373.85 rows=93 width=125)
	  Recheck Cond: ((k >= 9066599) AND (k <= 9066699))
	  ->  Bitmap Index Scan on k_5  (cost=0.00..5.36 rows=93 width=0)
	        Index Cond: ((k >= 9066599) AND (k <= 9066699))

table 6 : explain SELECT k, c FROM sbtest6 WHERE k BETWEEN 9066599 AND 9066699
	Bitmap Heap Scan on sbtest6  (cost=5.44..393.60 rows=98 width=125)
	  Recheck Cond: ((k >= 9066599) AND (k <= 9066699))
	  ->  Bitmap Index Scan on k_6  (cost=0.00..5.42 rows=98 width=0)
	        Index Cond: ((k >= 9066599) AND (k <= 9066699))

table 7 : explain SELECT k, c FROM sbtest7 WHERE k BETWEEN 9066599 AND 9066699
	Bitmap Heap Scan on sbtest7  (cost=5.54..433.01 rows=108 width=125)
	  Recheck Cond: ((k >= 9066599) AND (k <= 9066699))
	  ->  Bitmap Index Scan on k_7  (cost=0.00..5.51 rows=108 width=0)
	        Index Cond: ((k >= 9066599) AND (k <= 9066699))

table 8 : explain SELECT k, c FROM sbtest8 WHERE k BETWEEN 9066599 AND 9066699
	Bitmap Heap Scan on sbtest8  (cost=5.44..393.62 rows=98 width=125)
	  Recheck Cond: ((k >= 9066599) AND (k <= 9066699))
	  ->  Bitmap Index Scan on k_8  (cost=0.00..5.42 rows=98 width=0)
	        Index Cond: ((k >= 9066599) AND (k <= 9066699))

for range-notcovered
table 1 : explain SELECT k, c FROM sbtest1 WHERE k BETWEEN 6496944 AND 6497044
	Bitmap Heap Scan on sbtest1  (cost=5.61..460.52 rows=115 width=125)
	  Recheck Cond: ((k >= 6496944) AND (k <= 6497044))
	  ->  Bitmap Index Scan on k_1  (cost=0.00..5.58 rows=115 width=0)
	        Index Cond: ((k >= 6496944) AND (k <= 6497044))

table 2 : explain SELECT k, c FROM sbtest2 WHERE k BETWEEN 6496944 AND 6497044
	Bitmap Heap Scan on sbtest2  (cost=5.49..413.26 rows=103 width=125)
	  Recheck Cond: ((k >= 6496944) AND (k <= 6497044))
	  ->  Bitmap Index Scan on k_2  (cost=0.00..5.46 rows=103 width=0)
	        Index Cond: ((k >= 6496944) AND (k <= 6497044))

table 3 : explain SELECT k, c FROM sbtest3 WHERE k BETWEEN 6496944 AND 6497044
	Bitmap Heap Scan on sbtest3  (cost=5.53..429.03 rows=107 width=125)
	  Recheck Cond: ((k >= 6496944) AND (k <= 6497044))
	  ->  Bitmap Index Scan on k_3  (cost=0.00..5.50 rows=107 width=0)
	        Index Cond: ((k >= 6496944) AND (k <= 6497044))

table 4 : explain SELECT k, c FROM sbtest4 WHERE k BETWEEN 6496944 AND 6497044
	Bitmap Heap Scan on sbtest4  (cost=5.40..377.79 rows=94 width=125)
	  Recheck Cond: ((k >= 6496944) AND (k <= 6497044))
	  ->  Bitmap Index Scan on k_4  (cost=0.00..5.38 rows=94 width=0)
	        Index Cond: ((k >= 6496944) AND (k <= 6497044))

table 5 : explain SELECT k, c FROM sbtest5 WHERE k BETWEEN 6496944 AND 6497044
	Bitmap Heap Scan on sbtest5  (cost=5.43..389.63 rows=97 width=125)
	  Recheck Cond: ((k >= 6496944) AND (k <= 6497044))
	  ->  Bitmap Index Scan on k_5  (cost=0.00..5.40 rows=97 width=0)
	        Index Cond: ((k >= 6496944) AND (k <= 6497044))

table 6 : explain SELECT k, c FROM sbtest6 WHERE k BETWEEN 6496944 AND 6497044
	Bitmap Heap Scan on sbtest6  (cost=5.55..436.96 rows=109 width=125)
	  Recheck Cond: ((k >= 6496944) AND (k <= 6497044))
	  ->  Bitmap Index Scan on k_6  (cost=0.00..5.52 rows=109 width=0)
	        Index Cond: ((k >= 6496944) AND (k <= 6497044))

table 7 : explain SELECT k, c FROM sbtest7 WHERE k BETWEEN 6496944 AND 6497044
	Bitmap Heap Scan on sbtest7  (cost=5.61..460.57 rows=115 width=125)
	  Recheck Cond: ((k >= 6496944) AND (k <= 6497044))
	  ->  Bitmap Index Scan on k_7  (cost=0.00..5.58 rows=115 width=0)
	        Index Cond: ((k >= 6496944) AND (k <= 6497044))

table 8 : explain SELECT k, c FROM sbtest8 WHERE k BETWEEN 6496944 AND 6497044
	Bitmap Heap Scan on sbtest8  (cost=5.49..413.34 rows=103 width=125)
	  Recheck Cond: ((k >= 6496944) AND (k <= 6497044))
	  ->  Bitmap Index Scan on k_8  (cost=0.00..5.46 rows=103 width=0)
	        Index Cond: ((k >= 6496944) AND (k <= 6497044))

explain: for range-notcovered :: explain SELECT k, c FROM sbtest%d WHERE k BETWEEN 3475180 AND 3475280

for range-notcovered
table 1 : explain SELECT k, c FROM sbtest1 WHERE k BETWEEN 4047833 AND 4047933
	Bitmap Heap Scan on sbtest1  (cost=5.51..421.13 rows=105 width=125)
	  Recheck Cond: ((k >= 4047833) AND (k <= 4047933))
	  ->  Bitmap Index Scan on k_1  (cost=0.00..5.48 rows=105 width=0)
	        Index Cond: ((k >= 4047833) AND (k <= 4047933))

table 2 : explain SELECT k, c FROM sbtest2 WHERE k BETWEEN 4047833 AND 4047933
	Bitmap Heap Scan on sbtest2  (cost=5.43..389.60 rows=97 width=125)
	  Recheck Cond: ((k >= 4047833) AND (k <= 4047933))
	  ->  Bitmap Index Scan on k_2  (cost=0.00..5.40 rows=97 width=0)
	        Index Cond: ((k >= 4047833) AND (k <= 4047933))

table 3 : explain SELECT k, c FROM sbtest3 WHERE k BETWEEN 4047833 AND 4047933
	Bitmap Heap Scan on sbtest3  (cost=5.41..381.73 rows=95 width=125)
	  Recheck Cond: ((k >= 4047833) AND (k <= 4047933))
	  ->  Bitmap Index Scan on k_3  (cost=0.00..5.38 rows=95 width=0)
	        Index Cond: ((k >= 4047833) AND (k <= 4047933))

table 4 : explain SELECT k, c FROM sbtest4 WHERE k BETWEEN 4047833 AND 4047933
	Bitmap Heap Scan on sbtest4  (cost=5.49..413.28 rows=103 width=125)
	  Recheck Cond: ((k >= 4047833) AND (k <= 4047933))
	  ->  Bitmap Index Scan on k_4  (cost=0.00..5.46 rows=103 width=0)
	        Index Cond: ((k >= 4047833) AND (k <= 4047933))

table 5 : explain SELECT k, c FROM sbtest5 WHERE k BETWEEN 4047833 AND 4047933
	Bitmap Heap Scan on sbtest5  (cost=5.46..401.46 rows=100 width=125)
	  Recheck Cond: ((k >= 4047833) AND (k <= 4047933))
	  ->  Bitmap Index Scan on k_5  (cost=0.00..5.43 rows=100 width=0)
	        Index Cond: ((k >= 4047833) AND (k <= 4047933))

table 6 : explain SELECT k, c FROM sbtest6 WHERE k BETWEEN 4047833 AND 4047933
	Bitmap Heap Scan on sbtest6  (cost=5.48..409.37 rows=102 width=125)
	  Recheck Cond: ((k >= 4047833) AND (k <= 4047933))
	  ->  Bitmap Index Scan on k_6  (cost=0.00..5.45 rows=102 width=0)
	        Index Cond: ((k >= 4047833) AND (k <= 4047933))

table 7 : explain SELECT k, c FROM sbtest7 WHERE k BETWEEN 4047833 AND 4047933
	Bitmap Heap Scan on sbtest7  (cost=5.49..413.30 rows=103 width=125)
	  Recheck Cond: ((k >= 4047833) AND (k <= 4047933))
	  ->  Bitmap Index Scan on k_7  (cost=0.00..5.46 rows=103 width=0)
	        Index Cond: ((k >= 4047833) AND (k <= 4047933))

table 8 : explain SELECT k, c FROM sbtest8 WHERE k BETWEEN 4047833 AND 4047933
	Bitmap Heap Scan on sbtest8  (cost=5.50..417.28 rows=104 width=125)
	  Recheck Cond: ((k >= 4047833) AND (k <= 4047933))
	  ->  Bitmap Index Scan on k_8  (cost=0.00..5.47 rows=104 width=0)
	        Index Cond: ((k >= 4047833) AND (k <= 4047933))

explain: for range-notcovered :: explain SELECT k, c FROM sbtest%d WHERE k BETWEEN 9066599 AND 9066699

explain: for range-notcovered :: explain SELECT k, c FROM sbtest%d WHERE k BETWEEN 5101710 AND 5101810
for range-notcovered
table 1 : explain SELECT k, c FROM sbtest1 WHERE k BETWEEN 1077461 AND 1077561
	Bitmap Heap Scan on sbtest1  (cost=5.51..421.13 rows=105 width=125)
	  Recheck Cond: ((k >= 1077461) AND (k <= 1077561))
	  ->  Bitmap Index Scan on k_1  (cost=0.00..5.48 rows=105 width=0)
	        Index Cond: ((k >= 1077461) AND (k <= 1077561))

table 2 : explain SELECT k, c FROM sbtest2 WHERE k BETWEEN 1077461 AND 1077561
	Bitmap Heap Scan on sbtest2  (cost=5.49..413.26 rows=103 width=125)
	  Recheck Cond: ((k >= 1077461) AND (k <= 1077561))
	  ->  Bitmap Index Scan on k_2  (cost=0.00..5.46 rows=103 width=0)
	        Index Cond: ((k >= 1077461) AND (k <= 1077561))

table 3 : explain SELECT k, c FROM sbtest3 WHERE k BETWEEN 1077461 AND 1077561
	Bitmap Heap Scan on sbtest3  (cost=5.44..393.56 rows=98 width=125)
	  Recheck Cond: ((k >= 1077461) AND (k <= 1077561))
	  ->  Bitmap Index Scan on k_3  (cost=0.00..5.42 rows=98 width=0)
	        Index Cond: ((k >= 1077461) AND (k <= 1077561))

table 4 : explain SELECT k, c FROM sbtest4 WHERE k BETWEEN 1077461 AND 1077561
	Bitmap Heap Scan on sbtest4  (cost=5.48..409.34 rows=102 width=125)
	  Recheck Cond: ((k >= 1077461) AND (k <= 1077561))
	  ->  Bitmap Index Scan on k_4  (cost=0.00..5.45 rows=102 width=0)
	        Index Cond: ((k >= 1077461) AND (k <= 1077561))

table 5 : explain SELECT k, c FROM sbtest5 WHERE k BETWEEN 1077461 AND 1077561
	Bitmap Heap Scan on sbtest5  (cost=5.40..377.79 rows=94 width=125)
	  Recheck Cond: ((k >= 1077461) AND (k <= 1077561))
	  ->  Bitmap Index Scan on k_5  (cost=0.00..5.38 rows=94 width=0)
	        Index Cond: ((k >= 1077461) AND (k <= 1077561))

table 6 : explain SELECT k, c FROM sbtest6 WHERE k BETWEEN 1077461 AND 1077561
	Bitmap Heap Scan on sbtest6  (cost=5.39..373.88 rows=93 width=125)
	  Recheck Cond: ((k >= 1077461) AND (k <= 1077561))
	  ->  Bitmap Index Scan on k_6  (cost=0.00..5.36 rows=93 width=0)
	        Index Cond: ((k >= 1077461) AND (k <= 1077561))

table 7 : explain SELECT k, c FROM sbtest7 WHERE k BETWEEN 1077461 AND 1077561
	Bitmap Heap Scan on sbtest7  (cost=5.45..397.53 rows=99 width=125)
	  Recheck Cond: ((k >= 1077461) AND (k <= 1077561))
	  ->  Bitmap Index Scan on k_7  (cost=0.00..5.42 rows=99 width=0)
	        Index Cond: ((k >= 1077461) AND (k <= 1077561))

table 8 : explain SELECT k, c FROM sbtest8 WHERE k BETWEEN 1077461 AND 1077561
	Bitmap Heap Scan on sbtest8  (cost=5.60..456.68 rows=114 width=125)
	  Recheck Cond: ((k >= 1077461) AND (k <= 1077561))
	  ->  Bitmap Index Scan on k_8  (cost=0.00..5.58 rows=114 width=0)
	        Index Cond: ((k >= 1077461) AND (k <= 1077561))

for range-notcovered
table 1 : explain SELECT k, c FROM sbtest1 WHERE k BETWEEN 6607380 AND 6607480
	Bitmap Heap Scan on sbtest1  (cost=5.41..381.71 rows=95 width=125)
	  Recheck Cond: ((k >= 6607380) AND (k <= 6607480))
	  ->  Bitmap Index Scan on k_1  (cost=0.00..5.38 rows=95 width=0)
	        Index Cond: ((k >= 6607380) AND (k <= 6607480))

table 2 : explain SELECT k, c FROM sbtest2 WHERE k BETWEEN 6607380 AND 6607480
	Bitmap Heap Scan on sbtest2  (cost=5.54..432.96 rows=108 width=125)
	  Recheck Cond: ((k >= 6607380) AND (k <= 6607480))
	  ->  Bitmap Index Scan on k_2  (cost=0.00..5.51 rows=108 width=0)
	        Index Cond: ((k >= 6607380) AND (k <= 6607480))

table 3 : explain SELECT k, c FROM sbtest3 WHERE k BETWEEN 6607380 AND 6607480
	Bitmap Heap Scan on sbtest3  (cost=5.52..425.09 rows=106 width=125)
	  Recheck Cond: ((k >= 6607380) AND (k <= 6607480))
	  ->  Bitmap Index Scan on k_3  (cost=0.00..5.50 rows=106 width=0)
	        Index Cond: ((k >= 6607380) AND (k <= 6607480))

table 4 : explain SELECT k, c FROM sbtest4 WHERE k BETWEEN 6607380 AND 6607480
	Bitmap Heap Scan on sbtest4  (cost=5.53..429.04 rows=107 width=125)
	  Recheck Cond: ((k >= 6607380) AND (k <= 6607480))
	  ->  Bitmap Index Scan on k_4  (cost=0.00..5.50 rows=107 width=0)
	        Index Cond: ((k >= 6607380) AND (k <= 6607480))

table 5 : explain SELECT k, c FROM sbtest5 WHERE k BETWEEN 6607380 AND 6607480
	Bitmap Heap Scan on sbtest5  (cost=5.47..405.40 rows=101 width=125)
	  Recheck Cond: ((k >= 6607380) AND (k <= 6607480))
	  ->  Bitmap Index Scan on k_5  (cost=0.00..5.44 rows=101 width=0)
	        Index Cond: ((k >= 6607380) AND (k <= 6607480))

table 6 : explain SELECT k, c FROM sbtest6 WHERE k BETWEEN 6607380 AND 6607480
	Bitmap Heap Scan on sbtest6  (cost=5.40..377.82 rows=94 width=125)
	  Recheck Cond: ((k >= 6607380) AND (k <= 6607480))
	  ->  Bitmap Index Scan on k_6  (cost=0.00..5.38 rows=94 width=0)
	        Index Cond: ((k >= 6607380) AND (k <= 6607480))

table 7 : explain SELECT k, c FROM sbtest7 WHERE k BETWEEN 6607380 AND 6607480
	Bitmap Heap Scan on sbtest7  (cost=5.52..425.13 rows=106 width=125)
	  Recheck Cond: ((k >= 6607380) AND (k <= 6607480))
	  ->  Bitmap Index Scan on k_7  (cost=0.00..5.50 rows=106 width=0)
	        Index Cond: ((k >= 6607380) AND (k <= 6607480))

table 8 : explain SELECT k, c FROM sbtest8 WHERE k BETWEEN 6607380 AND 6607480
	Bitmap Heap Scan on sbtest8  (cost=5.44..393.62 rows=98 width=125)
	  Recheck Cond: ((k >= 6607380) AND (k <= 6607480))
	  ->  Bitmap Index Scan on k_8  (cost=0.00..5.42 rows=98 width=0)
	        Index Cond: ((k >= 6607380) AND (k <= 6607480))

explain: for range-notcovered :: explain SELECT k, c FROM sbtest%d WHERE k BETWEEN 5368835 AND 5368935
explain: for range-notcovered :: explain SELECT k, c FROM sbtest%d WHERE k BETWEEN 6496944 AND 6497044explain: for range-notcovered :: explain SELECT k, c FROM sbtest%d WHERE k BETWEEN 4047833 AND 4047933

explain: for range-notcovered :: explain SELECT k, c FROM sbtest%d WHERE k BETWEEN 1077461 AND 1077561
explain: for range-notcovered :: explain SELECT k, c FROM sbtest%d WHERE k BETWEEN 6607380 AND 6607480

for range-notcovered
table 1 : explain SELECT k, c FROM sbtest1 WHERE k BETWEEN 2640584 AND 2640684
	Bitmap Heap Scan on sbtest1  (cost=5.50..417.19 rows=104 width=125)
	  Recheck Cond: ((k >= 2640584) AND (k <= 2640684))
	  ->  Bitmap Index Scan on k_1  (cost=0.00..5.47 rows=104 width=0)
	        Index Cond: ((k >= 2640584) AND (k <= 2640684))

table 2 : explain SELECT k, c FROM sbtest2 WHERE k BETWEEN 2640584 AND 2640684
	Bitmap Heap Scan on sbtest2  (cost=5.42..385.66 rows=96 width=125)
	  Recheck Cond: ((k >= 2640584) AND (k <= 2640684))
	  ->  Bitmap Index Scan on k_2  (cost=0.00..5.39 rows=96 width=0)
	        Index Cond: ((k >= 2640584) AND (k <= 2640684))

table 3 : explain SELECT k, c FROM sbtest3 WHERE k BETWEEN 2640584 AND 2640684
	Bitmap Heap Scan on sbtest3  (cost=5.39..373.84 rows=93 width=125)
	  Recheck Cond: ((k >= 2640584) AND (k <= 2640684))
	  ->  Bitmap Index Scan on k_3  (cost=0.00..5.36 rows=93 width=0)
	        Index Cond: ((k >= 2640584) AND (k <= 2640684))

table 4 : explain SELECT k, c FROM sbtest4 WHERE k BETWEEN 2640584 AND 2640684
	Bitmap Heap Scan on sbtest4  (cost=5.45..397.51 rows=99 width=125)
	  Recheck Cond: ((k >= 2640584) AND (k <= 2640684))
	  ->  Bitmap Index Scan on k_4  (cost=0.00..5.42 rows=99 width=0)
	        Index Cond: ((k >= 2640584) AND (k <= 2640684))

table 5 : explain SELECT k, c FROM sbtest5 WHERE k BETWEEN 2640584 AND 2640684
	Bitmap Heap Scan on sbtest5  (cost=5.44..393.57 rows=98 width=125)
	  Recheck Cond: ((k >= 2640584) AND (k <= 2640684))
	  ->  Bitmap Index Scan on k_5  (cost=0.00..5.42 rows=98 width=0)
	        Index Cond: ((k >= 2640584) AND (k <= 2640684))

table 6 : explain SELECT k, c FROM sbtest6 WHERE k BETWEEN 2640584 AND 2640684
	Bitmap Heap Scan on sbtest6  (cost=5.48..409.37 rows=102 width=125)
	  Recheck Cond: ((k >= 2640584) AND (k <= 2640684))
	  ->  Bitmap Index Scan on k_6  (cost=0.00..5.45 rows=102 width=0)
	        Index Cond: ((k >= 2640584) AND (k <= 2640684))

table 7 : explain SELECT k, c FROM sbtest7 WHERE k BETWEEN 2640584 AND 2640684
	Bitmap Heap Scan on sbtest7  (cost=5.47..405.42 rows=101 width=125)
	  Recheck Cond: ((k >= 2640584) AND (k <= 2640684))
	  ->  Bitmap Index Scan on k_7  (cost=0.00..5.44 rows=101 width=0)
	        Index Cond: ((k >= 2640584) AND (k <= 2640684))

table 8 : explain SELECT k, c FROM sbtest8 WHERE k BETWEEN 2640584 AND 2640684
	Bitmap Heap Scan on sbtest8  (cost=5.52..425.17 rows=106 width=125)
	  Recheck Cond: ((k >= 2640584) AND (k <= 2640684))
	  ->  Bitmap Index Scan on k_8  (cost=0.00..5.50 rows=106 width=0)
	        Index Cond: ((k >= 2640584) AND (k <= 2640684))

for range-notcovered
table 1 : explain SELECT k, c FROM sbtest1 WHERE k BETWEEN 8329928 AND 8330028
	Bitmap Heap Scan on sbtest1  (cost=5.42..385.66 rows=96 width=125)
	  Recheck Cond: ((k >= 8329928) AND (k <= 8330028))
	  ->  Bitmap Index Scan on k_1  (cost=0.00..5.39 rows=96 width=0)
	        Index Cond: ((k >= 8329928) AND (k <= 8330028))

table 2 : explain SELECT k, c FROM sbtest2 WHERE k BETWEEN 8329928 AND 8330028
	Bitmap Heap Scan on sbtest2  (cost=5.51..421.14 rows=105 width=125)
	  Recheck Cond: ((k >= 8329928) AND (k <= 8330028))
	  ->  Bitmap Index Scan on k_2  (cost=0.00..5.48 rows=105 width=0)
	        Index Cond: ((k >= 8329928) AND (k <= 8330028))

table 3 : explain SELECT k, c FROM sbtest3 WHERE k BETWEEN 8329928 AND 8330028
	Bitmap Heap Scan on sbtest3  (cost=5.46..401.44 rows=100 width=125)
	  Recheck Cond: ((k >= 8329928) AND (k <= 8330028))
	  ->  Bitmap Index Scan on k_3  (cost=0.00..5.43 rows=100 width=0)
	        Index Cond: ((k >= 8329928) AND (k <= 8330028))

table 4 : explain SELECT k, c FROM sbtest4 WHERE k BETWEEN 8329928 AND 8330028
	Bitmap Heap Scan on sbtest4  (cost=5.49..413.28 rows=103 width=125)
	  Recheck Cond: ((k >= 8329928) AND (k <= 8330028))
	  ->  Bitmap Index Scan on k_4  (cost=0.00..5.46 rows=103 width=0)
	        Index Cond: ((k >= 8329928) AND (k <= 8330028))

table 5 : explain SELECT k, c FROM sbtest5 WHERE k BETWEEN 8329928 AND 8330028
	Bitmap Heap Scan on sbtest5  (cost=5.59..452.68 rows=113 width=125)
	  Recheck Cond: ((k >= 8329928) AND (k <= 8330028))
	  ->  Bitmap Index Scan on k_5  (cost=0.00..5.56 rows=113 width=0)
	        Index Cond: ((k >= 8329928) AND (k <= 8330028))

table 6 : explain SELECT k, c FROM sbtest6 WHERE k BETWEEN 8329928 AND 8330028
	Bitmap Heap Scan on sbtest6  (cost=5.44..393.60 rows=98 width=125)
	  Recheck Cond: ((k >= 8329928) AND (k <= 8330028))
	  ->  Bitmap Index Scan on k_6  (cost=0.00..5.42 rows=98 width=0)
	        Index Cond: ((k >= 8329928) AND (k <= 8330028))

table 7 : explain SELECT k, c FROM sbtest7 WHERE k BETWEEN 8329928 AND 8330028
	Bitmap Heap Scan on sbtest7  (cost=5.59..452.70 rows=113 width=125)
	  Recheck Cond: ((k >= 8329928) AND (k <= 8330028))
	  ->  Bitmap Index Scan on k_7  (cost=0.00..5.56 rows=113 width=0)
	        Index Cond: ((k >= 8329928) AND (k <= 8330028))

table 8 : explain SELECT k, c FROM sbtest8 WHERE k BETWEEN 8329928 AND 8330028
	Bitmap Heap Scan on sbtest8  (cost=5.52..425.17 rows=106 width=125)
	  Recheck Cond: ((k >= 8329928) AND (k <= 8330028))
	  ->  Bitmap Index Scan on k_8  (cost=0.00..5.50 rows=106 width=0)
	        Index Cond: ((k >= 8329928) AND (k <= 8330028))

for range-notcovered
table 1 : explain SELECT k, c FROM sbtest1 WHERE k BETWEEN 2173248 AND 2173348
	Bitmap Heap Scan on sbtest1  (cost=5.52..425.07 rows=106 width=125)
	  Recheck Cond: ((k >= 2173248) AND (k <= 2173348))
	  ->  Bitmap Index Scan on k_1  (cost=0.00..5.50 rows=106 width=0)
	        Index Cond: ((k >= 2173248) AND (k <= 2173348))

table 2 : explain SELECT k, c FROM sbtest2 WHERE k BETWEEN 2173248 AND 2173348
	Bitmap Heap Scan on sbtest2  (cost=5.55..436.90 rows=109 width=125)
	  Recheck Cond: ((k >= 2173248) AND (k <= 2173348))
	  ->  Bitmap Index Scan on k_2  (cost=0.00..5.52 rows=109 width=0)
	        Index Cond: ((k >= 2173248) AND (k <= 2173348))

table 3 : explain SELECT k, c FROM sbtest3 WHERE k BETWEEN 2173248 AND 2173348
	Bitmap Heap Scan on sbtest3  (cost=5.44..393.56 rows=98 width=125)
	  Recheck Cond: ((k >= 2173248) AND (k <= 2173348))
	  ->  Bitmap Index Scan on k_3  (cost=0.00..5.42 rows=98 width=0)
	        Index Cond: ((k >= 2173248) AND (k <= 2173348))

table 4 : explain SELECT k, c FROM sbtest4 WHERE k BETWEEN 2173248 AND 2173348
	Bitmap Heap Scan on sbtest4  (cost=5.53..429.04 rows=107 width=125)
	  Recheck Cond: ((k >= 2173248) AND (k <= 2173348))
	  ->  Bitmap Index Scan on k_4  (cost=0.00..5.50 rows=107 width=0)
	        Index Cond: ((k >= 2173248) AND (k <= 2173348))

table 5 : explain SELECT k, c FROM sbtest5 WHERE k BETWEEN 2173248 AND 2173348
	Bitmap Heap Scan on sbtest5  (cost=5.44..393.57 rows=98 width=125)
	  Recheck Cond: ((k >= 2173248) AND (k <= 2173348))
	  ->  Bitmap Index Scan on k_5  (cost=0.00..5.42 rows=98 width=0)
	        Index Cond: ((k >= 2173248) AND (k <= 2173348))

table 6 : explain SELECT k, c FROM sbtest6 WHERE k BETWEEN 2173248 AND 2173348
	Bitmap Heap Scan on sbtest6  (cost=5.36..362.04 rows=90 width=125)
	  Recheck Cond: ((k >= 2173248) AND (k <= 2173348))
	  ->  Bitmap Index Scan on k_6  (cost=0.00..5.33 rows=90 width=0)
	        Index Cond: ((k >= 2173248) AND (k <= 2173348))

table 7 : explain SELECT k, c FROM sbtest7 WHERE k BETWEEN 2173248 AND 2173348
	Bitmap Heap Scan on sbtest7  (cost=5.47..405.42 rows=101 width=125)
	  Recheck Cond: ((k >= 2173248) AND (k <= 2173348))
	  ->  Bitmap Index Scan on k_7  (cost=0.00..5.44 rows=101 width=0)
	        Index Cond: ((k >= 2173248) AND (k <= 2173348))

table 8 : explain SELECT k, c FROM sbtest8 WHERE k BETWEEN 2173248 AND 2173348
	Bitmap Heap Scan on sbtest8  (cost=5.45..397.57 rows=99 width=125)
	  Recheck Cond: ((k >= 2173248) AND (k <= 2173348))
	  ->  Bitmap Index Scan on k_8  (cost=0.00..5.42 rows=99 width=0)
	        Index Cond: ((k >= 2173248) AND (k <= 2173348))

explain: for range-notcovered :: explain SELECT k, c FROM sbtest%d WHERE k BETWEEN 2640584 AND 2640684
explain: for range-notcovered :: explain SELECT k, c FROM sbtest%d WHERE k BETWEEN 8329928 AND 8330028
for range-notcovered
table 1 : explain SELECT k, c FROM sbtest1 WHERE k BETWEEN 5421055 AND 5421155
	Bitmap Heap Scan on sbtest1  (cost=5.46..401.43 rows=100 width=125)
	  Recheck Cond: ((k >= 5421055) AND (k <= 5421155))
	  ->  Bitmap Index Scan on k_1  (cost=0.00..5.43 rows=100 width=0)
	        Index Cond: ((k >= 5421055) AND (k <= 5421155))

table 2 : explain SELECT k, c FROM sbtest2 WHERE k BETWEEN 5421055 AND 5421155
	Bitmap Heap Scan on sbtest2  (cost=5.45..397.49 rows=99 width=125)
	  Recheck Cond: ((k >= 5421055) AND (k <= 5421155))
	  ->  Bitmap Index Scan on k_2  (cost=0.00..5.42 rows=99 width=0)
	        Index Cond: ((k >= 5421055) AND (k <= 5421155))

table 3 : explain SELECT k, c FROM sbtest3 WHERE k BETWEEN 5421055 AND 5421155
	Bitmap Heap Scan on sbtest3  (cost=5.39..373.84 rows=93 width=125)
	  Recheck Cond: ((k >= 5421055) AND (k <= 5421155))
	  ->  Bitmap Index Scan on k_3  (cost=0.00..5.36 rows=93 width=0)
	        Index Cond: ((k >= 5421055) AND (k <= 5421155))

table 4 : explain SELECT k, c FROM sbtest4 WHERE k BETWEEN 5421055 AND 5421155
	Bitmap Heap Scan on sbtest4  (cost=5.58..448.73 rows=112 width=125)
	  Recheck Cond: ((k >= 5421055) AND (k <= 5421155))
	  ->  Bitmap Index Scan on k_4  (cost=0.00..5.55 rows=112 width=0)
	        Index Cond: ((k >= 5421055) AND (k <= 5421155))

table 5 : explain SELECT k, c FROM sbtest5 WHERE k BETWEEN 5421055 AND 5421155
	Bitmap Heap Scan on sbtest5  (cost=5.44..393.57 rows=98 width=125)
	  Recheck Cond: ((k >= 5421055) AND (k <= 5421155))
	  ->  Bitmap Index Scan on k_5  (cost=0.00..5.42 rows=98 width=0)
	        Index Cond: ((k >= 5421055) AND (k <= 5421155))

table 6 : explain SELECT k, c FROM sbtest6 WHERE k BETWEEN 5421055 AND 5421155
	Bitmap Heap Scan on sbtest6  (cost=5.51..421.20 rows=105 width=125)
	  Recheck Cond: ((k >= 5421055) AND (k <= 5421155))
	  ->  Bitmap Index Scan on k_6  (cost=0.00..5.48 rows=105 width=0)
	        Index Cond: ((k >= 5421055) AND (k <= 5421155))

table 7 : explain SELECT k, c FROM sbtest7 WHERE k BETWEEN 5421055 AND 5421155
	Bitmap Heap Scan on sbtest7  (cost=5.43..389.64 rows=97 width=125)
	  Recheck Cond: ((k >= 5421055) AND (k <= 5421155))
	  ->  Bitmap Index Scan on k_7  (cost=0.00..5.40 rows=97 width=0)
	        Index Cond: ((k >= 5421055) AND (k <= 5421155))

table 8 : explain SELECT k, c FROM sbtest8 WHERE k BETWEEN 5421055 AND 5421155
	Bitmap Heap Scan on sbtest8  (cost=5.44..393.62 rows=98 width=125)
	  Recheck Cond: ((k >= 5421055) AND (k <= 5421155))
	  ->  Bitmap Index Scan on k_8  (cost=0.00..5.42 rows=98 width=0)
	        Index Cond: ((k >= 5421055) AND (k <= 5421155))

explain: for range-notcovered :: explain SELECT k, c FROM sbtest%d WHERE k BETWEEN 2173248 AND 2173348
for range-notcovered
table 1 : explain SELECT k, c FROM sbtest1 WHERE k BETWEEN 7296580 AND 7296680
	Bitmap Heap Scan on sbtest1  (cost=5.52..425.07 rows=106 width=125)
	  Recheck Cond: ((k >= 7296580) AND (k <= 7296680))
	  ->  Bitmap Index Scan on k_1  (cost=0.00..5.50 rows=106 width=0)
	        Index Cond: ((k >= 7296580) AND (k <= 7296680))

table 2 : explain SELECT k, c FROM sbtest2 WHERE k BETWEEN 7296580 AND 7296680
	Bitmap Heap Scan on sbtest2  (cost=5.53..429.02 rows=107 width=125)
	  Recheck Cond: ((k >= 7296580) AND (k <= 7296680))
	  ->  Bitmap Index Scan on k_2  (cost=0.00..5.50 rows=107 width=0)
	        Index Cond: ((k >= 7296580) AND (k <= 7296680))

table 3 : explain SELECT k, c FROM sbtest3 WHERE k BETWEEN 7296580 AND 7296680
	Bitmap Heap Scan on sbtest3  (cost=5.54..432.97 rows=108 width=125)
	  Recheck Cond: ((k >= 7296580) AND (k <= 7296680))
	  ->  Bitmap Index Scan on k_3  (cost=0.00..5.51 rows=108 width=0)
	        Index Cond: ((k >= 7296580) AND (k <= 7296680))

table 4 : explain SELECT k, c FROM sbtest4 WHERE k BETWEEN 7296580 AND 7296680
	Bitmap Heap Scan on sbtest4  (cost=5.38..369.90 rows=92 width=125)
	  Recheck Cond: ((k >= 7296580) AND (k <= 7296680))
	  ->  Bitmap Index Scan on k_4  (cost=0.00..5.35 rows=92 width=0)
	        Index Cond: ((k >= 7296580) AND (k <= 7296680))

table 5 : explain SELECT k, c FROM sbtest5 WHERE k BETWEEN 7296580 AND 7296680
	Bitmap Heap Scan on sbtest5  (cost=5.44..393.57 rows=98 width=125)
	  Recheck Cond: ((k >= 7296580) AND (k <= 7296680))
	  ->  Bitmap Index Scan on k_5  (cost=0.00..5.42 rows=98 width=0)
	        Index Cond: ((k >= 7296580) AND (k <= 7296680))

table 6 : explain SELECT k, c FROM sbtest6 WHERE k BETWEEN 7296580 AND 7296680
	Bitmap Heap Scan on sbtest6  (cost=5.53..429.08 rows=107 width=125)
	  Recheck Cond: ((k >= 7296580) AND (k <= 7296680))
	  ->  Bitmap Index Scan on k_6  (cost=0.00..5.50 rows=107 width=0)
	        Index Cond: ((k >= 7296580) AND (k <= 7296680))

table 7 : explain SELECT k, c FROM sbtest7 WHERE k BETWEEN 7296580 AND 7296680
	Bitmap Heap Scan on sbtest7  (cost=5.57..444.82 rows=111 width=125)
	  Recheck Cond: ((k >= 7296580) AND (k <= 7296680))
	  ->  Bitmap Index Scan on k_7  (cost=0.00..5.54 rows=111 width=0)
	        Index Cond: ((k >= 7296580) AND (k <= 7296680))

table 8 : explain SELECT k, c FROM sbtest8 WHERE k BETWEEN 7296580 AND 7296680
	Bitmap Heap Scan on sbtest8  (cost=5.50..417.28 rows=104 width=125)
	  Recheck Cond: ((k >= 7296580) AND (k <= 7296680))
	  ->  Bitmap Index Scan on k_8  (cost=0.00..5.47 rows=104 width=0)
	        Index Cond: ((k >= 7296580) AND (k <= 7296680))

for range-notcovered
table 1 : explain SELECT k, c FROM sbtest1 WHERE k BETWEEN 3887905 AND 3888005
	Bitmap Heap Scan on sbtest1  (cost=5.47..405.37 rows=101 width=125)
	  Recheck Cond: ((k >= 3887905) AND (k <= 3888005))
	  ->  Bitmap Index Scan on k_1  (cost=0.00..5.44 rows=101 width=0)
	        Index Cond: ((k >= 3887905) AND (k <= 3888005))

table 2 : explain SELECT k, c FROM sbtest2 WHERE k BETWEEN 3887905 AND 3888005
	Bitmap Heap Scan on sbtest2  (cost=5.55..436.90 rows=109 width=125)
	  Recheck Cond: ((k >= 3887905) AND (k <= 3888005))
	  ->  Bitmap Index Scan on k_2  (cost=0.00..5.52 rows=109 width=0)
	        Index Cond: ((k >= 3887905) AND (k <= 3888005))

table 3 : explain SELECT k, c FROM sbtest3 WHERE k BETWEEN 3887905 AND 3888005
	Bitmap Heap Scan on sbtest3  (cost=5.54..432.97 rows=108 width=125)
	  Recheck Cond: ((k >= 3887905) AND (k <= 3888005))
	  ->  Bitmap Index Scan on k_3  (cost=0.00..5.51 rows=108 width=0)
	        Index Cond: ((k >= 3887905) AND (k <= 3888005))

table 4 : explain SELECT k, c FROM sbtest4 WHERE k BETWEEN 3887905 AND 3888005
	Bitmap Heap Scan on sbtest4  (cost=5.43..389.62 rows=97 width=125)
	  Recheck Cond: ((k >= 3887905) AND (k <= 3888005))
	  ->  Bitmap Index Scan on k_4  (cost=0.00..5.40 rows=97 width=0)
	        Index Cond: ((k >= 3887905) AND (k <= 3888005))

table 5 : explain SELECT k, c FROM sbtest5 WHERE k BETWEEN 3887905 AND 3888005
	Bitmap Heap Scan on sbtest5  (cost=5.47..405.40 rows=101 width=125)
	  Recheck Cond: ((k >= 3887905) AND (k <= 3888005))
	  ->  Bitmap Index Scan on k_5  (cost=0.00..5.44 rows=101 width=0)
	        Index Cond: ((k >= 3887905) AND (k <= 3888005))

table 6 : explain SELECT k, c FROM sbtest6 WHERE k BETWEEN 3887905 AND 3888005
	Bitmap Heap Scan on sbtest6  (cost=5.46..401.49 rows=100 width=125)
	  Recheck Cond: ((k >= 3887905) AND (k <= 3888005))
	  ->  Bitmap Index Scan on k_6  (cost=0.00..5.43 rows=100 width=0)
	        Index Cond: ((k >= 3887905) AND (k <= 3888005))

table 7 : explain SELECT k, c FROM sbtest7 WHERE k BETWEEN 3887905 AND 3888005
	Bitmap Heap Scan on sbtest7  (cost=5.47..405.42 rows=101 width=125)
	  Recheck Cond: ((k >= 3887905) AND (k <= 3888005))
	  ->  Bitmap Index Scan on k_7  (cost=0.00..5.44 rows=101 width=0)
	        Index Cond: ((k >= 3887905) AND (k <= 3888005))

table 8 : explain SELECT k, c FROM sbtest8 WHERE k BETWEEN 3887905 AND 3888005
	Bitmap Heap Scan on sbtest8  (cost=5.41..381.79 rows=95 width=125)
	  Recheck Cond: ((k >= 3887905) AND (k <= 3888005))
	  ->  Bitmap Index Scan on k_8  (cost=0.00..5.38 rows=95 width=0)
	        Index Cond: ((k >= 3887905) AND (k <= 3888005))

explain: for range-notcovered :: explain SELECT k, c FROM sbtest%d WHERE k BETWEEN 5421055 AND 5421155for range-notcovered
table 1 : explain SELECT k, c FROM sbtest1 WHERE k BETWEEN 4344122 AND 4344222
	Bitmap Heap Scan on sbtest1  (cost=5.50..417.19 rows=104 width=125)
	  Recheck Cond: ((k >= 4344122) AND (k <= 4344222))
	  ->  Bitmap Index Scan on k_1  (cost=0.00..5.47 rows=104 width=0)
	        Index Cond: ((k >= 4344122) AND (k <= 4344222))

table 2 : explain SELECT k, c FROM sbtest2 WHERE k BETWEEN 4344122 AND 4344222
	Bitmap Heap Scan on sbtest2  (cost=5.40..377.77 rows=94 width=125)
	  Recheck Cond: ((k >= 4344122) AND (k <= 4344222))
	  ->  Bitmap Index Scan on k_2  (cost=0.00..5.38 rows=94 width=0)
	        Index Cond: ((k >= 4344122) AND (k <= 4344222))

table 3 : explain SELECT k, c FROM sbtest3 WHERE k BETWEEN 4344122 AND 4344222
	Bitmap Heap Scan on sbtest3  (cost=5.52..425.09 rows=106 width=125)
	  Recheck Cond: ((k >= 4344122) AND (k <= 4344222))
	  ->  Bitmap Index Scan on k_3  (cost=0.00..5.50 rows=106 width=0)
	        Index Cond: ((k >= 4344122) AND (k <= 4344222))

table 4 : explain SELECT k, c FROM sbtest4 WHERE k BETWEEN 4344122 AND 4344222
	Bitmap Heap Scan on sbtest4  (cost=5.44..393.57 rows=98 width=125)
	  Recheck Cond: ((k >= 4344122) AND (k <= 4344222))
	  ->  Bitmap Index Scan on k_4  (cost=0.00..5.42 rows=98 width=0)
	        Index Cond: ((k >= 4344122) AND (k <= 4344222))

table 5 : explain SELECT k, c FROM sbtest5 WHERE k BETWEEN 4344122 AND 4344222
	Bitmap Heap Scan on sbtest5  (cost=5.59..452.68 rows=113 width=125)
	  Recheck Cond: ((k >= 4344122) AND (k <= 4344222))
	  ->  Bitmap Index Scan on k_5  (cost=0.00..5.56 rows=113 width=0)
	        Index Cond: ((k >= 4344122) AND (k <= 4344222))

table 6 : explain SELECT k, c FROM sbtest6 WHERE k BETWEEN 4344122 AND 4344222
	Bitmap Heap Scan on sbtest6  (cost=5.48..409.37 rows=102 width=125)
	  Recheck Cond: ((k >= 4344122) AND (k <= 4344222))
	  ->  Bitmap Index Scan on k_6  (cost=0.00..5.45 rows=102 width=0)
	        Index Cond: ((k >= 4344122) AND (k <= 4344222))

table 7 : explain SELECT k, c FROM sbtest7 WHERE k BETWEEN 4344122 AND 4344222
	Bitmap Heap Scan on sbtest7  (cost=5.40..377.81 rows=94 width=125)
	  Recheck Cond: ((k >= 4344122) AND (k <= 4344222))
	  ->  Bitmap Index Scan on k_7  (cost=0.00..5.38 rows=94 width=0)
	        Index Cond: ((k >= 4344122) AND (k <= 4344222))

table 8 : explain SELECT k, c FROM sbtest8 WHERE k BETWEEN 4344122 AND 4344222
	Bitmap Heap Scan on sbtest8  (cost=5.50..417.28 rows=104 width=125)
	  Recheck Cond: ((k >= 4344122) AND (k <= 4344222))
	  ->  Bitmap Index Scan on k_8  (cost=0.00..5.47 rows=104 width=0)
	        Index Cond: ((k >= 4344122) AND (k <= 4344222))


for range-notcovered
table 1 : explain SELECT k, c FROM sbtest1 WHERE k BETWEEN 4007277 AND 4007377
	Bitmap Heap Scan on sbtest1  (cost=5.42..385.66 rows=96 width=125)
	  Recheck Cond: ((k >= 4007277) AND (k <= 4007377))
	  ->  Bitmap Index Scan on k_1  (cost=0.00..5.39 rows=96 width=0)
	        Index Cond: ((k >= 4007277) AND (k <= 4007377))

table 2 : explain SELECT k, c FROM sbtest2 WHERE k BETWEEN 4007277 AND 4007377
	Bitmap Heap Scan on sbtest2  (cost=5.43..389.60 rows=97 width=125)
	  Recheck Cond: ((k >= 4007277) AND (k <= 4007377))
	  ->  Bitmap Index Scan on k_2  (cost=0.00..5.40 rows=97 width=0)
	        Index Cond: ((k >= 4007277) AND (k <= 4007377))

table 3 : explain SELECT k, c FROM sbtest3 WHERE k BETWEEN 4007277 AND 4007377
	Bitmap Heap Scan on sbtest3  (cost=5.45..397.50 rows=99 width=125)
	  Recheck Cond: ((k >= 4007277) AND (k <= 4007377))
	  ->  Bitmap Index Scan on k_3  (cost=0.00..5.42 rows=99 width=0)
	        Index Cond: ((k >= 4007277) AND (k <= 4007377))

table 4 : explain SELECT k, c FROM sbtest4 WHERE k BETWEEN 4007277 AND 4007377
	Bitmap Heap Scan on sbtest4  (cost=5.49..413.28 rows=103 width=125)
	  Recheck Cond: ((k >= 4007277) AND (k <= 4007377))
	  ->  Bitmap Index Scan on k_4  (cost=0.00..5.46 rows=103 width=0)
	        Index Cond: ((k >= 4007277) AND (k <= 4007377))

table 5 : explain SELECT k, c FROM sbtest5 WHERE k BETWEEN 4007277 AND 4007377
	Bitmap Heap Scan on sbtest5  (cost=5.46..401.46 rows=100 width=125)
	  Recheck Cond: ((k >= 4007277) AND (k <= 4007377))
	  ->  Bitmap Index Scan on k_5  (cost=0.00..5.43 rows=100 width=0)
	        Index Cond: ((k >= 4007277) AND (k <= 4007377))

table 6 : explain SELECT k, c FROM sbtest6 WHERE k BETWEEN 4007277 AND 4007377
	Bitmap Heap Scan on sbtest6  (cost=5.41..381.77 rows=95 width=125)
	  Recheck Cond: ((k >= 4007277) AND (k <= 4007377))
	  ->  Bitmap Index Scan on k_6  (cost=0.00..5.38 rows=95 width=0)
	        Index Cond: ((k >= 4007277) AND (k <= 4007377))

table 7 : explain SELECT k, c FROM sbtest7 WHERE k BETWEEN 4007277 AND 4007377
	Bitmap Heap Scan on sbtest7  (cost=5.49..413.30 rows=103 width=125)
	  Recheck Cond: ((k >= 4007277) AND (k <= 4007377))
	  ->  Bitmap Index Scan on k_7  (cost=0.00..5.46 rows=103 width=0)
	        Index Cond: ((k >= 4007277) AND (k <= 4007377))

table 8 : explain SELECT k, c FROM sbtest8 WHERE k BETWEEN 4007277 AND 4007377
	Bitmap Heap Scan on sbtest8  (cost=5.44..393.62 rows=98 width=125)
	  Recheck Cond: ((k >= 4007277) AND (k <= 4007377))
	  ->  Bitmap Index Scan on k_8  (cost=0.00..5.42 rows=98 width=0)
	        Index Cond: ((k >= 4007277) AND (k <= 4007377))

explain: for range-notcovered :: explain SELECT k, c FROM sbtest%d WHERE k BETWEEN 7296580 AND 7296680
for range-notcovered
table 1 : explain SELECT k, c FROM sbtest1 WHERE k BETWEEN 7936229 AND 7936329
	Bitmap Heap Scan on sbtest1  (cost=5.46..401.43 rows=100 width=125)
	  Recheck Cond: ((k >= 7936229) AND (k <= 7936329))
	  ->  Bitmap Index Scan on k_1  (cost=0.00..5.43 rows=100 width=0)
	        Index Cond: ((k >= 7936229) AND (k <= 7936329))

table 2 : explain SELECT k, c FROM sbtest2 WHERE k BETWEEN 7936229 AND 7936329
	Bitmap Heap Scan on sbtest2  (cost=5.49..413.26 rows=103 width=125)
	  Recheck Cond: ((k >= 7936229) AND (k <= 7936329))
	  ->  Bitmap Index Scan on k_2  (cost=0.00..5.46 rows=103 width=0)
	        Index Cond: ((k >= 7936229) AND (k <= 7936329))

table 3 : explain SELECT k, c FROM sbtest3 WHERE k BETWEEN 7936229 AND 7936329
	Bitmap Heap Scan on sbtest3  (cost=5.39..373.84 rows=93 width=125)
	  Recheck Cond: ((k >= 7936229) AND (k <= 7936329))
	  ->  Bitmap Index Scan on k_3  (cost=0.00..5.36 rows=93 width=0)
	        Index Cond: ((k >= 7936229) AND (k <= 7936329))

table 4 : explain SELECT k, c FROM sbtest4 WHERE k BETWEEN 7936229 AND 7936329
	Bitmap Heap Scan on sbtest4  (cost=5.39..373.84 rows=93 width=125)
	  Recheck Cond: ((k >= 7936229) AND (k <= 7936329))
	  ->  Bitmap Index Scan on k_4  (cost=0.00..5.36 rows=93 width=0)
	        Index Cond: ((k >= 7936229) AND (k <= 7936329))

table 5 : explain SELECT k, c FROM sbtest5 WHERE k BETWEEN 7936229 AND 7936329
	Bitmap Heap Scan on sbtest5  (cost=5.49..413.28 rows=103 width=125)
	  Recheck Cond: ((k >= 7936229) AND (k <= 7936329))
	  ->  Bitmap Index Scan on k_5  (cost=0.00..5.46 rows=103 width=0)
	        Index Cond: ((k >= 7936229) AND (k <= 7936329))

table 6 : explain SELECT k, c FROM sbtest6 WHERE k BETWEEN 7936229 AND 7936329
	Bitmap Heap Scan on sbtest6  (cost=5.43..389.66 rows=97 width=125)
	  Recheck Cond: ((k >= 7936229) AND (k <= 7936329))
	  ->  Bitmap Index Scan on k_6  (cost=0.00..5.40 rows=97 width=0)
	        Index Cond: ((k >= 7936229) AND (k <= 7936329))

table 7 : explain SELECT k, c FROM sbtest7 WHERE k BETWEEN 7936229 AND 7936329
	Bitmap Heap Scan on sbtest7  (cost=5.55..436.95 rows=109 width=125)
	  Recheck Cond: ((k >= 7936229) AND (k <= 7936329))
	  ->  Bitmap Index Scan on k_7  (cost=0.00..5.52 rows=109 width=0)
	        Index Cond: ((k >= 7936229) AND (k <= 7936329))

table 8 : explain SELECT k, c FROM sbtest8 WHERE k BETWEEN 7936229 AND 7936329
	Bitmap Heap Scan on sbtest8  (cost=5.50..417.28 rows=104 width=125)
	  Recheck Cond: ((k >= 7936229) AND (k <= 7936329))
	  ->  Bitmap Index Scan on k_8  (cost=0.00..5.47 rows=104 width=0)
	        Index Cond: ((k >= 7936229) AND (k <= 7936329))

explain: for range-notcovered :: explain SELECT k, c FROM sbtest%d WHERE k BETWEEN 4344122 AND 4344222
explain: for range-notcovered :: explain SELECT k, c FROM sbtest%d WHERE k BETWEEN 4007277 AND 4007377
for range-notcovered
table 1 : explain SELECT k, c FROM sbtest1 WHERE k BETWEEN 4581183 AND 4581283
	Bitmap Heap Scan on sbtest1  (cost=5.46..401.43 rows=100 width=125)
	  Recheck Cond: ((k >= 4581183) AND (k <= 4581283))
	  ->  Bitmap Index Scan on k_1  (cost=0.00..5.43 rows=100 width=0)
	        Index Cond: ((k >= 4581183) AND (k <= 4581283))

table 2 : explain SELECT k, c FROM sbtest2 WHERE k BETWEEN 4581183 AND 4581283
	Bitmap Heap Scan on sbtest2  (cost=5.48..409.32 rows=102 width=125)
	  Recheck Cond: ((k >= 4581183) AND (k <= 4581283))
	  ->  Bitmap Index Scan on k_2  (cost=0.00..5.45 rows=102 width=0)
	        Index Cond: ((k >= 4581183) AND (k <= 4581283))

table 3 : explain SELECT k, c FROM sbtest3 WHERE k BETWEEN 4581183 AND 4581283
	Bitmap Heap Scan on sbtest3  (cost=5.48..409.33 rows=102 width=125)
	  Recheck Cond: ((k >= 4581183) AND (k <= 4581283))
	  ->  Bitmap Index Scan on k_3  (cost=0.00..5.45 rows=102 width=0)
	        Index Cond: ((k >= 4581183) AND (k <= 4581283))

table 4 : explain SELECT k, c FROM sbtest4 WHERE k BETWEEN 4581183 AND 4581283
	Bitmap Heap Scan on sbtest4  (cost=5.47..405.39 rows=101 width=125)
	  Recheck Cond: ((k >= 4581183) AND (k <= 4581283))
	  ->  Bitmap Index Scan on k_4  (cost=0.00..5.44 rows=101 width=0)
	        Index Cond: ((k >= 4581183) AND (k <= 4581283))

table 5 : explain SELECT k, c FROM sbtest5 WHERE k BETWEEN 4581183 AND 4581283
	Bitmap Heap Scan on sbtest5  (cost=5.48..409.34 rows=102 width=125)
	  Recheck Cond: ((k >= 4581183) AND (k <= 4581283))
	  ->  Bitmap Index Scan on k_5  (cost=0.00..5.45 rows=102 width=0)
	        Index Cond: ((k >= 4581183) AND (k <= 4581283))

table 6 : explain SELECT k, c FROM sbtest6 WHERE k BETWEEN 4581183 AND 4581283
	Bitmap Heap Scan on sbtest6  (cost=5.61..460.59 rows=115 width=125)
	  Recheck Cond: ((k >= 4581183) AND (k <= 4581283))
	  ->  Bitmap Index Scan on k_6  (cost=0.00..5.58 rows=115 width=0)
	        Index Cond: ((k >= 4581183) AND (k <= 4581283))

table 7 : explain SELECT k, c FROM sbtest7 WHERE k BETWEEN 4581183 AND 4581283
	Bitmap Heap Scan on sbtest7  (cost=5.46..401.48 rows=100 width=125)
	  Recheck Cond: ((k >= 4581183) AND (k <= 4581283))
	  ->  Bitmap Index Scan on k_7  (cost=0.00..5.43 rows=100 width=0)
	        Index Cond: ((k >= 4581183) AND (k <= 4581283))

table 8 : explain SELECT k, c FROM sbtest8 WHERE k BETWEEN 4581183 AND 4581283
	Bitmap Heap Scan on sbtest8  (cost=5.45..397.57 rows=99 width=125)
	  Recheck Cond: ((k >= 4581183) AND (k <= 4581283))
	  ->  Bitmap Index Scan on k_8  (cost=0.00..5.42 rows=99 width=0)
	        Index Cond: ((k >= 4581183) AND (k <= 4581283))

explain: for range-notcovered :: explain SELECT k, c FROM sbtest%d WHERE k BETWEEN 7936229 AND 7936329
explain: for range-notcovered :: explain SELECT k, c FROM sbtest%d WHERE k BETWEEN 3887905 AND 3888005
explain: for range-notcovered :: explain SELECT k, c FROM sbtest%d WHERE k BETWEEN 7531472 AND 7531572
for range-notcovered
table 1 : explain SELECT k, c FROM sbtest1 WHERE k BETWEEN 2095794 AND 2095894
	Bitmap Heap Scan on sbtest1  (cost=5.62..464.45 rows=116 width=125)
	  Recheck Cond: ((k >= 2095794) AND (k <= 2095894))
	  ->  Bitmap Index Scan on k_1  (cost=0.00..5.59 rows=116 width=0)
	        Index Cond: ((k >= 2095794) AND (k <= 2095894))

table 2 : explain SELECT k, c FROM sbtest2 WHERE k BETWEEN 2095794 AND 2095894
	Bitmap Heap Scan on sbtest2  (cost=5.54..432.96 rows=108 width=125)
	  Recheck Cond: ((k >= 2095794) AND (k <= 2095894))
	  ->  Bitmap Index Scan on k_2  (cost=0.00..5.51 rows=108 width=0)
	        Index Cond: ((k >= 2095794) AND (k <= 2095894))

table 3 : explain SELECT k, c FROM sbtest3 WHERE k BETWEEN 2095794 AND 2095894
	Bitmap Heap Scan on sbtest3  (cost=5.44..393.56 rows=98 width=125)
	  Recheck Cond: ((k >= 2095794) AND (k <= 2095894))
	  ->  Bitmap Index Scan on k_3  (cost=0.00..5.42 rows=98 width=0)
	        Index Cond: ((k >= 2095794) AND (k <= 2095894))

table 4 : explain SELECT k, c FROM sbtest4 WHERE k BETWEEN 2095794 AND 2095894
	Bitmap Heap Scan on sbtest4  (cost=5.55..436.92 rows=109 width=125)
	  Recheck Cond: ((k >= 2095794) AND (k <= 2095894))
	  ->  Bitmap Index Scan on k_4  (cost=0.00..5.52 rows=109 width=0)
	        Index Cond: ((k >= 2095794) AND (k <= 2095894))

table 5 : explain SELECT k, c FROM sbtest5 WHERE k BETWEEN 2095794 AND 2095894
	Bitmap Heap Scan on sbtest5  (cost=5.44..393.57 rows=98 width=125)
	  Recheck Cond: ((k >= 2095794) AND (k <= 2095894))
	  ->  Bitmap Index Scan on k_5  (cost=0.00..5.42 rows=98 width=0)
	        Index Cond: ((k >= 2095794) AND (k <= 2095894))

table 6 : explain SELECT k, c FROM sbtest6 WHERE k BETWEEN 2095794 AND 2095894
	Bitmap Heap Scan on sbtest6  (cost=5.42..385.71 rows=96 width=125)
	  Recheck Cond: ((k >= 2095794) AND (k <= 2095894))
	  ->  Bitmap Index Scan on k_6  (cost=0.00..5.39 rows=96 width=0)
	        Index Cond: ((k >= 2095794) AND (k <= 2095894))

table 7 : explain SELECT k, c FROM sbtest7 WHERE k BETWEEN 2095794 AND 2095894
	Bitmap Heap Scan on sbtest7  (cost=5.49..413.30 rows=103 width=125)
	  Recheck Cond: ((k >= 2095794) AND (k <= 2095894))
	  ->  Bitmap Index Scan on k_7  (cost=0.00..5.46 rows=103 width=0)
	        Index Cond: ((k >= 2095794) AND (k <= 2095894))

table 8 : explain SELECT k, c FROM sbtest8 WHERE k BETWEEN 2095794 AND 2095894
	Bitmap Heap Scan on sbtest8  (cost=5.44..393.62 rows=98 width=125)
	  Recheck Cond: ((k >= 2095794) AND (k <= 2095894))
	  ->  Bitmap Index Scan on k_8  (cost=0.00..5.42 rows=98 width=0)
	        Index Cond: ((k >= 2095794) AND (k <= 2095894))

for range-notcovered
table 1 : explain SELECT k, c FROM sbtest1 WHERE k BETWEEN 7480959 AND 7481059
	Bitmap Heap Scan on sbtest1  (cost=5.47..405.37 rows=101 width=125)
	  Recheck Cond: ((k >= 7480959) AND (k <= 7481059))
	  ->  Bitmap Index Scan on k_1  (cost=0.00..5.44 rows=101 width=0)
	        Index Cond: ((k >= 7480959) AND (k <= 7481059))

table 2 : explain SELECT k, c FROM sbtest2 WHERE k BETWEEN 7480959 AND 7481059
	Bitmap Heap Scan on sbtest2  (cost=5.48..409.32 rows=102 width=125)
	  Recheck Cond: ((k >= 7480959) AND (k <= 7481059))
	  ->  Bitmap Index Scan on k_2  (cost=0.00..5.45 rows=102 width=0)
	        Index Cond: ((k >= 7480959) AND (k <= 7481059))

table 3 : explain SELECT k, c FROM sbtest3 WHERE k BETWEEN 7480959 AND 7481059
	Bitmap Heap Scan on sbtest3  (cost=5.46..401.44 rows=100 width=125)
	  Recheck Cond: ((k >= 7480959) AND (k <= 7481059))
	  ->  Bitmap Index Scan on k_3  (cost=0.00..5.43 rows=100 width=0)
	        Index Cond: ((k >= 7480959) AND (k <= 7481059))

table 4 : explain SELECT k, c FROM sbtest4 WHERE k BETWEEN 7480959 AND 7481059
	Bitmap Heap Scan on sbtest4  (cost=5.51..421.16 rows=105 width=125)
	  Recheck Cond: ((k >= 7480959) AND (k <= 7481059))
	  ->  Bitmap Index Scan on k_4  (cost=0.00..5.48 rows=105 width=0)
	        Index Cond: ((k >= 7480959) AND (k <= 7481059))

table 5 : explain SELECT k, c FROM sbtest5 WHERE k BETWEEN 7480959 AND 7481059
	Bitmap Heap Scan on sbtest5  (cost=5.52..425.10 rows=106 width=125)
	  Recheck Cond: ((k >= 7480959) AND (k <= 7481059))
	  ->  Bitmap Index Scan on k_5  (cost=0.00..5.50 rows=106 width=0)
	        Index Cond: ((k >= 7480959) AND (k <= 7481059))

table 6 : explain SELECT k, c FROM sbtest6 WHERE k BETWEEN 7480959 AND 7481059
	Bitmap Heap Scan on sbtest6  (cost=5.59..452.72 rows=113 width=125)
	  Recheck Cond: ((k >= 7480959) AND (k <= 7481059))
	  ->  Bitmap Index Scan on k_6  (cost=0.00..5.56 rows=113 width=0)
	        Index Cond: ((k >= 7480959) AND (k <= 7481059))

table 7 : explain SELECT k, c FROM sbtest7 WHERE k BETWEEN 7480959 AND 7481059
	Bitmap Heap Scan on sbtest7  (cost=5.45..397.53 rows=99 width=125)
	  Recheck Cond: ((k >= 7480959) AND (k <= 7481059))
	  ->  Bitmap Index Scan on k_7  (cost=0.00..5.42 rows=99 width=0)
	        Index Cond: ((k >= 7480959) AND (k <= 7481059))

table 8 : explain SELECT k, c FROM sbtest8 WHERE k BETWEEN 7480959 AND 7481059
	Bitmap Heap Scan on sbtest8  (cost=5.50..417.28 rows=104 width=125)
	  Recheck Cond: ((k >= 7480959) AND (k <= 7481059))
	  ->  Bitmap Index Scan on k_8  (cost=0.00..5.47 rows=104 width=0)
	        Index Cond: ((k >= 7480959) AND (k <= 7481059))

explain: for range-notcovered :: explain SELECT k, c FROM sbtest%d WHERE k BETWEEN 4581183 AND 4581283
for range-notcovered
table 1 : explain SELECT k, c FROM sbtest1 WHERE k BETWEEN 6043282 AND 6043382
	Bitmap Heap Scan on sbtest1  (cost=5.40..377.77 rows=94 width=125)
	  Recheck Cond: ((k >= 6043282) AND (k <= 6043382))
	  ->  Bitmap Index Scan on k_1  (cost=0.00..5.38 rows=94 width=0)
	        Index Cond: ((k >= 6043282) AND (k <= 6043382))

table 2 : explain SELECT k, c FROM sbtest2 WHERE k BETWEEN 6043282 AND 6043382
	Bitmap Heap Scan on sbtest2  (cost=5.45..397.49 rows=99 width=125)
	  Recheck Cond: ((k >= 6043282) AND (k <= 6043382))
	  ->  Bitmap Index Scan on k_2  (cost=0.00..5.42 rows=99 width=0)
	        Index Cond: ((k >= 6043282) AND (k <= 6043382))

table 3 : explain SELECT k, c FROM sbtest3 WHERE k BETWEEN 6043282 AND 6043382
	Bitmap Heap Scan on sbtest3  (cost=5.50..417.21 rows=104 width=125)
	  Recheck Cond: ((k >= 6043282) AND (k <= 6043382))
	  ->  Bitmap Index Scan on k_3  (cost=0.00..5.47 rows=104 width=0)
	        Index Cond: ((k >= 6043282) AND (k <= 6043382))

table 4 : explain SELECT k, c FROM sbtest4 WHERE k BETWEEN 6043282 AND 6043382
	Bitmap Heap Scan on sbtest4  (cost=5.44..393.57 rows=98 width=125)
	  Recheck Cond: ((k >= 6043282) AND (k <= 6043382))
	  ->  Bitmap Index Scan on k_4  (cost=0.00..5.42 rows=98 width=0)
	        Index Cond: ((k >= 6043282) AND (k <= 6043382))

table 5 : explain SELECT k, c FROM sbtest5 WHERE k BETWEEN 6043282 AND 6043382
	Bitmap Heap Scan on sbtest5  (cost=5.40..377.79 rows=94 width=125)
	  Recheck Cond: ((k >= 6043282) AND (k <= 6043382))
	  ->  Bitmap Index Scan on k_5  (cost=0.00..5.38 rows=94 width=0)
	        Index Cond: ((k >= 6043282) AND (k <= 6043382))

table 6 : explain SELECT k, c FROM sbtest6 WHERE k BETWEEN 6043282 AND 6043382
	Bitmap Heap Scan on sbtest6  (cost=5.40..377.82 rows=94 width=125)
	  Recheck Cond: ((k >= 6043282) AND (k <= 6043382))
	  ->  Bitmap Index Scan on k_6  (cost=0.00..5.38 rows=94 width=0)
	        Index Cond: ((k >= 6043282) AND (k <= 6043382))

table 7 : explain SELECT k, c FROM sbtest7 WHERE k BETWEEN 6043282 AND 6043382
	Bitmap Heap Scan on sbtest7  (cost=5.45..397.53 rows=99 width=125)
	  Recheck Cond: ((k >= 6043282) AND (k <= 6043382))
	  ->  Bitmap Index Scan on k_7  (cost=0.00..5.42 rows=99 width=0)
	        Index Cond: ((k >= 6043282) AND (k <= 6043382))

table 8 : explain SELECT k, c FROM sbtest8 WHERE k BETWEEN 6043282 AND 6043382
	Bitmap Heap Scan on sbtest8  (cost=5.49..413.34 rows=103 width=125)
	  Recheck Cond: ((k >= 6043282) AND (k <= 6043382))
	  ->  Bitmap Index Scan on k_8  (cost=0.00..5.46 rows=103 width=0)
	        Index Cond: ((k >= 6043282) AND (k <= 6043382))

explain: for range-notcovered :: explain SELECT k, c FROM sbtest%d WHERE k BETWEEN 2095794 AND 2095894
for range-notcovered
table 1 : explain SELECT k, c FROM sbtest1 WHERE k BETWEEN 5330440 AND 5330540
	Bitmap Heap Scan on sbtest1  (cost=5.46..401.43 rows=100 width=125)
	  Recheck Cond: ((k >= 5330440) AND (k <= 5330540))
	  ->  Bitmap Index Scan on k_1  (cost=0.00..5.43 rows=100 width=0)
	        Index Cond: ((k >= 5330440) AND (k <= 5330540))

table 2 : explain SELECT k, c FROM sbtest2 WHERE k BETWEEN 5330440 AND 5330540
	Bitmap Heap Scan on sbtest2  (cost=5.56..440.83 rows=110 width=125)
	  Recheck Cond: ((k >= 5330440) AND (k <= 5330540))
	  ->  Bitmap Index Scan on k_2  (cost=0.00..5.53 rows=110 width=0)
	        Index Cond: ((k >= 5330440) AND (k <= 5330540))

table 3 : explain SELECT k, c FROM sbtest3 WHERE k BETWEEN 5330440 AND 5330540
	Bitmap Heap Scan on sbtest3  (cost=5.39..373.84 rows=93 width=125)
	  Recheck Cond: ((k >= 5330440) AND (k <= 5330540))
	  ->  Bitmap Index Scan on k_3  (cost=0.00..5.36 rows=93 width=0)
	        Index Cond: ((k >= 5330440) AND (k <= 5330540))

table 4 : explain SELECT k, c FROM sbtest4 WHERE k BETWEEN 5330440 AND 5330540
	Bitmap Heap Scan on sbtest4  (cost=5.42..385.68 rows=96 width=125)
	  Recheck Cond: ((k >= 5330440) AND (k <= 5330540))
	  ->  Bitmap Index Scan on k_4  (cost=0.00..5.39 rows=96 width=0)
	        Index Cond: ((k >= 5330440) AND (k <= 5330540))

table 5 : explain SELECT k, c FROM sbtest5 WHERE k BETWEEN 5330440 AND 5330540
	Bitmap Heap Scan on sbtest5  (cost=5.53..429.04 rows=107 width=125)
	  Recheck Cond: ((k >= 5330440) AND (k <= 5330540))
	  ->  Bitmap Index Scan on k_5  (cost=0.00..5.50 rows=107 width=0)
	        Index Cond: ((k >= 5330440) AND (k <= 5330540))

table 6 : explain SELECT k, c FROM sbtest6 WHERE k BETWEEN 5330440 AND 5330540
	Bitmap Heap Scan on sbtest6  (cost=5.52..425.14 rows=106 width=125)
	  Recheck Cond: ((k >= 5330440) AND (k <= 5330540))
	  ->  Bitmap Index Scan on k_6  (cost=0.00..5.50 rows=106 width=0)
	        Index Cond: ((k >= 5330440) AND (k <= 5330540))

table 7 : explain SELECT k, c FROM sbtest7 WHERE k BETWEEN 5330440 AND 5330540
	Bitmap Heap Scan on sbtest7  (cost=5.51..421.19 rows=105 width=125)
	  Recheck Cond: ((k >= 5330440) AND (k <= 5330540))
	  ->  Bitmap Index Scan on k_7  (cost=0.00..5.48 rows=105 width=0)
	        Index Cond: ((k >= 5330440) AND (k <= 5330540))

table 8 : explain SELECT k, c FROM sbtest8 WHERE k BETWEEN 5330440 AND 5330540
	Bitmap Heap Scan on sbtest8  (cost=5.50..417.28 rows=104 width=125)
	  Recheck Cond: ((k >= 5330440) AND (k <= 5330540))
	  ->  Bitmap Index Scan on k_8  (cost=0.00..5.47 rows=104 width=0)
	        Index Cond: ((k >= 5330440) AND (k <= 5330540))

explain: for range-notcovered :: explain SELECT k, c FROM sbtest%d WHERE k BETWEEN 7480959 AND 7481059
for range-notcovered
table 1 : explain SELECT k, c FROM sbtest1 WHERE k BETWEEN 3475180 AND 3475280
	Bitmap Heap Scan on sbtest1  (cost=5.53..429.01 rows=107 width=125)
	  Recheck Cond: ((k >= 3475180) AND (k <= 3475280))
	  ->  Bitmap Index Scan on k_1  (cost=0.00..5.50 rows=107 width=0)
	        Index Cond: ((k >= 3475180) AND (k <= 3475280))

table 2 : explain SELECT k, c FROM sbtest2 WHERE k BETWEEN 3475180 AND 3475280
	Bitmap Heap Scan on sbtest2  (cost=5.51..421.14 rows=105 width=125)
	  Recheck Cond: ((k >= 3475180) AND (k <= 3475280))
	  ->  Bitmap Index Scan on k_2  (cost=0.00..5.48 rows=105 width=0)
	        Index Cond: ((k >= 3475180) AND (k <= 3475280))

table 3 : explain SELECT k, c FROM sbtest3 WHERE k BETWEEN 3475180 AND 3475280
	Bitmap Heap Scan on sbtest3  (cost=5.40..377.78 rows=94 width=125)
	  Recheck Cond: ((k >= 3475180) AND (k <= 3475280))
	  ->  Bitmap Index Scan on k_3  (cost=0.00..5.38 rows=94 width=0)
	        Index Cond: ((k >= 3475180) AND (k <= 3475280))

table 4 : explain SELECT k, c FROM sbtest4 WHERE k BETWEEN 3475180 AND 3475280
	Bitmap Heap Scan on sbtest4  (cost=5.57..444.80 rows=111 width=125)
	  Recheck Cond: ((k >= 3475180) AND (k <= 3475280))
	  ->  Bitmap Index Scan on k_4  (cost=0.00..5.54 rows=111 width=0)
	        Index Cond: ((k >= 3475180) AND (k <= 3475280))

table 5 : explain SELECT k, c FROM sbtest5 WHERE k BETWEEN 3475180 AND 3475280
	Bitmap Heap Scan on sbtest5  (cost=5.45..397.51 rows=99 width=125)
	  Recheck Cond: ((k >= 3475180) AND (k <= 3475280))
	  ->  Bitmap Index Scan on k_5  (cost=0.00..5.42 rows=99 width=0)
	        Index Cond: ((k >= 3475180) AND (k <= 3475280))

table 6 : explain SELECT k, c FROM sbtest6 WHERE k BETWEEN 3475180 AND 3475280
	Bitmap Heap Scan on sbtest6  (cost=5.44..393.60 rows=98 width=125)
	  Recheck Cond: ((k >= 3475180) AND (k <= 3475280))
	  ->  Bitmap Index Scan on k_6  (cost=0.00..5.42 rows=98 width=0)
	        Index Cond: ((k >= 3475180) AND (k <= 3475280))

table 7 : explain SELECT k, c FROM sbtest7 WHERE k BETWEEN 3475180 AND 3475280
	Bitmap Heap Scan on sbtest7  (cost=5.54..433.01 rows=108 width=125)
	  Recheck Cond: ((k >= 3475180) AND (k <= 3475280))
	  ->  Bitmap Index Scan on k_7  (cost=0.00..5.51 rows=108 width=0)
	        Index Cond: ((k >= 3475180) AND (k <= 3475280))

table 8 : explain SELECT k, c FROM sbtest8 WHERE k BETWEEN 3475180 AND 3475280
	Bitmap Heap Scan on sbtest8  (cost=5.45..397.57 rows=99 width=125)
	  Recheck Cond: ((k >= 3475180) AND (k <= 3475280))
	  ->  Bitmap Index Scan on k_8  (cost=0.00..5.42 rows=99 width=0)
	        Index Cond: ((k >= 3475180) AND (k <= 3475280))

explain: for range-notcovered :: explain SELECT k, c FROM sbtest%d WHERE k BETWEEN 6043282 AND 6043382for range-notcovered
table 1 : explain SELECT k, c FROM sbtest1 WHERE k BETWEEN 4852987 AND 4853087
	Bitmap Heap Scan on sbtest1  (cost=5.47..405.37 rows=101 width=125)
	  Recheck Cond: ((k >= 4852987) AND (k <= 4853087))
	  ->  Bitmap Index Scan on k_1  (cost=0.00..5.44 rows=101 width=0)
	        Index Cond: ((k >= 4852987) AND (k <= 4853087))

table 2 : explain SELECT k, c FROM sbtest2 WHERE k BETWEEN 4852987 AND 4853087
	Bitmap Heap Scan on sbtest2  (cost=5.55..436.90 rows=109 width=125)
	  Recheck Cond: ((k >= 4852987) AND (k <= 4853087))
	  ->  Bitmap Index Scan on k_2  (cost=0.00..5.52 rows=109 width=0)
	        Index Cond: ((k >= 4852987) AND (k <= 4853087))

table 3 : explain SELECT k, c FROM sbtest3 WHERE k BETWEEN 4852987 AND 4853087
	Bitmap Heap Scan on sbtest3  (cost=5.38..369.89 rows=92 width=125)
	  Recheck Cond: ((k >= 4852987) AND (k <= 4853087))
	  ->  Bitmap Index Scan on k_3  (cost=0.00..5.35 rows=92 width=0)
	        Index Cond: ((k >= 4852987) AND (k <= 4853087))

table 4 : explain SELECT k, c FROM sbtest4 WHERE k BETWEEN 4852987 AND 4853087
	Bitmap Heap Scan on sbtest4  (cost=5.51..421.16 rows=105 width=125)
	  Recheck Cond: ((k >= 4852987) AND (k <= 4853087))
	  ->  Bitmap Index Scan on k_4  (cost=0.00..5.48 rows=105 width=0)
	        Index Cond: ((k >= 4852987) AND (k <= 4853087))

table 5 : explain SELECT k, c FROM sbtest5 WHERE k BETWEEN 4852987 AND 4853087
	Bitmap Heap Scan on sbtest5  (cost=5.54..432.98 rows=108 width=125)
	  Recheck Cond: ((k >= 4852987) AND (k <= 4853087))
	  ->  Bitmap Index Scan on k_5  (cost=0.00..5.51 rows=108 width=0)
	        Index Cond: ((k >= 4852987) AND (k <= 4853087))

table 6 : explain SELECT k, c FROM sbtest6 WHERE k BETWEEN 4852987 AND 4853087
	Bitmap Heap Scan on sbtest6  (cost=5.44..393.60 rows=98 width=125)
	  Recheck Cond: ((k >= 4852987) AND (k <= 4853087))
	  ->  Bitmap Index Scan on k_6  (cost=0.00..5.42 rows=98 width=0)
	        Index Cond: ((k >= 4852987) AND (k <= 4853087))

table 7 : explain SELECT k, c FROM sbtest7 WHERE k BETWEEN 4852987 AND 4853087
	Bitmap Heap Scan on sbtest7  (cost=5.52..425.13 rows=106 width=125)
	  Recheck Cond: ((k >= 4852987) AND (k <= 4853087))
	  ->  Bitmap Index Scan on k_7  (cost=0.00..5.50 rows=106 width=0)
	        Index Cond: ((k >= 4852987) AND (k <= 4853087))

table 8 : explain SELECT k, c FROM sbtest8 WHERE k BETWEEN 4852987 AND 4853087
	Bitmap Heap Scan on sbtest8  (cost=5.44..393.62 rows=98 width=125)
	  Recheck Cond: ((k >= 4852987) AND (k <= 4853087))
	  ->  Bitmap Index Scan on k_8  (cost=0.00..5.42 rows=98 width=0)
	        Index Cond: ((k >= 4852987) AND (k <= 4853087))

explain: for range-notcovered :: explain SELECT k, c FROM sbtest%d WHERE k BETWEEN 5330440 AND 5330540
for range-notcovered
table 1 : explain SELECT k, c FROM sbtest1 WHERE k BETWEEN 4937242 AND 4937342
	Bitmap Heap Scan on sbtest1  (cost=5.47..405.37 rows=101 width=125)
	  Recheck Cond: ((k >= 4937242) AND (k <= 4937342))
	  ->  Bitmap Index Scan on k_1  (cost=0.00..5.44 rows=101 width=0)
	        Index Cond: ((k >= 4937242) AND (k <= 4937342))

table 2 : explain SELECT k, c FROM sbtest2 WHERE k BETWEEN 4937242 AND 4937342
	Bitmap Heap Scan on sbtest2  (cost=5.44..393.55 rows=98 width=125)
	  Recheck Cond: ((k >= 4937242) AND (k <= 4937342))
	  ->  Bitmap Index Scan on k_2  (cost=0.00..5.42 rows=98 width=0)
	        Index Cond: ((k >= 4937242) AND (k <= 4937342))

table 3 : explain SELECT k, c FROM sbtest3 WHERE k BETWEEN 4937242 AND 4937342
	Bitmap Heap Scan on sbtest3  (cost=5.51..421.15 rows=105 width=125)
	  Recheck Cond: ((k >= 4937242) AND (k <= 4937342))
	  ->  Bitmap Index Scan on k_3  (cost=0.00..5.48 rows=105 width=0)
	        Index Cond: ((k >= 4937242) AND (k <= 4937342))

table 4 : explain SELECT k, c FROM sbtest4 WHERE k BETWEEN 4937242 AND 4937342
	Bitmap Heap Scan on sbtest4  (cost=5.47..405.39 rows=101 width=125)
	  Recheck Cond: ((k >= 4937242) AND (k <= 4937342))
	  ->  Bitmap Index Scan on k_4  (cost=0.00..5.44 rows=101 width=0)
	        Index Cond: ((k >= 4937242) AND (k <= 4937342))

table 5 : explain SELECT k, c FROM sbtest5 WHERE k BETWEEN 4937242 AND 4937342
	Bitmap Heap Scan on sbtest5  (cost=5.46..401.46 rows=100 width=125)
	  Recheck Cond: ((k >= 4937242) AND (k <= 4937342))
	  ->  Bitmap Index Scan on k_5  (cost=0.00..5.43 rows=100 width=0)
	        Index Cond: ((k >= 4937242) AND (k <= 4937342))

table 6 : explain SELECT k, c FROM sbtest6 WHERE k BETWEEN 4937242 AND 4937342
	Bitmap Heap Scan on sbtest6  (cost=5.45..397.54 rows=99 width=125)
	  Recheck Cond: ((k >= 4937242) AND (k <= 4937342))
	  ->  Bitmap Index Scan on k_6  (cost=0.00..5.42 rows=99 width=0)
	        Index Cond: ((k >= 4937242) AND (k <= 4937342))

table 7 : explain SELECT k, c FROM sbtest7 WHERE k BETWEEN 4937242 AND 4937342
	Bitmap Heap Scan on sbtest7  (cost=5.45..397.53 rows=99 width=125)
	  Recheck Cond: ((k >= 4937242) AND (k <= 4937342))
	  ->  Bitmap Index Scan on k_7  (cost=0.00..5.42 rows=99 width=0)
	        Index Cond: ((k >= 4937242) AND (k <= 4937342))

table 8 : explain SELECT k, c FROM sbtest8 WHERE k BETWEEN 4937242 AND 4937342
	Bitmap Heap Scan on sbtest8  (cost=5.44..393.62 rows=98 width=125)
	  Recheck Cond: ((k >= 4937242) AND (k <= 4937342))
	  ->  Bitmap Index Scan on k_8  (cost=0.00..5.42 rows=98 width=0)
	        Index Cond: ((k >= 4937242) AND (k <= 4937342))


for range-notcovered
table 1 : explain SELECT k, c FROM sbtest1 WHERE k BETWEEN 3348607 AND 3348707
	Bitmap Heap Scan on sbtest1  (cost=5.50..417.19 rows=104 width=125)
	  Recheck Cond: ((k >= 3348607) AND (k <= 3348707))
	  ->  Bitmap Index Scan on k_1  (cost=0.00..5.47 rows=104 width=0)
	        Index Cond: ((k >= 3348607) AND (k <= 3348707))

table 2 : explain SELECT k, c FROM sbtest2 WHERE k BETWEEN 3348607 AND 3348707
	Bitmap Heap Scan on sbtest2  (cost=5.45..397.49 rows=99 width=125)
	  Recheck Cond: ((k >= 3348607) AND (k <= 3348707))
	  ->  Bitmap Index Scan on k_2  (cost=0.00..5.42 rows=99 width=0)
	        Index Cond: ((k >= 3348607) AND (k <= 3348707))

table 3 : explain SELECT k, c FROM sbtest3 WHERE k BETWEEN 3348607 AND 3348707
	Bitmap Heap Scan on sbtest3  (cost=5.50..417.21 rows=104 width=125)
	  Recheck Cond: ((k >= 3348607) AND (k <= 3348707))
	  ->  Bitmap Index Scan on k_3  (cost=0.00..5.47 rows=104 width=0)
	        Index Cond: ((k >= 3348607) AND (k <= 3348707))

table 4 : explain SELECT k, c FROM sbtest4 WHERE k BETWEEN 3348607 AND 3348707
	Bitmap Heap Scan on sbtest4  (cost=5.52..425.10 rows=106 width=125)
	  Recheck Cond: ((k >= 3348607) AND (k <= 3348707))
	  ->  Bitmap Index Scan on k_4  (cost=0.00..5.50 rows=106 width=0)
	        Index Cond: ((k >= 3348607) AND (k <= 3348707))

table 5 : explain SELECT k, c FROM sbtest5 WHERE k BETWEEN 3348607 AND 3348707
	Bitmap Heap Scan on sbtest5  (cost=5.52..425.10 rows=106 width=125)
	  Recheck Cond: ((k >= 3348607) AND (k <= 3348707))
	  ->  Bitmap Index Scan on k_5  (cost=0.00..5.50 rows=106 width=0)
	        Index Cond: ((k >= 3348607) AND (k <= 3348707))

table 6 : explain SELECT k, c FROM sbtest6 WHERE k BETWEEN 3348607 AND 3348707
	Bitmap Heap Scan on sbtest6  (cost=5.47..405.43 rows=101 width=125)
	  Recheck Cond: ((k >= 3348607) AND (k <= 3348707))
	  ->  Bitmap Index Scan on k_6  (cost=0.00..5.44 rows=101 width=0)
	        Index Cond: ((k >= 3348607) AND (k <= 3348707))

table 7 : explain SELECT k, c FROM sbtest7 WHERE k BETWEEN 3348607 AND 3348707
	Bitmap Heap Scan on sbtest7  (cost=5.43..389.64 rows=97 width=125)
	  Recheck Cond: ((k >= 3348607) AND (k <= 3348707))
	  ->  Bitmap Index Scan on k_7  (cost=0.00..5.40 rows=97 width=0)
	        Index Cond: ((k >= 3348607) AND (k <= 3348707))

table 8 : explain SELECT k, c FROM sbtest8 WHERE k BETWEEN 3348607 AND 3348707
	Bitmap Heap Scan on sbtest8  (cost=5.56..440.93 rows=110 width=125)
	  Recheck Cond: ((k >= 3348607) AND (k <= 3348707))
	  ->  Bitmap Index Scan on k_8  (cost=0.00..5.53 rows=110 width=0)
	        Index Cond: ((k >= 3348607) AND (k <= 3348707))

for range-notcovered
table 1 : explain SELECT k, c FROM sbtest1 WHERE k BETWEEN 4976738 AND 4976838
	Bitmap Heap Scan on sbtest1  (cost=5.47..405.37 rows=101 width=125)
	  Recheck Cond: ((k >= 4976738) AND (k <= 4976838))
	  ->  Bitmap Index Scan on k_1  (cost=0.00..5.44 rows=101 width=0)
	        Index Cond: ((k >= 4976738) AND (k <= 4976838))

table 2 : explain SELECT k, c FROM sbtest2 WHERE k BETWEEN 4976738 AND 4976838
	Bitmap Heap Scan on sbtest2  (cost=5.48..409.32 rows=102 width=125)
	  Recheck Cond: ((k >= 4976738) AND (k <= 4976838))
	  ->  Bitmap Index Scan on k_2  (cost=0.00..5.45 rows=102 width=0)
	        Index Cond: ((k >= 4976738) AND (k <= 4976838))

table 3 : explain SELECT k, c FROM sbtest3 WHERE k BETWEEN 4976738 AND 4976838
	Bitmap Heap Scan on sbtest3  (cost=5.51..421.15 rows=105 width=125)
	  Recheck Cond: ((k >= 4976738) AND (k <= 4976838))
	  ->  Bitmap Index Scan on k_3  (cost=0.00..5.48 rows=105 width=0)
	        Index Cond: ((k >= 4976738) AND (k <= 4976838))

table 4 : explain SELECT k, c FROM sbtest4 WHERE k BETWEEN 4976738 AND 4976838
	Bitmap Heap Scan on sbtest4  (cost=5.47..405.39 rows=101 width=125)
	  Recheck Cond: ((k >= 4976738) AND (k <= 4976838))
	  ->  Bitmap Index Scan on k_4  (cost=0.00..5.44 rows=101 width=0)
	        Index Cond: ((k >= 4976738) AND (k <= 4976838))

table 5 : explain SELECT k, c FROM sbtest5 WHERE k BETWEEN 4976738 AND 4976838
	Bitmap Heap Scan on sbtest5  (cost=5.55..436.92 rows=109 width=125)
	  Recheck Cond: ((k >= 4976738) AND (k <= 4976838))
	  ->  Bitmap Index Scan on k_5  (cost=0.00..5.52 rows=109 width=0)
	        Index Cond: ((k >= 4976738) AND (k <= 4976838))

table 6 : explain SELECT k, c FROM sbtest6 WHERE k BETWEEN 4976738 AND 4976838
	Bitmap Heap Scan on sbtest6  (cost=5.45..397.54 rows=99 width=125)
	  Recheck Cond: ((k >= 4976738) AND (k <= 4976838))
	  ->  Bitmap Index Scan on k_6  (cost=0.00..5.42 rows=99 width=0)
	        Index Cond: ((k >= 4976738) AND (k <= 4976838))

table 7 : explain SELECT k, c FROM sbtest7 WHERE k BETWEEN 4976738 AND 4976838
	Bitmap Heap Scan on sbtest7  (cost=5.45..397.53 rows=99 width=125)
	  Recheck Cond: ((k >= 4976738) AND (k <= 4976838))
	  ->  Bitmap Index Scan on k_7  (cost=0.00..5.42 rows=99 width=0)
	        Index Cond: ((k >= 4976738) AND (k <= 4976838))

table 8 : explain SELECT k, c FROM sbtest8 WHERE k BETWEEN 4976738 AND 4976838
	Bitmap Heap Scan on sbtest8  (cost=5.45..397.57 rows=99 width=125)
	  Recheck Cond: ((k >= 4976738) AND (k <= 4976838))
	  ->  Bitmap Index Scan on k_8  (cost=0.00..5.42 rows=99 width=0)
	        Index Cond: ((k >= 4976738) AND (k <= 4976838))

for range-notcovered
table 1 : explain SELECT k, c FROM sbtest1 WHERE k BETWEEN 6607380 AND 6607480
	Bitmap Heap Scan on sbtest1  (cost=5.41..381.71 rows=95 width=125)
	  Recheck Cond: ((k >= 6607380) AND (k <= 6607480))
	  ->  Bitmap Index Scan on k_1  (cost=0.00..5.38 rows=95 width=0)
	        Index Cond: ((k >= 6607380) AND (k <= 6607480))

table 2 : explain SELECT k, c FROM sbtest2 WHERE k BETWEEN 6607380 AND 6607480
	Bitmap Heap Scan on sbtest2  (cost=5.54..432.96 rows=108 width=125)
	  Recheck Cond: ((k >= 6607380) AND (k <= 6607480))
	  ->  Bitmap Index Scan on k_2  (cost=0.00..5.51 rows=108 width=0)
	        Index Cond: ((k >= 6607380) AND (k <= 6607480))

table 3 : explain SELECT k, c FROM sbtest3 WHERE k BETWEEN 6607380 AND 6607480
	Bitmap Heap Scan on sbtest3  (cost=5.52..425.09 rows=106 width=125)
	  Recheck Cond: ((k >= 6607380) AND (k <= 6607480))
	  ->  Bitmap Index Scan on k_3  (cost=0.00..5.50 rows=106 width=0)
	        Index Cond: ((k >= 6607380) AND (k <= 6607480))

table 4 : explain SELECT k, c FROM sbtest4 WHERE k BETWEEN 6607380 AND 6607480
	Bitmap Heap Scan on sbtest4  (cost=5.53..429.04 rows=107 width=125)
	  Recheck Cond: ((k >= 6607380) AND (k <= 6607480))
	  ->  Bitmap Index Scan on k_4  (cost=0.00..5.50 rows=107 width=0)
	        Index Cond: ((k >= 6607380) AND (k <= 6607480))

table 5 : explain SELECT k, c FROM sbtest5 WHERE k BETWEEN 6607380 AND 6607480
	Bitmap Heap Scan on sbtest5  (cost=5.47..405.40 rows=101 width=125)
	  Recheck Cond: ((k >= 6607380) AND (k <= 6607480))
	  ->  Bitmap Index Scan on k_5  (cost=0.00..5.44 rows=101 width=0)
	        Index Cond: ((k >= 6607380) AND (k <= 6607480))

table 6 : explain SELECT k, c FROM sbtest6 WHERE k BETWEEN 6607380 AND 6607480
	Bitmap Heap Scan on sbtest6  (cost=5.40..377.82 rows=94 width=125)
	  Recheck Cond: ((k >= 6607380) AND (k <= 6607480))
	  ->  Bitmap Index Scan on k_6  (cost=0.00..5.38 rows=94 width=0)
	        Index Cond: ((k >= 6607380) AND (k <= 6607480))

table 7 : explain SELECT k, c FROM sbtest7 WHERE k BETWEEN 6607380 AND 6607480
	Bitmap Heap Scan on sbtest7  (cost=5.52..425.13 rows=106 width=125)
	  Recheck Cond: ((k >= 6607380) AND (k <= 6607480))
	  ->  Bitmap Index Scan on k_7  (cost=0.00..5.50 rows=106 width=0)
	        Index Cond: ((k >= 6607380) AND (k <= 6607480))

table 8 : explain SELECT k, c FROM sbtest8 WHERE k BETWEEN 6607380 AND 6607480
	Bitmap Heap Scan on sbtest8  (cost=5.44..393.62 rows=98 width=125)
	  Recheck Cond: ((k >= 6607380) AND (k <= 6607480))
	  ->  Bitmap Index Scan on k_8  (cost=0.00..5.42 rows=98 width=0)
	        Index Cond: ((k >= 6607380) AND (k <= 6607480))

for range-notcovered
table 1 : explain SELECT k, c FROM sbtest1 WHERE k BETWEEN 9066599 AND 9066699
	Bitmap Heap Scan on sbtest1  (cost=5.56..440.83 rows=110 width=125)
	  Recheck Cond: ((k >= 9066599) AND (k <= 9066699))
	  ->  Bitmap Index Scan on k_1  (cost=0.00..5.53 rows=110 width=0)
	        Index Cond: ((k >= 9066599) AND (k <= 9066699))

table 2 : explain SELECT k, c FROM sbtest2 WHERE k BETWEEN 9066599 AND 9066699
	Bitmap Heap Scan on sbtest2  (cost=5.39..373.83 rows=93 width=125)
	  Recheck Cond: ((k >= 9066599) AND (k <= 9066699))
	  ->  Bitmap Index Scan on k_2  (cost=0.00..5.36 rows=93 width=0)
	        Index Cond: ((k >= 9066599) AND (k <= 9066699))

table 3 : explain SELECT k, c FROM sbtest3 WHERE k BETWEEN 9066599 AND 9066699
	Bitmap Heap Scan on sbtest3  (cost=5.47..405.39 rows=101 width=125)
	  Recheck Cond: ((k >= 9066599) AND (k <= 9066699))
	  ->  Bitmap Index Scan on k_3  (cost=0.00..5.44 rows=101 width=0)
	        Index Cond: ((k >= 9066599) AND (k <= 9066699))

table 4 : explain SELECT k, c FROM sbtest4 WHERE k BETWEEN 9066599 AND 9066699
	Bitmap Heap Scan on sbtest4  (cost=5.49..413.28 rows=103 width=125)
	  Recheck Cond: ((k >= 9066599) AND (k <= 9066699))
	  ->  Bitmap Index Scan on k_4  (cost=0.00..5.46 rows=103 width=0)
	        Index Cond: ((k >= 9066599) AND (k <= 9066699))

table 5 : explain SELECT k, c FROM sbtest5 WHERE k BETWEEN 9066599 AND 9066699
	Bitmap Heap Scan on sbtest5  (cost=5.39..373.85 rows=93 width=125)
	  Recheck Cond: ((k >= 9066599) AND (k <= 9066699))
	  ->  Bitmap Index Scan on k_5  (cost=0.00..5.36 rows=93 width=0)
	        Index Cond: ((k >= 9066599) AND (k <= 9066699))

table 6 : explain SELECT k, c FROM sbtest6 WHERE k BETWEEN 9066599 AND 9066699
	Bitmap Heap Scan on sbtest6  (cost=5.44..393.60 rows=98 width=125)
	  Recheck Cond: ((k >= 9066599) AND (k <= 9066699))
	  ->  Bitmap Index Scan on k_6  (cost=0.00..5.42 rows=98 width=0)
	        Index Cond: ((k >= 9066599) AND (k <= 9066699))

table 7 : explain SELECT k, c FROM sbtest7 WHERE k BETWEEN 9066599 AND 9066699
	Bitmap Heap Scan on sbtest7  (cost=5.54..433.01 rows=108 width=125)
	  Recheck Cond: ((k >= 9066599) AND (k <= 9066699))
	  ->  Bitmap Index Scan on k_7  (cost=0.00..5.51 rows=108 width=0)
	        Index Cond: ((k >= 9066599) AND (k <= 9066699))

table 8 : explain SELECT k, c FROM sbtest8 WHERE k BETWEEN 9066599 AND 9066699
	Bitmap Heap Scan on sbtest8  (cost=5.44..393.62 rows=98 width=125)
	  Recheck Cond: ((k >= 9066599) AND (k <= 9066699))
	  ->  Bitmap Index Scan on k_8  (cost=0.00..5.42 rows=98 width=0)
	        Index Cond: ((k >= 9066599) AND (k <= 9066699))
for range-notcovered
table 1 : explain SELECT k, c FROM sbtest1 WHERE k BETWEEN 5368835 AND 5368935
	Bitmap Heap Scan on sbtest1  (cost=5.46..401.43 rows=100 width=125)
	  Recheck Cond: ((k >= 5368835) AND (k <= 5368935))
	  ->  Bitmap Index Scan on k_1  (cost=0.00..5.43 rows=100 width=0)
	        Index Cond: ((k >= 5368835) AND (k <= 5368935))

table 2 : explain SELECT k, c FROM sbtest2 WHERE k BETWEEN 5368835 AND 5368935
	Bitmap Heap Scan on sbtest2  (cost=5.45..397.49 rows=99 width=125)
	  Recheck Cond: ((k >= 5368835) AND (k <= 5368935))
	  ->  Bitmap Index Scan on k_2  (cost=0.00..5.42 rows=99 width=0)
	        Index Cond: ((k >= 5368835) AND (k <= 5368935))

table 3 : explain SELECT k, c FROM sbtest3 WHERE k BETWEEN 5368835 AND 5368935
	Bitmap Heap Scan on sbtest3  (cost=5.39..373.84 rows=93 width=125)
	  Recheck Cond: ((k >= 5368835) AND (k <= 5368935))
	  ->  Bitmap Index Scan on k_3  (cost=0.00..5.36 rows=93 width=0)
	        Index Cond: ((k >= 5368835) AND (k <= 5368935))

table 4 : explain SELECT k, c FROM sbtest4 WHERE k BETWEEN 5368835 AND 5368935
	Bitmap Heap Scan on sbtest4  (cost=5.42..385.68 rows=96 width=125)
	  Recheck Cond: ((k >= 5368835) AND (k <= 5368935))
	  ->  Bitmap Index Scan on k_4  (cost=0.00..5.39 rows=96 width=0)
	        Index Cond: ((k >= 5368835) AND (k <= 5368935))

table 5 : explain SELECT k, c FROM sbtest5 WHERE k BETWEEN 5368835 AND 5368935
	Bitmap Heap Scan on sbtest5  (cost=5.44..393.57 rows=98 width=125)
	  Recheck Cond: ((k >= 5368835) AND (k <= 5368935))
	  ->  Bitmap Index Scan on k_5  (cost=0.00..5.42 rows=98 width=0)
	        Index Cond: ((k >= 5368835) AND (k <= 5368935))

table 6 : explain SELECT k, c FROM sbtest6 WHERE k BETWEEN 5368835 AND 5368935
	Bitmap Heap Scan on sbtest6  (cost=5.52..425.14 rows=106 width=125)
	  Recheck Cond: ((k >= 5368835) AND (k <= 5368935))
	  ->  Bitmap Index Scan on k_6  (cost=0.00..5.50 rows=106 width=0)
	        Index Cond: ((k >= 5368835) AND (k <= 5368935))

table 7 : explain SELECT k, c FROM sbtest7 WHERE k BETWEEN 5368835 AND 5368935
	Bitmap Heap Scan on sbtest7  (cost=5.51..421.19 rows=105 width=125)
	  Recheck Cond: ((k >= 5368835) AND (k <= 5368935))
	  ->  Bitmap Index Scan on k_7  (cost=0.00..5.48 rows=105 width=0)
	        Index Cond: ((k >= 5368835) AND (k <= 5368935))

table 8 : explain SELECT k, c FROM sbtest8 WHERE k BETWEEN 5368835 AND 5368935
	Bitmap Heap Scan on sbtest8  (cost=5.44..393.62 rows=98 width=125)
	  Recheck Cond: ((k >= 5368835) AND (k <= 5368935))
	  ->  Bitmap Index Scan on k_8  (cost=0.00..5.42 rows=98 width=0)
	        Index Cond: ((k >= 5368835) AND (k <= 5368935))
explain: for range-notcovered :: explain SELECT k, c FROM sbtest%d WHERE k BETWEEN 4976738 AND 4976838
explain: for range-notcovered :: explain SELECT k, c FROM sbtest%d WHERE k BETWEEN 4852987 AND 4853087for range-notcovered
table 1 : explain SELECT k, c FROM sbtest1 WHERE k BETWEEN 4957913 AND 4958013
	Bitmap Heap Scan on sbtest1  (cost=5.47..405.37 rows=101 width=125)
	  Recheck Cond: ((k >= 4957913) AND (k <= 4958013))
	  ->  Bitmap Index Scan on k_1  (cost=0.00..5.44 rows=101 width=0)
	        Index Cond: ((k >= 4957913) AND (k <= 4958013))

table 2 : explain SELECT k, c FROM sbtest2 WHERE k BETWEEN 4957913 AND 4958013
	Bitmap Heap Scan on sbtest2  (cost=5.48..409.32 rows=102 width=125)
	  Recheck Cond: ((k >= 4957913) AND (k <= 4958013))
	  ->  Bitmap Index Scan on k_2  (cost=0.00..5.45 rows=102 width=0)
	        Index Cond: ((k >= 4957913) AND (k <= 4958013))

table 3 : explain SELECT k, c FROM sbtest3 WHERE k BETWEEN 4957913 AND 4958013
	Bitmap Heap Scan on sbtest3  (cost=5.51..421.15 rows=105 width=125)
	  Recheck Cond: ((k >= 4957913) AND (k <= 4958013))
	  ->  Bitmap Index Scan on k_3  (cost=0.00..5.48 rows=105 width=0)
	        Index Cond: ((k >= 4957913) AND (k <= 4958013))

table 4 : explain SELECT k, c FROM sbtest4 WHERE k BETWEEN 4957913 AND 4958013
	Bitmap Heap Scan on sbtest4  (cost=5.47..405.39 rows=101 width=125)
	  Recheck Cond: ((k >= 4957913) AND (k <= 4958013))
	  ->  Bitmap Index Scan on k_4  (cost=0.00..5.44 rows=101 width=0)
	        Index Cond: ((k >= 4957913) AND (k <= 4958013))

table 5 : explain SELECT k, c FROM sbtest5 WHERE k BETWEEN 4957913 AND 4958013
	Bitmap Heap Scan on sbtest5  (cost=5.46..401.46 rows=100 width=125)
	  Recheck Cond: ((k >= 4957913) AND (k <= 4958013))
	  ->  Bitmap Index Scan on k_5  (cost=0.00..5.43 rows=100 width=0)
	        Index Cond: ((k >= 4957913) AND (k <= 4958013))

table 6 : explain SELECT k, c FROM sbtest6 WHERE k BETWEEN 4957913 AND 4958013
	Bitmap Heap Scan on sbtest6  (cost=5.45..397.54 rows=99 width=125)
	  Recheck Cond: ((k >= 4957913) AND (k <= 4958013))
	  ->  Bitmap Index Scan on k_6  (cost=0.00..5.42 rows=99 width=0)
	        Index Cond: ((k >= 4957913) AND (k <= 4958013))

table 7 : explain SELECT k, c FROM sbtest7 WHERE k BETWEEN 4957913 AND 4958013
	Bitmap Heap Scan on sbtest7  (cost=5.45..397.53 rows=99 width=125)
	  Recheck Cond: ((k >= 4957913) AND (k <= 4958013))
	  ->  Bitmap Index Scan on k_7  (cost=0.00..5.42 rows=99 width=0)
	        Index Cond: ((k >= 4957913) AND (k <= 4958013))

table 8 : explain SELECT k, c FROM sbtest8 WHERE k BETWEEN 4957913 AND 4958013
	Bitmap Heap Scan on sbtest8  (cost=5.45..397.57 rows=99 width=125)
	  Recheck Cond: ((k >= 4957913) AND (k <= 4958013))
	  ->  Bitmap Index Scan on k_8  (cost=0.00..5.42 rows=99 width=0)
	        Index Cond: ((k >= 4957913) AND (k <= 4958013))

explain: for range-notcovered :: explain SELECT k, c FROM sbtest%d WHERE k BETWEEN 6607380 AND 6607480
explain: for range-notcovered :: explain SELECT k, c FROM sbtest%d WHERE k BETWEEN 4937242 AND 4937342
for range-notcovered
table 1 : explain SELECT k, c FROM sbtest1 WHERE k BETWEEN 5101710 AND 5101810
	Bitmap Heap Scan on sbtest1  (cost=5.51..421.13 rows=105 width=125)
	  Recheck Cond: ((k >= 5101710) AND (k <= 5101810))
	  ->  Bitmap Index Scan on k_1  (cost=0.00..5.48 rows=105 width=0)
	        Index Cond: ((k >= 5101710) AND (k <= 5101810))

table 2 : explain SELECT k, c FROM sbtest2 WHERE k BETWEEN 5101710 AND 5101810
	Bitmap Heap Scan on sbtest2  (cost=5.43..389.60 rows=97 width=125)
	  Recheck Cond: ((k >= 5101710) AND (k <= 5101810))
	  ->  Bitmap Index Scan on k_2  (cost=0.00..5.40 rows=97 width=0)
	        Index Cond: ((k >= 5101710) AND (k <= 5101810))

table 3 : explain SELECT k, c FROM sbtest3 WHERE k BETWEEN 5101710 AND 5101810
	Bitmap Heap Scan on sbtest3  (cost=5.50..417.21 rows=104 width=125)
	  Recheck Cond: ((k >= 5101710) AND (k <= 5101810))
	  ->  Bitmap Index Scan on k_3  (cost=0.00..5.47 rows=104 width=0)
	        Index Cond: ((k >= 5101710) AND (k <= 5101810))

table 4 : explain SELECT k, c FROM sbtest4 WHERE k BETWEEN 5101710 AND 5101810
	Bitmap Heap Scan on sbtest4  (cost=5.41..381.73 rows=95 width=125)
	  Recheck Cond: ((k >= 5101710) AND (k <= 5101810))
	  ->  Bitmap Index Scan on k_4  (cost=0.00..5.38 rows=95 width=0)
	        Index Cond: ((k >= 5101710) AND (k <= 5101810))

table 5 : explain SELECT k, c FROM sbtest5 WHERE k BETWEEN 5101710 AND 5101810
	Bitmap Heap Scan on sbtest5  (cost=5.56..440.86 rows=110 width=125)
	  Recheck Cond: ((k >= 5101710) AND (k <= 5101810))
	  ->  Bitmap Index Scan on k_5  (cost=0.00..5.53 rows=110 width=0)
	        Index Cond: ((k >= 5101710) AND (k <= 5101810))

table 6 : explain SELECT k, c FROM sbtest6 WHERE k BETWEEN 5101710 AND 5101810
	Bitmap Heap Scan on sbtest6  (cost=5.45..397.54 rows=99 width=125)
	  Recheck Cond: ((k >= 5101710) AND (k <= 5101810))
	  ->  Bitmap Index Scan on k_6  (cost=0.00..5.42 rows=99 width=0)
	        Index Cond: ((k >= 5101710) AND (k <= 5101810))

table 7 : explain SELECT k, c FROM sbtest7 WHERE k BETWEEN 5101710 AND 5101810
	Bitmap Heap Scan on sbtest7  (cost=5.46..401.48 rows=100 width=125)
	  Recheck Cond: ((k >= 5101710) AND (k <= 5101810))
	  ->  Bitmap Index Scan on k_7  (cost=0.00..5.43 rows=100 width=0)
	        Index Cond: ((k >= 5101710) AND (k <= 5101810))

table 8 : explain SELECT k, c FROM sbtest8 WHERE k BETWEEN 5101710 AND 5101810
	Bitmap Heap Scan on sbtest8  (cost=5.54..433.05 rows=108 width=125)
	  Recheck Cond: ((k >= 5101710) AND (k <= 5101810))
	  ->  Bitmap Index Scan on k_8  (cost=0.00..5.51 rows=108 width=0)
	        Index Cond: ((k >= 5101710) AND (k <= 5101810))

for range-notcovered
table 1 : explain SELECT k, c FROM sbtest1 WHERE k BETWEEN 2729283 AND 2729383
	Bitmap Heap Scan on sbtest1  (cost=5.48..409.31 rows=102 width=125)
	  Recheck Cond: ((k >= 2729283) AND (k <= 2729383))
	  ->  Bitmap Index Scan on k_1  (cost=0.00..5.45 rows=102 width=0)
	        Index Cond: ((k >= 2729283) AND (k <= 2729383))

table 2 : explain SELECT k, c FROM sbtest2 WHERE k BETWEEN 2729283 AND 2729383
	Bitmap Heap Scan on sbtest2  (cost=5.35..358.04 rows=89 width=125)
	  Recheck Cond: ((k >= 2729283) AND (k <= 2729383))
	  ->  Bitmap Index Scan on k_2  (cost=0.00..5.32 rows=89 width=0)
	        Index Cond: ((k >= 2729283) AND (k <= 2729383))

table 3 : explain SELECT k, c FROM sbtest3 WHERE k BETWEEN 2729283 AND 2729383
	Bitmap Heap Scan on sbtest3  (cost=5.46..401.44 rows=100 width=125)
	  Recheck Cond: ((k >= 2729283) AND (k <= 2729383))
	  ->  Bitmap Index Scan on k_3  (cost=0.00..5.43 rows=100 width=0)
	        Index Cond: ((k >= 2729283) AND (k <= 2729383))

table 4 : explain SELECT k, c FROM sbtest4 WHERE k BETWEEN 2729283 AND 2729383
	Bitmap Heap Scan on sbtest4  (cost=5.51..421.16 rows=105 width=125)
	  Recheck Cond: ((k >= 2729283) AND (k <= 2729383))
	  ->  Bitmap Index Scan on k_4  (cost=0.00..5.48 rows=105 width=0)
	        Index Cond: ((k >= 2729283) AND (k <= 2729383))

table 5 : explain SELECT k, c FROM sbtest5 WHERE k BETWEEN 2729283 AND 2729383
	Bitmap Heap Scan on sbtest5  (cost=5.57..444.80 rows=111 width=125)
	  Recheck Cond: ((k >= 2729283) AND (k <= 2729383))
	  ->  Bitmap Index Scan on k_5  (cost=0.00..5.54 rows=111 width=0)
	        Index Cond: ((k >= 2729283) AND (k <= 2729383))

table 6 : explain SELECT k, c FROM sbtest6 WHERE k BETWEEN 2729283 AND 2729383
	Bitmap Heap Scan on sbtest6  (cost=5.49..413.32 rows=103 width=125)
	  Recheck Cond: ((k >= 2729283) AND (k <= 2729383))
	  ->  Bitmap Index Scan on k_6  (cost=0.00..5.46 rows=103 width=0)
	        Index Cond: ((k >= 2729283) AND (k <= 2729383))

table 7 : explain SELECT k, c FROM sbtest7 WHERE k BETWEEN 2729283 AND 2729383
	Bitmap Heap Scan on sbtest7  (cost=5.60..456.64 rows=114 width=125)
	  Recheck Cond: ((k >= 2729283) AND (k <= 2729383))
	  ->  Bitmap Index Scan on k_7  (cost=0.00..5.58 rows=114 width=0)
	        Index Cond: ((k >= 2729283) AND (k <= 2729383))

table 8 : explain SELECT k, c FROM sbtest8 WHERE k BETWEEN 2729283 AND 2729383
	Bitmap Heap Scan on sbtest8  (cost=5.55..436.99 rows=109 width=125)
	  Recheck Cond: ((k >= 2729283) AND (k <= 2729383))
	  ->  Bitmap Index Scan on k_8  (cost=0.00..5.52 rows=109 width=0)
	        Index Cond: ((k >= 2729283) AND (k <= 2729383))


explain: for range-notcovered :: explain SELECT k, c FROM sbtest%d WHERE k BETWEEN 3348607 AND 3348707
for range-notcovered
table 1 : explain SELECT k, c FROM sbtest1 WHERE k BETWEEN 1077461 AND 1077561
	Bitmap Heap Scan on sbtest1  (cost=5.51..421.13 rows=105 width=125)
	  Recheck Cond: ((k >= 1077461) AND (k <= 1077561))
	  ->  Bitmap Index Scan on k_1  (cost=0.00..5.48 rows=105 width=0)
	        Index Cond: ((k >= 1077461) AND (k <= 1077561))

table 2 : explain SELECT k, c FROM sbtest2 WHERE k BETWEEN 1077461 AND 1077561
	Bitmap Heap Scan on sbtest2  (cost=5.49..413.26 rows=103 width=125)
	  Recheck Cond: ((k >= 1077461) AND (k <= 1077561))
	  ->  Bitmap Index Scan on k_2  (cost=0.00..5.46 rows=103 width=0)
	        Index Cond: ((k >= 1077461) AND (k <= 1077561))

table 3 : explain SELECT k, c FROM sbtest3 WHERE k BETWEEN 1077461 AND 1077561
	Bitmap Heap Scan on sbtest3  (cost=5.44..393.56 rows=98 width=125)
	  Recheck Cond: ((k >= 1077461) AND (k <= 1077561))
	  ->  Bitmap Index Scan on k_3  (cost=0.00..5.42 rows=98 width=0)
	        Index Cond: ((k >= 1077461) AND (k <= 1077561))

table 4 : explain SELECT k, c FROM sbtest4 WHERE k BETWEEN 1077461 AND 1077561
	Bitmap Heap Scan on sbtest4  (cost=5.48..409.34 rows=102 width=125)
	  Recheck Cond: ((k >= 1077461) AND (k <= 1077561))
	  ->  Bitmap Index Scan on k_4  (cost=0.00..5.45 rows=102 width=0)
	        Index Cond: ((k >= 1077461) AND (k <= 1077561))

table 5 : explain SELECT k, c FROM sbtest5 WHERE k BETWEEN 1077461 AND 1077561
	Bitmap Heap Scan on sbtest5  (cost=5.40..377.79 rows=94 width=125)
	  Recheck Cond: ((k >= 1077461) AND (k <= 1077561))
	  ->  Bitmap Index Scan on k_5  (cost=0.00..5.38 rows=94 width=0)
	        Index Cond: ((k >= 1077461) AND (k <= 1077561))

table 6 : explain SELECT k, c FROM sbtest6 WHERE k BETWEEN 1077461 AND 1077561
	Bitmap Heap Scan on sbtest6  (cost=5.39..373.88 rows=93 width=125)
	  Recheck Cond: ((k >= 1077461) AND (k <= 1077561))
	  ->  Bitmap Index Scan on k_6  (cost=0.00..5.36 rows=93 width=0)
	        Index Cond: ((k >= 1077461) AND (k <= 1077561))

table 7 : explain SELECT k, c FROM sbtest7 WHERE k BETWEEN 1077461 AND 1077561
	Bitmap Heap Scan on sbtest7  (cost=5.45..397.53 rows=99 width=125)
	  Recheck Cond: ((k >= 1077461) AND (k <= 1077561))
	  ->  Bitmap Index Scan on k_7  (cost=0.00..5.42 rows=99 width=0)
	        Index Cond: ((k >= 1077461) AND (k <= 1077561))

table 8 : explain SELECT k, c FROM sbtest8 WHERE k BETWEEN 1077461 AND 1077561
	Bitmap Heap Scan on sbtest8  (cost=5.60..456.68 rows=114 width=125)
	  Recheck Cond: ((k >= 1077461) AND (k <= 1077561))
	  ->  Bitmap Index Scan on k_8  (cost=0.00..5.58 rows=114 width=0)
	        Index Cond: ((k >= 1077461) AND (k <= 1077561))


for range-notcovered
table 1 : explain SELECT k, c FROM sbtest1 WHERE k BETWEEN 8329928 AND 8330028
	Bitmap Heap Scan on sbtest1  (cost=5.42..385.66 rows=96 width=125)
	  Recheck Cond: ((k >= 8329928) AND (k <= 8330028))
	  ->  Bitmap Index Scan on k_1  (cost=0.00..5.39 rows=96 width=0)
	        Index Cond: ((k >= 8329928) AND (k <= 8330028))

table 2 : explain SELECT k, c FROM sbtest2 WHERE k BETWEEN 8329928 AND 8330028
	Bitmap Heap Scan on sbtest2  (cost=5.51..421.14 rows=105 width=125)
	  Recheck Cond: ((k >= 8329928) AND (k <= 8330028))
	  ->  Bitmap Index Scan on k_2  (cost=0.00..5.48 rows=105 width=0)
	        Index Cond: ((k >= 8329928) AND (k <= 8330028))

table 3 : explain SELECT k, c FROM sbtest3 WHERE k BETWEEN 8329928 AND 8330028
	Bitmap Heap Scan on sbtest3  (cost=5.46..401.44 rows=100 width=125)
	  Recheck Cond: ((k >= 8329928) AND (k <= 8330028))
	  ->  Bitmap Index Scan on k_3  (cost=0.00..5.43 rows=100 width=0)
	        Index Cond: ((k >= 8329928) AND (k <= 8330028))

table 4 : explain SELECT k, c FROM sbtest4 WHERE k BETWEEN 8329928 AND 8330028
	Bitmap Heap Scan on sbtest4  (cost=5.49..413.28 rows=103 width=125)
	  Recheck Cond: ((k >= 8329928) AND (k <= 8330028))
	  ->  Bitmap Index Scan on k_4  (cost=0.00..5.46 rows=103 width=0)
	        Index Cond: ((k >= 8329928) AND (k <= 8330028))

table 5 : explain SELECT k, c FROM sbtest5 WHERE k BETWEEN 8329928 AND 8330028
	Bitmap Heap Scan on sbtest5  (cost=5.59..452.68 rows=113 width=125)
	  Recheck Cond: ((k >= 8329928) AND (k <= 8330028))
	  ->  Bitmap Index Scan on k_5  (cost=0.00..5.56 rows=113 width=0)
	        Index Cond: ((k >= 8329928) AND (k <= 8330028))

table 6 : explain SELECT k, c FROM sbtest6 WHERE k BETWEEN 8329928 AND 8330028
	Bitmap Heap Scan on sbtest6  (cost=5.44..393.60 rows=98 width=125)
	  Recheck Cond: ((k >= 8329928) AND (k <= 8330028))
	  ->  Bitmap Index Scan on k_6  (cost=0.00..5.42 rows=98 width=0)
	        Index Cond: ((k >= 8329928) AND (k <= 8330028))

table 7 : explain SELECT k, c FROM sbtest7 WHERE k BETWEEN 8329928 AND 8330028
	Bitmap Heap Scan on sbtest7  (cost=5.59..452.70 rows=113 width=125)
	  Recheck Cond: ((k >= 8329928) AND (k <= 8330028))
	  ->  Bitmap Index Scan on k_7  (cost=0.00..5.56 rows=113 width=0)
	        Index Cond: ((k >= 8329928) AND (k <= 8330028))

table 8 : explain SELECT k, c FROM sbtest8 WHERE k BETWEEN 8329928 AND 8330028
	Bitmap Heap Scan on sbtest8  (cost=5.52..425.17 rows=106 width=125)
	  Recheck Cond: ((k >= 8329928) AND (k <= 8330028))
	  ->  Bitmap Index Scan on k_8  (cost=0.00..5.50 rows=106 width=0)
	        Index Cond: ((k >= 8329928) AND (k <= 8330028))

explain: for range-notcovered :: explain SELECT k, c FROM sbtest%d WHERE k BETWEEN 3475180 AND 3475280

for range-notcovered
table 1 : explain SELECT k, c FROM sbtest1 WHERE k BETWEEN 2640584 AND 2640684
	Bitmap Heap Scan on sbtest1  (cost=5.50..417.19 rows=104 width=125)
	  Recheck Cond: ((k >= 2640584) AND (k <= 2640684))
	  ->  Bitmap Index Scan on k_1  (cost=0.00..5.47 rows=104 width=0)
	        Index Cond: ((k >= 2640584) AND (k <= 2640684))

table 2 : explain SELECT k, c FROM sbtest2 WHERE k BETWEEN 2640584 AND 2640684
	Bitmap Heap Scan on sbtest2  (cost=5.42..385.66 rows=96 width=125)
	  Recheck Cond: ((k >= 2640584) AND (k <= 2640684))
	  ->  Bitmap Index Scan on k_2  (cost=0.00..5.39 rows=96 width=0)
	        Index Cond: ((k >= 2640584) AND (k <= 2640684))

table 3 : explain SELECT k, c FROM sbtest3 WHERE k BETWEEN 2640584 AND 2640684
	Bitmap Heap Scan on sbtest3  (cost=5.39..373.84 rows=93 width=125)
	  Recheck Cond: ((k >= 2640584) AND (k <= 2640684))
	  ->  Bitmap Index Scan on k_3  (cost=0.00..5.36 rows=93 width=0)
	        Index Cond: ((k >= 2640584) AND (k <= 2640684))

table 4 : explain SELECT k, c FROM sbtest4 WHERE k BETWEEN 2640584 AND 2640684
	Bitmap Heap Scan on sbtest4  (cost=5.45..397.51 rows=99 width=125)
	  Recheck Cond: ((k >= 2640584) AND (k <= 2640684))
	  ->  Bitmap Index Scan on k_4  (cost=0.00..5.42 rows=99 width=0)
	        Index Cond: ((k >= 2640584) AND (k <= 2640684))

table 5 : explain SELECT k, c FROM sbtest5 WHERE k BETWEEN 2640584 AND 2640684
	Bitmap Heap Scan on sbtest5  (cost=5.44..393.57 rows=98 width=125)
	  Recheck Cond: ((k >= 2640584) AND (k <= 2640684))
	  ->  Bitmap Index Scan on k_5  (cost=0.00..5.42 rows=98 width=0)
	        Index Cond: ((k >= 2640584) AND (k <= 2640684))

table 6 : explain SELECT k, c FROM sbtest6 WHERE k BETWEEN 2640584 AND 2640684
	Bitmap Heap Scan on sbtest6  (cost=5.48..409.37 rows=102 width=125)
	  Recheck Cond: ((k >= 2640584) AND (k <= 2640684))
	  ->  Bitmap Index Scan on k_6  (cost=0.00..5.45 rows=102 width=0)
	        Index Cond: ((k >= 2640584) AND (k <= 2640684))

table 7 : explain SELECT k, c FROM sbtest7 WHERE k BETWEEN 2640584 AND 2640684
	Bitmap Heap Scan on sbtest7  (cost=5.47..405.42 rows=101 width=125)
	  Recheck Cond: ((k >= 2640584) AND (k <= 2640684))
	  ->  Bitmap Index Scan on k_7  (cost=0.00..5.44 rows=101 width=0)
	        Index Cond: ((k >= 2640584) AND (k <= 2640684))

table 8 : explain SELECT k, c FROM sbtest8 WHERE k BETWEEN 2640584 AND 2640684
	Bitmap Heap Scan on sbtest8  (cost=5.52..425.17 rows=106 width=125)
	  Recheck Cond: ((k >= 2640584) AND (k <= 2640684))
	  ->  Bitmap Index Scan on k_8  (cost=0.00..5.50 rows=106 width=0)
	        Index Cond: ((k >= 2640584) AND (k <= 2640684))
explain: for range-notcovered :: explain SELECT k, c FROM sbtest%d WHERE k BETWEEN 1077461 AND 1077561
explain: for range-notcovered :: explain SELECT k, c FROM sbtest%d WHERE k BETWEEN 4957913 AND 4958013
for range-notcovered
table 1 : explain SELECT k, c FROM sbtest1 WHERE k BETWEEN 3662722 AND 3662822
	Bitmap Heap Scan on sbtest1  (cost=5.42..385.66 rows=96 width=125)
	  Recheck Cond: ((k >= 3662722) AND (k <= 3662822))
	  ->  Bitmap Index Scan on k_1  (cost=0.00..5.39 rows=96 width=0)
	        Index Cond: ((k >= 3662722) AND (k <= 3662822))

table 2 : explain SELECT k, c FROM sbtest2 WHERE k BETWEEN 3662722 AND 3662822
	Bitmap Heap Scan on sbtest2  (cost=5.53..429.02 rows=107 width=125)
	  Recheck Cond: ((k >= 3662722) AND (k <= 3662822))
	  ->  Bitmap Index Scan on k_2  (cost=0.00..5.50 rows=107 width=0)
	        Index Cond: ((k >= 3662722) AND (k <= 3662822))

table 3 : explain SELECT k, c FROM sbtest3 WHERE k BETWEEN 3662722 AND 3662822
	Bitmap Heap Scan on sbtest3  (cost=5.39..373.84 rows=93 width=125)
	  Recheck Cond: ((k >= 3662722) AND (k <= 3662822))
	  ->  Bitmap Index Scan on k_3  (cost=0.00..5.36 rows=93 width=0)
	        Index Cond: ((k >= 3662722) AND (k <= 3662822))

table 4 : explain SELECT k, c FROM sbtest4 WHERE k BETWEEN 3662722 AND 3662822
	Bitmap Heap Scan on sbtest4  (cost=5.49..413.28 rows=103 width=125)
	  Recheck Cond: ((k >= 3662722) AND (k <= 3662822))
	  ->  Bitmap Index Scan on k_4  (cost=0.00..5.46 rows=103 width=0)
	        Index Cond: ((k >= 3662722) AND (k <= 3662822))

table 5 : explain SELECT k, c FROM sbtest5 WHERE k BETWEEN 3662722 AND 3662822
	Bitmap Heap Scan on sbtest5  (cost=5.35..358.06 rows=89 width=125)
	  Recheck Cond: ((k >= 3662722) AND (k <= 3662822))
	  ->  Bitmap Index Scan on k_5  (cost=0.00..5.32 rows=89 width=0)
	        Index Cond: ((k >= 3662722) AND (k <= 3662822))

table 6 : explain SELECT k, c FROM sbtest6 WHERE k BETWEEN 3662722 AND 3662822
	Bitmap Heap Scan on sbtest6  (cost=5.55..436.96 rows=109 width=125)
	  Recheck Cond: ((k >= 3662722) AND (k <= 3662822))
	  ->  Bitmap Index Scan on k_6  (cost=0.00..5.52 rows=109 width=0)
	        Index Cond: ((k >= 3662722) AND (k <= 3662822))

table 7 : explain SELECT k, c FROM sbtest7 WHERE k BETWEEN 3662722 AND 3662822
	Bitmap Heap Scan on sbtest7  (cost=5.49..413.30 rows=103 width=125)
	  Recheck Cond: ((k >= 3662722) AND (k <= 3662822))
	  ->  Bitmap Index Scan on k_7  (cost=0.00..5.46 rows=103 width=0)
	        Index Cond: ((k >= 3662722) AND (k <= 3662822))

table 8 : explain SELECT k, c FROM sbtest8 WHERE k BETWEEN 3662722 AND 3662822
	Bitmap Heap Scan on sbtest8  (cost=5.45..397.57 rows=99 width=125)
	  Recheck Cond: ((k >= 3662722) AND (k <= 3662822))
	  ->  Bitmap Index Scan on k_8  (cost=0.00..5.42 rows=99 width=0)
	        Index Cond: ((k >= 3662722) AND (k <= 3662822))

for range-notcovered
table 1 : explain SELECT k, c FROM sbtest1 WHERE k BETWEEN 2173248 AND 2173348
	Bitmap Heap Scan on sbtest1  (cost=5.52..425.07 rows=106 width=125)
	  Recheck Cond: ((k >= 2173248) AND (k <= 2173348))
	  ->  Bitmap Index Scan on k_1  (cost=0.00..5.50 rows=106 width=0)
	        Index Cond: ((k >= 2173248) AND (k <= 2173348))

table 2 : explain SELECT k, c FROM sbtest2 WHERE k BETWEEN 2173248 AND 2173348
	Bitmap Heap Scan on sbtest2  (cost=5.55..436.90 rows=109 width=125)
	  Recheck Cond: ((k >= 2173248) AND (k <= 2173348))
	  ->  Bitmap Index Scan on k_2  (cost=0.00..5.52 rows=109 width=0)
	        Index Cond: ((k >= 2173248) AND (k <= 2173348))

table 3 : explain SELECT k, c FROM sbtest3 WHERE k BETWEEN 2173248 AND 2173348
	Bitmap Heap Scan on sbtest3  (cost=5.44..393.56 rows=98 width=125)
	  Recheck Cond: ((k >= 2173248) AND (k <= 2173348))
	  ->  Bitmap Index Scan on k_3  (cost=0.00..5.42 rows=98 width=0)
	        Index Cond: ((k >= 2173248) AND (k <= 2173348))

table 4 : explain SELECT k, c FROM sbtest4 WHERE k BETWEEN 2173248 AND 2173348
	Bitmap Heap Scan on sbtest4  (cost=5.53..429.04 rows=107 width=125)
	  Recheck Cond: ((k >= 2173248) AND (k <= 2173348))
	  ->  Bitmap Index Scan on k_4  (cost=0.00..5.50 rows=107 width=0)
	        Index Cond: ((k >= 2173248) AND (k <= 2173348))

table 5 : explain SELECT k, c FROM sbtest5 WHERE k BETWEEN 2173248 AND 2173348
	Bitmap Heap Scan on sbtest5  (cost=5.44..393.57 rows=98 width=125)
	  Recheck Cond: ((k >= 2173248) AND (k <= 2173348))
	  ->  Bitmap Index Scan on k_5  (cost=0.00..5.42 rows=98 width=0)
	        Index Cond: ((k >= 2173248) AND (k <= 2173348))

table 6 : explain SELECT k, c FROM sbtest6 WHERE k BETWEEN 2173248 AND 2173348
	Bitmap Heap Scan on sbtest6  (cost=5.36..362.04 rows=90 width=125)
	  Recheck Cond: ((k >= 2173248) AND (k <= 2173348))
	  ->  Bitmap Index Scan on k_6  (cost=0.00..5.33 rows=90 width=0)
	        Index Cond: ((k >= 2173248) AND (k <= 2173348))

table 7 : explain SELECT k, c FROM sbtest7 WHERE k BETWEEN 2173248 AND 2173348
	Bitmap Heap Scan on sbtest7  (cost=5.47..405.42 rows=101 width=125)
	  Recheck Cond: ((k >= 2173248) AND (k <= 2173348))
	  ->  Bitmap Index Scan on k_7  (cost=0.00..5.44 rows=101 width=0)
	        Index Cond: ((k >= 2173248) AND (k <= 2173348))

table 8 : explain SELECT k, c FROM sbtest8 WHERE k BETWEEN 2173248 AND 2173348
	Bitmap Heap Scan on sbtest8  (cost=5.45..397.57 rows=99 width=125)
	  Recheck Cond: ((k >= 2173248) AND (k <= 2173348))
	  ->  Bitmap Index Scan on k_8  (cost=0.00..5.42 rows=99 width=0)
	        Index Cond: ((k >= 2173248) AND (k <= 2173348))

explain: for range-notcovered :: explain SELECT k, c FROM sbtest%d WHERE k BETWEEN 5101710 AND 5101810for range-notcovered
table 1 : explain SELECT k, c FROM sbtest1 WHERE k BETWEEN 5647166 AND 5647266
	Bitmap Heap Scan on sbtest1  (cost=5.47..405.37 rows=101 width=125)
	  Recheck Cond: ((k >= 5647166) AND (k <= 5647266))
	  ->  Bitmap Index Scan on k_1  (cost=0.00..5.44 rows=101 width=0)
	        Index Cond: ((k >= 5647166) AND (k <= 5647266))

table 2 : explain SELECT k, c FROM sbtest2 WHERE k BETWEEN 5647166 AND 5647266
	Bitmap Heap Scan on sbtest2  (cost=5.38..369.88 rows=92 width=125)
	  Recheck Cond: ((k >= 5647166) AND (k <= 5647266))
	  ->  Bitmap Index Scan on k_2  (cost=0.00..5.35 rows=92 width=0)
	        Index Cond: ((k >= 5647166) AND (k <= 5647266))

table 3 : explain SELECT k, c FROM sbtest3 WHERE k BETWEEN 5647166 AND 5647266
	Bitmap Heap Scan on sbtest3  (cost=5.43..389.61 rows=97 width=125)
	  Recheck Cond: ((k >= 5647166) AND (k <= 5647266))
	  ->  Bitmap Index Scan on k_3  (cost=0.00..5.40 rows=97 width=0)
	        Index Cond: ((k >= 5647166) AND (k <= 5647266))

table 4 : explain SELECT k, c FROM sbtest4 WHERE k BETWEEN 5647166 AND 5647266
	Bitmap Heap Scan on sbtest4  (cost=5.50..417.22 rows=104 width=125)
	  Recheck Cond: ((k >= 5647166) AND (k <= 5647266))
	  ->  Bitmap Index Scan on k_4  (cost=0.00..5.47 rows=104 width=0)
	        Index Cond: ((k >= 5647166) AND (k <= 5647266))

table 5 : explain SELECT k, c FROM sbtest5 WHERE k BETWEEN 5647166 AND 5647266
	Bitmap Heap Scan on sbtest5  (cost=5.51..421.16 rows=105 width=125)
	  Recheck Cond: ((k >= 5647166) AND (k <= 5647266))
	  ->  Bitmap Index Scan on k_5  (cost=0.00..5.48 rows=105 width=0)
	        Index Cond: ((k >= 5647166) AND (k <= 5647266))

table 6 : explain SELECT k, c FROM sbtest6 WHERE k BETWEEN 5647166 AND 5647266
	Bitmap Heap Scan on sbtest6  (cost=5.52..425.14 rows=106 width=125)
	  Recheck Cond: ((k >= 5647166) AND (k <= 5647266))
	  ->  Bitmap Index Scan on k_6  (cost=0.00..5.50 rows=106 width=0)
	        Index Cond: ((k >= 5647166) AND (k <= 5647266))

table 7 : explain SELECT k, c FROM sbtest7 WHERE k BETWEEN 5647166 AND 5647266
	Bitmap Heap Scan on sbtest7  (cost=5.46..401.48 rows=100 width=125)
	  Recheck Cond: ((k >= 5647166) AND (k <= 5647266))
	  ->  Bitmap Index Scan on k_7  (cost=0.00..5.43 rows=100 width=0)
	        Index Cond: ((k >= 5647166) AND (k <= 5647266))

table 8 : explain SELECT k, c FROM sbtest8 WHERE k BETWEEN 5647166 AND 5647266
	Bitmap Heap Scan on sbtest8  (cost=5.49..413.34 rows=103 width=125)
	  Recheck Cond: ((k >= 5647166) AND (k <= 5647266))
	  ->  Bitmap Index Scan on k_8  (cost=0.00..5.46 rows=103 width=0)
	        Index Cond: ((k >= 5647166) AND (k <= 5647266))
explain: for range-notcovered :: explain SELECT k, c FROM sbtest%d WHERE k BETWEEN 2729283 AND 2729383

for range-notcovered
table 1 : explain SELECT k, c FROM sbtest1 WHERE k BETWEEN 4047833 AND 4047933
	Bitmap Heap Scan on sbtest1  (cost=5.51..421.13 rows=105 width=125)
	  Recheck Cond: ((k >= 4047833) AND (k <= 4047933))
	  ->  Bitmap Index Scan on k_1  (cost=0.00..5.48 rows=105 width=0)
	        Index Cond: ((k >= 4047833) AND (k <= 4047933))

table 2 : explain SELECT k, c FROM sbtest2 WHERE k BETWEEN 4047833 AND 4047933
	Bitmap Heap Scan on sbtest2  (cost=5.43..389.60 rows=97 width=125)
	  Recheck Cond: ((k >= 4047833) AND (k <= 4047933))
	  ->  Bitmap Index Scan on k_2  (cost=0.00..5.40 rows=97 width=0)
	        Index Cond: ((k >= 4047833) AND (k <= 4047933))

table 3 : explain SELECT k, c FROM sbtest3 WHERE k BETWEEN 4047833 AND 4047933
	Bitmap Heap Scan on sbtest3  (cost=5.41..381.73 rows=95 width=125)
	  Recheck Cond: ((k >= 4047833) AND (k <= 4047933))
	  ->  Bitmap Index Scan on k_3  (cost=0.00..5.38 rows=95 width=0)
	        Index Cond: ((k >= 4047833) AND (k <= 4047933))

table 4 : explain SELECT k, c FROM sbtest4 WHERE k BETWEEN 4047833 AND 4047933
	Bitmap Heap Scan on sbtest4  (cost=5.49..413.28 rows=103 width=125)
	  Recheck Cond: ((k >= 4047833) AND (k <= 4047933))
	  ->  Bitmap Index Scan on k_4  (cost=0.00..5.46 rows=103 width=0)
	        Index Cond: ((k >= 4047833) AND (k <= 4047933))

table 5 : explain SELECT k, c FROM sbtest5 WHERE k BETWEEN 4047833 AND 4047933
	Bitmap Heap Scan on sbtest5  (cost=5.46..401.46 rows=100 width=125)
	  Recheck Cond: ((k >= 4047833) AND (k <= 4047933))
	  ->  Bitmap Index Scan on k_5  (cost=0.00..5.43 rows=100 width=0)
	        Index Cond: ((k >= 4047833) AND (k <= 4047933))

table 6 : explain SELECT k, c FROM sbtest6 WHERE k BETWEEN 4047833 AND 4047933
	Bitmap Heap Scan on sbtest6  (cost=5.48..409.37 rows=102 width=125)
	  Recheck Cond: ((k >= 4047833) AND (k <= 4047933))
	  ->  Bitmap Index Scan on k_6  (cost=0.00..5.45 rows=102 width=0)
	        Index Cond: ((k >= 4047833) AND (k <= 4047933))

table 7 : explain SELECT k, c FROM sbtest7 WHERE k BETWEEN 4047833 AND 4047933
	Bitmap Heap Scan on sbtest7  (cost=5.49..413.30 rows=103 width=125)
	  Recheck Cond: ((k >= 4047833) AND (k <= 4047933))
	  ->  Bitmap Index Scan on k_7  (cost=0.00..5.46 rows=103 width=0)
	        Index Cond: ((k >= 4047833) AND (k <= 4047933))

table 8 : explain SELECT k, c FROM sbtest8 WHERE k BETWEEN 4047833 AND 4047933
	Bitmap Heap Scan on sbtest8  (cost=5.50..417.28 rows=104 width=125)
	  Recheck Cond: ((k >= 4047833) AND (k <= 4047933))
	  ->  Bitmap Index Scan on k_8  (cost=0.00..5.47 rows=104 width=0)
	        Index Cond: ((k >= 4047833) AND (k <= 4047933))
for range-notcovered
table 1 : explain SELECT k, c FROM sbtest1 WHERE k BETWEEN 5235916 AND 5236016
	Bitmap Heap Scan on sbtest1  (cost=5.49..413.25 rows=103 width=125)
	  Recheck Cond: ((k >= 5235916) AND (k <= 5236016))
	  ->  Bitmap Index Scan on k_1  (cost=0.00..5.46 rows=103 width=0)
	        Index Cond: ((k >= 5235916) AND (k <= 5236016))

table 2 : explain SELECT k, c FROM sbtest2 WHERE k BETWEEN 5235916 AND 5236016
	Bitmap Heap Scan on sbtest2  (cost=5.41..381.72 rows=95 width=125)
	  Recheck Cond: ((k >= 5235916) AND (k <= 5236016))
	  ->  Bitmap Index Scan on k_2  (cost=0.00..5.38 rows=95 width=0)
	        Index Cond: ((k >= 5235916) AND (k <= 5236016))

table 3 : explain SELECT k, c FROM sbtest3 WHERE k BETWEEN 5235916 AND 5236016
	Bitmap Heap Scan on sbtest3  (cost=5.57..444.79 rows=111 width=125)
	  Recheck Cond: ((k >= 5235916) AND (k <= 5236016))
	  ->  Bitmap Index Scan on k_3  (cost=0.00..5.54 rows=111 width=0)
	        Index Cond: ((k >= 5235916) AND (k <= 5236016))

table 4 : explain SELECT k, c FROM sbtest4 WHERE k BETWEEN 5235916 AND 5236016
	Bitmap Heap Scan on sbtest4  (cost=5.40..377.79 rows=94 width=125)
	  Recheck Cond: ((k >= 5235916) AND (k <= 5236016))
	  ->  Bitmap Index Scan on k_4  (cost=0.00..5.38 rows=94 width=0)
	        Index Cond: ((k >= 5235916) AND (k <= 5236016))

table 5 : explain SELECT k, c FROM sbtest5 WHERE k BETWEEN 5235916 AND 5236016
	Bitmap Heap Scan on sbtest5  (cost=5.55..436.92 rows=109 width=125)
	  Recheck Cond: ((k >= 5235916) AND (k <= 5236016))
	  ->  Bitmap Index Scan on k_5  (cost=0.00..5.52 rows=109 width=0)
	        Index Cond: ((k >= 5235916) AND (k <= 5236016))

table 6 : explain SELECT k, c FROM sbtest6 WHERE k BETWEEN 5235916 AND 5236016
	Bitmap Heap Scan on sbtest6  (cost=5.57..444.84 rows=111 width=125)
	  Recheck Cond: ((k >= 5235916) AND (k <= 5236016))
	  ->  Bitmap Index Scan on k_6  (cost=0.00..5.54 rows=111 width=0)
	        Index Cond: ((k >= 5235916) AND (k <= 5236016))

table 7 : explain SELECT k, c FROM sbtest7 WHERE k BETWEEN 5235916 AND 5236016
	Bitmap Heap Scan on sbtest7  (cost=5.49..413.30 rows=103 width=125)
	  Recheck Cond: ((k >= 5235916) AND (k <= 5236016))
	  ->  Bitmap Index Scan on k_7  (cost=0.00..5.46 rows=103 width=0)
	        Index Cond: ((k >= 5235916) AND (k <= 5236016))

table 8 : explain SELECT k, c FROM sbtest8 WHERE k BETWEEN 5235916 AND 5236016
	Bitmap Heap Scan on sbtest8  (cost=5.48..409.40 rows=102 width=125)
	  Recheck Cond: ((k >= 5235916) AND (k <= 5236016))
	  ->  Bitmap Index Scan on k_8  (cost=0.00..5.45 rows=102 width=0)
	        Index Cond: ((k >= 5235916) AND (k <= 5236016))
for range-notcovered
table 1 : explain SELECT k, c FROM sbtest1 WHERE k BETWEEN 7296580 AND 7296680
	Bitmap Heap Scan on sbtest1  (cost=5.52..425.07 rows=106 width=125)
	  Recheck Cond: ((k >= 7296580) AND (k <= 7296680))
	  ->  Bitmap Index Scan on k_1  (cost=0.00..5.50 rows=106 width=0)
	        Index Cond: ((k >= 7296580) AND (k <= 7296680))

table 2 : explain SELECT k, c FROM sbtest2 WHERE k BETWEEN 7296580 AND 7296680
	Bitmap Heap Scan on sbtest2  (cost=5.53..429.02 rows=107 width=125)
	  Recheck Cond: ((k >= 7296580) AND (k <= 7296680))
	  ->  Bitmap Index Scan on k_2  (cost=0.00..5.50 rows=107 width=0)
	        Index Cond: ((k >= 7296580) AND (k <= 7296680))

table 3 : explain SELECT k, c FROM sbtest3 WHERE k BETWEEN 7296580 AND 7296680
	Bitmap Heap Scan on sbtest3  (cost=5.54..432.97 rows=108 width=125)
	  Recheck Cond: ((k >= 7296580) AND (k <= 7296680))
	  ->  Bitmap Index Scan on k_3  (cost=0.00..5.51 rows=108 width=0)
	        Index Cond: ((k >= 7296580) AND (k <= 7296680))

table 4 : explain SELECT k, c FROM sbtest4 WHERE k BETWEEN 7296580 AND 7296680
	Bitmap Heap Scan on sbtest4  (cost=5.38..369.90 rows=92 width=125)
	  Recheck Cond: ((k >= 7296580) AND (k <= 7296680))
	  ->  Bitmap Index Scan on k_4  (cost=0.00..5.35 rows=92 width=0)
	        Index Cond: ((k >= 7296580) AND (k <= 7296680))

table 5 : explain SELECT k, c FROM sbtest5 WHERE k BETWEEN 7296580 AND 7296680
	Bitmap Heap Scan on sbtest5  (cost=5.44..393.57 rows=98 width=125)
	  Recheck Cond: ((k >= 7296580) AND (k <= 7296680))
	  ->  Bitmap Index Scan on k_5  (cost=0.00..5.42 rows=98 width=0)
	        Index Cond: ((k >= 7296580) AND (k <= 7296680))

table 6 : explain SELECT k, c FROM sbtest6 WHERE k BETWEEN 7296580 AND 7296680
	Bitmap Heap Scan on sbtest6  (cost=5.53..429.08 rows=107 width=125)
	  Recheck Cond: ((k >= 7296580) AND (k <= 7296680))
	  ->  Bitmap Index Scan on k_6  (cost=0.00..5.50 rows=107 width=0)
	        Index Cond: ((k >= 7296580) AND (k <= 7296680))

table 7 : explain SELECT k, c FROM sbtest7 WHERE k BETWEEN 7296580 AND 7296680
	Bitmap Heap Scan on sbtest7  (cost=5.57..444.82 rows=111 width=125)
	  Recheck Cond: ((k >= 7296580) AND (k <= 7296680))
	  ->  Bitmap Index Scan on k_7  (cost=0.00..5.54 rows=111 width=0)
	        Index Cond: ((k >= 7296580) AND (k <= 7296680))

table 8 : explain SELECT k, c FROM sbtest8 WHERE k BETWEEN 7296580 AND 7296680
	Bitmap Heap Scan on sbtest8  (cost=5.50..417.28 rows=104 width=125)
	  Recheck Cond: ((k >= 7296580) AND (k <= 7296680))
	  ->  Bitmap Index Scan on k_8  (cost=0.00..5.47 rows=104 width=0)
	        Index Cond: ((k >= 7296580) AND (k <= 7296680))

explain: for range-notcovered :: explain SELECT k, c FROM sbtest%d WHERE k BETWEEN 5368835 AND 5368935
for range-notcovered
table 1 : explain SELECT k, c FROM sbtest1 WHERE k BETWEEN 6751162 AND 6751262
	Bitmap Heap Scan on sbtest1  (cost=5.47..405.37 rows=101 width=125)
	  Recheck Cond: ((k >= 6751162) AND (k <= 6751262))
	  ->  Bitmap Index Scan on k_1  (cost=0.00..5.44 rows=101 width=0)
	        Index Cond: ((k >= 6751162) AND (k <= 6751262))

table 2 : explain SELECT k, c FROM sbtest2 WHERE k BETWEEN 6751162 AND 6751262
	Bitmap Heap Scan on sbtest2  (cost=5.44..393.55 rows=98 width=125)
	  Recheck Cond: ((k >= 6751162) AND (k <= 6751262))
	  ->  Bitmap Index Scan on k_2  (cost=0.00..5.42 rows=98 width=0)
	        Index Cond: ((k >= 6751162) AND (k <= 6751262))

table 3 : explain SELECT k, c FROM sbtest3 WHERE k BETWEEN 6751162 AND 6751262
	Bitmap Heap Scan on sbtest3  (cost=5.46..401.44 rows=100 width=125)
	  Recheck Cond: ((k >= 6751162) AND (k <= 6751262))
	  ->  Bitmap Index Scan on k_3  (cost=0.00..5.43 rows=100 width=0)
	        Index Cond: ((k >= 6751162) AND (k <= 6751262))

table 4 : explain SELECT k, c FROM sbtest4 WHERE k BETWEEN 6751162 AND 6751262
	Bitmap Heap Scan on sbtest4  (cost=5.48..409.34 rows=102 width=125)
	  Recheck Cond: ((k >= 6751162) AND (k <= 6751262))
	  ->  Bitmap Index Scan on k_4  (cost=0.00..5.45 rows=102 width=0)
	        Index Cond: ((k >= 6751162) AND (k <= 6751262))

table 5 : explain SELECT k, c FROM sbtest5 WHERE k BETWEEN 6751162 AND 6751262
	Bitmap Heap Scan on sbtest5  (cost=5.51..421.16 rows=105 width=125)
	  Recheck Cond: ((k >= 6751162) AND (k <= 6751262))
	  ->  Bitmap Index Scan on k_5  (cost=0.00..5.48 rows=105 width=0)
	        Index Cond: ((k >= 6751162) AND (k <= 6751262))

table 6 : explain SELECT k, c FROM sbtest6 WHERE k BETWEEN 6751162 AND 6751262
	Bitmap Heap Scan on sbtest6  (cost=5.42..385.71 rows=96 width=125)
	  Recheck Cond: ((k >= 6751162) AND (k <= 6751262))
	  ->  Bitmap Index Scan on k_6  (cost=0.00..5.39 rows=96 width=0)
	        Index Cond: ((k >= 6751162) AND (k <= 6751262))

table 7 : explain SELECT k, c FROM sbtest7 WHERE k BETWEEN 6751162 AND 6751262
	Bitmap Heap Scan on sbtest7  (cost=5.69..488.12 rows=122 width=125)
	  Recheck Cond: ((k >= 6751162) AND (k <= 6751262))
	  ->  Bitmap Index Scan on k_7  (cost=0.00..5.65 rows=122 width=0)
	        Index Cond: ((k >= 6751162) AND (k <= 6751262))

table 8 : explain SELECT k, c FROM sbtest8 WHERE k BETWEEN 6751162 AND 6751262
	Bitmap Heap Scan on sbtest8  (cost=5.42..385.73 rows=96 width=125)
	  Recheck Cond: ((k >= 6751162) AND (k <= 6751262))
	  ->  Bitmap Index Scan on k_8  (cost=0.00..5.39 rows=96 width=0)
	        Index Cond: ((k >= 6751162) AND (k <= 6751262))
explain: for range-notcovered :: explain SELECT k, c FROM sbtest%d WHERE k BETWEEN 2640584 AND 2640684
for range-notcovered
table 1 : explain SELECT k, c FROM sbtest1 WHERE k BETWEEN 5421055 AND 5421155
	Bitmap Heap Scan on sbtest1  (cost=5.46..401.43 rows=100 width=125)
	  Recheck Cond: ((k >= 5421055) AND (k <= 5421155))
	  ->  Bitmap Index Scan on k_1  (cost=0.00..5.43 rows=100 width=0)
	        Index Cond: ((k >= 5421055) AND (k <= 5421155))

table 2 : explain SELECT k, c FROM sbtest2 WHERE k BETWEEN 5421055 AND 5421155
	Bitmap Heap Scan on sbtest2  (cost=5.45..397.49 rows=99 width=125)
	  Recheck Cond: ((k >= 5421055) AND (k <= 5421155))
	  ->  Bitmap Index Scan on k_2  (cost=0.00..5.42 rows=99 width=0)
	        Index Cond: ((k >= 5421055) AND (k <= 5421155))

table 3 : explain SELECT k, c FROM sbtest3 WHERE k BETWEEN 5421055 AND 5421155
	Bitmap Heap Scan on sbtest3  (cost=5.39..373.84 rows=93 width=125)
	  Recheck Cond: ((k >= 5421055) AND (k <= 5421155))
	  ->  Bitmap Index Scan on k_3  (cost=0.00..5.36 rows=93 width=0)
	        Index Cond: ((k >= 5421055) AND (k <= 5421155))

table 4 : explain SELECT k, c FROM sbtest4 WHERE k BETWEEN 5421055 AND 5421155
	Bitmap Heap Scan on sbtest4  (cost=5.58..448.73 rows=112 width=125)
	  Recheck Cond: ((k >= 5421055) AND (k <= 5421155))
	  ->  Bitmap Index Scan on k_4  (cost=0.00..5.55 rows=112 width=0)
	        Index Cond: ((k >= 5421055) AND (k <= 5421155))

table 5 : explain SELECT k, c FROM sbtest5 WHERE k BETWEEN 5421055 AND 5421155
	Bitmap Heap Scan on sbtest5  (cost=5.44..393.57 rows=98 width=125)
	  Recheck Cond: ((k >= 5421055) AND (k <= 5421155))
	  ->  Bitmap Index Scan on k_5  (cost=0.00..5.42 rows=98 width=0)
	        Index Cond: ((k >= 5421055) AND (k <= 5421155))

table 6 : explain SELECT k, c FROM sbtest6 WHERE k BETWEEN 5421055 AND 5421155
	Bitmap Heap Scan on sbtest6  (cost=5.51..421.20 rows=105 width=125)
	  Recheck Cond: ((k >= 5421055) AND (k <= 5421155))
	  ->  Bitmap Index Scan on k_6  (cost=0.00..5.48 rows=105 width=0)
	        Index Cond: ((k >= 5421055) AND (k <= 5421155))

table 7 : explain SELECT k, c FROM sbtest7 WHERE k BETWEEN 5421055 AND 5421155
	Bitmap Heap Scan on sbtest7  (cost=5.43..389.64 rows=97 width=125)
	  Recheck Cond: ((k >= 5421055) AND (k <= 5421155))
	  ->  Bitmap Index Scan on k_7  (cost=0.00..5.40 rows=97 width=0)
	        Index Cond: ((k >= 5421055) AND (k <= 5421155))

table 8 : explain SELECT k, c FROM sbtest8 WHERE k BETWEEN 5421055 AND 5421155
	Bitmap Heap Scan on sbtest8  (cost=5.44..393.62 rows=98 width=125)
	  Recheck Cond: ((k >= 5421055) AND (k <= 5421155))
	  ->  Bitmap Index Scan on k_8  (cost=0.00..5.42 rows=98 width=0)
	        Index Cond: ((k >= 5421055) AND (k <= 5421155))


for range-notcovered
table 1 : explain SELECT k, c FROM sbtest1 WHERE k BETWEEN 6496944 AND 6497044
	Bitmap Heap Scan on sbtest1  (cost=5.61..460.52 rows=115 width=125)
	  Recheck Cond: ((k >= 6496944) AND (k <= 6497044))
	  ->  Bitmap Index Scan on k_1  (cost=0.00..5.58 rows=115 width=0)
	        Index Cond: ((k >= 6496944) AND (k <= 6497044))

table 2 : explain SELECT k, c FROM sbtest2 WHERE k BETWEEN 6496944 AND 6497044
	Bitmap Heap Scan on sbtest2  (cost=5.49..413.26 rows=103 width=125)
	  Recheck Cond: ((k >= 6496944) AND (k <= 6497044))
	  ->  Bitmap Index Scan on k_2  (cost=0.00..5.46 rows=103 width=0)
	        Index Cond: ((k >= 6496944) AND (k <= 6497044))

table 3 : explain SELECT k, c FROM sbtest3 WHERE k BETWEEN 6496944 AND 6497044
	Bitmap Heap Scan on sbtest3  (cost=5.53..429.03 rows=107 width=125)
	  Recheck Cond: ((k >= 6496944) AND (k <= 6497044))
	  ->  Bitmap Index Scan on k_3  (cost=0.00..5.50 rows=107 width=0)
	        Index Cond: ((k >= 6496944) AND (k <= 6497044))

table 4 : explain SELECT k, c FROM sbtest4 WHERE k BETWEEN 6496944 AND 6497044
	Bitmap Heap Scan on sbtest4  (cost=5.40..377.79 rows=94 width=125)
	  Recheck Cond: ((k >= 6496944) AND (k <= 6497044))
	  ->  Bitmap Index Scan on k_4  (cost=0.00..5.38 rows=94 width=0)
	        Index Cond: ((k >= 6496944) AND (k <= 6497044))

table 5 : explain SELECT k, c FROM sbtest5 WHERE k BETWEEN 6496944 AND 6497044
	Bitmap Heap Scan on sbtest5  (cost=5.43..389.63 rows=97 width=125)
	  Recheck Cond: ((k >= 6496944) AND (k <= 6497044))
	  ->  Bitmap Index Scan on k_5  (cost=0.00..5.40 rows=97 width=0)
	        Index Cond: ((k >= 6496944) AND (k <= 6497044))

table 6 : explain SELECT k, c FROM sbtest6 WHERE k BETWEEN 6496944 AND 6497044
	Bitmap Heap Scan on sbtest6  (cost=5.55..436.96 rows=109 width=125)
	  Recheck Cond: ((k >= 6496944) AND (k <= 6497044))
	  ->  Bitmap Index Scan on k_6  (cost=0.00..5.52 rows=109 width=0)
	        Index Cond: ((k >= 6496944) AND (k <= 6497044))

table 7 : explain SELECT k, c FROM sbtest7 WHERE k BETWEEN 6496944 AND 6497044
	Bitmap Heap Scan on sbtest7  (cost=5.61..460.57 rows=115 width=125)
	  Recheck Cond: ((k >= 6496944) AND (k <= 6497044))
	  ->  Bitmap Index Scan on k_7  (cost=0.00..5.58 rows=115 width=0)
	        Index Cond: ((k >= 6496944) AND (k <= 6497044))

table 8 : explain SELECT k, c FROM sbtest8 WHERE k BETWEEN 6496944 AND 6497044
	Bitmap Heap Scan on sbtest8  (cost=5.49..413.34 rows=103 width=125)
	  Recheck Cond: ((k >= 6496944) AND (k <= 6497044))
	  ->  Bitmap Index Scan on k_8  (cost=0.00..5.46 rows=103 width=0)
	        Index Cond: ((k >= 6496944) AND (k <= 6497044))

explain: for range-notcovered :: explain SELECT k, c FROM sbtest%d WHERE k BETWEEN 2173248 AND 2173348

for range-notcovered
table 1 : explain SELECT k, c FROM sbtest1 WHERE k BETWEEN 3169346 AND 3169446
	Bitmap Heap Scan on sbtest1  (cost=5.44..393.54 rows=98 width=125)
	  Recheck Cond: ((k >= 3169346) AND (k <= 3169446))
	  ->  Bitmap Index Scan on k_1  (cost=0.00..5.42 rows=98 width=0)
	        Index Cond: ((k >= 3169346) AND (k <= 3169446))

table 2 : explain SELECT k, c FROM sbtest2 WHERE k BETWEEN 3169346 AND 3169446
	Bitmap Heap Scan on sbtest2  (cost=5.45..397.49 rows=99 width=125)
	  Recheck Cond: ((k >= 3169346) AND (k <= 3169446))
	  ->  Bitmap Index Scan on k_2  (cost=0.00..5.42 rows=99 width=0)
	        Index Cond: ((k >= 3169346) AND (k <= 3169446))

table 3 : explain SELECT k, c FROM sbtest3 WHERE k BETWEEN 3169346 AND 3169446
	Bitmap Heap Scan on sbtest3  (cost=5.41..381.73 rows=95 width=125)
	  Recheck Cond: ((k >= 3169346) AND (k <= 3169446))
	  ->  Bitmap Index Scan on k_3  (cost=0.00..5.38 rows=95 width=0)
	        Index Cond: ((k >= 3169346) AND (k <= 3169446))

table 4 : explain SELECT k, c FROM sbtest4 WHERE k BETWEEN 3169346 AND 3169446
	Bitmap Heap Scan on sbtest4  (cost=5.56..440.86 rows=110 width=125)
	  Recheck Cond: ((k >= 3169346) AND (k <= 3169446))
	  ->  Bitmap Index Scan on k_4  (cost=0.00..5.53 rows=110 width=0)
	        Index Cond: ((k >= 3169346) AND (k <= 3169446))

table 5 : explain SELECT k, c FROM sbtest5 WHERE k BETWEEN 3169346 AND 3169446
	Bitmap Heap Scan on sbtest5  (cost=5.51..421.16 rows=105 width=125)
	  Recheck Cond: ((k >= 3169346) AND (k <= 3169446))
	  ->  Bitmap Index Scan on k_5  (cost=0.00..5.48 rows=105 width=0)
	        Index Cond: ((k >= 3169346) AND (k <= 3169446))

table 6 : explain SELECT k, c FROM sbtest6 WHERE k BETWEEN 3169346 AND 3169446
	Bitmap Heap Scan on sbtest6  (cost=5.53..429.08 rows=107 width=125)
	  Recheck Cond: ((k >= 3169346) AND (k <= 3169446))
	  ->  Bitmap Index Scan on k_6  (cost=0.00..5.50 rows=107 width=0)
	        Index Cond: ((k >= 3169346) AND (k <= 3169446))

table 7 : explain SELECT k, c FROM sbtest7 WHERE k BETWEEN 3169346 AND 3169446
	Bitmap Heap Scan on sbtest7  (cost=5.48..409.36 rows=102 width=125)
	  Recheck Cond: ((k >= 3169346) AND (k <= 3169446))
	  ->  Bitmap Index Scan on k_7  (cost=0.00..5.45 rows=102 width=0)
	        Index Cond: ((k >= 3169346) AND (k <= 3169446))

table 8 : explain SELECT k, c FROM sbtest8 WHERE k BETWEEN 3169346 AND 3169446
	Bitmap Heap Scan on sbtest8  (cost=5.53..429.11 rows=107 width=125)
	  Recheck Cond: ((k >= 3169346) AND (k <= 3169446))
	  ->  Bitmap Index Scan on k_8  (cost=0.00..5.50 rows=107 width=0)
	        Index Cond: ((k >= 3169346) AND (k <= 3169446))

explain: for range-notcovered :: explain SELECT k, c FROM sbtest%d WHERE k BETWEEN 3662722 AND 3662822
explain: for range-notcovered :: explain SELECT k, c FROM sbtest%d WHERE k BETWEEN 5647166 AND 5647266

explain: for range-notcovered :: explain SELECT k, c FROM sbtest%d WHERE k BETWEEN 5421055 AND 5421155
explain: for range-notcovered :: explain SELECT k, c FROM sbtest%d WHERE k BETWEEN 9066599 AND 9066699

explain: for range-notcovered :: explain SELECT k, c FROM sbtest%d WHERE k BETWEEN 4047833 AND 4047933
for range-notcovered
table 1 : explain SELECT k, c FROM sbtest1 WHERE k BETWEEN 4581183 AND 4581283
	Bitmap Heap Scan on sbtest1  (cost=5.46..401.43 rows=100 width=125)
	  Recheck Cond: ((k >= 4581183) AND (k <= 4581283))
	  ->  Bitmap Index Scan on k_1  (cost=0.00..5.43 rows=100 width=0)
	        Index Cond: ((k >= 4581183) AND (k <= 4581283))

table 2 : explain SELECT k, c FROM sbtest2 WHERE k BETWEEN 4581183 AND 4581283
	Bitmap Heap Scan on sbtest2  (cost=5.48..409.32 rows=102 width=125)
	  Recheck Cond: ((k >= 4581183) AND (k <= 4581283))
	  ->  Bitmap Index Scan on k_2  (cost=0.00..5.45 rows=102 width=0)
	        Index Cond: ((k >= 4581183) AND (k <= 4581283))

table 3 : explain SELECT k, c FROM sbtest3 WHERE k BETWEEN 4581183 AND 4581283
	Bitmap Heap Scan on sbtest3  (cost=5.48..409.33 rows=102 width=125)
	  Recheck Cond: ((k >= 4581183) AND (k <= 4581283))
	  ->  Bitmap Index Scan on k_3  (cost=0.00..5.45 rows=102 width=0)
	        Index Cond: ((k >= 4581183) AND (k <= 4581283))

table 4 : explain SELECT k, c FROM sbtest4 WHERE k BETWEEN 4581183 AND 4581283
	Bitmap Heap Scan on sbtest4  (cost=5.47..405.39 rows=101 width=125)
	  Recheck Cond: ((k >= 4581183) AND (k <= 4581283))
	  ->  Bitmap Index Scan on k_4  (cost=0.00..5.44 rows=101 width=0)
	        Index Cond: ((k >= 4581183) AND (k <= 4581283))

table 5 : explain SELECT k, c FROM sbtest5 WHERE k BETWEEN 4581183 AND 4581283
	Bitmap Heap Scan on sbtest5  (cost=5.48..409.34 rows=102 width=125)
	  Recheck Cond: ((k >= 4581183) AND (k <= 4581283))
	  ->  Bitmap Index Scan on k_5  (cost=0.00..5.45 rows=102 width=0)
	        Index Cond: ((k >= 4581183) AND (k <= 4581283))

table 6 : explain SELECT k, c FROM sbtest6 WHERE k BETWEEN 4581183 AND 4581283
	Bitmap Heap Scan on sbtest6  (cost=5.61..460.59 rows=115 width=125)
	  Recheck Cond: ((k >= 4581183) AND (k <= 4581283))
	  ->  Bitmap Index Scan on k_6  (cost=0.00..5.58 rows=115 width=0)
	        Index Cond: ((k >= 4581183) AND (k <= 4581283))

table 7 : explain SELECT k, c FROM sbtest7 WHERE k BETWEEN 4581183 AND 4581283
	Bitmap Heap Scan on sbtest7  (cost=5.46..401.48 rows=100 width=125)
	  Recheck Cond: ((k >= 4581183) AND (k <= 4581283))
	  ->  Bitmap Index Scan on k_7  (cost=0.00..5.43 rows=100 width=0)
	        Index Cond: ((k >= 4581183) AND (k <= 4581283))

table 8 : explain SELECT k, c FROM sbtest8 WHERE k BETWEEN 4581183 AND 4581283
	Bitmap Heap Scan on sbtest8  (cost=5.45..397.57 rows=99 width=125)
	  Recheck Cond: ((k >= 4581183) AND (k <= 4581283))
	  ->  Bitmap Index Scan on k_8  (cost=0.00..5.42 rows=99 width=0)
	        Index Cond: ((k >= 4581183) AND (k <= 4581283))


explain: for range-notcovered :: explain SELECT k, c FROM sbtest%d WHERE k BETWEEN 7296580 AND 7296680
for range-notcovered
table 1 : explain SELECT k, c FROM sbtest1 WHERE k BETWEEN 7936229 AND 7936329
	Bitmap Heap Scan on sbtest1  (cost=5.46..401.43 rows=100 width=125)
	  Recheck Cond: ((k >= 7936229) AND (k <= 7936329))
	  ->  Bitmap Index Scan on k_1  (cost=0.00..5.43 rows=100 width=0)
	        Index Cond: ((k >= 7936229) AND (k <= 7936329))

table 2 : explain SELECT k, c FROM sbtest2 WHERE k BETWEEN 7936229 AND 7936329
	Bitmap Heap Scan on sbtest2  (cost=5.49..413.26 rows=103 width=125)
	  Recheck Cond: ((k >= 7936229) AND (k <= 7936329))
	  ->  Bitmap Index Scan on k_2  (cost=0.00..5.46 rows=103 width=0)
	        Index Cond: ((k >= 7936229) AND (k <= 7936329))

table 3 : explain SELECT k, c FROM sbtest3 WHERE k BETWEEN 7936229 AND 7936329
	Bitmap Heap Scan on sbtest3  (cost=5.39..373.84 rows=93 width=125)
	  Recheck Cond: ((k >= 7936229) AND (k <= 7936329))
	  ->  Bitmap Index Scan on k_3  (cost=0.00..5.36 rows=93 width=0)
	        Index Cond: ((k >= 7936229) AND (k <= 7936329))

table 4 : explain SELECT k, c FROM sbtest4 WHERE k BETWEEN 7936229 AND 7936329
	Bitmap Heap Scan on sbtest4  (cost=5.39..373.84 rows=93 width=125)
	  Recheck Cond: ((k >= 7936229) AND (k <= 7936329))
	  ->  Bitmap Index Scan on k_4  (cost=0.00..5.36 rows=93 width=0)
	        Index Cond: ((k >= 7936229) AND (k <= 7936329))

table 5 : explain SELECT k, c FROM sbtest5 WHERE k BETWEEN 7936229 AND 7936329
	Bitmap Heap Scan on sbtest5  (cost=5.49..413.28 rows=103 width=125)
	  Recheck Cond: ((k >= 7936229) AND (k <= 7936329))
	  ->  Bitmap Index Scan on k_5  (cost=0.00..5.46 rows=103 width=0)
	        Index Cond: ((k >= 7936229) AND (k <= 7936329))

table 6 : explain SELECT k, c FROM sbtest6 WHERE k BETWEEN 7936229 AND 7936329
	Bitmap Heap Scan on sbtest6  (cost=5.43..389.66 rows=97 width=125)
	  Recheck Cond: ((k >= 7936229) AND (k <= 7936329))
	  ->  Bitmap Index Scan on k_6  (cost=0.00..5.40 rows=97 width=0)
	        Index Cond: ((k >= 7936229) AND (k <= 7936329))

table 7 : explain SELECT k, c FROM sbtest7 WHERE k BETWEEN 7936229 AND 7936329
	Bitmap Heap Scan on sbtest7  (cost=5.55..436.95 rows=109 width=125)
	  Recheck Cond: ((k >= 7936229) AND (k <= 7936329))
	  ->  Bitmap Index Scan on k_7  (cost=0.00..5.52 rows=109 width=0)
	        Index Cond: ((k >= 7936229) AND (k <= 7936329))

table 8 : explain SELECT k, c FROM sbtest8 WHERE k BETWEEN 7936229 AND 7936329
	Bitmap Heap Scan on sbtest8  (cost=5.50..417.28 rows=104 width=125)
	  Recheck Cond: ((k >= 7936229) AND (k <= 7936329))
	  ->  Bitmap Index Scan on k_8  (cost=0.00..5.47 rows=104 width=0)
	        Index Cond: ((k >= 7936229) AND (k <= 7936329))

for range-notcovered
table 1 : explain SELECT k, c FROM sbtest1 WHERE k BETWEEN 4007277 AND 4007377
	Bitmap Heap Scan on sbtest1  (cost=5.42..385.66 rows=96 width=125)
	  Recheck Cond: ((k >= 4007277) AND (k <= 4007377))
	  ->  Bitmap Index Scan on k_1  (cost=0.00..5.39 rows=96 width=0)
	        Index Cond: ((k >= 4007277) AND (k <= 4007377))

table 2 : explain SELECT k, c FROM sbtest2 WHERE k BETWEEN 4007277 AND 4007377
	Bitmap Heap Scan on sbtest2  (cost=5.43..389.60 rows=97 width=125)
	  Recheck Cond: ((k >= 4007277) AND (k <= 4007377))
	  ->  Bitmap Index Scan on k_2  (cost=0.00..5.40 rows=97 width=0)
	        Index Cond: ((k >= 4007277) AND (k <= 4007377))

table 3 : explain SELECT k, c FROM sbtest3 WHERE k BETWEEN 4007277 AND 4007377
	Bitmap Heap Scan on sbtest3  (cost=5.45..397.50 rows=99 width=125)
	  Recheck Cond: ((k >= 4007277) AND (k <= 4007377))
	  ->  Bitmap Index Scan on k_3  (cost=0.00..5.42 rows=99 width=0)
	        Index Cond: ((k >= 4007277) AND (k <= 4007377))

table 4 : explain SELECT k, c FROM sbtest4 WHERE k BETWEEN 4007277 AND 4007377
	Bitmap Heap Scan on sbtest4  (cost=5.49..413.28 rows=103 width=125)
	  Recheck Cond: ((k >= 4007277) AND (k <= 4007377))
	  ->  Bitmap Index Scan on k_4  (cost=0.00..5.46 rows=103 width=0)
	        Index Cond: ((k >= 4007277) AND (k <= 4007377))

table 5 : explain SELECT k, c FROM sbtest5 WHERE k BETWEEN 4007277 AND 4007377
	Bitmap Heap Scan on sbtest5  (cost=5.46..401.46 rows=100 width=125)
	  Recheck Cond: ((k >= 4007277) AND (k <= 4007377))
	  ->  Bitmap Index Scan on k_5  (cost=0.00..5.43 rows=100 width=0)
	        Index Cond: ((k >= 4007277) AND (k <= 4007377))

table 6 : explain SELECT k, c FROM sbtest6 WHERE k BETWEEN 4007277 AND 4007377
	Bitmap Heap Scan on sbtest6  (cost=5.41..381.77 rows=95 width=125)
	  Recheck Cond: ((k >= 4007277) AND (k <= 4007377))
	  ->  Bitmap Index Scan on k_6  (cost=0.00..5.38 rows=95 width=0)
	        Index Cond: ((k >= 4007277) AND (k <= 4007377))

table 7 : explain SELECT k, c FROM sbtest7 WHERE k BETWEEN 4007277 AND 4007377
	Bitmap Heap Scan on sbtest7  (cost=5.49..413.30 rows=103 width=125)
	  Recheck Cond: ((k >= 4007277) AND (k <= 4007377))
	  ->  Bitmap Index Scan on k_7  (cost=0.00..5.46 rows=103 width=0)
	        Index Cond: ((k >= 4007277) AND (k <= 4007377))

table 8 : explain SELECT k, c FROM sbtest8 WHERE k BETWEEN 4007277 AND 4007377
	Bitmap Heap Scan on sbtest8  (cost=5.44..393.62 rows=98 width=125)
	  Recheck Cond: ((k >= 4007277) AND (k <= 4007377))
	  ->  Bitmap Index Scan on k_8  (cost=0.00..5.42 rows=98 width=0)
	        Index Cond: ((k >= 4007277) AND (k <= 4007377))

for range-notcovered
table 1 : explain SELECT k, c FROM sbtest1 WHERE k BETWEEN 4344122 AND 4344222
	Bitmap Heap Scan on sbtest1  (cost=5.50..417.19 rows=104 width=125)
	  Recheck Cond: ((k >= 4344122) AND (k <= 4344222))
	  ->  Bitmap Index Scan on k_1  (cost=0.00..5.47 rows=104 width=0)
	        Index Cond: ((k >= 4344122) AND (k <= 4344222))

table 2 : explain SELECT k, c FROM sbtest2 WHERE k BETWEEN 4344122 AND 4344222
	Bitmap Heap Scan on sbtest2  (cost=5.40..377.77 rows=94 width=125)
	  Recheck Cond: ((k >= 4344122) AND (k <= 4344222))
	  ->  Bitmap Index Scan on k_2  (cost=0.00..5.38 rows=94 width=0)
	        Index Cond: ((k >= 4344122) AND (k <= 4344222))

table 3 : explain SELECT k, c FROM sbtest3 WHERE k BETWEEN 4344122 AND 4344222
	Bitmap Heap Scan on sbtest3  (cost=5.52..425.09 rows=106 width=125)
	  Recheck Cond: ((k >= 4344122) AND (k <= 4344222))
	  ->  Bitmap Index Scan on k_3  (cost=0.00..5.50 rows=106 width=0)
	        Index Cond: ((k >= 4344122) AND (k <= 4344222))

table 4 : explain SELECT k, c FROM sbtest4 WHERE k BETWEEN 4344122 AND 4344222
	Bitmap Heap Scan on sbtest4  (cost=5.44..393.57 rows=98 width=125)
	  Recheck Cond: ((k >= 4344122) AND (k <= 4344222))
	  ->  Bitmap Index Scan on k_4  (cost=0.00..5.42 rows=98 width=0)
	        Index Cond: ((k >= 4344122) AND (k <= 4344222))

table 5 : explain SELECT k, c FROM sbtest5 WHERE k BETWEEN 4344122 AND 4344222
	Bitmap Heap Scan on sbtest5  (cost=5.59..452.68 rows=113 width=125)
	  Recheck Cond: ((k >= 4344122) AND (k <= 4344222))
	  ->  Bitmap Index Scan on k_5  (cost=0.00..5.56 rows=113 width=0)
	        Index Cond: ((k >= 4344122) AND (k <= 4344222))

table 6 : explain SELECT k, c FROM sbtest6 WHERE k BETWEEN 4344122 AND 4344222
	Bitmap Heap Scan on sbtest6  (cost=5.48..409.37 rows=102 width=125)
	  Recheck Cond: ((k >= 4344122) AND (k <= 4344222))
	  ->  Bitmap Index Scan on k_6  (cost=0.00..5.45 rows=102 width=0)
	        Index Cond: ((k >= 4344122) AND (k <= 4344222))

table 7 : explain SELECT k, c FROM sbtest7 WHERE k BETWEEN 4344122 AND 4344222
	Bitmap Heap Scan on sbtest7  (cost=5.40..377.81 rows=94 width=125)
	  Recheck Cond: ((k >= 4344122) AND (k <= 4344222))
	  ->  Bitmap Index Scan on k_7  (cost=0.00..5.38 rows=94 width=0)
	        Index Cond: ((k >= 4344122) AND (k <= 4344222))

table 8 : explain SELECT k, c FROM sbtest8 WHERE k BETWEEN 4344122 AND 4344222
	Bitmap Heap Scan on sbtest8  (cost=5.50..417.28 rows=104 width=125)
	  Recheck Cond: ((k >= 4344122) AND (k <= 4344222))
	  ->  Bitmap Index Scan on k_8  (cost=0.00..5.47 rows=104 width=0)
	        Index Cond: ((k >= 4344122) AND (k <= 4344222))

explain: for range-notcovered :: explain SELECT k, c FROM sbtest%d WHERE k BETWEEN 6496944 AND 6497044
explain: for range-notcovered :: explain SELECT k, c FROM sbtest%d WHERE k BETWEEN 4581183 AND 4581283
explain: for range-notcovered :: explain SELECT k, c FROM sbtest%d WHERE k BETWEEN 8329928 AND 8330028explain: for range-notcovered :: explain SELECT k, c FROM sbtest%d WHERE k BETWEEN 7936229 AND 7936329explain: for range-notcovered :: explain SELECT k, c FROM sbtest%d WHERE k BETWEEN 4007277 AND 4007377explain: for range-notcovered :: explain SELECT k, c FROM sbtest%d WHERE k BETWEEN 3169346 AND 3169446for range-notcovered
table 1 : explain SELECT k, c FROM sbtest1 WHERE k BETWEEN 5330440 AND 5330540
	Bitmap Heap Scan on sbtest1  (cost=5.46..401.43 rows=100 width=125)
	  Recheck Cond: ((k >= 5330440) AND (k <= 5330540))
	  ->  Bitmap Index Scan on k_1  (cost=0.00..5.43 rows=100 width=0)
	        Index Cond: ((k >= 5330440) AND (k <= 5330540))

table 2 : explain SELECT k, c FROM sbtest2 WHERE k BETWEEN 5330440 AND 5330540
	Bitmap Heap Scan on sbtest2  (cost=5.56..440.83 rows=110 width=125)
	  Recheck Cond: ((k >= 5330440) AND (k <= 5330540))
	  ->  Bitmap Index Scan on k_2  (cost=0.00..5.53 rows=110 width=0)
	        Index Cond: ((k >= 5330440) AND (k <= 5330540))

table 3 : explain SELECT k, c FROM sbtest3 WHERE k BETWEEN 5330440 AND 5330540
	Bitmap Heap Scan on sbtest3  (cost=5.39..373.84 rows=93 width=125)
	  Recheck Cond: ((k >= 5330440) AND (k <= 5330540))
	  ->  Bitmap Index Scan on k_3  (cost=0.00..5.36 rows=93 width=0)
	        Index Cond: ((k >= 5330440) AND (k <= 5330540))

table 4 : explain SELECT k, c FROM sbtest4 WHERE k BETWEEN 5330440 AND 5330540
	Bitmap Heap Scan on sbtest4  (cost=5.42..385.68 rows=96 width=125)
	  Recheck Cond: ((k >= 5330440) AND (k <= 5330540))
	  ->  Bitmap Index Scan on k_4  (cost=0.00..5.39 rows=96 width=0)
	        Index Cond: ((k >= 5330440) AND (k <= 5330540))

table 5 : explain SELECT k, c FROM sbtest5 WHERE k BETWEEN 5330440 AND 5330540
	Bitmap Heap Scan on sbtest5  (cost=5.53..429.04 rows=107 width=125)
	  Recheck Cond: ((k >= 5330440) AND (k <= 5330540))
	  ->  Bitmap Index Scan on k_5  (cost=0.00..5.50 rows=107 width=0)
	        Index Cond: ((k >= 5330440) AND (k <= 5330540))

table 6 : explain SELECT k, c FROM sbtest6 WHERE k BETWEEN 5330440 AND 5330540
	Bitmap Heap Scan on sbtest6  (cost=5.52..425.14 rows=106 width=125)
	  Recheck Cond: ((k >= 5330440) AND (k <= 5330540))
	  ->  Bitmap Index Scan on k_6  (cost=0.00..5.50 rows=106 width=0)
	        Index Cond: ((k >= 5330440) AND (k <= 5330540))

table 7 : explain SELECT k, c FROM sbtest7 WHERE k BETWEEN 5330440 AND 5330540
	Bitmap Heap Scan on sbtest7  (cost=5.51..421.19 rows=105 width=125)
	  Recheck Cond: ((k >= 5330440) AND (k <= 5330540))
	  ->  Bitmap Index Scan on k_7  (cost=0.00..5.48 rows=105 width=0)
	        Index Cond: ((k >= 5330440) AND (k <= 5330540))

table 8 : explain SELECT k, c FROM sbtest8 WHERE k BETWEEN 5330440 AND 5330540
	Bitmap Heap Scan on sbtest8  (cost=5.50..417.28 rows=104 width=125)
	  Recheck Cond: ((k >= 5330440) AND (k <= 5330540))
	  ->  Bitmap Index Scan on k_8  (cost=0.00..5.47 rows=104 width=0)
	        Index Cond: ((k >= 5330440) AND (k <= 5330540))

for range-notcovered
table 1 : explain SELECT k, c FROM sbtest1 WHERE k BETWEEN 2095794 AND 2095894
	Bitmap Heap Scan on sbtest1  (cost=5.62..464.45 rows=116 width=125)
	  Recheck Cond: ((k >= 2095794) AND (k <= 2095894))
	  ->  Bitmap Index Scan on k_1  (cost=0.00..5.59 rows=116 width=0)
	        Index Cond: ((k >= 2095794) AND (k <= 2095894))

table 2 : explain SELECT k, c FROM sbtest2 WHERE k BETWEEN 2095794 AND 2095894
	Bitmap Heap Scan on sbtest2  (cost=5.54..432.96 rows=108 width=125)
	  Recheck Cond: ((k >= 2095794) AND (k <= 2095894))
	  ->  Bitmap Index Scan on k_2  (cost=0.00..5.51 rows=108 width=0)
	        Index Cond: ((k >= 2095794) AND (k <= 2095894))

table 3 : explain SELECT k, c FROM sbtest3 WHERE k BETWEEN 2095794 AND 2095894
	Bitmap Heap Scan on sbtest3  (cost=5.44..393.56 rows=98 width=125)
	  Recheck Cond: ((k >= 2095794) AND (k <= 2095894))
	  ->  Bitmap Index Scan on k_3  (cost=0.00..5.42 rows=98 width=0)
	        Index Cond: ((k >= 2095794) AND (k <= 2095894))

table 4 : explain SELECT k, c FROM sbtest4 WHERE k BETWEEN 2095794 AND 2095894
	Bitmap Heap Scan on sbtest4  (cost=5.55..436.92 rows=109 width=125)
	  Recheck Cond: ((k >= 2095794) AND (k <= 2095894))
	  ->  Bitmap Index Scan on k_4  (cost=0.00..5.52 rows=109 width=0)
	        Index Cond: ((k >= 2095794) AND (k <= 2095894))

table 5 : explain SELECT k, c FROM sbtest5 WHERE k BETWEEN 2095794 AND 2095894
	Bitmap Heap Scan on sbtest5  (cost=5.44..393.57 rows=98 width=125)
	  Recheck Cond: ((k >= 2095794) AND (k <= 2095894))
	  ->  Bitmap Index Scan on k_5  (cost=0.00..5.42 rows=98 width=0)
	        Index Cond: ((k >= 2095794) AND (k <= 2095894))

table 6 : explain SELECT k, c FROM sbtest6 WHERE k BETWEEN 2095794 AND 2095894
	Bitmap Heap Scan on sbtest6  (cost=5.42..385.71 rows=96 width=125)
	  Recheck Cond: ((k >= 2095794) AND (k <= 2095894))
	  ->  Bitmap Index Scan on k_6  (cost=0.00..5.39 rows=96 width=0)
	        Index Cond: ((k >= 2095794) AND (k <= 2095894))

table 7 : explain SELECT k, c FROM sbtest7 WHERE k BETWEEN 2095794 AND 2095894
	Bitmap Heap Scan on sbtest7  (cost=5.49..413.30 rows=103 width=125)
	  Recheck Cond: ((k >= 2095794) AND (k <= 2095894))
	  ->  Bitmap Index Scan on k_7  (cost=0.00..5.46 rows=103 width=0)
	        Index Cond: ((k >= 2095794) AND (k <= 2095894))

table 8 : explain SELECT k, c FROM sbtest8 WHERE k BETWEEN 2095794 AND 2095894
	Bitmap Heap Scan on sbtest8  (cost=5.44..393.62 rows=98 width=125)
	  Recheck Cond: ((k >= 2095794) AND (k <= 2095894))
	  ->  Bitmap Index Scan on k_8  (cost=0.00..5.42 rows=98 width=0)
	        Index Cond: ((k >= 2095794) AND (k <= 2095894))

for range-notcovered
table 1 : explain SELECT k, c FROM sbtest1 WHERE k BETWEEN 7480959 AND 7481059
	Bitmap Heap Scan on sbtest1  (cost=5.47..405.37 rows=101 width=125)
	  Recheck Cond: ((k >= 7480959) AND (k <= 7481059))
	  ->  Bitmap Index Scan on k_1  (cost=0.00..5.44 rows=101 width=0)
	        Index Cond: ((k >= 7480959) AND (k <= 7481059))

table 2 : explain SELECT k, c FROM sbtest2 WHERE k BETWEEN 7480959 AND 7481059
	Bitmap Heap Scan on sbtest2  (cost=5.48..409.32 rows=102 width=125)
	  Recheck Cond: ((k >= 7480959) AND (k <= 7481059))
	  ->  Bitmap Index Scan on k_2  (cost=0.00..5.45 rows=102 width=0)
	        Index Cond: ((k >= 7480959) AND (k <= 7481059))

table 3 : explain SELECT k, c FROM sbtest3 WHERE k BETWEEN 7480959 AND 7481059
	Bitmap Heap Scan on sbtest3  (cost=5.46..401.44 rows=100 width=125)
	  Recheck Cond: ((k >= 7480959) AND (k <= 7481059))
	  ->  Bitmap Index Scan on k_3  (cost=0.00..5.43 rows=100 width=0)
	        Index Cond: ((k >= 7480959) AND (k <= 7481059))

table 4 : explain SELECT k, c FROM sbtest4 WHERE k BETWEEN 7480959 AND 7481059
	Bitmap Heap Scan on sbtest4  (cost=5.51..421.16 rows=105 width=125)
	  Recheck Cond: ((k >= 7480959) AND (k <= 7481059))
	  ->  Bitmap Index Scan on k_4  (cost=0.00..5.48 rows=105 width=0)
	        Index Cond: ((k >= 7480959) AND (k <= 7481059))

table 5 : explain SELECT k, c FROM sbtest5 WHERE k BETWEEN 7480959 AND 7481059
	Bitmap Heap Scan on sbtest5  (cost=5.52..425.10 rows=106 width=125)
	  Recheck Cond: ((k >= 7480959) AND (k <= 7481059))
	  ->  Bitmap Index Scan on k_5  (cost=0.00..5.50 rows=106 width=0)
	        Index Cond: ((k >= 7480959) AND (k <= 7481059))

table 6 : explain SELECT k, c FROM sbtest6 WHERE k BETWEEN 7480959 AND 7481059
	Bitmap Heap Scan on sbtest6  (cost=5.59..452.72 rows=113 width=125)
	  Recheck Cond: ((k >= 7480959) AND (k <= 7481059))
	  ->  Bitmap Index Scan on k_6  (cost=0.00..5.56 rows=113 width=0)
	        Index Cond: ((k >= 7480959) AND (k <= 7481059))

table 7 : explain SELECT k, c FROM sbtest7 WHERE k BETWEEN 7480959 AND 7481059
	Bitmap Heap Scan on sbtest7  (cost=5.45..397.53 rows=99 width=125)
	  Recheck Cond: ((k >= 7480959) AND (k <= 7481059))
	  ->  Bitmap Index Scan on k_7  (cost=0.00..5.42 rows=99 width=0)
	        Index Cond: ((k >= 7480959) AND (k <= 7481059))

table 8 : explain SELECT k, c FROM sbtest8 WHERE k BETWEEN 7480959 AND 7481059
	Bitmap Heap Scan on sbtest8  (cost=5.50..417.28 rows=104 width=125)
	  Recheck Cond: ((k >= 7480959) AND (k <= 7481059))
	  ->  Bitmap Index Scan on k_8  (cost=0.00..5.47 rows=104 width=0)
	        Index Cond: ((k >= 7480959) AND (k <= 7481059))

for range-notcovered
table 1 : explain SELECT k, c FROM sbtest1 WHERE k BETWEEN 3887905 AND 3888005
	Bitmap Heap Scan on sbtest1  (cost=5.47..405.37 rows=101 width=125)
	  Recheck Cond: ((k >= 3887905) AND (k <= 3888005))
	  ->  Bitmap Index Scan on k_1  (cost=0.00..5.44 rows=101 width=0)
	        Index Cond: ((k >= 3887905) AND (k <= 3888005))

table 2 : explain SELECT k, c FROM sbtest2 WHERE k BETWEEN 3887905 AND 3888005
	Bitmap Heap Scan on sbtest2  (cost=5.55..436.90 rows=109 width=125)
	  Recheck Cond: ((k >= 3887905) AND (k <= 3888005))
	  ->  Bitmap Index Scan on k_2  (cost=0.00..5.52 rows=109 width=0)
	        Index Cond: ((k >= 3887905) AND (k <= 3888005))

table 3 : explain SELECT k, c FROM sbtest3 WHERE k BETWEEN 3887905 AND 3888005
	Bitmap Heap Scan on sbtest3  (cost=5.54..432.97 rows=108 width=125)
	  Recheck Cond: ((k >= 3887905) AND (k <= 3888005))
	  ->  Bitmap Index Scan on k_3  (cost=0.00..5.51 rows=108 width=0)
	        Index Cond: ((k >= 3887905) AND (k <= 3888005))

table 4 : explain SELECT k, c FROM sbtest4 WHERE k BETWEEN 3887905 AND 3888005
	Bitmap Heap Scan on sbtest4  (cost=5.43..389.62 rows=97 width=125)
	  Recheck Cond: ((k >= 3887905) AND (k <= 3888005))
	  ->  Bitmap Index Scan on k_4  (cost=0.00..5.40 rows=97 width=0)
	        Index Cond: ((k >= 3887905) AND (k <= 3888005))

table 5 : explain SELECT k, c FROM sbtest5 WHERE k BETWEEN 3887905 AND 3888005
	Bitmap Heap Scan on sbtest5  (cost=5.47..405.40 rows=101 width=125)
	  Recheck Cond: ((k >= 3887905) AND (k <= 3888005))
	  ->  Bitmap Index Scan on k_5  (cost=0.00..5.44 rows=101 width=0)
	        Index Cond: ((k >= 3887905) AND (k <= 3888005))

table 6 : explain SELECT k, c FROM sbtest6 WHERE k BETWEEN 3887905 AND 3888005
	Bitmap Heap Scan on sbtest6  (cost=5.46..401.49 rows=100 width=125)
	  Recheck Cond: ((k >= 3887905) AND (k <= 3888005))
	  ->  Bitmap Index Scan on k_6  (cost=0.00..5.43 rows=100 width=0)
	        Index Cond: ((k >= 3887905) AND (k <= 3888005))

table 7 : explain SELECT k, c FROM sbtest7 WHERE k BETWEEN 3887905 AND 3888005
	Bitmap Heap Scan on sbtest7  (cost=5.47..405.42 rows=101 width=125)
	  Recheck Cond: ((k >= 3887905) AND (k <= 3888005))
	  ->  Bitmap Index Scan on k_7  (cost=0.00..5.44 rows=101 width=0)
	        Index Cond: ((k >= 3887905) AND (k <= 3888005))

table 8 : explain SELECT k, c FROM sbtest8 WHERE k BETWEEN 3887905 AND 3888005
	Bitmap Heap Scan on sbtest8  (cost=5.41..381.79 rows=95 width=125)
	  Recheck Cond: ((k >= 3887905) AND (k <= 3888005))
	  ->  Bitmap Index Scan on k_8  (cost=0.00..5.38 rows=95 width=0)
	        Index Cond: ((k >= 3887905) AND (k <= 3888005))

for range-notcovered
table 1 : explain SELECT k, c FROM sbtest1 WHERE k BETWEEN 6043282 AND 6043382
	Bitmap Heap Scan on sbtest1  (cost=5.40..377.77 rows=94 width=125)
	  Recheck Cond: ((k >= 6043282) AND (k <= 6043382))
	  ->  Bitmap Index Scan on k_1  (cost=0.00..5.38 rows=94 width=0)
	        Index Cond: ((k >= 6043282) AND (k <= 6043382))

table 2 : explain SELECT k, c FROM sbtest2 WHERE k BETWEEN 6043282 AND 6043382
	Bitmap Heap Scan on sbtest2  (cost=5.45..397.49 rows=99 width=125)
	  Recheck Cond: ((k >= 6043282) AND (k <= 6043382))
	  ->  Bitmap Index Scan on k_2  (cost=0.00..5.42 rows=99 width=0)
	        Index Cond: ((k >= 6043282) AND (k <= 6043382))

table 3 : explain SELECT k, c FROM sbtest3 WHERE k BETWEEN 6043282 AND 6043382
	Bitmap Heap Scan on sbtest3  (cost=5.50..417.21 rows=104 width=125)
	  Recheck Cond: ((k >= 6043282) AND (k <= 6043382))
	  ->  Bitmap Index Scan on k_3  (cost=0.00..5.47 rows=104 width=0)
	        Index Cond: ((k >= 6043282) AND (k <= 6043382))

table 4 : explain SELECT k, c FROM sbtest4 WHERE k BETWEEN 6043282 AND 6043382
	Bitmap Heap Scan on sbtest4  (cost=5.44..393.57 rows=98 width=125)
	  Recheck Cond: ((k >= 6043282) AND (k <= 6043382))
	  ->  Bitmap Index Scan on k_4  (cost=0.00..5.42 rows=98 width=0)
	        Index Cond: ((k >= 6043282) AND (k <= 6043382))

table 5 : explain SELECT k, c FROM sbtest5 WHERE k BETWEEN 6043282 AND 6043382
	Bitmap Heap Scan on sbtest5  (cost=5.40..377.79 rows=94 width=125)
	  Recheck Cond: ((k >= 6043282) AND (k <= 6043382))
	  ->  Bitmap Index Scan on k_5  (cost=0.00..5.38 rows=94 width=0)
	        Index Cond: ((k >= 6043282) AND (k <= 6043382))

table 6 : explain SELECT k, c FROM sbtest6 WHERE k BETWEEN 6043282 AND 6043382
	Bitmap Heap Scan on sbtest6  (cost=5.40..377.82 rows=94 width=125)
	  Recheck Cond: ((k >= 6043282) AND (k <= 6043382))
	  ->  Bitmap Index Scan on k_6  (cost=0.00..5.38 rows=94 width=0)
	        Index Cond: ((k >= 6043282) AND (k <= 6043382))

table 7 : explain SELECT k, c FROM sbtest7 WHERE k BETWEEN 6043282 AND 6043382
	Bitmap Heap Scan on sbtest7  (cost=5.45..397.53 rows=99 width=125)
	  Recheck Cond: ((k >= 6043282) AND (k <= 6043382))
	  ->  Bitmap Index Scan on k_7  (cost=0.00..5.42 rows=99 width=0)
	        Index Cond: ((k >= 6043282) AND (k <= 6043382))

table 8 : explain SELECT k, c FROM sbtest8 WHERE k BETWEEN 6043282 AND 6043382
	Bitmap Heap Scan on sbtest8  (cost=5.49..413.34 rows=103 width=125)
	  Recheck Cond: ((k >= 6043282) AND (k <= 6043382))
	  ->  Bitmap Index Scan on k_8  (cost=0.00..5.46 rows=103 width=0)
	        Index Cond: ((k >= 6043282) AND (k <= 6043382))

for range-notcovered
table 1 : explain SELECT k, c FROM sbtest1 WHERE k BETWEEN 4636687 AND 4636787
	Bitmap Heap Scan on sbtest1  (cost=5.44..393.54 rows=98 width=125)
	  Recheck Cond: ((k >= 4636687) AND (k <= 4636787))
	  ->  Bitmap Index Scan on k_1  (cost=0.00..5.42 rows=98 width=0)
	        Index Cond: ((k >= 4636687) AND (k <= 4636787))

table 2 : explain SELECT k, c FROM sbtest2 WHERE k BETWEEN 4636687 AND 4636787
	Bitmap Heap Scan on sbtest2  (cost=5.48..409.32 rows=102 width=125)
	  Recheck Cond: ((k >= 4636687) AND (k <= 4636787))
	  ->  Bitmap Index Scan on k_2  (cost=0.00..5.45 rows=102 width=0)
	        Index Cond: ((k >= 4636687) AND (k <= 4636787))

table 3 : explain SELECT k, c FROM sbtest3 WHERE k BETWEEN 4636687 AND 4636787
	Bitmap Heap Scan on sbtest3  (cost=5.46..401.44 rows=100 width=125)
	  Recheck Cond: ((k >= 4636687) AND (k <= 4636787))
	  ->  Bitmap Index Scan on k_3  (cost=0.00..5.43 rows=100 width=0)
	        Index Cond: ((k >= 4636687) AND (k <= 4636787))

table 4 : explain SELECT k, c FROM sbtest4 WHERE k BETWEEN 4636687 AND 4636787
	Bitmap Heap Scan on sbtest4  (cost=5.46..401.45 rows=100 width=125)
	  Recheck Cond: ((k >= 4636687) AND (k <= 4636787))
	  ->  Bitmap Index Scan on k_4  (cost=0.00..5.43 rows=100 width=0)
	        Index Cond: ((k >= 4636687) AND (k <= 4636787))

table 5 : explain SELECT k, c FROM sbtest5 WHERE k BETWEEN 4636687 AND 4636787
	Bitmap Heap Scan on sbtest5  (cost=5.48..409.34 rows=102 width=125)
	  Recheck Cond: ((k >= 4636687) AND (k <= 4636787))
	  ->  Bitmap Index Scan on k_5  (cost=0.00..5.45 rows=102 width=0)
	        Index Cond: ((k >= 4636687) AND (k <= 4636787))

table 6 : explain SELECT k, c FROM sbtest6 WHERE k BETWEEN 4636687 AND 4636787
	Bitmap Heap Scan on sbtest6  (cost=5.51..421.20 rows=105 width=125)
	  Recheck Cond: ((k >= 4636687) AND (k <= 4636787))
	  ->  Bitmap Index Scan on k_6  (cost=0.00..5.48 rows=105 width=0)
	        Index Cond: ((k >= 4636687) AND (k <= 4636787))

table 7 : explain SELECT k, c FROM sbtest7 WHERE k BETWEEN 4636687 AND 4636787
	Bitmap Heap Scan on sbtest7  (cost=5.41..381.76 rows=95 width=125)
	  Recheck Cond: ((k >= 4636687) AND (k <= 4636787))
	  ->  Bitmap Index Scan on k_7  (cost=0.00..5.38 rows=95 width=0)
	        Index Cond: ((k >= 4636687) AND (k <= 4636787))

table 8 : explain SELECT k, c FROM sbtest8 WHERE k BETWEEN 4636687 AND 4636787
	Bitmap Heap Scan on sbtest8  (cost=5.45..397.57 rows=99 width=125)
	  Recheck Cond: ((k >= 4636687) AND (k <= 4636787))
	  ->  Bitmap Index Scan on k_8  (cost=0.00..5.42 rows=99 width=0)
	        Index Cond: ((k >= 4636687) AND (k <= 4636787))
explain: for range-notcovered :: explain SELECT k, c FROM sbtest%d WHERE k BETWEEN 2095794 AND 2095894

explain: for range-notcovered :: explain SELECT k, c FROM sbtest%d WHERE k BETWEEN 7480959 AND 7481059

for range-notcovered
table 1 : explain SELECT k, c FROM sbtest1 WHERE k BETWEEN 6548505 AND 6548605
	Bitmap Heap Scan on sbtest1  (cost=5.41..381.71 rows=95 width=125)
	  Recheck Cond: ((k >= 6548505) AND (k <= 6548605))
	  ->  Bitmap Index Scan on k_1  (cost=0.00..5.38 rows=95 width=0)
	        Index Cond: ((k >= 6548505) AND (k <= 6548605))

table 2 : explain SELECT k, c FROM sbtest2 WHERE k BETWEEN 6548505 AND 6548605
	Bitmap Heap Scan on sbtest2  (cost=5.49..413.26 rows=103 width=125)
	  Recheck Cond: ((k >= 6548505) AND (k <= 6548605))
	  ->  Bitmap Index Scan on k_2  (cost=0.00..5.46 rows=103 width=0)
	        Index Cond: ((k >= 6548505) AND (k <= 6548605))

table 3 : explain SELECT k, c FROM sbtest3 WHERE k BETWEEN 6548505 AND 6548605
	Bitmap Heap Scan on sbtest3  (cost=5.52..425.09 rows=106 width=125)
	  Recheck Cond: ((k >= 6548505) AND (k <= 6548605))
	  ->  Bitmap Index Scan on k_3  (cost=0.00..5.50 rows=106 width=0)
	        Index Cond: ((k >= 6548505) AND (k <= 6548605))

table 4 : explain SELECT k, c FROM sbtest4 WHERE k BETWEEN 6548505 AND 6548605
	Bitmap Heap Scan on sbtest4  (cost=5.40..377.79 rows=94 width=125)
	  Recheck Cond: ((k >= 6548505) AND (k <= 6548605))
	  ->  Bitmap Index Scan on k_4  (cost=0.00..5.38 rows=94 width=0)
	        Index Cond: ((k >= 6548505) AND (k <= 6548605))

table 5 : explain SELECT k, c FROM sbtest5 WHERE k BETWEEN 6548505 AND 6548605
	Bitmap Heap Scan on sbtest5  (cost=5.43..389.63 rows=97 width=125)
	  Recheck Cond: ((k >= 6548505) AND (k <= 6548605))
	  ->  Bitmap Index Scan on k_5  (cost=0.00..5.40 rows=97 width=0)
	        Index Cond: ((k >= 6548505) AND (k <= 6548605))

table 6 : explain SELECT k, c FROM sbtest6 WHERE k BETWEEN 6548505 AND 6548605
	Bitmap Heap Scan on sbtest6  (cost=5.40..377.82 rows=94 width=125)
	  Recheck Cond: ((k >= 6548505) AND (k <= 6548605))
	  ->  Bitmap Index Scan on k_6  (cost=0.00..5.38 rows=94 width=0)
	        Index Cond: ((k >= 6548505) AND (k <= 6548605))

table 7 : explain SELECT k, c FROM sbtest7 WHERE k BETWEEN 6548505 AND 6548605
	Bitmap Heap Scan on sbtest7  (cost=5.52..425.13 rows=106 width=125)
	  Recheck Cond: ((k >= 6548505) AND (k <= 6548605))
	  ->  Bitmap Index Scan on k_7  (cost=0.00..5.50 rows=106 width=0)
	        Index Cond: ((k >= 6548505) AND (k <= 6548605))

table 8 : explain SELECT k, c FROM sbtest8 WHERE k BETWEEN 6548505 AND 6548605
	Bitmap Heap Scan on sbtest8  (cost=5.44..393.62 rows=98 width=125)
	  Recheck Cond: ((k >= 6548505) AND (k <= 6548605))
	  ->  Bitmap Index Scan on k_8  (cost=0.00..5.42 rows=98 width=0)
	        Index Cond: ((k >= 6548505) AND (k <= 6548605))

explain: for range-notcovered :: explain SELECT k, c FROM sbtest%d WHERE k BETWEEN 6751162 AND 6751262
explain: for range-notcovered :: explain SELECT k, c FROM sbtest%d WHERE k BETWEEN 4344122 AND 4344222explain: for range-notcovered :: explain SELECT k, c FROM sbtest%d WHERE k BETWEEN 3887905 AND 3888005
for range-notcovered
table 1 : explain SELECT k, c FROM sbtest1 WHERE k BETWEEN 4560876 AND 4560976
	Bitmap Heap Scan on sbtest1  (cost=5.46..401.43 rows=100 width=125)
	  Recheck Cond: ((k >= 4560876) AND (k <= 4560976))
	  ->  Bitmap Index Scan on k_1  (cost=0.00..5.43 rows=100 width=0)
	        Index Cond: ((k >= 4560876) AND (k <= 4560976))

table 2 : explain SELECT k, c FROM sbtest2 WHERE k BETWEEN 4560876 AND 4560976
	Bitmap Heap Scan on sbtest2  (cost=5.53..429.02 rows=107 width=125)
	  Recheck Cond: ((k >= 4560876) AND (k <= 4560976))
	  ->  Bitmap Index Scan on k_2  (cost=0.00..5.50 rows=107 width=0)
	        Index Cond: ((k >= 4560876) AND (k <= 4560976))

table 3 : explain SELECT k, c FROM sbtest3 WHERE k BETWEEN 4560876 AND 4560976
	Bitmap Heap Scan on sbtest3  (cost=5.48..409.33 rows=102 width=125)
	  Recheck Cond: ((k >= 4560876) AND (k <= 4560976))
	  ->  Bitmap Index Scan on k_3  (cost=0.00..5.45 rows=102 width=0)
	        Index Cond: ((k >= 4560876) AND (k <= 4560976))

table 4 : explain SELECT k, c FROM sbtest4 WHERE k BETWEEN 4560876 AND 4560976
	Bitmap Heap Scan on sbtest4  (cost=5.47..405.39 rows=101 width=125)
	  Recheck Cond: ((k >= 4560876) AND (k <= 4560976))
	  ->  Bitmap Index Scan on k_4  (cost=0.00..5.44 rows=101 width=0)
	        Index Cond: ((k >= 4560876) AND (k <= 4560976))

table 5 : explain SELECT k, c FROM sbtest5 WHERE k BETWEEN 4560876 AND 4560976
	Bitmap Heap Scan on sbtest5  (cost=5.45..397.51 rows=99 width=125)
	  Recheck Cond: ((k >= 4560876) AND (k <= 4560976))
	  ->  Bitmap Index Scan on k_5  (cost=0.00..5.42 rows=99 width=0)
	        Index Cond: ((k >= 4560876) AND (k <= 4560976))

table 6 : explain SELECT k, c FROM sbtest6 WHERE k BETWEEN 4560876 AND 4560976
	Bitmap Heap Scan on sbtest6  (cost=5.61..460.59 rows=115 width=125)
	  Recheck Cond: ((k >= 4560876) AND (k <= 4560976))
	  ->  Bitmap Index Scan on k_6  (cost=0.00..5.58 rows=115 width=0)
	        Index Cond: ((k >= 4560876) AND (k <= 4560976))

table 7 : explain SELECT k, c FROM sbtest7 WHERE k BETWEEN 4560876 AND 4560976
	Bitmap Heap Scan on sbtest7  (cost=5.46..401.48 rows=100 width=125)
	  Recheck Cond: ((k >= 4560876) AND (k <= 4560976))
	  ->  Bitmap Index Scan on k_7  (cost=0.00..5.43 rows=100 width=0)
	        Index Cond: ((k >= 4560876) AND (k <= 4560976))

table 8 : explain SELECT k, c FROM sbtest8 WHERE k BETWEEN 4560876 AND 4560976
	Bitmap Heap Scan on sbtest8  (cost=5.45..397.57 rows=99 width=125)
	  Recheck Cond: ((k >= 4560876) AND (k <= 4560976))
	  ->  Bitmap Index Scan on k_8  (cost=0.00..5.42 rows=99 width=0)
	        Index Cond: ((k >= 4560876) AND (k <= 4560976))

explain: for range-notcovered :: explain SELECT k, c FROM sbtest%d WHERE k BETWEEN 5330440 AND 5330540
explain: for range-notcovered :: explain SELECT k, c FROM sbtest%d WHERE k BETWEEN 6548505 AND 6548605
for range-notcovered
table 1 : explain SELECT k, c FROM sbtest1 WHERE k BETWEEN 4852987 AND 4853087
	Bitmap Heap Scan on sbtest1  (cost=5.47..405.37 rows=101 width=125)
	  Recheck Cond: ((k >= 4852987) AND (k <= 4853087))
	  ->  Bitmap Index Scan on k_1  (cost=0.00..5.44 rows=101 width=0)
	        Index Cond: ((k >= 4852987) AND (k <= 4853087))

table 2 : explain SELECT k, c FROM sbtest2 WHERE k BETWEEN 4852987 AND 4853087
	Bitmap Heap Scan on sbtest2  (cost=5.55..436.90 rows=109 width=125)
	  Recheck Cond: ((k >= 4852987) AND (k <= 4853087))
	  ->  Bitmap Index Scan on k_2  (cost=0.00..5.52 rows=109 width=0)
	        Index Cond: ((k >= 4852987) AND (k <= 4853087))

table 3 : explain SELECT k, c FROM sbtest3 WHERE k BETWEEN 4852987 AND 4853087
	Bitmap Heap Scan on sbtest3  (cost=5.38..369.89 rows=92 width=125)
	  Recheck Cond: ((k >= 4852987) AND (k <= 4853087))
	  ->  Bitmap Index Scan on k_3  (cost=0.00..5.35 rows=92 width=0)
	        Index Cond: ((k >= 4852987) AND (k <= 4853087))

table 4 : explain SELECT k, c FROM sbtest4 WHERE k BETWEEN 4852987 AND 4853087
	Bitmap Heap Scan on sbtest4  (cost=5.51..421.16 rows=105 width=125)
	  Recheck Cond: ((k >= 4852987) AND (k <= 4853087))
	  ->  Bitmap Index Scan on k_4  (cost=0.00..5.48 rows=105 width=0)
	        Index Cond: ((k >= 4852987) AND (k <= 4853087))

table 5 : explain SELECT k, c FROM sbtest5 WHERE k BETWEEN 4852987 AND 4853087
	Bitmap Heap Scan on sbtest5  (cost=5.54..432.98 rows=108 width=125)
	  Recheck Cond: ((k >= 4852987) AND (k <= 4853087))
	  ->  Bitmap Index Scan on k_5  (cost=0.00..5.51 rows=108 width=0)
	        Index Cond: ((k >= 4852987) AND (k <= 4853087))

table 6 : explain SELECT k, c FROM sbtest6 WHERE k BETWEEN 4852987 AND 4853087
	Bitmap Heap Scan on sbtest6  (cost=5.44..393.60 rows=98 width=125)
	  Recheck Cond: ((k >= 4852987) AND (k <= 4853087))
	  ->  Bitmap Index Scan on k_6  (cost=0.00..5.42 rows=98 width=0)
	        Index Cond: ((k >= 4852987) AND (k <= 4853087))

table 7 : explain SELECT k, c FROM sbtest7 WHERE k BETWEEN 4852987 AND 4853087
	Bitmap Heap Scan on sbtest7  (cost=5.52..425.13 rows=106 width=125)
	  Recheck Cond: ((k >= 4852987) AND (k <= 4853087))
	  ->  Bitmap Index Scan on k_7  (cost=0.00..5.50 rows=106 width=0)
	        Index Cond: ((k >= 4852987) AND (k <= 4853087))

table 8 : explain SELECT k, c FROM sbtest8 WHERE k BETWEEN 4852987 AND 4853087
	Bitmap Heap Scan on sbtest8  (cost=5.44..393.62 rows=98 width=125)
	  Recheck Cond: ((k >= 4852987) AND (k <= 4853087))
	  ->  Bitmap Index Scan on k_8  (cost=0.00..5.42 rows=98 width=0)
	        Index Cond: ((k >= 4852987) AND (k <= 4853087))

explain: for range-notcovered :: explain SELECT k, c FROM sbtest%d WHERE k BETWEEN 6043282 AND 6043382
for range-notcovered
table 1 : explain SELECT k, c FROM sbtest1 WHERE k BETWEEN 4976738 AND 4976838
	Bitmap Heap Scan on sbtest1  (cost=5.47..405.37 rows=101 width=125)
	  Recheck Cond: ((k >= 4976738) AND (k <= 4976838))
	  ->  Bitmap Index Scan on k_1  (cost=0.00..5.44 rows=101 width=0)
	        Index Cond: ((k >= 4976738) AND (k <= 4976838))

table 2 : explain SELECT k, c FROM sbtest2 WHERE k BETWEEN 4976738 AND 4976838
	Bitmap Heap Scan on sbtest2  (cost=5.48..409.32 rows=102 width=125)
	  Recheck Cond: ((k >= 4976738) AND (k <= 4976838))
	  ->  Bitmap Index Scan on k_2  (cost=0.00..5.45 rows=102 width=0)
	        Index Cond: ((k >= 4976738) AND (k <= 4976838))

table 3 : explain SELECT k, c FROM sbtest3 WHERE k BETWEEN 4976738 AND 4976838
	Bitmap Heap Scan on sbtest3  (cost=5.51..421.15 rows=105 width=125)
	  Recheck Cond: ((k >= 4976738) AND (k <= 4976838))
	  ->  Bitmap Index Scan on k_3  (cost=0.00..5.48 rows=105 width=0)
	        Index Cond: ((k >= 4976738) AND (k <= 4976838))

table 4 : explain SELECT k, c FROM sbtest4 WHERE k BETWEEN 4976738 AND 4976838
	Bitmap Heap Scan on sbtest4  (cost=5.47..405.39 rows=101 width=125)
	  Recheck Cond: ((k >= 4976738) AND (k <= 4976838))
	  ->  Bitmap Index Scan on k_4  (cost=0.00..5.44 rows=101 width=0)
	        Index Cond: ((k >= 4976738) AND (k <= 4976838))

table 5 : explain SELECT k, c FROM sbtest5 WHERE k BETWEEN 4976738 AND 4976838
	Bitmap Heap Scan on sbtest5  (cost=5.55..436.92 rows=109 width=125)
	  Recheck Cond: ((k >= 4976738) AND (k <= 4976838))
	  ->  Bitmap Index Scan on k_5  (cost=0.00..5.52 rows=109 width=0)
	        Index Cond: ((k >= 4976738) AND (k <= 4976838))

table 6 : explain SELECT k, c FROM sbtest6 WHERE k BETWEEN 4976738 AND 4976838
	Bitmap Heap Scan on sbtest6  (cost=5.45..397.54 rows=99 width=125)
	  Recheck Cond: ((k >= 4976738) AND (k <= 4976838))
	  ->  Bitmap Index Scan on k_6  (cost=0.00..5.42 rows=99 width=0)
	        Index Cond: ((k >= 4976738) AND (k <= 4976838))

table 7 : explain SELECT k, c FROM sbtest7 WHERE k BETWEEN 4976738 AND 4976838
	Bitmap Heap Scan on sbtest7  (cost=5.45..397.53 rows=99 width=125)
	  Recheck Cond: ((k >= 4976738) AND (k <= 4976838))
	  ->  Bitmap Index Scan on k_7  (cost=0.00..5.42 rows=99 width=0)
	        Index Cond: ((k >= 4976738) AND (k <= 4976838))

table 8 : explain SELECT k, c FROM sbtest8 WHERE k BETWEEN 4976738 AND 4976838
	Bitmap Heap Scan on sbtest8  (cost=5.45..397.57 rows=99 width=125)
	  Recheck Cond: ((k >= 4976738) AND (k <= 4976838))
	  ->  Bitmap Index Scan on k_8  (cost=0.00..5.42 rows=99 width=0)
	        Index Cond: ((k >= 4976738) AND (k <= 4976838))


for range-notcovered
table 1 : explain SELECT k, c FROM sbtest1 WHERE k BETWEEN 974328 AND 974428
	Bitmap Heap Scan on sbtest1  (cost=5.40..377.77 rows=94 width=125)
	  Recheck Cond: ((k >= 974328) AND (k <= 974428))
	  ->  Bitmap Index Scan on k_1  (cost=0.00..5.38 rows=94 width=0)
	        Index Cond: ((k >= 974328) AND (k <= 974428))

table 2 : explain SELECT k, c FROM sbtest2 WHERE k BETWEEN 974328 AND 974428
	Bitmap Heap Scan on sbtest2  (cost=5.53..429.02 rows=107 width=125)
	  Recheck Cond: ((k >= 974328) AND (k <= 974428))
	  ->  Bitmap Index Scan on k_2  (cost=0.00..5.50 rows=107 width=0)
	        Index Cond: ((k >= 974328) AND (k <= 974428))

table 3 : explain SELECT k, c FROM sbtest3 WHERE k BETWEEN 974328 AND 974428
	Bitmap Heap Scan on sbtest3  (cost=5.42..385.67 rows=96 width=125)
	  Recheck Cond: ((k >= 974328) AND (k <= 974428))
	  ->  Bitmap Index Scan on k_3  (cost=0.00..5.39 rows=96 width=0)
	        Index Cond: ((k >= 974328) AND (k <= 974428))

table 4 : explain SELECT k, c FROM sbtest4 WHERE k BETWEEN 974328 AND 974428
	Bitmap Heap Scan on sbtest4  (cost=5.54..432.98 rows=108 width=125)
	  Recheck Cond: ((k >= 974328) AND (k <= 974428))
	  ->  Bitmap Index Scan on k_4  (cost=0.00..5.51 rows=108 width=0)
	        Index Cond: ((k >= 974328) AND (k <= 974428))

table 5 : explain SELECT k, c FROM sbtest5 WHERE k BETWEEN 974328 AND 974428
	Bitmap Heap Scan on sbtest5  (cost=5.40..377.79 rows=94 width=125)
	  Recheck Cond: ((k >= 974328) AND (k <= 974428))
	  ->  Bitmap Index Scan on k_5  (cost=0.00..5.38 rows=94 width=0)
	        Index Cond: ((k >= 974328) AND (k <= 974428))

table 6 : explain SELECT k, c FROM sbtest6 WHERE k BETWEEN 974328 AND 974428
	Bitmap Heap Scan on sbtest6  (cost=5.41..381.77 rows=95 width=125)
	  Recheck Cond: ((k >= 974328) AND (k <= 974428))
	  ->  Bitmap Index Scan on k_6  (cost=0.00..5.38 rows=95 width=0)
	        Index Cond: ((k >= 974328) AND (k <= 974428))

table 7 : explain SELECT k, c FROM sbtest7 WHERE k BETWEEN 974328 AND 974428
	Bitmap Heap Scan on sbtest7  (cost=5.52..425.13 rows=106 width=125)
	  Recheck Cond: ((k >= 974328) AND (k <= 974428))
	  ->  Bitmap Index Scan on k_7  (cost=0.00..5.50 rows=106 width=0)
	        Index Cond: ((k >= 974328) AND (k <= 974428))

table 8 : explain SELECT k, c FROM sbtest8 WHERE k BETWEEN 974328 AND 974428
	Bitmap Heap Scan on sbtest8  (cost=5.48..409.40 rows=102 width=125)
	  Recheck Cond: ((k >= 974328) AND (k <= 974428))
	  ->  Bitmap Index Scan on k_8  (cost=0.00..5.45 rows=102 width=0)
	        Index Cond: ((k >= 974328) AND (k <= 974428))

for range-notcovered
table 1 : explain SELECT k, c FROM sbtest1 WHERE k BETWEEN 3475180 AND 3475280
	Bitmap Heap Scan on sbtest1  (cost=5.53..429.01 rows=107 width=125)
	  Recheck Cond: ((k >= 3475180) AND (k <= 3475280))
	  ->  Bitmap Index Scan on k_1  (cost=0.00..5.50 rows=107 width=0)
	        Index Cond: ((k >= 3475180) AND (k <= 3475280))

table 2 : explain SELECT k, c FROM sbtest2 WHERE k BETWEEN 3475180 AND 3475280
	Bitmap Heap Scan on sbtest2  (cost=5.51..421.14 rows=105 width=125)
	  Recheck Cond: ((k >= 3475180) AND (k <= 3475280))
	  ->  Bitmap Index Scan on k_2  (cost=0.00..5.48 rows=105 width=0)
	        Index Cond: ((k >= 3475180) AND (k <= 3475280))

table 3 : explain SELECT k, c FROM sbtest3 WHERE k BETWEEN 3475180 AND 3475280
	Bitmap Heap Scan on sbtest3  (cost=5.40..377.78 rows=94 width=125)
	  Recheck Cond: ((k >= 3475180) AND (k <= 3475280))
	  ->  Bitmap Index Scan on k_3  (cost=0.00..5.38 rows=94 width=0)
	        Index Cond: ((k >= 3475180) AND (k <= 3475280))

table 4 : explain SELECT k, c FROM sbtest4 WHERE k BETWEEN 3475180 AND 3475280
	Bitmap Heap Scan on sbtest4  (cost=5.57..444.80 rows=111 width=125)
	  Recheck Cond: ((k >= 3475180) AND (k <= 3475280))
	  ->  Bitmap Index Scan on k_4  (cost=0.00..5.54 rows=111 width=0)
	        Index Cond: ((k >= 3475180) AND (k <= 3475280))

table 5 : explain SELECT k, c FROM sbtest5 WHERE k BETWEEN 3475180 AND 3475280
	Bitmap Heap Scan on sbtest5  (cost=5.45..397.51 rows=99 width=125)
	  Recheck Cond: ((k >= 3475180) AND (k <= 3475280))
	  ->  Bitmap Index Scan on k_5  (cost=0.00..5.42 rows=99 width=0)
	        Index Cond: ((k >= 3475180) AND (k <= 3475280))

table 6 : explain SELECT k, c FROM sbtest6 WHERE k BETWEEN 3475180 AND 3475280
	Bitmap Heap Scan on sbtest6  (cost=5.44..393.60 rows=98 width=125)
	  Recheck Cond: ((k >= 3475180) AND (k <= 3475280))
	  ->  Bitmap Index Scan on k_6  (cost=0.00..5.42 rows=98 width=0)
	        Index Cond: ((k >= 3475180) AND (k <= 3475280))

table 7 : explain SELECT k, c FROM sbtest7 WHERE k BETWEEN 3475180 AND 3475280
	Bitmap Heap Scan on sbtest7  (cost=5.54..433.01 rows=108 width=125)
	  Recheck Cond: ((k >= 3475180) AND (k <= 3475280))
	  ->  Bitmap Index Scan on k_7  (cost=0.00..5.51 rows=108 width=0)
	        Index Cond: ((k >= 3475180) AND (k <= 3475280))

table 8 : explain SELECT k, c FROM sbtest8 WHERE k BETWEEN 3475180 AND 3475280
	Bitmap Heap Scan on sbtest8  (cost=5.45..397.57 rows=99 width=125)
	  Recheck Cond: ((k >= 3475180) AND (k <= 3475280))
	  ->  Bitmap Index Scan on k_8  (cost=0.00..5.42 rows=99 width=0)
	        Index Cond: ((k >= 3475180) AND (k <= 3475280))
explain: for range-notcovered :: explain SELECT k, c FROM sbtest%d WHERE k BETWEEN 4852987 AND 4853087

for range-notcovered
table 1 : explain SELECT k, c FROM sbtest1 WHERE k BETWEEN 3332067 AND 3332167
	Bitmap Heap Scan on sbtest1  (cost=5.50..417.19 rows=104 width=125)
	  Recheck Cond: ((k >= 3332067) AND (k <= 3332167))
	  ->  Bitmap Index Scan on k_1  (cost=0.00..5.47 rows=104 width=0)
	        Index Cond: ((k >= 3332067) AND (k <= 3332167))

table 2 : explain SELECT k, c FROM sbtest2 WHERE k BETWEEN 3332067 AND 3332167
	Bitmap Heap Scan on sbtest2  (cost=5.45..397.49 rows=99 width=125)
	  Recheck Cond: ((k >= 3332067) AND (k <= 3332167))
	  ->  Bitmap Index Scan on k_2  (cost=0.00..5.42 rows=99 width=0)
	        Index Cond: ((k >= 3332067) AND (k <= 3332167))

table 3 : explain SELECT k, c FROM sbtest3 WHERE k BETWEEN 3332067 AND 3332167
	Bitmap Heap Scan on sbtest3  (cost=5.50..417.21 rows=104 width=125)
	  Recheck Cond: ((k >= 3332067) AND (k <= 3332167))
	  ->  Bitmap Index Scan on k_3  (cost=0.00..5.47 rows=104 width=0)
	        Index Cond: ((k >= 3332067) AND (k <= 3332167))

table 4 : explain SELECT k, c FROM sbtest4 WHERE k BETWEEN 3332067 AND 3332167
	Bitmap Heap Scan on sbtest4  (cost=5.52..425.10 rows=106 width=125)
	  Recheck Cond: ((k >= 3332067) AND (k <= 3332167))
	  ->  Bitmap Index Scan on k_4  (cost=0.00..5.50 rows=106 width=0)
	        Index Cond: ((k >= 3332067) AND (k <= 3332167))

table 5 : explain SELECT k, c FROM sbtest5 WHERE k BETWEEN 3332067 AND 3332167
	Bitmap Heap Scan on sbtest5  (cost=5.52..425.10 rows=106 width=125)
	  Recheck Cond: ((k >= 3332067) AND (k <= 3332167))
	  ->  Bitmap Index Scan on k_5  (cost=0.00..5.50 rows=106 width=0)
	        Index Cond: ((k >= 3332067) AND (k <= 3332167))

table 6 : explain SELECT k, c FROM sbtest6 WHERE k BETWEEN 3332067 AND 3332167
	Bitmap Heap Scan on sbtest6  (cost=5.47..405.43 rows=101 width=125)
	  Recheck Cond: ((k >= 3332067) AND (k <= 3332167))
	  ->  Bitmap Index Scan on k_6  (cost=0.00..5.44 rows=101 width=0)
	        Index Cond: ((k >= 3332067) AND (k <= 3332167))

table 7 : explain SELECT k, c FROM sbtest7 WHERE k BETWEEN 3332067 AND 3332167
	Bitmap Heap Scan on sbtest7  (cost=5.43..389.64 rows=97 width=125)
	  Recheck Cond: ((k >= 3332067) AND (k <= 3332167))
	  ->  Bitmap Index Scan on k_7  (cost=0.00..5.40 rows=97 width=0)
	        Index Cond: ((k >= 3332067) AND (k <= 3332167))

table 8 : explain SELECT k, c FROM sbtest8 WHERE k BETWEEN 3332067 AND 3332167
	Bitmap Heap Scan on sbtest8  (cost=5.56..440.93 rows=110 width=125)
	  Recheck Cond: ((k >= 3332067) AND (k <= 3332167))
	  ->  Bitmap Index Scan on k_8  (cost=0.00..5.53 rows=110 width=0)
	        Index Cond: ((k >= 3332067) AND (k <= 3332167))

explain: for range-notcovered :: explain SELECT k, c FROM sbtest%d WHERE k BETWEEN 5235916 AND 5236016

for range-notcovered
table 1 : explain SELECT k, c FROM sbtest1 WHERE k BETWEEN 5368835 AND 5368935
	Bitmap Heap Scan on sbtest1  (cost=5.46..401.43 rows=100 width=125)
	  Recheck Cond: ((k >= 5368835) AND (k <= 5368935))
	  ->  Bitmap Index Scan on k_1  (cost=0.00..5.43 rows=100 width=0)
	        Index Cond: ((k >= 5368835) AND (k <= 5368935))

table 2 : explain SELECT k, c FROM sbtest2 WHERE k BETWEEN 5368835 AND 5368935
	Bitmap Heap Scan on sbtest2  (cost=5.45..397.49 rows=99 width=125)
	  Recheck Cond: ((k >= 5368835) AND (k <= 5368935))
	  ->  Bitmap Index Scan on k_2  (cost=0.00..5.42 rows=99 width=0)
	        Index Cond: ((k >= 5368835) AND (k <= 5368935))

table 3 : explain SELECT k, c FROM sbtest3 WHERE k BETWEEN 5368835 AND 5368935
	Bitmap Heap Scan on sbtest3  (cost=5.39..373.84 rows=93 width=125)
	  Recheck Cond: ((k >= 5368835) AND (k <= 5368935))
	  ->  Bitmap Index Scan on k_3  (cost=0.00..5.36 rows=93 width=0)
	        Index Cond: ((k >= 5368835) AND (k <= 5368935))

table 4 : explain SELECT k, c FROM sbtest4 WHERE k BETWEEN 5368835 AND 5368935
	Bitmap Heap Scan on sbtest4  (cost=5.42..385.68 rows=96 width=125)
	  Recheck Cond: ((k >= 5368835) AND (k <= 5368935))
	  ->  Bitmap Index Scan on k_4  (cost=0.00..5.39 rows=96 width=0)
	        Index Cond: ((k >= 5368835) AND (k <= 5368935))

table 5 : explain SELECT k, c FROM sbtest5 WHERE k BETWEEN 5368835 AND 5368935
	Bitmap Heap Scan on sbtest5  (cost=5.44..393.57 rows=98 width=125)
	  Recheck Cond: ((k >= 5368835) AND (k <= 5368935))
	  ->  Bitmap Index Scan on k_5  (cost=0.00..5.42 rows=98 width=0)
	        Index Cond: ((k >= 5368835) AND (k <= 5368935))

table 6 : explain SELECT k, c FROM sbtest6 WHERE k BETWEEN 5368835 AND 5368935
	Bitmap Heap Scan on sbtest6  (cost=5.52..425.14 rows=106 width=125)
	  Recheck Cond: ((k >= 5368835) AND (k <= 5368935))
	  ->  Bitmap Index Scan on k_6  (cost=0.00..5.50 rows=106 width=0)
	        Index Cond: ((k >= 5368835) AND (k <= 5368935))

table 7 : explain SELECT k, c FROM sbtest7 WHERE k BETWEEN 5368835 AND 5368935
	Bitmap Heap Scan on sbtest7  (cost=5.51..421.19 rows=105 width=125)
	  Recheck Cond: ((k >= 5368835) AND (k <= 5368935))
	  ->  Bitmap Index Scan on k_7  (cost=0.00..5.48 rows=105 width=0)
	        Index Cond: ((k >= 5368835) AND (k <= 5368935))

table 8 : explain SELECT k, c FROM sbtest8 WHERE k BETWEEN 5368835 AND 5368935
	Bitmap Heap Scan on sbtest8  (cost=5.44..393.62 rows=98 width=125)
	  Recheck Cond: ((k >= 5368835) AND (k <= 5368935))
	  ->  Bitmap Index Scan on k_8  (cost=0.00..5.42 rows=98 width=0)
	        Index Cond: ((k >= 5368835) AND (k <= 5368935))

explain: for range-notcovered :: explain SELECT k, c FROM sbtest%d WHERE k BETWEEN 4560876 AND 4560976
for range-notcovered
table 1 : explain SELECT k, c FROM sbtest1 WHERE k BETWEEN 6607380 AND 6607480
	Bitmap Heap Scan on sbtest1  (cost=5.41..381.71 rows=95 width=125)
	  Recheck Cond: ((k >= 6607380) AND (k <= 6607480))
	  ->  Bitmap Index Scan on k_1  (cost=0.00..5.38 rows=95 width=0)
	        Index Cond: ((k >= 6607380) AND (k <= 6607480))

table 2 : explain SELECT k, c FROM sbtest2 WHERE k BETWEEN 6607380 AND 6607480
	Bitmap Heap Scan on sbtest2  (cost=5.54..432.96 rows=108 width=125)
	  Recheck Cond: ((k >= 6607380) AND (k <= 6607480))
	  ->  Bitmap Index Scan on k_2  (cost=0.00..5.51 rows=108 width=0)
	        Index Cond: ((k >= 6607380) AND (k <= 6607480))

table 3 : explain SELECT k, c FROM sbtest3 WHERE k BETWEEN 6607380 AND 6607480
	Bitmap Heap Scan on sbtest3  (cost=5.52..425.09 rows=106 width=125)
	  Recheck Cond: ((k >= 6607380) AND (k <= 6607480))
	  ->  Bitmap Index Scan on k_3  (cost=0.00..5.50 rows=106 width=0)
	        Index Cond: ((k >= 6607380) AND (k <= 6607480))

table 4 : explain SELECT k, c FROM sbtest4 WHERE k BETWEEN 6607380 AND 6607480
	Bitmap Heap Scan on sbtest4  (cost=5.53..429.04 rows=107 width=125)
	  Recheck Cond: ((k >= 6607380) AND (k <= 6607480))
	  ->  Bitmap Index Scan on k_4  (cost=0.00..5.50 rows=107 width=0)
	        Index Cond: ((k >= 6607380) AND (k <= 6607480))

table 5 : explain SELECT k, c FROM sbtest5 WHERE k BETWEEN 6607380 AND 6607480
	Bitmap Heap Scan on sbtest5  (cost=5.47..405.40 rows=101 width=125)
	  Recheck Cond: ((k >= 6607380) AND (k <= 6607480))
	  ->  Bitmap Index Scan on k_5  (cost=0.00..5.44 rows=101 width=0)
	        Index Cond: ((k >= 6607380) AND (k <= 6607480))

table 6 : explain SELECT k, c FROM sbtest6 WHERE k BETWEEN 6607380 AND 6607480
	Bitmap Heap Scan on sbtest6  (cost=5.40..377.82 rows=94 width=125)
	  Recheck Cond: ((k >= 6607380) AND (k <= 6607480))
	  ->  Bitmap Index Scan on k_6  (cost=0.00..5.38 rows=94 width=0)
	        Index Cond: ((k >= 6607380) AND (k <= 6607480))

table 7 : explain SELECT k, c FROM sbtest7 WHERE k BETWEEN 6607380 AND 6607480
	Bitmap Heap Scan on sbtest7  (cost=5.52..425.13 rows=106 width=125)
	  Recheck Cond: ((k >= 6607380) AND (k <= 6607480))
	  ->  Bitmap Index Scan on k_7  (cost=0.00..5.50 rows=106 width=0)
	        Index Cond: ((k >= 6607380) AND (k <= 6607480))

table 8 : explain SELECT k, c FROM sbtest8 WHERE k BETWEEN 6607380 AND 6607480
	Bitmap Heap Scan on sbtest8  (cost=5.44..393.62 rows=98 width=125)
	  Recheck Cond: ((k >= 6607380) AND (k <= 6607480))
	  ->  Bitmap Index Scan on k_8  (cost=0.00..5.42 rows=98 width=0)
	        Index Cond: ((k >= 6607380) AND (k <= 6607480))

for range-notcovered
table 1 : explain SELECT k, c FROM sbtest1 WHERE k BETWEEN 4937242 AND 4937342
	Bitmap Heap Scan on sbtest1  (cost=5.47..405.37 rows=101 width=125)
	  Recheck Cond: ((k >= 4937242) AND (k <= 4937342))
	  ->  Bitmap Index Scan on k_1  (cost=0.00..5.44 rows=101 width=0)
	        Index Cond: ((k >= 4937242) AND (k <= 4937342))

table 2 : explain SELECT k, c FROM sbtest2 WHERE k BETWEEN 4937242 AND 4937342
	Bitmap Heap Scan on sbtest2  (cost=5.44..393.55 rows=98 width=125)
	  Recheck Cond: ((k >= 4937242) AND (k <= 4937342))
	  ->  Bitmap Index Scan on k_2  (cost=0.00..5.42 rows=98 width=0)
	        Index Cond: ((k >= 4937242) AND (k <= 4937342))

table 3 : explain SELECT k, c FROM sbtest3 WHERE k BETWEEN 4937242 AND 4937342
	Bitmap Heap Scan on sbtest3  (cost=5.51..421.15 rows=105 width=125)
	  Recheck Cond: ((k >= 4937242) AND (k <= 4937342))
	  ->  Bitmap Index Scan on k_3  (cost=0.00..5.48 rows=105 width=0)
	        Index Cond: ((k >= 4937242) AND (k <= 4937342))

table 4 : explain SELECT k, c FROM sbtest4 WHERE k BETWEEN 4937242 AND 4937342
	Bitmap Heap Scan on sbtest4  (cost=5.47..405.39 rows=101 width=125)
	  Recheck Cond: ((k >= 4937242) AND (k <= 4937342))
	  ->  Bitmap Index Scan on k_4  (cost=0.00..5.44 rows=101 width=0)
	        Index Cond: ((k >= 4937242) AND (k <= 4937342))

table 5 : explain SELECT k, c FROM sbtest5 WHERE k BETWEEN 4937242 AND 4937342
	Bitmap Heap Scan on sbtest5  (cost=5.46..401.46 rows=100 width=125)
	  Recheck Cond: ((k >= 4937242) AND (k <= 4937342))
	  ->  Bitmap Index Scan on k_5  (cost=0.00..5.43 rows=100 width=0)
	        Index Cond: ((k >= 4937242) AND (k <= 4937342))

table 6 : explain SELECT k, c FROM sbtest6 WHERE k BETWEEN 4937242 AND 4937342
	Bitmap Heap Scan on sbtest6  (cost=5.45..397.54 rows=99 width=125)
	  Recheck Cond: ((k >= 4937242) AND (k <= 4937342))
	  ->  Bitmap Index Scan on k_6  (cost=0.00..5.42 rows=99 width=0)
	        Index Cond: ((k >= 4937242) AND (k <= 4937342))

table 7 : explain SELECT k, c FROM sbtest7 WHERE k BETWEEN 4937242 AND 4937342
	Bitmap Heap Scan on sbtest7  (cost=5.45..397.53 rows=99 width=125)
	  Recheck Cond: ((k >= 4937242) AND (k <= 4937342))
	  ->  Bitmap Index Scan on k_7  (cost=0.00..5.42 rows=99 width=0)
	        Index Cond: ((k >= 4937242) AND (k <= 4937342))

table 8 : explain SELECT k, c FROM sbtest8 WHERE k BETWEEN 4937242 AND 4937342
	Bitmap Heap Scan on sbtest8  (cost=5.44..393.62 rows=98 width=125)
	  Recheck Cond: ((k >= 4937242) AND (k <= 4937342))
	  ->  Bitmap Index Scan on k_8  (cost=0.00..5.42 rows=98 width=0)
	        Index Cond: ((k >= 4937242) AND (k <= 4937342))


for range-notcovered
table 1 : explain SELECT k, c FROM sbtest1 WHERE k BETWEEN 3348607 AND 3348707
	Bitmap Heap Scan on sbtest1  (cost=5.50..417.19 rows=104 width=125)
	  Recheck Cond: ((k >= 3348607) AND (k <= 3348707))
	  ->  Bitmap Index Scan on k_1  (cost=0.00..5.47 rows=104 width=0)
	        Index Cond: ((k >= 3348607) AND (k <= 3348707))

table 2 : explain SELECT k, c FROM sbtest2 WHERE k BETWEEN 3348607 AND 3348707
	Bitmap Heap Scan on sbtest2  (cost=5.45..397.49 rows=99 width=125)
	  Recheck Cond: ((k >= 3348607) AND (k <= 3348707))
	  ->  Bitmap Index Scan on k_2  (cost=0.00..5.42 rows=99 width=0)
	        Index Cond: ((k >= 3348607) AND (k <= 3348707))

table 3 : explain SELECT k, c FROM sbtest3 WHERE k BETWEEN 3348607 AND 3348707
	Bitmap Heap Scan on sbtest3  (cost=5.50..417.21 rows=104 width=125)
	  Recheck Cond: ((k >= 3348607) AND (k <= 3348707))
	  ->  Bitmap Index Scan on k_3  (cost=0.00..5.47 rows=104 width=0)
	        Index Cond: ((k >= 3348607) AND (k <= 3348707))

table 4 : explain SELECT k, c FROM sbtest4 WHERE k BETWEEN 3348607 AND 3348707
	Bitmap Heap Scan on sbtest4  (cost=5.52..425.10 rows=106 width=125)
	  Recheck Cond: ((k >= 3348607) AND (k <= 3348707))
	  ->  Bitmap Index Scan on k_4  (cost=0.00..5.50 rows=106 width=0)
	        Index Cond: ((k >= 3348607) AND (k <= 3348707))

table 5 : explain SELECT k, c FROM sbtest5 WHERE k BETWEEN 3348607 AND 3348707
	Bitmap Heap Scan on sbtest5  (cost=5.52..425.10 rows=106 width=125)
	  Recheck Cond: ((k >= 3348607) AND (k <= 3348707))
	  ->  Bitmap Index Scan on k_5  (cost=0.00..5.50 rows=106 width=0)
	        Index Cond: ((k >= 3348607) AND (k <= 3348707))

table 6 : explain SELECT k, c FROM sbtest6 WHERE k BETWEEN 3348607 AND 3348707
	Bitmap Heap Scan on sbtest6  (cost=5.47..405.43 rows=101 width=125)
	  Recheck Cond: ((k >= 3348607) AND (k <= 3348707))
	  ->  Bitmap Index Scan on k_6  (cost=0.00..5.44 rows=101 width=0)
	        Index Cond: ((k >= 3348607) AND (k <= 3348707))

table 7 : explain SELECT k, c FROM sbtest7 WHERE k BETWEEN 3348607 AND 3348707
	Bitmap Heap Scan on sbtest7  (cost=5.43..389.64 rows=97 width=125)
	  Recheck Cond: ((k >= 3348607) AND (k <= 3348707))
	  ->  Bitmap Index Scan on k_7  (cost=0.00..5.40 rows=97 width=0)
	        Index Cond: ((k >= 3348607) AND (k <= 3348707))

table 8 : explain SELECT k, c FROM sbtest8 WHERE k BETWEEN 3348607 AND 3348707
	Bitmap Heap Scan on sbtest8  (cost=5.56..440.93 rows=110 width=125)
	  Recheck Cond: ((k >= 3348607) AND (k <= 3348707))
	  ->  Bitmap Index Scan on k_8  (cost=0.00..5.53 rows=110 width=0)
	        Index Cond: ((k >= 3348607) AND (k <= 3348707))


explain: for range-notcovered :: explain SELECT k, c FROM sbtest%d WHERE k BETWEEN 974328 AND 974428
for range-notcovered
table 1 : explain SELECT k, c FROM sbtest1 WHERE k BETWEEN 4957913 AND 4958013
	Bitmap Heap Scan on sbtest1  (cost=5.47..405.37 rows=101 width=125)
	  Recheck Cond: ((k >= 4957913) AND (k <= 4958013))
	  ->  Bitmap Index Scan on k_1  (cost=0.00..5.44 rows=101 width=0)
	        Index Cond: ((k >= 4957913) AND (k <= 4958013))

table 2 : explain SELECT k, c FROM sbtest2 WHERE k BETWEEN 4957913 AND 4958013
	Bitmap Heap Scan on sbtest2  (cost=5.48..409.32 rows=102 width=125)
	  Recheck Cond: ((k >= 4957913) AND (k <= 4958013))
	  ->  Bitmap Index Scan on k_2  (cost=0.00..5.45 rows=102 width=0)
	        Index Cond: ((k >= 4957913) AND (k <= 4958013))

table 3 : explain SELECT k, c FROM sbtest3 WHERE k BETWEEN 4957913 AND 4958013
	Bitmap Heap Scan on sbtest3  (cost=5.51..421.15 rows=105 width=125)
	  Recheck Cond: ((k >= 4957913) AND (k <= 4958013))
	  ->  Bitmap Index Scan on k_3  (cost=0.00..5.48 rows=105 width=0)
	        Index Cond: ((k >= 4957913) AND (k <= 4958013))

table 4 : explain SELECT k, c FROM sbtest4 WHERE k BETWEEN 4957913 AND 4958013
	Bitmap Heap Scan on sbtest4  (cost=5.47..405.39 rows=101 width=125)
	  Recheck Cond: ((k >= 4957913) AND (k <= 4958013))
	  ->  Bitmap Index Scan on k_4  (cost=0.00..5.44 rows=101 width=0)
	        Index Cond: ((k >= 4957913) AND (k <= 4958013))

table 5 : explain SELECT k, c FROM sbtest5 WHERE k BETWEEN 4957913 AND 4958013
	Bitmap Heap Scan on sbtest5  (cost=5.46..401.46 rows=100 width=125)
	  Recheck Cond: ((k >= 4957913) AND (k <= 4958013))
	  ->  Bitmap Index Scan on k_5  (cost=0.00..5.43 rows=100 width=0)
	        Index Cond: ((k >= 4957913) AND (k <= 4958013))

table 6 : explain SELECT k, c FROM sbtest6 WHERE k BETWEEN 4957913 AND 4958013
	Bitmap Heap Scan on sbtest6  (cost=5.45..397.54 rows=99 width=125)
	  Recheck Cond: ((k >= 4957913) AND (k <= 4958013))
	  ->  Bitmap Index Scan on k_6  (cost=0.00..5.42 rows=99 width=0)
	        Index Cond: ((k >= 4957913) AND (k <= 4958013))

table 7 : explain SELECT k, c FROM sbtest7 WHERE k BETWEEN 4957913 AND 4958013
	Bitmap Heap Scan on sbtest7  (cost=5.45..397.53 rows=99 width=125)
	  Recheck Cond: ((k >= 4957913) AND (k <= 4958013))
	  ->  Bitmap Index Scan on k_7  (cost=0.00..5.42 rows=99 width=0)
	        Index Cond: ((k >= 4957913) AND (k <= 4958013))

table 8 : explain SELECT k, c FROM sbtest8 WHERE k BETWEEN 4957913 AND 4958013
	Bitmap Heap Scan on sbtest8  (cost=5.45..397.57 rows=99 width=125)
	  Recheck Cond: ((k >= 4957913) AND (k <= 4958013))
	  ->  Bitmap Index Scan on k_8  (cost=0.00..5.42 rows=99 width=0)
	        Index Cond: ((k >= 4957913) AND (k <= 4958013))

explain: for range-notcovered :: explain SELECT k, c FROM sbtest%d WHERE k BETWEEN 4976738 AND 4976838
explain: for range-notcovered :: explain SELECT k, c FROM sbtest%d WHERE k BETWEEN 3348607 AND 3348707
for range-notcovered
table 1 : explain SELECT k, c FROM sbtest1 WHERE k BETWEEN 1077461 AND 1077561
	Bitmap Heap Scan on sbtest1  (cost=5.51..421.13 rows=105 width=125)
	  Recheck Cond: ((k >= 1077461) AND (k <= 1077561))
	  ->  Bitmap Index Scan on k_1  (cost=0.00..5.48 rows=105 width=0)
	        Index Cond: ((k >= 1077461) AND (k <= 1077561))

table 2 : explain SELECT k, c FROM sbtest2 WHERE k BETWEEN 1077461 AND 1077561
	Bitmap Heap Scan on sbtest2  (cost=5.49..413.26 rows=103 width=125)
	  Recheck Cond: ((k >= 1077461) AND (k <= 1077561))
	  ->  Bitmap Index Scan on k_2  (cost=0.00..5.46 rows=103 width=0)
	        Index Cond: ((k >= 1077461) AND (k <= 1077561))

table 3 : explain SELECT k, c FROM sbtest3 WHERE k BETWEEN 1077461 AND 1077561
	Bitmap Heap Scan on sbtest3  (cost=5.44..393.56 rows=98 width=125)
	  Recheck Cond: ((k >= 1077461) AND (k <= 1077561))
	  ->  Bitmap Index Scan on k_3  (cost=0.00..5.42 rows=98 width=0)
	        Index Cond: ((k >= 1077461) AND (k <= 1077561))

table 4 : explain SELECT k, c FROM sbtest4 WHERE k BETWEEN 1077461 AND 1077561
	Bitmap Heap Scan on sbtest4  (cost=5.48..409.34 rows=102 width=125)
	  Recheck Cond: ((k >= 1077461) AND (k <= 1077561))
	  ->  Bitmap Index Scan on k_4  (cost=0.00..5.45 rows=102 width=0)
	        Index Cond: ((k >= 1077461) AND (k <= 1077561))

table 5 : explain SELECT k, c FROM sbtest5 WHERE k BETWEEN 1077461 AND 1077561
	Bitmap Heap Scan on sbtest5  (cost=5.40..377.79 rows=94 width=125)
	  Recheck Cond: ((k >= 1077461) AND (k <= 1077561))
	  ->  Bitmap Index Scan on k_5  (cost=0.00..5.38 rows=94 width=0)
	        Index Cond: ((k >= 1077461) AND (k <= 1077561))

table 6 : explain SELECT k, c FROM sbtest6 WHERE k BETWEEN 1077461 AND 1077561
	Bitmap Heap Scan on sbtest6  (cost=5.39..373.88 rows=93 width=125)
	  Recheck Cond: ((k >= 1077461) AND (k <= 1077561))
	  ->  Bitmap Index Scan on k_6  (cost=0.00..5.36 rows=93 width=0)
	        Index Cond: ((k >= 1077461) AND (k <= 1077561))

table 7 : explain SELECT k, c FROM sbtest7 WHERE k BETWEEN 1077461 AND 1077561
	Bitmap Heap Scan on sbtest7  (cost=5.45..397.53 rows=99 width=125)
	  Recheck Cond: ((k >= 1077461) AND (k <= 1077561))
	  ->  Bitmap Index Scan on k_7  (cost=0.00..5.42 rows=99 width=0)
	        Index Cond: ((k >= 1077461) AND (k <= 1077561))

table 8 : explain SELECT k, c FROM sbtest8 WHERE k BETWEEN 1077461 AND 1077561
	Bitmap Heap Scan on sbtest8  (cost=5.60..456.68 rows=114 width=125)
	  Recheck Cond: ((k >= 1077461) AND (k <= 1077561))
	  ->  Bitmap Index Scan on k_8  (cost=0.00..5.58 rows=114 width=0)
	        Index Cond: ((k >= 1077461) AND (k <= 1077561))

explain: for range-notcovered :: explain SELECT k, c FROM sbtest%d WHERE k BETWEEN 3332067 AND 3332167
explain: for range-notcovered :: explain SELECT k, c FROM sbtest%d WHERE k BETWEEN 5368835 AND 5368935explain: for range-notcovered :: explain SELECT k, c FROM sbtest%d WHERE k BETWEEN 6607380 AND 6607480for range-notcovered
table 1 : explain SELECT k, c FROM sbtest1 WHERE k BETWEEN 4047833 AND 4047933
	Bitmap Heap Scan on sbtest1  (cost=5.51..421.13 rows=105 width=125)
	  Recheck Cond: ((k >= 4047833) AND (k <= 4047933))
	  ->  Bitmap Index Scan on k_1  (cost=0.00..5.48 rows=105 width=0)
	        Index Cond: ((k >= 4047833) AND (k <= 4047933))

table 2 : explain SELECT k, c FROM sbtest2 WHERE k BETWEEN 4047833 AND 4047933
	Bitmap Heap Scan on sbtest2  (cost=5.43..389.60 rows=97 width=125)
	  Recheck Cond: ((k >= 4047833) AND (k <= 4047933))
	  ->  Bitmap Index Scan on k_2  (cost=0.00..5.40 rows=97 width=0)
	        Index Cond: ((k >= 4047833) AND (k <= 4047933))

table 3 : explain SELECT k, c FROM sbtest3 WHERE k BETWEEN 4047833 AND 4047933
	Bitmap Heap Scan on sbtest3  (cost=5.41..381.73 rows=95 width=125)
	  Recheck Cond: ((k >= 4047833) AND (k <= 4047933))
	  ->  Bitmap Index Scan on k_3  (cost=0.00..5.38 rows=95 width=0)
	        Index Cond: ((k >= 4047833) AND (k <= 4047933))

table 4 : explain SELECT k, c FROM sbtest4 WHERE k BETWEEN 4047833 AND 4047933
	Bitmap Heap Scan on sbtest4  (cost=5.49..413.28 rows=103 width=125)
	  Recheck Cond: ((k >= 4047833) AND (k <= 4047933))
	  ->  Bitmap Index Scan on k_4  (cost=0.00..5.46 rows=103 width=0)
	        Index Cond: ((k >= 4047833) AND (k <= 4047933))

table 5 : explain SELECT k, c FROM sbtest5 WHERE k BETWEEN 4047833 AND 4047933
	Bitmap Heap Scan on sbtest5  (cost=5.46..401.46 rows=100 width=125)
	  Recheck Cond: ((k >= 4047833) AND (k <= 4047933))
	  ->  Bitmap Index Scan on k_5  (cost=0.00..5.43 rows=100 width=0)
	        Index Cond: ((k >= 4047833) AND (k <= 4047933))

table 6 : explain SELECT k, c FROM sbtest6 WHERE k BETWEEN 4047833 AND 4047933
	Bitmap Heap Scan on sbtest6  (cost=5.48..409.37 rows=102 width=125)
	  Recheck Cond: ((k >= 4047833) AND (k <= 4047933))
	  ->  Bitmap Index Scan on k_6  (cost=0.00..5.45 rows=102 width=0)
	        Index Cond: ((k >= 4047833) AND (k <= 4047933))

table 7 : explain SELECT k, c FROM sbtest7 WHERE k BETWEEN 4047833 AND 4047933
	Bitmap Heap Scan on sbtest7  (cost=5.49..413.30 rows=103 width=125)
	  Recheck Cond: ((k >= 4047833) AND (k <= 4047933))
	  ->  Bitmap Index Scan on k_7  (cost=0.00..5.46 rows=103 width=0)
	        Index Cond: ((k >= 4047833) AND (k <= 4047933))

table 8 : explain SELECT k, c FROM sbtest8 WHERE k BETWEEN 4047833 AND 4047933
	Bitmap Heap Scan on sbtest8  (cost=5.50..417.28 rows=104 width=125)
	  Recheck Cond: ((k >= 4047833) AND (k <= 4047933))
	  ->  Bitmap Index Scan on k_8  (cost=0.00..5.47 rows=104 width=0)
	        Index Cond: ((k >= 4047833) AND (k <= 4047933))

explain: for range-notcovered :: explain SELECT k, c FROM sbtest%d WHERE k BETWEEN 3475180 AND 3475280
explain: for range-notcovered :: explain SELECT k, c FROM sbtest%d WHERE k BETWEEN 1077461 AND 1077561
for range-notcovered
table 1 : explain SELECT k, c FROM sbtest1 WHERE k BETWEEN 2640584 AND 2640684
	Bitmap Heap Scan on sbtest1  (cost=5.50..417.19 rows=104 width=125)
	  Recheck Cond: ((k >= 2640584) AND (k <= 2640684))
	  ->  Bitmap Index Scan on k_1  (cost=0.00..5.47 rows=104 width=0)
	        Index Cond: ((k >= 2640584) AND (k <= 2640684))

table 2 : explain SELECT k, c FROM sbtest2 WHERE k BETWEEN 2640584 AND 2640684
	Bitmap Heap Scan on sbtest2  (cost=5.42..385.66 rows=96 width=125)
	  Recheck Cond: ((k >= 2640584) AND (k <= 2640684))
	  ->  Bitmap Index Scan on k_2  (cost=0.00..5.39 rows=96 width=0)
	        Index Cond: ((k >= 2640584) AND (k <= 2640684))

table 3 : explain SELECT k, c FROM sbtest3 WHERE k BETWEEN 2640584 AND 2640684
	Bitmap Heap Scan on sbtest3  (cost=5.39..373.84 rows=93 width=125)
	  Recheck Cond: ((k >= 2640584) AND (k <= 2640684))
	  ->  Bitmap Index Scan on k_3  (cost=0.00..5.36 rows=93 width=0)
	        Index Cond: ((k >= 2640584) AND (k <= 2640684))

table 4 : explain SELECT k, c FROM sbtest4 WHERE k BETWEEN 2640584 AND 2640684
	Bitmap Heap Scan on sbtest4  (cost=5.45..397.51 rows=99 width=125)
	  Recheck Cond: ((k >= 2640584) AND (k <= 2640684))
	  ->  Bitmap Index Scan on k_4  (cost=0.00..5.42 rows=99 width=0)
	        Index Cond: ((k >= 2640584) AND (k <= 2640684))

table 5 : explain SELECT k, c FROM sbtest5 WHERE k BETWEEN 2640584 AND 2640684
	Bitmap Heap Scan on sbtest5  (cost=5.44..393.57 rows=98 width=125)
	  Recheck Cond: ((k >= 2640584) AND (k <= 2640684))
	  ->  Bitmap Index Scan on k_5  (cost=0.00..5.42 rows=98 width=0)
	        Index Cond: ((k >= 2640584) AND (k <= 2640684))

table 6 : explain SELECT k, c FROM sbtest6 WHERE k BETWEEN 2640584 AND 2640684
	Bitmap Heap Scan on sbtest6  (cost=5.48..409.37 rows=102 width=125)
	  Recheck Cond: ((k >= 2640584) AND (k <= 2640684))
	  ->  Bitmap Index Scan on k_6  (cost=0.00..5.45 rows=102 width=0)
	        Index Cond: ((k >= 2640584) AND (k <= 2640684))

table 7 : explain SELECT k, c FROM sbtest7 WHERE k BETWEEN 2640584 AND 2640684
	Bitmap Heap Scan on sbtest7  (cost=5.47..405.42 rows=101 width=125)
	  Recheck Cond: ((k >= 2640584) AND (k <= 2640684))
	  ->  Bitmap Index Scan on k_7  (cost=0.00..5.44 rows=101 width=0)
	        Index Cond: ((k >= 2640584) AND (k <= 2640684))

table 8 : explain SELECT k, c FROM sbtest8 WHERE k BETWEEN 2640584 AND 2640684
	Bitmap Heap Scan on sbtest8  (cost=5.52..425.17 rows=106 width=125)
	  Recheck Cond: ((k >= 2640584) AND (k <= 2640684))
	  ->  Bitmap Index Scan on k_8  (cost=0.00..5.50 rows=106 width=0)
	        Index Cond: ((k >= 2640584) AND (k <= 2640684))



for range-notcovered
table 1 : explain SELECT k, c FROM sbtest1 WHERE k BETWEEN 2173248 AND 2173348
	Bitmap Heap Scan on sbtest1  (cost=5.52..425.07 rows=106 width=125)
	  Recheck Cond: ((k >= 2173248) AND (k <= 2173348))
	  ->  Bitmap Index Scan on k_1  (cost=0.00..5.50 rows=106 width=0)
	        Index Cond: ((k >= 2173248) AND (k <= 2173348))

table 2 : explain SELECT k, c FROM sbtest2 WHERE k BETWEEN 2173248 AND 2173348
	Bitmap Heap Scan on sbtest2  (cost=5.55..436.90 rows=109 width=125)
	  Recheck Cond: ((k >= 2173248) AND (k <= 2173348))
	  ->  Bitmap Index Scan on k_2  (cost=0.00..5.52 rows=109 width=0)
	        Index Cond: ((k >= 2173248) AND (k <= 2173348))

table 3 : explain SELECT k, c FROM sbtest3 WHERE k BETWEEN 2173248 AND 2173348
	Bitmap Heap Scan on sbtest3  (cost=5.44..393.56 rows=98 width=125)
	  Recheck Cond: ((k >= 2173248) AND (k <= 2173348))
	  ->  Bitmap Index Scan on k_3  (cost=0.00..5.42 rows=98 width=0)
	        Index Cond: ((k >= 2173248) AND (k <= 2173348))

table 4 : explain SELECT k, c FROM sbtest4 WHERE k BETWEEN 2173248 AND 2173348
	Bitmap Heap Scan on sbtest4  (cost=5.53..429.04 rows=107 width=125)
	  Recheck Cond: ((k >= 2173248) AND (k <= 2173348))
	  ->  Bitmap Index Scan on k_4  (cost=0.00..5.50 rows=107 width=0)
	        Index Cond: ((k >= 2173248) AND (k <= 2173348))

table 5 : explain SELECT k, c FROM sbtest5 WHERE k BETWEEN 2173248 AND 2173348
	Bitmap Heap Scan on sbtest5  (cost=5.44..393.57 rows=98 width=125)
	  Recheck Cond: ((k >= 2173248) AND (k <= 2173348))
	  ->  Bitmap Index Scan on k_5  (cost=0.00..5.42 rows=98 width=0)
	        Index Cond: ((k >= 2173248) AND (k <= 2173348))

table 6 : explain SELECT k, c FROM sbtest6 WHERE k BETWEEN 2173248 AND 2173348
	Bitmap Heap Scan on sbtest6  (cost=5.36..362.04 rows=90 width=125)
	  Recheck Cond: ((k >= 2173248) AND (k <= 2173348))
	  ->  Bitmap Index Scan on k_6  (cost=0.00..5.33 rows=90 width=0)
	        Index Cond: ((k >= 2173248) AND (k <= 2173348))

table 7 : explain SELECT k, c FROM sbtest7 WHERE k BETWEEN 2173248 AND 2173348
	Bitmap Heap Scan on sbtest7  (cost=5.47..405.42 rows=101 width=125)
	  Recheck Cond: ((k >= 2173248) AND (k <= 2173348))
	  ->  Bitmap Index Scan on k_7  (cost=0.00..5.44 rows=101 width=0)
	        Index Cond: ((k >= 2173248) AND (k <= 2173348))

table 8 : explain SELECT k, c FROM sbtest8 WHERE k BETWEEN 2173248 AND 2173348
	Bitmap Heap Scan on sbtest8  (cost=5.45..397.57 rows=99 width=125)
	  Recheck Cond: ((k >= 2173248) AND (k <= 2173348))
	  ->  Bitmap Index Scan on k_8  (cost=0.00..5.42 rows=99 width=0)
	        Index Cond: ((k >= 2173248) AND (k <= 2173348))

explain: for range-notcovered :: explain SELECT k, c FROM sbtest%d WHERE k BETWEEN 4937242 AND 4937342for range-notcovered
table 1 : explain SELECT k, c FROM sbtest1 WHERE k BETWEEN 3662722 AND 3662822
	Bitmap Heap Scan on sbtest1  (cost=5.42..385.66 rows=96 width=125)
	  Recheck Cond: ((k >= 3662722) AND (k <= 3662822))
	  ->  Bitmap Index Scan on k_1  (cost=0.00..5.39 rows=96 width=0)
	        Index Cond: ((k >= 3662722) AND (k <= 3662822))

table 2 : explain SELECT k, c FROM sbtest2 WHERE k BETWEEN 3662722 AND 3662822
	Bitmap Heap Scan on sbtest2  (cost=5.53..429.02 rows=107 width=125)
	  Recheck Cond: ((k >= 3662722) AND (k <= 3662822))
	  ->  Bitmap Index Scan on k_2  (cost=0.00..5.50 rows=107 width=0)
	        Index Cond: ((k >= 3662722) AND (k <= 3662822))

table 3 : explain SELECT k, c FROM sbtest3 WHERE k BETWEEN 3662722 AND 3662822
	Bitmap Heap Scan on sbtest3  (cost=5.39..373.84 rows=93 width=125)
	  Recheck Cond: ((k >= 3662722) AND (k <= 3662822))
	  ->  Bitmap Index Scan on k_3  (cost=0.00..5.36 rows=93 width=0)
	        Index Cond: ((k >= 3662722) AND (k <= 3662822))

table 4 : explain SELECT k, c FROM sbtest4 WHERE k BETWEEN 3662722 AND 3662822
	Bitmap Heap Scan on sbtest4  (cost=5.49..413.28 rows=103 width=125)
	  Recheck Cond: ((k >= 3662722) AND (k <= 3662822))
	  ->  Bitmap Index Scan on k_4  (cost=0.00..5.46 rows=103 width=0)
	        Index Cond: ((k >= 3662722) AND (k <= 3662822))

table 5 : explain SELECT k, c FROM sbtest5 WHERE k BETWEEN 3662722 AND 3662822
	Bitmap Heap Scan on sbtest5  (cost=5.35..358.06 rows=89 width=125)
	  Recheck Cond: ((k >= 3662722) AND (k <= 3662822))
	  ->  Bitmap Index Scan on k_5  (cost=0.00..5.32 rows=89 width=0)
	        Index Cond: ((k >= 3662722) AND (k <= 3662822))

table 6 : explain SELECT k, c FROM sbtest6 WHERE k BETWEEN 3662722 AND 3662822
	Bitmap Heap Scan on sbtest6  (cost=5.55..436.96 rows=109 width=125)
	  Recheck Cond: ((k >= 3662722) AND (k <= 3662822))
	  ->  Bitmap Index Scan on k_6  (cost=0.00..5.52 rows=109 width=0)
	        Index Cond: ((k >= 3662722) AND (k <= 3662822))

table 7 : explain SELECT k, c FROM sbtest7 WHERE k BETWEEN 3662722 AND 3662822
	Bitmap Heap Scan on sbtest7  (cost=5.49..413.30 rows=103 width=125)
	  Recheck Cond: ((k >= 3662722) AND (k <= 3662822))
	  ->  Bitmap Index Scan on k_7  (cost=0.00..5.46 rows=103 width=0)
	        Index Cond: ((k >= 3662722) AND (k <= 3662822))

table 8 : explain SELECT k, c FROM sbtest8 WHERE k BETWEEN 3662722 AND 3662822
	Bitmap Heap Scan on sbtest8  (cost=5.45..397.57 rows=99 width=125)
	  Recheck Cond: ((k >= 3662722) AND (k <= 3662822))
	  ->  Bitmap Index Scan on k_8  (cost=0.00..5.42 rows=99 width=0)
	        Index Cond: ((k >= 3662722) AND (k <= 3662822))

for range-notcovered
table 1 : explain SELECT k, c FROM sbtest1 WHERE k BETWEEN 4581183 AND 4581283
	Bitmap Heap Scan on sbtest1  (cost=5.46..401.43 rows=100 width=125)
	  Recheck Cond: ((k >= 4581183) AND (k <= 4581283))
	  ->  Bitmap Index Scan on k_1  (cost=0.00..5.43 rows=100 width=0)
	        Index Cond: ((k >= 4581183) AND (k <= 4581283))

table 2 : explain SELECT k, c FROM sbtest2 WHERE k BETWEEN 4581183 AND 4581283
	Bitmap Heap Scan on sbtest2  (cost=5.48..409.32 rows=102 width=125)
	  Recheck Cond: ((k >= 4581183) AND (k <= 4581283))
	  ->  Bitmap Index Scan on k_2  (cost=0.00..5.45 rows=102 width=0)
	        Index Cond: ((k >= 4581183) AND (k <= 4581283))

table 3 : explain SELECT k, c FROM sbtest3 WHERE k BETWEEN 4581183 AND 4581283
	Bitmap Heap Scan on sbtest3  (cost=5.48..409.33 rows=102 width=125)
	  Recheck Cond: ((k >= 4581183) AND (k <= 4581283))
	  ->  Bitmap Index Scan on k_3  (cost=0.00..5.45 rows=102 width=0)
	        Index Cond: ((k >= 4581183) AND (k <= 4581283))

table 4 : explain SELECT k, c FROM sbtest4 WHERE k BETWEEN 4581183 AND 4581283
	Bitmap Heap Scan on sbtest4  (cost=5.47..405.39 rows=101 width=125)
	  Recheck Cond: ((k >= 4581183) AND (k <= 4581283))
	  ->  Bitmap Index Scan on k_4  (cost=0.00..5.44 rows=101 width=0)
	        Index Cond: ((k >= 4581183) AND (k <= 4581283))

table 5 : explain SELECT k, c FROM sbtest5 WHERE k BETWEEN 4581183 AND 4581283
	Bitmap Heap Scan on sbtest5  (cost=5.48..409.34 rows=102 width=125)
	  Recheck Cond: ((k >= 4581183) AND (k <= 4581283))
	  ->  Bitmap Index Scan on k_5  (cost=0.00..5.45 rows=102 width=0)
	        Index Cond: ((k >= 4581183) AND (k <= 4581283))

table 6 : explain SELECT k, c FROM sbtest6 WHERE k BETWEEN 4581183 AND 4581283
	Bitmap Heap Scan on sbtest6  (cost=5.61..460.59 rows=115 width=125)
	  Recheck Cond: ((k >= 4581183) AND (k <= 4581283))
	  ->  Bitmap Index Scan on k_6  (cost=0.00..5.58 rows=115 width=0)
	        Index Cond: ((k >= 4581183) AND (k <= 4581283))

table 7 : explain SELECT k, c FROM sbtest7 WHERE k BETWEEN 4581183 AND 4581283
	Bitmap Heap Scan on sbtest7  (cost=5.46..401.48 rows=100 width=125)
	  Recheck Cond: ((k >= 4581183) AND (k <= 4581283))
	  ->  Bitmap Index Scan on k_7  (cost=0.00..5.43 rows=100 width=0)
	        Index Cond: ((k >= 4581183) AND (k <= 4581283))

table 8 : explain SELECT k, c FROM sbtest8 WHERE k BETWEEN 4581183 AND 4581283
	Bitmap Heap Scan on sbtest8  (cost=5.45..397.57 rows=99 width=125)
	  Recheck Cond: ((k >= 4581183) AND (k <= 4581283))
	  ->  Bitmap Index Scan on k_8  (cost=0.00..5.42 rows=99 width=0)
	        Index Cond: ((k >= 4581183) AND (k <= 4581283))

explain: for range-notcovered :: explain SELECT k, c FROM sbtest%d WHERE k BETWEEN 4957913 AND 4958013for range-notcovered
table 1 : explain SELECT k, c FROM sbtest1 WHERE k BETWEEN 5101710 AND 5101810
	Bitmap Heap Scan on sbtest1  (cost=5.51..421.13 rows=105 width=125)
	  Recheck Cond: ((k >= 5101710) AND (k <= 5101810))
	  ->  Bitmap Index Scan on k_1  (cost=0.00..5.48 rows=105 width=0)
	        Index Cond: ((k >= 5101710) AND (k <= 5101810))

table 2 : explain SELECT k, c FROM sbtest2 WHERE k BETWEEN 5101710 AND 5101810
	Bitmap Heap Scan on sbtest2  (cost=5.43..389.60 rows=97 width=125)
	  Recheck Cond: ((k >= 5101710) AND (k <= 5101810))
	  ->  Bitmap Index Scan on k_2  (cost=0.00..5.40 rows=97 width=0)
	        Index Cond: ((k >= 5101710) AND (k <= 5101810))

table 3 : explain SELECT k, c FROM sbtest3 WHERE k BETWEEN 5101710 AND 5101810
	Bitmap Heap Scan on sbtest3  (cost=5.50..417.21 rows=104 width=125)
	  Recheck Cond: ((k >= 5101710) AND (k <= 5101810))
	  ->  Bitmap Index Scan on k_3  (cost=0.00..5.47 rows=104 width=0)
	        Index Cond: ((k >= 5101710) AND (k <= 5101810))

table 4 : explain SELECT k, c FROM sbtest4 WHERE k BETWEEN 5101710 AND 5101810
	Bitmap Heap Scan on sbtest4  (cost=5.41..381.73 rows=95 width=125)
	  Recheck Cond: ((k >= 5101710) AND (k <= 5101810))
	  ->  Bitmap Index Scan on k_4  (cost=0.00..5.38 rows=95 width=0)
	        Index Cond: ((k >= 5101710) AND (k <= 5101810))

table 5 : explain SELECT k, c FROM sbtest5 WHERE k BETWEEN 5101710 AND 5101810
	Bitmap Heap Scan on sbtest5  (cost=5.56..440.86 rows=110 width=125)
	  Recheck Cond: ((k >= 5101710) AND (k <= 5101810))
	  ->  Bitmap Index Scan on k_5  (cost=0.00..5.53 rows=110 width=0)
	        Index Cond: ((k >= 5101710) AND (k <= 5101810))

table 6 : explain SELECT k, c FROM sbtest6 WHERE k BETWEEN 5101710 AND 5101810
	Bitmap Heap Scan on sbtest6  (cost=5.45..397.54 rows=99 width=125)
	  Recheck Cond: ((k >= 5101710) AND (k <= 5101810))
	  ->  Bitmap Index Scan on k_6  (cost=0.00..5.42 rows=99 width=0)
	        Index Cond: ((k >= 5101710) AND (k <= 5101810))

table 7 : explain SELECT k, c FROM sbtest7 WHERE k BETWEEN 5101710 AND 5101810
	Bitmap Heap Scan on sbtest7  (cost=5.46..401.48 rows=100 width=125)
	  Recheck Cond: ((k >= 5101710) AND (k <= 5101810))
	  ->  Bitmap Index Scan on k_7  (cost=0.00..5.43 rows=100 width=0)
	        Index Cond: ((k >= 5101710) AND (k <= 5101810))

table 8 : explain SELECT k, c FROM sbtest8 WHERE k BETWEEN 5101710 AND 5101810
	Bitmap Heap Scan on sbtest8  (cost=5.54..433.05 rows=108 width=125)
	  Recheck Cond: ((k >= 5101710) AND (k <= 5101810))
	  ->  Bitmap Index Scan on k_8  (cost=0.00..5.51 rows=108 width=0)
	        Index Cond: ((k >= 5101710) AND (k <= 5101810))

for range-notcovered
table 1 : explain SELECT k, c FROM sbtest1 WHERE k BETWEEN 6496944 AND 6497044
	Bitmap Heap Scan on sbtest1  (cost=5.61..460.52 rows=115 width=125)
	  Recheck Cond: ((k >= 6496944) AND (k <= 6497044))
	  ->  Bitmap Index Scan on k_1  (cost=0.00..5.58 rows=115 width=0)
	        Index Cond: ((k >= 6496944) AND (k <= 6497044))

table 2 : explain SELECT k, c FROM sbtest2 WHERE k BETWEEN 6496944 AND 6497044
	Bitmap Heap Scan on sbtest2  (cost=5.49..413.26 rows=103 width=125)
	  Recheck Cond: ((k >= 6496944) AND (k <= 6497044))
	  ->  Bitmap Index Scan on k_2  (cost=0.00..5.46 rows=103 width=0)
	        Index Cond: ((k >= 6496944) AND (k <= 6497044))

table 3 : explain SELECT k, c FROM sbtest3 WHERE k BETWEEN 6496944 AND 6497044
	Bitmap Heap Scan on sbtest3  (cost=5.53..429.03 rows=107 width=125)
	  Recheck Cond: ((k >= 6496944) AND (k <= 6497044))
	  ->  Bitmap Index Scan on k_3  (cost=0.00..5.50 rows=107 width=0)
	        Index Cond: ((k >= 6496944) AND (k <= 6497044))

table 4 : explain SELECT k, c FROM sbtest4 WHERE k BETWEEN 6496944 AND 6497044
	Bitmap Heap Scan on sbtest4  (cost=5.40..377.79 rows=94 width=125)
	  Recheck Cond: ((k >= 6496944) AND (k <= 6497044))
	  ->  Bitmap Index Scan on k_4  (cost=0.00..5.38 rows=94 width=0)
	        Index Cond: ((k >= 6496944) AND (k <= 6497044))

table 5 : explain SELECT k, c FROM sbtest5 WHERE k BETWEEN 6496944 AND 6497044
	Bitmap Heap Scan on sbtest5  (cost=5.43..389.63 rows=97 width=125)
	  Recheck Cond: ((k >= 6496944) AND (k <= 6497044))
	  ->  Bitmap Index Scan on k_5  (cost=0.00..5.40 rows=97 width=0)
	        Index Cond: ((k >= 6496944) AND (k <= 6497044))

table 6 : explain SELECT k, c FROM sbtest6 WHERE k BETWEEN 6496944 AND 6497044
	Bitmap Heap Scan on sbtest6  (cost=5.55..436.96 rows=109 width=125)
	  Recheck Cond: ((k >= 6496944) AND (k <= 6497044))
	  ->  Bitmap Index Scan on k_6  (cost=0.00..5.52 rows=109 width=0)
	        Index Cond: ((k >= 6496944) AND (k <= 6497044))

table 7 : explain SELECT k, c FROM sbtest7 WHERE k BETWEEN 6496944 AND 6497044
	Bitmap Heap Scan on sbtest7  (cost=5.61..460.57 rows=115 width=125)
	  Recheck Cond: ((k >= 6496944) AND (k <= 6497044))
	  ->  Bitmap Index Scan on k_7  (cost=0.00..5.58 rows=115 width=0)
	        Index Cond: ((k >= 6496944) AND (k <= 6497044))

table 8 : explain SELECT k, c FROM sbtest8 WHERE k BETWEEN 6496944 AND 6497044
	Bitmap Heap Scan on sbtest8  (cost=5.49..413.34 rows=103 width=125)
	  Recheck Cond: ((k >= 6496944) AND (k <= 6497044))
	  ->  Bitmap Index Scan on k_8  (cost=0.00..5.46 rows=103 width=0)
	        Index Cond: ((k >= 6496944) AND (k <= 6497044))


for range-notcovered
table 1 : explain SELECT k, c FROM sbtest1 WHERE k BETWEEN 2729283 AND 2729383
	Bitmap Heap Scan on sbtest1  (cost=5.48..409.31 rows=102 width=125)
	  Recheck Cond: ((k >= 2729283) AND (k <= 2729383))
	  ->  Bitmap Index Scan on k_1  (cost=0.00..5.45 rows=102 width=0)
	        Index Cond: ((k >= 2729283) AND (k <= 2729383))

table 2 : explain SELECT k, c FROM sbtest2 WHERE k BETWEEN 2729283 AND 2729383
	Bitmap Heap Scan on sbtest2  (cost=5.35..358.04 rows=89 width=125)
	  Recheck Cond: ((k >= 2729283) AND (k <= 2729383))
	  ->  Bitmap Index Scan on k_2  (cost=0.00..5.32 rows=89 width=0)
	        Index Cond: ((k >= 2729283) AND (k <= 2729383))

table 3 : explain SELECT k, c FROM sbtest3 WHERE k BETWEEN 2729283 AND 2729383
	Bitmap Heap Scan on sbtest3  (cost=5.46..401.44 rows=100 width=125)
	  Recheck Cond: ((k >= 2729283) AND (k <= 2729383))
	  ->  Bitmap Index Scan on k_3  (cost=0.00..5.43 rows=100 width=0)
	        Index Cond: ((k >= 2729283) AND (k <= 2729383))

table 4 : explain SELECT k, c FROM sbtest4 WHERE k BETWEEN 2729283 AND 2729383
	Bitmap Heap Scan on sbtest4  (cost=5.51..421.16 rows=105 width=125)
	  Recheck Cond: ((k >= 2729283) AND (k <= 2729383))
	  ->  Bitmap Index Scan on k_4  (cost=0.00..5.48 rows=105 width=0)
	        Index Cond: ((k >= 2729283) AND (k <= 2729383))

table 5 : explain SELECT k, c FROM sbtest5 WHERE k BETWEEN 2729283 AND 2729383
	Bitmap Heap Scan on sbtest5  (cost=5.57..444.80 rows=111 width=125)
	  Recheck Cond: ((k >= 2729283) AND (k <= 2729383))
	  ->  Bitmap Index Scan on k_5  (cost=0.00..5.54 rows=111 width=0)
	        Index Cond: ((k >= 2729283) AND (k <= 2729383))

table 6 : explain SELECT k, c FROM sbtest6 WHERE k BETWEEN 2729283 AND 2729383
	Bitmap Heap Scan on sbtest6  (cost=5.49..413.32 rows=103 width=125)
	  Recheck Cond: ((k >= 2729283) AND (k <= 2729383))
	  ->  Bitmap Index Scan on k_6  (cost=0.00..5.46 rows=103 width=0)
	        Index Cond: ((k >= 2729283) AND (k <= 2729383))

table 7 : explain SELECT k, c FROM sbtest7 WHERE k BETWEEN 2729283 AND 2729383
	Bitmap Heap Scan on sbtest7  (cost=5.60..456.64 rows=114 width=125)
	  Recheck Cond: ((k >= 2729283) AND (k <= 2729383))
	  ->  Bitmap Index Scan on k_7  (cost=0.00..5.58 rows=114 width=0)
	        Index Cond: ((k >= 2729283) AND (k <= 2729383))

table 8 : explain SELECT k, c FROM sbtest8 WHERE k BETWEEN 2729283 AND 2729383
	Bitmap Heap Scan on sbtest8  (cost=5.55..436.99 rows=109 width=125)
	  Recheck Cond: ((k >= 2729283) AND (k <= 2729383))
	  ->  Bitmap Index Scan on k_8  (cost=0.00..5.52 rows=109 width=0)
	        Index Cond: ((k >= 2729283) AND (k <= 2729383))

explain: for range-notcovered :: explain SELECT k, c FROM sbtest%d WHERE k BETWEEN 4636687 AND 4636787explain: for range-notcovered :: explain SELECT k, c FROM sbtest%d WHERE k BETWEEN 2640584 AND 2640684explain: for range-notcovered :: explain SELECT k, c FROM sbtest%d WHERE k BETWEEN 2173248 AND 2173348
for range-notcovered
table 1 : explain SELECT k, c FROM sbtest1 WHERE k BETWEEN 5647166 AND 5647266
	Bitmap Heap Scan on sbtest1  (cost=5.47..405.37 rows=101 width=125)
	  Recheck Cond: ((k >= 5647166) AND (k <= 5647266))
	  ->  Bitmap Index Scan on k_1  (cost=0.00..5.44 rows=101 width=0)
	        Index Cond: ((k >= 5647166) AND (k <= 5647266))

table 2 : explain SELECT k, c FROM sbtest2 WHERE k BETWEEN 5647166 AND 5647266
	Bitmap Heap Scan on sbtest2  (cost=5.38..369.88 rows=92 width=125)
	  Recheck Cond: ((k >= 5647166) AND (k <= 5647266))
	  ->  Bitmap Index Scan on k_2  (cost=0.00..5.35 rows=92 width=0)
	        Index Cond: ((k >= 5647166) AND (k <= 5647266))

table 3 : explain SELECT k, c FROM sbtest3 WHERE k BETWEEN 5647166 AND 5647266
	Bitmap Heap Scan on sbtest3  (cost=5.43..389.61 rows=97 width=125)
	  Recheck Cond: ((k >= 5647166) AND (k <= 5647266))
	  ->  Bitmap Index Scan on k_3  (cost=0.00..5.40 rows=97 width=0)
	        Index Cond: ((k >= 5647166) AND (k <= 5647266))

table 4 : explain SELECT k, c FROM sbtest4 WHERE k BETWEEN 5647166 AND 5647266
	Bitmap Heap Scan on sbtest4  (cost=5.50..417.22 rows=104 width=125)
	  Recheck Cond: ((k >= 5647166) AND (k <= 5647266))
	  ->  Bitmap Index Scan on k_4  (cost=0.00..5.47 rows=104 width=0)
	        Index Cond: ((k >= 5647166) AND (k <= 5647266))

table 5 : explain SELECT k, c FROM sbtest5 WHERE k BETWEEN 5647166 AND 5647266
	Bitmap Heap Scan on sbtest5  (cost=5.51..421.16 rows=105 width=125)
	  Recheck Cond: ((k >= 5647166) AND (k <= 5647266))
	  ->  Bitmap Index Scan on k_5  (cost=0.00..5.48 rows=105 width=0)
	        Index Cond: ((k >= 5647166) AND (k <= 5647266))

table 6 : explain SELECT k, c FROM sbtest6 WHERE k BETWEEN 5647166 AND 5647266
	Bitmap Heap Scan on sbtest6  (cost=5.52..425.14 rows=106 width=125)
	  Recheck Cond: ((k >= 5647166) AND (k <= 5647266))
	  ->  Bitmap Index Scan on k_6  (cost=0.00..5.50 rows=106 width=0)
	        Index Cond: ((k >= 5647166) AND (k <= 5647266))

table 7 : explain SELECT k, c FROM sbtest7 WHERE k BETWEEN 5647166 AND 5647266
	Bitmap Heap Scan on sbtest7  (cost=5.46..401.48 rows=100 width=125)
	  Recheck Cond: ((k >= 5647166) AND (k <= 5647266))
	  ->  Bitmap Index Scan on k_7  (cost=0.00..5.43 rows=100 width=0)
	        Index Cond: ((k >= 5647166) AND (k <= 5647266))

table 8 : explain SELECT k, c FROM sbtest8 WHERE k BETWEEN 5647166 AND 5647266
	Bitmap Heap Scan on sbtest8  (cost=5.49..413.34 rows=103 width=125)
	  Recheck Cond: ((k >= 5647166) AND (k <= 5647266))
	  ->  Bitmap Index Scan on k_8  (cost=0.00..5.46 rows=103 width=0)
	        Index Cond: ((k >= 5647166) AND (k <= 5647266))

explain: for range-notcovered :: explain SELECT k, c FROM sbtest%d WHERE k BETWEEN 4047833 AND 4047933
explain: for range-notcovered :: explain SELECT k, c FROM sbtest%d WHERE k BETWEEN 6496944 AND 6497044
explain: for range-notcovered :: explain SELECT k, c FROM sbtest%d WHERE k BETWEEN 4581183 AND 4581283


for range-notcovered
table 1 : explain SELECT k, c FROM sbtest1 WHERE k BETWEEN 6049307 AND 6049407
	Bitmap Heap Scan on sbtest1  (cost=5.40..377.77 rows=94 width=125)
	  Recheck Cond: ((k >= 6049307) AND (k <= 6049407))
	  ->  Bitmap Index Scan on k_1  (cost=0.00..5.38 rows=94 width=0)
	        Index Cond: ((k >= 6049307) AND (k <= 6049407))

table 2 : explain SELECT k, c FROM sbtest2 WHERE k BETWEEN 6049307 AND 6049407
	Bitmap Heap Scan on sbtest2  (cost=5.45..397.49 rows=99 width=125)
	  Recheck Cond: ((k >= 6049307) AND (k <= 6049407))
	  ->  Bitmap Index Scan on k_2  (cost=0.00..5.42 rows=99 width=0)
	        Index Cond: ((k >= 6049307) AND (k <= 6049407))

table 3 : explain SELECT k, c FROM sbtest3 WHERE k BETWEEN 6049307 AND 6049407
	Bitmap Heap Scan on sbtest3  (cost=5.50..417.21 rows=104 width=125)
	  Recheck Cond: ((k >= 6049307) AND (k <= 6049407))
	  ->  Bitmap Index Scan on k_3  (cost=0.00..5.47 rows=104 width=0)
	        Index Cond: ((k >= 6049307) AND (k <= 6049407))

table 4 : explain SELECT k, c FROM sbtest4 WHERE k BETWEEN 6049307 AND 6049407
	Bitmap Heap Scan on sbtest4  (cost=5.44..393.57 rows=98 width=125)
	  Recheck Cond: ((k >= 6049307) AND (k <= 6049407))
	  ->  Bitmap Index Scan on k_4  (cost=0.00..5.42 rows=98 width=0)
	        Index Cond: ((k >= 6049307) AND (k <= 6049407))

table 5 : explain SELECT k, c FROM sbtest5 WHERE k BETWEEN 6049307 AND 6049407
	Bitmap Heap Scan on sbtest5  (cost=5.40..377.79 rows=94 width=125)
	  Recheck Cond: ((k >= 6049307) AND (k <= 6049407))
	  ->  Bitmap Index Scan on k_5  (cost=0.00..5.38 rows=94 width=0)
	        Index Cond: ((k >= 6049307) AND (k <= 6049407))

table 6 : explain SELECT k, c FROM sbtest6 WHERE k BETWEEN 6049307 AND 6049407
	Bitmap Heap Scan on sbtest6  (cost=5.40..377.82 rows=94 width=125)
	  Recheck Cond: ((k >= 6049307) AND (k <= 6049407))
	  ->  Bitmap Index Scan on k_6  (cost=0.00..5.38 rows=94 width=0)
	        Index Cond: ((k >= 6049307) AND (k <= 6049407))

table 7 : explain SELECT k, c FROM sbtest7 WHERE k BETWEEN 6049307 AND 6049407
	Bitmap Heap Scan on sbtest7  (cost=5.45..397.53 rows=99 width=125)
	  Recheck Cond: ((k >= 6049307) AND (k <= 6049407))
	  ->  Bitmap Index Scan on k_7  (cost=0.00..5.42 rows=99 width=0)
	        Index Cond: ((k >= 6049307) AND (k <= 6049407))

table 8 : explain SELECT k, c FROM sbtest8 WHERE k BETWEEN 6049307 AND 6049407
	Bitmap Heap Scan on sbtest8  (cost=5.49..413.34 rows=103 width=125)
	  Recheck Cond: ((k >= 6049307) AND (k <= 6049407))
	  ->  Bitmap Index Scan on k_8  (cost=0.00..5.46 rows=103 width=0)
	        Index Cond: ((k >= 6049307) AND (k <= 6049407))
for range-notcovered
table 1 : explain SELECT k, c FROM sbtest1 WHERE k BETWEEN 7296580 AND 7296680
	Bitmap Heap Scan on sbtest1  (cost=5.52..425.07 rows=106 width=125)
	  Recheck Cond: ((k >= 7296580) AND (k <= 7296680))
	  ->  Bitmap Index Scan on k_1  (cost=0.00..5.50 rows=106 width=0)
	        Index Cond: ((k >= 7296580) AND (k <= 7296680))

table 2 : explain SELECT k, c FROM sbtest2 WHERE k BETWEEN 7296580 AND 7296680
	Bitmap Heap Scan on sbtest2  (cost=5.53..429.02 rows=107 width=125)
	  Recheck Cond: ((k >= 7296580) AND (k <= 7296680))
	  ->  Bitmap Index Scan on k_2  (cost=0.00..5.50 rows=107 width=0)
	        Index Cond: ((k >= 7296580) AND (k <= 7296680))

table 3 : explain SELECT k, c FROM sbtest3 WHERE k BETWEEN 7296580 AND 7296680
	Bitmap Heap Scan on sbtest3  (cost=5.54..432.97 rows=108 width=125)
	  Recheck Cond: ((k >= 7296580) AND (k <= 7296680))
	  ->  Bitmap Index Scan on k_3  (cost=0.00..5.51 rows=108 width=0)
	        Index Cond: ((k >= 7296580) AND (k <= 7296680))

table 4 : explain SELECT k, c FROM sbtest4 WHERE k BETWEEN 7296580 AND 7296680
	Bitmap Heap Scan on sbtest4  (cost=5.38..369.90 rows=92 width=125)
	  Recheck Cond: ((k >= 7296580) AND (k <= 7296680))
	  ->  Bitmap Index Scan on k_4  (cost=0.00..5.35 rows=92 width=0)
	        Index Cond: ((k >= 7296580) AND (k <= 7296680))

table 5 : explain SELECT k, c FROM sbtest5 WHERE k BETWEEN 7296580 AND 7296680
	Bitmap Heap Scan on sbtest5  (cost=5.44..393.57 rows=98 width=125)
	  Recheck Cond: ((k >= 7296580) AND (k <= 7296680))
	  ->  Bitmap Index Scan on k_5  (cost=0.00..5.42 rows=98 width=0)
	        Index Cond: ((k >= 7296580) AND (k <= 7296680))

table 6 : explain SELECT k, c FROM sbtest6 WHERE k BETWEEN 7296580 AND 7296680
	Bitmap Heap Scan on sbtest6  (cost=5.53..429.08 rows=107 width=125)
	  Recheck Cond: ((k >= 7296580) AND (k <= 7296680))
	  ->  Bitmap Index Scan on k_6  (cost=0.00..5.50 rows=107 width=0)
	        Index Cond: ((k >= 7296580) AND (k <= 7296680))

table 7 : explain SELECT k, c FROM sbtest7 WHERE k BETWEEN 7296580 AND 7296680
	Bitmap Heap Scan on sbtest7  (cost=5.57..444.82 rows=111 width=125)
	  Recheck Cond: ((k >= 7296580) AND (k <= 7296680))
	  ->  Bitmap Index Scan on k_7  (cost=0.00..5.54 rows=111 width=0)
	        Index Cond: ((k >= 7296580) AND (k <= 7296680))

table 8 : explain SELECT k, c FROM sbtest8 WHERE k BETWEEN 7296580 AND 7296680
	Bitmap Heap Scan on sbtest8  (cost=5.50..417.28 rows=104 width=125)
	  Recheck Cond: ((k >= 7296580) AND (k <= 7296680))
	  ->  Bitmap Index Scan on k_8  (cost=0.00..5.47 rows=104 width=0)
	        Index Cond: ((k >= 7296580) AND (k <= 7296680))


for range-notcovered
table 1 : explain SELECT k, c FROM sbtest1 WHERE k BETWEEN 5421055 AND 5421155
	Bitmap Heap Scan on sbtest1  (cost=5.46..401.43 rows=100 width=125)
	  Recheck Cond: ((k >= 5421055) AND (k <= 5421155))
	  ->  Bitmap Index Scan on k_1  (cost=0.00..5.43 rows=100 width=0)
	        Index Cond: ((k >= 5421055) AND (k <= 5421155))

table 2 : explain SELECT k, c FROM sbtest2 WHERE k BETWEEN 5421055 AND 5421155
	Bitmap Heap Scan on sbtest2  (cost=5.45..397.49 rows=99 width=125)
	  Recheck Cond: ((k >= 5421055) AND (k <= 5421155))
	  ->  Bitmap Index Scan on k_2  (cost=0.00..5.42 rows=99 width=0)
	        Index Cond: ((k >= 5421055) AND (k <= 5421155))

table 3 : explain SELECT k, c FROM sbtest3 WHERE k BETWEEN 5421055 AND 5421155
	Bitmap Heap Scan on sbtest3  (cost=5.39..373.84 rows=93 width=125)
	  Recheck Cond: ((k >= 5421055) AND (k <= 5421155))
	  ->  Bitmap Index Scan on k_3  (cost=0.00..5.36 rows=93 width=0)
	        Index Cond: ((k >= 5421055) AND (k <= 5421155))

table 4 : explain SELECT k, c FROM sbtest4 WHERE k BETWEEN 5421055 AND 5421155
	Bitmap Heap Scan on sbtest4  (cost=5.58..448.73 rows=112 width=125)
	  Recheck Cond: ((k >= 5421055) AND (k <= 5421155))
	  ->  Bitmap Index Scan on k_4  (cost=0.00..5.55 rows=112 width=0)
	        Index Cond: ((k >= 5421055) AND (k <= 5421155))

table 5 : explain SELECT k, c FROM sbtest5 WHERE k BETWEEN 5421055 AND 5421155
	Bitmap Heap Scan on sbtest5  (cost=5.44..393.57 rows=98 width=125)
	  Recheck Cond: ((k >= 5421055) AND (k <= 5421155))
	  ->  Bitmap Index Scan on k_5  (cost=0.00..5.42 rows=98 width=0)
	        Index Cond: ((k >= 5421055) AND (k <= 5421155))

table 6 : explain SELECT k, c FROM sbtest6 WHERE k BETWEEN 5421055 AND 5421155
	Bitmap Heap Scan on sbtest6  (cost=5.51..421.20 rows=105 width=125)
	  Recheck Cond: ((k >= 5421055) AND (k <= 5421155))
	  ->  Bitmap Index Scan on k_6  (cost=0.00..5.48 rows=105 width=0)
	        Index Cond: ((k >= 5421055) AND (k <= 5421155))

table 7 : explain SELECT k, c FROM sbtest7 WHERE k BETWEEN 5421055 AND 5421155
	Bitmap Heap Scan on sbtest7  (cost=5.43..389.64 rows=97 width=125)
	  Recheck Cond: ((k >= 5421055) AND (k <= 5421155))
	  ->  Bitmap Index Scan on k_7  (cost=0.00..5.40 rows=97 width=0)
	        Index Cond: ((k >= 5421055) AND (k <= 5421155))

table 8 : explain SELECT k, c FROM sbtest8 WHERE k BETWEEN 5421055 AND 5421155
	Bitmap Heap Scan on sbtest8  (cost=5.44..393.62 rows=98 width=125)
	  Recheck Cond: ((k >= 5421055) AND (k <= 5421155))
	  ->  Bitmap Index Scan on k_8  (cost=0.00..5.42 rows=98 width=0)
	        Index Cond: ((k >= 5421055) AND (k <= 5421155))

for range-notcovered
table 1 : explain SELECT k, c FROM sbtest1 WHERE k BETWEEN 6043282 AND 6043382
	Bitmap Heap Scan on sbtest1  (cost=5.40..377.77 rows=94 width=125)
	  Recheck Cond: ((k >= 6043282) AND (k <= 6043382))
	  ->  Bitmap Index Scan on k_1  (cost=0.00..5.38 rows=94 width=0)
	        Index Cond: ((k >= 6043282) AND (k <= 6043382))

table 2 : explain SELECT k, c FROM sbtest2 WHERE k BETWEEN 6043282 AND 6043382
	Bitmap Heap Scan on sbtest2  (cost=5.45..397.49 rows=99 width=125)
	  Recheck Cond: ((k >= 6043282) AND (k <= 6043382))
	  ->  Bitmap Index Scan on k_2  (cost=0.00..5.42 rows=99 width=0)
	        Index Cond: ((k >= 6043282) AND (k <= 6043382))

table 3 : explain SELECT k, c FROM sbtest3 WHERE k BETWEEN 6043282 AND 6043382
	Bitmap Heap Scan on sbtest3  (cost=5.50..417.21 rows=104 width=125)
	  Recheck Cond: ((k >= 6043282) AND (k <= 6043382))
	  ->  Bitmap Index Scan on k_3  (cost=0.00..5.47 rows=104 width=0)
	        Index Cond: ((k >= 6043282) AND (k <= 6043382))

table 4 : explain SELECT k, c FROM sbtest4 WHERE k BETWEEN 6043282 AND 6043382
	Bitmap Heap Scan on sbtest4  (cost=5.44..393.57 rows=98 width=125)
	  Recheck Cond: ((k >= 6043282) AND (k <= 6043382))
	  ->  Bitmap Index Scan on k_4  (cost=0.00..5.42 rows=98 width=0)
	        Index Cond: ((k >= 6043282) AND (k <= 6043382))

table 5 : explain SELECT k, c FROM sbtest5 WHERE k BETWEEN 6043282 AND 6043382
	Bitmap Heap Scan on sbtest5  (cost=5.40..377.79 rows=94 width=125)
	  Recheck Cond: ((k >= 6043282) AND (k <= 6043382))
	  ->  Bitmap Index Scan on k_5  (cost=0.00..5.38 rows=94 width=0)
	        Index Cond: ((k >= 6043282) AND (k <= 6043382))

table 6 : explain SELECT k, c FROM sbtest6 WHERE k BETWEEN 6043282 AND 6043382
	Bitmap Heap Scan on sbtest6  (cost=5.40..377.82 rows=94 width=125)
	  Recheck Cond: ((k >= 6043282) AND (k <= 6043382))
	  ->  Bitmap Index Scan on k_6  (cost=0.00..5.38 rows=94 width=0)
	        Index Cond: ((k >= 6043282) AND (k <= 6043382))

table 7 : explain SELECT k, c FROM sbtest7 WHERE k BETWEEN 6043282 AND 6043382
	Bitmap Heap Scan on sbtest7  (cost=5.45..397.53 rows=99 width=125)
	  Recheck Cond: ((k >= 6043282) AND (k <= 6043382))
	  ->  Bitmap Index Scan on k_7  (cost=0.00..5.42 rows=99 width=0)
	        Index Cond: ((k >= 6043282) AND (k <= 6043382))

table 8 : explain SELECT k, c FROM sbtest8 WHERE k BETWEEN 6043282 AND 6043382
	Bitmap Heap Scan on sbtest8  (cost=5.49..413.34 rows=103 width=125)
	  Recheck Cond: ((k >= 6043282) AND (k <= 6043382))
	  ->  Bitmap Index Scan on k_8  (cost=0.00..5.46 rows=103 width=0)
	        Index Cond: ((k >= 6043282) AND (k <= 6043382))

for range-notcovered
table 1 : explain SELECT k, c FROM sbtest1 WHERE k BETWEEN 4852987 AND 4853087
	Bitmap Heap Scan on sbtest1  (cost=5.47..405.37 rows=101 width=125)
	  Recheck Cond: ((k >= 4852987) AND (k <= 4853087))
	  ->  Bitmap Index Scan on k_1  (cost=0.00..5.44 rows=101 width=0)
	        Index Cond: ((k >= 4852987) AND (k <= 4853087))

table 2 : explain SELECT k, c FROM sbtest2 WHERE k BETWEEN 4852987 AND 4853087
	Bitmap Heap Scan on sbtest2  (cost=5.55..436.90 rows=109 width=125)
	  Recheck Cond: ((k >= 4852987) AND (k <= 4853087))
	  ->  Bitmap Index Scan on k_2  (cost=0.00..5.52 rows=109 width=0)
	        Index Cond: ((k >= 4852987) AND (k <= 4853087))

table 3 : explain SELECT k, c FROM sbtest3 WHERE k BETWEEN 4852987 AND 4853087
	Bitmap Heap Scan on sbtest3  (cost=5.38..369.89 rows=92 width=125)
	  Recheck Cond: ((k >= 4852987) AND (k <= 4853087))
	  ->  Bitmap Index Scan on k_3  (cost=0.00..5.35 rows=92 width=0)
	        Index Cond: ((k >= 4852987) AND (k <= 4853087))

table 4 : explain SELECT k, c FROM sbtest4 WHERE k BETWEEN 4852987 AND 4853087
	Bitmap Heap Scan on sbtest4  (cost=5.51..421.16 rows=105 width=125)
	  Recheck Cond: ((k >= 4852987) AND (k <= 4853087))
	  ->  Bitmap Index Scan on k_4  (cost=0.00..5.48 rows=105 width=0)
	        Index Cond: ((k >= 4852987) AND (k <= 4853087))

table 5 : explain SELECT k, c FROM sbtest5 WHERE k BETWEEN 4852987 AND 4853087
	Bitmap Heap Scan on sbtest5  (cost=5.54..432.98 rows=108 width=125)
	  Recheck Cond: ((k >= 4852987) AND (k <= 4853087))
	  ->  Bitmap Index Scan on k_5  (cost=0.00..5.51 rows=108 width=0)
	        Index Cond: ((k >= 4852987) AND (k <= 4853087))

table 6 : explain SELECT k, c FROM sbtest6 WHERE k BETWEEN 4852987 AND 4853087
	Bitmap Heap Scan on sbtest6  (cost=5.44..393.60 rows=98 width=125)
	  Recheck Cond: ((k >= 4852987) AND (k <= 4853087))
	  ->  Bitmap Index Scan on k_6  (cost=0.00..5.42 rows=98 width=0)
	        Index Cond: ((k >= 4852987) AND (k <= 4853087))

table 7 : explain SELECT k, c FROM sbtest7 WHERE k BETWEEN 4852987 AND 4853087
	Bitmap Heap Scan on sbtest7  (cost=5.52..425.13 rows=106 width=125)
	  Recheck Cond: ((k >= 4852987) AND (k <= 4853087))
	  ->  Bitmap Index Scan on k_7  (cost=0.00..5.50 rows=106 width=0)
	        Index Cond: ((k >= 4852987) AND (k <= 4853087))

table 8 : explain SELECT k, c FROM sbtest8 WHERE k BETWEEN 4852987 AND 4853087
	Bitmap Heap Scan on sbtest8  (cost=5.44..393.62 rows=98 width=125)
	  Recheck Cond: ((k >= 4852987) AND (k <= 4853087))
	  ->  Bitmap Index Scan on k_8  (cost=0.00..5.42 rows=98 width=0)
	        Index Cond: ((k >= 4852987) AND (k <= 4853087))

explain: for range-notcovered :: explain SELECT k, c FROM sbtest%d WHERE k BETWEEN 3662722 AND 3662822
for range-notcovered
table 1 : explain SELECT k, c FROM sbtest1 WHERE k BETWEEN 4007277 AND 4007377
	Bitmap Heap Scan on sbtest1  (cost=5.42..385.66 rows=96 width=125)
	  Recheck Cond: ((k >= 4007277) AND (k <= 4007377))
	  ->  Bitmap Index Scan on k_1  (cost=0.00..5.39 rows=96 width=0)
	        Index Cond: ((k >= 4007277) AND (k <= 4007377))

table 2 : explain SELECT k, c FROM sbtest2 WHERE k BETWEEN 4007277 AND 4007377
	Bitmap Heap Scan on sbtest2  (cost=5.43..389.60 rows=97 width=125)
	  Recheck Cond: ((k >= 4007277) AND (k <= 4007377))
	  ->  Bitmap Index Scan on k_2  (cost=0.00..5.40 rows=97 width=0)
	        Index Cond: ((k >= 4007277) AND (k <= 4007377))

table 3 : explain SELECT k, c FROM sbtest3 WHERE k BETWEEN 4007277 AND 4007377
	Bitmap Heap Scan on sbtest3  (cost=5.45..397.50 rows=99 width=125)
	  Recheck Cond: ((k >= 4007277) AND (k <= 4007377))
	  ->  Bitmap Index Scan on k_3  (cost=0.00..5.42 rows=99 width=0)
	        Index Cond: ((k >= 4007277) AND (k <= 4007377))

table 4 : explain SELECT k, c FROM sbtest4 WHERE k BETWEEN 4007277 AND 4007377
	Bitmap Heap Scan on sbtest4  (cost=5.49..413.28 rows=103 width=125)
	  Recheck Cond: ((k >= 4007277) AND (k <= 4007377))
	  ->  Bitmap Index Scan on k_4  (cost=0.00..5.46 rows=103 width=0)
	        Index Cond: ((k >= 4007277) AND (k <= 4007377))

table 5 : explain SELECT k, c FROM sbtest5 WHERE k BETWEEN 4007277 AND 4007377
	Bitmap Heap Scan on sbtest5  (cost=5.46..401.46 rows=100 width=125)
	  Recheck Cond: ((k >= 4007277) AND (k <= 4007377))
	  ->  Bitmap Index Scan on k_5  (cost=0.00..5.43 rows=100 width=0)
	        Index Cond: ((k >= 4007277) AND (k <= 4007377))

table 6 : explain SELECT k, c FROM sbtest6 WHERE k BETWEEN 4007277 AND 4007377
	Bitmap Heap Scan on sbtest6  (cost=5.41..381.77 rows=95 width=125)
	  Recheck Cond: ((k >= 4007277) AND (k <= 4007377))
	  ->  Bitmap Index Scan on k_6  (cost=0.00..5.38 rows=95 width=0)
	        Index Cond: ((k >= 4007277) AND (k <= 4007377))

table 7 : explain SELECT k, c FROM sbtest7 WHERE k BETWEEN 4007277 AND 4007377
	Bitmap Heap Scan on sbtest7  (cost=5.49..413.30 rows=103 width=125)
	  Recheck Cond: ((k >= 4007277) AND (k <= 4007377))
	  ->  Bitmap Index Scan on k_7  (cost=0.00..5.46 rows=103 width=0)
	        Index Cond: ((k >= 4007277) AND (k <= 4007377))

table 8 : explain SELECT k, c FROM sbtest8 WHERE k BETWEEN 4007277 AND 4007377
	Bitmap Heap Scan on sbtest8  (cost=5.44..393.62 rows=98 width=125)
	  Recheck Cond: ((k >= 4007277) AND (k <= 4007377))
	  ->  Bitmap Index Scan on k_8  (cost=0.00..5.42 rows=98 width=0)
	        Index Cond: ((k >= 4007277) AND (k <= 4007377))
for range-notcovered
table 1 : explain SELECT k, c FROM sbtest1 WHERE k BETWEEN 3887905 AND 3888005
	Bitmap Heap Scan on sbtest1  (cost=5.47..405.37 rows=101 width=125)
	  Recheck Cond: ((k >= 3887905) AND (k <= 3888005))
	  ->  Bitmap Index Scan on k_1  (cost=0.00..5.44 rows=101 width=0)
	        Index Cond: ((k >= 3887905) AND (k <= 3888005))

table 2 : explain SELECT k, c FROM sbtest2 WHERE k BETWEEN 3887905 AND 3888005
	Bitmap Heap Scan on sbtest2  (cost=5.55..436.90 rows=109 width=125)
	  Recheck Cond: ((k >= 3887905) AND (k <= 3888005))
	  ->  Bitmap Index Scan on k_2  (cost=0.00..5.52 rows=109 width=0)
	        Index Cond: ((k >= 3887905) AND (k <= 3888005))

table 3 : explain SELECT k, c FROM sbtest3 WHERE k BETWEEN 3887905 AND 3888005
	Bitmap Heap Scan on sbtest3  (cost=5.54..432.97 rows=108 width=125)
	  Recheck Cond: ((k >= 3887905) AND (k <= 3888005))
	  ->  Bitmap Index Scan on k_3  (cost=0.00..5.51 rows=108 width=0)
	        Index Cond: ((k >= 3887905) AND (k <= 3888005))

table 4 : explain SELECT k, c FROM sbtest4 WHERE k BETWEEN 3887905 AND 3888005
	Bitmap Heap Scan on sbtest4  (cost=5.43..389.62 rows=97 width=125)
	  Recheck Cond: ((k >= 3887905) AND (k <= 3888005))
	  ->  Bitmap Index Scan on k_4  (cost=0.00..5.40 rows=97 width=0)
	        Index Cond: ((k >= 3887905) AND (k <= 3888005))

table 5 : explain SELECT k, c FROM sbtest5 WHERE k BETWEEN 3887905 AND 3888005
	Bitmap Heap Scan on sbtest5  (cost=5.47..405.40 rows=101 width=125)
	  Recheck Cond: ((k >= 3887905) AND (k <= 3888005))
	  ->  Bitmap Index Scan on k_5  (cost=0.00..5.44 rows=101 width=0)
	        Index Cond: ((k >= 3887905) AND (k <= 3888005))

table 6 : explain SELECT k, c FROM sbtest6 WHERE k BETWEEN 3887905 AND 3888005
	Bitmap Heap Scan on sbtest6  (cost=5.46..401.49 rows=100 width=125)
	  Recheck Cond: ((k >= 3887905) AND (k <= 3888005))
	  ->  Bitmap Index Scan on k_6  (cost=0.00..5.43 rows=100 width=0)
	        Index Cond: ((k >= 3887905) AND (k <= 3888005))

table 7 : explain SELECT k, c FROM sbtest7 WHERE k BETWEEN 3887905 AND 3888005
	Bitmap Heap Scan on sbtest7  (cost=5.47..405.42 rows=101 width=125)
	  Recheck Cond: ((k >= 3887905) AND (k <= 3888005))
	  ->  Bitmap Index Scan on k_7  (cost=0.00..5.44 rows=101 width=0)
	        Index Cond: ((k >= 3887905) AND (k <= 3888005))

table 8 : explain SELECT k, c FROM sbtest8 WHERE k BETWEEN 3887905 AND 3888005
	Bitmap Heap Scan on sbtest8  (cost=5.41..381.79 rows=95 width=125)
	  Recheck Cond: ((k >= 3887905) AND (k <= 3888005))
	  ->  Bitmap Index Scan on k_8  (cost=0.00..5.38 rows=95 width=0)
	        Index Cond: ((k >= 3887905) AND (k <= 3888005))

explain: for range-notcovered :: explain SELECT k, c FROM sbtest%d WHERE k BETWEEN 2729283 AND 2729383
explain: for range-notcovered :: explain SELECT k, c FROM sbtest%d WHERE k BETWEEN 4852987 AND 4853087
explain: for range-notcovered :: explain SELECT k, c FROM sbtest%d WHERE k BETWEEN 5647166 AND 5647266

for range-notcovered
table 1 : explain SELECT k, c FROM sbtest1 WHERE k BETWEEN 6751162 AND 6751262
	Bitmap Heap Scan on sbtest1  (cost=5.47..405.37 rows=101 width=125)
	  Recheck Cond: ((k >= 6751162) AND (k <= 6751262))
	  ->  Bitmap Index Scan on k_1  (cost=0.00..5.44 rows=101 width=0)
	        Index Cond: ((k >= 6751162) AND (k <= 6751262))

table 2 : explain SELECT k, c FROM sbtest2 WHERE k BETWEEN 6751162 AND 6751262
	Bitmap Heap Scan on sbtest2  (cost=5.44..393.55 rows=98 width=125)
	  Recheck Cond: ((k >= 6751162) AND (k <= 6751262))
	  ->  Bitmap Index Scan on k_2  (cost=0.00..5.42 rows=98 width=0)
	        Index Cond: ((k >= 6751162) AND (k <= 6751262))

table 3 : explain SELECT k, c FROM sbtest3 WHERE k BETWEEN 6751162 AND 6751262
	Bitmap Heap Scan on sbtest3  (cost=5.46..401.44 rows=100 width=125)
	  Recheck Cond: ((k >= 6751162) AND (k <= 6751262))
	  ->  Bitmap Index Scan on k_3  (cost=0.00..5.43 rows=100 width=0)
	        Index Cond: ((k >= 6751162) AND (k <= 6751262))

table 4 : explain SELECT k, c FROM sbtest4 WHERE k BETWEEN 6751162 AND 6751262
	Bitmap Heap Scan on sbtest4  (cost=5.48..409.34 rows=102 width=125)
	  Recheck Cond: ((k >= 6751162) AND (k <= 6751262))
	  ->  Bitmap Index Scan on k_4  (cost=0.00..5.45 rows=102 width=0)
	        Index Cond: ((k >= 6751162) AND (k <= 6751262))

table 5 : explain SELECT k, c FROM sbtest5 WHERE k BETWEEN 6751162 AND 6751262
	Bitmap Heap Scan on sbtest5  (cost=5.51..421.16 rows=105 width=125)
	  Recheck Cond: ((k >= 6751162) AND (k <= 6751262))
	  ->  Bitmap Index Scan on k_5  (cost=0.00..5.48 rows=105 width=0)
	        Index Cond: ((k >= 6751162) AND (k <= 6751262))

table 6 : explain SELECT k, c FROM sbtest6 WHERE k BETWEEN 6751162 AND 6751262
	Bitmap Heap Scan on sbtest6  (cost=5.42..385.71 rows=96 width=125)
	  Recheck Cond: ((k >= 6751162) AND (k <= 6751262))
	  ->  Bitmap Index Scan on k_6  (cost=0.00..5.39 rows=96 width=0)
	        Index Cond: ((k >= 6751162) AND (k <= 6751262))

table 7 : explain SELECT k, c FROM sbtest7 WHERE k BETWEEN 6751162 AND 6751262
	Bitmap Heap Scan on sbtest7  (cost=5.69..488.12 rows=122 width=125)
	  Recheck Cond: ((k >= 6751162) AND (k <= 6751262))
	  ->  Bitmap Index Scan on k_7  (cost=0.00..5.65 rows=122 width=0)
	        Index Cond: ((k >= 6751162) AND (k <= 6751262))

table 8 : explain SELECT k, c FROM sbtest8 WHERE k BETWEEN 6751162 AND 6751262
	Bitmap Heap Scan on sbtest8  (cost=5.42..385.73 rows=96 width=125)
	  Recheck Cond: ((k >= 6751162) AND (k <= 6751262))
	  ->  Bitmap Index Scan on k_8  (cost=0.00..5.39 rows=96 width=0)
	        Index Cond: ((k >= 6751162) AND (k <= 6751262))

explain: for range-notcovered :: explain SELECT k, c FROM sbtest%d WHERE k BETWEEN 5421055 AND 5421155
for range-notcovered
table 1 : explain SELECT k, c FROM sbtest1 WHERE k BETWEEN 7480959 AND 7481059
	Bitmap Heap Scan on sbtest1  (cost=5.47..405.37 rows=101 width=125)
	  Recheck Cond: ((k >= 7480959) AND (k <= 7481059))
	  ->  Bitmap Index Scan on k_1  (cost=0.00..5.44 rows=101 width=0)
	        Index Cond: ((k >= 7480959) AND (k <= 7481059))

table 2 : explain SELECT k, c FROM sbtest2 WHERE k BETWEEN 7480959 AND 7481059
	Bitmap Heap Scan on sbtest2  (cost=5.48..409.32 rows=102 width=125)
	  Recheck Cond: ((k >= 7480959) AND (k <= 7481059))
	  ->  Bitmap Index Scan on k_2  (cost=0.00..5.45 rows=102 width=0)
	        Index Cond: ((k >= 7480959) AND (k <= 7481059))

table 3 : explain SELECT k, c FROM sbtest3 WHERE k BETWEEN 7480959 AND 7481059
	Bitmap Heap Scan on sbtest3  (cost=5.46..401.44 rows=100 width=125)
	  Recheck Cond: ((k >= 7480959) AND (k <= 7481059))
	  ->  Bitmap Index Scan on k_3  (cost=0.00..5.43 rows=100 width=0)
	        Index Cond: ((k >= 7480959) AND (k <= 7481059))

table 4 : explain SELECT k, c FROM sbtest4 WHERE k BETWEEN 7480959 AND 7481059
	Bitmap Heap Scan on sbtest4  (cost=5.51..421.16 rows=105 width=125)
	  Recheck Cond: ((k >= 7480959) AND (k <= 7481059))
	  ->  Bitmap Index Scan on k_4  (cost=0.00..5.48 rows=105 width=0)
	        Index Cond: ((k >= 7480959) AND (k <= 7481059))

table 5 : explain SELECT k, c FROM sbtest5 WHERE k BETWEEN 7480959 AND 7481059
	Bitmap Heap Scan on sbtest5  (cost=5.52..425.10 rows=106 width=125)
	  Recheck Cond: ((k >= 7480959) AND (k <= 7481059))
	  ->  Bitmap Index Scan on k_5  (cost=0.00..5.50 rows=106 width=0)
	        Index Cond: ((k >= 7480959) AND (k <= 7481059))

table 6 : explain SELECT k, c FROM sbtest6 WHERE k BETWEEN 7480959 AND 7481059
	Bitmap Heap Scan on sbtest6  (cost=5.59..452.72 rows=113 width=125)
	  Recheck Cond: ((k >= 7480959) AND (k <= 7481059))
	  ->  Bitmap Index Scan on k_6  (cost=0.00..5.56 rows=113 width=0)
	        Index Cond: ((k >= 7480959) AND (k <= 7481059))

table 7 : explain SELECT k, c FROM sbtest7 WHERE k BETWEEN 7480959 AND 7481059
	Bitmap Heap Scan on sbtest7  (cost=5.45..397.53 rows=99 width=125)
	  Recheck Cond: ((k >= 7480959) AND (k <= 7481059))
	  ->  Bitmap Index Scan on k_7  (cost=0.00..5.42 rows=99 width=0)
	        Index Cond: ((k >= 7480959) AND (k <= 7481059))

table 8 : explain SELECT k, c FROM sbtest8 WHERE k BETWEEN 7480959 AND 7481059
	Bitmap Heap Scan on sbtest8  (cost=5.50..417.28 rows=104 width=125)
	  Recheck Cond: ((k >= 7480959) AND (k <= 7481059))
	  ->  Bitmap Index Scan on k_8  (cost=0.00..5.47 rows=104 width=0)
	        Index Cond: ((k >= 7480959) AND (k <= 7481059))

explain: for range-notcovered :: explain SELECT k, c FROM sbtest%d WHERE k BETWEEN 7296580 AND 7296680
for range-notcovered
table 1 : explain SELECT k, c FROM sbtest1 WHERE k BETWEEN 974328 AND 974428
	Bitmap Heap Scan on sbtest1  (cost=5.40..377.77 rows=94 width=125)
	  Recheck Cond: ((k >= 974328) AND (k <= 974428))
	  ->  Bitmap Index Scan on k_1  (cost=0.00..5.38 rows=94 width=0)
	        Index Cond: ((k >= 974328) AND (k <= 974428))

table 2 : explain SELECT k, c FROM sbtest2 WHERE k BETWEEN 974328 AND 974428
	Bitmap Heap Scan on sbtest2  (cost=5.53..429.02 rows=107 width=125)
	  Recheck Cond: ((k >= 974328) AND (k <= 974428))
	  ->  Bitmap Index Scan on k_2  (cost=0.00..5.50 rows=107 width=0)
	        Index Cond: ((k >= 974328) AND (k <= 974428))

table 3 : explain SELECT k, c FROM sbtest3 WHERE k BETWEEN 974328 AND 974428
	Bitmap Heap Scan on sbtest3  (cost=5.42..385.67 rows=96 width=125)
	  Recheck Cond: ((k >= 974328) AND (k <= 974428))
	  ->  Bitmap Index Scan on k_3  (cost=0.00..5.39 rows=96 width=0)
	        Index Cond: ((k >= 974328) AND (k <= 974428))

table 4 : explain SELECT k, c FROM sbtest4 WHERE k BETWEEN 974328 AND 974428
	Bitmap Heap Scan on sbtest4  (cost=5.54..432.98 rows=108 width=125)
	  Recheck Cond: ((k >= 974328) AND (k <= 974428))
	  ->  Bitmap Index Scan on k_4  (cost=0.00..5.51 rows=108 width=0)
	        Index Cond: ((k >= 974328) AND (k <= 974428))

table 5 : explain SELECT k, c FROM sbtest5 WHERE k BETWEEN 974328 AND 974428
	Bitmap Heap Scan on sbtest5  (cost=5.40..377.79 rows=94 width=125)
	  Recheck Cond: ((k >= 974328) AND (k <= 974428))
	  ->  Bitmap Index Scan on k_5  (cost=0.00..5.38 rows=94 width=0)
	        Index Cond: ((k >= 974328) AND (k <= 974428))

table 6 : explain SELECT k, c FROM sbtest6 WHERE k BETWEEN 974328 AND 974428
	Bitmap Heap Scan on sbtest6  (cost=5.41..381.77 rows=95 width=125)
	  Recheck Cond: ((k >= 974328) AND (k <= 974428))
	  ->  Bitmap Index Scan on k_6  (cost=0.00..5.38 rows=95 width=0)
	        Index Cond: ((k >= 974328) AND (k <= 974428))

table 7 : explain SELECT k, c FROM sbtest7 WHERE k BETWEEN 974328 AND 974428
	Bitmap Heap Scan on sbtest7  (cost=5.52..425.13 rows=106 width=125)
	  Recheck Cond: ((k >= 974328) AND (k <= 974428))
	  ->  Bitmap Index Scan on k_7  (cost=0.00..5.50 rows=106 width=0)
	        Index Cond: ((k >= 974328) AND (k <= 974428))

table 8 : explain SELECT k, c FROM sbtest8 WHERE k BETWEEN 974328 AND 974428
	Bitmap Heap Scan on sbtest8  (cost=5.48..409.40 rows=102 width=125)
	  Recheck Cond: ((k >= 974328) AND (k <= 974428))
	  ->  Bitmap Index Scan on k_8  (cost=0.00..5.45 rows=102 width=0)
	        Index Cond: ((k >= 974328) AND (k <= 974428))
explain: for range-notcovered :: explain SELECT k, c FROM sbtest%d WHERE k BETWEEN 6049307 AND 6049407explain: for range-notcovered :: explain SELECT k, c FROM sbtest%d WHERE k BETWEEN 6043282 AND 6043382for range-notcovered
table 1 : explain SELECT k, c FROM sbtest1 WHERE k BETWEEN 2095794 AND 2095894
	Bitmap Heap Scan on sbtest1  (cost=5.62..464.45 rows=116 width=125)
	  Recheck Cond: ((k >= 2095794) AND (k <= 2095894))
	  ->  Bitmap Index Scan on k_1  (cost=0.00..5.59 rows=116 width=0)
	        Index Cond: ((k >= 2095794) AND (k <= 2095894))

table 2 : explain SELECT k, c FROM sbtest2 WHERE k BETWEEN 2095794 AND 2095894
	Bitmap Heap Scan on sbtest2  (cost=5.54..432.96 rows=108 width=125)
	  Recheck Cond: ((k >= 2095794) AND (k <= 2095894))
	  ->  Bitmap Index Scan on k_2  (cost=0.00..5.51 rows=108 width=0)
	        Index Cond: ((k >= 2095794) AND (k <= 2095894))

table 3 : explain SELECT k, c FROM sbtest3 WHERE k BETWEEN 2095794 AND 2095894
	Bitmap Heap Scan on sbtest3  (cost=5.44..393.56 rows=98 width=125)
	  Recheck Cond: ((k >= 2095794) AND (k <= 2095894))
	  ->  Bitmap Index Scan on k_3  (cost=0.00..5.42 rows=98 width=0)
	        Index Cond: ((k >= 2095794) AND (k <= 2095894))

table 4 : explain SELECT k, c FROM sbtest4 WHERE k BETWEEN 2095794 AND 2095894
	Bitmap Heap Scan on sbtest4  (cost=5.55..436.92 rows=109 width=125)
	  Recheck Cond: ((k >= 2095794) AND (k <= 2095894))
	  ->  Bitmap Index Scan on k_4  (cost=0.00..5.52 rows=109 width=0)
	        Index Cond: ((k >= 2095794) AND (k <= 2095894))

table 5 : explain SELECT k, c FROM sbtest5 WHERE k BETWEEN 2095794 AND 2095894
	Bitmap Heap Scan on sbtest5  (cost=5.44..393.57 rows=98 width=125)
	  Recheck Cond: ((k >= 2095794) AND (k <= 2095894))
	  ->  Bitmap Index Scan on k_5  (cost=0.00..5.42 rows=98 width=0)
	        Index Cond: ((k >= 2095794) AND (k <= 2095894))

table 6 : explain SELECT k, c FROM sbtest6 WHERE k BETWEEN 2095794 AND 2095894
	Bitmap Heap Scan on sbtest6  (cost=5.42..385.71 rows=96 width=125)
	  Recheck Cond: ((k >= 2095794) AND (k <= 2095894))
	  ->  Bitmap Index Scan on k_6  (cost=0.00..5.39 rows=96 width=0)
	        Index Cond: ((k >= 2095794) AND (k <= 2095894))

table 7 : explain SELECT k, c FROM sbtest7 WHERE k BETWEEN 2095794 AND 2095894
	Bitmap Heap Scan on sbtest7  (cost=5.49..413.30 rows=103 width=125)
	  Recheck Cond: ((k >= 2095794) AND (k <= 2095894))
	  ->  Bitmap Index Scan on k_7  (cost=0.00..5.46 rows=103 width=0)
	        Index Cond: ((k >= 2095794) AND (k <= 2095894))

table 8 : explain SELECT k, c FROM sbtest8 WHERE k BETWEEN 2095794 AND 2095894
	Bitmap Heap Scan on sbtest8  (cost=5.44..393.62 rows=98 width=125)
	  Recheck Cond: ((k >= 2095794) AND (k <= 2095894))
	  ->  Bitmap Index Scan on k_8  (cost=0.00..5.42 rows=98 width=0)
	        Index Cond: ((k >= 2095794) AND (k <= 2095894))

for range-notcovered
table 1 : explain SELECT k, c FROM sbtest1 WHERE k BETWEEN 6548505 AND 6548605
	Bitmap Heap Scan on sbtest1  (cost=5.41..381.71 rows=95 width=125)
	  Recheck Cond: ((k >= 6548505) AND (k <= 6548605))
	  ->  Bitmap Index Scan on k_1  (cost=0.00..5.38 rows=95 width=0)
	        Index Cond: ((k >= 6548505) AND (k <= 6548605))

table 2 : explain SELECT k, c FROM sbtest2 WHERE k BETWEEN 6548505 AND 6548605
	Bitmap Heap Scan on sbtest2  (cost=5.49..413.26 rows=103 width=125)
	  Recheck Cond: ((k >= 6548505) AND (k <= 6548605))
	  ->  Bitmap Index Scan on k_2  (cost=0.00..5.46 rows=103 width=0)
	        Index Cond: ((k >= 6548505) AND (k <= 6548605))

table 3 : explain SELECT k, c FROM sbtest3 WHERE k BETWEEN 6548505 AND 6548605
	Bitmap Heap Scan on sbtest3  (cost=5.52..425.09 rows=106 width=125)
	  Recheck Cond: ((k >= 6548505) AND (k <= 6548605))
	  ->  Bitmap Index Scan on k_3  (cost=0.00..5.50 rows=106 width=0)
	        Index Cond: ((k >= 6548505) AND (k <= 6548605))

table 4 : explain SELECT k, c FROM sbtest4 WHERE k BETWEEN 6548505 AND 6548605
	Bitmap Heap Scan on sbtest4  (cost=5.40..377.79 rows=94 width=125)
	  Recheck Cond: ((k >= 6548505) AND (k <= 6548605))
	  ->  Bitmap Index Scan on k_4  (cost=0.00..5.38 rows=94 width=0)
	        Index Cond: ((k >= 6548505) AND (k <= 6548605))

table 5 : explain SELECT k, c FROM sbtest5 WHERE k BETWEEN 6548505 AND 6548605
	Bitmap Heap Scan on sbtest5  (cost=5.43..389.63 rows=97 width=125)
	  Recheck Cond: ((k >= 6548505) AND (k <= 6548605))
	  ->  Bitmap Index Scan on k_5  (cost=0.00..5.40 rows=97 width=0)
	        Index Cond: ((k >= 6548505) AND (k <= 6548605))

table 6 : explain SELECT k, c FROM sbtest6 WHERE k BETWEEN 6548505 AND 6548605
	Bitmap Heap Scan on sbtest6  (cost=5.40..377.82 rows=94 width=125)
	  Recheck Cond: ((k >= 6548505) AND (k <= 6548605))
	  ->  Bitmap Index Scan on k_6  (cost=0.00..5.38 rows=94 width=0)
	        Index Cond: ((k >= 6548505) AND (k <= 6548605))

table 7 : explain SELECT k, c FROM sbtest7 WHERE k BETWEEN 6548505 AND 6548605
	Bitmap Heap Scan on sbtest7  (cost=5.52..425.13 rows=106 width=125)
	  Recheck Cond: ((k >= 6548505) AND (k <= 6548605))
	  ->  Bitmap Index Scan on k_7  (cost=0.00..5.50 rows=106 width=0)
	        Index Cond: ((k >= 6548505) AND (k <= 6548605))

table 8 : explain SELECT k, c FROM sbtest8 WHERE k BETWEEN 6548505 AND 6548605
	Bitmap Heap Scan on sbtest8  (cost=5.44..393.62 rows=98 width=125)
	  Recheck Cond: ((k >= 6548505) AND (k <= 6548605))
	  ->  Bitmap Index Scan on k_8  (cost=0.00..5.42 rows=98 width=0)
	        Index Cond: ((k >= 6548505) AND (k <= 6548605))

explain: for range-notcovered :: explain SELECT k, c FROM sbtest%d WHERE k BETWEEN 7480959 AND 7481059
for range-notcovered
table 1 : explain SELECT k, c FROM sbtest1 WHERE k BETWEEN 7936229 AND 7936329
	Bitmap Heap Scan on sbtest1  (cost=5.46..401.43 rows=100 width=125)
	  Recheck Cond: ((k >= 7936229) AND (k <= 7936329))
	  ->  Bitmap Index Scan on k_1  (cost=0.00..5.43 rows=100 width=0)
	        Index Cond: ((k >= 7936229) AND (k <= 7936329))

table 2 : explain SELECT k, c FROM sbtest2 WHERE k BETWEEN 7936229 AND 7936329
	Bitmap Heap Scan on sbtest2  (cost=5.49..413.26 rows=103 width=125)
	  Recheck Cond: ((k >= 7936229) AND (k <= 7936329))
	  ->  Bitmap Index Scan on k_2  (cost=0.00..5.46 rows=103 width=0)
	        Index Cond: ((k >= 7936229) AND (k <= 7936329))

table 3 : explain SELECT k, c FROM sbtest3 WHERE k BETWEEN 7936229 AND 7936329
	Bitmap Heap Scan on sbtest3  (cost=5.39..373.84 rows=93 width=125)
	  Recheck Cond: ((k >= 7936229) AND (k <= 7936329))
	  ->  Bitmap Index Scan on k_3  (cost=0.00..5.36 rows=93 width=0)
	        Index Cond: ((k >= 7936229) AND (k <= 7936329))

table 4 : explain SELECT k, c FROM sbtest4 WHERE k BETWEEN 7936229 AND 7936329
	Bitmap Heap Scan on sbtest4  (cost=5.39..373.84 rows=93 width=125)
	  Recheck Cond: ((k >= 7936229) AND (k <= 7936329))
	  ->  Bitmap Index Scan on k_4  (cost=0.00..5.36 rows=93 width=0)
	        Index Cond: ((k >= 7936229) AND (k <= 7936329))

table 5 : explain SELECT k, c FROM sbtest5 WHERE k BETWEEN 7936229 AND 7936329
	Bitmap Heap Scan on sbtest5  (cost=5.49..413.28 rows=103 width=125)
	  Recheck Cond: ((k >= 7936229) AND (k <= 7936329))
	  ->  Bitmap Index Scan on k_5  (cost=0.00..5.46 rows=103 width=0)
	        Index Cond: ((k >= 7936229) AND (k <= 7936329))

table 6 : explain SELECT k, c FROM sbtest6 WHERE k BETWEEN 7936229 AND 7936329
	Bitmap Heap Scan on sbtest6  (cost=5.43..389.66 rows=97 width=125)
	  Recheck Cond: ((k >= 7936229) AND (k <= 7936329))
	  ->  Bitmap Index Scan on k_6  (cost=0.00..5.40 rows=97 width=0)
	        Index Cond: ((k >= 7936229) AND (k <= 7936329))

table 7 : explain SELECT k, c FROM sbtest7 WHERE k BETWEEN 7936229 AND 7936329
	Bitmap Heap Scan on sbtest7  (cost=5.55..436.95 rows=109 width=125)
	  Recheck Cond: ((k >= 7936229) AND (k <= 7936329))
	  ->  Bitmap Index Scan on k_7  (cost=0.00..5.52 rows=109 width=0)
	        Index Cond: ((k >= 7936229) AND (k <= 7936329))

table 8 : explain SELECT k, c FROM sbtest8 WHERE k BETWEEN 7936229 AND 7936329
	Bitmap Heap Scan on sbtest8  (cost=5.50..417.28 rows=104 width=125)
	  Recheck Cond: ((k >= 7936229) AND (k <= 7936329))
	  ->  Bitmap Index Scan on k_8  (cost=0.00..5.47 rows=104 width=0)
	        Index Cond: ((k >= 7936229) AND (k <= 7936329))

explain: for range-notcovered :: explain SELECT k, c FROM sbtest%d WHERE k BETWEEN 3887905 AND 3888005explain: for range-notcovered :: explain SELECT k, c FROM sbtest%d WHERE k BETWEEN 6751162 AND 6751262

for range-notcovered
table 1 : explain SELECT k, c FROM sbtest1 WHERE k BETWEEN 9066599 AND 9066699
	Bitmap Heap Scan on sbtest1  (cost=5.56..440.83 rows=110 width=125)
	  Recheck Cond: ((k >= 9066599) AND (k <= 9066699))
	  ->  Bitmap Index Scan on k_1  (cost=0.00..5.53 rows=110 width=0)
	        Index Cond: ((k >= 9066599) AND (k <= 9066699))

table 2 : explain SELECT k, c FROM sbtest2 WHERE k BETWEEN 9066599 AND 9066699
	Bitmap Heap Scan on sbtest2  (cost=5.39..373.83 rows=93 width=125)
	  Recheck Cond: ((k >= 9066599) AND (k <= 9066699))
	  ->  Bitmap Index Scan on k_2  (cost=0.00..5.36 rows=93 width=0)
	        Index Cond: ((k >= 9066599) AND (k <= 9066699))

table 3 : explain SELECT k, c FROM sbtest3 WHERE k BETWEEN 9066599 AND 9066699
	Bitmap Heap Scan on sbtest3  (cost=5.47..405.39 rows=101 width=125)
	  Recheck Cond: ((k >= 9066599) AND (k <= 9066699))
	  ->  Bitmap Index Scan on k_3  (cost=0.00..5.44 rows=101 width=0)
	        Index Cond: ((k >= 9066599) AND (k <= 9066699))

table 4 : explain SELECT k, c FROM sbtest4 WHERE k BETWEEN 9066599 AND 9066699
	Bitmap Heap Scan on sbtest4  (cost=5.49..413.28 rows=103 width=125)
	  Recheck Cond: ((k >= 9066599) AND (k <= 9066699))
	  ->  Bitmap Index Scan on k_4  (cost=0.00..5.46 rows=103 width=0)
	        Index Cond: ((k >= 9066599) AND (k <= 9066699))

table 5 : explain SELECT k, c FROM sbtest5 WHERE k BETWEEN 9066599 AND 9066699
	Bitmap Heap Scan on sbtest5  (cost=5.39..373.85 rows=93 width=125)
	  Recheck Cond: ((k >= 9066599) AND (k <= 9066699))
	  ->  Bitmap Index Scan on k_5  (cost=0.00..5.36 rows=93 width=0)
	        Index Cond: ((k >= 9066599) AND (k <= 9066699))

table 6 : explain SELECT k, c FROM sbtest6 WHERE k BETWEEN 9066599 AND 9066699
	Bitmap Heap Scan on sbtest6  (cost=5.44..393.60 rows=98 width=125)
	  Recheck Cond: ((k >= 9066599) AND (k <= 9066699))
	  ->  Bitmap Index Scan on k_6  (cost=0.00..5.42 rows=98 width=0)
	        Index Cond: ((k >= 9066599) AND (k <= 9066699))

table 7 : explain SELECT k, c FROM sbtest7 WHERE k BETWEEN 9066599 AND 9066699
	Bitmap Heap Scan on sbtest7  (cost=5.54..433.01 rows=108 width=125)
	  Recheck Cond: ((k >= 9066599) AND (k <= 9066699))
	  ->  Bitmap Index Scan on k_7  (cost=0.00..5.51 rows=108 width=0)
	        Index Cond: ((k >= 9066599) AND (k <= 9066699))

table 8 : explain SELECT k, c FROM sbtest8 WHERE k BETWEEN 9066599 AND 9066699
	Bitmap Heap Scan on sbtest8  (cost=5.44..393.62 rows=98 width=125)
	  Recheck Cond: ((k >= 9066599) AND (k <= 9066699))
	  ->  Bitmap Index Scan on k_8  (cost=0.00..5.42 rows=98 width=0)
	        Index Cond: ((k >= 9066599) AND (k <= 9066699))



for range-notcovered
table 1 : explain SELECT k, c FROM sbtest1 WHERE k BETWEEN 5330440 AND 5330540
	Bitmap Heap Scan on sbtest1  (cost=5.46..401.43 rows=100 width=125)
	  Recheck Cond: ((k >= 5330440) AND (k <= 5330540))
	  ->  Bitmap Index Scan on k_1  (cost=0.00..5.43 rows=100 width=0)
	        Index Cond: ((k >= 5330440) AND (k <= 5330540))

table 2 : explain SELECT k, c FROM sbtest2 WHERE k BETWEEN 5330440 AND 5330540
	Bitmap Heap Scan on sbtest2  (cost=5.56..440.83 rows=110 width=125)
	  Recheck Cond: ((k >= 5330440) AND (k <= 5330540))
	  ->  Bitmap Index Scan on k_2  (cost=0.00..5.53 rows=110 width=0)
	        Index Cond: ((k >= 5330440) AND (k <= 5330540))

table 3 : explain SELECT k, c FROM sbtest3 WHERE k BETWEEN 5330440 AND 5330540
	Bitmap Heap Scan on sbtest3  (cost=5.39..373.84 rows=93 width=125)
	  Recheck Cond: ((k >= 5330440) AND (k <= 5330540))
	  ->  Bitmap Index Scan on k_3  (cost=0.00..5.36 rows=93 width=0)
	        Index Cond: ((k >= 5330440) AND (k <= 5330540))

table 4 : explain SELECT k, c FROM sbtest4 WHERE k BETWEEN 5330440 AND 5330540
	Bitmap Heap Scan on sbtest4  (cost=5.42..385.68 rows=96 width=125)
	  Recheck Cond: ((k >= 5330440) AND (k <= 5330540))
	  ->  Bitmap Index Scan on k_4  (cost=0.00..5.39 rows=96 width=0)
	        Index Cond: ((k >= 5330440) AND (k <= 5330540))

table 5 : explain SELECT k, c FROM sbtest5 WHERE k BETWEEN 5330440 AND 5330540
	Bitmap Heap Scan on sbtest5  (cost=5.53..429.04 rows=107 width=125)
	  Recheck Cond: ((k >= 5330440) AND (k <= 5330540))
	  ->  Bitmap Index Scan on k_5  (cost=0.00..5.50 rows=107 width=0)
	        Index Cond: ((k >= 5330440) AND (k <= 5330540))

table 6 : explain SELECT k, c FROM sbtest6 WHERE k BETWEEN 5330440 AND 5330540
	Bitmap Heap Scan on sbtest6  (cost=5.52..425.14 rows=106 width=125)
	  Recheck Cond: ((k >= 5330440) AND (k <= 5330540))
	  ->  Bitmap Index Scan on k_6  (cost=0.00..5.50 rows=106 width=0)
	        Index Cond: ((k >= 5330440) AND (k <= 5330540))

table 7 : explain SELECT k, c FROM sbtest7 WHERE k BETWEEN 5330440 AND 5330540
	Bitmap Heap Scan on sbtest7  (cost=5.51..421.19 rows=105 width=125)
	  Recheck Cond: ((k >= 5330440) AND (k <= 5330540))
	  ->  Bitmap Index Scan on k_7  (cost=0.00..5.48 rows=105 width=0)
	        Index Cond: ((k >= 5330440) AND (k <= 5330540))

table 8 : explain SELECT k, c FROM sbtest8 WHERE k BETWEEN 5330440 AND 5330540
	Bitmap Heap Scan on sbtest8  (cost=5.50..417.28 rows=104 width=125)
	  Recheck Cond: ((k >= 5330440) AND (k <= 5330540))
	  ->  Bitmap Index Scan on k_8  (cost=0.00..5.47 rows=104 width=0)
	        Index Cond: ((k >= 5330440) AND (k <= 5330540))
explain: for range-notcovered :: explain SELECT k, c FROM sbtest%d WHERE k BETWEEN 974328 AND 974428for range-notcovered
table 1 : explain SELECT k, c FROM sbtest1 WHERE k BETWEEN 3332067 AND 3332167
	Bitmap Heap Scan on sbtest1  (cost=5.50..417.19 rows=104 width=125)
	  Recheck Cond: ((k >= 3332067) AND (k <= 3332167))
	  ->  Bitmap Index Scan on k_1  (cost=0.00..5.47 rows=104 width=0)
	        Index Cond: ((k >= 3332067) AND (k <= 3332167))

table 2 : explain SELECT k, c FROM sbtest2 WHERE k BETWEEN 3332067 AND 3332167
	Bitmap Heap Scan on sbtest2  (cost=5.45..397.49 rows=99 width=125)
	  Recheck Cond: ((k >= 3332067) AND (k <= 3332167))
	  ->  Bitmap Index Scan on k_2  (cost=0.00..5.42 rows=99 width=0)
	        Index Cond: ((k >= 3332067) AND (k <= 3332167))

table 3 : explain SELECT k, c FROM sbtest3 WHERE k BETWEEN 3332067 AND 3332167
	Bitmap Heap Scan on sbtest3  (cost=5.50..417.21 rows=104 width=125)
	  Recheck Cond: ((k >= 3332067) AND (k <= 3332167))
	  ->  Bitmap Index Scan on k_3  (cost=0.00..5.47 rows=104 width=0)
	        Index Cond: ((k >= 3332067) AND (k <= 3332167))

table 4 : explain SELECT k, c FROM sbtest4 WHERE k BETWEEN 3332067 AND 3332167
	Bitmap Heap Scan on sbtest4  (cost=5.52..425.10 rows=106 width=125)
	  Recheck Cond: ((k >= 3332067) AND (k <= 3332167))
	  ->  Bitmap Index Scan on k_4  (cost=0.00..5.50 rows=106 width=0)
	        Index Cond: ((k >= 3332067) AND (k <= 3332167))

table 5 : explain SELECT k, c FROM sbtest5 WHERE k BETWEEN 3332067 AND 3332167
	Bitmap Heap Scan on sbtest5  (cost=5.52..425.10 rows=106 width=125)
	  Recheck Cond: ((k >= 3332067) AND (k <= 3332167))
	  ->  Bitmap Index Scan on k_5  (cost=0.00..5.50 rows=106 width=0)
	        Index Cond: ((k >= 3332067) AND (k <= 3332167))

table 6 : explain SELECT k, c FROM sbtest6 WHERE k BETWEEN 3332067 AND 3332167
	Bitmap Heap Scan on sbtest6  (cost=5.47..405.43 rows=101 width=125)
	  Recheck Cond: ((k >= 3332067) AND (k <= 3332167))
	  ->  Bitmap Index Scan on k_6  (cost=0.00..5.44 rows=101 width=0)
	        Index Cond: ((k >= 3332067) AND (k <= 3332167))

table 7 : explain SELECT k, c FROM sbtest7 WHERE k BETWEEN 3332067 AND 3332167
	Bitmap Heap Scan on sbtest7  (cost=5.43..389.64 rows=97 width=125)
	  Recheck Cond: ((k >= 3332067) AND (k <= 3332167))
	  ->  Bitmap Index Scan on k_7  (cost=0.00..5.40 rows=97 width=0)
	        Index Cond: ((k >= 3332067) AND (k <= 3332167))

table 8 : explain SELECT k, c FROM sbtest8 WHERE k BETWEEN 3332067 AND 3332167
	Bitmap Heap Scan on sbtest8  (cost=5.56..440.93 rows=110 width=125)
	  Recheck Cond: ((k >= 3332067) AND (k <= 3332167))
	  ->  Bitmap Index Scan on k_8  (cost=0.00..5.53 rows=110 width=0)
	        Index Cond: ((k >= 3332067) AND (k <= 3332167))

for range-notcovered
table 1 : explain SELECT k, c FROM sbtest1 WHERE k BETWEEN 3475180 AND 3475280
	Bitmap Heap Scan on sbtest1  (cost=5.53..429.01 rows=107 width=125)
	  Recheck Cond: ((k >= 3475180) AND (k <= 3475280))
	  ->  Bitmap Index Scan on k_1  (cost=0.00..5.50 rows=107 width=0)
	        Index Cond: ((k >= 3475180) AND (k <= 3475280))

table 2 : explain SELECT k, c FROM sbtest2 WHERE k BETWEEN 3475180 AND 3475280
	Bitmap Heap Scan on sbtest2  (cost=5.51..421.14 rows=105 width=125)
	  Recheck Cond: ((k >= 3475180) AND (k <= 3475280))
	  ->  Bitmap Index Scan on k_2  (cost=0.00..5.48 rows=105 width=0)
	        Index Cond: ((k >= 3475180) AND (k <= 3475280))

table 3 : explain SELECT k, c FROM sbtest3 WHERE k BETWEEN 3475180 AND 3475280
	Bitmap Heap Scan on sbtest3  (cost=5.40..377.78 rows=94 width=125)
	  Recheck Cond: ((k >= 3475180) AND (k <= 3475280))
	  ->  Bitmap Index Scan on k_3  (cost=0.00..5.38 rows=94 width=0)
	        Index Cond: ((k >= 3475180) AND (k <= 3475280))

table 4 : explain SELECT k, c FROM sbtest4 WHERE k BETWEEN 3475180 AND 3475280
	Bitmap Heap Scan on sbtest4  (cost=5.57..444.80 rows=111 width=125)
	  Recheck Cond: ((k >= 3475180) AND (k <= 3475280))
	  ->  Bitmap Index Scan on k_4  (cost=0.00..5.54 rows=111 width=0)
	        Index Cond: ((k >= 3475180) AND (k <= 3475280))

table 5 : explain SELECT k, c FROM sbtest5 WHERE k BETWEEN 3475180 AND 3475280
	Bitmap Heap Scan on sbtest5  (cost=5.45..397.51 rows=99 width=125)
	  Recheck Cond: ((k >= 3475180) AND (k <= 3475280))
	  ->  Bitmap Index Scan on k_5  (cost=0.00..5.42 rows=99 width=0)
	        Index Cond: ((k >= 3475180) AND (k <= 3475280))

table 6 : explain SELECT k, c FROM sbtest6 WHERE k BETWEEN 3475180 AND 3475280
	Bitmap Heap Scan on sbtest6  (cost=5.44..393.60 rows=98 width=125)
	  Recheck Cond: ((k >= 3475180) AND (k <= 3475280))
	  ->  Bitmap Index Scan on k_6  (cost=0.00..5.42 rows=98 width=0)
	        Index Cond: ((k >= 3475180) AND (k <= 3475280))

table 7 : explain SELECT k, c FROM sbtest7 WHERE k BETWEEN 3475180 AND 3475280
	Bitmap Heap Scan on sbtest7  (cost=5.54..433.01 rows=108 width=125)
	  Recheck Cond: ((k >= 3475180) AND (k <= 3475280))
	  ->  Bitmap Index Scan on k_7  (cost=0.00..5.51 rows=108 width=0)
	        Index Cond: ((k >= 3475180) AND (k <= 3475280))

table 8 : explain SELECT k, c FROM sbtest8 WHERE k BETWEEN 3475180 AND 3475280
	Bitmap Heap Scan on sbtest8  (cost=5.45..397.57 rows=99 width=125)
	  Recheck Cond: ((k >= 3475180) AND (k <= 3475280))
	  ->  Bitmap Index Scan on k_8  (cost=0.00..5.42 rows=99 width=0)
	        Index Cond: ((k >= 3475180) AND (k <= 3475280))
for range-notcovered
table 1 : explain SELECT k, c FROM sbtest1 WHERE k BETWEEN 3169346 AND 3169446
	Bitmap Heap Scan on sbtest1  (cost=5.44..393.54 rows=98 width=125)
	  Recheck Cond: ((k >= 3169346) AND (k <= 3169446))
	  ->  Bitmap Index Scan on k_1  (cost=0.00..5.42 rows=98 width=0)
	        Index Cond: ((k >= 3169346) AND (k <= 3169446))

table 2 : explain SELECT k, c FROM sbtest2 WHERE k BETWEEN 3169346 AND 3169446
	Bitmap Heap Scan on sbtest2  (cost=5.45..397.49 rows=99 width=125)
	  Recheck Cond: ((k >= 3169346) AND (k <= 3169446))
	  ->  Bitmap Index Scan on k_2  (cost=0.00..5.42 rows=99 width=0)
	        Index Cond: ((k >= 3169346) AND (k <= 3169446))

table 3 : explain SELECT k, c FROM sbtest3 WHERE k BETWEEN 3169346 AND 3169446
	Bitmap Heap Scan on sbtest3  (cost=5.41..381.73 rows=95 width=125)
	  Recheck Cond: ((k >= 3169346) AND (k <= 3169446))
	  ->  Bitmap Index Scan on k_3  (cost=0.00..5.38 rows=95 width=0)
	        Index Cond: ((k >= 3169346) AND (k <= 3169446))

table 4 : explain SELECT k, c FROM sbtest4 WHERE k BETWEEN 3169346 AND 3169446
	Bitmap Heap Scan on sbtest4  (cost=5.56..440.86 rows=110 width=125)
	  Recheck Cond: ((k >= 3169346) AND (k <= 3169446))
	  ->  Bitmap Index Scan on k_4  (cost=0.00..5.53 rows=110 width=0)
	        Index Cond: ((k >= 3169346) AND (k <= 3169446))

table 5 : explain SELECT k, c FROM sbtest5 WHERE k BETWEEN 3169346 AND 3169446
	Bitmap Heap Scan on sbtest5  (cost=5.51..421.16 rows=105 width=125)
	  Recheck Cond: ((k >= 3169346) AND (k <= 3169446))
	  ->  Bitmap Index Scan on k_5  (cost=0.00..5.48 rows=105 width=0)
	        Index Cond: ((k >= 3169346) AND (k <= 3169446))

table 6 : explain SELECT k, c FROM sbtest6 WHERE k BETWEEN 3169346 AND 3169446
	Bitmap Heap Scan on sbtest6  (cost=5.53..429.08 rows=107 width=125)
	  Recheck Cond: ((k >= 3169346) AND (k <= 3169446))
	  ->  Bitmap Index Scan on k_6  (cost=0.00..5.50 rows=107 width=0)
	        Index Cond: ((k >= 3169346) AND (k <= 3169446))

table 7 : explain SELECT k, c FROM sbtest7 WHERE k BETWEEN 3169346 AND 3169446
	Bitmap Heap Scan on sbtest7  (cost=5.48..409.36 rows=102 width=125)
	  Recheck Cond: ((k >= 3169346) AND (k <= 3169446))
	  ->  Bitmap Index Scan on k_7  (cost=0.00..5.45 rows=102 width=0)
	        Index Cond: ((k >= 3169346) AND (k <= 3169446))

table 8 : explain SELECT k, c FROM sbtest8 WHERE k BETWEEN 3169346 AND 3169446
	Bitmap Heap Scan on sbtest8  (cost=5.53..429.11 rows=107 width=125)
	  Recheck Cond: ((k >= 3169346) AND (k <= 3169446))
	  ->  Bitmap Index Scan on k_8  (cost=0.00..5.50 rows=107 width=0)
	        Index Cond: ((k >= 3169346) AND (k <= 3169446))
for range-notcovered
table 1 : explain SELECT k, c FROM sbtest1 WHERE k BETWEEN 3348607 AND 3348707
	Bitmap Heap Scan on sbtest1  (cost=5.50..417.19 rows=104 width=125)
	  Recheck Cond: ((k >= 3348607) AND (k <= 3348707))
	  ->  Bitmap Index Scan on k_1  (cost=0.00..5.47 rows=104 width=0)
	        Index Cond: ((k >= 3348607) AND (k <= 3348707))

table 2 : explain SELECT k, c FROM sbtest2 WHERE k BETWEEN 3348607 AND 3348707
	Bitmap Heap Scan on sbtest2  (cost=5.45..397.49 rows=99 width=125)
	  Recheck Cond: ((k >= 3348607) AND (k <= 3348707))
	  ->  Bitmap Index Scan on k_2  (cost=0.00..5.42 rows=99 width=0)
	        Index Cond: ((k >= 3348607) AND (k <= 3348707))

table 3 : explain SELECT k, c FROM sbtest3 WHERE k BETWEEN 3348607 AND 3348707
	Bitmap Heap Scan on sbtest3  (cost=5.50..417.21 rows=104 width=125)
	  Recheck Cond: ((k >= 3348607) AND (k <= 3348707))
	  ->  Bitmap Index Scan on k_3  (cost=0.00..5.47 rows=104 width=0)
	        Index Cond: ((k >= 3348607) AND (k <= 3348707))

table 4 : explain SELECT k, c FROM sbtest4 WHERE k BETWEEN 3348607 AND 3348707
	Bitmap Heap Scan on sbtest4  (cost=5.52..425.10 rows=106 width=125)
	  Recheck Cond: ((k >= 3348607) AND (k <= 3348707))
	  ->  Bitmap Index Scan on k_4  (cost=0.00..5.50 rows=106 width=0)
	        Index Cond: ((k >= 3348607) AND (k <= 3348707))

table 5 : explain SELECT k, c FROM sbtest5 WHERE k BETWEEN 3348607 AND 3348707
	Bitmap Heap Scan on sbtest5  (cost=5.52..425.10 rows=106 width=125)
	  Recheck Cond: ((k >= 3348607) AND (k <= 3348707))
	  ->  Bitmap Index Scan on k_5  (cost=0.00..5.50 rows=106 width=0)
	        Index Cond: ((k >= 3348607) AND (k <= 3348707))

table 6 : explain SELECT k, c FROM sbtest6 WHERE k BETWEEN 3348607 AND 3348707
	Bitmap Heap Scan on sbtest6  (cost=5.47..405.43 rows=101 width=125)
	  Recheck Cond: ((k >= 3348607) AND (k <= 3348707))
	  ->  Bitmap Index Scan on k_6  (cost=0.00..5.44 rows=101 width=0)
	        Index Cond: ((k >= 3348607) AND (k <= 3348707))

table 7 : explain SELECT k, c FROM sbtest7 WHERE k BETWEEN 3348607 AND 3348707
	Bitmap Heap Scan on sbtest7  (cost=5.43..389.64 rows=97 width=125)
	  Recheck Cond: ((k >= 3348607) AND (k <= 3348707))
	  ->  Bitmap Index Scan on k_7  (cost=0.00..5.40 rows=97 width=0)
	        Index Cond: ((k >= 3348607) AND (k <= 3348707))

table 8 : explain SELECT k, c FROM sbtest8 WHERE k BETWEEN 3348607 AND 3348707
	Bitmap Heap Scan on sbtest8  (cost=5.56..440.93 rows=110 width=125)
	  Recheck Cond: ((k >= 3348607) AND (k <= 3348707))
	  ->  Bitmap Index Scan on k_8  (cost=0.00..5.53 rows=110 width=0)
	        Index Cond: ((k >= 3348607) AND (k <= 3348707))

explain: for range-notcovered :: explain SELECT k, c FROM sbtest%d WHERE k BETWEEN 5101710 AND 5101810explain: for range-notcovered :: explain SELECT k, c FROM sbtest%d WHERE k BETWEEN 3332067 AND 3332167for range-notcovered
table 1 : explain SELECT k, c FROM sbtest1 WHERE k BETWEEN 8329928 AND 8330028
	Bitmap Heap Scan on sbtest1  (cost=5.42..385.66 rows=96 width=125)
	  Recheck Cond: ((k >= 8329928) AND (k <= 8330028))
	  ->  Bitmap Index Scan on k_1  (cost=0.00..5.39 rows=96 width=0)
	        Index Cond: ((k >= 8329928) AND (k <= 8330028))

table 2 : explain SELECT k, c FROM sbtest2 WHERE k BETWEEN 8329928 AND 8330028
	Bitmap Heap Scan on sbtest2  (cost=5.51..421.14 rows=105 width=125)
	  Recheck Cond: ((k >= 8329928) AND (k <= 8330028))
	  ->  Bitmap Index Scan on k_2  (cost=0.00..5.48 rows=105 width=0)
	        Index Cond: ((k >= 8329928) AND (k <= 8330028))

table 3 : explain SELECT k, c FROM sbtest3 WHERE k BETWEEN 8329928 AND 8330028
	Bitmap Heap Scan on sbtest3  (cost=5.46..401.44 rows=100 width=125)
	  Recheck Cond: ((k >= 8329928) AND (k <= 8330028))
	  ->  Bitmap Index Scan on k_3  (cost=0.00..5.43 rows=100 width=0)
	        Index Cond: ((k >= 8329928) AND (k <= 8330028))

table 4 : explain SELECT k, c FROM sbtest4 WHERE k BETWEEN 8329928 AND 8330028
	Bitmap Heap Scan on sbtest4  (cost=5.49..413.28 rows=103 width=125)
	  Recheck Cond: ((k >= 8329928) AND (k <= 8330028))
	  ->  Bitmap Index Scan on k_4  (cost=0.00..5.46 rows=103 width=0)
	        Index Cond: ((k >= 8329928) AND (k <= 8330028))

table 5 : explain SELECT k, c FROM sbtest5 WHERE k BETWEEN 8329928 AND 8330028
	Bitmap Heap Scan on sbtest5  (cost=5.59..452.68 rows=113 width=125)
	  Recheck Cond: ((k >= 8329928) AND (k <= 8330028))
	  ->  Bitmap Index Scan on k_5  (cost=0.00..5.56 rows=113 width=0)
	        Index Cond: ((k >= 8329928) AND (k <= 8330028))

table 6 : explain SELECT k, c FROM sbtest6 WHERE k BETWEEN 8329928 AND 8330028
	Bitmap Heap Scan on sbtest6  (cost=5.44..393.60 rows=98 width=125)
	  Recheck Cond: ((k >= 8329928) AND (k <= 8330028))
	  ->  Bitmap Index Scan on k_6  (cost=0.00..5.42 rows=98 width=0)
	        Index Cond: ((k >= 8329928) AND (k <= 8330028))

table 7 : explain SELECT k, c FROM sbtest7 WHERE k BETWEEN 8329928 AND 8330028
	Bitmap Heap Scan on sbtest7  (cost=5.59..452.70 rows=113 width=125)
	  Recheck Cond: ((k >= 8329928) AND (k <= 8330028))
	  ->  Bitmap Index Scan on k_7  (cost=0.00..5.56 rows=113 width=0)
	        Index Cond: ((k >= 8329928) AND (k <= 8330028))

table 8 : explain SELECT k, c FROM sbtest8 WHERE k BETWEEN 8329928 AND 8330028
	Bitmap Heap Scan on sbtest8  (cost=5.52..425.17 rows=106 width=125)
	  Recheck Cond: ((k >= 8329928) AND (k <= 8330028))
	  ->  Bitmap Index Scan on k_8  (cost=0.00..5.50 rows=106 width=0)
	        Index Cond: ((k >= 8329928) AND (k <= 8330028))


explain: for range-notcovered :: explain SELECT k, c FROM sbtest%d WHERE k BETWEEN 2095794 AND 2095894
explain: for range-notcovered :: explain SELECT k, c FROM sbtest%d WHERE k BETWEEN 6548505 AND 6548605
for range-notcovered
table 1 : explain SELECT k, c FROM sbtest1 WHERE k BETWEEN 1077461 AND 1077561
	Bitmap Heap Scan on sbtest1  (cost=5.51..421.13 rows=105 width=125)
	  Recheck Cond: ((k >= 1077461) AND (k <= 1077561))
	  ->  Bitmap Index Scan on k_1  (cost=0.00..5.48 rows=105 width=0)
	        Index Cond: ((k >= 1077461) AND (k <= 1077561))

table 2 : explain SELECT k, c FROM sbtest2 WHERE k BETWEEN 1077461 AND 1077561
	Bitmap Heap Scan on sbtest2  (cost=5.49..413.26 rows=103 width=125)
	  Recheck Cond: ((k >= 1077461) AND (k <= 1077561))
	  ->  Bitmap Index Scan on k_2  (cost=0.00..5.46 rows=103 width=0)
	        Index Cond: ((k >= 1077461) AND (k <= 1077561))

table 3 : explain SELECT k, c FROM sbtest3 WHERE k BETWEEN 1077461 AND 1077561
	Bitmap Heap Scan on sbtest3  (cost=5.44..393.56 rows=98 width=125)
	  Recheck Cond: ((k >= 1077461) AND (k <= 1077561))
	  ->  Bitmap Index Scan on k_3  (cost=0.00..5.42 rows=98 width=0)
	        Index Cond: ((k >= 1077461) AND (k <= 1077561))

table 4 : explain SELECT k, c FROM sbtest4 WHERE k BETWEEN 1077461 AND 1077561
	Bitmap Heap Scan on sbtest4  (cost=5.48..409.34 rows=102 width=125)
	  Recheck Cond: ((k >= 1077461) AND (k <= 1077561))
	  ->  Bitmap Index Scan on k_4  (cost=0.00..5.45 rows=102 width=0)
	        Index Cond: ((k >= 1077461) AND (k <= 1077561))

table 5 : explain SELECT k, c FROM sbtest5 WHERE k BETWEEN 1077461 AND 1077561
	Bitmap Heap Scan on sbtest5  (cost=5.40..377.79 rows=94 width=125)
	  Recheck Cond: ((k >= 1077461) AND (k <= 1077561))
	  ->  Bitmap Index Scan on k_5  (cost=0.00..5.38 rows=94 width=0)
	        Index Cond: ((k >= 1077461) AND (k <= 1077561))

table 6 : explain SELECT k, c FROM sbtest6 WHERE k BETWEEN 1077461 AND 1077561
	Bitmap Heap Scan on sbtest6  (cost=5.39..373.88 rows=93 width=125)
	  Recheck Cond: ((k >= 1077461) AND (k <= 1077561))
	  ->  Bitmap Index Scan on k_6  (cost=0.00..5.36 rows=93 width=0)
	        Index Cond: ((k >= 1077461) AND (k <= 1077561))

table 7 : explain SELECT k, c FROM sbtest7 WHERE k BETWEEN 1077461 AND 1077561
	Bitmap Heap Scan on sbtest7  (cost=5.45..397.53 rows=99 width=125)
	  Recheck Cond: ((k >= 1077461) AND (k <= 1077561))
	  ->  Bitmap Index Scan on k_7  (cost=0.00..5.42 rows=99 width=0)
	        Index Cond: ((k >= 1077461) AND (k <= 1077561))

table 8 : explain SELECT k, c FROM sbtest8 WHERE k BETWEEN 1077461 AND 1077561
	Bitmap Heap Scan on sbtest8  (cost=5.60..456.68 rows=114 width=125)
	  Recheck Cond: ((k >= 1077461) AND (k <= 1077561))
	  ->  Bitmap Index Scan on k_8  (cost=0.00..5.58 rows=114 width=0)
	        Index Cond: ((k >= 1077461) AND (k <= 1077561))

for range-notcovered
table 1 : explain SELECT k, c FROM sbtest1 WHERE k BETWEEN 4344122 AND 4344222
	Bitmap Heap Scan on sbtest1  (cost=5.50..417.19 rows=104 width=125)
	  Recheck Cond: ((k >= 4344122) AND (k <= 4344222))
	  ->  Bitmap Index Scan on k_1  (cost=0.00..5.47 rows=104 width=0)
	        Index Cond: ((k >= 4344122) AND (k <= 4344222))

table 2 : explain SELECT k, c FROM sbtest2 WHERE k BETWEEN 4344122 AND 4344222
	Bitmap Heap Scan on sbtest2  (cost=5.40..377.77 rows=94 width=125)
	  Recheck Cond: ((k >= 4344122) AND (k <= 4344222))
	  ->  Bitmap Index Scan on k_2  (cost=0.00..5.38 rows=94 width=0)
	        Index Cond: ((k >= 4344122) AND (k <= 4344222))

table 3 : explain SELECT k, c FROM sbtest3 WHERE k BETWEEN 4344122 AND 4344222
	Bitmap Heap Scan on sbtest3  (cost=5.52..425.09 rows=106 width=125)
	  Recheck Cond: ((k >= 4344122) AND (k <= 4344222))
	  ->  Bitmap Index Scan on k_3  (cost=0.00..5.50 rows=106 width=0)
	        Index Cond: ((k >= 4344122) AND (k <= 4344222))

table 4 : explain SELECT k, c FROM sbtest4 WHERE k BETWEEN 4344122 AND 4344222
	Bitmap Heap Scan on sbtest4  (cost=5.44..393.57 rows=98 width=125)
	  Recheck Cond: ((k >= 4344122) AND (k <= 4344222))
	  ->  Bitmap Index Scan on k_4  (cost=0.00..5.42 rows=98 width=0)
	        Index Cond: ((k >= 4344122) AND (k <= 4344222))

table 5 : explain SELECT k, c FROM sbtest5 WHERE k BETWEEN 4344122 AND 4344222
	Bitmap Heap Scan on sbtest5  (cost=5.59..452.68 rows=113 width=125)
	  Recheck Cond: ((k >= 4344122) AND (k <= 4344222))
	  ->  Bitmap Index Scan on k_5  (cost=0.00..5.56 rows=113 width=0)
	        Index Cond: ((k >= 4344122) AND (k <= 4344222))

table 6 : explain SELECT k, c FROM sbtest6 WHERE k BETWEEN 4344122 AND 4344222
	Bitmap Heap Scan on sbtest6  (cost=5.48..409.37 rows=102 width=125)
	  Recheck Cond: ((k >= 4344122) AND (k <= 4344222))
	  ->  Bitmap Index Scan on k_6  (cost=0.00..5.45 rows=102 width=0)
	        Index Cond: ((k >= 4344122) AND (k <= 4344222))

table 7 : explain SELECT k, c FROM sbtest7 WHERE k BETWEEN 4344122 AND 4344222
	Bitmap Heap Scan on sbtest7  (cost=5.40..377.81 rows=94 width=125)
	  Recheck Cond: ((k >= 4344122) AND (k <= 4344222))
	  ->  Bitmap Index Scan on k_7  (cost=0.00..5.38 rows=94 width=0)
	        Index Cond: ((k >= 4344122) AND (k <= 4344222))

table 8 : explain SELECT k, c FROM sbtest8 WHERE k BETWEEN 4344122 AND 4344222
	Bitmap Heap Scan on sbtest8  (cost=5.50..417.28 rows=104 width=125)
	  Recheck Cond: ((k >= 4344122) AND (k <= 4344222))
	  ->  Bitmap Index Scan on k_8  (cost=0.00..5.47 rows=104 width=0)
	        Index Cond: ((k >= 4344122) AND (k <= 4344222))


for range-notcovered
table 1 : explain SELECT k, c FROM sbtest1 WHERE k BETWEEN 4560876 AND 4560976
	Bitmap Heap Scan on sbtest1  (cost=5.46..401.43 rows=100 width=125)
	  Recheck Cond: ((k >= 4560876) AND (k <= 4560976))
	  ->  Bitmap Index Scan on k_1  (cost=0.00..5.43 rows=100 width=0)
	        Index Cond: ((k >= 4560876) AND (k <= 4560976))

table 2 : explain SELECT k, c FROM sbtest2 WHERE k BETWEEN 4560876 AND 4560976
	Bitmap Heap Scan on sbtest2  (cost=5.53..429.02 rows=107 width=125)
	  Recheck Cond: ((k >= 4560876) AND (k <= 4560976))
	  ->  Bitmap Index Scan on k_2  (cost=0.00..5.50 rows=107 width=0)
	        Index Cond: ((k >= 4560876) AND (k <= 4560976))

table 3 : explain SELECT k, c FROM sbtest3 WHERE k BETWEEN 4560876 AND 4560976
	Bitmap Heap Scan on sbtest3  (cost=5.48..409.33 rows=102 width=125)
	  Recheck Cond: ((k >= 4560876) AND (k <= 4560976))
	  ->  Bitmap Index Scan on k_3  (cost=0.00..5.45 rows=102 width=0)
	        Index Cond: ((k >= 4560876) AND (k <= 4560976))

table 4 : explain SELECT k, c FROM sbtest4 WHERE k BETWEEN 4560876 AND 4560976
	Bitmap Heap Scan on sbtest4  (cost=5.47..405.39 rows=101 width=125)
	  Recheck Cond: ((k >= 4560876) AND (k <= 4560976))
	  ->  Bitmap Index Scan on k_4  (cost=0.00..5.44 rows=101 width=0)
	        Index Cond: ((k >= 4560876) AND (k <= 4560976))

table 5 : explain SELECT k, c FROM sbtest5 WHERE k BETWEEN 4560876 AND 4560976
	Bitmap Heap Scan on sbtest5  (cost=5.45..397.51 rows=99 width=125)
	  Recheck Cond: ((k >= 4560876) AND (k <= 4560976))
	  ->  Bitmap Index Scan on k_5  (cost=0.00..5.42 rows=99 width=0)
	        Index Cond: ((k >= 4560876) AND (k <= 4560976))

table 6 : explain SELECT k, c FROM sbtest6 WHERE k BETWEEN 4560876 AND 4560976
	Bitmap Heap Scan on sbtest6  (cost=5.61..460.59 rows=115 width=125)
	  Recheck Cond: ((k >= 4560876) AND (k <= 4560976))
	  ->  Bitmap Index Scan on k_6  (cost=0.00..5.58 rows=115 width=0)
	        Index Cond: ((k >= 4560876) AND (k <= 4560976))

table 7 : explain SELECT k, c FROM sbtest7 WHERE k BETWEEN 4560876 AND 4560976
	Bitmap Heap Scan on sbtest7  (cost=5.46..401.48 rows=100 width=125)
	  Recheck Cond: ((k >= 4560876) AND (k <= 4560976))
	  ->  Bitmap Index Scan on k_7  (cost=0.00..5.43 rows=100 width=0)
	        Index Cond: ((k >= 4560876) AND (k <= 4560976))

table 8 : explain SELECT k, c FROM sbtest8 WHERE k BETWEEN 4560876 AND 4560976
	Bitmap Heap Scan on sbtest8  (cost=5.45..397.57 rows=99 width=125)
	  Recheck Cond: ((k >= 4560876) AND (k <= 4560976))
	  ->  Bitmap Index Scan on k_8  (cost=0.00..5.42 rows=99 width=0)
	        Index Cond: ((k >= 4560876) AND (k <= 4560976))

for range-notcovered
table 1 : explain SELECT k, c FROM sbtest1 WHERE k BETWEEN 2173248 AND 2173348
	Bitmap Heap Scan on sbtest1  (cost=5.52..425.07 rows=106 width=125)
	  Recheck Cond: ((k >= 2173248) AND (k <= 2173348))
	  ->  Bitmap Index Scan on k_1  (cost=0.00..5.50 rows=106 width=0)
	        Index Cond: ((k >= 2173248) AND (k <= 2173348))

table 2 : explain SELECT k, c FROM sbtest2 WHERE k BETWEEN 2173248 AND 2173348
	Bitmap Heap Scan on sbtest2  (cost=5.55..436.90 rows=109 width=125)
	  Recheck Cond: ((k >= 2173248) AND (k <= 2173348))
	  ->  Bitmap Index Scan on k_2  (cost=0.00..5.52 rows=109 width=0)
	        Index Cond: ((k >= 2173248) AND (k <= 2173348))

table 3 : explain SELECT k, c FROM sbtest3 WHERE k BETWEEN 2173248 AND 2173348
	Bitmap Heap Scan on sbtest3  (cost=5.44..393.56 rows=98 width=125)
	  Recheck Cond: ((k >= 2173248) AND (k <= 2173348))
	  ->  Bitmap Index Scan on k_3  (cost=0.00..5.42 rows=98 width=0)
	        Index Cond: ((k >= 2173248) AND (k <= 2173348))

table 4 : explain SELECT k, c FROM sbtest4 WHERE k BETWEEN 2173248 AND 2173348
	Bitmap Heap Scan on sbtest4  (cost=5.53..429.04 rows=107 width=125)
	  Recheck Cond: ((k >= 2173248) AND (k <= 2173348))
	  ->  Bitmap Index Scan on k_4  (cost=0.00..5.50 rows=107 width=0)
	        Index Cond: ((k >= 2173248) AND (k <= 2173348))

table 5 : explain SELECT k, c FROM sbtest5 WHERE k BETWEEN 2173248 AND 2173348
	Bitmap Heap Scan on sbtest5  (cost=5.44..393.57 rows=98 width=125)
	  Recheck Cond: ((k >= 2173248) AND (k <= 2173348))
	  ->  Bitmap Index Scan on k_5  (cost=0.00..5.42 rows=98 width=0)
	        Index Cond: ((k >= 2173248) AND (k <= 2173348))

table 6 : explain SELECT k, c FROM sbtest6 WHERE k BETWEEN 2173248 AND 2173348
	Bitmap Heap Scan on sbtest6  (cost=5.36..362.04 rows=90 width=125)
	  Recheck Cond: ((k >= 2173248) AND (k <= 2173348))
	  ->  Bitmap Index Scan on k_6  (cost=0.00..5.33 rows=90 width=0)
	        Index Cond: ((k >= 2173248) AND (k <= 2173348))

table 7 : explain SELECT k, c FROM sbtest7 WHERE k BETWEEN 2173248 AND 2173348
	Bitmap Heap Scan on sbtest7  (cost=5.47..405.42 rows=101 width=125)
	  Recheck Cond: ((k >= 2173248) AND (k <= 2173348))
	  ->  Bitmap Index Scan on k_7  (cost=0.00..5.44 rows=101 width=0)
	        Index Cond: ((k >= 2173248) AND (k <= 2173348))

table 8 : explain SELECT k, c FROM sbtest8 WHERE k BETWEEN 2173248 AND 2173348
	Bitmap Heap Scan on sbtest8  (cost=5.45..397.57 rows=99 width=125)
	  Recheck Cond: ((k >= 2173248) AND (k <= 2173348))
	  ->  Bitmap Index Scan on k_8  (cost=0.00..5.42 rows=99 width=0)
	        Index Cond: ((k >= 2173248) AND (k <= 2173348))

for range-notcovered
table 1 : explain SELECT k, c FROM sbtest1 WHERE k BETWEEN 4976738 AND 4976838
	Bitmap Heap Scan on sbtest1  (cost=5.47..405.37 rows=101 width=125)
	  Recheck Cond: ((k >= 4976738) AND (k <= 4976838))
	  ->  Bitmap Index Scan on k_1  (cost=0.00..5.44 rows=101 width=0)
	        Index Cond: ((k >= 4976738) AND (k <= 4976838))

table 2 : explain SELECT k, c FROM sbtest2 WHERE k BETWEEN 4976738 AND 4976838
	Bitmap Heap Scan on sbtest2  (cost=5.48..409.32 rows=102 width=125)
	  Recheck Cond: ((k >= 4976738) AND (k <= 4976838))
	  ->  Bitmap Index Scan on k_2  (cost=0.00..5.45 rows=102 width=0)
	        Index Cond: ((k >= 4976738) AND (k <= 4976838))

table 3 : explain SELECT k, c FROM sbtest3 WHERE k BETWEEN 4976738 AND 4976838
	Bitmap Heap Scan on sbtest3  (cost=5.51..421.15 rows=105 width=125)
	  Recheck Cond: ((k >= 4976738) AND (k <= 4976838))
	  ->  Bitmap Index Scan on k_3  (cost=0.00..5.48 rows=105 width=0)
	        Index Cond: ((k >= 4976738) AND (k <= 4976838))

table 4 : explain SELECT k, c FROM sbtest4 WHERE k BETWEEN 4976738 AND 4976838
	Bitmap Heap Scan on sbtest4  (cost=5.47..405.39 rows=101 width=125)
	  Recheck Cond: ((k >= 4976738) AND (k <= 4976838))
	  ->  Bitmap Index Scan on k_4  (cost=0.00..5.44 rows=101 width=0)
	        Index Cond: ((k >= 4976738) AND (k <= 4976838))

table 5 : explain SELECT k, c FROM sbtest5 WHERE k BETWEEN 4976738 AND 4976838
	Bitmap Heap Scan on sbtest5  (cost=5.55..436.92 rows=109 width=125)
	  Recheck Cond: ((k >= 4976738) AND (k <= 4976838))
	  ->  Bitmap Index Scan on k_5  (cost=0.00..5.52 rows=109 width=0)
	        Index Cond: ((k >= 4976738) AND (k <= 4976838))

table 6 : explain SELECT k, c FROM sbtest6 WHERE k BETWEEN 4976738 AND 4976838
	Bitmap Heap Scan on sbtest6  (cost=5.45..397.54 rows=99 width=125)
	  Recheck Cond: ((k >= 4976738) AND (k <= 4976838))
	  ->  Bitmap Index Scan on k_6  (cost=0.00..5.42 rows=99 width=0)
	        Index Cond: ((k >= 4976738) AND (k <= 4976838))

table 7 : explain SELECT k, c FROM sbtest7 WHERE k BETWEEN 4976738 AND 4976838
	Bitmap Heap Scan on sbtest7  (cost=5.45..397.53 rows=99 width=125)
	  Recheck Cond: ((k >= 4976738) AND (k <= 4976838))
	  ->  Bitmap Index Scan on k_7  (cost=0.00..5.42 rows=99 width=0)
	        Index Cond: ((k >= 4976738) AND (k <= 4976838))

table 8 : explain SELECT k, c FROM sbtest8 WHERE k BETWEEN 4976738 AND 4976838
	Bitmap Heap Scan on sbtest8  (cost=5.45..397.57 rows=99 width=125)
	  Recheck Cond: ((k >= 4976738) AND (k <= 4976838))
	  ->  Bitmap Index Scan on k_8  (cost=0.00..5.42 rows=99 width=0)
	        Index Cond: ((k >= 4976738) AND (k <= 4976838))
for range-notcovered
table 1 : explain SELECT k, c FROM sbtest1 WHERE k BETWEEN 4636687 AND 4636787
	Bitmap Heap Scan on sbtest1  (cost=5.44..393.54 rows=98 width=125)
	  Recheck Cond: ((k >= 4636687) AND (k <= 4636787))
	  ->  Bitmap Index Scan on k_1  (cost=0.00..5.42 rows=98 width=0)
	        Index Cond: ((k >= 4636687) AND (k <= 4636787))

table 2 : explain SELECT k, c FROM sbtest2 WHERE k BETWEEN 4636687 AND 4636787
	Bitmap Heap Scan on sbtest2  (cost=5.48..409.32 rows=102 width=125)
	  Recheck Cond: ((k >= 4636687) AND (k <= 4636787))
	  ->  Bitmap Index Scan on k_2  (cost=0.00..5.45 rows=102 width=0)
	        Index Cond: ((k >= 4636687) AND (k <= 4636787))

table 3 : explain SELECT k, c FROM sbtest3 WHERE k BETWEEN 4636687 AND 4636787
	Bitmap Heap Scan on sbtest3  (cost=5.46..401.44 rows=100 width=125)
	  Recheck Cond: ((k >= 4636687) AND (k <= 4636787))
	  ->  Bitmap Index Scan on k_3  (cost=0.00..5.43 rows=100 width=0)
	        Index Cond: ((k >= 4636687) AND (k <= 4636787))

table 4 : explain SELECT k, c FROM sbtest4 WHERE k BETWEEN 4636687 AND 4636787
	Bitmap Heap Scan on sbtest4  (cost=5.46..401.45 rows=100 width=125)
	  Recheck Cond: ((k >= 4636687) AND (k <= 4636787))
	  ->  Bitmap Index Scan on k_4  (cost=0.00..5.43 rows=100 width=0)
	        Index Cond: ((k >= 4636687) AND (k <= 4636787))

table 5 : explain SELECT k, c FROM sbtest5 WHERE k BETWEEN 4636687 AND 4636787
	Bitmap Heap Scan on sbtest5  (cost=5.48..409.34 rows=102 width=125)
	  Recheck Cond: ((k >= 4636687) AND (k <= 4636787))
	  ->  Bitmap Index Scan on k_5  (cost=0.00..5.45 rows=102 width=0)
	        Index Cond: ((k >= 4636687) AND (k <= 4636787))

table 6 : explain SELECT k, c FROM sbtest6 WHERE k BETWEEN 4636687 AND 4636787
	Bitmap Heap Scan on sbtest6  (cost=5.51..421.20 rows=105 width=125)
	  Recheck Cond: ((k >= 4636687) AND (k <= 4636787))
	  ->  Bitmap Index Scan on k_6  (cost=0.00..5.48 rows=105 width=0)
	        Index Cond: ((k >= 4636687) AND (k <= 4636787))

table 7 : explain SELECT k, c FROM sbtest7 WHERE k BETWEEN 4636687 AND 4636787
	Bitmap Heap Scan on sbtest7  (cost=5.41..381.76 rows=95 width=125)
	  Recheck Cond: ((k >= 4636687) AND (k <= 4636787))
	  ->  Bitmap Index Scan on k_7  (cost=0.00..5.38 rows=95 width=0)
	        Index Cond: ((k >= 4636687) AND (k <= 4636787))

table 8 : explain SELECT k, c FROM sbtest8 WHERE k BETWEEN 4636687 AND 4636787
	Bitmap Heap Scan on sbtest8  (cost=5.45..397.57 rows=99 width=125)
	  Recheck Cond: ((k >= 4636687) AND (k <= 4636787))
	  ->  Bitmap Index Scan on k_8  (cost=0.00..5.42 rows=99 width=0)
	        Index Cond: ((k >= 4636687) AND (k <= 4636787))


for range-notcovered
table 1 : explain SELECT k, c FROM sbtest1 WHERE k BETWEEN 6607380 AND 6607480
	Bitmap Heap Scan on sbtest1  (cost=5.41..381.71 rows=95 width=125)
	  Recheck Cond: ((k >= 6607380) AND (k <= 6607480))
	  ->  Bitmap Index Scan on k_1  (cost=0.00..5.38 rows=95 width=0)
	        Index Cond: ((k >= 6607380) AND (k <= 6607480))

table 2 : explain SELECT k, c FROM sbtest2 WHERE k BETWEEN 6607380 AND 6607480
	Bitmap Heap Scan on sbtest2  (cost=5.54..432.96 rows=108 width=125)
	  Recheck Cond: ((k >= 6607380) AND (k <= 6607480))
	  ->  Bitmap Index Scan on k_2  (cost=0.00..5.51 rows=108 width=0)
	        Index Cond: ((k >= 6607380) AND (k <= 6607480))

table 3 : explain SELECT k, c FROM sbtest3 WHERE k BETWEEN 6607380 AND 6607480
	Bitmap Heap Scan on sbtest3  (cost=5.52..425.09 rows=106 width=125)
	  Recheck Cond: ((k >= 6607380) AND (k <= 6607480))
	  ->  Bitmap Index Scan on k_3  (cost=0.00..5.50 rows=106 width=0)
	        Index Cond: ((k >= 6607380) AND (k <= 6607480))

table 4 : explain SELECT k, c FROM sbtest4 WHERE k BETWEEN 6607380 AND 6607480
	Bitmap Heap Scan on sbtest4  (cost=5.53..429.04 rows=107 width=125)
	  Recheck Cond: ((k >= 6607380) AND (k <= 6607480))
	  ->  Bitmap Index Scan on k_4  (cost=0.00..5.50 rows=107 width=0)
	        Index Cond: ((k >= 6607380) AND (k <= 6607480))

table 5 : explain SELECT k, c FROM sbtest5 WHERE k BETWEEN 6607380 AND 6607480
	Bitmap Heap Scan on sbtest5  (cost=5.47..405.40 rows=101 width=125)
	  Recheck Cond: ((k >= 6607380) AND (k <= 6607480))
	  ->  Bitmap Index Scan on k_5  (cost=0.00..5.44 rows=101 width=0)
	        Index Cond: ((k >= 6607380) AND (k <= 6607480))

table 6 : explain SELECT k, c FROM sbtest6 WHERE k BETWEEN 6607380 AND 6607480
	Bitmap Heap Scan on sbtest6  (cost=5.40..377.82 rows=94 width=125)
	  Recheck Cond: ((k >= 6607380) AND (k <= 6607480))
	  ->  Bitmap Index Scan on k_6  (cost=0.00..5.38 rows=94 width=0)
	        Index Cond: ((k >= 6607380) AND (k <= 6607480))

table 7 : explain SELECT k, c FROM sbtest7 WHERE k BETWEEN 6607380 AND 6607480
	Bitmap Heap Scan on sbtest7  (cost=5.52..425.13 rows=106 width=125)
	  Recheck Cond: ((k >= 6607380) AND (k <= 6607480))
	  ->  Bitmap Index Scan on k_7  (cost=0.00..5.50 rows=106 width=0)
	        Index Cond: ((k >= 6607380) AND (k <= 6607480))

table 8 : explain SELECT k, c FROM sbtest8 WHERE k BETWEEN 6607380 AND 6607480
	Bitmap Heap Scan on sbtest8  (cost=5.44..393.62 rows=98 width=125)
	  Recheck Cond: ((k >= 6607380) AND (k <= 6607480))
	  ->  Bitmap Index Scan on k_8  (cost=0.00..5.42 rows=98 width=0)
	        Index Cond: ((k >= 6607380) AND (k <= 6607480))

for range-notcovered
table 1 : explain SELECT k, c FROM sbtest1 WHERE k BETWEEN 5235916 AND 5236016
	Bitmap Heap Scan on sbtest1  (cost=5.49..413.25 rows=103 width=125)
	  Recheck Cond: ((k >= 5235916) AND (k <= 5236016))
	  ->  Bitmap Index Scan on k_1  (cost=0.00..5.46 rows=103 width=0)
	        Index Cond: ((k >= 5235916) AND (k <= 5236016))

table 2 : explain SELECT k, c FROM sbtest2 WHERE k BETWEEN 5235916 AND 5236016
	Bitmap Heap Scan on sbtest2  (cost=5.41..381.72 rows=95 width=125)
	  Recheck Cond: ((k >= 5235916) AND (k <= 5236016))
	  ->  Bitmap Index Scan on k_2  (cost=0.00..5.38 rows=95 width=0)
	        Index Cond: ((k >= 5235916) AND (k <= 5236016))

table 3 : explain SELECT k, c FROM sbtest3 WHERE k BETWEEN 5235916 AND 5236016
	Bitmap Heap Scan on sbtest3  (cost=5.57..444.79 rows=111 width=125)
	  Recheck Cond: ((k >= 5235916) AND (k <= 5236016))
	  ->  Bitmap Index Scan on k_3  (cost=0.00..5.54 rows=111 width=0)
	        Index Cond: ((k >= 5235916) AND (k <= 5236016))

table 4 : explain SELECT k, c FROM sbtest4 WHERE k BETWEEN 5235916 AND 5236016
	Bitmap Heap Scan on sbtest4  (cost=5.40..377.79 rows=94 width=125)
	  Recheck Cond: ((k >= 5235916) AND (k <= 5236016))
	  ->  Bitmap Index Scan on k_4  (cost=0.00..5.38 rows=94 width=0)
	        Index Cond: ((k >= 5235916) AND (k <= 5236016))

table 5 : explain SELECT k, c FROM sbtest5 WHERE k BETWEEN 5235916 AND 5236016
	Bitmap Heap Scan on sbtest5  (cost=5.55..436.92 rows=109 width=125)
	  Recheck Cond: ((k >= 5235916) AND (k <= 5236016))
	  ->  Bitmap Index Scan on k_5  (cost=0.00..5.52 rows=109 width=0)
	        Index Cond: ((k >= 5235916) AND (k <= 5236016))

table 6 : explain SELECT k, c FROM sbtest6 WHERE k BETWEEN 5235916 AND 5236016
	Bitmap Heap Scan on sbtest6  (cost=5.57..444.84 rows=111 width=125)
	  Recheck Cond: ((k >= 5235916) AND (k <= 5236016))
	  ->  Bitmap Index Scan on k_6  (cost=0.00..5.54 rows=111 width=0)
	        Index Cond: ((k >= 5235916) AND (k <= 5236016))

table 7 : explain SELECT k, c FROM sbtest7 WHERE k BETWEEN 5235916 AND 5236016
	Bitmap Heap Scan on sbtest7  (cost=5.49..413.30 rows=103 width=125)
	  Recheck Cond: ((k >= 5235916) AND (k <= 5236016))
	  ->  Bitmap Index Scan on k_7  (cost=0.00..5.46 rows=103 width=0)
	        Index Cond: ((k >= 5235916) AND (k <= 5236016))

table 8 : explain SELECT k, c FROM sbtest8 WHERE k BETWEEN 5235916 AND 5236016
	Bitmap Heap Scan on sbtest8  (cost=5.48..409.40 rows=102 width=125)
	  Recheck Cond: ((k >= 5235916) AND (k <= 5236016))
	  ->  Bitmap Index Scan on k_8  (cost=0.00..5.45 rows=102 width=0)
	        Index Cond: ((k >= 5235916) AND (k <= 5236016))

explain: for range-notcovered :: explain SELECT k, c FROM sbtest%d WHERE k BETWEEN 9066599 AND 9066699explain: for range-notcovered :: explain SELECT k, c FROM sbtest%d WHERE k BETWEEN 4636687 AND 4636787

for range-notcovered
table 1 : explain SELECT k, c FROM sbtest1 WHERE k BETWEEN 4581183 AND 4581283
	Bitmap Heap Scan on sbtest1  (cost=5.46..401.43 rows=100 width=125)
	  Recheck Cond: ((k >= 4581183) AND (k <= 4581283))
	  ->  Bitmap Index Scan on k_1  (cost=0.00..5.43 rows=100 width=0)
	        Index Cond: ((k >= 4581183) AND (k <= 4581283))

table 2 : explain SELECT k, c FROM sbtest2 WHERE k BETWEEN 4581183 AND 4581283
	Bitmap Heap Scan on sbtest2  (cost=5.48..409.32 rows=102 width=125)
	  Recheck Cond: ((k >= 4581183) AND (k <= 4581283))
	  ->  Bitmap Index Scan on k_2  (cost=0.00..5.45 rows=102 width=0)
	        Index Cond: ((k >= 4581183) AND (k <= 4581283))

table 3 : explain SELECT k, c FROM sbtest3 WHERE k BETWEEN 4581183 AND 4581283
	Bitmap Heap Scan on sbtest3  (cost=5.48..409.33 rows=102 width=125)
	  Recheck Cond: ((k >= 4581183) AND (k <= 4581283))
	  ->  Bitmap Index Scan on k_3  (cost=0.00..5.45 rows=102 width=0)
	        Index Cond: ((k >= 4581183) AND (k <= 4581283))

table 4 : explain SELECT k, c FROM sbtest4 WHERE k BETWEEN 4581183 AND 4581283
	Bitmap Heap Scan on sbtest4  (cost=5.47..405.39 rows=101 width=125)
	  Recheck Cond: ((k >= 4581183) AND (k <= 4581283))
	  ->  Bitmap Index Scan on k_4  (cost=0.00..5.44 rows=101 width=0)
	        Index Cond: ((k >= 4581183) AND (k <= 4581283))

table 5 : explain SELECT k, c FROM sbtest5 WHERE k BETWEEN 4581183 AND 4581283
	Bitmap Heap Scan on sbtest5  (cost=5.48..409.34 rows=102 width=125)
	  Recheck Cond: ((k >= 4581183) AND (k <= 4581283))
	  ->  Bitmap Index Scan on k_5  (cost=0.00..5.45 rows=102 width=0)
	        Index Cond: ((k >= 4581183) AND (k <= 4581283))

table 6 : explain SELECT k, c FROM sbtest6 WHERE k BETWEEN 4581183 AND 4581283
	Bitmap Heap Scan on sbtest6  (cost=5.61..460.59 rows=115 width=125)
	  Recheck Cond: ((k >= 4581183) AND (k <= 4581283))
	  ->  Bitmap Index Scan on k_6  (cost=0.00..5.58 rows=115 width=0)
	        Index Cond: ((k >= 4581183) AND (k <= 4581283))

table 7 : explain SELECT k, c FROM sbtest7 WHERE k BETWEEN 4581183 AND 4581283
	Bitmap Heap Scan on sbtest7  (cost=5.46..401.48 rows=100 width=125)
	  Recheck Cond: ((k >= 4581183) AND (k <= 4581283))
	  ->  Bitmap Index Scan on k_7  (cost=0.00..5.43 rows=100 width=0)
	        Index Cond: ((k >= 4581183) AND (k <= 4581283))

table 8 : explain SELECT k, c FROM sbtest8 WHERE k BETWEEN 4581183 AND 4581283
	Bitmap Heap Scan on sbtest8  (cost=5.45..397.57 rows=99 width=125)
	  Recheck Cond: ((k >= 4581183) AND (k <= 4581283))
	  ->  Bitmap Index Scan on k_8  (cost=0.00..5.42 rows=99 width=0)
	        Index Cond: ((k >= 4581183) AND (k <= 4581283))

for range-notcovered
table 1 : explain SELECT k, c FROM sbtest1 WHERE k BETWEEN 6496944 AND 6497044
	Bitmap Heap Scan on sbtest1  (cost=5.61..460.52 rows=115 width=125)
	  Recheck Cond: ((k >= 6496944) AND (k <= 6497044))
	  ->  Bitmap Index Scan on k_1  (cost=0.00..5.58 rows=115 width=0)
	        Index Cond: ((k >= 6496944) AND (k <= 6497044))

table 2 : explain SELECT k, c FROM sbtest2 WHERE k BETWEEN 6496944 AND 6497044
	Bitmap Heap Scan on sbtest2  (cost=5.49..413.26 rows=103 width=125)
	  Recheck Cond: ((k >= 6496944) AND (k <= 6497044))
	  ->  Bitmap Index Scan on k_2  (cost=0.00..5.46 rows=103 width=0)
	        Index Cond: ((k >= 6496944) AND (k <= 6497044))

table 3 : explain SELECT k, c FROM sbtest3 WHERE k BETWEEN 6496944 AND 6497044
	Bitmap Heap Scan on sbtest3  (cost=5.53..429.03 rows=107 width=125)
	  Recheck Cond: ((k >= 6496944) AND (k <= 6497044))
	  ->  Bitmap Index Scan on k_3  (cost=0.00..5.50 rows=107 width=0)
	        Index Cond: ((k >= 6496944) AND (k <= 6497044))

table 4 : explain SELECT k, c FROM sbtest4 WHERE k BETWEEN 6496944 AND 6497044
	Bitmap Heap Scan on sbtest4  (cost=5.40..377.79 rows=94 width=125)
	  Recheck Cond: ((k >= 6496944) AND (k <= 6497044))
	  ->  Bitmap Index Scan on k_4  (cost=0.00..5.38 rows=94 width=0)
	        Index Cond: ((k >= 6496944) AND (k <= 6497044))

table 5 : explain SELECT k, c FROM sbtest5 WHERE k BETWEEN 6496944 AND 6497044
	Bitmap Heap Scan on sbtest5  (cost=5.43..389.63 rows=97 width=125)
	  Recheck Cond: ((k >= 6496944) AND (k <= 6497044))
	  ->  Bitmap Index Scan on k_5  (cost=0.00..5.40 rows=97 width=0)
	        Index Cond: ((k >= 6496944) AND (k <= 6497044))

table 6 : explain SELECT k, c FROM sbtest6 WHERE k BETWEEN 6496944 AND 6497044
	Bitmap Heap Scan on sbtest6  (cost=5.55..436.96 rows=109 width=125)
	  Recheck Cond: ((k >= 6496944) AND (k <= 6497044))
	  ->  Bitmap Index Scan on k_6  (cost=0.00..5.52 rows=109 width=0)
	        Index Cond: ((k >= 6496944) AND (k <= 6497044))

table 7 : explain SELECT k, c FROM sbtest7 WHERE k BETWEEN 6496944 AND 6497044
	Bitmap Heap Scan on sbtest7  (cost=5.61..460.57 rows=115 width=125)
	  Recheck Cond: ((k >= 6496944) AND (k <= 6497044))
	  ->  Bitmap Index Scan on k_7  (cost=0.00..5.58 rows=115 width=0)
	        Index Cond: ((k >= 6496944) AND (k <= 6497044))

table 8 : explain SELECT k, c FROM sbtest8 WHERE k BETWEEN 6496944 AND 6497044
	Bitmap Heap Scan on sbtest8  (cost=5.49..413.34 rows=103 width=125)
	  Recheck Cond: ((k >= 6496944) AND (k <= 6497044))
	  ->  Bitmap Index Scan on k_8  (cost=0.00..5.46 rows=103 width=0)
	        Index Cond: ((k >= 6496944) AND (k <= 6497044))


explain: for range-notcovered :: explain SELECT k, c FROM sbtest%d WHERE k BETWEEN 6607380 AND 6607480
explain: for range-notcovered :: explain SELECT k, c FROM sbtest%d WHERE k BETWEEN 7936229 AND 7936329for range-notcovered
table 1 : explain SELECT k, c FROM sbtest1 WHERE k BETWEEN 4852987 AND 4853087
	Bitmap Heap Scan on sbtest1  (cost=5.47..405.37 rows=101 width=125)
	  Recheck Cond: ((k >= 4852987) AND (k <= 4853087))
	  ->  Bitmap Index Scan on k_1  (cost=0.00..5.44 rows=101 width=0)
	        Index Cond: ((k >= 4852987) AND (k <= 4853087))

table 2 : explain SELECT k, c FROM sbtest2 WHERE k BETWEEN 4852987 AND 4853087
	Bitmap Heap Scan on sbtest2  (cost=5.55..436.90 rows=109 width=125)
	  Recheck Cond: ((k >= 4852987) AND (k <= 4853087))
	  ->  Bitmap Index Scan on k_2  (cost=0.00..5.52 rows=109 width=0)
	        Index Cond: ((k >= 4852987) AND (k <= 4853087))

table 3 : explain SELECT k, c FROM sbtest3 WHERE k BETWEEN 4852987 AND 4853087
	Bitmap Heap Scan on sbtest3  (cost=5.38..369.89 rows=92 width=125)
	  Recheck Cond: ((k >= 4852987) AND (k <= 4853087))
	  ->  Bitmap Index Scan on k_3  (cost=0.00..5.35 rows=92 width=0)
	        Index Cond: ((k >= 4852987) AND (k <= 4853087))

table 4 : explain SELECT k, c FROM sbtest4 WHERE k BETWEEN 4852987 AND 4853087
	Bitmap Heap Scan on sbtest4  (cost=5.51..421.16 rows=105 width=125)
	  Recheck Cond: ((k >= 4852987) AND (k <= 4853087))
	  ->  Bitmap Index Scan on k_4  (cost=0.00..5.48 rows=105 width=0)
	        Index Cond: ((k >= 4852987) AND (k <= 4853087))

table 5 : explain SELECT k, c FROM sbtest5 WHERE k BETWEEN 4852987 AND 4853087
	Bitmap Heap Scan on sbtest5  (cost=5.54..432.98 rows=108 width=125)
	  Recheck Cond: ((k >= 4852987) AND (k <= 4853087))
	  ->  Bitmap Index Scan on k_5  (cost=0.00..5.51 rows=108 width=0)
	        Index Cond: ((k >= 4852987) AND (k <= 4853087))

table 6 : explain SELECT k, c FROM sbtest6 WHERE k BETWEEN 4852987 AND 4853087
	Bitmap Heap Scan on sbtest6  (cost=5.44..393.60 rows=98 width=125)
	  Recheck Cond: ((k >= 4852987) AND (k <= 4853087))
	  ->  Bitmap Index Scan on k_6  (cost=0.00..5.42 rows=98 width=0)
	        Index Cond: ((k >= 4852987) AND (k <= 4853087))

table 7 : explain SELECT k, c FROM sbtest7 WHERE k BETWEEN 4852987 AND 4853087
	Bitmap Heap Scan on sbtest7  (cost=5.52..425.13 rows=106 width=125)
	  Recheck Cond: ((k >= 4852987) AND (k <= 4853087))
	  ->  Bitmap Index Scan on k_7  (cost=0.00..5.50 rows=106 width=0)
	        Index Cond: ((k >= 4852987) AND (k <= 4853087))

table 8 : explain SELECT k, c FROM sbtest8 WHERE k BETWEEN 4852987 AND 4853087
	Bitmap Heap Scan on sbtest8  (cost=5.44..393.62 rows=98 width=125)
	  Recheck Cond: ((k >= 4852987) AND (k <= 4853087))
	  ->  Bitmap Index Scan on k_8  (cost=0.00..5.42 rows=98 width=0)
	        Index Cond: ((k >= 4852987) AND (k <= 4853087))



explain: for range-notcovered :: explain SELECT k, c FROM sbtest%d WHERE k BETWEEN 4560876 AND 4560976
explain: for range-notcovered :: explain SELECT k, c FROM sbtest%d WHERE k BETWEEN 2173248 AND 2173348
for range-notcovered
table 1 : explain SELECT k, c FROM sbtest1 WHERE k BETWEEN 5368835 AND 5368935
	Bitmap Heap Scan on sbtest1  (cost=5.46..401.43 rows=100 width=125)
	  Recheck Cond: ((k >= 5368835) AND (k <= 5368935))
	  ->  Bitmap Index Scan on k_1  (cost=0.00..5.43 rows=100 width=0)
	        Index Cond: ((k >= 5368835) AND (k <= 5368935))

table 2 : explain SELECT k, c FROM sbtest2 WHERE k BETWEEN 5368835 AND 5368935
	Bitmap Heap Scan on sbtest2  (cost=5.45..397.49 rows=99 width=125)
	  Recheck Cond: ((k >= 5368835) AND (k <= 5368935))
	  ->  Bitmap Index Scan on k_2  (cost=0.00..5.42 rows=99 width=0)
	        Index Cond: ((k >= 5368835) AND (k <= 5368935))

table 3 : explain SELECT k, c FROM sbtest3 WHERE k BETWEEN 5368835 AND 5368935
	Bitmap Heap Scan on sbtest3  (cost=5.39..373.84 rows=93 width=125)
	  Recheck Cond: ((k >= 5368835) AND (k <= 5368935))
	  ->  Bitmap Index Scan on k_3  (cost=0.00..5.36 rows=93 width=0)
	        Index Cond: ((k >= 5368835) AND (k <= 5368935))

table 4 : explain SELECT k, c FROM sbtest4 WHERE k BETWEEN 5368835 AND 5368935
	Bitmap Heap Scan on sbtest4  (cost=5.42..385.68 rows=96 width=125)
	  Recheck Cond: ((k >= 5368835) AND (k <= 5368935))
	  ->  Bitmap Index Scan on k_4  (cost=0.00..5.39 rows=96 width=0)
	        Index Cond: ((k >= 5368835) AND (k <= 5368935))

table 5 : explain SELECT k, c FROM sbtest5 WHERE k BETWEEN 5368835 AND 5368935
	Bitmap Heap Scan on sbtest5  (cost=5.44..393.57 rows=98 width=125)
	  Recheck Cond: ((k >= 5368835) AND (k <= 5368935))
	  ->  Bitmap Index Scan on k_5  (cost=0.00..5.42 rows=98 width=0)
	        Index Cond: ((k >= 5368835) AND (k <= 5368935))

table 6 : explain SELECT k, c FROM sbtest6 WHERE k BETWEEN 5368835 AND 5368935
	Bitmap Heap Scan on sbtest6  (cost=5.52..425.14 rows=106 width=125)
	  Recheck Cond: ((k >= 5368835) AND (k <= 5368935))
	  ->  Bitmap Index Scan on k_6  (cost=0.00..5.50 rows=106 width=0)
	        Index Cond: ((k >= 5368835) AND (k <= 5368935))

table 7 : explain SELECT k, c FROM sbtest7 WHERE k BETWEEN 5368835 AND 5368935
	Bitmap Heap Scan on sbtest7  (cost=5.51..421.19 rows=105 width=125)
	  Recheck Cond: ((k >= 5368835) AND (k <= 5368935))
	  ->  Bitmap Index Scan on k_7  (cost=0.00..5.48 rows=105 width=0)
	        Index Cond: ((k >= 5368835) AND (k <= 5368935))

table 8 : explain SELECT k, c FROM sbtest8 WHERE k BETWEEN 5368835 AND 5368935
	Bitmap Heap Scan on sbtest8  (cost=5.44..393.62 rows=98 width=125)
	  Recheck Cond: ((k >= 5368835) AND (k <= 5368935))
	  ->  Bitmap Index Scan on k_8  (cost=0.00..5.42 rows=98 width=0)
	        Index Cond: ((k >= 5368835) AND (k <= 5368935))

for range-notcovered
table 1 : explain SELECT k, c FROM sbtest1 WHERE k BETWEEN 4957913 AND 4958013
	Bitmap Heap Scan on sbtest1  (cost=5.47..405.37 rows=101 width=125)
	  Recheck Cond: ((k >= 4957913) AND (k <= 4958013))
	  ->  Bitmap Index Scan on k_1  (cost=0.00..5.44 rows=101 width=0)
	        Index Cond: ((k >= 4957913) AND (k <= 4958013))

table 2 : explain SELECT k, c FROM sbtest2 WHERE k BETWEEN 4957913 AND 4958013
	Bitmap Heap Scan on sbtest2  (cost=5.48..409.32 rows=102 width=125)
	  Recheck Cond: ((k >= 4957913) AND (k <= 4958013))
	  ->  Bitmap Index Scan on k_2  (cost=0.00..5.45 rows=102 width=0)
	        Index Cond: ((k >= 4957913) AND (k <= 4958013))

table 3 : explain SELECT k, c FROM sbtest3 WHERE k BETWEEN 4957913 AND 4958013
	Bitmap Heap Scan on sbtest3  (cost=5.51..421.15 rows=105 width=125)
	  Recheck Cond: ((k >= 4957913) AND (k <= 4958013))
	  ->  Bitmap Index Scan on k_3  (cost=0.00..5.48 rows=105 width=0)
	        Index Cond: ((k >= 4957913) AND (k <= 4958013))

table 4 : explain SELECT k, c FROM sbtest4 WHERE k BETWEEN 4957913 AND 4958013
	Bitmap Heap Scan on sbtest4  (cost=5.47..405.39 rows=101 width=125)
	  Recheck Cond: ((k >= 4957913) AND (k <= 4958013))
	  ->  Bitmap Index Scan on k_4  (cost=0.00..5.44 rows=101 width=0)
	        Index Cond: ((k >= 4957913) AND (k <= 4958013))

table 5 : explain SELECT k, c FROM sbtest5 WHERE k BETWEEN 4957913 AND 4958013
	Bitmap Heap Scan on sbtest5  (cost=5.46..401.46 rows=100 width=125)
	  Recheck Cond: ((k >= 4957913) AND (k <= 4958013))
	  ->  Bitmap Index Scan on k_5  (cost=0.00..5.43 rows=100 width=0)
	        Index Cond: ((k >= 4957913) AND (k <= 4958013))

table 6 : explain SELECT k, c FROM sbtest6 WHERE k BETWEEN 4957913 AND 4958013
	Bitmap Heap Scan on sbtest6  (cost=5.45..397.54 rows=99 width=125)
	  Recheck Cond: ((k >= 4957913) AND (k <= 4958013))
	  ->  Bitmap Index Scan on k_6  (cost=0.00..5.42 rows=99 width=0)
	        Index Cond: ((k >= 4957913) AND (k <= 4958013))

table 7 : explain SELECT k, c FROM sbtest7 WHERE k BETWEEN 4957913 AND 4958013
	Bitmap Heap Scan on sbtest7  (cost=5.45..397.53 rows=99 width=125)
	  Recheck Cond: ((k >= 4957913) AND (k <= 4958013))
	  ->  Bitmap Index Scan on k_7  (cost=0.00..5.42 rows=99 width=0)
	        Index Cond: ((k >= 4957913) AND (k <= 4958013))

table 8 : explain SELECT k, c FROM sbtest8 WHERE k BETWEEN 4957913 AND 4958013
	Bitmap Heap Scan on sbtest8  (cost=5.45..397.57 rows=99 width=125)
	  Recheck Cond: ((k >= 4957913) AND (k <= 4958013))
	  ->  Bitmap Index Scan on k_8  (cost=0.00..5.42 rows=99 width=0)
	        Index Cond: ((k >= 4957913) AND (k <= 4958013))


explain: for range-notcovered :: explain SELECT k, c FROM sbtest%d WHERE k BETWEEN 4344122 AND 4344222
explain: for range-notcovered :: explain SELECT k, c FROM sbtest%d WHERE k BETWEEN 5368835 AND 5368935
for range-notcovered
table 1 : explain SELECT k, c FROM sbtest1 WHERE k BETWEEN 4047833 AND 4047933
	Bitmap Heap Scan on sbtest1  (cost=5.51..421.13 rows=105 width=125)
	  Recheck Cond: ((k >= 4047833) AND (k <= 4047933))
	  ->  Bitmap Index Scan on k_1  (cost=0.00..5.48 rows=105 width=0)
	        Index Cond: ((k >= 4047833) AND (k <= 4047933))

table 2 : explain SELECT k, c FROM sbtest2 WHERE k BETWEEN 4047833 AND 4047933
	Bitmap Heap Scan on sbtest2  (cost=5.43..389.60 rows=97 width=125)
	  Recheck Cond: ((k >= 4047833) AND (k <= 4047933))
	  ->  Bitmap Index Scan on k_2  (cost=0.00..5.40 rows=97 width=0)
	        Index Cond: ((k >= 4047833) AND (k <= 4047933))

table 3 : explain SELECT k, c FROM sbtest3 WHERE k BETWEEN 4047833 AND 4047933
	Bitmap Heap Scan on sbtest3  (cost=5.41..381.73 rows=95 width=125)
	  Recheck Cond: ((k >= 4047833) AND (k <= 4047933))
	  ->  Bitmap Index Scan on k_3  (cost=0.00..5.38 rows=95 width=0)
	        Index Cond: ((k >= 4047833) AND (k <= 4047933))

table 4 : explain SELECT k, c FROM sbtest4 WHERE k BETWEEN 4047833 AND 4047933
	Bitmap Heap Scan on sbtest4  (cost=5.49..413.28 rows=103 width=125)
	  Recheck Cond: ((k >= 4047833) AND (k <= 4047933))
	  ->  Bitmap Index Scan on k_4  (cost=0.00..5.46 rows=103 width=0)
	        Index Cond: ((k >= 4047833) AND (k <= 4047933))

table 5 : explain SELECT k, c FROM sbtest5 WHERE k BETWEEN 4047833 AND 4047933
	Bitmap Heap Scan on sbtest5  (cost=5.46..401.46 rows=100 width=125)
	  Recheck Cond: ((k >= 4047833) AND (k <= 4047933))
	  ->  Bitmap Index Scan on k_5  (cost=0.00..5.43 rows=100 width=0)
	        Index Cond: ((k >= 4047833) AND (k <= 4047933))

table 6 : explain SELECT k, c FROM sbtest6 WHERE k BETWEEN 4047833 AND 4047933
	Bitmap Heap Scan on sbtest6  (cost=5.48..409.37 rows=102 width=125)
	  Recheck Cond: ((k >= 4047833) AND (k <= 4047933))
	  ->  Bitmap Index Scan on k_6  (cost=0.00..5.45 rows=102 width=0)
	        Index Cond: ((k >= 4047833) AND (k <= 4047933))

table 7 : explain SELECT k, c FROM sbtest7 WHERE k BETWEEN 4047833 AND 4047933
	Bitmap Heap Scan on sbtest7  (cost=5.49..413.30 rows=103 width=125)
	  Recheck Cond: ((k >= 4047833) AND (k <= 4047933))
	  ->  Bitmap Index Scan on k_7  (cost=0.00..5.46 rows=103 width=0)
	        Index Cond: ((k >= 4047833) AND (k <= 4047933))

table 8 : explain SELECT k, c FROM sbtest8 WHERE k BETWEEN 4047833 AND 4047933
	Bitmap Heap Scan on sbtest8  (cost=5.50..417.28 rows=104 width=125)
	  Recheck Cond: ((k >= 4047833) AND (k <= 4047933))
	  ->  Bitmap Index Scan on k_8  (cost=0.00..5.47 rows=104 width=0)
	        Index Cond: ((k >= 4047833) AND (k <= 4047933))


explain: for range-notcovered :: explain SELECT k, c FROM sbtest%d WHERE k BETWEEN 3169346 AND 3169446
for range-notcovered
table 1 : explain SELECT k, c FROM sbtest1 WHERE k BETWEEN 2640584 AND 2640684
	Bitmap Heap Scan on sbtest1  (cost=5.50..417.19 rows=104 width=125)
	  Recheck Cond: ((k >= 2640584) AND (k <= 2640684))
	  ->  Bitmap Index Scan on k_1  (cost=0.00..5.47 rows=104 width=0)
	        Index Cond: ((k >= 2640584) AND (k <= 2640684))

table 2 : explain SELECT k, c FROM sbtest2 WHERE k BETWEEN 2640584 AND 2640684
	Bitmap Heap Scan on sbtest2  (cost=5.42..385.66 rows=96 width=125)
	  Recheck Cond: ((k >= 2640584) AND (k <= 2640684))
	  ->  Bitmap Index Scan on k_2  (cost=0.00..5.39 rows=96 width=0)
	        Index Cond: ((k >= 2640584) AND (k <= 2640684))

table 3 : explain SELECT k, c FROM sbtest3 WHERE k BETWEEN 2640584 AND 2640684
	Bitmap Heap Scan on sbtest3  (cost=5.39..373.84 rows=93 width=125)
	  Recheck Cond: ((k >= 2640584) AND (k <= 2640684))
	  ->  Bitmap Index Scan on k_3  (cost=0.00..5.36 rows=93 width=0)
	        Index Cond: ((k >= 2640584) AND (k <= 2640684))

table 4 : explain SELECT k, c FROM sbtest4 WHERE k BETWEEN 2640584 AND 2640684
	Bitmap Heap Scan on sbtest4  (cost=5.45..397.51 rows=99 width=125)
	  Recheck Cond: ((k >= 2640584) AND (k <= 2640684))
	  ->  Bitmap Index Scan on k_4  (cost=0.00..5.42 rows=99 width=0)
	        Index Cond: ((k >= 2640584) AND (k <= 2640684))

table 5 : explain SELECT k, c FROM sbtest5 WHERE k BETWEEN 2640584 AND 2640684
	Bitmap Heap Scan on sbtest5  (cost=5.44..393.57 rows=98 width=125)
	  Recheck Cond: ((k >= 2640584) AND (k <= 2640684))
	  ->  Bitmap Index Scan on k_5  (cost=0.00..5.42 rows=98 width=0)
	        Index Cond: ((k >= 2640584) AND (k <= 2640684))

table 6 : explain SELECT k, c FROM sbtest6 WHERE k BETWEEN 2640584 AND 2640684
	Bitmap Heap Scan on sbtest6  (cost=5.48..409.37 rows=102 width=125)
	  Recheck Cond: ((k >= 2640584) AND (k <= 2640684))
	  ->  Bitmap Index Scan on k_6  (cost=0.00..5.45 rows=102 width=0)
	        Index Cond: ((k >= 2640584) AND (k <= 2640684))

table 7 : explain SELECT k, c FROM sbtest7 WHERE k BETWEEN 2640584 AND 2640684
	Bitmap Heap Scan on sbtest7  (cost=5.47..405.42 rows=101 width=125)
	  Recheck Cond: ((k >= 2640584) AND (k <= 2640684))
	  ->  Bitmap Index Scan on k_7  (cost=0.00..5.44 rows=101 width=0)
	        Index Cond: ((k >= 2640584) AND (k <= 2640684))

table 8 : explain SELECT k, c FROM sbtest8 WHERE k BETWEEN 2640584 AND 2640684
	Bitmap Heap Scan on sbtest8  (cost=5.52..425.17 rows=106 width=125)
	  Recheck Cond: ((k >= 2640584) AND (k <= 2640684))
	  ->  Bitmap Index Scan on k_8  (cost=0.00..5.50 rows=106 width=0)
	        Index Cond: ((k >= 2640584) AND (k <= 2640684))

explain: for range-notcovered :: explain SELECT k, c FROM sbtest%d WHERE k BETWEEN 3348607 AND 3348707
explain: for range-notcovered :: explain SELECT k, c FROM sbtest%d WHERE k BETWEEN 5235916 AND 5236016

for range-notcovered
table 1 : explain SELECT k, c FROM sbtest1 WHERE k BETWEEN 5421055 AND 5421155
	Bitmap Heap Scan on sbtest1  (cost=5.46..401.43 rows=100 width=125)
	  Recheck Cond: ((k >= 5421055) AND (k <= 5421155))
	  ->  Bitmap Index Scan on k_1  (cost=0.00..5.43 rows=100 width=0)
	        Index Cond: ((k >= 5421055) AND (k <= 5421155))

table 2 : explain SELECT k, c FROM sbtest2 WHERE k BETWEEN 5421055 AND 5421155
	Bitmap Heap Scan on sbtest2  (cost=5.45..397.49 rows=99 width=125)
	  Recheck Cond: ((k >= 5421055) AND (k <= 5421155))
	  ->  Bitmap Index Scan on k_2  (cost=0.00..5.42 rows=99 width=0)
	        Index Cond: ((k >= 5421055) AND (k <= 5421155))

table 3 : explain SELECT k, c FROM sbtest3 WHERE k BETWEEN 5421055 AND 5421155
	Bitmap Heap Scan on sbtest3  (cost=5.39..373.84 rows=93 width=125)
	  Recheck Cond: ((k >= 5421055) AND (k <= 5421155))
	  ->  Bitmap Index Scan on k_3  (cost=0.00..5.36 rows=93 width=0)
	        Index Cond: ((k >= 5421055) AND (k <= 5421155))

table 4 : explain SELECT k, c FROM sbtest4 WHERE k BETWEEN 5421055 AND 5421155
	Bitmap Heap Scan on sbtest4  (cost=5.58..448.73 rows=112 width=125)
	  Recheck Cond: ((k >= 5421055) AND (k <= 5421155))
	  ->  Bitmap Index Scan on k_4  (cost=0.00..5.55 rows=112 width=0)
	        Index Cond: ((k >= 5421055) AND (k <= 5421155))

table 5 : explain SELECT k, c FROM sbtest5 WHERE k BETWEEN 5421055 AND 5421155
	Bitmap Heap Scan on sbtest5  (cost=5.44..393.57 rows=98 width=125)
	  Recheck Cond: ((k >= 5421055) AND (k <= 5421155))
	  ->  Bitmap Index Scan on k_5  (cost=0.00..5.42 rows=98 width=0)
	        Index Cond: ((k >= 5421055) AND (k <= 5421155))

table 6 : explain SELECT k, c FROM sbtest6 WHERE k BETWEEN 5421055 AND 5421155
	Bitmap Heap Scan on sbtest6  (cost=5.51..421.20 rows=105 width=125)
	  Recheck Cond: ((k >= 5421055) AND (k <= 5421155))
	  ->  Bitmap Index Scan on k_6  (cost=0.00..5.48 rows=105 width=0)
	        Index Cond: ((k >= 5421055) AND (k <= 5421155))

table 7 : explain SELECT k, c FROM sbtest7 WHERE k BETWEEN 5421055 AND 5421155
	Bitmap Heap Scan on sbtest7  (cost=5.43..389.64 rows=97 width=125)
	  Recheck Cond: ((k >= 5421055) AND (k <= 5421155))
	  ->  Bitmap Index Scan on k_7  (cost=0.00..5.40 rows=97 width=0)
	        Index Cond: ((k >= 5421055) AND (k <= 5421155))

table 8 : explain SELECT k, c FROM sbtest8 WHERE k BETWEEN 5421055 AND 5421155
	Bitmap Heap Scan on sbtest8  (cost=5.44..393.62 rows=98 width=125)
	  Recheck Cond: ((k >= 5421055) AND (k <= 5421155))
	  ->  Bitmap Index Scan on k_8  (cost=0.00..5.42 rows=98 width=0)
	        Index Cond: ((k >= 5421055) AND (k <= 5421155))

for range-notcovered
table 1 : explain SELECT k, c FROM sbtest1 WHERE k BETWEEN 4937242 AND 4937342
	Bitmap Heap Scan on sbtest1  (cost=5.47..405.37 rows=101 width=125)
	  Recheck Cond: ((k >= 4937242) AND (k <= 4937342))
	  ->  Bitmap Index Scan on k_1  (cost=0.00..5.44 rows=101 width=0)
	        Index Cond: ((k >= 4937242) AND (k <= 4937342))

table 2 : explain SELECT k, c FROM sbtest2 WHERE k BETWEEN 4937242 AND 4937342
	Bitmap Heap Scan on sbtest2  (cost=5.44..393.55 rows=98 width=125)
	  Recheck Cond: ((k >= 4937242) AND (k <= 4937342))
	  ->  Bitmap Index Scan on k_2  (cost=0.00..5.42 rows=98 width=0)
	        Index Cond: ((k >= 4937242) AND (k <= 4937342))

table 3 : explain SELECT k, c FROM sbtest3 WHERE k BETWEEN 4937242 AND 4937342
	Bitmap Heap Scan on sbtest3  (cost=5.51..421.15 rows=105 width=125)
	  Recheck Cond: ((k >= 4937242) AND (k <= 4937342))
	  ->  Bitmap Index Scan on k_3  (cost=0.00..5.48 rows=105 width=0)
	        Index Cond: ((k >= 4937242) AND (k <= 4937342))

table 4 : explain SELECT k, c FROM sbtest4 WHERE k BETWEEN 4937242 AND 4937342
	Bitmap Heap Scan on sbtest4  (cost=5.47..405.39 rows=101 width=125)
	  Recheck Cond: ((k >= 4937242) AND (k <= 4937342))
	  ->  Bitmap Index Scan on k_4  (cost=0.00..5.44 rows=101 width=0)
	        Index Cond: ((k >= 4937242) AND (k <= 4937342))

table 5 : explain SELECT k, c FROM sbtest5 WHERE k BETWEEN 4937242 AND 4937342
	Bitmap Heap Scan on sbtest5  (cost=5.46..401.46 rows=100 width=125)
	  Recheck Cond: ((k >= 4937242) AND (k <= 4937342))
	  ->  Bitmap Index Scan on k_5  (cost=0.00..5.43 rows=100 width=0)
	        Index Cond: ((k >= 4937242) AND (k <= 4937342))

table 6 : explain SELECT k, c FROM sbtest6 WHERE k BETWEEN 4937242 AND 4937342
	Bitmap Heap Scan on sbtest6  (cost=5.45..397.54 rows=99 width=125)
	  Recheck Cond: ((k >= 4937242) AND (k <= 4937342))
	  ->  Bitmap Index Scan on k_6  (cost=0.00..5.42 rows=99 width=0)
	        Index Cond: ((k >= 4937242) AND (k <= 4937342))

table 7 : explain SELECT k, c FROM sbtest7 WHERE k BETWEEN 4937242 AND 4937342
	Bitmap Heap Scan on sbtest7  (cost=5.45..397.53 rows=99 width=125)
	  Recheck Cond: ((k >= 4937242) AND (k <= 4937342))
	  ->  Bitmap Index Scan on k_7  (cost=0.00..5.42 rows=99 width=0)
	        Index Cond: ((k >= 4937242) AND (k <= 4937342))

table 8 : explain SELECT k, c FROM sbtest8 WHERE k BETWEEN 4937242 AND 4937342
	Bitmap Heap Scan on sbtest8  (cost=5.44..393.62 rows=98 width=125)
	  Recheck Cond: ((k >= 4937242) AND (k <= 4937342))
	  ->  Bitmap Index Scan on k_8  (cost=0.00..5.42 rows=98 width=0)
	        Index Cond: ((k >= 4937242) AND (k <= 4937342))


for range-notcovered
table 1 : explain SELECT k, c FROM sbtest1 WHERE k BETWEEN 3662722 AND 3662822
	Bitmap Heap Scan on sbtest1  (cost=5.42..385.66 rows=96 width=125)
	  Recheck Cond: ((k >= 3662722) AND (k <= 3662822))
	  ->  Bitmap Index Scan on k_1  (cost=0.00..5.39 rows=96 width=0)
	        Index Cond: ((k >= 3662722) AND (k <= 3662822))

table 2 : explain SELECT k, c FROM sbtest2 WHERE k BETWEEN 3662722 AND 3662822
	Bitmap Heap Scan on sbtest2  (cost=5.53..429.02 rows=107 width=125)
	  Recheck Cond: ((k >= 3662722) AND (k <= 3662822))
	  ->  Bitmap Index Scan on k_2  (cost=0.00..5.50 rows=107 width=0)
	        Index Cond: ((k >= 3662722) AND (k <= 3662822))

table 3 : explain SELECT k, c FROM sbtest3 WHERE k BETWEEN 3662722 AND 3662822
	Bitmap Heap Scan on sbtest3  (cost=5.39..373.84 rows=93 width=125)
	  Recheck Cond: ((k >= 3662722) AND (k <= 3662822))
	  ->  Bitmap Index Scan on k_3  (cost=0.00..5.36 rows=93 width=0)
	        Index Cond: ((k >= 3662722) AND (k <= 3662822))

table 4 : explain SELECT k, c FROM sbtest4 WHERE k BETWEEN 3662722 AND 3662822
	Bitmap Heap Scan on sbtest4  (cost=5.49..413.28 rows=103 width=125)
	  Recheck Cond: ((k >= 3662722) AND (k <= 3662822))
	  ->  Bitmap Index Scan on k_4  (cost=0.00..5.46 rows=103 width=0)
	        Index Cond: ((k >= 3662722) AND (k <= 3662822))

table 5 : explain SELECT k, c FROM sbtest5 WHERE k BETWEEN 3662722 AND 3662822
	Bitmap Heap Scan on sbtest5  (cost=5.35..358.06 rows=89 width=125)
	  Recheck Cond: ((k >= 3662722) AND (k <= 3662822))
	  ->  Bitmap Index Scan on k_5  (cost=0.00..5.32 rows=89 width=0)
	        Index Cond: ((k >= 3662722) AND (k <= 3662822))

table 6 : explain SELECT k, c FROM sbtest6 WHERE k BETWEEN 3662722 AND 3662822
	Bitmap Heap Scan on sbtest6  (cost=5.55..436.96 rows=109 width=125)
	  Recheck Cond: ((k >= 3662722) AND (k <= 3662822))
	  ->  Bitmap Index Scan on k_6  (cost=0.00..5.52 rows=109 width=0)
	        Index Cond: ((k >= 3662722) AND (k <= 3662822))

table 7 : explain SELECT k, c FROM sbtest7 WHERE k BETWEEN 3662722 AND 3662822
	Bitmap Heap Scan on sbtest7  (cost=5.49..413.30 rows=103 width=125)
	  Recheck Cond: ((k >= 3662722) AND (k <= 3662822))
	  ->  Bitmap Index Scan on k_7  (cost=0.00..5.46 rows=103 width=0)
	        Index Cond: ((k >= 3662722) AND (k <= 3662822))

table 8 : explain SELECT k, c FROM sbtest8 WHERE k BETWEEN 3662722 AND 3662822
	Bitmap Heap Scan on sbtest8  (cost=5.45..397.57 rows=99 width=125)
	  Recheck Cond: ((k >= 3662722) AND (k <= 3662822))
	  ->  Bitmap Index Scan on k_8  (cost=0.00..5.42 rows=99 width=0)
	        Index Cond: ((k >= 3662722) AND (k <= 3662822))

explain: for range-notcovered :: explain SELECT k, c FROM sbtest%d WHERE k BETWEEN 6496944 AND 6497044
explain: for range-notcovered :: explain SELECT k, c FROM sbtest%d WHERE k BETWEEN 5421055 AND 5421155
explain: for range-notcovered :: explain SELECT k, c FROM sbtest%d WHERE k BETWEEN 3475180 AND 3475280
explain: for range-notcovered :: explain SELECT k, c FROM sbtest%d WHERE k BETWEEN 4937242 AND 4937342
explain: for range-notcovered :: explain SELECT k, c FROM sbtest%d WHERE k BETWEEN 4007277 AND 4007377
for range-notcovered
table 1 : explain SELECT k, c FROM sbtest1 WHERE k BETWEEN 5647166 AND 5647266
	Bitmap Heap Scan on sbtest1  (cost=5.47..405.37 rows=101 width=125)
	  Recheck Cond: ((k >= 5647166) AND (k <= 5647266))
	  ->  Bitmap Index Scan on k_1  (cost=0.00..5.44 rows=101 width=0)
	        Index Cond: ((k >= 5647166) AND (k <= 5647266))

table 2 : explain SELECT k, c FROM sbtest2 WHERE k BETWEEN 5647166 AND 5647266
	Bitmap Heap Scan on sbtest2  (cost=5.38..369.88 rows=92 width=125)
	  Recheck Cond: ((k >= 5647166) AND (k <= 5647266))
	  ->  Bitmap Index Scan on k_2  (cost=0.00..5.35 rows=92 width=0)
	        Index Cond: ((k >= 5647166) AND (k <= 5647266))

table 3 : explain SELECT k, c FROM sbtest3 WHERE k BETWEEN 5647166 AND 5647266
	Bitmap Heap Scan on sbtest3  (cost=5.43..389.61 rows=97 width=125)
	  Recheck Cond: ((k >= 5647166) AND (k <= 5647266))
	  ->  Bitmap Index Scan on k_3  (cost=0.00..5.40 rows=97 width=0)
	        Index Cond: ((k >= 5647166) AND (k <= 5647266))

table 4 : explain SELECT k, c FROM sbtest4 WHERE k BETWEEN 5647166 AND 5647266
	Bitmap Heap Scan on sbtest4  (cost=5.50..417.22 rows=104 width=125)
	  Recheck Cond: ((k >= 5647166) AND (k <= 5647266))
	  ->  Bitmap Index Scan on k_4  (cost=0.00..5.47 rows=104 width=0)
	        Index Cond: ((k >= 5647166) AND (k <= 5647266))

table 5 : explain SELECT k, c FROM sbtest5 WHERE k BETWEEN 5647166 AND 5647266
	Bitmap Heap Scan on sbtest5  (cost=5.51..421.16 rows=105 width=125)
	  Recheck Cond: ((k >= 5647166) AND (k <= 5647266))
	  ->  Bitmap Index Scan on k_5  (cost=0.00..5.48 rows=105 width=0)
	        Index Cond: ((k >= 5647166) AND (k <= 5647266))

table 6 : explain SELECT k, c FROM sbtest6 WHERE k BETWEEN 5647166 AND 5647266
	Bitmap Heap Scan on sbtest6  (cost=5.52..425.14 rows=106 width=125)
	  Recheck Cond: ((k >= 5647166) AND (k <= 5647266))
	  ->  Bitmap Index Scan on k_6  (cost=0.00..5.50 rows=106 width=0)
	        Index Cond: ((k >= 5647166) AND (k <= 5647266))

table 7 : explain SELECT k, c FROM sbtest7 WHERE k BETWEEN 5647166 AND 5647266
	Bitmap Heap Scan on sbtest7  (cost=5.46..401.48 rows=100 width=125)
	  Recheck Cond: ((k >= 5647166) AND (k <= 5647266))
	  ->  Bitmap Index Scan on k_7  (cost=0.00..5.43 rows=100 width=0)
	        Index Cond: ((k >= 5647166) AND (k <= 5647266))

table 8 : explain SELECT k, c FROM sbtest8 WHERE k BETWEEN 5647166 AND 5647266
	Bitmap Heap Scan on sbtest8  (cost=5.49..413.34 rows=103 width=125)
	  Recheck Cond: ((k >= 5647166) AND (k <= 5647266))
	  ->  Bitmap Index Scan on k_8  (cost=0.00..5.46 rows=103 width=0)
	        Index Cond: ((k >= 5647166) AND (k <= 5647266))

for range-notcovered
table 1 : explain SELECT k, c FROM sbtest1 WHERE k BETWEEN 7531472 AND 7531572
	Bitmap Heap Scan on sbtest1  (cost=5.55..436.89 rows=109 width=125)
	  Recheck Cond: ((k >= 7531472) AND (k <= 7531572))
	  ->  Bitmap Index Scan on k_1  (cost=0.00..5.52 rows=109 width=0)
	        Index Cond: ((k >= 7531472) AND (k <= 7531572))

table 2 : explain SELECT k, c FROM sbtest2 WHERE k BETWEEN 7531472 AND 7531572
	Bitmap Heap Scan on sbtest2  (cost=5.45..397.49 rows=99 width=125)
	  Recheck Cond: ((k >= 7531472) AND (k <= 7531572))
	  ->  Bitmap Index Scan on k_2  (cost=0.00..5.42 rows=99 width=0)
	        Index Cond: ((k >= 7531472) AND (k <= 7531572))

table 3 : explain SELECT k, c FROM sbtest3 WHERE k BETWEEN 7531472 AND 7531572
	Bitmap Heap Scan on sbtest3  (cost=5.43..389.61 rows=97 width=125)
	  Recheck Cond: ((k >= 7531472) AND (k <= 7531572))
	  ->  Bitmap Index Scan on k_3  (cost=0.00..5.40 rows=97 width=0)
	        Index Cond: ((k >= 7531472) AND (k <= 7531572))

table 4 : explain SELECT k, c FROM sbtest4 WHERE k BETWEEN 7531472 AND 7531572
	Bitmap Heap Scan on sbtest4  (cost=5.46..401.45 rows=100 width=125)
	  Recheck Cond: ((k >= 7531472) AND (k <= 7531572))
	  ->  Bitmap Index Scan on k_4  (cost=0.00..5.43 rows=100 width=0)
	        Index Cond: ((k >= 7531472) AND (k <= 7531572))

table 5 : explain SELECT k, c FROM sbtest5 WHERE k BETWEEN 7531472 AND 7531572
	Bitmap Heap Scan on sbtest5  (cost=5.52..425.10 rows=106 width=125)
	  Recheck Cond: ((k >= 7531472) AND (k <= 7531572))
	  ->  Bitmap Index Scan on k_5  (cost=0.00..5.50 rows=106 width=0)
	        Index Cond: ((k >= 7531472) AND (k <= 7531572))

table 6 : explain SELECT k, c FROM sbtest6 WHERE k BETWEEN 7531472 AND 7531572
	Bitmap Heap Scan on sbtest6  (cost=5.48..409.37 rows=102 width=125)
	  Recheck Cond: ((k >= 7531472) AND (k <= 7531572))
	  ->  Bitmap Index Scan on k_6  (cost=0.00..5.45 rows=102 width=0)
	        Index Cond: ((k >= 7531472) AND (k <= 7531572))

table 7 : explain SELECT k, c FROM sbtest7 WHERE k BETWEEN 7531472 AND 7531572
	Bitmap Heap Scan on sbtest7  (cost=5.54..433.01 rows=108 width=125)
	  Recheck Cond: ((k >= 7531472) AND (k <= 7531572))
	  ->  Bitmap Index Scan on k_7  (cost=0.00..5.51 rows=108 width=0)
	        Index Cond: ((k >= 7531472) AND (k <= 7531572))

table 8 : explain SELECT k, c FROM sbtest8 WHERE k BETWEEN 7531472 AND 7531572
	Bitmap Heap Scan on sbtest8  (cost=5.62..464.56 rows=116 width=125)
	  Recheck Cond: ((k >= 7531472) AND (k <= 7531572))
	  ->  Bitmap Index Scan on k_8  (cost=0.00..5.59 rows=116 width=0)
	        Index Cond: ((k >= 7531472) AND (k <= 7531572))

explain: for range-notcovered :: explain SELECT k, c FROM sbtest%d WHERE k BETWEEN 1077461 AND 1077561
explain: for range-notcovered :: explain SELECT k, c FROM sbtest%d WHERE k BETWEEN 5330440 AND 5330540
for range-notcovered
table 1 : explain SELECT k, c FROM sbtest1 WHERE k BETWEEN 6751162 AND 6751262
	Bitmap Heap Scan on sbtest1  (cost=5.47..405.37 rows=101 width=125)
	  Recheck Cond: ((k >= 6751162) AND (k <= 6751262))
	  ->  Bitmap Index Scan on k_1  (cost=0.00..5.44 rows=101 width=0)
	        Index Cond: ((k >= 6751162) AND (k <= 6751262))

table 2 : explain SELECT k, c FROM sbtest2 WHERE k BETWEEN 6751162 AND 6751262
	Bitmap Heap Scan on sbtest2  (cost=5.44..393.55 rows=98 width=125)
	  Recheck Cond: ((k >= 6751162) AND (k <= 6751262))
	  ->  Bitmap Index Scan on k_2  (cost=0.00..5.42 rows=98 width=0)
	        Index Cond: ((k >= 6751162) AND (k <= 6751262))

table 3 : explain SELECT k, c FROM sbtest3 WHERE k BETWEEN 6751162 AND 6751262
	Bitmap Heap Scan on sbtest3  (cost=5.46..401.44 rows=100 width=125)
	  Recheck Cond: ((k >= 6751162) AND (k <= 6751262))
	  ->  Bitmap Index Scan on k_3  (cost=0.00..5.43 rows=100 width=0)
	        Index Cond: ((k >= 6751162) AND (k <= 6751262))

table 4 : explain SELECT k, c FROM sbtest4 WHERE k BETWEEN 6751162 AND 6751262
	Bitmap Heap Scan on sbtest4  (cost=5.48..409.34 rows=102 width=125)
	  Recheck Cond: ((k >= 6751162) AND (k <= 6751262))
	  ->  Bitmap Index Scan on k_4  (cost=0.00..5.45 rows=102 width=0)
	        Index Cond: ((k >= 6751162) AND (k <= 6751262))

table 5 : explain SELECT k, c FROM sbtest5 WHERE k BETWEEN 6751162 AND 6751262
	Bitmap Heap Scan on sbtest5  (cost=5.51..421.16 rows=105 width=125)
	  Recheck Cond: ((k >= 6751162) AND (k <= 6751262))
	  ->  Bitmap Index Scan on k_5  (cost=0.00..5.48 rows=105 width=0)
	        Index Cond: ((k >= 6751162) AND (k <= 6751262))

table 6 : explain SELECT k, c FROM sbtest6 WHERE k BETWEEN 6751162 AND 6751262
	Bitmap Heap Scan on sbtest6  (cost=5.42..385.71 rows=96 width=125)
	  Recheck Cond: ((k >= 6751162) AND (k <= 6751262))
	  ->  Bitmap Index Scan on k_6  (cost=0.00..5.39 rows=96 width=0)
	        Index Cond: ((k >= 6751162) AND (k <= 6751262))

table 7 : explain SELECT k, c FROM sbtest7 WHERE k BETWEEN 6751162 AND 6751262
	Bitmap Heap Scan on sbtest7  (cost=5.69..488.12 rows=122 width=125)
	  Recheck Cond: ((k >= 6751162) AND (k <= 6751262))
	  ->  Bitmap Index Scan on k_7  (cost=0.00..5.65 rows=122 width=0)
	        Index Cond: ((k >= 6751162) AND (k <= 6751262))

table 8 : explain SELECT k, c FROM sbtest8 WHERE k BETWEEN 6751162 AND 6751262
	Bitmap Heap Scan on sbtest8  (cost=5.42..385.73 rows=96 width=125)
	  Recheck Cond: ((k >= 6751162) AND (k <= 6751262))
	  ->  Bitmap Index Scan on k_8  (cost=0.00..5.39 rows=96 width=0)
	        Index Cond: ((k >= 6751162) AND (k <= 6751262))

explain: for range-notcovered :: explain SELECT k, c FROM sbtest%d WHERE k BETWEEN 4976738 AND 4976838
for range-notcovered
table 1 : explain SELECT k, c FROM sbtest1 WHERE k BETWEEN 6043282 AND 6043382
	Bitmap Heap Scan on sbtest1  (cost=5.40..377.77 rows=94 width=125)
	  Recheck Cond: ((k >= 6043282) AND (k <= 6043382))
	  ->  Bitmap Index Scan on k_1  (cost=0.00..5.38 rows=94 width=0)
	        Index Cond: ((k >= 6043282) AND (k <= 6043382))

table 2 : explain SELECT k, c FROM sbtest2 WHERE k BETWEEN 6043282 AND 6043382
	Bitmap Heap Scan on sbtest2  (cost=5.45..397.49 rows=99 width=125)
	  Recheck Cond: ((k >= 6043282) AND (k <= 6043382))
	  ->  Bitmap Index Scan on k_2  (cost=0.00..5.42 rows=99 width=0)
	        Index Cond: ((k >= 6043282) AND (k <= 6043382))

table 3 : explain SELECT k, c FROM sbtest3 WHERE k BETWEEN 6043282 AND 6043382
	Bitmap Heap Scan on sbtest3  (cost=5.50..417.21 rows=104 width=125)
	  Recheck Cond: ((k >= 6043282) AND (k <= 6043382))
	  ->  Bitmap Index Scan on k_3  (cost=0.00..5.47 rows=104 width=0)
	        Index Cond: ((k >= 6043282) AND (k <= 6043382))

table 4 : explain SELECT k, c FROM sbtest4 WHERE k BETWEEN 6043282 AND 6043382
	Bitmap Heap Scan on sbtest4  (cost=5.44..393.57 rows=98 width=125)
	  Recheck Cond: ((k >= 6043282) AND (k <= 6043382))
	  ->  Bitmap Index Scan on k_4  (cost=0.00..5.42 rows=98 width=0)
	        Index Cond: ((k >= 6043282) AND (k <= 6043382))

table 5 : explain SELECT k, c FROM sbtest5 WHERE k BETWEEN 6043282 AND 6043382
	Bitmap Heap Scan on sbtest5  (cost=5.40..377.79 rows=94 width=125)
	  Recheck Cond: ((k >= 6043282) AND (k <= 6043382))
	  ->  Bitmap Index Scan on k_5  (cost=0.00..5.38 rows=94 width=0)
	        Index Cond: ((k >= 6043282) AND (k <= 6043382))

table 6 : explain SELECT k, c FROM sbtest6 WHERE k BETWEEN 6043282 AND 6043382
	Bitmap Heap Scan on sbtest6  (cost=5.40..377.82 rows=94 width=125)
	  Recheck Cond: ((k >= 6043282) AND (k <= 6043382))
	  ->  Bitmap Index Scan on k_6  (cost=0.00..5.38 rows=94 width=0)
	        Index Cond: ((k >= 6043282) AND (k <= 6043382))

table 7 : explain SELECT k, c FROM sbtest7 WHERE k BETWEEN 6043282 AND 6043382
	Bitmap Heap Scan on sbtest7  (cost=5.45..397.53 rows=99 width=125)
	  Recheck Cond: ((k >= 6043282) AND (k <= 6043382))
	  ->  Bitmap Index Scan on k_7  (cost=0.00..5.42 rows=99 width=0)
	        Index Cond: ((k >= 6043282) AND (k <= 6043382))

table 8 : explain SELECT k, c FROM sbtest8 WHERE k BETWEEN 6043282 AND 6043382
	Bitmap Heap Scan on sbtest8  (cost=5.49..413.34 rows=103 width=125)
	  Recheck Cond: ((k >= 6043282) AND (k <= 6043382))
	  ->  Bitmap Index Scan on k_8  (cost=0.00..5.46 rows=103 width=0)
	        Index Cond: ((k >= 6043282) AND (k <= 6043382))
explain: for range-notcovered :: explain SELECT k, c FROM sbtest%d WHERE k BETWEEN 5647166 AND 5647266for range-notcovered
table 1 : explain SELECT k, c FROM sbtest1 WHERE k BETWEEN 974328 AND 974428
	Bitmap Heap Scan on sbtest1  (cost=5.40..377.77 rows=94 width=125)
	  Recheck Cond: ((k >= 974328) AND (k <= 974428))
	  ->  Bitmap Index Scan on k_1  (cost=0.00..5.38 rows=94 width=0)
	        Index Cond: ((k >= 974328) AND (k <= 974428))

table 2 : explain SELECT k, c FROM sbtest2 WHERE k BETWEEN 974328 AND 974428
	Bitmap Heap Scan on sbtest2  (cost=5.53..429.02 rows=107 width=125)
	  Recheck Cond: ((k >= 974328) AND (k <= 974428))
	  ->  Bitmap Index Scan on k_2  (cost=0.00..5.50 rows=107 width=0)
	        Index Cond: ((k >= 974328) AND (k <= 974428))

table 3 : explain SELECT k, c FROM sbtest3 WHERE k BETWEEN 974328 AND 974428
	Bitmap Heap Scan on sbtest3  (cost=5.42..385.67 rows=96 width=125)
	  Recheck Cond: ((k >= 974328) AND (k <= 974428))
	  ->  Bitmap Index Scan on k_3  (cost=0.00..5.39 rows=96 width=0)
	        Index Cond: ((k >= 974328) AND (k <= 974428))

table 4 : explain SELECT k, c FROM sbtest4 WHERE k BETWEEN 974328 AND 974428
	Bitmap Heap Scan on sbtest4  (cost=5.54..432.98 rows=108 width=125)
	  Recheck Cond: ((k >= 974328) AND (k <= 974428))
	  ->  Bitmap Index Scan on k_4  (cost=0.00..5.51 rows=108 width=0)
	        Index Cond: ((k >= 974328) AND (k <= 974428))

table 5 : explain SELECT k, c FROM sbtest5 WHERE k BETWEEN 974328 AND 974428
	Bitmap Heap Scan on sbtest5  (cost=5.40..377.79 rows=94 width=125)
	  Recheck Cond: ((k >= 974328) AND (k <= 974428))
	  ->  Bitmap Index Scan on k_5  (cost=0.00..5.38 rows=94 width=0)
	        Index Cond: ((k >= 974328) AND (k <= 974428))

table 6 : explain SELECT k, c FROM sbtest6 WHERE k BETWEEN 974328 AND 974428
	Bitmap Heap Scan on sbtest6  (cost=5.41..381.77 rows=95 width=125)
	  Recheck Cond: ((k >= 974328) AND (k <= 974428))
	  ->  Bitmap Index Scan on k_6  (cost=0.00..5.38 rows=95 width=0)
	        Index Cond: ((k >= 974328) AND (k <= 974428))

table 7 : explain SELECT k, c FROM sbtest7 WHERE k BETWEEN 974328 AND 974428
	Bitmap Heap Scan on sbtest7  (cost=5.52..425.13 rows=106 width=125)
	  Recheck Cond: ((k >= 974328) AND (k <= 974428))
	  ->  Bitmap Index Scan on k_7  (cost=0.00..5.50 rows=106 width=0)
	        Index Cond: ((k >= 974328) AND (k <= 974428))

table 8 : explain SELECT k, c FROM sbtest8 WHERE k BETWEEN 974328 AND 974428
	Bitmap Heap Scan on sbtest8  (cost=5.48..409.40 rows=102 width=125)
	  Recheck Cond: ((k >= 974328) AND (k <= 974428))
	  ->  Bitmap Index Scan on k_8  (cost=0.00..5.45 rows=102 width=0)
	        Index Cond: ((k >= 974328) AND (k <= 974428))

explain: for range-notcovered :: explain SELECT k, c FROM sbtest%d WHERE k BETWEEN 3662722 AND 3662822explain: for range-notcovered :: explain SELECT k, c FROM sbtest%d WHERE k BETWEEN 6751162 AND 6751262explain: for range-notcovered :: explain SELECT k, c FROM sbtest%d WHERE k BETWEEN 8329928 AND 8330028for range-notcovered
table 1 : explain SELECT k, c FROM sbtest1 WHERE k BETWEEN 2095794 AND 2095894
	Bitmap Heap Scan on sbtest1  (cost=5.62..464.45 rows=116 width=125)
	  Recheck Cond: ((k >= 2095794) AND (k <= 2095894))
	  ->  Bitmap Index Scan on k_1  (cost=0.00..5.59 rows=116 width=0)
	        Index Cond: ((k >= 2095794) AND (k <= 2095894))

table 2 : explain SELECT k, c FROM sbtest2 WHERE k BETWEEN 2095794 AND 2095894
	Bitmap Heap Scan on sbtest2  (cost=5.54..432.96 rows=108 width=125)
	  Recheck Cond: ((k >= 2095794) AND (k <= 2095894))
	  ->  Bitmap Index Scan on k_2  (cost=0.00..5.51 rows=108 width=0)
	        Index Cond: ((k >= 2095794) AND (k <= 2095894))

table 3 : explain SELECT k, c FROM sbtest3 WHERE k BETWEEN 2095794 AND 2095894
	Bitmap Heap Scan on sbtest3  (cost=5.44..393.56 rows=98 width=125)
	  Recheck Cond: ((k >= 2095794) AND (k <= 2095894))
	  ->  Bitmap Index Scan on k_3  (cost=0.00..5.42 rows=98 width=0)
	        Index Cond: ((k >= 2095794) AND (k <= 2095894))

table 4 : explain SELECT k, c FROM sbtest4 WHERE k BETWEEN 2095794 AND 2095894
	Bitmap Heap Scan on sbtest4  (cost=5.55..436.92 rows=109 width=125)
	  Recheck Cond: ((k >= 2095794) AND (k <= 2095894))
	  ->  Bitmap Index Scan on k_4  (cost=0.00..5.52 rows=109 width=0)
	        Index Cond: ((k >= 2095794) AND (k <= 2095894))

table 5 : explain SELECT k, c FROM sbtest5 WHERE k BETWEEN 2095794 AND 2095894
	Bitmap Heap Scan on sbtest5  (cost=5.44..393.57 rows=98 width=125)
	  Recheck Cond: ((k >= 2095794) AND (k <= 2095894))
	  ->  Bitmap Index Scan on k_5  (cost=0.00..5.42 rows=98 width=0)
	        Index Cond: ((k >= 2095794) AND (k <= 2095894))

table 6 : explain SELECT k, c FROM sbtest6 WHERE k BETWEEN 2095794 AND 2095894
	Bitmap Heap Scan on sbtest6  (cost=5.42..385.71 rows=96 width=125)
	  Recheck Cond: ((k >= 2095794) AND (k <= 2095894))
	  ->  Bitmap Index Scan on k_6  (cost=0.00..5.39 rows=96 width=0)
	        Index Cond: ((k >= 2095794) AND (k <= 2095894))

table 7 : explain SELECT k, c FROM sbtest7 WHERE k BETWEEN 2095794 AND 2095894
	Bitmap Heap Scan on sbtest7  (cost=5.49..413.30 rows=103 width=125)
	  Recheck Cond: ((k >= 2095794) AND (k <= 2095894))
	  ->  Bitmap Index Scan on k_7  (cost=0.00..5.46 rows=103 width=0)
	        Index Cond: ((k >= 2095794) AND (k <= 2095894))

table 8 : explain SELECT k, c FROM sbtest8 WHERE k BETWEEN 2095794 AND 2095894
	Bitmap Heap Scan on sbtest8  (cost=5.44..393.62 rows=98 width=125)
	  Recheck Cond: ((k >= 2095794) AND (k <= 2095894))
	  ->  Bitmap Index Scan on k_8  (cost=0.00..5.42 rows=98 width=0)
	        Index Cond: ((k >= 2095794) AND (k <= 2095894))
for range-notcovered
table 1 : explain SELECT k, c FROM sbtest1 WHERE k BETWEEN 6049307 AND 6049407
	Bitmap Heap Scan on sbtest1  (cost=5.40..377.77 rows=94 width=125)
	  Recheck Cond: ((k >= 6049307) AND (k <= 6049407))
	  ->  Bitmap Index Scan on k_1  (cost=0.00..5.38 rows=94 width=0)
	        Index Cond: ((k >= 6049307) AND (k <= 6049407))

table 2 : explain SELECT k, c FROM sbtest2 WHERE k BETWEEN 6049307 AND 6049407
	Bitmap Heap Scan on sbtest2  (cost=5.45..397.49 rows=99 width=125)
	  Recheck Cond: ((k >= 6049307) AND (k <= 6049407))
	  ->  Bitmap Index Scan on k_2  (cost=0.00..5.42 rows=99 width=0)
	        Index Cond: ((k >= 6049307) AND (k <= 6049407))

table 3 : explain SELECT k, c FROM sbtest3 WHERE k BETWEEN 6049307 AND 6049407
	Bitmap Heap Scan on sbtest3  (cost=5.50..417.21 rows=104 width=125)
	  Recheck Cond: ((k >= 6049307) AND (k <= 6049407))
	  ->  Bitmap Index Scan on k_3  (cost=0.00..5.47 rows=104 width=0)
	        Index Cond: ((k >= 6049307) AND (k <= 6049407))

table 4 : explain SELECT k, c FROM sbtest4 WHERE k BETWEEN 6049307 AND 6049407
	Bitmap Heap Scan on sbtest4  (cost=5.44..393.57 rows=98 width=125)
	  Recheck Cond: ((k >= 6049307) AND (k <= 6049407))
	  ->  Bitmap Index Scan on k_4  (cost=0.00..5.42 rows=98 width=0)
	        Index Cond: ((k >= 6049307) AND (k <= 6049407))

table 5 : explain SELECT k, c FROM sbtest5 WHERE k BETWEEN 6049307 AND 6049407
	Bitmap Heap Scan on sbtest5  (cost=5.40..377.79 rows=94 width=125)
	  Recheck Cond: ((k >= 6049307) AND (k <= 6049407))
	  ->  Bitmap Index Scan on k_5  (cost=0.00..5.38 rows=94 width=0)
	        Index Cond: ((k >= 6049307) AND (k <= 6049407))

table 6 : explain SELECT k, c FROM sbtest6 WHERE k BETWEEN 6049307 AND 6049407
	Bitmap Heap Scan on sbtest6  (cost=5.40..377.82 rows=94 width=125)
	  Recheck Cond: ((k >= 6049307) AND (k <= 6049407))
	  ->  Bitmap Index Scan on k_6  (cost=0.00..5.38 rows=94 width=0)
	        Index Cond: ((k >= 6049307) AND (k <= 6049407))

table 7 : explain SELECT k, c FROM sbtest7 WHERE k BETWEEN 6049307 AND 6049407
	Bitmap Heap Scan on sbtest7  (cost=5.45..397.53 rows=99 width=125)
	  Recheck Cond: ((k >= 6049307) AND (k <= 6049407))
	  ->  Bitmap Index Scan on k_7  (cost=0.00..5.42 rows=99 width=0)
	        Index Cond: ((k >= 6049307) AND (k <= 6049407))

table 8 : explain SELECT k, c FROM sbtest8 WHERE k BETWEEN 6049307 AND 6049407
	Bitmap Heap Scan on sbtest8  (cost=5.49..413.34 rows=103 width=125)
	  Recheck Cond: ((k >= 6049307) AND (k <= 6049407))
	  ->  Bitmap Index Scan on k_8  (cost=0.00..5.46 rows=103 width=0)
	        Index Cond: ((k >= 6049307) AND (k <= 6049407))

explain: for range-notcovered :: explain SELECT k, c FROM sbtest%d WHERE k BETWEEN 974328 AND 974428

for range-notcovered
table 1 : explain SELECT k, c FROM sbtest1 WHERE k BETWEEN 2729283 AND 2729383
	Bitmap Heap Scan on sbtest1  (cost=5.48..409.31 rows=102 width=125)
	  Recheck Cond: ((k >= 2729283) AND (k <= 2729383))
	  ->  Bitmap Index Scan on k_1  (cost=0.00..5.45 rows=102 width=0)
	        Index Cond: ((k >= 2729283) AND (k <= 2729383))

table 2 : explain SELECT k, c FROM sbtest2 WHERE k BETWEEN 2729283 AND 2729383
	Bitmap Heap Scan on sbtest2  (cost=5.35..358.04 rows=89 width=125)
	  Recheck Cond: ((k >= 2729283) AND (k <= 2729383))
	  ->  Bitmap Index Scan on k_2  (cost=0.00..5.32 rows=89 width=0)
	        Index Cond: ((k >= 2729283) AND (k <= 2729383))

table 3 : explain SELECT k, c FROM sbtest3 WHERE k BETWEEN 2729283 AND 2729383
	Bitmap Heap Scan on sbtest3  (cost=5.46..401.44 rows=100 width=125)
	  Recheck Cond: ((k >= 2729283) AND (k <= 2729383))
	  ->  Bitmap Index Scan on k_3  (cost=0.00..5.43 rows=100 width=0)
	        Index Cond: ((k >= 2729283) AND (k <= 2729383))

table 4 : explain SELECT k, c FROM sbtest4 WHERE k BETWEEN 2729283 AND 2729383
	Bitmap Heap Scan on sbtest4  (cost=5.51..421.16 rows=105 width=125)
	  Recheck Cond: ((k >= 2729283) AND (k <= 2729383))
	  ->  Bitmap Index Scan on k_4  (cost=0.00..5.48 rows=105 width=0)
	        Index Cond: ((k >= 2729283) AND (k <= 2729383))

table 5 : explain SELECT k, c FROM sbtest5 WHERE k BETWEEN 2729283 AND 2729383
	Bitmap Heap Scan on sbtest5  (cost=5.57..444.80 rows=111 width=125)
	  Recheck Cond: ((k >= 2729283) AND (k <= 2729383))
	  ->  Bitmap Index Scan on k_5  (cost=0.00..5.54 rows=111 width=0)
	        Index Cond: ((k >= 2729283) AND (k <= 2729383))

table 6 : explain SELECT k, c FROM sbtest6 WHERE k BETWEEN 2729283 AND 2729383
	Bitmap Heap Scan on sbtest6  (cost=5.49..413.32 rows=103 width=125)
	  Recheck Cond: ((k >= 2729283) AND (k <= 2729383))
	  ->  Bitmap Index Scan on k_6  (cost=0.00..5.46 rows=103 width=0)
	        Index Cond: ((k >= 2729283) AND (k <= 2729383))

table 7 : explain SELECT k, c FROM sbtest7 WHERE k BETWEEN 2729283 AND 2729383
	Bitmap Heap Scan on sbtest7  (cost=5.60..456.64 rows=114 width=125)
	  Recheck Cond: ((k >= 2729283) AND (k <= 2729383))
	  ->  Bitmap Index Scan on k_7  (cost=0.00..5.58 rows=114 width=0)
	        Index Cond: ((k >= 2729283) AND (k <= 2729383))

table 8 : explain SELECT k, c FROM sbtest8 WHERE k BETWEEN 2729283 AND 2729383
	Bitmap Heap Scan on sbtest8  (cost=5.55..436.99 rows=109 width=125)
	  Recheck Cond: ((k >= 2729283) AND (k <= 2729383))
	  ->  Bitmap Index Scan on k_8  (cost=0.00..5.52 rows=109 width=0)
	        Index Cond: ((k >= 2729283) AND (k <= 2729383))


explain: for range-notcovered :: explain SELECT k, c FROM sbtest%d WHERE k BETWEEN 7531472 AND 7531572explain: for range-notcovered :: explain SELECT k, c FROM sbtest%d WHERE k BETWEEN 6049307 AND 6049407explain: for range-notcovered :: explain SELECT k, c FROM sbtest%d WHERE k BETWEEN 4957913 AND 4958013

explain: for range-notcovered :: explain SELECT k, c FROM sbtest%d WHERE k BETWEEN 4047833 AND 4047933
for range-notcovered
table 1 : explain SELECT k, c FROM sbtest1 WHERE k BETWEEN 7296580 AND 7296680
	Bitmap Heap Scan on sbtest1  (cost=5.52..425.07 rows=106 width=125)
	  Recheck Cond: ((k >= 7296580) AND (k <= 7296680))
	  ->  Bitmap Index Scan on k_1  (cost=0.00..5.50 rows=106 width=0)
	        Index Cond: ((k >= 7296580) AND (k <= 7296680))

table 2 : explain SELECT k, c FROM sbtest2 WHERE k BETWEEN 7296580 AND 7296680
	Bitmap Heap Scan on sbtest2  (cost=5.53..429.02 rows=107 width=125)
	  Recheck Cond: ((k >= 7296580) AND (k <= 7296680))
	  ->  Bitmap Index Scan on k_2  (cost=0.00..5.50 rows=107 width=0)
	        Index Cond: ((k >= 7296580) AND (k <= 7296680))

table 3 : explain SELECT k, c FROM sbtest3 WHERE k BETWEEN 7296580 AND 7296680
	Bitmap Heap Scan on sbtest3  (cost=5.54..432.97 rows=108 width=125)
	  Recheck Cond: ((k >= 7296580) AND (k <= 7296680))
	  ->  Bitmap Index Scan on k_3  (cost=0.00..5.51 rows=108 width=0)
	        Index Cond: ((k >= 7296580) AND (k <= 7296680))

table 4 : explain SELECT k, c FROM sbtest4 WHERE k BETWEEN 7296580 AND 7296680
	Bitmap Heap Scan on sbtest4  (cost=5.38..369.90 rows=92 width=125)
	  Recheck Cond: ((k >= 7296580) AND (k <= 7296680))
	  ->  Bitmap Index Scan on k_4  (cost=0.00..5.35 rows=92 width=0)
	        Index Cond: ((k >= 7296580) AND (k <= 7296680))

table 5 : explain SELECT k, c FROM sbtest5 WHERE k BETWEEN 7296580 AND 7296680
	Bitmap Heap Scan on sbtest5  (cost=5.44..393.57 rows=98 width=125)
	  Recheck Cond: ((k >= 7296580) AND (k <= 7296680))
	  ->  Bitmap Index Scan on k_5  (cost=0.00..5.42 rows=98 width=0)
	        Index Cond: ((k >= 7296580) AND (k <= 7296680))

table 6 : explain SELECT k, c FROM sbtest6 WHERE k BETWEEN 7296580 AND 7296680
	Bitmap Heap Scan on sbtest6  (cost=5.53..429.08 rows=107 width=125)
	  Recheck Cond: ((k >= 7296580) AND (k <= 7296680))
	  ->  Bitmap Index Scan on k_6  (cost=0.00..5.50 rows=107 width=0)
	        Index Cond: ((k >= 7296580) AND (k <= 7296680))

table 7 : explain SELECT k, c FROM sbtest7 WHERE k BETWEEN 7296580 AND 7296680
	Bitmap Heap Scan on sbtest7  (cost=5.57..444.82 rows=111 width=125)
	  Recheck Cond: ((k >= 7296580) AND (k <= 7296680))
	  ->  Bitmap Index Scan on k_7  (cost=0.00..5.54 rows=111 width=0)
	        Index Cond: ((k >= 7296580) AND (k <= 7296680))

table 8 : explain SELECT k, c FROM sbtest8 WHERE k BETWEEN 7296580 AND 7296680
	Bitmap Heap Scan on sbtest8  (cost=5.50..417.28 rows=104 width=125)
	  Recheck Cond: ((k >= 7296580) AND (k <= 7296680))
	  ->  Bitmap Index Scan on k_8  (cost=0.00..5.47 rows=104 width=0)
	        Index Cond: ((k >= 7296580) AND (k <= 7296680))

explain: for range-notcovered :: explain SELECT k, c FROM sbtest%d WHERE k BETWEEN 2640584 AND 2640684

explain: for range-notcovered :: explain SELECT k, c FROM sbtest%d WHERE k BETWEEN 2729283 AND 2729383
explain: for range-notcovered :: explain SELECT k, c FROM sbtest%d WHERE k BETWEEN 6043282 AND 6043382
for range-notcovered
table 1 : explain SELECT k, c FROM sbtest1 WHERE k BETWEEN 6548505 AND 6548605
	Bitmap Heap Scan on sbtest1  (cost=5.41..381.71 rows=95 width=125)
	  Recheck Cond: ((k >= 6548505) AND (k <= 6548605))
	  ->  Bitmap Index Scan on k_1  (cost=0.00..5.38 rows=95 width=0)
	        Index Cond: ((k >= 6548505) AND (k <= 6548605))

table 2 : explain SELECT k, c FROM sbtest2 WHERE k BETWEEN 6548505 AND 6548605
	Bitmap Heap Scan on sbtest2  (cost=5.49..413.26 rows=103 width=125)
	  Recheck Cond: ((k >= 6548505) AND (k <= 6548605))
	  ->  Bitmap Index Scan on k_2  (cost=0.00..5.46 rows=103 width=0)
	        Index Cond: ((k >= 6548505) AND (k <= 6548605))

table 3 : explain SELECT k, c FROM sbtest3 WHERE k BETWEEN 6548505 AND 6548605
	Bitmap Heap Scan on sbtest3  (cost=5.52..425.09 rows=106 width=125)
	  Recheck Cond: ((k >= 6548505) AND (k <= 6548605))
	  ->  Bitmap Index Scan on k_3  (cost=0.00..5.50 rows=106 width=0)
	        Index Cond: ((k >= 6548505) AND (k <= 6548605))

table 4 : explain SELECT k, c FROM sbtest4 WHERE k BETWEEN 6548505 AND 6548605
	Bitmap Heap Scan on sbtest4  (cost=5.40..377.79 rows=94 width=125)
	  Recheck Cond: ((k >= 6548505) AND (k <= 6548605))
	  ->  Bitmap Index Scan on k_4  (cost=0.00..5.38 rows=94 width=0)
	        Index Cond: ((k >= 6548505) AND (k <= 6548605))

table 5 : explain SELECT k, c FROM sbtest5 WHERE k BETWEEN 6548505 AND 6548605
	Bitmap Heap Scan on sbtest5  (cost=5.43..389.63 rows=97 width=125)
	  Recheck Cond: ((k >= 6548505) AND (k <= 6548605))
	  ->  Bitmap Index Scan on k_5  (cost=0.00..5.40 rows=97 width=0)
	        Index Cond: ((k >= 6548505) AND (k <= 6548605))

table 6 : explain SELECT k, c FROM sbtest6 WHERE k BETWEEN 6548505 AND 6548605
	Bitmap Heap Scan on sbtest6  (cost=5.40..377.82 rows=94 width=125)
	  Recheck Cond: ((k >= 6548505) AND (k <= 6548605))
	  ->  Bitmap Index Scan on k_6  (cost=0.00..5.38 rows=94 width=0)
	        Index Cond: ((k >= 6548505) AND (k <= 6548605))

table 7 : explain SELECT k, c FROM sbtest7 WHERE k BETWEEN 6548505 AND 6548605
	Bitmap Heap Scan on sbtest7  (cost=5.52..425.13 rows=106 width=125)
	  Recheck Cond: ((k >= 6548505) AND (k <= 6548605))
	  ->  Bitmap Index Scan on k_7  (cost=0.00..5.50 rows=106 width=0)
	        Index Cond: ((k >= 6548505) AND (k <= 6548605))

table 8 : explain SELECT k, c FROM sbtest8 WHERE k BETWEEN 6548505 AND 6548605
	Bitmap Heap Scan on sbtest8  (cost=5.44..393.62 rows=98 width=125)
	  Recheck Cond: ((k >= 6548505) AND (k <= 6548605))
	  ->  Bitmap Index Scan on k_8  (cost=0.00..5.42 rows=98 width=0)
	        Index Cond: ((k >= 6548505) AND (k <= 6548605))

for range-notcovered
table 1 : explain SELECT k, c FROM sbtest1 WHERE k BETWEEN 7480959 AND 7481059
	Bitmap Heap Scan on sbtest1  (cost=5.47..405.37 rows=101 width=125)
	  Recheck Cond: ((k >= 7480959) AND (k <= 7481059))
	  ->  Bitmap Index Scan on k_1  (cost=0.00..5.44 rows=101 width=0)
	        Index Cond: ((k >= 7480959) AND (k <= 7481059))

table 2 : explain SELECT k, c FROM sbtest2 WHERE k BETWEEN 7480959 AND 7481059
	Bitmap Heap Scan on sbtest2  (cost=5.48..409.32 rows=102 width=125)
	  Recheck Cond: ((k >= 7480959) AND (k <= 7481059))
	  ->  Bitmap Index Scan on k_2  (cost=0.00..5.45 rows=102 width=0)
	        Index Cond: ((k >= 7480959) AND (k <= 7481059))

table 3 : explain SELECT k, c FROM sbtest3 WHERE k BETWEEN 7480959 AND 7481059
	Bitmap Heap Scan on sbtest3  (cost=5.46..401.44 rows=100 width=125)
	  Recheck Cond: ((k >= 7480959) AND (k <= 7481059))
	  ->  Bitmap Index Scan on k_3  (cost=0.00..5.43 rows=100 width=0)
	        Index Cond: ((k >= 7480959) AND (k <= 7481059))

table 4 : explain SELECT k, c FROM sbtest4 WHERE k BETWEEN 7480959 AND 7481059
	Bitmap Heap Scan on sbtest4  (cost=5.51..421.16 rows=105 width=125)
	  Recheck Cond: ((k >= 7480959) AND (k <= 7481059))
	  ->  Bitmap Index Scan on k_4  (cost=0.00..5.48 rows=105 width=0)
	        Index Cond: ((k >= 7480959) AND (k <= 7481059))

table 5 : explain SELECT k, c FROM sbtest5 WHERE k BETWEEN 7480959 AND 7481059
	Bitmap Heap Scan on sbtest5  (cost=5.52..425.10 rows=106 width=125)
	  Recheck Cond: ((k >= 7480959) AND (k <= 7481059))
	  ->  Bitmap Index Scan on k_5  (cost=0.00..5.50 rows=106 width=0)
	        Index Cond: ((k >= 7480959) AND (k <= 7481059))

table 6 : explain SELECT k, c FROM sbtest6 WHERE k BETWEEN 7480959 AND 7481059
	Bitmap Heap Scan on sbtest6  (cost=5.59..452.72 rows=113 width=125)
	  Recheck Cond: ((k >= 7480959) AND (k <= 7481059))
	  ->  Bitmap Index Scan on k_6  (cost=0.00..5.56 rows=113 width=0)
	        Index Cond: ((k >= 7480959) AND (k <= 7481059))

table 7 : explain SELECT k, c FROM sbtest7 WHERE k BETWEEN 7480959 AND 7481059
	Bitmap Heap Scan on sbtest7  (cost=5.45..397.53 rows=99 width=125)
	  Recheck Cond: ((k >= 7480959) AND (k <= 7481059))
	  ->  Bitmap Index Scan on k_7  (cost=0.00..5.42 rows=99 width=0)
	        Index Cond: ((k >= 7480959) AND (k <= 7481059))

table 8 : explain SELECT k, c FROM sbtest8 WHERE k BETWEEN 7480959 AND 7481059
	Bitmap Heap Scan on sbtest8  (cost=5.50..417.28 rows=104 width=125)
	  Recheck Cond: ((k >= 7480959) AND (k <= 7481059))
	  ->  Bitmap Index Scan on k_8  (cost=0.00..5.47 rows=104 width=0)
	        Index Cond: ((k >= 7480959) AND (k <= 7481059))

for range-notcovered
table 1 : explain SELECT k, c FROM sbtest1 WHERE k BETWEEN 3332067 AND 3332167
	Bitmap Heap Scan on sbtest1  (cost=5.50..417.19 rows=104 width=125)
	  Recheck Cond: ((k >= 3332067) AND (k <= 3332167))
	  ->  Bitmap Index Scan on k_1  (cost=0.00..5.47 rows=104 width=0)
	        Index Cond: ((k >= 3332067) AND (k <= 3332167))

table 2 : explain SELECT k, c FROM sbtest2 WHERE k BETWEEN 3332067 AND 3332167
	Bitmap Heap Scan on sbtest2  (cost=5.45..397.49 rows=99 width=125)
	  Recheck Cond: ((k >= 3332067) AND (k <= 3332167))
	  ->  Bitmap Index Scan on k_2  (cost=0.00..5.42 rows=99 width=0)
	        Index Cond: ((k >= 3332067) AND (k <= 3332167))

table 3 : explain SELECT k, c FROM sbtest3 WHERE k BETWEEN 3332067 AND 3332167
	Bitmap Heap Scan on sbtest3  (cost=5.50..417.21 rows=104 width=125)
	  Recheck Cond: ((k >= 3332067) AND (k <= 3332167))
	  ->  Bitmap Index Scan on k_3  (cost=0.00..5.47 rows=104 width=0)
	        Index Cond: ((k >= 3332067) AND (k <= 3332167))

table 4 : explain SELECT k, c FROM sbtest4 WHERE k BETWEEN 3332067 AND 3332167
	Bitmap Heap Scan on sbtest4  (cost=5.52..425.10 rows=106 width=125)
	  Recheck Cond: ((k >= 3332067) AND (k <= 3332167))
	  ->  Bitmap Index Scan on k_4  (cost=0.00..5.50 rows=106 width=0)
	        Index Cond: ((k >= 3332067) AND (k <= 3332167))

table 5 : explain SELECT k, c FROM sbtest5 WHERE k BETWEEN 3332067 AND 3332167
	Bitmap Heap Scan on sbtest5  (cost=5.52..425.10 rows=106 width=125)
	  Recheck Cond: ((k >= 3332067) AND (k <= 3332167))
	  ->  Bitmap Index Scan on k_5  (cost=0.00..5.50 rows=106 width=0)
	        Index Cond: ((k >= 3332067) AND (k <= 3332167))

table 6 : explain SELECT k, c FROM sbtest6 WHERE k BETWEEN 3332067 AND 3332167
	Bitmap Heap Scan on sbtest6  (cost=5.47..405.43 rows=101 width=125)
	  Recheck Cond: ((k >= 3332067) AND (k <= 3332167))
	  ->  Bitmap Index Scan on k_6  (cost=0.00..5.44 rows=101 width=0)
	        Index Cond: ((k >= 3332067) AND (k <= 3332167))

table 7 : explain SELECT k, c FROM sbtest7 WHERE k BETWEEN 3332067 AND 3332167
	Bitmap Heap Scan on sbtest7  (cost=5.43..389.64 rows=97 width=125)
	  Recheck Cond: ((k >= 3332067) AND (k <= 3332167))
	  ->  Bitmap Index Scan on k_7  (cost=0.00..5.40 rows=97 width=0)
	        Index Cond: ((k >= 3332067) AND (k <= 3332167))

table 8 : explain SELECT k, c FROM sbtest8 WHERE k BETWEEN 3332067 AND 3332167
	Bitmap Heap Scan on sbtest8  (cost=5.56..440.93 rows=110 width=125)
	  Recheck Cond: ((k >= 3332067) AND (k <= 3332167))
	  ->  Bitmap Index Scan on k_8  (cost=0.00..5.53 rows=110 width=0)
	        Index Cond: ((k >= 3332067) AND (k <= 3332167))



explain: for range-notcovered :: explain SELECT k, c FROM sbtest%d WHERE k BETWEEN 7480959 AND 7481059
for range-notcovered
table 1 : explain SELECT k, c FROM sbtest1 WHERE k BETWEEN 4560876 AND 4560976
	Bitmap Heap Scan on sbtest1  (cost=5.46..401.43 rows=100 width=125)
	  Recheck Cond: ((k >= 4560876) AND (k <= 4560976))
	  ->  Bitmap Index Scan on k_1  (cost=0.00..5.43 rows=100 width=0)
	        Index Cond: ((k >= 4560876) AND (k <= 4560976))

table 2 : explain SELECT k, c FROM sbtest2 WHERE k BETWEEN 4560876 AND 4560976
	Bitmap Heap Scan on sbtest2  (cost=5.53..429.02 rows=107 width=125)
	  Recheck Cond: ((k >= 4560876) AND (k <= 4560976))
	  ->  Bitmap Index Scan on k_2  (cost=0.00..5.50 rows=107 width=0)
	        Index Cond: ((k >= 4560876) AND (k <= 4560976))

table 3 : explain SELECT k, c FROM sbtest3 WHERE k BETWEEN 4560876 AND 4560976
	Bitmap Heap Scan on sbtest3  (cost=5.48..409.33 rows=102 width=125)
	  Recheck Cond: ((k >= 4560876) AND (k <= 4560976))
	  ->  Bitmap Index Scan on k_3  (cost=0.00..5.45 rows=102 width=0)
	        Index Cond: ((k >= 4560876) AND (k <= 4560976))

table 4 : explain SELECT k, c FROM sbtest4 WHERE k BETWEEN 4560876 AND 4560976
	Bitmap Heap Scan on sbtest4  (cost=5.47..405.39 rows=101 width=125)
	  Recheck Cond: ((k >= 4560876) AND (k <= 4560976))
	  ->  Bitmap Index Scan on k_4  (cost=0.00..5.44 rows=101 width=0)
	        Index Cond: ((k >= 4560876) AND (k <= 4560976))

table 5 : explain SELECT k, c FROM sbtest5 WHERE k BETWEEN 4560876 AND 4560976
	Bitmap Heap Scan on sbtest5  (cost=5.45..397.51 rows=99 width=125)
	  Recheck Cond: ((k >= 4560876) AND (k <= 4560976))
	  ->  Bitmap Index Scan on k_5  (cost=0.00..5.42 rows=99 width=0)
	        Index Cond: ((k >= 4560876) AND (k <= 4560976))

table 6 : explain SELECT k, c FROM sbtest6 WHERE k BETWEEN 4560876 AND 4560976
	Bitmap Heap Scan on sbtest6  (cost=5.61..460.59 rows=115 width=125)
	  Recheck Cond: ((k >= 4560876) AND (k <= 4560976))
	  ->  Bitmap Index Scan on k_6  (cost=0.00..5.58 rows=115 width=0)
	        Index Cond: ((k >= 4560876) AND (k <= 4560976))

table 7 : explain SELECT k, c FROM sbtest7 WHERE k BETWEEN 4560876 AND 4560976
	Bitmap Heap Scan on sbtest7  (cost=5.46..401.48 rows=100 width=125)
	  Recheck Cond: ((k >= 4560876) AND (k <= 4560976))
	  ->  Bitmap Index Scan on k_7  (cost=0.00..5.43 rows=100 width=0)
	        Index Cond: ((k >= 4560876) AND (k <= 4560976))

table 8 : explain SELECT k, c FROM sbtest8 WHERE k BETWEEN 4560876 AND 4560976
	Bitmap Heap Scan on sbtest8  (cost=5.45..397.57 rows=99 width=125)
	  Recheck Cond: ((k >= 4560876) AND (k <= 4560976))
	  ->  Bitmap Index Scan on k_8  (cost=0.00..5.42 rows=99 width=0)
	        Index Cond: ((k >= 4560876) AND (k <= 4560976))
explain: for range-notcovered :: explain SELECT k, c FROM sbtest%d WHERE k BETWEEN 3332067 AND 3332167
for range-notcovered
table 1 : explain SELECT k, c FROM sbtest1 WHERE k BETWEEN 5368835 AND 5368935
	Bitmap Heap Scan on sbtest1  (cost=5.46..401.43 rows=100 width=125)
	  Recheck Cond: ((k >= 5368835) AND (k <= 5368935))
	  ->  Bitmap Index Scan on k_1  (cost=0.00..5.43 rows=100 width=0)
	        Index Cond: ((k >= 5368835) AND (k <= 5368935))

table 2 : explain SELECT k, c FROM sbtest2 WHERE k BETWEEN 5368835 AND 5368935
	Bitmap Heap Scan on sbtest2  (cost=5.45..397.49 rows=99 width=125)
	  Recheck Cond: ((k >= 5368835) AND (k <= 5368935))
	  ->  Bitmap Index Scan on k_2  (cost=0.00..5.42 rows=99 width=0)
	        Index Cond: ((k >= 5368835) AND (k <= 5368935))

table 3 : explain SELECT k, c FROM sbtest3 WHERE k BETWEEN 5368835 AND 5368935
	Bitmap Heap Scan on sbtest3  (cost=5.39..373.84 rows=93 width=125)
	  Recheck Cond: ((k >= 5368835) AND (k <= 5368935))
	  ->  Bitmap Index Scan on k_3  (cost=0.00..5.36 rows=93 width=0)
	        Index Cond: ((k >= 5368835) AND (k <= 5368935))

table 4 : explain SELECT k, c FROM sbtest4 WHERE k BETWEEN 5368835 AND 5368935
	Bitmap Heap Scan on sbtest4  (cost=5.42..385.68 rows=96 width=125)
	  Recheck Cond: ((k >= 5368835) AND (k <= 5368935))
	  ->  Bitmap Index Scan on k_4  (cost=0.00..5.39 rows=96 width=0)
	        Index Cond: ((k >= 5368835) AND (k <= 5368935))

table 5 : explain SELECT k, c FROM sbtest5 WHERE k BETWEEN 5368835 AND 5368935
	Bitmap Heap Scan on sbtest5  (cost=5.44..393.57 rows=98 width=125)
	  Recheck Cond: ((k >= 5368835) AND (k <= 5368935))
	  ->  Bitmap Index Scan on k_5  (cost=0.00..5.42 rows=98 width=0)
	        Index Cond: ((k >= 5368835) AND (k <= 5368935))

table 6 : explain SELECT k, c FROM sbtest6 WHERE k BETWEEN 5368835 AND 5368935
	Bitmap Heap Scan on sbtest6  (cost=5.52..425.14 rows=106 width=125)
	  Recheck Cond: ((k >= 5368835) AND (k <= 5368935))
	  ->  Bitmap Index Scan on k_6  (cost=0.00..5.50 rows=106 width=0)
	        Index Cond: ((k >= 5368835) AND (k <= 5368935))

table 7 : explain SELECT k, c FROM sbtest7 WHERE k BETWEEN 5368835 AND 5368935
	Bitmap Heap Scan on sbtest7  (cost=5.51..421.19 rows=105 width=125)
	  Recheck Cond: ((k >= 5368835) AND (k <= 5368935))
	  ->  Bitmap Index Scan on k_7  (cost=0.00..5.48 rows=105 width=0)
	        Index Cond: ((k >= 5368835) AND (k <= 5368935))

table 8 : explain SELECT k, c FROM sbtest8 WHERE k BETWEEN 5368835 AND 5368935
	Bitmap Heap Scan on sbtest8  (cost=5.44..393.62 rows=98 width=125)
	  Recheck Cond: ((k >= 5368835) AND (k <= 5368935))
	  ->  Bitmap Index Scan on k_8  (cost=0.00..5.42 rows=98 width=0)
	        Index Cond: ((k >= 5368835) AND (k <= 5368935))

for range-notcovered
table 1 : explain SELECT k, c FROM sbtest1 WHERE k BETWEEN 5101710 AND 5101810
	Bitmap Heap Scan on sbtest1  (cost=5.51..421.13 rows=105 width=125)
	  Recheck Cond: ((k >= 5101710) AND (k <= 5101810))
	  ->  Bitmap Index Scan on k_1  (cost=0.00..5.48 rows=105 width=0)
	        Index Cond: ((k >= 5101710) AND (k <= 5101810))

table 2 : explain SELECT k, c FROM sbtest2 WHERE k BETWEEN 5101710 AND 5101810
	Bitmap Heap Scan on sbtest2  (cost=5.43..389.60 rows=97 width=125)
	  Recheck Cond: ((k >= 5101710) AND (k <= 5101810))
	  ->  Bitmap Index Scan on k_2  (cost=0.00..5.40 rows=97 width=0)
	        Index Cond: ((k >= 5101710) AND (k <= 5101810))

table 3 : explain SELECT k, c FROM sbtest3 WHERE k BETWEEN 5101710 AND 5101810
	Bitmap Heap Scan on sbtest3  (cost=5.50..417.21 rows=104 width=125)
	  Recheck Cond: ((k >= 5101710) AND (k <= 5101810))
	  ->  Bitmap Index Scan on k_3  (cost=0.00..5.47 rows=104 width=0)
	        Index Cond: ((k >= 5101710) AND (k <= 5101810))

table 4 : explain SELECT k, c FROM sbtest4 WHERE k BETWEEN 5101710 AND 5101810
	Bitmap Heap Scan on sbtest4  (cost=5.41..381.73 rows=95 width=125)
	  Recheck Cond: ((k >= 5101710) AND (k <= 5101810))
	  ->  Bitmap Index Scan on k_4  (cost=0.00..5.38 rows=95 width=0)
	        Index Cond: ((k >= 5101710) AND (k <= 5101810))

table 5 : explain SELECT k, c FROM sbtest5 WHERE k BETWEEN 5101710 AND 5101810
	Bitmap Heap Scan on sbtest5  (cost=5.56..440.86 rows=110 width=125)
	  Recheck Cond: ((k >= 5101710) AND (k <= 5101810))
	  ->  Bitmap Index Scan on k_5  (cost=0.00..5.53 rows=110 width=0)
	        Index Cond: ((k >= 5101710) AND (k <= 5101810))

table 6 : explain SELECT k, c FROM sbtest6 WHERE k BETWEEN 5101710 AND 5101810
	Bitmap Heap Scan on sbtest6  (cost=5.45..397.54 rows=99 width=125)
	  Recheck Cond: ((k >= 5101710) AND (k <= 5101810))
	  ->  Bitmap Index Scan on k_6  (cost=0.00..5.42 rows=99 width=0)
	        Index Cond: ((k >= 5101710) AND (k <= 5101810))

table 7 : explain SELECT k, c FROM sbtest7 WHERE k BETWEEN 5101710 AND 5101810
	Bitmap Heap Scan on sbtest7  (cost=5.46..401.48 rows=100 width=125)
	  Recheck Cond: ((k >= 5101710) AND (k <= 5101810))
	  ->  Bitmap Index Scan on k_7  (cost=0.00..5.43 rows=100 width=0)
	        Index Cond: ((k >= 5101710) AND (k <= 5101810))

table 8 : explain SELECT k, c FROM sbtest8 WHERE k BETWEEN 5101710 AND 5101810
	Bitmap Heap Scan on sbtest8  (cost=5.54..433.05 rows=108 width=125)
	  Recheck Cond: ((k >= 5101710) AND (k <= 5101810))
	  ->  Bitmap Index Scan on k_8  (cost=0.00..5.51 rows=108 width=0)
	        Index Cond: ((k >= 5101710) AND (k <= 5101810))

for range-notcovered
table 1 : explain SELECT k, c FROM sbtest1 WHERE k BETWEEN 3169346 AND 3169446
	Bitmap Heap Scan on sbtest1  (cost=5.44..393.54 rows=98 width=125)
	  Recheck Cond: ((k >= 3169346) AND (k <= 3169446))
	  ->  Bitmap Index Scan on k_1  (cost=0.00..5.42 rows=98 width=0)
	        Index Cond: ((k >= 3169346) AND (k <= 3169446))

table 2 : explain SELECT k, c FROM sbtest2 WHERE k BETWEEN 3169346 AND 3169446
	Bitmap Heap Scan on sbtest2  (cost=5.45..397.49 rows=99 width=125)
	  Recheck Cond: ((k >= 3169346) AND (k <= 3169446))
	  ->  Bitmap Index Scan on k_2  (cost=0.00..5.42 rows=99 width=0)
	        Index Cond: ((k >= 3169346) AND (k <= 3169446))

table 3 : explain SELECT k, c FROM sbtest3 WHERE k BETWEEN 3169346 AND 3169446
	Bitmap Heap Scan on sbtest3  (cost=5.41..381.73 rows=95 width=125)
	  Recheck Cond: ((k >= 3169346) AND (k <= 3169446))
	  ->  Bitmap Index Scan on k_3  (cost=0.00..5.38 rows=95 width=0)
	        Index Cond: ((k >= 3169346) AND (k <= 3169446))

table 4 : explain SELECT k, c FROM sbtest4 WHERE k BETWEEN 3169346 AND 3169446
	Bitmap Heap Scan on sbtest4  (cost=5.56..440.86 rows=110 width=125)
	  Recheck Cond: ((k >= 3169346) AND (k <= 3169446))
	  ->  Bitmap Index Scan on k_4  (cost=0.00..5.53 rows=110 width=0)
	        Index Cond: ((k >= 3169346) AND (k <= 3169446))

table 5 : explain SELECT k, c FROM sbtest5 WHERE k BETWEEN 3169346 AND 3169446
	Bitmap Heap Scan on sbtest5  (cost=5.51..421.16 rows=105 width=125)
	  Recheck Cond: ((k >= 3169346) AND (k <= 3169446))
	  ->  Bitmap Index Scan on k_5  (cost=0.00..5.48 rows=105 width=0)
	        Index Cond: ((k >= 3169346) AND (k <= 3169446))

table 6 : explain SELECT k, c FROM sbtest6 WHERE k BETWEEN 3169346 AND 3169446
	Bitmap Heap Scan on sbtest6  (cost=5.53..429.08 rows=107 width=125)
	  Recheck Cond: ((k >= 3169346) AND (k <= 3169446))
	  ->  Bitmap Index Scan on k_6  (cost=0.00..5.50 rows=107 width=0)
	        Index Cond: ((k >= 3169346) AND (k <= 3169446))

table 7 : explain SELECT k, c FROM sbtest7 WHERE k BETWEEN 3169346 AND 3169446
	Bitmap Heap Scan on sbtest7  (cost=5.48..409.36 rows=102 width=125)
	  Recheck Cond: ((k >= 3169346) AND (k <= 3169446))
	  ->  Bitmap Index Scan on k_7  (cost=0.00..5.45 rows=102 width=0)
	        Index Cond: ((k >= 3169346) AND (k <= 3169446))

table 8 : explain SELECT k, c FROM sbtest8 WHERE k BETWEEN 3169346 AND 3169446
	Bitmap Heap Scan on sbtest8  (cost=5.53..429.11 rows=107 width=125)
	  Recheck Cond: ((k >= 3169346) AND (k <= 3169446))
	  ->  Bitmap Index Scan on k_8  (cost=0.00..5.50 rows=107 width=0)
	        Index Cond: ((k >= 3169346) AND (k <= 3169446))

explain: for range-notcovered :: explain SELECT k, c FROM sbtest%d WHERE k BETWEEN 5368835 AND 5368935
for range-notcovered
table 1 : explain SELECT k, c FROM sbtest1 WHERE k BETWEEN 6607380 AND 6607480
	Bitmap Heap Scan on sbtest1  (cost=5.41..381.71 rows=95 width=125)
	  Recheck Cond: ((k >= 6607380) AND (k <= 6607480))
	  ->  Bitmap Index Scan on k_1  (cost=0.00..5.38 rows=95 width=0)
	        Index Cond: ((k >= 6607380) AND (k <= 6607480))

table 2 : explain SELECT k, c FROM sbtest2 WHERE k BETWEEN 6607380 AND 6607480
	Bitmap Heap Scan on sbtest2  (cost=5.54..432.96 rows=108 width=125)
	  Recheck Cond: ((k >= 6607380) AND (k <= 6607480))
	  ->  Bitmap Index Scan on k_2  (cost=0.00..5.51 rows=108 width=0)
	        Index Cond: ((k >= 6607380) AND (k <= 6607480))

table 3 : explain SELECT k, c FROM sbtest3 WHERE k BETWEEN 6607380 AND 6607480
	Bitmap Heap Scan on sbtest3  (cost=5.52..425.09 rows=106 width=125)
	  Recheck Cond: ((k >= 6607380) AND (k <= 6607480))
	  ->  Bitmap Index Scan on k_3  (cost=0.00..5.50 rows=106 width=0)
	        Index Cond: ((k >= 6607380) AND (k <= 6607480))

table 4 : explain SELECT k, c FROM sbtest4 WHERE k BETWEEN 6607380 AND 6607480
	Bitmap Heap Scan on sbtest4  (cost=5.53..429.04 rows=107 width=125)
	  Recheck Cond: ((k >= 6607380) AND (k <= 6607480))
	  ->  Bitmap Index Scan on k_4  (cost=0.00..5.50 rows=107 width=0)
	        Index Cond: ((k >= 6607380) AND (k <= 6607480))

table 5 : explain SELECT k, c FROM sbtest5 WHERE k BETWEEN 6607380 AND 6607480
	Bitmap Heap Scan on sbtest5  (cost=5.47..405.40 rows=101 width=125)
	  Recheck Cond: ((k >= 6607380) AND (k <= 6607480))
	  ->  Bitmap Index Scan on k_5  (cost=0.00..5.44 rows=101 width=0)
	        Index Cond: ((k >= 6607380) AND (k <= 6607480))

table 6 : explain SELECT k, c FROM sbtest6 WHERE k BETWEEN 6607380 AND 6607480
	Bitmap Heap Scan on sbtest6  (cost=5.40..377.82 rows=94 width=125)
	  Recheck Cond: ((k >= 6607380) AND (k <= 6607480))
	  ->  Bitmap Index Scan on k_6  (cost=0.00..5.38 rows=94 width=0)
	        Index Cond: ((k >= 6607380) AND (k <= 6607480))

table 7 : explain SELECT k, c FROM sbtest7 WHERE k BETWEEN 6607380 AND 6607480
	Bitmap Heap Scan on sbtest7  (cost=5.52..425.13 rows=106 width=125)
	  Recheck Cond: ((k >= 6607380) AND (k <= 6607480))
	  ->  Bitmap Index Scan on k_7  (cost=0.00..5.50 rows=106 width=0)
	        Index Cond: ((k >= 6607380) AND (k <= 6607480))

table 8 : explain SELECT k, c FROM sbtest8 WHERE k BETWEEN 6607380 AND 6607480
	Bitmap Heap Scan on sbtest8  (cost=5.44..393.62 rows=98 width=125)
	  Recheck Cond: ((k >= 6607380) AND (k <= 6607480))
	  ->  Bitmap Index Scan on k_8  (cost=0.00..5.42 rows=98 width=0)
	        Index Cond: ((k >= 6607380) AND (k <= 6607480))

explain: for range-notcovered :: explain SELECT k, c FROM sbtest%d WHERE k BETWEEN 6548505 AND 6548605
for range-notcovered
table 1 : explain SELECT k, c FROM sbtest1 WHERE k BETWEEN 5330440 AND 5330540
	Bitmap Heap Scan on sbtest1  (cost=5.46..401.43 rows=100 width=125)
	  Recheck Cond: ((k >= 5330440) AND (k <= 5330540))
	  ->  Bitmap Index Scan on k_1  (cost=0.00..5.43 rows=100 width=0)
	        Index Cond: ((k >= 5330440) AND (k <= 5330540))

table 2 : explain SELECT k, c FROM sbtest2 WHERE k BETWEEN 5330440 AND 5330540
	Bitmap Heap Scan on sbtest2  (cost=5.56..440.83 rows=110 width=125)
	  Recheck Cond: ((k >= 5330440) AND (k <= 5330540))
	  ->  Bitmap Index Scan on k_2  (cost=0.00..5.53 rows=110 width=0)
	        Index Cond: ((k >= 5330440) AND (k <= 5330540))

table 3 : explain SELECT k, c FROM sbtest3 WHERE k BETWEEN 5330440 AND 5330540
	Bitmap Heap Scan on sbtest3  (cost=5.39..373.84 rows=93 width=125)
	  Recheck Cond: ((k >= 5330440) AND (k <= 5330540))
	  ->  Bitmap Index Scan on k_3  (cost=0.00..5.36 rows=93 width=0)
	        Index Cond: ((k >= 5330440) AND (k <= 5330540))

table 4 : explain SELECT k, c FROM sbtest4 WHERE k BETWEEN 5330440 AND 5330540
	Bitmap Heap Scan on sbtest4  (cost=5.42..385.68 rows=96 width=125)
	  Recheck Cond: ((k >= 5330440) AND (k <= 5330540))
	  ->  Bitmap Index Scan on k_4  (cost=0.00..5.39 rows=96 width=0)
	        Index Cond: ((k >= 5330440) AND (k <= 5330540))

table 5 : explain SELECT k, c FROM sbtest5 WHERE k BETWEEN 5330440 AND 5330540
	Bitmap Heap Scan on sbtest5  (cost=5.53..429.04 rows=107 width=125)
	  Recheck Cond: ((k >= 5330440) AND (k <= 5330540))
	  ->  Bitmap Index Scan on k_5  (cost=0.00..5.50 rows=107 width=0)
	        Index Cond: ((k >= 5330440) AND (k <= 5330540))

table 6 : explain SELECT k, c FROM sbtest6 WHERE k BETWEEN 5330440 AND 5330540
	Bitmap Heap Scan on sbtest6  (cost=5.52..425.14 rows=106 width=125)
	  Recheck Cond: ((k >= 5330440) AND (k <= 5330540))
	  ->  Bitmap Index Scan on k_6  (cost=0.00..5.50 rows=106 width=0)
	        Index Cond: ((k >= 5330440) AND (k <= 5330540))

table 7 : explain SELECT k, c FROM sbtest7 WHERE k BETWEEN 5330440 AND 5330540
	Bitmap Heap Scan on sbtest7  (cost=5.51..421.19 rows=105 width=125)
	  Recheck Cond: ((k >= 5330440) AND (k <= 5330540))
	  ->  Bitmap Index Scan on k_7  (cost=0.00..5.48 rows=105 width=0)
	        Index Cond: ((k >= 5330440) AND (k <= 5330540))

table 8 : explain SELECT k, c FROM sbtest8 WHERE k BETWEEN 5330440 AND 5330540
	Bitmap Heap Scan on sbtest8  (cost=5.50..417.28 rows=104 width=125)
	  Recheck Cond: ((k >= 5330440) AND (k <= 5330540))
	  ->  Bitmap Index Scan on k_8  (cost=0.00..5.47 rows=104 width=0)
	        Index Cond: ((k >= 5330440) AND (k <= 5330540))

for range-notcovered
table 1 : explain SELECT k, c FROM sbtest1 WHERE k BETWEEN 4007277 AND 4007377
	Bitmap Heap Scan on sbtest1  (cost=5.42..385.66 rows=96 width=125)
	  Recheck Cond: ((k >= 4007277) AND (k <= 4007377))
	  ->  Bitmap Index Scan on k_1  (cost=0.00..5.39 rows=96 width=0)
	        Index Cond: ((k >= 4007277) AND (k <= 4007377))

table 2 : explain SELECT k, c FROM sbtest2 WHERE k BETWEEN 4007277 AND 4007377
	Bitmap Heap Scan on sbtest2  (cost=5.43..389.60 rows=97 width=125)
	  Recheck Cond: ((k >= 4007277) AND (k <= 4007377))
	  ->  Bitmap Index Scan on k_2  (cost=0.00..5.40 rows=97 width=0)
	        Index Cond: ((k >= 4007277) AND (k <= 4007377))

table 3 : explain SELECT k, c FROM sbtest3 WHERE k BETWEEN 4007277 AND 4007377
	Bitmap Heap Scan on sbtest3  (cost=5.45..397.50 rows=99 width=125)
	  Recheck Cond: ((k >= 4007277) AND (k <= 4007377))
	  ->  Bitmap Index Scan on k_3  (cost=0.00..5.42 rows=99 width=0)
	        Index Cond: ((k >= 4007277) AND (k <= 4007377))

table 4 : explain SELECT k, c FROM sbtest4 WHERE k BETWEEN 4007277 AND 4007377
	Bitmap Heap Scan on sbtest4  (cost=5.49..413.28 rows=103 width=125)
	  Recheck Cond: ((k >= 4007277) AND (k <= 4007377))
	  ->  Bitmap Index Scan on k_4  (cost=0.00..5.46 rows=103 width=0)
	        Index Cond: ((k >= 4007277) AND (k <= 4007377))

table 5 : explain SELECT k, c FROM sbtest5 WHERE k BETWEEN 4007277 AND 4007377
	Bitmap Heap Scan on sbtest5  (cost=5.46..401.46 rows=100 width=125)
	  Recheck Cond: ((k >= 4007277) AND (k <= 4007377))
	  ->  Bitmap Index Scan on k_5  (cost=0.00..5.43 rows=100 width=0)
	        Index Cond: ((k >= 4007277) AND (k <= 4007377))

table 6 : explain SELECT k, c FROM sbtest6 WHERE k BETWEEN 4007277 AND 4007377
	Bitmap Heap Scan on sbtest6  (cost=5.41..381.77 rows=95 width=125)
	  Recheck Cond: ((k >= 4007277) AND (k <= 4007377))
	  ->  Bitmap Index Scan on k_6  (cost=0.00..5.38 rows=95 width=0)
	        Index Cond: ((k >= 4007277) AND (k <= 4007377))

table 7 : explain SELECT k, c FROM sbtest7 WHERE k BETWEEN 4007277 AND 4007377
	Bitmap Heap Scan on sbtest7  (cost=5.49..413.30 rows=103 width=125)
	  Recheck Cond: ((k >= 4007277) AND (k <= 4007377))
	  ->  Bitmap Index Scan on k_7  (cost=0.00..5.46 rows=103 width=0)
	        Index Cond: ((k >= 4007277) AND (k <= 4007377))

table 8 : explain SELECT k, c FROM sbtest8 WHERE k BETWEEN 4007277 AND 4007377
	Bitmap Heap Scan on sbtest8  (cost=5.44..393.62 rows=98 width=125)
	  Recheck Cond: ((k >= 4007277) AND (k <= 4007377))
	  ->  Bitmap Index Scan on k_8  (cost=0.00..5.42 rows=98 width=0)
	        Index Cond: ((k >= 4007277) AND (k <= 4007377))

for range-notcovered
table 1 : explain SELECT k, c FROM sbtest1 WHERE k BETWEEN 1077461 AND 1077561
	Bitmap Heap Scan on sbtest1  (cost=5.51..421.13 rows=105 width=125)
	  Recheck Cond: ((k >= 1077461) AND (k <= 1077561))
	  ->  Bitmap Index Scan on k_1  (cost=0.00..5.48 rows=105 width=0)
	        Index Cond: ((k >= 1077461) AND (k <= 1077561))

table 2 : explain SELECT k, c FROM sbtest2 WHERE k BETWEEN 1077461 AND 1077561
	Bitmap Heap Scan on sbtest2  (cost=5.49..413.26 rows=103 width=125)
	  Recheck Cond: ((k >= 1077461) AND (k <= 1077561))
	  ->  Bitmap Index Scan on k_2  (cost=0.00..5.46 rows=103 width=0)
	        Index Cond: ((k >= 1077461) AND (k <= 1077561))

table 3 : explain SELECT k, c FROM sbtest3 WHERE k BETWEEN 1077461 AND 1077561
	Bitmap Heap Scan on sbtest3  (cost=5.44..393.56 rows=98 width=125)
	  Recheck Cond: ((k >= 1077461) AND (k <= 1077561))
	  ->  Bitmap Index Scan on k_3  (cost=0.00..5.42 rows=98 width=0)
	        Index Cond: ((k >= 1077461) AND (k <= 1077561))

table 4 : explain SELECT k, c FROM sbtest4 WHERE k BETWEEN 1077461 AND 1077561
	Bitmap Heap Scan on sbtest4  (cost=5.48..409.34 rows=102 width=125)
	  Recheck Cond: ((k >= 1077461) AND (k <= 1077561))
	  ->  Bitmap Index Scan on k_4  (cost=0.00..5.45 rows=102 width=0)
	        Index Cond: ((k >= 1077461) AND (k <= 1077561))

table 5 : explain SELECT k, c FROM sbtest5 WHERE k BETWEEN 1077461 AND 1077561
	Bitmap Heap Scan on sbtest5  (cost=5.40..377.79 rows=94 width=125)
	  Recheck Cond: ((k >= 1077461) AND (k <= 1077561))
	  ->  Bitmap Index Scan on k_5  (cost=0.00..5.38 rows=94 width=0)
	        Index Cond: ((k >= 1077461) AND (k <= 1077561))

table 6 : explain SELECT k, c FROM sbtest6 WHERE k BETWEEN 1077461 AND 1077561
	Bitmap Heap Scan on sbtest6  (cost=5.39..373.88 rows=93 width=125)
	  Recheck Cond: ((k >= 1077461) AND (k <= 1077561))
	  ->  Bitmap Index Scan on k_6  (cost=0.00..5.36 rows=93 width=0)
	        Index Cond: ((k >= 1077461) AND (k <= 1077561))

table 7 : explain SELECT k, c FROM sbtest7 WHERE k BETWEEN 1077461 AND 1077561
	Bitmap Heap Scan on sbtest7  (cost=5.45..397.53 rows=99 width=125)
	  Recheck Cond: ((k >= 1077461) AND (k <= 1077561))
	  ->  Bitmap Index Scan on k_7  (cost=0.00..5.42 rows=99 width=0)
	        Index Cond: ((k >= 1077461) AND (k <= 1077561))

table 8 : explain SELECT k, c FROM sbtest8 WHERE k BETWEEN 1077461 AND 1077561
	Bitmap Heap Scan on sbtest8  (cost=5.60..456.68 rows=114 width=125)
	  Recheck Cond: ((k >= 1077461) AND (k <= 1077561))
	  ->  Bitmap Index Scan on k_8  (cost=0.00..5.58 rows=114 width=0)
	        Index Cond: ((k >= 1077461) AND (k <= 1077561))


for range-notcovered
table 1 : explain SELECT k, c FROM sbtest1 WHERE k BETWEEN 9066599 AND 9066699
	Bitmap Heap Scan on sbtest1  (cost=5.56..440.83 rows=110 width=125)
	  Recheck Cond: ((k >= 9066599) AND (k <= 9066699))
	  ->  Bitmap Index Scan on k_1  (cost=0.00..5.53 rows=110 width=0)
	        Index Cond: ((k >= 9066599) AND (k <= 9066699))

table 2 : explain SELECT k, c FROM sbtest2 WHERE k BETWEEN 9066599 AND 9066699
	Bitmap Heap Scan on sbtest2  (cost=5.39..373.83 rows=93 width=125)
	  Recheck Cond: ((k >= 9066599) AND (k <= 9066699))
	  ->  Bitmap Index Scan on k_2  (cost=0.00..5.36 rows=93 width=0)
	        Index Cond: ((k >= 9066599) AND (k <= 9066699))

table 3 : explain SELECT k, c FROM sbtest3 WHERE k BETWEEN 9066599 AND 9066699
	Bitmap Heap Scan on sbtest3  (cost=5.47..405.39 rows=101 width=125)
	  Recheck Cond: ((k >= 9066599) AND (k <= 9066699))
	  ->  Bitmap Index Scan on k_3  (cost=0.00..5.44 rows=101 width=0)
	        Index Cond: ((k >= 9066599) AND (k <= 9066699))

table 4 : explain SELECT k, c FROM sbtest4 WHERE k BETWEEN 9066599 AND 9066699
	Bitmap Heap Scan on sbtest4  (cost=5.49..413.28 rows=103 width=125)
	  Recheck Cond: ((k >= 9066599) AND (k <= 9066699))
	  ->  Bitmap Index Scan on k_4  (cost=0.00..5.46 rows=103 width=0)
	        Index Cond: ((k >= 9066599) AND (k <= 9066699))

table 5 : explain SELECT k, c FROM sbtest5 WHERE k BETWEEN 9066599 AND 9066699
	Bitmap Heap Scan on sbtest5  (cost=5.39..373.85 rows=93 width=125)
	  Recheck Cond: ((k >= 9066599) AND (k <= 9066699))
	  ->  Bitmap Index Scan on k_5  (cost=0.00..5.36 rows=93 width=0)
	        Index Cond: ((k >= 9066599) AND (k <= 9066699))

table 6 : explain SELECT k, c FROM sbtest6 WHERE k BETWEEN 9066599 AND 9066699
	Bitmap Heap Scan on sbtest6  (cost=5.44..393.60 rows=98 width=125)
	  Recheck Cond: ((k >= 9066599) AND (k <= 9066699))
	  ->  Bitmap Index Scan on k_6  (cost=0.00..5.42 rows=98 width=0)
	        Index Cond: ((k >= 9066599) AND (k <= 9066699))

table 7 : explain SELECT k, c FROM sbtest7 WHERE k BETWEEN 9066599 AND 9066699
	Bitmap Heap Scan on sbtest7  (cost=5.54..433.01 rows=108 width=125)
	  Recheck Cond: ((k >= 9066599) AND (k <= 9066699))
	  ->  Bitmap Index Scan on k_7  (cost=0.00..5.51 rows=108 width=0)
	        Index Cond: ((k >= 9066599) AND (k <= 9066699))

table 8 : explain SELECT k, c FROM sbtest8 WHERE k BETWEEN 9066599 AND 9066699
	Bitmap Heap Scan on sbtest8  (cost=5.44..393.62 rows=98 width=125)
	  Recheck Cond: ((k >= 9066599) AND (k <= 9066699))
	  ->  Bitmap Index Scan on k_8  (cost=0.00..5.42 rows=98 width=0)
	        Index Cond: ((k >= 9066599) AND (k <= 9066699))


for range-notcovered
table 1 : explain SELECT k, c FROM sbtest1 WHERE k BETWEEN 4636687 AND 4636787
	Bitmap Heap Scan on sbtest1  (cost=5.44..393.54 rows=98 width=125)
	  Recheck Cond: ((k >= 4636687) AND (k <= 4636787))
	  ->  Bitmap Index Scan on k_1  (cost=0.00..5.42 rows=98 width=0)
	        Index Cond: ((k >= 4636687) AND (k <= 4636787))

table 2 : explain SELECT k, c FROM sbtest2 WHERE k BETWEEN 4636687 AND 4636787
	Bitmap Heap Scan on sbtest2  (cost=5.48..409.32 rows=102 width=125)
	  Recheck Cond: ((k >= 4636687) AND (k <= 4636787))
	  ->  Bitmap Index Scan on k_2  (cost=0.00..5.45 rows=102 width=0)
	        Index Cond: ((k >= 4636687) AND (k <= 4636787))

table 3 : explain SELECT k, c FROM sbtest3 WHERE k BETWEEN 4636687 AND 4636787
	Bitmap Heap Scan on sbtest3  (cost=5.46..401.44 rows=100 width=125)
	  Recheck Cond: ((k >= 4636687) AND (k <= 4636787))
	  ->  Bitmap Index Scan on k_3  (cost=0.00..5.43 rows=100 width=0)
	        Index Cond: ((k >= 4636687) AND (k <= 4636787))

table 4 : explain SELECT k, c FROM sbtest4 WHERE k BETWEEN 4636687 AND 4636787
	Bitmap Heap Scan on sbtest4  (cost=5.46..401.45 rows=100 width=125)
	  Recheck Cond: ((k >= 4636687) AND (k <= 4636787))
	  ->  Bitmap Index Scan on k_4  (cost=0.00..5.43 rows=100 width=0)
	        Index Cond: ((k >= 4636687) AND (k <= 4636787))

table 5 : explain SELECT k, c FROM sbtest5 WHERE k BETWEEN 4636687 AND 4636787
	Bitmap Heap Scan on sbtest5  (cost=5.48..409.34 rows=102 width=125)
	  Recheck Cond: ((k >= 4636687) AND (k <= 4636787))
	  ->  Bitmap Index Scan on k_5  (cost=0.00..5.45 rows=102 width=0)
	        Index Cond: ((k >= 4636687) AND (k <= 4636787))

table 6 : explain SELECT k, c FROM sbtest6 WHERE k BETWEEN 4636687 AND 4636787
	Bitmap Heap Scan on sbtest6  (cost=5.51..421.20 rows=105 width=125)
	  Recheck Cond: ((k >= 4636687) AND (k <= 4636787))
	  ->  Bitmap Index Scan on k_6  (cost=0.00..5.48 rows=105 width=0)
	        Index Cond: ((k >= 4636687) AND (k <= 4636787))

table 7 : explain SELECT k, c FROM sbtest7 WHERE k BETWEEN 4636687 AND 4636787
	Bitmap Heap Scan on sbtest7  (cost=5.41..381.76 rows=95 width=125)
	  Recheck Cond: ((k >= 4636687) AND (k <= 4636787))
	  ->  Bitmap Index Scan on k_7  (cost=0.00..5.38 rows=95 width=0)
	        Index Cond: ((k >= 4636687) AND (k <= 4636787))

table 8 : explain SELECT k, c FROM sbtest8 WHERE k BETWEEN 4636687 AND 4636787
	Bitmap Heap Scan on sbtest8  (cost=5.45..397.57 rows=99 width=125)
	  Recheck Cond: ((k >= 4636687) AND (k <= 4636787))
	  ->  Bitmap Index Scan on k_8  (cost=0.00..5.42 rows=99 width=0)
	        Index Cond: ((k >= 4636687) AND (k <= 4636787))
for range-notcovered
table 1 : explain SELECT k, c FROM sbtest1 WHERE k BETWEEN 6496944 AND 6497044
	Bitmap Heap Scan on sbtest1  (cost=5.61..460.52 rows=115 width=125)
	  Recheck Cond: ((k >= 6496944) AND (k <= 6497044))
	  ->  Bitmap Index Scan on k_1  (cost=0.00..5.58 rows=115 width=0)
	        Index Cond: ((k >= 6496944) AND (k <= 6497044))

table 2 : explain SELECT k, c FROM sbtest2 WHERE k BETWEEN 6496944 AND 6497044
	Bitmap Heap Scan on sbtest2  (cost=5.49..413.26 rows=103 width=125)
	  Recheck Cond: ((k >= 6496944) AND (k <= 6497044))
	  ->  Bitmap Index Scan on k_2  (cost=0.00..5.46 rows=103 width=0)
	        Index Cond: ((k >= 6496944) AND (k <= 6497044))

table 3 : explain SELECT k, c FROM sbtest3 WHERE k BETWEEN 6496944 AND 6497044
	Bitmap Heap Scan on sbtest3  (cost=5.53..429.03 rows=107 width=125)
	  Recheck Cond: ((k >= 6496944) AND (k <= 6497044))
	  ->  Bitmap Index Scan on k_3  (cost=0.00..5.50 rows=107 width=0)
	        Index Cond: ((k >= 6496944) AND (k <= 6497044))

table 4 : explain SELECT k, c FROM sbtest4 WHERE k BETWEEN 6496944 AND 6497044
	Bitmap Heap Scan on sbtest4  (cost=5.40..377.79 rows=94 width=125)
	  Recheck Cond: ((k >= 6496944) AND (k <= 6497044))
	  ->  Bitmap Index Scan on k_4  (cost=0.00..5.38 rows=94 width=0)
	        Index Cond: ((k >= 6496944) AND (k <= 6497044))

table 5 : explain SELECT k, c FROM sbtest5 WHERE k BETWEEN 6496944 AND 6497044
	Bitmap Heap Scan on sbtest5  (cost=5.43..389.63 rows=97 width=125)
	  Recheck Cond: ((k >= 6496944) AND (k <= 6497044))
	  ->  Bitmap Index Scan on k_5  (cost=0.00..5.40 rows=97 width=0)
	        Index Cond: ((k >= 6496944) AND (k <= 6497044))

table 6 : explain SELECT k, c FROM sbtest6 WHERE k BETWEEN 6496944 AND 6497044
	Bitmap Heap Scan on sbtest6  (cost=5.55..436.96 rows=109 width=125)
	  Recheck Cond: ((k >= 6496944) AND (k <= 6497044))
	  ->  Bitmap Index Scan on k_6  (cost=0.00..5.52 rows=109 width=0)
	        Index Cond: ((k >= 6496944) AND (k <= 6497044))

table 7 : explain SELECT k, c FROM sbtest7 WHERE k BETWEEN 6496944 AND 6497044
	Bitmap Heap Scan on sbtest7  (cost=5.61..460.57 rows=115 width=125)
	  Recheck Cond: ((k >= 6496944) AND (k <= 6497044))
	  ->  Bitmap Index Scan on k_7  (cost=0.00..5.58 rows=115 width=0)
	        Index Cond: ((k >= 6496944) AND (k <= 6497044))

table 8 : explain SELECT k, c FROM sbtest8 WHERE k BETWEEN 6496944 AND 6497044
	Bitmap Heap Scan on sbtest8  (cost=5.49..413.34 rows=103 width=125)
	  Recheck Cond: ((k >= 6496944) AND (k <= 6497044))
	  ->  Bitmap Index Scan on k_8  (cost=0.00..5.46 rows=103 width=0)
	        Index Cond: ((k >= 6496944) AND (k <= 6497044))

explain: for range-notcovered :: explain SELECT k, c FROM sbtest%d WHERE k BETWEEN 4560876 AND 4560976for range-notcovered
table 1 : explain SELECT k, c FROM sbtest1 WHERE k BETWEEN 3887905 AND 3888005
	Bitmap Heap Scan on sbtest1  (cost=5.47..405.37 rows=101 width=125)
	  Recheck Cond: ((k >= 3887905) AND (k <= 3888005))
	  ->  Bitmap Index Scan on k_1  (cost=0.00..5.44 rows=101 width=0)
	        Index Cond: ((k >= 3887905) AND (k <= 3888005))

table 2 : explain SELECT k, c FROM sbtest2 WHERE k BETWEEN 3887905 AND 3888005
	Bitmap Heap Scan on sbtest2  (cost=5.55..436.90 rows=109 width=125)
	  Recheck Cond: ((k >= 3887905) AND (k <= 3888005))
	  ->  Bitmap Index Scan on k_2  (cost=0.00..5.52 rows=109 width=0)
	        Index Cond: ((k >= 3887905) AND (k <= 3888005))

table 3 : explain SELECT k, c FROM sbtest3 WHERE k BETWEEN 3887905 AND 3888005
	Bitmap Heap Scan on sbtest3  (cost=5.54..432.97 rows=108 width=125)
	  Recheck Cond: ((k >= 3887905) AND (k <= 3888005))
	  ->  Bitmap Index Scan on k_3  (cost=0.00..5.51 rows=108 width=0)
	        Index Cond: ((k >= 3887905) AND (k <= 3888005))

table 4 : explain SELECT k, c FROM sbtest4 WHERE k BETWEEN 3887905 AND 3888005
	Bitmap Heap Scan on sbtest4  (cost=5.43..389.62 rows=97 width=125)
	  Recheck Cond: ((k >= 3887905) AND (k <= 3888005))
	  ->  Bitmap Index Scan on k_4  (cost=0.00..5.40 rows=97 width=0)
	        Index Cond: ((k >= 3887905) AND (k <= 3888005))

table 5 : explain SELECT k, c FROM sbtest5 WHERE k BETWEEN 3887905 AND 3888005
	Bitmap Heap Scan on sbtest5  (cost=5.47..405.40 rows=101 width=125)
	  Recheck Cond: ((k >= 3887905) AND (k <= 3888005))
	  ->  Bitmap Index Scan on k_5  (cost=0.00..5.44 rows=101 width=0)
	        Index Cond: ((k >= 3887905) AND (k <= 3888005))

table 6 : explain SELECT k, c FROM sbtest6 WHERE k BETWEEN 3887905 AND 3888005
	Bitmap Heap Scan on sbtest6  (cost=5.46..401.49 rows=100 width=125)
	  Recheck Cond: ((k >= 3887905) AND (k <= 3888005))
	  ->  Bitmap Index Scan on k_6  (cost=0.00..5.43 rows=100 width=0)
	        Index Cond: ((k >= 3887905) AND (k <= 3888005))

table 7 : explain SELECT k, c FROM sbtest7 WHERE k BETWEEN 3887905 AND 3888005
	Bitmap Heap Scan on sbtest7  (cost=5.47..405.42 rows=101 width=125)
	  Recheck Cond: ((k >= 3887905) AND (k <= 3888005))
	  ->  Bitmap Index Scan on k_7  (cost=0.00..5.44 rows=101 width=0)
	        Index Cond: ((k >= 3887905) AND (k <= 3888005))

table 8 : explain SELECT k, c FROM sbtest8 WHERE k BETWEEN 3887905 AND 3888005
	Bitmap Heap Scan on sbtest8  (cost=5.41..381.79 rows=95 width=125)
	  Recheck Cond: ((k >= 3887905) AND (k <= 3888005))
	  ->  Bitmap Index Scan on k_8  (cost=0.00..5.38 rows=95 width=0)
	        Index Cond: ((k >= 3887905) AND (k <= 3888005))

explain: for range-notcovered :: explain SELECT k, c FROM sbtest%d WHERE k BETWEEN 5101710 AND 5101810
for range-notcovered
table 1 : explain SELECT k, c FROM sbtest1 WHERE k BETWEEN 3348607 AND 3348707
	Bitmap Heap Scan on sbtest1  (cost=5.50..417.19 rows=104 width=125)
	  Recheck Cond: ((k >= 3348607) AND (k <= 3348707))
	  ->  Bitmap Index Scan on k_1  (cost=0.00..5.47 rows=104 width=0)
	        Index Cond: ((k >= 3348607) AND (k <= 3348707))

table 2 : explain SELECT k, c FROM sbtest2 WHERE k BETWEEN 3348607 AND 3348707
	Bitmap Heap Scan on sbtest2  (cost=5.45..397.49 rows=99 width=125)
	  Recheck Cond: ((k >= 3348607) AND (k <= 3348707))
	  ->  Bitmap Index Scan on k_2  (cost=0.00..5.42 rows=99 width=0)
	        Index Cond: ((k >= 3348607) AND (k <= 3348707))

table 3 : explain SELECT k, c FROM sbtest3 WHERE k BETWEEN 3348607 AND 3348707
	Bitmap Heap Scan on sbtest3  (cost=5.50..417.21 rows=104 width=125)
	  Recheck Cond: ((k >= 3348607) AND (k <= 3348707))
	  ->  Bitmap Index Scan on k_3  (cost=0.00..5.47 rows=104 width=0)
	        Index Cond: ((k >= 3348607) AND (k <= 3348707))

table 4 : explain SELECT k, c FROM sbtest4 WHERE k BETWEEN 3348607 AND 3348707
	Bitmap Heap Scan on sbtest4  (cost=5.52..425.10 rows=106 width=125)
	  Recheck Cond: ((k >= 3348607) AND (k <= 3348707))
	  ->  Bitmap Index Scan on k_4  (cost=0.00..5.50 rows=106 width=0)
	        Index Cond: ((k >= 3348607) AND (k <= 3348707))

table 5 : explain SELECT k, c FROM sbtest5 WHERE k BETWEEN 3348607 AND 3348707
	Bitmap Heap Scan on sbtest5  (cost=5.52..425.10 rows=106 width=125)
	  Recheck Cond: ((k >= 3348607) AND (k <= 3348707))
	  ->  Bitmap Index Scan on k_5  (cost=0.00..5.50 rows=106 width=0)
	        Index Cond: ((k >= 3348607) AND (k <= 3348707))

table 6 : explain SELECT k, c FROM sbtest6 WHERE k BETWEEN 3348607 AND 3348707
	Bitmap Heap Scan on sbtest6  (cost=5.47..405.43 rows=101 width=125)
	  Recheck Cond: ((k >= 3348607) AND (k <= 3348707))
	  ->  Bitmap Index Scan on k_6  (cost=0.00..5.44 rows=101 width=0)
	        Index Cond: ((k >= 3348607) AND (k <= 3348707))

table 7 : explain SELECT k, c FROM sbtest7 WHERE k BETWEEN 3348607 AND 3348707
	Bitmap Heap Scan on sbtest7  (cost=5.43..389.64 rows=97 width=125)
	  Recheck Cond: ((k >= 3348607) AND (k <= 3348707))
	  ->  Bitmap Index Scan on k_7  (cost=0.00..5.40 rows=97 width=0)
	        Index Cond: ((k >= 3348607) AND (k <= 3348707))

table 8 : explain SELECT k, c FROM sbtest8 WHERE k BETWEEN 3348607 AND 3348707
	Bitmap Heap Scan on sbtest8  (cost=5.56..440.93 rows=110 width=125)
	  Recheck Cond: ((k >= 3348607) AND (k <= 3348707))
	  ->  Bitmap Index Scan on k_8  (cost=0.00..5.53 rows=110 width=0)
	        Index Cond: ((k >= 3348607) AND (k <= 3348707))
explain: for range-notcovered :: explain SELECT k, c FROM sbtest%d WHERE k BETWEEN 9066599 AND 9066699explain: for range-notcovered :: explain SELECT k, c FROM sbtest%d WHERE k BETWEEN 3169346 AND 3169446for range-notcovered
table 1 : explain SELECT k, c FROM sbtest1 WHERE k BETWEEN 5235916 AND 5236016
	Bitmap Heap Scan on sbtest1  (cost=5.49..413.25 rows=103 width=125)
	  Recheck Cond: ((k >= 5235916) AND (k <= 5236016))
	  ->  Bitmap Index Scan on k_1  (cost=0.00..5.46 rows=103 width=0)
	        Index Cond: ((k >= 5235916) AND (k <= 5236016))

table 2 : explain SELECT k, c FROM sbtest2 WHERE k BETWEEN 5235916 AND 5236016
	Bitmap Heap Scan on sbtest2  (cost=5.41..381.72 rows=95 width=125)
	  Recheck Cond: ((k >= 5235916) AND (k <= 5236016))
	  ->  Bitmap Index Scan on k_2  (cost=0.00..5.38 rows=95 width=0)
	        Index Cond: ((k >= 5235916) AND (k <= 5236016))

table 3 : explain SELECT k, c FROM sbtest3 WHERE k BETWEEN 5235916 AND 5236016
	Bitmap Heap Scan on sbtest3  (cost=5.57..444.79 rows=111 width=125)
	  Recheck Cond: ((k >= 5235916) AND (k <= 5236016))
	  ->  Bitmap Index Scan on k_3  (cost=0.00..5.54 rows=111 width=0)
	        Index Cond: ((k >= 5235916) AND (k <= 5236016))

table 4 : explain SELECT k, c FROM sbtest4 WHERE k BETWEEN 5235916 AND 5236016
	Bitmap Heap Scan on sbtest4  (cost=5.40..377.79 rows=94 width=125)
	  Recheck Cond: ((k >= 5235916) AND (k <= 5236016))
	  ->  Bitmap Index Scan on k_4  (cost=0.00..5.38 rows=94 width=0)
	        Index Cond: ((k >= 5235916) AND (k <= 5236016))

table 5 : explain SELECT k, c FROM sbtest5 WHERE k BETWEEN 5235916 AND 5236016
	Bitmap Heap Scan on sbtest5  (cost=5.55..436.92 rows=109 width=125)
	  Recheck Cond: ((k >= 5235916) AND (k <= 5236016))
	  ->  Bitmap Index Scan on k_5  (cost=0.00..5.52 rows=109 width=0)
	        Index Cond: ((k >= 5235916) AND (k <= 5236016))

table 6 : explain SELECT k, c FROM sbtest6 WHERE k BETWEEN 5235916 AND 5236016
	Bitmap Heap Scan on sbtest6  (cost=5.57..444.84 rows=111 width=125)
	  Recheck Cond: ((k >= 5235916) AND (k <= 5236016))
	  ->  Bitmap Index Scan on k_6  (cost=0.00..5.54 rows=111 width=0)
	        Index Cond: ((k >= 5235916) AND (k <= 5236016))

table 7 : explain SELECT k, c FROM sbtest7 WHERE k BETWEEN 5235916 AND 5236016
	Bitmap Heap Scan on sbtest7  (cost=5.49..413.30 rows=103 width=125)
	  Recheck Cond: ((k >= 5235916) AND (k <= 5236016))
	  ->  Bitmap Index Scan on k_7  (cost=0.00..5.46 rows=103 width=0)
	        Index Cond: ((k >= 5235916) AND (k <= 5236016))

table 8 : explain SELECT k, c FROM sbtest8 WHERE k BETWEEN 5235916 AND 5236016
	Bitmap Heap Scan on sbtest8  (cost=5.48..409.40 rows=102 width=125)
	  Recheck Cond: ((k >= 5235916) AND (k <= 5236016))
	  ->  Bitmap Index Scan on k_8  (cost=0.00..5.45 rows=102 width=0)
	        Index Cond: ((k >= 5235916) AND (k <= 5236016))

for range-notcovered
table 1 : explain SELECT k, c FROM sbtest1 WHERE k BETWEEN 7936229 AND 7936329
	Bitmap Heap Scan on sbtest1  (cost=5.46..401.43 rows=100 width=125)
	  Recheck Cond: ((k >= 7936229) AND (k <= 7936329))
	  ->  Bitmap Index Scan on k_1  (cost=0.00..5.43 rows=100 width=0)
	        Index Cond: ((k >= 7936229) AND (k <= 7936329))

table 2 : explain SELECT k, c FROM sbtest2 WHERE k BETWEEN 7936229 AND 7936329
	Bitmap Heap Scan on sbtest2  (cost=5.49..413.26 rows=103 width=125)
	  Recheck Cond: ((k >= 7936229) AND (k <= 7936329))
	  ->  Bitmap Index Scan on k_2  (cost=0.00..5.46 rows=103 width=0)
	        Index Cond: ((k >= 7936229) AND (k <= 7936329))

table 3 : explain SELECT k, c FROM sbtest3 WHERE k BETWEEN 7936229 AND 7936329
	Bitmap Heap Scan on sbtest3  (cost=5.39..373.84 rows=93 width=125)
	  Recheck Cond: ((k >= 7936229) AND (k <= 7936329))
	  ->  Bitmap Index Scan on k_3  (cost=0.00..5.36 rows=93 width=0)
	        Index Cond: ((k >= 7936229) AND (k <= 7936329))

table 4 : explain SELECT k, c FROM sbtest4 WHERE k BETWEEN 7936229 AND 7936329
	Bitmap Heap Scan on sbtest4  (cost=5.39..373.84 rows=93 width=125)
	  Recheck Cond: ((k >= 7936229) AND (k <= 7936329))
	  ->  Bitmap Index Scan on k_4  (cost=0.00..5.36 rows=93 width=0)
	        Index Cond: ((k >= 7936229) AND (k <= 7936329))

table 5 : explain SELECT k, c FROM sbtest5 WHERE k BETWEEN 7936229 AND 7936329
	Bitmap Heap Scan on sbtest5  (cost=5.49..413.28 rows=103 width=125)
	  Recheck Cond: ((k >= 7936229) AND (k <= 7936329))
	  ->  Bitmap Index Scan on k_5  (cost=0.00..5.46 rows=103 width=0)
	        Index Cond: ((k >= 7936229) AND (k <= 7936329))

table 6 : explain SELECT k, c FROM sbtest6 WHERE k BETWEEN 7936229 AND 7936329
	Bitmap Heap Scan on sbtest6  (cost=5.43..389.66 rows=97 width=125)
	  Recheck Cond: ((k >= 7936229) AND (k <= 7936329))
	  ->  Bitmap Index Scan on k_6  (cost=0.00..5.40 rows=97 width=0)
	        Index Cond: ((k >= 7936229) AND (k <= 7936329))

table 7 : explain SELECT k, c FROM sbtest7 WHERE k BETWEEN 7936229 AND 7936329
	Bitmap Heap Scan on sbtest7  (cost=5.55..436.95 rows=109 width=125)
	  Recheck Cond: ((k >= 7936229) AND (k <= 7936329))
	  ->  Bitmap Index Scan on k_7  (cost=0.00..5.52 rows=109 width=0)
	        Index Cond: ((k >= 7936229) AND (k <= 7936329))

table 8 : explain SELECT k, c FROM sbtest8 WHERE k BETWEEN 7936229 AND 7936329
	Bitmap Heap Scan on sbtest8  (cost=5.50..417.28 rows=104 width=125)
	  Recheck Cond: ((k >= 7936229) AND (k <= 7936329))
	  ->  Bitmap Index Scan on k_8  (cost=0.00..5.47 rows=104 width=0)
	        Index Cond: ((k >= 7936229) AND (k <= 7936329))

for range-notcovered
table 1 : explain SELECT k, c FROM sbtest1 WHERE k BETWEEN 4937242 AND 4937342
	Bitmap Heap Scan on sbtest1  (cost=5.47..405.37 rows=101 width=125)
	  Recheck Cond: ((k >= 4937242) AND (k <= 4937342))
	  ->  Bitmap Index Scan on k_1  (cost=0.00..5.44 rows=101 width=0)
	        Index Cond: ((k >= 4937242) AND (k <= 4937342))

table 2 : explain SELECT k, c FROM sbtest2 WHERE k BETWEEN 4937242 AND 4937342
	Bitmap Heap Scan on sbtest2  (cost=5.44..393.55 rows=98 width=125)
	  Recheck Cond: ((k >= 4937242) AND (k <= 4937342))
	  ->  Bitmap Index Scan on k_2  (cost=0.00..5.42 rows=98 width=0)
	        Index Cond: ((k >= 4937242) AND (k <= 4937342))

table 3 : explain SELECT k, c FROM sbtest3 WHERE k BETWEEN 4937242 AND 4937342
	Bitmap Heap Scan on sbtest3  (cost=5.51..421.15 rows=105 width=125)
	  Recheck Cond: ((k >= 4937242) AND (k <= 4937342))
	  ->  Bitmap Index Scan on k_3  (cost=0.00..5.48 rows=105 width=0)
	        Index Cond: ((k >= 4937242) AND (k <= 4937342))

table 4 : explain SELECT k, c FROM sbtest4 WHERE k BETWEEN 4937242 AND 4937342
	Bitmap Heap Scan on sbtest4  (cost=5.47..405.39 rows=101 width=125)
	  Recheck Cond: ((k >= 4937242) AND (k <= 4937342))
	  ->  Bitmap Index Scan on k_4  (cost=0.00..5.44 rows=101 width=0)
	        Index Cond: ((k >= 4937242) AND (k <= 4937342))

table 5 : explain SELECT k, c FROM sbtest5 WHERE k BETWEEN 4937242 AND 4937342
	Bitmap Heap Scan on sbtest5  (cost=5.46..401.46 rows=100 width=125)
	  Recheck Cond: ((k >= 4937242) AND (k <= 4937342))
	  ->  Bitmap Index Scan on k_5  (cost=0.00..5.43 rows=100 width=0)
	        Index Cond: ((k >= 4937242) AND (k <= 4937342))

table 6 : explain SELECT k, c FROM sbtest6 WHERE k BETWEEN 4937242 AND 4937342
	Bitmap Heap Scan on sbtest6  (cost=5.45..397.54 rows=99 width=125)
	  Recheck Cond: ((k >= 4937242) AND (k <= 4937342))
	  ->  Bitmap Index Scan on k_6  (cost=0.00..5.42 rows=99 width=0)
	        Index Cond: ((k >= 4937242) AND (k <= 4937342))

table 7 : explain SELECT k, c FROM sbtest7 WHERE k BETWEEN 4937242 AND 4937342
	Bitmap Heap Scan on sbtest7  (cost=5.45..397.53 rows=99 width=125)
	  Recheck Cond: ((k >= 4937242) AND (k <= 4937342))
	  ->  Bitmap Index Scan on k_7  (cost=0.00..5.42 rows=99 width=0)
	        Index Cond: ((k >= 4937242) AND (k <= 4937342))

table 8 : explain SELECT k, c FROM sbtest8 WHERE k BETWEEN 4937242 AND 4937342
	Bitmap Heap Scan on sbtest8  (cost=5.44..393.62 rows=98 width=125)
	  Recheck Cond: ((k >= 4937242) AND (k <= 4937342))
	  ->  Bitmap Index Scan on k_8  (cost=0.00..5.42 rows=98 width=0)
	        Index Cond: ((k >= 4937242) AND (k <= 4937342))

explain: for range-notcovered :: explain SELECT k, c FROM sbtest%d WHERE k BETWEEN 7296580 AND 7296680
for range-notcovered
table 1 : explain SELECT k, c FROM sbtest1 WHERE k BETWEEN 3475180 AND 3475280
	Bitmap Heap Scan on sbtest1  (cost=5.53..429.01 rows=107 width=125)
	  Recheck Cond: ((k >= 3475180) AND (k <= 3475280))
	  ->  Bitmap Index Scan on k_1  (cost=0.00..5.50 rows=107 width=0)
	        Index Cond: ((k >= 3475180) AND (k <= 3475280))

table 2 : explain SELECT k, c FROM sbtest2 WHERE k BETWEEN 3475180 AND 3475280
	Bitmap Heap Scan on sbtest2  (cost=5.51..421.14 rows=105 width=125)
	  Recheck Cond: ((k >= 3475180) AND (k <= 3475280))
	  ->  Bitmap Index Scan on k_2  (cost=0.00..5.48 rows=105 width=0)
	        Index Cond: ((k >= 3475180) AND (k <= 3475280))

table 3 : explain SELECT k, c FROM sbtest3 WHERE k BETWEEN 3475180 AND 3475280
	Bitmap Heap Scan on sbtest3  (cost=5.40..377.78 rows=94 width=125)
	  Recheck Cond: ((k >= 3475180) AND (k <= 3475280))
	  ->  Bitmap Index Scan on k_3  (cost=0.00..5.38 rows=94 width=0)
	        Index Cond: ((k >= 3475180) AND (k <= 3475280))

table 4 : explain SELECT k, c FROM sbtest4 WHERE k BETWEEN 3475180 AND 3475280
	Bitmap Heap Scan on sbtest4  (cost=5.57..444.80 rows=111 width=125)
	  Recheck Cond: ((k >= 3475180) AND (k <= 3475280))
	  ->  Bitmap Index Scan on k_4  (cost=0.00..5.54 rows=111 width=0)
	        Index Cond: ((k >= 3475180) AND (k <= 3475280))

table 5 : explain SELECT k, c FROM sbtest5 WHERE k BETWEEN 3475180 AND 3475280
	Bitmap Heap Scan on sbtest5  (cost=5.45..397.51 rows=99 width=125)
	  Recheck Cond: ((k >= 3475180) AND (k <= 3475280))
	  ->  Bitmap Index Scan on k_5  (cost=0.00..5.42 rows=99 width=0)
	        Index Cond: ((k >= 3475180) AND (k <= 3475280))

table 6 : explain SELECT k, c FROM sbtest6 WHERE k BETWEEN 3475180 AND 3475280
	Bitmap Heap Scan on sbtest6  (cost=5.44..393.60 rows=98 width=125)
	  Recheck Cond: ((k >= 3475180) AND (k <= 3475280))
	  ->  Bitmap Index Scan on k_6  (cost=0.00..5.42 rows=98 width=0)
	        Index Cond: ((k >= 3475180) AND (k <= 3475280))

table 7 : explain SELECT k, c FROM sbtest7 WHERE k BETWEEN 3475180 AND 3475280
	Bitmap Heap Scan on sbtest7  (cost=5.54..433.01 rows=108 width=125)
	  Recheck Cond: ((k >= 3475180) AND (k <= 3475280))
	  ->  Bitmap Index Scan on k_7  (cost=0.00..5.51 rows=108 width=0)
	        Index Cond: ((k >= 3475180) AND (k <= 3475280))

table 8 : explain SELECT k, c FROM sbtest8 WHERE k BETWEEN 3475180 AND 3475280
	Bitmap Heap Scan on sbtest8  (cost=5.45..397.57 rows=99 width=125)
	  Recheck Cond: ((k >= 3475180) AND (k <= 3475280))
	  ->  Bitmap Index Scan on k_8  (cost=0.00..5.42 rows=99 width=0)
	        Index Cond: ((k >= 3475180) AND (k <= 3475280))

explain: for range-notcovered :: explain SELECT k, c FROM sbtest%d WHERE k BETWEEN 5235916 AND 5236016explain: for range-notcovered :: explain SELECT k, c FROM sbtest%d WHERE k BETWEEN 5330440 AND 5330540explain: for range-notcovered :: explain SELECT k, c FROM sbtest%d WHERE k BETWEEN 4007277 AND 4007377explain: for range-notcovered :: explain SELECT k, c FROM sbtest%d WHERE k BETWEEN 7936229 AND 7936329for range-notcovered
table 1 : explain SELECT k, c FROM sbtest1 WHERE k BETWEEN 2173248 AND 2173348
	Bitmap Heap Scan on sbtest1  (cost=5.52..425.07 rows=106 width=125)
	  Recheck Cond: ((k >= 2173248) AND (k <= 2173348))
	  ->  Bitmap Index Scan on k_1  (cost=0.00..5.50 rows=106 width=0)
	        Index Cond: ((k >= 2173248) AND (k <= 2173348))

table 2 : explain SELECT k, c FROM sbtest2 WHERE k BETWEEN 2173248 AND 2173348
	Bitmap Heap Scan on sbtest2  (cost=5.55..436.90 rows=109 width=125)
	  Recheck Cond: ((k >= 2173248) AND (k <= 2173348))
	  ->  Bitmap Index Scan on k_2  (cost=0.00..5.52 rows=109 width=0)
	        Index Cond: ((k >= 2173248) AND (k <= 2173348))

table 3 : explain SELECT k, c FROM sbtest3 WHERE k BETWEEN 2173248 AND 2173348
	Bitmap Heap Scan on sbtest3  (cost=5.44..393.56 rows=98 width=125)
	  Recheck Cond: ((k >= 2173248) AND (k <= 2173348))
	  ->  Bitmap Index Scan on k_3  (cost=0.00..5.42 rows=98 width=0)
	        Index Cond: ((k >= 2173248) AND (k <= 2173348))

table 4 : explain SELECT k, c FROM sbtest4 WHERE k BETWEEN 2173248 AND 2173348
	Bitmap Heap Scan on sbtest4  (cost=5.53..429.04 rows=107 width=125)
	  Recheck Cond: ((k >= 2173248) AND (k <= 2173348))
	  ->  Bitmap Index Scan on k_4  (cost=0.00..5.50 rows=107 width=0)
	        Index Cond: ((k >= 2173248) AND (k <= 2173348))

table 5 : explain SELECT k, c FROM sbtest5 WHERE k BETWEEN 2173248 AND 2173348
	Bitmap Heap Scan on sbtest5  (cost=5.44..393.57 rows=98 width=125)
	  Recheck Cond: ((k >= 2173248) AND (k <= 2173348))
	  ->  Bitmap Index Scan on k_5  (cost=0.00..5.42 rows=98 width=0)
	        Index Cond: ((k >= 2173248) AND (k <= 2173348))

table 6 : explain SELECT k, c FROM sbtest6 WHERE k BETWEEN 2173248 AND 2173348
	Bitmap Heap Scan on sbtest6  (cost=5.36..362.04 rows=90 width=125)
	  Recheck Cond: ((k >= 2173248) AND (k <= 2173348))
	  ->  Bitmap Index Scan on k_6  (cost=0.00..5.33 rows=90 width=0)
	        Index Cond: ((k >= 2173248) AND (k <= 2173348))

table 7 : explain SELECT k, c FROM sbtest7 WHERE k BETWEEN 2173248 AND 2173348
	Bitmap Heap Scan on sbtest7  (cost=5.47..405.42 rows=101 width=125)
	  Recheck Cond: ((k >= 2173248) AND (k <= 2173348))
	  ->  Bitmap Index Scan on k_7  (cost=0.00..5.44 rows=101 width=0)
	        Index Cond: ((k >= 2173248) AND (k <= 2173348))

table 8 : explain SELECT k, c FROM sbtest8 WHERE k BETWEEN 2173248 AND 2173348
	Bitmap Heap Scan on sbtest8  (cost=5.45..397.57 rows=99 width=125)
	  Recheck Cond: ((k >= 2173248) AND (k <= 2173348))
	  ->  Bitmap Index Scan on k_8  (cost=0.00..5.42 rows=99 width=0)
	        Index Cond: ((k >= 2173248) AND (k <= 2173348))


explain: for range-notcovered :: explain SELECT k, c FROM sbtest%d WHERE k BETWEEN 2095794 AND 2095894for range-notcovered
table 1 : explain SELECT k, c FROM sbtest1 WHERE k BETWEEN 4047833 AND 4047933
	Bitmap Heap Scan on sbtest1  (cost=5.51..421.13 rows=105 width=125)
	  Recheck Cond: ((k >= 4047833) AND (k <= 4047933))
	  ->  Bitmap Index Scan on k_1  (cost=0.00..5.48 rows=105 width=0)
	        Index Cond: ((k >= 4047833) AND (k <= 4047933))

table 2 : explain SELECT k, c FROM sbtest2 WHERE k BETWEEN 4047833 AND 4047933
	Bitmap Heap Scan on sbtest2  (cost=5.43..389.60 rows=97 width=125)
	  Recheck Cond: ((k >= 4047833) AND (k <= 4047933))
	  ->  Bitmap Index Scan on k_2  (cost=0.00..5.40 rows=97 width=0)
	        Index Cond: ((k >= 4047833) AND (k <= 4047933))

table 3 : explain SELECT k, c FROM sbtest3 WHERE k BETWEEN 4047833 AND 4047933
	Bitmap Heap Scan on sbtest3  (cost=5.41..381.73 rows=95 width=125)
	  Recheck Cond: ((k >= 4047833) AND (k <= 4047933))
	  ->  Bitmap Index Scan on k_3  (cost=0.00..5.38 rows=95 width=0)
	        Index Cond: ((k >= 4047833) AND (k <= 4047933))

table 4 : explain SELECT k, c FROM sbtest4 WHERE k BETWEEN 4047833 AND 4047933
	Bitmap Heap Scan on sbtest4  (cost=5.49..413.28 rows=103 width=125)
	  Recheck Cond: ((k >= 4047833) AND (k <= 4047933))
	  ->  Bitmap Index Scan on k_4  (cost=0.00..5.46 rows=103 width=0)
	        Index Cond: ((k >= 4047833) AND (k <= 4047933))

table 5 : explain SELECT k, c FROM sbtest5 WHERE k BETWEEN 4047833 AND 4047933
	Bitmap Heap Scan on sbtest5  (cost=5.46..401.46 rows=100 width=125)
	  Recheck Cond: ((k >= 4047833) AND (k <= 4047933))
	  ->  Bitmap Index Scan on k_5  (cost=0.00..5.43 rows=100 width=0)
	        Index Cond: ((k >= 4047833) AND (k <= 4047933))

table 6 : explain SELECT k, c FROM sbtest6 WHERE k BETWEEN 4047833 AND 4047933
	Bitmap Heap Scan on sbtest6  (cost=5.48..409.37 rows=102 width=125)
	  Recheck Cond: ((k >= 4047833) AND (k <= 4047933))
	  ->  Bitmap Index Scan on k_6  (cost=0.00..5.45 rows=102 width=0)
	        Index Cond: ((k >= 4047833) AND (k <= 4047933))

table 7 : explain SELECT k, c FROM sbtest7 WHERE k BETWEEN 4047833 AND 4047933
	Bitmap Heap Scan on sbtest7  (cost=5.49..413.30 rows=103 width=125)
	  Recheck Cond: ((k >= 4047833) AND (k <= 4047933))
	  ->  Bitmap Index Scan on k_7  (cost=0.00..5.46 rows=103 width=0)
	        Index Cond: ((k >= 4047833) AND (k <= 4047933))

table 8 : explain SELECT k, c FROM sbtest8 WHERE k BETWEEN 4047833 AND 4047933
	Bitmap Heap Scan on sbtest8  (cost=5.50..417.28 rows=104 width=125)
	  Recheck Cond: ((k >= 4047833) AND (k <= 4047933))
	  ->  Bitmap Index Scan on k_8  (cost=0.00..5.47 rows=104 width=0)
	        Index Cond: ((k >= 4047833) AND (k <= 4047933))
for range-notcovered
table 1 : explain SELECT k, c FROM sbtest1 WHERE k BETWEEN 6751162 AND 6751262
	Bitmap Heap Scan on sbtest1  (cost=5.47..405.37 rows=101 width=125)
	  Recheck Cond: ((k >= 6751162) AND (k <= 6751262))
	  ->  Bitmap Index Scan on k_1  (cost=0.00..5.44 rows=101 width=0)
	        Index Cond: ((k >= 6751162) AND (k <= 6751262))

table 2 : explain SELECT k, c FROM sbtest2 WHERE k BETWEEN 6751162 AND 6751262
	Bitmap Heap Scan on sbtest2  (cost=5.44..393.55 rows=98 width=125)
	  Recheck Cond: ((k >= 6751162) AND (k <= 6751262))
	  ->  Bitmap Index Scan on k_2  (cost=0.00..5.42 rows=98 width=0)
	        Index Cond: ((k >= 6751162) AND (k <= 6751262))

table 3 : explain SELECT k, c FROM sbtest3 WHERE k BETWEEN 6751162 AND 6751262
	Bitmap Heap Scan on sbtest3  (cost=5.46..401.44 rows=100 width=125)
	  Recheck Cond: ((k >= 6751162) AND (k <= 6751262))
	  ->  Bitmap Index Scan on k_3  (cost=0.00..5.43 rows=100 width=0)
	        Index Cond: ((k >= 6751162) AND (k <= 6751262))

table 4 : explain SELECT k, c FROM sbtest4 WHERE k BETWEEN 6751162 AND 6751262
	Bitmap Heap Scan on sbtest4  (cost=5.48..409.34 rows=102 width=125)
	  Recheck Cond: ((k >= 6751162) AND (k <= 6751262))
	  ->  Bitmap Index Scan on k_4  (cost=0.00..5.45 rows=102 width=0)
	        Index Cond: ((k >= 6751162) AND (k <= 6751262))

table 5 : explain SELECT k, c FROM sbtest5 WHERE k BETWEEN 6751162 AND 6751262
	Bitmap Heap Scan on sbtest5  (cost=5.51..421.16 rows=105 width=125)
	  Recheck Cond: ((k >= 6751162) AND (k <= 6751262))
	  ->  Bitmap Index Scan on k_5  (cost=0.00..5.48 rows=105 width=0)
	        Index Cond: ((k >= 6751162) AND (k <= 6751262))

table 6 : explain SELECT k, c FROM sbtest6 WHERE k BETWEEN 6751162 AND 6751262
	Bitmap Heap Scan on sbtest6  (cost=5.42..385.71 rows=96 width=125)
	  Recheck Cond: ((k >= 6751162) AND (k <= 6751262))
	  ->  Bitmap Index Scan on k_6  (cost=0.00..5.39 rows=96 width=0)
	        Index Cond: ((k >= 6751162) AND (k <= 6751262))

table 7 : explain SELECT k, c FROM sbtest7 WHERE k BETWEEN 6751162 AND 6751262
	Bitmap Heap Scan on sbtest7  (cost=5.69..488.12 rows=122 width=125)
	  Recheck Cond: ((k >= 6751162) AND (k <= 6751262))
	  ->  Bitmap Index Scan on k_7  (cost=0.00..5.65 rows=122 width=0)
	        Index Cond: ((k >= 6751162) AND (k <= 6751262))

table 8 : explain SELECT k, c FROM sbtest8 WHERE k BETWEEN 6751162 AND 6751262
	Bitmap Heap Scan on sbtest8  (cost=5.42..385.73 rows=96 width=125)
	  Recheck Cond: ((k >= 6751162) AND (k <= 6751262))
	  ->  Bitmap Index Scan on k_8  (cost=0.00..5.39 rows=96 width=0)
	        Index Cond: ((k >= 6751162) AND (k <= 6751262))


for range-notcovered
table 1 : explain SELECT k, c FROM sbtest1 WHERE k BETWEEN 4344122 AND 4344222
	Bitmap Heap Scan on sbtest1  (cost=5.50..417.19 rows=104 width=125)
	  Recheck Cond: ((k >= 4344122) AND (k <= 4344222))
	  ->  Bitmap Index Scan on k_1  (cost=0.00..5.47 rows=104 width=0)
	        Index Cond: ((k >= 4344122) AND (k <= 4344222))

table 2 : explain SELECT k, c FROM sbtest2 WHERE k BETWEEN 4344122 AND 4344222
	Bitmap Heap Scan on sbtest2  (cost=5.40..377.77 rows=94 width=125)
	  Recheck Cond: ((k >= 4344122) AND (k <= 4344222))
	  ->  Bitmap Index Scan on k_2  (cost=0.00..5.38 rows=94 width=0)
	        Index Cond: ((k >= 4344122) AND (k <= 4344222))

table 3 : explain SELECT k, c FROM sbtest3 WHERE k BETWEEN 4344122 AND 4344222
	Bitmap Heap Scan on sbtest3  (cost=5.52..425.09 rows=106 width=125)
	  Recheck Cond: ((k >= 4344122) AND (k <= 4344222))
	  ->  Bitmap Index Scan on k_3  (cost=0.00..5.50 rows=106 width=0)
	        Index Cond: ((k >= 4344122) AND (k <= 4344222))

table 4 : explain SELECT k, c FROM sbtest4 WHERE k BETWEEN 4344122 AND 4344222
	Bitmap Heap Scan on sbtest4  (cost=5.44..393.57 rows=98 width=125)
	  Recheck Cond: ((k >= 4344122) AND (k <= 4344222))
	  ->  Bitmap Index Scan on k_4  (cost=0.00..5.42 rows=98 width=0)
	        Index Cond: ((k >= 4344122) AND (k <= 4344222))

table 5 : explain SELECT k, c FROM sbtest5 WHERE k BETWEEN 4344122 AND 4344222
	Bitmap Heap Scan on sbtest5  (cost=5.59..452.68 rows=113 width=125)
	  Recheck Cond: ((k >= 4344122) AND (k <= 4344222))
	  ->  Bitmap Index Scan on k_5  (cost=0.00..5.56 rows=113 width=0)
	        Index Cond: ((k >= 4344122) AND (k <= 4344222))

table 6 : explain SELECT k, c FROM sbtest6 WHERE k BETWEEN 4344122 AND 4344222
	Bitmap Heap Scan on sbtest6  (cost=5.48..409.37 rows=102 width=125)
	  Recheck Cond: ((k >= 4344122) AND (k <= 4344222))
	  ->  Bitmap Index Scan on k_6  (cost=0.00..5.45 rows=102 width=0)
	        Index Cond: ((k >= 4344122) AND (k <= 4344222))

table 7 : explain SELECT k, c FROM sbtest7 WHERE k BETWEEN 4344122 AND 4344222
	Bitmap Heap Scan on sbtest7  (cost=5.40..377.81 rows=94 width=125)
	  Recheck Cond: ((k >= 4344122) AND (k <= 4344222))
	  ->  Bitmap Index Scan on k_7  (cost=0.00..5.38 rows=94 width=0)
	        Index Cond: ((k >= 4344122) AND (k <= 4344222))

table 8 : explain SELECT k, c FROM sbtest8 WHERE k BETWEEN 4344122 AND 4344222
	Bitmap Heap Scan on sbtest8  (cost=5.50..417.28 rows=104 width=125)
	  Recheck Cond: ((k >= 4344122) AND (k <= 4344222))
	  ->  Bitmap Index Scan on k_8  (cost=0.00..5.47 rows=104 width=0)
	        Index Cond: ((k >= 4344122) AND (k <= 4344222))

for range-notcovered
table 1 : explain SELECT k, c FROM sbtest1 WHERE k BETWEEN 4957913 AND 4958013
	Bitmap Heap Scan on sbtest1  (cost=5.47..405.37 rows=101 width=125)
	  Recheck Cond: ((k >= 4957913) AND (k <= 4958013))
	  ->  Bitmap Index Scan on k_1  (cost=0.00..5.44 rows=101 width=0)
	        Index Cond: ((k >= 4957913) AND (k <= 4958013))

table 2 : explain SELECT k, c FROM sbtest2 WHERE k BETWEEN 4957913 AND 4958013
	Bitmap Heap Scan on sbtest2  (cost=5.48..409.32 rows=102 width=125)
	  Recheck Cond: ((k >= 4957913) AND (k <= 4958013))
	  ->  Bitmap Index Scan on k_2  (cost=0.00..5.45 rows=102 width=0)
	        Index Cond: ((k >= 4957913) AND (k <= 4958013))

table 3 : explain SELECT k, c FROM sbtest3 WHERE k BETWEEN 4957913 AND 4958013
	Bitmap Heap Scan on sbtest3  (cost=5.51..421.15 rows=105 width=125)
	  Recheck Cond: ((k >= 4957913) AND (k <= 4958013))
	  ->  Bitmap Index Scan on k_3  (cost=0.00..5.48 rows=105 width=0)
	        Index Cond: ((k >= 4957913) AND (k <= 4958013))

table 4 : explain SELECT k, c FROM sbtest4 WHERE k BETWEEN 4957913 AND 4958013
	Bitmap Heap Scan on sbtest4  (cost=5.47..405.39 rows=101 width=125)
	  Recheck Cond: ((k >= 4957913) AND (k <= 4958013))
	  ->  Bitmap Index Scan on k_4  (cost=0.00..5.44 rows=101 width=0)
	        Index Cond: ((k >= 4957913) AND (k <= 4958013))

table 5 : explain SELECT k, c FROM sbtest5 WHERE k BETWEEN 4957913 AND 4958013
	Bitmap Heap Scan on sbtest5  (cost=5.46..401.46 rows=100 width=125)
	  Recheck Cond: ((k >= 4957913) AND (k <= 4958013))
	  ->  Bitmap Index Scan on k_5  (cost=0.00..5.43 rows=100 width=0)
	        Index Cond: ((k >= 4957913) AND (k <= 4958013))

table 6 : explain SELECT k, c FROM sbtest6 WHERE k BETWEEN 4957913 AND 4958013
	Bitmap Heap Scan on sbtest6  (cost=5.45..397.54 rows=99 width=125)
	  Recheck Cond: ((k >= 4957913) AND (k <= 4958013))
	  ->  Bitmap Index Scan on k_6  (cost=0.00..5.42 rows=99 width=0)
	        Index Cond: ((k >= 4957913) AND (k <= 4958013))

table 7 : explain SELECT k, c FROM sbtest7 WHERE k BETWEEN 4957913 AND 4958013
	Bitmap Heap Scan on sbtest7  (cost=5.45..397.53 rows=99 width=125)
	  Recheck Cond: ((k >= 4957913) AND (k <= 4958013))
	  ->  Bitmap Index Scan on k_7  (cost=0.00..5.42 rows=99 width=0)
	        Index Cond: ((k >= 4957913) AND (k <= 4958013))

table 8 : explain SELECT k, c FROM sbtest8 WHERE k BETWEEN 4957913 AND 4958013
	Bitmap Heap Scan on sbtest8  (cost=5.45..397.57 rows=99 width=125)
	  Recheck Cond: ((k >= 4957913) AND (k <= 4958013))
	  ->  Bitmap Index Scan on k_8  (cost=0.00..5.42 rows=99 width=0)
	        Index Cond: ((k >= 4957913) AND (k <= 4958013))

for range-notcovered
table 1 : explain SELECT k, c FROM sbtest1 WHERE k BETWEEN 5421055 AND 5421155
	Bitmap Heap Scan on sbtest1  (cost=5.46..401.43 rows=100 width=125)
	  Recheck Cond: ((k >= 5421055) AND (k <= 5421155))
	  ->  Bitmap Index Scan on k_1  (cost=0.00..5.43 rows=100 width=0)
	        Index Cond: ((k >= 5421055) AND (k <= 5421155))

table 2 : explain SELECT k, c FROM sbtest2 WHERE k BETWEEN 5421055 AND 5421155
	Bitmap Heap Scan on sbtest2  (cost=5.45..397.49 rows=99 width=125)
	  Recheck Cond: ((k >= 5421055) AND (k <= 5421155))
	  ->  Bitmap Index Scan on k_2  (cost=0.00..5.42 rows=99 width=0)
	        Index Cond: ((k >= 5421055) AND (k <= 5421155))

table 3 : explain SELECT k, c FROM sbtest3 WHERE k BETWEEN 5421055 AND 5421155
	Bitmap Heap Scan on sbtest3  (cost=5.39..373.84 rows=93 width=125)
	  Recheck Cond: ((k >= 5421055) AND (k <= 5421155))
	  ->  Bitmap Index Scan on k_3  (cost=0.00..5.36 rows=93 width=0)
	        Index Cond: ((k >= 5421055) AND (k <= 5421155))

table 4 : explain SELECT k, c FROM sbtest4 WHERE k BETWEEN 5421055 AND 5421155
	Bitmap Heap Scan on sbtest4  (cost=5.58..448.73 rows=112 width=125)
	  Recheck Cond: ((k >= 5421055) AND (k <= 5421155))
	  ->  Bitmap Index Scan on k_4  (cost=0.00..5.55 rows=112 width=0)
	        Index Cond: ((k >= 5421055) AND (k <= 5421155))

table 5 : explain SELECT k, c FROM sbtest5 WHERE k BETWEEN 5421055 AND 5421155
	Bitmap Heap Scan on sbtest5  (cost=5.44..393.57 rows=98 width=125)
	  Recheck Cond: ((k >= 5421055) AND (k <= 5421155))
	  ->  Bitmap Index Scan on k_5  (cost=0.00..5.42 rows=98 width=0)
	        Index Cond: ((k >= 5421055) AND (k <= 5421155))

table 6 : explain SELECT k, c FROM sbtest6 WHERE k BETWEEN 5421055 AND 5421155
	Bitmap Heap Scan on sbtest6  (cost=5.51..421.20 rows=105 width=125)
	  Recheck Cond: ((k >= 5421055) AND (k <= 5421155))
	  ->  Bitmap Index Scan on k_6  (cost=0.00..5.48 rows=105 width=0)
	        Index Cond: ((k >= 5421055) AND (k <= 5421155))

table 7 : explain SELECT k, c FROM sbtest7 WHERE k BETWEEN 5421055 AND 5421155
	Bitmap Heap Scan on sbtest7  (cost=5.43..389.64 rows=97 width=125)
	  Recheck Cond: ((k >= 5421055) AND (k <= 5421155))
	  ->  Bitmap Index Scan on k_7  (cost=0.00..5.40 rows=97 width=0)
	        Index Cond: ((k >= 5421055) AND (k <= 5421155))

table 8 : explain SELECT k, c FROM sbtest8 WHERE k BETWEEN 5421055 AND 5421155
	Bitmap Heap Scan on sbtest8  (cost=5.44..393.62 rows=98 width=125)
	  Recheck Cond: ((k >= 5421055) AND (k <= 5421155))
	  ->  Bitmap Index Scan on k_8  (cost=0.00..5.42 rows=98 width=0)
	        Index Cond: ((k >= 5421055) AND (k <= 5421155))

for range-notcovered
table 1 : explain SELECT k, c FROM sbtest1 WHERE k BETWEEN 3662722 AND 3662822
	Bitmap Heap Scan on sbtest1  (cost=5.42..385.66 rows=96 width=125)
	  Recheck Cond: ((k >= 3662722) AND (k <= 3662822))
	  ->  Bitmap Index Scan on k_1  (cost=0.00..5.39 rows=96 width=0)
	        Index Cond: ((k >= 3662722) AND (k <= 3662822))

table 2 : explain SELECT k, c FROM sbtest2 WHERE k BETWEEN 3662722 AND 3662822
	Bitmap Heap Scan on sbtest2  (cost=5.53..429.02 rows=107 width=125)
	  Recheck Cond: ((k >= 3662722) AND (k <= 3662822))
	  ->  Bitmap Index Scan on k_2  (cost=0.00..5.50 rows=107 width=0)
	        Index Cond: ((k >= 3662722) AND (k <= 3662822))

table 3 : explain SELECT k, c FROM sbtest3 WHERE k BETWEEN 3662722 AND 3662822
	Bitmap Heap Scan on sbtest3  (cost=5.39..373.84 rows=93 width=125)
	  Recheck Cond: ((k >= 3662722) AND (k <= 3662822))
	  ->  Bitmap Index Scan on k_3  (cost=0.00..5.36 rows=93 width=0)
	        Index Cond: ((k >= 3662722) AND (k <= 3662822))

table 4 : explain SELECT k, c FROM sbtest4 WHERE k BETWEEN 3662722 AND 3662822
	Bitmap Heap Scan on sbtest4  (cost=5.49..413.28 rows=103 width=125)
	  Recheck Cond: ((k >= 3662722) AND (k <= 3662822))
	  ->  Bitmap Index Scan on k_4  (cost=0.00..5.46 rows=103 width=0)
	        Index Cond: ((k >= 3662722) AND (k <= 3662822))

table 5 : explain SELECT k, c FROM sbtest5 WHERE k BETWEEN 3662722 AND 3662822
	Bitmap Heap Scan on sbtest5  (cost=5.35..358.06 rows=89 width=125)
	  Recheck Cond: ((k >= 3662722) AND (k <= 3662822))
	  ->  Bitmap Index Scan on k_5  (cost=0.00..5.32 rows=89 width=0)
	        Index Cond: ((k >= 3662722) AND (k <= 3662822))

table 6 : explain SELECT k, c FROM sbtest6 WHERE k BETWEEN 3662722 AND 3662822
	Bitmap Heap Scan on sbtest6  (cost=5.55..436.96 rows=109 width=125)
	  Recheck Cond: ((k >= 3662722) AND (k <= 3662822))
	  ->  Bitmap Index Scan on k_6  (cost=0.00..5.52 rows=109 width=0)
	        Index Cond: ((k >= 3662722) AND (k <= 3662822))

table 7 : explain SELECT k, c FROM sbtest7 WHERE k BETWEEN 3662722 AND 3662822
	Bitmap Heap Scan on sbtest7  (cost=5.49..413.30 rows=103 width=125)
	  Recheck Cond: ((k >= 3662722) AND (k <= 3662822))
	  ->  Bitmap Index Scan on k_7  (cost=0.00..5.46 rows=103 width=0)
	        Index Cond: ((k >= 3662722) AND (k <= 3662822))

table 8 : explain SELECT k, c FROM sbtest8 WHERE k BETWEEN 3662722 AND 3662822
	Bitmap Heap Scan on sbtest8  (cost=5.45..397.57 rows=99 width=125)
	  Recheck Cond: ((k >= 3662722) AND (k <= 3662822))
	  ->  Bitmap Index Scan on k_8  (cost=0.00..5.42 rows=99 width=0)
	        Index Cond: ((k >= 3662722) AND (k <= 3662822))

explain: for range-notcovered :: explain SELECT k, c FROM sbtest%d WHERE k BETWEEN 3887905 AND 3888005explain: for range-notcovered :: explain SELECT k, c FROM sbtest%d WHERE k BETWEEN 6751162 AND 6751262for range-notcovered
table 1 : explain SELECT k, c FROM sbtest1 WHERE k BETWEEN 4976738 AND 4976838
	Bitmap Heap Scan on sbtest1  (cost=5.47..405.37 rows=101 width=125)
	  Recheck Cond: ((k >= 4976738) AND (k <= 4976838))
	  ->  Bitmap Index Scan on k_1  (cost=0.00..5.44 rows=101 width=0)
	        Index Cond: ((k >= 4976738) AND (k <= 4976838))

table 2 : explain SELECT k, c FROM sbtest2 WHERE k BETWEEN 4976738 AND 4976838
	Bitmap Heap Scan on sbtest2  (cost=5.48..409.32 rows=102 width=125)
	  Recheck Cond: ((k >= 4976738) AND (k <= 4976838))
	  ->  Bitmap Index Scan on k_2  (cost=0.00..5.45 rows=102 width=0)
	        Index Cond: ((k >= 4976738) AND (k <= 4976838))

table 3 : explain SELECT k, c FROM sbtest3 WHERE k BETWEEN 4976738 AND 4976838
	Bitmap Heap Scan on sbtest3  (cost=5.51..421.15 rows=105 width=125)
	  Recheck Cond: ((k >= 4976738) AND (k <= 4976838))
	  ->  Bitmap Index Scan on k_3  (cost=0.00..5.48 rows=105 width=0)
	        Index Cond: ((k >= 4976738) AND (k <= 4976838))

table 4 : explain SELECT k, c FROM sbtest4 WHERE k BETWEEN 4976738 AND 4976838
	Bitmap Heap Scan on sbtest4  (cost=5.47..405.39 rows=101 width=125)
	  Recheck Cond: ((k >= 4976738) AND (k <= 4976838))
	  ->  Bitmap Index Scan on k_4  (cost=0.00..5.44 rows=101 width=0)
	        Index Cond: ((k >= 4976738) AND (k <= 4976838))

table 5 : explain SELECT k, c FROM sbtest5 WHERE k BETWEEN 4976738 AND 4976838
	Bitmap Heap Scan on sbtest5  (cost=5.55..436.92 rows=109 width=125)
	  Recheck Cond: ((k >= 4976738) AND (k <= 4976838))
	  ->  Bitmap Index Scan on k_5  (cost=0.00..5.52 rows=109 width=0)
	        Index Cond: ((k >= 4976738) AND (k <= 4976838))

table 6 : explain SELECT k, c FROM sbtest6 WHERE k BETWEEN 4976738 AND 4976838
	Bitmap Heap Scan on sbtest6  (cost=5.45..397.54 rows=99 width=125)
	  Recheck Cond: ((k >= 4976738) AND (k <= 4976838))
	  ->  Bitmap Index Scan on k_6  (cost=0.00..5.42 rows=99 width=0)
	        Index Cond: ((k >= 4976738) AND (k <= 4976838))

table 7 : explain SELECT k, c FROM sbtest7 WHERE k BETWEEN 4976738 AND 4976838
	Bitmap Heap Scan on sbtest7  (cost=5.45..397.53 rows=99 width=125)
	  Recheck Cond: ((k >= 4976738) AND (k <= 4976838))
	  ->  Bitmap Index Scan on k_7  (cost=0.00..5.42 rows=99 width=0)
	        Index Cond: ((k >= 4976738) AND (k <= 4976838))

table 8 : explain SELECT k, c FROM sbtest8 WHERE k BETWEEN 4976738 AND 4976838
	Bitmap Heap Scan on sbtest8  (cost=5.45..397.57 rows=99 width=125)
	  Recheck Cond: ((k >= 4976738) AND (k <= 4976838))
	  ->  Bitmap Index Scan on k_8  (cost=0.00..5.42 rows=99 width=0)
	        Index Cond: ((k >= 4976738) AND (k <= 4976838))





explain: for range-notcovered :: explain SELECT k, c FROM sbtest%d WHERE k BETWEEN 5421055 AND 5421155
explain: for range-notcovered :: explain SELECT k, c FROM sbtest%d WHERE k BETWEEN 3662722 AND 3662822


explain: for range-notcovered :: explain SELECT k, c FROM sbtest%d WHERE k BETWEEN 4976738 AND 4976838explain: for range-notcovered :: explain SELECT k, c FROM sbtest%d WHERE k BETWEEN 4937242 AND 4937342


for range-notcovered
table 1 : explain SELECT k, c FROM sbtest1 WHERE k BETWEEN 6548505 AND 6548605
	Bitmap Heap Scan on sbtest1  (cost=5.41..381.71 rows=95 width=125)
	  Recheck Cond: ((k >= 6548505) AND (k <= 6548605))
	  ->  Bitmap Index Scan on k_1  (cost=0.00..5.38 rows=95 width=0)
	        Index Cond: ((k >= 6548505) AND (k <= 6548605))

table 2 : explain SELECT k, c FROM sbtest2 WHERE k BETWEEN 6548505 AND 6548605
	Bitmap Heap Scan on sbtest2  (cost=5.49..413.26 rows=103 width=125)
	  Recheck Cond: ((k >= 6548505) AND (k <= 6548605))
	  ->  Bitmap Index Scan on k_2  (cost=0.00..5.46 rows=103 width=0)
	        Index Cond: ((k >= 6548505) AND (k <= 6548605))

table 3 : explain SELECT k, c FROM sbtest3 WHERE k BETWEEN 6548505 AND 6548605
	Bitmap Heap Scan on sbtest3  (cost=5.52..425.09 rows=106 width=125)
	  Recheck Cond: ((k >= 6548505) AND (k <= 6548605))
	  ->  Bitmap Index Scan on k_3  (cost=0.00..5.50 rows=106 width=0)
	        Index Cond: ((k >= 6548505) AND (k <= 6548605))

table 4 : explain SELECT k, c FROM sbtest4 WHERE k BETWEEN 6548505 AND 6548605
	Bitmap Heap Scan on sbtest4  (cost=5.40..377.79 rows=94 width=125)
	  Recheck Cond: ((k >= 6548505) AND (k <= 6548605))
	  ->  Bitmap Index Scan on k_4  (cost=0.00..5.38 rows=94 width=0)
	        Index Cond: ((k >= 6548505) AND (k <= 6548605))

table 5 : explain SELECT k, c FROM sbtest5 WHERE k BETWEEN 6548505 AND 6548605
	Bitmap Heap Scan on sbtest5  (cost=5.43..389.63 rows=97 width=125)
	  Recheck Cond: ((k >= 6548505) AND (k <= 6548605))
	  ->  Bitmap Index Scan on k_5  (cost=0.00..5.40 rows=97 width=0)
	        Index Cond: ((k >= 6548505) AND (k <= 6548605))

table 6 : explain SELECT k, c FROM sbtest6 WHERE k BETWEEN 6548505 AND 6548605
	Bitmap Heap Scan on sbtest6  (cost=5.40..377.82 rows=94 width=125)
	  Recheck Cond: ((k >= 6548505) AND (k <= 6548605))
	  ->  Bitmap Index Scan on k_6  (cost=0.00..5.38 rows=94 width=0)
	        Index Cond: ((k >= 6548505) AND (k <= 6548605))

table 7 : explain SELECT k, c FROM sbtest7 WHERE k BETWEEN 6548505 AND 6548605
	Bitmap Heap Scan on sbtest7  (cost=5.52..425.13 rows=106 width=125)
	  Recheck Cond: ((k >= 6548505) AND (k <= 6548605))
	  ->  Bitmap Index Scan on k_7  (cost=0.00..5.50 rows=106 width=0)
	        Index Cond: ((k >= 6548505) AND (k <= 6548605))

table 8 : explain SELECT k, c FROM sbtest8 WHERE k BETWEEN 6548505 AND 6548605
	Bitmap Heap Scan on sbtest8  (cost=5.44..393.62 rows=98 width=125)
	  Recheck Cond: ((k >= 6548505) AND (k <= 6548605))
	  ->  Bitmap Index Scan on k_8  (cost=0.00..5.42 rows=98 width=0)
	        Index Cond: ((k >= 6548505) AND (k <= 6548605))

for range-notcovered
table 1 : explain SELECT k, c FROM sbtest1 WHERE k BETWEEN 2729283 AND 2729383
	Bitmap Heap Scan on sbtest1  (cost=5.48..409.31 rows=102 width=125)
	  Recheck Cond: ((k >= 2729283) AND (k <= 2729383))
	  ->  Bitmap Index Scan on k_1  (cost=0.00..5.45 rows=102 width=0)
	        Index Cond: ((k >= 2729283) AND (k <= 2729383))

table 2 : explain SELECT k, c FROM sbtest2 WHERE k BETWEEN 2729283 AND 2729383
	Bitmap Heap Scan on sbtest2  (cost=5.35..358.04 rows=89 width=125)
	  Recheck Cond: ((k >= 2729283) AND (k <= 2729383))
	  ->  Bitmap Index Scan on k_2  (cost=0.00..5.32 rows=89 width=0)
	        Index Cond: ((k >= 2729283) AND (k <= 2729383))

table 3 : explain SELECT k, c FROM sbtest3 WHERE k BETWEEN 2729283 AND 2729383
	Bitmap Heap Scan on sbtest3  (cost=5.46..401.44 rows=100 width=125)
	  Recheck Cond: ((k >= 2729283) AND (k <= 2729383))
	  ->  Bitmap Index Scan on k_3  (cost=0.00..5.43 rows=100 width=0)
	        Index Cond: ((k >= 2729283) AND (k <= 2729383))

table 4 : explain SELECT k, c FROM sbtest4 WHERE k BETWEEN 2729283 AND 2729383
	Bitmap Heap Scan on sbtest4  (cost=5.51..421.16 rows=105 width=125)
	  Recheck Cond: ((k >= 2729283) AND (k <= 2729383))
	  ->  Bitmap Index Scan on k_4  (cost=0.00..5.48 rows=105 width=0)
	        Index Cond: ((k >= 2729283) AND (k <= 2729383))

table 5 : explain SELECT k, c FROM sbtest5 WHERE k BETWEEN 2729283 AND 2729383
	Bitmap Heap Scan on sbtest5  (cost=5.57..444.80 rows=111 width=125)
	  Recheck Cond: ((k >= 2729283) AND (k <= 2729383))
	  ->  Bitmap Index Scan on k_5  (cost=0.00..5.54 rows=111 width=0)
	        Index Cond: ((k >= 2729283) AND (k <= 2729383))

table 6 : explain SELECT k, c FROM sbtest6 WHERE k BETWEEN 2729283 AND 2729383
	Bitmap Heap Scan on sbtest6  (cost=5.49..413.32 rows=103 width=125)
	  Recheck Cond: ((k >= 2729283) AND (k <= 2729383))
	  ->  Bitmap Index Scan on k_6  (cost=0.00..5.46 rows=103 width=0)
	        Index Cond: ((k >= 2729283) AND (k <= 2729383))

table 7 : explain SELECT k, c FROM sbtest7 WHERE k BETWEEN 2729283 AND 2729383
	Bitmap Heap Scan on sbtest7  (cost=5.60..456.64 rows=114 width=125)
	  Recheck Cond: ((k >= 2729283) AND (k <= 2729383))
	  ->  Bitmap Index Scan on k_7  (cost=0.00..5.58 rows=114 width=0)
	        Index Cond: ((k >= 2729283) AND (k <= 2729383))

table 8 : explain SELECT k, c FROM sbtest8 WHERE k BETWEEN 2729283 AND 2729383
	Bitmap Heap Scan on sbtest8  (cost=5.55..436.99 rows=109 width=125)
	  Recheck Cond: ((k >= 2729283) AND (k <= 2729383))
	  ->  Bitmap Index Scan on k_8  (cost=0.00..5.52 rows=109 width=0)
	        Index Cond: ((k >= 2729283) AND (k <= 2729383))

for range-notcovered
table 1 : explain SELECT k, c FROM sbtest1 WHERE k BETWEEN 5368835 AND 5368935
	Bitmap Heap Scan on sbtest1  (cost=5.46..401.43 rows=100 width=125)
	  Recheck Cond: ((k >= 5368835) AND (k <= 5368935))
	  ->  Bitmap Index Scan on k_1  (cost=0.00..5.43 rows=100 width=0)
	        Index Cond: ((k >= 5368835) AND (k <= 5368935))

table 2 : explain SELECT k, c FROM sbtest2 WHERE k BETWEEN 5368835 AND 5368935
	Bitmap Heap Scan on sbtest2  (cost=5.45..397.49 rows=99 width=125)
	  Recheck Cond: ((k >= 5368835) AND (k <= 5368935))
	  ->  Bitmap Index Scan on k_2  (cost=0.00..5.42 rows=99 width=0)
	        Index Cond: ((k >= 5368835) AND (k <= 5368935))

table 3 : explain SELECT k, c FROM sbtest3 WHERE k BETWEEN 5368835 AND 5368935
	Bitmap Heap Scan on sbtest3  (cost=5.39..373.84 rows=93 width=125)
	  Recheck Cond: ((k >= 5368835) AND (k <= 5368935))
	  ->  Bitmap Index Scan on k_3  (cost=0.00..5.36 rows=93 width=0)
	        Index Cond: ((k >= 5368835) AND (k <= 5368935))

table 4 : explain SELECT k, c FROM sbtest4 WHERE k BETWEEN 5368835 AND 5368935
	Bitmap Heap Scan on sbtest4  (cost=5.42..385.68 rows=96 width=125)
	  Recheck Cond: ((k >= 5368835) AND (k <= 5368935))
	  ->  Bitmap Index Scan on k_4  (cost=0.00..5.39 rows=96 width=0)
	        Index Cond: ((k >= 5368835) AND (k <= 5368935))

table 5 : explain SELECT k, c FROM sbtest5 WHERE k BETWEEN 5368835 AND 5368935
	Bitmap Heap Scan on sbtest5  (cost=5.44..393.57 rows=98 width=125)
	  Recheck Cond: ((k >= 5368835) AND (k <= 5368935))
	  ->  Bitmap Index Scan on k_5  (cost=0.00..5.42 rows=98 width=0)
	        Index Cond: ((k >= 5368835) AND (k <= 5368935))

table 6 : explain SELECT k, c FROM sbtest6 WHERE k BETWEEN 5368835 AND 5368935
	Bitmap Heap Scan on sbtest6  (cost=5.52..425.14 rows=106 width=125)
	  Recheck Cond: ((k >= 5368835) AND (k <= 5368935))
	  ->  Bitmap Index Scan on k_6  (cost=0.00..5.50 rows=106 width=0)
	        Index Cond: ((k >= 5368835) AND (k <= 5368935))

table 7 : explain SELECT k, c FROM sbtest7 WHERE k BETWEEN 5368835 AND 5368935
	Bitmap Heap Scan on sbtest7  (cost=5.51..421.19 rows=105 width=125)
	  Recheck Cond: ((k >= 5368835) AND (k <= 5368935))
	  ->  Bitmap Index Scan on k_7  (cost=0.00..5.48 rows=105 width=0)
	        Index Cond: ((k >= 5368835) AND (k <= 5368935))

table 8 : explain SELECT k, c FROM sbtest8 WHERE k BETWEEN 5368835 AND 5368935
	Bitmap Heap Scan on sbtest8  (cost=5.44..393.62 rows=98 width=125)
	  Recheck Cond: ((k >= 5368835) AND (k <= 5368935))
	  ->  Bitmap Index Scan on k_8  (cost=0.00..5.42 rows=98 width=0)
	        Index Cond: ((k >= 5368835) AND (k <= 5368935))

for range-notcovered
table 1 : explain SELECT k, c FROM sbtest1 WHERE k BETWEEN 7480959 AND 7481059
	Bitmap Heap Scan on sbtest1  (cost=5.47..405.37 rows=101 width=125)
	  Recheck Cond: ((k >= 7480959) AND (k <= 7481059))
	  ->  Bitmap Index Scan on k_1  (cost=0.00..5.44 rows=101 width=0)
	        Index Cond: ((k >= 7480959) AND (k <= 7481059))

table 2 : explain SELECT k, c FROM sbtest2 WHERE k BETWEEN 7480959 AND 7481059
	Bitmap Heap Scan on sbtest2  (cost=5.48..409.32 rows=102 width=125)
	  Recheck Cond: ((k >= 7480959) AND (k <= 7481059))
	  ->  Bitmap Index Scan on k_2  (cost=0.00..5.45 rows=102 width=0)
	        Index Cond: ((k >= 7480959) AND (k <= 7481059))

table 3 : explain SELECT k, c FROM sbtest3 WHERE k BETWEEN 7480959 AND 7481059
	Bitmap Heap Scan on sbtest3  (cost=5.46..401.44 rows=100 width=125)
	  Recheck Cond: ((k >= 7480959) AND (k <= 7481059))
	  ->  Bitmap Index Scan on k_3  (cost=0.00..5.43 rows=100 width=0)
	        Index Cond: ((k >= 7480959) AND (k <= 7481059))

table 4 : explain SELECT k, c FROM sbtest4 WHERE k BETWEEN 7480959 AND 7481059
	Bitmap Heap Scan on sbtest4  (cost=5.51..421.16 rows=105 width=125)
	  Recheck Cond: ((k >= 7480959) AND (k <= 7481059))
	  ->  Bitmap Index Scan on k_4  (cost=0.00..5.48 rows=105 width=0)
	        Index Cond: ((k >= 7480959) AND (k <= 7481059))

table 5 : explain SELECT k, c FROM sbtest5 WHERE k BETWEEN 7480959 AND 7481059
	Bitmap Heap Scan on sbtest5  (cost=5.52..425.10 rows=106 width=125)
	  Recheck Cond: ((k >= 7480959) AND (k <= 7481059))
	  ->  Bitmap Index Scan on k_5  (cost=0.00..5.50 rows=106 width=0)
	        Index Cond: ((k >= 7480959) AND (k <= 7481059))

table 6 : explain SELECT k, c FROM sbtest6 WHERE k BETWEEN 7480959 AND 7481059
	Bitmap Heap Scan on sbtest6  (cost=5.59..452.72 rows=113 width=125)
	  Recheck Cond: ((k >= 7480959) AND (k <= 7481059))
	  ->  Bitmap Index Scan on k_6  (cost=0.00..5.56 rows=113 width=0)
	        Index Cond: ((k >= 7480959) AND (k <= 7481059))

table 7 : explain SELECT k, c FROM sbtest7 WHERE k BETWEEN 7480959 AND 7481059
	Bitmap Heap Scan on sbtest7  (cost=5.45..397.53 rows=99 width=125)
	  Recheck Cond: ((k >= 7480959) AND (k <= 7481059))
	  ->  Bitmap Index Scan on k_7  (cost=0.00..5.42 rows=99 width=0)
	        Index Cond: ((k >= 7480959) AND (k <= 7481059))

table 8 : explain SELECT k, c FROM sbtest8 WHERE k BETWEEN 7480959 AND 7481059
	Bitmap Heap Scan on sbtest8  (cost=5.50..417.28 rows=104 width=125)
	  Recheck Cond: ((k >= 7480959) AND (k <= 7481059))
	  ->  Bitmap Index Scan on k_8  (cost=0.00..5.47 rows=104 width=0)
	        Index Cond: ((k >= 7480959) AND (k <= 7481059))

for range-notcovered
table 1 : explain SELECT k, c FROM sbtest1 WHERE k BETWEEN 8329928 AND 8330028
	Bitmap Heap Scan on sbtest1  (cost=5.42..385.66 rows=96 width=125)
	  Recheck Cond: ((k >= 8329928) AND (k <= 8330028))
	  ->  Bitmap Index Scan on k_1  (cost=0.00..5.39 rows=96 width=0)
	        Index Cond: ((k >= 8329928) AND (k <= 8330028))

table 2 : explain SELECT k, c FROM sbtest2 WHERE k BETWEEN 8329928 AND 8330028
	Bitmap Heap Scan on sbtest2  (cost=5.51..421.14 rows=105 width=125)
	  Recheck Cond: ((k >= 8329928) AND (k <= 8330028))
	  ->  Bitmap Index Scan on k_2  (cost=0.00..5.48 rows=105 width=0)
	        Index Cond: ((k >= 8329928) AND (k <= 8330028))

table 3 : explain SELECT k, c FROM sbtest3 WHERE k BETWEEN 8329928 AND 8330028
	Bitmap Heap Scan on sbtest3  (cost=5.46..401.44 rows=100 width=125)
	  Recheck Cond: ((k >= 8329928) AND (k <= 8330028))
	  ->  Bitmap Index Scan on k_3  (cost=0.00..5.43 rows=100 width=0)
	        Index Cond: ((k >= 8329928) AND (k <= 8330028))

table 4 : explain SELECT k, c FROM sbtest4 WHERE k BETWEEN 8329928 AND 8330028
	Bitmap Heap Scan on sbtest4  (cost=5.49..413.28 rows=103 width=125)
	  Recheck Cond: ((k >= 8329928) AND (k <= 8330028))
	  ->  Bitmap Index Scan on k_4  (cost=0.00..5.46 rows=103 width=0)
	        Index Cond: ((k >= 8329928) AND (k <= 8330028))

table 5 : explain SELECT k, c FROM sbtest5 WHERE k BETWEEN 8329928 AND 8330028
	Bitmap Heap Scan on sbtest5  (cost=5.59..452.68 rows=113 width=125)
	  Recheck Cond: ((k >= 8329928) AND (k <= 8330028))
	  ->  Bitmap Index Scan on k_5  (cost=0.00..5.56 rows=113 width=0)
	        Index Cond: ((k >= 8329928) AND (k <= 8330028))

table 6 : explain SELECT k, c FROM sbtest6 WHERE k BETWEEN 8329928 AND 8330028
	Bitmap Heap Scan on sbtest6  (cost=5.44..393.60 rows=98 width=125)
	  Recheck Cond: ((k >= 8329928) AND (k <= 8330028))
	  ->  Bitmap Index Scan on k_6  (cost=0.00..5.42 rows=98 width=0)
	        Index Cond: ((k >= 8329928) AND (k <= 8330028))

table 7 : explain SELECT k, c FROM sbtest7 WHERE k BETWEEN 8329928 AND 8330028
	Bitmap Heap Scan on sbtest7  (cost=5.59..452.70 rows=113 width=125)
	  Recheck Cond: ((k >= 8329928) AND (k <= 8330028))
	  ->  Bitmap Index Scan on k_7  (cost=0.00..5.56 rows=113 width=0)
	        Index Cond: ((k >= 8329928) AND (k <= 8330028))

table 8 : explain SELECT k, c FROM sbtest8 WHERE k BETWEEN 8329928 AND 8330028
	Bitmap Heap Scan on sbtest8  (cost=5.52..425.17 rows=106 width=125)
	  Recheck Cond: ((k >= 8329928) AND (k <= 8330028))
	  ->  Bitmap Index Scan on k_8  (cost=0.00..5.50 rows=106 width=0)
	        Index Cond: ((k >= 8329928) AND (k <= 8330028))
for range-notcovered
table 1 : explain SELECT k, c FROM sbtest1 WHERE k BETWEEN 2640584 AND 2640684
	Bitmap Heap Scan on sbtest1  (cost=5.50..417.19 rows=104 width=125)
	  Recheck Cond: ((k >= 2640584) AND (k <= 2640684))
	  ->  Bitmap Index Scan on k_1  (cost=0.00..5.47 rows=104 width=0)
	        Index Cond: ((k >= 2640584) AND (k <= 2640684))

table 2 : explain SELECT k, c FROM sbtest2 WHERE k BETWEEN 2640584 AND 2640684
	Bitmap Heap Scan on sbtest2  (cost=5.42..385.66 rows=96 width=125)
	  Recheck Cond: ((k >= 2640584) AND (k <= 2640684))
	  ->  Bitmap Index Scan on k_2  (cost=0.00..5.39 rows=96 width=0)
	        Index Cond: ((k >= 2640584) AND (k <= 2640684))

table 3 : explain SELECT k, c FROM sbtest3 WHERE k BETWEEN 2640584 AND 2640684
	Bitmap Heap Scan on sbtest3  (cost=5.39..373.84 rows=93 width=125)
	  Recheck Cond: ((k >= 2640584) AND (k <= 2640684))
	  ->  Bitmap Index Scan on k_3  (cost=0.00..5.36 rows=93 width=0)
	        Index Cond: ((k >= 2640584) AND (k <= 2640684))

table 4 : explain SELECT k, c FROM sbtest4 WHERE k BETWEEN 2640584 AND 2640684
	Bitmap Heap Scan on sbtest4  (cost=5.45..397.51 rows=99 width=125)
	  Recheck Cond: ((k >= 2640584) AND (k <= 2640684))
	  ->  Bitmap Index Scan on k_4  (cost=0.00..5.42 rows=99 width=0)
	        Index Cond: ((k >= 2640584) AND (k <= 2640684))

table 5 : explain SELECT k, c FROM sbtest5 WHERE k BETWEEN 2640584 AND 2640684
	Bitmap Heap Scan on sbtest5  (cost=5.44..393.57 rows=98 width=125)
	  Recheck Cond: ((k >= 2640584) AND (k <= 2640684))
	  ->  Bitmap Index Scan on k_5  (cost=0.00..5.42 rows=98 width=0)
	        Index Cond: ((k >= 2640584) AND (k <= 2640684))

table 6 : explain SELECT k, c FROM sbtest6 WHERE k BETWEEN 2640584 AND 2640684
	Bitmap Heap Scan on sbtest6  (cost=5.48..409.37 rows=102 width=125)
	  Recheck Cond: ((k >= 2640584) AND (k <= 2640684))
	  ->  Bitmap Index Scan on k_6  (cost=0.00..5.45 rows=102 width=0)
	        Index Cond: ((k >= 2640584) AND (k <= 2640684))

table 7 : explain SELECT k, c FROM sbtest7 WHERE k BETWEEN 2640584 AND 2640684
	Bitmap Heap Scan on sbtest7  (cost=5.47..405.42 rows=101 width=125)
	  Recheck Cond: ((k >= 2640584) AND (k <= 2640684))
	  ->  Bitmap Index Scan on k_7  (cost=0.00..5.44 rows=101 width=0)
	        Index Cond: ((k >= 2640584) AND (k <= 2640684))

table 8 : explain SELECT k, c FROM sbtest8 WHERE k BETWEEN 2640584 AND 2640684
	Bitmap Heap Scan on sbtest8  (cost=5.52..425.17 rows=106 width=125)
	  Recheck Cond: ((k >= 2640584) AND (k <= 2640684))
	  ->  Bitmap Index Scan on k_8  (cost=0.00..5.50 rows=106 width=0)
	        Index Cond: ((k >= 2640584) AND (k <= 2640684))


for range-notcovered
table 1 : explain SELECT k, c FROM sbtest1 WHERE k BETWEEN 6043282 AND 6043382
	Bitmap Heap Scan on sbtest1  (cost=5.40..377.77 rows=94 width=125)
	  Recheck Cond: ((k >= 6043282) AND (k <= 6043382))
	  ->  Bitmap Index Scan on k_1  (cost=0.00..5.38 rows=94 width=0)
	        Index Cond: ((k >= 6043282) AND (k <= 6043382))

table 2 : explain SELECT k, c FROM sbtest2 WHERE k BETWEEN 6043282 AND 6043382
	Bitmap Heap Scan on sbtest2  (cost=5.45..397.49 rows=99 width=125)
	  Recheck Cond: ((k >= 6043282) AND (k <= 6043382))
	  ->  Bitmap Index Scan on k_2  (cost=0.00..5.42 rows=99 width=0)
	        Index Cond: ((k >= 6043282) AND (k <= 6043382))

table 3 : explain SELECT k, c FROM sbtest3 WHERE k BETWEEN 6043282 AND 6043382
	Bitmap Heap Scan on sbtest3  (cost=5.50..417.21 rows=104 width=125)
	  Recheck Cond: ((k >= 6043282) AND (k <= 6043382))
	  ->  Bitmap Index Scan on k_3  (cost=0.00..5.47 rows=104 width=0)
	        Index Cond: ((k >= 6043282) AND (k <= 6043382))

table 4 : explain SELECT k, c FROM sbtest4 WHERE k BETWEEN 6043282 AND 6043382
	Bitmap Heap Scan on sbtest4  (cost=5.44..393.57 rows=98 width=125)
	  Recheck Cond: ((k >= 6043282) AND (k <= 6043382))
	  ->  Bitmap Index Scan on k_4  (cost=0.00..5.42 rows=98 width=0)
	        Index Cond: ((k >= 6043282) AND (k <= 6043382))

table 5 : explain SELECT k, c FROM sbtest5 WHERE k BETWEEN 6043282 AND 6043382
	Bitmap Heap Scan on sbtest5  (cost=5.40..377.79 rows=94 width=125)
	  Recheck Cond: ((k >= 6043282) AND (k <= 6043382))
	  ->  Bitmap Index Scan on k_5  (cost=0.00..5.38 rows=94 width=0)
	        Index Cond: ((k >= 6043282) AND (k <= 6043382))

table 6 : explain SELECT k, c FROM sbtest6 WHERE k BETWEEN 6043282 AND 6043382
	Bitmap Heap Scan on sbtest6  (cost=5.40..377.82 rows=94 width=125)
	  Recheck Cond: ((k >= 6043282) AND (k <= 6043382))
	  ->  Bitmap Index Scan on k_6  (cost=0.00..5.38 rows=94 width=0)
	        Index Cond: ((k >= 6043282) AND (k <= 6043382))

table 7 : explain SELECT k, c FROM sbtest7 WHERE k BETWEEN 6043282 AND 6043382
	Bitmap Heap Scan on sbtest7  (cost=5.45..397.53 rows=99 width=125)
	  Recheck Cond: ((k >= 6043282) AND (k <= 6043382))
	  ->  Bitmap Index Scan on k_7  (cost=0.00..5.42 rows=99 width=0)
	        Index Cond: ((k >= 6043282) AND (k <= 6043382))

table 8 : explain SELECT k, c FROM sbtest8 WHERE k BETWEEN 6043282 AND 6043382
	Bitmap Heap Scan on sbtest8  (cost=5.49..413.34 rows=103 width=125)
	  Recheck Cond: ((k >= 6043282) AND (k <= 6043382))
	  ->  Bitmap Index Scan on k_8  (cost=0.00..5.46 rows=103 width=0)
	        Index Cond: ((k >= 6043282) AND (k <= 6043382))
explain: for range-notcovered :: explain SELECT k, c FROM sbtest%d WHERE k BETWEEN 5368835 AND 5368935explain: for range-notcovered :: explain SELECT k, c FROM sbtest%d WHERE k BETWEEN 4344122 AND 4344222
explain: for range-notcovered :: explain SELECT k, c FROM sbtest%d WHERE k BETWEEN 1077461 AND 1077561


explain: for range-notcovered :: explain SELECT k, c FROM sbtest%d WHERE k BETWEEN 2173248 AND 2173348
for range-notcovered
table 1 : explain SELECT k, c FROM sbtest1 WHERE k BETWEEN 5101710 AND 5101810
	Bitmap Heap Scan on sbtest1  (cost=5.51..421.13 rows=105 width=125)
	  Recheck Cond: ((k >= 5101710) AND (k <= 5101810))
	  ->  Bitmap Index Scan on k_1  (cost=0.00..5.48 rows=105 width=0)
	        Index Cond: ((k >= 5101710) AND (k <= 5101810))

table 2 : explain SELECT k, c FROM sbtest2 WHERE k BETWEEN 5101710 AND 5101810
	Bitmap Heap Scan on sbtest2  (cost=5.43..389.60 rows=97 width=125)
	  Recheck Cond: ((k >= 5101710) AND (k <= 5101810))
	  ->  Bitmap Index Scan on k_2  (cost=0.00..5.40 rows=97 width=0)
	        Index Cond: ((k >= 5101710) AND (k <= 5101810))

table 3 : explain SELECT k, c FROM sbtest3 WHERE k BETWEEN 5101710 AND 5101810
	Bitmap Heap Scan on sbtest3  (cost=5.50..417.21 rows=104 width=125)
	  Recheck Cond: ((k >= 5101710) AND (k <= 5101810))
	  ->  Bitmap Index Scan on k_3  (cost=0.00..5.47 rows=104 width=0)
	        Index Cond: ((k >= 5101710) AND (k <= 5101810))

table 4 : explain SELECT k, c FROM sbtest4 WHERE k BETWEEN 5101710 AND 5101810
	Bitmap Heap Scan on sbtest4  (cost=5.41..381.73 rows=95 width=125)
	  Recheck Cond: ((k >= 5101710) AND (k <= 5101810))
	  ->  Bitmap Index Scan on k_4  (cost=0.00..5.38 rows=95 width=0)
	        Index Cond: ((k >= 5101710) AND (k <= 5101810))

table 5 : explain SELECT k, c FROM sbtest5 WHERE k BETWEEN 5101710 AND 5101810
	Bitmap Heap Scan on sbtest5  (cost=5.56..440.86 rows=110 width=125)
	  Recheck Cond: ((k >= 5101710) AND (k <= 5101810))
	  ->  Bitmap Index Scan on k_5  (cost=0.00..5.53 rows=110 width=0)
	        Index Cond: ((k >= 5101710) AND (k <= 5101810))

table 6 : explain SELECT k, c FROM sbtest6 WHERE k BETWEEN 5101710 AND 5101810
	Bitmap Heap Scan on sbtest6  (cost=5.45..397.54 rows=99 width=125)
	  Recheck Cond: ((k >= 5101710) AND (k <= 5101810))
	  ->  Bitmap Index Scan on k_6  (cost=0.00..5.42 rows=99 width=0)
	        Index Cond: ((k >= 5101710) AND (k <= 5101810))

table 7 : explain SELECT k, c FROM sbtest7 WHERE k BETWEEN 5101710 AND 5101810
	Bitmap Heap Scan on sbtest7  (cost=5.46..401.48 rows=100 width=125)
	  Recheck Cond: ((k >= 5101710) AND (k <= 5101810))
	  ->  Bitmap Index Scan on k_7  (cost=0.00..5.43 rows=100 width=0)
	        Index Cond: ((k >= 5101710) AND (k <= 5101810))

table 8 : explain SELECT k, c FROM sbtest8 WHERE k BETWEEN 5101710 AND 5101810
	Bitmap Heap Scan on sbtest8  (cost=5.54..433.05 rows=108 width=125)
	  Recheck Cond: ((k >= 5101710) AND (k <= 5101810))
	  ->  Bitmap Index Scan on k_8  (cost=0.00..5.51 rows=108 width=0)
	        Index Cond: ((k >= 5101710) AND (k <= 5101810))

explain: for range-notcovered :: explain SELECT k, c FROM sbtest%d WHERE k BETWEEN 4636687 AND 4636787
explain: for range-notcovered :: explain SELECT k, c FROM sbtest%d WHERE k BETWEEN 4047833 AND 4047933for range-notcovered
table 1 : explain SELECT k, c FROM sbtest1 WHERE k BETWEEN 7296580 AND 7296680
	Bitmap Heap Scan on sbtest1  (cost=5.52..425.07 rows=106 width=125)
	  Recheck Cond: ((k >= 7296580) AND (k <= 7296680))
	  ->  Bitmap Index Scan on k_1  (cost=0.00..5.50 rows=106 width=0)
	        Index Cond: ((k >= 7296580) AND (k <= 7296680))

table 2 : explain SELECT k, c FROM sbtest2 WHERE k BETWEEN 7296580 AND 7296680
	Bitmap Heap Scan on sbtest2  (cost=5.53..429.02 rows=107 width=125)
	  Recheck Cond: ((k >= 7296580) AND (k <= 7296680))
	  ->  Bitmap Index Scan on k_2  (cost=0.00..5.50 rows=107 width=0)
	        Index Cond: ((k >= 7296580) AND (k <= 7296680))

table 3 : explain SELECT k, c FROM sbtest3 WHERE k BETWEEN 7296580 AND 7296680
	Bitmap Heap Scan on sbtest3  (cost=5.54..432.97 rows=108 width=125)
	  Recheck Cond: ((k >= 7296580) AND (k <= 7296680))
	  ->  Bitmap Index Scan on k_3  (cost=0.00..5.51 rows=108 width=0)
	        Index Cond: ((k >= 7296580) AND (k <= 7296680))

table 4 : explain SELECT k, c FROM sbtest4 WHERE k BETWEEN 7296580 AND 7296680
	Bitmap Heap Scan on sbtest4  (cost=5.38..369.90 rows=92 width=125)
	  Recheck Cond: ((k >= 7296580) AND (k <= 7296680))
	  ->  Bitmap Index Scan on k_4  (cost=0.00..5.35 rows=92 width=0)
	        Index Cond: ((k >= 7296580) AND (k <= 7296680))

table 5 : explain SELECT k, c FROM sbtest5 WHERE k BETWEEN 7296580 AND 7296680
	Bitmap Heap Scan on sbtest5  (cost=5.44..393.57 rows=98 width=125)
	  Recheck Cond: ((k >= 7296580) AND (k <= 7296680))
	  ->  Bitmap Index Scan on k_5  (cost=0.00..5.42 rows=98 width=0)
	        Index Cond: ((k >= 7296580) AND (k <= 7296680))

table 6 : explain SELECT k, c FROM sbtest6 WHERE k BETWEEN 7296580 AND 7296680
	Bitmap Heap Scan on sbtest6  (cost=5.53..429.08 rows=107 width=125)
	  Recheck Cond: ((k >= 7296580) AND (k <= 7296680))
	  ->  Bitmap Index Scan on k_6  (cost=0.00..5.50 rows=107 width=0)
	        Index Cond: ((k >= 7296580) AND (k <= 7296680))

table 7 : explain SELECT k, c FROM sbtest7 WHERE k BETWEEN 7296580 AND 7296680
	Bitmap Heap Scan on sbtest7  (cost=5.57..444.82 rows=111 width=125)
	  Recheck Cond: ((k >= 7296580) AND (k <= 7296680))
	  ->  Bitmap Index Scan on k_7  (cost=0.00..5.54 rows=111 width=0)
	        Index Cond: ((k >= 7296580) AND (k <= 7296680))

table 8 : explain SELECT k, c FROM sbtest8 WHERE k BETWEEN 7296580 AND 7296680
	Bitmap Heap Scan on sbtest8  (cost=5.50..417.28 rows=104 width=125)
	  Recheck Cond: ((k >= 7296580) AND (k <= 7296680))
	  ->  Bitmap Index Scan on k_8  (cost=0.00..5.47 rows=104 width=0)
	        Index Cond: ((k >= 7296580) AND (k <= 7296680))

for range-notcovered
table 1 : explain SELECT k, c FROM sbtest1 WHERE k BETWEEN 3332067 AND 3332167
	Bitmap Heap Scan on sbtest1  (cost=5.50..417.19 rows=104 width=125)
	  Recheck Cond: ((k >= 3332067) AND (k <= 3332167))
	  ->  Bitmap Index Scan on k_1  (cost=0.00..5.47 rows=104 width=0)
	        Index Cond: ((k >= 3332067) AND (k <= 3332167))

table 2 : explain SELECT k, c FROM sbtest2 WHERE k BETWEEN 3332067 AND 3332167
	Bitmap Heap Scan on sbtest2  (cost=5.45..397.49 rows=99 width=125)
	  Recheck Cond: ((k >= 3332067) AND (k <= 3332167))
	  ->  Bitmap Index Scan on k_2  (cost=0.00..5.42 rows=99 width=0)
	        Index Cond: ((k >= 3332067) AND (k <= 3332167))

table 3 : explain SELECT k, c FROM sbtest3 WHERE k BETWEEN 3332067 AND 3332167
	Bitmap Heap Scan on sbtest3  (cost=5.50..417.21 rows=104 width=125)
	  Recheck Cond: ((k >= 3332067) AND (k <= 3332167))
	  ->  Bitmap Index Scan on k_3  (cost=0.00..5.47 rows=104 width=0)
	        Index Cond: ((k >= 3332067) AND (k <= 3332167))

table 4 : explain SELECT k, c FROM sbtest4 WHERE k BETWEEN 3332067 AND 3332167
	Bitmap Heap Scan on sbtest4  (cost=5.52..425.10 rows=106 width=125)
	  Recheck Cond: ((k >= 3332067) AND (k <= 3332167))
	  ->  Bitmap Index Scan on k_4  (cost=0.00..5.50 rows=106 width=0)
	        Index Cond: ((k >= 3332067) AND (k <= 3332167))

table 5 : explain SELECT k, c FROM sbtest5 WHERE k BETWEEN 3332067 AND 3332167
	Bitmap Heap Scan on sbtest5  (cost=5.52..425.10 rows=106 width=125)
	  Recheck Cond: ((k >= 3332067) AND (k <= 3332167))
	  ->  Bitmap Index Scan on k_5  (cost=0.00..5.50 rows=106 width=0)
	        Index Cond: ((k >= 3332067) AND (k <= 3332167))

table 6 : explain SELECT k, c FROM sbtest6 WHERE k BETWEEN 3332067 AND 3332167
	Bitmap Heap Scan on sbtest6  (cost=5.47..405.43 rows=101 width=125)
	  Recheck Cond: ((k >= 3332067) AND (k <= 3332167))
	  ->  Bitmap Index Scan on k_6  (cost=0.00..5.44 rows=101 width=0)
	        Index Cond: ((k >= 3332067) AND (k <= 3332167))

table 7 : explain SELECT k, c FROM sbtest7 WHERE k BETWEEN 3332067 AND 3332167
	Bitmap Heap Scan on sbtest7  (cost=5.43..389.64 rows=97 width=125)
	  Recheck Cond: ((k >= 3332067) AND (k <= 3332167))
	  ->  Bitmap Index Scan on k_7  (cost=0.00..5.40 rows=97 width=0)
	        Index Cond: ((k >= 3332067) AND (k <= 3332167))

table 8 : explain SELECT k, c FROM sbtest8 WHERE k BETWEEN 3332067 AND 3332167
	Bitmap Heap Scan on sbtest8  (cost=5.56..440.93 rows=110 width=125)
	  Recheck Cond: ((k >= 3332067) AND (k <= 3332167))
	  ->  Bitmap Index Scan on k_8  (cost=0.00..5.53 rows=110 width=0)
	        Index Cond: ((k >= 3332067) AND (k <= 3332167))



explain: for range-notcovered :: explain SELECT k, c FROM sbtest%d WHERE k BETWEEN 2729283 AND 2729383
explain: for range-notcovered :: explain SELECT k, c FROM sbtest%d WHERE k BETWEEN 5101710 AND 5101810
explain: for range-notcovered :: explain SELECT k, c FROM sbtest%d WHERE k BETWEEN 7296580 AND 7296680

explain: for range-notcovered :: explain SELECT k, c FROM sbtest%d WHERE k BETWEEN 3332067 AND 3332167

for range-notcovered
table 1 : explain SELECT k, c FROM sbtest1 WHERE k BETWEEN 974328 AND 974428
	Bitmap Heap Scan on sbtest1  (cost=5.40..377.77 rows=94 width=125)
	  Recheck Cond: ((k >= 974328) AND (k <= 974428))
	  ->  Bitmap Index Scan on k_1  (cost=0.00..5.38 rows=94 width=0)
	        Index Cond: ((k >= 974328) AND (k <= 974428))

table 2 : explain SELECT k, c FROM sbtest2 WHERE k BETWEEN 974328 AND 974428
	Bitmap Heap Scan on sbtest2  (cost=5.53..429.02 rows=107 width=125)
	  Recheck Cond: ((k >= 974328) AND (k <= 974428))
	  ->  Bitmap Index Scan on k_2  (cost=0.00..5.50 rows=107 width=0)
	        Index Cond: ((k >= 974328) AND (k <= 974428))

table 3 : explain SELECT k, c FROM sbtest3 WHERE k BETWEEN 974328 AND 974428
	Bitmap Heap Scan on sbtest3  (cost=5.42..385.67 rows=96 width=125)
	  Recheck Cond: ((k >= 974328) AND (k <= 974428))
	  ->  Bitmap Index Scan on k_3  (cost=0.00..5.39 rows=96 width=0)
	        Index Cond: ((k >= 974328) AND (k <= 974428))

table 4 : explain SELECT k, c FROM sbtest4 WHERE k BETWEEN 974328 AND 974428
	Bitmap Heap Scan on sbtest4  (cost=5.54..432.98 rows=108 width=125)
	  Recheck Cond: ((k >= 974328) AND (k <= 974428))
	  ->  Bitmap Index Scan on k_4  (cost=0.00..5.51 rows=108 width=0)
	        Index Cond: ((k >= 974328) AND (k <= 974428))

table 5 : explain SELECT k, c FROM sbtest5 WHERE k BETWEEN 974328 AND 974428
	Bitmap Heap Scan on sbtest5  (cost=5.40..377.79 rows=94 width=125)
	  Recheck Cond: ((k >= 974328) AND (k <= 974428))
	  ->  Bitmap Index Scan on k_5  (cost=0.00..5.38 rows=94 width=0)
	        Index Cond: ((k >= 974328) AND (k <= 974428))

table 6 : explain SELECT k, c FROM sbtest6 WHERE k BETWEEN 974328 AND 974428
	Bitmap Heap Scan on sbtest6  (cost=5.41..381.77 rows=95 width=125)
	  Recheck Cond: ((k >= 974328) AND (k <= 974428))
	  ->  Bitmap Index Scan on k_6  (cost=0.00..5.38 rows=95 width=0)
	        Index Cond: ((k >= 974328) AND (k <= 974428))

table 7 : explain SELECT k, c FROM sbtest7 WHERE k BETWEEN 974328 AND 974428
	Bitmap Heap Scan on sbtest7  (cost=5.52..425.13 rows=106 width=125)
	  Recheck Cond: ((k >= 974328) AND (k <= 974428))
	  ->  Bitmap Index Scan on k_7  (cost=0.00..5.50 rows=106 width=0)
	        Index Cond: ((k >= 974328) AND (k <= 974428))

table 8 : explain SELECT k, c FROM sbtest8 WHERE k BETWEEN 974328 AND 974428
	Bitmap Heap Scan on sbtest8  (cost=5.48..409.40 rows=102 width=125)
	  Recheck Cond: ((k >= 974328) AND (k <= 974428))
	  ->  Bitmap Index Scan on k_8  (cost=0.00..5.45 rows=102 width=0)
	        Index Cond: ((k >= 974328) AND (k <= 974428))

for range-notcovered
table 1 : explain SELECT k, c FROM sbtest1 WHERE k BETWEEN 5647166 AND 5647266
	Bitmap Heap Scan on sbtest1  (cost=5.47..405.37 rows=101 width=125)
	  Recheck Cond: ((k >= 5647166) AND (k <= 5647266))
	  ->  Bitmap Index Scan on k_1  (cost=0.00..5.44 rows=101 width=0)
	        Index Cond: ((k >= 5647166) AND (k <= 5647266))

table 2 : explain SELECT k, c FROM sbtest2 WHERE k BETWEEN 5647166 AND 5647266
	Bitmap Heap Scan on sbtest2  (cost=5.38..369.88 rows=92 width=125)
	  Recheck Cond: ((k >= 5647166) AND (k <= 5647266))
	  ->  Bitmap Index Scan on k_2  (cost=0.00..5.35 rows=92 width=0)
	        Index Cond: ((k >= 5647166) AND (k <= 5647266))

table 3 : explain SELECT k, c FROM sbtest3 WHERE k BETWEEN 5647166 AND 5647266
	Bitmap Heap Scan on sbtest3  (cost=5.43..389.61 rows=97 width=125)
	  Recheck Cond: ((k >= 5647166) AND (k <= 5647266))
	  ->  Bitmap Index Scan on k_3  (cost=0.00..5.40 rows=97 width=0)
	        Index Cond: ((k >= 5647166) AND (k <= 5647266))

table 4 : explain SELECT k, c FROM sbtest4 WHERE k BETWEEN 5647166 AND 5647266
	Bitmap Heap Scan on sbtest4  (cost=5.50..417.22 rows=104 width=125)
	  Recheck Cond: ((k >= 5647166) AND (k <= 5647266))
	  ->  Bitmap Index Scan on k_4  (cost=0.00..5.47 rows=104 width=0)
	        Index Cond: ((k >= 5647166) AND (k <= 5647266))

table 5 : explain SELECT k, c FROM sbtest5 WHERE k BETWEEN 5647166 AND 5647266
	Bitmap Heap Scan on sbtest5  (cost=5.51..421.16 rows=105 width=125)
	  Recheck Cond: ((k >= 5647166) AND (k <= 5647266))
	  ->  Bitmap Index Scan on k_5  (cost=0.00..5.48 rows=105 width=0)
	        Index Cond: ((k >= 5647166) AND (k <= 5647266))

table 6 : explain SELECT k, c FROM sbtest6 WHERE k BETWEEN 5647166 AND 5647266
	Bitmap Heap Scan on sbtest6  (cost=5.52..425.14 rows=106 width=125)
	  Recheck Cond: ((k >= 5647166) AND (k <= 5647266))
	  ->  Bitmap Index Scan on k_6  (cost=0.00..5.50 rows=106 width=0)
	        Index Cond: ((k >= 5647166) AND (k <= 5647266))

table 7 : explain SELECT k, c FROM sbtest7 WHERE k BETWEEN 5647166 AND 5647266
	Bitmap Heap Scan on sbtest7  (cost=5.46..401.48 rows=100 width=125)
	  Recheck Cond: ((k >= 5647166) AND (k <= 5647266))
	  ->  Bitmap Index Scan on k_7  (cost=0.00..5.43 rows=100 width=0)
	        Index Cond: ((k >= 5647166) AND (k <= 5647266))

table 8 : explain SELECT k, c FROM sbtest8 WHERE k BETWEEN 5647166 AND 5647266
	Bitmap Heap Scan on sbtest8  (cost=5.49..413.34 rows=103 width=125)
	  Recheck Cond: ((k >= 5647166) AND (k <= 5647266))
	  ->  Bitmap Index Scan on k_8  (cost=0.00..5.46 rows=103 width=0)
	        Index Cond: ((k >= 5647166) AND (k <= 5647266))

explain: for range-notcovered :: explain SELECT k, c FROM sbtest%d WHERE k BETWEEN 974328 AND 974428

explain: for range-notcovered :: explain SELECT k, c FROM sbtest%d WHERE k BETWEEN 3348607 AND 3348707for range-notcovered
table 1 : explain SELECT k, c FROM sbtest1 WHERE k BETWEEN 3169346 AND 3169446
	Bitmap Heap Scan on sbtest1  (cost=5.44..393.54 rows=98 width=125)
	  Recheck Cond: ((k >= 3169346) AND (k <= 3169446))
	  ->  Bitmap Index Scan on k_1  (cost=0.00..5.42 rows=98 width=0)
	        Index Cond: ((k >= 3169346) AND (k <= 3169446))

table 2 : explain SELECT k, c FROM sbtest2 WHERE k BETWEEN 3169346 AND 3169446
	Bitmap Heap Scan on sbtest2  (cost=5.45..397.49 rows=99 width=125)
	  Recheck Cond: ((k >= 3169346) AND (k <= 3169446))
	  ->  Bitmap Index Scan on k_2  (cost=0.00..5.42 rows=99 width=0)
	        Index Cond: ((k >= 3169346) AND (k <= 3169446))

table 3 : explain SELECT k, c FROM sbtest3 WHERE k BETWEEN 3169346 AND 3169446
	Bitmap Heap Scan on sbtest3  (cost=5.41..381.73 rows=95 width=125)
	  Recheck Cond: ((k >= 3169346) AND (k <= 3169446))
	  ->  Bitmap Index Scan on k_3  (cost=0.00..5.38 rows=95 width=0)
	        Index Cond: ((k >= 3169346) AND (k <= 3169446))

table 4 : explain SELECT k, c FROM sbtest4 WHERE k BETWEEN 3169346 AND 3169446
	Bitmap Heap Scan on sbtest4  (cost=5.56..440.86 rows=110 width=125)
	  Recheck Cond: ((k >= 3169346) AND (k <= 3169446))
	  ->  Bitmap Index Scan on k_4  (cost=0.00..5.53 rows=110 width=0)
	        Index Cond: ((k >= 3169346) AND (k <= 3169446))

table 5 : explain SELECT k, c FROM sbtest5 WHERE k BETWEEN 3169346 AND 3169446
	Bitmap Heap Scan on sbtest5  (cost=5.51..421.16 rows=105 width=125)
	  Recheck Cond: ((k >= 3169346) AND (k <= 3169446))
	  ->  Bitmap Index Scan on k_5  (cost=0.00..5.48 rows=105 width=0)
	        Index Cond: ((k >= 3169346) AND (k <= 3169446))

table 6 : explain SELECT k, c FROM sbtest6 WHERE k BETWEEN 3169346 AND 3169446
	Bitmap Heap Scan on sbtest6  (cost=5.53..429.08 rows=107 width=125)
	  Recheck Cond: ((k >= 3169346) AND (k <= 3169446))
	  ->  Bitmap Index Scan on k_6  (cost=0.00..5.50 rows=107 width=0)
	        Index Cond: ((k >= 3169346) AND (k <= 3169446))

table 7 : explain SELECT k, c FROM sbtest7 WHERE k BETWEEN 3169346 AND 3169446
	Bitmap Heap Scan on sbtest7  (cost=5.48..409.36 rows=102 width=125)
	  Recheck Cond: ((k >= 3169346) AND (k <= 3169446))
	  ->  Bitmap Index Scan on k_7  (cost=0.00..5.45 rows=102 width=0)
	        Index Cond: ((k >= 3169346) AND (k <= 3169446))

table 8 : explain SELECT k, c FROM sbtest8 WHERE k BETWEEN 3169346 AND 3169446
	Bitmap Heap Scan on sbtest8  (cost=5.53..429.11 rows=107 width=125)
	  Recheck Cond: ((k >= 3169346) AND (k <= 3169446))
	  ->  Bitmap Index Scan on k_8  (cost=0.00..5.50 rows=107 width=0)
	        Index Cond: ((k >= 3169346) AND (k <= 3169446))

for range-notcovered
table 1 : explain SELECT k, c FROM sbtest1 WHERE k BETWEEN 6049307 AND 6049407
	Bitmap Heap Scan on sbtest1  (cost=5.40..377.77 rows=94 width=125)
	  Recheck Cond: ((k >= 6049307) AND (k <= 6049407))
	  ->  Bitmap Index Scan on k_1  (cost=0.00..5.38 rows=94 width=0)
	        Index Cond: ((k >= 6049307) AND (k <= 6049407))

table 2 : explain SELECT k, c FROM sbtest2 WHERE k BETWEEN 6049307 AND 6049407
	Bitmap Heap Scan on sbtest2  (cost=5.45..397.49 rows=99 width=125)
	  Recheck Cond: ((k >= 6049307) AND (k <= 6049407))
	  ->  Bitmap Index Scan on k_2  (cost=0.00..5.42 rows=99 width=0)
	        Index Cond: ((k >= 6049307) AND (k <= 6049407))

table 3 : explain SELECT k, c FROM sbtest3 WHERE k BETWEEN 6049307 AND 6049407
	Bitmap Heap Scan on sbtest3  (cost=5.50..417.21 rows=104 width=125)
	  Recheck Cond: ((k >= 6049307) AND (k <= 6049407))
	  ->  Bitmap Index Scan on k_3  (cost=0.00..5.47 rows=104 width=0)
	        Index Cond: ((k >= 6049307) AND (k <= 6049407))

table 4 : explain SELECT k, c FROM sbtest4 WHERE k BETWEEN 6049307 AND 6049407
	Bitmap Heap Scan on sbtest4  (cost=5.44..393.57 rows=98 width=125)
	  Recheck Cond: ((k >= 6049307) AND (k <= 6049407))
	  ->  Bitmap Index Scan on k_4  (cost=0.00..5.42 rows=98 width=0)
	        Index Cond: ((k >= 6049307) AND (k <= 6049407))

table 5 : explain SELECT k, c FROM sbtest5 WHERE k BETWEEN 6049307 AND 6049407
	Bitmap Heap Scan on sbtest5  (cost=5.40..377.79 rows=94 width=125)
	  Recheck Cond: ((k >= 6049307) AND (k <= 6049407))
	  ->  Bitmap Index Scan on k_5  (cost=0.00..5.38 rows=94 width=0)
	        Index Cond: ((k >= 6049307) AND (k <= 6049407))

table 6 : explain SELECT k, c FROM sbtest6 WHERE k BETWEEN 6049307 AND 6049407
	Bitmap Heap Scan on sbtest6  (cost=5.40..377.82 rows=94 width=125)
	  Recheck Cond: ((k >= 6049307) AND (k <= 6049407))
	  ->  Bitmap Index Scan on k_6  (cost=0.00..5.38 rows=94 width=0)
	        Index Cond: ((k >= 6049307) AND (k <= 6049407))

table 7 : explain SELECT k, c FROM sbtest7 WHERE k BETWEEN 6049307 AND 6049407
	Bitmap Heap Scan on sbtest7  (cost=5.45..397.53 rows=99 width=125)
	  Recheck Cond: ((k >= 6049307) AND (k <= 6049407))
	  ->  Bitmap Index Scan on k_7  (cost=0.00..5.42 rows=99 width=0)
	        Index Cond: ((k >= 6049307) AND (k <= 6049407))

table 8 : explain SELECT k, c FROM sbtest8 WHERE k BETWEEN 6049307 AND 6049407
	Bitmap Heap Scan on sbtest8  (cost=5.49..413.34 rows=103 width=125)
	  Recheck Cond: ((k >= 6049307) AND (k <= 6049407))
	  ->  Bitmap Index Scan on k_8  (cost=0.00..5.46 rows=103 width=0)
	        Index Cond: ((k >= 6049307) AND (k <= 6049407))


explain: for range-notcovered :: explain SELECT k, c FROM sbtest%d WHERE k BETWEEN 7480959 AND 7481059

explain: for range-notcovered :: explain SELECT k, c FROM sbtest%d WHERE k BETWEEN 5647166 AND 5647266explain: for range-notcovered :: explain SELECT k, c FROM sbtest%d WHERE k BETWEEN 6548505 AND 6548605
explain: for range-notcovered :: explain SELECT k, c FROM sbtest%d WHERE k BETWEEN 3169346 AND 3169446
for range-notcovered
table 1 : explain SELECT k, c FROM sbtest1 WHERE k BETWEEN 7531472 AND 7531572
	Bitmap Heap Scan on sbtest1  (cost=5.55..436.89 rows=109 width=125)
	  Recheck Cond: ((k >= 7531472) AND (k <= 7531572))
	  ->  Bitmap Index Scan on k_1  (cost=0.00..5.52 rows=109 width=0)
	        Index Cond: ((k >= 7531472) AND (k <= 7531572))

table 2 : explain SELECT k, c FROM sbtest2 WHERE k BETWEEN 7531472 AND 7531572
	Bitmap Heap Scan on sbtest2  (cost=5.45..397.49 rows=99 width=125)
	  Recheck Cond: ((k >= 7531472) AND (k <= 7531572))
	  ->  Bitmap Index Scan on k_2  (cost=0.00..5.42 rows=99 width=0)
	        Index Cond: ((k >= 7531472) AND (k <= 7531572))

table 3 : explain SELECT k, c FROM sbtest3 WHERE k BETWEEN 7531472 AND 7531572
	Bitmap Heap Scan on sbtest3  (cost=5.43..389.61 rows=97 width=125)
	  Recheck Cond: ((k >= 7531472) AND (k <= 7531572))
	  ->  Bitmap Index Scan on k_3  (cost=0.00..5.40 rows=97 width=0)
	        Index Cond: ((k >= 7531472) AND (k <= 7531572))

table 4 : explain SELECT k, c FROM sbtest4 WHERE k BETWEEN 7531472 AND 7531572
	Bitmap Heap Scan on sbtest4  (cost=5.46..401.45 rows=100 width=125)
	  Recheck Cond: ((k >= 7531472) AND (k <= 7531572))
	  ->  Bitmap Index Scan on k_4  (cost=0.00..5.43 rows=100 width=0)
	        Index Cond: ((k >= 7531472) AND (k <= 7531572))

table 5 : explain SELECT k, c FROM sbtest5 WHERE k BETWEEN 7531472 AND 7531572
	Bitmap Heap Scan on sbtest5  (cost=5.52..425.10 rows=106 width=125)
	  Recheck Cond: ((k >= 7531472) AND (k <= 7531572))
	  ->  Bitmap Index Scan on k_5  (cost=0.00..5.50 rows=106 width=0)
	        Index Cond: ((k >= 7531472) AND (k <= 7531572))

table 6 : explain SELECT k, c FROM sbtest6 WHERE k BETWEEN 7531472 AND 7531572
	Bitmap Heap Scan on sbtest6  (cost=5.48..409.37 rows=102 width=125)
	  Recheck Cond: ((k >= 7531472) AND (k <= 7531572))
	  ->  Bitmap Index Scan on k_6  (cost=0.00..5.45 rows=102 width=0)
	        Index Cond: ((k >= 7531472) AND (k <= 7531572))

table 7 : explain SELECT k, c FROM sbtest7 WHERE k BETWEEN 7531472 AND 7531572
	Bitmap Heap Scan on sbtest7  (cost=5.54..433.01 rows=108 width=125)
	  Recheck Cond: ((k >= 7531472) AND (k <= 7531572))
	  ->  Bitmap Index Scan on k_7  (cost=0.00..5.51 rows=108 width=0)
	        Index Cond: ((k >= 7531472) AND (k <= 7531572))

table 8 : explain SELECT k, c FROM sbtest8 WHERE k BETWEEN 7531472 AND 7531572
	Bitmap Heap Scan on sbtest8  (cost=5.62..464.56 rows=116 width=125)
	  Recheck Cond: ((k >= 7531472) AND (k <= 7531572))
	  ->  Bitmap Index Scan on k_8  (cost=0.00..5.59 rows=116 width=0)
	        Index Cond: ((k >= 7531472) AND (k <= 7531572))

explain: for range-notcovered :: explain SELECT k, c FROM sbtest%d WHERE k BETWEEN 6049307 AND 6049407

for range-notcovered
table 1 : explain SELECT k, c FROM sbtest1 WHERE k BETWEEN 5235916 AND 5236016
	Bitmap Heap Scan on sbtest1  (cost=5.49..413.25 rows=103 width=125)
	  Recheck Cond: ((k >= 5235916) AND (k <= 5236016))
	  ->  Bitmap Index Scan on k_1  (cost=0.00..5.46 rows=103 width=0)
	        Index Cond: ((k >= 5235916) AND (k <= 5236016))

table 2 : explain SELECT k, c FROM sbtest2 WHERE k BETWEEN 5235916 AND 5236016
	Bitmap Heap Scan on sbtest2  (cost=5.41..381.72 rows=95 width=125)
	  Recheck Cond: ((k >= 5235916) AND (k <= 5236016))
	  ->  Bitmap Index Scan on k_2  (cost=0.00..5.38 rows=95 width=0)
	        Index Cond: ((k >= 5235916) AND (k <= 5236016))

table 3 : explain SELECT k, c FROM sbtest3 WHERE k BETWEEN 5235916 AND 5236016
	Bitmap Heap Scan on sbtest3  (cost=5.57..444.79 rows=111 width=125)
	  Recheck Cond: ((k >= 5235916) AND (k <= 5236016))
	  ->  Bitmap Index Scan on k_3  (cost=0.00..5.54 rows=111 width=0)
	        Index Cond: ((k >= 5235916) AND (k <= 5236016))

table 4 : explain SELECT k, c FROM sbtest4 WHERE k BETWEEN 5235916 AND 5236016
	Bitmap Heap Scan on sbtest4  (cost=5.40..377.79 rows=94 width=125)
	  Recheck Cond: ((k >= 5235916) AND (k <= 5236016))
	  ->  Bitmap Index Scan on k_4  (cost=0.00..5.38 rows=94 width=0)
	        Index Cond: ((k >= 5235916) AND (k <= 5236016))

table 5 : explain SELECT k, c FROM sbtest5 WHERE k BETWEEN 5235916 AND 5236016
	Bitmap Heap Scan on sbtest5  (cost=5.55..436.92 rows=109 width=125)
	  Recheck Cond: ((k >= 5235916) AND (k <= 5236016))
	  ->  Bitmap Index Scan on k_5  (cost=0.00..5.52 rows=109 width=0)
	        Index Cond: ((k >= 5235916) AND (k <= 5236016))

table 6 : explain SELECT k, c FROM sbtest6 WHERE k BETWEEN 5235916 AND 5236016
	Bitmap Heap Scan on sbtest6  (cost=5.57..444.84 rows=111 width=125)
	  Recheck Cond: ((k >= 5235916) AND (k <= 5236016))
	  ->  Bitmap Index Scan on k_6  (cost=0.00..5.54 rows=111 width=0)
	        Index Cond: ((k >= 5235916) AND (k <= 5236016))

table 7 : explain SELECT k, c FROM sbtest7 WHERE k BETWEEN 5235916 AND 5236016
	Bitmap Heap Scan on sbtest7  (cost=5.49..413.30 rows=103 width=125)
	  Recheck Cond: ((k >= 5235916) AND (k <= 5236016))
	  ->  Bitmap Index Scan on k_7  (cost=0.00..5.46 rows=103 width=0)
	        Index Cond: ((k >= 5235916) AND (k <= 5236016))

table 8 : explain SELECT k, c FROM sbtest8 WHERE k BETWEEN 5235916 AND 5236016
	Bitmap Heap Scan on sbtest8  (cost=5.48..409.40 rows=102 width=125)
	  Recheck Cond: ((k >= 5235916) AND (k <= 5236016))
	  ->  Bitmap Index Scan on k_8  (cost=0.00..5.45 rows=102 width=0)
	        Index Cond: ((k >= 5235916) AND (k <= 5236016))

for range-notcovered
table 1 : explain SELECT k, c FROM sbtest1 WHERE k BETWEEN 5421055 AND 5421155
	Bitmap Heap Scan on sbtest1  (cost=5.46..401.43 rows=100 width=125)
	  Recheck Cond: ((k >= 5421055) AND (k <= 5421155))
	  ->  Bitmap Index Scan on k_1  (cost=0.00..5.43 rows=100 width=0)
	        Index Cond: ((k >= 5421055) AND (k <= 5421155))

table 2 : explain SELECT k, c FROM sbtest2 WHERE k BETWEEN 5421055 AND 5421155
	Bitmap Heap Scan on sbtest2  (cost=5.45..397.49 rows=99 width=125)
	  Recheck Cond: ((k >= 5421055) AND (k <= 5421155))
	  ->  Bitmap Index Scan on k_2  (cost=0.00..5.42 rows=99 width=0)
	        Index Cond: ((k >= 5421055) AND (k <= 5421155))

table 3 : explain SELECT k, c FROM sbtest3 WHERE k BETWEEN 5421055 AND 5421155
	Bitmap Heap Scan on sbtest3  (cost=5.39..373.84 rows=93 width=125)
	  Recheck Cond: ((k >= 5421055) AND (k <= 5421155))
	  ->  Bitmap Index Scan on k_3  (cost=0.00..5.36 rows=93 width=0)
	        Index Cond: ((k >= 5421055) AND (k <= 5421155))

table 4 : explain SELECT k, c FROM sbtest4 WHERE k BETWEEN 5421055 AND 5421155
	Bitmap Heap Scan on sbtest4  (cost=5.58..448.73 rows=112 width=125)
	  Recheck Cond: ((k >= 5421055) AND (k <= 5421155))
	  ->  Bitmap Index Scan on k_4  (cost=0.00..5.55 rows=112 width=0)
	        Index Cond: ((k >= 5421055) AND (k <= 5421155))

table 5 : explain SELECT k, c FROM sbtest5 WHERE k BETWEEN 5421055 AND 5421155
	Bitmap Heap Scan on sbtest5  (cost=5.44..393.57 rows=98 width=125)
	  Recheck Cond: ((k >= 5421055) AND (k <= 5421155))
	  ->  Bitmap Index Scan on k_5  (cost=0.00..5.42 rows=98 width=0)
	        Index Cond: ((k >= 5421055) AND (k <= 5421155))

table 6 : explain SELECT k, c FROM sbtest6 WHERE k BETWEEN 5421055 AND 5421155
	Bitmap Heap Scan on sbtest6  (cost=5.51..421.20 rows=105 width=125)
	  Recheck Cond: ((k >= 5421055) AND (k <= 5421155))
	  ->  Bitmap Index Scan on k_6  (cost=0.00..5.48 rows=105 width=0)
	        Index Cond: ((k >= 5421055) AND (k <= 5421155))

table 7 : explain SELECT k, c FROM sbtest7 WHERE k BETWEEN 5421055 AND 5421155
	Bitmap Heap Scan on sbtest7  (cost=5.43..389.64 rows=97 width=125)
	  Recheck Cond: ((k >= 5421055) AND (k <= 5421155))
	  ->  Bitmap Index Scan on k_7  (cost=0.00..5.40 rows=97 width=0)
	        Index Cond: ((k >= 5421055) AND (k <= 5421155))

table 8 : explain SELECT k, c FROM sbtest8 WHERE k BETWEEN 5421055 AND 5421155
	Bitmap Heap Scan on sbtest8  (cost=5.44..393.62 rows=98 width=125)
	  Recheck Cond: ((k >= 5421055) AND (k <= 5421155))
	  ->  Bitmap Index Scan on k_8  (cost=0.00..5.42 rows=98 width=0)
	        Index Cond: ((k >= 5421055) AND (k <= 5421155))

for range-notcovered
table 1 : explain SELECT k, c FROM sbtest1 WHERE k BETWEEN 3662722 AND 3662822
	Bitmap Heap Scan on sbtest1  (cost=5.42..385.66 rows=96 width=125)
	  Recheck Cond: ((k >= 3662722) AND (k <= 3662822))
	  ->  Bitmap Index Scan on k_1  (cost=0.00..5.39 rows=96 width=0)
	        Index Cond: ((k >= 3662722) AND (k <= 3662822))

table 2 : explain SELECT k, c FROM sbtest2 WHERE k BETWEEN 3662722 AND 3662822
	Bitmap Heap Scan on sbtest2  (cost=5.53..429.02 rows=107 width=125)
	  Recheck Cond: ((k >= 3662722) AND (k <= 3662822))
	  ->  Bitmap Index Scan on k_2  (cost=0.00..5.50 rows=107 width=0)
	        Index Cond: ((k >= 3662722) AND (k <= 3662822))

table 3 : explain SELECT k, c FROM sbtest3 WHERE k BETWEEN 3662722 AND 3662822
	Bitmap Heap Scan on sbtest3  (cost=5.39..373.84 rows=93 width=125)
	  Recheck Cond: ((k >= 3662722) AND (k <= 3662822))
	  ->  Bitmap Index Scan on k_3  (cost=0.00..5.36 rows=93 width=0)
	        Index Cond: ((k >= 3662722) AND (k <= 3662822))

table 4 : explain SELECT k, c FROM sbtest4 WHERE k BETWEEN 3662722 AND 3662822
	Bitmap Heap Scan on sbtest4  (cost=5.49..413.28 rows=103 width=125)
	  Recheck Cond: ((k >= 3662722) AND (k <= 3662822))
	  ->  Bitmap Index Scan on k_4  (cost=0.00..5.46 rows=103 width=0)
	        Index Cond: ((k >= 3662722) AND (k <= 3662822))

table 5 : explain SELECT k, c FROM sbtest5 WHERE k BETWEEN 3662722 AND 3662822
	Bitmap Heap Scan on sbtest5  (cost=5.35..358.06 rows=89 width=125)
	  Recheck Cond: ((k >= 3662722) AND (k <= 3662822))
	  ->  Bitmap Index Scan on k_5  (cost=0.00..5.32 rows=89 width=0)
	        Index Cond: ((k >= 3662722) AND (k <= 3662822))

table 6 : explain SELECT k, c FROM sbtest6 WHERE k BETWEEN 3662722 AND 3662822
	Bitmap Heap Scan on sbtest6  (cost=5.55..436.96 rows=109 width=125)
	  Recheck Cond: ((k >= 3662722) AND (k <= 3662822))
	  ->  Bitmap Index Scan on k_6  (cost=0.00..5.52 rows=109 width=0)
	        Index Cond: ((k >= 3662722) AND (k <= 3662822))

table 7 : explain SELECT k, c FROM sbtest7 WHERE k BETWEEN 3662722 AND 3662822
	Bitmap Heap Scan on sbtest7  (cost=5.49..413.30 rows=103 width=125)
	  Recheck Cond: ((k >= 3662722) AND (k <= 3662822))
	  ->  Bitmap Index Scan on k_7  (cost=0.00..5.46 rows=103 width=0)
	        Index Cond: ((k >= 3662722) AND (k <= 3662822))

table 8 : explain SELECT k, c FROM sbtest8 WHERE k BETWEEN 3662722 AND 3662822
	Bitmap Heap Scan on sbtest8  (cost=5.45..397.57 rows=99 width=125)
	  Recheck Cond: ((k >= 3662722) AND (k <= 3662822))
	  ->  Bitmap Index Scan on k_8  (cost=0.00..5.42 rows=99 width=0)
	        Index Cond: ((k >= 3662722) AND (k <= 3662822))

explain: for range-notcovered :: explain SELECT k, c FROM sbtest%d WHERE k BETWEEN 7531472 AND 7531572
for range-notcovered
table 1 : explain SELECT k, c FROM sbtest1 WHERE k BETWEEN 5330440 AND 5330540
	Bitmap Heap Scan on sbtest1  (cost=5.46..401.43 rows=100 width=125)
	  Recheck Cond: ((k >= 5330440) AND (k <= 5330540))
	  ->  Bitmap Index Scan on k_1  (cost=0.00..5.43 rows=100 width=0)
	        Index Cond: ((k >= 5330440) AND (k <= 5330540))

table 2 : explain SELECT k, c FROM sbtest2 WHERE k BETWEEN 5330440 AND 5330540
	Bitmap Heap Scan on sbtest2  (cost=5.56..440.83 rows=110 width=125)
	  Recheck Cond: ((k >= 5330440) AND (k <= 5330540))
	  ->  Bitmap Index Scan on k_2  (cost=0.00..5.53 rows=110 width=0)
	        Index Cond: ((k >= 5330440) AND (k <= 5330540))

table 3 : explain SELECT k, c FROM sbtest3 WHERE k BETWEEN 5330440 AND 5330540
	Bitmap Heap Scan on sbtest3  (cost=5.39..373.84 rows=93 width=125)
	  Recheck Cond: ((k >= 5330440) AND (k <= 5330540))
	  ->  Bitmap Index Scan on k_3  (cost=0.00..5.36 rows=93 width=0)
	        Index Cond: ((k >= 5330440) AND (k <= 5330540))

table 4 : explain SELECT k, c FROM sbtest4 WHERE k BETWEEN 5330440 AND 5330540
	Bitmap Heap Scan on sbtest4  (cost=5.42..385.68 rows=96 width=125)
	  Recheck Cond: ((k >= 5330440) AND (k <= 5330540))
	  ->  Bitmap Index Scan on k_4  (cost=0.00..5.39 rows=96 width=0)
	        Index Cond: ((k >= 5330440) AND (k <= 5330540))

table 5 : explain SELECT k, c FROM sbtest5 WHERE k BETWEEN 5330440 AND 5330540
	Bitmap Heap Scan on sbtest5  (cost=5.53..429.04 rows=107 width=125)
	  Recheck Cond: ((k >= 5330440) AND (k <= 5330540))
	  ->  Bitmap Index Scan on k_5  (cost=0.00..5.50 rows=107 width=0)
	        Index Cond: ((k >= 5330440) AND (k <= 5330540))

table 6 : explain SELECT k, c FROM sbtest6 WHERE k BETWEEN 5330440 AND 5330540
	Bitmap Heap Scan on sbtest6  (cost=5.52..425.14 rows=106 width=125)
	  Recheck Cond: ((k >= 5330440) AND (k <= 5330540))
	  ->  Bitmap Index Scan on k_6  (cost=0.00..5.50 rows=106 width=0)
	        Index Cond: ((k >= 5330440) AND (k <= 5330540))

table 7 : explain SELECT k, c FROM sbtest7 WHERE k BETWEEN 5330440 AND 5330540
	Bitmap Heap Scan on sbtest7  (cost=5.51..421.19 rows=105 width=125)
	  Recheck Cond: ((k >= 5330440) AND (k <= 5330540))
	  ->  Bitmap Index Scan on k_7  (cost=0.00..5.48 rows=105 width=0)
	        Index Cond: ((k >= 5330440) AND (k <= 5330540))

table 8 : explain SELECT k, c FROM sbtest8 WHERE k BETWEEN 5330440 AND 5330540
	Bitmap Heap Scan on sbtest8  (cost=5.50..417.28 rows=104 width=125)
	  Recheck Cond: ((k >= 5330440) AND (k <= 5330540))
	  ->  Bitmap Index Scan on k_8  (cost=0.00..5.47 rows=104 width=0)
	        Index Cond: ((k >= 5330440) AND (k <= 5330540))

explain: for range-notcovered :: explain SELECT k, c FROM sbtest%d WHERE k BETWEEN 5235916 AND 5236016
explain: for range-notcovered :: explain SELECT k, c FROM sbtest%d WHERE k BETWEEN 5421055 AND 5421155
for range-notcovered
table 1 : explain SELECT k, c FROM sbtest1 WHERE k BETWEEN 9066599 AND 9066699
	Bitmap Heap Scan on sbtest1  (cost=5.56..440.83 rows=110 width=125)
	  Recheck Cond: ((k >= 9066599) AND (k <= 9066699))
	  ->  Bitmap Index Scan on k_1  (cost=0.00..5.53 rows=110 width=0)
	        Index Cond: ((k >= 9066599) AND (k <= 9066699))

table 2 : explain SELECT k, c FROM sbtest2 WHERE k BETWEEN 9066599 AND 9066699
	Bitmap Heap Scan on sbtest2  (cost=5.39..373.83 rows=93 width=125)
	  Recheck Cond: ((k >= 9066599) AND (k <= 9066699))
	  ->  Bitmap Index Scan on k_2  (cost=0.00..5.36 rows=93 width=0)
	        Index Cond: ((k >= 9066599) AND (k <= 9066699))

table 3 : explain SELECT k, c FROM sbtest3 WHERE k BETWEEN 9066599 AND 9066699
	Bitmap Heap Scan on sbtest3  (cost=5.47..405.39 rows=101 width=125)
	  Recheck Cond: ((k >= 9066599) AND (k <= 9066699))
	  ->  Bitmap Index Scan on k_3  (cost=0.00..5.44 rows=101 width=0)
	        Index Cond: ((k >= 9066599) AND (k <= 9066699))

table 4 : explain SELECT k, c FROM sbtest4 WHERE k BETWEEN 9066599 AND 9066699
	Bitmap Heap Scan on sbtest4  (cost=5.49..413.28 rows=103 width=125)
	  Recheck Cond: ((k >= 9066599) AND (k <= 9066699))
	  ->  Bitmap Index Scan on k_4  (cost=0.00..5.46 rows=103 width=0)
	        Index Cond: ((k >= 9066599) AND (k <= 9066699))

table 5 : explain SELECT k, c FROM sbtest5 WHERE k BETWEEN 9066599 AND 9066699
	Bitmap Heap Scan on sbtest5  (cost=5.39..373.85 rows=93 width=125)
	  Recheck Cond: ((k >= 9066599) AND (k <= 9066699))
	  ->  Bitmap Index Scan on k_5  (cost=0.00..5.36 rows=93 width=0)
	        Index Cond: ((k >= 9066599) AND (k <= 9066699))

table 6 : explain SELECT k, c FROM sbtest6 WHERE k BETWEEN 9066599 AND 9066699
	Bitmap Heap Scan on sbtest6  (cost=5.44..393.60 rows=98 width=125)
	  Recheck Cond: ((k >= 9066599) AND (k <= 9066699))
	  ->  Bitmap Index Scan on k_6  (cost=0.00..5.42 rows=98 width=0)
	        Index Cond: ((k >= 9066599) AND (k <= 9066699))

table 7 : explain SELECT k, c FROM sbtest7 WHERE k BETWEEN 9066599 AND 9066699
	Bitmap Heap Scan on sbtest7  (cost=5.54..433.01 rows=108 width=125)
	  Recheck Cond: ((k >= 9066599) AND (k <= 9066699))
	  ->  Bitmap Index Scan on k_7  (cost=0.00..5.51 rows=108 width=0)
	        Index Cond: ((k >= 9066599) AND (k <= 9066699))

table 8 : explain SELECT k, c FROM sbtest8 WHERE k BETWEEN 9066599 AND 9066699
	Bitmap Heap Scan on sbtest8  (cost=5.44..393.62 rows=98 width=125)
	  Recheck Cond: ((k >= 9066599) AND (k <= 9066699))
	  ->  Bitmap Index Scan on k_8  (cost=0.00..5.42 rows=98 width=0)
	        Index Cond: ((k >= 9066599) AND (k <= 9066699))

explain: for range-notcovered :: explain SELECT k, c FROM sbtest%d WHERE k BETWEEN 3662722 AND 3662822
for range-notcovered
table 1 : explain SELECT k, c FROM sbtest1 WHERE k BETWEEN 4007277 AND 4007377
	Bitmap Heap Scan on sbtest1  (cost=5.42..385.66 rows=96 width=125)
	  Recheck Cond: ((k >= 4007277) AND (k <= 4007377))
	  ->  Bitmap Index Scan on k_1  (cost=0.00..5.39 rows=96 width=0)
	        Index Cond: ((k >= 4007277) AND (k <= 4007377))

table 2 : explain SELECT k, c FROM sbtest2 WHERE k BETWEEN 4007277 AND 4007377
	Bitmap Heap Scan on sbtest2  (cost=5.43..389.60 rows=97 width=125)
	  Recheck Cond: ((k >= 4007277) AND (k <= 4007377))
	  ->  Bitmap Index Scan on k_2  (cost=0.00..5.40 rows=97 width=0)
	        Index Cond: ((k >= 4007277) AND (k <= 4007377))

table 3 : explain SELECT k, c FROM sbtest3 WHERE k BETWEEN 4007277 AND 4007377
	Bitmap Heap Scan on sbtest3  (cost=5.45..397.50 rows=99 width=125)
	  Recheck Cond: ((k >= 4007277) AND (k <= 4007377))
	  ->  Bitmap Index Scan on k_3  (cost=0.00..5.42 rows=99 width=0)
	        Index Cond: ((k >= 4007277) AND (k <= 4007377))

table 4 : explain SELECT k, c FROM sbtest4 WHERE k BETWEEN 4007277 AND 4007377
	Bitmap Heap Scan on sbtest4  (cost=5.49..413.28 rows=103 width=125)
	  Recheck Cond: ((k >= 4007277) AND (k <= 4007377))
	  ->  Bitmap Index Scan on k_4  (cost=0.00..5.46 rows=103 width=0)
	        Index Cond: ((k >= 4007277) AND (k <= 4007377))

table 5 : explain SELECT k, c FROM sbtest5 WHERE k BETWEEN 4007277 AND 4007377
	Bitmap Heap Scan on sbtest5  (cost=5.46..401.46 rows=100 width=125)
	  Recheck Cond: ((k >= 4007277) AND (k <= 4007377))
	  ->  Bitmap Index Scan on k_5  (cost=0.00..5.43 rows=100 width=0)
	        Index Cond: ((k >= 4007277) AND (k <= 4007377))

table 6 : explain SELECT k, c FROM sbtest6 WHERE k BETWEEN 4007277 AND 4007377
	Bitmap Heap Scan on sbtest6  (cost=5.41..381.77 rows=95 width=125)
	  Recheck Cond: ((k >= 4007277) AND (k <= 4007377))
	  ->  Bitmap Index Scan on k_6  (cost=0.00..5.38 rows=95 width=0)
	        Index Cond: ((k >= 4007277) AND (k <= 4007377))

table 7 : explain SELECT k, c FROM sbtest7 WHERE k BETWEEN 4007277 AND 4007377
	Bitmap Heap Scan on sbtest7  (cost=5.49..413.30 rows=103 width=125)
	  Recheck Cond: ((k >= 4007277) AND (k <= 4007377))
	  ->  Bitmap Index Scan on k_7  (cost=0.00..5.46 rows=103 width=0)
	        Index Cond: ((k >= 4007277) AND (k <= 4007377))

table 8 : explain SELECT k, c FROM sbtest8 WHERE k BETWEEN 4007277 AND 4007377
	Bitmap Heap Scan on sbtest8  (cost=5.44..393.62 rows=98 width=125)
	  Recheck Cond: ((k >= 4007277) AND (k <= 4007377))
	  ->  Bitmap Index Scan on k_8  (cost=0.00..5.42 rows=98 width=0)
	        Index Cond: ((k >= 4007277) AND (k <= 4007377))

for range-notcovered
table 1 : explain SELECT k, c FROM sbtest1 WHERE k BETWEEN 2095794 AND 2095894
	Bitmap Heap Scan on sbtest1  (cost=5.62..464.45 rows=116 width=125)
	  Recheck Cond: ((k >= 2095794) AND (k <= 2095894))
	  ->  Bitmap Index Scan on k_1  (cost=0.00..5.59 rows=116 width=0)
	        Index Cond: ((k >= 2095794) AND (k <= 2095894))

table 2 : explain SELECT k, c FROM sbtest2 WHERE k BETWEEN 2095794 AND 2095894
	Bitmap Heap Scan on sbtest2  (cost=5.54..432.96 rows=108 width=125)
	  Recheck Cond: ((k >= 2095794) AND (k <= 2095894))
	  ->  Bitmap Index Scan on k_2  (cost=0.00..5.51 rows=108 width=0)
	        Index Cond: ((k >= 2095794) AND (k <= 2095894))

table 3 : explain SELECT k, c FROM sbtest3 WHERE k BETWEEN 2095794 AND 2095894
	Bitmap Heap Scan on sbtest3  (cost=5.44..393.56 rows=98 width=125)
	  Recheck Cond: ((k >= 2095794) AND (k <= 2095894))
	  ->  Bitmap Index Scan on k_3  (cost=0.00..5.42 rows=98 width=0)
	        Index Cond: ((k >= 2095794) AND (k <= 2095894))

table 4 : explain SELECT k, c FROM sbtest4 WHERE k BETWEEN 2095794 AND 2095894
	Bitmap Heap Scan on sbtest4  (cost=5.55..436.92 rows=109 width=125)
	  Recheck Cond: ((k >= 2095794) AND (k <= 2095894))
	  ->  Bitmap Index Scan on k_4  (cost=0.00..5.52 rows=109 width=0)
	        Index Cond: ((k >= 2095794) AND (k <= 2095894))

table 5 : explain SELECT k, c FROM sbtest5 WHERE k BETWEEN 2095794 AND 2095894
	Bitmap Heap Scan on sbtest5  (cost=5.44..393.57 rows=98 width=125)
	  Recheck Cond: ((k >= 2095794) AND (k <= 2095894))
	  ->  Bitmap Index Scan on k_5  (cost=0.00..5.42 rows=98 width=0)
	        Index Cond: ((k >= 2095794) AND (k <= 2095894))

table 6 : explain SELECT k, c FROM sbtest6 WHERE k BETWEEN 2095794 AND 2095894
	Bitmap Heap Scan on sbtest6  (cost=5.42..385.71 rows=96 width=125)
	  Recheck Cond: ((k >= 2095794) AND (k <= 2095894))
	  ->  Bitmap Index Scan on k_6  (cost=0.00..5.39 rows=96 width=0)
	        Index Cond: ((k >= 2095794) AND (k <= 2095894))

table 7 : explain SELECT k, c FROM sbtest7 WHERE k BETWEEN 2095794 AND 2095894
	Bitmap Heap Scan on sbtest7  (cost=5.49..413.30 rows=103 width=125)
	  Recheck Cond: ((k >= 2095794) AND (k <= 2095894))
	  ->  Bitmap Index Scan on k_7  (cost=0.00..5.46 rows=103 width=0)
	        Index Cond: ((k >= 2095794) AND (k <= 2095894))

table 8 : explain SELECT k, c FROM sbtest8 WHERE k BETWEEN 2095794 AND 2095894
	Bitmap Heap Scan on sbtest8  (cost=5.44..393.62 rows=98 width=125)
	  Recheck Cond: ((k >= 2095794) AND (k <= 2095894))
	  ->  Bitmap Index Scan on k_8  (cost=0.00..5.42 rows=98 width=0)
	        Index Cond: ((k >= 2095794) AND (k <= 2095894))

for range-notcovered
table 1 : explain SELECT k, c FROM sbtest1 WHERE k BETWEEN 4937242 AND 4937342
	Bitmap Heap Scan on sbtest1  (cost=5.47..405.37 rows=101 width=125)
	  Recheck Cond: ((k >= 4937242) AND (k <= 4937342))
	  ->  Bitmap Index Scan on k_1  (cost=0.00..5.44 rows=101 width=0)
	        Index Cond: ((k >= 4937242) AND (k <= 4937342))

table 2 : explain SELECT k, c FROM sbtest2 WHERE k BETWEEN 4937242 AND 4937342
	Bitmap Heap Scan on sbtest2  (cost=5.44..393.55 rows=98 width=125)
	  Recheck Cond: ((k >= 4937242) AND (k <= 4937342))
	  ->  Bitmap Index Scan on k_2  (cost=0.00..5.42 rows=98 width=0)
	        Index Cond: ((k >= 4937242) AND (k <= 4937342))

table 3 : explain SELECT k, c FROM sbtest3 WHERE k BETWEEN 4937242 AND 4937342
	Bitmap Heap Scan on sbtest3  (cost=5.51..421.15 rows=105 width=125)
	  Recheck Cond: ((k >= 4937242) AND (k <= 4937342))
	  ->  Bitmap Index Scan on k_3  (cost=0.00..5.48 rows=105 width=0)
	        Index Cond: ((k >= 4937242) AND (k <= 4937342))

table 4 : explain SELECT k, c FROM sbtest4 WHERE k BETWEEN 4937242 AND 4937342
	Bitmap Heap Scan on sbtest4  (cost=5.47..405.39 rows=101 width=125)
	  Recheck Cond: ((k >= 4937242) AND (k <= 4937342))
	  ->  Bitmap Index Scan on k_4  (cost=0.00..5.44 rows=101 width=0)
	        Index Cond: ((k >= 4937242) AND (k <= 4937342))

table 5 : explain SELECT k, c FROM sbtest5 WHERE k BETWEEN 4937242 AND 4937342
	Bitmap Heap Scan on sbtest5  (cost=5.46..401.46 rows=100 width=125)
	  Recheck Cond: ((k >= 4937242) AND (k <= 4937342))
	  ->  Bitmap Index Scan on k_5  (cost=0.00..5.43 rows=100 width=0)
	        Index Cond: ((k >= 4937242) AND (k <= 4937342))

table 6 : explain SELECT k, c FROM sbtest6 WHERE k BETWEEN 4937242 AND 4937342
	Bitmap Heap Scan on sbtest6  (cost=5.45..397.54 rows=99 width=125)
	  Recheck Cond: ((k >= 4937242) AND (k <= 4937342))
	  ->  Bitmap Index Scan on k_6  (cost=0.00..5.42 rows=99 width=0)
	        Index Cond: ((k >= 4937242) AND (k <= 4937342))

table 7 : explain SELECT k, c FROM sbtest7 WHERE k BETWEEN 4937242 AND 4937342
	Bitmap Heap Scan on sbtest7  (cost=5.45..397.53 rows=99 width=125)
	  Recheck Cond: ((k >= 4937242) AND (k <= 4937342))
	  ->  Bitmap Index Scan on k_7  (cost=0.00..5.42 rows=99 width=0)
	        Index Cond: ((k >= 4937242) AND (k <= 4937342))

table 8 : explain SELECT k, c FROM sbtest8 WHERE k BETWEEN 4937242 AND 4937342
	Bitmap Heap Scan on sbtest8  (cost=5.44..393.62 rows=98 width=125)
	  Recheck Cond: ((k >= 4937242) AND (k <= 4937342))
	  ->  Bitmap Index Scan on k_8  (cost=0.00..5.42 rows=98 width=0)
	        Index Cond: ((k >= 4937242) AND (k <= 4937342))

for range-notcovered
table 1 : explain SELECT k, c FROM sbtest1 WHERE k BETWEEN 4560876 AND 4560976
	Bitmap Heap Scan on sbtest1  (cost=5.46..401.43 rows=100 width=125)
	  Recheck Cond: ((k >= 4560876) AND (k <= 4560976))
	  ->  Bitmap Index Scan on k_1  (cost=0.00..5.43 rows=100 width=0)
	        Index Cond: ((k >= 4560876) AND (k <= 4560976))

table 2 : explain SELECT k, c FROM sbtest2 WHERE k BETWEEN 4560876 AND 4560976
	Bitmap Heap Scan on sbtest2  (cost=5.53..429.02 rows=107 width=125)
	  Recheck Cond: ((k >= 4560876) AND (k <= 4560976))
	  ->  Bitmap Index Scan on k_2  (cost=0.00..5.50 rows=107 width=0)
	        Index Cond: ((k >= 4560876) AND (k <= 4560976))

table 3 : explain SELECT k, c FROM sbtest3 WHERE k BETWEEN 4560876 AND 4560976
	Bitmap Heap Scan on sbtest3  (cost=5.48..409.33 rows=102 width=125)
	  Recheck Cond: ((k >= 4560876) AND (k <= 4560976))
	  ->  Bitmap Index Scan on k_3  (cost=0.00..5.45 rows=102 width=0)
	        Index Cond: ((k >= 4560876) AND (k <= 4560976))

table 4 : explain SELECT k, c FROM sbtest4 WHERE k BETWEEN 4560876 AND 4560976
	Bitmap Heap Scan on sbtest4  (cost=5.47..405.39 rows=101 width=125)
	  Recheck Cond: ((k >= 4560876) AND (k <= 4560976))
	  ->  Bitmap Index Scan on k_4  (cost=0.00..5.44 rows=101 width=0)
	        Index Cond: ((k >= 4560876) AND (k <= 4560976))

table 5 : explain SELECT k, c FROM sbtest5 WHERE k BETWEEN 4560876 AND 4560976
	Bitmap Heap Scan on sbtest5  (cost=5.45..397.51 rows=99 width=125)
	  Recheck Cond: ((k >= 4560876) AND (k <= 4560976))
	  ->  Bitmap Index Scan on k_5  (cost=0.00..5.42 rows=99 width=0)
	        Index Cond: ((k >= 4560876) AND (k <= 4560976))

table 6 : explain SELECT k, c FROM sbtest6 WHERE k BETWEEN 4560876 AND 4560976
	Bitmap Heap Scan on sbtest6  (cost=5.61..460.59 rows=115 width=125)
	  Recheck Cond: ((k >= 4560876) AND (k <= 4560976))
	  ->  Bitmap Index Scan on k_6  (cost=0.00..5.58 rows=115 width=0)
	        Index Cond: ((k >= 4560876) AND (k <= 4560976))

table 7 : explain SELECT k, c FROM sbtest7 WHERE k BETWEEN 4560876 AND 4560976
	Bitmap Heap Scan on sbtest7  (cost=5.46..401.48 rows=100 width=125)
	  Recheck Cond: ((k >= 4560876) AND (k <= 4560976))
	  ->  Bitmap Index Scan on k_7  (cost=0.00..5.43 rows=100 width=0)
	        Index Cond: ((k >= 4560876) AND (k <= 4560976))

table 8 : explain SELECT k, c FROM sbtest8 WHERE k BETWEEN 4560876 AND 4560976
	Bitmap Heap Scan on sbtest8  (cost=5.45..397.57 rows=99 width=125)
	  Recheck Cond: ((k >= 4560876) AND (k <= 4560976))
	  ->  Bitmap Index Scan on k_8  (cost=0.00..5.42 rows=99 width=0)
	        Index Cond: ((k >= 4560876) AND (k <= 4560976))

explain: for range-notcovered :: explain SELECT k, c FROM sbtest%d WHERE k BETWEEN 9066599 AND 9066699
for range-notcovered
table 1 : explain SELECT k, c FROM sbtest1 WHERE k BETWEEN 6751162 AND 6751262
	Bitmap Heap Scan on sbtest1  (cost=5.47..405.37 rows=101 width=125)
	  Recheck Cond: ((k >= 6751162) AND (k <= 6751262))
	  ->  Bitmap Index Scan on k_1  (cost=0.00..5.44 rows=101 width=0)
	        Index Cond: ((k >= 6751162) AND (k <= 6751262))

table 2 : explain SELECT k, c FROM sbtest2 WHERE k BETWEEN 6751162 AND 6751262
	Bitmap Heap Scan on sbtest2  (cost=5.44..393.55 rows=98 width=125)
	  Recheck Cond: ((k >= 6751162) AND (k <= 6751262))
	  ->  Bitmap Index Scan on k_2  (cost=0.00..5.42 rows=98 width=0)
	        Index Cond: ((k >= 6751162) AND (k <= 6751262))

table 3 : explain SELECT k, c FROM sbtest3 WHERE k BETWEEN 6751162 AND 6751262
	Bitmap Heap Scan on sbtest3  (cost=5.46..401.44 rows=100 width=125)
	  Recheck Cond: ((k >= 6751162) AND (k <= 6751262))
	  ->  Bitmap Index Scan on k_3  (cost=0.00..5.43 rows=100 width=0)
	        Index Cond: ((k >= 6751162) AND (k <= 6751262))

table 4 : explain SELECT k, c FROM sbtest4 WHERE k BETWEEN 6751162 AND 6751262
	Bitmap Heap Scan on sbtest4  (cost=5.48..409.34 rows=102 width=125)
	  Recheck Cond: ((k >= 6751162) AND (k <= 6751262))
	  ->  Bitmap Index Scan on k_4  (cost=0.00..5.45 rows=102 width=0)
	        Index Cond: ((k >= 6751162) AND (k <= 6751262))

table 5 : explain SELECT k, c FROM sbtest5 WHERE k BETWEEN 6751162 AND 6751262
	Bitmap Heap Scan on sbtest5  (cost=5.51..421.16 rows=105 width=125)
	  Recheck Cond: ((k >= 6751162) AND (k <= 6751262))
	  ->  Bitmap Index Scan on k_5  (cost=0.00..5.48 rows=105 width=0)
	        Index Cond: ((k >= 6751162) AND (k <= 6751262))

table 6 : explain SELECT k, c FROM sbtest6 WHERE k BETWEEN 6751162 AND 6751262
	Bitmap Heap Scan on sbtest6  (cost=5.42..385.71 rows=96 width=125)
	  Recheck Cond: ((k >= 6751162) AND (k <= 6751262))
	  ->  Bitmap Index Scan on k_6  (cost=0.00..5.39 rows=96 width=0)
	        Index Cond: ((k >= 6751162) AND (k <= 6751262))

table 7 : explain SELECT k, c FROM sbtest7 WHERE k BETWEEN 6751162 AND 6751262
	Bitmap Heap Scan on sbtest7  (cost=5.69..488.12 rows=122 width=125)
	  Recheck Cond: ((k >= 6751162) AND (k <= 6751262))
	  ->  Bitmap Index Scan on k_7  (cost=0.00..5.65 rows=122 width=0)
	        Index Cond: ((k >= 6751162) AND (k <= 6751262))

table 8 : explain SELECT k, c FROM sbtest8 WHERE k BETWEEN 6751162 AND 6751262
	Bitmap Heap Scan on sbtest8  (cost=5.42..385.73 rows=96 width=125)
	  Recheck Cond: ((k >= 6751162) AND (k <= 6751262))
	  ->  Bitmap Index Scan on k_8  (cost=0.00..5.39 rows=96 width=0)
	        Index Cond: ((k >= 6751162) AND (k <= 6751262))

for range-notcovered
table 1 : explain SELECT k, c FROM sbtest1 WHERE k BETWEEN 7936229 AND 7936329
	Bitmap Heap Scan on sbtest1  (cost=5.46..401.43 rows=100 width=125)
	  Recheck Cond: ((k >= 7936229) AND (k <= 7936329))
	  ->  Bitmap Index Scan on k_1  (cost=0.00..5.43 rows=100 width=0)
	        Index Cond: ((k >= 7936229) AND (k <= 7936329))

table 2 : explain SELECT k, c FROM sbtest2 WHERE k BETWEEN 7936229 AND 7936329
	Bitmap Heap Scan on sbtest2  (cost=5.49..413.26 rows=103 width=125)
	  Recheck Cond: ((k >= 7936229) AND (k <= 7936329))
	  ->  Bitmap Index Scan on k_2  (cost=0.00..5.46 rows=103 width=0)
	        Index Cond: ((k >= 7936229) AND (k <= 7936329))

table 3 : explain SELECT k, c FROM sbtest3 WHERE k BETWEEN 7936229 AND 7936329
	Bitmap Heap Scan on sbtest3  (cost=5.39..373.84 rows=93 width=125)
	  Recheck Cond: ((k >= 7936229) AND (k <= 7936329))
	  ->  Bitmap Index Scan on k_3  (cost=0.00..5.36 rows=93 width=0)
	        Index Cond: ((k >= 7936229) AND (k <= 7936329))

table 4 : explain SELECT k, c FROM sbtest4 WHERE k BETWEEN 7936229 AND 7936329
	Bitmap Heap Scan on sbtest4  (cost=5.39..373.84 rows=93 width=125)
	  Recheck Cond: ((k >= 7936229) AND (k <= 7936329))
	  ->  Bitmap Index Scan on k_4  (cost=0.00..5.36 rows=93 width=0)
	        Index Cond: ((k >= 7936229) AND (k <= 7936329))

table 5 : explain SELECT k, c FROM sbtest5 WHERE k BETWEEN 7936229 AND 7936329
	Bitmap Heap Scan on sbtest5  (cost=5.49..413.28 rows=103 width=125)
	  Recheck Cond: ((k >= 7936229) AND (k <= 7936329))
	  ->  Bitmap Index Scan on k_5  (cost=0.00..5.46 rows=103 width=0)
	        Index Cond: ((k >= 7936229) AND (k <= 7936329))

table 6 : explain SELECT k, c FROM sbtest6 WHERE k BETWEEN 7936229 AND 7936329
	Bitmap Heap Scan on sbtest6  (cost=5.43..389.66 rows=97 width=125)
	  Recheck Cond: ((k >= 7936229) AND (k <= 7936329))
	  ->  Bitmap Index Scan on k_6  (cost=0.00..5.40 rows=97 width=0)
	        Index Cond: ((k >= 7936229) AND (k <= 7936329))

table 7 : explain SELECT k, c FROM sbtest7 WHERE k BETWEEN 7936229 AND 7936329
	Bitmap Heap Scan on sbtest7  (cost=5.55..436.95 rows=109 width=125)
	  Recheck Cond: ((k >= 7936229) AND (k <= 7936329))
	  ->  Bitmap Index Scan on k_7  (cost=0.00..5.52 rows=109 width=0)
	        Index Cond: ((k >= 7936229) AND (k <= 7936329))

table 8 : explain SELECT k, c FROM sbtest8 WHERE k BETWEEN 7936229 AND 7936329
	Bitmap Heap Scan on sbtest8  (cost=5.50..417.28 rows=104 width=125)
	  Recheck Cond: ((k >= 7936229) AND (k <= 7936329))
	  ->  Bitmap Index Scan on k_8  (cost=0.00..5.47 rows=104 width=0)
	        Index Cond: ((k >= 7936229) AND (k <= 7936329))
explain: for range-notcovered :: explain SELECT k, c FROM sbtest%d WHERE k BETWEEN 4937242 AND 4937342explain: for range-notcovered :: explain SELECT k, c FROM sbtest%d WHERE k BETWEEN 2095794 AND 2095894explain: for range-notcovered :: explain SELECT k, c FROM sbtest%d WHERE k BETWEEN 4007277 AND 4007377
for range-notcovered
table 1 : explain SELECT k, c FROM sbtest1 WHERE k BETWEEN 5368835 AND 5368935
	Bitmap Heap Scan on sbtest1  (cost=5.46..401.43 rows=100 width=125)
	  Recheck Cond: ((k >= 5368835) AND (k <= 5368935))
	  ->  Bitmap Index Scan on k_1  (cost=0.00..5.43 rows=100 width=0)
	        Index Cond: ((k >= 5368835) AND (k <= 5368935))

table 2 : explain SELECT k, c FROM sbtest2 WHERE k BETWEEN 5368835 AND 5368935
	Bitmap Heap Scan on sbtest2  (cost=5.45..397.49 rows=99 width=125)
	  Recheck Cond: ((k >= 5368835) AND (k <= 5368935))
	  ->  Bitmap Index Scan on k_2  (cost=0.00..5.42 rows=99 width=0)
	        Index Cond: ((k >= 5368835) AND (k <= 5368935))

table 3 : explain SELECT k, c FROM sbtest3 WHERE k BETWEEN 5368835 AND 5368935
	Bitmap Heap Scan on sbtest3  (cost=5.39..373.84 rows=93 width=125)
	  Recheck Cond: ((k >= 5368835) AND (k <= 5368935))
	  ->  Bitmap Index Scan on k_3  (cost=0.00..5.36 rows=93 width=0)
	        Index Cond: ((k >= 5368835) AND (k <= 5368935))

table 4 : explain SELECT k, c FROM sbtest4 WHERE k BETWEEN 5368835 AND 5368935
	Bitmap Heap Scan on sbtest4  (cost=5.42..385.68 rows=96 width=125)
	  Recheck Cond: ((k >= 5368835) AND (k <= 5368935))
	  ->  Bitmap Index Scan on k_4  (cost=0.00..5.39 rows=96 width=0)
	        Index Cond: ((k >= 5368835) AND (k <= 5368935))

table 5 : explain SELECT k, c FROM sbtest5 WHERE k BETWEEN 5368835 AND 5368935
	Bitmap Heap Scan on sbtest5  (cost=5.44..393.57 rows=98 width=125)
	  Recheck Cond: ((k >= 5368835) AND (k <= 5368935))
	  ->  Bitmap Index Scan on k_5  (cost=0.00..5.42 rows=98 width=0)
	        Index Cond: ((k >= 5368835) AND (k <= 5368935))

table 6 : explain SELECT k, c FROM sbtest6 WHERE k BETWEEN 5368835 AND 5368935
	Bitmap Heap Scan on sbtest6  (cost=5.52..425.14 rows=106 width=125)
	  Recheck Cond: ((k >= 5368835) AND (k <= 5368935))
	  ->  Bitmap Index Scan on k_6  (cost=0.00..5.50 rows=106 width=0)
	        Index Cond: ((k >= 5368835) AND (k <= 5368935))

table 7 : explain SELECT k, c FROM sbtest7 WHERE k BETWEEN 5368835 AND 5368935
	Bitmap Heap Scan on sbtest7  (cost=5.51..421.19 rows=105 width=125)
	  Recheck Cond: ((k >= 5368835) AND (k <= 5368935))
	  ->  Bitmap Index Scan on k_7  (cost=0.00..5.48 rows=105 width=0)
	        Index Cond: ((k >= 5368835) AND (k <= 5368935))

table 8 : explain SELECT k, c FROM sbtest8 WHERE k BETWEEN 5368835 AND 5368935
	Bitmap Heap Scan on sbtest8  (cost=5.44..393.62 rows=98 width=125)
	  Recheck Cond: ((k >= 5368835) AND (k <= 5368935))
	  ->  Bitmap Index Scan on k_8  (cost=0.00..5.42 rows=98 width=0)
	        Index Cond: ((k >= 5368835) AND (k <= 5368935))
for range-notcovered
table 1 : explain SELECT k, c FROM sbtest1 WHERE k BETWEEN 3887905 AND 3888005
	Bitmap Heap Scan on sbtest1  (cost=5.47..405.37 rows=101 width=125)
	  Recheck Cond: ((k >= 3887905) AND (k <= 3888005))
	  ->  Bitmap Index Scan on k_1  (cost=0.00..5.44 rows=101 width=0)
	        Index Cond: ((k >= 3887905) AND (k <= 3888005))

table 2 : explain SELECT k, c FROM sbtest2 WHERE k BETWEEN 3887905 AND 3888005
	Bitmap Heap Scan on sbtest2  (cost=5.55..436.90 rows=109 width=125)
	  Recheck Cond: ((k >= 3887905) AND (k <= 3888005))
	  ->  Bitmap Index Scan on k_2  (cost=0.00..5.52 rows=109 width=0)
	        Index Cond: ((k >= 3887905) AND (k <= 3888005))

table 3 : explain SELECT k, c FROM sbtest3 WHERE k BETWEEN 3887905 AND 3888005
	Bitmap Heap Scan on sbtest3  (cost=5.54..432.97 rows=108 width=125)
	  Recheck Cond: ((k >= 3887905) AND (k <= 3888005))
	  ->  Bitmap Index Scan on k_3  (cost=0.00..5.51 rows=108 width=0)
	        Index Cond: ((k >= 3887905) AND (k <= 3888005))

table 4 : explain SELECT k, c FROM sbtest4 WHERE k BETWEEN 3887905 AND 3888005
	Bitmap Heap Scan on sbtest4  (cost=5.43..389.62 rows=97 width=125)
	  Recheck Cond: ((k >= 3887905) AND (k <= 3888005))
	  ->  Bitmap Index Scan on k_4  (cost=0.00..5.40 rows=97 width=0)
	        Index Cond: ((k >= 3887905) AND (k <= 3888005))

table 5 : explain SELECT k, c FROM sbtest5 WHERE k BETWEEN 3887905 AND 3888005
	Bitmap Heap Scan on sbtest5  (cost=5.47..405.40 rows=101 width=125)
	  Recheck Cond: ((k >= 3887905) AND (k <= 3888005))
	  ->  Bitmap Index Scan on k_5  (cost=0.00..5.44 rows=101 width=0)
	        Index Cond: ((k >= 3887905) AND (k <= 3888005))

table 6 : explain SELECT k, c FROM sbtest6 WHERE k BETWEEN 3887905 AND 3888005
	Bitmap Heap Scan on sbtest6  (cost=5.46..401.49 rows=100 width=125)
	  Recheck Cond: ((k >= 3887905) AND (k <= 3888005))
	  ->  Bitmap Index Scan on k_6  (cost=0.00..5.43 rows=100 width=0)
	        Index Cond: ((k >= 3887905) AND (k <= 3888005))

table 7 : explain SELECT k, c FROM sbtest7 WHERE k BETWEEN 3887905 AND 3888005
	Bitmap Heap Scan on sbtest7  (cost=5.47..405.42 rows=101 width=125)
	  Recheck Cond: ((k >= 3887905) AND (k <= 3888005))
	  ->  Bitmap Index Scan on k_7  (cost=0.00..5.44 rows=101 width=0)
	        Index Cond: ((k >= 3887905) AND (k <= 3888005))

table 8 : explain SELECT k, c FROM sbtest8 WHERE k BETWEEN 3887905 AND 3888005
	Bitmap Heap Scan on sbtest8  (cost=5.41..381.79 rows=95 width=125)
	  Recheck Cond: ((k >= 3887905) AND (k <= 3888005))
	  ->  Bitmap Index Scan on k_8  (cost=0.00..5.38 rows=95 width=0)
	        Index Cond: ((k >= 3887905) AND (k <= 3888005))


for range-notcovered
table 1 : explain SELECT k, c FROM sbtest1 WHERE k BETWEEN 4976738 AND 4976838
	Bitmap Heap Scan on sbtest1  (cost=5.47..405.37 rows=101 width=125)
	  Recheck Cond: ((k >= 4976738) AND (k <= 4976838))
	  ->  Bitmap Index Scan on k_1  (cost=0.00..5.44 rows=101 width=0)
	        Index Cond: ((k >= 4976738) AND (k <= 4976838))

table 2 : explain SELECT k, c FROM sbtest2 WHERE k BETWEEN 4976738 AND 4976838
	Bitmap Heap Scan on sbtest2  (cost=5.48..409.32 rows=102 width=125)
	  Recheck Cond: ((k >= 4976738) AND (k <= 4976838))
	  ->  Bitmap Index Scan on k_2  (cost=0.00..5.45 rows=102 width=0)
	        Index Cond: ((k >= 4976738) AND (k <= 4976838))

table 3 : explain SELECT k, c FROM sbtest3 WHERE k BETWEEN 4976738 AND 4976838
	Bitmap Heap Scan on sbtest3  (cost=5.51..421.15 rows=105 width=125)
	  Recheck Cond: ((k >= 4976738) AND (k <= 4976838))
	  ->  Bitmap Index Scan on k_3  (cost=0.00..5.48 rows=105 width=0)
	        Index Cond: ((k >= 4976738) AND (k <= 4976838))

table 4 : explain SELECT k, c FROM sbtest4 WHERE k BETWEEN 4976738 AND 4976838
	Bitmap Heap Scan on sbtest4  (cost=5.47..405.39 rows=101 width=125)
	  Recheck Cond: ((k >= 4976738) AND (k <= 4976838))
	  ->  Bitmap Index Scan on k_4  (cost=0.00..5.44 rows=101 width=0)
	        Index Cond: ((k >= 4976738) AND (k <= 4976838))

table 5 : explain SELECT k, c FROM sbtest5 WHERE k BETWEEN 4976738 AND 4976838
	Bitmap Heap Scan on sbtest5  (cost=5.55..436.92 rows=109 width=125)
	  Recheck Cond: ((k >= 4976738) AND (k <= 4976838))
	  ->  Bitmap Index Scan on k_5  (cost=0.00..5.52 rows=109 width=0)
	        Index Cond: ((k >= 4976738) AND (k <= 4976838))

table 6 : explain SELECT k, c FROM sbtest6 WHERE k BETWEEN 4976738 AND 4976838
	Bitmap Heap Scan on sbtest6  (cost=5.45..397.54 rows=99 width=125)
	  Recheck Cond: ((k >= 4976738) AND (k <= 4976838))
	  ->  Bitmap Index Scan on k_6  (cost=0.00..5.42 rows=99 width=0)
	        Index Cond: ((k >= 4976738) AND (k <= 4976838))

table 7 : explain SELECT k, c FROM sbtest7 WHERE k BETWEEN 4976738 AND 4976838
	Bitmap Heap Scan on sbtest7  (cost=5.45..397.53 rows=99 width=125)
	  Recheck Cond: ((k >= 4976738) AND (k <= 4976838))
	  ->  Bitmap Index Scan on k_7  (cost=0.00..5.42 rows=99 width=0)
	        Index Cond: ((k >= 4976738) AND (k <= 4976838))

table 8 : explain SELECT k, c FROM sbtest8 WHERE k BETWEEN 4976738 AND 4976838
	Bitmap Heap Scan on sbtest8  (cost=5.45..397.57 rows=99 width=125)
	  Recheck Cond: ((k >= 4976738) AND (k <= 4976838))
	  ->  Bitmap Index Scan on k_8  (cost=0.00..5.42 rows=99 width=0)
	        Index Cond: ((k >= 4976738) AND (k <= 4976838))

for range-notcovered
table 1 : explain SELECT k, c FROM sbtest1 WHERE k BETWEEN 7296580 AND 7296680
	Bitmap Heap Scan on sbtest1  (cost=5.52..425.07 rows=106 width=125)
	  Recheck Cond: ((k >= 7296580) AND (k <= 7296680))
	  ->  Bitmap Index Scan on k_1  (cost=0.00..5.50 rows=106 width=0)
	        Index Cond: ((k >= 7296580) AND (k <= 7296680))

table 2 : explain SELECT k, c FROM sbtest2 WHERE k BETWEEN 7296580 AND 7296680
	Bitmap Heap Scan on sbtest2  (cost=5.53..429.02 rows=107 width=125)
	  Recheck Cond: ((k >= 7296580) AND (k <= 7296680))
	  ->  Bitmap Index Scan on k_2  (cost=0.00..5.50 rows=107 width=0)
	        Index Cond: ((k >= 7296580) AND (k <= 7296680))

table 3 : explain SELECT k, c FROM sbtest3 WHERE k BETWEEN 7296580 AND 7296680
	Bitmap Heap Scan on sbtest3  (cost=5.54..432.97 rows=108 width=125)
	  Recheck Cond: ((k >= 7296580) AND (k <= 7296680))
	  ->  Bitmap Index Scan on k_3  (cost=0.00..5.51 rows=108 width=0)
	        Index Cond: ((k >= 7296580) AND (k <= 7296680))

table 4 : explain SELECT k, c FROM sbtest4 WHERE k BETWEEN 7296580 AND 7296680
	Bitmap Heap Scan on sbtest4  (cost=5.38..369.90 rows=92 width=125)
	  Recheck Cond: ((k >= 7296580) AND (k <= 7296680))
	  ->  Bitmap Index Scan on k_4  (cost=0.00..5.35 rows=92 width=0)
	        Index Cond: ((k >= 7296580) AND (k <= 7296680))

table 5 : explain SELECT k, c FROM sbtest5 WHERE k BETWEEN 7296580 AND 7296680
	Bitmap Heap Scan on sbtest5  (cost=5.44..393.57 rows=98 width=125)
	  Recheck Cond: ((k >= 7296580) AND (k <= 7296680))
	  ->  Bitmap Index Scan on k_5  (cost=0.00..5.42 rows=98 width=0)
	        Index Cond: ((k >= 7296580) AND (k <= 7296680))

table 6 : explain SELECT k, c FROM sbtest6 WHERE k BETWEEN 7296580 AND 7296680
	Bitmap Heap Scan on sbtest6  (cost=5.53..429.08 rows=107 width=125)
	  Recheck Cond: ((k >= 7296580) AND (k <= 7296680))
	  ->  Bitmap Index Scan on k_6  (cost=0.00..5.50 rows=107 width=0)
	        Index Cond: ((k >= 7296580) AND (k <= 7296680))

table 7 : explain SELECT k, c FROM sbtest7 WHERE k BETWEEN 7296580 AND 7296680
	Bitmap Heap Scan on sbtest7  (cost=5.57..444.82 rows=111 width=125)
	  Recheck Cond: ((k >= 7296580) AND (k <= 7296680))
	  ->  Bitmap Index Scan on k_7  (cost=0.00..5.54 rows=111 width=0)
	        Index Cond: ((k >= 7296580) AND (k <= 7296680))

table 8 : explain SELECT k, c FROM sbtest8 WHERE k BETWEEN 7296580 AND 7296680
	Bitmap Heap Scan on sbtest8  (cost=5.50..417.28 rows=104 width=125)
	  Recheck Cond: ((k >= 7296580) AND (k <= 7296680))
	  ->  Bitmap Index Scan on k_8  (cost=0.00..5.47 rows=104 width=0)
	        Index Cond: ((k >= 7296580) AND (k <= 7296680))

explain: for range-notcovered :: explain SELECT k, c FROM sbtest%d WHERE k BETWEEN 4560876 AND 4560976
for range-notcovered
table 1 : explain SELECT k, c FROM sbtest1 WHERE k BETWEEN 3332067 AND 3332167
	Bitmap Heap Scan on sbtest1  (cost=5.50..417.19 rows=104 width=125)
	  Recheck Cond: ((k >= 3332067) AND (k <= 3332167))
	  ->  Bitmap Index Scan on k_1  (cost=0.00..5.47 rows=104 width=0)
	        Index Cond: ((k >= 3332067) AND (k <= 3332167))

table 2 : explain SELECT k, c FROM sbtest2 WHERE k BETWEEN 3332067 AND 3332167
	Bitmap Heap Scan on sbtest2  (cost=5.45..397.49 rows=99 width=125)
	  Recheck Cond: ((k >= 3332067) AND (k <= 3332167))
	  ->  Bitmap Index Scan on k_2  (cost=0.00..5.42 rows=99 width=0)
	        Index Cond: ((k >= 3332067) AND (k <= 3332167))

table 3 : explain SELECT k, c FROM sbtest3 WHERE k BETWEEN 3332067 AND 3332167
	Bitmap Heap Scan on sbtest3  (cost=5.50..417.21 rows=104 width=125)
	  Recheck Cond: ((k >= 3332067) AND (k <= 3332167))
	  ->  Bitmap Index Scan on k_3  (cost=0.00..5.47 rows=104 width=0)
	        Index Cond: ((k >= 3332067) AND (k <= 3332167))

table 4 : explain SELECT k, c FROM sbtest4 WHERE k BETWEEN 3332067 AND 3332167
	Bitmap Heap Scan on sbtest4  (cost=5.52..425.10 rows=106 width=125)
	  Recheck Cond: ((k >= 3332067) AND (k <= 3332167))
	  ->  Bitmap Index Scan on k_4  (cost=0.00..5.50 rows=106 width=0)
	        Index Cond: ((k >= 3332067) AND (k <= 3332167))

table 5 : explain SELECT k, c FROM sbtest5 WHERE k BETWEEN 3332067 AND 3332167
	Bitmap Heap Scan on sbtest5  (cost=5.52..425.10 rows=106 width=125)
	  Recheck Cond: ((k >= 3332067) AND (k <= 3332167))
	  ->  Bitmap Index Scan on k_5  (cost=0.00..5.50 rows=106 width=0)
	        Index Cond: ((k >= 3332067) AND (k <= 3332167))

table 6 : explain SELECT k, c FROM sbtest6 WHERE k BETWEEN 3332067 AND 3332167
	Bitmap Heap Scan on sbtest6  (cost=5.47..405.43 rows=101 width=125)
	  Recheck Cond: ((k >= 3332067) AND (k <= 3332167))
	  ->  Bitmap Index Scan on k_6  (cost=0.00..5.44 rows=101 width=0)
	        Index Cond: ((k >= 3332067) AND (k <= 3332167))

table 7 : explain SELECT k, c FROM sbtest7 WHERE k BETWEEN 3332067 AND 3332167
	Bitmap Heap Scan on sbtest7  (cost=5.43..389.64 rows=97 width=125)
	  Recheck Cond: ((k >= 3332067) AND (k <= 3332167))
	  ->  Bitmap Index Scan on k_7  (cost=0.00..5.40 rows=97 width=0)
	        Index Cond: ((k >= 3332067) AND (k <= 3332167))

table 8 : explain SELECT k, c FROM sbtest8 WHERE k BETWEEN 3332067 AND 3332167
	Bitmap Heap Scan on sbtest8  (cost=5.56..440.93 rows=110 width=125)
	  Recheck Cond: ((k >= 3332067) AND (k <= 3332167))
	  ->  Bitmap Index Scan on k_8  (cost=0.00..5.53 rows=110 width=0)
	        Index Cond: ((k >= 3332067) AND (k <= 3332167))



for range-notcovered
table 1 : explain SELECT k, c FROM sbtest1 WHERE k BETWEEN 4636687 AND 4636787
	Bitmap Heap Scan on sbtest1  (cost=5.44..393.54 rows=98 width=125)
	  Recheck Cond: ((k >= 4636687) AND (k <= 4636787))
	  ->  Bitmap Index Scan on k_1  (cost=0.00..5.42 rows=98 width=0)
	        Index Cond: ((k >= 4636687) AND (k <= 4636787))

table 2 : explain SELECT k, c FROM sbtest2 WHERE k BETWEEN 4636687 AND 4636787
	Bitmap Heap Scan on sbtest2  (cost=5.48..409.32 rows=102 width=125)
	  Recheck Cond: ((k >= 4636687) AND (k <= 4636787))
	  ->  Bitmap Index Scan on k_2  (cost=0.00..5.45 rows=102 width=0)
	        Index Cond: ((k >= 4636687) AND (k <= 4636787))

table 3 : explain SELECT k, c FROM sbtest3 WHERE k BETWEEN 4636687 AND 4636787
	Bitmap Heap Scan on sbtest3  (cost=5.46..401.44 rows=100 width=125)
	  Recheck Cond: ((k >= 4636687) AND (k <= 4636787))
	  ->  Bitmap Index Scan on k_3  (cost=0.00..5.43 rows=100 width=0)
	        Index Cond: ((k >= 4636687) AND (k <= 4636787))

table 4 : explain SELECT k, c FROM sbtest4 WHERE k BETWEEN 4636687 AND 4636787
	Bitmap Heap Scan on sbtest4  (cost=5.46..401.45 rows=100 width=125)
	  Recheck Cond: ((k >= 4636687) AND (k <= 4636787))
	  ->  Bitmap Index Scan on k_4  (cost=0.00..5.43 rows=100 width=0)
	        Index Cond: ((k >= 4636687) AND (k <= 4636787))

table 5 : explain SELECT k, c FROM sbtest5 WHERE k BETWEEN 4636687 AND 4636787
	Bitmap Heap Scan on sbtest5  (cost=5.48..409.34 rows=102 width=125)
	  Recheck Cond: ((k >= 4636687) AND (k <= 4636787))
	  ->  Bitmap Index Scan on k_5  (cost=0.00..5.45 rows=102 width=0)
	        Index Cond: ((k >= 4636687) AND (k <= 4636787))

table 6 : explain SELECT k, c FROM sbtest6 WHERE k BETWEEN 4636687 AND 4636787
	Bitmap Heap Scan on sbtest6  (cost=5.51..421.20 rows=105 width=125)
	  Recheck Cond: ((k >= 4636687) AND (k <= 4636787))
	  ->  Bitmap Index Scan on k_6  (cost=0.00..5.48 rows=105 width=0)
	        Index Cond: ((k >= 4636687) AND (k <= 4636787))

table 7 : explain SELECT k, c FROM sbtest7 WHERE k BETWEEN 4636687 AND 4636787
	Bitmap Heap Scan on sbtest7  (cost=5.41..381.76 rows=95 width=125)
	  Recheck Cond: ((k >= 4636687) AND (k <= 4636787))
	  ->  Bitmap Index Scan on k_7  (cost=0.00..5.38 rows=95 width=0)
	        Index Cond: ((k >= 4636687) AND (k <= 4636787))

table 8 : explain SELECT k, c FROM sbtest8 WHERE k BETWEEN 4636687 AND 4636787
	Bitmap Heap Scan on sbtest8  (cost=5.45..397.57 rows=99 width=125)
	  Recheck Cond: ((k >= 4636687) AND (k <= 4636787))
	  ->  Bitmap Index Scan on k_8  (cost=0.00..5.42 rows=99 width=0)
	        Index Cond: ((k >= 4636687) AND (k <= 4636787))


for range-notcovered
table 1 : explain SELECT k, c FROM sbtest1 WHERE k BETWEEN 5101710 AND 5101810
	Bitmap Heap Scan on sbtest1  (cost=5.51..421.13 rows=105 width=125)
	  Recheck Cond: ((k >= 5101710) AND (k <= 5101810))
	  ->  Bitmap Index Scan on k_1  (cost=0.00..5.48 rows=105 width=0)
	        Index Cond: ((k >= 5101710) AND (k <= 5101810))

table 2 : explain SELECT k, c FROM sbtest2 WHERE k BETWEEN 5101710 AND 5101810
	Bitmap Heap Scan on sbtest2  (cost=5.43..389.60 rows=97 width=125)
	  Recheck Cond: ((k >= 5101710) AND (k <= 5101810))
	  ->  Bitmap Index Scan on k_2  (cost=0.00..5.40 rows=97 width=0)
	        Index Cond: ((k >= 5101710) AND (k <= 5101810))

table 3 : explain SELECT k, c FROM sbtest3 WHERE k BETWEEN 5101710 AND 5101810
	Bitmap Heap Scan on sbtest3  (cost=5.50..417.21 rows=104 width=125)
	  Recheck Cond: ((k >= 5101710) AND (k <= 5101810))
	  ->  Bitmap Index Scan on k_3  (cost=0.00..5.47 rows=104 width=0)
	        Index Cond: ((k >= 5101710) AND (k <= 5101810))

table 4 : explain SELECT k, c FROM sbtest4 WHERE k BETWEEN 5101710 AND 5101810
	Bitmap Heap Scan on sbtest4  (cost=5.41..381.73 rows=95 width=125)
	  Recheck Cond: ((k >= 5101710) AND (k <= 5101810))
	  ->  Bitmap Index Scan on k_4  (cost=0.00..5.38 rows=95 width=0)
	        Index Cond: ((k >= 5101710) AND (k <= 5101810))

table 5 : explain SELECT k, c FROM sbtest5 WHERE k BETWEEN 5101710 AND 5101810
	Bitmap Heap Scan on sbtest5  (cost=5.56..440.86 rows=110 width=125)
	  Recheck Cond: ((k >= 5101710) AND (k <= 5101810))
	  ->  Bitmap Index Scan on k_5  (cost=0.00..5.53 rows=110 width=0)
	        Index Cond: ((k >= 5101710) AND (k <= 5101810))

table 6 : explain SELECT k, c FROM sbtest6 WHERE k BETWEEN 5101710 AND 5101810
	Bitmap Heap Scan on sbtest6  (cost=5.45..397.54 rows=99 width=125)
	  Recheck Cond: ((k >= 5101710) AND (k <= 5101810))
	  ->  Bitmap Index Scan on k_6  (cost=0.00..5.42 rows=99 width=0)
	        Index Cond: ((k >= 5101710) AND (k <= 5101810))

table 7 : explain SELECT k, c FROM sbtest7 WHERE k BETWEEN 5101710 AND 5101810
	Bitmap Heap Scan on sbtest7  (cost=5.46..401.48 rows=100 width=125)
	  Recheck Cond: ((k >= 5101710) AND (k <= 5101810))
	  ->  Bitmap Index Scan on k_7  (cost=0.00..5.43 rows=100 width=0)
	        Index Cond: ((k >= 5101710) AND (k <= 5101810))

table 8 : explain SELECT k, c FROM sbtest8 WHERE k BETWEEN 5101710 AND 5101810
	Bitmap Heap Scan on sbtest8  (cost=5.54..433.05 rows=108 width=125)
	  Recheck Cond: ((k >= 5101710) AND (k <= 5101810))
	  ->  Bitmap Index Scan on k_8  (cost=0.00..5.51 rows=108 width=0)
	        Index Cond: ((k >= 5101710) AND (k <= 5101810))

explain: for range-notcovered :: explain SELECT k, c FROM sbtest%d WHERE k BETWEEN 7936229 AND 7936329
for range-notcovered
table 1 : explain SELECT k, c FROM sbtest1 WHERE k BETWEEN 2729283 AND 2729383
	Bitmap Heap Scan on sbtest1  (cost=5.48..409.31 rows=102 width=125)
	  Recheck Cond: ((k >= 2729283) AND (k <= 2729383))
	  ->  Bitmap Index Scan on k_1  (cost=0.00..5.45 rows=102 width=0)
	        Index Cond: ((k >= 2729283) AND (k <= 2729383))

table 2 : explain SELECT k, c FROM sbtest2 WHERE k BETWEEN 2729283 AND 2729383
	Bitmap Heap Scan on sbtest2  (cost=5.35..358.04 rows=89 width=125)
	  Recheck Cond: ((k >= 2729283) AND (k <= 2729383))
	  ->  Bitmap Index Scan on k_2  (cost=0.00..5.32 rows=89 width=0)
	        Index Cond: ((k >= 2729283) AND (k <= 2729383))

table 3 : explain SELECT k, c FROM sbtest3 WHERE k BETWEEN 2729283 AND 2729383
	Bitmap Heap Scan on sbtest3  (cost=5.46..401.44 rows=100 width=125)
	  Recheck Cond: ((k >= 2729283) AND (k <= 2729383))
	  ->  Bitmap Index Scan on k_3  (cost=0.00..5.43 rows=100 width=0)
	        Index Cond: ((k >= 2729283) AND (k <= 2729383))

table 4 : explain SELECT k, c FROM sbtest4 WHERE k BETWEEN 2729283 AND 2729383
	Bitmap Heap Scan on sbtest4  (cost=5.51..421.16 rows=105 width=125)
	  Recheck Cond: ((k >= 2729283) AND (k <= 2729383))
	  ->  Bitmap Index Scan on k_4  (cost=0.00..5.48 rows=105 width=0)
	        Index Cond: ((k >= 2729283) AND (k <= 2729383))

table 5 : explain SELECT k, c FROM sbtest5 WHERE k BETWEEN 2729283 AND 2729383
	Bitmap Heap Scan on sbtest5  (cost=5.57..444.80 rows=111 width=125)
	  Recheck Cond: ((k >= 2729283) AND (k <= 2729383))
	  ->  Bitmap Index Scan on k_5  (cost=0.00..5.54 rows=111 width=0)
	        Index Cond: ((k >= 2729283) AND (k <= 2729383))

table 6 : explain SELECT k, c FROM sbtest6 WHERE k BETWEEN 2729283 AND 2729383
	Bitmap Heap Scan on sbtest6  (cost=5.49..413.32 rows=103 width=125)
	  Recheck Cond: ((k >= 2729283) AND (k <= 2729383))
	  ->  Bitmap Index Scan on k_6  (cost=0.00..5.46 rows=103 width=0)
	        Index Cond: ((k >= 2729283) AND (k <= 2729383))

table 7 : explain SELECT k, c FROM sbtest7 WHERE k BETWEEN 2729283 AND 2729383
	Bitmap Heap Scan on sbtest7  (cost=5.60..456.64 rows=114 width=125)
	  Recheck Cond: ((k >= 2729283) AND (k <= 2729383))
	  ->  Bitmap Index Scan on k_7  (cost=0.00..5.58 rows=114 width=0)
	        Index Cond: ((k >= 2729283) AND (k <= 2729383))

table 8 : explain SELECT k, c FROM sbtest8 WHERE k BETWEEN 2729283 AND 2729383
	Bitmap Heap Scan on sbtest8  (cost=5.55..436.99 rows=109 width=125)
	  Recheck Cond: ((k >= 2729283) AND (k <= 2729383))
	  ->  Bitmap Index Scan on k_8  (cost=0.00..5.52 rows=109 width=0)
	        Index Cond: ((k >= 2729283) AND (k <= 2729383))
explain: for range-notcovered :: explain SELECT k, c FROM sbtest%d WHERE k BETWEEN 5368835 AND 5368935
explain: for range-notcovered :: explain SELECT k, c FROM sbtest%d WHERE k BETWEEN 6751162 AND 6751262for range-notcovered
table 1 : explain SELECT k, c FROM sbtest1 WHERE k BETWEEN 2173248 AND 2173348
	Bitmap Heap Scan on sbtest1  (cost=5.52..425.07 rows=106 width=125)
	  Recheck Cond: ((k >= 2173248) AND (k <= 2173348))
	  ->  Bitmap Index Scan on k_1  (cost=0.00..5.50 rows=106 width=0)
	        Index Cond: ((k >= 2173248) AND (k <= 2173348))

table 2 : explain SELECT k, c FROM sbtest2 WHERE k BETWEEN 2173248 AND 2173348
	Bitmap Heap Scan on sbtest2  (cost=5.55..436.90 rows=109 width=125)
	  Recheck Cond: ((k >= 2173248) AND (k <= 2173348))
	  ->  Bitmap Index Scan on k_2  (cost=0.00..5.52 rows=109 width=0)
	        Index Cond: ((k >= 2173248) AND (k <= 2173348))

table 3 : explain SELECT k, c FROM sbtest3 WHERE k BETWEEN 2173248 AND 2173348
	Bitmap Heap Scan on sbtest3  (cost=5.44..393.56 rows=98 width=125)
	  Recheck Cond: ((k >= 2173248) AND (k <= 2173348))
	  ->  Bitmap Index Scan on k_3  (cost=0.00..5.42 rows=98 width=0)
	        Index Cond: ((k >= 2173248) AND (k <= 2173348))

table 4 : explain SELECT k, c FROM sbtest4 WHERE k BETWEEN 2173248 AND 2173348
	Bitmap Heap Scan on sbtest4  (cost=5.53..429.04 rows=107 width=125)
	  Recheck Cond: ((k >= 2173248) AND (k <= 2173348))
	  ->  Bitmap Index Scan on k_4  (cost=0.00..5.50 rows=107 width=0)
	        Index Cond: ((k >= 2173248) AND (k <= 2173348))

table 5 : explain SELECT k, c FROM sbtest5 WHERE k BETWEEN 2173248 AND 2173348
	Bitmap Heap Scan on sbtest5  (cost=5.44..393.57 rows=98 width=125)
	  Recheck Cond: ((k >= 2173248) AND (k <= 2173348))
	  ->  Bitmap Index Scan on k_5  (cost=0.00..5.42 rows=98 width=0)
	        Index Cond: ((k >= 2173248) AND (k <= 2173348))

table 6 : explain SELECT k, c FROM sbtest6 WHERE k BETWEEN 2173248 AND 2173348
	Bitmap Heap Scan on sbtest6  (cost=5.36..362.04 rows=90 width=125)
	  Recheck Cond: ((k >= 2173248) AND (k <= 2173348))
	  ->  Bitmap Index Scan on k_6  (cost=0.00..5.33 rows=90 width=0)
	        Index Cond: ((k >= 2173248) AND (k <= 2173348))

table 7 : explain SELECT k, c FROM sbtest7 WHERE k BETWEEN 2173248 AND 2173348
	Bitmap Heap Scan on sbtest7  (cost=5.47..405.42 rows=101 width=125)
	  Recheck Cond: ((k >= 2173248) AND (k <= 2173348))
	  ->  Bitmap Index Scan on k_7  (cost=0.00..5.44 rows=101 width=0)
	        Index Cond: ((k >= 2173248) AND (k <= 2173348))

table 8 : explain SELECT k, c FROM sbtest8 WHERE k BETWEEN 2173248 AND 2173348
	Bitmap Heap Scan on sbtest8  (cost=5.45..397.57 rows=99 width=125)
	  Recheck Cond: ((k >= 2173248) AND (k <= 2173348))
	  ->  Bitmap Index Scan on k_8  (cost=0.00..5.42 rows=99 width=0)
	        Index Cond: ((k >= 2173248) AND (k <= 2173348))

explain: for range-notcovered :: explain SELECT k, c FROM sbtest%d WHERE k BETWEEN 4976738 AND 4976838explain: for range-notcovered :: explain SELECT k, c FROM sbtest%d WHERE k BETWEEN 3887905 AND 3888005

for range-notcovered
table 1 : explain SELECT k, c FROM sbtest1 WHERE k BETWEEN 974328 AND 974428
	Bitmap Heap Scan on sbtest1  (cost=5.40..377.77 rows=94 width=125)
	  Recheck Cond: ((k >= 974328) AND (k <= 974428))
	  ->  Bitmap Index Scan on k_1  (cost=0.00..5.38 rows=94 width=0)
	        Index Cond: ((k >= 974328) AND (k <= 974428))

table 2 : explain SELECT k, c FROM sbtest2 WHERE k BETWEEN 974328 AND 974428
	Bitmap Heap Scan on sbtest2  (cost=5.53..429.02 rows=107 width=125)
	  Recheck Cond: ((k >= 974328) AND (k <= 974428))
	  ->  Bitmap Index Scan on k_2  (cost=0.00..5.50 rows=107 width=0)
	        Index Cond: ((k >= 974328) AND (k <= 974428))

table 3 : explain SELECT k, c FROM sbtest3 WHERE k BETWEEN 974328 AND 974428
	Bitmap Heap Scan on sbtest3  (cost=5.42..385.67 rows=96 width=125)
	  Recheck Cond: ((k >= 974328) AND (k <= 974428))
	  ->  Bitmap Index Scan on k_3  (cost=0.00..5.39 rows=96 width=0)
	        Index Cond: ((k >= 974328) AND (k <= 974428))

table 4 : explain SELECT k, c FROM sbtest4 WHERE k BETWEEN 974328 AND 974428
	Bitmap Heap Scan on sbtest4  (cost=5.54..432.98 rows=108 width=125)
	  Recheck Cond: ((k >= 974328) AND (k <= 974428))
	  ->  Bitmap Index Scan on k_4  (cost=0.00..5.51 rows=108 width=0)
	        Index Cond: ((k >= 974328) AND (k <= 974428))

table 5 : explain SELECT k, c FROM sbtest5 WHERE k BETWEEN 974328 AND 974428
	Bitmap Heap Scan on sbtest5  (cost=5.40..377.79 rows=94 width=125)
	  Recheck Cond: ((k >= 974328) AND (k <= 974428))
	  ->  Bitmap Index Scan on k_5  (cost=0.00..5.38 rows=94 width=0)
	        Index Cond: ((k >= 974328) AND (k <= 974428))

table 6 : explain SELECT k, c FROM sbtest6 WHERE k BETWEEN 974328 AND 974428
	Bitmap Heap Scan on sbtest6  (cost=5.41..381.77 rows=95 width=125)
	  Recheck Cond: ((k >= 974328) AND (k <= 974428))
	  ->  Bitmap Index Scan on k_6  (cost=0.00..5.38 rows=95 width=0)
	        Index Cond: ((k >= 974328) AND (k <= 974428))

table 7 : explain SELECT k, c FROM sbtest7 WHERE k BETWEEN 974328 AND 974428
	Bitmap Heap Scan on sbtest7  (cost=5.52..425.13 rows=106 width=125)
	  Recheck Cond: ((k >= 974328) AND (k <= 974428))
	  ->  Bitmap Index Scan on k_7  (cost=0.00..5.50 rows=106 width=0)
	        Index Cond: ((k >= 974328) AND (k <= 974428))

table 8 : explain SELECT k, c FROM sbtest8 WHERE k BETWEEN 974328 AND 974428
	Bitmap Heap Scan on sbtest8  (cost=5.48..409.40 rows=102 width=125)
	  Recheck Cond: ((k >= 974328) AND (k <= 974428))
	  ->  Bitmap Index Scan on k_8  (cost=0.00..5.45 rows=102 width=0)
	        Index Cond: ((k >= 974328) AND (k <= 974428))


explain: for range-notcovered :: explain SELECT k, c FROM sbtest%d WHERE k BETWEEN 3332067 AND 3332167

explain: for range-notcovered :: explain SELECT k, c FROM sbtest%d WHERE k BETWEEN 4636687 AND 4636787
for range-notcovered
table 1 : explain SELECT k, c FROM sbtest1 WHERE k BETWEEN 3169346 AND 3169446
	Bitmap Heap Scan on sbtest1  (cost=5.44..393.54 rows=98 width=125)
	  Recheck Cond: ((k >= 3169346) AND (k <= 3169446))
	  ->  Bitmap Index Scan on k_1  (cost=0.00..5.42 rows=98 width=0)
	        Index Cond: ((k >= 3169346) AND (k <= 3169446))

table 2 : explain SELECT k, c FROM sbtest2 WHERE k BETWEEN 3169346 AND 3169446
	Bitmap Heap Scan on sbtest2  (cost=5.45..397.49 rows=99 width=125)
	  Recheck Cond: ((k >= 3169346) AND (k <= 3169446))
	  ->  Bitmap Index Scan on k_2  (cost=0.00..5.42 rows=99 width=0)
	        Index Cond: ((k >= 3169346) AND (k <= 3169446))

table 3 : explain SELECT k, c FROM sbtest3 WHERE k BETWEEN 3169346 AND 3169446
	Bitmap Heap Scan on sbtest3  (cost=5.41..381.73 rows=95 width=125)
	  Recheck Cond: ((k >= 3169346) AND (k <= 3169446))
	  ->  Bitmap Index Scan on k_3  (cost=0.00..5.38 rows=95 width=0)
	        Index Cond: ((k >= 3169346) AND (k <= 3169446))

table 4 : explain SELECT k, c FROM sbtest4 WHERE k BETWEEN 3169346 AND 3169446
	Bitmap Heap Scan on sbtest4  (cost=5.56..440.86 rows=110 width=125)
	  Recheck Cond: ((k >= 3169346) AND (k <= 3169446))
	  ->  Bitmap Index Scan on k_4  (cost=0.00..5.53 rows=110 width=0)
	        Index Cond: ((k >= 3169346) AND (k <= 3169446))

table 5 : explain SELECT k, c FROM sbtest5 WHERE k BETWEEN 3169346 AND 3169446
	Bitmap Heap Scan on sbtest5  (cost=5.51..421.16 rows=105 width=125)
	  Recheck Cond: ((k >= 3169346) AND (k <= 3169446))
	  ->  Bitmap Index Scan on k_5  (cost=0.00..5.48 rows=105 width=0)
	        Index Cond: ((k >= 3169346) AND (k <= 3169446))

table 6 : explain SELECT k, c FROM sbtest6 WHERE k BETWEEN 3169346 AND 3169446
	Bitmap Heap Scan on sbtest6  (cost=5.53..429.08 rows=107 width=125)
	  Recheck Cond: ((k >= 3169346) AND (k <= 3169446))
	  ->  Bitmap Index Scan on k_6  (cost=0.00..5.50 rows=107 width=0)
	        Index Cond: ((k >= 3169346) AND (k <= 3169446))

table 7 : explain SELECT k, c FROM sbtest7 WHERE k BETWEEN 3169346 AND 3169446
	Bitmap Heap Scan on sbtest7  (cost=5.48..409.36 rows=102 width=125)
	  Recheck Cond: ((k >= 3169346) AND (k <= 3169446))
	  ->  Bitmap Index Scan on k_7  (cost=0.00..5.45 rows=102 width=0)
	        Index Cond: ((k >= 3169346) AND (k <= 3169446))

table 8 : explain SELECT k, c FROM sbtest8 WHERE k BETWEEN 3169346 AND 3169446
	Bitmap Heap Scan on sbtest8  (cost=5.53..429.11 rows=107 width=125)
	  Recheck Cond: ((k >= 3169346) AND (k <= 3169446))
	  ->  Bitmap Index Scan on k_8  (cost=0.00..5.50 rows=107 width=0)
	        Index Cond: ((k >= 3169346) AND (k <= 3169446))

explain: for range-notcovered :: explain SELECT k, c FROM sbtest%d WHERE k BETWEEN 5101710 AND 5101810
explain: for range-notcovered :: explain SELECT k, c FROM sbtest%d WHERE k BETWEEN 2729283 AND 2729383
explain: for range-notcovered :: explain SELECT k, c FROM sbtest%d WHERE k BETWEEN 2173248 AND 2173348
explain: for range-notcovered :: explain SELECT k, c FROM sbtest%d WHERE k BETWEEN 974328 AND 974428
for range-notcovered
table 1 : explain SELECT k, c FROM sbtest1 WHERE k BETWEEN 5235916 AND 5236016
	Bitmap Heap Scan on sbtest1  (cost=5.49..413.25 rows=103 width=125)
	  Recheck Cond: ((k >= 5235916) AND (k <= 5236016))
	  ->  Bitmap Index Scan on k_1  (cost=0.00..5.46 rows=103 width=0)
	        Index Cond: ((k >= 5235916) AND (k <= 5236016))

table 2 : explain SELECT k, c FROM sbtest2 WHERE k BETWEEN 5235916 AND 5236016
	Bitmap Heap Scan on sbtest2  (cost=5.41..381.72 rows=95 width=125)
	  Recheck Cond: ((k >= 5235916) AND (k <= 5236016))
	  ->  Bitmap Index Scan on k_2  (cost=0.00..5.38 rows=95 width=0)
	        Index Cond: ((k >= 5235916) AND (k <= 5236016))

table 3 : explain SELECT k, c FROM sbtest3 WHERE k BETWEEN 5235916 AND 5236016
	Bitmap Heap Scan on sbtest3  (cost=5.57..444.79 rows=111 width=125)
	  Recheck Cond: ((k >= 5235916) AND (k <= 5236016))
	  ->  Bitmap Index Scan on k_3  (cost=0.00..5.54 rows=111 width=0)
	        Index Cond: ((k >= 5235916) AND (k <= 5236016))

table 4 : explain SELECT k, c FROM sbtest4 WHERE k BETWEEN 5235916 AND 5236016
	Bitmap Heap Scan on sbtest4  (cost=5.40..377.79 rows=94 width=125)
	  Recheck Cond: ((k >= 5235916) AND (k <= 5236016))
	  ->  Bitmap Index Scan on k_4  (cost=0.00..5.38 rows=94 width=0)
	        Index Cond: ((k >= 5235916) AND (k <= 5236016))

table 5 : explain SELECT k, c FROM sbtest5 WHERE k BETWEEN 5235916 AND 5236016
	Bitmap Heap Scan on sbtest5  (cost=5.55..436.92 rows=109 width=125)
	  Recheck Cond: ((k >= 5235916) AND (k <= 5236016))
	  ->  Bitmap Index Scan on k_5  (cost=0.00..5.52 rows=109 width=0)
	        Index Cond: ((k >= 5235916) AND (k <= 5236016))

table 6 : explain SELECT k, c FROM sbtest6 WHERE k BETWEEN 5235916 AND 5236016
	Bitmap Heap Scan on sbtest6  (cost=5.57..444.84 rows=111 width=125)
	  Recheck Cond: ((k >= 5235916) AND (k <= 5236016))
	  ->  Bitmap Index Scan on k_6  (cost=0.00..5.54 rows=111 width=0)
	        Index Cond: ((k >= 5235916) AND (k <= 5236016))

table 7 : explain SELECT k, c FROM sbtest7 WHERE k BETWEEN 5235916 AND 5236016
	Bitmap Heap Scan on sbtest7  (cost=5.49..413.30 rows=103 width=125)
	  Recheck Cond: ((k >= 5235916) AND (k <= 5236016))
	  ->  Bitmap Index Scan on k_7  (cost=0.00..5.46 rows=103 width=0)
	        Index Cond: ((k >= 5235916) AND (k <= 5236016))

table 8 : explain SELECT k, c FROM sbtest8 WHERE k BETWEEN 5235916 AND 5236016
	Bitmap Heap Scan on sbtest8  (cost=5.48..409.40 rows=102 width=125)
	  Recheck Cond: ((k >= 5235916) AND (k <= 5236016))
	  ->  Bitmap Index Scan on k_8  (cost=0.00..5.45 rows=102 width=0)
	        Index Cond: ((k >= 5235916) AND (k <= 5236016))
explain: for range-notcovered :: explain SELECT k, c FROM sbtest%d WHERE k BETWEEN 3169346 AND 3169446

for range-notcovered
table 1 : explain SELECT k, c FROM sbtest1 WHERE k BETWEEN 6548505 AND 6548605
	Bitmap Heap Scan on sbtest1  (cost=5.41..381.71 rows=95 width=125)
	  Recheck Cond: ((k >= 6548505) AND (k <= 6548605))
	  ->  Bitmap Index Scan on k_1  (cost=0.00..5.38 rows=95 width=0)
	        Index Cond: ((k >= 6548505) AND (k <= 6548605))

table 2 : explain SELECT k, c FROM sbtest2 WHERE k BETWEEN 6548505 AND 6548605
	Bitmap Heap Scan on sbtest2  (cost=5.49..413.26 rows=103 width=125)
	  Recheck Cond: ((k >= 6548505) AND (k <= 6548605))
	  ->  Bitmap Index Scan on k_2  (cost=0.00..5.46 rows=103 width=0)
	        Index Cond: ((k >= 6548505) AND (k <= 6548605))

table 3 : explain SELECT k, c FROM sbtest3 WHERE k BETWEEN 6548505 AND 6548605
	Bitmap Heap Scan on sbtest3  (cost=5.52..425.09 rows=106 width=125)
	  Recheck Cond: ((k >= 6548505) AND (k <= 6548605))
	  ->  Bitmap Index Scan on k_3  (cost=0.00..5.50 rows=106 width=0)
	        Index Cond: ((k >= 6548505) AND (k <= 6548605))

table 4 : explain SELECT k, c FROM sbtest4 WHERE k BETWEEN 6548505 AND 6548605
	Bitmap Heap Scan on sbtest4  (cost=5.40..377.79 rows=94 width=125)
	  Recheck Cond: ((k >= 6548505) AND (k <= 6548605))
	  ->  Bitmap Index Scan on k_4  (cost=0.00..5.38 rows=94 width=0)
	        Index Cond: ((k >= 6548505) AND (k <= 6548605))

table 5 : explain SELECT k, c FROM sbtest5 WHERE k BETWEEN 6548505 AND 6548605
	Bitmap Heap Scan on sbtest5  (cost=5.43..389.63 rows=97 width=125)
	  Recheck Cond: ((k >= 6548505) AND (k <= 6548605))
	  ->  Bitmap Index Scan on k_5  (cost=0.00..5.40 rows=97 width=0)
	        Index Cond: ((k >= 6548505) AND (k <= 6548605))

table 6 : explain SELECT k, c FROM sbtest6 WHERE k BETWEEN 6548505 AND 6548605
	Bitmap Heap Scan on sbtest6  (cost=5.40..377.82 rows=94 width=125)
	  Recheck Cond: ((k >= 6548505) AND (k <= 6548605))
	  ->  Bitmap Index Scan on k_6  (cost=0.00..5.38 rows=94 width=0)
	        Index Cond: ((k >= 6548505) AND (k <= 6548605))

table 7 : explain SELECT k, c FROM sbtest7 WHERE k BETWEEN 6548505 AND 6548605
	Bitmap Heap Scan on sbtest7  (cost=5.52..425.13 rows=106 width=125)
	  Recheck Cond: ((k >= 6548505) AND (k <= 6548605))
	  ->  Bitmap Index Scan on k_7  (cost=0.00..5.50 rows=106 width=0)
	        Index Cond: ((k >= 6548505) AND (k <= 6548605))

table 8 : explain SELECT k, c FROM sbtest8 WHERE k BETWEEN 6548505 AND 6548605
	Bitmap Heap Scan on sbtest8  (cost=5.44..393.62 rows=98 width=125)
	  Recheck Cond: ((k >= 6548505) AND (k <= 6548605))
	  ->  Bitmap Index Scan on k_8  (cost=0.00..5.42 rows=98 width=0)
	        Index Cond: ((k >= 6548505) AND (k <= 6548605))

for range-notcovered
table 1 : explain SELECT k, c FROM sbtest1 WHERE k BETWEEN 4047833 AND 4047933
	Bitmap Heap Scan on sbtest1  (cost=5.51..421.13 rows=105 width=125)
	  Recheck Cond: ((k >= 4047833) AND (k <= 4047933))
	  ->  Bitmap Index Scan on k_1  (cost=0.00..5.48 rows=105 width=0)
	        Index Cond: ((k >= 4047833) AND (k <= 4047933))

table 2 : explain SELECT k, c FROM sbtest2 WHERE k BETWEEN 4047833 AND 4047933
	Bitmap Heap Scan on sbtest2  (cost=5.43..389.60 rows=97 width=125)
	  Recheck Cond: ((k >= 4047833) AND (k <= 4047933))
	  ->  Bitmap Index Scan on k_2  (cost=0.00..5.40 rows=97 width=0)
	        Index Cond: ((k >= 4047833) AND (k <= 4047933))

table 3 : explain SELECT k, c FROM sbtest3 WHERE k BETWEEN 4047833 AND 4047933
	Bitmap Heap Scan on sbtest3  (cost=5.41..381.73 rows=95 width=125)
	  Recheck Cond: ((k >= 4047833) AND (k <= 4047933))
	  ->  Bitmap Index Scan on k_3  (cost=0.00..5.38 rows=95 width=0)
	        Index Cond: ((k >= 4047833) AND (k <= 4047933))

table 4 : explain SELECT k, c FROM sbtest4 WHERE k BETWEEN 4047833 AND 4047933
	Bitmap Heap Scan on sbtest4  (cost=5.49..413.28 rows=103 width=125)
	  Recheck Cond: ((k >= 4047833) AND (k <= 4047933))
	  ->  Bitmap Index Scan on k_4  (cost=0.00..5.46 rows=103 width=0)
	        Index Cond: ((k >= 4047833) AND (k <= 4047933))

table 5 : explain SELECT k, c FROM sbtest5 WHERE k BETWEEN 4047833 AND 4047933
	Bitmap Heap Scan on sbtest5  (cost=5.46..401.46 rows=100 width=125)
	  Recheck Cond: ((k >= 4047833) AND (k <= 4047933))
	  ->  Bitmap Index Scan on k_5  (cost=0.00..5.43 rows=100 width=0)
	        Index Cond: ((k >= 4047833) AND (k <= 4047933))

table 6 : explain SELECT k, c FROM sbtest6 WHERE k BETWEEN 4047833 AND 4047933
	Bitmap Heap Scan on sbtest6  (cost=5.48..409.37 rows=102 width=125)
	  Recheck Cond: ((k >= 4047833) AND (k <= 4047933))
	  ->  Bitmap Index Scan on k_6  (cost=0.00..5.45 rows=102 width=0)
	        Index Cond: ((k >= 4047833) AND (k <= 4047933))

table 7 : explain SELECT k, c FROM sbtest7 WHERE k BETWEEN 4047833 AND 4047933
	Bitmap Heap Scan on sbtest7  (cost=5.49..413.30 rows=103 width=125)
	  Recheck Cond: ((k >= 4047833) AND (k <= 4047933))
	  ->  Bitmap Index Scan on k_7  (cost=0.00..5.46 rows=103 width=0)
	        Index Cond: ((k >= 4047833) AND (k <= 4047933))

table 8 : explain SELECT k, c FROM sbtest8 WHERE k BETWEEN 4047833 AND 4047933
	Bitmap Heap Scan on sbtest8  (cost=5.50..417.28 rows=104 width=125)
	  Recheck Cond: ((k >= 4047833) AND (k <= 4047933))
	  ->  Bitmap Index Scan on k_8  (cost=0.00..5.47 rows=104 width=0)
	        Index Cond: ((k >= 4047833) AND (k <= 4047933))

for range-notcovered
table 1 : explain SELECT k, c FROM sbtest1 WHERE k BETWEEN 3348607 AND 3348707
	Bitmap Heap Scan on sbtest1  (cost=5.50..417.19 rows=104 width=125)
	  Recheck Cond: ((k >= 3348607) AND (k <= 3348707))
	  ->  Bitmap Index Scan on k_1  (cost=0.00..5.47 rows=104 width=0)
	        Index Cond: ((k >= 3348607) AND (k <= 3348707))

table 2 : explain SELECT k, c FROM sbtest2 WHERE k BETWEEN 3348607 AND 3348707
	Bitmap Heap Scan on sbtest2  (cost=5.45..397.49 rows=99 width=125)
	  Recheck Cond: ((k >= 3348607) AND (k <= 3348707))
	  ->  Bitmap Index Scan on k_2  (cost=0.00..5.42 rows=99 width=0)
	        Index Cond: ((k >= 3348607) AND (k <= 3348707))

table 3 : explain SELECT k, c FROM sbtest3 WHERE k BETWEEN 3348607 AND 3348707
	Bitmap Heap Scan on sbtest3  (cost=5.50..417.21 rows=104 width=125)
	  Recheck Cond: ((k >= 3348607) AND (k <= 3348707))
	  ->  Bitmap Index Scan on k_3  (cost=0.00..5.47 rows=104 width=0)
	        Index Cond: ((k >= 3348607) AND (k <= 3348707))

table 4 : explain SELECT k, c FROM sbtest4 WHERE k BETWEEN 3348607 AND 3348707
	Bitmap Heap Scan on sbtest4  (cost=5.52..425.10 rows=106 width=125)
	  Recheck Cond: ((k >= 3348607) AND (k <= 3348707))
	  ->  Bitmap Index Scan on k_4  (cost=0.00..5.50 rows=106 width=0)
	        Index Cond: ((k >= 3348607) AND (k <= 3348707))

table 5 : explain SELECT k, c FROM sbtest5 WHERE k BETWEEN 3348607 AND 3348707
	Bitmap Heap Scan on sbtest5  (cost=5.52..425.10 rows=106 width=125)
	  Recheck Cond: ((k >= 3348607) AND (k <= 3348707))
	  ->  Bitmap Index Scan on k_5  (cost=0.00..5.50 rows=106 width=0)
	        Index Cond: ((k >= 3348607) AND (k <= 3348707))

table 6 : explain SELECT k, c FROM sbtest6 WHERE k BETWEEN 3348607 AND 3348707
	Bitmap Heap Scan on sbtest6  (cost=5.47..405.43 rows=101 width=125)
	  Recheck Cond: ((k >= 3348607) AND (k <= 3348707))
	  ->  Bitmap Index Scan on k_6  (cost=0.00..5.44 rows=101 width=0)
	        Index Cond: ((k >= 3348607) AND (k <= 3348707))

table 7 : explain SELECT k, c FROM sbtest7 WHERE k BETWEEN 3348607 AND 3348707
	Bitmap Heap Scan on sbtest7  (cost=5.43..389.64 rows=97 width=125)
	  Recheck Cond: ((k >= 3348607) AND (k <= 3348707))
	  ->  Bitmap Index Scan on k_7  (cost=0.00..5.40 rows=97 width=0)
	        Index Cond: ((k >= 3348607) AND (k <= 3348707))

table 8 : explain SELECT k, c FROM sbtest8 WHERE k BETWEEN 3348607 AND 3348707
	Bitmap Heap Scan on sbtest8  (cost=5.56..440.93 rows=110 width=125)
	  Recheck Cond: ((k >= 3348607) AND (k <= 3348707))
	  ->  Bitmap Index Scan on k_8  (cost=0.00..5.53 rows=110 width=0)
	        Index Cond: ((k >= 3348607) AND (k <= 3348707))

for range-notcovered
table 1 : explain SELECT k, c FROM sbtest1 WHERE k BETWEEN 5421055 AND 5421155
	Bitmap Heap Scan on sbtest1  (cost=5.46..401.43 rows=100 width=125)
	  Recheck Cond: ((k >= 5421055) AND (k <= 5421155))
	  ->  Bitmap Index Scan on k_1  (cost=0.00..5.43 rows=100 width=0)
	        Index Cond: ((k >= 5421055) AND (k <= 5421155))

table 2 : explain SELECT k, c FROM sbtest2 WHERE k BETWEEN 5421055 AND 5421155
	Bitmap Heap Scan on sbtest2  (cost=5.45..397.49 rows=99 width=125)
	  Recheck Cond: ((k >= 5421055) AND (k <= 5421155))
	  ->  Bitmap Index Scan on k_2  (cost=0.00..5.42 rows=99 width=0)
	        Index Cond: ((k >= 5421055) AND (k <= 5421155))

table 3 : explain SELECT k, c FROM sbtest3 WHERE k BETWEEN 5421055 AND 5421155
	Bitmap Heap Scan on sbtest3  (cost=5.39..373.84 rows=93 width=125)
	  Recheck Cond: ((k >= 5421055) AND (k <= 5421155))
	  ->  Bitmap Index Scan on k_3  (cost=0.00..5.36 rows=93 width=0)
	        Index Cond: ((k >= 5421055) AND (k <= 5421155))

table 4 : explain SELECT k, c FROM sbtest4 WHERE k BETWEEN 5421055 AND 5421155
	Bitmap Heap Scan on sbtest4  (cost=5.58..448.73 rows=112 width=125)
	  Recheck Cond: ((k >= 5421055) AND (k <= 5421155))
	  ->  Bitmap Index Scan on k_4  (cost=0.00..5.55 rows=112 width=0)
	        Index Cond: ((k >= 5421055) AND (k <= 5421155))

table 5 : explain SELECT k, c FROM sbtest5 WHERE k BETWEEN 5421055 AND 5421155
	Bitmap Heap Scan on sbtest5  (cost=5.44..393.57 rows=98 width=125)
	  Recheck Cond: ((k >= 5421055) AND (k <= 5421155))
	  ->  Bitmap Index Scan on k_5  (cost=0.00..5.42 rows=98 width=0)
	        Index Cond: ((k >= 5421055) AND (k <= 5421155))

table 6 : explain SELECT k, c FROM sbtest6 WHERE k BETWEEN 5421055 AND 5421155
	Bitmap Heap Scan on sbtest6  (cost=5.51..421.20 rows=105 width=125)
	  Recheck Cond: ((k >= 5421055) AND (k <= 5421155))
	  ->  Bitmap Index Scan on k_6  (cost=0.00..5.48 rows=105 width=0)
	        Index Cond: ((k >= 5421055) AND (k <= 5421155))

table 7 : explain SELECT k, c FROM sbtest7 WHERE k BETWEEN 5421055 AND 5421155
	Bitmap Heap Scan on sbtest7  (cost=5.43..389.64 rows=97 width=125)
	  Recheck Cond: ((k >= 5421055) AND (k <= 5421155))
	  ->  Bitmap Index Scan on k_7  (cost=0.00..5.40 rows=97 width=0)
	        Index Cond: ((k >= 5421055) AND (k <= 5421155))

table 8 : explain SELECT k, c FROM sbtest8 WHERE k BETWEEN 5421055 AND 5421155
	Bitmap Heap Scan on sbtest8  (cost=5.44..393.62 rows=98 width=125)
	  Recheck Cond: ((k >= 5421055) AND (k <= 5421155))
	  ->  Bitmap Index Scan on k_8  (cost=0.00..5.42 rows=98 width=0)
	        Index Cond: ((k >= 5421055) AND (k <= 5421155))

for range-notcovered
table 1 : explain SELECT k, c FROM sbtest1 WHERE k BETWEEN 6049307 AND 6049407
	Bitmap Heap Scan on sbtest1  (cost=5.40..377.77 rows=94 width=125)
	  Recheck Cond: ((k >= 6049307) AND (k <= 6049407))
	  ->  Bitmap Index Scan on k_1  (cost=0.00..5.38 rows=94 width=0)
	        Index Cond: ((k >= 6049307) AND (k <= 6049407))

table 2 : explain SELECT k, c FROM sbtest2 WHERE k BETWEEN 6049307 AND 6049407
	Bitmap Heap Scan on sbtest2  (cost=5.45..397.49 rows=99 width=125)
	  Recheck Cond: ((k >= 6049307) AND (k <= 6049407))
	  ->  Bitmap Index Scan on k_2  (cost=0.00..5.42 rows=99 width=0)
	        Index Cond: ((k >= 6049307) AND (k <= 6049407))

table 3 : explain SELECT k, c FROM sbtest3 WHERE k BETWEEN 6049307 AND 6049407
	Bitmap Heap Scan on sbtest3  (cost=5.50..417.21 rows=104 width=125)
	  Recheck Cond: ((k >= 6049307) AND (k <= 6049407))
	  ->  Bitmap Index Scan on k_3  (cost=0.00..5.47 rows=104 width=0)
	        Index Cond: ((k >= 6049307) AND (k <= 6049407))

table 4 : explain SELECT k, c FROM sbtest4 WHERE k BETWEEN 6049307 AND 6049407
	Bitmap Heap Scan on sbtest4  (cost=5.44..393.57 rows=98 width=125)
	  Recheck Cond: ((k >= 6049307) AND (k <= 6049407))
	  ->  Bitmap Index Scan on k_4  (cost=0.00..5.42 rows=98 width=0)
	        Index Cond: ((k >= 6049307) AND (k <= 6049407))

table 5 : explain SELECT k, c FROM sbtest5 WHERE k BETWEEN 6049307 AND 6049407
	Bitmap Heap Scan on sbtest5  (cost=5.40..377.79 rows=94 width=125)
	  Recheck Cond: ((k >= 6049307) AND (k <= 6049407))
	  ->  Bitmap Index Scan on k_5  (cost=0.00..5.38 rows=94 width=0)
	        Index Cond: ((k >= 6049307) AND (k <= 6049407))

table 6 : explain SELECT k, c FROM sbtest6 WHERE k BETWEEN 6049307 AND 6049407
	Bitmap Heap Scan on sbtest6  (cost=5.40..377.82 rows=94 width=125)
	  Recheck Cond: ((k >= 6049307) AND (k <= 6049407))
	  ->  Bitmap Index Scan on k_6  (cost=0.00..5.38 rows=94 width=0)
	        Index Cond: ((k >= 6049307) AND (k <= 6049407))

table 7 : explain SELECT k, c FROM sbtest7 WHERE k BETWEEN 6049307 AND 6049407
	Bitmap Heap Scan on sbtest7  (cost=5.45..397.53 rows=99 width=125)
	  Recheck Cond: ((k >= 6049307) AND (k <= 6049407))
	  ->  Bitmap Index Scan on k_7  (cost=0.00..5.42 rows=99 width=0)
	        Index Cond: ((k >= 6049307) AND (k <= 6049407))

table 8 : explain SELECT k, c FROM sbtest8 WHERE k BETWEEN 6049307 AND 6049407
	Bitmap Heap Scan on sbtest8  (cost=5.49..413.34 rows=103 width=125)
	  Recheck Cond: ((k >= 6049307) AND (k <= 6049407))
	  ->  Bitmap Index Scan on k_8  (cost=0.00..5.46 rows=103 width=0)
	        Index Cond: ((k >= 6049307) AND (k <= 6049407))

explain: for range-notcovered :: explain SELECT k, c FROM sbtest%d WHERE k BETWEEN 6548505 AND 6548605
for range-notcovered
table 1 : explain SELECT k, c FROM sbtest1 WHERE k BETWEEN 7480959 AND 7481059
	Bitmap Heap Scan on sbtest1  (cost=5.47..405.37 rows=101 width=125)
	  Recheck Cond: ((k >= 7480959) AND (k <= 7481059))
	  ->  Bitmap Index Scan on k_1  (cost=0.00..5.44 rows=101 width=0)
	        Index Cond: ((k >= 7480959) AND (k <= 7481059))

table 2 : explain SELECT k, c FROM sbtest2 WHERE k BETWEEN 7480959 AND 7481059
	Bitmap Heap Scan on sbtest2  (cost=5.48..409.32 rows=102 width=125)
	  Recheck Cond: ((k >= 7480959) AND (k <= 7481059))
	  ->  Bitmap Index Scan on k_2  (cost=0.00..5.45 rows=102 width=0)
	        Index Cond: ((k >= 7480959) AND (k <= 7481059))

table 3 : explain SELECT k, c FROM sbtest3 WHERE k BETWEEN 7480959 AND 7481059
	Bitmap Heap Scan on sbtest3  (cost=5.46..401.44 rows=100 width=125)
	  Recheck Cond: ((k >= 7480959) AND (k <= 7481059))
	  ->  Bitmap Index Scan on k_3  (cost=0.00..5.43 rows=100 width=0)
	        Index Cond: ((k >= 7480959) AND (k <= 7481059))

table 4 : explain SELECT k, c FROM sbtest4 WHERE k BETWEEN 7480959 AND 7481059
	Bitmap Heap Scan on sbtest4  (cost=5.51..421.16 rows=105 width=125)
	  Recheck Cond: ((k >= 7480959) AND (k <= 7481059))
	  ->  Bitmap Index Scan on k_4  (cost=0.00..5.48 rows=105 width=0)
	        Index Cond: ((k >= 7480959) AND (k <= 7481059))

table 5 : explain SELECT k, c FROM sbtest5 WHERE k BETWEEN 7480959 AND 7481059
	Bitmap Heap Scan on sbtest5  (cost=5.52..425.10 rows=106 width=125)
	  Recheck Cond: ((k >= 7480959) AND (k <= 7481059))
	  ->  Bitmap Index Scan on k_5  (cost=0.00..5.50 rows=106 width=0)
	        Index Cond: ((k >= 7480959) AND (k <= 7481059))

table 6 : explain SELECT k, c FROM sbtest6 WHERE k BETWEEN 7480959 AND 7481059
	Bitmap Heap Scan on sbtest6  (cost=5.59..452.72 rows=113 width=125)
	  Recheck Cond: ((k >= 7480959) AND (k <= 7481059))
	  ->  Bitmap Index Scan on k_6  (cost=0.00..5.56 rows=113 width=0)
	        Index Cond: ((k >= 7480959) AND (k <= 7481059))

table 7 : explain SELECT k, c FROM sbtest7 WHERE k BETWEEN 7480959 AND 7481059
	Bitmap Heap Scan on sbtest7  (cost=5.45..397.53 rows=99 width=125)
	  Recheck Cond: ((k >= 7480959) AND (k <= 7481059))
	  ->  Bitmap Index Scan on k_7  (cost=0.00..5.42 rows=99 width=0)
	        Index Cond: ((k >= 7480959) AND (k <= 7481059))

table 8 : explain SELECT k, c FROM sbtest8 WHERE k BETWEEN 7480959 AND 7481059
	Bitmap Heap Scan on sbtest8  (cost=5.50..417.28 rows=104 width=125)
	  Recheck Cond: ((k >= 7480959) AND (k <= 7481059))
	  ->  Bitmap Index Scan on k_8  (cost=0.00..5.47 rows=104 width=0)
	        Index Cond: ((k >= 7480959) AND (k <= 7481059))

explain: for range-notcovered :: explain SELECT k, c FROM sbtest%d WHERE k BETWEEN 3348607 AND 3348707
explain: for range-notcovered :: explain SELECT k, c FROM sbtest%d WHERE k BETWEEN 5235916 AND 5236016
for range-notcovered
table 1 : explain SELECT k, c FROM sbtest1 WHERE k BETWEEN 3662722 AND 3662822
	Bitmap Heap Scan on sbtest1  (cost=5.42..385.66 rows=96 width=125)
	  Recheck Cond: ((k >= 3662722) AND (k <= 3662822))
	  ->  Bitmap Index Scan on k_1  (cost=0.00..5.39 rows=96 width=0)
	        Index Cond: ((k >= 3662722) AND (k <= 3662822))

table 2 : explain SELECT k, c FROM sbtest2 WHERE k BETWEEN 3662722 AND 3662822
	Bitmap Heap Scan on sbtest2  (cost=5.53..429.02 rows=107 width=125)
	  Recheck Cond: ((k >= 3662722) AND (k <= 3662822))
	  ->  Bitmap Index Scan on k_2  (cost=0.00..5.50 rows=107 width=0)
	        Index Cond: ((k >= 3662722) AND (k <= 3662822))

table 3 : explain SELECT k, c FROM sbtest3 WHERE k BETWEEN 3662722 AND 3662822
	Bitmap Heap Scan on sbtest3  (cost=5.39..373.84 rows=93 width=125)
	  Recheck Cond: ((k >= 3662722) AND (k <= 3662822))
	  ->  Bitmap Index Scan on k_3  (cost=0.00..5.36 rows=93 width=0)
	        Index Cond: ((k >= 3662722) AND (k <= 3662822))

table 4 : explain SELECT k, c FROM sbtest4 WHERE k BETWEEN 3662722 AND 3662822
	Bitmap Heap Scan on sbtest4  (cost=5.49..413.28 rows=103 width=125)
	  Recheck Cond: ((k >= 3662722) AND (k <= 3662822))
	  ->  Bitmap Index Scan on k_4  (cost=0.00..5.46 rows=103 width=0)
	        Index Cond: ((k >= 3662722) AND (k <= 3662822))

table 5 : explain SELECT k, c FROM sbtest5 WHERE k BETWEEN 3662722 AND 3662822
	Bitmap Heap Scan on sbtest5  (cost=5.35..358.06 rows=89 width=125)
	  Recheck Cond: ((k >= 3662722) AND (k <= 3662822))
	  ->  Bitmap Index Scan on k_5  (cost=0.00..5.32 rows=89 width=0)
	        Index Cond: ((k >= 3662722) AND (k <= 3662822))

table 6 : explain SELECT k, c FROM sbtest6 WHERE k BETWEEN 3662722 AND 3662822
	Bitmap Heap Scan on sbtest6  (cost=5.55..436.96 rows=109 width=125)
	  Recheck Cond: ((k >= 3662722) AND (k <= 3662822))
	  ->  Bitmap Index Scan on k_6  (cost=0.00..5.52 rows=109 width=0)
	        Index Cond: ((k >= 3662722) AND (k <= 3662822))

table 7 : explain SELECT k, c FROM sbtest7 WHERE k BETWEEN 3662722 AND 3662822
	Bitmap Heap Scan on sbtest7  (cost=5.49..413.30 rows=103 width=125)
	  Recheck Cond: ((k >= 3662722) AND (k <= 3662822))
	  ->  Bitmap Index Scan on k_7  (cost=0.00..5.46 rows=103 width=0)
	        Index Cond: ((k >= 3662722) AND (k <= 3662822))

table 8 : explain SELECT k, c FROM sbtest8 WHERE k BETWEEN 3662722 AND 3662822
	Bitmap Heap Scan on sbtest8  (cost=5.45..397.57 rows=99 width=125)
	  Recheck Cond: ((k >= 3662722) AND (k <= 3662822))
	  ->  Bitmap Index Scan on k_8  (cost=0.00..5.42 rows=99 width=0)
	        Index Cond: ((k >= 3662722) AND (k <= 3662822))

for range-notcovered
table 1 : explain SELECT k, c FROM sbtest1 WHERE k BETWEEN 5647166 AND 5647266
	Bitmap Heap Scan on sbtest1  (cost=5.47..405.37 rows=101 width=125)
	  Recheck Cond: ((k >= 5647166) AND (k <= 5647266))
	  ->  Bitmap Index Scan on k_1  (cost=0.00..5.44 rows=101 width=0)
	        Index Cond: ((k >= 5647166) AND (k <= 5647266))

table 2 : explain SELECT k, c FROM sbtest2 WHERE k BETWEEN 5647166 AND 5647266
	Bitmap Heap Scan on sbtest2  (cost=5.38..369.88 rows=92 width=125)
	  Recheck Cond: ((k >= 5647166) AND (k <= 5647266))
	  ->  Bitmap Index Scan on k_2  (cost=0.00..5.35 rows=92 width=0)
	        Index Cond: ((k >= 5647166) AND (k <= 5647266))

table 3 : explain SELECT k, c FROM sbtest3 WHERE k BETWEEN 5647166 AND 5647266
	Bitmap Heap Scan on sbtest3  (cost=5.43..389.61 rows=97 width=125)
	  Recheck Cond: ((k >= 5647166) AND (k <= 5647266))
	  ->  Bitmap Index Scan on k_3  (cost=0.00..5.40 rows=97 width=0)
	        Index Cond: ((k >= 5647166) AND (k <= 5647266))

table 4 : explain SELECT k, c FROM sbtest4 WHERE k BETWEEN 5647166 AND 5647266
	Bitmap Heap Scan on sbtest4  (cost=5.50..417.22 rows=104 width=125)
	  Recheck Cond: ((k >= 5647166) AND (k <= 5647266))
	  ->  Bitmap Index Scan on k_4  (cost=0.00..5.47 rows=104 width=0)
	        Index Cond: ((k >= 5647166) AND (k <= 5647266))

table 5 : explain SELECT k, c FROM sbtest5 WHERE k BETWEEN 5647166 AND 5647266
	Bitmap Heap Scan on sbtest5  (cost=5.51..421.16 rows=105 width=125)
	  Recheck Cond: ((k >= 5647166) AND (k <= 5647266))
	  ->  Bitmap Index Scan on k_5  (cost=0.00..5.48 rows=105 width=0)
	        Index Cond: ((k >= 5647166) AND (k <= 5647266))

table 6 : explain SELECT k, c FROM sbtest6 WHERE k BETWEEN 5647166 AND 5647266
	Bitmap Heap Scan on sbtest6  (cost=5.52..425.14 rows=106 width=125)
	  Recheck Cond: ((k >= 5647166) AND (k <= 5647266))
	  ->  Bitmap Index Scan on k_6  (cost=0.00..5.50 rows=106 width=0)
	        Index Cond: ((k >= 5647166) AND (k <= 5647266))

table 7 : explain SELECT k, c FROM sbtest7 WHERE k BETWEEN 5647166 AND 5647266
	Bitmap Heap Scan on sbtest7  (cost=5.46..401.48 rows=100 width=125)
	  Recheck Cond: ((k >= 5647166) AND (k <= 5647266))
	  ->  Bitmap Index Scan on k_7  (cost=0.00..5.43 rows=100 width=0)
	        Index Cond: ((k >= 5647166) AND (k <= 5647266))

table 8 : explain SELECT k, c FROM sbtest8 WHERE k BETWEEN 5647166 AND 5647266
	Bitmap Heap Scan on sbtest8  (cost=5.49..413.34 rows=103 width=125)
	  Recheck Cond: ((k >= 5647166) AND (k <= 5647266))
	  ->  Bitmap Index Scan on k_8  (cost=0.00..5.46 rows=103 width=0)
	        Index Cond: ((k >= 5647166) AND (k <= 5647266))

for range-notcovered
table 1 : explain SELECT k, c FROM sbtest1 WHERE k BETWEEN 7531472 AND 7531572
	Bitmap Heap Scan on sbtest1  (cost=5.55..436.89 rows=109 width=125)
	  Recheck Cond: ((k >= 7531472) AND (k <= 7531572))
	  ->  Bitmap Index Scan on k_1  (cost=0.00..5.52 rows=109 width=0)
	        Index Cond: ((k >= 7531472) AND (k <= 7531572))

table 2 : explain SELECT k, c FROM sbtest2 WHERE k BETWEEN 7531472 AND 7531572
	Bitmap Heap Scan on sbtest2  (cost=5.45..397.49 rows=99 width=125)
	  Recheck Cond: ((k >= 7531472) AND (k <= 7531572))
	  ->  Bitmap Index Scan on k_2  (cost=0.00..5.42 rows=99 width=0)
	        Index Cond: ((k >= 7531472) AND (k <= 7531572))

table 3 : explain SELECT k, c FROM sbtest3 WHERE k BETWEEN 7531472 AND 7531572
	Bitmap Heap Scan on sbtest3  (cost=5.43..389.61 rows=97 width=125)
	  Recheck Cond: ((k >= 7531472) AND (k <= 7531572))
	  ->  Bitmap Index Scan on k_3  (cost=0.00..5.40 rows=97 width=0)
	        Index Cond: ((k >= 7531472) AND (k <= 7531572))

table 4 : explain SELECT k, c FROM sbtest4 WHERE k BETWEEN 7531472 AND 7531572
	Bitmap Heap Scan on sbtest4  (cost=5.46..401.45 rows=100 width=125)
	  Recheck Cond: ((k >= 7531472) AND (k <= 7531572))
	  ->  Bitmap Index Scan on k_4  (cost=0.00..5.43 rows=100 width=0)
	        Index Cond: ((k >= 7531472) AND (k <= 7531572))

table 5 : explain SELECT k, c FROM sbtest5 WHERE k BETWEEN 7531472 AND 7531572
	Bitmap Heap Scan on sbtest5  (cost=5.52..425.10 rows=106 width=125)
	  Recheck Cond: ((k >= 7531472) AND (k <= 7531572))
	  ->  Bitmap Index Scan on k_5  (cost=0.00..5.50 rows=106 width=0)
	        Index Cond: ((k >= 7531472) AND (k <= 7531572))

table 6 : explain SELECT k, c FROM sbtest6 WHERE k BETWEEN 7531472 AND 7531572
	Bitmap Heap Scan on sbtest6  (cost=5.48..409.37 rows=102 width=125)
	  Recheck Cond: ((k >= 7531472) AND (k <= 7531572))
	  ->  Bitmap Index Scan on k_6  (cost=0.00..5.45 rows=102 width=0)
	        Index Cond: ((k >= 7531472) AND (k <= 7531572))

table 7 : explain SELECT k, c FROM sbtest7 WHERE k BETWEEN 7531472 AND 7531572
	Bitmap Heap Scan on sbtest7  (cost=5.54..433.01 rows=108 width=125)
	  Recheck Cond: ((k >= 7531472) AND (k <= 7531572))
	  ->  Bitmap Index Scan on k_7  (cost=0.00..5.51 rows=108 width=0)
	        Index Cond: ((k >= 7531472) AND (k <= 7531572))

table 8 : explain SELECT k, c FROM sbtest8 WHERE k BETWEEN 7531472 AND 7531572
	Bitmap Heap Scan on sbtest8  (cost=5.62..464.56 rows=116 width=125)
	  Recheck Cond: ((k >= 7531472) AND (k <= 7531572))
	  ->  Bitmap Index Scan on k_8  (cost=0.00..5.59 rows=116 width=0)
	        Index Cond: ((k >= 7531472) AND (k <= 7531572))

explain: for range-notcovered :: explain SELECT k, c FROM sbtest%d WHERE k BETWEEN 6049307 AND 6049407
explain: for range-notcovered :: explain SELECT k, c FROM sbtest%d WHERE k BETWEEN 7480959 AND 7481059
for range-notcovered
table 1 : explain SELECT k, c FROM sbtest1 WHERE k BETWEEN 9066599 AND 9066699
	Bitmap Heap Scan on sbtest1  (cost=5.56..440.83 rows=110 width=125)
	  Recheck Cond: ((k >= 9066599) AND (k <= 9066699))
	  ->  Bitmap Index Scan on k_1  (cost=0.00..5.53 rows=110 width=0)
	        Index Cond: ((k >= 9066599) AND (k <= 9066699))

table 2 : explain SELECT k, c FROM sbtest2 WHERE k BETWEEN 9066599 AND 9066699
	Bitmap Heap Scan on sbtest2  (cost=5.39..373.83 rows=93 width=125)
	  Recheck Cond: ((k >= 9066599) AND (k <= 9066699))
	  ->  Bitmap Index Scan on k_2  (cost=0.00..5.36 rows=93 width=0)
	        Index Cond: ((k >= 9066599) AND (k <= 9066699))

table 3 : explain SELECT k, c FROM sbtest3 WHERE k BETWEEN 9066599 AND 9066699
	Bitmap Heap Scan on sbtest3  (cost=5.47..405.39 rows=101 width=125)
	  Recheck Cond: ((k >= 9066599) AND (k <= 9066699))
	  ->  Bitmap Index Scan on k_3  (cost=0.00..5.44 rows=101 width=0)
	        Index Cond: ((k >= 9066599) AND (k <= 9066699))

table 4 : explain SELECT k, c FROM sbtest4 WHERE k BETWEEN 9066599 AND 9066699
	Bitmap Heap Scan on sbtest4  (cost=5.49..413.28 rows=103 width=125)
	  Recheck Cond: ((k >= 9066599) AND (k <= 9066699))
	  ->  Bitmap Index Scan on k_4  (cost=0.00..5.46 rows=103 width=0)
	        Index Cond: ((k >= 9066599) AND (k <= 9066699))

table 5 : explain SELECT k, c FROM sbtest5 WHERE k BETWEEN 9066599 AND 9066699
	Bitmap Heap Scan on sbtest5  (cost=5.39..373.85 rows=93 width=125)
	  Recheck Cond: ((k >= 9066599) AND (k <= 9066699))
	  ->  Bitmap Index Scan on k_5  (cost=0.00..5.36 rows=93 width=0)
	        Index Cond: ((k >= 9066599) AND (k <= 9066699))

table 6 : explain SELECT k, c FROM sbtest6 WHERE k BETWEEN 9066599 AND 9066699
	Bitmap Heap Scan on sbtest6  (cost=5.44..393.60 rows=98 width=125)
	  Recheck Cond: ((k >= 9066599) AND (k <= 9066699))
	  ->  Bitmap Index Scan on k_6  (cost=0.00..5.42 rows=98 width=0)
	        Index Cond: ((k >= 9066599) AND (k <= 9066699))

table 7 : explain SELECT k, c FROM sbtest7 WHERE k BETWEEN 9066599 AND 9066699
	Bitmap Heap Scan on sbtest7  (cost=5.54..433.01 rows=108 width=125)
	  Recheck Cond: ((k >= 9066599) AND (k <= 9066699))
	  ->  Bitmap Index Scan on k_7  (cost=0.00..5.51 rows=108 width=0)
	        Index Cond: ((k >= 9066599) AND (k <= 9066699))

table 8 : explain SELECT k, c FROM sbtest8 WHERE k BETWEEN 9066599 AND 9066699
	Bitmap Heap Scan on sbtest8  (cost=5.44..393.62 rows=98 width=125)
	  Recheck Cond: ((k >= 9066599) AND (k <= 9066699))
	  ->  Bitmap Index Scan on k_8  (cost=0.00..5.42 rows=98 width=0)
	        Index Cond: ((k >= 9066599) AND (k <= 9066699))

for range-notcovered
table 1 : explain SELECT k, c FROM sbtest1 WHERE k BETWEEN 4344122 AND 4344222
	Bitmap Heap Scan on sbtest1  (cost=5.50..417.19 rows=104 width=125)
	  Recheck Cond: ((k >= 4344122) AND (k <= 4344222))
	  ->  Bitmap Index Scan on k_1  (cost=0.00..5.47 rows=104 width=0)
	        Index Cond: ((k >= 4344122) AND (k <= 4344222))

table 2 : explain SELECT k, c FROM sbtest2 WHERE k BETWEEN 4344122 AND 4344222
	Bitmap Heap Scan on sbtest2  (cost=5.40..377.77 rows=94 width=125)
	  Recheck Cond: ((k >= 4344122) AND (k <= 4344222))
	  ->  Bitmap Index Scan on k_2  (cost=0.00..5.38 rows=94 width=0)
	        Index Cond: ((k >= 4344122) AND (k <= 4344222))

table 3 : explain SELECT k, c FROM sbtest3 WHERE k BETWEEN 4344122 AND 4344222
	Bitmap Heap Scan on sbtest3  (cost=5.52..425.09 rows=106 width=125)
	  Recheck Cond: ((k >= 4344122) AND (k <= 4344222))
	  ->  Bitmap Index Scan on k_3  (cost=0.00..5.50 rows=106 width=0)
	        Index Cond: ((k >= 4344122) AND (k <= 4344222))

table 4 : explain SELECT k, c FROM sbtest4 WHERE k BETWEEN 4344122 AND 4344222
	Bitmap Heap Scan on sbtest4  (cost=5.44..393.57 rows=98 width=125)
	  Recheck Cond: ((k >= 4344122) AND (k <= 4344222))
	  ->  Bitmap Index Scan on k_4  (cost=0.00..5.42 rows=98 width=0)
	        Index Cond: ((k >= 4344122) AND (k <= 4344222))

table 5 : explain SELECT k, c FROM sbtest5 WHERE k BETWEEN 4344122 AND 4344222
	Bitmap Heap Scan on sbtest5  (cost=5.59..452.68 rows=113 width=125)
	  Recheck Cond: ((k >= 4344122) AND (k <= 4344222))
	  ->  Bitmap Index Scan on k_5  (cost=0.00..5.56 rows=113 width=0)
	        Index Cond: ((k >= 4344122) AND (k <= 4344222))

table 6 : explain SELECT k, c FROM sbtest6 WHERE k BETWEEN 4344122 AND 4344222
	Bitmap Heap Scan on sbtest6  (cost=5.48..409.37 rows=102 width=125)
	  Recheck Cond: ((k >= 4344122) AND (k <= 4344222))
	  ->  Bitmap Index Scan on k_6  (cost=0.00..5.45 rows=102 width=0)
	        Index Cond: ((k >= 4344122) AND (k <= 4344222))

table 7 : explain SELECT k, c FROM sbtest7 WHERE k BETWEEN 4344122 AND 4344222
	Bitmap Heap Scan on sbtest7  (cost=5.40..377.81 rows=94 width=125)
	  Recheck Cond: ((k >= 4344122) AND (k <= 4344222))
	  ->  Bitmap Index Scan on k_7  (cost=0.00..5.38 rows=94 width=0)
	        Index Cond: ((k >= 4344122) AND (k <= 4344222))

table 8 : explain SELECT k, c FROM sbtest8 WHERE k BETWEEN 4344122 AND 4344222
	Bitmap Heap Scan on sbtest8  (cost=5.50..417.28 rows=104 width=125)
	  Recheck Cond: ((k >= 4344122) AND (k <= 4344222))
	  ->  Bitmap Index Scan on k_8  (cost=0.00..5.47 rows=104 width=0)
	        Index Cond: ((k >= 4344122) AND (k <= 4344222))

explain: for range-notcovered :: explain SELECT k, c FROM sbtest%d WHERE k BETWEEN 5647166 AND 5647266
explain: for range-notcovered :: explain SELECT k, c FROM sbtest%d WHERE k BETWEEN 7531472 AND 7531572explain: for range-notcovered :: explain SELECT k, c FROM sbtest%d WHERE k BETWEEN 3662722 AND 3662822

for range-notcovered
table 1 : explain SELECT k, c FROM sbtest1 WHERE k BETWEEN 4007277 AND 4007377
	Bitmap Heap Scan on sbtest1  (cost=5.42..385.66 rows=96 width=125)
	  Recheck Cond: ((k >= 4007277) AND (k <= 4007377))
	  ->  Bitmap Index Scan on k_1  (cost=0.00..5.39 rows=96 width=0)
	        Index Cond: ((k >= 4007277) AND (k <= 4007377))

table 2 : explain SELECT k, c FROM sbtest2 WHERE k BETWEEN 4007277 AND 4007377
	Bitmap Heap Scan on sbtest2  (cost=5.43..389.60 rows=97 width=125)
	  Recheck Cond: ((k >= 4007277) AND (k <= 4007377))
	  ->  Bitmap Index Scan on k_2  (cost=0.00..5.40 rows=97 width=0)
	        Index Cond: ((k >= 4007277) AND (k <= 4007377))

table 3 : explain SELECT k, c FROM sbtest3 WHERE k BETWEEN 4007277 AND 4007377
	Bitmap Heap Scan on sbtest3  (cost=5.45..397.50 rows=99 width=125)
	  Recheck Cond: ((k >= 4007277) AND (k <= 4007377))
	  ->  Bitmap Index Scan on k_3  (cost=0.00..5.42 rows=99 width=0)
	        Index Cond: ((k >= 4007277) AND (k <= 4007377))

table 4 : explain SELECT k, c FROM sbtest4 WHERE k BETWEEN 4007277 AND 4007377
	Bitmap Heap Scan on sbtest4  (cost=5.49..413.28 rows=103 width=125)
	  Recheck Cond: ((k >= 4007277) AND (k <= 4007377))
	  ->  Bitmap Index Scan on k_4  (cost=0.00..5.46 rows=103 width=0)
	        Index Cond: ((k >= 4007277) AND (k <= 4007377))

table 5 : explain SELECT k, c FROM sbtest5 WHERE k BETWEEN 4007277 AND 4007377
	Bitmap Heap Scan on sbtest5  (cost=5.46..401.46 rows=100 width=125)
	  Recheck Cond: ((k >= 4007277) AND (k <= 4007377))
	  ->  Bitmap Index Scan on k_5  (cost=0.00..5.43 rows=100 width=0)
	        Index Cond: ((k >= 4007277) AND (k <= 4007377))

table 6 : explain SELECT k, c FROM sbtest6 WHERE k BETWEEN 4007277 AND 4007377
	Bitmap Heap Scan on sbtest6  (cost=5.41..381.77 rows=95 width=125)
	  Recheck Cond: ((k >= 4007277) AND (k <= 4007377))
	  ->  Bitmap Index Scan on k_6  (cost=0.00..5.38 rows=95 width=0)
	        Index Cond: ((k >= 4007277) AND (k <= 4007377))

table 7 : explain SELECT k, c FROM sbtest7 WHERE k BETWEEN 4007277 AND 4007377
	Bitmap Heap Scan on sbtest7  (cost=5.49..413.30 rows=103 width=125)
	  Recheck Cond: ((k >= 4007277) AND (k <= 4007377))
	  ->  Bitmap Index Scan on k_7  (cost=0.00..5.46 rows=103 width=0)
	        Index Cond: ((k >= 4007277) AND (k <= 4007377))

table 8 : explain SELECT k, c FROM sbtest8 WHERE k BETWEEN 4007277 AND 4007377
	Bitmap Heap Scan on sbtest8  (cost=5.44..393.62 rows=98 width=125)
	  Recheck Cond: ((k >= 4007277) AND (k <= 4007377))
	  ->  Bitmap Index Scan on k_8  (cost=0.00..5.42 rows=98 width=0)
	        Index Cond: ((k >= 4007277) AND (k <= 4007377))
explain: for range-notcovered :: explain SELECT k, c FROM sbtest%d WHERE k BETWEEN 9066599 AND 9066699

explain: for range-notcovered :: explain SELECT k, c FROM sbtest%d WHERE k BETWEEN 4007277 AND 4007377
for range-notcovered
table 1 : explain SELECT k, c FROM sbtest1 WHERE k BETWEEN 3887905 AND 3888005
	Bitmap Heap Scan on sbtest1  (cost=5.47..405.37 rows=101 width=125)
	  Recheck Cond: ((k >= 3887905) AND (k <= 3888005))
	  ->  Bitmap Index Scan on k_1  (cost=0.00..5.44 rows=101 width=0)
	        Index Cond: ((k >= 3887905) AND (k <= 3888005))

table 2 : explain SELECT k, c FROM sbtest2 WHERE k BETWEEN 3887905 AND 3888005
	Bitmap Heap Scan on sbtest2  (cost=5.55..436.90 rows=109 width=125)
	  Recheck Cond: ((k >= 3887905) AND (k <= 3888005))
	  ->  Bitmap Index Scan on k_2  (cost=0.00..5.52 rows=109 width=0)
	        Index Cond: ((k >= 3887905) AND (k <= 3888005))

table 3 : explain SELECT k, c FROM sbtest3 WHERE k BETWEEN 3887905 AND 3888005
	Bitmap Heap Scan on sbtest3  (cost=5.54..432.97 rows=108 width=125)
	  Recheck Cond: ((k >= 3887905) AND (k <= 3888005))
	  ->  Bitmap Index Scan on k_3  (cost=0.00..5.51 rows=108 width=0)
	        Index Cond: ((k >= 3887905) AND (k <= 3888005))

table 4 : explain SELECT k, c FROM sbtest4 WHERE k BETWEEN 3887905 AND 3888005
	Bitmap Heap Scan on sbtest4  (cost=5.43..389.62 rows=97 width=125)
	  Recheck Cond: ((k >= 3887905) AND (k <= 3888005))
	  ->  Bitmap Index Scan on k_4  (cost=0.00..5.40 rows=97 width=0)
	        Index Cond: ((k >= 3887905) AND (k <= 3888005))

table 5 : explain SELECT k, c FROM sbtest5 WHERE k BETWEEN 3887905 AND 3888005
	Bitmap Heap Scan on sbtest5  (cost=5.47..405.40 rows=101 width=125)
	  Recheck Cond: ((k >= 3887905) AND (k <= 3888005))
	  ->  Bitmap Index Scan on k_5  (cost=0.00..5.44 rows=101 width=0)
	        Index Cond: ((k >= 3887905) AND (k <= 3888005))

table 6 : explain SELECT k, c FROM sbtest6 WHERE k BETWEEN 3887905 AND 3888005
	Bitmap Heap Scan on sbtest6  (cost=5.46..401.49 rows=100 width=125)
	  Recheck Cond: ((k >= 3887905) AND (k <= 3888005))
	  ->  Bitmap Index Scan on k_6  (cost=0.00..5.43 rows=100 width=0)
	        Index Cond: ((k >= 3887905) AND (k <= 3888005))

table 7 : explain SELECT k, c FROM sbtest7 WHERE k BETWEEN 3887905 AND 3888005
	Bitmap Heap Scan on sbtest7  (cost=5.47..405.42 rows=101 width=125)
	  Recheck Cond: ((k >= 3887905) AND (k <= 3888005))
	  ->  Bitmap Index Scan on k_7  (cost=0.00..5.44 rows=101 width=0)
	        Index Cond: ((k >= 3887905) AND (k <= 3888005))

table 8 : explain SELECT k, c FROM sbtest8 WHERE k BETWEEN 3887905 AND 3888005
	Bitmap Heap Scan on sbtest8  (cost=5.41..381.79 rows=95 width=125)
	  Recheck Cond: ((k >= 3887905) AND (k <= 3888005))
	  ->  Bitmap Index Scan on k_8  (cost=0.00..5.38 rows=95 width=0)
	        Index Cond: ((k >= 3887905) AND (k <= 3888005))

for range-notcovered
table 1 : explain SELECT k, c FROM sbtest1 WHERE k BETWEEN 5368835 AND 5368935
	Bitmap Heap Scan on sbtest1  (cost=5.46..401.43 rows=100 width=125)
	  Recheck Cond: ((k >= 5368835) AND (k <= 5368935))
	  ->  Bitmap Index Scan on k_1  (cost=0.00..5.43 rows=100 width=0)
	        Index Cond: ((k >= 5368835) AND (k <= 5368935))

table 2 : explain SELECT k, c FROM sbtest2 WHERE k BETWEEN 5368835 AND 5368935
	Bitmap Heap Scan on sbtest2  (cost=5.45..397.49 rows=99 width=125)
	  Recheck Cond: ((k >= 5368835) AND (k <= 5368935))
	  ->  Bitmap Index Scan on k_2  (cost=0.00..5.42 rows=99 width=0)
	        Index Cond: ((k >= 5368835) AND (k <= 5368935))

table 3 : explain SELECT k, c FROM sbtest3 WHERE k BETWEEN 5368835 AND 5368935
	Bitmap Heap Scan on sbtest3  (cost=5.39..373.84 rows=93 width=125)
	  Recheck Cond: ((k >= 5368835) AND (k <= 5368935))
	  ->  Bitmap Index Scan on k_3  (cost=0.00..5.36 rows=93 width=0)
	        Index Cond: ((k >= 5368835) AND (k <= 5368935))

table 4 : explain SELECT k, c FROM sbtest4 WHERE k BETWEEN 5368835 AND 5368935
	Bitmap Heap Scan on sbtest4  (cost=5.42..385.68 rows=96 width=125)
	  Recheck Cond: ((k >= 5368835) AND (k <= 5368935))
	  ->  Bitmap Index Scan on k_4  (cost=0.00..5.39 rows=96 width=0)
	        Index Cond: ((k >= 5368835) AND (k <= 5368935))

table 5 : explain SELECT k, c FROM sbtest5 WHERE k BETWEEN 5368835 AND 5368935
	Bitmap Heap Scan on sbtest5  (cost=5.44..393.57 rows=98 width=125)
	  Recheck Cond: ((k >= 5368835) AND (k <= 5368935))
	  ->  Bitmap Index Scan on k_5  (cost=0.00..5.42 rows=98 width=0)
	        Index Cond: ((k >= 5368835) AND (k <= 5368935))

table 6 : explain SELECT k, c FROM sbtest6 WHERE k BETWEEN 5368835 AND 5368935
	Bitmap Heap Scan on sbtest6  (cost=5.52..425.14 rows=106 width=125)
	  Recheck Cond: ((k >= 5368835) AND (k <= 5368935))
	  ->  Bitmap Index Scan on k_6  (cost=0.00..5.50 rows=106 width=0)
	        Index Cond: ((k >= 5368835) AND (k <= 5368935))

table 7 : explain SELECT k, c FROM sbtest7 WHERE k BETWEEN 5368835 AND 5368935
	Bitmap Heap Scan on sbtest7  (cost=5.51..421.19 rows=105 width=125)
	  Recheck Cond: ((k >= 5368835) AND (k <= 5368935))
	  ->  Bitmap Index Scan on k_7  (cost=0.00..5.48 rows=105 width=0)
	        Index Cond: ((k >= 5368835) AND (k <= 5368935))

table 8 : explain SELECT k, c FROM sbtest8 WHERE k BETWEEN 5368835 AND 5368935
	Bitmap Heap Scan on sbtest8  (cost=5.44..393.62 rows=98 width=125)
	  Recheck Cond: ((k >= 5368835) AND (k <= 5368935))
	  ->  Bitmap Index Scan on k_8  (cost=0.00..5.42 rows=98 width=0)
	        Index Cond: ((k >= 5368835) AND (k <= 5368935))
for range-notcovered
table 1 : explain SELECT k, c FROM sbtest1 WHERE k BETWEEN 4937242 AND 4937342
	Bitmap Heap Scan on sbtest1  (cost=5.47..405.37 rows=101 width=125)
	  Recheck Cond: ((k >= 4937242) AND (k <= 4937342))
	  ->  Bitmap Index Scan on k_1  (cost=0.00..5.44 rows=101 width=0)
	        Index Cond: ((k >= 4937242) AND (k <= 4937342))

table 2 : explain SELECT k, c FROM sbtest2 WHERE k BETWEEN 4937242 AND 4937342
	Bitmap Heap Scan on sbtest2  (cost=5.44..393.55 rows=98 width=125)
	  Recheck Cond: ((k >= 4937242) AND (k <= 4937342))
	  ->  Bitmap Index Scan on k_2  (cost=0.00..5.42 rows=98 width=0)
	        Index Cond: ((k >= 4937242) AND (k <= 4937342))

table 3 : explain SELECT k, c FROM sbtest3 WHERE k BETWEEN 4937242 AND 4937342
	Bitmap Heap Scan on sbtest3  (cost=5.51..421.15 rows=105 width=125)
	  Recheck Cond: ((k >= 4937242) AND (k <= 4937342))
	  ->  Bitmap Index Scan on k_3  (cost=0.00..5.48 rows=105 width=0)
	        Index Cond: ((k >= 4937242) AND (k <= 4937342))

table 4 : explain SELECT k, c FROM sbtest4 WHERE k BETWEEN 4937242 AND 4937342
	Bitmap Heap Scan on sbtest4  (cost=5.47..405.39 rows=101 width=125)
	  Recheck Cond: ((k >= 4937242) AND (k <= 4937342))
	  ->  Bitmap Index Scan on k_4  (cost=0.00..5.44 rows=101 width=0)
	        Index Cond: ((k >= 4937242) AND (k <= 4937342))

table 5 : explain SELECT k, c FROM sbtest5 WHERE k BETWEEN 4937242 AND 4937342
	Bitmap Heap Scan on sbtest5  (cost=5.46..401.46 rows=100 width=125)
	  Recheck Cond: ((k >= 4937242) AND (k <= 4937342))
	  ->  Bitmap Index Scan on k_5  (cost=0.00..5.43 rows=100 width=0)
	        Index Cond: ((k >= 4937242) AND (k <= 4937342))

table 6 : explain SELECT k, c FROM sbtest6 WHERE k BETWEEN 4937242 AND 4937342
	Bitmap Heap Scan on sbtest6  (cost=5.45..397.54 rows=99 width=125)
	  Recheck Cond: ((k >= 4937242) AND (k <= 4937342))
	  ->  Bitmap Index Scan on k_6  (cost=0.00..5.42 rows=99 width=0)
	        Index Cond: ((k >= 4937242) AND (k <= 4937342))

table 7 : explain SELECT k, c FROM sbtest7 WHERE k BETWEEN 4937242 AND 4937342
	Bitmap Heap Scan on sbtest7  (cost=5.45..397.53 rows=99 width=125)
	  Recheck Cond: ((k >= 4937242) AND (k <= 4937342))
	  ->  Bitmap Index Scan on k_7  (cost=0.00..5.42 rows=99 width=0)
	        Index Cond: ((k >= 4937242) AND (k <= 4937342))

table 8 : explain SELECT k, c FROM sbtest8 WHERE k BETWEEN 4937242 AND 4937342
	Bitmap Heap Scan on sbtest8  (cost=5.44..393.62 rows=98 width=125)
	  Recheck Cond: ((k >= 4937242) AND (k <= 4937342))
	  ->  Bitmap Index Scan on k_8  (cost=0.00..5.42 rows=98 width=0)
	        Index Cond: ((k >= 4937242) AND (k <= 4937342))


for range-notcovered
table 1 : explain SELECT k, c FROM sbtest1 WHERE k BETWEEN 4636687 AND 4636787
	Bitmap Heap Scan on sbtest1  (cost=5.44..393.54 rows=98 width=125)
	  Recheck Cond: ((k >= 4636687) AND (k <= 4636787))
	  ->  Bitmap Index Scan on k_1  (cost=0.00..5.42 rows=98 width=0)
	        Index Cond: ((k >= 4636687) AND (k <= 4636787))

table 2 : explain SELECT k, c FROM sbtest2 WHERE k BETWEEN 4636687 AND 4636787
	Bitmap Heap Scan on sbtest2  (cost=5.48..409.32 rows=102 width=125)
	  Recheck Cond: ((k >= 4636687) AND (k <= 4636787))
	  ->  Bitmap Index Scan on k_2  (cost=0.00..5.45 rows=102 width=0)
	        Index Cond: ((k >= 4636687) AND (k <= 4636787))

table 3 : explain SELECT k, c FROM sbtest3 WHERE k BETWEEN 4636687 AND 4636787
	Bitmap Heap Scan on sbtest3  (cost=5.46..401.44 rows=100 width=125)
	  Recheck Cond: ((k >= 4636687) AND (k <= 4636787))
	  ->  Bitmap Index Scan on k_3  (cost=0.00..5.43 rows=100 width=0)
	        Index Cond: ((k >= 4636687) AND (k <= 4636787))

table 4 : explain SELECT k, c FROM sbtest4 WHERE k BETWEEN 4636687 AND 4636787
	Bitmap Heap Scan on sbtest4  (cost=5.46..401.45 rows=100 width=125)
	  Recheck Cond: ((k >= 4636687) AND (k <= 4636787))
	  ->  Bitmap Index Scan on k_4  (cost=0.00..5.43 rows=100 width=0)
	        Index Cond: ((k >= 4636687) AND (k <= 4636787))

table 5 : explain SELECT k, c FROM sbtest5 WHERE k BETWEEN 4636687 AND 4636787
	Bitmap Heap Scan on sbtest5  (cost=5.48..409.34 rows=102 width=125)
	  Recheck Cond: ((k >= 4636687) AND (k <= 4636787))
	  ->  Bitmap Index Scan on k_5  (cost=0.00..5.45 rows=102 width=0)
	        Index Cond: ((k >= 4636687) AND (k <= 4636787))

table 6 : explain SELECT k, c FROM sbtest6 WHERE k BETWEEN 4636687 AND 4636787
	Bitmap Heap Scan on sbtest6  (cost=5.51..421.20 rows=105 width=125)
	  Recheck Cond: ((k >= 4636687) AND (k <= 4636787))
	  ->  Bitmap Index Scan on k_6  (cost=0.00..5.48 rows=105 width=0)
	        Index Cond: ((k >= 4636687) AND (k <= 4636787))

table 7 : explain SELECT k, c FROM sbtest7 WHERE k BETWEEN 4636687 AND 4636787
	Bitmap Heap Scan on sbtest7  (cost=5.41..381.76 rows=95 width=125)
	  Recheck Cond: ((k >= 4636687) AND (k <= 4636787))
	  ->  Bitmap Index Scan on k_7  (cost=0.00..5.38 rows=95 width=0)
	        Index Cond: ((k >= 4636687) AND (k <= 4636787))

table 8 : explain SELECT k, c FROM sbtest8 WHERE k BETWEEN 4636687 AND 4636787
	Bitmap Heap Scan on sbtest8  (cost=5.45..397.57 rows=99 width=125)
	  Recheck Cond: ((k >= 4636687) AND (k <= 4636787))
	  ->  Bitmap Index Scan on k_8  (cost=0.00..5.42 rows=99 width=0)
	        Index Cond: ((k >= 4636687) AND (k <= 4636787))

for range-notcovered
table 1 : explain SELECT k, c FROM sbtest1 WHERE k BETWEEN 2095794 AND 2095894
	Bitmap Heap Scan on sbtest1  (cost=5.62..464.45 rows=116 width=125)
	  Recheck Cond: ((k >= 2095794) AND (k <= 2095894))
	  ->  Bitmap Index Scan on k_1  (cost=0.00..5.59 rows=116 width=0)
	        Index Cond: ((k >= 2095794) AND (k <= 2095894))

table 2 : explain SELECT k, c FROM sbtest2 WHERE k BETWEEN 2095794 AND 2095894
	Bitmap Heap Scan on sbtest2  (cost=5.54..432.96 rows=108 width=125)
	  Recheck Cond: ((k >= 2095794) AND (k <= 2095894))
	  ->  Bitmap Index Scan on k_2  (cost=0.00..5.51 rows=108 width=0)
	        Index Cond: ((k >= 2095794) AND (k <= 2095894))

table 3 : explain SELECT k, c FROM sbtest3 WHERE k BETWEEN 2095794 AND 2095894
	Bitmap Heap Scan on sbtest3  (cost=5.44..393.56 rows=98 width=125)
	  Recheck Cond: ((k >= 2095794) AND (k <= 2095894))
	  ->  Bitmap Index Scan on k_3  (cost=0.00..5.42 rows=98 width=0)
	        Index Cond: ((k >= 2095794) AND (k <= 2095894))

table 4 : explain SELECT k, c FROM sbtest4 WHERE k BETWEEN 2095794 AND 2095894
	Bitmap Heap Scan on sbtest4  (cost=5.55..436.92 rows=109 width=125)
	  Recheck Cond: ((k >= 2095794) AND (k <= 2095894))
	  ->  Bitmap Index Scan on k_4  (cost=0.00..5.52 rows=109 width=0)
	        Index Cond: ((k >= 2095794) AND (k <= 2095894))

table 5 : explain SELECT k, c FROM sbtest5 WHERE k BETWEEN 2095794 AND 2095894
	Bitmap Heap Scan on sbtest5  (cost=5.44..393.57 rows=98 width=125)
	  Recheck Cond: ((k >= 2095794) AND (k <= 2095894))
	  ->  Bitmap Index Scan on k_5  (cost=0.00..5.42 rows=98 width=0)
	        Index Cond: ((k >= 2095794) AND (k <= 2095894))

table 6 : explain SELECT k, c FROM sbtest6 WHERE k BETWEEN 2095794 AND 2095894
	Bitmap Heap Scan on sbtest6  (cost=5.42..385.71 rows=96 width=125)
	  Recheck Cond: ((k >= 2095794) AND (k <= 2095894))
	  ->  Bitmap Index Scan on k_6  (cost=0.00..5.39 rows=96 width=0)
	        Index Cond: ((k >= 2095794) AND (k <= 2095894))

table 7 : explain SELECT k, c FROM sbtest7 WHERE k BETWEEN 2095794 AND 2095894
	Bitmap Heap Scan on sbtest7  (cost=5.49..413.30 rows=103 width=125)
	  Recheck Cond: ((k >= 2095794) AND (k <= 2095894))
	  ->  Bitmap Index Scan on k_7  (cost=0.00..5.46 rows=103 width=0)
	        Index Cond: ((k >= 2095794) AND (k <= 2095894))

table 8 : explain SELECT k, c FROM sbtest8 WHERE k BETWEEN 2095794 AND 2095894
	Bitmap Heap Scan on sbtest8  (cost=5.44..393.62 rows=98 width=125)
	  Recheck Cond: ((k >= 2095794) AND (k <= 2095894))
	  ->  Bitmap Index Scan on k_8  (cost=0.00..5.42 rows=98 width=0)
	        Index Cond: ((k >= 2095794) AND (k <= 2095894))
for range-notcovered
table 1 : explain SELECT k, c FROM sbtest1 WHERE k BETWEEN 3332067 AND 3332167
	Bitmap Heap Scan on sbtest1  (cost=5.50..417.19 rows=104 width=125)
	  Recheck Cond: ((k >= 3332067) AND (k <= 3332167))
	  ->  Bitmap Index Scan on k_1  (cost=0.00..5.47 rows=104 width=0)
	        Index Cond: ((k >= 3332067) AND (k <= 3332167))

table 2 : explain SELECT k, c FROM sbtest2 WHERE k BETWEEN 3332067 AND 3332167
	Bitmap Heap Scan on sbtest2  (cost=5.45..397.49 rows=99 width=125)
	  Recheck Cond: ((k >= 3332067) AND (k <= 3332167))
	  ->  Bitmap Index Scan on k_2  (cost=0.00..5.42 rows=99 width=0)
	        Index Cond: ((k >= 3332067) AND (k <= 3332167))

table 3 : explain SELECT k, c FROM sbtest3 WHERE k BETWEEN 3332067 AND 3332167
	Bitmap Heap Scan on sbtest3  (cost=5.50..417.21 rows=104 width=125)
	  Recheck Cond: ((k >= 3332067) AND (k <= 3332167))
	  ->  Bitmap Index Scan on k_3  (cost=0.00..5.47 rows=104 width=0)
	        Index Cond: ((k >= 3332067) AND (k <= 3332167))

table 4 : explain SELECT k, c FROM sbtest4 WHERE k BETWEEN 3332067 AND 3332167
	Bitmap Heap Scan on sbtest4  (cost=5.52..425.10 rows=106 width=125)
	  Recheck Cond: ((k >= 3332067) AND (k <= 3332167))
	  ->  Bitmap Index Scan on k_4  (cost=0.00..5.50 rows=106 width=0)
	        Index Cond: ((k >= 3332067) AND (k <= 3332167))

table 5 : explain SELECT k, c FROM sbtest5 WHERE k BETWEEN 3332067 AND 3332167
	Bitmap Heap Scan on sbtest5  (cost=5.52..425.10 rows=106 width=125)
	  Recheck Cond: ((k >= 3332067) AND (k <= 3332167))
	  ->  Bitmap Index Scan on k_5  (cost=0.00..5.50 rows=106 width=0)
	        Index Cond: ((k >= 3332067) AND (k <= 3332167))

table 6 : explain SELECT k, c FROM sbtest6 WHERE k BETWEEN 3332067 AND 3332167
	Bitmap Heap Scan on sbtest6  (cost=5.47..405.43 rows=101 width=125)
	  Recheck Cond: ((k >= 3332067) AND (k <= 3332167))
	  ->  Bitmap Index Scan on k_6  (cost=0.00..5.44 rows=101 width=0)
	        Index Cond: ((k >= 3332067) AND (k <= 3332167))

table 7 : explain SELECT k, c FROM sbtest7 WHERE k BETWEEN 3332067 AND 3332167
	Bitmap Heap Scan on sbtest7  (cost=5.43..389.64 rows=97 width=125)
	  Recheck Cond: ((k >= 3332067) AND (k <= 3332167))
	  ->  Bitmap Index Scan on k_7  (cost=0.00..5.40 rows=97 width=0)
	        Index Cond: ((k >= 3332067) AND (k <= 3332167))

table 8 : explain SELECT k, c FROM sbtest8 WHERE k BETWEEN 3332067 AND 3332167
	Bitmap Heap Scan on sbtest8  (cost=5.56..440.93 rows=110 width=125)
	  Recheck Cond: ((k >= 3332067) AND (k <= 3332167))
	  ->  Bitmap Index Scan on k_8  (cost=0.00..5.53 rows=110 width=0)
	        Index Cond: ((k >= 3332067) AND (k <= 3332167))
explain: for range-notcovered :: explain SELECT k, c FROM sbtest%d WHERE k BETWEEN 3887905 AND 3888005for range-notcovered
table 1 : explain SELECT k, c FROM sbtest1 WHERE k BETWEEN 7936229 AND 7936329
	Bitmap Heap Scan on sbtest1  (cost=5.46..401.43 rows=100 width=125)
	  Recheck Cond: ((k >= 7936229) AND (k <= 7936329))
	  ->  Bitmap Index Scan on k_1  (cost=0.00..5.43 rows=100 width=0)
	        Index Cond: ((k >= 7936229) AND (k <= 7936329))

table 2 : explain SELECT k, c FROM sbtest2 WHERE k BETWEEN 7936229 AND 7936329
	Bitmap Heap Scan on sbtest2  (cost=5.49..413.26 rows=103 width=125)
	  Recheck Cond: ((k >= 7936229) AND (k <= 7936329))
	  ->  Bitmap Index Scan on k_2  (cost=0.00..5.46 rows=103 width=0)
	        Index Cond: ((k >= 7936229) AND (k <= 7936329))

table 3 : explain SELECT k, c FROM sbtest3 WHERE k BETWEEN 7936229 AND 7936329
	Bitmap Heap Scan on sbtest3  (cost=5.39..373.84 rows=93 width=125)
	  Recheck Cond: ((k >= 7936229) AND (k <= 7936329))
	  ->  Bitmap Index Scan on k_3  (cost=0.00..5.36 rows=93 width=0)
	        Index Cond: ((k >= 7936229) AND (k <= 7936329))

table 4 : explain SELECT k, c FROM sbtest4 WHERE k BETWEEN 7936229 AND 7936329
	Bitmap Heap Scan on sbtest4  (cost=5.39..373.84 rows=93 width=125)
	  Recheck Cond: ((k >= 7936229) AND (k <= 7936329))
	  ->  Bitmap Index Scan on k_4  (cost=0.00..5.36 rows=93 width=0)
	        Index Cond: ((k >= 7936229) AND (k <= 7936329))

table 5 : explain SELECT k, c FROM sbtest5 WHERE k BETWEEN 7936229 AND 7936329
	Bitmap Heap Scan on sbtest5  (cost=5.49..413.28 rows=103 width=125)
	  Recheck Cond: ((k >= 7936229) AND (k <= 7936329))
	  ->  Bitmap Index Scan on k_5  (cost=0.00..5.46 rows=103 width=0)
	        Index Cond: ((k >= 7936229) AND (k <= 7936329))

table 6 : explain SELECT k, c FROM sbtest6 WHERE k BETWEEN 7936229 AND 7936329
	Bitmap Heap Scan on sbtest6  (cost=5.43..389.66 rows=97 width=125)
	  Recheck Cond: ((k >= 7936229) AND (k <= 7936329))
	  ->  Bitmap Index Scan on k_6  (cost=0.00..5.40 rows=97 width=0)
	        Index Cond: ((k >= 7936229) AND (k <= 7936329))

table 7 : explain SELECT k, c FROM sbtest7 WHERE k BETWEEN 7936229 AND 7936329
	Bitmap Heap Scan on sbtest7  (cost=5.55..436.95 rows=109 width=125)
	  Recheck Cond: ((k >= 7936229) AND (k <= 7936329))
	  ->  Bitmap Index Scan on k_7  (cost=0.00..5.52 rows=109 width=0)
	        Index Cond: ((k >= 7936229) AND (k <= 7936329))

table 8 : explain SELECT k, c FROM sbtest8 WHERE k BETWEEN 7936229 AND 7936329
	Bitmap Heap Scan on sbtest8  (cost=5.50..417.28 rows=104 width=125)
	  Recheck Cond: ((k >= 7936229) AND (k <= 7936329))
	  ->  Bitmap Index Scan on k_8  (cost=0.00..5.47 rows=104 width=0)
	        Index Cond: ((k >= 7936229) AND (k <= 7936329))
for range-notcovered
table 1 : explain SELECT k, c FROM sbtest1 WHERE k BETWEEN 4560876 AND 4560976
	Bitmap Heap Scan on sbtest1  (cost=5.46..401.43 rows=100 width=125)
	  Recheck Cond: ((k >= 4560876) AND (k <= 4560976))
	  ->  Bitmap Index Scan on k_1  (cost=0.00..5.43 rows=100 width=0)
	        Index Cond: ((k >= 4560876) AND (k <= 4560976))

table 2 : explain SELECT k, c FROM sbtest2 WHERE k BETWEEN 4560876 AND 4560976
	Bitmap Heap Scan on sbtest2  (cost=5.53..429.02 rows=107 width=125)
	  Recheck Cond: ((k >= 4560876) AND (k <= 4560976))
	  ->  Bitmap Index Scan on k_2  (cost=0.00..5.50 rows=107 width=0)
	        Index Cond: ((k >= 4560876) AND (k <= 4560976))

table 3 : explain SELECT k, c FROM sbtest3 WHERE k BETWEEN 4560876 AND 4560976
	Bitmap Heap Scan on sbtest3  (cost=5.48..409.33 rows=102 width=125)
	  Recheck Cond: ((k >= 4560876) AND (k <= 4560976))
	  ->  Bitmap Index Scan on k_3  (cost=0.00..5.45 rows=102 width=0)
	        Index Cond: ((k >= 4560876) AND (k <= 4560976))

table 4 : explain SELECT k, c FROM sbtest4 WHERE k BETWEEN 4560876 AND 4560976
	Bitmap Heap Scan on sbtest4  (cost=5.47..405.39 rows=101 width=125)
	  Recheck Cond: ((k >= 4560876) AND (k <= 4560976))
	  ->  Bitmap Index Scan on k_4  (cost=0.00..5.44 rows=101 width=0)
	        Index Cond: ((k >= 4560876) AND (k <= 4560976))

table 5 : explain SELECT k, c FROM sbtest5 WHERE k BETWEEN 4560876 AND 4560976
	Bitmap Heap Scan on sbtest5  (cost=5.45..397.51 rows=99 width=125)
	  Recheck Cond: ((k >= 4560876) AND (k <= 4560976))
	  ->  Bitmap Index Scan on k_5  (cost=0.00..5.42 rows=99 width=0)
	        Index Cond: ((k >= 4560876) AND (k <= 4560976))

table 6 : explain SELECT k, c FROM sbtest6 WHERE k BETWEEN 4560876 AND 4560976
	Bitmap Heap Scan on sbtest6  (cost=5.61..460.59 rows=115 width=125)
	  Recheck Cond: ((k >= 4560876) AND (k <= 4560976))
	  ->  Bitmap Index Scan on k_6  (cost=0.00..5.58 rows=115 width=0)
	        Index Cond: ((k >= 4560876) AND (k <= 4560976))

table 7 : explain SELECT k, c FROM sbtest7 WHERE k BETWEEN 4560876 AND 4560976
	Bitmap Heap Scan on sbtest7  (cost=5.46..401.48 rows=100 width=125)
	  Recheck Cond: ((k >= 4560876) AND (k <= 4560976))
	  ->  Bitmap Index Scan on k_7  (cost=0.00..5.43 rows=100 width=0)
	        Index Cond: ((k >= 4560876) AND (k <= 4560976))

table 8 : explain SELECT k, c FROM sbtest8 WHERE k BETWEEN 4560876 AND 4560976
	Bitmap Heap Scan on sbtest8  (cost=5.45..397.57 rows=99 width=125)
	  Recheck Cond: ((k >= 4560876) AND (k <= 4560976))
	  ->  Bitmap Index Scan on k_8  (cost=0.00..5.42 rows=99 width=0)
	        Index Cond: ((k >= 4560876) AND (k <= 4560976))
for range-notcovered
table 1 : explain SELECT k, c FROM sbtest1 WHERE k BETWEEN 974328 AND 974428
	Bitmap Heap Scan on sbtest1  (cost=5.40..377.77 rows=94 width=125)
	  Recheck Cond: ((k >= 974328) AND (k <= 974428))
	  ->  Bitmap Index Scan on k_1  (cost=0.00..5.38 rows=94 width=0)
	        Index Cond: ((k >= 974328) AND (k <= 974428))

table 2 : explain SELECT k, c FROM sbtest2 WHERE k BETWEEN 974328 AND 974428
	Bitmap Heap Scan on sbtest2  (cost=5.53..429.02 rows=107 width=125)
	  Recheck Cond: ((k >= 974328) AND (k <= 974428))
	  ->  Bitmap Index Scan on k_2  (cost=0.00..5.50 rows=107 width=0)
	        Index Cond: ((k >= 974328) AND (k <= 974428))

table 3 : explain SELECT k, c FROM sbtest3 WHERE k BETWEEN 974328 AND 974428
	Bitmap Heap Scan on sbtest3  (cost=5.42..385.67 rows=96 width=125)
	  Recheck Cond: ((k >= 974328) AND (k <= 974428))
	  ->  Bitmap Index Scan on k_3  (cost=0.00..5.39 rows=96 width=0)
	        Index Cond: ((k >= 974328) AND (k <= 974428))

table 4 : explain SELECT k, c FROM sbtest4 WHERE k BETWEEN 974328 AND 974428
	Bitmap Heap Scan on sbtest4  (cost=5.54..432.98 rows=108 width=125)
	  Recheck Cond: ((k >= 974328) AND (k <= 974428))
	  ->  Bitmap Index Scan on k_4  (cost=0.00..5.51 rows=108 width=0)
	        Index Cond: ((k >= 974328) AND (k <= 974428))

table 5 : explain SELECT k, c FROM sbtest5 WHERE k BETWEEN 974328 AND 974428
	Bitmap Heap Scan on sbtest5  (cost=5.40..377.79 rows=94 width=125)
	  Recheck Cond: ((k >= 974328) AND (k <= 974428))
	  ->  Bitmap Index Scan on k_5  (cost=0.00..5.38 rows=94 width=0)
	        Index Cond: ((k >= 974328) AND (k <= 974428))

table 6 : explain SELECT k, c FROM sbtest6 WHERE k BETWEEN 974328 AND 974428
	Bitmap Heap Scan on sbtest6  (cost=5.41..381.77 rows=95 width=125)
	  Recheck Cond: ((k >= 974328) AND (k <= 974428))
	  ->  Bitmap Index Scan on k_6  (cost=0.00..5.38 rows=95 width=0)
	        Index Cond: ((k >= 974328) AND (k <= 974428))

table 7 : explain SELECT k, c FROM sbtest7 WHERE k BETWEEN 974328 AND 974428
	Bitmap Heap Scan on sbtest7  (cost=5.52..425.13 rows=106 width=125)
	  Recheck Cond: ((k >= 974328) AND (k <= 974428))
	  ->  Bitmap Index Scan on k_7  (cost=0.00..5.50 rows=106 width=0)
	        Index Cond: ((k >= 974328) AND (k <= 974428))

table 8 : explain SELECT k, c FROM sbtest8 WHERE k BETWEEN 974328 AND 974428
	Bitmap Heap Scan on sbtest8  (cost=5.48..409.40 rows=102 width=125)
	  Recheck Cond: ((k >= 974328) AND (k <= 974428))
	  ->  Bitmap Index Scan on k_8  (cost=0.00..5.45 rows=102 width=0)
	        Index Cond: ((k >= 974328) AND (k <= 974428))




for range-notcovered
table 1 : explain SELECT k, c FROM sbtest1 WHERE k BETWEEN 3169346 AND 3169446
	Bitmap Heap Scan on sbtest1  (cost=5.44..393.54 rows=98 width=125)
	  Recheck Cond: ((k >= 3169346) AND (k <= 3169446))
	  ->  Bitmap Index Scan on k_1  (cost=0.00..5.42 rows=98 width=0)
	        Index Cond: ((k >= 3169346) AND (k <= 3169446))

table 2 : explain SELECT k, c FROM sbtest2 WHERE k BETWEEN 3169346 AND 3169446
	Bitmap Heap Scan on sbtest2  (cost=5.45..397.49 rows=99 width=125)
	  Recheck Cond: ((k >= 3169346) AND (k <= 3169446))
	  ->  Bitmap Index Scan on k_2  (cost=0.00..5.42 rows=99 width=0)
	        Index Cond: ((k >= 3169346) AND (k <= 3169446))

table 3 : explain SELECT k, c FROM sbtest3 WHERE k BETWEEN 3169346 AND 3169446
	Bitmap Heap Scan on sbtest3  (cost=5.41..381.73 rows=95 width=125)
	  Recheck Cond: ((k >= 3169346) AND (k <= 3169446))
	  ->  Bitmap Index Scan on k_3  (cost=0.00..5.38 rows=95 width=0)
	        Index Cond: ((k >= 3169346) AND (k <= 3169446))

table 4 : explain SELECT k, c FROM sbtest4 WHERE k BETWEEN 3169346 AND 3169446
	Bitmap Heap Scan on sbtest4  (cost=5.56..440.86 rows=110 width=125)
	  Recheck Cond: ((k >= 3169346) AND (k <= 3169446))
	  ->  Bitmap Index Scan on k_4  (cost=0.00..5.53 rows=110 width=0)
	        Index Cond: ((k >= 3169346) AND (k <= 3169446))

table 5 : explain SELECT k, c FROM sbtest5 WHERE k BETWEEN 3169346 AND 3169446
	Bitmap Heap Scan on sbtest5  (cost=5.51..421.16 rows=105 width=125)
	  Recheck Cond: ((k >= 3169346) AND (k <= 3169446))
	  ->  Bitmap Index Scan on k_5  (cost=0.00..5.48 rows=105 width=0)
	        Index Cond: ((k >= 3169346) AND (k <= 3169446))

table 6 : explain SELECT k, c FROM sbtest6 WHERE k BETWEEN 3169346 AND 3169446
	Bitmap Heap Scan on sbtest6  (cost=5.53..429.08 rows=107 width=125)
	  Recheck Cond: ((k >= 3169346) AND (k <= 3169446))
	  ->  Bitmap Index Scan on k_6  (cost=0.00..5.50 rows=107 width=0)
	        Index Cond: ((k >= 3169346) AND (k <= 3169446))

table 7 : explain SELECT k, c FROM sbtest7 WHERE k BETWEEN 3169346 AND 3169446
	Bitmap Heap Scan on sbtest7  (cost=5.48..409.36 rows=102 width=125)
	  Recheck Cond: ((k >= 3169346) AND (k <= 3169446))
	  ->  Bitmap Index Scan on k_7  (cost=0.00..5.45 rows=102 width=0)
	        Index Cond: ((k >= 3169346) AND (k <= 3169446))

table 8 : explain SELECT k, c FROM sbtest8 WHERE k BETWEEN 3169346 AND 3169446
	Bitmap Heap Scan on sbtest8  (cost=5.53..429.11 rows=107 width=125)
	  Recheck Cond: ((k >= 3169346) AND (k <= 3169446))
	  ->  Bitmap Index Scan on k_8  (cost=0.00..5.50 rows=107 width=0)
	        Index Cond: ((k >= 3169346) AND (k <= 3169446))



for range-notcovered
table 1 : explain SELECT k, c FROM sbtest1 WHERE k BETWEEN 2173248 AND 2173348
	Bitmap Heap Scan on sbtest1  (cost=5.52..425.07 rows=106 width=125)
	  Recheck Cond: ((k >= 2173248) AND (k <= 2173348))
	  ->  Bitmap Index Scan on k_1  (cost=0.00..5.50 rows=106 width=0)
	        Index Cond: ((k >= 2173248) AND (k <= 2173348))

table 2 : explain SELECT k, c FROM sbtest2 WHERE k BETWEEN 2173248 AND 2173348
	Bitmap Heap Scan on sbtest2  (cost=5.55..436.90 rows=109 width=125)
	  Recheck Cond: ((k >= 2173248) AND (k <= 2173348))
	  ->  Bitmap Index Scan on k_2  (cost=0.00..5.52 rows=109 width=0)
	        Index Cond: ((k >= 2173248) AND (k <= 2173348))

table 3 : explain SELECT k, c FROM sbtest3 WHERE k BETWEEN 2173248 AND 2173348
	Bitmap Heap Scan on sbtest3  (cost=5.44..393.56 rows=98 width=125)
	  Recheck Cond: ((k >= 2173248) AND (k <= 2173348))
	  ->  Bitmap Index Scan on k_3  (cost=0.00..5.42 rows=98 width=0)
	        Index Cond: ((k >= 2173248) AND (k <= 2173348))

table 4 : explain SELECT k, c FROM sbtest4 WHERE k BETWEEN 2173248 AND 2173348
	Bitmap Heap Scan on sbtest4  (cost=5.53..429.04 rows=107 width=125)
	  Recheck Cond: ((k >= 2173248) AND (k <= 2173348))
	  ->  Bitmap Index Scan on k_4  (cost=0.00..5.50 rows=107 width=0)
	        Index Cond: ((k >= 2173248) AND (k <= 2173348))

table 5 : explain SELECT k, c FROM sbtest5 WHERE k BETWEEN 2173248 AND 2173348
	Bitmap Heap Scan on sbtest5  (cost=5.44..393.57 rows=98 width=125)
	  Recheck Cond: ((k >= 2173248) AND (k <= 2173348))
	  ->  Bitmap Index Scan on k_5  (cost=0.00..5.42 rows=98 width=0)
	        Index Cond: ((k >= 2173248) AND (k <= 2173348))

table 6 : explain SELECT k, c FROM sbtest6 WHERE k BETWEEN 2173248 AND 2173348
	Bitmap Heap Scan on sbtest6  (cost=5.36..362.04 rows=90 width=125)
	  Recheck Cond: ((k >= 2173248) AND (k <= 2173348))
	  ->  Bitmap Index Scan on k_6  (cost=0.00..5.33 rows=90 width=0)
	        Index Cond: ((k >= 2173248) AND (k <= 2173348))

table 7 : explain SELECT k, c FROM sbtest7 WHERE k BETWEEN 2173248 AND 2173348
	Bitmap Heap Scan on sbtest7  (cost=5.47..405.42 rows=101 width=125)
	  Recheck Cond: ((k >= 2173248) AND (k <= 2173348))
	  ->  Bitmap Index Scan on k_7  (cost=0.00..5.44 rows=101 width=0)
	        Index Cond: ((k >= 2173248) AND (k <= 2173348))

table 8 : explain SELECT k, c FROM sbtest8 WHERE k BETWEEN 2173248 AND 2173348
	Bitmap Heap Scan on sbtest8  (cost=5.45..397.57 rows=99 width=125)
	  Recheck Cond: ((k >= 2173248) AND (k <= 2173348))
	  ->  Bitmap Index Scan on k_8  (cost=0.00..5.42 rows=99 width=0)
	        Index Cond: ((k >= 2173248) AND (k <= 2173348))

explain: for range-notcovered :: explain SELECT k, c FROM sbtest%d WHERE k BETWEEN 4636687 AND 4636787
for range-notcovered
table 1 : explain SELECT k, c FROM sbtest1 WHERE k BETWEEN 6751162 AND 6751262
	Bitmap Heap Scan on sbtest1  (cost=5.47..405.37 rows=101 width=125)
	  Recheck Cond: ((k >= 6751162) AND (k <= 6751262))
	  ->  Bitmap Index Scan on k_1  (cost=0.00..5.44 rows=101 width=0)
	        Index Cond: ((k >= 6751162) AND (k <= 6751262))

table 2 : explain SELECT k, c FROM sbtest2 WHERE k BETWEEN 6751162 AND 6751262
	Bitmap Heap Scan on sbtest2  (cost=5.44..393.55 rows=98 width=125)
	  Recheck Cond: ((k >= 6751162) AND (k <= 6751262))
	  ->  Bitmap Index Scan on k_2  (cost=0.00..5.42 rows=98 width=0)
	        Index Cond: ((k >= 6751162) AND (k <= 6751262))

table 3 : explain SELECT k, c FROM sbtest3 WHERE k BETWEEN 6751162 AND 6751262
	Bitmap Heap Scan on sbtest3  (cost=5.46..401.44 rows=100 width=125)
	  Recheck Cond: ((k >= 6751162) AND (k <= 6751262))
	  ->  Bitmap Index Scan on k_3  (cost=0.00..5.43 rows=100 width=0)
	        Index Cond: ((k >= 6751162) AND (k <= 6751262))

table 4 : explain SELECT k, c FROM sbtest4 WHERE k BETWEEN 6751162 AND 6751262
	Bitmap Heap Scan on sbtest4  (cost=5.48..409.34 rows=102 width=125)
	  Recheck Cond: ((k >= 6751162) AND (k <= 6751262))
	  ->  Bitmap Index Scan on k_4  (cost=0.00..5.45 rows=102 width=0)
	        Index Cond: ((k >= 6751162) AND (k <= 6751262))

table 5 : explain SELECT k, c FROM sbtest5 WHERE k BETWEEN 6751162 AND 6751262
	Bitmap Heap Scan on sbtest5  (cost=5.51..421.16 rows=105 width=125)
	  Recheck Cond: ((k >= 6751162) AND (k <= 6751262))
	  ->  Bitmap Index Scan on k_5  (cost=0.00..5.48 rows=105 width=0)
	        Index Cond: ((k >= 6751162) AND (k <= 6751262))

table 6 : explain SELECT k, c FROM sbtest6 WHERE k BETWEEN 6751162 AND 6751262
	Bitmap Heap Scan on sbtest6  (cost=5.42..385.71 rows=96 width=125)
	  Recheck Cond: ((k >= 6751162) AND (k <= 6751262))
	  ->  Bitmap Index Scan on k_6  (cost=0.00..5.39 rows=96 width=0)
	        Index Cond: ((k >= 6751162) AND (k <= 6751262))

table 7 : explain SELECT k, c FROM sbtest7 WHERE k BETWEEN 6751162 AND 6751262
	Bitmap Heap Scan on sbtest7  (cost=5.69..488.12 rows=122 width=125)
	  Recheck Cond: ((k >= 6751162) AND (k <= 6751262))
	  ->  Bitmap Index Scan on k_7  (cost=0.00..5.65 rows=122 width=0)
	        Index Cond: ((k >= 6751162) AND (k <= 6751262))

table 8 : explain SELECT k, c FROM sbtest8 WHERE k BETWEEN 6751162 AND 6751262
	Bitmap Heap Scan on sbtest8  (cost=5.42..385.73 rows=96 width=125)
	  Recheck Cond: ((k >= 6751162) AND (k <= 6751262))
	  ->  Bitmap Index Scan on k_8  (cost=0.00..5.39 rows=96 width=0)
	        Index Cond: ((k >= 6751162) AND (k <= 6751262))

for range-notcovered
table 1 : explain SELECT k, c FROM sbtest1 WHERE k BETWEEN 2729283 AND 2729383
	Bitmap Heap Scan on sbtest1  (cost=5.48..409.31 rows=102 width=125)
	  Recheck Cond: ((k >= 2729283) AND (k <= 2729383))
	  ->  Bitmap Index Scan on k_1  (cost=0.00..5.45 rows=102 width=0)
	        Index Cond: ((k >= 2729283) AND (k <= 2729383))

table 2 : explain SELECT k, c FROM sbtest2 WHERE k BETWEEN 2729283 AND 2729383
	Bitmap Heap Scan on sbtest2  (cost=5.35..358.04 rows=89 width=125)
	  Recheck Cond: ((k >= 2729283) AND (k <= 2729383))
	  ->  Bitmap Index Scan on k_2  (cost=0.00..5.32 rows=89 width=0)
	        Index Cond: ((k >= 2729283) AND (k <= 2729383))

table 3 : explain SELECT k, c FROM sbtest3 WHERE k BETWEEN 2729283 AND 2729383
	Bitmap Heap Scan on sbtest3  (cost=5.46..401.44 rows=100 width=125)
	  Recheck Cond: ((k >= 2729283) AND (k <= 2729383))
	  ->  Bitmap Index Scan on k_3  (cost=0.00..5.43 rows=100 width=0)
	        Index Cond: ((k >= 2729283) AND (k <= 2729383))

table 4 : explain SELECT k, c FROM sbtest4 WHERE k BETWEEN 2729283 AND 2729383
	Bitmap Heap Scan on sbtest4  (cost=5.51..421.16 rows=105 width=125)
	  Recheck Cond: ((k >= 2729283) AND (k <= 2729383))
	  ->  Bitmap Index Scan on k_4  (cost=0.00..5.48 rows=105 width=0)
	        Index Cond: ((k >= 2729283) AND (k <= 2729383))

table 5 : explain SELECT k, c FROM sbtest5 WHERE k BETWEEN 2729283 AND 2729383
	Bitmap Heap Scan on sbtest5  (cost=5.57..444.80 rows=111 width=125)
	  Recheck Cond: ((k >= 2729283) AND (k <= 2729383))
	  ->  Bitmap Index Scan on k_5  (cost=0.00..5.54 rows=111 width=0)
	        Index Cond: ((k >= 2729283) AND (k <= 2729383))

table 6 : explain SELECT k, c FROM sbtest6 WHERE k BETWEEN 2729283 AND 2729383
	Bitmap Heap Scan on sbtest6  (cost=5.49..413.32 rows=103 width=125)
	  Recheck Cond: ((k >= 2729283) AND (k <= 2729383))
	  ->  Bitmap Index Scan on k_6  (cost=0.00..5.46 rows=103 width=0)
	        Index Cond: ((k >= 2729283) AND (k <= 2729383))

table 7 : explain SELECT k, c FROM sbtest7 WHERE k BETWEEN 2729283 AND 2729383
	Bitmap Heap Scan on sbtest7  (cost=5.60..456.64 rows=114 width=125)
	  Recheck Cond: ((k >= 2729283) AND (k <= 2729383))
	  ->  Bitmap Index Scan on k_7  (cost=0.00..5.58 rows=114 width=0)
	        Index Cond: ((k >= 2729283) AND (k <= 2729383))

table 8 : explain SELECT k, c FROM sbtest8 WHERE k BETWEEN 2729283 AND 2729383
	Bitmap Heap Scan on sbtest8  (cost=5.55..436.99 rows=109 width=125)
	  Recheck Cond: ((k >= 2729283) AND (k <= 2729383))
	  ->  Bitmap Index Scan on k_8  (cost=0.00..5.52 rows=109 width=0)
	        Index Cond: ((k >= 2729283) AND (k <= 2729383))

explain: for range-notcovered :: explain SELECT k, c FROM sbtest%d WHERE k BETWEEN 974328 AND 974428
for range-notcovered
table 1 : explain SELECT k, c FROM sbtest1 WHERE k BETWEEN 4976738 AND 4976838
	Bitmap Heap Scan on sbtest1  (cost=5.47..405.37 rows=101 width=125)
	  Recheck Cond: ((k >= 4976738) AND (k <= 4976838))
	  ->  Bitmap Index Scan on k_1  (cost=0.00..5.44 rows=101 width=0)
	        Index Cond: ((k >= 4976738) AND (k <= 4976838))

table 2 : explain SELECT k, c FROM sbtest2 WHERE k BETWEEN 4976738 AND 4976838
	Bitmap Heap Scan on sbtest2  (cost=5.48..409.32 rows=102 width=125)
	  Recheck Cond: ((k >= 4976738) AND (k <= 4976838))
	  ->  Bitmap Index Scan on k_2  (cost=0.00..5.45 rows=102 width=0)
	        Index Cond: ((k >= 4976738) AND (k <= 4976838))

table 3 : explain SELECT k, c FROM sbtest3 WHERE k BETWEEN 4976738 AND 4976838
	Bitmap Heap Scan on sbtest3  (cost=5.51..421.15 rows=105 width=125)
	  Recheck Cond: ((k >= 4976738) AND (k <= 4976838))
	  ->  Bitmap Index Scan on k_3  (cost=0.00..5.48 rows=105 width=0)
	        Index Cond: ((k >= 4976738) AND (k <= 4976838))

table 4 : explain SELECT k, c FROM sbtest4 WHERE k BETWEEN 4976738 AND 4976838
	Bitmap Heap Scan on sbtest4  (cost=5.47..405.39 rows=101 width=125)
	  Recheck Cond: ((k >= 4976738) AND (k <= 4976838))
	  ->  Bitmap Index Scan on k_4  (cost=0.00..5.44 rows=101 width=0)
	        Index Cond: ((k >= 4976738) AND (k <= 4976838))

table 5 : explain SELECT k, c FROM sbtest5 WHERE k BETWEEN 4976738 AND 4976838
	Bitmap Heap Scan on sbtest5  (cost=5.55..436.92 rows=109 width=125)
	  Recheck Cond: ((k >= 4976738) AND (k <= 4976838))
	  ->  Bitmap Index Scan on k_5  (cost=0.00..5.52 rows=109 width=0)
	        Index Cond: ((k >= 4976738) AND (k <= 4976838))

table 6 : explain SELECT k, c FROM sbtest6 WHERE k BETWEEN 4976738 AND 4976838
	Bitmap Heap Scan on sbtest6  (cost=5.45..397.54 rows=99 width=125)
	  Recheck Cond: ((k >= 4976738) AND (k <= 4976838))
	  ->  Bitmap Index Scan on k_6  (cost=0.00..5.42 rows=99 width=0)
	        Index Cond: ((k >= 4976738) AND (k <= 4976838))

table 7 : explain SELECT k, c FROM sbtest7 WHERE k BETWEEN 4976738 AND 4976838
	Bitmap Heap Scan on sbtest7  (cost=5.45..397.53 rows=99 width=125)
	  Recheck Cond: ((k >= 4976738) AND (k <= 4976838))
	  ->  Bitmap Index Scan on k_7  (cost=0.00..5.42 rows=99 width=0)
	        Index Cond: ((k >= 4976738) AND (k <= 4976838))

table 8 : explain SELECT k, c FROM sbtest8 WHERE k BETWEEN 4976738 AND 4976838
	Bitmap Heap Scan on sbtest8  (cost=5.45..397.57 rows=99 width=125)
	  Recheck Cond: ((k >= 4976738) AND (k <= 4976838))
	  ->  Bitmap Index Scan on k_8  (cost=0.00..5.42 rows=99 width=0)
	        Index Cond: ((k >= 4976738) AND (k <= 4976838))

explain: for range-notcovered :: explain SELECT k, c FROM sbtest%d WHERE k BETWEEN 2173248 AND 2173348
explain: for range-notcovered :: explain SELECT k, c FROM sbtest%d WHERE k BETWEEN 3332067 AND 3332167
for range-notcovered
table 1 : explain SELECT k, c FROM sbtest1 WHERE k BETWEEN 5101710 AND 5101810
	Bitmap Heap Scan on sbtest1  (cost=5.51..421.13 rows=105 width=125)
	  Recheck Cond: ((k >= 5101710) AND (k <= 5101810))
	  ->  Bitmap Index Scan on k_1  (cost=0.00..5.48 rows=105 width=0)
	        Index Cond: ((k >= 5101710) AND (k <= 5101810))

table 2 : explain SELECT k, c FROM sbtest2 WHERE k BETWEEN 5101710 AND 5101810
	Bitmap Heap Scan on sbtest2  (cost=5.43..389.60 rows=97 width=125)
	  Recheck Cond: ((k >= 5101710) AND (k <= 5101810))
	  ->  Bitmap Index Scan on k_2  (cost=0.00..5.40 rows=97 width=0)
	        Index Cond: ((k >= 5101710) AND (k <= 5101810))

table 3 : explain SELECT k, c FROM sbtest3 WHERE k BETWEEN 5101710 AND 5101810
	Bitmap Heap Scan on sbtest3  (cost=5.50..417.21 rows=104 width=125)
	  Recheck Cond: ((k >= 5101710) AND (k <= 5101810))
	  ->  Bitmap Index Scan on k_3  (cost=0.00..5.47 rows=104 width=0)
	        Index Cond: ((k >= 5101710) AND (k <= 5101810))

table 4 : explain SELECT k, c FROM sbtest4 WHERE k BETWEEN 5101710 AND 5101810
	Bitmap Heap Scan on sbtest4  (cost=5.41..381.73 rows=95 width=125)
	  Recheck Cond: ((k >= 5101710) AND (k <= 5101810))
	  ->  Bitmap Index Scan on k_4  (cost=0.00..5.38 rows=95 width=0)
	        Index Cond: ((k >= 5101710) AND (k <= 5101810))

table 5 : explain SELECT k, c FROM sbtest5 WHERE k BETWEEN 5101710 AND 5101810
	Bitmap Heap Scan on sbtest5  (cost=5.56..440.86 rows=110 width=125)
	  Recheck Cond: ((k >= 5101710) AND (k <= 5101810))
	  ->  Bitmap Index Scan on k_5  (cost=0.00..5.53 rows=110 width=0)
	        Index Cond: ((k >= 5101710) AND (k <= 5101810))

table 6 : explain SELECT k, c FROM sbtest6 WHERE k BETWEEN 5101710 AND 5101810
	Bitmap Heap Scan on sbtest6  (cost=5.45..397.54 rows=99 width=125)
	  Recheck Cond: ((k >= 5101710) AND (k <= 5101810))
	  ->  Bitmap Index Scan on k_6  (cost=0.00..5.42 rows=99 width=0)
	        Index Cond: ((k >= 5101710) AND (k <= 5101810))

table 7 : explain SELECT k, c FROM sbtest7 WHERE k BETWEEN 5101710 AND 5101810
	Bitmap Heap Scan on sbtest7  (cost=5.46..401.48 rows=100 width=125)
	  Recheck Cond: ((k >= 5101710) AND (k <= 5101810))
	  ->  Bitmap Index Scan on k_7  (cost=0.00..5.43 rows=100 width=0)
	        Index Cond: ((k >= 5101710) AND (k <= 5101810))

table 8 : explain SELECT k, c FROM sbtest8 WHERE k BETWEEN 5101710 AND 5101810
	Bitmap Heap Scan on sbtest8  (cost=5.54..433.05 rows=108 width=125)
	  Recheck Cond: ((k >= 5101710) AND (k <= 5101810))
	  ->  Bitmap Index Scan on k_8  (cost=0.00..5.51 rows=108 width=0)
	        Index Cond: ((k >= 5101710) AND (k <= 5101810))
explain: for range-notcovered :: explain SELECT k, c FROM sbtest%d WHERE k BETWEEN 6751162 AND 6751262

explain: for range-notcovered :: explain SELECT k, c FROM sbtest%d WHERE k BETWEEN 2729283 AND 2729383
explain: for range-notcovered :: explain SELECT k, c FROM sbtest%d WHERE k BETWEEN 4560876 AND 4560976
explain: for range-notcovered :: explain SELECT k, c FROM sbtest%d WHERE k BETWEEN 4976738 AND 4976838
for range-notcovered
table 1 : explain SELECT k, c FROM sbtest1 WHERE k BETWEEN 6548505 AND 6548605
	Bitmap Heap Scan on sbtest1  (cost=5.41..381.71 rows=95 width=125)
	  Recheck Cond: ((k >= 6548505) AND (k <= 6548605))
	  ->  Bitmap Index Scan on k_1  (cost=0.00..5.38 rows=95 width=0)
	        Index Cond: ((k >= 6548505) AND (k <= 6548605))

table 2 : explain SELECT k, c FROM sbtest2 WHERE k BETWEEN 6548505 AND 6548605
	Bitmap Heap Scan on sbtest2  (cost=5.49..413.26 rows=103 width=125)
	  Recheck Cond: ((k >= 6548505) AND (k <= 6548605))
	  ->  Bitmap Index Scan on k_2  (cost=0.00..5.46 rows=103 width=0)
	        Index Cond: ((k >= 6548505) AND (k <= 6548605))

table 3 : explain SELECT k, c FROM sbtest3 WHERE k BETWEEN 6548505 AND 6548605
	Bitmap Heap Scan on sbtest3  (cost=5.52..425.09 rows=106 width=125)
	  Recheck Cond: ((k >= 6548505) AND (k <= 6548605))
	  ->  Bitmap Index Scan on k_3  (cost=0.00..5.50 rows=106 width=0)
	        Index Cond: ((k >= 6548505) AND (k <= 6548605))

table 4 : explain SELECT k, c FROM sbtest4 WHERE k BETWEEN 6548505 AND 6548605
	Bitmap Heap Scan on sbtest4  (cost=5.40..377.79 rows=94 width=125)
	  Recheck Cond: ((k >= 6548505) AND (k <= 6548605))
	  ->  Bitmap Index Scan on k_4  (cost=0.00..5.38 rows=94 width=0)
	        Index Cond: ((k >= 6548505) AND (k <= 6548605))

table 5 : explain SELECT k, c FROM sbtest5 WHERE k BETWEEN 6548505 AND 6548605
	Bitmap Heap Scan on sbtest5  (cost=5.43..389.63 rows=97 width=125)
	  Recheck Cond: ((k >= 6548505) AND (k <= 6548605))
	  ->  Bitmap Index Scan on k_5  (cost=0.00..5.40 rows=97 width=0)
	        Index Cond: ((k >= 6548505) AND (k <= 6548605))

table 6 : explain SELECT k, c FROM sbtest6 WHERE k BETWEEN 6548505 AND 6548605
	Bitmap Heap Scan on sbtest6  (cost=5.40..377.82 rows=94 width=125)
	  Recheck Cond: ((k >= 6548505) AND (k <= 6548605))
	  ->  Bitmap Index Scan on k_6  (cost=0.00..5.38 rows=94 width=0)
	        Index Cond: ((k >= 6548505) AND (k <= 6548605))

table 7 : explain SELECT k, c FROM sbtest7 WHERE k BETWEEN 6548505 AND 6548605
	Bitmap Heap Scan on sbtest7  (cost=5.52..425.13 rows=106 width=125)
	  Recheck Cond: ((k >= 6548505) AND (k <= 6548605))
	  ->  Bitmap Index Scan on k_7  (cost=0.00..5.50 rows=106 width=0)
	        Index Cond: ((k >= 6548505) AND (k <= 6548605))

table 8 : explain SELECT k, c FROM sbtest8 WHERE k BETWEEN 6548505 AND 6548605
	Bitmap Heap Scan on sbtest8  (cost=5.44..393.62 rows=98 width=125)
	  Recheck Cond: ((k >= 6548505) AND (k <= 6548605))
	  ->  Bitmap Index Scan on k_8  (cost=0.00..5.42 rows=98 width=0)
	        Index Cond: ((k >= 6548505) AND (k <= 6548605))

for range-notcovered
table 1 : explain SELECT k, c FROM sbtest1 WHERE k BETWEEN 5235916 AND 5236016
	Bitmap Heap Scan on sbtest1  (cost=5.49..413.25 rows=103 width=125)
	  Recheck Cond: ((k >= 5235916) AND (k <= 5236016))
	  ->  Bitmap Index Scan on k_1  (cost=0.00..5.46 rows=103 width=0)
	        Index Cond: ((k >= 5235916) AND (k <= 5236016))

table 2 : explain SELECT k, c FROM sbtest2 WHERE k BETWEEN 5235916 AND 5236016
	Bitmap Heap Scan on sbtest2  (cost=5.41..381.72 rows=95 width=125)
	  Recheck Cond: ((k >= 5235916) AND (k <= 5236016))
	  ->  Bitmap Index Scan on k_2  (cost=0.00..5.38 rows=95 width=0)
	        Index Cond: ((k >= 5235916) AND (k <= 5236016))

table 3 : explain SELECT k, c FROM sbtest3 WHERE k BETWEEN 5235916 AND 5236016
	Bitmap Heap Scan on sbtest3  (cost=5.57..444.79 rows=111 width=125)
	  Recheck Cond: ((k >= 5235916) AND (k <= 5236016))
	  ->  Bitmap Index Scan on k_3  (cost=0.00..5.54 rows=111 width=0)
	        Index Cond: ((k >= 5235916) AND (k <= 5236016))

table 4 : explain SELECT k, c FROM sbtest4 WHERE k BETWEEN 5235916 AND 5236016
	Bitmap Heap Scan on sbtest4  (cost=5.40..377.79 rows=94 width=125)
	  Recheck Cond: ((k >= 5235916) AND (k <= 5236016))
	  ->  Bitmap Index Scan on k_4  (cost=0.00..5.38 rows=94 width=0)
	        Index Cond: ((k >= 5235916) AND (k <= 5236016))

table 5 : explain SELECT k, c FROM sbtest5 WHERE k BETWEEN 5235916 AND 5236016
	Bitmap Heap Scan on sbtest5  (cost=5.55..436.92 rows=109 width=125)
	  Recheck Cond: ((k >= 5235916) AND (k <= 5236016))
	  ->  Bitmap Index Scan on k_5  (cost=0.00..5.52 rows=109 width=0)
	        Index Cond: ((k >= 5235916) AND (k <= 5236016))

table 6 : explain SELECT k, c FROM sbtest6 WHERE k BETWEEN 5235916 AND 5236016
	Bitmap Heap Scan on sbtest6  (cost=5.57..444.84 rows=111 width=125)
	  Recheck Cond: ((k >= 5235916) AND (k <= 5236016))
	  ->  Bitmap Index Scan on k_6  (cost=0.00..5.54 rows=111 width=0)
	        Index Cond: ((k >= 5235916) AND (k <= 5236016))

table 7 : explain SELECT k, c FROM sbtest7 WHERE k BETWEEN 5235916 AND 5236016
	Bitmap Heap Scan on sbtest7  (cost=5.49..413.30 rows=103 width=125)
	  Recheck Cond: ((k >= 5235916) AND (k <= 5236016))
	  ->  Bitmap Index Scan on k_7  (cost=0.00..5.46 rows=103 width=0)
	        Index Cond: ((k >= 5235916) AND (k <= 5236016))

table 8 : explain SELECT k, c FROM sbtest8 WHERE k BETWEEN 5235916 AND 5236016
	Bitmap Heap Scan on sbtest8  (cost=5.48..409.40 rows=102 width=125)
	  Recheck Cond: ((k >= 5235916) AND (k <= 5236016))
	  ->  Bitmap Index Scan on k_8  (cost=0.00..5.45 rows=102 width=0)
	        Index Cond: ((k >= 5235916) AND (k <= 5236016))

for range-notcovered
table 1 : explain SELECT k, c FROM sbtest1 WHERE k BETWEEN 1077461 AND 1077561
	Bitmap Heap Scan on sbtest1  (cost=5.51..421.13 rows=105 width=125)
	  Recheck Cond: ((k >= 1077461) AND (k <= 1077561))
	  ->  Bitmap Index Scan on k_1  (cost=0.00..5.48 rows=105 width=0)
	        Index Cond: ((k >= 1077461) AND (k <= 1077561))

table 2 : explain SELECT k, c FROM sbtest2 WHERE k BETWEEN 1077461 AND 1077561
	Bitmap Heap Scan on sbtest2  (cost=5.49..413.26 rows=103 width=125)
	  Recheck Cond: ((k >= 1077461) AND (k <= 1077561))
	  ->  Bitmap Index Scan on k_2  (cost=0.00..5.46 rows=103 width=0)
	        Index Cond: ((k >= 1077461) AND (k <= 1077561))

table 3 : explain SELECT k, c FROM sbtest3 WHERE k BETWEEN 1077461 AND 1077561
	Bitmap Heap Scan on sbtest3  (cost=5.44..393.56 rows=98 width=125)
	  Recheck Cond: ((k >= 1077461) AND (k <= 1077561))
	  ->  Bitmap Index Scan on k_3  (cost=0.00..5.42 rows=98 width=0)
	        Index Cond: ((k >= 1077461) AND (k <= 1077561))

table 4 : explain SELECT k, c FROM sbtest4 WHERE k BETWEEN 1077461 AND 1077561
	Bitmap Heap Scan on sbtest4  (cost=5.48..409.34 rows=102 width=125)
	  Recheck Cond: ((k >= 1077461) AND (k <= 1077561))
	  ->  Bitmap Index Scan on k_4  (cost=0.00..5.45 rows=102 width=0)
	        Index Cond: ((k >= 1077461) AND (k <= 1077561))

table 5 : explain SELECT k, c FROM sbtest5 WHERE k BETWEEN 1077461 AND 1077561
	Bitmap Heap Scan on sbtest5  (cost=5.40..377.79 rows=94 width=125)
	  Recheck Cond: ((k >= 1077461) AND (k <= 1077561))
	  ->  Bitmap Index Scan on k_5  (cost=0.00..5.38 rows=94 width=0)
	        Index Cond: ((k >= 1077461) AND (k <= 1077561))

table 6 : explain SELECT k, c FROM sbtest6 WHERE k BETWEEN 1077461 AND 1077561
	Bitmap Heap Scan on sbtest6  (cost=5.39..373.88 rows=93 width=125)
	  Recheck Cond: ((k >= 1077461) AND (k <= 1077561))
	  ->  Bitmap Index Scan on k_6  (cost=0.00..5.36 rows=93 width=0)
	        Index Cond: ((k >= 1077461) AND (k <= 1077561))

table 7 : explain SELECT k, c FROM sbtest7 WHERE k BETWEEN 1077461 AND 1077561
	Bitmap Heap Scan on sbtest7  (cost=5.45..397.53 rows=99 width=125)
	  Recheck Cond: ((k >= 1077461) AND (k <= 1077561))
	  ->  Bitmap Index Scan on k_7  (cost=0.00..5.42 rows=99 width=0)
	        Index Cond: ((k >= 1077461) AND (k <= 1077561))

table 8 : explain SELECT k, c FROM sbtest8 WHERE k BETWEEN 1077461 AND 1077561
	Bitmap Heap Scan on sbtest8  (cost=5.60..456.68 rows=114 width=125)
	  Recheck Cond: ((k >= 1077461) AND (k <= 1077561))
	  ->  Bitmap Index Scan on k_8  (cost=0.00..5.58 rows=114 width=0)
	        Index Cond: ((k >= 1077461) AND (k <= 1077561))

explain: for range-notcovered :: explain SELECT k, c FROM sbtest%d WHERE k BETWEEN 6548505 AND 6548605
for range-notcovered
table 1 : explain SELECT k, c FROM sbtest1 WHERE k BETWEEN 6049307 AND 6049407
	Bitmap Heap Scan on sbtest1  (cost=5.40..377.77 rows=94 width=125)
	  Recheck Cond: ((k >= 6049307) AND (k <= 6049407))
	  ->  Bitmap Index Scan on k_1  (cost=0.00..5.38 rows=94 width=0)
	        Index Cond: ((k >= 6049307) AND (k <= 6049407))

table 2 : explain SELECT k, c FROM sbtest2 WHERE k BETWEEN 6049307 AND 6049407
	Bitmap Heap Scan on sbtest2  (cost=5.45..397.49 rows=99 width=125)
	  Recheck Cond: ((k >= 6049307) AND (k <= 6049407))
	  ->  Bitmap Index Scan on k_2  (cost=0.00..5.42 rows=99 width=0)
	        Index Cond: ((k >= 6049307) AND (k <= 6049407))

table 3 : explain SELECT k, c FROM sbtest3 WHERE k BETWEEN 6049307 AND 6049407
	Bitmap Heap Scan on sbtest3  (cost=5.50..417.21 rows=104 width=125)
	  Recheck Cond: ((k >= 6049307) AND (k <= 6049407))
	  ->  Bitmap Index Scan on k_3  (cost=0.00..5.47 rows=104 width=0)
	        Index Cond: ((k >= 6049307) AND (k <= 6049407))

table 4 : explain SELECT k, c FROM sbtest4 WHERE k BETWEEN 6049307 AND 6049407
	Bitmap Heap Scan on sbtest4  (cost=5.44..393.57 rows=98 width=125)
	  Recheck Cond: ((k >= 6049307) AND (k <= 6049407))
	  ->  Bitmap Index Scan on k_4  (cost=0.00..5.42 rows=98 width=0)
	        Index Cond: ((k >= 6049307) AND (k <= 6049407))

table 5 : explain SELECT k, c FROM sbtest5 WHERE k BETWEEN 6049307 AND 6049407
	Bitmap Heap Scan on sbtest5  (cost=5.40..377.79 rows=94 width=125)
	  Recheck Cond: ((k >= 6049307) AND (k <= 6049407))
	  ->  Bitmap Index Scan on k_5  (cost=0.00..5.38 rows=94 width=0)
	        Index Cond: ((k >= 6049307) AND (k <= 6049407))

table 6 : explain SELECT k, c FROM sbtest6 WHERE k BETWEEN 6049307 AND 6049407
	Bitmap Heap Scan on sbtest6  (cost=5.40..377.82 rows=94 width=125)
	  Recheck Cond: ((k >= 6049307) AND (k <= 6049407))
	  ->  Bitmap Index Scan on k_6  (cost=0.00..5.38 rows=94 width=0)
	        Index Cond: ((k >= 6049307) AND (k <= 6049407))

table 7 : explain SELECT k, c FROM sbtest7 WHERE k BETWEEN 6049307 AND 6049407
	Bitmap Heap Scan on sbtest7  (cost=5.45..397.53 rows=99 width=125)
	  Recheck Cond: ((k >= 6049307) AND (k <= 6049407))
	  ->  Bitmap Index Scan on k_7  (cost=0.00..5.42 rows=99 width=0)
	        Index Cond: ((k >= 6049307) AND (k <= 6049407))

table 8 : explain SELECT k, c FROM sbtest8 WHERE k BETWEEN 6049307 AND 6049407
	Bitmap Heap Scan on sbtest8  (cost=5.49..413.34 rows=103 width=125)
	  Recheck Cond: ((k >= 6049307) AND (k <= 6049407))
	  ->  Bitmap Index Scan on k_8  (cost=0.00..5.46 rows=103 width=0)
	        Index Cond: ((k >= 6049307) AND (k <= 6049407))

for range-notcovered
table 1 : explain SELECT k, c FROM sbtest1 WHERE k BETWEEN 7480959 AND 7481059
	Bitmap Heap Scan on sbtest1  (cost=5.47..405.37 rows=101 width=125)
	  Recheck Cond: ((k >= 7480959) AND (k <= 7481059))
	  ->  Bitmap Index Scan on k_1  (cost=0.00..5.44 rows=101 width=0)
	        Index Cond: ((k >= 7480959) AND (k <= 7481059))

table 2 : explain SELECT k, c FROM sbtest2 WHERE k BETWEEN 7480959 AND 7481059
	Bitmap Heap Scan on sbtest2  (cost=5.48..409.32 rows=102 width=125)
	  Recheck Cond: ((k >= 7480959) AND (k <= 7481059))
	  ->  Bitmap Index Scan on k_2  (cost=0.00..5.45 rows=102 width=0)
	        Index Cond: ((k >= 7480959) AND (k <= 7481059))

table 3 : explain SELECT k, c FROM sbtest3 WHERE k BETWEEN 7480959 AND 7481059
	Bitmap Heap Scan on sbtest3  (cost=5.46..401.44 rows=100 width=125)
	  Recheck Cond: ((k >= 7480959) AND (k <= 7481059))
	  ->  Bitmap Index Scan on k_3  (cost=0.00..5.43 rows=100 width=0)
	        Index Cond: ((k >= 7480959) AND (k <= 7481059))

table 4 : explain SELECT k, c FROM sbtest4 WHERE k BETWEEN 7480959 AND 7481059
	Bitmap Heap Scan on sbtest4  (cost=5.51..421.16 rows=105 width=125)
	  Recheck Cond: ((k >= 7480959) AND (k <= 7481059))
	  ->  Bitmap Index Scan on k_4  (cost=0.00..5.48 rows=105 width=0)
	        Index Cond: ((k >= 7480959) AND (k <= 7481059))

table 5 : explain SELECT k, c FROM sbtest5 WHERE k BETWEEN 7480959 AND 7481059
	Bitmap Heap Scan on sbtest5  (cost=5.52..425.10 rows=106 width=125)
	  Recheck Cond: ((k >= 7480959) AND (k <= 7481059))
	  ->  Bitmap Index Scan on k_5  (cost=0.00..5.50 rows=106 width=0)
	        Index Cond: ((k >= 7480959) AND (k <= 7481059))

table 6 : explain SELECT k, c FROM sbtest6 WHERE k BETWEEN 7480959 AND 7481059
	Bitmap Heap Scan on sbtest6  (cost=5.59..452.72 rows=113 width=125)
	  Recheck Cond: ((k >= 7480959) AND (k <= 7481059))
	  ->  Bitmap Index Scan on k_6  (cost=0.00..5.56 rows=113 width=0)
	        Index Cond: ((k >= 7480959) AND (k <= 7481059))

table 7 : explain SELECT k, c FROM sbtest7 WHERE k BETWEEN 7480959 AND 7481059
	Bitmap Heap Scan on sbtest7  (cost=5.45..397.53 rows=99 width=125)
	  Recheck Cond: ((k >= 7480959) AND (k <= 7481059))
	  ->  Bitmap Index Scan on k_7  (cost=0.00..5.42 rows=99 width=0)
	        Index Cond: ((k >= 7480959) AND (k <= 7481059))

table 8 : explain SELECT k, c FROM sbtest8 WHERE k BETWEEN 7480959 AND 7481059
	Bitmap Heap Scan on sbtest8  (cost=5.50..417.28 rows=104 width=125)
	  Recheck Cond: ((k >= 7480959) AND (k <= 7481059))
	  ->  Bitmap Index Scan on k_8  (cost=0.00..5.47 rows=104 width=0)
	        Index Cond: ((k >= 7480959) AND (k <= 7481059))
explain: for range-notcovered :: explain SELECT k, c FROM sbtest%d WHERE k BETWEEN 1077461 AND 1077561
for range-notcovered
table 1 : explain SELECT k, c FROM sbtest1 WHERE k BETWEEN 3348607 AND 3348707
	Bitmap Heap Scan on sbtest1  (cost=5.50..417.19 rows=104 width=125)
	  Recheck Cond: ((k >= 3348607) AND (k <= 3348707))
	  ->  Bitmap Index Scan on k_1  (cost=0.00..5.47 rows=104 width=0)
	        Index Cond: ((k >= 3348607) AND (k <= 3348707))

table 2 : explain SELECT k, c FROM sbtest2 WHERE k BETWEEN 3348607 AND 3348707
	Bitmap Heap Scan on sbtest2  (cost=5.45..397.49 rows=99 width=125)
	  Recheck Cond: ((k >= 3348607) AND (k <= 3348707))
	  ->  Bitmap Index Scan on k_2  (cost=0.00..5.42 rows=99 width=0)
	        Index Cond: ((k >= 3348607) AND (k <= 3348707))

table 3 : explain SELECT k, c FROM sbtest3 WHERE k BETWEEN 3348607 AND 3348707
	Bitmap Heap Scan on sbtest3  (cost=5.50..417.21 rows=104 width=125)
	  Recheck Cond: ((k >= 3348607) AND (k <= 3348707))
	  ->  Bitmap Index Scan on k_3  (cost=0.00..5.47 rows=104 width=0)
	        Index Cond: ((k >= 3348607) AND (k <= 3348707))

table 4 : explain SELECT k, c FROM sbtest4 WHERE k BETWEEN 3348607 AND 3348707
	Bitmap Heap Scan on sbtest4  (cost=5.52..425.10 rows=106 width=125)
	  Recheck Cond: ((k >= 3348607) AND (k <= 3348707))
	  ->  Bitmap Index Scan on k_4  (cost=0.00..5.50 rows=106 width=0)
	        Index Cond: ((k >= 3348607) AND (k <= 3348707))

table 5 : explain SELECT k, c FROM sbtest5 WHERE k BETWEEN 3348607 AND 3348707
	Bitmap Heap Scan on sbtest5  (cost=5.52..425.10 rows=106 width=125)
	  Recheck Cond: ((k >= 3348607) AND (k <= 3348707))
	  ->  Bitmap Index Scan on k_5  (cost=0.00..5.50 rows=106 width=0)
	        Index Cond: ((k >= 3348607) AND (k <= 3348707))

table 6 : explain SELECT k, c FROM sbtest6 WHERE k BETWEEN 3348607 AND 3348707
	Bitmap Heap Scan on sbtest6  (cost=5.47..405.43 rows=101 width=125)
	  Recheck Cond: ((k >= 3348607) AND (k <= 3348707))
	  ->  Bitmap Index Scan on k_6  (cost=0.00..5.44 rows=101 width=0)
	        Index Cond: ((k >= 3348607) AND (k <= 3348707))

table 7 : explain SELECT k, c FROM sbtest7 WHERE k BETWEEN 3348607 AND 3348707
	Bitmap Heap Scan on sbtest7  (cost=5.43..389.64 rows=97 width=125)
	  Recheck Cond: ((k >= 3348607) AND (k <= 3348707))
	  ->  Bitmap Index Scan on k_7  (cost=0.00..5.40 rows=97 width=0)
	        Index Cond: ((k >= 3348607) AND (k <= 3348707))

table 8 : explain SELECT k, c FROM sbtest8 WHERE k BETWEEN 3348607 AND 3348707
	Bitmap Heap Scan on sbtest8  (cost=5.56..440.93 rows=110 width=125)
	  Recheck Cond: ((k >= 3348607) AND (k <= 3348707))
	  ->  Bitmap Index Scan on k_8  (cost=0.00..5.53 rows=110 width=0)
	        Index Cond: ((k >= 3348607) AND (k <= 3348707))
for range-notcovered
table 1 : explain SELECT k, c FROM sbtest1 WHERE k BETWEEN 4007277 AND 4007377
	Bitmap Heap Scan on sbtest1  (cost=5.42..385.66 rows=96 width=125)
	  Recheck Cond: ((k >= 4007277) AND (k <= 4007377))
	  ->  Bitmap Index Scan on k_1  (cost=0.00..5.39 rows=96 width=0)
	        Index Cond: ((k >= 4007277) AND (k <= 4007377))

table 2 : explain SELECT k, c FROM sbtest2 WHERE k BETWEEN 4007277 AND 4007377
	Bitmap Heap Scan on sbtest2  (cost=5.43..389.60 rows=97 width=125)
	  Recheck Cond: ((k >= 4007277) AND (k <= 4007377))
	  ->  Bitmap Index Scan on k_2  (cost=0.00..5.40 rows=97 width=0)
	        Index Cond: ((k >= 4007277) AND (k <= 4007377))

table 3 : explain SELECT k, c FROM sbtest3 WHERE k BETWEEN 4007277 AND 4007377
	Bitmap Heap Scan on sbtest3  (cost=5.45..397.50 rows=99 width=125)
	  Recheck Cond: ((k >= 4007277) AND (k <= 4007377))
	  ->  Bitmap Index Scan on k_3  (cost=0.00..5.42 rows=99 width=0)
	        Index Cond: ((k >= 4007277) AND (k <= 4007377))

table 4 : explain SELECT k, c FROM sbtest4 WHERE k BETWEEN 4007277 AND 4007377
	Bitmap Heap Scan on sbtest4  (cost=5.49..413.28 rows=103 width=125)
	  Recheck Cond: ((k >= 4007277) AND (k <= 4007377))
	  ->  Bitmap Index Scan on k_4  (cost=0.00..5.46 rows=103 width=0)
	        Index Cond: ((k >= 4007277) AND (k <= 4007377))

table 5 : explain SELECT k, c FROM sbtest5 WHERE k BETWEEN 4007277 AND 4007377
	Bitmap Heap Scan on sbtest5  (cost=5.46..401.46 rows=100 width=125)
	  Recheck Cond: ((k >= 4007277) AND (k <= 4007377))
	  ->  Bitmap Index Scan on k_5  (cost=0.00..5.43 rows=100 width=0)
	        Index Cond: ((k >= 4007277) AND (k <= 4007377))

table 6 : explain SELECT k, c FROM sbtest6 WHERE k BETWEEN 4007277 AND 4007377
	Bitmap Heap Scan on sbtest6  (cost=5.41..381.77 rows=95 width=125)
	  Recheck Cond: ((k >= 4007277) AND (k <= 4007377))
	  ->  Bitmap Index Scan on k_6  (cost=0.00..5.38 rows=95 width=0)
	        Index Cond: ((k >= 4007277) AND (k <= 4007377))

table 7 : explain SELECT k, c FROM sbtest7 WHERE k BETWEEN 4007277 AND 4007377
	Bitmap Heap Scan on sbtest7  (cost=5.49..413.30 rows=103 width=125)
	  Recheck Cond: ((k >= 4007277) AND (k <= 4007377))
	  ->  Bitmap Index Scan on k_7  (cost=0.00..5.46 rows=103 width=0)
	        Index Cond: ((k >= 4007277) AND (k <= 4007377))

table 8 : explain SELECT k, c FROM sbtest8 WHERE k BETWEEN 4007277 AND 4007377
	Bitmap Heap Scan on sbtest8  (cost=5.44..393.62 rows=98 width=125)
	  Recheck Cond: ((k >= 4007277) AND (k <= 4007377))
	  ->  Bitmap Index Scan on k_8  (cost=0.00..5.42 rows=98 width=0)
	        Index Cond: ((k >= 4007277) AND (k <= 4007377))



for range-notcovered
table 1 : explain SELECT k, c FROM sbtest1 WHERE k BETWEEN 3662722 AND 3662822
	Bitmap Heap Scan on sbtest1  (cost=5.42..385.66 rows=96 width=125)
	  Recheck Cond: ((k >= 3662722) AND (k <= 3662822))
	  ->  Bitmap Index Scan on k_1  (cost=0.00..5.39 rows=96 width=0)
	        Index Cond: ((k >= 3662722) AND (k <= 3662822))

table 2 : explain SELECT k, c FROM sbtest2 WHERE k BETWEEN 3662722 AND 3662822
	Bitmap Heap Scan on sbtest2  (cost=5.53..429.02 rows=107 width=125)
	  Recheck Cond: ((k >= 3662722) AND (k <= 3662822))
	  ->  Bitmap Index Scan on k_2  (cost=0.00..5.50 rows=107 width=0)
	        Index Cond: ((k >= 3662722) AND (k <= 3662822))

table 3 : explain SELECT k, c FROM sbtest3 WHERE k BETWEEN 3662722 AND 3662822
	Bitmap Heap Scan on sbtest3  (cost=5.39..373.84 rows=93 width=125)
	  Recheck Cond: ((k >= 3662722) AND (k <= 3662822))
	  ->  Bitmap Index Scan on k_3  (cost=0.00..5.36 rows=93 width=0)
	        Index Cond: ((k >= 3662722) AND (k <= 3662822))

table 4 : explain SELECT k, c FROM sbtest4 WHERE k BETWEEN 3662722 AND 3662822
	Bitmap Heap Scan on sbtest4  (cost=5.49..413.28 rows=103 width=125)
	  Recheck Cond: ((k >= 3662722) AND (k <= 3662822))
	  ->  Bitmap Index Scan on k_4  (cost=0.00..5.46 rows=103 width=0)
	        Index Cond: ((k >= 3662722) AND (k <= 3662822))

table 5 : explain SELECT k, c FROM sbtest5 WHERE k BETWEEN 3662722 AND 3662822
	Bitmap Heap Scan on sbtest5  (cost=5.35..358.06 rows=89 width=125)
	  Recheck Cond: ((k >= 3662722) AND (k <= 3662822))
	  ->  Bitmap Index Scan on k_5  (cost=0.00..5.32 rows=89 width=0)
	        Index Cond: ((k >= 3662722) AND (k <= 3662822))

table 6 : explain SELECT k, c FROM sbtest6 WHERE k BETWEEN 3662722 AND 3662822
	Bitmap Heap Scan on sbtest6  (cost=5.55..436.96 rows=109 width=125)
	  Recheck Cond: ((k >= 3662722) AND (k <= 3662822))
	  ->  Bitmap Index Scan on k_6  (cost=0.00..5.52 rows=109 width=0)
	        Index Cond: ((k >= 3662722) AND (k <= 3662822))

table 7 : explain SELECT k, c FROM sbtest7 WHERE k BETWEEN 3662722 AND 3662822
	Bitmap Heap Scan on sbtest7  (cost=5.49..413.30 rows=103 width=125)
	  Recheck Cond: ((k >= 3662722) AND (k <= 3662822))
	  ->  Bitmap Index Scan on k_7  (cost=0.00..5.46 rows=103 width=0)
	        Index Cond: ((k >= 3662722) AND (k <= 3662822))

table 8 : explain SELECT k, c FROM sbtest8 WHERE k BETWEEN 3662722 AND 3662822
	Bitmap Heap Scan on sbtest8  (cost=5.45..397.57 rows=99 width=125)
	  Recheck Cond: ((k >= 3662722) AND (k <= 3662822))
	  ->  Bitmap Index Scan on k_8  (cost=0.00..5.42 rows=99 width=0)
	        Index Cond: ((k >= 3662722) AND (k <= 3662822))

explain: for range-notcovered :: explain SELECT k, c FROM sbtest%d WHERE k BETWEEN 6049307 AND 6049407
for range-notcovered
table 1 : explain SELECT k, c FROM sbtest1 WHERE k BETWEEN 9066599 AND 9066699
	Bitmap Heap Scan on sbtest1  (cost=5.56..440.83 rows=110 width=125)
	  Recheck Cond: ((k >= 9066599) AND (k <= 9066699))
	  ->  Bitmap Index Scan on k_1  (cost=0.00..5.53 rows=110 width=0)
	        Index Cond: ((k >= 9066599) AND (k <= 9066699))

table 2 : explain SELECT k, c FROM sbtest2 WHERE k BETWEEN 9066599 AND 9066699
	Bitmap Heap Scan on sbtest2  (cost=5.39..373.83 rows=93 width=125)
	  Recheck Cond: ((k >= 9066599) AND (k <= 9066699))
	  ->  Bitmap Index Scan on k_2  (cost=0.00..5.36 rows=93 width=0)
	        Index Cond: ((k >= 9066599) AND (k <= 9066699))

table 3 : explain SELECT k, c FROM sbtest3 WHERE k BETWEEN 9066599 AND 9066699
	Bitmap Heap Scan on sbtest3  (cost=5.47..405.39 rows=101 width=125)
	  Recheck Cond: ((k >= 9066599) AND (k <= 9066699))
	  ->  Bitmap Index Scan on k_3  (cost=0.00..5.44 rows=101 width=0)
	        Index Cond: ((k >= 9066599) AND (k <= 9066699))

table 4 : explain SELECT k, c FROM sbtest4 WHERE k BETWEEN 9066599 AND 9066699
	Bitmap Heap Scan on sbtest4  (cost=5.49..413.28 rows=103 width=125)
	  Recheck Cond: ((k >= 9066599) AND (k <= 9066699))
	  ->  Bitmap Index Scan on k_4  (cost=0.00..5.46 rows=103 width=0)
	        Index Cond: ((k >= 9066599) AND (k <= 9066699))

table 5 : explain SELECT k, c FROM sbtest5 WHERE k BETWEEN 9066599 AND 9066699
	Bitmap Heap Scan on sbtest5  (cost=5.39..373.85 rows=93 width=125)
	  Recheck Cond: ((k >= 9066599) AND (k <= 9066699))
	  ->  Bitmap Index Scan on k_5  (cost=0.00..5.36 rows=93 width=0)
	        Index Cond: ((k >= 9066599) AND (k <= 9066699))

table 6 : explain SELECT k, c FROM sbtest6 WHERE k BETWEEN 9066599 AND 9066699
	Bitmap Heap Scan on sbtest6  (cost=5.44..393.60 rows=98 width=125)
	  Recheck Cond: ((k >= 9066599) AND (k <= 9066699))
	  ->  Bitmap Index Scan on k_6  (cost=0.00..5.42 rows=98 width=0)
	        Index Cond: ((k >= 9066599) AND (k <= 9066699))

table 7 : explain SELECT k, c FROM sbtest7 WHERE k BETWEEN 9066599 AND 9066699
	Bitmap Heap Scan on sbtest7  (cost=5.54..433.01 rows=108 width=125)
	  Recheck Cond: ((k >= 9066599) AND (k <= 9066699))
	  ->  Bitmap Index Scan on k_7  (cost=0.00..5.51 rows=108 width=0)
	        Index Cond: ((k >= 9066599) AND (k <= 9066699))

table 8 : explain SELECT k, c FROM sbtest8 WHERE k BETWEEN 9066599 AND 9066699
	Bitmap Heap Scan on sbtest8  (cost=5.44..393.62 rows=98 width=125)
	  Recheck Cond: ((k >= 9066599) AND (k <= 9066699))
	  ->  Bitmap Index Scan on k_8  (cost=0.00..5.42 rows=98 width=0)
	        Index Cond: ((k >= 9066599) AND (k <= 9066699))

explain: for range-notcovered :: explain SELECT k, c FROM sbtest%d WHERE k BETWEEN 5235916 AND 5236016
for range-notcovered
table 1 : explain SELECT k, c FROM sbtest1 WHERE k BETWEEN 5647166 AND 5647266
	Bitmap Heap Scan on sbtest1  (cost=5.47..405.37 rows=101 width=125)
	  Recheck Cond: ((k >= 5647166) AND (k <= 5647266))
	  ->  Bitmap Index Scan on k_1  (cost=0.00..5.44 rows=101 width=0)
	        Index Cond: ((k >= 5647166) AND (k <= 5647266))

table 2 : explain SELECT k, c FROM sbtest2 WHERE k BETWEEN 5647166 AND 5647266
	Bitmap Heap Scan on sbtest2  (cost=5.38..369.88 rows=92 width=125)
	  Recheck Cond: ((k >= 5647166) AND (k <= 5647266))
	  ->  Bitmap Index Scan on k_2  (cost=0.00..5.35 rows=92 width=0)
	        Index Cond: ((k >= 5647166) AND (k <= 5647266))

table 3 : explain SELECT k, c FROM sbtest3 WHERE k BETWEEN 5647166 AND 5647266
	Bitmap Heap Scan on sbtest3  (cost=5.43..389.61 rows=97 width=125)
	  Recheck Cond: ((k >= 5647166) AND (k <= 5647266))
	  ->  Bitmap Index Scan on k_3  (cost=0.00..5.40 rows=97 width=0)
	        Index Cond: ((k >= 5647166) AND (k <= 5647266))

table 4 : explain SELECT k, c FROM sbtest4 WHERE k BETWEEN 5647166 AND 5647266
	Bitmap Heap Scan on sbtest4  (cost=5.50..417.22 rows=104 width=125)
	  Recheck Cond: ((k >= 5647166) AND (k <= 5647266))
	  ->  Bitmap Index Scan on k_4  (cost=0.00..5.47 rows=104 width=0)
	        Index Cond: ((k >= 5647166) AND (k <= 5647266))

table 5 : explain SELECT k, c FROM sbtest5 WHERE k BETWEEN 5647166 AND 5647266
	Bitmap Heap Scan on sbtest5  (cost=5.51..421.16 rows=105 width=125)
	  Recheck Cond: ((k >= 5647166) AND (k <= 5647266))
	  ->  Bitmap Index Scan on k_5  (cost=0.00..5.48 rows=105 width=0)
	        Index Cond: ((k >= 5647166) AND (k <= 5647266))

table 6 : explain SELECT k, c FROM sbtest6 WHERE k BETWEEN 5647166 AND 5647266
	Bitmap Heap Scan on sbtest6  (cost=5.52..425.14 rows=106 width=125)
	  Recheck Cond: ((k >= 5647166) AND (k <= 5647266))
	  ->  Bitmap Index Scan on k_6  (cost=0.00..5.50 rows=106 width=0)
	        Index Cond: ((k >= 5647166) AND (k <= 5647266))

table 7 : explain SELECT k, c FROM sbtest7 WHERE k BETWEEN 5647166 AND 5647266
	Bitmap Heap Scan on sbtest7  (cost=5.46..401.48 rows=100 width=125)
	  Recheck Cond: ((k >= 5647166) AND (k <= 5647266))
	  ->  Bitmap Index Scan on k_7  (cost=0.00..5.43 rows=100 width=0)
	        Index Cond: ((k >= 5647166) AND (k <= 5647266))

table 8 : explain SELECT k, c FROM sbtest8 WHERE k BETWEEN 5647166 AND 5647266
	Bitmap Heap Scan on sbtest8  (cost=5.49..413.34 rows=103 width=125)
	  Recheck Cond: ((k >= 5647166) AND (k <= 5647266))
	  ->  Bitmap Index Scan on k_8  (cost=0.00..5.46 rows=103 width=0)
	        Index Cond: ((k >= 5647166) AND (k <= 5647266))

explain: for range-notcovered :: explain SELECT k, c FROM sbtest%d WHERE k BETWEEN 3348607 AND 3348707
explain: for range-notcovered :: explain SELECT k, c FROM sbtest%d WHERE k BETWEEN 7480959 AND 7481059
for range-notcovered
table 1 : explain SELECT k, c FROM sbtest1 WHERE k BETWEEN 7531472 AND 7531572
	Bitmap Heap Scan on sbtest1  (cost=5.55..436.89 rows=109 width=125)
	  Recheck Cond: ((k >= 7531472) AND (k <= 7531572))
	  ->  Bitmap Index Scan on k_1  (cost=0.00..5.52 rows=109 width=0)
	        Index Cond: ((k >= 7531472) AND (k <= 7531572))

table 2 : explain SELECT k, c FROM sbtest2 WHERE k BETWEEN 7531472 AND 7531572
	Bitmap Heap Scan on sbtest2  (cost=5.45..397.49 rows=99 width=125)
	  Recheck Cond: ((k >= 7531472) AND (k <= 7531572))
	  ->  Bitmap Index Scan on k_2  (cost=0.00..5.42 rows=99 width=0)
	        Index Cond: ((k >= 7531472) AND (k <= 7531572))

table 3 : explain SELECT k, c FROM sbtest3 WHERE k BETWEEN 7531472 AND 7531572
	Bitmap Heap Scan on sbtest3  (cost=5.43..389.61 rows=97 width=125)
	  Recheck Cond: ((k >= 7531472) AND (k <= 7531572))
	  ->  Bitmap Index Scan on k_3  (cost=0.00..5.40 rows=97 width=0)
	        Index Cond: ((k >= 7531472) AND (k <= 7531572))

table 4 : explain SELECT k, c FROM sbtest4 WHERE k BETWEEN 7531472 AND 7531572
	Bitmap Heap Scan on sbtest4  (cost=5.46..401.45 rows=100 width=125)
	  Recheck Cond: ((k >= 7531472) AND (k <= 7531572))
	  ->  Bitmap Index Scan on k_4  (cost=0.00..5.43 rows=100 width=0)
	        Index Cond: ((k >= 7531472) AND (k <= 7531572))

table 5 : explain SELECT k, c FROM sbtest5 WHERE k BETWEEN 7531472 AND 7531572
	Bitmap Heap Scan on sbtest5  (cost=5.52..425.10 rows=106 width=125)
	  Recheck Cond: ((k >= 7531472) AND (k <= 7531572))
	  ->  Bitmap Index Scan on k_5  (cost=0.00..5.50 rows=106 width=0)
	        Index Cond: ((k >= 7531472) AND (k <= 7531572))

table 6 : explain SELECT k, c FROM sbtest6 WHERE k BETWEEN 7531472 AND 7531572
	Bitmap Heap Scan on sbtest6  (cost=5.48..409.37 rows=102 width=125)
	  Recheck Cond: ((k >= 7531472) AND (k <= 7531572))
	  ->  Bitmap Index Scan on k_6  (cost=0.00..5.45 rows=102 width=0)
	        Index Cond: ((k >= 7531472) AND (k <= 7531572))

table 7 : explain SELECT k, c FROM sbtest7 WHERE k BETWEEN 7531472 AND 7531572
	Bitmap Heap Scan on sbtest7  (cost=5.54..433.01 rows=108 width=125)
	  Recheck Cond: ((k >= 7531472) AND (k <= 7531572))
	  ->  Bitmap Index Scan on k_7  (cost=0.00..5.51 rows=108 width=0)
	        Index Cond: ((k >= 7531472) AND (k <= 7531572))

table 8 : explain SELECT k, c FROM sbtest8 WHERE k BETWEEN 7531472 AND 7531572
	Bitmap Heap Scan on sbtest8  (cost=5.62..464.56 rows=116 width=125)
	  Recheck Cond: ((k >= 7531472) AND (k <= 7531572))
	  ->  Bitmap Index Scan on k_8  (cost=0.00..5.59 rows=116 width=0)
	        Index Cond: ((k >= 7531472) AND (k <= 7531572))

explain: for range-notcovered :: explain SELECT k, c FROM sbtest%d WHERE k BETWEEN 5647166 AND 5647266
for range-notcovered
table 1 : explain SELECT k, c FROM sbtest1 WHERE k BETWEEN 3887905 AND 3888005
	Bitmap Heap Scan on sbtest1  (cost=5.47..405.37 rows=101 width=125)
	  Recheck Cond: ((k >= 3887905) AND (k <= 3888005))
	  ->  Bitmap Index Scan on k_1  (cost=0.00..5.44 rows=101 width=0)
	        Index Cond: ((k >= 3887905) AND (k <= 3888005))

table 2 : explain SELECT k, c FROM sbtest2 WHERE k BETWEEN 3887905 AND 3888005
	Bitmap Heap Scan on sbtest2  (cost=5.55..436.90 rows=109 width=125)
	  Recheck Cond: ((k >= 3887905) AND (k <= 3888005))
	  ->  Bitmap Index Scan on k_2  (cost=0.00..5.52 rows=109 width=0)
	        Index Cond: ((k >= 3887905) AND (k <= 3888005))

table 3 : explain SELECT k, c FROM sbtest3 WHERE k BETWEEN 3887905 AND 3888005
	Bitmap Heap Scan on sbtest3  (cost=5.54..432.97 rows=108 width=125)
	  Recheck Cond: ((k >= 3887905) AND (k <= 3888005))
	  ->  Bitmap Index Scan on k_3  (cost=0.00..5.51 rows=108 width=0)
	        Index Cond: ((k >= 3887905) AND (k <= 3888005))

table 4 : explain SELECT k, c FROM sbtest4 WHERE k BETWEEN 3887905 AND 3888005
	Bitmap Heap Scan on sbtest4  (cost=5.43..389.62 rows=97 width=125)
	  Recheck Cond: ((k >= 3887905) AND (k <= 3888005))
	  ->  Bitmap Index Scan on k_4  (cost=0.00..5.40 rows=97 width=0)
	        Index Cond: ((k >= 3887905) AND (k <= 3888005))

table 5 : explain SELECT k, c FROM sbtest5 WHERE k BETWEEN 3887905 AND 3888005
	Bitmap Heap Scan on sbtest5  (cost=5.47..405.40 rows=101 width=125)
	  Recheck Cond: ((k >= 3887905) AND (k <= 3888005))
	  ->  Bitmap Index Scan on k_5  (cost=0.00..5.44 rows=101 width=0)
	        Index Cond: ((k >= 3887905) AND (k <= 3888005))

table 6 : explain SELECT k, c FROM sbtest6 WHERE k BETWEEN 3887905 AND 3888005
	Bitmap Heap Scan on sbtest6  (cost=5.46..401.49 rows=100 width=125)
	  Recheck Cond: ((k >= 3887905) AND (k <= 3888005))
	  ->  Bitmap Index Scan on k_6  (cost=0.00..5.43 rows=100 width=0)
	        Index Cond: ((k >= 3887905) AND (k <= 3888005))

table 7 : explain SELECT k, c FROM sbtest7 WHERE k BETWEEN 3887905 AND 3888005
	Bitmap Heap Scan on sbtest7  (cost=5.47..405.42 rows=101 width=125)
	  Recheck Cond: ((k >= 3887905) AND (k <= 3888005))
	  ->  Bitmap Index Scan on k_7  (cost=0.00..5.44 rows=101 width=0)
	        Index Cond: ((k >= 3887905) AND (k <= 3888005))

table 8 : explain SELECT k, c FROM sbtest8 WHERE k BETWEEN 3887905 AND 3888005
	Bitmap Heap Scan on sbtest8  (cost=5.41..381.79 rows=95 width=125)
	  Recheck Cond: ((k >= 3887905) AND (k <= 3888005))
	  ->  Bitmap Index Scan on k_8  (cost=0.00..5.38 rows=95 width=0)
	        Index Cond: ((k >= 3887905) AND (k <= 3888005))

for range-notcovered
table 1 : explain SELECT k, c FROM sbtest1 WHERE k BETWEEN 4636687 AND 4636787
	Bitmap Heap Scan on sbtest1  (cost=5.44..393.54 rows=98 width=125)
	  Recheck Cond: ((k >= 4636687) AND (k <= 4636787))
	  ->  Bitmap Index Scan on k_1  (cost=0.00..5.42 rows=98 width=0)
	        Index Cond: ((k >= 4636687) AND (k <= 4636787))

table 2 : explain SELECT k, c FROM sbtest2 WHERE k BETWEEN 4636687 AND 4636787
	Bitmap Heap Scan on sbtest2  (cost=5.48..409.32 rows=102 width=125)
	  Recheck Cond: ((k >= 4636687) AND (k <= 4636787))
	  ->  Bitmap Index Scan on k_2  (cost=0.00..5.45 rows=102 width=0)
	        Index Cond: ((k >= 4636687) AND (k <= 4636787))

table 3 : explain SELECT k, c FROM sbtest3 WHERE k BETWEEN 4636687 AND 4636787
	Bitmap Heap Scan on sbtest3  (cost=5.46..401.44 rows=100 width=125)
	  Recheck Cond: ((k >= 4636687) AND (k <= 4636787))
	  ->  Bitmap Index Scan on k_3  (cost=0.00..5.43 rows=100 width=0)
	        Index Cond: ((k >= 4636687) AND (k <= 4636787))

table 4 : explain SELECT k, c FROM sbtest4 WHERE k BETWEEN 4636687 AND 4636787
	Bitmap Heap Scan on sbtest4  (cost=5.46..401.45 rows=100 width=125)
	  Recheck Cond: ((k >= 4636687) AND (k <= 4636787))
	  ->  Bitmap Index Scan on k_4  (cost=0.00..5.43 rows=100 width=0)
	        Index Cond: ((k >= 4636687) AND (k <= 4636787))

table 5 : explain SELECT k, c FROM sbtest5 WHERE k BETWEEN 4636687 AND 4636787
	Bitmap Heap Scan on sbtest5  (cost=5.48..409.34 rows=102 width=125)
	  Recheck Cond: ((k >= 4636687) AND (k <= 4636787))
	  ->  Bitmap Index Scan on k_5  (cost=0.00..5.45 rows=102 width=0)
	        Index Cond: ((k >= 4636687) AND (k <= 4636787))

table 6 : explain SELECT k, c FROM sbtest6 WHERE k BETWEEN 4636687 AND 4636787
	Bitmap Heap Scan on sbtest6  (cost=5.51..421.20 rows=105 width=125)
	  Recheck Cond: ((k >= 4636687) AND (k <= 4636787))
	  ->  Bitmap Index Scan on k_6  (cost=0.00..5.48 rows=105 width=0)
	        Index Cond: ((k >= 4636687) AND (k <= 4636787))

table 7 : explain SELECT k, c FROM sbtest7 WHERE k BETWEEN 4636687 AND 4636787
	Bitmap Heap Scan on sbtest7  (cost=5.41..381.76 rows=95 width=125)
	  Recheck Cond: ((k >= 4636687) AND (k <= 4636787))
	  ->  Bitmap Index Scan on k_7  (cost=0.00..5.38 rows=95 width=0)
	        Index Cond: ((k >= 4636687) AND (k <= 4636787))

table 8 : explain SELECT k, c FROM sbtest8 WHERE k BETWEEN 4636687 AND 4636787
	Bitmap Heap Scan on sbtest8  (cost=5.45..397.57 rows=99 width=125)
	  Recheck Cond: ((k >= 4636687) AND (k <= 4636787))
	  ->  Bitmap Index Scan on k_8  (cost=0.00..5.42 rows=99 width=0)
	        Index Cond: ((k >= 4636687) AND (k <= 4636787))

explain: for range-notcovered :: explain SELECT k, c FROM sbtest%d WHERE k BETWEEN 7531472 AND 7531572
explain: for range-notcovered :: explain SELECT k, c FROM sbtest%d WHERE k BETWEEN 3887905 AND 3888005
for range-notcovered
table 1 : explain SELECT k, c FROM sbtest1 WHERE k BETWEEN 3332067 AND 3332167
	Bitmap Heap Scan on sbtest1  (cost=5.50..417.19 rows=104 width=125)
	  Recheck Cond: ((k >= 3332067) AND (k <= 3332167))
	  ->  Bitmap Index Scan on k_1  (cost=0.00..5.47 rows=104 width=0)
	        Index Cond: ((k >= 3332067) AND (k <= 3332167))

table 2 : explain SELECT k, c FROM sbtest2 WHERE k BETWEEN 3332067 AND 3332167
	Bitmap Heap Scan on sbtest2  (cost=5.45..397.49 rows=99 width=125)
	  Recheck Cond: ((k >= 3332067) AND (k <= 3332167))
	  ->  Bitmap Index Scan on k_2  (cost=0.00..5.42 rows=99 width=0)
	        Index Cond: ((k >= 3332067) AND (k <= 3332167))

table 3 : explain SELECT k, c FROM sbtest3 WHERE k BETWEEN 3332067 AND 3332167
	Bitmap Heap Scan on sbtest3  (cost=5.50..417.21 rows=104 width=125)
	  Recheck Cond: ((k >= 3332067) AND (k <= 3332167))
	  ->  Bitmap Index Scan on k_3  (cost=0.00..5.47 rows=104 width=0)
	        Index Cond: ((k >= 3332067) AND (k <= 3332167))

table 4 : explain SELECT k, c FROM sbtest4 WHERE k BETWEEN 3332067 AND 3332167
	Bitmap Heap Scan on sbtest4  (cost=5.52..425.10 rows=106 width=125)
	  Recheck Cond: ((k >= 3332067) AND (k <= 3332167))
	  ->  Bitmap Index Scan on k_4  (cost=0.00..5.50 rows=106 width=0)
	        Index Cond: ((k >= 3332067) AND (k <= 3332167))

table 5 : explain SELECT k, c FROM sbtest5 WHERE k BETWEEN 3332067 AND 3332167
	Bitmap Heap Scan on sbtest5  (cost=5.52..425.10 rows=106 width=125)
	  Recheck Cond: ((k >= 3332067) AND (k <= 3332167))
	  ->  Bitmap Index Scan on k_5  (cost=0.00..5.50 rows=106 width=0)
	        Index Cond: ((k >= 3332067) AND (k <= 3332167))

table 6 : explain SELECT k, c FROM sbtest6 WHERE k BETWEEN 3332067 AND 3332167
	Bitmap Heap Scan on sbtest6  (cost=5.47..405.43 rows=101 width=125)
	  Recheck Cond: ((k >= 3332067) AND (k <= 3332167))
	  ->  Bitmap Index Scan on k_6  (cost=0.00..5.44 rows=101 width=0)
	        Index Cond: ((k >= 3332067) AND (k <= 3332167))

table 7 : explain SELECT k, c FROM sbtest7 WHERE k BETWEEN 3332067 AND 3332167
	Bitmap Heap Scan on sbtest7  (cost=5.43..389.64 rows=97 width=125)
	  Recheck Cond: ((k >= 3332067) AND (k <= 3332167))
	  ->  Bitmap Index Scan on k_7  (cost=0.00..5.40 rows=97 width=0)
	        Index Cond: ((k >= 3332067) AND (k <= 3332167))

table 8 : explain SELECT k, c FROM sbtest8 WHERE k BETWEEN 3332067 AND 3332167
	Bitmap Heap Scan on sbtest8  (cost=5.56..440.93 rows=110 width=125)
	  Recheck Cond: ((k >= 3332067) AND (k <= 3332167))
	  ->  Bitmap Index Scan on k_8  (cost=0.00..5.53 rows=110 width=0)
	        Index Cond: ((k >= 3332067) AND (k <= 3332167))

explain: for range-notcovered :: explain SELECT k, c FROM sbtest%d WHERE k BETWEEN 4636687 AND 4636787
for range-notcovered
table 1 : explain SELECT k, c FROM sbtest1 WHERE k BETWEEN 974328 AND 974428
	Bitmap Heap Scan on sbtest1  (cost=5.40..377.77 rows=94 width=125)
	  Recheck Cond: ((k >= 974328) AND (k <= 974428))
	  ->  Bitmap Index Scan on k_1  (cost=0.00..5.38 rows=94 width=0)
	        Index Cond: ((k >= 974328) AND (k <= 974428))

table 2 : explain SELECT k, c FROM sbtest2 WHERE k BETWEEN 974328 AND 974428
	Bitmap Heap Scan on sbtest2  (cost=5.53..429.02 rows=107 width=125)
	  Recheck Cond: ((k >= 974328) AND (k <= 974428))
	  ->  Bitmap Index Scan on k_2  (cost=0.00..5.50 rows=107 width=0)
	        Index Cond: ((k >= 974328) AND (k <= 974428))

table 3 : explain SELECT k, c FROM sbtest3 WHERE k BETWEEN 974328 AND 974428
	Bitmap Heap Scan on sbtest3  (cost=5.42..385.67 rows=96 width=125)
	  Recheck Cond: ((k >= 974328) AND (k <= 974428))
	  ->  Bitmap Index Scan on k_3  (cost=0.00..5.39 rows=96 width=0)
	        Index Cond: ((k >= 974328) AND (k <= 974428))

table 4 : explain SELECT k, c FROM sbtest4 WHERE k BETWEEN 974328 AND 974428
	Bitmap Heap Scan on sbtest4  (cost=5.54..432.98 rows=108 width=125)
	  Recheck Cond: ((k >= 974328) AND (k <= 974428))
	  ->  Bitmap Index Scan on k_4  (cost=0.00..5.51 rows=108 width=0)
	        Index Cond: ((k >= 974328) AND (k <= 974428))

table 5 : explain SELECT k, c FROM sbtest5 WHERE k BETWEEN 974328 AND 974428
	Bitmap Heap Scan on sbtest5  (cost=5.40..377.79 rows=94 width=125)
	  Recheck Cond: ((k >= 974328) AND (k <= 974428))
	  ->  Bitmap Index Scan on k_5  (cost=0.00..5.38 rows=94 width=0)
	        Index Cond: ((k >= 974328) AND (k <= 974428))

table 6 : explain SELECT k, c FROM sbtest6 WHERE k BETWEEN 974328 AND 974428
	Bitmap Heap Scan on sbtest6  (cost=5.41..381.77 rows=95 width=125)
	  Recheck Cond: ((k >= 974328) AND (k <= 974428))
	  ->  Bitmap Index Scan on k_6  (cost=0.00..5.38 rows=95 width=0)
	        Index Cond: ((k >= 974328) AND (k <= 974428))

table 7 : explain SELECT k, c FROM sbtest7 WHERE k BETWEEN 974328 AND 974428
	Bitmap Heap Scan on sbtest7  (cost=5.52..425.13 rows=106 width=125)
	  Recheck Cond: ((k >= 974328) AND (k <= 974428))
	  ->  Bitmap Index Scan on k_7  (cost=0.00..5.50 rows=106 width=0)
	        Index Cond: ((k >= 974328) AND (k <= 974428))

table 8 : explain SELECT k, c FROM sbtest8 WHERE k BETWEEN 974328 AND 974428
	Bitmap Heap Scan on sbtest8  (cost=5.48..409.40 rows=102 width=125)
	  Recheck Cond: ((k >= 974328) AND (k <= 974428))
	  ->  Bitmap Index Scan on k_8  (cost=0.00..5.45 rows=102 width=0)
	        Index Cond: ((k >= 974328) AND (k <= 974428))

explain: for range-notcovered :: explain SELECT k, c FROM sbtest%d WHERE k BETWEEN 3332067 AND 3332167
explain: for range-notcovered :: explain SELECT k, c FROM sbtest%d WHERE k BETWEEN 974328 AND 974428
for range-notcovered
table 1 : explain SELECT k, c FROM sbtest1 WHERE k BETWEEN 4560876 AND 4560976
	Bitmap Heap Scan on sbtest1  (cost=5.46..401.43 rows=100 width=125)
	  Recheck Cond: ((k >= 4560876) AND (k <= 4560976))
	  ->  Bitmap Index Scan on k_1  (cost=0.00..5.43 rows=100 width=0)
	        Index Cond: ((k >= 4560876) AND (k <= 4560976))

table 2 : explain SELECT k, c FROM sbtest2 WHERE k BETWEEN 4560876 AND 4560976
	Bitmap Heap Scan on sbtest2  (cost=5.53..429.02 rows=107 width=125)
	  Recheck Cond: ((k >= 4560876) AND (k <= 4560976))
	  ->  Bitmap Index Scan on k_2  (cost=0.00..5.50 rows=107 width=0)
	        Index Cond: ((k >= 4560876) AND (k <= 4560976))

table 3 : explain SELECT k, c FROM sbtest3 WHERE k BETWEEN 4560876 AND 4560976
	Bitmap Heap Scan on sbtest3  (cost=5.48..409.33 rows=102 width=125)
	  Recheck Cond: ((k >= 4560876) AND (k <= 4560976))
	  ->  Bitmap Index Scan on k_3  (cost=0.00..5.45 rows=102 width=0)
	        Index Cond: ((k >= 4560876) AND (k <= 4560976))

table 4 : explain SELECT k, c FROM sbtest4 WHERE k BETWEEN 4560876 AND 4560976
	Bitmap Heap Scan on sbtest4  (cost=5.47..405.39 rows=101 width=125)
	  Recheck Cond: ((k >= 4560876) AND (k <= 4560976))
	  ->  Bitmap Index Scan on k_4  (cost=0.00..5.44 rows=101 width=0)
	        Index Cond: ((k >= 4560876) AND (k <= 4560976))

table 5 : explain SELECT k, c FROM sbtest5 WHERE k BETWEEN 4560876 AND 4560976
	Bitmap Heap Scan on sbtest5  (cost=5.45..397.51 rows=99 width=125)
	  Recheck Cond: ((k >= 4560876) AND (k <= 4560976))
	  ->  Bitmap Index Scan on k_5  (cost=0.00..5.42 rows=99 width=0)
	        Index Cond: ((k >= 4560876) AND (k <= 4560976))

table 6 : explain SELECT k, c FROM sbtest6 WHERE k BETWEEN 4560876 AND 4560976
	Bitmap Heap Scan on sbtest6  (cost=5.61..460.59 rows=115 width=125)
	  Recheck Cond: ((k >= 4560876) AND (k <= 4560976))
	  ->  Bitmap Index Scan on k_6  (cost=0.00..5.58 rows=115 width=0)
	        Index Cond: ((k >= 4560876) AND (k <= 4560976))

table 7 : explain SELECT k, c FROM sbtest7 WHERE k BETWEEN 4560876 AND 4560976
	Bitmap Heap Scan on sbtest7  (cost=5.46..401.48 rows=100 width=125)
	  Recheck Cond: ((k >= 4560876) AND (k <= 4560976))
	  ->  Bitmap Index Scan on k_7  (cost=0.00..5.43 rows=100 width=0)
	        Index Cond: ((k >= 4560876) AND (k <= 4560976))

table 8 : explain SELECT k, c FROM sbtest8 WHERE k BETWEEN 4560876 AND 4560976
	Bitmap Heap Scan on sbtest8  (cost=5.45..397.57 rows=99 width=125)
	  Recheck Cond: ((k >= 4560876) AND (k <= 4560976))
	  ->  Bitmap Index Scan on k_8  (cost=0.00..5.42 rows=99 width=0)
	        Index Cond: ((k >= 4560876) AND (k <= 4560976))

for range-notcovered
table 1 : explain SELECT k, c FROM sbtest1 WHERE k BETWEEN 2729283 AND 2729383
	Bitmap Heap Scan on sbtest1  (cost=5.48..409.31 rows=102 width=125)
	  Recheck Cond: ((k >= 2729283) AND (k <= 2729383))
	  ->  Bitmap Index Scan on k_1  (cost=0.00..5.45 rows=102 width=0)
	        Index Cond: ((k >= 2729283) AND (k <= 2729383))

table 2 : explain SELECT k, c FROM sbtest2 WHERE k BETWEEN 2729283 AND 2729383
	Bitmap Heap Scan on sbtest2  (cost=5.35..358.04 rows=89 width=125)
	  Recheck Cond: ((k >= 2729283) AND (k <= 2729383))
	  ->  Bitmap Index Scan on k_2  (cost=0.00..5.32 rows=89 width=0)
	        Index Cond: ((k >= 2729283) AND (k <= 2729383))

table 3 : explain SELECT k, c FROM sbtest3 WHERE k BETWEEN 2729283 AND 2729383
	Bitmap Heap Scan on sbtest3  (cost=5.46..401.44 rows=100 width=125)
	  Recheck Cond: ((k >= 2729283) AND (k <= 2729383))
	  ->  Bitmap Index Scan on k_3  (cost=0.00..5.43 rows=100 width=0)
	        Index Cond: ((k >= 2729283) AND (k <= 2729383))

table 4 : explain SELECT k, c FROM sbtest4 WHERE k BETWEEN 2729283 AND 2729383
	Bitmap Heap Scan on sbtest4  (cost=5.51..421.16 rows=105 width=125)
	  Recheck Cond: ((k >= 2729283) AND (k <= 2729383))
	  ->  Bitmap Index Scan on k_4  (cost=0.00..5.48 rows=105 width=0)
	        Index Cond: ((k >= 2729283) AND (k <= 2729383))

table 5 : explain SELECT k, c FROM sbtest5 WHERE k BETWEEN 2729283 AND 2729383
	Bitmap Heap Scan on sbtest5  (cost=5.57..444.80 rows=111 width=125)
	  Recheck Cond: ((k >= 2729283) AND (k <= 2729383))
	  ->  Bitmap Index Scan on k_5  (cost=0.00..5.54 rows=111 width=0)
	        Index Cond: ((k >= 2729283) AND (k <= 2729383))

table 6 : explain SELECT k, c FROM sbtest6 WHERE k BETWEEN 2729283 AND 2729383
	Bitmap Heap Scan on sbtest6  (cost=5.49..413.32 rows=103 width=125)
	  Recheck Cond: ((k >= 2729283) AND (k <= 2729383))
	  ->  Bitmap Index Scan on k_6  (cost=0.00..5.46 rows=103 width=0)
	        Index Cond: ((k >= 2729283) AND (k <= 2729383))

table 7 : explain SELECT k, c FROM sbtest7 WHERE k BETWEEN 2729283 AND 2729383
	Bitmap Heap Scan on sbtest7  (cost=5.60..456.64 rows=114 width=125)
	  Recheck Cond: ((k >= 2729283) AND (k <= 2729383))
	  ->  Bitmap Index Scan on k_7  (cost=0.00..5.58 rows=114 width=0)
	        Index Cond: ((k >= 2729283) AND (k <= 2729383))

table 8 : explain SELECT k, c FROM sbtest8 WHERE k BETWEEN 2729283 AND 2729383
	Bitmap Heap Scan on sbtest8  (cost=5.55..436.99 rows=109 width=125)
	  Recheck Cond: ((k >= 2729283) AND (k <= 2729383))
	  ->  Bitmap Index Scan on k_8  (cost=0.00..5.52 rows=109 width=0)
	        Index Cond: ((k >= 2729283) AND (k <= 2729383))

for range-notcovered
table 1 : explain SELECT k, c FROM sbtest1 WHERE k BETWEEN 6751162 AND 6751262
	Bitmap Heap Scan on sbtest1  (cost=5.47..405.37 rows=101 width=125)
	  Recheck Cond: ((k >= 6751162) AND (k <= 6751262))
	  ->  Bitmap Index Scan on k_1  (cost=0.00..5.44 rows=101 width=0)
	        Index Cond: ((k >= 6751162) AND (k <= 6751262))

table 2 : explain SELECT k, c FROM sbtest2 WHERE k BETWEEN 6751162 AND 6751262
	Bitmap Heap Scan on sbtest2  (cost=5.44..393.55 rows=98 width=125)
	  Recheck Cond: ((k >= 6751162) AND (k <= 6751262))
	  ->  Bitmap Index Scan on k_2  (cost=0.00..5.42 rows=98 width=0)
	        Index Cond: ((k >= 6751162) AND (k <= 6751262))

table 3 : explain SELECT k, c FROM sbtest3 WHERE k BETWEEN 6751162 AND 6751262
	Bitmap Heap Scan on sbtest3  (cost=5.46..401.44 rows=100 width=125)
	  Recheck Cond: ((k >= 6751162) AND (k <= 6751262))
	  ->  Bitmap Index Scan on k_3  (cost=0.00..5.43 rows=100 width=0)
	        Index Cond: ((k >= 6751162) AND (k <= 6751262))

table 4 : explain SELECT k, c FROM sbtest4 WHERE k BETWEEN 6751162 AND 6751262
	Bitmap Heap Scan on sbtest4  (cost=5.48..409.34 rows=102 width=125)
	  Recheck Cond: ((k >= 6751162) AND (k <= 6751262))
	  ->  Bitmap Index Scan on k_4  (cost=0.00..5.45 rows=102 width=0)
	        Index Cond: ((k >= 6751162) AND (k <= 6751262))

table 5 : explain SELECT k, c FROM sbtest5 WHERE k BETWEEN 6751162 AND 6751262
	Bitmap Heap Scan on sbtest5  (cost=5.51..421.16 rows=105 width=125)
	  Recheck Cond: ((k >= 6751162) AND (k <= 6751262))
	  ->  Bitmap Index Scan on k_5  (cost=0.00..5.48 rows=105 width=0)
	        Index Cond: ((k >= 6751162) AND (k <= 6751262))

table 6 : explain SELECT k, c FROM sbtest6 WHERE k BETWEEN 6751162 AND 6751262
	Bitmap Heap Scan on sbtest6  (cost=5.42..385.71 rows=96 width=125)
	  Recheck Cond: ((k >= 6751162) AND (k <= 6751262))
	  ->  Bitmap Index Scan on k_6  (cost=0.00..5.39 rows=96 width=0)
	        Index Cond: ((k >= 6751162) AND (k <= 6751262))

table 7 : explain SELECT k, c FROM sbtest7 WHERE k BETWEEN 6751162 AND 6751262
	Bitmap Heap Scan on sbtest7  (cost=5.69..488.12 rows=122 width=125)
	  Recheck Cond: ((k >= 6751162) AND (k <= 6751262))
	  ->  Bitmap Index Scan on k_7  (cost=0.00..5.65 rows=122 width=0)
	        Index Cond: ((k >= 6751162) AND (k <= 6751262))

table 8 : explain SELECT k, c FROM sbtest8 WHERE k BETWEEN 6751162 AND 6751262
	Bitmap Heap Scan on sbtest8  (cost=5.42..385.73 rows=96 width=125)
	  Recheck Cond: ((k >= 6751162) AND (k <= 6751262))
	  ->  Bitmap Index Scan on k_8  (cost=0.00..5.39 rows=96 width=0)
	        Index Cond: ((k >= 6751162) AND (k <= 6751262))

for range-notcovered
table 1 : explain SELECT k, c FROM sbtest1 WHERE k BETWEEN 2173248 AND 2173348
	Bitmap Heap Scan on sbtest1  (cost=5.52..425.07 rows=106 width=125)
	  Recheck Cond: ((k >= 2173248) AND (k <= 2173348))
	  ->  Bitmap Index Scan on k_1  (cost=0.00..5.50 rows=106 width=0)
	        Index Cond: ((k >= 2173248) AND (k <= 2173348))

table 2 : explain SELECT k, c FROM sbtest2 WHERE k BETWEEN 2173248 AND 2173348
	Bitmap Heap Scan on sbtest2  (cost=5.55..436.90 rows=109 width=125)
	  Recheck Cond: ((k >= 2173248) AND (k <= 2173348))
	  ->  Bitmap Index Scan on k_2  (cost=0.00..5.52 rows=109 width=0)
	        Index Cond: ((k >= 2173248) AND (k <= 2173348))

table 3 : explain SELECT k, c FROM sbtest3 WHERE k BETWEEN 2173248 AND 2173348
	Bitmap Heap Scan on sbtest3  (cost=5.44..393.56 rows=98 width=125)
	  Recheck Cond: ((k >= 2173248) AND (k <= 2173348))
	  ->  Bitmap Index Scan on k_3  (cost=0.00..5.42 rows=98 width=0)
	        Index Cond: ((k >= 2173248) AND (k <= 2173348))

table 4 : explain SELECT k, c FROM sbtest4 WHERE k BETWEEN 2173248 AND 2173348
	Bitmap Heap Scan on sbtest4  (cost=5.53..429.04 rows=107 width=125)
	  Recheck Cond: ((k >= 2173248) AND (k <= 2173348))
	  ->  Bitmap Index Scan on k_4  (cost=0.00..5.50 rows=107 width=0)
	        Index Cond: ((k >= 2173248) AND (k <= 2173348))

table 5 : explain SELECT k, c FROM sbtest5 WHERE k BETWEEN 2173248 AND 2173348
	Bitmap Heap Scan on sbtest5  (cost=5.44..393.57 rows=98 width=125)
	  Recheck Cond: ((k >= 2173248) AND (k <= 2173348))
	  ->  Bitmap Index Scan on k_5  (cost=0.00..5.42 rows=98 width=0)
	        Index Cond: ((k >= 2173248) AND (k <= 2173348))

table 6 : explain SELECT k, c FROM sbtest6 WHERE k BETWEEN 2173248 AND 2173348
	Bitmap Heap Scan on sbtest6  (cost=5.36..362.04 rows=90 width=125)
	  Recheck Cond: ((k >= 2173248) AND (k <= 2173348))
	  ->  Bitmap Index Scan on k_6  (cost=0.00..5.33 rows=90 width=0)
	        Index Cond: ((k >= 2173248) AND (k <= 2173348))

table 7 : explain SELECT k, c FROM sbtest7 WHERE k BETWEEN 2173248 AND 2173348
	Bitmap Heap Scan on sbtest7  (cost=5.47..405.42 rows=101 width=125)
	  Recheck Cond: ((k >= 2173248) AND (k <= 2173348))
	  ->  Bitmap Index Scan on k_7  (cost=0.00..5.44 rows=101 width=0)
	        Index Cond: ((k >= 2173248) AND (k <= 2173348))

table 8 : explain SELECT k, c FROM sbtest8 WHERE k BETWEEN 2173248 AND 2173348
	Bitmap Heap Scan on sbtest8  (cost=5.45..397.57 rows=99 width=125)
	  Recheck Cond: ((k >= 2173248) AND (k <= 2173348))
	  ->  Bitmap Index Scan on k_8  (cost=0.00..5.42 rows=99 width=0)
	        Index Cond: ((k >= 2173248) AND (k <= 2173348))

for range-notcovered
table 1 : explain SELECT k, c FROM sbtest1 WHERE k BETWEEN 4976738 AND 4976838
	Bitmap Heap Scan on sbtest1  (cost=5.47..405.37 rows=101 width=125)
	  Recheck Cond: ((k >= 4976738) AND (k <= 4976838))
	  ->  Bitmap Index Scan on k_1  (cost=0.00..5.44 rows=101 width=0)
	        Index Cond: ((k >= 4976738) AND (k <= 4976838))

table 2 : explain SELECT k, c FROM sbtest2 WHERE k BETWEEN 4976738 AND 4976838
	Bitmap Heap Scan on sbtest2  (cost=5.48..409.32 rows=102 width=125)
	  Recheck Cond: ((k >= 4976738) AND (k <= 4976838))
	  ->  Bitmap Index Scan on k_2  (cost=0.00..5.45 rows=102 width=0)
	        Index Cond: ((k >= 4976738) AND (k <= 4976838))

table 3 : explain SELECT k, c FROM sbtest3 WHERE k BETWEEN 4976738 AND 4976838
	Bitmap Heap Scan on sbtest3  (cost=5.51..421.15 rows=105 width=125)
	  Recheck Cond: ((k >= 4976738) AND (k <= 4976838))
	  ->  Bitmap Index Scan on k_3  (cost=0.00..5.48 rows=105 width=0)
	        Index Cond: ((k >= 4976738) AND (k <= 4976838))

table 4 : explain SELECT k, c FROM sbtest4 WHERE k BETWEEN 4976738 AND 4976838
	Bitmap Heap Scan on sbtest4  (cost=5.47..405.39 rows=101 width=125)
	  Recheck Cond: ((k >= 4976738) AND (k <= 4976838))
	  ->  Bitmap Index Scan on k_4  (cost=0.00..5.44 rows=101 width=0)
	        Index Cond: ((k >= 4976738) AND (k <= 4976838))

table 5 : explain SELECT k, c FROM sbtest5 WHERE k BETWEEN 4976738 AND 4976838
	Bitmap Heap Scan on sbtest5  (cost=5.55..436.92 rows=109 width=125)
	  Recheck Cond: ((k >= 4976738) AND (k <= 4976838))
	  ->  Bitmap Index Scan on k_5  (cost=0.00..5.52 rows=109 width=0)
	        Index Cond: ((k >= 4976738) AND (k <= 4976838))

table 6 : explain SELECT k, c FROM sbtest6 WHERE k BETWEEN 4976738 AND 4976838
	Bitmap Heap Scan on sbtest6  (cost=5.45..397.54 rows=99 width=125)
	  Recheck Cond: ((k >= 4976738) AND (k <= 4976838))
	  ->  Bitmap Index Scan on k_6  (cost=0.00..5.42 rows=99 width=0)
	        Index Cond: ((k >= 4976738) AND (k <= 4976838))

table 7 : explain SELECT k, c FROM sbtest7 WHERE k BETWEEN 4976738 AND 4976838
	Bitmap Heap Scan on sbtest7  (cost=5.45..397.53 rows=99 width=125)
	  Recheck Cond: ((k >= 4976738) AND (k <= 4976838))
	  ->  Bitmap Index Scan on k_7  (cost=0.00..5.42 rows=99 width=0)
	        Index Cond: ((k >= 4976738) AND (k <= 4976838))

table 8 : explain SELECT k, c FROM sbtest8 WHERE k BETWEEN 4976738 AND 4976838
	Bitmap Heap Scan on sbtest8  (cost=5.45..397.57 rows=99 width=125)
	  Recheck Cond: ((k >= 4976738) AND (k <= 4976838))
	  ->  Bitmap Index Scan on k_8  (cost=0.00..5.42 rows=99 width=0)
	        Index Cond: ((k >= 4976738) AND (k <= 4976838))

explain: for range-notcovered :: explain SELECT k, c FROM sbtest%d WHERE k BETWEEN 2729283 AND 2729383
explain: for range-notcovered :: explain SELECT k, c FROM sbtest%d WHERE k BETWEEN 4560876 AND 4560976
explain: for range-notcovered :: explain SELECT k, c FROM sbtest%d WHERE k BETWEEN 6751162 AND 6751262
for range-notcovered
table 1 : explain SELECT k, c FROM sbtest1 WHERE k BETWEEN 6548505 AND 6548605
	Bitmap Heap Scan on sbtest1  (cost=5.41..381.71 rows=95 width=125)
	  Recheck Cond: ((k >= 6548505) AND (k <= 6548605))
	  ->  Bitmap Index Scan on k_1  (cost=0.00..5.38 rows=95 width=0)
	        Index Cond: ((k >= 6548505) AND (k <= 6548605))

table 2 : explain SELECT k, c FROM sbtest2 WHERE k BETWEEN 6548505 AND 6548605
	Bitmap Heap Scan on sbtest2  (cost=5.49..413.26 rows=103 width=125)
	  Recheck Cond: ((k >= 6548505) AND (k <= 6548605))
	  ->  Bitmap Index Scan on k_2  (cost=0.00..5.46 rows=103 width=0)
	        Index Cond: ((k >= 6548505) AND (k <= 6548605))

table 3 : explain SELECT k, c FROM sbtest3 WHERE k BETWEEN 6548505 AND 6548605
	Bitmap Heap Scan on sbtest3  (cost=5.52..425.09 rows=106 width=125)
	  Recheck Cond: ((k >= 6548505) AND (k <= 6548605))
	  ->  Bitmap Index Scan on k_3  (cost=0.00..5.50 rows=106 width=0)
	        Index Cond: ((k >= 6548505) AND (k <= 6548605))

table 4 : explain SELECT k, c FROM sbtest4 WHERE k BETWEEN 6548505 AND 6548605
	Bitmap Heap Scan on sbtest4  (cost=5.40..377.79 rows=94 width=125)
	  Recheck Cond: ((k >= 6548505) AND (k <= 6548605))
	  ->  Bitmap Index Scan on k_4  (cost=0.00..5.38 rows=94 width=0)
	        Index Cond: ((k >= 6548505) AND (k <= 6548605))

table 5 : explain SELECT k, c FROM sbtest5 WHERE k BETWEEN 6548505 AND 6548605
	Bitmap Heap Scan on sbtest5  (cost=5.43..389.63 rows=97 width=125)
	  Recheck Cond: ((k >= 6548505) AND (k <= 6548605))
	  ->  Bitmap Index Scan on k_5  (cost=0.00..5.40 rows=97 width=0)
	        Index Cond: ((k >= 6548505) AND (k <= 6548605))

table 6 : explain SELECT k, c FROM sbtest6 WHERE k BETWEEN 6548505 AND 6548605
	Bitmap Heap Scan on sbtest6  (cost=5.40..377.82 rows=94 width=125)
	  Recheck Cond: ((k >= 6548505) AND (k <= 6548605))
	  ->  Bitmap Index Scan on k_6  (cost=0.00..5.38 rows=94 width=0)
	        Index Cond: ((k >= 6548505) AND (k <= 6548605))

table 7 : explain SELECT k, c FROM sbtest7 WHERE k BETWEEN 6548505 AND 6548605
	Bitmap Heap Scan on sbtest7  (cost=5.52..425.13 rows=106 width=125)
	  Recheck Cond: ((k >= 6548505) AND (k <= 6548605))
	  ->  Bitmap Index Scan on k_7  (cost=0.00..5.50 rows=106 width=0)
	        Index Cond: ((k >= 6548505) AND (k <= 6548605))

table 8 : explain SELECT k, c FROM sbtest8 WHERE k BETWEEN 6548505 AND 6548605
	Bitmap Heap Scan on sbtest8  (cost=5.44..393.62 rows=98 width=125)
	  Recheck Cond: ((k >= 6548505) AND (k <= 6548605))
	  ->  Bitmap Index Scan on k_8  (cost=0.00..5.42 rows=98 width=0)
	        Index Cond: ((k >= 6548505) AND (k <= 6548605))

explain: for range-notcovered :: explain SELECT k, c FROM sbtest%d WHERE k BETWEEN 6548505 AND 6548605
for range-notcovered
table 1 : explain SELECT k, c FROM sbtest1 WHERE k BETWEEN 5235916 AND 5236016
	Bitmap Heap Scan on sbtest1  (cost=5.49..413.25 rows=103 width=125)
	  Recheck Cond: ((k >= 5235916) AND (k <= 5236016))
	  ->  Bitmap Index Scan on k_1  (cost=0.00..5.46 rows=103 width=0)
	        Index Cond: ((k >= 5235916) AND (k <= 5236016))

table 2 : explain SELECT k, c FROM sbtest2 WHERE k BETWEEN 5235916 AND 5236016
	Bitmap Heap Scan on sbtest2  (cost=5.41..381.72 rows=95 width=125)
	  Recheck Cond: ((k >= 5235916) AND (k <= 5236016))
	  ->  Bitmap Index Scan on k_2  (cost=0.00..5.38 rows=95 width=0)
	        Index Cond: ((k >= 5235916) AND (k <= 5236016))

table 3 : explain SELECT k, c FROM sbtest3 WHERE k BETWEEN 5235916 AND 5236016
	Bitmap Heap Scan on sbtest3  (cost=5.57..444.79 rows=111 width=125)
	  Recheck Cond: ((k >= 5235916) AND (k <= 5236016))
	  ->  Bitmap Index Scan on k_3  (cost=0.00..5.54 rows=111 width=0)
	        Index Cond: ((k >= 5235916) AND (k <= 5236016))

table 4 : explain SELECT k, c FROM sbtest4 WHERE k BETWEEN 5235916 AND 5236016
	Bitmap Heap Scan on sbtest4  (cost=5.40..377.79 rows=94 width=125)
	  Recheck Cond: ((k >= 5235916) AND (k <= 5236016))
	  ->  Bitmap Index Scan on k_4  (cost=0.00..5.38 rows=94 width=0)
	        Index Cond: ((k >= 5235916) AND (k <= 5236016))

table 5 : explain SELECT k, c FROM sbtest5 WHERE k BETWEEN 5235916 AND 5236016
	Bitmap Heap Scan on sbtest5  (cost=5.55..436.92 rows=109 width=125)
	  Recheck Cond: ((k >= 5235916) AND (k <= 5236016))
	  ->  Bitmap Index Scan on k_5  (cost=0.00..5.52 rows=109 width=0)
	        Index Cond: ((k >= 5235916) AND (k <= 5236016))

table 6 : explain SELECT k, c FROM sbtest6 WHERE k BETWEEN 5235916 AND 5236016
	Bitmap Heap Scan on sbtest6  (cost=5.57..444.84 rows=111 width=125)
	  Recheck Cond: ((k >= 5235916) AND (k <= 5236016))
	  ->  Bitmap Index Scan on k_6  (cost=0.00..5.54 rows=111 width=0)
	        Index Cond: ((k >= 5235916) AND (k <= 5236016))

table 7 : explain SELECT k, c FROM sbtest7 WHERE k BETWEEN 5235916 AND 5236016
	Bitmap Heap Scan on sbtest7  (cost=5.49..413.30 rows=103 width=125)
	  Recheck Cond: ((k >= 5235916) AND (k <= 5236016))
	  ->  Bitmap Index Scan on k_7  (cost=0.00..5.46 rows=103 width=0)
	        Index Cond: ((k >= 5235916) AND (k <= 5236016))

table 8 : explain SELECT k, c FROM sbtest8 WHERE k BETWEEN 5235916 AND 5236016
	Bitmap Heap Scan on sbtest8  (cost=5.48..409.40 rows=102 width=125)
	  Recheck Cond: ((k >= 5235916) AND (k <= 5236016))
	  ->  Bitmap Index Scan on k_8  (cost=0.00..5.45 rows=102 width=0)
	        Index Cond: ((k >= 5235916) AND (k <= 5236016))

for range-notcovered
table 1 : explain SELECT k, c FROM sbtest1 WHERE k BETWEEN 1077461 AND 1077561
	Bitmap Heap Scan on sbtest1  (cost=5.51..421.13 rows=105 width=125)
	  Recheck Cond: ((k >= 1077461) AND (k <= 1077561))
	  ->  Bitmap Index Scan on k_1  (cost=0.00..5.48 rows=105 width=0)
	        Index Cond: ((k >= 1077461) AND (k <= 1077561))

table 2 : explain SELECT k, c FROM sbtest2 WHERE k BETWEEN 1077461 AND 1077561
	Bitmap Heap Scan on sbtest2  (cost=5.49..413.26 rows=103 width=125)
	  Recheck Cond: ((k >= 1077461) AND (k <= 1077561))
	  ->  Bitmap Index Scan on k_2  (cost=0.00..5.46 rows=103 width=0)
	        Index Cond: ((k >= 1077461) AND (k <= 1077561))

table 3 : explain SELECT k, c FROM sbtest3 WHERE k BETWEEN 1077461 AND 1077561
	Bitmap Heap Scan on sbtest3  (cost=5.44..393.56 rows=98 width=125)
	  Recheck Cond: ((k >= 1077461) AND (k <= 1077561))
	  ->  Bitmap Index Scan on k_3  (cost=0.00..5.42 rows=98 width=0)
	        Index Cond: ((k >= 1077461) AND (k <= 1077561))

table 4 : explain SELECT k, c FROM sbtest4 WHERE k BETWEEN 1077461 AND 1077561
	Bitmap Heap Scan on sbtest4  (cost=5.48..409.34 rows=102 width=125)
	  Recheck Cond: ((k >= 1077461) AND (k <= 1077561))
	  ->  Bitmap Index Scan on k_4  (cost=0.00..5.45 rows=102 width=0)
	        Index Cond: ((k >= 1077461) AND (k <= 1077561))

table 5 : explain SELECT k, c FROM sbtest5 WHERE k BETWEEN 1077461 AND 1077561
	Bitmap Heap Scan on sbtest5  (cost=5.40..377.79 rows=94 width=125)
	  Recheck Cond: ((k >= 1077461) AND (k <= 1077561))
	  ->  Bitmap Index Scan on k_5  (cost=0.00..5.38 rows=94 width=0)
	        Index Cond: ((k >= 1077461) AND (k <= 1077561))

table 6 : explain SELECT k, c FROM sbtest6 WHERE k BETWEEN 1077461 AND 1077561
	Bitmap Heap Scan on sbtest6  (cost=5.39..373.88 rows=93 width=125)
	  Recheck Cond: ((k >= 1077461) AND (k <= 1077561))
	  ->  Bitmap Index Scan on k_6  (cost=0.00..5.36 rows=93 width=0)
	        Index Cond: ((k >= 1077461) AND (k <= 1077561))

table 7 : explain SELECT k, c FROM sbtest7 WHERE k BETWEEN 1077461 AND 1077561
	Bitmap Heap Scan on sbtest7  (cost=5.45..397.53 rows=99 width=125)
	  Recheck Cond: ((k >= 1077461) AND (k <= 1077561))
	  ->  Bitmap Index Scan on k_7  (cost=0.00..5.42 rows=99 width=0)
	        Index Cond: ((k >= 1077461) AND (k <= 1077561))

table 8 : explain SELECT k, c FROM sbtest8 WHERE k BETWEEN 1077461 AND 1077561
	Bitmap Heap Scan on sbtest8  (cost=5.60..456.68 rows=114 width=125)
	  Recheck Cond: ((k >= 1077461) AND (k <= 1077561))
	  ->  Bitmap Index Scan on k_8  (cost=0.00..5.58 rows=114 width=0)
	        Index Cond: ((k >= 1077461) AND (k <= 1077561))

for range-notcovered
table 1 : explain SELECT k, c FROM sbtest1 WHERE k BETWEEN 6049307 AND 6049407
	Bitmap Heap Scan on sbtest1  (cost=5.40..377.77 rows=94 width=125)
	  Recheck Cond: ((k >= 6049307) AND (k <= 6049407))
	  ->  Bitmap Index Scan on k_1  (cost=0.00..5.38 rows=94 width=0)
	        Index Cond: ((k >= 6049307) AND (k <= 6049407))

table 2 : explain SELECT k, c FROM sbtest2 WHERE k BETWEEN 6049307 AND 6049407
	Bitmap Heap Scan on sbtest2  (cost=5.45..397.49 rows=99 width=125)
	  Recheck Cond: ((k >= 6049307) AND (k <= 6049407))
	  ->  Bitmap Index Scan on k_2  (cost=0.00..5.42 rows=99 width=0)
	        Index Cond: ((k >= 6049307) AND (k <= 6049407))

table 3 : explain SELECT k, c FROM sbtest3 WHERE k BETWEEN 6049307 AND 6049407
	Bitmap Heap Scan on sbtest3  (cost=5.50..417.21 rows=104 width=125)
	  Recheck Cond: ((k >= 6049307) AND (k <= 6049407))
	  ->  Bitmap Index Scan on k_3  (cost=0.00..5.47 rows=104 width=0)
	        Index Cond: ((k >= 6049307) AND (k <= 6049407))

table 4 : explain SELECT k, c FROM sbtest4 WHERE k BETWEEN 6049307 AND 6049407
	Bitmap Heap Scan on sbtest4  (cost=5.44..393.57 rows=98 width=125)
	  Recheck Cond: ((k >= 6049307) AND (k <= 6049407))
	  ->  Bitmap Index Scan on k_4  (cost=0.00..5.42 rows=98 width=0)
	        Index Cond: ((k >= 6049307) AND (k <= 6049407))

table 5 : explain SELECT k, c FROM sbtest5 WHERE k BETWEEN 6049307 AND 6049407
	Bitmap Heap Scan on sbtest5  (cost=5.40..377.79 rows=94 width=125)
	  Recheck Cond: ((k >= 6049307) AND (k <= 6049407))
	  ->  Bitmap Index Scan on k_5  (cost=0.00..5.38 rows=94 width=0)
	        Index Cond: ((k >= 6049307) AND (k <= 6049407))

table 6 : explain SELECT k, c FROM sbtest6 WHERE k BETWEEN 6049307 AND 6049407
	Bitmap Heap Scan on sbtest6  (cost=5.40..377.82 rows=94 width=125)
	  Recheck Cond: ((k >= 6049307) AND (k <= 6049407))
	  ->  Bitmap Index Scan on k_6  (cost=0.00..5.38 rows=94 width=0)
	        Index Cond: ((k >= 6049307) AND (k <= 6049407))

table 7 : explain SELECT k, c FROM sbtest7 WHERE k BETWEEN 6049307 AND 6049407
	Bitmap Heap Scan on sbtest7  (cost=5.45..397.53 rows=99 width=125)
	  Recheck Cond: ((k >= 6049307) AND (k <= 6049407))
	  ->  Bitmap Index Scan on k_7  (cost=0.00..5.42 rows=99 width=0)
	        Index Cond: ((k >= 6049307) AND (k <= 6049407))

table 8 : explain SELECT k, c FROM sbtest8 WHERE k BETWEEN 6049307 AND 6049407
	Bitmap Heap Scan on sbtest8  (cost=5.49..413.34 rows=103 width=125)
	  Recheck Cond: ((k >= 6049307) AND (k <= 6049407))
	  ->  Bitmap Index Scan on k_8  (cost=0.00..5.46 rows=103 width=0)
	        Index Cond: ((k >= 6049307) AND (k <= 6049407))

explain: for range-notcovered :: explain SELECT k, c FROM sbtest%d WHERE k BETWEEN 5235916 AND 5236016
explain: for range-notcovered :: explain SELECT k, c FROM sbtest%d WHERE k BETWEEN 1077461 AND 1077561
for range-notcovered
table 1 : explain SELECT k, c FROM sbtest1 WHERE k BETWEEN 3348607 AND 3348707
	Bitmap Heap Scan on sbtest1  (cost=5.50..417.19 rows=104 width=125)
	  Recheck Cond: ((k >= 3348607) AND (k <= 3348707))
	  ->  Bitmap Index Scan on k_1  (cost=0.00..5.47 rows=104 width=0)
	        Index Cond: ((k >= 3348607) AND (k <= 3348707))

table 2 : explain SELECT k, c FROM sbtest2 WHERE k BETWEEN 3348607 AND 3348707
	Bitmap Heap Scan on sbtest2  (cost=5.45..397.49 rows=99 width=125)
	  Recheck Cond: ((k >= 3348607) AND (k <= 3348707))
	  ->  Bitmap Index Scan on k_2  (cost=0.00..5.42 rows=99 width=0)
	        Index Cond: ((k >= 3348607) AND (k <= 3348707))

table 3 : explain SELECT k, c FROM sbtest3 WHERE k BETWEEN 3348607 AND 3348707
	Bitmap Heap Scan on sbtest3  (cost=5.50..417.21 rows=104 width=125)
	  Recheck Cond: ((k >= 3348607) AND (k <= 3348707))
	  ->  Bitmap Index Scan on k_3  (cost=0.00..5.47 rows=104 width=0)
	        Index Cond: ((k >= 3348607) AND (k <= 3348707))

table 4 : explain SELECT k, c FROM sbtest4 WHERE k BETWEEN 3348607 AND 3348707
	Bitmap Heap Scan on sbtest4  (cost=5.52..425.10 rows=106 width=125)
	  Recheck Cond: ((k >= 3348607) AND (k <= 3348707))
	  ->  Bitmap Index Scan on k_4  (cost=0.00..5.50 rows=106 width=0)
	        Index Cond: ((k >= 3348607) AND (k <= 3348707))

table 5 : explain SELECT k, c FROM sbtest5 WHERE k BETWEEN 3348607 AND 3348707
	Bitmap Heap Scan on sbtest5  (cost=5.52..425.10 rows=106 width=125)
	  Recheck Cond: ((k >= 3348607) AND (k <= 3348707))
	  ->  Bitmap Index Scan on k_5  (cost=0.00..5.50 rows=106 width=0)
	        Index Cond: ((k >= 3348607) AND (k <= 3348707))

table 6 : explain SELECT k, c FROM sbtest6 WHERE k BETWEEN 3348607 AND 3348707
	Bitmap Heap Scan on sbtest6  (cost=5.47..405.43 rows=101 width=125)
	  Recheck Cond: ((k >= 3348607) AND (k <= 3348707))
	  ->  Bitmap Index Scan on k_6  (cost=0.00..5.44 rows=101 width=0)
	        Index Cond: ((k >= 3348607) AND (k <= 3348707))

table 7 : explain SELECT k, c FROM sbtest7 WHERE k BETWEEN 3348607 AND 3348707
	Bitmap Heap Scan on sbtest7  (cost=5.43..389.64 rows=97 width=125)
	  Recheck Cond: ((k >= 3348607) AND (k <= 3348707))
	  ->  Bitmap Index Scan on k_7  (cost=0.00..5.40 rows=97 width=0)
	        Index Cond: ((k >= 3348607) AND (k <= 3348707))

table 8 : explain SELECT k, c FROM sbtest8 WHERE k BETWEEN 3348607 AND 3348707
	Bitmap Heap Scan on sbtest8  (cost=5.56..440.93 rows=110 width=125)
	  Recheck Cond: ((k >= 3348607) AND (k <= 3348707))
	  ->  Bitmap Index Scan on k_8  (cost=0.00..5.53 rows=110 width=0)
	        Index Cond: ((k >= 3348607) AND (k <= 3348707))

explain: for range-notcovered :: explain SELECT k, c FROM sbtest%d WHERE k BETWEEN 6049307 AND 6049407
for range-notcovered
table 1 : explain SELECT k, c FROM sbtest1 WHERE k BETWEEN 5647166 AND 5647266
	Bitmap Heap Scan on sbtest1  (cost=5.47..405.37 rows=101 width=125)
	  Recheck Cond: ((k >= 5647166) AND (k <= 5647266))
	  ->  Bitmap Index Scan on k_1  (cost=0.00..5.44 rows=101 width=0)
	        Index Cond: ((k >= 5647166) AND (k <= 5647266))

table 2 : explain SELECT k, c FROM sbtest2 WHERE k BETWEEN 5647166 AND 5647266
	Bitmap Heap Scan on sbtest2  (cost=5.38..369.88 rows=92 width=125)
	  Recheck Cond: ((k >= 5647166) AND (k <= 5647266))
	  ->  Bitmap Index Scan on k_2  (cost=0.00..5.35 rows=92 width=0)
	        Index Cond: ((k >= 5647166) AND (k <= 5647266))

table 3 : explain SELECT k, c FROM sbtest3 WHERE k BETWEEN 5647166 AND 5647266
	Bitmap Heap Scan on sbtest3  (cost=5.43..389.61 rows=97 width=125)
	  Recheck Cond: ((k >= 5647166) AND (k <= 5647266))
	  ->  Bitmap Index Scan on k_3  (cost=0.00..5.40 rows=97 width=0)
	        Index Cond: ((k >= 5647166) AND (k <= 5647266))

table 4 : explain SELECT k, c FROM sbtest4 WHERE k BETWEEN 5647166 AND 5647266
	Bitmap Heap Scan on sbtest4  (cost=5.50..417.22 rows=104 width=125)
	  Recheck Cond: ((k >= 5647166) AND (k <= 5647266))
	  ->  Bitmap Index Scan on k_4  (cost=0.00..5.47 rows=104 width=0)
	        Index Cond: ((k >= 5647166) AND (k <= 5647266))

table 5 : explain SELECT k, c FROM sbtest5 WHERE k BETWEEN 5647166 AND 5647266
	Bitmap Heap Scan on sbtest5  (cost=5.51..421.16 rows=105 width=125)
	  Recheck Cond: ((k >= 5647166) AND (k <= 5647266))
	  ->  Bitmap Index Scan on k_5  (cost=0.00..5.48 rows=105 width=0)
	        Index Cond: ((k >= 5647166) AND (k <= 5647266))

table 6 : explain SELECT k, c FROM sbtest6 WHERE k BETWEEN 5647166 AND 5647266
	Bitmap Heap Scan on sbtest6  (cost=5.52..425.14 rows=106 width=125)
	  Recheck Cond: ((k >= 5647166) AND (k <= 5647266))
	  ->  Bitmap Index Scan on k_6  (cost=0.00..5.50 rows=106 width=0)
	        Index Cond: ((k >= 5647166) AND (k <= 5647266))

table 7 : explain SELECT k, c FROM sbtest7 WHERE k BETWEEN 5647166 AND 5647266
	Bitmap Heap Scan on sbtest7  (cost=5.46..401.48 rows=100 width=125)
	  Recheck Cond: ((k >= 5647166) AND (k <= 5647266))
	  ->  Bitmap Index Scan on k_7  (cost=0.00..5.43 rows=100 width=0)
	        Index Cond: ((k >= 5647166) AND (k <= 5647266))

table 8 : explain SELECT k, c FROM sbtest8 WHERE k BETWEEN 5647166 AND 5647266
	Bitmap Heap Scan on sbtest8  (cost=5.49..413.34 rows=103 width=125)
	  Recheck Cond: ((k >= 5647166) AND (k <= 5647266))
	  ->  Bitmap Index Scan on k_8  (cost=0.00..5.46 rows=103 width=0)
	        Index Cond: ((k >= 5647166) AND (k <= 5647266))

explain: for range-notcovered :: explain SELECT k, c FROM sbtest%d WHERE k BETWEEN 3348607 AND 3348707
explain: for range-notcovered :: explain SELECT k, c FROM sbtest%d WHERE k BETWEEN 5647166 AND 5647266
for range-notcovered
table 1 : explain SELECT k, c FROM sbtest1 WHERE k BETWEEN 3887905 AND 3888005
	Bitmap Heap Scan on sbtest1  (cost=5.47..405.37 rows=101 width=125)
	  Recheck Cond: ((k >= 3887905) AND (k <= 3888005))
	  ->  Bitmap Index Scan on k_1  (cost=0.00..5.44 rows=101 width=0)
	        Index Cond: ((k >= 3887905) AND (k <= 3888005))

table 2 : explain SELECT k, c FROM sbtest2 WHERE k BETWEEN 3887905 AND 3888005
	Bitmap Heap Scan on sbtest2  (cost=5.55..436.90 rows=109 width=125)
	  Recheck Cond: ((k >= 3887905) AND (k <= 3888005))
	  ->  Bitmap Index Scan on k_2  (cost=0.00..5.52 rows=109 width=0)
	        Index Cond: ((k >= 3887905) AND (k <= 3888005))

table 3 : explain SELECT k, c FROM sbtest3 WHERE k BETWEEN 3887905 AND 3888005
	Bitmap Heap Scan on sbtest3  (cost=5.54..432.97 rows=108 width=125)
	  Recheck Cond: ((k >= 3887905) AND (k <= 3888005))
	  ->  Bitmap Index Scan on k_3  (cost=0.00..5.51 rows=108 width=0)
	        Index Cond: ((k >= 3887905) AND (k <= 3888005))

table 4 : explain SELECT k, c FROM sbtest4 WHERE k BETWEEN 3887905 AND 3888005
	Bitmap Heap Scan on sbtest4  (cost=5.43..389.62 rows=97 width=125)
	  Recheck Cond: ((k >= 3887905) AND (k <= 3888005))
	  ->  Bitmap Index Scan on k_4  (cost=0.00..5.40 rows=97 width=0)
	        Index Cond: ((k >= 3887905) AND (k <= 3888005))

table 5 : explain SELECT k, c FROM sbtest5 WHERE k BETWEEN 3887905 AND 3888005
	Bitmap Heap Scan on sbtest5  (cost=5.47..405.40 rows=101 width=125)
	  Recheck Cond: ((k >= 3887905) AND (k <= 3888005))
	  ->  Bitmap Index Scan on k_5  (cost=0.00..5.44 rows=101 width=0)
	        Index Cond: ((k >= 3887905) AND (k <= 3888005))

table 6 : explain SELECT k, c FROM sbtest6 WHERE k BETWEEN 3887905 AND 3888005
	Bitmap Heap Scan on sbtest6  (cost=5.46..401.49 rows=100 width=125)
	  Recheck Cond: ((k >= 3887905) AND (k <= 3888005))
	  ->  Bitmap Index Scan on k_6  (cost=0.00..5.43 rows=100 width=0)
	        Index Cond: ((k >= 3887905) AND (k <= 3888005))

table 7 : explain SELECT k, c FROM sbtest7 WHERE k BETWEEN 3887905 AND 3888005
	Bitmap Heap Scan on sbtest7  (cost=5.47..405.42 rows=101 width=125)
	  Recheck Cond: ((k >= 3887905) AND (k <= 3888005))
	  ->  Bitmap Index Scan on k_7  (cost=0.00..5.44 rows=101 width=0)
	        Index Cond: ((k >= 3887905) AND (k <= 3888005))

table 8 : explain SELECT k, c FROM sbtest8 WHERE k BETWEEN 3887905 AND 3888005
	Bitmap Heap Scan on sbtest8  (cost=5.41..381.79 rows=95 width=125)
	  Recheck Cond: ((k >= 3887905) AND (k <= 3888005))
	  ->  Bitmap Index Scan on k_8  (cost=0.00..5.38 rows=95 width=0)
	        Index Cond: ((k >= 3887905) AND (k <= 3888005))

for range-notcovered
table 1 : explain SELECT k, c FROM sbtest1 WHERE k BETWEEN 7480959 AND 7481059
	Bitmap Heap Scan on sbtest1  (cost=5.47..405.37 rows=101 width=125)
	  Recheck Cond: ((k >= 7480959) AND (k <= 7481059))
	  ->  Bitmap Index Scan on k_1  (cost=0.00..5.44 rows=101 width=0)
	        Index Cond: ((k >= 7480959) AND (k <= 7481059))

table 2 : explain SELECT k, c FROM sbtest2 WHERE k BETWEEN 7480959 AND 7481059
	Bitmap Heap Scan on sbtest2  (cost=5.48..409.32 rows=102 width=125)
	  Recheck Cond: ((k >= 7480959) AND (k <= 7481059))
	  ->  Bitmap Index Scan on k_2  (cost=0.00..5.45 rows=102 width=0)
	        Index Cond: ((k >= 7480959) AND (k <= 7481059))

table 3 : explain SELECT k, c FROM sbtest3 WHERE k BETWEEN 7480959 AND 7481059
	Bitmap Heap Scan on sbtest3  (cost=5.46..401.44 rows=100 width=125)
	  Recheck Cond: ((k >= 7480959) AND (k <= 7481059))
	  ->  Bitmap Index Scan on k_3  (cost=0.00..5.43 rows=100 width=0)
	        Index Cond: ((k >= 7480959) AND (k <= 7481059))

table 4 : explain SELECT k, c FROM sbtest4 WHERE k BETWEEN 7480959 AND 7481059
	Bitmap Heap Scan on sbtest4  (cost=5.51..421.16 rows=105 width=125)
	  Recheck Cond: ((k >= 7480959) AND (k <= 7481059))
	  ->  Bitmap Index Scan on k_4  (cost=0.00..5.48 rows=105 width=0)
	        Index Cond: ((k >= 7480959) AND (k <= 7481059))

table 5 : explain SELECT k, c FROM sbtest5 WHERE k BETWEEN 7480959 AND 7481059
	Bitmap Heap Scan on sbtest5  (cost=5.52..425.10 rows=106 width=125)
	  Recheck Cond: ((k >= 7480959) AND (k <= 7481059))
	  ->  Bitmap Index Scan on k_5  (cost=0.00..5.50 rows=106 width=0)
	        Index Cond: ((k >= 7480959) AND (k <= 7481059))

table 6 : explain SELECT k, c FROM sbtest6 WHERE k BETWEEN 7480959 AND 7481059
	Bitmap Heap Scan on sbtest6  (cost=5.59..452.72 rows=113 width=125)
	  Recheck Cond: ((k >= 7480959) AND (k <= 7481059))
	  ->  Bitmap Index Scan on k_6  (cost=0.00..5.56 rows=113 width=0)
	        Index Cond: ((k >= 7480959) AND (k <= 7481059))

table 7 : explain SELECT k, c FROM sbtest7 WHERE k BETWEEN 7480959 AND 7481059
	Bitmap Heap Scan on sbtest7  (cost=5.45..397.53 rows=99 width=125)
	  Recheck Cond: ((k >= 7480959) AND (k <= 7481059))
	  ->  Bitmap Index Scan on k_7  (cost=0.00..5.42 rows=99 width=0)
	        Index Cond: ((k >= 7480959) AND (k <= 7481059))

table 8 : explain SELECT k, c FROM sbtest8 WHERE k BETWEEN 7480959 AND 7481059
	Bitmap Heap Scan on sbtest8  (cost=5.50..417.28 rows=104 width=125)
	  Recheck Cond: ((k >= 7480959) AND (k <= 7481059))
	  ->  Bitmap Index Scan on k_8  (cost=0.00..5.47 rows=104 width=0)
	        Index Cond: ((k >= 7480959) AND (k <= 7481059))

for range-notcovered
table 1 : explain SELECT k, c FROM sbtest1 WHERE k BETWEEN 4636687 AND 4636787
	Bitmap Heap Scan on sbtest1  (cost=5.44..393.54 rows=98 width=125)
	  Recheck Cond: ((k >= 4636687) AND (k <= 4636787))
	  ->  Bitmap Index Scan on k_1  (cost=0.00..5.42 rows=98 width=0)
	        Index Cond: ((k >= 4636687) AND (k <= 4636787))

table 2 : explain SELECT k, c FROM sbtest2 WHERE k BETWEEN 4636687 AND 4636787
	Bitmap Heap Scan on sbtest2  (cost=5.48..409.32 rows=102 width=125)
	  Recheck Cond: ((k >= 4636687) AND (k <= 4636787))
	  ->  Bitmap Index Scan on k_2  (cost=0.00..5.45 rows=102 width=0)
	        Index Cond: ((k >= 4636687) AND (k <= 4636787))

table 3 : explain SELECT k, c FROM sbtest3 WHERE k BETWEEN 4636687 AND 4636787
	Bitmap Heap Scan on sbtest3  (cost=5.46..401.44 rows=100 width=125)
	  Recheck Cond: ((k >= 4636687) AND (k <= 4636787))
	  ->  Bitmap Index Scan on k_3  (cost=0.00..5.43 rows=100 width=0)
	        Index Cond: ((k >= 4636687) AND (k <= 4636787))

table 4 : explain SELECT k, c FROM sbtest4 WHERE k BETWEEN 4636687 AND 4636787
	Bitmap Heap Scan on sbtest4  (cost=5.46..401.45 rows=100 width=125)
	  Recheck Cond: ((k >= 4636687) AND (k <= 4636787))
	  ->  Bitmap Index Scan on k_4  (cost=0.00..5.43 rows=100 width=0)
	        Index Cond: ((k >= 4636687) AND (k <= 4636787))

table 5 : explain SELECT k, c FROM sbtest5 WHERE k BETWEEN 4636687 AND 4636787
	Bitmap Heap Scan on sbtest5  (cost=5.48..409.34 rows=102 width=125)
	  Recheck Cond: ((k >= 4636687) AND (k <= 4636787))
	  ->  Bitmap Index Scan on k_5  (cost=0.00..5.45 rows=102 width=0)
	        Index Cond: ((k >= 4636687) AND (k <= 4636787))

table 6 : explain SELECT k, c FROM sbtest6 WHERE k BETWEEN 4636687 AND 4636787
	Bitmap Heap Scan on sbtest6  (cost=5.51..421.20 rows=105 width=125)
	  Recheck Cond: ((k >= 4636687) AND (k <= 4636787))
	  ->  Bitmap Index Scan on k_6  (cost=0.00..5.48 rows=105 width=0)
	        Index Cond: ((k >= 4636687) AND (k <= 4636787))

table 7 : explain SELECT k, c FROM sbtest7 WHERE k BETWEEN 4636687 AND 4636787
	Bitmap Heap Scan on sbtest7  (cost=5.41..381.76 rows=95 width=125)
	  Recheck Cond: ((k >= 4636687) AND (k <= 4636787))
	  ->  Bitmap Index Scan on k_7  (cost=0.00..5.38 rows=95 width=0)
	        Index Cond: ((k >= 4636687) AND (k <= 4636787))

table 8 : explain SELECT k, c FROM sbtest8 WHERE k BETWEEN 4636687 AND 4636787
	Bitmap Heap Scan on sbtest8  (cost=5.45..397.57 rows=99 width=125)
	  Recheck Cond: ((k >= 4636687) AND (k <= 4636787))
	  ->  Bitmap Index Scan on k_8  (cost=0.00..5.42 rows=99 width=0)
	        Index Cond: ((k >= 4636687) AND (k <= 4636787))

for range-notcovered
table 1 : explain SELECT k, c FROM sbtest1 WHERE k BETWEEN 7531472 AND 7531572
	Bitmap Heap Scan on sbtest1  (cost=5.55..436.89 rows=109 width=125)
	  Recheck Cond: ((k >= 7531472) AND (k <= 7531572))
	  ->  Bitmap Index Scan on k_1  (cost=0.00..5.52 rows=109 width=0)
	        Index Cond: ((k >= 7531472) AND (k <= 7531572))

table 2 : explain SELECT k, c FROM sbtest2 WHERE k BETWEEN 7531472 AND 7531572
	Bitmap Heap Scan on sbtest2  (cost=5.45..397.49 rows=99 width=125)
	  Recheck Cond: ((k >= 7531472) AND (k <= 7531572))
	  ->  Bitmap Index Scan on k_2  (cost=0.00..5.42 rows=99 width=0)
	        Index Cond: ((k >= 7531472) AND (k <= 7531572))

table 3 : explain SELECT k, c FROM sbtest3 WHERE k BETWEEN 7531472 AND 7531572
	Bitmap Heap Scan on sbtest3  (cost=5.43..389.61 rows=97 width=125)
	  Recheck Cond: ((k >= 7531472) AND (k <= 7531572))
	  ->  Bitmap Index Scan on k_3  (cost=0.00..5.40 rows=97 width=0)
	        Index Cond: ((k >= 7531472) AND (k <= 7531572))

table 4 : explain SELECT k, c FROM sbtest4 WHERE k BETWEEN 7531472 AND 7531572
	Bitmap Heap Scan on sbtest4  (cost=5.46..401.45 rows=100 width=125)
	  Recheck Cond: ((k >= 7531472) AND (k <= 7531572))
	  ->  Bitmap Index Scan on k_4  (cost=0.00..5.43 rows=100 width=0)
	        Index Cond: ((k >= 7531472) AND (k <= 7531572))

table 5 : explain SELECT k, c FROM sbtest5 WHERE k BETWEEN 7531472 AND 7531572
	Bitmap Heap Scan on sbtest5  (cost=5.52..425.10 rows=106 width=125)
	  Recheck Cond: ((k >= 7531472) AND (k <= 7531572))
	  ->  Bitmap Index Scan on k_5  (cost=0.00..5.50 rows=106 width=0)
	        Index Cond: ((k >= 7531472) AND (k <= 7531572))

table 6 : explain SELECT k, c FROM sbtest6 WHERE k BETWEEN 7531472 AND 7531572
	Bitmap Heap Scan on sbtest6  (cost=5.48..409.37 rows=102 width=125)
	  Recheck Cond: ((k >= 7531472) AND (k <= 7531572))
	  ->  Bitmap Index Scan on k_6  (cost=0.00..5.45 rows=102 width=0)
	        Index Cond: ((k >= 7531472) AND (k <= 7531572))

table 7 : explain SELECT k, c FROM sbtest7 WHERE k BETWEEN 7531472 AND 7531572
	Bitmap Heap Scan on sbtest7  (cost=5.54..433.01 rows=108 width=125)
	  Recheck Cond: ((k >= 7531472) AND (k <= 7531572))
	  ->  Bitmap Index Scan on k_7  (cost=0.00..5.51 rows=108 width=0)
	        Index Cond: ((k >= 7531472) AND (k <= 7531572))

table 8 : explain SELECT k, c FROM sbtest8 WHERE k BETWEEN 7531472 AND 7531572
	Bitmap Heap Scan on sbtest8  (cost=5.62..464.56 rows=116 width=125)
	  Recheck Cond: ((k >= 7531472) AND (k <= 7531572))
	  ->  Bitmap Index Scan on k_8  (cost=0.00..5.59 rows=116 width=0)
	        Index Cond: ((k >= 7531472) AND (k <= 7531572))

explain: for range-notcovered :: explain SELECT k, c FROM sbtest%d WHERE k BETWEEN 4636687 AND 4636787
for range-notcovered
table 1 : explain SELECT k, c FROM sbtest1 WHERE k BETWEEN 3332067 AND 3332167
	Bitmap Heap Scan on sbtest1  (cost=5.50..417.19 rows=104 width=125)
	  Recheck Cond: ((k >= 3332067) AND (k <= 3332167))
	  ->  Bitmap Index Scan on k_1  (cost=0.00..5.47 rows=104 width=0)
	        Index Cond: ((k >= 3332067) AND (k <= 3332167))

table 2 : explain SELECT k, c FROM sbtest2 WHERE k BETWEEN 3332067 AND 3332167
	Bitmap Heap Scan on sbtest2  (cost=5.45..397.49 rows=99 width=125)
	  Recheck Cond: ((k >= 3332067) AND (k <= 3332167))
	  ->  Bitmap Index Scan on k_2  (cost=0.00..5.42 rows=99 width=0)
	        Index Cond: ((k >= 3332067) AND (k <= 3332167))

table 3 : explain SELECT k, c FROM sbtest3 WHERE k BETWEEN 3332067 AND 3332167
	Bitmap Heap Scan on sbtest3  (cost=5.50..417.21 rows=104 width=125)
	  Recheck Cond: ((k >= 3332067) AND (k <= 3332167))
	  ->  Bitmap Index Scan on k_3  (cost=0.00..5.47 rows=104 width=0)
	        Index Cond: ((k >= 3332067) AND (k <= 3332167))

table 4 : explain SELECT k, c FROM sbtest4 WHERE k BETWEEN 3332067 AND 3332167
	Bitmap Heap Scan on sbtest4  (cost=5.52..425.10 rows=106 width=125)
	  Recheck Cond: ((k >= 3332067) AND (k <= 3332167))
	  ->  Bitmap Index Scan on k_4  (cost=0.00..5.50 rows=106 width=0)
	        Index Cond: ((k >= 3332067) AND (k <= 3332167))

table 5 : explain SELECT k, c FROM sbtest5 WHERE k BETWEEN 3332067 AND 3332167
	Bitmap Heap Scan on sbtest5  (cost=5.52..425.10 rows=106 width=125)
	  Recheck Cond: ((k >= 3332067) AND (k <= 3332167))
	  ->  Bitmap Index Scan on k_5  (cost=0.00..5.50 rows=106 width=0)
	        Index Cond: ((k >= 3332067) AND (k <= 3332167))

table 6 : explain SELECT k, c FROM sbtest6 WHERE k BETWEEN 3332067 AND 3332167
	Bitmap Heap Scan on sbtest6  (cost=5.47..405.43 rows=101 width=125)
	  Recheck Cond: ((k >= 3332067) AND (k <= 3332167))
	  ->  Bitmap Index Scan on k_6  (cost=0.00..5.44 rows=101 width=0)
	        Index Cond: ((k >= 3332067) AND (k <= 3332167))

table 7 : explain SELECT k, c FROM sbtest7 WHERE k BETWEEN 3332067 AND 3332167
	Bitmap Heap Scan on sbtest7  (cost=5.43..389.64 rows=97 width=125)
	  Recheck Cond: ((k >= 3332067) AND (k <= 3332167))
	  ->  Bitmap Index Scan on k_7  (cost=0.00..5.40 rows=97 width=0)
	        Index Cond: ((k >= 3332067) AND (k <= 3332167))

table 8 : explain SELECT k, c FROM sbtest8 WHERE k BETWEEN 3332067 AND 3332167
	Bitmap Heap Scan on sbtest8  (cost=5.56..440.93 rows=110 width=125)
	  Recheck Cond: ((k >= 3332067) AND (k <= 3332167))
	  ->  Bitmap Index Scan on k_8  (cost=0.00..5.53 rows=110 width=0)
	        Index Cond: ((k >= 3332067) AND (k <= 3332167))

for range-notcovered
table 1 : explain SELECT k, c FROM sbtest1 WHERE k BETWEEN 974328 AND 974428
	Bitmap Heap Scan on sbtest1  (cost=5.40..377.77 rows=94 width=125)
	  Recheck Cond: ((k >= 974328) AND (k <= 974428))
	  ->  Bitmap Index Scan on k_1  (cost=0.00..5.38 rows=94 width=0)
	        Index Cond: ((k >= 974328) AND (k <= 974428))

table 2 : explain SELECT k, c FROM sbtest2 WHERE k BETWEEN 974328 AND 974428
	Bitmap Heap Scan on sbtest2  (cost=5.53..429.02 rows=107 width=125)
	  Recheck Cond: ((k >= 974328) AND (k <= 974428))
	  ->  Bitmap Index Scan on k_2  (cost=0.00..5.50 rows=107 width=0)
	        Index Cond: ((k >= 974328) AND (k <= 974428))

table 3 : explain SELECT k, c FROM sbtest3 WHERE k BETWEEN 974328 AND 974428
	Bitmap Heap Scan on sbtest3  (cost=5.42..385.67 rows=96 width=125)
	  Recheck Cond: ((k >= 974328) AND (k <= 974428))
	  ->  Bitmap Index Scan on k_3  (cost=0.00..5.39 rows=96 width=0)
	        Index Cond: ((k >= 974328) AND (k <= 974428))

table 4 : explain SELECT k, c FROM sbtest4 WHERE k BETWEEN 974328 AND 974428
	Bitmap Heap Scan on sbtest4  (cost=5.54..432.98 rows=108 width=125)
	  Recheck Cond: ((k >= 974328) AND (k <= 974428))
	  ->  Bitmap Index Scan on k_4  (cost=0.00..5.51 rows=108 width=0)
	        Index Cond: ((k >= 974328) AND (k <= 974428))

table 5 : explain SELECT k, c FROM sbtest5 WHERE k BETWEEN 974328 AND 974428
	Bitmap Heap Scan on sbtest5  (cost=5.40..377.79 rows=94 width=125)
	  Recheck Cond: ((k >= 974328) AND (k <= 974428))
	  ->  Bitmap Index Scan on k_5  (cost=0.00..5.38 rows=94 width=0)
	        Index Cond: ((k >= 974328) AND (k <= 974428))

table 6 : explain SELECT k, c FROM sbtest6 WHERE k BETWEEN 974328 AND 974428
	Bitmap Heap Scan on sbtest6  (cost=5.41..381.77 rows=95 width=125)
	  Recheck Cond: ((k >= 974328) AND (k <= 974428))
	  ->  Bitmap Index Scan on k_6  (cost=0.00..5.38 rows=95 width=0)
	        Index Cond: ((k >= 974328) AND (k <= 974428))

table 7 : explain SELECT k, c FROM sbtest7 WHERE k BETWEEN 974328 AND 974428
	Bitmap Heap Scan on sbtest7  (cost=5.52..425.13 rows=106 width=125)
	  Recheck Cond: ((k >= 974328) AND (k <= 974428))
	  ->  Bitmap Index Scan on k_7  (cost=0.00..5.50 rows=106 width=0)
	        Index Cond: ((k >= 974328) AND (k <= 974428))

table 8 : explain SELECT k, c FROM sbtest8 WHERE k BETWEEN 974328 AND 974428
	Bitmap Heap Scan on sbtest8  (cost=5.48..409.40 rows=102 width=125)
	  Recheck Cond: ((k >= 974328) AND (k <= 974428))
	  ->  Bitmap Index Scan on k_8  (cost=0.00..5.45 rows=102 width=0)
	        Index Cond: ((k >= 974328) AND (k <= 974428))

explain: for range-notcovered :: explain SELECT k, c FROM sbtest%d WHERE k BETWEEN 7531472 AND 7531572
for range-notcovered
table 1 : explain SELECT k, c FROM sbtest1 WHERE k BETWEEN 4560876 AND 4560976
	Bitmap Heap Scan on sbtest1  (cost=5.46..401.43 rows=100 width=125)
	  Recheck Cond: ((k >= 4560876) AND (k <= 4560976))
	  ->  Bitmap Index Scan on k_1  (cost=0.00..5.43 rows=100 width=0)
	        Index Cond: ((k >= 4560876) AND (k <= 4560976))

table 2 : explain SELECT k, c FROM sbtest2 WHERE k BETWEEN 4560876 AND 4560976
	Bitmap Heap Scan on sbtest2  (cost=5.53..429.02 rows=107 width=125)
	  Recheck Cond: ((k >= 4560876) AND (k <= 4560976))
	  ->  Bitmap Index Scan on k_2  (cost=0.00..5.50 rows=107 width=0)
	        Index Cond: ((k >= 4560876) AND (k <= 4560976))

table 3 : explain SELECT k, c FROM sbtest3 WHERE k BETWEEN 4560876 AND 4560976
	Bitmap Heap Scan on sbtest3  (cost=5.48..409.33 rows=102 width=125)
	  Recheck Cond: ((k >= 4560876) AND (k <= 4560976))
	  ->  Bitmap Index Scan on k_3  (cost=0.00..5.45 rows=102 width=0)
	        Index Cond: ((k >= 4560876) AND (k <= 4560976))

table 4 : explain SELECT k, c FROM sbtest4 WHERE k BETWEEN 4560876 AND 4560976
	Bitmap Heap Scan on sbtest4  (cost=5.47..405.39 rows=101 width=125)
	  Recheck Cond: ((k >= 4560876) AND (k <= 4560976))
	  ->  Bitmap Index Scan on k_4  (cost=0.00..5.44 rows=101 width=0)
	        Index Cond: ((k >= 4560876) AND (k <= 4560976))

table 5 : explain SELECT k, c FROM sbtest5 WHERE k BETWEEN 4560876 AND 4560976
	Bitmap Heap Scan on sbtest5  (cost=5.45..397.51 rows=99 width=125)
	  Recheck Cond: ((k >= 4560876) AND (k <= 4560976))
	  ->  Bitmap Index Scan on k_5  (cost=0.00..5.42 rows=99 width=0)
	        Index Cond: ((k >= 4560876) AND (k <= 4560976))

table 6 : explain SELECT k, c FROM sbtest6 WHERE k BETWEEN 4560876 AND 4560976
	Bitmap Heap Scan on sbtest6  (cost=5.61..460.59 rows=115 width=125)
	  Recheck Cond: ((k >= 4560876) AND (k <= 4560976))
	  ->  Bitmap Index Scan on k_6  (cost=0.00..5.58 rows=115 width=0)
	        Index Cond: ((k >= 4560876) AND (k <= 4560976))

table 7 : explain SELECT k, c FROM sbtest7 WHERE k BETWEEN 4560876 AND 4560976
	Bitmap Heap Scan on sbtest7  (cost=5.46..401.48 rows=100 width=125)
	  Recheck Cond: ((k >= 4560876) AND (k <= 4560976))
	  ->  Bitmap Index Scan on k_7  (cost=0.00..5.43 rows=100 width=0)
	        Index Cond: ((k >= 4560876) AND (k <= 4560976))

table 8 : explain SELECT k, c FROM sbtest8 WHERE k BETWEEN 4560876 AND 4560976
	Bitmap Heap Scan on sbtest8  (cost=5.45..397.57 rows=99 width=125)
	  Recheck Cond: ((k >= 4560876) AND (k <= 4560976))
	  ->  Bitmap Index Scan on k_8  (cost=0.00..5.42 rows=99 width=0)
	        Index Cond: ((k >= 4560876) AND (k <= 4560976))

for range-notcovered
table 1 : explain SELECT k, c FROM sbtest1 WHERE k BETWEEN 2729283 AND 2729383
	Bitmap Heap Scan on sbtest1  (cost=5.48..409.31 rows=102 width=125)
	  Recheck Cond: ((k >= 2729283) AND (k <= 2729383))
	  ->  Bitmap Index Scan on k_1  (cost=0.00..5.45 rows=102 width=0)
	        Index Cond: ((k >= 2729283) AND (k <= 2729383))

table 2 : explain SELECT k, c FROM sbtest2 WHERE k BETWEEN 2729283 AND 2729383
	Bitmap Heap Scan on sbtest2  (cost=5.35..358.04 rows=89 width=125)
	  Recheck Cond: ((k >= 2729283) AND (k <= 2729383))
	  ->  Bitmap Index Scan on k_2  (cost=0.00..5.32 rows=89 width=0)
	        Index Cond: ((k >= 2729283) AND (k <= 2729383))

table 3 : explain SELECT k, c FROM sbtest3 WHERE k BETWEEN 2729283 AND 2729383
	Bitmap Heap Scan on sbtest3  (cost=5.46..401.44 rows=100 width=125)
	  Recheck Cond: ((k >= 2729283) AND (k <= 2729383))
	  ->  Bitmap Index Scan on k_3  (cost=0.00..5.43 rows=100 width=0)
	        Index Cond: ((k >= 2729283) AND (k <= 2729383))

table 4 : explain SELECT k, c FROM sbtest4 WHERE k BETWEEN 2729283 AND 2729383
	Bitmap Heap Scan on sbtest4  (cost=5.51..421.16 rows=105 width=125)
	  Recheck Cond: ((k >= 2729283) AND (k <= 2729383))
	  ->  Bitmap Index Scan on k_4  (cost=0.00..5.48 rows=105 width=0)
	        Index Cond: ((k >= 2729283) AND (k <= 2729383))

table 5 : explain SELECT k, c FROM sbtest5 WHERE k BETWEEN 2729283 AND 2729383
	Bitmap Heap Scan on sbtest5  (cost=5.57..444.80 rows=111 width=125)
	  Recheck Cond: ((k >= 2729283) AND (k <= 2729383))
	  ->  Bitmap Index Scan on k_5  (cost=0.00..5.54 rows=111 width=0)
	        Index Cond: ((k >= 2729283) AND (k <= 2729383))

table 6 : explain SELECT k, c FROM sbtest6 WHERE k BETWEEN 2729283 AND 2729383
	Bitmap Heap Scan on sbtest6  (cost=5.49..413.32 rows=103 width=125)
	  Recheck Cond: ((k >= 2729283) AND (k <= 2729383))
	  ->  Bitmap Index Scan on k_6  (cost=0.00..5.46 rows=103 width=0)
	        Index Cond: ((k >= 2729283) AND (k <= 2729383))

table 7 : explain SELECT k, c FROM sbtest7 WHERE k BETWEEN 2729283 AND 2729383
	Bitmap Heap Scan on sbtest7  (cost=5.60..456.64 rows=114 width=125)
	  Recheck Cond: ((k >= 2729283) AND (k <= 2729383))
	  ->  Bitmap Index Scan on k_7  (cost=0.00..5.58 rows=114 width=0)
	        Index Cond: ((k >= 2729283) AND (k <= 2729383))

table 8 : explain SELECT k, c FROM sbtest8 WHERE k BETWEEN 2729283 AND 2729383
	Bitmap Heap Scan on sbtest8  (cost=5.55..436.99 rows=109 width=125)
	  Recheck Cond: ((k >= 2729283) AND (k <= 2729383))
	  ->  Bitmap Index Scan on k_8  (cost=0.00..5.52 rows=109 width=0)
	        Index Cond: ((k >= 2729283) AND (k <= 2729383))

explain: for range-notcovered :: explain SELECT k, c FROM sbtest%d WHERE k BETWEEN 4560876 AND 4560976
for range-notcovered
table 1 : explain SELECT k, c FROM sbtest1 WHERE k BETWEEN 6751162 AND 6751262
	Bitmap Heap Scan on sbtest1  (cost=5.47..405.37 rows=101 width=125)
	  Recheck Cond: ((k >= 6751162) AND (k <= 6751262))
	  ->  Bitmap Index Scan on k_1  (cost=0.00..5.44 rows=101 width=0)
	        Index Cond: ((k >= 6751162) AND (k <= 6751262))

table 2 : explain SELECT k, c FROM sbtest2 WHERE k BETWEEN 6751162 AND 6751262
	Bitmap Heap Scan on sbtest2  (cost=5.44..393.55 rows=98 width=125)
	  Recheck Cond: ((k >= 6751162) AND (k <= 6751262))
	  ->  Bitmap Index Scan on k_2  (cost=0.00..5.42 rows=98 width=0)
	        Index Cond: ((k >= 6751162) AND (k <= 6751262))

table 3 : explain SELECT k, c FROM sbtest3 WHERE k BETWEEN 6751162 AND 6751262
	Bitmap Heap Scan on sbtest3  (cost=5.46..401.44 rows=100 width=125)
	  Recheck Cond: ((k >= 6751162) AND (k <= 6751262))
	  ->  Bitmap Index Scan on k_3  (cost=0.00..5.43 rows=100 width=0)
	        Index Cond: ((k >= 6751162) AND (k <= 6751262))

table 4 : explain SELECT k, c FROM sbtest4 WHERE k BETWEEN 6751162 AND 6751262
	Bitmap Heap Scan on sbtest4  (cost=5.48..409.34 rows=102 width=125)
	  Recheck Cond: ((k >= 6751162) AND (k <= 6751262))
	  ->  Bitmap Index Scan on k_4  (cost=0.00..5.45 rows=102 width=0)
	        Index Cond: ((k >= 6751162) AND (k <= 6751262))

table 5 : explain SELECT k, c FROM sbtest5 WHERE k BETWEEN 6751162 AND 6751262
	Bitmap Heap Scan on sbtest5  (cost=5.51..421.16 rows=105 width=125)
	  Recheck Cond: ((k >= 6751162) AND (k <= 6751262))
	  ->  Bitmap Index Scan on k_5  (cost=0.00..5.48 rows=105 width=0)
	        Index Cond: ((k >= 6751162) AND (k <= 6751262))

table 6 : explain SELECT k, c FROM sbtest6 WHERE k BETWEEN 6751162 AND 6751262
	Bitmap Heap Scan on sbtest6  (cost=5.42..385.71 rows=96 width=125)
	  Recheck Cond: ((k >= 6751162) AND (k <= 6751262))
	  ->  Bitmap Index Scan on k_6  (cost=0.00..5.39 rows=96 width=0)
	        Index Cond: ((k >= 6751162) AND (k <= 6751262))

table 7 : explain SELECT k, c FROM sbtest7 WHERE k BETWEEN 6751162 AND 6751262
	Bitmap Heap Scan on sbtest7  (cost=5.69..488.12 rows=122 width=125)
	  Recheck Cond: ((k >= 6751162) AND (k <= 6751262))
	  ->  Bitmap Index Scan on k_7  (cost=0.00..5.65 rows=122 width=0)
	        Index Cond: ((k >= 6751162) AND (k <= 6751262))

table 8 : explain SELECT k, c FROM sbtest8 WHERE k BETWEEN 6751162 AND 6751262
	Bitmap Heap Scan on sbtest8  (cost=5.42..385.73 rows=96 width=125)
	  Recheck Cond: ((k >= 6751162) AND (k <= 6751262))
	  ->  Bitmap Index Scan on k_8  (cost=0.00..5.39 rows=96 width=0)
	        Index Cond: ((k >= 6751162) AND (k <= 6751262))

for range-notcovered
table 1 : explain SELECT k, c FROM sbtest1 WHERE k BETWEEN 6548505 AND 6548605
	Bitmap Heap Scan on sbtest1  (cost=5.41..381.71 rows=95 width=125)
	  Recheck Cond: ((k >= 6548505) AND (k <= 6548605))
	  ->  Bitmap Index Scan on k_1  (cost=0.00..5.38 rows=95 width=0)
	        Index Cond: ((k >= 6548505) AND (k <= 6548605))

table 2 : explain SELECT k, c FROM sbtest2 WHERE k BETWEEN 6548505 AND 6548605
	Bitmap Heap Scan on sbtest2  (cost=5.49..413.26 rows=103 width=125)
	  Recheck Cond: ((k >= 6548505) AND (k <= 6548605))
	  ->  Bitmap Index Scan on k_2  (cost=0.00..5.46 rows=103 width=0)
	        Index Cond: ((k >= 6548505) AND (k <= 6548605))

table 3 : explain SELECT k, c FROM sbtest3 WHERE k BETWEEN 6548505 AND 6548605
	Bitmap Heap Scan on sbtest3  (cost=5.52..425.09 rows=106 width=125)
	  Recheck Cond: ((k >= 6548505) AND (k <= 6548605))
	  ->  Bitmap Index Scan on k_3  (cost=0.00..5.50 rows=106 width=0)
	        Index Cond: ((k >= 6548505) AND (k <= 6548605))

table 4 : explain SELECT k, c FROM sbtest4 WHERE k BETWEEN 6548505 AND 6548605
	Bitmap Heap Scan on sbtest4  (cost=5.40..377.79 rows=94 width=125)
	  Recheck Cond: ((k >= 6548505) AND (k <= 6548605))
	  ->  Bitmap Index Scan on k_4  (cost=0.00..5.38 rows=94 width=0)
	        Index Cond: ((k >= 6548505) AND (k <= 6548605))

table 5 : explain SELECT k, c FROM sbtest5 WHERE k BETWEEN 6548505 AND 6548605
	Bitmap Heap Scan on sbtest5  (cost=5.43..389.63 rows=97 width=125)
	  Recheck Cond: ((k >= 6548505) AND (k <= 6548605))
	  ->  Bitmap Index Scan on k_5  (cost=0.00..5.40 rows=97 width=0)
	        Index Cond: ((k >= 6548505) AND (k <= 6548605))

table 6 : explain SELECT k, c FROM sbtest6 WHERE k BETWEEN 6548505 AND 6548605
	Bitmap Heap Scan on sbtest6  (cost=5.40..377.82 rows=94 width=125)
	  Recheck Cond: ((k >= 6548505) AND (k <= 6548605))
	  ->  Bitmap Index Scan on k_6  (cost=0.00..5.38 rows=94 width=0)
	        Index Cond: ((k >= 6548505) AND (k <= 6548605))

table 7 : explain SELECT k, c FROM sbtest7 WHERE k BETWEEN 6548505 AND 6548605
	Bitmap Heap Scan on sbtest7  (cost=5.52..425.13 rows=106 width=125)
	  Recheck Cond: ((k >= 6548505) AND (k <= 6548605))
	  ->  Bitmap Index Scan on k_7  (cost=0.00..5.50 rows=106 width=0)
	        Index Cond: ((k >= 6548505) AND (k <= 6548605))

table 8 : explain SELECT k, c FROM sbtest8 WHERE k BETWEEN 6548505 AND 6548605
	Bitmap Heap Scan on sbtest8  (cost=5.44..393.62 rows=98 width=125)
	  Recheck Cond: ((k >= 6548505) AND (k <= 6548605))
	  ->  Bitmap Index Scan on k_8  (cost=0.00..5.42 rows=98 width=0)
	        Index Cond: ((k >= 6548505) AND (k <= 6548605))

for range-notcovered
table 1 : explain SELECT k, c FROM sbtest1 WHERE k BETWEEN 5235916 AND 5236016
	Bitmap Heap Scan on sbtest1  (cost=5.49..413.25 rows=103 width=125)
	  Recheck Cond: ((k >= 5235916) AND (k <= 5236016))
	  ->  Bitmap Index Scan on k_1  (cost=0.00..5.46 rows=103 width=0)
	        Index Cond: ((k >= 5235916) AND (k <= 5236016))

table 2 : explain SELECT k, c FROM sbtest2 WHERE k BETWEEN 5235916 AND 5236016
	Bitmap Heap Scan on sbtest2  (cost=5.41..381.72 rows=95 width=125)
	  Recheck Cond: ((k >= 5235916) AND (k <= 5236016))
	  ->  Bitmap Index Scan on k_2  (cost=0.00..5.38 rows=95 width=0)
	        Index Cond: ((k >= 5235916) AND (k <= 5236016))

table 3 : explain SELECT k, c FROM sbtest3 WHERE k BETWEEN 5235916 AND 5236016
	Bitmap Heap Scan on sbtest3  (cost=5.57..444.79 rows=111 width=125)
	  Recheck Cond: ((k >= 5235916) AND (k <= 5236016))
	  ->  Bitmap Index Scan on k_3  (cost=0.00..5.54 rows=111 width=0)
	        Index Cond: ((k >= 5235916) AND (k <= 5236016))

table 4 : explain SELECT k, c FROM sbtest4 WHERE k BETWEEN 5235916 AND 5236016
	Bitmap Heap Scan on sbtest4  (cost=5.40..377.79 rows=94 width=125)
	  Recheck Cond: ((k >= 5235916) AND (k <= 5236016))
	  ->  Bitmap Index Scan on k_4  (cost=0.00..5.38 rows=94 width=0)
	        Index Cond: ((k >= 5235916) AND (k <= 5236016))

table 5 : explain SELECT k, c FROM sbtest5 WHERE k BETWEEN 5235916 AND 5236016
	Bitmap Heap Scan on sbtest5  (cost=5.55..436.92 rows=109 width=125)
	  Recheck Cond: ((k >= 5235916) AND (k <= 5236016))
	  ->  Bitmap Index Scan on k_5  (cost=0.00..5.52 rows=109 width=0)
	        Index Cond: ((k >= 5235916) AND (k <= 5236016))

table 6 : explain SELECT k, c FROM sbtest6 WHERE k BETWEEN 5235916 AND 5236016
	Bitmap Heap Scan on sbtest6  (cost=5.57..444.84 rows=111 width=125)
	  Recheck Cond: ((k >= 5235916) AND (k <= 5236016))
	  ->  Bitmap Index Scan on k_6  (cost=0.00..5.54 rows=111 width=0)
	        Index Cond: ((k >= 5235916) AND (k <= 5236016))

table 7 : explain SELECT k, c FROM sbtest7 WHERE k BETWEEN 5235916 AND 5236016
	Bitmap Heap Scan on sbtest7  (cost=5.49..413.30 rows=103 width=125)
	  Recheck Cond: ((k >= 5235916) AND (k <= 5236016))
	  ->  Bitmap Index Scan on k_7  (cost=0.00..5.46 rows=103 width=0)
	        Index Cond: ((k >= 5235916) AND (k <= 5236016))

table 8 : explain SELECT k, c FROM sbtest8 WHERE k BETWEEN 5235916 AND 5236016
	Bitmap Heap Scan on sbtest8  (cost=5.48..409.40 rows=102 width=125)
	  Recheck Cond: ((k >= 5235916) AND (k <= 5236016))
	  ->  Bitmap Index Scan on k_8  (cost=0.00..5.45 rows=102 width=0)
	        Index Cond: ((k >= 5235916) AND (k <= 5236016))

for range-notcovered
table 1 : explain SELECT k, c FROM sbtest1 WHERE k BETWEEN 3348607 AND 3348707
	Bitmap Heap Scan on sbtest1  (cost=5.50..417.19 rows=104 width=125)
	  Recheck Cond: ((k >= 3348607) AND (k <= 3348707))
	  ->  Bitmap Index Scan on k_1  (cost=0.00..5.47 rows=104 width=0)
	        Index Cond: ((k >= 3348607) AND (k <= 3348707))

table 2 : explain SELECT k, c FROM sbtest2 WHERE k BETWEEN 3348607 AND 3348707
	Bitmap Heap Scan on sbtest2  (cost=5.45..397.49 rows=99 width=125)
	  Recheck Cond: ((k >= 3348607) AND (k <= 3348707))
	  ->  Bitmap Index Scan on k_2  (cost=0.00..5.42 rows=99 width=0)
	        Index Cond: ((k >= 3348607) AND (k <= 3348707))

table 3 : explain SELECT k, c FROM sbtest3 WHERE k BETWEEN 3348607 AND 3348707
	Bitmap Heap Scan on sbtest3  (cost=5.50..417.21 rows=104 width=125)
	  Recheck Cond: ((k >= 3348607) AND (k <= 3348707))
	  ->  Bitmap Index Scan on k_3  (cost=0.00..5.47 rows=104 width=0)
	        Index Cond: ((k >= 3348607) AND (k <= 3348707))

table 4 : explain SELECT k, c FROM sbtest4 WHERE k BETWEEN 3348607 AND 3348707
	Bitmap Heap Scan on sbtest4  (cost=5.52..425.10 rows=106 width=125)
	  Recheck Cond: ((k >= 3348607) AND (k <= 3348707))
	  ->  Bitmap Index Scan on k_4  (cost=0.00..5.50 rows=106 width=0)
	        Index Cond: ((k >= 3348607) AND (k <= 3348707))

table 5 : explain SELECT k, c FROM sbtest5 WHERE k BETWEEN 3348607 AND 3348707
	Bitmap Heap Scan on sbtest5  (cost=5.52..425.10 rows=106 width=125)
	  Recheck Cond: ((k >= 3348607) AND (k <= 3348707))
	  ->  Bitmap Index Scan on k_5  (cost=0.00..5.50 rows=106 width=0)
	        Index Cond: ((k >= 3348607) AND (k <= 3348707))

table 6 : explain SELECT k, c FROM sbtest6 WHERE k BETWEEN 3348607 AND 3348707
	Bitmap Heap Scan on sbtest6  (cost=5.47..405.43 rows=101 width=125)
	  Recheck Cond: ((k >= 3348607) AND (k <= 3348707))
	  ->  Bitmap Index Scan on k_6  (cost=0.00..5.44 rows=101 width=0)
	        Index Cond: ((k >= 3348607) AND (k <= 3348707))

table 7 : explain SELECT k, c FROM sbtest7 WHERE k BETWEEN 3348607 AND 3348707
	Bitmap Heap Scan on sbtest7  (cost=5.43..389.64 rows=97 width=125)
	  Recheck Cond: ((k >= 3348607) AND (k <= 3348707))
	  ->  Bitmap Index Scan on k_7  (cost=0.00..5.40 rows=97 width=0)
	        Index Cond: ((k >= 3348607) AND (k <= 3348707))

table 8 : explain SELECT k, c FROM sbtest8 WHERE k BETWEEN 3348607 AND 3348707
	Bitmap Heap Scan on sbtest8  (cost=5.56..440.93 rows=110 width=125)
	  Recheck Cond: ((k >= 3348607) AND (k <= 3348707))
	  ->  Bitmap Index Scan on k_8  (cost=0.00..5.53 rows=110 width=0)
	        Index Cond: ((k >= 3348607) AND (k <= 3348707))

for range-notcovered
table 1 : explain SELECT k, c FROM sbtest1 WHERE k BETWEEN 6049307 AND 6049407
	Bitmap Heap Scan on sbtest1  (cost=5.40..377.77 rows=94 width=125)
	  Recheck Cond: ((k >= 6049307) AND (k <= 6049407))
	  ->  Bitmap Index Scan on k_1  (cost=0.00..5.38 rows=94 width=0)
	        Index Cond: ((k >= 6049307) AND (k <= 6049407))

table 2 : explain SELECT k, c FROM sbtest2 WHERE k BETWEEN 6049307 AND 6049407
	Bitmap Heap Scan on sbtest2  (cost=5.45..397.49 rows=99 width=125)
	  Recheck Cond: ((k >= 6049307) AND (k <= 6049407))
	  ->  Bitmap Index Scan on k_2  (cost=0.00..5.42 rows=99 width=0)
	        Index Cond: ((k >= 6049307) AND (k <= 6049407))

table 3 : explain SELECT k, c FROM sbtest3 WHERE k BETWEEN 6049307 AND 6049407
	Bitmap Heap Scan on sbtest3  (cost=5.50..417.21 rows=104 width=125)
	  Recheck Cond: ((k >= 6049307) AND (k <= 6049407))
	  ->  Bitmap Index Scan on k_3  (cost=0.00..5.47 rows=104 width=0)
	        Index Cond: ((k >= 6049307) AND (k <= 6049407))

table 4 : explain SELECT k, c FROM sbtest4 WHERE k BETWEEN 6049307 AND 6049407
	Bitmap Heap Scan on sbtest4  (cost=5.44..393.57 rows=98 width=125)
	  Recheck Cond: ((k >= 6049307) AND (k <= 6049407))
	  ->  Bitmap Index Scan on k_4  (cost=0.00..5.42 rows=98 width=0)
	        Index Cond: ((k >= 6049307) AND (k <= 6049407))

table 5 : explain SELECT k, c FROM sbtest5 WHERE k BETWEEN 6049307 AND 6049407
	Bitmap Heap Scan on sbtest5  (cost=5.40..377.79 rows=94 width=125)
	  Recheck Cond: ((k >= 6049307) AND (k <= 6049407))
	  ->  Bitmap Index Scan on k_5  (cost=0.00..5.38 rows=94 width=0)
	        Index Cond: ((k >= 6049307) AND (k <= 6049407))

table 6 : explain SELECT k, c FROM sbtest6 WHERE k BETWEEN 6049307 AND 6049407
	Bitmap Heap Scan on sbtest6  (cost=5.40..377.82 rows=94 width=125)
	  Recheck Cond: ((k >= 6049307) AND (k <= 6049407))
	  ->  Bitmap Index Scan on k_6  (cost=0.00..5.38 rows=94 width=0)
	        Index Cond: ((k >= 6049307) AND (k <= 6049407))

table 7 : explain SELECT k, c FROM sbtest7 WHERE k BETWEEN 6049307 AND 6049407
	Bitmap Heap Scan on sbtest7  (cost=5.45..397.53 rows=99 width=125)
	  Recheck Cond: ((k >= 6049307) AND (k <= 6049407))
	  ->  Bitmap Index Scan on k_7  (cost=0.00..5.42 rows=99 width=0)
	        Index Cond: ((k >= 6049307) AND (k <= 6049407))

table 8 : explain SELECT k, c FROM sbtest8 WHERE k BETWEEN 6049307 AND 6049407
	Bitmap Heap Scan on sbtest8  (cost=5.49..413.34 rows=103 width=125)
	  Recheck Cond: ((k >= 6049307) AND (k <= 6049407))
	  ->  Bitmap Index Scan on k_8  (cost=0.00..5.46 rows=103 width=0)
	        Index Cond: ((k >= 6049307) AND (k <= 6049407))

for range-notcovered
table 1 : explain SELECT k, c FROM sbtest1 WHERE k BETWEEN 1077461 AND 1077561
	Bitmap Heap Scan on sbtest1  (cost=5.51..421.13 rows=105 width=125)
	  Recheck Cond: ((k >= 1077461) AND (k <= 1077561))
	  ->  Bitmap Index Scan on k_1  (cost=0.00..5.48 rows=105 width=0)
	        Index Cond: ((k >= 1077461) AND (k <= 1077561))

table 2 : explain SELECT k, c FROM sbtest2 WHERE k BETWEEN 1077461 AND 1077561
	Bitmap Heap Scan on sbtest2  (cost=5.49..413.26 rows=103 width=125)
	  Recheck Cond: ((k >= 1077461) AND (k <= 1077561))
	  ->  Bitmap Index Scan on k_2  (cost=0.00..5.46 rows=103 width=0)
	        Index Cond: ((k >= 1077461) AND (k <= 1077561))

table 3 : explain SELECT k, c FROM sbtest3 WHERE k BETWEEN 1077461 AND 1077561
	Bitmap Heap Scan on sbtest3  (cost=5.44..393.56 rows=98 width=125)
	  Recheck Cond: ((k >= 1077461) AND (k <= 1077561))
	  ->  Bitmap Index Scan on k_3  (cost=0.00..5.42 rows=98 width=0)
	        Index Cond: ((k >= 1077461) AND (k <= 1077561))

table 4 : explain SELECT k, c FROM sbtest4 WHERE k BETWEEN 1077461 AND 1077561
	Bitmap Heap Scan on sbtest4  (cost=5.48..409.34 rows=102 width=125)
	  Recheck Cond: ((k >= 1077461) AND (k <= 1077561))
	  ->  Bitmap Index Scan on k_4  (cost=0.00..5.45 rows=102 width=0)
	        Index Cond: ((k >= 1077461) AND (k <= 1077561))

table 5 : explain SELECT k, c FROM sbtest5 WHERE k BETWEEN 1077461 AND 1077561
	Bitmap Heap Scan on sbtest5  (cost=5.40..377.79 rows=94 width=125)
	  Recheck Cond: ((k >= 1077461) AND (k <= 1077561))
	  ->  Bitmap Index Scan on k_5  (cost=0.00..5.38 rows=94 width=0)
	        Index Cond: ((k >= 1077461) AND (k <= 1077561))

table 6 : explain SELECT k, c FROM sbtest6 WHERE k BETWEEN 1077461 AND 1077561
	Bitmap Heap Scan on sbtest6  (cost=5.39..373.88 rows=93 width=125)
	  Recheck Cond: ((k >= 1077461) AND (k <= 1077561))
	  ->  Bitmap Index Scan on k_6  (cost=0.00..5.36 rows=93 width=0)
	        Index Cond: ((k >= 1077461) AND (k <= 1077561))

table 7 : explain SELECT k, c FROM sbtest7 WHERE k BETWEEN 1077461 AND 1077561
	Bitmap Heap Scan on sbtest7  (cost=5.45..397.53 rows=99 width=125)
	  Recheck Cond: ((k >= 1077461) AND (k <= 1077561))
	  ->  Bitmap Index Scan on k_7  (cost=0.00..5.42 rows=99 width=0)
	        Index Cond: ((k >= 1077461) AND (k <= 1077561))

table 8 : explain SELECT k, c FROM sbtest8 WHERE k BETWEEN 1077461 AND 1077561
	Bitmap Heap Scan on sbtest8  (cost=5.60..456.68 rows=114 width=125)
	  Recheck Cond: ((k >= 1077461) AND (k <= 1077561))
	  ->  Bitmap Index Scan on k_8  (cost=0.00..5.58 rows=114 width=0)
	        Index Cond: ((k >= 1077461) AND (k <= 1077561))
for range-notcovered
table 1 : explain SELECT k, c FROM sbtest1 WHERE k BETWEEN 5647166 AND 5647266
	Bitmap Heap Scan on sbtest1  (cost=5.47..405.37 rows=101 width=125)
	  Recheck Cond: ((k >= 5647166) AND (k <= 5647266))
	  ->  Bitmap Index Scan on k_1  (cost=0.00..5.44 rows=101 width=0)
	        Index Cond: ((k >= 5647166) AND (k <= 5647266))

table 2 : explain SELECT k, c FROM sbtest2 WHERE k BETWEEN 5647166 AND 5647266
	Bitmap Heap Scan on sbtest2  (cost=5.38..369.88 rows=92 width=125)
	  Recheck Cond: ((k >= 5647166) AND (k <= 5647266))
	  ->  Bitmap Index Scan on k_2  (cost=0.00..5.35 rows=92 width=0)
	        Index Cond: ((k >= 5647166) AND (k <= 5647266))

table 3 : explain SELECT k, c FROM sbtest3 WHERE k BETWEEN 5647166 AND 5647266
	Bitmap Heap Scan on sbtest3  (cost=5.43..389.61 rows=97 width=125)
	  Recheck Cond: ((k >= 5647166) AND (k <= 5647266))
	  ->  Bitmap Index Scan on k_3  (cost=0.00..5.40 rows=97 width=0)
	        Index Cond: ((k >= 5647166) AND (k <= 5647266))

table 4 : explain SELECT k, c FROM sbtest4 WHERE k BETWEEN 5647166 AND 5647266
	Bitmap Heap Scan on sbtest4  (cost=5.50..417.22 rows=104 width=125)
	  Recheck Cond: ((k >= 5647166) AND (k <= 5647266))
	  ->  Bitmap Index Scan on k_4  (cost=0.00..5.47 rows=104 width=0)
	        Index Cond: ((k >= 5647166) AND (k <= 5647266))

table 5 : explain SELECT k, c FROM sbtest5 WHERE k BETWEEN 5647166 AND 5647266
	Bitmap Heap Scan on sbtest5  (cost=5.51..421.16 rows=105 width=125)
	  Recheck Cond: ((k >= 5647166) AND (k <= 5647266))
	  ->  Bitmap Index Scan on k_5  (cost=0.00..5.48 rows=105 width=0)
	        Index Cond: ((k >= 5647166) AND (k <= 5647266))

table 6 : explain SELECT k, c FROM sbtest6 WHERE k BETWEEN 5647166 AND 5647266
	Bitmap Heap Scan on sbtest6  (cost=5.52..425.14 rows=106 width=125)
	  Recheck Cond: ((k >= 5647166) AND (k <= 5647266))
	  ->  Bitmap Index Scan on k_6  (cost=0.00..5.50 rows=106 width=0)
	        Index Cond: ((k >= 5647166) AND (k <= 5647266))

table 7 : explain SELECT k, c FROM sbtest7 WHERE k BETWEEN 5647166 AND 5647266
	Bitmap Heap Scan on sbtest7  (cost=5.46..401.48 rows=100 width=125)
	  Recheck Cond: ((k >= 5647166) AND (k <= 5647266))
	  ->  Bitmap Index Scan on k_7  (cost=0.00..5.43 rows=100 width=0)
	        Index Cond: ((k >= 5647166) AND (k <= 5647266))

table 8 : explain SELECT k, c FROM sbtest8 WHERE k BETWEEN 5647166 AND 5647266
	Bitmap Heap Scan on sbtest8  (cost=5.49..413.34 rows=103 width=125)
	  Recheck Cond: ((k >= 5647166) AND (k <= 5647266))
	  ->  Bitmap Index Scan on k_8  (cost=0.00..5.46 rows=103 width=0)
	        Index Cond: ((k >= 5647166) AND (k <= 5647266))


explain: for range-notcovered :: explain SELECT k, c FROM sbtest%d WHERE k BETWEEN 6049307 AND 6049407
for range-notcovered
table 1 : explain SELECT k, c FROM sbtest1 WHERE k BETWEEN 4636687 AND 4636787
	Bitmap Heap Scan on sbtest1  (cost=5.44..393.54 rows=98 width=125)
	  Recheck Cond: ((k >= 4636687) AND (k <= 4636787))
	  ->  Bitmap Index Scan on k_1  (cost=0.00..5.42 rows=98 width=0)
	        Index Cond: ((k >= 4636687) AND (k <= 4636787))

table 2 : explain SELECT k, c FROM sbtest2 WHERE k BETWEEN 4636687 AND 4636787
	Bitmap Heap Scan on sbtest2  (cost=5.48..409.32 rows=102 width=125)
	  Recheck Cond: ((k >= 4636687) AND (k <= 4636787))
	  ->  Bitmap Index Scan on k_2  (cost=0.00..5.45 rows=102 width=0)
	        Index Cond: ((k >= 4636687) AND (k <= 4636787))

table 3 : explain SELECT k, c FROM sbtest3 WHERE k BETWEEN 4636687 AND 4636787
	Bitmap Heap Scan on sbtest3  (cost=5.46..401.44 rows=100 width=125)
	  Recheck Cond: ((k >= 4636687) AND (k <= 4636787))
	  ->  Bitmap Index Scan on k_3  (cost=0.00..5.43 rows=100 width=0)
	        Index Cond: ((k >= 4636687) AND (k <= 4636787))

table 4 : explain SELECT k, c FROM sbtest4 WHERE k BETWEEN 4636687 AND 4636787
	Bitmap Heap Scan on sbtest4  (cost=5.46..401.45 rows=100 width=125)
	  Recheck Cond: ((k >= 4636687) AND (k <= 4636787))
	  ->  Bitmap Index Scan on k_4  (cost=0.00..5.43 rows=100 width=0)
	        Index Cond: ((k >= 4636687) AND (k <= 4636787))

table 5 : explain SELECT k, c FROM sbtest5 WHERE k BETWEEN 4636687 AND 4636787
	Bitmap Heap Scan on sbtest5  (cost=5.48..409.34 rows=102 width=125)
	  Recheck Cond: ((k >= 4636687) AND (k <= 4636787))
	  ->  Bitmap Index Scan on k_5  (cost=0.00..5.45 rows=102 width=0)
	        Index Cond: ((k >= 4636687) AND (k <= 4636787))

table 6 : explain SELECT k, c FROM sbtest6 WHERE k BETWEEN 4636687 AND 4636787
	Bitmap Heap Scan on sbtest6  (cost=5.51..421.20 rows=105 width=125)
	  Recheck Cond: ((k >= 4636687) AND (k <= 4636787))
	  ->  Bitmap Index Scan on k_6  (cost=0.00..5.48 rows=105 width=0)
	        Index Cond: ((k >= 4636687) AND (k <= 4636787))

table 7 : explain SELECT k, c FROM sbtest7 WHERE k BETWEEN 4636687 AND 4636787
	Bitmap Heap Scan on sbtest7  (cost=5.41..381.76 rows=95 width=125)
	  Recheck Cond: ((k >= 4636687) AND (k <= 4636787))
	  ->  Bitmap Index Scan on k_7  (cost=0.00..5.38 rows=95 width=0)
	        Index Cond: ((k >= 4636687) AND (k <= 4636787))

table 8 : explain SELECT k, c FROM sbtest8 WHERE k BETWEEN 4636687 AND 4636787
	Bitmap Heap Scan on sbtest8  (cost=5.45..397.57 rows=99 width=125)
	  Recheck Cond: ((k >= 4636687) AND (k <= 4636787))
	  ->  Bitmap Index Scan on k_8  (cost=0.00..5.42 rows=99 width=0)
	        Index Cond: ((k >= 4636687) AND (k <= 4636787))

for range-notcovered
table 1 : explain SELECT k, c FROM sbtest1 WHERE k BETWEEN 7531472 AND 7531572
	Bitmap Heap Scan on sbtest1  (cost=5.55..436.89 rows=109 width=125)
	  Recheck Cond: ((k >= 7531472) AND (k <= 7531572))
	  ->  Bitmap Index Scan on k_1  (cost=0.00..5.52 rows=109 width=0)
	        Index Cond: ((k >= 7531472) AND (k <= 7531572))

table 2 : explain SELECT k, c FROM sbtest2 WHERE k BETWEEN 7531472 AND 7531572
	Bitmap Heap Scan on sbtest2  (cost=5.45..397.49 rows=99 width=125)
	  Recheck Cond: ((k >= 7531472) AND (k <= 7531572))
	  ->  Bitmap Index Scan on k_2  (cost=0.00..5.42 rows=99 width=0)
	        Index Cond: ((k >= 7531472) AND (k <= 7531572))

table 3 : explain SELECT k, c FROM sbtest3 WHERE k BETWEEN 7531472 AND 7531572
	Bitmap Heap Scan on sbtest3  (cost=5.43..389.61 rows=97 width=125)
	  Recheck Cond: ((k >= 7531472) AND (k <= 7531572))
	  ->  Bitmap Index Scan on k_3  (cost=0.00..5.40 rows=97 width=0)
	        Index Cond: ((k >= 7531472) AND (k <= 7531572))

table 4 : explain SELECT k, c FROM sbtest4 WHERE k BETWEEN 7531472 AND 7531572
	Bitmap Heap Scan on sbtest4  (cost=5.46..401.45 rows=100 width=125)
	  Recheck Cond: ((k >= 7531472) AND (k <= 7531572))
	  ->  Bitmap Index Scan on k_4  (cost=0.00..5.43 rows=100 width=0)
	        Index Cond: ((k >= 7531472) AND (k <= 7531572))

table 5 : explain SELECT k, c FROM sbtest5 WHERE k BETWEEN 7531472 AND 7531572
	Bitmap Heap Scan on sbtest5  (cost=5.52..425.10 rows=106 width=125)
	  Recheck Cond: ((k >= 7531472) AND (k <= 7531572))
	  ->  Bitmap Index Scan on k_5  (cost=0.00..5.50 rows=106 width=0)
	        Index Cond: ((k >= 7531472) AND (k <= 7531572))

table 6 : explain SELECT k, c FROM sbtest6 WHERE k BETWEEN 7531472 AND 7531572
	Bitmap Heap Scan on sbtest6  (cost=5.48..409.37 rows=102 width=125)
	  Recheck Cond: ((k >= 7531472) AND (k <= 7531572))
	  ->  Bitmap Index Scan on k_6  (cost=0.00..5.45 rows=102 width=0)
	        Index Cond: ((k >= 7531472) AND (k <= 7531572))

table 7 : explain SELECT k, c FROM sbtest7 WHERE k BETWEEN 7531472 AND 7531572
	Bitmap Heap Scan on sbtest7  (cost=5.54..433.01 rows=108 width=125)
	  Recheck Cond: ((k >= 7531472) AND (k <= 7531572))
	  ->  Bitmap Index Scan on k_7  (cost=0.00..5.51 rows=108 width=0)
	        Index Cond: ((k >= 7531472) AND (k <= 7531572))

table 8 : explain SELECT k, c FROM sbtest8 WHERE k BETWEEN 7531472 AND 7531572
	Bitmap Heap Scan on sbtest8  (cost=5.62..464.56 rows=116 width=125)
	  Recheck Cond: ((k >= 7531472) AND (k <= 7531572))
	  ->  Bitmap Index Scan on k_8  (cost=0.00..5.59 rows=116 width=0)
	        Index Cond: ((k >= 7531472) AND (k <= 7531572))

explain: for range-notcovered :: explain SELECT k, c FROM sbtest%d WHERE k BETWEEN 7531472 AND 7531572
for range-notcovered
table 1 : explain SELECT k, c FROM sbtest1 WHERE k BETWEEN 4560876 AND 4560976
	Bitmap Heap Scan on sbtest1  (cost=5.46..401.43 rows=100 width=125)
	  Recheck Cond: ((k >= 4560876) AND (k <= 4560976))
	  ->  Bitmap Index Scan on k_1  (cost=0.00..5.43 rows=100 width=0)
	        Index Cond: ((k >= 4560876) AND (k <= 4560976))

table 2 : explain SELECT k, c FROM sbtest2 WHERE k BETWEEN 4560876 AND 4560976
	Bitmap Heap Scan on sbtest2  (cost=5.53..429.02 rows=107 width=125)
	  Recheck Cond: ((k >= 4560876) AND (k <= 4560976))
	  ->  Bitmap Index Scan on k_2  (cost=0.00..5.50 rows=107 width=0)
	        Index Cond: ((k >= 4560876) AND (k <= 4560976))

table 3 : explain SELECT k, c FROM sbtest3 WHERE k BETWEEN 4560876 AND 4560976
	Bitmap Heap Scan on sbtest3  (cost=5.48..409.33 rows=102 width=125)
	  Recheck Cond: ((k >= 4560876) AND (k <= 4560976))
	  ->  Bitmap Index Scan on k_3  (cost=0.00..5.45 rows=102 width=0)
	        Index Cond: ((k >= 4560876) AND (k <= 4560976))

table 4 : explain SELECT k, c FROM sbtest4 WHERE k BETWEEN 4560876 AND 4560976
	Bitmap Heap Scan on sbtest4  (cost=5.47..405.39 rows=101 width=125)
	  Recheck Cond: ((k >= 4560876) AND (k <= 4560976))
	  ->  Bitmap Index Scan on k_4  (cost=0.00..5.44 rows=101 width=0)
	        Index Cond: ((k >= 4560876) AND (k <= 4560976))

table 5 : explain SELECT k, c FROM sbtest5 WHERE k BETWEEN 4560876 AND 4560976
	Bitmap Heap Scan on sbtest5  (cost=5.45..397.51 rows=99 width=125)
	  Recheck Cond: ((k >= 4560876) AND (k <= 4560976))
	  ->  Bitmap Index Scan on k_5  (cost=0.00..5.42 rows=99 width=0)
	        Index Cond: ((k >= 4560876) AND (k <= 4560976))

table 6 : explain SELECT k, c FROM sbtest6 WHERE k BETWEEN 4560876 AND 4560976
	Bitmap Heap Scan on sbtest6  (cost=5.61..460.59 rows=115 width=125)
	  Recheck Cond: ((k >= 4560876) AND (k <= 4560976))
	  ->  Bitmap Index Scan on k_6  (cost=0.00..5.58 rows=115 width=0)
	        Index Cond: ((k >= 4560876) AND (k <= 4560976))

table 7 : explain SELECT k, c FROM sbtest7 WHERE k BETWEEN 4560876 AND 4560976
	Bitmap Heap Scan on sbtest7  (cost=5.46..401.48 rows=100 width=125)
	  Recheck Cond: ((k >= 4560876) AND (k <= 4560976))
	  ->  Bitmap Index Scan on k_7  (cost=0.00..5.43 rows=100 width=0)
	        Index Cond: ((k >= 4560876) AND (k <= 4560976))

table 8 : explain SELECT k, c FROM sbtest8 WHERE k BETWEEN 4560876 AND 4560976
	Bitmap Heap Scan on sbtest8  (cost=5.45..397.57 rows=99 width=125)
	  Recheck Cond: ((k >= 4560876) AND (k <= 4560976))
	  ->  Bitmap Index Scan on k_8  (cost=0.00..5.42 rows=99 width=0)
	        Index Cond: ((k >= 4560876) AND (k <= 4560976))

for range-notcovered
table 1 : explain SELECT k, c FROM sbtest1 WHERE k BETWEEN 6049307 AND 6049407
	Bitmap Heap Scan on sbtest1  (cost=5.40..377.77 rows=94 width=125)
	  Recheck Cond: ((k >= 6049307) AND (k <= 6049407))
	  ->  Bitmap Index Scan on k_1  (cost=0.00..5.38 rows=94 width=0)
	        Index Cond: ((k >= 6049307) AND (k <= 6049407))

table 2 : explain SELECT k, c FROM sbtest2 WHERE k BETWEEN 6049307 AND 6049407
	Bitmap Heap Scan on sbtest2  (cost=5.45..397.49 rows=99 width=125)
	  Recheck Cond: ((k >= 6049307) AND (k <= 6049407))
	  ->  Bitmap Index Scan on k_2  (cost=0.00..5.42 rows=99 width=0)
	        Index Cond: ((k >= 6049307) AND (k <= 6049407))

table 3 : explain SELECT k, c FROM sbtest3 WHERE k BETWEEN 6049307 AND 6049407
	Bitmap Heap Scan on sbtest3  (cost=5.50..417.21 rows=104 width=125)
	  Recheck Cond: ((k >= 6049307) AND (k <= 6049407))
	  ->  Bitmap Index Scan on k_3  (cost=0.00..5.47 rows=104 width=0)
	        Index Cond: ((k >= 6049307) AND (k <= 6049407))

table 4 : explain SELECT k, c FROM sbtest4 WHERE k BETWEEN 6049307 AND 6049407
	Bitmap Heap Scan on sbtest4  (cost=5.44..393.57 rows=98 width=125)
	  Recheck Cond: ((k >= 6049307) AND (k <= 6049407))
	  ->  Bitmap Index Scan on k_4  (cost=0.00..5.42 rows=98 width=0)
	        Index Cond: ((k >= 6049307) AND (k <= 6049407))

table 5 : explain SELECT k, c FROM sbtest5 WHERE k BETWEEN 6049307 AND 6049407
	Bitmap Heap Scan on sbtest5  (cost=5.40..377.79 rows=94 width=125)
	  Recheck Cond: ((k >= 6049307) AND (k <= 6049407))
	  ->  Bitmap Index Scan on k_5  (cost=0.00..5.38 rows=94 width=0)
	        Index Cond: ((k >= 6049307) AND (k <= 6049407))

table 6 : explain SELECT k, c FROM sbtest6 WHERE k BETWEEN 6049307 AND 6049407
	Bitmap Heap Scan on sbtest6  (cost=5.40..377.82 rows=94 width=125)
	  Recheck Cond: ((k >= 6049307) AND (k <= 6049407))
	  ->  Bitmap Index Scan on k_6  (cost=0.00..5.38 rows=94 width=0)
	        Index Cond: ((k >= 6049307) AND (k <= 6049407))

table 7 : explain SELECT k, c FROM sbtest7 WHERE k BETWEEN 6049307 AND 6049407
	Bitmap Heap Scan on sbtest7  (cost=5.45..397.53 rows=99 width=125)
	  Recheck Cond: ((k >= 6049307) AND (k <= 6049407))
	  ->  Bitmap Index Scan on k_7  (cost=0.00..5.42 rows=99 width=0)
	        Index Cond: ((k >= 6049307) AND (k <= 6049407))

table 8 : explain SELECT k, c FROM sbtest8 WHERE k BETWEEN 6049307 AND 6049407
	Bitmap Heap Scan on sbtest8  (cost=5.49..413.34 rows=103 width=125)
	  Recheck Cond: ((k >= 6049307) AND (k <= 6049407))
	  ->  Bitmap Index Scan on k_8  (cost=0.00..5.46 rows=103 width=0)
	        Index Cond: ((k >= 6049307) AND (k <= 6049407))

for range-notcovered
table 1 : explain SELECT k, c FROM sbtest1 WHERE k BETWEEN 7531472 AND 7531572
	Bitmap Heap Scan on sbtest1  (cost=5.55..436.89 rows=109 width=125)
	  Recheck Cond: ((k >= 7531472) AND (k <= 7531572))
	  ->  Bitmap Index Scan on k_1  (cost=0.00..5.52 rows=109 width=0)
	        Index Cond: ((k >= 7531472) AND (k <= 7531572))

table 2 : explain SELECT k, c FROM sbtest2 WHERE k BETWEEN 7531472 AND 7531572
	Bitmap Heap Scan on sbtest2  (cost=5.45..397.49 rows=99 width=125)
	  Recheck Cond: ((k >= 7531472) AND (k <= 7531572))
	  ->  Bitmap Index Scan on k_2  (cost=0.00..5.42 rows=99 width=0)
	        Index Cond: ((k >= 7531472) AND (k <= 7531572))

table 3 : explain SELECT k, c FROM sbtest3 WHERE k BETWEEN 7531472 AND 7531572
	Bitmap Heap Scan on sbtest3  (cost=5.43..389.61 rows=97 width=125)
	  Recheck Cond: ((k >= 7531472) AND (k <= 7531572))
	  ->  Bitmap Index Scan on k_3  (cost=0.00..5.40 rows=97 width=0)
	        Index Cond: ((k >= 7531472) AND (k <= 7531572))

table 4 : explain SELECT k, c FROM sbtest4 WHERE k BETWEEN 7531472 AND 7531572
	Bitmap Heap Scan on sbtest4  (cost=5.46..401.45 rows=100 width=125)
	  Recheck Cond: ((k >= 7531472) AND (k <= 7531572))
	  ->  Bitmap Index Scan on k_4  (cost=0.00..5.43 rows=100 width=0)
	        Index Cond: ((k >= 7531472) AND (k <= 7531572))

table 5 : explain SELECT k, c FROM sbtest5 WHERE k BETWEEN 7531472 AND 7531572
	Bitmap Heap Scan on sbtest5  (cost=5.52..425.10 rows=106 width=125)
	  Recheck Cond: ((k >= 7531472) AND (k <= 7531572))
	  ->  Bitmap Index Scan on k_5  (cost=0.00..5.50 rows=106 width=0)
	        Index Cond: ((k >= 7531472) AND (k <= 7531572))

table 6 : explain SELECT k, c FROM sbtest6 WHERE k BETWEEN 7531472 AND 7531572
	Bitmap Heap Scan on sbtest6  (cost=5.48..409.37 rows=102 width=125)
	  Recheck Cond: ((k >= 7531472) AND (k <= 7531572))
	  ->  Bitmap Index Scan on k_6  (cost=0.00..5.45 rows=102 width=0)
	        Index Cond: ((k >= 7531472) AND (k <= 7531572))

table 7 : explain SELECT k, c FROM sbtest7 WHERE k BETWEEN 7531472 AND 7531572
	Bitmap Heap Scan on sbtest7  (cost=5.54..433.01 rows=108 width=125)
	  Recheck Cond: ((k >= 7531472) AND (k <= 7531572))
	  ->  Bitmap Index Scan on k_7  (cost=0.00..5.51 rows=108 width=0)
	        Index Cond: ((k >= 7531472) AND (k <= 7531572))

table 8 : explain SELECT k, c FROM sbtest8 WHERE k BETWEEN 7531472 AND 7531572
	Bitmap Heap Scan on sbtest8  (cost=5.62..464.56 rows=116 width=125)
	  Recheck Cond: ((k >= 7531472) AND (k <= 7531572))
	  ->  Bitmap Index Scan on k_8  (cost=0.00..5.59 rows=116 width=0)
	        Index Cond: ((k >= 7531472) AND (k <= 7531572))

explain: for range-notcovered :: explain SELECT k, c FROM sbtest%d WHERE k BETWEEN 7531472 AND 7531572
for range-notcovered
table 1 : explain SELECT k, c FROM sbtest1 WHERE k BETWEEN 7531472 AND 7531572
	Bitmap Heap Scan on sbtest1  (cost=5.55..436.89 rows=109 width=125)
	  Recheck Cond: ((k >= 7531472) AND (k <= 7531572))
	  ->  Bitmap Index Scan on k_1  (cost=0.00..5.52 rows=109 width=0)
	        Index Cond: ((k >= 7531472) AND (k <= 7531572))

table 2 : explain SELECT k, c FROM sbtest2 WHERE k BETWEEN 7531472 AND 7531572
	Bitmap Heap Scan on sbtest2  (cost=5.45..397.49 rows=99 width=125)
	  Recheck Cond: ((k >= 7531472) AND (k <= 7531572))
	  ->  Bitmap Index Scan on k_2  (cost=0.00..5.42 rows=99 width=0)
	        Index Cond: ((k >= 7531472) AND (k <= 7531572))

table 3 : explain SELECT k, c FROM sbtest3 WHERE k BETWEEN 7531472 AND 7531572
	Bitmap Heap Scan on sbtest3  (cost=5.43..389.61 rows=97 width=125)
	  Recheck Cond: ((k >= 7531472) AND (k <= 7531572))
	  ->  Bitmap Index Scan on k_3  (cost=0.00..5.40 rows=97 width=0)
	        Index Cond: ((k >= 7531472) AND (k <= 7531572))

table 4 : explain SELECT k, c FROM sbtest4 WHERE k BETWEEN 7531472 AND 7531572
	Bitmap Heap Scan on sbtest4  (cost=5.46..401.45 rows=100 width=125)
	  Recheck Cond: ((k >= 7531472) AND (k <= 7531572))
	  ->  Bitmap Index Scan on k_4  (cost=0.00..5.43 rows=100 width=0)
	        Index Cond: ((k >= 7531472) AND (k <= 7531572))

table 5 : explain SELECT k, c FROM sbtest5 WHERE k BETWEEN 7531472 AND 7531572
	Bitmap Heap Scan on sbtest5  (cost=5.52..425.10 rows=106 width=125)
	  Recheck Cond: ((k >= 7531472) AND (k <= 7531572))
	  ->  Bitmap Index Scan on k_5  (cost=0.00..5.50 rows=106 width=0)
	        Index Cond: ((k >= 7531472) AND (k <= 7531572))

table 6 : explain SELECT k, c FROM sbtest6 WHERE k BETWEEN 7531472 AND 7531572
	Bitmap Heap Scan on sbtest6  (cost=5.48..409.37 rows=102 width=125)
	  Recheck Cond: ((k >= 7531472) AND (k <= 7531572))
	  ->  Bitmap Index Scan on k_6  (cost=0.00..5.45 rows=102 width=0)
	        Index Cond: ((k >= 7531472) AND (k <= 7531572))

table 7 : explain SELECT k, c FROM sbtest7 WHERE k BETWEEN 7531472 AND 7531572
	Bitmap Heap Scan on sbtest7  (cost=5.54..433.01 rows=108 width=125)
	  Recheck Cond: ((k >= 7531472) AND (k <= 7531572))
	  ->  Bitmap Index Scan on k_7  (cost=0.00..5.51 rows=108 width=0)
	        Index Cond: ((k >= 7531472) AND (k <= 7531572))

table 8 : explain SELECT k, c FROM sbtest8 WHERE k BETWEEN 7531472 AND 7531572
	Bitmap Heap Scan on sbtest8  (cost=5.62..464.56 rows=116 width=125)
	  Recheck Cond: ((k >= 7531472) AND (k <= 7531572))
	  ->  Bitmap Index Scan on k_8  (cost=0.00..5.59 rows=116 width=0)
	        Index Cond: ((k >= 7531472) AND (k <= 7531572))

Threads started!

Warming up for 5 seconds...

SQL statistics:
    queries performed:
        read:                            101286717
        write:                           0
        other:                           0
        total:                           101286717
    transactions:                        101286717 (160771.01 per sec.)
    queries:                             101286717 (160771.01 per sec.)
    ignored errors:                      0      (0.00 per sec.)
    reconnects:                          0      (0.00 per sec.)

Throughput:
    events/s (eps):                      160771.0090
    time elapsed:                        630.0062s
    total number of events:              101286717

Latency (ms):
         min:                                    0.07
         avg:                                    0.25
         max:                                   16.34
         95th percentile:                        0.29
         sum:                             25158862.38

Threads fairness:
    events (avg/stddev):           2532164.9750/6492.12
    execution time (avg/stddev):   628.9716/0.02

