LUA_PATH=/home/mdcallag/git/mytools/bench/sysbench.lua/lua/?.lua /home/mdcallag/git/mytools/bench/sysbench.lua/lua/sysbench --db-driver=pgsql --range-size=100 --table-size=10000000 --tables=8 --threads=40 --events=0 --warmup-time=5 --time=630 --pgsql_conn_id=true /home/mdcallag/git/mytools/bench/sysbench.lua/lua/oltp_range_covered.lua run --pgsql-user=root --pgsql-password=pw --pgsql-host=127.0.0.1 --pgsql-db=ib --rand-type=uniform --random-points=100 --skip-trx
48 CPUs
sysbench 1.1.0-9072687 (using bundled LuaJIT 2.1.0-beta3)

Running the test with following options:
Number of threads: 40
Warmup time: 5s
Initializing random number generator from current time


Initializing worker threads...

explain: for range-covered :: explain SELECT id FROM sbtest%d WHERE id BETWEEN 5613879 AND 5613979
explain: for range-covered :: explain SELECT id FROM sbtest%d WHERE id BETWEEN 9552801 AND 9552901
explain: for range-covered :: explain SELECT id FROM sbtest%d WHERE id BETWEEN 590346 AND 590446
for range-covered
table 1 : explain SELECT id FROM sbtest1 WHERE id BETWEEN 5613879 AND 5613979
	Index Only Scan using sbtest1_pkey on sbtest1  (cost=0.43..10.38 rows=97 width=4)
	  Index Cond: ((id >= 5613879) AND (id <= 5613979))

table 2 : explain SELECT id FROM sbtest2 WHERE id BETWEEN 5613879 AND 5613979
	Index Only Scan using sbtest2_pkey on sbtest2  (cost=0.43..6.47 rows=102 width=4)
	  Index Cond: ((id >= 5613879) AND (id <= 5613979))

table 3 : explain SELECT id FROM sbtest3 WHERE id BETWEEN 5613879 AND 5613979
	Index Only Scan using sbtest3_pkey on sbtest3  (cost=0.43..6.47 rows=102 width=4)
	  Index Cond: ((id >= 5613879) AND (id <= 5613979))

table 4 : explain SELECT id FROM sbtest4 WHERE id BETWEEN 5613879 AND 5613979
	Index Only Scan using sbtest4_pkey on sbtest4  (cost=0.43..10.74 rows=115 width=4)
	  Index Cond: ((id >= 5613879) AND (id <= 5613979))

table 5 : explain SELECT id FROM sbtest5 WHERE id BETWEEN 5613879 AND 5613979
	Index Only Scan using sbtest5_pkey on sbtest5  (cost=0.43..10.70 rows=113 width=4)
	  Index Cond: ((id >= 5613879) AND (id <= 5613979))

table 6 : explain SELECT id FROM sbtest6 WHERE id BETWEEN 5613879 AND 5613979
	Index Only Scan using sbtest6_pkey on sbtest6  (cost=0.43..6.47 rows=102 width=4)
	  Index Cond: ((id >= 5613879) AND (id <= 5613979))

table 7 : explain SELECT id FROM sbtest7 WHERE id BETWEEN 5613879 AND 5613979
	Index Only Scan using sbtest7_pkey on sbtest7  (cost=0.43..6.43 rows=100 width=4)
	  Index Cond: ((id >= 5613879) AND (id <= 5613979))

table 8 : explain SELECT id FROM sbtest8 WHERE id BETWEEN 5613879 AND 5613979
	Index Only Scan using sbtest8_pkey on sbtest8  (cost=0.43..6.32 rows=94 width=4)
	  Index Cond: ((id >= 5613879) AND (id <= 5613979))

explain: for range-covered :: explain SELECT id FROM sbtest%d WHERE id BETWEEN 5613879 AND 5613979
for range-covered
table 1 : explain SELECT id FROM sbtest1 WHERE id BETWEEN 5613879 AND 5613979
	Index Only Scan using sbtest1_pkey on sbtest1  (cost=0.43..10.38 rows=97 width=4)
	  Index Cond: ((id >= 5613879) AND (id <= 5613979))

table 2 : explain SELECT id FROM sbtest2 WHERE id BETWEEN 5613879 AND 5613979
	Index Only Scan using sbtest2_pkey on sbtest2  (cost=0.43..6.47 rows=102 width=4)
	  Index Cond: ((id >= 5613879) AND (id <= 5613979))

table 3 : explain SELECT id FROM sbtest3 WHERE id BETWEEN 5613879 AND 5613979
	Index Only Scan using sbtest3_pkey on sbtest3  (cost=0.43..6.47 rows=102 width=4)
	  Index Cond: ((id >= 5613879) AND (id <= 5613979))

table 4 : explain SELECT id FROM sbtest4 WHERE id BETWEEN 5613879 AND 5613979
	Index Only Scan using sbtest4_pkey on sbtest4  (cost=0.43..10.74 rows=115 width=4)
	  Index Cond: ((id >= 5613879) AND (id <= 5613979))

table 5 : explain SELECT id FROM sbtest5 WHERE id BETWEEN 5613879 AND 5613979
	Index Only Scan using sbtest5_pkey on sbtest5  (cost=0.43..10.70 rows=113 width=4)
	  Index Cond: ((id >= 5613879) AND (id <= 5613979))

table 6 : explain SELECT id FROM sbtest6 WHERE id BETWEEN 5613879 AND 5613979
	Index Only Scan using sbtest6_pkey on sbtest6  (cost=0.43..6.47 rows=102 width=4)
	  Index Cond: ((id >= 5613879) AND (id <= 5613979))

table 7 : explain SELECT id FROM sbtest7 WHERE id BETWEEN 5613879 AND 5613979
	Index Only Scan using sbtest7_pkey on sbtest7  (cost=0.43..6.43 rows=100 width=4)
	  Index Cond: ((id >= 5613879) AND (id <= 5613979))

table 8 : explain SELECT id FROM sbtest8 WHERE id BETWEEN 5613879 AND 5613979
	Index Only Scan using sbtest8_pkey on sbtest8  (cost=0.43..6.32 rows=94 width=4)
	  Index Cond: ((id >= 5613879) AND (id <= 5613979))

explain: for range-covered :: explain SELECT id FROM sbtest%d WHERE id BETWEEN 5613879 AND 5613979
for range-covered
table 1 : explain SELECT id FROM sbtest1 WHERE id BETWEEN 5613879 AND 5613979
	Index Only Scan using sbtest1_pkey on sbtest1  (cost=0.43..10.38 rows=97 width=4)
	  Index Cond: ((id >= 5613879) AND (id <= 5613979))

table 2 : explain SELECT id FROM sbtest2 WHERE id BETWEEN 5613879 AND 5613979
	Index Only Scan using sbtest2_pkey on sbtest2  (cost=0.43..6.47 rows=102 width=4)
	  Index Cond: ((id >= 5613879) AND (id <= 5613979))

table 3 : explain SELECT id FROM sbtest3 WHERE id BETWEEN 5613879 AND 5613979
	Index Only Scan using sbtest3_pkey on sbtest3  (cost=0.43..6.47 rows=102 width=4)
	  Index Cond: ((id >= 5613879) AND (id <= 5613979))

table 4 : explain SELECT id FROM sbtest4 WHERE id BETWEEN 5613879 AND 5613979
	Index Only Scan using sbtest4_pkey on sbtest4  (cost=0.43..10.74 rows=115 width=4)
	  Index Cond: ((id >= 5613879) AND (id <= 5613979))

table 5 : explain SELECT id FROM sbtest5 WHERE id BETWEEN 5613879 AND 5613979
	Index Only Scan using sbtest5_pkey on sbtest5  (cost=0.43..10.70 rows=113 width=4)
	  Index Cond: ((id >= 5613879) AND (id <= 5613979))

table 6 : explain SELECT id FROM sbtest6 WHERE id BETWEEN 5613879 AND 5613979
	Index Only Scan using sbtest6_pkey on sbtest6  (cost=0.43..6.47 rows=102 width=4)
	  Index Cond: ((id >= 5613879) AND (id <= 5613979))

table 7 : explain SELECT id FROM sbtest7 WHERE id BETWEEN 5613879 AND 5613979
	Index Only Scan using sbtest7_pkey on sbtest7  (cost=0.43..6.43 rows=100 width=4)
	  Index Cond: ((id >= 5613879) AND (id <= 5613979))

table 8 : explain SELECT id FROM sbtest8 WHERE id BETWEEN 5613879 AND 5613979
	Index Only Scan using sbtest8_pkey on sbtest8  (cost=0.43..6.32 rows=94 width=4)
	  Index Cond: ((id >= 5613879) AND (id <= 5613979))

explain: for range-covered :: explain SELECT id FROM sbtest%d WHERE id BETWEEN 5613879 AND 5613979
for range-covered
table 1 : explain SELECT id FROM sbtest1 WHERE id BETWEEN 5613879 AND 5613979
	Index Only Scan using sbtest1_pkey on sbtest1  (cost=0.43..10.38 rows=97 width=4)
	  Index Cond: ((id >= 5613879) AND (id <= 5613979))

table 2 : explain SELECT id FROM sbtest2 WHERE id BETWEEN 5613879 AND 5613979
	Index Only Scan using sbtest2_pkey on sbtest2  (cost=0.43..6.47 rows=102 width=4)
	  Index Cond: ((id >= 5613879) AND (id <= 5613979))

table 3 : explain SELECT id FROM sbtest3 WHERE id BETWEEN 5613879 AND 5613979
	Index Only Scan using sbtest3_pkey on sbtest3  (cost=0.43..6.47 rows=102 width=4)
	  Index Cond: ((id >= 5613879) AND (id <= 5613979))

table 4 : explain SELECT id FROM sbtest4 WHERE id BETWEEN 5613879 AND 5613979
	Index Only Scan using sbtest4_pkey on sbtest4  (cost=0.43..10.74 rows=115 width=4)
	  Index Cond: ((id >= 5613879) AND (id <= 5613979))

table 5 : explain SELECT id FROM sbtest5 WHERE id BETWEEN 5613879 AND 5613979
	Index Only Scan using sbtest5_pkey on sbtest5  (cost=0.43..10.70 rows=113 width=4)
	  Index Cond: ((id >= 5613879) AND (id <= 5613979))

table 6 : explain SELECT id FROM sbtest6 WHERE id BETWEEN 5613879 AND 5613979
	Index Only Scan using sbtest6_pkey on sbtest6  (cost=0.43..6.47 rows=102 width=4)
	  Index Cond: ((id >= 5613879) AND (id <= 5613979))

table 7 : explain SELECT id FROM sbtest7 WHERE id BETWEEN 5613879 AND 5613979
	Index Only Scan using sbtest7_pkey on sbtest7  (cost=0.43..6.43 rows=100 width=4)
	  Index Cond: ((id >= 5613879) AND (id <= 5613979))

table 8 : explain SELECT id FROM sbtest8 WHERE id BETWEEN 5613879 AND 5613979
	Index Only Scan using sbtest8_pkey on sbtest8  (cost=0.43..6.32 rows=94 width=4)
	  Index Cond: ((id >= 5613879) AND (id <= 5613979))

explain: for range-covered :: explain SELECT id FROM sbtest%d WHERE id BETWEEN 5613879 AND 5613979
explain: for range-covered :: explain SELECT id FROM sbtest%d WHERE id BETWEEN 6470113 AND 6470213
explain: for range-covered :: explain SELECT id FROM sbtest%d WHERE id BETWEEN 4910588 AND 4910688
for range-covered
table 1 : explain SELECT id FROM sbtest1 WHERE id BETWEEN 5613879 AND 5613979
	Index Only Scan using sbtest1_pkey on sbtest1  (cost=0.43..10.38 rows=97 width=4)
	  Index Cond: ((id >= 5613879) AND (id <= 5613979))

table 2 : explain SELECT id FROM sbtest2 WHERE id BETWEEN 5613879 AND 5613979
	Index Only Scan using sbtest2_pkey on sbtest2  (cost=0.43..6.47 rows=102 width=4)
	  Index Cond: ((id >= 5613879) AND (id <= 5613979))

table 3 : explain SELECT id FROM sbtest3 WHERE id BETWEEN 5613879 AND 5613979
	Index Only Scan using sbtest3_pkey on sbtest3  (cost=0.43..6.47 rows=102 width=4)
	  Index Cond: ((id >= 5613879) AND (id <= 5613979))

table 4 : explain SELECT id FROM sbtest4 WHERE id BETWEEN 5613879 AND 5613979
	Index Only Scan using sbtest4_pkey on sbtest4  (cost=0.43..10.74 rows=115 width=4)
	  Index Cond: ((id >= 5613879) AND (id <= 5613979))

table 5 : explain SELECT id FROM sbtest5 WHERE id BETWEEN 5613879 AND 5613979
	Index Only Scan using sbtest5_pkey on sbtest5  (cost=0.43..10.70 rows=113 width=4)
	  Index Cond: ((id >= 5613879) AND (id <= 5613979))

table 6 : explain SELECT id FROM sbtest6 WHERE id BETWEEN 5613879 AND 5613979
	Index Only Scan using sbtest6_pkey on sbtest6  (cost=0.43..6.47 rows=102 width=4)
	  Index Cond: ((id >= 5613879) AND (id <= 5613979))

table 7 : explain SELECT id FROM sbtest7 WHERE id BETWEEN 5613879 AND 5613979
	Index Only Scan using sbtest7_pkey on sbtest7  (cost=0.43..6.43 rows=100 width=4)
	  Index Cond: ((id >= 5613879) AND (id <= 5613979))

table 8 : explain SELECT id FROM sbtest8 WHERE id BETWEEN 5613879 AND 5613979
	Index Only Scan using sbtest8_pkey on sbtest8  (cost=0.43..6.32 rows=94 width=4)
	  Index Cond: ((id >= 5613879) AND (id <= 5613979))

explain: for range-covered :: explain SELECT id FROM sbtest%d WHERE id BETWEEN 5613879 AND 5613979
explain: for range-covered :: explain SELECT id FROM sbtest%d WHERE id BETWEEN 4665031 AND 4665131
for range-covered
table 1 : explain SELECT id FROM sbtest1 WHERE id BETWEEN 5613879 AND 5613979
	Index Only Scan using sbtest1_pkey on sbtest1  (cost=0.43..10.38 rows=97 width=4)
	  Index Cond: ((id >= 5613879) AND (id <= 5613979))

table 2 : explain SELECT id FROM sbtest2 WHERE id BETWEEN 5613879 AND 5613979
	Index Only Scan using sbtest2_pkey on sbtest2  (cost=0.43..6.47 rows=102 width=4)
	  Index Cond: ((id >= 5613879) AND (id <= 5613979))

table 3 : explain SELECT id FROM sbtest3 WHERE id BETWEEN 5613879 AND 5613979
	Index Only Scan using sbtest3_pkey on sbtest3  (cost=0.43..6.47 rows=102 width=4)
	  Index Cond: ((id >= 5613879) AND (id <= 5613979))

table 4 : explain SELECT id FROM sbtest4 WHERE id BETWEEN 5613879 AND 5613979
	Index Only Scan using sbtest4_pkey on sbtest4  (cost=0.43..10.74 rows=115 width=4)
	  Index Cond: ((id >= 5613879) AND (id <= 5613979))

table 5 : explain SELECT id FROM sbtest5 WHERE id BETWEEN 5613879 AND 5613979
	Index Only Scan using sbtest5_pkey on sbtest5  (cost=0.43..10.70 rows=113 width=4)
	  Index Cond: ((id >= 5613879) AND (id <= 5613979))

table 6 : explain SELECT id FROM sbtest6 WHERE id BETWEEN 5613879 AND 5613979
	Index Only Scan using sbtest6_pkey on sbtest6  (cost=0.43..6.47 rows=102 width=4)
	  Index Cond: ((id >= 5613879) AND (id <= 5613979))

table 7 : explain SELECT id FROM sbtest7 WHERE id BETWEEN 5613879 AND 5613979
	Index Only Scan using sbtest7_pkey on sbtest7  (cost=0.43..6.43 rows=100 width=4)
	  Index Cond: ((id >= 5613879) AND (id <= 5613979))

table 8 : explain SELECT id FROM sbtest8 WHERE id BETWEEN 5613879 AND 5613979
	Index Only Scan using sbtest8_pkey on sbtest8  (cost=0.43..6.32 rows=94 width=4)
	  Index Cond: ((id >= 5613879) AND (id <= 5613979))

explain: for range-covered :: explain SELECT id FROM sbtest%d WHERE id BETWEEN 5613879 AND 5613979
for range-covered
table 1 : explain SELECT id FROM sbtest1 WHERE id BETWEEN 5613879 AND 5613979
	Index Only Scan using sbtest1_pkey on sbtest1  (cost=0.43..10.38 rows=97 width=4)
	  Index Cond: ((id >= 5613879) AND (id <= 5613979))

table 2 : explain SELECT id FROM sbtest2 WHERE id BETWEEN 5613879 AND 5613979
	Index Only Scan using sbtest2_pkey on sbtest2  (cost=0.43..6.47 rows=102 width=4)
	  Index Cond: ((id >= 5613879) AND (id <= 5613979))

table 3 : explain SELECT id FROM sbtest3 WHERE id BETWEEN 5613879 AND 5613979
	Index Only Scan using sbtest3_pkey on sbtest3  (cost=0.43..6.47 rows=102 width=4)
	  Index Cond: ((id >= 5613879) AND (id <= 5613979))

table 4 : explain SELECT id FROM sbtest4 WHERE id BETWEEN 5613879 AND 5613979
	Index Only Scan using sbtest4_pkey on sbtest4  (cost=0.43..10.74 rows=115 width=4)
	  Index Cond: ((id >= 5613879) AND (id <= 5613979))

table 5 : explain SELECT id FROM sbtest5 WHERE id BETWEEN 5613879 AND 5613979
	Index Only Scan using sbtest5_pkey on sbtest5  (cost=0.43..10.70 rows=113 width=4)
	  Index Cond: ((id >= 5613879) AND (id <= 5613979))

table 6 : explain SELECT id FROM sbtest6 WHERE id BETWEEN 5613879 AND 5613979
	Index Only Scan using sbtest6_pkey on sbtest6  (cost=0.43..6.47 rows=102 width=4)
	  Index Cond: ((id >= 5613879) AND (id <= 5613979))

table 7 : explain SELECT id FROM sbtest7 WHERE id BETWEEN 5613879 AND 5613979
	Index Only Scan using sbtest7_pkey on sbtest7  (cost=0.43..6.43 rows=100 width=4)
	  Index Cond: ((id >= 5613879) AND (id <= 5613979))

table 8 : explain SELECT id FROM sbtest8 WHERE id BETWEEN 5613879 AND 5613979
	Index Only Scan using sbtest8_pkey on sbtest8  (cost=0.43..6.32 rows=94 width=4)
	  Index Cond: ((id >= 5613879) AND (id <= 5613979))

explain: for range-covered :: explain SELECT id FROM sbtest%d WHERE id BETWEEN 5613879 AND 5613979
explain: for range-covered :: explain SELECT id FROM sbtest%d WHERE id BETWEEN 4694460 AND 4694560
explain: for range-covered :: explain SELECT id FROM sbtest%d WHERE id BETWEEN 5851466 AND 5851566
for range-covered
table 1 : explain SELECT id FROM sbtest1 WHERE id BETWEEN 4665031 AND 4665131
	Index Only Scan using sbtest1_pkey on sbtest1  (cost=0.43..10.50 rows=103 width=4)
	  Index Cond: ((id >= 4665031) AND (id <= 4665131))

table 2 : explain SELECT id FROM sbtest2 WHERE id BETWEEN 4665031 AND 4665131
	Index Only Scan using sbtest2_pkey on sbtest2  (cost=0.43..6.47 rows=102 width=4)
	  Index Cond: ((id >= 4665031) AND (id <= 4665131))

table 3 : explain SELECT id FROM sbtest3 WHERE id BETWEEN 4665031 AND 4665131
	Index Only Scan using sbtest3_pkey on sbtest3  (cost=0.43..6.35 rows=96 width=4)
	  Index Cond: ((id >= 4665031) AND (id <= 4665131))

table 4 : explain SELECT id FROM sbtest4 WHERE id BETWEEN 4665031 AND 4665131
	Index Only Scan using sbtest4_pkey on sbtest4  (cost=0.43..10.47 rows=102 width=4)
	  Index Cond: ((id >= 4665031) AND (id <= 4665131))

table 5 : explain SELECT id FROM sbtest5 WHERE id BETWEEN 4665031 AND 4665131
	Index Only Scan using sbtest5_pkey on sbtest5  (cost=0.43..10.47 rows=102 width=4)
	  Index Cond: ((id >= 4665031) AND (id <= 4665131))

table 6 : explain SELECT id FROM sbtest6 WHERE id BETWEEN 4665031 AND 4665131
	Index Only Scan using sbtest6_pkey on sbtest6  (cost=0.43..6.29 rows=93 width=4)
	  Index Cond: ((id >= 4665031) AND (id <= 4665131))

table 7 : explain SELECT id FROM sbtest7 WHERE id BETWEEN 4665031 AND 4665131
	Index Only Scan using sbtest7_pkey on sbtest7  (cost=0.43..6.61 rows=109 width=4)
	  Index Cond: ((id >= 4665031) AND (id <= 4665131))

table 8 : explain SELECT id FROM sbtest8 WHERE id BETWEEN 4665031 AND 4665131
	Index Only Scan using sbtest8_pkey on sbtest8  (cost=0.43..6.27 rows=92 width=4)
	  Index Cond: ((id >= 4665031) AND (id <= 4665131))

for range-covered
table 1 : explain SELECT id FROM sbtest1 WHERE id BETWEEN 590346 AND 590446
	Index Only Scan using sbtest1_pkey on sbtest1  (cost=0.43..10.58 rows=107 width=4)
	  Index Cond: ((id >= 590346) AND (id <= 590446))

table 2 : explain SELECT id FROM sbtest2 WHERE id BETWEEN 590346 AND 590446
	Index Only Scan using sbtest2_pkey on sbtest2  (cost=0.43..6.32 rows=94 width=4)
	  Index Cond: ((id >= 590346) AND (id <= 590446))

table 3 : explain SELECT id FROM sbtest3 WHERE id BETWEEN 590346 AND 590446
	Index Only Scan using sbtest3_pkey on sbtest3  (cost=0.43..6.61 rows=109 width=4)
	  Index Cond: ((id >= 590346) AND (id <= 590446))

table 4 : explain SELECT id FROM sbtest4 WHERE id BETWEEN 590346 AND 590446
	Index Only Scan using sbtest4_pkey on sbtest4  (cost=0.43..10.60 rows=108 width=4)
	  Index Cond: ((id >= 590346) AND (id <= 590446))

table 5 : explain SELECT id FROM sbtest5 WHERE id BETWEEN 590346 AND 590446
	Index Only Scan using sbtest5_pkey on sbtest5  (cost=0.43..10.36 rows=96 width=4)
	  Index Cond: ((id >= 590346) AND (id <= 590446))

table 6 : explain SELECT id FROM sbtest6 WHERE id BETWEEN 590346 AND 590446
	Index Only Scan using sbtest6_pkey on sbtest6  (cost=0.43..6.27 rows=92 width=4)
	  Index Cond: ((id >= 590346) AND (id <= 590446))

table 7 : explain SELECT id FROM sbtest7 WHERE id BETWEEN 590346 AND 590446
	Index Only Scan using sbtest7_pkey on sbtest7  (cost=0.43..6.29 rows=93 width=4)
	  Index Cond: ((id >= 590346) AND (id <= 590446))

table 8 : explain SELECT id FROM sbtest8 WHERE id BETWEEN 590346 AND 590446
	Index Only Scan using sbtest8_pkey on sbtest8  (cost=0.43..6.47 rows=102 width=4)
	  Index Cond: ((id >= 590346) AND (id <= 590446))

for range-covered
table 1 : explain SELECT id FROM sbtest1 WHERE id BETWEEN 9552801 AND 9552901
	Index Only Scan using sbtest1_pkey on sbtest1  (cost=0.43..10.54 rows=105 width=4)
	  Index Cond: ((id >= 9552801) AND (id <= 9552901))

table 2 : explain SELECT id FROM sbtest2 WHERE id BETWEEN 9552801 AND 9552901
	Index Only Scan using sbtest2_pkey on sbtest2  (cost=0.43..6.51 rows=104 width=4)
	  Index Cond: ((id >= 9552801) AND (id <= 9552901))

table 3 : explain SELECT id FROM sbtest3 WHERE id BETWEEN 9552801 AND 9552901
	Index Only Scan using sbtest3_pkey on sbtest3  (cost=0.43..6.67 rows=112 width=4)
	  Index Cond: ((id >= 9552801) AND (id <= 9552901))

table 4 : explain SELECT id FROM sbtest4 WHERE id BETWEEN 9552801 AND 9552901
	Index Only Scan using sbtest4_pkey on sbtest4  (cost=0.43..10.40 rows=98 width=4)
	  Index Cond: ((id >= 9552801) AND (id <= 9552901))

table 5 : explain SELECT id FROM sbtest5 WHERE id BETWEEN 9552801 AND 9552901
	Index Only Scan using sbtest5_pkey on sbtest5  (cost=0.43..10.46 rows=101 width=4)
	  Index Cond: ((id >= 9552801) AND (id <= 9552901))

table 6 : explain SELECT id FROM sbtest6 WHERE id BETWEEN 9552801 AND 9552901
	Index Only Scan using sbtest6_pkey on sbtest6  (cost=0.43..6.35 rows=96 width=4)
	  Index Cond: ((id >= 9552801) AND (id <= 9552901))

table 7 : explain SELECT id FROM sbtest7 WHERE id BETWEEN 9552801 AND 9552901
	Index Only Scan using sbtest7_pkey on sbtest7  (cost=0.43..6.40 rows=98 width=4)
	  Index Cond: ((id >= 9552801) AND (id <= 9552901))

table 8 : explain SELECT id FROM sbtest8 WHERE id BETWEEN 9552801 AND 9552901
	Index Only Scan using sbtest8_pkey on sbtest8  (cost=0.43..6.47 rows=102 width=4)
	  Index Cond: ((id >= 9552801) AND (id <= 9552901))

explain: for range-covered :: explain SELECT id FROM sbtest%d WHERE id BETWEEN 590346 AND 590446
explain: for range-covered :: explain SELECT id FROM sbtest%d WHERE id BETWEEN 9552801 AND 9552901
explain: for range-covered :: explain SELECT id FROM sbtest%d WHERE id BETWEEN 4665031 AND 4665131
for range-covered
table 1 : explain SELECT id FROM sbtest1 WHERE id BETWEEN 590346 AND 590446
	Index Only Scan using sbtest1_pkey on sbtest1  (cost=0.43..10.58 rows=107 width=4)
	  Index Cond: ((id >= 590346) AND (id <= 590446))

table 2 : explain SELECT id FROM sbtest2 WHERE id BETWEEN 590346 AND 590446
	Index Only Scan using sbtest2_pkey on sbtest2  (cost=0.43..6.32 rows=94 width=4)
	  Index Cond: ((id >= 590346) AND (id <= 590446))

table 3 : explain SELECT id FROM sbtest3 WHERE id BETWEEN 590346 AND 590446
	Index Only Scan using sbtest3_pkey on sbtest3  (cost=0.43..6.61 rows=109 width=4)
	  Index Cond: ((id >= 590346) AND (id <= 590446))

table 4 : explain SELECT id FROM sbtest4 WHERE id BETWEEN 590346 AND 590446
	Index Only Scan using sbtest4_pkey on sbtest4  (cost=0.43..10.60 rows=108 width=4)
	  Index Cond: ((id >= 590346) AND (id <= 590446))

table 5 : explain SELECT id FROM sbtest5 WHERE id BETWEEN 590346 AND 590446
	Index Only Scan using sbtest5_pkey on sbtest5  (cost=0.43..10.36 rows=96 width=4)
	  Index Cond: ((id >= 590346) AND (id <= 590446))

table 6 : explain SELECT id FROM sbtest6 WHERE id BETWEEN 590346 AND 590446
	Index Only Scan using sbtest6_pkey on sbtest6  (cost=0.43..6.27 rows=92 width=4)
	  Index Cond: ((id >= 590346) AND (id <= 590446))

table 7 : explain SELECT id FROM sbtest7 WHERE id BETWEEN 590346 AND 590446
	Index Only Scan using sbtest7_pkey on sbtest7  (cost=0.43..6.29 rows=93 width=4)
	  Index Cond: ((id >= 590346) AND (id <= 590446))

table 8 : explain SELECT id FROM sbtest8 WHERE id BETWEEN 590346 AND 590446
	Index Only Scan using sbtest8_pkey on sbtest8  (cost=0.43..6.47 rows=102 width=4)
	  Index Cond: ((id >= 590346) AND (id <= 590446))

explain: for range-covered :: explain SELECT id FROM sbtest%d WHERE id BETWEEN 590346 AND 590446
for range-covered
table 1 : explain SELECT id FROM sbtest1 WHERE id BETWEEN 590346 AND 590446
	Index Only Scan using sbtest1_pkey on sbtest1  (cost=0.43..10.58 rows=107 width=4)
	  Index Cond: ((id >= 590346) AND (id <= 590446))

table 2 : explain SELECT id FROM sbtest2 WHERE id BETWEEN 590346 AND 590446
	Index Only Scan using sbtest2_pkey on sbtest2  (cost=0.43..6.32 rows=94 width=4)
	  Index Cond: ((id >= 590346) AND (id <= 590446))

table 3 : explain SELECT id FROM sbtest3 WHERE id BETWEEN 590346 AND 590446
	Index Only Scan using sbtest3_pkey on sbtest3  (cost=0.43..6.61 rows=109 width=4)
	  Index Cond: ((id >= 590346) AND (id <= 590446))

table 4 : explain SELECT id FROM sbtest4 WHERE id BETWEEN 590346 AND 590446
	Index Only Scan using sbtest4_pkey on sbtest4  (cost=0.43..10.60 rows=108 width=4)
	  Index Cond: ((id >= 590346) AND (id <= 590446))

table 5 : explain SELECT id FROM sbtest5 WHERE id BETWEEN 590346 AND 590446
	Index Only Scan using sbtest5_pkey on sbtest5  (cost=0.43..10.36 rows=96 width=4)
	  Index Cond: ((id >= 590346) AND (id <= 590446))

table 6 : explain SELECT id FROM sbtest6 WHERE id BETWEEN 590346 AND 590446
	Index Only Scan using sbtest6_pkey on sbtest6  (cost=0.43..6.27 rows=92 width=4)
	  Index Cond: ((id >= 590346) AND (id <= 590446))

table 7 : explain SELECT id FROM sbtest7 WHERE id BETWEEN 590346 AND 590446
	Index Only Scan using sbtest7_pkey on sbtest7  (cost=0.43..6.29 rows=93 width=4)
	  Index Cond: ((id >= 590346) AND (id <= 590446))

table 8 : explain SELECT id FROM sbtest8 WHERE id BETWEEN 590346 AND 590446
	Index Only Scan using sbtest8_pkey on sbtest8  (cost=0.43..6.47 rows=102 width=4)
	  Index Cond: ((id >= 590346) AND (id <= 590446))

explain: for range-covered :: explain SELECT id FROM sbtest%d WHERE id BETWEEN 590346 AND 590446
for range-covered
table 1 : explain SELECT id FROM sbtest1 WHERE id BETWEEN 5613879 AND 5613979
	Index Only Scan using sbtest1_pkey on sbtest1  (cost=0.43..10.38 rows=97 width=4)
	  Index Cond: ((id >= 5613879) AND (id <= 5613979))

table 2 : explain SELECT id FROM sbtest2 WHERE id BETWEEN 5613879 AND 5613979
	Index Only Scan using sbtest2_pkey on sbtest2  (cost=0.43..6.47 rows=102 width=4)
	  Index Cond: ((id >= 5613879) AND (id <= 5613979))

table 3 : explain SELECT id FROM sbtest3 WHERE id BETWEEN 5613879 AND 5613979
	Index Only Scan using sbtest3_pkey on sbtest3  (cost=0.43..6.47 rows=102 width=4)
	  Index Cond: ((id >= 5613879) AND (id <= 5613979))

table 4 : explain SELECT id FROM sbtest4 WHERE id BETWEEN 5613879 AND 5613979
	Index Only Scan using sbtest4_pkey on sbtest4  (cost=0.43..10.74 rows=115 width=4)
	  Index Cond: ((id >= 5613879) AND (id <= 5613979))

table 5 : explain SELECT id FROM sbtest5 WHERE id BETWEEN 5613879 AND 5613979
	Index Only Scan using sbtest5_pkey on sbtest5  (cost=0.43..10.70 rows=113 width=4)
	  Index Cond: ((id >= 5613879) AND (id <= 5613979))

table 6 : explain SELECT id FROM sbtest6 WHERE id BETWEEN 5613879 AND 5613979
	Index Only Scan using sbtest6_pkey on sbtest6  (cost=0.43..6.47 rows=102 width=4)
	  Index Cond: ((id >= 5613879) AND (id <= 5613979))

table 7 : explain SELECT id FROM sbtest7 WHERE id BETWEEN 5613879 AND 5613979
	Index Only Scan using sbtest7_pkey on sbtest7  (cost=0.43..6.43 rows=100 width=4)
	  Index Cond: ((id >= 5613879) AND (id <= 5613979))

table 8 : explain SELECT id FROM sbtest8 WHERE id BETWEEN 5613879 AND 5613979
	Index Only Scan using sbtest8_pkey on sbtest8  (cost=0.43..6.32 rows=94 width=4)
	  Index Cond: ((id >= 5613879) AND (id <= 5613979))

for range-covered
table 1 : explain SELECT id FROM sbtest1 WHERE id BETWEEN 590346 AND 590446
	Index Only Scan using sbtest1_pkey on sbtest1  (cost=0.43..10.58 rows=107 width=4)
	  Index Cond: ((id >= 590346) AND (id <= 590446))

table 2 : explain SELECT id FROM sbtest2 WHERE id BETWEEN 590346 AND 590446
	Index Only Scan using sbtest2_pkey on sbtest2  (cost=0.43..6.32 rows=94 width=4)
	  Index Cond: ((id >= 590346) AND (id <= 590446))

table 3 : explain SELECT id FROM sbtest3 WHERE id BETWEEN 590346 AND 590446
	Index Only Scan using sbtest3_pkey on sbtest3  (cost=0.43..6.61 rows=109 width=4)
	  Index Cond: ((id >= 590346) AND (id <= 590446))

table 4 : explain SELECT id FROM sbtest4 WHERE id BETWEEN 590346 AND 590446
	Index Only Scan using sbtest4_pkey on sbtest4  (cost=0.43..10.60 rows=108 width=4)
	  Index Cond: ((id >= 590346) AND (id <= 590446))

table 5 : explain SELECT id FROM sbtest5 WHERE id BETWEEN 590346 AND 590446
	Index Only Scan using sbtest5_pkey on sbtest5  (cost=0.43..10.36 rows=96 width=4)
	  Index Cond: ((id >= 590346) AND (id <= 590446))

table 6 : explain SELECT id FROM sbtest6 WHERE id BETWEEN 590346 AND 590446
	Index Only Scan using sbtest6_pkey on sbtest6  (cost=0.43..6.27 rows=92 width=4)
	  Index Cond: ((id >= 590346) AND (id <= 590446))

table 7 : explain SELECT id FROM sbtest7 WHERE id BETWEEN 590346 AND 590446
	Index Only Scan using sbtest7_pkey on sbtest7  (cost=0.43..6.29 rows=93 width=4)
	  Index Cond: ((id >= 590346) AND (id <= 590446))

table 8 : explain SELECT id FROM sbtest8 WHERE id BETWEEN 590346 AND 590446
	Index Only Scan using sbtest8_pkey on sbtest8  (cost=0.43..6.47 rows=102 width=4)
	  Index Cond: ((id >= 590346) AND (id <= 590446))

for range-covered
table 1 : explain SELECT id FROM sbtest1 WHERE id BETWEEN 6470113 AND 6470213
	Index Only Scan using sbtest1_pkey on sbtest1  (cost=0.43..10.44 rows=100 width=4)
	  Index Cond: ((id >= 6470113) AND (id <= 6470213))

table 2 : explain SELECT id FROM sbtest2 WHERE id BETWEEN 6470113 AND 6470213
	Index Only Scan using sbtest2_pkey on sbtest2  (cost=0.43..6.59 rows=108 width=4)
	  Index Cond: ((id >= 6470113) AND (id <= 6470213))

table 3 : explain SELECT id FROM sbtest3 WHERE id BETWEEN 6470113 AND 6470213
	Index Only Scan using sbtest3_pkey on sbtest3  (cost=0.43..6.24 rows=90 width=4)
	  Index Cond: ((id >= 6470113) AND (id <= 6470213))

table 4 : explain SELECT id FROM sbtest4 WHERE id BETWEEN 6470113 AND 6470213
	Index Only Scan using sbtest4_pkey on sbtest4  (cost=0.43..10.28 rows=92 width=4)
	  Index Cond: ((id >= 6470113) AND (id <= 6470213))

table 5 : explain SELECT id FROM sbtest5 WHERE id BETWEEN 6470113 AND 6470213
	Index Only Scan using sbtest5_pkey on sbtest5  (cost=0.43..10.26 rows=91 width=4)
	  Index Cond: ((id >= 6470113) AND (id <= 6470213))

table 6 : explain SELECT id FROM sbtest6 WHERE id BETWEEN 6470113 AND 6470213
	Index Only Scan using sbtest6_pkey on sbtest6  (cost=0.43..6.53 rows=105 width=4)
	  Index Cond: ((id >= 6470113) AND (id <= 6470213))

table 7 : explain SELECT id FROM sbtest7 WHERE id BETWEEN 6470113 AND 6470213
	Index Only Scan using sbtest7_pkey on sbtest7  (cost=0.43..6.51 rows=104 width=4)
	  Index Cond: ((id >= 6470113) AND (id <= 6470213))

table 8 : explain SELECT id FROM sbtest8 WHERE id BETWEEN 6470113 AND 6470213
	Index Only Scan using sbtest8_pkey on sbtest8  (cost=0.43..6.27 rows=92 width=4)
	  Index Cond: ((id >= 6470113) AND (id <= 6470213))

explain: for range-covered :: explain SELECT id FROM sbtest%d WHERE id BETWEEN 590346 AND 590446
for range-covered
table 1 : explain SELECT id FROM sbtest1 WHERE id BETWEEN 4910588 AND 4910688
	Index Only Scan using sbtest1_pkey on sbtest1  (cost=0.43..10.63 rows=110 width=4)
	  Index Cond: ((id >= 4910588) AND (id <= 4910688))

table 2 : explain SELECT id FROM sbtest2 WHERE id BETWEEN 4910588 AND 4910688
	Index Only Scan using sbtest2_pkey on sbtest2  (cost=0.43..6.42 rows=99 width=4)
	  Index Cond: ((id >= 4910588) AND (id <= 4910688))

table 3 : explain SELECT id FROM sbtest3 WHERE id BETWEEN 4910588 AND 4910688
	Index Only Scan using sbtest3_pkey on sbtest3  (cost=0.43..6.77 rows=117 width=4)
	  Index Cond: ((id >= 4910588) AND (id <= 4910688))

table 4 : explain SELECT id FROM sbtest4 WHERE id BETWEEN 4910588 AND 4910688
	Index Only Scan using sbtest4_pkey on sbtest4  (cost=0.43..10.36 rows=96 width=4)
	  Index Cond: ((id >= 4910588) AND (id <= 4910688))

table 5 : explain SELECT id FROM sbtest5 WHERE id BETWEEN 4910588 AND 4910688
	Index Only Scan using sbtest5_pkey on sbtest5  (cost=0.43..10.40 rows=98 width=4)
	  Index Cond: ((id >= 4910588) AND (id <= 4910688))

table 6 : explain SELECT id FROM sbtest6 WHERE id BETWEEN 4910588 AND 4910688
	Index Only Scan using sbtest6_pkey on sbtest6  (cost=0.43..6.40 rows=98 width=4)
	  Index Cond: ((id >= 4910588) AND (id <= 4910688))

table 7 : explain SELECT id FROM sbtest7 WHERE id BETWEEN 4910588 AND 4910688
	Index Only Scan using sbtest7_pkey on sbtest7  (cost=0.43..6.66 rows=111 width=4)
	  Index Cond: ((id >= 4910588) AND (id <= 4910688))

table 8 : explain SELECT id FROM sbtest8 WHERE id BETWEEN 4910588 AND 4910688
	Index Only Scan using sbtest8_pkey on sbtest8  (cost=0.43..6.56 rows=106 width=4)
	  Index Cond: ((id >= 4910588) AND (id <= 4910688))

explain: for range-covered :: explain SELECT id FROM sbtest%d WHERE id BETWEEN 6470113 AND 6470213
explain: for range-covered :: explain SELECT id FROM sbtest%d WHERE id BETWEEN 4910588 AND 4910688
for range-covered
table 1 : explain SELECT id FROM sbtest1 WHERE id BETWEEN 9552801 AND 9552901
	Index Only Scan using sbtest1_pkey on sbtest1  (cost=0.43..10.54 rows=105 width=4)
	  Index Cond: ((id >= 9552801) AND (id <= 9552901))

table 2 : explain SELECT id FROM sbtest2 WHERE id BETWEEN 9552801 AND 9552901
	Index Only Scan using sbtest2_pkey on sbtest2  (cost=0.43..6.51 rows=104 width=4)
	  Index Cond: ((id >= 9552801) AND (id <= 9552901))

table 3 : explain SELECT id FROM sbtest3 WHERE id BETWEEN 9552801 AND 9552901
	Index Only Scan using sbtest3_pkey on sbtest3  (cost=0.43..6.67 rows=112 width=4)
	  Index Cond: ((id >= 9552801) AND (id <= 9552901))

table 4 : explain SELECT id FROM sbtest4 WHERE id BETWEEN 9552801 AND 9552901
	Index Only Scan using sbtest4_pkey on sbtest4  (cost=0.43..10.40 rows=98 width=4)
	  Index Cond: ((id >= 9552801) AND (id <= 9552901))

table 5 : explain SELECT id FROM sbtest5 WHERE id BETWEEN 9552801 AND 9552901
	Index Only Scan using sbtest5_pkey on sbtest5  (cost=0.43..10.46 rows=101 width=4)
	  Index Cond: ((id >= 9552801) AND (id <= 9552901))

table 6 : explain SELECT id FROM sbtest6 WHERE id BETWEEN 9552801 AND 9552901
	Index Only Scan using sbtest6_pkey on sbtest6  (cost=0.43..6.35 rows=96 width=4)
	  Index Cond: ((id >= 9552801) AND (id <= 9552901))

table 7 : explain SELECT id FROM sbtest7 WHERE id BETWEEN 9552801 AND 9552901
	Index Only Scan using sbtest7_pkey on sbtest7  (cost=0.43..6.40 rows=98 width=4)
	  Index Cond: ((id >= 9552801) AND (id <= 9552901))

table 8 : explain SELECT id FROM sbtest8 WHERE id BETWEEN 9552801 AND 9552901
	Index Only Scan using sbtest8_pkey on sbtest8  (cost=0.43..6.47 rows=102 width=4)
	  Index Cond: ((id >= 9552801) AND (id <= 9552901))

explain: for range-covered :: explain SELECT id FROM sbtest%d WHERE id BETWEEN 9552801 AND 9552901
explain: for range-covered :: explain SELECT id FROM sbtest%d WHERE id BETWEEN 7131638 AND 7131738
for range-covered
table 1 : explain SELECT id FROM sbtest1 WHERE id BETWEEN 6470113 AND 6470213
	Index Only Scan using sbtest1_pkey on sbtest1  (cost=0.43..10.44 rows=100 width=4)
	  Index Cond: ((id >= 6470113) AND (id <= 6470213))

table 2 : explain SELECT id FROM sbtest2 WHERE id BETWEEN 6470113 AND 6470213
	Index Only Scan using sbtest2_pkey on sbtest2  (cost=0.43..6.59 rows=108 width=4)
	  Index Cond: ((id >= 6470113) AND (id <= 6470213))

table 3 : explain SELECT id FROM sbtest3 WHERE id BETWEEN 6470113 AND 6470213
	Index Only Scan using sbtest3_pkey on sbtest3  (cost=0.43..6.24 rows=90 width=4)
	  Index Cond: ((id >= 6470113) AND (id <= 6470213))

table 4 : explain SELECT id FROM sbtest4 WHERE id BETWEEN 6470113 AND 6470213
	Index Only Scan using sbtest4_pkey on sbtest4  (cost=0.43..10.28 rows=92 width=4)
	  Index Cond: ((id >= 6470113) AND (id <= 6470213))

table 5 : explain SELECT id FROM sbtest5 WHERE id BETWEEN 6470113 AND 6470213
	Index Only Scan using sbtest5_pkey on sbtest5  (cost=0.43..10.26 rows=91 width=4)
	  Index Cond: ((id >= 6470113) AND (id <= 6470213))

table 6 : explain SELECT id FROM sbtest6 WHERE id BETWEEN 6470113 AND 6470213
	Index Only Scan using sbtest6_pkey on sbtest6  (cost=0.43..6.53 rows=105 width=4)
	  Index Cond: ((id >= 6470113) AND (id <= 6470213))

table 7 : explain SELECT id FROM sbtest7 WHERE id BETWEEN 6470113 AND 6470213
	Index Only Scan using sbtest7_pkey on sbtest7  (cost=0.43..6.51 rows=104 width=4)
	  Index Cond: ((id >= 6470113) AND (id <= 6470213))

table 8 : explain SELECT id FROM sbtest8 WHERE id BETWEEN 6470113 AND 6470213
	Index Only Scan using sbtest8_pkey on sbtest8  (cost=0.43..6.27 rows=92 width=4)
	  Index Cond: ((id >= 6470113) AND (id <= 6470213))

explain: for range-covered :: explain SELECT id FROM sbtest%d WHERE id BETWEEN 8586975 AND 8587075
for range-covered
table 1 : explain SELECT id FROM sbtest1 WHERE id BETWEEN 4665031 AND 4665131
	Index Only Scan using sbtest1_pkey on sbtest1  (cost=0.43..10.50 rows=103 width=4)
	  Index Cond: ((id >= 4665031) AND (id <= 4665131))

table 2 : explain SELECT id FROM sbtest2 WHERE id BETWEEN 4665031 AND 4665131
	Index Only Scan using sbtest2_pkey on sbtest2  (cost=0.43..6.47 rows=102 width=4)
	  Index Cond: ((id >= 4665031) AND (id <= 4665131))

table 3 : explain SELECT id FROM sbtest3 WHERE id BETWEEN 4665031 AND 4665131
	Index Only Scan using sbtest3_pkey on sbtest3  (cost=0.43..6.35 rows=96 width=4)
	  Index Cond: ((id >= 4665031) AND (id <= 4665131))

table 4 : explain SELECT id FROM sbtest4 WHERE id BETWEEN 4665031 AND 4665131
	Index Only Scan using sbtest4_pkey on sbtest4  (cost=0.43..10.47 rows=102 width=4)
	  Index Cond: ((id >= 4665031) AND (id <= 4665131))

table 5 : explain SELECT id FROM sbtest5 WHERE id BETWEEN 4665031 AND 4665131
	Index Only Scan using sbtest5_pkey on sbtest5  (cost=0.43..10.47 rows=102 width=4)
	  Index Cond: ((id >= 4665031) AND (id <= 4665131))

table 6 : explain SELECT id FROM sbtest6 WHERE id BETWEEN 4665031 AND 4665131
	Index Only Scan using sbtest6_pkey on sbtest6  (cost=0.43..6.29 rows=93 width=4)
	  Index Cond: ((id >= 4665031) AND (id <= 4665131))

table 7 : explain SELECT id FROM sbtest7 WHERE id BETWEEN 4665031 AND 4665131
	Index Only Scan using sbtest7_pkey on sbtest7  (cost=0.43..6.61 rows=109 width=4)
	  Index Cond: ((id >= 4665031) AND (id <= 4665131))

table 8 : explain SELECT id FROM sbtest8 WHERE id BETWEEN 4665031 AND 4665131
	Index Only Scan using sbtest8_pkey on sbtest8  (cost=0.43..6.27 rows=92 width=4)
	  Index Cond: ((id >= 4665031) AND (id <= 4665131))

for range-covered
table 1 : explain SELECT id FROM sbtest1 WHERE id BETWEEN 9552801 AND 9552901
	Index Only Scan using sbtest1_pkey on sbtest1  (cost=0.43..10.54 rows=105 width=4)
	  Index Cond: ((id >= 9552801) AND (id <= 9552901))

table 2 : explain SELECT id FROM sbtest2 WHERE id BETWEEN 9552801 AND 9552901
	Index Only Scan using sbtest2_pkey on sbtest2  (cost=0.43..6.51 rows=104 width=4)
	  Index Cond: ((id >= 9552801) AND (id <= 9552901))

table 3 : explain SELECT id FROM sbtest3 WHERE id BETWEEN 9552801 AND 9552901
	Index Only Scan using sbtest3_pkey on sbtest3  (cost=0.43..6.67 rows=112 width=4)
	  Index Cond: ((id >= 9552801) AND (id <= 9552901))

table 4 : explain SELECT id FROM sbtest4 WHERE id BETWEEN 9552801 AND 9552901
	Index Only Scan using sbtest4_pkey on sbtest4  (cost=0.43..10.40 rows=98 width=4)
	  Index Cond: ((id >= 9552801) AND (id <= 9552901))

table 5 : explain SELECT id FROM sbtest5 WHERE id BETWEEN 9552801 AND 9552901
	Index Only Scan using sbtest5_pkey on sbtest5  (cost=0.43..10.46 rows=101 width=4)
	  Index Cond: ((id >= 9552801) AND (id <= 9552901))

table 6 : explain SELECT id FROM sbtest6 WHERE id BETWEEN 9552801 AND 9552901
	Index Only Scan using sbtest6_pkey on sbtest6  (cost=0.43..6.35 rows=96 width=4)
	  Index Cond: ((id >= 9552801) AND (id <= 9552901))

table 7 : explain SELECT id FROM sbtest7 WHERE id BETWEEN 9552801 AND 9552901
	Index Only Scan using sbtest7_pkey on sbtest7  (cost=0.43..6.40 rows=98 width=4)
	  Index Cond: ((id >= 9552801) AND (id <= 9552901))

table 8 : explain SELECT id FROM sbtest8 WHERE id BETWEEN 9552801 AND 9552901
	Index Only Scan using sbtest8_pkey on sbtest8  (cost=0.43..6.47 rows=102 width=4)
	  Index Cond: ((id >= 9552801) AND (id <= 9552901))

for range-covered
table 1 : explain SELECT id FROM sbtest1 WHERE id BETWEEN 4910588 AND 4910688
	Index Only Scan using sbtest1_pkey on sbtest1  (cost=0.43..10.63 rows=110 width=4)
	  Index Cond: ((id >= 4910588) AND (id <= 4910688))

table 2 : explain SELECT id FROM sbtest2 WHERE id BETWEEN 4910588 AND 4910688
	Index Only Scan using sbtest2_pkey on sbtest2  (cost=0.43..6.42 rows=99 width=4)
	  Index Cond: ((id >= 4910588) AND (id <= 4910688))

table 3 : explain SELECT id FROM sbtest3 WHERE id BETWEEN 4910588 AND 4910688
	Index Only Scan using sbtest3_pkey on sbtest3  (cost=0.43..6.77 rows=117 width=4)
	  Index Cond: ((id >= 4910588) AND (id <= 4910688))

table 4 : explain SELECT id FROM sbtest4 WHERE id BETWEEN 4910588 AND 4910688
	Index Only Scan using sbtest4_pkey on sbtest4  (cost=0.43..10.36 rows=96 width=4)
	  Index Cond: ((id >= 4910588) AND (id <= 4910688))

table 5 : explain SELECT id FROM sbtest5 WHERE id BETWEEN 4910588 AND 4910688
	Index Only Scan using sbtest5_pkey on sbtest5  (cost=0.43..10.40 rows=98 width=4)
	  Index Cond: ((id >= 4910588) AND (id <= 4910688))

table 6 : explain SELECT id FROM sbtest6 WHERE id BETWEEN 4910588 AND 4910688
	Index Only Scan using sbtest6_pkey on sbtest6  (cost=0.43..6.40 rows=98 width=4)
	  Index Cond: ((id >= 4910588) AND (id <= 4910688))

table 7 : explain SELECT id FROM sbtest7 WHERE id BETWEEN 4910588 AND 4910688
	Index Only Scan using sbtest7_pkey on sbtest7  (cost=0.43..6.66 rows=111 width=4)
	  Index Cond: ((id >= 4910588) AND (id <= 4910688))

table 8 : explain SELECT id FROM sbtest8 WHERE id BETWEEN 4910588 AND 4910688
	Index Only Scan using sbtest8_pkey on sbtest8  (cost=0.43..6.56 rows=106 width=4)
	  Index Cond: ((id >= 4910588) AND (id <= 4910688))
explain: for range-covered :: explain SELECT id FROM sbtest%d WHERE id BETWEEN 6470113 AND 6470213for range-covered
table 1 : explain SELECT id FROM sbtest1 WHERE id BETWEEN 590346 AND 590446
	Index Only Scan using sbtest1_pkey on sbtest1  (cost=0.43..10.58 rows=107 width=4)
	  Index Cond: ((id >= 590346) AND (id <= 590446))

table 2 : explain SELECT id FROM sbtest2 WHERE id BETWEEN 590346 AND 590446
	Index Only Scan using sbtest2_pkey on sbtest2  (cost=0.43..6.32 rows=94 width=4)
	  Index Cond: ((id >= 590346) AND (id <= 590446))

table 3 : explain SELECT id FROM sbtest3 WHERE id BETWEEN 590346 AND 590446
	Index Only Scan using sbtest3_pkey on sbtest3  (cost=0.43..6.61 rows=109 width=4)
	  Index Cond: ((id >= 590346) AND (id <= 590446))

table 4 : explain SELECT id FROM sbtest4 WHERE id BETWEEN 590346 AND 590446
	Index Only Scan using sbtest4_pkey on sbtest4  (cost=0.43..10.60 rows=108 width=4)
	  Index Cond: ((id >= 590346) AND (id <= 590446))

table 5 : explain SELECT id FROM sbtest5 WHERE id BETWEEN 590346 AND 590446
	Index Only Scan using sbtest5_pkey on sbtest5  (cost=0.43..10.36 rows=96 width=4)
	  Index Cond: ((id >= 590346) AND (id <= 590446))

table 6 : explain SELECT id FROM sbtest6 WHERE id BETWEEN 590346 AND 590446
	Index Only Scan using sbtest6_pkey on sbtest6  (cost=0.43..6.27 rows=92 width=4)
	  Index Cond: ((id >= 590346) AND (id <= 590446))

table 7 : explain SELECT id FROM sbtest7 WHERE id BETWEEN 590346 AND 590446
	Index Only Scan using sbtest7_pkey on sbtest7  (cost=0.43..6.29 rows=93 width=4)
	  Index Cond: ((id >= 590346) AND (id <= 590446))

table 8 : explain SELECT id FROM sbtest8 WHERE id BETWEEN 590346 AND 590446
	Index Only Scan using sbtest8_pkey on sbtest8  (cost=0.43..6.47 rows=102 width=4)
	  Index Cond: ((id >= 590346) AND (id <= 590446))



explain: for range-covered :: explain SELECT id FROM sbtest%d WHERE id BETWEEN 4665031 AND 4665131
explain: for range-covered :: explain SELECT id FROM sbtest%d WHERE id BETWEEN 9552801 AND 9552901
explain: for range-covered :: explain SELECT id FROM sbtest%d WHERE id BETWEEN 590346 AND 590446
explain: for range-covered :: explain SELECT id FROM sbtest%d WHERE id BETWEEN 4910588 AND 4910688
for range-covered
table 1 : explain SELECT id FROM sbtest1 WHERE id BETWEEN 6470113 AND 6470213
	Index Only Scan using sbtest1_pkey on sbtest1  (cost=0.43..10.44 rows=100 width=4)
	  Index Cond: ((id >= 6470113) AND (id <= 6470213))

table 2 : explain SELECT id FROM sbtest2 WHERE id BETWEEN 6470113 AND 6470213
	Index Only Scan using sbtest2_pkey on sbtest2  (cost=0.43..6.59 rows=108 width=4)
	  Index Cond: ((id >= 6470113) AND (id <= 6470213))

table 3 : explain SELECT id FROM sbtest3 WHERE id BETWEEN 6470113 AND 6470213
	Index Only Scan using sbtest3_pkey on sbtest3  (cost=0.43..6.24 rows=90 width=4)
	  Index Cond: ((id >= 6470113) AND (id <= 6470213))

table 4 : explain SELECT id FROM sbtest4 WHERE id BETWEEN 6470113 AND 6470213
	Index Only Scan using sbtest4_pkey on sbtest4  (cost=0.43..10.28 rows=92 width=4)
	  Index Cond: ((id >= 6470113) AND (id <= 6470213))

table 5 : explain SELECT id FROM sbtest5 WHERE id BETWEEN 6470113 AND 6470213
	Index Only Scan using sbtest5_pkey on sbtest5  (cost=0.43..10.26 rows=91 width=4)
	  Index Cond: ((id >= 6470113) AND (id <= 6470213))

table 6 : explain SELECT id FROM sbtest6 WHERE id BETWEEN 6470113 AND 6470213
	Index Only Scan using sbtest6_pkey on sbtest6  (cost=0.43..6.53 rows=105 width=4)
	  Index Cond: ((id >= 6470113) AND (id <= 6470213))

table 7 : explain SELECT id FROM sbtest7 WHERE id BETWEEN 6470113 AND 6470213
	Index Only Scan using sbtest7_pkey on sbtest7  (cost=0.43..6.51 rows=104 width=4)
	  Index Cond: ((id >= 6470113) AND (id <= 6470213))

table 8 : explain SELECT id FROM sbtest8 WHERE id BETWEEN 6470113 AND 6470213
	Index Only Scan using sbtest8_pkey on sbtest8  (cost=0.43..6.27 rows=92 width=4)
	  Index Cond: ((id >= 6470113) AND (id <= 6470213))

explain: for range-covered :: explain SELECT id FROM sbtest%d WHERE id BETWEEN 6470113 AND 6470213
for range-covered
table 1 : explain SELECT id FROM sbtest1 WHERE id BETWEEN 9552801 AND 9552901
	Index Only Scan using sbtest1_pkey on sbtest1  (cost=0.43..10.54 rows=105 width=4)
	  Index Cond: ((id >= 9552801) AND (id <= 9552901))

table 2 : explain SELECT id FROM sbtest2 WHERE id BETWEEN 9552801 AND 9552901
	Index Only Scan using sbtest2_pkey on sbtest2  (cost=0.43..6.51 rows=104 width=4)
	  Index Cond: ((id >= 9552801) AND (id <= 9552901))

table 3 : explain SELECT id FROM sbtest3 WHERE id BETWEEN 9552801 AND 9552901
	Index Only Scan using sbtest3_pkey on sbtest3  (cost=0.43..6.67 rows=112 width=4)
	  Index Cond: ((id >= 9552801) AND (id <= 9552901))

table 4 : explain SELECT id FROM sbtest4 WHERE id BETWEEN 9552801 AND 9552901
	Index Only Scan using sbtest4_pkey on sbtest4  (cost=0.43..10.40 rows=98 width=4)
	  Index Cond: ((id >= 9552801) AND (id <= 9552901))

table 5 : explain SELECT id FROM sbtest5 WHERE id BETWEEN 9552801 AND 9552901
	Index Only Scan using sbtest5_pkey on sbtest5  (cost=0.43..10.46 rows=101 width=4)
	  Index Cond: ((id >= 9552801) AND (id <= 9552901))

table 6 : explain SELECT id FROM sbtest6 WHERE id BETWEEN 9552801 AND 9552901
	Index Only Scan using sbtest6_pkey on sbtest6  (cost=0.43..6.35 rows=96 width=4)
	  Index Cond: ((id >= 9552801) AND (id <= 9552901))

table 7 : explain SELECT id FROM sbtest7 WHERE id BETWEEN 9552801 AND 9552901
	Index Only Scan using sbtest7_pkey on sbtest7  (cost=0.43..6.40 rows=98 width=4)
	  Index Cond: ((id >= 9552801) AND (id <= 9552901))

table 8 : explain SELECT id FROM sbtest8 WHERE id BETWEEN 9552801 AND 9552901
	Index Only Scan using sbtest8_pkey on sbtest8  (cost=0.43..6.47 rows=102 width=4)
	  Index Cond: ((id >= 9552801) AND (id <= 9552901))

for range-covered
table 1 : explain SELECT id FROM sbtest1 WHERE id BETWEEN 5851466 AND 5851566
	Index Only Scan using sbtest1_pkey on sbtest1  (cost=0.43..10.62 rows=109 width=4)
	  Index Cond: ((id >= 5851466) AND (id <= 5851566))

table 2 : explain SELECT id FROM sbtest2 WHERE id BETWEEN 5851466 AND 5851566
	Index Only Scan using sbtest2_pkey on sbtest2  (cost=0.43..6.47 rows=102 width=4)
	  Index Cond: ((id >= 5851466) AND (id <= 5851566))

table 3 : explain SELECT id FROM sbtest3 WHERE id BETWEEN 5851466 AND 5851566
	Index Only Scan using sbtest3_pkey on sbtest3  (cost=0.43..6.45 rows=101 width=4)
	  Index Cond: ((id >= 5851466) AND (id <= 5851566))

table 4 : explain SELECT id FROM sbtest4 WHERE id BETWEEN 5851466 AND 5851566
	Index Only Scan using sbtest4_pkey on sbtest4  (cost=0.43..10.56 rows=106 width=4)
	  Index Cond: ((id >= 5851466) AND (id <= 5851566))

table 5 : explain SELECT id FROM sbtest5 WHERE id BETWEEN 5851466 AND 5851566
	Index Only Scan using sbtest5_pkey on sbtest5  (cost=0.43..10.63 rows=110 width=4)
	  Index Cond: ((id >= 5851466) AND (id <= 5851566))

table 6 : explain SELECT id FROM sbtest6 WHERE id BETWEEN 5851466 AND 5851566
	Index Only Scan using sbtest6_pkey on sbtest6  (cost=0.43..6.58 rows=107 width=4)
	  Index Cond: ((id >= 5851466) AND (id <= 5851566))

table 7 : explain SELECT id FROM sbtest7 WHERE id BETWEEN 5851466 AND 5851566
	Index Only Scan using sbtest7_pkey on sbtest7  (cost=0.43..6.53 rows=105 width=4)
	  Index Cond: ((id >= 5851466) AND (id <= 5851566))

table 8 : explain SELECT id FROM sbtest8 WHERE id BETWEEN 5851466 AND 5851566
	Index Only Scan using sbtest8_pkey on sbtest8  (cost=0.43..6.59 rows=108 width=4)
	  Index Cond: ((id >= 5851466) AND (id <= 5851566))

explain: for range-covered :: explain SELECT id FROM sbtest%d WHERE id BETWEEN 9552801 AND 9552901
for range-covered
table 1 : explain SELECT id FROM sbtest1 WHERE id BETWEEN 4910588 AND 4910688
	Index Only Scan using sbtest1_pkey on sbtest1  (cost=0.43..10.63 rows=110 width=4)
	  Index Cond: ((id >= 4910588) AND (id <= 4910688))

table 2 : explain SELECT id FROM sbtest2 WHERE id BETWEEN 4910588 AND 4910688
	Index Only Scan using sbtest2_pkey on sbtest2  (cost=0.43..6.42 rows=99 width=4)
	  Index Cond: ((id >= 4910588) AND (id <= 4910688))

table 3 : explain SELECT id FROM sbtest3 WHERE id BETWEEN 4910588 AND 4910688
	Index Only Scan using sbtest3_pkey on sbtest3  (cost=0.43..6.77 rows=117 width=4)
	  Index Cond: ((id >= 4910588) AND (id <= 4910688))

table 4 : explain SELECT id FROM sbtest4 WHERE id BETWEEN 4910588 AND 4910688
	Index Only Scan using sbtest4_pkey on sbtest4  (cost=0.43..10.36 rows=96 width=4)
	  Index Cond: ((id >= 4910588) AND (id <= 4910688))

table 5 : explain SELECT id FROM sbtest5 WHERE id BETWEEN 4910588 AND 4910688
	Index Only Scan using sbtest5_pkey on sbtest5  (cost=0.43..10.40 rows=98 width=4)
	  Index Cond: ((id >= 4910588) AND (id <= 4910688))

table 6 : explain SELECT id FROM sbtest6 WHERE id BETWEEN 4910588 AND 4910688
	Index Only Scan using sbtest6_pkey on sbtest6  (cost=0.43..6.40 rows=98 width=4)
	  Index Cond: ((id >= 4910588) AND (id <= 4910688))

table 7 : explain SELECT id FROM sbtest7 WHERE id BETWEEN 4910588 AND 4910688
	Index Only Scan using sbtest7_pkey on sbtest7  (cost=0.43..6.66 rows=111 width=4)
	  Index Cond: ((id >= 4910588) AND (id <= 4910688))

table 8 : explain SELECT id FROM sbtest8 WHERE id BETWEEN 4910588 AND 4910688
	Index Only Scan using sbtest8_pkey on sbtest8  (cost=0.43..6.56 rows=106 width=4)
	  Index Cond: ((id >= 4910588) AND (id <= 4910688))

explain: for range-covered :: explain SELECT id FROM sbtest%d WHERE id BETWEEN 4910588 AND 4910688
explain: for range-covered :: explain SELECT id FROM sbtest%d WHERE id BETWEEN 5851466 AND 5851566
for range-covered
table 1 : explain SELECT id FROM sbtest1 WHERE id BETWEEN 6470113 AND 6470213
	Index Only Scan using sbtest1_pkey on sbtest1  (cost=0.43..10.44 rows=100 width=4)
	  Index Cond: ((id >= 6470113) AND (id <= 6470213))

table 2 : explain SELECT id FROM sbtest2 WHERE id BETWEEN 6470113 AND 6470213
	Index Only Scan using sbtest2_pkey on sbtest2  (cost=0.43..6.59 rows=108 width=4)
	  Index Cond: ((id >= 6470113) AND (id <= 6470213))

table 3 : explain SELECT id FROM sbtest3 WHERE id BETWEEN 6470113 AND 6470213
	Index Only Scan using sbtest3_pkey on sbtest3  (cost=0.43..6.24 rows=90 width=4)
	  Index Cond: ((id >= 6470113) AND (id <= 6470213))

table 4 : explain SELECT id FROM sbtest4 WHERE id BETWEEN 6470113 AND 6470213
	Index Only Scan using sbtest4_pkey on sbtest4  (cost=0.43..10.28 rows=92 width=4)
	  Index Cond: ((id >= 6470113) AND (id <= 6470213))

table 5 : explain SELECT id FROM sbtest5 WHERE id BETWEEN 6470113 AND 6470213
	Index Only Scan using sbtest5_pkey on sbtest5  (cost=0.43..10.26 rows=91 width=4)
	  Index Cond: ((id >= 6470113) AND (id <= 6470213))

table 6 : explain SELECT id FROM sbtest6 WHERE id BETWEEN 6470113 AND 6470213
	Index Only Scan using sbtest6_pkey on sbtest6  (cost=0.43..6.53 rows=105 width=4)
	  Index Cond: ((id >= 6470113) AND (id <= 6470213))

table 7 : explain SELECT id FROM sbtest7 WHERE id BETWEEN 6470113 AND 6470213
	Index Only Scan using sbtest7_pkey on sbtest7  (cost=0.43..6.51 rows=104 width=4)
	  Index Cond: ((id >= 6470113) AND (id <= 6470213))

table 8 : explain SELECT id FROM sbtest8 WHERE id BETWEEN 6470113 AND 6470213
	Index Only Scan using sbtest8_pkey on sbtest8  (cost=0.43..6.27 rows=92 width=4)
	  Index Cond: ((id >= 6470113) AND (id <= 6470213))

for range-covered
table 1 : explain SELECT id FROM sbtest1 WHERE id BETWEEN 590346 AND 590446
	Index Only Scan using sbtest1_pkey on sbtest1  (cost=0.43..10.58 rows=107 width=4)
	  Index Cond: ((id >= 590346) AND (id <= 590446))

table 2 : explain SELECT id FROM sbtest2 WHERE id BETWEEN 590346 AND 590446
	Index Only Scan using sbtest2_pkey on sbtest2  (cost=0.43..6.32 rows=94 width=4)
	  Index Cond: ((id >= 590346) AND (id <= 590446))

table 3 : explain SELECT id FROM sbtest3 WHERE id BETWEEN 590346 AND 590446
	Index Only Scan using sbtest3_pkey on sbtest3  (cost=0.43..6.61 rows=109 width=4)
	  Index Cond: ((id >= 590346) AND (id <= 590446))

table 4 : explain SELECT id FROM sbtest4 WHERE id BETWEEN 590346 AND 590446
	Index Only Scan using sbtest4_pkey on sbtest4  (cost=0.43..10.60 rows=108 width=4)
	  Index Cond: ((id >= 590346) AND (id <= 590446))

table 5 : explain SELECT id FROM sbtest5 WHERE id BETWEEN 590346 AND 590446
	Index Only Scan using sbtest5_pkey on sbtest5  (cost=0.43..10.36 rows=96 width=4)
	  Index Cond: ((id >= 590346) AND (id <= 590446))

table 6 : explain SELECT id FROM sbtest6 WHERE id BETWEEN 590346 AND 590446
	Index Only Scan using sbtest6_pkey on sbtest6  (cost=0.43..6.27 rows=92 width=4)
	  Index Cond: ((id >= 590346) AND (id <= 590446))

table 7 : explain SELECT id FROM sbtest7 WHERE id BETWEEN 590346 AND 590446
	Index Only Scan using sbtest7_pkey on sbtest7  (cost=0.43..6.29 rows=93 width=4)
	  Index Cond: ((id >= 590346) AND (id <= 590446))

table 8 : explain SELECT id FROM sbtest8 WHERE id BETWEEN 590346 AND 590446
	Index Only Scan using sbtest8_pkey on sbtest8  (cost=0.43..6.47 rows=102 width=4)
	  Index Cond: ((id >= 590346) AND (id <= 590446))

explain: for range-covered :: explain SELECT id FROM sbtest%d WHERE id BETWEEN 6470113 AND 6470213
explain: for range-covered :: explain SELECT id FROM sbtest%d WHERE id BETWEEN 590346 AND 590446
for range-covered
table 1 : explain SELECT id FROM sbtest1 WHERE id BETWEEN 9552801 AND 9552901
	Index Only Scan using sbtest1_pkey on sbtest1  (cost=0.43..10.54 rows=105 width=4)
	  Index Cond: ((id >= 9552801) AND (id <= 9552901))

table 2 : explain SELECT id FROM sbtest2 WHERE id BETWEEN 9552801 AND 9552901
	Index Only Scan using sbtest2_pkey on sbtest2  (cost=0.43..6.51 rows=104 width=4)
	  Index Cond: ((id >= 9552801) AND (id <= 9552901))

table 3 : explain SELECT id FROM sbtest3 WHERE id BETWEEN 9552801 AND 9552901
	Index Only Scan using sbtest3_pkey on sbtest3  (cost=0.43..6.67 rows=112 width=4)
	  Index Cond: ((id >= 9552801) AND (id <= 9552901))

table 4 : explain SELECT id FROM sbtest4 WHERE id BETWEEN 9552801 AND 9552901
	Index Only Scan using sbtest4_pkey on sbtest4  (cost=0.43..10.40 rows=98 width=4)
	  Index Cond: ((id >= 9552801) AND (id <= 9552901))

table 5 : explain SELECT id FROM sbtest5 WHERE id BETWEEN 9552801 AND 9552901
	Index Only Scan using sbtest5_pkey on sbtest5  (cost=0.43..10.46 rows=101 width=4)
	  Index Cond: ((id >= 9552801) AND (id <= 9552901))

table 6 : explain SELECT id FROM sbtest6 WHERE id BETWEEN 9552801 AND 9552901
	Index Only Scan using sbtest6_pkey on sbtest6  (cost=0.43..6.35 rows=96 width=4)
	  Index Cond: ((id >= 9552801) AND (id <= 9552901))

table 7 : explain SELECT id FROM sbtest7 WHERE id BETWEEN 9552801 AND 9552901
	Index Only Scan using sbtest7_pkey on sbtest7  (cost=0.43..6.40 rows=98 width=4)
	  Index Cond: ((id >= 9552801) AND (id <= 9552901))

table 8 : explain SELECT id FROM sbtest8 WHERE id BETWEEN 9552801 AND 9552901
	Index Only Scan using sbtest8_pkey on sbtest8  (cost=0.43..6.47 rows=102 width=4)
	  Index Cond: ((id >= 9552801) AND (id <= 9552901))

for range-covered
table 1 : explain SELECT id FROM sbtest1 WHERE id BETWEEN 4910588 AND 4910688
	Index Only Scan using sbtest1_pkey on sbtest1  (cost=0.43..10.63 rows=110 width=4)
	  Index Cond: ((id >= 4910588) AND (id <= 4910688))

table 2 : explain SELECT id FROM sbtest2 WHERE id BETWEEN 4910588 AND 4910688
	Index Only Scan using sbtest2_pkey on sbtest2  (cost=0.43..6.42 rows=99 width=4)
	  Index Cond: ((id >= 4910588) AND (id <= 4910688))

table 3 : explain SELECT id FROM sbtest3 WHERE id BETWEEN 4910588 AND 4910688
	Index Only Scan using sbtest3_pkey on sbtest3  (cost=0.43..6.77 rows=117 width=4)
	  Index Cond: ((id >= 4910588) AND (id <= 4910688))

table 4 : explain SELECT id FROM sbtest4 WHERE id BETWEEN 4910588 AND 4910688
	Index Only Scan using sbtest4_pkey on sbtest4  (cost=0.43..10.36 rows=96 width=4)
	  Index Cond: ((id >= 4910588) AND (id <= 4910688))

table 5 : explain SELECT id FROM sbtest5 WHERE id BETWEEN 4910588 AND 4910688
	Index Only Scan using sbtest5_pkey on sbtest5  (cost=0.43..10.40 rows=98 width=4)
	  Index Cond: ((id >= 4910588) AND (id <= 4910688))

table 6 : explain SELECT id FROM sbtest6 WHERE id BETWEEN 4910588 AND 4910688
	Index Only Scan using sbtest6_pkey on sbtest6  (cost=0.43..6.40 rows=98 width=4)
	  Index Cond: ((id >= 4910588) AND (id <= 4910688))

table 7 : explain SELECT id FROM sbtest7 WHERE id BETWEEN 4910588 AND 4910688
	Index Only Scan using sbtest7_pkey on sbtest7  (cost=0.43..6.66 rows=111 width=4)
	  Index Cond: ((id >= 4910588) AND (id <= 4910688))

table 8 : explain SELECT id FROM sbtest8 WHERE id BETWEEN 4910588 AND 4910688
	Index Only Scan using sbtest8_pkey on sbtest8  (cost=0.43..6.56 rows=106 width=4)
	  Index Cond: ((id >= 4910588) AND (id <= 4910688))

explain: for range-covered :: explain SELECT id FROM sbtest%d WHERE id BETWEEN 9552801 AND 9552901
explain: for range-covered :: explain SELECT id FROM sbtest%d WHERE id BETWEEN 4910588 AND 4910688
for range-covered
table 1 : explain SELECT id FROM sbtest1 WHERE id BETWEEN 4665031 AND 4665131
	Index Only Scan using sbtest1_pkey on sbtest1  (cost=0.43..10.50 rows=103 width=4)
	  Index Cond: ((id >= 4665031) AND (id <= 4665131))

table 2 : explain SELECT id FROM sbtest2 WHERE id BETWEEN 4665031 AND 4665131
	Index Only Scan using sbtest2_pkey on sbtest2  (cost=0.43..6.47 rows=102 width=4)
	  Index Cond: ((id >= 4665031) AND (id <= 4665131))

table 3 : explain SELECT id FROM sbtest3 WHERE id BETWEEN 4665031 AND 4665131
	Index Only Scan using sbtest3_pkey on sbtest3  (cost=0.43..6.35 rows=96 width=4)
	  Index Cond: ((id >= 4665031) AND (id <= 4665131))

table 4 : explain SELECT id FROM sbtest4 WHERE id BETWEEN 4665031 AND 4665131
	Index Only Scan using sbtest4_pkey on sbtest4  (cost=0.43..10.47 rows=102 width=4)
	  Index Cond: ((id >= 4665031) AND (id <= 4665131))

table 5 : explain SELECT id FROM sbtest5 WHERE id BETWEEN 4665031 AND 4665131
	Index Only Scan using sbtest5_pkey on sbtest5  (cost=0.43..10.47 rows=102 width=4)
	  Index Cond: ((id >= 4665031) AND (id <= 4665131))

table 6 : explain SELECT id FROM sbtest6 WHERE id BETWEEN 4665031 AND 4665131
	Index Only Scan using sbtest6_pkey on sbtest6  (cost=0.43..6.29 rows=93 width=4)
	  Index Cond: ((id >= 4665031) AND (id <= 4665131))

table 7 : explain SELECT id FROM sbtest7 WHERE id BETWEEN 4665031 AND 4665131
	Index Only Scan using sbtest7_pkey on sbtest7  (cost=0.43..6.61 rows=109 width=4)
	  Index Cond: ((id >= 4665031) AND (id <= 4665131))

table 8 : explain SELECT id FROM sbtest8 WHERE id BETWEEN 4665031 AND 4665131
	Index Only Scan using sbtest8_pkey on sbtest8  (cost=0.43..6.27 rows=92 width=4)
	  Index Cond: ((id >= 4665031) AND (id <= 4665131))

explain: for range-covered :: explain SELECT id FROM sbtest%d WHERE id BETWEEN 4665031 AND 4665131
for range-covered
table 1 : explain SELECT id FROM sbtest1 WHERE id BETWEEN 4910588 AND 4910688
	Index Only Scan using sbtest1_pkey on sbtest1  (cost=0.43..10.63 rows=110 width=4)
	  Index Cond: ((id >= 4910588) AND (id <= 4910688))

table 2 : explain SELECT id FROM sbtest2 WHERE id BETWEEN 4910588 AND 4910688
	Index Only Scan using sbtest2_pkey on sbtest2  (cost=0.43..6.42 rows=99 width=4)
	  Index Cond: ((id >= 4910588) AND (id <= 4910688))

table 3 : explain SELECT id FROM sbtest3 WHERE id BETWEEN 4910588 AND 4910688
	Index Only Scan using sbtest3_pkey on sbtest3  (cost=0.43..6.77 rows=117 width=4)
	  Index Cond: ((id >= 4910588) AND (id <= 4910688))

table 4 : explain SELECT id FROM sbtest4 WHERE id BETWEEN 4910588 AND 4910688
	Index Only Scan using sbtest4_pkey on sbtest4  (cost=0.43..10.36 rows=96 width=4)
	  Index Cond: ((id >= 4910588) AND (id <= 4910688))

table 5 : explain SELECT id FROM sbtest5 WHERE id BETWEEN 4910588 AND 4910688
	Index Only Scan using sbtest5_pkey on sbtest5  (cost=0.43..10.40 rows=98 width=4)
	  Index Cond: ((id >= 4910588) AND (id <= 4910688))

table 6 : explain SELECT id FROM sbtest6 WHERE id BETWEEN 4910588 AND 4910688
	Index Only Scan using sbtest6_pkey on sbtest6  (cost=0.43..6.40 rows=98 width=4)
	  Index Cond: ((id >= 4910588) AND (id <= 4910688))

table 7 : explain SELECT id FROM sbtest7 WHERE id BETWEEN 4910588 AND 4910688
	Index Only Scan using sbtest7_pkey on sbtest7  (cost=0.43..6.66 rows=111 width=4)
	  Index Cond: ((id >= 4910588) AND (id <= 4910688))

table 8 : explain SELECT id FROM sbtest8 WHERE id BETWEEN 4910588 AND 4910688
	Index Only Scan using sbtest8_pkey on sbtest8  (cost=0.43..6.56 rows=106 width=4)
	  Index Cond: ((id >= 4910588) AND (id <= 4910688))

for range-covered
table 1 : explain SELECT id FROM sbtest1 WHERE id BETWEEN 9552801 AND 9552901
	Index Only Scan using sbtest1_pkey on sbtest1  (cost=0.43..10.54 rows=105 width=4)
	  Index Cond: ((id >= 9552801) AND (id <= 9552901))

table 2 : explain SELECT id FROM sbtest2 WHERE id BETWEEN 9552801 AND 9552901
	Index Only Scan using sbtest2_pkey on sbtest2  (cost=0.43..6.51 rows=104 width=4)
	  Index Cond: ((id >= 9552801) AND (id <= 9552901))

table 3 : explain SELECT id FROM sbtest3 WHERE id BETWEEN 9552801 AND 9552901
	Index Only Scan using sbtest3_pkey on sbtest3  (cost=0.43..6.67 rows=112 width=4)
	  Index Cond: ((id >= 9552801) AND (id <= 9552901))

table 4 : explain SELECT id FROM sbtest4 WHERE id BETWEEN 9552801 AND 9552901
	Index Only Scan using sbtest4_pkey on sbtest4  (cost=0.43..10.40 rows=98 width=4)
	  Index Cond: ((id >= 9552801) AND (id <= 9552901))

table 5 : explain SELECT id FROM sbtest5 WHERE id BETWEEN 9552801 AND 9552901
	Index Only Scan using sbtest5_pkey on sbtest5  (cost=0.43..10.46 rows=101 width=4)
	  Index Cond: ((id >= 9552801) AND (id <= 9552901))

table 6 : explain SELECT id FROM sbtest6 WHERE id BETWEEN 9552801 AND 9552901
	Index Only Scan using sbtest6_pkey on sbtest6  (cost=0.43..6.35 rows=96 width=4)
	  Index Cond: ((id >= 9552801) AND (id <= 9552901))

table 7 : explain SELECT id FROM sbtest7 WHERE id BETWEEN 9552801 AND 9552901
	Index Only Scan using sbtest7_pkey on sbtest7  (cost=0.43..6.40 rows=98 width=4)
	  Index Cond: ((id >= 9552801) AND (id <= 9552901))

table 8 : explain SELECT id FROM sbtest8 WHERE id BETWEEN 9552801 AND 9552901
	Index Only Scan using sbtest8_pkey on sbtest8  (cost=0.43..6.47 rows=102 width=4)
	  Index Cond: ((id >= 9552801) AND (id <= 9552901))

explain: for range-covered :: explain SELECT id FROM sbtest%d WHERE id BETWEEN 4910588 AND 4910688
explain: for range-covered :: explain SELECT id FROM sbtest%d WHERE id BETWEEN 9552801 AND 9552901
for range-covered
table 1 : explain SELECT id FROM sbtest1 WHERE id BETWEEN 5851466 AND 5851566
	Index Only Scan using sbtest1_pkey on sbtest1  (cost=0.43..10.62 rows=109 width=4)
	  Index Cond: ((id >= 5851466) AND (id <= 5851566))

table 2 : explain SELECT id FROM sbtest2 WHERE id BETWEEN 5851466 AND 5851566
	Index Only Scan using sbtest2_pkey on sbtest2  (cost=0.43..6.47 rows=102 width=4)
	  Index Cond: ((id >= 5851466) AND (id <= 5851566))

table 3 : explain SELECT id FROM sbtest3 WHERE id BETWEEN 5851466 AND 5851566
	Index Only Scan using sbtest3_pkey on sbtest3  (cost=0.43..6.45 rows=101 width=4)
	  Index Cond: ((id >= 5851466) AND (id <= 5851566))

table 4 : explain SELECT id FROM sbtest4 WHERE id BETWEEN 5851466 AND 5851566
	Index Only Scan using sbtest4_pkey on sbtest4  (cost=0.43..10.56 rows=106 width=4)
	  Index Cond: ((id >= 5851466) AND (id <= 5851566))

table 5 : explain SELECT id FROM sbtest5 WHERE id BETWEEN 5851466 AND 5851566
	Index Only Scan using sbtest5_pkey on sbtest5  (cost=0.43..10.63 rows=110 width=4)
	  Index Cond: ((id >= 5851466) AND (id <= 5851566))

table 6 : explain SELECT id FROM sbtest6 WHERE id BETWEEN 5851466 AND 5851566
	Index Only Scan using sbtest6_pkey on sbtest6  (cost=0.43..6.58 rows=107 width=4)
	  Index Cond: ((id >= 5851466) AND (id <= 5851566))

table 7 : explain SELECT id FROM sbtest7 WHERE id BETWEEN 5851466 AND 5851566
	Index Only Scan using sbtest7_pkey on sbtest7  (cost=0.43..6.53 rows=105 width=4)
	  Index Cond: ((id >= 5851466) AND (id <= 5851566))

table 8 : explain SELECT id FROM sbtest8 WHERE id BETWEEN 5851466 AND 5851566
	Index Only Scan using sbtest8_pkey on sbtest8  (cost=0.43..6.59 rows=108 width=4)
	  Index Cond: ((id >= 5851466) AND (id <= 5851566))

for range-covered
table 1 : explain SELECT id FROM sbtest1 WHERE id BETWEEN 590346 AND 590446
	Index Only Scan using sbtest1_pkey on sbtest1  (cost=0.43..10.58 rows=107 width=4)
	  Index Cond: ((id >= 590346) AND (id <= 590446))

table 2 : explain SELECT id FROM sbtest2 WHERE id BETWEEN 590346 AND 590446
	Index Only Scan using sbtest2_pkey on sbtest2  (cost=0.43..6.32 rows=94 width=4)
	  Index Cond: ((id >= 590346) AND (id <= 590446))

table 3 : explain SELECT id FROM sbtest3 WHERE id BETWEEN 590346 AND 590446
	Index Only Scan using sbtest3_pkey on sbtest3  (cost=0.43..6.61 rows=109 width=4)
	  Index Cond: ((id >= 590346) AND (id <= 590446))

table 4 : explain SELECT id FROM sbtest4 WHERE id BETWEEN 590346 AND 590446
	Index Only Scan using sbtest4_pkey on sbtest4  (cost=0.43..10.60 rows=108 width=4)
	  Index Cond: ((id >= 590346) AND (id <= 590446))

table 5 : explain SELECT id FROM sbtest5 WHERE id BETWEEN 590346 AND 590446
	Index Only Scan using sbtest5_pkey on sbtest5  (cost=0.43..10.36 rows=96 width=4)
	  Index Cond: ((id >= 590346) AND (id <= 590446))

table 6 : explain SELECT id FROM sbtest6 WHERE id BETWEEN 590346 AND 590446
	Index Only Scan using sbtest6_pkey on sbtest6  (cost=0.43..6.27 rows=92 width=4)
	  Index Cond: ((id >= 590346) AND (id <= 590446))

table 7 : explain SELECT id FROM sbtest7 WHERE id BETWEEN 590346 AND 590446
	Index Only Scan using sbtest7_pkey on sbtest7  (cost=0.43..6.29 rows=93 width=4)
	  Index Cond: ((id >= 590346) AND (id <= 590446))

table 8 : explain SELECT id FROM sbtest8 WHERE id BETWEEN 590346 AND 590446
	Index Only Scan using sbtest8_pkey on sbtest8  (cost=0.43..6.47 rows=102 width=4)
	  Index Cond: ((id >= 590346) AND (id <= 590446))

for range-covered
table 1 : explain SELECT id FROM sbtest1 WHERE id BETWEEN 6470113 AND 6470213
	Index Only Scan using sbtest1_pkey on sbtest1  (cost=0.43..10.44 rows=100 width=4)
	  Index Cond: ((id >= 6470113) AND (id <= 6470213))

table 2 : explain SELECT id FROM sbtest2 WHERE id BETWEEN 6470113 AND 6470213
	Index Only Scan using sbtest2_pkey on sbtest2  (cost=0.43..6.59 rows=108 width=4)
	  Index Cond: ((id >= 6470113) AND (id <= 6470213))

table 3 : explain SELECT id FROM sbtest3 WHERE id BETWEEN 6470113 AND 6470213
	Index Only Scan using sbtest3_pkey on sbtest3  (cost=0.43..6.24 rows=90 width=4)
	  Index Cond: ((id >= 6470113) AND (id <= 6470213))

table 4 : explain SELECT id FROM sbtest4 WHERE id BETWEEN 6470113 AND 6470213
	Index Only Scan using sbtest4_pkey on sbtest4  (cost=0.43..10.28 rows=92 width=4)
	  Index Cond: ((id >= 6470113) AND (id <= 6470213))

table 5 : explain SELECT id FROM sbtest5 WHERE id BETWEEN 6470113 AND 6470213
	Index Only Scan using sbtest5_pkey on sbtest5  (cost=0.43..10.26 rows=91 width=4)
	  Index Cond: ((id >= 6470113) AND (id <= 6470213))

table 6 : explain SELECT id FROM sbtest6 WHERE id BETWEEN 6470113 AND 6470213
	Index Only Scan using sbtest6_pkey on sbtest6  (cost=0.43..6.53 rows=105 width=4)
	  Index Cond: ((id >= 6470113) AND (id <= 6470213))

table 7 : explain SELECT id FROM sbtest7 WHERE id BETWEEN 6470113 AND 6470213
	Index Only Scan using sbtest7_pkey on sbtest7  (cost=0.43..6.51 rows=104 width=4)
	  Index Cond: ((id >= 6470113) AND (id <= 6470213))

table 8 : explain SELECT id FROM sbtest8 WHERE id BETWEEN 6470113 AND 6470213
	Index Only Scan using sbtest8_pkey on sbtest8  (cost=0.43..6.27 rows=92 width=4)
	  Index Cond: ((id >= 6470113) AND (id <= 6470213))

explain: for range-covered :: explain SELECT id FROM sbtest%d WHERE id BETWEEN 5851466 AND 5851566
explain: for range-covered :: explain SELECT id FROM sbtest%d WHERE id BETWEEN 590346 AND 590446
explain: for range-covered :: explain SELECT id FROM sbtest%d WHERE id BETWEEN 6470113 AND 6470213
for range-covered
table 1 : explain SELECT id FROM sbtest1 WHERE id BETWEEN 8586975 AND 8587075
	Index Only Scan using sbtest1_pkey on sbtest1  (cost=0.43..10.44 rows=100 width=4)
	  Index Cond: ((id >= 8586975) AND (id <= 8587075))

table 2 : explain SELECT id FROM sbtest2 WHERE id BETWEEN 8586975 AND 8587075
	Index Only Scan using sbtest2_pkey on sbtest2  (cost=0.43..6.45 rows=101 width=4)
	  Index Cond: ((id >= 8586975) AND (id <= 8587075))

table 3 : explain SELECT id FROM sbtest3 WHERE id BETWEEN 8586975 AND 8587075
	Index Only Scan using sbtest3_pkey on sbtest3  (cost=0.43..6.27 rows=92 width=4)
	  Index Cond: ((id >= 8586975) AND (id <= 8587075))

table 4 : explain SELECT id FROM sbtest4 WHERE id BETWEEN 8586975 AND 8587075
	Index Only Scan using sbtest4_pkey on sbtest4  (cost=0.43..10.42 rows=99 width=4)
	  Index Cond: ((id >= 8586975) AND (id <= 8587075))

table 5 : explain SELECT id FROM sbtest5 WHERE id BETWEEN 8586975 AND 8587075
	Index Only Scan using sbtest5_pkey on sbtest5  (cost=0.43..10.47 rows=102 width=4)
	  Index Cond: ((id >= 8586975) AND (id <= 8587075))

table 6 : explain SELECT id FROM sbtest6 WHERE id BETWEEN 8586975 AND 8587075
	Index Only Scan using sbtest6_pkey on sbtest6  (cost=0.43..6.32 rows=94 width=4)
	  Index Cond: ((id >= 8586975) AND (id <= 8587075))

table 7 : explain SELECT id FROM sbtest7 WHERE id BETWEEN 8586975 AND 8587075
	Index Only Scan using sbtest7_pkey on sbtest7  (cost=0.43..6.61 rows=109 width=4)
	  Index Cond: ((id >= 8586975) AND (id <= 8587075))

table 8 : explain SELECT id FROM sbtest8 WHERE id BETWEEN 8586975 AND 8587075
	Index Only Scan using sbtest8_pkey on sbtest8  (cost=0.43..6.45 rows=101 width=4)
	  Index Cond: ((id >= 8586975) AND (id <= 8587075))

explain: for range-covered :: explain SELECT id FROM sbtest%d WHERE id BETWEEN 8586975 AND 8587075
for range-covered
table 1 : explain SELECT id FROM sbtest1 WHERE id BETWEEN 9552801 AND 9552901
	Index Only Scan using sbtest1_pkey on sbtest1  (cost=0.43..10.54 rows=105 width=4)
	  Index Cond: ((id >= 9552801) AND (id <= 9552901))

table 2 : explain SELECT id FROM sbtest2 WHERE id BETWEEN 9552801 AND 9552901
	Index Only Scan using sbtest2_pkey on sbtest2  (cost=0.43..6.51 rows=104 width=4)
	  Index Cond: ((id >= 9552801) AND (id <= 9552901))

table 3 : explain SELECT id FROM sbtest3 WHERE id BETWEEN 9552801 AND 9552901
	Index Only Scan using sbtest3_pkey on sbtest3  (cost=0.43..6.67 rows=112 width=4)
	  Index Cond: ((id >= 9552801) AND (id <= 9552901))

table 4 : explain SELECT id FROM sbtest4 WHERE id BETWEEN 9552801 AND 9552901
	Index Only Scan using sbtest4_pkey on sbtest4  (cost=0.43..10.40 rows=98 width=4)
	  Index Cond: ((id >= 9552801) AND (id <= 9552901))

table 5 : explain SELECT id FROM sbtest5 WHERE id BETWEEN 9552801 AND 9552901
	Index Only Scan using sbtest5_pkey on sbtest5  (cost=0.43..10.46 rows=101 width=4)
	  Index Cond: ((id >= 9552801) AND (id <= 9552901))

table 6 : explain SELECT id FROM sbtest6 WHERE id BETWEEN 9552801 AND 9552901
	Index Only Scan using sbtest6_pkey on sbtest6  (cost=0.43..6.35 rows=96 width=4)
	  Index Cond: ((id >= 9552801) AND (id <= 9552901))

table 7 : explain SELECT id FROM sbtest7 WHERE id BETWEEN 9552801 AND 9552901
	Index Only Scan using sbtest7_pkey on sbtest7  (cost=0.43..6.40 rows=98 width=4)
	  Index Cond: ((id >= 9552801) AND (id <= 9552901))

table 8 : explain SELECT id FROM sbtest8 WHERE id BETWEEN 9552801 AND 9552901
	Index Only Scan using sbtest8_pkey on sbtest8  (cost=0.43..6.47 rows=102 width=4)
	  Index Cond: ((id >= 9552801) AND (id <= 9552901))

for range-covered
table 1 : explain SELECT id FROM sbtest1 WHERE id BETWEEN 4910588 AND 4910688
	Index Only Scan using sbtest1_pkey on sbtest1  (cost=0.43..10.63 rows=110 width=4)
	  Index Cond: ((id >= 4910588) AND (id <= 4910688))

table 2 : explain SELECT id FROM sbtest2 WHERE id BETWEEN 4910588 AND 4910688
	Index Only Scan using sbtest2_pkey on sbtest2  (cost=0.43..6.42 rows=99 width=4)
	  Index Cond: ((id >= 4910588) AND (id <= 4910688))

table 3 : explain SELECT id FROM sbtest3 WHERE id BETWEEN 4910588 AND 4910688
	Index Only Scan using sbtest3_pkey on sbtest3  (cost=0.43..6.77 rows=117 width=4)
	  Index Cond: ((id >= 4910588) AND (id <= 4910688))

table 4 : explain SELECT id FROM sbtest4 WHERE id BETWEEN 4910588 AND 4910688
	Index Only Scan using sbtest4_pkey on sbtest4  (cost=0.43..10.36 rows=96 width=4)
	  Index Cond: ((id >= 4910588) AND (id <= 4910688))

table 5 : explain SELECT id FROM sbtest5 WHERE id BETWEEN 4910588 AND 4910688
	Index Only Scan using sbtest5_pkey on sbtest5  (cost=0.43..10.40 rows=98 width=4)
	  Index Cond: ((id >= 4910588) AND (id <= 4910688))

table 6 : explain SELECT id FROM sbtest6 WHERE id BETWEEN 4910588 AND 4910688
	Index Only Scan using sbtest6_pkey on sbtest6  (cost=0.43..6.40 rows=98 width=4)
	  Index Cond: ((id >= 4910588) AND (id <= 4910688))

table 7 : explain SELECT id FROM sbtest7 WHERE id BETWEEN 4910588 AND 4910688
	Index Only Scan using sbtest7_pkey on sbtest7  (cost=0.43..6.66 rows=111 width=4)
	  Index Cond: ((id >= 4910588) AND (id <= 4910688))

table 8 : explain SELECT id FROM sbtest8 WHERE id BETWEEN 4910588 AND 4910688
	Index Only Scan using sbtest8_pkey on sbtest8  (cost=0.43..6.56 rows=106 width=4)
	  Index Cond: ((id >= 4910588) AND (id <= 4910688))

explain: for range-covered :: explain SELECT id FROM sbtest%d WHERE id BETWEEN 9552801 AND 9552901
explain: for range-covered :: explain SELECT id FROM sbtest%d WHERE id BETWEEN 4910588 AND 4910688
for range-covered
table 1 : explain SELECT id FROM sbtest1 WHERE id BETWEEN 4665031 AND 4665131
	Index Only Scan using sbtest1_pkey on sbtest1  (cost=0.43..10.50 rows=103 width=4)
	  Index Cond: ((id >= 4665031) AND (id <= 4665131))

table 2 : explain SELECT id FROM sbtest2 WHERE id BETWEEN 4665031 AND 4665131
	Index Only Scan using sbtest2_pkey on sbtest2  (cost=0.43..6.47 rows=102 width=4)
	  Index Cond: ((id >= 4665031) AND (id <= 4665131))

table 3 : explain SELECT id FROM sbtest3 WHERE id BETWEEN 4665031 AND 4665131
	Index Only Scan using sbtest3_pkey on sbtest3  (cost=0.43..6.35 rows=96 width=4)
	  Index Cond: ((id >= 4665031) AND (id <= 4665131))

table 4 : explain SELECT id FROM sbtest4 WHERE id BETWEEN 4665031 AND 4665131
	Index Only Scan using sbtest4_pkey on sbtest4  (cost=0.43..10.47 rows=102 width=4)
	  Index Cond: ((id >= 4665031) AND (id <= 4665131))

table 5 : explain SELECT id FROM sbtest5 WHERE id BETWEEN 4665031 AND 4665131
	Index Only Scan using sbtest5_pkey on sbtest5  (cost=0.43..10.47 rows=102 width=4)
	  Index Cond: ((id >= 4665031) AND (id <= 4665131))

table 6 : explain SELECT id FROM sbtest6 WHERE id BETWEEN 4665031 AND 4665131
	Index Only Scan using sbtest6_pkey on sbtest6  (cost=0.43..6.29 rows=93 width=4)
	  Index Cond: ((id >= 4665031) AND (id <= 4665131))

table 7 : explain SELECT id FROM sbtest7 WHERE id BETWEEN 4665031 AND 4665131
	Index Only Scan using sbtest7_pkey on sbtest7  (cost=0.43..6.61 rows=109 width=4)
	  Index Cond: ((id >= 4665031) AND (id <= 4665131))

table 8 : explain SELECT id FROM sbtest8 WHERE id BETWEEN 4665031 AND 4665131
	Index Only Scan using sbtest8_pkey on sbtest8  (cost=0.43..6.27 rows=92 width=4)
	  Index Cond: ((id >= 4665031) AND (id <= 4665131))

for range-covered
table 1 : explain SELECT id FROM sbtest1 WHERE id BETWEEN 7131638 AND 7131738
	Index Only Scan using sbtest1_pkey on sbtest1  (cost=0.43..10.28 rows=92 width=4)
	  Index Cond: ((id >= 7131638) AND (id <= 7131738))

table 2 : explain SELECT id FROM sbtest2 WHERE id BETWEEN 7131638 AND 7131738
	Index Only Scan using sbtest2_pkey on sbtest2  (cost=0.43..6.51 rows=104 width=4)
	  Index Cond: ((id >= 7131638) AND (id <= 7131738))

table 3 : explain SELECT id FROM sbtest3 WHERE id BETWEEN 7131638 AND 7131738
	Index Only Scan using sbtest3_pkey on sbtest3  (cost=0.43..6.63 rows=110 width=4)
	  Index Cond: ((id >= 7131638) AND (id <= 7131738))

table 4 : explain SELECT id FROM sbtest4 WHERE id BETWEEN 7131638 AND 7131738
	Index Only Scan using sbtest4_pkey on sbtest4  (cost=0.43..10.36 rows=96 width=4)
	  Index Cond: ((id >= 7131638) AND (id <= 7131738))

table 5 : explain SELECT id FROM sbtest5 WHERE id BETWEEN 7131638 AND 7131738
	Index Only Scan using sbtest5_pkey on sbtest5  (cost=0.43..10.46 rows=101 width=4)
	  Index Cond: ((id >= 7131638) AND (id <= 7131738))

table 6 : explain SELECT id FROM sbtest6 WHERE id BETWEEN 7131638 AND 7131738
	Index Only Scan using sbtest6_pkey on sbtest6  (cost=0.43..6.66 rows=111 width=4)
	  Index Cond: ((id >= 7131638) AND (id <= 7131738))

table 7 : explain SELECT id FROM sbtest7 WHERE id BETWEEN 7131638 AND 7131738
	Index Only Scan using sbtest7_pkey on sbtest7  (cost=0.43..6.63 rows=110 width=4)
	  Index Cond: ((id >= 7131638) AND (id <= 7131738))

table 8 : explain SELECT id FROM sbtest8 WHERE id BETWEEN 7131638 AND 7131738
	Index Only Scan using sbtest8_pkey on sbtest8  (cost=0.43..6.51 rows=104 width=4)
	  Index Cond: ((id >= 7131638) AND (id <= 7131738))

for range-covered
table 1 : explain SELECT id FROM sbtest1 WHERE id BETWEEN 4694460 AND 4694560
	Index Only Scan using sbtest1_pkey on sbtest1  (cost=0.43..10.50 rows=103 width=4)
	  Index Cond: ((id >= 4694460) AND (id <= 4694560))

table 2 : explain SELECT id FROM sbtest2 WHERE id BETWEEN 4694460 AND 4694560
	Index Only Scan using sbtest2_pkey on sbtest2  (cost=0.43..6.47 rows=102 width=4)
	  Index Cond: ((id >= 4694460) AND (id <= 4694560))

table 3 : explain SELECT id FROM sbtest3 WHERE id BETWEEN 4694460 AND 4694560
	Index Only Scan using sbtest3_pkey on sbtest3  (cost=0.43..6.35 rows=96 width=4)
	  Index Cond: ((id >= 4694460) AND (id <= 4694560))

table 4 : explain SELECT id FROM sbtest4 WHERE id BETWEEN 4694460 AND 4694560
	Index Only Scan using sbtest4_pkey on sbtest4  (cost=0.43..10.47 rows=102 width=4)
	  Index Cond: ((id >= 4694460) AND (id <= 4694560))

table 5 : explain SELECT id FROM sbtest5 WHERE id BETWEEN 4694460 AND 4694560
	Index Only Scan using sbtest5_pkey on sbtest5  (cost=0.43..10.47 rows=102 width=4)
	  Index Cond: ((id >= 4694460) AND (id <= 4694560))

table 6 : explain SELECT id FROM sbtest6 WHERE id BETWEEN 4694460 AND 4694560
	Index Only Scan using sbtest6_pkey on sbtest6  (cost=0.43..6.29 rows=93 width=4)
	  Index Cond: ((id >= 4694460) AND (id <= 4694560))

table 7 : explain SELECT id FROM sbtest7 WHERE id BETWEEN 4694460 AND 4694560
	Index Only Scan using sbtest7_pkey on sbtest7  (cost=0.43..6.61 rows=109 width=4)
	  Index Cond: ((id >= 4694460) AND (id <= 4694560))

table 8 : explain SELECT id FROM sbtest8 WHERE id BETWEEN 4694460 AND 4694560
	Index Only Scan using sbtest8_pkey on sbtest8  (cost=0.43..6.27 rows=92 width=4)
	  Index Cond: ((id >= 4694460) AND (id <= 4694560))

explain: for range-covered :: explain SELECT id FROM sbtest%d WHERE id BETWEEN 7131638 AND 7131738
explain: for range-covered :: explain SELECT id FROM sbtest%d WHERE id BETWEEN 4665031 AND 4665131
explain: for range-covered :: explain SELECT id FROM sbtest%d WHERE id BETWEEN 4694460 AND 4694560
for range-covered
table 1 : explain SELECT id FROM sbtest1 WHERE id BETWEEN 8586975 AND 8587075
	Index Only Scan using sbtest1_pkey on sbtest1  (cost=0.43..10.44 rows=100 width=4)
	  Index Cond: ((id >= 8586975) AND (id <= 8587075))

table 2 : explain SELECT id FROM sbtest2 WHERE id BETWEEN 8586975 AND 8587075
	Index Only Scan using sbtest2_pkey on sbtest2  (cost=0.43..6.45 rows=101 width=4)
	  Index Cond: ((id >= 8586975) AND (id <= 8587075))

table 3 : explain SELECT id FROM sbtest3 WHERE id BETWEEN 8586975 AND 8587075
	Index Only Scan using sbtest3_pkey on sbtest3  (cost=0.43..6.27 rows=92 width=4)
	  Index Cond: ((id >= 8586975) AND (id <= 8587075))

table 4 : explain SELECT id FROM sbtest4 WHERE id BETWEEN 8586975 AND 8587075
	Index Only Scan using sbtest4_pkey on sbtest4  (cost=0.43..10.42 rows=99 width=4)
	  Index Cond: ((id >= 8586975) AND (id <= 8587075))

table 5 : explain SELECT id FROM sbtest5 WHERE id BETWEEN 8586975 AND 8587075
	Index Only Scan using sbtest5_pkey on sbtest5  (cost=0.43..10.47 rows=102 width=4)
	  Index Cond: ((id >= 8586975) AND (id <= 8587075))

table 6 : explain SELECT id FROM sbtest6 WHERE id BETWEEN 8586975 AND 8587075
	Index Only Scan using sbtest6_pkey on sbtest6  (cost=0.43..6.32 rows=94 width=4)
	  Index Cond: ((id >= 8586975) AND (id <= 8587075))

table 7 : explain SELECT id FROM sbtest7 WHERE id BETWEEN 8586975 AND 8587075
	Index Only Scan using sbtest7_pkey on sbtest7  (cost=0.43..6.61 rows=109 width=4)
	  Index Cond: ((id >= 8586975) AND (id <= 8587075))

table 8 : explain SELECT id FROM sbtest8 WHERE id BETWEEN 8586975 AND 8587075
	Index Only Scan using sbtest8_pkey on sbtest8  (cost=0.43..6.45 rows=101 width=4)
	  Index Cond: ((id >= 8586975) AND (id <= 8587075))

explain: for range-covered :: explain SELECT id FROM sbtest%d WHERE id BETWEEN 8586975 AND 8587075
for range-covered
table 1 : explain SELECT id FROM sbtest1 WHERE id BETWEEN 590346 AND 590446
	Index Only Scan using sbtest1_pkey on sbtest1  (cost=0.43..10.58 rows=107 width=4)
	  Index Cond: ((id >= 590346) AND (id <= 590446))

table 2 : explain SELECT id FROM sbtest2 WHERE id BETWEEN 590346 AND 590446
	Index Only Scan using sbtest2_pkey on sbtest2  (cost=0.43..6.32 rows=94 width=4)
	  Index Cond: ((id >= 590346) AND (id <= 590446))

table 3 : explain SELECT id FROM sbtest3 WHERE id BETWEEN 590346 AND 590446
	Index Only Scan using sbtest3_pkey on sbtest3  (cost=0.43..6.61 rows=109 width=4)
	  Index Cond: ((id >= 590346) AND (id <= 590446))

table 4 : explain SELECT id FROM sbtest4 WHERE id BETWEEN 590346 AND 590446
	Index Only Scan using sbtest4_pkey on sbtest4  (cost=0.43..10.60 rows=108 width=4)
	  Index Cond: ((id >= 590346) AND (id <= 590446))

table 5 : explain SELECT id FROM sbtest5 WHERE id BETWEEN 590346 AND 590446
	Index Only Scan using sbtest5_pkey on sbtest5  (cost=0.43..10.36 rows=96 width=4)
	  Index Cond: ((id >= 590346) AND (id <= 590446))

table 6 : explain SELECT id FROM sbtest6 WHERE id BETWEEN 590346 AND 590446
	Index Only Scan using sbtest6_pkey on sbtest6  (cost=0.43..6.27 rows=92 width=4)
	  Index Cond: ((id >= 590346) AND (id <= 590446))

table 7 : explain SELECT id FROM sbtest7 WHERE id BETWEEN 590346 AND 590446
	Index Only Scan using sbtest7_pkey on sbtest7  (cost=0.43..6.29 rows=93 width=4)
	  Index Cond: ((id >= 590346) AND (id <= 590446))

table 8 : explain SELECT id FROM sbtest8 WHERE id BETWEEN 590346 AND 590446
	Index Only Scan using sbtest8_pkey on sbtest8  (cost=0.43..6.47 rows=102 width=4)
	  Index Cond: ((id >= 590346) AND (id <= 590446))
for range-covered
table 1 : explain SELECT id FROM sbtest1 WHERE id BETWEEN 6470113 AND 6470213
	Index Only Scan using sbtest1_pkey on sbtest1  (cost=0.43..10.44 rows=100 width=4)
	  Index Cond: ((id >= 6470113) AND (id <= 6470213))

table 2 : explain SELECT id FROM sbtest2 WHERE id BETWEEN 6470113 AND 6470213
	Index Only Scan using sbtest2_pkey on sbtest2  (cost=0.43..6.59 rows=108 width=4)
	  Index Cond: ((id >= 6470113) AND (id <= 6470213))

table 3 : explain SELECT id FROM sbtest3 WHERE id BETWEEN 6470113 AND 6470213
	Index Only Scan using sbtest3_pkey on sbtest3  (cost=0.43..6.24 rows=90 width=4)
	  Index Cond: ((id >= 6470113) AND (id <= 6470213))

table 4 : explain SELECT id FROM sbtest4 WHERE id BETWEEN 6470113 AND 6470213
	Index Only Scan using sbtest4_pkey on sbtest4  (cost=0.43..10.28 rows=92 width=4)
	  Index Cond: ((id >= 6470113) AND (id <= 6470213))

table 5 : explain SELECT id FROM sbtest5 WHERE id BETWEEN 6470113 AND 6470213
	Index Only Scan using sbtest5_pkey on sbtest5  (cost=0.43..10.26 rows=91 width=4)
	  Index Cond: ((id >= 6470113) AND (id <= 6470213))

table 6 : explain SELECT id FROM sbtest6 WHERE id BETWEEN 6470113 AND 6470213
	Index Only Scan using sbtest6_pkey on sbtest6  (cost=0.43..6.53 rows=105 width=4)
	  Index Cond: ((id >= 6470113) AND (id <= 6470213))

table 7 : explain SELECT id FROM sbtest7 WHERE id BETWEEN 6470113 AND 6470213
	Index Only Scan using sbtest7_pkey on sbtest7  (cost=0.43..6.51 rows=104 width=4)
	  Index Cond: ((id >= 6470113) AND (id <= 6470213))

table 8 : explain SELECT id FROM sbtest8 WHERE id BETWEEN 6470113 AND 6470213
	Index Only Scan using sbtest8_pkey on sbtest8  (cost=0.43..6.27 rows=92 width=4)
	  Index Cond: ((id >= 6470113) AND (id <= 6470213))


explain: for range-covered :: explain SELECT id FROM sbtest%d WHERE id BETWEEN 6470113 AND 6470213
for range-covered
table 1 : explain SELECT id FROM sbtest1 WHERE id BETWEEN 4910588 AND 4910688
	Index Only Scan using sbtest1_pkey on sbtest1  (cost=0.43..10.63 rows=110 width=4)
	  Index Cond: ((id >= 4910588) AND (id <= 4910688))

table 2 : explain SELECT id FROM sbtest2 WHERE id BETWEEN 4910588 AND 4910688
	Index Only Scan using sbtest2_pkey on sbtest2  (cost=0.43..6.42 rows=99 width=4)
	  Index Cond: ((id >= 4910588) AND (id <= 4910688))

table 3 : explain SELECT id FROM sbtest3 WHERE id BETWEEN 4910588 AND 4910688
	Index Only Scan using sbtest3_pkey on sbtest3  (cost=0.43..6.77 rows=117 width=4)
	  Index Cond: ((id >= 4910588) AND (id <= 4910688))

table 4 : explain SELECT id FROM sbtest4 WHERE id BETWEEN 4910588 AND 4910688
	Index Only Scan using sbtest4_pkey on sbtest4  (cost=0.43..10.36 rows=96 width=4)
	  Index Cond: ((id >= 4910588) AND (id <= 4910688))

table 5 : explain SELECT id FROM sbtest5 WHERE id BETWEEN 4910588 AND 4910688
	Index Only Scan using sbtest5_pkey on sbtest5  (cost=0.43..10.40 rows=98 width=4)
	  Index Cond: ((id >= 4910588) AND (id <= 4910688))

table 6 : explain SELECT id FROM sbtest6 WHERE id BETWEEN 4910588 AND 4910688
	Index Only Scan using sbtest6_pkey on sbtest6  (cost=0.43..6.40 rows=98 width=4)
	  Index Cond: ((id >= 4910588) AND (id <= 4910688))

table 7 : explain SELECT id FROM sbtest7 WHERE id BETWEEN 4910588 AND 4910688
	Index Only Scan using sbtest7_pkey on sbtest7  (cost=0.43..6.66 rows=111 width=4)
	  Index Cond: ((id >= 4910588) AND (id <= 4910688))

table 8 : explain SELECT id FROM sbtest8 WHERE id BETWEEN 4910588 AND 4910688
	Index Only Scan using sbtest8_pkey on sbtest8  (cost=0.43..6.56 rows=106 width=4)
	  Index Cond: ((id >= 4910588) AND (id <= 4910688))

explain: for range-covered :: explain SELECT id FROM sbtest%d WHERE id BETWEEN 4910588 AND 4910688
for range-covered
table 1 : explain SELECT id FROM sbtest1 WHERE id BETWEEN 7131638 AND 7131738
	Index Only Scan using sbtest1_pkey on sbtest1  (cost=0.43..10.28 rows=92 width=4)
	  Index Cond: ((id >= 7131638) AND (id <= 7131738))

table 2 : explain SELECT id FROM sbtest2 WHERE id BETWEEN 7131638 AND 7131738
	Index Only Scan using sbtest2_pkey on sbtest2  (cost=0.43..6.51 rows=104 width=4)
	  Index Cond: ((id >= 7131638) AND (id <= 7131738))

table 3 : explain SELECT id FROM sbtest3 WHERE id BETWEEN 7131638 AND 7131738
	Index Only Scan using sbtest3_pkey on sbtest3  (cost=0.43..6.63 rows=110 width=4)
	  Index Cond: ((id >= 7131638) AND (id <= 7131738))

table 4 : explain SELECT id FROM sbtest4 WHERE id BETWEEN 7131638 AND 7131738
	Index Only Scan using sbtest4_pkey on sbtest4  (cost=0.43..10.36 rows=96 width=4)
	  Index Cond: ((id >= 7131638) AND (id <= 7131738))

table 5 : explain SELECT id FROM sbtest5 WHERE id BETWEEN 7131638 AND 7131738
	Index Only Scan using sbtest5_pkey on sbtest5  (cost=0.43..10.46 rows=101 width=4)
	  Index Cond: ((id >= 7131638) AND (id <= 7131738))

table 6 : explain SELECT id FROM sbtest6 WHERE id BETWEEN 7131638 AND 7131738
	Index Only Scan using sbtest6_pkey on sbtest6  (cost=0.43..6.66 rows=111 width=4)
	  Index Cond: ((id >= 7131638) AND (id <= 7131738))

table 7 : explain SELECT id FROM sbtest7 WHERE id BETWEEN 7131638 AND 7131738
	Index Only Scan using sbtest7_pkey on sbtest7  (cost=0.43..6.63 rows=110 width=4)
	  Index Cond: ((id >= 7131638) AND (id <= 7131738))

table 8 : explain SELECT id FROM sbtest8 WHERE id BETWEEN 7131638 AND 7131738
	Index Only Scan using sbtest8_pkey on sbtest8  (cost=0.43..6.51 rows=104 width=4)
	  Index Cond: ((id >= 7131638) AND (id <= 7131738))

explain: for range-covered :: explain SELECT id FROM sbtest%d WHERE id BETWEEN 7131638 AND 7131738
for range-covered
table 1 : explain SELECT id FROM sbtest1 WHERE id BETWEEN 4665031 AND 4665131
	Index Only Scan using sbtest1_pkey on sbtest1  (cost=0.43..10.50 rows=103 width=4)
	  Index Cond: ((id >= 4665031) AND (id <= 4665131))

table 2 : explain SELECT id FROM sbtest2 WHERE id BETWEEN 4665031 AND 4665131
	Index Only Scan using sbtest2_pkey on sbtest2  (cost=0.43..6.47 rows=102 width=4)
	  Index Cond: ((id >= 4665031) AND (id <= 4665131))

table 3 : explain SELECT id FROM sbtest3 WHERE id BETWEEN 4665031 AND 4665131
	Index Only Scan using sbtest3_pkey on sbtest3  (cost=0.43..6.35 rows=96 width=4)
	  Index Cond: ((id >= 4665031) AND (id <= 4665131))

table 4 : explain SELECT id FROM sbtest4 WHERE id BETWEEN 4665031 AND 4665131
	Index Only Scan using sbtest4_pkey on sbtest4  (cost=0.43..10.47 rows=102 width=4)
	  Index Cond: ((id >= 4665031) AND (id <= 4665131))

table 5 : explain SELECT id FROM sbtest5 WHERE id BETWEEN 4665031 AND 4665131
	Index Only Scan using sbtest5_pkey on sbtest5  (cost=0.43..10.47 rows=102 width=4)
	  Index Cond: ((id >= 4665031) AND (id <= 4665131))

table 6 : explain SELECT id FROM sbtest6 WHERE id BETWEEN 4665031 AND 4665131
	Index Only Scan using sbtest6_pkey on sbtest6  (cost=0.43..6.29 rows=93 width=4)
	  Index Cond: ((id >= 4665031) AND (id <= 4665131))

table 7 : explain SELECT id FROM sbtest7 WHERE id BETWEEN 4665031 AND 4665131
	Index Only Scan using sbtest7_pkey on sbtest7  (cost=0.43..6.61 rows=109 width=4)
	  Index Cond: ((id >= 4665031) AND (id <= 4665131))

table 8 : explain SELECT id FROM sbtest8 WHERE id BETWEEN 4665031 AND 4665131
	Index Only Scan using sbtest8_pkey on sbtest8  (cost=0.43..6.27 rows=92 width=4)
	  Index Cond: ((id >= 4665031) AND (id <= 4665131))

for range-covered
table 1 : explain SELECT id FROM sbtest1 WHERE id BETWEEN 8586975 AND 8587075
	Index Only Scan using sbtest1_pkey on sbtest1  (cost=0.43..10.44 rows=100 width=4)
	  Index Cond: ((id >= 8586975) AND (id <= 8587075))

table 2 : explain SELECT id FROM sbtest2 WHERE id BETWEEN 8586975 AND 8587075
	Index Only Scan using sbtest2_pkey on sbtest2  (cost=0.43..6.45 rows=101 width=4)
	  Index Cond: ((id >= 8586975) AND (id <= 8587075))

table 3 : explain SELECT id FROM sbtest3 WHERE id BETWEEN 8586975 AND 8587075
	Index Only Scan using sbtest3_pkey on sbtest3  (cost=0.43..6.27 rows=92 width=4)
	  Index Cond: ((id >= 8586975) AND (id <= 8587075))

table 4 : explain SELECT id FROM sbtest4 WHERE id BETWEEN 8586975 AND 8587075
	Index Only Scan using sbtest4_pkey on sbtest4  (cost=0.43..10.42 rows=99 width=4)
	  Index Cond: ((id >= 8586975) AND (id <= 8587075))

table 5 : explain SELECT id FROM sbtest5 WHERE id BETWEEN 8586975 AND 8587075
	Index Only Scan using sbtest5_pkey on sbtest5  (cost=0.43..10.47 rows=102 width=4)
	  Index Cond: ((id >= 8586975) AND (id <= 8587075))

table 6 : explain SELECT id FROM sbtest6 WHERE id BETWEEN 8586975 AND 8587075
	Index Only Scan using sbtest6_pkey on sbtest6  (cost=0.43..6.32 rows=94 width=4)
	  Index Cond: ((id >= 8586975) AND (id <= 8587075))

table 7 : explain SELECT id FROM sbtest7 WHERE id BETWEEN 8586975 AND 8587075
	Index Only Scan using sbtest7_pkey on sbtest7  (cost=0.43..6.61 rows=109 width=4)
	  Index Cond: ((id >= 8586975) AND (id <= 8587075))

table 8 : explain SELECT id FROM sbtest8 WHERE id BETWEEN 8586975 AND 8587075
	Index Only Scan using sbtest8_pkey on sbtest8  (cost=0.43..6.45 rows=101 width=4)
	  Index Cond: ((id >= 8586975) AND (id <= 8587075))

explain: for range-covered :: explain SELECT id FROM sbtest%d WHERE id BETWEEN 4665031 AND 4665131
explain: for range-covered :: explain SELECT id FROM sbtest%d WHERE id BETWEEN 8586975 AND 8587075
for range-covered
table 1 : explain SELECT id FROM sbtest1 WHERE id BETWEEN 6470113 AND 6470213
	Index Only Scan using sbtest1_pkey on sbtest1  (cost=0.43..10.44 rows=100 width=4)
	  Index Cond: ((id >= 6470113) AND (id <= 6470213))

table 2 : explain SELECT id FROM sbtest2 WHERE id BETWEEN 6470113 AND 6470213
	Index Only Scan using sbtest2_pkey on sbtest2  (cost=0.43..6.59 rows=108 width=4)
	  Index Cond: ((id >= 6470113) AND (id <= 6470213))

table 3 : explain SELECT id FROM sbtest3 WHERE id BETWEEN 6470113 AND 6470213
	Index Only Scan using sbtest3_pkey on sbtest3  (cost=0.43..6.24 rows=90 width=4)
	  Index Cond: ((id >= 6470113) AND (id <= 6470213))

table 4 : explain SELECT id FROM sbtest4 WHERE id BETWEEN 6470113 AND 6470213
	Index Only Scan using sbtest4_pkey on sbtest4  (cost=0.43..10.28 rows=92 width=4)
	  Index Cond: ((id >= 6470113) AND (id <= 6470213))

table 5 : explain SELECT id FROM sbtest5 WHERE id BETWEEN 6470113 AND 6470213
	Index Only Scan using sbtest5_pkey on sbtest5  (cost=0.43..10.26 rows=91 width=4)
	  Index Cond: ((id >= 6470113) AND (id <= 6470213))

table 6 : explain SELECT id FROM sbtest6 WHERE id BETWEEN 6470113 AND 6470213
	Index Only Scan using sbtest6_pkey on sbtest6  (cost=0.43..6.53 rows=105 width=4)
	  Index Cond: ((id >= 6470113) AND (id <= 6470213))

table 7 : explain SELECT id FROM sbtest7 WHERE id BETWEEN 6470113 AND 6470213
	Index Only Scan using sbtest7_pkey on sbtest7  (cost=0.43..6.51 rows=104 width=4)
	  Index Cond: ((id >= 6470113) AND (id <= 6470213))

table 8 : explain SELECT id FROM sbtest8 WHERE id BETWEEN 6470113 AND 6470213
	Index Only Scan using sbtest8_pkey on sbtest8  (cost=0.43..6.27 rows=92 width=4)
	  Index Cond: ((id >= 6470113) AND (id <= 6470213))

explain: for range-covered :: explain SELECT id FROM sbtest%d WHERE id BETWEEN 6470113 AND 6470213
for range-covered
table 1 : explain SELECT id FROM sbtest1 WHERE id BETWEEN 4694460 AND 4694560
	Index Only Scan using sbtest1_pkey on sbtest1  (cost=0.43..10.50 rows=103 width=4)
	  Index Cond: ((id >= 4694460) AND (id <= 4694560))

table 2 : explain SELECT id FROM sbtest2 WHERE id BETWEEN 4694460 AND 4694560
	Index Only Scan using sbtest2_pkey on sbtest2  (cost=0.43..6.47 rows=102 width=4)
	  Index Cond: ((id >= 4694460) AND (id <= 4694560))

table 3 : explain SELECT id FROM sbtest3 WHERE id BETWEEN 4694460 AND 4694560
	Index Only Scan using sbtest3_pkey on sbtest3  (cost=0.43..6.35 rows=96 width=4)
	  Index Cond: ((id >= 4694460) AND (id <= 4694560))

table 4 : explain SELECT id FROM sbtest4 WHERE id BETWEEN 4694460 AND 4694560
	Index Only Scan using sbtest4_pkey on sbtest4  (cost=0.43..10.47 rows=102 width=4)
	  Index Cond: ((id >= 4694460) AND (id <= 4694560))

table 5 : explain SELECT id FROM sbtest5 WHERE id BETWEEN 4694460 AND 4694560
	Index Only Scan using sbtest5_pkey on sbtest5  (cost=0.43..10.47 rows=102 width=4)
	  Index Cond: ((id >= 4694460) AND (id <= 4694560))

table 6 : explain SELECT id FROM sbtest6 WHERE id BETWEEN 4694460 AND 4694560
	Index Only Scan using sbtest6_pkey on sbtest6  (cost=0.43..6.29 rows=93 width=4)
	  Index Cond: ((id >= 4694460) AND (id <= 4694560))

table 7 : explain SELECT id FROM sbtest7 WHERE id BETWEEN 4694460 AND 4694560
	Index Only Scan using sbtest7_pkey on sbtest7  (cost=0.43..6.61 rows=109 width=4)
	  Index Cond: ((id >= 4694460) AND (id <= 4694560))

table 8 : explain SELECT id FROM sbtest8 WHERE id BETWEEN 4694460 AND 4694560
	Index Only Scan using sbtest8_pkey on sbtest8  (cost=0.43..6.27 rows=92 width=4)
	  Index Cond: ((id >= 4694460) AND (id <= 4694560))

for range-covered
table 1 : explain SELECT id FROM sbtest1 WHERE id BETWEEN 7131638 AND 7131738
	Index Only Scan using sbtest1_pkey on sbtest1  (cost=0.43..10.28 rows=92 width=4)
	  Index Cond: ((id >= 7131638) AND (id <= 7131738))

table 2 : explain SELECT id FROM sbtest2 WHERE id BETWEEN 7131638 AND 7131738
	Index Only Scan using sbtest2_pkey on sbtest2  (cost=0.43..6.51 rows=104 width=4)
	  Index Cond: ((id >= 7131638) AND (id <= 7131738))

table 3 : explain SELECT id FROM sbtest3 WHERE id BETWEEN 7131638 AND 7131738
	Index Only Scan using sbtest3_pkey on sbtest3  (cost=0.43..6.63 rows=110 width=4)
	  Index Cond: ((id >= 7131638) AND (id <= 7131738))

table 4 : explain SELECT id FROM sbtest4 WHERE id BETWEEN 7131638 AND 7131738
	Index Only Scan using sbtest4_pkey on sbtest4  (cost=0.43..10.36 rows=96 width=4)
	  Index Cond: ((id >= 7131638) AND (id <= 7131738))

table 5 : explain SELECT id FROM sbtest5 WHERE id BETWEEN 7131638 AND 7131738
	Index Only Scan using sbtest5_pkey on sbtest5  (cost=0.43..10.46 rows=101 width=4)
	  Index Cond: ((id >= 7131638) AND (id <= 7131738))

table 6 : explain SELECT id FROM sbtest6 WHERE id BETWEEN 7131638 AND 7131738
	Index Only Scan using sbtest6_pkey on sbtest6  (cost=0.43..6.66 rows=111 width=4)
	  Index Cond: ((id >= 7131638) AND (id <= 7131738))

table 7 : explain SELECT id FROM sbtest7 WHERE id BETWEEN 7131638 AND 7131738
	Index Only Scan using sbtest7_pkey on sbtest7  (cost=0.43..6.63 rows=110 width=4)
	  Index Cond: ((id >= 7131638) AND (id <= 7131738))

table 8 : explain SELECT id FROM sbtest8 WHERE id BETWEEN 7131638 AND 7131738
	Index Only Scan using sbtest8_pkey on sbtest8  (cost=0.43..6.51 rows=104 width=4)
	  Index Cond: ((id >= 7131638) AND (id <= 7131738))

explain: for range-covered :: explain SELECT id FROM sbtest%d WHERE id BETWEEN 4694460 AND 4694560
explain: for range-covered :: explain SELECT id FROM sbtest%d WHERE id BETWEEN 7131638 AND 7131738
for range-covered
table 1 : explain SELECT id FROM sbtest1 WHERE id BETWEEN 5851466 AND 5851566
	Index Only Scan using sbtest1_pkey on sbtest1  (cost=0.43..10.62 rows=109 width=4)
	  Index Cond: ((id >= 5851466) AND (id <= 5851566))

table 2 : explain SELECT id FROM sbtest2 WHERE id BETWEEN 5851466 AND 5851566
	Index Only Scan using sbtest2_pkey on sbtest2  (cost=0.43..6.47 rows=102 width=4)
	  Index Cond: ((id >= 5851466) AND (id <= 5851566))

table 3 : explain SELECT id FROM sbtest3 WHERE id BETWEEN 5851466 AND 5851566
	Index Only Scan using sbtest3_pkey on sbtest3  (cost=0.43..6.45 rows=101 width=4)
	  Index Cond: ((id >= 5851466) AND (id <= 5851566))

table 4 : explain SELECT id FROM sbtest4 WHERE id BETWEEN 5851466 AND 5851566
	Index Only Scan using sbtest4_pkey on sbtest4  (cost=0.43..10.56 rows=106 width=4)
	  Index Cond: ((id >= 5851466) AND (id <= 5851566))

table 5 : explain SELECT id FROM sbtest5 WHERE id BETWEEN 5851466 AND 5851566
	Index Only Scan using sbtest5_pkey on sbtest5  (cost=0.43..10.63 rows=110 width=4)
	  Index Cond: ((id >= 5851466) AND (id <= 5851566))

table 6 : explain SELECT id FROM sbtest6 WHERE id BETWEEN 5851466 AND 5851566
	Index Only Scan using sbtest6_pkey on sbtest6  (cost=0.43..6.58 rows=107 width=4)
	  Index Cond: ((id >= 5851466) AND (id <= 5851566))

table 7 : explain SELECT id FROM sbtest7 WHERE id BETWEEN 5851466 AND 5851566
	Index Only Scan using sbtest7_pkey on sbtest7  (cost=0.43..6.53 rows=105 width=4)
	  Index Cond: ((id >= 5851466) AND (id <= 5851566))

table 8 : explain SELECT id FROM sbtest8 WHERE id BETWEEN 5851466 AND 5851566
	Index Only Scan using sbtest8_pkey on sbtest8  (cost=0.43..6.59 rows=108 width=4)
	  Index Cond: ((id >= 5851466) AND (id <= 5851566))

for range-covered
table 1 : explain SELECT id FROM sbtest1 WHERE id BETWEEN 4665031 AND 4665131
	Index Only Scan using sbtest1_pkey on sbtest1  (cost=0.43..10.50 rows=103 width=4)
	  Index Cond: ((id >= 4665031) AND (id <= 4665131))

table 2 : explain SELECT id FROM sbtest2 WHERE id BETWEEN 4665031 AND 4665131
	Index Only Scan using sbtest2_pkey on sbtest2  (cost=0.43..6.47 rows=102 width=4)
	  Index Cond: ((id >= 4665031) AND (id <= 4665131))

table 3 : explain SELECT id FROM sbtest3 WHERE id BETWEEN 4665031 AND 4665131
	Index Only Scan using sbtest3_pkey on sbtest3  (cost=0.43..6.35 rows=96 width=4)
	  Index Cond: ((id >= 4665031) AND (id <= 4665131))

table 4 : explain SELECT id FROM sbtest4 WHERE id BETWEEN 4665031 AND 4665131
	Index Only Scan using sbtest4_pkey on sbtest4  (cost=0.43..10.47 rows=102 width=4)
	  Index Cond: ((id >= 4665031) AND (id <= 4665131))

table 5 : explain SELECT id FROM sbtest5 WHERE id BETWEEN 4665031 AND 4665131
	Index Only Scan using sbtest5_pkey on sbtest5  (cost=0.43..10.47 rows=102 width=4)
	  Index Cond: ((id >= 4665031) AND (id <= 4665131))

table 6 : explain SELECT id FROM sbtest6 WHERE id BETWEEN 4665031 AND 4665131
	Index Only Scan using sbtest6_pkey on sbtest6  (cost=0.43..6.29 rows=93 width=4)
	  Index Cond: ((id >= 4665031) AND (id <= 4665131))

table 7 : explain SELECT id FROM sbtest7 WHERE id BETWEEN 4665031 AND 4665131
	Index Only Scan using sbtest7_pkey on sbtest7  (cost=0.43..6.61 rows=109 width=4)
	  Index Cond: ((id >= 4665031) AND (id <= 4665131))

table 8 : explain SELECT id FROM sbtest8 WHERE id BETWEEN 4665031 AND 4665131
	Index Only Scan using sbtest8_pkey on sbtest8  (cost=0.43..6.27 rows=92 width=4)
	  Index Cond: ((id >= 4665031) AND (id <= 4665131))

for range-covered
table 1 : explain SELECT id FROM sbtest1 WHERE id BETWEEN 8586975 AND 8587075
	Index Only Scan using sbtest1_pkey on sbtest1  (cost=0.43..10.44 rows=100 width=4)
	  Index Cond: ((id >= 8586975) AND (id <= 8587075))

table 2 : explain SELECT id FROM sbtest2 WHERE id BETWEEN 8586975 AND 8587075
	Index Only Scan using sbtest2_pkey on sbtest2  (cost=0.43..6.45 rows=101 width=4)
	  Index Cond: ((id >= 8586975) AND (id <= 8587075))

table 3 : explain SELECT id FROM sbtest3 WHERE id BETWEEN 8586975 AND 8587075
	Index Only Scan using sbtest3_pkey on sbtest3  (cost=0.43..6.27 rows=92 width=4)
	  Index Cond: ((id >= 8586975) AND (id <= 8587075))

table 4 : explain SELECT id FROM sbtest4 WHERE id BETWEEN 8586975 AND 8587075
	Index Only Scan using sbtest4_pkey on sbtest4  (cost=0.43..10.42 rows=99 width=4)
	  Index Cond: ((id >= 8586975) AND (id <= 8587075))

table 5 : explain SELECT id FROM sbtest5 WHERE id BETWEEN 8586975 AND 8587075
	Index Only Scan using sbtest5_pkey on sbtest5  (cost=0.43..10.47 rows=102 width=4)
	  Index Cond: ((id >= 8586975) AND (id <= 8587075))

table 6 : explain SELECT id FROM sbtest6 WHERE id BETWEEN 8586975 AND 8587075
	Index Only Scan using sbtest6_pkey on sbtest6  (cost=0.43..6.32 rows=94 width=4)
	  Index Cond: ((id >= 8586975) AND (id <= 8587075))

table 7 : explain SELECT id FROM sbtest7 WHERE id BETWEEN 8586975 AND 8587075
	Index Only Scan using sbtest7_pkey on sbtest7  (cost=0.43..6.61 rows=109 width=4)
	  Index Cond: ((id >= 8586975) AND (id <= 8587075))

table 8 : explain SELECT id FROM sbtest8 WHERE id BETWEEN 8586975 AND 8587075
	Index Only Scan using sbtest8_pkey on sbtest8  (cost=0.43..6.45 rows=101 width=4)
	  Index Cond: ((id >= 8586975) AND (id <= 8587075))

explain: for range-covered :: explain SELECT id FROM sbtest%d WHERE id BETWEEN 8586975 AND 8587075
explain: for range-covered :: explain SELECT id FROM sbtest%d WHERE id BETWEEN 5851466 AND 5851566
explain: for range-covered :: explain SELECT id FROM sbtest%d WHERE id BETWEEN 4665031 AND 4665131
for range-covered
table 1 : explain SELECT id FROM sbtest1 WHERE id BETWEEN 4694460 AND 4694560
	Index Only Scan using sbtest1_pkey on sbtest1  (cost=0.43..10.50 rows=103 width=4)
	  Index Cond: ((id >= 4694460) AND (id <= 4694560))

table 2 : explain SELECT id FROM sbtest2 WHERE id BETWEEN 4694460 AND 4694560
	Index Only Scan using sbtest2_pkey on sbtest2  (cost=0.43..6.47 rows=102 width=4)
	  Index Cond: ((id >= 4694460) AND (id <= 4694560))

table 3 : explain SELECT id FROM sbtest3 WHERE id BETWEEN 4694460 AND 4694560
	Index Only Scan using sbtest3_pkey on sbtest3  (cost=0.43..6.35 rows=96 width=4)
	  Index Cond: ((id >= 4694460) AND (id <= 4694560))

table 4 : explain SELECT id FROM sbtest4 WHERE id BETWEEN 4694460 AND 4694560
	Index Only Scan using sbtest4_pkey on sbtest4  (cost=0.43..10.47 rows=102 width=4)
	  Index Cond: ((id >= 4694460) AND (id <= 4694560))

table 5 : explain SELECT id FROM sbtest5 WHERE id BETWEEN 4694460 AND 4694560
	Index Only Scan using sbtest5_pkey on sbtest5  (cost=0.43..10.47 rows=102 width=4)
	  Index Cond: ((id >= 4694460) AND (id <= 4694560))

table 6 : explain SELECT id FROM sbtest6 WHERE id BETWEEN 4694460 AND 4694560
	Index Only Scan using sbtest6_pkey on sbtest6  (cost=0.43..6.29 rows=93 width=4)
	  Index Cond: ((id >= 4694460) AND (id <= 4694560))

table 7 : explain SELECT id FROM sbtest7 WHERE id BETWEEN 4694460 AND 4694560
	Index Only Scan using sbtest7_pkey on sbtest7  (cost=0.43..6.61 rows=109 width=4)
	  Index Cond: ((id >= 4694460) AND (id <= 4694560))

table 8 : explain SELECT id FROM sbtest8 WHERE id BETWEEN 4694460 AND 4694560
	Index Only Scan using sbtest8_pkey on sbtest8  (cost=0.43..6.27 rows=92 width=4)
	  Index Cond: ((id >= 4694460) AND (id <= 4694560))

explain: for range-covered :: explain SELECT id FROM sbtest%d WHERE id BETWEEN 4694460 AND 4694560
for range-covered
table 1 : explain SELECT id FROM sbtest1 WHERE id BETWEEN 8586975 AND 8587075
	Index Only Scan using sbtest1_pkey on sbtest1  (cost=0.43..10.44 rows=100 width=4)
	  Index Cond: ((id >= 8586975) AND (id <= 8587075))

table 2 : explain SELECT id FROM sbtest2 WHERE id BETWEEN 8586975 AND 8587075
	Index Only Scan using sbtest2_pkey on sbtest2  (cost=0.43..6.45 rows=101 width=4)
	  Index Cond: ((id >= 8586975) AND (id <= 8587075))

table 3 : explain SELECT id FROM sbtest3 WHERE id BETWEEN 8586975 AND 8587075
	Index Only Scan using sbtest3_pkey on sbtest3  (cost=0.43..6.27 rows=92 width=4)
	  Index Cond: ((id >= 8586975) AND (id <= 8587075))

table 4 : explain SELECT id FROM sbtest4 WHERE id BETWEEN 8586975 AND 8587075
	Index Only Scan using sbtest4_pkey on sbtest4  (cost=0.43..10.42 rows=99 width=4)
	  Index Cond: ((id >= 8586975) AND (id <= 8587075))

table 5 : explain SELECT id FROM sbtest5 WHERE id BETWEEN 8586975 AND 8587075
	Index Only Scan using sbtest5_pkey on sbtest5  (cost=0.43..10.47 rows=102 width=4)
	  Index Cond: ((id >= 8586975) AND (id <= 8587075))

table 6 : explain SELECT id FROM sbtest6 WHERE id BETWEEN 8586975 AND 8587075
	Index Only Scan using sbtest6_pkey on sbtest6  (cost=0.43..6.32 rows=94 width=4)
	  Index Cond: ((id >= 8586975) AND (id <= 8587075))

table 7 : explain SELECT id FROM sbtest7 WHERE id BETWEEN 8586975 AND 8587075
	Index Only Scan using sbtest7_pkey on sbtest7  (cost=0.43..6.61 rows=109 width=4)
	  Index Cond: ((id >= 8586975) AND (id <= 8587075))

table 8 : explain SELECT id FROM sbtest8 WHERE id BETWEEN 8586975 AND 8587075
	Index Only Scan using sbtest8_pkey on sbtest8  (cost=0.43..6.45 rows=101 width=4)
	  Index Cond: ((id >= 8586975) AND (id <= 8587075))

for range-covered
table 1 : explain SELECT id FROM sbtest1 WHERE id BETWEEN 4665031 AND 4665131
	Index Only Scan using sbtest1_pkey on sbtest1  (cost=0.43..10.50 rows=103 width=4)
	  Index Cond: ((id >= 4665031) AND (id <= 4665131))

table 2 : explain SELECT id FROM sbtest2 WHERE id BETWEEN 4665031 AND 4665131
	Index Only Scan using sbtest2_pkey on sbtest2  (cost=0.43..6.47 rows=102 width=4)
	  Index Cond: ((id >= 4665031) AND (id <= 4665131))

table 3 : explain SELECT id FROM sbtest3 WHERE id BETWEEN 4665031 AND 4665131
	Index Only Scan using sbtest3_pkey on sbtest3  (cost=0.43..6.35 rows=96 width=4)
	  Index Cond: ((id >= 4665031) AND (id <= 4665131))

table 4 : explain SELECT id FROM sbtest4 WHERE id BETWEEN 4665031 AND 4665131
	Index Only Scan using sbtest4_pkey on sbtest4  (cost=0.43..10.47 rows=102 width=4)
	  Index Cond: ((id >= 4665031) AND (id <= 4665131))

table 5 : explain SELECT id FROM sbtest5 WHERE id BETWEEN 4665031 AND 4665131
	Index Only Scan using sbtest5_pkey on sbtest5  (cost=0.43..10.47 rows=102 width=4)
	  Index Cond: ((id >= 4665031) AND (id <= 4665131))

table 6 : explain SELECT id FROM sbtest6 WHERE id BETWEEN 4665031 AND 4665131
	Index Only Scan using sbtest6_pkey on sbtest6  (cost=0.43..6.29 rows=93 width=4)
	  Index Cond: ((id >= 4665031) AND (id <= 4665131))

table 7 : explain SELECT id FROM sbtest7 WHERE id BETWEEN 4665031 AND 4665131
	Index Only Scan using sbtest7_pkey on sbtest7  (cost=0.43..6.61 rows=109 width=4)
	  Index Cond: ((id >= 4665031) AND (id <= 4665131))

table 8 : explain SELECT id FROM sbtest8 WHERE id BETWEEN 4665031 AND 4665131
	Index Only Scan using sbtest8_pkey on sbtest8  (cost=0.43..6.27 rows=92 width=4)
	  Index Cond: ((id >= 4665031) AND (id <= 4665131))

explain: for range-covered :: explain SELECT id FROM sbtest%d WHERE id BETWEEN 8586975 AND 8587075
for range-covered
table 1 : explain SELECT id FROM sbtest1 WHERE id BETWEEN 6470113 AND 6470213
	Index Only Scan using sbtest1_pkey on sbtest1  (cost=0.43..10.44 rows=100 width=4)
	  Index Cond: ((id >= 6470113) AND (id <= 6470213))

table 2 : explain SELECT id FROM sbtest2 WHERE id BETWEEN 6470113 AND 6470213
	Index Only Scan using sbtest2_pkey on sbtest2  (cost=0.43..6.59 rows=108 width=4)
	  Index Cond: ((id >= 6470113) AND (id <= 6470213))

table 3 : explain SELECT id FROM sbtest3 WHERE id BETWEEN 6470113 AND 6470213
	Index Only Scan using sbtest3_pkey on sbtest3  (cost=0.43..6.24 rows=90 width=4)
	  Index Cond: ((id >= 6470113) AND (id <= 6470213))

table 4 : explain SELECT id FROM sbtest4 WHERE id BETWEEN 6470113 AND 6470213
	Index Only Scan using sbtest4_pkey on sbtest4  (cost=0.43..10.28 rows=92 width=4)
	  Index Cond: ((id >= 6470113) AND (id <= 6470213))

table 5 : explain SELECT id FROM sbtest5 WHERE id BETWEEN 6470113 AND 6470213
	Index Only Scan using sbtest5_pkey on sbtest5  (cost=0.43..10.26 rows=91 width=4)
	  Index Cond: ((id >= 6470113) AND (id <= 6470213))

table 6 : explain SELECT id FROM sbtest6 WHERE id BETWEEN 6470113 AND 6470213
	Index Only Scan using sbtest6_pkey on sbtest6  (cost=0.43..6.53 rows=105 width=4)
	  Index Cond: ((id >= 6470113) AND (id <= 6470213))

table 7 : explain SELECT id FROM sbtest7 WHERE id BETWEEN 6470113 AND 6470213
	Index Only Scan using sbtest7_pkey on sbtest7  (cost=0.43..6.51 rows=104 width=4)
	  Index Cond: ((id >= 6470113) AND (id <= 6470213))

table 8 : explain SELECT id FROM sbtest8 WHERE id BETWEEN 6470113 AND 6470213
	Index Only Scan using sbtest8_pkey on sbtest8  (cost=0.43..6.27 rows=92 width=4)
	  Index Cond: ((id >= 6470113) AND (id <= 6470213))

explain: for range-covered :: explain SELECT id FROM sbtest%d WHERE id BETWEEN 4665031 AND 4665131
explain: for range-covered :: explain SELECT id FROM sbtest%d WHERE id BETWEEN 8208447 AND 8208547
for range-covered
table 1 : explain SELECT id FROM sbtest1 WHERE id BETWEEN 4694460 AND 4694560
	Index Only Scan using sbtest1_pkey on sbtest1  (cost=0.43..10.50 rows=103 width=4)
	  Index Cond: ((id >= 4694460) AND (id <= 4694560))

table 2 : explain SELECT id FROM sbtest2 WHERE id BETWEEN 4694460 AND 4694560
	Index Only Scan using sbtest2_pkey on sbtest2  (cost=0.43..6.47 rows=102 width=4)
	  Index Cond: ((id >= 4694460) AND (id <= 4694560))

table 3 : explain SELECT id FROM sbtest3 WHERE id BETWEEN 4694460 AND 4694560
	Index Only Scan using sbtest3_pkey on sbtest3  (cost=0.43..6.35 rows=96 width=4)
	  Index Cond: ((id >= 4694460) AND (id <= 4694560))

table 4 : explain SELECT id FROM sbtest4 WHERE id BETWEEN 4694460 AND 4694560
	Index Only Scan using sbtest4_pkey on sbtest4  (cost=0.43..10.47 rows=102 width=4)
	  Index Cond: ((id >= 4694460) AND (id <= 4694560))

table 5 : explain SELECT id FROM sbtest5 WHERE id BETWEEN 4694460 AND 4694560
	Index Only Scan using sbtest5_pkey on sbtest5  (cost=0.43..10.47 rows=102 width=4)
	  Index Cond: ((id >= 4694460) AND (id <= 4694560))

table 6 : explain SELECT id FROM sbtest6 WHERE id BETWEEN 4694460 AND 4694560
	Index Only Scan using sbtest6_pkey on sbtest6  (cost=0.43..6.29 rows=93 width=4)
	  Index Cond: ((id >= 4694460) AND (id <= 4694560))

table 7 : explain SELECT id FROM sbtest7 WHERE id BETWEEN 4694460 AND 4694560
	Index Only Scan using sbtest7_pkey on sbtest7  (cost=0.43..6.61 rows=109 width=4)
	  Index Cond: ((id >= 4694460) AND (id <= 4694560))

table 8 : explain SELECT id FROM sbtest8 WHERE id BETWEEN 4694460 AND 4694560
	Index Only Scan using sbtest8_pkey on sbtest8  (cost=0.43..6.27 rows=92 width=4)
	  Index Cond: ((id >= 4694460) AND (id <= 4694560))

for range-covered
table 1 : explain SELECT id FROM sbtest1 WHERE id BETWEEN 4910588 AND 4910688
	Index Only Scan using sbtest1_pkey on sbtest1  (cost=0.43..10.63 rows=110 width=4)
	  Index Cond: ((id >= 4910588) AND (id <= 4910688))

table 2 : explain SELECT id FROM sbtest2 WHERE id BETWEEN 4910588 AND 4910688
	Index Only Scan using sbtest2_pkey on sbtest2  (cost=0.43..6.42 rows=99 width=4)
	  Index Cond: ((id >= 4910588) AND (id <= 4910688))

table 3 : explain SELECT id FROM sbtest3 WHERE id BETWEEN 4910588 AND 4910688
	Index Only Scan using sbtest3_pkey on sbtest3  (cost=0.43..6.77 rows=117 width=4)
	  Index Cond: ((id >= 4910588) AND (id <= 4910688))

table 4 : explain SELECT id FROM sbtest4 WHERE id BETWEEN 4910588 AND 4910688
	Index Only Scan using sbtest4_pkey on sbtest4  (cost=0.43..10.36 rows=96 width=4)
	  Index Cond: ((id >= 4910588) AND (id <= 4910688))

table 5 : explain SELECT id FROM sbtest5 WHERE id BETWEEN 4910588 AND 4910688
	Index Only Scan using sbtest5_pkey on sbtest5  (cost=0.43..10.40 rows=98 width=4)
	  Index Cond: ((id >= 4910588) AND (id <= 4910688))

table 6 : explain SELECT id FROM sbtest6 WHERE id BETWEEN 4910588 AND 4910688
	Index Only Scan using sbtest6_pkey on sbtest6  (cost=0.43..6.40 rows=98 width=4)
	  Index Cond: ((id >= 4910588) AND (id <= 4910688))

table 7 : explain SELECT id FROM sbtest7 WHERE id BETWEEN 4910588 AND 4910688
	Index Only Scan using sbtest7_pkey on sbtest7  (cost=0.43..6.66 rows=111 width=4)
	  Index Cond: ((id >= 4910588) AND (id <= 4910688))

table 8 : explain SELECT id FROM sbtest8 WHERE id BETWEEN 4910588 AND 4910688
	Index Only Scan using sbtest8_pkey on sbtest8  (cost=0.43..6.56 rows=106 width=4)
	  Index Cond: ((id >= 4910588) AND (id <= 4910688))

explain: for range-covered :: explain SELECT id FROM sbtest%d WHERE id BETWEEN 7189121 AND 7189221explain: for range-covered :: explain SELECT id FROM sbtest%d WHERE id BETWEEN 4694460 AND 4694560for range-covered
table 1 : explain SELECT id FROM sbtest1 WHERE id BETWEEN 7131638 AND 7131738
	Index Only Scan using sbtest1_pkey on sbtest1  (cost=0.43..10.28 rows=92 width=4)
	  Index Cond: ((id >= 7131638) AND (id <= 7131738))

table 2 : explain SELECT id FROM sbtest2 WHERE id BETWEEN 7131638 AND 7131738
	Index Only Scan using sbtest2_pkey on sbtest2  (cost=0.43..6.51 rows=104 width=4)
	  Index Cond: ((id >= 7131638) AND (id <= 7131738))

table 3 : explain SELECT id FROM sbtest3 WHERE id BETWEEN 7131638 AND 7131738
	Index Only Scan using sbtest3_pkey on sbtest3  (cost=0.43..6.63 rows=110 width=4)
	  Index Cond: ((id >= 7131638) AND (id <= 7131738))

table 4 : explain SELECT id FROM sbtest4 WHERE id BETWEEN 7131638 AND 7131738
	Index Only Scan using sbtest4_pkey on sbtest4  (cost=0.43..10.36 rows=96 width=4)
	  Index Cond: ((id >= 7131638) AND (id <= 7131738))

table 5 : explain SELECT id FROM sbtest5 WHERE id BETWEEN 7131638 AND 7131738
	Index Only Scan using sbtest5_pkey on sbtest5  (cost=0.43..10.46 rows=101 width=4)
	  Index Cond: ((id >= 7131638) AND (id <= 7131738))

table 6 : explain SELECT id FROM sbtest6 WHERE id BETWEEN 7131638 AND 7131738
	Index Only Scan using sbtest6_pkey on sbtest6  (cost=0.43..6.66 rows=111 width=4)
	  Index Cond: ((id >= 7131638) AND (id <= 7131738))

table 7 : explain SELECT id FROM sbtest7 WHERE id BETWEEN 7131638 AND 7131738
	Index Only Scan using sbtest7_pkey on sbtest7  (cost=0.43..6.63 rows=110 width=4)
	  Index Cond: ((id >= 7131638) AND (id <= 7131738))

table 8 : explain SELECT id FROM sbtest8 WHERE id BETWEEN 7131638 AND 7131738
	Index Only Scan using sbtest8_pkey on sbtest8  (cost=0.43..6.51 rows=104 width=4)
	  Index Cond: ((id >= 7131638) AND (id <= 7131738))



explain: for range-covered :: explain SELECT id FROM sbtest%d WHERE id BETWEEN 7131638 AND 7131738
for range-covered
table 1 : explain SELECT id FROM sbtest1 WHERE id BETWEEN 9552801 AND 9552901
	Index Only Scan using sbtest1_pkey on sbtest1  (cost=0.43..10.54 rows=105 width=4)
	  Index Cond: ((id >= 9552801) AND (id <= 9552901))

table 2 : explain SELECT id FROM sbtest2 WHERE id BETWEEN 9552801 AND 9552901
	Index Only Scan using sbtest2_pkey on sbtest2  (cost=0.43..6.51 rows=104 width=4)
	  Index Cond: ((id >= 9552801) AND (id <= 9552901))

table 3 : explain SELECT id FROM sbtest3 WHERE id BETWEEN 9552801 AND 9552901
	Index Only Scan using sbtest3_pkey on sbtest3  (cost=0.43..6.67 rows=112 width=4)
	  Index Cond: ((id >= 9552801) AND (id <= 9552901))

table 4 : explain SELECT id FROM sbtest4 WHERE id BETWEEN 9552801 AND 9552901
	Index Only Scan using sbtest4_pkey on sbtest4  (cost=0.43..10.40 rows=98 width=4)
	  Index Cond: ((id >= 9552801) AND (id <= 9552901))

table 5 : explain SELECT id FROM sbtest5 WHERE id BETWEEN 9552801 AND 9552901
	Index Only Scan using sbtest5_pkey on sbtest5  (cost=0.43..10.46 rows=101 width=4)
	  Index Cond: ((id >= 9552801) AND (id <= 9552901))

table 6 : explain SELECT id FROM sbtest6 WHERE id BETWEEN 9552801 AND 9552901
	Index Only Scan using sbtest6_pkey on sbtest6  (cost=0.43..6.35 rows=96 width=4)
	  Index Cond: ((id >= 9552801) AND (id <= 9552901))

table 7 : explain SELECT id FROM sbtest7 WHERE id BETWEEN 9552801 AND 9552901
	Index Only Scan using sbtest7_pkey on sbtest7  (cost=0.43..6.40 rows=98 width=4)
	  Index Cond: ((id >= 9552801) AND (id <= 9552901))

table 8 : explain SELECT id FROM sbtest8 WHERE id BETWEEN 9552801 AND 9552901
	Index Only Scan using sbtest8_pkey on sbtest8  (cost=0.43..6.47 rows=102 width=4)
	  Index Cond: ((id >= 9552801) AND (id <= 9552901))

for range-covered
table 1 : explain SELECT id FROM sbtest1 WHERE id BETWEEN 8586975 AND 8587075
	Index Only Scan using sbtest1_pkey on sbtest1  (cost=0.43..10.44 rows=100 width=4)
	  Index Cond: ((id >= 8586975) AND (id <= 8587075))

table 2 : explain SELECT id FROM sbtest2 WHERE id BETWEEN 8586975 AND 8587075
	Index Only Scan using sbtest2_pkey on sbtest2  (cost=0.43..6.45 rows=101 width=4)
	  Index Cond: ((id >= 8586975) AND (id <= 8587075))

table 3 : explain SELECT id FROM sbtest3 WHERE id BETWEEN 8586975 AND 8587075
	Index Only Scan using sbtest3_pkey on sbtest3  (cost=0.43..6.27 rows=92 width=4)
	  Index Cond: ((id >= 8586975) AND (id <= 8587075))

table 4 : explain SELECT id FROM sbtest4 WHERE id BETWEEN 8586975 AND 8587075
	Index Only Scan using sbtest4_pkey on sbtest4  (cost=0.43..10.42 rows=99 width=4)
	  Index Cond: ((id >= 8586975) AND (id <= 8587075))

table 5 : explain SELECT id FROM sbtest5 WHERE id BETWEEN 8586975 AND 8587075
	Index Only Scan using sbtest5_pkey on sbtest5  (cost=0.43..10.47 rows=102 width=4)
	  Index Cond: ((id >= 8586975) AND (id <= 8587075))

table 6 : explain SELECT id FROM sbtest6 WHERE id BETWEEN 8586975 AND 8587075
	Index Only Scan using sbtest6_pkey on sbtest6  (cost=0.43..6.32 rows=94 width=4)
	  Index Cond: ((id >= 8586975) AND (id <= 8587075))

table 7 : explain SELECT id FROM sbtest7 WHERE id BETWEEN 8586975 AND 8587075
	Index Only Scan using sbtest7_pkey on sbtest7  (cost=0.43..6.61 rows=109 width=4)
	  Index Cond: ((id >= 8586975) AND (id <= 8587075))

table 8 : explain SELECT id FROM sbtest8 WHERE id BETWEEN 8586975 AND 8587075
	Index Only Scan using sbtest8_pkey on sbtest8  (cost=0.43..6.45 rows=101 width=4)
	  Index Cond: ((id >= 8586975) AND (id <= 8587075))

for range-covered
table 1 : explain SELECT id FROM sbtest1 WHERE id BETWEEN 5851466 AND 5851566
	Index Only Scan using sbtest1_pkey on sbtest1  (cost=0.43..10.62 rows=109 width=4)
	  Index Cond: ((id >= 5851466) AND (id <= 5851566))

table 2 : explain SELECT id FROM sbtest2 WHERE id BETWEEN 5851466 AND 5851566
	Index Only Scan using sbtest2_pkey on sbtest2  (cost=0.43..6.47 rows=102 width=4)
	  Index Cond: ((id >= 5851466) AND (id <= 5851566))

table 3 : explain SELECT id FROM sbtest3 WHERE id BETWEEN 5851466 AND 5851566
	Index Only Scan using sbtest3_pkey on sbtest3  (cost=0.43..6.45 rows=101 width=4)
	  Index Cond: ((id >= 5851466) AND (id <= 5851566))

table 4 : explain SELECT id FROM sbtest4 WHERE id BETWEEN 5851466 AND 5851566
	Index Only Scan using sbtest4_pkey on sbtest4  (cost=0.43..10.56 rows=106 width=4)
	  Index Cond: ((id >= 5851466) AND (id <= 5851566))

table 5 : explain SELECT id FROM sbtest5 WHERE id BETWEEN 5851466 AND 5851566
	Index Only Scan using sbtest5_pkey on sbtest5  (cost=0.43..10.63 rows=110 width=4)
	  Index Cond: ((id >= 5851466) AND (id <= 5851566))

table 6 : explain SELECT id FROM sbtest6 WHERE id BETWEEN 5851466 AND 5851566
	Index Only Scan using sbtest6_pkey on sbtest6  (cost=0.43..6.58 rows=107 width=4)
	  Index Cond: ((id >= 5851466) AND (id <= 5851566))

table 7 : explain SELECT id FROM sbtest7 WHERE id BETWEEN 5851466 AND 5851566
	Index Only Scan using sbtest7_pkey on sbtest7  (cost=0.43..6.53 rows=105 width=4)
	  Index Cond: ((id >= 5851466) AND (id <= 5851566))

table 8 : explain SELECT id FROM sbtest8 WHERE id BETWEEN 5851466 AND 5851566
	Index Only Scan using sbtest8_pkey on sbtest8  (cost=0.43..6.59 rows=108 width=4)
	  Index Cond: ((id >= 5851466) AND (id <= 5851566))

explain: for range-covered :: explain SELECT id FROM sbtest%d WHERE id BETWEEN 8586975 AND 8587075
explain: for range-covered :: explain SELECT id FROM sbtest%d WHERE id BETWEEN 5851466 AND 5851566
for range-covered
table 1 : explain SELECT id FROM sbtest1 WHERE id BETWEEN 4694460 AND 4694560
	Index Only Scan using sbtest1_pkey on sbtest1  (cost=0.43..10.50 rows=103 width=4)
	  Index Cond: ((id >= 4694460) AND (id <= 4694560))

table 2 : explain SELECT id FROM sbtest2 WHERE id BETWEEN 4694460 AND 4694560
	Index Only Scan using sbtest2_pkey on sbtest2  (cost=0.43..6.47 rows=102 width=4)
	  Index Cond: ((id >= 4694460) AND (id <= 4694560))

table 3 : explain SELECT id FROM sbtest3 WHERE id BETWEEN 4694460 AND 4694560
	Index Only Scan using sbtest3_pkey on sbtest3  (cost=0.43..6.35 rows=96 width=4)
	  Index Cond: ((id >= 4694460) AND (id <= 4694560))

table 4 : explain SELECT id FROM sbtest4 WHERE id BETWEEN 4694460 AND 4694560
	Index Only Scan using sbtest4_pkey on sbtest4  (cost=0.43..10.47 rows=102 width=4)
	  Index Cond: ((id >= 4694460) AND (id <= 4694560))

table 5 : explain SELECT id FROM sbtest5 WHERE id BETWEEN 4694460 AND 4694560
	Index Only Scan using sbtest5_pkey on sbtest5  (cost=0.43..10.47 rows=102 width=4)
	  Index Cond: ((id >= 4694460) AND (id <= 4694560))

table 6 : explain SELECT id FROM sbtest6 WHERE id BETWEEN 4694460 AND 4694560
	Index Only Scan using sbtest6_pkey on sbtest6  (cost=0.43..6.29 rows=93 width=4)
	  Index Cond: ((id >= 4694460) AND (id <= 4694560))

table 7 : explain SELECT id FROM sbtest7 WHERE id BETWEEN 4694460 AND 4694560
	Index Only Scan using sbtest7_pkey on sbtest7  (cost=0.43..6.61 rows=109 width=4)
	  Index Cond: ((id >= 4694460) AND (id <= 4694560))

table 8 : explain SELECT id FROM sbtest8 WHERE id BETWEEN 4694460 AND 4694560
	Index Only Scan using sbtest8_pkey on sbtest8  (cost=0.43..6.27 rows=92 width=4)
	  Index Cond: ((id >= 4694460) AND (id <= 4694560))

for range-covered
table 1 : explain SELECT id FROM sbtest1 WHERE id BETWEEN 7131638 AND 7131738
	Index Only Scan using sbtest1_pkey on sbtest1  (cost=0.43..10.28 rows=92 width=4)
	  Index Cond: ((id >= 7131638) AND (id <= 7131738))

table 2 : explain SELECT id FROM sbtest2 WHERE id BETWEEN 7131638 AND 7131738
	Index Only Scan using sbtest2_pkey on sbtest2  (cost=0.43..6.51 rows=104 width=4)
	  Index Cond: ((id >= 7131638) AND (id <= 7131738))

table 3 : explain SELECT id FROM sbtest3 WHERE id BETWEEN 7131638 AND 7131738
	Index Only Scan using sbtest3_pkey on sbtest3  (cost=0.43..6.63 rows=110 width=4)
	  Index Cond: ((id >= 7131638) AND (id <= 7131738))

table 4 : explain SELECT id FROM sbtest4 WHERE id BETWEEN 7131638 AND 7131738
	Index Only Scan using sbtest4_pkey on sbtest4  (cost=0.43..10.36 rows=96 width=4)
	  Index Cond: ((id >= 7131638) AND (id <= 7131738))

table 5 : explain SELECT id FROM sbtest5 WHERE id BETWEEN 7131638 AND 7131738
	Index Only Scan using sbtest5_pkey on sbtest5  (cost=0.43..10.46 rows=101 width=4)
	  Index Cond: ((id >= 7131638) AND (id <= 7131738))

table 6 : explain SELECT id FROM sbtest6 WHERE id BETWEEN 7131638 AND 7131738
	Index Only Scan using sbtest6_pkey on sbtest6  (cost=0.43..6.66 rows=111 width=4)
	  Index Cond: ((id >= 7131638) AND (id <= 7131738))

table 7 : explain SELECT id FROM sbtest7 WHERE id BETWEEN 7131638 AND 7131738
	Index Only Scan using sbtest7_pkey on sbtest7  (cost=0.43..6.63 rows=110 width=4)
	  Index Cond: ((id >= 7131638) AND (id <= 7131738))

table 8 : explain SELECT id FROM sbtest8 WHERE id BETWEEN 7131638 AND 7131738
	Index Only Scan using sbtest8_pkey on sbtest8  (cost=0.43..6.51 rows=104 width=4)
	  Index Cond: ((id >= 7131638) AND (id <= 7131738))

explain: for range-covered :: explain SELECT id FROM sbtest%d WHERE id BETWEEN 4694460 AND 4694560
explain: for range-covered :: explain SELECT id FROM sbtest%d WHERE id BETWEEN 7131638 AND 7131738
for range-covered
table 1 : explain SELECT id FROM sbtest1 WHERE id BETWEEN 5851466 AND 5851566
	Index Only Scan using sbtest1_pkey on sbtest1  (cost=0.43..10.62 rows=109 width=4)
	  Index Cond: ((id >= 5851466) AND (id <= 5851566))

table 2 : explain SELECT id FROM sbtest2 WHERE id BETWEEN 5851466 AND 5851566
	Index Only Scan using sbtest2_pkey on sbtest2  (cost=0.43..6.47 rows=102 width=4)
	  Index Cond: ((id >= 5851466) AND (id <= 5851566))

table 3 : explain SELECT id FROM sbtest3 WHERE id BETWEEN 5851466 AND 5851566
	Index Only Scan using sbtest3_pkey on sbtest3  (cost=0.43..6.45 rows=101 width=4)
	  Index Cond: ((id >= 5851466) AND (id <= 5851566))

table 4 : explain SELECT id FROM sbtest4 WHERE id BETWEEN 5851466 AND 5851566
	Index Only Scan using sbtest4_pkey on sbtest4  (cost=0.43..10.56 rows=106 width=4)
	  Index Cond: ((id >= 5851466) AND (id <= 5851566))

table 5 : explain SELECT id FROM sbtest5 WHERE id BETWEEN 5851466 AND 5851566
	Index Only Scan using sbtest5_pkey on sbtest5  (cost=0.43..10.63 rows=110 width=4)
	  Index Cond: ((id >= 5851466) AND (id <= 5851566))

table 6 : explain SELECT id FROM sbtest6 WHERE id BETWEEN 5851466 AND 5851566
	Index Only Scan using sbtest6_pkey on sbtest6  (cost=0.43..6.58 rows=107 width=4)
	  Index Cond: ((id >= 5851466) AND (id <= 5851566))

table 7 : explain SELECT id FROM sbtest7 WHERE id BETWEEN 5851466 AND 5851566
	Index Only Scan using sbtest7_pkey on sbtest7  (cost=0.43..6.53 rows=105 width=4)
	  Index Cond: ((id >= 5851466) AND (id <= 5851566))

table 8 : explain SELECT id FROM sbtest8 WHERE id BETWEEN 5851466 AND 5851566
	Index Only Scan using sbtest8_pkey on sbtest8  (cost=0.43..6.59 rows=108 width=4)
	  Index Cond: ((id >= 5851466) AND (id <= 5851566))

explain: for range-covered :: explain SELECT id FROM sbtest%d WHERE id BETWEEN 5851466 AND 5851566
for range-covered
table 1 : explain SELECT id FROM sbtest1 WHERE id BETWEEN 4694460 AND 4694560
	Index Only Scan using sbtest1_pkey on sbtest1  (cost=0.43..10.50 rows=103 width=4)
	  Index Cond: ((id >= 4694460) AND (id <= 4694560))

table 2 : explain SELECT id FROM sbtest2 WHERE id BETWEEN 4694460 AND 4694560
	Index Only Scan using sbtest2_pkey on sbtest2  (cost=0.43..6.47 rows=102 width=4)
	  Index Cond: ((id >= 4694460) AND (id <= 4694560))

table 3 : explain SELECT id FROM sbtest3 WHERE id BETWEEN 4694460 AND 4694560
	Index Only Scan using sbtest3_pkey on sbtest3  (cost=0.43..6.35 rows=96 width=4)
	  Index Cond: ((id >= 4694460) AND (id <= 4694560))

table 4 : explain SELECT id FROM sbtest4 WHERE id BETWEEN 4694460 AND 4694560
	Index Only Scan using sbtest4_pkey on sbtest4  (cost=0.43..10.47 rows=102 width=4)
	  Index Cond: ((id >= 4694460) AND (id <= 4694560))

table 5 : explain SELECT id FROM sbtest5 WHERE id BETWEEN 4694460 AND 4694560
	Index Only Scan using sbtest5_pkey on sbtest5  (cost=0.43..10.47 rows=102 width=4)
	  Index Cond: ((id >= 4694460) AND (id <= 4694560))

table 6 : explain SELECT id FROM sbtest6 WHERE id BETWEEN 4694460 AND 4694560
	Index Only Scan using sbtest6_pkey on sbtest6  (cost=0.43..6.29 rows=93 width=4)
	  Index Cond: ((id >= 4694460) AND (id <= 4694560))

table 7 : explain SELECT id FROM sbtest7 WHERE id BETWEEN 4694460 AND 4694560
	Index Only Scan using sbtest7_pkey on sbtest7  (cost=0.43..6.61 rows=109 width=4)
	  Index Cond: ((id >= 4694460) AND (id <= 4694560))

table 8 : explain SELECT id FROM sbtest8 WHERE id BETWEEN 4694460 AND 4694560
	Index Only Scan using sbtest8_pkey on sbtest8  (cost=0.43..6.27 rows=92 width=4)
	  Index Cond: ((id >= 4694460) AND (id <= 4694560))

explain: for range-covered :: explain SELECT id FROM sbtest%d WHERE id BETWEEN 4694460 AND 4694560
for range-covered
table 1 : explain SELECT id FROM sbtest1 WHERE id BETWEEN 5851466 AND 5851566
	Index Only Scan using sbtest1_pkey on sbtest1  (cost=0.43..10.62 rows=109 width=4)
	  Index Cond: ((id >= 5851466) AND (id <= 5851566))

table 2 : explain SELECT id FROM sbtest2 WHERE id BETWEEN 5851466 AND 5851566
	Index Only Scan using sbtest2_pkey on sbtest2  (cost=0.43..6.47 rows=102 width=4)
	  Index Cond: ((id >= 5851466) AND (id <= 5851566))

table 3 : explain SELECT id FROM sbtest3 WHERE id BETWEEN 5851466 AND 5851566
	Index Only Scan using sbtest3_pkey on sbtest3  (cost=0.43..6.45 rows=101 width=4)
	  Index Cond: ((id >= 5851466) AND (id <= 5851566))

table 4 : explain SELECT id FROM sbtest4 WHERE id BETWEEN 5851466 AND 5851566
	Index Only Scan using sbtest4_pkey on sbtest4  (cost=0.43..10.56 rows=106 width=4)
	  Index Cond: ((id >= 5851466) AND (id <= 5851566))

table 5 : explain SELECT id FROM sbtest5 WHERE id BETWEEN 5851466 AND 5851566
	Index Only Scan using sbtest5_pkey on sbtest5  (cost=0.43..10.63 rows=110 width=4)
	  Index Cond: ((id >= 5851466) AND (id <= 5851566))

table 6 : explain SELECT id FROM sbtest6 WHERE id BETWEEN 5851466 AND 5851566
	Index Only Scan using sbtest6_pkey on sbtest6  (cost=0.43..6.58 rows=107 width=4)
	  Index Cond: ((id >= 5851466) AND (id <= 5851566))

table 7 : explain SELECT id FROM sbtest7 WHERE id BETWEEN 5851466 AND 5851566
	Index Only Scan using sbtest7_pkey on sbtest7  (cost=0.43..6.53 rows=105 width=4)
	  Index Cond: ((id >= 5851466) AND (id <= 5851566))

table 8 : explain SELECT id FROM sbtest8 WHERE id BETWEEN 5851466 AND 5851566
	Index Only Scan using sbtest8_pkey on sbtest8  (cost=0.43..6.59 rows=108 width=4)
	  Index Cond: ((id >= 5851466) AND (id <= 5851566))

for range-covered
table 1 : explain SELECT id FROM sbtest1 WHERE id BETWEEN 7131638 AND 7131738
	Index Only Scan using sbtest1_pkey on sbtest1  (cost=0.43..10.28 rows=92 width=4)
	  Index Cond: ((id >= 7131638) AND (id <= 7131738))

table 2 : explain SELECT id FROM sbtest2 WHERE id BETWEEN 7131638 AND 7131738
	Index Only Scan using sbtest2_pkey on sbtest2  (cost=0.43..6.51 rows=104 width=4)
	  Index Cond: ((id >= 7131638) AND (id <= 7131738))

table 3 : explain SELECT id FROM sbtest3 WHERE id BETWEEN 7131638 AND 7131738
	Index Only Scan using sbtest3_pkey on sbtest3  (cost=0.43..6.63 rows=110 width=4)
	  Index Cond: ((id >= 7131638) AND (id <= 7131738))

table 4 : explain SELECT id FROM sbtest4 WHERE id BETWEEN 7131638 AND 7131738
	Index Only Scan using sbtest4_pkey on sbtest4  (cost=0.43..10.36 rows=96 width=4)
	  Index Cond: ((id >= 7131638) AND (id <= 7131738))

table 5 : explain SELECT id FROM sbtest5 WHERE id BETWEEN 7131638 AND 7131738
	Index Only Scan using sbtest5_pkey on sbtest5  (cost=0.43..10.46 rows=101 width=4)
	  Index Cond: ((id >= 7131638) AND (id <= 7131738))

table 6 : explain SELECT id FROM sbtest6 WHERE id BETWEEN 7131638 AND 7131738
	Index Only Scan using sbtest6_pkey on sbtest6  (cost=0.43..6.66 rows=111 width=4)
	  Index Cond: ((id >= 7131638) AND (id <= 7131738))

table 7 : explain SELECT id FROM sbtest7 WHERE id BETWEEN 7131638 AND 7131738
	Index Only Scan using sbtest7_pkey on sbtest7  (cost=0.43..6.63 rows=110 width=4)
	  Index Cond: ((id >= 7131638) AND (id <= 7131738))

table 8 : explain SELECT id FROM sbtest8 WHERE id BETWEEN 7131638 AND 7131738
	Index Only Scan using sbtest8_pkey on sbtest8  (cost=0.43..6.51 rows=104 width=4)
	  Index Cond: ((id >= 7131638) AND (id <= 7131738))

explain: for range-covered :: explain SELECT id FROM sbtest%d WHERE id BETWEEN 5851466 AND 5851566
explain: for range-covered :: explain SELECT id FROM sbtest%d WHERE id BETWEEN 7131638 AND 7131738
for range-covered
table 1 : explain SELECT id FROM sbtest1 WHERE id BETWEEN 4694460 AND 4694560
	Index Only Scan using sbtest1_pkey on sbtest1  (cost=0.43..10.50 rows=103 width=4)
	  Index Cond: ((id >= 4694460) AND (id <= 4694560))

table 2 : explain SELECT id FROM sbtest2 WHERE id BETWEEN 4694460 AND 4694560
	Index Only Scan using sbtest2_pkey on sbtest2  (cost=0.43..6.47 rows=102 width=4)
	  Index Cond: ((id >= 4694460) AND (id <= 4694560))

table 3 : explain SELECT id FROM sbtest3 WHERE id BETWEEN 4694460 AND 4694560
	Index Only Scan using sbtest3_pkey on sbtest3  (cost=0.43..6.35 rows=96 width=4)
	  Index Cond: ((id >= 4694460) AND (id <= 4694560))

table 4 : explain SELECT id FROM sbtest4 WHERE id BETWEEN 4694460 AND 4694560
	Index Only Scan using sbtest4_pkey on sbtest4  (cost=0.43..10.47 rows=102 width=4)
	  Index Cond: ((id >= 4694460) AND (id <= 4694560))

table 5 : explain SELECT id FROM sbtest5 WHERE id BETWEEN 4694460 AND 4694560
	Index Only Scan using sbtest5_pkey on sbtest5  (cost=0.43..10.47 rows=102 width=4)
	  Index Cond: ((id >= 4694460) AND (id <= 4694560))

table 6 : explain SELECT id FROM sbtest6 WHERE id BETWEEN 4694460 AND 4694560
	Index Only Scan using sbtest6_pkey on sbtest6  (cost=0.43..6.29 rows=93 width=4)
	  Index Cond: ((id >= 4694460) AND (id <= 4694560))

table 7 : explain SELECT id FROM sbtest7 WHERE id BETWEEN 4694460 AND 4694560
	Index Only Scan using sbtest7_pkey on sbtest7  (cost=0.43..6.61 rows=109 width=4)
	  Index Cond: ((id >= 4694460) AND (id <= 4694560))

table 8 : explain SELECT id FROM sbtest8 WHERE id BETWEEN 4694460 AND 4694560
	Index Only Scan using sbtest8_pkey on sbtest8  (cost=0.43..6.27 rows=92 width=4)
	  Index Cond: ((id >= 4694460) AND (id <= 4694560))

explain: for range-covered :: explain SELECT id FROM sbtest%d WHERE id BETWEEN 4694460 AND 4694560
for range-covered
table 1 : explain SELECT id FROM sbtest1 WHERE id BETWEEN 8586975 AND 8587075
	Index Only Scan using sbtest1_pkey on sbtest1  (cost=0.43..10.44 rows=100 width=4)
	  Index Cond: ((id >= 8586975) AND (id <= 8587075))

table 2 : explain SELECT id FROM sbtest2 WHERE id BETWEEN 8586975 AND 8587075
	Index Only Scan using sbtest2_pkey on sbtest2  (cost=0.43..6.45 rows=101 width=4)
	  Index Cond: ((id >= 8586975) AND (id <= 8587075))

table 3 : explain SELECT id FROM sbtest3 WHERE id BETWEEN 8586975 AND 8587075
	Index Only Scan using sbtest3_pkey on sbtest3  (cost=0.43..6.27 rows=92 width=4)
	  Index Cond: ((id >= 8586975) AND (id <= 8587075))

table 4 : explain SELECT id FROM sbtest4 WHERE id BETWEEN 8586975 AND 8587075
	Index Only Scan using sbtest4_pkey on sbtest4  (cost=0.43..10.42 rows=99 width=4)
	  Index Cond: ((id >= 8586975) AND (id <= 8587075))

table 5 : explain SELECT id FROM sbtest5 WHERE id BETWEEN 8586975 AND 8587075
	Index Only Scan using sbtest5_pkey on sbtest5  (cost=0.43..10.47 rows=102 width=4)
	  Index Cond: ((id >= 8586975) AND (id <= 8587075))

table 6 : explain SELECT id FROM sbtest6 WHERE id BETWEEN 8586975 AND 8587075
	Index Only Scan using sbtest6_pkey on sbtest6  (cost=0.43..6.32 rows=94 width=4)
	  Index Cond: ((id >= 8586975) AND (id <= 8587075))

table 7 : explain SELECT id FROM sbtest7 WHERE id BETWEEN 8586975 AND 8587075
	Index Only Scan using sbtest7_pkey on sbtest7  (cost=0.43..6.61 rows=109 width=4)
	  Index Cond: ((id >= 8586975) AND (id <= 8587075))

table 8 : explain SELECT id FROM sbtest8 WHERE id BETWEEN 8586975 AND 8587075
	Index Only Scan using sbtest8_pkey on sbtest8  (cost=0.43..6.45 rows=101 width=4)
	  Index Cond: ((id >= 8586975) AND (id <= 8587075))

explain: for range-covered :: explain SELECT id FROM sbtest%d WHERE id BETWEEN 8586975 AND 8587075
for range-covered
table 1 : explain SELECT id FROM sbtest1 WHERE id BETWEEN 5851466 AND 5851566
	Index Only Scan using sbtest1_pkey on sbtest1  (cost=0.43..10.62 rows=109 width=4)
	  Index Cond: ((id >= 5851466) AND (id <= 5851566))

table 2 : explain SELECT id FROM sbtest2 WHERE id BETWEEN 5851466 AND 5851566
	Index Only Scan using sbtest2_pkey on sbtest2  (cost=0.43..6.47 rows=102 width=4)
	  Index Cond: ((id >= 5851466) AND (id <= 5851566))

table 3 : explain SELECT id FROM sbtest3 WHERE id BETWEEN 5851466 AND 5851566
	Index Only Scan using sbtest3_pkey on sbtest3  (cost=0.43..6.45 rows=101 width=4)
	  Index Cond: ((id >= 5851466) AND (id <= 5851566))

table 4 : explain SELECT id FROM sbtest4 WHERE id BETWEEN 5851466 AND 5851566
	Index Only Scan using sbtest4_pkey on sbtest4  (cost=0.43..10.56 rows=106 width=4)
	  Index Cond: ((id >= 5851466) AND (id <= 5851566))

table 5 : explain SELECT id FROM sbtest5 WHERE id BETWEEN 5851466 AND 5851566
	Index Only Scan using sbtest5_pkey on sbtest5  (cost=0.43..10.63 rows=110 width=4)
	  Index Cond: ((id >= 5851466) AND (id <= 5851566))

table 6 : explain SELECT id FROM sbtest6 WHERE id BETWEEN 5851466 AND 5851566
	Index Only Scan using sbtest6_pkey on sbtest6  (cost=0.43..6.58 rows=107 width=4)
	  Index Cond: ((id >= 5851466) AND (id <= 5851566))

table 7 : explain SELECT id FROM sbtest7 WHERE id BETWEEN 5851466 AND 5851566
	Index Only Scan using sbtest7_pkey on sbtest7  (cost=0.43..6.53 rows=105 width=4)
	  Index Cond: ((id >= 5851466) AND (id <= 5851566))

table 8 : explain SELECT id FROM sbtest8 WHERE id BETWEEN 5851466 AND 5851566
	Index Only Scan using sbtest8_pkey on sbtest8  (cost=0.43..6.59 rows=108 width=4)
	  Index Cond: ((id >= 5851466) AND (id <= 5851566))

explain: for range-covered :: explain SELECT id FROM sbtest%d WHERE id BETWEEN 5851466 AND 5851566
for range-covered
table 1 : explain SELECT id FROM sbtest1 WHERE id BETWEEN 7131638 AND 7131738
	Index Only Scan using sbtest1_pkey on sbtest1  (cost=0.43..10.28 rows=92 width=4)
	  Index Cond: ((id >= 7131638) AND (id <= 7131738))

table 2 : explain SELECT id FROM sbtest2 WHERE id BETWEEN 7131638 AND 7131738
	Index Only Scan using sbtest2_pkey on sbtest2  (cost=0.43..6.51 rows=104 width=4)
	  Index Cond: ((id >= 7131638) AND (id <= 7131738))

table 3 : explain SELECT id FROM sbtest3 WHERE id BETWEEN 7131638 AND 7131738
	Index Only Scan using sbtest3_pkey on sbtest3  (cost=0.43..6.63 rows=110 width=4)
	  Index Cond: ((id >= 7131638) AND (id <= 7131738))

table 4 : explain SELECT id FROM sbtest4 WHERE id BETWEEN 7131638 AND 7131738
	Index Only Scan using sbtest4_pkey on sbtest4  (cost=0.43..10.36 rows=96 width=4)
	  Index Cond: ((id >= 7131638) AND (id <= 7131738))

table 5 : explain SELECT id FROM sbtest5 WHERE id BETWEEN 7131638 AND 7131738
	Index Only Scan using sbtest5_pkey on sbtest5  (cost=0.43..10.46 rows=101 width=4)
	  Index Cond: ((id >= 7131638) AND (id <= 7131738))

table 6 : explain SELECT id FROM sbtest6 WHERE id BETWEEN 7131638 AND 7131738
	Index Only Scan using sbtest6_pkey on sbtest6  (cost=0.43..6.66 rows=111 width=4)
	  Index Cond: ((id >= 7131638) AND (id <= 7131738))

table 7 : explain SELECT id FROM sbtest7 WHERE id BETWEEN 7131638 AND 7131738
	Index Only Scan using sbtest7_pkey on sbtest7  (cost=0.43..6.63 rows=110 width=4)
	  Index Cond: ((id >= 7131638) AND (id <= 7131738))

table 8 : explain SELECT id FROM sbtest8 WHERE id BETWEEN 7131638 AND 7131738
	Index Only Scan using sbtest8_pkey on sbtest8  (cost=0.43..6.51 rows=104 width=4)
	  Index Cond: ((id >= 7131638) AND (id <= 7131738))

explain: for range-covered :: explain SELECT id FROM sbtest%d WHERE id BETWEEN 7131638 AND 7131738
explain: for range-covered :: explain SELECT id FROM sbtest%d WHERE id BETWEEN 5396238 AND 5396338
for range-covered
table 1 : explain SELECT id FROM sbtest1 WHERE id BETWEEN 4694460 AND 4694560
	Index Only Scan using sbtest1_pkey on sbtest1  (cost=0.43..10.50 rows=103 width=4)
	  Index Cond: ((id >= 4694460) AND (id <= 4694560))

table 2 : explain SELECT id FROM sbtest2 WHERE id BETWEEN 4694460 AND 4694560
	Index Only Scan using sbtest2_pkey on sbtest2  (cost=0.43..6.47 rows=102 width=4)
	  Index Cond: ((id >= 4694460) AND (id <= 4694560))

table 3 : explain SELECT id FROM sbtest3 WHERE id BETWEEN 4694460 AND 4694560
	Index Only Scan using sbtest3_pkey on sbtest3  (cost=0.43..6.35 rows=96 width=4)
	  Index Cond: ((id >= 4694460) AND (id <= 4694560))

table 4 : explain SELECT id FROM sbtest4 WHERE id BETWEEN 4694460 AND 4694560
	Index Only Scan using sbtest4_pkey on sbtest4  (cost=0.43..10.47 rows=102 width=4)
	  Index Cond: ((id >= 4694460) AND (id <= 4694560))

table 5 : explain SELECT id FROM sbtest5 WHERE id BETWEEN 4694460 AND 4694560
	Index Only Scan using sbtest5_pkey on sbtest5  (cost=0.43..10.47 rows=102 width=4)
	  Index Cond: ((id >= 4694460) AND (id <= 4694560))

table 6 : explain SELECT id FROM sbtest6 WHERE id BETWEEN 4694460 AND 4694560
	Index Only Scan using sbtest6_pkey on sbtest6  (cost=0.43..6.29 rows=93 width=4)
	  Index Cond: ((id >= 4694460) AND (id <= 4694560))

table 7 : explain SELECT id FROM sbtest7 WHERE id BETWEEN 4694460 AND 4694560
	Index Only Scan using sbtest7_pkey on sbtest7  (cost=0.43..6.61 rows=109 width=4)
	  Index Cond: ((id >= 4694460) AND (id <= 4694560))

table 8 : explain SELECT id FROM sbtest8 WHERE id BETWEEN 4694460 AND 4694560
	Index Only Scan using sbtest8_pkey on sbtest8  (cost=0.43..6.27 rows=92 width=4)
	  Index Cond: ((id >= 4694460) AND (id <= 4694560))

explain: for range-covered :: explain SELECT id FROM sbtest%d WHERE id BETWEEN 6330532 AND 6330632
explain: for range-covered :: explain SELECT id FROM sbtest%d WHERE id BETWEEN 7360840 AND 7360940
for range-covered
table 1 : explain SELECT id FROM sbtest1 WHERE id BETWEEN 7189121 AND 7189221
	Index Only Scan using sbtest1_pkey on sbtest1  (cost=0.43..10.72 rows=114 width=4)
	  Index Cond: ((id >= 7189121) AND (id <= 7189221))

table 2 : explain SELECT id FROM sbtest2 WHERE id BETWEEN 7189121 AND 7189221
	Index Only Scan using sbtest2_pkey on sbtest2  (cost=0.43..6.51 rows=104 width=4)
	  Index Cond: ((id >= 7189121) AND (id <= 7189221))

table 3 : explain SELECT id FROM sbtest3 WHERE id BETWEEN 7189121 AND 7189221
	Index Only Scan using sbtest3_pkey on sbtest3  (cost=0.43..6.63 rows=110 width=4)
	  Index Cond: ((id >= 7189121) AND (id <= 7189221))

table 4 : explain SELECT id FROM sbtest4 WHERE id BETWEEN 7189121 AND 7189221
	Index Only Scan using sbtest4_pkey on sbtest4  (cost=0.43..10.40 rows=98 width=4)
	  Index Cond: ((id >= 7189121) AND (id <= 7189221))

table 5 : explain SELECT id FROM sbtest5 WHERE id BETWEEN 7189121 AND 7189221
	Index Only Scan using sbtest5_pkey on sbtest5  (cost=0.43..10.33 rows=95 width=4)
	  Index Cond: ((id >= 7189121) AND (id <= 7189221))

table 6 : explain SELECT id FROM sbtest6 WHERE id BETWEEN 7189121 AND 7189221
	Index Only Scan using sbtest6_pkey on sbtest6  (cost=0.43..6.50 rows=103 width=4)
	  Index Cond: ((id >= 7189121) AND (id <= 7189221))

table 7 : explain SELECT id FROM sbtest7 WHERE id BETWEEN 7189121 AND 7189221
	Index Only Scan using sbtest7_pkey on sbtest7  (cost=0.43..6.63 rows=110 width=4)
	  Index Cond: ((id >= 7189121) AND (id <= 7189221))

table 8 : explain SELECT id FROM sbtest8 WHERE id BETWEEN 7189121 AND 7189221
	Index Only Scan using sbtest8_pkey on sbtest8  (cost=0.43..6.35 rows=96 width=4)
	  Index Cond: ((id >= 7189121) AND (id <= 7189221))

explain: for range-covered :: explain SELECT id FROM sbtest%d WHERE id BETWEEN 7189121 AND 7189221
for range-covered
table 1 : explain SELECT id FROM sbtest1 WHERE id BETWEEN 5851466 AND 5851566
	Index Only Scan using sbtest1_pkey on sbtest1  (cost=0.43..10.62 rows=109 width=4)
	  Index Cond: ((id >= 5851466) AND (id <= 5851566))

table 2 : explain SELECT id FROM sbtest2 WHERE id BETWEEN 5851466 AND 5851566
	Index Only Scan using sbtest2_pkey on sbtest2  (cost=0.43..6.47 rows=102 width=4)
	  Index Cond: ((id >= 5851466) AND (id <= 5851566))

table 3 : explain SELECT id FROM sbtest3 WHERE id BETWEEN 5851466 AND 5851566
	Index Only Scan using sbtest3_pkey on sbtest3  (cost=0.43..6.45 rows=101 width=4)
	  Index Cond: ((id >= 5851466) AND (id <= 5851566))

table 4 : explain SELECT id FROM sbtest4 WHERE id BETWEEN 5851466 AND 5851566
	Index Only Scan using sbtest4_pkey on sbtest4  (cost=0.43..10.56 rows=106 width=4)
	  Index Cond: ((id >= 5851466) AND (id <= 5851566))

table 5 : explain SELECT id FROM sbtest5 WHERE id BETWEEN 5851466 AND 5851566
	Index Only Scan using sbtest5_pkey on sbtest5  (cost=0.43..10.63 rows=110 width=4)
	  Index Cond: ((id >= 5851466) AND (id <= 5851566))

table 6 : explain SELECT id FROM sbtest6 WHERE id BETWEEN 5851466 AND 5851566
	Index Only Scan using sbtest6_pkey on sbtest6  (cost=0.43..6.58 rows=107 width=4)
	  Index Cond: ((id >= 5851466) AND (id <= 5851566))

table 7 : explain SELECT id FROM sbtest7 WHERE id BETWEEN 5851466 AND 5851566
	Index Only Scan using sbtest7_pkey on sbtest7  (cost=0.43..6.53 rows=105 width=4)
	  Index Cond: ((id >= 5851466) AND (id <= 5851566))

table 8 : explain SELECT id FROM sbtest8 WHERE id BETWEEN 5851466 AND 5851566
	Index Only Scan using sbtest8_pkey on sbtest8  (cost=0.43..6.59 rows=108 width=4)
	  Index Cond: ((id >= 5851466) AND (id <= 5851566))

for range-covered
table 1 : explain SELECT id FROM sbtest1 WHERE id BETWEEN 4665031 AND 4665131
	Index Only Scan using sbtest1_pkey on sbtest1  (cost=0.43..10.50 rows=103 width=4)
	  Index Cond: ((id >= 4665031) AND (id <= 4665131))

table 2 : explain SELECT id FROM sbtest2 WHERE id BETWEEN 4665031 AND 4665131
	Index Only Scan using sbtest2_pkey on sbtest2  (cost=0.43..6.47 rows=102 width=4)
	  Index Cond: ((id >= 4665031) AND (id <= 4665131))

table 3 : explain SELECT id FROM sbtest3 WHERE id BETWEEN 4665031 AND 4665131
	Index Only Scan using sbtest3_pkey on sbtest3  (cost=0.43..6.35 rows=96 width=4)
	  Index Cond: ((id >= 4665031) AND (id <= 4665131))

table 4 : explain SELECT id FROM sbtest4 WHERE id BETWEEN 4665031 AND 4665131
	Index Only Scan using sbtest4_pkey on sbtest4  (cost=0.43..10.47 rows=102 width=4)
	  Index Cond: ((id >= 4665031) AND (id <= 4665131))

table 5 : explain SELECT id FROM sbtest5 WHERE id BETWEEN 4665031 AND 4665131
	Index Only Scan using sbtest5_pkey on sbtest5  (cost=0.43..10.47 rows=102 width=4)
	  Index Cond: ((id >= 4665031) AND (id <= 4665131))

table 6 : explain SELECT id FROM sbtest6 WHERE id BETWEEN 4665031 AND 4665131
	Index Only Scan using sbtest6_pkey on sbtest6  (cost=0.43..6.29 rows=93 width=4)
	  Index Cond: ((id >= 4665031) AND (id <= 4665131))

table 7 : explain SELECT id FROM sbtest7 WHERE id BETWEEN 4665031 AND 4665131
	Index Only Scan using sbtest7_pkey on sbtest7  (cost=0.43..6.61 rows=109 width=4)
	  Index Cond: ((id >= 4665031) AND (id <= 4665131))

table 8 : explain SELECT id FROM sbtest8 WHERE id BETWEEN 4665031 AND 4665131
	Index Only Scan using sbtest8_pkey on sbtest8  (cost=0.43..6.27 rows=92 width=4)
	  Index Cond: ((id >= 4665031) AND (id <= 4665131))

explain: for range-covered :: explain SELECT id FROM sbtest%d WHERE id BETWEEN 5073744 AND 5073844
explain: for range-covered :: explain SELECT id FROM sbtest%d WHERE id BETWEEN 6272184 AND 6272284
explain: for range-covered :: explain SELECT id FROM sbtest%d WHERE id BETWEEN 5036695 AND 5036795
for range-covered
table 1 : explain SELECT id FROM sbtest1 WHERE id BETWEEN 7189121 AND 7189221
	Index Only Scan using sbtest1_pkey on sbtest1  (cost=0.43..10.72 rows=114 width=4)
	  Index Cond: ((id >= 7189121) AND (id <= 7189221))

table 2 : explain SELECT id FROM sbtest2 WHERE id BETWEEN 7189121 AND 7189221
	Index Only Scan using sbtest2_pkey on sbtest2  (cost=0.43..6.51 rows=104 width=4)
	  Index Cond: ((id >= 7189121) AND (id <= 7189221))

table 3 : explain SELECT id FROM sbtest3 WHERE id BETWEEN 7189121 AND 7189221
	Index Only Scan using sbtest3_pkey on sbtest3  (cost=0.43..6.63 rows=110 width=4)
	  Index Cond: ((id >= 7189121) AND (id <= 7189221))

table 4 : explain SELECT id FROM sbtest4 WHERE id BETWEEN 7189121 AND 7189221
	Index Only Scan using sbtest4_pkey on sbtest4  (cost=0.43..10.40 rows=98 width=4)
	  Index Cond: ((id >= 7189121) AND (id <= 7189221))

table 5 : explain SELECT id FROM sbtest5 WHERE id BETWEEN 7189121 AND 7189221
	Index Only Scan using sbtest5_pkey on sbtest5  (cost=0.43..10.33 rows=95 width=4)
	  Index Cond: ((id >= 7189121) AND (id <= 7189221))

table 6 : explain SELECT id FROM sbtest6 WHERE id BETWEEN 7189121 AND 7189221
	Index Only Scan using sbtest6_pkey on sbtest6  (cost=0.43..6.50 rows=103 width=4)
	  Index Cond: ((id >= 7189121) AND (id <= 7189221))

table 7 : explain SELECT id FROM sbtest7 WHERE id BETWEEN 7189121 AND 7189221
	Index Only Scan using sbtest7_pkey on sbtest7  (cost=0.43..6.63 rows=110 width=4)
	  Index Cond: ((id >= 7189121) AND (id <= 7189221))

table 8 : explain SELECT id FROM sbtest8 WHERE id BETWEEN 7189121 AND 7189221
	Index Only Scan using sbtest8_pkey on sbtest8  (cost=0.43..6.35 rows=96 width=4)
	  Index Cond: ((id >= 7189121) AND (id <= 7189221))

explain: for range-covered :: explain SELECT id FROM sbtest%d WHERE id BETWEEN 1049323 AND 1049423
for range-covered
table 1 : explain SELECT id FROM sbtest1 WHERE id BETWEEN 8586975 AND 8587075
	Index Only Scan using sbtest1_pkey on sbtest1  (cost=0.43..10.44 rows=100 width=4)
	  Index Cond: ((id >= 8586975) AND (id <= 8587075))

table 2 : explain SELECT id FROM sbtest2 WHERE id BETWEEN 8586975 AND 8587075
	Index Only Scan using sbtest2_pkey on sbtest2  (cost=0.43..6.45 rows=101 width=4)
	  Index Cond: ((id >= 8586975) AND (id <= 8587075))

table 3 : explain SELECT id FROM sbtest3 WHERE id BETWEEN 8586975 AND 8587075
	Index Only Scan using sbtest3_pkey on sbtest3  (cost=0.43..6.27 rows=92 width=4)
	  Index Cond: ((id >= 8586975) AND (id <= 8587075))

table 4 : explain SELECT id FROM sbtest4 WHERE id BETWEEN 8586975 AND 8587075
	Index Only Scan using sbtest4_pkey on sbtest4  (cost=0.43..10.42 rows=99 width=4)
	  Index Cond: ((id >= 8586975) AND (id <= 8587075))

table 5 : explain SELECT id FROM sbtest5 WHERE id BETWEEN 8586975 AND 8587075
	Index Only Scan using sbtest5_pkey on sbtest5  (cost=0.43..10.47 rows=102 width=4)
	  Index Cond: ((id >= 8586975) AND (id <= 8587075))

table 6 : explain SELECT id FROM sbtest6 WHERE id BETWEEN 8586975 AND 8587075
	Index Only Scan using sbtest6_pkey on sbtest6  (cost=0.43..6.32 rows=94 width=4)
	  Index Cond: ((id >= 8586975) AND (id <= 8587075))

table 7 : explain SELECT id FROM sbtest7 WHERE id BETWEEN 8586975 AND 8587075
	Index Only Scan using sbtest7_pkey on sbtest7  (cost=0.43..6.61 rows=109 width=4)
	  Index Cond: ((id >= 8586975) AND (id <= 8587075))

table 8 : explain SELECT id FROM sbtest8 WHERE id BETWEEN 8586975 AND 8587075
	Index Only Scan using sbtest8_pkey on sbtest8  (cost=0.43..6.45 rows=101 width=4)
	  Index Cond: ((id >= 8586975) AND (id <= 8587075))

explain: for range-covered :: explain SELECT id FROM sbtest%d WHERE id BETWEEN 7189121 AND 7189221
for range-covered
table 1 : explain SELECT id FROM sbtest1 WHERE id BETWEEN 7131638 AND 7131738
	Index Only Scan using sbtest1_pkey on sbtest1  (cost=0.43..10.28 rows=92 width=4)
	  Index Cond: ((id >= 7131638) AND (id <= 7131738))

table 2 : explain SELECT id FROM sbtest2 WHERE id BETWEEN 7131638 AND 7131738
	Index Only Scan using sbtest2_pkey on sbtest2  (cost=0.43..6.51 rows=104 width=4)
	  Index Cond: ((id >= 7131638) AND (id <= 7131738))

table 3 : explain SELECT id FROM sbtest3 WHERE id BETWEEN 7131638 AND 7131738
	Index Only Scan using sbtest3_pkey on sbtest3  (cost=0.43..6.63 rows=110 width=4)
	  Index Cond: ((id >= 7131638) AND (id <= 7131738))

table 4 : explain SELECT id FROM sbtest4 WHERE id BETWEEN 7131638 AND 7131738
	Index Only Scan using sbtest4_pkey on sbtest4  (cost=0.43..10.36 rows=96 width=4)
	  Index Cond: ((id >= 7131638) AND (id <= 7131738))

table 5 : explain SELECT id FROM sbtest5 WHERE id BETWEEN 7131638 AND 7131738
	Index Only Scan using sbtest5_pkey on sbtest5  (cost=0.43..10.46 rows=101 width=4)
	  Index Cond: ((id >= 7131638) AND (id <= 7131738))

table 6 : explain SELECT id FROM sbtest6 WHERE id BETWEEN 7131638 AND 7131738
	Index Only Scan using sbtest6_pkey on sbtest6  (cost=0.43..6.66 rows=111 width=4)
	  Index Cond: ((id >= 7131638) AND (id <= 7131738))

table 7 : explain SELECT id FROM sbtest7 WHERE id BETWEEN 7131638 AND 7131738
	Index Only Scan using sbtest7_pkey on sbtest7  (cost=0.43..6.63 rows=110 width=4)
	  Index Cond: ((id >= 7131638) AND (id <= 7131738))

table 8 : explain SELECT id FROM sbtest8 WHERE id BETWEEN 7131638 AND 7131738
	Index Only Scan using sbtest8_pkey on sbtest8  (cost=0.43..6.51 rows=104 width=4)
	  Index Cond: ((id >= 7131638) AND (id <= 7131738))

explain: for range-covered :: explain SELECT id FROM sbtest%d WHERE id BETWEEN 7865977 AND 7866077
for range-covered
table 1 : explain SELECT id FROM sbtest1 WHERE id BETWEEN 7189121 AND 7189221
	Index Only Scan using sbtest1_pkey on sbtest1  (cost=0.43..10.72 rows=114 width=4)
	  Index Cond: ((id >= 7189121) AND (id <= 7189221))

table 2 : explain SELECT id FROM sbtest2 WHERE id BETWEEN 7189121 AND 7189221
	Index Only Scan using sbtest2_pkey on sbtest2  (cost=0.43..6.51 rows=104 width=4)
	  Index Cond: ((id >= 7189121) AND (id <= 7189221))

table 3 : explain SELECT id FROM sbtest3 WHERE id BETWEEN 7189121 AND 7189221
	Index Only Scan using sbtest3_pkey on sbtest3  (cost=0.43..6.63 rows=110 width=4)
	  Index Cond: ((id >= 7189121) AND (id <= 7189221))

table 4 : explain SELECT id FROM sbtest4 WHERE id BETWEEN 7189121 AND 7189221
	Index Only Scan using sbtest4_pkey on sbtest4  (cost=0.43..10.40 rows=98 width=4)
	  Index Cond: ((id >= 7189121) AND (id <= 7189221))

table 5 : explain SELECT id FROM sbtest5 WHERE id BETWEEN 7189121 AND 7189221
	Index Only Scan using sbtest5_pkey on sbtest5  (cost=0.43..10.33 rows=95 width=4)
	  Index Cond: ((id >= 7189121) AND (id <= 7189221))

table 6 : explain SELECT id FROM sbtest6 WHERE id BETWEEN 7189121 AND 7189221
	Index Only Scan using sbtest6_pkey on sbtest6  (cost=0.43..6.50 rows=103 width=4)
	  Index Cond: ((id >= 7189121) AND (id <= 7189221))

table 7 : explain SELECT id FROM sbtest7 WHERE id BETWEEN 7189121 AND 7189221
	Index Only Scan using sbtest7_pkey on sbtest7  (cost=0.43..6.63 rows=110 width=4)
	  Index Cond: ((id >= 7189121) AND (id <= 7189221))

table 8 : explain SELECT id FROM sbtest8 WHERE id BETWEEN 7189121 AND 7189221
	Index Only Scan using sbtest8_pkey on sbtest8  (cost=0.43..6.35 rows=96 width=4)
	  Index Cond: ((id >= 7189121) AND (id <= 7189221))

explain: for range-covered :: explain SELECT id FROM sbtest%d WHERE id BETWEEN 7189121 AND 7189221
for range-covered
table 1 : explain SELECT id FROM sbtest1 WHERE id BETWEEN 5396238 AND 5396338
	Index Only Scan using sbtest1_pkey on sbtest1  (cost=0.43..10.33 rows=95 width=4)
	  Index Cond: ((id >= 5396238) AND (id <= 5396338))

table 2 : explain SELECT id FROM sbtest2 WHERE id BETWEEN 5396238 AND 5396338
	Index Only Scan using sbtest2_pkey on sbtest2  (cost=0.43..6.43 rows=100 width=4)
	  Index Cond: ((id >= 5396238) AND (id <= 5396338))

table 3 : explain SELECT id FROM sbtest3 WHERE id BETWEEN 5396238 AND 5396338
	Index Only Scan using sbtest3_pkey on sbtest3  (cost=0.43..6.43 rows=100 width=4)
	  Index Cond: ((id >= 5396238) AND (id <= 5396338))

table 4 : explain SELECT id FROM sbtest4 WHERE id BETWEEN 5396238 AND 5396338
	Index Only Scan using sbtest4_pkey on sbtest4  (cost=0.43..10.60 rows=108 width=4)
	  Index Cond: ((id >= 5396238) AND (id <= 5396338))

table 5 : explain SELECT id FROM sbtest5 WHERE id BETWEEN 5396238 AND 5396338
	Index Only Scan using sbtest5_pkey on sbtest5  (cost=0.43..10.50 rows=103 width=4)
	  Index Cond: ((id >= 5396238) AND (id <= 5396338))

table 6 : explain SELECT id FROM sbtest6 WHERE id BETWEEN 5396238 AND 5396338
	Index Only Scan using sbtest6_pkey on sbtest6  (cost=0.43..6.53 rows=105 width=4)
	  Index Cond: ((id >= 5396238) AND (id <= 5396338))

table 7 : explain SELECT id FROM sbtest7 WHERE id BETWEEN 5396238 AND 5396338
	Index Only Scan using sbtest7_pkey on sbtest7  (cost=0.43..6.63 rows=110 width=4)
	  Index Cond: ((id >= 5396238) AND (id <= 5396338))

table 8 : explain SELECT id FROM sbtest8 WHERE id BETWEEN 5396238 AND 5396338
	Index Only Scan using sbtest8_pkey on sbtest8  (cost=0.43..6.42 rows=99 width=4)
	  Index Cond: ((id >= 5396238) AND (id <= 5396338))

for range-covered
table 1 : explain SELECT id FROM sbtest1 WHERE id BETWEEN 8208447 AND 8208547
	Index Only Scan using sbtest1_pkey on sbtest1  (cost=0.43..10.38 rows=97 width=4)
	  Index Cond: ((id >= 8208447) AND (id <= 8208547))

table 2 : explain SELECT id FROM sbtest2 WHERE id BETWEEN 8208447 AND 8208547
	Index Only Scan using sbtest2_pkey on sbtest2  (cost=0.43..6.42 rows=99 width=4)
	  Index Cond: ((id >= 8208447) AND (id <= 8208547))

table 3 : explain SELECT id FROM sbtest3 WHERE id BETWEEN 8208447 AND 8208547
	Index Only Scan using sbtest3_pkey on sbtest3  (cost=0.43..6.27 rows=92 width=4)
	  Index Cond: ((id >= 8208447) AND (id <= 8208547))

table 4 : explain SELECT id FROM sbtest4 WHERE id BETWEEN 8208447 AND 8208547
	Index Only Scan using sbtest4_pkey on sbtest4  (cost=0.43..10.50 rows=103 width=4)
	  Index Cond: ((id >= 8208447) AND (id <= 8208547))

table 5 : explain SELECT id FROM sbtest5 WHERE id BETWEEN 8208447 AND 8208547
	Index Only Scan using sbtest5_pkey on sbtest5  (cost=0.43..10.54 rows=105 width=4)
	  Index Cond: ((id >= 8208447) AND (id <= 8208547))

table 6 : explain SELECT id FROM sbtest6 WHERE id BETWEEN 8208447 AND 8208547
	Index Only Scan using sbtest6_pkey on sbtest6  (cost=0.43..6.43 rows=100 width=4)
	  Index Cond: ((id >= 8208447) AND (id <= 8208547))

table 7 : explain SELECT id FROM sbtest7 WHERE id BETWEEN 8208447 AND 8208547
	Index Only Scan using sbtest7_pkey on sbtest7  (cost=0.43..6.42 rows=99 width=4)
	  Index Cond: ((id >= 8208447) AND (id <= 8208547))

table 8 : explain SELECT id FROM sbtest8 WHERE id BETWEEN 8208447 AND 8208547
	Index Only Scan using sbtest8_pkey on sbtest8  (cost=0.43..6.50 rows=103 width=4)
	  Index Cond: ((id >= 8208447) AND (id <= 8208547))

for range-covered
table 1 : explain SELECT id FROM sbtest1 WHERE id BETWEEN 7360840 AND 7360940
	Index Only Scan using sbtest1_pkey on sbtest1  (cost=0.43..10.68 rows=112 width=4)
	  Index Cond: ((id >= 7360840) AND (id <= 7360940))

table 2 : explain SELECT id FROM sbtest2 WHERE id BETWEEN 7360840 AND 7360940
	Index Only Scan using sbtest2_pkey on sbtest2  (cost=0.43..6.56 rows=106 width=4)
	  Index Cond: ((id >= 7360840) AND (id <= 7360940))

table 3 : explain SELECT id FROM sbtest3 WHERE id BETWEEN 7360840 AND 7360940
	Index Only Scan using sbtest3_pkey on sbtest3  (cost=0.43..6.35 rows=96 width=4)
	  Index Cond: ((id >= 7360840) AND (id <= 7360940))

table 4 : explain SELECT id FROM sbtest4 WHERE id BETWEEN 7360840 AND 7360940
	Index Only Scan using sbtest4_pkey on sbtest4  (cost=0.43..10.58 rows=107 width=4)
	  Index Cond: ((id >= 7360840) AND (id <= 7360940))

table 5 : explain SELECT id FROM sbtest5 WHERE id BETWEEN 7360840 AND 7360940
	Index Only Scan using sbtest5_pkey on sbtest5  (cost=0.43..10.51 rows=104 width=4)
	  Index Cond: ((id >= 7360840) AND (id <= 7360940))

table 6 : explain SELECT id FROM sbtest6 WHERE id BETWEEN 7360840 AND 7360940
	Index Only Scan using sbtest6_pkey on sbtest6  (cost=0.43..6.58 rows=107 width=4)
	  Index Cond: ((id >= 7360840) AND (id <= 7360940))

table 7 : explain SELECT id FROM sbtest7 WHERE id BETWEEN 7360840 AND 7360940
	Index Only Scan using sbtest7_pkey on sbtest7  (cost=0.43..6.32 rows=94 width=4)
	  Index Cond: ((id >= 7360840) AND (id <= 7360940))

table 8 : explain SELECT id FROM sbtest8 WHERE id BETWEEN 7360840 AND 7360940
	Index Only Scan using sbtest8_pkey on sbtest8  (cost=0.43..6.33 rows=95 width=4)
	  Index Cond: ((id >= 7360840) AND (id <= 7360940))

for range-covered
table 1 : explain SELECT id FROM sbtest1 WHERE id BETWEEN 7189121 AND 7189221
	Index Only Scan using sbtest1_pkey on sbtest1  (cost=0.43..10.72 rows=114 width=4)
	  Index Cond: ((id >= 7189121) AND (id <= 7189221))

table 2 : explain SELECT id FROM sbtest2 WHERE id BETWEEN 7189121 AND 7189221
	Index Only Scan using sbtest2_pkey on sbtest2  (cost=0.43..6.51 rows=104 width=4)
	  Index Cond: ((id >= 7189121) AND (id <= 7189221))

table 3 : explain SELECT id FROM sbtest3 WHERE id BETWEEN 7189121 AND 7189221
	Index Only Scan using sbtest3_pkey on sbtest3  (cost=0.43..6.63 rows=110 width=4)
	  Index Cond: ((id >= 7189121) AND (id <= 7189221))

table 4 : explain SELECT id FROM sbtest4 WHERE id BETWEEN 7189121 AND 7189221
	Index Only Scan using sbtest4_pkey on sbtest4  (cost=0.43..10.40 rows=98 width=4)
	  Index Cond: ((id >= 7189121) AND (id <= 7189221))

table 5 : explain SELECT id FROM sbtest5 WHERE id BETWEEN 7189121 AND 7189221
	Index Only Scan using sbtest5_pkey on sbtest5  (cost=0.43..10.33 rows=95 width=4)
	  Index Cond: ((id >= 7189121) AND (id <= 7189221))

table 6 : explain SELECT id FROM sbtest6 WHERE id BETWEEN 7189121 AND 7189221
	Index Only Scan using sbtest6_pkey on sbtest6  (cost=0.43..6.50 rows=103 width=4)
	  Index Cond: ((id >= 7189121) AND (id <= 7189221))

table 7 : explain SELECT id FROM sbtest7 WHERE id BETWEEN 7189121 AND 7189221
	Index Only Scan using sbtest7_pkey on sbtest7  (cost=0.43..6.63 rows=110 width=4)
	  Index Cond: ((id >= 7189121) AND (id <= 7189221))

table 8 : explain SELECT id FROM sbtest8 WHERE id BETWEEN 7189121 AND 7189221
	Index Only Scan using sbtest8_pkey on sbtest8  (cost=0.43..6.35 rows=96 width=4)
	  Index Cond: ((id >= 7189121) AND (id <= 7189221))

explain: for range-covered :: explain SELECT id FROM sbtest%d WHERE id BETWEEN 5396238 AND 5396338
for range-covered
table 1 : explain SELECT id FROM sbtest1 WHERE id BETWEEN 6272184 AND 6272284
	Index Only Scan using sbtest1_pkey on sbtest1  (cost=0.43..10.46 rows=101 width=4)
	  Index Cond: ((id >= 6272184) AND (id <= 6272284))

table 2 : explain SELECT id FROM sbtest2 WHERE id BETWEEN 6272184 AND 6272284
	Index Only Scan using sbtest2_pkey on sbtest2  (cost=0.43..6.42 rows=99 width=4)
	  Index Cond: ((id >= 6272184) AND (id <= 6272284))

table 3 : explain SELECT id FROM sbtest3 WHERE id BETWEEN 6272184 AND 6272284
	Index Only Scan using sbtest3_pkey on sbtest3  (cost=0.43..6.42 rows=99 width=4)
	  Index Cond: ((id >= 6272184) AND (id <= 6272284))

table 4 : explain SELECT id FROM sbtest4 WHERE id BETWEEN 6272184 AND 6272284
	Index Only Scan using sbtest4_pkey on sbtest4  (cost=0.43..10.32 rows=94 width=4)
	  Index Cond: ((id >= 6272184) AND (id <= 6272284))

table 5 : explain SELECT id FROM sbtest5 WHERE id BETWEEN 6272184 AND 6272284
	Index Only Scan using sbtest5_pkey on sbtest5  (cost=0.43..10.38 rows=97 width=4)
	  Index Cond: ((id >= 6272184) AND (id <= 6272284))

table 6 : explain SELECT id FROM sbtest6 WHERE id BETWEEN 6272184 AND 6272284
	Index Only Scan using sbtest6_pkey on sbtest6  (cost=0.43..6.43 rows=100 width=4)
	  Index Cond: ((id >= 6272184) AND (id <= 6272284))

table 7 : explain SELECT id FROM sbtest7 WHERE id BETWEEN 6272184 AND 6272284
	Index Only Scan using sbtest7_pkey on sbtest7  (cost=0.43..6.45 rows=101 width=4)
	  Index Cond: ((id >= 6272184) AND (id <= 6272284))

table 8 : explain SELECT id FROM sbtest8 WHERE id BETWEEN 6272184 AND 6272284
	Index Only Scan using sbtest8_pkey on sbtest8  (cost=0.43..6.53 rows=105 width=4)
	  Index Cond: ((id >= 6272184) AND (id <= 6272284))

explain: for range-covered :: explain SELECT id FROM sbtest%d WHERE id BETWEEN 7189121 AND 7189221
explain: for range-covered :: explain SELECT id FROM sbtest%d WHERE id BETWEEN 8208447 AND 8208547
explain: for range-covered :: explain SELECT id FROM sbtest%d WHERE id BETWEEN 7360840 AND 7360940
explain: for range-covered :: explain SELECT id FROM sbtest%d WHERE id BETWEEN 6272184 AND 6272284
for range-covered
table 1 : explain SELECT id FROM sbtest1 WHERE id BETWEEN 5036695 AND 5036795
	Index Only Scan using sbtest1_pkey on sbtest1  (cost=0.43..10.46 rows=101 width=4)
	  Index Cond: ((id >= 5036695) AND (id <= 5036795))

table 2 : explain SELECT id FROM sbtest2 WHERE id BETWEEN 5036695 AND 5036795
	Index Only Scan using sbtest2_pkey on sbtest2  (cost=0.43..6.53 rows=105 width=4)
	  Index Cond: ((id >= 5036695) AND (id <= 5036795))

table 3 : explain SELECT id FROM sbtest3 WHERE id BETWEEN 5036695 AND 5036795
	Index Only Scan using sbtest3_pkey on sbtest3  (cost=0.43..6.37 rows=97 width=4)
	  Index Cond: ((id >= 5036695) AND (id <= 5036795))

table 4 : explain SELECT id FROM sbtest4 WHERE id BETWEEN 5036695 AND 5036795
	Index Only Scan using sbtest4_pkey on sbtest4  (cost=0.43..10.62 rows=109 width=4)
	  Index Cond: ((id >= 5036695) AND (id <= 5036795))

table 5 : explain SELECT id FROM sbtest5 WHERE id BETWEEN 5036695 AND 5036795
	Index Only Scan using sbtest5_pkey on sbtest5  (cost=0.43..10.26 rows=91 width=4)
	  Index Cond: ((id >= 5036695) AND (id <= 5036795))

table 6 : explain SELECT id FROM sbtest6 WHERE id BETWEEN 5036695 AND 5036795
	Index Only Scan using sbtest6_pkey on sbtest6  (cost=0.43..6.42 rows=99 width=4)
	  Index Cond: ((id >= 5036695) AND (id <= 5036795))

table 7 : explain SELECT id FROM sbtest7 WHERE id BETWEEN 5036695 AND 5036795
	Index Only Scan using sbtest7_pkey on sbtest7  (cost=0.43..6.29 rows=93 width=4)
	  Index Cond: ((id >= 5036695) AND (id <= 5036795))

table 8 : explain SELECT id FROM sbtest8 WHERE id BETWEEN 5036695 AND 5036795
	Index Only Scan using sbtest8_pkey on sbtest8  (cost=0.43..6.50 rows=103 width=4)
	  Index Cond: ((id >= 5036695) AND (id <= 5036795))

for range-covered
table 1 : explain SELECT id FROM sbtest1 WHERE id BETWEEN 1049323 AND 1049423
	Index Only Scan using sbtest1_pkey on sbtest1  (cost=0.43..10.44 rows=100 width=4)
	  Index Cond: ((id >= 1049323) AND (id <= 1049423))

table 2 : explain SELECT id FROM sbtest2 WHERE id BETWEEN 1049323 AND 1049423
	Index Only Scan using sbtest2_pkey on sbtest2  (cost=0.43..6.45 rows=101 width=4)
	  Index Cond: ((id >= 1049323) AND (id <= 1049423))

table 3 : explain SELECT id FROM sbtest3 WHERE id BETWEEN 1049323 AND 1049423
	Index Only Scan using sbtest3_pkey on sbtest3  (cost=0.43..6.17 rows=87 width=4)
	  Index Cond: ((id >= 1049323) AND (id <= 1049423))

table 4 : explain SELECT id FROM sbtest4 WHERE id BETWEEN 1049323 AND 1049423
	Index Only Scan using sbtest4_pkey on sbtest4  (cost=0.43..10.54 rows=105 width=4)
	  Index Cond: ((id >= 1049323) AND (id <= 1049423))

table 5 : explain SELECT id FROM sbtest5 WHERE id BETWEEN 1049323 AND 1049423
	Index Only Scan using sbtest5_pkey on sbtest5  (cost=0.43..10.51 rows=104 width=4)
	  Index Cond: ((id >= 1049323) AND (id <= 1049423))

table 6 : explain SELECT id FROM sbtest6 WHERE id BETWEEN 1049323 AND 1049423
	Index Only Scan using sbtest6_pkey on sbtest6  (cost=0.43..6.59 rows=108 width=4)
	  Index Cond: ((id >= 1049323) AND (id <= 1049423))

table 7 : explain SELECT id FROM sbtest7 WHERE id BETWEEN 1049323 AND 1049423
	Index Only Scan using sbtest7_pkey on sbtest7  (cost=0.43..6.58 rows=107 width=4)
	  Index Cond: ((id >= 1049323) AND (id <= 1049423))

table 8 : explain SELECT id FROM sbtest8 WHERE id BETWEEN 1049323 AND 1049423
	Index Only Scan using sbtest8_pkey on sbtest8  (cost=0.43..6.69 rows=113 width=4)
	  Index Cond: ((id >= 1049323) AND (id <= 1049423))

explain: for range-covered :: explain SELECT id FROM sbtest%d WHERE id BETWEEN 5036695 AND 5036795
explain: for range-covered :: explain SELECT id FROM sbtest%d WHERE id BETWEEN 1049323 AND 1049423
for range-covered
table 1 : explain SELECT id FROM sbtest1 WHERE id BETWEEN 5073744 AND 5073844
	Index Only Scan using sbtest1_pkey on sbtest1  (cost=0.43..10.46 rows=101 width=4)
	  Index Cond: ((id >= 5073744) AND (id <= 5073844))

table 2 : explain SELECT id FROM sbtest2 WHERE id BETWEEN 5073744 AND 5073844
	Index Only Scan using sbtest2_pkey on sbtest2  (cost=0.43..6.53 rows=105 width=4)
	  Index Cond: ((id >= 5073744) AND (id <= 5073844))

table 3 : explain SELECT id FROM sbtest3 WHERE id BETWEEN 5073744 AND 5073844
	Index Only Scan using sbtest3_pkey on sbtest3  (cost=0.43..6.37 rows=97 width=4)
	  Index Cond: ((id >= 5073744) AND (id <= 5073844))

table 4 : explain SELECT id FROM sbtest4 WHERE id BETWEEN 5073744 AND 5073844
	Index Only Scan using sbtest4_pkey on sbtest4  (cost=0.43..10.40 rows=98 width=4)
	  Index Cond: ((id >= 5073744) AND (id <= 5073844))

table 5 : explain SELECT id FROM sbtest5 WHERE id BETWEEN 5073744 AND 5073844
	Index Only Scan using sbtest5_pkey on sbtest5  (cost=0.43..10.44 rows=100 width=4)
	  Index Cond: ((id >= 5073744) AND (id <= 5073844))

table 6 : explain SELECT id FROM sbtest6 WHERE id BETWEEN 5073744 AND 5073844
	Index Only Scan using sbtest6_pkey on sbtest6  (cost=0.43..6.42 rows=99 width=4)
	  Index Cond: ((id >= 5073744) AND (id <= 5073844))

table 7 : explain SELECT id FROM sbtest7 WHERE id BETWEEN 5073744 AND 5073844
	Index Only Scan using sbtest7_pkey on sbtest7  (cost=0.43..6.51 rows=104 width=4)
	  Index Cond: ((id >= 5073744) AND (id <= 5073844))

table 8 : explain SELECT id FROM sbtest8 WHERE id BETWEEN 5073744 AND 5073844
	Index Only Scan using sbtest8_pkey on sbtest8  (cost=0.43..6.27 rows=92 width=4)
	  Index Cond: ((id >= 5073744) AND (id <= 5073844))

explain: for range-covered :: explain SELECT id FROM sbtest%d WHERE id BETWEEN 5073744 AND 5073844
for range-covered
table 1 : explain SELECT id FROM sbtest1 WHERE id BETWEEN 7189121 AND 7189221
	Index Only Scan using sbtest1_pkey on sbtest1  (cost=0.43..10.72 rows=114 width=4)
	  Index Cond: ((id >= 7189121) AND (id <= 7189221))

table 2 : explain SELECT id FROM sbtest2 WHERE id BETWEEN 7189121 AND 7189221
	Index Only Scan using sbtest2_pkey on sbtest2  (cost=0.43..6.51 rows=104 width=4)
	  Index Cond: ((id >= 7189121) AND (id <= 7189221))

table 3 : explain SELECT id FROM sbtest3 WHERE id BETWEEN 7189121 AND 7189221
	Index Only Scan using sbtest3_pkey on sbtest3  (cost=0.43..6.63 rows=110 width=4)
	  Index Cond: ((id >= 7189121) AND (id <= 7189221))

table 4 : explain SELECT id FROM sbtest4 WHERE id BETWEEN 7189121 AND 7189221
	Index Only Scan using sbtest4_pkey on sbtest4  (cost=0.43..10.40 rows=98 width=4)
	  Index Cond: ((id >= 7189121) AND (id <= 7189221))

table 5 : explain SELECT id FROM sbtest5 WHERE id BETWEEN 7189121 AND 7189221
	Index Only Scan using sbtest5_pkey on sbtest5  (cost=0.43..10.33 rows=95 width=4)
	  Index Cond: ((id >= 7189121) AND (id <= 7189221))

table 6 : explain SELECT id FROM sbtest6 WHERE id BETWEEN 7189121 AND 7189221
	Index Only Scan using sbtest6_pkey on sbtest6  (cost=0.43..6.50 rows=103 width=4)
	  Index Cond: ((id >= 7189121) AND (id <= 7189221))

table 7 : explain SELECT id FROM sbtest7 WHERE id BETWEEN 7189121 AND 7189221
	Index Only Scan using sbtest7_pkey on sbtest7  (cost=0.43..6.63 rows=110 width=4)
	  Index Cond: ((id >= 7189121) AND (id <= 7189221))

table 8 : explain SELECT id FROM sbtest8 WHERE id BETWEEN 7189121 AND 7189221
	Index Only Scan using sbtest8_pkey on sbtest8  (cost=0.43..6.35 rows=96 width=4)
	  Index Cond: ((id >= 7189121) AND (id <= 7189221))

explain: for range-covered :: explain SELECT id FROM sbtest%d WHERE id BETWEEN 7189121 AND 7189221
for range-covered
table 1 : explain SELECT id FROM sbtest1 WHERE id BETWEEN 5396238 AND 5396338
	Index Only Scan using sbtest1_pkey on sbtest1  (cost=0.43..10.33 rows=95 width=4)
	  Index Cond: ((id >= 5396238) AND (id <= 5396338))

table 2 : explain SELECT id FROM sbtest2 WHERE id BETWEEN 5396238 AND 5396338
	Index Only Scan using sbtest2_pkey on sbtest2  (cost=0.43..6.43 rows=100 width=4)
	  Index Cond: ((id >= 5396238) AND (id <= 5396338))

table 3 : explain SELECT id FROM sbtest3 WHERE id BETWEEN 5396238 AND 5396338
	Index Only Scan using sbtest3_pkey on sbtest3  (cost=0.43..6.43 rows=100 width=4)
	  Index Cond: ((id >= 5396238) AND (id <= 5396338))

table 4 : explain SELECT id FROM sbtest4 WHERE id BETWEEN 5396238 AND 5396338
	Index Only Scan using sbtest4_pkey on sbtest4  (cost=0.43..10.60 rows=108 width=4)
	  Index Cond: ((id >= 5396238) AND (id <= 5396338))

table 5 : explain SELECT id FROM sbtest5 WHERE id BETWEEN 5396238 AND 5396338
	Index Only Scan using sbtest5_pkey on sbtest5  (cost=0.43..10.50 rows=103 width=4)
	  Index Cond: ((id >= 5396238) AND (id <= 5396338))

table 6 : explain SELECT id FROM sbtest6 WHERE id BETWEEN 5396238 AND 5396338
	Index Only Scan using sbtest6_pkey on sbtest6  (cost=0.43..6.53 rows=105 width=4)
	  Index Cond: ((id >= 5396238) AND (id <= 5396338))

table 7 : explain SELECT id FROM sbtest7 WHERE id BETWEEN 5396238 AND 5396338
	Index Only Scan using sbtest7_pkey on sbtest7  (cost=0.43..6.63 rows=110 width=4)
	  Index Cond: ((id >= 5396238) AND (id <= 5396338))

table 8 : explain SELECT id FROM sbtest8 WHERE id BETWEEN 5396238 AND 5396338
	Index Only Scan using sbtest8_pkey on sbtest8  (cost=0.43..6.42 rows=99 width=4)
	  Index Cond: ((id >= 5396238) AND (id <= 5396338))

for range-covered
table 1 : explain SELECT id FROM sbtest1 WHERE id BETWEEN 7360840 AND 7360940
	Index Only Scan using sbtest1_pkey on sbtest1  (cost=0.43..10.68 rows=112 width=4)
	  Index Cond: ((id >= 7360840) AND (id <= 7360940))

table 2 : explain SELECT id FROM sbtest2 WHERE id BETWEEN 7360840 AND 7360940
	Index Only Scan using sbtest2_pkey on sbtest2  (cost=0.43..6.56 rows=106 width=4)
	  Index Cond: ((id >= 7360840) AND (id <= 7360940))

table 3 : explain SELECT id FROM sbtest3 WHERE id BETWEEN 7360840 AND 7360940
	Index Only Scan using sbtest3_pkey on sbtest3  (cost=0.43..6.35 rows=96 width=4)
	  Index Cond: ((id >= 7360840) AND (id <= 7360940))

table 4 : explain SELECT id FROM sbtest4 WHERE id BETWEEN 7360840 AND 7360940
	Index Only Scan using sbtest4_pkey on sbtest4  (cost=0.43..10.58 rows=107 width=4)
	  Index Cond: ((id >= 7360840) AND (id <= 7360940))

table 5 : explain SELECT id FROM sbtest5 WHERE id BETWEEN 7360840 AND 7360940
	Index Only Scan using sbtest5_pkey on sbtest5  (cost=0.43..10.51 rows=104 width=4)
	  Index Cond: ((id >= 7360840) AND (id <= 7360940))

table 6 : explain SELECT id FROM sbtest6 WHERE id BETWEEN 7360840 AND 7360940
	Index Only Scan using sbtest6_pkey on sbtest6  (cost=0.43..6.58 rows=107 width=4)
	  Index Cond: ((id >= 7360840) AND (id <= 7360940))

table 7 : explain SELECT id FROM sbtest7 WHERE id BETWEEN 7360840 AND 7360940
	Index Only Scan using sbtest7_pkey on sbtest7  (cost=0.43..6.32 rows=94 width=4)
	  Index Cond: ((id >= 7360840) AND (id <= 7360940))

table 8 : explain SELECT id FROM sbtest8 WHERE id BETWEEN 7360840 AND 7360940
	Index Only Scan using sbtest8_pkey on sbtest8  (cost=0.43..6.33 rows=95 width=4)
	  Index Cond: ((id >= 7360840) AND (id <= 7360940))

for range-covered
table 1 : explain SELECT id FROM sbtest1 WHERE id BETWEEN 6272184 AND 6272284
	Index Only Scan using sbtest1_pkey on sbtest1  (cost=0.43..10.46 rows=101 width=4)
	  Index Cond: ((id >= 6272184) AND (id <= 6272284))

table 2 : explain SELECT id FROM sbtest2 WHERE id BETWEEN 6272184 AND 6272284
	Index Only Scan using sbtest2_pkey on sbtest2  (cost=0.43..6.42 rows=99 width=4)
	  Index Cond: ((id >= 6272184) AND (id <= 6272284))

table 3 : explain SELECT id FROM sbtest3 WHERE id BETWEEN 6272184 AND 6272284
	Index Only Scan using sbtest3_pkey on sbtest3  (cost=0.43..6.42 rows=99 width=4)
	  Index Cond: ((id >= 6272184) AND (id <= 6272284))

table 4 : explain SELECT id FROM sbtest4 WHERE id BETWEEN 6272184 AND 6272284
	Index Only Scan using sbtest4_pkey on sbtest4  (cost=0.43..10.32 rows=94 width=4)
	  Index Cond: ((id >= 6272184) AND (id <= 6272284))

table 5 : explain SELECT id FROM sbtest5 WHERE id BETWEEN 6272184 AND 6272284
	Index Only Scan using sbtest5_pkey on sbtest5  (cost=0.43..10.38 rows=97 width=4)
	  Index Cond: ((id >= 6272184) AND (id <= 6272284))

table 6 : explain SELECT id FROM sbtest6 WHERE id BETWEEN 6272184 AND 6272284
	Index Only Scan using sbtest6_pkey on sbtest6  (cost=0.43..6.43 rows=100 width=4)
	  Index Cond: ((id >= 6272184) AND (id <= 6272284))

table 7 : explain SELECT id FROM sbtest7 WHERE id BETWEEN 6272184 AND 6272284
	Index Only Scan using sbtest7_pkey on sbtest7  (cost=0.43..6.45 rows=101 width=4)
	  Index Cond: ((id >= 6272184) AND (id <= 6272284))

table 8 : explain SELECT id FROM sbtest8 WHERE id BETWEEN 6272184 AND 6272284
	Index Only Scan using sbtest8_pkey on sbtest8  (cost=0.43..6.53 rows=105 width=4)
	  Index Cond: ((id >= 6272184) AND (id <= 6272284))

explain: for range-covered :: explain SELECT id FROM sbtest%d WHERE id BETWEEN 5396238 AND 5396338
explain: for range-covered :: explain SELECT id FROM sbtest%d WHERE id BETWEEN 7360840 AND 7360940
explain: for range-covered :: explain SELECT id FROM sbtest%d WHERE id BETWEEN 6272184 AND 6272284
for range-covered
table 1 : explain SELECT id FROM sbtest1 WHERE id BETWEEN 8208447 AND 8208547
	Index Only Scan using sbtest1_pkey on sbtest1  (cost=0.43..10.38 rows=97 width=4)
	  Index Cond: ((id >= 8208447) AND (id <= 8208547))

table 2 : explain SELECT id FROM sbtest2 WHERE id BETWEEN 8208447 AND 8208547
	Index Only Scan using sbtest2_pkey on sbtest2  (cost=0.43..6.42 rows=99 width=4)
	  Index Cond: ((id >= 8208447) AND (id <= 8208547))

table 3 : explain SELECT id FROM sbtest3 WHERE id BETWEEN 8208447 AND 8208547
	Index Only Scan using sbtest3_pkey on sbtest3  (cost=0.43..6.27 rows=92 width=4)
	  Index Cond: ((id >= 8208447) AND (id <= 8208547))

table 4 : explain SELECT id FROM sbtest4 WHERE id BETWEEN 8208447 AND 8208547
	Index Only Scan using sbtest4_pkey on sbtest4  (cost=0.43..10.50 rows=103 width=4)
	  Index Cond: ((id >= 8208447) AND (id <= 8208547))

table 5 : explain SELECT id FROM sbtest5 WHERE id BETWEEN 8208447 AND 8208547
	Index Only Scan using sbtest5_pkey on sbtest5  (cost=0.43..10.54 rows=105 width=4)
	  Index Cond: ((id >= 8208447) AND (id <= 8208547))

table 6 : explain SELECT id FROM sbtest6 WHERE id BETWEEN 8208447 AND 8208547
	Index Only Scan using sbtest6_pkey on sbtest6  (cost=0.43..6.43 rows=100 width=4)
	  Index Cond: ((id >= 8208447) AND (id <= 8208547))

table 7 : explain SELECT id FROM sbtest7 WHERE id BETWEEN 8208447 AND 8208547
	Index Only Scan using sbtest7_pkey on sbtest7  (cost=0.43..6.42 rows=99 width=4)
	  Index Cond: ((id >= 8208447) AND (id <= 8208547))

table 8 : explain SELECT id FROM sbtest8 WHERE id BETWEEN 8208447 AND 8208547
	Index Only Scan using sbtest8_pkey on sbtest8  (cost=0.43..6.50 rows=103 width=4)
	  Index Cond: ((id >= 8208447) AND (id <= 8208547))

explain: for range-covered :: explain SELECT id FROM sbtest%d WHERE id BETWEEN 8208447 AND 8208547
for range-covered
table 1 : explain SELECT id FROM sbtest1 WHERE id BETWEEN 6330532 AND 6330632
	Index Only Scan using sbtest1_pkey on sbtest1  (cost=0.43..10.47 rows=102 width=4)
	  Index Cond: ((id >= 6330532) AND (id <= 6330632))

table 2 : explain SELECT id FROM sbtest2 WHERE id BETWEEN 6330532 AND 6330632
	Index Only Scan using sbtest2_pkey on sbtest2  (cost=0.43..6.35 rows=96 width=4)
	  Index Cond: ((id >= 6330532) AND (id <= 6330632))

table 3 : explain SELECT id FROM sbtest3 WHERE id BETWEEN 6330532 AND 6330632
	Index Only Scan using sbtest3_pkey on sbtest3  (cost=0.43..6.47 rows=102 width=4)
	  Index Cond: ((id >= 6330532) AND (id <= 6330632))

table 4 : explain SELECT id FROM sbtest4 WHERE id BETWEEN 6330532 AND 6330632
	Index Only Scan using sbtest4_pkey on sbtest4  (cost=0.43..10.32 rows=94 width=4)
	  Index Cond: ((id >= 6330532) AND (id <= 6330632))

table 5 : explain SELECT id FROM sbtest5 WHERE id BETWEEN 6330532 AND 6330632
	Index Only Scan using sbtest5_pkey on sbtest5  (cost=0.43..10.29 rows=93 width=4)
	  Index Cond: ((id >= 6330532) AND (id <= 6330632))

table 6 : explain SELECT id FROM sbtest6 WHERE id BETWEEN 6330532 AND 6330632
	Index Only Scan using sbtest6_pkey on sbtest6  (cost=0.43..6.56 rows=106 width=4)
	  Index Cond: ((id >= 6330532) AND (id <= 6330632))

table 7 : explain SELECT id FROM sbtest7 WHERE id BETWEEN 6330532 AND 6330632
	Index Only Scan using sbtest7_pkey on sbtest7  (cost=0.43..6.45 rows=101 width=4)
	  Index Cond: ((id >= 6330532) AND (id <= 6330632))

table 8 : explain SELECT id FROM sbtest8 WHERE id BETWEEN 6330532 AND 6330632
	Index Only Scan using sbtest8_pkey on sbtest8  (cost=0.43..6.53 rows=105 width=4)
	  Index Cond: ((id >= 6330532) AND (id <= 6330632))

explain: for range-covered :: explain SELECT id FROM sbtest%d WHERE id BETWEEN 6330532 AND 6330632
for range-covered
table 1 : explain SELECT id FROM sbtest1 WHERE id BETWEEN 5036695 AND 5036795
	Index Only Scan using sbtest1_pkey on sbtest1  (cost=0.43..10.46 rows=101 width=4)
	  Index Cond: ((id >= 5036695) AND (id <= 5036795))

table 2 : explain SELECT id FROM sbtest2 WHERE id BETWEEN 5036695 AND 5036795
	Index Only Scan using sbtest2_pkey on sbtest2  (cost=0.43..6.53 rows=105 width=4)
	  Index Cond: ((id >= 5036695) AND (id <= 5036795))

table 3 : explain SELECT id FROM sbtest3 WHERE id BETWEEN 5036695 AND 5036795
	Index Only Scan using sbtest3_pkey on sbtest3  (cost=0.43..6.37 rows=97 width=4)
	  Index Cond: ((id >= 5036695) AND (id <= 5036795))

table 4 : explain SELECT id FROM sbtest4 WHERE id BETWEEN 5036695 AND 5036795
	Index Only Scan using sbtest4_pkey on sbtest4  (cost=0.43..10.62 rows=109 width=4)
	  Index Cond: ((id >= 5036695) AND (id <= 5036795))

table 5 : explain SELECT id FROM sbtest5 WHERE id BETWEEN 5036695 AND 5036795
	Index Only Scan using sbtest5_pkey on sbtest5  (cost=0.43..10.26 rows=91 width=4)
	  Index Cond: ((id >= 5036695) AND (id <= 5036795))

table 6 : explain SELECT id FROM sbtest6 WHERE id BETWEEN 5036695 AND 5036795
	Index Only Scan using sbtest6_pkey on sbtest6  (cost=0.43..6.42 rows=99 width=4)
	  Index Cond: ((id >= 5036695) AND (id <= 5036795))

table 7 : explain SELECT id FROM sbtest7 WHERE id BETWEEN 5036695 AND 5036795
	Index Only Scan using sbtest7_pkey on sbtest7  (cost=0.43..6.29 rows=93 width=4)
	  Index Cond: ((id >= 5036695) AND (id <= 5036795))

table 8 : explain SELECT id FROM sbtest8 WHERE id BETWEEN 5036695 AND 5036795
	Index Only Scan using sbtest8_pkey on sbtest8  (cost=0.43..6.50 rows=103 width=4)
	  Index Cond: ((id >= 5036695) AND (id <= 5036795))

for range-covered
table 1 : explain SELECT id FROM sbtest1 WHERE id BETWEEN 1049323 AND 1049423
	Index Only Scan using sbtest1_pkey on sbtest1  (cost=0.43..10.44 rows=100 width=4)
	  Index Cond: ((id >= 1049323) AND (id <= 1049423))

table 2 : explain SELECT id FROM sbtest2 WHERE id BETWEEN 1049323 AND 1049423
	Index Only Scan using sbtest2_pkey on sbtest2  (cost=0.43..6.45 rows=101 width=4)
	  Index Cond: ((id >= 1049323) AND (id <= 1049423))

table 3 : explain SELECT id FROM sbtest3 WHERE id BETWEEN 1049323 AND 1049423
	Index Only Scan using sbtest3_pkey on sbtest3  (cost=0.43..6.17 rows=87 width=4)
	  Index Cond: ((id >= 1049323) AND (id <= 1049423))

table 4 : explain SELECT id FROM sbtest4 WHERE id BETWEEN 1049323 AND 1049423
	Index Only Scan using sbtest4_pkey on sbtest4  (cost=0.43..10.54 rows=105 width=4)
	  Index Cond: ((id >= 1049323) AND (id <= 1049423))

table 5 : explain SELECT id FROM sbtest5 WHERE id BETWEEN 1049323 AND 1049423
	Index Only Scan using sbtest5_pkey on sbtest5  (cost=0.43..10.51 rows=104 width=4)
	  Index Cond: ((id >= 1049323) AND (id <= 1049423))

table 6 : explain SELECT id FROM sbtest6 WHERE id BETWEEN 1049323 AND 1049423
	Index Only Scan using sbtest6_pkey on sbtest6  (cost=0.43..6.59 rows=108 width=4)
	  Index Cond: ((id >= 1049323) AND (id <= 1049423))

table 7 : explain SELECT id FROM sbtest7 WHERE id BETWEEN 1049323 AND 1049423
	Index Only Scan using sbtest7_pkey on sbtest7  (cost=0.43..6.58 rows=107 width=4)
	  Index Cond: ((id >= 1049323) AND (id <= 1049423))

table 8 : explain SELECT id FROM sbtest8 WHERE id BETWEEN 1049323 AND 1049423
	Index Only Scan using sbtest8_pkey on sbtest8  (cost=0.43..6.69 rows=113 width=4)
	  Index Cond: ((id >= 1049323) AND (id <= 1049423))

explain: for range-covered :: explain SELECT id FROM sbtest%d WHERE id BETWEEN 5036695 AND 5036795
explain: for range-covered :: explain SELECT id FROM sbtest%d WHERE id BETWEEN 1049323 AND 1049423
for range-covered
table 1 : explain SELECT id FROM sbtest1 WHERE id BETWEEN 5073744 AND 5073844
	Index Only Scan using sbtest1_pkey on sbtest1  (cost=0.43..10.46 rows=101 width=4)
	  Index Cond: ((id >= 5073744) AND (id <= 5073844))

table 2 : explain SELECT id FROM sbtest2 WHERE id BETWEEN 5073744 AND 5073844
	Index Only Scan using sbtest2_pkey on sbtest2  (cost=0.43..6.53 rows=105 width=4)
	  Index Cond: ((id >= 5073744) AND (id <= 5073844))

table 3 : explain SELECT id FROM sbtest3 WHERE id BETWEEN 5073744 AND 5073844
	Index Only Scan using sbtest3_pkey on sbtest3  (cost=0.43..6.37 rows=97 width=4)
	  Index Cond: ((id >= 5073744) AND (id <= 5073844))

table 4 : explain SELECT id FROM sbtest4 WHERE id BETWEEN 5073744 AND 5073844
	Index Only Scan using sbtest4_pkey on sbtest4  (cost=0.43..10.40 rows=98 width=4)
	  Index Cond: ((id >= 5073744) AND (id <= 5073844))

table 5 : explain SELECT id FROM sbtest5 WHERE id BETWEEN 5073744 AND 5073844
	Index Only Scan using sbtest5_pkey on sbtest5  (cost=0.43..10.44 rows=100 width=4)
	  Index Cond: ((id >= 5073744) AND (id <= 5073844))

table 6 : explain SELECT id FROM sbtest6 WHERE id BETWEEN 5073744 AND 5073844
	Index Only Scan using sbtest6_pkey on sbtest6  (cost=0.43..6.42 rows=99 width=4)
	  Index Cond: ((id >= 5073744) AND (id <= 5073844))

table 7 : explain SELECT id FROM sbtest7 WHERE id BETWEEN 5073744 AND 5073844
	Index Only Scan using sbtest7_pkey on sbtest7  (cost=0.43..6.51 rows=104 width=4)
	  Index Cond: ((id >= 5073744) AND (id <= 5073844))

table 8 : explain SELECT id FROM sbtest8 WHERE id BETWEEN 5073744 AND 5073844
	Index Only Scan using sbtest8_pkey on sbtest8  (cost=0.43..6.27 rows=92 width=4)
	  Index Cond: ((id >= 5073744) AND (id <= 5073844))

explain: for range-covered :: explain SELECT id FROM sbtest%d WHERE id BETWEEN 5073744 AND 5073844
for range-covered
table 1 : explain SELECT id FROM sbtest1 WHERE id BETWEEN 7189121 AND 7189221
	Index Only Scan using sbtest1_pkey on sbtest1  (cost=0.43..10.72 rows=114 width=4)
	  Index Cond: ((id >= 7189121) AND (id <= 7189221))

table 2 : explain SELECT id FROM sbtest2 WHERE id BETWEEN 7189121 AND 7189221
	Index Only Scan using sbtest2_pkey on sbtest2  (cost=0.43..6.51 rows=104 width=4)
	  Index Cond: ((id >= 7189121) AND (id <= 7189221))

table 3 : explain SELECT id FROM sbtest3 WHERE id BETWEEN 7189121 AND 7189221
	Index Only Scan using sbtest3_pkey on sbtest3  (cost=0.43..6.63 rows=110 width=4)
	  Index Cond: ((id >= 7189121) AND (id <= 7189221))

table 4 : explain SELECT id FROM sbtest4 WHERE id BETWEEN 7189121 AND 7189221
	Index Only Scan using sbtest4_pkey on sbtest4  (cost=0.43..10.40 rows=98 width=4)
	  Index Cond: ((id >= 7189121) AND (id <= 7189221))

table 5 : explain SELECT id FROM sbtest5 WHERE id BETWEEN 7189121 AND 7189221
	Index Only Scan using sbtest5_pkey on sbtest5  (cost=0.43..10.33 rows=95 width=4)
	  Index Cond: ((id >= 7189121) AND (id <= 7189221))

table 6 : explain SELECT id FROM sbtest6 WHERE id BETWEEN 7189121 AND 7189221
	Index Only Scan using sbtest6_pkey on sbtest6  (cost=0.43..6.50 rows=103 width=4)
	  Index Cond: ((id >= 7189121) AND (id <= 7189221))

table 7 : explain SELECT id FROM sbtest7 WHERE id BETWEEN 7189121 AND 7189221
	Index Only Scan using sbtest7_pkey on sbtest7  (cost=0.43..6.63 rows=110 width=4)
	  Index Cond: ((id >= 7189121) AND (id <= 7189221))

table 8 : explain SELECT id FROM sbtest8 WHERE id BETWEEN 7189121 AND 7189221
	Index Only Scan using sbtest8_pkey on sbtest8  (cost=0.43..6.35 rows=96 width=4)
	  Index Cond: ((id >= 7189121) AND (id <= 7189221))

explain: for range-covered :: explain SELECT id FROM sbtest%d WHERE id BETWEEN 7189121 AND 7189221
for range-covered
table 1 : explain SELECT id FROM sbtest1 WHERE id BETWEEN 7360840 AND 7360940
	Index Only Scan using sbtest1_pkey on sbtest1  (cost=0.43..10.68 rows=112 width=4)
	  Index Cond: ((id >= 7360840) AND (id <= 7360940))

table 2 : explain SELECT id FROM sbtest2 WHERE id BETWEEN 7360840 AND 7360940
	Index Only Scan using sbtest2_pkey on sbtest2  (cost=0.43..6.56 rows=106 width=4)
	  Index Cond: ((id >= 7360840) AND (id <= 7360940))

table 3 : explain SELECT id FROM sbtest3 WHERE id BETWEEN 7360840 AND 7360940
	Index Only Scan using sbtest3_pkey on sbtest3  (cost=0.43..6.35 rows=96 width=4)
	  Index Cond: ((id >= 7360840) AND (id <= 7360940))

table 4 : explain SELECT id FROM sbtest4 WHERE id BETWEEN 7360840 AND 7360940
	Index Only Scan using sbtest4_pkey on sbtest4  (cost=0.43..10.58 rows=107 width=4)
	  Index Cond: ((id >= 7360840) AND (id <= 7360940))

table 5 : explain SELECT id FROM sbtest5 WHERE id BETWEEN 7360840 AND 7360940
	Index Only Scan using sbtest5_pkey on sbtest5  (cost=0.43..10.51 rows=104 width=4)
	  Index Cond: ((id >= 7360840) AND (id <= 7360940))

table 6 : explain SELECT id FROM sbtest6 WHERE id BETWEEN 7360840 AND 7360940
	Index Only Scan using sbtest6_pkey on sbtest6  (cost=0.43..6.58 rows=107 width=4)
	  Index Cond: ((id >= 7360840) AND (id <= 7360940))

table 7 : explain SELECT id FROM sbtest7 WHERE id BETWEEN 7360840 AND 7360940
	Index Only Scan using sbtest7_pkey on sbtest7  (cost=0.43..6.32 rows=94 width=4)
	  Index Cond: ((id >= 7360840) AND (id <= 7360940))

table 8 : explain SELECT id FROM sbtest8 WHERE id BETWEEN 7360840 AND 7360940
	Index Only Scan using sbtest8_pkey on sbtest8  (cost=0.43..6.33 rows=95 width=4)
	  Index Cond: ((id >= 7360840) AND (id <= 7360940))

for range-covered
table 1 : explain SELECT id FROM sbtest1 WHERE id BETWEEN 5396238 AND 5396338
	Index Only Scan using sbtest1_pkey on sbtest1  (cost=0.43..10.33 rows=95 width=4)
	  Index Cond: ((id >= 5396238) AND (id <= 5396338))

table 2 : explain SELECT id FROM sbtest2 WHERE id BETWEEN 5396238 AND 5396338
	Index Only Scan using sbtest2_pkey on sbtest2  (cost=0.43..6.43 rows=100 width=4)
	  Index Cond: ((id >= 5396238) AND (id <= 5396338))

table 3 : explain SELECT id FROM sbtest3 WHERE id BETWEEN 5396238 AND 5396338
	Index Only Scan using sbtest3_pkey on sbtest3  (cost=0.43..6.43 rows=100 width=4)
	  Index Cond: ((id >= 5396238) AND (id <= 5396338))

table 4 : explain SELECT id FROM sbtest4 WHERE id BETWEEN 5396238 AND 5396338
	Index Only Scan using sbtest4_pkey on sbtest4  (cost=0.43..10.60 rows=108 width=4)
	  Index Cond: ((id >= 5396238) AND (id <= 5396338))

table 5 : explain SELECT id FROM sbtest5 WHERE id BETWEEN 5396238 AND 5396338
	Index Only Scan using sbtest5_pkey on sbtest5  (cost=0.43..10.50 rows=103 width=4)
	  Index Cond: ((id >= 5396238) AND (id <= 5396338))

table 6 : explain SELECT id FROM sbtest6 WHERE id BETWEEN 5396238 AND 5396338
	Index Only Scan using sbtest6_pkey on sbtest6  (cost=0.43..6.53 rows=105 width=4)
	  Index Cond: ((id >= 5396238) AND (id <= 5396338))

table 7 : explain SELECT id FROM sbtest7 WHERE id BETWEEN 5396238 AND 5396338
	Index Only Scan using sbtest7_pkey on sbtest7  (cost=0.43..6.63 rows=110 width=4)
	  Index Cond: ((id >= 5396238) AND (id <= 5396338))

table 8 : explain SELECT id FROM sbtest8 WHERE id BETWEEN 5396238 AND 5396338
	Index Only Scan using sbtest8_pkey on sbtest8  (cost=0.43..6.42 rows=99 width=4)
	  Index Cond: ((id >= 5396238) AND (id <= 5396338))

for range-covered
table 1 : explain SELECT id FROM sbtest1 WHERE id BETWEEN 6272184 AND 6272284
	Index Only Scan using sbtest1_pkey on sbtest1  (cost=0.43..10.46 rows=101 width=4)
	  Index Cond: ((id >= 6272184) AND (id <= 6272284))

table 2 : explain SELECT id FROM sbtest2 WHERE id BETWEEN 6272184 AND 6272284
	Index Only Scan using sbtest2_pkey on sbtest2  (cost=0.43..6.42 rows=99 width=4)
	  Index Cond: ((id >= 6272184) AND (id <= 6272284))

table 3 : explain SELECT id FROM sbtest3 WHERE id BETWEEN 6272184 AND 6272284
	Index Only Scan using sbtest3_pkey on sbtest3  (cost=0.43..6.42 rows=99 width=4)
	  Index Cond: ((id >= 6272184) AND (id <= 6272284))

table 4 : explain SELECT id FROM sbtest4 WHERE id BETWEEN 6272184 AND 6272284
	Index Only Scan using sbtest4_pkey on sbtest4  (cost=0.43..10.32 rows=94 width=4)
	  Index Cond: ((id >= 6272184) AND (id <= 6272284))

table 5 : explain SELECT id FROM sbtest5 WHERE id BETWEEN 6272184 AND 6272284
	Index Only Scan using sbtest5_pkey on sbtest5  (cost=0.43..10.38 rows=97 width=4)
	  Index Cond: ((id >= 6272184) AND (id <= 6272284))

table 6 : explain SELECT id FROM sbtest6 WHERE id BETWEEN 6272184 AND 6272284
	Index Only Scan using sbtest6_pkey on sbtest6  (cost=0.43..6.43 rows=100 width=4)
	  Index Cond: ((id >= 6272184) AND (id <= 6272284))

table 7 : explain SELECT id FROM sbtest7 WHERE id BETWEEN 6272184 AND 6272284
	Index Only Scan using sbtest7_pkey on sbtest7  (cost=0.43..6.45 rows=101 width=4)
	  Index Cond: ((id >= 6272184) AND (id <= 6272284))

table 8 : explain SELECT id FROM sbtest8 WHERE id BETWEEN 6272184 AND 6272284
	Index Only Scan using sbtest8_pkey on sbtest8  (cost=0.43..6.53 rows=105 width=4)
	  Index Cond: ((id >= 6272184) AND (id <= 6272284))

explain: for range-covered :: explain SELECT id FROM sbtest%d WHERE id BETWEEN 5396238 AND 5396338
for range-covered
table 1 : explain SELECT id FROM sbtest1 WHERE id BETWEEN 8208447 AND 8208547
	Index Only Scan using sbtest1_pkey on sbtest1  (cost=0.43..10.38 rows=97 width=4)
	  Index Cond: ((id >= 8208447) AND (id <= 8208547))

table 2 : explain SELECT id FROM sbtest2 WHERE id BETWEEN 8208447 AND 8208547
	Index Only Scan using sbtest2_pkey on sbtest2  (cost=0.43..6.42 rows=99 width=4)
	  Index Cond: ((id >= 8208447) AND (id <= 8208547))

table 3 : explain SELECT id FROM sbtest3 WHERE id BETWEEN 8208447 AND 8208547
	Index Only Scan using sbtest3_pkey on sbtest3  (cost=0.43..6.27 rows=92 width=4)
	  Index Cond: ((id >= 8208447) AND (id <= 8208547))

table 4 : explain SELECT id FROM sbtest4 WHERE id BETWEEN 8208447 AND 8208547
	Index Only Scan using sbtest4_pkey on sbtest4  (cost=0.43..10.50 rows=103 width=4)
	  Index Cond: ((id >= 8208447) AND (id <= 8208547))

table 5 : explain SELECT id FROM sbtest5 WHERE id BETWEEN 8208447 AND 8208547
	Index Only Scan using sbtest5_pkey on sbtest5  (cost=0.43..10.54 rows=105 width=4)
	  Index Cond: ((id >= 8208447) AND (id <= 8208547))

table 6 : explain SELECT id FROM sbtest6 WHERE id BETWEEN 8208447 AND 8208547
	Index Only Scan using sbtest6_pkey on sbtest6  (cost=0.43..6.43 rows=100 width=4)
	  Index Cond: ((id >= 8208447) AND (id <= 8208547))

table 7 : explain SELECT id FROM sbtest7 WHERE id BETWEEN 8208447 AND 8208547
	Index Only Scan using sbtest7_pkey on sbtest7  (cost=0.43..6.42 rows=99 width=4)
	  Index Cond: ((id >= 8208447) AND (id <= 8208547))

table 8 : explain SELECT id FROM sbtest8 WHERE id BETWEEN 8208447 AND 8208547
	Index Only Scan using sbtest8_pkey on sbtest8  (cost=0.43..6.50 rows=103 width=4)
	  Index Cond: ((id >= 8208447) AND (id <= 8208547))

explain: for range-covered :: explain SELECT id FROM sbtest%d WHERE id BETWEEN 7360840 AND 7360940
explain: for range-covered :: explain SELECT id FROM sbtest%d WHERE id BETWEEN 6272184 AND 6272284
explain: for range-covered :: explain SELECT id FROM sbtest%d WHERE id BETWEEN 8208447 AND 8208547
for range-covered
table 1 : explain SELECT id FROM sbtest1 WHERE id BETWEEN 1049323 AND 1049423
	Index Only Scan using sbtest1_pkey on sbtest1  (cost=0.43..10.44 rows=100 width=4)
	  Index Cond: ((id >= 1049323) AND (id <= 1049423))

table 2 : explain SELECT id FROM sbtest2 WHERE id BETWEEN 1049323 AND 1049423
	Index Only Scan using sbtest2_pkey on sbtest2  (cost=0.43..6.45 rows=101 width=4)
	  Index Cond: ((id >= 1049323) AND (id <= 1049423))

table 3 : explain SELECT id FROM sbtest3 WHERE id BETWEEN 1049323 AND 1049423
	Index Only Scan using sbtest3_pkey on sbtest3  (cost=0.43..6.17 rows=87 width=4)
	  Index Cond: ((id >= 1049323) AND (id <= 1049423))

table 4 : explain SELECT id FROM sbtest4 WHERE id BETWEEN 1049323 AND 1049423
	Index Only Scan using sbtest4_pkey on sbtest4  (cost=0.43..10.54 rows=105 width=4)
	  Index Cond: ((id >= 1049323) AND (id <= 1049423))

table 5 : explain SELECT id FROM sbtest5 WHERE id BETWEEN 1049323 AND 1049423
	Index Only Scan using sbtest5_pkey on sbtest5  (cost=0.43..10.51 rows=104 width=4)
	  Index Cond: ((id >= 1049323) AND (id <= 1049423))

table 6 : explain SELECT id FROM sbtest6 WHERE id BETWEEN 1049323 AND 1049423
	Index Only Scan using sbtest6_pkey on sbtest6  (cost=0.43..6.59 rows=108 width=4)
	  Index Cond: ((id >= 1049323) AND (id <= 1049423))

table 7 : explain SELECT id FROM sbtest7 WHERE id BETWEEN 1049323 AND 1049423
	Index Only Scan using sbtest7_pkey on sbtest7  (cost=0.43..6.58 rows=107 width=4)
	  Index Cond: ((id >= 1049323) AND (id <= 1049423))

table 8 : explain SELECT id FROM sbtest8 WHERE id BETWEEN 1049323 AND 1049423
	Index Only Scan using sbtest8_pkey on sbtest8  (cost=0.43..6.69 rows=113 width=4)
	  Index Cond: ((id >= 1049323) AND (id <= 1049423))

for range-covered
table 1 : explain SELECT id FROM sbtest1 WHERE id BETWEEN 5036695 AND 5036795
	Index Only Scan using sbtest1_pkey on sbtest1  (cost=0.43..10.46 rows=101 width=4)
	  Index Cond: ((id >= 5036695) AND (id <= 5036795))

table 2 : explain SELECT id FROM sbtest2 WHERE id BETWEEN 5036695 AND 5036795
	Index Only Scan using sbtest2_pkey on sbtest2  (cost=0.43..6.53 rows=105 width=4)
	  Index Cond: ((id >= 5036695) AND (id <= 5036795))

table 3 : explain SELECT id FROM sbtest3 WHERE id BETWEEN 5036695 AND 5036795
	Index Only Scan using sbtest3_pkey on sbtest3  (cost=0.43..6.37 rows=97 width=4)
	  Index Cond: ((id >= 5036695) AND (id <= 5036795))

table 4 : explain SELECT id FROM sbtest4 WHERE id BETWEEN 5036695 AND 5036795
	Index Only Scan using sbtest4_pkey on sbtest4  (cost=0.43..10.62 rows=109 width=4)
	  Index Cond: ((id >= 5036695) AND (id <= 5036795))

table 5 : explain SELECT id FROM sbtest5 WHERE id BETWEEN 5036695 AND 5036795
	Index Only Scan using sbtest5_pkey on sbtest5  (cost=0.43..10.26 rows=91 width=4)
	  Index Cond: ((id >= 5036695) AND (id <= 5036795))

table 6 : explain SELECT id FROM sbtest6 WHERE id BETWEEN 5036695 AND 5036795
	Index Only Scan using sbtest6_pkey on sbtest6  (cost=0.43..6.42 rows=99 width=4)
	  Index Cond: ((id >= 5036695) AND (id <= 5036795))

table 7 : explain SELECT id FROM sbtest7 WHERE id BETWEEN 5036695 AND 5036795
	Index Only Scan using sbtest7_pkey on sbtest7  (cost=0.43..6.29 rows=93 width=4)
	  Index Cond: ((id >= 5036695) AND (id <= 5036795))

table 8 : explain SELECT id FROM sbtest8 WHERE id BETWEEN 5036695 AND 5036795
	Index Only Scan using sbtest8_pkey on sbtest8  (cost=0.43..6.50 rows=103 width=4)
	  Index Cond: ((id >= 5036695) AND (id <= 5036795))

explain: for range-covered :: explain SELECT id FROM sbtest%d WHERE id BETWEEN 5036695 AND 5036795
for range-covered
table 1 : explain SELECT id FROM sbtest1 WHERE id BETWEEN 5073744 AND 5073844
	Index Only Scan using sbtest1_pkey on sbtest1  (cost=0.43..10.46 rows=101 width=4)
	  Index Cond: ((id >= 5073744) AND (id <= 5073844))

table 2 : explain SELECT id FROM sbtest2 WHERE id BETWEEN 5073744 AND 5073844
	Index Only Scan using sbtest2_pkey on sbtest2  (cost=0.43..6.53 rows=105 width=4)
	  Index Cond: ((id >= 5073744) AND (id <= 5073844))

table 3 : explain SELECT id FROM sbtest3 WHERE id BETWEEN 5073744 AND 5073844
	Index Only Scan using sbtest3_pkey on sbtest3  (cost=0.43..6.37 rows=97 width=4)
	  Index Cond: ((id >= 5073744) AND (id <= 5073844))

table 4 : explain SELECT id FROM sbtest4 WHERE id BETWEEN 5073744 AND 5073844
	Index Only Scan using sbtest4_pkey on sbtest4  (cost=0.43..10.40 rows=98 width=4)
	  Index Cond: ((id >= 5073744) AND (id <= 5073844))

table 5 : explain SELECT id FROM sbtest5 WHERE id BETWEEN 5073744 AND 5073844
	Index Only Scan using sbtest5_pkey on sbtest5  (cost=0.43..10.44 rows=100 width=4)
	  Index Cond: ((id >= 5073744) AND (id <= 5073844))

table 6 : explain SELECT id FROM sbtest6 WHERE id BETWEEN 5073744 AND 5073844
	Index Only Scan using sbtest6_pkey on sbtest6  (cost=0.43..6.42 rows=99 width=4)
	  Index Cond: ((id >= 5073744) AND (id <= 5073844))

table 7 : explain SELECT id FROM sbtest7 WHERE id BETWEEN 5073744 AND 5073844
	Index Only Scan using sbtest7_pkey on sbtest7  (cost=0.43..6.51 rows=104 width=4)
	  Index Cond: ((id >= 5073744) AND (id <= 5073844))

table 8 : explain SELECT id FROM sbtest8 WHERE id BETWEEN 5073744 AND 5073844
	Index Only Scan using sbtest8_pkey on sbtest8  (cost=0.43..6.27 rows=92 width=4)
	  Index Cond: ((id >= 5073744) AND (id <= 5073844))

explain: for range-covered :: explain SELECT id FROM sbtest%d WHERE id BETWEEN 5073744 AND 5073844
explain: for range-covered :: explain SELECT id FROM sbtest%d WHERE id BETWEEN 1049323 AND 1049423
for range-covered
table 1 : explain SELECT id FROM sbtest1 WHERE id BETWEEN 6330532 AND 6330632
	Index Only Scan using sbtest1_pkey on sbtest1  (cost=0.43..10.47 rows=102 width=4)
	  Index Cond: ((id >= 6330532) AND (id <= 6330632))

table 2 : explain SELECT id FROM sbtest2 WHERE id BETWEEN 6330532 AND 6330632
	Index Only Scan using sbtest2_pkey on sbtest2  (cost=0.43..6.35 rows=96 width=4)
	  Index Cond: ((id >= 6330532) AND (id <= 6330632))

table 3 : explain SELECT id FROM sbtest3 WHERE id BETWEEN 6330532 AND 6330632
	Index Only Scan using sbtest3_pkey on sbtest3  (cost=0.43..6.47 rows=102 width=4)
	  Index Cond: ((id >= 6330532) AND (id <= 6330632))

table 4 : explain SELECT id FROM sbtest4 WHERE id BETWEEN 6330532 AND 6330632
	Index Only Scan using sbtest4_pkey on sbtest4  (cost=0.43..10.32 rows=94 width=4)
	  Index Cond: ((id >= 6330532) AND (id <= 6330632))

table 5 : explain SELECT id FROM sbtest5 WHERE id BETWEEN 6330532 AND 6330632
	Index Only Scan using sbtest5_pkey on sbtest5  (cost=0.43..10.29 rows=93 width=4)
	  Index Cond: ((id >= 6330532) AND (id <= 6330632))

table 6 : explain SELECT id FROM sbtest6 WHERE id BETWEEN 6330532 AND 6330632
	Index Only Scan using sbtest6_pkey on sbtest6  (cost=0.43..6.56 rows=106 width=4)
	  Index Cond: ((id >= 6330532) AND (id <= 6330632))

table 7 : explain SELECT id FROM sbtest7 WHERE id BETWEEN 6330532 AND 6330632
	Index Only Scan using sbtest7_pkey on sbtest7  (cost=0.43..6.45 rows=101 width=4)
	  Index Cond: ((id >= 6330532) AND (id <= 6330632))

table 8 : explain SELECT id FROM sbtest8 WHERE id BETWEEN 6330532 AND 6330632
	Index Only Scan using sbtest8_pkey on sbtest8  (cost=0.43..6.53 rows=105 width=4)
	  Index Cond: ((id >= 6330532) AND (id <= 6330632))

explain: for range-covered :: explain SELECT id FROM sbtest%d WHERE id BETWEEN 6330532 AND 6330632
for range-covered
table 1 : explain SELECT id FROM sbtest1 WHERE id BETWEEN 6272184 AND 6272284
	Index Only Scan using sbtest1_pkey on sbtest1  (cost=0.43..10.46 rows=101 width=4)
	  Index Cond: ((id >= 6272184) AND (id <= 6272284))

table 2 : explain SELECT id FROM sbtest2 WHERE id BETWEEN 6272184 AND 6272284
	Index Only Scan using sbtest2_pkey on sbtest2  (cost=0.43..6.42 rows=99 width=4)
	  Index Cond: ((id >= 6272184) AND (id <= 6272284))

table 3 : explain SELECT id FROM sbtest3 WHERE id BETWEEN 6272184 AND 6272284
	Index Only Scan using sbtest3_pkey on sbtest3  (cost=0.43..6.42 rows=99 width=4)
	  Index Cond: ((id >= 6272184) AND (id <= 6272284))

table 4 : explain SELECT id FROM sbtest4 WHERE id BETWEEN 6272184 AND 6272284
	Index Only Scan using sbtest4_pkey on sbtest4  (cost=0.43..10.32 rows=94 width=4)
	  Index Cond: ((id >= 6272184) AND (id <= 6272284))

table 5 : explain SELECT id FROM sbtest5 WHERE id BETWEEN 6272184 AND 6272284
	Index Only Scan using sbtest5_pkey on sbtest5  (cost=0.43..10.38 rows=97 width=4)
	  Index Cond: ((id >= 6272184) AND (id <= 6272284))

table 6 : explain SELECT id FROM sbtest6 WHERE id BETWEEN 6272184 AND 6272284
	Index Only Scan using sbtest6_pkey on sbtest6  (cost=0.43..6.43 rows=100 width=4)
	  Index Cond: ((id >= 6272184) AND (id <= 6272284))

table 7 : explain SELECT id FROM sbtest7 WHERE id BETWEEN 6272184 AND 6272284
	Index Only Scan using sbtest7_pkey on sbtest7  (cost=0.43..6.45 rows=101 width=4)
	  Index Cond: ((id >= 6272184) AND (id <= 6272284))

table 8 : explain SELECT id FROM sbtest8 WHERE id BETWEEN 6272184 AND 6272284
	Index Only Scan using sbtest8_pkey on sbtest8  (cost=0.43..6.53 rows=105 width=4)
	  Index Cond: ((id >= 6272184) AND (id <= 6272284))

for range-covered
table 1 : explain SELECT id FROM sbtest1 WHERE id BETWEEN 8208447 AND 8208547
	Index Only Scan using sbtest1_pkey on sbtest1  (cost=0.43..10.38 rows=97 width=4)
	  Index Cond: ((id >= 8208447) AND (id <= 8208547))

table 2 : explain SELECT id FROM sbtest2 WHERE id BETWEEN 8208447 AND 8208547
	Index Only Scan using sbtest2_pkey on sbtest2  (cost=0.43..6.42 rows=99 width=4)
	  Index Cond: ((id >= 8208447) AND (id <= 8208547))

table 3 : explain SELECT id FROM sbtest3 WHERE id BETWEEN 8208447 AND 8208547
	Index Only Scan using sbtest3_pkey on sbtest3  (cost=0.43..6.27 rows=92 width=4)
	  Index Cond: ((id >= 8208447) AND (id <= 8208547))

table 4 : explain SELECT id FROM sbtest4 WHERE id BETWEEN 8208447 AND 8208547
	Index Only Scan using sbtest4_pkey on sbtest4  (cost=0.43..10.50 rows=103 width=4)
	  Index Cond: ((id >= 8208447) AND (id <= 8208547))

table 5 : explain SELECT id FROM sbtest5 WHERE id BETWEEN 8208447 AND 8208547
	Index Only Scan using sbtest5_pkey on sbtest5  (cost=0.43..10.54 rows=105 width=4)
	  Index Cond: ((id >= 8208447) AND (id <= 8208547))

table 6 : explain SELECT id FROM sbtest6 WHERE id BETWEEN 8208447 AND 8208547
	Index Only Scan using sbtest6_pkey on sbtest6  (cost=0.43..6.43 rows=100 width=4)
	  Index Cond: ((id >= 8208447) AND (id <= 8208547))

table 7 : explain SELECT id FROM sbtest7 WHERE id BETWEEN 8208447 AND 8208547
	Index Only Scan using sbtest7_pkey on sbtest7  (cost=0.43..6.42 rows=99 width=4)
	  Index Cond: ((id >= 8208447) AND (id <= 8208547))

table 8 : explain SELECT id FROM sbtest8 WHERE id BETWEEN 8208447 AND 8208547
	Index Only Scan using sbtest8_pkey on sbtest8  (cost=0.43..6.50 rows=103 width=4)
	  Index Cond: ((id >= 8208447) AND (id <= 8208547))

explain: for range-covered :: explain SELECT id FROM sbtest%d WHERE id BETWEEN 6272184 AND 6272284
for range-covered
table 1 : explain SELECT id FROM sbtest1 WHERE id BETWEEN 5396238 AND 5396338
	Index Only Scan using sbtest1_pkey on sbtest1  (cost=0.43..10.33 rows=95 width=4)
	  Index Cond: ((id >= 5396238) AND (id <= 5396338))

table 2 : explain SELECT id FROM sbtest2 WHERE id BETWEEN 5396238 AND 5396338
	Index Only Scan using sbtest2_pkey on sbtest2  (cost=0.43..6.43 rows=100 width=4)
	  Index Cond: ((id >= 5396238) AND (id <= 5396338))

table 3 : explain SELECT id FROM sbtest3 WHERE id BETWEEN 5396238 AND 5396338
	Index Only Scan using sbtest3_pkey on sbtest3  (cost=0.43..6.43 rows=100 width=4)
	  Index Cond: ((id >= 5396238) AND (id <= 5396338))

table 4 : explain SELECT id FROM sbtest4 WHERE id BETWEEN 5396238 AND 5396338
	Index Only Scan using sbtest4_pkey on sbtest4  (cost=0.43..10.60 rows=108 width=4)
	  Index Cond: ((id >= 5396238) AND (id <= 5396338))

table 5 : explain SELECT id FROM sbtest5 WHERE id BETWEEN 5396238 AND 5396338
	Index Only Scan using sbtest5_pkey on sbtest5  (cost=0.43..10.50 rows=103 width=4)
	  Index Cond: ((id >= 5396238) AND (id <= 5396338))

table 6 : explain SELECT id FROM sbtest6 WHERE id BETWEEN 5396238 AND 5396338
	Index Only Scan using sbtest6_pkey on sbtest6  (cost=0.43..6.53 rows=105 width=4)
	  Index Cond: ((id >= 5396238) AND (id <= 5396338))

table 7 : explain SELECT id FROM sbtest7 WHERE id BETWEEN 5396238 AND 5396338
	Index Only Scan using sbtest7_pkey on sbtest7  (cost=0.43..6.63 rows=110 width=4)
	  Index Cond: ((id >= 5396238) AND (id <= 5396338))

table 8 : explain SELECT id FROM sbtest8 WHERE id BETWEEN 5396238 AND 5396338
	Index Only Scan using sbtest8_pkey on sbtest8  (cost=0.43..6.42 rows=99 width=4)
	  Index Cond: ((id >= 5396238) AND (id <= 5396338))

explain: for range-covered :: explain SELECT id FROM sbtest%d WHERE id BETWEEN 8208447 AND 8208547
explain: for range-covered :: explain SELECT id FROM sbtest%d WHERE id BETWEEN 5396238 AND 5396338
for range-covered
table 1 : explain SELECT id FROM sbtest1 WHERE id BETWEEN 5036695 AND 5036795
	Index Only Scan using sbtest1_pkey on sbtest1  (cost=0.43..10.46 rows=101 width=4)
	  Index Cond: ((id >= 5036695) AND (id <= 5036795))

table 2 : explain SELECT id FROM sbtest2 WHERE id BETWEEN 5036695 AND 5036795
	Index Only Scan using sbtest2_pkey on sbtest2  (cost=0.43..6.53 rows=105 width=4)
	  Index Cond: ((id >= 5036695) AND (id <= 5036795))

table 3 : explain SELECT id FROM sbtest3 WHERE id BETWEEN 5036695 AND 5036795
	Index Only Scan using sbtest3_pkey on sbtest3  (cost=0.43..6.37 rows=97 width=4)
	  Index Cond: ((id >= 5036695) AND (id <= 5036795))

table 4 : explain SELECT id FROM sbtest4 WHERE id BETWEEN 5036695 AND 5036795
	Index Only Scan using sbtest4_pkey on sbtest4  (cost=0.43..10.62 rows=109 width=4)
	  Index Cond: ((id >= 5036695) AND (id <= 5036795))

table 5 : explain SELECT id FROM sbtest5 WHERE id BETWEEN 5036695 AND 5036795
	Index Only Scan using sbtest5_pkey on sbtest5  (cost=0.43..10.26 rows=91 width=4)
	  Index Cond: ((id >= 5036695) AND (id <= 5036795))

table 6 : explain SELECT id FROM sbtest6 WHERE id BETWEEN 5036695 AND 5036795
	Index Only Scan using sbtest6_pkey on sbtest6  (cost=0.43..6.42 rows=99 width=4)
	  Index Cond: ((id >= 5036695) AND (id <= 5036795))

table 7 : explain SELECT id FROM sbtest7 WHERE id BETWEEN 5036695 AND 5036795
	Index Only Scan using sbtest7_pkey on sbtest7  (cost=0.43..6.29 rows=93 width=4)
	  Index Cond: ((id >= 5036695) AND (id <= 5036795))

table 8 : explain SELECT id FROM sbtest8 WHERE id BETWEEN 5036695 AND 5036795
	Index Only Scan using sbtest8_pkey on sbtest8  (cost=0.43..6.50 rows=103 width=4)
	  Index Cond: ((id >= 5036695) AND (id <= 5036795))

for range-covered
table 1 : explain SELECT id FROM sbtest1 WHERE id BETWEEN 5073744 AND 5073844
	Index Only Scan using sbtest1_pkey on sbtest1  (cost=0.43..10.46 rows=101 width=4)
	  Index Cond: ((id >= 5073744) AND (id <= 5073844))

table 2 : explain SELECT id FROM sbtest2 WHERE id BETWEEN 5073744 AND 5073844
	Index Only Scan using sbtest2_pkey on sbtest2  (cost=0.43..6.53 rows=105 width=4)
	  Index Cond: ((id >= 5073744) AND (id <= 5073844))

table 3 : explain SELECT id FROM sbtest3 WHERE id BETWEEN 5073744 AND 5073844
	Index Only Scan using sbtest3_pkey on sbtest3  (cost=0.43..6.37 rows=97 width=4)
	  Index Cond: ((id >= 5073744) AND (id <= 5073844))

table 4 : explain SELECT id FROM sbtest4 WHERE id BETWEEN 5073744 AND 5073844
	Index Only Scan using sbtest4_pkey on sbtest4  (cost=0.43..10.40 rows=98 width=4)
	  Index Cond: ((id >= 5073744) AND (id <= 5073844))

table 5 : explain SELECT id FROM sbtest5 WHERE id BETWEEN 5073744 AND 5073844
	Index Only Scan using sbtest5_pkey on sbtest5  (cost=0.43..10.44 rows=100 width=4)
	  Index Cond: ((id >= 5073744) AND (id <= 5073844))

table 6 : explain SELECT id FROM sbtest6 WHERE id BETWEEN 5073744 AND 5073844
	Index Only Scan using sbtest6_pkey on sbtest6  (cost=0.43..6.42 rows=99 width=4)
	  Index Cond: ((id >= 5073744) AND (id <= 5073844))

table 7 : explain SELECT id FROM sbtest7 WHERE id BETWEEN 5073744 AND 5073844
	Index Only Scan using sbtest7_pkey on sbtest7  (cost=0.43..6.51 rows=104 width=4)
	  Index Cond: ((id >= 5073744) AND (id <= 5073844))

table 8 : explain SELECT id FROM sbtest8 WHERE id BETWEEN 5073744 AND 5073844
	Index Only Scan using sbtest8_pkey on sbtest8  (cost=0.43..6.27 rows=92 width=4)
	  Index Cond: ((id >= 5073744) AND (id <= 5073844))

explain: for range-covered :: explain SELECT id FROM sbtest%d WHERE id BETWEEN 5036695 AND 5036795
explain: for range-covered :: explain SELECT id FROM sbtest%d WHERE id BETWEEN 5073744 AND 5073844
for range-covered
table 1 : explain SELECT id FROM sbtest1 WHERE id BETWEEN 7189121 AND 7189221
	Index Only Scan using sbtest1_pkey on sbtest1  (cost=0.43..10.72 rows=114 width=4)
	  Index Cond: ((id >= 7189121) AND (id <= 7189221))

table 2 : explain SELECT id FROM sbtest2 WHERE id BETWEEN 7189121 AND 7189221
	Index Only Scan using sbtest2_pkey on sbtest2  (cost=0.43..6.51 rows=104 width=4)
	  Index Cond: ((id >= 7189121) AND (id <= 7189221))

table 3 : explain SELECT id FROM sbtest3 WHERE id BETWEEN 7189121 AND 7189221
	Index Only Scan using sbtest3_pkey on sbtest3  (cost=0.43..6.63 rows=110 width=4)
	  Index Cond: ((id >= 7189121) AND (id <= 7189221))

table 4 : explain SELECT id FROM sbtest4 WHERE id BETWEEN 7189121 AND 7189221
	Index Only Scan using sbtest4_pkey on sbtest4  (cost=0.43..10.40 rows=98 width=4)
	  Index Cond: ((id >= 7189121) AND (id <= 7189221))

table 5 : explain SELECT id FROM sbtest5 WHERE id BETWEEN 7189121 AND 7189221
	Index Only Scan using sbtest5_pkey on sbtest5  (cost=0.43..10.33 rows=95 width=4)
	  Index Cond: ((id >= 7189121) AND (id <= 7189221))

table 6 : explain SELECT id FROM sbtest6 WHERE id BETWEEN 7189121 AND 7189221
	Index Only Scan using sbtest6_pkey on sbtest6  (cost=0.43..6.50 rows=103 width=4)
	  Index Cond: ((id >= 7189121) AND (id <= 7189221))

table 7 : explain SELECT id FROM sbtest7 WHERE id BETWEEN 7189121 AND 7189221
	Index Only Scan using sbtest7_pkey on sbtest7  (cost=0.43..6.63 rows=110 width=4)
	  Index Cond: ((id >= 7189121) AND (id <= 7189221))

table 8 : explain SELECT id FROM sbtest8 WHERE id BETWEEN 7189121 AND 7189221
	Index Only Scan using sbtest8_pkey on sbtest8  (cost=0.43..6.35 rows=96 width=4)
	  Index Cond: ((id >= 7189121) AND (id <= 7189221))

for range-covered
table 1 : explain SELECT id FROM sbtest1 WHERE id BETWEEN 1049323 AND 1049423
	Index Only Scan using sbtest1_pkey on sbtest1  (cost=0.43..10.44 rows=100 width=4)
	  Index Cond: ((id >= 1049323) AND (id <= 1049423))

table 2 : explain SELECT id FROM sbtest2 WHERE id BETWEEN 1049323 AND 1049423
	Index Only Scan using sbtest2_pkey on sbtest2  (cost=0.43..6.45 rows=101 width=4)
	  Index Cond: ((id >= 1049323) AND (id <= 1049423))

table 3 : explain SELECT id FROM sbtest3 WHERE id BETWEEN 1049323 AND 1049423
	Index Only Scan using sbtest3_pkey on sbtest3  (cost=0.43..6.17 rows=87 width=4)
	  Index Cond: ((id >= 1049323) AND (id <= 1049423))

table 4 : explain SELECT id FROM sbtest4 WHERE id BETWEEN 1049323 AND 1049423
	Index Only Scan using sbtest4_pkey on sbtest4  (cost=0.43..10.54 rows=105 width=4)
	  Index Cond: ((id >= 1049323) AND (id <= 1049423))

table 5 : explain SELECT id FROM sbtest5 WHERE id BETWEEN 1049323 AND 1049423
	Index Only Scan using sbtest5_pkey on sbtest5  (cost=0.43..10.51 rows=104 width=4)
	  Index Cond: ((id >= 1049323) AND (id <= 1049423))

table 6 : explain SELECT id FROM sbtest6 WHERE id BETWEEN 1049323 AND 1049423
	Index Only Scan using sbtest6_pkey on sbtest6  (cost=0.43..6.59 rows=108 width=4)
	  Index Cond: ((id >= 1049323) AND (id <= 1049423))

table 7 : explain SELECT id FROM sbtest7 WHERE id BETWEEN 1049323 AND 1049423
	Index Only Scan using sbtest7_pkey on sbtest7  (cost=0.43..6.58 rows=107 width=4)
	  Index Cond: ((id >= 1049323) AND (id <= 1049423))

table 8 : explain SELECT id FROM sbtest8 WHERE id BETWEEN 1049323 AND 1049423
	Index Only Scan using sbtest8_pkey on sbtest8  (cost=0.43..6.69 rows=113 width=4)
	  Index Cond: ((id >= 1049323) AND (id <= 1049423))

explain: for range-covered :: explain SELECT id FROM sbtest%d WHERE id BETWEEN 7189121 AND 7189221
explain: for range-covered :: explain SELECT id FROM sbtest%d WHERE id BETWEEN 1049323 AND 1049423
for range-covered
table 1 : explain SELECT id FROM sbtest1 WHERE id BETWEEN 6330532 AND 6330632
	Index Only Scan using sbtest1_pkey on sbtest1  (cost=0.43..10.47 rows=102 width=4)
	  Index Cond: ((id >= 6330532) AND (id <= 6330632))

table 2 : explain SELECT id FROM sbtest2 WHERE id BETWEEN 6330532 AND 6330632
	Index Only Scan using sbtest2_pkey on sbtest2  (cost=0.43..6.35 rows=96 width=4)
	  Index Cond: ((id >= 6330532) AND (id <= 6330632))

table 3 : explain SELECT id FROM sbtest3 WHERE id BETWEEN 6330532 AND 6330632
	Index Only Scan using sbtest3_pkey on sbtest3  (cost=0.43..6.47 rows=102 width=4)
	  Index Cond: ((id >= 6330532) AND (id <= 6330632))

table 4 : explain SELECT id FROM sbtest4 WHERE id BETWEEN 6330532 AND 6330632
	Index Only Scan using sbtest4_pkey on sbtest4  (cost=0.43..10.32 rows=94 width=4)
	  Index Cond: ((id >= 6330532) AND (id <= 6330632))

table 5 : explain SELECT id FROM sbtest5 WHERE id BETWEEN 6330532 AND 6330632
	Index Only Scan using sbtest5_pkey on sbtest5  (cost=0.43..10.29 rows=93 width=4)
	  Index Cond: ((id >= 6330532) AND (id <= 6330632))

table 6 : explain SELECT id FROM sbtest6 WHERE id BETWEEN 6330532 AND 6330632
	Index Only Scan using sbtest6_pkey on sbtest6  (cost=0.43..6.56 rows=106 width=4)
	  Index Cond: ((id >= 6330532) AND (id <= 6330632))

table 7 : explain SELECT id FROM sbtest7 WHERE id BETWEEN 6330532 AND 6330632
	Index Only Scan using sbtest7_pkey on sbtest7  (cost=0.43..6.45 rows=101 width=4)
	  Index Cond: ((id >= 6330532) AND (id <= 6330632))

table 8 : explain SELECT id FROM sbtest8 WHERE id BETWEEN 6330532 AND 6330632
	Index Only Scan using sbtest8_pkey on sbtest8  (cost=0.43..6.53 rows=105 width=4)
	  Index Cond: ((id >= 6330532) AND (id <= 6330632))

explain: for range-covered :: explain SELECT id FROM sbtest%d WHERE id BETWEEN 6330532 AND 6330632
for range-covered
table 1 : explain SELECT id FROM sbtest1 WHERE id BETWEEN 6272184 AND 6272284
	Index Only Scan using sbtest1_pkey on sbtest1  (cost=0.43..10.46 rows=101 width=4)
	  Index Cond: ((id >= 6272184) AND (id <= 6272284))

table 2 : explain SELECT id FROM sbtest2 WHERE id BETWEEN 6272184 AND 6272284
	Index Only Scan using sbtest2_pkey on sbtest2  (cost=0.43..6.42 rows=99 width=4)
	  Index Cond: ((id >= 6272184) AND (id <= 6272284))

table 3 : explain SELECT id FROM sbtest3 WHERE id BETWEEN 6272184 AND 6272284
	Index Only Scan using sbtest3_pkey on sbtest3  (cost=0.43..6.42 rows=99 width=4)
	  Index Cond: ((id >= 6272184) AND (id <= 6272284))

table 4 : explain SELECT id FROM sbtest4 WHERE id BETWEEN 6272184 AND 6272284
	Index Only Scan using sbtest4_pkey on sbtest4  (cost=0.43..10.32 rows=94 width=4)
	  Index Cond: ((id >= 6272184) AND (id <= 6272284))

table 5 : explain SELECT id FROM sbtest5 WHERE id BETWEEN 6272184 AND 6272284
	Index Only Scan using sbtest5_pkey on sbtest5  (cost=0.43..10.38 rows=97 width=4)
	  Index Cond: ((id >= 6272184) AND (id <= 6272284))

table 6 : explain SELECT id FROM sbtest6 WHERE id BETWEEN 6272184 AND 6272284
	Index Only Scan using sbtest6_pkey on sbtest6  (cost=0.43..6.43 rows=100 width=4)
	  Index Cond: ((id >= 6272184) AND (id <= 6272284))

table 7 : explain SELECT id FROM sbtest7 WHERE id BETWEEN 6272184 AND 6272284
	Index Only Scan using sbtest7_pkey on sbtest7  (cost=0.43..6.45 rows=101 width=4)
	  Index Cond: ((id >= 6272184) AND (id <= 6272284))

table 8 : explain SELECT id FROM sbtest8 WHERE id BETWEEN 6272184 AND 6272284
	Index Only Scan using sbtest8_pkey on sbtest8  (cost=0.43..6.53 rows=105 width=4)
	  Index Cond: ((id >= 6272184) AND (id <= 6272284))

explain: for range-covered :: explain SELECT id FROM sbtest%d WHERE id BETWEEN 6272184 AND 6272284
for range-covered
table 1 : explain SELECT id FROM sbtest1 WHERE id BETWEEN 8208447 AND 8208547
	Index Only Scan using sbtest1_pkey on sbtest1  (cost=0.43..10.38 rows=97 width=4)
	  Index Cond: ((id >= 8208447) AND (id <= 8208547))

table 2 : explain SELECT id FROM sbtest2 WHERE id BETWEEN 8208447 AND 8208547
	Index Only Scan using sbtest2_pkey on sbtest2  (cost=0.43..6.42 rows=99 width=4)
	  Index Cond: ((id >= 8208447) AND (id <= 8208547))

table 3 : explain SELECT id FROM sbtest3 WHERE id BETWEEN 8208447 AND 8208547
	Index Only Scan using sbtest3_pkey on sbtest3  (cost=0.43..6.27 rows=92 width=4)
	  Index Cond: ((id >= 8208447) AND (id <= 8208547))

table 4 : explain SELECT id FROM sbtest4 WHERE id BETWEEN 8208447 AND 8208547
	Index Only Scan using sbtest4_pkey on sbtest4  (cost=0.43..10.50 rows=103 width=4)
	  Index Cond: ((id >= 8208447) AND (id <= 8208547))

table 5 : explain SELECT id FROM sbtest5 WHERE id BETWEEN 8208447 AND 8208547
	Index Only Scan using sbtest5_pkey on sbtest5  (cost=0.43..10.54 rows=105 width=4)
	  Index Cond: ((id >= 8208447) AND (id <= 8208547))

table 6 : explain SELECT id FROM sbtest6 WHERE id BETWEEN 8208447 AND 8208547
	Index Only Scan using sbtest6_pkey on sbtest6  (cost=0.43..6.43 rows=100 width=4)
	  Index Cond: ((id >= 8208447) AND (id <= 8208547))

table 7 : explain SELECT id FROM sbtest7 WHERE id BETWEEN 8208447 AND 8208547
	Index Only Scan using sbtest7_pkey on sbtest7  (cost=0.43..6.42 rows=99 width=4)
	  Index Cond: ((id >= 8208447) AND (id <= 8208547))

table 8 : explain SELECT id FROM sbtest8 WHERE id BETWEEN 8208447 AND 8208547
	Index Only Scan using sbtest8_pkey on sbtest8  (cost=0.43..6.50 rows=103 width=4)
	  Index Cond: ((id >= 8208447) AND (id <= 8208547))

for range-covered
table 1 : explain SELECT id FROM sbtest1 WHERE id BETWEEN 5396238 AND 5396338
	Index Only Scan using sbtest1_pkey on sbtest1  (cost=0.43..10.33 rows=95 width=4)
	  Index Cond: ((id >= 5396238) AND (id <= 5396338))

table 2 : explain SELECT id FROM sbtest2 WHERE id BETWEEN 5396238 AND 5396338
	Index Only Scan using sbtest2_pkey on sbtest2  (cost=0.43..6.43 rows=100 width=4)
	  Index Cond: ((id >= 5396238) AND (id <= 5396338))

table 3 : explain SELECT id FROM sbtest3 WHERE id BETWEEN 5396238 AND 5396338
	Index Only Scan using sbtest3_pkey on sbtest3  (cost=0.43..6.43 rows=100 width=4)
	  Index Cond: ((id >= 5396238) AND (id <= 5396338))

table 4 : explain SELECT id FROM sbtest4 WHERE id BETWEEN 5396238 AND 5396338
	Index Only Scan using sbtest4_pkey on sbtest4  (cost=0.43..10.60 rows=108 width=4)
	  Index Cond: ((id >= 5396238) AND (id <= 5396338))

table 5 : explain SELECT id FROM sbtest5 WHERE id BETWEEN 5396238 AND 5396338
	Index Only Scan using sbtest5_pkey on sbtest5  (cost=0.43..10.50 rows=103 width=4)
	  Index Cond: ((id >= 5396238) AND (id <= 5396338))

table 6 : explain SELECT id FROM sbtest6 WHERE id BETWEEN 5396238 AND 5396338
	Index Only Scan using sbtest6_pkey on sbtest6  (cost=0.43..6.53 rows=105 width=4)
	  Index Cond: ((id >= 5396238) AND (id <= 5396338))

table 7 : explain SELECT id FROM sbtest7 WHERE id BETWEEN 5396238 AND 5396338
	Index Only Scan using sbtest7_pkey on sbtest7  (cost=0.43..6.63 rows=110 width=4)
	  Index Cond: ((id >= 5396238) AND (id <= 5396338))

table 8 : explain SELECT id FROM sbtest8 WHERE id BETWEEN 5396238 AND 5396338
	Index Only Scan using sbtest8_pkey on sbtest8  (cost=0.43..6.42 rows=99 width=4)
	  Index Cond: ((id >= 5396238) AND (id <= 5396338))

explain: for range-covered :: explain SELECT id FROM sbtest%d WHERE id BETWEEN 8208447 AND 8208547
explain: for range-covered :: explain SELECT id FROM sbtest%d WHERE id BETWEEN 5396238 AND 5396338
for range-covered
table 1 : explain SELECT id FROM sbtest1 WHERE id BETWEEN 5073744 AND 5073844
	Index Only Scan using sbtest1_pkey on sbtest1  (cost=0.43..10.46 rows=101 width=4)
	  Index Cond: ((id >= 5073744) AND (id <= 5073844))

table 2 : explain SELECT id FROM sbtest2 WHERE id BETWEEN 5073744 AND 5073844
	Index Only Scan using sbtest2_pkey on sbtest2  (cost=0.43..6.53 rows=105 width=4)
	  Index Cond: ((id >= 5073744) AND (id <= 5073844))

table 3 : explain SELECT id FROM sbtest3 WHERE id BETWEEN 5073744 AND 5073844
	Index Only Scan using sbtest3_pkey on sbtest3  (cost=0.43..6.37 rows=97 width=4)
	  Index Cond: ((id >= 5073744) AND (id <= 5073844))

table 4 : explain SELECT id FROM sbtest4 WHERE id BETWEEN 5073744 AND 5073844
	Index Only Scan using sbtest4_pkey on sbtest4  (cost=0.43..10.40 rows=98 width=4)
	  Index Cond: ((id >= 5073744) AND (id <= 5073844))

table 5 : explain SELECT id FROM sbtest5 WHERE id BETWEEN 5073744 AND 5073844
	Index Only Scan using sbtest5_pkey on sbtest5  (cost=0.43..10.44 rows=100 width=4)
	  Index Cond: ((id >= 5073744) AND (id <= 5073844))

table 6 : explain SELECT id FROM sbtest6 WHERE id BETWEEN 5073744 AND 5073844
	Index Only Scan using sbtest6_pkey on sbtest6  (cost=0.43..6.42 rows=99 width=4)
	  Index Cond: ((id >= 5073744) AND (id <= 5073844))

table 7 : explain SELECT id FROM sbtest7 WHERE id BETWEEN 5073744 AND 5073844
	Index Only Scan using sbtest7_pkey on sbtest7  (cost=0.43..6.51 rows=104 width=4)
	  Index Cond: ((id >= 5073744) AND (id <= 5073844))

table 8 : explain SELECT id FROM sbtest8 WHERE id BETWEEN 5073744 AND 5073844
	Index Only Scan using sbtest8_pkey on sbtest8  (cost=0.43..6.27 rows=92 width=4)
	  Index Cond: ((id >= 5073744) AND (id <= 5073844))

for range-covered
table 1 : explain SELECT id FROM sbtest1 WHERE id BETWEEN 5036695 AND 5036795
	Index Only Scan using sbtest1_pkey on sbtest1  (cost=0.43..10.46 rows=101 width=4)
	  Index Cond: ((id >= 5036695) AND (id <= 5036795))

table 2 : explain SELECT id FROM sbtest2 WHERE id BETWEEN 5036695 AND 5036795
	Index Only Scan using sbtest2_pkey on sbtest2  (cost=0.43..6.53 rows=105 width=4)
	  Index Cond: ((id >= 5036695) AND (id <= 5036795))

table 3 : explain SELECT id FROM sbtest3 WHERE id BETWEEN 5036695 AND 5036795
	Index Only Scan using sbtest3_pkey on sbtest3  (cost=0.43..6.37 rows=97 width=4)
	  Index Cond: ((id >= 5036695) AND (id <= 5036795))

table 4 : explain SELECT id FROM sbtest4 WHERE id BETWEEN 5036695 AND 5036795
	Index Only Scan using sbtest4_pkey on sbtest4  (cost=0.43..10.62 rows=109 width=4)
	  Index Cond: ((id >= 5036695) AND (id <= 5036795))

table 5 : explain SELECT id FROM sbtest5 WHERE id BETWEEN 5036695 AND 5036795
	Index Only Scan using sbtest5_pkey on sbtest5  (cost=0.43..10.26 rows=91 width=4)
	  Index Cond: ((id >= 5036695) AND (id <= 5036795))

table 6 : explain SELECT id FROM sbtest6 WHERE id BETWEEN 5036695 AND 5036795
	Index Only Scan using sbtest6_pkey on sbtest6  (cost=0.43..6.42 rows=99 width=4)
	  Index Cond: ((id >= 5036695) AND (id <= 5036795))

table 7 : explain SELECT id FROM sbtest7 WHERE id BETWEEN 5036695 AND 5036795
	Index Only Scan using sbtest7_pkey on sbtest7  (cost=0.43..6.29 rows=93 width=4)
	  Index Cond: ((id >= 5036695) AND (id <= 5036795))

table 8 : explain SELECT id FROM sbtest8 WHERE id BETWEEN 5036695 AND 5036795
	Index Only Scan using sbtest8_pkey on sbtest8  (cost=0.43..6.50 rows=103 width=4)
	  Index Cond: ((id >= 5036695) AND (id <= 5036795))

explain: for range-covered :: explain SELECT id FROM sbtest%d WHERE id BETWEEN 5073744 AND 5073844
explain: for range-covered :: explain SELECT id FROM sbtest%d WHERE id BETWEEN 5036695 AND 5036795
for range-covered
table 1 : explain SELECT id FROM sbtest1 WHERE id BETWEEN 1049323 AND 1049423
	Index Only Scan using sbtest1_pkey on sbtest1  (cost=0.43..10.44 rows=100 width=4)
	  Index Cond: ((id >= 1049323) AND (id <= 1049423))

table 2 : explain SELECT id FROM sbtest2 WHERE id BETWEEN 1049323 AND 1049423
	Index Only Scan using sbtest2_pkey on sbtest2  (cost=0.43..6.45 rows=101 width=4)
	  Index Cond: ((id >= 1049323) AND (id <= 1049423))

table 3 : explain SELECT id FROM sbtest3 WHERE id BETWEEN 1049323 AND 1049423
	Index Only Scan using sbtest3_pkey on sbtest3  (cost=0.43..6.17 rows=87 width=4)
	  Index Cond: ((id >= 1049323) AND (id <= 1049423))

table 4 : explain SELECT id FROM sbtest4 WHERE id BETWEEN 1049323 AND 1049423
	Index Only Scan using sbtest4_pkey on sbtest4  (cost=0.43..10.54 rows=105 width=4)
	  Index Cond: ((id >= 1049323) AND (id <= 1049423))

table 5 : explain SELECT id FROM sbtest5 WHERE id BETWEEN 1049323 AND 1049423
	Index Only Scan using sbtest5_pkey on sbtest5  (cost=0.43..10.51 rows=104 width=4)
	  Index Cond: ((id >= 1049323) AND (id <= 1049423))

table 6 : explain SELECT id FROM sbtest6 WHERE id BETWEEN 1049323 AND 1049423
	Index Only Scan using sbtest6_pkey on sbtest6  (cost=0.43..6.59 rows=108 width=4)
	  Index Cond: ((id >= 1049323) AND (id <= 1049423))

table 7 : explain SELECT id FROM sbtest7 WHERE id BETWEEN 1049323 AND 1049423
	Index Only Scan using sbtest7_pkey on sbtest7  (cost=0.43..6.58 rows=107 width=4)
	  Index Cond: ((id >= 1049323) AND (id <= 1049423))

table 8 : explain SELECT id FROM sbtest8 WHERE id BETWEEN 1049323 AND 1049423
	Index Only Scan using sbtest8_pkey on sbtest8  (cost=0.43..6.69 rows=113 width=4)
	  Index Cond: ((id >= 1049323) AND (id <= 1049423))

for range-covered
table 1 : explain SELECT id FROM sbtest1 WHERE id BETWEEN 7189121 AND 7189221
	Index Only Scan using sbtest1_pkey on sbtest1  (cost=0.43..10.72 rows=114 width=4)
	  Index Cond: ((id >= 7189121) AND (id <= 7189221))

table 2 : explain SELECT id FROM sbtest2 WHERE id BETWEEN 7189121 AND 7189221
	Index Only Scan using sbtest2_pkey on sbtest2  (cost=0.43..6.51 rows=104 width=4)
	  Index Cond: ((id >= 7189121) AND (id <= 7189221))

table 3 : explain SELECT id FROM sbtest3 WHERE id BETWEEN 7189121 AND 7189221
	Index Only Scan using sbtest3_pkey on sbtest3  (cost=0.43..6.63 rows=110 width=4)
	  Index Cond: ((id >= 7189121) AND (id <= 7189221))

table 4 : explain SELECT id FROM sbtest4 WHERE id BETWEEN 7189121 AND 7189221
	Index Only Scan using sbtest4_pkey on sbtest4  (cost=0.43..10.40 rows=98 width=4)
	  Index Cond: ((id >= 7189121) AND (id <= 7189221))

table 5 : explain SELECT id FROM sbtest5 WHERE id BETWEEN 7189121 AND 7189221
	Index Only Scan using sbtest5_pkey on sbtest5  (cost=0.43..10.33 rows=95 width=4)
	  Index Cond: ((id >= 7189121) AND (id <= 7189221))

table 6 : explain SELECT id FROM sbtest6 WHERE id BETWEEN 7189121 AND 7189221
	Index Only Scan using sbtest6_pkey on sbtest6  (cost=0.43..6.50 rows=103 width=4)
	  Index Cond: ((id >= 7189121) AND (id <= 7189221))

table 7 : explain SELECT id FROM sbtest7 WHERE id BETWEEN 7189121 AND 7189221
	Index Only Scan using sbtest7_pkey on sbtest7  (cost=0.43..6.63 rows=110 width=4)
	  Index Cond: ((id >= 7189121) AND (id <= 7189221))

table 8 : explain SELECT id FROM sbtest8 WHERE id BETWEEN 7189121 AND 7189221
	Index Only Scan using sbtest8_pkey on sbtest8  (cost=0.43..6.35 rows=96 width=4)
	  Index Cond: ((id >= 7189121) AND (id <= 7189221))

explain: for range-covered :: explain SELECT id FROM sbtest%d WHERE id BETWEEN 1049323 AND 1049423
for range-covered
table 1 : explain SELECT id FROM sbtest1 WHERE id BETWEEN 6330532 AND 6330632
	Index Only Scan using sbtest1_pkey on sbtest1  (cost=0.43..10.47 rows=102 width=4)
	  Index Cond: ((id >= 6330532) AND (id <= 6330632))

table 2 : explain SELECT id FROM sbtest2 WHERE id BETWEEN 6330532 AND 6330632
	Index Only Scan using sbtest2_pkey on sbtest2  (cost=0.43..6.35 rows=96 width=4)
	  Index Cond: ((id >= 6330532) AND (id <= 6330632))

table 3 : explain SELECT id FROM sbtest3 WHERE id BETWEEN 6330532 AND 6330632
	Index Only Scan using sbtest3_pkey on sbtest3  (cost=0.43..6.47 rows=102 width=4)
	  Index Cond: ((id >= 6330532) AND (id <= 6330632))

table 4 : explain SELECT id FROM sbtest4 WHERE id BETWEEN 6330532 AND 6330632
	Index Only Scan using sbtest4_pkey on sbtest4  (cost=0.43..10.32 rows=94 width=4)
	  Index Cond: ((id >= 6330532) AND (id <= 6330632))

table 5 : explain SELECT id FROM sbtest5 WHERE id BETWEEN 6330532 AND 6330632
	Index Only Scan using sbtest5_pkey on sbtest5  (cost=0.43..10.29 rows=93 width=4)
	  Index Cond: ((id >= 6330532) AND (id <= 6330632))

table 6 : explain SELECT id FROM sbtest6 WHERE id BETWEEN 6330532 AND 6330632
	Index Only Scan using sbtest6_pkey on sbtest6  (cost=0.43..6.56 rows=106 width=4)
	  Index Cond: ((id >= 6330532) AND (id <= 6330632))

table 7 : explain SELECT id FROM sbtest7 WHERE id BETWEEN 6330532 AND 6330632
	Index Only Scan using sbtest7_pkey on sbtest7  (cost=0.43..6.45 rows=101 width=4)
	  Index Cond: ((id >= 6330532) AND (id <= 6330632))

table 8 : explain SELECT id FROM sbtest8 WHERE id BETWEEN 6330532 AND 6330632
	Index Only Scan using sbtest8_pkey on sbtest8  (cost=0.43..6.53 rows=105 width=4)
	  Index Cond: ((id >= 6330532) AND (id <= 6330632))

explain: for range-covered :: explain SELECT id FROM sbtest%d WHERE id BETWEEN 5511654 AND 5511754
explain: for range-covered :: explain SELECT id FROM sbtest%d WHERE id BETWEEN 6330532 AND 6330632
for range-covered
table 1 : explain SELECT id FROM sbtest1 WHERE id BETWEEN 6272184 AND 6272284
	Index Only Scan using sbtest1_pkey on sbtest1  (cost=0.43..10.46 rows=101 width=4)
	  Index Cond: ((id >= 6272184) AND (id <= 6272284))

table 2 : explain SELECT id FROM sbtest2 WHERE id BETWEEN 6272184 AND 6272284
	Index Only Scan using sbtest2_pkey on sbtest2  (cost=0.43..6.42 rows=99 width=4)
	  Index Cond: ((id >= 6272184) AND (id <= 6272284))

table 3 : explain SELECT id FROM sbtest3 WHERE id BETWEEN 6272184 AND 6272284
	Index Only Scan using sbtest3_pkey on sbtest3  (cost=0.43..6.42 rows=99 width=4)
	  Index Cond: ((id >= 6272184) AND (id <= 6272284))

table 4 : explain SELECT id FROM sbtest4 WHERE id BETWEEN 6272184 AND 6272284
	Index Only Scan using sbtest4_pkey on sbtest4  (cost=0.43..10.32 rows=94 width=4)
	  Index Cond: ((id >= 6272184) AND (id <= 6272284))

table 5 : explain SELECT id FROM sbtest5 WHERE id BETWEEN 6272184 AND 6272284
	Index Only Scan using sbtest5_pkey on sbtest5  (cost=0.43..10.38 rows=97 width=4)
	  Index Cond: ((id >= 6272184) AND (id <= 6272284))

table 6 : explain SELECT id FROM sbtest6 WHERE id BETWEEN 6272184 AND 6272284
	Index Only Scan using sbtest6_pkey on sbtest6  (cost=0.43..6.43 rows=100 width=4)
	  Index Cond: ((id >= 6272184) AND (id <= 6272284))

table 7 : explain SELECT id FROM sbtest7 WHERE id BETWEEN 6272184 AND 6272284
	Index Only Scan using sbtest7_pkey on sbtest7  (cost=0.43..6.45 rows=101 width=4)
	  Index Cond: ((id >= 6272184) AND (id <= 6272284))

table 8 : explain SELECT id FROM sbtest8 WHERE id BETWEEN 6272184 AND 6272284
	Index Only Scan using sbtest8_pkey on sbtest8  (cost=0.43..6.53 rows=105 width=4)
	  Index Cond: ((id >= 6272184) AND (id <= 6272284))

explain: for range-covered :: explain SELECT id FROM sbtest%d WHERE id BETWEEN 6272184 AND 6272284
for range-covered
table 1 : explain SELECT id FROM sbtest1 WHERE id BETWEEN 8208447 AND 8208547
	Index Only Scan using sbtest1_pkey on sbtest1  (cost=0.43..10.38 rows=97 width=4)
	  Index Cond: ((id >= 8208447) AND (id <= 8208547))

table 2 : explain SELECT id FROM sbtest2 WHERE id BETWEEN 8208447 AND 8208547
	Index Only Scan using sbtest2_pkey on sbtest2  (cost=0.43..6.42 rows=99 width=4)
	  Index Cond: ((id >= 8208447) AND (id <= 8208547))

table 3 : explain SELECT id FROM sbtest3 WHERE id BETWEEN 8208447 AND 8208547
	Index Only Scan using sbtest3_pkey on sbtest3  (cost=0.43..6.27 rows=92 width=4)
	  Index Cond: ((id >= 8208447) AND (id <= 8208547))

table 4 : explain SELECT id FROM sbtest4 WHERE id BETWEEN 8208447 AND 8208547
	Index Only Scan using sbtest4_pkey on sbtest4  (cost=0.43..10.50 rows=103 width=4)
	  Index Cond: ((id >= 8208447) AND (id <= 8208547))

table 5 : explain SELECT id FROM sbtest5 WHERE id BETWEEN 8208447 AND 8208547
	Index Only Scan using sbtest5_pkey on sbtest5  (cost=0.43..10.54 rows=105 width=4)
	  Index Cond: ((id >= 8208447) AND (id <= 8208547))

table 6 : explain SELECT id FROM sbtest6 WHERE id BETWEEN 8208447 AND 8208547
	Index Only Scan using sbtest6_pkey on sbtest6  (cost=0.43..6.43 rows=100 width=4)
	  Index Cond: ((id >= 8208447) AND (id <= 8208547))

table 7 : explain SELECT id FROM sbtest7 WHERE id BETWEEN 8208447 AND 8208547
	Index Only Scan using sbtest7_pkey on sbtest7  (cost=0.43..6.42 rows=99 width=4)
	  Index Cond: ((id >= 8208447) AND (id <= 8208547))

table 8 : explain SELECT id FROM sbtest8 WHERE id BETWEEN 8208447 AND 8208547
	Index Only Scan using sbtest8_pkey on sbtest8  (cost=0.43..6.50 rows=103 width=4)
	  Index Cond: ((id >= 8208447) AND (id <= 8208547))

for range-covered
table 1 : explain SELECT id FROM sbtest1 WHERE id BETWEEN 5396238 AND 5396338
	Index Only Scan using sbtest1_pkey on sbtest1  (cost=0.43..10.33 rows=95 width=4)
	  Index Cond: ((id >= 5396238) AND (id <= 5396338))

table 2 : explain SELECT id FROM sbtest2 WHERE id BETWEEN 5396238 AND 5396338
	Index Only Scan using sbtest2_pkey on sbtest2  (cost=0.43..6.43 rows=100 width=4)
	  Index Cond: ((id >= 5396238) AND (id <= 5396338))

table 3 : explain SELECT id FROM sbtest3 WHERE id BETWEEN 5396238 AND 5396338
	Index Only Scan using sbtest3_pkey on sbtest3  (cost=0.43..6.43 rows=100 width=4)
	  Index Cond: ((id >= 5396238) AND (id <= 5396338))

table 4 : explain SELECT id FROM sbtest4 WHERE id BETWEEN 5396238 AND 5396338
	Index Only Scan using sbtest4_pkey on sbtest4  (cost=0.43..10.60 rows=108 width=4)
	  Index Cond: ((id >= 5396238) AND (id <= 5396338))

table 5 : explain SELECT id FROM sbtest5 WHERE id BETWEEN 5396238 AND 5396338
	Index Only Scan using sbtest5_pkey on sbtest5  (cost=0.43..10.50 rows=103 width=4)
	  Index Cond: ((id >= 5396238) AND (id <= 5396338))

table 6 : explain SELECT id FROM sbtest6 WHERE id BETWEEN 5396238 AND 5396338
	Index Only Scan using sbtest6_pkey on sbtest6  (cost=0.43..6.53 rows=105 width=4)
	  Index Cond: ((id >= 5396238) AND (id <= 5396338))

table 7 : explain SELECT id FROM sbtest7 WHERE id BETWEEN 5396238 AND 5396338
	Index Only Scan using sbtest7_pkey on sbtest7  (cost=0.43..6.63 rows=110 width=4)
	  Index Cond: ((id >= 5396238) AND (id <= 5396338))

table 8 : explain SELECT id FROM sbtest8 WHERE id BETWEEN 5396238 AND 5396338
	Index Only Scan using sbtest8_pkey on sbtest8  (cost=0.43..6.42 rows=99 width=4)
	  Index Cond: ((id >= 5396238) AND (id <= 5396338))

explain: for range-covered :: explain SELECT id FROM sbtest%d WHERE id BETWEEN 8208447 AND 8208547
explain: for range-covered :: explain SELECT id FROM sbtest%d WHERE id BETWEEN 5396238 AND 5396338
for range-covered
table 1 : explain SELECT id FROM sbtest1 WHERE id BETWEEN 5073744 AND 5073844
	Index Only Scan using sbtest1_pkey on sbtest1  (cost=0.43..10.46 rows=101 width=4)
	  Index Cond: ((id >= 5073744) AND (id <= 5073844))

table 2 : explain SELECT id FROM sbtest2 WHERE id BETWEEN 5073744 AND 5073844
	Index Only Scan using sbtest2_pkey on sbtest2  (cost=0.43..6.53 rows=105 width=4)
	  Index Cond: ((id >= 5073744) AND (id <= 5073844))

table 3 : explain SELECT id FROM sbtest3 WHERE id BETWEEN 5073744 AND 5073844
	Index Only Scan using sbtest3_pkey on sbtest3  (cost=0.43..6.37 rows=97 width=4)
	  Index Cond: ((id >= 5073744) AND (id <= 5073844))

table 4 : explain SELECT id FROM sbtest4 WHERE id BETWEEN 5073744 AND 5073844
	Index Only Scan using sbtest4_pkey on sbtest4  (cost=0.43..10.40 rows=98 width=4)
	  Index Cond: ((id >= 5073744) AND (id <= 5073844))

table 5 : explain SELECT id FROM sbtest5 WHERE id BETWEEN 5073744 AND 5073844
	Index Only Scan using sbtest5_pkey on sbtest5  (cost=0.43..10.44 rows=100 width=4)
	  Index Cond: ((id >= 5073744) AND (id <= 5073844))

table 6 : explain SELECT id FROM sbtest6 WHERE id BETWEEN 5073744 AND 5073844
	Index Only Scan using sbtest6_pkey on sbtest6  (cost=0.43..6.42 rows=99 width=4)
	  Index Cond: ((id >= 5073744) AND (id <= 5073844))

table 7 : explain SELECT id FROM sbtest7 WHERE id BETWEEN 5073744 AND 5073844
	Index Only Scan using sbtest7_pkey on sbtest7  (cost=0.43..6.51 rows=104 width=4)
	  Index Cond: ((id >= 5073744) AND (id <= 5073844))

table 8 : explain SELECT id FROM sbtest8 WHERE id BETWEEN 5073744 AND 5073844
	Index Only Scan using sbtest8_pkey on sbtest8  (cost=0.43..6.27 rows=92 width=4)
	  Index Cond: ((id >= 5073744) AND (id <= 5073844))

for range-covered
table 1 : explain SELECT id FROM sbtest1 WHERE id BETWEEN 5036695 AND 5036795
	Index Only Scan using sbtest1_pkey on sbtest1  (cost=0.43..10.46 rows=101 width=4)
	  Index Cond: ((id >= 5036695) AND (id <= 5036795))

table 2 : explain SELECT id FROM sbtest2 WHERE id BETWEEN 5036695 AND 5036795
	Index Only Scan using sbtest2_pkey on sbtest2  (cost=0.43..6.53 rows=105 width=4)
	  Index Cond: ((id >= 5036695) AND (id <= 5036795))

table 3 : explain SELECT id FROM sbtest3 WHERE id BETWEEN 5036695 AND 5036795
	Index Only Scan using sbtest3_pkey on sbtest3  (cost=0.43..6.37 rows=97 width=4)
	  Index Cond: ((id >= 5036695) AND (id <= 5036795))

table 4 : explain SELECT id FROM sbtest4 WHERE id BETWEEN 5036695 AND 5036795
	Index Only Scan using sbtest4_pkey on sbtest4  (cost=0.43..10.62 rows=109 width=4)
	  Index Cond: ((id >= 5036695) AND (id <= 5036795))

table 5 : explain SELECT id FROM sbtest5 WHERE id BETWEEN 5036695 AND 5036795
	Index Only Scan using sbtest5_pkey on sbtest5  (cost=0.43..10.26 rows=91 width=4)
	  Index Cond: ((id >= 5036695) AND (id <= 5036795))

table 6 : explain SELECT id FROM sbtest6 WHERE id BETWEEN 5036695 AND 5036795
	Index Only Scan using sbtest6_pkey on sbtest6  (cost=0.43..6.42 rows=99 width=4)
	  Index Cond: ((id >= 5036695) AND (id <= 5036795))

table 7 : explain SELECT id FROM sbtest7 WHERE id BETWEEN 5036695 AND 5036795
	Index Only Scan using sbtest7_pkey on sbtest7  (cost=0.43..6.29 rows=93 width=4)
	  Index Cond: ((id >= 5036695) AND (id <= 5036795))

table 8 : explain SELECT id FROM sbtest8 WHERE id BETWEEN 5036695 AND 5036795
	Index Only Scan using sbtest8_pkey on sbtest8  (cost=0.43..6.50 rows=103 width=4)
	  Index Cond: ((id >= 5036695) AND (id <= 5036795))

explain: for range-covered :: explain SELECT id FROM sbtest%d WHERE id BETWEEN 5073744 AND 5073844
for range-covered
table 1 : explain SELECT id FROM sbtest1 WHERE id BETWEEN 1049323 AND 1049423
	Index Only Scan using sbtest1_pkey on sbtest1  (cost=0.43..10.44 rows=100 width=4)
	  Index Cond: ((id >= 1049323) AND (id <= 1049423))

table 2 : explain SELECT id FROM sbtest2 WHERE id BETWEEN 1049323 AND 1049423
	Index Only Scan using sbtest2_pkey on sbtest2  (cost=0.43..6.45 rows=101 width=4)
	  Index Cond: ((id >= 1049323) AND (id <= 1049423))

table 3 : explain SELECT id FROM sbtest3 WHERE id BETWEEN 1049323 AND 1049423
	Index Only Scan using sbtest3_pkey on sbtest3  (cost=0.43..6.17 rows=87 width=4)
	  Index Cond: ((id >= 1049323) AND (id <= 1049423))

table 4 : explain SELECT id FROM sbtest4 WHERE id BETWEEN 1049323 AND 1049423
	Index Only Scan using sbtest4_pkey on sbtest4  (cost=0.43..10.54 rows=105 width=4)
	  Index Cond: ((id >= 1049323) AND (id <= 1049423))

table 5 : explain SELECT id FROM sbtest5 WHERE id BETWEEN 1049323 AND 1049423
	Index Only Scan using sbtest5_pkey on sbtest5  (cost=0.43..10.51 rows=104 width=4)
	  Index Cond: ((id >= 1049323) AND (id <= 1049423))

table 6 : explain SELECT id FROM sbtest6 WHERE id BETWEEN 1049323 AND 1049423
	Index Only Scan using sbtest6_pkey on sbtest6  (cost=0.43..6.59 rows=108 width=4)
	  Index Cond: ((id >= 1049323) AND (id <= 1049423))

table 7 : explain SELECT id FROM sbtest7 WHERE id BETWEEN 1049323 AND 1049423
	Index Only Scan using sbtest7_pkey on sbtest7  (cost=0.43..6.58 rows=107 width=4)
	  Index Cond: ((id >= 1049323) AND (id <= 1049423))

table 8 : explain SELECT id FROM sbtest8 WHERE id BETWEEN 1049323 AND 1049423
	Index Only Scan using sbtest8_pkey on sbtest8  (cost=0.43..6.69 rows=113 width=4)
	  Index Cond: ((id >= 1049323) AND (id <= 1049423))

explain: for range-covered :: explain SELECT id FROM sbtest%d WHERE id BETWEEN 5036695 AND 5036795
for range-covered
table 1 : explain SELECT id FROM sbtest1 WHERE id BETWEEN 6330532 AND 6330632
	Index Only Scan using sbtest1_pkey on sbtest1  (cost=0.43..10.47 rows=102 width=4)
	  Index Cond: ((id >= 6330532) AND (id <= 6330632))

table 2 : explain SELECT id FROM sbtest2 WHERE id BETWEEN 6330532 AND 6330632
	Index Only Scan using sbtest2_pkey on sbtest2  (cost=0.43..6.35 rows=96 width=4)
	  Index Cond: ((id >= 6330532) AND (id <= 6330632))

table 3 : explain SELECT id FROM sbtest3 WHERE id BETWEEN 6330532 AND 6330632
	Index Only Scan using sbtest3_pkey on sbtest3  (cost=0.43..6.47 rows=102 width=4)
	  Index Cond: ((id >= 6330532) AND (id <= 6330632))

table 4 : explain SELECT id FROM sbtest4 WHERE id BETWEEN 6330532 AND 6330632
	Index Only Scan using sbtest4_pkey on sbtest4  (cost=0.43..10.32 rows=94 width=4)
	  Index Cond: ((id >= 6330532) AND (id <= 6330632))

table 5 : explain SELECT id FROM sbtest5 WHERE id BETWEEN 6330532 AND 6330632
	Index Only Scan using sbtest5_pkey on sbtest5  (cost=0.43..10.29 rows=93 width=4)
	  Index Cond: ((id >= 6330532) AND (id <= 6330632))

table 6 : explain SELECT id FROM sbtest6 WHERE id BETWEEN 6330532 AND 6330632
	Index Only Scan using sbtest6_pkey on sbtest6  (cost=0.43..6.56 rows=106 width=4)
	  Index Cond: ((id >= 6330532) AND (id <= 6330632))

table 7 : explain SELECT id FROM sbtest7 WHERE id BETWEEN 6330532 AND 6330632
	Index Only Scan using sbtest7_pkey on sbtest7  (cost=0.43..6.45 rows=101 width=4)
	  Index Cond: ((id >= 6330532) AND (id <= 6330632))

table 8 : explain SELECT id FROM sbtest8 WHERE id BETWEEN 6330532 AND 6330632
	Index Only Scan using sbtest8_pkey on sbtest8  (cost=0.43..6.53 rows=105 width=4)
	  Index Cond: ((id >= 6330532) AND (id <= 6330632))

explain: for range-covered :: explain SELECT id FROM sbtest%d WHERE id BETWEEN 1049323 AND 1049423
explain: for range-covered :: explain SELECT id FROM sbtest%d WHERE id BETWEEN 7034095 AND 7034195
explain: for range-covered :: explain SELECT id FROM sbtest%d WHERE id BETWEEN 6330532 AND 6330632
for range-covered
table 1 : explain SELECT id FROM sbtest1 WHERE id BETWEEN 6272184 AND 6272284
	Index Only Scan using sbtest1_pkey on sbtest1  (cost=0.43..10.46 rows=101 width=4)
	  Index Cond: ((id >= 6272184) AND (id <= 6272284))

table 2 : explain SELECT id FROM sbtest2 WHERE id BETWEEN 6272184 AND 6272284
	Index Only Scan using sbtest2_pkey on sbtest2  (cost=0.43..6.42 rows=99 width=4)
	  Index Cond: ((id >= 6272184) AND (id <= 6272284))

table 3 : explain SELECT id FROM sbtest3 WHERE id BETWEEN 6272184 AND 6272284
	Index Only Scan using sbtest3_pkey on sbtest3  (cost=0.43..6.42 rows=99 width=4)
	  Index Cond: ((id >= 6272184) AND (id <= 6272284))

table 4 : explain SELECT id FROM sbtest4 WHERE id BETWEEN 6272184 AND 6272284
	Index Only Scan using sbtest4_pkey on sbtest4  (cost=0.43..10.32 rows=94 width=4)
	  Index Cond: ((id >= 6272184) AND (id <= 6272284))

table 5 : explain SELECT id FROM sbtest5 WHERE id BETWEEN 6272184 AND 6272284
	Index Only Scan using sbtest5_pkey on sbtest5  (cost=0.43..10.38 rows=97 width=4)
	  Index Cond: ((id >= 6272184) AND (id <= 6272284))

table 6 : explain SELECT id FROM sbtest6 WHERE id BETWEEN 6272184 AND 6272284
	Index Only Scan using sbtest6_pkey on sbtest6  (cost=0.43..6.43 rows=100 width=4)
	  Index Cond: ((id >= 6272184) AND (id <= 6272284))

table 7 : explain SELECT id FROM sbtest7 WHERE id BETWEEN 6272184 AND 6272284
	Index Only Scan using sbtest7_pkey on sbtest7  (cost=0.43..6.45 rows=101 width=4)
	  Index Cond: ((id >= 6272184) AND (id <= 6272284))

table 8 : explain SELECT id FROM sbtest8 WHERE id BETWEEN 6272184 AND 6272284
	Index Only Scan using sbtest8_pkey on sbtest8  (cost=0.43..6.53 rows=105 width=4)
	  Index Cond: ((id >= 6272184) AND (id <= 6272284))

explain: for range-covered :: explain SELECT id FROM sbtest%d WHERE id BETWEEN 6272184 AND 6272284
for range-covered
table 1 : explain SELECT id FROM sbtest1 WHERE id BETWEEN 8208447 AND 8208547
	Index Only Scan using sbtest1_pkey on sbtest1  (cost=0.43..10.38 rows=97 width=4)
	  Index Cond: ((id >= 8208447) AND (id <= 8208547))

table 2 : explain SELECT id FROM sbtest2 WHERE id BETWEEN 8208447 AND 8208547
	Index Only Scan using sbtest2_pkey on sbtest2  (cost=0.43..6.42 rows=99 width=4)
	  Index Cond: ((id >= 8208447) AND (id <= 8208547))

table 3 : explain SELECT id FROM sbtest3 WHERE id BETWEEN 8208447 AND 8208547
	Index Only Scan using sbtest3_pkey on sbtest3  (cost=0.43..6.27 rows=92 width=4)
	  Index Cond: ((id >= 8208447) AND (id <= 8208547))

table 4 : explain SELECT id FROM sbtest4 WHERE id BETWEEN 8208447 AND 8208547
	Index Only Scan using sbtest4_pkey on sbtest4  (cost=0.43..10.50 rows=103 width=4)
	  Index Cond: ((id >= 8208447) AND (id <= 8208547))

table 5 : explain SELECT id FROM sbtest5 WHERE id BETWEEN 8208447 AND 8208547
	Index Only Scan using sbtest5_pkey on sbtest5  (cost=0.43..10.54 rows=105 width=4)
	  Index Cond: ((id >= 8208447) AND (id <= 8208547))

table 6 : explain SELECT id FROM sbtest6 WHERE id BETWEEN 8208447 AND 8208547
	Index Only Scan using sbtest6_pkey on sbtest6  (cost=0.43..6.43 rows=100 width=4)
	  Index Cond: ((id >= 8208447) AND (id <= 8208547))

table 7 : explain SELECT id FROM sbtest7 WHERE id BETWEEN 8208447 AND 8208547
	Index Only Scan using sbtest7_pkey on sbtest7  (cost=0.43..6.42 rows=99 width=4)
	  Index Cond: ((id >= 8208447) AND (id <= 8208547))

table 8 : explain SELECT id FROM sbtest8 WHERE id BETWEEN 8208447 AND 8208547
	Index Only Scan using sbtest8_pkey on sbtest8  (cost=0.43..6.50 rows=103 width=4)
	  Index Cond: ((id >= 8208447) AND (id <= 8208547))

explain: for range-covered :: explain SELECT id FROM sbtest%d WHERE id BETWEEN 8208447 AND 8208547
for range-covered
table 1 : explain SELECT id FROM sbtest1 WHERE id BETWEEN 5396238 AND 5396338
	Index Only Scan using sbtest1_pkey on sbtest1  (cost=0.43..10.33 rows=95 width=4)
	  Index Cond: ((id >= 5396238) AND (id <= 5396338))

table 2 : explain SELECT id FROM sbtest2 WHERE id BETWEEN 5396238 AND 5396338
	Index Only Scan using sbtest2_pkey on sbtest2  (cost=0.43..6.43 rows=100 width=4)
	  Index Cond: ((id >= 5396238) AND (id <= 5396338))

table 3 : explain SELECT id FROM sbtest3 WHERE id BETWEEN 5396238 AND 5396338
	Index Only Scan using sbtest3_pkey on sbtest3  (cost=0.43..6.43 rows=100 width=4)
	  Index Cond: ((id >= 5396238) AND (id <= 5396338))

table 4 : explain SELECT id FROM sbtest4 WHERE id BETWEEN 5396238 AND 5396338
	Index Only Scan using sbtest4_pkey on sbtest4  (cost=0.43..10.60 rows=108 width=4)
	  Index Cond: ((id >= 5396238) AND (id <= 5396338))

table 5 : explain SELECT id FROM sbtest5 WHERE id BETWEEN 5396238 AND 5396338
	Index Only Scan using sbtest5_pkey on sbtest5  (cost=0.43..10.50 rows=103 width=4)
	  Index Cond: ((id >= 5396238) AND (id <= 5396338))

table 6 : explain SELECT id FROM sbtest6 WHERE id BETWEEN 5396238 AND 5396338
	Index Only Scan using sbtest6_pkey on sbtest6  (cost=0.43..6.53 rows=105 width=4)
	  Index Cond: ((id >= 5396238) AND (id <= 5396338))

table 7 : explain SELECT id FROM sbtest7 WHERE id BETWEEN 5396238 AND 5396338
	Index Only Scan using sbtest7_pkey on sbtest7  (cost=0.43..6.63 rows=110 width=4)
	  Index Cond: ((id >= 5396238) AND (id <= 5396338))

table 8 : explain SELECT id FROM sbtest8 WHERE id BETWEEN 5396238 AND 5396338
	Index Only Scan using sbtest8_pkey on sbtest8  (cost=0.43..6.42 rows=99 width=4)
	  Index Cond: ((id >= 5396238) AND (id <= 5396338))

explain: for range-covered :: explain SELECT id FROM sbtest%d WHERE id BETWEEN 5396238 AND 5396338
for range-covered
table 1 : explain SELECT id FROM sbtest1 WHERE id BETWEEN 5073744 AND 5073844
	Index Only Scan using sbtest1_pkey on sbtest1  (cost=0.43..10.46 rows=101 width=4)
	  Index Cond: ((id >= 5073744) AND (id <= 5073844))

table 2 : explain SELECT id FROM sbtest2 WHERE id BETWEEN 5073744 AND 5073844
	Index Only Scan using sbtest2_pkey on sbtest2  (cost=0.43..6.53 rows=105 width=4)
	  Index Cond: ((id >= 5073744) AND (id <= 5073844))

table 3 : explain SELECT id FROM sbtest3 WHERE id BETWEEN 5073744 AND 5073844
	Index Only Scan using sbtest3_pkey on sbtest3  (cost=0.43..6.37 rows=97 width=4)
	  Index Cond: ((id >= 5073744) AND (id <= 5073844))

table 4 : explain SELECT id FROM sbtest4 WHERE id BETWEEN 5073744 AND 5073844
	Index Only Scan using sbtest4_pkey on sbtest4  (cost=0.43..10.40 rows=98 width=4)
	  Index Cond: ((id >= 5073744) AND (id <= 5073844))

table 5 : explain SELECT id FROM sbtest5 WHERE id BETWEEN 5073744 AND 5073844
	Index Only Scan using sbtest5_pkey on sbtest5  (cost=0.43..10.44 rows=100 width=4)
	  Index Cond: ((id >= 5073744) AND (id <= 5073844))

table 6 : explain SELECT id FROM sbtest6 WHERE id BETWEEN 5073744 AND 5073844
	Index Only Scan using sbtest6_pkey on sbtest6  (cost=0.43..6.42 rows=99 width=4)
	  Index Cond: ((id >= 5073744) AND (id <= 5073844))

table 7 : explain SELECT id FROM sbtest7 WHERE id BETWEEN 5073744 AND 5073844
	Index Only Scan using sbtest7_pkey on sbtest7  (cost=0.43..6.51 rows=104 width=4)
	  Index Cond: ((id >= 5073744) AND (id <= 5073844))

table 8 : explain SELECT id FROM sbtest8 WHERE id BETWEEN 5073744 AND 5073844
	Index Only Scan using sbtest8_pkey on sbtest8  (cost=0.43..6.27 rows=92 width=4)
	  Index Cond: ((id >= 5073744) AND (id <= 5073844))

explain: for range-covered :: explain SELECT id FROM sbtest%d WHERE id BETWEEN 5073744 AND 5073844
for range-covered
table 1 : explain SELECT id FROM sbtest1 WHERE id BETWEEN 5036695 AND 5036795
	Index Only Scan using sbtest1_pkey on sbtest1  (cost=0.43..10.46 rows=101 width=4)
	  Index Cond: ((id >= 5036695) AND (id <= 5036795))

table 2 : explain SELECT id FROM sbtest2 WHERE id BETWEEN 5036695 AND 5036795
	Index Only Scan using sbtest2_pkey on sbtest2  (cost=0.43..6.53 rows=105 width=4)
	  Index Cond: ((id >= 5036695) AND (id <= 5036795))

table 3 : explain SELECT id FROM sbtest3 WHERE id BETWEEN 5036695 AND 5036795
	Index Only Scan using sbtest3_pkey on sbtest3  (cost=0.43..6.37 rows=97 width=4)
	  Index Cond: ((id >= 5036695) AND (id <= 5036795))

table 4 : explain SELECT id FROM sbtest4 WHERE id BETWEEN 5036695 AND 5036795
	Index Only Scan using sbtest4_pkey on sbtest4  (cost=0.43..10.62 rows=109 width=4)
	  Index Cond: ((id >= 5036695) AND (id <= 5036795))

table 5 : explain SELECT id FROM sbtest5 WHERE id BETWEEN 5036695 AND 5036795
	Index Only Scan using sbtest5_pkey on sbtest5  (cost=0.43..10.26 rows=91 width=4)
	  Index Cond: ((id >= 5036695) AND (id <= 5036795))

table 6 : explain SELECT id FROM sbtest6 WHERE id BETWEEN 5036695 AND 5036795
	Index Only Scan using sbtest6_pkey on sbtest6  (cost=0.43..6.42 rows=99 width=4)
	  Index Cond: ((id >= 5036695) AND (id <= 5036795))

table 7 : explain SELECT id FROM sbtest7 WHERE id BETWEEN 5036695 AND 5036795
	Index Only Scan using sbtest7_pkey on sbtest7  (cost=0.43..6.29 rows=93 width=4)
	  Index Cond: ((id >= 5036695) AND (id <= 5036795))

table 8 : explain SELECT id FROM sbtest8 WHERE id BETWEEN 5036695 AND 5036795
	Index Only Scan using sbtest8_pkey on sbtest8  (cost=0.43..6.50 rows=103 width=4)
	  Index Cond: ((id >= 5036695) AND (id <= 5036795))

explain: for range-covered :: explain SELECT id FROM sbtest%d WHERE id BETWEEN 5036695 AND 5036795
for range-covered
table 1 : explain SELECT id FROM sbtest1 WHERE id BETWEEN 1049323 AND 1049423
	Index Only Scan using sbtest1_pkey on sbtest1  (cost=0.43..10.44 rows=100 width=4)
	  Index Cond: ((id >= 1049323) AND (id <= 1049423))

table 2 : explain SELECT id FROM sbtest2 WHERE id BETWEEN 1049323 AND 1049423
	Index Only Scan using sbtest2_pkey on sbtest2  (cost=0.43..6.45 rows=101 width=4)
	  Index Cond: ((id >= 1049323) AND (id <= 1049423))

table 3 : explain SELECT id FROM sbtest3 WHERE id BETWEEN 1049323 AND 1049423
	Index Only Scan using sbtest3_pkey on sbtest3  (cost=0.43..6.17 rows=87 width=4)
	  Index Cond: ((id >= 1049323) AND (id <= 1049423))

table 4 : explain SELECT id FROM sbtest4 WHERE id BETWEEN 1049323 AND 1049423
	Index Only Scan using sbtest4_pkey on sbtest4  (cost=0.43..10.54 rows=105 width=4)
	  Index Cond: ((id >= 1049323) AND (id <= 1049423))

table 5 : explain SELECT id FROM sbtest5 WHERE id BETWEEN 1049323 AND 1049423
	Index Only Scan using sbtest5_pkey on sbtest5  (cost=0.43..10.51 rows=104 width=4)
	  Index Cond: ((id >= 1049323) AND (id <= 1049423))

table 6 : explain SELECT id FROM sbtest6 WHERE id BETWEEN 1049323 AND 1049423
	Index Only Scan using sbtest6_pkey on sbtest6  (cost=0.43..6.59 rows=108 width=4)
	  Index Cond: ((id >= 1049323) AND (id <= 1049423))

table 7 : explain SELECT id FROM sbtest7 WHERE id BETWEEN 1049323 AND 1049423
	Index Only Scan using sbtest7_pkey on sbtest7  (cost=0.43..6.58 rows=107 width=4)
	  Index Cond: ((id >= 1049323) AND (id <= 1049423))

table 8 : explain SELECT id FROM sbtest8 WHERE id BETWEEN 1049323 AND 1049423
	Index Only Scan using sbtest8_pkey on sbtest8  (cost=0.43..6.69 rows=113 width=4)
	  Index Cond: ((id >= 1049323) AND (id <= 1049423))

for range-covered
table 1 : explain SELECT id FROM sbtest1 WHERE id BETWEEN 8208447 AND 8208547
	Index Only Scan using sbtest1_pkey on sbtest1  (cost=0.43..10.38 rows=97 width=4)
	  Index Cond: ((id >= 8208447) AND (id <= 8208547))

table 2 : explain SELECT id FROM sbtest2 WHERE id BETWEEN 8208447 AND 8208547
	Index Only Scan using sbtest2_pkey on sbtest2  (cost=0.43..6.42 rows=99 width=4)
	  Index Cond: ((id >= 8208447) AND (id <= 8208547))

table 3 : explain SELECT id FROM sbtest3 WHERE id BETWEEN 8208447 AND 8208547
	Index Only Scan using sbtest3_pkey on sbtest3  (cost=0.43..6.27 rows=92 width=4)
	  Index Cond: ((id >= 8208447) AND (id <= 8208547))

table 4 : explain SELECT id FROM sbtest4 WHERE id BETWEEN 8208447 AND 8208547
	Index Only Scan using sbtest4_pkey on sbtest4  (cost=0.43..10.50 rows=103 width=4)
	  Index Cond: ((id >= 8208447) AND (id <= 8208547))

table 5 : explain SELECT id FROM sbtest5 WHERE id BETWEEN 8208447 AND 8208547
	Index Only Scan using sbtest5_pkey on sbtest5  (cost=0.43..10.54 rows=105 width=4)
	  Index Cond: ((id >= 8208447) AND (id <= 8208547))

table 6 : explain SELECT id FROM sbtest6 WHERE id BETWEEN 8208447 AND 8208547
	Index Only Scan using sbtest6_pkey on sbtest6  (cost=0.43..6.43 rows=100 width=4)
	  Index Cond: ((id >= 8208447) AND (id <= 8208547))

table 7 : explain SELECT id FROM sbtest7 WHERE id BETWEEN 8208447 AND 8208547
	Index Only Scan using sbtest7_pkey on sbtest7  (cost=0.43..6.42 rows=99 width=4)
	  Index Cond: ((id >= 8208447) AND (id <= 8208547))

table 8 : explain SELECT id FROM sbtest8 WHERE id BETWEEN 8208447 AND 8208547
	Index Only Scan using sbtest8_pkey on sbtest8  (cost=0.43..6.50 rows=103 width=4)
	  Index Cond: ((id >= 8208447) AND (id <= 8208547))

for range-covered
table 1 : explain SELECT id FROM sbtest1 WHERE id BETWEEN 5396238 AND 5396338
	Index Only Scan using sbtest1_pkey on sbtest1  (cost=0.43..10.33 rows=95 width=4)
	  Index Cond: ((id >= 5396238) AND (id <= 5396338))

table 2 : explain SELECT id FROM sbtest2 WHERE id BETWEEN 5396238 AND 5396338
	Index Only Scan using sbtest2_pkey on sbtest2  (cost=0.43..6.43 rows=100 width=4)
	  Index Cond: ((id >= 5396238) AND (id <= 5396338))

table 3 : explain SELECT id FROM sbtest3 WHERE id BETWEEN 5396238 AND 5396338
	Index Only Scan using sbtest3_pkey on sbtest3  (cost=0.43..6.43 rows=100 width=4)
	  Index Cond: ((id >= 5396238) AND (id <= 5396338))

table 4 : explain SELECT id FROM sbtest4 WHERE id BETWEEN 5396238 AND 5396338
	Index Only Scan using sbtest4_pkey on sbtest4  (cost=0.43..10.60 rows=108 width=4)
	  Index Cond: ((id >= 5396238) AND (id <= 5396338))

table 5 : explain SELECT id FROM sbtest5 WHERE id BETWEEN 5396238 AND 5396338
	Index Only Scan using sbtest5_pkey on sbtest5  (cost=0.43..10.50 rows=103 width=4)
	  Index Cond: ((id >= 5396238) AND (id <= 5396338))

table 6 : explain SELECT id FROM sbtest6 WHERE id BETWEEN 5396238 AND 5396338
	Index Only Scan using sbtest6_pkey on sbtest6  (cost=0.43..6.53 rows=105 width=4)
	  Index Cond: ((id >= 5396238) AND (id <= 5396338))

table 7 : explain SELECT id FROM sbtest7 WHERE id BETWEEN 5396238 AND 5396338
	Index Only Scan using sbtest7_pkey on sbtest7  (cost=0.43..6.63 rows=110 width=4)
	  Index Cond: ((id >= 5396238) AND (id <= 5396338))

table 8 : explain SELECT id FROM sbtest8 WHERE id BETWEEN 5396238 AND 5396338
	Index Only Scan using sbtest8_pkey on sbtest8  (cost=0.43..6.42 rows=99 width=4)
	  Index Cond: ((id >= 5396238) AND (id <= 5396338))

explain: for range-covered :: explain SELECT id FROM sbtest%d WHERE id BETWEEN 1049323 AND 1049423
for range-covered
table 1 : explain SELECT id FROM sbtest1 WHERE id BETWEEN 5073744 AND 5073844
	Index Only Scan using sbtest1_pkey on sbtest1  (cost=0.43..10.46 rows=101 width=4)
	  Index Cond: ((id >= 5073744) AND (id <= 5073844))

table 2 : explain SELECT id FROM sbtest2 WHERE id BETWEEN 5073744 AND 5073844
	Index Only Scan using sbtest2_pkey on sbtest2  (cost=0.43..6.53 rows=105 width=4)
	  Index Cond: ((id >= 5073744) AND (id <= 5073844))

table 3 : explain SELECT id FROM sbtest3 WHERE id BETWEEN 5073744 AND 5073844
	Index Only Scan using sbtest3_pkey on sbtest3  (cost=0.43..6.37 rows=97 width=4)
	  Index Cond: ((id >= 5073744) AND (id <= 5073844))

table 4 : explain SELECT id FROM sbtest4 WHERE id BETWEEN 5073744 AND 5073844
	Index Only Scan using sbtest4_pkey on sbtest4  (cost=0.43..10.40 rows=98 width=4)
	  Index Cond: ((id >= 5073744) AND (id <= 5073844))

table 5 : explain SELECT id FROM sbtest5 WHERE id BETWEEN 5073744 AND 5073844
	Index Only Scan using sbtest5_pkey on sbtest5  (cost=0.43..10.44 rows=100 width=4)
	  Index Cond: ((id >= 5073744) AND (id <= 5073844))

table 6 : explain SELECT id FROM sbtest6 WHERE id BETWEEN 5073744 AND 5073844
	Index Only Scan using sbtest6_pkey on sbtest6  (cost=0.43..6.42 rows=99 width=4)
	  Index Cond: ((id >= 5073744) AND (id <= 5073844))

table 7 : explain SELECT id FROM sbtest7 WHERE id BETWEEN 5073744 AND 5073844
	Index Only Scan using sbtest7_pkey on sbtest7  (cost=0.43..6.51 rows=104 width=4)
	  Index Cond: ((id >= 5073744) AND (id <= 5073844))

table 8 : explain SELECT id FROM sbtest8 WHERE id BETWEEN 5073744 AND 5073844
	Index Only Scan using sbtest8_pkey on sbtest8  (cost=0.43..6.27 rows=92 width=4)
	  Index Cond: ((id >= 5073744) AND (id <= 5073844))

for range-covered
table 1 : explain SELECT id FROM sbtest1 WHERE id BETWEEN 7865977 AND 7866077
	Index Only Scan using sbtest1_pkey on sbtest1  (cost=0.43..10.47 rows=102 width=4)
	  Index Cond: ((id >= 7865977) AND (id <= 7866077))

table 2 : explain SELECT id FROM sbtest2 WHERE id BETWEEN 7865977 AND 7866077
	Index Only Scan using sbtest2_pkey on sbtest2  (cost=0.43..6.35 rows=96 width=4)
	  Index Cond: ((id >= 7865977) AND (id <= 7866077))

table 3 : explain SELECT id FROM sbtest3 WHERE id BETWEEN 7865977 AND 7866077
	Index Only Scan using sbtest3_pkey on sbtest3  (cost=0.43..6.59 rows=108 width=4)
	  Index Cond: ((id >= 7865977) AND (id <= 7866077))

table 4 : explain SELECT id FROM sbtest4 WHERE id BETWEEN 7865977 AND 7866077
	Index Only Scan using sbtest4_pkey on sbtest4  (cost=0.43..10.42 rows=99 width=4)
	  Index Cond: ((id >= 7865977) AND (id <= 7866077))

table 5 : explain SELECT id FROM sbtest5 WHERE id BETWEEN 7865977 AND 7866077
	Index Only Scan using sbtest5_pkey on sbtest5  (cost=0.43..10.44 rows=100 width=4)
	  Index Cond: ((id >= 7865977) AND (id <= 7866077))

table 6 : explain SELECT id FROM sbtest6 WHERE id BETWEEN 7865977 AND 7866077
	Index Only Scan using sbtest6_pkey on sbtest6  (cost=0.43..6.33 rows=95 width=4)
	  Index Cond: ((id >= 7865977) AND (id <= 7866077))

table 7 : explain SELECT id FROM sbtest7 WHERE id BETWEEN 7865977 AND 7866077
	Index Only Scan using sbtest7_pkey on sbtest7  (cost=0.43..6.50 rows=103 width=4)
	  Index Cond: ((id >= 7865977) AND (id <= 7866077))

table 8 : explain SELECT id FROM sbtest8 WHERE id BETWEEN 7865977 AND 7866077
	Index Only Scan using sbtest8_pkey on sbtest8  (cost=0.43..6.35 rows=96 width=4)
	  Index Cond: ((id >= 7865977) AND (id <= 7866077))

for range-covered
table 1 : explain SELECT id FROM sbtest1 WHERE id BETWEEN 5036695 AND 5036795
	Index Only Scan using sbtest1_pkey on sbtest1  (cost=0.43..10.46 rows=101 width=4)
	  Index Cond: ((id >= 5036695) AND (id <= 5036795))

table 2 : explain SELECT id FROM sbtest2 WHERE id BETWEEN 5036695 AND 5036795
	Index Only Scan using sbtest2_pkey on sbtest2  (cost=0.43..6.53 rows=105 width=4)
	  Index Cond: ((id >= 5036695) AND (id <= 5036795))

table 3 : explain SELECT id FROM sbtest3 WHERE id BETWEEN 5036695 AND 5036795
	Index Only Scan using sbtest3_pkey on sbtest3  (cost=0.43..6.37 rows=97 width=4)
	  Index Cond: ((id >= 5036695) AND (id <= 5036795))

table 4 : explain SELECT id FROM sbtest4 WHERE id BETWEEN 5036695 AND 5036795
	Index Only Scan using sbtest4_pkey on sbtest4  (cost=0.43..10.62 rows=109 width=4)
	  Index Cond: ((id >= 5036695) AND (id <= 5036795))

table 5 : explain SELECT id FROM sbtest5 WHERE id BETWEEN 5036695 AND 5036795
	Index Only Scan using sbtest5_pkey on sbtest5  (cost=0.43..10.26 rows=91 width=4)
	  Index Cond: ((id >= 5036695) AND (id <= 5036795))

table 6 : explain SELECT id FROM sbtest6 WHERE id BETWEEN 5036695 AND 5036795
	Index Only Scan using sbtest6_pkey on sbtest6  (cost=0.43..6.42 rows=99 width=4)
	  Index Cond: ((id >= 5036695) AND (id <= 5036795))

table 7 : explain SELECT id FROM sbtest7 WHERE id BETWEEN 5036695 AND 5036795
	Index Only Scan using sbtest7_pkey on sbtest7  (cost=0.43..6.29 rows=93 width=4)
	  Index Cond: ((id >= 5036695) AND (id <= 5036795))

table 8 : explain SELECT id FROM sbtest8 WHERE id BETWEEN 5036695 AND 5036795
	Index Only Scan using sbtest8_pkey on sbtest8  (cost=0.43..6.50 rows=103 width=4)
	  Index Cond: ((id >= 5036695) AND (id <= 5036795))

explain: for range-covered :: explain SELECT id FROM sbtest%d WHERE id BETWEEN 7865977 AND 7866077
for range-covered
table 1 : explain SELECT id FROM sbtest1 WHERE id BETWEEN 5511654 AND 5511754
	Index Only Scan using sbtest1_pkey on sbtest1  (cost=0.43..10.33 rows=95 width=4)
	  Index Cond: ((id >= 5511654) AND (id <= 5511754))

table 2 : explain SELECT id FROM sbtest2 WHERE id BETWEEN 5511654 AND 5511754
	Index Only Scan using sbtest2_pkey on sbtest2  (cost=0.43..6.47 rows=102 width=4)
	  Index Cond: ((id >= 5511654) AND (id <= 5511754))

table 3 : explain SELECT id FROM sbtest3 WHERE id BETWEEN 5511654 AND 5511754
	Index Only Scan using sbtest3_pkey on sbtest3  (cost=0.43..6.50 rows=103 width=4)
	  Index Cond: ((id >= 5511654) AND (id <= 5511754))

table 4 : explain SELECT id FROM sbtest4 WHERE id BETWEEN 5511654 AND 5511754
	Index Only Scan using sbtest4_pkey on sbtest4  (cost=0.43..10.47 rows=102 width=4)
	  Index Cond: ((id >= 5511654) AND (id <= 5511754))

table 5 : explain SELECT id FROM sbtest5 WHERE id BETWEEN 5511654 AND 5511754
	Index Only Scan using sbtest5_pkey on sbtest5  (cost=0.43..10.56 rows=106 width=4)
	  Index Cond: ((id >= 5511654) AND (id <= 5511754))

table 6 : explain SELECT id FROM sbtest6 WHERE id BETWEEN 5511654 AND 5511754
	Index Only Scan using sbtest6_pkey on sbtest6  (cost=0.43..6.47 rows=102 width=4)
	  Index Cond: ((id >= 5511654) AND (id <= 5511754))

table 7 : explain SELECT id FROM sbtest7 WHERE id BETWEEN 5511654 AND 5511754
	Index Only Scan using sbtest7_pkey on sbtest7  (cost=0.43..6.32 rows=94 width=4)
	  Index Cond: ((id >= 5511654) AND (id <= 5511754))

table 8 : explain SELECT id FROM sbtest8 WHERE id BETWEEN 5511654 AND 5511754
	Index Only Scan using sbtest8_pkey on sbtest8  (cost=0.43..6.45 rows=101 width=4)
	  Index Cond: ((id >= 5511654) AND (id <= 5511754))

explain: for range-covered :: explain SELECT id FROM sbtest%d WHERE id BETWEEN 5511654 AND 5511754
for range-covered
table 1 : explain SELECT id FROM sbtest1 WHERE id BETWEEN 1049323 AND 1049423
	Index Only Scan using sbtest1_pkey on sbtest1  (cost=0.43..10.44 rows=100 width=4)
	  Index Cond: ((id >= 1049323) AND (id <= 1049423))

table 2 : explain SELECT id FROM sbtest2 WHERE id BETWEEN 1049323 AND 1049423
	Index Only Scan using sbtest2_pkey on sbtest2  (cost=0.43..6.45 rows=101 width=4)
	  Index Cond: ((id >= 1049323) AND (id <= 1049423))

table 3 : explain SELECT id FROM sbtest3 WHERE id BETWEEN 1049323 AND 1049423
	Index Only Scan using sbtest3_pkey on sbtest3  (cost=0.43..6.17 rows=87 width=4)
	  Index Cond: ((id >= 1049323) AND (id <= 1049423))

table 4 : explain SELECT id FROM sbtest4 WHERE id BETWEEN 1049323 AND 1049423
	Index Only Scan using sbtest4_pkey on sbtest4  (cost=0.43..10.54 rows=105 width=4)
	  Index Cond: ((id >= 1049323) AND (id <= 1049423))

table 5 : explain SELECT id FROM sbtest5 WHERE id BETWEEN 1049323 AND 1049423
	Index Only Scan using sbtest5_pkey on sbtest5  (cost=0.43..10.51 rows=104 width=4)
	  Index Cond: ((id >= 1049323) AND (id <= 1049423))

table 6 : explain SELECT id FROM sbtest6 WHERE id BETWEEN 1049323 AND 1049423
	Index Only Scan using sbtest6_pkey on sbtest6  (cost=0.43..6.59 rows=108 width=4)
	  Index Cond: ((id >= 1049323) AND (id <= 1049423))

table 7 : explain SELECT id FROM sbtest7 WHERE id BETWEEN 1049323 AND 1049423
	Index Only Scan using sbtest7_pkey on sbtest7  (cost=0.43..6.58 rows=107 width=4)
	  Index Cond: ((id >= 1049323) AND (id <= 1049423))

table 8 : explain SELECT id FROM sbtest8 WHERE id BETWEEN 1049323 AND 1049423
	Index Only Scan using sbtest8_pkey on sbtest8  (cost=0.43..6.69 rows=113 width=4)
	  Index Cond: ((id >= 1049323) AND (id <= 1049423))

for range-covered
table 1 : explain SELECT id FROM sbtest1 WHERE id BETWEEN 7865977 AND 7866077
	Index Only Scan using sbtest1_pkey on sbtest1  (cost=0.43..10.47 rows=102 width=4)
	  Index Cond: ((id >= 7865977) AND (id <= 7866077))

table 2 : explain SELECT id FROM sbtest2 WHERE id BETWEEN 7865977 AND 7866077
	Index Only Scan using sbtest2_pkey on sbtest2  (cost=0.43..6.35 rows=96 width=4)
	  Index Cond: ((id >= 7865977) AND (id <= 7866077))

table 3 : explain SELECT id FROM sbtest3 WHERE id BETWEEN 7865977 AND 7866077
	Index Only Scan using sbtest3_pkey on sbtest3  (cost=0.43..6.59 rows=108 width=4)
	  Index Cond: ((id >= 7865977) AND (id <= 7866077))

table 4 : explain SELECT id FROM sbtest4 WHERE id BETWEEN 7865977 AND 7866077
	Index Only Scan using sbtest4_pkey on sbtest4  (cost=0.43..10.42 rows=99 width=4)
	  Index Cond: ((id >= 7865977) AND (id <= 7866077))

table 5 : explain SELECT id FROM sbtest5 WHERE id BETWEEN 7865977 AND 7866077
	Index Only Scan using sbtest5_pkey on sbtest5  (cost=0.43..10.44 rows=100 width=4)
	  Index Cond: ((id >= 7865977) AND (id <= 7866077))

table 6 : explain SELECT id FROM sbtest6 WHERE id BETWEEN 7865977 AND 7866077
	Index Only Scan using sbtest6_pkey on sbtest6  (cost=0.43..6.33 rows=95 width=4)
	  Index Cond: ((id >= 7865977) AND (id <= 7866077))

table 7 : explain SELECT id FROM sbtest7 WHERE id BETWEEN 7865977 AND 7866077
	Index Only Scan using sbtest7_pkey on sbtest7  (cost=0.43..6.50 rows=103 width=4)
	  Index Cond: ((id >= 7865977) AND (id <= 7866077))

table 8 : explain SELECT id FROM sbtest8 WHERE id BETWEEN 7865977 AND 7866077
	Index Only Scan using sbtest8_pkey on sbtest8  (cost=0.43..6.35 rows=96 width=4)
	  Index Cond: ((id >= 7865977) AND (id <= 7866077))
for range-covered
table 1 : explain SELECT id FROM sbtest1 WHERE id BETWEEN 7360840 AND 7360940
	Index Only Scan using sbtest1_pkey on sbtest1  (cost=0.43..10.68 rows=112 width=4)
	  Index Cond: ((id >= 7360840) AND (id <= 7360940))

table 2 : explain SELECT id FROM sbtest2 WHERE id BETWEEN 7360840 AND 7360940
	Index Only Scan using sbtest2_pkey on sbtest2  (cost=0.43..6.56 rows=106 width=4)
	  Index Cond: ((id >= 7360840) AND (id <= 7360940))

table 3 : explain SELECT id FROM sbtest3 WHERE id BETWEEN 7360840 AND 7360940
	Index Only Scan using sbtest3_pkey on sbtest3  (cost=0.43..6.35 rows=96 width=4)
	  Index Cond: ((id >= 7360840) AND (id <= 7360940))

table 4 : explain SELECT id FROM sbtest4 WHERE id BETWEEN 7360840 AND 7360940
	Index Only Scan using sbtest4_pkey on sbtest4  (cost=0.43..10.58 rows=107 width=4)
	  Index Cond: ((id >= 7360840) AND (id <= 7360940))

table 5 : explain SELECT id FROM sbtest5 WHERE id BETWEEN 7360840 AND 7360940
	Index Only Scan using sbtest5_pkey on sbtest5  (cost=0.43..10.51 rows=104 width=4)
	  Index Cond: ((id >= 7360840) AND (id <= 7360940))

table 6 : explain SELECT id FROM sbtest6 WHERE id BETWEEN 7360840 AND 7360940
	Index Only Scan using sbtest6_pkey on sbtest6  (cost=0.43..6.58 rows=107 width=4)
	  Index Cond: ((id >= 7360840) AND (id <= 7360940))

table 7 : explain SELECT id FROM sbtest7 WHERE id BETWEEN 7360840 AND 7360940
	Index Only Scan using sbtest7_pkey on sbtest7  (cost=0.43..6.32 rows=94 width=4)
	  Index Cond: ((id >= 7360840) AND (id <= 7360940))

table 8 : explain SELECT id FROM sbtest8 WHERE id BETWEEN 7360840 AND 7360940
	Index Only Scan using sbtest8_pkey on sbtest8  (cost=0.43..6.33 rows=95 width=4)
	  Index Cond: ((id >= 7360840) AND (id <= 7360940))


explain: for range-covered :: explain SELECT id FROM sbtest%d WHERE id BETWEEN 7360840 AND 7360940
explain: for range-covered :: explain SELECT id FROM sbtest%d WHERE id BETWEEN 7865977 AND 7866077
for range-covered
table 1 : explain SELECT id FROM sbtest1 WHERE id BETWEEN 7034095 AND 7034195
	Index Only Scan using sbtest1_pkey on sbtest1  (cost=0.43..10.28 rows=92 width=4)
	  Index Cond: ((id >= 7034095) AND (id <= 7034195))

table 2 : explain SELECT id FROM sbtest2 WHERE id BETWEEN 7034095 AND 7034195
	Index Only Scan using sbtest2_pkey on sbtest2  (cost=0.43..6.45 rows=101 width=4)
	  Index Cond: ((id >= 7034095) AND (id <= 7034195))

table 3 : explain SELECT id FROM sbtest3 WHERE id BETWEEN 7034095 AND 7034195
	Index Only Scan using sbtest3_pkey on sbtest3  (cost=0.43..6.47 rows=102 width=4)
	  Index Cond: ((id >= 7034095) AND (id <= 7034195))

table 4 : explain SELECT id FROM sbtest4 WHERE id BETWEEN 7034095 AND 7034195
	Index Only Scan using sbtest4_pkey on sbtest4  (cost=0.43..10.42 rows=99 width=4)
	  Index Cond: ((id >= 7034095) AND (id <= 7034195))

table 5 : explain SELECT id FROM sbtest5 WHERE id BETWEEN 7034095 AND 7034195
	Index Only Scan using sbtest5_pkey on sbtest5  (cost=0.43..10.32 rows=94 width=4)
	  Index Cond: ((id >= 7034095) AND (id <= 7034195))

table 6 : explain SELECT id FROM sbtest6 WHERE id BETWEEN 7034095 AND 7034195
	Index Only Scan using sbtest6_pkey on sbtest6  (cost=0.43..6.50 rows=103 width=4)
	  Index Cond: ((id >= 7034095) AND (id <= 7034195))

table 7 : explain SELECT id FROM sbtest7 WHERE id BETWEEN 7034095 AND 7034195
	Index Only Scan using sbtest7_pkey on sbtest7  (cost=0.43..6.58 rows=107 width=4)
	  Index Cond: ((id >= 7034095) AND (id <= 7034195))

table 8 : explain SELECT id FROM sbtest8 WHERE id BETWEEN 7034095 AND 7034195
	Index Only Scan using sbtest8_pkey on sbtest8  (cost=0.43..6.29 rows=93 width=4)
	  Index Cond: ((id >= 7034095) AND (id <= 7034195))

explain: for range-covered :: explain SELECT id FROM sbtest%d WHERE id BETWEEN 7034095 AND 7034195
for range-covered
table 1 : explain SELECT id FROM sbtest1 WHERE id BETWEEN 5511654 AND 5511754
	Index Only Scan using sbtest1_pkey on sbtest1  (cost=0.43..10.33 rows=95 width=4)
	  Index Cond: ((id >= 5511654) AND (id <= 5511754))

table 2 : explain SELECT id FROM sbtest2 WHERE id BETWEEN 5511654 AND 5511754
	Index Only Scan using sbtest2_pkey on sbtest2  (cost=0.43..6.47 rows=102 width=4)
	  Index Cond: ((id >= 5511654) AND (id <= 5511754))

table 3 : explain SELECT id FROM sbtest3 WHERE id BETWEEN 5511654 AND 5511754
	Index Only Scan using sbtest3_pkey on sbtest3  (cost=0.43..6.50 rows=103 width=4)
	  Index Cond: ((id >= 5511654) AND (id <= 5511754))

table 4 : explain SELECT id FROM sbtest4 WHERE id BETWEEN 5511654 AND 5511754
	Index Only Scan using sbtest4_pkey on sbtest4  (cost=0.43..10.47 rows=102 width=4)
	  Index Cond: ((id >= 5511654) AND (id <= 5511754))

table 5 : explain SELECT id FROM sbtest5 WHERE id BETWEEN 5511654 AND 5511754
	Index Only Scan using sbtest5_pkey on sbtest5  (cost=0.43..10.56 rows=106 width=4)
	  Index Cond: ((id >= 5511654) AND (id <= 5511754))

table 6 : explain SELECT id FROM sbtest6 WHERE id BETWEEN 5511654 AND 5511754
	Index Only Scan using sbtest6_pkey on sbtest6  (cost=0.43..6.47 rows=102 width=4)
	  Index Cond: ((id >= 5511654) AND (id <= 5511754))

table 7 : explain SELECT id FROM sbtest7 WHERE id BETWEEN 5511654 AND 5511754
	Index Only Scan using sbtest7_pkey on sbtest7  (cost=0.43..6.32 rows=94 width=4)
	  Index Cond: ((id >= 5511654) AND (id <= 5511754))

table 8 : explain SELECT id FROM sbtest8 WHERE id BETWEEN 5511654 AND 5511754
	Index Only Scan using sbtest8_pkey on sbtest8  (cost=0.43..6.45 rows=101 width=4)
	  Index Cond: ((id >= 5511654) AND (id <= 5511754))

for range-covered
table 1 : explain SELECT id FROM sbtest1 WHERE id BETWEEN 6272184 AND 6272284
	Index Only Scan using sbtest1_pkey on sbtest1  (cost=0.43..10.46 rows=101 width=4)
	  Index Cond: ((id >= 6272184) AND (id <= 6272284))

table 2 : explain SELECT id FROM sbtest2 WHERE id BETWEEN 6272184 AND 6272284
	Index Only Scan using sbtest2_pkey on sbtest2  (cost=0.43..6.42 rows=99 width=4)
	  Index Cond: ((id >= 6272184) AND (id <= 6272284))

table 3 : explain SELECT id FROM sbtest3 WHERE id BETWEEN 6272184 AND 6272284
	Index Only Scan using sbtest3_pkey on sbtest3  (cost=0.43..6.42 rows=99 width=4)
	  Index Cond: ((id >= 6272184) AND (id <= 6272284))

table 4 : explain SELECT id FROM sbtest4 WHERE id BETWEEN 6272184 AND 6272284
	Index Only Scan using sbtest4_pkey on sbtest4  (cost=0.43..10.32 rows=94 width=4)
	  Index Cond: ((id >= 6272184) AND (id <= 6272284))

table 5 : explain SELECT id FROM sbtest5 WHERE id BETWEEN 6272184 AND 6272284
	Index Only Scan using sbtest5_pkey on sbtest5  (cost=0.43..10.38 rows=97 width=4)
	  Index Cond: ((id >= 6272184) AND (id <= 6272284))

table 6 : explain SELECT id FROM sbtest6 WHERE id BETWEEN 6272184 AND 6272284
	Index Only Scan using sbtest6_pkey on sbtest6  (cost=0.43..6.43 rows=100 width=4)
	  Index Cond: ((id >= 6272184) AND (id <= 6272284))

table 7 : explain SELECT id FROM sbtest7 WHERE id BETWEEN 6272184 AND 6272284
	Index Only Scan using sbtest7_pkey on sbtest7  (cost=0.43..6.45 rows=101 width=4)
	  Index Cond: ((id >= 6272184) AND (id <= 6272284))

table 8 : explain SELECT id FROM sbtest8 WHERE id BETWEEN 6272184 AND 6272284
	Index Only Scan using sbtest8_pkey on sbtest8  (cost=0.43..6.53 rows=105 width=4)
	  Index Cond: ((id >= 6272184) AND (id <= 6272284))

for range-covered
table 1 : explain SELECT id FROM sbtest1 WHERE id BETWEEN 6330532 AND 6330632
	Index Only Scan using sbtest1_pkey on sbtest1  (cost=0.43..10.47 rows=102 width=4)
	  Index Cond: ((id >= 6330532) AND (id <= 6330632))

table 2 : explain SELECT id FROM sbtest2 WHERE id BETWEEN 6330532 AND 6330632
	Index Only Scan using sbtest2_pkey on sbtest2  (cost=0.43..6.35 rows=96 width=4)
	  Index Cond: ((id >= 6330532) AND (id <= 6330632))

table 3 : explain SELECT id FROM sbtest3 WHERE id BETWEEN 6330532 AND 6330632
	Index Only Scan using sbtest3_pkey on sbtest3  (cost=0.43..6.47 rows=102 width=4)
	  Index Cond: ((id >= 6330532) AND (id <= 6330632))

table 4 : explain SELECT id FROM sbtest4 WHERE id BETWEEN 6330532 AND 6330632
	Index Only Scan using sbtest4_pkey on sbtest4  (cost=0.43..10.32 rows=94 width=4)
	  Index Cond: ((id >= 6330532) AND (id <= 6330632))

table 5 : explain SELECT id FROM sbtest5 WHERE id BETWEEN 6330532 AND 6330632
	Index Only Scan using sbtest5_pkey on sbtest5  (cost=0.43..10.29 rows=93 width=4)
	  Index Cond: ((id >= 6330532) AND (id <= 6330632))

table 6 : explain SELECT id FROM sbtest6 WHERE id BETWEEN 6330532 AND 6330632
	Index Only Scan using sbtest6_pkey on sbtest6  (cost=0.43..6.56 rows=106 width=4)
	  Index Cond: ((id >= 6330532) AND (id <= 6330632))

table 7 : explain SELECT id FROM sbtest7 WHERE id BETWEEN 6330532 AND 6330632
	Index Only Scan using sbtest7_pkey on sbtest7  (cost=0.43..6.45 rows=101 width=4)
	  Index Cond: ((id >= 6330532) AND (id <= 6330632))

table 8 : explain SELECT id FROM sbtest8 WHERE id BETWEEN 6330532 AND 6330632
	Index Only Scan using sbtest8_pkey on sbtest8  (cost=0.43..6.53 rows=105 width=4)
	  Index Cond: ((id >= 6330532) AND (id <= 6330632))

explain: for range-covered :: explain SELECT id FROM sbtest%d WHERE id BETWEEN 5511654 AND 5511754
explain: for range-covered :: explain SELECT id FROM sbtest%d WHERE id BETWEEN 6330532 AND 6330632
for range-covered
table 1 : explain SELECT id FROM sbtest1 WHERE id BETWEEN 7865977 AND 7866077
	Index Only Scan using sbtest1_pkey on sbtest1  (cost=0.43..10.47 rows=102 width=4)
	  Index Cond: ((id >= 7865977) AND (id <= 7866077))

table 2 : explain SELECT id FROM sbtest2 WHERE id BETWEEN 7865977 AND 7866077
	Index Only Scan using sbtest2_pkey on sbtest2  (cost=0.43..6.35 rows=96 width=4)
	  Index Cond: ((id >= 7865977) AND (id <= 7866077))

table 3 : explain SELECT id FROM sbtest3 WHERE id BETWEEN 7865977 AND 7866077
	Index Only Scan using sbtest3_pkey on sbtest3  (cost=0.43..6.59 rows=108 width=4)
	  Index Cond: ((id >= 7865977) AND (id <= 7866077))

table 4 : explain SELECT id FROM sbtest4 WHERE id BETWEEN 7865977 AND 7866077
	Index Only Scan using sbtest4_pkey on sbtest4  (cost=0.43..10.42 rows=99 width=4)
	  Index Cond: ((id >= 7865977) AND (id <= 7866077))

table 5 : explain SELECT id FROM sbtest5 WHERE id BETWEEN 7865977 AND 7866077
	Index Only Scan using sbtest5_pkey on sbtest5  (cost=0.43..10.44 rows=100 width=4)
	  Index Cond: ((id >= 7865977) AND (id <= 7866077))

table 6 : explain SELECT id FROM sbtest6 WHERE id BETWEEN 7865977 AND 7866077
	Index Only Scan using sbtest6_pkey on sbtest6  (cost=0.43..6.33 rows=95 width=4)
	  Index Cond: ((id >= 7865977) AND (id <= 7866077))

table 7 : explain SELECT id FROM sbtest7 WHERE id BETWEEN 7865977 AND 7866077
	Index Only Scan using sbtest7_pkey on sbtest7  (cost=0.43..6.50 rows=103 width=4)
	  Index Cond: ((id >= 7865977) AND (id <= 7866077))

table 8 : explain SELECT id FROM sbtest8 WHERE id BETWEEN 7865977 AND 7866077
	Index Only Scan using sbtest8_pkey on sbtest8  (cost=0.43..6.35 rows=96 width=4)
	  Index Cond: ((id >= 7865977) AND (id <= 7866077))

for range-covered
table 1 : explain SELECT id FROM sbtest1 WHERE id BETWEEN 7360840 AND 7360940
	Index Only Scan using sbtest1_pkey on sbtest1  (cost=0.43..10.68 rows=112 width=4)
	  Index Cond: ((id >= 7360840) AND (id <= 7360940))

table 2 : explain SELECT id FROM sbtest2 WHERE id BETWEEN 7360840 AND 7360940
	Index Only Scan using sbtest2_pkey on sbtest2  (cost=0.43..6.56 rows=106 width=4)
	  Index Cond: ((id >= 7360840) AND (id <= 7360940))

table 3 : explain SELECT id FROM sbtest3 WHERE id BETWEEN 7360840 AND 7360940
	Index Only Scan using sbtest3_pkey on sbtest3  (cost=0.43..6.35 rows=96 width=4)
	  Index Cond: ((id >= 7360840) AND (id <= 7360940))

table 4 : explain SELECT id FROM sbtest4 WHERE id BETWEEN 7360840 AND 7360940
	Index Only Scan using sbtest4_pkey on sbtest4  (cost=0.43..10.58 rows=107 width=4)
	  Index Cond: ((id >= 7360840) AND (id <= 7360940))

table 5 : explain SELECT id FROM sbtest5 WHERE id BETWEEN 7360840 AND 7360940
	Index Only Scan using sbtest5_pkey on sbtest5  (cost=0.43..10.51 rows=104 width=4)
	  Index Cond: ((id >= 7360840) AND (id <= 7360940))

table 6 : explain SELECT id FROM sbtest6 WHERE id BETWEEN 7360840 AND 7360940
	Index Only Scan using sbtest6_pkey on sbtest6  (cost=0.43..6.58 rows=107 width=4)
	  Index Cond: ((id >= 7360840) AND (id <= 7360940))

table 7 : explain SELECT id FROM sbtest7 WHERE id BETWEEN 7360840 AND 7360940
	Index Only Scan using sbtest7_pkey on sbtest7  (cost=0.43..6.32 rows=94 width=4)
	  Index Cond: ((id >= 7360840) AND (id <= 7360940))

table 8 : explain SELECT id FROM sbtest8 WHERE id BETWEEN 7360840 AND 7360940
	Index Only Scan using sbtest8_pkey on sbtest8  (cost=0.43..6.33 rows=95 width=4)
	  Index Cond: ((id >= 7360840) AND (id <= 7360940))

explain: for range-covered :: explain SELECT id FROM sbtest%d WHERE id BETWEEN 7865977 AND 7866077
explain: for range-covered :: explain SELECT id FROM sbtest%d WHERE id BETWEEN 7360840 AND 7360940
for range-covered
table 1 : explain SELECT id FROM sbtest1 WHERE id BETWEEN 7034095 AND 7034195
	Index Only Scan using sbtest1_pkey on sbtest1  (cost=0.43..10.28 rows=92 width=4)
	  Index Cond: ((id >= 7034095) AND (id <= 7034195))

table 2 : explain SELECT id FROM sbtest2 WHERE id BETWEEN 7034095 AND 7034195
	Index Only Scan using sbtest2_pkey on sbtest2  (cost=0.43..6.45 rows=101 width=4)
	  Index Cond: ((id >= 7034095) AND (id <= 7034195))

table 3 : explain SELECT id FROM sbtest3 WHERE id BETWEEN 7034095 AND 7034195
	Index Only Scan using sbtest3_pkey on sbtest3  (cost=0.43..6.47 rows=102 width=4)
	  Index Cond: ((id >= 7034095) AND (id <= 7034195))

table 4 : explain SELECT id FROM sbtest4 WHERE id BETWEEN 7034095 AND 7034195
	Index Only Scan using sbtest4_pkey on sbtest4  (cost=0.43..10.42 rows=99 width=4)
	  Index Cond: ((id >= 7034095) AND (id <= 7034195))

table 5 : explain SELECT id FROM sbtest5 WHERE id BETWEEN 7034095 AND 7034195
	Index Only Scan using sbtest5_pkey on sbtest5  (cost=0.43..10.32 rows=94 width=4)
	  Index Cond: ((id >= 7034095) AND (id <= 7034195))

table 6 : explain SELECT id FROM sbtest6 WHERE id BETWEEN 7034095 AND 7034195
	Index Only Scan using sbtest6_pkey on sbtest6  (cost=0.43..6.50 rows=103 width=4)
	  Index Cond: ((id >= 7034095) AND (id <= 7034195))

table 7 : explain SELECT id FROM sbtest7 WHERE id BETWEEN 7034095 AND 7034195
	Index Only Scan using sbtest7_pkey on sbtest7  (cost=0.43..6.58 rows=107 width=4)
	  Index Cond: ((id >= 7034095) AND (id <= 7034195))

table 8 : explain SELECT id FROM sbtest8 WHERE id BETWEEN 7034095 AND 7034195
	Index Only Scan using sbtest8_pkey on sbtest8  (cost=0.43..6.29 rows=93 width=4)
	  Index Cond: ((id >= 7034095) AND (id <= 7034195))

for range-covered
table 1 : explain SELECT id FROM sbtest1 WHERE id BETWEEN 5511654 AND 5511754
	Index Only Scan using sbtest1_pkey on sbtest1  (cost=0.43..10.33 rows=95 width=4)
	  Index Cond: ((id >= 5511654) AND (id <= 5511754))

table 2 : explain SELECT id FROM sbtest2 WHERE id BETWEEN 5511654 AND 5511754
	Index Only Scan using sbtest2_pkey on sbtest2  (cost=0.43..6.47 rows=102 width=4)
	  Index Cond: ((id >= 5511654) AND (id <= 5511754))

table 3 : explain SELECT id FROM sbtest3 WHERE id BETWEEN 5511654 AND 5511754
	Index Only Scan using sbtest3_pkey on sbtest3  (cost=0.43..6.50 rows=103 width=4)
	  Index Cond: ((id >= 5511654) AND (id <= 5511754))

table 4 : explain SELECT id FROM sbtest4 WHERE id BETWEEN 5511654 AND 5511754
	Index Only Scan using sbtest4_pkey on sbtest4  (cost=0.43..10.47 rows=102 width=4)
	  Index Cond: ((id >= 5511654) AND (id <= 5511754))

table 5 : explain SELECT id FROM sbtest5 WHERE id BETWEEN 5511654 AND 5511754
	Index Only Scan using sbtest5_pkey on sbtest5  (cost=0.43..10.56 rows=106 width=4)
	  Index Cond: ((id >= 5511654) AND (id <= 5511754))

table 6 : explain SELECT id FROM sbtest6 WHERE id BETWEEN 5511654 AND 5511754
	Index Only Scan using sbtest6_pkey on sbtest6  (cost=0.43..6.47 rows=102 width=4)
	  Index Cond: ((id >= 5511654) AND (id <= 5511754))

table 7 : explain SELECT id FROM sbtest7 WHERE id BETWEEN 5511654 AND 5511754
	Index Only Scan using sbtest7_pkey on sbtest7  (cost=0.43..6.32 rows=94 width=4)
	  Index Cond: ((id >= 5511654) AND (id <= 5511754))

table 8 : explain SELECT id FROM sbtest8 WHERE id BETWEEN 5511654 AND 5511754
	Index Only Scan using sbtest8_pkey on sbtest8  (cost=0.43..6.45 rows=101 width=4)
	  Index Cond: ((id >= 5511654) AND (id <= 5511754))

explain: for range-covered :: explain SELECT id FROM sbtest%d WHERE id BETWEEN 7034095 AND 7034195
explain: for range-covered :: explain SELECT id FROM sbtest%d WHERE id BETWEEN 5511654 AND 5511754
for range-covered
table 1 : explain SELECT id FROM sbtest1 WHERE id BETWEEN 6330532 AND 6330632
	Index Only Scan using sbtest1_pkey on sbtest1  (cost=0.43..10.47 rows=102 width=4)
	  Index Cond: ((id >= 6330532) AND (id <= 6330632))

table 2 : explain SELECT id FROM sbtest2 WHERE id BETWEEN 6330532 AND 6330632
	Index Only Scan using sbtest2_pkey on sbtest2  (cost=0.43..6.35 rows=96 width=4)
	  Index Cond: ((id >= 6330532) AND (id <= 6330632))

table 3 : explain SELECT id FROM sbtest3 WHERE id BETWEEN 6330532 AND 6330632
	Index Only Scan using sbtest3_pkey on sbtest3  (cost=0.43..6.47 rows=102 width=4)
	  Index Cond: ((id >= 6330532) AND (id <= 6330632))

table 4 : explain SELECT id FROM sbtest4 WHERE id BETWEEN 6330532 AND 6330632
	Index Only Scan using sbtest4_pkey on sbtest4  (cost=0.43..10.32 rows=94 width=4)
	  Index Cond: ((id >= 6330532) AND (id <= 6330632))

table 5 : explain SELECT id FROM sbtest5 WHERE id BETWEEN 6330532 AND 6330632
	Index Only Scan using sbtest5_pkey on sbtest5  (cost=0.43..10.29 rows=93 width=4)
	  Index Cond: ((id >= 6330532) AND (id <= 6330632))

table 6 : explain SELECT id FROM sbtest6 WHERE id BETWEEN 6330532 AND 6330632
	Index Only Scan using sbtest6_pkey on sbtest6  (cost=0.43..6.56 rows=106 width=4)
	  Index Cond: ((id >= 6330532) AND (id <= 6330632))

table 7 : explain SELECT id FROM sbtest7 WHERE id BETWEEN 6330532 AND 6330632
	Index Only Scan using sbtest7_pkey on sbtest7  (cost=0.43..6.45 rows=101 width=4)
	  Index Cond: ((id >= 6330532) AND (id <= 6330632))

table 8 : explain SELECT id FROM sbtest8 WHERE id BETWEEN 6330532 AND 6330632
	Index Only Scan using sbtest8_pkey on sbtest8  (cost=0.43..6.53 rows=105 width=4)
	  Index Cond: ((id >= 6330532) AND (id <= 6330632))

explain: for range-covered :: explain SELECT id FROM sbtest%d WHERE id BETWEEN 6330532 AND 6330632
for range-covered
table 1 : explain SELECT id FROM sbtest1 WHERE id BETWEEN 7865977 AND 7866077
	Index Only Scan using sbtest1_pkey on sbtest1  (cost=0.43..10.47 rows=102 width=4)
	  Index Cond: ((id >= 7865977) AND (id <= 7866077))

table 2 : explain SELECT id FROM sbtest2 WHERE id BETWEEN 7865977 AND 7866077
	Index Only Scan using sbtest2_pkey on sbtest2  (cost=0.43..6.35 rows=96 width=4)
	  Index Cond: ((id >= 7865977) AND (id <= 7866077))

table 3 : explain SELECT id FROM sbtest3 WHERE id BETWEEN 7865977 AND 7866077
	Index Only Scan using sbtest3_pkey on sbtest3  (cost=0.43..6.59 rows=108 width=4)
	  Index Cond: ((id >= 7865977) AND (id <= 7866077))

table 4 : explain SELECT id FROM sbtest4 WHERE id BETWEEN 7865977 AND 7866077
	Index Only Scan using sbtest4_pkey on sbtest4  (cost=0.43..10.42 rows=99 width=4)
	  Index Cond: ((id >= 7865977) AND (id <= 7866077))

table 5 : explain SELECT id FROM sbtest5 WHERE id BETWEEN 7865977 AND 7866077
	Index Only Scan using sbtest5_pkey on sbtest5  (cost=0.43..10.44 rows=100 width=4)
	  Index Cond: ((id >= 7865977) AND (id <= 7866077))

table 6 : explain SELECT id FROM sbtest6 WHERE id BETWEEN 7865977 AND 7866077
	Index Only Scan using sbtest6_pkey on sbtest6  (cost=0.43..6.33 rows=95 width=4)
	  Index Cond: ((id >= 7865977) AND (id <= 7866077))

table 7 : explain SELECT id FROM sbtest7 WHERE id BETWEEN 7865977 AND 7866077
	Index Only Scan using sbtest7_pkey on sbtest7  (cost=0.43..6.50 rows=103 width=4)
	  Index Cond: ((id >= 7865977) AND (id <= 7866077))

table 8 : explain SELECT id FROM sbtest8 WHERE id BETWEEN 7865977 AND 7866077
	Index Only Scan using sbtest8_pkey on sbtest8  (cost=0.43..6.35 rows=96 width=4)
	  Index Cond: ((id >= 7865977) AND (id <= 7866077))

for range-covered
table 1 : explain SELECT id FROM sbtest1 WHERE id BETWEEN 7360840 AND 7360940
	Index Only Scan using sbtest1_pkey on sbtest1  (cost=0.43..10.68 rows=112 width=4)
	  Index Cond: ((id >= 7360840) AND (id <= 7360940))

table 2 : explain SELECT id FROM sbtest2 WHERE id BETWEEN 7360840 AND 7360940
	Index Only Scan using sbtest2_pkey on sbtest2  (cost=0.43..6.56 rows=106 width=4)
	  Index Cond: ((id >= 7360840) AND (id <= 7360940))

table 3 : explain SELECT id FROM sbtest3 WHERE id BETWEEN 7360840 AND 7360940
	Index Only Scan using sbtest3_pkey on sbtest3  (cost=0.43..6.35 rows=96 width=4)
	  Index Cond: ((id >= 7360840) AND (id <= 7360940))

table 4 : explain SELECT id FROM sbtest4 WHERE id BETWEEN 7360840 AND 7360940
	Index Only Scan using sbtest4_pkey on sbtest4  (cost=0.43..10.58 rows=107 width=4)
	  Index Cond: ((id >= 7360840) AND (id <= 7360940))

table 5 : explain SELECT id FROM sbtest5 WHERE id BETWEEN 7360840 AND 7360940
	Index Only Scan using sbtest5_pkey on sbtest5  (cost=0.43..10.51 rows=104 width=4)
	  Index Cond: ((id >= 7360840) AND (id <= 7360940))

table 6 : explain SELECT id FROM sbtest6 WHERE id BETWEEN 7360840 AND 7360940
	Index Only Scan using sbtest6_pkey on sbtest6  (cost=0.43..6.58 rows=107 width=4)
	  Index Cond: ((id >= 7360840) AND (id <= 7360940))

table 7 : explain SELECT id FROM sbtest7 WHERE id BETWEEN 7360840 AND 7360940
	Index Only Scan using sbtest7_pkey on sbtest7  (cost=0.43..6.32 rows=94 width=4)
	  Index Cond: ((id >= 7360840) AND (id <= 7360940))

table 8 : explain SELECT id FROM sbtest8 WHERE id BETWEEN 7360840 AND 7360940
	Index Only Scan using sbtest8_pkey on sbtest8  (cost=0.43..6.33 rows=95 width=4)
	  Index Cond: ((id >= 7360840) AND (id <= 7360940))

explain: for range-covered :: explain SELECT id FROM sbtest%d WHERE id BETWEEN 7865977 AND 7866077
explain: for range-covered :: explain SELECT id FROM sbtest%d WHERE id BETWEEN 7360840 AND 7360940
for range-covered
table 1 : explain SELECT id FROM sbtest1 WHERE id BETWEEN 7034095 AND 7034195
	Index Only Scan using sbtest1_pkey on sbtest1  (cost=0.43..10.28 rows=92 width=4)
	  Index Cond: ((id >= 7034095) AND (id <= 7034195))

table 2 : explain SELECT id FROM sbtest2 WHERE id BETWEEN 7034095 AND 7034195
	Index Only Scan using sbtest2_pkey on sbtest2  (cost=0.43..6.45 rows=101 width=4)
	  Index Cond: ((id >= 7034095) AND (id <= 7034195))

table 3 : explain SELECT id FROM sbtest3 WHERE id BETWEEN 7034095 AND 7034195
	Index Only Scan using sbtest3_pkey on sbtest3  (cost=0.43..6.47 rows=102 width=4)
	  Index Cond: ((id >= 7034095) AND (id <= 7034195))

table 4 : explain SELECT id FROM sbtest4 WHERE id BETWEEN 7034095 AND 7034195
	Index Only Scan using sbtest4_pkey on sbtest4  (cost=0.43..10.42 rows=99 width=4)
	  Index Cond: ((id >= 7034095) AND (id <= 7034195))

table 5 : explain SELECT id FROM sbtest5 WHERE id BETWEEN 7034095 AND 7034195
	Index Only Scan using sbtest5_pkey on sbtest5  (cost=0.43..10.32 rows=94 width=4)
	  Index Cond: ((id >= 7034095) AND (id <= 7034195))

table 6 : explain SELECT id FROM sbtest6 WHERE id BETWEEN 7034095 AND 7034195
	Index Only Scan using sbtest6_pkey on sbtest6  (cost=0.43..6.50 rows=103 width=4)
	  Index Cond: ((id >= 7034095) AND (id <= 7034195))

table 7 : explain SELECT id FROM sbtest7 WHERE id BETWEEN 7034095 AND 7034195
	Index Only Scan using sbtest7_pkey on sbtest7  (cost=0.43..6.58 rows=107 width=4)
	  Index Cond: ((id >= 7034095) AND (id <= 7034195))

table 8 : explain SELECT id FROM sbtest8 WHERE id BETWEEN 7034095 AND 7034195
	Index Only Scan using sbtest8_pkey on sbtest8  (cost=0.43..6.29 rows=93 width=4)
	  Index Cond: ((id >= 7034095) AND (id <= 7034195))

for range-covered
table 1 : explain SELECT id FROM sbtest1 WHERE id BETWEEN 5511654 AND 5511754
	Index Only Scan using sbtest1_pkey on sbtest1  (cost=0.43..10.33 rows=95 width=4)
	  Index Cond: ((id >= 5511654) AND (id <= 5511754))

table 2 : explain SELECT id FROM sbtest2 WHERE id BETWEEN 5511654 AND 5511754
	Index Only Scan using sbtest2_pkey on sbtest2  (cost=0.43..6.47 rows=102 width=4)
	  Index Cond: ((id >= 5511654) AND (id <= 5511754))

table 3 : explain SELECT id FROM sbtest3 WHERE id BETWEEN 5511654 AND 5511754
	Index Only Scan using sbtest3_pkey on sbtest3  (cost=0.43..6.50 rows=103 width=4)
	  Index Cond: ((id >= 5511654) AND (id <= 5511754))

table 4 : explain SELECT id FROM sbtest4 WHERE id BETWEEN 5511654 AND 5511754
	Index Only Scan using sbtest4_pkey on sbtest4  (cost=0.43..10.47 rows=102 width=4)
	  Index Cond: ((id >= 5511654) AND (id <= 5511754))

table 5 : explain SELECT id FROM sbtest5 WHERE id BETWEEN 5511654 AND 5511754
	Index Only Scan using sbtest5_pkey on sbtest5  (cost=0.43..10.56 rows=106 width=4)
	  Index Cond: ((id >= 5511654) AND (id <= 5511754))

table 6 : explain SELECT id FROM sbtest6 WHERE id BETWEEN 5511654 AND 5511754
	Index Only Scan using sbtest6_pkey on sbtest6  (cost=0.43..6.47 rows=102 width=4)
	  Index Cond: ((id >= 5511654) AND (id <= 5511754))

table 7 : explain SELECT id FROM sbtest7 WHERE id BETWEEN 5511654 AND 5511754
	Index Only Scan using sbtest7_pkey on sbtest7  (cost=0.43..6.32 rows=94 width=4)
	  Index Cond: ((id >= 5511654) AND (id <= 5511754))

table 8 : explain SELECT id FROM sbtest8 WHERE id BETWEEN 5511654 AND 5511754
	Index Only Scan using sbtest8_pkey on sbtest8  (cost=0.43..6.45 rows=101 width=4)
	  Index Cond: ((id >= 5511654) AND (id <= 5511754))

explain: for range-covered :: explain SELECT id FROM sbtest%d WHERE id BETWEEN 7034095 AND 7034195
explain: for range-covered :: explain SELECT id FROM sbtest%d WHERE id BETWEEN 5511654 AND 5511754
for range-covered
table 1 : explain SELECT id FROM sbtest1 WHERE id BETWEEN 6330532 AND 6330632
	Index Only Scan using sbtest1_pkey on sbtest1  (cost=0.43..10.47 rows=102 width=4)
	  Index Cond: ((id >= 6330532) AND (id <= 6330632))

table 2 : explain SELECT id FROM sbtest2 WHERE id BETWEEN 6330532 AND 6330632
	Index Only Scan using sbtest2_pkey on sbtest2  (cost=0.43..6.35 rows=96 width=4)
	  Index Cond: ((id >= 6330532) AND (id <= 6330632))

table 3 : explain SELECT id FROM sbtest3 WHERE id BETWEEN 6330532 AND 6330632
	Index Only Scan using sbtest3_pkey on sbtest3  (cost=0.43..6.47 rows=102 width=4)
	  Index Cond: ((id >= 6330532) AND (id <= 6330632))

table 4 : explain SELECT id FROM sbtest4 WHERE id BETWEEN 6330532 AND 6330632
	Index Only Scan using sbtest4_pkey on sbtest4  (cost=0.43..10.32 rows=94 width=4)
	  Index Cond: ((id >= 6330532) AND (id <= 6330632))

table 5 : explain SELECT id FROM sbtest5 WHERE id BETWEEN 6330532 AND 6330632
	Index Only Scan using sbtest5_pkey on sbtest5  (cost=0.43..10.29 rows=93 width=4)
	  Index Cond: ((id >= 6330532) AND (id <= 6330632))

table 6 : explain SELECT id FROM sbtest6 WHERE id BETWEEN 6330532 AND 6330632
	Index Only Scan using sbtest6_pkey on sbtest6  (cost=0.43..6.56 rows=106 width=4)
	  Index Cond: ((id >= 6330532) AND (id <= 6330632))

table 7 : explain SELECT id FROM sbtest7 WHERE id BETWEEN 6330532 AND 6330632
	Index Only Scan using sbtest7_pkey on sbtest7  (cost=0.43..6.45 rows=101 width=4)
	  Index Cond: ((id >= 6330532) AND (id <= 6330632))

table 8 : explain SELECT id FROM sbtest8 WHERE id BETWEEN 6330532 AND 6330632
	Index Only Scan using sbtest8_pkey on sbtest8  (cost=0.43..6.53 rows=105 width=4)
	  Index Cond: ((id >= 6330532) AND (id <= 6330632))

explain: for range-covered :: explain SELECT id FROM sbtest%d WHERE id BETWEEN 2552651 AND 2552751
for range-covered
table 1 : explain SELECT id FROM sbtest1 WHERE id BETWEEN 7865977 AND 7866077
	Index Only Scan using sbtest1_pkey on sbtest1  (cost=0.43..10.47 rows=102 width=4)
	  Index Cond: ((id >= 7865977) AND (id <= 7866077))

table 2 : explain SELECT id FROM sbtest2 WHERE id BETWEEN 7865977 AND 7866077
	Index Only Scan using sbtest2_pkey on sbtest2  (cost=0.43..6.35 rows=96 width=4)
	  Index Cond: ((id >= 7865977) AND (id <= 7866077))

table 3 : explain SELECT id FROM sbtest3 WHERE id BETWEEN 7865977 AND 7866077
	Index Only Scan using sbtest3_pkey on sbtest3  (cost=0.43..6.59 rows=108 width=4)
	  Index Cond: ((id >= 7865977) AND (id <= 7866077))

table 4 : explain SELECT id FROM sbtest4 WHERE id BETWEEN 7865977 AND 7866077
	Index Only Scan using sbtest4_pkey on sbtest4  (cost=0.43..10.42 rows=99 width=4)
	  Index Cond: ((id >= 7865977) AND (id <= 7866077))

table 5 : explain SELECT id FROM sbtest5 WHERE id BETWEEN 7865977 AND 7866077
	Index Only Scan using sbtest5_pkey on sbtest5  (cost=0.43..10.44 rows=100 width=4)
	  Index Cond: ((id >= 7865977) AND (id <= 7866077))

table 6 : explain SELECT id FROM sbtest6 WHERE id BETWEEN 7865977 AND 7866077
	Index Only Scan using sbtest6_pkey on sbtest6  (cost=0.43..6.33 rows=95 width=4)
	  Index Cond: ((id >= 7865977) AND (id <= 7866077))

table 7 : explain SELECT id FROM sbtest7 WHERE id BETWEEN 7865977 AND 7866077
	Index Only Scan using sbtest7_pkey on sbtest7  (cost=0.43..6.50 rows=103 width=4)
	  Index Cond: ((id >= 7865977) AND (id <= 7866077))

table 8 : explain SELECT id FROM sbtest8 WHERE id BETWEEN 7865977 AND 7866077
	Index Only Scan using sbtest8_pkey on sbtest8  (cost=0.43..6.35 rows=96 width=4)
	  Index Cond: ((id >= 7865977) AND (id <= 7866077))

for range-covered
table 1 : explain SELECT id FROM sbtest1 WHERE id BETWEEN 7360840 AND 7360940
	Index Only Scan using sbtest1_pkey on sbtest1  (cost=0.43..10.68 rows=112 width=4)
	  Index Cond: ((id >= 7360840) AND (id <= 7360940))

table 2 : explain SELECT id FROM sbtest2 WHERE id BETWEEN 7360840 AND 7360940
	Index Only Scan using sbtest2_pkey on sbtest2  (cost=0.43..6.56 rows=106 width=4)
	  Index Cond: ((id >= 7360840) AND (id <= 7360940))

table 3 : explain SELECT id FROM sbtest3 WHERE id BETWEEN 7360840 AND 7360940
	Index Only Scan using sbtest3_pkey on sbtest3  (cost=0.43..6.35 rows=96 width=4)
	  Index Cond: ((id >= 7360840) AND (id <= 7360940))

table 4 : explain SELECT id FROM sbtest4 WHERE id BETWEEN 7360840 AND 7360940
	Index Only Scan using sbtest4_pkey on sbtest4  (cost=0.43..10.58 rows=107 width=4)
	  Index Cond: ((id >= 7360840) AND (id <= 7360940))

table 5 : explain SELECT id FROM sbtest5 WHERE id BETWEEN 7360840 AND 7360940
	Index Only Scan using sbtest5_pkey on sbtest5  (cost=0.43..10.51 rows=104 width=4)
	  Index Cond: ((id >= 7360840) AND (id <= 7360940))

table 6 : explain SELECT id FROM sbtest6 WHERE id BETWEEN 7360840 AND 7360940
	Index Only Scan using sbtest6_pkey on sbtest6  (cost=0.43..6.58 rows=107 width=4)
	  Index Cond: ((id >= 7360840) AND (id <= 7360940))

table 7 : explain SELECT id FROM sbtest7 WHERE id BETWEEN 7360840 AND 7360940
	Index Only Scan using sbtest7_pkey on sbtest7  (cost=0.43..6.32 rows=94 width=4)
	  Index Cond: ((id >= 7360840) AND (id <= 7360940))

table 8 : explain SELECT id FROM sbtest8 WHERE id BETWEEN 7360840 AND 7360940
	Index Only Scan using sbtest8_pkey on sbtest8  (cost=0.43..6.33 rows=95 width=4)
	  Index Cond: ((id >= 7360840) AND (id <= 7360940))

explain: for range-covered :: explain SELECT id FROM sbtest%d WHERE id BETWEEN 7360840 AND 7360940
explain: for range-covered :: explain SELECT id FROM sbtest%d WHERE id BETWEEN 7865977 AND 7866077
for range-covered
table 1 : explain SELECT id FROM sbtest1 WHERE id BETWEEN 5511654 AND 5511754
	Index Only Scan using sbtest1_pkey on sbtest1  (cost=0.43..10.33 rows=95 width=4)
	  Index Cond: ((id >= 5511654) AND (id <= 5511754))

table 2 : explain SELECT id FROM sbtest2 WHERE id BETWEEN 5511654 AND 5511754
	Index Only Scan using sbtest2_pkey on sbtest2  (cost=0.43..6.47 rows=102 width=4)
	  Index Cond: ((id >= 5511654) AND (id <= 5511754))

table 3 : explain SELECT id FROM sbtest3 WHERE id BETWEEN 5511654 AND 5511754
	Index Only Scan using sbtest3_pkey on sbtest3  (cost=0.43..6.50 rows=103 width=4)
	  Index Cond: ((id >= 5511654) AND (id <= 5511754))

table 4 : explain SELECT id FROM sbtest4 WHERE id BETWEEN 5511654 AND 5511754
	Index Only Scan using sbtest4_pkey on sbtest4  (cost=0.43..10.47 rows=102 width=4)
	  Index Cond: ((id >= 5511654) AND (id <= 5511754))

table 5 : explain SELECT id FROM sbtest5 WHERE id BETWEEN 5511654 AND 5511754
	Index Only Scan using sbtest5_pkey on sbtest5  (cost=0.43..10.56 rows=106 width=4)
	  Index Cond: ((id >= 5511654) AND (id <= 5511754))

table 6 : explain SELECT id FROM sbtest6 WHERE id BETWEEN 5511654 AND 5511754
	Index Only Scan using sbtest6_pkey on sbtest6  (cost=0.43..6.47 rows=102 width=4)
	  Index Cond: ((id >= 5511654) AND (id <= 5511754))

table 7 : explain SELECT id FROM sbtest7 WHERE id BETWEEN 5511654 AND 5511754
	Index Only Scan using sbtest7_pkey on sbtest7  (cost=0.43..6.32 rows=94 width=4)
	  Index Cond: ((id >= 5511654) AND (id <= 5511754))

table 8 : explain SELECT id FROM sbtest8 WHERE id BETWEEN 5511654 AND 5511754
	Index Only Scan using sbtest8_pkey on sbtest8  (cost=0.43..6.45 rows=101 width=4)
	  Index Cond: ((id >= 5511654) AND (id <= 5511754))

for range-covered
table 1 : explain SELECT id FROM sbtest1 WHERE id BETWEEN 7034095 AND 7034195
	Index Only Scan using sbtest1_pkey on sbtest1  (cost=0.43..10.28 rows=92 width=4)
	  Index Cond: ((id >= 7034095) AND (id <= 7034195))

table 2 : explain SELECT id FROM sbtest2 WHERE id BETWEEN 7034095 AND 7034195
	Index Only Scan using sbtest2_pkey on sbtest2  (cost=0.43..6.45 rows=101 width=4)
	  Index Cond: ((id >= 7034095) AND (id <= 7034195))

table 3 : explain SELECT id FROM sbtest3 WHERE id BETWEEN 7034095 AND 7034195
	Index Only Scan using sbtest3_pkey on sbtest3  (cost=0.43..6.47 rows=102 width=4)
	  Index Cond: ((id >= 7034095) AND (id <= 7034195))

table 4 : explain SELECT id FROM sbtest4 WHERE id BETWEEN 7034095 AND 7034195
	Index Only Scan using sbtest4_pkey on sbtest4  (cost=0.43..10.42 rows=99 width=4)
	  Index Cond: ((id >= 7034095) AND (id <= 7034195))

table 5 : explain SELECT id FROM sbtest5 WHERE id BETWEEN 7034095 AND 7034195
	Index Only Scan using sbtest5_pkey on sbtest5  (cost=0.43..10.32 rows=94 width=4)
	  Index Cond: ((id >= 7034095) AND (id <= 7034195))

table 6 : explain SELECT id FROM sbtest6 WHERE id BETWEEN 7034095 AND 7034195
	Index Only Scan using sbtest6_pkey on sbtest6  (cost=0.43..6.50 rows=103 width=4)
	  Index Cond: ((id >= 7034095) AND (id <= 7034195))

table 7 : explain SELECT id FROM sbtest7 WHERE id BETWEEN 7034095 AND 7034195
	Index Only Scan using sbtest7_pkey on sbtest7  (cost=0.43..6.58 rows=107 width=4)
	  Index Cond: ((id >= 7034095) AND (id <= 7034195))

table 8 : explain SELECT id FROM sbtest8 WHERE id BETWEEN 7034095 AND 7034195
	Index Only Scan using sbtest8_pkey on sbtest8  (cost=0.43..6.29 rows=93 width=4)
	  Index Cond: ((id >= 7034095) AND (id <= 7034195))

explain: for range-covered :: explain SELECT id FROM sbtest%d WHERE id BETWEEN 5511654 AND 5511754
explain: for range-covered :: explain SELECT id FROM sbtest%d WHERE id BETWEEN 7034095 AND 7034195
for range-covered
table 1 : explain SELECT id FROM sbtest1 WHERE id BETWEEN 7360840 AND 7360940
	Index Only Scan using sbtest1_pkey on sbtest1  (cost=0.43..10.68 rows=112 width=4)
	  Index Cond: ((id >= 7360840) AND (id <= 7360940))

table 2 : explain SELECT id FROM sbtest2 WHERE id BETWEEN 7360840 AND 7360940
	Index Only Scan using sbtest2_pkey on sbtest2  (cost=0.43..6.56 rows=106 width=4)
	  Index Cond: ((id >= 7360840) AND (id <= 7360940))

table 3 : explain SELECT id FROM sbtest3 WHERE id BETWEEN 7360840 AND 7360940
	Index Only Scan using sbtest3_pkey on sbtest3  (cost=0.43..6.35 rows=96 width=4)
	  Index Cond: ((id >= 7360840) AND (id <= 7360940))

table 4 : explain SELECT id FROM sbtest4 WHERE id BETWEEN 7360840 AND 7360940
	Index Only Scan using sbtest4_pkey on sbtest4  (cost=0.43..10.58 rows=107 width=4)
	  Index Cond: ((id >= 7360840) AND (id <= 7360940))

table 5 : explain SELECT id FROM sbtest5 WHERE id BETWEEN 7360840 AND 7360940
	Index Only Scan using sbtest5_pkey on sbtest5  (cost=0.43..10.51 rows=104 width=4)
	  Index Cond: ((id >= 7360840) AND (id <= 7360940))

table 6 : explain SELECT id FROM sbtest6 WHERE id BETWEEN 7360840 AND 7360940
	Index Only Scan using sbtest6_pkey on sbtest6  (cost=0.43..6.58 rows=107 width=4)
	  Index Cond: ((id >= 7360840) AND (id <= 7360940))

table 7 : explain SELECT id FROM sbtest7 WHERE id BETWEEN 7360840 AND 7360940
	Index Only Scan using sbtest7_pkey on sbtest7  (cost=0.43..6.32 rows=94 width=4)
	  Index Cond: ((id >= 7360840) AND (id <= 7360940))

table 8 : explain SELECT id FROM sbtest8 WHERE id BETWEEN 7360840 AND 7360940
	Index Only Scan using sbtest8_pkey on sbtest8  (cost=0.43..6.33 rows=95 width=4)
	  Index Cond: ((id >= 7360840) AND (id <= 7360940))

explain: for range-covered :: explain SELECT id FROM sbtest%d WHERE id BETWEEN 6122442 AND 6122542
explain: for range-covered :: explain SELECT id FROM sbtest%d WHERE id BETWEEN 7406837 AND 7406937
for range-covered
table 1 : explain SELECT id FROM sbtest1 WHERE id BETWEEN 7865977 AND 7866077
	Index Only Scan using sbtest1_pkey on sbtest1  (cost=0.43..10.47 rows=102 width=4)
	  Index Cond: ((id >= 7865977) AND (id <= 7866077))

table 2 : explain SELECT id FROM sbtest2 WHERE id BETWEEN 7865977 AND 7866077
	Index Only Scan using sbtest2_pkey on sbtest2  (cost=0.43..6.35 rows=96 width=4)
	  Index Cond: ((id >= 7865977) AND (id <= 7866077))

table 3 : explain SELECT id FROM sbtest3 WHERE id BETWEEN 7865977 AND 7866077
	Index Only Scan using sbtest3_pkey on sbtest3  (cost=0.43..6.59 rows=108 width=4)
	  Index Cond: ((id >= 7865977) AND (id <= 7866077))

table 4 : explain SELECT id FROM sbtest4 WHERE id BETWEEN 7865977 AND 7866077
	Index Only Scan using sbtest4_pkey on sbtest4  (cost=0.43..10.42 rows=99 width=4)
	  Index Cond: ((id >= 7865977) AND (id <= 7866077))

table 5 : explain SELECT id FROM sbtest5 WHERE id BETWEEN 7865977 AND 7866077
	Index Only Scan using sbtest5_pkey on sbtest5  (cost=0.43..10.44 rows=100 width=4)
	  Index Cond: ((id >= 7865977) AND (id <= 7866077))

table 6 : explain SELECT id FROM sbtest6 WHERE id BETWEEN 7865977 AND 7866077
	Index Only Scan using sbtest6_pkey on sbtest6  (cost=0.43..6.33 rows=95 width=4)
	  Index Cond: ((id >= 7865977) AND (id <= 7866077))

table 7 : explain SELECT id FROM sbtest7 WHERE id BETWEEN 7865977 AND 7866077
	Index Only Scan using sbtest7_pkey on sbtest7  (cost=0.43..6.50 rows=103 width=4)
	  Index Cond: ((id >= 7865977) AND (id <= 7866077))

table 8 : explain SELECT id FROM sbtest8 WHERE id BETWEEN 7865977 AND 7866077
	Index Only Scan using sbtest8_pkey on sbtest8  (cost=0.43..6.35 rows=96 width=4)
	  Index Cond: ((id >= 7865977) AND (id <= 7866077))

for range-covered
table 1 : explain SELECT id FROM sbtest1 WHERE id BETWEEN 7034095 AND 7034195
	Index Only Scan using sbtest1_pkey on sbtest1  (cost=0.43..10.28 rows=92 width=4)
	  Index Cond: ((id >= 7034095) AND (id <= 7034195))

table 2 : explain SELECT id FROM sbtest2 WHERE id BETWEEN 7034095 AND 7034195
	Index Only Scan using sbtest2_pkey on sbtest2  (cost=0.43..6.45 rows=101 width=4)
	  Index Cond: ((id >= 7034095) AND (id <= 7034195))

table 3 : explain SELECT id FROM sbtest3 WHERE id BETWEEN 7034095 AND 7034195
	Index Only Scan using sbtest3_pkey on sbtest3  (cost=0.43..6.47 rows=102 width=4)
	  Index Cond: ((id >= 7034095) AND (id <= 7034195))

table 4 : explain SELECT id FROM sbtest4 WHERE id BETWEEN 7034095 AND 7034195
	Index Only Scan using sbtest4_pkey on sbtest4  (cost=0.43..10.42 rows=99 width=4)
	  Index Cond: ((id >= 7034095) AND (id <= 7034195))

table 5 : explain SELECT id FROM sbtest5 WHERE id BETWEEN 7034095 AND 7034195
	Index Only Scan using sbtest5_pkey on sbtest5  (cost=0.43..10.32 rows=94 width=4)
	  Index Cond: ((id >= 7034095) AND (id <= 7034195))

table 6 : explain SELECT id FROM sbtest6 WHERE id BETWEEN 7034095 AND 7034195
	Index Only Scan using sbtest6_pkey on sbtest6  (cost=0.43..6.50 rows=103 width=4)
	  Index Cond: ((id >= 7034095) AND (id <= 7034195))

table 7 : explain SELECT id FROM sbtest7 WHERE id BETWEEN 7034095 AND 7034195
	Index Only Scan using sbtest7_pkey on sbtest7  (cost=0.43..6.58 rows=107 width=4)
	  Index Cond: ((id >= 7034095) AND (id <= 7034195))

table 8 : explain SELECT id FROM sbtest8 WHERE id BETWEEN 7034095 AND 7034195
	Index Only Scan using sbtest8_pkey on sbtest8  (cost=0.43..6.29 rows=93 width=4)
	  Index Cond: ((id >= 7034095) AND (id <= 7034195))

for range-covered
table 1 : explain SELECT id FROM sbtest1 WHERE id BETWEEN 5511654 AND 5511754
	Index Only Scan using sbtest1_pkey on sbtest1  (cost=0.43..10.33 rows=95 width=4)
	  Index Cond: ((id >= 5511654) AND (id <= 5511754))

table 2 : explain SELECT id FROM sbtest2 WHERE id BETWEEN 5511654 AND 5511754
	Index Only Scan using sbtest2_pkey on sbtest2  (cost=0.43..6.47 rows=102 width=4)
	  Index Cond: ((id >= 5511654) AND (id <= 5511754))

table 3 : explain SELECT id FROM sbtest3 WHERE id BETWEEN 5511654 AND 5511754
	Index Only Scan using sbtest3_pkey on sbtest3  (cost=0.43..6.50 rows=103 width=4)
	  Index Cond: ((id >= 5511654) AND (id <= 5511754))

table 4 : explain SELECT id FROM sbtest4 WHERE id BETWEEN 5511654 AND 5511754
	Index Only Scan using sbtest4_pkey on sbtest4  (cost=0.43..10.47 rows=102 width=4)
	  Index Cond: ((id >= 5511654) AND (id <= 5511754))

table 5 : explain SELECT id FROM sbtest5 WHERE id BETWEEN 5511654 AND 5511754
	Index Only Scan using sbtest5_pkey on sbtest5  (cost=0.43..10.56 rows=106 width=4)
	  Index Cond: ((id >= 5511654) AND (id <= 5511754))

table 6 : explain SELECT id FROM sbtest6 WHERE id BETWEEN 5511654 AND 5511754
	Index Only Scan using sbtest6_pkey on sbtest6  (cost=0.43..6.47 rows=102 width=4)
	  Index Cond: ((id >= 5511654) AND (id <= 5511754))

table 7 : explain SELECT id FROM sbtest7 WHERE id BETWEEN 5511654 AND 5511754
	Index Only Scan using sbtest7_pkey on sbtest7  (cost=0.43..6.32 rows=94 width=4)
	  Index Cond: ((id >= 5511654) AND (id <= 5511754))

table 8 : explain SELECT id FROM sbtest8 WHERE id BETWEEN 5511654 AND 5511754
	Index Only Scan using sbtest8_pkey on sbtest8  (cost=0.43..6.45 rows=101 width=4)
	  Index Cond: ((id >= 5511654) AND (id <= 5511754))

explain: for range-covered :: explain SELECT id FROM sbtest%d WHERE id BETWEEN 724687 AND 724787
explain: for range-covered :: explain SELECT id FROM sbtest%d WHERE id BETWEEN 7034095 AND 7034195
explain: for range-covered :: explain SELECT id FROM sbtest%d WHERE id BETWEEN 7865977 AND 7866077
explain: for range-covered :: explain SELECT id FROM sbtest%d WHERE id BETWEEN 5511654 AND 5511754
for range-covered
table 1 : explain SELECT id FROM sbtest1 WHERE id BETWEEN 7034095 AND 7034195
	Index Only Scan using sbtest1_pkey on sbtest1  (cost=0.43..10.28 rows=92 width=4)
	  Index Cond: ((id >= 7034095) AND (id <= 7034195))

table 2 : explain SELECT id FROM sbtest2 WHERE id BETWEEN 7034095 AND 7034195
	Index Only Scan using sbtest2_pkey on sbtest2  (cost=0.43..6.45 rows=101 width=4)
	  Index Cond: ((id >= 7034095) AND (id <= 7034195))

table 3 : explain SELECT id FROM sbtest3 WHERE id BETWEEN 7034095 AND 7034195
	Index Only Scan using sbtest3_pkey on sbtest3  (cost=0.43..6.47 rows=102 width=4)
	  Index Cond: ((id >= 7034095) AND (id <= 7034195))

table 4 : explain SELECT id FROM sbtest4 WHERE id BETWEEN 7034095 AND 7034195
	Index Only Scan using sbtest4_pkey on sbtest4  (cost=0.43..10.42 rows=99 width=4)
	  Index Cond: ((id >= 7034095) AND (id <= 7034195))

table 5 : explain SELECT id FROM sbtest5 WHERE id BETWEEN 7034095 AND 7034195
	Index Only Scan using sbtest5_pkey on sbtest5  (cost=0.43..10.32 rows=94 width=4)
	  Index Cond: ((id >= 7034095) AND (id <= 7034195))

table 6 : explain SELECT id FROM sbtest6 WHERE id BETWEEN 7034095 AND 7034195
	Index Only Scan using sbtest6_pkey on sbtest6  (cost=0.43..6.50 rows=103 width=4)
	  Index Cond: ((id >= 7034095) AND (id <= 7034195))

table 7 : explain SELECT id FROM sbtest7 WHERE id BETWEEN 7034095 AND 7034195
	Index Only Scan using sbtest7_pkey on sbtest7  (cost=0.43..6.58 rows=107 width=4)
	  Index Cond: ((id >= 7034095) AND (id <= 7034195))

table 8 : explain SELECT id FROM sbtest8 WHERE id BETWEEN 7034095 AND 7034195
	Index Only Scan using sbtest8_pkey on sbtest8  (cost=0.43..6.29 rows=93 width=4)
	  Index Cond: ((id >= 7034095) AND (id <= 7034195))

for range-covered
table 1 : explain SELECT id FROM sbtest1 WHERE id BETWEEN 7865977 AND 7866077
	Index Only Scan using sbtest1_pkey on sbtest1  (cost=0.43..10.47 rows=102 width=4)
	  Index Cond: ((id >= 7865977) AND (id <= 7866077))

table 2 : explain SELECT id FROM sbtest2 WHERE id BETWEEN 7865977 AND 7866077
	Index Only Scan using sbtest2_pkey on sbtest2  (cost=0.43..6.35 rows=96 width=4)
	  Index Cond: ((id >= 7865977) AND (id <= 7866077))

table 3 : explain SELECT id FROM sbtest3 WHERE id BETWEEN 7865977 AND 7866077
	Index Only Scan using sbtest3_pkey on sbtest3  (cost=0.43..6.59 rows=108 width=4)
	  Index Cond: ((id >= 7865977) AND (id <= 7866077))

table 4 : explain SELECT id FROM sbtest4 WHERE id BETWEEN 7865977 AND 7866077
	Index Only Scan using sbtest4_pkey on sbtest4  (cost=0.43..10.42 rows=99 width=4)
	  Index Cond: ((id >= 7865977) AND (id <= 7866077))

table 5 : explain SELECT id FROM sbtest5 WHERE id BETWEEN 7865977 AND 7866077
	Index Only Scan using sbtest5_pkey on sbtest5  (cost=0.43..10.44 rows=100 width=4)
	  Index Cond: ((id >= 7865977) AND (id <= 7866077))

table 6 : explain SELECT id FROM sbtest6 WHERE id BETWEEN 7865977 AND 7866077
	Index Only Scan using sbtest6_pkey on sbtest6  (cost=0.43..6.33 rows=95 width=4)
	  Index Cond: ((id >= 7865977) AND (id <= 7866077))

table 7 : explain SELECT id FROM sbtest7 WHERE id BETWEEN 7865977 AND 7866077
	Index Only Scan using sbtest7_pkey on sbtest7  (cost=0.43..6.50 rows=103 width=4)
	  Index Cond: ((id >= 7865977) AND (id <= 7866077))

table 8 : explain SELECT id FROM sbtest8 WHERE id BETWEEN 7865977 AND 7866077
	Index Only Scan using sbtest8_pkey on sbtest8  (cost=0.43..6.35 rows=96 width=4)
	  Index Cond: ((id >= 7865977) AND (id <= 7866077))

explain: for range-covered :: explain SELECT id FROM sbtest%d WHERE id BETWEEN 7034095 AND 7034195
explain: for range-covered :: explain SELECT id FROM sbtest%d WHERE id BETWEEN 7865977 AND 7866077
for range-covered
table 1 : explain SELECT id FROM sbtest1 WHERE id BETWEEN 7034095 AND 7034195
	Index Only Scan using sbtest1_pkey on sbtest1  (cost=0.43..10.28 rows=92 width=4)
	  Index Cond: ((id >= 7034095) AND (id <= 7034195))

table 2 : explain SELECT id FROM sbtest2 WHERE id BETWEEN 7034095 AND 7034195
	Index Only Scan using sbtest2_pkey on sbtest2  (cost=0.43..6.45 rows=101 width=4)
	  Index Cond: ((id >= 7034095) AND (id <= 7034195))

table 3 : explain SELECT id FROM sbtest3 WHERE id BETWEEN 7034095 AND 7034195
	Index Only Scan using sbtest3_pkey on sbtest3  (cost=0.43..6.47 rows=102 width=4)
	  Index Cond: ((id >= 7034095) AND (id <= 7034195))

table 4 : explain SELECT id FROM sbtest4 WHERE id BETWEEN 7034095 AND 7034195
	Index Only Scan using sbtest4_pkey on sbtest4  (cost=0.43..10.42 rows=99 width=4)
	  Index Cond: ((id >= 7034095) AND (id <= 7034195))

table 5 : explain SELECT id FROM sbtest5 WHERE id BETWEEN 7034095 AND 7034195
	Index Only Scan using sbtest5_pkey on sbtest5  (cost=0.43..10.32 rows=94 width=4)
	  Index Cond: ((id >= 7034095) AND (id <= 7034195))

table 6 : explain SELECT id FROM sbtest6 WHERE id BETWEEN 7034095 AND 7034195
	Index Only Scan using sbtest6_pkey on sbtest6  (cost=0.43..6.50 rows=103 width=4)
	  Index Cond: ((id >= 7034095) AND (id <= 7034195))

table 7 : explain SELECT id FROM sbtest7 WHERE id BETWEEN 7034095 AND 7034195
	Index Only Scan using sbtest7_pkey on sbtest7  (cost=0.43..6.58 rows=107 width=4)
	  Index Cond: ((id >= 7034095) AND (id <= 7034195))

table 8 : explain SELECT id FROM sbtest8 WHERE id BETWEEN 7034095 AND 7034195
	Index Only Scan using sbtest8_pkey on sbtest8  (cost=0.43..6.29 rows=93 width=4)
	  Index Cond: ((id >= 7034095) AND (id <= 7034195))

for range-covered
table 1 : explain SELECT id FROM sbtest1 WHERE id BETWEEN 5511654 AND 5511754
	Index Only Scan using sbtest1_pkey on sbtest1  (cost=0.43..10.33 rows=95 width=4)
	  Index Cond: ((id >= 5511654) AND (id <= 5511754))

table 2 : explain SELECT id FROM sbtest2 WHERE id BETWEEN 5511654 AND 5511754
	Index Only Scan using sbtest2_pkey on sbtest2  (cost=0.43..6.47 rows=102 width=4)
	  Index Cond: ((id >= 5511654) AND (id <= 5511754))

table 3 : explain SELECT id FROM sbtest3 WHERE id BETWEEN 5511654 AND 5511754
	Index Only Scan using sbtest3_pkey on sbtest3  (cost=0.43..6.50 rows=103 width=4)
	  Index Cond: ((id >= 5511654) AND (id <= 5511754))

table 4 : explain SELECT id FROM sbtest4 WHERE id BETWEEN 5511654 AND 5511754
	Index Only Scan using sbtest4_pkey on sbtest4  (cost=0.43..10.47 rows=102 width=4)
	  Index Cond: ((id >= 5511654) AND (id <= 5511754))

table 5 : explain SELECT id FROM sbtest5 WHERE id BETWEEN 5511654 AND 5511754
	Index Only Scan using sbtest5_pkey on sbtest5  (cost=0.43..10.56 rows=106 width=4)
	  Index Cond: ((id >= 5511654) AND (id <= 5511754))

table 6 : explain SELECT id FROM sbtest6 WHERE id BETWEEN 5511654 AND 5511754
	Index Only Scan using sbtest6_pkey on sbtest6  (cost=0.43..6.47 rows=102 width=4)
	  Index Cond: ((id >= 5511654) AND (id <= 5511754))

table 7 : explain SELECT id FROM sbtest7 WHERE id BETWEEN 5511654 AND 5511754
	Index Only Scan using sbtest7_pkey on sbtest7  (cost=0.43..6.32 rows=94 width=4)
	  Index Cond: ((id >= 5511654) AND (id <= 5511754))

table 8 : explain SELECT id FROM sbtest8 WHERE id BETWEEN 5511654 AND 5511754
	Index Only Scan using sbtest8_pkey on sbtest8  (cost=0.43..6.45 rows=101 width=4)
	  Index Cond: ((id >= 5511654) AND (id <= 5511754))

explain: for range-covered :: explain SELECT id FROM sbtest%d WHERE id BETWEEN 7034095 AND 7034195
explain: for range-covered :: explain SELECT id FROM sbtest%d WHERE id BETWEEN 5511654 AND 5511754
for range-covered
table 1 : explain SELECT id FROM sbtest1 WHERE id BETWEEN 6122442 AND 6122542
	Index Only Scan using sbtest1_pkey on sbtest1  (cost=0.43..10.32 rows=94 width=4)
	  Index Cond: ((id >= 6122442) AND (id <= 6122542))

table 2 : explain SELECT id FROM sbtest2 WHERE id BETWEEN 6122442 AND 6122542
	Index Only Scan using sbtest2_pkey on sbtest2  (cost=0.43..6.51 rows=104 width=4)
	  Index Cond: ((id >= 6122442) AND (id <= 6122542))

table 3 : explain SELECT id FROM sbtest3 WHERE id BETWEEN 6122442 AND 6122542
	Index Only Scan using sbtest3_pkey on sbtest3  (cost=0.43..6.47 rows=102 width=4)
	  Index Cond: ((id >= 6122442) AND (id <= 6122542))

table 4 : explain SELECT id FROM sbtest4 WHERE id BETWEEN 6122442 AND 6122542
	Index Only Scan using sbtest4_pkey on sbtest4  (cost=0.43..10.28 rows=92 width=4)
	  Index Cond: ((id >= 6122442) AND (id <= 6122542))

table 5 : explain SELECT id FROM sbtest5 WHERE id BETWEEN 6122442 AND 6122542
	Index Only Scan using sbtest5_pkey on sbtest5  (cost=0.43..10.44 rows=100 width=4)
	  Index Cond: ((id >= 6122442) AND (id <= 6122542))

table 6 : explain SELECT id FROM sbtest6 WHERE id BETWEEN 6122442 AND 6122542
	Index Only Scan using sbtest6_pkey on sbtest6  (cost=0.43..6.50 rows=103 width=4)
	  Index Cond: ((id >= 6122442) AND (id <= 6122542))

table 7 : explain SELECT id FROM sbtest7 WHERE id BETWEEN 6122442 AND 6122542
	Index Only Scan using sbtest7_pkey on sbtest7  (cost=0.43..6.42 rows=99 width=4)
	  Index Cond: ((id >= 6122442) AND (id <= 6122542))

table 8 : explain SELECT id FROM sbtest8 WHERE id BETWEEN 6122442 AND 6122542
	Index Only Scan using sbtest8_pkey on sbtest8  (cost=0.43..6.56 rows=106 width=4)
	  Index Cond: ((id >= 6122442) AND (id <= 6122542))

for range-covered
table 1 : explain SELECT id FROM sbtest1 WHERE id BETWEEN 7406837 AND 7406937
	Index Only Scan using sbtest1_pkey on sbtest1  (cost=0.43..10.68 rows=112 width=4)
	  Index Cond: ((id >= 7406837) AND (id <= 7406937))

table 2 : explain SELECT id FROM sbtest2 WHERE id BETWEEN 7406837 AND 7406937
	Index Only Scan using sbtest2_pkey on sbtest2  (cost=0.43..6.37 rows=97 width=4)
	  Index Cond: ((id >= 7406837) AND (id <= 7406937))

table 3 : explain SELECT id FROM sbtest3 WHERE id BETWEEN 7406837 AND 7406937
	Index Only Scan using sbtest3_pkey on sbtest3  (cost=0.43..6.43 rows=100 width=4)
	  Index Cond: ((id >= 7406837) AND (id <= 7406937))

table 4 : explain SELECT id FROM sbtest4 WHERE id BETWEEN 7406837 AND 7406937
	Index Only Scan using sbtest4_pkey on sbtest4  (cost=0.43..10.44 rows=100 width=4)
	  Index Cond: ((id >= 7406837) AND (id <= 7406937))

table 5 : explain SELECT id FROM sbtest5 WHERE id BETWEEN 7406837 AND 7406937
	Index Only Scan using sbtest5_pkey on sbtest5  (cost=0.43..10.56 rows=106 width=4)
	  Index Cond: ((id >= 7406837) AND (id <= 7406937))

table 6 : explain SELECT id FROM sbtest6 WHERE id BETWEEN 7406837 AND 7406937
	Index Only Scan using sbtest6_pkey on sbtest6  (cost=0.43..6.37 rows=97 width=4)
	  Index Cond: ((id >= 7406837) AND (id <= 7406937))

table 7 : explain SELECT id FROM sbtest7 WHERE id BETWEEN 7406837 AND 7406937
	Index Only Scan using sbtest7_pkey on sbtest7  (cost=0.43..6.32 rows=94 width=4)
	  Index Cond: ((id >= 7406837) AND (id <= 7406937))

table 8 : explain SELECT id FROM sbtest8 WHERE id BETWEEN 7406837 AND 7406937
	Index Only Scan using sbtest8_pkey on sbtest8  (cost=0.43..6.59 rows=108 width=4)
	  Index Cond: ((id >= 7406837) AND (id <= 7406937))

explain: for range-covered :: explain SELECT id FROM sbtest%d WHERE id BETWEEN 6122442 AND 6122542
for range-covered
table 1 : explain SELECT id FROM sbtest1 WHERE id BETWEEN 7034095 AND 7034195
	Index Only Scan using sbtest1_pkey on sbtest1  (cost=0.43..10.28 rows=92 width=4)
	  Index Cond: ((id >= 7034095) AND (id <= 7034195))

table 2 : explain SELECT id FROM sbtest2 WHERE id BETWEEN 7034095 AND 7034195
	Index Only Scan using sbtest2_pkey on sbtest2  (cost=0.43..6.45 rows=101 width=4)
	  Index Cond: ((id >= 7034095) AND (id <= 7034195))

table 3 : explain SELECT id FROM sbtest3 WHERE id BETWEEN 7034095 AND 7034195
	Index Only Scan using sbtest3_pkey on sbtest3  (cost=0.43..6.47 rows=102 width=4)
	  Index Cond: ((id >= 7034095) AND (id <= 7034195))

table 4 : explain SELECT id FROM sbtest4 WHERE id BETWEEN 7034095 AND 7034195
	Index Only Scan using sbtest4_pkey on sbtest4  (cost=0.43..10.42 rows=99 width=4)
	  Index Cond: ((id >= 7034095) AND (id <= 7034195))

table 5 : explain SELECT id FROM sbtest5 WHERE id BETWEEN 7034095 AND 7034195
	Index Only Scan using sbtest5_pkey on sbtest5  (cost=0.43..10.32 rows=94 width=4)
	  Index Cond: ((id >= 7034095) AND (id <= 7034195))

table 6 : explain SELECT id FROM sbtest6 WHERE id BETWEEN 7034095 AND 7034195
	Index Only Scan using sbtest6_pkey on sbtest6  (cost=0.43..6.50 rows=103 width=4)
	  Index Cond: ((id >= 7034095) AND (id <= 7034195))

table 7 : explain SELECT id FROM sbtest7 WHERE id BETWEEN 7034095 AND 7034195
	Index Only Scan using sbtest7_pkey on sbtest7  (cost=0.43..6.58 rows=107 width=4)
	  Index Cond: ((id >= 7034095) AND (id <= 7034195))

table 8 : explain SELECT id FROM sbtest8 WHERE id BETWEEN 7034095 AND 7034195
	Index Only Scan using sbtest8_pkey on sbtest8  (cost=0.43..6.29 rows=93 width=4)
	  Index Cond: ((id >= 7034095) AND (id <= 7034195))

explain: for range-covered :: explain SELECT id FROM sbtest%d WHERE id BETWEEN 7406837 AND 7406937
for range-covered
table 1 : explain SELECT id FROM sbtest1 WHERE id BETWEEN 5511654 AND 5511754
	Index Only Scan using sbtest1_pkey on sbtest1  (cost=0.43..10.33 rows=95 width=4)
	  Index Cond: ((id >= 5511654) AND (id <= 5511754))

table 2 : explain SELECT id FROM sbtest2 WHERE id BETWEEN 5511654 AND 5511754
	Index Only Scan using sbtest2_pkey on sbtest2  (cost=0.43..6.47 rows=102 width=4)
	  Index Cond: ((id >= 5511654) AND (id <= 5511754))

table 3 : explain SELECT id FROM sbtest3 WHERE id BETWEEN 5511654 AND 5511754
	Index Only Scan using sbtest3_pkey on sbtest3  (cost=0.43..6.50 rows=103 width=4)
	  Index Cond: ((id >= 5511654) AND (id <= 5511754))

table 4 : explain SELECT id FROM sbtest4 WHERE id BETWEEN 5511654 AND 5511754
	Index Only Scan using sbtest4_pkey on sbtest4  (cost=0.43..10.47 rows=102 width=4)
	  Index Cond: ((id >= 5511654) AND (id <= 5511754))

table 5 : explain SELECT id FROM sbtest5 WHERE id BETWEEN 5511654 AND 5511754
	Index Only Scan using sbtest5_pkey on sbtest5  (cost=0.43..10.56 rows=106 width=4)
	  Index Cond: ((id >= 5511654) AND (id <= 5511754))

table 6 : explain SELECT id FROM sbtest6 WHERE id BETWEEN 5511654 AND 5511754
	Index Only Scan using sbtest6_pkey on sbtest6  (cost=0.43..6.47 rows=102 width=4)
	  Index Cond: ((id >= 5511654) AND (id <= 5511754))

table 7 : explain SELECT id FROM sbtest7 WHERE id BETWEEN 5511654 AND 5511754
	Index Only Scan using sbtest7_pkey on sbtest7  (cost=0.43..6.32 rows=94 width=4)
	  Index Cond: ((id >= 5511654) AND (id <= 5511754))

table 8 : explain SELECT id FROM sbtest8 WHERE id BETWEEN 5511654 AND 5511754
	Index Only Scan using sbtest8_pkey on sbtest8  (cost=0.43..6.45 rows=101 width=4)
	  Index Cond: ((id >= 5511654) AND (id <= 5511754))

for range-covered
table 1 : explain SELECT id FROM sbtest1 WHERE id BETWEEN 724687 AND 724787
	Index Only Scan using sbtest1_pkey on sbtest1  (cost=0.43..10.38 rows=97 width=4)
	  Index Cond: ((id >= 724687) AND (id <= 724787))

table 2 : explain SELECT id FROM sbtest2 WHERE id BETWEEN 724687 AND 724787
	Index Only Scan using sbtest2_pkey on sbtest2  (cost=0.43..6.40 rows=98 width=4)
	  Index Cond: ((id >= 724687) AND (id <= 724787))

table 3 : explain SELECT id FROM sbtest3 WHERE id BETWEEN 724687 AND 724787
	Index Only Scan using sbtest3_pkey on sbtest3  (cost=0.43..6.25 rows=91 width=4)
	  Index Cond: ((id >= 724687) AND (id <= 724787))

table 4 : explain SELECT id FROM sbtest4 WHERE id BETWEEN 724687 AND 724787
	Index Only Scan using sbtest4_pkey on sbtest4  (cost=0.43..10.58 rows=107 width=4)
	  Index Cond: ((id >= 724687) AND (id <= 724787))

table 5 : explain SELECT id FROM sbtest5 WHERE id BETWEEN 724687 AND 724787
	Index Only Scan using sbtest5_pkey on sbtest5  (cost=0.43..10.63 rows=110 width=4)
	  Index Cond: ((id >= 724687) AND (id <= 724787))

table 6 : explain SELECT id FROM sbtest6 WHERE id BETWEEN 724687 AND 724787
	Index Only Scan using sbtest6_pkey on sbtest6  (cost=0.43..6.56 rows=106 width=4)
	  Index Cond: ((id >= 724687) AND (id <= 724787))

table 7 : explain SELECT id FROM sbtest7 WHERE id BETWEEN 724687 AND 724787
	Index Only Scan using sbtest7_pkey on sbtest7  (cost=0.43..6.37 rows=97 width=4)
	  Index Cond: ((id >= 724687) AND (id <= 724787))

table 8 : explain SELECT id FROM sbtest8 WHERE id BETWEEN 724687 AND 724787
	Index Only Scan using sbtest8_pkey on sbtest8  (cost=0.43..6.51 rows=104 width=4)
	  Index Cond: ((id >= 724687) AND (id <= 724787))

explain: for range-covered :: explain SELECT id FROM sbtest%d WHERE id BETWEEN 724687 AND 724787
for range-covered
table 1 : explain SELECT id FROM sbtest1 WHERE id BETWEEN 6122442 AND 6122542
	Index Only Scan using sbtest1_pkey on sbtest1  (cost=0.43..10.32 rows=94 width=4)
	  Index Cond: ((id >= 6122442) AND (id <= 6122542))

table 2 : explain SELECT id FROM sbtest2 WHERE id BETWEEN 6122442 AND 6122542
	Index Only Scan using sbtest2_pkey on sbtest2  (cost=0.43..6.51 rows=104 width=4)
	  Index Cond: ((id >= 6122442) AND (id <= 6122542))

table 3 : explain SELECT id FROM sbtest3 WHERE id BETWEEN 6122442 AND 6122542
	Index Only Scan using sbtest3_pkey on sbtest3  (cost=0.43..6.47 rows=102 width=4)
	  Index Cond: ((id >= 6122442) AND (id <= 6122542))

table 4 : explain SELECT id FROM sbtest4 WHERE id BETWEEN 6122442 AND 6122542
	Index Only Scan using sbtest4_pkey on sbtest4  (cost=0.43..10.28 rows=92 width=4)
	  Index Cond: ((id >= 6122442) AND (id <= 6122542))

table 5 : explain SELECT id FROM sbtest5 WHERE id BETWEEN 6122442 AND 6122542
	Index Only Scan using sbtest5_pkey on sbtest5  (cost=0.43..10.44 rows=100 width=4)
	  Index Cond: ((id >= 6122442) AND (id <= 6122542))

table 6 : explain SELECT id FROM sbtest6 WHERE id BETWEEN 6122442 AND 6122542
	Index Only Scan using sbtest6_pkey on sbtest6  (cost=0.43..6.50 rows=103 width=4)
	  Index Cond: ((id >= 6122442) AND (id <= 6122542))

table 7 : explain SELECT id FROM sbtest7 WHERE id BETWEEN 6122442 AND 6122542
	Index Only Scan using sbtest7_pkey on sbtest7  (cost=0.43..6.42 rows=99 width=4)
	  Index Cond: ((id >= 6122442) AND (id <= 6122542))

table 8 : explain SELECT id FROM sbtest8 WHERE id BETWEEN 6122442 AND 6122542
	Index Only Scan using sbtest8_pkey on sbtest8  (cost=0.43..6.56 rows=106 width=4)
	  Index Cond: ((id >= 6122442) AND (id <= 6122542))

explain: for range-covered :: explain SELECT id FROM sbtest%d WHERE id BETWEEN 5878745 AND 5878845
for range-covered
table 1 : explain SELECT id FROM sbtest1 WHERE id BETWEEN 7406837 AND 7406937
	Index Only Scan using sbtest1_pkey on sbtest1  (cost=0.43..10.68 rows=112 width=4)
	  Index Cond: ((id >= 7406837) AND (id <= 7406937))

table 2 : explain SELECT id FROM sbtest2 WHERE id BETWEEN 7406837 AND 7406937
	Index Only Scan using sbtest2_pkey on sbtest2  (cost=0.43..6.37 rows=97 width=4)
	  Index Cond: ((id >= 7406837) AND (id <= 7406937))

table 3 : explain SELECT id FROM sbtest3 WHERE id BETWEEN 7406837 AND 7406937
	Index Only Scan using sbtest3_pkey on sbtest3  (cost=0.43..6.43 rows=100 width=4)
	  Index Cond: ((id >= 7406837) AND (id <= 7406937))

table 4 : explain SELECT id FROM sbtest4 WHERE id BETWEEN 7406837 AND 7406937
	Index Only Scan using sbtest4_pkey on sbtest4  (cost=0.43..10.44 rows=100 width=4)
	  Index Cond: ((id >= 7406837) AND (id <= 7406937))

table 5 : explain SELECT id FROM sbtest5 WHERE id BETWEEN 7406837 AND 7406937
	Index Only Scan using sbtest5_pkey on sbtest5  (cost=0.43..10.56 rows=106 width=4)
	  Index Cond: ((id >= 7406837) AND (id <= 7406937))

table 6 : explain SELECT id FROM sbtest6 WHERE id BETWEEN 7406837 AND 7406937
	Index Only Scan using sbtest6_pkey on sbtest6  (cost=0.43..6.37 rows=97 width=4)
	  Index Cond: ((id >= 7406837) AND (id <= 7406937))

table 7 : explain SELECT id FROM sbtest7 WHERE id BETWEEN 7406837 AND 7406937
	Index Only Scan using sbtest7_pkey on sbtest7  (cost=0.43..6.32 rows=94 width=4)
	  Index Cond: ((id >= 7406837) AND (id <= 7406937))

table 8 : explain SELECT id FROM sbtest8 WHERE id BETWEEN 7406837 AND 7406937
	Index Only Scan using sbtest8_pkey on sbtest8  (cost=0.43..6.59 rows=108 width=4)
	  Index Cond: ((id >= 7406837) AND (id <= 7406937))

explain: for range-covered :: explain SELECT id FROM sbtest%d WHERE id BETWEEN 6122442 AND 6122542
explain: for range-covered :: explain SELECT id FROM sbtest%d WHERE id BETWEEN 7406837 AND 7406937
for range-covered
table 1 : explain SELECT id FROM sbtest1 WHERE id BETWEEN 7865977 AND 7866077
	Index Only Scan using sbtest1_pkey on sbtest1  (cost=0.43..10.47 rows=102 width=4)
	  Index Cond: ((id >= 7865977) AND (id <= 7866077))

table 2 : explain SELECT id FROM sbtest2 WHERE id BETWEEN 7865977 AND 7866077
	Index Only Scan using sbtest2_pkey on sbtest2  (cost=0.43..6.35 rows=96 width=4)
	  Index Cond: ((id >= 7865977) AND (id <= 7866077))

table 3 : explain SELECT id FROM sbtest3 WHERE id BETWEEN 7865977 AND 7866077
	Index Only Scan using sbtest3_pkey on sbtest3  (cost=0.43..6.59 rows=108 width=4)
	  Index Cond: ((id >= 7865977) AND (id <= 7866077))

table 4 : explain SELECT id FROM sbtest4 WHERE id BETWEEN 7865977 AND 7866077
	Index Only Scan using sbtest4_pkey on sbtest4  (cost=0.43..10.42 rows=99 width=4)
	  Index Cond: ((id >= 7865977) AND (id <= 7866077))

table 5 : explain SELECT id FROM sbtest5 WHERE id BETWEEN 7865977 AND 7866077
	Index Only Scan using sbtest5_pkey on sbtest5  (cost=0.43..10.44 rows=100 width=4)
	  Index Cond: ((id >= 7865977) AND (id <= 7866077))

table 6 : explain SELECT id FROM sbtest6 WHERE id BETWEEN 7865977 AND 7866077
	Index Only Scan using sbtest6_pkey on sbtest6  (cost=0.43..6.33 rows=95 width=4)
	  Index Cond: ((id >= 7865977) AND (id <= 7866077))

table 7 : explain SELECT id FROM sbtest7 WHERE id BETWEEN 7865977 AND 7866077
	Index Only Scan using sbtest7_pkey on sbtest7  (cost=0.43..6.50 rows=103 width=4)
	  Index Cond: ((id >= 7865977) AND (id <= 7866077))

table 8 : explain SELECT id FROM sbtest8 WHERE id BETWEEN 7865977 AND 7866077
	Index Only Scan using sbtest8_pkey on sbtest8  (cost=0.43..6.35 rows=96 width=4)
	  Index Cond: ((id >= 7865977) AND (id <= 7866077))

explain: for range-covered :: explain SELECT id FROM sbtest%d WHERE id BETWEEN 3542504 AND 3542604
for range-covered
table 1 : explain SELECT id FROM sbtest1 WHERE id BETWEEN 724687 AND 724787
	Index Only Scan using sbtest1_pkey on sbtest1  (cost=0.43..10.38 rows=97 width=4)
	  Index Cond: ((id >= 724687) AND (id <= 724787))

table 2 : explain SELECT id FROM sbtest2 WHERE id BETWEEN 724687 AND 724787
	Index Only Scan using sbtest2_pkey on sbtest2  (cost=0.43..6.40 rows=98 width=4)
	  Index Cond: ((id >= 724687) AND (id <= 724787))

table 3 : explain SELECT id FROM sbtest3 WHERE id BETWEEN 724687 AND 724787
	Index Only Scan using sbtest3_pkey on sbtest3  (cost=0.43..6.25 rows=91 width=4)
	  Index Cond: ((id >= 724687) AND (id <= 724787))

table 4 : explain SELECT id FROM sbtest4 WHERE id BETWEEN 724687 AND 724787
	Index Only Scan using sbtest4_pkey on sbtest4  (cost=0.43..10.58 rows=107 width=4)
	  Index Cond: ((id >= 724687) AND (id <= 724787))

table 5 : explain SELECT id FROM sbtest5 WHERE id BETWEEN 724687 AND 724787
	Index Only Scan using sbtest5_pkey on sbtest5  (cost=0.43..10.63 rows=110 width=4)
	  Index Cond: ((id >= 724687) AND (id <= 724787))

table 6 : explain SELECT id FROM sbtest6 WHERE id BETWEEN 724687 AND 724787
	Index Only Scan using sbtest6_pkey on sbtest6  (cost=0.43..6.56 rows=106 width=4)
	  Index Cond: ((id >= 724687) AND (id <= 724787))

table 7 : explain SELECT id FROM sbtest7 WHERE id BETWEEN 724687 AND 724787
	Index Only Scan using sbtest7_pkey on sbtest7  (cost=0.43..6.37 rows=97 width=4)
	  Index Cond: ((id >= 724687) AND (id <= 724787))

table 8 : explain SELECT id FROM sbtest8 WHERE id BETWEEN 724687 AND 724787
	Index Only Scan using sbtest8_pkey on sbtest8  (cost=0.43..6.51 rows=104 width=4)
	  Index Cond: ((id >= 724687) AND (id <= 724787))

explain: for range-covered :: explain SELECT id FROM sbtest%d WHERE id BETWEEN 724687 AND 724787
for range-covered
table 1 : explain SELECT id FROM sbtest1 WHERE id BETWEEN 6122442 AND 6122542
	Index Only Scan using sbtest1_pkey on sbtest1  (cost=0.43..10.32 rows=94 width=4)
	  Index Cond: ((id >= 6122442) AND (id <= 6122542))

table 2 : explain SELECT id FROM sbtest2 WHERE id BETWEEN 6122442 AND 6122542
	Index Only Scan using sbtest2_pkey on sbtest2  (cost=0.43..6.51 rows=104 width=4)
	  Index Cond: ((id >= 6122442) AND (id <= 6122542))

table 3 : explain SELECT id FROM sbtest3 WHERE id BETWEEN 6122442 AND 6122542
	Index Only Scan using sbtest3_pkey on sbtest3  (cost=0.43..6.47 rows=102 width=4)
	  Index Cond: ((id >= 6122442) AND (id <= 6122542))

table 4 : explain SELECT id FROM sbtest4 WHERE id BETWEEN 6122442 AND 6122542
	Index Only Scan using sbtest4_pkey on sbtest4  (cost=0.43..10.28 rows=92 width=4)
	  Index Cond: ((id >= 6122442) AND (id <= 6122542))

table 5 : explain SELECT id FROM sbtest5 WHERE id BETWEEN 6122442 AND 6122542
	Index Only Scan using sbtest5_pkey on sbtest5  (cost=0.43..10.44 rows=100 width=4)
	  Index Cond: ((id >= 6122442) AND (id <= 6122542))

table 6 : explain SELECT id FROM sbtest6 WHERE id BETWEEN 6122442 AND 6122542
	Index Only Scan using sbtest6_pkey on sbtest6  (cost=0.43..6.50 rows=103 width=4)
	  Index Cond: ((id >= 6122442) AND (id <= 6122542))

table 7 : explain SELECT id FROM sbtest7 WHERE id BETWEEN 6122442 AND 6122542
	Index Only Scan using sbtest7_pkey on sbtest7  (cost=0.43..6.42 rows=99 width=4)
	  Index Cond: ((id >= 6122442) AND (id <= 6122542))

table 8 : explain SELECT id FROM sbtest8 WHERE id BETWEEN 6122442 AND 6122542
	Index Only Scan using sbtest8_pkey on sbtest8  (cost=0.43..6.56 rows=106 width=4)
	  Index Cond: ((id >= 6122442) AND (id <= 6122542))

for range-covered
table 1 : explain SELECT id FROM sbtest1 WHERE id BETWEEN 7406837 AND 7406937
	Index Only Scan using sbtest1_pkey on sbtest1  (cost=0.43..10.68 rows=112 width=4)
	  Index Cond: ((id >= 7406837) AND (id <= 7406937))

table 2 : explain SELECT id FROM sbtest2 WHERE id BETWEEN 7406837 AND 7406937
	Index Only Scan using sbtest2_pkey on sbtest2  (cost=0.43..6.37 rows=97 width=4)
	  Index Cond: ((id >= 7406837) AND (id <= 7406937))

table 3 : explain SELECT id FROM sbtest3 WHERE id BETWEEN 7406837 AND 7406937
	Index Only Scan using sbtest3_pkey on sbtest3  (cost=0.43..6.43 rows=100 width=4)
	  Index Cond: ((id >= 7406837) AND (id <= 7406937))

table 4 : explain SELECT id FROM sbtest4 WHERE id BETWEEN 7406837 AND 7406937
	Index Only Scan using sbtest4_pkey on sbtest4  (cost=0.43..10.44 rows=100 width=4)
	  Index Cond: ((id >= 7406837) AND (id <= 7406937))

table 5 : explain SELECT id FROM sbtest5 WHERE id BETWEEN 7406837 AND 7406937
	Index Only Scan using sbtest5_pkey on sbtest5  (cost=0.43..10.56 rows=106 width=4)
	  Index Cond: ((id >= 7406837) AND (id <= 7406937))

table 6 : explain SELECT id FROM sbtest6 WHERE id BETWEEN 7406837 AND 7406937
	Index Only Scan using sbtest6_pkey on sbtest6  (cost=0.43..6.37 rows=97 width=4)
	  Index Cond: ((id >= 7406837) AND (id <= 7406937))

table 7 : explain SELECT id FROM sbtest7 WHERE id BETWEEN 7406837 AND 7406937
	Index Only Scan using sbtest7_pkey on sbtest7  (cost=0.43..6.32 rows=94 width=4)
	  Index Cond: ((id >= 7406837) AND (id <= 7406937))

table 8 : explain SELECT id FROM sbtest8 WHERE id BETWEEN 7406837 AND 7406937
	Index Only Scan using sbtest8_pkey on sbtest8  (cost=0.43..6.59 rows=108 width=4)
	  Index Cond: ((id >= 7406837) AND (id <= 7406937))

explain: for range-covered :: explain SELECT id FROM sbtest%d WHERE id BETWEEN 6122442 AND 6122542
explain: for range-covered :: explain SELECT id FROM sbtest%d WHERE id BETWEEN 7406837 AND 7406937
for range-covered
table 1 : explain SELECT id FROM sbtest1 WHERE id BETWEEN 724687 AND 724787
	Index Only Scan using sbtest1_pkey on sbtest1  (cost=0.43..10.38 rows=97 width=4)
	  Index Cond: ((id >= 724687) AND (id <= 724787))

table 2 : explain SELECT id FROM sbtest2 WHERE id BETWEEN 724687 AND 724787
	Index Only Scan using sbtest2_pkey on sbtest2  (cost=0.43..6.40 rows=98 width=4)
	  Index Cond: ((id >= 724687) AND (id <= 724787))

table 3 : explain SELECT id FROM sbtest3 WHERE id BETWEEN 724687 AND 724787
	Index Only Scan using sbtest3_pkey on sbtest3  (cost=0.43..6.25 rows=91 width=4)
	  Index Cond: ((id >= 724687) AND (id <= 724787))

table 4 : explain SELECT id FROM sbtest4 WHERE id BETWEEN 724687 AND 724787
	Index Only Scan using sbtest4_pkey on sbtest4  (cost=0.43..10.58 rows=107 width=4)
	  Index Cond: ((id >= 724687) AND (id <= 724787))

table 5 : explain SELECT id FROM sbtest5 WHERE id BETWEEN 724687 AND 724787
	Index Only Scan using sbtest5_pkey on sbtest5  (cost=0.43..10.63 rows=110 width=4)
	  Index Cond: ((id >= 724687) AND (id <= 724787))

table 6 : explain SELECT id FROM sbtest6 WHERE id BETWEEN 724687 AND 724787
	Index Only Scan using sbtest6_pkey on sbtest6  (cost=0.43..6.56 rows=106 width=4)
	  Index Cond: ((id >= 724687) AND (id <= 724787))

table 7 : explain SELECT id FROM sbtest7 WHERE id BETWEEN 724687 AND 724787
	Index Only Scan using sbtest7_pkey on sbtest7  (cost=0.43..6.37 rows=97 width=4)
	  Index Cond: ((id >= 724687) AND (id <= 724787))

table 8 : explain SELECT id FROM sbtest8 WHERE id BETWEEN 724687 AND 724787
	Index Only Scan using sbtest8_pkey on sbtest8  (cost=0.43..6.51 rows=104 width=4)
	  Index Cond: ((id >= 724687) AND (id <= 724787))

explain: for range-covered :: explain SELECT id FROM sbtest%d WHERE id BETWEEN 724687 AND 724787
for range-covered
table 1 : explain SELECT id FROM sbtest1 WHERE id BETWEEN 6122442 AND 6122542
	Index Only Scan using sbtest1_pkey on sbtest1  (cost=0.43..10.32 rows=94 width=4)
	  Index Cond: ((id >= 6122442) AND (id <= 6122542))

table 2 : explain SELECT id FROM sbtest2 WHERE id BETWEEN 6122442 AND 6122542
	Index Only Scan using sbtest2_pkey on sbtest2  (cost=0.43..6.51 rows=104 width=4)
	  Index Cond: ((id >= 6122442) AND (id <= 6122542))

table 3 : explain SELECT id FROM sbtest3 WHERE id BETWEEN 6122442 AND 6122542
	Index Only Scan using sbtest3_pkey on sbtest3  (cost=0.43..6.47 rows=102 width=4)
	  Index Cond: ((id >= 6122442) AND (id <= 6122542))

table 4 : explain SELECT id FROM sbtest4 WHERE id BETWEEN 6122442 AND 6122542
	Index Only Scan using sbtest4_pkey on sbtest4  (cost=0.43..10.28 rows=92 width=4)
	  Index Cond: ((id >= 6122442) AND (id <= 6122542))

table 5 : explain SELECT id FROM sbtest5 WHERE id BETWEEN 6122442 AND 6122542
	Index Only Scan using sbtest5_pkey on sbtest5  (cost=0.43..10.44 rows=100 width=4)
	  Index Cond: ((id >= 6122442) AND (id <= 6122542))

table 6 : explain SELECT id FROM sbtest6 WHERE id BETWEEN 6122442 AND 6122542
	Index Only Scan using sbtest6_pkey on sbtest6  (cost=0.43..6.50 rows=103 width=4)
	  Index Cond: ((id >= 6122442) AND (id <= 6122542))

table 7 : explain SELECT id FROM sbtest7 WHERE id BETWEEN 6122442 AND 6122542
	Index Only Scan using sbtest7_pkey on sbtest7  (cost=0.43..6.42 rows=99 width=4)
	  Index Cond: ((id >= 6122442) AND (id <= 6122542))

table 8 : explain SELECT id FROM sbtest8 WHERE id BETWEEN 6122442 AND 6122542
	Index Only Scan using sbtest8_pkey on sbtest8  (cost=0.43..6.56 rows=106 width=4)
	  Index Cond: ((id >= 6122442) AND (id <= 6122542))

for range-covered
table 1 : explain SELECT id FROM sbtest1 WHERE id BETWEEN 7406837 AND 7406937
	Index Only Scan using sbtest1_pkey on sbtest1  (cost=0.43..10.68 rows=112 width=4)
	  Index Cond: ((id >= 7406837) AND (id <= 7406937))

table 2 : explain SELECT id FROM sbtest2 WHERE id BETWEEN 7406837 AND 7406937
	Index Only Scan using sbtest2_pkey on sbtest2  (cost=0.43..6.37 rows=97 width=4)
	  Index Cond: ((id >= 7406837) AND (id <= 7406937))

table 3 : explain SELECT id FROM sbtest3 WHERE id BETWEEN 7406837 AND 7406937
	Index Only Scan using sbtest3_pkey on sbtest3  (cost=0.43..6.43 rows=100 width=4)
	  Index Cond: ((id >= 7406837) AND (id <= 7406937))

table 4 : explain SELECT id FROM sbtest4 WHERE id BETWEEN 7406837 AND 7406937
	Index Only Scan using sbtest4_pkey on sbtest4  (cost=0.43..10.44 rows=100 width=4)
	  Index Cond: ((id >= 7406837) AND (id <= 7406937))

table 5 : explain SELECT id FROM sbtest5 WHERE id BETWEEN 7406837 AND 7406937
	Index Only Scan using sbtest5_pkey on sbtest5  (cost=0.43..10.56 rows=106 width=4)
	  Index Cond: ((id >= 7406837) AND (id <= 7406937))

table 6 : explain SELECT id FROM sbtest6 WHERE id BETWEEN 7406837 AND 7406937
	Index Only Scan using sbtest6_pkey on sbtest6  (cost=0.43..6.37 rows=97 width=4)
	  Index Cond: ((id >= 7406837) AND (id <= 7406937))

table 7 : explain SELECT id FROM sbtest7 WHERE id BETWEEN 7406837 AND 7406937
	Index Only Scan using sbtest7_pkey on sbtest7  (cost=0.43..6.32 rows=94 width=4)
	  Index Cond: ((id >= 7406837) AND (id <= 7406937))

table 8 : explain SELECT id FROM sbtest8 WHERE id BETWEEN 7406837 AND 7406937
	Index Only Scan using sbtest8_pkey on sbtest8  (cost=0.43..6.59 rows=108 width=4)
	  Index Cond: ((id >= 7406837) AND (id <= 7406937))

explain: for range-covered :: explain SELECT id FROM sbtest%d WHERE id BETWEEN 6122442 AND 6122542
explain: for range-covered :: explain SELECT id FROM sbtest%d WHERE id BETWEEN 7406837 AND 7406937
explain: for range-covered :: explain SELECT id FROM sbtest%d WHERE id BETWEEN 2287759 AND 2287859
for range-covered
table 1 : explain SELECT id FROM sbtest1 WHERE id BETWEEN 724687 AND 724787
	Index Only Scan using sbtest1_pkey on sbtest1  (cost=0.43..10.38 rows=97 width=4)
	  Index Cond: ((id >= 724687) AND (id <= 724787))

table 2 : explain SELECT id FROM sbtest2 WHERE id BETWEEN 724687 AND 724787
	Index Only Scan using sbtest2_pkey on sbtest2  (cost=0.43..6.40 rows=98 width=4)
	  Index Cond: ((id >= 724687) AND (id <= 724787))

table 3 : explain SELECT id FROM sbtest3 WHERE id BETWEEN 724687 AND 724787
	Index Only Scan using sbtest3_pkey on sbtest3  (cost=0.43..6.25 rows=91 width=4)
	  Index Cond: ((id >= 724687) AND (id <= 724787))

table 4 : explain SELECT id FROM sbtest4 WHERE id BETWEEN 724687 AND 724787
	Index Only Scan using sbtest4_pkey on sbtest4  (cost=0.43..10.58 rows=107 width=4)
	  Index Cond: ((id >= 724687) AND (id <= 724787))

table 5 : explain SELECT id FROM sbtest5 WHERE id BETWEEN 724687 AND 724787
	Index Only Scan using sbtest5_pkey on sbtest5  (cost=0.43..10.63 rows=110 width=4)
	  Index Cond: ((id >= 724687) AND (id <= 724787))

table 6 : explain SELECT id FROM sbtest6 WHERE id BETWEEN 724687 AND 724787
	Index Only Scan using sbtest6_pkey on sbtest6  (cost=0.43..6.56 rows=106 width=4)
	  Index Cond: ((id >= 724687) AND (id <= 724787))

table 7 : explain SELECT id FROM sbtest7 WHERE id BETWEEN 724687 AND 724787
	Index Only Scan using sbtest7_pkey on sbtest7  (cost=0.43..6.37 rows=97 width=4)
	  Index Cond: ((id >= 724687) AND (id <= 724787))

table 8 : explain SELECT id FROM sbtest8 WHERE id BETWEEN 724687 AND 724787
	Index Only Scan using sbtest8_pkey on sbtest8  (cost=0.43..6.51 rows=104 width=4)
	  Index Cond: ((id >= 724687) AND (id <= 724787))

explain: for range-covered :: explain SELECT id FROM sbtest%d WHERE id BETWEEN 724687 AND 724787
for range-covered
table 1 : explain SELECT id FROM sbtest1 WHERE id BETWEEN 6122442 AND 6122542
	Index Only Scan using sbtest1_pkey on sbtest1  (cost=0.43..10.32 rows=94 width=4)
	  Index Cond: ((id >= 6122442) AND (id <= 6122542))

table 2 : explain SELECT id FROM sbtest2 WHERE id BETWEEN 6122442 AND 6122542
	Index Only Scan using sbtest2_pkey on sbtest2  (cost=0.43..6.51 rows=104 width=4)
	  Index Cond: ((id >= 6122442) AND (id <= 6122542))

table 3 : explain SELECT id FROM sbtest3 WHERE id BETWEEN 6122442 AND 6122542
	Index Only Scan using sbtest3_pkey on sbtest3  (cost=0.43..6.47 rows=102 width=4)
	  Index Cond: ((id >= 6122442) AND (id <= 6122542))

table 4 : explain SELECT id FROM sbtest4 WHERE id BETWEEN 6122442 AND 6122542
	Index Only Scan using sbtest4_pkey on sbtest4  (cost=0.43..10.28 rows=92 width=4)
	  Index Cond: ((id >= 6122442) AND (id <= 6122542))

table 5 : explain SELECT id FROM sbtest5 WHERE id BETWEEN 6122442 AND 6122542
	Index Only Scan using sbtest5_pkey on sbtest5  (cost=0.43..10.44 rows=100 width=4)
	  Index Cond: ((id >= 6122442) AND (id <= 6122542))

table 6 : explain SELECT id FROM sbtest6 WHERE id BETWEEN 6122442 AND 6122542
	Index Only Scan using sbtest6_pkey on sbtest6  (cost=0.43..6.50 rows=103 width=4)
	  Index Cond: ((id >= 6122442) AND (id <= 6122542))

table 7 : explain SELECT id FROM sbtest7 WHERE id BETWEEN 6122442 AND 6122542
	Index Only Scan using sbtest7_pkey on sbtest7  (cost=0.43..6.42 rows=99 width=4)
	  Index Cond: ((id >= 6122442) AND (id <= 6122542))

table 8 : explain SELECT id FROM sbtest8 WHERE id BETWEEN 6122442 AND 6122542
	Index Only Scan using sbtest8_pkey on sbtest8  (cost=0.43..6.56 rows=106 width=4)
	  Index Cond: ((id >= 6122442) AND (id <= 6122542))

for range-covered
table 1 : explain SELECT id FROM sbtest1 WHERE id BETWEEN 7406837 AND 7406937
	Index Only Scan using sbtest1_pkey on sbtest1  (cost=0.43..10.68 rows=112 width=4)
	  Index Cond: ((id >= 7406837) AND (id <= 7406937))

table 2 : explain SELECT id FROM sbtest2 WHERE id BETWEEN 7406837 AND 7406937
	Index Only Scan using sbtest2_pkey on sbtest2  (cost=0.43..6.37 rows=97 width=4)
	  Index Cond: ((id >= 7406837) AND (id <= 7406937))

table 3 : explain SELECT id FROM sbtest3 WHERE id BETWEEN 7406837 AND 7406937
	Index Only Scan using sbtest3_pkey on sbtest3  (cost=0.43..6.43 rows=100 width=4)
	  Index Cond: ((id >= 7406837) AND (id <= 7406937))

table 4 : explain SELECT id FROM sbtest4 WHERE id BETWEEN 7406837 AND 7406937
	Index Only Scan using sbtest4_pkey on sbtest4  (cost=0.43..10.44 rows=100 width=4)
	  Index Cond: ((id >= 7406837) AND (id <= 7406937))

table 5 : explain SELECT id FROM sbtest5 WHERE id BETWEEN 7406837 AND 7406937
	Index Only Scan using sbtest5_pkey on sbtest5  (cost=0.43..10.56 rows=106 width=4)
	  Index Cond: ((id >= 7406837) AND (id <= 7406937))

table 6 : explain SELECT id FROM sbtest6 WHERE id BETWEEN 7406837 AND 7406937
	Index Only Scan using sbtest6_pkey on sbtest6  (cost=0.43..6.37 rows=97 width=4)
	  Index Cond: ((id >= 7406837) AND (id <= 7406937))

table 7 : explain SELECT id FROM sbtest7 WHERE id BETWEEN 7406837 AND 7406937
	Index Only Scan using sbtest7_pkey on sbtest7  (cost=0.43..6.32 rows=94 width=4)
	  Index Cond: ((id >= 7406837) AND (id <= 7406937))

table 8 : explain SELECT id FROM sbtest8 WHERE id BETWEEN 7406837 AND 7406937
	Index Only Scan using sbtest8_pkey on sbtest8  (cost=0.43..6.59 rows=108 width=4)
	  Index Cond: ((id >= 7406837) AND (id <= 7406937))

explain: for range-covered :: explain SELECT id FROM sbtest%d WHERE id BETWEEN 6122442 AND 6122542
explain: for range-covered :: explain SELECT id FROM sbtest%d WHERE id BETWEEN 7406837 AND 7406937
for range-covered
table 1 : explain SELECT id FROM sbtest1 WHERE id BETWEEN 5878745 AND 5878845
	Index Only Scan using sbtest1_pkey on sbtest1  (cost=0.43..10.62 rows=109 width=4)
	  Index Cond: ((id >= 5878745) AND (id <= 5878845))

table 2 : explain SELECT id FROM sbtest2 WHERE id BETWEEN 5878745 AND 5878845
	Index Only Scan using sbtest2_pkey on sbtest2  (cost=0.43..6.47 rows=102 width=4)
	  Index Cond: ((id >= 5878745) AND (id <= 5878845))

table 3 : explain SELECT id FROM sbtest3 WHERE id BETWEEN 5878745 AND 5878845
	Index Only Scan using sbtest3_pkey on sbtest3  (cost=0.43..6.45 rows=101 width=4)
	  Index Cond: ((id >= 5878745) AND (id <= 5878845))

table 4 : explain SELECT id FROM sbtest4 WHERE id BETWEEN 5878745 AND 5878845
	Index Only Scan using sbtest4_pkey on sbtest4  (cost=0.43..10.58 rows=107 width=4)
	  Index Cond: ((id >= 5878745) AND (id <= 5878845))

table 5 : explain SELECT id FROM sbtest5 WHERE id BETWEEN 5878745 AND 5878845
	Index Only Scan using sbtest5_pkey on sbtest5  (cost=0.43..10.63 rows=110 width=4)
	  Index Cond: ((id >= 5878745) AND (id <= 5878845))

table 6 : explain SELECT id FROM sbtest6 WHERE id BETWEEN 5878745 AND 5878845
	Index Only Scan using sbtest6_pkey on sbtest6  (cost=0.43..6.58 rows=107 width=4)
	  Index Cond: ((id >= 5878745) AND (id <= 5878845))

table 7 : explain SELECT id FROM sbtest7 WHERE id BETWEEN 5878745 AND 5878845
	Index Only Scan using sbtest7_pkey on sbtest7  (cost=0.43..6.53 rows=105 width=4)
	  Index Cond: ((id >= 5878745) AND (id <= 5878845))

table 8 : explain SELECT id FROM sbtest8 WHERE id BETWEEN 5878745 AND 5878845
	Index Only Scan using sbtest8_pkey on sbtest8  (cost=0.43..6.51 rows=104 width=4)
	  Index Cond: ((id >= 5878745) AND (id <= 5878845))

explain: for range-covered :: explain SELECT id FROM sbtest%d WHERE id BETWEEN 838931 AND 839031
explain: for range-covered :: explain SELECT id FROM sbtest%d WHERE id BETWEEN 5878745 AND 5878845
for range-covered
table 1 : explain SELECT id FROM sbtest1 WHERE id BETWEEN 724687 AND 724787
	Index Only Scan using sbtest1_pkey on sbtest1  (cost=0.43..10.38 rows=97 width=4)
	  Index Cond: ((id >= 724687) AND (id <= 724787))

table 2 : explain SELECT id FROM sbtest2 WHERE id BETWEEN 724687 AND 724787
	Index Only Scan using sbtest2_pkey on sbtest2  (cost=0.43..6.40 rows=98 width=4)
	  Index Cond: ((id >= 724687) AND (id <= 724787))

table 3 : explain SELECT id FROM sbtest3 WHERE id BETWEEN 724687 AND 724787
	Index Only Scan using sbtest3_pkey on sbtest3  (cost=0.43..6.25 rows=91 width=4)
	  Index Cond: ((id >= 724687) AND (id <= 724787))

table 4 : explain SELECT id FROM sbtest4 WHERE id BETWEEN 724687 AND 724787
	Index Only Scan using sbtest4_pkey on sbtest4  (cost=0.43..10.58 rows=107 width=4)
	  Index Cond: ((id >= 724687) AND (id <= 724787))

table 5 : explain SELECT id FROM sbtest5 WHERE id BETWEEN 724687 AND 724787
	Index Only Scan using sbtest5_pkey on sbtest5  (cost=0.43..10.63 rows=110 width=4)
	  Index Cond: ((id >= 724687) AND (id <= 724787))

table 6 : explain SELECT id FROM sbtest6 WHERE id BETWEEN 724687 AND 724787
	Index Only Scan using sbtest6_pkey on sbtest6  (cost=0.43..6.56 rows=106 width=4)
	  Index Cond: ((id >= 724687) AND (id <= 724787))

table 7 : explain SELECT id FROM sbtest7 WHERE id BETWEEN 724687 AND 724787
	Index Only Scan using sbtest7_pkey on sbtest7  (cost=0.43..6.37 rows=97 width=4)
	  Index Cond: ((id >= 724687) AND (id <= 724787))

table 8 : explain SELECT id FROM sbtest8 WHERE id BETWEEN 724687 AND 724787
	Index Only Scan using sbtest8_pkey on sbtest8  (cost=0.43..6.51 rows=104 width=4)
	  Index Cond: ((id >= 724687) AND (id <= 724787))

explain: for range-covered :: explain SELECT id FROM sbtest%d WHERE id BETWEEN 724687 AND 724787
for range-covered
table 1 : explain SELECT id FROM sbtest1 WHERE id BETWEEN 6122442 AND 6122542
	Index Only Scan using sbtest1_pkey on sbtest1  (cost=0.43..10.32 rows=94 width=4)
	  Index Cond: ((id >= 6122442) AND (id <= 6122542))

table 2 : explain SELECT id FROM sbtest2 WHERE id BETWEEN 6122442 AND 6122542
	Index Only Scan using sbtest2_pkey on sbtest2  (cost=0.43..6.51 rows=104 width=4)
	  Index Cond: ((id >= 6122442) AND (id <= 6122542))

table 3 : explain SELECT id FROM sbtest3 WHERE id BETWEEN 6122442 AND 6122542
	Index Only Scan using sbtest3_pkey on sbtest3  (cost=0.43..6.47 rows=102 width=4)
	  Index Cond: ((id >= 6122442) AND (id <= 6122542))

table 4 : explain SELECT id FROM sbtest4 WHERE id BETWEEN 6122442 AND 6122542
	Index Only Scan using sbtest4_pkey on sbtest4  (cost=0.43..10.28 rows=92 width=4)
	  Index Cond: ((id >= 6122442) AND (id <= 6122542))

table 5 : explain SELECT id FROM sbtest5 WHERE id BETWEEN 6122442 AND 6122542
	Index Only Scan using sbtest5_pkey on sbtest5  (cost=0.43..10.44 rows=100 width=4)
	  Index Cond: ((id >= 6122442) AND (id <= 6122542))

table 6 : explain SELECT id FROM sbtest6 WHERE id BETWEEN 6122442 AND 6122542
	Index Only Scan using sbtest6_pkey on sbtest6  (cost=0.43..6.50 rows=103 width=4)
	  Index Cond: ((id >= 6122442) AND (id <= 6122542))

table 7 : explain SELECT id FROM sbtest7 WHERE id BETWEEN 6122442 AND 6122542
	Index Only Scan using sbtest7_pkey on sbtest7  (cost=0.43..6.42 rows=99 width=4)
	  Index Cond: ((id >= 6122442) AND (id <= 6122542))

table 8 : explain SELECT id FROM sbtest8 WHERE id BETWEEN 6122442 AND 6122542
	Index Only Scan using sbtest8_pkey on sbtest8  (cost=0.43..6.56 rows=106 width=4)
	  Index Cond: ((id >= 6122442) AND (id <= 6122542))

for range-covered
table 1 : explain SELECT id FROM sbtest1 WHERE id BETWEEN 7406837 AND 7406937
	Index Only Scan using sbtest1_pkey on sbtest1  (cost=0.43..10.68 rows=112 width=4)
	  Index Cond: ((id >= 7406837) AND (id <= 7406937))

table 2 : explain SELECT id FROM sbtest2 WHERE id BETWEEN 7406837 AND 7406937
	Index Only Scan using sbtest2_pkey on sbtest2  (cost=0.43..6.37 rows=97 width=4)
	  Index Cond: ((id >= 7406837) AND (id <= 7406937))

table 3 : explain SELECT id FROM sbtest3 WHERE id BETWEEN 7406837 AND 7406937
	Index Only Scan using sbtest3_pkey on sbtest3  (cost=0.43..6.43 rows=100 width=4)
	  Index Cond: ((id >= 7406837) AND (id <= 7406937))

table 4 : explain SELECT id FROM sbtest4 WHERE id BETWEEN 7406837 AND 7406937
	Index Only Scan using sbtest4_pkey on sbtest4  (cost=0.43..10.44 rows=100 width=4)
	  Index Cond: ((id >= 7406837) AND (id <= 7406937))

table 5 : explain SELECT id FROM sbtest5 WHERE id BETWEEN 7406837 AND 7406937
	Index Only Scan using sbtest5_pkey on sbtest5  (cost=0.43..10.56 rows=106 width=4)
	  Index Cond: ((id >= 7406837) AND (id <= 7406937))

table 6 : explain SELECT id FROM sbtest6 WHERE id BETWEEN 7406837 AND 7406937
	Index Only Scan using sbtest6_pkey on sbtest6  (cost=0.43..6.37 rows=97 width=4)
	  Index Cond: ((id >= 7406837) AND (id <= 7406937))

table 7 : explain SELECT id FROM sbtest7 WHERE id BETWEEN 7406837 AND 7406937
	Index Only Scan using sbtest7_pkey on sbtest7  (cost=0.43..6.32 rows=94 width=4)
	  Index Cond: ((id >= 7406837) AND (id <= 7406937))

table 8 : explain SELECT id FROM sbtest8 WHERE id BETWEEN 7406837 AND 7406937
	Index Only Scan using sbtest8_pkey on sbtest8  (cost=0.43..6.59 rows=108 width=4)
	  Index Cond: ((id >= 7406837) AND (id <= 7406937))

explain: for range-covered :: explain SELECT id FROM sbtest%d WHERE id BETWEEN 6122442 AND 6122542
explain: for range-covered :: explain SELECT id FROM sbtest%d WHERE id BETWEEN 8871111 AND 8871211
explain: for range-covered :: explain SELECT id FROM sbtest%d WHERE id BETWEEN 7406837 AND 7406937
for range-covered
table 1 : explain SELECT id FROM sbtest1 WHERE id BETWEEN 5878745 AND 5878845
	Index Only Scan using sbtest1_pkey on sbtest1  (cost=0.43..10.62 rows=109 width=4)
	  Index Cond: ((id >= 5878745) AND (id <= 5878845))

table 2 : explain SELECT id FROM sbtest2 WHERE id BETWEEN 5878745 AND 5878845
	Index Only Scan using sbtest2_pkey on sbtest2  (cost=0.43..6.47 rows=102 width=4)
	  Index Cond: ((id >= 5878745) AND (id <= 5878845))

table 3 : explain SELECT id FROM sbtest3 WHERE id BETWEEN 5878745 AND 5878845
	Index Only Scan using sbtest3_pkey on sbtest3  (cost=0.43..6.45 rows=101 width=4)
	  Index Cond: ((id >= 5878745) AND (id <= 5878845))

table 4 : explain SELECT id FROM sbtest4 WHERE id BETWEEN 5878745 AND 5878845
	Index Only Scan using sbtest4_pkey on sbtest4  (cost=0.43..10.58 rows=107 width=4)
	  Index Cond: ((id >= 5878745) AND (id <= 5878845))

table 5 : explain SELECT id FROM sbtest5 WHERE id BETWEEN 5878745 AND 5878845
	Index Only Scan using sbtest5_pkey on sbtest5  (cost=0.43..10.63 rows=110 width=4)
	  Index Cond: ((id >= 5878745) AND (id <= 5878845))

table 6 : explain SELECT id FROM sbtest6 WHERE id BETWEEN 5878745 AND 5878845
	Index Only Scan using sbtest6_pkey on sbtest6  (cost=0.43..6.58 rows=107 width=4)
	  Index Cond: ((id >= 5878745) AND (id <= 5878845))

table 7 : explain SELECT id FROM sbtest7 WHERE id BETWEEN 5878745 AND 5878845
	Index Only Scan using sbtest7_pkey on sbtest7  (cost=0.43..6.53 rows=105 width=4)
	  Index Cond: ((id >= 5878745) AND (id <= 5878845))

table 8 : explain SELECT id FROM sbtest8 WHERE id BETWEEN 5878745 AND 5878845
	Index Only Scan using sbtest8_pkey on sbtest8  (cost=0.43..6.51 rows=104 width=4)
	  Index Cond: ((id >= 5878745) AND (id <= 5878845))

for range-covered
table 1 : explain SELECT id FROM sbtest1 WHERE id BETWEEN 724687 AND 724787
	Index Only Scan using sbtest1_pkey on sbtest1  (cost=0.43..10.38 rows=97 width=4)
	  Index Cond: ((id >= 724687) AND (id <= 724787))

table 2 : explain SELECT id FROM sbtest2 WHERE id BETWEEN 724687 AND 724787
	Index Only Scan using sbtest2_pkey on sbtest2  (cost=0.43..6.40 rows=98 width=4)
	  Index Cond: ((id >= 724687) AND (id <= 724787))

table 3 : explain SELECT id FROM sbtest3 WHERE id BETWEEN 724687 AND 724787
	Index Only Scan using sbtest3_pkey on sbtest3  (cost=0.43..6.25 rows=91 width=4)
	  Index Cond: ((id >= 724687) AND (id <= 724787))

table 4 : explain SELECT id FROM sbtest4 WHERE id BETWEEN 724687 AND 724787
	Index Only Scan using sbtest4_pkey on sbtest4  (cost=0.43..10.58 rows=107 width=4)
	  Index Cond: ((id >= 724687) AND (id <= 724787))

table 5 : explain SELECT id FROM sbtest5 WHERE id BETWEEN 724687 AND 724787
	Index Only Scan using sbtest5_pkey on sbtest5  (cost=0.43..10.63 rows=110 width=4)
	  Index Cond: ((id >= 724687) AND (id <= 724787))

table 6 : explain SELECT id FROM sbtest6 WHERE id BETWEEN 724687 AND 724787
	Index Only Scan using sbtest6_pkey on sbtest6  (cost=0.43..6.56 rows=106 width=4)
	  Index Cond: ((id >= 724687) AND (id <= 724787))

table 7 : explain SELECT id FROM sbtest7 WHERE id BETWEEN 724687 AND 724787
	Index Only Scan using sbtest7_pkey on sbtest7  (cost=0.43..6.37 rows=97 width=4)
	  Index Cond: ((id >= 724687) AND (id <= 724787))

table 8 : explain SELECT id FROM sbtest8 WHERE id BETWEEN 724687 AND 724787
	Index Only Scan using sbtest8_pkey on sbtest8  (cost=0.43..6.51 rows=104 width=4)
	  Index Cond: ((id >= 724687) AND (id <= 724787))

explain: for range-covered :: explain SELECT id FROM sbtest%d WHERE id BETWEEN 5878745 AND 5878845
explain: for range-covered :: explain SELECT id FROM sbtest%d WHERE id BETWEEN 2729322 AND 2729422
explain: for range-covered :: explain SELECT id FROM sbtest%d WHERE id BETWEEN 724687 AND 724787
for range-covered
table 1 : explain SELECT id FROM sbtest1 WHERE id BETWEEN 6122442 AND 6122542
	Index Only Scan using sbtest1_pkey on sbtest1  (cost=0.43..10.32 rows=94 width=4)
	  Index Cond: ((id >= 6122442) AND (id <= 6122542))

table 2 : explain SELECT id FROM sbtest2 WHERE id BETWEEN 6122442 AND 6122542
	Index Only Scan using sbtest2_pkey on sbtest2  (cost=0.43..6.51 rows=104 width=4)
	  Index Cond: ((id >= 6122442) AND (id <= 6122542))

table 3 : explain SELECT id FROM sbtest3 WHERE id BETWEEN 6122442 AND 6122542
	Index Only Scan using sbtest3_pkey on sbtest3  (cost=0.43..6.47 rows=102 width=4)
	  Index Cond: ((id >= 6122442) AND (id <= 6122542))

table 4 : explain SELECT id FROM sbtest4 WHERE id BETWEEN 6122442 AND 6122542
	Index Only Scan using sbtest4_pkey on sbtest4  (cost=0.43..10.28 rows=92 width=4)
	  Index Cond: ((id >= 6122442) AND (id <= 6122542))

table 5 : explain SELECT id FROM sbtest5 WHERE id BETWEEN 6122442 AND 6122542
	Index Only Scan using sbtest5_pkey on sbtest5  (cost=0.43..10.44 rows=100 width=4)
	  Index Cond: ((id >= 6122442) AND (id <= 6122542))

table 6 : explain SELECT id FROM sbtest6 WHERE id BETWEEN 6122442 AND 6122542
	Index Only Scan using sbtest6_pkey on sbtest6  (cost=0.43..6.50 rows=103 width=4)
	  Index Cond: ((id >= 6122442) AND (id <= 6122542))

table 7 : explain SELECT id FROM sbtest7 WHERE id BETWEEN 6122442 AND 6122542
	Index Only Scan using sbtest7_pkey on sbtest7  (cost=0.43..6.42 rows=99 width=4)
	  Index Cond: ((id >= 6122442) AND (id <= 6122542))

table 8 : explain SELECT id FROM sbtest8 WHERE id BETWEEN 6122442 AND 6122542
	Index Only Scan using sbtest8_pkey on sbtest8  (cost=0.43..6.56 rows=106 width=4)
	  Index Cond: ((id >= 6122442) AND (id <= 6122542))

for range-covered
table 1 : explain SELECT id FROM sbtest1 WHERE id BETWEEN 7406837 AND 7406937
	Index Only Scan using sbtest1_pkey on sbtest1  (cost=0.43..10.68 rows=112 width=4)
	  Index Cond: ((id >= 7406837) AND (id <= 7406937))

table 2 : explain SELECT id FROM sbtest2 WHERE id BETWEEN 7406837 AND 7406937
	Index Only Scan using sbtest2_pkey on sbtest2  (cost=0.43..6.37 rows=97 width=4)
	  Index Cond: ((id >= 7406837) AND (id <= 7406937))

table 3 : explain SELECT id FROM sbtest3 WHERE id BETWEEN 7406837 AND 7406937
	Index Only Scan using sbtest3_pkey on sbtest3  (cost=0.43..6.43 rows=100 width=4)
	  Index Cond: ((id >= 7406837) AND (id <= 7406937))

table 4 : explain SELECT id FROM sbtest4 WHERE id BETWEEN 7406837 AND 7406937
	Index Only Scan using sbtest4_pkey on sbtest4  (cost=0.43..10.44 rows=100 width=4)
	  Index Cond: ((id >= 7406837) AND (id <= 7406937))

table 5 : explain SELECT id FROM sbtest5 WHERE id BETWEEN 7406837 AND 7406937
	Index Only Scan using sbtest5_pkey on sbtest5  (cost=0.43..10.56 rows=106 width=4)
	  Index Cond: ((id >= 7406837) AND (id <= 7406937))

table 6 : explain SELECT id FROM sbtest6 WHERE id BETWEEN 7406837 AND 7406937
	Index Only Scan using sbtest6_pkey on sbtest6  (cost=0.43..6.37 rows=97 width=4)
	  Index Cond: ((id >= 7406837) AND (id <= 7406937))

table 7 : explain SELECT id FROM sbtest7 WHERE id BETWEEN 7406837 AND 7406937
	Index Only Scan using sbtest7_pkey on sbtest7  (cost=0.43..6.32 rows=94 width=4)
	  Index Cond: ((id >= 7406837) AND (id <= 7406937))

table 8 : explain SELECT id FROM sbtest8 WHERE id BETWEEN 7406837 AND 7406937
	Index Only Scan using sbtest8_pkey on sbtest8  (cost=0.43..6.59 rows=108 width=4)
	  Index Cond: ((id >= 7406837) AND (id <= 7406937))

explain: for range-covered :: explain SELECT id FROM sbtest%d WHERE id BETWEEN 6122442 AND 6122542
explain: for range-covered :: explain SELECT id FROM sbtest%d WHERE id BETWEEN 7406837 AND 7406937
for range-covered
table 1 : explain SELECT id FROM sbtest1 WHERE id BETWEEN 5878745 AND 5878845
	Index Only Scan using sbtest1_pkey on sbtest1  (cost=0.43..10.62 rows=109 width=4)
	  Index Cond: ((id >= 5878745) AND (id <= 5878845))

table 2 : explain SELECT id FROM sbtest2 WHERE id BETWEEN 5878745 AND 5878845
	Index Only Scan using sbtest2_pkey on sbtest2  (cost=0.43..6.47 rows=102 width=4)
	  Index Cond: ((id >= 5878745) AND (id <= 5878845))

table 3 : explain SELECT id FROM sbtest3 WHERE id BETWEEN 5878745 AND 5878845
	Index Only Scan using sbtest3_pkey on sbtest3  (cost=0.43..6.45 rows=101 width=4)
	  Index Cond: ((id >= 5878745) AND (id <= 5878845))

table 4 : explain SELECT id FROM sbtest4 WHERE id BETWEEN 5878745 AND 5878845
	Index Only Scan using sbtest4_pkey on sbtest4  (cost=0.43..10.58 rows=107 width=4)
	  Index Cond: ((id >= 5878745) AND (id <= 5878845))

table 5 : explain SELECT id FROM sbtest5 WHERE id BETWEEN 5878745 AND 5878845
	Index Only Scan using sbtest5_pkey on sbtest5  (cost=0.43..10.63 rows=110 width=4)
	  Index Cond: ((id >= 5878745) AND (id <= 5878845))

table 6 : explain SELECT id FROM sbtest6 WHERE id BETWEEN 5878745 AND 5878845
	Index Only Scan using sbtest6_pkey on sbtest6  (cost=0.43..6.58 rows=107 width=4)
	  Index Cond: ((id >= 5878745) AND (id <= 5878845))

table 7 : explain SELECT id FROM sbtest7 WHERE id BETWEEN 5878745 AND 5878845
	Index Only Scan using sbtest7_pkey on sbtest7  (cost=0.43..6.53 rows=105 width=4)
	  Index Cond: ((id >= 5878745) AND (id <= 5878845))

table 8 : explain SELECT id FROM sbtest8 WHERE id BETWEEN 5878745 AND 5878845
	Index Only Scan using sbtest8_pkey on sbtest8  (cost=0.43..6.51 rows=104 width=4)
	  Index Cond: ((id >= 5878745) AND (id <= 5878845))

explain: for range-covered :: explain SELECT id FROM sbtest%d WHERE id BETWEEN 5878745 AND 5878845
explain: for range-covered :: explain SELECT id FROM sbtest%d WHERE id BETWEEN 7243835 AND 7243935
for range-covered
table 1 : explain SELECT id FROM sbtest1 WHERE id BETWEEN 2552651 AND 2552751
	Index Only Scan using sbtest1_pkey on sbtest1  (cost=0.43..10.36 rows=96 width=4)
	  Index Cond: ((id >= 2552651) AND (id <= 2552751))

table 2 : explain SELECT id FROM sbtest2 WHERE id BETWEEN 2552651 AND 2552751
	Index Only Scan using sbtest2_pkey on sbtest2  (cost=0.43..6.56 rows=106 width=4)
	  Index Cond: ((id >= 2552651) AND (id <= 2552751))

table 3 : explain SELECT id FROM sbtest3 WHERE id BETWEEN 2552651 AND 2552751
	Index Only Scan using sbtest3_pkey on sbtest3  (cost=0.43..6.24 rows=90 width=4)
	  Index Cond: ((id >= 2552651) AND (id <= 2552751))

table 4 : explain SELECT id FROM sbtest4 WHERE id BETWEEN 2552651 AND 2552751
	Index Only Scan using sbtest4_pkey on sbtest4  (cost=0.43..10.56 rows=106 width=4)
	  Index Cond: ((id >= 2552651) AND (id <= 2552751))

table 5 : explain SELECT id FROM sbtest5 WHERE id BETWEEN 2552651 AND 2552751
	Index Only Scan using sbtest5_pkey on sbtest5  (cost=0.43..10.46 rows=101 width=4)
	  Index Cond: ((id >= 2552651) AND (id <= 2552751))

table 6 : explain SELECT id FROM sbtest6 WHERE id BETWEEN 2552651 AND 2552751
	Index Only Scan using sbtest6_pkey on sbtest6  (cost=0.43..6.50 rows=103 width=4)
	  Index Cond: ((id >= 2552651) AND (id <= 2552751))

table 7 : explain SELECT id FROM sbtest7 WHERE id BETWEEN 2552651 AND 2552751
	Index Only Scan using sbtest7_pkey on sbtest7  (cost=0.43..6.56 rows=106 width=4)
	  Index Cond: ((id >= 2552651) AND (id <= 2552751))

table 8 : explain SELECT id FROM sbtest8 WHERE id BETWEEN 2552651 AND 2552751
	Index Only Scan using sbtest8_pkey on sbtest8  (cost=0.43..6.69 rows=113 width=4)
	  Index Cond: ((id >= 2552651) AND (id <= 2552751))

explain: for range-covered :: explain SELECT id FROM sbtest%d WHERE id BETWEEN 2552651 AND 2552751
for range-covered
table 1 : explain SELECT id FROM sbtest1 WHERE id BETWEEN 5878745 AND 5878845
	Index Only Scan using sbtest1_pkey on sbtest1  (cost=0.43..10.62 rows=109 width=4)
	  Index Cond: ((id >= 5878745) AND (id <= 5878845))

table 2 : explain SELECT id FROM sbtest2 WHERE id BETWEEN 5878745 AND 5878845
	Index Only Scan using sbtest2_pkey on sbtest2  (cost=0.43..6.47 rows=102 width=4)
	  Index Cond: ((id >= 5878745) AND (id <= 5878845))

table 3 : explain SELECT id FROM sbtest3 WHERE id BETWEEN 5878745 AND 5878845
	Index Only Scan using sbtest3_pkey on sbtest3  (cost=0.43..6.45 rows=101 width=4)
	  Index Cond: ((id >= 5878745) AND (id <= 5878845))

table 4 : explain SELECT id FROM sbtest4 WHERE id BETWEEN 5878745 AND 5878845
	Index Only Scan using sbtest4_pkey on sbtest4  (cost=0.43..10.58 rows=107 width=4)
	  Index Cond: ((id >= 5878745) AND (id <= 5878845))

table 5 : explain SELECT id FROM sbtest5 WHERE id BETWEEN 5878745 AND 5878845
	Index Only Scan using sbtest5_pkey on sbtest5  (cost=0.43..10.63 rows=110 width=4)
	  Index Cond: ((id >= 5878745) AND (id <= 5878845))

table 6 : explain SELECT id FROM sbtest6 WHERE id BETWEEN 5878745 AND 5878845
	Index Only Scan using sbtest6_pkey on sbtest6  (cost=0.43..6.58 rows=107 width=4)
	  Index Cond: ((id >= 5878745) AND (id <= 5878845))

table 7 : explain SELECT id FROM sbtest7 WHERE id BETWEEN 5878745 AND 5878845
	Index Only Scan using sbtest7_pkey on sbtest7  (cost=0.43..6.53 rows=105 width=4)
	  Index Cond: ((id >= 5878745) AND (id <= 5878845))

table 8 : explain SELECT id FROM sbtest8 WHERE id BETWEEN 5878745 AND 5878845
	Index Only Scan using sbtest8_pkey on sbtest8  (cost=0.43..6.51 rows=104 width=4)
	  Index Cond: ((id >= 5878745) AND (id <= 5878845))

explain: for range-covered :: explain SELECT id FROM sbtest%d WHERE id BETWEEN 5878745 AND 5878845
for range-covered
table 1 : explain SELECT id FROM sbtest1 WHERE id BETWEEN 8871111 AND 8871211
	Index Only Scan using sbtest1_pkey on sbtest1  (cost=0.43..10.44 rows=100 width=4)
	  Index Cond: ((id >= 8871111) AND (id <= 8871211))

table 2 : explain SELECT id FROM sbtest2 WHERE id BETWEEN 8871111 AND 8871211
	Index Only Scan using sbtest2_pkey on sbtest2  (cost=0.43..6.42 rows=99 width=4)
	  Index Cond: ((id >= 8871111) AND (id <= 8871211))

table 3 : explain SELECT id FROM sbtest3 WHERE id BETWEEN 8871111 AND 8871211
	Index Only Scan using sbtest3_pkey on sbtest3  (cost=0.43..6.45 rows=101 width=4)
	  Index Cond: ((id >= 8871111) AND (id <= 8871211))

table 4 : explain SELECT id FROM sbtest4 WHERE id BETWEEN 8871111 AND 8871211
	Index Only Scan using sbtest4_pkey on sbtest4  (cost=0.43..10.42 rows=99 width=4)
	  Index Cond: ((id >= 8871111) AND (id <= 8871211))

table 5 : explain SELECT id FROM sbtest5 WHERE id BETWEEN 8871111 AND 8871211
	Index Only Scan using sbtest5_pkey on sbtest5  (cost=0.43..10.42 rows=99 width=4)
	  Index Cond: ((id >= 8871111) AND (id <= 8871211))

table 6 : explain SELECT id FROM sbtest6 WHERE id BETWEEN 8871111 AND 8871211
	Index Only Scan using sbtest6_pkey on sbtest6  (cost=0.43..6.25 rows=91 width=4)
	  Index Cond: ((id >= 8871111) AND (id <= 8871211))

table 7 : explain SELECT id FROM sbtest7 WHERE id BETWEEN 8871111 AND 8871211
	Index Only Scan using sbtest7_pkey on sbtest7  (cost=0.43..6.47 rows=102 width=4)
	  Index Cond: ((id >= 8871111) AND (id <= 8871211))

table 8 : explain SELECT id FROM sbtest8 WHERE id BETWEEN 8871111 AND 8871211
	Index Only Scan using sbtest8_pkey on sbtest8  (cost=0.43..6.43 rows=100 width=4)
	  Index Cond: ((id >= 8871111) AND (id <= 8871211))

explain: for range-covered :: explain SELECT id FROM sbtest%d WHERE id BETWEEN 8871111 AND 8871211
for range-covered
table 1 : explain SELECT id FROM sbtest1 WHERE id BETWEEN 2552651 AND 2552751
	Index Only Scan using sbtest1_pkey on sbtest1  (cost=0.43..10.36 rows=96 width=4)
	  Index Cond: ((id >= 2552651) AND (id <= 2552751))

table 2 : explain SELECT id FROM sbtest2 WHERE id BETWEEN 2552651 AND 2552751
	Index Only Scan using sbtest2_pkey on sbtest2  (cost=0.43..6.56 rows=106 width=4)
	  Index Cond: ((id >= 2552651) AND (id <= 2552751))

table 3 : explain SELECT id FROM sbtest3 WHERE id BETWEEN 2552651 AND 2552751
	Index Only Scan using sbtest3_pkey on sbtest3  (cost=0.43..6.24 rows=90 width=4)
	  Index Cond: ((id >= 2552651) AND (id <= 2552751))

table 4 : explain SELECT id FROM sbtest4 WHERE id BETWEEN 2552651 AND 2552751
	Index Only Scan using sbtest4_pkey on sbtest4  (cost=0.43..10.56 rows=106 width=4)
	  Index Cond: ((id >= 2552651) AND (id <= 2552751))

table 5 : explain SELECT id FROM sbtest5 WHERE id BETWEEN 2552651 AND 2552751
	Index Only Scan using sbtest5_pkey on sbtest5  (cost=0.43..10.46 rows=101 width=4)
	  Index Cond: ((id >= 2552651) AND (id <= 2552751))

table 6 : explain SELECT id FROM sbtest6 WHERE id BETWEEN 2552651 AND 2552751
	Index Only Scan using sbtest6_pkey on sbtest6  (cost=0.43..6.50 rows=103 width=4)
	  Index Cond: ((id >= 2552651) AND (id <= 2552751))

table 7 : explain SELECT id FROM sbtest7 WHERE id BETWEEN 2552651 AND 2552751
	Index Only Scan using sbtest7_pkey on sbtest7  (cost=0.43..6.56 rows=106 width=4)
	  Index Cond: ((id >= 2552651) AND (id <= 2552751))

table 8 : explain SELECT id FROM sbtest8 WHERE id BETWEEN 2552651 AND 2552751
	Index Only Scan using sbtest8_pkey on sbtest8  (cost=0.43..6.69 rows=113 width=4)
	  Index Cond: ((id >= 2552651) AND (id <= 2552751))

explain: for range-covered :: explain SELECT id FROM sbtest%d WHERE id BETWEEN 2552651 AND 2552751
for range-covered
table 1 : explain SELECT id FROM sbtest1 WHERE id BETWEEN 5878745 AND 5878845
	Index Only Scan using sbtest1_pkey on sbtest1  (cost=0.43..10.62 rows=109 width=4)
	  Index Cond: ((id >= 5878745) AND (id <= 5878845))

table 2 : explain SELECT id FROM sbtest2 WHERE id BETWEEN 5878745 AND 5878845
	Index Only Scan using sbtest2_pkey on sbtest2  (cost=0.43..6.47 rows=102 width=4)
	  Index Cond: ((id >= 5878745) AND (id <= 5878845))

table 3 : explain SELECT id FROM sbtest3 WHERE id BETWEEN 5878745 AND 5878845
	Index Only Scan using sbtest3_pkey on sbtest3  (cost=0.43..6.45 rows=101 width=4)
	  Index Cond: ((id >= 5878745) AND (id <= 5878845))

table 4 : explain SELECT id FROM sbtest4 WHERE id BETWEEN 5878745 AND 5878845
	Index Only Scan using sbtest4_pkey on sbtest4  (cost=0.43..10.58 rows=107 width=4)
	  Index Cond: ((id >= 5878745) AND (id <= 5878845))

table 5 : explain SELECT id FROM sbtest5 WHERE id BETWEEN 5878745 AND 5878845
	Index Only Scan using sbtest5_pkey on sbtest5  (cost=0.43..10.63 rows=110 width=4)
	  Index Cond: ((id >= 5878745) AND (id <= 5878845))

table 6 : explain SELECT id FROM sbtest6 WHERE id BETWEEN 5878745 AND 5878845
	Index Only Scan using sbtest6_pkey on sbtest6  (cost=0.43..6.58 rows=107 width=4)
	  Index Cond: ((id >= 5878745) AND (id <= 5878845))

table 7 : explain SELECT id FROM sbtest7 WHERE id BETWEEN 5878745 AND 5878845
	Index Only Scan using sbtest7_pkey on sbtest7  (cost=0.43..6.53 rows=105 width=4)
	  Index Cond: ((id >= 5878745) AND (id <= 5878845))

table 8 : explain SELECT id FROM sbtest8 WHERE id BETWEEN 5878745 AND 5878845
	Index Only Scan using sbtest8_pkey on sbtest8  (cost=0.43..6.51 rows=104 width=4)
	  Index Cond: ((id >= 5878745) AND (id <= 5878845))

explain: for range-covered :: explain SELECT id FROM sbtest%d WHERE id BETWEEN 5878745 AND 5878845
explain: for range-covered :: explain SELECT id FROM sbtest%d WHERE id BETWEEN 5019936 AND 5020036
for range-covered
table 1 : explain SELECT id FROM sbtest1 WHERE id BETWEEN 8871111 AND 8871211
	Index Only Scan using sbtest1_pkey on sbtest1  (cost=0.43..10.44 rows=100 width=4)
	  Index Cond: ((id >= 8871111) AND (id <= 8871211))

table 2 : explain SELECT id FROM sbtest2 WHERE id BETWEEN 8871111 AND 8871211
	Index Only Scan using sbtest2_pkey on sbtest2  (cost=0.43..6.42 rows=99 width=4)
	  Index Cond: ((id >= 8871111) AND (id <= 8871211))

table 3 : explain SELECT id FROM sbtest3 WHERE id BETWEEN 8871111 AND 8871211
	Index Only Scan using sbtest3_pkey on sbtest3  (cost=0.43..6.45 rows=101 width=4)
	  Index Cond: ((id >= 8871111) AND (id <= 8871211))

table 4 : explain SELECT id FROM sbtest4 WHERE id BETWEEN 8871111 AND 8871211
	Index Only Scan using sbtest4_pkey on sbtest4  (cost=0.43..10.42 rows=99 width=4)
	  Index Cond: ((id >= 8871111) AND (id <= 8871211))

table 5 : explain SELECT id FROM sbtest5 WHERE id BETWEEN 8871111 AND 8871211
	Index Only Scan using sbtest5_pkey on sbtest5  (cost=0.43..10.42 rows=99 width=4)
	  Index Cond: ((id >= 8871111) AND (id <= 8871211))

table 6 : explain SELECT id FROM sbtest6 WHERE id BETWEEN 8871111 AND 8871211
	Index Only Scan using sbtest6_pkey on sbtest6  (cost=0.43..6.25 rows=91 width=4)
	  Index Cond: ((id >= 8871111) AND (id <= 8871211))

table 7 : explain SELECT id FROM sbtest7 WHERE id BETWEEN 8871111 AND 8871211
	Index Only Scan using sbtest7_pkey on sbtest7  (cost=0.43..6.47 rows=102 width=4)
	  Index Cond: ((id >= 8871111) AND (id <= 8871211))

table 8 : explain SELECT id FROM sbtest8 WHERE id BETWEEN 8871111 AND 8871211
	Index Only Scan using sbtest8_pkey on sbtest8  (cost=0.43..6.43 rows=100 width=4)
	  Index Cond: ((id >= 8871111) AND (id <= 8871211))

explain: for range-covered :: explain SELECT id FROM sbtest%d WHERE id BETWEEN 8871111 AND 8871211
explain: for range-covered :: explain SELECT id FROM sbtest%d WHERE id BETWEEN 5177444 AND 5177544
explain: for range-covered :: explain SELECT id FROM sbtest%d WHERE id BETWEEN 4432292 AND 4432392
for range-covered
table 1 : explain SELECT id FROM sbtest1 WHERE id BETWEEN 2552651 AND 2552751
	Index Only Scan using sbtest1_pkey on sbtest1  (cost=0.43..10.36 rows=96 width=4)
	  Index Cond: ((id >= 2552651) AND (id <= 2552751))

table 2 : explain SELECT id FROM sbtest2 WHERE id BETWEEN 2552651 AND 2552751
	Index Only Scan using sbtest2_pkey on sbtest2  (cost=0.43..6.56 rows=106 width=4)
	  Index Cond: ((id >= 2552651) AND (id <= 2552751))

table 3 : explain SELECT id FROM sbtest3 WHERE id BETWEEN 2552651 AND 2552751
	Index Only Scan using sbtest3_pkey on sbtest3  (cost=0.43..6.24 rows=90 width=4)
	  Index Cond: ((id >= 2552651) AND (id <= 2552751))

table 4 : explain SELECT id FROM sbtest4 WHERE id BETWEEN 2552651 AND 2552751
	Index Only Scan using sbtest4_pkey on sbtest4  (cost=0.43..10.56 rows=106 width=4)
	  Index Cond: ((id >= 2552651) AND (id <= 2552751))

table 5 : explain SELECT id FROM sbtest5 WHERE id BETWEEN 2552651 AND 2552751
	Index Only Scan using sbtest5_pkey on sbtest5  (cost=0.43..10.46 rows=101 width=4)
	  Index Cond: ((id >= 2552651) AND (id <= 2552751))

table 6 : explain SELECT id FROM sbtest6 WHERE id BETWEEN 2552651 AND 2552751
	Index Only Scan using sbtest6_pkey on sbtest6  (cost=0.43..6.50 rows=103 width=4)
	  Index Cond: ((id >= 2552651) AND (id <= 2552751))

table 7 : explain SELECT id FROM sbtest7 WHERE id BETWEEN 2552651 AND 2552751
	Index Only Scan using sbtest7_pkey on sbtest7  (cost=0.43..6.56 rows=106 width=4)
	  Index Cond: ((id >= 2552651) AND (id <= 2552751))

table 8 : explain SELECT id FROM sbtest8 WHERE id BETWEEN 2552651 AND 2552751
	Index Only Scan using sbtest8_pkey on sbtest8  (cost=0.43..6.69 rows=113 width=4)
	  Index Cond: ((id >= 2552651) AND (id <= 2552751))

explain: for range-covered :: explain SELECT id FROM sbtest%d WHERE id BETWEEN 4813413 AND 4813513
for range-covered
table 1 : explain SELECT id FROM sbtest1 WHERE id BETWEEN 5878745 AND 5878845
	Index Only Scan using sbtest1_pkey on sbtest1  (cost=0.43..10.62 rows=109 width=4)
	  Index Cond: ((id >= 5878745) AND (id <= 5878845))

table 2 : explain SELECT id FROM sbtest2 WHERE id BETWEEN 5878745 AND 5878845
	Index Only Scan using sbtest2_pkey on sbtest2  (cost=0.43..6.47 rows=102 width=4)
	  Index Cond: ((id >= 5878745) AND (id <= 5878845))

table 3 : explain SELECT id FROM sbtest3 WHERE id BETWEEN 5878745 AND 5878845
	Index Only Scan using sbtest3_pkey on sbtest3  (cost=0.43..6.45 rows=101 width=4)
	  Index Cond: ((id >= 5878745) AND (id <= 5878845))

table 4 : explain SELECT id FROM sbtest4 WHERE id BETWEEN 5878745 AND 5878845
	Index Only Scan using sbtest4_pkey on sbtest4  (cost=0.43..10.58 rows=107 width=4)
	  Index Cond: ((id >= 5878745) AND (id <= 5878845))

table 5 : explain SELECT id FROM sbtest5 WHERE id BETWEEN 5878745 AND 5878845
	Index Only Scan using sbtest5_pkey on sbtest5  (cost=0.43..10.63 rows=110 width=4)
	  Index Cond: ((id >= 5878745) AND (id <= 5878845))

table 6 : explain SELECT id FROM sbtest6 WHERE id BETWEEN 5878745 AND 5878845
	Index Only Scan using sbtest6_pkey on sbtest6  (cost=0.43..6.58 rows=107 width=4)
	  Index Cond: ((id >= 5878745) AND (id <= 5878845))

table 7 : explain SELECT id FROM sbtest7 WHERE id BETWEEN 5878745 AND 5878845
	Index Only Scan using sbtest7_pkey on sbtest7  (cost=0.43..6.53 rows=105 width=4)
	  Index Cond: ((id >= 5878745) AND (id <= 5878845))

table 8 : explain SELECT id FROM sbtest8 WHERE id BETWEEN 5878745 AND 5878845
	Index Only Scan using sbtest8_pkey on sbtest8  (cost=0.43..6.51 rows=104 width=4)
	  Index Cond: ((id >= 5878745) AND (id <= 5878845))

explain: for range-covered :: explain SELECT id FROM sbtest%d WHERE id BETWEEN 6767635 AND 6767735
for range-covered
table 1 : explain SELECT id FROM sbtest1 WHERE id BETWEEN 2287759 AND 2287859
	Index Only Scan using sbtest1_pkey on sbtest1  (cost=0.43..10.44 rows=100 width=4)
	  Index Cond: ((id >= 2287759) AND (id <= 2287859))

table 2 : explain SELECT id FROM sbtest2 WHERE id BETWEEN 2287759 AND 2287859
	Index Only Scan using sbtest2_pkey on sbtest2  (cost=0.43..6.45 rows=101 width=4)
	  Index Cond: ((id >= 2287759) AND (id <= 2287859))

table 3 : explain SELECT id FROM sbtest3 WHERE id BETWEEN 2287759 AND 2287859
	Index Only Scan using sbtest3_pkey on sbtest3  (cost=0.43..6.56 rows=106 width=4)
	  Index Cond: ((id >= 2287759) AND (id <= 2287859))

table 4 : explain SELECT id FROM sbtest4 WHERE id BETWEEN 2287759 AND 2287859
	Index Only Scan using sbtest4_pkey on sbtest4  (cost=0.43..10.54 rows=105 width=4)
	  Index Cond: ((id >= 2287759) AND (id <= 2287859))

table 5 : explain SELECT id FROM sbtest5 WHERE id BETWEEN 2287759 AND 2287859
	Index Only Scan using sbtest5_pkey on sbtest5  (cost=0.43..10.44 rows=100 width=4)
	  Index Cond: ((id >= 2287759) AND (id <= 2287859))

table 6 : explain SELECT id FROM sbtest6 WHERE id BETWEEN 2287759 AND 2287859
	Index Only Scan using sbtest6_pkey on sbtest6  (cost=0.43..6.35 rows=96 width=4)
	  Index Cond: ((id >= 2287759) AND (id <= 2287859))

table 7 : explain SELECT id FROM sbtest7 WHERE id BETWEEN 2287759 AND 2287859
	Index Only Scan using sbtest7_pkey on sbtest7  (cost=0.43..6.51 rows=104 width=4)
	  Index Cond: ((id >= 2287759) AND (id <= 2287859))

table 8 : explain SELECT id FROM sbtest8 WHERE id BETWEEN 2287759 AND 2287859
	Index Only Scan using sbtest8_pkey on sbtest8  (cost=0.43..6.43 rows=100 width=4)
	  Index Cond: ((id >= 2287759) AND (id <= 2287859))

for range-covered
table 1 : explain SELECT id FROM sbtest1 WHERE id BETWEEN 8871111 AND 8871211
	Index Only Scan using sbtest1_pkey on sbtest1  (cost=0.43..10.44 rows=100 width=4)
	  Index Cond: ((id >= 8871111) AND (id <= 8871211))

table 2 : explain SELECT id FROM sbtest2 WHERE id BETWEEN 8871111 AND 8871211
	Index Only Scan using sbtest2_pkey on sbtest2  (cost=0.43..6.42 rows=99 width=4)
	  Index Cond: ((id >= 8871111) AND (id <= 8871211))

table 3 : explain SELECT id FROM sbtest3 WHERE id BETWEEN 8871111 AND 8871211
	Index Only Scan using sbtest3_pkey on sbtest3  (cost=0.43..6.45 rows=101 width=4)
	  Index Cond: ((id >= 8871111) AND (id <= 8871211))

table 4 : explain SELECT id FROM sbtest4 WHERE id BETWEEN 8871111 AND 8871211
	Index Only Scan using sbtest4_pkey on sbtest4  (cost=0.43..10.42 rows=99 width=4)
	  Index Cond: ((id >= 8871111) AND (id <= 8871211))

table 5 : explain SELECT id FROM sbtest5 WHERE id BETWEEN 8871111 AND 8871211
	Index Only Scan using sbtest5_pkey on sbtest5  (cost=0.43..10.42 rows=99 width=4)
	  Index Cond: ((id >= 8871111) AND (id <= 8871211))

table 6 : explain SELECT id FROM sbtest6 WHERE id BETWEEN 8871111 AND 8871211
	Index Only Scan using sbtest6_pkey on sbtest6  (cost=0.43..6.25 rows=91 width=4)
	  Index Cond: ((id >= 8871111) AND (id <= 8871211))

table 7 : explain SELECT id FROM sbtest7 WHERE id BETWEEN 8871111 AND 8871211
	Index Only Scan using sbtest7_pkey on sbtest7  (cost=0.43..6.47 rows=102 width=4)
	  Index Cond: ((id >= 8871111) AND (id <= 8871211))

table 8 : explain SELECT id FROM sbtest8 WHERE id BETWEEN 8871111 AND 8871211
	Index Only Scan using sbtest8_pkey on sbtest8  (cost=0.43..6.43 rows=100 width=4)
	  Index Cond: ((id >= 8871111) AND (id <= 8871211))

explain: for range-covered :: explain SELECT id FROM sbtest%d WHERE id BETWEEN 2287759 AND 2287859
explain: for range-covered :: explain SELECT id FROM sbtest%d WHERE id BETWEEN 8871111 AND 8871211
for range-covered
table 1 : explain SELECT id FROM sbtest1 WHERE id BETWEEN 6122442 AND 6122542
	Index Only Scan using sbtest1_pkey on sbtest1  (cost=0.43..10.32 rows=94 width=4)
	  Index Cond: ((id >= 6122442) AND (id <= 6122542))

table 2 : explain SELECT id FROM sbtest2 WHERE id BETWEEN 6122442 AND 6122542
	Index Only Scan using sbtest2_pkey on sbtest2  (cost=0.43..6.51 rows=104 width=4)
	  Index Cond: ((id >= 6122442) AND (id <= 6122542))

table 3 : explain SELECT id FROM sbtest3 WHERE id BETWEEN 6122442 AND 6122542
	Index Only Scan using sbtest3_pkey on sbtest3  (cost=0.43..6.47 rows=102 width=4)
	  Index Cond: ((id >= 6122442) AND (id <= 6122542))

table 4 : explain SELECT id FROM sbtest4 WHERE id BETWEEN 6122442 AND 6122542
	Index Only Scan using sbtest4_pkey on sbtest4  (cost=0.43..10.28 rows=92 width=4)
	  Index Cond: ((id >= 6122442) AND (id <= 6122542))

table 5 : explain SELECT id FROM sbtest5 WHERE id BETWEEN 6122442 AND 6122542
	Index Only Scan using sbtest5_pkey on sbtest5  (cost=0.43..10.44 rows=100 width=4)
	  Index Cond: ((id >= 6122442) AND (id <= 6122542))

table 6 : explain SELECT id FROM sbtest6 WHERE id BETWEEN 6122442 AND 6122542
	Index Only Scan using sbtest6_pkey on sbtest6  (cost=0.43..6.50 rows=103 width=4)
	  Index Cond: ((id >= 6122442) AND (id <= 6122542))

table 7 : explain SELECT id FROM sbtest7 WHERE id BETWEEN 6122442 AND 6122542
	Index Only Scan using sbtest7_pkey on sbtest7  (cost=0.43..6.42 rows=99 width=4)
	  Index Cond: ((id >= 6122442) AND (id <= 6122542))

table 8 : explain SELECT id FROM sbtest8 WHERE id BETWEEN 6122442 AND 6122542
	Index Only Scan using sbtest8_pkey on sbtest8  (cost=0.43..6.56 rows=106 width=4)
	  Index Cond: ((id >= 6122442) AND (id <= 6122542))

for range-covered
table 1 : explain SELECT id FROM sbtest1 WHERE id BETWEEN 724687 AND 724787
	Index Only Scan using sbtest1_pkey on sbtest1  (cost=0.43..10.38 rows=97 width=4)
	  Index Cond: ((id >= 724687) AND (id <= 724787))

table 2 : explain SELECT id FROM sbtest2 WHERE id BETWEEN 724687 AND 724787
	Index Only Scan using sbtest2_pkey on sbtest2  (cost=0.43..6.40 rows=98 width=4)
	  Index Cond: ((id >= 724687) AND (id <= 724787))

table 3 : explain SELECT id FROM sbtest3 WHERE id BETWEEN 724687 AND 724787
	Index Only Scan using sbtest3_pkey on sbtest3  (cost=0.43..6.25 rows=91 width=4)
	  Index Cond: ((id >= 724687) AND (id <= 724787))

table 4 : explain SELECT id FROM sbtest4 WHERE id BETWEEN 724687 AND 724787
	Index Only Scan using sbtest4_pkey on sbtest4  (cost=0.43..10.58 rows=107 width=4)
	  Index Cond: ((id >= 724687) AND (id <= 724787))

table 5 : explain SELECT id FROM sbtest5 WHERE id BETWEEN 724687 AND 724787
	Index Only Scan using sbtest5_pkey on sbtest5  (cost=0.43..10.63 rows=110 width=4)
	  Index Cond: ((id >= 724687) AND (id <= 724787))

table 6 : explain SELECT id FROM sbtest6 WHERE id BETWEEN 724687 AND 724787
	Index Only Scan using sbtest6_pkey on sbtest6  (cost=0.43..6.56 rows=106 width=4)
	  Index Cond: ((id >= 724687) AND (id <= 724787))

table 7 : explain SELECT id FROM sbtest7 WHERE id BETWEEN 724687 AND 724787
	Index Only Scan using sbtest7_pkey on sbtest7  (cost=0.43..6.37 rows=97 width=4)
	  Index Cond: ((id >= 724687) AND (id <= 724787))

table 8 : explain SELECT id FROM sbtest8 WHERE id BETWEEN 724687 AND 724787
	Index Only Scan using sbtest8_pkey on sbtest8  (cost=0.43..6.51 rows=104 width=4)
	  Index Cond: ((id >= 724687) AND (id <= 724787))

explain: for range-covered :: explain SELECT id FROM sbtest%d WHERE id BETWEEN 724687 AND 724787
explain: for range-covered :: explain SELECT id FROM sbtest%d WHERE id BETWEEN 2552651 AND 2552751
for range-covered
table 1 : explain SELECT id FROM sbtest1 WHERE id BETWEEN 8871111 AND 8871211
	Index Only Scan using sbtest1_pkey on sbtest1  (cost=0.43..10.44 rows=100 width=4)
	  Index Cond: ((id >= 8871111) AND (id <= 8871211))

table 2 : explain SELECT id FROM sbtest2 WHERE id BETWEEN 8871111 AND 8871211
	Index Only Scan using sbtest2_pkey on sbtest2  (cost=0.43..6.42 rows=99 width=4)
	  Index Cond: ((id >= 8871111) AND (id <= 8871211))

table 3 : explain SELECT id FROM sbtest3 WHERE id BETWEEN 8871111 AND 8871211
	Index Only Scan using sbtest3_pkey on sbtest3  (cost=0.43..6.45 rows=101 width=4)
	  Index Cond: ((id >= 8871111) AND (id <= 8871211))

table 4 : explain SELECT id FROM sbtest4 WHERE id BETWEEN 8871111 AND 8871211
	Index Only Scan using sbtest4_pkey on sbtest4  (cost=0.43..10.42 rows=99 width=4)
	  Index Cond: ((id >= 8871111) AND (id <= 8871211))

table 5 : explain SELECT id FROM sbtest5 WHERE id BETWEEN 8871111 AND 8871211
	Index Only Scan using sbtest5_pkey on sbtest5  (cost=0.43..10.42 rows=99 width=4)
	  Index Cond: ((id >= 8871111) AND (id <= 8871211))

table 6 : explain SELECT id FROM sbtest6 WHERE id BETWEEN 8871111 AND 8871211
	Index Only Scan using sbtest6_pkey on sbtest6  (cost=0.43..6.25 rows=91 width=4)
	  Index Cond: ((id >= 8871111) AND (id <= 8871211))

table 7 : explain SELECT id FROM sbtest7 WHERE id BETWEEN 8871111 AND 8871211
	Index Only Scan using sbtest7_pkey on sbtest7  (cost=0.43..6.47 rows=102 width=4)
	  Index Cond: ((id >= 8871111) AND (id <= 8871211))

table 8 : explain SELECT id FROM sbtest8 WHERE id BETWEEN 8871111 AND 8871211
	Index Only Scan using sbtest8_pkey on sbtest8  (cost=0.43..6.43 rows=100 width=4)
	  Index Cond: ((id >= 8871111) AND (id <= 8871211))

explain: for range-covered :: explain SELECT id FROM sbtest%d WHERE id BETWEEN 8871111 AND 8871211
for range-covered
table 1 : explain SELECT id FROM sbtest1 WHERE id BETWEEN 7243835 AND 7243935
	Index Only Scan using sbtest1_pkey on sbtest1  (cost=0.43..10.50 rows=103 width=4)
	  Index Cond: ((id >= 7243835) AND (id <= 7243935))

table 2 : explain SELECT id FROM sbtest2 WHERE id BETWEEN 7243835 AND 7243935
	Index Only Scan using sbtest2_pkey on sbtest2  (cost=0.43..6.51 rows=104 width=4)
	  Index Cond: ((id >= 7243835) AND (id <= 7243935))

table 3 : explain SELECT id FROM sbtest3 WHERE id BETWEEN 7243835 AND 7243935
	Index Only Scan using sbtest3_pkey on sbtest3  (cost=0.43..6.53 rows=105 width=4)
	  Index Cond: ((id >= 7243835) AND (id <= 7243935))

table 4 : explain SELECT id FROM sbtest4 WHERE id BETWEEN 7243835 AND 7243935
	Index Only Scan using sbtest4_pkey on sbtest4  (cost=0.43..10.40 rows=98 width=4)
	  Index Cond: ((id >= 7243835) AND (id <= 7243935))

table 5 : explain SELECT id FROM sbtest5 WHERE id BETWEEN 7243835 AND 7243935
	Index Only Scan using sbtest5_pkey on sbtest5  (cost=0.43..10.33 rows=95 width=4)
	  Index Cond: ((id >= 7243835) AND (id <= 7243935))

table 6 : explain SELECT id FROM sbtest6 WHERE id BETWEEN 7243835 AND 7243935
	Index Only Scan using sbtest6_pkey on sbtest6  (cost=0.43..6.50 rows=103 width=4)
	  Index Cond: ((id >= 7243835) AND (id <= 7243935))

table 7 : explain SELECT id FROM sbtest7 WHERE id BETWEEN 7243835 AND 7243935
	Index Only Scan using sbtest7_pkey on sbtest7  (cost=0.43..6.59 rows=108 width=4)
	  Index Cond: ((id >= 7243835) AND (id <= 7243935))

table 8 : explain SELECT id FROM sbtest8 WHERE id BETWEEN 7243835 AND 7243935
	Index Only Scan using sbtest8_pkey on sbtest8  (cost=0.43..6.35 rows=96 width=4)
	  Index Cond: ((id >= 7243835) AND (id <= 7243935))

for range-covered
table 1 : explain SELECT id FROM sbtest1 WHERE id BETWEEN 724687 AND 724787
	Index Only Scan using sbtest1_pkey on sbtest1  (cost=0.43..10.38 rows=97 width=4)
	  Index Cond: ((id >= 724687) AND (id <= 724787))

table 2 : explain SELECT id FROM sbtest2 WHERE id BETWEEN 724687 AND 724787
	Index Only Scan using sbtest2_pkey on sbtest2  (cost=0.43..6.40 rows=98 width=4)
	  Index Cond: ((id >= 724687) AND (id <= 724787))

table 3 : explain SELECT id FROM sbtest3 WHERE id BETWEEN 724687 AND 724787
	Index Only Scan using sbtest3_pkey on sbtest3  (cost=0.43..6.25 rows=91 width=4)
	  Index Cond: ((id >= 724687) AND (id <= 724787))

table 4 : explain SELECT id FROM sbtest4 WHERE id BETWEEN 724687 AND 724787
	Index Only Scan using sbtest4_pkey on sbtest4  (cost=0.43..10.58 rows=107 width=4)
	  Index Cond: ((id >= 724687) AND (id <= 724787))

table 5 : explain SELECT id FROM sbtest5 WHERE id BETWEEN 724687 AND 724787
	Index Only Scan using sbtest5_pkey on sbtest5  (cost=0.43..10.63 rows=110 width=4)
	  Index Cond: ((id >= 724687) AND (id <= 724787))

table 6 : explain SELECT id FROM sbtest6 WHERE id BETWEEN 724687 AND 724787
	Index Only Scan using sbtest6_pkey on sbtest6  (cost=0.43..6.56 rows=106 width=4)
	  Index Cond: ((id >= 724687) AND (id <= 724787))

table 7 : explain SELECT id FROM sbtest7 WHERE id BETWEEN 724687 AND 724787
	Index Only Scan using sbtest7_pkey on sbtest7  (cost=0.43..6.37 rows=97 width=4)
	  Index Cond: ((id >= 724687) AND (id <= 724787))

table 8 : explain SELECT id FROM sbtest8 WHERE id BETWEEN 724687 AND 724787
	Index Only Scan using sbtest8_pkey on sbtest8  (cost=0.43..6.51 rows=104 width=4)
	  Index Cond: ((id >= 724687) AND (id <= 724787))

explain: for range-covered :: explain SELECT id FROM sbtest%d WHERE id BETWEEN 7243835 AND 7243935
explain: for range-covered :: explain SELECT id FROM sbtest%d WHERE id BETWEEN 5878745 AND 5878845
for range-covered
table 1 : explain SELECT id FROM sbtest1 WHERE id BETWEEN 838931 AND 839031
	Index Only Scan using sbtest1_pkey on sbtest1  (cost=0.43..10.33 rows=95 width=4)
	  Index Cond: ((id >= 838931) AND (id <= 839031))

table 2 : explain SELECT id FROM sbtest2 WHERE id BETWEEN 838931 AND 839031
	Index Only Scan using sbtest2_pkey on sbtest2  (cost=0.43..6.33 rows=95 width=4)
	  Index Cond: ((id >= 838931) AND (id <= 839031))

table 3 : explain SELECT id FROM sbtest3 WHERE id BETWEEN 838931 AND 839031
	Index Only Scan using sbtest3_pkey on sbtest3  (cost=0.43..6.59 rows=108 width=4)
	  Index Cond: ((id >= 838931) AND (id <= 839031))

table 4 : explain SELECT id FROM sbtest4 WHERE id BETWEEN 838931 AND 839031
	Index Only Scan using sbtest4_pkey on sbtest4  (cost=0.43..10.42 rows=99 width=4)
	  Index Cond: ((id >= 838931) AND (id <= 839031))

table 5 : explain SELECT id FROM sbtest5 WHERE id BETWEEN 838931 AND 839031
	Index Only Scan using sbtest5_pkey on sbtest5  (cost=0.43..10.51 rows=104 width=4)
	  Index Cond: ((id >= 838931) AND (id <= 839031))

table 6 : explain SELECT id FROM sbtest6 WHERE id BETWEEN 838931 AND 839031
	Index Only Scan using sbtest6_pkey on sbtest6  (cost=0.43..6.56 rows=106 width=4)
	  Index Cond: ((id >= 838931) AND (id <= 839031))

table 7 : explain SELECT id FROM sbtest7 WHERE id BETWEEN 838931 AND 839031
	Index Only Scan using sbtest7_pkey on sbtest7  (cost=0.43..6.43 rows=100 width=4)
	  Index Cond: ((id >= 838931) AND (id <= 839031))

table 8 : explain SELECT id FROM sbtest8 WHERE id BETWEEN 838931 AND 839031
	Index Only Scan using sbtest8_pkey on sbtest8  (cost=0.43..6.51 rows=104 width=4)
	  Index Cond: ((id >= 838931) AND (id <= 839031))

for range-covered
table 1 : explain SELECT id FROM sbtest1 WHERE id BETWEEN 8871111 AND 8871211
	Index Only Scan using sbtest1_pkey on sbtest1  (cost=0.43..10.44 rows=100 width=4)
	  Index Cond: ((id >= 8871111) AND (id <= 8871211))

table 2 : explain SELECT id FROM sbtest2 WHERE id BETWEEN 8871111 AND 8871211
	Index Only Scan using sbtest2_pkey on sbtest2  (cost=0.43..6.42 rows=99 width=4)
	  Index Cond: ((id >= 8871111) AND (id <= 8871211))

table 3 : explain SELECT id FROM sbtest3 WHERE id BETWEEN 8871111 AND 8871211
	Index Only Scan using sbtest3_pkey on sbtest3  (cost=0.43..6.45 rows=101 width=4)
	  Index Cond: ((id >= 8871111) AND (id <= 8871211))

table 4 : explain SELECT id FROM sbtest4 WHERE id BETWEEN 8871111 AND 8871211
	Index Only Scan using sbtest4_pkey on sbtest4  (cost=0.43..10.42 rows=99 width=4)
	  Index Cond: ((id >= 8871111) AND (id <= 8871211))

table 5 : explain SELECT id FROM sbtest5 WHERE id BETWEEN 8871111 AND 8871211
	Index Only Scan using sbtest5_pkey on sbtest5  (cost=0.43..10.42 rows=99 width=4)
	  Index Cond: ((id >= 8871111) AND (id <= 8871211))

table 6 : explain SELECT id FROM sbtest6 WHERE id BETWEEN 8871111 AND 8871211
	Index Only Scan using sbtest6_pkey on sbtest6  (cost=0.43..6.25 rows=91 width=4)
	  Index Cond: ((id >= 8871111) AND (id <= 8871211))

table 7 : explain SELECT id FROM sbtest7 WHERE id BETWEEN 8871111 AND 8871211
	Index Only Scan using sbtest7_pkey on sbtest7  (cost=0.43..6.47 rows=102 width=4)
	  Index Cond: ((id >= 8871111) AND (id <= 8871211))

table 8 : explain SELECT id FROM sbtest8 WHERE id BETWEEN 8871111 AND 8871211
	Index Only Scan using sbtest8_pkey on sbtest8  (cost=0.43..6.43 rows=100 width=4)
	  Index Cond: ((id >= 8871111) AND (id <= 8871211))

explain: for range-covered :: explain SELECT id FROM sbtest%d WHERE id BETWEEN 8871111 AND 8871211
for range-covered
table 1 : explain SELECT id FROM sbtest1 WHERE id BETWEEN 2287759 AND 2287859
	Index Only Scan using sbtest1_pkey on sbtest1  (cost=0.43..10.44 rows=100 width=4)
	  Index Cond: ((id >= 2287759) AND (id <= 2287859))

table 2 : explain SELECT id FROM sbtest2 WHERE id BETWEEN 2287759 AND 2287859
	Index Only Scan using sbtest2_pkey on sbtest2  (cost=0.43..6.45 rows=101 width=4)
	  Index Cond: ((id >= 2287759) AND (id <= 2287859))

table 3 : explain SELECT id FROM sbtest3 WHERE id BETWEEN 2287759 AND 2287859
	Index Only Scan using sbtest3_pkey on sbtest3  (cost=0.43..6.56 rows=106 width=4)
	  Index Cond: ((id >= 2287759) AND (id <= 2287859))

table 4 : explain SELECT id FROM sbtest4 WHERE id BETWEEN 2287759 AND 2287859
	Index Only Scan using sbtest4_pkey on sbtest4  (cost=0.43..10.54 rows=105 width=4)
	  Index Cond: ((id >= 2287759) AND (id <= 2287859))

table 5 : explain SELECT id FROM sbtest5 WHERE id BETWEEN 2287759 AND 2287859
	Index Only Scan using sbtest5_pkey on sbtest5  (cost=0.43..10.44 rows=100 width=4)
	  Index Cond: ((id >= 2287759) AND (id <= 2287859))

table 6 : explain SELECT id FROM sbtest6 WHERE id BETWEEN 2287759 AND 2287859
	Index Only Scan using sbtest6_pkey on sbtest6  (cost=0.43..6.35 rows=96 width=4)
	  Index Cond: ((id >= 2287759) AND (id <= 2287859))

table 7 : explain SELECT id FROM sbtest7 WHERE id BETWEEN 2287759 AND 2287859
	Index Only Scan using sbtest7_pkey on sbtest7  (cost=0.43..6.51 rows=104 width=4)
	  Index Cond: ((id >= 2287759) AND (id <= 2287859))

table 8 : explain SELECT id FROM sbtest8 WHERE id BETWEEN 2287759 AND 2287859
	Index Only Scan using sbtest8_pkey on sbtest8  (cost=0.43..6.43 rows=100 width=4)
	  Index Cond: ((id >= 2287759) AND (id <= 2287859))

for range-covered
table 1 : explain SELECT id FROM sbtest1 WHERE id BETWEEN 5019936 AND 5020036
	Index Only Scan using sbtest1_pkey on sbtest1  (cost=0.43..10.46 rows=101 width=4)
	  Index Cond: ((id >= 5019936) AND (id <= 5020036))

table 2 : explain SELECT id FROM sbtest2 WHERE id BETWEEN 5019936 AND 5020036
	Index Only Scan using sbtest2_pkey on sbtest2  (cost=0.43..6.53 rows=105 width=4)
	  Index Cond: ((id >= 5019936) AND (id <= 5020036))

table 3 : explain SELECT id FROM sbtest3 WHERE id BETWEEN 5019936 AND 5020036
	Index Only Scan using sbtest3_pkey on sbtest3  (cost=0.43..6.37 rows=97 width=4)
	  Index Cond: ((id >= 5019936) AND (id <= 5020036))

table 4 : explain SELECT id FROM sbtest4 WHERE id BETWEEN 5019936 AND 5020036
	Index Only Scan using sbtest4_pkey on sbtest4  (cost=0.43..10.62 rows=109 width=4)
	  Index Cond: ((id >= 5019936) AND (id <= 5020036))

table 5 : explain SELECT id FROM sbtest5 WHERE id BETWEEN 5019936 AND 5020036
	Index Only Scan using sbtest5_pkey on sbtest5  (cost=0.43..10.26 rows=91 width=4)
	  Index Cond: ((id >= 5019936) AND (id <= 5020036))

table 6 : explain SELECT id FROM sbtest6 WHERE id BETWEEN 5019936 AND 5020036
	Index Only Scan using sbtest6_pkey on sbtest6  (cost=0.43..6.42 rows=99 width=4)
	  Index Cond: ((id >= 5019936) AND (id <= 5020036))

table 7 : explain SELECT id FROM sbtest7 WHERE id BETWEEN 5019936 AND 5020036
	Index Only Scan using sbtest7_pkey on sbtest7  (cost=0.43..6.29 rows=93 width=4)
	  Index Cond: ((id >= 5019936) AND (id <= 5020036))

table 8 : explain SELECT id FROM sbtest8 WHERE id BETWEEN 5019936 AND 5020036
	Index Only Scan using sbtest8_pkey on sbtest8  (cost=0.43..6.50 rows=103 width=4)
	  Index Cond: ((id >= 5019936) AND (id <= 5020036))

explain: for range-covered :: explain SELECT id FROM sbtest%d WHERE id BETWEEN 838931 AND 839031
for range-covered
table 1 : explain SELECT id FROM sbtest1 WHERE id BETWEEN 7243835 AND 7243935
	Index Only Scan using sbtest1_pkey on sbtest1  (cost=0.43..10.50 rows=103 width=4)
	  Index Cond: ((id >= 7243835) AND (id <= 7243935))

table 2 : explain SELECT id FROM sbtest2 WHERE id BETWEEN 7243835 AND 7243935
	Index Only Scan using sbtest2_pkey on sbtest2  (cost=0.43..6.51 rows=104 width=4)
	  Index Cond: ((id >= 7243835) AND (id <= 7243935))

table 3 : explain SELECT id FROM sbtest3 WHERE id BETWEEN 7243835 AND 7243935
	Index Only Scan using sbtest3_pkey on sbtest3  (cost=0.43..6.53 rows=105 width=4)
	  Index Cond: ((id >= 7243835) AND (id <= 7243935))

table 4 : explain SELECT id FROM sbtest4 WHERE id BETWEEN 7243835 AND 7243935
	Index Only Scan using sbtest4_pkey on sbtest4  (cost=0.43..10.40 rows=98 width=4)
	  Index Cond: ((id >= 7243835) AND (id <= 7243935))

table 5 : explain SELECT id FROM sbtest5 WHERE id BETWEEN 7243835 AND 7243935
	Index Only Scan using sbtest5_pkey on sbtest5  (cost=0.43..10.33 rows=95 width=4)
	  Index Cond: ((id >= 7243835) AND (id <= 7243935))

table 6 : explain SELECT id FROM sbtest6 WHERE id BETWEEN 7243835 AND 7243935
	Index Only Scan using sbtest6_pkey on sbtest6  (cost=0.43..6.50 rows=103 width=4)
	  Index Cond: ((id >= 7243835) AND (id <= 7243935))

table 7 : explain SELECT id FROM sbtest7 WHERE id BETWEEN 7243835 AND 7243935
	Index Only Scan using sbtest7_pkey on sbtest7  (cost=0.43..6.59 rows=108 width=4)
	  Index Cond: ((id >= 7243835) AND (id <= 7243935))

table 8 : explain SELECT id FROM sbtest8 WHERE id BETWEEN 7243835 AND 7243935
	Index Only Scan using sbtest8_pkey on sbtest8  (cost=0.43..6.35 rows=96 width=4)
	  Index Cond: ((id >= 7243835) AND (id <= 7243935))

explain: for range-covered :: explain SELECT id FROM sbtest%d WHERE id BETWEEN 5019936 AND 5020036
for range-covered
table 1 : explain SELECT id FROM sbtest1 WHERE id BETWEEN 7406837 AND 7406937
	Index Only Scan using sbtest1_pkey on sbtest1  (cost=0.43..10.68 rows=112 width=4)
	  Index Cond: ((id >= 7406837) AND (id <= 7406937))

table 2 : explain SELECT id FROM sbtest2 WHERE id BETWEEN 7406837 AND 7406937
	Index Only Scan using sbtest2_pkey on sbtest2  (cost=0.43..6.37 rows=97 width=4)
	  Index Cond: ((id >= 7406837) AND (id <= 7406937))

table 3 : explain SELECT id FROM sbtest3 WHERE id BETWEEN 7406837 AND 7406937
	Index Only Scan using sbtest3_pkey on sbtest3  (cost=0.43..6.43 rows=100 width=4)
	  Index Cond: ((id >= 7406837) AND (id <= 7406937))

table 4 : explain SELECT id FROM sbtest4 WHERE id BETWEEN 7406837 AND 7406937
	Index Only Scan using sbtest4_pkey on sbtest4  (cost=0.43..10.44 rows=100 width=4)
	  Index Cond: ((id >= 7406837) AND (id <= 7406937))

table 5 : explain SELECT id FROM sbtest5 WHERE id BETWEEN 7406837 AND 7406937
	Index Only Scan using sbtest5_pkey on sbtest5  (cost=0.43..10.56 rows=106 width=4)
	  Index Cond: ((id >= 7406837) AND (id <= 7406937))

table 6 : explain SELECT id FROM sbtest6 WHERE id BETWEEN 7406837 AND 7406937
	Index Only Scan using sbtest6_pkey on sbtest6  (cost=0.43..6.37 rows=97 width=4)
	  Index Cond: ((id >= 7406837) AND (id <= 7406937))

table 7 : explain SELECT id FROM sbtest7 WHERE id BETWEEN 7406837 AND 7406937
	Index Only Scan using sbtest7_pkey on sbtest7  (cost=0.43..6.32 rows=94 width=4)
	  Index Cond: ((id >= 7406837) AND (id <= 7406937))

table 8 : explain SELECT id FROM sbtest8 WHERE id BETWEEN 7406837 AND 7406937
	Index Only Scan using sbtest8_pkey on sbtest8  (cost=0.43..6.59 rows=108 width=4)
	  Index Cond: ((id >= 7406837) AND (id <= 7406937))

explain: for range-covered :: explain SELECT id FROM sbtest%d WHERE id BETWEEN 2287759 AND 2287859
explain: for range-covered :: explain SELECT id FROM sbtest%d WHERE id BETWEEN 7243835 AND 7243935
for range-covered
table 1 : explain SELECT id FROM sbtest1 WHERE id BETWEEN 5177444 AND 5177544
	Index Only Scan using sbtest1_pkey on sbtest1  (cost=0.43..10.51 rows=104 width=4)
	  Index Cond: ((id >= 5177444) AND (id <= 5177544))

table 2 : explain SELECT id FROM sbtest2 WHERE id BETWEEN 5177444 AND 5177544
	Index Only Scan using sbtest2_pkey on sbtest2  (cost=0.43..6.43 rows=100 width=4)
	  Index Cond: ((id >= 5177444) AND (id <= 5177544))

table 3 : explain SELECT id FROM sbtest3 WHERE id BETWEEN 5177444 AND 5177544
	Index Only Scan using sbtest3_pkey on sbtest3  (cost=0.43..6.35 rows=96 width=4)
	  Index Cond: ((id >= 5177444) AND (id <= 5177544))

table 4 : explain SELECT id FROM sbtest4 WHERE id BETWEEN 5177444 AND 5177544
	Index Only Scan using sbtest4_pkey on sbtest4  (cost=0.43..10.33 rows=95 width=4)
	  Index Cond: ((id >= 5177444) AND (id <= 5177544))

table 5 : explain SELECT id FROM sbtest5 WHERE id BETWEEN 5177444 AND 5177544
	Index Only Scan using sbtest5_pkey on sbtest5  (cost=0.43..10.65 rows=111 width=4)
	  Index Cond: ((id >= 5177444) AND (id <= 5177544))

table 6 : explain SELECT id FROM sbtest6 WHERE id BETWEEN 5177444 AND 5177544
	Index Only Scan using sbtest6_pkey on sbtest6  (cost=0.43..6.43 rows=100 width=4)
	  Index Cond: ((id >= 5177444) AND (id <= 5177544))

table 7 : explain SELECT id FROM sbtest7 WHERE id BETWEEN 5177444 AND 5177544
	Index Only Scan using sbtest7_pkey on sbtest7  (cost=0.43..6.47 rows=102 width=4)
	  Index Cond: ((id >= 5177444) AND (id <= 5177544))

table 8 : explain SELECT id FROM sbtest8 WHERE id BETWEEN 5177444 AND 5177544
	Index Only Scan using sbtest8_pkey on sbtest8  (cost=0.43..6.40 rows=98 width=4)
	  Index Cond: ((id >= 5177444) AND (id <= 5177544))

explain: for range-covered :: explain SELECT id FROM sbtest%d WHERE id BETWEEN 5177444 AND 5177544
for range-covered
table 1 : explain SELECT id FROM sbtest1 WHERE id BETWEEN 2552651 AND 2552751
	Index Only Scan using sbtest1_pkey on sbtest1  (cost=0.43..10.36 rows=96 width=4)
	  Index Cond: ((id >= 2552651) AND (id <= 2552751))

table 2 : explain SELECT id FROM sbtest2 WHERE id BETWEEN 2552651 AND 2552751
	Index Only Scan using sbtest2_pkey on sbtest2  (cost=0.43..6.56 rows=106 width=4)
	  Index Cond: ((id >= 2552651) AND (id <= 2552751))

table 3 : explain SELECT id FROM sbtest3 WHERE id BETWEEN 2552651 AND 2552751
	Index Only Scan using sbtest3_pkey on sbtest3  (cost=0.43..6.24 rows=90 width=4)
	  Index Cond: ((id >= 2552651) AND (id <= 2552751))

table 4 : explain SELECT id FROM sbtest4 WHERE id BETWEEN 2552651 AND 2552751
	Index Only Scan using sbtest4_pkey on sbtest4  (cost=0.43..10.56 rows=106 width=4)
	  Index Cond: ((id >= 2552651) AND (id <= 2552751))

table 5 : explain SELECT id FROM sbtest5 WHERE id BETWEEN 2552651 AND 2552751
	Index Only Scan using sbtest5_pkey on sbtest5  (cost=0.43..10.46 rows=101 width=4)
	  Index Cond: ((id >= 2552651) AND (id <= 2552751))

table 6 : explain SELECT id FROM sbtest6 WHERE id BETWEEN 2552651 AND 2552751
	Index Only Scan using sbtest6_pkey on sbtest6  (cost=0.43..6.50 rows=103 width=4)
	  Index Cond: ((id >= 2552651) AND (id <= 2552751))

table 7 : explain SELECT id FROM sbtest7 WHERE id BETWEEN 2552651 AND 2552751
	Index Only Scan using sbtest7_pkey on sbtest7  (cost=0.43..6.56 rows=106 width=4)
	  Index Cond: ((id >= 2552651) AND (id <= 2552751))

table 8 : explain SELECT id FROM sbtest8 WHERE id BETWEEN 2552651 AND 2552751
	Index Only Scan using sbtest8_pkey on sbtest8  (cost=0.43..6.69 rows=113 width=4)
	  Index Cond: ((id >= 2552651) AND (id <= 2552751))

for range-covered
table 1 : explain SELECT id FROM sbtest1 WHERE id BETWEEN 5878745 AND 5878845
	Index Only Scan using sbtest1_pkey on sbtest1  (cost=0.43..10.62 rows=109 width=4)
	  Index Cond: ((id >= 5878745) AND (id <= 5878845))

table 2 : explain SELECT id FROM sbtest2 WHERE id BETWEEN 5878745 AND 5878845
	Index Only Scan using sbtest2_pkey on sbtest2  (cost=0.43..6.47 rows=102 width=4)
	  Index Cond: ((id >= 5878745) AND (id <= 5878845))

table 3 : explain SELECT id FROM sbtest3 WHERE id BETWEEN 5878745 AND 5878845
	Index Only Scan using sbtest3_pkey on sbtest3  (cost=0.43..6.45 rows=101 width=4)
	  Index Cond: ((id >= 5878745) AND (id <= 5878845))

table 4 : explain SELECT id FROM sbtest4 WHERE id BETWEEN 5878745 AND 5878845
	Index Only Scan using sbtest4_pkey on sbtest4  (cost=0.43..10.58 rows=107 width=4)
	  Index Cond: ((id >= 5878745) AND (id <= 5878845))

table 5 : explain SELECT id FROM sbtest5 WHERE id BETWEEN 5878745 AND 5878845
	Index Only Scan using sbtest5_pkey on sbtest5  (cost=0.43..10.63 rows=110 width=4)
	  Index Cond: ((id >= 5878745) AND (id <= 5878845))

table 6 : explain SELECT id FROM sbtest6 WHERE id BETWEEN 5878745 AND 5878845
	Index Only Scan using sbtest6_pkey on sbtest6  (cost=0.43..6.58 rows=107 width=4)
	  Index Cond: ((id >= 5878745) AND (id <= 5878845))

table 7 : explain SELECT id FROM sbtest7 WHERE id BETWEEN 5878745 AND 5878845
	Index Only Scan using sbtest7_pkey on sbtest7  (cost=0.43..6.53 rows=105 width=4)
	  Index Cond: ((id >= 5878745) AND (id <= 5878845))

table 8 : explain SELECT id FROM sbtest8 WHERE id BETWEEN 5878745 AND 5878845
	Index Only Scan using sbtest8_pkey on sbtest8  (cost=0.43..6.51 rows=104 width=4)
	  Index Cond: ((id >= 5878745) AND (id <= 5878845))

explain: for range-covered :: explain SELECT id FROM sbtest%d WHERE id BETWEEN 2552651 AND 2552751
explain: for range-covered :: explain SELECT id FROM sbtest%d WHERE id BETWEEN 5878745 AND 5878845
for range-covered
table 1 : explain SELECT id FROM sbtest1 WHERE id BETWEEN 8871111 AND 8871211
	Index Only Scan using sbtest1_pkey on sbtest1  (cost=0.43..10.44 rows=100 width=4)
	  Index Cond: ((id >= 8871111) AND (id <= 8871211))

table 2 : explain SELECT id FROM sbtest2 WHERE id BETWEEN 8871111 AND 8871211
	Index Only Scan using sbtest2_pkey on sbtest2  (cost=0.43..6.42 rows=99 width=4)
	  Index Cond: ((id >= 8871111) AND (id <= 8871211))

table 3 : explain SELECT id FROM sbtest3 WHERE id BETWEEN 8871111 AND 8871211
	Index Only Scan using sbtest3_pkey on sbtest3  (cost=0.43..6.45 rows=101 width=4)
	  Index Cond: ((id >= 8871111) AND (id <= 8871211))

table 4 : explain SELECT id FROM sbtest4 WHERE id BETWEEN 8871111 AND 8871211
	Index Only Scan using sbtest4_pkey on sbtest4  (cost=0.43..10.42 rows=99 width=4)
	  Index Cond: ((id >= 8871111) AND (id <= 8871211))

table 5 : explain SELECT id FROM sbtest5 WHERE id BETWEEN 8871111 AND 8871211
	Index Only Scan using sbtest5_pkey on sbtest5  (cost=0.43..10.42 rows=99 width=4)
	  Index Cond: ((id >= 8871111) AND (id <= 8871211))

table 6 : explain SELECT id FROM sbtest6 WHERE id BETWEEN 8871111 AND 8871211
	Index Only Scan using sbtest6_pkey on sbtest6  (cost=0.43..6.25 rows=91 width=4)
	  Index Cond: ((id >= 8871111) AND (id <= 8871211))

table 7 : explain SELECT id FROM sbtest7 WHERE id BETWEEN 8871111 AND 8871211
	Index Only Scan using sbtest7_pkey on sbtest7  (cost=0.43..6.47 rows=102 width=4)
	  Index Cond: ((id >= 8871111) AND (id <= 8871211))

table 8 : explain SELECT id FROM sbtest8 WHERE id BETWEEN 8871111 AND 8871211
	Index Only Scan using sbtest8_pkey on sbtest8  (cost=0.43..6.43 rows=100 width=4)
	  Index Cond: ((id >= 8871111) AND (id <= 8871211))

explain: for range-covered :: explain SELECT id FROM sbtest%d WHERE id BETWEEN 8871111 AND 8871211
for range-covered
table 1 : explain SELECT id FROM sbtest1 WHERE id BETWEEN 5019936 AND 5020036
	Index Only Scan using sbtest1_pkey on sbtest1  (cost=0.43..10.46 rows=101 width=4)
	  Index Cond: ((id >= 5019936) AND (id <= 5020036))

table 2 : explain SELECT id FROM sbtest2 WHERE id BETWEEN 5019936 AND 5020036
	Index Only Scan using sbtest2_pkey on sbtest2  (cost=0.43..6.53 rows=105 width=4)
	  Index Cond: ((id >= 5019936) AND (id <= 5020036))

table 3 : explain SELECT id FROM sbtest3 WHERE id BETWEEN 5019936 AND 5020036
	Index Only Scan using sbtest3_pkey on sbtest3  (cost=0.43..6.37 rows=97 width=4)
	  Index Cond: ((id >= 5019936) AND (id <= 5020036))

table 4 : explain SELECT id FROM sbtest4 WHERE id BETWEEN 5019936 AND 5020036
	Index Only Scan using sbtest4_pkey on sbtest4  (cost=0.43..10.62 rows=109 width=4)
	  Index Cond: ((id >= 5019936) AND (id <= 5020036))

table 5 : explain SELECT id FROM sbtest5 WHERE id BETWEEN 5019936 AND 5020036
	Index Only Scan using sbtest5_pkey on sbtest5  (cost=0.43..10.26 rows=91 width=4)
	  Index Cond: ((id >= 5019936) AND (id <= 5020036))

table 6 : explain SELECT id FROM sbtest6 WHERE id BETWEEN 5019936 AND 5020036
	Index Only Scan using sbtest6_pkey on sbtest6  (cost=0.43..6.42 rows=99 width=4)
	  Index Cond: ((id >= 5019936) AND (id <= 5020036))

table 7 : explain SELECT id FROM sbtest7 WHERE id BETWEEN 5019936 AND 5020036
	Index Only Scan using sbtest7_pkey on sbtest7  (cost=0.43..6.29 rows=93 width=4)
	  Index Cond: ((id >= 5019936) AND (id <= 5020036))

table 8 : explain SELECT id FROM sbtest8 WHERE id BETWEEN 5019936 AND 5020036
	Index Only Scan using sbtest8_pkey on sbtest8  (cost=0.43..6.50 rows=103 width=4)
	  Index Cond: ((id >= 5019936) AND (id <= 5020036))

for range-covered
table 1 : explain SELECT id FROM sbtest1 WHERE id BETWEEN 7243835 AND 7243935
	Index Only Scan using sbtest1_pkey on sbtest1  (cost=0.43..10.50 rows=103 width=4)
	  Index Cond: ((id >= 7243835) AND (id <= 7243935))

table 2 : explain SELECT id FROM sbtest2 WHERE id BETWEEN 7243835 AND 7243935
	Index Only Scan using sbtest2_pkey on sbtest2  (cost=0.43..6.51 rows=104 width=4)
	  Index Cond: ((id >= 7243835) AND (id <= 7243935))

table 3 : explain SELECT id FROM sbtest3 WHERE id BETWEEN 7243835 AND 7243935
	Index Only Scan using sbtest3_pkey on sbtest3  (cost=0.43..6.53 rows=105 width=4)
	  Index Cond: ((id >= 7243835) AND (id <= 7243935))

table 4 : explain SELECT id FROM sbtest4 WHERE id BETWEEN 7243835 AND 7243935
	Index Only Scan using sbtest4_pkey on sbtest4  (cost=0.43..10.40 rows=98 width=4)
	  Index Cond: ((id >= 7243835) AND (id <= 7243935))

table 5 : explain SELECT id FROM sbtest5 WHERE id BETWEEN 7243835 AND 7243935
	Index Only Scan using sbtest5_pkey on sbtest5  (cost=0.43..10.33 rows=95 width=4)
	  Index Cond: ((id >= 7243835) AND (id <= 7243935))

table 6 : explain SELECT id FROM sbtest6 WHERE id BETWEEN 7243835 AND 7243935
	Index Only Scan using sbtest6_pkey on sbtest6  (cost=0.43..6.50 rows=103 width=4)
	  Index Cond: ((id >= 7243835) AND (id <= 7243935))

table 7 : explain SELECT id FROM sbtest7 WHERE id BETWEEN 7243835 AND 7243935
	Index Only Scan using sbtest7_pkey on sbtest7  (cost=0.43..6.59 rows=108 width=4)
	  Index Cond: ((id >= 7243835) AND (id <= 7243935))

table 8 : explain SELECT id FROM sbtest8 WHERE id BETWEEN 7243835 AND 7243935
	Index Only Scan using sbtest8_pkey on sbtest8  (cost=0.43..6.35 rows=96 width=4)
	  Index Cond: ((id >= 7243835) AND (id <= 7243935))

explain: for range-covered :: explain SELECT id FROM sbtest%d WHERE id BETWEEN 5019936 AND 5020036
explain: for range-covered :: explain SELECT id FROM sbtest%d WHERE id BETWEEN 7243835 AND 7243935
for range-covered
table 1 : explain SELECT id FROM sbtest1 WHERE id BETWEEN 4432292 AND 4432392
	Index Only Scan using sbtest1_pkey on sbtest1  (cost=0.43..10.51 rows=104 width=4)
	  Index Cond: ((id >= 4432292) AND (id <= 4432392))

table 2 : explain SELECT id FROM sbtest2 WHERE id BETWEEN 4432292 AND 4432392
	Index Only Scan using sbtest2_pkey on sbtest2  (cost=0.43..6.45 rows=101 width=4)
	  Index Cond: ((id >= 4432292) AND (id <= 4432392))

table 3 : explain SELECT id FROM sbtest3 WHERE id BETWEEN 4432292 AND 4432392
	Index Only Scan using sbtest3_pkey on sbtest3  (cost=0.43..6.51 rows=104 width=4)
	  Index Cond: ((id >= 4432292) AND (id <= 4432392))

table 4 : explain SELECT id FROM sbtest4 WHERE id BETWEEN 4432292 AND 4432392
	Index Only Scan using sbtest4_pkey on sbtest4  (cost=0.43..10.70 rows=113 width=4)
	  Index Cond: ((id >= 4432292) AND (id <= 4432392))

table 5 : explain SELECT id FROM sbtest5 WHERE id BETWEEN 4432292 AND 4432392
	Index Only Scan using sbtest5_pkey on sbtest5  (cost=0.43..10.50 rows=103 width=4)
	  Index Cond: ((id >= 4432292) AND (id <= 4432392))

table 6 : explain SELECT id FROM sbtest6 WHERE id BETWEEN 4432292 AND 4432392
	Index Only Scan using sbtest6_pkey on sbtest6  (cost=0.43..6.35 rows=96 width=4)
	  Index Cond: ((id >= 4432292) AND (id <= 4432392))

table 7 : explain SELECT id FROM sbtest7 WHERE id BETWEEN 4432292 AND 4432392
	Index Only Scan using sbtest7_pkey on sbtest7  (cost=0.43..6.25 rows=91 width=4)
	  Index Cond: ((id >= 4432292) AND (id <= 4432392))

table 8 : explain SELECT id FROM sbtest8 WHERE id BETWEEN 4432292 AND 4432392
	Index Only Scan using sbtest8_pkey on sbtest8  (cost=0.43..6.27 rows=92 width=4)
	  Index Cond: ((id >= 4432292) AND (id <= 4432392))

explain: for range-covered :: explain SELECT id FROM sbtest%d WHERE id BETWEEN 4432292 AND 4432392
for range-covered
table 1 : explain SELECT id FROM sbtest1 WHERE id BETWEEN 5177444 AND 5177544
	Index Only Scan using sbtest1_pkey on sbtest1  (cost=0.43..10.51 rows=104 width=4)
	  Index Cond: ((id >= 5177444) AND (id <= 5177544))

table 2 : explain SELECT id FROM sbtest2 WHERE id BETWEEN 5177444 AND 5177544
	Index Only Scan using sbtest2_pkey on sbtest2  (cost=0.43..6.43 rows=100 width=4)
	  Index Cond: ((id >= 5177444) AND (id <= 5177544))

table 3 : explain SELECT id FROM sbtest3 WHERE id BETWEEN 5177444 AND 5177544
	Index Only Scan using sbtest3_pkey on sbtest3  (cost=0.43..6.35 rows=96 width=4)
	  Index Cond: ((id >= 5177444) AND (id <= 5177544))

table 4 : explain SELECT id FROM sbtest4 WHERE id BETWEEN 5177444 AND 5177544
	Index Only Scan using sbtest4_pkey on sbtest4  (cost=0.43..10.33 rows=95 width=4)
	  Index Cond: ((id >= 5177444) AND (id <= 5177544))

table 5 : explain SELECT id FROM sbtest5 WHERE id BETWEEN 5177444 AND 5177544
	Index Only Scan using sbtest5_pkey on sbtest5  (cost=0.43..10.65 rows=111 width=4)
	  Index Cond: ((id >= 5177444) AND (id <= 5177544))

table 6 : explain SELECT id FROM sbtest6 WHERE id BETWEEN 5177444 AND 5177544
	Index Only Scan using sbtest6_pkey on sbtest6  (cost=0.43..6.43 rows=100 width=4)
	  Index Cond: ((id >= 5177444) AND (id <= 5177544))

table 7 : explain SELECT id FROM sbtest7 WHERE id BETWEEN 5177444 AND 5177544
	Index Only Scan using sbtest7_pkey on sbtest7  (cost=0.43..6.47 rows=102 width=4)
	  Index Cond: ((id >= 5177444) AND (id <= 5177544))

table 8 : explain SELECT id FROM sbtest8 WHERE id BETWEEN 5177444 AND 5177544
	Index Only Scan using sbtest8_pkey on sbtest8  (cost=0.43..6.40 rows=98 width=4)
	  Index Cond: ((id >= 5177444) AND (id <= 5177544))

explain: for range-covered :: explain SELECT id FROM sbtest%d WHERE id BETWEEN 5177444 AND 5177544explain: for range-covered :: explain SELECT id FROM sbtest%d WHERE id BETWEEN 5741284 AND 5741384

for range-covered
table 1 : explain SELECT id FROM sbtest1 WHERE id BETWEEN 5878745 AND 5878845
	Index Only Scan using sbtest1_pkey on sbtest1  (cost=0.43..10.62 rows=109 width=4)
	  Index Cond: ((id >= 5878745) AND (id <= 5878845))

table 2 : explain SELECT id FROM sbtest2 WHERE id BETWEEN 5878745 AND 5878845
	Index Only Scan using sbtest2_pkey on sbtest2  (cost=0.43..6.47 rows=102 width=4)
	  Index Cond: ((id >= 5878745) AND (id <= 5878845))

table 3 : explain SELECT id FROM sbtest3 WHERE id BETWEEN 5878745 AND 5878845
	Index Only Scan using sbtest3_pkey on sbtest3  (cost=0.43..6.45 rows=101 width=4)
	  Index Cond: ((id >= 5878745) AND (id <= 5878845))

table 4 : explain SELECT id FROM sbtest4 WHERE id BETWEEN 5878745 AND 5878845
	Index Only Scan using sbtest4_pkey on sbtest4  (cost=0.43..10.58 rows=107 width=4)
	  Index Cond: ((id >= 5878745) AND (id <= 5878845))

table 5 : explain SELECT id FROM sbtest5 WHERE id BETWEEN 5878745 AND 5878845
	Index Only Scan using sbtest5_pkey on sbtest5  (cost=0.43..10.63 rows=110 width=4)
	  Index Cond: ((id >= 5878745) AND (id <= 5878845))

table 6 : explain SELECT id FROM sbtest6 WHERE id BETWEEN 5878745 AND 5878845
	Index Only Scan using sbtest6_pkey on sbtest6  (cost=0.43..6.58 rows=107 width=4)
	  Index Cond: ((id >= 5878745) AND (id <= 5878845))

table 7 : explain SELECT id FROM sbtest7 WHERE id BETWEEN 5878745 AND 5878845
	Index Only Scan using sbtest7_pkey on sbtest7  (cost=0.43..6.53 rows=105 width=4)
	  Index Cond: ((id >= 5878745) AND (id <= 5878845))

table 8 : explain SELECT id FROM sbtest8 WHERE id BETWEEN 5878745 AND 5878845
	Index Only Scan using sbtest8_pkey on sbtest8  (cost=0.43..6.51 rows=104 width=4)
	  Index Cond: ((id >= 5878745) AND (id <= 5878845))

for range-covered
table 1 : explain SELECT id FROM sbtest1 WHERE id BETWEEN 8871111 AND 8871211
	Index Only Scan using sbtest1_pkey on sbtest1  (cost=0.43..10.44 rows=100 width=4)
	  Index Cond: ((id >= 8871111) AND (id <= 8871211))

table 2 : explain SELECT id FROM sbtest2 WHERE id BETWEEN 8871111 AND 8871211
	Index Only Scan using sbtest2_pkey on sbtest2  (cost=0.43..6.42 rows=99 width=4)
	  Index Cond: ((id >= 8871111) AND (id <= 8871211))

table 3 : explain SELECT id FROM sbtest3 WHERE id BETWEEN 8871111 AND 8871211
	Index Only Scan using sbtest3_pkey on sbtest3  (cost=0.43..6.45 rows=101 width=4)
	  Index Cond: ((id >= 8871111) AND (id <= 8871211))

table 4 : explain SELECT id FROM sbtest4 WHERE id BETWEEN 8871111 AND 8871211
	Index Only Scan using sbtest4_pkey on sbtest4  (cost=0.43..10.42 rows=99 width=4)
	  Index Cond: ((id >= 8871111) AND (id <= 8871211))

table 5 : explain SELECT id FROM sbtest5 WHERE id BETWEEN 8871111 AND 8871211
	Index Only Scan using sbtest5_pkey on sbtest5  (cost=0.43..10.42 rows=99 width=4)
	  Index Cond: ((id >= 8871111) AND (id <= 8871211))

table 6 : explain SELECT id FROM sbtest6 WHERE id BETWEEN 8871111 AND 8871211
	Index Only Scan using sbtest6_pkey on sbtest6  (cost=0.43..6.25 rows=91 width=4)
	  Index Cond: ((id >= 8871111) AND (id <= 8871211))

table 7 : explain SELECT id FROM sbtest7 WHERE id BETWEEN 8871111 AND 8871211
	Index Only Scan using sbtest7_pkey on sbtest7  (cost=0.43..6.47 rows=102 width=4)
	  Index Cond: ((id >= 8871111) AND (id <= 8871211))

table 8 : explain SELECT id FROM sbtest8 WHERE id BETWEEN 8871111 AND 8871211
	Index Only Scan using sbtest8_pkey on sbtest8  (cost=0.43..6.43 rows=100 width=4)
	  Index Cond: ((id >= 8871111) AND (id <= 8871211))

explain: for range-covered :: explain SELECT id FROM sbtest%d WHERE id BETWEEN 7471601 AND 7471701
explain: for range-covered :: explain SELECT id FROM sbtest%d WHERE id BETWEEN 8871111 AND 8871211
for range-covered
table 1 : explain SELECT id FROM sbtest1 WHERE id BETWEEN 838931 AND 839031
	Index Only Scan using sbtest1_pkey on sbtest1  (cost=0.43..10.33 rows=95 width=4)
	  Index Cond: ((id >= 838931) AND (id <= 839031))

table 2 : explain SELECT id FROM sbtest2 WHERE id BETWEEN 838931 AND 839031
	Index Only Scan using sbtest2_pkey on sbtest2  (cost=0.43..6.33 rows=95 width=4)
	  Index Cond: ((id >= 838931) AND (id <= 839031))

table 3 : explain SELECT id FROM sbtest3 WHERE id BETWEEN 838931 AND 839031
	Index Only Scan using sbtest3_pkey on sbtest3  (cost=0.43..6.59 rows=108 width=4)
	  Index Cond: ((id >= 838931) AND (id <= 839031))

table 4 : explain SELECT id FROM sbtest4 WHERE id BETWEEN 838931 AND 839031
	Index Only Scan using sbtest4_pkey on sbtest4  (cost=0.43..10.42 rows=99 width=4)
	  Index Cond: ((id >= 838931) AND (id <= 839031))

table 5 : explain SELECT id FROM sbtest5 WHERE id BETWEEN 838931 AND 839031
	Index Only Scan using sbtest5_pkey on sbtest5  (cost=0.43..10.51 rows=104 width=4)
	  Index Cond: ((id >= 838931) AND (id <= 839031))

table 6 : explain SELECT id FROM sbtest6 WHERE id BETWEEN 838931 AND 839031
	Index Only Scan using sbtest6_pkey on sbtest6  (cost=0.43..6.56 rows=106 width=4)
	  Index Cond: ((id >= 838931) AND (id <= 839031))

table 7 : explain SELECT id FROM sbtest7 WHERE id BETWEEN 838931 AND 839031
	Index Only Scan using sbtest7_pkey on sbtest7  (cost=0.43..6.43 rows=100 width=4)
	  Index Cond: ((id >= 838931) AND (id <= 839031))

table 8 : explain SELECT id FROM sbtest8 WHERE id BETWEEN 838931 AND 839031
	Index Only Scan using sbtest8_pkey on sbtest8  (cost=0.43..6.51 rows=104 width=4)
	  Index Cond: ((id >= 838931) AND (id <= 839031))

for range-covered
table 1 : explain SELECT id FROM sbtest1 WHERE id BETWEEN 2287759 AND 2287859
	Index Only Scan using sbtest1_pkey on sbtest1  (cost=0.43..10.44 rows=100 width=4)
	  Index Cond: ((id >= 2287759) AND (id <= 2287859))

table 2 : explain SELECT id FROM sbtest2 WHERE id BETWEEN 2287759 AND 2287859
	Index Only Scan using sbtest2_pkey on sbtest2  (cost=0.43..6.45 rows=101 width=4)
	  Index Cond: ((id >= 2287759) AND (id <= 2287859))

table 3 : explain SELECT id FROM sbtest3 WHERE id BETWEEN 2287759 AND 2287859
	Index Only Scan using sbtest3_pkey on sbtest3  (cost=0.43..6.56 rows=106 width=4)
	  Index Cond: ((id >= 2287759) AND (id <= 2287859))

table 4 : explain SELECT id FROM sbtest4 WHERE id BETWEEN 2287759 AND 2287859
	Index Only Scan using sbtest4_pkey on sbtest4  (cost=0.43..10.54 rows=105 width=4)
	  Index Cond: ((id >= 2287759) AND (id <= 2287859))

table 5 : explain SELECT id FROM sbtest5 WHERE id BETWEEN 2287759 AND 2287859
	Index Only Scan using sbtest5_pkey on sbtest5  (cost=0.43..10.44 rows=100 width=4)
	  Index Cond: ((id >= 2287759) AND (id <= 2287859))

table 6 : explain SELECT id FROM sbtest6 WHERE id BETWEEN 2287759 AND 2287859
	Index Only Scan using sbtest6_pkey on sbtest6  (cost=0.43..6.35 rows=96 width=4)
	  Index Cond: ((id >= 2287759) AND (id <= 2287859))

table 7 : explain SELECT id FROM sbtest7 WHERE id BETWEEN 2287759 AND 2287859
	Index Only Scan using sbtest7_pkey on sbtest7  (cost=0.43..6.51 rows=104 width=4)
	  Index Cond: ((id >= 2287759) AND (id <= 2287859))

table 8 : explain SELECT id FROM sbtest8 WHERE id BETWEEN 2287759 AND 2287859
	Index Only Scan using sbtest8_pkey on sbtest8  (cost=0.43..6.43 rows=100 width=4)
	  Index Cond: ((id >= 2287759) AND (id <= 2287859))

for range-covered
table 1 : explain SELECT id FROM sbtest1 WHERE id BETWEEN 5019936 AND 5020036
	Index Only Scan using sbtest1_pkey on sbtest1  (cost=0.43..10.46 rows=101 width=4)
	  Index Cond: ((id >= 5019936) AND (id <= 5020036))

table 2 : explain SELECT id FROM sbtest2 WHERE id BETWEEN 5019936 AND 5020036
	Index Only Scan using sbtest2_pkey on sbtest2  (cost=0.43..6.53 rows=105 width=4)
	  Index Cond: ((id >= 5019936) AND (id <= 5020036))

table 3 : explain SELECT id FROM sbtest3 WHERE id BETWEEN 5019936 AND 5020036
	Index Only Scan using sbtest3_pkey on sbtest3  (cost=0.43..6.37 rows=97 width=4)
	  Index Cond: ((id >= 5019936) AND (id <= 5020036))

table 4 : explain SELECT id FROM sbtest4 WHERE id BETWEEN 5019936 AND 5020036
	Index Only Scan using sbtest4_pkey on sbtest4  (cost=0.43..10.62 rows=109 width=4)
	  Index Cond: ((id >= 5019936) AND (id <= 5020036))

table 5 : explain SELECT id FROM sbtest5 WHERE id BETWEEN 5019936 AND 5020036
	Index Only Scan using sbtest5_pkey on sbtest5  (cost=0.43..10.26 rows=91 width=4)
	  Index Cond: ((id >= 5019936) AND (id <= 5020036))

table 6 : explain SELECT id FROM sbtest6 WHERE id BETWEEN 5019936 AND 5020036
	Index Only Scan using sbtest6_pkey on sbtest6  (cost=0.43..6.42 rows=99 width=4)
	  Index Cond: ((id >= 5019936) AND (id <= 5020036))

table 7 : explain SELECT id FROM sbtest7 WHERE id BETWEEN 5019936 AND 5020036
	Index Only Scan using sbtest7_pkey on sbtest7  (cost=0.43..6.29 rows=93 width=4)
	  Index Cond: ((id >= 5019936) AND (id <= 5020036))

table 8 : explain SELECT id FROM sbtest8 WHERE id BETWEEN 5019936 AND 5020036
	Index Only Scan using sbtest8_pkey on sbtest8  (cost=0.43..6.50 rows=103 width=4)
	  Index Cond: ((id >= 5019936) AND (id <= 5020036))

explain: for range-covered :: explain SELECT id FROM sbtest%d WHERE id BETWEEN 838931 AND 839031
for range-covered
table 1 : explain SELECT id FROM sbtest1 WHERE id BETWEEN 7243835 AND 7243935
	Index Only Scan using sbtest1_pkey on sbtest1  (cost=0.43..10.50 rows=103 width=4)
	  Index Cond: ((id >= 7243835) AND (id <= 7243935))

table 2 : explain SELECT id FROM sbtest2 WHERE id BETWEEN 7243835 AND 7243935
	Index Only Scan using sbtest2_pkey on sbtest2  (cost=0.43..6.51 rows=104 width=4)
	  Index Cond: ((id >= 7243835) AND (id <= 7243935))

table 3 : explain SELECT id FROM sbtest3 WHERE id BETWEEN 7243835 AND 7243935
	Index Only Scan using sbtest3_pkey on sbtest3  (cost=0.43..6.53 rows=105 width=4)
	  Index Cond: ((id >= 7243835) AND (id <= 7243935))

table 4 : explain SELECT id FROM sbtest4 WHERE id BETWEEN 7243835 AND 7243935
	Index Only Scan using sbtest4_pkey on sbtest4  (cost=0.43..10.40 rows=98 width=4)
	  Index Cond: ((id >= 7243835) AND (id <= 7243935))

table 5 : explain SELECT id FROM sbtest5 WHERE id BETWEEN 7243835 AND 7243935
	Index Only Scan using sbtest5_pkey on sbtest5  (cost=0.43..10.33 rows=95 width=4)
	  Index Cond: ((id >= 7243835) AND (id <= 7243935))

table 6 : explain SELECT id FROM sbtest6 WHERE id BETWEEN 7243835 AND 7243935
	Index Only Scan using sbtest6_pkey on sbtest6  (cost=0.43..6.50 rows=103 width=4)
	  Index Cond: ((id >= 7243835) AND (id <= 7243935))

table 7 : explain SELECT id FROM sbtest7 WHERE id BETWEEN 7243835 AND 7243935
	Index Only Scan using sbtest7_pkey on sbtest7  (cost=0.43..6.59 rows=108 width=4)
	  Index Cond: ((id >= 7243835) AND (id <= 7243935))

table 8 : explain SELECT id FROM sbtest8 WHERE id BETWEEN 7243835 AND 7243935
	Index Only Scan using sbtest8_pkey on sbtest8  (cost=0.43..6.35 rows=96 width=4)
	  Index Cond: ((id >= 7243835) AND (id <= 7243935))

explain: for range-covered :: explain SELECT id FROM sbtest%d WHERE id BETWEEN 2287759 AND 2287859
explain: for range-covered :: explain SELECT id FROM sbtest%d WHERE id BETWEEN 5019936 AND 5020036
explain: for range-covered :: explain SELECT id FROM sbtest%d WHERE id BETWEEN 7243835 AND 7243935
for range-covered
table 1 : explain SELECT id FROM sbtest1 WHERE id BETWEEN 2552651 AND 2552751
	Index Only Scan using sbtest1_pkey on sbtest1  (cost=0.43..10.36 rows=96 width=4)
	  Index Cond: ((id >= 2552651) AND (id <= 2552751))

table 2 : explain SELECT id FROM sbtest2 WHERE id BETWEEN 2552651 AND 2552751
	Index Only Scan using sbtest2_pkey on sbtest2  (cost=0.43..6.56 rows=106 width=4)
	  Index Cond: ((id >= 2552651) AND (id <= 2552751))

table 3 : explain SELECT id FROM sbtest3 WHERE id BETWEEN 2552651 AND 2552751
	Index Only Scan using sbtest3_pkey on sbtest3  (cost=0.43..6.24 rows=90 width=4)
	  Index Cond: ((id >= 2552651) AND (id <= 2552751))

table 4 : explain SELECT id FROM sbtest4 WHERE id BETWEEN 2552651 AND 2552751
	Index Only Scan using sbtest4_pkey on sbtest4  (cost=0.43..10.56 rows=106 width=4)
	  Index Cond: ((id >= 2552651) AND (id <= 2552751))

table 5 : explain SELECT id FROM sbtest5 WHERE id BETWEEN 2552651 AND 2552751
	Index Only Scan using sbtest5_pkey on sbtest5  (cost=0.43..10.46 rows=101 width=4)
	  Index Cond: ((id >= 2552651) AND (id <= 2552751))

table 6 : explain SELECT id FROM sbtest6 WHERE id BETWEEN 2552651 AND 2552751
	Index Only Scan using sbtest6_pkey on sbtest6  (cost=0.43..6.50 rows=103 width=4)
	  Index Cond: ((id >= 2552651) AND (id <= 2552751))

table 7 : explain SELECT id FROM sbtest7 WHERE id BETWEEN 2552651 AND 2552751
	Index Only Scan using sbtest7_pkey on sbtest7  (cost=0.43..6.56 rows=106 width=4)
	  Index Cond: ((id >= 2552651) AND (id <= 2552751))

table 8 : explain SELECT id FROM sbtest8 WHERE id BETWEEN 2552651 AND 2552751
	Index Only Scan using sbtest8_pkey on sbtest8  (cost=0.43..6.69 rows=113 width=4)
	  Index Cond: ((id >= 2552651) AND (id <= 2552751))

explain: for range-covered :: explain SELECT id FROM sbtest%d WHERE id BETWEEN 2552651 AND 2552751
for range-covered
table 1 : explain SELECT id FROM sbtest1 WHERE id BETWEEN 4432292 AND 4432392
	Index Only Scan using sbtest1_pkey on sbtest1  (cost=0.43..10.51 rows=104 width=4)
	  Index Cond: ((id >= 4432292) AND (id <= 4432392))

table 2 : explain SELECT id FROM sbtest2 WHERE id BETWEEN 4432292 AND 4432392
	Index Only Scan using sbtest2_pkey on sbtest2  (cost=0.43..6.45 rows=101 width=4)
	  Index Cond: ((id >= 4432292) AND (id <= 4432392))

table 3 : explain SELECT id FROM sbtest3 WHERE id BETWEEN 4432292 AND 4432392
	Index Only Scan using sbtest3_pkey on sbtest3  (cost=0.43..6.51 rows=104 width=4)
	  Index Cond: ((id >= 4432292) AND (id <= 4432392))

table 4 : explain SELECT id FROM sbtest4 WHERE id BETWEEN 4432292 AND 4432392
	Index Only Scan using sbtest4_pkey on sbtest4  (cost=0.43..10.70 rows=113 width=4)
	  Index Cond: ((id >= 4432292) AND (id <= 4432392))

table 5 : explain SELECT id FROM sbtest5 WHERE id BETWEEN 4432292 AND 4432392
	Index Only Scan using sbtest5_pkey on sbtest5  (cost=0.43..10.50 rows=103 width=4)
	  Index Cond: ((id >= 4432292) AND (id <= 4432392))

table 6 : explain SELECT id FROM sbtest6 WHERE id BETWEEN 4432292 AND 4432392
	Index Only Scan using sbtest6_pkey on sbtest6  (cost=0.43..6.35 rows=96 width=4)
	  Index Cond: ((id >= 4432292) AND (id <= 4432392))

table 7 : explain SELECT id FROM sbtest7 WHERE id BETWEEN 4432292 AND 4432392
	Index Only Scan using sbtest7_pkey on sbtest7  (cost=0.43..6.25 rows=91 width=4)
	  Index Cond: ((id >= 4432292) AND (id <= 4432392))

table 8 : explain SELECT id FROM sbtest8 WHERE id BETWEEN 4432292 AND 4432392
	Index Only Scan using sbtest8_pkey on sbtest8  (cost=0.43..6.27 rows=92 width=4)
	  Index Cond: ((id >= 4432292) AND (id <= 4432392))

explain: for range-covered :: explain SELECT id FROM sbtest%d WHERE id BETWEEN 4432292 AND 4432392
for range-covered
table 1 : explain SELECT id FROM sbtest1 WHERE id BETWEEN 8871111 AND 8871211
	Index Only Scan using sbtest1_pkey on sbtest1  (cost=0.43..10.44 rows=100 width=4)
	  Index Cond: ((id >= 8871111) AND (id <= 8871211))

table 2 : explain SELECT id FROM sbtest2 WHERE id BETWEEN 8871111 AND 8871211
	Index Only Scan using sbtest2_pkey on sbtest2  (cost=0.43..6.42 rows=99 width=4)
	  Index Cond: ((id >= 8871111) AND (id <= 8871211))

table 3 : explain SELECT id FROM sbtest3 WHERE id BETWEEN 8871111 AND 8871211
	Index Only Scan using sbtest3_pkey on sbtest3  (cost=0.43..6.45 rows=101 width=4)
	  Index Cond: ((id >= 8871111) AND (id <= 8871211))

table 4 : explain SELECT id FROM sbtest4 WHERE id BETWEEN 8871111 AND 8871211
	Index Only Scan using sbtest4_pkey on sbtest4  (cost=0.43..10.42 rows=99 width=4)
	  Index Cond: ((id >= 8871111) AND (id <= 8871211))

table 5 : explain SELECT id FROM sbtest5 WHERE id BETWEEN 8871111 AND 8871211
	Index Only Scan using sbtest5_pkey on sbtest5  (cost=0.43..10.42 rows=99 width=4)
	  Index Cond: ((id >= 8871111) AND (id <= 8871211))

table 6 : explain SELECT id FROM sbtest6 WHERE id BETWEEN 8871111 AND 8871211
	Index Only Scan using sbtest6_pkey on sbtest6  (cost=0.43..6.25 rows=91 width=4)
	  Index Cond: ((id >= 8871111) AND (id <= 8871211))

table 7 : explain SELECT id FROM sbtest7 WHERE id BETWEEN 8871111 AND 8871211
	Index Only Scan using sbtest7_pkey on sbtest7  (cost=0.43..6.47 rows=102 width=4)
	  Index Cond: ((id >= 8871111) AND (id <= 8871211))

table 8 : explain SELECT id FROM sbtest8 WHERE id BETWEEN 8871111 AND 8871211
	Index Only Scan using sbtest8_pkey on sbtest8  (cost=0.43..6.43 rows=100 width=4)
	  Index Cond: ((id >= 8871111) AND (id <= 8871211))

for range-covered
table 1 : explain SELECT id FROM sbtest1 WHERE id BETWEEN 5177444 AND 5177544
	Index Only Scan using sbtest1_pkey on sbtest1  (cost=0.43..10.51 rows=104 width=4)
	  Index Cond: ((id >= 5177444) AND (id <= 5177544))

table 2 : explain SELECT id FROM sbtest2 WHERE id BETWEEN 5177444 AND 5177544
	Index Only Scan using sbtest2_pkey on sbtest2  (cost=0.43..6.43 rows=100 width=4)
	  Index Cond: ((id >= 5177444) AND (id <= 5177544))

table 3 : explain SELECT id FROM sbtest3 WHERE id BETWEEN 5177444 AND 5177544
	Index Only Scan using sbtest3_pkey on sbtest3  (cost=0.43..6.35 rows=96 width=4)
	  Index Cond: ((id >= 5177444) AND (id <= 5177544))

table 4 : explain SELECT id FROM sbtest4 WHERE id BETWEEN 5177444 AND 5177544
	Index Only Scan using sbtest4_pkey on sbtest4  (cost=0.43..10.33 rows=95 width=4)
	  Index Cond: ((id >= 5177444) AND (id <= 5177544))

table 5 : explain SELECT id FROM sbtest5 WHERE id BETWEEN 5177444 AND 5177544
	Index Only Scan using sbtest5_pkey on sbtest5  (cost=0.43..10.65 rows=111 width=4)
	  Index Cond: ((id >= 5177444) AND (id <= 5177544))

table 6 : explain SELECT id FROM sbtest6 WHERE id BETWEEN 5177444 AND 5177544
	Index Only Scan using sbtest6_pkey on sbtest6  (cost=0.43..6.43 rows=100 width=4)
	  Index Cond: ((id >= 5177444) AND (id <= 5177544))

table 7 : explain SELECT id FROM sbtest7 WHERE id BETWEEN 5177444 AND 5177544
	Index Only Scan using sbtest7_pkey on sbtest7  (cost=0.43..6.47 rows=102 width=4)
	  Index Cond: ((id >= 5177444) AND (id <= 5177544))

table 8 : explain SELECT id FROM sbtest8 WHERE id BETWEEN 5177444 AND 5177544
	Index Only Scan using sbtest8_pkey on sbtest8  (cost=0.43..6.40 rows=98 width=4)
	  Index Cond: ((id >= 5177444) AND (id <= 5177544))

for range-covered
table 1 : explain SELECT id FROM sbtest1 WHERE id BETWEEN 5019936 AND 5020036
	Index Only Scan using sbtest1_pkey on sbtest1  (cost=0.43..10.46 rows=101 width=4)
	  Index Cond: ((id >= 5019936) AND (id <= 5020036))

table 2 : explain SELECT id FROM sbtest2 WHERE id BETWEEN 5019936 AND 5020036
	Index Only Scan using sbtest2_pkey on sbtest2  (cost=0.43..6.53 rows=105 width=4)
	  Index Cond: ((id >= 5019936) AND (id <= 5020036))

table 3 : explain SELECT id FROM sbtest3 WHERE id BETWEEN 5019936 AND 5020036
	Index Only Scan using sbtest3_pkey on sbtest3  (cost=0.43..6.37 rows=97 width=4)
	  Index Cond: ((id >= 5019936) AND (id <= 5020036))

table 4 : explain SELECT id FROM sbtest4 WHERE id BETWEEN 5019936 AND 5020036
	Index Only Scan using sbtest4_pkey on sbtest4  (cost=0.43..10.62 rows=109 width=4)
	  Index Cond: ((id >= 5019936) AND (id <= 5020036))

table 5 : explain SELECT id FROM sbtest5 WHERE id BETWEEN 5019936 AND 5020036
	Index Only Scan using sbtest5_pkey on sbtest5  (cost=0.43..10.26 rows=91 width=4)
	  Index Cond: ((id >= 5019936) AND (id <= 5020036))

table 6 : explain SELECT id FROM sbtest6 WHERE id BETWEEN 5019936 AND 5020036
	Index Only Scan using sbtest6_pkey on sbtest6  (cost=0.43..6.42 rows=99 width=4)
	  Index Cond: ((id >= 5019936) AND (id <= 5020036))

table 7 : explain SELECT id FROM sbtest7 WHERE id BETWEEN 5019936 AND 5020036
	Index Only Scan using sbtest7_pkey on sbtest7  (cost=0.43..6.29 rows=93 width=4)
	  Index Cond: ((id >= 5019936) AND (id <= 5020036))

table 8 : explain SELECT id FROM sbtest8 WHERE id BETWEEN 5019936 AND 5020036
	Index Only Scan using sbtest8_pkey on sbtest8  (cost=0.43..6.50 rows=103 width=4)
	  Index Cond: ((id >= 5019936) AND (id <= 5020036))

for range-covered
table 1 : explain SELECT id FROM sbtest1 WHERE id BETWEEN 7243835 AND 7243935
	Index Only Scan using sbtest1_pkey on sbtest1  (cost=0.43..10.50 rows=103 width=4)
	  Index Cond: ((id >= 7243835) AND (id <= 7243935))

table 2 : explain SELECT id FROM sbtest2 WHERE id BETWEEN 7243835 AND 7243935
	Index Only Scan using sbtest2_pkey on sbtest2  (cost=0.43..6.51 rows=104 width=4)
	  Index Cond: ((id >= 7243835) AND (id <= 7243935))

table 3 : explain SELECT id FROM sbtest3 WHERE id BETWEEN 7243835 AND 7243935
	Index Only Scan using sbtest3_pkey on sbtest3  (cost=0.43..6.53 rows=105 width=4)
	  Index Cond: ((id >= 7243835) AND (id <= 7243935))

table 4 : explain SELECT id FROM sbtest4 WHERE id BETWEEN 7243835 AND 7243935
	Index Only Scan using sbtest4_pkey on sbtest4  (cost=0.43..10.40 rows=98 width=4)
	  Index Cond: ((id >= 7243835) AND (id <= 7243935))

table 5 : explain SELECT id FROM sbtest5 WHERE id BETWEEN 7243835 AND 7243935
	Index Only Scan using sbtest5_pkey on sbtest5  (cost=0.43..10.33 rows=95 width=4)
	  Index Cond: ((id >= 7243835) AND (id <= 7243935))

table 6 : explain SELECT id FROM sbtest6 WHERE id BETWEEN 7243835 AND 7243935
	Index Only Scan using sbtest6_pkey on sbtest6  (cost=0.43..6.50 rows=103 width=4)
	  Index Cond: ((id >= 7243835) AND (id <= 7243935))

table 7 : explain SELECT id FROM sbtest7 WHERE id BETWEEN 7243835 AND 7243935
	Index Only Scan using sbtest7_pkey on sbtest7  (cost=0.43..6.59 rows=108 width=4)
	  Index Cond: ((id >= 7243835) AND (id <= 7243935))

table 8 : explain SELECT id FROM sbtest8 WHERE id BETWEEN 7243835 AND 7243935
	Index Only Scan using sbtest8_pkey on sbtest8  (cost=0.43..6.35 rows=96 width=4)
	  Index Cond: ((id >= 7243835) AND (id <= 7243935))

explain: for range-covered :: explain SELECT id FROM sbtest%d WHERE id BETWEEN 5177444 AND 5177544
explain: for range-covered :: explain SELECT id FROM sbtest%d WHERE id BETWEEN 5019936 AND 5020036
explain: for range-covered :: explain SELECT id FROM sbtest%d WHERE id BETWEEN 7243835 AND 7243935
for range-covered
table 1 : explain SELECT id FROM sbtest1 WHERE id BETWEEN 4432292 AND 4432392
	Index Only Scan using sbtest1_pkey on sbtest1  (cost=0.43..10.51 rows=104 width=4)
	  Index Cond: ((id >= 4432292) AND (id <= 4432392))

table 2 : explain SELECT id FROM sbtest2 WHERE id BETWEEN 4432292 AND 4432392
	Index Only Scan using sbtest2_pkey on sbtest2  (cost=0.43..6.45 rows=101 width=4)
	  Index Cond: ((id >= 4432292) AND (id <= 4432392))

table 3 : explain SELECT id FROM sbtest3 WHERE id BETWEEN 4432292 AND 4432392
	Index Only Scan using sbtest3_pkey on sbtest3  (cost=0.43..6.51 rows=104 width=4)
	  Index Cond: ((id >= 4432292) AND (id <= 4432392))

table 4 : explain SELECT id FROM sbtest4 WHERE id BETWEEN 4432292 AND 4432392
	Index Only Scan using sbtest4_pkey on sbtest4  (cost=0.43..10.70 rows=113 width=4)
	  Index Cond: ((id >= 4432292) AND (id <= 4432392))

table 5 : explain SELECT id FROM sbtest5 WHERE id BETWEEN 4432292 AND 4432392
	Index Only Scan using sbtest5_pkey on sbtest5  (cost=0.43..10.50 rows=103 width=4)
	  Index Cond: ((id >= 4432292) AND (id <= 4432392))

table 6 : explain SELECT id FROM sbtest6 WHERE id BETWEEN 4432292 AND 4432392
	Index Only Scan using sbtest6_pkey on sbtest6  (cost=0.43..6.35 rows=96 width=4)
	  Index Cond: ((id >= 4432292) AND (id <= 4432392))

table 7 : explain SELECT id FROM sbtest7 WHERE id BETWEEN 4432292 AND 4432392
	Index Only Scan using sbtest7_pkey on sbtest7  (cost=0.43..6.25 rows=91 width=4)
	  Index Cond: ((id >= 4432292) AND (id <= 4432392))

table 8 : explain SELECT id FROM sbtest8 WHERE id BETWEEN 4432292 AND 4432392
	Index Only Scan using sbtest8_pkey on sbtest8  (cost=0.43..6.27 rows=92 width=4)
	  Index Cond: ((id >= 4432292) AND (id <= 4432392))

explain: for range-covered :: explain SELECT id FROM sbtest%d WHERE id BETWEEN 4432292 AND 4432392
for range-covered
table 1 : explain SELECT id FROM sbtest1 WHERE id BETWEEN 2729322 AND 2729422
	Index Only Scan using sbtest1_pkey on sbtest1  (cost=0.43..10.54 rows=105 width=4)
	  Index Cond: ((id >= 2729322) AND (id <= 2729422))

table 2 : explain SELECT id FROM sbtest2 WHERE id BETWEEN 2729322 AND 2729422
	Index Only Scan using sbtest2_pkey on sbtest2  (cost=0.43..6.63 rows=110 width=4)
	  Index Cond: ((id >= 2729322) AND (id <= 2729422))

table 3 : explain SELECT id FROM sbtest3 WHERE id BETWEEN 2729322 AND 2729422
	Index Only Scan using sbtest3_pkey on sbtest3  (cost=0.43..6.45 rows=101 width=4)
	  Index Cond: ((id >= 2729322) AND (id <= 2729422))

table 4 : explain SELECT id FROM sbtest4 WHERE id BETWEEN 2729322 AND 2729422
	Index Only Scan using sbtest4_pkey on sbtest4  (cost=0.43..10.44 rows=100 width=4)
	  Index Cond: ((id >= 2729322) AND (id <= 2729422))

table 5 : explain SELECT id FROM sbtest5 WHERE id BETWEEN 2729322 AND 2729422
	Index Only Scan using sbtest5_pkey on sbtest5  (cost=0.43..10.51 rows=104 width=4)
	  Index Cond: ((id >= 2729322) AND (id <= 2729422))

table 6 : explain SELECT id FROM sbtest6 WHERE id BETWEEN 2729322 AND 2729422
	Index Only Scan using sbtest6_pkey on sbtest6  (cost=0.43..6.19 rows=88 width=4)
	  Index Cond: ((id >= 2729322) AND (id <= 2729422))

table 7 : explain SELECT id FROM sbtest7 WHERE id BETWEEN 2729322 AND 2729422
	Index Only Scan using sbtest7_pkey on sbtest7  (cost=0.43..6.33 rows=95 width=4)
	  Index Cond: ((id >= 2729322) AND (id <= 2729422))

table 8 : explain SELECT id FROM sbtest8 WHERE id BETWEEN 2729322 AND 2729422
	Index Only Scan using sbtest8_pkey on sbtest8  (cost=0.43..6.21 rows=89 width=4)
	  Index Cond: ((id >= 2729322) AND (id <= 2729422))

for range-covered
table 1 : explain SELECT id FROM sbtest1 WHERE id BETWEEN 2552651 AND 2552751
	Index Only Scan using sbtest1_pkey on sbtest1  (cost=0.43..10.36 rows=96 width=4)
	  Index Cond: ((id >= 2552651) AND (id <= 2552751))

table 2 : explain SELECT id FROM sbtest2 WHERE id BETWEEN 2552651 AND 2552751
	Index Only Scan using sbtest2_pkey on sbtest2  (cost=0.43..6.56 rows=106 width=4)
	  Index Cond: ((id >= 2552651) AND (id <= 2552751))

table 3 : explain SELECT id FROM sbtest3 WHERE id BETWEEN 2552651 AND 2552751
	Index Only Scan using sbtest3_pkey on sbtest3  (cost=0.43..6.24 rows=90 width=4)
	  Index Cond: ((id >= 2552651) AND (id <= 2552751))

table 4 : explain SELECT id FROM sbtest4 WHERE id BETWEEN 2552651 AND 2552751
	Index Only Scan using sbtest4_pkey on sbtest4  (cost=0.43..10.56 rows=106 width=4)
	  Index Cond: ((id >= 2552651) AND (id <= 2552751))

table 5 : explain SELECT id FROM sbtest5 WHERE id BETWEEN 2552651 AND 2552751
	Index Only Scan using sbtest5_pkey on sbtest5  (cost=0.43..10.46 rows=101 width=4)
	  Index Cond: ((id >= 2552651) AND (id <= 2552751))

table 6 : explain SELECT id FROM sbtest6 WHERE id BETWEEN 2552651 AND 2552751
	Index Only Scan using sbtest6_pkey on sbtest6  (cost=0.43..6.50 rows=103 width=4)
	  Index Cond: ((id >= 2552651) AND (id <= 2552751))

table 7 : explain SELECT id FROM sbtest7 WHERE id BETWEEN 2552651 AND 2552751
	Index Only Scan using sbtest7_pkey on sbtest7  (cost=0.43..6.56 rows=106 width=4)
	  Index Cond: ((id >= 2552651) AND (id <= 2552751))

table 8 : explain SELECT id FROM sbtest8 WHERE id BETWEEN 2552651 AND 2552751
	Index Only Scan using sbtest8_pkey on sbtest8  (cost=0.43..6.69 rows=113 width=4)
	  Index Cond: ((id >= 2552651) AND (id <= 2552751))

explain: for range-covered :: explain SELECT id FROM sbtest%d WHERE id BETWEEN 2552651 AND 2552751
for range-covered
table 1 : explain SELECT id FROM sbtest1 WHERE id BETWEEN 838931 AND 839031
	Index Only Scan using sbtest1_pkey on sbtest1  (cost=0.43..10.33 rows=95 width=4)
	  Index Cond: ((id >= 838931) AND (id <= 839031))

table 2 : explain SELECT id FROM sbtest2 WHERE id BETWEEN 838931 AND 839031
	Index Only Scan using sbtest2_pkey on sbtest2  (cost=0.43..6.33 rows=95 width=4)
	  Index Cond: ((id >= 838931) AND (id <= 839031))

table 3 : explain SELECT id FROM sbtest3 WHERE id BETWEEN 838931 AND 839031
	Index Only Scan using sbtest3_pkey on sbtest3  (cost=0.43..6.59 rows=108 width=4)
	  Index Cond: ((id >= 838931) AND (id <= 839031))

table 4 : explain SELECT id FROM sbtest4 WHERE id BETWEEN 838931 AND 839031
	Index Only Scan using sbtest4_pkey on sbtest4  (cost=0.43..10.42 rows=99 width=4)
	  Index Cond: ((id >= 838931) AND (id <= 839031))

table 5 : explain SELECT id FROM sbtest5 WHERE id BETWEEN 838931 AND 839031
	Index Only Scan using sbtest5_pkey on sbtest5  (cost=0.43..10.51 rows=104 width=4)
	  Index Cond: ((id >= 838931) AND (id <= 839031))

table 6 : explain SELECT id FROM sbtest6 WHERE id BETWEEN 838931 AND 839031
	Index Only Scan using sbtest6_pkey on sbtest6  (cost=0.43..6.56 rows=106 width=4)
	  Index Cond: ((id >= 838931) AND (id <= 839031))

table 7 : explain SELECT id FROM sbtest7 WHERE id BETWEEN 838931 AND 839031
	Index Only Scan using sbtest7_pkey on sbtest7  (cost=0.43..6.43 rows=100 width=4)
	  Index Cond: ((id >= 838931) AND (id <= 839031))

table 8 : explain SELECT id FROM sbtest8 WHERE id BETWEEN 838931 AND 839031
	Index Only Scan using sbtest8_pkey on sbtest8  (cost=0.43..6.51 rows=104 width=4)
	  Index Cond: ((id >= 838931) AND (id <= 839031))

for range-covered
table 1 : explain SELECT id FROM sbtest1 WHERE id BETWEEN 6767635 AND 6767735
	Index Only Scan using sbtest1_pkey on sbtest1  (cost=0.43..10.76 rows=116 width=4)
	  Index Cond: ((id >= 6767635) AND (id <= 6767735))

table 2 : explain SELECT id FROM sbtest2 WHERE id BETWEEN 6767635 AND 6767735
	Index Only Scan using sbtest2_pkey on sbtest2  (cost=0.43..6.40 rows=98 width=4)
	  Index Cond: ((id >= 6767635) AND (id <= 6767735))

table 3 : explain SELECT id FROM sbtest3 WHERE id BETWEEN 6767635 AND 6767735
	Index Only Scan using sbtest3_pkey on sbtest3  (cost=0.43..6.63 rows=110 width=4)
	  Index Cond: ((id >= 6767635) AND (id <= 6767735))

table 4 : explain SELECT id FROM sbtest4 WHERE id BETWEEN 6767635 AND 6767735
	Index Only Scan using sbtest4_pkey on sbtest4  (cost=0.43..10.36 rows=96 width=4)
	  Index Cond: ((id >= 6767635) AND (id <= 6767735))

table 5 : explain SELECT id FROM sbtest5 WHERE id BETWEEN 6767635 AND 6767735
	Index Only Scan using sbtest5_pkey on sbtest5  (cost=0.43..10.28 rows=92 width=4)
	  Index Cond: ((id >= 6767635) AND (id <= 6767735))

table 6 : explain SELECT id FROM sbtest6 WHERE id BETWEEN 6767635 AND 6767735
	Index Only Scan using sbtest6_pkey on sbtest6  (cost=0.43..6.33 rows=95 width=4)
	  Index Cond: ((id >= 6767635) AND (id <= 6767735))

table 7 : explain SELECT id FROM sbtest7 WHERE id BETWEEN 6767635 AND 6767735
	Index Only Scan using sbtest7_pkey on sbtest7  (cost=0.43..6.56 rows=106 width=4)
	  Index Cond: ((id >= 6767635) AND (id <= 6767735))

table 8 : explain SELECT id FROM sbtest8 WHERE id BETWEEN 6767635 AND 6767735
	Index Only Scan using sbtest8_pkey on sbtest8  (cost=0.43..6.50 rows=103 width=4)
	  Index Cond: ((id >= 6767635) AND (id <= 6767735))

for range-covered
table 1 : explain SELECT id FROM sbtest1 WHERE id BETWEEN 2287759 AND 2287859
	Index Only Scan using sbtest1_pkey on sbtest1  (cost=0.43..10.44 rows=100 width=4)
	  Index Cond: ((id >= 2287759) AND (id <= 2287859))

table 2 : explain SELECT id FROM sbtest2 WHERE id BETWEEN 2287759 AND 2287859
	Index Only Scan using sbtest2_pkey on sbtest2  (cost=0.43..6.45 rows=101 width=4)
	  Index Cond: ((id >= 2287759) AND (id <= 2287859))

table 3 : explain SELECT id FROM sbtest3 WHERE id BETWEEN 2287759 AND 2287859
	Index Only Scan using sbtest3_pkey on sbtest3  (cost=0.43..6.56 rows=106 width=4)
	  Index Cond: ((id >= 2287759) AND (id <= 2287859))

table 4 : explain SELECT id FROM sbtest4 WHERE id BETWEEN 2287759 AND 2287859
	Index Only Scan using sbtest4_pkey on sbtest4  (cost=0.43..10.54 rows=105 width=4)
	  Index Cond: ((id >= 2287759) AND (id <= 2287859))

table 5 : explain SELECT id FROM sbtest5 WHERE id BETWEEN 2287759 AND 2287859
	Index Only Scan using sbtest5_pkey on sbtest5  (cost=0.43..10.44 rows=100 width=4)
	  Index Cond: ((id >= 2287759) AND (id <= 2287859))

table 6 : explain SELECT id FROM sbtest6 WHERE id BETWEEN 2287759 AND 2287859
	Index Only Scan using sbtest6_pkey on sbtest6  (cost=0.43..6.35 rows=96 width=4)
	  Index Cond: ((id >= 2287759) AND (id <= 2287859))

table 7 : explain SELECT id FROM sbtest7 WHERE id BETWEEN 2287759 AND 2287859
	Index Only Scan using sbtest7_pkey on sbtest7  (cost=0.43..6.51 rows=104 width=4)
	  Index Cond: ((id >= 2287759) AND (id <= 2287859))

table 8 : explain SELECT id FROM sbtest8 WHERE id BETWEEN 2287759 AND 2287859
	Index Only Scan using sbtest8_pkey on sbtest8  (cost=0.43..6.43 rows=100 width=4)
	  Index Cond: ((id >= 2287759) AND (id <= 2287859))

for range-covered
table 1 : explain SELECT id FROM sbtest1 WHERE id BETWEEN 5177444 AND 5177544
	Index Only Scan using sbtest1_pkey on sbtest1  (cost=0.43..10.51 rows=104 width=4)
	  Index Cond: ((id >= 5177444) AND (id <= 5177544))

table 2 : explain SELECT id FROM sbtest2 WHERE id BETWEEN 5177444 AND 5177544
	Index Only Scan using sbtest2_pkey on sbtest2  (cost=0.43..6.43 rows=100 width=4)
	  Index Cond: ((id >= 5177444) AND (id <= 5177544))

table 3 : explain SELECT id FROM sbtest3 WHERE id BETWEEN 5177444 AND 5177544
	Index Only Scan using sbtest3_pkey on sbtest3  (cost=0.43..6.35 rows=96 width=4)
	  Index Cond: ((id >= 5177444) AND (id <= 5177544))

table 4 : explain SELECT id FROM sbtest4 WHERE id BETWEEN 5177444 AND 5177544
	Index Only Scan using sbtest4_pkey on sbtest4  (cost=0.43..10.33 rows=95 width=4)
	  Index Cond: ((id >= 5177444) AND (id <= 5177544))

table 5 : explain SELECT id FROM sbtest5 WHERE id BETWEEN 5177444 AND 5177544
	Index Only Scan using sbtest5_pkey on sbtest5  (cost=0.43..10.65 rows=111 width=4)
	  Index Cond: ((id >= 5177444) AND (id <= 5177544))

table 6 : explain SELECT id FROM sbtest6 WHERE id BETWEEN 5177444 AND 5177544
	Index Only Scan using sbtest6_pkey on sbtest6  (cost=0.43..6.43 rows=100 width=4)
	  Index Cond: ((id >= 5177444) AND (id <= 5177544))

table 7 : explain SELECT id FROM sbtest7 WHERE id BETWEEN 5177444 AND 5177544
	Index Only Scan using sbtest7_pkey on sbtest7  (cost=0.43..6.47 rows=102 width=4)
	  Index Cond: ((id >= 5177444) AND (id <= 5177544))

table 8 : explain SELECT id FROM sbtest8 WHERE id BETWEEN 5177444 AND 5177544
	Index Only Scan using sbtest8_pkey on sbtest8  (cost=0.43..6.40 rows=98 width=4)
	  Index Cond: ((id >= 5177444) AND (id <= 5177544))

explain: for range-covered :: explain SELECT id FROM sbtest%d WHERE id BETWEEN 2729322 AND 2729422
for range-covered
table 1 : explain SELECT id FROM sbtest1 WHERE id BETWEEN 5019936 AND 5020036
	Index Only Scan using sbtest1_pkey on sbtest1  (cost=0.43..10.46 rows=101 width=4)
	  Index Cond: ((id >= 5019936) AND (id <= 5020036))

table 2 : explain SELECT id FROM sbtest2 WHERE id BETWEEN 5019936 AND 5020036
	Index Only Scan using sbtest2_pkey on sbtest2  (cost=0.43..6.53 rows=105 width=4)
	  Index Cond: ((id >= 5019936) AND (id <= 5020036))

table 3 : explain SELECT id FROM sbtest3 WHERE id BETWEEN 5019936 AND 5020036
	Index Only Scan using sbtest3_pkey on sbtest3  (cost=0.43..6.37 rows=97 width=4)
	  Index Cond: ((id >= 5019936) AND (id <= 5020036))

table 4 : explain SELECT id FROM sbtest4 WHERE id BETWEEN 5019936 AND 5020036
	Index Only Scan using sbtest4_pkey on sbtest4  (cost=0.43..10.62 rows=109 width=4)
	  Index Cond: ((id >= 5019936) AND (id <= 5020036))

table 5 : explain SELECT id FROM sbtest5 WHERE id BETWEEN 5019936 AND 5020036
	Index Only Scan using sbtest5_pkey on sbtest5  (cost=0.43..10.26 rows=91 width=4)
	  Index Cond: ((id >= 5019936) AND (id <= 5020036))

table 6 : explain SELECT id FROM sbtest6 WHERE id BETWEEN 5019936 AND 5020036
	Index Only Scan using sbtest6_pkey on sbtest6  (cost=0.43..6.42 rows=99 width=4)
	  Index Cond: ((id >= 5019936) AND (id <= 5020036))

table 7 : explain SELECT id FROM sbtest7 WHERE id BETWEEN 5019936 AND 5020036
	Index Only Scan using sbtest7_pkey on sbtest7  (cost=0.43..6.29 rows=93 width=4)
	  Index Cond: ((id >= 5019936) AND (id <= 5020036))

table 8 : explain SELECT id FROM sbtest8 WHERE id BETWEEN 5019936 AND 5020036
	Index Only Scan using sbtest8_pkey on sbtest8  (cost=0.43..6.50 rows=103 width=4)
	  Index Cond: ((id >= 5019936) AND (id <= 5020036))

explain: for range-covered :: explain SELECT id FROM sbtest%d WHERE id BETWEEN 5177444 AND 5177544
explain: for range-covered :: explain SELECT id FROM sbtest%d WHERE id BETWEEN 2287759 AND 2287859
explain: for range-covered :: explain SELECT id FROM sbtest%d WHERE id BETWEEN 838931 AND 839031explain: for range-covered :: explain SELECT id FROM sbtest%d WHERE id BETWEEN 6767635 AND 6767735for range-covered
table 1 : explain SELECT id FROM sbtest1 WHERE id BETWEEN 7243835 AND 7243935
	Index Only Scan using sbtest1_pkey on sbtest1  (cost=0.43..10.50 rows=103 width=4)
	  Index Cond: ((id >= 7243835) AND (id <= 7243935))

table 2 : explain SELECT id FROM sbtest2 WHERE id BETWEEN 7243835 AND 7243935
	Index Only Scan using sbtest2_pkey on sbtest2  (cost=0.43..6.51 rows=104 width=4)
	  Index Cond: ((id >= 7243835) AND (id <= 7243935))

table 3 : explain SELECT id FROM sbtest3 WHERE id BETWEEN 7243835 AND 7243935
	Index Only Scan using sbtest3_pkey on sbtest3  (cost=0.43..6.53 rows=105 width=4)
	  Index Cond: ((id >= 7243835) AND (id <= 7243935))

table 4 : explain SELECT id FROM sbtest4 WHERE id BETWEEN 7243835 AND 7243935
	Index Only Scan using sbtest4_pkey on sbtest4  (cost=0.43..10.40 rows=98 width=4)
	  Index Cond: ((id >= 7243835) AND (id <= 7243935))

table 5 : explain SELECT id FROM sbtest5 WHERE id BETWEEN 7243835 AND 7243935
	Index Only Scan using sbtest5_pkey on sbtest5  (cost=0.43..10.33 rows=95 width=4)
	  Index Cond: ((id >= 7243835) AND (id <= 7243935))

table 6 : explain SELECT id FROM sbtest6 WHERE id BETWEEN 7243835 AND 7243935
	Index Only Scan using sbtest6_pkey on sbtest6  (cost=0.43..6.50 rows=103 width=4)
	  Index Cond: ((id >= 7243835) AND (id <= 7243935))

table 7 : explain SELECT id FROM sbtest7 WHERE id BETWEEN 7243835 AND 7243935
	Index Only Scan using sbtest7_pkey on sbtest7  (cost=0.43..6.59 rows=108 width=4)
	  Index Cond: ((id >= 7243835) AND (id <= 7243935))

table 8 : explain SELECT id FROM sbtest8 WHERE id BETWEEN 7243835 AND 7243935
	Index Only Scan using sbtest8_pkey on sbtest8  (cost=0.43..6.35 rows=96 width=4)
	  Index Cond: ((id >= 7243835) AND (id <= 7243935))


explain: for range-covered :: explain SELECT id FROM sbtest%d WHERE id BETWEEN 5019936 AND 5020036

explain: for range-covered :: explain SELECT id FROM sbtest%d WHERE id BETWEEN 7243835 AND 7243935
for range-covered
table 1 : explain SELECT id FROM sbtest1 WHERE id BETWEEN 4432292 AND 4432392
	Index Only Scan using sbtest1_pkey on sbtest1  (cost=0.43..10.51 rows=104 width=4)
	  Index Cond: ((id >= 4432292) AND (id <= 4432392))

table 2 : explain SELECT id FROM sbtest2 WHERE id BETWEEN 4432292 AND 4432392
	Index Only Scan using sbtest2_pkey on sbtest2  (cost=0.43..6.45 rows=101 width=4)
	  Index Cond: ((id >= 4432292) AND (id <= 4432392))

table 3 : explain SELECT id FROM sbtest3 WHERE id BETWEEN 4432292 AND 4432392
	Index Only Scan using sbtest3_pkey on sbtest3  (cost=0.43..6.51 rows=104 width=4)
	  Index Cond: ((id >= 4432292) AND (id <= 4432392))

table 4 : explain SELECT id FROM sbtest4 WHERE id BETWEEN 4432292 AND 4432392
	Index Only Scan using sbtest4_pkey on sbtest4  (cost=0.43..10.70 rows=113 width=4)
	  Index Cond: ((id >= 4432292) AND (id <= 4432392))

table 5 : explain SELECT id FROM sbtest5 WHERE id BETWEEN 4432292 AND 4432392
	Index Only Scan using sbtest5_pkey on sbtest5  (cost=0.43..10.50 rows=103 width=4)
	  Index Cond: ((id >= 4432292) AND (id <= 4432392))

table 6 : explain SELECT id FROM sbtest6 WHERE id BETWEEN 4432292 AND 4432392
	Index Only Scan using sbtest6_pkey on sbtest6  (cost=0.43..6.35 rows=96 width=4)
	  Index Cond: ((id >= 4432292) AND (id <= 4432392))

table 7 : explain SELECT id FROM sbtest7 WHERE id BETWEEN 4432292 AND 4432392
	Index Only Scan using sbtest7_pkey on sbtest7  (cost=0.43..6.25 rows=91 width=4)
	  Index Cond: ((id >= 4432292) AND (id <= 4432392))

table 8 : explain SELECT id FROM sbtest8 WHERE id BETWEEN 4432292 AND 4432392
	Index Only Scan using sbtest8_pkey on sbtest8  (cost=0.43..6.27 rows=92 width=4)
	  Index Cond: ((id >= 4432292) AND (id <= 4432392))

explain: for range-covered :: explain SELECT id FROM sbtest%d WHERE id BETWEEN 4432292 AND 4432392
for range-covered
table 1 : explain SELECT id FROM sbtest1 WHERE id BETWEEN 2552651 AND 2552751
	Index Only Scan using sbtest1_pkey on sbtest1  (cost=0.43..10.36 rows=96 width=4)
	  Index Cond: ((id >= 2552651) AND (id <= 2552751))

table 2 : explain SELECT id FROM sbtest2 WHERE id BETWEEN 2552651 AND 2552751
	Index Only Scan using sbtest2_pkey on sbtest2  (cost=0.43..6.56 rows=106 width=4)
	  Index Cond: ((id >= 2552651) AND (id <= 2552751))

table 3 : explain SELECT id FROM sbtest3 WHERE id BETWEEN 2552651 AND 2552751
	Index Only Scan using sbtest3_pkey on sbtest3  (cost=0.43..6.24 rows=90 width=4)
	  Index Cond: ((id >= 2552651) AND (id <= 2552751))

table 4 : explain SELECT id FROM sbtest4 WHERE id BETWEEN 2552651 AND 2552751
	Index Only Scan using sbtest4_pkey on sbtest4  (cost=0.43..10.56 rows=106 width=4)
	  Index Cond: ((id >= 2552651) AND (id <= 2552751))

table 5 : explain SELECT id FROM sbtest5 WHERE id BETWEEN 2552651 AND 2552751
	Index Only Scan using sbtest5_pkey on sbtest5  (cost=0.43..10.46 rows=101 width=4)
	  Index Cond: ((id >= 2552651) AND (id <= 2552751))

table 6 : explain SELECT id FROM sbtest6 WHERE id BETWEEN 2552651 AND 2552751
	Index Only Scan using sbtest6_pkey on sbtest6  (cost=0.43..6.50 rows=103 width=4)
	  Index Cond: ((id >= 2552651) AND (id <= 2552751))

table 7 : explain SELECT id FROM sbtest7 WHERE id BETWEEN 2552651 AND 2552751
	Index Only Scan using sbtest7_pkey on sbtest7  (cost=0.43..6.56 rows=106 width=4)
	  Index Cond: ((id >= 2552651) AND (id <= 2552751))

table 8 : explain SELECT id FROM sbtest8 WHERE id BETWEEN 2552651 AND 2552751
	Index Only Scan using sbtest8_pkey on sbtest8  (cost=0.43..6.69 rows=113 width=4)
	  Index Cond: ((id >= 2552651) AND (id <= 2552751))

explain: for range-covered :: explain SELECT id FROM sbtest%d WHERE id BETWEEN 2552651 AND 2552751
for range-covered
table 1 : explain SELECT id FROM sbtest1 WHERE id BETWEEN 5741284 AND 5741384
	Index Only Scan using sbtest1_pkey on sbtest1  (cost=0.43..10.40 rows=98 width=4)
	  Index Cond: ((id >= 5741284) AND (id <= 5741384))

table 2 : explain SELECT id FROM sbtest2 WHERE id BETWEEN 5741284 AND 5741384
	Index Only Scan using sbtest2_pkey on sbtest2  (cost=0.43..6.24 rows=90 width=4)
	  Index Cond: ((id >= 5741284) AND (id <= 5741384))

table 3 : explain SELECT id FROM sbtest3 WHERE id BETWEEN 5741284 AND 5741384
	Index Only Scan using sbtest3_pkey on sbtest3  (cost=0.43..6.75 rows=116 width=4)
	  Index Cond: ((id >= 5741284) AND (id <= 5741384))

table 4 : explain SELECT id FROM sbtest4 WHERE id BETWEEN 5741284 AND 5741384
	Index Only Scan using sbtest4_pkey on sbtest4  (cost=0.43..10.38 rows=97 width=4)
	  Index Cond: ((id >= 5741284) AND (id <= 5741384))

table 5 : explain SELECT id FROM sbtest5 WHERE id BETWEEN 5741284 AND 5741384
	Index Only Scan using sbtest5_pkey on sbtest5  (cost=0.43..10.63 rows=110 width=4)
	  Index Cond: ((id >= 5741284) AND (id <= 5741384))

table 6 : explain SELECT id FROM sbtest6 WHERE id BETWEEN 5741284 AND 5741384
	Index Only Scan using sbtest6_pkey on sbtest6  (cost=0.43..6.35 rows=96 width=4)
	  Index Cond: ((id >= 5741284) AND (id <= 5741384))

table 7 : explain SELECT id FROM sbtest7 WHERE id BETWEEN 5741284 AND 5741384
	Index Only Scan using sbtest7_pkey on sbtest7  (cost=0.43..6.51 rows=104 width=4)
	  Index Cond: ((id >= 5741284) AND (id <= 5741384))

table 8 : explain SELECT id FROM sbtest8 WHERE id BETWEEN 5741284 AND 5741384
	Index Only Scan using sbtest8_pkey on sbtest8  (cost=0.43..6.32 rows=94 width=4)
	  Index Cond: ((id >= 5741284) AND (id <= 5741384))

for range-covered
table 1 : explain SELECT id FROM sbtest1 WHERE id BETWEEN 7471601 AND 7471701
	Index Only Scan using sbtest1_pkey on sbtest1  (cost=0.43..10.46 rows=101 width=4)
	  Index Cond: ((id >= 7471601) AND (id <= 7471701))

table 2 : explain SELECT id FROM sbtest2 WHERE id BETWEEN 7471601 AND 7471701
	Index Only Scan using sbtest2_pkey on sbtest2  (cost=0.43..6.37 rows=97 width=4)
	  Index Cond: ((id >= 7471601) AND (id <= 7471701))

table 3 : explain SELECT id FROM sbtest3 WHERE id BETWEEN 7471601 AND 7471701
	Index Only Scan using sbtest3_pkey on sbtest3  (cost=0.43..6.43 rows=100 width=4)
	  Index Cond: ((id >= 7471601) AND (id <= 7471701))

table 4 : explain SELECT id FROM sbtest4 WHERE id BETWEEN 7471601 AND 7471701
	Index Only Scan using sbtest4_pkey on sbtest4  (cost=0.43..10.44 rows=100 width=4)
	  Index Cond: ((id >= 7471601) AND (id <= 7471701))

table 5 : explain SELECT id FROM sbtest5 WHERE id BETWEEN 7471601 AND 7471701
	Index Only Scan using sbtest5_pkey on sbtest5  (cost=0.43..10.51 rows=104 width=4)
	  Index Cond: ((id >= 7471601) AND (id <= 7471701))

table 6 : explain SELECT id FROM sbtest6 WHERE id BETWEEN 7471601 AND 7471701
	Index Only Scan using sbtest6_pkey on sbtest6  (cost=0.43..6.53 rows=105 width=4)
	  Index Cond: ((id >= 7471601) AND (id <= 7471701))

table 7 : explain SELECT id FROM sbtest7 WHERE id BETWEEN 7471601 AND 7471701
	Index Only Scan using sbtest7_pkey on sbtest7  (cost=0.43..6.53 rows=105 width=4)
	  Index Cond: ((id >= 7471601) AND (id <= 7471701))

table 8 : explain SELECT id FROM sbtest8 WHERE id BETWEEN 7471601 AND 7471701
	Index Only Scan using sbtest8_pkey on sbtest8  (cost=0.43..6.59 rows=108 width=4)
	  Index Cond: ((id >= 7471601) AND (id <= 7471701))

explain: for range-covered :: explain SELECT id FROM sbtest%d WHERE id BETWEEN 5741284 AND 5741384
for range-covered
table 1 : explain SELECT id FROM sbtest1 WHERE id BETWEEN 5177444 AND 5177544
	Index Only Scan using sbtest1_pkey on sbtest1  (cost=0.43..10.51 rows=104 width=4)
	  Index Cond: ((id >= 5177444) AND (id <= 5177544))

table 2 : explain SELECT id FROM sbtest2 WHERE id BETWEEN 5177444 AND 5177544
	Index Only Scan using sbtest2_pkey on sbtest2  (cost=0.43..6.43 rows=100 width=4)
	  Index Cond: ((id >= 5177444) AND (id <= 5177544))

table 3 : explain SELECT id FROM sbtest3 WHERE id BETWEEN 5177444 AND 5177544
	Index Only Scan using sbtest3_pkey on sbtest3  (cost=0.43..6.35 rows=96 width=4)
	  Index Cond: ((id >= 5177444) AND (id <= 5177544))

table 4 : explain SELECT id FROM sbtest4 WHERE id BETWEEN 5177444 AND 5177544
	Index Only Scan using sbtest4_pkey on sbtest4  (cost=0.43..10.33 rows=95 width=4)
	  Index Cond: ((id >= 5177444) AND (id <= 5177544))

table 5 : explain SELECT id FROM sbtest5 WHERE id BETWEEN 5177444 AND 5177544
	Index Only Scan using sbtest5_pkey on sbtest5  (cost=0.43..10.65 rows=111 width=4)
	  Index Cond: ((id >= 5177444) AND (id <= 5177544))

table 6 : explain SELECT id FROM sbtest6 WHERE id BETWEEN 5177444 AND 5177544
	Index Only Scan using sbtest6_pkey on sbtest6  (cost=0.43..6.43 rows=100 width=4)
	  Index Cond: ((id >= 5177444) AND (id <= 5177544))

table 7 : explain SELECT id FROM sbtest7 WHERE id BETWEEN 5177444 AND 5177544
	Index Only Scan using sbtest7_pkey on sbtest7  (cost=0.43..6.47 rows=102 width=4)
	  Index Cond: ((id >= 5177444) AND (id <= 5177544))

table 8 : explain SELECT id FROM sbtest8 WHERE id BETWEEN 5177444 AND 5177544
	Index Only Scan using sbtest8_pkey on sbtest8  (cost=0.43..6.40 rows=98 width=4)
	  Index Cond: ((id >= 5177444) AND (id <= 5177544))

explain: for range-covered :: explain SELECT id FROM sbtest%d WHERE id BETWEEN 7471601 AND 7471701
explain: for range-covered :: explain SELECT id FROM sbtest%d WHERE id BETWEEN 5177444 AND 5177544
for range-covered
table 1 : explain SELECT id FROM sbtest1 WHERE id BETWEEN 2287759 AND 2287859
	Index Only Scan using sbtest1_pkey on sbtest1  (cost=0.43..10.44 rows=100 width=4)
	  Index Cond: ((id >= 2287759) AND (id <= 2287859))

table 2 : explain SELECT id FROM sbtest2 WHERE id BETWEEN 2287759 AND 2287859
	Index Only Scan using sbtest2_pkey on sbtest2  (cost=0.43..6.45 rows=101 width=4)
	  Index Cond: ((id >= 2287759) AND (id <= 2287859))

table 3 : explain SELECT id FROM sbtest3 WHERE id BETWEEN 2287759 AND 2287859
	Index Only Scan using sbtest3_pkey on sbtest3  (cost=0.43..6.56 rows=106 width=4)
	  Index Cond: ((id >= 2287759) AND (id <= 2287859))

table 4 : explain SELECT id FROM sbtest4 WHERE id BETWEEN 2287759 AND 2287859
	Index Only Scan using sbtest4_pkey on sbtest4  (cost=0.43..10.54 rows=105 width=4)
	  Index Cond: ((id >= 2287759) AND (id <= 2287859))

table 5 : explain SELECT id FROM sbtest5 WHERE id BETWEEN 2287759 AND 2287859
	Index Only Scan using sbtest5_pkey on sbtest5  (cost=0.43..10.44 rows=100 width=4)
	  Index Cond: ((id >= 2287759) AND (id <= 2287859))

table 6 : explain SELECT id FROM sbtest6 WHERE id BETWEEN 2287759 AND 2287859
	Index Only Scan using sbtest6_pkey on sbtest6  (cost=0.43..6.35 rows=96 width=4)
	  Index Cond: ((id >= 2287759) AND (id <= 2287859))

table 7 : explain SELECT id FROM sbtest7 WHERE id BETWEEN 2287759 AND 2287859
	Index Only Scan using sbtest7_pkey on sbtest7  (cost=0.43..6.51 rows=104 width=4)
	  Index Cond: ((id >= 2287759) AND (id <= 2287859))

table 8 : explain SELECT id FROM sbtest8 WHERE id BETWEEN 2287759 AND 2287859
	Index Only Scan using sbtest8_pkey on sbtest8  (cost=0.43..6.43 rows=100 width=4)
	  Index Cond: ((id >= 2287759) AND (id <= 2287859))

for range-covered
table 1 : explain SELECT id FROM sbtest1 WHERE id BETWEEN 5019936 AND 5020036
	Index Only Scan using sbtest1_pkey on sbtest1  (cost=0.43..10.46 rows=101 width=4)
	  Index Cond: ((id >= 5019936) AND (id <= 5020036))

table 2 : explain SELECT id FROM sbtest2 WHERE id BETWEEN 5019936 AND 5020036
	Index Only Scan using sbtest2_pkey on sbtest2  (cost=0.43..6.53 rows=105 width=4)
	  Index Cond: ((id >= 5019936) AND (id <= 5020036))

table 3 : explain SELECT id FROM sbtest3 WHERE id BETWEEN 5019936 AND 5020036
	Index Only Scan using sbtest3_pkey on sbtest3  (cost=0.43..6.37 rows=97 width=4)
	  Index Cond: ((id >= 5019936) AND (id <= 5020036))

table 4 : explain SELECT id FROM sbtest4 WHERE id BETWEEN 5019936 AND 5020036
	Index Only Scan using sbtest4_pkey on sbtest4  (cost=0.43..10.62 rows=109 width=4)
	  Index Cond: ((id >= 5019936) AND (id <= 5020036))

table 5 : explain SELECT id FROM sbtest5 WHERE id BETWEEN 5019936 AND 5020036
	Index Only Scan using sbtest5_pkey on sbtest5  (cost=0.43..10.26 rows=91 width=4)
	  Index Cond: ((id >= 5019936) AND (id <= 5020036))

table 6 : explain SELECT id FROM sbtest6 WHERE id BETWEEN 5019936 AND 5020036
	Index Only Scan using sbtest6_pkey on sbtest6  (cost=0.43..6.42 rows=99 width=4)
	  Index Cond: ((id >= 5019936) AND (id <= 5020036))

table 7 : explain SELECT id FROM sbtest7 WHERE id BETWEEN 5019936 AND 5020036
	Index Only Scan using sbtest7_pkey on sbtest7  (cost=0.43..6.29 rows=93 width=4)
	  Index Cond: ((id >= 5019936) AND (id <= 5020036))

table 8 : explain SELECT id FROM sbtest8 WHERE id BETWEEN 5019936 AND 5020036
	Index Only Scan using sbtest8_pkey on sbtest8  (cost=0.43..6.50 rows=103 width=4)
	  Index Cond: ((id >= 5019936) AND (id <= 5020036))

for range-covered
table 1 : explain SELECT id FROM sbtest1 WHERE id BETWEEN 7243835 AND 7243935
	Index Only Scan using sbtest1_pkey on sbtest1  (cost=0.43..10.50 rows=103 width=4)
	  Index Cond: ((id >= 7243835) AND (id <= 7243935))

table 2 : explain SELECT id FROM sbtest2 WHERE id BETWEEN 7243835 AND 7243935
	Index Only Scan using sbtest2_pkey on sbtest2  (cost=0.43..6.51 rows=104 width=4)
	  Index Cond: ((id >= 7243835) AND (id <= 7243935))

table 3 : explain SELECT id FROM sbtest3 WHERE id BETWEEN 7243835 AND 7243935
	Index Only Scan using sbtest3_pkey on sbtest3  (cost=0.43..6.53 rows=105 width=4)
	  Index Cond: ((id >= 7243835) AND (id <= 7243935))

table 4 : explain SELECT id FROM sbtest4 WHERE id BETWEEN 7243835 AND 7243935
	Index Only Scan using sbtest4_pkey on sbtest4  (cost=0.43..10.40 rows=98 width=4)
	  Index Cond: ((id >= 7243835) AND (id <= 7243935))

table 5 : explain SELECT id FROM sbtest5 WHERE id BETWEEN 7243835 AND 7243935
	Index Only Scan using sbtest5_pkey on sbtest5  (cost=0.43..10.33 rows=95 width=4)
	  Index Cond: ((id >= 7243835) AND (id <= 7243935))

table 6 : explain SELECT id FROM sbtest6 WHERE id BETWEEN 7243835 AND 7243935
	Index Only Scan using sbtest6_pkey on sbtest6  (cost=0.43..6.50 rows=103 width=4)
	  Index Cond: ((id >= 7243835) AND (id <= 7243935))

table 7 : explain SELECT id FROM sbtest7 WHERE id BETWEEN 7243835 AND 7243935
	Index Only Scan using sbtest7_pkey on sbtest7  (cost=0.43..6.59 rows=108 width=4)
	  Index Cond: ((id >= 7243835) AND (id <= 7243935))

table 8 : explain SELECT id FROM sbtest8 WHERE id BETWEEN 7243835 AND 7243935
	Index Only Scan using sbtest8_pkey on sbtest8  (cost=0.43..6.35 rows=96 width=4)
	  Index Cond: ((id >= 7243835) AND (id <= 7243935))

explain: for range-covered :: explain SELECT id FROM sbtest%d WHERE id BETWEEN 2287759 AND 2287859
explain: for range-covered :: explain SELECT id FROM sbtest%d WHERE id BETWEEN 5019936 AND 5020036
explain: for range-covered :: explain SELECT id FROM sbtest%d WHERE id BETWEEN 7243835 AND 7243935
for range-covered
table 1 : explain SELECT id FROM sbtest1 WHERE id BETWEEN 4432292 AND 4432392
	Index Only Scan using sbtest1_pkey on sbtest1  (cost=0.43..10.51 rows=104 width=4)
	  Index Cond: ((id >= 4432292) AND (id <= 4432392))

table 2 : explain SELECT id FROM sbtest2 WHERE id BETWEEN 4432292 AND 4432392
	Index Only Scan using sbtest2_pkey on sbtest2  (cost=0.43..6.45 rows=101 width=4)
	  Index Cond: ((id >= 4432292) AND (id <= 4432392))

table 3 : explain SELECT id FROM sbtest3 WHERE id BETWEEN 4432292 AND 4432392
	Index Only Scan using sbtest3_pkey on sbtest3  (cost=0.43..6.51 rows=104 width=4)
	  Index Cond: ((id >= 4432292) AND (id <= 4432392))

table 4 : explain SELECT id FROM sbtest4 WHERE id BETWEEN 4432292 AND 4432392
	Index Only Scan using sbtest4_pkey on sbtest4  (cost=0.43..10.70 rows=113 width=4)
	  Index Cond: ((id >= 4432292) AND (id <= 4432392))

table 5 : explain SELECT id FROM sbtest5 WHERE id BETWEEN 4432292 AND 4432392
	Index Only Scan using sbtest5_pkey on sbtest5  (cost=0.43..10.50 rows=103 width=4)
	  Index Cond: ((id >= 4432292) AND (id <= 4432392))

table 6 : explain SELECT id FROM sbtest6 WHERE id BETWEEN 4432292 AND 4432392
	Index Only Scan using sbtest6_pkey on sbtest6  (cost=0.43..6.35 rows=96 width=4)
	  Index Cond: ((id >= 4432292) AND (id <= 4432392))

table 7 : explain SELECT id FROM sbtest7 WHERE id BETWEEN 4432292 AND 4432392
	Index Only Scan using sbtest7_pkey on sbtest7  (cost=0.43..6.25 rows=91 width=4)
	  Index Cond: ((id >= 4432292) AND (id <= 4432392))

table 8 : explain SELECT id FROM sbtest8 WHERE id BETWEEN 4432292 AND 4432392
	Index Only Scan using sbtest8_pkey on sbtest8  (cost=0.43..6.27 rows=92 width=4)
	  Index Cond: ((id >= 4432292) AND (id <= 4432392))

explain: for range-covered :: explain SELECT id FROM sbtest%d WHERE id BETWEEN 4432292 AND 4432392
for range-covered
table 1 : explain SELECT id FROM sbtest1 WHERE id BETWEEN 3542504 AND 3542604
	Index Only Scan using sbtest1_pkey on sbtest1  (cost=0.43..10.42 rows=99 width=4)
	  Index Cond: ((id >= 3542504) AND (id <= 3542604))

table 2 : explain SELECT id FROM sbtest2 WHERE id BETWEEN 3542504 AND 3542604
	Index Only Scan using sbtest2_pkey on sbtest2  (cost=0.43..6.33 rows=95 width=4)
	  Index Cond: ((id >= 3542504) AND (id <= 3542604))

table 3 : explain SELECT id FROM sbtest3 WHERE id BETWEEN 3542504 AND 3542604
	Index Only Scan using sbtest3_pkey on sbtest3  (cost=0.43..6.32 rows=94 width=4)
	  Index Cond: ((id >= 3542504) AND (id <= 3542604))

table 4 : explain SELECT id FROM sbtest4 WHERE id BETWEEN 3542504 AND 3542604
	Index Only Scan using sbtest4_pkey on sbtest4  (cost=0.43..10.47 rows=102 width=4)
	  Index Cond: ((id >= 3542504) AND (id <= 3542604))

table 5 : explain SELECT id FROM sbtest5 WHERE id BETWEEN 3542504 AND 3542604
	Index Only Scan using sbtest5_pkey on sbtest5  (cost=0.43..10.46 rows=101 width=4)
	  Index Cond: ((id >= 3542504) AND (id <= 3542604))

table 6 : explain SELECT id FROM sbtest6 WHERE id BETWEEN 3542504 AND 3542604
	Index Only Scan using sbtest6_pkey on sbtest6  (cost=0.43..6.56 rows=106 width=4)
	  Index Cond: ((id >= 3542504) AND (id <= 3542604))

table 7 : explain SELECT id FROM sbtest7 WHERE id BETWEEN 3542504 AND 3542604
	Index Only Scan using sbtest7_pkey on sbtest7  (cost=0.43..6.51 rows=104 width=4)
	  Index Cond: ((id >= 3542504) AND (id <= 3542604))

table 8 : explain SELECT id FROM sbtest8 WHERE id BETWEEN 3542504 AND 3542604
	Index Only Scan using sbtest8_pkey on sbtest8  (cost=0.43..6.42 rows=99 width=4)
	  Index Cond: ((id >= 3542504) AND (id <= 3542604))

for range-covered
table 1 : explain SELECT id FROM sbtest1 WHERE id BETWEEN 2552651 AND 2552751
	Index Only Scan using sbtest1_pkey on sbtest1  (cost=0.43..10.36 rows=96 width=4)
	  Index Cond: ((id >= 2552651) AND (id <= 2552751))

table 2 : explain SELECT id FROM sbtest2 WHERE id BETWEEN 2552651 AND 2552751
	Index Only Scan using sbtest2_pkey on sbtest2  (cost=0.43..6.56 rows=106 width=4)
	  Index Cond: ((id >= 2552651) AND (id <= 2552751))

table 3 : explain SELECT id FROM sbtest3 WHERE id BETWEEN 2552651 AND 2552751
	Index Only Scan using sbtest3_pkey on sbtest3  (cost=0.43..6.24 rows=90 width=4)
	  Index Cond: ((id >= 2552651) AND (id <= 2552751))

table 4 : explain SELECT id FROM sbtest4 WHERE id BETWEEN 2552651 AND 2552751
	Index Only Scan using sbtest4_pkey on sbtest4  (cost=0.43..10.56 rows=106 width=4)
	  Index Cond: ((id >= 2552651) AND (id <= 2552751))

table 5 : explain SELECT id FROM sbtest5 WHERE id BETWEEN 2552651 AND 2552751
	Index Only Scan using sbtest5_pkey on sbtest5  (cost=0.43..10.46 rows=101 width=4)
	  Index Cond: ((id >= 2552651) AND (id <= 2552751))

table 6 : explain SELECT id FROM sbtest6 WHERE id BETWEEN 2552651 AND 2552751
	Index Only Scan using sbtest6_pkey on sbtest6  (cost=0.43..6.50 rows=103 width=4)
	  Index Cond: ((id >= 2552651) AND (id <= 2552751))

table 7 : explain SELECT id FROM sbtest7 WHERE id BETWEEN 2552651 AND 2552751
	Index Only Scan using sbtest7_pkey on sbtest7  (cost=0.43..6.56 rows=106 width=4)
	  Index Cond: ((id >= 2552651) AND (id <= 2552751))

table 8 : explain SELECT id FROM sbtest8 WHERE id BETWEEN 2552651 AND 2552751
	Index Only Scan using sbtest8_pkey on sbtest8  (cost=0.43..6.69 rows=113 width=4)
	  Index Cond: ((id >= 2552651) AND (id <= 2552751))

for range-covered
table 1 : explain SELECT id FROM sbtest1 WHERE id BETWEEN 2729322 AND 2729422
	Index Only Scan using sbtest1_pkey on sbtest1  (cost=0.43..10.54 rows=105 width=4)
	  Index Cond: ((id >= 2729322) AND (id <= 2729422))

table 2 : explain SELECT id FROM sbtest2 WHERE id BETWEEN 2729322 AND 2729422
	Index Only Scan using sbtest2_pkey on sbtest2  (cost=0.43..6.63 rows=110 width=4)
	  Index Cond: ((id >= 2729322) AND (id <= 2729422))

table 3 : explain SELECT id FROM sbtest3 WHERE id BETWEEN 2729322 AND 2729422
	Index Only Scan using sbtest3_pkey on sbtest3  (cost=0.43..6.45 rows=101 width=4)
	  Index Cond: ((id >= 2729322) AND (id <= 2729422))

table 4 : explain SELECT id FROM sbtest4 WHERE id BETWEEN 2729322 AND 2729422
	Index Only Scan using sbtest4_pkey on sbtest4  (cost=0.43..10.44 rows=100 width=4)
	  Index Cond: ((id >= 2729322) AND (id <= 2729422))

table 5 : explain SELECT id FROM sbtest5 WHERE id BETWEEN 2729322 AND 2729422
	Index Only Scan using sbtest5_pkey on sbtest5  (cost=0.43..10.51 rows=104 width=4)
	  Index Cond: ((id >= 2729322) AND (id <= 2729422))

table 6 : explain SELECT id FROM sbtest6 WHERE id BETWEEN 2729322 AND 2729422
	Index Only Scan using sbtest6_pkey on sbtest6  (cost=0.43..6.19 rows=88 width=4)
	  Index Cond: ((id >= 2729322) AND (id <= 2729422))

table 7 : explain SELECT id FROM sbtest7 WHERE id BETWEEN 2729322 AND 2729422
	Index Only Scan using sbtest7_pkey on sbtest7  (cost=0.43..6.33 rows=95 width=4)
	  Index Cond: ((id >= 2729322) AND (id <= 2729422))

table 8 : explain SELECT id FROM sbtest8 WHERE id BETWEEN 2729322 AND 2729422
	Index Only Scan using sbtest8_pkey on sbtest8  (cost=0.43..6.21 rows=89 width=4)
	  Index Cond: ((id >= 2729322) AND (id <= 2729422))

explain: for range-covered :: explain SELECT id FROM sbtest%d WHERE id BETWEEN 2729322 AND 2729422
for range-covered
table 1 : explain SELECT id FROM sbtest1 WHERE id BETWEEN 5741284 AND 5741384
	Index Only Scan using sbtest1_pkey on sbtest1  (cost=0.43..10.40 rows=98 width=4)
	  Index Cond: ((id >= 5741284) AND (id <= 5741384))

table 2 : explain SELECT id FROM sbtest2 WHERE id BETWEEN 5741284 AND 5741384
	Index Only Scan using sbtest2_pkey on sbtest2  (cost=0.43..6.24 rows=90 width=4)
	  Index Cond: ((id >= 5741284) AND (id <= 5741384))

table 3 : explain SELECT id FROM sbtest3 WHERE id BETWEEN 5741284 AND 5741384
	Index Only Scan using sbtest3_pkey on sbtest3  (cost=0.43..6.75 rows=116 width=4)
	  Index Cond: ((id >= 5741284) AND (id <= 5741384))

table 4 : explain SELECT id FROM sbtest4 WHERE id BETWEEN 5741284 AND 5741384
	Index Only Scan using sbtest4_pkey on sbtest4  (cost=0.43..10.38 rows=97 width=4)
	  Index Cond: ((id >= 5741284) AND (id <= 5741384))

table 5 : explain SELECT id FROM sbtest5 WHERE id BETWEEN 5741284 AND 5741384
	Index Only Scan using sbtest5_pkey on sbtest5  (cost=0.43..10.63 rows=110 width=4)
	  Index Cond: ((id >= 5741284) AND (id <= 5741384))

table 6 : explain SELECT id FROM sbtest6 WHERE id BETWEEN 5741284 AND 5741384
	Index Only Scan using sbtest6_pkey on sbtest6  (cost=0.43..6.35 rows=96 width=4)
	  Index Cond: ((id >= 5741284) AND (id <= 5741384))

table 7 : explain SELECT id FROM sbtest7 WHERE id BETWEEN 5741284 AND 5741384
	Index Only Scan using sbtest7_pkey on sbtest7  (cost=0.43..6.51 rows=104 width=4)
	  Index Cond: ((id >= 5741284) AND (id <= 5741384))

table 8 : explain SELECT id FROM sbtest8 WHERE id BETWEEN 5741284 AND 5741384
	Index Only Scan using sbtest8_pkey on sbtest8  (cost=0.43..6.32 rows=94 width=4)
	  Index Cond: ((id >= 5741284) AND (id <= 5741384))

for range-covered
table 1 : explain SELECT id FROM sbtest1 WHERE id BETWEEN 5177444 AND 5177544
	Index Only Scan using sbtest1_pkey on sbtest1  (cost=0.43..10.51 rows=104 width=4)
	  Index Cond: ((id >= 5177444) AND (id <= 5177544))

table 2 : explain SELECT id FROM sbtest2 WHERE id BETWEEN 5177444 AND 5177544
	Index Only Scan using sbtest2_pkey on sbtest2  (cost=0.43..6.43 rows=100 width=4)
	  Index Cond: ((id >= 5177444) AND (id <= 5177544))

table 3 : explain SELECT id FROM sbtest3 WHERE id BETWEEN 5177444 AND 5177544
	Index Only Scan using sbtest3_pkey on sbtest3  (cost=0.43..6.35 rows=96 width=4)
	  Index Cond: ((id >= 5177444) AND (id <= 5177544))

table 4 : explain SELECT id FROM sbtest4 WHERE id BETWEEN 5177444 AND 5177544
	Index Only Scan using sbtest4_pkey on sbtest4  (cost=0.43..10.33 rows=95 width=4)
	  Index Cond: ((id >= 5177444) AND (id <= 5177544))

table 5 : explain SELECT id FROM sbtest5 WHERE id BETWEEN 5177444 AND 5177544
	Index Only Scan using sbtest5_pkey on sbtest5  (cost=0.43..10.65 rows=111 width=4)
	  Index Cond: ((id >= 5177444) AND (id <= 5177544))

table 6 : explain SELECT id FROM sbtest6 WHERE id BETWEEN 5177444 AND 5177544
	Index Only Scan using sbtest6_pkey on sbtest6  (cost=0.43..6.43 rows=100 width=4)
	  Index Cond: ((id >= 5177444) AND (id <= 5177544))

table 7 : explain SELECT id FROM sbtest7 WHERE id BETWEEN 5177444 AND 5177544
	Index Only Scan using sbtest7_pkey on sbtest7  (cost=0.43..6.47 rows=102 width=4)
	  Index Cond: ((id >= 5177444) AND (id <= 5177544))

table 8 : explain SELECT id FROM sbtest8 WHERE id BETWEEN 5177444 AND 5177544
	Index Only Scan using sbtest8_pkey on sbtest8  (cost=0.43..6.40 rows=98 width=4)
	  Index Cond: ((id >= 5177444) AND (id <= 5177544))

for range-covered
table 1 : explain SELECT id FROM sbtest1 WHERE id BETWEEN 7471601 AND 7471701
	Index Only Scan using sbtest1_pkey on sbtest1  (cost=0.43..10.46 rows=101 width=4)
	  Index Cond: ((id >= 7471601) AND (id <= 7471701))

table 2 : explain SELECT id FROM sbtest2 WHERE id BETWEEN 7471601 AND 7471701
	Index Only Scan using sbtest2_pkey on sbtest2  (cost=0.43..6.37 rows=97 width=4)
	  Index Cond: ((id >= 7471601) AND (id <= 7471701))

table 3 : explain SELECT id FROM sbtest3 WHERE id BETWEEN 7471601 AND 7471701
	Index Only Scan using sbtest3_pkey on sbtest3  (cost=0.43..6.43 rows=100 width=4)
	  Index Cond: ((id >= 7471601) AND (id <= 7471701))

table 4 : explain SELECT id FROM sbtest4 WHERE id BETWEEN 7471601 AND 7471701
	Index Only Scan using sbtest4_pkey on sbtest4  (cost=0.43..10.44 rows=100 width=4)
	  Index Cond: ((id >= 7471601) AND (id <= 7471701))

table 5 : explain SELECT id FROM sbtest5 WHERE id BETWEEN 7471601 AND 7471701
	Index Only Scan using sbtest5_pkey on sbtest5  (cost=0.43..10.51 rows=104 width=4)
	  Index Cond: ((id >= 7471601) AND (id <= 7471701))

table 6 : explain SELECT id FROM sbtest6 WHERE id BETWEEN 7471601 AND 7471701
	Index Only Scan using sbtest6_pkey on sbtest6  (cost=0.43..6.53 rows=105 width=4)
	  Index Cond: ((id >= 7471601) AND (id <= 7471701))

table 7 : explain SELECT id FROM sbtest7 WHERE id BETWEEN 7471601 AND 7471701
	Index Only Scan using sbtest7_pkey on sbtest7  (cost=0.43..6.53 rows=105 width=4)
	  Index Cond: ((id >= 7471601) AND (id <= 7471701))

table 8 : explain SELECT id FROM sbtest8 WHERE id BETWEEN 7471601 AND 7471701
	Index Only Scan using sbtest8_pkey on sbtest8  (cost=0.43..6.59 rows=108 width=4)
	  Index Cond: ((id >= 7471601) AND (id <= 7471701))
explain: for range-covered :: explain SELECT id FROM sbtest%d WHERE id BETWEEN 5741284 AND 5741384

explain: for range-covered :: explain SELECT id FROM sbtest%d WHERE id BETWEEN 3542504 AND 3542604
for range-covered
table 1 : explain SELECT id FROM sbtest1 WHERE id BETWEEN 6767635 AND 6767735
	Index Only Scan using sbtest1_pkey on sbtest1  (cost=0.43..10.76 rows=116 width=4)
	  Index Cond: ((id >= 6767635) AND (id <= 6767735))

table 2 : explain SELECT id FROM sbtest2 WHERE id BETWEEN 6767635 AND 6767735
	Index Only Scan using sbtest2_pkey on sbtest2  (cost=0.43..6.40 rows=98 width=4)
	  Index Cond: ((id >= 6767635) AND (id <= 6767735))

table 3 : explain SELECT id FROM sbtest3 WHERE id BETWEEN 6767635 AND 6767735
	Index Only Scan using sbtest3_pkey on sbtest3  (cost=0.43..6.63 rows=110 width=4)
	  Index Cond: ((id >= 6767635) AND (id <= 6767735))

table 4 : explain SELECT id FROM sbtest4 WHERE id BETWEEN 6767635 AND 6767735
	Index Only Scan using sbtest4_pkey on sbtest4  (cost=0.43..10.36 rows=96 width=4)
	  Index Cond: ((id >= 6767635) AND (id <= 6767735))

table 5 : explain SELECT id FROM sbtest5 WHERE id BETWEEN 6767635 AND 6767735
	Index Only Scan using sbtest5_pkey on sbtest5  (cost=0.43..10.28 rows=92 width=4)
	  Index Cond: ((id >= 6767635) AND (id <= 6767735))

table 6 : explain SELECT id FROM sbtest6 WHERE id BETWEEN 6767635 AND 6767735
	Index Only Scan using sbtest6_pkey on sbtest6  (cost=0.43..6.33 rows=95 width=4)
	  Index Cond: ((id >= 6767635) AND (id <= 6767735))

table 7 : explain SELECT id FROM sbtest7 WHERE id BETWEEN 6767635 AND 6767735
	Index Only Scan using sbtest7_pkey on sbtest7  (cost=0.43..6.56 rows=106 width=4)
	  Index Cond: ((id >= 6767635) AND (id <= 6767735))

table 8 : explain SELECT id FROM sbtest8 WHERE id BETWEEN 6767635 AND 6767735
	Index Only Scan using sbtest8_pkey on sbtest8  (cost=0.43..6.50 rows=103 width=4)
	  Index Cond: ((id >= 6767635) AND (id <= 6767735))

explain: for range-covered :: explain SELECT id FROM sbtest%d WHERE id BETWEEN 5177444 AND 5177544
for range-covered
table 1 : explain SELECT id FROM sbtest1 WHERE id BETWEEN 5019936 AND 5020036
	Index Only Scan using sbtest1_pkey on sbtest1  (cost=0.43..10.46 rows=101 width=4)
	  Index Cond: ((id >= 5019936) AND (id <= 5020036))

table 2 : explain SELECT id FROM sbtest2 WHERE id BETWEEN 5019936 AND 5020036
	Index Only Scan using sbtest2_pkey on sbtest2  (cost=0.43..6.53 rows=105 width=4)
	  Index Cond: ((id >= 5019936) AND (id <= 5020036))

table 3 : explain SELECT id FROM sbtest3 WHERE id BETWEEN 5019936 AND 5020036
	Index Only Scan using sbtest3_pkey on sbtest3  (cost=0.43..6.37 rows=97 width=4)
	  Index Cond: ((id >= 5019936) AND (id <= 5020036))

table 4 : explain SELECT id FROM sbtest4 WHERE id BETWEEN 5019936 AND 5020036
	Index Only Scan using sbtest4_pkey on sbtest4  (cost=0.43..10.62 rows=109 width=4)
	  Index Cond: ((id >= 5019936) AND (id <= 5020036))

table 5 : explain SELECT id FROM sbtest5 WHERE id BETWEEN 5019936 AND 5020036
	Index Only Scan using sbtest5_pkey on sbtest5  (cost=0.43..10.26 rows=91 width=4)
	  Index Cond: ((id >= 5019936) AND (id <= 5020036))

table 6 : explain SELECT id FROM sbtest6 WHERE id BETWEEN 5019936 AND 5020036
	Index Only Scan using sbtest6_pkey on sbtest6  (cost=0.43..6.42 rows=99 width=4)
	  Index Cond: ((id >= 5019936) AND (id <= 5020036))

table 7 : explain SELECT id FROM sbtest7 WHERE id BETWEEN 5019936 AND 5020036
	Index Only Scan using sbtest7_pkey on sbtest7  (cost=0.43..6.29 rows=93 width=4)
	  Index Cond: ((id >= 5019936) AND (id <= 5020036))

table 8 : explain SELECT id FROM sbtest8 WHERE id BETWEEN 5019936 AND 5020036
	Index Only Scan using sbtest8_pkey on sbtest8  (cost=0.43..6.50 rows=103 width=4)
	  Index Cond: ((id >= 5019936) AND (id <= 5020036))
for range-covered
table 1 : explain SELECT id FROM sbtest1 WHERE id BETWEEN 2287759 AND 2287859
	Index Only Scan using sbtest1_pkey on sbtest1  (cost=0.43..10.44 rows=100 width=4)
	  Index Cond: ((id >= 2287759) AND (id <= 2287859))

table 2 : explain SELECT id FROM sbtest2 WHERE id BETWEEN 2287759 AND 2287859
	Index Only Scan using sbtest2_pkey on sbtest2  (cost=0.43..6.45 rows=101 width=4)
	  Index Cond: ((id >= 2287759) AND (id <= 2287859))

table 3 : explain SELECT id FROM sbtest3 WHERE id BETWEEN 2287759 AND 2287859
	Index Only Scan using sbtest3_pkey on sbtest3  (cost=0.43..6.56 rows=106 width=4)
	  Index Cond: ((id >= 2287759) AND (id <= 2287859))

table 4 : explain SELECT id FROM sbtest4 WHERE id BETWEEN 2287759 AND 2287859
	Index Only Scan using sbtest4_pkey on sbtest4  (cost=0.43..10.54 rows=105 width=4)
	  Index Cond: ((id >= 2287759) AND (id <= 2287859))

table 5 : explain SELECT id FROM sbtest5 WHERE id BETWEEN 2287759 AND 2287859
	Index Only Scan using sbtest5_pkey on sbtest5  (cost=0.43..10.44 rows=100 width=4)
	  Index Cond: ((id >= 2287759) AND (id <= 2287859))

table 6 : explain SELECT id FROM sbtest6 WHERE id BETWEEN 2287759 AND 2287859
	Index Only Scan using sbtest6_pkey on sbtest6  (cost=0.43..6.35 rows=96 width=4)
	  Index Cond: ((id >= 2287759) AND (id <= 2287859))

table 7 : explain SELECT id FROM sbtest7 WHERE id BETWEEN 2287759 AND 2287859
	Index Only Scan using sbtest7_pkey on sbtest7  (cost=0.43..6.51 rows=104 width=4)
	  Index Cond: ((id >= 2287759) AND (id <= 2287859))

table 8 : explain SELECT id FROM sbtest8 WHERE id BETWEEN 2287759 AND 2287859
	Index Only Scan using sbtest8_pkey on sbtest8  (cost=0.43..6.43 rows=100 width=4)
	  Index Cond: ((id >= 2287759) AND (id <= 2287859))
explain: for range-covered :: explain SELECT id FROM sbtest%d WHERE id BETWEEN 7471601 AND 7471701


for range-covered
table 1 : explain SELECT id FROM sbtest1 WHERE id BETWEEN 7243835 AND 7243935
	Index Only Scan using sbtest1_pkey on sbtest1  (cost=0.43..10.50 rows=103 width=4)
	  Index Cond: ((id >= 7243835) AND (id <= 7243935))

table 2 : explain SELECT id FROM sbtest2 WHERE id BETWEEN 7243835 AND 7243935
	Index Only Scan using sbtest2_pkey on sbtest2  (cost=0.43..6.51 rows=104 width=4)
	  Index Cond: ((id >= 7243835) AND (id <= 7243935))

table 3 : explain SELECT id FROM sbtest3 WHERE id BETWEEN 7243835 AND 7243935
	Index Only Scan using sbtest3_pkey on sbtest3  (cost=0.43..6.53 rows=105 width=4)
	  Index Cond: ((id >= 7243835) AND (id <= 7243935))

table 4 : explain SELECT id FROM sbtest4 WHERE id BETWEEN 7243835 AND 7243935
	Index Only Scan using sbtest4_pkey on sbtest4  (cost=0.43..10.40 rows=98 width=4)
	  Index Cond: ((id >= 7243835) AND (id <= 7243935))

table 5 : explain SELECT id FROM sbtest5 WHERE id BETWEEN 7243835 AND 7243935
	Index Only Scan using sbtest5_pkey on sbtest5  (cost=0.43..10.33 rows=95 width=4)
	  Index Cond: ((id >= 7243835) AND (id <= 7243935))

table 6 : explain SELECT id FROM sbtest6 WHERE id BETWEEN 7243835 AND 7243935
	Index Only Scan using sbtest6_pkey on sbtest6  (cost=0.43..6.50 rows=103 width=4)
	  Index Cond: ((id >= 7243835) AND (id <= 7243935))

table 7 : explain SELECT id FROM sbtest7 WHERE id BETWEEN 7243835 AND 7243935
	Index Only Scan using sbtest7_pkey on sbtest7  (cost=0.43..6.59 rows=108 width=4)
	  Index Cond: ((id >= 7243835) AND (id <= 7243935))

table 8 : explain SELECT id FROM sbtest8 WHERE id BETWEEN 7243835 AND 7243935
	Index Only Scan using sbtest8_pkey on sbtest8  (cost=0.43..6.35 rows=96 width=4)
	  Index Cond: ((id >= 7243835) AND (id <= 7243935))

for range-covered
table 1 : explain SELECT id FROM sbtest1 WHERE id BETWEEN 838931 AND 839031
	Index Only Scan using sbtest1_pkey on sbtest1  (cost=0.43..10.33 rows=95 width=4)
	  Index Cond: ((id >= 838931) AND (id <= 839031))

table 2 : explain SELECT id FROM sbtest2 WHERE id BETWEEN 838931 AND 839031
	Index Only Scan using sbtest2_pkey on sbtest2  (cost=0.43..6.33 rows=95 width=4)
	  Index Cond: ((id >= 838931) AND (id <= 839031))

table 3 : explain SELECT id FROM sbtest3 WHERE id BETWEEN 838931 AND 839031
	Index Only Scan using sbtest3_pkey on sbtest3  (cost=0.43..6.59 rows=108 width=4)
	  Index Cond: ((id >= 838931) AND (id <= 839031))

table 4 : explain SELECT id FROM sbtest4 WHERE id BETWEEN 838931 AND 839031
	Index Only Scan using sbtest4_pkey on sbtest4  (cost=0.43..10.42 rows=99 width=4)
	  Index Cond: ((id >= 838931) AND (id <= 839031))

table 5 : explain SELECT id FROM sbtest5 WHERE id BETWEEN 838931 AND 839031
	Index Only Scan using sbtest5_pkey on sbtest5  (cost=0.43..10.51 rows=104 width=4)
	  Index Cond: ((id >= 838931) AND (id <= 839031))

table 6 : explain SELECT id FROM sbtest6 WHERE id BETWEEN 838931 AND 839031
	Index Only Scan using sbtest6_pkey on sbtest6  (cost=0.43..6.56 rows=106 width=4)
	  Index Cond: ((id >= 838931) AND (id <= 839031))

table 7 : explain SELECT id FROM sbtest7 WHERE id BETWEEN 838931 AND 839031
	Index Only Scan using sbtest7_pkey on sbtest7  (cost=0.43..6.43 rows=100 width=4)
	  Index Cond: ((id >= 838931) AND (id <= 839031))

table 8 : explain SELECT id FROM sbtest8 WHERE id BETWEEN 838931 AND 839031
	Index Only Scan using sbtest8_pkey on sbtest8  (cost=0.43..6.51 rows=104 width=4)
	  Index Cond: ((id >= 838931) AND (id <= 839031))

explain: for range-covered :: explain SELECT id FROM sbtest%d WHERE id BETWEEN 5019936 AND 5020036
for range-covered
table 1 : explain SELECT id FROM sbtest1 WHERE id BETWEEN 4432292 AND 4432392
	Index Only Scan using sbtest1_pkey on sbtest1  (cost=0.43..10.51 rows=104 width=4)
	  Index Cond: ((id >= 4432292) AND (id <= 4432392))

table 2 : explain SELECT id FROM sbtest2 WHERE id BETWEEN 4432292 AND 4432392
	Index Only Scan using sbtest2_pkey on sbtest2  (cost=0.43..6.45 rows=101 width=4)
	  Index Cond: ((id >= 4432292) AND (id <= 4432392))

table 3 : explain SELECT id FROM sbtest3 WHERE id BETWEEN 4432292 AND 4432392
	Index Only Scan using sbtest3_pkey on sbtest3  (cost=0.43..6.51 rows=104 width=4)
	  Index Cond: ((id >= 4432292) AND (id <= 4432392))

table 4 : explain SELECT id FROM sbtest4 WHERE id BETWEEN 4432292 AND 4432392
	Index Only Scan using sbtest4_pkey on sbtest4  (cost=0.43..10.70 rows=113 width=4)
	  Index Cond: ((id >= 4432292) AND (id <= 4432392))

table 5 : explain SELECT id FROM sbtest5 WHERE id BETWEEN 4432292 AND 4432392
	Index Only Scan using sbtest5_pkey on sbtest5  (cost=0.43..10.50 rows=103 width=4)
	  Index Cond: ((id >= 4432292) AND (id <= 4432392))

table 6 : explain SELECT id FROM sbtest6 WHERE id BETWEEN 4432292 AND 4432392
	Index Only Scan using sbtest6_pkey on sbtest6  (cost=0.43..6.35 rows=96 width=4)
	  Index Cond: ((id >= 4432292) AND (id <= 4432392))

table 7 : explain SELECT id FROM sbtest7 WHERE id BETWEEN 4432292 AND 4432392
	Index Only Scan using sbtest7_pkey on sbtest7  (cost=0.43..6.25 rows=91 width=4)
	  Index Cond: ((id >= 4432292) AND (id <= 4432392))

table 8 : explain SELECT id FROM sbtest8 WHERE id BETWEEN 4432292 AND 4432392
	Index Only Scan using sbtest8_pkey on sbtest8  (cost=0.43..6.27 rows=92 width=4)
	  Index Cond: ((id >= 4432292) AND (id <= 4432392))

explain: for range-covered :: explain SELECT id FROM sbtest%d WHERE id BETWEEN 2287759 AND 2287859
explain: for range-covered :: explain SELECT id FROM sbtest%d WHERE id BETWEEN 6767635 AND 6767735
explain: for range-covered :: explain SELECT id FROM sbtest%d WHERE id BETWEEN 4432292 AND 4432392
explain: for range-covered :: explain SELECT id FROM sbtest%d WHERE id BETWEEN 838931 AND 839031
for range-covered
table 1 : explain SELECT id FROM sbtest1 WHERE id BETWEEN 5741284 AND 5741384
	Index Only Scan using sbtest1_pkey on sbtest1  (cost=0.43..10.40 rows=98 width=4)
	  Index Cond: ((id >= 5741284) AND (id <= 5741384))

table 2 : explain SELECT id FROM sbtest2 WHERE id BETWEEN 5741284 AND 5741384
	Index Only Scan using sbtest2_pkey on sbtest2  (cost=0.43..6.24 rows=90 width=4)
	  Index Cond: ((id >= 5741284) AND (id <= 5741384))

table 3 : explain SELECT id FROM sbtest3 WHERE id BETWEEN 5741284 AND 5741384
	Index Only Scan using sbtest3_pkey on sbtest3  (cost=0.43..6.75 rows=116 width=4)
	  Index Cond: ((id >= 5741284) AND (id <= 5741384))

table 4 : explain SELECT id FROM sbtest4 WHERE id BETWEEN 5741284 AND 5741384
	Index Only Scan using sbtest4_pkey on sbtest4  (cost=0.43..10.38 rows=97 width=4)
	  Index Cond: ((id >= 5741284) AND (id <= 5741384))

table 5 : explain SELECT id FROM sbtest5 WHERE id BETWEEN 5741284 AND 5741384
	Index Only Scan using sbtest5_pkey on sbtest5  (cost=0.43..10.63 rows=110 width=4)
	  Index Cond: ((id >= 5741284) AND (id <= 5741384))

table 6 : explain SELECT id FROM sbtest6 WHERE id BETWEEN 5741284 AND 5741384
	Index Only Scan using sbtest6_pkey on sbtest6  (cost=0.43..6.35 rows=96 width=4)
	  Index Cond: ((id >= 5741284) AND (id <= 5741384))

table 7 : explain SELECT id FROM sbtest7 WHERE id BETWEEN 5741284 AND 5741384
	Index Only Scan using sbtest7_pkey on sbtest7  (cost=0.43..6.51 rows=104 width=4)
	  Index Cond: ((id >= 5741284) AND (id <= 5741384))

table 8 : explain SELECT id FROM sbtest8 WHERE id BETWEEN 5741284 AND 5741384
	Index Only Scan using sbtest8_pkey on sbtest8  (cost=0.43..6.32 rows=94 width=4)
	  Index Cond: ((id >= 5741284) AND (id <= 5741384))

for range-covered
table 1 : explain SELECT id FROM sbtest1 WHERE id BETWEEN 5177444 AND 5177544
	Index Only Scan using sbtest1_pkey on sbtest1  (cost=0.43..10.51 rows=104 width=4)
	  Index Cond: ((id >= 5177444) AND (id <= 5177544))

table 2 : explain SELECT id FROM sbtest2 WHERE id BETWEEN 5177444 AND 5177544
	Index Only Scan using sbtest2_pkey on sbtest2  (cost=0.43..6.43 rows=100 width=4)
	  Index Cond: ((id >= 5177444) AND (id <= 5177544))

table 3 : explain SELECT id FROM sbtest3 WHERE id BETWEEN 5177444 AND 5177544
	Index Only Scan using sbtest3_pkey on sbtest3  (cost=0.43..6.35 rows=96 width=4)
	  Index Cond: ((id >= 5177444) AND (id <= 5177544))

table 4 : explain SELECT id FROM sbtest4 WHERE id BETWEEN 5177444 AND 5177544
	Index Only Scan using sbtest4_pkey on sbtest4  (cost=0.43..10.33 rows=95 width=4)
	  Index Cond: ((id >= 5177444) AND (id <= 5177544))

table 5 : explain SELECT id FROM sbtest5 WHERE id BETWEEN 5177444 AND 5177544
	Index Only Scan using sbtest5_pkey on sbtest5  (cost=0.43..10.65 rows=111 width=4)
	  Index Cond: ((id >= 5177444) AND (id <= 5177544))

table 6 : explain SELECT id FROM sbtest6 WHERE id BETWEEN 5177444 AND 5177544
	Index Only Scan using sbtest6_pkey on sbtest6  (cost=0.43..6.43 rows=100 width=4)
	  Index Cond: ((id >= 5177444) AND (id <= 5177544))

table 7 : explain SELECT id FROM sbtest7 WHERE id BETWEEN 5177444 AND 5177544
	Index Only Scan using sbtest7_pkey on sbtest7  (cost=0.43..6.47 rows=102 width=4)
	  Index Cond: ((id >= 5177444) AND (id <= 5177544))

table 8 : explain SELECT id FROM sbtest8 WHERE id BETWEEN 5177444 AND 5177544
	Index Only Scan using sbtest8_pkey on sbtest8  (cost=0.43..6.40 rows=98 width=4)
	  Index Cond: ((id >= 5177444) AND (id <= 5177544))

explain: for range-covered :: explain SELECT id FROM sbtest%d WHERE id BETWEEN 5741284 AND 5741384
explain: for range-covered :: explain SELECT id FROM sbtest%d WHERE id BETWEEN 5177444 AND 5177544
for range-covered
table 1 : explain SELECT id FROM sbtest1 WHERE id BETWEEN 7471601 AND 7471701
	Index Only Scan using sbtest1_pkey on sbtest1  (cost=0.43..10.46 rows=101 width=4)
	  Index Cond: ((id >= 7471601) AND (id <= 7471701))

table 2 : explain SELECT id FROM sbtest2 WHERE id BETWEEN 7471601 AND 7471701
	Index Only Scan using sbtest2_pkey on sbtest2  (cost=0.43..6.37 rows=97 width=4)
	  Index Cond: ((id >= 7471601) AND (id <= 7471701))

table 3 : explain SELECT id FROM sbtest3 WHERE id BETWEEN 7471601 AND 7471701
	Index Only Scan using sbtest3_pkey on sbtest3  (cost=0.43..6.43 rows=100 width=4)
	  Index Cond: ((id >= 7471601) AND (id <= 7471701))

table 4 : explain SELECT id FROM sbtest4 WHERE id BETWEEN 7471601 AND 7471701
	Index Only Scan using sbtest4_pkey on sbtest4  (cost=0.43..10.44 rows=100 width=4)
	  Index Cond: ((id >= 7471601) AND (id <= 7471701))

table 5 : explain SELECT id FROM sbtest5 WHERE id BETWEEN 7471601 AND 7471701
	Index Only Scan using sbtest5_pkey on sbtest5  (cost=0.43..10.51 rows=104 width=4)
	  Index Cond: ((id >= 7471601) AND (id <= 7471701))

table 6 : explain SELECT id FROM sbtest6 WHERE id BETWEEN 7471601 AND 7471701
	Index Only Scan using sbtest6_pkey on sbtest6  (cost=0.43..6.53 rows=105 width=4)
	  Index Cond: ((id >= 7471601) AND (id <= 7471701))

table 7 : explain SELECT id FROM sbtest7 WHERE id BETWEEN 7471601 AND 7471701
	Index Only Scan using sbtest7_pkey on sbtest7  (cost=0.43..6.53 rows=105 width=4)
	  Index Cond: ((id >= 7471601) AND (id <= 7471701))

table 8 : explain SELECT id FROM sbtest8 WHERE id BETWEEN 7471601 AND 7471701
	Index Only Scan using sbtest8_pkey on sbtest8  (cost=0.43..6.59 rows=108 width=4)
	  Index Cond: ((id >= 7471601) AND (id <= 7471701))

for range-covered
table 1 : explain SELECT id FROM sbtest1 WHERE id BETWEEN 5019936 AND 5020036
	Index Only Scan using sbtest1_pkey on sbtest1  (cost=0.43..10.46 rows=101 width=4)
	  Index Cond: ((id >= 5019936) AND (id <= 5020036))

table 2 : explain SELECT id FROM sbtest2 WHERE id BETWEEN 5019936 AND 5020036
	Index Only Scan using sbtest2_pkey on sbtest2  (cost=0.43..6.53 rows=105 width=4)
	  Index Cond: ((id >= 5019936) AND (id <= 5020036))

table 3 : explain SELECT id FROM sbtest3 WHERE id BETWEEN 5019936 AND 5020036
	Index Only Scan using sbtest3_pkey on sbtest3  (cost=0.43..6.37 rows=97 width=4)
	  Index Cond: ((id >= 5019936) AND (id <= 5020036))

table 4 : explain SELECT id FROM sbtest4 WHERE id BETWEEN 5019936 AND 5020036
	Index Only Scan using sbtest4_pkey on sbtest4  (cost=0.43..10.62 rows=109 width=4)
	  Index Cond: ((id >= 5019936) AND (id <= 5020036))

table 5 : explain SELECT id FROM sbtest5 WHERE id BETWEEN 5019936 AND 5020036
	Index Only Scan using sbtest5_pkey on sbtest5  (cost=0.43..10.26 rows=91 width=4)
	  Index Cond: ((id >= 5019936) AND (id <= 5020036))

table 6 : explain SELECT id FROM sbtest6 WHERE id BETWEEN 5019936 AND 5020036
	Index Only Scan using sbtest6_pkey on sbtest6  (cost=0.43..6.42 rows=99 width=4)
	  Index Cond: ((id >= 5019936) AND (id <= 5020036))

table 7 : explain SELECT id FROM sbtest7 WHERE id BETWEEN 5019936 AND 5020036
	Index Only Scan using sbtest7_pkey on sbtest7  (cost=0.43..6.29 rows=93 width=4)
	  Index Cond: ((id >= 5019936) AND (id <= 5020036))

table 8 : explain SELECT id FROM sbtest8 WHERE id BETWEEN 5019936 AND 5020036
	Index Only Scan using sbtest8_pkey on sbtest8  (cost=0.43..6.50 rows=103 width=4)
	  Index Cond: ((id >= 5019936) AND (id <= 5020036))

for range-covered
table 1 : explain SELECT id FROM sbtest1 WHERE id BETWEEN 2287759 AND 2287859
	Index Only Scan using sbtest1_pkey on sbtest1  (cost=0.43..10.44 rows=100 width=4)
	  Index Cond: ((id >= 2287759) AND (id <= 2287859))

table 2 : explain SELECT id FROM sbtest2 WHERE id BETWEEN 2287759 AND 2287859
	Index Only Scan using sbtest2_pkey on sbtest2  (cost=0.43..6.45 rows=101 width=4)
	  Index Cond: ((id >= 2287759) AND (id <= 2287859))

table 3 : explain SELECT id FROM sbtest3 WHERE id BETWEEN 2287759 AND 2287859
	Index Only Scan using sbtest3_pkey on sbtest3  (cost=0.43..6.56 rows=106 width=4)
	  Index Cond: ((id >= 2287759) AND (id <= 2287859))

table 4 : explain SELECT id FROM sbtest4 WHERE id BETWEEN 2287759 AND 2287859
	Index Only Scan using sbtest4_pkey on sbtest4  (cost=0.43..10.54 rows=105 width=4)
	  Index Cond: ((id >= 2287759) AND (id <= 2287859))

table 5 : explain SELECT id FROM sbtest5 WHERE id BETWEEN 2287759 AND 2287859
	Index Only Scan using sbtest5_pkey on sbtest5  (cost=0.43..10.44 rows=100 width=4)
	  Index Cond: ((id >= 2287759) AND (id <= 2287859))

table 6 : explain SELECT id FROM sbtest6 WHERE id BETWEEN 2287759 AND 2287859
	Index Only Scan using sbtest6_pkey on sbtest6  (cost=0.43..6.35 rows=96 width=4)
	  Index Cond: ((id >= 2287759) AND (id <= 2287859))

table 7 : explain SELECT id FROM sbtest7 WHERE id BETWEEN 2287759 AND 2287859
	Index Only Scan using sbtest7_pkey on sbtest7  (cost=0.43..6.51 rows=104 width=4)
	  Index Cond: ((id >= 2287759) AND (id <= 2287859))

table 8 : explain SELECT id FROM sbtest8 WHERE id BETWEEN 2287759 AND 2287859
	Index Only Scan using sbtest8_pkey on sbtest8  (cost=0.43..6.43 rows=100 width=4)
	  Index Cond: ((id >= 2287759) AND (id <= 2287859))

explain: for range-covered :: explain SELECT id FROM sbtest%d WHERE id BETWEEN 7471601 AND 7471701
for range-covered
table 1 : explain SELECT id FROM sbtest1 WHERE id BETWEEN 4432292 AND 4432392
	Index Only Scan using sbtest1_pkey on sbtest1  (cost=0.43..10.51 rows=104 width=4)
	  Index Cond: ((id >= 4432292) AND (id <= 4432392))

table 2 : explain SELECT id FROM sbtest2 WHERE id BETWEEN 4432292 AND 4432392
	Index Only Scan using sbtest2_pkey on sbtest2  (cost=0.43..6.45 rows=101 width=4)
	  Index Cond: ((id >= 4432292) AND (id <= 4432392))

table 3 : explain SELECT id FROM sbtest3 WHERE id BETWEEN 4432292 AND 4432392
	Index Only Scan using sbtest3_pkey on sbtest3  (cost=0.43..6.51 rows=104 width=4)
	  Index Cond: ((id >= 4432292) AND (id <= 4432392))

table 4 : explain SELECT id FROM sbtest4 WHERE id BETWEEN 4432292 AND 4432392
	Index Only Scan using sbtest4_pkey on sbtest4  (cost=0.43..10.70 rows=113 width=4)
	  Index Cond: ((id >= 4432292) AND (id <= 4432392))

table 5 : explain SELECT id FROM sbtest5 WHERE id BETWEEN 4432292 AND 4432392
	Index Only Scan using sbtest5_pkey on sbtest5  (cost=0.43..10.50 rows=103 width=4)
	  Index Cond: ((id >= 4432292) AND (id <= 4432392))

table 6 : explain SELECT id FROM sbtest6 WHERE id BETWEEN 4432292 AND 4432392
	Index Only Scan using sbtest6_pkey on sbtest6  (cost=0.43..6.35 rows=96 width=4)
	  Index Cond: ((id >= 4432292) AND (id <= 4432392))

table 7 : explain SELECT id FROM sbtest7 WHERE id BETWEEN 4432292 AND 4432392
	Index Only Scan using sbtest7_pkey on sbtest7  (cost=0.43..6.25 rows=91 width=4)
	  Index Cond: ((id >= 4432292) AND (id <= 4432392))

table 8 : explain SELECT id FROM sbtest8 WHERE id BETWEEN 4432292 AND 4432392
	Index Only Scan using sbtest8_pkey on sbtest8  (cost=0.43..6.27 rows=92 width=4)
	  Index Cond: ((id >= 4432292) AND (id <= 4432392))

explain: for range-covered :: explain SELECT id FROM sbtest%d WHERE id BETWEEN 2287759 AND 2287859
explain: for range-covered :: explain SELECT id FROM sbtest%d WHERE id BETWEEN 4432292 AND 4432392
for range-covered
table 1 : explain SELECT id FROM sbtest1 WHERE id BETWEEN 2729322 AND 2729422
	Index Only Scan using sbtest1_pkey on sbtest1  (cost=0.43..10.54 rows=105 width=4)
	  Index Cond: ((id >= 2729322) AND (id <= 2729422))

table 2 : explain SELECT id FROM sbtest2 WHERE id BETWEEN 2729322 AND 2729422
	Index Only Scan using sbtest2_pkey on sbtest2  (cost=0.43..6.63 rows=110 width=4)
	  Index Cond: ((id >= 2729322) AND (id <= 2729422))

table 3 : explain SELECT id FROM sbtest3 WHERE id BETWEEN 2729322 AND 2729422
	Index Only Scan using sbtest3_pkey on sbtest3  (cost=0.43..6.45 rows=101 width=4)
	  Index Cond: ((id >= 2729322) AND (id <= 2729422))

table 4 : explain SELECT id FROM sbtest4 WHERE id BETWEEN 2729322 AND 2729422
	Index Only Scan using sbtest4_pkey on sbtest4  (cost=0.43..10.44 rows=100 width=4)
	  Index Cond: ((id >= 2729322) AND (id <= 2729422))

table 5 : explain SELECT id FROM sbtest5 WHERE id BETWEEN 2729322 AND 2729422
	Index Only Scan using sbtest5_pkey on sbtest5  (cost=0.43..10.51 rows=104 width=4)
	  Index Cond: ((id >= 2729322) AND (id <= 2729422))

table 6 : explain SELECT id FROM sbtest6 WHERE id BETWEEN 2729322 AND 2729422
	Index Only Scan using sbtest6_pkey on sbtest6  (cost=0.43..6.19 rows=88 width=4)
	  Index Cond: ((id >= 2729322) AND (id <= 2729422))

table 7 : explain SELECT id FROM sbtest7 WHERE id BETWEEN 2729322 AND 2729422
	Index Only Scan using sbtest7_pkey on sbtest7  (cost=0.43..6.33 rows=95 width=4)
	  Index Cond: ((id >= 2729322) AND (id <= 2729422))

table 8 : explain SELECT id FROM sbtest8 WHERE id BETWEEN 2729322 AND 2729422
	Index Only Scan using sbtest8_pkey on sbtest8  (cost=0.43..6.21 rows=89 width=4)
	  Index Cond: ((id >= 2729322) AND (id <= 2729422))

explain: for range-covered :: explain SELECT id FROM sbtest%d WHERE id BETWEEN 2729322 AND 2729422
for range-covered
table 1 : explain SELECT id FROM sbtest1 WHERE id BETWEEN 5741284 AND 5741384
	Index Only Scan using sbtest1_pkey on sbtest1  (cost=0.43..10.40 rows=98 width=4)
	  Index Cond: ((id >= 5741284) AND (id <= 5741384))

table 2 : explain SELECT id FROM sbtest2 WHERE id BETWEEN 5741284 AND 5741384
	Index Only Scan using sbtest2_pkey on sbtest2  (cost=0.43..6.24 rows=90 width=4)
	  Index Cond: ((id >= 5741284) AND (id <= 5741384))

table 3 : explain SELECT id FROM sbtest3 WHERE id BETWEEN 5741284 AND 5741384
	Index Only Scan using sbtest3_pkey on sbtest3  (cost=0.43..6.75 rows=116 width=4)
	  Index Cond: ((id >= 5741284) AND (id <= 5741384))

table 4 : explain SELECT id FROM sbtest4 WHERE id BETWEEN 5741284 AND 5741384
	Index Only Scan using sbtest4_pkey on sbtest4  (cost=0.43..10.38 rows=97 width=4)
	  Index Cond: ((id >= 5741284) AND (id <= 5741384))

table 5 : explain SELECT id FROM sbtest5 WHERE id BETWEEN 5741284 AND 5741384
	Index Only Scan using sbtest5_pkey on sbtest5  (cost=0.43..10.63 rows=110 width=4)
	  Index Cond: ((id >= 5741284) AND (id <= 5741384))

table 6 : explain SELECT id FROM sbtest6 WHERE id BETWEEN 5741284 AND 5741384
	Index Only Scan using sbtest6_pkey on sbtest6  (cost=0.43..6.35 rows=96 width=4)
	  Index Cond: ((id >= 5741284) AND (id <= 5741384))

table 7 : explain SELECT id FROM sbtest7 WHERE id BETWEEN 5741284 AND 5741384
	Index Only Scan using sbtest7_pkey on sbtest7  (cost=0.43..6.51 rows=104 width=4)
	  Index Cond: ((id >= 5741284) AND (id <= 5741384))

table 8 : explain SELECT id FROM sbtest8 WHERE id BETWEEN 5741284 AND 5741384
	Index Only Scan using sbtest8_pkey on sbtest8  (cost=0.43..6.32 rows=94 width=4)
	  Index Cond: ((id >= 5741284) AND (id <= 5741384))

for range-covered
table 1 : explain SELECT id FROM sbtest1 WHERE id BETWEEN 3542504 AND 3542604
	Index Only Scan using sbtest1_pkey on sbtest1  (cost=0.43..10.42 rows=99 width=4)
	  Index Cond: ((id >= 3542504) AND (id <= 3542604))

table 2 : explain SELECT id FROM sbtest2 WHERE id BETWEEN 3542504 AND 3542604
	Index Only Scan using sbtest2_pkey on sbtest2  (cost=0.43..6.33 rows=95 width=4)
	  Index Cond: ((id >= 3542504) AND (id <= 3542604))

table 3 : explain SELECT id FROM sbtest3 WHERE id BETWEEN 3542504 AND 3542604
	Index Only Scan using sbtest3_pkey on sbtest3  (cost=0.43..6.32 rows=94 width=4)
	  Index Cond: ((id >= 3542504) AND (id <= 3542604))

table 4 : explain SELECT id FROM sbtest4 WHERE id BETWEEN 3542504 AND 3542604
	Index Only Scan using sbtest4_pkey on sbtest4  (cost=0.43..10.47 rows=102 width=4)
	  Index Cond: ((id >= 3542504) AND (id <= 3542604))

table 5 : explain SELECT id FROM sbtest5 WHERE id BETWEEN 3542504 AND 3542604
	Index Only Scan using sbtest5_pkey on sbtest5  (cost=0.43..10.46 rows=101 width=4)
	  Index Cond: ((id >= 3542504) AND (id <= 3542604))

table 6 : explain SELECT id FROM sbtest6 WHERE id BETWEEN 3542504 AND 3542604
	Index Only Scan using sbtest6_pkey on sbtest6  (cost=0.43..6.56 rows=106 width=4)
	  Index Cond: ((id >= 3542504) AND (id <= 3542604))

table 7 : explain SELECT id FROM sbtest7 WHERE id BETWEEN 3542504 AND 3542604
	Index Only Scan using sbtest7_pkey on sbtest7  (cost=0.43..6.51 rows=104 width=4)
	  Index Cond: ((id >= 3542504) AND (id <= 3542604))

table 8 : explain SELECT id FROM sbtest8 WHERE id BETWEEN 3542504 AND 3542604
	Index Only Scan using sbtest8_pkey on sbtest8  (cost=0.43..6.42 rows=99 width=4)
	  Index Cond: ((id >= 3542504) AND (id <= 3542604))

explain: for range-covered :: explain SELECT id FROM sbtest%d WHERE id BETWEEN 5741284 AND 5741384
for range-covered
table 1 : explain SELECT id FROM sbtest1 WHERE id BETWEEN 5177444 AND 5177544
	Index Only Scan using sbtest1_pkey on sbtest1  (cost=0.43..10.51 rows=104 width=4)
	  Index Cond: ((id >= 5177444) AND (id <= 5177544))

table 2 : explain SELECT id FROM sbtest2 WHERE id BETWEEN 5177444 AND 5177544
	Index Only Scan using sbtest2_pkey on sbtest2  (cost=0.43..6.43 rows=100 width=4)
	  Index Cond: ((id >= 5177444) AND (id <= 5177544))

table 3 : explain SELECT id FROM sbtest3 WHERE id BETWEEN 5177444 AND 5177544
	Index Only Scan using sbtest3_pkey on sbtest3  (cost=0.43..6.35 rows=96 width=4)
	  Index Cond: ((id >= 5177444) AND (id <= 5177544))

table 4 : explain SELECT id FROM sbtest4 WHERE id BETWEEN 5177444 AND 5177544
	Index Only Scan using sbtest4_pkey on sbtest4  (cost=0.43..10.33 rows=95 width=4)
	  Index Cond: ((id >= 5177444) AND (id <= 5177544))

table 5 : explain SELECT id FROM sbtest5 WHERE id BETWEEN 5177444 AND 5177544
	Index Only Scan using sbtest5_pkey on sbtest5  (cost=0.43..10.65 rows=111 width=4)
	  Index Cond: ((id >= 5177444) AND (id <= 5177544))

table 6 : explain SELECT id FROM sbtest6 WHERE id BETWEEN 5177444 AND 5177544
	Index Only Scan using sbtest6_pkey on sbtest6  (cost=0.43..6.43 rows=100 width=4)
	  Index Cond: ((id >= 5177444) AND (id <= 5177544))

table 7 : explain SELECT id FROM sbtest7 WHERE id BETWEEN 5177444 AND 5177544
	Index Only Scan using sbtest7_pkey on sbtest7  (cost=0.43..6.47 rows=102 width=4)
	  Index Cond: ((id >= 5177444) AND (id <= 5177544))

table 8 : explain SELECT id FROM sbtest8 WHERE id BETWEEN 5177444 AND 5177544
	Index Only Scan using sbtest8_pkey on sbtest8  (cost=0.43..6.40 rows=98 width=4)
	  Index Cond: ((id >= 5177444) AND (id <= 5177544))

for range-covered
table 1 : explain SELECT id FROM sbtest1 WHERE id BETWEEN 6767635 AND 6767735
	Index Only Scan using sbtest1_pkey on sbtest1  (cost=0.43..10.76 rows=116 width=4)
	  Index Cond: ((id >= 6767635) AND (id <= 6767735))

table 2 : explain SELECT id FROM sbtest2 WHERE id BETWEEN 6767635 AND 6767735
	Index Only Scan using sbtest2_pkey on sbtest2  (cost=0.43..6.40 rows=98 width=4)
	  Index Cond: ((id >= 6767635) AND (id <= 6767735))

table 3 : explain SELECT id FROM sbtest3 WHERE id BETWEEN 6767635 AND 6767735
	Index Only Scan using sbtest3_pkey on sbtest3  (cost=0.43..6.63 rows=110 width=4)
	  Index Cond: ((id >= 6767635) AND (id <= 6767735))

table 4 : explain SELECT id FROM sbtest4 WHERE id BETWEEN 6767635 AND 6767735
	Index Only Scan using sbtest4_pkey on sbtest4  (cost=0.43..10.36 rows=96 width=4)
	  Index Cond: ((id >= 6767635) AND (id <= 6767735))

table 5 : explain SELECT id FROM sbtest5 WHERE id BETWEEN 6767635 AND 6767735
	Index Only Scan using sbtest5_pkey on sbtest5  (cost=0.43..10.28 rows=92 width=4)
	  Index Cond: ((id >= 6767635) AND (id <= 6767735))

table 6 : explain SELECT id FROM sbtest6 WHERE id BETWEEN 6767635 AND 6767735
	Index Only Scan using sbtest6_pkey on sbtest6  (cost=0.43..6.33 rows=95 width=4)
	  Index Cond: ((id >= 6767635) AND (id <= 6767735))

table 7 : explain SELECT id FROM sbtest7 WHERE id BETWEEN 6767635 AND 6767735
	Index Only Scan using sbtest7_pkey on sbtest7  (cost=0.43..6.56 rows=106 width=4)
	  Index Cond: ((id >= 6767635) AND (id <= 6767735))

table 8 : explain SELECT id FROM sbtest8 WHERE id BETWEEN 6767635 AND 6767735
	Index Only Scan using sbtest8_pkey on sbtest8  (cost=0.43..6.50 rows=103 width=4)
	  Index Cond: ((id >= 6767635) AND (id <= 6767735))

for range-covered
table 1 : explain SELECT id FROM sbtest1 WHERE id BETWEEN 7471601 AND 7471701
	Index Only Scan using sbtest1_pkey on sbtest1  (cost=0.43..10.46 rows=101 width=4)
	  Index Cond: ((id >= 7471601) AND (id <= 7471701))

table 2 : explain SELECT id FROM sbtest2 WHERE id BETWEEN 7471601 AND 7471701
	Index Only Scan using sbtest2_pkey on sbtest2  (cost=0.43..6.37 rows=97 width=4)
	  Index Cond: ((id >= 7471601) AND (id <= 7471701))

table 3 : explain SELECT id FROM sbtest3 WHERE id BETWEEN 7471601 AND 7471701
	Index Only Scan using sbtest3_pkey on sbtest3  (cost=0.43..6.43 rows=100 width=4)
	  Index Cond: ((id >= 7471601) AND (id <= 7471701))

table 4 : explain SELECT id FROM sbtest4 WHERE id BETWEEN 7471601 AND 7471701
	Index Only Scan using sbtest4_pkey on sbtest4  (cost=0.43..10.44 rows=100 width=4)
	  Index Cond: ((id >= 7471601) AND (id <= 7471701))

table 5 : explain SELECT id FROM sbtest5 WHERE id BETWEEN 7471601 AND 7471701
	Index Only Scan using sbtest5_pkey on sbtest5  (cost=0.43..10.51 rows=104 width=4)
	  Index Cond: ((id >= 7471601) AND (id <= 7471701))

table 6 : explain SELECT id FROM sbtest6 WHERE id BETWEEN 7471601 AND 7471701
	Index Only Scan using sbtest6_pkey on sbtest6  (cost=0.43..6.53 rows=105 width=4)
	  Index Cond: ((id >= 7471601) AND (id <= 7471701))

table 7 : explain SELECT id FROM sbtest7 WHERE id BETWEEN 7471601 AND 7471701
	Index Only Scan using sbtest7_pkey on sbtest7  (cost=0.43..6.53 rows=105 width=4)
	  Index Cond: ((id >= 7471601) AND (id <= 7471701))

table 8 : explain SELECT id FROM sbtest8 WHERE id BETWEEN 7471601 AND 7471701
	Index Only Scan using sbtest8_pkey on sbtest8  (cost=0.43..6.59 rows=108 width=4)
	  Index Cond: ((id >= 7471601) AND (id <= 7471701))

explain: for range-covered :: explain SELECT id FROM sbtest%d WHERE id BETWEEN 3542504 AND 3542604
explain: for range-covered :: explain SELECT id FROM sbtest%d WHERE id BETWEEN 7471601 AND 7471701
for range-covered
table 1 : explain SELECT id FROM sbtest1 WHERE id BETWEEN 838931 AND 839031
	Index Only Scan using sbtest1_pkey on sbtest1  (cost=0.43..10.33 rows=95 width=4)
	  Index Cond: ((id >= 838931) AND (id <= 839031))

table 2 : explain SELECT id FROM sbtest2 WHERE id BETWEEN 838931 AND 839031
	Index Only Scan using sbtest2_pkey on sbtest2  (cost=0.43..6.33 rows=95 width=4)
	  Index Cond: ((id >= 838931) AND (id <= 839031))

table 3 : explain SELECT id FROM sbtest3 WHERE id BETWEEN 838931 AND 839031
	Index Only Scan using sbtest3_pkey on sbtest3  (cost=0.43..6.59 rows=108 width=4)
	  Index Cond: ((id >= 838931) AND (id <= 839031))

table 4 : explain SELECT id FROM sbtest4 WHERE id BETWEEN 838931 AND 839031
	Index Only Scan using sbtest4_pkey on sbtest4  (cost=0.43..10.42 rows=99 width=4)
	  Index Cond: ((id >= 838931) AND (id <= 839031))

table 5 : explain SELECT id FROM sbtest5 WHERE id BETWEEN 838931 AND 839031
	Index Only Scan using sbtest5_pkey on sbtest5  (cost=0.43..10.51 rows=104 width=4)
	  Index Cond: ((id >= 838931) AND (id <= 839031))

table 6 : explain SELECT id FROM sbtest6 WHERE id BETWEEN 838931 AND 839031
	Index Only Scan using sbtest6_pkey on sbtest6  (cost=0.43..6.56 rows=106 width=4)
	  Index Cond: ((id >= 838931) AND (id <= 839031))

table 7 : explain SELECT id FROM sbtest7 WHERE id BETWEEN 838931 AND 839031
	Index Only Scan using sbtest7_pkey on sbtest7  (cost=0.43..6.43 rows=100 width=4)
	  Index Cond: ((id >= 838931) AND (id <= 839031))

table 8 : explain SELECT id FROM sbtest8 WHERE id BETWEEN 838931 AND 839031
	Index Only Scan using sbtest8_pkey on sbtest8  (cost=0.43..6.51 rows=104 width=4)
	  Index Cond: ((id >= 838931) AND (id <= 839031))

for range-covered
table 1 : explain SELECT id FROM sbtest1 WHERE id BETWEEN 2287759 AND 2287859
	Index Only Scan using sbtest1_pkey on sbtest1  (cost=0.43..10.44 rows=100 width=4)
	  Index Cond: ((id >= 2287759) AND (id <= 2287859))

table 2 : explain SELECT id FROM sbtest2 WHERE id BETWEEN 2287759 AND 2287859
	Index Only Scan using sbtest2_pkey on sbtest2  (cost=0.43..6.45 rows=101 width=4)
	  Index Cond: ((id >= 2287759) AND (id <= 2287859))

table 3 : explain SELECT id FROM sbtest3 WHERE id BETWEEN 2287759 AND 2287859
	Index Only Scan using sbtest3_pkey on sbtest3  (cost=0.43..6.56 rows=106 width=4)
	  Index Cond: ((id >= 2287759) AND (id <= 2287859))

table 4 : explain SELECT id FROM sbtest4 WHERE id BETWEEN 2287759 AND 2287859
	Index Only Scan using sbtest4_pkey on sbtest4  (cost=0.43..10.54 rows=105 width=4)
	  Index Cond: ((id >= 2287759) AND (id <= 2287859))

table 5 : explain SELECT id FROM sbtest5 WHERE id BETWEEN 2287759 AND 2287859
	Index Only Scan using sbtest5_pkey on sbtest5  (cost=0.43..10.44 rows=100 width=4)
	  Index Cond: ((id >= 2287759) AND (id <= 2287859))

table 6 : explain SELECT id FROM sbtest6 WHERE id BETWEEN 2287759 AND 2287859
	Index Only Scan using sbtest6_pkey on sbtest6  (cost=0.43..6.35 rows=96 width=4)
	  Index Cond: ((id >= 2287759) AND (id <= 2287859))

table 7 : explain SELECT id FROM sbtest7 WHERE id BETWEEN 2287759 AND 2287859
	Index Only Scan using sbtest7_pkey on sbtest7  (cost=0.43..6.51 rows=104 width=4)
	  Index Cond: ((id >= 2287759) AND (id <= 2287859))

table 8 : explain SELECT id FROM sbtest8 WHERE id BETWEEN 2287759 AND 2287859
	Index Only Scan using sbtest8_pkey on sbtest8  (cost=0.43..6.43 rows=100 width=4)
	  Index Cond: ((id >= 2287759) AND (id <= 2287859))

explain: for range-covered :: explain SELECT id FROM sbtest%d WHERE id BETWEEN 6767635 AND 6767735
explain: for range-covered :: explain SELECT id FROM sbtest%d WHERE id BETWEEN 838931 AND 839031
for range-covered
table 1 : explain SELECT id FROM sbtest1 WHERE id BETWEEN 4432292 AND 4432392
	Index Only Scan using sbtest1_pkey on sbtest1  (cost=0.43..10.51 rows=104 width=4)
	  Index Cond: ((id >= 4432292) AND (id <= 4432392))

table 2 : explain SELECT id FROM sbtest2 WHERE id BETWEEN 4432292 AND 4432392
	Index Only Scan using sbtest2_pkey on sbtest2  (cost=0.43..6.45 rows=101 width=4)
	  Index Cond: ((id >= 4432292) AND (id <= 4432392))

table 3 : explain SELECT id FROM sbtest3 WHERE id BETWEEN 4432292 AND 4432392
	Index Only Scan using sbtest3_pkey on sbtest3  (cost=0.43..6.51 rows=104 width=4)
	  Index Cond: ((id >= 4432292) AND (id <= 4432392))

table 4 : explain SELECT id FROM sbtest4 WHERE id BETWEEN 4432292 AND 4432392
	Index Only Scan using sbtest4_pkey on sbtest4  (cost=0.43..10.70 rows=113 width=4)
	  Index Cond: ((id >= 4432292) AND (id <= 4432392))

table 5 : explain SELECT id FROM sbtest5 WHERE id BETWEEN 4432292 AND 4432392
	Index Only Scan using sbtest5_pkey on sbtest5  (cost=0.43..10.50 rows=103 width=4)
	  Index Cond: ((id >= 4432292) AND (id <= 4432392))

table 6 : explain SELECT id FROM sbtest6 WHERE id BETWEEN 4432292 AND 4432392
	Index Only Scan using sbtest6_pkey on sbtest6  (cost=0.43..6.35 rows=96 width=4)
	  Index Cond: ((id >= 4432292) AND (id <= 4432392))

table 7 : explain SELECT id FROM sbtest7 WHERE id BETWEEN 4432292 AND 4432392
	Index Only Scan using sbtest7_pkey on sbtest7  (cost=0.43..6.25 rows=91 width=4)
	  Index Cond: ((id >= 4432292) AND (id <= 4432392))

table 8 : explain SELECT id FROM sbtest8 WHERE id BETWEEN 4432292 AND 4432392
	Index Only Scan using sbtest8_pkey on sbtest8  (cost=0.43..6.27 rows=92 width=4)
	  Index Cond: ((id >= 4432292) AND (id <= 4432392))

for range-covered
table 1 : explain SELECT id FROM sbtest1 WHERE id BETWEEN 5741284 AND 5741384
	Index Only Scan using sbtest1_pkey on sbtest1  (cost=0.43..10.40 rows=98 width=4)
	  Index Cond: ((id >= 5741284) AND (id <= 5741384))

table 2 : explain SELECT id FROM sbtest2 WHERE id BETWEEN 5741284 AND 5741384
	Index Only Scan using sbtest2_pkey on sbtest2  (cost=0.43..6.24 rows=90 width=4)
	  Index Cond: ((id >= 5741284) AND (id <= 5741384))

table 3 : explain SELECT id FROM sbtest3 WHERE id BETWEEN 5741284 AND 5741384
	Index Only Scan using sbtest3_pkey on sbtest3  (cost=0.43..6.75 rows=116 width=4)
	  Index Cond: ((id >= 5741284) AND (id <= 5741384))

table 4 : explain SELECT id FROM sbtest4 WHERE id BETWEEN 5741284 AND 5741384
	Index Only Scan using sbtest4_pkey on sbtest4  (cost=0.43..10.38 rows=97 width=4)
	  Index Cond: ((id >= 5741284) AND (id <= 5741384))

table 5 : explain SELECT id FROM sbtest5 WHERE id BETWEEN 5741284 AND 5741384
	Index Only Scan using sbtest5_pkey on sbtest5  (cost=0.43..10.63 rows=110 width=4)
	  Index Cond: ((id >= 5741284) AND (id <= 5741384))

table 6 : explain SELECT id FROM sbtest6 WHERE id BETWEEN 5741284 AND 5741384
	Index Only Scan using sbtest6_pkey on sbtest6  (cost=0.43..6.35 rows=96 width=4)
	  Index Cond: ((id >= 5741284) AND (id <= 5741384))

table 7 : explain SELECT id FROM sbtest7 WHERE id BETWEEN 5741284 AND 5741384
	Index Only Scan using sbtest7_pkey on sbtest7  (cost=0.43..6.51 rows=104 width=4)
	  Index Cond: ((id >= 5741284) AND (id <= 5741384))

table 8 : explain SELECT id FROM sbtest8 WHERE id BETWEEN 5741284 AND 5741384
	Index Only Scan using sbtest8_pkey on sbtest8  (cost=0.43..6.32 rows=94 width=4)
	  Index Cond: ((id >= 5741284) AND (id <= 5741384))

explain: for range-covered :: explain SELECT id FROM sbtest%d WHERE id BETWEEN 5741284 AND 5741384
for range-covered
table 1 : explain SELECT id FROM sbtest1 WHERE id BETWEEN 7471601 AND 7471701
	Index Only Scan using sbtest1_pkey on sbtest1  (cost=0.43..10.46 rows=101 width=4)
	  Index Cond: ((id >= 7471601) AND (id <= 7471701))

table 2 : explain SELECT id FROM sbtest2 WHERE id BETWEEN 7471601 AND 7471701
	Index Only Scan using sbtest2_pkey on sbtest2  (cost=0.43..6.37 rows=97 width=4)
	  Index Cond: ((id >= 7471601) AND (id <= 7471701))

table 3 : explain SELECT id FROM sbtest3 WHERE id BETWEEN 7471601 AND 7471701
	Index Only Scan using sbtest3_pkey on sbtest3  (cost=0.43..6.43 rows=100 width=4)
	  Index Cond: ((id >= 7471601) AND (id <= 7471701))

table 4 : explain SELECT id FROM sbtest4 WHERE id BETWEEN 7471601 AND 7471701
	Index Only Scan using sbtest4_pkey on sbtest4  (cost=0.43..10.44 rows=100 width=4)
	  Index Cond: ((id >= 7471601) AND (id <= 7471701))

table 5 : explain SELECT id FROM sbtest5 WHERE id BETWEEN 7471601 AND 7471701
	Index Only Scan using sbtest5_pkey on sbtest5  (cost=0.43..10.51 rows=104 width=4)
	  Index Cond: ((id >= 7471601) AND (id <= 7471701))

table 6 : explain SELECT id FROM sbtest6 WHERE id BETWEEN 7471601 AND 7471701
	Index Only Scan using sbtest6_pkey on sbtest6  (cost=0.43..6.53 rows=105 width=4)
	  Index Cond: ((id >= 7471601) AND (id <= 7471701))

table 7 : explain SELECT id FROM sbtest7 WHERE id BETWEEN 7471601 AND 7471701
	Index Only Scan using sbtest7_pkey on sbtest7  (cost=0.43..6.53 rows=105 width=4)
	  Index Cond: ((id >= 7471601) AND (id <= 7471701))

table 8 : explain SELECT id FROM sbtest8 WHERE id BETWEEN 7471601 AND 7471701
	Index Only Scan using sbtest8_pkey on sbtest8  (cost=0.43..6.59 rows=108 width=4)
	  Index Cond: ((id >= 7471601) AND (id <= 7471701))

explain: for range-covered :: explain SELECT id FROM sbtest%d WHERE id BETWEEN 7471601 AND 7471701
for range-covered
table 1 : explain SELECT id FROM sbtest1 WHERE id BETWEEN 2729322 AND 2729422
	Index Only Scan using sbtest1_pkey on sbtest1  (cost=0.43..10.54 rows=105 width=4)
	  Index Cond: ((id >= 2729322) AND (id <= 2729422))

table 2 : explain SELECT id FROM sbtest2 WHERE id BETWEEN 2729322 AND 2729422
	Index Only Scan using sbtest2_pkey on sbtest2  (cost=0.43..6.63 rows=110 width=4)
	  Index Cond: ((id >= 2729322) AND (id <= 2729422))

table 3 : explain SELECT id FROM sbtest3 WHERE id BETWEEN 2729322 AND 2729422
	Index Only Scan using sbtest3_pkey on sbtest3  (cost=0.43..6.45 rows=101 width=4)
	  Index Cond: ((id >= 2729322) AND (id <= 2729422))

table 4 : explain SELECT id FROM sbtest4 WHERE id BETWEEN 2729322 AND 2729422
	Index Only Scan using sbtest4_pkey on sbtest4  (cost=0.43..10.44 rows=100 width=4)
	  Index Cond: ((id >= 2729322) AND (id <= 2729422))

table 5 : explain SELECT id FROM sbtest5 WHERE id BETWEEN 2729322 AND 2729422
	Index Only Scan using sbtest5_pkey on sbtest5  (cost=0.43..10.51 rows=104 width=4)
	  Index Cond: ((id >= 2729322) AND (id <= 2729422))

table 6 : explain SELECT id FROM sbtest6 WHERE id BETWEEN 2729322 AND 2729422
	Index Only Scan using sbtest6_pkey on sbtest6  (cost=0.43..6.19 rows=88 width=4)
	  Index Cond: ((id >= 2729322) AND (id <= 2729422))

table 7 : explain SELECT id FROM sbtest7 WHERE id BETWEEN 2729322 AND 2729422
	Index Only Scan using sbtest7_pkey on sbtest7  (cost=0.43..6.33 rows=95 width=4)
	  Index Cond: ((id >= 2729322) AND (id <= 2729422))

table 8 : explain SELECT id FROM sbtest8 WHERE id BETWEEN 2729322 AND 2729422
	Index Only Scan using sbtest8_pkey on sbtest8  (cost=0.43..6.21 rows=89 width=4)
	  Index Cond: ((id >= 2729322) AND (id <= 2729422))

explain: for range-covered :: explain SELECT id FROM sbtest%d WHERE id BETWEEN 2729322 AND 2729422
for range-covered
table 1 : explain SELECT id FROM sbtest1 WHERE id BETWEEN 5741284 AND 5741384
	Index Only Scan using sbtest1_pkey on sbtest1  (cost=0.43..10.40 rows=98 width=4)
	  Index Cond: ((id >= 5741284) AND (id <= 5741384))

table 2 : explain SELECT id FROM sbtest2 WHERE id BETWEEN 5741284 AND 5741384
	Index Only Scan using sbtest2_pkey on sbtest2  (cost=0.43..6.24 rows=90 width=4)
	  Index Cond: ((id >= 5741284) AND (id <= 5741384))

table 3 : explain SELECT id FROM sbtest3 WHERE id BETWEEN 5741284 AND 5741384
	Index Only Scan using sbtest3_pkey on sbtest3  (cost=0.43..6.75 rows=116 width=4)
	  Index Cond: ((id >= 5741284) AND (id <= 5741384))

table 4 : explain SELECT id FROM sbtest4 WHERE id BETWEEN 5741284 AND 5741384
	Index Only Scan using sbtest4_pkey on sbtest4  (cost=0.43..10.38 rows=97 width=4)
	  Index Cond: ((id >= 5741284) AND (id <= 5741384))

table 5 : explain SELECT id FROM sbtest5 WHERE id BETWEEN 5741284 AND 5741384
	Index Only Scan using sbtest5_pkey on sbtest5  (cost=0.43..10.63 rows=110 width=4)
	  Index Cond: ((id >= 5741284) AND (id <= 5741384))

table 6 : explain SELECT id FROM sbtest6 WHERE id BETWEEN 5741284 AND 5741384
	Index Only Scan using sbtest6_pkey on sbtest6  (cost=0.43..6.35 rows=96 width=4)
	  Index Cond: ((id >= 5741284) AND (id <= 5741384))

table 7 : explain SELECT id FROM sbtest7 WHERE id BETWEEN 5741284 AND 5741384
	Index Only Scan using sbtest7_pkey on sbtest7  (cost=0.43..6.51 rows=104 width=4)
	  Index Cond: ((id >= 5741284) AND (id <= 5741384))

table 8 : explain SELECT id FROM sbtest8 WHERE id BETWEEN 5741284 AND 5741384
	Index Only Scan using sbtest8_pkey on sbtest8  (cost=0.43..6.32 rows=94 width=4)
	  Index Cond: ((id >= 5741284) AND (id <= 5741384))

for range-covered
table 1 : explain SELECT id FROM sbtest1 WHERE id BETWEEN 3542504 AND 3542604
	Index Only Scan using sbtest1_pkey on sbtest1  (cost=0.43..10.42 rows=99 width=4)
	  Index Cond: ((id >= 3542504) AND (id <= 3542604))

table 2 : explain SELECT id FROM sbtest2 WHERE id BETWEEN 3542504 AND 3542604
	Index Only Scan using sbtest2_pkey on sbtest2  (cost=0.43..6.33 rows=95 width=4)
	  Index Cond: ((id >= 3542504) AND (id <= 3542604))

table 3 : explain SELECT id FROM sbtest3 WHERE id BETWEEN 3542504 AND 3542604
	Index Only Scan using sbtest3_pkey on sbtest3  (cost=0.43..6.32 rows=94 width=4)
	  Index Cond: ((id >= 3542504) AND (id <= 3542604))

table 4 : explain SELECT id FROM sbtest4 WHERE id BETWEEN 3542504 AND 3542604
	Index Only Scan using sbtest4_pkey on sbtest4  (cost=0.43..10.47 rows=102 width=4)
	  Index Cond: ((id >= 3542504) AND (id <= 3542604))

table 5 : explain SELECT id FROM sbtest5 WHERE id BETWEEN 3542504 AND 3542604
	Index Only Scan using sbtest5_pkey on sbtest5  (cost=0.43..10.46 rows=101 width=4)
	  Index Cond: ((id >= 3542504) AND (id <= 3542604))

table 6 : explain SELECT id FROM sbtest6 WHERE id BETWEEN 3542504 AND 3542604
	Index Only Scan using sbtest6_pkey on sbtest6  (cost=0.43..6.56 rows=106 width=4)
	  Index Cond: ((id >= 3542504) AND (id <= 3542604))

table 7 : explain SELECT id FROM sbtest7 WHERE id BETWEEN 3542504 AND 3542604
	Index Only Scan using sbtest7_pkey on sbtest7  (cost=0.43..6.51 rows=104 width=4)
	  Index Cond: ((id >= 3542504) AND (id <= 3542604))

table 8 : explain SELECT id FROM sbtest8 WHERE id BETWEEN 3542504 AND 3542604
	Index Only Scan using sbtest8_pkey on sbtest8  (cost=0.43..6.42 rows=99 width=4)
	  Index Cond: ((id >= 3542504) AND (id <= 3542604))

explain: for range-covered :: explain SELECT id FROM sbtest%d WHERE id BETWEEN 5741284 AND 5741384
for range-covered
table 1 : explain SELECT id FROM sbtest1 WHERE id BETWEEN 6767635 AND 6767735
	Index Only Scan using sbtest1_pkey on sbtest1  (cost=0.43..10.76 rows=116 width=4)
	  Index Cond: ((id >= 6767635) AND (id <= 6767735))

table 2 : explain SELECT id FROM sbtest2 WHERE id BETWEEN 6767635 AND 6767735
	Index Only Scan using sbtest2_pkey on sbtest2  (cost=0.43..6.40 rows=98 width=4)
	  Index Cond: ((id >= 6767635) AND (id <= 6767735))

table 3 : explain SELECT id FROM sbtest3 WHERE id BETWEEN 6767635 AND 6767735
	Index Only Scan using sbtest3_pkey on sbtest3  (cost=0.43..6.63 rows=110 width=4)
	  Index Cond: ((id >= 6767635) AND (id <= 6767735))

table 4 : explain SELECT id FROM sbtest4 WHERE id BETWEEN 6767635 AND 6767735
	Index Only Scan using sbtest4_pkey on sbtest4  (cost=0.43..10.36 rows=96 width=4)
	  Index Cond: ((id >= 6767635) AND (id <= 6767735))

table 5 : explain SELECT id FROM sbtest5 WHERE id BETWEEN 6767635 AND 6767735
	Index Only Scan using sbtest5_pkey on sbtest5  (cost=0.43..10.28 rows=92 width=4)
	  Index Cond: ((id >= 6767635) AND (id <= 6767735))

table 6 : explain SELECT id FROM sbtest6 WHERE id BETWEEN 6767635 AND 6767735
	Index Only Scan using sbtest6_pkey on sbtest6  (cost=0.43..6.33 rows=95 width=4)
	  Index Cond: ((id >= 6767635) AND (id <= 6767735))

table 7 : explain SELECT id FROM sbtest7 WHERE id BETWEEN 6767635 AND 6767735
	Index Only Scan using sbtest7_pkey on sbtest7  (cost=0.43..6.56 rows=106 width=4)
	  Index Cond: ((id >= 6767635) AND (id <= 6767735))

table 8 : explain SELECT id FROM sbtest8 WHERE id BETWEEN 6767635 AND 6767735
	Index Only Scan using sbtest8_pkey on sbtest8  (cost=0.43..6.50 rows=103 width=4)
	  Index Cond: ((id >= 6767635) AND (id <= 6767735))

explain: for range-covered :: explain SELECT id FROM sbtest%d WHERE id BETWEEN 3542504 AND 3542604
for range-covered
table 1 : explain SELECT id FROM sbtest1 WHERE id BETWEEN 7471601 AND 7471701
	Index Only Scan using sbtest1_pkey on sbtest1  (cost=0.43..10.46 rows=101 width=4)
	  Index Cond: ((id >= 7471601) AND (id <= 7471701))

table 2 : explain SELECT id FROM sbtest2 WHERE id BETWEEN 7471601 AND 7471701
	Index Only Scan using sbtest2_pkey on sbtest2  (cost=0.43..6.37 rows=97 width=4)
	  Index Cond: ((id >= 7471601) AND (id <= 7471701))

table 3 : explain SELECT id FROM sbtest3 WHERE id BETWEEN 7471601 AND 7471701
	Index Only Scan using sbtest3_pkey on sbtest3  (cost=0.43..6.43 rows=100 width=4)
	  Index Cond: ((id >= 7471601) AND (id <= 7471701))

table 4 : explain SELECT id FROM sbtest4 WHERE id BETWEEN 7471601 AND 7471701
	Index Only Scan using sbtest4_pkey on sbtest4  (cost=0.43..10.44 rows=100 width=4)
	  Index Cond: ((id >= 7471601) AND (id <= 7471701))

table 5 : explain SELECT id FROM sbtest5 WHERE id BETWEEN 7471601 AND 7471701
	Index Only Scan using sbtest5_pkey on sbtest5  (cost=0.43..10.51 rows=104 width=4)
	  Index Cond: ((id >= 7471601) AND (id <= 7471701))

table 6 : explain SELECT id FROM sbtest6 WHERE id BETWEEN 7471601 AND 7471701
	Index Only Scan using sbtest6_pkey on sbtest6  (cost=0.43..6.53 rows=105 width=4)
	  Index Cond: ((id >= 7471601) AND (id <= 7471701))

table 7 : explain SELECT id FROM sbtest7 WHERE id BETWEEN 7471601 AND 7471701
	Index Only Scan using sbtest7_pkey on sbtest7  (cost=0.43..6.53 rows=105 width=4)
	  Index Cond: ((id >= 7471601) AND (id <= 7471701))

table 8 : explain SELECT id FROM sbtest8 WHERE id BETWEEN 7471601 AND 7471701
	Index Only Scan using sbtest8_pkey on sbtest8  (cost=0.43..6.59 rows=108 width=4)
	  Index Cond: ((id >= 7471601) AND (id <= 7471701))

for range-covered
table 1 : explain SELECT id FROM sbtest1 WHERE id BETWEEN 838931 AND 839031
	Index Only Scan using sbtest1_pkey on sbtest1  (cost=0.43..10.33 rows=95 width=4)
	  Index Cond: ((id >= 838931) AND (id <= 839031))

table 2 : explain SELECT id FROM sbtest2 WHERE id BETWEEN 838931 AND 839031
	Index Only Scan using sbtest2_pkey on sbtest2  (cost=0.43..6.33 rows=95 width=4)
	  Index Cond: ((id >= 838931) AND (id <= 839031))

table 3 : explain SELECT id FROM sbtest3 WHERE id BETWEEN 838931 AND 839031
	Index Only Scan using sbtest3_pkey on sbtest3  (cost=0.43..6.59 rows=108 width=4)
	  Index Cond: ((id >= 838931) AND (id <= 839031))

table 4 : explain SELECT id FROM sbtest4 WHERE id BETWEEN 838931 AND 839031
	Index Only Scan using sbtest4_pkey on sbtest4  (cost=0.43..10.42 rows=99 width=4)
	  Index Cond: ((id >= 838931) AND (id <= 839031))

table 5 : explain SELECT id FROM sbtest5 WHERE id BETWEEN 838931 AND 839031
	Index Only Scan using sbtest5_pkey on sbtest5  (cost=0.43..10.51 rows=104 width=4)
	  Index Cond: ((id >= 838931) AND (id <= 839031))

table 6 : explain SELECT id FROM sbtest6 WHERE id BETWEEN 838931 AND 839031
	Index Only Scan using sbtest6_pkey on sbtest6  (cost=0.43..6.56 rows=106 width=4)
	  Index Cond: ((id >= 838931) AND (id <= 839031))

table 7 : explain SELECT id FROM sbtest7 WHERE id BETWEEN 838931 AND 839031
	Index Only Scan using sbtest7_pkey on sbtest7  (cost=0.43..6.43 rows=100 width=4)
	  Index Cond: ((id >= 838931) AND (id <= 839031))

table 8 : explain SELECT id FROM sbtest8 WHERE id BETWEEN 838931 AND 839031
	Index Only Scan using sbtest8_pkey on sbtest8  (cost=0.43..6.51 rows=104 width=4)
	  Index Cond: ((id >= 838931) AND (id <= 839031))

explain: for range-covered :: explain SELECT id FROM sbtest%d WHERE id BETWEEN 7471601 AND 7471701
explain: for range-covered :: explain SELECT id FROM sbtest%d WHERE id BETWEEN 6767635 AND 6767735
explain: for range-covered :: explain SELECT id FROM sbtest%d WHERE id BETWEEN 838931 AND 839031
for range-covered
table 1 : explain SELECT id FROM sbtest1 WHERE id BETWEEN 5741284 AND 5741384
	Index Only Scan using sbtest1_pkey on sbtest1  (cost=0.43..10.40 rows=98 width=4)
	  Index Cond: ((id >= 5741284) AND (id <= 5741384))

table 2 : explain SELECT id FROM sbtest2 WHERE id BETWEEN 5741284 AND 5741384
	Index Only Scan using sbtest2_pkey on sbtest2  (cost=0.43..6.24 rows=90 width=4)
	  Index Cond: ((id >= 5741284) AND (id <= 5741384))

table 3 : explain SELECT id FROM sbtest3 WHERE id BETWEEN 5741284 AND 5741384
	Index Only Scan using sbtest3_pkey on sbtest3  (cost=0.43..6.75 rows=116 width=4)
	  Index Cond: ((id >= 5741284) AND (id <= 5741384))

table 4 : explain SELECT id FROM sbtest4 WHERE id BETWEEN 5741284 AND 5741384
	Index Only Scan using sbtest4_pkey on sbtest4  (cost=0.43..10.38 rows=97 width=4)
	  Index Cond: ((id >= 5741284) AND (id <= 5741384))

table 5 : explain SELECT id FROM sbtest5 WHERE id BETWEEN 5741284 AND 5741384
	Index Only Scan using sbtest5_pkey on sbtest5  (cost=0.43..10.63 rows=110 width=4)
	  Index Cond: ((id >= 5741284) AND (id <= 5741384))

table 6 : explain SELECT id FROM sbtest6 WHERE id BETWEEN 5741284 AND 5741384
	Index Only Scan using sbtest6_pkey on sbtest6  (cost=0.43..6.35 rows=96 width=4)
	  Index Cond: ((id >= 5741284) AND (id <= 5741384))

table 7 : explain SELECT id FROM sbtest7 WHERE id BETWEEN 5741284 AND 5741384
	Index Only Scan using sbtest7_pkey on sbtest7  (cost=0.43..6.51 rows=104 width=4)
	  Index Cond: ((id >= 5741284) AND (id <= 5741384))

table 8 : explain SELECT id FROM sbtest8 WHERE id BETWEEN 5741284 AND 5741384
	Index Only Scan using sbtest8_pkey on sbtest8  (cost=0.43..6.32 rows=94 width=4)
	  Index Cond: ((id >= 5741284) AND (id <= 5741384))

explain: for range-covered :: explain SELECT id FROM sbtest%d WHERE id BETWEEN 5741284 AND 5741384
for range-covered
table 1 : explain SELECT id FROM sbtest1 WHERE id BETWEEN 7471601 AND 7471701
	Index Only Scan using sbtest1_pkey on sbtest1  (cost=0.43..10.46 rows=101 width=4)
	  Index Cond: ((id >= 7471601) AND (id <= 7471701))

table 2 : explain SELECT id FROM sbtest2 WHERE id BETWEEN 7471601 AND 7471701
	Index Only Scan using sbtest2_pkey on sbtest2  (cost=0.43..6.37 rows=97 width=4)
	  Index Cond: ((id >= 7471601) AND (id <= 7471701))

table 3 : explain SELECT id FROM sbtest3 WHERE id BETWEEN 7471601 AND 7471701
	Index Only Scan using sbtest3_pkey on sbtest3  (cost=0.43..6.43 rows=100 width=4)
	  Index Cond: ((id >= 7471601) AND (id <= 7471701))

table 4 : explain SELECT id FROM sbtest4 WHERE id BETWEEN 7471601 AND 7471701
	Index Only Scan using sbtest4_pkey on sbtest4  (cost=0.43..10.44 rows=100 width=4)
	  Index Cond: ((id >= 7471601) AND (id <= 7471701))

table 5 : explain SELECT id FROM sbtest5 WHERE id BETWEEN 7471601 AND 7471701
	Index Only Scan using sbtest5_pkey on sbtest5  (cost=0.43..10.51 rows=104 width=4)
	  Index Cond: ((id >= 7471601) AND (id <= 7471701))

table 6 : explain SELECT id FROM sbtest6 WHERE id BETWEEN 7471601 AND 7471701
	Index Only Scan using sbtest6_pkey on sbtest6  (cost=0.43..6.53 rows=105 width=4)
	  Index Cond: ((id >= 7471601) AND (id <= 7471701))

table 7 : explain SELECT id FROM sbtest7 WHERE id BETWEEN 7471601 AND 7471701
	Index Only Scan using sbtest7_pkey on sbtest7  (cost=0.43..6.53 rows=105 width=4)
	  Index Cond: ((id >= 7471601) AND (id <= 7471701))

table 8 : explain SELECT id FROM sbtest8 WHERE id BETWEEN 7471601 AND 7471701
	Index Only Scan using sbtest8_pkey on sbtest8  (cost=0.43..6.59 rows=108 width=4)
	  Index Cond: ((id >= 7471601) AND (id <= 7471701))

explain: for range-covered :: explain SELECT id FROM sbtest%d WHERE id BETWEEN 7471601 AND 7471701
for range-covered
table 1 : explain SELECT id FROM sbtest1 WHERE id BETWEEN 2729322 AND 2729422
	Index Only Scan using sbtest1_pkey on sbtest1  (cost=0.43..10.54 rows=105 width=4)
	  Index Cond: ((id >= 2729322) AND (id <= 2729422))

table 2 : explain SELECT id FROM sbtest2 WHERE id BETWEEN 2729322 AND 2729422
	Index Only Scan using sbtest2_pkey on sbtest2  (cost=0.43..6.63 rows=110 width=4)
	  Index Cond: ((id >= 2729322) AND (id <= 2729422))

table 3 : explain SELECT id FROM sbtest3 WHERE id BETWEEN 2729322 AND 2729422
	Index Only Scan using sbtest3_pkey on sbtest3  (cost=0.43..6.45 rows=101 width=4)
	  Index Cond: ((id >= 2729322) AND (id <= 2729422))

table 4 : explain SELECT id FROM sbtest4 WHERE id BETWEEN 2729322 AND 2729422
	Index Only Scan using sbtest4_pkey on sbtest4  (cost=0.43..10.44 rows=100 width=4)
	  Index Cond: ((id >= 2729322) AND (id <= 2729422))

table 5 : explain SELECT id FROM sbtest5 WHERE id BETWEEN 2729322 AND 2729422
	Index Only Scan using sbtest5_pkey on sbtest5  (cost=0.43..10.51 rows=104 width=4)
	  Index Cond: ((id >= 2729322) AND (id <= 2729422))

table 6 : explain SELECT id FROM sbtest6 WHERE id BETWEEN 2729322 AND 2729422
	Index Only Scan using sbtest6_pkey on sbtest6  (cost=0.43..6.19 rows=88 width=4)
	  Index Cond: ((id >= 2729322) AND (id <= 2729422))

table 7 : explain SELECT id FROM sbtest7 WHERE id BETWEEN 2729322 AND 2729422
	Index Only Scan using sbtest7_pkey on sbtest7  (cost=0.43..6.33 rows=95 width=4)
	  Index Cond: ((id >= 2729322) AND (id <= 2729422))

table 8 : explain SELECT id FROM sbtest8 WHERE id BETWEEN 2729322 AND 2729422
	Index Only Scan using sbtest8_pkey on sbtest8  (cost=0.43..6.21 rows=89 width=4)
	  Index Cond: ((id >= 2729322) AND (id <= 2729422))

explain: for range-covered :: explain SELECT id FROM sbtest%d WHERE id BETWEEN 2729322 AND 2729422
for range-covered
table 1 : explain SELECT id FROM sbtest1 WHERE id BETWEEN 3542504 AND 3542604
	Index Only Scan using sbtest1_pkey on sbtest1  (cost=0.43..10.42 rows=99 width=4)
	  Index Cond: ((id >= 3542504) AND (id <= 3542604))

table 2 : explain SELECT id FROM sbtest2 WHERE id BETWEEN 3542504 AND 3542604
	Index Only Scan using sbtest2_pkey on sbtest2  (cost=0.43..6.33 rows=95 width=4)
	  Index Cond: ((id >= 3542504) AND (id <= 3542604))

table 3 : explain SELECT id FROM sbtest3 WHERE id BETWEEN 3542504 AND 3542604
	Index Only Scan using sbtest3_pkey on sbtest3  (cost=0.43..6.32 rows=94 width=4)
	  Index Cond: ((id >= 3542504) AND (id <= 3542604))

table 4 : explain SELECT id FROM sbtest4 WHERE id BETWEEN 3542504 AND 3542604
	Index Only Scan using sbtest4_pkey on sbtest4  (cost=0.43..10.47 rows=102 width=4)
	  Index Cond: ((id >= 3542504) AND (id <= 3542604))

table 5 : explain SELECT id FROM sbtest5 WHERE id BETWEEN 3542504 AND 3542604
	Index Only Scan using sbtest5_pkey on sbtest5  (cost=0.43..10.46 rows=101 width=4)
	  Index Cond: ((id >= 3542504) AND (id <= 3542604))

table 6 : explain SELECT id FROM sbtest6 WHERE id BETWEEN 3542504 AND 3542604
	Index Only Scan using sbtest6_pkey on sbtest6  (cost=0.43..6.56 rows=106 width=4)
	  Index Cond: ((id >= 3542504) AND (id <= 3542604))

table 7 : explain SELECT id FROM sbtest7 WHERE id BETWEEN 3542504 AND 3542604
	Index Only Scan using sbtest7_pkey on sbtest7  (cost=0.43..6.51 rows=104 width=4)
	  Index Cond: ((id >= 3542504) AND (id <= 3542604))

table 8 : explain SELECT id FROM sbtest8 WHERE id BETWEEN 3542504 AND 3542604
	Index Only Scan using sbtest8_pkey on sbtest8  (cost=0.43..6.42 rows=99 width=4)
	  Index Cond: ((id >= 3542504) AND (id <= 3542604))

for range-covered
table 1 : explain SELECT id FROM sbtest1 WHERE id BETWEEN 5741284 AND 5741384
	Index Only Scan using sbtest1_pkey on sbtest1  (cost=0.43..10.40 rows=98 width=4)
	  Index Cond: ((id >= 5741284) AND (id <= 5741384))

table 2 : explain SELECT id FROM sbtest2 WHERE id BETWEEN 5741284 AND 5741384
	Index Only Scan using sbtest2_pkey on sbtest2  (cost=0.43..6.24 rows=90 width=4)
	  Index Cond: ((id >= 5741284) AND (id <= 5741384))

table 3 : explain SELECT id FROM sbtest3 WHERE id BETWEEN 5741284 AND 5741384
	Index Only Scan using sbtest3_pkey on sbtest3  (cost=0.43..6.75 rows=116 width=4)
	  Index Cond: ((id >= 5741284) AND (id <= 5741384))

table 4 : explain SELECT id FROM sbtest4 WHERE id BETWEEN 5741284 AND 5741384
	Index Only Scan using sbtest4_pkey on sbtest4  (cost=0.43..10.38 rows=97 width=4)
	  Index Cond: ((id >= 5741284) AND (id <= 5741384))

table 5 : explain SELECT id FROM sbtest5 WHERE id BETWEEN 5741284 AND 5741384
	Index Only Scan using sbtest5_pkey on sbtest5  (cost=0.43..10.63 rows=110 width=4)
	  Index Cond: ((id >= 5741284) AND (id <= 5741384))

table 6 : explain SELECT id FROM sbtest6 WHERE id BETWEEN 5741284 AND 5741384
	Index Only Scan using sbtest6_pkey on sbtest6  (cost=0.43..6.35 rows=96 width=4)
	  Index Cond: ((id >= 5741284) AND (id <= 5741384))

table 7 : explain SELECT id FROM sbtest7 WHERE id BETWEEN 5741284 AND 5741384
	Index Only Scan using sbtest7_pkey on sbtest7  (cost=0.43..6.51 rows=104 width=4)
	  Index Cond: ((id >= 5741284) AND (id <= 5741384))

table 8 : explain SELECT id FROM sbtest8 WHERE id BETWEEN 5741284 AND 5741384
	Index Only Scan using sbtest8_pkey on sbtest8  (cost=0.43..6.32 rows=94 width=4)
	  Index Cond: ((id >= 5741284) AND (id <= 5741384))

for range-covered
table 1 : explain SELECT id FROM sbtest1 WHERE id BETWEEN 6767635 AND 6767735
	Index Only Scan using sbtest1_pkey on sbtest1  (cost=0.43..10.76 rows=116 width=4)
	  Index Cond: ((id >= 6767635) AND (id <= 6767735))

table 2 : explain SELECT id FROM sbtest2 WHERE id BETWEEN 6767635 AND 6767735
	Index Only Scan using sbtest2_pkey on sbtest2  (cost=0.43..6.40 rows=98 width=4)
	  Index Cond: ((id >= 6767635) AND (id <= 6767735))

table 3 : explain SELECT id FROM sbtest3 WHERE id BETWEEN 6767635 AND 6767735
	Index Only Scan using sbtest3_pkey on sbtest3  (cost=0.43..6.63 rows=110 width=4)
	  Index Cond: ((id >= 6767635) AND (id <= 6767735))

table 4 : explain SELECT id FROM sbtest4 WHERE id BETWEEN 6767635 AND 6767735
	Index Only Scan using sbtest4_pkey on sbtest4  (cost=0.43..10.36 rows=96 width=4)
	  Index Cond: ((id >= 6767635) AND (id <= 6767735))

table 5 : explain SELECT id FROM sbtest5 WHERE id BETWEEN 6767635 AND 6767735
	Index Only Scan using sbtest5_pkey on sbtest5  (cost=0.43..10.28 rows=92 width=4)
	  Index Cond: ((id >= 6767635) AND (id <= 6767735))

table 6 : explain SELECT id FROM sbtest6 WHERE id BETWEEN 6767635 AND 6767735
	Index Only Scan using sbtest6_pkey on sbtest6  (cost=0.43..6.33 rows=95 width=4)
	  Index Cond: ((id >= 6767635) AND (id <= 6767735))

table 7 : explain SELECT id FROM sbtest7 WHERE id BETWEEN 6767635 AND 6767735
	Index Only Scan using sbtest7_pkey on sbtest7  (cost=0.43..6.56 rows=106 width=4)
	  Index Cond: ((id >= 6767635) AND (id <= 6767735))

table 8 : explain SELECT id FROM sbtest8 WHERE id BETWEEN 6767635 AND 6767735
	Index Only Scan using sbtest8_pkey on sbtest8  (cost=0.43..6.50 rows=103 width=4)
	  Index Cond: ((id >= 6767635) AND (id <= 6767735))

explain: for range-covered :: explain SELECT id FROM sbtest%d WHERE id BETWEEN 3542504 AND 3542604
for range-covered
table 1 : explain SELECT id FROM sbtest1 WHERE id BETWEEN 7471601 AND 7471701
	Index Only Scan using sbtest1_pkey on sbtest1  (cost=0.43..10.46 rows=101 width=4)
	  Index Cond: ((id >= 7471601) AND (id <= 7471701))

table 2 : explain SELECT id FROM sbtest2 WHERE id BETWEEN 7471601 AND 7471701
	Index Only Scan using sbtest2_pkey on sbtest2  (cost=0.43..6.37 rows=97 width=4)
	  Index Cond: ((id >= 7471601) AND (id <= 7471701))

table 3 : explain SELECT id FROM sbtest3 WHERE id BETWEEN 7471601 AND 7471701
	Index Only Scan using sbtest3_pkey on sbtest3  (cost=0.43..6.43 rows=100 width=4)
	  Index Cond: ((id >= 7471601) AND (id <= 7471701))

table 4 : explain SELECT id FROM sbtest4 WHERE id BETWEEN 7471601 AND 7471701
	Index Only Scan using sbtest4_pkey on sbtest4  (cost=0.43..10.44 rows=100 width=4)
	  Index Cond: ((id >= 7471601) AND (id <= 7471701))

table 5 : explain SELECT id FROM sbtest5 WHERE id BETWEEN 7471601 AND 7471701
	Index Only Scan using sbtest5_pkey on sbtest5  (cost=0.43..10.51 rows=104 width=4)
	  Index Cond: ((id >= 7471601) AND (id <= 7471701))

table 6 : explain SELECT id FROM sbtest6 WHERE id BETWEEN 7471601 AND 7471701
	Index Only Scan using sbtest6_pkey on sbtest6  (cost=0.43..6.53 rows=105 width=4)
	  Index Cond: ((id >= 7471601) AND (id <= 7471701))

table 7 : explain SELECT id FROM sbtest7 WHERE id BETWEEN 7471601 AND 7471701
	Index Only Scan using sbtest7_pkey on sbtest7  (cost=0.43..6.53 rows=105 width=4)
	  Index Cond: ((id >= 7471601) AND (id <= 7471701))

table 8 : explain SELECT id FROM sbtest8 WHERE id BETWEEN 7471601 AND 7471701
	Index Only Scan using sbtest8_pkey on sbtest8  (cost=0.43..6.59 rows=108 width=4)
	  Index Cond: ((id >= 7471601) AND (id <= 7471701))

for range-covered
table 1 : explain SELECT id FROM sbtest1 WHERE id BETWEEN 838931 AND 839031
	Index Only Scan using sbtest1_pkey on sbtest1  (cost=0.43..10.33 rows=95 width=4)
	  Index Cond: ((id >= 838931) AND (id <= 839031))

table 2 : explain SELECT id FROM sbtest2 WHERE id BETWEEN 838931 AND 839031
	Index Only Scan using sbtest2_pkey on sbtest2  (cost=0.43..6.33 rows=95 width=4)
	  Index Cond: ((id >= 838931) AND (id <= 839031))

table 3 : explain SELECT id FROM sbtest3 WHERE id BETWEEN 838931 AND 839031
	Index Only Scan using sbtest3_pkey on sbtest3  (cost=0.43..6.59 rows=108 width=4)
	  Index Cond: ((id >= 838931) AND (id <= 839031))

table 4 : explain SELECT id FROM sbtest4 WHERE id BETWEEN 838931 AND 839031
	Index Only Scan using sbtest4_pkey on sbtest4  (cost=0.43..10.42 rows=99 width=4)
	  Index Cond: ((id >= 838931) AND (id <= 839031))

table 5 : explain SELECT id FROM sbtest5 WHERE id BETWEEN 838931 AND 839031
	Index Only Scan using sbtest5_pkey on sbtest5  (cost=0.43..10.51 rows=104 width=4)
	  Index Cond: ((id >= 838931) AND (id <= 839031))

table 6 : explain SELECT id FROM sbtest6 WHERE id BETWEEN 838931 AND 839031
	Index Only Scan using sbtest6_pkey on sbtest6  (cost=0.43..6.56 rows=106 width=4)
	  Index Cond: ((id >= 838931) AND (id <= 839031))

table 7 : explain SELECT id FROM sbtest7 WHERE id BETWEEN 838931 AND 839031
	Index Only Scan using sbtest7_pkey on sbtest7  (cost=0.43..6.43 rows=100 width=4)
	  Index Cond: ((id >= 838931) AND (id <= 839031))

table 8 : explain SELECT id FROM sbtest8 WHERE id BETWEEN 838931 AND 839031
	Index Only Scan using sbtest8_pkey on sbtest8  (cost=0.43..6.51 rows=104 width=4)
	  Index Cond: ((id >= 838931) AND (id <= 839031))

explain: for range-covered :: explain SELECT id FROM sbtest%d WHERE id BETWEEN 6767635 AND 6767735
explain: for range-covered :: explain SELECT id FROM sbtest%d WHERE id BETWEEN 838931 AND 839031
for range-covered
table 1 : explain SELECT id FROM sbtest1 WHERE id BETWEEN 4813413 AND 4813513
	Index Only Scan using sbtest1_pkey on sbtest1  (cost=0.43..10.58 rows=107 width=4)
	  Index Cond: ((id >= 4813413) AND (id <= 4813513))

table 2 : explain SELECT id FROM sbtest2 WHERE id BETWEEN 4813413 AND 4813513
	Index Only Scan using sbtest2_pkey on sbtest2  (cost=0.43..6.53 rows=105 width=4)
	  Index Cond: ((id >= 4813413) AND (id <= 4813513))

table 3 : explain SELECT id FROM sbtest3 WHERE id BETWEEN 4813413 AND 4813513
	Index Only Scan using sbtest3_pkey on sbtest3  (cost=0.43..6.51 rows=104 width=4)
	  Index Cond: ((id >= 4813413) AND (id <= 4813513))

table 4 : explain SELECT id FROM sbtest4 WHERE id BETWEEN 4813413 AND 4813513
	Index Only Scan using sbtest4_pkey on sbtest4  (cost=0.43..10.51 rows=104 width=4)
	  Index Cond: ((id >= 4813413) AND (id <= 4813513))

table 5 : explain SELECT id FROM sbtest5 WHERE id BETWEEN 4813413 AND 4813513
	Index Only Scan using sbtest5_pkey on sbtest5  (cost=0.43..10.28 rows=92 width=4)
	  Index Cond: ((id >= 4813413) AND (id <= 4813513))

table 6 : explain SELECT id FROM sbtest6 WHERE id BETWEEN 4813413 AND 4813513
	Index Only Scan using sbtest6_pkey on sbtest6  (cost=0.43..6.61 rows=109 width=4)
	  Index Cond: ((id >= 4813413) AND (id <= 4813513))

table 7 : explain SELECT id FROM sbtest7 WHERE id BETWEEN 4813413 AND 4813513
	Index Only Scan using sbtest7_pkey on sbtest7  (cost=0.43..6.45 rows=101 width=4)
	  Index Cond: ((id >= 4813413) AND (id <= 4813513))

table 8 : explain SELECT id FROM sbtest8 WHERE id BETWEEN 4813413 AND 4813513
	Index Only Scan using sbtest8_pkey on sbtest8  (cost=0.43..6.43 rows=100 width=4)
	  Index Cond: ((id >= 4813413) AND (id <= 4813513))

explain: for range-covered :: explain SELECT id FROM sbtest%d WHERE id BETWEEN 4813413 AND 4813513
for range-covered
table 1 : explain SELECT id FROM sbtest1 WHERE id BETWEEN 2729322 AND 2729422
	Index Only Scan using sbtest1_pkey on sbtest1  (cost=0.43..10.54 rows=105 width=4)
	  Index Cond: ((id >= 2729322) AND (id <= 2729422))

table 2 : explain SELECT id FROM sbtest2 WHERE id BETWEEN 2729322 AND 2729422
	Index Only Scan using sbtest2_pkey on sbtest2  (cost=0.43..6.63 rows=110 width=4)
	  Index Cond: ((id >= 2729322) AND (id <= 2729422))

table 3 : explain SELECT id FROM sbtest3 WHERE id BETWEEN 2729322 AND 2729422
	Index Only Scan using sbtest3_pkey on sbtest3  (cost=0.43..6.45 rows=101 width=4)
	  Index Cond: ((id >= 2729322) AND (id <= 2729422))

table 4 : explain SELECT id FROM sbtest4 WHERE id BETWEEN 2729322 AND 2729422
	Index Only Scan using sbtest4_pkey on sbtest4  (cost=0.43..10.44 rows=100 width=4)
	  Index Cond: ((id >= 2729322) AND (id <= 2729422))

table 5 : explain SELECT id FROM sbtest5 WHERE id BETWEEN 2729322 AND 2729422
	Index Only Scan using sbtest5_pkey on sbtest5  (cost=0.43..10.51 rows=104 width=4)
	  Index Cond: ((id >= 2729322) AND (id <= 2729422))

table 6 : explain SELECT id FROM sbtest6 WHERE id BETWEEN 2729322 AND 2729422
	Index Only Scan using sbtest6_pkey on sbtest6  (cost=0.43..6.19 rows=88 width=4)
	  Index Cond: ((id >= 2729322) AND (id <= 2729422))

table 7 : explain SELECT id FROM sbtest7 WHERE id BETWEEN 2729322 AND 2729422
	Index Only Scan using sbtest7_pkey on sbtest7  (cost=0.43..6.33 rows=95 width=4)
	  Index Cond: ((id >= 2729322) AND (id <= 2729422))

table 8 : explain SELECT id FROM sbtest8 WHERE id BETWEEN 2729322 AND 2729422
	Index Only Scan using sbtest8_pkey on sbtest8  (cost=0.43..6.21 rows=89 width=4)
	  Index Cond: ((id >= 2729322) AND (id <= 2729422))

explain: for range-covered :: explain SELECT id FROM sbtest%d WHERE id BETWEEN 2729322 AND 2729422
for range-covered
table 1 : explain SELECT id FROM sbtest1 WHERE id BETWEEN 4813413 AND 4813513
	Index Only Scan using sbtest1_pkey on sbtest1  (cost=0.43..10.58 rows=107 width=4)
	  Index Cond: ((id >= 4813413) AND (id <= 4813513))

table 2 : explain SELECT id FROM sbtest2 WHERE id BETWEEN 4813413 AND 4813513
	Index Only Scan using sbtest2_pkey on sbtest2  (cost=0.43..6.53 rows=105 width=4)
	  Index Cond: ((id >= 4813413) AND (id <= 4813513))

table 3 : explain SELECT id FROM sbtest3 WHERE id BETWEEN 4813413 AND 4813513
	Index Only Scan using sbtest3_pkey on sbtest3  (cost=0.43..6.51 rows=104 width=4)
	  Index Cond: ((id >= 4813413) AND (id <= 4813513))

table 4 : explain SELECT id FROM sbtest4 WHERE id BETWEEN 4813413 AND 4813513
	Index Only Scan using sbtest4_pkey on sbtest4  (cost=0.43..10.51 rows=104 width=4)
	  Index Cond: ((id >= 4813413) AND (id <= 4813513))

table 5 : explain SELECT id FROM sbtest5 WHERE id BETWEEN 4813413 AND 4813513
	Index Only Scan using sbtest5_pkey on sbtest5  (cost=0.43..10.28 rows=92 width=4)
	  Index Cond: ((id >= 4813413) AND (id <= 4813513))

table 6 : explain SELECT id FROM sbtest6 WHERE id BETWEEN 4813413 AND 4813513
	Index Only Scan using sbtest6_pkey on sbtest6  (cost=0.43..6.61 rows=109 width=4)
	  Index Cond: ((id >= 4813413) AND (id <= 4813513))

table 7 : explain SELECT id FROM sbtest7 WHERE id BETWEEN 4813413 AND 4813513
	Index Only Scan using sbtest7_pkey on sbtest7  (cost=0.43..6.45 rows=101 width=4)
	  Index Cond: ((id >= 4813413) AND (id <= 4813513))

table 8 : explain SELECT id FROM sbtest8 WHERE id BETWEEN 4813413 AND 4813513
	Index Only Scan using sbtest8_pkey on sbtest8  (cost=0.43..6.43 rows=100 width=4)
	  Index Cond: ((id >= 4813413) AND (id <= 4813513))

for range-covered
table 1 : explain SELECT id FROM sbtest1 WHERE id BETWEEN 3542504 AND 3542604
	Index Only Scan using sbtest1_pkey on sbtest1  (cost=0.43..10.42 rows=99 width=4)
	  Index Cond: ((id >= 3542504) AND (id <= 3542604))

table 2 : explain SELECT id FROM sbtest2 WHERE id BETWEEN 3542504 AND 3542604
	Index Only Scan using sbtest2_pkey on sbtest2  (cost=0.43..6.33 rows=95 width=4)
	  Index Cond: ((id >= 3542504) AND (id <= 3542604))

table 3 : explain SELECT id FROM sbtest3 WHERE id BETWEEN 3542504 AND 3542604
	Index Only Scan using sbtest3_pkey on sbtest3  (cost=0.43..6.32 rows=94 width=4)
	  Index Cond: ((id >= 3542504) AND (id <= 3542604))

table 4 : explain SELECT id FROM sbtest4 WHERE id BETWEEN 3542504 AND 3542604
	Index Only Scan using sbtest4_pkey on sbtest4  (cost=0.43..10.47 rows=102 width=4)
	  Index Cond: ((id >= 3542504) AND (id <= 3542604))

table 5 : explain SELECT id FROM sbtest5 WHERE id BETWEEN 3542504 AND 3542604
	Index Only Scan using sbtest5_pkey on sbtest5  (cost=0.43..10.46 rows=101 width=4)
	  Index Cond: ((id >= 3542504) AND (id <= 3542604))

table 6 : explain SELECT id FROM sbtest6 WHERE id BETWEEN 3542504 AND 3542604
	Index Only Scan using sbtest6_pkey on sbtest6  (cost=0.43..6.56 rows=106 width=4)
	  Index Cond: ((id >= 3542504) AND (id <= 3542604))

table 7 : explain SELECT id FROM sbtest7 WHERE id BETWEEN 3542504 AND 3542604
	Index Only Scan using sbtest7_pkey on sbtest7  (cost=0.43..6.51 rows=104 width=4)
	  Index Cond: ((id >= 3542504) AND (id <= 3542604))

table 8 : explain SELECT id FROM sbtest8 WHERE id BETWEEN 3542504 AND 3542604
	Index Only Scan using sbtest8_pkey on sbtest8  (cost=0.43..6.42 rows=99 width=4)
	  Index Cond: ((id >= 3542504) AND (id <= 3542604))

explain: for range-covered :: explain SELECT id FROM sbtest%d WHERE id BETWEEN 4813413 AND 4813513
explain: for range-covered :: explain SELECT id FROM sbtest%d WHERE id BETWEEN 3542504 AND 3542604
for range-covered
table 1 : explain SELECT id FROM sbtest1 WHERE id BETWEEN 6767635 AND 6767735
	Index Only Scan using sbtest1_pkey on sbtest1  (cost=0.43..10.76 rows=116 width=4)
	  Index Cond: ((id >= 6767635) AND (id <= 6767735))

table 2 : explain SELECT id FROM sbtest2 WHERE id BETWEEN 6767635 AND 6767735
	Index Only Scan using sbtest2_pkey on sbtest2  (cost=0.43..6.40 rows=98 width=4)
	  Index Cond: ((id >= 6767635) AND (id <= 6767735))

table 3 : explain SELECT id FROM sbtest3 WHERE id BETWEEN 6767635 AND 6767735
	Index Only Scan using sbtest3_pkey on sbtest3  (cost=0.43..6.63 rows=110 width=4)
	  Index Cond: ((id >= 6767635) AND (id <= 6767735))

table 4 : explain SELECT id FROM sbtest4 WHERE id BETWEEN 6767635 AND 6767735
	Index Only Scan using sbtest4_pkey on sbtest4  (cost=0.43..10.36 rows=96 width=4)
	  Index Cond: ((id >= 6767635) AND (id <= 6767735))

table 5 : explain SELECT id FROM sbtest5 WHERE id BETWEEN 6767635 AND 6767735
	Index Only Scan using sbtest5_pkey on sbtest5  (cost=0.43..10.28 rows=92 width=4)
	  Index Cond: ((id >= 6767635) AND (id <= 6767735))

table 6 : explain SELECT id FROM sbtest6 WHERE id BETWEEN 6767635 AND 6767735
	Index Only Scan using sbtest6_pkey on sbtest6  (cost=0.43..6.33 rows=95 width=4)
	  Index Cond: ((id >= 6767635) AND (id <= 6767735))

table 7 : explain SELECT id FROM sbtest7 WHERE id BETWEEN 6767635 AND 6767735
	Index Only Scan using sbtest7_pkey on sbtest7  (cost=0.43..6.56 rows=106 width=4)
	  Index Cond: ((id >= 6767635) AND (id <= 6767735))

table 8 : explain SELECT id FROM sbtest8 WHERE id BETWEEN 6767635 AND 6767735
	Index Only Scan using sbtest8_pkey on sbtest8  (cost=0.43..6.50 rows=103 width=4)
	  Index Cond: ((id >= 6767635) AND (id <= 6767735))

for range-covered
table 1 : explain SELECT id FROM sbtest1 WHERE id BETWEEN 838931 AND 839031
	Index Only Scan using sbtest1_pkey on sbtest1  (cost=0.43..10.33 rows=95 width=4)
	  Index Cond: ((id >= 838931) AND (id <= 839031))

table 2 : explain SELECT id FROM sbtest2 WHERE id BETWEEN 838931 AND 839031
	Index Only Scan using sbtest2_pkey on sbtest2  (cost=0.43..6.33 rows=95 width=4)
	  Index Cond: ((id >= 838931) AND (id <= 839031))

table 3 : explain SELECT id FROM sbtest3 WHERE id BETWEEN 838931 AND 839031
	Index Only Scan using sbtest3_pkey on sbtest3  (cost=0.43..6.59 rows=108 width=4)
	  Index Cond: ((id >= 838931) AND (id <= 839031))

table 4 : explain SELECT id FROM sbtest4 WHERE id BETWEEN 838931 AND 839031
	Index Only Scan using sbtest4_pkey on sbtest4  (cost=0.43..10.42 rows=99 width=4)
	  Index Cond: ((id >= 838931) AND (id <= 839031))

table 5 : explain SELECT id FROM sbtest5 WHERE id BETWEEN 838931 AND 839031
	Index Only Scan using sbtest5_pkey on sbtest5  (cost=0.43..10.51 rows=104 width=4)
	  Index Cond: ((id >= 838931) AND (id <= 839031))

table 6 : explain SELECT id FROM sbtest6 WHERE id BETWEEN 838931 AND 839031
	Index Only Scan using sbtest6_pkey on sbtest6  (cost=0.43..6.56 rows=106 width=4)
	  Index Cond: ((id >= 838931) AND (id <= 839031))

table 7 : explain SELECT id FROM sbtest7 WHERE id BETWEEN 838931 AND 839031
	Index Only Scan using sbtest7_pkey on sbtest7  (cost=0.43..6.43 rows=100 width=4)
	  Index Cond: ((id >= 838931) AND (id <= 839031))

table 8 : explain SELECT id FROM sbtest8 WHERE id BETWEEN 838931 AND 839031
	Index Only Scan using sbtest8_pkey on sbtest8  (cost=0.43..6.51 rows=104 width=4)
	  Index Cond: ((id >= 838931) AND (id <= 839031))

explain: for range-covered :: explain SELECT id FROM sbtest%d WHERE id BETWEEN 6767635 AND 6767735
for range-covered
table 1 : explain SELECT id FROM sbtest1 WHERE id BETWEEN 4813413 AND 4813513
	Index Only Scan using sbtest1_pkey on sbtest1  (cost=0.43..10.58 rows=107 width=4)
	  Index Cond: ((id >= 4813413) AND (id <= 4813513))

table 2 : explain SELECT id FROM sbtest2 WHERE id BETWEEN 4813413 AND 4813513
	Index Only Scan using sbtest2_pkey on sbtest2  (cost=0.43..6.53 rows=105 width=4)
	  Index Cond: ((id >= 4813413) AND (id <= 4813513))

table 3 : explain SELECT id FROM sbtest3 WHERE id BETWEEN 4813413 AND 4813513
	Index Only Scan using sbtest3_pkey on sbtest3  (cost=0.43..6.51 rows=104 width=4)
	  Index Cond: ((id >= 4813413) AND (id <= 4813513))

table 4 : explain SELECT id FROM sbtest4 WHERE id BETWEEN 4813413 AND 4813513
	Index Only Scan using sbtest4_pkey on sbtest4  (cost=0.43..10.51 rows=104 width=4)
	  Index Cond: ((id >= 4813413) AND (id <= 4813513))

table 5 : explain SELECT id FROM sbtest5 WHERE id BETWEEN 4813413 AND 4813513
	Index Only Scan using sbtest5_pkey on sbtest5  (cost=0.43..10.28 rows=92 width=4)
	  Index Cond: ((id >= 4813413) AND (id <= 4813513))

table 6 : explain SELECT id FROM sbtest6 WHERE id BETWEEN 4813413 AND 4813513
	Index Only Scan using sbtest6_pkey on sbtest6  (cost=0.43..6.61 rows=109 width=4)
	  Index Cond: ((id >= 4813413) AND (id <= 4813513))

table 7 : explain SELECT id FROM sbtest7 WHERE id BETWEEN 4813413 AND 4813513
	Index Only Scan using sbtest7_pkey on sbtest7  (cost=0.43..6.45 rows=101 width=4)
	  Index Cond: ((id >= 4813413) AND (id <= 4813513))

table 8 : explain SELECT id FROM sbtest8 WHERE id BETWEEN 4813413 AND 4813513
	Index Only Scan using sbtest8_pkey on sbtest8  (cost=0.43..6.43 rows=100 width=4)
	  Index Cond: ((id >= 4813413) AND (id <= 4813513))

explain: for range-covered :: explain SELECT id FROM sbtest%d WHERE id BETWEEN 4813413 AND 4813513
for range-covered
table 1 : explain SELECT id FROM sbtest1 WHERE id BETWEEN 2729322 AND 2729422
	Index Only Scan using sbtest1_pkey on sbtest1  (cost=0.43..10.54 rows=105 width=4)
	  Index Cond: ((id >= 2729322) AND (id <= 2729422))

table 2 : explain SELECT id FROM sbtest2 WHERE id BETWEEN 2729322 AND 2729422
	Index Only Scan using sbtest2_pkey on sbtest2  (cost=0.43..6.63 rows=110 width=4)
	  Index Cond: ((id >= 2729322) AND (id <= 2729422))

table 3 : explain SELECT id FROM sbtest3 WHERE id BETWEEN 2729322 AND 2729422
	Index Only Scan using sbtest3_pkey on sbtest3  (cost=0.43..6.45 rows=101 width=4)
	  Index Cond: ((id >= 2729322) AND (id <= 2729422))

table 4 : explain SELECT id FROM sbtest4 WHERE id BETWEEN 2729322 AND 2729422
	Index Only Scan using sbtest4_pkey on sbtest4  (cost=0.43..10.44 rows=100 width=4)
	  Index Cond: ((id >= 2729322) AND (id <= 2729422))

table 5 : explain SELECT id FROM sbtest5 WHERE id BETWEEN 2729322 AND 2729422
	Index Only Scan using sbtest5_pkey on sbtest5  (cost=0.43..10.51 rows=104 width=4)
	  Index Cond: ((id >= 2729322) AND (id <= 2729422))

table 6 : explain SELECT id FROM sbtest6 WHERE id BETWEEN 2729322 AND 2729422
	Index Only Scan using sbtest6_pkey on sbtest6  (cost=0.43..6.19 rows=88 width=4)
	  Index Cond: ((id >= 2729322) AND (id <= 2729422))

table 7 : explain SELECT id FROM sbtest7 WHERE id BETWEEN 2729322 AND 2729422
	Index Only Scan using sbtest7_pkey on sbtest7  (cost=0.43..6.33 rows=95 width=4)
	  Index Cond: ((id >= 2729322) AND (id <= 2729422))

table 8 : explain SELECT id FROM sbtest8 WHERE id BETWEEN 2729322 AND 2729422
	Index Only Scan using sbtest8_pkey on sbtest8  (cost=0.43..6.21 rows=89 width=4)
	  Index Cond: ((id >= 2729322) AND (id <= 2729422))

for range-covered
table 1 : explain SELECT id FROM sbtest1 WHERE id BETWEEN 6767635 AND 6767735
	Index Only Scan using sbtest1_pkey on sbtest1  (cost=0.43..10.76 rows=116 width=4)
	  Index Cond: ((id >= 6767635) AND (id <= 6767735))

table 2 : explain SELECT id FROM sbtest2 WHERE id BETWEEN 6767635 AND 6767735
	Index Only Scan using sbtest2_pkey on sbtest2  (cost=0.43..6.40 rows=98 width=4)
	  Index Cond: ((id >= 6767635) AND (id <= 6767735))

table 3 : explain SELECT id FROM sbtest3 WHERE id BETWEEN 6767635 AND 6767735
	Index Only Scan using sbtest3_pkey on sbtest3  (cost=0.43..6.63 rows=110 width=4)
	  Index Cond: ((id >= 6767635) AND (id <= 6767735))

table 4 : explain SELECT id FROM sbtest4 WHERE id BETWEEN 6767635 AND 6767735
	Index Only Scan using sbtest4_pkey on sbtest4  (cost=0.43..10.36 rows=96 width=4)
	  Index Cond: ((id >= 6767635) AND (id <= 6767735))

table 5 : explain SELECT id FROM sbtest5 WHERE id BETWEEN 6767635 AND 6767735
	Index Only Scan using sbtest5_pkey on sbtest5  (cost=0.43..10.28 rows=92 width=4)
	  Index Cond: ((id >= 6767635) AND (id <= 6767735))

table 6 : explain SELECT id FROM sbtest6 WHERE id BETWEEN 6767635 AND 6767735
	Index Only Scan using sbtest6_pkey on sbtest6  (cost=0.43..6.33 rows=95 width=4)
	  Index Cond: ((id >= 6767635) AND (id <= 6767735))

table 7 : explain SELECT id FROM sbtest7 WHERE id BETWEEN 6767635 AND 6767735
	Index Only Scan using sbtest7_pkey on sbtest7  (cost=0.43..6.56 rows=106 width=4)
	  Index Cond: ((id >= 6767635) AND (id <= 6767735))

table 8 : explain SELECT id FROM sbtest8 WHERE id BETWEEN 6767635 AND 6767735
	Index Only Scan using sbtest8_pkey on sbtest8  (cost=0.43..6.50 rows=103 width=4)
	  Index Cond: ((id >= 6767635) AND (id <= 6767735))

explain: for range-covered :: explain SELECT id FROM sbtest%d WHERE id BETWEEN 6767635 AND 6767735
explain: for range-covered :: explain SELECT id FROM sbtest%d WHERE id BETWEEN 2729322 AND 2729422
for range-covered
table 1 : explain SELECT id FROM sbtest1 WHERE id BETWEEN 4813413 AND 4813513
	Index Only Scan using sbtest1_pkey on sbtest1  (cost=0.43..10.58 rows=107 width=4)
	  Index Cond: ((id >= 4813413) AND (id <= 4813513))

table 2 : explain SELECT id FROM sbtest2 WHERE id BETWEEN 4813413 AND 4813513
	Index Only Scan using sbtest2_pkey on sbtest2  (cost=0.43..6.53 rows=105 width=4)
	  Index Cond: ((id >= 4813413) AND (id <= 4813513))

table 3 : explain SELECT id FROM sbtest3 WHERE id BETWEEN 4813413 AND 4813513
	Index Only Scan using sbtest3_pkey on sbtest3  (cost=0.43..6.51 rows=104 width=4)
	  Index Cond: ((id >= 4813413) AND (id <= 4813513))

table 4 : explain SELECT id FROM sbtest4 WHERE id BETWEEN 4813413 AND 4813513
	Index Only Scan using sbtest4_pkey on sbtest4  (cost=0.43..10.51 rows=104 width=4)
	  Index Cond: ((id >= 4813413) AND (id <= 4813513))

table 5 : explain SELECT id FROM sbtest5 WHERE id BETWEEN 4813413 AND 4813513
	Index Only Scan using sbtest5_pkey on sbtest5  (cost=0.43..10.28 rows=92 width=4)
	  Index Cond: ((id >= 4813413) AND (id <= 4813513))

table 6 : explain SELECT id FROM sbtest6 WHERE id BETWEEN 4813413 AND 4813513
	Index Only Scan using sbtest6_pkey on sbtest6  (cost=0.43..6.61 rows=109 width=4)
	  Index Cond: ((id >= 4813413) AND (id <= 4813513))

table 7 : explain SELECT id FROM sbtest7 WHERE id BETWEEN 4813413 AND 4813513
	Index Only Scan using sbtest7_pkey on sbtest7  (cost=0.43..6.45 rows=101 width=4)
	  Index Cond: ((id >= 4813413) AND (id <= 4813513))

table 8 : explain SELECT id FROM sbtest8 WHERE id BETWEEN 4813413 AND 4813513
	Index Only Scan using sbtest8_pkey on sbtest8  (cost=0.43..6.43 rows=100 width=4)
	  Index Cond: ((id >= 4813413) AND (id <= 4813513))

explain: for range-covered :: explain SELECT id FROM sbtest%d WHERE id BETWEEN 4813413 AND 4813513
for range-covered
table 1 : explain SELECT id FROM sbtest1 WHERE id BETWEEN 3542504 AND 3542604
	Index Only Scan using sbtest1_pkey on sbtest1  (cost=0.43..10.42 rows=99 width=4)
	  Index Cond: ((id >= 3542504) AND (id <= 3542604))

table 2 : explain SELECT id FROM sbtest2 WHERE id BETWEEN 3542504 AND 3542604
	Index Only Scan using sbtest2_pkey on sbtest2  (cost=0.43..6.33 rows=95 width=4)
	  Index Cond: ((id >= 3542504) AND (id <= 3542604))

table 3 : explain SELECT id FROM sbtest3 WHERE id BETWEEN 3542504 AND 3542604
	Index Only Scan using sbtest3_pkey on sbtest3  (cost=0.43..6.32 rows=94 width=4)
	  Index Cond: ((id >= 3542504) AND (id <= 3542604))

table 4 : explain SELECT id FROM sbtest4 WHERE id BETWEEN 3542504 AND 3542604
	Index Only Scan using sbtest4_pkey on sbtest4  (cost=0.43..10.47 rows=102 width=4)
	  Index Cond: ((id >= 3542504) AND (id <= 3542604))

table 5 : explain SELECT id FROM sbtest5 WHERE id BETWEEN 3542504 AND 3542604
	Index Only Scan using sbtest5_pkey on sbtest5  (cost=0.43..10.46 rows=101 width=4)
	  Index Cond: ((id >= 3542504) AND (id <= 3542604))

table 6 : explain SELECT id FROM sbtest6 WHERE id BETWEEN 3542504 AND 3542604
	Index Only Scan using sbtest6_pkey on sbtest6  (cost=0.43..6.56 rows=106 width=4)
	  Index Cond: ((id >= 3542504) AND (id <= 3542604))

table 7 : explain SELECT id FROM sbtest7 WHERE id BETWEEN 3542504 AND 3542604
	Index Only Scan using sbtest7_pkey on sbtest7  (cost=0.43..6.51 rows=104 width=4)
	  Index Cond: ((id >= 3542504) AND (id <= 3542604))

table 8 : explain SELECT id FROM sbtest8 WHERE id BETWEEN 3542504 AND 3542604
	Index Only Scan using sbtest8_pkey on sbtest8  (cost=0.43..6.42 rows=99 width=4)
	  Index Cond: ((id >= 3542504) AND (id <= 3542604))

explain: for range-covered :: explain SELECT id FROM sbtest%d WHERE id BETWEEN 3542504 AND 3542604
for range-covered
table 1 : explain SELECT id FROM sbtest1 WHERE id BETWEEN 6767635 AND 6767735
	Index Only Scan using sbtest1_pkey on sbtest1  (cost=0.43..10.76 rows=116 width=4)
	  Index Cond: ((id >= 6767635) AND (id <= 6767735))

table 2 : explain SELECT id FROM sbtest2 WHERE id BETWEEN 6767635 AND 6767735
	Index Only Scan using sbtest2_pkey on sbtest2  (cost=0.43..6.40 rows=98 width=4)
	  Index Cond: ((id >= 6767635) AND (id <= 6767735))

table 3 : explain SELECT id FROM sbtest3 WHERE id BETWEEN 6767635 AND 6767735
	Index Only Scan using sbtest3_pkey on sbtest3  (cost=0.43..6.63 rows=110 width=4)
	  Index Cond: ((id >= 6767635) AND (id <= 6767735))

table 4 : explain SELECT id FROM sbtest4 WHERE id BETWEEN 6767635 AND 6767735
	Index Only Scan using sbtest4_pkey on sbtest4  (cost=0.43..10.36 rows=96 width=4)
	  Index Cond: ((id >= 6767635) AND (id <= 6767735))

table 5 : explain SELECT id FROM sbtest5 WHERE id BETWEEN 6767635 AND 6767735
	Index Only Scan using sbtest5_pkey on sbtest5  (cost=0.43..10.28 rows=92 width=4)
	  Index Cond: ((id >= 6767635) AND (id <= 6767735))

table 6 : explain SELECT id FROM sbtest6 WHERE id BETWEEN 6767635 AND 6767735
	Index Only Scan using sbtest6_pkey on sbtest6  (cost=0.43..6.33 rows=95 width=4)
	  Index Cond: ((id >= 6767635) AND (id <= 6767735))

table 7 : explain SELECT id FROM sbtest7 WHERE id BETWEEN 6767635 AND 6767735
	Index Only Scan using sbtest7_pkey on sbtest7  (cost=0.43..6.56 rows=106 width=4)
	  Index Cond: ((id >= 6767635) AND (id <= 6767735))

table 8 : explain SELECT id FROM sbtest8 WHERE id BETWEEN 6767635 AND 6767735
	Index Only Scan using sbtest8_pkey on sbtest8  (cost=0.43..6.50 rows=103 width=4)
	  Index Cond: ((id >= 6767635) AND (id <= 6767735))

for range-covered
table 1 : explain SELECT id FROM sbtest1 WHERE id BETWEEN 4813413 AND 4813513
	Index Only Scan using sbtest1_pkey on sbtest1  (cost=0.43..10.58 rows=107 width=4)
	  Index Cond: ((id >= 4813413) AND (id <= 4813513))

table 2 : explain SELECT id FROM sbtest2 WHERE id BETWEEN 4813413 AND 4813513
	Index Only Scan using sbtest2_pkey on sbtest2  (cost=0.43..6.53 rows=105 width=4)
	  Index Cond: ((id >= 4813413) AND (id <= 4813513))

table 3 : explain SELECT id FROM sbtest3 WHERE id BETWEEN 4813413 AND 4813513
	Index Only Scan using sbtest3_pkey on sbtest3  (cost=0.43..6.51 rows=104 width=4)
	  Index Cond: ((id >= 4813413) AND (id <= 4813513))

table 4 : explain SELECT id FROM sbtest4 WHERE id BETWEEN 4813413 AND 4813513
	Index Only Scan using sbtest4_pkey on sbtest4  (cost=0.43..10.51 rows=104 width=4)
	  Index Cond: ((id >= 4813413) AND (id <= 4813513))

table 5 : explain SELECT id FROM sbtest5 WHERE id BETWEEN 4813413 AND 4813513
	Index Only Scan using sbtest5_pkey on sbtest5  (cost=0.43..10.28 rows=92 width=4)
	  Index Cond: ((id >= 4813413) AND (id <= 4813513))

table 6 : explain SELECT id FROM sbtest6 WHERE id BETWEEN 4813413 AND 4813513
	Index Only Scan using sbtest6_pkey on sbtest6  (cost=0.43..6.61 rows=109 width=4)
	  Index Cond: ((id >= 4813413) AND (id <= 4813513))

table 7 : explain SELECT id FROM sbtest7 WHERE id BETWEEN 4813413 AND 4813513
	Index Only Scan using sbtest7_pkey on sbtest7  (cost=0.43..6.45 rows=101 width=4)
	  Index Cond: ((id >= 4813413) AND (id <= 4813513))

table 8 : explain SELECT id FROM sbtest8 WHERE id BETWEEN 4813413 AND 4813513
	Index Only Scan using sbtest8_pkey on sbtest8  (cost=0.43..6.43 rows=100 width=4)
	  Index Cond: ((id >= 4813413) AND (id <= 4813513))

explain: for range-covered :: explain SELECT id FROM sbtest%d WHERE id BETWEEN 4813413 AND 4813513
for range-covered
table 1 : explain SELECT id FROM sbtest1 WHERE id BETWEEN 2729322 AND 2729422
	Index Only Scan using sbtest1_pkey on sbtest1  (cost=0.43..10.54 rows=105 width=4)
	  Index Cond: ((id >= 2729322) AND (id <= 2729422))

table 2 : explain SELECT id FROM sbtest2 WHERE id BETWEEN 2729322 AND 2729422
	Index Only Scan using sbtest2_pkey on sbtest2  (cost=0.43..6.63 rows=110 width=4)
	  Index Cond: ((id >= 2729322) AND (id <= 2729422))

table 3 : explain SELECT id FROM sbtest3 WHERE id BETWEEN 2729322 AND 2729422
	Index Only Scan using sbtest3_pkey on sbtest3  (cost=0.43..6.45 rows=101 width=4)
	  Index Cond: ((id >= 2729322) AND (id <= 2729422))

table 4 : explain SELECT id FROM sbtest4 WHERE id BETWEEN 2729322 AND 2729422
	Index Only Scan using sbtest4_pkey on sbtest4  (cost=0.43..10.44 rows=100 width=4)
	  Index Cond: ((id >= 2729322) AND (id <= 2729422))

table 5 : explain SELECT id FROM sbtest5 WHERE id BETWEEN 2729322 AND 2729422
	Index Only Scan using sbtest5_pkey on sbtest5  (cost=0.43..10.51 rows=104 width=4)
	  Index Cond: ((id >= 2729322) AND (id <= 2729422))

table 6 : explain SELECT id FROM sbtest6 WHERE id BETWEEN 2729322 AND 2729422
	Index Only Scan using sbtest6_pkey on sbtest6  (cost=0.43..6.19 rows=88 width=4)
	  Index Cond: ((id >= 2729322) AND (id <= 2729422))

table 7 : explain SELECT id FROM sbtest7 WHERE id BETWEEN 2729322 AND 2729422
	Index Only Scan using sbtest7_pkey on sbtest7  (cost=0.43..6.33 rows=95 width=4)
	  Index Cond: ((id >= 2729322) AND (id <= 2729422))

table 8 : explain SELECT id FROM sbtest8 WHERE id BETWEEN 2729322 AND 2729422
	Index Only Scan using sbtest8_pkey on sbtest8  (cost=0.43..6.21 rows=89 width=4)
	  Index Cond: ((id >= 2729322) AND (id <= 2729422))

for range-covered
table 1 : explain SELECT id FROM sbtest1 WHERE id BETWEEN 4813413 AND 4813513
	Index Only Scan using sbtest1_pkey on sbtest1  (cost=0.43..10.58 rows=107 width=4)
	  Index Cond: ((id >= 4813413) AND (id <= 4813513))

table 2 : explain SELECT id FROM sbtest2 WHERE id BETWEEN 4813413 AND 4813513
	Index Only Scan using sbtest2_pkey on sbtest2  (cost=0.43..6.53 rows=105 width=4)
	  Index Cond: ((id >= 4813413) AND (id <= 4813513))

table 3 : explain SELECT id FROM sbtest3 WHERE id BETWEEN 4813413 AND 4813513
	Index Only Scan using sbtest3_pkey on sbtest3  (cost=0.43..6.51 rows=104 width=4)
	  Index Cond: ((id >= 4813413) AND (id <= 4813513))

table 4 : explain SELECT id FROM sbtest4 WHERE id BETWEEN 4813413 AND 4813513
	Index Only Scan using sbtest4_pkey on sbtest4  (cost=0.43..10.51 rows=104 width=4)
	  Index Cond: ((id >= 4813413) AND (id <= 4813513))

table 5 : explain SELECT id FROM sbtest5 WHERE id BETWEEN 4813413 AND 4813513
	Index Only Scan using sbtest5_pkey on sbtest5  (cost=0.43..10.28 rows=92 width=4)
	  Index Cond: ((id >= 4813413) AND (id <= 4813513))

table 6 : explain SELECT id FROM sbtest6 WHERE id BETWEEN 4813413 AND 4813513
	Index Only Scan using sbtest6_pkey on sbtest6  (cost=0.43..6.61 rows=109 width=4)
	  Index Cond: ((id >= 4813413) AND (id <= 4813513))

table 7 : explain SELECT id FROM sbtest7 WHERE id BETWEEN 4813413 AND 4813513
	Index Only Scan using sbtest7_pkey on sbtest7  (cost=0.43..6.45 rows=101 width=4)
	  Index Cond: ((id >= 4813413) AND (id <= 4813513))

table 8 : explain SELECT id FROM sbtest8 WHERE id BETWEEN 4813413 AND 4813513
	Index Only Scan using sbtest8_pkey on sbtest8  (cost=0.43..6.43 rows=100 width=4)
	  Index Cond: ((id >= 4813413) AND (id <= 4813513))

explain: for range-covered :: explain SELECT id FROM sbtest%d WHERE id BETWEEN 4813413 AND 4813513
for range-covered
table 1 : explain SELECT id FROM sbtest1 WHERE id BETWEEN 3542504 AND 3542604
	Index Only Scan using sbtest1_pkey on sbtest1  (cost=0.43..10.42 rows=99 width=4)
	  Index Cond: ((id >= 3542504) AND (id <= 3542604))

table 2 : explain SELECT id FROM sbtest2 WHERE id BETWEEN 3542504 AND 3542604
	Index Only Scan using sbtest2_pkey on sbtest2  (cost=0.43..6.33 rows=95 width=4)
	  Index Cond: ((id >= 3542504) AND (id <= 3542604))

table 3 : explain SELECT id FROM sbtest3 WHERE id BETWEEN 3542504 AND 3542604
	Index Only Scan using sbtest3_pkey on sbtest3  (cost=0.43..6.32 rows=94 width=4)
	  Index Cond: ((id >= 3542504) AND (id <= 3542604))

table 4 : explain SELECT id FROM sbtest4 WHERE id BETWEEN 3542504 AND 3542604
	Index Only Scan using sbtest4_pkey on sbtest4  (cost=0.43..10.47 rows=102 width=4)
	  Index Cond: ((id >= 3542504) AND (id <= 3542604))

table 5 : explain SELECT id FROM sbtest5 WHERE id BETWEEN 3542504 AND 3542604
	Index Only Scan using sbtest5_pkey on sbtest5  (cost=0.43..10.46 rows=101 width=4)
	  Index Cond: ((id >= 3542504) AND (id <= 3542604))

table 6 : explain SELECT id FROM sbtest6 WHERE id BETWEEN 3542504 AND 3542604
	Index Only Scan using sbtest6_pkey on sbtest6  (cost=0.43..6.56 rows=106 width=4)
	  Index Cond: ((id >= 3542504) AND (id <= 3542604))

table 7 : explain SELECT id FROM sbtest7 WHERE id BETWEEN 3542504 AND 3542604
	Index Only Scan using sbtest7_pkey on sbtest7  (cost=0.43..6.51 rows=104 width=4)
	  Index Cond: ((id >= 3542504) AND (id <= 3542604))

table 8 : explain SELECT id FROM sbtest8 WHERE id BETWEEN 3542504 AND 3542604
	Index Only Scan using sbtest8_pkey on sbtest8  (cost=0.43..6.42 rows=99 width=4)
	  Index Cond: ((id >= 3542504) AND (id <= 3542604))

explain: for range-covered :: explain SELECT id FROM sbtest%d WHERE id BETWEEN 3542504 AND 3542604
for range-covered
table 1 : explain SELECT id FROM sbtest1 WHERE id BETWEEN 4813413 AND 4813513
	Index Only Scan using sbtest1_pkey on sbtest1  (cost=0.43..10.58 rows=107 width=4)
	  Index Cond: ((id >= 4813413) AND (id <= 4813513))

table 2 : explain SELECT id FROM sbtest2 WHERE id BETWEEN 4813413 AND 4813513
	Index Only Scan using sbtest2_pkey on sbtest2  (cost=0.43..6.53 rows=105 width=4)
	  Index Cond: ((id >= 4813413) AND (id <= 4813513))

table 3 : explain SELECT id FROM sbtest3 WHERE id BETWEEN 4813413 AND 4813513
	Index Only Scan using sbtest3_pkey on sbtest3  (cost=0.43..6.51 rows=104 width=4)
	  Index Cond: ((id >= 4813413) AND (id <= 4813513))

table 4 : explain SELECT id FROM sbtest4 WHERE id BETWEEN 4813413 AND 4813513
	Index Only Scan using sbtest4_pkey on sbtest4  (cost=0.43..10.51 rows=104 width=4)
	  Index Cond: ((id >= 4813413) AND (id <= 4813513))

table 5 : explain SELECT id FROM sbtest5 WHERE id BETWEEN 4813413 AND 4813513
	Index Only Scan using sbtest5_pkey on sbtest5  (cost=0.43..10.28 rows=92 width=4)
	  Index Cond: ((id >= 4813413) AND (id <= 4813513))

table 6 : explain SELECT id FROM sbtest6 WHERE id BETWEEN 4813413 AND 4813513
	Index Only Scan using sbtest6_pkey on sbtest6  (cost=0.43..6.61 rows=109 width=4)
	  Index Cond: ((id >= 4813413) AND (id <= 4813513))

table 7 : explain SELECT id FROM sbtest7 WHERE id BETWEEN 4813413 AND 4813513
	Index Only Scan using sbtest7_pkey on sbtest7  (cost=0.43..6.45 rows=101 width=4)
	  Index Cond: ((id >= 4813413) AND (id <= 4813513))

table 8 : explain SELECT id FROM sbtest8 WHERE id BETWEEN 4813413 AND 4813513
	Index Only Scan using sbtest8_pkey on sbtest8  (cost=0.43..6.43 rows=100 width=4)
	  Index Cond: ((id >= 4813413) AND (id <= 4813513))

explain: for range-covered :: explain SELECT id FROM sbtest%d WHERE id BETWEEN 4813413 AND 4813513
for range-covered
table 1 : explain SELECT id FROM sbtest1 WHERE id BETWEEN 3542504 AND 3542604
	Index Only Scan using sbtest1_pkey on sbtest1  (cost=0.43..10.42 rows=99 width=4)
	  Index Cond: ((id >= 3542504) AND (id <= 3542604))

table 2 : explain SELECT id FROM sbtest2 WHERE id BETWEEN 3542504 AND 3542604
	Index Only Scan using sbtest2_pkey on sbtest2  (cost=0.43..6.33 rows=95 width=4)
	  Index Cond: ((id >= 3542504) AND (id <= 3542604))

table 3 : explain SELECT id FROM sbtest3 WHERE id BETWEEN 3542504 AND 3542604
	Index Only Scan using sbtest3_pkey on sbtest3  (cost=0.43..6.32 rows=94 width=4)
	  Index Cond: ((id >= 3542504) AND (id <= 3542604))

table 4 : explain SELECT id FROM sbtest4 WHERE id BETWEEN 3542504 AND 3542604
	Index Only Scan using sbtest4_pkey on sbtest4  (cost=0.43..10.47 rows=102 width=4)
	  Index Cond: ((id >= 3542504) AND (id <= 3542604))

table 5 : explain SELECT id FROM sbtest5 WHERE id BETWEEN 3542504 AND 3542604
	Index Only Scan using sbtest5_pkey on sbtest5  (cost=0.43..10.46 rows=101 width=4)
	  Index Cond: ((id >= 3542504) AND (id <= 3542604))

table 6 : explain SELECT id FROM sbtest6 WHERE id BETWEEN 3542504 AND 3542604
	Index Only Scan using sbtest6_pkey on sbtest6  (cost=0.43..6.56 rows=106 width=4)
	  Index Cond: ((id >= 3542504) AND (id <= 3542604))

table 7 : explain SELECT id FROM sbtest7 WHERE id BETWEEN 3542504 AND 3542604
	Index Only Scan using sbtest7_pkey on sbtest7  (cost=0.43..6.51 rows=104 width=4)
	  Index Cond: ((id >= 3542504) AND (id <= 3542604))

table 8 : explain SELECT id FROM sbtest8 WHERE id BETWEEN 3542504 AND 3542604
	Index Only Scan using sbtest8_pkey on sbtest8  (cost=0.43..6.42 rows=99 width=4)
	  Index Cond: ((id >= 3542504) AND (id <= 3542604))

for range-covered
table 1 : explain SELECT id FROM sbtest1 WHERE id BETWEEN 4813413 AND 4813513
	Index Only Scan using sbtest1_pkey on sbtest1  (cost=0.43..10.58 rows=107 width=4)
	  Index Cond: ((id >= 4813413) AND (id <= 4813513))

table 2 : explain SELECT id FROM sbtest2 WHERE id BETWEEN 4813413 AND 4813513
	Index Only Scan using sbtest2_pkey on sbtest2  (cost=0.43..6.53 rows=105 width=4)
	  Index Cond: ((id >= 4813413) AND (id <= 4813513))

table 3 : explain SELECT id FROM sbtest3 WHERE id BETWEEN 4813413 AND 4813513
	Index Only Scan using sbtest3_pkey on sbtest3  (cost=0.43..6.51 rows=104 width=4)
	  Index Cond: ((id >= 4813413) AND (id <= 4813513))

table 4 : explain SELECT id FROM sbtest4 WHERE id BETWEEN 4813413 AND 4813513
	Index Only Scan using sbtest4_pkey on sbtest4  (cost=0.43..10.51 rows=104 width=4)
	  Index Cond: ((id >= 4813413) AND (id <= 4813513))

table 5 : explain SELECT id FROM sbtest5 WHERE id BETWEEN 4813413 AND 4813513
	Index Only Scan using sbtest5_pkey on sbtest5  (cost=0.43..10.28 rows=92 width=4)
	  Index Cond: ((id >= 4813413) AND (id <= 4813513))

table 6 : explain SELECT id FROM sbtest6 WHERE id BETWEEN 4813413 AND 4813513
	Index Only Scan using sbtest6_pkey on sbtest6  (cost=0.43..6.61 rows=109 width=4)
	  Index Cond: ((id >= 4813413) AND (id <= 4813513))

table 7 : explain SELECT id FROM sbtest7 WHERE id BETWEEN 4813413 AND 4813513
	Index Only Scan using sbtest7_pkey on sbtest7  (cost=0.43..6.45 rows=101 width=4)
	  Index Cond: ((id >= 4813413) AND (id <= 4813513))

table 8 : explain SELECT id FROM sbtest8 WHERE id BETWEEN 4813413 AND 4813513
	Index Only Scan using sbtest8_pkey on sbtest8  (cost=0.43..6.43 rows=100 width=4)
	  Index Cond: ((id >= 4813413) AND (id <= 4813513))

Threads started!

Warming up for 5 seconds...

SQL statistics:
    queries performed:
        read:                            248633128
        write:                           0
        other:                           0
        total:                           248633128
    transactions:                        248633128 (394649.79 per sec.)
    queries:                             248633128 (394649.79 per sec.)
    ignored errors:                      0      (0.00 per sec.)
    reconnects:                          0      (0.00 per sec.)

Throughput:
    events/s (eps):                      394649.7923
    time elapsed:                        630.0097s
    total number of events:              248633128

Latency (ms):
         min:                                    0.07
         avg:                                    0.10
         max:                                   24.10
         95th percentile:                        0.11
         sum:                             25116130.79

Threads fairness:
    events (avg/stddev):           6215822.2250/33078.50
    execution time (avg/stddev):   627.9033/0.07

