LUA_PATH=/home/mdcallag/git/mytools/bench/sysbench.lua/lua/?.lua /home/mdcallag/git/mytools/bench/sysbench.lua/lua/sysbench --db-driver=pgsql --range-size=1000 --table-size=10000000 --tables=8 --threads=40 --events=0 --warmup-time=5 --time=630 --pgsql_conn_id=true /home/mdcallag/git/mytools/bench/sysbench.lua/lua/oltp_read_only.lua run --pgsql-user=root --pgsql-password=pw --pgsql-host=127.0.0.1 --pgsql-db=ib --rand-type=uniform --simple-ranges=0 --sum-ranges=1 --order-ranges=0 --distinct-ranges=0
48 CPUs
sysbench 1.1.0-9072687 (using bundled LuaJIT 2.1.0-beta3)

Running the test with following options:
Number of threads: 40
Warmup time: 5s
Initializing random number generator from current time


Initializing worker threads...

explain: for point_selects :: explain SELECT c FROM sbtest%u WHERE id=%u
for point_selects
table 1 : explain SELECT c FROM sbtest1 WHERE id=9270480
	Index Scan using sbtest1_pkey on sbtest1  (cost=0.43..8.45 rows=1 width=121)
	  Index Cond: (id = 9270480)

table 2 : explain SELECT c FROM sbtest2 WHERE id=7559522
	Index Scan using sbtest2_pkey on sbtest2  (cost=0.43..8.45 rows=1 width=121)
	  Index Cond: (id = 7559522)

table 3 : explain SELECT c FROM sbtest3 WHERE id=2636732
	Index Scan using sbtest3_pkey on sbtest3  (cost=0.43..8.45 rows=1 width=121)
	  Index Cond: (id = 2636732)

table 4 : explain SELECT c FROM sbtest4 WHERE id=5245143
	Index Scan using sbtest4_pkey on sbtest4  (cost=0.43..8.45 rows=1 width=121)
	  Index Cond: (id = 5245143)

table 5 : explain SELECT c FROM sbtest5 WHERE id=5832786
	Index Scan using sbtest5_pkey on sbtest5  (cost=0.43..8.45 rows=1 width=121)
	  Index Cond: (id = 5832786)

table 6 : explain SELECT c FROM sbtest6 WHERE id=6397050
	Index Scan using sbtest6_pkey on sbtest6  (cost=0.43..8.45 rows=1 width=121)
	  Index Cond: (id = 6397050)

table 7 : explain SELECT c FROM sbtest7 WHERE id=4812567
	Index Scan using sbtest7_pkey on sbtest7  (cost=0.43..8.45 rows=1 width=121)
	  Index Cond: (id = 4812567)

table 8 : explain SELECT c FROM sbtest8 WHERE id=6489763
	Index Scan using sbtest8_pkey on sbtest8  (cost=0.43..8.45 rows=1 width=121)
	  Index Cond: (id = 6489763)

explain: for point_selects :: explain SELECT c FROM sbtest%u WHERE id=%u
explain: for point_selects :: explain SELECT c FROM sbtest%u WHERE id=%u
for: simple_ranges
table 1 : explain SELECT c FROM sbtest1 WHERE id BETWEEN 2281132 AND 2282131
	Bitmap Heap Scan on sbtest1  (cost=22.58..3821.38 rows=990 width=121)
	  Recheck Cond: ((id >= 2281132) AND (id <= 2282131))
	  ->  Bitmap Index Scan on sbtest1_pkey  (cost=0.00..22.33 rows=990 width=0)
	        Index Cond: ((id >= 2281132) AND (id <= 2282131))

table 2 : explain SELECT c FROM sbtest2 WHERE id BETWEEN 320883 AND 321882
	Bitmap Heap Scan on sbtest2  (cost=27.72..4238.83 rows=1101 width=121)
	  Recheck Cond: ((id >= 320883) AND (id <= 321882))
	  ->  Bitmap Index Scan on sbtest2_pkey  (cost=0.00..27.44 rows=1101 width=0)
	        Index Cond: ((id >= 320883) AND (id <= 321882))

table 3 : explain SELECT c FROM sbtest3 WHERE id BETWEEN 6837104 AND 6838103
	Bitmap Heap Scan on sbtest3  (cost=22.89..3934.75 rows=1020 width=121)
	  Recheck Cond: ((id >= 6837104) AND (id <= 6838103))
	  ->  Bitmap Index Scan on sbtest3_pkey  (cost=0.00..22.64 rows=1020 width=0)
	        Index Cond: ((id >= 6837104) AND (id <= 6838103))

table 4 : explain SELECT c FROM sbtest4 WHERE id BETWEEN 4316233 AND 4317232
	Bitmap Heap Scan on sbtest4  (cost=22.79..3897.40 rows=1010 width=121)
	  Recheck Cond: ((id >= 4316233) AND (id <= 4317232))
	  ->  Bitmap Index Scan on sbtest4_pkey  (cost=0.00..22.54 rows=1010 width=0)
	        Index Cond: ((id >= 4316233) AND (id <= 4317232))

table 5 : explain SELECT c FROM sbtest5 WHERE id BETWEEN 6076369 AND 6077368
	Bitmap Heap Scan on sbtest5  (cost=22.73..3874.96 rows=1004 width=121)
	  Recheck Cond: ((id >= 6076369) AND (id <= 6077368))
	  ->  Bitmap Index Scan on sbtest5_pkey  (cost=0.00..22.47 rows=1004 width=0)
	        Index Cond: ((id >= 6076369) AND (id <= 6077368))

table 6 : explain SELECT c FROM sbtest6 WHERE id BETWEEN 5397406 AND 5398405
	Bitmap Heap Scan on sbtest6  (cost=23.07..4003.92 rows=1038 width=121)
	  Recheck Cond: ((id >= 5397406) AND (id <= 5398405))
	  ->  Bitmap Index Scan on sbtest6_pkey  (cost=0.00..22.82 rows=1038 width=0)
	        Index Cond: ((id >= 5397406) AND (id <= 5398405))

table 7 : explain SELECT c FROM sbtest7 WHERE id BETWEEN 3146070 AND 3147069
	Bitmap Heap Scan on sbtest7  (cost=23.04..3992.21 rows=1035 width=121)
	  Recheck Cond: ((id >= 3146070) AND (id <= 3147069))
	  ->  Bitmap Index Scan on sbtest7_pkey  (cost=0.00..22.79 rows=1035 width=0)
	        Index Cond: ((id >= 3146070) AND (id <= 3147069))

table 8 : explain SELECT c FROM sbtest8 WHERE id BETWEEN 9955003 AND 9956002
	Bitmap Heap Scan on sbtest8  (cost=22.40..3756.12 rows=972 width=121)
	  Recheck Cond: ((id >= 9955003) AND (id <= 9956002))
	  ->  Bitmap Index Scan on sbtest8_pkey  (cost=0.00..22.15 rows=972 width=0)
	        Index Cond: ((id >= 9955003) AND (id <= 9956002))

explain: for point_selects :: explain SELECT c FROM sbtest%u WHERE id=%u
explain: for point_selects :: explain SELECT c FROM sbtest%u WHERE id=%u
explain: for point_selects :: explain SELECT c FROM sbtest%u WHERE id=%u
explain: for point_selects :: explain SELECT c FROM sbtest%u WHERE id=%u
for point_selects
table 1 : explain SELECT c FROM sbtest1 WHERE id=6581534
	Index Scan using sbtest1_pkey on sbtest1  (cost=0.43..8.45 rows=1 width=121)
	  Index Cond: (id = 6581534)

table 2 : explain SELECT c FROM sbtest2 WHERE id=5581455
	Index Scan using sbtest2_pkey on sbtest2  (cost=0.43..8.45 rows=1 width=121)
	  Index Cond: (id = 5581455)

table 3 : explain SELECT c FROM sbtest3 WHERE id=7385393
	Index Scan using sbtest3_pkey on sbtest3  (cost=0.43..8.45 rows=1 width=121)
	  Index Cond: (id = 7385393)

table 4 : explain SELECT c FROM sbtest4 WHERE id=6817320
	Index Scan using sbtest4_pkey on sbtest4  (cost=0.43..8.45 rows=1 width=121)
	  Index Cond: (id = 6817320)

table 5 : explain SELECT c FROM sbtest5 WHERE id=9744474
	Index Scan using sbtest5_pkey on sbtest5  (cost=0.43..8.45 rows=1 width=121)
	  Index Cond: (id = 9744474)

table 6 : explain SELECT c FROM sbtest6 WHERE id=4361330
	Index Scan using sbtest6_pkey on sbtest6  (cost=0.43..8.45 rows=1 width=121)
	  Index Cond: (id = 4361330)

table 7 : explain SELECT c FROM sbtest7 WHERE id=5464600
	Index Scan using sbtest7_pkey on sbtest7  (cost=0.43..8.45 rows=1 width=121)
	  Index Cond: (id = 5464600)

table 8 : explain SELECT c FROM sbtest8 WHERE id=6545093
	Index Scan using sbtest8_pkey on sbtest8  (cost=0.43..8.45 rows=1 width=121)
	  Index Cond: (id = 6545093)

for point_selects
table 1 : explain SELECT c FROM sbtest1 WHERE id=9635547
	Index Scan using sbtest1_pkey on sbtest1  (cost=0.43..8.45 rows=1 width=121)
	  Index Cond: (id = 9635547)

table 2 : explain SELECT c FROM sbtest2 WHERE id=6565374
	Index Scan using sbtest2_pkey on sbtest2  (cost=0.43..8.45 rows=1 width=121)
	  Index Cond: (id = 6565374)

table 3 : explain SELECT c FROM sbtest3 WHERE id=2255889
	Index Scan using sbtest3_pkey on sbtest3  (cost=0.43..8.45 rows=1 width=121)
	  Index Cond: (id = 2255889)

table 4 : explain SELECT c FROM sbtest4 WHERE id=4935437
	Index Scan using sbtest4_pkey on sbtest4  (cost=0.43..8.45 rows=1 width=121)
	  Index Cond: (id = 4935437)

table 5 : explain SELECT c FROM sbtest5 WHERE id=6507504
	Index Scan using sbtest5_pkey on sbtest5  (cost=0.43..8.45 rows=1 width=121)
	  Index Cond: (id = 6507504)

table 6 : explain SELECT c FROM sbtest6 WHERE id=2619960
	Index Scan using sbtest6_pkey on sbtest6  (cost=0.43..8.45 rows=1 width=121)
	  Index Cond: (id = 2619960)

table 7 : explain SELECT c FROM sbtest7 WHERE id=277636
	Index Scan using sbtest7_pkey on sbtest7  (cost=0.43..8.45 rows=1 width=121)
	  Index Cond: (id = 277636)

table 8 : explain SELECT c FROM sbtest8 WHERE id=3207403
	Index Scan using sbtest8_pkey on sbtest8  (cost=0.43..8.45 rows=1 width=121)
	  Index Cond: (id = 3207403)

for: simple_ranges
table 1 : explain SELECT c FROM sbtest1 WHERE id BETWEEN 1574841 AND 1575840
	Bitmap Heap Scan on sbtest1  (cost=22.90..3938.01 rows=1021 width=121)
	  Recheck Cond: ((id >= 1574841) AND (id <= 1575840))
	  ->  Bitmap Index Scan on sbtest1_pkey  (cost=0.00..22.64 rows=1021 width=0)
	        Index Cond: ((id >= 1574841) AND (id <= 1575840))

table 2 : explain SELECT c FROM sbtest2 WHERE id BETWEEN 2569832 AND 2570831
	Bitmap Heap Scan on sbtest2  (cost=23.17..4035.86 rows=1047 width=121)
	  Recheck Cond: ((id >= 2569832) AND (id <= 2570831))
	  ->  Bitmap Index Scan on sbtest2_pkey  (cost=0.00..22.90 rows=1047 width=0)
	        Index Cond: ((id >= 2569832) AND (id <= 2570831))

table 3 : explain SELECT c FROM sbtest3 WHERE id BETWEEN 9868791 AND 9869790
	Bitmap Heap Scan on sbtest3  (cost=22.93..3949.79 rows=1024 width=121)
	  Recheck Cond: ((id >= 9868791) AND (id <= 9869790))
	  ->  Bitmap Index Scan on sbtest3_pkey  (cost=0.00..22.68 rows=1024 width=0)
	        Index Cond: ((id >= 9868791) AND (id <= 9869790))

table 4 : explain SELECT c FROM sbtest4 WHERE id BETWEEN 1173733 AND 1174732
	Bitmap Heap Scan on sbtest4  (cost=22.98..3968.87 rows=1029 width=121)
	  Recheck Cond: ((id >= 1173733) AND (id <= 1174732))
	  ->  Bitmap Index Scan on sbtest4_pkey  (cost=0.00..22.72 rows=1029 width=0)
	        Index Cond: ((id >= 1173733) AND (id <= 1174732))

table 5 : explain SELECT c FROM sbtest5 WHERE id BETWEEN 5292014 AND 5293013
	Bitmap Heap Scan on sbtest5  (cost=22.92..3946.44 rows=1023 width=121)
	  Recheck Cond: ((id >= 5292014) AND (id <= 5293013))
	  ->  Bitmap Index Scan on sbtest5_pkey  (cost=0.00..22.66 rows=1023 width=0)
	        Index Cond: ((id >= 5292014) AND (id <= 5293013))

table 6 : explain SELECT c FROM sbtest6 WHERE id BETWEEN 7209545 AND 7210544
	Bitmap Heap Scan on sbtest6  (cost=22.92..3947.49 rows=1023 width=121)
	  Recheck Cond: ((id >= 7209545) AND (id <= 7210544))
	  ->  Bitmap Index Scan on sbtest6_pkey  (cost=0.00..22.66 rows=1023 width=0)
	        Index Cond: ((id >= 7209545) AND (id <= 7210544))

table 7 : explain SELECT c FROM sbtest7 WHERE id BETWEEN 1034733 AND 1035732
	Bitmap Heap Scan on sbtest7  (cost=23.28..4078.67 rows=1058 width=121)
	  Recheck Cond: ((id >= 1034733) AND (id <= 1035732))
	  ->  Bitmap Index Scan on sbtest7_pkey  (cost=0.00..23.01 rows=1058 width=0)
	        Index Cond: ((id >= 1034733) AND (id <= 1035732))

table 8 : explain SELECT c FROM sbtest8 WHERE id BETWEEN 5752389 AND 5753388
	Bitmap Heap Scan on sbtest8  (cost=21.96..3593.87 rows=929 width=121)
	  Recheck Cond: ((id >= 5752389) AND (id <= 5753388))
	  ->  Bitmap Index Scan on sbtest8_pkey  (cost=0.00..21.72 rows=929 width=0)
	        Index Cond: ((id >= 5752389) AND (id <= 5753388))

for point_selects
table 1 : explain SELECT c FROM sbtest1 WHERE id=6818814
	Index Scan using sbtest1_pkey on sbtest1  (cost=0.43..8.45 rows=1 width=121)
	  Index Cond: (id = 6818814)

table 2 : explain SELECT c FROM sbtest2 WHERE id=7280892
	Index Scan using sbtest2_pkey on sbtest2  (cost=0.43..8.45 rows=1 width=121)
	  Index Cond: (id = 7280892)

table 3 : explain SELECT c FROM sbtest3 WHERE id=5832729
	Index Scan using sbtest3_pkey on sbtest3  (cost=0.43..8.45 rows=1 width=121)
	  Index Cond: (id = 5832729)

table 4 : explain SELECT c FROM sbtest4 WHERE id=4847664
	Index Scan using sbtest4_pkey on sbtest4  (cost=0.43..8.45 rows=1 width=121)
	  Index Cond: (id = 4847664)

table 5 : explain SELECT c FROM sbtest5 WHERE id=4653445
	Index Scan using sbtest5_pkey on sbtest5  (cost=0.43..8.45 rows=1 width=121)
	  Index Cond: (id = 4653445)

table 6 : explain SELECT c FROM sbtest6 WHERE id=947337
	Index Scan using sbtest6_pkey on sbtest6  (cost=0.43..8.45 rows=1 width=121)
	  Index Cond: (id = 947337)

table 7 : explain SELECT c FROM sbtest7 WHERE id=4565907
	Index Scan using sbtest7_pkey on sbtest7  (cost=0.43..8.45 rows=1 width=121)
	  Index Cond: (id = 4565907)

table 8 : explain SELECT c FROM sbtest8 WHERE id=7922347
	Index Scan using sbtest8_pkey on sbtest8  (cost=0.43..8.45 rows=1 width=121)
	  Index Cond: (id = 7922347)

explain: for point_selects :: explain SELECT c FROM sbtest%u WHERE id=%u
for point_selects
table 1 : explain SELECT c FROM sbtest1 WHERE id=5118622
	Index Scan using sbtest1_pkey on sbtest1  (cost=0.43..8.45 rows=1 width=121)
	  Index Cond: (id = 5118622)

table 2 : explain SELECT c FROM sbtest2 WHERE id=722992
	Index Scan using sbtest2_pkey on sbtest2  (cost=0.43..8.45 rows=1 width=121)
	  Index Cond: (id = 722992)

table 3 : explain SELECT c FROM sbtest3 WHERE id=7383403
	Index Scan using sbtest3_pkey on sbtest3  (cost=0.43..8.45 rows=1 width=121)
	  Index Cond: (id = 7383403)

table 4 : explain SELECT c FROM sbtest4 WHERE id=3100
	Index Scan using sbtest4_pkey on sbtest4  (cost=0.43..8.45 rows=1 width=121)
	  Index Cond: (id = 3100)

table 5 : explain SELECT c FROM sbtest5 WHERE id=436813
	Index Scan using sbtest5_pkey on sbtest5  (cost=0.43..8.45 rows=1 width=121)
	  Index Cond: (id = 436813)

table 6 : explain SELECT c FROM sbtest6 WHERE id=6950625
	Index Scan using sbtest6_pkey on sbtest6  (cost=0.43..8.45 rows=1 width=121)
	  Index Cond: (id = 6950625)

table 7 : explain SELECT c FROM sbtest7 WHERE id=3793985
	Index Scan using sbtest7_pkey on sbtest7  (cost=0.43..8.45 rows=1 width=121)
	  Index Cond: (id = 3793985)

table 8 : explain SELECT c FROM sbtest8 WHERE id=5155344
	Index Scan using sbtest8_pkey on sbtest8  (cost=0.43..8.45 rows=1 width=121)
	  Index Cond: (id = 5155344)

for point_selects
table 1 : explain SELECT c FROM sbtest1 WHERE id=3702466
	Index Scan using sbtest1_pkey on sbtest1  (cost=0.43..8.45 rows=1 width=121)
	  Index Cond: (id = 3702466)

table 2 : explain SELECT c FROM sbtest2 WHERE id=1269764
	Index Scan using sbtest2_pkey on sbtest2  (cost=0.43..8.45 rows=1 width=121)
	  Index Cond: (id = 1269764)

table 3 : explain SELECT c FROM sbtest3 WHERE id=7309873
	Index Scan using sbtest3_pkey on sbtest3  (cost=0.43..8.45 rows=1 width=121)
	  Index Cond: (id = 7309873)

table 4 : explain SELECT c FROM sbtest4 WHERE id=4069921
	Index Scan using sbtest4_pkey on sbtest4  (cost=0.43..8.45 rows=1 width=121)
	  Index Cond: (id = 4069921)

table 5 : explain SELECT c FROM sbtest5 WHERE id=4005817
	Index Scan using sbtest5_pkey on sbtest5  (cost=0.43..8.45 rows=1 width=121)
	  Index Cond: (id = 4005817)

table 6 : explain SELECT c FROM sbtest6 WHERE id=3584655
	Index Scan using sbtest6_pkey on sbtest6  (cost=0.43..8.45 rows=1 width=121)
	  Index Cond: (id = 3584655)

table 7 : explain SELECT c FROM sbtest7 WHERE id=8945893
	Index Scan using sbtest7_pkey on sbtest7  (cost=0.43..8.45 rows=1 width=121)
	  Index Cond: (id = 8945893)

table 8 : explain SELECT c FROM sbtest8 WHERE id=3322137
	Index Scan using sbtest8_pkey on sbtest8  (cost=0.43..8.45 rows=1 width=121)
	  Index Cond: (id = 3322137)

for point_selects
table 1 : explain SELECT c FROM sbtest1 WHERE id=5712769
	Index Scan using sbtest1_pkey on sbtest1  (cost=0.43..8.45 rows=1 width=121)
	  Index Cond: (id = 5712769)

table 2 : explain SELECT c FROM sbtest2 WHERE id=3388031
	Index Scan using sbtest2_pkey on sbtest2  (cost=0.43..8.45 rows=1 width=121)
	  Index Cond: (id = 3388031)

table 3 : explain SELECT c FROM sbtest3 WHERE id=6538623
	Index Scan using sbtest3_pkey on sbtest3  (cost=0.43..8.45 rows=1 width=121)
	  Index Cond: (id = 6538623)

table 4 : explain SELECT c FROM sbtest4 WHERE id=5519257
	Index Scan using sbtest4_pkey on sbtest4  (cost=0.43..8.45 rows=1 width=121)
	  Index Cond: (id = 5519257)

table 5 : explain SELECT c FROM sbtest5 WHERE id=365999
	Index Scan using sbtest5_pkey on sbtest5  (cost=0.43..8.45 rows=1 width=121)
	  Index Cond: (id = 365999)

table 6 : explain SELECT c FROM sbtest6 WHERE id=229400
	Index Scan using sbtest6_pkey on sbtest6  (cost=0.43..8.45 rows=1 width=121)
	  Index Cond: (id = 229400)

table 7 : explain SELECT c FROM sbtest7 WHERE id=255224
	Index Scan using sbtest7_pkey on sbtest7  (cost=0.43..8.45 rows=1 width=121)
	  Index Cond: (id = 255224)

table 8 : explain SELECT c FROM sbtest8 WHERE id=2141863
	Index Scan using sbtest8_pkey on sbtest8  (cost=0.43..8.45 rows=1 width=121)
	  Index Cond: (id = 2141863)

for: simple_ranges
table 1 : explain SELECT c FROM sbtest1 WHERE id BETWEEN 5965508 AND 5966507
	Bitmap Heap Scan on sbtest1  (cost=22.03..3617.92 rows=936 width=121)
	  Recheck Cond: ((id >= 5965508) AND (id <= 5966507))
	  ->  Bitmap Index Scan on sbtest1_pkey  (cost=0.00..21.79 rows=936 width=0)
	        Index Cond: ((id >= 5965508) AND (id <= 5966507))

table 2 : explain SELECT c FROM sbtest2 WHERE id BETWEEN 760004 AND 761003
	Bitmap Heap Scan on sbtest2  (cost=22.41..3757.48 rows=973 width=121)
	  Recheck Cond: ((id >= 760004) AND (id <= 761003))
	  ->  Bitmap Index Scan on sbtest2_pkey  (cost=0.00..22.16 rows=973 width=0)
	        Index Cond: ((id >= 760004) AND (id <= 761003))

table 3 : explain SELECT c FROM sbtest3 WHERE id BETWEEN 1115148 AND 1116147
	Bitmap Heap Scan on sbtest3  (cost=21.25..3331.26 rows=860 width=121)
	  Recheck Cond: ((id >= 1115148) AND (id <= 1116147))
	  ->  Bitmap Index Scan on sbtest3_pkey  (cost=0.00..21.04 rows=860 width=0)
	        Index Cond: ((id >= 1115148) AND (id <= 1116147))

table 4 : explain SELECT c FROM sbtest4 WHERE id BETWEEN 1993954 AND 1994953
	Bitmap Heap Scan on sbtest4  (cost=23.46..4145.47 rows=1076 width=121)
	  Recheck Cond: ((id >= 1993954) AND (id <= 1994953))
	  ->  Bitmap Index Scan on sbtest4_pkey  (cost=0.00..23.19 rows=1076 width=0)
	        Index Cond: ((id >= 1993954) AND (id <= 1994953))

table 5 : explain SELECT c FROM sbtest5 WHERE id BETWEEN 9991414 AND 9992413
	Bitmap Heap Scan on sbtest5  (cost=22.51..3795.89 rows=983 width=121)
	  Recheck Cond: ((id >= 9991414) AND (id <= 9992413))
	  ->  Bitmap Index Scan on sbtest5_pkey  (cost=0.00..22.26 rows=983 width=0)
	        Index Cond: ((id >= 9991414) AND (id <= 9992413))

table 6 : explain SELECT c FROM sbtest6 WHERE id BETWEEN 5915569 AND 5916568
	Bitmap Heap Scan on sbtest6  (cost=22.03..3619.63 rows=936 width=121)
	  Recheck Cond: ((id >= 5915569) AND (id <= 5916568))
	  ->  Bitmap Index Scan on sbtest6_pkey  (cost=0.00..21.79 rows=936 width=0)
	        Index Cond: ((id >= 5915569) AND (id <= 5916568))

table 7 : explain SELECT c FROM sbtest7 WHERE id BETWEEN 5469784 AND 5470783
	Bitmap Heap Scan on sbtest7  (cost=21.98..3600.39 rows=931 width=121)
	  Recheck Cond: ((id >= 5469784) AND (id <= 5470783))
	  ->  Bitmap Index Scan on sbtest7_pkey  (cost=0.00..21.75 rows=931 width=0)
	        Index Cond: ((id >= 5469784) AND (id <= 5470783))

table 8 : explain SELECT c FROM sbtest8 WHERE id BETWEEN 5908496 AND 5909495
	Bitmap Heap Scan on sbtest8  (cost=22.99..3974.60 rows=1030 width=121)
	  Recheck Cond: ((id >= 5908496) AND (id <= 5909495))
	  ->  Bitmap Index Scan on sbtest8_pkey  (cost=0.00..22.73 rows=1030 width=0)
	        Index Cond: ((id >= 5908496) AND (id <= 5909495))
for: simple_ranges
table 1 : explain SELECT c FROM sbtest1 WHERE id BETWEEN 9430397 AND 9431396
	Bitmap Heap Scan on sbtest1  (cost=22.46..3776.20 rows=978 width=121)
	  Recheck Cond: ((id >= 9430397) AND (id <= 9431396))
	  ->  Bitmap Index Scan on sbtest1_pkey  (cost=0.00..22.21 rows=978 width=0)
	        Index Cond: ((id >= 9430397) AND (id <= 9431396))

table 2 : explain SELECT c FROM sbtest2 WHERE id BETWEEN 1897713 AND 1898712
	Bitmap Heap Scan on sbtest2  (cost=22.41..3757.48 rows=973 width=121)
	  Recheck Cond: ((id >= 1897713) AND (id <= 1898712))
	  ->  Bitmap Index Scan on sbtest2_pkey  (cost=0.00..22.16 rows=973 width=0)
	        Index Cond: ((id >= 1897713) AND (id <= 1898712))

table 3 : explain SELECT c FROM sbtest3 WHERE id BETWEEN 3713898 AND 3714897
	Bitmap Heap Scan on sbtest3  (cost=22.33..3727.69 rows=965 width=121)
	  Recheck Cond: ((id >= 3713898) AND (id <= 3714897))
	  ->  Bitmap Index Scan on sbtest3_pkey  (cost=0.00..22.08 rows=965 width=0)
	        Index Cond: ((id >= 3713898) AND (id <= 3714897))

table 4 : explain SELECT c FROM sbtest4 WHERE id BETWEEN 9754863 AND 9755862
	Bitmap Heap Scan on sbtest4  (cost=27.78..4262.07 rows=1107 width=121)
	  Recheck Cond: ((id >= 9754863) AND (id <= 9755862))
	  ->  Bitmap Index Scan on sbtest4_pkey  (cost=0.00..27.50 rows=1107 width=0)
	        Index Cond: ((id >= 9754863) AND (id <= 9755862))

table 5 : explain SELECT c FROM sbtest5 WHERE id BETWEEN 4906860 AND 4907859
	Bitmap Heap Scan on sbtest5  (cost=22.34..3731.84 rows=966 width=121)
	  Recheck Cond: ((id >= 4906860) AND (id <= 4907859))
	  ->  Bitmap Index Scan on sbtest5_pkey  (cost=0.00..22.09 rows=966 width=0)
	        Index Cond: ((id >= 4906860) AND (id <= 4907859))

table 6 : explain SELECT c FROM sbtest6 WHERE id BETWEEN 3117105 AND 3118104
	Bitmap Heap Scan on sbtest6  (cost=23.44..4139.23 rows=1074 width=121)
	  Recheck Cond: ((id >= 3117105) AND (id <= 3118104))
	  ->  Bitmap Index Scan on sbtest6_pkey  (cost=0.00..23.18 rows=1074 width=0)
	        Index Cond: ((id >= 3117105) AND (id <= 3118104))

table 7 : explain SELECT c FROM sbtest7 WHERE id BETWEEN 5550082 AND 5551081
	Bitmap Heap Scan on sbtest7  (cost=22.55..3811.55 rows=987 width=121)
	  Recheck Cond: ((id >= 5550082) AND (id <= 5551081))
	  ->  Bitmap Index Scan on sbtest7_pkey  (cost=0.00..22.30 rows=987 width=0)
	        Index Cond: ((id >= 5550082) AND (id <= 5551081))

table 8 : explain SELECT c FROM sbtest8 WHERE id BETWEEN 2044053 AND 2045052
	Bitmap Heap Scan on sbtest8  (cost=22.07..3635.40 rows=940 width=121)
	  Recheck Cond: ((id >= 2044053) AND (id <= 2045052))
	  ->  Bitmap Index Scan on sbtest8_pkey  (cost=0.00..21.83 rows=940 width=0)
	        Index Cond: ((id >= 2044053) AND (id <= 2045052))


for: simple_ranges
table 1 : explain SELECT c FROM sbtest1 WHERE id BETWEEN 8978127 AND 8979126
	Bitmap Heap Scan on sbtest1  (cost=28.04..4354.90 rows=1132 width=121)
	  Recheck Cond: ((id >= 8978127) AND (id <= 8979126))
	  ->  Bitmap Index Scan on sbtest1_pkey  (cost=0.00..27.75 rows=1132 width=0)
	        Index Cond: ((id >= 8978127) AND (id <= 8979126))

table 2 : explain SELECT c FROM sbtest2 WHERE id BETWEEN 7100408 AND 7101407
	Bitmap Heap Scan on sbtest2  (cost=23.00..3975.73 rows=1031 width=121)
	  Recheck Cond: ((id >= 7100408) AND (id <= 7101407))
	  ->  Bitmap Index Scan on sbtest2_pkey  (cost=0.00..22.75 rows=1031 width=0)
	        Index Cond: ((id >= 7100408) AND (id <= 7101407))

table 3 : explain SELECT c FROM sbtest3 WHERE id BETWEEN 5204964 AND 5205963
	Bitmap Heap Scan on sbtest3  (cost=22.13..3656.06 rows=946 width=121)
	  Recheck Cond: ((id >= 5204964) AND (id <= 5205963))
	  ->  Bitmap Index Scan on sbtest3_pkey  (cost=0.00..21.89 rows=946 width=0)
	        Index Cond: ((id >= 5204964) AND (id <= 5205963))

table 4 : explain SELECT c FROM sbtest4 WHERE id BETWEEN 4723595 AND 4724594
	Bitmap Heap Scan on sbtest4  (cost=22.81..3904.93 rows=1012 width=121)
	  Recheck Cond: ((id >= 4723595) AND (id <= 4724594))
	  ->  Bitmap Index Scan on sbtest4_pkey  (cost=0.00..22.55 rows=1012 width=0)
	        Index Cond: ((id >= 4723595) AND (id <= 4724594))

table 5 : explain SELECT c FROM sbtest5 WHERE id BETWEEN 7606311 AND 7607310
	Bitmap Heap Scan on sbtest5  (cost=22.92..3946.44 rows=1023 width=121)
	  Recheck Cond: ((id >= 7606311) AND (id <= 7607310))
	  ->  Bitmap Index Scan on sbtest5_pkey  (cost=0.00..22.66 rows=1023 width=0)
	        Index Cond: ((id >= 7606311) AND (id <= 7607310))

table 6 : explain SELECT c FROM sbtest6 WHERE id BETWEEN 7916831 AND 7917830
	Bitmap Heap Scan on sbtest6  (cost=22.10..3646.05 rows=943 width=121)
	  Recheck Cond: ((id >= 7916831) AND (id <= 7917830))
	  ->  Bitmap Index Scan on sbtest6_pkey  (cost=0.00..21.86 rows=943 width=0)
	        Index Cond: ((id >= 7916831) AND (id <= 7917830))

table 7 : explain SELECT c FROM sbtest7 WHERE id BETWEEN 2964711 AND 2965710
	Bitmap Heap Scan on sbtest7  (cost=23.15..4029.81 rows=1045 width=121)
	  Recheck Cond: ((id >= 2964711) AND (id <= 2965710))
	  ->  Bitmap Index Scan on sbtest7_pkey  (cost=0.00..22.89 rows=1045 width=0)
	        Index Cond: ((id >= 2964711) AND (id <= 2965710))

table 8 : explain SELECT c FROM sbtest8 WHERE id BETWEEN 5283541 AND 5284540
	Bitmap Heap Scan on sbtest8  (cost=22.97..3967.07 rows=1028 width=121)
	  Recheck Cond: ((id >= 5283541) AND (id <= 5284540))
	  ->  Bitmap Index Scan on sbtest8_pkey  (cost=0.00..22.71 rows=1028 width=0)
	        Index Cond: ((id >= 5283541) AND (id <= 5284540))

for: simple_ranges
table 1 : explain SELECT c FROM sbtest1 WHERE id BETWEEN 166328 AND 167327
	Bitmap Heap Scan on sbtest1  (cost=22.47..3779.97 rows=979 width=121)
	  Recheck Cond: ((id >= 166328) AND (id <= 167327))
	  ->  Bitmap Index Scan on sbtest1_pkey  (cost=0.00..22.22 rows=979 width=0)
	        Index Cond: ((id >= 166328) AND (id <= 167327))

table 2 : explain SELECT c FROM sbtest2 WHERE id BETWEEN 7630142 AND 7631141
	Bitmap Heap Scan on sbtest2  (cost=22.54..3806.44 rows=986 width=121)
	  Recheck Cond: ((id >= 7630142) AND (id <= 7631141))
	  ->  Bitmap Index Scan on sbtest2_pkey  (cost=0.00..22.29 rows=986 width=0)
	        Index Cond: ((id >= 7630142) AND (id <= 7631141))

table 3 : explain SELECT c FROM sbtest3 WHERE id BETWEEN 4504253 AND 4505252
	Bitmap Heap Scan on sbtest3  (cost=23.28..4077.57 rows=1058 width=121)
	  Recheck Cond: ((id >= 4504253) AND (id <= 4505252))
	  ->  Bitmap Index Scan on sbtest3_pkey  (cost=0.00..23.01 rows=1058 width=0)
	        Index Cond: ((id >= 4504253) AND (id <= 4505252))

table 4 : explain SELECT c FROM sbtest4 WHERE id BETWEEN 8175931 AND 8176930
	Bitmap Heap Scan on sbtest4  (cost=21.48..3414.67 rows=882 width=121)
	  Recheck Cond: ((id >= 8175931) AND (id <= 8176930))
	  ->  Bitmap Index Scan on sbtest4_pkey  (cost=0.00..21.25 rows=882 width=0)
	        Index Cond: ((id >= 8175931) AND (id <= 8176930))

table 5 : explain SELECT c FROM sbtest5 WHERE id BETWEEN 4295283 AND 4296282
	Bitmap Heap Scan on sbtest5  (cost=23.38..4115.57 rows=1068 width=121)
	  Recheck Cond: ((id >= 4295283) AND (id <= 4296282))
	  ->  Bitmap Index Scan on sbtest5_pkey  (cost=0.00..23.11 rows=1068 width=0)
	        Index Cond: ((id >= 4295283) AND (id <= 4296282))

table 6 : explain SELECT c FROM sbtest6 WHERE id BETWEEN 7508347 AND 7509346
	Bitmap Heap Scan on sbtest6  (cost=23.09..4011.44 rows=1040 width=121)
	  Recheck Cond: ((id >= 7508347) AND (id <= 7509346))
	  ->  Bitmap Index Scan on sbtest6_pkey  (cost=0.00..22.83 rows=1040 width=0)
	        Index Cond: ((id >= 7508347) AND (id <= 7509346))

table 7 : explain SELECT c FROM sbtest7 WHERE id BETWEEN 1780578 AND 1781577
	Bitmap Heap Scan on sbtest7  (cost=22.33..3728.64 rows=965 width=121)
	  Recheck Cond: ((id >= 1780578) AND (id <= 1781577))
	  ->  Bitmap Index Scan on sbtest7_pkey  (cost=0.00..22.08 rows=965 width=0)
	        Index Cond: ((id >= 1780578) AND (id <= 1781577))

table 8 : explain SELECT c FROM sbtest8 WHERE id BETWEEN 3068978 AND 3069977
	Bitmap Heap Scan on sbtest8  (cost=23.22..4057.36 rows=1052 width=121)
	  Recheck Cond: ((id >= 3068978) AND (id <= 3069977))
	  ->  Bitmap Index Scan on sbtest8_pkey  (cost=0.00..22.95 rows=1052 width=0)
	        Index Cond: ((id >= 3068978) AND (id <= 3069977))

explain: for point_selects :: explain SELECT c FROM sbtest%u WHERE id=%u
for: sum_ranges
table 1 : explain SELECT SUM(k) FROM sbtest1 WHERE id BETWEEN 2654192 AND 2655191
	Aggregate  (cost=3910.46..3910.47 rows=1 width=8)
	  ->  Bitmap Heap Scan on sbtest1  (cost=22.82..3907.93 rows=1013 width=4)
	        Recheck Cond: ((id >= 2654192) AND (id <= 2655191))
	        ->  Bitmap Index Scan on sbtest1_pkey  (cost=0.00..22.57 rows=1013 width=0)
	              Index Cond: ((id >= 2654192) AND (id <= 2655191))

table 2 : explain SELECT SUM(k) FROM sbtest2 WHERE id BETWEEN 4103792 AND 4104791
	Aggregate  (cost=3661.87..3661.88 rows=1 width=8)
	  ->  Bitmap Heap Scan on sbtest2  (cost=22.14..3659.50 rows=947 width=4)
	        Recheck Cond: ((id >= 4103792) AND (id <= 4104791))
	        ->  Bitmap Index Scan on sbtest2_pkey  (cost=0.00..21.90 rows=947 width=0)
	              Index Cond: ((id >= 4103792) AND (id <= 4104791))

table 3 : explain SELECT SUM(k) FROM sbtest3 WHERE id BETWEEN 9353050 AND 9354049
	Aggregate  (cost=4080.22..4080.23 rows=1 width=8)
	  ->  Bitmap Heap Scan on sbtest3  (cost=23.28..4077.57 rows=1058 width=4)
	        Recheck Cond: ((id >= 9353050) AND (id <= 9354049))
	        ->  Bitmap Index Scan on sbtest3_pkey  (cost=0.00..23.01 rows=1058 width=0)
	              Index Cond: ((id >= 9353050) AND (id <= 9354049))

table 4 : explain SELECT SUM(k) FROM sbtest4 WHERE id BETWEEN 4487387 AND 4488386
	Aggregate  (cost=3503.84..3503.85 rows=1 width=8)
	  ->  Bitmap Heap Scan on sbtest4  (cost=21.71..3501.58 rows=905 width=4)
	        Recheck Cond: ((id >= 4487387) AND (id <= 4488386))
	        ->  Bitmap Index Scan on sbtest4_pkey  (cost=0.00..21.48 rows=905 width=0)
	              Index Cond: ((id >= 4487387) AND (id <= 4488386))

table 5 : explain SELECT SUM(k) FROM sbtest5 WHERE id BETWEEN 7326400 AND 7327399
	Aggregate  (cost=3971.58..3971.59 rows=1 width=8)
	  ->  Bitmap Heap Scan on sbtest5  (cost=22.98..3969.01 rows=1029 width=4)
	        Recheck Cond: ((id >= 7326400) AND (id <= 7327399))
	        ->  Bitmap Index Scan on sbtest5_pkey  (cost=0.00..22.72 rows=1029 width=0)
	              Index Cond: ((id >= 7326400) AND (id <= 7327399))

table 6 : explain SELECT SUM(k) FROM sbtest6 WHERE id BETWEEN 7926015 AND 7927014
	Aggregate  (cost=3648.40..3648.41 rows=1 width=8)
	  ->  Bitmap Heap Scan on sbtest6  (cost=22.10..3646.05 rows=943 width=4)
	        Recheck Cond: ((id >= 7926015) AND (id <= 7927014))
	        ->  Bitmap Index Scan on sbtest6_pkey  (cost=0.00..21.86 rows=943 width=0)
	              Index Cond: ((id >= 7926015) AND (id <= 7927014))

table 7 : explain SELECT SUM(k) FROM sbtest7 WHERE id BETWEEN 5753354 AND 5754353
	Aggregate  (cost=3659.36..3659.37 rows=1 width=8)
	  ->  Bitmap Heap Scan on sbtest7  (cost=22.13..3656.99 rows=946 width=4)
	        Recheck Cond: ((id >= 5753354) AND (id <= 5754353))
	        ->  Bitmap Index Scan on sbtest7_pkey  (cost=0.00..21.89 rows=946 width=0)
	              Index Cond: ((id >= 5753354) AND (id <= 5754353))

table 8 : explain SELECT SUM(k) FROM sbtest8 WHERE id BETWEEN 2754434 AND 2755433
	Aggregate  (cost=3407.08..3407.09 rows=1 width=8)
	  ->  Bitmap Heap Scan on sbtest8  (cost=21.44..3404.88 rows=879 width=4)
	        Recheck Cond: ((id >= 2754434) AND (id <= 2755433))
	        ->  Bitmap Index Scan on sbtest8_pkey  (cost=0.00..21.22 rows=879 width=0)
	              Index Cond: ((id >= 2754434) AND (id <= 2755433))

explain: for point_selects :: explain SELECT c FROM sbtest%u WHERE id=%u
for point_selects
table 1 : explain SELECT c FROM sbtest1 WHERE id=5655400
	Index Scan using sbtest1_pkey on sbtest1  (cost=0.43..8.45 rows=1 width=121)
	  Index Cond: (id = 5655400)

table 2 : explain SELECT c FROM sbtest2 WHERE id=1040931
	Index Scan using sbtest2_pkey on sbtest2  (cost=0.43..8.45 rows=1 width=121)
	  Index Cond: (id = 1040931)

table 3 : explain SELECT c FROM sbtest3 WHERE id=287711
	Index Scan using sbtest3_pkey on sbtest3  (cost=0.43..8.45 rows=1 width=121)
	  Index Cond: (id = 287711)

table 4 : explain SELECT c FROM sbtest4 WHERE id=454333
	Index Scan using sbtest4_pkey on sbtest4  (cost=0.43..8.45 rows=1 width=121)
	  Index Cond: (id = 454333)

table 5 : explain SELECT c FROM sbtest5 WHERE id=6614396
	Index Scan using sbtest5_pkey on sbtest5  (cost=0.43..8.45 rows=1 width=121)
	  Index Cond: (id = 6614396)

table 6 : explain SELECT c FROM sbtest6 WHERE id=5137274
	Index Scan using sbtest6_pkey on sbtest6  (cost=0.43..8.45 rows=1 width=121)
	  Index Cond: (id = 5137274)

table 7 : explain SELECT c FROM sbtest7 WHERE id=8878531
	Index Scan using sbtest7_pkey on sbtest7  (cost=0.43..8.45 rows=1 width=121)
	  Index Cond: (id = 8878531)

table 8 : explain SELECT c FROM sbtest8 WHERE id=4165818
	Index Scan using sbtest8_pkey on sbtest8  (cost=0.43..8.45 rows=1 width=121)
	  Index Cond: (id = 4165818)

explain: for point_selects :: explain SELECT c FROM sbtest%u WHERE id=%u
for: simple_ranges
table 1 : explain SELECT c FROM sbtest1 WHERE id BETWEEN 4101456 AND 4102455
	Bitmap Heap Scan on sbtest1  (cost=22.95..3956.81 rows=1026 width=121)
	  Recheck Cond: ((id >= 4101456) AND (id <= 4102455))
	  ->  Bitmap Index Scan on sbtest1_pkey  (cost=0.00..22.69 rows=1026 width=0)
	        Index Cond: ((id >= 4101456) AND (id <= 4102455))

table 2 : explain SELECT c FROM sbtest2 WHERE id BETWEEN 9401033 AND 9402032
	Bitmap Heap Scan on sbtest2  (cost=21.83..3546.33 rows=917 width=121)
	  Recheck Cond: ((id >= 9401033) AND (id <= 9402032))
	  ->  Bitmap Index Scan on sbtest2_pkey  (cost=0.00..21.61 rows=917 width=0)
	        Index Cond: ((id >= 9401033) AND (id <= 9402032))

table 3 : explain SELECT c FROM sbtest3 WHERE id BETWEEN 7975326 AND 7976325
	Bitmap Heap Scan on sbtest3  (cost=22.48..3784.20 rows=980 width=121)
	  Recheck Cond: ((id >= 7975326) AND (id <= 7976325))
	  ->  Bitmap Index Scan on sbtest3_pkey  (cost=0.00..22.23 rows=980 width=0)
	        Index Cond: ((id >= 7975326) AND (id <= 7976325))

table 4 : explain SELECT c FROM sbtest4 WHERE id BETWEEN 2968502 AND 2969501
	Bitmap Heap Scan on sbtest4  (cost=23.18..4040.29 rows=1048 width=121)
	  Recheck Cond: ((id >= 2968502) AND (id <= 2969501))
	  ->  Bitmap Index Scan on sbtest4_pkey  (cost=0.00..22.91 rows=1048 width=0)
	        Index Cond: ((id >= 2968502) AND (id <= 2969501))

table 5 : explain SELECT c FROM sbtest5 WHERE id BETWEEN 1845799 AND 1846798
	Bitmap Heap Scan on sbtest5  (cost=21.65..3479.03 rows=899 width=121)
	  Recheck Cond: ((id >= 1845799) AND (id <= 1846798))
	  ->  Bitmap Index Scan on sbtest5_pkey  (cost=0.00..21.43 rows=899 width=0)
	        Index Cond: ((id >= 1845799) AND (id <= 1846798))

table 6 : explain SELECT c FROM sbtest6 WHERE id BETWEEN 7107435 AND 7108434
	Bitmap Heap Scan on sbtest6  (cost=27.71..4237.13 rows=1100 width=121)
	  Recheck Cond: ((id >= 7107435) AND (id <= 7108434))
	  ->  Bitmap Index Scan on sbtest6_pkey  (cost=0.00..27.43 rows=1100 width=0)
	        Index Cond: ((id >= 7107435) AND (id <= 7108434))

table 7 : explain SELECT c FROM sbtest7 WHERE id BETWEEN 1873108 AND 1874107
	Bitmap Heap Scan on sbtest7  (cost=22.20..3683.40 rows=953 width=121)
	  Recheck Cond: ((id >= 1873108) AND (id <= 1874107))
	  ->  Bitmap Index Scan on sbtest7_pkey  (cost=0.00..21.96 rows=953 width=0)
	        Index Cond: ((id >= 1873108) AND (id <= 1874107))

table 8 : explain SELECT c FROM sbtest8 WHERE id BETWEEN 8614592 AND 8615591
	Bitmap Heap Scan on sbtest8  (cost=27.45..4147.81 rows=1075 width=121)
	  Recheck Cond: ((id >= 8614592) AND (id <= 8615591))
	  ->  Bitmap Index Scan on sbtest8_pkey  (cost=0.00..27.18 rows=1075 width=0)
	        Index Cond: ((id >= 8614592) AND (id <= 8615591))

explain: for point_selects :: explain SELECT c FROM sbtest%u WHERE id=%u
explain: for point_selects :: explain SELECT c FROM sbtest%u WHERE id=%u
for: simple_ranges
table 1 : explain SELECT c FROM sbtest1 WHERE id BETWEEN 462577 AND 463576
	Bitmap Heap Scan on sbtest1  (cost=22.75..3881.60 rows=1006 width=121)
	  Recheck Cond: ((id >= 462577) AND (id <= 463576))
	  ->  Bitmap Index Scan on sbtest1_pkey  (cost=0.00..22.50 rows=1006 width=0)
	        Index Cond: ((id >= 462577) AND (id <= 463576))

table 2 : explain SELECT c FROM sbtest2 WHERE id BETWEEN 6161730 AND 6162729
	Bitmap Heap Scan on sbtest2  (cost=23.02..3983.25 rows=1033 width=121)
	  Recheck Cond: ((id >= 6161730) AND (id <= 6162729))
	  ->  Bitmap Index Scan on sbtest2_pkey  (cost=0.00..22.76 rows=1033 width=0)
	        Index Cond: ((id >= 6161730) AND (id <= 6162729))

table 3 : explain SELECT c FROM sbtest3 WHERE id BETWEEN 8455645 AND 8456644
	Bitmap Heap Scan on sbtest3  (cost=27.95..4321.74 rows=1123 width=121)
	  Recheck Cond: ((id >= 8455645) AND (id <= 8456644))
	  ->  Bitmap Index Scan on sbtest3_pkey  (cost=0.00..27.66 rows=1123 width=0)
	        Index Cond: ((id >= 8455645) AND (id <= 8456644))

table 4 : explain SELECT c FROM sbtest4 WHERE id BETWEEN 1445376 AND 1446375
	Bitmap Heap Scan on sbtest4  (cost=22.16..3667.63 rows=949 width=121)
	  Recheck Cond: ((id >= 1445376) AND (id <= 1446375))
	  ->  Bitmap Index Scan on sbtest4_pkey  (cost=0.00..21.93 rows=949 width=0)
	        Index Cond: ((id >= 1445376) AND (id <= 1446375))

table 5 : explain SELECT c FROM sbtest5 WHERE id BETWEEN 3399757 AND 3400756
	Bitmap Heap Scan on sbtest5  (cost=22.61..3833.55 rows=993 width=121)
	  Recheck Cond: ((id >= 3399757) AND (id <= 3400756))
	  ->  Bitmap Index Scan on sbtest5_pkey  (cost=0.00..22.36 rows=993 width=0)
	        Index Cond: ((id >= 3399757) AND (id <= 3400756))

table 6 : explain SELECT c FROM sbtest6 WHERE id BETWEEN 3680267 AND 3681266
	Bitmap Heap Scan on sbtest6  (cost=22.26..3706.40 rows=959 width=121)
	  Recheck Cond: ((id >= 3680267) AND (id <= 3681266))
	  ->  Bitmap Index Scan on sbtest6_pkey  (cost=0.00..22.02 rows=959 width=0)
	        Index Cond: ((id >= 3680267) AND (id <= 3681266))

table 7 : explain SELECT c FROM sbtest7 WHERE id BETWEEN 5919195 AND 5920194
	Bitmap Heap Scan on sbtest7  (cost=23.06..3999.73 rows=1037 width=121)
	  Recheck Cond: ((id >= 5919195) AND (id <= 5920194))
	  ->  Bitmap Index Scan on sbtest7_pkey  (cost=0.00..22.80 rows=1037 width=0)
	        Index Cond: ((id >= 5919195) AND (id <= 5920194))

table 8 : explain SELECT c FROM sbtest8 WHERE id BETWEEN 4366166 AND 4367165
	Bitmap Heap Scan on sbtest8  (cost=21.74..3514.53 rows=908 width=121)
	  Recheck Cond: ((id >= 4366166) AND (id <= 4367165))
	  ->  Bitmap Index Scan on sbtest8_pkey  (cost=0.00..21.51 rows=908 width=0)
	        Index Cond: ((id >= 4366166) AND (id <= 4367165))

for point_selects
table 1 : explain SELECT c FROM sbtest1 WHERE id=275305
	Index Scan using sbtest1_pkey on sbtest1  (cost=0.43..8.45 rows=1 width=121)
	  Index Cond: (id = 275305)

table 2 : explain SELECT c FROM sbtest2 WHERE id=2177130
	Index Scan using sbtest2_pkey on sbtest2  (cost=0.43..8.45 rows=1 width=121)
	  Index Cond: (id = 2177130)

table 3 : explain SELECT c FROM sbtest3 WHERE id=1347726
	Index Scan using sbtest3_pkey on sbtest3  (cost=0.43..8.45 rows=1 width=121)
	  Index Cond: (id = 1347726)

table 4 : explain SELECT c FROM sbtest4 WHERE id=9049553
	Index Scan using sbtest4_pkey on sbtest4  (cost=0.43..8.45 rows=1 width=121)
	  Index Cond: (id = 9049553)

table 5 : explain SELECT c FROM sbtest5 WHERE id=3557870
	Index Scan using sbtest5_pkey on sbtest5  (cost=0.43..8.45 rows=1 width=121)
	  Index Cond: (id = 3557870)

table 6 : explain SELECT c FROM sbtest6 WHERE id=9992721
	Index Scan using sbtest6_pkey on sbtest6  (cost=0.43..8.45 rows=1 width=121)
	  Index Cond: (id = 9992721)

table 7 : explain SELECT c FROM sbtest7 WHERE id=405677
	Index Scan using sbtest7_pkey on sbtest7  (cost=0.43..8.45 rows=1 width=121)
	  Index Cond: (id = 405677)

table 8 : explain SELECT c FROM sbtest8 WHERE id=19520
	Index Scan using sbtest8_pkey on sbtest8  (cost=0.43..8.45 rows=1 width=121)
	  Index Cond: (id = 19520)

explain: for point_selects :: explain SELECT c FROM sbtest%u WHERE id=%u
for point_selects
table 1 : explain SELECT c FROM sbtest1 WHERE id=7987520
	Index Scan using sbtest1_pkey on sbtest1  (cost=0.43..8.45 rows=1 width=121)
	  Index Cond: (id = 7987520)

table 2 : explain SELECT c FROM sbtest2 WHERE id=8059041
	Index Scan using sbtest2_pkey on sbtest2  (cost=0.43..8.45 rows=1 width=121)
	  Index Cond: (id = 8059041)

table 3 : explain SELECT c FROM sbtest3 WHERE id=8781488
	Index Scan using sbtest3_pkey on sbtest3  (cost=0.43..8.45 rows=1 width=121)
	  Index Cond: (id = 8781488)

table 4 : explain SELECT c FROM sbtest4 WHERE id=9362414
	Index Scan using sbtest4_pkey on sbtest4  (cost=0.43..8.45 rows=1 width=121)
	  Index Cond: (id = 9362414)

table 5 : explain SELECT c FROM sbtest5 WHERE id=1175718
	Index Scan using sbtest5_pkey on sbtest5  (cost=0.43..8.45 rows=1 width=121)
	  Index Cond: (id = 1175718)

table 6 : explain SELECT c FROM sbtest6 WHERE id=3853143
	Index Scan using sbtest6_pkey on sbtest6  (cost=0.43..8.45 rows=1 width=121)
	  Index Cond: (id = 3853143)

table 7 : explain SELECT c FROM sbtest7 WHERE id=7833529
	Index Scan using sbtest7_pkey on sbtest7  (cost=0.43..8.45 rows=1 width=121)
	  Index Cond: (id = 7833529)

table 8 : explain SELECT c FROM sbtest8 WHERE id=4453381
	Index Scan using sbtest8_pkey on sbtest8  (cost=0.43..8.45 rows=1 width=121)
	  Index Cond: (id = 4453381)

for: simple_ranges
table 1 : explain SELECT c FROM sbtest1 WHERE id BETWEEN 1510821 AND 1511820
	Bitmap Heap Scan on sbtest1  (cost=23.15..4028.22 rows=1045 width=121)
	  Recheck Cond: ((id >= 1510821) AND (id <= 1511820))
	  ->  Bitmap Index Scan on sbtest1_pkey  (cost=0.00..22.89 rows=1045 width=0)
	        Index Cond: ((id >= 1510821) AND (id <= 1511820))

table 2 : explain SELECT c FROM sbtest2 WHERE id BETWEEN 524117 AND 525116
	Bitmap Heap Scan on sbtest2  (cost=21.99..3602.93 rows=932 width=121)
	  Recheck Cond: ((id >= 524117) AND (id <= 525116))
	  ->  Bitmap Index Scan on sbtest2_pkey  (cost=0.00..21.75 rows=932 width=0)
	        Index Cond: ((id >= 524117) AND (id <= 525116))

table 3 : explain SELECT c FROM sbtest3 WHERE id BETWEEN 3294374 AND 3295373
	Bitmap Heap Scan on sbtest3  (cost=22.95..3957.31 rows=1026 width=121)
	  Recheck Cond: ((id >= 3294374) AND (id <= 3295373))
	  ->  Bitmap Index Scan on sbtest3_pkey  (cost=0.00..22.69 rows=1026 width=0)
	        Index Cond: ((id >= 3294374) AND (id <= 3295373))

table 4 : explain SELECT c FROM sbtest4 WHERE id BETWEEN 8686823 AND 8687822
	Bitmap Heap Scan on sbtest4  (cost=22.77..3889.87 rows=1008 width=121)
	  Recheck Cond: ((id >= 8686823) AND (id <= 8687822))
	  ->  Bitmap Index Scan on sbtest4_pkey  (cost=0.00..22.51 rows=1008 width=0)
	        Index Cond: ((id >= 8686823) AND (id <= 8687822))

table 5 : explain SELECT c FROM sbtest5 WHERE id BETWEEN 6164192 AND 6165191
	Bitmap Heap Scan on sbtest5  (cost=22.59..3826.01 rows=991 width=121)
	  Recheck Cond: ((id >= 6164192) AND (id <= 6165191))
	  ->  Bitmap Index Scan on sbtest5_pkey  (cost=0.00..22.34 rows=991 width=0)
	        Index Cond: ((id >= 6164192) AND (id <= 6165191))

table 6 : explain SELECT c FROM sbtest6 WHERE id BETWEEN 7414683 AND 7415682
	Bitmap Heap Scan on sbtest6  (cost=22.30..3717.72 rows=962 width=121)
	  Recheck Cond: ((id >= 7414683) AND (id <= 7415682))
	  ->  Bitmap Index Scan on sbtest6_pkey  (cost=0.00..22.05 rows=962 width=0)
	        Index Cond: ((id >= 7414683) AND (id <= 7415682))

table 7 : explain SELECT c FROM sbtest7 WHERE id BETWEEN 1331077 AND 1332076
	Bitmap Heap Scan on sbtest7  (cost=22.93..3950.83 rows=1024 width=121)
	  Recheck Cond: ((id >= 1331077) AND (id <= 1332076))
	  ->  Bitmap Index Scan on sbtest7_pkey  (cost=0.00..22.68 rows=1024 width=0)
	        Index Cond: ((id >= 1331077) AND (id <= 1332076))

table 8 : explain SELECT c FROM sbtest8 WHERE id BETWEEN 9385797 AND 9386796
	Bitmap Heap Scan on sbtest8  (cost=22.09..3642.95 rows=942 width=121)
	  Recheck Cond: ((id >= 9385797) AND (id <= 9386796))
	  ->  Bitmap Index Scan on sbtest8_pkey  (cost=0.00..21.86 rows=942 width=0)
	        Index Cond: ((id >= 9385797) AND (id <= 9386796))

for point_selects
table 1 : explain SELECT c FROM sbtest1 WHERE id=5278518
	Index Scan using sbtest1_pkey on sbtest1  (cost=0.43..8.45 rows=1 width=121)
	  Index Cond: (id = 5278518)

table 2 : explain SELECT c FROM sbtest2 WHERE id=9896137
	Index Scan using sbtest2_pkey on sbtest2  (cost=0.43..8.45 rows=1 width=121)
	  Index Cond: (id = 9896137)

table 3 : explain SELECT c FROM sbtest3 WHERE id=4275102
	Index Scan using sbtest3_pkey on sbtest3  (cost=0.43..8.45 rows=1 width=121)
	  Index Cond: (id = 4275102)

table 4 : explain SELECT c FROM sbtest4 WHERE id=1889569
	Index Scan using sbtest4_pkey on sbtest4  (cost=0.43..8.45 rows=1 width=121)
	  Index Cond: (id = 1889569)

table 5 : explain SELECT c FROM sbtest5 WHERE id=1639138
	Index Scan using sbtest5_pkey on sbtest5  (cost=0.43..8.45 rows=1 width=121)
	  Index Cond: (id = 1639138)

table 6 : explain SELECT c FROM sbtest6 WHERE id=5938454
	Index Scan using sbtest6_pkey on sbtest6  (cost=0.43..8.45 rows=1 width=121)
	  Index Cond: (id = 5938454)

table 7 : explain SELECT c FROM sbtest7 WHERE id=6293490
	Index Scan using sbtest7_pkey on sbtest7  (cost=0.43..8.45 rows=1 width=121)
	  Index Cond: (id = 6293490)

table 8 : explain SELECT c FROM sbtest8 WHERE id=3217238
	Index Scan using sbtest8_pkey on sbtest8  (cost=0.43..8.45 rows=1 width=121)
	  Index Cond: (id = 3217238)

explain: for point_selects :: explain SELECT c FROM sbtest%u WHERE id=%u
for: simple_ranges
table 1 : explain SELECT c FROM sbtest1 WHERE id BETWEEN 331694 AND 332693
	Bitmap Heap Scan on sbtest1  (cost=22.79..3896.64 rows=1010 width=121)
	  Recheck Cond: ((id >= 331694) AND (id <= 332693))
	  ->  Bitmap Index Scan on sbtest1_pkey  (cost=0.00..22.54 rows=1010 width=0)
	        Index Cond: ((id >= 331694) AND (id <= 332693))

table 2 : explain SELECT c FROM sbtest2 WHERE id BETWEEN 8630321 AND 8631320
	Bitmap Heap Scan on sbtest2  (cost=22.79..3896.76 rows=1010 width=121)
	  Recheck Cond: ((id >= 8630321) AND (id <= 8631320))
	  ->  Bitmap Index Scan on sbtest2_pkey  (cost=0.00..22.54 rows=1010 width=0)
	        Index Cond: ((id >= 8630321) AND (id <= 8631320))

table 3 : explain SELECT c FROM sbtest3 WHERE id BETWEEN 2203867 AND 2204866
	Bitmap Heap Scan on sbtest3  (cost=21.98..3599.49 rows=931 width=121)
	  Recheck Cond: ((id >= 2203867) AND (id <= 2204866))
	  ->  Bitmap Index Scan on sbtest3_pkey  (cost=0.00..21.75 rows=931 width=0)
	        Index Cond: ((id >= 2203867) AND (id <= 2204866))

table 4 : explain SELECT c FROM sbtest4 WHERE id BETWEEN 2529488 AND 2530487
	Bitmap Heap Scan on sbtest4  (cost=23.18..4040.29 rows=1048 width=121)
	  Recheck Cond: ((id >= 2529488) AND (id <= 2530487))
	  ->  Bitmap Index Scan on sbtest4_pkey  (cost=0.00..22.91 rows=1048 width=0)
	        Index Cond: ((id >= 2529488) AND (id <= 2530487))

table 5 : explain SELECT c FROM sbtest5 WHERE id BETWEEN 4008830 AND 4009829
	Bitmap Heap Scan on sbtest5  (cost=22.86..3923.87 rows=1017 width=121)
	  Recheck Cond: ((id >= 4008830) AND (id <= 4009829))
	  ->  Bitmap Index Scan on sbtest5_pkey  (cost=0.00..22.61 rows=1017 width=0)
	        Index Cond: ((id >= 4008830) AND (id <= 4009829))

table 6 : explain SELECT c FROM sbtest6 WHERE id BETWEEN 4116037 AND 4117036
	Bitmap Heap Scan on sbtest6  (cost=22.48..3785.57 rows=980 width=121)
	  Recheck Cond: ((id >= 4116037) AND (id <= 4117036))
	  ->  Bitmap Index Scan on sbtest6_pkey  (cost=0.00..22.23 rows=980 width=0)
	        Index Cond: ((id >= 4116037) AND (id <= 4117036))

table 7 : explain SELECT c FROM sbtest7 WHERE id BETWEEN 8731881 AND 8732880
	Bitmap Heap Scan on sbtest7  (cost=23.00..3977.17 rows=1031 width=121)
	  Recheck Cond: ((id >= 8731881) AND (id <= 8732880))
	  ->  Bitmap Index Scan on sbtest7_pkey  (cost=0.00..22.75 rows=1031 width=0)
	        Index Cond: ((id >= 8731881) AND (id <= 8732880))

table 8 : explain SELECT c FROM sbtest8 WHERE id BETWEEN 8215758 AND 8216757
	Bitmap Heap Scan on sbtest8  (cost=22.88..3933.20 rows=1019 width=121)
	  Recheck Cond: ((id >= 8215758) AND (id <= 8216757))
	  ->  Bitmap Index Scan on sbtest8_pkey  (cost=0.00..22.62 rows=1019 width=0)
	        Index Cond: ((id >= 8215758) AND (id <= 8216757))

for point_selects
table 1 : explain SELECT c FROM sbtest1 WHERE id=561453
	Index Scan using sbtest1_pkey on sbtest1  (cost=0.43..8.45 rows=1 width=121)
	  Index Cond: (id = 561453)

table 2 : explain SELECT c FROM sbtest2 WHERE id=2412828
	Index Scan using sbtest2_pkey on sbtest2  (cost=0.43..8.45 rows=1 width=121)
	  Index Cond: (id = 2412828)

table 3 : explain SELECT c FROM sbtest3 WHERE id=1416873
	Index Scan using sbtest3_pkey on sbtest3  (cost=0.43..8.45 rows=1 width=121)
	  Index Cond: (id = 1416873)

table 4 : explain SELECT c FROM sbtest4 WHERE id=5497025
	Index Scan using sbtest4_pkey on sbtest4  (cost=0.43..8.45 rows=1 width=121)
	  Index Cond: (id = 5497025)

table 5 : explain SELECT c FROM sbtest5 WHERE id=8620448
	Index Scan using sbtest5_pkey on sbtest5  (cost=0.43..8.45 rows=1 width=121)
	  Index Cond: (id = 8620448)

table 6 : explain SELECT c FROM sbtest6 WHERE id=4021120
	Index Scan using sbtest6_pkey on sbtest6  (cost=0.43..8.45 rows=1 width=121)
	  Index Cond: (id = 4021120)

table 7 : explain SELECT c FROM sbtest7 WHERE id=6839469
	Index Scan using sbtest7_pkey on sbtest7  (cost=0.43..8.45 rows=1 width=121)
	  Index Cond: (id = 6839469)

table 8 : explain SELECT c FROM sbtest8 WHERE id=7545962
	Index Scan using sbtest8_pkey on sbtest8  (cost=0.43..8.45 rows=1 width=121)
	  Index Cond: (id = 7545962)

for: simple_ranges
table 1 : explain SELECT c FROM sbtest1 WHERE id BETWEEN 7983400 AND 7984399
	Bitmap Heap Scan on sbtest1  (cost=22.07..3633.00 rows=940 width=121)
	  Recheck Cond: ((id >= 7983400) AND (id <= 7984399))
	  ->  Bitmap Index Scan on sbtest1_pkey  (cost=0.00..21.83 rows=940 width=0)
	        Index Cond: ((id >= 7983400) AND (id <= 7984399))

table 2 : explain SELECT c FROM sbtest2 WHERE id BETWEEN 391924 AND 392923
	Bitmap Heap Scan on sbtest2  (cost=22.22..3689.66 rows=955 width=121)
	  Recheck Cond: ((id >= 391924) AND (id <= 392923))
	  ->  Bitmap Index Scan on sbtest2_pkey  (cost=0.00..21.98 rows=955 width=0)
	        Index Cond: ((id >= 391924) AND (id <= 392923))

table 3 : explain SELECT c FROM sbtest3 WHERE id BETWEEN 4918192 AND 4919191
	Bitmap Heap Scan on sbtest3  (cost=28.11..4381.70 rows=1139 width=121)
	  Recheck Cond: ((id >= 4918192) AND (id <= 4919191))
	  ->  Bitmap Index Scan on sbtest3_pkey  (cost=0.00..27.82 rows=1139 width=0)
	        Index Cond: ((id >= 4918192) AND (id <= 4919191))

table 4 : explain SELECT c FROM sbtest4 WHERE id BETWEEN 6785224 AND 6786223
	Bitmap Heap Scan on sbtest4  (cost=22.96..3961.35 rows=1027 width=121)
	  Recheck Cond: ((id >= 6785224) AND (id <= 6786223))
	  ->  Bitmap Index Scan on sbtest4_pkey  (cost=0.00..22.70 rows=1027 width=0)
	        Index Cond: ((id >= 6785224) AND (id <= 6786223))

table 5 : explain SELECT c FROM sbtest5 WHERE id BETWEEN 5582408 AND 5583407
	Bitmap Heap Scan on sbtest5  (cost=27.92..4310.97 rows=1120 width=121)
	  Recheck Cond: ((id >= 5582408) AND (id <= 5583407))
	  ->  Bitmap Index Scan on sbtest5_pkey  (cost=0.00..27.64 rows=1120 width=0)
	        Index Cond: ((id >= 5582408) AND (id <= 5583407))

table 6 : explain SELECT c FROM sbtest6 WHERE id BETWEEN 6005051 AND 6006050
	Bitmap Heap Scan on sbtest6  (cost=22.03..3619.63 rows=936 width=121)
	  Recheck Cond: ((id >= 6005051) AND (id <= 6006050))
	  ->  Bitmap Index Scan on sbtest6_pkey  (cost=0.00..21.79 rows=936 width=0)
	        Index Cond: ((id >= 6005051) AND (id <= 6006050))

table 7 : explain SELECT c FROM sbtest7 WHERE id BETWEEN 960541 AND 961540
	Bitmap Heap Scan on sbtest7  (cost=22.39..3751.26 rows=971 width=121)
	  Recheck Cond: ((id >= 960541) AND (id <= 961540))
	  ->  Bitmap Index Scan on sbtest7_pkey  (cost=0.00..22.14 rows=971 width=0)
	        Index Cond: ((id >= 960541) AND (id <= 961540))

table 8 : explain SELECT c FROM sbtest8 WHERE id BETWEEN 3592356 AND 3593355
	Bitmap Heap Scan on sbtest8  (cost=22.92..3948.25 rows=1023 width=121)
	  Recheck Cond: ((id >= 3592356) AND (id <= 3593355))
	  ->  Bitmap Index Scan on sbtest8_pkey  (cost=0.00..22.66 rows=1023 width=0)
	        Index Cond: ((id >= 3592356) AND (id <= 3593355))

for point_selects
table 1 : explain SELECT c FROM sbtest1 WHERE id=1599826
	Index Scan using sbtest1_pkey on sbtest1  (cost=0.43..8.45 rows=1 width=121)
	  Index Cond: (id = 1599826)

table 2 : explain SELECT c FROM sbtest2 WHERE id=8619562
	Index Scan using sbtest2_pkey on sbtest2  (cost=0.43..8.45 rows=1 width=121)
	  Index Cond: (id = 8619562)

table 3 : explain SELECT c FROM sbtest3 WHERE id=8499409
	Index Scan using sbtest3_pkey on sbtest3  (cost=0.43..8.45 rows=1 width=121)
	  Index Cond: (id = 8499409)

table 4 : explain SELECT c FROM sbtest4 WHERE id=9406683
	Index Scan using sbtest4_pkey on sbtest4  (cost=0.43..8.45 rows=1 width=121)
	  Index Cond: (id = 9406683)

table 5 : explain SELECT c FROM sbtest5 WHERE id=1592402
	Index Scan using sbtest5_pkey on sbtest5  (cost=0.43..8.45 rows=1 width=121)
	  Index Cond: (id = 1592402)

table 6 : explain SELECT c FROM sbtest6 WHERE id=7747369
	Index Scan using sbtest6_pkey on sbtest6  (cost=0.43..8.45 rows=1 width=121)
	  Index Cond: (id = 7747369)

table 7 : explain SELECT c FROM sbtest7 WHERE id=7955890
	Index Scan using sbtest7_pkey on sbtest7  (cost=0.43..8.45 rows=1 width=121)
	  Index Cond: (id = 7955890)

table 8 : explain SELECT c FROM sbtest8 WHERE id=2459008
	Index Scan using sbtest8_pkey on sbtest8  (cost=0.43..8.45 rows=1 width=121)
	  Index Cond: (id = 2459008)

explain: for point_selects :: explain SELECT c FROM sbtest%u WHERE id=%u
for: order_ranges
table 1 : explain SELECT c FROM sbtest1 WHERE id BETWEEN 2930137 AND 2931136 ORDER BY c
	Sort  (cost=3541.55..3543.81 rows=904 width=121)
	  Sort Key: c
	  ->  Bitmap Heap Scan on sbtest1  (cost=21.70..3497.16 rows=904 width=121)
	        Recheck Cond: ((id >= 2930137) AND (id <= 2931136))
	        ->  Bitmap Index Scan on sbtest1_pkey  (cost=0.00..21.47 rows=904 width=0)
	              Index Cond: ((id >= 2930137) AND (id <= 2931136))

table 2 : explain SELECT c FROM sbtest2 WHERE id BETWEEN 3510349 AND 3511348 ORDER BY c
	Sort  (cost=3671.87..3674.22 rows=938 width=121)
	  Sort Key: c
	  ->  Bitmap Heap Scan on sbtest2  (cost=22.05..3625.56 rows=938 width=121)
	        Recheck Cond: ((id >= 3510349) AND (id <= 3511348))
	        ->  Bitmap Index Scan on sbtest2_pkey  (cost=0.00..21.82 rows=938 width=0)
	              Index Cond: ((id >= 3510349) AND (id <= 3511348))

table 3 : explain SELECT c FROM sbtest3 WHERE id BETWEEN 7401171 AND 7402170 ORDER BY c
	Sort  (cost=3867.29..3869.76 rows=989 width=121)
	  Sort Key: c
	  ->  Bitmap Heap Scan on sbtest3  (cost=22.57..3818.09 rows=989 width=121)
	        Recheck Cond: ((id >= 7401171) AND (id <= 7402170))
	        ->  Bitmap Index Scan on sbtest3_pkey  (cost=0.00..22.32 rows=989 width=0)
	              Index Cond: ((id >= 7401171) AND (id <= 7402170))

table 4 : explain SELECT c FROM sbtest4 WHERE id BETWEEN 4476547 AND 4477546 ORDER BY c
	Sort  (cost=3546.02..3548.28 rows=905 width=121)
	  Sort Key: c
	  ->  Bitmap Heap Scan on sbtest4  (cost=21.71..3501.58 rows=905 width=121)
	        Recheck Cond: ((id >= 4476547) AND (id <= 4477546))
	        ->  Bitmap Index Scan on sbtest4_pkey  (cost=0.00..21.48 rows=905 width=0)
	              Index Cond: ((id >= 4476547) AND (id <= 4477546))

table 5 : explain SELECT c FROM sbtest5 WHERE id BETWEEN 7184688 AND 7185687 ORDER BY c
	Sort  (cost=3695.54..3697.90 rows=944 width=121)
	  Sort Key: c
	  ->  Bitmap Heap Scan on sbtest5  (cost=22.11..3648.89 rows=944 width=121)
	        Recheck Cond: ((id >= 7184688) AND (id <= 7185687))
	        ->  Bitmap Index Scan on sbtest5_pkey  (cost=0.00..21.87 rows=944 width=0)
	              Index Cond: ((id >= 7184688) AND (id <= 7185687))

table 6 : explain SELECT c FROM sbtest6 WHERE id BETWEEN 3953204 AND 3954203 ORDER BY c
	Sort  (cost=4101.73..4104.36 rows=1050 width=121)
	  Sort Key: c
	  ->  Bitmap Heap Scan on sbtest6  (cost=23.20..4049.04 rows=1050 width=121)
	        Recheck Cond: ((id >= 3953204) AND (id <= 3954203))
	        ->  Bitmap Index Scan on sbtest6_pkey  (cost=0.00..22.93 rows=1050 width=0)
	              Index Cond: ((id >= 3953204) AND (id <= 3954203))

table 7 : explain SELECT c FROM sbtest7 WHERE id BETWEEN 9616468 AND 9617467 ORDER BY c
	Sort  (cost=4200.48..4203.17 rows=1076 width=121)
	  Sort Key: c
	  ->  Bitmap Heap Scan on sbtest7  (cost=23.46..4146.29 rows=1076 width=121)
	        Recheck Cond: ((id >= 9616468) AND (id <= 9617467))
	        ->  Bitmap Index Scan on sbtest7_pkey  (cost=0.00..23.19 rows=1076 width=0)
	              Index Cond: ((id >= 9616468) AND (id <= 9617467))

table 8 : explain SELECT c FROM sbtest8 WHERE id BETWEEN 3826546 AND 3827545 ORDER BY c
	Sort  (cost=4350.71..4353.50 rows=1115 width=121)
	  Sort Key: c
	  ->  Bitmap Heap Scan on sbtest8  (cost=27.86..4294.28 rows=1115 width=121)
	        Recheck Cond: ((id >= 3826546) AND (id <= 3827545))
	        ->  Bitmap Index Scan on sbtest8_pkey  (cost=0.00..27.58 rows=1115 width=0)
	              Index Cond: ((id >= 3826546) AND (id <= 3827545))

for: sum_ranges
table 1 : explain SELECT SUM(k) FROM sbtest1 WHERE id BETWEEN 5804101 AND 5805100
	Aggregate  (cost=3733.42..3733.43 rows=1 width=8)
	  ->  Bitmap Heap Scan on sbtest1  (cost=22.34..3731.00 rows=966 width=4)
	        Recheck Cond: ((id >= 5804101) AND (id <= 5805100))
	        ->  Bitmap Index Scan on sbtest1_pkey  (cost=0.00..22.09 rows=966 width=0)
	              Index Cond: ((id >= 5804101) AND (id <= 5805100))

table 2 : explain SELECT SUM(k) FROM sbtest2 WHERE id BETWEEN 2627723 AND 2628722
	Aggregate  (cost=3692.05..3692.06 rows=1 width=8)
	  ->  Bitmap Heap Scan on sbtest2  (cost=22.22..3689.66 rows=955 width=4)
	        Recheck Cond: ((id >= 2627723) AND (id <= 2628722))
	        ->  Bitmap Index Scan on sbtest2_pkey  (cost=0.00..21.98 rows=955 width=0)
	              Index Cond: ((id >= 2627723) AND (id <= 2628722))

table 3 : explain SELECT SUM(k) FROM sbtest3 WHERE id BETWEEN 2477669 AND 2478668
	Aggregate  (cost=3450.69..3450.70 rows=1 width=8)
	  ->  Bitmap Heap Scan on sbtest3  (cost=21.57..3448.46 rows=891 width=4)
	        Recheck Cond: ((id >= 2477669) AND (id <= 2478668))
	        ->  Bitmap Index Scan on sbtest3_pkey  (cost=0.00..21.34 rows=891 width=0)
	              Index Cond: ((id >= 2477669) AND (id <= 2478668))

table 4 : explain SELECT SUM(k) FROM sbtest4 WHERE id BETWEEN 3952322 AND 3953321
	Aggregate  (cost=3828.36..3828.37 rows=1 width=8)
	  ->  Bitmap Heap Scan on sbtest4  (cost=22.59..3825.88 rows=991 width=4)
	        Recheck Cond: ((id >= 3952322) AND (id <= 3953321))
	        ->  Bitmap Index Scan on sbtest4_pkey  (cost=0.00..22.34 rows=991 width=0)
	              Index Cond: ((id >= 3952322) AND (id <= 3953321))

table 5 : explain SELECT SUM(k) FROM sbtest5 WHERE id BETWEEN 7990780 AND 7991779
	Aggregate  (cost=3745.56..3745.57 rows=1 width=8)
	  ->  Bitmap Heap Scan on sbtest5  (cost=22.37..3743.14 rows=969 width=4)
	        Recheck Cond: ((id >= 7990780) AND (id <= 7991779))
	        ->  Bitmap Index Scan on sbtest5_pkey  (cost=0.00..22.12 rows=969 width=0)
	              Index Cond: ((id >= 7990780) AND (id <= 7991779))

table 6 : explain SELECT SUM(k) FROM sbtest6 WHERE id BETWEEN 2057621 AND 2058620
	Aggregate  (cost=4322.48..4322.49 rows=1 width=8)
	  ->  Bitmap Heap Scan on sbtest6  (cost=27.94..4319.67 rows=1122 width=4)
	        Recheck Cond: ((id >= 2057621) AND (id <= 2058620))
	        ->  Bitmap Index Scan on sbtest6_pkey  (cost=0.00..27.65 rows=1122 width=0)
	              Index Cond: ((id >= 2057621) AND (id <= 2058620))

table 7 : explain SELECT SUM(k) FROM sbtest7 WHERE id BETWEEN 3084411 AND 3085410
	Aggregate  (cost=3715.96..3715.97 rows=1 width=8)
	  ->  Bitmap Heap Scan on sbtest7  (cost=22.29..3713.56 rows=961 width=4)
	        Recheck Cond: ((id >= 3084411) AND (id <= 3085410))
	        ->  Bitmap Index Scan on sbtest7_pkey  (cost=0.00..22.04 rows=961 width=0)
	              Index Cond: ((id >= 3084411) AND (id <= 3085410))

table 8 : explain SELECT SUM(k) FROM sbtest8 WHERE id BETWEEN 2689089 AND 2690088
	Aggregate  (cost=3407.08..3407.09 rows=1 width=8)
	  ->  Bitmap Heap Scan on sbtest8  (cost=21.44..3404.88 rows=879 width=4)
	        Recheck Cond: ((id >= 2689089) AND (id <= 2690088))
	        ->  Bitmap Index Scan on sbtest8_pkey  (cost=0.00..21.22 rows=879 width=0)
	              Index Cond: ((id >= 2689089) AND (id <= 2690088))

for: simple_ranges
table 1 : explain SELECT c FROM sbtest1 WHERE id BETWEEN 410029 AND 411028
	Bitmap Heap Scan on sbtest1  (cost=22.77..3889.12 rows=1008 width=121)
	  Recheck Cond: ((id >= 410029) AND (id <= 411028))
	  ->  Bitmap Index Scan on sbtest1_pkey  (cost=0.00..22.51 rows=1008 width=0)
	        Index Cond: ((id >= 410029) AND (id <= 411028))

table 2 : explain SELECT c FROM sbtest2 WHERE id BETWEEN 3639450 AND 3640449
	Bitmap Heap Scan on sbtest2  (cost=22.78..3893.00 rows=1009 width=121)
	  Recheck Cond: ((id >= 3639450) AND (id <= 3640449))
	  ->  Bitmap Index Scan on sbtest2_pkey  (cost=0.00..22.52 rows=1009 width=0)
	        Index Cond: ((id >= 3639450) AND (id <= 3640449))

table 3 : explain SELECT c FROM sbtest3 WHERE id BETWEEN 174203 AND 175202
	Bitmap Heap Scan on sbtest3  (cost=22.61..3833.15 rows=993 width=121)
	  Recheck Cond: ((id >= 174203) AND (id <= 175202))
	  ->  Bitmap Index Scan on sbtest3_pkey  (cost=0.00..22.36 rows=993 width=0)
	        Index Cond: ((id >= 174203) AND (id <= 175202))

table 4 : explain SELECT c FROM sbtest4 WHERE id BETWEEN 1547529 AND 1548528
	Bitmap Heap Scan on sbtest4  (cost=21.96..3592.18 rows=929 width=121)
	  Recheck Cond: ((id >= 1547529) AND (id <= 1548528))
	  ->  Bitmap Index Scan on sbtest4_pkey  (cost=0.00..21.72 rows=929 width=0)
	        Index Cond: ((id >= 1547529) AND (id <= 1548528))

table 5 : explain SELECT c FROM sbtest5 WHERE id BETWEEN 9335015 AND 9336014
	Bitmap Heap Scan on sbtest5  (cost=23.21..4051.71 rows=1051 width=121)
	  Recheck Cond: ((id >= 9335015) AND (id <= 9336014))
	  ->  Bitmap Index Scan on sbtest5_pkey  (cost=0.00..22.94 rows=1051 width=0)
	        Index Cond: ((id >= 9335015) AND (id <= 9336014))

table 6 : explain SELECT c FROM sbtest6 WHERE id BETWEEN 4902348 AND 4903347
	Bitmap Heap Scan on sbtest6  (cost=22.38..3747.88 rows=970 width=121)
	  Recheck Cond: ((id >= 4902348) AND (id <= 4903347))
	  ->  Bitmap Index Scan on sbtest6_pkey  (cost=0.00..22.14 rows=970 width=0)
	        Index Cond: ((id >= 4902348) AND (id <= 4903347))

table 7 : explain SELECT c FROM sbtest7 WHERE id BETWEEN 5392522 AND 5393521
	Bitmap Heap Scan on sbtest7  (cost=23.56..4180.09 rows=1085 width=121)
	  Recheck Cond: ((id >= 5392522) AND (id <= 5393521))
	  ->  Bitmap Index Scan on sbtest7_pkey  (cost=0.00..23.29 rows=1085 width=0)
	        Index Cond: ((id >= 5392522) AND (id <= 5393521))

table 8 : explain SELECT c FROM sbtest8 WHERE id BETWEEN 52982 AND 53981
	Bitmap Heap Scan on sbtest8  (cost=22.75..3884.25 rows=1006 width=121)
	  Recheck Cond: ((id >= 52982) AND (id <= 53981))
	  ->  Bitmap Index Scan on sbtest8_pkey  (cost=0.00..22.50 rows=1006 width=0)
	        Index Cond: ((id >= 52982) AND (id <= 53981))

for: simple_ranges
table 1 : explain SELECT c FROM sbtest1 WHERE id BETWEEN 7093726 AND 7094725
	Bitmap Heap Scan on sbtest1  (cost=21.76..3519.81 rows=910 width=121)
	  Recheck Cond: ((id >= 7093726) AND (id <= 7094725))
	  ->  Bitmap Index Scan on sbtest1_pkey  (cost=0.00..21.54 rows=910 width=0)
	        Index Cond: ((id >= 7093726) AND (id <= 7094725))

table 2 : explain SELECT c FROM sbtest2 WHERE id BETWEEN 3291074 AND 3292073
	Bitmap Heap Scan on sbtest2  (cost=22.37..3742.41 rows=969 width=121)
	  Recheck Cond: ((id >= 3291074) AND (id <= 3292073))
	  ->  Bitmap Index Scan on sbtest2_pkey  (cost=0.00..22.12 rows=969 width=0)
	        Index Cond: ((id >= 3291074) AND (id <= 3292073))

table 3 : explain SELECT c FROM sbtest3 WHERE id BETWEEN 7135405 AND 7136404
	Bitmap Heap Scan on sbtest3  (cost=23.56..4178.95 rows=1085 width=121)
	  Recheck Cond: ((id >= 7135405) AND (id <= 7136404))
	  ->  Bitmap Index Scan on sbtest3_pkey  (cost=0.00..23.29 rows=1085 width=0)
	        Index Cond: ((id >= 7135405) AND (id <= 7136404))

table 4 : explain SELECT c FROM sbtest4 WHERE id BETWEEN 2168696 AND 2169695
	Bitmap Heap Scan on sbtest4  (cost=22.82..3908.69 rows=1013 width=121)
	  Recheck Cond: ((id >= 2168696) AND (id <= 2169695))
	  ->  Bitmap Index Scan on sbtest4_pkey  (cost=0.00..22.57 rows=1013 width=0)
	        Index Cond: ((id >= 2168696) AND (id <= 2169695))

table 5 : explain SELECT c FROM sbtest5 WHERE id BETWEEN 3851119 AND 3852118
	Bitmap Heap Scan on sbtest5  (cost=22.94..3953.97 rows=1025 width=121)
	  Recheck Cond: ((id >= 3851119) AND (id <= 3852118))
	  ->  Bitmap Index Scan on sbtest5_pkey  (cost=0.00..22.68 rows=1025 width=0)
	        Index Cond: ((id >= 3851119) AND (id <= 3852118))

table 6 : explain SELECT c FROM sbtest6 WHERE id BETWEEN 1101810 AND 1102809
	Bitmap Heap Scan on sbtest6  (cost=22.09..3642.27 rows=942 width=121)
	  Recheck Cond: ((id >= 1101810) AND (id <= 1102809))
	  ->  Bitmap Index Scan on sbtest6_pkey  (cost=0.00..21.86 rows=942 width=0)
	        Index Cond: ((id >= 1101810) AND (id <= 1102809))

table 7 : explain SELECT c FROM sbtest7 WHERE id BETWEEN 1812368 AND 1813367
	Bitmap Heap Scan on sbtest7  (cost=22.33..3728.64 rows=965 width=121)
	  Recheck Cond: ((id >= 1812368) AND (id <= 1813367))
	  ->  Bitmap Index Scan on sbtest7_pkey  (cost=0.00..22.08 rows=965 width=0)
	        Index Cond: ((id >= 1812368) AND (id <= 1813367))

table 8 : explain SELECT c FROM sbtest8 WHERE id BETWEEN 7908583 AND 7909582
	Bitmap Heap Scan on sbtest8  (cost=22.85..3921.90 rows=1016 width=121)
	  Recheck Cond: ((id >= 7908583) AND (id <= 7909582))
	  ->  Bitmap Index Scan on sbtest8_pkey  (cost=0.00..22.59 rows=1016 width=0)
	        Index Cond: ((id >= 7908583) AND (id <= 7909582))

for point_selects
table 1 : explain SELECT c FROM sbtest1 WHERE id=9508858
	Index Scan using sbtest1_pkey on sbtest1  (cost=0.43..8.45 rows=1 width=121)
	  Index Cond: (id = 9508858)

table 2 : explain SELECT c FROM sbtest2 WHERE id=1862242
	Index Scan using sbtest2_pkey on sbtest2  (cost=0.43..8.45 rows=1 width=121)
	  Index Cond: (id = 1862242)

table 3 : explain SELECT c FROM sbtest3 WHERE id=2880118
	Index Scan using sbtest3_pkey on sbtest3  (cost=0.43..8.45 rows=1 width=121)
	  Index Cond: (id = 2880118)

table 4 : explain SELECT c FROM sbtest4 WHERE id=4080411
	Index Scan using sbtest4_pkey on sbtest4  (cost=0.43..8.45 rows=1 width=121)
	  Index Cond: (id = 4080411)

table 5 : explain SELECT c FROM sbtest5 WHERE id=9355603
	Index Scan using sbtest5_pkey on sbtest5  (cost=0.43..8.45 rows=1 width=121)
	  Index Cond: (id = 9355603)

table 6 : explain SELECT c FROM sbtest6 WHERE id=2910332
	Index Scan using sbtest6_pkey on sbtest6  (cost=0.43..8.45 rows=1 width=121)
	  Index Cond: (id = 2910332)

table 7 : explain SELECT c FROM sbtest7 WHERE id=9060962
	Index Scan using sbtest7_pkey on sbtest7  (cost=0.43..8.45 rows=1 width=121)
	  Index Cond: (id = 9060962)

table 8 : explain SELECT c FROM sbtest8 WHERE id=7754662
	Index Scan using sbtest8_pkey on sbtest8  (cost=0.43..8.45 rows=1 width=121)
	  Index Cond: (id = 7754662)

for: sum_ranges
table 1 : explain SELECT SUM(k) FROM sbtest1 WHERE id BETWEEN 8903892 AND 8904891
	Aggregate  (cost=3835.16..3835.17 rows=1 width=8)
	  ->  Bitmap Heap Scan on sbtest1  (cost=22.61..3832.68 rows=993 width=4)
	        Recheck Cond: ((id >= 8903892) AND (id <= 8904891))
	        ->  Bitmap Index Scan on sbtest1_pkey  (cost=0.00..22.36 rows=993 width=0)
	              Index Cond: ((id >= 8903892) AND (id <= 8904891))

table 2 : explain SELECT SUM(k) FROM sbtest2 WHERE id BETWEEN 2940634 AND 2941633
	Aggregate  (cost=3940.68..3940.69 rows=1 width=8)
	  ->  Bitmap Heap Scan on sbtest2  (cost=22.90..3938.13 rows=1021 width=4)
	        Recheck Cond: ((id >= 2940634) AND (id <= 2941633))
	        ->  Bitmap Index Scan on sbtest2_pkey  (cost=0.00..22.64 rows=1021 width=0)
	              Index Cond: ((id >= 2940634) AND (id <= 2941633))

table 3 : explain SELECT SUM(k) FROM sbtest3 WHERE id BETWEEN 1651423 AND 1652422
	Aggregate  (cost=3613.14..3613.15 rows=1 width=8)
	  ->  Bitmap Heap Scan on sbtest3  (cost=22.01..3610.80 rows=934 width=4)
	        Recheck Cond: ((id >= 1651423) AND (id <= 1652422))
	        ->  Bitmap Index Scan on sbtest3_pkey  (cost=0.00..21.77 rows=934 width=0)
	              Index Cond: ((id >= 1651423) AND (id <= 1652422))

table 4 : explain SELECT SUM(k) FROM sbtest4 WHERE id BETWEEN 1022108 AND 1023107
	Aggregate  (cost=4024.11..4024.12 rows=1 width=8)
	  ->  Bitmap Heap Scan on sbtest4  (cost=23.13..4021.50 rows=1043 width=4)
	        Recheck Cond: ((id >= 1022108) AND (id <= 1023107))
	        ->  Bitmap Index Scan on sbtest4_pkey  (cost=0.00..22.86 rows=1043 width=0)
	              Index Cond: ((id >= 1022108) AND (id <= 1023107))

table 5 : explain SELECT SUM(k) FROM sbtest5 WHERE id BETWEEN 5968582 AND 5969581
	Aggregate  (cost=3873.70..3873.71 rows=1 width=8)
	  ->  Bitmap Heap Scan on sbtest5  (cost=22.72..3871.19 rows=1003 width=4)
	        Recheck Cond: ((id >= 5968582) AND (id <= 5969581))
	        ->  Bitmap Index Scan on sbtest5_pkey  (cost=0.00..22.46 rows=1003 width=0)
	              Index Cond: ((id >= 5968582) AND (id <= 5969581))

table 6 : explain SELECT SUM(k) FROM sbtest6 WHERE id BETWEEN 81026 AND 82025
	Aggregate  (cost=3735.21..3735.22 rows=1 width=8)
	  ->  Bitmap Heap Scan on sbtest6  (cost=22.34..3732.80 rows=966 width=4)
	        Recheck Cond: ((id >= 81026) AND (id <= 82025))
	        ->  Bitmap Index Scan on sbtest6_pkey  (cost=0.00..22.09 rows=966 width=0)
	              Index Cond: ((id >= 81026) AND (id <= 82025))

table 7 : explain SELECT SUM(k) FROM sbtest7 WHERE id BETWEEN 6158974 AND 6159973
	Aggregate  (cost=3727.28..3727.29 rows=1 width=8)
	  ->  Bitmap Heap Scan on sbtest7  (cost=22.32..3724.87 rows=964 width=4)
	        Recheck Cond: ((id >= 6158974) AND (id <= 6159973))
	        ->  Bitmap Index Scan on sbtest7_pkey  (cost=0.00..22.07 rows=964 width=0)
	              Index Cond: ((id >= 6158974) AND (id <= 6159973))

table 8 : explain SELECT SUM(k) FROM sbtest8 WHERE id BETWEEN 1094380 AND 1095379
	Aggregate  (cost=3807.59..3807.60 rows=1 width=8)
	  ->  Bitmap Heap Scan on sbtest8  (cost=22.53..3805.13 rows=985 width=4)
	        Recheck Cond: ((id >= 1094380) AND (id <= 1095379))
	        ->  Bitmap Index Scan on sbtest8_pkey  (cost=0.00..22.29 rows=985 width=0)
	              Index Cond: ((id >= 1094380) AND (id <= 1095379))

for point_selects
table 1 : explain SELECT c FROM sbtest1 WHERE id=3929035
	Index Scan using sbtest1_pkey on sbtest1  (cost=0.43..8.45 rows=1 width=121)
	  Index Cond: (id = 3929035)

table 2 : explain SELECT c FROM sbtest2 WHERE id=1882805
	Index Scan using sbtest2_pkey on sbtest2  (cost=0.43..8.45 rows=1 width=121)
	  Index Cond: (id = 1882805)

table 3 : explain SELECT c FROM sbtest3 WHERE id=2066061
	Index Scan using sbtest3_pkey on sbtest3  (cost=0.43..8.45 rows=1 width=121)
	  Index Cond: (id = 2066061)

table 4 : explain SELECT c FROM sbtest4 WHERE id=7228065
	Index Scan using sbtest4_pkey on sbtest4  (cost=0.43..8.45 rows=1 width=121)
	  Index Cond: (id = 7228065)

table 5 : explain SELECT c FROM sbtest5 WHERE id=9249356
	Index Scan using sbtest5_pkey on sbtest5  (cost=0.43..8.45 rows=1 width=121)
	  Index Cond: (id = 9249356)

table 6 : explain SELECT c FROM sbtest6 WHERE id=5144083
	Index Scan using sbtest6_pkey on sbtest6  (cost=0.43..8.45 rows=1 width=121)
	  Index Cond: (id = 5144083)

table 7 : explain SELECT c FROM sbtest7 WHERE id=2886272
	Index Scan using sbtest7_pkey on sbtest7  (cost=0.43..8.45 rows=1 width=121)
	  Index Cond: (id = 2886272)

table 8 : explain SELECT c FROM sbtest8 WHERE id=8928596
	Index Scan using sbtest8_pkey on sbtest8  (cost=0.43..8.45 rows=1 width=121)
	  Index Cond: (id = 8928596)

for: sum_ranges
table 1 : explain SELECT SUM(k) FROM sbtest1 WHERE id BETWEEN 5740693 AND 5741692
	Aggregate  (cost=3733.42..3733.43 rows=1 width=8)
	  ->  Bitmap Heap Scan on sbtest1  (cost=22.34..3731.00 rows=966 width=4)
	        Recheck Cond: ((id >= 5740693) AND (id <= 5741692))
	        ->  Bitmap Index Scan on sbtest1_pkey  (cost=0.00..22.09 rows=966 width=0)
	              Index Cond: ((id >= 5740693) AND (id <= 5741692))

table 2 : explain SELECT SUM(k) FROM sbtest2 WHERE id BETWEEN 9406187 AND 9407186
	Aggregate  (cost=3548.63..3548.64 rows=1 width=8)
	  ->  Bitmap Heap Scan on sbtest2  (cost=21.83..3546.33 rows=917 width=4)
	        Recheck Cond: ((id >= 9406187) AND (id <= 9407186))
	        ->  Bitmap Index Scan on sbtest2_pkey  (cost=0.00..21.61 rows=917 width=0)
	              Index Cond: ((id >= 9406187) AND (id <= 9407186))

table 3 : explain SELECT SUM(k) FROM sbtest3 WHERE id BETWEEN 7635791 AND 7636790
	Aggregate  (cost=3699.93..3699.94 rows=1 width=8)
	  ->  Bitmap Heap Scan on sbtest3  (cost=22.24..3697.54 rows=957 width=4)
	        Recheck Cond: ((id >= 7635791) AND (id <= 7636790))
	        ->  Bitmap Index Scan on sbtest3_pkey  (cost=0.00..22.00 rows=957 width=0)
	              Index Cond: ((id >= 7635791) AND (id <= 7636790))

table 4 : explain SELECT SUM(k) FROM sbtest4 WHERE id BETWEEN 8039996 AND 8040995
	Aggregate  (cost=3911.22..3911.23 rows=1 width=8)
	  ->  Bitmap Heap Scan on sbtest4  (cost=22.82..3908.69 rows=1013 width=4)
	        Recheck Cond: ((id >= 8039996) AND (id <= 8040995))
	        ->  Bitmap Index Scan on sbtest4_pkey  (cost=0.00..22.57 rows=1013 width=0)
	              Index Cond: ((id >= 8039996) AND (id <= 8040995))

table 5 : explain SELECT SUM(k) FROM sbtest5 WHERE id BETWEEN 8123123 AND 8124122
	Aggregate  (cost=3749.34..3749.35 rows=1 width=8)
	  ->  Bitmap Heap Scan on sbtest5  (cost=22.38..3746.91 rows=970 width=4)
	        Recheck Cond: ((id >= 8123123) AND (id <= 8124122))
	        ->  Bitmap Index Scan on sbtest5_pkey  (cost=0.00..22.14 rows=970 width=0)
	              Index Cond: ((id >= 8123123) AND (id <= 8124122))

table 6 : explain SELECT SUM(k) FROM sbtest6 WHERE id BETWEEN 1866298 AND 1867297
	Aggregate  (cost=4002.75..4002.76 rows=1 width=8)
	  ->  Bitmap Heap Scan on sbtest6  (cost=23.06..4000.16 rows=1037 width=4)
	        Recheck Cond: ((id >= 1866298) AND (id <= 1867297))
	        ->  Bitmap Index Scan on sbtest6_pkey  (cost=0.00..22.80 rows=1037 width=0)
	              Index Cond: ((id >= 1866298) AND (id <= 1867297))

table 7 : explain SELECT SUM(k) FROM sbtest7 WHERE id BETWEEN 6593078 AND 6594077
	Aggregate  (cost=4017.37..4017.38 rows=1 width=8)
	  ->  Bitmap Heap Scan on sbtest7  (cost=23.11..4014.77 rows=1041 width=4)
	        Recheck Cond: ((id >= 6593078) AND (id <= 6594077))
	        ->  Bitmap Index Scan on sbtest7_pkey  (cost=0.00..22.84 rows=1041 width=0)
	              Index Cond: ((id >= 6593078) AND (id <= 6594077))

table 8 : explain SELECT SUM(k) FROM sbtest8 WHERE id BETWEEN 9690469 AND 9691468
	Aggregate  (cost=4075.04..4075.05 rows=1 width=8)
	  ->  Bitmap Heap Scan on sbtest8  (cost=23.26..4072.40 rows=1056 width=4)
	        Recheck Cond: ((id >= 9690469) AND (id <= 9691468))
	        ->  Bitmap Index Scan on sbtest8_pkey  (cost=0.00..23.00 rows=1056 width=0)
	              Index Cond: ((id >= 9690469) AND (id <= 9691468))

for: sum_ranges
table 1 : explain SELECT SUM(k) FROM sbtest1 WHERE id BETWEEN 3199550 AND 3200549
	Aggregate  (cost=3921.75..3921.76 rows=1 width=8)
	  ->  Bitmap Heap Scan on sbtest1  (cost=22.85..3919.21 rows=1016 width=4)
	        Recheck Cond: ((id >= 3199550) AND (id <= 3200549))
	        ->  Bitmap Index Scan on sbtest1_pkey  (cost=0.00..22.59 rows=1016 width=0)
	              Index Cond: ((id >= 3199550) AND (id <= 3200549))

table 2 : explain SELECT SUM(k) FROM sbtest2 WHERE id BETWEEN 7768588 AND 7769587
	Aggregate  (cost=3982.07..3982.08 rows=1 width=8)
	  ->  Bitmap Heap Scan on sbtest2  (cost=23.01..3979.49 rows=1032 width=4)
	        Recheck Cond: ((id >= 7768588) AND (id <= 7769587))
	        ->  Bitmap Index Scan on sbtest2_pkey  (cost=0.00..22.75 rows=1032 width=0)
	              Index Cond: ((id >= 7768588) AND (id <= 7769587))

table 3 : explain SELECT SUM(k) FROM sbtest3 WHERE id BETWEEN 7189662 AND 7190661
	Aggregate  (cost=4181.66..4181.67 rows=1 width=8)
	  ->  Bitmap Heap Scan on sbtest3  (cost=23.56..4178.95 rows=1085 width=4)
	        Recheck Cond: ((id >= 7189662) AND (id <= 7190661))
	        ->  Bitmap Index Scan on sbtest3_pkey  (cost=0.00..23.29 rows=1085 width=0)
	              Index Cond: ((id >= 7189662) AND (id <= 7190661))

table 4 : explain SELECT SUM(k) FROM sbtest4 WHERE id BETWEEN 3401499 AND 3402498
	Aggregate  (cost=3511.40..3511.41 rows=1 width=8)
	  ->  Bitmap Heap Scan on sbtest4  (cost=21.73..3509.13 rows=907 width=4)
	        Recheck Cond: ((id >= 3401499) AND (id <= 3402498))
	        ->  Bitmap Index Scan on sbtest4_pkey  (cost=0.00..21.50 rows=907 width=0)
	              Index Cond: ((id >= 3401499) AND (id <= 3402498))

table 5 : explain SELECT SUM(k) FROM sbtest5 WHERE id BETWEEN 6444571 AND 6445570
	Aggregate  (cost=3485.05..3485.06 rows=1 width=8)
	  ->  Bitmap Heap Scan on sbtest5  (cost=21.66..3482.80 rows=900 width=4)
	        Recheck Cond: ((id >= 6444571) AND (id <= 6445570))
	        ->  Bitmap Index Scan on sbtest5_pkey  (cost=0.00..21.43 rows=900 width=0)
	              Index Cond: ((id >= 6444571) AND (id <= 6445570))

table 6 : explain SELECT SUM(k) FROM sbtest6 WHERE id BETWEEN 8136532 AND 8137531
	Aggregate  (cost=3663.51..3663.52 rows=1 width=8)
	  ->  Bitmap Heap Scan on sbtest6  (cost=22.14..3661.14 rows=947 width=4)
	        Recheck Cond: ((id >= 8136532) AND (id <= 8137531))
	        ->  Bitmap Index Scan on sbtest6_pkey  (cost=0.00..21.90 rows=947 width=0)
	              Index Cond: ((id >= 8136532) AND (id <= 8137531))

table 7 : explain SELECT SUM(k) FROM sbtest7 WHERE id BETWEEN 6398929 AND 6399928
	Aggregate  (cost=4047.47..4047.48 rows=1 width=8)
	  ->  Bitmap Heap Scan on sbtest7  (cost=23.19..4044.85 rows=1049 width=4)
	        Recheck Cond: ((id >= 6398929) AND (id <= 6399928))
	        ->  Bitmap Index Scan on sbtest7_pkey  (cost=0.00..22.93 rows=1049 width=0)
	              Index Cond: ((id >= 6398929) AND (id <= 6399928))

table 8 : explain SELECT SUM(k) FROM sbtest8 WHERE id BETWEEN 7475003 AND 7476002
	Aggregate  (cost=4116.65..4116.66 rows=1 width=8)
	  ->  Bitmap Heap Scan on sbtest8  (cost=27.36..4113.99 rows=1066 width=4)
	        Recheck Cond: ((id >= 7475003) AND (id <= 7476002))
	        ->  Bitmap Index Scan on sbtest8_pkey  (cost=0.00..27.09 rows=1066 width=0)
	              Index Cond: ((id >= 7475003) AND (id <= 7476002))

for: sum_ranges
table 1 : explain SELECT SUM(k) FROM sbtest1 WHERE id BETWEEN 967062 AND 968061
	Aggregate  (cost=3756.04..3756.05 rows=1 width=8)
	  ->  Bitmap Heap Scan on sbtest1  (cost=22.40..3753.61 rows=972 width=4)
	        Recheck Cond: ((id >= 967062) AND (id <= 968061))
	        ->  Bitmap Index Scan on sbtest1_pkey  (cost=0.00..22.15 rows=972 width=0)
	              Index Cond: ((id >= 967062) AND (id <= 968061))

table 2 : explain SELECT SUM(k) FROM sbtest2 WHERE id BETWEEN 2715948 AND 2716947
	Aggregate  (cost=4196.29..4196.30 rows=1 width=8)
	  ->  Bitmap Heap Scan on sbtest2  (cost=23.61..4193.57 rows=1090 width=4)
	        Recheck Cond: ((id >= 2715948) AND (id <= 2716947))
	        ->  Bitmap Index Scan on sbtest2_pkey  (cost=0.00..23.33 rows=1090 width=0)
	              Index Cond: ((id >= 2715948) AND (id <= 2716947))

table 3 : explain SELECT SUM(k) FROM sbtest3 WHERE id BETWEEN 7011100 AND 7012099
	Aggregate  (cost=3907.18..3907.19 rows=1 width=8)
	  ->  Bitmap Heap Scan on sbtest3  (cost=22.81..3904.65 rows=1012 width=4)
	        Recheck Cond: ((id >= 7011100) AND (id <= 7012099))
	        ->  Bitmap Index Scan on sbtest3_pkey  (cost=0.00..22.55 rows=1012 width=0)
	              Index Cond: ((id >= 7011100) AND (id <= 7012099))

table 4 : explain SELECT SUM(k) FROM sbtest4 WHERE id BETWEEN 6911299 AND 6912298
	Aggregate  (cost=3884.86..3884.87 rows=1 width=8)
	  ->  Bitmap Heap Scan on sbtest4  (cost=22.75..3882.35 rows=1006 width=4)
	        Recheck Cond: ((id >= 6911299) AND (id <= 6912298))
	        ->  Bitmap Index Scan on sbtest4_pkey  (cost=0.00..22.50 rows=1006 width=0)
	              Index Cond: ((id >= 6911299) AND (id <= 6912298))

table 5 : explain SELECT SUM(k) FROM sbtest5 WHERE id BETWEEN 8297860 AND 8298859
	Aggregate  (cost=3594.62..3594.63 rows=1 width=8)
	  ->  Bitmap Heap Scan on sbtest5  (cost=21.96..3592.30 rows=929 width=4)
	        Recheck Cond: ((id >= 8297860) AND (id <= 8298859))
	        ->  Bitmap Index Scan on sbtest5_pkey  (cost=0.00..21.72 rows=929 width=0)
	              Index Cond: ((id >= 8297860) AND (id <= 8298859))

table 6 : explain SELECT SUM(k) FROM sbtest6 WHERE id BETWEEN 172517 AND 173516
	Aggregate  (cost=3980.17..3980.18 rows=1 width=8)
	  ->  Bitmap Heap Scan on sbtest6  (cost=23.00..3977.59 rows=1031 width=4)
	        Recheck Cond: ((id >= 172517) AND (id <= 173516))
	        ->  Bitmap Index Scan on sbtest6_pkey  (cost=0.00..22.75 rows=1031 width=0)
	              Index Cond: ((id >= 172517) AND (id <= 173516))

table 7 : explain SELECT SUM(k) FROM sbtest7 WHERE id BETWEEN 4023658 AND 4024657
	Aggregate  (cost=4186.56..4186.57 rows=1 width=8)
	  ->  Bitmap Heap Scan on sbtest7  (cost=23.57..4183.84 rows=1086 width=4)
	        Recheck Cond: ((id >= 4023658) AND (id <= 4024657))
	        ->  Bitmap Index Scan on sbtest7_pkey  (cost=0.00..23.29 rows=1086 width=0)
	              Index Cond: ((id >= 4023658) AND (id <= 4024657))

table 8 : explain SELECT SUM(k) FROM sbtest8 WHERE id BETWEEN 1680361 AND 1681360
	Aggregate  (cost=3683.07..3683.08 rows=1 width=8)
	  ->  Bitmap Heap Scan on sbtest8  (cost=22.19..3680.69 rows=952 width=4)
	        Recheck Cond: ((id >= 1680361) AND (id <= 1681360))
	        ->  Bitmap Index Scan on sbtest8_pkey  (cost=0.00..21.95 rows=952 width=0)
	              Index Cond: ((id >= 1680361) AND (id <= 1681360))

for: sum_ranges
table 1 : explain SELECT SUM(k) FROM sbtest1 WHERE id BETWEEN 8071076 AND 8072075
	Aggregate  (cost=3816.33..3816.34 rows=1 width=8)
	  ->  Bitmap Heap Scan on sbtest1  (cost=22.56..3813.86 rows=988 width=4)
	        Recheck Cond: ((id >= 8071076) AND (id <= 8072075))
	        ->  Bitmap Index Scan on sbtest1_pkey  (cost=0.00..22.32 rows=988 width=0)
	              Index Cond: ((id >= 8071076) AND (id <= 8072075))

table 2 : explain SELECT SUM(k) FROM sbtest2 WHERE id BETWEEN 1183701 AND 1184700
	Aggregate  (cost=3989.59..3989.60 rows=1 width=8)
	  ->  Bitmap Heap Scan on sbtest2  (cost=23.03..3987.01 rows=1034 width=4)
	        Recheck Cond: ((id >= 1183701) AND (id <= 1184700))
	        ->  Bitmap Index Scan on sbtest2_pkey  (cost=0.00..22.77 rows=1034 width=0)
	              Index Cond: ((id >= 1183701) AND (id <= 1184700))

table 3 : explain SELECT SUM(k) FROM sbtest3 WHERE id BETWEEN 7622935 AND 7623934
	Aggregate  (cost=3699.93..3699.94 rows=1 width=8)
	  ->  Bitmap Heap Scan on sbtest3  (cost=22.24..3697.54 rows=957 width=4)
	        Recheck Cond: ((id >= 7622935) AND (id <= 7623934))
	        ->  Bitmap Index Scan on sbtest3_pkey  (cost=0.00..22.00 rows=957 width=0)
	              Index Cond: ((id >= 7622935) AND (id <= 7623934))

table 4 : explain SELECT SUM(k) FROM sbtest4 WHERE id BETWEEN 5930715 AND 5931714
	Aggregate  (cost=4080.51..4080.52 rows=1 width=8)
	  ->  Bitmap Heap Scan on sbtest4  (cost=23.28..4077.87 rows=1058 width=4)
	        Recheck Cond: ((id >= 5930715) AND (id <= 5931714))
	        ->  Bitmap Index Scan on sbtest4_pkey  (cost=0.00..23.01 rows=1058 width=0)
	              Index Cond: ((id >= 5930715) AND (id <= 5931714))

table 5 : explain SELECT SUM(k) FROM sbtest5 WHERE id BETWEEN 3054020 AND 3055019
	Aggregate  (cost=3828.49..3828.50 rows=1 width=8)
	  ->  Bitmap Heap Scan on sbtest5  (cost=22.59..3826.01 rows=991 width=4)
	        Recheck Cond: ((id >= 3054020) AND (id <= 3055019))
	        ->  Bitmap Index Scan on sbtest5_pkey  (cost=0.00..22.34 rows=991 width=0)
	              Index Cond: ((id >= 3054020) AND (id <= 3055019))

table 6 : explain SELECT SUM(k) FROM sbtest6 WHERE id BETWEEN 7488230 AND 7489229
	Aggregate  (cost=4014.04..4014.05 rows=1 width=8)
	  ->  Bitmap Heap Scan on sbtest6  (cost=23.09..4011.44 rows=1040 width=4)
	        Recheck Cond: ((id >= 7488230) AND (id <= 7489229))
	        ->  Bitmap Index Scan on sbtest6_pkey  (cost=0.00..22.83 rows=1040 width=0)
	              Index Cond: ((id >= 7488230) AND (id <= 7489229))

table 7 : explain SELECT SUM(k) FROM sbtest7 WHERE id BETWEEN 3818961 AND 3819960
	Aggregate  (cost=3780.08..3780.09 rows=1 width=8)
	  ->  Bitmap Heap Scan on sbtest7  (cost=22.46..3777.64 rows=978 width=4)
	        Recheck Cond: ((id >= 3818961) AND (id <= 3819960))
	        ->  Bitmap Index Scan on sbtest7_pkey  (cost=0.00..22.21 rows=978 width=0)
	              Index Cond: ((id >= 3818961) AND (id <= 3819960))

table 8 : explain SELECT SUM(k) FROM sbtest8 WHERE id BETWEEN 6742606 AND 6743605
	Aggregate  (cost=3954.58..3954.59 rows=1 width=8)
	  ->  Bitmap Heap Scan on sbtest8  (cost=22.93..3952.02 rows=1024 width=4)
	        Recheck Cond: ((id >= 6742606) AND (id <= 6743605))
	        ->  Bitmap Index Scan on sbtest8_pkey  (cost=0.00..22.68 rows=1024 width=0)
	              Index Cond: ((id >= 6742606) AND (id <= 6743605))

for: simple_ranges
table 1 : explain SELECT c FROM sbtest1 WHERE id BETWEEN 2781262 AND 2782261
	Bitmap Heap Scan on sbtest1  (cost=23.12..4016.95 rows=1042 width=121)
	  Recheck Cond: ((id >= 2781262) AND (id <= 2782261))
	  ->  Bitmap Index Scan on sbtest1_pkey  (cost=0.00..22.86 rows=1042 width=0)
	        Index Cond: ((id >= 2781262) AND (id <= 2782261))

table 2 : explain SELECT c FROM sbtest2 WHERE id BETWEEN 135226 AND 136225
	Bitmap Heap Scan on sbtest2  (cost=22.35..3734.88 rows=967 width=121)
	  Recheck Cond: ((id >= 135226) AND (id <= 136225))
	  ->  Bitmap Index Scan on sbtest2_pkey  (cost=0.00..22.11 rows=967 width=0)
	        Index Cond: ((id >= 135226) AND (id <= 136225))

table 3 : explain SELECT c FROM sbtest3 WHERE id BETWEEN 7736526 AND 7737525
	Bitmap Heap Scan on sbtest3  (cost=22.46..3776.66 rows=978 width=121)
	  Recheck Cond: ((id >= 7736526) AND (id <= 7737525))
	  ->  Bitmap Index Scan on sbtest3_pkey  (cost=0.00..22.21 rows=978 width=0)
	        Index Cond: ((id >= 7736526) AND (id <= 7737525))

table 4 : explain SELECT c FROM sbtest4 WHERE id BETWEEN 8033415 AND 8034414
	Bitmap Heap Scan on sbtest4  (cost=22.82..3908.69 rows=1013 width=121)
	  Recheck Cond: ((id >= 8033415) AND (id <= 8034414))
	  ->  Bitmap Index Scan on sbtest4_pkey  (cost=0.00..22.57 rows=1013 width=0)
	        Index Cond: ((id >= 8033415) AND (id <= 8034414))

table 5 : explain SELECT c FROM sbtest5 WHERE id BETWEEN 7084140 AND 7085139
	Bitmap Heap Scan on sbtest5  (cost=22.71..3867.43 rows=1002 width=121)
	  Recheck Cond: ((id >= 7084140) AND (id <= 7085139))
	  ->  Bitmap Index Scan on sbtest5_pkey  (cost=0.00..22.45 rows=1002 width=0)
	        Index Cond: ((id >= 7084140) AND (id <= 7085139))

table 6 : explain SELECT c FROM sbtest6 WHERE id BETWEEN 2362309 AND 2363308
	Bitmap Heap Scan on sbtest6  (cost=22.12..3653.59 rows=945 width=121)
	  Recheck Cond: ((id >= 2362309) AND (id <= 2363308))
	  ->  Bitmap Index Scan on sbtest6_pkey  (cost=0.00..21.89 rows=945 width=0)
	        Index Cond: ((id >= 2362309) AND (id <= 2363308))

table 7 : explain SELECT c FROM sbtest7 WHERE id BETWEEN 8307023 AND 8308022
	Bitmap Heap Scan on sbtest7  (cost=23.33..4097.46 rows=1063 width=121)
	  Recheck Cond: ((id >= 8307023) AND (id <= 8308022))
	  ->  Bitmap Index Scan on sbtest7_pkey  (cost=0.00..23.07 rows=1063 width=0)
	        Index Cond: ((id >= 8307023) AND (id <= 8308022))

table 8 : explain SELECT c FROM sbtest8 WHERE id BETWEEN 8288270 AND 8289269
	Bitmap Heap Scan on sbtest8  (cost=22.88..3933.20 rows=1019 width=121)
	  Recheck Cond: ((id >= 8288270) AND (id <= 8289269))
	  ->  Bitmap Index Scan on sbtest8_pkey  (cost=0.00..22.62 rows=1019 width=0)
	        Index Cond: ((id >= 8288270) AND (id <= 8289269))

for point_selects
table 1 : explain SELECT c FROM sbtest1 WHERE id=5802268
	Index Scan using sbtest1_pkey on sbtest1  (cost=0.43..8.45 rows=1 width=121)
	  Index Cond: (id = 5802268)

table 2 : explain SELECT c FROM sbtest2 WHERE id=592447
	Index Scan using sbtest2_pkey on sbtest2  (cost=0.43..8.45 rows=1 width=121)
	  Index Cond: (id = 592447)

table 3 : explain SELECT c FROM sbtest3 WHERE id=7888009
	Index Scan using sbtest3_pkey on sbtest3  (cost=0.43..8.45 rows=1 width=121)
	  Index Cond: (id = 7888009)

table 4 : explain SELECT c FROM sbtest4 WHERE id=6131645
	Index Scan using sbtest4_pkey on sbtest4  (cost=0.43..8.45 rows=1 width=121)
	  Index Cond: (id = 6131645)

table 5 : explain SELECT c FROM sbtest5 WHERE id=8353026
	Index Scan using sbtest5_pkey on sbtest5  (cost=0.43..8.45 rows=1 width=121)
	  Index Cond: (id = 8353026)

table 6 : explain SELECT c FROM sbtest6 WHERE id=4762901
	Index Scan using sbtest6_pkey on sbtest6  (cost=0.43..8.45 rows=1 width=121)
	  Index Cond: (id = 4762901)

table 7 : explain SELECT c FROM sbtest7 WHERE id=1566643
	Index Scan using sbtest7_pkey on sbtest7  (cost=0.43..8.45 rows=1 width=121)
	  Index Cond: (id = 1566643)

table 8 : explain SELECT c FROM sbtest8 WHERE id=4989883
	Index Scan using sbtest8_pkey on sbtest8  (cost=0.43..8.45 rows=1 width=121)
	  Index Cond: (id = 4989883)

for: simple_ranges
table 1 : explain SELECT c FROM sbtest1 WHERE id BETWEEN 5023520 AND 5024519
	Bitmap Heap Scan on sbtest1  (cost=22.64..3843.97 rows=996 width=121)
	  Recheck Cond: ((id >= 5023520) AND (id <= 5024519))
	  ->  Bitmap Index Scan on sbtest1_pkey  (cost=0.00..22.39 rows=996 width=0)
	        Index Cond: ((id >= 5023520) AND (id <= 5024519))

table 2 : explain SELECT c FROM sbtest2 WHERE id BETWEEN 9735951 AND 9736950
	Bitmap Heap Scan on sbtest2  (cost=22.71..3866.66 rows=1002 width=121)
	  Recheck Cond: ((id >= 9735951) AND (id <= 9736950))
	  ->  Bitmap Index Scan on sbtest2_pkey  (cost=0.00..22.45 rows=1002 width=0)
	        Index Cond: ((id >= 9735951) AND (id <= 9736950))

table 3 : explain SELECT c FROM sbtest3 WHERE id BETWEEN 8272453 AND 8273452
	Bitmap Heap Scan on sbtest3  (cost=28.10..4377.95 rows=1138 width=121)
	  Recheck Cond: ((id >= 8272453) AND (id <= 8273452))
	  ->  Bitmap Index Scan on sbtest3_pkey  (cost=0.00..27.82 rows=1138 width=0)
	        Index Cond: ((id >= 8272453) AND (id <= 8273452))

table 4 : explain SELECT c FROM sbtest4 WHERE id BETWEEN 9789994 AND 9790993
	Bitmap Heap Scan on sbtest4  (cost=27.78..4262.07 rows=1107 width=121)
	  Recheck Cond: ((id >= 9789994) AND (id <= 9790993))
	  ->  Bitmap Index Scan on sbtest4_pkey  (cost=0.00..27.50 rows=1107 width=0)
	        Index Cond: ((id >= 9789994) AND (id <= 9790993))

table 5 : explain SELECT c FROM sbtest5 WHERE id BETWEEN 881079 AND 882078
	Bitmap Heap Scan on sbtest5  (cost=28.65..4580.60 rows=1192 width=121)
	  Recheck Cond: ((id >= 881079) AND (id <= 882078))
	  ->  Bitmap Index Scan on sbtest5_pkey  (cost=0.00..28.36 rows=1192 width=0)
	        Index Cond: ((id >= 881079) AND (id <= 882078))

table 6 : explain SELECT c FROM sbtest6 WHERE id BETWEEN 6190786 AND 6191785
	Bitmap Heap Scan on sbtest6  (cost=22.86..3924.91 rows=1017 width=121)
	  Recheck Cond: ((id >= 6190786) AND (id <= 6191785))
	  ->  Bitmap Index Scan on sbtest6_pkey  (cost=0.00..22.61 rows=1017 width=0)
	        Index Cond: ((id >= 6190786) AND (id <= 6191785))

table 7 : explain SELECT c FROM sbtest7 WHERE id BETWEEN 9281369 AND 9282368
	Bitmap Heap Scan on sbtest7  (cost=23.37..4112.49 rows=1067 width=121)
	  Recheck Cond: ((id >= 9281369) AND (id <= 9282368))
	  ->  Bitmap Index Scan on sbtest7_pkey  (cost=0.00..23.11 rows=1067 width=0)
	        Index Cond: ((id >= 9281369) AND (id <= 9282368))

table 8 : explain SELECT c FROM sbtest8 WHERE id BETWEEN 3522011 AND 3523010
	Bitmap Heap Scan on sbtest8  (cost=22.51..3797.59 rows=983 width=121)
	  Recheck Cond: ((id >= 3522011) AND (id <= 3523010))
	  ->  Bitmap Index Scan on sbtest8_pkey  (cost=0.00..22.26 rows=983 width=0)
	        Index Cond: ((id >= 3522011) AND (id <= 3523010))

for: distinct_ranges
table 1 : explain SELECT DISTINCT c FROM sbtest1 WHERE id BETWEEN 8584659 AND 8585658 ORDER BY c
	Unique  (cost=3866.82..3871.77 rows=989 width=121)
	  ->  Sort  (cost=3866.82..3869.29 rows=989 width=121)
	        Sort Key: c
	        ->  Bitmap Heap Scan on sbtest1  (cost=22.57..3817.62 rows=989 width=121)
	              Recheck Cond: ((id >= 8584659) AND (id <= 8585658))
	              ->  Bitmap Index Scan on sbtest1_pkey  (cost=0.00..22.32 rows=989 width=0)
	                    Index Cond: ((id >= 8584659) AND (id <= 8585658))

table 2 : explain SELECT DISTINCT c FROM sbtest2 WHERE id BETWEEN 9849014 AND 9850013 ORDER BY c
	Unique  (cost=3977.71..3982.80 rows=1018 width=121)
	  ->  Sort  (cost=3977.71..3980.25 rows=1018 width=121)
	        Sort Key: c
	        ->  Bitmap Heap Scan on sbtest2  (cost=22.87..3926.85 rows=1018 width=121)
	              Recheck Cond: ((id >= 9849014) AND (id <= 9850013))
	              ->  Bitmap Index Scan on sbtest2_pkey  (cost=0.00..22.61 rows=1018 width=0)
	                    Index Cond: ((id >= 9849014) AND (id <= 9850013))

table 3 : explain SELECT DISTINCT c FROM sbtest3 WHERE id BETWEEN 1195217 AND 1196216 ORDER BY c
	Unique  (cost=3993.35..3998.46 rows=1022 width=121)
	  ->  Sort  (cost=3993.35..3995.91 rows=1022 width=121)
	        Sort Key: c
	        ->  Bitmap Heap Scan on sbtest3  (cost=22.91..3942.27 rows=1022 width=121)
	              Recheck Cond: ((id >= 1195217) AND (id <= 1196216))
	              ->  Bitmap Index Scan on sbtest3_pkey  (cost=0.00..22.65 rows=1022 width=0)
	                    Index Cond: ((id >= 1195217) AND (id <= 1196216))

table 4 : explain SELECT DISTINCT c FROM sbtest4 WHERE id BETWEEN 2081164 AND 2082163 ORDER BY c
	Unique  (cost=4199.65..4205.03 rows=1076 width=121)
	  ->  Sort  (cost=4199.65..4202.34 rows=1076 width=121)
	        Sort Key: c
	        ->  Bitmap Heap Scan on sbtest4  (cost=23.46..4145.47 rows=1076 width=121)
	              Recheck Cond: ((id >= 2081164) AND (id <= 2082163))
	              ->  Bitmap Index Scan on sbtest4_pkey  (cost=0.00..23.19 rows=1076 width=0)
	                    Index Cond: ((id >= 2081164) AND (id <= 2082163))

table 5 : explain SELECT DISTINCT c FROM sbtest5 WHERE id BETWEEN 7467631 AND 7468630 ORDER BY c
	Unique  (cost=4085.38..4090.61 rows=1046 width=121)
	  ->  Sort  (cost=4085.38..4088.00 rows=1046 width=121)
	        Sort Key: c
	        ->  Bitmap Heap Scan on sbtest5  (cost=23.16..4032.92 rows=1046 width=121)
	              Recheck Cond: ((id >= 7467631) AND (id <= 7468630))
	              ->  Bitmap Index Scan on sbtest5_pkey  (cost=0.00..22.89 rows=1046 width=0)
	                    Index Cond: ((id >= 7467631) AND (id <= 7468630))

table 6 : explain SELECT DISTINCT c FROM sbtest6 WHERE id BETWEEN 1616521 AND 1617520 ORDER BY c
	Unique  (cost=3826.61..3831.50 rows=978 width=121)
	  ->  Sort  (cost=3826.61..3829.05 rows=978 width=121)
	        Sort Key: c
	        ->  Bitmap Heap Scan on sbtest6  (cost=22.46..3778.03 rows=978 width=121)
	              Recheck Cond: ((id >= 1616521) AND (id <= 1617520))
	              ->  Bitmap Index Scan on sbtest6_pkey  (cost=0.00..22.21 rows=978 width=0)
	                    Index Cond: ((id >= 1616521) AND (id <= 1617520))

table 7 : explain SELECT DISTINCT c FROM sbtest7 WHERE id BETWEEN 3236053 AND 3237052 ORDER BY c
	Unique  (cost=4044.04..4049.21 rows=1035 width=121)
	  ->  Sort  (cost=4044.04..4046.63 rows=1035 width=121)
	        Sort Key: c
	        ->  Bitmap Heap Scan on sbtest7  (cost=23.04..3992.21 rows=1035 width=121)
	              Recheck Cond: ((id >= 3236053) AND (id <= 3237052))
	              ->  Bitmap Index Scan on sbtest7_pkey  (cost=0.00..22.79 rows=1035 width=0)
	                    Index Cond: ((id >= 3236053) AND (id <= 3237052))

table 8 : explain SELECT DISTINCT c FROM sbtest8 WHERE id BETWEEN 7654026 AND 7655025 ORDER BY c
	Unique  (cost=3712.46..3717.20 rows=948 width=121)
	  ->  Sort  (cost=3712.46..3714.83 rows=948 width=121)
	        Sort Key: c
	        ->  Bitmap Heap Scan on sbtest8  (cost=22.15..3665.59 rows=948 width=121)
	              Recheck Cond: ((id >= 7654026) AND (id <= 7655025))
	              ->  Bitmap Index Scan on sbtest8_pkey  (cost=0.00..21.91 rows=948 width=0)
	                    Index Cond: ((id >= 7654026) AND (id <= 7655025))

for: sum_ranges
table 1 : explain SELECT SUM(k) FROM sbtest1 WHERE id BETWEEN 9361062 AND 9362061
	Aggregate  (cost=3944.33..3944.34 rows=1 width=8)
	  ->  Bitmap Heap Scan on sbtest1  (cost=22.91..3941.78 rows=1022 width=4)
	        Recheck Cond: ((id >= 9361062) AND (id <= 9362061))
	        ->  Bitmap Index Scan on sbtest1_pkey  (cost=0.00..22.65 rows=1022 width=0)
	              Index Cond: ((id >= 9361062) AND (id <= 9362061))

table 2 : explain SELECT SUM(k) FROM sbtest2 WHERE id BETWEEN 5601310 AND 5602309
	Aggregate  (cost=3899.28..3899.29 rows=1 width=8)
	  ->  Bitmap Heap Scan on sbtest2  (cost=22.79..3896.76 rows=1010 width=4)
	        Recheck Cond: ((id >= 5601310) AND (id <= 5602309))
	        ->  Bitmap Index Scan on sbtest2_pkey  (cost=0.00..22.54 rows=1010 width=0)
	              Index Cond: ((id >= 5601310) AND (id <= 5602309))

table 3 : explain SELECT SUM(k) FROM sbtest3 WHERE id BETWEEN 6386842 AND 6387841
	Aggregate  (cost=3884.59..3884.60 rows=1 width=8)
	  ->  Bitmap Heap Scan on sbtest3  (cost=22.75..3882.08 rows=1006 width=4)
	        Recheck Cond: ((id >= 6386842) AND (id <= 6387841))
	        ->  Bitmap Index Scan on sbtest3_pkey  (cost=0.00..22.50 rows=1006 width=0)
	              Index Cond: ((id >= 6386842) AND (id <= 6387841))

table 4 : explain SELECT SUM(k) FROM sbtest4 WHERE id BETWEEN 1240343 AND 1241342
	Aggregate  (cost=3963.92..3963.93 rows=1 width=8)
	  ->  Bitmap Heap Scan on sbtest4  (cost=22.96..3961.35 rows=1027 width=4)
	        Recheck Cond: ((id >= 1240343) AND (id <= 1241342))
	        ->  Bitmap Index Scan on sbtest4_pkey  (cost=0.00..22.70 rows=1027 width=0)
	              Index Cond: ((id >= 1240343) AND (id <= 1241342))

table 5 : explain SELECT SUM(k) FROM sbtest5 WHERE id BETWEEN 3874639 AND 3875638
	Aggregate  (cost=3956.53..3956.54 rows=1 width=8)
	  ->  Bitmap Heap Scan on sbtest5  (cost=22.94..3953.97 rows=1025 width=4)
	        Recheck Cond: ((id >= 3874639) AND (id <= 3875638))
	        ->  Bitmap Index Scan on sbtest5_pkey  (cost=0.00..22.68 rows=1025 width=0)
	              Index Cond: ((id >= 3874639) AND (id <= 3875638))

table 6 : explain SELECT SUM(k) FROM sbtest6 WHERE id BETWEEN 1749463 AND 1750462
	Aggregate  (cost=4254.90..4254.91 rows=1 width=8)
	  ->  Bitmap Heap Scan on sbtest6  (cost=27.75..4252.14 rows=1104 width=4)
	        Recheck Cond: ((id >= 1749463) AND (id <= 1750462))
	        ->  Bitmap Index Scan on sbtest6_pkey  (cost=0.00..27.47 rows=1104 width=0)
	              Index Cond: ((id >= 1749463) AND (id <= 1750462))

table 7 : explain SELECT SUM(k) FROM sbtest7 WHERE id BETWEEN 6913536 AND 6914535
	Aggregate  (cost=4141.47..4141.48 rows=1 width=8)
	  ->  Bitmap Heap Scan on sbtest7  (cost=23.44..4138.78 rows=1074 width=4)
	        Recheck Cond: ((id >= 6913536) AND (id <= 6914535))
	        ->  Bitmap Index Scan on sbtest7_pkey  (cost=0.00..23.18 rows=1074 width=0)
	              Index Cond: ((id >= 6913536) AND (id <= 6914535))

table 8 : explain SELECT SUM(k) FROM sbtest8 WHERE id BETWEEN 332905 AND 333904
	Aggregate  (cost=3573.51..3573.52 rows=1 width=8)
	  ->  Bitmap Heap Scan on sbtest8  (cost=21.90..3571.21 rows=923 width=4)
	        Recheck Cond: ((id >= 332905) AND (id <= 333904))
	        ->  Bitmap Index Scan on sbtest8_pkey  (cost=0.00..21.66 rows=923 width=0)
	              Index Cond: ((id >= 332905) AND (id <= 333904))

for: sum_ranges
table 1 : explain SELECT SUM(k) FROM sbtest1 WHERE id BETWEEN 7180764 AND 7181763
	Aggregate  (cost=4335.23..4335.24 rows=1 width=8)
	  ->  Bitmap Heap Scan on sbtest1  (cost=27.98..4332.42 rows=1126 width=4)
	        Recheck Cond: ((id >= 7180764) AND (id <= 7181763))
	        ->  Bitmap Index Scan on sbtest1_pkey  (cost=0.00..27.69 rows=1126 width=0)
	              Index Cond: ((id >= 7180764) AND (id <= 7181763))

table 2 : explain SELECT SUM(k) FROM sbtest2 WHERE id BETWEEN 3621856 AND 3622855
	Aggregate  (cost=3895.52..3895.53 rows=1 width=8)
	  ->  Bitmap Heap Scan on sbtest2  (cost=22.78..3893.00 rows=1009 width=4)
	        Recheck Cond: ((id >= 3621856) AND (id <= 3622855))
	        ->  Bitmap Index Scan on sbtest2_pkey  (cost=0.00..22.52 rows=1009 width=0)
	              Index Cond: ((id >= 3621856) AND (id <= 3622855))

table 3 : explain SELECT SUM(k) FROM sbtest3 WHERE id BETWEEN 6472047 AND 6473046
	Aggregate  (cost=3450.69..3450.70 rows=1 width=8)
	  ->  Bitmap Heap Scan on sbtest3  (cost=21.57..3448.46 rows=891 width=4)
	        Recheck Cond: ((id >= 6472047) AND (id <= 6473046))
	        ->  Bitmap Index Scan on sbtest3_pkey  (cost=0.00..21.34 rows=891 width=0)
	              Index Cond: ((id >= 6472047) AND (id <= 6473046))

table 4 : explain SELECT SUM(k) FROM sbtest4 WHERE id BETWEEN 7330115 AND 7331114
	Aggregate  (cost=4076.75..4076.76 rows=1 width=8)
	  ->  Bitmap Heap Scan on sbtest4  (cost=23.27..4074.11 rows=1057 width=4)
	        Recheck Cond: ((id >= 7330115) AND (id <= 7331114))
	        ->  Bitmap Index Scan on sbtest4_pkey  (cost=0.00..23.00 rows=1057 width=0)
	              Index Cond: ((id >= 7330115) AND (id <= 7331114))

table 5 : explain SELECT SUM(k) FROM sbtest5 WHERE id BETWEEN 1333043 AND 1334042
	Aggregate  (cost=4148.30..4148.31 rows=1 width=8)
	  ->  Bitmap Heap Scan on sbtest5  (cost=23.46..4145.61 rows=1076 width=4)
	        Recheck Cond: ((id >= 1333043) AND (id <= 1334042))
	        ->  Bitmap Index Scan on sbtest5_pkey  (cost=0.00..23.19 rows=1076 width=0)
	              Index Cond: ((id >= 1333043) AND (id <= 1334042))

table 6 : explain SELECT SUM(k) FROM sbtest6 WHERE id BETWEEN 3206151 AND 3207150
	Aggregate  (cost=3629.52..3629.53 rows=1 width=8)
	  ->  Bitmap Heap Scan on sbtest6  (cost=22.05..3627.18 rows=938 width=4)
	        Recheck Cond: ((id >= 3206151) AND (id <= 3207150))
	        ->  Bitmap Index Scan on sbtest6_pkey  (cost=0.00..21.82 rows=938 width=0)
	              Index Cond: ((id >= 3206151) AND (id <= 3207150))

table 7 : explain SELECT SUM(k) FROM sbtest7 WHERE id BETWEEN 5151743 AND 5152742
	Aggregate  (cost=3885.61..3885.62 rows=1 width=8)
	  ->  Bitmap Heap Scan on sbtest7  (cost=22.75..3883.09 rows=1006 width=4)
	        Recheck Cond: ((id >= 5151743) AND (id <= 5152742))
	        ->  Bitmap Index Scan on sbtest7_pkey  (cost=0.00..22.50 rows=1006 width=0)
	              Index Cond: ((id >= 5151743) AND (id <= 5152742))

table 8 : explain SELECT SUM(k) FROM sbtest8 WHERE id BETWEEN 3946974 AND 3947973
	Aggregate  (cost=3649.08..3649.09 rows=1 width=8)
	  ->  Bitmap Heap Scan on sbtest8  (cost=22.10..3646.72 rows=943 width=4)
	        Recheck Cond: ((id >= 3946974) AND (id <= 3947973))
	        ->  Bitmap Index Scan on sbtest8_pkey  (cost=0.00..21.86 rows=943 width=0)
	              Index Cond: ((id >= 3946974) AND (id <= 3947973))

for: sum_ranges
table 1 : explain SELECT SUM(k) FROM sbtest1 WHERE id BETWEEN 1565367 AND 1566366
	Aggregate  (cost=3940.57..3940.58 rows=1 width=8)
	  ->  Bitmap Heap Scan on sbtest1  (cost=22.90..3938.01 rows=1021 width=4)
	        Recheck Cond: ((id >= 1565367) AND (id <= 1566366))
	        ->  Bitmap Index Scan on sbtest1_pkey  (cost=0.00..22.64 rows=1021 width=0)
	              Index Cond: ((id >= 1565367) AND (id <= 1566366))

table 2 : explain SELECT SUM(k) FROM sbtest2 WHERE id BETWEEN 1079345 AND 1080344
	Aggregate  (cost=3872.93..3872.94 rows=1 width=8)
	  ->  Bitmap Heap Scan on sbtest2  (cost=22.72..3870.42 rows=1003 width=4)
	        Recheck Cond: ((id >= 1079345) AND (id <= 1080344))
	        ->  Bitmap Index Scan on sbtest2_pkey  (cost=0.00..22.46 rows=1003 width=0)
	              Index Cond: ((id >= 1079345) AND (id <= 1080344))

table 3 : explain SELECT SUM(k) FROM sbtest3 WHERE id BETWEEN 6727864 AND 6728863
	Aggregate  (cost=4181.66..4181.67 rows=1 width=8)
	  ->  Bitmap Heap Scan on sbtest3  (cost=23.56..4178.95 rows=1085 width=4)
	        Recheck Cond: ((id >= 6727864) AND (id <= 6728863))
	        ->  Bitmap Index Scan on sbtest3_pkey  (cost=0.00..23.29 rows=1085 width=0)
	              Index Cond: ((id >= 6727864) AND (id <= 6728863))

table 4 : explain SELECT SUM(k) FROM sbtest4 WHERE id BETWEEN 8548153 AND 8549152
	Aggregate  (cost=3775.60..3775.61 rows=1 width=8)
	  ->  Bitmap Heap Scan on sbtest4  (cost=22.45..3773.16 rows=977 width=4)
	        Recheck Cond: ((id >= 8548153) AND (id <= 8549152))
	        ->  Bitmap Index Scan on sbtest4_pkey  (cost=0.00..22.20 rows=977 width=0)
	              Index Cond: ((id >= 8548153) AND (id <= 8549152))

table 5 : explain SELECT SUM(k) FROM sbtest5 WHERE id BETWEEN 3610130 AND 3611129
	Aggregate  (cost=4219.94..4219.95 rows=1 width=8)
	  ->  Bitmap Heap Scan on sbtest5  (cost=27.66..4217.20 rows=1095 width=4)
	        Recheck Cond: ((id >= 3610130) AND (id <= 3611129))
	        ->  Bitmap Index Scan on sbtest5_pkey  (cost=0.00..27.39 rows=1095 width=0)
	              Index Cond: ((id >= 3610130) AND (id <= 3611129))

table 6 : explain SELECT SUM(k) FROM sbtest6 WHERE id BETWEEN 1881079 AND 1882078
	Aggregate  (cost=4002.75..4002.76 rows=1 width=8)
	  ->  Bitmap Heap Scan on sbtest6  (cost=23.06..4000.16 rows=1037 width=4)
	        Recheck Cond: ((id >= 1881079) AND (id <= 1882078))
	        ->  Bitmap Index Scan on sbtest6_pkey  (cost=0.00..22.80 rows=1037 width=0)
	              Index Cond: ((id >= 1881079) AND (id <= 1882078))

table 7 : explain SELECT SUM(k) FROM sbtest7 WHERE id BETWEEN 4929062 AND 4930061
	Aggregate  (cost=4231.90..4231.91 rows=1 width=8)
	  ->  Bitmap Heap Scan on sbtest7  (cost=27.69..4229.15 rows=1098 width=4)
	        Recheck Cond: ((id >= 4929062) AND (id <= 4930061))
	        ->  Bitmap Index Scan on sbtest7_pkey  (cost=0.00..27.41 rows=1098 width=0)
	              Index Cond: ((id >= 4929062) AND (id <= 4930061))

table 8 : explain SELECT SUM(k) FROM sbtest8 WHERE id BETWEEN 7952495 AND 7953494
	Aggregate  (cost=3924.44..3924.45 rows=1 width=8)
	  ->  Bitmap Heap Scan on sbtest8  (cost=22.85..3921.90 rows=1016 width=4)
	        Recheck Cond: ((id >= 7952495) AND (id <= 7953494))
	        ->  Bitmap Index Scan on sbtest8_pkey  (cost=0.00..22.59 rows=1016 width=0)
	              Index Cond: ((id >= 7952495) AND (id <= 7953494))

for: simple_ranges
table 1 : explain SELECT c FROM sbtest1 WHERE id BETWEEN 7895202 AND 7896201
	Bitmap Heap Scan on sbtest1  (cost=22.76..3885.36 rows=1007 width=121)
	  Recheck Cond: ((id >= 7895202) AND (id <= 7896201))
	  ->  Bitmap Index Scan on sbtest1_pkey  (cost=0.00..22.50 rows=1007 width=0)
	        Index Cond: ((id >= 7895202) AND (id <= 7896201))

table 2 : explain SELECT c FROM sbtest2 WHERE id BETWEEN 6391543 AND 6392542
	Bitmap Heap Scan on sbtest2  (cost=22.13..3655.73 rows=946 width=121)
	  Recheck Cond: ((id >= 6391543) AND (id <= 6392542))
	  ->  Bitmap Index Scan on sbtest2_pkey  (cost=0.00..21.89 rows=946 width=0)
	        Index Cond: ((id >= 6391543) AND (id <= 6392542))

table 3 : explain SELECT c FROM sbtest3 WHERE id BETWEEN 1375403 AND 1376402
	Bitmap Heap Scan on sbtest3  (cost=22.27..3708.84 rows=960 width=121)
	  Recheck Cond: ((id >= 1375403) AND (id <= 1376402))
	  ->  Bitmap Index Scan on sbtest3_pkey  (cost=0.00..22.04 rows=960 width=0)
	        Index Cond: ((id >= 1375403) AND (id <= 1376402))

table 4 : explain SELECT c FROM sbtest4 WHERE id BETWEEN 7796021 AND 7797020
	Bitmap Heap Scan on sbtest4  (cost=22.50..3791.99 rows=982 width=121)
	  Recheck Cond: ((id >= 7796021) AND (id <= 7797020))
	  ->  Bitmap Index Scan on sbtest4_pkey  (cost=0.00..22.25 rows=982 width=0)
	        Index Cond: ((id >= 7796021) AND (id <= 7797020))

table 5 : explain SELECT c FROM sbtest5 WHERE id BETWEEN 1806430 AND 1807429
	Bitmap Heap Scan on sbtest5  (cost=21.65..3479.03 rows=899 width=121)
	  Recheck Cond: ((id >= 1806430) AND (id <= 1807429))
	  ->  Bitmap Index Scan on sbtest5_pkey  (cost=0.00..21.43 rows=899 width=0)
	        Index Cond: ((id >= 1806430) AND (id <= 1807429))

table 6 : explain SELECT c FROM sbtest6 WHERE id BETWEEN 5242030 AND 5243029
	Bitmap Heap Scan on sbtest6  (cost=22.73..3875.97 rows=1004 width=121)
	  Recheck Cond: ((id >= 5242030) AND (id <= 5243029))
	  ->  Bitmap Index Scan on sbtest6_pkey  (cost=0.00..22.47 rows=1004 width=0)
	        Index Cond: ((id >= 5242030) AND (id <= 5243029))

table 7 : explain SELECT c FROM sbtest7 WHERE id BETWEEN 1385415 AND 1386414
	Bitmap Heap Scan on sbtest7  (cost=22.93..3950.83 rows=1024 width=121)
	  Recheck Cond: ((id >= 1385415) AND (id <= 1386414))
	  ->  Bitmap Index Scan on sbtest7_pkey  (cost=0.00..22.68 rows=1024 width=0)
	        Index Cond: ((id >= 1385415) AND (id <= 1386414))

table 8 : explain SELECT c FROM sbtest8 WHERE id BETWEEN 9883025 AND 9884024
	Bitmap Heap Scan on sbtest8  (cost=27.53..4174.11 rows=1082 width=121)
	  Recheck Cond: ((id >= 9883025) AND (id <= 9884024))
	  ->  Bitmap Index Scan on sbtest8_pkey  (cost=0.00..27.25 rows=1082 width=0)
	        Index Cond: ((id >= 9883025) AND (id <= 9884024))

for: order_ranges
table 1 : explain SELECT c FROM sbtest1 WHERE id BETWEEN 9825012 AND 9826011 ORDER BY c
	Sort  (cost=4198.82..4201.51 rows=1076 width=121)
	  Sort Key: c
	  ->  Bitmap Heap Scan on sbtest1  (cost=23.46..4144.63 rows=1076 width=121)
	        Recheck Cond: ((id >= 9825012) AND (id <= 9826011))
	        ->  Bitmap Index Scan on sbtest1_pkey  (cost=0.00..23.19 rows=1076 width=0)
	              Index Cond: ((id >= 9825012) AND (id <= 9826011))

table 2 : explain SELECT c FROM sbtest2 WHERE id BETWEEN 2317708 AND 2318707 ORDER BY c
	Sort  (cost=3614.44..3616.74 rows=923 width=121)
	  Sort Key: c
	  ->  Bitmap Heap Scan on sbtest2  (cost=21.90..3568.98 rows=923 width=121)
	        Recheck Cond: ((id >= 2317708) AND (id <= 2318707))
	        ->  Bitmap Index Scan on sbtest2_pkey  (cost=0.00..21.66 rows=923 width=0)
	              Index Cond: ((id >= 2317708) AND (id <= 2318707))

table 3 : explain SELECT c FROM sbtest3 WHERE id BETWEEN 6106774 AND 6107773 ORDER BY c
	Sort  (cost=3958.99..3961.52 rows=1013 width=121)
	  Sort Key: c
	  ->  Bitmap Heap Scan on sbtest3  (cost=22.82..3908.41 rows=1013 width=121)
	        Recheck Cond: ((id >= 6106774) AND (id <= 6107773))
	        ->  Bitmap Index Scan on sbtest3_pkey  (cost=0.00..22.57 rows=1013 width=0)
	              Index Cond: ((id >= 6106774) AND (id <= 6107773))

table 4 : explain SELECT c FROM sbtest4 WHERE id BETWEEN 9768739 AND 9769738 ORDER BY c
	Sort  (cost=4318.04..4320.81 rows=1107 width=121)
	  Sort Key: c
	  ->  Bitmap Heap Scan on sbtest4  (cost=27.78..4262.07 rows=1107 width=121)
	        Recheck Cond: ((id >= 9768739) AND (id <= 9769738))
	        ->  Bitmap Index Scan on sbtest4_pkey  (cost=0.00..27.50 rows=1107 width=0)
	              Index Cond: ((id >= 9768739) AND (id <= 9769738))

table 5 : explain SELECT c FROM sbtest5 WHERE id BETWEEN 8302424 AND 8303423 ORDER BY c
	Sort  (cost=3638.10..3640.42 rows=929 width=121)
	  Sort Key: c
	  ->  Bitmap Heap Scan on sbtest5  (cost=21.96..3592.30 rows=929 width=121)
	        Recheck Cond: ((id >= 8302424) AND (id <= 8303423))
	        ->  Bitmap Index Scan on sbtest5_pkey  (cost=0.00..21.72 rows=929 width=0)
	              Index Cond: ((id >= 8302424) AND (id <= 8303423))

table 6 : explain SELECT c FROM sbtest6 WHERE id BETWEEN 4014295 AND 4015294 ORDER BY c
	Sort  (cost=3646.67..3649.00 rows=931 width=121)
	  Sort Key: c
	  ->  Bitmap Heap Scan on sbtest6  (cost=21.98..3600.76 rows=931 width=121)
	        Recheck Cond: ((id >= 4014295) AND (id <= 4015294))
	        ->  Bitmap Index Scan on sbtest6_pkey  (cost=0.00..21.75 rows=931 width=0)
	              Index Cond: ((id >= 4014295) AND (id <= 4015294))

table 7 : explain SELECT c FROM sbtest7 WHERE id BETWEEN 4979334 AND 4980333 ORDER BY c
	Sort  (cost=3619.48..3621.79 rows=924 width=121)
	  Sort Key: c
	  ->  Bitmap Heap Scan on sbtest7  (cost=21.91..3573.97 rows=924 width=121)
	        Recheck Cond: ((id >= 4979334) AND (id <= 4980333))
	        ->  Bitmap Index Scan on sbtest7_pkey  (cost=0.00..21.68 rows=924 width=0)
	              Index Cond: ((id >= 4979334) AND (id <= 4980333))

table 8 : explain SELECT c FROM sbtest8 WHERE id BETWEEN 2126558 AND 2127557 ORDER BY c
	Sort  (cost=4029.96..4032.54 rows=1031 width=121)
	  Sort Key: c
	  ->  Bitmap Heap Scan on sbtest8  (cost=23.00..3978.36 rows=1031 width=121)
	        Recheck Cond: ((id >= 2126558) AND (id <= 2127557))
	        ->  Bitmap Index Scan on sbtest8_pkey  (cost=0.00..22.75 rows=1031 width=0)
	              Index Cond: ((id >= 2126558) AND (id <= 2127557))

explain: for point_selects :: explain SELECT c FROM sbtest%u WHERE id=%u
explain: for point_selects :: explain SELECT c FROM sbtest%u WHERE id=%u
for: order_ranges
table 1 : explain SELECT c FROM sbtest1 WHERE id BETWEEN 8070924 AND 8071923 ORDER BY c
	Sort  (cost=3863.00..3865.47 rows=988 width=121)
	  Sort Key: c
	  ->  Bitmap Heap Scan on sbtest1  (cost=22.56..3813.86 rows=988 width=121)
	        Recheck Cond: ((id >= 8070924) AND (id <= 8071923))
	        ->  Bitmap Index Scan on sbtest1_pkey  (cost=0.00..22.32 rows=988 width=0)
	              Index Cond: ((id >= 8070924) AND (id <= 8071923))

table 2 : explain SELECT c FROM sbtest2 WHERE id BETWEEN 8700451 AND 8701450 ORDER BY c
	Sort  (cost=3599.11..3601.41 rows=919 width=121)
	  Sort Key: c
	  ->  Bitmap Heap Scan on sbtest2  (cost=21.85..3553.88 rows=919 width=121)
	        Recheck Cond: ((id >= 8700451) AND (id <= 8701450))
	        ->  Bitmap Index Scan on sbtest2_pkey  (cost=0.00..21.62 rows=919 width=0)
	              Index Cond: ((id >= 8700451) AND (id <= 8701450))

table 3 : explain SELECT c FROM sbtest3 WHERE id BETWEEN 5293664 AND 5294663 ORDER BY c
	Sort  (cost=3913.15..3915.65 rows=1001 width=121)
	  Sort Key: c
	  ->  Bitmap Heap Scan on sbtest3  (cost=22.70..3863.26 rows=1001 width=121)
	        Recheck Cond: ((id >= 5293664) AND (id <= 5294663))
	        ->  Bitmap Index Scan on sbtest3_pkey  (cost=0.00..22.44 rows=1001 width=0)
	              Index Cond: ((id >= 5293664) AND (id <= 5294663))

table 4 : explain SELECT c FROM sbtest4 WHERE id BETWEEN 9223845 AND 9224844 ORDER BY c
	Sort  (cost=3943.98..3946.50 rows=1009 width=121)
	  Sort Key: c
	  ->  Bitmap Heap Scan on sbtest4  (cost=22.78..3893.64 rows=1009 width=121)
	        Recheck Cond: ((id >= 9223845) AND (id <= 9224844))
	        ->  Bitmap Index Scan on sbtest4_pkey  (cost=0.00..22.52 rows=1009 width=0)
	              Index Cond: ((id >= 9223845) AND (id <= 9224844))

table 5 : explain SELECT c FROM sbtest5 WHERE id BETWEEN 1371570 AND 1372569 ORDER BY c
	Sort  (cost=3795.03..3797.46 rows=970 width=121)
	  Sort Key: c
	  ->  Bitmap Heap Scan on sbtest5  (cost=22.38..3746.91 rows=970 width=121)
	        Recheck Cond: ((id >= 1371570) AND (id <= 1372569))
	        ->  Bitmap Index Scan on sbtest5_pkey  (cost=0.00..22.14 rows=970 width=0)
	              Index Cond: ((id >= 1371570) AND (id <= 1372569))

table 6 : explain SELECT c FROM sbtest6 WHERE id BETWEEN 2512486 AND 2513485 ORDER BY c
	Sort  (cost=3990.99..3993.55 rows=1021 width=121)
	  Sort Key: c
	  ->  Bitmap Heap Scan on sbtest6  (cost=22.90..3939.97 rows=1021 width=121)
	        Recheck Cond: ((id >= 2512486) AND (id <= 2513485))
	        ->  Bitmap Index Scan on sbtest6_pkey  (cost=0.00..22.64 rows=1021 width=0)
	              Index Cond: ((id >= 2512486) AND (id <= 2513485))

table 7 : explain SELECT c FROM sbtest7 WHERE id BETWEEN 9135331 AND 9136330 ORDER BY c
	Sort  (cost=3864.46..3866.93 rows=988 width=121)
	  Sort Key: c
	  ->  Bitmap Heap Scan on sbtest7  (cost=22.56..3815.31 rows=988 width=121)
	        Recheck Cond: ((id >= 9135331) AND (id <= 9136330))
	        ->  Bitmap Index Scan on sbtest7_pkey  (cost=0.00..22.32 rows=988 width=0)
	              Index Cond: ((id >= 9135331) AND (id <= 9136330))

table 8 : explain SELECT c FROM sbtest8 WHERE id BETWEEN 2276932 AND 2277931 ORDER BY c
	Sort  (cost=3892.36..3894.84 rows=995 width=121)
	  Sort Key: c
	  ->  Bitmap Heap Scan on sbtest8  (cost=22.63..3842.81 rows=995 width=121)
	        Recheck Cond: ((id >= 2276932) AND (id <= 2277931))
	        ->  Bitmap Index Scan on sbtest8_pkey  (cost=0.00..22.39 rows=995 width=0)
	              Index Cond: ((id >= 2276932) AND (id <= 2277931))

for: order_ranges
table 1 : explain SELECT c FROM sbtest1 WHERE id BETWEEN 9069482 AND 9070481 ORDER BY c
	Sort  (cost=3775.07..3777.48 rows=965 width=121)
	  Sort Key: c
	  ->  Bitmap Heap Scan on sbtest1  (cost=22.33..3727.24 rows=965 width=121)
	        Recheck Cond: ((id >= 9069482) AND (id <= 9070481))
	        ->  Bitmap Index Scan on sbtest1_pkey  (cost=0.00..22.08 rows=965 width=0)
	              Index Cond: ((id >= 9069482) AND (id <= 9070481))

table 2 : explain SELECT c FROM sbtest2 WHERE id BETWEEN 7952185 AND 7953184 ORDER BY c
	Sort  (cost=3958.62..3961.15 rows=1013 width=121)
	  Sort Key: c
	  ->  Bitmap Heap Scan on sbtest2  (cost=22.82..3908.04 rows=1013 width=121)
	        Recheck Cond: ((id >= 7952185) AND (id <= 7953184))
	        ->  Bitmap Index Scan on sbtest2_pkey  (cost=0.00..22.57 rows=1013 width=0)
	              Index Cond: ((id >= 7952185) AND (id <= 7953184))

table 3 : explain SELECT c FROM sbtest3 WHERE id BETWEEN 7341007 AND 7342006 ORDER BY c
	Sort  (cost=3714.31..3716.68 rows=949 width=121)
	  Sort Key: c
	  ->  Bitmap Heap Scan on sbtest3  (cost=22.16..3667.38 rows=949 width=121)
	        Recheck Cond: ((id >= 7341007) AND (id <= 7342006))
	        ->  Bitmap Index Scan on sbtest3_pkey  (cost=0.00..21.93 rows=949 width=0)
	              Index Cond: ((id >= 7341007) AND (id <= 7342006))

table 4 : explain SELECT c FROM sbtest4 WHERE id BETWEEN 2508690 AND 2509689 ORDER BY c
	Sort  (cost=4092.87..4095.49 rows=1048 width=121)
	  Sort Key: c
	  ->  Bitmap Heap Scan on sbtest4  (cost=23.18..4040.29 rows=1048 width=121)
	        Recheck Cond: ((id >= 2508690) AND (id <= 2509689))
	        ->  Bitmap Index Scan on sbtest4_pkey  (cost=0.00..22.91 rows=1048 width=0)
	              Index Cond: ((id >= 2508690) AND (id <= 2509689))

table 5 : explain SELECT c FROM sbtest5 WHERE id BETWEEN 3412370 AND 3413369 ORDER BY c
	Sort  (cost=3882.98..3885.46 rows=993 width=121)
	  Sort Key: c
	  ->  Bitmap Heap Scan on sbtest5  (cost=22.61..3833.55 rows=993 width=121)
	        Recheck Cond: ((id >= 3412370) AND (id <= 3413369))
	        ->  Bitmap Index Scan on sbtest5_pkey  (cost=0.00..22.36 rows=993 width=0)
	              Index Cond: ((id >= 3412370) AND (id <= 3413369))

table 6 : explain SELECT c FROM sbtest6 WHERE id BETWEEN 3181801 AND 3182800 ORDER BY c
	Sort  (cost=4193.30..4195.99 rows=1074 width=121)
	  Sort Key: c
	  ->  Bitmap Heap Scan on sbtest6  (cost=23.44..4139.23 rows=1074 width=121)
	        Recheck Cond: ((id >= 3181801) AND (id <= 3182800))
	        ->  Bitmap Index Scan on sbtest6_pkey  (cost=0.00..23.18 rows=1074 width=0)
	              Index Cond: ((id >= 3181801) AND (id <= 3182800))

table 7 : explain SELECT c FROM sbtest7 WHERE id BETWEEN 887093 AND 888092 ORDER BY c
	Sort  (cost=3883.58..3886.06 rows=993 width=121)
	  Sort Key: c
	  ->  Bitmap Heap Scan on sbtest7  (cost=22.61..3834.15 rows=993 width=121)
	        Recheck Cond: ((id >= 887093) AND (id <= 888092))
	        ->  Bitmap Index Scan on sbtest7_pkey  (cost=0.00..22.36 rows=993 width=0)
	              Index Cond: ((id >= 887093) AND (id <= 888092))

table 8 : explain SELECT c FROM sbtest8 WHERE id BETWEEN 2325989 AND 2326988 ORDER BY c
	Sort  (cost=3892.36..3894.84 rows=995 width=121)
	  Sort Key: c
	  ->  Bitmap Heap Scan on sbtest8  (cost=22.63..3842.81 rows=995 width=121)
	        Recheck Cond: ((id >= 2325989) AND (id <= 2326988))
	        ->  Bitmap Index Scan on sbtest8_pkey  (cost=0.00..22.39 rows=995 width=0)
	              Index Cond: ((id >= 2325989) AND (id <= 2326988))

for: sum_ranges
table 1 : explain SELECT SUM(k) FROM sbtest1 WHERE id BETWEEN 8734213 AND 8735212
	Aggregate  (cost=3981.95..3981.96 rows=1 width=8)
	  ->  Bitmap Heap Scan on sbtest1  (cost=23.01..3979.37 rows=1032 width=4)
	        Recheck Cond: ((id >= 8734213) AND (id <= 8735212))
	        ->  Bitmap Index Scan on sbtest1_pkey  (cost=0.00..22.75 rows=1032 width=0)
	              Index Cond: ((id >= 8734213) AND (id <= 8735212))

table 2 : explain SELECT SUM(k) FROM sbtest2 WHERE id BETWEEN 3060987 AND 3061986
	Aggregate  (cost=4083.58..4083.59 rows=1 width=8)
	  ->  Bitmap Heap Scan on sbtest2  (cost=23.29..4080.94 rows=1059 width=4)
	        Recheck Cond: ((id >= 3060987) AND (id <= 3061986))
	        ->  Bitmap Index Scan on sbtest2_pkey  (cost=0.00..23.02 rows=1059 width=0)
	              Index Cond: ((id >= 3060987) AND (id <= 3061986))

table 3 : explain SELECT SUM(k) FROM sbtest3 WHERE id BETWEEN 9886737 AND 9887736
	Aggregate  (cost=3952.35..3952.36 rows=1 width=8)
	  ->  Bitmap Heap Scan on sbtest3  (cost=22.93..3949.79 rows=1024 width=4)
	        Recheck Cond: ((id >= 9886737) AND (id <= 9887736))
	        ->  Bitmap Index Scan on sbtest3_pkey  (cost=0.00..22.68 rows=1024 width=0)
	              Index Cond: ((id >= 9886737) AND (id <= 9887736))

table 4 : explain SELECT SUM(k) FROM sbtest4 WHERE id BETWEEN 3881113 AND 3882112
	Aggregate  (cost=3828.36..3828.37 rows=1 width=8)
	  ->  Bitmap Heap Scan on sbtest4  (cost=22.59..3825.88 rows=991 width=4)
	        Recheck Cond: ((id >= 3881113) AND (id <= 3882112))
	        ->  Bitmap Index Scan on sbtest4_pkey  (cost=0.00..22.34 rows=991 width=0)
	              Index Cond: ((id >= 3881113) AND (id <= 3882112))

table 5 : explain SELECT SUM(k) FROM sbtest5 WHERE id BETWEEN 31543 AND 32542
	Aggregate  (cost=3639.93..3639.94 rows=1 width=8)
	  ->  Bitmap Heap Scan on sbtest5  (cost=22.08..3637.57 rows=941 width=4)
	        Recheck Cond: ((id >= 31543) AND (id <= 32542))
	        ->  Bitmap Index Scan on sbtest5_pkey  (cost=0.00..21.84 rows=941 width=0)
	              Index Cond: ((id >= 31543) AND (id <= 32542))

table 6 : explain SELECT SUM(k) FROM sbtest6 WHERE id BETWEEN 1130716 AND 1131715
	Aggregate  (cost=3644.63..3644.64 rows=1 width=8)
	  ->  Bitmap Heap Scan on sbtest6  (cost=22.09..3642.27 rows=942 width=4)
	        Recheck Cond: ((id >= 1130716) AND (id <= 1131715))
	        ->  Bitmap Index Scan on sbtest6_pkey  (cost=0.00..21.86 rows=942 width=0)
	              Index Cond: ((id >= 1130716) AND (id <= 1131715))

table 7 : explain SELECT SUM(k) FROM sbtest7 WHERE id BETWEEN 4502841 AND 4503840
	Aggregate  (cost=3821.55..3821.56 rows=1 width=8)
	  ->  Bitmap Heap Scan on sbtest7  (cost=22.57..3819.08 rows=989 width=4)
	        Recheck Cond: ((id >= 4502841) AND (id <= 4503840))
	        ->  Bitmap Index Scan on sbtest7_pkey  (cost=0.00..22.32 rows=989 width=0)
	              Index Cond: ((id >= 4502841) AND (id <= 4503840))

table 8 : explain SELECT SUM(k) FROM sbtest8 WHERE id BETWEEN 4260584 AND 4261583
	Aggregate  (cost=3633.97..3633.98 rows=1 width=8)
	  ->  Bitmap Heap Scan on sbtest8  (cost=22.06..3631.62 rows=939 width=4)
	        Recheck Cond: ((id >= 4260584) AND (id <= 4261583))
	        ->  Bitmap Index Scan on sbtest8_pkey  (cost=0.00..21.82 rows=939 width=0)
	              Index Cond: ((id >= 4260584) AND (id <= 4261583))

for: sum_ranges
table 1 : explain SELECT SUM(k) FROM sbtest1 WHERE id BETWEEN 3019326 AND 3020325
	Aggregate  (cost=3397.35..3397.36 rows=1 width=8)
	  ->  Bitmap Heap Scan on sbtest1  (cost=21.42..3395.16 rows=877 width=4)
	        Recheck Cond: ((id >= 3019326) AND (id <= 3020325))
	        ->  Bitmap Index Scan on sbtest1_pkey  (cost=0.00..21.20 rows=877 width=0)
	              Index Cond: ((id >= 3019326) AND (id <= 3020325))

table 2 : explain SELECT SUM(k) FROM sbtest2 WHERE id BETWEEN 1743770 AND 1744769
	Aggregate  (cost=3827.74..3827.75 rows=1 width=8)
	  ->  Bitmap Heap Scan on sbtest2  (cost=22.59..3825.26 rows=991 width=4)
	        Recheck Cond: ((id >= 1743770) AND (id <= 1744769))
	        ->  Bitmap Index Scan on sbtest2_pkey  (cost=0.00..22.34 rows=991 width=0)
	              Index Cond: ((id >= 1743770) AND (id <= 1744769))

table 3 : explain SELECT SUM(k) FROM sbtest3 WHERE id BETWEEN 5110649 AND 5111648
	Aggregate  (cost=3699.93..3699.94 rows=1 width=8)
	  ->  Bitmap Heap Scan on sbtest3  (cost=22.24..3697.54 rows=957 width=4)
	        Recheck Cond: ((id >= 5110649) AND (id <= 5111648))
	        ->  Bitmap Index Scan on sbtest3_pkey  (cost=0.00..22.00 rows=957 width=0)
	              Index Cond: ((id >= 5110649) AND (id <= 5111648))

table 4 : explain SELECT SUM(k) FROM sbtest4 WHERE id BETWEEN 7632450 AND 7633449
	Aggregate  (cost=3741.67..3741.68 rows=1 width=8)
	  ->  Bitmap Heap Scan on sbtest4  (cost=22.36..3739.25 rows=968 width=4)
	        Recheck Cond: ((id >= 7632450) AND (id <= 7633449))
	        ->  Bitmap Index Scan on sbtest4_pkey  (cost=0.00..22.11 rows=968 width=0)
	              Index Cond: ((id >= 7632450) AND (id <= 7633449))

table 5 : explain SELECT SUM(k) FROM sbtest5 WHERE id BETWEEN 478125 AND 479124
	Aggregate  (cost=4080.66..4080.67 rows=1 width=8)
	  ->  Bitmap Heap Scan on sbtest5  (cost=23.28..4078.01 rows=1058 width=4)
	        Recheck Cond: ((id >= 478125) AND (id <= 479124))
	        ->  Bitmap Index Scan on sbtest5_pkey  (cost=0.00..23.01 rows=1058 width=0)
	              Index Cond: ((id >= 478125) AND (id <= 479124))

table 6 : explain SELECT SUM(k) FROM sbtest6 WHERE id BETWEEN 239092 AND 240091
	Aggregate  (cost=3995.23..3995.24 rows=1 width=8)
	  ->  Bitmap Heap Scan on sbtest6  (cost=23.04..3992.64 rows=1035 width=4)
	        Recheck Cond: ((id >= 239092) AND (id <= 240091))
	        ->  Bitmap Index Scan on sbtest6_pkey  (cost=0.00..22.79 rows=1035 width=0)
	              Index Cond: ((id >= 239092) AND (id <= 240091))

table 7 : explain SELECT SUM(k) FROM sbtest7 WHERE id BETWEEN 3317224 AND 3318223
	Aggregate  (cost=3753.69..3753.70 rows=1 width=8)
	  ->  Bitmap Heap Scan on sbtest7  (cost=22.39..3751.26 rows=971 width=4)
	        Recheck Cond: ((id >= 3317224) AND (id <= 3318223))
	        ->  Bitmap Index Scan on sbtest7_pkey  (cost=0.00..22.14 rows=971 width=0)
	              Index Cond: ((id >= 3317224) AND (id <= 3318223))

table 8 : explain SELECT SUM(k) FROM sbtest8 WHERE id BETWEEN 7076513 AND 7077512
	Aggregate  (cost=3581.07..3581.08 rows=1 width=8)
	  ->  Bitmap Heap Scan on sbtest8  (cost=21.92..3578.76 rows=925 width=4)
	        Recheck Cond: ((id >= 7076513) AND (id <= 7077512))
	        ->  Bitmap Index Scan on sbtest8_pkey  (cost=0.00..21.68 rows=925 width=0)
	              Index Cond: ((id >= 7076513) AND (id <= 7077512))

for: sum_ranges
table 1 : explain SELECT SUM(k) FROM sbtest1 WHERE id BETWEEN 6467795 AND 6468794
	Aggregate  (cost=3823.86..3823.87 rows=1 width=8)
	  ->  Bitmap Heap Scan on sbtest1  (cost=22.58..3821.38 rows=990 width=4)
	        Recheck Cond: ((id >= 6467795) AND (id <= 6468794))
	        ->  Bitmap Index Scan on sbtest1_pkey  (cost=0.00..22.33 rows=990 width=0)
	              Index Cond: ((id >= 6467795) AND (id <= 6468794))

table 2 : explain SELECT SUM(k) FROM sbtest2 WHERE id BETWEEN 4897407 AND 4898406
	Aggregate  (cost=3801.37..3801.38 rows=1 width=8)
	  ->  Bitmap Heap Scan on sbtest2  (cost=22.52..3798.91 rows=984 width=4)
	        Recheck Cond: ((id >= 4897407) AND (id <= 4898406))
	        ->  Bitmap Index Scan on sbtest2_pkey  (cost=0.00..22.27 rows=984 width=0)
	              Index Cond: ((id >= 4897407) AND (id <= 4898406))

table 3 : explain SELECT SUM(k) FROM sbtest3 WHERE id BETWEEN 465075 AND 466074
	Aggregate  (cost=3492.27..3492.28 rows=1 width=8)
	  ->  Bitmap Heap Scan on sbtest3  (cost=21.68..3490.01 rows=902 width=4)
	        Recheck Cond: ((id >= 465075) AND (id <= 466074))
	        ->  Bitmap Index Scan on sbtest3_pkey  (cost=0.00..21.45 rows=902 width=0)
	              Index Cond: ((id >= 465075) AND (id <= 466074))

table 4 : explain SELECT SUM(k) FROM sbtest4 WHERE id BETWEEN 4590142 AND 4591141
	Aggregate  (cost=3662.45..3662.46 rows=1 width=8)
	  ->  Bitmap Heap Scan on sbtest4  (cost=22.14..3660.08 rows=947 width=4)
	        Recheck Cond: ((id >= 4590142) AND (id <= 4591141))
	        ->  Bitmap Index Scan on sbtest4_pkey  (cost=0.00..21.90 rows=947 width=0)
	              Index Cond: ((id >= 4590142) AND (id <= 4591141))

table 5 : explain SELECT SUM(k) FROM sbtest5 WHERE id BETWEEN 9204770 AND 9205769
	Aggregate  (cost=3964.06..3964.07 rows=1 width=8)
	  ->  Bitmap Heap Scan on sbtest5  (cost=22.96..3961.49 rows=1027 width=4)
	        Recheck Cond: ((id >= 9204770) AND (id <= 9205769))
	        ->  Bitmap Index Scan on sbtest5_pkey  (cost=0.00..22.70 rows=1027 width=0)
	              Index Cond: ((id >= 9204770) AND (id <= 9205769))

table 6 : explain SELECT SUM(k) FROM sbtest6 WHERE id BETWEEN 8708354 AND 8709353
	Aggregate  (cost=3882.25..3882.26 rows=1 width=8)
	  ->  Bitmap Heap Scan on sbtest6  (cost=22.74..3879.74 rows=1005 width=4)
	        Recheck Cond: ((id >= 8708354) AND (id <= 8709353))
	        ->  Bitmap Index Scan on sbtest6_pkey  (cost=0.00..22.48 rows=1005 width=0)
	              Index Cond: ((id >= 8708354) AND (id <= 8709353))

table 7 : explain SELECT SUM(k) FROM sbtest7 WHERE id BETWEEN 8004592 AND 8005591
	Aggregate  (cost=3530.93..3530.94 rows=1 width=8)
	  ->  Bitmap Heap Scan on sbtest7  (cost=21.78..3528.65 rows=912 width=4)
	        Recheck Cond: ((id >= 8004592) AND (id <= 8005591))
	        ->  Bitmap Index Scan on sbtest7_pkey  (cost=0.00..21.55 rows=912 width=0)
	              Index Cond: ((id >= 8004592) AND (id <= 8005591))

table 8 : explain SELECT SUM(k) FROM sbtest8 WHERE id BETWEEN 756167 AND 757166
	Aggregate  (cost=3965.88..3965.89 rows=1 width=8)
	  ->  Bitmap Heap Scan on sbtest8  (cost=22.96..3963.31 rows=1027 width=4)
	        Recheck Cond: ((id >= 756167) AND (id <= 757166))
	        ->  Bitmap Index Scan on sbtest8_pkey  (cost=0.00..22.70 rows=1027 width=0)
	              Index Cond: ((id >= 756167) AND (id <= 757166))

for: sum_ranges
table 1 : explain SELECT SUM(k) FROM sbtest1 WHERE id BETWEEN 3800190 AND 3801189
	Aggregate  (cost=3472.97..3472.98 rows=1 width=8)
	  ->  Bitmap Heap Scan on sbtest1  (cost=21.63..3470.72 rows=897 width=4)
	        Recheck Cond: ((id >= 3800190) AND (id <= 3801189))
	        ->  Bitmap Index Scan on sbtest1_pkey  (cost=0.00..21.40 rows=897 width=0)
	              Index Cond: ((id >= 3800190) AND (id <= 3801189))

table 2 : explain SELECT SUM(k) FROM sbtest2 WHERE id BETWEEN 2365451 AND 2366450
	Aggregate  (cost=3571.28..3571.29 rows=1 width=8)
	  ->  Bitmap Heap Scan on sbtest2  (cost=21.90..3568.98 rows=923 width=4)
	        Recheck Cond: ((id >= 2365451) AND (id <= 2366450))
	        ->  Bitmap Index Scan on sbtest2_pkey  (cost=0.00..21.66 rows=923 width=0)
	              Index Cond: ((id >= 2365451) AND (id <= 2366450))

table 3 : explain SELECT SUM(k) FROM sbtest3 WHERE id BETWEEN 8715890 AND 8716889
	Aggregate  (cost=3306.91..3306.92 rows=1 width=8)
	  ->  Bitmap Heap Scan on sbtest3  (cost=21.18..3304.78 rows=853 width=4)
	        Recheck Cond: ((id >= 8715890) AND (id <= 8716889))
	        ->  Bitmap Index Scan on sbtest3_pkey  (cost=0.00..20.96 rows=853 width=0)
	              Index Cond: ((id >= 8715890) AND (id <= 8716889))

table 4 : explain SELECT SUM(k) FROM sbtest4 WHERE id BETWEEN 611150 AND 612149
	Aggregate  (cost=3903.69..3903.70 rows=1 width=8)
	  ->  Bitmap Heap Scan on sbtest4  (cost=22.80..3901.16 rows=1011 width=4)
	        Recheck Cond: ((id >= 611150) AND (id <= 612149))
	        ->  Bitmap Index Scan on sbtest4_pkey  (cost=0.00..22.54 rows=1011 width=0)
	              Index Cond: ((id >= 611150) AND (id <= 612149))

table 5 : explain SELECT SUM(k) FROM sbtest5 WHERE id BETWEEN 8988764 AND 8989763
	Aggregate  (cost=3794.58..3794.59 rows=1 width=8)
	  ->  Bitmap Heap Scan on sbtest5  (cost=22.50..3792.12 rows=982 width=4)
	        Recheck Cond: ((id >= 8988764) AND (id <= 8989763))
	        ->  Bitmap Index Scan on sbtest5_pkey  (cost=0.00..22.25 rows=982 width=0)
	              Index Cond: ((id >= 8988764) AND (id <= 8989763))

table 6 : explain SELECT SUM(k) FROM sbtest6 WHERE id BETWEEN 8648786 AND 8649785
	Aggregate  (cost=3603.08..3603.09 rows=1 width=8)
	  ->  Bitmap Heap Scan on sbtest6  (cost=21.98..3600.76 rows=931 width=4)
	        Recheck Cond: ((id >= 8648786) AND (id <= 8649785))
	        ->  Bitmap Index Scan on sbtest6_pkey  (cost=0.00..21.75 rows=931 width=0)
	              Index Cond: ((id >= 8648786) AND (id <= 8649785))

table 7 : explain SELECT SUM(k) FROM sbtest7 WHERE id BETWEEN 4772876 AND 4773875
	Aggregate  (cost=3851.70..3851.71 rows=1 width=8)
	  ->  Bitmap Heap Scan on sbtest7  (cost=22.65..3849.21 rows=997 width=4)
	        Recheck Cond: ((id >= 4772876) AND (id <= 4773875))
	        ->  Bitmap Index Scan on sbtest7_pkey  (cost=0.00..22.40 rows=997 width=0)
	              Index Cond: ((id >= 4772876) AND (id <= 4773875))

table 8 : explain SELECT SUM(k) FROM sbtest8 WHERE id BETWEEN 5567071 AND 5568070
	Aggregate  (cost=3596.19..3596.20 rows=1 width=8)
	  ->  Bitmap Heap Scan on sbtest8  (cost=21.96..3593.87 rows=929 width=4)
	        Recheck Cond: ((id >= 5567071) AND (id <= 5568070))
	        ->  Bitmap Index Scan on sbtest8_pkey  (cost=0.00..21.72 rows=929 width=0)
	              Index Cond: ((id >= 5567071) AND (id <= 5568070))

for: distinct_ranges
table 1 : explain SELECT DISTINCT c FROM sbtest1 WHERE id BETWEEN 3707782 AND 3708781 ORDER BY c
	Unique  (cost=3717.69..3722.44 rows=950 width=121)
	  ->  Sort  (cost=3717.69..3720.07 rows=950 width=121)
	        Sort Key: c
	        ->  Bitmap Heap Scan on sbtest1  (cost=22.17..3670.71 rows=950 width=121)
	              Recheck Cond: ((id >= 3707782) AND (id <= 3708781))
	              ->  Bitmap Index Scan on sbtest1_pkey  (cost=0.00..21.93 rows=950 width=0)
	                    Index Cond: ((id >= 3707782) AND (id <= 3708781))

table 2 : explain SELECT DISTINCT c FROM sbtest2 WHERE id BETWEEN 2171777 AND 2172776 ORDER BY c
	Unique  (cost=4042.60..4047.77 rows=1035 width=121)
	  ->  Sort  (cost=4042.60..4045.18 rows=1035 width=121)
	        Sort Key: c
	        ->  Bitmap Heap Scan on sbtest2  (cost=23.04..3990.77 rows=1035 width=121)
	              Recheck Cond: ((id >= 2171777) AND (id <= 2172776))
	              ->  Bitmap Index Scan on sbtest2_pkey  (cost=0.00..22.79 rows=1035 width=0)
	                    Index Cond: ((id >= 2171777) AND (id <= 2172776))

table 3 : explain SELECT DISTINCT c FROM sbtest3 WHERE id BETWEEN 9918051 AND 9919050 ORDER BY c
	Unique  (cost=4092.58..4097.82 rows=1048 width=121)
	  ->  Sort  (cost=4092.58..4095.20 rows=1048 width=121)
	        Sort Key: c
	        ->  Bitmap Heap Scan on sbtest3  (cost=23.18..4040.01 rows=1048 width=121)
	              Recheck Cond: ((id >= 9918051) AND (id <= 9919050))
	              ->  Bitmap Index Scan on sbtest3_pkey  (cost=0.00..22.91 rows=1048 width=0)
	                    Index Cond: ((id >= 9918051) AND (id <= 9919050))

table 4 : explain SELECT DISTINCT c FROM sbtest4 WHERE id BETWEEN 7647576 AND 7648575 ORDER BY c
	Unique  (cost=3787.25..3792.09 rows=968 width=121)
	  ->  Sort  (cost=3787.25..3789.67 rows=968 width=121)
	        Sort Key: c
	        ->  Bitmap Heap Scan on sbtest4  (cost=22.36..3739.25 rows=968 width=121)
	              Recheck Cond: ((id >= 7647576) AND (id <= 7648575))
	              ->  Bitmap Index Scan on sbtest4_pkey  (cost=0.00..22.11 rows=968 width=0)
	                    Index Cond: ((id >= 7647576) AND (id <= 7648575))

table 5 : explain SELECT DISTINCT c FROM sbtest5 WHERE id BETWEEN 4803966 AND 4804965 ORDER BY c
	Unique  (cost=3584.46..3589.04 rows=915 width=121)
	  ->  Sort  (cost=3584.46..3586.75 rows=915 width=121)
	        Sort Key: c
	        ->  Bitmap Heap Scan on sbtest5  (cost=21.81..3539.45 rows=915 width=121)
	              Recheck Cond: ((id >= 4803966) AND (id <= 4804965))
	              ->  Bitmap Index Scan on sbtest5_pkey  (cost=0.00..21.58 rows=915 width=0)
	                    Index Cond: ((id >= 4803966) AND (id <= 4804965))

table 6 : explain SELECT DISTINCT c FROM sbtest6 WHERE id BETWEEN 3764681 AND 3765680 ORDER BY c
	Unique  (cost=4120.82..4126.09 rows=1055 width=121)
	  ->  Sort  (cost=4120.82..4123.45 rows=1055 width=121)
	        Sort Key: c
	        ->  Bitmap Heap Scan on sbtest6  (cost=23.25..4067.84 rows=1055 width=121)
	              Recheck Cond: ((id >= 3764681) AND (id <= 3765680))
	              ->  Bitmap Index Scan on sbtest6_pkey  (cost=0.00..22.98 rows=1055 width=0)
	                    Index Cond: ((id >= 3764681) AND (id <= 3765680))

table 7 : explain SELECT DISTINCT c FROM sbtest7 WHERE id BETWEEN 8784939 AND 8785938 ORDER BY c
	Unique  (cost=4028.77..4033.92 rows=1031 width=121)
	  ->  Sort  (cost=4028.77..4031.34 rows=1031 width=121)
	        Sort Key: c
	        ->  Bitmap Heap Scan on sbtest7  (cost=23.00..3977.17 rows=1031 width=121)
	              Recheck Cond: ((id >= 8784939) AND (id <= 8785938))
	              ->  Bitmap Index Scan on sbtest7_pkey  (cost=0.00..22.75 rows=1031 width=0)
	                    Index Cond: ((id >= 8784939) AND (id <= 8785938))

table 8 : explain SELECT DISTINCT c FROM sbtest8 WHERE id BETWEEN 8238925 AND 8239924 ORDER BY c
	Unique  (cost=3984.11..3989.21 rows=1019 width=121)
	  ->  Sort  (cost=3984.11..3986.66 rows=1019 width=121)
	        Sort Key: c
	        ->  Bitmap Heap Scan on sbtest8  (cost=22.88..3933.20 rows=1019 width=121)
	              Recheck Cond: ((id >= 8238925) AND (id <= 8239924))
	              ->  Bitmap Index Scan on sbtest8_pkey  (cost=0.00..22.62 rows=1019 width=0)
	                    Index Cond: ((id >= 8238925) AND (id <= 8239924))

for: order_ranges
table 1 : explain SELECT c FROM sbtest1 WHERE id BETWEEN 9877311 AND 9878310 ORDER BY c
	Sort  (cost=4198.82..4201.51 rows=1076 width=121)
	  Sort Key: c
	  ->  Bitmap Heap Scan on sbtest1  (cost=23.46..4144.63 rows=1076 width=121)
	        Recheck Cond: ((id >= 9877311) AND (id <= 9878310))
	        ->  Bitmap Index Scan on sbtest1_pkey  (cost=0.00..23.19 rows=1076 width=0)
	              Index Cond: ((id >= 9877311) AND (id <= 9878310))

table 2 : explain SELECT c FROM sbtest2 WHERE id BETWEEN 5944698 AND 5945697 ORDER BY c
	Sort  (cost=4496.12..4499.01 rows=1154 width=121)
	  Sort Key: c
	  ->  Bitmap Heap Scan on sbtest2  (cost=28.26..4437.43 rows=1154 width=121)
	        Recheck Cond: ((id >= 5944698) AND (id <= 5945697))
	        ->  Bitmap Index Scan on sbtest2_pkey  (cost=0.00..27.97 rows=1154 width=0)
	              Index Cond: ((id >= 5944698) AND (id <= 5945697))

table 3 : explain SELECT c FROM sbtest3 WHERE id BETWEEN 3423453 AND 3424452 ORDER BY c
	Sort  (cost=3798.47..3800.90 rows=971 width=121)
	  Sort Key: c
	  ->  Bitmap Heap Scan on sbtest3  (cost=22.39..3750.29 rows=971 width=121)
	        Recheck Cond: ((id >= 3423453) AND (id <= 3424452))
	        ->  Bitmap Index Scan on sbtest3_pkey  (cost=0.00..22.14 rows=971 width=0)
	              Index Cond: ((id >= 3423453) AND (id <= 3424452))

table 4 : explain SELECT c FROM sbtest4 WHERE id BETWEEN 9856406 AND 9857405 ORDER BY c
	Sort  (cost=3814.03..3816.47 rows=975 width=121)
	  Sort Key: c
	  ->  Bitmap Heap Scan on sbtest4  (cost=22.43..3765.62 rows=975 width=121)
	        Recheck Cond: ((id >= 9856406) AND (id <= 9857405))
	        ->  Bitmap Index Scan on sbtest4_pkey  (cost=0.00..22.18 rows=975 width=0)
	              Index Cond: ((id >= 9856406) AND (id <= 9857405))

table 5 : explain SELECT c FROM sbtest5 WHERE id BETWEEN 9674909 AND 9675908 ORDER BY c
	Sort  (cost=3680.22..3682.57 rows=940 width=121)
	  Sort Key: c
	  ->  Bitmap Heap Scan on sbtest5  (cost=22.07..3633.80 rows=940 width=121)
	        Recheck Cond: ((id >= 9674909) AND (id <= 9675908))
	        ->  Bitmap Index Scan on sbtest5_pkey  (cost=0.00..21.83 rows=940 width=0)
	              Index Cond: ((id >= 9674909) AND (id <= 9675908))

table 6 : explain SELECT c FROM sbtest6 WHERE id BETWEEN 4476467 AND 4477466 ORDER BY c
	Sort  (cost=3707.96..3710.32 rows=947 width=121)
	  Sort Key: c
	  ->  Bitmap Heap Scan on sbtest6  (cost=22.14..3661.14 rows=947 width=121)
	        Recheck Cond: ((id >= 4476467) AND (id <= 4477466))
	        ->  Bitmap Index Scan on sbtest6_pkey  (cost=0.00..21.90 rows=947 width=0)
	              Index Cond: ((id >= 4476467) AND (id <= 4477466))

table 7 : explain SELECT c FROM sbtest7 WHERE id BETWEEN 7256163 AND 7257162 ORDER BY c
	Sort  (cost=4177.60..4180.27 rows=1070 width=121)
	  Sort Key: c
	  ->  Bitmap Heap Scan on sbtest7  (cost=23.40..4123.76 rows=1070 width=121)
	        Recheck Cond: ((id >= 7256163) AND (id <= 7257162))
	        ->  Bitmap Index Scan on sbtest7_pkey  (cost=0.00..23.14 rows=1070 width=0)
	              Index Cond: ((id >= 7256163) AND (id <= 7257162))

table 8 : explain SELECT c FROM sbtest8 WHERE id BETWEEN 1799358 AND 1800357 ORDER BY c
	Sort  (cost=4071.98..4074.58 rows=1042 width=121)
	  Sort Key: c
	  ->  Bitmap Heap Scan on sbtest8  (cost=23.12..4019.75 rows=1042 width=121)
	        Recheck Cond: ((id >= 1799358) AND (id <= 1800357))
	        ->  Bitmap Index Scan on sbtest8_pkey  (cost=0.00..22.86 rows=1042 width=0)
	              Index Cond: ((id >= 1799358) AND (id <= 1800357))

for: distinct_ranges
table 1 : explain SELECT DISTINCT c FROM sbtest1 WHERE id BETWEEN 2921894 AND 2922893 ORDER BY c
	Unique  (cost=3541.55..3546.07 rows=904 width=121)
	  ->  Sort  (cost=3541.55..3543.81 rows=904 width=121)
	        Sort Key: c
	        ->  Bitmap Heap Scan on sbtest1  (cost=21.70..3497.16 rows=904 width=121)
	              Recheck Cond: ((id >= 2921894) AND (id <= 2922893))
	              ->  Bitmap Index Scan on sbtest1_pkey  (cost=0.00..21.47 rows=904 width=0)
	                    Index Cond: ((id >= 2921894) AND (id <= 2922893))

table 2 : explain SELECT DISTINCT c FROM sbtest2 WHERE id BETWEEN 7717926 AND 7718925 ORDER BY c
	Unique  (cost=4031.15..4036.31 rows=1032 width=121)
	  ->  Sort  (cost=4031.15..4033.73 rows=1032 width=121)
	        Sort Key: c
	        ->  Bitmap Heap Scan on sbtest2  (cost=23.01..3979.49 rows=1032 width=121)
	              Recheck Cond: ((id >= 7717926) AND (id <= 7718925))
	              ->  Bitmap Index Scan on sbtest2_pkey  (cost=0.00..22.75 rows=1032 width=0)
	                    Index Cond: ((id >= 7717926) AND (id <= 7718925))

table 3 : explain SELECT DISTINCT c FROM sbtest3 WHERE id BETWEEN 5227126 AND 5228125 ORDER BY c
	Unique  (cost=3913.15..3918.15 rows=1001 width=121)
	  ->  Sort  (cost=3913.15..3915.65 rows=1001 width=121)
	        Sort Key: c
	        ->  Bitmap Heap Scan on sbtest3  (cost=22.70..3863.26 rows=1001 width=121)
	              Recheck Cond: ((id >= 5227126) AND (id <= 5228125))
	              ->  Bitmap Index Scan on sbtest3_pkey  (cost=0.00..22.44 rows=1001 width=0)
	                    Index Cond: ((id >= 5227126) AND (id <= 5228125))

table 4 : explain SELECT DISTINCT c FROM sbtest4 WHERE id BETWEEN 1669016 AND 1670015 ORDER BY c
	Unique  (cost=4104.31..4109.57 rows=1051 width=121)
	  ->  Sort  (cost=4104.31..4106.94 rows=1051 width=121)
	        Sort Key: c
	        ->  Bitmap Heap Scan on sbtest4  (cost=23.21..4051.57 rows=1051 width=121)
	              Recheck Cond: ((id >= 1669016) AND (id <= 1670015))
	              ->  Bitmap Index Scan on sbtest4_pkey  (cost=0.00..22.94 rows=1051 width=0)
	                    Index Cond: ((id >= 1669016) AND (id <= 1670015))

table 5 : explain SELECT DISTINCT c FROM sbtest5 WHERE id BETWEEN 3507956 AND 3508955 ORDER BY c
	Unique  (cost=3905.91..3910.90 rows=999 width=121)
	  ->  Sort  (cost=3905.91..3908.40 rows=999 width=121)
	        Sort Key: c
	        ->  Bitmap Heap Scan on sbtest5  (cost=22.67..3856.13 rows=999 width=121)
	              Recheck Cond: ((id >= 3507956) AND (id <= 3508955))
	              ->  Bitmap Index Scan on sbtest5_pkey  (cost=0.00..22.43 rows=999 width=0)
	                    Index Cond: ((id >= 3507956) AND (id <= 3508955))

table 6 : explain SELECT DISTINCT c FROM sbtest6 WHERE id BETWEEN 6374527 AND 6375526 ORDER BY c
	Unique  (cost=4105.55..4110.80 rows=1051 width=121)
	  ->  Sort  (cost=4105.55..4108.18 rows=1051 width=121)
	        Sort Key: c
	        ->  Bitmap Heap Scan on sbtest6  (cost=23.21..4052.80 rows=1051 width=121)
	              Recheck Cond: ((id >= 6374527) AND (id <= 6375526))
	              ->  Bitmap Index Scan on sbtest6_pkey  (cost=0.00..22.94 rows=1051 width=0)
	                    Index Cond: ((id >= 6374527) AND (id <= 6375526))

table 7 : explain SELECT DISTINCT c FROM sbtest7 WHERE id BETWEEN 9926122 AND 9927121 ORDER BY c
	Unique  (cost=3833.86..3838.76 rows=980 width=121)
	  ->  Sort  (cost=3833.86..3836.31 rows=980 width=121)
	        Sort Key: c
	        ->  Bitmap Heap Scan on sbtest7  (cost=22.48..3785.18 rows=980 width=121)
	              Recheck Cond: ((id >= 9926122) AND (id <= 9927121))
	              ->  Bitmap Index Scan on sbtest7_pkey  (cost=0.00..22.23 rows=980 width=0)
	                    Index Cond: ((id >= 9926122) AND (id <= 9927121))

table 8 : explain SELECT DISTINCT c FROM sbtest8 WHERE id BETWEEN 7904847 AND 7905846 ORDER BY c
	Unique  (cost=3972.65..3977.73 rows=1016 width=121)
	  ->  Sort  (cost=3972.65..3975.19 rows=1016 width=121)
	        Sort Key: c
	        ->  Bitmap Heap Scan on sbtest8  (cost=22.85..3921.90 rows=1016 width=121)
	              Recheck Cond: ((id >= 7904847) AND (id <= 7905846))
	              ->  Bitmap Index Scan on sbtest8_pkey  (cost=0.00..22.59 rows=1016 width=0)
	                    Index Cond: ((id >= 7904847) AND (id <= 7905846))

for: distinct_ranges
table 1 : explain SELECT DISTINCT c FROM sbtest1 WHERE id BETWEEN 9742965 AND 9743964 ORDER BY c
	Unique  (cost=3698.56..3703.28 rows=945 width=121)
	  ->  Sort  (cost=3698.56..3700.92 rows=945 width=121)
	        Sort Key: c
	        ->  Bitmap Heap Scan on sbtest1  (cost=22.12..3651.86 rows=945 width=121)
	              Recheck Cond: ((id >= 9742965) AND (id <= 9743964))
	              ->  Bitmap Index Scan on sbtest1_pkey  (cost=0.00..21.89 rows=945 width=0)
	                    Index Cond: ((id >= 9742965) AND (id <= 9743964))

table 2 : explain SELECT DISTINCT c FROM sbtest2 WHERE id BETWEEN 3634011 AND 3635010 ORDER BY c
	Unique  (cost=3943.34..3948.39 rows=1009 width=121)
	  ->  Sort  (cost=3943.34..3945.86 rows=1009 width=121)
	        Sort Key: c
	        ->  Bitmap Heap Scan on sbtest2  (cost=22.78..3893.00 rows=1009 width=121)
	              Recheck Cond: ((id >= 3634011) AND (id <= 3635010))
	              ->  Bitmap Index Scan on sbtest2_pkey  (cost=0.00..22.52 rows=1009 width=0)
	                    Index Cond: ((id >= 3634011) AND (id <= 3635010))

table 3 : explain SELECT DISTINCT c FROM sbtest3 WHERE id BETWEEN 8031508 AND 8032507 ORDER BY c
	Unique  (cost=3855.82..3860.75 rows=986 width=121)
	  ->  Sort  (cost=3855.82..3858.29 rows=986 width=121)
	        Sort Key: c
	        ->  Bitmap Heap Scan on sbtest3  (cost=22.54..3806.79 rows=986 width=121)
	              Recheck Cond: ((id >= 8031508) AND (id <= 8032507))
	              ->  Bitmap Index Scan on sbtest3_pkey  (cost=0.00..22.29 rows=986 width=0)
	                    Index Cond: ((id >= 8031508) AND (id <= 8032507))

table 4 : explain SELECT DISTINCT c FROM sbtest4 WHERE id BETWEEN 6514667 AND 6515666 ORDER BY c
	Unique  (cost=3572.85..3577.41 rows=912 width=121)
	  ->  Sort  (cost=3572.85..3575.13 rows=912 width=121)
	        Sort Key: c
	        ->  Bitmap Heap Scan on sbtest4  (cost=21.78..3528.01 rows=912 width=121)
	              Recheck Cond: ((id >= 6514667) AND (id <= 6515666))
	              ->  Bitmap Index Scan on sbtest4_pkey  (cost=0.00..21.55 rows=912 width=0)
	                    Index Cond: ((id >= 6514667) AND (id <= 6515666))

table 5 : explain SELECT DISTINCT c FROM sbtest5 WHERE id BETWEEN 9595200 AND 9596199 ORDER BY c
	Unique  (cost=3680.22..3684.92 rows=940 width=121)
	  ->  Sort  (cost=3680.22..3682.57 rows=940 width=121)
	        Sort Key: c
	        ->  Bitmap Heap Scan on sbtest5  (cost=22.07..3633.80 rows=940 width=121)
	              Recheck Cond: ((id >= 9595200) AND (id <= 9596199))
	              ->  Bitmap Index Scan on sbtest5_pkey  (cost=0.00..21.83 rows=940 width=0)
	                    Index Cond: ((id >= 9595200) AND (id <= 9596199))

table 6 : explain SELECT DISTINCT c FROM sbtest6 WHERE id BETWEEN 6765818 AND 6766817 ORDER BY c
	Unique  (cost=3669.65..3674.34 rows=937 width=121)
	  ->  Sort  (cost=3669.65..3672.00 rows=937 width=121)
	        Sort Key: c
	        ->  Bitmap Heap Scan on sbtest6  (cost=22.04..3623.40 rows=937 width=121)
	              Recheck Cond: ((id >= 6765818) AND (id <= 6766817))
	              ->  Bitmap Index Scan on sbtest6_pkey  (cost=0.00..21.80 rows=937 width=0)
	                    Index Cond: ((id >= 6765818) AND (id <= 6766817))

table 7 : explain SELECT DISTINCT c FROM sbtest7 WHERE id BETWEEN 614775 AND 615774 ORDER BY c
	Unique  (cost=3592.66..3597.24 rows=917 width=121)
	  ->  Sort  (cost=3592.66..3594.95 rows=917 width=121)
	        Sort Key: c
	        ->  Bitmap Heap Scan on sbtest7  (cost=21.83..3547.54 rows=917 width=121)
	              Recheck Cond: ((id >= 614775) AND (id <= 615774))
	              ->  Bitmap Index Scan on sbtest7_pkey  (cost=0.00..21.61 rows=917 width=0)
	                    Index Cond: ((id >= 614775) AND (id <= 615774))

table 8 : explain SELECT DISTINCT c FROM sbtest8 WHERE id BETWEEN 2394698 AND 2395697 ORDER BY c
	Unique  (cost=3566.82..3571.37 rows=910 width=121)
	  ->  Sort  (cost=3566.82..3569.09 rows=910 width=121)
	        Sort Key: c
	        ->  Bitmap Heap Scan on sbtest8  (cost=21.76..3522.09 rows=910 width=121)
	              Recheck Cond: ((id >= 2394698) AND (id <= 2395697))
	              ->  Bitmap Index Scan on sbtest8_pkey  (cost=0.00..21.54 rows=910 width=0)
	                    Index Cond: ((id >= 2394698) AND (id <= 2395697))

for: order_ranges
table 1 : explain SELECT c FROM sbtest1 WHERE id BETWEEN 3853636 AND 3854635 ORDER BY c
	Sort  (cost=4156.89..4159.56 rows=1065 width=121)
	  Sort Key: c
	  ->  Bitmap Heap Scan on sbtest1  (cost=23.35..4103.34 rows=1065 width=121)
	        Recheck Cond: ((id >= 3853636) AND (id <= 3854635))
	        ->  Bitmap Index Scan on sbtest1_pkey  (cost=0.00..23.08 rows=1065 width=0)
	              Index Cond: ((id >= 3853636) AND (id <= 3854635))

table 2 : explain SELECT c FROM sbtest2 WHERE id BETWEEN 6837919 AND 6838918 ORDER BY c
	Sort  (cost=4210.38..4213.08 rows=1079 width=121)
	  Sort Key: c
	  ->  Bitmap Heap Scan on sbtest2  (cost=23.49..4156.02 rows=1079 width=121)
	        Recheck Cond: ((id >= 6837919) AND (id <= 6838918))
	        ->  Bitmap Index Scan on sbtest2_pkey  (cost=0.00..23.22 rows=1079 width=0)
	              Index Cond: ((id >= 6837919) AND (id <= 6838918))

table 3 : explain SELECT c FROM sbtest3 WHERE id BETWEEN 7868592 AND 7869591 ORDER BY c
	Sort  (cost=4172.67..4175.34 rows=1069 width=121)
	  Sort Key: c
	  ->  Bitmap Heap Scan on sbtest3  (cost=23.39..4118.89 rows=1069 width=121)
	        Recheck Cond: ((id >= 7868592) AND (id <= 7869591))
	        ->  Bitmap Index Scan on sbtest3_pkey  (cost=0.00..23.12 rows=1069 width=0)
	              Index Cond: ((id >= 7868592) AND (id <= 7869591))

table 4 : explain SELECT c FROM sbtest4 WHERE id BETWEEN 3237968 AND 3238967 ORDER BY c
	Sort  (cost=3970.72..3973.26 rows=1016 width=121)
	  Sort Key: c
	  ->  Bitmap Heap Scan on sbtest4  (cost=22.85..3919.98 rows=1016 width=121)
	        Recheck Cond: ((id >= 3237968) AND (id <= 3238967))
	        ->  Bitmap Index Scan on sbtest4_pkey  (cost=0.00..22.59 rows=1016 width=0)
	              Index Cond: ((id >= 3237968) AND (id <= 3238967))

table 5 : explain SELECT c FROM sbtest5 WHERE id BETWEEN 6633680 AND 6634679 ORDER BY c
	Sort  (cost=3909.73..3912.23 rows=1000 width=121)
	  Sort Key: c
	  ->  Bitmap Heap Scan on sbtest5  (cost=22.68..3859.90 rows=1000 width=121)
	        Recheck Cond: ((id >= 6633680) AND (id <= 6634679))
	        ->  Bitmap Index Scan on sbtest5_pkey  (cost=0.00..22.43 rows=1000 width=0)
	              Index Cond: ((id >= 6633680) AND (id <= 6634679))

table 6 : explain SELECT c FROM sbtest6 WHERE id BETWEEN 5050955 AND 5051954 ORDER BY c
	Sort  (cost=3845.73..3848.19 rows=983 width=121)
	  Sort Key: c
	  ->  Bitmap Heap Scan on sbtest6  (cost=22.51..3796.87 rows=983 width=121)
	        Recheck Cond: ((id >= 5050955) AND (id <= 5051954))
	        ->  Bitmap Index Scan on sbtest6_pkey  (cost=0.00..22.26 rows=983 width=0)
	              Index Cond: ((id >= 5050955) AND (id <= 5051954))

table 7 : explain SELECT c FROM sbtest7 WHERE id BETWEEN 1885 AND 2884 ORDER BY c
	Sort  (cost=3818.56..3821.00 rows=976 width=121)
	  Sort Key: c
	  ->  Bitmap Heap Scan on sbtest7  (cost=22.44..3770.10 rows=976 width=121)
	        Recheck Cond: ((id >= 1885) AND (id <= 2884))
	        ->  Bitmap Index Scan on sbtest7_pkey  (cost=0.00..22.19 rows=976 width=0)
	              Index Cond: ((id >= 1885) AND (id <= 2884))

table 8 : explain SELECT c FROM sbtest8 WHERE id BETWEEN 4424109 AND 4425108 ORDER BY c
	Sort  (cost=3559.15..3561.42 rows=908 width=121)
	  Sort Key: c
	  ->  Bitmap Heap Scan on sbtest8  (cost=21.74..3514.53 rows=908 width=121)
	        Recheck Cond: ((id >= 4424109) AND (id <= 4425108))
	        ->  Bitmap Index Scan on sbtest8_pkey  (cost=0.00..21.51 rows=908 width=0)
	              Index Cond: ((id >= 4424109) AND (id <= 4425108))

explain: for point_selects :: explain SELECT c FROM sbtest%u WHERE id=%u
for: order_ranges
table 1 : explain SELECT c FROM sbtest1 WHERE id BETWEEN 4216469 AND 4217468 ORDER BY c
	Sort  (cost=3683.25..3685.60 rows=941 width=121)
	  Sort Key: c
	  ->  Bitmap Heap Scan on sbtest1  (cost=22.08..3636.77 rows=941 width=121)
	        Recheck Cond: ((id >= 4216469) AND (id <= 4217468))
	        ->  Bitmap Index Scan on sbtest1_pkey  (cost=0.00..21.84 rows=941 width=0)
	              Index Cond: ((id >= 4216469) AND (id <= 4217468))

table 2 : explain SELECT c FROM sbtest2 WHERE id BETWEEN 8483633 AND 8484632 ORDER BY c
	Sort  (cost=3786.65..3789.07 rows=968 width=121)
	  Sort Key: c
	  ->  Bitmap Heap Scan on sbtest2  (cost=22.36..3738.65 rows=968 width=121)
	        Recheck Cond: ((id >= 8483633) AND (id <= 8484632))
	        ->  Bitmap Index Scan on sbtest2_pkey  (cost=0.00..22.11 rows=968 width=0)
	              Index Cond: ((id >= 8483633) AND (id <= 8484632))

table 3 : explain SELECT c FROM sbtest3 WHERE id BETWEEN 7096701 AND 7097700 ORDER BY c
	Sort  (cost=3955.17..3957.70 rows=1012 width=121)
	  Sort Key: c
	  ->  Bitmap Heap Scan on sbtest3  (cost=22.81..3904.65 rows=1012 width=121)
	        Recheck Cond: ((id >= 7096701) AND (id <= 7097700))
	        ->  Bitmap Index Scan on sbtest3_pkey  (cost=0.00..22.55 rows=1012 width=0)
	              Index Cond: ((id >= 7096701) AND (id <= 7097700))

table 4 : explain SELECT c FROM sbtest4 WHERE id BETWEEN 4692956 AND 4693955 ORDER BY c
	Sort  (cost=3955.44..3957.97 rows=1012 width=121)
	  Sort Key: c
	  ->  Bitmap Heap Scan on sbtest4  (cost=22.81..3904.93 rows=1012 width=121)
	        Recheck Cond: ((id >= 4692956) AND (id <= 4693955))
	        ->  Bitmap Index Scan on sbtest4_pkey  (cost=0.00..22.55 rows=1012 width=0)
	              Index Cond: ((id >= 4692956) AND (id <= 4693955))

table 5 : explain SELECT c FROM sbtest5 WHERE id BETWEEN 1211093 AND 1212092 ORDER BY c
	Sort  (cost=3917.37..3919.88 rows=1002 width=121)
	  Sort Key: c
	  ->  Bitmap Heap Scan on sbtest5  (cost=22.71..3867.43 rows=1002 width=121)
	        Recheck Cond: ((id >= 1211093) AND (id <= 1212092))
	        ->  Bitmap Index Scan on sbtest5_pkey  (cost=0.00..22.45 rows=1002 width=0)
	              Index Cond: ((id >= 1211093) AND (id <= 1212092))

table 6 : explain SELECT c FROM sbtest6 WHERE id BETWEEN 1834920 AND 1835919 ORDER BY c
	Sort  (cost=4052.10..4054.70 rows=1037 width=121)
	  Sort Key: c
	  ->  Bitmap Heap Scan on sbtest6  (cost=23.06..4000.16 rows=1037 width=121)
	        Recheck Cond: ((id >= 1834920) AND (id <= 1835919))
	        ->  Bitmap Index Scan on sbtest6_pkey  (cost=0.00..22.80 rows=1037 width=0)
	              Index Cond: ((id >= 1834920) AND (id <= 1835919))

table 7 : explain SELECT c FROM sbtest7 WHERE id BETWEEN 4836555 AND 4837554 ORDER BY c
	Sort  (cost=3898.87..3901.36 rows=997 width=121)
	  Sort Key: c
	  ->  Bitmap Heap Scan on sbtest7  (cost=22.65..3849.21 rows=997 width=121)
	        Recheck Cond: ((id >= 4836555) AND (id <= 4837554))
	        ->  Bitmap Index Scan on sbtest7_pkey  (cost=0.00..22.40 rows=997 width=0)
	              Index Cond: ((id >= 4836555) AND (id <= 4837554))

table 8 : explain SELECT c FROM sbtest8 WHERE id BETWEEN 2888443 AND 2889442 ORDER BY c
	Sort  (cost=3865.58..3868.05 rows=988 width=121)
	  Sort Key: c
	  ->  Bitmap Heap Scan on sbtest8  (cost=22.56..3816.44 rows=988 width=121)
	        Recheck Cond: ((id >= 2888443) AND (id <= 2889442))
	        ->  Bitmap Index Scan on sbtest8_pkey  (cost=0.00..22.32 rows=988 width=0)
	              Index Cond: ((id >= 2888443) AND (id <= 2889442))

for: order_ranges
table 1 : explain SELECT c FROM sbtest1 WHERE id BETWEEN 5954519 AND 5955518 ORDER BY c
	Sort  (cost=3664.11..3666.45 rows=936 width=121)
	  Sort Key: c
	  ->  Bitmap Heap Scan on sbtest1  (cost=22.03..3617.92 rows=936 width=121)
	        Recheck Cond: ((id >= 5954519) AND (id <= 5955518))
	        ->  Bitmap Index Scan on sbtest1_pkey  (cost=0.00..21.79 rows=936 width=0)
	              Index Cond: ((id >= 5954519) AND (id <= 5955518))

table 2 : explain SELECT c FROM sbtest2 WHERE id BETWEEN 8736485 AND 8737484 ORDER BY c
	Sort  (cost=3599.11..3601.41 rows=919 width=121)
	  Sort Key: c
	  ->  Bitmap Heap Scan on sbtest2  (cost=21.85..3553.88 rows=919 width=121)
	        Recheck Cond: ((id >= 8736485) AND (id <= 8737484))
	        ->  Bitmap Index Scan on sbtest2_pkey  (cost=0.00..21.62 rows=919 width=0)
	              Index Cond: ((id >= 8736485) AND (id <= 8737484))

table 3 : explain SELECT c FROM sbtest3 WHERE id BETWEEN 8266903 AND 8267902 ORDER BY c
	Sort  (cost=4435.72..4438.56 rows=1138 width=121)
	  Sort Key: c
	  ->  Bitmap Heap Scan on sbtest3  (cost=28.10..4377.95 rows=1138 width=121)
	        Recheck Cond: ((id >= 8266903) AND (id <= 8267902))
	        ->  Bitmap Index Scan on sbtest3_pkey  (cost=0.00..27.82 rows=1138 width=0)
	              Index Cond: ((id >= 8266903) AND (id <= 8267902))

table 4 : explain SELECT c FROM sbtest4 WHERE id BETWEEN 272941 AND 273940 ORDER BY c
	Sort  (cost=4005.09..4007.65 rows=1025 width=121)
	  Sort Key: c
	  ->  Bitmap Heap Scan on sbtest4  (cost=22.94..3953.83 rows=1025 width=121)
	        Recheck Cond: ((id >= 272941) AND (id <= 273940))
	        ->  Bitmap Index Scan on sbtest4_pkey  (cost=0.00..22.68 rows=1025 width=0)
	              Index Cond: ((id >= 272941) AND (id <= 273940))

table 5 : explain SELECT c FROM sbtest5 WHERE id BETWEEN 3568754 AND 3569753 ORDER BY c
	Sort  (cost=4272.48..4275.22 rows=1095 width=121)
	  Sort Key: c
	  ->  Bitmap Heap Scan on sbtest5  (cost=27.66..4217.20 rows=1095 width=121)
	        Recheck Cond: ((id >= 3568754) AND (id <= 3569753))
	        ->  Bitmap Index Scan on sbtest5_pkey  (cost=0.00..27.39 rows=1095 width=0)
	              Index Cond: ((id >= 3568754) AND (id <= 3569753))

table 6 : explain SELECT c FROM sbtest6 WHERE id BETWEEN 3506523 AND 3507522 ORDER BY c
	Sort  (cost=4109.37..4112.00 rows=1052 width=121)
	  Sort Key: c
	  ->  Bitmap Heap Scan on sbtest6  (cost=23.22..4056.56 rows=1052 width=121)
	        Recheck Cond: ((id >= 3506523) AND (id <= 3507522))
	        ->  Bitmap Index Scan on sbtest6_pkey  (cost=0.00..22.95 rows=1052 width=0)
	              Index Cond: ((id >= 3506523) AND (id <= 3507522))

table 7 : explain SELECT c FROM sbtest7 WHERE id BETWEEN 7980395 AND 7981394 ORDER BY c
	Sort  (cost=3573.49..3575.77 rows=912 width=121)
	  Sort Key: c
	  ->  Bitmap Heap Scan on sbtest7  (cost=21.78..3528.65 rows=912 width=121)
	        Recheck Cond: ((id >= 7980395) AND (id <= 7981394))
	        ->  Bitmap Index Scan on sbtest7_pkey  (cost=0.00..21.55 rows=912 width=0)
	              Index Cond: ((id >= 7980395) AND (id <= 7981394))

table 8 : explain SELECT c FROM sbtest8 WHERE id BETWEEN 8457674 AND 8458673 ORDER BY c
	Sort  (cost=3965.00..3967.54 rows=1014 width=121)
	  Sort Key: c
	  ->  Bitmap Heap Scan on sbtest8  (cost=22.83..3914.37 rows=1014 width=121)
	        Recheck Cond: ((id >= 8457674) AND (id <= 8458673))
	        ->  Bitmap Index Scan on sbtest8_pkey  (cost=0.00..22.57 rows=1014 width=0)
	              Index Cond: ((id >= 8457674) AND (id <= 8458673))

explain: for point_selects :: explain SELECT c FROM sbtest%u WHERE id=%u
for: order_ranges
table 1 : explain SELECT c FROM sbtest1 WHERE id BETWEEN 3382993 AND 3383992 ORDER BY c
	Sort  (cost=3897.39..3899.88 rows=997 width=121)
	  Sort Key: c
	  ->  Bitmap Heap Scan on sbtest1  (cost=22.65..3847.73 rows=997 width=121)
	        Recheck Cond: ((id >= 3382993) AND (id <= 3383992))
	        ->  Bitmap Index Scan on sbtest1_pkey  (cost=0.00..22.40 rows=997 width=0)
	              Index Cond: ((id >= 3382993) AND (id <= 3383992))

table 2 : explain SELECT c FROM sbtest2 WHERE id BETWEEN 2788053 AND 2789052 ORDER BY c
	Sort  (cost=4248.56..4251.29 rows=1090 width=121)
	  Sort Key: c
	  ->  Bitmap Heap Scan on sbtest2  (cost=23.61..4193.57 rows=1090 width=121)
	        Recheck Cond: ((id >= 2788053) AND (id <= 2789052))
	        ->  Bitmap Index Scan on sbtest2_pkey  (cost=0.00..23.33 rows=1090 width=0)
	              Index Cond: ((id >= 2788053) AND (id <= 2789052))

table 3 : explain SELECT c FROM sbtest3 WHERE id BETWEEN 8848247 AND 8849246 ORDER BY c
	Sort  (cost=3901.68..3904.18 rows=998 width=121)
	  Sort Key: c
	  ->  Bitmap Heap Scan on sbtest3  (cost=22.66..3851.97 rows=998 width=121)
	        Recheck Cond: ((id >= 8848247) AND (id <= 8849246))
	        ->  Bitmap Index Scan on sbtest3_pkey  (cost=0.00..22.41 rows=998 width=0)
	              Index Cond: ((id >= 8848247) AND (id <= 8849246))

table 4 : explain SELECT c FROM sbtest4 WHERE id BETWEEN 5340085 AND 5341084 ORDER BY c
	Sort  (cost=3400.27..3402.43 rows=867 width=121)
	  Sort Key: c
	  ->  Bitmap Heap Scan on sbtest4  (cost=21.32..3357.96 rows=867 width=121)
	        Recheck Cond: ((id >= 5340085) AND (id <= 5341084))
	        ->  Bitmap Index Scan on sbtest4_pkey  (cost=0.00..21.11 rows=867 width=0)
	              Index Cond: ((id >= 5340085) AND (id <= 5341084))

table 5 : explain SELECT c FROM sbtest5 WHERE id BETWEEN 6827117 AND 6828116 ORDER BY c
	Sort  (cost=3572.96..3575.24 rows=912 width=121)
	  Sort Key: c
	  ->  Bitmap Heap Scan on sbtest5  (cost=21.78..3528.13 rows=912 width=121)
	        Recheck Cond: ((id >= 6827117) AND (id <= 6828116))
	        ->  Bitmap Index Scan on sbtest5_pkey  (cost=0.00..21.55 rows=912 width=0)
	              Index Cond: ((id >= 6827117) AND (id <= 6828116))

table 6 : explain SELECT c FROM sbtest6 WHERE id BETWEEN 3297918 AND 3298917 ORDER BY c
	Sort  (cost=4139.90..4142.55 rows=1060 width=121)
	  Sort Key: c
	  ->  Bitmap Heap Scan on sbtest6  (cost=23.30..4086.63 rows=1060 width=121)
	        Recheck Cond: ((id >= 3297918) AND (id <= 3298917))
	        ->  Bitmap Index Scan on sbtest6_pkey  (cost=0.00..23.04 rows=1060 width=0)
	              Index Cond: ((id >= 3297918) AND (id <= 3298917))

table 7 : explain SELECT c FROM sbtest7 WHERE id BETWEEN 2170127 AND 2171126 ORDER BY c
	Sort  (cost=4189.04..4191.72 rows=1073 width=121)
	  Sort Key: c
	  ->  Bitmap Heap Scan on sbtest7  (cost=23.43..4135.02 rows=1073 width=121)
	        Recheck Cond: ((id >= 2170127) AND (id <= 2171126))
	        ->  Bitmap Index Scan on sbtest7_pkey  (cost=0.00..23.16 rows=1073 width=0)
	              Index Cond: ((id >= 2170127) AND (id <= 2171126))

table 8 : explain SELECT c FROM sbtest8 WHERE id BETWEEN 4079156 AND 4080155 ORDER BY c
	Sort  (cost=4282.03..4284.77 rows=1096 width=121)
	  Sort Key: c
	  ->  Bitmap Heap Scan on sbtest8  (cost=27.67..4226.69 rows=1096 width=121)
	        Recheck Cond: ((id >= 4079156) AND (id <= 4080155))
	        ->  Bitmap Index Scan on sbtest8_pkey  (cost=0.00..27.39 rows=1096 width=0)
	              Index Cond: ((id >= 4079156) AND (id <= 4080155))

for: distinct_ranges
table 1 : explain SELECT DISTINCT c FROM sbtest1 WHERE id BETWEEN 5476674 AND 5477673 ORDER BY c
	Unique  (cost=4191.20..4196.57 rows=1074 width=121)
	  ->  Sort  (cost=4191.20..4193.88 rows=1074 width=121)
	        Sort Key: c
	        ->  Bitmap Heap Scan on sbtest1  (cost=23.44..4137.13 rows=1074 width=121)
	              Recheck Cond: ((id >= 5476674) AND (id <= 5477673))
	              ->  Bitmap Index Scan on sbtest1_pkey  (cost=0.00..23.18 rows=1074 width=0)
	                    Index Cond: ((id >= 5476674) AND (id <= 5477673))

table 2 : explain SELECT DISTINCT c FROM sbtest2 WHERE id BETWEEN 4890261 AND 4891260 ORDER BY c
	Unique  (cost=4042.60..4047.77 rows=1035 width=121)
	  ->  Sort  (cost=4042.60..4045.18 rows=1035 width=121)
	        Sort Key: c
	        ->  Bitmap Heap Scan on sbtest2  (cost=23.04..3990.77 rows=1035 width=121)
	              Recheck Cond: ((id >= 4890261) AND (id <= 4891260))
	              ->  Bitmap Index Scan on sbtest2_pkey  (cost=0.00..22.79 rows=1035 width=0)
	                    Index Cond: ((id >= 4890261) AND (id <= 4891260))

table 3 : explain SELECT DISTINCT c FROM sbtest3 WHERE id BETWEEN 6891914 AND 6892913 ORDER BY c
	Unique  (cost=3985.72..3990.82 rows=1020 width=121)
	  ->  Sort  (cost=3985.72..3988.27 rows=1020 width=121)
	        Sort Key: c
	        ->  Bitmap Heap Scan on sbtest3  (cost=22.89..3934.75 rows=1020 width=121)
	              Recheck Cond: ((id >= 6891914) AND (id <= 6892913))
	              ->  Bitmap Index Scan on sbtest3_pkey  (cost=0.00..22.64 rows=1020 width=0)
	                    Index Cond: ((id >= 6891914) AND (id <= 6892913))

table 4 : explain SELECT DISTINCT c FROM sbtest4 WHERE id BETWEEN 8681865 AND 8682864 ORDER BY c
	Unique  (cost=3940.16..3945.20 rows=1008 width=121)
	  ->  Sort  (cost=3940.16..3942.68 rows=1008 width=121)
	        Sort Key: c
	        ->  Bitmap Heap Scan on sbtest4  (cost=22.77..3889.87 rows=1008 width=121)
	              Recheck Cond: ((id >= 8681865) AND (id <= 8682864))
	              ->  Bitmap Index Scan on sbtest4_pkey  (cost=0.00..22.51 rows=1008 width=0)
	                    Index Cond: ((id >= 8681865) AND (id <= 8682864))

table 5 : explain SELECT DISTINCT c FROM sbtest5 WHERE id BETWEEN 8943871 AND 8944870 ORDER BY c
	Unique  (cost=4218.86..4224.26 rows=1081 width=121)
	  ->  Sort  (cost=4218.86..4221.56 rows=1081 width=121)
	        Sort Key: c
	        ->  Bitmap Heap Scan on sbtest5  (cost=23.52..4164.39 rows=1081 width=121)
	              Recheck Cond: ((id >= 8943871) AND (id <= 8944870))
	              ->  Bitmap Index Scan on sbtest5_pkey  (cost=0.00..23.25 rows=1081 width=0)
	                    Index Cond: ((id >= 8943871) AND (id <= 8944870))

table 6 : explain SELECT DISTINCT c FROM sbtest6 WHERE id BETWEEN 3121795 AND 3122794 ORDER BY c
	Unique  (cost=4193.30..4198.67 rows=1074 width=121)
	  ->  Sort  (cost=4193.30..4195.99 rows=1074 width=121)
	        Sort Key: c
	        ->  Bitmap Heap Scan on sbtest6  (cost=23.44..4139.23 rows=1074 width=121)
	              Recheck Cond: ((id >= 3121795) AND (id <= 3122794))
	              ->  Bitmap Index Scan on sbtest6_pkey  (cost=0.00..23.18 rows=1074 width=0)
	                    Index Cond: ((id >= 3121795) AND (id <= 3122794))

table 7 : explain SELECT DISTINCT c FROM sbtest7 WHERE id BETWEEN 8893457 AND 8894456 ORDER BY c
	Unique  (cost=3948.55..3953.60 rows=1010 width=121)
	  ->  Sort  (cost=3948.55..3951.08 rows=1010 width=121)
	        Sort Key: c
	        ->  Bitmap Heap Scan on sbtest7  (cost=22.79..3898.15 rows=1010 width=121)
	              Recheck Cond: ((id >= 8893457) AND (id <= 8894456))
	              ->  Bitmap Index Scan on sbtest7_pkey  (cost=0.00..22.54 rows=1010 width=0)
	                    Index Cond: ((id >= 8893457) AND (id <= 8894456))

table 8 : explain SELECT DISTINCT c FROM sbtest8 WHERE id BETWEEN 2000091 AND 2001090 ORDER BY c
	Unique  (cost=3681.82..3686.52 rows=940 width=121)
	  ->  Sort  (cost=3681.82..3684.17 rows=940 width=121)
	        Sort Key: c
	        ->  Bitmap Heap Scan on sbtest8  (cost=22.07..3635.40 rows=940 width=121)
	              Recheck Cond: ((id >= 2000091) AND (id <= 2001090))
	              ->  Bitmap Index Scan on sbtest8_pkey  (cost=0.00..21.83 rows=940 width=0)
	                    Index Cond: ((id >= 2000091) AND (id <= 2001090))

for point_selects
table 1 : explain SELECT c FROM sbtest1 WHERE id=6530452
	Index Scan using sbtest1_pkey on sbtest1  (cost=0.43..8.45 rows=1 width=121)
	  Index Cond: (id = 6530452)

table 2 : explain SELECT c FROM sbtest2 WHERE id=7583427
	Index Scan using sbtest2_pkey on sbtest2  (cost=0.43..8.45 rows=1 width=121)
	  Index Cond: (id = 7583427)

table 3 : explain SELECT c FROM sbtest3 WHERE id=4712960
	Index Scan using sbtest3_pkey on sbtest3  (cost=0.43..8.45 rows=1 width=121)
	  Index Cond: (id = 4712960)

table 4 : explain SELECT c FROM sbtest4 WHERE id=8951709
	Index Scan using sbtest4_pkey on sbtest4  (cost=0.43..8.45 rows=1 width=121)
	  Index Cond: (id = 8951709)

table 5 : explain SELECT c FROM sbtest5 WHERE id=9939013
	Index Scan using sbtest5_pkey on sbtest5  (cost=0.43..8.45 rows=1 width=121)
	  Index Cond: (id = 9939013)

table 6 : explain SELECT c FROM sbtest6 WHERE id=7616297
	Index Scan using sbtest6_pkey on sbtest6  (cost=0.43..8.45 rows=1 width=121)
	  Index Cond: (id = 7616297)

table 7 : explain SELECT c FROM sbtest7 WHERE id=9062831
	Index Scan using sbtest7_pkey on sbtest7  (cost=0.43..8.45 rows=1 width=121)
	  Index Cond: (id = 9062831)

table 8 : explain SELECT c FROM sbtest8 WHERE id=3363392
	Index Scan using sbtest8_pkey on sbtest8  (cost=0.43..8.45 rows=1 width=121)
	  Index Cond: (id = 3363392)

explain: for point_selects :: explain SELECT c FROM sbtest%u WHERE id=%u
for: distinct_ranges
table 1 : explain SELECT DISTINCT c FROM sbtest1 WHERE id BETWEEN 7664155 AND 7665154 ORDER BY c
	Unique  (cost=4111.14..4116.40 rows=1053 width=121)
	  ->  Sort  (cost=4111.14..4113.77 rows=1053 width=121)
	        Sort Key: c
	        ->  Bitmap Heap Scan on sbtest1  (cost=23.23..4058.28 rows=1053 width=121)
	              Recheck Cond: ((id >= 7664155) AND (id <= 7665154))
	              ->  Bitmap Index Scan on sbtest1_pkey  (cost=0.00..22.96 rows=1053 width=0)
	                    Index Cond: ((id >= 7664155) AND (id <= 7665154))

table 2 : explain SELECT DISTINCT c FROM sbtest2 WHERE id BETWEEN 9474931 AND 9475930 ORDER BY c
	Unique  (cost=3591.45..3596.04 rows=917 width=121)
	  ->  Sort  (cost=3591.45..3593.75 rows=917 width=121)
	        Sort Key: c
	        ->  Bitmap Heap Scan on sbtest2  (cost=21.83..3546.33 rows=917 width=121)
	              Recheck Cond: ((id >= 9474931) AND (id <= 9475930))
	              ->  Bitmap Index Scan on sbtest2_pkey  (cost=0.00..21.61 rows=917 width=0)
	                    Index Cond: ((id >= 9474931) AND (id <= 9475930))

table 3 : explain SELECT DISTINCT c FROM sbtest3 WHERE id BETWEEN 8232143 AND 8233142 ORDER BY c
	Unique  (cost=4435.72..4441.41 rows=1138 width=121)
	  ->  Sort  (cost=4435.72..4438.56 rows=1138 width=121)
	        Sort Key: c
	        ->  Bitmap Heap Scan on sbtest3  (cost=28.10..4377.95 rows=1138 width=121)
	              Recheck Cond: ((id >= 8232143) AND (id <= 8233142))
	              ->  Bitmap Index Scan on sbtest3_pkey  (cost=0.00..27.82 rows=1138 width=0)
	                    Index Cond: ((id >= 8232143) AND (id <= 8233142))

table 4 : explain SELECT DISTINCT c FROM sbtest4 WHERE id BETWEEN 1149365 AND 1150364 ORDER BY c
	Unique  (cost=4020.36..4025.50 rows=1029 width=121)
	  ->  Sort  (cost=4020.36..4022.93 rows=1029 width=121)
	        Sort Key: c
	        ->  Bitmap Heap Scan on sbtest4  (cost=22.98..3968.87 rows=1029 width=121)
	              Recheck Cond: ((id >= 1149365) AND (id <= 1150364))
	              ->  Bitmap Index Scan on sbtest4_pkey  (cost=0.00..22.72 rows=1029 width=0)
	                    Index Cond: ((id >= 1149365) AND (id <= 1150364))

table 5 : explain SELECT DISTINCT c FROM sbtest5 WHERE id BETWEEN 2837834 AND 2838833 ORDER BY c
	Unique  (cost=3955.58..3960.64 rows=1012 width=121)
	  ->  Sort  (cost=3955.58..3958.11 rows=1012 width=121)
	        Sort Key: c
	        ->  Bitmap Heap Scan on sbtest5  (cost=22.81..3905.06 rows=1012 width=121)
	              Recheck Cond: ((id >= 2837834) AND (id <= 2838833))
	              ->  Bitmap Index Scan on sbtest5_pkey  (cost=0.00..22.55 rows=1012 width=0)
	                    Index Cond: ((id >= 2837834) AND (id <= 2838833))

table 6 : explain SELECT DISTINCT c FROM sbtest6 WHERE id BETWEEN 6372571 AND 6373570 ORDER BY c
	Unique  (cost=4105.55..4110.80 rows=1051 width=121)
	  ->  Sort  (cost=4105.55..4108.18 rows=1051 width=121)
	        Sort Key: c
	        ->  Bitmap Heap Scan on sbtest6  (cost=23.21..4052.80 rows=1051 width=121)
	              Recheck Cond: ((id >= 6372571) AND (id <= 6373570))
	              ->  Bitmap Index Scan on sbtest6_pkey  (cost=0.00..22.94 rows=1051 width=0)
	                    Index Cond: ((id >= 6372571) AND (id <= 6373570))

table 7 : explain SELECT DISTINCT c FROM sbtest7 WHERE id BETWEEN 427220 AND 428219 ORDER BY c
	Unique  (cost=3956.19..3961.25 rows=1012 width=121)
	  ->  Sort  (cost=3956.19..3958.72 rows=1012 width=121)
	        Sort Key: c
	        ->  Bitmap Heap Scan on sbtest7  (cost=22.81..3905.68 rows=1012 width=121)
	              Recheck Cond: ((id >= 427220) AND (id <= 428219))
	              ->  Bitmap Index Scan on sbtest7_pkey  (cost=0.00..22.55 rows=1012 width=0)
	                    Index Cond: ((id >= 427220) AND (id <= 428219))

table 8 : explain SELECT DISTINCT c FROM sbtest8 WHERE id BETWEEN 9351320 AND 9352319 ORDER BY c
	Unique  (cost=3689.48..3694.19 rows=942 width=121)
	  ->  Sort  (cost=3689.48..3691.83 rows=942 width=121)
	        Sort Key: c
	        ->  Bitmap Heap Scan on sbtest8  (cost=22.09..3642.95 rows=942 width=121)
	              Recheck Cond: ((id >= 9351320) AND (id <= 9352319))
	              ->  Bitmap Index Scan on sbtest8_pkey  (cost=0.00..21.86 rows=942 width=0)
	                    Index Cond: ((id >= 9351320) AND (id <= 9352319))

for: simple_ranges
table 1 : explain SELECT c FROM sbtest1 WHERE id BETWEEN 5994862 AND 5995861
	Bitmap Heap Scan on sbtest1  (cost=22.03..3617.92 rows=936 width=121)
	  Recheck Cond: ((id >= 5994862) AND (id <= 5995861))
	  ->  Bitmap Index Scan on sbtest1_pkey  (cost=0.00..21.79 rows=936 width=0)
	        Index Cond: ((id >= 5994862) AND (id <= 5995861))

table 2 : explain SELECT c FROM sbtest2 WHERE id BETWEEN 6717843 AND 6718842
	Bitmap Heap Scan on sbtest2  (cost=22.36..3738.65 rows=968 width=121)
	  Recheck Cond: ((id >= 6717843) AND (id <= 6718842))
	  ->  Bitmap Index Scan on sbtest2_pkey  (cost=0.00..22.11 rows=968 width=0)
	        Index Cond: ((id >= 6717843) AND (id <= 6718842))

table 3 : explain SELECT c FROM sbtest3 WHERE id BETWEEN 5505205 AND 5506204
	Bitmap Heap Scan on sbtest3  (cost=22.88..3930.98 rows=1019 width=121)
	  Recheck Cond: ((id >= 5505205) AND (id <= 5506204))
	  ->  Bitmap Index Scan on sbtest3_pkey  (cost=0.00..22.62 rows=1019 width=0)
	        Index Cond: ((id >= 5505205) AND (id <= 5506204))

table 4 : explain SELECT c FROM sbtest4 WHERE id BETWEEN 3591106 AND 3592105
	Bitmap Heap Scan on sbtest4  (cost=23.21..4051.57 rows=1051 width=121)
	  Recheck Cond: ((id >= 3591106) AND (id <= 3592105))
	  ->  Bitmap Index Scan on sbtest4_pkey  (cost=0.00..22.94 rows=1051 width=0)
	        Index Cond: ((id >= 3591106) AND (id <= 3592105))

table 5 : explain SELECT c FROM sbtest5 WHERE id BETWEEN 320789 AND 321788
	Bitmap Heap Scan on sbtest5  (cost=27.88..4299.72 rows=1117 width=121)
	  Recheck Cond: ((id >= 320789) AND (id <= 321788))
	  ->  Bitmap Index Scan on sbtest5_pkey  (cost=0.00..27.61 rows=1117 width=0)
	        Index Cond: ((id >= 320789) AND (id <= 321788))

table 6 : explain SELECT c FROM sbtest6 WHERE id BETWEEN 6210075 AND 6211074
	Bitmap Heap Scan on sbtest6  (cost=22.86..3924.91 rows=1017 width=121)
	  Recheck Cond: ((id >= 6210075) AND (id <= 6211074))
	  ->  Bitmap Index Scan on sbtest6_pkey  (cost=0.00..22.61 rows=1017 width=0)
	        Index Cond: ((id >= 6210075) AND (id <= 6211074))

table 7 : explain SELECT c FROM sbtest7 WHERE id BETWEEN 9470324 AND 9471323
	Bitmap Heap Scan on sbtest7  (cost=21.76..3521.10 rows=910 width=121)
	  Recheck Cond: ((id >= 9470324) AND (id <= 9471323))
	  ->  Bitmap Index Scan on sbtest7_pkey  (cost=0.00..21.54 rows=910 width=0)
	        Index Cond: ((id >= 9470324) AND (id <= 9471323))

table 8 : explain SELECT c FROM sbtest8 WHERE id BETWEEN 5569820 AND 5570819
	Bitmap Heap Scan on sbtest8  (cost=21.96..3593.87 rows=929 width=121)
	  Recheck Cond: ((id >= 5569820) AND (id <= 5570819))
	  ->  Bitmap Index Scan on sbtest8_pkey  (cost=0.00..21.72 rows=929 width=0)
	        Index Cond: ((id >= 5569820) AND (id <= 5570819))

for: order_ranges
table 1 : explain SELECT c FROM sbtest1 WHERE id BETWEEN 2417406 AND 2418405 ORDER BY c
	Sort  (cost=4103.51..4106.14 rows=1051 width=121)
	  Sort Key: c
	  ->  Bitmap Heap Scan on sbtest1  (cost=23.21..4050.76 rows=1051 width=121)
	        Recheck Cond: ((id >= 2417406) AND (id <= 2418405))
	        ->  Bitmap Index Scan on sbtest1_pkey  (cost=0.00..22.94 rows=1051 width=0)
	              Index Cond: ((id >= 2417406) AND (id <= 2418405))

table 2 : explain SELECT c FROM sbtest2 WHERE id BETWEEN 531787 AND 532786 ORDER BY c
	Sort  (cost=3648.90..3651.23 rows=932 width=121)
	  Sort Key: c
	  ->  Bitmap Heap Scan on sbtest2  (cost=21.99..3602.93 rows=932 width=121)
	        Recheck Cond: ((id >= 531787) AND (id <= 532786))
	        ->  Bitmap Index Scan on sbtest2_pkey  (cost=0.00..21.75 rows=932 width=0)
	              Index Cond: ((id >= 531787) AND (id <= 532786))

table 3 : explain SELECT c FROM sbtest3 WHERE id BETWEEN 1032069 AND 1033068 ORDER BY c
	Sort  (cost=3373.18..3375.33 rows=860 width=121)
	  Sort Key: c
	  ->  Bitmap Heap Scan on sbtest3  (cost=21.25..3331.26 rows=860 width=121)
	        Recheck Cond: ((id >= 1032069) AND (id <= 1033068))
	        ->  Bitmap Index Scan on sbtest3_pkey  (cost=0.00..21.04 rows=860 width=0)
	              Index Cond: ((id >= 1032069) AND (id <= 1033068))

table 4 : explain SELECT c FROM sbtest4 WHERE id BETWEEN 3122491 AND 3123490 ORDER BY c
	Sort  (cost=3729.86..3732.25 rows=953 width=121)
	  Sort Key: c
	  ->  Bitmap Heap Scan on sbtest4  (cost=22.20..3682.71 rows=953 width=121)
	        Recheck Cond: ((id >= 3122491) AND (id <= 3123490))
	        ->  Bitmap Index Scan on sbtest4_pkey  (cost=0.00..21.96 rows=953 width=0)
	              Index Cond: ((id >= 3122491) AND (id <= 3123490))

table 5 : explain SELECT c FROM sbtest5 WHERE id BETWEEN 93955 AND 94954 ORDER BY c
	Sort  (cost=3684.05..3686.40 rows=941 width=121)
	  Sort Key: c
	  ->  Bitmap Heap Scan on sbtest5  (cost=22.08..3637.57 rows=941 width=121)
	        Recheck Cond: ((id >= 93955) AND (id <= 94954))
	        ->  Bitmap Index Scan on sbtest5_pkey  (cost=0.00..21.84 rows=941 width=0)
	              Index Cond: ((id >= 93955) AND (id <= 94954))

table 6 : explain SELECT c FROM sbtest6 WHERE id BETWEEN 1806530 AND 1807529 ORDER BY c
	Sort  (cost=4052.10..4054.70 rows=1037 width=121)
	  Sort Key: c
	  ->  Bitmap Heap Scan on sbtest6  (cost=23.06..4000.16 rows=1037 width=121)
	        Recheck Cond: ((id >= 1806530) AND (id <= 1807529))
	        ->  Bitmap Index Scan on sbtest6_pkey  (cost=0.00..22.80 rows=1037 width=0)
	              Index Cond: ((id >= 1806530) AND (id <= 1807529))

table 7 : explain SELECT c FROM sbtest7 WHERE id BETWEEN 2326300 AND 2327299 ORDER BY c
	Sort  (cost=4032.58..4035.16 rows=1032 width=121)
	  Sort Key: c
	  ->  Bitmap Heap Scan on sbtest7  (cost=23.01..3980.93 rows=1032 width=121)
	        Recheck Cond: ((id >= 2326300) AND (id <= 2327299))
	        ->  Bitmap Index Scan on sbtest7_pkey  (cost=0.00..22.75 rows=1032 width=0)
	              Index Cond: ((id >= 2326300) AND (id <= 2327299))

table 8 : explain SELECT c FROM sbtest8 WHERE id BETWEEN 6831102 AND 6832101 ORDER BY c
	Sort  (cost=3953.53..3956.06 rows=1011 width=121)
	  Sort Key: c
	  ->  Bitmap Heap Scan on sbtest8  (cost=22.80..3903.08 rows=1011 width=121)
	        Recheck Cond: ((id >= 6831102) AND (id <= 6832101))
	        ->  Bitmap Index Scan on sbtest8_pkey  (cost=0.00..22.54 rows=1011 width=0)
	              Index Cond: ((id >= 6831102) AND (id <= 6832101))

for: sum_ranges
table 1 : explain SELECT SUM(k) FROM sbtest1 WHERE id BETWEEN 2106502 AND 2107501
	Aggregate  (cost=3684.40..3684.41 rows=1 width=8)
	  ->  Bitmap Heap Scan on sbtest1  (cost=22.20..3682.01 rows=953 width=4)
	        Recheck Cond: ((id >= 2106502) AND (id <= 2107501))
	        ->  Bitmap Index Scan on sbtest1_pkey  (cost=0.00..21.96 rows=953 width=0)
	              Index Cond: ((id >= 2106502) AND (id <= 2107501))

table 2 : explain SELECT SUM(k) FROM sbtest2 WHERE id BETWEEN 2964747 AND 2965746
	Aggregate  (cost=3940.68..3940.69 rows=1 width=8)
	  ->  Bitmap Heap Scan on sbtest2  (cost=22.90..3938.13 rows=1021 width=4)
	        Recheck Cond: ((id >= 2964747) AND (id <= 2965746))
	        ->  Bitmap Index Scan on sbtest2_pkey  (cost=0.00..22.64 rows=1021 width=0)
	              Index Cond: ((id >= 2964747) AND (id <= 2965746))

table 3 : explain SELECT SUM(k) FROM sbtest3 WHERE id BETWEEN 8049117 AND 8050116
	Aggregate  (cost=3809.26..3809.27 rows=1 width=8)
	  ->  Bitmap Heap Scan on sbtest3  (cost=22.54..3806.79 rows=986 width=4)
	        Recheck Cond: ((id >= 8049117) AND (id <= 8050116))
	        ->  Bitmap Index Scan on sbtest3_pkey  (cost=0.00..22.29 rows=986 width=0)
	              Index Cond: ((id >= 8049117) AND (id <= 8050116))

table 4 : explain SELECT SUM(k) FROM sbtest4 WHERE id BETWEEN 9540655 AND 9541654
	Aggregate  (cost=3737.90..3737.91 rows=1 width=8)
	  ->  Bitmap Heap Scan on sbtest4  (cost=22.35..3735.48 rows=967 width=4)
	        Recheck Cond: ((id >= 9540655) AND (id <= 9541654))
	        ->  Bitmap Index Scan on sbtest4_pkey  (cost=0.00..22.11 rows=967 width=0)
	              Index Cond: ((id >= 9540655) AND (id <= 9541654))

table 5 : explain SELECT SUM(k) FROM sbtest5 WHERE id BETWEEN 5449296 AND 5450295
	Aggregate  (cost=3933.94..3933.95 rows=1 width=8)
	  ->  Bitmap Heap Scan on sbtest5  (cost=22.88..3931.40 rows=1019 width=4)
	        Recheck Cond: ((id >= 5449296) AND (id <= 5450295))
	        ->  Bitmap Index Scan on sbtest5_pkey  (cost=0.00..22.62 rows=1019 width=0)
	              Index Cond: ((id >= 5449296) AND (id <= 5450295))

table 6 : explain SELECT SUM(k) FROM sbtest6 WHERE id BETWEEN 4764252 AND 4765251
	Aggregate  (cost=3561.52..3561.53 rows=1 width=8)
	  ->  Bitmap Heap Scan on sbtest6  (cost=21.87..3559.22 rows=920 width=4)
	        Recheck Cond: ((id >= 4764252) AND (id <= 4765251))
	        ->  Bitmap Index Scan on sbtest6_pkey  (cost=0.00..21.64 rows=920 width=0)
	              Index Cond: ((id >= 4764252) AND (id <= 4765251))

table 7 : explain SELECT SUM(k) FROM sbtest7 WHERE id BETWEEN 4385164 AND 4386163
	Aggregate  (cost=3481.79..3481.80 rows=1 width=8)
	  ->  Bitmap Heap Scan on sbtest7  (cost=21.65..3479.54 rows=899 width=4)
	        Recheck Cond: ((id >= 4385164) AND (id <= 4386163))
	        ->  Bitmap Index Scan on sbtest7_pkey  (cost=0.00..21.43 rows=899 width=0)
	              Index Cond: ((id >= 4385164) AND (id <= 4386163))

table 8 : explain SELECT SUM(k) FROM sbtest8 WHERE id BETWEEN 3981795 AND 3982794
	Aggregate  (cost=3649.08..3649.09 rows=1 width=8)
	  ->  Bitmap Heap Scan on sbtest8  (cost=22.10..3646.72 rows=943 width=4)
	        Recheck Cond: ((id >= 3981795) AND (id <= 3982794))
	        ->  Bitmap Index Scan on sbtest8_pkey  (cost=0.00..21.86 rows=943 width=0)
	              Index Cond: ((id >= 3981795) AND (id <= 3982794))

for: distinct_ranges
table 1 : explain SELECT DISTINCT c FROM sbtest1 WHERE id BETWEEN 3939755 AND 3940754 ORDER BY c
	Unique  (cost=3621.99..3626.62 rows=925 width=121)
	  ->  Sort  (cost=3621.99..3624.31 rows=925 width=121)
	        Sort Key: c
	        ->  Bitmap Heap Scan on sbtest1  (cost=21.92..3576.42 rows=925 width=121)
	              Recheck Cond: ((id >= 3939755) AND (id <= 3940754))
	              ->  Bitmap Index Scan on sbtest1_pkey  (cost=0.00..21.68 rows=925 width=0)
	                    Index Cond: ((id >= 3939755) AND (id <= 3940754))

table 2 : explain SELECT DISTINCT c FROM sbtest2 WHERE id BETWEEN 5606840 AND 5607839 ORDER BY c
	Unique  (cost=3947.16..3952.21 rows=1010 width=121)
	  ->  Sort  (cost=3947.16..3949.68 rows=1010 width=121)
	        Sort Key: c
	        ->  Bitmap Heap Scan on sbtest2  (cost=22.79..3896.76 rows=1010 width=121)
	              Recheck Cond: ((id >= 5606840) AND (id <= 5607839))
	              ->  Bitmap Index Scan on sbtest2_pkey  (cost=0.00..22.54 rows=1010 width=0)
	                    Index Cond: ((id >= 5606840) AND (id <= 5607839))

table 3 : explain SELECT DISTINCT c FROM sbtest3 WHERE id BETWEEN 978514 AND 979513 ORDER BY c
	Unique  (cost=4172.67..4178.01 rows=1069 width=121)
	  ->  Sort  (cost=4172.67..4175.34 rows=1069 width=121)
	        Sort Key: c
	        ->  Bitmap Heap Scan on sbtest3  (cost=23.39..4118.89 rows=1069 width=121)
	              Recheck Cond: ((id >= 978514) AND (id <= 979513))
	              ->  Bitmap Index Scan on sbtest3_pkey  (cost=0.00..23.12 rows=1069 width=0)
	                    Index Cond: ((id >= 978514) AND (id <= 979513))

table 4 : explain SELECT DISTINCT c FROM sbtest4 WHERE id BETWEEN 1600545 AND 1601544 ORDER BY c
	Unique  (cost=4104.31..4109.57 rows=1051 width=121)
	  ->  Sort  (cost=4104.31..4106.94 rows=1051 width=121)
	        Sort Key: c
	        ->  Bitmap Heap Scan on sbtest4  (cost=23.21..4051.57 rows=1051 width=121)
	              Recheck Cond: ((id >= 1600545) AND (id <= 1601544))
	              ->  Bitmap Index Scan on sbtest4_pkey  (cost=0.00..22.94 rows=1051 width=0)
	                    Index Cond: ((id >= 1600545) AND (id <= 1601544))

table 5 : explain SELECT DISTINCT c FROM sbtest5 WHERE id BETWEEN 7586356 AND 7587355 ORDER BY c
	Unique  (cost=3997.59..4002.70 rows=1023 width=121)
	  ->  Sort  (cost=3997.59..4000.14 rows=1023 width=121)
	        Sort Key: c
	        ->  Bitmap Heap Scan on sbtest5  (cost=22.92..3946.44 rows=1023 width=121)
	              Recheck Cond: ((id >= 7586356) AND (id <= 7587355))
	              ->  Bitmap Index Scan on sbtest5_pkey  (cost=0.00..22.66 rows=1023 width=0)
	                    Index Cond: ((id >= 7586356) AND (id <= 7587355))

table 6 : explain SELECT DISTINCT c FROM sbtest6 WHERE id BETWEEN 1765298 AND 1766297 ORDER BY c
	Unique  (cost=4307.94..4313.46 rows=1104 width=121)
	  ->  Sort  (cost=4307.94..4310.70 rows=1104 width=121)
	        Sort Key: c
	        ->  Bitmap Heap Scan on sbtest6  (cost=27.75..4252.14 rows=1104 width=121)
	              Recheck Cond: ((id >= 1765298) AND (id <= 1766297))
	              ->  Bitmap Index Scan on sbtest6_pkey  (cost=0.00..27.47 rows=1104 width=0)
	                    Index Cond: ((id >= 1765298) AND (id <= 1766297))

table 7 : explain SELECT DISTINCT c FROM sbtest7 WHERE id BETWEEN 696612 AND 697611 ORDER BY c
	Unique  (cost=4009.67..4014.80 rows=1026 width=121)
	  ->  Sort  (cost=4009.67..4012.24 rows=1026 width=121)
	        Sort Key: c
	        ->  Bitmap Heap Scan on sbtest7  (cost=22.95..3958.36 rows=1026 width=121)
	              Recheck Cond: ((id >= 696612) AND (id <= 697611))
	              ->  Bitmap Index Scan on sbtest7_pkey  (cost=0.00..22.69 rows=1026 width=0)
	                    Index Cond: ((id >= 696612) AND (id <= 697611))

table 8 : explain SELECT DISTINCT c FROM sbtest8 WHERE id BETWEEN 964305 AND 965304 ORDER BY c
	Unique  (cost=4404.05..4409.69 rows=1129 width=121)
	  ->  Sort  (cost=4404.05..4406.87 rows=1129 width=121)
	        Sort Key: c
	        ->  Bitmap Heap Scan on sbtest8  (cost=28.01..4346.80 rows=1129 width=121)
	              Recheck Cond: ((id >= 964305) AND (id <= 965304))
	              ->  Bitmap Index Scan on sbtest8_pkey  (cost=0.00..27.72 rows=1129 width=0)
	                    Index Cond: ((id >= 964305) AND (id <= 965304))

for point_selects
table 1 : explain SELECT c FROM sbtest1 WHERE id=9578224
	Index Scan using sbtest1_pkey on sbtest1  (cost=0.43..8.45 rows=1 width=121)
	  Index Cond: (id = 9578224)

table 2 : explain SELECT c FROM sbtest2 WHERE id=8053513
	Index Scan using sbtest2_pkey on sbtest2  (cost=0.43..8.45 rows=1 width=121)
	  Index Cond: (id = 8053513)

table 3 : explain SELECT c FROM sbtest3 WHERE id=8258165
	Index Scan using sbtest3_pkey on sbtest3  (cost=0.43..8.45 rows=1 width=121)
	  Index Cond: (id = 8258165)

table 4 : explain SELECT c FROM sbtest4 WHERE id=7171657
	Index Scan using sbtest4_pkey on sbtest4  (cost=0.43..8.45 rows=1 width=121)
	  Index Cond: (id = 7171657)

table 5 : explain SELECT c FROM sbtest5 WHERE id=6627395
	Index Scan using sbtest5_pkey on sbtest5  (cost=0.43..8.45 rows=1 width=121)
	  Index Cond: (id = 6627395)

table 6 : explain SELECT c FROM sbtest6 WHERE id=2098521
	Index Scan using sbtest6_pkey on sbtest6  (cost=0.43..8.45 rows=1 width=121)
	  Index Cond: (id = 2098521)

table 7 : explain SELECT c FROM sbtest7 WHERE id=7192238
	Index Scan using sbtest7_pkey on sbtest7  (cost=0.43..8.45 rows=1 width=121)
	  Index Cond: (id = 7192238)

table 8 : explain SELECT c FROM sbtest8 WHERE id=6509034
	Index Scan using sbtest8_pkey on sbtest8  (cost=0.43..8.45 rows=1 width=121)
	  Index Cond: (id = 6509034)

explain: for point_selects :: explain SELECT c FROM sbtest%u WHERE id=%u
for: distinct_ranges
table 1 : explain SELECT DISTINCT c FROM sbtest1 WHERE id BETWEEN 7468805 AND 7469804 ORDER BY c
	Unique  (cost=3912.67..3917.67 rows=1001 width=121)
	  ->  Sort  (cost=3912.67..3915.17 rows=1001 width=121)
	        Sort Key: c
	        ->  Bitmap Heap Scan on sbtest1  (cost=22.70..3862.78 rows=1001 width=121)
	              Recheck Cond: ((id >= 7468805) AND (id <= 7469804))
	              ->  Bitmap Index Scan on sbtest1_pkey  (cost=0.00..22.44 rows=1001 width=0)
	                    Index Cond: ((id >= 7468805) AND (id <= 7469804))

table 2 : explain SELECT DISTINCT c FROM sbtest2 WHERE id BETWEEN 1779039 AND 1780038 ORDER BY c
	Unique  (cost=3874.58..3879.53 rows=991 width=121)
	  ->  Sort  (cost=3874.58..3877.05 rows=991 width=121)
	        Sort Key: c
	        ->  Bitmap Heap Scan on sbtest2  (cost=22.59..3825.26 rows=991 width=121)
	              Recheck Cond: ((id >= 1779039) AND (id <= 1780038))
	              ->  Bitmap Index Scan on sbtest2_pkey  (cost=0.00..22.34 rows=991 width=0)
	                    Index Cond: ((id >= 1779039) AND (id <= 1780038))

table 3 : explain SELECT DISTINCT c FROM sbtest3 WHERE id BETWEEN 3384973 AND 3385972 ORDER BY c
	Unique  (cost=3798.47..3803.33 rows=971 width=121)
	  ->  Sort  (cost=3798.47..3800.90 rows=971 width=121)
	        Sort Key: c
	        ->  Bitmap Heap Scan on sbtest3  (cost=22.39..3750.29 rows=971 width=121)
	              Recheck Cond: ((id >= 3384973) AND (id <= 3385972))
	              ->  Bitmap Index Scan on sbtest3_pkey  (cost=0.00..22.14 rows=971 width=0)
	                    Index Cond: ((id >= 3384973) AND (id <= 3385972))

table 4 : explain SELECT DISTINCT c FROM sbtest4 WHERE id BETWEEN 8334117 AND 8335116 ORDER BY c
	Unique  (cost=3989.81..3994.92 rows=1021 width=121)
	  ->  Sort  (cost=3989.81..3992.36 rows=1021 width=121)
	        Sort Key: c
	        ->  Bitmap Heap Scan on sbtest4  (cost=22.90..3938.78 rows=1021 width=121)
	              Recheck Cond: ((id >= 8334117) AND (id <= 8335116))
	              ->  Bitmap Index Scan on sbtest4_pkey  (cost=0.00..22.64 rows=1021 width=0)
	                    Index Cond: ((id >= 8334117) AND (id <= 8335116))

table 5 : explain SELECT DISTINCT c FROM sbtest5 WHERE id BETWEEN 6840846 AND 6841845 ORDER BY c
	Unique  (cost=3572.96..3577.52 rows=912 width=121)
	  ->  Sort  (cost=3572.96..3575.24 rows=912 width=121)
	        Sort Key: c
	        ->  Bitmap Heap Scan on sbtest5  (cost=21.78..3528.13 rows=912 width=121)
	              Recheck Cond: ((id >= 6840846) AND (id <= 6841845))
	              ->  Bitmap Index Scan on sbtest5_pkey  (cost=0.00..21.55 rows=912 width=0)
	                    Index Cond: ((id >= 6840846) AND (id <= 6841845))

table 6 : explain SELECT DISTINCT c FROM sbtest6 WHERE id BETWEEN 8747416 AND 8748415 ORDER BY c
	Unique  (cost=3929.85..3934.88 rows=1005 width=121)
	  ->  Sort  (cost=3929.85..3932.37 rows=1005 width=121)
	        Sort Key: c
	        ->  Bitmap Heap Scan on sbtest6  (cost=22.74..3879.74 rows=1005 width=121)
	              Recheck Cond: ((id >= 8747416) AND (id <= 8748415))
	              ->  Bitmap Index Scan on sbtest6_pkey  (cost=0.00..22.48 rows=1005 width=0)
	                    Index Cond: ((id >= 8747416) AND (id <= 8748415))

table 7 : explain SELECT DISTINCT c FROM sbtest7 WHERE id BETWEEN 1766890 AND 1767889 ORDER BY c
	Unique  (cost=3776.48..3781.30 rows=965 width=121)
	  ->  Sort  (cost=3776.48..3778.89 rows=965 width=121)
	        Sort Key: c
	        ->  Bitmap Heap Scan on sbtest7  (cost=22.33..3728.64 rows=965 width=121)
	              Recheck Cond: ((id >= 1766890) AND (id <= 1767889))
	              ->  Bitmap Index Scan on sbtest7_pkey  (cost=0.00..22.08 rows=965 width=0)
	                    Index Cond: ((id >= 1766890) AND (id <= 1767889))

table 8 : explain SELECT DISTINCT c FROM sbtest8 WHERE id BETWEEN 2149871 AND 2150870 ORDER BY c
	Unique  (cost=4029.96..4035.12 rows=1031 width=121)
	  ->  Sort  (cost=4029.96..4032.54 rows=1031 width=121)
	        Sort Key: c
	        ->  Bitmap Heap Scan on sbtest8  (cost=23.00..3978.36 rows=1031 width=121)
	              Recheck Cond: ((id >= 2149871) AND (id <= 2150870))
	              ->  Bitmap Index Scan on sbtest8_pkey  (cost=0.00..22.75 rows=1031 width=0)
	                    Index Cond: ((id >= 2149871) AND (id <= 2150870))

for: distinct_ranges
table 1 : explain SELECT DISTINCT c FROM sbtest1 WHERE id BETWEEN 4856553 AND 4857552 ORDER BY c
	Unique  (cost=4400.90..4406.55 rows=1129 width=121)
	  ->  Sort  (cost=4400.90..4403.72 rows=1129 width=121)
	        Sort Key: c
	        ->  Bitmap Heap Scan on sbtest1  (cost=28.01..4343.66 rows=1129 width=121)
	              Recheck Cond: ((id >= 4856553) AND (id <= 4857552))
	              ->  Bitmap Index Scan on sbtest1_pkey  (cost=0.00..27.72 rows=1129 width=0)
	                    Index Cond: ((id >= 4856553) AND (id <= 4857552))

table 2 : explain SELECT DISTINCT c FROM sbtest2 WHERE id BETWEEN 656092 AND 657091 ORDER BY c
	Unique  (cost=3786.65..3791.49 rows=968 width=121)
	  ->  Sort  (cost=3786.65..3789.07 rows=968 width=121)
	        Sort Key: c
	        ->  Bitmap Heap Scan on sbtest2  (cost=22.36..3738.65 rows=968 width=121)
	              Recheck Cond: ((id >= 656092) AND (id <= 657091))
	              ->  Bitmap Index Scan on sbtest2_pkey  (cost=0.00..22.11 rows=968 width=0)
	                    Index Cond: ((id >= 656092) AND (id <= 657091))

table 3 : explain SELECT DISTINCT c FROM sbtest3 WHERE id BETWEEN 9516 AND 10515 ORDER BY c
	Unique  (cost=4176.48..4181.83 rows=1070 width=121)
	  ->  Sort  (cost=4176.48..4179.15 rows=1070 width=121)
	        Sort Key: c
	        ->  Bitmap Heap Scan on sbtest3  (cost=23.40..4122.64 rows=1070 width=121)
	              Recheck Cond: ((id >= 9516) AND (id <= 10515))
	              ->  Bitmap Index Scan on sbtest3_pkey  (cost=0.00..23.14 rows=1070 width=0)
	                    Index Cond: ((id >= 9516) AND (id <= 10515))

table 4 : explain SELECT DISTINCT c FROM sbtest4 WHERE id BETWEEN 7028638 AND 7029637 ORDER BY c
	Unique  (cost=3852.26..3857.19 rows=985 width=121)
	  ->  Sort  (cost=3852.26..3854.73 rows=985 width=121)
	        Sort Key: c
	        ->  Bitmap Heap Scan on sbtest4  (cost=22.53..3803.29 rows=985 width=121)
	              Recheck Cond: ((id >= 7028638) AND (id <= 7029637))
	              ->  Bitmap Index Scan on sbtest4_pkey  (cost=0.00..22.29 rows=985 width=0)
	                    Index Cond: ((id >= 7028638) AND (id <= 7029637))

table 5 : explain SELECT DISTINCT c FROM sbtest5 WHERE id BETWEEN 9089972 AND 9090971 ORDER BY c
	Unique  (cost=3630.44..3635.07 rows=927 width=121)
	  ->  Sort  (cost=3630.44..3632.75 rows=927 width=121)
	        Sort Key: c
	        ->  Bitmap Heap Scan on sbtest5  (cost=21.94..3584.75 rows=927 width=121)
	              Recheck Cond: ((id >= 9089972) AND (id <= 9090971))
	              ->  Bitmap Index Scan on sbtest5_pkey  (cost=0.00..21.70 rows=927 width=0)
	                    Index Cond: ((id >= 9089972) AND (id <= 9090971))

table 6 : explain SELECT DISTINCT c FROM sbtest6 WHERE id BETWEEN 8971255 AND 8972254 ORDER BY c
	Unique  (cost=3527.83..3532.33 rows=900 width=121)
	  ->  Sort  (cost=3527.83..3530.08 rows=900 width=121)
	        Sort Key: c
	        ->  Bitmap Heap Scan on sbtest6  (cost=21.66..3483.67 rows=900 width=121)
	              Recheck Cond: ((id >= 8971255) AND (id <= 8972254))
	              ->  Bitmap Index Scan on sbtest6_pkey  (cost=0.00..21.43 rows=900 width=0)
	                    Index Cond: ((id >= 8971255) AND (id <= 8972254))

table 7 : explain SELECT DISTINCT c FROM sbtest7 WHERE id BETWEEN 5331556 AND 5332555 ORDER BY c
	Unique  (cost=3630.98..3635.61 rows=927 width=121)
	  ->  Sort  (cost=3630.98..3633.30 rows=927 width=121)
	        Sort Key: c
	        ->  Bitmap Heap Scan on sbtest7  (cost=21.94..3585.29 rows=927 width=121)
	              Recheck Cond: ((id >= 5331556) AND (id <= 5332555))
	              ->  Bitmap Index Scan on sbtest7_pkey  (cost=0.00..21.70 rows=927 width=0)
	                    Index Cond: ((id >= 5331556) AND (id <= 5332555))

table 8 : explain SELECT DISTINCT c FROM sbtest8 WHERE id BETWEEN 9179843 AND 9180842 ORDER BY c
	Unique  (cost=3850.28..3855.20 rows=984 width=121)
	  ->  Sort  (cost=3850.28..3852.74 rows=984 width=121)
	        Sort Key: c
	        ->  Bitmap Heap Scan on sbtest8  (cost=22.52..3801.36 rows=984 width=121)
	              Recheck Cond: ((id >= 9179843) AND (id <= 9180842))
	              ->  Bitmap Index Scan on sbtest8_pkey  (cost=0.00..22.27 rows=984 width=0)
	                    Index Cond: ((id >= 9179843) AND (id <= 9180842))

for: sum_ranges
table 1 : explain SELECT SUM(k) FROM sbtest1 WHERE id BETWEEN 6364200 AND 6365199
	Aggregate  (cost=3902.93..3902.94 rows=1 width=8)
	  ->  Bitmap Heap Scan on sbtest1  (cost=22.80..3900.41 rows=1011 width=4)
	        Recheck Cond: ((id >= 6364200) AND (id <= 6365199))
	        ->  Bitmap Index Scan on sbtest1_pkey  (cost=0.00..22.54 rows=1011 width=0)
	              Index Cond: ((id >= 6364200) AND (id <= 6365199))

table 2 : explain SELECT SUM(k) FROM sbtest2 WHERE id BETWEEN 1820814 AND 1821813
	Aggregate  (cost=3563.73..3563.74 rows=1 width=8)
	  ->  Bitmap Heap Scan on sbtest2  (cost=21.88..3561.43 rows=921 width=4)
	        Recheck Cond: ((id >= 1820814) AND (id <= 1821813))
	        ->  Bitmap Index Scan on sbtest2_pkey  (cost=0.00..21.64 rows=921 width=0)
	              Index Cond: ((id >= 1820814) AND (id <= 1821813))

table 3 : explain SELECT SUM(k) FROM sbtest3 WHERE id BETWEEN 4164320 AND 4165319
	Aggregate  (cost=3971.16..3971.17 rows=1 width=8)
	  ->  Bitmap Heap Scan on sbtest3  (cost=22.98..3968.59 rows=1029 width=4)
	        Recheck Cond: ((id >= 4164320) AND (id <= 4165319))
	        ->  Bitmap Index Scan on sbtest3_pkey  (cost=0.00..22.72 rows=1029 width=0)
	              Index Cond: ((id >= 4164320) AND (id <= 4165319))

table 4 : explain SELECT SUM(k) FROM sbtest4 WHERE id BETWEEN 8884770 AND 8885769
	Aggregate  (cost=3798.21..3798.22 rows=1 width=8)
	  ->  Bitmap Heap Scan on sbtest4  (cost=22.51..3795.76 rows=983 width=4)
	        Recheck Cond: ((id >= 8884770) AND (id <= 8885769))
	        ->  Bitmap Index Scan on sbtest4_pkey  (cost=0.00..22.26 rows=983 width=0)
	              Index Cond: ((id >= 8884770) AND (id <= 8885769))

table 5 : explain SELECT SUM(k) FROM sbtest5 WHERE id BETWEEN 9825740 AND 9826739
	Aggregate  (cost=3783.27..3783.28 rows=1 width=8)
	  ->  Bitmap Heap Scan on sbtest5  (cost=22.47..3780.82 rows=979 width=4)
	        Recheck Cond: ((id >= 9825740) AND (id <= 9826739))
	        ->  Bitmap Index Scan on sbtest5_pkey  (cost=0.00..22.22 rows=979 width=0)
	              Index Cond: ((id >= 9825740) AND (id <= 9826739))

table 6 : explain SELECT SUM(k) FROM sbtest6 WHERE id BETWEEN 9012353 AND 9013352
	Aggregate  (cost=3772.94..3772.95 rows=1 width=8)
	  ->  Bitmap Heap Scan on sbtest6  (cost=22.44..3770.50 rows=976 width=4)
	        Recheck Cond: ((id >= 9012353) AND (id <= 9013352))
	        ->  Bitmap Index Scan on sbtest6_pkey  (cost=0.00..22.19 rows=976 width=0)
	              Index Cond: ((id >= 9012353) AND (id <= 9013352))

table 7 : explain SELECT SUM(k) FROM sbtest7 WHERE id BETWEEN 7599117 AND 7600116
	Aggregate  (cost=3621.60..3621.61 rows=1 width=8)
	  ->  Bitmap Heap Scan on sbtest7  (cost=22.03..3619.26 rows=936 width=4)
	        Recheck Cond: ((id >= 7599117) AND (id <= 7600116))
	        ->  Bitmap Index Scan on sbtest7_pkey  (cost=0.00..21.79 rows=936 width=0)
	              Index Cond: ((id >= 7599117) AND (id <= 7600116))

table 8 : explain SELECT SUM(k) FROM sbtest8 WHERE id BETWEEN 9757891 AND 9758890
	Aggregate  (cost=3573.51..3573.52 rows=1 width=8)
	  ->  Bitmap Heap Scan on sbtest8  (cost=21.90..3571.21 rows=923 width=4)
	        Recheck Cond: ((id >= 9757891) AND (id <= 9758890))
	        ->  Bitmap Index Scan on sbtest8_pkey  (cost=0.00..21.66 rows=923 width=0)
	              Index Cond: ((id >= 9757891) AND (id <= 9758890))

for point_selects
table 1 : explain SELECT c FROM sbtest1 WHERE id=4109925
	Index Scan using sbtest1_pkey on sbtest1  (cost=0.43..8.45 rows=1 width=121)
	  Index Cond: (id = 4109925)

table 2 : explain SELECT c FROM sbtest2 WHERE id=8739608
	Index Scan using sbtest2_pkey on sbtest2  (cost=0.43..8.45 rows=1 width=121)
	  Index Cond: (id = 8739608)

table 3 : explain SELECT c FROM sbtest3 WHERE id=7315701
	Index Scan using sbtest3_pkey on sbtest3  (cost=0.43..8.45 rows=1 width=121)
	  Index Cond: (id = 7315701)

table 4 : explain SELECT c FROM sbtest4 WHERE id=6570495
	Index Scan using sbtest4_pkey on sbtest4  (cost=0.43..8.45 rows=1 width=121)
	  Index Cond: (id = 6570495)

table 5 : explain SELECT c FROM sbtest5 WHERE id=6176485
	Index Scan using sbtest5_pkey on sbtest5  (cost=0.43..8.45 rows=1 width=121)
	  Index Cond: (id = 6176485)

table 6 : explain SELECT c FROM sbtest6 WHERE id=3984165
	Index Scan using sbtest6_pkey on sbtest6  (cost=0.43..8.45 rows=1 width=121)
	  Index Cond: (id = 3984165)

table 7 : explain SELECT c FROM sbtest7 WHERE id=460324
	Index Scan using sbtest7_pkey on sbtest7  (cost=0.43..8.45 rows=1 width=121)
	  Index Cond: (id = 460324)

table 8 : explain SELECT c FROM sbtest8 WHERE id=1547553
	Index Scan using sbtest8_pkey on sbtest8  (cost=0.43..8.45 rows=1 width=121)
	  Index Cond: (id = 1547553)

explain: for point_selects :: explain SELECT c FROM sbtest%u WHERE id=%u
for point_selects
table 1 : explain SELECT c FROM sbtest1 WHERE id=8464340
	Index Scan using sbtest1_pkey on sbtest1  (cost=0.43..8.45 rows=1 width=121)
	  Index Cond: (id = 8464340)

table 2 : explain SELECT c FROM sbtest2 WHERE id=5489190
	Index Scan using sbtest2_pkey on sbtest2  (cost=0.43..8.45 rows=1 width=121)
	  Index Cond: (id = 5489190)

table 3 : explain SELECT c FROM sbtest3 WHERE id=4966524
	Index Scan using sbtest3_pkey on sbtest3  (cost=0.43..8.45 rows=1 width=121)
	  Index Cond: (id = 4966524)

table 4 : explain SELECT c FROM sbtest4 WHERE id=6405230
	Index Scan using sbtest4_pkey on sbtest4  (cost=0.43..8.45 rows=1 width=121)
	  Index Cond: (id = 6405230)

table 5 : explain SELECT c FROM sbtest5 WHERE id=7257230
	Index Scan using sbtest5_pkey on sbtest5  (cost=0.43..8.45 rows=1 width=121)
	  Index Cond: (id = 7257230)

table 6 : explain SELECT c FROM sbtest6 WHERE id=7637429
	Index Scan using sbtest6_pkey on sbtest6  (cost=0.43..8.45 rows=1 width=121)
	  Index Cond: (id = 7637429)

table 7 : explain SELECT c FROM sbtest7 WHERE id=9261925
	Index Scan using sbtest7_pkey on sbtest7  (cost=0.43..8.45 rows=1 width=121)
	  Index Cond: (id = 9261925)

table 8 : explain SELECT c FROM sbtest8 WHERE id=883296
	Index Scan using sbtest8_pkey on sbtest8  (cost=0.43..8.45 rows=1 width=121)
	  Index Cond: (id = 883296)

for: order_ranges
table 1 : explain SELECT c FROM sbtest1 WHERE id BETWEEN 2413131 AND 2414130 ORDER BY c
	Sort  (cost=4103.51..4106.14 rows=1051 width=121)
	  Sort Key: c
	  ->  Bitmap Heap Scan on sbtest1  (cost=23.21..4050.76 rows=1051 width=121)
	        Recheck Cond: ((id >= 2413131) AND (id <= 2414130))
	        ->  Bitmap Index Scan on sbtest1_pkey  (cost=0.00..22.94 rows=1051 width=0)
	              Index Cond: ((id >= 2413131) AND (id <= 2414130))

table 2 : explain SELECT c FROM sbtest2 WHERE id BETWEEN 5090186 AND 5091185 ORDER BY c
	Sort  (cost=4073.12..4075.73 rows=1043 width=121)
	  Sort Key: c
	  ->  Bitmap Heap Scan on sbtest2  (cost=23.13..4020.83 rows=1043 width=121)
	        Recheck Cond: ((id >= 5090186) AND (id <= 5091185))
	        ->  Bitmap Index Scan on sbtest2_pkey  (cost=0.00..22.86 rows=1043 width=0)
	              Index Cond: ((id >= 5090186) AND (id <= 5091185))

table 3 : explain SELECT c FROM sbtest3 WHERE id BETWEEN 5771196 AND 5772195 ORDER BY c
	Sort  (cost=4466.15..4469.01 rows=1146 width=121)
	  Sort Key: c
	  ->  Bitmap Heap Scan on sbtest3  (cost=28.18..4407.92 rows=1146 width=121)
	        Recheck Cond: ((id >= 5771196) AND (id <= 5772195))
	        ->  Bitmap Index Scan on sbtest3_pkey  (cost=0.00..27.89 rows=1146 width=0)
	              Index Cond: ((id >= 5771196) AND (id <= 5772195))

table 4 : explain SELECT c FROM sbtest4 WHERE id BETWEEN 8616492 AND 8617491 ORDER BY c
	Sort  (cost=3940.16..3942.68 rows=1008 width=121)
	  Sort Key: c
	  ->  Bitmap Heap Scan on sbtest4  (cost=22.77..3889.87 rows=1008 width=121)
	        Recheck Cond: ((id >= 8616492) AND (id <= 8617491))
	        ->  Bitmap Index Scan on sbtest4_pkey  (cost=0.00..22.51 rows=1008 width=0)
	              Index Cond: ((id >= 8616492) AND (id <= 8617491))

table 5 : explain SELECT c FROM sbtest5 WHERE id BETWEEN 7765362 AND 7766361 ORDER BY c
	Sort  (cost=3649.59..3651.92 rows=932 width=121)
	  Sort Key: c
	  ->  Bitmap Heap Scan on sbtest5  (cost=21.99..3603.62 rows=932 width=121)
	        Recheck Cond: ((id >= 7765362) AND (id <= 7766361))
	        ->  Bitmap Index Scan on sbtest5_pkey  (cost=0.00..21.75 rows=932 width=0)
	              Index Cond: ((id >= 7765362) AND (id <= 7766361))

table 6 : explain SELECT c FROM sbtest6 WHERE id BETWEEN 4028951 AND 4029950 ORDER BY c
	Sort  (cost=3646.67..3649.00 rows=931 width=121)
	  Sort Key: c
	  ->  Bitmap Heap Scan on sbtest6  (cost=21.98..3600.76 rows=931 width=121)
	        Recheck Cond: ((id >= 4028951) AND (id <= 4029950))
	        ->  Bitmap Index Scan on sbtest6_pkey  (cost=0.00..21.75 rows=931 width=0)
	              Index Cond: ((id >= 4028951) AND (id <= 4029950))

table 7 : explain SELECT c FROM sbtest7 WHERE id BETWEEN 9586202 AND 9587201 ORDER BY c
	Sort  (cost=3791.79..3794.21 rows=969 width=121)
	  Sort Key: c
	  ->  Bitmap Heap Scan on sbtest7  (cost=22.37..3743.72 rows=969 width=121)
	        Recheck Cond: ((id >= 9586202) AND (id <= 9587201))
	        ->  Bitmap Index Scan on sbtest7_pkey  (cost=0.00..22.12 rows=969 width=0)
	              Index Cond: ((id >= 9586202) AND (id <= 9587201))

table 8 : explain SELECT c FROM sbtest8 WHERE id BETWEEN 563708 AND 564707 ORDER BY c
	Sort  (cost=3945.89..3948.41 rows=1009 width=121)
	  Sort Key: c
	  ->  Bitmap Heap Scan on sbtest8  (cost=22.78..3895.55 rows=1009 width=121)
	        Recheck Cond: ((id >= 563708) AND (id <= 564707))
	        ->  Bitmap Index Scan on sbtest8_pkey  (cost=0.00..22.52 rows=1009 width=0)
	              Index Cond: ((id >= 563708) AND (id <= 564707))

for: order_ranges
table 1 : explain SELECT c FROM sbtest1 WHERE id BETWEEN 6752261 AND 6753260 ORDER BY c
	Sort  (cost=4461.76..4464.62 rows=1145 width=121)
	  Sort Key: c
	  ->  Bitmap Heap Scan on sbtest1  (cost=28.17..4403.59 rows=1145 width=121)
	        Recheck Cond: ((id >= 6752261) AND (id <= 6753260))
	        ->  Bitmap Index Scan on sbtest1_pkey  (cost=0.00..27.89 rows=1145 width=0)
	              Index Cond: ((id >= 6752261) AND (id <= 6753260))

table 2 : explain SELECT c FROM sbtest2 WHERE id BETWEEN 4174597 AND 4175596 ORDER BY c
	Sort  (cost=3706.32..3708.68 rows=947 width=121)
	  Sort Key: c
	  ->  Bitmap Heap Scan on sbtest2  (cost=22.14..3659.50 rows=947 width=121)
	        Recheck Cond: ((id >= 4174597) AND (id <= 4175596))
	        ->  Bitmap Index Scan on sbtest2_pkey  (cost=0.00..21.90 rows=947 width=0)
	              Index Cond: ((id >= 4174597) AND (id <= 4175596))

table 3 : explain SELECT c FROM sbtest3 WHERE id BETWEEN 471570 AND 472569 ORDER BY c
	Sort  (cost=3534.29..3536.54 rows=902 width=121)
	  Sort Key: c
	  ->  Bitmap Heap Scan on sbtest3  (cost=21.68..3490.01 rows=902 width=121)
	        Recheck Cond: ((id >= 471570) AND (id <= 472569))
	        ->  Bitmap Index Scan on sbtest3_pkey  (cost=0.00..21.45 rows=902 width=0)
	              Index Cond: ((id >= 471570) AND (id <= 472569))

table 4 : explain SELECT c FROM sbtest4 WHERE id BETWEEN 3899679 AND 3900678 ORDER BY c
	Sort  (cost=3875.20..3877.68 rows=991 width=121)
	  Sort Key: c
	  ->  Bitmap Heap Scan on sbtest4  (cost=22.59..3825.88 rows=991 width=121)
	        Recheck Cond: ((id >= 3899679) AND (id <= 3900678))
	        ->  Bitmap Index Scan on sbtest4_pkey  (cost=0.00..22.34 rows=991 width=0)
	              Index Cond: ((id >= 3899679) AND (id <= 3900678))

table 5 : explain SELECT c FROM sbtest5 WHERE id BETWEEN 1958037 AND 1959036 ORDER BY c
	Sort  (cost=3798.86..3801.28 rows=971 width=121)
	  Sort Key: c
	  ->  Bitmap Heap Scan on sbtest5  (cost=22.39..3750.68 rows=971 width=121)
	        Recheck Cond: ((id >= 1958037) AND (id <= 1959036))
	        ->  Bitmap Index Scan on sbtest5_pkey  (cost=0.00..22.14 rows=971 width=0)
	              Index Cond: ((id >= 1958037) AND (id <= 1959036))

table 6 : explain SELECT c FROM sbtest6 WHERE id BETWEEN 1151645 AND 1152644 ORDER BY c
	Sort  (cost=3688.81..3691.16 rows=942 width=121)
	  Sort Key: c
	  ->  Bitmap Heap Scan on sbtest6  (cost=22.09..3642.27 rows=942 width=121)
	        Recheck Cond: ((id >= 1151645) AND (id <= 1152644))
	        ->  Bitmap Index Scan on sbtest6_pkey  (cost=0.00..21.86 rows=942 width=0)
	              Index Cond: ((id >= 1151645) AND (id <= 1152644))

table 7 : explain SELECT c FROM sbtest7 WHERE id BETWEEN 2437604 AND 2438603 ORDER BY c
	Sort  (cost=3634.81..3637.13 rows=928 width=121)
	  Sort Key: c
	  ->  Bitmap Heap Scan on sbtest7  (cost=21.95..3589.07 rows=928 width=121)
	        Recheck Cond: ((id >= 2437604) AND (id <= 2438603))
	        ->  Bitmap Index Scan on sbtest7_pkey  (cost=0.00..21.71 rows=928 width=0)
	              Index Cond: ((id >= 2437604) AND (id <= 2438603))

table 8 : explain SELECT c FROM sbtest8 WHERE id BETWEEN 3867217 AND 3868216 ORDER BY c
	Sort  (cost=3938.24..3940.76 rows=1007 width=121)
	  Sort Key: c
	  ->  Bitmap Heap Scan on sbtest8  (cost=22.76..3888.01 rows=1007 width=121)
	        Recheck Cond: ((id >= 3867217) AND (id <= 3868216))
	        ->  Bitmap Index Scan on sbtest8_pkey  (cost=0.00..22.50 rows=1007 width=0)
	              Index Cond: ((id >= 3867217) AND (id <= 3868216))

for: order_ranges
table 1 : explain SELECT c FROM sbtest1 WHERE id BETWEEN 7520356 AND 7521355 ORDER BY c
	Sort  (cost=3901.21..3903.70 rows=998 width=121)
	  Sort Key: c
	  ->  Bitmap Heap Scan on sbtest1  (cost=22.66..3851.49 rows=998 width=121)
	        Recheck Cond: ((id >= 7520356) AND (id <= 7521355))
	        ->  Bitmap Index Scan on sbtest1_pkey  (cost=0.00..22.41 rows=998 width=0)
	              Index Cond: ((id >= 7520356) AND (id <= 7521355))

table 2 : explain SELECT c FROM sbtest2 WHERE id BETWEEN 9264200 AND 9265199 ORDER BY c
	Sort  (cost=4309.69..4312.45 rows=1105 width=121)
	  Sort Key: c
	  ->  Bitmap Heap Scan on sbtest2  (cost=27.76..4253.83 rows=1105 width=121)
	        Recheck Cond: ((id >= 9264200) AND (id <= 9265199))
	        ->  Bitmap Index Scan on sbtest2_pkey  (cost=0.00..27.48 rows=1105 width=0)
	              Index Cond: ((id >= 9264200) AND (id <= 9265199))

table 3 : explain SELECT c FROM sbtest3 WHERE id BETWEEN 3819758 AND 3820757 ORDER BY c
	Sort  (cost=3771.70..3774.11 rows=964 width=121)
	  Sort Key: c
	  ->  Bitmap Heap Scan on sbtest3  (cost=22.32..3723.92 rows=964 width=121)
	        Recheck Cond: ((id >= 3819758) AND (id <= 3820757))
	        ->  Bitmap Index Scan on sbtest3_pkey  (cost=0.00..22.07 rows=964 width=0)
	              Index Cond: ((id >= 3819758) AND (id <= 3820757))

table 4 : explain SELECT c FROM sbtest4 WHERE id BETWEEN 9463243 AND 9464242 ORDER BY c
	Sort  (cost=3943.98..3946.50 rows=1009 width=121)
	  Sort Key: c
	  ->  Bitmap Heap Scan on sbtest4  (cost=22.78..3893.64 rows=1009 width=121)
	        Recheck Cond: ((id >= 9463243) AND (id <= 9464242))
	        ->  Bitmap Index Scan on sbtest4_pkey  (cost=0.00..22.52 rows=1009 width=0)
	              Index Cond: ((id >= 9463243) AND (id <= 9464242))

table 5 : explain SELECT c FROM sbtest5 WHERE id BETWEEN 9865215 AND 9866214 ORDER BY c
	Sort  (cost=3829.45..3831.90 rows=979 width=121)
	  Sort Key: c
	  ->  Bitmap Heap Scan on sbtest5  (cost=22.47..3780.82 rows=979 width=121)
	        Recheck Cond: ((id >= 9865215) AND (id <= 9866214))
	        ->  Bitmap Index Scan on sbtest5_pkey  (cost=0.00..22.22 rows=979 width=0)
	              Index Cond: ((id >= 9865215) AND (id <= 9866214))

table 6 : explain SELECT c FROM sbtest6 WHERE id BETWEEN 8822170 AND 8823169 ORDER BY c
	Sort  (cost=4033.01..4035.59 rows=1032 width=121)
	  Sort Key: c
	  ->  Bitmap Heap Scan on sbtest6  (cost=23.01..3981.35 rows=1032 width=121)
	        Recheck Cond: ((id >= 8822170) AND (id <= 8823169))
	        ->  Bitmap Index Scan on sbtest6_pkey  (cost=0.00..22.75 rows=1032 width=0)
	              Index Cond: ((id >= 8822170) AND (id <= 8823169))

table 7 : explain SELECT c FROM sbtest7 WHERE id BETWEEN 4222115 AND 4223114 ORDER BY c
	Sort  (cost=3795.61..3798.04 rows=970 width=121)
	  Sort Key: c
	  ->  Bitmap Heap Scan on sbtest7  (cost=22.38..3747.49 rows=970 width=121)
	        Recheck Cond: ((id >= 4222115) AND (id <= 4223114))
	        ->  Bitmap Index Scan on sbtest7_pkey  (cost=0.00..22.14 rows=970 width=0)
	              Index Cond: ((id >= 4222115) AND (id <= 4223114))

table 8 : explain SELECT c FROM sbtest8 WHERE id BETWEEN 8651701 AND 8652700 ORDER BY c
	Sort  (cost=4201.94..4204.62 rows=1075 width=121)
	  Sort Key: c
	  ->  Bitmap Heap Scan on sbtest8  (cost=27.45..4147.81 rows=1075 width=121)
	        Recheck Cond: ((id >= 8651701) AND (id <= 8652700))
	        ->  Bitmap Index Scan on sbtest8_pkey  (cost=0.00..27.18 rows=1075 width=0)
	              Index Cond: ((id >= 8651701) AND (id <= 8652700))

for: simple_ranges
table 1 : explain SELECT c FROM sbtest1 WHERE id BETWEEN 9274308 AND 9275307
	Bitmap Heap Scan on sbtest1  (cost=27.82..4276.20 rows=1111 width=121)
	  Recheck Cond: ((id >= 9274308) AND (id <= 9275307))
	  ->  Bitmap Index Scan on sbtest1_pkey  (cost=0.00..27.54 rows=1111 width=0)
	        Index Cond: ((id >= 9274308) AND (id <= 9275307))

table 2 : explain SELECT c FROM sbtest2 WHERE id BETWEEN 1917396 AND 1918395
	Bitmap Heap Scan on sbtest2  (cost=22.41..3757.48 rows=973 width=121)
	  Recheck Cond: ((id >= 1917396) AND (id <= 1918395))
	  ->  Bitmap Index Scan on sbtest2_pkey  (cost=0.00..22.16 rows=973 width=0)
	        Index Cond: ((id >= 1917396) AND (id <= 1918395))

table 3 : explain SELECT c FROM sbtest3 WHERE id BETWEEN 2549537 AND 2550536
	Bitmap Heap Scan on sbtest3  (cost=21.57..3448.46 rows=891 width=121)
	  Recheck Cond: ((id >= 2549537) AND (id <= 2550536))
	  ->  Bitmap Index Scan on sbtest3_pkey  (cost=0.00..21.34 rows=891 width=0)
	        Index Cond: ((id >= 2549537) AND (id <= 2550536))

table 4 : explain SELECT c FROM sbtest4 WHERE id BETWEEN 6174835 AND 6175834
	Bitmap Heap Scan on sbtest4  (cost=22.51..3795.76 rows=983 width=121)
	  Recheck Cond: ((id >= 6174835) AND (id <= 6175834))
	  ->  Bitmap Index Scan on sbtest4_pkey  (cost=0.00..22.26 rows=983 width=0)
	        Index Cond: ((id >= 6174835) AND (id <= 6175834))

table 5 : explain SELECT c FROM sbtest5 WHERE id BETWEEN 5844756 AND 5845755
	Bitmap Heap Scan on sbtest5  (cost=27.65..4213.45 rows=1094 width=121)
	  Recheck Cond: ((id >= 5844756) AND (id <= 5845755))
	  ->  Bitmap Index Scan on sbtest5_pkey  (cost=0.00..27.37 rows=1094 width=0)
	        Index Cond: ((id >= 5844756) AND (id <= 5845755))

table 6 : explain SELECT c FROM sbtest6 WHERE id BETWEEN 925881 AND 926880
	Bitmap Heap Scan on sbtest6  (cost=21.83..3547.89 rows=917 width=121)
	  Recheck Cond: ((id >= 925881) AND (id <= 926880))
	  ->  Bitmap Index Scan on sbtest6_pkey  (cost=0.00..21.61 rows=917 width=0)
	        Index Cond: ((id >= 925881) AND (id <= 926880))

table 7 : explain SELECT c FROM sbtest7 WHERE id BETWEEN 1832318 AND 1833317
	Bitmap Heap Scan on sbtest7  (cost=22.33..3728.64 rows=965 width=121)
	  Recheck Cond: ((id >= 1832318) AND (id <= 1833317))
	  ->  Bitmap Index Scan on sbtest7_pkey  (cost=0.00..22.08 rows=965 width=0)
	        Index Cond: ((id >= 1832318) AND (id <= 1833317))

table 8 : explain SELECT c FROM sbtest8 WHERE id BETWEEN 9770365 AND 9771364
	Bitmap Heap Scan on sbtest8  (cost=21.90..3571.21 rows=923 width=121)
	  Recheck Cond: ((id >= 9770365) AND (id <= 9771364))
	  ->  Bitmap Index Scan on sbtest8_pkey  (cost=0.00..21.66 rows=923 width=0)
	        Index Cond: ((id >= 9770365) AND (id <= 9771364))

for: simple_ranges
table 1 : explain SELECT c FROM sbtest1 WHERE id BETWEEN 7592822 AND 7593821
	Bitmap Heap Scan on sbtest1  (cost=22.66..3851.49 rows=998 width=121)
	  Recheck Cond: ((id >= 7592822) AND (id <= 7593821))
	  ->  Bitmap Index Scan on sbtest1_pkey  (cost=0.00..22.41 rows=998 width=0)
	        Index Cond: ((id >= 7592822) AND (id <= 7593821))

table 2 : explain SELECT c FROM sbtest2 WHERE id BETWEEN 2958075 AND 2959074
	Bitmap Heap Scan on sbtest2  (cost=22.90..3938.13 rows=1021 width=121)
	  Recheck Cond: ((id >= 2958075) AND (id <= 2959074))
	  ->  Bitmap Index Scan on sbtest2_pkey  (cost=0.00..22.64 rows=1021 width=0)
	        Index Cond: ((id >= 2958075) AND (id <= 2959074))

table 3 : explain SELECT c FROM sbtest3 WHERE id BETWEEN 5804605 AND 5805604
	Bitmap Heap Scan on sbtest3  (cost=22.65..3848.21 rows=997 width=121)
	  Recheck Cond: ((id >= 5804605) AND (id <= 5805604))
	  ->  Bitmap Index Scan on sbtest3_pkey  (cost=0.00..22.40 rows=997 width=0)
	        Index Cond: ((id >= 5804605) AND (id <= 5805604))

table 4 : explain SELECT c FROM sbtest4 WHERE id BETWEEN 392274 AND 393273
	Bitmap Heap Scan on sbtest4  (cost=22.36..3739.25 rows=968 width=121)
	  Recheck Cond: ((id >= 392274) AND (id <= 393273))
	  ->  Bitmap Index Scan on sbtest4_pkey  (cost=0.00..22.11 rows=968 width=0)
	        Index Cond: ((id >= 392274) AND (id <= 393273))

table 5 : explain SELECT c FROM sbtest5 WHERE id BETWEEN 9162085 AND 9163084
	Bitmap Heap Scan on sbtest5  (cost=21.94..3584.75 rows=927 width=121)
	  Recheck Cond: ((id >= 9162085) AND (id <= 9163084))
	  ->  Bitmap Index Scan on sbtest5_pkey  (cost=0.00..21.70 rows=927 width=0)
	        Index Cond: ((id >= 9162085) AND (id <= 9163084))

table 6 : explain SELECT c FROM sbtest6 WHERE id BETWEEN 4819754 AND 4820753
	Bitmap Heap Scan on sbtest6  (cost=23.48..4154.26 rows=1078 width=121)
	  Recheck Cond: ((id >= 4819754) AND (id <= 4820753))
	  ->  Bitmap Index Scan on sbtest6_pkey  (cost=0.00..23.21 rows=1078 width=0)
	        Index Cond: ((id >= 4819754) AND (id <= 4820753))

table 7 : explain SELECT c FROM sbtest7 WHERE id BETWEEN 841431 AND 842430
	Bitmap Heap Scan on sbtest7  (cost=22.61..3834.15 rows=993 width=121)
	  Recheck Cond: ((id >= 841431) AND (id <= 842430))
	  ->  Bitmap Index Scan on sbtest7_pkey  (cost=0.00..22.36 rows=993 width=0)
	        Index Cond: ((id >= 841431) AND (id <= 842430))

table 8 : explain SELECT c FROM sbtest8 WHERE id BETWEEN 9102284 AND 9103283
	Bitmap Heap Scan on sbtest8  (cost=22.52..3801.36 rows=984 width=121)
	  Recheck Cond: ((id >= 9102284) AND (id <= 9103283))
	  ->  Bitmap Index Scan on sbtest8_pkey  (cost=0.00..22.27 rows=984 width=0)
	        Index Cond: ((id >= 9102284) AND (id <= 9103283))

for: distinct_ranges
table 1 : explain SELECT DISTINCT c FROM sbtest1 WHERE id BETWEEN 6648450 AND 6649449 ORDER BY c
	Unique  (cost=3851.54..3856.46 rows=985 width=121)
	  ->  Sort  (cost=3851.54..3854.00 rows=985 width=121)
	        Sort Key: c
	        ->  Bitmap Heap Scan on sbtest1  (cost=22.53..3802.56 rows=985 width=121)
	              Recheck Cond: ((id >= 6648450) AND (id <= 6649449))
	              ->  Bitmap Index Scan on sbtest1_pkey  (cost=0.00..22.29 rows=985 width=0)
	                    Index Cond: ((id >= 6648450) AND (id <= 6649449))

table 2 : explain SELECT DISTINCT c FROM sbtest2 WHERE id BETWEEN 9524485 AND 9525484 ORDER BY c
	Unique  (cost=4038.78..4043.95 rows=1034 width=121)
	  ->  Sort  (cost=4038.78..4041.36 rows=1034 width=121)
	        Sort Key: c
	        ->  Bitmap Heap Scan on sbtest2  (cost=23.03..3987.01 rows=1034 width=121)
	              Recheck Cond: ((id >= 9524485) AND (id <= 9525484))
	              ->  Bitmap Index Scan on sbtest2_pkey  (cost=0.00..22.77 rows=1034 width=0)
	                    Index Cond: ((id >= 9524485) AND (id <= 9525484))

table 3 : explain SELECT DISTINCT c FROM sbtest3 WHERE id BETWEEN 7272812 AND 7273811 ORDER BY c
	Unique  (cost=4054.43..4059.62 rows=1038 width=121)
	  ->  Sort  (cost=4054.43..4057.02 rows=1038 width=121)
	        Sort Key: c
	        ->  Bitmap Heap Scan on sbtest3  (cost=23.07..4002.42 rows=1038 width=121)
	              Recheck Cond: ((id >= 7272812) AND (id <= 7273811))
	              ->  Bitmap Index Scan on sbtest3_pkey  (cost=0.00..22.82 rows=1038 width=0)
	                    Index Cond: ((id >= 7272812) AND (id <= 7273811))

table 4 : explain SELECT DISTINCT c FROM sbtest4 WHERE id BETWEEN 3045093 AND 3046092 ORDER BY c
	Unique  (cost=4092.87..4098.11 rows=1048 width=121)
	  ->  Sort  (cost=4092.87..4095.49 rows=1048 width=121)
	        Sort Key: c
	        ->  Bitmap Heap Scan on sbtest4  (cost=23.18..4040.29 rows=1048 width=121)
	              Recheck Cond: ((id >= 3045093) AND (id <= 3046092))
	              ->  Bitmap Index Scan on sbtest4_pkey  (cost=0.00..22.91 rows=1048 width=0)
	                    Index Cond: ((id >= 3045093) AND (id <= 3046092))

table 5 : explain SELECT DISTINCT c FROM sbtest5 WHERE id BETWEEN 800492 AND 801491 ORDER BY c
	Unique  (cost=4012.86..4017.99 rows=1027 width=121)
	  ->  Sort  (cost=4012.86..4015.43 rows=1027 width=121)
	        Sort Key: c
	        ->  Bitmap Heap Scan on sbtest5  (cost=22.96..3961.49 rows=1027 width=121)
	              Recheck Cond: ((id >= 800492) AND (id <= 801491))
	              ->  Bitmap Index Scan on sbtest5_pkey  (cost=0.00..22.70 rows=1027 width=0)
	                    Index Cond: ((id >= 800492) AND (id <= 801491))

table 6 : explain SELECT DISTINCT c FROM sbtest6 WHERE id BETWEEN 7006847 AND 7007846 ORDER BY c
	Unique  (cost=4002.46..4007.58 rows=1024 width=121)
	  ->  Sort  (cost=4002.46..4005.02 rows=1024 width=121)
	        Sort Key: c
	        ->  Bitmap Heap Scan on sbtest6  (cost=22.93..3951.26 rows=1024 width=121)
	              Recheck Cond: ((id >= 7006847) AND (id <= 7007846))
	              ->  Bitmap Index Scan on sbtest6_pkey  (cost=0.00..22.68 rows=1024 width=0)
	                    Index Cond: ((id >= 7006847) AND (id <= 7007846))

table 7 : explain SELECT DISTINCT c FROM sbtest7 WHERE id BETWEEN 4970563 AND 4971562 ORDER BY c
	Unique  (cost=3619.48..3624.10 rows=924 width=121)
	  ->  Sort  (cost=3619.48..3621.79 rows=924 width=121)
	        Sort Key: c
	        ->  Bitmap Heap Scan on sbtest7  (cost=21.91..3573.97 rows=924 width=121)
	              Recheck Cond: ((id >= 4970563) AND (id <= 4971562))
	              ->  Bitmap Index Scan on sbtest7_pkey  (cost=0.00..21.68 rows=924 width=0)
	                    Index Cond: ((id >= 4970563) AND (id <= 4971562))

table 8 : explain SELECT DISTINCT c FROM sbtest8 WHERE id BETWEEN 4168970 AND 4169969 ORDER BY c
	Unique  (cost=3743.10..3747.88 rows=956 width=121)
	  ->  Sort  (cost=3743.10..3745.49 rows=956 width=121)
	        Sort Key: c
	        ->  Bitmap Heap Scan on sbtest8  (cost=22.23..3695.78 rows=956 width=121)
	              Recheck Cond: ((id >= 4168970) AND (id <= 4169969))
	              ->  Bitmap Index Scan on sbtest8_pkey  (cost=0.00..22.00 rows=956 width=0)
	                    Index Cond: ((id >= 4168970) AND (id <= 4169969))

for: order_ranges
table 1 : explain SELECT c FROM sbtest1 WHERE id BETWEEN 8931517 AND 8932516 ORDER BY c
	Sort  (cost=4412.31..4415.14 rows=1132 width=121)
	  Sort Key: c
	  ->  Bitmap Heap Scan on sbtest1  (cost=28.04..4354.90 rows=1132 width=121)
	        Recheck Cond: ((id >= 8931517) AND (id <= 8932516))
	        ->  Bitmap Index Scan on sbtest1_pkey  (cost=0.00..27.75 rows=1132 width=0)
	              Index Cond: ((id >= 8931517) AND (id <= 8932516))

table 2 : explain SELECT c FROM sbtest2 WHERE id BETWEEN 6512165 AND 6513164 ORDER BY c
	Sort  (cost=3786.65..3789.07 rows=968 width=121)
	  Sort Key: c
	  ->  Bitmap Heap Scan on sbtest2  (cost=22.36..3738.65 rows=968 width=121)
	        Recheck Cond: ((id >= 6512165) AND (id <= 6513164))
	        ->  Bitmap Index Scan on sbtest2_pkey  (cost=0.00..22.11 rows=968 width=0)
	              Index Cond: ((id >= 6512165) AND (id <= 6513164))

table 3 : explain SELECT c FROM sbtest3 WHERE id BETWEEN 3785463 AND 3786462 ORDER BY c
	Sort  (cost=3771.70..3774.11 rows=964 width=121)
	  Sort Key: c
	  ->  Bitmap Heap Scan on sbtest3  (cost=22.32..3723.92 rows=964 width=121)
	        Recheck Cond: ((id >= 3785463) AND (id <= 3786462))
	        ->  Bitmap Index Scan on sbtest3_pkey  (cost=0.00..22.07 rows=964 width=0)
	              Index Cond: ((id >= 3785463) AND (id <= 3786462))

table 4 : explain SELECT c FROM sbtest4 WHERE id BETWEEN 8023786 AND 8024785 ORDER BY c
	Sort  (cost=3959.26..3961.79 rows=1013 width=121)
	  Sort Key: c
	  ->  Bitmap Heap Scan on sbtest4  (cost=22.82..3908.69 rows=1013 width=121)
	        Recheck Cond: ((id >= 8023786) AND (id <= 8024785))
	        ->  Bitmap Index Scan on sbtest4_pkey  (cost=0.00..22.57 rows=1013 width=0)
	              Index Cond: ((id >= 8023786) AND (id <= 8024785))

table 5 : explain SELECT c FROM sbtest5 WHERE id BETWEEN 7404156 AND 7405155 ORDER BY c
	Sort  (cost=4085.38..4088.00 rows=1046 width=121)
	  Sort Key: c
	  ->  Bitmap Heap Scan on sbtest5  (cost=23.16..4032.92 rows=1046 width=121)
	        Recheck Cond: ((id >= 7404156) AND (id <= 7405155))
	        ->  Bitmap Index Scan on sbtest5_pkey  (cost=0.00..22.89 rows=1046 width=0)
	              Index Cond: ((id >= 7404156) AND (id <= 7405155))

table 6 : explain SELECT c FROM sbtest6 WHERE id BETWEEN 298117 AND 299116 ORDER BY c
	Sort  (cost=4002.46..4005.02 rows=1024 width=121)
	  Sort Key: c
	  ->  Bitmap Heap Scan on sbtest6  (cost=22.93..3951.26 rows=1024 width=121)
	        Recheck Cond: ((id >= 298117) AND (id <= 299116))
	        ->  Bitmap Index Scan on sbtest6_pkey  (cost=0.00..22.68 rows=1024 width=0)
	              Index Cond: ((id >= 298117) AND (id <= 299116))

table 7 : explain SELECT c FROM sbtest7 WHERE id BETWEEN 7779018 AND 7780017 ORDER BY c
	Sort  (cost=4292.23..4294.98 rows=1100 width=121)
	  Sort Key: c
	  ->  Bitmap Heap Scan on sbtest7  (cost=27.71..4236.66 rows=1100 width=121)
	        Recheck Cond: ((id >= 7779018) AND (id <= 7780017))
	        ->  Bitmap Index Scan on sbtest7_pkey  (cost=0.00..27.43 rows=1100 width=0)
	              Index Cond: ((id >= 7779018) AND (id <= 7780017))

table 8 : explain SELECT c FROM sbtest8 WHERE id BETWEEN 7730196 AND 7731195 ORDER BY c
	Sort  (cost=3861.76..3864.22 rows=987 width=121)
	  Sort Key: c
	  ->  Bitmap Heap Scan on sbtest8  (cost=22.55..3812.67 rows=987 width=121)
	        Recheck Cond: ((id >= 7730196) AND (id <= 7731195))
	        ->  Bitmap Index Scan on sbtest8_pkey  (cost=0.00..22.30 rows=987 width=0)
	              Index Cond: ((id >= 7730196) AND (id <= 7731195))

for: sum_ranges
table 1 : explain SELECT SUM(k) FROM sbtest1 WHERE id BETWEEN 2979163 AND 2980162
	Aggregate  (cost=3499.42..3499.43 rows=1 width=8)
	  ->  Bitmap Heap Scan on sbtest1  (cost=21.70..3497.16 rows=904 width=4)
	        Recheck Cond: ((id >= 2979163) AND (id <= 2980162))
	        ->  Bitmap Index Scan on sbtest1_pkey  (cost=0.00..21.47 rows=904 width=0)
	              Index Cond: ((id >= 2979163) AND (id <= 2980162))

table 2 : explain SELECT SUM(k) FROM sbtest2 WHERE id BETWEEN 6366785 AND 6367784
	Aggregate  (cost=3658.10..3658.11 rows=1 width=8)
	  ->  Bitmap Heap Scan on sbtest2  (cost=22.13..3655.73 rows=946 width=4)
	        Recheck Cond: ((id >= 6366785) AND (id <= 6367784))
	        ->  Bitmap Index Scan on sbtest2_pkey  (cost=0.00..21.89 rows=946 width=0)
	              Index Cond: ((id >= 6366785) AND (id <= 6367784))

table 3 : explain SELECT SUM(k) FROM sbtest3 WHERE id BETWEEN 748465 AND 749464
	Aggregate  (cost=3484.71..3484.72 rows=1 width=8)
	  ->  Bitmap Heap Scan on sbtest3  (cost=21.66..3482.46 rows=900 width=4)
	        Recheck Cond: ((id >= 748465) AND (id <= 749464))
	        ->  Bitmap Index Scan on sbtest3_pkey  (cost=0.00..21.43 rows=900 width=0)
	              Index Cond: ((id >= 748465) AND (id <= 749464))

table 4 : explain SELECT SUM(k) FROM sbtest4 WHERE id BETWEEN 720856 AND 721855
	Aggregate  (cost=4091.79..4091.80 rows=1 width=8)
	  ->  Bitmap Heap Scan on sbtest4  (cost=23.31..4089.14 rows=1061 width=4)
	        Recheck Cond: ((id >= 720856) AND (id <= 721855))
	        ->  Bitmap Index Scan on sbtest4_pkey  (cost=0.00..23.04 rows=1061 width=0)
	              Index Cond: ((id >= 720856) AND (id <= 721855))

table 5 : explain SELECT SUM(k) FROM sbtest5 WHERE id BETWEEN 9221359 AND 9222358
	Aggregate  (cost=3964.06..3964.07 rows=1 width=8)
	  ->  Bitmap Heap Scan on sbtest5  (cost=22.96..3961.49 rows=1027 width=4)
	        Recheck Cond: ((id >= 9221359) AND (id <= 9222358))
	        ->  Bitmap Index Scan on sbtest5_pkey  (cost=0.00..22.70 rows=1027 width=0)
	              Index Cond: ((id >= 9221359) AND (id <= 9222358))

table 6 : explain SELECT SUM(k) FROM sbtest6 WHERE id BETWEEN 1138724 AND 1139723
	Aggregate  (cost=3644.63..3644.64 rows=1 width=8)
	  ->  Bitmap Heap Scan on sbtest6  (cost=22.09..3642.27 rows=942 width=4)
	        Recheck Cond: ((id >= 1138724) AND (id <= 1139723))
	        ->  Bitmap Index Scan on sbtest6_pkey  (cost=0.00..21.86 rows=942 width=0)
	              Index Cond: ((id >= 1138724) AND (id <= 1139723))

table 7 : explain SELECT SUM(k) FROM sbtest7 WHERE id BETWEEN 5992826 AND 5993825
	Aggregate  (cost=4145.22..4145.23 rows=1 width=8)
	  ->  Bitmap Heap Scan on sbtest7  (cost=23.45..4142.54 rows=1075 width=4)
	        Recheck Cond: ((id >= 5992826) AND (id <= 5993825))
	        ->  Bitmap Index Scan on sbtest7_pkey  (cost=0.00..23.18 rows=1075 width=0)
	              Index Cond: ((id >= 5992826) AND (id <= 5993825))

table 8 : explain SELECT SUM(k) FROM sbtest8 WHERE id BETWEEN 9013654 AND 9014653
	Aggregate  (cost=3867.92..3867.93 rows=1 width=8)
	  ->  Bitmap Heap Scan on sbtest8  (cost=22.70..3865.42 rows=1001 width=4)
	        Recheck Cond: ((id >= 9013654) AND (id <= 9014653))
	        ->  Bitmap Index Scan on sbtest8_pkey  (cost=0.00..22.44 rows=1001 width=0)
	              Index Cond: ((id >= 9013654) AND (id <= 9014653))

for: distinct_ranges
table 1 : explain SELECT DISTINCT c FROM sbtest1 WHERE id BETWEEN 3152588 AND 3153587 ORDER BY c
	Unique  (cost=3969.95..3975.03 rows=1016 width=121)
	  ->  Sort  (cost=3969.95..3972.49 rows=1016 width=121)
	        Sort Key: c
	        ->  Bitmap Heap Scan on sbtest1  (cost=22.85..3919.21 rows=1016 width=121)
	              Recheck Cond: ((id >= 3152588) AND (id <= 3153587))
	              ->  Bitmap Index Scan on sbtest1_pkey  (cost=0.00..22.59 rows=1016 width=0)
	                    Index Cond: ((id >= 3152588) AND (id <= 3153587))

table 2 : explain SELECT DISTINCT c FROM sbtest2 WHERE id BETWEEN 1892756 AND 1893755 ORDER BY c
	Unique  (cost=3805.77..3810.64 rows=973 width=121)
	  ->  Sort  (cost=3805.77..3808.21 rows=973 width=121)
	        Sort Key: c
	        ->  Bitmap Heap Scan on sbtest2  (cost=22.41..3757.48 rows=973 width=121)
	              Recheck Cond: ((id >= 1892756) AND (id <= 1893755))
	              ->  Bitmap Index Scan on sbtest2_pkey  (cost=0.00..22.16 rows=973 width=0)
	                    Index Cond: ((id >= 1892756) AND (id <= 1893755))

table 3 : explain SELECT DISTINCT c FROM sbtest3 WHERE id BETWEEN 4429202 AND 4430201 ORDER BY c
	Unique  (cost=4031.53..4036.69 rows=1032 width=121)
	  ->  Sort  (cost=4031.53..4034.11 rows=1032 width=121)
	        Sort Key: c
	        ->  Bitmap Heap Scan on sbtest3  (cost=23.01..3979.87 rows=1032 width=121)
	              Recheck Cond: ((id >= 4429202) AND (id <= 4430201))
	              ->  Bitmap Index Scan on sbtest3_pkey  (cost=0.00..22.75 rows=1032 width=0)
	                    Index Cond: ((id >= 4429202) AND (id <= 4430201))

table 4 : explain SELECT DISTINCT c FROM sbtest4 WHERE id BETWEEN 9627785 AND 9628784 ORDER BY c
	Unique  (cost=4176.78..4182.13 rows=1070 width=121)
	  ->  Sort  (cost=4176.78..4179.45 rows=1070 width=121)
	        Sort Key: c
	        ->  Bitmap Heap Scan on sbtest4  (cost=23.40..4122.94 rows=1070 width=121)
	              Recheck Cond: ((id >= 9627785) AND (id <= 9628784))
	              ->  Bitmap Index Scan on sbtest4_pkey  (cost=0.00..23.14 rows=1070 width=0)
	                    Index Cond: ((id >= 9627785) AND (id <= 9628784))

table 5 : explain SELECT DISTINCT c FROM sbtest5 WHERE id BETWEEN 4112511 AND 4113510 ORDER BY c
	Unique  (cost=3687.88..3692.59 rows=942 width=121)
	  ->  Sort  (cost=3687.88..3690.23 rows=942 width=121)
	        Sort Key: c
	        ->  Bitmap Heap Scan on sbtest5  (cost=22.09..3641.35 rows=942 width=121)
	              Recheck Cond: ((id >= 4112511) AND (id <= 4113510))
	              ->  Bitmap Index Scan on sbtest5_pkey  (cost=0.00..21.86 rows=942 width=0)
	                    Index Cond: ((id >= 4112511) AND (id <= 4113510))

table 6 : explain SELECT DISTINCT c FROM sbtest6 WHERE id BETWEEN 4834635 AND 4835634 ORDER BY c
	Unique  (cost=4208.56..4213.95 rows=1078 width=121)
	  ->  Sort  (cost=4208.56..4211.25 rows=1078 width=121)
	        Sort Key: c
	        ->  Bitmap Heap Scan on sbtest6  (cost=23.48..4154.26 rows=1078 width=121)
	              Recheck Cond: ((id >= 4834635) AND (id <= 4835634))
	              ->  Bitmap Index Scan on sbtest6_pkey  (cost=0.00..23.21 rows=1078 width=0)
	                    Index Cond: ((id >= 4834635) AND (id <= 4835634))

table 7 : explain SELECT DISTINCT c FROM sbtest7 WHERE id BETWEEN 3497740 AND 3498739 ORDER BY c
	Unique  (cost=4032.58..4037.74 rows=1032 width=121)
	  ->  Sort  (cost=4032.58..4035.16 rows=1032 width=121)
	        Sort Key: c
	        ->  Bitmap Heap Scan on sbtest7  (cost=23.01..3980.93 rows=1032 width=121)
	              Recheck Cond: ((id >= 3497740) AND (id <= 3498739))
	              ->  Bitmap Index Scan on sbtest7_pkey  (cost=0.00..22.75 rows=1032 width=0)
	                    Index Cond: ((id >= 3497740) AND (id <= 3498739))

table 8 : explain SELECT DISTINCT c FROM sbtest8 WHERE id BETWEEN 3829049 AND 3830048 ORDER BY c
	Unique  (cost=4350.71..4356.29 rows=1115 width=121)
	  ->  Sort  (cost=4350.71..4353.50 rows=1115 width=121)
	        Sort Key: c
	        ->  Bitmap Heap Scan on sbtest8  (cost=27.86..4294.28 rows=1115 width=121)
	              Recheck Cond: ((id >= 3829049) AND (id <= 3830048))
	              ->  Bitmap Index Scan on sbtest8_pkey  (cost=0.00..27.58 rows=1115 width=0)
	                    Index Cond: ((id >= 3829049) AND (id <= 3830048))

explain: for point_selects :: explain SELECT c FROM sbtest%u WHERE id=%u
for: distinct_ranges
table 1 : explain SELECT DISTINCT c FROM sbtest1 WHERE id BETWEEN 2462978 AND 2463977 ORDER BY c
	Unique  (cost=4103.51..4108.77 rows=1051 width=121)
	  ->  Sort  (cost=4103.51..4106.14 rows=1051 width=121)
	        Sort Key: c
	        ->  Bitmap Heap Scan on sbtest1  (cost=23.21..4050.76 rows=1051 width=121)
	              Recheck Cond: ((id >= 2462978) AND (id <= 2463977))
	              ->  Bitmap Index Scan on sbtest1_pkey  (cost=0.00..22.94 rows=1051 width=0)
	                    Index Cond: ((id >= 2462978) AND (id <= 2463977))

table 2 : explain SELECT DISTINCT c FROM sbtest2 WHERE id BETWEEN 4929370 AND 4930369 ORDER BY c
	Unique  (cost=3847.82..3852.74 rows=984 width=121)
	  ->  Sort  (cost=3847.82..3850.28 rows=984 width=121)
	        Sort Key: c
	        ->  Bitmap Heap Scan on sbtest2  (cost=22.52..3798.91 rows=984 width=121)
	              Recheck Cond: ((id >= 4929370) AND (id <= 4930369))
	              ->  Bitmap Index Scan on sbtest2_pkey  (cost=0.00..22.27 rows=984 width=0)
	                    Index Cond: ((id >= 4929370) AND (id <= 4930369))

table 3 : explain SELECT DISTINCT c FROM sbtest3 WHERE id BETWEEN 5772796 AND 5773795 ORDER BY c
	Unique  (cost=4466.15..4471.88 rows=1146 width=121)
	  ->  Sort  (cost=4466.15..4469.01 rows=1146 width=121)
	        Sort Key: c
	        ->  Bitmap Heap Scan on sbtest3  (cost=28.18..4407.92 rows=1146 width=121)
	              Recheck Cond: ((id >= 5772796) AND (id <= 5773795))
	              ->  Bitmap Index Scan on sbtest3_pkey  (cost=0.00..27.89 rows=1146 width=0)
	                    Index Cond: ((id >= 5772796) AND (id <= 5773795))

table 4 : explain SELECT DISTINCT c FROM sbtest4 WHERE id BETWEEN 3880187 AND 3881186 ORDER BY c
	Unique  (cost=3875.20..3880.15 rows=991 width=121)
	  ->  Sort  (cost=3875.20..3877.68 rows=991 width=121)
	        Sort Key: c
	        ->  Bitmap Heap Scan on sbtest4  (cost=22.59..3825.88 rows=991 width=121)
	              Recheck Cond: ((id >= 3880187) AND (id <= 3881186))
	              ->  Bitmap Index Scan on sbtest4_pkey  (cost=0.00..22.34 rows=991 width=0)
	                    Index Cond: ((id >= 3880187) AND (id <= 3881186))

table 5 : explain SELECT DISTINCT c FROM sbtest5 WHERE id BETWEEN 8988749 AND 8989748 ORDER BY c
	Unique  (cost=3840.92..3845.83 rows=982 width=121)
	  ->  Sort  (cost=3840.92..3843.38 rows=982 width=121)
	        Sort Key: c
	        ->  Bitmap Heap Scan on sbtest5  (cost=22.50..3792.12 rows=982 width=121)
	              Recheck Cond: ((id >= 8988749) AND (id <= 8989748))
	              ->  Bitmap Index Scan on sbtest5_pkey  (cost=0.00..22.25 rows=982 width=0)
	                    Index Cond: ((id >= 8988749) AND (id <= 8989748))

table 6 : explain SELECT DISTINCT c FROM sbtest6 WHERE id BETWEEN 1719046 AND 1720045 ORDER BY c
	Unique  (cost=4307.94..4313.46 rows=1104 width=121)
	  ->  Sort  (cost=4307.94..4310.70 rows=1104 width=121)
	        Sort Key: c
	        ->  Bitmap Heap Scan on sbtest6  (cost=27.75..4252.14 rows=1104 width=121)
	              Recheck Cond: ((id >= 1719046) AND (id <= 1720045))
	              ->  Bitmap Index Scan on sbtest6_pkey  (cost=0.00..27.47 rows=1104 width=0)
	                    Index Cond: ((id >= 1719046) AND (id <= 1720045))

table 7 : explain SELECT DISTINCT c FROM sbtest7 WHERE id BETWEEN 9713479 AND 9714478 ORDER BY c
	Unique  (cost=3538.99..3543.50 rows=903 width=121)
	  ->  Sort  (cost=3538.99..3541.25 rows=903 width=121)
	        Sort Key: c
	        ->  Bitmap Heap Scan on sbtest7  (cost=21.69..3494.66 rows=903 width=121)
	              Recheck Cond: ((id >= 9713479) AND (id <= 9714478))
	              ->  Bitmap Index Scan on sbtest7_pkey  (cost=0.00..21.46 rows=903 width=0)
	                    Index Cond: ((id >= 9713479) AND (id <= 9714478))

table 8 : explain SELECT DISTINCT c FROM sbtest8 WHERE id BETWEEN 3620925 AND 3621924 ORDER BY c
	Unique  (cost=3999.40..4004.51 rows=1023 width=121)
	  ->  Sort  (cost=3999.40..4001.95 rows=1023 width=121)
	        Sort Key: c
	        ->  Bitmap Heap Scan on sbtest8  (cost=22.92..3948.25 rows=1023 width=121)
	              Recheck Cond: ((id >= 3620925) AND (id <= 3621924))
	              ->  Bitmap Index Scan on sbtest8_pkey  (cost=0.00..22.66 rows=1023 width=0)
	                    Index Cond: ((id >= 3620925) AND (id <= 3621924))

for: order_ranges
table 1 : explain SELECT c FROM sbtest1 WHERE id BETWEEN 8975863 AND 8976862 ORDER BY c
	Sort  (cost=4412.31..4415.14 rows=1132 width=121)
	  Sort Key: c
	  ->  Bitmap Heap Scan on sbtest1  (cost=28.04..4354.90 rows=1132 width=121)
	        Recheck Cond: ((id >= 8975863) AND (id <= 8976862))
	        ->  Bitmap Index Scan on sbtest1_pkey  (cost=0.00..27.75 rows=1132 width=0)
	              Index Cond: ((id >= 8975863) AND (id <= 8976862))

table 2 : explain SELECT c FROM sbtest2 WHERE id BETWEEN 2158772 AND 2159771 ORDER BY c
	Sort  (cost=4042.60..4045.18 rows=1035 width=121)
	  Sort Key: c
	  ->  Bitmap Heap Scan on sbtest2  (cost=23.04..3990.77 rows=1035 width=121)
	        Recheck Cond: ((id >= 2158772) AND (id <= 2159771))
	        ->  Bitmap Index Scan on sbtest2_pkey  (cost=0.00..22.79 rows=1035 width=0)
	              Index Cond: ((id >= 2158772) AND (id <= 2159771))

table 3 : explain SELECT c FROM sbtest3 WHERE id BETWEEN 9604842 AND 9605841 ORDER BY c
	Sort  (cost=4344.38..4347.16 rows=1114 width=121)
	  Sort Key: c
	  ->  Bitmap Heap Scan on sbtest3  (cost=27.85..4288.00 rows=1114 width=121)
	        Recheck Cond: ((id >= 9604842) AND (id <= 9605841))
	        ->  Bitmap Index Scan on sbtest3_pkey  (cost=0.00..27.57 rows=1114 width=0)
	              Index Cond: ((id >= 9604842) AND (id <= 9605841))

table 4 : explain SELECT c FROM sbtest4 WHERE id BETWEEN 6563503 AND 6564502 ORDER BY c
	Sort  (cost=3572.85..3575.13 rows=912 width=121)
	  Sort Key: c
	  ->  Bitmap Heap Scan on sbtest4  (cost=21.78..3528.01 rows=912 width=121)
	        Recheck Cond: ((id >= 6563503) AND (id <= 6564502))
	        ->  Bitmap Index Scan on sbtest4_pkey  (cost=0.00..21.55 rows=912 width=0)
	              Index Cond: ((id >= 6563503) AND (id <= 6564502))

table 5 : explain SELECT c FROM sbtest5 WHERE id BETWEEN 4818886 AND 4819885 ORDER BY c
	Sort  (cost=3584.46..3586.75 rows=915 width=121)
	  Sort Key: c
	  ->  Bitmap Heap Scan on sbtest5  (cost=21.81..3539.45 rows=915 width=121)
	        Recheck Cond: ((id >= 4818886) AND (id <= 4819885))
	        ->  Bitmap Index Scan on sbtest5_pkey  (cost=0.00..21.58 rows=915 width=0)
	              Index Cond: ((id >= 4818886) AND (id <= 4819885))

table 6 : explain SELECT c FROM sbtest6 WHERE id BETWEEN 380164 AND 381163 ORDER BY c
	Sort  (cost=4002.46..4005.02 rows=1024 width=121)
	  Sort Key: c
	  ->  Bitmap Heap Scan on sbtest6  (cost=22.93..3951.26 rows=1024 width=121)
	        Recheck Cond: ((id >= 380164) AND (id <= 381163))
	        ->  Bitmap Index Scan on sbtest6_pkey  (cost=0.00..22.68 rows=1024 width=0)
	              Index Cond: ((id >= 380164) AND (id <= 381163))

table 7 : explain SELECT c FROM sbtest7 WHERE id BETWEEN 2944753 AND 2945752 ORDER BY c
	Sort  (cost=3960.01..3962.55 rows=1013 width=121)
	  Sort Key: c
	  ->  Bitmap Heap Scan on sbtest7  (cost=22.82..3909.44 rows=1013 width=121)
	        Recheck Cond: ((id >= 2944753) AND (id <= 2945752))
	        ->  Bitmap Index Scan on sbtest7_pkey  (cost=0.00..22.57 rows=1013 width=0)
	              Index Cond: ((id >= 2944753) AND (id <= 2945752))

table 8 : explain SELECT c FROM sbtest8 WHERE id BETWEEN 4614294 AND 4615293 ORDER BY c
	Sort  (cost=4129.25..4131.89 rows=1057 width=121)
	  Sort Key: c
	  ->  Bitmap Heap Scan on sbtest8  (cost=23.27..4076.16 rows=1057 width=121)
	        Recheck Cond: ((id >= 4614294) AND (id <= 4615293))
	        ->  Bitmap Index Scan on sbtest8_pkey  (cost=0.00..23.00 rows=1057 width=0)
	              Index Cond: ((id >= 4614294) AND (id <= 4615293))

for: distinct_ranges
table 1 : explain SELECT DISTINCT c FROM sbtest1 WHERE id BETWEEN 4352445 AND 4353444 ORDER BY c
	Unique  (cost=4027.21..4032.37 rows=1031 width=121)
	  ->  Sort  (cost=4027.21..4029.79 rows=1031 width=121)
	        Sort Key: c
	        ->  Bitmap Heap Scan on sbtest1  (cost=23.00..3975.61 rows=1031 width=121)
	              Recheck Cond: ((id >= 4352445) AND (id <= 4353444))
	              ->  Bitmap Index Scan on sbtest1_pkey  (cost=0.00..22.75 rows=1031 width=0)
	                    Index Cond: ((id >= 4352445) AND (id <= 4353444))

table 2 : explain SELECT DISTINCT c FROM sbtest2 WHERE id BETWEEN 1142628 AND 1143627 ORDER BY c
	Unique  (cost=4038.78..4043.95 rows=1034 width=121)
	  ->  Sort  (cost=4038.78..4041.36 rows=1034 width=121)
	        Sort Key: c
	        ->  Bitmap Heap Scan on sbtest2  (cost=23.03..3987.01 rows=1034 width=121)
	              Recheck Cond: ((id >= 1142628) AND (id <= 1143627))
	              ->  Bitmap Index Scan on sbtest2_pkey  (cost=0.00..22.77 rows=1034 width=0)
	                    Index Cond: ((id >= 1142628) AND (id <= 1143627))

table 3 : explain SELECT DISTINCT c FROM sbtest3 WHERE id BETWEEN 8296628 AND 8297627 ORDER BY c
	Unique  (cost=4435.72..4441.41 rows=1138 width=121)
	  ->  Sort  (cost=4435.72..4438.56 rows=1138 width=121)
	        Sort Key: c
	        ->  Bitmap Heap Scan on sbtest3  (cost=28.10..4377.95 rows=1138 width=121)
	              Recheck Cond: ((id >= 8296628) AND (id <= 8297627))
	              ->  Bitmap Index Scan on sbtest3_pkey  (cost=0.00..27.82 rows=1138 width=0)
	                    Index Cond: ((id >= 8296628) AND (id <= 8297627))

table 4 : explain SELECT DISTINCT c FROM sbtest4 WHERE id BETWEEN 898741 AND 899740 ORDER BY c
	Unique  (cost=4276.14..4281.62 rows=1096 width=121)
	  ->  Sort  (cost=4276.14..4278.88 rows=1096 width=121)
	        Sort Key: c
	        ->  Bitmap Heap Scan on sbtest4  (cost=27.67..4220.80 rows=1096 width=121)
	              Recheck Cond: ((id >= 898741) AND (id <= 899740))
	              ->  Bitmap Index Scan on sbtest4_pkey  (cost=0.00..27.39 rows=1096 width=0)
	                    Index Cond: ((id >= 898741) AND (id <= 899740))

table 5 : explain SELECT DISTINCT c FROM sbtest5 WHERE id BETWEEN 7280486 AND 7281485 ORDER BY c
	Unique  (cost=4020.50..4025.64 rows=1029 width=121)
	  ->  Sort  (cost=4020.50..4023.07 rows=1029 width=121)
	        Sort Key: c
	        ->  Bitmap Heap Scan on sbtest5  (cost=22.98..3969.01 rows=1029 width=121)
	              Recheck Cond: ((id >= 7280486) AND (id <= 7281485))
	              ->  Bitmap Index Scan on sbtest5_pkey  (cost=0.00..22.72 rows=1029 width=0)
	                    Index Cond: ((id >= 7280486) AND (id <= 7281485))

table 6 : explain SELECT DISTINCT c FROM sbtest6 WHERE id BETWEEN 8689413 AND 8690412 ORDER BY c
	Unique  (cost=3929.85..3934.88 rows=1005 width=121)
	  ->  Sort  (cost=3929.85..3932.37 rows=1005 width=121)
	        Sort Key: c
	        ->  Bitmap Heap Scan on sbtest6  (cost=22.74..3879.74 rows=1005 width=121)
	              Recheck Cond: ((id >= 8689413) AND (id <= 8690412))
	              ->  Bitmap Index Scan on sbtest6_pkey  (cost=0.00..22.48 rows=1005 width=0)
	                    Index Cond: ((id >= 8689413) AND (id <= 8690412))

table 7 : explain SELECT DISTINCT c FROM sbtest7 WHERE id BETWEEN 5020542 AND 5021541 ORDER BY c
	Unique  (cost=3619.48..3624.10 rows=924 width=121)
	  ->  Sort  (cost=3619.48..3621.79 rows=924 width=121)
	        Sort Key: c
	        ->  Bitmap Heap Scan on sbtest7  (cost=21.91..3573.97 rows=924 width=121)
	              Recheck Cond: ((id >= 5020542) AND (id <= 5021541))
	              ->  Bitmap Index Scan on sbtest7_pkey  (cost=0.00..21.68 rows=924 width=0)
	                    Index Cond: ((id >= 5020542) AND (id <= 5021541))

table 8 : explain SELECT DISTINCT c FROM sbtest8 WHERE id BETWEEN 2323600 AND 2324599 ORDER BY c
	Unique  (cost=3892.36..3897.33 rows=995 width=121)
	  ->  Sort  (cost=3892.36..3894.84 rows=995 width=121)
	        Sort Key: c
	        ->  Bitmap Heap Scan on sbtest8  (cost=22.63..3842.81 rows=995 width=121)
	              Recheck Cond: ((id >= 2323600) AND (id <= 2324599))
	              ->  Bitmap Index Scan on sbtest8_pkey  (cost=0.00..22.39 rows=995 width=0)
	                    Index Cond: ((id >= 2323600) AND (id <= 2324599))

for: order_ranges
table 1 : explain SELECT c FROM sbtest1 WHERE id BETWEEN 9237981 AND 9238980 ORDER BY c
	Sort  (cost=4332.40..4335.18 rows=1111 width=121)
	  Sort Key: c
	  ->  Bitmap Heap Scan on sbtest1  (cost=27.82..4276.20 rows=1111 width=121)
	        Recheck Cond: ((id >= 9237981) AND (id <= 9238980))
	        ->  Bitmap Index Scan on sbtest1_pkey  (cost=0.00..27.54 rows=1111 width=0)
	              Index Cond: ((id >= 9237981) AND (id <= 9238980))

table 2 : explain SELECT c FROM sbtest2 WHERE id BETWEEN 2262044 AND 2263043 ORDER BY c
	Sort  (cost=3920.42..3922.93 rows=1003 width=121)
	  Sort Key: c
	  ->  Bitmap Heap Scan on sbtest2  (cost=22.72..3870.42 rows=1003 width=121)
	        Recheck Cond: ((id >= 2262044) AND (id <= 2263043))
	        ->  Bitmap Index Scan on sbtest2_pkey  (cost=0.00..22.46 rows=1003 width=0)
	              Index Cond: ((id >= 2262044) AND (id <= 2263043))

table 3 : explain SELECT c FROM sbtest3 WHERE id BETWEEN 3547829 AND 3548828 ORDER BY c
	Sort  (cost=3630.08..3632.40 rows=927 width=121)
	  Sort Key: c
	  ->  Bitmap Heap Scan on sbtest3  (cost=21.94..3584.39 rows=927 width=121)
	        Recheck Cond: ((id >= 3547829) AND (id <= 3548828))
	        ->  Bitmap Index Scan on sbtest3_pkey  (cost=0.00..21.70 rows=927 width=0)
	              Index Cond: ((id >= 3547829) AND (id <= 3548828))

table 4 : explain SELECT c FROM sbtest4 WHERE id BETWEEN 8901653 AND 8902652 ORDER BY c
	Sort  (cost=3592.01..3594.30 rows=917 width=121)
	  Sort Key: c
	  ->  Bitmap Heap Scan on sbtest4  (cost=21.83..3546.89 rows=917 width=121)
	        Recheck Cond: ((id >= 8901653) AND (id <= 8902652))
	        ->  Bitmap Index Scan on sbtest4_pkey  (cost=0.00..21.61 rows=917 width=0)
	              Index Cond: ((id >= 8901653) AND (id <= 8902652))

table 5 : explain SELECT c FROM sbtest5 WHERE id BETWEEN 6428575 AND 6429574 ORDER BY c
	Sort  (cost=3618.94..3621.25 rows=924 width=121)
	  Sort Key: c
	  ->  Bitmap Heap Scan on sbtest5  (cost=21.91..3573.43 rows=924 width=121)
	        Recheck Cond: ((id >= 6428575) AND (id <= 6429574))
	        ->  Bitmap Index Scan on sbtest5_pkey  (cost=0.00..21.68 rows=924 width=0)
	              Index Cond: ((id >= 6428575) AND (id <= 6429574))

table 6 : explain SELECT c FROM sbtest6 WHERE id BETWEEN 8619998 AND 8620997 ORDER BY c
	Sort  (cost=3646.67..3649.00 rows=931 width=121)
	  Sort Key: c
	  ->  Bitmap Heap Scan on sbtest6  (cost=21.98..3600.76 rows=931 width=121)
	        Recheck Cond: ((id >= 8619998) AND (id <= 8620997))
	        ->  Bitmap Index Scan on sbtest6_pkey  (cost=0.00..21.75 rows=931 width=0)
	              Index Cond: ((id >= 8619998) AND (id <= 8620997))

table 7 : explain SELECT c FROM sbtest7 WHERE id BETWEEN 9766332 AND 9767331 ORDER BY c
	Sort  (cost=3538.99..3541.25 rows=903 width=121)
	  Sort Key: c
	  ->  Bitmap Heap Scan on sbtest7  (cost=21.69..3494.66 rows=903 width=121)
	        Recheck Cond: ((id >= 9766332) AND (id <= 9767331))
	        ->  Bitmap Index Scan on sbtest7_pkey  (cost=0.00..21.46 rows=903 width=0)
	              Index Cond: ((id >= 9766332) AND (id <= 9767331))

table 8 : explain SELECT c FROM sbtest8 WHERE id BETWEEN 7956022 AND 7957021 ORDER BY c
	Sort  (cost=3972.65..3975.19 rows=1016 width=121)
	  Sort Key: c
	  ->  Bitmap Heap Scan on sbtest8  (cost=22.85..3921.90 rows=1016 width=121)
	        Recheck Cond: ((id >= 7956022) AND (id <= 7957021))
	        ->  Bitmap Index Scan on sbtest8_pkey  (cost=0.00..22.59 rows=1016 width=0)
	              Index Cond: ((id >= 7956022) AND (id <= 7957021))

explain: for point_selects :: explain SELECT c FROM sbtest%u WHERE id=%u
for: distinct_ranges
table 1 : explain SELECT DISTINCT c FROM sbtest1 WHERE id BETWEEN 6723187 AND 6724186 ORDER BY c
	Unique  (cost=3851.54..3856.46 rows=985 width=121)
	  ->  Sort  (cost=3851.54..3854.00 rows=985 width=121)
	        Sort Key: c
	        ->  Bitmap Heap Scan on sbtest1  (cost=22.53..3802.56 rows=985 width=121)
	              Recheck Cond: ((id >= 6723187) AND (id <= 6724186))
	              ->  Bitmap Index Scan on sbtest1_pkey  (cost=0.00..22.29 rows=985 width=0)
	                    Index Cond: ((id >= 6723187) AND (id <= 6724186))

table 2 : explain SELECT DISTINCT c FROM sbtest2 WHERE id BETWEEN 3079562 AND 3080561 ORDER BY c
	Unique  (cost=4134.14..4139.44 rows=1059 width=121)
	  ->  Sort  (cost=4134.14..4136.79 rows=1059 width=121)
	        Sort Key: c
	        ->  Bitmap Heap Scan on sbtest2  (cost=23.29..4080.94 rows=1059 width=121)
	              Recheck Cond: ((id >= 3079562) AND (id <= 3080561))
	              ->  Bitmap Index Scan on sbtest2_pkey  (cost=0.00..23.02 rows=1059 width=0)
	                    Index Cond: ((id >= 3079562) AND (id <= 3080561))

table 3 : explain SELECT DISTINCT c FROM sbtest3 WHERE id BETWEEN 4979722 AND 4980721 ORDER BY c
	Unique  (cost=4256.59..4262.05 rows=1092 width=121)
	  ->  Sort  (cost=4256.59..4259.32 rows=1092 width=121)
	        Sort Key: c
	        ->  Bitmap Heap Scan on sbtest3  (cost=23.63..4201.49 rows=1092 width=121)
	              Recheck Cond: ((id >= 4979722) AND (id <= 4980721))
	              ->  Bitmap Index Scan on sbtest3_pkey  (cost=0.00..23.36 rows=1092 width=0)
	                    Index Cond: ((id >= 4979722) AND (id <= 4980721))

table 4 : explain SELECT DISTINCT c FROM sbtest4 WHERE id BETWEEN 7833571 AND 7834570 ORDER BY c
	Unique  (cost=3840.79..3845.70 rows=982 width=121)
	  ->  Sort  (cost=3840.79..3843.25 rows=982 width=121)
	        Sort Key: c
	        ->  Bitmap Heap Scan on sbtest4  (cost=22.50..3791.99 rows=982 width=121)
	              Recheck Cond: ((id >= 7833571) AND (id <= 7834570))
	              ->  Bitmap Index Scan on sbtest4_pkey  (cost=0.00..22.25 rows=982 width=0)
	                    Index Cond: ((id >= 7833571) AND (id <= 7834570))

table 5 : explain SELECT DISTINCT c FROM sbtest5 WHERE id BETWEEN 7703109 AND 7704108 ORDER BY c
	Unique  (cost=3649.59..3654.25 rows=932 width=121)
	  ->  Sort  (cost=3649.59..3651.92 rows=932 width=121)
	        Sort Key: c
	        ->  Bitmap Heap Scan on sbtest5  (cost=21.99..3603.62 rows=932 width=121)
	              Recheck Cond: ((id >= 7703109) AND (id <= 7704108))
	              ->  Bitmap Index Scan on sbtest5_pkey  (cost=0.00..21.75 rows=932 width=0)
	                    Index Cond: ((id >= 7703109) AND (id <= 7704108))

table 6 : explain SELECT DISTINCT c FROM sbtest6 WHERE id BETWEEN 741467 AND 742466 ORDER BY c
	Unique  (cost=4090.28..4095.52 rows=1047 width=121)
	  ->  Sort  (cost=4090.28..4092.90 rows=1047 width=121)
	        Sort Key: c
	        ->  Bitmap Heap Scan on sbtest6  (cost=23.17..4037.76 rows=1047 width=121)
	              Recheck Cond: ((id >= 741467) AND (id <= 742466))
	              ->  Bitmap Index Scan on sbtest6_pkey  (cost=0.00..22.90 rows=1047 width=0)
	                    Index Cond: ((id >= 741467) AND (id <= 742466))

table 7 : explain SELECT DISTINCT c FROM sbtest7 WHERE id BETWEEN 2274601 AND 2275600 ORDER BY c
	Unique  (cost=4032.58..4037.74 rows=1032 width=121)
	  ->  Sort  (cost=4032.58..4035.16 rows=1032 width=121)
	        Sort Key: c
	        ->  Bitmap Heap Scan on sbtest7  (cost=23.01..3980.93 rows=1032 width=121)
	              Recheck Cond: ((id >= 2274601) AND (id <= 2275600))
	              ->  Bitmap Index Scan on sbtest7_pkey  (cost=0.00..22.75 rows=1032 width=0)
	                    Index Cond: ((id >= 2274601) AND (id <= 2275600))

table 8 : explain SELECT DISTINCT c FROM sbtest8 WHERE id BETWEEN 3584965 AND 3585964 ORDER BY c
	Unique  (cost=3999.40..4004.51 rows=1023 width=121)
	  ->  Sort  (cost=3999.40..4001.95 rows=1023 width=121)
	        Sort Key: c
	        ->  Bitmap Heap Scan on sbtest8  (cost=22.92..3948.25 rows=1023 width=121)
	              Recheck Cond: ((id >= 3584965) AND (id <= 3585964))
	              ->  Bitmap Index Scan on sbtest8_pkey  (cost=0.00..22.66 rows=1023 width=0)
	                    Index Cond: ((id >= 3584965) AND (id <= 3585964))

for point_selects
table 1 : explain SELECT c FROM sbtest1 WHERE id=570761
	Index Scan using sbtest1_pkey on sbtest1  (cost=0.43..8.45 rows=1 width=121)
	  Index Cond: (id = 570761)

table 2 : explain SELECT c FROM sbtest2 WHERE id=3844765
	Index Scan using sbtest2_pkey on sbtest2  (cost=0.43..8.45 rows=1 width=121)
	  Index Cond: (id = 3844765)

table 3 : explain SELECT c FROM sbtest3 WHERE id=6360988
	Index Scan using sbtest3_pkey on sbtest3  (cost=0.43..8.45 rows=1 width=121)
	  Index Cond: (id = 6360988)

table 4 : explain SELECT c FROM sbtest4 WHERE id=8014754
	Index Scan using sbtest4_pkey on sbtest4  (cost=0.43..8.45 rows=1 width=121)
	  Index Cond: (id = 8014754)

table 5 : explain SELECT c FROM sbtest5 WHERE id=6460754
	Index Scan using sbtest5_pkey on sbtest5  (cost=0.43..8.45 rows=1 width=121)
	  Index Cond: (id = 6460754)

table 6 : explain SELECT c FROM sbtest6 WHERE id=6084626
	Index Scan using sbtest6_pkey on sbtest6  (cost=0.43..8.45 rows=1 width=121)
	  Index Cond: (id = 6084626)

table 7 : explain SELECT c FROM sbtest7 WHERE id=9568685
	Index Scan using sbtest7_pkey on sbtest7  (cost=0.43..8.45 rows=1 width=121)
	  Index Cond: (id = 9568685)

table 8 : explain SELECT c FROM sbtest8 WHERE id=6890593
	Index Scan using sbtest8_pkey on sbtest8  (cost=0.43..8.45 rows=1 width=121)
	  Index Cond: (id = 6890593)

for: distinct_ranges
table 1 : explain SELECT DISTINCT c FROM sbtest1 WHERE id BETWEEN 5036820 AND 5037819 ORDER BY c
	Unique  (cost=3893.57..3898.55 rows=996 width=121)
	  ->  Sort  (cost=3893.57..3896.06 rows=996 width=121)
	        Sort Key: c
	        ->  Bitmap Heap Scan on sbtest1  (cost=22.64..3843.97 rows=996 width=121)
	              Recheck Cond: ((id >= 5036820) AND (id <= 5037819))
	              ->  Bitmap Index Scan on sbtest1_pkey  (cost=0.00..22.39 rows=996 width=0)
	                    Index Cond: ((id >= 5036820) AND (id <= 5037819))

table 2 : explain SELECT DISTINCT c FROM sbtest2 WHERE id BETWEEN 3944046 AND 3945045 ORDER BY c
	Unique  (cost=3648.90..3653.56 rows=932 width=121)
	  ->  Sort  (cost=3648.90..3651.23 rows=932 width=121)
	        Sort Key: c
	        ->  Bitmap Heap Scan on sbtest2  (cost=21.99..3602.93 rows=932 width=121)
	              Recheck Cond: ((id >= 3944046) AND (id <= 3945045))
	              ->  Bitmap Index Scan on sbtest2_pkey  (cost=0.00..21.75 rows=932 width=0)
	                    Index Cond: ((id >= 3944046) AND (id <= 3945045))

table 3 : explain SELECT DISTINCT c FROM sbtest3 WHERE id BETWEEN 2785723 AND 2786722 ORDER BY c
	Unique  (cost=4046.79..4051.97 rows=1036 width=121)
	  ->  Sort  (cost=4046.79..4049.38 rows=1036 width=121)
	        Sort Key: c
	        ->  Bitmap Heap Scan on sbtest3  (cost=23.05..3994.91 rows=1036 width=121)
	              Recheck Cond: ((id >= 2785723) AND (id <= 2786722))
	              ->  Bitmap Index Scan on sbtest3_pkey  (cost=0.00..22.79 rows=1036 width=0)
	                    Index Cond: ((id >= 2785723) AND (id <= 2786722))

table 4 : explain SELECT DISTINCT c FROM sbtest4 WHERE id BETWEEN 2544347 AND 2545346 ORDER BY c
	Unique  (cost=4092.87..4098.11 rows=1048 width=121)
	  ->  Sort  (cost=4092.87..4095.49 rows=1048 width=121)
	        Sort Key: c
	        ->  Bitmap Heap Scan on sbtest4  (cost=23.18..4040.29 rows=1048 width=121)
	              Recheck Cond: ((id >= 2544347) AND (id <= 2545346))
	              ->  Bitmap Index Scan on sbtest4_pkey  (cost=0.00..22.91 rows=1048 width=0)
	                    Index Cond: ((id >= 2544347) AND (id <= 2545346))

table 5 : explain SELECT DISTINCT c FROM sbtest5 WHERE id BETWEEN 8213236 AND 8214235 ORDER BY c
	Unique  (cost=4043.40..4048.57 rows=1035 width=121)
	  ->  Sort  (cost=4043.40..4045.99 rows=1035 width=121)
	        Sort Key: c
	        ->  Bitmap Heap Scan on sbtest5  (cost=23.04..3991.57 rows=1035 width=121)
	              Recheck Cond: ((id >= 8213236) AND (id <= 8214235))
	              ->  Bitmap Index Scan on sbtest5_pkey  (cost=0.00..22.79 rows=1035 width=0)
	                    Index Cond: ((id >= 8213236) AND (id <= 8214235))

table 6 : explain SELECT DISTINCT c FROM sbtest6 WHERE id BETWEEN 4446068 AND 4447067 ORDER BY c
	Unique  (cost=3707.96..3712.69 rows=947 width=121)
	  ->  Sort  (cost=3707.96..3710.32 rows=947 width=121)
	        Sort Key: c
	        ->  Bitmap Heap Scan on sbtest6  (cost=22.14..3661.14 rows=947 width=121)
	              Recheck Cond: ((id >= 4446068) AND (id <= 4447067))
	              ->  Bitmap Index Scan on sbtest6_pkey  (cost=0.00..21.90 rows=947 width=0)
	                    Index Cond: ((id >= 4446068) AND (id <= 4447067))

table 7 : explain SELECT DISTINCT c FROM sbtest7 WHERE id BETWEEN 2222272 AND 2223271 ORDER BY c
	Unique  (cost=4189.04..4194.40 rows=1073 width=121)
	  ->  Sort  (cost=4189.04..4191.72 rows=1073 width=121)
	        Sort Key: c
	        ->  Bitmap Heap Scan on sbtest7  (cost=23.43..4135.02 rows=1073 width=121)
	              Recheck Cond: ((id >= 2222272) AND (id <= 2223271))
	              ->  Bitmap Index Scan on sbtest7_pkey  (cost=0.00..23.16 rows=1073 width=0)
	                    Index Cond: ((id >= 2222272) AND (id <= 2223271))

table 8 : explain SELECT DISTINCT c FROM sbtest8 WHERE id BETWEEN 1529080 AND 1530079 ORDER BY c
	Unique  (cost=3743.10..3747.88 rows=956 width=121)
	  ->  Sort  (cost=3743.10..3745.49 rows=956 width=121)
	        Sort Key: c
	        ->  Bitmap Heap Scan on sbtest8  (cost=22.23..3695.78 rows=956 width=121)
	              Recheck Cond: ((id >= 1529080) AND (id <= 1530079))
	              ->  Bitmap Index Scan on sbtest8_pkey  (cost=0.00..22.00 rows=956 width=0)
	                    Index Cond: ((id >= 1529080) AND (id <= 1530079))

for: sum_ranges
table 1 : explain SELECT SUM(k) FROM sbtest1 WHERE id BETWEEN 4917169 AND 4918168
	Aggregate  (cost=4196.17..4196.18 rows=1 width=8)
	  ->  Bitmap Heap Scan on sbtest1  (cost=23.61..4193.44 rows=1090 width=4)
	        Recheck Cond: ((id >= 4917169) AND (id <= 4918168))
	        ->  Bitmap Index Scan on sbtest1_pkey  (cost=0.00..23.33 rows=1090 width=0)
	              Index Cond: ((id >= 4917169) AND (id <= 4918168))

table 2 : explain SELECT SUM(k) FROM sbtest2 WHERE id BETWEEN 8314459 AND 8315458
	Aggregate  (cost=3808.90..3808.91 rows=1 width=8)
	  ->  Bitmap Heap Scan on sbtest2  (cost=22.54..3806.44 rows=986 width=4)
	        Recheck Cond: ((id >= 8314459) AND (id <= 8315458))
	        ->  Bitmap Index Scan on sbtest2_pkey  (cost=0.00..22.29 rows=986 width=0)
	              Index Cond: ((id >= 8314459) AND (id <= 8315458))

table 3 : explain SELECT SUM(k) FROM sbtest3 WHERE id BETWEEN 8673982 AND 8674981
	Aggregate  (cost=3306.91..3306.92 rows=1 width=8)
	  ->  Bitmap Heap Scan on sbtest3  (cost=21.18..3304.78 rows=853 width=4)
	        Recheck Cond: ((id >= 8673982) AND (id <= 8674981))
	        ->  Bitmap Index Scan on sbtest3_pkey  (cost=0.00..20.96 rows=853 width=0)
	              Index Cond: ((id >= 8673982) AND (id <= 8674981))

table 4 : explain SELECT SUM(k) FROM sbtest4 WHERE id BETWEEN 8840242 AND 8841241
	Aggregate  (cost=3798.21..3798.22 rows=1 width=8)
	  ->  Bitmap Heap Scan on sbtest4  (cost=22.51..3795.76 rows=983 width=4)
	        Recheck Cond: ((id >= 8840242) AND (id <= 8841241))
	        ->  Bitmap Index Scan on sbtest4_pkey  (cost=0.00..22.26 rows=983 width=0)
	              Index Cond: ((id >= 8840242) AND (id <= 8841241))

table 5 : explain SELECT SUM(k) FROM sbtest5 WHERE id BETWEEN 3218076 AND 3219075
	Aggregate  (cost=4118.24..4118.25 rows=1 width=8)
	  ->  Bitmap Heap Scan on sbtest5  (cost=23.38..4115.57 rows=1068 width=4)
	        Recheck Cond: ((id >= 3218076) AND (id <= 3219075))
	        ->  Bitmap Index Scan on sbtest5_pkey  (cost=0.00..23.11 rows=1068 width=0)
	              Index Cond: ((id >= 3218076) AND (id <= 3219075))

table 6 : explain SELECT SUM(k) FROM sbtest6 WHERE id BETWEEN 5975379 AND 5976378
	Aggregate  (cost=3621.97..3621.98 rows=1 width=8)
	  ->  Bitmap Heap Scan on sbtest6  (cost=22.03..3619.63 rows=936 width=4)
	        Recheck Cond: ((id >= 5975379) AND (id <= 5976378))
	        ->  Bitmap Index Scan on sbtest6_pkey  (cost=0.00..21.79 rows=936 width=0)
	              Index Cond: ((id >= 5975379) AND (id <= 5976378))

table 7 : explain SELECT SUM(k) FROM sbtest7 WHERE id BETWEEN 1606959 AND 1607958
	Aggregate  (cost=3519.60..3519.61 rows=1 width=8)
	  ->  Bitmap Heap Scan on sbtest7  (cost=21.75..3517.32 rows=909 width=4)
	        Recheck Cond: ((id >= 1606959) AND (id <= 1607958))
	        ->  Bitmap Index Scan on sbtest7_pkey  (cost=0.00..21.52 rows=909 width=0)
	              Index Cond: ((id >= 1606959) AND (id <= 1607958))

table 8 : explain SELECT SUM(k) FROM sbtest8 WHERE id BETWEEN 8813220 AND 8814219
	Aggregate  (cost=3815.13..3815.14 rows=1 width=8)
	  ->  Bitmap Heap Scan on sbtest8  (cost=22.55..3812.67 rows=987 width=4)
	        Recheck Cond: ((id >= 8813220) AND (id <= 8814219))
	        ->  Bitmap Index Scan on sbtest8_pkey  (cost=0.00..22.30 rows=987 width=0)
	              Index Cond: ((id >= 8813220) AND (id <= 8814219))

for point_selects
table 1 : explain SELECT c FROM sbtest1 WHERE id=688404
	Index Scan using sbtest1_pkey on sbtest1  (cost=0.43..8.45 rows=1 width=121)
	  Index Cond: (id = 688404)

table 2 : explain SELECT c FROM sbtest2 WHERE id=9357609
	Index Scan using sbtest2_pkey on sbtest2  (cost=0.43..8.45 rows=1 width=121)
	  Index Cond: (id = 9357609)

table 3 : explain SELECT c FROM sbtest3 WHERE id=8722851
	Index Scan using sbtest3_pkey on sbtest3  (cost=0.43..8.45 rows=1 width=121)
	  Index Cond: (id = 8722851)

table 4 : explain SELECT c FROM sbtest4 WHERE id=7751916
	Index Scan using sbtest4_pkey on sbtest4  (cost=0.43..8.45 rows=1 width=121)
	  Index Cond: (id = 7751916)

table 5 : explain SELECT c FROM sbtest5 WHERE id=8004493
	Index Scan using sbtest5_pkey on sbtest5  (cost=0.43..8.45 rows=1 width=121)
	  Index Cond: (id = 8004493)

table 6 : explain SELECT c FROM sbtest6 WHERE id=8521503
	Index Scan using sbtest6_pkey on sbtest6  (cost=0.43..8.45 rows=1 width=121)
	  Index Cond: (id = 8521503)

table 7 : explain SELECT c FROM sbtest7 WHERE id=2362584
	Index Scan using sbtest7_pkey on sbtest7  (cost=0.43..8.45 rows=1 width=121)
	  Index Cond: (id = 2362584)

table 8 : explain SELECT c FROM sbtest8 WHERE id=5068360
	Index Scan using sbtest8_pkey on sbtest8  (cost=0.43..8.45 rows=1 width=121)
	  Index Cond: (id = 5068360)

explain: for point_selects :: explain SELECT c FROM sbtest%u WHERE id=%u
for: simple_ranges
table 1 : explain SELECT c FROM sbtest1 WHERE id BETWEEN 3025257 AND 3026256
	Bitmap Heap Scan on sbtest1  (cost=21.42..3395.16 rows=877 width=121)
	  Recheck Cond: ((id >= 3025257) AND (id <= 3026256))
	  ->  Bitmap Index Scan on sbtest1_pkey  (cost=0.00..21.20 rows=877 width=0)
	        Index Cond: ((id >= 3025257) AND (id <= 3026256))

table 2 : explain SELECT c FROM sbtest2 WHERE id BETWEEN 8612135 AND 8613134
	Bitmap Heap Scan on sbtest2  (cost=22.79..3896.76 rows=1010 width=121)
	  Recheck Cond: ((id >= 8612135) AND (id <= 8613134))
	  ->  Bitmap Index Scan on sbtest2_pkey  (cost=0.00..22.54 rows=1010 width=0)
	        Index Cond: ((id >= 8612135) AND (id <= 8613134))

table 3 : explain SELECT c FROM sbtest3 WHERE id BETWEEN 9818661 AND 9819660
	Bitmap Heap Scan on sbtest3  (cost=22.93..3949.79 rows=1024 width=121)
	  Recheck Cond: ((id >= 9818661) AND (id <= 9819660))
	  ->  Bitmap Index Scan on sbtest3_pkey  (cost=0.00..22.68 rows=1024 width=0)
	        Index Cond: ((id >= 9818661) AND (id <= 9819660))

table 4 : explain SELECT c FROM sbtest4 WHERE id BETWEEN 4114136 AND 4115135
	Bitmap Heap Scan on sbtest4  (cost=23.31..4089.14 rows=1061 width=121)
	  Recheck Cond: ((id >= 4114136) AND (id <= 4115135))
	  ->  Bitmap Index Scan on sbtest4_pkey  (cost=0.00..23.04 rows=1061 width=0)
	        Index Cond: ((id >= 4114136) AND (id <= 4115135))

table 5 : explain SELECT c FROM sbtest5 WHERE id BETWEEN 4934650 AND 4935649
	Bitmap Heap Scan on sbtest5  (cost=22.34..3731.84 rows=966 width=121)
	  Recheck Cond: ((id >= 4934650) AND (id <= 4935649))
	  ->  Bitmap Index Scan on sbtest5_pkey  (cost=0.00..22.09 rows=966 width=0)
	        Index Cond: ((id >= 4934650) AND (id <= 4935649))

table 6 : explain SELECT c FROM sbtest6 WHERE id BETWEEN 9817352 AND 9818351
	Bitmap Heap Scan on sbtest6  (cost=22.33..3729.03 rows=965 width=121)
	  Recheck Cond: ((id >= 9817352) AND (id <= 9818351))
	  ->  Bitmap Index Scan on sbtest6_pkey  (cost=0.00..22.08 rows=965 width=0)
	        Index Cond: ((id >= 9817352) AND (id <= 9818351))

table 7 : explain SELECT c FROM sbtest7 WHERE id BETWEEN 7189708 AND 7190707
	Bitmap Heap Scan on sbtest7  (cost=23.57..4183.84 rows=1086 width=121)
	  Recheck Cond: ((id >= 7189708) AND (id <= 7190707))
	  ->  Bitmap Index Scan on sbtest7_pkey  (cost=0.00..23.29 rows=1086 width=0)
	        Index Cond: ((id >= 7189708) AND (id <= 7190707))

table 8 : explain SELECT c FROM sbtest8 WHERE id BETWEEN 120464 AND 121463
	Bitmap Heap Scan on sbtest8  (cost=27.54..4177.86 rows=1083 width=121)
	  Recheck Cond: ((id >= 120464) AND (id <= 121463))
	  ->  Bitmap Index Scan on sbtest8_pkey  (cost=0.00..27.26 rows=1083 width=0)
	        Index Cond: ((id >= 120464) AND (id <= 121463))

for: order_ranges
table 1 : explain SELECT c FROM sbtest1 WHERE id BETWEEN 4745533 AND 4746532 ORDER BY c
	Sort  (cost=4145.46..4148.11 rows=1062 width=121)
	  Sort Key: c
	  ->  Bitmap Heap Scan on sbtest1  (cost=23.32..4092.08 rows=1062 width=121)
	        Recheck Cond: ((id >= 4745533) AND (id <= 4746532))
	        ->  Bitmap Index Scan on sbtest1_pkey  (cost=0.00..23.05 rows=1062 width=0)
	              Index Cond: ((id >= 4745533) AND (id <= 4746532))

table 2 : explain SELECT c FROM sbtest2 WHERE id BETWEEN 1895854 AND 1896853 ORDER BY c
	Sort  (cost=3805.77..3808.21 rows=973 width=121)
	  Sort Key: c
	  ->  Bitmap Heap Scan on sbtest2  (cost=22.41..3757.48 rows=973 width=121)
	        Recheck Cond: ((id >= 1895854) AND (id <= 1896853))
	        ->  Bitmap Index Scan on sbtest2_pkey  (cost=0.00..22.16 rows=973 width=0)
	              Index Cond: ((id >= 1895854) AND (id <= 1896853))

table 3 : explain SELECT c FROM sbtest3 WHERE id BETWEEN 8860108 AND 8861107 ORDER BY c
	Sort  (cost=3901.68..3904.18 rows=998 width=121)
	  Sort Key: c
	  ->  Bitmap Heap Scan on sbtest3  (cost=22.66..3851.97 rows=998 width=121)
	        Recheck Cond: ((id >= 8860108) AND (id <= 8861107))
	        ->  Bitmap Index Scan on sbtest3_pkey  (cost=0.00..22.41 rows=998 width=0)
	              Index Cond: ((id >= 8860108) AND (id <= 8861107))

table 4 : explain SELECT c FROM sbtest4 WHERE id BETWEEN 1119258 AND 1120257 ORDER BY c
	Sort  (cost=4020.36..4022.93 rows=1029 width=121)
	  Sort Key: c
	  ->  Bitmap Heap Scan on sbtest4  (cost=22.98..3968.87 rows=1029 width=121)
	        Recheck Cond: ((id >= 1119258) AND (id <= 1120257))
	        ->  Bitmap Index Scan on sbtest4_pkey  (cost=0.00..22.72 rows=1029 width=0)
	              Index Cond: ((id >= 1119258) AND (id <= 1120257))

table 5 : explain SELECT c FROM sbtest5 WHERE id BETWEEN 8691959 AND 8692958 ORDER BY c
	Sort  (cost=3798.86..3801.28 rows=971 width=121)
	  Sort Key: c
	  ->  Bitmap Heap Scan on sbtest5  (cost=22.39..3750.68 rows=971 width=121)
	        Recheck Cond: ((id >= 8691959) AND (id <= 8692958))
	        ->  Bitmap Index Scan on sbtest5_pkey  (cost=0.00..22.14 rows=971 width=0)
	              Index Cond: ((id >= 8691959) AND (id <= 8692958))

table 6 : explain SELECT c FROM sbtest6 WHERE id BETWEEN 2378691 AND 2379690 ORDER BY c
	Sort  (cost=3700.30..3702.66 rows=945 width=121)
	  Sort Key: c
	  ->  Bitmap Heap Scan on sbtest6  (cost=22.12..3653.59 rows=945 width=121)
	        Recheck Cond: ((id >= 2378691) AND (id <= 2379690))
	        ->  Bitmap Index Scan on sbtest6_pkey  (cost=0.00..21.89 rows=945 width=0)
	              Index Cond: ((id >= 2378691) AND (id <= 2379690))

table 7 : explain SELECT c FROM sbtest7 WHERE id BETWEEN 361905 AND 362904 ORDER BY c
	Sort  (cost=3634.81..3637.13 rows=928 width=121)
	  Sort Key: c
	  ->  Bitmap Heap Scan on sbtest7  (cost=21.95..3589.07 rows=928 width=121)
	        Recheck Cond: ((id >= 361905) AND (id <= 362904))
	        ->  Bitmap Index Scan on sbtest7_pkey  (cost=0.00..21.71 rows=928 width=0)
	              Index Cond: ((id >= 361905) AND (id <= 362904))

table 8 : explain SELECT c FROM sbtest8 WHERE id BETWEEN 7959155 AND 7960154 ORDER BY c
	Sort  (cost=3972.65..3975.19 rows=1016 width=121)
	  Sort Key: c
	  ->  Bitmap Heap Scan on sbtest8  (cost=22.85..3921.90 rows=1016 width=121)
	        Recheck Cond: ((id >= 7959155) AND (id <= 7960154))
	        ->  Bitmap Index Scan on sbtest8_pkey  (cost=0.00..22.59 rows=1016 width=0)
	              Index Cond: ((id >= 7959155) AND (id <= 7960154))

for point_selects
table 1 : explain SELECT c FROM sbtest1 WHERE id=4579903
	Index Scan using sbtest1_pkey on sbtest1  (cost=0.43..8.45 rows=1 width=121)
	  Index Cond: (id = 4579903)

table 2 : explain SELECT c FROM sbtest2 WHERE id=5281578
	Index Scan using sbtest2_pkey on sbtest2  (cost=0.43..8.45 rows=1 width=121)
	  Index Cond: (id = 5281578)

table 3 : explain SELECT c FROM sbtest3 WHERE id=7324335
	Index Scan using sbtest3_pkey on sbtest3  (cost=0.43..8.45 rows=1 width=121)
	  Index Cond: (id = 7324335)

table 4 : explain SELECT c FROM sbtest4 WHERE id=5292981
	Index Scan using sbtest4_pkey on sbtest4  (cost=0.43..8.45 rows=1 width=121)
	  Index Cond: (id = 5292981)

table 5 : explain SELECT c FROM sbtest5 WHERE id=9638521
	Index Scan using sbtest5_pkey on sbtest5  (cost=0.43..8.45 rows=1 width=121)
	  Index Cond: (id = 9638521)

table 6 : explain SELECT c FROM sbtest6 WHERE id=2756148
	Index Scan using sbtest6_pkey on sbtest6  (cost=0.43..8.45 rows=1 width=121)
	  Index Cond: (id = 2756148)

table 7 : explain SELECT c FROM sbtest7 WHERE id=7272985
	Index Scan using sbtest7_pkey on sbtest7  (cost=0.43..8.45 rows=1 width=121)
	  Index Cond: (id = 7272985)

table 8 : explain SELECT c FROM sbtest8 WHERE id=4381331
	Index Scan using sbtest8_pkey on sbtest8  (cost=0.43..8.45 rows=1 width=121)
	  Index Cond: (id = 4381331)

explain: for point_selects :: explain SELECT c FROM sbtest%u WHERE id=%u
explain: for point_selects :: explain SELECT c FROM sbtest%u WHERE id=%u
for point_selects
table 1 : explain SELECT c FROM sbtest1 WHERE id=9889670
	Index Scan using sbtest1_pkey on sbtest1  (cost=0.43..8.45 rows=1 width=121)
	  Index Cond: (id = 9889670)

table 2 : explain SELECT c FROM sbtest2 WHERE id=1483830
	Index Scan using sbtest2_pkey on sbtest2  (cost=0.43..8.45 rows=1 width=121)
	  Index Cond: (id = 1483830)

table 3 : explain SELECT c FROM sbtest3 WHERE id=6255009
	Index Scan using sbtest3_pkey on sbtest3  (cost=0.43..8.45 rows=1 width=121)
	  Index Cond: (id = 6255009)

table 4 : explain SELECT c FROM sbtest4 WHERE id=7389829
	Index Scan using sbtest4_pkey on sbtest4  (cost=0.43..8.45 rows=1 width=121)
	  Index Cond: (id = 7389829)

table 5 : explain SELECT c FROM sbtest5 WHERE id=9540174
	Index Scan using sbtest5_pkey on sbtest5  (cost=0.43..8.45 rows=1 width=121)
	  Index Cond: (id = 9540174)

table 6 : explain SELECT c FROM sbtest6 WHERE id=7591370
	Index Scan using sbtest6_pkey on sbtest6  (cost=0.43..8.45 rows=1 width=121)
	  Index Cond: (id = 7591370)

table 7 : explain SELECT c FROM sbtest7 WHERE id=6644513
	Index Scan using sbtest7_pkey on sbtest7  (cost=0.43..8.45 rows=1 width=121)
	  Index Cond: (id = 6644513)

table 8 : explain SELECT c FROM sbtest8 WHERE id=924212
	Index Scan using sbtest8_pkey on sbtest8  (cost=0.43..8.45 rows=1 width=121)
	  Index Cond: (id = 924212)

for: sum_ranges
table 1 : explain SELECT SUM(k) FROM sbtest1 WHERE id BETWEEN 1218024 AND 1219023
	Aggregate  (cost=3756.04..3756.05 rows=1 width=8)
	  ->  Bitmap Heap Scan on sbtest1  (cost=22.40..3753.61 rows=972 width=4)
	        Recheck Cond: ((id >= 1218024) AND (id <= 1219023))
	        ->  Bitmap Index Scan on sbtest1_pkey  (cost=0.00..22.15 rows=972 width=0)
	              Index Cond: ((id >= 1218024) AND (id <= 1219023))

table 2 : explain SELECT SUM(k) FROM sbtest2 WHERE id BETWEEN 4018077 AND 4019076
	Aggregate  (cost=4087.34..4087.35 rows=1 width=8)
	  ->  Bitmap Heap Scan on sbtest2  (cost=23.30..4084.69 rows=1060 width=4)
	        Recheck Cond: ((id >= 4018077) AND (id <= 4019076))
	        ->  Bitmap Index Scan on sbtest2_pkey  (cost=0.00..23.04 rows=1060 width=0)
	              Index Cond: ((id >= 4018077) AND (id <= 4019076))

table 3 : explain SELECT SUM(k) FROM sbtest3 WHERE id BETWEEN 1850492 AND 1851491
	Aggregate  (cost=3620.69..3620.70 rows=1 width=8)
	  ->  Bitmap Heap Scan on sbtest3  (cost=22.03..3618.35 rows=936 width=4)
	        Recheck Cond: ((id >= 1850492) AND (id <= 1851491))
	        ->  Bitmap Index Scan on sbtest3_pkey  (cost=0.00..21.79 rows=936 width=0)
	              Index Cond: ((id >= 1850492) AND (id <= 1851491))

table 4 : explain SELECT SUM(k) FROM sbtest4 WHERE id BETWEEN 4359304 AND 4360303
	Aggregate  (cost=4324.87..4324.88 rows=1 width=8)
	  ->  Bitmap Heap Scan on sbtest4  (cost=27.95..4322.06 rows=1123 width=4)
	        Recheck Cond: ((id >= 4359304) AND (id <= 4360303))
	        ->  Bitmap Index Scan on sbtest4_pkey  (cost=0.00..27.66 rows=1123 width=0)
	              Index Cond: ((id >= 4359304) AND (id <= 4360303))

table 5 : explain SELECT SUM(k) FROM sbtest5 WHERE id BETWEEN 9330319 AND 9331318
	Aggregate  (cost=4054.34..4054.35 rows=1 width=8)
	  ->  Bitmap Heap Scan on sbtest5  (cost=23.21..4051.71 rows=1051 width=4)
	        Recheck Cond: ((id >= 9330319) AND (id <= 9331318))
	        ->  Bitmap Index Scan on sbtest5_pkey  (cost=0.00..22.94 rows=1051 width=0)
	              Index Cond: ((id >= 9330319) AND (id <= 9331318))

table 6 : explain SELECT SUM(k) FROM sbtest6 WHERE id BETWEEN 1183669 AND 1184668
	Aggregate  (cost=3644.63..3644.64 rows=1 width=8)
	  ->  Bitmap Heap Scan on sbtest6  (cost=22.09..3642.27 rows=942 width=4)
	        Recheck Cond: ((id >= 1183669) AND (id <= 1184668))
	        ->  Bitmap Index Scan on sbtest6_pkey  (cost=0.00..21.86 rows=942 width=0)
	              Index Cond: ((id >= 1183669) AND (id <= 1184668))

table 7 : explain SELECT SUM(k) FROM sbtest7 WHERE id BETWEEN 2794661 AND 2795660
	Aggregate  (cost=3666.91..3666.92 rows=1 width=8)
	  ->  Bitmap Heap Scan on sbtest7  (cost=22.15..3664.54 rows=948 width=4)
	        Recheck Cond: ((id >= 2794661) AND (id <= 2795660))
	        ->  Bitmap Index Scan on sbtest7_pkey  (cost=0.00..21.91 rows=948 width=0)
	              Index Cond: ((id >= 2794661) AND (id <= 2795660))

table 8 : explain SELECT SUM(k) FROM sbtest8 WHERE id BETWEEN 3937655 AND 3938654
	Aggregate  (cost=3649.08..3649.09 rows=1 width=8)
	  ->  Bitmap Heap Scan on sbtest8  (cost=22.10..3646.72 rows=943 width=4)
	        Recheck Cond: ((id >= 3937655) AND (id <= 3938654))
	        ->  Bitmap Index Scan on sbtest8_pkey  (cost=0.00..21.86 rows=943 width=0)
	              Index Cond: ((id >= 3937655) AND (id <= 3938654))

for: distinct_ranges
table 1 : explain SELECT DISTINCT c FROM sbtest1 WHERE id BETWEEN 6707546 AND 6708545 ORDER BY c
	Unique  (cost=3851.54..3856.46 rows=985 width=121)
	  ->  Sort  (cost=3851.54..3854.00 rows=985 width=121)
	        Sort Key: c
	        ->  Bitmap Heap Scan on sbtest1  (cost=22.53..3802.56 rows=985 width=121)
	              Recheck Cond: ((id >= 6707546) AND (id <= 6708545))
	              ->  Bitmap Index Scan on sbtest1_pkey  (cost=0.00..22.29 rows=985 width=0)
	                    Index Cond: ((id >= 6707546) AND (id <= 6708545))

table 2 : explain SELECT DISTINCT c FROM sbtest2 WHERE id BETWEEN 919434 AND 920433 ORDER BY c
	Unique  (cost=4347.76..4353.33 rows=1115 width=121)
	  ->  Sort  (cost=4347.76..4350.55 rows=1115 width=121)
	        Sort Key: c
	        ->  Bitmap Heap Scan on sbtest2  (cost=27.86..4291.32 rows=1115 width=121)
	              Recheck Cond: ((id >= 919434) AND (id <= 920433))
	              ->  Bitmap Index Scan on sbtest2_pkey  (cost=0.00..27.58 rows=1115 width=0)
	                    Index Cond: ((id >= 919434) AND (id <= 920433))

table 3 : explain SELECT DISTINCT c FROM sbtest3 WHERE id BETWEEN 6156276 AND 6157275 ORDER BY c
	Unique  (cost=3958.99..3964.05 rows=1013 width=121)
	  ->  Sort  (cost=3958.99..3961.52 rows=1013 width=121)
	        Sort Key: c
	        ->  Bitmap Heap Scan on sbtest3  (cost=22.82..3908.41 rows=1013 width=121)
	              Recheck Cond: ((id >= 6156276) AND (id <= 6157275))
	              ->  Bitmap Index Scan on sbtest3_pkey  (cost=0.00..22.57 rows=1013 width=0)
	                    Index Cond: ((id >= 6156276) AND (id <= 6157275))

table 4 : explain SELECT DISTINCT c FROM sbtest4 WHERE id BETWEEN 5241243 AND 5242242 ORDER BY c
	Unique  (cost=3695.42..3700.14 rows=944 width=121)
	  ->  Sort  (cost=3695.42..3697.78 rows=944 width=121)
	        Sort Key: c
	        ->  Bitmap Heap Scan on sbtest4  (cost=22.11..3648.77 rows=944 width=121)
	              Recheck Cond: ((id >= 5241243) AND (id <= 5242242))
	              ->  Bitmap Index Scan on sbtest4_pkey  (cost=0.00..21.87 rows=944 width=0)
	                    Index Cond: ((id >= 5241243) AND (id <= 5242242))

table 5 : explain SELECT DISTINCT c FROM sbtest5 WHERE id BETWEEN 7992036 AND 7993035 ORDER BY c
	Unique  (cost=3791.21..3796.05 rows=969 width=121)
	  ->  Sort  (cost=3791.21..3793.63 rows=969 width=121)
	        Sort Key: c
	        ->  Bitmap Heap Scan on sbtest5  (cost=22.37..3743.14 rows=969 width=121)
	              Recheck Cond: ((id >= 7992036) AND (id <= 7993035))
	              ->  Bitmap Index Scan on sbtest5_pkey  (cost=0.00..22.12 rows=969 width=0)
	                    Index Cond: ((id >= 7992036) AND (id <= 7993035))

table 6 : explain SELECT DISTINCT c FROM sbtest6 WHERE id BETWEEN 5156709 AND 5157708 ORDER BY c
	Unique  (cost=3868.68..3873.63 rows=989 width=121)
	  ->  Sort  (cost=3868.68..3871.16 rows=989 width=121)
	        Sort Key: c
	        ->  Bitmap Heap Scan on sbtest6  (cost=22.57..3819.48 rows=989 width=121)
	              Recheck Cond: ((id >= 5156709) AND (id <= 5157708))
	              ->  Bitmap Index Scan on sbtest6_pkey  (cost=0.00..22.32 rows=989 width=0)
	                    Index Cond: ((id >= 5156709) AND (id <= 5157708))

table 7 : explain SELECT DISTINCT c FROM sbtest7 WHERE id BETWEEN 6596401 AND 6597400 ORDER BY c
	Unique  (cost=4066.94..4072.15 rows=1041 width=121)
	  ->  Sort  (cost=4066.94..4069.55 rows=1041 width=121)
	        Sort Key: c
	        ->  Bitmap Heap Scan on sbtest7  (cost=23.11..4014.77 rows=1041 width=121)
	              Recheck Cond: ((id >= 6596401) AND (id <= 6597400))
	              ->  Bitmap Index Scan on sbtest7_pkey  (cost=0.00..22.84 rows=1041 width=0)
	                    Index Cond: ((id >= 6596401) AND (id <= 6597400))

table 8 : explain SELECT DISTINCT c FROM sbtest8 WHERE id BETWEEN 6797204 AND 6798203 ORDER BY c
	Unique  (cost=3953.53..3958.59 rows=1011 width=121)
	  ->  Sort  (cost=3953.53..3956.06 rows=1011 width=121)
	        Sort Key: c
	        ->  Bitmap Heap Scan on sbtest8  (cost=22.80..3903.08 rows=1011 width=121)
	              Recheck Cond: ((id >= 6797204) AND (id <= 6798203))
	              ->  Bitmap Index Scan on sbtest8_pkey  (cost=0.00..22.54 rows=1011 width=0)
	                    Index Cond: ((id >= 6797204) AND (id <= 6798203))

for: simple_ranges
table 1 : explain SELECT c FROM sbtest1 WHERE id BETWEEN 3602709 AND 3603708
	Bitmap Heap Scan on sbtest1  (cost=22.46..3776.20 rows=978 width=121)
	  Recheck Cond: ((id >= 3602709) AND (id <= 3603708))
	  ->  Bitmap Index Scan on sbtest1_pkey  (cost=0.00..22.21 rows=978 width=0)
	        Index Cond: ((id >= 3602709) AND (id <= 3603708))

table 2 : explain SELECT c FROM sbtest2 WHERE id BETWEEN 1693592 AND 1694591
	Bitmap Heap Scan on sbtest2  (cost=22.59..3825.26 rows=991 width=121)
	  Recheck Cond: ((id >= 1693592) AND (id <= 1694591))
	  ->  Bitmap Index Scan on sbtest2_pkey  (cost=0.00..22.34 rows=991 width=0)
	        Index Cond: ((id >= 1693592) AND (id <= 1694591))

table 3 : explain SELECT c FROM sbtest3 WHERE id BETWEEN 2088854 AND 2089853
	Bitmap Heap Scan on sbtest3  (cost=22.65..3848.21 rows=997 width=121)
	  Recheck Cond: ((id >= 2088854) AND (id <= 2089853))
	  ->  Bitmap Index Scan on sbtest3_pkey  (cost=0.00..22.40 rows=997 width=0)
	        Index Cond: ((id >= 2088854) AND (id <= 2089853))

table 4 : explain SELECT c FROM sbtest4 WHERE id BETWEEN 8832386 AND 8833385
	Bitmap Heap Scan on sbtest4  (cost=22.51..3795.76 rows=983 width=121)
	  Recheck Cond: ((id >= 8832386) AND (id <= 8833385))
	  ->  Bitmap Index Scan on sbtest4_pkey  (cost=0.00..22.26 rows=983 width=0)
	        Index Cond: ((id >= 8832386) AND (id <= 8833385))

table 5 : explain SELECT c FROM sbtest5 WHERE id BETWEEN 6891222 AND 6892221
	Bitmap Heap Scan on sbtest5  (cost=22.51..3795.89 rows=983 width=121)
	  Recheck Cond: ((id >= 6891222) AND (id <= 6892221))
	  ->  Bitmap Index Scan on sbtest5_pkey  (cost=0.00..22.26 rows=983 width=0)
	        Index Cond: ((id >= 6891222) AND (id <= 6892221))

table 6 : explain SELECT c FROM sbtest6 WHERE id BETWEEN 8854511 AND 8855510
	Bitmap Heap Scan on sbtest6  (cost=23.01..3981.35 rows=1032 width=121)
	  Recheck Cond: ((id >= 8854511) AND (id <= 8855510))
	  ->  Bitmap Index Scan on sbtest6_pkey  (cost=0.00..22.75 rows=1032 width=0)
	        Index Cond: ((id >= 8854511) AND (id <= 8855510))

table 7 : explain SELECT c FROM sbtest7 WHERE id BETWEEN 7705130 AND 7706129
	Bitmap Heap Scan on sbtest7  (cost=22.47..3781.41 rows=979 width=121)
	  Recheck Cond: ((id >= 7705130) AND (id <= 7706129))
	  ->  Bitmap Index Scan on sbtest7_pkey  (cost=0.00..22.22 rows=979 width=0)
	        Index Cond: ((id >= 7705130) AND (id <= 7706129))

table 8 : explain SELECT c FROM sbtest8 WHERE id BETWEEN 6502020 AND 6503019
	Bitmap Heap Scan on sbtest8  (cost=22.67..3857.88 rows=999 width=121)
	  Recheck Cond: ((id >= 6502020) AND (id <= 6503019))
	  ->  Bitmap Index Scan on sbtest8_pkey  (cost=0.00..22.43 rows=999 width=0)
	        Index Cond: ((id >= 6502020) AND (id <= 6503019))

for: simple_ranges
table 1 : explain SELECT c FROM sbtest1 WHERE id BETWEEN 5068549 AND 5069548
	Bitmap Heap Scan on sbtest1  (cost=22.64..3843.97 rows=996 width=121)
	  Recheck Cond: ((id >= 5068549) AND (id <= 5069548))
	  ->  Bitmap Index Scan on sbtest1_pkey  (cost=0.00..22.39 rows=996 width=0)
	        Index Cond: ((id >= 5068549) AND (id <= 5069548))

table 2 : explain SELECT c FROM sbtest2 WHERE id BETWEEN 6537321 AND 6538320
	Bitmap Heap Scan on sbtest2  (cost=22.36..3738.65 rows=968 width=121)
	  Recheck Cond: ((id >= 6537321) AND (id <= 6538320))
	  ->  Bitmap Index Scan on sbtest2_pkey  (cost=0.00..22.11 rows=968 width=0)
	        Index Cond: ((id >= 6537321) AND (id <= 6538320))

table 3 : explain SELECT c FROM sbtest3 WHERE id BETWEEN 5336386 AND 5337385
	Bitmap Heap Scan on sbtest3  (cost=22.54..3806.79 rows=986 width=121)
	  Recheck Cond: ((id >= 5336386) AND (id <= 5337385))
	  ->  Bitmap Index Scan on sbtest3_pkey  (cost=0.00..22.29 rows=986 width=0)
	        Index Cond: ((id >= 5336386) AND (id <= 5337385))

table 4 : explain SELECT c FROM sbtest4 WHERE id BETWEEN 5316956 AND 5317955
	Bitmap Heap Scan on sbtest4  (cost=21.32..3357.96 rows=867 width=121)
	  Recheck Cond: ((id >= 5316956) AND (id <= 5317955))
	  ->  Bitmap Index Scan on sbtest4_pkey  (cost=0.00..21.11 rows=867 width=0)
	        Index Cond: ((id >= 5316956) AND (id <= 5317955))

table 5 : explain SELECT c FROM sbtest5 WHERE id BETWEEN 9764089 AND 9765088
	Bitmap Heap Scan on sbtest5  (cost=22.91..3942.68 rows=1022 width=121)
	  Recheck Cond: ((id >= 9764089) AND (id <= 9765088))
	  ->  Bitmap Index Scan on sbtest5_pkey  (cost=0.00..22.65 rows=1022 width=0)
	        Index Cond: ((id >= 9764089) AND (id <= 9765088))

table 6 : explain SELECT c FROM sbtest6 WHERE id BETWEEN 9097452 AND 9098451
	Bitmap Heap Scan on sbtest6  (cost=23.07..4003.92 rows=1038 width=121)
	  Recheck Cond: ((id >= 9097452) AND (id <= 9098451))
	  ->  Bitmap Index Scan on sbtest6_pkey  (cost=0.00..22.82 rows=1038 width=0)
	        Index Cond: ((id >= 9097452) AND (id <= 9098451))

table 7 : explain SELECT c FROM sbtest7 WHERE id BETWEEN 5205423 AND 5206422
	Bitmap Heap Scan on sbtest7  (cost=22.75..3883.09 rows=1006 width=121)
	  Recheck Cond: ((id >= 5205423) AND (id <= 5206422))
	  ->  Bitmap Index Scan on sbtest7_pkey  (cost=0.00..22.50 rows=1006 width=0)
	        Index Cond: ((id >= 5205423) AND (id <= 5206422))

table 8 : explain SELECT c FROM sbtest8 WHERE id BETWEEN 2402385 AND 2403384
	Bitmap Heap Scan on sbtest8  (cost=21.76..3522.09 rows=910 width=121)
	  Recheck Cond: ((id >= 2402385) AND (id <= 2403384))
	  ->  Bitmap Index Scan on sbtest8_pkey  (cost=0.00..21.54 rows=910 width=0)
	        Index Cond: ((id >= 2402385) AND (id <= 2403384))

for: order_ranges
table 1 : explain SELECT c FROM sbtest1 WHERE id BETWEEN 988072 AND 989071 ORDER BY c
	Sort  (cost=3801.84..3804.27 rows=972 width=121)
	  Sort Key: c
	  ->  Bitmap Heap Scan on sbtest1  (cost=22.40..3753.61 rows=972 width=121)
	        Recheck Cond: ((id >= 988072) AND (id <= 989071))
	        ->  Bitmap Index Scan on sbtest1_pkey  (cost=0.00..22.15 rows=972 width=0)
	              Index Cond: ((id >= 988072) AND (id <= 989071))

table 2 : explain SELECT c FROM sbtest2 WHERE id BETWEEN 5204606 AND 5205605 ORDER BY c
	Sort  (cost=3851.65..3854.11 rows=985 width=121)
	  Sort Key: c
	  ->  Bitmap Heap Scan on sbtest2  (cost=22.53..3802.67 rows=985 width=121)
	        Recheck Cond: ((id >= 5204606) AND (id <= 5205605))
	        ->  Bitmap Index Scan on sbtest2_pkey  (cost=0.00..22.29 rows=985 width=0)
	              Index Cond: ((id >= 5204606) AND (id <= 5205605))

table 3 : explain SELECT c FROM sbtest3 WHERE id BETWEEN 3218375 AND 3219374 ORDER BY c
	Sort  (cost=3832.89..3835.34 rows=980 width=121)
	  Sort Key: c
	  ->  Bitmap Heap Scan on sbtest3  (cost=22.48..3784.20 rows=980 width=121)
	        Recheck Cond: ((id >= 3218375) AND (id <= 3219374))
	        ->  Bitmap Index Scan on sbtest3_pkey  (cost=0.00..22.23 rows=980 width=0)
	              Index Cond: ((id >= 3218375) AND (id <= 3219374))

table 4 : explain SELECT c FROM sbtest4 WHERE id BETWEEN 3375864 AND 3376863 ORDER BY c
	Sort  (cost=3553.69..3555.95 rows=907 width=121)
	  Sort Key: c
	  ->  Bitmap Heap Scan on sbtest4  (cost=21.73..3509.13 rows=907 width=121)
	        Recheck Cond: ((id >= 3375864) AND (id <= 3376863))
	        ->  Bitmap Index Scan on sbtest4_pkey  (cost=0.00..21.50 rows=907 width=0)
	              Index Cond: ((id >= 3375864) AND (id <= 3376863))

table 5 : explain SELECT c FROM sbtest5 WHERE id BETWEEN 4323411 AND 4324410 ORDER BY c
	Sort  (cost=4169.30..4171.97 rows=1068 width=121)
	  Sort Key: c
	  ->  Bitmap Heap Scan on sbtest5  (cost=23.38..4115.57 rows=1068 width=121)
	        Recheck Cond: ((id >= 4323411) AND (id <= 4324410))
	        ->  Bitmap Index Scan on sbtest5_pkey  (cost=0.00..23.11 rows=1068 width=0)
	              Index Cond: ((id >= 4323411) AND (id <= 4324410))

table 6 : explain SELECT c FROM sbtest6 WHERE id BETWEEN 2132177 AND 2133176 ORDER BY c
	Sort  (cost=3899.27..3901.76 rows=997 width=121)
	  Sort Key: c
	  ->  Bitmap Heap Scan on sbtest6  (cost=22.65..3849.61 rows=997 width=121)
	        Recheck Cond: ((id >= 2132177) AND (id <= 2133176))
	        ->  Bitmap Index Scan on sbtest6_pkey  (cost=0.00..22.40 rows=997 width=0)
	              Index Cond: ((id >= 2132177) AND (id <= 2133176))

table 7 : explain SELECT c FROM sbtest7 WHERE id BETWEEN 5080999 AND 5081998 ORDER BY c
	Sort  (cost=4040.22..4042.81 rows=1034 width=121)
	  Sort Key: c
	  ->  Bitmap Heap Scan on sbtest7  (cost=23.03..3988.45 rows=1034 width=121)
	        Recheck Cond: ((id >= 5080999) AND (id <= 5081998))
	        ->  Bitmap Index Scan on sbtest7_pkey  (cost=0.00..22.77 rows=1034 width=0)
	              Index Cond: ((id >= 5080999) AND (id <= 5081998))

table 8 : explain SELECT c FROM sbtest8 WHERE id BETWEEN 7378594 AND 7379593 ORDER BY c
	Sort  (cost=3685.65..3688.00 rows=941 width=121)
	  Sort Key: c
	  ->  Bitmap Heap Scan on sbtest8  (cost=22.08..3639.17 rows=941 width=121)
	        Recheck Cond: ((id >= 7378594) AND (id <= 7379593))
	        ->  Bitmap Index Scan on sbtest8_pkey  (cost=0.00..21.84 rows=941 width=0)
	              Index Cond: ((id >= 7378594) AND (id <= 7379593))

for: simple_ranges
table 1 : explain SELECT c FROM sbtest1 WHERE id BETWEEN 1412808 AND 1413807
	Bitmap Heap Scan on sbtest1  (cost=22.94..3953.05 rows=1025 width=121)
	  Recheck Cond: ((id >= 1412808) AND (id <= 1413807))
	  ->  Bitmap Index Scan on sbtest1_pkey  (cost=0.00..22.68 rows=1025 width=0)
	        Index Cond: ((id >= 1412808) AND (id <= 1413807))

table 2 : explain SELECT c FROM sbtest2 WHERE id BETWEEN 686685 AND 687684
	Bitmap Heap Scan on sbtest2  (cost=22.36..3738.65 rows=968 width=121)
	  Recheck Cond: ((id >= 686685) AND (id <= 687684))
	  ->  Bitmap Index Scan on sbtest2_pkey  (cost=0.00..22.11 rows=968 width=0)
	        Index Cond: ((id >= 686685) AND (id <= 687684))

table 3 : explain SELECT c FROM sbtest3 WHERE id BETWEEN 125649 AND 126648
	Bitmap Heap Scan on sbtest3  (cost=22.61..3833.15 rows=993 width=121)
	  Recheck Cond: ((id >= 125649) AND (id <= 126648))
	  ->  Bitmap Index Scan on sbtest3_pkey  (cost=0.00..22.36 rows=993 width=0)
	        Index Cond: ((id >= 125649) AND (id <= 126648))

table 4 : explain SELECT c FROM sbtest4 WHERE id BETWEEN 1451167 AND 1452166
	Bitmap Heap Scan on sbtest4  (cost=22.16..3667.63 rows=949 width=121)
	  Recheck Cond: ((id >= 1451167) AND (id <= 1452166))
	  ->  Bitmap Index Scan on sbtest4_pkey  (cost=0.00..21.93 rows=949 width=0)
	        Index Cond: ((id >= 1451167) AND (id <= 1452166))

table 5 : explain SELECT c FROM sbtest5 WHERE id BETWEEN 1427344 AND 1428343
	Bitmap Heap Scan on sbtest5  (cost=22.38..3746.91 rows=970 width=121)
	  Recheck Cond: ((id >= 1427344) AND (id <= 1428343))
	  ->  Bitmap Index Scan on sbtest5_pkey  (cost=0.00..22.14 rows=970 width=0)
	        Index Cond: ((id >= 1427344) AND (id <= 1428343))

table 6 : explain SELECT c FROM sbtest6 WHERE id BETWEEN 9190512 AND 9191511
	Bitmap Heap Scan on sbtest6  (cost=22.97..3966.31 rows=1028 width=121)
	  Recheck Cond: ((id >= 9190512) AND (id <= 9191511))
	  ->  Bitmap Index Scan on sbtest6_pkey  (cost=0.00..22.71 rows=1028 width=0)
	        Index Cond: ((id >= 9190512) AND (id <= 9191511))

table 7 : explain SELECT c FROM sbtest7 WHERE id BETWEEN 9343162 AND 9344161
	Bitmap Heap Scan on sbtest7  (cost=22.90..3939.55 rows=1021 width=121)
	  Recheck Cond: ((id >= 9343162) AND (id <= 9344161))
	  ->  Bitmap Index Scan on sbtest7_pkey  (cost=0.00..22.64 rows=1021 width=0)
	        Index Cond: ((id >= 9343162) AND (id <= 9344161))

table 8 : explain SELECT c FROM sbtest8 WHERE id BETWEEN 6618756 AND 6619755
	Bitmap Heap Scan on sbtest8  (cost=22.73..3876.72 rows=1004 width=121)
	  Recheck Cond: ((id >= 6618756) AND (id <= 6619755))
	  ->  Bitmap Index Scan on sbtest8_pkey  (cost=0.00..22.47 rows=1004 width=0)
	        Index Cond: ((id >= 6618756) AND (id <= 6619755))

for: simple_ranges
table 1 : explain SELECT c FROM sbtest1 WHERE id BETWEEN 4198970 AND 4199969
	Bitmap Heap Scan on sbtest1  (cost=22.08..3636.77 rows=941 width=121)
	  Recheck Cond: ((id >= 4198970) AND (id <= 4199969))
	  ->  Bitmap Index Scan on sbtest1_pkey  (cost=0.00..21.84 rows=941 width=0)
	        Index Cond: ((id >= 4198970) AND (id <= 4199969))

table 2 : explain SELECT c FROM sbtest2 WHERE id BETWEEN 7069893 AND 7070892
	Bitmap Heap Scan on sbtest2  (cost=22.66..3851.61 rows=998 width=121)
	  Recheck Cond: ((id >= 7069893) AND (id <= 7070892))
	  ->  Bitmap Index Scan on sbtest2_pkey  (cost=0.00..22.41 rows=998 width=0)
	        Index Cond: ((id >= 7069893) AND (id <= 7070892))

table 3 : explain SELECT c FROM sbtest3 WHERE id BETWEEN 6090825 AND 6091824
	Bitmap Heap Scan on sbtest3  (cost=22.80..3900.89 rows=1011 width=121)
	  Recheck Cond: ((id >= 6090825) AND (id <= 6091824))
	  ->  Bitmap Index Scan on sbtest3_pkey  (cost=0.00..22.54 rows=1011 width=0)
	        Index Cond: ((id >= 6090825) AND (id <= 6091824))

table 4 : explain SELECT c FROM sbtest4 WHERE id BETWEEN 9292105 AND 9293104
	Bitmap Heap Scan on sbtest4  (cost=22.78..3893.64 rows=1009 width=121)
	  Recheck Cond: ((id >= 9292105) AND (id <= 9293104))
	  ->  Bitmap Index Scan on sbtest4_pkey  (cost=0.00..22.52 rows=1009 width=0)
	        Index Cond: ((id >= 9292105) AND (id <= 9293104))

table 5 : explain SELECT c FROM sbtest5 WHERE id BETWEEN 257926 AND 258925
	Bitmap Heap Scan on sbtest5  (cost=23.19..4044.19 rows=1049 width=121)
	  Recheck Cond: ((id >= 257926) AND (id <= 258925))
	  ->  Bitmap Index Scan on sbtest5_pkey  (cost=0.00..22.93 rows=1049 width=0)
	        Index Cond: ((id >= 257926) AND (id <= 258925))

table 6 : explain SELECT c FROM sbtest6 WHERE id BETWEEN 3552821 AND 3553820
	Bitmap Heap Scan on sbtest6  (cost=23.22..4056.56 rows=1052 width=121)
	  Recheck Cond: ((id >= 3552821) AND (id <= 3553820))
	  ->  Bitmap Index Scan on sbtest6_pkey  (cost=0.00..22.95 rows=1052 width=0)
	        Index Cond: ((id >= 3552821) AND (id <= 3553820))

table 7 : explain SELECT c FROM sbtest7 WHERE id BETWEEN 3847334 AND 3848333
	Bitmap Heap Scan on sbtest7  (cost=22.60..3830.38 rows=992 width=121)
	  Recheck Cond: ((id >= 3847334) AND (id <= 3848333))
	  ->  Bitmap Index Scan on sbtest7_pkey  (cost=0.00..22.36 rows=992 width=0)
	        Index Cond: ((id >= 3847334) AND (id <= 3848333))

table 8 : explain SELECT c FROM sbtest8 WHERE id BETWEEN 5550051 AND 5551050
	Bitmap Heap Scan on sbtest8  (cost=22.65..3850.35 rows=997 width=121)
	  Recheck Cond: ((id >= 5550051) AND (id <= 5551050))
	  ->  Bitmap Index Scan on sbtest8_pkey  (cost=0.00..22.40 rows=997 width=0)
	        Index Cond: ((id >= 5550051) AND (id <= 5551050))

for: order_ranges
table 1 : explain SELECT c FROM sbtest1 WHERE id BETWEEN 7904871 AND 7905870 ORDER BY c
	Sort  (cost=3820.96..3823.40 rows=977 width=121)
	  Sort Key: c
	  ->  Bitmap Heap Scan on sbtest1  (cost=22.45..3772.44 rows=977 width=121)
	        Recheck Cond: ((id >= 7904871) AND (id <= 7905870))
	        ->  Bitmap Index Scan on sbtest1_pkey  (cost=0.00..22.20 rows=977 width=0)
	              Index Cond: ((id >= 7904871) AND (id <= 7905870))

table 2 : explain SELECT c FROM sbtest2 WHERE id BETWEEN 2841949 AND 2842948 ORDER BY c
	Sort  (cost=3713.97..3716.34 rows=949 width=121)
	  Sort Key: c
	  ->  Bitmap Heap Scan on sbtest2  (cost=22.16..3667.04 rows=949 width=121)
	        Recheck Cond: ((id >= 2841949) AND (id <= 2842948))
	        ->  Bitmap Index Scan on sbtest2_pkey  (cost=0.00..21.93 rows=949 width=0)
	              Index Cond: ((id >= 2841949) AND (id <= 2842948))

table 3 : explain SELECT c FROM sbtest3 WHERE id BETWEEN 6708214 AND 6709213 ORDER BY c
	Sort  (cost=4233.65..4236.36 rows=1085 width=121)
	  Sort Key: c
	  ->  Bitmap Heap Scan on sbtest3  (cost=23.56..4178.95 rows=1085 width=121)
	        Recheck Cond: ((id >= 6708214) AND (id <= 6709213))
	        ->  Bitmap Index Scan on sbtest3_pkey  (cost=0.00..23.29 rows=1085 width=0)
	              Index Cond: ((id >= 6708214) AND (id <= 6709213))

table 4 : explain SELECT c FROM sbtest4 WHERE id BETWEEN 9573105 AND 9574104 ORDER BY c
	Sort  (cost=3783.43..3785.85 rows=967 width=121)
	  Sort Key: c
	  ->  Bitmap Heap Scan on sbtest4  (cost=22.35..3735.48 rows=967 width=121)
	        Recheck Cond: ((id >= 9573105) AND (id <= 9574104))
	        ->  Bitmap Index Scan on sbtest4_pkey  (cost=0.00..22.11 rows=967 width=0)
	              Index Cond: ((id >= 9573105) AND (id <= 9574104))

table 5 : explain SELECT c FROM sbtest5 WHERE id BETWEEN 6464028 AND 6465027 ORDER BY c
	Sort  (cost=3526.97..3529.22 rows=900 width=121)
	  Sort Key: c
	  ->  Bitmap Heap Scan on sbtest5  (cost=21.66..3482.80 rows=900 width=121)
	        Recheck Cond: ((id >= 6464028) AND (id <= 6465027))
	        ->  Bitmap Index Scan on sbtest5_pkey  (cost=0.00..21.43 rows=900 width=0)
	              Index Cond: ((id >= 6464028) AND (id <= 6465027))

table 6 : explain SELECT c FROM sbtest6 WHERE id BETWEEN 4984461 AND 4985460 ORDER BY c
	Sort  (cost=3796.00..3798.42 rows=970 width=121)
	  Sort Key: c
	  ->  Bitmap Heap Scan on sbtest6  (cost=22.38..3747.88 rows=970 width=121)
	        Recheck Cond: ((id >= 4984461) AND (id <= 4985460))
	        ->  Bitmap Index Scan on sbtest6_pkey  (cost=0.00..22.14 rows=970 width=0)
	              Index Cond: ((id >= 4984461) AND (id <= 4985460))

table 7 : explain SELECT c FROM sbtest7 WHERE id BETWEEN 4999217 AND 5000216 ORDER BY c
	Sort  (cost=3619.48..3621.79 rows=924 width=121)
	  Sort Key: c
	  ->  Bitmap Heap Scan on sbtest7  (cost=21.91..3573.97 rows=924 width=121)
	        Recheck Cond: ((id >= 4999217) AND (id <= 5000216))
	        ->  Bitmap Index Scan on sbtest7_pkey  (cost=0.00..21.68 rows=924 width=0)
	              Index Cond: ((id >= 4999217) AND (id <= 5000216))

table 8 : explain SELECT c FROM sbtest8 WHERE id BETWEEN 588193 AND 589192 ORDER BY c
	Sort  (cost=3945.89..3948.41 rows=1009 width=121)
	  Sort Key: c
	  ->  Bitmap Heap Scan on sbtest8  (cost=22.78..3895.55 rows=1009 width=121)
	        Recheck Cond: ((id >= 588193) AND (id <= 589192))
	        ->  Bitmap Index Scan on sbtest8_pkey  (cost=0.00..22.52 rows=1009 width=0)
	              Index Cond: ((id >= 588193) AND (id <= 589192))

for: sum_ranges
table 1 : explain SELECT SUM(k) FROM sbtest1 WHERE id BETWEEN 8262510 AND 8263509
	Aggregate  (cost=4064.67..4064.68 rows=1 width=8)
	  ->  Bitmap Heap Scan on sbtest1  (cost=23.24..4062.03 rows=1054 width=4)
	        Recheck Cond: ((id >= 8262510) AND (id <= 8263509))
	        ->  Bitmap Index Scan on sbtest1_pkey  (cost=0.00..22.97 rows=1054 width=0)
	              Index Cond: ((id >= 8262510) AND (id <= 8263509))

table 2 : explain SELECT SUM(k) FROM sbtest2 WHERE id BETWEEN 3427183 AND 3428182
	Aggregate  (cost=3831.51..3831.52 rows=1 width=8)
	  ->  Bitmap Heap Scan on sbtest2  (cost=22.60..3829.03 rows=992 width=4)
	        Recheck Cond: ((id >= 3427183) AND (id <= 3428182))
	        ->  Bitmap Index Scan on sbtest2_pkey  (cost=0.00..22.36 rows=992 width=0)
	              Index Cond: ((id >= 3427183) AND (id <= 3428182))

table 3 : explain SELECT SUM(k) FROM sbtest3 WHERE id BETWEEN 2683872 AND 2684871
	Aggregate  (cost=3854.46..3854.47 rows=1 width=8)
	  ->  Bitmap Heap Scan on sbtest3  (cost=22.66..3851.97 rows=998 width=4)
	        Recheck Cond: ((id >= 2683872) AND (id <= 2684871))
	        ->  Bitmap Index Scan on sbtest3_pkey  (cost=0.00..22.41 rows=998 width=0)
	              Index Cond: ((id >= 2683872) AND (id <= 2684871))

table 4 : explain SELECT SUM(k) FROM sbtest4 WHERE id BETWEEN 9425946 AND 9426945
	Aggregate  (cost=3896.16..3896.17 rows=1 width=8)
	  ->  Bitmap Heap Scan on sbtest4  (cost=22.78..3893.64 rows=1009 width=4)
	        Recheck Cond: ((id >= 9425946) AND (id <= 9426945))
	        ->  Bitmap Index Scan on sbtest4_pkey  (cost=0.00..22.52 rows=1009 width=0)
	              Index Cond: ((id >= 9425946) AND (id <= 9426945))

table 5 : explain SELECT SUM(k) FROM sbtest5 WHERE id BETWEEN 860170 AND 861169
	Aggregate  (cost=3964.06..3964.07 rows=1 width=8)
	  ->  Bitmap Heap Scan on sbtest5  (cost=22.96..3961.49 rows=1027 width=4)
	        Recheck Cond: ((id >= 860170) AND (id <= 861169))
	        ->  Bitmap Index Scan on sbtest5_pkey  (cost=0.00..22.70 rows=1027 width=0)
	              Index Cond: ((id >= 860170) AND (id <= 861169))

table 6 : explain SELECT SUM(k) FROM sbtest6 WHERE id BETWEEN 4066651 AND 4067650
	Aggregate  (cost=3603.08..3603.09 rows=1 width=8)
	  ->  Bitmap Heap Scan on sbtest6  (cost=21.98..3600.76 rows=931 width=4)
	        Recheck Cond: ((id >= 4066651) AND (id <= 4067650))
	        ->  Bitmap Index Scan on sbtest6_pkey  (cost=0.00..21.75 rows=931 width=0)
	              Index Cond: ((id >= 4066651) AND (id <= 4067650))

table 7 : explain SELECT SUM(k) FROM sbtest7 WHERE id BETWEEN 6340583 AND 6341582
	Aggregate  (cost=3866.77..3866.78 rows=1 width=8)
	  ->  Bitmap Heap Scan on sbtest7  (cost=22.70..3864.27 rows=1001 width=4)
	        Recheck Cond: ((id >= 6340583) AND (id <= 6341582))
	        ->  Bitmap Index Scan on sbtest7_pkey  (cost=0.00..22.44 rows=1001 width=0)
	              Index Cond: ((id >= 6340583) AND (id <= 6341582))

table 8 : explain SELECT SUM(k) FROM sbtest8 WHERE id BETWEEN 8796378 AND 8797377
	Aggregate  (cost=3815.13..3815.14 rows=1 width=8)
	  ->  Bitmap Heap Scan on sbtest8  (cost=22.55..3812.67 rows=987 width=4)
	        Recheck Cond: ((id >= 8796378) AND (id <= 8797377))
	        ->  Bitmap Index Scan on sbtest8_pkey  (cost=0.00..22.30 rows=987 width=0)
	              Index Cond: ((id >= 8796378) AND (id <= 8797377))

for point_selects
table 1 : explain SELECT c FROM sbtest1 WHERE id=2229328
	Index Scan using sbtest1_pkey on sbtest1  (cost=0.43..8.45 rows=1 width=121)
	  Index Cond: (id = 2229328)

table 2 : explain SELECT c FROM sbtest2 WHERE id=3731831
	Index Scan using sbtest2_pkey on sbtest2  (cost=0.43..8.45 rows=1 width=121)
	  Index Cond: (id = 3731831)

table 3 : explain SELECT c FROM sbtest3 WHERE id=839715
	Index Scan using sbtest3_pkey on sbtest3  (cost=0.43..8.45 rows=1 width=121)
	  Index Cond: (id = 839715)

table 4 : explain SELECT c FROM sbtest4 WHERE id=8431899
	Index Scan using sbtest4_pkey on sbtest4  (cost=0.43..8.45 rows=1 width=121)
	  Index Cond: (id = 8431899)

table 5 : explain SELECT c FROM sbtest5 WHERE id=5191491
	Index Scan using sbtest5_pkey on sbtest5  (cost=0.43..8.45 rows=1 width=121)
	  Index Cond: (id = 5191491)

table 6 : explain SELECT c FROM sbtest6 WHERE id=3724640
	Index Scan using sbtest6_pkey on sbtest6  (cost=0.43..8.45 rows=1 width=121)
	  Index Cond: (id = 3724640)

table 7 : explain SELECT c FROM sbtest7 WHERE id=1335711
	Index Scan using sbtest7_pkey on sbtest7  (cost=0.43..8.45 rows=1 width=121)
	  Index Cond: (id = 1335711)

table 8 : explain SELECT c FROM sbtest8 WHERE id=2841904
	Index Scan using sbtest8_pkey on sbtest8  (cost=0.43..8.45 rows=1 width=121)
	  Index Cond: (id = 2841904)

for point_selects
table 1 : explain SELECT c FROM sbtest1 WHERE id=3568016
	Index Scan using sbtest1_pkey on sbtest1  (cost=0.43..8.45 rows=1 width=121)
	  Index Cond: (id = 3568016)

table 2 : explain SELECT c FROM sbtest2 WHERE id=5661411
	Index Scan using sbtest2_pkey on sbtest2  (cost=0.43..8.45 rows=1 width=121)
	  Index Cond: (id = 5661411)

table 3 : explain SELECT c FROM sbtest3 WHERE id=6127778
	Index Scan using sbtest3_pkey on sbtest3  (cost=0.43..8.45 rows=1 width=121)
	  Index Cond: (id = 6127778)

table 4 : explain SELECT c FROM sbtest4 WHERE id=1772356
	Index Scan using sbtest4_pkey on sbtest4  (cost=0.43..8.45 rows=1 width=121)
	  Index Cond: (id = 1772356)

table 5 : explain SELECT c FROM sbtest5 WHERE id=30382
	Index Scan using sbtest5_pkey on sbtest5  (cost=0.43..8.45 rows=1 width=121)
	  Index Cond: (id = 30382)

table 6 : explain SELECT c FROM sbtest6 WHERE id=5036318
	Index Scan using sbtest6_pkey on sbtest6  (cost=0.43..8.45 rows=1 width=121)
	  Index Cond: (id = 5036318)

table 7 : explain SELECT c FROM sbtest7 WHERE id=1180048
	Index Scan using sbtest7_pkey on sbtest7  (cost=0.43..8.45 rows=1 width=121)
	  Index Cond: (id = 1180048)

table 8 : explain SELECT c FROM sbtest8 WHERE id=3012849
	Index Scan using sbtest8_pkey on sbtest8  (cost=0.43..8.45 rows=1 width=121)
	  Index Cond: (id = 3012849)

for: sum_ranges
table 1 : explain SELECT SUM(k) FROM sbtest1 WHERE id BETWEEN 1143142 AND 1144141
	Aggregate  (cost=3756.04..3756.05 rows=1 width=8)
	  ->  Bitmap Heap Scan on sbtest1  (cost=22.40..3753.61 rows=972 width=4)
	        Recheck Cond: ((id >= 1143142) AND (id <= 1144141))
	        ->  Bitmap Index Scan on sbtest1_pkey  (cost=0.00..22.15 rows=972 width=0)
	              Index Cond: ((id >= 1143142) AND (id <= 1144141))

table 2 : explain SELECT SUM(k) FROM sbtest2 WHERE id BETWEEN 418348 AND 419347
	Aggregate  (cost=3692.05..3692.06 rows=1 width=8)
	  ->  Bitmap Heap Scan on sbtest2  (cost=22.22..3689.66 rows=955 width=4)
	        Recheck Cond: ((id >= 418348) AND (id <= 419347))
	        ->  Bitmap Index Scan on sbtest2_pkey  (cost=0.00..21.98 rows=955 width=0)
	              Index Cond: ((id >= 418348) AND (id <= 419347))

table 3 : explain SELECT SUM(k) FROM sbtest3 WHERE id BETWEEN 5835184 AND 5836183
	Aggregate  (cost=3850.70..3850.71 rows=1 width=8)
	  ->  Bitmap Heap Scan on sbtest3  (cost=22.65..3848.21 rows=997 width=4)
	        Recheck Cond: ((id >= 5835184) AND (id <= 5836183))
	        ->  Bitmap Index Scan on sbtest3_pkey  (cost=0.00..22.40 rows=997 width=0)
	              Index Cond: ((id >= 5835184) AND (id <= 5836183))

table 4 : explain SELECT SUM(k) FROM sbtest4 WHERE id BETWEEN 4250475 AND 4251474
	Aggregate  (cost=3662.45..3662.46 rows=1 width=8)
	  ->  Bitmap Heap Scan on sbtest4  (cost=22.14..3660.08 rows=947 width=4)
	        Recheck Cond: ((id >= 4250475) AND (id <= 4251474))
	        ->  Bitmap Index Scan on sbtest4_pkey  (cost=0.00..21.90 rows=947 width=0)
	              Index Cond: ((id >= 4250475) AND (id <= 4251474))

table 5 : explain SELECT SUM(k) FROM sbtest5 WHERE id BETWEEN 4787094 AND 4788093
	Aggregate  (cost=3541.74..3541.75 rows=1 width=8)
	  ->  Bitmap Heap Scan on sbtest5  (cost=21.81..3539.45 rows=915 width=4)
	        Recheck Cond: ((id >= 4787094) AND (id <= 4788093))
	        ->  Bitmap Index Scan on sbtest5_pkey  (cost=0.00..21.58 rows=915 width=0)
	              Index Cond: ((id >= 4787094) AND (id <= 4788093))

table 6 : explain SELECT SUM(k) FROM sbtest6 WHERE id BETWEEN 1151388 AND 1152387
	Aggregate  (cost=3644.63..3644.64 rows=1 width=8)
	  ->  Bitmap Heap Scan on sbtest6  (cost=22.09..3642.27 rows=942 width=4)
	        Recheck Cond: ((id >= 1151388) AND (id <= 1152387))
	        ->  Bitmap Index Scan on sbtest6_pkey  (cost=0.00..21.86 rows=942 width=0)
	              Index Cond: ((id >= 1151388) AND (id <= 1152387))

table 7 : explain SELECT SUM(k) FROM sbtest7 WHERE id BETWEEN 7289084 AND 7290083
	Aggregate  (cost=4126.43..4126.44 rows=1 width=8)
	  ->  Bitmap Heap Scan on sbtest7  (cost=23.40..4123.76 rows=1070 width=4)
	        Recheck Cond: ((id >= 7289084) AND (id <= 7290083))
	        ->  Bitmap Index Scan on sbtest7_pkey  (cost=0.00..23.14 rows=1070 width=0)
	              Index Cond: ((id >= 7289084) AND (id <= 7290083))

table 8 : explain SELECT SUM(k) FROM sbtest8 WHERE id BETWEEN 1670466 AND 1671465
	Aggregate  (cost=3683.07..3683.08 rows=1 width=8)
	  ->  Bitmap Heap Scan on sbtest8  (cost=22.19..3680.69 rows=952 width=4)
	        Recheck Cond: ((id >= 1670466) AND (id <= 1671465))
	        ->  Bitmap Index Scan on sbtest8_pkey  (cost=0.00..21.95 rows=952 width=0)
	              Index Cond: ((id >= 1670466) AND (id <= 1671465))

for: distinct_ranges
table 1 : explain SELECT DISTINCT c FROM sbtest1 WHERE id BETWEEN 8301760 AND 8302759 ORDER BY c
	Unique  (cost=4114.95..4120.22 rows=1054 width=121)
	  ->  Sort  (cost=4114.95..4117.59 rows=1054 width=121)
	        Sort Key: c
	        ->  Bitmap Heap Scan on sbtest1  (cost=23.24..4062.03 rows=1054 width=121)
	              Recheck Cond: ((id >= 8301760) AND (id <= 8302759))
	              ->  Bitmap Index Scan on sbtest1_pkey  (cost=0.00..22.97 rows=1054 width=0)
	                    Index Cond: ((id >= 8301760) AND (id <= 8302759))

table 2 : explain SELECT DISTINCT c FROM sbtest2 WHERE id BETWEEN 5290251 AND 5291250 ORDER BY c
	Unique  (cost=3851.65..3856.57 rows=985 width=121)
	  ->  Sort  (cost=3851.65..3854.11 rows=985 width=121)
	        Sort Key: c
	        ->  Bitmap Heap Scan on sbtest2  (cost=22.53..3802.67 rows=985 width=121)
	              Recheck Cond: ((id >= 5290251) AND (id <= 5291250))
	              ->  Bitmap Index Scan on sbtest2_pkey  (cost=0.00..22.29 rows=985 width=0)
	                    Index Cond: ((id >= 5290251) AND (id <= 5291250))

table 3 : explain SELECT DISTINCT c FROM sbtest3 WHERE id BETWEEN 7245091 AND 7246090 ORDER BY c
	Unique  (cost=4054.43..4059.62 rows=1038 width=121)
	  ->  Sort  (cost=4054.43..4057.02 rows=1038 width=121)
	        Sort Key: c
	        ->  Bitmap Heap Scan on sbtest3  (cost=23.07..4002.42 rows=1038 width=121)
	              Recheck Cond: ((id >= 7245091) AND (id <= 7246090))
	              ->  Bitmap Index Scan on sbtest3_pkey  (cost=0.00..22.82 rows=1038 width=0)
	                    Index Cond: ((id >= 7245091) AND (id <= 7246090))

table 4 : explain SELECT DISTINCT c FROM sbtest4 WHERE id BETWEEN 9931892 AND 9932891 ORDER BY c
	Unique  (cost=4287.57..4293.06 rows=1099 width=121)
	  ->  Sort  (cost=4287.57..4290.31 rows=1099 width=121)
	        Sort Key: c
	        ->  Bitmap Heap Scan on sbtest4  (cost=27.70..4232.06 rows=1099 width=121)
	              Recheck Cond: ((id >= 9931892) AND (id <= 9932891))
	              ->  Bitmap Index Scan on sbtest4_pkey  (cost=0.00..27.43 rows=1099 width=0)
	                    Index Cond: ((id >= 9931892) AND (id <= 9932891))

table 5 : explain SELECT DISTINCT c FROM sbtest5 WHERE id BETWEEN 1247436 AND 1248435 ORDER BY c
	Unique  (cost=3917.37..3922.38 rows=1002 width=121)
	  ->  Sort  (cost=3917.37..3919.88 rows=1002 width=121)
	        Sort Key: c
	        ->  Bitmap Heap Scan on sbtest5  (cost=22.71..3867.43 rows=1002 width=121)
	              Recheck Cond: ((id >= 1247436) AND (id <= 1248435))
	              ->  Bitmap Index Scan on sbtest5_pkey  (cost=0.00..22.45 rows=1002 width=0)
	                    Index Cond: ((id >= 1247436) AND (id <= 1248435))

table 6 : explain SELECT DISTINCT c FROM sbtest6 WHERE id BETWEEN 4072745 AND 4073744 ORDER BY c
	Unique  (cost=3646.67..3651.32 rows=931 width=121)
	  ->  Sort  (cost=3646.67..3649.00 rows=931 width=121)
	        Sort Key: c
	        ->  Bitmap Heap Scan on sbtest6  (cost=21.98..3600.76 rows=931 width=121)
	              Recheck Cond: ((id >= 4072745) AND (id <= 4073744))
	              ->  Bitmap Index Scan on sbtest6_pkey  (cost=0.00..21.75 rows=931 width=0)
	                    Index Cond: ((id >= 4072745) AND (id <= 4073744))

table 7 : explain SELECT DISTINCT c FROM sbtest7 WHERE id BETWEEN 9234856 AND 9235855 ORDER BY c
	Unique  (cost=4166.15..4171.49 rows=1067 width=121)
	  ->  Sort  (cost=4166.15..4168.82 rows=1067 width=121)
	        Sort Key: c
	        ->  Bitmap Heap Scan on sbtest7  (cost=23.37..4112.49 rows=1067 width=121)
	              Recheck Cond: ((id >= 9234856) AND (id <= 9235855))
	              ->  Bitmap Index Scan on sbtest7_pkey  (cost=0.00..23.11 rows=1067 width=0)
	                    Index Cond: ((id >= 9234856) AND (id <= 9235855))

table 8 : explain SELECT DISTINCT c FROM sbtest8 WHERE id BETWEEN 7653081 AND 7654080 ORDER BY c
	Unique  (cost=3712.46..3717.20 rows=948 width=121)
	  ->  Sort  (cost=3712.46..3714.83 rows=948 width=121)
	        Sort Key: c
	        ->  Bitmap Heap Scan on sbtest8  (cost=22.15..3665.59 rows=948 width=121)
	              Recheck Cond: ((id >= 7653081) AND (id <= 7654080))
	              ->  Bitmap Index Scan on sbtest8_pkey  (cost=0.00..21.91 rows=948 width=0)
	                    Index Cond: ((id >= 7653081) AND (id <= 7654080))

for: sum_ranges
table 1 : explain SELECT SUM(k) FROM sbtest1 WHERE id BETWEEN 6552692 AND 6553691
	Aggregate  (cost=3567.41..3567.42 rows=1 width=8)
	  ->  Bitmap Heap Scan on sbtest1  (cost=21.89..3565.10 rows=922 width=4)
	        Recheck Cond: ((id >= 6552692) AND (id <= 6553691))
	        ->  Bitmap Index Scan on sbtest1_pkey  (cost=0.00..21.65 rows=922 width=0)
	              Index Cond: ((id >= 6552692) AND (id <= 6553691))

table 2 : explain SELECT SUM(k) FROM sbtest2 WHERE id BETWEEN 8726475 AND 8727474
	Aggregate  (cost=3556.18..3556.19 rows=1 width=8)
	  ->  Bitmap Heap Scan on sbtest2  (cost=21.85..3553.88 rows=919 width=4)
	        Recheck Cond: ((id >= 8726475) AND (id <= 8727474))
	        ->  Bitmap Index Scan on sbtest2_pkey  (cost=0.00..21.62 rows=919 width=0)
	              Index Cond: ((id >= 8726475) AND (id <= 8727474))

table 3 : explain SELECT SUM(k) FROM sbtest3 WHERE id BETWEEN 7670839 AND 7671838
	Aggregate  (cost=3699.93..3699.94 rows=1 width=8)
	  ->  Bitmap Heap Scan on sbtest3  (cost=22.24..3697.54 rows=957 width=4)
	        Recheck Cond: ((id >= 7670839) AND (id <= 7671838))
	        ->  Bitmap Index Scan on sbtest3_pkey  (cost=0.00..22.00 rows=957 width=0)
	              Index Cond: ((id >= 7670839) AND (id <= 7671838))

table 4 : explain SELECT SUM(k) FROM sbtest4 WHERE id BETWEEN 706396 AND 707395
	Aggregate  (cost=4091.79..4091.80 rows=1 width=8)
	  ->  Bitmap Heap Scan on sbtest4  (cost=23.31..4089.14 rows=1061 width=4)
	        Recheck Cond: ((id >= 706396) AND (id <= 707395))
	        ->  Bitmap Index Scan on sbtest4_pkey  (cost=0.00..23.04 rows=1061 width=0)
	              Index Cond: ((id >= 706396) AND (id <= 707395))

table 5 : explain SELECT SUM(k) FROM sbtest5 WHERE id BETWEEN 3598609 AND 3599608
	Aggregate  (cost=4219.94..4219.95 rows=1 width=8)
	  ->  Bitmap Heap Scan on sbtest5  (cost=27.66..4217.20 rows=1095 width=4)
	        Recheck Cond: ((id >= 3598609) AND (id <= 3599608))
	        ->  Bitmap Index Scan on sbtest5_pkey  (cost=0.00..27.39 rows=1095 width=0)
	              Index Cond: ((id >= 3598609) AND (id <= 3599608))

table 6 : explain SELECT SUM(k) FROM sbtest6 WHERE id BETWEEN 3284670 AND 3285669
	Aggregate  (cost=3629.52..3629.53 rows=1 width=8)
	  ->  Bitmap Heap Scan on sbtest6  (cost=22.05..3627.18 rows=938 width=4)
	        Recheck Cond: ((id >= 3284670) AND (id <= 3285669))
	        ->  Bitmap Index Scan on sbtest6_pkey  (cost=0.00..21.82 rows=938 width=0)
	              Index Cond: ((id >= 3284670) AND (id <= 3285669))

table 7 : explain SELECT SUM(k) FROM sbtest7 WHERE id BETWEEN 3964320 AND 3965319
	Aggregate  (cost=4186.56..4186.57 rows=1 width=8)
	  ->  Bitmap Heap Scan on sbtest7  (cost=23.57..4183.84 rows=1086 width=4)
	        Recheck Cond: ((id >= 3964320) AND (id <= 3965319))
	        ->  Bitmap Index Scan on sbtest7_pkey  (cost=0.00..23.29 rows=1086 width=0)
	              Index Cond: ((id >= 3964320) AND (id <= 3965319))

table 8 : explain SELECT SUM(k) FROM sbtest8 WHERE id BETWEEN 5330288 AND 5331287
	Aggregate  (cost=3969.64..3969.65 rows=1 width=8)
	  ->  Bitmap Heap Scan on sbtest8  (cost=22.97..3967.07 rows=1028 width=4)
	        Recheck Cond: ((id >= 5330288) AND (id <= 5331287))
	        ->  Bitmap Index Scan on sbtest8_pkey  (cost=0.00..22.71 rows=1028 width=0)
	              Index Cond: ((id >= 5330288) AND (id <= 5331287))

for: distinct_ranges
table 1 : explain SELECT DISTINCT c FROM sbtest1 WHERE id BETWEEN 101165 AND 102164 ORDER BY c
	Unique  (cost=3583.69..3588.27 rows=915 width=121)
	  ->  Sort  (cost=3583.69..3585.98 rows=915 width=121)
	        Sort Key: c
	        ->  Bitmap Heap Scan on sbtest1  (cost=21.81..3538.69 rows=915 width=121)
	              Recheck Cond: ((id >= 101165) AND (id <= 102164))
	              ->  Bitmap Index Scan on sbtest1_pkey  (cost=0.00..21.58 rows=915 width=0)
	                    Index Cond: ((id >= 101165) AND (id <= 102164))

table 2 : explain SELECT DISTINCT c FROM sbtest2 WHERE id BETWEEN 6378751 AND 6379750 ORDER BY c
	Unique  (cost=3702.49..3707.22 rows=946 width=121)
	  ->  Sort  (cost=3702.49..3704.86 rows=946 width=121)
	        Sort Key: c
	        ->  Bitmap Heap Scan on sbtest2  (cost=22.13..3655.73 rows=946 width=121)
	              Recheck Cond: ((id >= 6378751) AND (id <= 6379750))
	              ->  Bitmap Index Scan on sbtest2_pkey  (cost=0.00..21.89 rows=946 width=0)
	                    Index Cond: ((id >= 6378751) AND (id <= 6379750))

table 3 : explain SELECT DISTINCT c FROM sbtest3 WHERE id BETWEEN 4536332 AND 4537331 ORDER BY c
	Unique  (cost=3905.51..3910.50 rows=999 width=121)
	  ->  Sort  (cost=3905.51..3908.00 rows=999 width=121)
	        Sort Key: c
	        ->  Bitmap Heap Scan on sbtest3  (cost=22.67..3855.73 rows=999 width=121)
	              Recheck Cond: ((id >= 4536332) AND (id <= 4537331))
	              ->  Bitmap Index Scan on sbtest3_pkey  (cost=0.00..22.43 rows=999 width=0)
	                    Index Cond: ((id >= 4536332) AND (id <= 4537331))

table 4 : explain SELECT DISTINCT c FROM sbtest4 WHERE id BETWEEN 4289349 AND 4290348 ORDER BY c
	Unique  (cost=3947.80..3952.85 rows=1010 width=121)
	  ->  Sort  (cost=3947.80..3950.33 rows=1010 width=121)
	        Sort Key: c
	        ->  Bitmap Heap Scan on sbtest4  (cost=22.79..3897.40 rows=1010 width=121)
	              Recheck Cond: ((id >= 4289349) AND (id <= 4290348))
	              ->  Bitmap Index Scan on sbtest4_pkey  (cost=0.00..22.54 rows=1010 width=0)
	                    Index Cond: ((id >= 4289349) AND (id <= 4290348))

table 5 : explain SELECT DISTINCT c FROM sbtest5 WHERE id BETWEEN 1003990 AND 1004989 ORDER BY c
	Unique  (cost=4024.31..4029.46 rows=1030 width=121)
	  ->  Sort  (cost=4024.31..4026.89 rows=1030 width=121)
	        Sort Key: c
	        ->  Bitmap Heap Scan on sbtest5  (cost=22.99..3972.77 rows=1030 width=121)
	              Recheck Cond: ((id >= 1003990) AND (id <= 1004989))
	              ->  Bitmap Index Scan on sbtest5_pkey  (cost=0.00..22.73 rows=1030 width=0)
	                    Index Cond: ((id >= 1003990) AND (id <= 1004989))

table 6 : explain SELECT DISTINCT c FROM sbtest6 WHERE id BETWEEN 3071956 AND 3072955 ORDER BY c
	Unique  (cost=4044.47..4049.64 rows=1035 width=121)
	  ->  Sort  (cost=4044.47..4047.05 rows=1035 width=121)
	        Sort Key: c
	        ->  Bitmap Heap Scan on sbtest6  (cost=23.04..3992.64 rows=1035 width=121)
	              Recheck Cond: ((id >= 3071956) AND (id <= 3072955))
	              ->  Bitmap Index Scan on sbtest6_pkey  (cost=0.00..22.79 rows=1035 width=0)
	                    Index Cond: ((id >= 3071956) AND (id <= 3072955))

table 7 : explain SELECT DISTINCT c FROM sbtest7 WHERE id BETWEEN 6349918 AND 6350917 ORDER BY c
	Unique  (cost=4097.48..4102.72 rows=1049 width=121)
	  ->  Sort  (cost=4097.48..4100.10 rows=1049 width=121)
	        Sort Key: c
	        ->  Bitmap Heap Scan on sbtest7  (cost=23.19..4044.85 rows=1049 width=121)
	              Recheck Cond: ((id >= 6349918) AND (id <= 6350917))
	              ->  Bitmap Index Scan on sbtest7_pkey  (cost=0.00..22.93 rows=1049 width=0)
	                    Index Cond: ((id >= 6349918) AND (id <= 6350917))

table 8 : explain SELECT DISTINCT c FROM sbtest8 WHERE id BETWEEN 3657821 AND 3658820 ORDER BY c
	Unique  (cost=4255.33..4260.78 rows=1089 width=121)
	  ->  Sort  (cost=4255.33..4258.06 rows=1089 width=121)
	        Sort Key: c
	        ->  Bitmap Heap Scan on sbtest8  (cost=27.60..4200.40 rows=1089 width=121)
	              Recheck Cond: ((id >= 3657821) AND (id <= 3658820))
	              ->  Bitmap Index Scan on sbtest8_pkey  (cost=0.00..27.32 rows=1089 width=0)
	                    Index Cond: ((id >= 3657821) AND (id <= 3658820))

for: order_ranges
table 1 : explain SELECT c FROM sbtest1 WHERE id BETWEEN 7045502 AND 7046501 ORDER BY c
	Sort  (cost=3564.54..3566.81 rows=910 width=121)
	  Sort Key: c
	  ->  Bitmap Heap Scan on sbtest1  (cost=21.76..3519.81 rows=910 width=121)
	        Recheck Cond: ((id >= 7045502) AND (id <= 7046501))
	        ->  Bitmap Index Scan on sbtest1_pkey  (cost=0.00..21.54 rows=910 width=0)
	              Index Cond: ((id >= 7045502) AND (id <= 7046501))

table 2 : explain SELECT c FROM sbtest2 WHERE id BETWEEN 8966037 AND 8967036 ORDER BY c
	Sort  (cost=3717.80..3720.17 rows=950 width=121)
	  Sort Key: c
	  ->  Bitmap Heap Scan on sbtest2  (cost=22.17..3670.81 rows=950 width=121)
	        Recheck Cond: ((id >= 8966037) AND (id <= 8967036))
	        ->  Bitmap Index Scan on sbtest2_pkey  (cost=0.00..21.93 rows=950 width=0)
	              Index Cond: ((id >= 8966037) AND (id <= 8967036))

table 3 : explain SELECT c FROM sbtest3 WHERE id BETWEEN 9428542 AND 9429541 ORDER BY c
	Sort  (cost=3775.52..3777.94 rows=965 width=121)
	  Sort Key: c
	  ->  Bitmap Heap Scan on sbtest3  (cost=22.33..3727.69 rows=965 width=121)
	        Recheck Cond: ((id >= 9428542) AND (id <= 9429541))
	        ->  Bitmap Index Scan on sbtest3_pkey  (cost=0.00..22.08 rows=965 width=0)
	              Index Cond: ((id >= 9428542) AND (id <= 9429541))

table 4 : explain SELECT c FROM sbtest4 WHERE id BETWEEN 8819767 AND 8820766 ORDER BY c
	Sort  (cost=3844.62..3847.08 rows=983 width=121)
	  Sort Key: c
	  ->  Bitmap Heap Scan on sbtest4  (cost=22.51..3795.76 rows=983 width=121)
	        Recheck Cond: ((id >= 8819767) AND (id <= 8820766))
	        ->  Bitmap Index Scan on sbtest4_pkey  (cost=0.00..22.26 rows=983 width=0)
	              Index Cond: ((id >= 8819767) AND (id <= 8820766))

table 5 : explain SELECT c FROM sbtest5 WHERE id BETWEEN 9465299 AND 9466298 ORDER BY c
	Sort  (cost=3707.02..3709.39 rows=947 width=121)
	  Sort Key: c
	  ->  Bitmap Heap Scan on sbtest5  (cost=22.14..3660.21 rows=947 width=121)
	        Recheck Cond: ((id >= 9465299) AND (id <= 9466298))
	        ->  Bitmap Index Scan on sbtest5_pkey  (cost=0.00..21.90 rows=947 width=0)
	              Index Cond: ((id >= 9465299) AND (id <= 9466298))

table 6 : explain SELECT c FROM sbtest6 WHERE id BETWEEN 5682383 AND 5683382 ORDER BY c
	Sort  (cost=3948.96..3951.49 rows=1010 width=121)
	  Sort Key: c
	  ->  Bitmap Heap Scan on sbtest6  (cost=22.79..3898.56 rows=1010 width=121)
	        Recheck Cond: ((id >= 5682383) AND (id <= 5683382))
	        ->  Bitmap Index Scan on sbtest6_pkey  (cost=0.00..22.54 rows=1010 width=0)
	              Index Cond: ((id >= 5682383) AND (id <= 5683382))

table 7 : explain SELECT c FROM sbtest7 WHERE id BETWEEN 4519322 AND 4520321 ORDER BY c
	Sort  (cost=3868.28..3870.75 rows=989 width=121)
	  Sort Key: c
	  ->  Bitmap Heap Scan on sbtest7  (cost=22.57..3819.08 rows=989 width=121)
	        Recheck Cond: ((id >= 4519322) AND (id <= 4520321))
	        ->  Bitmap Index Scan on sbtest7_pkey  (cost=0.00..22.32 rows=989 width=0)
	              Index Cond: ((id >= 4519322) AND (id <= 4520321))

table 8 : explain SELECT c FROM sbtest8 WHERE id BETWEEN 1466108 AND 1467107 ORDER BY c
	Sort  (cost=3743.10..3745.49 rows=956 width=121)
	  Sort Key: c
	  ->  Bitmap Heap Scan on sbtest8  (cost=22.23..3695.78 rows=956 width=121)
	        Recheck Cond: ((id >= 1466108) AND (id <= 1467107))
	        ->  Bitmap Index Scan on sbtest8_pkey  (cost=0.00..22.00 rows=956 width=0)
	              Index Cond: ((id >= 1466108) AND (id <= 1467107))

for: simple_ranges
table 1 : explain SELECT c FROM sbtest1 WHERE id BETWEEN 5885319 AND 5886318
	Bitmap Heap Scan on sbtest1  (cost=23.52..4163.40 rows=1081 width=121)
	  Recheck Cond: ((id >= 5885319) AND (id <= 5886318))
	  ->  Bitmap Index Scan on sbtest1_pkey  (cost=0.00..23.25 rows=1081 width=0)
	        Index Cond: ((id >= 5885319) AND (id <= 5886318))

table 2 : explain SELECT c FROM sbtest2 WHERE id BETWEEN 6972146 AND 6973145
	Bitmap Heap Scan on sbtest2  (cost=23.40..4122.24 rows=1070 width=121)
	  Recheck Cond: ((id >= 6972146) AND (id <= 6973145))
	  ->  Bitmap Index Scan on sbtest2_pkey  (cost=0.00..23.14 rows=1070 width=0)
	        Index Cond: ((id >= 6972146) AND (id <= 6973145))

table 3 : explain SELECT c FROM sbtest3 WHERE id BETWEEN 5840639 AND 5841638
	Bitmap Heap Scan on sbtest3  (cost=22.65..3848.21 rows=997 width=121)
	  Recheck Cond: ((id >= 5840639) AND (id <= 5841638))
	  ->  Bitmap Index Scan on sbtest3_pkey  (cost=0.00..22.40 rows=997 width=0)
	        Index Cond: ((id >= 5840639) AND (id <= 5841638))

table 4 : explain SELECT c FROM sbtest4 WHERE id BETWEEN 8715493 AND 8716492
	Bitmap Heap Scan on sbtest4  (cost=22.64..3844.71 rows=996 width=121)
	  Recheck Cond: ((id >= 8715493) AND (id <= 8716492))
	  ->  Bitmap Index Scan on sbtest4_pkey  (cost=0.00..22.39 rows=996 width=0)
	        Index Cond: ((id >= 8715493) AND (id <= 8716492))

table 5 : explain SELECT c FROM sbtest5 WHERE id BETWEEN 3507099 AND 3508098
	Bitmap Heap Scan on sbtest5  (cost=22.67..3856.13 rows=999 width=121)
	  Recheck Cond: ((id >= 3507099) AND (id <= 3508098))
	  ->  Bitmap Index Scan on sbtest5_pkey  (cost=0.00..22.43 rows=999 width=0)
	        Index Cond: ((id >= 3507099) AND (id <= 3508098))

table 6 : explain SELECT c FROM sbtest6 WHERE id BETWEEN 3885431 AND 3886430
	Bitmap Heap Scan on sbtest6  (cost=23.20..4049.04 rows=1050 width=121)
	  Recheck Cond: ((id >= 3885431) AND (id <= 3886430))
	  ->  Bitmap Index Scan on sbtest6_pkey  (cost=0.00..22.93 rows=1050 width=0)
	        Index Cond: ((id >= 3885431) AND (id <= 3886430))

table 7 : explain SELECT c FROM sbtest7 WHERE id BETWEEN 1771132 AND 1772131
	Bitmap Heap Scan on sbtest7  (cost=22.33..3728.64 rows=965 width=121)
	  Recheck Cond: ((id >= 1771132) AND (id <= 1772131))
	  ->  Bitmap Index Scan on sbtest7_pkey  (cost=0.00..22.08 rows=965 width=0)
	        Index Cond: ((id >= 1771132) AND (id <= 1772131))

table 8 : explain SELECT c FROM sbtest8 WHERE id BETWEEN 3605878 AND 3606877
	Bitmap Heap Scan on sbtest8  (cost=22.92..3948.25 rows=1023 width=121)
	  Recheck Cond: ((id >= 3605878) AND (id <= 3606877))
	  ->  Bitmap Index Scan on sbtest8_pkey  (cost=0.00..22.66 rows=1023 width=0)
	        Index Cond: ((id >= 3605878) AND (id <= 3606877))

for: simple_ranges
table 1 : explain SELECT c FROM sbtest1 WHERE id BETWEEN 6582107 AND 6583106
	Bitmap Heap Scan on sbtest1  (cost=21.89..3565.10 rows=922 width=121)
	  Recheck Cond: ((id >= 6582107) AND (id <= 6583106))
	  ->  Bitmap Index Scan on sbtest1_pkey  (cost=0.00..21.65 rows=922 width=0)
	        Index Cond: ((id >= 6582107) AND (id <= 6583106))

table 2 : explain SELECT c FROM sbtest2 WHERE id BETWEEN 5006494 AND 5007493
	Bitmap Heap Scan on sbtest2  (cost=23.13..4020.83 rows=1043 width=121)
	  Recheck Cond: ((id >= 5006494) AND (id <= 5007493))
	  ->  Bitmap Index Scan on sbtest2_pkey  (cost=0.00..22.86 rows=1043 width=0)
	        Index Cond: ((id >= 5006494) AND (id <= 5007493))

table 3 : explain SELECT c FROM sbtest3 WHERE id BETWEEN 4524544 AND 4525543
	Bitmap Heap Scan on sbtest3  (cost=23.28..4077.57 rows=1058 width=121)
	  Recheck Cond: ((id >= 4524544) AND (id <= 4525543))
	  ->  Bitmap Index Scan on sbtest3_pkey  (cost=0.00..23.01 rows=1058 width=0)
	        Index Cond: ((id >= 4524544) AND (id <= 4525543))

table 4 : explain SELECT c FROM sbtest4 WHERE id BETWEEN 2020470 AND 2021469
	Bitmap Heap Scan on sbtest4  (cost=23.46..4145.47 rows=1076 width=121)
	  Recheck Cond: ((id >= 2020470) AND (id <= 2021469))
	  ->  Bitmap Index Scan on sbtest4_pkey  (cost=0.00..23.19 rows=1076 width=0)
	        Index Cond: ((id >= 2020470) AND (id <= 2021469))

table 5 : explain SELECT c FROM sbtest5 WHERE id BETWEEN 1507288 AND 1508287
	Bitmap Heap Scan on sbtest5  (cost=22.94..3953.97 rows=1025 width=121)
	  Recheck Cond: ((id >= 1507288) AND (id <= 1508287))
	  ->  Bitmap Index Scan on sbtest5_pkey  (cost=0.00..22.68 rows=1025 width=0)
	        Index Cond: ((id >= 1507288) AND (id <= 1508287))

table 6 : explain SELECT c FROM sbtest6 WHERE id BETWEEN 4919878 AND 4920877
	Bitmap Heap Scan on sbtest6  (cost=22.38..3747.88 rows=970 width=121)
	  Recheck Cond: ((id >= 4919878) AND (id <= 4920877))
	  ->  Bitmap Index Scan on sbtest6_pkey  (cost=0.00..22.14 rows=970 width=0)
	        Index Cond: ((id >= 4919878) AND (id <= 4920877))

table 7 : explain SELECT c FROM sbtest7 WHERE id BETWEEN 6077492 AND 6078491
	Bitmap Heap Scan on sbtest7  (cost=22.48..3785.18 rows=980 width=121)
	  Recheck Cond: ((id >= 6077492) AND (id <= 6078491))
	  ->  Bitmap Index Scan on sbtest7_pkey  (cost=0.00..22.23 rows=980 width=0)
	        Index Cond: ((id >= 6077492) AND (id <= 6078491))

table 8 : explain SELECT c FROM sbtest8 WHERE id BETWEEN 5712336 AND 5713335
	Bitmap Heap Scan on sbtest8  (cost=21.96..3593.87 rows=929 width=121)
	  Recheck Cond: ((id >= 5712336) AND (id <= 5713335))
	  ->  Bitmap Index Scan on sbtest8_pkey  (cost=0.00..21.72 rows=929 width=0)
	        Index Cond: ((id >= 5712336) AND (id <= 5713335))

for: order_ranges
table 1 : explain SELECT c FROM sbtest1 WHERE id BETWEEN 9141009 AND 9142008 ORDER BY c
	Sort  (cost=4050.11..4052.70 rows=1037 width=121)
	  Sort Key: c
	  ->  Bitmap Heap Scan on sbtest1  (cost=23.06..3998.16 rows=1037 width=121)
	        Recheck Cond: ((id >= 9141009) AND (id <= 9142008))
	        ->  Bitmap Index Scan on sbtest1_pkey  (cost=0.00..22.80 rows=1037 width=0)
	              Index Cond: ((id >= 9141009) AND (id <= 9142008))

table 2 : explain SELECT c FROM sbtest2 WHERE id BETWEEN 9130988 AND 9131987 ORDER BY c
	Sort  (cost=4054.04..4056.64 rows=1038 width=121)
	  Sort Key: c
	  ->  Bitmap Heap Scan on sbtest2  (cost=23.07..4002.04 rows=1038 width=121)
	        Recheck Cond: ((id >= 9130988) AND (id <= 9131987))
	        ->  Bitmap Index Scan on sbtest2_pkey  (cost=0.00..22.82 rows=1038 width=0)
	              Index Cond: ((id >= 9130988) AND (id <= 9131987))

table 3 : explain SELECT c FROM sbtest3 WHERE id BETWEEN 5198371 AND 5199370 ORDER BY c
	Sort  (cost=3702.82..3705.19 rows=946 width=121)
	  Sort Key: c
	  ->  Bitmap Heap Scan on sbtest3  (cost=22.13..3656.06 rows=946 width=121)
	        Recheck Cond: ((id >= 5198371) AND (id <= 5199370))
	        ->  Bitmap Index Scan on sbtest3_pkey  (cost=0.00..21.89 rows=946 width=0)
	              Index Cond: ((id >= 5198371) AND (id <= 5199370))

table 4 : explain SELECT c FROM sbtest4 WHERE id BETWEEN 2615561 AND 2616560 ORDER BY c
	Sort  (cost=3913.42..3915.92 rows=1001 width=121)
	  Sort Key: c
	  ->  Bitmap Heap Scan on sbtest4  (cost=22.70..3863.53 rows=1001 width=121)
	        Recheck Cond: ((id >= 2615561) AND (id <= 2616560))
	        ->  Bitmap Index Scan on sbtest4_pkey  (cost=0.00..22.44 rows=1001 width=0)
	              Index Cond: ((id >= 2615561) AND (id <= 2616560))

table 5 : explain SELECT c FROM sbtest5 WHERE id BETWEEN 2818256 AND 2819255 ORDER BY c
	Sort  (cost=3955.58..3958.11 rows=1012 width=121)
	  Sort Key: c
	  ->  Bitmap Heap Scan on sbtest5  (cost=22.81..3905.06 rows=1012 width=121)
	        Recheck Cond: ((id >= 2818256) AND (id <= 2819255))
	        ->  Bitmap Index Scan on sbtest5_pkey  (cost=0.00..22.55 rows=1012 width=0)
	              Index Cond: ((id >= 2818256) AND (id <= 2819255))

table 6 : explain SELECT c FROM sbtest6 WHERE id BETWEEN 6689888 AND 6690887 ORDER BY c
	Sort  (cost=3669.65..3672.00 rows=937 width=121)
	  Sort Key: c
	  ->  Bitmap Heap Scan on sbtest6  (cost=22.04..3623.40 rows=937 width=121)
	        Recheck Cond: ((id >= 6689888) AND (id <= 6690887))
	        ->  Bitmap Index Scan on sbtest6_pkey  (cost=0.00..21.80 rows=937 width=0)
	              Index Cond: ((id >= 6689888) AND (id <= 6690887))

table 7 : explain SELECT c FROM sbtest7 WHERE id BETWEEN 5804163 AND 5805162 ORDER BY c
	Sort  (cost=3703.75..3706.12 rows=946 width=121)
	  Sort Key: c
	  ->  Bitmap Heap Scan on sbtest7  (cost=22.13..3656.99 rows=946 width=121)
	        Recheck Cond: ((id >= 5804163) AND (id <= 5805162))
	        ->  Bitmap Index Scan on sbtest7_pkey  (cost=0.00..21.89 rows=946 width=0)
	              Index Cond: ((id >= 5804163) AND (id <= 5805162))

table 8 : explain SELECT c FROM sbtest8 WHERE id BETWEEN 1463897 AND 1464896 ORDER BY c
	Sort  (cost=3743.10..3745.49 rows=956 width=121)
	  Sort Key: c
	  ->  Bitmap Heap Scan on sbtest8  (cost=22.23..3695.78 rows=956 width=121)
	        Recheck Cond: ((id >= 1463897) AND (id <= 1464896))
	        ->  Bitmap Index Scan on sbtest8_pkey  (cost=0.00..22.00 rows=956 width=0)
	              Index Cond: ((id >= 1463897) AND (id <= 1464896))

for: sum_ranges
table 1 : explain SELECT SUM(k) FROM sbtest1 WHERE id BETWEEN 6518846 AND 6519845
	Aggregate  (cost=3823.86..3823.87 rows=1 width=8)
	  ->  Bitmap Heap Scan on sbtest1  (cost=22.58..3821.38 rows=990 width=4)
	        Recheck Cond: ((id >= 6518846) AND (id <= 6519845))
	        ->  Bitmap Index Scan on sbtest1_pkey  (cost=0.00..22.33 rows=990 width=0)
	              Index Cond: ((id >= 6518846) AND (id <= 6519845))

table 2 : explain SELECT SUM(k) FROM sbtest2 WHERE id BETWEEN 885024 AND 886023
	Aggregate  (cost=3635.46..3635.47 rows=1 width=8)
	  ->  Bitmap Heap Scan on sbtest2  (cost=22.07..3633.11 rows=940 width=4)
	        Recheck Cond: ((id >= 885024) AND (id <= 886023))
	        ->  Bitmap Index Scan on sbtest2_pkey  (cost=0.00..21.83 rows=940 width=0)
	              Index Cond: ((id >= 885024) AND (id <= 886023))

table 3 : explain SELECT SUM(k) FROM sbtest3 WHERE id BETWEEN 2377202 AND 2378201
	Aggregate  (cost=4275.78..4275.79 rows=1 width=8)
	  ->  Bitmap Heap Scan on sbtest3  (cost=27.81..4273.00 rows=1110 width=4)
	        Recheck Cond: ((id >= 2377202) AND (id <= 2378201))
	        ->  Bitmap Index Scan on sbtest3_pkey  (cost=0.00..27.54 rows=1110 width=0)
	              Index Cond: ((id >= 2377202) AND (id <= 2378201))

table 4 : explain SELECT SUM(k) FROM sbtest4 WHERE id BETWEEN 6564792 AND 6565791
	Aggregate  (cost=3530.29..3530.30 rows=1 width=8)
	  ->  Bitmap Heap Scan on sbtest4  (cost=21.78..3528.01 rows=912 width=4)
	        Recheck Cond: ((id >= 6564792) AND (id <= 6565791))
	        ->  Bitmap Index Scan on sbtest4_pkey  (cost=0.00..21.55 rows=912 width=0)
	              Index Cond: ((id >= 6564792) AND (id <= 6565791))

table 5 : explain SELECT SUM(k) FROM sbtest5 WHERE id BETWEEN 2604091 AND 2605090
	Aggregate  (cost=3704.08..3704.09 rows=1 width=8)
	  ->  Bitmap Heap Scan on sbtest5  (cost=22.25..3701.68 rows=958 width=4)
	        Recheck Cond: ((id >= 2604091) AND (id <= 2605090))
	        ->  Bitmap Index Scan on sbtest5_pkey  (cost=0.00..22.01 rows=958 width=0)
	              Index Cond: ((id >= 2604091) AND (id <= 2605090))

table 6 : explain SELECT SUM(k) FROM sbtest6 WHERE id BETWEEN 2819474 AND 2820473
	Aggregate  (cost=3844.57..3844.58 rows=1 width=8)
	  ->  Bitmap Heap Scan on sbtest6  (cost=22.63..3842.08 rows=995 width=4)
	        Recheck Cond: ((id >= 2819474) AND (id <= 2820473))
	        ->  Bitmap Index Scan on sbtest6_pkey  (cost=0.00..22.39 rows=995 width=0)
	              Index Cond: ((id >= 2819474) AND (id <= 2820473))

table 7 : explain SELECT SUM(k) FROM sbtest7 WHERE id BETWEEN 8099425 AND 8100424
	Aggregate  (cost=3923.27..3923.28 rows=1 width=8)
	  ->  Bitmap Heap Scan on sbtest7  (cost=22.85..3920.73 rows=1016 width=4)
	        Recheck Cond: ((id >= 8099425) AND (id <= 8100424))
	        ->  Bitmap Index Scan on sbtest7_pkey  (cost=0.00..22.59 rows=1016 width=0)
	              Index Cond: ((id >= 8099425) AND (id <= 8100424))

table 8 : explain SELECT SUM(k) FROM sbtest8 WHERE id BETWEEN 1581274 AND 1582273
	Aggregate  (cost=3875.46..3875.47 rows=1 width=8)
	  ->  Bitmap Heap Scan on sbtest8  (cost=22.72..3872.95 rows=1003 width=4)
	        Recheck Cond: ((id >= 1581274) AND (id <= 1582273))
	        ->  Bitmap Index Scan on sbtest8_pkey  (cost=0.00..22.46 rows=1003 width=0)
	              Index Cond: ((id >= 1581274) AND (id <= 1582273))

for: sum_ranges
table 1 : explain SELECT SUM(k) FROM sbtest1 WHERE id BETWEEN 2447346 AND 2448345
	Aggregate  (cost=4053.39..4053.40 rows=1 width=8)
	  ->  Bitmap Heap Scan on sbtest1  (cost=23.21..4050.76 rows=1051 width=4)
	        Recheck Cond: ((id >= 2447346) AND (id <= 2448345))
	        ->  Bitmap Index Scan on sbtest1_pkey  (cost=0.00..22.94 rows=1051 width=0)
	              Index Cond: ((id >= 2447346) AND (id <= 2448345))

table 2 : explain SELECT SUM(k) FROM sbtest2 WHERE id BETWEEN 4164522 AND 4165521
	Aggregate  (cost=3661.87..3661.88 rows=1 width=8)
	  ->  Bitmap Heap Scan on sbtest2  (cost=22.14..3659.50 rows=947 width=4)
	        Recheck Cond: ((id >= 4164522) AND (id <= 4165521))
	        ->  Bitmap Index Scan on sbtest2_pkey  (cost=0.00..21.90 rows=947 width=0)
	              Index Cond: ((id >= 4164522) AND (id <= 4165521))

table 3 : explain SELECT SUM(k) FROM sbtest3 WHERE id BETWEEN 1895278 AND 1896277
	Aggregate  (cost=3790.42..3790.43 rows=1 width=8)
	  ->  Bitmap Heap Scan on sbtest3  (cost=22.49..3787.96 rows=981 width=4)
	        Recheck Cond: ((id >= 1895278) AND (id <= 1896277))
	        ->  Bitmap Index Scan on sbtest3_pkey  (cost=0.00..22.25 rows=981 width=0)
	              Index Cond: ((id >= 1895278) AND (id <= 1896277))

table 4 : explain SELECT SUM(k) FROM sbtest4 WHERE id BETWEEN 9026980 AND 9027979
	Aggregate  (cost=3673.77..3673.78 rows=1 width=8)
	  ->  Bitmap Heap Scan on sbtest4  (cost=22.17..3671.40 rows=950 width=4)
	        Recheck Cond: ((id >= 9026980) AND (id <= 9027979))
	        ->  Bitmap Index Scan on sbtest4_pkey  (cost=0.00..21.93 rows=950 width=0)
	              Index Cond: ((id >= 9026980) AND (id <= 9027979))

table 5 : explain SELECT SUM(k) FROM sbtest5 WHERE id BETWEEN 5182332 AND 5183331
	Aggregate  (cost=4242.47..4242.48 rows=1 width=8)
	  ->  Bitmap Heap Scan on sbtest5  (cost=27.72..4239.71 rows=1101 width=4)
	        Recheck Cond: ((id >= 5182332) AND (id <= 5183331))
	        ->  Bitmap Index Scan on sbtest5_pkey  (cost=0.00..27.44 rows=1101 width=0)
	              Index Cond: ((id >= 5182332) AND (id <= 5183331))

table 6 : explain SELECT SUM(k) FROM sbtest6 WHERE id BETWEEN 6538760 AND 6539759
	Aggregate  (cost=4187.26..4187.27 rows=1 width=8)
	  ->  Bitmap Heap Scan on sbtest6  (cost=27.56..4184.55 rows=1085 width=4)
	        Recheck Cond: ((id >= 6538760) AND (id <= 6539759))
	        ->  Bitmap Index Scan on sbtest6_pkey  (cost=0.00..27.29 rows=1085 width=0)
	              Index Cond: ((id >= 6538760) AND (id <= 6539759))

table 7 : explain SELECT SUM(k) FROM sbtest7 WHERE id BETWEEN 7806956 AND 7807955
	Aggregate  (cost=4239.41..4239.42 rows=1 width=8)
	  ->  Bitmap Heap Scan on sbtest7  (cost=27.71..4236.66 rows=1100 width=4)
	        Recheck Cond: ((id >= 7806956) AND (id <= 7807955))
	        ->  Bitmap Index Scan on sbtest7_pkey  (cost=0.00..27.43 rows=1100 width=0)
	              Index Cond: ((id >= 7806956) AND (id <= 7807955))

table 8 : explain SELECT SUM(k) FROM sbtest8 WHERE id BETWEEN 8810702 AND 8811701
	Aggregate  (cost=3815.13..3815.14 rows=1 width=8)
	  ->  Bitmap Heap Scan on sbtest8  (cost=22.55..3812.67 rows=987 width=4)
	        Recheck Cond: ((id >= 8810702) AND (id <= 8811701))
	        ->  Bitmap Index Scan on sbtest8_pkey  (cost=0.00..22.30 rows=987 width=0)
	              Index Cond: ((id >= 8810702) AND (id <= 8811701))

for: order_ranges
table 1 : explain SELECT c FROM sbtest1 WHERE id BETWEEN 9764992 AND 9765991 ORDER BY c
	Sort  (cost=3698.56..3700.92 rows=945 width=121)
	  Sort Key: c
	  ->  Bitmap Heap Scan on sbtest1  (cost=22.12..3651.86 rows=945 width=121)
	        Recheck Cond: ((id >= 9764992) AND (id <= 9765991))
	        ->  Bitmap Index Scan on sbtest1_pkey  (cost=0.00..21.89 rows=945 width=0)
	              Index Cond: ((id >= 9764992) AND (id <= 9765991))

table 2 : explain SELECT c FROM sbtest2 WHERE id BETWEEN 4220076 AND 4221075 ORDER BY c
	Sort  (cost=4115.08..4117.71 rows=1054 width=121)
	  Sort Key: c
	  ->  Bitmap Heap Scan on sbtest2  (cost=23.24..4062.16 rows=1054 width=121)
	        Recheck Cond: ((id >= 4220076) AND (id <= 4221075))
	        ->  Bitmap Index Scan on sbtest2_pkey  (cost=0.00..22.97 rows=1054 width=0)
	              Index Cond: ((id >= 4220076) AND (id <= 4221075))

table 3 : explain SELECT c FROM sbtest3 WHERE id BETWEEN 440633 AND 441632 ORDER BY c
	Sort  (cost=3534.29..3536.54 rows=902 width=121)
	  Sort Key: c
	  ->  Bitmap Heap Scan on sbtest3  (cost=21.68..3490.01 rows=902 width=121)
	        Recheck Cond: ((id >= 440633) AND (id <= 441632))
	        ->  Bitmap Index Scan on sbtest3_pkey  (cost=0.00..21.45 rows=902 width=0)
	              Index Cond: ((id >= 440633) AND (id <= 441632))

table 4 : explain SELECT c FROM sbtest4 WHERE id BETWEEN 4625317 AND 4626316 ORDER BY c
	Sort  (cost=3706.90..3709.27 rows=947 width=121)
	  Sort Key: c
	  ->  Bitmap Heap Scan on sbtest4  (cost=22.14..3660.08 rows=947 width=121)
	        Recheck Cond: ((id >= 4625317) AND (id <= 4626316))
	        ->  Bitmap Index Scan on sbtest4_pkey  (cost=0.00..21.90 rows=947 width=0)
	              Index Cond: ((id >= 4625317) AND (id <= 4626316))

table 5 : explain SELECT c FROM sbtest5 WHERE id BETWEEN 4603235 AND 4604234 ORDER BY c
	Sort  (cost=4138.79..4141.44 rows=1060 width=121)
	  Sort Key: c
	  ->  Bitmap Heap Scan on sbtest5  (cost=23.30..4085.52 rows=1060 width=121)
	        Recheck Cond: ((id >= 4603235) AND (id <= 4604234))
	        ->  Bitmap Index Scan on sbtest5_pkey  (cost=0.00..23.04 rows=1060 width=0)
	              Index Cond: ((id >= 4603235) AND (id <= 4604234))

table 6 : explain SELECT c FROM sbtest6 WHERE id BETWEEN 4418590 AND 4419589 ORDER BY c
	Sort  (cost=3707.96..3710.32 rows=947 width=121)
	  Sort Key: c
	  ->  Bitmap Heap Scan on sbtest6  (cost=22.14..3661.14 rows=947 width=121)
	        Recheck Cond: ((id >= 4418590) AND (id <= 4419589))
	        ->  Bitmap Index Scan on sbtest6_pkey  (cost=0.00..21.90 rows=947 width=0)
	              Index Cond: ((id >= 4418590) AND (id <= 4419589))

table 7 : explain SELECT c FROM sbtest7 WHERE id BETWEEN 7387317 AND 7388316 ORDER BY c
	Sort  (cost=3650.13..3652.46 rows=932 width=121)
	  Sort Key: c
	  ->  Bitmap Heap Scan on sbtest7  (cost=21.99..3604.17 rows=932 width=121)
	        Recheck Cond: ((id >= 7387317) AND (id <= 7388316))
	        ->  Bitmap Index Scan on sbtest7_pkey  (cost=0.00..21.75 rows=932 width=0)
	              Index Cond: ((id >= 7387317) AND (id <= 7388316))

table 8 : explain SELECT c FROM sbtest8 WHERE id BETWEEN 40568 AND 41567 ORDER BY c
	Sort  (cost=3934.42..3936.93 rows=1006 width=121)
	  Sort Key: c
	  ->  Bitmap Heap Scan on sbtest8  (cost=22.75..3884.25 rows=1006 width=121)
	        Recheck Cond: ((id >= 40568) AND (id <= 41567))
	        ->  Bitmap Index Scan on sbtest8_pkey  (cost=0.00..22.50 rows=1006 width=0)
	              Index Cond: ((id >= 40568) AND (id <= 41567))

for: distinct_ranges
table 1 : explain SELECT DISTINCT c FROM sbtest1 WHERE id BETWEEN 1995218 AND 1996217 ORDER BY c
	Unique  (cost=4023.40..4028.55 rows=1030 width=121)
	  ->  Sort  (cost=4023.40..4025.97 rows=1030 width=121)
	        Sort Key: c
	        ->  Bitmap Heap Scan on sbtest1  (cost=22.99..3971.85 rows=1030 width=121)
	              Recheck Cond: ((id >= 1995218) AND (id <= 1996217))
	              ->  Bitmap Index Scan on sbtest1_pkey  (cost=0.00..22.73 rows=1030 width=0)
	                    Index Cond: ((id >= 1995218) AND (id <= 1996217))

table 2 : explain SELECT DISTINCT c FROM sbtest2 WHERE id BETWEEN 192965 AND 193964 ORDER BY c
	Unique  (cost=3782.83..3787.66 rows=967 width=121)
	  ->  Sort  (cost=3782.83..3785.25 rows=967 width=121)
	        Sort Key: c
	        ->  Bitmap Heap Scan on sbtest2  (cost=22.35..3734.88 rows=967 width=121)
	              Recheck Cond: ((id >= 192965) AND (id <= 193964))
	              ->  Bitmap Index Scan on sbtest2_pkey  (cost=0.00..22.11 rows=967 width=0)
	                    Index Cond: ((id >= 192965) AND (id <= 193964))

table 3 : explain SELECT DISTINCT c FROM sbtest3 WHERE id BETWEEN 1219255 AND 1220254 ORDER BY c
	Unique  (cost=3993.35..3998.46 rows=1022 width=121)
	  ->  Sort  (cost=3993.35..3995.91 rows=1022 width=121)
	        Sort Key: c
	        ->  Bitmap Heap Scan on sbtest3  (cost=22.91..3942.27 rows=1022 width=121)
	              Recheck Cond: ((id >= 1219255) AND (id <= 1220254))
	              ->  Bitmap Index Scan on sbtest3_pkey  (cost=0.00..22.65 rows=1022 width=0)
	                    Index Cond: ((id >= 1219255) AND (id <= 1220254))

table 4 : explain SELECT DISTINCT c FROM sbtest4 WHERE id BETWEEN 273572 AND 274571 ORDER BY c
	Unique  (cost=4005.09..4010.21 rows=1025 width=121)
	  ->  Sort  (cost=4005.09..4007.65 rows=1025 width=121)
	        Sort Key: c
	        ->  Bitmap Heap Scan on sbtest4  (cost=22.94..3953.83 rows=1025 width=121)
	              Recheck Cond: ((id >= 273572) AND (id <= 274571))
	              ->  Bitmap Index Scan on sbtest4_pkey  (cost=0.00..22.68 rows=1025 width=0)
	                    Index Cond: ((id >= 273572) AND (id <= 274571))

table 5 : explain SELECT DISTINCT c FROM sbtest5 WHERE id BETWEEN 9113456 AND 9114455 ORDER BY c
	Unique  (cost=3630.44..3635.07 rows=927 width=121)
	  ->  Sort  (cost=3630.44..3632.75 rows=927 width=121)
	        Sort Key: c
	        ->  Bitmap Heap Scan on sbtest5  (cost=21.94..3584.75 rows=927 width=121)
	              Recheck Cond: ((id >= 9113456) AND (id <= 9114455))
	              ->  Bitmap Index Scan on sbtest5_pkey  (cost=0.00..21.70 rows=927 width=0)
	                    Index Cond: ((id >= 9113456) AND (id <= 9114455))

table 6 : explain SELECT DISTINCT c FROM sbtest6 WHERE id BETWEEN 8981879 AND 8982878 ORDER BY c
	Unique  (cost=3818.96..3823.84 rows=976 width=121)
	  ->  Sort  (cost=3818.96..3821.40 rows=976 width=121)
	        Sort Key: c
	        ->  Bitmap Heap Scan on sbtest6  (cost=22.44..3770.50 rows=976 width=121)
	              Recheck Cond: ((id >= 8981879) AND (id <= 8982878))
	              ->  Bitmap Index Scan on sbtest6_pkey  (cost=0.00..22.19 rows=976 width=0)
	                    Index Cond: ((id >= 8981879) AND (id <= 8982878))

table 7 : explain SELECT DISTINCT c FROM sbtest7 WHERE id BETWEEN 9204076 AND 9205075 ORDER BY c
	Unique  (cost=4166.15..4171.49 rows=1067 width=121)
	  ->  Sort  (cost=4166.15..4168.82 rows=1067 width=121)
	        Sort Key: c
	        ->  Bitmap Heap Scan on sbtest7  (cost=23.37..4112.49 rows=1067 width=121)
	              Recheck Cond: ((id >= 9204076) AND (id <= 9205075))
	              ->  Bitmap Index Scan on sbtest7_pkey  (cost=0.00..23.11 rows=1067 width=0)
	                    Index Cond: ((id >= 9204076) AND (id <= 9205075))

table 8 : explain SELECT DISTINCT c FROM sbtest8 WHERE id BETWEEN 5228248 AND 5229247 ORDER BY c
	Unique  (cost=3789.05..3793.89 rows=968 width=121)
	  ->  Sort  (cost=3789.05..3791.47 rows=968 width=121)
	        Sort Key: c
	        ->  Bitmap Heap Scan on sbtest8  (cost=22.36..3741.04 rows=968 width=121)
	              Recheck Cond: ((id >= 5228248) AND (id <= 5229247))
	              ->  Bitmap Index Scan on sbtest8_pkey  (cost=0.00..22.11 rows=968 width=0)
	                    Index Cond: ((id >= 5228248) AND (id <= 5229247))

for point_selects
table 1 : explain SELECT c FROM sbtest1 WHERE id=5878436
	Index Scan using sbtest1_pkey on sbtest1  (cost=0.43..8.45 rows=1 width=121)
	  Index Cond: (id = 5878436)

table 2 : explain SELECT c FROM sbtest2 WHERE id=6745819
	Index Scan using sbtest2_pkey on sbtest2  (cost=0.43..8.45 rows=1 width=121)
	  Index Cond: (id = 6745819)

table 3 : explain SELECT c FROM sbtest3 WHERE id=8149275
	Index Scan using sbtest3_pkey on sbtest3  (cost=0.43..8.45 rows=1 width=121)
	  Index Cond: (id = 8149275)

table 4 : explain SELECT c FROM sbtest4 WHERE id=8464735
	Index Scan using sbtest4_pkey on sbtest4  (cost=0.43..8.45 rows=1 width=121)
	  Index Cond: (id = 8464735)

table 5 : explain SELECT c FROM sbtest5 WHERE id=9570646
	Index Scan using sbtest5_pkey on sbtest5  (cost=0.43..8.45 rows=1 width=121)
	  Index Cond: (id = 9570646)

table 6 : explain SELECT c FROM sbtest6 WHERE id=3001210
	Index Scan using sbtest6_pkey on sbtest6  (cost=0.43..8.45 rows=1 width=121)
	  Index Cond: (id = 3001210)

table 7 : explain SELECT c FROM sbtest7 WHERE id=9221618
	Index Scan using sbtest7_pkey on sbtest7  (cost=0.43..8.45 rows=1 width=121)
	  Index Cond: (id = 9221618)

table 8 : explain SELECT c FROM sbtest8 WHERE id=8962952
	Index Scan using sbtest8_pkey on sbtest8  (cost=0.43..8.45 rows=1 width=121)
	  Index Cond: (id = 8962952)

for: distinct_ranges
table 1 : explain SELECT DISTINCT c FROM sbtest1 WHERE id BETWEEN 5340735 AND 5341734 ORDER BY c
	Unique  (cost=3675.59..3680.29 rows=939 width=121)
	  ->  Sort  (cost=3675.59..3677.94 rows=939 width=121)
	        Sort Key: c
	        ->  Bitmap Heap Scan on sbtest1  (cost=22.06..3629.23 rows=939 width=121)
	              Recheck Cond: ((id >= 5340735) AND (id <= 5341734))
	              ->  Bitmap Index Scan on sbtest1_pkey  (cost=0.00..21.82 rows=939 width=0)
	                    Index Cond: ((id >= 5340735) AND (id <= 5341734))

table 2 : explain SELECT DISTINCT c FROM sbtest2 WHERE id BETWEEN 5270581 AND 5271580 ORDER BY c
	Unique  (cost=3851.65..3856.57 rows=985 width=121)
	  ->  Sort  (cost=3851.65..3854.11 rows=985 width=121)
	        Sort Key: c
	        ->  Bitmap Heap Scan on sbtest2  (cost=22.53..3802.67 rows=985 width=121)
	              Recheck Cond: ((id >= 5270581) AND (id <= 5271580))
	              ->  Bitmap Index Scan on sbtest2_pkey  (cost=0.00..22.29 rows=985 width=0)
	                    Index Cond: ((id >= 5270581) AND (id <= 5271580))

table 3 : explain SELECT DISTINCT c FROM sbtest3 WHERE id BETWEEN 5494969 AND 5495968 ORDER BY c
	Unique  (cost=3981.90..3986.99 rows=1019 width=121)
	  ->  Sort  (cost=3981.90..3984.45 rows=1019 width=121)
	        Sort Key: c
	        ->  Bitmap Heap Scan on sbtest3  (cost=22.88..3930.98 rows=1019 width=121)
	              Recheck Cond: ((id >= 5494969) AND (id <= 5495968))
	              ->  Bitmap Index Scan on sbtest3_pkey  (cost=0.00..22.62 rows=1019 width=0)
	                    Index Cond: ((id >= 5494969) AND (id <= 5495968))

table 4 : explain SELECT DISTINCT c FROM sbtest4 WHERE id BETWEEN 928858 AND 929857 ORDER BY c
	Unique  (cost=4276.14..4281.62 rows=1096 width=121)
	  ->  Sort  (cost=4276.14..4278.88 rows=1096 width=121)
	        Sort Key: c
	        ->  Bitmap Heap Scan on sbtest4  (cost=27.67..4220.80 rows=1096 width=121)
	              Recheck Cond: ((id >= 928858) AND (id <= 929857))
	              ->  Bitmap Index Scan on sbtest4_pkey  (cost=0.00..27.39 rows=1096 width=0)
	                    Index Cond: ((id >= 928858) AND (id <= 929857))

table 5 : explain SELECT DISTINCT c FROM sbtest5 WHERE id BETWEEN 719346 AND 720345 ORDER BY c
	Unique  (cost=4241.72..4247.16 rows=1087 width=121)
	  ->  Sort  (cost=4241.72..4244.44 rows=1087 width=121)
	        Sort Key: c
	        ->  Bitmap Heap Scan on sbtest5  (cost=23.58..4186.91 rows=1087 width=121)
	              Recheck Cond: ((id >= 719346) AND (id <= 720345))
	              ->  Bitmap Index Scan on sbtest5_pkey  (cost=0.00..23.30 rows=1087 width=0)
	                    Index Cond: ((id >= 719346) AND (id <= 720345))

table 6 : explain SELECT DISTINCT c FROM sbtest6 WHERE id BETWEEN 7793249 AND 7794248 ORDER BY c
	Unique  (cost=4181.86..4187.21 rows=1071 width=121)
	  ->  Sort  (cost=4181.86..4184.54 rows=1071 width=121)
	        Sort Key: c
	        ->  Bitmap Heap Scan on sbtest6  (cost=23.41..4127.96 rows=1071 width=121)
	              Recheck Cond: ((id >= 7793249) AND (id <= 7794248))
	              ->  Bitmap Index Scan on sbtest6_pkey  (cost=0.00..23.14 rows=1071 width=0)
	                    Index Cond: ((id >= 7793249) AND (id <= 7794248))

table 7 : explain SELECT DISTINCT c FROM sbtest7 WHERE id BETWEEN 2969584 AND 2970583 ORDER BY c
	Unique  (cost=4082.21..4087.44 rows=1045 width=121)
	  ->  Sort  (cost=4082.21..4084.83 rows=1045 width=121)
	        Sort Key: c
	        ->  Bitmap Heap Scan on sbtest7  (cost=23.15..4029.81 rows=1045 width=121)
	              Recheck Cond: ((id >= 2969584) AND (id <= 2970583))
	              ->  Bitmap Index Scan on sbtest7_pkey  (cost=0.00..22.89 rows=1045 width=0)
	                    Index Cond: ((id >= 2969584) AND (id <= 2970583))

table 8 : explain SELECT DISTINCT c FROM sbtest8 WHERE id BETWEEN 4209147 AND 4210146 ORDER BY c
	Unique  (cost=3743.10..3747.88 rows=956 width=121)
	  ->  Sort  (cost=3743.10..3745.49 rows=956 width=121)
	        Sort Key: c
	        ->  Bitmap Heap Scan on sbtest8  (cost=22.23..3695.78 rows=956 width=121)
	              Recheck Cond: ((id >= 4209147) AND (id <= 4210146))
	              ->  Bitmap Index Scan on sbtest8_pkey  (cost=0.00..22.00 rows=956 width=0)
	                    Index Cond: ((id >= 4209147) AND (id <= 4210146))

for point_selects
table 1 : explain SELECT c FROM sbtest1 WHERE id=1146797
	Index Scan using sbtest1_pkey on sbtest1  (cost=0.43..8.45 rows=1 width=121)
	  Index Cond: (id = 1146797)

table 2 : explain SELECT c FROM sbtest2 WHERE id=8906348
	Index Scan using sbtest2_pkey on sbtest2  (cost=0.43..8.45 rows=1 width=121)
	  Index Cond: (id = 8906348)

table 3 : explain SELECT c FROM sbtest3 WHERE id=6135539
	Index Scan using sbtest3_pkey on sbtest3  (cost=0.43..8.45 rows=1 width=121)
	  Index Cond: (id = 6135539)

table 4 : explain SELECT c FROM sbtest4 WHERE id=7059186
	Index Scan using sbtest4_pkey on sbtest4  (cost=0.43..8.45 rows=1 width=121)
	  Index Cond: (id = 7059186)

table 5 : explain SELECT c FROM sbtest5 WHERE id=1556412
	Index Scan using sbtest5_pkey on sbtest5  (cost=0.43..8.45 rows=1 width=121)
	  Index Cond: (id = 1556412)

table 6 : explain SELECT c FROM sbtest6 WHERE id=494564
	Index Scan using sbtest6_pkey on sbtest6  (cost=0.43..8.45 rows=1 width=121)
	  Index Cond: (id = 494564)

table 7 : explain SELECT c FROM sbtest7 WHERE id=1505528
	Index Scan using sbtest7_pkey on sbtest7  (cost=0.43..8.45 rows=1 width=121)
	  Index Cond: (id = 1505528)

table 8 : explain SELECT c FROM sbtest8 WHERE id=1927760
	Index Scan using sbtest8_pkey on sbtest8  (cost=0.43..8.45 rows=1 width=121)
	  Index Cond: (id = 1927760)

for: order_ranges
table 1 : explain SELECT c FROM sbtest1 WHERE id BETWEEN 6493933 AND 6494932 ORDER BY c
	Sort  (cost=3870.64..3873.12 rows=990 width=121)
	  Sort Key: c
	  ->  Bitmap Heap Scan on sbtest1  (cost=22.58..3821.38 rows=990 width=121)
	        Recheck Cond: ((id >= 6493933) AND (id <= 6494932))
	        ->  Bitmap Index Scan on sbtest1_pkey  (cost=0.00..22.33 rows=990 width=0)
	              Index Cond: ((id >= 6493933) AND (id <= 6494932))

table 2 : explain SELECT c FROM sbtest2 WHERE id BETWEEN 3802787 AND 3803786 ORDER BY c
	Sort  (cost=3901.32..3903.82 rows=998 width=121)
	  Sort Key: c
	  ->  Bitmap Heap Scan on sbtest2  (cost=22.66..3851.61 rows=998 width=121)
	        Recheck Cond: ((id >= 3802787) AND (id <= 3803786))
	        ->  Bitmap Index Scan on sbtest2_pkey  (cost=0.00..22.41 rows=998 width=0)
	              Index Cond: ((id >= 3802787) AND (id <= 3803786))

table 3 : explain SELECT c FROM sbtest3 WHERE id BETWEEN 179860 AND 180859 ORDER BY c
	Sort  (cost=3882.58..3885.06 rows=993 width=121)
	  Sort Key: c
	  ->  Bitmap Heap Scan on sbtest3  (cost=22.61..3833.15 rows=993 width=121)
	        Recheck Cond: ((id >= 179860) AND (id <= 180859))
	        ->  Bitmap Index Scan on sbtest3_pkey  (cost=0.00..22.36 rows=993 width=0)
	              Index Cond: ((id >= 179860) AND (id <= 180859))

table 4 : explain SELECT c FROM sbtest4 WHERE id BETWEEN 7492880 AND 7493879 ORDER BY c
	Sort  (cost=3714.55..3716.93 rows=949 width=121)
	  Sort Key: c
	  ->  Bitmap Heap Scan on sbtest4  (cost=22.16..3667.63 rows=949 width=121)
	        Recheck Cond: ((id >= 7492880) AND (id <= 7493879))
	        ->  Bitmap Index Scan on sbtest4_pkey  (cost=0.00..21.93 rows=949 width=0)
	              Index Cond: ((id >= 7492880) AND (id <= 7493879))

table 5 : explain SELECT c FROM sbtest5 WHERE id BETWEEN 9015168 AND 9016167 ORDER BY c
	Sort  (cost=3840.92..3843.38 rows=982 width=121)
	  Sort Key: c
	  ->  Bitmap Heap Scan on sbtest5  (cost=22.50..3792.12 rows=982 width=121)
	        Recheck Cond: ((id >= 9015168) AND (id <= 9016167))
	        ->  Bitmap Index Scan on sbtest5_pkey  (cost=0.00..22.25 rows=982 width=0)
	              Index Cond: ((id >= 9015168) AND (id <= 9016167))

table 6 : explain SELECT c FROM sbtest6 WHERE id BETWEEN 8552977 AND 8553976 ORDER BY c
	Sort  (cost=3964.25..3966.78 rows=1014 width=121)
	  Sort Key: c
	  ->  Bitmap Heap Scan on sbtest6  (cost=22.83..3913.62 rows=1014 width=121)
	        Recheck Cond: ((id >= 8552977) AND (id <= 8553976))
	        ->  Bitmap Index Scan on sbtest6_pkey  (cost=0.00..22.57 rows=1014 width=0)
	              Index Cond: ((id >= 8552977) AND (id <= 8553976))

table 7 : explain SELECT c FROM sbtest7 WHERE id BETWEEN 53740 AND 54739 ORDER BY c
	Sort  (cost=3818.56..3821.00 rows=976 width=121)
	  Sort Key: c
	  ->  Bitmap Heap Scan on sbtest7  (cost=22.44..3770.10 rows=976 width=121)
	        Recheck Cond: ((id >= 53740) AND (id <= 54739))
	        ->  Bitmap Index Scan on sbtest7_pkey  (cost=0.00..22.19 rows=976 width=0)
	              Index Cond: ((id >= 53740) AND (id <= 54739))

table 8 : explain SELECT c FROM sbtest8 WHERE id BETWEEN 9794790 AND 9795789 ORDER BY c
	Sort  (cost=3616.66..3618.97 rows=923 width=121)
	  Sort Key: c
	  ->  Bitmap Heap Scan on sbtest8  (cost=21.90..3571.21 rows=923 width=121)
	        Recheck Cond: ((id >= 9794790) AND (id <= 9795789))
	        ->  Bitmap Index Scan on sbtest8_pkey  (cost=0.00..21.66 rows=923 width=0)
	              Index Cond: ((id >= 9794790) AND (id <= 9795789))

for: simple_ranges
table 1 : explain SELECT c FROM sbtest1 WHERE id BETWEEN 5730703 AND 5731702
	Bitmap Heap Scan on sbtest1  (cost=22.34..3731.00 rows=966 width=121)
	  Recheck Cond: ((id >= 5730703) AND (id <= 5731702))
	  ->  Bitmap Index Scan on sbtest1_pkey  (cost=0.00..22.09 rows=966 width=0)
	        Index Cond: ((id >= 5730703) AND (id <= 5731702))

table 2 : explain SELECT c FROM sbtest2 WHERE id BETWEEN 3906549 AND 3907548
	Bitmap Heap Scan on sbtest2  (cost=21.99..3602.93 rows=932 width=121)
	  Recheck Cond: ((id >= 3906549) AND (id <= 3907548))
	  ->  Bitmap Index Scan on sbtest2_pkey  (cost=0.00..21.75 rows=932 width=0)
	        Index Cond: ((id >= 3906549) AND (id <= 3907548))

table 3 : explain SELECT c FROM sbtest3 WHERE id BETWEEN 9486746 AND 9487745
	Bitmap Heap Scan on sbtest3  (cost=22.33..3727.69 rows=965 width=121)
	  Recheck Cond: ((id >= 9486746) AND (id <= 9487745))
	  ->  Bitmap Index Scan on sbtest3_pkey  (cost=0.00..22.08 rows=965 width=0)
	        Index Cond: ((id >= 9486746) AND (id <= 9487745))

table 4 : explain SELECT c FROM sbtest4 WHERE id BETWEEN 6918652 AND 6919651
	Bitmap Heap Scan on sbtest4  (cost=22.75..3882.35 rows=1006 width=121)
	  Recheck Cond: ((id >= 6918652) AND (id <= 6919651))
	  ->  Bitmap Index Scan on sbtest4_pkey  (cost=0.00..22.50 rows=1006 width=0)
	        Index Cond: ((id >= 6918652) AND (id <= 6919651))

table 5 : explain SELECT c FROM sbtest5 WHERE id BETWEEN 2513632 AND 2514631
	Bitmap Heap Scan on sbtest5  (cost=22.64..3844.84 rows=996 width=121)
	  Recheck Cond: ((id >= 2513632) AND (id <= 2514631))
	  ->  Bitmap Index Scan on sbtest5_pkey  (cost=0.00..22.39 rows=996 width=0)
	        Index Cond: ((id >= 2513632) AND (id <= 2514631))

table 6 : explain SELECT c FROM sbtest6 WHERE id BETWEEN 5370377 AND 5371376
	Bitmap Heap Scan on sbtest6  (cost=23.07..4003.92 rows=1038 width=121)
	  Recheck Cond: ((id >= 5370377) AND (id <= 5371376))
	  ->  Bitmap Index Scan on sbtest6_pkey  (cost=0.00..22.82 rows=1038 width=0)
	        Index Cond: ((id >= 5370377) AND (id <= 5371376))

table 7 : explain SELECT c FROM sbtest7 WHERE id BETWEEN 8516207 AND 8517206
	Bitmap Heap Scan on sbtest7  (cost=23.45..4142.54 rows=1075 width=121)
	  Recheck Cond: ((id >= 8516207) AND (id <= 8517206))
	  ->  Bitmap Index Scan on sbtest7_pkey  (cost=0.00..23.18 rows=1075 width=0)
	        Index Cond: ((id >= 8516207) AND (id <= 8517206))

table 8 : explain SELECT c FROM sbtest8 WHERE id BETWEEN 9059458 AND 9060457
	Bitmap Heap Scan on sbtest8  (cost=22.70..3865.42 rows=1001 width=121)
	  Recheck Cond: ((id >= 9059458) AND (id <= 9060457))
	  ->  Bitmap Index Scan on sbtest8_pkey  (cost=0.00..22.44 rows=1001 width=0)
	        Index Cond: ((id >= 9059458) AND (id <= 9060457))

for: simple_ranges
table 1 : explain SELECT c FROM sbtest1 WHERE id BETWEEN 8540902 AND 8541901
	Bitmap Heap Scan on sbtest1  (cost=22.57..3817.62 rows=989 width=121)
	  Recheck Cond: ((id >= 8540902) AND (id <= 8541901))
	  ->  Bitmap Index Scan on sbtest1_pkey  (cost=0.00..22.32 rows=989 width=0)
	        Index Cond: ((id >= 8540902) AND (id <= 8541901))

table 2 : explain SELECT c FROM sbtest2 WHERE id BETWEEN 9767386 AND 9768385
	Bitmap Heap Scan on sbtest2  (cost=22.71..3866.66 rows=1002 width=121)
	  Recheck Cond: ((id >= 9767386) AND (id <= 9768385))
	  ->  Bitmap Index Scan on sbtest2_pkey  (cost=0.00..22.45 rows=1002 width=0)
	        Index Cond: ((id >= 9767386) AND (id <= 9768385))

table 3 : explain SELECT c FROM sbtest3 WHERE id BETWEEN 2292571 AND 2293570
	Bitmap Heap Scan on sbtest3  (cost=23.17..4036.25 rows=1047 width=121)
	  Recheck Cond: ((id >= 2292571) AND (id <= 2293570))
	  ->  Bitmap Index Scan on sbtest3_pkey  (cost=0.00..22.90 rows=1047 width=0)
	        Index Cond: ((id >= 2292571) AND (id <= 2293570))

table 4 : explain SELECT c FROM sbtest4 WHERE id BETWEEN 1138109 AND 1139108
	Bitmap Heap Scan on sbtest4  (cost=22.98..3968.87 rows=1029 width=121)
	  Recheck Cond: ((id >= 1138109) AND (id <= 1139108))
	  ->  Bitmap Index Scan on sbtest4_pkey  (cost=0.00..22.72 rows=1029 width=0)
	        Index Cond: ((id >= 1138109) AND (id <= 1139108))

table 5 : explain SELECT c FROM sbtest5 WHERE id BETWEEN 7829963 AND 7830962
	Bitmap Heap Scan on sbtest5  (cost=22.59..3826.01 rows=991 width=121)
	  Recheck Cond: ((id >= 7829963) AND (id <= 7830962))
	  ->  Bitmap Index Scan on sbtest5_pkey  (cost=0.00..22.34 rows=991 width=0)
	        Index Cond: ((id >= 7829963) AND (id <= 7830962))

table 6 : explain SELECT c FROM sbtest6 WHERE id BETWEEN 8930178 AND 8931177
	Bitmap Heap Scan on sbtest6  (cost=21.66..3483.67 rows=900 width=121)
	  Recheck Cond: ((id >= 8930178) AND (id <= 8931177))
	  ->  Bitmap Index Scan on sbtest6_pkey  (cost=0.00..21.43 rows=900 width=0)
	        Index Cond: ((id >= 8930178) AND (id <= 8931177))

table 7 : explain SELECT c FROM sbtest7 WHERE id BETWEEN 4406315 AND 4407314
	Bitmap Heap Scan on sbtest7  (cost=21.65..3479.54 rows=899 width=121)
	  Recheck Cond: ((id >= 4406315) AND (id <= 4407314))
	  ->  Bitmap Index Scan on sbtest7_pkey  (cost=0.00..21.43 rows=899 width=0)
	        Index Cond: ((id >= 4406315) AND (id <= 4407314))

table 8 : explain SELECT c FROM sbtest8 WHERE id BETWEEN 256771 AND 257770
	Bitmap Heap Scan on sbtest8  (cost=22.63..3842.81 rows=995 width=121)
	  Recheck Cond: ((id >= 256771) AND (id <= 257770))
	  ->  Bitmap Index Scan on sbtest8_pkey  (cost=0.00..22.39 rows=995 width=0)
	        Index Cond: ((id >= 256771) AND (id <= 257770))

for: distinct_ranges
table 1 : explain SELECT DISTINCT c FROM sbtest1 WHERE id BETWEEN 5147953 AND 5148952 ORDER BY c
	Unique  (cost=4027.21..4032.37 rows=1031 width=121)
	  ->  Sort  (cost=4027.21..4029.79 rows=1031 width=121)
	        Sort Key: c
	        ->  Bitmap Heap Scan on sbtest1  (cost=23.00..3975.61 rows=1031 width=121)
	              Recheck Cond: ((id >= 5147953) AND (id <= 5148952))
	              ->  Bitmap Index Scan on sbtest1_pkey  (cost=0.00..22.75 rows=1031 width=0)
	                    Index Cond: ((id >= 5147953) AND (id <= 5148952))

table 2 : explain SELECT DISTINCT c FROM sbtest2 WHERE id BETWEEN 4666625 AND 4667624 ORDER BY c
	Unique  (cost=3954.80..3959.86 rows=1012 width=121)
	  ->  Sort  (cost=3954.80..3957.33 rows=1012 width=121)
	        Sort Key: c
	        ->  Bitmap Heap Scan on sbtest2  (cost=22.81..3904.28 rows=1012 width=121)
	              Recheck Cond: ((id >= 4666625) AND (id <= 4667624))
	              ->  Bitmap Index Scan on sbtest2_pkey  (cost=0.00..22.55 rows=1012 width=0)
	                    Index Cond: ((id >= 4666625) AND (id <= 4667624))

table 3 : explain SELECT DISTINCT c FROM sbtest3 WHERE id BETWEEN 3900764 AND 3901763 ORDER BY c
	Unique  (cost=4294.88..4300.38 rows=1101 width=121)
	  ->  Sort  (cost=4294.88..4297.63 rows=1101 width=121)
	        Sort Key: c
	        ->  Bitmap Heap Scan on sbtest3  (cost=27.72..4239.25 rows=1101 width=121)
	              Recheck Cond: ((id >= 3900764) AND (id <= 3901763))
	              ->  Bitmap Index Scan on sbtest3_pkey  (cost=0.00..27.44 rows=1101 width=0)
	                    Index Cond: ((id >= 3900764) AND (id <= 3901763))

table 4 : explain SELECT DISTINCT c FROM sbtest4 WHERE id BETWEEN 3936941 AND 3937940 ORDER BY c
	Unique  (cost=3875.20..3880.15 rows=991 width=121)
	  ->  Sort  (cost=3875.20..3877.68 rows=991 width=121)
	        Sort Key: c
	        ->  Bitmap Heap Scan on sbtest4  (cost=22.59..3825.88 rows=991 width=121)
	              Recheck Cond: ((id >= 3936941) AND (id <= 3937940))
	              ->  Bitmap Index Scan on sbtest4_pkey  (cost=0.00..22.34 rows=991 width=0)
	                    Index Cond: ((id >= 3936941) AND (id <= 3937940))

table 5 : explain SELECT DISTINCT c FROM sbtest5 WHERE id BETWEEN 8789097 AND 8790096 ORDER BY c
	Unique  (cost=3798.86..3803.71 rows=971 width=121)
	  ->  Sort  (cost=3798.86..3801.28 rows=971 width=121)
	        Sort Key: c
	        ->  Bitmap Heap Scan on sbtest5  (cost=22.39..3750.68 rows=971 width=121)
	              Recheck Cond: ((id >= 8789097) AND (id <= 8790096))
	              ->  Bitmap Index Scan on sbtest5_pkey  (cost=0.00..22.14 rows=971 width=0)
	                    Index Cond: ((id >= 8789097) AND (id <= 8790096))

table 6 : explain SELECT DISTINCT c FROM sbtest6 WHERE id BETWEEN 292728 AND 293727 ORDER BY c
	Unique  (cost=4044.47..4049.64 rows=1035 width=121)
	  ->  Sort  (cost=4044.47..4047.05 rows=1035 width=121)
	        Sort Key: c
	        ->  Bitmap Heap Scan on sbtest6  (cost=23.04..3992.64 rows=1035 width=121)
	              Recheck Cond: ((id >= 292728) AND (id <= 293727))
	              ->  Bitmap Index Scan on sbtest6_pkey  (cost=0.00..22.79 rows=1035 width=0)
	                    Index Cond: ((id >= 292728) AND (id <= 293727))

table 7 : explain SELECT DISTINCT c FROM sbtest7 WHERE id BETWEEN 9942778 AND 9943777 ORDER BY c
	Unique  (cost=3833.86..3838.76 rows=980 width=121)
	  ->  Sort  (cost=3833.86..3836.31 rows=980 width=121)
	        Sort Key: c
	        ->  Bitmap Heap Scan on sbtest7  (cost=22.48..3785.18 rows=980 width=121)
	              Recheck Cond: ((id >= 9942778) AND (id <= 9943777))
	              ->  Bitmap Index Scan on sbtest7_pkey  (cost=0.00..22.23 rows=980 width=0)
	                    Index Cond: ((id >= 9942778) AND (id <= 9943777))

table 8 : explain SELECT DISTINCT c FROM sbtest8 WHERE id BETWEEN 3186540 AND 3187539 ORDER BY c
	Unique  (cost=4037.60..4042.77 rows=1033 width=121)
	  ->  Sort  (cost=4037.60..4040.19 rows=1033 width=121)
	        Sort Key: c
	        ->  Bitmap Heap Scan on sbtest8  (cost=23.02..3985.89 rows=1033 width=121)
	              Recheck Cond: ((id >= 3186540) AND (id <= 3187539))
	              ->  Bitmap Index Scan on sbtest8_pkey  (cost=0.00..22.76 rows=1033 width=0)
	                    Index Cond: ((id >= 3186540) AND (id <= 3187539))

for: distinct_ranges
table 1 : explain SELECT DISTINCT c FROM sbtest1 WHERE id BETWEEN 9538037 AND 9539036 ORDER BY c
	Unique  (cost=4073.00..4078.21 rows=1043 width=121)
	  ->  Sort  (cost=4073.00..4075.60 rows=1043 width=121)
	        Sort Key: c
	        ->  Bitmap Heap Scan on sbtest1  (cost=23.13..4020.71 rows=1043 width=121)
	              Recheck Cond: ((id >= 9538037) AND (id <= 9539036))
	              ->  Bitmap Index Scan on sbtest1_pkey  (cost=0.00..22.86 rows=1043 width=0)
	                    Index Cond: ((id >= 9538037) AND (id <= 9539036))

table 2 : explain SELECT DISTINCT c FROM sbtest2 WHERE id BETWEEN 3489491 AND 3490490 ORDER BY c
	Unique  (cost=3878.40..3883.36 rows=992 width=121)
	  ->  Sort  (cost=3878.40..3880.88 rows=992 width=121)
	        Sort Key: c
	        ->  Bitmap Heap Scan on sbtest2  (cost=22.60..3829.03 rows=992 width=121)
	              Recheck Cond: ((id >= 3489491) AND (id <= 3490490))
	              ->  Bitmap Index Scan on sbtest2_pkey  (cost=0.00..22.36 rows=992 width=0)
	                    Index Cond: ((id >= 3489491) AND (id <= 3490490))

table 3 : explain SELECT DISTINCT c FROM sbtest3 WHERE id BETWEEN 8908681 AND 8909680 ORDER BY c
	Unique  (cost=3901.68..3906.67 rows=998 width=121)
	  ->  Sort  (cost=3901.68..3904.18 rows=998 width=121)
	        Sort Key: c
	        ->  Bitmap Heap Scan on sbtest3  (cost=22.66..3851.97 rows=998 width=121)
	              Recheck Cond: ((id >= 8908681) AND (id <= 8909680))
	              ->  Bitmap Index Scan on sbtest3_pkey  (cost=0.00..22.41 rows=998 width=0)
	                    Index Cond: ((id >= 8908681) AND (id <= 8909680))

table 4 : explain SELECT DISTINCT c FROM sbtest4 WHERE id BETWEEN 2587040 AND 2588039 ORDER BY c
	Unique  (cost=3913.42..3918.42 rows=1001 width=121)
	  ->  Sort  (cost=3913.42..3915.92 rows=1001 width=121)
	        Sort Key: c
	        ->  Bitmap Heap Scan on sbtest4  (cost=22.70..3863.53 rows=1001 width=121)
	              Recheck Cond: ((id >= 2587040) AND (id <= 2588039))
	              ->  Bitmap Index Scan on sbtest4_pkey  (cost=0.00..22.44 rows=1001 width=0)
	                    Index Cond: ((id >= 2587040) AND (id <= 2588039))

table 5 : explain SELECT DISTINCT c FROM sbtest5 WHERE id BETWEEN 3775781 AND 3776780 ORDER BY c
	Unique  (cost=3928.83..3933.86 rows=1005 width=121)
	  ->  Sort  (cost=3928.83..3931.35 rows=1005 width=121)
	        Sort Key: c
	        ->  Bitmap Heap Scan on sbtest5  (cost=22.74..3878.72 rows=1005 width=121)
	              Recheck Cond: ((id >= 3775781) AND (id <= 3776780))
	              ->  Bitmap Index Scan on sbtest5_pkey  (cost=0.00..22.48 rows=1005 width=0)
	                    Index Cond: ((id >= 3775781) AND (id <= 3776780))

table 6 : explain SELECT DISTINCT c FROM sbtest6 WHERE id BETWEEN 2691183 AND 2692182 ORDER BY c
	Unique  (cost=3428.07..3432.44 rows=874 width=121)
	  ->  Sort  (cost=3428.07..3430.25 rows=874 width=121)
	        Sort Key: c
	        ->  Bitmap Heap Scan on sbtest6  (cost=21.39..3385.36 rows=874 width=121)
	              Recheck Cond: ((id >= 2691183) AND (id <= 2692182))
	              ->  Bitmap Index Scan on sbtest6_pkey  (cost=0.00..21.18 rows=874 width=0)
	                    Index Cond: ((id >= 2691183) AND (id <= 2692182))

table 7 : explain SELECT DISTINCT c FROM sbtest7 WHERE id BETWEEN 2334214 AND 2335213 ORDER BY c
	Unique  (cost=3749.69..3754.48 rows=958 width=121)
	  ->  Sort  (cost=3749.69..3752.09 rows=958 width=121)
	        Sort Key: c
	        ->  Bitmap Heap Scan on sbtest7  (cost=22.25..3702.25 rows=958 width=121)
	              Recheck Cond: ((id >= 2334214) AND (id <= 2335213))
	              ->  Bitmap Index Scan on sbtest7_pkey  (cost=0.00..22.01 rows=958 width=0)
	                    Index Cond: ((id >= 2334214) AND (id <= 2335213))

table 8 : explain SELECT DISTINCT c FROM sbtest8 WHERE id BETWEEN 5159481 AND 5160480 ORDER BY c
	Unique  (cost=3628.16..3632.79 rows=926 width=121)
	  ->  Sort  (cost=3628.16..3630.48 rows=926 width=121)
	        Sort Key: c
	        ->  Bitmap Heap Scan on sbtest8  (cost=21.93..3582.54 rows=926 width=121)
	              Recheck Cond: ((id >= 5159481) AND (id <= 5160480))
	              ->  Bitmap Index Scan on sbtest8_pkey  (cost=0.00..21.69 rows=926 width=0)
	                    Index Cond: ((id >= 5159481) AND (id <= 5160480))

explain: for point_selects :: explain SELECT c FROM sbtest%u WHERE id=%u
for: order_ranges
table 1 : explain SELECT c FROM sbtest1 WHERE id BETWEEN 7002497 AND 7003496 ORDER BY c
	Sort  (cost=4015.76..4018.33 rows=1028 width=121)
	  Sort Key: c
	  ->  Bitmap Heap Scan on sbtest1  (cost=22.97..3964.33 rows=1028 width=121)
	        Recheck Cond: ((id >= 7002497) AND (id <= 7003496))
	        ->  Bitmap Index Scan on sbtest1_pkey  (cost=0.00..22.71 rows=1028 width=0)
	              Index Cond: ((id >= 7002497) AND (id <= 7003496))

table 2 : explain SELECT c FROM sbtest2 WHERE id BETWEEN 3987576 AND 3988575 ORDER BY c
	Sort  (cost=3648.90..3651.23 rows=932 width=121)
	  Sort Key: c
	  ->  Bitmap Heap Scan on sbtest2  (cost=21.99..3602.93 rows=932 width=121)
	        Recheck Cond: ((id >= 3987576) AND (id <= 3988575))
	        ->  Bitmap Index Scan on sbtest2_pkey  (cost=0.00..21.75 rows=932 width=0)
	              Index Cond: ((id >= 3987576) AND (id <= 3988575))

table 3 : explain SELECT c FROM sbtest3 WHERE id BETWEEN 6995508 AND 6996507 ORDER BY c
	Sort  (cost=3649.23..3651.56 rows=932 width=121)
	  Sort Key: c
	  ->  Bitmap Heap Scan on sbtest3  (cost=21.99..3603.26 rows=932 width=121)
	        Recheck Cond: ((id >= 6995508) AND (id <= 6996507))
	        ->  Bitmap Index Scan on sbtest3_pkey  (cost=0.00..21.75 rows=932 width=0)
	              Index Cond: ((id >= 6995508) AND (id <= 6996507))

table 4 : explain SELECT c FROM sbtest4 WHERE id BETWEEN 6582052 AND 6583051 ORDER BY c
	Sort  (cost=3974.54..3977.08 rows=1017 width=121)
	  Sort Key: c
	  ->  Bitmap Heap Scan on sbtest4  (cost=22.86..3923.74 rows=1017 width=121)
	        Recheck Cond: ((id >= 6582052) AND (id <= 6583051))
	        ->  Bitmap Index Scan on sbtest4_pkey  (cost=0.00..22.61 rows=1017 width=0)
	              Index Cond: ((id >= 6582052) AND (id <= 6583051))

table 5 : explain SELECT c FROM sbtest5 WHERE id BETWEEN 6300230 AND 6301229 ORDER BY c
	Sort  (cost=3768.25..3770.66 rows=963 width=121)
	  Sort Key: c
	  ->  Bitmap Heap Scan on sbtest5  (cost=22.31..3720.53 rows=963 width=121)
	        Recheck Cond: ((id >= 6300230) AND (id <= 6301229))
	        ->  Bitmap Index Scan on sbtest5_pkey  (cost=0.00..22.07 rows=963 width=0)
	              Index Cond: ((id >= 6300230) AND (id <= 6301229))

table 6 : explain SELECT c FROM sbtest6 WHERE id BETWEEN 5666558 AND 5667557 ORDER BY c
	Sort  (cost=3948.96..3951.49 rows=1010 width=121)
	  Sort Key: c
	  ->  Bitmap Heap Scan on sbtest6  (cost=22.79..3898.56 rows=1010 width=121)
	        Recheck Cond: ((id >= 5666558) AND (id <= 5667557))
	        ->  Bitmap Index Scan on sbtest6_pkey  (cost=0.00..22.54 rows=1010 width=0)
	              Index Cond: ((id >= 5666558) AND (id <= 5667557))

table 7 : explain SELECT c FROM sbtest7 WHERE id BETWEEN 7704167 AND 7705166 ORDER BY c
	Sort  (cost=3830.04..3832.49 rows=979 width=121)
	  Sort Key: c
	  ->  Bitmap Heap Scan on sbtest7  (cost=22.47..3781.41 rows=979 width=121)
	        Recheck Cond: ((id >= 7704167) AND (id <= 7705166))
	        ->  Bitmap Index Scan on sbtest7_pkey  (cost=0.00..22.22 rows=979 width=0)
	              Index Cond: ((id >= 7704167) AND (id <= 7705166))

table 8 : explain SELECT c FROM sbtest8 WHERE id BETWEEN 7607964 AND 7608963 ORDER BY c
	Sort  (cost=3712.46..3714.83 rows=948 width=121)
	  Sort Key: c
	  ->  Bitmap Heap Scan on sbtest8  (cost=22.15..3665.59 rows=948 width=121)
	        Recheck Cond: ((id >= 7607964) AND (id <= 7608963))
	        ->  Bitmap Index Scan on sbtest8_pkey  (cost=0.00..21.91 rows=948 width=0)
	              Index Cond: ((id >= 7607964) AND (id <= 7608963))

for: sum_ranges
table 1 : explain SELECT SUM(k) FROM sbtest1 WHERE id BETWEEN 1842563 AND 1843562
	Aggregate  (cost=3552.30..3552.31 rows=1 width=8)
	  ->  Bitmap Heap Scan on sbtest1  (cost=21.84..3550.01 rows=918 width=4)
	        Recheck Cond: ((id >= 1842563) AND (id <= 1843562))
	        ->  Bitmap Index Scan on sbtest1_pkey  (cost=0.00..21.61 rows=918 width=0)
	              Index Cond: ((id >= 1842563) AND (id <= 1843562))

table 2 : explain SELECT SUM(k) FROM sbtest2 WHERE id BETWEEN 9027715 AND 9028714
	Aggregate  (cost=3891.76..3891.77 rows=1 width=8)
	  ->  Bitmap Heap Scan on sbtest2  (cost=22.77..3889.24 rows=1008 width=4)
	        Recheck Cond: ((id >= 9027715) AND (id <= 9028714))
	        ->  Bitmap Index Scan on sbtest2_pkey  (cost=0.00..22.51 rows=1008 width=0)
	              Index Cond: ((id >= 9027715) AND (id <= 9028714))

table 3 : explain SELECT SUM(k) FROM sbtest3 WHERE id BETWEEN 3435558 AND 3436557
	Aggregate  (cost=3752.72..3752.73 rows=1 width=8)
	  ->  Bitmap Heap Scan on sbtest3  (cost=22.39..3750.29 rows=971 width=4)
	        Recheck Cond: ((id >= 3435558) AND (id <= 3436557))
	        ->  Bitmap Index Scan on sbtest3_pkey  (cost=0.00..22.14 rows=971 width=0)
	              Index Cond: ((id >= 3435558) AND (id <= 3436557))

table 4 : explain SELECT SUM(k) FROM sbtest4 WHERE id BETWEEN 1007974 AND 1008973
	Aggregate  (cost=4024.11..4024.12 rows=1 width=8)
	  ->  Bitmap Heap Scan on sbtest4  (cost=23.13..4021.50 rows=1043 width=4)
	        Recheck Cond: ((id >= 1007974) AND (id <= 1008973))
	        ->  Bitmap Index Scan on sbtest4_pkey  (cost=0.00..22.86 rows=1043 width=0)
	              Index Cond: ((id >= 1007974) AND (id <= 1008973))

table 5 : explain SELECT SUM(k) FROM sbtest5 WHERE id BETWEEN 2725432 AND 2726431
	Aggregate  (cost=3964.06..3964.07 rows=1 width=8)
	  ->  Bitmap Heap Scan on sbtest5  (cost=22.96..3961.49 rows=1027 width=4)
	        Recheck Cond: ((id >= 2725432) AND (id <= 2726431))
	        ->  Bitmap Index Scan on sbtest5_pkey  (cost=0.00..22.70 rows=1027 width=0)
	              Index Cond: ((id >= 2725432) AND (id <= 2726431))

table 6 : explain SELECT SUM(k) FROM sbtest6 WHERE id BETWEEN 1481697 AND 1482696
	Aggregate  (cost=3689.93..3689.94 rows=1 width=8)
	  ->  Bitmap Heap Scan on sbtest6  (cost=22.21..3687.55 rows=954 width=4)
	        Recheck Cond: ((id >= 1481697) AND (id <= 1482696))
	        ->  Bitmap Index Scan on sbtest6_pkey  (cost=0.00..21.97 rows=954 width=0)
	              Index Cond: ((id >= 1481697) AND (id <= 1482696))

table 7 : explain SELECT SUM(k) FROM sbtest7 WHERE id BETWEEN 131681 AND 132680
	Aggregate  (cost=3670.68..3670.69 rows=1 width=8)
	  ->  Bitmap Heap Scan on sbtest7  (cost=22.16..3668.31 rows=949 width=4)
	        Recheck Cond: ((id >= 131681) AND (id <= 132680))
	        ->  Bitmap Index Scan on sbtest7_pkey  (cost=0.00..21.93 rows=949 width=0)
	              Index Cond: ((id >= 131681) AND (id <= 132680))

table 8 : explain SELECT SUM(k) FROM sbtest8 WHERE id BETWEEN 501162 AND 502161
	Aggregate  (cost=3898.07..3898.08 rows=1 width=8)
	  ->  Bitmap Heap Scan on sbtest8  (cost=22.78..3895.55 rows=1009 width=4)
	        Recheck Cond: ((id >= 501162) AND (id <= 502161))
	        ->  Bitmap Index Scan on sbtest8_pkey  (cost=0.00..22.52 rows=1009 width=0)
	              Index Cond: ((id >= 501162) AND (id <= 502161))

for: sum_ranges
table 1 : explain SELECT SUM(k) FROM sbtest1 WHERE id BETWEEN 8654945 AND 8655944
	Aggregate  (cost=3593.84..3593.85 rows=1 width=8)
	  ->  Bitmap Heap Scan on sbtest1  (cost=21.96..3591.51 rows=929 width=4)
	        Recheck Cond: ((id >= 8654945) AND (id <= 8655944))
	        ->  Bitmap Index Scan on sbtest1_pkey  (cost=0.00..21.72 rows=929 width=0)
	              Index Cond: ((id >= 8654945) AND (id <= 8655944))

table 2 : explain SELECT SUM(k) FROM sbtest2 WHERE id BETWEEN 7204620 AND 7205619
	Aggregate  (cost=3967.02..3967.03 rows=1 width=8)
	  ->  Bitmap Heap Scan on sbtest2  (cost=22.97..3964.45 rows=1028 width=4)
	        Recheck Cond: ((id >= 7204620) AND (id <= 7205619))
	        ->  Bitmap Index Scan on sbtest2_pkey  (cost=0.00..22.71 rows=1028 width=0)
	              Index Cond: ((id >= 7204620) AND (id <= 7205619))

table 3 : explain SELECT SUM(k) FROM sbtest3 WHERE id BETWEEN 9528100 AND 9529099
	Aggregate  (cost=4290.79..4290.80 rows=1 width=8)
	  ->  Bitmap Heap Scan on sbtest3  (cost=27.85..4288.00 rows=1114 width=4)
	        Recheck Cond: ((id >= 9528100) AND (id <= 9529099))
	        ->  Bitmap Index Scan on sbtest3_pkey  (cost=0.00..27.57 rows=1114 width=0)
	              Index Cond: ((id >= 9528100) AND (id <= 9529099))

table 4 : explain SELECT SUM(k) FROM sbtest4 WHERE id BETWEEN 648930 AND 649929
	Aggregate  (cost=3903.69..3903.70 rows=1 width=8)
	  ->  Bitmap Heap Scan on sbtest4  (cost=22.80..3901.16 rows=1011 width=4)
	        Recheck Cond: ((id >= 648930) AND (id <= 649929))
	        ->  Bitmap Index Scan on sbtest4_pkey  (cost=0.00..22.54 rows=1011 width=0)
	              Index Cond: ((id >= 648930) AND (id <= 649929))

table 5 : explain SELECT SUM(k) FROM sbtest5 WHERE id BETWEEN 4024401 AND 4025400
	Aggregate  (cost=3926.42..3926.43 rows=1 width=8)
	  ->  Bitmap Heap Scan on sbtest5  (cost=22.86..3923.87 rows=1017 width=4)
	        Recheck Cond: ((id >= 4024401) AND (id <= 4025400))
	        ->  Bitmap Index Scan on sbtest5_pkey  (cost=0.00..22.61 rows=1017 width=0)
	              Index Cond: ((id >= 4024401) AND (id <= 4025400))

table 6 : explain SELECT SUM(k) FROM sbtest6 WHERE id BETWEEN 3830750 AND 3831749
	Aggregate  (cost=3837.03..3837.04 rows=1 width=8)
	  ->  Bitmap Heap Scan on sbtest6  (cost=22.61..3834.55 rows=993 width=4)
	        Recheck Cond: ((id >= 3830750) AND (id <= 3831749))
	        ->  Bitmap Index Scan on sbtest6_pkey  (cost=0.00..22.36 rows=993 width=0)
	              Index Cond: ((id >= 3830750) AND (id <= 3831749))

table 7 : explain SELECT SUM(k) FROM sbtest7 WHERE id BETWEEN 3526122 AND 3527121
	Aggregate  (cost=3983.51..3983.52 rows=1 width=8)
	  ->  Bitmap Heap Scan on sbtest7  (cost=23.01..3980.93 rows=1032 width=4)
	        Recheck Cond: ((id >= 3526122) AND (id <= 3527121))
	        ->  Bitmap Index Scan on sbtest7_pkey  (cost=0.00..22.75 rows=1032 width=0)
	              Index Cond: ((id >= 3526122) AND (id <= 3527121))

table 8 : explain SELECT SUM(k) FROM sbtest8 WHERE id BETWEEN 7861821 AND 7862820
	Aggregate  (cost=3664.19..3664.20 rows=1 width=8)
	  ->  Bitmap Heap Scan on sbtest8  (cost=22.14..3661.82 rows=947 width=4)
	        Recheck Cond: ((id >= 7861821) AND (id <= 7862820))
	        ->  Bitmap Index Scan on sbtest8_pkey  (cost=0.00..21.90 rows=947 width=0)
	              Index Cond: ((id >= 7861821) AND (id <= 7862820))

for: sum_ranges
table 1 : explain SELECT SUM(k) FROM sbtest1 WHERE id BETWEEN 8960378 AND 8961377
	Aggregate  (cost=4357.73..4357.74 rows=1 width=8)
	  ->  Bitmap Heap Scan on sbtest1  (cost=28.04..4354.90 rows=1132 width=4)
	        Recheck Cond: ((id >= 8960378) AND (id <= 8961377))
	        ->  Bitmap Index Scan on sbtest1_pkey  (cost=0.00..27.75 rows=1132 width=0)
	              Index Cond: ((id >= 8960378) AND (id <= 8961377))

table 2 : explain SELECT SUM(k) FROM sbtest2 WHERE id BETWEEN 6372528 AND 6373527
	Aggregate  (cost=3658.10..3658.11 rows=1 width=8)
	  ->  Bitmap Heap Scan on sbtest2  (cost=22.13..3655.73 rows=946 width=4)
	        Recheck Cond: ((id >= 6372528) AND (id <= 6373527))
	        ->  Bitmap Index Scan on sbtest2_pkey  (cost=0.00..21.89 rows=946 width=0)
	              Index Cond: ((id >= 6372528) AND (id <= 6373527))

table 3 : explain SELECT SUM(k) FROM sbtest3 WHERE id BETWEEN 8742631 AND 8743630
	Aggregate  (cost=3658.43..3658.44 rows=1 width=8)
	  ->  Bitmap Heap Scan on sbtest3  (cost=22.13..3656.06 rows=946 width=4)
	        Recheck Cond: ((id >= 8742631) AND (id <= 8743630))
	        ->  Bitmap Index Scan on sbtest3_pkey  (cost=0.00..21.89 rows=946 width=0)
	              Index Cond: ((id >= 8742631) AND (id <= 8743630))

table 4 : explain SELECT SUM(k) FROM sbtest4 WHERE id BETWEEN 3528 AND 4527
	Aggregate  (cost=3707.72..3707.73 rows=1 width=8)
	  ->  Bitmap Heap Scan on sbtest4  (cost=22.26..3705.33 rows=959 width=4)
	        Recheck Cond: ((id >= 3528) AND (id <= 4527))
	        ->  Bitmap Index Scan on sbtest4_pkey  (cost=0.00..22.02 rows=959 width=0)
	              Index Cond: ((id >= 3528) AND (id <= 4527))

table 5 : explain SELECT SUM(k) FROM sbtest5 WHERE id BETWEEN 2762864 AND 2763863
	Aggregate  (cost=3964.06..3964.07 rows=1 width=8)
	  ->  Bitmap Heap Scan on sbtest5  (cost=22.96..3961.49 rows=1027 width=4)
	        Recheck Cond: ((id >= 2762864) AND (id <= 2763863))
	        ->  Bitmap Index Scan on sbtest5_pkey  (cost=0.00..22.70 rows=1027 width=0)
	              Index Cond: ((id >= 2762864) AND (id <= 2763863))

table 6 : explain SELECT SUM(k) FROM sbtest6 WHERE id BETWEEN 4269074 AND 4270073
	Aggregate  (cost=3840.80..3840.81 rows=1 width=8)
	  ->  Bitmap Heap Scan on sbtest6  (cost=22.62..3838.32 rows=994 width=4)
	        Recheck Cond: ((id >= 4269074) AND (id <= 4270073))
	        ->  Bitmap Index Scan on sbtest6_pkey  (cost=0.00..22.37 rows=994 width=0)
	              Index Cond: ((id >= 4269074) AND (id <= 4270073))

table 7 : explain SELECT SUM(k) FROM sbtest7 WHERE id BETWEEN 3222747 AND 3223746
	Aggregate  (cost=3994.80..3994.81 rows=1 width=8)
	  ->  Bitmap Heap Scan on sbtest7  (cost=23.04..3992.21 rows=1035 width=4)
	        Recheck Cond: ((id >= 3222747) AND (id <= 3223746))
	        ->  Bitmap Index Scan on sbtest7_pkey  (cost=0.00..22.79 rows=1035 width=0)
	              Index Cond: ((id >= 3222747) AND (id <= 3223746))

table 8 : explain SELECT SUM(k) FROM sbtest8 WHERE id BETWEEN 8930291 AND 8931290
	Aggregate  (cost=3705.72..3705.73 rows=1 width=8)
	  ->  Bitmap Heap Scan on sbtest8  (cost=22.25..3703.32 rows=958 width=4)
	        Recheck Cond: ((id >= 8930291) AND (id <= 8931290))
	        ->  Bitmap Index Scan on sbtest8_pkey  (cost=0.00..22.01 rows=958 width=0)
	              Index Cond: ((id >= 8930291) AND (id <= 8931290))

explain: for point_selects :: explain SELECT c FROM sbtest%u WHERE id=%u
explain: for point_selects :: explain SELECT c FROM sbtest%u WHERE id=%u
explain: for point_selects :: explain SELECT c FROM sbtest%u WHERE id=%u
for: sum_ranges
table 1 : explain SELECT SUM(k) FROM sbtest1 WHERE id BETWEEN 3405587 AND 3406586
	Aggregate  (cost=3850.22..3850.23 rows=1 width=8)
	  ->  Bitmap Heap Scan on sbtest1  (cost=22.65..3847.73 rows=997 width=4)
	        Recheck Cond: ((id >= 3405587) AND (id <= 3406586))
	        ->  Bitmap Index Scan on sbtest1_pkey  (cost=0.00..22.40 rows=997 width=0)
	              Index Cond: ((id >= 3405587) AND (id <= 3406586))

table 2 : explain SELECT SUM(k) FROM sbtest2 WHERE id BETWEEN 9883991 AND 9884990
	Aggregate  (cost=3929.40..3929.41 rows=1 width=8)
	  ->  Bitmap Heap Scan on sbtest2  (cost=22.87..3926.85 rows=1018 width=4)
	        Recheck Cond: ((id >= 9883991) AND (id <= 9884990))
	        ->  Bitmap Index Scan on sbtest2_pkey  (cost=0.00..22.61 rows=1018 width=0)
	              Index Cond: ((id >= 9883991) AND (id <= 9884990))

table 3 : explain SELECT SUM(k) FROM sbtest3 WHERE id BETWEEN 2875656 AND 2876655
	Aggregate  (cost=4226.99..4227.00 rows=1 width=8)
	  ->  Bitmap Heap Scan on sbtest3  (cost=27.68..4224.24 rows=1097 width=4)
	        Recheck Cond: ((id >= 2875656) AND (id <= 2876655))
	        ->  Bitmap Index Scan on sbtest3_pkey  (cost=0.00..27.40 rows=1097 width=0)
	              Index Cond: ((id >= 2875656) AND (id <= 2876655))

table 4 : explain SELECT SUM(k) FROM sbtest4 WHERE id BETWEEN 5686240 AND 5687239
	Aggregate  (cost=3700.18..3700.19 rows=1 width=8)
	  ->  Bitmap Heap Scan on sbtest4  (cost=22.24..3697.79 rows=957 width=4)
	        Recheck Cond: ((id >= 5686240) AND (id <= 5687239))
	        ->  Bitmap Index Scan on sbtest4_pkey  (cost=0.00..22.00 rows=957 width=0)
	              Index Cond: ((id >= 5686240) AND (id <= 5687239))

table 5 : explain SELECT SUM(k) FROM sbtest5 WHERE id BETWEEN 1394375 AND 1395374
	Aggregate  (cost=3749.34..3749.35 rows=1 width=8)
	  ->  Bitmap Heap Scan on sbtest5  (cost=22.38..3746.91 rows=970 width=4)
	        Recheck Cond: ((id >= 1394375) AND (id <= 1395374))
	        ->  Bitmap Index Scan on sbtest5_pkey  (cost=0.00..22.14 rows=970 width=0)
	              Index Cond: ((id >= 1394375) AND (id <= 1395374))

table 6 : explain SELECT SUM(k) FROM sbtest6 WHERE id BETWEEN 6366610 AND 6367609
	Aggregate  (cost=4055.43..4055.44 rows=1 width=8)
	  ->  Bitmap Heap Scan on sbtest6  (cost=23.21..4052.80 rows=1051 width=4)
	        Recheck Cond: ((id >= 6366610) AND (id <= 6367609))
	        ->  Bitmap Index Scan on sbtest6_pkey  (cost=0.00..22.94 rows=1051 width=0)
	              Index Cond: ((id >= 6366610) AND (id <= 6367609))

table 7 : explain SELECT SUM(k) FROM sbtest7 WHERE id BETWEEN 7420617 AND 7421616
	Aggregate  (cost=4013.61..4013.62 rows=1 width=8)
	  ->  Bitmap Heap Scan on sbtest7  (cost=23.09..4011.01 rows=1040 width=4)
	        Recheck Cond: ((id >= 7420617) AND (id <= 7421616))
	        ->  Bitmap Index Scan on sbtest7_pkey  (cost=0.00..22.83 rows=1040 width=0)
	              Index Cond: ((id >= 7420617) AND (id <= 7421616))

table 8 : explain SELECT SUM(k) FROM sbtest8 WHERE id BETWEEN 3682800 AND 3683799
	Aggregate  (cost=4203.12..4203.13 rows=1 width=8)
	  ->  Bitmap Heap Scan on sbtest8  (cost=27.60..4200.40 rows=1089 width=4)
	        Recheck Cond: ((id >= 3682800) AND (id <= 3683799))
	        ->  Bitmap Index Scan on sbtest8_pkey  (cost=0.00..27.32 rows=1089 width=0)
	              Index Cond: ((id >= 3682800) AND (id <= 3683799))

for: distinct_ranges
table 1 : explain SELECT DISTINCT c FROM sbtest1 WHERE id BETWEEN 1363561 AND 1364560 ORDER BY c
	Unique  (cost=4004.31..4009.44 rows=1025 width=121)
	  ->  Sort  (cost=4004.31..4006.87 rows=1025 width=121)
	        Sort Key: c
	        ->  Bitmap Heap Scan on sbtest1  (cost=22.94..3953.05 rows=1025 width=121)
	              Recheck Cond: ((id >= 1363561) AND (id <= 1364560))
	              ->  Bitmap Index Scan on sbtest1_pkey  (cost=0.00..22.68 rows=1025 width=0)
	                    Index Cond: ((id >= 1363561) AND (id <= 1364560))

table 2 : explain SELECT DISTINCT c FROM sbtest2 WHERE id BETWEEN 8352772 AND 8353771 ORDER BY c
	Unique  (cost=3855.47..3860.40 rows=986 width=121)
	  ->  Sort  (cost=3855.47..3857.93 rows=986 width=121)
	        Sort Key: c
	        ->  Bitmap Heap Scan on sbtest2  (cost=22.54..3806.44 rows=986 width=121)
	              Recheck Cond: ((id >= 8352772) AND (id <= 8353771))
	              ->  Bitmap Index Scan on sbtest2_pkey  (cost=0.00..22.29 rows=986 width=0)
	                    Index Cond: ((id >= 8352772) AND (id <= 8353771))

table 3 : explain SELECT DISTINCT c FROM sbtest3 WHERE id BETWEEN 8296438 AND 8297437 ORDER BY c
	Unique  (cost=4435.72..4441.41 rows=1138 width=121)
	  ->  Sort  (cost=4435.72..4438.56 rows=1138 width=121)
	        Sort Key: c
	        ->  Bitmap Heap Scan on sbtest3  (cost=28.10..4377.95 rows=1138 width=121)
	              Recheck Cond: ((id >= 8296438) AND (id <= 8297437))
	              ->  Bitmap Index Scan on sbtest3_pkey  (cost=0.00..27.82 rows=1138 width=0)
	                    Index Cond: ((id >= 8296438) AND (id <= 8297437))

table 4 : explain SELECT DISTINCT c FROM sbtest4 WHERE id BETWEEN 3518210 AND 3519209 ORDER BY c
	Unique  (cost=3951.62..3956.68 rows=1011 width=121)
	  ->  Sort  (cost=3951.62..3954.15 rows=1011 width=121)
	        Sort Key: c
	        ->  Bitmap Heap Scan on sbtest4  (cost=22.80..3901.16 rows=1011 width=121)
	              Recheck Cond: ((id >= 3518210) AND (id <= 3519209))
	              ->  Bitmap Index Scan on sbtest4_pkey  (cost=0.00..22.54 rows=1011 width=0)
	                    Index Cond: ((id >= 3518210) AND (id <= 3519209))

table 5 : explain SELECT DISTINCT c FROM sbtest5 WHERE id BETWEEN 255385 AND 256384 ORDER BY c
	Unique  (cost=4096.83..4102.07 rows=1049 width=121)
	  ->  Sort  (cost=4096.83..4099.45 rows=1049 width=121)
	        Sort Key: c
	        ->  Bitmap Heap Scan on sbtest5  (cost=23.19..4044.19 rows=1049 width=121)
	              Recheck Cond: ((id >= 255385) AND (id <= 256384))
	              ->  Bitmap Index Scan on sbtest5_pkey  (cost=0.00..22.93 rows=1049 width=0)
	                    Index Cond: ((id >= 255385) AND (id <= 256384))

table 6 : explain SELECT DISTINCT c FROM sbtest6 WHERE id BETWEEN 3272947 AND 3273946 ORDER BY c
	Unique  (cost=3673.49..3678.18 rows=938 width=121)
	  ->  Sort  (cost=3673.49..3675.83 rows=938 width=121)
	        Sort Key: c
	        ->  Bitmap Heap Scan on sbtest6  (cost=22.05..3627.18 rows=938 width=121)
	              Recheck Cond: ((id >= 3272947) AND (id <= 3273946))
	              ->  Bitmap Index Scan on sbtest6_pkey  (cost=0.00..21.82 rows=938 width=0)
	                    Index Cond: ((id >= 3272947) AND (id <= 3273946))

table 7 : explain SELECT DISTINCT c FROM sbtest7 WHERE id BETWEEN 6361817 AND 6362816 ORDER BY c
	Unique  (cost=4097.48..4102.72 rows=1049 width=121)
	  ->  Sort  (cost=4097.48..4100.10 rows=1049 width=121)
	        Sort Key: c
	        ->  Bitmap Heap Scan on sbtest7  (cost=23.19..4044.85 rows=1049 width=121)
	              Recheck Cond: ((id >= 6361817) AND (id <= 6362816))
	              ->  Bitmap Index Scan on sbtest7_pkey  (cost=0.00..22.93 rows=1049 width=0)
	                    Index Cond: ((id >= 6361817) AND (id <= 6362816))

table 8 : explain SELECT DISTINCT c FROM sbtest8 WHERE id BETWEEN 5592877 AND 5593876 ORDER BY c
	Unique  (cost=3639.66..3644.31 rows=929 width=121)
	  ->  Sort  (cost=3639.66..3641.99 rows=929 width=121)
	        Sort Key: c
	        ->  Bitmap Heap Scan on sbtest8  (cost=21.96..3593.87 rows=929 width=121)
	              Recheck Cond: ((id >= 5592877) AND (id <= 5593876))
	              ->  Bitmap Index Scan on sbtest8_pkey  (cost=0.00..21.72 rows=929 width=0)
	                    Index Cond: ((id >= 5592877) AND (id <= 5593876))

for: order_ranges
table 1 : explain SELECT c FROM sbtest1 WHERE id BETWEEN 4803867 AND 4804866 ORDER BY c
	Sort  (cost=4145.46..4148.11 rows=1062 width=121)
	  Sort Key: c
	  ->  Bitmap Heap Scan on sbtest1  (cost=23.32..4092.08 rows=1062 width=121)
	        Recheck Cond: ((id >= 4803867) AND (id <= 4804866))
	        ->  Bitmap Index Scan on sbtest1_pkey  (cost=0.00..23.05 rows=1062 width=0)
	              Index Cond: ((id >= 4803867) AND (id <= 4804866))

table 2 : explain SELECT c FROM sbtest2 WHERE id BETWEEN 5203920 AND 5204919 ORDER BY c
	Sort  (cost=3851.65..3854.11 rows=985 width=121)
	  Sort Key: c
	  ->  Bitmap Heap Scan on sbtest2  (cost=22.53..3802.67 rows=985 width=121)
	        Recheck Cond: ((id >= 5203920) AND (id <= 5204919))
	        ->  Bitmap Index Scan on sbtest2_pkey  (cost=0.00..22.29 rows=985 width=0)
	              Index Cond: ((id >= 5203920) AND (id <= 5204919))

table 3 : explain SELECT c FROM sbtest3 WHERE id BETWEEN 6459748 AND 6460747 ORDER BY c
	Sort  (cost=3492.12..3494.34 rows=891 width=121)
	  Sort Key: c
	  ->  Bitmap Heap Scan on sbtest3  (cost=21.57..3448.46 rows=891 width=121)
	        Recheck Cond: ((id >= 6459748) AND (id <= 6460747))
	        ->  Bitmap Index Scan on sbtest3_pkey  (cost=0.00..21.34 rows=891 width=0)
	              Index Cond: ((id >= 6459748) AND (id <= 6460747))

table 4 : explain SELECT c FROM sbtest4 WHERE id BETWEEN 8756966 AND 8757965 ORDER BY c
	Sort  (cost=3894.31..3896.80 rows=996 width=121)
	  Sort Key: c
	  ->  Bitmap Heap Scan on sbtest4  (cost=22.64..3844.71 rows=996 width=121)
	        Recheck Cond: ((id >= 8756966) AND (id <= 8757965))
	        ->  Bitmap Index Scan on sbtest4_pkey  (cost=0.00..22.39 rows=996 width=0)
	              Index Cond: ((id >= 8756966) AND (id <= 8757965))

table 5 : explain SELECT c FROM sbtest5 WHERE id BETWEEN 4211383 AND 4212382 ORDER BY c
	Sort  (cost=3951.76..3954.28 rows=1011 width=121)
	  Sort Key: c
	  ->  Bitmap Heap Scan on sbtest5  (cost=22.80..3901.30 rows=1011 width=121)
	        Recheck Cond: ((id >= 4211383) AND (id <= 4212382))
	        ->  Bitmap Index Scan on sbtest5_pkey  (cost=0.00..22.54 rows=1011 width=0)
	              Index Cond: ((id >= 4211383) AND (id <= 4212382))

table 6 : explain SELECT c FROM sbtest6 WHERE id BETWEEN 1469069 AND 1470068 ORDER BY c
	Sort  (cost=3734.76..3737.14 rows=954 width=121)
	  Sort Key: c
	  ->  Bitmap Heap Scan on sbtest6  (cost=22.21..3687.55 rows=954 width=121)
	        Recheck Cond: ((id >= 1469069) AND (id <= 1470068))
	        ->  Bitmap Index Scan on sbtest6_pkey  (cost=0.00..21.97 rows=954 width=0)
	              Index Cond: ((id >= 1469069) AND (id <= 1470068))

table 7 : explain SELECT c FROM sbtest7 WHERE id BETWEEN 5975518 AND 5976517 ORDER BY c
	Sort  (cost=4196.66..4199.35 rows=1075 width=121)
	  Sort Key: c
	  ->  Bitmap Heap Scan on sbtest7  (cost=23.45..4142.54 rows=1075 width=121)
	        Recheck Cond: ((id >= 5975518) AND (id <= 5976517))
	        ->  Bitmap Index Scan on sbtest7_pkey  (cost=0.00..23.18 rows=1075 width=0)
	              Index Cond: ((id >= 5975518) AND (id <= 5976517))

table 8 : explain SELECT c FROM sbtest8 WHERE id BETWEEN 6842348 AND 6843347 ORDER BY c
	Sort  (cost=3953.53..3956.06 rows=1011 width=121)
	  Sort Key: c
	  ->  Bitmap Heap Scan on sbtest8  (cost=22.80..3903.08 rows=1011 width=121)
	        Recheck Cond: ((id >= 6842348) AND (id <= 6843347))
	        ->  Bitmap Index Scan on sbtest8_pkey  (cost=0.00..22.54 rows=1011 width=0)
	              Index Cond: ((id >= 6842348) AND (id <= 6843347))

for: order_ranges
table 1 : explain SELECT c FROM sbtest1 WHERE id BETWEEN 3411224 AND 3412223 ORDER BY c
	Sort  (cost=3897.39..3899.88 rows=997 width=121)
	  Sort Key: c
	  ->  Bitmap Heap Scan on sbtest1  (cost=22.65..3847.73 rows=997 width=121)
	        Recheck Cond: ((id >= 3411224) AND (id <= 3412223))
	        ->  Bitmap Index Scan on sbtest1_pkey  (cost=0.00..22.40 rows=997 width=0)
	              Index Cond: ((id >= 3411224) AND (id <= 3412223))

table 2 : explain SELECT c FROM sbtest2 WHERE id BETWEEN 4278018 AND 4279017 ORDER BY c
	Sort  (cost=4115.08..4117.71 rows=1054 width=121)
	  Sort Key: c
	  ->  Bitmap Heap Scan on sbtest2  (cost=23.24..4062.16 rows=1054 width=121)
	        Recheck Cond: ((id >= 4278018) AND (id <= 4279017))
	        ->  Bitmap Index Scan on sbtest2_pkey  (cost=0.00..22.97 rows=1054 width=0)
	              Index Cond: ((id >= 4278018) AND (id <= 4279017))

table 3 : explain SELECT c FROM sbtest3 WHERE id BETWEEN 2502971 AND 2503970 ORDER BY c
	Sort  (cost=3492.12..3494.34 rows=891 width=121)
	  Sort Key: c
	  ->  Bitmap Heap Scan on sbtest3  (cost=21.57..3448.46 rows=891 width=121)
	        Recheck Cond: ((id >= 2502971) AND (id <= 2503970))
	        ->  Bitmap Index Scan on sbtest3_pkey  (cost=0.00..21.34 rows=891 width=0)
	              Index Cond: ((id >= 2502971) AND (id <= 2503970))

table 4 : explain SELECT c FROM sbtest4 WHERE id BETWEEN 7956076 AND 7957075 ORDER BY c
	Sort  (cost=4260.90..4263.63 rows=1092 width=121)
	  Sort Key: c
	  ->  Bitmap Heap Scan on sbtest4  (cost=27.63..4205.79 rows=1092 width=121)
	        Recheck Cond: ((id >= 7956076) AND (id <= 7957075))
	        ->  Bitmap Index Scan on sbtest4_pkey  (cost=0.00..27.36 rows=1092 width=0)
	              Index Cond: ((id >= 7956076) AND (id <= 7957075))

table 5 : explain SELECT c FROM sbtest5 WHERE id BETWEEN 1018434 AND 1019433 ORDER BY c
	Sort  (cost=4024.31..4026.89 rows=1030 width=121)
	  Sort Key: c
	  ->  Bitmap Heap Scan on sbtest5  (cost=22.99..3972.77 rows=1030 width=121)
	        Recheck Cond: ((id >= 1018434) AND (id <= 1019433))
	        ->  Bitmap Index Scan on sbtest5_pkey  (cost=0.00..22.73 rows=1030 width=0)
	              Index Cond: ((id >= 1018434) AND (id <= 1019433))

table 6 : explain SELECT c FROM sbtest6 WHERE id BETWEEN 5735381 AND 5736380 ORDER BY c
	Sort  (cost=3730.93..3733.31 rows=953 width=121)
	  Sort Key: c
	  ->  Bitmap Heap Scan on sbtest6  (cost=22.20..3683.77 rows=953 width=121)
	        Recheck Cond: ((id >= 5735381) AND (id <= 5736380))
	        ->  Bitmap Index Scan on sbtest6_pkey  (cost=0.00..21.96 rows=953 width=0)
	              Index Cond: ((id >= 5735381) AND (id <= 5736380))

table 7 : explain SELECT c FROM sbtest7 WHERE id BETWEEN 4773381 AND 4774380 ORDER BY c
	Sort  (cost=3898.87..3901.36 rows=997 width=121)
	  Sort Key: c
	  ->  Bitmap Heap Scan on sbtest7  (cost=22.65..3849.21 rows=997 width=121)
	        Recheck Cond: ((id >= 4773381) AND (id <= 4774380))
	        ->  Bitmap Index Scan on sbtest7_pkey  (cost=0.00..22.40 rows=997 width=0)
	              Index Cond: ((id >= 4773381) AND (id <= 4774380))

table 8 : explain SELECT c FROM sbtest8 WHERE id BETWEEN 9669751 AND 9670750 ORDER BY c
	Sort  (cost=4125.43..4128.07 rows=1056 width=121)
	  Sort Key: c
	  ->  Bitmap Heap Scan on sbtest8  (cost=23.26..4072.40 rows=1056 width=121)
	        Recheck Cond: ((id >= 9669751) AND (id <= 9670750))
	        ->  Bitmap Index Scan on sbtest8_pkey  (cost=0.00..23.00 rows=1056 width=0)
	              Index Cond: ((id >= 9669751) AND (id <= 9670750))

for: distinct_ranges
table 1 : explain SELECT DISTINCT c FROM sbtest1 WHERE id BETWEEN 9624687 AND 9625686 ORDER BY c
	Unique  (cost=3782.72..3787.56 rows=967 width=121)
	  ->  Sort  (cost=3782.72..3785.14 rows=967 width=121)
	        Sort Key: c
	        ->  Bitmap Heap Scan on sbtest1  (cost=22.35..3734.77 rows=967 width=121)
	              Recheck Cond: ((id >= 9624687) AND (id <= 9625686))
	              ->  Bitmap Index Scan on sbtest1_pkey  (cost=0.00..22.11 rows=967 width=0)
	                    Index Cond: ((id >= 9624687) AND (id <= 9625686))

table 2 : explain SELECT DISTINCT c FROM sbtest2 WHERE id BETWEEN 7440467 AND 7441466 ORDER BY c
	Unique  (cost=3763.71..3768.52 rows=962 width=121)
	  ->  Sort  (cost=3763.71..3766.11 rows=962 width=121)
	        Sort Key: c
	        ->  Bitmap Heap Scan on sbtest2  (cost=22.30..3716.04 rows=962 width=121)
	              Recheck Cond: ((id >= 7440467) AND (id <= 7441466))
	              ->  Bitmap Index Scan on sbtest2_pkey  (cost=0.00..22.05 rows=962 width=0)
	                    Index Cond: ((id >= 7440467) AND (id <= 7441466))

table 3 : explain SELECT DISTINCT c FROM sbtest3 WHERE id BETWEEN 7750569 AND 7751568 ORDER BY c
	Unique  (cost=3825.24..3830.13 rows=978 width=121)
	  ->  Sort  (cost=3825.24..3827.68 rows=978 width=121)
	        Sort Key: c
	        ->  Bitmap Heap Scan on sbtest3  (cost=22.46..3776.66 rows=978 width=121)
	              Recheck Cond: ((id >= 7750569) AND (id <= 7751568))
	              ->  Bitmap Index Scan on sbtest3_pkey  (cost=0.00..22.21 rows=978 width=0)
	                    Index Cond: ((id >= 7750569) AND (id <= 7751568))

table 4 : explain SELECT DISTINCT c FROM sbtest4 WHERE id BETWEEN 4863829 AND 4864828 ORDER BY c
	Unique  (cost=3733.69..3738.46 rows=954 width=121)
	  ->  Sort  (cost=3733.69..3736.08 rows=954 width=121)
	        Sort Key: c
	        ->  Bitmap Heap Scan on sbtest4  (cost=22.21..3686.48 rows=954 width=121)
	              Recheck Cond: ((id >= 4863829) AND (id <= 4864828))
	              ->  Bitmap Index Scan on sbtest4_pkey  (cost=0.00..21.97 rows=954 width=0)
	                    Index Cond: ((id >= 4863829) AND (id <= 4864828))

table 5 : explain SELECT DISTINCT c FROM sbtest5 WHERE id BETWEEN 1491561 AND 1492560 ORDER BY c
	Unique  (cost=4005.22..4010.35 rows=1025 width=121)
	  ->  Sort  (cost=4005.22..4007.79 rows=1025 width=121)
	        Sort Key: c
	        ->  Bitmap Heap Scan on sbtest5  (cost=22.94..3953.97 rows=1025 width=121)
	              Recheck Cond: ((id >= 1491561) AND (id <= 1492560))
	              ->  Bitmap Index Scan on sbtest5_pkey  (cost=0.00..22.68 rows=1025 width=0)
	                    Index Cond: ((id >= 1491561) AND (id <= 1492560))

table 6 : explain SELECT DISTINCT c FROM sbtest6 WHERE id BETWEEN 3616271 AND 3617270 ORDER BY c
	Unique  (cost=3753.90..3758.69 rows=959 width=121)
	  ->  Sort  (cost=3753.90..3756.30 rows=959 width=121)
	        Sort Key: c
	        ->  Bitmap Heap Scan on sbtest6  (cost=22.26..3706.40 rows=959 width=121)
	              Recheck Cond: ((id >= 3616271) AND (id <= 3617270))
	              ->  Bitmap Index Scan on sbtest6_pkey  (cost=0.00..22.02 rows=959 width=0)
	                    Index Cond: ((id >= 3616271) AND (id <= 3617270))

table 7 : explain SELECT DISTINCT c FROM sbtest7 WHERE id BETWEEN 859440 AND 860439 ORDER BY c
	Unique  (cost=3883.58..3888.54 rows=993 width=121)
	  ->  Sort  (cost=3883.58..3886.06 rows=993 width=121)
	        Sort Key: c
	        ->  Bitmap Heap Scan on sbtest7  (cost=22.61..3834.15 rows=993 width=121)
	              Recheck Cond: ((id >= 859440) AND (id <= 860439))
	              ->  Bitmap Index Scan on sbtest7_pkey  (cost=0.00..22.36 rows=993 width=0)
	                    Index Cond: ((id >= 859440) AND (id <= 860439))

table 8 : explain SELECT DISTINCT c FROM sbtest8 WHERE id BETWEEN 7973623 AND 7974622 ORDER BY c
	Unique  (cost=3972.65..3977.73 rows=1016 width=121)
	  ->  Sort  (cost=3972.65..3975.19 rows=1016 width=121)
	        Sort Key: c
	        ->  Bitmap Heap Scan on sbtest8  (cost=22.85..3921.90 rows=1016 width=121)
	              Recheck Cond: ((id >= 7973623) AND (id <= 7974622))
	              ->  Bitmap Index Scan on sbtest8_pkey  (cost=0.00..22.59 rows=1016 width=0)
	                    Index Cond: ((id >= 7973623) AND (id <= 7974622))

for point_selects
table 1 : explain SELECT c FROM sbtest1 WHERE id=3953350
	Index Scan using sbtest1_pkey on sbtest1  (cost=0.43..8.45 rows=1 width=121)
	  Index Cond: (id = 3953350)

table 2 : explain SELECT c FROM sbtest2 WHERE id=9416178
	Index Scan using sbtest2_pkey on sbtest2  (cost=0.43..8.45 rows=1 width=121)
	  Index Cond: (id = 9416178)

table 3 : explain SELECT c FROM sbtest3 WHERE id=2020114
	Index Scan using sbtest3_pkey on sbtest3  (cost=0.43..8.45 rows=1 width=121)
	  Index Cond: (id = 2020114)

table 4 : explain SELECT c FROM sbtest4 WHERE id=1092161
	Index Scan using sbtest4_pkey on sbtest4  (cost=0.43..8.45 rows=1 width=121)
	  Index Cond: (id = 1092161)

table 5 : explain SELECT c FROM sbtest5 WHERE id=4676474
	Index Scan using sbtest5_pkey on sbtest5  (cost=0.43..8.45 rows=1 width=121)
	  Index Cond: (id = 4676474)

table 6 : explain SELECT c FROM sbtest6 WHERE id=7419743
	Index Scan using sbtest6_pkey on sbtest6  (cost=0.43..8.45 rows=1 width=121)
	  Index Cond: (id = 7419743)

table 7 : explain SELECT c FROM sbtest7 WHERE id=3151807
	Index Scan using sbtest7_pkey on sbtest7  (cost=0.43..8.45 rows=1 width=121)
	  Index Cond: (id = 3151807)

table 8 : explain SELECT c FROM sbtest8 WHERE id=4189940
	Index Scan using sbtest8_pkey on sbtest8  (cost=0.43..8.45 rows=1 width=121)
	  Index Cond: (id = 4189940)

for: order_ranges
table 1 : explain SELECT c FROM sbtest1 WHERE id BETWEEN 3005772 AND 3006771 ORDER BY c
	Sort  (cost=3438.03..3440.22 rows=877 width=121)
	  Sort Key: c
	  ->  Bitmap Heap Scan on sbtest1  (cost=21.42..3395.16 rows=877 width=121)
	        Recheck Cond: ((id >= 3005772) AND (id <= 3006771))
	        ->  Bitmap Index Scan on sbtest1_pkey  (cost=0.00..21.20 rows=877 width=0)
	              Index Cond: ((id >= 3005772) AND (id <= 3006771))

table 2 : explain SELECT c FROM sbtest2 WHERE id BETWEEN 8089899 AND 8090898 ORDER BY c
	Sort  (cost=4225.62..4228.33 rows=1083 width=121)
	  Sort Key: c
	  ->  Bitmap Heap Scan on sbtest2  (cost=23.54..4171.03 rows=1083 width=121)
	        Recheck Cond: ((id >= 8089899) AND (id <= 8090898))
	        ->  Bitmap Index Scan on sbtest2_pkey  (cost=0.00..23.26 rows=1083 width=0)
	              Index Cond: ((id >= 8089899) AND (id <= 8090898))

table 3 : explain SELECT c FROM sbtest3 WHERE id BETWEEN 6266976 AND 6267975 ORDER BY c
	Sort  (cost=3813.77..3816.21 rows=975 width=121)
	  Sort Key: c
	  ->  Bitmap Heap Scan on sbtest3  (cost=22.43..3765.36 rows=975 width=121)
	        Recheck Cond: ((id >= 6266976) AND (id <= 6267975))
	        ->  Bitmap Index Scan on sbtest3_pkey  (cost=0.00..22.18 rows=975 width=0)
	              Index Cond: ((id >= 6266976) AND (id <= 6267975))

table 4 : explain SELECT c FROM sbtest4 WHERE id BETWEEN 4538547 AND 4539546 ORDER BY c
	Sort  (cost=3546.02..3548.28 rows=905 width=121)
	  Sort Key: c
	  ->  Bitmap Heap Scan on sbtest4  (cost=21.71..3501.58 rows=905 width=121)
	        Recheck Cond: ((id >= 4538547) AND (id <= 4539546))
	        ->  Bitmap Index Scan on sbtest4_pkey  (cost=0.00..21.48 rows=905 width=0)
	              Index Cond: ((id >= 4538547) AND (id <= 4539546))

table 5 : explain SELECT c FROM sbtest5 WHERE id BETWEEN 421463 AND 422462 ORDER BY c
	Sort  (cost=4131.16..4133.81 rows=1058 width=121)
	  Sort Key: c
	  ->  Bitmap Heap Scan on sbtest5  (cost=23.28..4078.01 rows=1058 width=121)
	        Recheck Cond: ((id >= 421463) AND (id <= 422462))
	        ->  Bitmap Index Scan on sbtest5_pkey  (cost=0.00..23.01 rows=1058 width=0)
	              Index Cond: ((id >= 421463) AND (id <= 422462))

table 6 : explain SELECT c FROM sbtest6 WHERE id BETWEEN 3090730 AND 3091729 ORDER BY c
	Sort  (cost=4044.47..4047.05 rows=1035 width=121)
	  Sort Key: c
	  ->  Bitmap Heap Scan on sbtest6  (cost=23.04..3992.64 rows=1035 width=121)
	        Recheck Cond: ((id >= 3090730) AND (id <= 3091729))
	        ->  Bitmap Index Scan on sbtest6_pkey  (cost=0.00..22.79 rows=1035 width=0)
	              Index Cond: ((id >= 3090730) AND (id <= 3091729))

table 7 : explain SELECT c FROM sbtest7 WHERE id BETWEEN 1888903 AND 1889902 ORDER BY c
	Sort  (cost=3730.55..3732.93 rows=953 width=121)
	  Sort Key: c
	  ->  Bitmap Heap Scan on sbtest7  (cost=22.20..3683.40 rows=953 width=121)
	        Recheck Cond: ((id >= 1888903) AND (id <= 1889902))
	        ->  Bitmap Index Scan on sbtest7_pkey  (cost=0.00..21.96 rows=953 width=0)
	              Index Cond: ((id >= 1888903) AND (id <= 1889902))

table 8 : explain SELECT c FROM sbtest8 WHERE id BETWEEN 4459465 AND 4460464 ORDER BY c
	Sort  (cost=3945.89..3948.41 rows=1009 width=121)
	  Sort Key: c
	  ->  Bitmap Heap Scan on sbtest8  (cost=22.78..3895.55 rows=1009 width=121)
	        Recheck Cond: ((id >= 4459465) AND (id <= 4460464))
	        ->  Bitmap Index Scan on sbtest8_pkey  (cost=0.00..22.52 rows=1009 width=0)
	              Index Cond: ((id >= 4459465) AND (id <= 4460464))

for: order_ranges
table 1 : explain SELECT c FROM sbtest1 WHERE id BETWEEN 7344657 AND 7345656 ORDER BY c
	Sort  (cost=4320.98..4323.75 rows=1108 width=121)
	  Sort Key: c
	  ->  Bitmap Heap Scan on sbtest1  (cost=27.79..4264.95 rows=1108 width=121)
	        Recheck Cond: ((id >= 7344657) AND (id <= 7345656))
	        ->  Bitmap Index Scan on sbtest1_pkey  (cost=0.00..27.51 rows=1108 width=0)
	              Index Cond: ((id >= 7344657) AND (id <= 7345656))

table 2 : explain SELECT c FROM sbtest2 WHERE id BETWEEN 8557452 AND 8558451 ORDER BY c
	Sort  (cost=3897.50..3899.99 rows=997 width=121)
	  Sort Key: c
	  ->  Bitmap Heap Scan on sbtest2  (cost=22.65..3847.84 rows=997 width=121)
	        Recheck Cond: ((id >= 8557452) AND (id <= 8558451))
	        ->  Bitmap Index Scan on sbtest2_pkey  (cost=0.00..22.40 rows=997 width=0)
	              Index Cond: ((id >= 8557452) AND (id <= 8558451))

table 3 : explain SELECT c FROM sbtest3 WHERE id BETWEEN 2505948 AND 2506947 ORDER BY c
	Sort  (cost=3492.12..3494.34 rows=891 width=121)
	  Sort Key: c
	  ->  Bitmap Heap Scan on sbtest3  (cost=21.57..3448.46 rows=891 width=121)
	        Recheck Cond: ((id >= 2505948) AND (id <= 2506947))
	        ->  Bitmap Index Scan on sbtest3_pkey  (cost=0.00..21.34 rows=891 width=0)
	              Index Cond: ((id >= 2505948) AND (id <= 2506947))

table 4 : explain SELECT c FROM sbtest4 WHERE id BETWEEN 7544054 AND 7545053 ORDER BY c
	Sort  (cost=3714.55..3716.93 rows=949 width=121)
	  Sort Key: c
	  ->  Bitmap Heap Scan on sbtest4  (cost=22.16..3667.63 rows=949 width=121)
	        Recheck Cond: ((id >= 7544054) AND (id <= 7545053))
	        ->  Bitmap Index Scan on sbtest4_pkey  (cost=0.00..21.93 rows=949 width=0)
	              Index Cond: ((id >= 7544054) AND (id <= 7545053))

table 5 : explain SELECT c FROM sbtest5 WHERE id BETWEEN 1306126 AND 1307125 ORDER BY c
	Sort  (cost=4199.80..4202.49 rows=1076 width=121)
	  Sort Key: c
	  ->  Bitmap Heap Scan on sbtest5  (cost=23.46..4145.61 rows=1076 width=121)
	        Recheck Cond: ((id >= 1306126) AND (id <= 1307125))
	        ->  Bitmap Index Scan on sbtest5_pkey  (cost=0.00..23.19 rows=1076 width=0)
	              Index Cond: ((id >= 1306126) AND (id <= 1307125))

table 6 : explain SELECT c FROM sbtest6 WHERE id BETWEEN 1806436 AND 1807435 ORDER BY c
	Sort  (cost=4071.19..4073.80 rows=1042 width=121)
	  Sort Key: c
	  ->  Bitmap Heap Scan on sbtest6  (cost=23.12..4018.96 rows=1042 width=121)
	        Recheck Cond: ((id >= 1806436) AND (id <= 1807435))
	        ->  Bitmap Index Scan on sbtest6_pkey  (cost=0.00..22.86 rows=1042 width=0)
	              Index Cond: ((id >= 1806436) AND (id <= 1807435))

table 7 : explain SELECT c FROM sbtest7 WHERE id BETWEEN 4210378 AND 4211377 ORDER BY c
	Sort  (cost=3795.61..3798.04 rows=970 width=121)
	  Sort Key: c
	  ->  Bitmap Heap Scan on sbtest7  (cost=22.38..3747.49 rows=970 width=121)
	        Recheck Cond: ((id >= 4210378) AND (id <= 4211377))
	        ->  Bitmap Index Scan on sbtest7_pkey  (cost=0.00..22.14 rows=970 width=0)
	              Index Cond: ((id >= 4210378) AND (id <= 4211377))

table 8 : explain SELECT c FROM sbtest8 WHERE id BETWEEN 4175001 AND 4176000 ORDER BY c
	Sort  (cost=3743.10..3745.49 rows=956 width=121)
	  Sort Key: c
	  ->  Bitmap Heap Scan on sbtest8  (cost=22.23..3695.78 rows=956 width=121)
	        Recheck Cond: ((id >= 4175001) AND (id <= 4176000))
	        ->  Bitmap Index Scan on sbtest8_pkey  (cost=0.00..22.00 rows=956 width=0)
	              Index Cond: ((id >= 4175001) AND (id <= 4176000))

explain: for point_selects :: explain SELECT c FROM sbtest%u WHERE id=%u
explain: for point_selects :: explain SELECT c FROM sbtest%u WHERE id=%u
for point_selects
table 1 : explain SELECT c FROM sbtest1 WHERE id=1815851
	Index Scan using sbtest1_pkey on sbtest1  (cost=0.43..8.45 rows=1 width=121)
	  Index Cond: (id = 1815851)

table 2 : explain SELECT c FROM sbtest2 WHERE id=9043438
	Index Scan using sbtest2_pkey on sbtest2  (cost=0.43..8.45 rows=1 width=121)
	  Index Cond: (id = 9043438)

table 3 : explain SELECT c FROM sbtest3 WHERE id=7730243
	Index Scan using sbtest3_pkey on sbtest3  (cost=0.43..8.45 rows=1 width=121)
	  Index Cond: (id = 7730243)

table 4 : explain SELECT c FROM sbtest4 WHERE id=759629
	Index Scan using sbtest4_pkey on sbtest4  (cost=0.43..8.45 rows=1 width=121)
	  Index Cond: (id = 759629)

table 5 : explain SELECT c FROM sbtest5 WHERE id=180330
	Index Scan using sbtest5_pkey on sbtest5  (cost=0.43..8.45 rows=1 width=121)
	  Index Cond: (id = 180330)

table 6 : explain SELECT c FROM sbtest6 WHERE id=4512226
	Index Scan using sbtest6_pkey on sbtest6  (cost=0.43..8.45 rows=1 width=121)
	  Index Cond: (id = 4512226)

table 7 : explain SELECT c FROM sbtest7 WHERE id=9751960
	Index Scan using sbtest7_pkey on sbtest7  (cost=0.43..8.45 rows=1 width=121)
	  Index Cond: (id = 9751960)

table 8 : explain SELECT c FROM sbtest8 WHERE id=1104256
	Index Scan using sbtest8_pkey on sbtest8  (cost=0.43..8.45 rows=1 width=121)
	  Index Cond: (id = 1104256)

for: distinct_ranges
table 1 : explain SELECT DISTINCT c FROM sbtest1 WHERE id BETWEEN 5302468 AND 5303467 ORDER BY c
	Unique  (cost=3675.59..3680.29 rows=939 width=121)
	  ->  Sort  (cost=3675.59..3677.94 rows=939 width=121)
	        Sort Key: c
	        ->  Bitmap Heap Scan on sbtest1  (cost=22.06..3629.23 rows=939 width=121)
	              Recheck Cond: ((id >= 5302468) AND (id <= 5303467))
	              ->  Bitmap Index Scan on sbtest1_pkey  (cost=0.00..21.82 rows=939 width=0)
	                    Index Cond: ((id >= 5302468) AND (id <= 5303467))

table 2 : explain SELECT DISTINCT c FROM sbtest2 WHERE id BETWEEN 5925178 AND 5926177 ORDER BY c
	Unique  (cost=4496.12..4501.89 rows=1154 width=121)
	  ->  Sort  (cost=4496.12..4499.01 rows=1154 width=121)
	        Sort Key: c
	        ->  Bitmap Heap Scan on sbtest2  (cost=28.26..4437.43 rows=1154 width=121)
	              Recheck Cond: ((id >= 5925178) AND (id <= 5926177))
	              ->  Bitmap Index Scan on sbtest2_pkey  (cost=0.00..27.97 rows=1154 width=0)
	                    Index Cond: ((id >= 5925178) AND (id <= 5926177))

table 3 : explain SELECT DISTINCT c FROM sbtest3 WHERE id BETWEEN 2567583 AND 2568582 ORDER BY c
	Unique  (cost=4035.34..4040.51 rows=1033 width=121)
	  ->  Sort  (cost=4035.34..4037.93 rows=1033 width=121)
	        Sort Key: c
	        ->  Bitmap Heap Scan on sbtest3  (cost=23.02..3983.63 rows=1033 width=121)
	              Recheck Cond: ((id >= 2567583) AND (id <= 2568582))
	              ->  Bitmap Index Scan on sbtest3_pkey  (cost=0.00..22.76 rows=1033 width=0)
	                    Index Cond: ((id >= 2567583) AND (id <= 2568582))

table 4 : explain SELECT DISTINCT c FROM sbtest4 WHERE id BETWEEN 4098941 AND 4099940 ORDER BY c
	Unique  (cost=4142.46..4147.76 rows=1061 width=121)
	  ->  Sort  (cost=4142.46..4145.11 rows=1061 width=121)
	        Sort Key: c
	        ->  Bitmap Heap Scan on sbtest4  (cost=23.31..4089.14 rows=1061 width=121)
	              Recheck Cond: ((id >= 4098941) AND (id <= 4099940))
	              ->  Bitmap Index Scan on sbtest4_pkey  (cost=0.00..23.04 rows=1061 width=0)
	                    Index Cond: ((id >= 4098941) AND (id <= 4099940))

table 5 : explain SELECT DISTINCT c FROM sbtest5 WHERE id BETWEEN 1561364 AND 1562363 ORDER BY c
	Unique  (cost=3687.88..3692.59 rows=942 width=121)
	  ->  Sort  (cost=3687.88..3690.23 rows=942 width=121)
	        Sort Key: c
	        ->  Bitmap Heap Scan on sbtest5  (cost=22.09..3641.35 rows=942 width=121)
	              Recheck Cond: ((id >= 1561364) AND (id <= 1562363))
	              ->  Bitmap Index Scan on sbtest5_pkey  (cost=0.00..21.86 rows=942 width=0)
	                    Index Cond: ((id >= 1561364) AND (id <= 1562363))

table 6 : explain SELECT DISTINCT c FROM sbtest6 WHERE id BETWEEN 1678128 AND 1679127 ORDER BY c
	Unique  (cost=3994.82..3999.93 rows=1022 width=121)
	  ->  Sort  (cost=3994.82..3997.37 rows=1022 width=121)
	        Sort Key: c
	        ->  Bitmap Heap Scan on sbtest6  (cost=22.91..3943.73 rows=1022 width=121)
	              Recheck Cond: ((id >= 1678128) AND (id <= 1679127))
	              ->  Bitmap Index Scan on sbtest6_pkey  (cost=0.00..22.65 rows=1022 width=0)
	                    Index Cond: ((id >= 1678128) AND (id <= 1679127))

table 7 : explain SELECT DISTINCT c FROM sbtest7 WHERE id BETWEEN 4823096 AND 4824095 ORDER BY c
	Unique  (cost=3898.87..3903.85 rows=997 width=121)
	  ->  Sort  (cost=3898.87..3901.36 rows=997 width=121)
	        Sort Key: c
	        ->  Bitmap Heap Scan on sbtest7  (cost=22.65..3849.21 rows=997 width=121)
	              Recheck Cond: ((id >= 4823096) AND (id <= 4824095))
	              ->  Bitmap Index Scan on sbtest7_pkey  (cost=0.00..22.40 rows=997 width=0)
	                    Index Cond: ((id >= 4823096) AND (id <= 4824095))

table 8 : explain SELECT DISTINCT c FROM sbtest8 WHERE id BETWEEN 7271950 AND 7272949 ORDER BY c
	Unique  (cost=3716.29..3721.04 rows=949 width=121)
	  ->  Sort  (cost=3716.29..3718.67 rows=949 width=121)
	        Sort Key: c
	        ->  Bitmap Heap Scan on sbtest8  (cost=22.16..3669.37 rows=949 width=121)
	              Recheck Cond: ((id >= 7271950) AND (id <= 7272949))
	              ->  Bitmap Index Scan on sbtest8_pkey  (cost=0.00..21.93 rows=949 width=0)
	                    Index Cond: ((id >= 7271950) AND (id <= 7272949))

for: distinct_ranges
table 1 : explain SELECT DISTINCT c FROM sbtest1 WHERE id BETWEEN 661952 AND 662951 ORDER BY c
	Unique  (cost=3912.67..3917.67 rows=1001 width=121)
	  ->  Sort  (cost=3912.67..3915.17 rows=1001 width=121)
	        Sort Key: c
	        ->  Bitmap Heap Scan on sbtest1  (cost=22.70..3862.78 rows=1001 width=121)
	              Recheck Cond: ((id >= 661952) AND (id <= 662951))
	              ->  Bitmap Index Scan on sbtest1_pkey  (cost=0.00..22.44 rows=1001 width=0)
	                    Index Cond: ((id >= 661952) AND (id <= 662951))

table 2 : explain SELECT DISTINCT c FROM sbtest2 WHERE id BETWEEN 9494924 AND 9495923 ORDER BY c
	Unique  (cost=3591.45..3596.04 rows=917 width=121)
	  ->  Sort  (cost=3591.45..3593.75 rows=917 width=121)
	        Sort Key: c
	        ->  Bitmap Heap Scan on sbtest2  (cost=21.83..3546.33 rows=917 width=121)
	              Recheck Cond: ((id >= 9494924) AND (id <= 9495923))
	              ->  Bitmap Index Scan on sbtest2_pkey  (cost=0.00..21.61 rows=917 width=0)
	                    Index Cond: ((id >= 9494924) AND (id <= 9495923))

table 3 : explain SELECT DISTINCT c FROM sbtest3 WHERE id BETWEEN 5661202 AND 5662201 ORDER BY c
	Unique  (cost=4104.02..4109.28 rows=1051 width=121)
	  ->  Sort  (cost=4104.02..4106.65 rows=1051 width=121)
	        Sort Key: c
	        ->  Bitmap Heap Scan on sbtest3  (cost=23.21..4051.28 rows=1051 width=121)
	              Recheck Cond: ((id >= 5661202) AND (id <= 5662201))
	              ->  Bitmap Index Scan on sbtest3_pkey  (cost=0.00..22.94 rows=1051 width=0)
	                    Index Cond: ((id >= 5661202) AND (id <= 5662201))

table 4 : explain SELECT DISTINCT c FROM sbtest4 WHERE id BETWEEN 1405682 AND 1406681 ORDER BY c
	Unique  (cost=3714.55..3719.30 rows=949 width=121)
	  ->  Sort  (cost=3714.55..3716.93 rows=949 width=121)
	        Sort Key: c
	        ->  Bitmap Heap Scan on sbtest4  (cost=22.16..3667.63 rows=949 width=121)
	              Recheck Cond: ((id >= 1405682) AND (id <= 1406681))
	              ->  Bitmap Index Scan on sbtest4_pkey  (cost=0.00..21.93 rows=949 width=0)
	                    Index Cond: ((id >= 1405682) AND (id <= 1406681))

table 5 : explain SELECT DISTINCT c FROM sbtest5 WHERE id BETWEEN 6740230 AND 6741229 ORDER BY c
	Unique  (cost=3511.63..3516.11 rows=896 width=121)
	  ->  Sort  (cost=3511.63..3513.87 rows=896 width=121)
	        Sort Key: c
	        ->  Bitmap Heap Scan on sbtest5  (cost=21.62..3467.69 rows=896 width=121)
	              Recheck Cond: ((id >= 6740230) AND (id <= 6741229))
	              ->  Bitmap Index Scan on sbtest5_pkey  (cost=0.00..21.39 rows=896 width=0)
	                    Index Cond: ((id >= 6740230) AND (id <= 6741229))

table 6 : explain SELECT DISTINCT c FROM sbtest6 WHERE id BETWEEN 6748458 AND 6749457 ORDER BY c
	Unique  (cost=3669.65..3674.34 rows=937 width=121)
	  ->  Sort  (cost=3669.65..3672.00 rows=937 width=121)
	        Sort Key: c
	        ->  Bitmap Heap Scan on sbtest6  (cost=22.04..3623.40 rows=937 width=121)
	              Recheck Cond: ((id >= 6748458) AND (id <= 6749457))
	              ->  Bitmap Index Scan on sbtest6_pkey  (cost=0.00..21.80 rows=937 width=0)
	                    Index Cond: ((id >= 6748458) AND (id <= 6749457))

table 7 : explain SELECT DISTINCT c FROM sbtest7 WHERE id BETWEEN 6405377 AND 6406376 ORDER BY c
	Unique  (cost=4097.48..4102.72 rows=1049 width=121)
	  ->  Sort  (cost=4097.48..4100.10 rows=1049 width=121)
	        Sort Key: c
	        ->  Bitmap Heap Scan on sbtest7  (cost=23.19..4044.85 rows=1049 width=121)
	              Recheck Cond: ((id >= 6405377) AND (id <= 6406376))
	              ->  Bitmap Index Scan on sbtest7_pkey  (cost=0.00..22.93 rows=1049 width=0)
	                    Index Cond: ((id >= 6405377) AND (id <= 6406376))

table 8 : explain SELECT DISTINCT c FROM sbtest8 WHERE id BETWEEN 9666758 AND 9667757 ORDER BY c
	Unique  (cost=4125.43..4130.71 rows=1056 width=121)
	  ->  Sort  (cost=4125.43..4128.07 rows=1056 width=121)
	        Sort Key: c
	        ->  Bitmap Heap Scan on sbtest8  (cost=23.26..4072.40 rows=1056 width=121)
	              Recheck Cond: ((id >= 9666758) AND (id <= 9667757))
	              ->  Bitmap Index Scan on sbtest8_pkey  (cost=0.00..23.00 rows=1056 width=0)
	                    Index Cond: ((id >= 9666758) AND (id <= 9667757))

for point_selects
table 1 : explain SELECT c FROM sbtest1 WHERE id=5819954
	Index Scan using sbtest1_pkey on sbtest1  (cost=0.43..8.45 rows=1 width=121)
	  Index Cond: (id = 5819954)

table 2 : explain SELECT c FROM sbtest2 WHERE id=9548837
	Index Scan using sbtest2_pkey on sbtest2  (cost=0.43..8.45 rows=1 width=121)
	  Index Cond: (id = 9548837)

table 3 : explain SELECT c FROM sbtest3 WHERE id=476950
	Index Scan using sbtest3_pkey on sbtest3  (cost=0.43..8.45 rows=1 width=121)
	  Index Cond: (id = 476950)

table 4 : explain SELECT c FROM sbtest4 WHERE id=451760
	Index Scan using sbtest4_pkey on sbtest4  (cost=0.43..8.45 rows=1 width=121)
	  Index Cond: (id = 451760)

table 5 : explain SELECT c FROM sbtest5 WHERE id=5567948
	Index Scan using sbtest5_pkey on sbtest5  (cost=0.43..8.45 rows=1 width=121)
	  Index Cond: (id = 5567948)

table 6 : explain SELECT c FROM sbtest6 WHERE id=2581501
	Index Scan using sbtest6_pkey on sbtest6  (cost=0.43..8.45 rows=1 width=121)
	  Index Cond: (id = 2581501)

table 7 : explain SELECT c FROM sbtest7 WHERE id=6104950
	Index Scan using sbtest7_pkey on sbtest7  (cost=0.43..8.45 rows=1 width=121)
	  Index Cond: (id = 6104950)

table 8 : explain SELECT c FROM sbtest8 WHERE id=7923242
	Index Scan using sbtest8_pkey on sbtest8  (cost=0.43..8.45 rows=1 width=121)
	  Index Cond: (id = 7923242)

for: simple_ranges
table 1 : explain SELECT c FROM sbtest1 WHERE id BETWEEN 3212262 AND 3213261
	Bitmap Heap Scan on sbtest1  (cost=22.85..3919.21 rows=1016 width=121)
	  Recheck Cond: ((id >= 3212262) AND (id <= 3213261))
	  ->  Bitmap Index Scan on sbtest1_pkey  (cost=0.00..22.59 rows=1016 width=0)
	        Index Cond: ((id >= 3212262) AND (id <= 3213261))

table 2 : explain SELECT c FROM sbtest2 WHERE id BETWEEN 9567096 AND 9568095
	Bitmap Heap Scan on sbtest2  (cost=23.03..3987.01 rows=1034 width=121)
	  Recheck Cond: ((id >= 9567096) AND (id <= 9568095))
	  ->  Bitmap Index Scan on sbtest2_pkey  (cost=0.00..22.77 rows=1034 width=0)
	        Index Cond: ((id >= 9567096) AND (id <= 9568095))

table 3 : explain SELECT c FROM sbtest3 WHERE id BETWEEN 3260393 AND 3261392
	Bitmap Heap Scan on sbtest3  (cost=22.95..3957.31 rows=1026 width=121)
	  Recheck Cond: ((id >= 3260393) AND (id <= 3261392))
	  ->  Bitmap Index Scan on sbtest3_pkey  (cost=0.00..22.69 rows=1026 width=0)
	        Index Cond: ((id >= 3260393) AND (id <= 3261392))

table 4 : explain SELECT c FROM sbtest4 WHERE id BETWEEN 3420309 AND 3421308
	Bitmap Heap Scan on sbtest4  (cost=21.73..3509.13 rows=907 width=121)
	  Recheck Cond: ((id >= 3420309) AND (id <= 3421308))
	  ->  Bitmap Index Scan on sbtest4_pkey  (cost=0.00..21.50 rows=907 width=0)
	        Index Cond: ((id >= 3420309) AND (id <= 3421308))

table 5 : explain SELECT c FROM sbtest5 WHERE id BETWEEN 6322619 AND 6323618
	Bitmap Heap Scan on sbtest5  (cost=21.91..3573.43 rows=924 width=121)
	  Recheck Cond: ((id >= 6322619) AND (id <= 6323618))
	  ->  Bitmap Index Scan on sbtest5_pkey  (cost=0.00..21.68 rows=924 width=0)
	        Index Cond: ((id >= 6322619) AND (id <= 6323618))

table 6 : explain SELECT c FROM sbtest6 WHERE id BETWEEN 6999431 AND 7000430
	Bitmap Heap Scan on sbtest6  (cost=22.93..3951.26 rows=1024 width=121)
	  Recheck Cond: ((id >= 6999431) AND (id <= 7000430))
	  ->  Bitmap Index Scan on sbtest6_pkey  (cost=0.00..22.68 rows=1024 width=0)
	        Index Cond: ((id >= 6999431) AND (id <= 7000430))

table 7 : explain SELECT c FROM sbtest7 WHERE id BETWEEN 2117134 AND 2118133
	Bitmap Heap Scan on sbtest7  (cost=22.80..3901.92 rows=1011 width=121)
	  Recheck Cond: ((id >= 2117134) AND (id <= 2118133))
	  ->  Bitmap Index Scan on sbtest7_pkey  (cost=0.00..22.54 rows=1011 width=0)
	        Index Cond: ((id >= 2117134) AND (id <= 2118133))

table 8 : explain SELECT c FROM sbtest8 WHERE id BETWEEN 1206746 AND 1207745
	Bitmap Heap Scan on sbtest8  (cost=22.88..3933.20 rows=1019 width=121)
	  Recheck Cond: ((id >= 1206746) AND (id <= 1207745))
	  ->  Bitmap Index Scan on sbtest8_pkey  (cost=0.00..22.62 rows=1019 width=0)
	        Index Cond: ((id >= 1206746) AND (id <= 1207745))

for: distinct_ranges
table 1 : explain SELECT DISTINCT c FROM sbtest1 WHERE id BETWEEN 6187209 AND 6188208 ORDER BY c
	Unique  (cost=3733.00..3737.77 rows=954 width=121)
	  ->  Sort  (cost=3733.00..3735.38 rows=954 width=121)
	        Sort Key: c
	        ->  Bitmap Heap Scan on sbtest1  (cost=22.21..3685.78 rows=954 width=121)
	              Recheck Cond: ((id >= 6187209) AND (id <= 6188208))
	              ->  Bitmap Index Scan on sbtest1_pkey  (cost=0.00..21.97 rows=954 width=0)
	                    Index Cond: ((id >= 6187209) AND (id <= 6188208))

table 2 : explain SELECT DISTINCT c FROM sbtest2 WHERE id BETWEEN 5212610 AND 5213609 ORDER BY c
	Unique  (cost=3851.65..3856.57 rows=985 width=121)
	  ->  Sort  (cost=3851.65..3854.11 rows=985 width=121)
	        Sort Key: c
	        ->  Bitmap Heap Scan on sbtest2  (cost=22.53..3802.67 rows=985 width=121)
	              Recheck Cond: ((id >= 5212610) AND (id <= 5213609))
	              ->  Bitmap Index Scan on sbtest2_pkey  (cost=0.00..22.29 rows=985 width=0)
	                    Index Cond: ((id >= 5212610) AND (id <= 5213609))

table 3 : explain SELECT DISTINCT c FROM sbtest3 WHERE id BETWEEN 9259304 AND 9260303 ORDER BY c
	Unique  (cost=3821.42..3826.30 rows=977 width=121)
	  ->  Sort  (cost=3821.42..3823.86 rows=977 width=121)
	        Sort Key: c
	        ->  Bitmap Heap Scan on sbtest3  (cost=22.45..3772.90 rows=977 width=121)
	              Recheck Cond: ((id >= 9259304) AND (id <= 9260303))
	              ->  Bitmap Index Scan on sbtest3_pkey  (cost=0.00..22.20 rows=977 width=0)
	                    Index Cond: ((id >= 9259304) AND (id <= 9260303))

table 4 : explain SELECT DISTINCT c FROM sbtest4 WHERE id BETWEEN 9083062 AND 9084061 ORDER BY c
	Unique  (cost=3718.38..3723.13 rows=950 width=121)
	  ->  Sort  (cost=3718.38..3720.76 rows=950 width=121)
	        Sort Key: c
	        ->  Bitmap Heap Scan on sbtest4  (cost=22.17..3671.40 rows=950 width=121)
	              Recheck Cond: ((id >= 9083062) AND (id <= 9084061))
	              ->  Bitmap Index Scan on sbtest4_pkey  (cost=0.00..21.93 rows=950 width=0)
	                    Index Cond: ((id >= 9083062) AND (id <= 9084061))

table 5 : explain SELECT DISTINCT c FROM sbtest5 WHERE id BETWEEN 5166065 AND 5167064 ORDER BY c
	Unique  (cost=4295.34..4300.84 rows=1101 width=121)
	  ->  Sort  (cost=4295.34..4298.09 rows=1101 width=121)
	        Sort Key: c
	        ->  Bitmap Heap Scan on sbtest5  (cost=27.72..4239.71 rows=1101 width=121)
	              Recheck Cond: ((id >= 5166065) AND (id <= 5167064))
	              ->  Bitmap Index Scan on sbtest5_pkey  (cost=0.00..27.44 rows=1101 width=0)
	                    Index Cond: ((id >= 5166065) AND (id <= 5167064))

table 6 : explain SELECT DISTINCT c FROM sbtest6 WHERE id BETWEEN 1004986 AND 1005985 ORDER BY c
	Unique  (cost=4178.05..4183.40 rows=1070 width=121)
	  ->  Sort  (cost=4178.05..4180.72 rows=1070 width=121)
	        Sort Key: c
	        ->  Bitmap Heap Scan on sbtest6  (cost=23.40..4124.21 rows=1070 width=121)
	              Recheck Cond: ((id >= 1004986) AND (id <= 1005985))
	              ->  Bitmap Index Scan on sbtest6_pkey  (cost=0.00..23.14 rows=1070 width=0)
	                    Index Cond: ((id >= 1004986) AND (id <= 1005985))

table 7 : explain SELECT DISTINCT c FROM sbtest7 WHERE id BETWEEN 8458496 AND 8459495 ORDER BY c
	Unique  (cost=3856.81..3861.74 rows=986 width=121)
	  ->  Sort  (cost=3856.81..3859.28 rows=986 width=121)
	        Sort Key: c
	        ->  Bitmap Heap Scan on sbtest7  (cost=22.54..3807.78 rows=986 width=121)
	              Recheck Cond: ((id >= 8458496) AND (id <= 8459495))
	              ->  Bitmap Index Scan on sbtest7_pkey  (cost=0.00..22.29 rows=986 width=0)
	                    Index Cond: ((id >= 8458496) AND (id <= 8459495))

table 8 : explain SELECT DISTINCT c FROM sbtest8 WHERE id BETWEEN 4158067 AND 4159066 ORDER BY c
	Unique  (cost=3743.10..3747.88 rows=956 width=121)
	  ->  Sort  (cost=3743.10..3745.49 rows=956 width=121)
	        Sort Key: c
	        ->  Bitmap Heap Scan on sbtest8  (cost=22.23..3695.78 rows=956 width=121)
	              Recheck Cond: ((id >= 4158067) AND (id <= 4159066))
	              ->  Bitmap Index Scan on sbtest8_pkey  (cost=0.00..22.00 rows=956 width=0)
	                    Index Cond: ((id >= 4158067) AND (id <= 4159066))

for: distinct_ranges
table 1 : explain SELECT DISTINCT c FROM sbtest1 WHERE id BETWEEN 2980894 AND 2981893 ORDER BY c
	Unique  (cost=3541.55..3546.07 rows=904 width=121)
	  ->  Sort  (cost=3541.55..3543.81 rows=904 width=121)
	        Sort Key: c
	        ->  Bitmap Heap Scan on sbtest1  (cost=21.70..3497.16 rows=904 width=121)
	              Recheck Cond: ((id >= 2980894) AND (id <= 2981893))
	              ->  Bitmap Index Scan on sbtest1_pkey  (cost=0.00..21.47 rows=904 width=0)
	                    Index Cond: ((id >= 2980894) AND (id <= 2981893))

table 2 : explain SELECT DISTINCT c FROM sbtest2 WHERE id BETWEEN 9645245 AND 9646244 ORDER BY c
	Unique  (cost=3817.24..3822.12 rows=976 width=121)
	  ->  Sort  (cost=3817.24..3819.68 rows=976 width=121)
	        Sort Key: c
	        ->  Bitmap Heap Scan on sbtest2  (cost=22.44..3768.78 rows=976 width=121)
	              Recheck Cond: ((id >= 9645245) AND (id <= 9646244))
	              ->  Bitmap Index Scan on sbtest2_pkey  (cost=0.00..22.19 rows=976 width=0)
	                    Index Cond: ((id >= 9645245) AND (id <= 9646244))

table 3 : explain SELECT DISTINCT c FROM sbtest3 WHERE id BETWEEN 869770 AND 870769 ORDER BY c
	Unique  (cost=4157.42..4162.74 rows=1065 width=121)
	  ->  Sort  (cost=4157.42..4160.08 rows=1065 width=121)
	        Sort Key: c
	        ->  Bitmap Heap Scan on sbtest3  (cost=23.35..4103.86 rows=1065 width=121)
	              Recheck Cond: ((id >= 869770) AND (id <= 870769))
	              ->  Bitmap Index Scan on sbtest3_pkey  (cost=0.00..23.08 rows=1065 width=0)
	                    Index Cond: ((id >= 869770) AND (id <= 870769))

table 4 : explain SELECT DISTINCT c FROM sbtest4 WHERE id BETWEEN 3003670 AND 3004669 ORDER BY c
	Unique  (cost=4092.87..4098.11 rows=1048 width=121)
	  ->  Sort  (cost=4092.87..4095.49 rows=1048 width=121)
	        Sort Key: c
	        ->  Bitmap Heap Scan on sbtest4  (cost=23.18..4040.29 rows=1048 width=121)
	              Recheck Cond: ((id >= 3003670) AND (id <= 3004669))
	              ->  Bitmap Index Scan on sbtest4_pkey  (cost=0.00..22.91 rows=1048 width=0)
	                    Index Cond: ((id >= 3003670) AND (id <= 3004669))

table 5 : explain SELECT DISTINCT c FROM sbtest5 WHERE id BETWEEN 4267360 AND 4268359 ORDER BY c
	Unique  (cost=4169.30..4174.64 rows=1068 width=121)
	  ->  Sort  (cost=4169.30..4171.97 rows=1068 width=121)
	        Sort Key: c
	        ->  Bitmap Heap Scan on sbtest5  (cost=23.38..4115.57 rows=1068 width=121)
	              Recheck Cond: ((id >= 4267360) AND (id <= 4268359))
	              ->  Bitmap Index Scan on sbtest5_pkey  (cost=0.00..23.11 rows=1068 width=0)
	                    Index Cond: ((id >= 4267360) AND (id <= 4268359))

table 6 : explain SELECT DISTINCT c FROM sbtest6 WHERE id BETWEEN 9582873 AND 9583872 ORDER BY c
	Unique  (cost=3707.96..3712.69 rows=947 width=121)
	  ->  Sort  (cost=3707.96..3710.32 rows=947 width=121)
	        Sort Key: c
	        ->  Bitmap Heap Scan on sbtest6  (cost=22.14..3661.14 rows=947 width=121)
	              Recheck Cond: ((id >= 9582873) AND (id <= 9583872))
	              ->  Bitmap Index Scan on sbtest6_pkey  (cost=0.00..21.90 rows=947 width=0)
	                    Index Cond: ((id >= 9582873) AND (id <= 9583872))

table 7 : explain SELECT DISTINCT c FROM sbtest7 WHERE id BETWEEN 1615742 AND 1616741 ORDER BY c
	Unique  (cost=3561.99..3566.54 rows=909 width=121)
	  ->  Sort  (cost=3561.99..3564.26 rows=909 width=121)
	        Sort Key: c
	        ->  Bitmap Heap Scan on sbtest7  (cost=21.75..3517.32 rows=909 width=121)
	              Recheck Cond: ((id >= 1615742) AND (id <= 1616741))
	              ->  Bitmap Index Scan on sbtest7_pkey  (cost=0.00..21.52 rows=909 width=0)
	                    Index Cond: ((id >= 1615742) AND (id <= 1616741))

table 8 : explain SELECT DISTINCT c FROM sbtest8 WHERE id BETWEEN 2296625 AND 2297624 ORDER BY c
	Unique  (cost=3892.36..3897.33 rows=995 width=121)
	  ->  Sort  (cost=3892.36..3894.84 rows=995 width=121)
	        Sort Key: c
	        ->  Bitmap Heap Scan on sbtest8  (cost=22.63..3842.81 rows=995 width=121)
	              Recheck Cond: ((id >= 2296625) AND (id <= 2297624))
	              ->  Bitmap Index Scan on sbtest8_pkey  (cost=0.00..22.39 rows=995 width=0)
	                    Index Cond: ((id >= 2296625) AND (id <= 2297624))

for: simple_ranges
table 1 : explain SELECT c FROM sbtest1 WHERE id BETWEEN 1515732 AND 1516731
	Bitmap Heap Scan on sbtest1  (cost=23.15..4028.22 rows=1045 width=121)
	  Recheck Cond: ((id >= 1515732) AND (id <= 1516731))
	  ->  Bitmap Index Scan on sbtest1_pkey  (cost=0.00..22.89 rows=1045 width=0)
	        Index Cond: ((id >= 1515732) AND (id <= 1516731))

table 2 : explain SELECT c FROM sbtest2 WHERE id BETWEEN 8007683 AND 8008682
	Bitmap Heap Scan on sbtest2  (cost=23.54..4171.03 rows=1083 width=121)
	  Recheck Cond: ((id >= 8007683) AND (id <= 8008682))
	  ->  Bitmap Index Scan on sbtest2_pkey  (cost=0.00..23.26 rows=1083 width=0)
	        Index Cond: ((id >= 8007683) AND (id <= 8008682))

table 3 : explain SELECT c FROM sbtest3 WHERE id BETWEEN 686797 AND 687796
	Bitmap Heap Scan on sbtest3  (cost=22.31..3720.15 rows=963 width=121)
	  Recheck Cond: ((id >= 686797) AND (id <= 687796))
	  ->  Bitmap Index Scan on sbtest3_pkey  (cost=0.00..22.07 rows=963 width=0)
	        Index Cond: ((id >= 686797) AND (id <= 687796))

table 4 : explain SELECT c FROM sbtest4 WHERE id BETWEEN 9817890 AND 9818889
	Bitmap Heap Scan on sbtest4  (cost=22.43..3765.62 rows=975 width=121)
	  Recheck Cond: ((id >= 9817890) AND (id <= 9818889))
	  ->  Bitmap Index Scan on sbtest4_pkey  (cost=0.00..22.18 rows=975 width=0)
	        Index Cond: ((id >= 9817890) AND (id <= 9818889))

table 5 : explain SELECT c FROM sbtest5 WHERE id BETWEEN 1605737 AND 1606736
	Bitmap Heap Scan on sbtest5  (cost=22.09..3641.35 rows=942 width=121)
	  Recheck Cond: ((id >= 1605737) AND (id <= 1606736))
	  ->  Bitmap Index Scan on sbtest5_pkey  (cost=0.00..21.86 rows=942 width=0)
	        Index Cond: ((id >= 1605737) AND (id <= 1606736))

table 6 : explain SELECT c FROM sbtest6 WHERE id BETWEEN 743743 AND 744742
	Bitmap Heap Scan on sbtest6  (cost=23.17..4037.76 rows=1047 width=121)
	  Recheck Cond: ((id >= 743743) AND (id <= 744742))
	  ->  Bitmap Index Scan on sbtest6_pkey  (cost=0.00..22.90 rows=1047 width=0)
	        Index Cond: ((id >= 743743) AND (id <= 744742))

table 7 : explain SELECT c FROM sbtest7 WHERE id BETWEEN 156215 AND 157214
	Bitmap Heap Scan on sbtest7  (cost=22.16..3668.31 rows=949 width=121)
	  Recheck Cond: ((id >= 156215) AND (id <= 157214))
	  ->  Bitmap Index Scan on sbtest7_pkey  (cost=0.00..21.93 rows=949 width=0)
	        Index Cond: ((id >= 156215) AND (id <= 157214))

table 8 : explain SELECT c FROM sbtest8 WHERE id BETWEEN 5339952 AND 5340951
	Bitmap Heap Scan on sbtest8  (cost=22.97..3967.07 rows=1028 width=121)
	  Recheck Cond: ((id >= 5339952) AND (id <= 5340951))
	  ->  Bitmap Index Scan on sbtest8_pkey  (cost=0.00..22.71 rows=1028 width=0)
	        Index Cond: ((id >= 5339952) AND (id <= 5340951))

for: simple_ranges
table 1 : explain SELECT c FROM sbtest1 WHERE id BETWEEN 4984985 AND 4985984
	Bitmap Heap Scan on sbtest1  (cost=23.61..4193.44 rows=1090 width=121)
	  Recheck Cond: ((id >= 4984985) AND (id <= 4985984))
	  ->  Bitmap Index Scan on sbtest1_pkey  (cost=0.00..23.33 rows=1090 width=0)
	        Index Cond: ((id >= 4984985) AND (id <= 4985984))

table 2 : explain SELECT c FROM sbtest2 WHERE id BETWEEN 9987219 AND 9988218
	Bitmap Heap Scan on sbtest2  (cost=22.80..3900.52 rows=1011 width=121)
	  Recheck Cond: ((id >= 9987219) AND (id <= 9988218))
	  ->  Bitmap Index Scan on sbtest2_pkey  (cost=0.00..22.54 rows=1011 width=0)
	        Index Cond: ((id >= 9987219) AND (id <= 9988218))

table 3 : explain SELECT c FROM sbtest3 WHERE id BETWEEN 9541351 AND 9542350
	Bitmap Heap Scan on sbtest3  (cost=27.85..4288.00 rows=1114 width=121)
	  Recheck Cond: ((id >= 9541351) AND (id <= 9542350))
	  ->  Bitmap Index Scan on sbtest3_pkey  (cost=0.00..27.57 rows=1114 width=0)
	        Index Cond: ((id >= 9541351) AND (id <= 9542350))

table 4 : explain SELECT c FROM sbtest4 WHERE id BETWEEN 8088954 AND 8089953
	Bitmap Heap Scan on sbtest4  (cost=21.48..3414.67 rows=882 width=121)
	  Recheck Cond: ((id >= 8088954) AND (id <= 8089953))
	  ->  Bitmap Index Scan on sbtest4_pkey  (cost=0.00..21.25 rows=882 width=0)
	        Index Cond: ((id >= 8088954) AND (id <= 8089953))

table 5 : explain SELECT c FROM sbtest5 WHERE id BETWEEN 5076568 AND 5077567
	Bitmap Heap Scan on sbtest5  (cost=22.56..3814.72 rows=988 width=121)
	  Recheck Cond: ((id >= 5076568) AND (id <= 5077567))
	  ->  Bitmap Index Scan on sbtest5_pkey  (cost=0.00..22.32 rows=988 width=0)
	        Index Cond: ((id >= 5076568) AND (id <= 5077567))

table 6 : explain SELECT c FROM sbtest6 WHERE id BETWEEN 9595021 AND 9596020
	Bitmap Heap Scan on sbtest6  (cost=22.06..3630.95 rows=939 width=121)
	  Recheck Cond: ((id >= 9595021) AND (id <= 9596020))
	  ->  Bitmap Index Scan on sbtest6_pkey  (cost=0.00..21.82 rows=939 width=0)
	        Index Cond: ((id >= 9595021) AND (id <= 9596020))

table 7 : explain SELECT c FROM sbtest7 WHERE id BETWEEN 7946392 AND 7947391
	Bitmap Heap Scan on sbtest7  (cost=21.78..3528.65 rows=912 width=121)
	  Recheck Cond: ((id >= 7946392) AND (id <= 7947391))
	  ->  Bitmap Index Scan on sbtest7_pkey  (cost=0.00..21.55 rows=912 width=0)
	        Index Cond: ((id >= 7946392) AND (id <= 7947391))

table 8 : explain SELECT c FROM sbtest8 WHERE id BETWEEN 6990801 AND 6991800
	Bitmap Heap Scan on sbtest8  (cost=21.92..3578.76 rows=925 width=121)
	  Recheck Cond: ((id >= 6990801) AND (id <= 6991800))
	  ->  Bitmap Index Scan on sbtest8_pkey  (cost=0.00..21.68 rows=925 width=0)
	        Index Cond: ((id >= 6990801) AND (id <= 6991800))

for point_selects
table 1 : explain SELECT c FROM sbtest1 WHERE id=6345458
	Index Scan using sbtest1_pkey on sbtest1  (cost=0.43..8.45 rows=1 width=121)
	  Index Cond: (id = 6345458)

table 2 : explain SELECT c FROM sbtest2 WHERE id=8113321
	Index Scan using sbtest2_pkey on sbtest2  (cost=0.43..8.45 rows=1 width=121)
	  Index Cond: (id = 8113321)

table 3 : explain SELECT c FROM sbtest3 WHERE id=1272298
	Index Scan using sbtest3_pkey on sbtest3  (cost=0.43..8.45 rows=1 width=121)
	  Index Cond: (id = 1272298)

table 4 : explain SELECT c FROM sbtest4 WHERE id=3494393
	Index Scan using sbtest4_pkey on sbtest4  (cost=0.43..8.45 rows=1 width=121)
	  Index Cond: (id = 3494393)

table 5 : explain SELECT c FROM sbtest5 WHERE id=6802467
	Index Scan using sbtest5_pkey on sbtest5  (cost=0.43..8.45 rows=1 width=121)
	  Index Cond: (id = 6802467)

table 6 : explain SELECT c FROM sbtest6 WHERE id=2457188
	Index Scan using sbtest6_pkey on sbtest6  (cost=0.43..8.45 rows=1 width=121)
	  Index Cond: (id = 2457188)

table 7 : explain SELECT c FROM sbtest7 WHERE id=8391664
	Index Scan using sbtest7_pkey on sbtest7  (cost=0.43..8.45 rows=1 width=121)
	  Index Cond: (id = 8391664)

table 8 : explain SELECT c FROM sbtest8 WHERE id=1170022
	Index Scan using sbtest8_pkey on sbtest8  (cost=0.43..8.45 rows=1 width=121)
	  Index Cond: (id = 1170022)

for point_selects
table 1 : explain SELECT c FROM sbtest1 WHERE id=1705240
	Index Scan using sbtest1_pkey on sbtest1  (cost=0.43..8.45 rows=1 width=121)
	  Index Cond: (id = 1705240)

table 2 : explain SELECT c FROM sbtest2 WHERE id=3126795
	Index Scan using sbtest2_pkey on sbtest2  (cost=0.43..8.45 rows=1 width=121)
	  Index Cond: (id = 3126795)

table 3 : explain SELECT c FROM sbtest3 WHERE id=3643719
	Index Scan using sbtest3_pkey on sbtest3  (cost=0.43..8.45 rows=1 width=121)
	  Index Cond: (id = 3643719)

table 4 : explain SELECT c FROM sbtest4 WHERE id=4121893
	Index Scan using sbtest4_pkey on sbtest4  (cost=0.43..8.45 rows=1 width=121)
	  Index Cond: (id = 4121893)

table 5 : explain SELECT c FROM sbtest5 WHERE id=586452
	Index Scan using sbtest5_pkey on sbtest5  (cost=0.43..8.45 rows=1 width=121)
	  Index Cond: (id = 586452)

table 6 : explain SELECT c FROM sbtest6 WHERE id=8796964
	Index Scan using sbtest6_pkey on sbtest6  (cost=0.43..8.45 rows=1 width=121)
	  Index Cond: (id = 8796964)

table 7 : explain SELECT c FROM sbtest7 WHERE id=2755466
	Index Scan using sbtest7_pkey on sbtest7  (cost=0.43..8.45 rows=1 width=121)
	  Index Cond: (id = 2755466)

table 8 : explain SELECT c FROM sbtest8 WHERE id=2911224
	Index Scan using sbtest8_pkey on sbtest8  (cost=0.43..8.45 rows=1 width=121)
	  Index Cond: (id = 2911224)

for: sum_ranges
table 1 : explain SELECT SUM(k) FROM sbtest1 WHERE id BETWEEN 1735065 AND 1736064
	Aggregate  (cost=4248.96..4248.97 rows=1 width=8)
	  ->  Bitmap Heap Scan on sbtest1  (cost=27.74..4246.20 rows=1103 width=4)
	        Recheck Cond: ((id >= 1735065) AND (id <= 1736064))
	        ->  Bitmap Index Scan on sbtest1_pkey  (cost=0.00..27.46 rows=1103 width=0)
	              Index Cond: ((id >= 1735065) AND (id <= 1736064))

table 2 : explain SELECT SUM(k) FROM sbtest2 WHERE id BETWEEN 7305317 AND 7306316
	Aggregate  (cost=4053.51..4053.52 rows=1 width=8)
	  ->  Bitmap Heap Scan on sbtest2  (cost=23.21..4050.89 rows=1051 width=4)
	        Recheck Cond: ((id >= 7305317) AND (id <= 7306316))
	        ->  Bitmap Index Scan on sbtest2_pkey  (cost=0.00..22.94 rows=1051 width=0)
	              Index Cond: ((id >= 7305317) AND (id <= 7306316))

table 3 : explain SELECT SUM(k) FROM sbtest3 WHERE id BETWEEN 1033905 AND 1034904
	Aggregate  (cost=3333.41..3333.42 rows=1 width=8)
	  ->  Bitmap Heap Scan on sbtest3  (cost=21.25..3331.26 rows=860 width=4)
	        Recheck Cond: ((id >= 1033905) AND (id <= 1034904))
	        ->  Bitmap Index Scan on sbtest3_pkey  (cost=0.00..21.04 rows=860 width=0)
	              Index Cond: ((id >= 1033905) AND (id <= 1034904))

table 4 : explain SELECT SUM(k) FROM sbtest4 WHERE id BETWEEN 4289893 AND 4290892
	Aggregate  (cost=3899.93..3899.94 rows=1 width=8)
	  ->  Bitmap Heap Scan on sbtest4  (cost=22.79..3897.40 rows=1010 width=4)
	        Recheck Cond: ((id >= 4289893) AND (id <= 4290892))
	        ->  Bitmap Index Scan on sbtest4_pkey  (cost=0.00..22.54 rows=1010 width=0)
	              Index Cond: ((id >= 4289893) AND (id <= 4290892))

table 5 : explain SELECT SUM(k) FROM sbtest5 WHERE id BETWEEN 29919 AND 30918
	Aggregate  (cost=3639.93..3639.94 rows=1 width=8)
	  ->  Bitmap Heap Scan on sbtest5  (cost=22.08..3637.57 rows=941 width=4)
	        Recheck Cond: ((id >= 29919) AND (id <= 30918))
	        ->  Bitmap Index Scan on sbtest5_pkey  (cost=0.00..21.84 rows=941 width=0)
	              Index Cond: ((id >= 29919) AND (id <= 30918))

table 6 : explain SELECT SUM(k) FROM sbtest6 WHERE id BETWEEN 9701203 AND 9702202
	Aggregate  (cost=4062.95..4062.96 rows=1 width=8)
	  ->  Bitmap Heap Scan on sbtest6  (cost=23.23..4060.32 rows=1053 width=4)
	        Recheck Cond: ((id >= 9701203) AND (id <= 9702202))
	        ->  Bitmap Index Scan on sbtest6_pkey  (cost=0.00..22.96 rows=1053 width=0)
	              Index Cond: ((id >= 9701203) AND (id <= 9702202))

table 7 : explain SELECT SUM(k) FROM sbtest7 WHERE id BETWEEN 2125544 AND 2126543
	Aggregate  (cost=3904.44..3904.45 rows=1 width=8)
	  ->  Bitmap Heap Scan on sbtest7  (cost=22.80..3901.92 rows=1011 width=4)
	        Recheck Cond: ((id >= 2125544) AND (id <= 2126543))
	        ->  Bitmap Index Scan on sbtest7_pkey  (cost=0.00..22.54 rows=1011 width=0)
	              Index Cond: ((id >= 2125544) AND (id <= 2126543))

table 8 : explain SELECT SUM(k) FROM sbtest8 WHERE id BETWEEN 2127031 AND 2128030
	Aggregate  (cost=3980.94..3980.95 rows=1 width=8)
	  ->  Bitmap Heap Scan on sbtest8  (cost=23.00..3978.36 rows=1031 width=4)
	        Recheck Cond: ((id >= 2127031) AND (id <= 2128030))
	        ->  Bitmap Index Scan on sbtest8_pkey  (cost=0.00..22.75 rows=1031 width=0)
	              Index Cond: ((id >= 2127031) AND (id <= 2128030))

for point_selects
table 1 : explain SELECT c FROM sbtest1 WHERE id=6297996
	Index Scan using sbtest1_pkey on sbtest1  (cost=0.43..8.45 rows=1 width=121)
	  Index Cond: (id = 6297996)

table 2 : explain SELECT c FROM sbtest2 WHERE id=1101101
	Index Scan using sbtest2_pkey on sbtest2  (cost=0.43..8.45 rows=1 width=121)
	  Index Cond: (id = 1101101)

table 3 : explain SELECT c FROM sbtest3 WHERE id=1885212
	Index Scan using sbtest3_pkey on sbtest3  (cost=0.43..8.45 rows=1 width=121)
	  Index Cond: (id = 1885212)

table 4 : explain SELECT c FROM sbtest4 WHERE id=8364419
	Index Scan using sbtest4_pkey on sbtest4  (cost=0.43..8.45 rows=1 width=121)
	  Index Cond: (id = 8364419)

table 5 : explain SELECT c FROM sbtest5 WHERE id=3255460
	Index Scan using sbtest5_pkey on sbtest5  (cost=0.43..8.45 rows=1 width=121)
	  Index Cond: (id = 3255460)

table 6 : explain SELECT c FROM sbtest6 WHERE id=202237
	Index Scan using sbtest6_pkey on sbtest6  (cost=0.43..8.45 rows=1 width=121)
	  Index Cond: (id = 202237)

table 7 : explain SELECT c FROM sbtest7 WHERE id=2706436
	Index Scan using sbtest7_pkey on sbtest7  (cost=0.43..8.45 rows=1 width=121)
	  Index Cond: (id = 2706436)

table 8 : explain SELECT c FROM sbtest8 WHERE id=4190613
	Index Scan using sbtest8_pkey on sbtest8  (cost=0.43..8.45 rows=1 width=121)
	  Index Cond: (id = 4190613)

for: simple_ranges
table 1 : explain SELECT c FROM sbtest1 WHERE id BETWEEN 311125 AND 312124
	Bitmap Heap Scan on sbtest1  (cost=22.76..3885.36 rows=1007 width=121)
	  Recheck Cond: ((id >= 311125) AND (id <= 312124))
	  ->  Bitmap Index Scan on sbtest1_pkey  (cost=0.00..22.50 rows=1007 width=0)
	        Index Cond: ((id >= 311125) AND (id <= 312124))

table 2 : explain SELECT c FROM sbtest2 WHERE id BETWEEN 5277035 AND 5278034
	Bitmap Heap Scan on sbtest2  (cost=22.53..3802.67 rows=985 width=121)
	  Recheck Cond: ((id >= 5277035) AND (id <= 5278034))
	  ->  Bitmap Index Scan on sbtest2_pkey  (cost=0.00..22.29 rows=985 width=0)
	        Index Cond: ((id >= 5277035) AND (id <= 5278034))

table 3 : explain SELECT c FROM sbtest3 WHERE id BETWEEN 4340058 AND 4341057
	Bitmap Heap Scan on sbtest3  (cost=23.01..3979.87 rows=1032 width=121)
	  Recheck Cond: ((id >= 4340058) AND (id <= 4341057))
	  ->  Bitmap Index Scan on sbtest3_pkey  (cost=0.00..22.75 rows=1032 width=0)
	        Index Cond: ((id >= 4340058) AND (id <= 4341057))

table 4 : explain SELECT c FROM sbtest4 WHERE id BETWEEN 1434081 AND 1435080
	Bitmap Heap Scan on sbtest4  (cost=22.16..3667.63 rows=949 width=121)
	  Recheck Cond: ((id >= 1434081) AND (id <= 1435080))
	  ->  Bitmap Index Scan on sbtest4_pkey  (cost=0.00..21.93 rows=949 width=0)
	        Index Cond: ((id >= 1434081) AND (id <= 1435080))

table 5 : explain SELECT c FROM sbtest5 WHERE id BETWEEN 2373520 AND 2374519
	Bitmap Heap Scan on sbtest5  (cost=22.61..3833.55 rows=993 width=121)
	  Recheck Cond: ((id >= 2373520) AND (id <= 2374519))
	  ->  Bitmap Index Scan on sbtest5_pkey  (cost=0.00..22.36 rows=993 width=0)
	        Index Cond: ((id >= 2373520) AND (id <= 2374519))

table 6 : explain SELECT c FROM sbtest6 WHERE id BETWEEN 7639413 AND 7640412
	Bitmap Heap Scan on sbtest6  (cost=22.89..3936.20 rows=1020 width=121)
	  Recheck Cond: ((id >= 7639413) AND (id <= 7640412))
	  ->  Bitmap Index Scan on sbtest6_pkey  (cost=0.00..22.64 rows=1020 width=0)
	        Index Cond: ((id >= 7639413) AND (id <= 7640412))

table 7 : explain SELECT c FROM sbtest7 WHERE id BETWEEN 8026660 AND 8027659
	Bitmap Heap Scan on sbtest7  (cost=22.85..3920.73 rows=1016 width=121)
	  Recheck Cond: ((id >= 8026660) AND (id <= 8027659))
	  ->  Bitmap Index Scan on sbtest7_pkey  (cost=0.00..22.59 rows=1016 width=0)
	        Index Cond: ((id >= 8026660) AND (id <= 8027659))

table 8 : explain SELECT c FROM sbtest8 WHERE id BETWEEN 1585428 AND 1586427
	Bitmap Heap Scan on sbtest8  (cost=22.72..3872.95 rows=1003 width=121)
	  Recheck Cond: ((id >= 1585428) AND (id <= 1586427))
	  ->  Bitmap Index Scan on sbtest8_pkey  (cost=0.00..22.46 rows=1003 width=0)
	        Index Cond: ((id >= 1585428) AND (id <= 1586427))

for: sum_ranges
table 1 : explain SELECT SUM(k) FROM sbtest1 WHERE id BETWEEN 2703822 AND 2704821
	Aggregate  (cost=4019.56..4019.57 rows=1 width=8)
	  ->  Bitmap Heap Scan on sbtest1  (cost=23.12..4016.95 rows=1042 width=4)
	        Recheck Cond: ((id >= 2703822) AND (id <= 2704821))
	        ->  Bitmap Index Scan on sbtest1_pkey  (cost=0.00..22.86 rows=1042 width=0)
	              Index Cond: ((id >= 2703822) AND (id <= 2704821))

table 2 : explain SELECT SUM(k) FROM sbtest2 WHERE id BETWEEN 3315552 AND 3316551
	Aggregate  (cost=3744.84..3744.85 rows=1 width=8)
	  ->  Bitmap Heap Scan on sbtest2  (cost=22.37..3742.41 rows=969 width=4)
	        Recheck Cond: ((id >= 3315552) AND (id <= 3316551))
	        ->  Bitmap Index Scan on sbtest2_pkey  (cost=0.00..22.12 rows=969 width=0)
	              Index Cond: ((id >= 3315552) AND (id <= 3316551))

table 3 : explain SELECT SUM(k) FROM sbtest3 WHERE id BETWEEN 1351407 AND 1352406
	Aggregate  (cost=3711.24..3711.25 rows=1 width=8)
	  ->  Bitmap Heap Scan on sbtest3  (cost=22.27..3708.84 rows=960 width=4)
	        Recheck Cond: ((id >= 1351407) AND (id <= 1352406))
	        ->  Bitmap Index Scan on sbtest3_pkey  (cost=0.00..22.04 rows=960 width=0)
	              Index Cond: ((id >= 1351407) AND (id <= 1352406))

table 4 : explain SELECT SUM(k) FROM sbtest4 WHERE id BETWEEN 6414867 AND 6415866
	Aggregate  (cost=3873.57..3873.58 rows=1 width=8)
	  ->  Bitmap Heap Scan on sbtest4  (cost=22.72..3871.06 rows=1003 width=4)
	        Recheck Cond: ((id >= 6414867) AND (id <= 6415866))
	        ->  Bitmap Index Scan on sbtest4_pkey  (cost=0.00..22.46 rows=1003 width=0)
	              Index Cond: ((id >= 6414867) AND (id <= 6415866))

table 5 : explain SELECT SUM(k) FROM sbtest5 WHERE id BETWEEN 5352388 AND 5353387
	Aggregate  (cost=3933.94..3933.95 rows=1 width=8)
	  ->  Bitmap Heap Scan on sbtest5  (cost=22.88..3931.40 rows=1019 width=4)
	        Recheck Cond: ((id >= 5352388) AND (id <= 5353387))
	        ->  Bitmap Index Scan on sbtest5_pkey  (cost=0.00..22.62 rows=1019 width=0)
	              Index Cond: ((id >= 5352388) AND (id <= 5353387))

table 6 : explain SELECT SUM(k) FROM sbtest6 WHERE id BETWEEN 9674230 AND 9675229
	Aggregate  (cost=3633.30..3633.31 rows=1 width=8)
	  ->  Bitmap Heap Scan on sbtest6  (cost=22.06..3630.95 rows=939 width=4)
	        Recheck Cond: ((id >= 9674230) AND (id <= 9675229))
	        ->  Bitmap Index Scan on sbtest6_pkey  (cost=0.00..21.82 rows=939 width=0)
	              Index Cond: ((id >= 9674230) AND (id <= 9675229))

table 7 : explain SELECT SUM(k) FROM sbtest7 WHERE id BETWEEN 8142807 AND 8143806
	Aggregate  (cost=3798.94..3798.95 rows=1 width=8)
	  ->  Bitmap Heap Scan on sbtest7  (cost=22.51..3796.48 rows=983 width=4)
	        Recheck Cond: ((id >= 8142807) AND (id <= 8143806))
	        ->  Bitmap Index Scan on sbtest7_pkey  (cost=0.00..22.26 rows=983 width=0)
	              Index Cond: ((id >= 8142807) AND (id <= 8143806))

table 8 : explain SELECT SUM(k) FROM sbtest8 WHERE id BETWEEN 2405445 AND 2406444
	Aggregate  (cost=3524.37..3524.38 rows=1 width=8)
	  ->  Bitmap Heap Scan on sbtest8  (cost=21.76..3522.09 rows=910 width=4)
	        Recheck Cond: ((id >= 2405445) AND (id <= 2406444))
	        ->  Bitmap Index Scan on sbtest8_pkey  (cost=0.00..21.54 rows=910 width=0)
	              Index Cond: ((id >= 2405445) AND (id <= 2406444))

explain: for point_selects :: explain SELECT c FROM sbtest%u WHERE id=%u
for: sum_ranges
table 1 : explain SELECT SUM(k) FROM sbtest1 WHERE id BETWEEN 7182654 AND 7183653
	Aggregate  (cost=4335.23..4335.24 rows=1 width=8)
	  ->  Bitmap Heap Scan on sbtest1  (cost=27.98..4332.42 rows=1126 width=4)
	        Recheck Cond: ((id >= 7182654) AND (id <= 7183653))
	        ->  Bitmap Index Scan on sbtest1_pkey  (cost=0.00..27.69 rows=1126 width=0)
	              Index Cond: ((id >= 7182654) AND (id <= 7183653))

table 2 : explain SELECT SUM(k) FROM sbtest2 WHERE id BETWEEN 4036011 AND 4037010
	Aggregate  (cost=4087.34..4087.35 rows=1 width=8)
	  ->  Bitmap Heap Scan on sbtest2  (cost=23.30..4084.69 rows=1060 width=4)
	        Recheck Cond: ((id >= 4036011) AND (id <= 4037010))
	        ->  Bitmap Index Scan on sbtest2_pkey  (cost=0.00..23.04 rows=1060 width=0)
	              Index Cond: ((id >= 4036011) AND (id <= 4037010))

table 3 : explain SELECT SUM(k) FROM sbtest3 WHERE id BETWEEN 2686188 AND 2687187
	Aggregate  (cost=3854.46..3854.47 rows=1 width=8)
	  ->  Bitmap Heap Scan on sbtest3  (cost=22.66..3851.97 rows=998 width=4)
	        Recheck Cond: ((id >= 2686188) AND (id <= 2687187))
	        ->  Bitmap Index Scan on sbtest3_pkey  (cost=0.00..22.41 rows=998 width=0)
	              Index Cond: ((id >= 2686188) AND (id <= 2687187))

table 4 : explain SELECT SUM(k) FROM sbtest4 WHERE id BETWEEN 9908960 AND 9909959
	Aggregate  (cost=4193.23..4193.24 rows=1 width=8)
	  ->  Bitmap Heap Scan on sbtest4  (cost=23.59..4190.51 rows=1088 width=4)
	        Recheck Cond: ((id >= 9908960) AND (id <= 9909959))
	        ->  Bitmap Index Scan on sbtest4_pkey  (cost=0.00..23.32 rows=1088 width=0)
	              Index Cond: ((id >= 9908960) AND (id <= 9909959))

table 5 : explain SELECT SUM(k) FROM sbtest5 WHERE id BETWEEN 5325974 AND 5326973
	Aggregate  (cost=3949.00..3949.01 rows=1 width=8)
	  ->  Bitmap Heap Scan on sbtest5  (cost=22.92..3946.44 rows=1023 width=4)
	        Recheck Cond: ((id >= 5325974) AND (id <= 5326973))
	        ->  Bitmap Index Scan on sbtest5_pkey  (cost=0.00..22.66 rows=1023 width=0)
	              Index Cond: ((id >= 5325974) AND (id <= 5326973))

table 6 : explain SELECT SUM(k) FROM sbtest6 WHERE id BETWEEN 1293310 AND 1294309
	Aggregate  (cost=3674.83..3674.84 rows=1 width=8)
	  ->  Bitmap Heap Scan on sbtest6  (cost=22.17..3672.46 rows=950 width=4)
	        Recheck Cond: ((id >= 1293310) AND (id <= 1294309))
	        ->  Bitmap Index Scan on sbtest6_pkey  (cost=0.00..21.93 rows=950 width=0)
	              Index Cond: ((id >= 1293310) AND (id <= 1294309))

table 7 : explain SELECT SUM(k) FROM sbtest7 WHERE id BETWEEN 6095276 AND 6096275
	Aggregate  (cost=3787.63..3787.64 rows=1 width=8)
	  ->  Bitmap Heap Scan on sbtest7  (cost=22.48..3785.18 rows=980 width=4)
	        Recheck Cond: ((id >= 6095276) AND (id <= 6096275))
	        ->  Bitmap Index Scan on sbtest7_pkey  (cost=0.00..22.23 rows=980 width=0)
	              Index Cond: ((id >= 6095276) AND (id <= 6096275))

table 8 : explain SELECT SUM(k) FROM sbtest8 WHERE id BETWEEN 8944255 AND 8945254
	Aggregate  (cost=3705.72..3705.73 rows=1 width=8)
	  ->  Bitmap Heap Scan on sbtest8  (cost=22.25..3703.32 rows=958 width=4)
	        Recheck Cond: ((id >= 8944255) AND (id <= 8945254))
	        ->  Bitmap Index Scan on sbtest8_pkey  (cost=0.00..22.01 rows=958 width=0)
	              Index Cond: ((id >= 8944255) AND (id <= 8945254))

for: simple_ranges
table 1 : explain SELECT c FROM sbtest1 WHERE id BETWEEN 6551609 AND 6552608
	Bitmap Heap Scan on sbtest1  (cost=21.89..3565.10 rows=922 width=121)
	  Recheck Cond: ((id >= 6551609) AND (id <= 6552608))
	  ->  Bitmap Index Scan on sbtest1_pkey  (cost=0.00..21.65 rows=922 width=0)
	        Index Cond: ((id >= 6551609) AND (id <= 6552608))

table 2 : explain SELECT c FROM sbtest2 WHERE id BETWEEN 3129572 AND 3130571
	Bitmap Heap Scan on sbtest2  (cost=23.33..4095.96 rows=1063 width=121)
	  Recheck Cond: ((id >= 3129572) AND (id <= 3130571))
	  ->  Bitmap Index Scan on sbtest2_pkey  (cost=0.00..23.07 rows=1063 width=0)
	        Index Cond: ((id >= 3129572) AND (id <= 3130571))

table 3 : explain SELECT c FROM sbtest3 WHERE id BETWEEN 7933392 AND 7934391
	Bitmap Heap Scan on sbtest3  (cost=22.48..3784.20 rows=980 width=121)
	  Recheck Cond: ((id >= 7933392) AND (id <= 7934391))
	  ->  Bitmap Index Scan on sbtest3_pkey  (cost=0.00..22.23 rows=980 width=0)
	        Index Cond: ((id >= 7933392) AND (id <= 7934391))

table 4 : explain SELECT c FROM sbtest4 WHERE id BETWEEN 5868053 AND 5869052
	Bitmap Heap Scan on sbtest4  (cost=23.28..4077.87 rows=1058 width=121)
	  Recheck Cond: ((id >= 5868053) AND (id <= 5869052))
	  ->  Bitmap Index Scan on sbtest4_pkey  (cost=0.00..23.01 rows=1058 width=0)
	        Index Cond: ((id >= 5868053) AND (id <= 5869052))

table 5 : explain SELECT c FROM sbtest5 WHERE id BETWEEN 1905835 AND 1906834
	Bitmap Heap Scan on sbtest5  (cost=22.39..3750.68 rows=971 width=121)
	  Recheck Cond: ((id >= 1905835) AND (id <= 1906834))
	  ->  Bitmap Index Scan on sbtest5_pkey  (cost=0.00..22.14 rows=971 width=0)
	        Index Cond: ((id >= 1905835) AND (id <= 1906834))

table 6 : explain SELECT c FROM sbtest6 WHERE id BETWEEN 4521847 AND 4522846
	Bitmap Heap Scan on sbtest6  (cost=22.46..3778.03 rows=978 width=121)
	  Recheck Cond: ((id >= 4521847) AND (id <= 4522846))
	  ->  Bitmap Index Scan on sbtest6_pkey  (cost=0.00..22.21 rows=978 width=0)
	        Index Cond: ((id >= 4521847) AND (id <= 4522846))

table 7 : explain SELECT c FROM sbtest7 WHERE id BETWEEN 3221765 AND 3222764
	Bitmap Heap Scan on sbtest7  (cost=23.04..3992.21 rows=1035 width=121)
	  Recheck Cond: ((id >= 3221765) AND (id <= 3222764))
	  ->  Bitmap Index Scan on sbtest7_pkey  (cost=0.00..22.79 rows=1035 width=0)
	        Index Cond: ((id >= 3221765) AND (id <= 3222764))

table 8 : explain SELECT c FROM sbtest8 WHERE id BETWEEN 5717923 AND 5718922
	Bitmap Heap Scan on sbtest8  (cost=21.96..3593.87 rows=929 width=121)
	  Recheck Cond: ((id >= 5717923) AND (id <= 5718922))
	  ->  Bitmap Index Scan on sbtest8_pkey  (cost=0.00..21.72 rows=929 width=0)
	        Index Cond: ((id >= 5717923) AND (id <= 5718922))

for: simple_ranges
table 1 : explain SELECT c FROM sbtest1 WHERE id BETWEEN 4441317 AND 4442316
	Bitmap Heap Scan on sbtest1  (cost=23.34..4099.59 rows=1064 width=121)
	  Recheck Cond: ((id >= 4441317) AND (id <= 4442316))
	  ->  Bitmap Index Scan on sbtest1_pkey  (cost=0.00..23.07 rows=1064 width=0)
	        Index Cond: ((id >= 4441317) AND (id <= 4442316))

table 2 : explain SELECT c FROM sbtest2 WHERE id BETWEEN 2310633 AND 2311632
	Bitmap Heap Scan on sbtest2  (cost=21.90..3568.98 rows=923 width=121)
	  Recheck Cond: ((id >= 2310633) AND (id <= 2311632))
	  ->  Bitmap Index Scan on sbtest2_pkey  (cost=0.00..21.66 rows=923 width=0)
	        Index Cond: ((id >= 2310633) AND (id <= 2311632))

table 3 : explain SELECT c FROM sbtest3 WHERE id BETWEEN 5115558 AND 5116557
	Bitmap Heap Scan on sbtest3  (cost=22.13..3656.06 rows=946 width=121)
	  Recheck Cond: ((id >= 5115558) AND (id <= 5116557))
	  ->  Bitmap Index Scan on sbtest3_pkey  (cost=0.00..21.89 rows=946 width=0)
	        Index Cond: ((id >= 5115558) AND (id <= 5116557))

table 4 : explain SELECT c FROM sbtest4 WHERE id BETWEEN 2440190 AND 2441189
	Bitmap Heap Scan on sbtest4  (cost=23.35..4104.16 rows=1065 width=121)
	  Recheck Cond: ((id >= 2440190) AND (id <= 2441189))
	  ->  Bitmap Index Scan on sbtest4_pkey  (cost=0.00..23.08 rows=1065 width=0)
	        Index Cond: ((id >= 2440190) AND (id <= 2441189))

table 5 : explain SELECT c FROM sbtest5 WHERE id BETWEEN 7914653 AND 7915652
	Bitmap Heap Scan on sbtest5  (cost=22.50..3792.12 rows=982 width=121)
	  Recheck Cond: ((id >= 7914653) AND (id <= 7915652))
	  ->  Bitmap Index Scan on sbtest5_pkey  (cost=0.00..22.25 rows=982 width=0)
	        Index Cond: ((id >= 7914653) AND (id <= 7915652))

table 6 : explain SELECT c FROM sbtest6 WHERE id BETWEEN 1456068 AND 1457067
	Bitmap Heap Scan on sbtest6  (cost=22.21..3687.55 rows=954 width=121)
	  Recheck Cond: ((id >= 1456068) AND (id <= 1457067))
	  ->  Bitmap Index Scan on sbtest6_pkey  (cost=0.00..21.97 rows=954 width=0)
	        Index Cond: ((id >= 1456068) AND (id <= 1457067))

table 7 : explain SELECT c FROM sbtest7 WHERE id BETWEEN 1067290 AND 1068289
	Bitmap Heap Scan on sbtest7  (cost=23.28..4078.67 rows=1058 width=121)
	  Recheck Cond: ((id >= 1067290) AND (id <= 1068289))
	  ->  Bitmap Index Scan on sbtest7_pkey  (cost=0.00..23.01 rows=1058 width=0)
	        Index Cond: ((id >= 1067290) AND (id <= 1068289))

table 8 : explain SELECT c FROM sbtest8 WHERE id BETWEEN 9974572 AND 9975571
	Bitmap Heap Scan on sbtest8  (cost=22.40..3756.12 rows=972 width=121)
	  Recheck Cond: ((id >= 9974572) AND (id <= 9975571))
	  ->  Bitmap Index Scan on sbtest8_pkey  (cost=0.00..22.15 rows=972 width=0)
	        Index Cond: ((id >= 9974572) AND (id <= 9975571))

for: order_ranges
table 1 : explain SELECT c FROM sbtest1 WHERE id BETWEEN 953343 AND 954342 ORDER BY c
	Sort  (cost=3801.84..3804.27 rows=972 width=121)
	  Sort Key: c
	  ->  Bitmap Heap Scan on sbtest1  (cost=22.40..3753.61 rows=972 width=121)
	        Recheck Cond: ((id >= 953343) AND (id <= 954342))
	        ->  Bitmap Index Scan on sbtest1_pkey  (cost=0.00..22.15 rows=972 width=0)
	              Index Cond: ((id >= 953343) AND (id <= 954342))

table 2 : explain SELECT c FROM sbtest2 WHERE id BETWEEN 6661550 AND 6662549 ORDER BY c
	Sort  (cost=3744.58..3746.97 rows=957 width=121)
	  Sort Key: c
	  ->  Bitmap Heap Scan on sbtest2  (cost=22.24..3697.20 rows=957 width=121)
	        Recheck Cond: ((id >= 6661550) AND (id <= 6662549))
	        ->  Bitmap Index Scan on sbtest2_pkey  (cost=0.00..22.00 rows=957 width=0)
	              Index Cond: ((id >= 6661550) AND (id <= 6662549))

table 3 : explain SELECT c FROM sbtest3 WHERE id BETWEEN 1164855 AND 1165854 ORDER BY c
	Sort  (cost=3993.35..3995.91 rows=1022 width=121)
	  Sort Key: c
	  ->  Bitmap Heap Scan on sbtest3  (cost=22.91..3942.27 rows=1022 width=121)
	        Recheck Cond: ((id >= 1164855) AND (id <= 1165854))
	        ->  Bitmap Index Scan on sbtest3_pkey  (cost=0.00..22.65 rows=1022 width=0)
	              Index Cond: ((id >= 1164855) AND (id <= 1165854))

table 4 : explain SELECT c FROM sbtest4 WHERE id BETWEEN 2389234 AND 2390233 ORDER BY c
	Sort  (cost=4157.71..4160.37 rows=1065 width=121)
	  Sort Key: c
	  ->  Bitmap Heap Scan on sbtest4  (cost=23.35..4104.16 rows=1065 width=121)
	        Recheck Cond: ((id >= 2389234) AND (id <= 2390233))
	        ->  Bitmap Index Scan on sbtest4_pkey  (cost=0.00..23.08 rows=1065 width=0)
	              Index Cond: ((id >= 2389234) AND (id <= 2390233))

table 5 : explain SELECT c FROM sbtest5 WHERE id BETWEEN 6966797 AND 6967796 ORDER BY c
	Sort  (cost=3641.93..3644.25 rows=930 width=121)
	  Sort Key: c
	  ->  Bitmap Heap Scan on sbtest5  (cost=21.97..3596.07 rows=930 width=121)
	        Recheck Cond: ((id >= 6966797) AND (id <= 6967796))
	        ->  Bitmap Index Scan on sbtest5_pkey  (cost=0.00..21.73 rows=930 width=0)
	              Index Cond: ((id >= 6966797) AND (id <= 6967796))

table 6 : explain SELECT c FROM sbtest6 WHERE id BETWEEN 4598559 AND 4599558 ORDER BY c
	Sort  (cost=3623.68..3625.99 rows=925 width=121)
	  Sort Key: c
	  ->  Bitmap Heap Scan on sbtest6  (cost=21.92..3578.11 rows=925 width=121)
	        Recheck Cond: ((id >= 4598559) AND (id <= 4599558))
	        ->  Bitmap Index Scan on sbtest6_pkey  (cost=0.00..21.68 rows=925 width=0)
	              Index Cond: ((id >= 4598559) AND (id <= 4599558))

table 7 : explain SELECT c FROM sbtest7 WHERE id BETWEEN 7595749 AND 7596748 ORDER BY c
	Sort  (cost=3665.46..3667.80 rows=936 width=121)
	  Sort Key: c
	  ->  Bitmap Heap Scan on sbtest7  (cost=22.03..3619.26 rows=936 width=121)
	        Recheck Cond: ((id >= 7595749) AND (id <= 7596748))
	        ->  Bitmap Index Scan on sbtest7_pkey  (cost=0.00..21.79 rows=936 width=0)
	              Index Cond: ((id >= 7595749) AND (id <= 7596748))

table 8 : explain SELECT c FROM sbtest8 WHERE id BETWEEN 3854671 AND 3855670 ORDER BY c
	Sort  (cost=3938.24..3940.76 rows=1007 width=121)
	  Sort Key: c
	  ->  Bitmap Heap Scan on sbtest8  (cost=22.76..3888.01 rows=1007 width=121)
	        Recheck Cond: ((id >= 3854671) AND (id <= 3855670))
	        ->  Bitmap Index Scan on sbtest8_pkey  (cost=0.00..22.50 rows=1007 width=0)
	              Index Cond: ((id >= 3854671) AND (id <= 3855670))

explain: for point_selects :: explain SELECT c FROM sbtest%u WHERE id=%u
for: sum_ranges
table 1 : explain SELECT SUM(k) FROM sbtest1 WHERE id BETWEEN 7171092 AND 7172091
	Aggregate  (cost=4335.23..4335.24 rows=1 width=8)
	  ->  Bitmap Heap Scan on sbtest1  (cost=27.98..4332.42 rows=1126 width=4)
	        Recheck Cond: ((id >= 7171092) AND (id <= 7172091))
	        ->  Bitmap Index Scan on sbtest1_pkey  (cost=0.00..27.69 rows=1126 width=0)
	              Index Cond: ((id >= 7171092) AND (id <= 7172091))

table 2 : explain SELECT SUM(k) FROM sbtest2 WHERE id BETWEEN 1705541 AND 1706540
	Aggregate  (cost=3827.74..3827.75 rows=1 width=8)
	  ->  Bitmap Heap Scan on sbtest2  (cost=22.59..3825.26 rows=991 width=4)
	        Recheck Cond: ((id >= 1705541) AND (id <= 1706540))
	        ->  Bitmap Index Scan on sbtest2_pkey  (cost=0.00..22.34 rows=991 width=0)
	              Index Cond: ((id >= 1705541) AND (id <= 1706540))

table 3 : explain SELECT SUM(k) FROM sbtest3 WHERE id BETWEEN 2545991 AND 2546990
	Aggregate  (cost=3450.69..3450.70 rows=1 width=8)
	  ->  Bitmap Heap Scan on sbtest3  (cost=21.57..3448.46 rows=891 width=4)
	        Recheck Cond: ((id >= 2545991) AND (id <= 2546990))
	        ->  Bitmap Index Scan on sbtest3_pkey  (cost=0.00..21.34 rows=891 width=0)
	              Index Cond: ((id >= 2545991) AND (id <= 2546990))

table 4 : explain SELECT SUM(k) FROM sbtest4 WHERE id BETWEEN 32966 AND 33965
	Aggregate  (cost=3707.72..3707.73 rows=1 width=8)
	  ->  Bitmap Heap Scan on sbtest4  (cost=22.26..3705.33 rows=959 width=4)
	        Recheck Cond: ((id >= 32966) AND (id <= 33965))
	        ->  Bitmap Index Scan on sbtest4_pkey  (cost=0.00..22.02 rows=959 width=0)
	              Index Cond: ((id >= 32966) AND (id <= 33965))

table 5 : explain SELECT SUM(k) FROM sbtest5 WHERE id BETWEEN 2443440 AND 2444439
	Aggregate  (cost=4204.65..4204.66 rows=1 width=8)
	  ->  Bitmap Heap Scan on sbtest5  (cost=23.62..4201.92 rows=1091 width=4)
	        Recheck Cond: ((id >= 2443440) AND (id <= 2444439))
	        ->  Bitmap Index Scan on sbtest5_pkey  (cost=0.00..23.34 rows=1091 width=0)
	              Index Cond: ((id >= 2443440) AND (id <= 2444439))

table 6 : explain SELECT SUM(k) FROM sbtest6 WHERE id BETWEEN 542930 AND 543929
	Aggregate  (cost=3516.17..3516.18 rows=1 width=8)
	  ->  Bitmap Heap Scan on sbtest6  (cost=21.74..3513.90 rows=908 width=4)
	        Recheck Cond: ((id >= 542930) AND (id <= 543929))
	        ->  Bitmap Index Scan on sbtest6_pkey  (cost=0.00..21.51 rows=908 width=0)
	              Index Cond: ((id >= 542930) AND (id <= 543929))

table 7 : explain SELECT SUM(k) FROM sbtest7 WHERE id BETWEEN 3844861 AND 3845860
	Aggregate  (cost=3832.86..3832.87 rows=1 width=8)
	  ->  Bitmap Heap Scan on sbtest7  (cost=22.60..3830.38 rows=992 width=4)
	        Recheck Cond: ((id >= 3844861) AND (id <= 3845860))
	        ->  Bitmap Index Scan on sbtest7_pkey  (cost=0.00..22.36 rows=992 width=0)
	              Index Cond: ((id >= 3844861) AND (id <= 3845860))

table 8 : explain SELECT SUM(k) FROM sbtest8 WHERE id BETWEEN 8519524 AND 8520523
	Aggregate  (cost=3864.15..3864.16 rows=1 width=8)
	  ->  Bitmap Heap Scan on sbtest8  (cost=22.68..3861.65 rows=1000 width=4)
	        Recheck Cond: ((id >= 8519524) AND (id <= 8520523))
	        ->  Bitmap Index Scan on sbtest8_pkey  (cost=0.00..22.43 rows=1000 width=0)
	              Index Cond: ((id >= 8519524) AND (id <= 8520523))

for: order_ranges
table 1 : explain SELECT c FROM sbtest1 WHERE id BETWEEN 7783399 AND 7784398 ORDER BY c
	Sort  (cost=4092.07..4094.69 rows=1048 width=121)
	  Sort Key: c
	  ->  Bitmap Heap Scan on sbtest1  (cost=23.18..4039.49 rows=1048 width=121)
	        Recheck Cond: ((id >= 7783399) AND (id <= 7784398))
	        ->  Bitmap Index Scan on sbtest1_pkey  (cost=0.00..22.91 rows=1048 width=0)
	              Index Cond: ((id >= 7783399) AND (id <= 7784398))

table 2 : explain SELECT c FROM sbtest2 WHERE id BETWEEN 5964628 AND 5965627 ORDER BY c
	Sort  (cost=4496.12..4499.01 rows=1154 width=121)
	  Sort Key: c
	  ->  Bitmap Heap Scan on sbtest2  (cost=28.26..4437.43 rows=1154 width=121)
	        Recheck Cond: ((id >= 5964628) AND (id <= 5965627))
	        ->  Bitmap Index Scan on sbtest2_pkey  (cost=0.00..27.97 rows=1154 width=0)
	              Index Cond: ((id >= 5964628) AND (id <= 5965627))

table 3 : explain SELECT c FROM sbtest3 WHERE id BETWEEN 5458296 AND 5459295 ORDER BY c
	Sort  (cost=3981.90..3984.45 rows=1019 width=121)
	  Sort Key: c
	  ->  Bitmap Heap Scan on sbtest3  (cost=22.88..3930.98 rows=1019 width=121)
	        Recheck Cond: ((id >= 5458296) AND (id <= 5459295))
	        ->  Bitmap Index Scan on sbtest3_pkey  (cost=0.00..22.62 rows=1019 width=0)
	              Index Cond: ((id >= 5458296) AND (id <= 5459295))

table 4 : explain SELECT c FROM sbtest4 WHERE id BETWEEN 7290209 AND 7291208 ORDER BY c
	Sort  (cost=4127.20..4129.84 rows=1057 width=121)
	  Sort Key: c
	  ->  Bitmap Heap Scan on sbtest4  (cost=23.27..4074.11 rows=1057 width=121)
	        Recheck Cond: ((id >= 7290209) AND (id <= 7291208))
	        ->  Bitmap Index Scan on sbtest4_pkey  (cost=0.00..23.00 rows=1057 width=0)
	              Index Cond: ((id >= 7290209) AND (id <= 7291208))

table 5 : explain SELECT c FROM sbtest5 WHERE id BETWEEN 2490309 AND 2491308 ORDER BY c
	Sort  (cost=3894.44..3896.93 rows=996 width=121)
	  Sort Key: c
	  ->  Bitmap Heap Scan on sbtest5  (cost=22.64..3844.84 rows=996 width=121)
	        Recheck Cond: ((id >= 2490309) AND (id <= 2491308))
	        ->  Bitmap Index Scan on sbtest5_pkey  (cost=0.00..22.39 rows=996 width=0)
	              Index Cond: ((id >= 2490309) AND (id <= 2491308))

table 6 : explain SELECT c FROM sbtest6 WHERE id BETWEEN 1738645 AND 1739644 ORDER BY c
	Sort  (cost=4307.94..4310.70 rows=1104 width=121)
	  Sort Key: c
	  ->  Bitmap Heap Scan on sbtest6  (cost=27.75..4252.14 rows=1104 width=121)
	        Recheck Cond: ((id >= 1738645) AND (id <= 1739644))
	        ->  Bitmap Index Scan on sbtest6_pkey  (cost=0.00..27.47 rows=1104 width=0)
	              Index Cond: ((id >= 1738645) AND (id <= 1739644))

table 7 : explain SELECT c FROM sbtest7 WHERE id BETWEEN 2148256 AND 2149255 ORDER BY c
	Sort  (cost=4189.04..4191.72 rows=1073 width=121)
	  Sort Key: c
	  ->  Bitmap Heap Scan on sbtest7  (cost=23.43..4135.02 rows=1073 width=121)
	        Recheck Cond: ((id >= 2148256) AND (id <= 2149255))
	        ->  Bitmap Index Scan on sbtest7_pkey  (cost=0.00..23.16 rows=1073 width=0)
	              Index Cond: ((id >= 2148256) AND (id <= 2149255))

table 8 : explain SELECT c FROM sbtest8 WHERE id BETWEEN 1830338 AND 1831337 ORDER BY c
	Sort  (cost=4071.98..4074.58 rows=1042 width=121)
	  Sort Key: c
	  ->  Bitmap Heap Scan on sbtest8  (cost=23.12..4019.75 rows=1042 width=121)
	        Recheck Cond: ((id >= 1830338) AND (id <= 1831337))
	        ->  Bitmap Index Scan on sbtest8_pkey  (cost=0.00..22.86 rows=1042 width=0)
	              Index Cond: ((id >= 1830338) AND (id <= 1831337))

for: order_ranges
table 1 : explain SELECT c FROM sbtest1 WHERE id BETWEEN 9904584 AND 9905583 ORDER BY c
	Sort  (cost=4198.82..4201.51 rows=1076 width=121)
	  Sort Key: c
	  ->  Bitmap Heap Scan on sbtest1  (cost=23.46..4144.63 rows=1076 width=121)
	        Recheck Cond: ((id >= 9904584) AND (id <= 9905583))
	        ->  Bitmap Index Scan on sbtest1_pkey  (cost=0.00..23.19 rows=1076 width=0)
	              Index Cond: ((id >= 9904584) AND (id <= 9905583))

table 2 : explain SELECT c FROM sbtest2 WHERE id BETWEEN 4313655 AND 4314654 ORDER BY c
	Sort  (cost=3717.80..3720.17 rows=950 width=121)
	  Sort Key: c
	  ->  Bitmap Heap Scan on sbtest2  (cost=22.17..3670.81 rows=950 width=121)
	        Recheck Cond: ((id >= 4313655) AND (id <= 4314654))
	        ->  Bitmap Index Scan on sbtest2_pkey  (cost=0.00..21.93 rows=950 width=0)
	              Index Cond: ((id >= 4313655) AND (id <= 4314654))

table 3 : explain SELECT c FROM sbtest3 WHERE id BETWEEN 7497968 AND 7498967 ORDER BY c
	Sort  (cost=3783.17..3785.59 rows=967 width=121)
	  Sort Key: c
	  ->  Bitmap Heap Scan on sbtest3  (cost=22.35..3735.22 rows=967 width=121)
	        Recheck Cond: ((id >= 7497968) AND (id <= 7498967))
	        ->  Bitmap Index Scan on sbtest3_pkey  (cost=0.00..22.11 rows=967 width=0)
	              Index Cond: ((id >= 7497968) AND (id <= 7498967))

table 4 : explain SELECT c FROM sbtest4 WHERE id BETWEEN 802817 AND 803816 ORDER BY c
	Sort  (cost=3836.97..3839.42 rows=981 width=121)
	  Sort Key: c
	  ->  Bitmap Heap Scan on sbtest4  (cost=22.49..3788.22 rows=981 width=121)
	        Recheck Cond: ((id >= 802817) AND (id <= 803816))
	        ->  Bitmap Index Scan on sbtest4_pkey  (cost=0.00..22.25 rows=981 width=0)
	              Index Cond: ((id >= 802817) AND (id <= 803816))

table 5 : explain SELECT c FROM sbtest5 WHERE id BETWEEN 6575426 AND 6576425 ORDER BY c
	Sort  (cost=3909.73..3912.23 rows=1000 width=121)
	  Sort Key: c
	  ->  Bitmap Heap Scan on sbtest5  (cost=22.68..3859.90 rows=1000 width=121)
	        Recheck Cond: ((id >= 6575426) AND (id <= 6576425))
	        ->  Bitmap Index Scan on sbtest5_pkey  (cost=0.00..22.43 rows=1000 width=0)
	              Index Cond: ((id >= 6575426) AND (id <= 6576425))

table 6 : explain SELECT c FROM sbtest6 WHERE id BETWEEN 7479040 AND 7480039 ORDER BY c
	Sort  (cost=4063.56..4066.16 rows=1040 width=121)
	  Sort Key: c
	  ->  Bitmap Heap Scan on sbtest6  (cost=23.09..4011.44 rows=1040 width=121)
	        Recheck Cond: ((id >= 7479040) AND (id <= 7480039))
	        ->  Bitmap Index Scan on sbtest6_pkey  (cost=0.00..22.83 rows=1040 width=0)
	              Index Cond: ((id >= 7479040) AND (id <= 7480039))

table 7 : explain SELECT c FROM sbtest7 WHERE id BETWEEN 8345034 AND 8346033 ORDER BY c
	Sort  (cost=3982.94..3985.48 rows=1019 width=121)
	  Sort Key: c
	  ->  Bitmap Heap Scan on sbtest7  (cost=22.88..3932.02 rows=1019 width=121)
	        Recheck Cond: ((id >= 8345034) AND (id <= 8346033))
	        ->  Bitmap Index Scan on sbtest7_pkey  (cost=0.00..22.62 rows=1019 width=0)
	              Index Cond: ((id >= 8345034) AND (id <= 8346033))

table 8 : explain SELECT c FROM sbtest8 WHERE id BETWEEN 624951 AND 625950 ORDER BY c
	Sort  (cost=3968.82..3971.36 rows=1015 width=121)
	  Sort Key: c
	  ->  Bitmap Heap Scan on sbtest8  (cost=22.84..3918.14 rows=1015 width=121)
	        Recheck Cond: ((id >= 624951) AND (id <= 625950))
	        ->  Bitmap Index Scan on sbtest8_pkey  (cost=0.00..22.58 rows=1015 width=0)
	              Index Cond: ((id >= 624951) AND (id <= 625950))

for: sum_ranges
table 1 : explain SELECT SUM(k) FROM sbtest1 WHERE id BETWEEN 3313817 AND 3314816
	Aggregate  (cost=3884.11..3884.12 rows=1 width=8)
	  ->  Bitmap Heap Scan on sbtest1  (cost=22.75..3881.60 rows=1006 width=4)
	        Recheck Cond: ((id >= 3313817) AND (id <= 3314816))
	        ->  Bitmap Index Scan on sbtest1_pkey  (cost=0.00..22.50 rows=1006 width=0)
	              Index Cond: ((id >= 3313817) AND (id <= 3314816))

table 2 : explain SELECT SUM(k) FROM sbtest2 WHERE id BETWEEN 1824084 AND 1825083
	Aggregate  (cost=3563.73..3563.74 rows=1 width=8)
	  ->  Bitmap Heap Scan on sbtest2  (cost=21.88..3561.43 rows=921 width=4)
	        Recheck Cond: ((id >= 1824084) AND (id <= 1825083))
	        ->  Bitmap Index Scan on sbtest2_pkey  (cost=0.00..21.64 rows=921 width=0)
	              Index Cond: ((id >= 1824084) AND (id <= 1825083))

table 3 : explain SELECT SUM(k) FROM sbtest3 WHERE id BETWEEN 8659948 AND 8660947
	Aggregate  (cost=3306.91..3306.92 rows=1 width=8)
	  ->  Bitmap Heap Scan on sbtest3  (cost=21.18..3304.78 rows=853 width=4)
	        Recheck Cond: ((id >= 8659948) AND (id <= 8660947))
	        ->  Bitmap Index Scan on sbtest3_pkey  (cost=0.00..20.96 rows=853 width=0)
	              Index Cond: ((id >= 8659948) AND (id <= 8660947))

table 4 : explain SELECT SUM(k) FROM sbtest4 WHERE id BETWEEN 6795294 AND 6796293
	Aggregate  (cost=3963.92..3963.93 rows=1 width=8)
	  ->  Bitmap Heap Scan on sbtest4  (cost=22.96..3961.35 rows=1027 width=4)
	        Recheck Cond: ((id >= 6795294) AND (id <= 6796293))
	        ->  Bitmap Index Scan on sbtest4_pkey  (cost=0.00..22.70 rows=1027 width=0)
	              Index Cond: ((id >= 6795294) AND (id <= 6796293))

table 5 : explain SELECT SUM(k) FROM sbtest5 WHERE id BETWEEN 6570619 AND 6571618
	Aggregate  (cost=3862.40..3862.41 rows=1 width=8)
	  ->  Bitmap Heap Scan on sbtest5  (cost=22.68..3859.90 rows=1000 width=4)
	        Recheck Cond: ((id >= 6570619) AND (id <= 6571618))
	        ->  Bitmap Index Scan on sbtest5_pkey  (cost=0.00..22.43 rows=1000 width=0)
	              Index Cond: ((id >= 6570619) AND (id <= 6571618))

table 6 : explain SELECT SUM(k) FROM sbtest6 WHERE id BETWEEN 222214 AND 223213
	Aggregate  (cost=3995.23..3995.24 rows=1 width=8)
	  ->  Bitmap Heap Scan on sbtest6  (cost=23.04..3992.64 rows=1035 width=4)
	        Recheck Cond: ((id >= 222214) AND (id <= 223213))
	        ->  Bitmap Index Scan on sbtest6_pkey  (cost=0.00..22.79 rows=1035 width=0)
	              Index Cond: ((id >= 222214) AND (id <= 223213))

table 7 : explain SELECT SUM(k) FROM sbtest7 WHERE id BETWEEN 9295308 AND 9296307
	Aggregate  (cost=3942.10..3942.11 rows=1 width=8)
	  ->  Bitmap Heap Scan on sbtest7  (cost=22.90..3939.55 rows=1021 width=4)
	        Recheck Cond: ((id >= 9295308) AND (id <= 9296307))
	        ->  Bitmap Index Scan on sbtest7_pkey  (cost=0.00..22.64 rows=1021 width=0)
	              Index Cond: ((id >= 9295308) AND (id <= 9296307))

table 8 : explain SELECT SUM(k) FROM sbtest8 WHERE id BETWEEN 8955863 AND 8956862
	Aggregate  (cost=3705.72..3705.73 rows=1 width=8)
	  ->  Bitmap Heap Scan on sbtest8  (cost=22.25..3703.32 rows=958 width=4)
	        Recheck Cond: ((id >= 8955863) AND (id <= 8956862))
	        ->  Bitmap Index Scan on sbtest8_pkey  (cost=0.00..22.01 rows=958 width=0)
	              Index Cond: ((id >= 8955863) AND (id <= 8956862))

for: distinct_ranges
table 1 : explain SELECT DISTINCT c FROM sbtest1 WHERE id BETWEEN 5646710 AND 5647709 ORDER BY c
	Unique  (cost=3748.30..3753.09 rows=958 width=121)
	  ->  Sort  (cost=3748.30..3750.69 rows=958 width=121)
	        Sort Key: c
	        ->  Bitmap Heap Scan on sbtest1  (cost=22.25..3700.86 rows=958 width=121)
	              Recheck Cond: ((id >= 5646710) AND (id <= 5647709))
	              ->  Bitmap Index Scan on sbtest1_pkey  (cost=0.00..22.01 rows=958 width=0)
	                    Index Cond: ((id >= 5646710) AND (id <= 5647709))

table 2 : explain SELECT DISTINCT c FROM sbtest2 WHERE id BETWEEN 459415 AND 460414 ORDER BY c
	Unique  (cost=3736.93..3741.70 rows=955 width=121)
	  ->  Sort  (cost=3736.93..3739.32 rows=955 width=121)
	        Sort Key: c
	        ->  Bitmap Heap Scan on sbtest2  (cost=22.22..3689.66 rows=955 width=121)
	              Recheck Cond: ((id >= 459415) AND (id <= 460414))
	              ->  Bitmap Index Scan on sbtest2_pkey  (cost=0.00..21.98 rows=955 width=0)
	                    Index Cond: ((id >= 459415) AND (id <= 460414))

table 3 : explain SELECT DISTINCT c FROM sbtest3 WHERE id BETWEEN 2773139 AND 2774138 ORDER BY c
	Unique  (cost=4046.79..4051.97 rows=1036 width=121)
	  ->  Sort  (cost=4046.79..4049.38 rows=1036 width=121)
	        Sort Key: c
	        ->  Bitmap Heap Scan on sbtest3  (cost=23.05..3994.91 rows=1036 width=121)
	              Recheck Cond: ((id >= 2773139) AND (id <= 2774138))
	              ->  Bitmap Index Scan on sbtest3_pkey  (cost=0.00..22.79 rows=1036 width=0)
	                    Index Cond: ((id >= 2773139) AND (id <= 2774138))

table 4 : explain SELECT DISTINCT c FROM sbtest4 WHERE id BETWEEN 4021323 AND 4022322 ORDER BY c
	Unique  (cost=3733.69..3738.46 rows=954 width=121)
	  ->  Sort  (cost=3733.69..3736.08 rows=954 width=121)
	        Sort Key: c
	        ->  Bitmap Heap Scan on sbtest4  (cost=22.21..3686.48 rows=954 width=121)
	              Recheck Cond: ((id >= 4021323) AND (id <= 4022322))
	              ->  Bitmap Index Scan on sbtest4_pkey  (cost=0.00..21.97 rows=954 width=0)
	                    Index Cond: ((id >= 4021323) AND (id <= 4022322))

table 5 : explain SELECT DISTINCT c FROM sbtest5 WHERE id BETWEEN 6300400 AND 6301399 ORDER BY c
	Unique  (cost=3768.25..3773.07 rows=963 width=121)
	  ->  Sort  (cost=3768.25..3770.66 rows=963 width=121)
	        Sort Key: c
	        ->  Bitmap Heap Scan on sbtest5  (cost=22.31..3720.53 rows=963 width=121)
	              Recheck Cond: ((id >= 6300400) AND (id <= 6301399))
	              ->  Bitmap Index Scan on sbtest5_pkey  (cost=0.00..22.07 rows=963 width=0)
	                    Index Cond: ((id >= 6300400) AND (id <= 6301399))

table 6 : explain SELECT DISTINCT c FROM sbtest6 WHERE id BETWEEN 390160 AND 391159 ORDER BY c
	Unique  (cost=4002.46..4007.58 rows=1024 width=121)
	  ->  Sort  (cost=4002.46..4005.02 rows=1024 width=121)
	        Sort Key: c
	        ->  Bitmap Heap Scan on sbtest6  (cost=22.93..3951.26 rows=1024 width=121)
	              Recheck Cond: ((id >= 390160) AND (id <= 391159))
	              ->  Bitmap Index Scan on sbtest6_pkey  (cost=0.00..22.68 rows=1024 width=0)
	                    Index Cond: ((id >= 390160) AND (id <= 391159))

table 7 : explain SELECT DISTINCT c FROM sbtest7 WHERE id BETWEEN 6800289 AND 6801288 ORDER BY c
	Unique  (cost=4116.56..4121.83 rows=1054 width=121)
	  ->  Sort  (cost=4116.56..4119.19 rows=1054 width=121)
	        Sort Key: c
	        ->  Bitmap Heap Scan on sbtest7  (cost=23.24..4063.64 rows=1054 width=121)
	              Recheck Cond: ((id >= 6800289) AND (id <= 6801288))
	              ->  Bitmap Index Scan on sbtest7_pkey  (cost=0.00..22.97 rows=1054 width=0)
	                    Index Cond: ((id >= 6800289) AND (id <= 6801288))

table 8 : explain SELECT DISTINCT c FROM sbtest8 WHERE id BETWEEN 1618834 AND 1619833 ORDER BY c
	Unique  (cost=3922.95..3927.96 rows=1003 width=121)
	  ->  Sort  (cost=3922.95..3925.46 rows=1003 width=121)
	        Sort Key: c
	        ->  Bitmap Heap Scan on sbtest8  (cost=22.72..3872.95 rows=1003 width=121)
	              Recheck Cond: ((id >= 1618834) AND (id <= 1619833))
	              ->  Bitmap Index Scan on sbtest8_pkey  (cost=0.00..22.46 rows=1003 width=0)
	                    Index Cond: ((id >= 1618834) AND (id <= 1619833))

for: sum_ranges
table 1 : explain SELECT SUM(k) FROM sbtest1 WHERE id BETWEEN 7881800 AND 7882799
	Aggregate  (cost=3887.88..3887.89 rows=1 width=8)
	  ->  Bitmap Heap Scan on sbtest1  (cost=22.76..3885.36 rows=1007 width=4)
	        Recheck Cond: ((id >= 7881800) AND (id <= 7882799))
	        ->  Bitmap Index Scan on sbtest1_pkey  (cost=0.00..22.50 rows=1007 width=0)
	              Index Cond: ((id >= 7881800) AND (id <= 7882799))

table 2 : explain SELECT SUM(k) FROM sbtest2 WHERE id BETWEEN 4823747 AND 4824746
	Aggregate  (cost=3993.35..3993.36 rows=1 width=8)
	  ->  Bitmap Heap Scan on sbtest2  (cost=23.04..3990.77 rows=1035 width=4)
	        Recheck Cond: ((id >= 4823747) AND (id <= 4824746))
	        ->  Bitmap Index Scan on sbtest2_pkey  (cost=0.00..22.79 rows=1035 width=0)
	              Index Cond: ((id >= 4823747) AND (id <= 4824746))

table 3 : explain SELECT SUM(k) FROM sbtest3 WHERE id BETWEEN 2024586 AND 2025585
	Aggregate  (cost=4106.53..4106.54 rows=1 width=8)
	  ->  Bitmap Heap Scan on sbtest3  (cost=23.35..4103.86 rows=1065 width=4)
	        Recheck Cond: ((id >= 2024586) AND (id <= 2025585))
	        ->  Bitmap Index Scan on sbtest3_pkey  (cost=0.00..23.08 rows=1065 width=0)
	              Index Cond: ((id >= 2024586) AND (id <= 2025585))

table 4 : explain SELECT SUM(k) FROM sbtest4 WHERE id BETWEEN 857682 AND 858681
	Aggregate  (cost=3790.68..3790.69 rows=1 width=8)
	  ->  Bitmap Heap Scan on sbtest4  (cost=22.49..3788.22 rows=981 width=4)
	        Recheck Cond: ((id >= 857682) AND (id <= 858681))
	        ->  Bitmap Index Scan on sbtest4_pkey  (cost=0.00..22.25 rows=981 width=0)
	              Index Cond: ((id >= 857682) AND (id <= 858681))

table 5 : explain SELECT SUM(k) FROM sbtest5 WHERE id BETWEEN 892524 AND 893523
	Aggregate  (cost=4583.58..4583.59 rows=1 width=8)
	  ->  Bitmap Heap Scan on sbtest5  (cost=28.65..4580.60 rows=1192 width=4)
	        Recheck Cond: ((id >= 892524) AND (id <= 893523))
	        ->  Bitmap Index Scan on sbtest5_pkey  (cost=0.00..28.36 rows=1192 width=0)
	              Index Cond: ((id >= 892524) AND (id <= 893523))

table 6 : explain SELECT SUM(k) FROM sbtest6 WHERE id BETWEEN 1800452 AND 1801451
	Aggregate  (cost=4254.90..4254.91 rows=1 width=8)
	  ->  Bitmap Heap Scan on sbtest6  (cost=27.75..4252.14 rows=1104 width=4)
	        Recheck Cond: ((id >= 1800452) AND (id <= 1801451))
	        ->  Bitmap Index Scan on sbtest6_pkey  (cost=0.00..27.47 rows=1104 width=0)
	              Index Cond: ((id >= 1800452) AND (id <= 1801451))

table 7 : explain SELECT SUM(k) FROM sbtest7 WHERE id BETWEEN 2641982 AND 2642981
	Aggregate  (cost=3640.48..3640.49 rows=1 width=8)
	  ->  Bitmap Heap Scan on sbtest7  (cost=22.08..3638.13 rows=941 width=4)
	        Recheck Cond: ((id >= 2641982) AND (id <= 2642981))
	        ->  Bitmap Index Scan on sbtest7_pkey  (cost=0.00..21.84 rows=941 width=0)
	              Index Cond: ((id >= 2641982) AND (id <= 2642981))

table 8 : explain SELECT SUM(k) FROM sbtest8 WHERE id BETWEEN 4542619 AND 4543618
	Aggregate  (cost=3898.07..3898.08 rows=1 width=8)
	  ->  Bitmap Heap Scan on sbtest8  (cost=22.78..3895.55 rows=1009 width=4)
	        Recheck Cond: ((id >= 4542619) AND (id <= 4543618))
	        ->  Bitmap Index Scan on sbtest8_pkey  (cost=0.00..22.52 rows=1009 width=0)
	              Index Cond: ((id >= 4542619) AND (id <= 4543618))

for point_selects
table 1 : explain SELECT c FROM sbtest1 WHERE id=2238212
	Index Scan using sbtest1_pkey on sbtest1  (cost=0.43..8.45 rows=1 width=121)
	  Index Cond: (id = 2238212)

table 2 : explain SELECT c FROM sbtest2 WHERE id=8923112
	Index Scan using sbtest2_pkey on sbtest2  (cost=0.43..8.45 rows=1 width=121)
	  Index Cond: (id = 8923112)

table 3 : explain SELECT c FROM sbtest3 WHERE id=8996975
	Index Scan using sbtest3_pkey on sbtest3  (cost=0.43..8.45 rows=1 width=121)
	  Index Cond: (id = 8996975)

table 4 : explain SELECT c FROM sbtest4 WHERE id=1012551
	Index Scan using sbtest4_pkey on sbtest4  (cost=0.43..8.45 rows=1 width=121)
	  Index Cond: (id = 1012551)

table 5 : explain SELECT c FROM sbtest5 WHERE id=8993006
	Index Scan using sbtest5_pkey on sbtest5  (cost=0.43..8.45 rows=1 width=121)
	  Index Cond: (id = 8993006)

table 6 : explain SELECT c FROM sbtest6 WHERE id=9799832
	Index Scan using sbtest6_pkey on sbtest6  (cost=0.43..8.45 rows=1 width=121)
	  Index Cond: (id = 9799832)

table 7 : explain SELECT c FROM sbtest7 WHERE id=6523971
	Index Scan using sbtest7_pkey on sbtest7  (cost=0.43..8.45 rows=1 width=121)
	  Index Cond: (id = 6523971)

table 8 : explain SELECT c FROM sbtest8 WHERE id=2700895
	Index Scan using sbtest8_pkey on sbtest8  (cost=0.43..8.45 rows=1 width=121)
	  Index Cond: (id = 2700895)

for: distinct_ranges
table 1 : explain SELECT DISTINCT c FROM sbtest1 WHERE id BETWEEN 3147743 AND 3148742 ORDER BY c
	Unique  (cost=3969.95..3975.03 rows=1016 width=121)
	  ->  Sort  (cost=3969.95..3972.49 rows=1016 width=121)
	        Sort Key: c
	        ->  Bitmap Heap Scan on sbtest1  (cost=22.85..3919.21 rows=1016 width=121)
	              Recheck Cond: ((id >= 3147743) AND (id <= 3148742))
	              ->  Bitmap Index Scan on sbtest1_pkey  (cost=0.00..22.59 rows=1016 width=0)
	                    Index Cond: ((id >= 3147743) AND (id <= 3148742))

table 2 : explain SELECT DISTINCT c FROM sbtest2 WHERE id BETWEEN 7233645 AND 7234644 ORDER BY c
	Unique  (cost=4015.88..4021.02 rows=1028 width=121)
	  ->  Sort  (cost=4015.88..4018.45 rows=1028 width=121)
	        Sort Key: c
	        ->  Bitmap Heap Scan on sbtest2  (cost=22.97..3964.45 rows=1028 width=121)
	              Recheck Cond: ((id >= 7233645) AND (id <= 7234644))
	              ->  Bitmap Index Scan on sbtest2_pkey  (cost=0.00..22.71 rows=1028 width=0)
	                    Index Cond: ((id >= 7233645) AND (id <= 7234644))

table 3 : explain SELECT DISTINCT c FROM sbtest3 WHERE id BETWEEN 9293661 AND 9294660 ORDER BY c
	Unique  (cost=3821.42..3826.30 rows=977 width=121)
	  ->  Sort  (cost=3821.42..3823.86 rows=977 width=121)
	        Sort Key: c
	        ->  Bitmap Heap Scan on sbtest3  (cost=22.45..3772.90 rows=977 width=121)
	              Recheck Cond: ((id >= 9293661) AND (id <= 9294660))
	              ->  Bitmap Index Scan on sbtest3_pkey  (cost=0.00..22.20 rows=977 width=0)
	                    Index Cond: ((id >= 9293661) AND (id <= 9294660))

table 4 : explain SELECT DISTINCT c FROM sbtest4 WHERE id BETWEEN 3326154 AND 3327153 ORDER BY c
	Unique  (cost=3993.63..3998.74 rows=1022 width=121)
	  ->  Sort  (cost=3993.63..3996.19 rows=1022 width=121)
	        Sort Key: c
	        ->  Bitmap Heap Scan on sbtest4  (cost=22.91..3942.55 rows=1022 width=121)
	              Recheck Cond: ((id >= 3326154) AND (id <= 3327153))
	              ->  Bitmap Index Scan on sbtest4_pkey  (cost=0.00..22.65 rows=1022 width=0)
	                    Index Cond: ((id >= 3326154) AND (id <= 3327153))

table 5 : explain SELECT DISTINCT c FROM sbtest5 WHERE id BETWEEN 1618981 AND 1619980 ORDER BY c
	Unique  (cost=3687.88..3692.59 rows=942 width=121)
	  ->  Sort  (cost=3687.88..3690.23 rows=942 width=121)
	        Sort Key: c
	        ->  Bitmap Heap Scan on sbtest5  (cost=22.09..3641.35 rows=942 width=121)
	              Recheck Cond: ((id >= 1618981) AND (id <= 1619980))
	              ->  Bitmap Index Scan on sbtest5_pkey  (cost=0.00..21.86 rows=942 width=0)
	                    Index Cond: ((id >= 1618981) AND (id <= 1619980))

table 6 : explain SELECT DISTINCT c FROM sbtest6 WHERE id BETWEEN 2245568 AND 2246567 ORDER BY c
	Unique  (cost=4471.69..4477.42 rows=1147 width=121)
	  ->  Sort  (cost=4471.69..4474.55 rows=1147 width=121)
	        Sort Key: c
	        ->  Bitmap Heap Scan on sbtest6  (cost=28.19..4413.40 rows=1147 width=121)
	              Recheck Cond: ((id >= 2245568) AND (id <= 2246567))
	              ->  Bitmap Index Scan on sbtest6_pkey  (cost=0.00..27.90 rows=1147 width=0)
	                    Index Cond: ((id >= 2245568) AND (id <= 2246567))

table 7 : explain SELECT DISTINCT c FROM sbtest7 WHERE id BETWEEN 8906547 AND 8907546 ORDER BY c
	Unique  (cost=4097.48..4102.72 rows=1049 width=121)
	  ->  Sort  (cost=4097.48..4100.10 rows=1049 width=121)
	        Sort Key: c
	        ->  Bitmap Heap Scan on sbtest7  (cost=23.19..4044.85 rows=1049 width=121)
	              Recheck Cond: ((id >= 8906547) AND (id <= 8907546))
	              ->  Bitmap Index Scan on sbtest7_pkey  (cost=0.00..22.93 rows=1049 width=0)
	                    Index Cond: ((id >= 8906547) AND (id <= 8907546))

table 8 : explain SELECT DISTINCT c FROM sbtest8 WHERE id BETWEEN 2205975 AND 2206974 ORDER BY c
	Unique  (cost=3957.36..3962.42 rows=1012 width=121)
	  ->  Sort  (cost=3957.36..3959.89 rows=1012 width=121)
	        Sort Key: c
	        ->  Bitmap Heap Scan on sbtest8  (cost=22.81..3906.84 rows=1012 width=121)
	              Recheck Cond: ((id >= 2205975) AND (id <= 2206974))
	              ->  Bitmap Index Scan on sbtest8_pkey  (cost=0.00..22.55 rows=1012 width=0)
	                    Index Cond: ((id >= 2205975) AND (id <= 2206974))

for: order_ranges
table 1 : explain SELECT c FROM sbtest1 WHERE id BETWEEN 3221325 AND 3222324 ORDER BY c
	Sort  (cost=4069.18..4071.79 rows=1042 width=121)
	  Sort Key: c
	  ->  Bitmap Heap Scan on sbtest1  (cost=23.12..4016.95 rows=1042 width=121)
	        Recheck Cond: ((id >= 3221325) AND (id <= 3222324))
	        ->  Bitmap Index Scan on sbtest1_pkey  (cost=0.00..22.86 rows=1042 width=0)
	              Index Cond: ((id >= 3221325) AND (id <= 3222324))

table 2 : explain SELECT c FROM sbtest2 WHERE id BETWEEN 6879927 AND 6880926 ORDER BY c
	Sort  (cost=4210.38..4213.08 rows=1079 width=121)
	  Sort Key: c
	  ->  Bitmap Heap Scan on sbtest2  (cost=23.49..4156.02 rows=1079 width=121)
	        Recheck Cond: ((id >= 6879927) AND (id <= 6880926))
	        ->  Bitmap Index Scan on sbtest2_pkey  (cost=0.00..23.22 rows=1079 width=0)
	              Index Cond: ((id >= 6879927) AND (id <= 6880926))

table 3 : explain SELECT c FROM sbtest3 WHERE id BETWEEN 4202088 AND 4203087 ORDER BY c
	Sort  (cost=4020.08..4022.65 rows=1029 width=121)
	  Sort Key: c
	  ->  Bitmap Heap Scan on sbtest3  (cost=22.98..3968.59 rows=1029 width=121)
	        Recheck Cond: ((id >= 4202088) AND (id <= 4203087))
	        ->  Bitmap Index Scan on sbtest3_pkey  (cost=0.00..22.72 rows=1029 width=0)
	              Index Cond: ((id >= 4202088) AND (id <= 4203087))

table 4 : explain SELECT c FROM sbtest4 WHERE id BETWEEN 3612638 AND 3613637 ORDER BY c
	Sort  (cost=4104.31..4106.94 rows=1051 width=121)
	  Sort Key: c
	  ->  Bitmap Heap Scan on sbtest4  (cost=23.21..4051.57 rows=1051 width=121)
	        Recheck Cond: ((id >= 3612638) AND (id <= 3613637))
	        ->  Bitmap Index Scan on sbtest4_pkey  (cost=0.00..22.94 rows=1051 width=0)
	              Index Cond: ((id >= 3612638) AND (id <= 3613637))

table 5 : explain SELECT c FROM sbtest5 WHERE id BETWEEN 1749002 AND 1750001 ORDER BY c
	Sort  (cost=3932.65..3935.17 rows=1006 width=121)
	  Sort Key: c
	  ->  Bitmap Heap Scan on sbtest5  (cost=22.75..3882.48 rows=1006 width=121)
	        Recheck Cond: ((id >= 1749002) AND (id <= 1750001))
	        ->  Bitmap Index Scan on sbtest5_pkey  (cost=0.00..22.50 rows=1006 width=0)
	              Index Cond: ((id >= 1749002) AND (id <= 1750001))

table 6 : explain SELECT c FROM sbtest6 WHERE id BETWEEN 5846450 AND 5847449 ORDER BY c
	Sort  (cost=4155.16..4157.82 rows=1064 width=121)
	  Sort Key: c
	  ->  Bitmap Heap Scan on sbtest6  (cost=23.34..4101.66 rows=1064 width=121)
	        Recheck Cond: ((id >= 5846450) AND (id <= 5847449))
	        ->  Bitmap Index Scan on sbtest6_pkey  (cost=0.00..23.07 rows=1064 width=0)
	              Index Cond: ((id >= 5846450) AND (id <= 5847449))

table 7 : explain SELECT c FROM sbtest7 WHERE id BETWEEN 3704829 AND 3705828 ORDER BY c
	Sort  (cost=3971.48..3974.02 rows=1016 width=121)
	  Sort Key: c
	  ->  Bitmap Heap Scan on sbtest7  (cost=22.85..3920.73 rows=1016 width=121)
	        Recheck Cond: ((id >= 3704829) AND (id <= 3705828))
	        ->  Bitmap Index Scan on sbtest7_pkey  (cost=0.00..22.59 rows=1016 width=0)
	              Index Cond: ((id >= 3704829) AND (id <= 3705828))

table 8 : explain SELECT c FROM sbtest8 WHERE id BETWEEN 4942749 AND 4943748 ORDER BY c
	Sort  (cost=4106.34..4108.97 rows=1051 width=121)
	  Sort Key: c
	  ->  Bitmap Heap Scan on sbtest8  (cost=23.21..4053.60 rows=1051 width=121)
	        Recheck Cond: ((id >= 4942749) AND (id <= 4943748))
	        ->  Bitmap Index Scan on sbtest8_pkey  (cost=0.00..22.94 rows=1051 width=0)
	              Index Cond: ((id >= 4942749) AND (id <= 4943748))

for: distinct_ranges
table 1 : explain SELECT DISTINCT c FROM sbtest1 WHERE id BETWEEN 2329006 AND 2330005 ORDER BY c
	Unique  (cost=4240.81..4246.25 rows=1088 width=121)
	  ->  Sort  (cost=4240.81..4243.53 rows=1088 width=121)
	        Sort Key: c
	        ->  Bitmap Heap Scan on sbtest1  (cost=23.59..4185.94 rows=1088 width=121)
	              Recheck Cond: ((id >= 2329006) AND (id <= 2330005))
	              ->  Bitmap Index Scan on sbtest1_pkey  (cost=0.00..23.32 rows=1088 width=0)
	                    Index Cond: ((id >= 2329006) AND (id <= 2330005))

table 2 : explain SELECT DISTINCT c FROM sbtest2 WHERE id BETWEEN 8544019 AND 8545018 ORDER BY c
	Unique  (cost=3897.50..3902.49 rows=997 width=121)
	  ->  Sort  (cost=3897.50..3899.99 rows=997 width=121)
	        Sort Key: c
	        ->  Bitmap Heap Scan on sbtest2  (cost=22.65..3847.84 rows=997 width=121)
	              Recheck Cond: ((id >= 8544019) AND (id <= 8545018))
	              ->  Bitmap Index Scan on sbtest2_pkey  (cost=0.00..22.40 rows=997 width=0)
	                    Index Cond: ((id >= 8544019) AND (id <= 8545018))

table 3 : explain SELECT DISTINCT c FROM sbtest3 WHERE id BETWEEN 2588572 AND 2589571 ORDER BY c
	Unique  (cost=4035.34..4040.51 rows=1033 width=121)
	  ->  Sort  (cost=4035.34..4037.93 rows=1033 width=121)
	        Sort Key: c
	        ->  Bitmap Heap Scan on sbtest3  (cost=23.02..3983.63 rows=1033 width=121)
	              Recheck Cond: ((id >= 2588572) AND (id <= 2589571))
	              ->  Bitmap Index Scan on sbtest3_pkey  (cost=0.00..22.76 rows=1033 width=0)
	                    Index Cond: ((id >= 2588572) AND (id <= 2589571))

table 4 : explain SELECT DISTINCT c FROM sbtest4 WHERE id BETWEEN 4225882 AND 4226881 ORDER BY c
	Unique  (cost=3706.90..3711.63 rows=947 width=121)
	  ->  Sort  (cost=3706.90..3709.27 rows=947 width=121)
	        Sort Key: c
	        ->  Bitmap Heap Scan on sbtest4  (cost=22.14..3660.08 rows=947 width=121)
	              Recheck Cond: ((id >= 4225882) AND (id <= 4226881))
	              ->  Bitmap Index Scan on sbtest4_pkey  (cost=0.00..21.90 rows=947 width=0)
	                    Index Cond: ((id >= 4225882) AND (id <= 4226881))

table 5 : explain SELECT DISTINCT c FROM sbtest5 WHERE id BETWEEN 8885324 AND 8886323 ORDER BY c
	Unique  (cost=3848.57..3853.49 rows=984 width=121)
	  ->  Sort  (cost=3848.57..3851.03 rows=984 width=121)
	        Sort Key: c
	        ->  Bitmap Heap Scan on sbtest5  (cost=22.52..3799.65 rows=984 width=121)
	              Recheck Cond: ((id >= 8885324) AND (id <= 8886323))
	              ->  Bitmap Index Scan on sbtest5_pkey  (cost=0.00..22.27 rows=984 width=0)
	                    Index Cond: ((id >= 8885324) AND (id <= 8886323))

table 6 : explain SELECT DISTINCT c FROM sbtest6 WHERE id BETWEEN 7579725 AND 7580724 ORDER BY c
	Unique  (cost=3987.17..3992.27 rows=1020 width=121)
	  ->  Sort  (cost=3987.17..3989.72 rows=1020 width=121)
	        Sort Key: c
	        ->  Bitmap Heap Scan on sbtest6  (cost=22.89..3936.20 rows=1020 width=121)
	              Recheck Cond: ((id >= 7579725) AND (id <= 7580724))
	              ->  Bitmap Index Scan on sbtest6_pkey  (cost=0.00..22.64 rows=1020 width=0)
	                    Index Cond: ((id >= 7579725) AND (id <= 7580724))

table 7 : explain SELECT DISTINCT c FROM sbtest7 WHERE id BETWEEN 5102371 AND 5103370 ORDER BY c
	Unique  (cost=4040.22..4045.39 rows=1034 width=121)
	  ->  Sort  (cost=4040.22..4042.81 rows=1034 width=121)
	        Sort Key: c
	        ->  Bitmap Heap Scan on sbtest7  (cost=23.03..3988.45 rows=1034 width=121)
	              Recheck Cond: ((id >= 5102371) AND (id <= 5103370))
	              ->  Bitmap Index Scan on sbtest7_pkey  (cost=0.00..22.77 rows=1034 width=0)
	                    Index Cond: ((id >= 5102371) AND (id <= 5103370))

table 8 : explain SELECT DISTINCT c FROM sbtest8 WHERE id BETWEEN 5866853 AND 5867852 ORDER BY c
	Unique  (cost=4190.49..4195.85 rows=1072 width=121)
	  ->  Sort  (cost=4190.49..4193.17 rows=1072 width=121)
	        Sort Key: c
	        ->  Bitmap Heap Scan on sbtest8  (cost=27.42..4136.54 rows=1072 width=121)
	              Recheck Cond: ((id >= 5866853) AND (id <= 5867852))
	              ->  Bitmap Index Scan on sbtest8_pkey  (cost=0.00..27.15 rows=1072 width=0)
	                    Index Cond: ((id >= 5866853) AND (id <= 5867852))

explain: for point_selects :: explain SELECT c FROM sbtest%u WHERE id=%u
for: order_ranges
table 1 : explain SELECT c FROM sbtest1 WHERE id BETWEEN 7244831 AND 7245830 ORDER BY c
	Sort  (cost=4004.31..4006.87 rows=1025 width=121)
	  Sort Key: c
	  ->  Bitmap Heap Scan on sbtest1  (cost=22.94..3953.05 rows=1025 width=121)
	        Recheck Cond: ((id >= 7244831) AND (id <= 7245830))
	        ->  Bitmap Index Scan on sbtest1_pkey  (cost=0.00..22.68 rows=1025 width=0)
	              Index Cond: ((id >= 7244831) AND (id <= 7245830))

table 2 : explain SELECT c FROM sbtest2 WHERE id BETWEEN 2865860 AND 2866859 ORDER BY c
	Sort  (cost=3713.97..3716.34 rows=949 width=121)
	  Sort Key: c
	  ->  Bitmap Heap Scan on sbtest2  (cost=22.16..3667.04 rows=949 width=121)
	        Recheck Cond: ((id >= 2865860) AND (id <= 2866859))
	        ->  Bitmap Index Scan on sbtest2_pkey  (cost=0.00..21.93 rows=949 width=0)
	              Index Cond: ((id >= 2865860) AND (id <= 2866859))

table 3 : explain SELECT c FROM sbtest3 WHERE id BETWEEN 235614 AND 236613 ORDER BY c
	Sort  (cost=4111.65..4114.29 rows=1053 width=121)
	  Sort Key: c
	  ->  Bitmap Heap Scan on sbtest3  (cost=23.23..4058.79 rows=1053 width=121)
	        Recheck Cond: ((id >= 235614) AND (id <= 236613))
	        ->  Bitmap Index Scan on sbtest3_pkey  (cost=0.00..22.96 rows=1053 width=0)
	              Index Cond: ((id >= 235614) AND (id <= 236613))

table 4 : explain SELECT c FROM sbtest4 WHERE id BETWEEN 8094211 AND 8095210 ORDER BY c
	Sort  (cost=3457.82..3460.03 rows=882 width=121)
	  Sort Key: c
	  ->  Bitmap Heap Scan on sbtest4  (cost=21.48..3414.67 rows=882 width=121)
	        Recheck Cond: ((id >= 8094211) AND (id <= 8095210))
	        ->  Bitmap Index Scan on sbtest4_pkey  (cost=0.00..21.25 rows=882 width=0)
	              Index Cond: ((id >= 8094211) AND (id <= 8095210))

table 5 : explain SELECT c FROM sbtest5 WHERE id BETWEEN 9949212 AND 9950211 ORDER BY c
	Sort  (cost=3844.75..3847.20 rows=983 width=121)
	  Sort Key: c
	  ->  Bitmap Heap Scan on sbtest5  (cost=22.51..3795.89 rows=983 width=121)
	        Recheck Cond: ((id >= 9949212) AND (id <= 9950211))
	        ->  Bitmap Index Scan on sbtest5_pkey  (cost=0.00..22.26 rows=983 width=0)
	              Index Cond: ((id >= 9949212) AND (id <= 9950211))

table 6 : explain SELECT c FROM sbtest6 WHERE id BETWEEN 5689 AND 6688 ORDER BY c
	Sort  (cost=3780.69..3783.11 rows=966 width=121)
	  Sort Key: c
	  ->  Bitmap Heap Scan on sbtest6  (cost=22.34..3732.80 rows=966 width=121)
	        Recheck Cond: ((id >= 5689) AND (id <= 6688))
	        ->  Bitmap Index Scan on sbtest6_pkey  (cost=0.00..22.09 rows=966 width=0)
	              Index Cond: ((id >= 5689) AND (id <= 6688))

table 7 : explain SELECT c FROM sbtest7 WHERE id BETWEEN 5219917 AND 5220916 ORDER BY c
	Sort  (cost=3933.27..3935.78 rows=1006 width=121)
	  Sort Key: c
	  ->  Bitmap Heap Scan on sbtest7  (cost=22.75..3883.09 rows=1006 width=121)
	        Recheck Cond: ((id >= 5219917) AND (id <= 5220916))
	        ->  Bitmap Index Scan on sbtest7_pkey  (cost=0.00..22.50 rows=1006 width=0)
	              Index Cond: ((id >= 5219917) AND (id <= 5220916))

table 8 : explain SELECT c FROM sbtest8 WHERE id BETWEEN 1967157 AND 1968156 ORDER BY c
	Sort  (cost=3681.82..3684.17 rows=940 width=121)
	  Sort Key: c
	  ->  Bitmap Heap Scan on sbtest8  (cost=22.07..3635.40 rows=940 width=121)
	        Recheck Cond: ((id >= 1967157) AND (id <= 1968156))
	        ->  Bitmap Index Scan on sbtest8_pkey  (cost=0.00..21.83 rows=940 width=0)
	              Index Cond: ((id >= 1967157) AND (id <= 1968156))

for: simple_ranges
table 1 : explain SELECT c FROM sbtest1 WHERE id BETWEEN 7876914 AND 7877913
	Bitmap Heap Scan on sbtest1  (cost=22.76..3885.36 rows=1007 width=121)
	  Recheck Cond: ((id >= 7876914) AND (id <= 7877913))
	  ->  Bitmap Index Scan on sbtest1_pkey  (cost=0.00..22.50 rows=1007 width=0)
	        Index Cond: ((id >= 7876914) AND (id <= 7877913))

table 2 : explain SELECT c FROM sbtest2 WHERE id BETWEEN 9186317 AND 9187316
	Bitmap Heap Scan on sbtest2  (cost=23.07..4002.04 rows=1038 width=121)
	  Recheck Cond: ((id >= 9186317) AND (id <= 9187316))
	  ->  Bitmap Index Scan on sbtest2_pkey  (cost=0.00..22.82 rows=1038 width=0)
	        Index Cond: ((id >= 9186317) AND (id <= 9187316))

table 3 : explain SELECT c FROM sbtest3 WHERE id BETWEEN 5105537 AND 5106536
	Bitmap Heap Scan on sbtest3  (cost=22.24..3697.54 rows=957 width=121)
	  Recheck Cond: ((id >= 5105537) AND (id <= 5106536))
	  ->  Bitmap Index Scan on sbtest3_pkey  (cost=0.00..22.00 rows=957 width=0)
	        Index Cond: ((id >= 5105537) AND (id <= 5106536))

table 4 : explain SELECT c FROM sbtest4 WHERE id BETWEEN 9647962 AND 9648961
	Bitmap Heap Scan on sbtest4  (cost=23.40..4122.94 rows=1070 width=121)
	  Recheck Cond: ((id >= 9647962) AND (id <= 9648961))
	  ->  Bitmap Index Scan on sbtest4_pkey  (cost=0.00..23.14 rows=1070 width=0)
	        Index Cond: ((id >= 9647962) AND (id <= 9648961))

table 5 : explain SELECT c FROM sbtest5 WHERE id BETWEEN 3332314 AND 3333313
	Bitmap Heap Scan on sbtest5  (cost=22.46..3777.05 rows=978 width=121)
	  Recheck Cond: ((id >= 3332314) AND (id <= 3333313))
	  ->  Bitmap Index Scan on sbtest5_pkey  (cost=0.00..22.21 rows=978 width=0)
	        Index Cond: ((id >= 3332314) AND (id <= 3333313))

table 6 : explain SELECT c FROM sbtest6 WHERE id BETWEEN 8524608 AND 8525607
	Bitmap Heap Scan on sbtest6  (cost=22.83..3913.62 rows=1014 width=121)
	  Recheck Cond: ((id >= 8524608) AND (id <= 8525607))
	  ->  Bitmap Index Scan on sbtest6_pkey  (cost=0.00..22.57 rows=1014 width=0)
	        Index Cond: ((id >= 8524608) AND (id <= 8525607))

table 7 : explain SELECT c FROM sbtest7 WHERE id BETWEEN 5104810 AND 5105809
	Bitmap Heap Scan on sbtest7  (cost=23.03..3988.45 rows=1034 width=121)
	  Recheck Cond: ((id >= 5104810) AND (id <= 5105809))
	  ->  Bitmap Index Scan on sbtest7_pkey  (cost=0.00..22.77 rows=1034 width=0)
	        Index Cond: ((id >= 5104810) AND (id <= 5105809))

table 8 : explain SELECT c FROM sbtest8 WHERE id BETWEEN 2547269 AND 2548268
	Bitmap Heap Scan on sbtest8  (cost=27.90..4309.29 rows=1119 width=121)
	  Recheck Cond: ((id >= 2547269) AND (id <= 2548268))
	  ->  Bitmap Index Scan on sbtest8_pkey  (cost=0.00..27.62 rows=1119 width=0)
	        Index Cond: ((id >= 2547269) AND (id <= 2548268))

for: order_ranges
table 1 : explain SELECT c FROM sbtest1 WHERE id BETWEEN 6267632 AND 6268631 ORDER BY c
	Sort  (cost=3912.67..3915.17 rows=1001 width=121)
	  Sort Key: c
	  ->  Bitmap Heap Scan on sbtest1  (cost=22.70..3862.78 rows=1001 width=121)
	        Recheck Cond: ((id >= 6267632) AND (id <= 6268631))
	        ->  Bitmap Index Scan on sbtest1_pkey  (cost=0.00..22.44 rows=1001 width=0)
	              Index Cond: ((id >= 6267632) AND (id <= 6268631))

table 2 : explain SELECT c FROM sbtest2 WHERE id BETWEEN 5990756 AND 5991755 ORDER BY c
	Sort  (cost=4496.12..4499.01 rows=1154 width=121)
	  Sort Key: c
	  ->  Bitmap Heap Scan on sbtest2  (cost=28.26..4437.43 rows=1154 width=121)
	        Recheck Cond: ((id >= 5990756) AND (id <= 5991755))
	        ->  Bitmap Index Scan on sbtest2_pkey  (cost=0.00..27.97 rows=1154 width=0)
	              Index Cond: ((id >= 5990756) AND (id <= 5991755))

table 3 : explain SELECT c FROM sbtest3 WHERE id BETWEEN 3746851 AND 3747850 ORDER BY c
	Sort  (cost=3771.70..3774.11 rows=964 width=121)
	  Sort Key: c
	  ->  Bitmap Heap Scan on sbtest3  (cost=22.32..3723.92 rows=964 width=121)
	        Recheck Cond: ((id >= 3746851) AND (id <= 3747850))
	        ->  Bitmap Index Scan on sbtest3_pkey  (cost=0.00..22.07 rows=964 width=0)
	              Index Cond: ((id >= 3746851) AND (id <= 3747850))

table 4 : explain SELECT c FROM sbtest4 WHERE id BETWEEN 4572305 AND 4573304 ORDER BY c
	Sort  (cost=3706.90..3709.27 rows=947 width=121)
	  Sort Key: c
	  ->  Bitmap Heap Scan on sbtest4  (cost=22.14..3660.08 rows=947 width=121)
	        Recheck Cond: ((id >= 4572305) AND (id <= 4573304))
	        ->  Bitmap Index Scan on sbtest4_pkey  (cost=0.00..21.90 rows=947 width=0)
	              Index Cond: ((id >= 4572305) AND (id <= 4573304))

table 5 : explain SELECT c FROM sbtest5 WHERE id BETWEEN 4655628 AND 4656627 ORDER BY c
	Sort  (cost=3955.58..3958.11 rows=1012 width=121)
	  Sort Key: c
	  ->  Bitmap Heap Scan on sbtest5  (cost=22.81..3905.06 rows=1012 width=121)
	        Recheck Cond: ((id >= 4655628) AND (id <= 4656627))
	        ->  Bitmap Index Scan on sbtest5_pkey  (cost=0.00..22.55 rows=1012 width=0)
	              Index Cond: ((id >= 4655628) AND (id <= 4656627))

table 6 : explain SELECT c FROM sbtest6 WHERE id BETWEEN 7091047 AND 7092046 ORDER BY c
	Sort  (cost=4292.70..4295.45 rows=1100 width=121)
	  Sort Key: c
	  ->  Bitmap Heap Scan on sbtest6  (cost=27.71..4237.13 rows=1100 width=121)
	        Recheck Cond: ((id >= 7091047) AND (id <= 7092046))
	        ->  Bitmap Index Scan on sbtest6_pkey  (cost=0.00..27.43 rows=1100 width=0)
	              Index Cond: ((id >= 7091047) AND (id <= 7092046))

table 7 : explain SELECT c FROM sbtest7 WHERE id BETWEEN 1885117 AND 1886116 ORDER BY c
	Sort  (cost=3730.55..3732.93 rows=953 width=121)
	  Sort Key: c
	  ->  Bitmap Heap Scan on sbtest7  (cost=22.20..3683.40 rows=953 width=121)
	        Recheck Cond: ((id >= 1885117) AND (id <= 1886116))
	        ->  Bitmap Index Scan on sbtest7_pkey  (cost=0.00..21.96 rows=953 width=0)
	              Index Cond: ((id >= 1885117) AND (id <= 1886116))

table 8 : explain SELECT c FROM sbtest8 WHERE id BETWEEN 3879821 AND 3880820 ORDER BY c
	Sort  (cost=3938.24..3940.76 rows=1007 width=121)
	  Sort Key: c
	  ->  Bitmap Heap Scan on sbtest8  (cost=22.76..3888.01 rows=1007 width=121)
	        Recheck Cond: ((id >= 3879821) AND (id <= 3880820))
	        ->  Bitmap Index Scan on sbtest8_pkey  (cost=0.00..22.50 rows=1007 width=0)
	              Index Cond: ((id >= 3879821) AND (id <= 3880820))

for point_selects
table 1 : explain SELECT c FROM sbtest1 WHERE id=1653673
	Index Scan using sbtest1_pkey on sbtest1  (cost=0.43..8.45 rows=1 width=121)
	  Index Cond: (id = 1653673)

table 2 : explain SELECT c FROM sbtest2 WHERE id=6732256
	Index Scan using sbtest2_pkey on sbtest2  (cost=0.43..8.45 rows=1 width=121)
	  Index Cond: (id = 6732256)

table 3 : explain SELECT c FROM sbtest3 WHERE id=725512
	Index Scan using sbtest3_pkey on sbtest3  (cost=0.43..8.45 rows=1 width=121)
	  Index Cond: (id = 725512)

table 4 : explain SELECT c FROM sbtest4 WHERE id=8064335
	Index Scan using sbtest4_pkey on sbtest4  (cost=0.43..8.45 rows=1 width=121)
	  Index Cond: (id = 8064335)

table 5 : explain SELECT c FROM sbtest5 WHERE id=8959018
	Index Scan using sbtest5_pkey on sbtest5  (cost=0.43..8.45 rows=1 width=121)
	  Index Cond: (id = 8959018)

table 6 : explain SELECT c FROM sbtest6 WHERE id=5352131
	Index Scan using sbtest6_pkey on sbtest6  (cost=0.43..8.45 rows=1 width=121)
	  Index Cond: (id = 5352131)

table 7 : explain SELECT c FROM sbtest7 WHERE id=3050033
	Index Scan using sbtest7_pkey on sbtest7  (cost=0.43..8.45 rows=1 width=121)
	  Index Cond: (id = 3050033)

table 8 : explain SELECT c FROM sbtest8 WHERE id=8669853
	Index Scan using sbtest8_pkey on sbtest8  (cost=0.43..8.45 rows=1 width=121)
	  Index Cond: (id = 8669853)

for: distinct_ranges
table 1 : explain SELECT DISTINCT c FROM sbtest1 WHERE id BETWEEN 6118562 AND 6119561 ORDER BY c
	Unique  (cost=3633.48..3638.12 rows=928 width=121)
	  ->  Sort  (cost=3633.48..3635.80 rows=928 width=121)
	        Sort Key: c
	        ->  Bitmap Heap Scan on sbtest1  (cost=21.95..3587.74 rows=928 width=121)
	              Recheck Cond: ((id >= 6118562) AND (id <= 6119561))
	              ->  Bitmap Index Scan on sbtest1_pkey  (cost=0.00..21.71 rows=928 width=0)
	                    Index Cond: ((id >= 6118562) AND (id <= 6119561))

table 2 : explain SELECT DISTINCT c FROM sbtest2 WHERE id BETWEEN 3400839 AND 3401838 ORDER BY c
	Unique  (cost=3878.40..3883.36 rows=992 width=121)
	  ->  Sort  (cost=3878.40..3880.88 rows=992 width=121)
	        Sort Key: c
	        ->  Bitmap Heap Scan on sbtest2  (cost=22.60..3829.03 rows=992 width=121)
	              Recheck Cond: ((id >= 3400839) AND (id <= 3401838))
	              ->  Bitmap Index Scan on sbtest2_pkey  (cost=0.00..22.36 rows=992 width=0)
	                    Index Cond: ((id >= 3400839) AND (id <= 3401838))

table 3 : explain SELECT DISTINCT c FROM sbtest3 WHERE id BETWEEN 7596196 AND 7597195 ORDER BY c
	Unique  (cost=3637.74..3642.38 rows=929 width=121)
	  ->  Sort  (cost=3637.74..3640.06 rows=929 width=121)
	        Sort Key: c
	        ->  Bitmap Heap Scan on sbtest3  (cost=21.96..3591.94 rows=929 width=121)
	              Recheck Cond: ((id >= 7596196) AND (id <= 7597195))
	              ->  Bitmap Index Scan on sbtest3_pkey  (cost=0.00..21.72 rows=929 width=0)
	                    Index Cond: ((id >= 7596196) AND (id <= 7597195))

table 4 : explain SELECT DISTINCT c FROM sbtest4 WHERE id BETWEEN 1783362 AND 1784361 ORDER BY c
	Unique  (cost=4054.71..4059.90 rows=1038 width=121)
	  ->  Sort  (cost=4054.71..4057.31 rows=1038 width=121)
	        Sort Key: c
	        ->  Bitmap Heap Scan on sbtest4  (cost=23.07..4002.71 rows=1038 width=121)
	              Recheck Cond: ((id >= 1783362) AND (id <= 1784361))
	              ->  Bitmap Index Scan on sbtest4_pkey  (cost=0.00..22.82 rows=1038 width=0)
	                    Index Cond: ((id >= 1783362) AND (id <= 1784361))

table 5 : explain SELECT DISTINCT c FROM sbtest5 WHERE id BETWEEN 1631665 AND 1632664 ORDER BY c
	Unique  (cost=3687.88..3692.59 rows=942 width=121)
	  ->  Sort  (cost=3687.88..3690.23 rows=942 width=121)
	        Sort Key: c
	        ->  Bitmap Heap Scan on sbtest5  (cost=22.09..3641.35 rows=942 width=121)
	              Recheck Cond: ((id >= 1631665) AND (id <= 1632664))
	              ->  Bitmap Index Scan on sbtest5_pkey  (cost=0.00..21.86 rows=942 width=0)
	                    Index Cond: ((id >= 1631665) AND (id <= 1632664))

table 6 : explain SELECT DISTINCT c FROM sbtest6 WHERE id BETWEEN 6319156 AND 6320155 ORDER BY c
	Unique  (cost=4105.55..4110.80 rows=1051 width=121)
	  ->  Sort  (cost=4105.55..4108.18 rows=1051 width=121)
	        Sort Key: c
	        ->  Bitmap Heap Scan on sbtest6  (cost=23.21..4052.80 rows=1051 width=121)
	              Recheck Cond: ((id >= 6319156) AND (id <= 6320155))
	              ->  Bitmap Index Scan on sbtest6_pkey  (cost=0.00..22.94 rows=1051 width=0)
	                    Index Cond: ((id >= 6319156) AND (id <= 6320155))

table 7 : explain SELECT DISTINCT c FROM sbtest7 WHERE id BETWEEN 1350005 AND 1351004 ORDER BY c
	Unique  (cost=4002.03..4007.15 rows=1024 width=121)
	  ->  Sort  (cost=4002.03..4004.59 rows=1024 width=121)
	        Sort Key: c
	        ->  Bitmap Heap Scan on sbtest7  (cost=22.93..3950.83 rows=1024 width=121)
	              Recheck Cond: ((id >= 1350005) AND (id <= 1351004))
	              ->  Bitmap Index Scan on sbtest7_pkey  (cost=0.00..22.68 rows=1024 width=0)
	                    Index Cond: ((id >= 1350005) AND (id <= 1351004))

table 8 : explain SELECT DISTINCT c FROM sbtest8 WHERE id BETWEEN 4893728 AND 4894727 ORDER BY c
	Unique  (cost=4106.34..4111.60 rows=1051 width=121)
	  ->  Sort  (cost=4106.34..4108.97 rows=1051 width=121)
	        Sort Key: c
	        ->  Bitmap Heap Scan on sbtest8  (cost=23.21..4053.60 rows=1051 width=121)
	              Recheck Cond: ((id >= 4893728) AND (id <= 4894727))
	              ->  Bitmap Index Scan on sbtest8_pkey  (cost=0.00..22.94 rows=1051 width=0)
	                    Index Cond: ((id >= 4893728) AND (id <= 4894727))

for: distinct_ranges
table 1 : explain SELECT DISTINCT c FROM sbtest1 WHERE id BETWEEN 2901601 AND 2902600 ORDER BY c
	Unique  (cost=3541.55..3546.07 rows=904 width=121)
	  ->  Sort  (cost=3541.55..3543.81 rows=904 width=121)
	        Sort Key: c
	        ->  Bitmap Heap Scan on sbtest1  (cost=21.70..3497.16 rows=904 width=121)
	              Recheck Cond: ((id >= 2901601) AND (id <= 2902600))
	              ->  Bitmap Index Scan on sbtest1_pkey  (cost=0.00..21.47 rows=904 width=0)
	                    Index Cond: ((id >= 2901601) AND (id <= 2902600))

table 2 : explain SELECT DISTINCT c FROM sbtest2 WHERE id BETWEEN 6001949 AND 6002948 ORDER BY c
	Unique  (cost=4496.12..4501.89 rows=1154 width=121)
	  ->  Sort  (cost=4496.12..4499.01 rows=1154 width=121)
	        Sort Key: c
	        ->  Bitmap Heap Scan on sbtest2  (cost=28.26..4437.43 rows=1154 width=121)
	              Recheck Cond: ((id >= 6001949) AND (id <= 6002948))
	              ->  Bitmap Index Scan on sbtest2_pkey  (cost=0.00..27.97 rows=1154 width=0)
	                    Index Cond: ((id >= 6001949) AND (id <= 6002948))

table 3 : explain SELECT DISTINCT c FROM sbtest3 WHERE id BETWEEN 9631878 AND 9632877 ORDER BY c
	Unique  (cost=4134.54..4139.83 rows=1059 width=121)
	  ->  Sort  (cost=4134.54..4137.18 rows=1059 width=121)
	        Sort Key: c
	        ->  Bitmap Heap Scan on sbtest3  (cost=23.29..4081.33 rows=1059 width=121)
	              Recheck Cond: ((id >= 9631878) AND (id <= 9632877))
	              ->  Bitmap Index Scan on sbtest3_pkey  (cost=0.00..23.02 rows=1059 width=0)
	                    Index Cond: ((id >= 9631878) AND (id <= 9632877))

table 4 : explain SELECT DISTINCT c FROM sbtest4 WHERE id BETWEEN 9361564 AND 9362563 ORDER BY c
	Unique  (cost=3737.52..3742.29 rows=955 width=121)
	  ->  Sort  (cost=3737.52..3739.90 rows=955 width=121)
	        Sort Key: c
	        ->  Bitmap Heap Scan on sbtest4  (cost=22.22..3690.25 rows=955 width=121)
	              Recheck Cond: ((id >= 9361564) AND (id <= 9362563))
	              ->  Bitmap Index Scan on sbtest4_pkey  (cost=0.00..21.98 rows=955 width=0)
	                    Index Cond: ((id >= 9361564) AND (id <= 9362563))

table 5 : explain SELECT DISTINCT c FROM sbtest5 WHERE id BETWEEN 4484931 AND 4485930 ORDER BY c
	Unique  (cost=3752.95..3757.74 rows=959 width=121)
	  ->  Sort  (cost=3752.95..3755.35 rows=959 width=121)
	        Sort Key: c
	        ->  Bitmap Heap Scan on sbtest5  (cost=22.26..3705.45 rows=959 width=121)
	              Recheck Cond: ((id >= 4484931) AND (id <= 4485930))
	              ->  Bitmap Index Scan on sbtest5_pkey  (cost=0.00..22.02 rows=959 width=0)
	                    Index Cond: ((id >= 4484931) AND (id <= 4485930))

table 6 : explain SELECT DISTINCT c FROM sbtest6 WHERE id BETWEEN 155068 AND 156067 ORDER BY c
	Unique  (cost=4029.19..4034.35 rows=1031 width=121)
	  ->  Sort  (cost=4029.19..4031.77 rows=1031 width=121)
	        Sort Key: c
	        ->  Bitmap Heap Scan on sbtest6  (cost=23.00..3977.59 rows=1031 width=121)
	              Recheck Cond: ((id >= 155068) AND (id <= 156067))
	              ->  Bitmap Index Scan on sbtest6_pkey  (cost=0.00..22.75 rows=1031 width=0)
	                    Index Cond: ((id >= 155068) AND (id <= 156067))

table 7 : explain SELECT DISTINCT c FROM sbtest7 WHERE id BETWEEN 6853625 AND 6854624 ORDER BY c
	Unique  (cost=4192.85..4198.22 rows=1074 width=121)
	  ->  Sort  (cost=4192.85..4195.53 rows=1074 width=121)
	        Sort Key: c
	        ->  Bitmap Heap Scan on sbtest7  (cost=23.44..4138.78 rows=1074 width=121)
	              Recheck Cond: ((id >= 6853625) AND (id <= 6854624))
	              ->  Bitmap Index Scan on sbtest7_pkey  (cost=0.00..23.18 rows=1074 width=0)
	                    Index Cond: ((id >= 6853625) AND (id <= 6854624))

table 8 : explain SELECT DISTINCT c FROM sbtest8 WHERE id BETWEEN 3265672 AND 3266671 ORDER BY c
	Unique  (cost=3643.50..3648.15 rows=930 width=121)
	  ->  Sort  (cost=3643.50..3645.82 rows=930 width=121)
	        Sort Key: c
	        ->  Bitmap Heap Scan on sbtest8  (cost=21.97..3597.64 rows=930 width=121)
	              Recheck Cond: ((id >= 3265672) AND (id <= 3266671))
	              ->  Bitmap Index Scan on sbtest8_pkey  (cost=0.00..21.73 rows=930 width=0)
	                    Index Cond: ((id >= 3265672) AND (id <= 3266671))

for: simple_ranges
table 1 : explain SELECT c FROM sbtest1 WHERE id BETWEEN 2344259 AND 2345258
	Bitmap Heap Scan on sbtest1  (cost=23.59..4185.94 rows=1088 width=121)
	  Recheck Cond: ((id >= 2344259) AND (id <= 2345258))
	  ->  Bitmap Index Scan on sbtest1_pkey  (cost=0.00..23.32 rows=1088 width=0)
	        Index Cond: ((id >= 2344259) AND (id <= 2345258))

table 2 : explain SELECT c FROM sbtest2 WHERE id BETWEEN 8847907 AND 8848906
	Bitmap Heap Scan on sbtest2  (cost=22.49..3787.61 rows=981 width=121)
	  Recheck Cond: ((id >= 8847907) AND (id <= 8848906))
	  ->  Bitmap Index Scan on sbtest2_pkey  (cost=0.00..22.25 rows=981 width=0)
	        Index Cond: ((id >= 8847907) AND (id <= 8848906))

table 3 : explain SELECT c FROM sbtest3 WHERE id BETWEEN 8001377 AND 8002376
	Bitmap Heap Scan on sbtest3  (cost=22.48..3784.20 rows=980 width=121)
	  Recheck Cond: ((id >= 8001377) AND (id <= 8002376))
	  ->  Bitmap Index Scan on sbtest3_pkey  (cost=0.00..22.23 rows=980 width=0)
	        Index Cond: ((id >= 8001377) AND (id <= 8002376))

table 4 : explain SELECT c FROM sbtest4 WHERE id BETWEEN 840747 AND 841746
	Bitmap Heap Scan on sbtest4  (cost=22.49..3788.22 rows=981 width=121)
	  Recheck Cond: ((id >= 840747) AND (id <= 841746))
	  ->  Bitmap Index Scan on sbtest4_pkey  (cost=0.00..22.25 rows=981 width=0)
	        Index Cond: ((id >= 840747) AND (id <= 841746))

table 5 : explain SELECT c FROM sbtest5 WHERE id BETWEEN 3863173 AND 3864172
	Bitmap Heap Scan on sbtest5  (cost=22.94..3953.97 rows=1025 width=121)
	  Recheck Cond: ((id >= 3863173) AND (id <= 3864172))
	  ->  Bitmap Index Scan on sbtest5_pkey  (cost=0.00..22.68 rows=1025 width=0)
	        Index Cond: ((id >= 3863173) AND (id <= 3864172))

table 6 : explain SELECT c FROM sbtest6 WHERE id BETWEEN 3416491 AND 3417490
	Bitmap Heap Scan on sbtest6  (cost=22.76..3887.27 rows=1007 width=121)
	  Recheck Cond: ((id >= 3416491) AND (id <= 3417490))
	  ->  Bitmap Index Scan on sbtest6_pkey  (cost=0.00..22.50 rows=1007 width=0)
	        Index Cond: ((id >= 3416491) AND (id <= 3417490))

table 7 : explain SELECT c FROM sbtest7 WHERE id BETWEEN 9491271 AND 9492270
	Bitmap Heap Scan on sbtest7  (cost=21.76..3521.10 rows=910 width=121)
	  Recheck Cond: ((id >= 9491271) AND (id <= 9492270))
	  ->  Bitmap Index Scan on sbtest7_pkey  (cost=0.00..21.54 rows=910 width=0)
	        Index Cond: ((id >= 9491271) AND (id <= 9492270))

table 8 : explain SELECT c FROM sbtest8 WHERE id BETWEEN 1390920 AND 1391919
	Bitmap Heap Scan on sbtest8  (cost=28.29..4451.78 rows=1157 width=121)
	  Recheck Cond: ((id >= 1390920) AND (id <= 1391919))
	  ->  Bitmap Index Scan on sbtest8_pkey  (cost=0.00..28.00 rows=1157 width=0)
	        Index Cond: ((id >= 1390920) AND (id <= 1391919))

for: distinct_ranges
table 1 : explain SELECT DISTINCT c FROM sbtest1 WHERE id BETWEEN 4211544 AND 4212543 ORDER BY c
	Unique  (cost=3683.25..3687.95 rows=941 width=121)
	  ->  Sort  (cost=3683.25..3685.60 rows=941 width=121)
	        Sort Key: c
	        ->  Bitmap Heap Scan on sbtest1  (cost=22.08..3636.77 rows=941 width=121)
	              Recheck Cond: ((id >= 4211544) AND (id <= 4212543))
	              ->  Bitmap Index Scan on sbtest1_pkey  (cost=0.00..21.84 rows=941 width=0)
	                    Index Cond: ((id >= 4211544) AND (id <= 4212543))

table 2 : explain SELECT DISTINCT c FROM sbtest2 WHERE id BETWEEN 7562217 AND 7563216 ORDER BY c
	Unique  (cost=3606.78..3611.38 rows=921 width=121)
	  ->  Sort  (cost=3606.78..3609.08 rows=921 width=121)
	        Sort Key: c
	        ->  Bitmap Heap Scan on sbtest2  (cost=21.88..3561.43 rows=921 width=121)
	              Recheck Cond: ((id >= 7562217) AND (id <= 7563216))
	              ->  Bitmap Index Scan on sbtest2_pkey  (cost=0.00..21.64 rows=921 width=0)
	                    Index Cond: ((id >= 7562217) AND (id <= 7563216))

table 3 : explain SELECT DISTINCT c FROM sbtest3 WHERE id BETWEEN 810988 AND 811987 ORDER BY c
	Unique  (cost=3526.62..3531.12 rows=900 width=121)
	  ->  Sort  (cost=3526.62..3528.87 rows=900 width=121)
	        Sort Key: c
	        ->  Bitmap Heap Scan on sbtest3  (cost=21.66..3482.46 rows=900 width=121)
	              Recheck Cond: ((id >= 810988) AND (id <= 811987))
	              ->  Bitmap Index Scan on sbtest3_pkey  (cost=0.00..21.43 rows=900 width=0)
	                    Index Cond: ((id >= 810988) AND (id <= 811987))

table 4 : explain SELECT DISTINCT c FROM sbtest4 WHERE id BETWEEN 7753132 AND 7754131 ORDER BY c
	Unique  (cost=3955.44..3960.50 rows=1012 width=121)
	  ->  Sort  (cost=3955.44..3957.97 rows=1012 width=121)
	        Sort Key: c
	        ->  Bitmap Heap Scan on sbtest4  (cost=22.81..3904.93 rows=1012 width=121)
	              Recheck Cond: ((id >= 7753132) AND (id <= 7754131))
	              ->  Bitmap Index Scan on sbtest4_pkey  (cost=0.00..22.55 rows=1012 width=0)
	                    Index Cond: ((id >= 7753132) AND (id <= 7754131))

table 5 : explain SELECT DISTINCT c FROM sbtest5 WHERE id BETWEEN 974090 AND 975089 ORDER BY c
	Unique  (cost=4024.31..4029.46 rows=1030 width=121)
	  ->  Sort  (cost=4024.31..4026.89 rows=1030 width=121)
	        Sort Key: c
	        ->  Bitmap Heap Scan on sbtest5  (cost=22.99..3972.77 rows=1030 width=121)
	              Recheck Cond: ((id >= 974090) AND (id <= 975089))
	              ->  Bitmap Index Scan on sbtest5_pkey  (cost=0.00..22.73 rows=1030 width=0)
	                    Index Cond: ((id >= 974090) AND (id <= 975089))

table 6 : explain SELECT DISTINCT c FROM sbtest6 WHERE id BETWEEN 2676983 AND 2677982 ORDER BY c
	Unique  (cost=3669.65..3674.34 rows=937 width=121)
	  ->  Sort  (cost=3669.65..3672.00 rows=937 width=121)
	        Sort Key: c
	        ->  Bitmap Heap Scan on sbtest6  (cost=22.04..3623.40 rows=937 width=121)
	              Recheck Cond: ((id >= 2676983) AND (id <= 2677982))
	              ->  Bitmap Index Scan on sbtest6_pkey  (cost=0.00..21.80 rows=937 width=0)
	                    Index Cond: ((id >= 2676983) AND (id <= 2677982))

table 7 : explain SELECT DISTINCT c FROM sbtest7 WHERE id BETWEEN 6720562 AND 6721561 ORDER BY c
	Unique  (cost=3807.09..3811.95 rows=973 width=121)
	  ->  Sort  (cost=3807.09..3809.52 rows=973 width=121)
	        Sort Key: c
	        ->  Bitmap Heap Scan on sbtest7  (cost=22.41..3758.80 rows=973 width=121)
	              Recheck Cond: ((id >= 6720562) AND (id <= 6721561))
	              ->  Bitmap Index Scan on sbtest7_pkey  (cost=0.00..22.16 rows=973 width=0)
	                    Index Cond: ((id >= 6720562) AND (id <= 6721561))

table 8 : explain SELECT DISTINCT c FROM sbtest8 WHERE id BETWEEN 919467 AND 920466 ORDER BY c
	Unique  (cost=4404.05..4409.69 rows=1129 width=121)
	  ->  Sort  (cost=4404.05..4406.87 rows=1129 width=121)
	        Sort Key: c
	        ->  Bitmap Heap Scan on sbtest8  (cost=28.01..4346.80 rows=1129 width=121)
	              Recheck Cond: ((id >= 919467) AND (id <= 920466))
	              ->  Bitmap Index Scan on sbtest8_pkey  (cost=0.00..27.72 rows=1129 width=0)
	                    Index Cond: ((id >= 919467) AND (id <= 920466))

for point_selects
table 1 : explain SELECT c FROM sbtest1 WHERE id=5505800
	Index Scan using sbtest1_pkey on sbtest1  (cost=0.43..8.45 rows=1 width=121)
	  Index Cond: (id = 5505800)

table 2 : explain SELECT c FROM sbtest2 WHERE id=1748282
	Index Scan using sbtest2_pkey on sbtest2  (cost=0.43..8.45 rows=1 width=121)
	  Index Cond: (id = 1748282)

table 3 : explain SELECT c FROM sbtest3 WHERE id=9214645
	Index Scan using sbtest3_pkey on sbtest3  (cost=0.43..8.45 rows=1 width=121)
	  Index Cond: (id = 9214645)

table 4 : explain SELECT c FROM sbtest4 WHERE id=7283674
	Index Scan using sbtest4_pkey on sbtest4  (cost=0.43..8.45 rows=1 width=121)
	  Index Cond: (id = 7283674)

table 5 : explain SELECT c FROM sbtest5 WHERE id=9045079
	Index Scan using sbtest5_pkey on sbtest5  (cost=0.43..8.45 rows=1 width=121)
	  Index Cond: (id = 9045079)

table 6 : explain SELECT c FROM sbtest6 WHERE id=930636
	Index Scan using sbtest6_pkey on sbtest6  (cost=0.43..8.45 rows=1 width=121)
	  Index Cond: (id = 930636)

table 7 : explain SELECT c FROM sbtest7 WHERE id=1566025
	Index Scan using sbtest7_pkey on sbtest7  (cost=0.43..8.45 rows=1 width=121)
	  Index Cond: (id = 1566025)

table 8 : explain SELECT c FROM sbtest8 WHERE id=712151
	Index Scan using sbtest8_pkey on sbtest8  (cost=0.43..8.45 rows=1 width=121)
	  Index Cond: (id = 712151)

for: sum_ranges
table 1 : explain SELECT SUM(k) FROM sbtest1 WHERE id BETWEEN 5379201 AND 5380200
	Aggregate  (cost=3631.58..3631.59 rows=1 width=8)
	  ->  Bitmap Heap Scan on sbtest1  (cost=22.06..3629.23 rows=939 width=4)
	        Recheck Cond: ((id >= 5379201) AND (id <= 5380200))
	        ->  Bitmap Index Scan on sbtest1_pkey  (cost=0.00..21.82 rows=939 width=0)
	              Index Cond: ((id >= 5379201) AND (id <= 5380200))

table 2 : explain SELECT SUM(k) FROM sbtest2 WHERE id BETWEEN 5986772 AND 5987771
	Aggregate  (cost=4440.31..4440.32 rows=1 width=8)
	  ->  Bitmap Heap Scan on sbtest2  (cost=28.26..4437.43 rows=1154 width=4)
	        Recheck Cond: ((id >= 5986772) AND (id <= 5987771))
	        ->  Bitmap Index Scan on sbtest2_pkey  (cost=0.00..27.97 rows=1154 width=0)
	              Index Cond: ((id >= 5986772) AND (id <= 5987771))

table 3 : explain SELECT SUM(k) FROM sbtest3 WHERE id BETWEEN 6085108 AND 6086107
	Aggregate  (cost=3903.42..3903.43 rows=1 width=8)
	  ->  Bitmap Heap Scan on sbtest3  (cost=22.80..3900.89 rows=1011 width=4)
	        Recheck Cond: ((id >= 6085108) AND (id <= 6086107))
	        ->  Bitmap Index Scan on sbtest3_pkey  (cost=0.00..22.54 rows=1011 width=0)
	              Index Cond: ((id >= 6085108) AND (id <= 6086107))

table 4 : explain SELECT SUM(k) FROM sbtest4 WHERE id BETWEEN 4815695 AND 4816694
	Aggregate  (cost=3986.49..3986.50 rows=1 width=8)
	  ->  Bitmap Heap Scan on sbtest4  (cost=23.02..3983.91 rows=1033 width=4)
	        Recheck Cond: ((id >= 4815695) AND (id <= 4816694))
	        ->  Bitmap Index Scan on sbtest4_pkey  (cost=0.00..22.76 rows=1033 width=0)
	              Index Cond: ((id >= 4815695) AND (id <= 4816694))

table 5 : explain SELECT SUM(k) FROM sbtest5 WHERE id BETWEEN 2502189 AND 2503188
	Aggregate  (cost=3847.33..3847.34 rows=1 width=8)
	  ->  Bitmap Heap Scan on sbtest5  (cost=22.64..3844.84 rows=996 width=4)
	        Recheck Cond: ((id >= 2502189) AND (id <= 2503188))
	        ->  Bitmap Index Scan on sbtest5_pkey  (cost=0.00..22.39 rows=996 width=0)
	              Index Cond: ((id >= 2502189) AND (id <= 2503188))

table 6 : explain SELECT SUM(k) FROM sbtest6 WHERE id BETWEEN 2464209 AND 2465208
	Aggregate  (cost=4156.95..4156.96 rows=1 width=8)
	  ->  Bitmap Heap Scan on sbtest6  (cost=23.48..4154.26 rows=1078 width=4)
	        Recheck Cond: ((id >= 2464209) AND (id <= 2465208))
	        ->  Bitmap Index Scan on sbtest6_pkey  (cost=0.00..23.21 rows=1078 width=0)
	              Index Cond: ((id >= 2464209) AND (id <= 2465208))

table 7 : explain SELECT SUM(k) FROM sbtest7 WHERE id BETWEEN 8309061 AND 8310060
	Aggregate  (cost=3934.57..3934.58 rows=1 width=8)
	  ->  Bitmap Heap Scan on sbtest7  (cost=22.88..3932.02 rows=1019 width=4)
	        Recheck Cond: ((id >= 8309061) AND (id <= 8310060))
	        ->  Bitmap Index Scan on sbtest7_pkey  (cost=0.00..22.62 rows=1019 width=0)
	              Index Cond: ((id >= 8309061) AND (id <= 8310060))

table 8 : explain SELECT SUM(k) FROM sbtest8 WHERE id BETWEEN 51299 AND 52298
	Aggregate  (cost=3886.76..3886.77 rows=1 width=8)
	  ->  Bitmap Heap Scan on sbtest8  (cost=22.75..3884.25 rows=1006 width=4)
	        Recheck Cond: ((id >= 51299) AND (id <= 52298))
	        ->  Bitmap Index Scan on sbtest8_pkey  (cost=0.00..22.50 rows=1006 width=0)
	              Index Cond: ((id >= 51299) AND (id <= 52298))

explain: for point_selects :: explain SELECT c FROM sbtest%u WHERE id=%u
for: simple_ranges
table 1 : explain SELECT c FROM sbtest1 WHERE id BETWEEN 7366713 AND 7367712
	Bitmap Heap Scan on sbtest1  (cost=27.79..4264.95 rows=1108 width=121)
	  Recheck Cond: ((id >= 7366713) AND (id <= 7367712))
	  ->  Bitmap Index Scan on sbtest1_pkey  (cost=0.00..27.51 rows=1108 width=0)
	        Index Cond: ((id >= 7366713) AND (id <= 7367712))

table 2 : explain SELECT c FROM sbtest2 WHERE id BETWEEN 5337738 AND 5338737
	Bitmap Heap Scan on sbtest2  (cost=22.60..3829.03 rows=992 width=121)
	  Recheck Cond: ((id >= 5337738) AND (id <= 5338737))
	  ->  Bitmap Index Scan on sbtest2_pkey  (cost=0.00..22.36 rows=992 width=0)
	        Index Cond: ((id >= 5337738) AND (id <= 5338737))

table 3 : explain SELECT c FROM sbtest3 WHERE id BETWEEN 3474268 AND 3475267
	Bitmap Heap Scan on sbtest3  (cost=23.35..4103.86 rows=1065 width=121)
	  Recheck Cond: ((id >= 3474268) AND (id <= 3475267))
	  ->  Bitmap Index Scan on sbtest3_pkey  (cost=0.00..23.08 rows=1065 width=0)
	        Index Cond: ((id >= 3474268) AND (id <= 3475267))

table 4 : explain SELECT c FROM sbtest4 WHERE id BETWEEN 4608970 AND 4609969
	Bitmap Heap Scan on sbtest4  (cost=22.14..3660.08 rows=947 width=121)
	  Recheck Cond: ((id >= 4608970) AND (id <= 4609969))
	  ->  Bitmap Index Scan on sbtest4_pkey  (cost=0.00..21.90 rows=947 width=0)
	        Index Cond: ((id >= 4608970) AND (id <= 4609969))

table 5 : explain SELECT c FROM sbtest5 WHERE id BETWEEN 1271590 AND 1272589
	Bitmap Heap Scan on sbtest5  (cost=23.46..4145.61 rows=1076 width=121)
	  Recheck Cond: ((id >= 1271590) AND (id <= 1272589))
	  ->  Bitmap Index Scan on sbtest5_pkey  (cost=0.00..23.19 rows=1076 width=0)
	        Index Cond: ((id >= 1271590) AND (id <= 1272589))

table 6 : explain SELECT c FROM sbtest6 WHERE id BETWEEN 8570089 AND 8571088
	Bitmap Heap Scan on sbtest6  (cost=21.98..3600.76 rows=931 width=121)
	  Recheck Cond: ((id >= 8570089) AND (id <= 8571088))
	  ->  Bitmap Index Scan on sbtest6_pkey  (cost=0.00..21.75 rows=931 width=0)
	        Index Cond: ((id >= 8570089) AND (id <= 8571088))

table 7 : explain SELECT c FROM sbtest7 WHERE id BETWEEN 3790017 AND 3791016
	Bitmap Heap Scan on sbtest7  (cost=22.46..3777.64 rows=978 width=121)
	  Recheck Cond: ((id >= 3790017) AND (id <= 3791016))
	  ->  Bitmap Index Scan on sbtest7_pkey  (cost=0.00..22.21 rows=978 width=0)
	        Index Cond: ((id >= 3790017) AND (id <= 3791016))

table 8 : explain SELECT c FROM sbtest8 WHERE id BETWEEN 5070020 AND 5071019
	Bitmap Heap Scan on sbtest8  (cost=21.78..3529.65 rows=912 width=121)
	  Recheck Cond: ((id >= 5070020) AND (id <= 5071019))
	  ->  Bitmap Index Scan on sbtest8_pkey  (cost=0.00..21.55 rows=912 width=0)
	        Index Cond: ((id >= 5070020) AND (id <= 5071019))

explain: for point_selects :: explain SELECT c FROM sbtest%u WHERE id=%u
for: sum_ranges
table 1 : explain SELECT SUM(k) FROM sbtest1 WHERE id BETWEEN 3856933 AND 3857932
	Aggregate  (cost=4106.00..4106.01 rows=1 width=8)
	  ->  Bitmap Heap Scan on sbtest1  (cost=23.35..4103.34 rows=1065 width=4)
	        Recheck Cond: ((id >= 3856933) AND (id <= 3857932))
	        ->  Bitmap Index Scan on sbtest1_pkey  (cost=0.00..23.08 rows=1065 width=0)
	              Index Cond: ((id >= 3856933) AND (id <= 3857932))

table 2 : explain SELECT SUM(k) FROM sbtest2 WHERE id BETWEEN 7095602 AND 7096601
	Aggregate  (cost=3978.31..3978.32 rows=1 width=8)
	  ->  Bitmap Heap Scan on sbtest2  (cost=23.00..3975.73 rows=1031 width=4)
	        Recheck Cond: ((id >= 7095602) AND (id <= 7096601))
	        ->  Bitmap Index Scan on sbtest2_pkey  (cost=0.00..22.75 rows=1031 width=0)
	              Index Cond: ((id >= 7095602) AND (id <= 7096601))

table 3 : explain SELECT SUM(k) FROM sbtest3 WHERE id BETWEEN 6279602 AND 6280601
	Aggregate  (cost=3767.80..3767.81 rows=1 width=8)
	  ->  Bitmap Heap Scan on sbtest3  (cost=22.43..3765.36 rows=975 width=4)
	        Recheck Cond: ((id >= 6279602) AND (id <= 6280601))
	        ->  Bitmap Index Scan on sbtest3_pkey  (cost=0.00..22.18 rows=975 width=0)
	              Index Cond: ((id >= 6279602) AND (id <= 6280601))

table 4 : explain SELECT SUM(k) FROM sbtest4 WHERE id BETWEEN 7878092 AND 7879091
	Aggregate  (cost=3794.45..3794.46 rows=1 width=8)
	  ->  Bitmap Heap Scan on sbtest4  (cost=22.50..3791.99 rows=982 width=4)
	        Recheck Cond: ((id >= 7878092) AND (id <= 7879091))
	        ->  Bitmap Index Scan on sbtest4_pkey  (cost=0.00..22.25 rows=982 width=0)
	              Index Cond: ((id >= 7878092) AND (id <= 7879091))

table 5 : explain SELECT SUM(k) FROM sbtest5 WHERE id BETWEEN 6407131 AND 6408130
	Aggregate  (cost=3575.74..3575.75 rows=1 width=8)
	  ->  Bitmap Heap Scan on sbtest5  (cost=21.91..3573.43 rows=924 width=4)
	        Recheck Cond: ((id >= 6407131) AND (id <= 6408130))
	        ->  Bitmap Index Scan on sbtest5_pkey  (cost=0.00..21.68 rows=924 width=0)
	              Index Cond: ((id >= 6407131) AND (id <= 6408130))

table 6 : explain SELECT SUM(k) FROM sbtest6 WHERE id BETWEEN 4971950 AND 4972949
	Aggregate  (cost=3750.30..3750.31 rows=1 width=8)
	  ->  Bitmap Heap Scan on sbtest6  (cost=22.38..3747.88 rows=970 width=4)
	        Recheck Cond: ((id >= 4971950) AND (id <= 4972949))
	        ->  Bitmap Index Scan on sbtest6_pkey  (cost=0.00..22.14 rows=970 width=0)
	              Index Cond: ((id >= 4971950) AND (id <= 4972949))

table 7 : explain SELECT SUM(k) FROM sbtest7 WHERE id BETWEEN 456868 AND 457867
	Aggregate  (cost=3908.21..3908.22 rows=1 width=8)
	  ->  Bitmap Heap Scan on sbtest7  (cost=22.81..3905.68 rows=1012 width=4)
	        Recheck Cond: ((id >= 456868) AND (id <= 457867))
	        ->  Bitmap Index Scan on sbtest7_pkey  (cost=0.00..22.55 rows=1012 width=0)
	              Index Cond: ((id >= 456868) AND (id <= 457867))

table 8 : explain SELECT SUM(k) FROM sbtest8 WHERE id BETWEEN 2374984 AND 2375983
	Aggregate  (cost=3524.37..3524.38 rows=1 width=8)
	  ->  Bitmap Heap Scan on sbtest8  (cost=21.76..3522.09 rows=910 width=4)
	        Recheck Cond: ((id >= 2374984) AND (id <= 2375983))
	        ->  Bitmap Index Scan on sbtest8_pkey  (cost=0.00..21.54 rows=910 width=0)
	              Index Cond: ((id >= 2374984) AND (id <= 2375983))

for: order_ranges
table 1 : explain SELECT c FROM sbtest1 WHERE id BETWEEN 4568184 AND 4569183 ORDER BY c
	Sort  (cost=4141.64..4144.30 rows=1061 width=121)
	  Sort Key: c
	  ->  Bitmap Heap Scan on sbtest1  (cost=23.31..4088.32 rows=1061 width=121)
	        Recheck Cond: ((id >= 4568184) AND (id <= 4569183))
	        ->  Bitmap Index Scan on sbtest1_pkey  (cost=0.00..23.04 rows=1061 width=0)
	              Index Cond: ((id >= 4568184) AND (id <= 4569183))

table 2 : explain SELECT c FROM sbtest2 WHERE id BETWEEN 3547305 AND 3548304 ORDER BY c
	Sort  (cost=3671.87..3674.22 rows=938 width=121)
	  Sort Key: c
	  ->  Bitmap Heap Scan on sbtest2  (cost=22.05..3625.56 rows=938 width=121)
	        Recheck Cond: ((id >= 3547305) AND (id <= 3548304))
	        ->  Bitmap Index Scan on sbtest2_pkey  (cost=0.00..21.82 rows=938 width=0)
	              Index Cond: ((id >= 3547305) AND (id <= 3548304))

table 3 : explain SELECT c FROM sbtest3 WHERE id BETWEEN 3272825 AND 3273824 ORDER BY c
	Sort  (cost=4008.62..4011.19 rows=1026 width=121)
	  Sort Key: c
	  ->  Bitmap Heap Scan on sbtest3  (cost=22.95..3957.31 rows=1026 width=121)
	        Recheck Cond: ((id >= 3272825) AND (id <= 3273824))
	        ->  Bitmap Index Scan on sbtest3_pkey  (cost=0.00..22.69 rows=1026 width=0)
	              Index Cond: ((id >= 3272825) AND (id <= 3273824))

table 4 : explain SELECT c FROM sbtest4 WHERE id BETWEEN 3799224 AND 3800223 ORDER BY c
	Sort  (cost=4230.14..4232.85 rows=1084 width=121)
	  Sort Key: c
	  ->  Bitmap Heap Scan on sbtest4  (cost=23.55..4175.50 rows=1084 width=121)
	        Recheck Cond: ((id >= 3799224) AND (id <= 3800223))
	        ->  Bitmap Index Scan on sbtest4_pkey  (cost=0.00..23.27 rows=1084 width=0)
	              Index Cond: ((id >= 3799224) AND (id <= 3800223))

table 5 : explain SELECT c FROM sbtest5 WHERE id BETWEEN 1108921 AND 1109920 ORDER BY c
	Sort  (cost=3982.31..3984.86 rows=1019 width=121)
	  Sort Key: c
	  ->  Bitmap Heap Scan on sbtest5  (cost=22.88..3931.40 rows=1019 width=121)
	        Recheck Cond: ((id >= 1108921) AND (id <= 1109920))
	        ->  Bitmap Index Scan on sbtest5_pkey  (cost=0.00..22.62 rows=1019 width=0)
	              Index Cond: ((id >= 1108921) AND (id <= 1109920))

table 6 : explain SELECT c FROM sbtest6 WHERE id BETWEEN 8010779 AND 8011778 ORDER BY c
	Sort  (cost=3853.38..3855.85 rows=985 width=121)
	  Sort Key: c
	  ->  Bitmap Heap Scan on sbtest6  (cost=22.53..3804.41 rows=985 width=121)
	        Recheck Cond: ((id >= 8010779) AND (id <= 8011778))
	        ->  Bitmap Index Scan on sbtest6_pkey  (cost=0.00..22.29 rows=985 width=0)
	              Index Cond: ((id >= 8010779) AND (id <= 8011778))

table 7 : explain SELECT c FROM sbtest7 WHERE id BETWEEN 9686866 AND 9687865 ORDER BY c
	Sort  (cost=4200.48..4203.17 rows=1076 width=121)
	  Sort Key: c
	  ->  Bitmap Heap Scan on sbtest7  (cost=23.46..4146.29 rows=1076 width=121)
	        Recheck Cond: ((id >= 9686866) AND (id <= 9687865))
	        ->  Bitmap Index Scan on sbtest7_pkey  (cost=0.00..23.19 rows=1076 width=0)
	              Index Cond: ((id >= 9686866) AND (id <= 9687865))

table 8 : explain SELECT c FROM sbtest8 WHERE id BETWEEN 141676 AND 142675 ORDER BY c
	Sort  (cost=4232.45..4235.16 rows=1083 width=121)
	  Sort Key: c
	  ->  Bitmap Heap Scan on sbtest8  (cost=27.54..4177.86 rows=1083 width=121)
	        Recheck Cond: ((id >= 141676) AND (id <= 142675))
	        ->  Bitmap Index Scan on sbtest8_pkey  (cost=0.00..27.26 rows=1083 width=0)
	              Index Cond: ((id >= 141676) AND (id <= 142675))

for: distinct_ranges
table 1 : explain SELECT DISTINCT c FROM sbtest1 WHERE id BETWEEN 6802332 AND 6803331 ORDER BY c
	Unique  (cost=4461.76..4467.48 rows=1145 width=121)
	  ->  Sort  (cost=4461.76..4464.62 rows=1145 width=121)
	        Sort Key: c
	        ->  Bitmap Heap Scan on sbtest1  (cost=28.17..4403.59 rows=1145 width=121)
	              Recheck Cond: ((id >= 6802332) AND (id <= 6803331))
	              ->  Bitmap Index Scan on sbtest1_pkey  (cost=0.00..27.89 rows=1145 width=0)
	                    Index Cond: ((id >= 6802332) AND (id <= 6803331))

table 2 : explain SELECT DISTINCT c FROM sbtest2 WHERE id BETWEEN 2290317 AND 2291316 ORDER BY c
	Unique  (cost=3920.42..3925.44 rows=1003 width=121)
	  ->  Sort  (cost=3920.42..3922.93 rows=1003 width=121)
	        Sort Key: c
	        ->  Bitmap Heap Scan on sbtest2  (cost=22.72..3870.42 rows=1003 width=121)
	              Recheck Cond: ((id >= 2290317) AND (id <= 2291316))
	              ->  Bitmap Index Scan on sbtest2_pkey  (cost=0.00..22.46 rows=1003 width=0)
	                    Index Cond: ((id >= 2290317) AND (id <= 2291316))

table 3 : explain SELECT DISTINCT c FROM sbtest3 WHERE id BETWEEN 3667875 AND 3668874 ORDER BY c
	Unique  (cost=3775.52..3780.35 rows=965 width=121)
	  ->  Sort  (cost=3775.52..3777.94 rows=965 width=121)
	        Sort Key: c
	        ->  Bitmap Heap Scan on sbtest3  (cost=22.33..3727.69 rows=965 width=121)
	              Recheck Cond: ((id >= 3667875) AND (id <= 3668874))
	              ->  Bitmap Index Scan on sbtest3_pkey  (cost=0.00..22.08 rows=965 width=0)
	                    Index Cond: ((id >= 3667875) AND (id <= 3668874))

table 4 : explain SELECT DISTINCT c FROM sbtest4 WHERE id BETWEEN 2804138 AND 2805137 ORDER BY c
	Unique  (cost=3886.67..3891.64 rows=994 width=121)
	  ->  Sort  (cost=3886.67..3889.15 rows=994 width=121)
	        Sort Key: c
	        ->  Bitmap Heap Scan on sbtest4  (cost=22.62..3837.18 rows=994 width=121)
	              Recheck Cond: ((id >= 2804138) AND (id <= 2805137))
	              ->  Bitmap Index Scan on sbtest4_pkey  (cost=0.00..22.37 rows=994 width=0)
	                    Index Cond: ((id >= 2804138) AND (id <= 2805137))

table 5 : explain SELECT DISTINCT c FROM sbtest5 WHERE id BETWEEN 2478493 AND 2479492 ORDER BY c
	Unique  (cost=3894.44..3899.42 rows=996 width=121)
	  ->  Sort  (cost=3894.44..3896.93 rows=996 width=121)
	        Sort Key: c
	        ->  Bitmap Heap Scan on sbtest5  (cost=22.64..3844.84 rows=996 width=121)
	              Recheck Cond: ((id >= 2478493) AND (id <= 2479492))
	              ->  Bitmap Index Scan on sbtest5_pkey  (cost=0.00..22.39 rows=996 width=0)
	                    Index Cond: ((id >= 2478493) AND (id <= 2479492))

table 6 : explain SELECT DISTINCT c FROM sbtest6 WHERE id BETWEEN 8655301 AND 8656300 ORDER BY c
	Unique  (cost=3646.67..3651.32 rows=931 width=121)
	  ->  Sort  (cost=3646.67..3649.00 rows=931 width=121)
	        Sort Key: c
	        ->  Bitmap Heap Scan on sbtest6  (cost=21.98..3600.76 rows=931 width=121)
	              Recheck Cond: ((id >= 8655301) AND (id <= 8656300))
	              ->  Bitmap Index Scan on sbtest6_pkey  (cost=0.00..21.75 rows=931 width=0)
	                    Index Cond: ((id >= 8655301) AND (id <= 8656300))

table 7 : explain SELECT DISTINCT c FROM sbtest7 WHERE id BETWEEN 1667394 AND 1668393 ORDER BY c
	Unique  (cost=3546.66..3551.18 rows=905 width=121)
	  ->  Sort  (cost=3546.66..3548.92 rows=905 width=121)
	        Sort Key: c
	        ->  Bitmap Heap Scan on sbtest7  (cost=21.71..3502.21 rows=905 width=121)
	              Recheck Cond: ((id >= 1667394) AND (id <= 1668393))
	              ->  Bitmap Index Scan on sbtest7_pkey  (cost=0.00..21.48 rows=905 width=0)
	                    Index Cond: ((id >= 1667394) AND (id <= 1668393))

table 8 : explain SELECT DISTINCT c FROM sbtest8 WHERE id BETWEEN 4712956 AND 4713955 ORDER BY c
	Unique  (cost=3555.31..3559.85 rows=907 width=121)
	  ->  Sort  (cost=3555.31..3557.58 rows=907 width=121)
	        Sort Key: c
	        ->  Bitmap Heap Scan on sbtest8  (cost=21.73..3510.76 rows=907 width=121)
	              Recheck Cond: ((id >= 4712956) AND (id <= 4713955))
	              ->  Bitmap Index Scan on sbtest8_pkey  (cost=0.00..21.50 rows=907 width=0)
	                    Index Cond: ((id >= 4712956) AND (id <= 4713955))

for: order_ranges
table 1 : explain SELECT c FROM sbtest1 WHERE id BETWEEN 1676129 AND 1677128 ORDER BY c
	Sort  (cost=4313.36..4316.13 rows=1106 width=121)
	  Sort Key: c
	  ->  Bitmap Heap Scan on sbtest1  (cost=27.77..4257.45 rows=1106 width=121)
	        Recheck Cond: ((id >= 1676129) AND (id <= 1677128))
	        ->  Bitmap Index Scan on sbtest1_pkey  (cost=0.00..27.50 rows=1106 width=0)
	              Index Cond: ((id >= 1676129) AND (id <= 1677128))

table 2 : explain SELECT c FROM sbtest2 WHERE id BETWEEN 7300197 AND 7301196 ORDER BY c
	Sort  (cost=4103.63..4106.26 rows=1051 width=121)
	  Sort Key: c
	  ->  Bitmap Heap Scan on sbtest2  (cost=23.21..4050.89 rows=1051 width=121)
	        Recheck Cond: ((id >= 7300197) AND (id <= 7301196))
	        ->  Bitmap Index Scan on sbtest2_pkey  (cost=0.00..22.94 rows=1051 width=0)
	              Index Cond: ((id >= 7300197) AND (id <= 7301196))

table 3 : explain SELECT c FROM sbtest3 WHERE id BETWEEN 9099538 AND 9100537 ORDER BY c
	Sort  (cost=3871.11..3873.59 rows=990 width=121)
	  Sort Key: c
	  ->  Bitmap Heap Scan on sbtest3  (cost=22.58..3821.85 rows=990 width=121)
	        Recheck Cond: ((id >= 9099538) AND (id <= 9100537))
	        ->  Bitmap Index Scan on sbtest3_pkey  (cost=0.00..22.33 rows=990 width=0)
	              Index Cond: ((id >= 9099538) AND (id <= 9100537))

table 4 : explain SELECT c FROM sbtest4 WHERE id BETWEEN 6098617 AND 6099616 ORDER BY c
	Sort  (cost=3553.69..3555.95 rows=907 width=121)
	  Sort Key: c
	  ->  Bitmap Heap Scan on sbtest4  (cost=21.73..3509.13 rows=907 width=121)
	        Recheck Cond: ((id >= 6098617) AND (id <= 6099616))
	        ->  Bitmap Index Scan on sbtest4_pkey  (cost=0.00..21.50 rows=907 width=0)
	              Index Cond: ((id >= 6098617) AND (id <= 6099616))

table 5 : explain SELECT c FROM sbtest5 WHERE id BETWEEN 7078834 AND 7079833 ORDER BY c
	Sort  (cost=3917.37..3919.88 rows=1002 width=121)
	  Sort Key: c
	  ->  Bitmap Heap Scan on sbtest5  (cost=22.71..3867.43 rows=1002 width=121)
	        Recheck Cond: ((id >= 7078834) AND (id <= 7079833))
	        ->  Bitmap Index Scan on sbtest5_pkey  (cost=0.00..22.45 rows=1002 width=0)
	              Index Cond: ((id >= 7078834) AND (id <= 7079833))

table 6 : explain SELECT c FROM sbtest6 WHERE id BETWEEN 3593600 AND 3594599 ORDER BY c
	Sort  (cost=3753.90..3756.30 rows=959 width=121)
	  Sort Key: c
	  ->  Bitmap Heap Scan on sbtest6  (cost=22.26..3706.40 rows=959 width=121)
	        Recheck Cond: ((id >= 3593600) AND (id <= 3594599))
	        ->  Bitmap Index Scan on sbtest6_pkey  (cost=0.00..22.02 rows=959 width=0)
	              Index Cond: ((id >= 3593600) AND (id <= 3594599))

table 7 : explain SELECT c FROM sbtest7 WHERE id BETWEEN 453690 AND 454689 ORDER BY c
	Sort  (cost=3956.19..3958.72 rows=1012 width=121)
	  Sort Key: c
	  ->  Bitmap Heap Scan on sbtest7  (cost=22.81..3905.68 rows=1012 width=121)
	        Recheck Cond: ((id >= 453690) AND (id <= 454689))
	        ->  Bitmap Index Scan on sbtest7_pkey  (cost=0.00..22.55 rows=1012 width=0)
	              Index Cond: ((id >= 453690) AND (id <= 454689))

table 8 : explain SELECT c FROM sbtest8 WHERE id BETWEEN 7167642 AND 7168641 ORDER BY c
	Sort  (cost=4022.32..4024.89 rows=1029 width=121)
	  Sort Key: c
	  ->  Bitmap Heap Scan on sbtest8  (cost=22.98..3970.84 rows=1029 width=121)
	        Recheck Cond: ((id >= 7167642) AND (id <= 7168641))
	        ->  Bitmap Index Scan on sbtest8_pkey  (cost=0.00..22.72 rows=1029 width=0)
	              Index Cond: ((id >= 7167642) AND (id <= 7168641))

for: sum_ranges
table 1 : explain SELECT SUM(k) FROM sbtest1 WHERE id BETWEEN 7325413 AND 7326412
	Aggregate  (cost=4267.72..4267.73 rows=1 width=8)
	  ->  Bitmap Heap Scan on sbtest1  (cost=27.79..4264.95 rows=1108 width=4)
	        Recheck Cond: ((id >= 7325413) AND (id <= 7326412))
	        ->  Bitmap Index Scan on sbtest1_pkey  (cost=0.00..27.51 rows=1108 width=0)
	              Index Cond: ((id >= 7325413) AND (id <= 7326412))

table 2 : explain SELECT SUM(k) FROM sbtest2 WHERE id BETWEEN 5571762 AND 5572761
	Aggregate  (cost=3899.28..3899.29 rows=1 width=8)
	  ->  Bitmap Heap Scan on sbtest2  (cost=22.79..3896.76 rows=1010 width=4)
	        Recheck Cond: ((id >= 5571762) AND (id <= 5572761))
	        ->  Bitmap Index Scan on sbtest2_pkey  (cost=0.00..22.54 rows=1010 width=0)
	              Index Cond: ((id >= 5571762) AND (id <= 5572761))

table 3 : explain SELECT SUM(k) FROM sbtest3 WHERE id BETWEEN 9703187 AND 9704186
	Aggregate  (cost=4083.98..4083.99 rows=1 width=8)
	  ->  Bitmap Heap Scan on sbtest3  (cost=23.29..4081.33 rows=1059 width=4)
	        Recheck Cond: ((id >= 9703187) AND (id <= 9704186))
	        ->  Bitmap Index Scan on sbtest3_pkey  (cost=0.00..23.02 rows=1059 width=0)
	              Index Cond: ((id >= 9703187) AND (id <= 9704186))

table 4 : explain SELECT SUM(k) FROM sbtest4 WHERE id BETWEEN 9351403 AND 9352402
	Aggregate  (cost=3692.64..3692.65 rows=1 width=8)
	  ->  Bitmap Heap Scan on sbtest4  (cost=22.22..3690.25 rows=955 width=4)
	        Recheck Cond: ((id >= 9351403) AND (id <= 9352402))
	        ->  Bitmap Index Scan on sbtest4_pkey  (cost=0.00..21.98 rows=955 width=0)
	              Index Cond: ((id >= 9351403) AND (id <= 9352402))

table 5 : explain SELECT SUM(k) FROM sbtest5 WHERE id BETWEEN 7169035 AND 7170034
	Aggregate  (cost=3869.93..3869.94 rows=1 width=8)
	  ->  Bitmap Heap Scan on sbtest5  (cost=22.71..3867.43 rows=1002 width=4)
	        Recheck Cond: ((id >= 7169035) AND (id <= 7170034))
	        ->  Bitmap Index Scan on sbtest5_pkey  (cost=0.00..22.45 rows=1002 width=0)
	              Index Cond: ((id >= 7169035) AND (id <= 7170034))

table 6 : explain SELECT SUM(k) FROM sbtest6 WHERE id BETWEEN 6989160 AND 6990159
	Aggregate  (cost=3953.82..3953.83 rows=1 width=8)
	  ->  Bitmap Heap Scan on sbtest6  (cost=22.93..3951.26 rows=1024 width=4)
	        Recheck Cond: ((id >= 6989160) AND (id <= 6990159))
	        ->  Bitmap Index Scan on sbtest6_pkey  (cost=0.00..22.68 rows=1024 width=0)
	              Index Cond: ((id >= 6989160) AND (id <= 6990159))

table 7 : explain SELECT SUM(k) FROM sbtest7 WHERE id BETWEEN 3809415 AND 3810414
	Aggregate  (cost=3780.08..3780.09 rows=1 width=8)
	  ->  Bitmap Heap Scan on sbtest7  (cost=22.46..3777.64 rows=978 width=4)
	        Recheck Cond: ((id >= 3809415) AND (id <= 3810414))
	        ->  Bitmap Index Scan on sbtest7_pkey  (cost=0.00..22.21 rows=978 width=0)
	              Index Cond: ((id >= 3809415) AND (id <= 3810414))

table 8 : explain SELECT SUM(k) FROM sbtest8 WHERE id BETWEEN 9592962 AND 9593961
	Aggregate  (cost=3901.84..3901.85 rows=1 width=8)
	  ->  Bitmap Heap Scan on sbtest8  (cost=22.79..3899.31 rows=1010 width=4)
	        Recheck Cond: ((id >= 9592962) AND (id <= 9593961))
	        ->  Bitmap Index Scan on sbtest8_pkey  (cost=0.00..22.54 rows=1010 width=0)
	              Index Cond: ((id >= 9592962) AND (id <= 9593961))

for point_selects
table 1 : explain SELECT c FROM sbtest1 WHERE id=9847642
	Index Scan using sbtest1_pkey on sbtest1  (cost=0.43..8.45 rows=1 width=121)
	  Index Cond: (id = 9847642)

table 2 : explain SELECT c FROM sbtest2 WHERE id=1148751
	Index Scan using sbtest2_pkey on sbtest2  (cost=0.43..8.45 rows=1 width=121)
	  Index Cond: (id = 1148751)

table 3 : explain SELECT c FROM sbtest3 WHERE id=7223978
	Index Scan using sbtest3_pkey on sbtest3  (cost=0.43..8.45 rows=1 width=121)
	  Index Cond: (id = 7223978)

table 4 : explain SELECT c FROM sbtest4 WHERE id=7143995
	Index Scan using sbtest4_pkey on sbtest4  (cost=0.43..8.45 rows=1 width=121)
	  Index Cond: (id = 7143995)

table 5 : explain SELECT c FROM sbtest5 WHERE id=4741054
	Index Scan using sbtest5_pkey on sbtest5  (cost=0.43..8.45 rows=1 width=121)
	  Index Cond: (id = 4741054)

table 6 : explain SELECT c FROM sbtest6 WHERE id=5227409
	Index Scan using sbtest6_pkey on sbtest6  (cost=0.43..8.45 rows=1 width=121)
	  Index Cond: (id = 5227409)

table 7 : explain SELECT c FROM sbtest7 WHERE id=5545343
	Index Scan using sbtest7_pkey on sbtest7  (cost=0.43..8.45 rows=1 width=121)
	  Index Cond: (id = 5545343)

table 8 : explain SELECT c FROM sbtest8 WHERE id=4496817
	Index Scan using sbtest8_pkey on sbtest8  (cost=0.43..8.45 rows=1 width=121)
	  Index Cond: (id = 4496817)

for point_selects
table 1 : explain SELECT c FROM sbtest1 WHERE id=6767687
	Index Scan using sbtest1_pkey on sbtest1  (cost=0.43..8.45 rows=1 width=121)
	  Index Cond: (id = 6767687)

table 2 : explain SELECT c FROM sbtest2 WHERE id=5254844
	Index Scan using sbtest2_pkey on sbtest2  (cost=0.43..8.45 rows=1 width=121)
	  Index Cond: (id = 5254844)

table 3 : explain SELECT c FROM sbtest3 WHERE id=6180861
	Index Scan using sbtest3_pkey on sbtest3  (cost=0.43..8.45 rows=1 width=121)
	  Index Cond: (id = 6180861)

table 4 : explain SELECT c FROM sbtest4 WHERE id=6819840
	Index Scan using sbtest4_pkey on sbtest4  (cost=0.43..8.45 rows=1 width=121)
	  Index Cond: (id = 6819840)

table 5 : explain SELECT c FROM sbtest5 WHERE id=4731370
	Index Scan using sbtest5_pkey on sbtest5  (cost=0.43..8.45 rows=1 width=121)
	  Index Cond: (id = 4731370)

table 6 : explain SELECT c FROM sbtest6 WHERE id=3802480
	Index Scan using sbtest6_pkey on sbtest6  (cost=0.43..8.45 rows=1 width=121)
	  Index Cond: (id = 3802480)

table 7 : explain SELECT c FROM sbtest7 WHERE id=499212
	Index Scan using sbtest7_pkey on sbtest7  (cost=0.43..8.45 rows=1 width=121)
	  Index Cond: (id = 499212)

table 8 : explain SELECT c FROM sbtest8 WHERE id=2736115
	Index Scan using sbtest8_pkey on sbtest8  (cost=0.43..8.45 rows=1 width=121)
	  Index Cond: (id = 2736115)

explain: for point_selects :: explain SELECT c FROM sbtest%u WHERE id=%u
for: distinct_ranges
table 1 : explain SELECT DISTINCT c FROM sbtest1 WHERE id BETWEEN 5624008 AND 5625007 ORDER BY c
	Unique  (cost=3748.30..3753.09 rows=958 width=121)
	  ->  Sort  (cost=3748.30..3750.69 rows=958 width=121)
	        Sort Key: c
	        ->  Bitmap Heap Scan on sbtest1  (cost=22.25..3700.86 rows=958 width=121)
	              Recheck Cond: ((id >= 5624008) AND (id <= 5625007))
	              ->  Bitmap Index Scan on sbtest1_pkey  (cost=0.00..22.01 rows=958 width=0)
	                    Index Cond: ((id >= 5624008) AND (id <= 5625007))

table 2 : explain SELECT DISTINCT c FROM sbtest2 WHERE id BETWEEN 3283925 AND 3284924 ORDER BY c
	Unique  (cost=3740.75..3745.53 rows=956 width=121)
	  ->  Sort  (cost=3740.75..3743.14 rows=956 width=121)
	        Sort Key: c
	        ->  Bitmap Heap Scan on sbtest2  (cost=22.23..3693.43 rows=956 width=121)
	              Recheck Cond: ((id >= 3283925) AND (id <= 3284924))
	              ->  Bitmap Index Scan on sbtest2_pkey  (cost=0.00..22.00 rows=956 width=0)
	                    Index Cond: ((id >= 3283925) AND (id <= 3284924))

table 3 : explain SELECT DISTINCT c FROM sbtest3 WHERE id BETWEEN 9770600 AND 9771599 ORDER BY c
	Unique  (cost=3958.99..3964.05 rows=1013 width=121)
	  ->  Sort  (cost=3958.99..3961.52 rows=1013 width=121)
	        Sort Key: c
	        ->  Bitmap Heap Scan on sbtest3  (cost=22.82..3908.41 rows=1013 width=121)
	              Recheck Cond: ((id >= 9770600) AND (id <= 9771599))
	              ->  Bitmap Index Scan on sbtest3_pkey  (cost=0.00..22.57 rows=1013 width=0)
	                    Index Cond: ((id >= 9770600) AND (id <= 9771599))

table 4 : explain SELECT DISTINCT c FROM sbtest4 WHERE id BETWEEN 1271072 AND 1272071 ORDER BY c
	Unique  (cost=4012.72..4017.86 rows=1027 width=121)
	  ->  Sort  (cost=4012.72..4015.29 rows=1027 width=121)
	        Sort Key: c
	        ->  Bitmap Heap Scan on sbtest4  (cost=22.96..3961.35 rows=1027 width=121)
	              Recheck Cond: ((id >= 1271072) AND (id <= 1272071))
	              ->  Bitmap Index Scan on sbtest4_pkey  (cost=0.00..22.70 rows=1027 width=0)
	                    Index Cond: ((id >= 1271072) AND (id <= 1272071))

table 5 : explain SELECT DISTINCT c FROM sbtest5 WHERE id BETWEEN 7044304 AND 7045303 ORDER BY c
	Unique  (cost=3641.93..3646.58 rows=930 width=121)
	  ->  Sort  (cost=3641.93..3644.25 rows=930 width=121)
	        Sort Key: c
	        ->  Bitmap Heap Scan on sbtest5  (cost=21.97..3596.07 rows=930 width=121)
	              Recheck Cond: ((id >= 7044304) AND (id <= 7045303))
	              ->  Bitmap Index Scan on sbtest5_pkey  (cost=0.00..21.73 rows=930 width=0)
	                    Index Cond: ((id >= 7044304) AND (id <= 7045303))

table 6 : explain SELECT DISTINCT c FROM sbtest6 WHERE id BETWEEN 4395111 AND 4396110 ORDER BY c
	Unique  (cost=3707.96..3712.69 rows=947 width=121)
	  ->  Sort  (cost=3707.96..3710.32 rows=947 width=121)
	        Sort Key: c
	        ->  Bitmap Heap Scan on sbtest6  (cost=22.14..3661.14 rows=947 width=121)
	              Recheck Cond: ((id >= 4395111) AND (id <= 4396110))
	              ->  Bitmap Index Scan on sbtest6_pkey  (cost=0.00..21.90 rows=947 width=0)
	                    Index Cond: ((id >= 4395111) AND (id <= 4396110))

table 7 : explain SELECT DISTINCT c FROM sbtest7 WHERE id BETWEEN 2585853 AND 2586852 ORDER BY c
	Unique  (cost=4089.85..4095.08 rows=1047 width=121)
	  ->  Sort  (cost=4089.85..4092.46 rows=1047 width=121)
	        Sort Key: c
	        ->  Bitmap Heap Scan on sbtest7  (cost=23.17..4037.33 rows=1047 width=121)
	              Recheck Cond: ((id >= 2585853) AND (id <= 2586852))
	              ->  Bitmap Index Scan on sbtest7_pkey  (cost=0.00..22.90 rows=1047 width=0)
	                    Index Cond: ((id >= 2585853) AND (id <= 2586852))

table 8 : explain SELECT DISTINCT c FROM sbtest8 WHERE id BETWEEN 1415072 AND 1416071 ORDER BY c
	Unique  (cost=4510.65..4516.44 rows=1157 width=121)
	  ->  Sort  (cost=4510.65..4513.54 rows=1157 width=121)
	        Sort Key: c
	        ->  Bitmap Heap Scan on sbtest8  (cost=28.29..4451.78 rows=1157 width=121)
	              Recheck Cond: ((id >= 1415072) AND (id <= 1416071))
	              ->  Bitmap Index Scan on sbtest8_pkey  (cost=0.00..28.00 rows=1157 width=0)
	                    Index Cond: ((id >= 1415072) AND (id <= 1416071))

for: simple_ranges
table 1 : explain SELECT c FROM sbtest1 WHERE id BETWEEN 6720083 AND 6721082
	Bitmap Heap Scan on sbtest1  (cost=22.53..3802.56 rows=985 width=121)
	  Recheck Cond: ((id >= 6720083) AND (id <= 6721082))
	  ->  Bitmap Index Scan on sbtest1_pkey  (cost=0.00..22.29 rows=985 width=0)
	        Index Cond: ((id >= 6720083) AND (id <= 6721082))

table 2 : explain SELECT c FROM sbtest2 WHERE id BETWEEN 9305421 AND 9306420
	Bitmap Heap Scan on sbtest2  (cost=27.66..4216.33 rows=1095 width=121)
	  Recheck Cond: ((id >= 9305421) AND (id <= 9306420))
	  ->  Bitmap Index Scan on sbtest2_pkey  (cost=0.00..27.39 rows=1095 width=0)
	        Index Cond: ((id >= 9305421) AND (id <= 9306420))

table 3 : explain SELECT c FROM sbtest3 WHERE id BETWEEN 9962908 AND 9963907
	Bitmap Heap Scan on sbtest3  (cost=23.18..4040.01 rows=1048 width=121)
	  Recheck Cond: ((id >= 9962908) AND (id <= 9963907))
	  ->  Bitmap Index Scan on sbtest3_pkey  (cost=0.00..22.91 rows=1048 width=0)
	        Index Cond: ((id >= 9962908) AND (id <= 9963907))

table 4 : explain SELECT c FROM sbtest4 WHERE id BETWEEN 3642380 AND 3643379
	Bitmap Heap Scan on sbtest4  (cost=23.21..4051.57 rows=1051 width=121)
	  Recheck Cond: ((id >= 3642380) AND (id <= 3643379))
	  ->  Bitmap Index Scan on sbtest4_pkey  (cost=0.00..22.94 rows=1051 width=0)
	        Index Cond: ((id >= 3642380) AND (id <= 3643379))

table 5 : explain SELECT c FROM sbtest5 WHERE id BETWEEN 2217361 AND 2218360
	Bitmap Heap Scan on sbtest5  (cost=22.11..3648.89 rows=944 width=121)
	  Recheck Cond: ((id >= 2217361) AND (id <= 2218360))
	  ->  Bitmap Index Scan on sbtest5_pkey  (cost=0.00..21.87 rows=944 width=0)
	        Index Cond: ((id >= 2217361) AND (id <= 2218360))

table 6 : explain SELECT c FROM sbtest6 WHERE id BETWEEN 8628891 AND 8629890
	Bitmap Heap Scan on sbtest6  (cost=21.98..3600.76 rows=931 width=121)
	  Recheck Cond: ((id >= 8628891) AND (id <= 8629890))
	  ->  Bitmap Index Scan on sbtest6_pkey  (cost=0.00..21.75 rows=931 width=0)
	        Index Cond: ((id >= 8628891) AND (id <= 8629890))

table 7 : explain SELECT c FROM sbtest7 WHERE id BETWEEN 1195063 AND 1196062
	Bitmap Heap Scan on sbtest7  (cost=22.63..3841.68 rows=995 width=121)
	  Recheck Cond: ((id >= 1195063) AND (id <= 1196062))
	  ->  Bitmap Index Scan on sbtest7_pkey  (cost=0.00..22.39 rows=995 width=0)
	        Index Cond: ((id >= 1195063) AND (id <= 1196062))

table 8 : explain SELECT c FROM sbtest8 WHERE id BETWEEN 4460925 AND 4461924
	Bitmap Heap Scan on sbtest8  (cost=22.78..3895.55 rows=1009 width=121)
	  Recheck Cond: ((id >= 4460925) AND (id <= 4461924))
	  ->  Bitmap Index Scan on sbtest8_pkey  (cost=0.00..22.52 rows=1009 width=0)
	        Index Cond: ((id >= 4460925) AND (id <= 4461924))

for: order_ranges
table 1 : explain SELECT c FROM sbtest1 WHERE id BETWEEN 6303189 AND 6304188 ORDER BY c
	Sort  (cost=3912.67..3915.17 rows=1001 width=121)
	  Sort Key: c
	  ->  Bitmap Heap Scan on sbtest1  (cost=22.70..3862.78 rows=1001 width=121)
	        Recheck Cond: ((id >= 6303189) AND (id <= 6304188))
	        ->  Bitmap Index Scan on sbtest1_pkey  (cost=0.00..22.44 rows=1001 width=0)
	              Index Cond: ((id >= 6303189) AND (id <= 6304188))

table 2 : explain SELECT c FROM sbtest2 WHERE id BETWEEN 2769102 AND 2770101 ORDER BY c
	Sort  (cost=4248.56..4251.29 rows=1090 width=121)
	  Sort Key: c
	  ->  Bitmap Heap Scan on sbtest2  (cost=23.61..4193.57 rows=1090 width=121)
	        Recheck Cond: ((id >= 2769102) AND (id <= 2770101))
	        ->  Bitmap Index Scan on sbtest2_pkey  (cost=0.00..23.33 rows=1090 width=0)
	              Index Cond: ((id >= 2769102) AND (id <= 2770101))

table 3 : explain SELECT c FROM sbtest3 WHERE id BETWEEN 4643250 AND 4644249 ORDER BY c
	Sort  (cost=3706.65..3709.02 rows=947 width=121)
	  Sort Key: c
	  ->  Bitmap Heap Scan on sbtest3  (cost=22.14..3659.84 rows=947 width=121)
	        Recheck Cond: ((id >= 4643250) AND (id <= 4644249))
	        ->  Bitmap Index Scan on sbtest3_pkey  (cost=0.00..21.90 rows=947 width=0)
	              Index Cond: ((id >= 4643250) AND (id <= 4644249))

table 4 : explain SELECT c FROM sbtest4 WHERE id BETWEEN 7936380 AND 7937379 ORDER BY c
	Sort  (cost=4260.90..4263.63 rows=1092 width=121)
	  Sort Key: c
	  ->  Bitmap Heap Scan on sbtest4  (cost=27.63..4205.79 rows=1092 width=121)
	        Recheck Cond: ((id >= 7936380) AND (id <= 7937379))
	        ->  Bitmap Index Scan on sbtest4_pkey  (cost=0.00..27.36 rows=1092 width=0)
	              Index Cond: ((id >= 7936380) AND (id <= 7937379))

table 5 : explain SELECT c FROM sbtest5 WHERE id BETWEEN 6666644 AND 6667643 ORDER BY c
	Sort  (cost=3511.63..3513.87 rows=896 width=121)
	  Sort Key: c
	  ->  Bitmap Heap Scan on sbtest5  (cost=21.62..3467.69 rows=896 width=121)
	        Recheck Cond: ((id >= 6666644) AND (id <= 6667643))
	        ->  Bitmap Index Scan on sbtest5_pkey  (cost=0.00..21.39 rows=896 width=0)
	              Index Cond: ((id >= 6666644) AND (id <= 6667643))

table 6 : explain SELECT c FROM sbtest6 WHERE id BETWEEN 1961367 AND 1962366 ORDER BY c
	Sort  (cost=3895.45..3897.94 rows=996 width=121)
	  Sort Key: c
	  ->  Bitmap Heap Scan on sbtest6  (cost=22.64..3845.85 rows=996 width=121)
	        Recheck Cond: ((id >= 1961367) AND (id <= 1962366))
	        ->  Bitmap Index Scan on sbtest6_pkey  (cost=0.00..22.39 rows=996 width=0)
	              Index Cond: ((id >= 1961367) AND (id <= 1962366))

table 7 : explain SELECT c FROM sbtest7 WHERE id BETWEEN 5097418 AND 5098417 ORDER BY c
	Sort  (cost=4040.22..4042.81 rows=1034 width=121)
	  Sort Key: c
	  ->  Bitmap Heap Scan on sbtest7  (cost=23.03..3988.45 rows=1034 width=121)
	        Recheck Cond: ((id >= 5097418) AND (id <= 5098417))
	        ->  Bitmap Index Scan on sbtest7_pkey  (cost=0.00..22.77 rows=1034 width=0)
	              Index Cond: ((id >= 5097418) AND (id <= 5098417))

table 8 : explain SELECT c FROM sbtest8 WHERE id BETWEEN 4622612 AND 4623611 ORDER BY c
	Sort  (cost=4129.25..4131.89 rows=1057 width=121)
	  Sort Key: c
	  ->  Bitmap Heap Scan on sbtest8  (cost=23.27..4076.16 rows=1057 width=121)
	        Recheck Cond: ((id >= 4622612) AND (id <= 4623611))
	        ->  Bitmap Index Scan on sbtest8_pkey  (cost=0.00..23.00 rows=1057 width=0)
	              Index Cond: ((id >= 4622612) AND (id <= 4623611))

for: simple_ranges
table 1 : explain SELECT c FROM sbtest1 WHERE id BETWEEN 7860330 AND 7861329
	Bitmap Heap Scan on sbtest1  (cost=22.76..3885.36 rows=1007 width=121)
	  Recheck Cond: ((id >= 7860330) AND (id <= 7861329))
	  ->  Bitmap Index Scan on sbtest1_pkey  (cost=0.00..22.50 rows=1007 width=0)
	        Index Cond: ((id >= 7860330) AND (id <= 7861329))

table 2 : explain SELECT c FROM sbtest2 WHERE id BETWEEN 1273025 AND 1274024
	Bitmap Heap Scan on sbtest2  (cost=28.25..4433.68 rows=1153 width=121)
	  Recheck Cond: ((id >= 1273025) AND (id <= 1274024))
	  ->  Bitmap Index Scan on sbtest2_pkey  (cost=0.00..27.96 rows=1153 width=0)
	        Index Cond: ((id >= 1273025) AND (id <= 1274024))

table 3 : explain SELECT c FROM sbtest3 WHERE id BETWEEN 2801074 AND 2802073
	Bitmap Heap Scan on sbtest3  (cost=23.05..3994.91 rows=1036 width=121)
	  Recheck Cond: ((id >= 2801074) AND (id <= 2802073))
	  ->  Bitmap Index Scan on sbtest3_pkey  (cost=0.00..22.79 rows=1036 width=0)
	        Index Cond: ((id >= 2801074) AND (id <= 2802073))

table 4 : explain SELECT c FROM sbtest4 WHERE id BETWEEN 5751768 AND 5752767
	Bitmap Heap Scan on sbtest4  (cost=22.24..3697.79 rows=957 width=121)
	  Recheck Cond: ((id >= 5751768) AND (id <= 5752767))
	  ->  Bitmap Index Scan on sbtest4_pkey  (cost=0.00..22.00 rows=957 width=0)
	        Index Cond: ((id >= 5751768) AND (id <= 5752767))

table 5 : explain SELECT c FROM sbtest5 WHERE id BETWEEN 4864633 AND 4865632
	Bitmap Heap Scan on sbtest5  (cost=22.34..3731.84 rows=966 width=121)
	  Recheck Cond: ((id >= 4864633) AND (id <= 4865632))
	  ->  Bitmap Index Scan on sbtest5_pkey  (cost=0.00..22.09 rows=966 width=0)
	        Index Cond: ((id >= 4864633) AND (id <= 4865632))

table 6 : explain SELECT c FROM sbtest6 WHERE id BETWEEN 9907211 AND 9908210
	Bitmap Heap Scan on sbtest6  (cost=21.95..3589.43 rows=928 width=121)
	  Recheck Cond: ((id >= 9907211) AND (id <= 9908210))
	  ->  Bitmap Index Scan on sbtest6_pkey  (cost=0.00..21.71 rows=928 width=0)
	        Index Cond: ((id >= 9907211) AND (id <= 9908210))

table 7 : explain SELECT c FROM sbtest7 WHERE id BETWEEN 4585635 AND 4586634
	Bitmap Heap Scan on sbtest7  (cost=22.02..3615.49 rows=935 width=121)
	  Recheck Cond: ((id >= 4585635) AND (id <= 4586634))
	  ->  Bitmap Index Scan on sbtest7_pkey  (cost=0.00..21.79 rows=935 width=0)
	        Index Cond: ((id >= 4585635) AND (id <= 4586634))

table 8 : explain SELECT c FROM sbtest8 WHERE id BETWEEN 3303653 AND 3304652
	Bitmap Heap Scan on sbtest8  (cost=21.97..3597.64 rows=930 width=121)
	  Recheck Cond: ((id >= 3303653) AND (id <= 3304652))
	  ->  Bitmap Index Scan on sbtest8_pkey  (cost=0.00..21.73 rows=930 width=0)
	        Index Cond: ((id >= 3303653) AND (id <= 3304652))

for: distinct_ranges
table 1 : explain SELECT DISTINCT c FROM sbtest1 WHERE id BETWEEN 5873618 AND 5874617 ORDER BY c
	Unique  (cost=4217.87..4223.28 rows=1081 width=121)
	  ->  Sort  (cost=4217.87..4220.57 rows=1081 width=121)
	        Sort Key: c
	        ->  Bitmap Heap Scan on sbtest1  (cost=23.52..4163.40 rows=1081 width=121)
	              Recheck Cond: ((id >= 5873618) AND (id <= 5874617))
	              ->  Bitmap Index Scan on sbtest1_pkey  (cost=0.00..23.25 rows=1081 width=0)
	                    Index Cond: ((id >= 5873618) AND (id <= 5874617))

table 2 : explain SELECT DISTINCT c FROM sbtest2 WHERE id BETWEEN 7685759 AND 7686758 ORDER BY c
	Unique  (cost=3855.47..3860.40 rows=986 width=121)
	  ->  Sort  (cost=3855.47..3857.93 rows=986 width=121)
	        Sort Key: c
	        ->  Bitmap Heap Scan on sbtest2  (cost=22.54..3806.44 rows=986 width=121)
	              Recheck Cond: ((id >= 7685759) AND (id <= 7686758))
	              ->  Bitmap Index Scan on sbtest2_pkey  (cost=0.00..22.29 rows=986 width=0)
	                    Index Cond: ((id >= 7685759) AND (id <= 7686758))

table 3 : explain SELECT DISTINCT c FROM sbtest3 WHERE id BETWEEN 2999794 AND 3000793 ORDER BY c
	Unique  (cost=4039.16..4044.33 rows=1034 width=121)
	  ->  Sort  (cost=4039.16..4041.75 rows=1034 width=121)
	        Sort Key: c
	        ->  Bitmap Heap Scan on sbtest3  (cost=23.03..3987.39 rows=1034 width=121)
	              Recheck Cond: ((id >= 2999794) AND (id <= 3000793))
	              ->  Bitmap Index Scan on sbtest3_pkey  (cost=0.00..22.77 rows=1034 width=0)
	                    Index Cond: ((id >= 2999794) AND (id <= 3000793))

table 4 : explain SELECT DISTINCT c FROM sbtest4 WHERE id BETWEEN 3424638 AND 3425637 ORDER BY c
	Unique  (cost=3553.69..3558.22 rows=907 width=121)
	  ->  Sort  (cost=3553.69..3555.95 rows=907 width=121)
	        Sort Key: c
	        ->  Bitmap Heap Scan on sbtest4  (cost=21.73..3509.13 rows=907 width=121)
	              Recheck Cond: ((id >= 3424638) AND (id <= 3425637))
	              ->  Bitmap Index Scan on sbtest4_pkey  (cost=0.00..21.50 rows=907 width=0)
	                    Index Cond: ((id >= 3424638) AND (id <= 3425637))

table 5 : explain SELECT DISTINCT c FROM sbtest5 WHERE id BETWEEN 4111372 AND 4112371 ORDER BY c
	Unique  (cost=3687.88..3692.59 rows=942 width=121)
	  ->  Sort  (cost=3687.88..3690.23 rows=942 width=121)
	        Sort Key: c
	        ->  Bitmap Heap Scan on sbtest5  (cost=22.09..3641.35 rows=942 width=121)
	              Recheck Cond: ((id >= 4111372) AND (id <= 4112371))
	              ->  Bitmap Index Scan on sbtest5_pkey  (cost=0.00..21.86 rows=942 width=0)
	                    Index Cond: ((id >= 4111372) AND (id <= 4112371))

table 6 : explain SELECT DISTINCT c FROM sbtest6 WHERE id BETWEEN 3079288 AND 3080287 ORDER BY c
	Unique  (cost=4044.47..4049.64 rows=1035 width=121)
	  ->  Sort  (cost=4044.47..4047.05 rows=1035 width=121)
	        Sort Key: c
	        ->  Bitmap Heap Scan on sbtest6  (cost=23.04..3992.64 rows=1035 width=121)
	              Recheck Cond: ((id >= 3079288) AND (id <= 3080287))
	              ->  Bitmap Index Scan on sbtest6_pkey  (cost=0.00..22.79 rows=1035 width=0)
	                    Index Cond: ((id >= 3079288) AND (id <= 3080287))

table 7 : explain SELECT DISTINCT c FROM sbtest7 WHERE id BETWEEN 4149139 AND 4150138 ORDER BY c
	Unique  (cost=3795.61..3800.46 rows=970 width=121)
	  ->  Sort  (cost=3795.61..3798.04 rows=970 width=121)
	        Sort Key: c
	        ->  Bitmap Heap Scan on sbtest7  (cost=22.38..3747.49 rows=970 width=121)
	              Recheck Cond: ((id >= 4149139) AND (id <= 4150138))
	              ->  Bitmap Index Scan on sbtest7_pkey  (cost=0.00..22.14 rows=970 width=0)
	                    Index Cond: ((id >= 4149139) AND (id <= 4150138))

table 8 : explain SELECT DISTINCT c FROM sbtest8 WHERE id BETWEEN 8502672 AND 8503671 ORDER BY c
	Unique  (cost=3911.48..3916.48 rows=1000 width=121)
	  ->  Sort  (cost=3911.48..3913.98 rows=1000 width=121)
	        Sort Key: c
	        ->  Bitmap Heap Scan on sbtest8  (cost=22.68..3861.65 rows=1000 width=121)
	              Recheck Cond: ((id >= 8502672) AND (id <= 8503671))
	              ->  Bitmap Index Scan on sbtest8_pkey  (cost=0.00..22.43 rows=1000 width=0)
	                    Index Cond: ((id >= 8502672) AND (id <= 8503671))

for: sum_ranges
table 1 : explain SELECT SUM(k) FROM sbtest1 WHERE id BETWEEN 9285573 AND 9286572
	Aggregate  (cost=4278.97..4278.98 rows=1 width=8)
	  ->  Bitmap Heap Scan on sbtest1  (cost=27.82..4276.20 rows=1111 width=4)
	        Recheck Cond: ((id >= 9285573) AND (id <= 9286572))
	        ->  Bitmap Index Scan on sbtest1_pkey  (cost=0.00..27.54 rows=1111 width=0)
	              Index Cond: ((id >= 9285573) AND (id <= 9286572))

table 2 : explain SELECT SUM(k) FROM sbtest2 WHERE id BETWEEN 7936260 AND 7937259
	Aggregate  (cost=3910.58..3910.59 rows=1 width=8)
	  ->  Bitmap Heap Scan on sbtest2  (cost=22.82..3908.04 rows=1013 width=4)
	        Recheck Cond: ((id >= 7936260) AND (id <= 7937259))
	        ->  Bitmap Index Scan on sbtest2_pkey  (cost=0.00..22.57 rows=1013 width=0)
	              Index Cond: ((id >= 7936260) AND (id <= 7937259))

table 3 : explain SELECT SUM(k) FROM sbtest3 WHERE id BETWEEN 76915 AND 77914
	Aggregate  (cost=4125.31..4125.32 rows=1 width=8)
	  ->  Bitmap Heap Scan on sbtest3  (cost=23.40..4122.64 rows=1070 width=4)
	        Recheck Cond: ((id >= 76915) AND (id <= 77914))
	        ->  Bitmap Index Scan on sbtest3_pkey  (cost=0.00..23.14 rows=1070 width=0)
	              Index Cond: ((id >= 76915) AND (id <= 77914))

table 4 : explain SELECT SUM(k) FROM sbtest4 WHERE id BETWEEN 775411 AND 776410
	Aggregate  (cost=4091.79..4091.80 rows=1 width=8)
	  ->  Bitmap Heap Scan on sbtest4  (cost=23.31..4089.14 rows=1061 width=4)
	        Recheck Cond: ((id >= 775411) AND (id <= 776410))
	        ->  Bitmap Index Scan on sbtest4_pkey  (cost=0.00..23.04 rows=1061 width=0)
	              Index Cond: ((id >= 775411) AND (id <= 776410))

table 5 : explain SELECT SUM(k) FROM sbtest5 WHERE id BETWEEN 1076647 AND 1077646
	Aggregate  (cost=3933.94..3933.95 rows=1 width=8)
	  ->  Bitmap Heap Scan on sbtest5  (cost=22.88..3931.40 rows=1019 width=4)
	        Recheck Cond: ((id >= 1076647) AND (id <= 1077646))
	        ->  Bitmap Index Scan on sbtest5_pkey  (cost=0.00..22.62 rows=1019 width=0)
	              Index Cond: ((id >= 1076647) AND (id <= 1077646))

table 6 : explain SELECT SUM(k) FROM sbtest6 WHERE id BETWEEN 4487177 AND 4488176
	Aggregate  (cost=3663.51..3663.52 rows=1 width=8)
	  ->  Bitmap Heap Scan on sbtest6  (cost=22.14..3661.14 rows=947 width=4)
	        Recheck Cond: ((id >= 4487177) AND (id <= 4488176))
	        ->  Bitmap Index Scan on sbtest6_pkey  (cost=0.00..21.90 rows=947 width=0)
	              Index Cond: ((id >= 4487177) AND (id <= 4488176))

table 7 : explain SELECT SUM(k) FROM sbtest7 WHERE id BETWEEN 6438785 AND 6439784
	Aggregate  (cost=4047.47..4047.48 rows=1 width=8)
	  ->  Bitmap Heap Scan on sbtest7  (cost=23.19..4044.85 rows=1049 width=4)
	        Recheck Cond: ((id >= 6438785) AND (id <= 6439784))
	        ->  Bitmap Index Scan on sbtest7_pkey  (cost=0.00..22.93 rows=1049 width=0)
	              Index Cond: ((id >= 6438785) AND (id <= 6439784))

table 8 : explain SELECT SUM(k) FROM sbtest8 WHERE id BETWEEN 1618684 AND 1619683
	Aggregate  (cost=3875.46..3875.47 rows=1 width=8)
	  ->  Bitmap Heap Scan on sbtest8  (cost=22.72..3872.95 rows=1003 width=4)
	        Recheck Cond: ((id >= 1618684) AND (id <= 1619683))
	        ->  Bitmap Index Scan on sbtest8_pkey  (cost=0.00..22.46 rows=1003 width=0)
	              Index Cond: ((id >= 1618684) AND (id <= 1619683))

for point_selects
table 1 : explain SELECT c FROM sbtest1 WHERE id=6760024
	Index Scan using sbtest1_pkey on sbtest1  (cost=0.43..8.45 rows=1 width=121)
	  Index Cond: (id = 6760024)

table 2 : explain SELECT c FROM sbtest2 WHERE id=3420507
	Index Scan using sbtest2_pkey on sbtest2  (cost=0.43..8.45 rows=1 width=121)
	  Index Cond: (id = 3420507)

table 3 : explain SELECT c FROM sbtest3 WHERE id=3193167
	Index Scan using sbtest3_pkey on sbtest3  (cost=0.43..8.45 rows=1 width=121)
	  Index Cond: (id = 3193167)

table 4 : explain SELECT c FROM sbtest4 WHERE id=3657323
	Index Scan using sbtest4_pkey on sbtest4  (cost=0.43..8.45 rows=1 width=121)
	  Index Cond: (id = 3657323)

table 5 : explain SELECT c FROM sbtest5 WHERE id=9262508
	Index Scan using sbtest5_pkey on sbtest5  (cost=0.43..8.45 rows=1 width=121)
	  Index Cond: (id = 9262508)

table 6 : explain SELECT c FROM sbtest6 WHERE id=3040107
	Index Scan using sbtest6_pkey on sbtest6  (cost=0.43..8.45 rows=1 width=121)
	  Index Cond: (id = 3040107)

table 7 : explain SELECT c FROM sbtest7 WHERE id=5542925
	Index Scan using sbtest7_pkey on sbtest7  (cost=0.43..8.45 rows=1 width=121)
	  Index Cond: (id = 5542925)

table 8 : explain SELECT c FROM sbtest8 WHERE id=7431047
	Index Scan using sbtest8_pkey on sbtest8  (cost=0.43..8.45 rows=1 width=121)
	  Index Cond: (id = 7431047)

for: sum_ranges
table 1 : explain SELECT SUM(k) FROM sbtest1 WHERE id BETWEEN 434484 AND 435483
	Aggregate  (cost=3884.11..3884.12 rows=1 width=8)
	  ->  Bitmap Heap Scan on sbtest1  (cost=22.75..3881.60 rows=1006 width=4)
	        Recheck Cond: ((id >= 434484) AND (id <= 435483))
	        ->  Bitmap Index Scan on sbtest1_pkey  (cost=0.00..22.50 rows=1006 width=0)
	              Index Cond: ((id >= 434484) AND (id <= 435483))

table 2 : explain SELECT SUM(k) FROM sbtest2 WHERE id BETWEEN 4978055 AND 4979054
	Aggregate  (cost=3801.37..3801.38 rows=1 width=8)
	  ->  Bitmap Heap Scan on sbtest2  (cost=22.52..3798.91 rows=984 width=4)
	        Recheck Cond: ((id >= 4978055) AND (id <= 4979054))
	        ->  Bitmap Index Scan on sbtest2_pkey  (cost=0.00..22.27 rows=984 width=0)
	              Index Cond: ((id >= 4978055) AND (id <= 4979054))

table 3 : explain SELECT SUM(k) FROM sbtest3 WHERE id BETWEEN 1183944 AND 1184943
	Aggregate  (cost=3944.82..3944.83 rows=1 width=8)
	  ->  Bitmap Heap Scan on sbtest3  (cost=22.91..3942.27 rows=1022 width=4)
	        Recheck Cond: ((id >= 1183944) AND (id <= 1184943))
	        ->  Bitmap Index Scan on sbtest3_pkey  (cost=0.00..22.65 rows=1022 width=0)
	              Index Cond: ((id >= 1183944) AND (id <= 1184943))

table 4 : explain SELECT SUM(k) FROM sbtest4 WHERE id BETWEEN 8622597 AND 8623596
	Aggregate  (cost=3892.39..3892.40 rows=1 width=8)
	  ->  Bitmap Heap Scan on sbtest4  (cost=22.77..3889.87 rows=1008 width=4)
	        Recheck Cond: ((id >= 8622597) AND (id <= 8623596))
	        ->  Bitmap Index Scan on sbtest4_pkey  (cost=0.00..22.51 rows=1008 width=0)
	              Index Cond: ((id >= 8622597) AND (id <= 8623596))

table 5 : explain SELECT SUM(k) FROM sbtest5 WHERE id BETWEEN 9360831 AND 9361830
	Aggregate  (cost=4054.34..4054.35 rows=1 width=8)
	  ->  Bitmap Heap Scan on sbtest5  (cost=23.21..4051.71 rows=1051 width=4)
	        Recheck Cond: ((id >= 9360831) AND (id <= 9361830))
	        ->  Bitmap Index Scan on sbtest5_pkey  (cost=0.00..22.94 rows=1051 width=0)
	              Index Cond: ((id >= 9360831) AND (id <= 9361830))

table 6 : explain SELECT SUM(k) FROM sbtest6 WHERE id BETWEEN 1507277 AND 1508276
	Aggregate  (cost=3689.93..3689.94 rows=1 width=8)
	  ->  Bitmap Heap Scan on sbtest6  (cost=22.21..3687.55 rows=954 width=4)
	        Recheck Cond: ((id >= 1507277) AND (id <= 1508276))
	        ->  Bitmap Index Scan on sbtest6_pkey  (cost=0.00..21.97 rows=954 width=0)
	              Index Cond: ((id >= 1507277) AND (id <= 1508276))

table 7 : explain SELECT SUM(k) FROM sbtest7 WHERE id BETWEEN 4472290 AND 4473289
	Aggregate  (cost=3821.55..3821.56 rows=1 width=8)
	  ->  Bitmap Heap Scan on sbtest7  (cost=22.57..3819.08 rows=989 width=4)
	        Recheck Cond: ((id >= 4472290) AND (id <= 4473289))
	        ->  Bitmap Index Scan on sbtest7_pkey  (cost=0.00..22.32 rows=989 width=0)
	              Index Cond: ((id >= 4472290) AND (id <= 4473289))

table 8 : explain SELECT SUM(k) FROM sbtest8 WHERE id BETWEEN 3003283 AND 3004282
	Aggregate  (cost=4218.16..4218.17 rows=1 width=8)
	  ->  Bitmap Heap Scan on sbtest8  (cost=27.64..4215.42 rows=1093 width=4)
	        Recheck Cond: ((id >= 3003283) AND (id <= 3004282))
	        ->  Bitmap Index Scan on sbtest8_pkey  (cost=0.00..27.36 rows=1093 width=0)
	              Index Cond: ((id >= 3003283) AND (id <= 3004282))

for: order_ranges
table 1 : explain SELECT c FROM sbtest1 WHERE id BETWEEN 4483857 AND 4484856 ORDER BY c
	Sort  (cost=4153.08..4155.74 rows=1064 width=121)
	  Sort Key: c
	  ->  Bitmap Heap Scan on sbtest1  (cost=23.34..4099.59 rows=1064 width=121)
	        Recheck Cond: ((id >= 4483857) AND (id <= 4484856))
	        ->  Bitmap Index Scan on sbtest1_pkey  (cost=0.00..23.07 rows=1064 width=0)
	              Index Cond: ((id >= 4483857) AND (id <= 4484856))

table 2 : explain SELECT c FROM sbtest2 WHERE id BETWEEN 1842997 AND 1843996 ORDER BY c
	Sort  (cost=3606.78..3609.08 rows=921 width=121)
	  Sort Key: c
	  ->  Bitmap Heap Scan on sbtest2  (cost=21.88..3561.43 rows=921 width=121)
	        Recheck Cond: ((id >= 1842997) AND (id <= 1843996))
	        ->  Bitmap Index Scan on sbtest2_pkey  (cost=0.00..21.64 rows=921 width=0)
	              Index Cond: ((id >= 1842997) AND (id <= 1843996))

table 3 : explain SELECT c FROM sbtest3 WHERE id BETWEEN 2930625 AND 2931624 ORDER BY c
	Sort  (cost=4279.64..4282.38 rows=1097 width=121)
	  Sort Key: c
	  ->  Bitmap Heap Scan on sbtest3  (cost=27.68..4224.24 rows=1097 width=121)
	        Recheck Cond: ((id >= 2930625) AND (id <= 2931624))
	        ->  Bitmap Index Scan on sbtest3_pkey  (cost=0.00..27.40 rows=1097 width=0)
	              Index Cond: ((id >= 2930625) AND (id <= 2931624))

table 4 : explain SELECT c FROM sbtest4 WHERE id BETWEEN 5909144 AND 5910143 ORDER BY c
	Sort  (cost=4131.02..4133.66 rows=1058 width=121)
	  Sort Key: c
	  ->  Bitmap Heap Scan on sbtest4  (cost=23.28..4077.87 rows=1058 width=121)
	        Recheck Cond: ((id >= 5909144) AND (id <= 5910143))
	        ->  Bitmap Index Scan on sbtest4_pkey  (cost=0.00..23.01 rows=1058 width=0)
	              Index Cond: ((id >= 5909144) AND (id <= 5910143))

table 5 : explain SELECT c FROM sbtest5 WHERE id BETWEEN 8583021 AND 8584020 ORDER BY c
	Sort  (cost=3936.47..3938.99 rows=1007 width=121)
	  Sort Key: c
	  ->  Bitmap Heap Scan on sbtest5  (cost=22.76..3886.25 rows=1007 width=121)
	        Recheck Cond: ((id >= 8583021) AND (id <= 8584020))
	        ->  Bitmap Index Scan on sbtest5_pkey  (cost=0.00..22.50 rows=1007 width=0)
	              Index Cond: ((id >= 8583021) AND (id <= 8584020))

table 6 : explain SELECT c FROM sbtest6 WHERE id BETWEEN 7711232 AND 7712231 ORDER BY c
	Sort  (cost=4033.01..4035.59 rows=1032 width=121)
	  Sort Key: c
	  ->  Bitmap Heap Scan on sbtest6  (cost=23.01..3981.35 rows=1032 width=121)
	        Recheck Cond: ((id >= 7711232) AND (id <= 7712231))
	        ->  Bitmap Index Scan on sbtest6_pkey  (cost=0.00..22.75 rows=1032 width=0)
	              Index Cond: ((id >= 7711232) AND (id <= 7712231))

table 7 : explain SELECT c FROM sbtest7 WHERE id BETWEEN 8246798 AND 8247797 ORDER BY c
	Sort  (cost=4345.56..4348.35 rows=1114 width=121)
	  Sort Key: c
	  ->  Bitmap Heap Scan on sbtest7  (cost=27.85..4289.19 rows=1114 width=121)
	        Recheck Cond: ((id >= 8246798) AND (id <= 8247797))
	        ->  Bitmap Index Scan on sbtest7_pkey  (cost=0.00..27.57 rows=1114 width=0)
	              Index Cond: ((id >= 8246798) AND (id <= 8247797))

table 8 : explain SELECT c FROM sbtest8 WHERE id BETWEEN 4857706 AND 4858705 ORDER BY c
	Sort  (cost=3957.36..3959.89 rows=1012 width=121)
	  Sort Key: c
	  ->  Bitmap Heap Scan on sbtest8  (cost=22.81..3906.84 rows=1012 width=121)
	        Recheck Cond: ((id >= 4857706) AND (id <= 4858705))
	        ->  Bitmap Index Scan on sbtest8_pkey  (cost=0.00..22.55 rows=1012 width=0)
	              Index Cond: ((id >= 4857706) AND (id <= 4858705))

for: simple_ranges
table 1 : explain SELECT c FROM sbtest1 WHERE id BETWEEN 3308226 AND 3309225
	Bitmap Heap Scan on sbtest1  (cost=23.12..4016.95 rows=1042 width=121)
	  Recheck Cond: ((id >= 3308226) AND (id <= 3309225))
	  ->  Bitmap Index Scan on sbtest1_pkey  (cost=0.00..22.86 rows=1042 width=0)
	        Index Cond: ((id >= 3308226) AND (id <= 3309225))

table 2 : explain SELECT c FROM sbtest2 WHERE id BETWEEN 7584032 AND 7585031
	Bitmap Heap Scan on sbtest2  (cost=21.88..3561.43 rows=921 width=121)
	  Recheck Cond: ((id >= 7584032) AND (id <= 7585031))
	  ->  Bitmap Index Scan on sbtest2_pkey  (cost=0.00..21.64 rows=921 width=0)
	        Index Cond: ((id >= 7584032) AND (id <= 7585031))

table 3 : explain SELECT c FROM sbtest3 WHERE id BETWEEN 2382929 AND 2383928
	Bitmap Heap Scan on sbtest3  (cost=27.81..4273.00 rows=1110 width=121)
	  Recheck Cond: ((id >= 2382929) AND (id <= 2383928))
	  ->  Bitmap Index Scan on sbtest3_pkey  (cost=0.00..27.54 rows=1110 width=0)
	        Index Cond: ((id >= 2382929) AND (id <= 2383928))

table 4 : explain SELECT c FROM sbtest4 WHERE id BETWEEN 3969823 AND 3970822
	Bitmap Heap Scan on sbtest4  (cost=22.21..3686.48 rows=954 width=121)
	  Recheck Cond: ((id >= 3969823) AND (id <= 3970822))
	  ->  Bitmap Index Scan on sbtest4_pkey  (cost=0.00..21.97 rows=954 width=0)
	        Index Cond: ((id >= 3969823) AND (id <= 3970822))

table 5 : explain SELECT c FROM sbtest5 WHERE id BETWEEN 759676 AND 760675
	Bitmap Heap Scan on sbtest5  (cost=23.58..4186.91 rows=1087 width=121)
	  Recheck Cond: ((id >= 759676) AND (id <= 760675))
	  ->  Bitmap Index Scan on sbtest5_pkey  (cost=0.00..23.30 rows=1087 width=0)
	        Index Cond: ((id >= 759676) AND (id <= 760675))

table 6 : explain SELECT c FROM sbtest6 WHERE id BETWEEN 3046634 AND 3047633
	Bitmap Heap Scan on sbtest6  (cost=23.04..3992.64 rows=1035 width=121)
	  Recheck Cond: ((id >= 3046634) AND (id <= 3047633))
	  ->  Bitmap Index Scan on sbtest6_pkey  (cost=0.00..22.79 rows=1035 width=0)
	        Index Cond: ((id >= 3046634) AND (id <= 3047633))

table 7 : explain SELECT c FROM sbtest7 WHERE id BETWEEN 2847831 AND 2848830
	Bitmap Heap Scan on sbtest7  (cost=22.75..3883.09 rows=1006 width=121)
	  Recheck Cond: ((id >= 2847831) AND (id <= 2848830))
	  ->  Bitmap Index Scan on sbtest7_pkey  (cost=0.00..22.50 rows=1006 width=0)
	        Index Cond: ((id >= 2847831) AND (id <= 2848830))

table 8 : explain SELECT c FROM sbtest8 WHERE id BETWEEN 3134821 AND 3135820
	Bitmap Heap Scan on sbtest8  (cost=23.22..4057.36 rows=1052 width=121)
	  Recheck Cond: ((id >= 3134821) AND (id <= 3135820))
	  ->  Bitmap Index Scan on sbtest8_pkey  (cost=0.00..22.95 rows=1052 width=0)
	        Index Cond: ((id >= 3134821) AND (id <= 3135820))

for: order_ranges
table 1 : explain SELECT c FROM sbtest1 WHERE id BETWEEN 313126 AND 314125 ORDER BY c
	Sort  (cost=3947.04..3949.57 rows=1010 width=121)
	  Sort Key: c
	  ->  Bitmap Heap Scan on sbtest1  (cost=22.79..3896.64 rows=1010 width=121)
	        Recheck Cond: ((id >= 313126) AND (id <= 314125))
	        ->  Bitmap Index Scan on sbtest1_pkey  (cost=0.00..22.54 rows=1010 width=0)
	              Index Cond: ((id >= 313126) AND (id <= 314125))

table 2 : explain SELECT c FROM sbtest2 WHERE id BETWEEN 9479090 AND 9480089 ORDER BY c
	Sort  (cost=3591.45..3593.75 rows=917 width=121)
	  Sort Key: c
	  ->  Bitmap Heap Scan on sbtest2  (cost=21.83..3546.33 rows=917 width=121)
	        Recheck Cond: ((id >= 9479090) AND (id <= 9480089))
	        ->  Bitmap Index Scan on sbtest2_pkey  (cost=0.00..21.61 rows=917 width=0)
	              Index Cond: ((id >= 9479090) AND (id <= 9480089))

table 3 : explain SELECT c FROM sbtest3 WHERE id BETWEEN 4347611 AND 4348610 ORDER BY c
	Sort  (cost=4031.53..4034.11 rows=1032 width=121)
	  Sort Key: c
	  ->  Bitmap Heap Scan on sbtest3  (cost=23.01..3979.87 rows=1032 width=121)
	        Recheck Cond: ((id >= 4347611) AND (id <= 4348610))
	        ->  Bitmap Index Scan on sbtest3_pkey  (cost=0.00..22.75 rows=1032 width=0)
	              Index Cond: ((id >= 4347611) AND (id <= 4348610))

table 4 : explain SELECT c FROM sbtest4 WHERE id BETWEEN 3982391 AND 3983390 ORDER BY c
	Sort  (cost=3733.69..3736.08 rows=954 width=121)
	  Sort Key: c
	  ->  Bitmap Heap Scan on sbtest4  (cost=22.21..3686.48 rows=954 width=121)
	        Recheck Cond: ((id >= 3982391) AND (id <= 3983390))
	        ->  Bitmap Index Scan on sbtest4_pkey  (cost=0.00..21.97 rows=954 width=0)
	              Index Cond: ((id >= 3982391) AND (id <= 3983390))

table 5 : explain SELECT c FROM sbtest5 WHERE id BETWEEN 8221904 AND 8222903 ORDER BY c
	Sort  (cost=4043.40..4045.99 rows=1035 width=121)
	  Sort Key: c
	  ->  Bitmap Heap Scan on sbtest5  (cost=23.04..3991.57 rows=1035 width=121)
	        Recheck Cond: ((id >= 8221904) AND (id <= 8222903))
	        ->  Bitmap Index Scan on sbtest5_pkey  (cost=0.00..22.79 rows=1035 width=0)
	              Index Cond: ((id >= 8221904) AND (id <= 8222903))

table 6 : explain SELECT c FROM sbtest6 WHERE id BETWEEN 1995920 AND 1996919 ORDER BY c
	Sort  (cost=3895.45..3897.94 rows=996 width=121)
	  Sort Key: c
	  ->  Bitmap Heap Scan on sbtest6  (cost=22.64..3845.85 rows=996 width=121)
	        Recheck Cond: ((id >= 1995920) AND (id <= 1996919))
	        ->  Bitmap Index Scan on sbtest6_pkey  (cost=0.00..22.39 rows=996 width=0)
	              Index Cond: ((id >= 1995920) AND (id <= 1996919))

table 7 : explain SELECT c FROM sbtest7 WHERE id BETWEEN 3426053 AND 3427052 ORDER BY c
	Sort  (cost=3833.86..3836.31 rows=980 width=121)
	  Sort Key: c
	  ->  Bitmap Heap Scan on sbtest7  (cost=22.48..3785.18 rows=980 width=121)
	        Recheck Cond: ((id >= 3426053) AND (id <= 3427052))
	        ->  Bitmap Index Scan on sbtest7_pkey  (cost=0.00..22.23 rows=980 width=0)
	              Index Cond: ((id >= 3426053) AND (id <= 3427052))

table 8 : explain SELECT c FROM sbtest8 WHERE id BETWEEN 1269946 AND 1270945 ORDER BY c
	Sort  (cost=3789.05..3791.47 rows=968 width=121)
	  Sort Key: c
	  ->  Bitmap Heap Scan on sbtest8  (cost=22.36..3741.04 rows=968 width=121)
	        Recheck Cond: ((id >= 1269946) AND (id <= 1270945))
	        ->  Bitmap Index Scan on sbtest8_pkey  (cost=0.00..22.11 rows=968 width=0)
	              Index Cond: ((id >= 1269946) AND (id <= 1270945))

for: distinct_ranges
table 1 : explain SELECT DISTINCT c FROM sbtest1 WHERE id BETWEEN 9640243 AND 9641242 ORDER BY c
	Unique  (cost=3782.72..3787.56 rows=967 width=121)
	  ->  Sort  (cost=3782.72..3785.14 rows=967 width=121)
	        Sort Key: c
	        ->  Bitmap Heap Scan on sbtest1  (cost=22.35..3734.77 rows=967 width=121)
	              Recheck Cond: ((id >= 9640243) AND (id <= 9641242))
	              ->  Bitmap Index Scan on sbtest1_pkey  (cost=0.00..22.11 rows=967 width=0)
	                    Index Cond: ((id >= 9640243) AND (id <= 9641242))

table 2 : explain SELECT DISTINCT c FROM sbtest2 WHERE id BETWEEN 4630869 AND 4631868 ORDER BY c
	Unique  (cost=3954.80..3959.86 rows=1012 width=121)
	  ->  Sort  (cost=3954.80..3957.33 rows=1012 width=121)
	        Sort Key: c
	        ->  Bitmap Heap Scan on sbtest2  (cost=22.81..3904.28 rows=1012 width=121)
	              Recheck Cond: ((id >= 4630869) AND (id <= 4631868))
	              ->  Bitmap Index Scan on sbtest2_pkey  (cost=0.00..22.55 rows=1012 width=0)
	                    Index Cond: ((id >= 4630869) AND (id <= 4631868))

table 3 : explain SELECT DISTINCT c FROM sbtest3 WHERE id BETWEEN 7543166 AND 7544165 ORDER BY c
	Unique  (cost=3637.74..3642.38 rows=929 width=121)
	  ->  Sort  (cost=3637.74..3640.06 rows=929 width=121)
	        Sort Key: c
	        ->  Bitmap Heap Scan on sbtest3  (cost=21.96..3591.94 rows=929 width=121)
	              Recheck Cond: ((id >= 7543166) AND (id <= 7544165))
	              ->  Bitmap Index Scan on sbtest3_pkey  (cost=0.00..21.72 rows=929 width=0)
	                    Index Cond: ((id >= 7543166) AND (id <= 7544165))

table 4 : explain SELECT DISTINCT c FROM sbtest4 WHERE id BETWEEN 5246289 AND 5247288 ORDER BY c
	Unique  (cost=3695.42..3700.14 rows=944 width=121)
	  ->  Sort  (cost=3695.42..3697.78 rows=944 width=121)
	        Sort Key: c
	        ->  Bitmap Heap Scan on sbtest4  (cost=22.11..3648.77 rows=944 width=121)
	              Recheck Cond: ((id >= 5246289) AND (id <= 5247288))
	              ->  Bitmap Index Scan on sbtest4_pkey  (cost=0.00..21.87 rows=944 width=0)
	                    Index Cond: ((id >= 5246289) AND (id <= 5247288))

table 5 : explain SELECT DISTINCT c FROM sbtest5 WHERE id BETWEEN 590599 AND 591598 ORDER BY c
	Unique  (cost=3726.16..3730.92 rows=952 width=121)
	  ->  Sort  (cost=3726.16..3728.54 rows=952 width=121)
	        Sort Key: c
	        ->  Bitmap Heap Scan on sbtest5  (cost=22.19..3679.06 rows=952 width=121)
	              Recheck Cond: ((id >= 590599) AND (id <= 591598))
	              ->  Bitmap Index Scan on sbtest5_pkey  (cost=0.00..21.95 rows=952 width=0)
	                    Index Cond: ((id >= 590599) AND (id <= 591598))

table 6 : explain SELECT DISTINCT c FROM sbtest6 WHERE id BETWEEN 4986383 AND 4987382 ORDER BY c
	Unique  (cost=3796.00..3800.85 rows=970 width=121)
	  ->  Sort  (cost=3796.00..3798.42 rows=970 width=121)
	        Sort Key: c
	        ->  Bitmap Heap Scan on sbtest6  (cost=22.38..3747.88 rows=970 width=121)
	              Recheck Cond: ((id >= 4986383) AND (id <= 4987382))
	              ->  Bitmap Index Scan on sbtest6_pkey  (cost=0.00..22.14 rows=970 width=0)
	                    Index Cond: ((id >= 4986383) AND (id <= 4987382))

table 7 : explain SELECT DISTINCT c FROM sbtest7 WHERE id BETWEEN 2541631 AND 2542630 ORDER BY c
	Unique  (cost=4089.85..4095.08 rows=1047 width=121)
	  ->  Sort  (cost=4089.85..4092.46 rows=1047 width=121)
	        Sort Key: c
	        ->  Bitmap Heap Scan on sbtest7  (cost=23.17..4037.33 rows=1047 width=121)
	              Recheck Cond: ((id >= 2541631) AND (id <= 2542630))
	              ->  Bitmap Index Scan on sbtest7_pkey  (cost=0.00..22.90 rows=1047 width=0)
	                    Index Cond: ((id >= 2541631) AND (id <= 2542630))

table 8 : explain SELECT DISTINCT c FROM sbtest8 WHERE id BETWEEN 3217384 AND 3218383 ORDER BY c
	Unique  (cost=4037.60..4042.77 rows=1033 width=121)
	  ->  Sort  (cost=4037.60..4040.19 rows=1033 width=121)
	        Sort Key: c
	        ->  Bitmap Heap Scan on sbtest8  (cost=23.02..3985.89 rows=1033 width=121)
	              Recheck Cond: ((id >= 3217384) AND (id <= 3218383))
	              ->  Bitmap Index Scan on sbtest8_pkey  (cost=0.00..22.76 rows=1033 width=0)
	                    Index Cond: ((id >= 3217384) AND (id <= 3218383))

for: sum_ranges
table 1 : explain SELECT SUM(k) FROM sbtest1 WHERE id BETWEEN 3674063 AND 3675062
	Aggregate  (cost=3673.08..3673.09 rows=1 width=8)
	  ->  Bitmap Heap Scan on sbtest1  (cost=22.17..3670.71 rows=950 width=4)
	        Recheck Cond: ((id >= 3674063) AND (id <= 3675062))
	        ->  Bitmap Index Scan on sbtest1_pkey  (cost=0.00..21.93 rows=950 width=0)
	              Index Cond: ((id >= 3674063) AND (id <= 3675062))

table 2 : explain SELECT SUM(k) FROM sbtest2 WHERE id BETWEEN 9336988 AND 9337987
	Aggregate  (cost=4219.06..4219.07 rows=1 width=8)
	  ->  Bitmap Heap Scan on sbtest2  (cost=27.66..4216.33 rows=1095 width=4)
	        Recheck Cond: ((id >= 9336988) AND (id <= 9337987))
	        ->  Bitmap Index Scan on sbtest2_pkey  (cost=0.00..27.39 rows=1095 width=0)
	              Index Cond: ((id >= 9336988) AND (id <= 9337987))

table 3 : explain SELECT SUM(k) FROM sbtest3 WHERE id BETWEEN 6599603 AND 6600602
	Aggregate  (cost=4279.53..4279.54 rows=1 width=8)
	  ->  Bitmap Heap Scan on sbtest3  (cost=27.82..4276.75 rows=1111 width=4)
	        Recheck Cond: ((id >= 6599603) AND (id <= 6600602))
	        ->  Bitmap Index Scan on sbtest3_pkey  (cost=0.00..27.54 rows=1111 width=0)
	              Index Cond: ((id >= 6599603) AND (id <= 6600602))

table 4 : explain SELECT SUM(k) FROM sbtest4 WHERE id BETWEEN 7291248 AND 7292247
	Aggregate  (cost=4076.75..4076.76 rows=1 width=8)
	  ->  Bitmap Heap Scan on sbtest4  (cost=23.27..4074.11 rows=1057 width=4)
	        Recheck Cond: ((id >= 7291248) AND (id <= 7292247))
	        ->  Bitmap Index Scan on sbtest4_pkey  (cost=0.00..23.00 rows=1057 width=0)
	              Index Cond: ((id >= 7291248) AND (id <= 7292247))

table 5 : explain SELECT SUM(k) FROM sbtest5 WHERE id BETWEEN 1766720 AND 1767719
	Aggregate  (cost=3481.27..3481.28 rows=1 width=8)
	  ->  Bitmap Heap Scan on sbtest5  (cost=21.65..3479.03 rows=899 width=4)
	        Recheck Cond: ((id >= 1766720) AND (id <= 1767719))
	        ->  Bitmap Index Scan on sbtest5_pkey  (cost=0.00..21.43 rows=899 width=0)
	              Index Cond: ((id >= 1766720) AND (id <= 1767719))

table 6 : explain SELECT SUM(k) FROM sbtest6 WHERE id BETWEEN 2518910 AND 2519909
	Aggregate  (cost=3942.52..3942.53 rows=1 width=8)
	  ->  Bitmap Heap Scan on sbtest6  (cost=22.90..3939.97 rows=1021 width=4)
	        Recheck Cond: ((id >= 2518910) AND (id <= 2519909))
	        ->  Bitmap Index Scan on sbtest6_pkey  (cost=0.00..22.64 rows=1021 width=0)
	              Index Cond: ((id >= 2518910) AND (id <= 2519909))

table 7 : explain SELECT SUM(k) FROM sbtest7 WHERE id BETWEEN 9623108 AND 9624107
	Aggregate  (cost=4148.98..4148.99 rows=1 width=8)
	  ->  Bitmap Heap Scan on sbtest7  (cost=23.46..4146.29 rows=1076 width=4)
	        Recheck Cond: ((id >= 9623108) AND (id <= 9624107))
	        ->  Bitmap Index Scan on sbtest7_pkey  (cost=0.00..23.19 rows=1076 width=0)
	              Index Cond: ((id >= 9623108) AND (id <= 9624107))

table 8 : explain SELECT SUM(k) FROM sbtest8 WHERE id BETWEEN 9160410 AND 9161409
	Aggregate  (cost=3803.82..3803.83 rows=1 width=8)
	  ->  Bitmap Heap Scan on sbtest8  (cost=22.52..3801.36 rows=984 width=4)
	        Recheck Cond: ((id >= 9160410) AND (id <= 9161409))
	        ->  Bitmap Index Scan on sbtest8_pkey  (cost=0.00..22.27 rows=984 width=0)
	              Index Cond: ((id >= 9160410) AND (id <= 9161409))

for: distinct_ranges
table 1 : explain SELECT DISTINCT c FROM sbtest1 WHERE id BETWEEN 4051090 AND 4052089 ORDER BY c
	Unique  (cost=4008.13..4013.26 rows=1026 width=121)
	  ->  Sort  (cost=4008.13..4010.69 rows=1026 width=121)
	        Sort Key: c
	        ->  Bitmap Heap Scan on sbtest1  (cost=22.95..3956.81 rows=1026 width=121)
	              Recheck Cond: ((id >= 4051090) AND (id <= 4052089))
	              ->  Bitmap Index Scan on sbtest1_pkey  (cost=0.00..22.69 rows=1026 width=0)
	                    Index Cond: ((id >= 4051090) AND (id <= 4052089))

table 2 : explain SELECT DISTINCT c FROM sbtest2 WHERE id BETWEEN 2056070 AND 2057069 ORDER BY c
	Unique  (cost=3694.84..3699.56 rows=944 width=121)
	  ->  Sort  (cost=3694.84..3697.20 rows=944 width=121)
	        Sort Key: c
	        ->  Bitmap Heap Scan on sbtest2  (cost=22.11..3648.19 rows=944 width=121)
	              Recheck Cond: ((id >= 2056070) AND (id <= 2057069))
	              ->  Bitmap Index Scan on sbtest2_pkey  (cost=0.00..21.87 rows=944 width=0)
	                    Index Cond: ((id >= 2056070) AND (id <= 2057069))

table 3 : explain SELECT DISTINCT c FROM sbtest3 WHERE id BETWEEN 9877720 AND 9878719 ORDER BY c
	Unique  (cost=4000.99..4006.11 rows=1024 width=121)
	  ->  Sort  (cost=4000.99..4003.55 rows=1024 width=121)
	        Sort Key: c
	        ->  Bitmap Heap Scan on sbtest3  (cost=22.93..3949.79 rows=1024 width=121)
	              Recheck Cond: ((id >= 9877720) AND (id <= 9878719))
	              ->  Bitmap Index Scan on sbtest3_pkey  (cost=0.00..22.68 rows=1024 width=0)
	                    Index Cond: ((id >= 9877720) AND (id <= 9878719))

table 4 : explain SELECT DISTINCT c FROM sbtest4 WHERE id BETWEEN 4851205 AND 4852204 ORDER BY c
	Unique  (cost=4035.63..4040.79 rows=1033 width=121)
	  ->  Sort  (cost=4035.63..4038.21 rows=1033 width=121)
	        Sort Key: c
	        ->  Bitmap Heap Scan on sbtest4  (cost=23.02..3983.91 rows=1033 width=121)
	              Recheck Cond: ((id >= 4851205) AND (id <= 4852204))
	              ->  Bitmap Index Scan on sbtest4_pkey  (cost=0.00..22.76 rows=1033 width=0)
	                    Index Cond: ((id >= 4851205) AND (id <= 4852204))

table 5 : explain SELECT DISTINCT c FROM sbtest5 WHERE id BETWEEN 7673708 AND 7674707 ORDER BY c
	Unique  (cost=3649.59..3654.25 rows=932 width=121)
	  ->  Sort  (cost=3649.59..3651.92 rows=932 width=121)
	        Sort Key: c
	        ->  Bitmap Heap Scan on sbtest5  (cost=21.99..3603.62 rows=932 width=121)
	              Recheck Cond: ((id >= 7673708) AND (id <= 7674707))
	              ->  Bitmap Index Scan on sbtest5_pkey  (cost=0.00..21.75 rows=932 width=0)
	                    Index Cond: ((id >= 7673708) AND (id <= 7674707))

table 6 : explain SELECT DISTINCT c FROM sbtest6 WHERE id BETWEEN 6422065 AND 6423064 ORDER BY c
	Unique  (cost=4071.19..4076.40 rows=1042 width=121)
	  ->  Sort  (cost=4071.19..4073.80 rows=1042 width=121)
	        Sort Key: c
	        ->  Bitmap Heap Scan on sbtest6  (cost=23.12..4018.96 rows=1042 width=121)
	              Recheck Cond: ((id >= 6422065) AND (id <= 6423064))
	              ->  Bitmap Index Scan on sbtest6_pkey  (cost=0.00..22.86 rows=1042 width=0)
	                    Index Cond: ((id >= 6422065) AND (id <= 6423064))

table 7 : explain SELECT DISTINCT c FROM sbtest7 WHERE id BETWEEN 9636326 AND 9637325 ORDER BY c
	Unique  (cost=4200.48..4205.86 rows=1076 width=121)
	  ->  Sort  (cost=4200.48..4203.17 rows=1076 width=121)
	        Sort Key: c
	        ->  Bitmap Heap Scan on sbtest7  (cost=23.46..4146.29 rows=1076 width=121)
	              Recheck Cond: ((id >= 9636326) AND (id <= 9637325))
	              ->  Bitmap Index Scan on sbtest7_pkey  (cost=0.00..23.19 rows=1076 width=0)
	                    Index Cond: ((id >= 9636326) AND (id <= 9637325))

table 8 : explain SELECT DISTINCT c FROM sbtest8 WHERE id BETWEEN 3709513 AND 3710512 ORDER BY c
	Unique  (cost=4255.33..4260.78 rows=1089 width=121)
	  ->  Sort  (cost=4255.33..4258.06 rows=1089 width=121)
	        Sort Key: c
	        ->  Bitmap Heap Scan on sbtest8  (cost=27.60..4200.40 rows=1089 width=121)
	              Recheck Cond: ((id >= 3709513) AND (id <= 3710512))
	              ->  Bitmap Index Scan on sbtest8_pkey  (cost=0.00..27.32 rows=1089 width=0)
	                    Index Cond: ((id >= 3709513) AND (id <= 3710512))

for: order_ranges
table 1 : explain SELECT c FROM sbtest1 WHERE id BETWEEN 3549924 AND 3550923 ORDER BY c
	Sort  (cost=3824.78..3827.22 rows=978 width=121)
	  Sort Key: c
	  ->  Bitmap Heap Scan on sbtest1  (cost=22.46..3776.20 rows=978 width=121)
	        Recheck Cond: ((id >= 3549924) AND (id <= 3550923))
	        ->  Bitmap Index Scan on sbtest1_pkey  (cost=0.00..22.21 rows=978 width=0)
	              Index Cond: ((id >= 3549924) AND (id <= 3550923))

table 2 : explain SELECT c FROM sbtest2 WHERE id BETWEEN 3588182 AND 3589181 ORDER BY c
	Sort  (cost=3671.87..3674.22 rows=938 width=121)
	  Sort Key: c
	  ->  Bitmap Heap Scan on sbtest2  (cost=22.05..3625.56 rows=938 width=121)
	        Recheck Cond: ((id >= 3588182) AND (id <= 3589181))
	        ->  Bitmap Index Scan on sbtest2_pkey  (cost=0.00..21.82 rows=938 width=0)
	              Index Cond: ((id >= 3588182) AND (id <= 3589181))

table 3 : explain SELECT c FROM sbtest3 WHERE id BETWEEN 9105276 AND 9106275 ORDER BY c
	Sort  (cost=3871.11..3873.59 rows=990 width=121)
	  Sort Key: c
	  ->  Bitmap Heap Scan on sbtest3  (cost=22.58..3821.85 rows=990 width=121)
	        Recheck Cond: ((id >= 9105276) AND (id <= 9106275))
	        ->  Bitmap Index Scan on sbtest3_pkey  (cost=0.00..22.33 rows=990 width=0)
	              Index Cond: ((id >= 9105276) AND (id <= 9106275))

table 4 : explain SELECT c FROM sbtest4 WHERE id BETWEEN 4503573 AND 4504572 ORDER BY c
	Sort  (cost=3546.02..3548.28 rows=905 width=121)
	  Sort Key: c
	  ->  Bitmap Heap Scan on sbtest4  (cost=21.71..3501.58 rows=905 width=121)
	        Recheck Cond: ((id >= 4503573) AND (id <= 4504572))
	        ->  Bitmap Index Scan on sbtest4_pkey  (cost=0.00..21.48 rows=905 width=0)
	              Index Cond: ((id >= 4503573) AND (id <= 4504572))

table 5 : explain SELECT c FROM sbtest5 WHERE id BETWEEN 952037 AND 953036 ORDER BY c
	Sort  (cost=4641.50..4644.48 rows=1192 width=121)
	  Sort Key: c
	  ->  Bitmap Heap Scan on sbtest5  (cost=28.65..4580.60 rows=1192 width=121)
	        Recheck Cond: ((id >= 952037) AND (id <= 953036))
	        ->  Bitmap Index Scan on sbtest5_pkey  (cost=0.00..28.36 rows=1192 width=0)
	              Index Cond: ((id >= 952037) AND (id <= 953036))

table 6 : explain SELECT c FROM sbtest6 WHERE id BETWEEN 6213849 AND 6214848 ORDER BY c
	Sort  (cost=3887.80..3890.29 rows=994 width=121)
	  Sort Key: c
	  ->  Bitmap Heap Scan on sbtest6  (cost=22.62..3838.32 rows=994 width=121)
	        Recheck Cond: ((id >= 6213849) AND (id <= 6214848))
	        ->  Bitmap Index Scan on sbtest6_pkey  (cost=0.00..22.37 rows=994 width=0)
	              Index Cond: ((id >= 6213849) AND (id <= 6214848))

table 7 : explain SELECT c FROM sbtest7 WHERE id BETWEEN 5187548 AND 5188547 ORDER BY c
	Sort  (cost=3933.27..3935.78 rows=1006 width=121)
	  Sort Key: c
	  ->  Bitmap Heap Scan on sbtest7  (cost=22.75..3883.09 rows=1006 width=121)
	        Recheck Cond: ((id >= 5187548) AND (id <= 5188547))
	        ->  Bitmap Index Scan on sbtest7_pkey  (cost=0.00..22.50 rows=1006 width=0)
	              Index Cond: ((id >= 5187548) AND (id <= 5188547))

table 8 : explain SELECT c FROM sbtest8 WHERE id BETWEEN 1299197 AND 1300196 ORDER BY c
	Sort  (cost=3789.05..3791.47 rows=968 width=121)
	  Sort Key: c
	  ->  Bitmap Heap Scan on sbtest8  (cost=22.36..3741.04 rows=968 width=121)
	        Recheck Cond: ((id >= 1299197) AND (id <= 1300196))
	        ->  Bitmap Index Scan on sbtest8_pkey  (cost=0.00..22.11 rows=968 width=0)
	              Index Cond: ((id >= 1299197) AND (id <= 1300196))

for: distinct_ranges
table 1 : explain SELECT DISTINCT c FROM sbtest1 WHERE id BETWEEN 8741885 AND 8742884 ORDER BY c
	Unique  (cost=4031.03..4036.19 rows=1032 width=121)
	  ->  Sort  (cost=4031.03..4033.61 rows=1032 width=121)
	        Sort Key: c
	        ->  Bitmap Heap Scan on sbtest1  (cost=23.01..3979.37 rows=1032 width=121)
	              Recheck Cond: ((id >= 8741885) AND (id <= 8742884))
	              ->  Bitmap Index Scan on sbtest1_pkey  (cost=0.00..22.75 rows=1032 width=0)
	                    Index Cond: ((id >= 8741885) AND (id <= 8742884))

table 2 : explain SELECT DISTINCT c FROM sbtest2 WHERE id BETWEEN 2037396 AND 2038395 ORDER BY c
	Unique  (cost=3694.84..3699.56 rows=944 width=121)
	  ->  Sort  (cost=3694.84..3697.20 rows=944 width=121)
	        Sort Key: c
	        ->  Bitmap Heap Scan on sbtest2  (cost=22.11..3648.19 rows=944 width=121)
	              Recheck Cond: ((id >= 2037396) AND (id <= 2038395))
	              ->  Bitmap Index Scan on sbtest2_pkey  (cost=0.00..21.87 rows=944 width=0)
	                    Index Cond: ((id >= 2037396) AND (id <= 2038395))

table 3 : explain SELECT DISTINCT c FROM sbtest3 WHERE id BETWEEN 5440894 AND 5441893 ORDER BY c
	Unique  (cost=3981.90..3986.99 rows=1019 width=121)
	  ->  Sort  (cost=3981.90..3984.45 rows=1019 width=121)
	        Sort Key: c
	        ->  Bitmap Heap Scan on sbtest3  (cost=22.88..3930.98 rows=1019 width=121)
	              Recheck Cond: ((id >= 5440894) AND (id <= 5441893))
	              ->  Bitmap Index Scan on sbtest3_pkey  (cost=0.00..22.62 rows=1019 width=0)
	                    Index Cond: ((id >= 5440894) AND (id <= 5441893))

table 4 : explain SELECT DISTINCT c FROM sbtest4 WHERE id BETWEEN 3822480 AND 3823479 ORDER BY c
	Unique  (cost=4230.14..4235.56 rows=1084 width=121)
	  ->  Sort  (cost=4230.14..4232.85 rows=1084 width=121)
	        Sort Key: c
	        ->  Bitmap Heap Scan on sbtest4  (cost=23.55..4175.50 rows=1084 width=121)
	              Recheck Cond: ((id >= 3822480) AND (id <= 3823479))
	              ->  Bitmap Index Scan on sbtest4_pkey  (cost=0.00..23.27 rows=1084 width=0)
	                    Index Cond: ((id >= 3822480) AND (id <= 3823479))

table 5 : explain SELECT DISTINCT c FROM sbtest5 WHERE id BETWEEN 4920163 AND 4921162 ORDER BY c
	Unique  (cost=3779.73..3784.56 rows=966 width=121)
	  ->  Sort  (cost=3779.73..3782.15 rows=966 width=121)
	        Sort Key: c
	        ->  Bitmap Heap Scan on sbtest5  (cost=22.34..3731.84 rows=966 width=121)
	              Recheck Cond: ((id >= 4920163) AND (id <= 4921162))
	              ->  Bitmap Index Scan on sbtest5_pkey  (cost=0.00..22.09 rows=966 width=0)
	                    Index Cond: ((id >= 4920163) AND (id <= 4921162))

table 6 : explain SELECT DISTINCT c FROM sbtest6 WHERE id BETWEEN 7049022 AND 7050021 ORDER BY c
	Unique  (cost=4002.46..4007.58 rows=1024 width=121)
	  ->  Sort  (cost=4002.46..4005.02 rows=1024 width=121)
	        Sort Key: c
	        ->  Bitmap Heap Scan on sbtest6  (cost=22.93..3951.26 rows=1024 width=121)
	              Recheck Cond: ((id >= 7049022) AND (id <= 7050021))
	              ->  Bitmap Index Scan on sbtest6_pkey  (cost=0.00..22.68 rows=1024 width=0)
	                    Index Cond: ((id >= 7049022) AND (id <= 7050021))

table 7 : explain SELECT DISTINCT c FROM sbtest7 WHERE id BETWEEN 9840608 AND 9841607 ORDER BY c
	Unique  (cost=4005.85..4010.98 rows=1025 width=121)
	  ->  Sort  (cost=4005.85..4008.42 rows=1025 width=121)
	        Sort Key: c
	        ->  Bitmap Heap Scan on sbtest7  (cost=22.94..3954.60 rows=1025 width=121)
	              Recheck Cond: ((id >= 9840608) AND (id <= 9841607))
	              ->  Bitmap Index Scan on sbtest7_pkey  (cost=0.00..22.68 rows=1025 width=0)
	                    Index Cond: ((id >= 9840608) AND (id <= 9841607))

table 8 : explain SELECT DISTINCT c FROM sbtest8 WHERE id BETWEEN 4494481 AND 4495480 ORDER BY c
	Unique  (cost=3945.89..3950.93 rows=1009 width=121)
	  ->  Sort  (cost=3945.89..3948.41 rows=1009 width=121)
	        Sort Key: c
	        ->  Bitmap Heap Scan on sbtest8  (cost=22.78..3895.55 rows=1009 width=121)
	              Recheck Cond: ((id >= 4494481) AND (id <= 4495480))
	              ->  Bitmap Index Scan on sbtest8_pkey  (cost=0.00..22.52 rows=1009 width=0)
	                    Index Cond: ((id >= 4494481) AND (id <= 4495480))

Threads started!

Warming up for 5 seconds...

SQL statistics:
    queries performed:
        read:                            159492314
        write:                           0
        other:                           28998630
        total:                           188490944
    transactions:                        14499335 (23014.54 per sec.)
    queries:                             188490944 (299188.42 per sec.)
    ignored errors:                      0      (0.00 per sec.)
    reconnects:                          0      (0.00 per sec.)

Throughput:
    events/s (eps):                      23014.5443
    time elapsed:                        630.0076s
    total number of events:              14499335

Latency (ms):
         min:                                    0.49
         avg:                                    1.74
         max:                                   17.88
         95th percentile:                        1.86
         sum:                             25187162.48

Threads fairness:
    events (avg/stddev):           362482.9750/2305.45
    execution time (avg/stddev):   629.6791/0.01

