LUA_PATH=/home/mdcallag/git/mytools/bench/sysbench.lua/lua/?.lua /home/mdcallag/git/mytools/bench/sysbench.lua/lua/sysbench --db-driver=pgsql --range-size=100 --table-size=10000000 --tables=8 --threads=40 --events=0 --warmup-time=5 --time=630 --pgsql_conn_id=true /home/mdcallag/git/mytools/bench/sysbench.lua/lua/oltp_point_select.lua run --pgsql-user=root --pgsql-password=pw --pgsql-host=127.0.0.1 --pgsql-db=ib --rand-type=uniform --skip-trx
48 CPUs
sysbench 1.1.0-9072687 (using bundled LuaJIT 2.1.0-beta3)

Running the test with following options:
Number of threads: 40
Warmup time: 5s
Initializing random number generator from current time


Initializing worker threads...

explain: for point_selects :: explain SELECT c FROM sbtest%u WHERE id=%u
explain: for point_selects :: explain SELECT c FROM sbtest%u WHERE id=%u
explain: for point_selects :: explain SELECT c FROM sbtest%u WHERE id=%u
explain: for point_selects :: explain SELECT c FROM sbtest%u WHERE id=%u
explain: for point_selects :: explain SELECT c FROM sbtest%u WHERE id=%u
explain: for point_selects :: explain SELECT c FROM sbtest%u WHERE id=%u
explain: for point_selects :: explain SELECT c FROM sbtest%u WHERE id=%u
explain: for point_selects :: explain SELECT c FROM sbtest%u WHERE id=%u
explain: for point_selects :: explain SELECT c FROM sbtest%u WHERE id=%u
explain: for point_selects :: explain SELECT c FROM sbtest%u WHERE id=%u
explain: for point_selects :: explain SELECT c FROM sbtest%u WHERE id=%u
explain: for point_selects :: explain SELECT c FROM sbtest%u WHERE id=%u
explain: for point_selects :: explain SELECT c FROM sbtest%u WHERE id=%u
explain: for point_selects :: explain SELECT c FROM sbtest%u WHERE id=%u
explain: for point_selects :: explain SELECT c FROM sbtest%u WHERE id=%u
explain: for point_selects :: explain SELECT c FROM sbtest%u WHERE id=%u
explain: for point_selects :: explain SELECT c FROM sbtest%u WHERE id=%u
explain: for point_selects :: explain SELECT c FROM sbtest%u WHERE id=%u
explain: for point_selects :: explain SELECT c FROM sbtest%u WHERE id=%u
explain: for point_selects :: explain SELECT c FROM sbtest%u WHERE id=%u
explain: for point_selects :: explain SELECT c FROM sbtest%u WHERE id=%u
for point_selects
table 1 : explain SELECT c FROM sbtest1 WHERE id=9791021
	Index Scan using sbtest1_pkey on sbtest1  (cost=0.43..8.45 rows=1 width=121)
	  Index Cond: (id = 9791021)

table 2 : explain SELECT c FROM sbtest2 WHERE id=1414711
	Index Scan using sbtest2_pkey on sbtest2  (cost=0.43..8.45 rows=1 width=121)
	  Index Cond: (id = 1414711)

table 3 : explain SELECT c FROM sbtest3 WHERE id=1415812
	Index Scan using sbtest3_pkey on sbtest3  (cost=0.43..8.45 rows=1 width=121)
	  Index Cond: (id = 1415812)

table 4 : explain SELECT c FROM sbtest4 WHERE id=5168783
	Index Scan using sbtest4_pkey on sbtest4  (cost=0.43..8.45 rows=1 width=121)
	  Index Cond: (id = 5168783)

table 5 : explain SELECT c FROM sbtest5 WHERE id=7077460
	Index Scan using sbtest5_pkey on sbtest5  (cost=0.43..8.45 rows=1 width=121)
	  Index Cond: (id = 7077460)

table 6 : explain SELECT c FROM sbtest6 WHERE id=4848299
	Index Scan using sbtest6_pkey on sbtest6  (cost=0.43..8.45 rows=1 width=121)
	  Index Cond: (id = 4848299)

table 7 : explain SELECT c FROM sbtest7 WHERE id=4885271
	Index Scan using sbtest7_pkey on sbtest7  (cost=0.43..8.45 rows=1 width=121)
	  Index Cond: (id = 4885271)

table 8 : explain SELECT c FROM sbtest8 WHERE id=3882906
	Index Scan using sbtest8_pkey on sbtest8  (cost=0.43..8.45 rows=1 width=121)
	  Index Cond: (id = 3882906)

for point_selects
table 1 : explain SELECT c FROM sbtest1 WHERE id=5788023
	Index Scan using sbtest1_pkey on sbtest1  (cost=0.43..8.45 rows=1 width=121)
	  Index Cond: (id = 5788023)

table 2 : explain SELECT c FROM sbtest2 WHERE id=3274845
	Index Scan using sbtest2_pkey on sbtest2  (cost=0.43..8.45 rows=1 width=121)
	  Index Cond: (id = 3274845)

table 3 : explain SELECT c FROM sbtest3 WHERE id=8745799
	Index Scan using sbtest3_pkey on sbtest3  (cost=0.43..8.45 rows=1 width=121)
	  Index Cond: (id = 8745799)

table 4 : explain SELECT c FROM sbtest4 WHERE id=2528934
	Index Scan using sbtest4_pkey on sbtest4  (cost=0.43..8.45 rows=1 width=121)
	  Index Cond: (id = 2528934)

table 5 : explain SELECT c FROM sbtest5 WHERE id=5596163
	Index Scan using sbtest5_pkey on sbtest5  (cost=0.43..8.45 rows=1 width=121)
	  Index Cond: (id = 5596163)

table 6 : explain SELECT c FROM sbtest6 WHERE id=9207047
	Index Scan using sbtest6_pkey on sbtest6  (cost=0.43..8.45 rows=1 width=121)
	  Index Cond: (id = 9207047)

table 7 : explain SELECT c FROM sbtest7 WHERE id=7801643
	Index Scan using sbtest7_pkey on sbtest7  (cost=0.43..8.45 rows=1 width=121)
	  Index Cond: (id = 7801643)

table 8 : explain SELECT c FROM sbtest8 WHERE id=3164245
	Index Scan using sbtest8_pkey on sbtest8  (cost=0.43..8.45 rows=1 width=121)
	  Index Cond: (id = 3164245)

explain: for point_selects :: explain SELECT c FROM sbtest%u WHERE id=%u
explain: for point_selects :: explain SELECT c FROM sbtest%u WHERE id=%u
explain: for point_selects :: explain SELECT c FROM sbtest%u WHERE id=%u
explain: for point_selects :: explain SELECT c FROM sbtest%u WHERE id=%u
explain: for point_selects :: explain SELECT c FROM sbtest%u WHERE id=%u
explain: for point_selects :: explain SELECT c FROM sbtest%u WHERE id=%u
for point_selects
table 1 : explain SELECT c FROM sbtest1 WHERE id=8289730
	Index Scan using sbtest1_pkey on sbtest1  (cost=0.43..8.45 rows=1 width=121)
	  Index Cond: (id = 8289730)

table 2 : explain SELECT c FROM sbtest2 WHERE id=4347615
	Index Scan using sbtest2_pkey on sbtest2  (cost=0.43..8.45 rows=1 width=121)
	  Index Cond: (id = 4347615)

table 3 : explain SELECT c FROM sbtest3 WHERE id=7351448
	Index Scan using sbtest3_pkey on sbtest3  (cost=0.43..8.45 rows=1 width=121)
	  Index Cond: (id = 7351448)

table 4 : explain SELECT c FROM sbtest4 WHERE id=3796544
	Index Scan using sbtest4_pkey on sbtest4  (cost=0.43..8.45 rows=1 width=121)
	  Index Cond: (id = 3796544)

table 5 : explain SELECT c FROM sbtest5 WHERE id=5128272
	Index Scan using sbtest5_pkey on sbtest5  (cost=0.43..8.45 rows=1 width=121)
	  Index Cond: (id = 5128272)

table 6 : explain SELECT c FROM sbtest6 WHERE id=3166814
	Index Scan using sbtest6_pkey on sbtest6  (cost=0.43..8.45 rows=1 width=121)
	  Index Cond: (id = 3166814)

table 7 : explain SELECT c FROM sbtest7 WHERE id=44791
	Index Scan using sbtest7_pkey on sbtest7  (cost=0.43..8.45 rows=1 width=121)
	  Index Cond: (id = 44791)

table 8 : explain SELECT c FROM sbtest8 WHERE id=3254123
	Index Scan using sbtest8_pkey on sbtest8  (cost=0.43..8.45 rows=1 width=121)
	  Index Cond: (id = 3254123)

for point_selects
table 1 : explain SELECT c FROM sbtest1 WHERE id=2662933
	Index Scan using sbtest1_pkey on sbtest1  (cost=0.43..8.45 rows=1 width=121)
	  Index Cond: (id = 2662933)

table 2 : explain SELECT c FROM sbtest2 WHERE id=8954665
	Index Scan using sbtest2_pkey on sbtest2  (cost=0.43..8.45 rows=1 width=121)
	  Index Cond: (id = 8954665)

table 3 : explain SELECT c FROM sbtest3 WHERE id=7370760
	Index Scan using sbtest3_pkey on sbtest3  (cost=0.43..8.45 rows=1 width=121)
	  Index Cond: (id = 7370760)

table 4 : explain SELECT c FROM sbtest4 WHERE id=4085968
	Index Scan using sbtest4_pkey on sbtest4  (cost=0.43..8.45 rows=1 width=121)
	  Index Cond: (id = 4085968)

table 5 : explain SELECT c FROM sbtest5 WHERE id=9362999
	Index Scan using sbtest5_pkey on sbtest5  (cost=0.43..8.45 rows=1 width=121)
	  Index Cond: (id = 9362999)

table 6 : explain SELECT c FROM sbtest6 WHERE id=3857702
	Index Scan using sbtest6_pkey on sbtest6  (cost=0.43..8.45 rows=1 width=121)
	  Index Cond: (id = 3857702)

table 7 : explain SELECT c FROM sbtest7 WHERE id=1275416
	Index Scan using sbtest7_pkey on sbtest7  (cost=0.43..8.45 rows=1 width=121)
	  Index Cond: (id = 1275416)

table 8 : explain SELECT c FROM sbtest8 WHERE id=4200500
	Index Scan using sbtest8_pkey on sbtest8  (cost=0.43..8.45 rows=1 width=121)
	  Index Cond: (id = 4200500)

for point_selects
table 1 : explain SELECT c FROM sbtest1 WHERE id=3221791
	Index Scan using sbtest1_pkey on sbtest1  (cost=0.43..8.45 rows=1 width=121)
	  Index Cond: (id = 3221791)

table 2 : explain SELECT c FROM sbtest2 WHERE id=6216859
	Index Scan using sbtest2_pkey on sbtest2  (cost=0.43..8.45 rows=1 width=121)
	  Index Cond: (id = 6216859)

table 3 : explain SELECT c FROM sbtest3 WHERE id=5285295
	Index Scan using sbtest3_pkey on sbtest3  (cost=0.43..8.45 rows=1 width=121)
	  Index Cond: (id = 5285295)

table 4 : explain SELECT c FROM sbtest4 WHERE id=8967527
	Index Scan using sbtest4_pkey on sbtest4  (cost=0.43..8.45 rows=1 width=121)
	  Index Cond: (id = 8967527)

table 5 : explain SELECT c FROM sbtest5 WHERE id=198120
	Index Scan using sbtest5_pkey on sbtest5  (cost=0.43..8.45 rows=1 width=121)
	  Index Cond: (id = 198120)

table 6 : explain SELECT c FROM sbtest6 WHERE id=2213398
	Index Scan using sbtest6_pkey on sbtest6  (cost=0.43..8.45 rows=1 width=121)
	  Index Cond: (id = 2213398)

table 7 : explain SELECT c FROM sbtest7 WHERE id=2849015
	Index Scan using sbtest7_pkey on sbtest7  (cost=0.43..8.45 rows=1 width=121)
	  Index Cond: (id = 2849015)

table 8 : explain SELECT c FROM sbtest8 WHERE id=1879493
	Index Scan using sbtest8_pkey on sbtest8  (cost=0.43..8.45 rows=1 width=121)
	  Index Cond: (id = 1879493)

for point_selects
table 1 : explain SELECT c FROM sbtest1 WHERE id=9013980
	Index Scan using sbtest1_pkey on sbtest1  (cost=0.43..8.45 rows=1 width=121)
	  Index Cond: (id = 9013980)

table 2 : explain SELECT c FROM sbtest2 WHERE id=8671344
	Index Scan using sbtest2_pkey on sbtest2  (cost=0.43..8.45 rows=1 width=121)
	  Index Cond: (id = 8671344)

table 3 : explain SELECT c FROM sbtest3 WHERE id=6765800
	Index Scan using sbtest3_pkey on sbtest3  (cost=0.43..8.45 rows=1 width=121)
	  Index Cond: (id = 6765800)

table 4 : explain SELECT c FROM sbtest4 WHERE id=483173
	Index Scan using sbtest4_pkey on sbtest4  (cost=0.43..8.45 rows=1 width=121)
	  Index Cond: (id = 483173)

table 5 : explain SELECT c FROM sbtest5 WHERE id=9271919
	Index Scan using sbtest5_pkey on sbtest5  (cost=0.43..8.45 rows=1 width=121)
	  Index Cond: (id = 9271919)

table 6 : explain SELECT c FROM sbtest6 WHERE id=7151791
	Index Scan using sbtest6_pkey on sbtest6  (cost=0.43..8.45 rows=1 width=121)
	  Index Cond: (id = 7151791)

table 7 : explain SELECT c FROM sbtest7 WHERE id=7078612
	Index Scan using sbtest7_pkey on sbtest7  (cost=0.43..8.45 rows=1 width=121)
	  Index Cond: (id = 7078612)

table 8 : explain SELECT c FROM sbtest8 WHERE id=9582251
	Index Scan using sbtest8_pkey on sbtest8  (cost=0.43..8.45 rows=1 width=121)
	  Index Cond: (id = 9582251)

for point_selects
table 1 : explain SELECT c FROM sbtest1 WHERE id=3155062
	Index Scan using sbtest1_pkey on sbtest1  (cost=0.43..8.45 rows=1 width=121)
	  Index Cond: (id = 3155062)

table 2 : explain SELECT c FROM sbtest2 WHERE id=79911
	Index Scan using sbtest2_pkey on sbtest2  (cost=0.43..8.45 rows=1 width=121)
	  Index Cond: (id = 79911)

table 3 : explain SELECT c FROM sbtest3 WHERE id=4536669
	Index Scan using sbtest3_pkey on sbtest3  (cost=0.43..8.45 rows=1 width=121)
	  Index Cond: (id = 4536669)

table 4 : explain SELECT c FROM sbtest4 WHERE id=1226272
	Index Scan using sbtest4_pkey on sbtest4  (cost=0.43..8.45 rows=1 width=121)
	  Index Cond: (id = 1226272)

table 5 : explain SELECT c FROM sbtest5 WHERE id=1258383
	Index Scan using sbtest5_pkey on sbtest5  (cost=0.43..8.45 rows=1 width=121)
	  Index Cond: (id = 1258383)

table 6 : explain SELECT c FROM sbtest6 WHERE id=4033664
	Index Scan using sbtest6_pkey on sbtest6  (cost=0.43..8.45 rows=1 width=121)
	  Index Cond: (id = 4033664)

table 7 : explain SELECT c FROM sbtest7 WHERE id=7820413
	Index Scan using sbtest7_pkey on sbtest7  (cost=0.43..8.45 rows=1 width=121)
	  Index Cond: (id = 7820413)

table 8 : explain SELECT c FROM sbtest8 WHERE id=9997259
	Index Scan using sbtest8_pkey on sbtest8  (cost=0.43..8.45 rows=1 width=121)
	  Index Cond: (id = 9997259)

for point_selects
table 1 : explain SELECT c FROM sbtest1 WHERE id=9227915
	Index Scan using sbtest1_pkey on sbtest1  (cost=0.43..8.45 rows=1 width=121)
	  Index Cond: (id = 9227915)

table 2 : explain SELECT c FROM sbtest2 WHERE id=1135039
	Index Scan using sbtest2_pkey on sbtest2  (cost=0.43..8.45 rows=1 width=121)
	  Index Cond: (id = 1135039)

table 3 : explain SELECT c FROM sbtest3 WHERE id=1677661
	Index Scan using sbtest3_pkey on sbtest3  (cost=0.43..8.45 rows=1 width=121)
	  Index Cond: (id = 1677661)

table 4 : explain SELECT c FROM sbtest4 WHERE id=8876817
	Index Scan using sbtest4_pkey on sbtest4  (cost=0.43..8.45 rows=1 width=121)
	  Index Cond: (id = 8876817)

table 5 : explain SELECT c FROM sbtest5 WHERE id=1613213
	Index Scan using sbtest5_pkey on sbtest5  (cost=0.43..8.45 rows=1 width=121)
	  Index Cond: (id = 1613213)

table 6 : explain SELECT c FROM sbtest6 WHERE id=5966750
	Index Scan using sbtest6_pkey on sbtest6  (cost=0.43..8.45 rows=1 width=121)
	  Index Cond: (id = 5966750)

table 7 : explain SELECT c FROM sbtest7 WHERE id=2480801
	Index Scan using sbtest7_pkey on sbtest7  (cost=0.43..8.45 rows=1 width=121)
	  Index Cond: (id = 2480801)

table 8 : explain SELECT c FROM sbtest8 WHERE id=1671241
	Index Scan using sbtest8_pkey on sbtest8  (cost=0.43..8.45 rows=1 width=121)
	  Index Cond: (id = 1671241)

for point_selects
table 1 : explain SELECT c FROM sbtest1 WHERE id=6039359
	Index Scan using sbtest1_pkey on sbtest1  (cost=0.43..8.45 rows=1 width=121)
	  Index Cond: (id = 6039359)

table 2 : explain SELECT c FROM sbtest2 WHERE id=1206621
	Index Scan using sbtest2_pkey on sbtest2  (cost=0.43..8.45 rows=1 width=121)
	  Index Cond: (id = 1206621)

table 3 : explain SELECT c FROM sbtest3 WHERE id=3354536
	Index Scan using sbtest3_pkey on sbtest3  (cost=0.43..8.45 rows=1 width=121)
	  Index Cond: (id = 3354536)

table 4 : explain SELECT c FROM sbtest4 WHERE id=6360148
	Index Scan using sbtest4_pkey on sbtest4  (cost=0.43..8.45 rows=1 width=121)
	  Index Cond: (id = 6360148)

table 5 : explain SELECT c FROM sbtest5 WHERE id=1028519
	Index Scan using sbtest5_pkey on sbtest5  (cost=0.43..8.45 rows=1 width=121)
	  Index Cond: (id = 1028519)

table 6 : explain SELECT c FROM sbtest6 WHERE id=5495884
	Index Scan using sbtest6_pkey on sbtest6  (cost=0.43..8.45 rows=1 width=121)
	  Index Cond: (id = 5495884)

table 7 : explain SELECT c FROM sbtest7 WHERE id=9462032
	Index Scan using sbtest7_pkey on sbtest7  (cost=0.43..8.45 rows=1 width=121)
	  Index Cond: (id = 9462032)

table 8 : explain SELECT c FROM sbtest8 WHERE id=3952088
	Index Scan using sbtest8_pkey on sbtest8  (cost=0.43..8.45 rows=1 width=121)
	  Index Cond: (id = 3952088)

for point_selects
table 1 : explain SELECT c FROM sbtest1 WHERE id=6634645
	Index Scan using sbtest1_pkey on sbtest1  (cost=0.43..8.45 rows=1 width=121)
	  Index Cond: (id = 6634645)

table 2 : explain SELECT c FROM sbtest2 WHERE id=7690755
	Index Scan using sbtest2_pkey on sbtest2  (cost=0.43..8.45 rows=1 width=121)
	  Index Cond: (id = 7690755)

table 3 : explain SELECT c FROM sbtest3 WHERE id=4502255
	Index Scan using sbtest3_pkey on sbtest3  (cost=0.43..8.45 rows=1 width=121)
	  Index Cond: (id = 4502255)

table 4 : explain SELECT c FROM sbtest4 WHERE id=3317697
	Index Scan using sbtest4_pkey on sbtest4  (cost=0.43..8.45 rows=1 width=121)
	  Index Cond: (id = 3317697)

table 5 : explain SELECT c FROM sbtest5 WHERE id=8320381
	Index Scan using sbtest5_pkey on sbtest5  (cost=0.43..8.45 rows=1 width=121)
	  Index Cond: (id = 8320381)

table 6 : explain SELECT c FROM sbtest6 WHERE id=6189642
	Index Scan using sbtest6_pkey on sbtest6  (cost=0.43..8.45 rows=1 width=121)
	  Index Cond: (id = 6189642)

table 7 : explain SELECT c FROM sbtest7 WHERE id=3108542
	Index Scan using sbtest7_pkey on sbtest7  (cost=0.43..8.45 rows=1 width=121)
	  Index Cond: (id = 3108542)

table 8 : explain SELECT c FROM sbtest8 WHERE id=651187
	Index Scan using sbtest8_pkey on sbtest8  (cost=0.43..8.45 rows=1 width=121)
	  Index Cond: (id = 651187)

for point_selects
table 1 : explain SELECT c FROM sbtest1 WHERE id=8801099
	Index Scan using sbtest1_pkey on sbtest1  (cost=0.43..8.45 rows=1 width=121)
	  Index Cond: (id = 8801099)

table 2 : explain SELECT c FROM sbtest2 WHERE id=5960053
	Index Scan using sbtest2_pkey on sbtest2  (cost=0.43..8.45 rows=1 width=121)
	  Index Cond: (id = 5960053)

table 3 : explain SELECT c FROM sbtest3 WHERE id=1887397
	Index Scan using sbtest3_pkey on sbtest3  (cost=0.43..8.45 rows=1 width=121)
	  Index Cond: (id = 1887397)

table 4 : explain SELECT c FROM sbtest4 WHERE id=8252798
	Index Scan using sbtest4_pkey on sbtest4  (cost=0.43..8.45 rows=1 width=121)
	  Index Cond: (id = 8252798)

table 5 : explain SELECT c FROM sbtest5 WHERE id=1528847
	Index Scan using sbtest5_pkey on sbtest5  (cost=0.43..8.45 rows=1 width=121)
	  Index Cond: (id = 1528847)

table 6 : explain SELECT c FROM sbtest6 WHERE id=7968623
	Index Scan using sbtest6_pkey on sbtest6  (cost=0.43..8.45 rows=1 width=121)
	  Index Cond: (id = 7968623)

table 7 : explain SELECT c FROM sbtest7 WHERE id=6654052
	Index Scan using sbtest7_pkey on sbtest7  (cost=0.43..8.45 rows=1 width=121)
	  Index Cond: (id = 6654052)

table 8 : explain SELECT c FROM sbtest8 WHERE id=8551412
	Index Scan using sbtest8_pkey on sbtest8  (cost=0.43..8.45 rows=1 width=121)
	  Index Cond: (id = 8551412)

for point_selects
table 1 : explain SELECT c FROM sbtest1 WHERE id=320264
	Index Scan using sbtest1_pkey on sbtest1  (cost=0.43..8.45 rows=1 width=121)
	  Index Cond: (id = 320264)

table 2 : explain SELECT c FROM sbtest2 WHERE id=7935055
	Index Scan using sbtest2_pkey on sbtest2  (cost=0.43..8.45 rows=1 width=121)
	  Index Cond: (id = 7935055)

table 3 : explain SELECT c FROM sbtest3 WHERE id=7072339
	Index Scan using sbtest3_pkey on sbtest3  (cost=0.43..8.45 rows=1 width=121)
	  Index Cond: (id = 7072339)

table 4 : explain SELECT c FROM sbtest4 WHERE id=1652156
	Index Scan using sbtest4_pkey on sbtest4  (cost=0.43..8.45 rows=1 width=121)
	  Index Cond: (id = 1652156)

table 5 : explain SELECT c FROM sbtest5 WHERE id=5707171
	Index Scan using sbtest5_pkey on sbtest5  (cost=0.43..8.45 rows=1 width=121)
	  Index Cond: (id = 5707171)

table 6 : explain SELECT c FROM sbtest6 WHERE id=8737687
	Index Scan using sbtest6_pkey on sbtest6  (cost=0.43..8.45 rows=1 width=121)
	  Index Cond: (id = 8737687)

table 7 : explain SELECT c FROM sbtest7 WHERE id=4707159
	Index Scan using sbtest7_pkey on sbtest7  (cost=0.43..8.45 rows=1 width=121)
	  Index Cond: (id = 4707159)

table 8 : explain SELECT c FROM sbtest8 WHERE id=485427
	Index Scan using sbtest8_pkey on sbtest8  (cost=0.43..8.45 rows=1 width=121)
	  Index Cond: (id = 485427)

explain: for point_selects :: explain SELECT c FROM sbtest%u WHERE id=%u
explain: for point_selects :: explain SELECT c FROM sbtest%u WHERE id=%u
for point_selects
table 1 : explain SELECT c FROM sbtest1 WHERE id=9879182
	Index Scan using sbtest1_pkey on sbtest1  (cost=0.43..8.45 rows=1 width=121)
	  Index Cond: (id = 9879182)

table 2 : explain SELECT c FROM sbtest2 WHERE id=9058401
	Index Scan using sbtest2_pkey on sbtest2  (cost=0.43..8.45 rows=1 width=121)
	  Index Cond: (id = 9058401)

table 3 : explain SELECT c FROM sbtest3 WHERE id=9911683
	Index Scan using sbtest3_pkey on sbtest3  (cost=0.43..8.45 rows=1 width=121)
	  Index Cond: (id = 9911683)

table 4 : explain SELECT c FROM sbtest4 WHERE id=5117223
	Index Scan using sbtest4_pkey on sbtest4  (cost=0.43..8.45 rows=1 width=121)
	  Index Cond: (id = 5117223)

table 5 : explain SELECT c FROM sbtest5 WHERE id=1360826
	Index Scan using sbtest5_pkey on sbtest5  (cost=0.43..8.45 rows=1 width=121)
	  Index Cond: (id = 1360826)

table 6 : explain SELECT c FROM sbtest6 WHERE id=3018299
	Index Scan using sbtest6_pkey on sbtest6  (cost=0.43..8.45 rows=1 width=121)
	  Index Cond: (id = 3018299)

table 7 : explain SELECT c FROM sbtest7 WHERE id=5244419
	Index Scan using sbtest7_pkey on sbtest7  (cost=0.43..8.45 rows=1 width=121)
	  Index Cond: (id = 5244419)

table 8 : explain SELECT c FROM sbtest8 WHERE id=4860898
	Index Scan using sbtest8_pkey on sbtest8  (cost=0.43..8.45 rows=1 width=121)
	  Index Cond: (id = 4860898)

explain: for point_selects :: explain SELECT c FROM sbtest%u WHERE id=%u
for point_selects
table 1 : explain SELECT c FROM sbtest1 WHERE id=6139934
	Index Scan using sbtest1_pkey on sbtest1  (cost=0.43..8.45 rows=1 width=121)
	  Index Cond: (id = 6139934)

table 2 : explain SELECT c FROM sbtest2 WHERE id=928568
	Index Scan using sbtest2_pkey on sbtest2  (cost=0.43..8.45 rows=1 width=121)
	  Index Cond: (id = 928568)

table 3 : explain SELECT c FROM sbtest3 WHERE id=9016071
	Index Scan using sbtest3_pkey on sbtest3  (cost=0.43..8.45 rows=1 width=121)
	  Index Cond: (id = 9016071)

table 4 : explain SELECT c FROM sbtest4 WHERE id=4592790
	Index Scan using sbtest4_pkey on sbtest4  (cost=0.43..8.45 rows=1 width=121)
	  Index Cond: (id = 4592790)

table 5 : explain SELECT c FROM sbtest5 WHERE id=7096926
	Index Scan using sbtest5_pkey on sbtest5  (cost=0.43..8.45 rows=1 width=121)
	  Index Cond: (id = 7096926)

table 6 : explain SELECT c FROM sbtest6 WHERE id=8730284
	Index Scan using sbtest6_pkey on sbtest6  (cost=0.43..8.45 rows=1 width=121)
	  Index Cond: (id = 8730284)

table 7 : explain SELECT c FROM sbtest7 WHERE id=5336807
	Index Scan using sbtest7_pkey on sbtest7  (cost=0.43..8.45 rows=1 width=121)
	  Index Cond: (id = 5336807)

table 8 : explain SELECT c FROM sbtest8 WHERE id=8910880
	Index Scan using sbtest8_pkey on sbtest8  (cost=0.43..8.45 rows=1 width=121)
	  Index Cond: (id = 8910880)

for point_selects
table 1 : explain SELECT c FROM sbtest1 WHERE id=4367498
	Index Scan using sbtest1_pkey on sbtest1  (cost=0.43..8.45 rows=1 width=121)
	  Index Cond: (id = 4367498)

table 2 : explain SELECT c FROM sbtest2 WHERE id=3961283
	Index Scan using sbtest2_pkey on sbtest2  (cost=0.43..8.45 rows=1 width=121)
	  Index Cond: (id = 3961283)

table 3 : explain SELECT c FROM sbtest3 WHERE id=2127240
	Index Scan using sbtest3_pkey on sbtest3  (cost=0.43..8.45 rows=1 width=121)
	  Index Cond: (id = 2127240)

table 4 : explain SELECT c FROM sbtest4 WHERE id=1589034
	Index Scan using sbtest4_pkey on sbtest4  (cost=0.43..8.45 rows=1 width=121)
	  Index Cond: (id = 1589034)

table 5 : explain SELECT c FROM sbtest5 WHERE id=5729359
	Index Scan using sbtest5_pkey on sbtest5  (cost=0.43..8.45 rows=1 width=121)
	  Index Cond: (id = 5729359)

table 6 : explain SELECT c FROM sbtest6 WHERE id=9820456
	Index Scan using sbtest6_pkey on sbtest6  (cost=0.43..8.45 rows=1 width=121)
	  Index Cond: (id = 9820456)

table 7 : explain SELECT c FROM sbtest7 WHERE id=452755
	Index Scan using sbtest7_pkey on sbtest7  (cost=0.43..8.45 rows=1 width=121)
	  Index Cond: (id = 452755)

table 8 : explain SELECT c FROM sbtest8 WHERE id=563783
	Index Scan using sbtest8_pkey on sbtest8  (cost=0.43..8.45 rows=1 width=121)
	  Index Cond: (id = 563783)

for point_selects
table 1 : explain SELECT c FROM sbtest1 WHERE id=6710347
	Index Scan using sbtest1_pkey on sbtest1  (cost=0.43..8.45 rows=1 width=121)
	  Index Cond: (id = 6710347)

table 2 : explain SELECT c FROM sbtest2 WHERE id=1612290
	Index Scan using sbtest2_pkey on sbtest2  (cost=0.43..8.45 rows=1 width=121)
	  Index Cond: (id = 1612290)

table 3 : explain SELECT c FROM sbtest3 WHERE id=4598744
	Index Scan using sbtest3_pkey on sbtest3  (cost=0.43..8.45 rows=1 width=121)
	  Index Cond: (id = 4598744)

table 4 : explain SELECT c FROM sbtest4 WHERE id=8578637
	Index Scan using sbtest4_pkey on sbtest4  (cost=0.43..8.45 rows=1 width=121)
	  Index Cond: (id = 8578637)

table 5 : explain SELECT c FROM sbtest5 WHERE id=63850
	Index Scan using sbtest5_pkey on sbtest5  (cost=0.43..8.45 rows=1 width=121)
	  Index Cond: (id = 63850)

table 6 : explain SELECT c FROM sbtest6 WHERE id=2201944
	Index Scan using sbtest6_pkey on sbtest6  (cost=0.43..8.45 rows=1 width=121)
	  Index Cond: (id = 2201944)

table 7 : explain SELECT c FROM sbtest7 WHERE id=9671125
	Index Scan using sbtest7_pkey on sbtest7  (cost=0.43..8.45 rows=1 width=121)
	  Index Cond: (id = 9671125)

table 8 : explain SELECT c FROM sbtest8 WHERE id=5114815
	Index Scan using sbtest8_pkey on sbtest8  (cost=0.43..8.45 rows=1 width=121)
	  Index Cond: (id = 5114815)

explain: for point_selects :: explain SELECT c FROM sbtest%u WHERE id=%u
explain: for point_selects :: explain SELECT c FROM sbtest%u WHERE id=%u
explain: for point_selects :: explain SELECT c FROM sbtest%u WHERE id=%u
for point_selects
table 1 : explain SELECT c FROM sbtest1 WHERE id=9655808
	Index Scan using sbtest1_pkey on sbtest1  (cost=0.43..8.45 rows=1 width=121)
	  Index Cond: (id = 9655808)

table 2 : explain SELECT c FROM sbtest2 WHERE id=9100980
	Index Scan using sbtest2_pkey on sbtest2  (cost=0.43..8.45 rows=1 width=121)
	  Index Cond: (id = 9100980)

table 3 : explain SELECT c FROM sbtest3 WHERE id=3067924
	Index Scan using sbtest3_pkey on sbtest3  (cost=0.43..8.45 rows=1 width=121)
	  Index Cond: (id = 3067924)

table 4 : explain SELECT c FROM sbtest4 WHERE id=5496074
	Index Scan using sbtest4_pkey on sbtest4  (cost=0.43..8.45 rows=1 width=121)
	  Index Cond: (id = 5496074)

table 5 : explain SELECT c FROM sbtest5 WHERE id=9697720
	Index Scan using sbtest5_pkey on sbtest5  (cost=0.43..8.45 rows=1 width=121)
	  Index Cond: (id = 9697720)

table 6 : explain SELECT c FROM sbtest6 WHERE id=1758938
	Index Scan using sbtest6_pkey on sbtest6  (cost=0.43..8.45 rows=1 width=121)
	  Index Cond: (id = 1758938)

table 7 : explain SELECT c FROM sbtest7 WHERE id=2053108
	Index Scan using sbtest7_pkey on sbtest7  (cost=0.43..8.45 rows=1 width=121)
	  Index Cond: (id = 2053108)

table 8 : explain SELECT c FROM sbtest8 WHERE id=2903845
	Index Scan using sbtest8_pkey on sbtest8  (cost=0.43..8.45 rows=1 width=121)
	  Index Cond: (id = 2903845)

for point_selects
table 1 : explain SELECT c FROM sbtest1 WHERE id=3629035
	Index Scan using sbtest1_pkey on sbtest1  (cost=0.43..8.45 rows=1 width=121)
	  Index Cond: (id = 3629035)

table 2 : explain SELECT c FROM sbtest2 WHERE id=9811034
	Index Scan using sbtest2_pkey on sbtest2  (cost=0.43..8.45 rows=1 width=121)
	  Index Cond: (id = 9811034)

table 3 : explain SELECT c FROM sbtest3 WHERE id=7854867
	Index Scan using sbtest3_pkey on sbtest3  (cost=0.43..8.45 rows=1 width=121)
	  Index Cond: (id = 7854867)

table 4 : explain SELECT c FROM sbtest4 WHERE id=8376860
	Index Scan using sbtest4_pkey on sbtest4  (cost=0.43..8.45 rows=1 width=121)
	  Index Cond: (id = 8376860)

table 5 : explain SELECT c FROM sbtest5 WHERE id=446727
	Index Scan using sbtest5_pkey on sbtest5  (cost=0.43..8.45 rows=1 width=121)
	  Index Cond: (id = 446727)

table 6 : explain SELECT c FROM sbtest6 WHERE id=7021809
	Index Scan using sbtest6_pkey on sbtest6  (cost=0.43..8.45 rows=1 width=121)
	  Index Cond: (id = 7021809)

table 7 : explain SELECT c FROM sbtest7 WHERE id=9640286
	Index Scan using sbtest7_pkey on sbtest7  (cost=0.43..8.45 rows=1 width=121)
	  Index Cond: (id = 9640286)

table 8 : explain SELECT c FROM sbtest8 WHERE id=5301900
	Index Scan using sbtest8_pkey on sbtest8  (cost=0.43..8.45 rows=1 width=121)
	  Index Cond: (id = 5301900)

for point_selects
table 1 : explain SELECT c FROM sbtest1 WHERE id=8149287
	Index Scan using sbtest1_pkey on sbtest1  (cost=0.43..8.45 rows=1 width=121)
	  Index Cond: (id = 8149287)

table 2 : explain SELECT c FROM sbtest2 WHERE id=2857791
	Index Scan using sbtest2_pkey on sbtest2  (cost=0.43..8.45 rows=1 width=121)
	  Index Cond: (id = 2857791)

table 3 : explain SELECT c FROM sbtest3 WHERE id=5893084
	Index Scan using sbtest3_pkey on sbtest3  (cost=0.43..8.45 rows=1 width=121)
	  Index Cond: (id = 5893084)

table 4 : explain SELECT c FROM sbtest4 WHERE id=7065622
	Index Scan using sbtest4_pkey on sbtest4  (cost=0.43..8.45 rows=1 width=121)
	  Index Cond: (id = 7065622)

table 5 : explain SELECT c FROM sbtest5 WHERE id=8565926
	Index Scan using sbtest5_pkey on sbtest5  (cost=0.43..8.45 rows=1 width=121)
	  Index Cond: (id = 8565926)

table 6 : explain SELECT c FROM sbtest6 WHERE id=8516706
	Index Scan using sbtest6_pkey on sbtest6  (cost=0.43..8.45 rows=1 width=121)
	  Index Cond: (id = 8516706)

table 7 : explain SELECT c FROM sbtest7 WHERE id=6460720
	Index Scan using sbtest7_pkey on sbtest7  (cost=0.43..8.45 rows=1 width=121)
	  Index Cond: (id = 6460720)

table 8 : explain SELECT c FROM sbtest8 WHERE id=2224644
	Index Scan using sbtest8_pkey on sbtest8  (cost=0.43..8.45 rows=1 width=121)
	  Index Cond: (id = 2224644)

explain: for point_selects :: explain SELECT c FROM sbtest%u WHERE id=%u
for point_selects
table 1 : explain SELECT c FROM sbtest1 WHERE id=2461483
	Index Scan using sbtest1_pkey on sbtest1  (cost=0.43..8.45 rows=1 width=121)
	  Index Cond: (id = 2461483)

table 2 : explain SELECT c FROM sbtest2 WHERE id=5618643
	Index Scan using sbtest2_pkey on sbtest2  (cost=0.43..8.45 rows=1 width=121)
	  Index Cond: (id = 5618643)

table 3 : explain SELECT c FROM sbtest3 WHERE id=1993806
	Index Scan using sbtest3_pkey on sbtest3  (cost=0.43..8.45 rows=1 width=121)
	  Index Cond: (id = 1993806)

table 4 : explain SELECT c FROM sbtest4 WHERE id=2865468
	Index Scan using sbtest4_pkey on sbtest4  (cost=0.43..8.45 rows=1 width=121)
	  Index Cond: (id = 2865468)

table 5 : explain SELECT c FROM sbtest5 WHERE id=4848638
	Index Scan using sbtest5_pkey on sbtest5  (cost=0.43..8.45 rows=1 width=121)
	  Index Cond: (id = 4848638)

table 6 : explain SELECT c FROM sbtest6 WHERE id=4286882
	Index Scan using sbtest6_pkey on sbtest6  (cost=0.43..8.45 rows=1 width=121)
	  Index Cond: (id = 4286882)

table 7 : explain SELECT c FROM sbtest7 WHERE id=146310
	Index Scan using sbtest7_pkey on sbtest7  (cost=0.43..8.45 rows=1 width=121)
	  Index Cond: (id = 146310)

table 8 : explain SELECT c FROM sbtest8 WHERE id=1391302
	Index Scan using sbtest8_pkey on sbtest8  (cost=0.43..8.45 rows=1 width=121)
	  Index Cond: (id = 1391302)

explain: for point_selects :: explain SELECT c FROM sbtest%u WHERE id=%u
explain: for point_selects :: explain SELECT c FROM sbtest%u WHERE id=%u
for point_selects
table 1 : explain SELECT c FROM sbtest1 WHERE id=8473499
	Index Scan using sbtest1_pkey on sbtest1  (cost=0.43..8.45 rows=1 width=121)
	  Index Cond: (id = 8473499)

table 2 : explain SELECT c FROM sbtest2 WHERE id=579914
	Index Scan using sbtest2_pkey on sbtest2  (cost=0.43..8.45 rows=1 width=121)
	  Index Cond: (id = 579914)

table 3 : explain SELECT c FROM sbtest3 WHERE id=925719
	Index Scan using sbtest3_pkey on sbtest3  (cost=0.43..8.45 rows=1 width=121)
	  Index Cond: (id = 925719)

table 4 : explain SELECT c FROM sbtest4 WHERE id=9903624
	Index Scan using sbtest4_pkey on sbtest4  (cost=0.43..8.45 rows=1 width=121)
	  Index Cond: (id = 9903624)

table 5 : explain SELECT c FROM sbtest5 WHERE id=7167034
	Index Scan using sbtest5_pkey on sbtest5  (cost=0.43..8.45 rows=1 width=121)
	  Index Cond: (id = 7167034)

table 6 : explain SELECT c FROM sbtest6 WHERE id=1535651
	Index Scan using sbtest6_pkey on sbtest6  (cost=0.43..8.45 rows=1 width=121)
	  Index Cond: (id = 1535651)

table 7 : explain SELECT c FROM sbtest7 WHERE id=4497292
	Index Scan using sbtest7_pkey on sbtest7  (cost=0.43..8.45 rows=1 width=121)
	  Index Cond: (id = 4497292)

table 8 : explain SELECT c FROM sbtest8 WHERE id=6492426
	Index Scan using sbtest8_pkey on sbtest8  (cost=0.43..8.45 rows=1 width=121)
	  Index Cond: (id = 6492426)

explain: for point_selects :: explain SELECT c FROM sbtest%u WHERE id=%u
explain: for point_selects :: explain SELECT c FROM sbtest%u WHERE id=%u
explain: for point_selects :: explain SELECT c FROM sbtest%u WHERE id=%u
explain: for point_selects :: explain SELECT c FROM sbtest%u WHERE id=%u
for point_selects
table 1 : explain SELECT c FROM sbtest1 WHERE id=1267754
	Index Scan using sbtest1_pkey on sbtest1  (cost=0.43..8.45 rows=1 width=121)
	  Index Cond: (id = 1267754)

table 2 : explain SELECT c FROM sbtest2 WHERE id=5401191
	Index Scan using sbtest2_pkey on sbtest2  (cost=0.43..8.45 rows=1 width=121)
	  Index Cond: (id = 5401191)

table 3 : explain SELECT c FROM sbtest3 WHERE id=3053616
	Index Scan using sbtest3_pkey on sbtest3  (cost=0.43..8.45 rows=1 width=121)
	  Index Cond: (id = 3053616)

table 4 : explain SELECT c FROM sbtest4 WHERE id=661070
	Index Scan using sbtest4_pkey on sbtest4  (cost=0.43..8.45 rows=1 width=121)
	  Index Cond: (id = 661070)

table 5 : explain SELECT c FROM sbtest5 WHERE id=2659027
	Index Scan using sbtest5_pkey on sbtest5  (cost=0.43..8.45 rows=1 width=121)
	  Index Cond: (id = 2659027)

table 6 : explain SELECT c FROM sbtest6 WHERE id=6327364
	Index Scan using sbtest6_pkey on sbtest6  (cost=0.43..8.45 rows=1 width=121)
	  Index Cond: (id = 6327364)

table 7 : explain SELECT c FROM sbtest7 WHERE id=2694903
	Index Scan using sbtest7_pkey on sbtest7  (cost=0.43..8.45 rows=1 width=121)
	  Index Cond: (id = 2694903)

table 8 : explain SELECT c FROM sbtest8 WHERE id=3380787
	Index Scan using sbtest8_pkey on sbtest8  (cost=0.43..8.45 rows=1 width=121)
	  Index Cond: (id = 3380787)

for point_selects
table 1 : explain SELECT c FROM sbtest1 WHERE id=1676094
	Index Scan using sbtest1_pkey on sbtest1  (cost=0.43..8.45 rows=1 width=121)
	  Index Cond: (id = 1676094)

table 2 : explain SELECT c FROM sbtest2 WHERE id=6424282
	Index Scan using sbtest2_pkey on sbtest2  (cost=0.43..8.45 rows=1 width=121)
	  Index Cond: (id = 6424282)

table 3 : explain SELECT c FROM sbtest3 WHERE id=755795
	Index Scan using sbtest3_pkey on sbtest3  (cost=0.43..8.45 rows=1 width=121)
	  Index Cond: (id = 755795)

table 4 : explain SELECT c FROM sbtest4 WHERE id=2348787
	Index Scan using sbtest4_pkey on sbtest4  (cost=0.43..8.45 rows=1 width=121)
	  Index Cond: (id = 2348787)

table 5 : explain SELECT c FROM sbtest5 WHERE id=7145495
	Index Scan using sbtest5_pkey on sbtest5  (cost=0.43..8.45 rows=1 width=121)
	  Index Cond: (id = 7145495)

table 6 : explain SELECT c FROM sbtest6 WHERE id=1728212
	Index Scan using sbtest6_pkey on sbtest6  (cost=0.43..8.45 rows=1 width=121)
	  Index Cond: (id = 1728212)

table 7 : explain SELECT c FROM sbtest7 WHERE id=5462554
	Index Scan using sbtest7_pkey on sbtest7  (cost=0.43..8.45 rows=1 width=121)
	  Index Cond: (id = 5462554)

table 8 : explain SELECT c FROM sbtest8 WHERE id=2405393
	Index Scan using sbtest8_pkey on sbtest8  (cost=0.43..8.45 rows=1 width=121)
	  Index Cond: (id = 2405393)

for point_selects
table 1 : explain SELECT c FROM sbtest1 WHERE id=5245606
	Index Scan using sbtest1_pkey on sbtest1  (cost=0.43..8.45 rows=1 width=121)
	  Index Cond: (id = 5245606)

table 2 : explain SELECT c FROM sbtest2 WHERE id=4598930
	Index Scan using sbtest2_pkey on sbtest2  (cost=0.43..8.45 rows=1 width=121)
	  Index Cond: (id = 4598930)

table 3 : explain SELECT c FROM sbtest3 WHERE id=2373165
	Index Scan using sbtest3_pkey on sbtest3  (cost=0.43..8.45 rows=1 width=121)
	  Index Cond: (id = 2373165)

table 4 : explain SELECT c FROM sbtest4 WHERE id=4412337
	Index Scan using sbtest4_pkey on sbtest4  (cost=0.43..8.45 rows=1 width=121)
	  Index Cond: (id = 4412337)

table 5 : explain SELECT c FROM sbtest5 WHERE id=9260505
	Index Scan using sbtest5_pkey on sbtest5  (cost=0.43..8.45 rows=1 width=121)
	  Index Cond: (id = 9260505)

table 6 : explain SELECT c FROM sbtest6 WHERE id=6306829
	Index Scan using sbtest6_pkey on sbtest6  (cost=0.43..8.45 rows=1 width=121)
	  Index Cond: (id = 6306829)

table 7 : explain SELECT c FROM sbtest7 WHERE id=1150608
	Index Scan using sbtest7_pkey on sbtest7  (cost=0.43..8.45 rows=1 width=121)
	  Index Cond: (id = 1150608)

table 8 : explain SELECT c FROM sbtest8 WHERE id=6779974
	Index Scan using sbtest8_pkey on sbtest8  (cost=0.43..8.45 rows=1 width=121)
	  Index Cond: (id = 6779974)

for point_selects
table 1 : explain SELECT c FROM sbtest1 WHERE id=3284050
	Index Scan using sbtest1_pkey on sbtest1  (cost=0.43..8.45 rows=1 width=121)
	  Index Cond: (id = 3284050)

table 2 : explain SELECT c FROM sbtest2 WHERE id=9284448
	Index Scan using sbtest2_pkey on sbtest2  (cost=0.43..8.45 rows=1 width=121)
	  Index Cond: (id = 9284448)

table 3 : explain SELECT c FROM sbtest3 WHERE id=9725033
	Index Scan using sbtest3_pkey on sbtest3  (cost=0.43..8.45 rows=1 width=121)
	  Index Cond: (id = 9725033)

table 4 : explain SELECT c FROM sbtest4 WHERE id=1962377
	Index Scan using sbtest4_pkey on sbtest4  (cost=0.43..8.45 rows=1 width=121)
	  Index Cond: (id = 1962377)

table 5 : explain SELECT c FROM sbtest5 WHERE id=4668323
	Index Scan using sbtest5_pkey on sbtest5  (cost=0.43..8.45 rows=1 width=121)
	  Index Cond: (id = 4668323)

table 6 : explain SELECT c FROM sbtest6 WHERE id=8948203
	Index Scan using sbtest6_pkey on sbtest6  (cost=0.43..8.45 rows=1 width=121)
	  Index Cond: (id = 8948203)

table 7 : explain SELECT c FROM sbtest7 WHERE id=4255962
	Index Scan using sbtest7_pkey on sbtest7  (cost=0.43..8.45 rows=1 width=121)
	  Index Cond: (id = 4255962)

table 8 : explain SELECT c FROM sbtest8 WHERE id=5086097
	Index Scan using sbtest8_pkey on sbtest8  (cost=0.43..8.45 rows=1 width=121)
	  Index Cond: (id = 5086097)

for point_selects
table 1 : explain SELECT c FROM sbtest1 WHERE id=1273518
	Index Scan using sbtest1_pkey on sbtest1  (cost=0.43..8.45 rows=1 width=121)
	  Index Cond: (id = 1273518)

table 2 : explain SELECT c FROM sbtest2 WHERE id=4589590
	Index Scan using sbtest2_pkey on sbtest2  (cost=0.43..8.45 rows=1 width=121)
	  Index Cond: (id = 4589590)

table 3 : explain SELECT c FROM sbtest3 WHERE id=391642
	Index Scan using sbtest3_pkey on sbtest3  (cost=0.43..8.45 rows=1 width=121)
	  Index Cond: (id = 391642)

table 4 : explain SELECT c FROM sbtest4 WHERE id=9306780
	Index Scan using sbtest4_pkey on sbtest4  (cost=0.43..8.45 rows=1 width=121)
	  Index Cond: (id = 9306780)

table 5 : explain SELECT c FROM sbtest5 WHERE id=2530069
	Index Scan using sbtest5_pkey on sbtest5  (cost=0.43..8.45 rows=1 width=121)
	  Index Cond: (id = 2530069)

table 6 : explain SELECT c FROM sbtest6 WHERE id=6153805
	Index Scan using sbtest6_pkey on sbtest6  (cost=0.43..8.45 rows=1 width=121)
	  Index Cond: (id = 6153805)

table 7 : explain SELECT c FROM sbtest7 WHERE id=9639787
	Index Scan using sbtest7_pkey on sbtest7  (cost=0.43..8.45 rows=1 width=121)
	  Index Cond: (id = 9639787)

table 8 : explain SELECT c FROM sbtest8 WHERE id=3231047
	Index Scan using sbtest8_pkey on sbtest8  (cost=0.43..8.45 rows=1 width=121)
	  Index Cond: (id = 3231047)

for point_selects
table 1 : explain SELECT c FROM sbtest1 WHERE id=3353416
	Index Scan using sbtest1_pkey on sbtest1  (cost=0.43..8.45 rows=1 width=121)
	  Index Cond: (id = 3353416)

table 2 : explain SELECT c FROM sbtest2 WHERE id=4195977
	Index Scan using sbtest2_pkey on sbtest2  (cost=0.43..8.45 rows=1 width=121)
	  Index Cond: (id = 4195977)

table 3 : explain SELECT c FROM sbtest3 WHERE id=4000199
	Index Scan using sbtest3_pkey on sbtest3  (cost=0.43..8.45 rows=1 width=121)
	  Index Cond: (id = 4000199)

table 4 : explain SELECT c FROM sbtest4 WHERE id=7443738
	Index Scan using sbtest4_pkey on sbtest4  (cost=0.43..8.45 rows=1 width=121)
	  Index Cond: (id = 7443738)

table 5 : explain SELECT c FROM sbtest5 WHERE id=5643642
	Index Scan using sbtest5_pkey on sbtest5  (cost=0.43..8.45 rows=1 width=121)
	  Index Cond: (id = 5643642)

table 6 : explain SELECT c FROM sbtest6 WHERE id=5681572
	Index Scan using sbtest6_pkey on sbtest6  (cost=0.43..8.45 rows=1 width=121)
	  Index Cond: (id = 5681572)

table 7 : explain SELECT c FROM sbtest7 WHERE id=1493606
	Index Scan using sbtest7_pkey on sbtest7  (cost=0.43..8.45 rows=1 width=121)
	  Index Cond: (id = 1493606)

table 8 : explain SELECT c FROM sbtest8 WHERE id=4798955
	Index Scan using sbtest8_pkey on sbtest8  (cost=0.43..8.45 rows=1 width=121)
	  Index Cond: (id = 4798955)

for point_selects
table 1 : explain SELECT c FROM sbtest1 WHERE id=3959962
	Index Scan using sbtest1_pkey on sbtest1  (cost=0.43..8.45 rows=1 width=121)
	  Index Cond: (id = 3959962)

table 2 : explain SELECT c FROM sbtest2 WHERE id=5513155
	Index Scan using sbtest2_pkey on sbtest2  (cost=0.43..8.45 rows=1 width=121)
	  Index Cond: (id = 5513155)

table 3 : explain SELECT c FROM sbtest3 WHERE id=8908147
	Index Scan using sbtest3_pkey on sbtest3  (cost=0.43..8.45 rows=1 width=121)
	  Index Cond: (id = 8908147)

table 4 : explain SELECT c FROM sbtest4 WHERE id=8038307
	Index Scan using sbtest4_pkey on sbtest4  (cost=0.43..8.45 rows=1 width=121)
	  Index Cond: (id = 8038307)

table 5 : explain SELECT c FROM sbtest5 WHERE id=6288446
	Index Scan using sbtest5_pkey on sbtest5  (cost=0.43..8.45 rows=1 width=121)
	  Index Cond: (id = 6288446)

table 6 : explain SELECT c FROM sbtest6 WHERE id=4658460
	Index Scan using sbtest6_pkey on sbtest6  (cost=0.43..8.45 rows=1 width=121)
	  Index Cond: (id = 4658460)

table 7 : explain SELECT c FROM sbtest7 WHERE id=2998719
	Index Scan using sbtest7_pkey on sbtest7  (cost=0.43..8.45 rows=1 width=121)
	  Index Cond: (id = 2998719)

table 8 : explain SELECT c FROM sbtest8 WHERE id=2542883
	Index Scan using sbtest8_pkey on sbtest8  (cost=0.43..8.45 rows=1 width=121)
	  Index Cond: (id = 2542883)

for point_selects
table 1 : explain SELECT c FROM sbtest1 WHERE id=8010696
	Index Scan using sbtest1_pkey on sbtest1  (cost=0.43..8.45 rows=1 width=121)
	  Index Cond: (id = 8010696)

table 2 : explain SELECT c FROM sbtest2 WHERE id=1432180
	Index Scan using sbtest2_pkey on sbtest2  (cost=0.43..8.45 rows=1 width=121)
	  Index Cond: (id = 1432180)

table 3 : explain SELECT c FROM sbtest3 WHERE id=5411268
	Index Scan using sbtest3_pkey on sbtest3  (cost=0.43..8.45 rows=1 width=121)
	  Index Cond: (id = 5411268)

table 4 : explain SELECT c FROM sbtest4 WHERE id=6172901
	Index Scan using sbtest4_pkey on sbtest4  (cost=0.43..8.45 rows=1 width=121)
	  Index Cond: (id = 6172901)

table 5 : explain SELECT c FROM sbtest5 WHERE id=2310289
	Index Scan using sbtest5_pkey on sbtest5  (cost=0.43..8.45 rows=1 width=121)
	  Index Cond: (id = 2310289)

table 6 : explain SELECT c FROM sbtest6 WHERE id=2224490
	Index Scan using sbtest6_pkey on sbtest6  (cost=0.43..8.45 rows=1 width=121)
	  Index Cond: (id = 2224490)

table 7 : explain SELECT c FROM sbtest7 WHERE id=492688
	Index Scan using sbtest7_pkey on sbtest7  (cost=0.43..8.45 rows=1 width=121)
	  Index Cond: (id = 492688)

table 8 : explain SELECT c FROM sbtest8 WHERE id=8003765
	Index Scan using sbtest8_pkey on sbtest8  (cost=0.43..8.45 rows=1 width=121)
	  Index Cond: (id = 8003765)

for point_selects
table 1 : explain SELECT c FROM sbtest1 WHERE id=3394125
	Index Scan using sbtest1_pkey on sbtest1  (cost=0.43..8.45 rows=1 width=121)
	  Index Cond: (id = 3394125)

table 2 : explain SELECT c FROM sbtest2 WHERE id=2544726
	Index Scan using sbtest2_pkey on sbtest2  (cost=0.43..8.45 rows=1 width=121)
	  Index Cond: (id = 2544726)

table 3 : explain SELECT c FROM sbtest3 WHERE id=8940558
	Index Scan using sbtest3_pkey on sbtest3  (cost=0.43..8.45 rows=1 width=121)
	  Index Cond: (id = 8940558)

table 4 : explain SELECT c FROM sbtest4 WHERE id=2045857
	Index Scan using sbtest4_pkey on sbtest4  (cost=0.43..8.45 rows=1 width=121)
	  Index Cond: (id = 2045857)

table 5 : explain SELECT c FROM sbtest5 WHERE id=8740741
	Index Scan using sbtest5_pkey on sbtest5  (cost=0.43..8.45 rows=1 width=121)
	  Index Cond: (id = 8740741)

table 6 : explain SELECT c FROM sbtest6 WHERE id=3345368
	Index Scan using sbtest6_pkey on sbtest6  (cost=0.43..8.45 rows=1 width=121)
	  Index Cond: (id = 3345368)

table 7 : explain SELECT c FROM sbtest7 WHERE id=6157113
	Index Scan using sbtest7_pkey on sbtest7  (cost=0.43..8.45 rows=1 width=121)
	  Index Cond: (id = 6157113)

table 8 : explain SELECT c FROM sbtest8 WHERE id=3409375
	Index Scan using sbtest8_pkey on sbtest8  (cost=0.43..8.45 rows=1 width=121)
	  Index Cond: (id = 3409375)

for point_selects
table 1 : explain SELECT c FROM sbtest1 WHERE id=5606919
	Index Scan using sbtest1_pkey on sbtest1  (cost=0.43..8.45 rows=1 width=121)
	  Index Cond: (id = 5606919)

table 2 : explain SELECT c FROM sbtest2 WHERE id=8212245
	Index Scan using sbtest2_pkey on sbtest2  (cost=0.43..8.45 rows=1 width=121)
	  Index Cond: (id = 8212245)

table 3 : explain SELECT c FROM sbtest3 WHERE id=1320749
	Index Scan using sbtest3_pkey on sbtest3  (cost=0.43..8.45 rows=1 width=121)
	  Index Cond: (id = 1320749)

table 4 : explain SELECT c FROM sbtest4 WHERE id=8541140
	Index Scan using sbtest4_pkey on sbtest4  (cost=0.43..8.45 rows=1 width=121)
	  Index Cond: (id = 8541140)

table 5 : explain SELECT c FROM sbtest5 WHERE id=3773459
	Index Scan using sbtest5_pkey on sbtest5  (cost=0.43..8.45 rows=1 width=121)
	  Index Cond: (id = 3773459)

table 6 : explain SELECT c FROM sbtest6 WHERE id=9015451
	Index Scan using sbtest6_pkey on sbtest6  (cost=0.43..8.45 rows=1 width=121)
	  Index Cond: (id = 9015451)

table 7 : explain SELECT c FROM sbtest7 WHERE id=5993963
	Index Scan using sbtest7_pkey on sbtest7  (cost=0.43..8.45 rows=1 width=121)
	  Index Cond: (id = 5993963)

table 8 : explain SELECT c FROM sbtest8 WHERE id=9305219
	Index Scan using sbtest8_pkey on sbtest8  (cost=0.43..8.45 rows=1 width=121)
	  Index Cond: (id = 9305219)

for point_selects
table 1 : explain SELECT c FROM sbtest1 WHERE id=498753
	Index Scan using sbtest1_pkey on sbtest1  (cost=0.43..8.45 rows=1 width=121)
	  Index Cond: (id = 498753)

table 2 : explain SELECT c FROM sbtest2 WHERE id=7098702
	Index Scan using sbtest2_pkey on sbtest2  (cost=0.43..8.45 rows=1 width=121)
	  Index Cond: (id = 7098702)

table 3 : explain SELECT c FROM sbtest3 WHERE id=520796
	Index Scan using sbtest3_pkey on sbtest3  (cost=0.43..8.45 rows=1 width=121)
	  Index Cond: (id = 520796)

table 4 : explain SELECT c FROM sbtest4 WHERE id=1523717
	Index Scan using sbtest4_pkey on sbtest4  (cost=0.43..8.45 rows=1 width=121)
	  Index Cond: (id = 1523717)

table 5 : explain SELECT c FROM sbtest5 WHERE id=7264291
	Index Scan using sbtest5_pkey on sbtest5  (cost=0.43..8.45 rows=1 width=121)
	  Index Cond: (id = 7264291)

table 6 : explain SELECT c FROM sbtest6 WHERE id=2662525
	Index Scan using sbtest6_pkey on sbtest6  (cost=0.43..8.45 rows=1 width=121)
	  Index Cond: (id = 2662525)

table 7 : explain SELECT c FROM sbtest7 WHERE id=5165392
	Index Scan using sbtest7_pkey on sbtest7  (cost=0.43..8.45 rows=1 width=121)
	  Index Cond: (id = 5165392)

table 8 : explain SELECT c FROM sbtest8 WHERE id=2822832
	Index Scan using sbtest8_pkey on sbtest8  (cost=0.43..8.45 rows=1 width=121)
	  Index Cond: (id = 2822832)

for point_selects
table 1 : explain SELECT c FROM sbtest1 WHERE id=8284294
	Index Scan using sbtest1_pkey on sbtest1  (cost=0.43..8.45 rows=1 width=121)
	  Index Cond: (id = 8284294)

table 2 : explain SELECT c FROM sbtest2 WHERE id=1715561
	Index Scan using sbtest2_pkey on sbtest2  (cost=0.43..8.45 rows=1 width=121)
	  Index Cond: (id = 1715561)

table 3 : explain SELECT c FROM sbtest3 WHERE id=1839011
	Index Scan using sbtest3_pkey on sbtest3  (cost=0.43..8.45 rows=1 width=121)
	  Index Cond: (id = 1839011)

table 4 : explain SELECT c FROM sbtest4 WHERE id=5557524
	Index Scan using sbtest4_pkey on sbtest4  (cost=0.43..8.45 rows=1 width=121)
	  Index Cond: (id = 5557524)

table 5 : explain SELECT c FROM sbtest5 WHERE id=5080210
	Index Scan using sbtest5_pkey on sbtest5  (cost=0.43..8.45 rows=1 width=121)
	  Index Cond: (id = 5080210)

table 6 : explain SELECT c FROM sbtest6 WHERE id=3959889
	Index Scan using sbtest6_pkey on sbtest6  (cost=0.43..8.45 rows=1 width=121)
	  Index Cond: (id = 3959889)

table 7 : explain SELECT c FROM sbtest7 WHERE id=1268451
	Index Scan using sbtest7_pkey on sbtest7  (cost=0.43..8.45 rows=1 width=121)
	  Index Cond: (id = 1268451)

table 8 : explain SELECT c FROM sbtest8 WHERE id=4188397
	Index Scan using sbtest8_pkey on sbtest8  (cost=0.43..8.45 rows=1 width=121)
	  Index Cond: (id = 4188397)

for point_selects
table 1 : explain SELECT c FROM sbtest1 WHERE id=2779513
	Index Scan using sbtest1_pkey on sbtest1  (cost=0.43..8.45 rows=1 width=121)
	  Index Cond: (id = 2779513)

table 2 : explain SELECT c FROM sbtest2 WHERE id=4647889
	Index Scan using sbtest2_pkey on sbtest2  (cost=0.43..8.45 rows=1 width=121)
	  Index Cond: (id = 4647889)

table 3 : explain SELECT c FROM sbtest3 WHERE id=8574196
	Index Scan using sbtest3_pkey on sbtest3  (cost=0.43..8.45 rows=1 width=121)
	  Index Cond: (id = 8574196)

table 4 : explain SELECT c FROM sbtest4 WHERE id=2371583
	Index Scan using sbtest4_pkey on sbtest4  (cost=0.43..8.45 rows=1 width=121)
	  Index Cond: (id = 2371583)

table 5 : explain SELECT c FROM sbtest5 WHERE id=2356366
	Index Scan using sbtest5_pkey on sbtest5  (cost=0.43..8.45 rows=1 width=121)
	  Index Cond: (id = 2356366)

table 6 : explain SELECT c FROM sbtest6 WHERE id=8315656
	Index Scan using sbtest6_pkey on sbtest6  (cost=0.43..8.45 rows=1 width=121)
	  Index Cond: (id = 8315656)

table 7 : explain SELECT c FROM sbtest7 WHERE id=3029642
	Index Scan using sbtest7_pkey on sbtest7  (cost=0.43..8.45 rows=1 width=121)
	  Index Cond: (id = 3029642)

table 8 : explain SELECT c FROM sbtest8 WHERE id=9958264
	Index Scan using sbtest8_pkey on sbtest8  (cost=0.43..8.45 rows=1 width=121)
	  Index Cond: (id = 9958264)

for point_selects
table 1 : explain SELECT c FROM sbtest1 WHERE id=5582554
	Index Scan using sbtest1_pkey on sbtest1  (cost=0.43..8.45 rows=1 width=121)
	  Index Cond: (id = 5582554)

table 2 : explain SELECT c FROM sbtest2 WHERE id=6472564
	Index Scan using sbtest2_pkey on sbtest2  (cost=0.43..8.45 rows=1 width=121)
	  Index Cond: (id = 6472564)

table 3 : explain SELECT c FROM sbtest3 WHERE id=265193
	Index Scan using sbtest3_pkey on sbtest3  (cost=0.43..8.45 rows=1 width=121)
	  Index Cond: (id = 265193)

table 4 : explain SELECT c FROM sbtest4 WHERE id=4597882
	Index Scan using sbtest4_pkey on sbtest4  (cost=0.43..8.45 rows=1 width=121)
	  Index Cond: (id = 4597882)

table 5 : explain SELECT c FROM sbtest5 WHERE id=2790971
	Index Scan using sbtest5_pkey on sbtest5  (cost=0.43..8.45 rows=1 width=121)
	  Index Cond: (id = 2790971)

table 6 : explain SELECT c FROM sbtest6 WHERE id=5292893
	Index Scan using sbtest6_pkey on sbtest6  (cost=0.43..8.45 rows=1 width=121)
	  Index Cond: (id = 5292893)

table 7 : explain SELECT c FROM sbtest7 WHERE id=9925612
	Index Scan using sbtest7_pkey on sbtest7  (cost=0.43..8.45 rows=1 width=121)
	  Index Cond: (id = 9925612)

table 8 : explain SELECT c FROM sbtest8 WHERE id=2396062
	Index Scan using sbtest8_pkey on sbtest8  (cost=0.43..8.45 rows=1 width=121)
	  Index Cond: (id = 2396062)

for point_selects
table 1 : explain SELECT c FROM sbtest1 WHERE id=4741304
	Index Scan using sbtest1_pkey on sbtest1  (cost=0.43..8.45 rows=1 width=121)
	  Index Cond: (id = 4741304)

table 2 : explain SELECT c FROM sbtest2 WHERE id=5399655
	Index Scan using sbtest2_pkey on sbtest2  (cost=0.43..8.45 rows=1 width=121)
	  Index Cond: (id = 5399655)

table 3 : explain SELECT c FROM sbtest3 WHERE id=1767012
	Index Scan using sbtest3_pkey on sbtest3  (cost=0.43..8.45 rows=1 width=121)
	  Index Cond: (id = 1767012)

table 4 : explain SELECT c FROM sbtest4 WHERE id=7087354
	Index Scan using sbtest4_pkey on sbtest4  (cost=0.43..8.45 rows=1 width=121)
	  Index Cond: (id = 7087354)

table 5 : explain SELECT c FROM sbtest5 WHERE id=5051752
	Index Scan using sbtest5_pkey on sbtest5  (cost=0.43..8.45 rows=1 width=121)
	  Index Cond: (id = 5051752)

table 6 : explain SELECT c FROM sbtest6 WHERE id=3440792
	Index Scan using sbtest6_pkey on sbtest6  (cost=0.43..8.45 rows=1 width=121)
	  Index Cond: (id = 3440792)

table 7 : explain SELECT c FROM sbtest7 WHERE id=3283743
	Index Scan using sbtest7_pkey on sbtest7  (cost=0.43..8.45 rows=1 width=121)
	  Index Cond: (id = 3283743)

table 8 : explain SELECT c FROM sbtest8 WHERE id=4736118
	Index Scan using sbtest8_pkey on sbtest8  (cost=0.43..8.45 rows=1 width=121)
	  Index Cond: (id = 4736118)

for point_selects
table 1 : explain SELECT c FROM sbtest1 WHERE id=3248390
	Index Scan using sbtest1_pkey on sbtest1  (cost=0.43..8.45 rows=1 width=121)
	  Index Cond: (id = 3248390)

table 2 : explain SELECT c FROM sbtest2 WHERE id=846867
	Index Scan using sbtest2_pkey on sbtest2  (cost=0.43..8.45 rows=1 width=121)
	  Index Cond: (id = 846867)

table 3 : explain SELECT c FROM sbtest3 WHERE id=1452277
	Index Scan using sbtest3_pkey on sbtest3  (cost=0.43..8.45 rows=1 width=121)
	  Index Cond: (id = 1452277)

table 4 : explain SELECT c FROM sbtest4 WHERE id=1865635
	Index Scan using sbtest4_pkey on sbtest4  (cost=0.43..8.45 rows=1 width=121)
	  Index Cond: (id = 1865635)

table 5 : explain SELECT c FROM sbtest5 WHERE id=915926
	Index Scan using sbtest5_pkey on sbtest5  (cost=0.43..8.45 rows=1 width=121)
	  Index Cond: (id = 915926)

table 6 : explain SELECT c FROM sbtest6 WHERE id=958869
	Index Scan using sbtest6_pkey on sbtest6  (cost=0.43..8.45 rows=1 width=121)
	  Index Cond: (id = 958869)

table 7 : explain SELECT c FROM sbtest7 WHERE id=4533217
	Index Scan using sbtest7_pkey on sbtest7  (cost=0.43..8.45 rows=1 width=121)
	  Index Cond: (id = 4533217)

table 8 : explain SELECT c FROM sbtest8 WHERE id=8420088
	Index Scan using sbtest8_pkey on sbtest8  (cost=0.43..8.45 rows=1 width=121)
	  Index Cond: (id = 8420088)

for point_selects
table 1 : explain SELECT c FROM sbtest1 WHERE id=508814
	Index Scan using sbtest1_pkey on sbtest1  (cost=0.43..8.45 rows=1 width=121)
	  Index Cond: (id = 508814)

table 2 : explain SELECT c FROM sbtest2 WHERE id=8922248
	Index Scan using sbtest2_pkey on sbtest2  (cost=0.43..8.45 rows=1 width=121)
	  Index Cond: (id = 8922248)

table 3 : explain SELECT c FROM sbtest3 WHERE id=6295690
	Index Scan using sbtest3_pkey on sbtest3  (cost=0.43..8.45 rows=1 width=121)
	  Index Cond: (id = 6295690)

table 4 : explain SELECT c FROM sbtest4 WHERE id=8631979
	Index Scan using sbtest4_pkey on sbtest4  (cost=0.43..8.45 rows=1 width=121)
	  Index Cond: (id = 8631979)

table 5 : explain SELECT c FROM sbtest5 WHERE id=37577
	Index Scan using sbtest5_pkey on sbtest5  (cost=0.43..8.45 rows=1 width=121)
	  Index Cond: (id = 37577)

table 6 : explain SELECT c FROM sbtest6 WHERE id=4018647
	Index Scan using sbtest6_pkey on sbtest6  (cost=0.43..8.45 rows=1 width=121)
	  Index Cond: (id = 4018647)

table 7 : explain SELECT c FROM sbtest7 WHERE id=7387233
	Index Scan using sbtest7_pkey on sbtest7  (cost=0.43..8.45 rows=1 width=121)
	  Index Cond: (id = 7387233)

table 8 : explain SELECT c FROM sbtest8 WHERE id=9504807
	Index Scan using sbtest8_pkey on sbtest8  (cost=0.43..8.45 rows=1 width=121)
	  Index Cond: (id = 9504807)

for point_selects
table 1 : explain SELECT c FROM sbtest1 WHERE id=2372358
	Index Scan using sbtest1_pkey on sbtest1  (cost=0.43..8.45 rows=1 width=121)
	  Index Cond: (id = 2372358)

table 2 : explain SELECT c FROM sbtest2 WHERE id=5706194
	Index Scan using sbtest2_pkey on sbtest2  (cost=0.43..8.45 rows=1 width=121)
	  Index Cond: (id = 5706194)

table 3 : explain SELECT c FROM sbtest3 WHERE id=1056753
	Index Scan using sbtest3_pkey on sbtest3  (cost=0.43..8.45 rows=1 width=121)
	  Index Cond: (id = 1056753)

table 4 : explain SELECT c FROM sbtest4 WHERE id=8640093
	Index Scan using sbtest4_pkey on sbtest4  (cost=0.43..8.45 rows=1 width=121)
	  Index Cond: (id = 8640093)

table 5 : explain SELECT c FROM sbtest5 WHERE id=3902377
	Index Scan using sbtest5_pkey on sbtest5  (cost=0.43..8.45 rows=1 width=121)
	  Index Cond: (id = 3902377)

table 6 : explain SELECT c FROM sbtest6 WHERE id=8083387
	Index Scan using sbtest6_pkey on sbtest6  (cost=0.43..8.45 rows=1 width=121)
	  Index Cond: (id = 8083387)

table 7 : explain SELECT c FROM sbtest7 WHERE id=6068615
	Index Scan using sbtest7_pkey on sbtest7  (cost=0.43..8.45 rows=1 width=121)
	  Index Cond: (id = 6068615)

table 8 : explain SELECT c FROM sbtest8 WHERE id=8843888
	Index Scan using sbtest8_pkey on sbtest8  (cost=0.43..8.45 rows=1 width=121)
	  Index Cond: (id = 8843888)

for point_selects
table 1 : explain SELECT c FROM sbtest1 WHERE id=5780581
	Index Scan using sbtest1_pkey on sbtest1  (cost=0.43..8.45 rows=1 width=121)
	  Index Cond: (id = 5780581)

table 2 : explain SELECT c FROM sbtest2 WHERE id=9040747
	Index Scan using sbtest2_pkey on sbtest2  (cost=0.43..8.45 rows=1 width=121)
	  Index Cond: (id = 9040747)

table 3 : explain SELECT c FROM sbtest3 WHERE id=9319432
	Index Scan using sbtest3_pkey on sbtest3  (cost=0.43..8.45 rows=1 width=121)
	  Index Cond: (id = 9319432)

table 4 : explain SELECT c FROM sbtest4 WHERE id=600223
	Index Scan using sbtest4_pkey on sbtest4  (cost=0.43..8.45 rows=1 width=121)
	  Index Cond: (id = 600223)

table 5 : explain SELECT c FROM sbtest5 WHERE id=1001525
	Index Scan using sbtest5_pkey on sbtest5  (cost=0.43..8.45 rows=1 width=121)
	  Index Cond: (id = 1001525)

table 6 : explain SELECT c FROM sbtest6 WHERE id=5504775
	Index Scan using sbtest6_pkey on sbtest6  (cost=0.43..8.45 rows=1 width=121)
	  Index Cond: (id = 5504775)

table 7 : explain SELECT c FROM sbtest7 WHERE id=8499157
	Index Scan using sbtest7_pkey on sbtest7  (cost=0.43..8.45 rows=1 width=121)
	  Index Cond: (id = 8499157)

table 8 : explain SELECT c FROM sbtest8 WHERE id=3427938
	Index Scan using sbtest8_pkey on sbtest8  (cost=0.43..8.45 rows=1 width=121)
	  Index Cond: (id = 3427938)

Threads started!

Warming up for 5 seconds...

SQL statistics:
    queries performed:
        read:                            670798621
        write:                           0
        other:                           0
        total:                           670798621
    transactions:                        670798621 (1064738.95 per sec.)
    queries:                             670798621 (1064738.95 per sec.)
    ignored errors:                      0      (0.00 per sec.)
    reconnects:                          0      (0.00 per sec.)

Throughput:
    events/s (eps):                      1064738.9481
    time elapsed:                        630.0124s
    total number of events:              670798621

Latency (ms):
         min:                                    0.03
         avg:                                    0.04
         max:                                   16.08
         95th percentile:                        0.04
         sum:                             25016153.36

Threads fairness:
    events (avg/stddev):           16769945.2750/237253.63
    execution time (avg/stddev):   625.4038/0.05

