LUA_PATH=/home/mdcallag/git/mytools/bench/sysbench.lua/lua/?.lua /home/mdcallag/git/mytools/bench/sysbench.lua/lua/sysbench --db-driver=pgsql --range-size=1000 --table-size=10000000 --tables=8 --threads=40 --events=0 --warmup-time=5 --time=630 --pgsql_conn_id=true /home/mdcallag/git/mytools/bench/sysbench.lua/lua/oltp_read_only.lua run --pgsql-user=root --pgsql-password=pw --pgsql-host=127.0.0.1 --pgsql-db=ib --rand-type=uniform --simple-ranges=0 --sum-ranges=0 --order-ranges=1 --distinct-ranges=0
48 CPUs
sysbench 1.1.0-9072687 (using bundled LuaJIT 2.1.0-beta3)

Running the test with following options:
Number of threads: 40
Warmup time: 5s
Initializing random number generator from current time


Initializing worker threads...

explain: for point_selects :: explain SELECT c FROM sbtest%u WHERE id=%u
explain: for point_selects :: explain SELECT c FROM sbtest%u WHERE id=%u
explain: for point_selects :: explain SELECT c FROM sbtest%u WHERE id=%u
explain: for point_selects :: explain SELECT c FROM sbtest%u WHERE id=%u
explain: for point_selects :: explain SELECT c FROM sbtest%u WHERE id=%u
for point_selects
table 1 : explain SELECT c FROM sbtest1 WHERE id=1183127
	Index Scan using sbtest1_pkey on sbtest1  (cost=0.43..8.45 rows=1 width=121)
	  Index Cond: (id = 1183127)

table 2 : explain SELECT c FROM sbtest2 WHERE id=7404917
	Index Scan using sbtest2_pkey on sbtest2  (cost=0.43..8.45 rows=1 width=121)
	  Index Cond: (id = 7404917)

table 3 : explain SELECT c FROM sbtest3 WHERE id=5699903
	Index Scan using sbtest3_pkey on sbtest3  (cost=0.43..8.45 rows=1 width=121)
	  Index Cond: (id = 5699903)

table 4 : explain SELECT c FROM sbtest4 WHERE id=9730798
	Index Scan using sbtest4_pkey on sbtest4  (cost=0.43..8.45 rows=1 width=121)
	  Index Cond: (id = 9730798)

table 5 : explain SELECT c FROM sbtest5 WHERE id=2352628
	Index Scan using sbtest5_pkey on sbtest5  (cost=0.43..8.45 rows=1 width=121)
	  Index Cond: (id = 2352628)

table 6 : explain SELECT c FROM sbtest6 WHERE id=4598556
	Index Scan using sbtest6_pkey on sbtest6  (cost=0.43..8.45 rows=1 width=121)
	  Index Cond: (id = 4598556)

table 7 : explain SELECT c FROM sbtest7 WHERE id=7942311
	Index Scan using sbtest7_pkey on sbtest7  (cost=0.43..8.45 rows=1 width=121)
	  Index Cond: (id = 7942311)

table 8 : explain SELECT c FROM sbtest8 WHERE id=4871626
	Index Scan using sbtest8_pkey on sbtest8  (cost=0.43..8.45 rows=1 width=121)
	  Index Cond: (id = 4871626)
for point_selects
table 1 : explain SELECT c FROM sbtest1 WHERE id=8291068
	Index Scan using sbtest1_pkey on sbtest1  (cost=0.43..8.45 rows=1 width=121)
	  Index Cond: (id = 8291068)

table 2 : explain SELECT c FROM sbtest2 WHERE id=3435385
	Index Scan using sbtest2_pkey on sbtest2  (cost=0.43..8.45 rows=1 width=121)
	  Index Cond: (id = 3435385)

table 3 : explain SELECT c FROM sbtest3 WHERE id=2141378
	Index Scan using sbtest3_pkey on sbtest3  (cost=0.43..8.45 rows=1 width=121)
	  Index Cond: (id = 2141378)

table 4 : explain SELECT c FROM sbtest4 WHERE id=6192746
	Index Scan using sbtest4_pkey on sbtest4  (cost=0.43..8.45 rows=1 width=121)
	  Index Cond: (id = 6192746)

table 5 : explain SELECT c FROM sbtest5 WHERE id=3364358
	Index Scan using sbtest5_pkey on sbtest5  (cost=0.43..8.45 rows=1 width=121)
	  Index Cond: (id = 3364358)

table 6 : explain SELECT c FROM sbtest6 WHERE id=9408632
	Index Scan using sbtest6_pkey on sbtest6  (cost=0.43..8.45 rows=1 width=121)
	  Index Cond: (id = 9408632)

table 7 : explain SELECT c FROM sbtest7 WHERE id=6561442
	Index Scan using sbtest7_pkey on sbtest7  (cost=0.43..8.45 rows=1 width=121)
	  Index Cond: (id = 6561442)

table 8 : explain SELECT c FROM sbtest8 WHERE id=835953
	Index Scan using sbtest8_pkey on sbtest8  (cost=0.43..8.45 rows=1 width=121)
	  Index Cond: (id = 835953)


explain: for point_selects :: explain SELECT c FROM sbtest%u WHERE id=%u
for point_selects
table 1 : explain SELECT c FROM sbtest1 WHERE id=4359247
	Index Scan using sbtest1_pkey on sbtest1  (cost=0.43..8.45 rows=1 width=121)
	  Index Cond: (id = 4359247)

table 2 : explain SELECT c FROM sbtest2 WHERE id=44939
	Index Scan using sbtest2_pkey on sbtest2  (cost=0.43..8.45 rows=1 width=121)
	  Index Cond: (id = 44939)

table 3 : explain SELECT c FROM sbtest3 WHERE id=6934078
	Index Scan using sbtest3_pkey on sbtest3  (cost=0.43..8.45 rows=1 width=121)
	  Index Cond: (id = 6934078)

table 4 : explain SELECT c FROM sbtest4 WHERE id=354612
	Index Scan using sbtest4_pkey on sbtest4  (cost=0.43..8.45 rows=1 width=121)
	  Index Cond: (id = 354612)

table 5 : explain SELECT c FROM sbtest5 WHERE id=2531213
	Index Scan using sbtest5_pkey on sbtest5  (cost=0.43..8.45 rows=1 width=121)
	  Index Cond: (id = 2531213)

table 6 : explain SELECT c FROM sbtest6 WHERE id=1597610
	Index Scan using sbtest6_pkey on sbtest6  (cost=0.43..8.45 rows=1 width=121)
	  Index Cond: (id = 1597610)

table 7 : explain SELECT c FROM sbtest7 WHERE id=8341787
	Index Scan using sbtest7_pkey on sbtest7  (cost=0.43..8.45 rows=1 width=121)
	  Index Cond: (id = 8341787)

table 8 : explain SELECT c FROM sbtest8 WHERE id=7541958
	Index Scan using sbtest8_pkey on sbtest8  (cost=0.43..8.45 rows=1 width=121)
	  Index Cond: (id = 7541958)

explain: for point_selects :: explain SELECT c FROM sbtest%u WHERE id=%u
for: simple_ranges
table 1 : explain SELECT c FROM sbtest1 WHERE id BETWEEN 6230156 AND 6231155
	Bitmap Heap Scan on sbtest1  (cost=22.70..3862.78 rows=1001 width=121)
	  Recheck Cond: ((id >= 6230156) AND (id <= 6231155))
	  ->  Bitmap Index Scan on sbtest1_pkey  (cost=0.00..22.44 rows=1001 width=0)
	        Index Cond: ((id >= 6230156) AND (id <= 6231155))

table 2 : explain SELECT c FROM sbtest2 WHERE id BETWEEN 9793279 AND 9794278
	Bitmap Heap Scan on sbtest2  (cost=22.71..3866.66 rows=1002 width=121)
	  Recheck Cond: ((id >= 9793279) AND (id <= 9794278))
	  ->  Bitmap Index Scan on sbtest2_pkey  (cost=0.00..22.45 rows=1002 width=0)
	        Index Cond: ((id >= 9793279) AND (id <= 9794278))

table 3 : explain SELECT c FROM sbtest3 WHERE id BETWEEN 1953119 AND 1954118
	Bitmap Heap Scan on sbtest3  (cost=22.58..3821.85 rows=990 width=121)
	  Recheck Cond: ((id >= 1953119) AND (id <= 1954118))
	  ->  Bitmap Index Scan on sbtest3_pkey  (cost=0.00..22.33 rows=990 width=0)
	        Index Cond: ((id >= 1953119) AND (id <= 1954118))

table 4 : explain SELECT c FROM sbtest4 WHERE id BETWEEN 7946380 AND 7947379
	Bitmap Heap Scan on sbtest4  (cost=27.63..4205.79 rows=1092 width=121)
	  Recheck Cond: ((id >= 7946380) AND (id <= 7947379))
	  ->  Bitmap Index Scan on sbtest4_pkey  (cost=0.00..27.36 rows=1092 width=0)
	        Index Cond: ((id >= 7946380) AND (id <= 7947379))

table 5 : explain SELECT c FROM sbtest5 WHERE id BETWEEN 8320468 AND 8321467
	Bitmap Heap Scan on sbtest5  (cost=21.96..3592.30 rows=929 width=121)
	  Recheck Cond: ((id >= 8320468) AND (id <= 8321467))
	  ->  Bitmap Index Scan on sbtest5_pkey  (cost=0.00..21.72 rows=929 width=0)
	        Index Cond: ((id >= 8320468) AND (id <= 8321467))

table 6 : explain SELECT c FROM sbtest6 WHERE id BETWEEN 6842448 AND 6843447
	Bitmap Heap Scan on sbtest6  (cost=27.55..4180.79 rows=1084 width=121)
	  Recheck Cond: ((id >= 6842448) AND (id <= 6843447))
	  ->  Bitmap Index Scan on sbtest6_pkey  (cost=0.00..27.27 rows=1084 width=0)
	        Index Cond: ((id >= 6842448) AND (id <= 6843447))

table 7 : explain SELECT c FROM sbtest7 WHERE id BETWEEN 4794062 AND 4795061
	Bitmap Heap Scan on sbtest7  (cost=22.65..3849.21 rows=997 width=121)
	  Recheck Cond: ((id >= 4794062) AND (id <= 4795061))
	  ->  Bitmap Index Scan on sbtest7_pkey  (cost=0.00..22.40 rows=997 width=0)
	        Index Cond: ((id >= 4794062) AND (id <= 4795061))

table 8 : explain SELECT c FROM sbtest8 WHERE id BETWEEN 4321228 AND 4322227
	Bitmap Heap Scan on sbtest8  (cost=22.06..3631.62 rows=939 width=121)
	  Recheck Cond: ((id >= 4321228) AND (id <= 4322227))
	  ->  Bitmap Index Scan on sbtest8_pkey  (cost=0.00..21.82 rows=939 width=0)
	        Index Cond: ((id >= 4321228) AND (id <= 4322227))

for: simple_ranges
table 1 : explain SELECT c FROM sbtest1 WHERE id BETWEEN 5681445 AND 5682444
	Bitmap Heap Scan on sbtest1  (cost=22.25..3700.86 rows=958 width=121)
	  Recheck Cond: ((id >= 5681445) AND (id <= 5682444))
	  ->  Bitmap Index Scan on sbtest1_pkey  (cost=0.00..22.01 rows=958 width=0)
	        Index Cond: ((id >= 5681445) AND (id <= 5682444))

table 2 : explain SELECT c FROM sbtest2 WHERE id BETWEEN 1925336 AND 1926335
	Bitmap Heap Scan on sbtest2  (cost=22.41..3757.48 rows=973 width=121)
	  Recheck Cond: ((id >= 1925336) AND (id <= 1926335))
	  ->  Bitmap Index Scan on sbtest2_pkey  (cost=0.00..22.16 rows=973 width=0)
	        Index Cond: ((id >= 1925336) AND (id <= 1926335))

table 3 : explain SELECT c FROM sbtest3 WHERE id BETWEEN 1245870 AND 1246869
	Bitmap Heap Scan on sbtest3  (cost=22.58..3821.85 rows=990 width=121)
	  Recheck Cond: ((id >= 1245870) AND (id <= 1246869))
	  ->  Bitmap Index Scan on sbtest3_pkey  (cost=0.00..22.33 rows=990 width=0)
	        Index Cond: ((id >= 1245870) AND (id <= 1246869))

table 4 : explain SELECT c FROM sbtest4 WHERE id BETWEEN 2750356 AND 2751355
	Bitmap Heap Scan on sbtest4  (cost=22.56..3814.59 rows=988 width=121)
	  Recheck Cond: ((id >= 2750356) AND (id <= 2751355))
	  ->  Bitmap Index Scan on sbtest4_pkey  (cost=0.00..22.32 rows=988 width=0)
	        Index Cond: ((id >= 2750356) AND (id <= 2751355))

table 5 : explain SELECT c FROM sbtest5 WHERE id BETWEEN 9097251 AND 9098250
	Bitmap Heap Scan on sbtest5  (cost=21.94..3584.75 rows=927 width=121)
	  Recheck Cond: ((id >= 9097251) AND (id <= 9098250))
	  ->  Bitmap Index Scan on sbtest5_pkey  (cost=0.00..21.70 rows=927 width=0)
	        Index Cond: ((id >= 9097251) AND (id <= 9098250))

table 6 : explain SELECT c FROM sbtest6 WHERE id BETWEEN 9394664 AND 9395663
	Bitmap Heap Scan on sbtest6  (cost=21.78..3529.01 rows=912 width=121)
	  Recheck Cond: ((id >= 9394664) AND (id <= 9395663))
	  ->  Bitmap Index Scan on sbtest6_pkey  (cost=0.00..21.55 rows=912 width=0)
	        Index Cond: ((id >= 9394664) AND (id <= 9395663))

table 7 : explain SELECT c FROM sbtest7 WHERE id BETWEEN 7135486 AND 7136485
	Bitmap Heap Scan on sbtest7  (cost=23.57..4183.84 rows=1086 width=121)
	  Recheck Cond: ((id >= 7135486) AND (id <= 7136485))
	  ->  Bitmap Index Scan on sbtest7_pkey  (cost=0.00..23.29 rows=1086 width=0)
	        Index Cond: ((id >= 7135486) AND (id <= 7136485))

table 8 : explain SELECT c FROM sbtest8 WHERE id BETWEEN 4889893 AND 4890892
	Bitmap Heap Scan on sbtest8  (cost=23.21..4053.60 rows=1051 width=121)
	  Recheck Cond: ((id >= 4889893) AND (id <= 4890892))
	  ->  Bitmap Index Scan on sbtest8_pkey  (cost=0.00..22.94 rows=1051 width=0)
	        Index Cond: ((id >= 4889893) AND (id <= 4890892))

for point_selects
table 1 : explain SELECT c FROM sbtest1 WHERE id=7709174
	Index Scan using sbtest1_pkey on sbtest1  (cost=0.43..8.45 rows=1 width=121)
	  Index Cond: (id = 7709174)

table 2 : explain SELECT c FROM sbtest2 WHERE id=3299282
	Index Scan using sbtest2_pkey on sbtest2  (cost=0.43..8.45 rows=1 width=121)
	  Index Cond: (id = 3299282)

table 3 : explain SELECT c FROM sbtest3 WHERE id=1417441
	Index Scan using sbtest3_pkey on sbtest3  (cost=0.43..8.45 rows=1 width=121)
	  Index Cond: (id = 1417441)

table 4 : explain SELECT c FROM sbtest4 WHERE id=4769447
	Index Scan using sbtest4_pkey on sbtest4  (cost=0.43..8.45 rows=1 width=121)
	  Index Cond: (id = 4769447)

table 5 : explain SELECT c FROM sbtest5 WHERE id=7184416
	Index Scan using sbtest5_pkey on sbtest5  (cost=0.43..8.45 rows=1 width=121)
	  Index Cond: (id = 7184416)

table 6 : explain SELECT c FROM sbtest6 WHERE id=7456523
	Index Scan using sbtest6_pkey on sbtest6  (cost=0.43..8.45 rows=1 width=121)
	  Index Cond: (id = 7456523)

table 7 : explain SELECT c FROM sbtest7 WHERE id=4243886
	Index Scan using sbtest7_pkey on sbtest7  (cost=0.43..8.45 rows=1 width=121)
	  Index Cond: (id = 4243886)

table 8 : explain SELECT c FROM sbtest8 WHERE id=3758660
	Index Scan using sbtest8_pkey on sbtest8  (cost=0.43..8.45 rows=1 width=121)
	  Index Cond: (id = 3758660)

for: simple_ranges
table 1 : explain SELECT c FROM sbtest1 WHERE id BETWEEN 8694579 AND 8695578
	Bitmap Heap Scan on sbtest1  (cost=21.96..3591.51 rows=929 width=121)
	  Recheck Cond: ((id >= 8694579) AND (id <= 8695578))
	  ->  Bitmap Index Scan on sbtest1_pkey  (cost=0.00..21.72 rows=929 width=0)
	        Index Cond: ((id >= 8694579) AND (id <= 8695578))

table 2 : explain SELECT c FROM sbtest2 WHERE id BETWEEN 6900147 AND 6901146
	Bitmap Heap Scan on sbtest2  (cost=23.49..4156.02 rows=1079 width=121)
	  Recheck Cond: ((id >= 6900147) AND (id <= 6901146))
	  ->  Bitmap Index Scan on sbtest2_pkey  (cost=0.00..23.22 rows=1079 width=0)
	        Index Cond: ((id >= 6900147) AND (id <= 6901146))

table 3 : explain SELECT c FROM sbtest3 WHERE id BETWEEN 1112750 AND 1113749
	Bitmap Heap Scan on sbtest3  (cost=21.25..3331.26 rows=860 width=121)
	  Recheck Cond: ((id >= 1112750) AND (id <= 1113749))
	  ->  Bitmap Index Scan on sbtest3_pkey  (cost=0.00..21.04 rows=860 width=0)
	        Index Cond: ((id >= 1112750) AND (id <= 1113749))

table 4 : explain SELECT c FROM sbtest4 WHERE id BETWEEN 275562 AND 276561
	Bitmap Heap Scan on sbtest4  (cost=22.94..3953.83 rows=1025 width=121)
	  Recheck Cond: ((id >= 275562) AND (id <= 276561))
	  ->  Bitmap Index Scan on sbtest4_pkey  (cost=0.00..22.68 rows=1025 width=0)
	        Index Cond: ((id >= 275562) AND (id <= 276561))

table 5 : explain SELECT c FROM sbtest5 WHERE id BETWEEN 7319076 AND 7320075
	Bitmap Heap Scan on sbtest5  (cost=22.98..3969.01 rows=1029 width=121)
	  Recheck Cond: ((id >= 7319076) AND (id <= 7320075))
	  ->  Bitmap Index Scan on sbtest5_pkey  (cost=0.00..22.72 rows=1029 width=0)
	        Index Cond: ((id >= 7319076) AND (id <= 7320075))

table 6 : explain SELECT c FROM sbtest6 WHERE id BETWEEN 6533457 AND 6534456
	Bitmap Heap Scan on sbtest6  (cost=27.56..4184.55 rows=1085 width=121)
	  Recheck Cond: ((id >= 6533457) AND (id <= 6534456))
	  ->  Bitmap Index Scan on sbtest6_pkey  (cost=0.00..27.29 rows=1085 width=0)
	        Index Cond: ((id >= 6533457) AND (id <= 6534456))

table 7 : explain SELECT c FROM sbtest7 WHERE id BETWEEN 2500091 AND 2501090
	Bitmap Heap Scan on sbtest7  (cost=23.06..3999.73 rows=1037 width=121)
	  Recheck Cond: ((id >= 2500091) AND (id <= 2501090))
	  ->  Bitmap Index Scan on sbtest7_pkey  (cost=0.00..22.80 rows=1037 width=0)
	        Index Cond: ((id >= 2500091) AND (id <= 2501090))

table 8 : explain SELECT c FROM sbtest8 WHERE id BETWEEN 83879 AND 84878
	Bitmap Heap Scan on sbtest8  (cost=22.75..3884.25 rows=1006 width=121)
	  Recheck Cond: ((id >= 83879) AND (id <= 84878))
	  ->  Bitmap Index Scan on sbtest8_pkey  (cost=0.00..22.50 rows=1006 width=0)
	        Index Cond: ((id >= 83879) AND (id <= 84878))

for point_selects
table 1 : explain SELECT c FROM sbtest1 WHERE id=9501850
	Index Scan using sbtest1_pkey on sbtest1  (cost=0.43..8.45 rows=1 width=121)
	  Index Cond: (id = 9501850)

table 2 : explain SELECT c FROM sbtest2 WHERE id=8785581
	Index Scan using sbtest2_pkey on sbtest2  (cost=0.43..8.45 rows=1 width=121)
	  Index Cond: (id = 8785581)

table 3 : explain SELECT c FROM sbtest3 WHERE id=2604562
	Index Scan using sbtest3_pkey on sbtest3  (cost=0.43..8.45 rows=1 width=121)
	  Index Cond: (id = 2604562)

table 4 : explain SELECT c FROM sbtest4 WHERE id=4592734
	Index Scan using sbtest4_pkey on sbtest4  (cost=0.43..8.45 rows=1 width=121)
	  Index Cond: (id = 4592734)

table 5 : explain SELECT c FROM sbtest5 WHERE id=6014840
	Index Scan using sbtest5_pkey on sbtest5  (cost=0.43..8.45 rows=1 width=121)
	  Index Cond: (id = 6014840)

table 6 : explain SELECT c FROM sbtest6 WHERE id=4340522
	Index Scan using sbtest6_pkey on sbtest6  (cost=0.43..8.45 rows=1 width=121)
	  Index Cond: (id = 4340522)

table 7 : explain SELECT c FROM sbtest7 WHERE id=8329547
	Index Scan using sbtest7_pkey on sbtest7  (cost=0.43..8.45 rows=1 width=121)
	  Index Cond: (id = 8329547)

table 8 : explain SELECT c FROM sbtest8 WHERE id=6850630
	Index Scan using sbtest8_pkey on sbtest8  (cost=0.43..8.45 rows=1 width=121)
	  Index Cond: (id = 6850630)

for point_selects
table 1 : explain SELECT c FROM sbtest1 WHERE id=7622074
	Index Scan using sbtest1_pkey on sbtest1  (cost=0.43..8.45 rows=1 width=121)
	  Index Cond: (id = 7622074)

table 2 : explain SELECT c FROM sbtest2 WHERE id=490990
	Index Scan using sbtest2_pkey on sbtest2  (cost=0.43..8.45 rows=1 width=121)
	  Index Cond: (id = 490990)

table 3 : explain SELECT c FROM sbtest3 WHERE id=4828135
	Index Scan using sbtest3_pkey on sbtest3  (cost=0.43..8.45 rows=1 width=121)
	  Index Cond: (id = 4828135)

table 4 : explain SELECT c FROM sbtest4 WHERE id=995425
	Index Scan using sbtest4_pkey on sbtest4  (cost=0.43..8.45 rows=1 width=121)
	  Index Cond: (id = 995425)

table 5 : explain SELECT c FROM sbtest5 WHERE id=3022673
	Index Scan using sbtest5_pkey on sbtest5  (cost=0.43..8.45 rows=1 width=121)
	  Index Cond: (id = 3022673)

table 6 : explain SELECT c FROM sbtest6 WHERE id=3077256
	Index Scan using sbtest6_pkey on sbtest6  (cost=0.43..8.45 rows=1 width=121)
	  Index Cond: (id = 3077256)

table 7 : explain SELECT c FROM sbtest7 WHERE id=4857704
	Index Scan using sbtest7_pkey on sbtest7  (cost=0.43..8.45 rows=1 width=121)
	  Index Cond: (id = 4857704)

table 8 : explain SELECT c FROM sbtest8 WHERE id=8791563
	Index Scan using sbtest8_pkey on sbtest8  (cost=0.43..8.45 rows=1 width=121)
	  Index Cond: (id = 8791563)

for: simple_ranges
table 1 : explain SELECT c FROM sbtest1 WHERE id BETWEEN 3625294 AND 3626293
	Bitmap Heap Scan on sbtest1  (cost=22.17..3670.71 rows=950 width=121)
	  Recheck Cond: ((id >= 3625294) AND (id <= 3626293))
	  ->  Bitmap Index Scan on sbtest1_pkey  (cost=0.00..21.93 rows=950 width=0)
	        Index Cond: ((id >= 3625294) AND (id <= 3626293))

table 2 : explain SELECT c FROM sbtest2 WHERE id BETWEEN 2728643 AND 2729642
	Bitmap Heap Scan on sbtest2  (cost=23.61..4193.57 rows=1090 width=121)
	  Recheck Cond: ((id >= 2728643) AND (id <= 2729642))
	  ->  Bitmap Index Scan on sbtest2_pkey  (cost=0.00..23.33 rows=1090 width=0)
	        Index Cond: ((id >= 2728643) AND (id <= 2729642))

table 3 : explain SELECT c FROM sbtest3 WHERE id BETWEEN 8811897 AND 8812896
	Bitmap Heap Scan on sbtest3  (cost=22.13..3656.06 rows=946 width=121)
	  Recheck Cond: ((id >= 8811897) AND (id <= 8812896))
	  ->  Bitmap Index Scan on sbtest3_pkey  (cost=0.00..21.89 rows=946 width=0)
	        Index Cond: ((id >= 8811897) AND (id <= 8812896))

table 4 : explain SELECT c FROM sbtest4 WHERE id BETWEEN 9471373 AND 9472372
	Bitmap Heap Scan on sbtest4  (cost=22.78..3893.64 rows=1009 width=121)
	  Recheck Cond: ((id >= 9471373) AND (id <= 9472372))
	  ->  Bitmap Index Scan on sbtest4_pkey  (cost=0.00..22.52 rows=1009 width=0)
	        Index Cond: ((id >= 9471373) AND (id <= 9472372))

table 5 : explain SELECT c FROM sbtest5 WHERE id BETWEEN 646111 AND 647110
	Bitmap Heap Scan on sbtest5  (cost=23.00..3976.53 rows=1031 width=121)
	  Recheck Cond: ((id >= 646111) AND (id <= 647110))
	  ->  Bitmap Index Scan on sbtest5_pkey  (cost=0.00..22.75 rows=1031 width=0)
	        Index Cond: ((id >= 646111) AND (id <= 647110))

table 6 : explain SELECT c FROM sbtest6 WHERE id BETWEEN 701733 AND 702732
	Bitmap Heap Scan on sbtest6  (cost=23.17..4037.76 rows=1047 width=121)
	  Recheck Cond: ((id >= 701733) AND (id <= 702732))
	  ->  Bitmap Index Scan on sbtest6_pkey  (cost=0.00..22.90 rows=1047 width=0)
	        Index Cond: ((id >= 701733) AND (id <= 702732))

table 7 : explain SELECT c FROM sbtest7 WHERE id BETWEEN 5025769 AND 5026768
	Bitmap Heap Scan on sbtest7  (cost=21.91..3573.97 rows=924 width=121)
	  Recheck Cond: ((id >= 5025769) AND (id <= 5026768))
	  ->  Bitmap Index Scan on sbtest7_pkey  (cost=0.00..21.68 rows=924 width=0)
	        Index Cond: ((id >= 5025769) AND (id <= 5026768))

table 8 : explain SELECT c FROM sbtest8 WHERE id BETWEEN 7260947 AND 7261946
	Bitmap Heap Scan on sbtest8  (cost=22.16..3669.37 rows=949 width=121)
	  Recheck Cond: ((id >= 7260947) AND (id <= 7261946))
	  ->  Bitmap Index Scan on sbtest8_pkey  (cost=0.00..21.93 rows=949 width=0)
	        Index Cond: ((id >= 7260947) AND (id <= 7261946))

explain: for point_selects :: explain SELECT c FROM sbtest%u WHERE id=%u
explain: for point_selects :: explain SELECT c FROM sbtest%u WHERE id=%u
explain: for point_selects :: explain SELECT c FROM sbtest%u WHERE id=%u
for: simple_ranges
table 1 : explain SELECT c FROM sbtest1 WHERE id BETWEEN 2126063 AND 2127062
	Bitmap Heap Scan on sbtest1  (cost=22.20..3682.01 rows=953 width=121)
	  Recheck Cond: ((id >= 2126063) AND (id <= 2127062))
	  ->  Bitmap Index Scan on sbtest1_pkey  (cost=0.00..21.96 rows=953 width=0)
	        Index Cond: ((id >= 2126063) AND (id <= 2127062))

table 2 : explain SELECT c FROM sbtest2 WHERE id BETWEEN 9177854 AND 9178853
	Bitmap Heap Scan on sbtest2  (cost=23.07..4002.04 rows=1038 width=121)
	  Recheck Cond: ((id >= 9177854) AND (id <= 9178853))
	  ->  Bitmap Index Scan on sbtest2_pkey  (cost=0.00..22.82 rows=1038 width=0)
	        Index Cond: ((id >= 9177854) AND (id <= 9178853))

table 3 : explain SELECT c FROM sbtest3 WHERE id BETWEEN 3207198 AND 3208197
	Bitmap Heap Scan on sbtest3  (cost=22.48..3784.20 rows=980 width=121)
	  Recheck Cond: ((id >= 3207198) AND (id <= 3208197))
	  ->  Bitmap Index Scan on sbtest3_pkey  (cost=0.00..22.23 rows=980 width=0)
	        Index Cond: ((id >= 3207198) AND (id <= 3208197))

table 4 : explain SELECT c FROM sbtest4 WHERE id BETWEEN 7865501 AND 7866500
	Bitmap Heap Scan on sbtest4  (cost=22.50..3791.99 rows=982 width=121)
	  Recheck Cond: ((id >= 7865501) AND (id <= 7866500))
	  ->  Bitmap Index Scan on sbtest4_pkey  (cost=0.00..22.25 rows=982 width=0)
	        Index Cond: ((id >= 7865501) AND (id <= 7866500))

table 5 : explain SELECT c FROM sbtest5 WHERE id BETWEEN 6527919 AND 6528918
	Bitmap Heap Scan on sbtest5  (cost=21.66..3482.80 rows=900 width=121)
	  Recheck Cond: ((id >= 6527919) AND (id <= 6528918))
	  ->  Bitmap Index Scan on sbtest5_pkey  (cost=0.00..21.43 rows=900 width=0)
	        Index Cond: ((id >= 6527919) AND (id <= 6528918))

table 6 : explain SELECT c FROM sbtest6 WHERE id BETWEEN 2833203 AND 2834202
	Bitmap Heap Scan on sbtest6  (cost=22.63..3842.08 rows=995 width=121)
	  Recheck Cond: ((id >= 2833203) AND (id <= 2834202))
	  ->  Bitmap Index Scan on sbtest6_pkey  (cost=0.00..22.39 rows=995 width=0)
	        Index Cond: ((id >= 2833203) AND (id <= 2834202))

table 7 : explain SELECT c FROM sbtest7 WHERE id BETWEEN 443560 AND 444559
	Bitmap Heap Scan on sbtest7  (cost=22.81..3905.68 rows=1012 width=121)
	  Recheck Cond: ((id >= 443560) AND (id <= 444559))
	  ->  Bitmap Index Scan on sbtest7_pkey  (cost=0.00..22.55 rows=1012 width=0)
	        Index Cond: ((id >= 443560) AND (id <= 444559))

table 8 : explain SELECT c FROM sbtest8 WHERE id BETWEEN 4468437 AND 4469436
	Bitmap Heap Scan on sbtest8  (cost=22.78..3895.55 rows=1009 width=121)
	  Recheck Cond: ((id >= 4468437) AND (id <= 4469436))
	  ->  Bitmap Index Scan on sbtest8_pkey  (cost=0.00..22.52 rows=1009 width=0)
	        Index Cond: ((id >= 4468437) AND (id <= 4469436))

explain: for point_selects :: explain SELECT c FROM sbtest%u WHERE id=%u
for: simple_ranges
table 1 : explain SELECT c FROM sbtest1 WHERE id BETWEEN 6430787 AND 6431786
	Bitmap Heap Scan on sbtest1  (cost=22.58..3821.38 rows=990 width=121)
	  Recheck Cond: ((id >= 6430787) AND (id <= 6431786))
	  ->  Bitmap Index Scan on sbtest1_pkey  (cost=0.00..22.33 rows=990 width=0)
	        Index Cond: ((id >= 6430787) AND (id <= 6431786))

table 2 : explain SELECT c FROM sbtest2 WHERE id BETWEEN 6313030 AND 6314029
	Bitmap Heap Scan on sbtest2  (cost=22.13..3655.73 rows=946 width=121)
	  Recheck Cond: ((id >= 6313030) AND (id <= 6314029))
	  ->  Bitmap Index Scan on sbtest2_pkey  (cost=0.00..21.89 rows=946 width=0)
	        Index Cond: ((id >= 6313030) AND (id <= 6314029))

table 3 : explain SELECT c FROM sbtest3 WHERE id BETWEEN 8158698 AND 8159697
	Bitmap Heap Scan on sbtest3  (cost=21.78..3527.78 rows=912 width=121)
	  Recheck Cond: ((id >= 8158698) AND (id <= 8159697))
	  ->  Bitmap Index Scan on sbtest3_pkey  (cost=0.00..21.55 rows=912 width=0)
	        Index Cond: ((id >= 8158698) AND (id <= 8159697))

table 4 : explain SELECT c FROM sbtest4 WHERE id BETWEEN 1020729 AND 1021728
	Bitmap Heap Scan on sbtest4  (cost=23.13..4021.50 rows=1043 width=121)
	  Recheck Cond: ((id >= 1020729) AND (id <= 1021728))
	  ->  Bitmap Index Scan on sbtest4_pkey  (cost=0.00..22.86 rows=1043 width=0)
	        Index Cond: ((id >= 1020729) AND (id <= 1021728))

table 5 : explain SELECT c FROM sbtest5 WHERE id BETWEEN 2584066 AND 2585065
	Bitmap Heap Scan on sbtest5  (cost=22.25..3701.68 rows=958 width=121)
	  Recheck Cond: ((id >= 2584066) AND (id <= 2585065))
	  ->  Bitmap Index Scan on sbtest5_pkey  (cost=0.00..22.01 rows=958 width=0)
	        Index Cond: ((id >= 2584066) AND (id <= 2585065))

table 6 : explain SELECT c FROM sbtest6 WHERE id BETWEEN 8514180 AND 8515179
	Bitmap Heap Scan on sbtest6  (cost=22.83..3913.62 rows=1014 width=121)
	  Recheck Cond: ((id >= 8514180) AND (id <= 8515179))
	  ->  Bitmap Index Scan on sbtest6_pkey  (cost=0.00..22.57 rows=1014 width=0)
	        Index Cond: ((id >= 8514180) AND (id <= 8515179))

table 7 : explain SELECT c FROM sbtest7 WHERE id BETWEEN 815455 AND 816454
	Bitmap Heap Scan on sbtest7  (cost=22.31..3721.10 rows=963 width=121)
	  Recheck Cond: ((id >= 815455) AND (id <= 816454))
	  ->  Bitmap Index Scan on sbtest7_pkey  (cost=0.00..22.07 rows=963 width=0)
	        Index Cond: ((id >= 815455) AND (id <= 816454))

table 8 : explain SELECT c FROM sbtest8 WHERE id BETWEEN 5098476 AND 5099475
	Bitmap Heap Scan on sbtest8  (cost=21.78..3529.65 rows=912 width=121)
	  Recheck Cond: ((id >= 5098476) AND (id <= 5099475))
	  ->  Bitmap Index Scan on sbtest8_pkey  (cost=0.00..21.55 rows=912 width=0)
	        Index Cond: ((id >= 5098476) AND (id <= 5099475))

explain: for point_selects :: explain SELECT c FROM sbtest%u WHERE id=%u
explain: for point_selects :: explain SELECT c FROM sbtest%u WHERE id=%u
for point_selects
table 1 : explain SELECT c FROM sbtest1 WHERE id=4146393
	Index Scan using sbtest1_pkey on sbtest1  (cost=0.43..8.45 rows=1 width=121)
	  Index Cond: (id = 4146393)

table 2 : explain SELECT c FROM sbtest2 WHERE id=5719915
	Index Scan using sbtest2_pkey on sbtest2  (cost=0.43..8.45 rows=1 width=121)
	  Index Cond: (id = 5719915)

table 3 : explain SELECT c FROM sbtest3 WHERE id=568881
	Index Scan using sbtest3_pkey on sbtest3  (cost=0.43..8.45 rows=1 width=121)
	  Index Cond: (id = 568881)

table 4 : explain SELECT c FROM sbtest4 WHERE id=7746230
	Index Scan using sbtest4_pkey on sbtest4  (cost=0.43..8.45 rows=1 width=121)
	  Index Cond: (id = 7746230)

table 5 : explain SELECT c FROM sbtest5 WHERE id=7540780
	Index Scan using sbtest5_pkey on sbtest5  (cost=0.43..8.45 rows=1 width=121)
	  Index Cond: (id = 7540780)

table 6 : explain SELECT c FROM sbtest6 WHERE id=4369187
	Index Scan using sbtest6_pkey on sbtest6  (cost=0.43..8.45 rows=1 width=121)
	  Index Cond: (id = 4369187)

table 7 : explain SELECT c FROM sbtest7 WHERE id=5172557
	Index Scan using sbtest7_pkey on sbtest7  (cost=0.43..8.45 rows=1 width=121)
	  Index Cond: (id = 5172557)

table 8 : explain SELECT c FROM sbtest8 WHERE id=4687484
	Index Scan using sbtest8_pkey on sbtest8  (cost=0.43..8.45 rows=1 width=121)
	  Index Cond: (id = 4687484)

for: sum_ranges
table 1 : explain SELECT SUM(k) FROM sbtest1 WHERE id BETWEEN 5788960 AND 5789959
	Aggregate  (cost=3733.42..3733.43 rows=1 width=8)
	  ->  Bitmap Heap Scan on sbtest1  (cost=22.34..3731.00 rows=966 width=4)
	        Recheck Cond: ((id >= 5788960) AND (id <= 5789959))
	        ->  Bitmap Index Scan on sbtest1_pkey  (cost=0.00..22.09 rows=966 width=0)
	              Index Cond: ((id >= 5788960) AND (id <= 5789959))

table 2 : explain SELECT SUM(k) FROM sbtest2 WHERE id BETWEEN 3848731 AND 3849730
	Aggregate  (cost=3854.10..3854.11 rows=1 width=8)
	  ->  Bitmap Heap Scan on sbtest2  (cost=22.66..3851.61 rows=998 width=4)
	        Recheck Cond: ((id >= 3848731) AND (id <= 3849730))
	        ->  Bitmap Index Scan on sbtest2_pkey  (cost=0.00..22.41 rows=998 width=0)
	              Index Cond: ((id >= 3848731) AND (id <= 3849730))

table 3 : explain SELECT SUM(k) FROM sbtest3 WHERE id BETWEEN 1901330 AND 1902329
	Aggregate  (cost=3790.42..3790.43 rows=1 width=8)
	  ->  Bitmap Heap Scan on sbtest3  (cost=22.49..3787.96 rows=981 width=4)
	        Recheck Cond: ((id >= 1901330) AND (id <= 1902329))
	        ->  Bitmap Index Scan on sbtest3_pkey  (cost=0.00..22.25 rows=981 width=0)
	              Index Cond: ((id >= 1901330) AND (id <= 1902329))

table 4 : explain SELECT SUM(k) FROM sbtest4 WHERE id BETWEEN 961976 AND 962975
	Aggregate  (cost=4223.54..4223.55 rows=1 width=8)
	  ->  Bitmap Heap Scan on sbtest4  (cost=27.67..4220.80 rows=1096 width=4)
	        Recheck Cond: ((id >= 961976) AND (id <= 962975))
	        ->  Bitmap Index Scan on sbtest4_pkey  (cost=0.00..27.39 rows=1096 width=0)
	              Index Cond: ((id >= 961976) AND (id <= 962975))

table 5 : explain SELECT SUM(k) FROM sbtest5 WHERE id BETWEEN 5210119 AND 5211118
	Aggregate  (cost=4242.47..4242.48 rows=1 width=8)
	  ->  Bitmap Heap Scan on sbtest5  (cost=27.72..4239.71 rows=1101 width=4)
	        Recheck Cond: ((id >= 5210119) AND (id <= 5211118))
	        ->  Bitmap Index Scan on sbtest5_pkey  (cost=0.00..27.44 rows=1101 width=0)
	              Index Cond: ((id >= 5210119) AND (id <= 5211118))

table 6 : explain SELECT SUM(k) FROM sbtest6 WHERE id BETWEEN 8544631 AND 8545630
	Aggregate  (cost=3916.16..3916.17 rows=1 width=8)
	  ->  Bitmap Heap Scan on sbtest6  (cost=22.83..3913.62 rows=1014 width=4)
	        Recheck Cond: ((id >= 8544631) AND (id <= 8545630))
	        ->  Bitmap Index Scan on sbtest6_pkey  (cost=0.00..22.57 rows=1014 width=0)
	              Index Cond: ((id >= 8544631) AND (id <= 8545630))

table 7 : explain SELECT SUM(k) FROM sbtest7 WHERE id BETWEEN 131352 AND 132351
	Aggregate  (cost=3670.68..3670.69 rows=1 width=8)
	  ->  Bitmap Heap Scan on sbtest7  (cost=22.16..3668.31 rows=949 width=4)
	        Recheck Cond: ((id >= 131352) AND (id <= 132351))
	        ->  Bitmap Index Scan on sbtest7_pkey  (cost=0.00..21.93 rows=949 width=0)
	              Index Cond: ((id >= 131352) AND (id <= 132351))

table 8 : explain SELECT SUM(k) FROM sbtest8 WHERE id BETWEEN 5548604 AND 5549603
	Aggregate  (cost=3852.84..3852.85 rows=1 width=8)
	  ->  Bitmap Heap Scan on sbtest8  (cost=22.65..3850.35 rows=997 width=4)
	        Recheck Cond: ((id >= 5548604) AND (id <= 5549603))
	        ->  Bitmap Index Scan on sbtest8_pkey  (cost=0.00..22.40 rows=997 width=0)
	              Index Cond: ((id >= 5548604) AND (id <= 5549603))

for: simple_ranges
table 1 : explain SELECT c FROM sbtest1 WHERE id BETWEEN 9995982 AND 9996981
	Bitmap Heap Scan on sbtest1  (cost=23.33..4095.83 rows=1063 width=121)
	  Recheck Cond: ((id >= 9995982) AND (id <= 9996981))
	  ->  Bitmap Index Scan on sbtest1_pkey  (cost=0.00..23.07 rows=1063 width=0)
	        Index Cond: ((id >= 9995982) AND (id <= 9996981))

table 2 : explain SELECT c FROM sbtest2 WHERE id BETWEEN 5467299 AND 5468298
	Bitmap Heap Scan on sbtest2  (cost=21.67..3485.93 rows=901 width=121)
	  Recheck Cond: ((id >= 5467299) AND (id <= 5468298))
	  ->  Bitmap Index Scan on sbtest2_pkey  (cost=0.00..21.44 rows=901 width=0)
	        Index Cond: ((id >= 5467299) AND (id <= 5468298))

table 3 : explain SELECT c FROM sbtest3 WHERE id BETWEEN 2829419 AND 2830418
	Bitmap Heap Scan on sbtest3  (cost=23.05..3994.91 rows=1036 width=121)
	  Recheck Cond: ((id >= 2829419) AND (id <= 2830418))
	  ->  Bitmap Index Scan on sbtest3_pkey  (cost=0.00..22.79 rows=1036 width=0)
	        Index Cond: ((id >= 2829419) AND (id <= 2830418))

table 4 : explain SELECT c FROM sbtest4 WHERE id BETWEEN 2034757 AND 2035756
	Bitmap Heap Scan on sbtest4  (cost=23.46..4145.47 rows=1076 width=121)
	  Recheck Cond: ((id >= 2034757) AND (id <= 2035756))
	  ->  Bitmap Index Scan on sbtest4_pkey  (cost=0.00..23.19 rows=1076 width=0)
	        Index Cond: ((id >= 2034757) AND (id <= 2035756))

table 5 : explain SELECT c FROM sbtest5 WHERE id BETWEEN 1046952 AND 1047951
	Bitmap Heap Scan on sbtest5  (cost=22.99..3972.77 rows=1030 width=121)
	  Recheck Cond: ((id >= 1046952) AND (id <= 1047951))
	  ->  Bitmap Index Scan on sbtest5_pkey  (cost=0.00..22.73 rows=1030 width=0)
	        Index Cond: ((id >= 1046952) AND (id <= 1047951))

table 6 : explain SELECT c FROM sbtest6 WHERE id BETWEEN 6283172 AND 6284171
	Bitmap Heap Scan on sbtest6  (cost=22.60..3830.78 rows=992 width=121)
	  Recheck Cond: ((id >= 6283172) AND (id <= 6284171))
	  ->  Bitmap Index Scan on sbtest6_pkey  (cost=0.00..22.36 rows=992 width=0)
	        Index Cond: ((id >= 6283172) AND (id <= 6284171))

table 7 : explain SELECT c FROM sbtest7 WHERE id BETWEEN 3580665 AND 3581664
	Bitmap Heap Scan on sbtest7  (cost=23.57..4183.84 rows=1086 width=121)
	  Recheck Cond: ((id >= 3580665) AND (id <= 3581664))
	  ->  Bitmap Index Scan on sbtest7_pkey  (cost=0.00..23.29 rows=1086 width=0)
	        Index Cond: ((id >= 3580665) AND (id <= 3581664))

table 8 : explain SELECT c FROM sbtest8 WHERE id BETWEEN 2244142 AND 2245141
	Bitmap Heap Scan on sbtest8  (cost=22.81..3906.84 rows=1012 width=121)
	  Recheck Cond: ((id >= 2244142) AND (id <= 2245141))
	  ->  Bitmap Index Scan on sbtest8_pkey  (cost=0.00..22.55 rows=1012 width=0)
	        Index Cond: ((id >= 2244142) AND (id <= 2245141))

for point_selects
table 1 : explain SELECT c FROM sbtest1 WHERE id=3823201
	Index Scan using sbtest1_pkey on sbtest1  (cost=0.43..8.45 rows=1 width=121)
	  Index Cond: (id = 3823201)

table 2 : explain SELECT c FROM sbtest2 WHERE id=4596033
	Index Scan using sbtest2_pkey on sbtest2  (cost=0.43..8.45 rows=1 width=121)
	  Index Cond: (id = 4596033)

table 3 : explain SELECT c FROM sbtest3 WHERE id=796141
	Index Scan using sbtest3_pkey on sbtest3  (cost=0.43..8.45 rows=1 width=121)
	  Index Cond: (id = 796141)

table 4 : explain SELECT c FROM sbtest4 WHERE id=4474416
	Index Scan using sbtest4_pkey on sbtest4  (cost=0.43..8.45 rows=1 width=121)
	  Index Cond: (id = 4474416)

table 5 : explain SELECT c FROM sbtest5 WHERE id=5533097
	Index Scan using sbtest5_pkey on sbtest5  (cost=0.43..8.45 rows=1 width=121)
	  Index Cond: (id = 5533097)

table 6 : explain SELECT c FROM sbtest6 WHERE id=3418321
	Index Scan using sbtest6_pkey on sbtest6  (cost=0.43..8.45 rows=1 width=121)
	  Index Cond: (id = 3418321)

table 7 : explain SELECT c FROM sbtest7 WHERE id=9279166
	Index Scan using sbtest7_pkey on sbtest7  (cost=0.43..8.45 rows=1 width=121)
	  Index Cond: (id = 9279166)

table 8 : explain SELECT c FROM sbtest8 WHERE id=3207942
	Index Scan using sbtest8_pkey on sbtest8  (cost=0.43..8.45 rows=1 width=121)
	  Index Cond: (id = 3207942)

for point_selects
table 1 : explain SELECT c FROM sbtest1 WHERE id=4038438
	Index Scan using sbtest1_pkey on sbtest1  (cost=0.43..8.45 rows=1 width=121)
	  Index Cond: (id = 4038438)

table 2 : explain SELECT c FROM sbtest2 WHERE id=3300918
	Index Scan using sbtest2_pkey on sbtest2  (cost=0.43..8.45 rows=1 width=121)
	  Index Cond: (id = 3300918)

table 3 : explain SELECT c FROM sbtest3 WHERE id=3981321
	Index Scan using sbtest3_pkey on sbtest3  (cost=0.43..8.45 rows=1 width=121)
	  Index Cond: (id = 3981321)

table 4 : explain SELECT c FROM sbtest4 WHERE id=8010083
	Index Scan using sbtest4_pkey on sbtest4  (cost=0.43..8.45 rows=1 width=121)
	  Index Cond: (id = 8010083)

table 5 : explain SELECT c FROM sbtest5 WHERE id=8233411
	Index Scan using sbtest5_pkey on sbtest5  (cost=0.43..8.45 rows=1 width=121)
	  Index Cond: (id = 8233411)

table 6 : explain SELECT c FROM sbtest6 WHERE id=3527452
	Index Scan using sbtest6_pkey on sbtest6  (cost=0.43..8.45 rows=1 width=121)
	  Index Cond: (id = 3527452)

table 7 : explain SELECT c FROM sbtest7 WHERE id=5436675
	Index Scan using sbtest7_pkey on sbtest7  (cost=0.43..8.45 rows=1 width=121)
	  Index Cond: (id = 5436675)

table 8 : explain SELECT c FROM sbtest8 WHERE id=6329753
	Index Scan using sbtest8_pkey on sbtest8  (cost=0.43..8.45 rows=1 width=121)
	  Index Cond: (id = 6329753)

for point_selects
table 1 : explain SELECT c FROM sbtest1 WHERE id=2360138
	Index Scan using sbtest1_pkey on sbtest1  (cost=0.43..8.45 rows=1 width=121)
	  Index Cond: (id = 2360138)

table 2 : explain SELECT c FROM sbtest2 WHERE id=8267250
	Index Scan using sbtest2_pkey on sbtest2  (cost=0.43..8.45 rows=1 width=121)
	  Index Cond: (id = 8267250)

table 3 : explain SELECT c FROM sbtest3 WHERE id=6489465
	Index Scan using sbtest3_pkey on sbtest3  (cost=0.43..8.45 rows=1 width=121)
	  Index Cond: (id = 6489465)

table 4 : explain SELECT c FROM sbtest4 WHERE id=4352826
	Index Scan using sbtest4_pkey on sbtest4  (cost=0.43..8.45 rows=1 width=121)
	  Index Cond: (id = 4352826)

table 5 : explain SELECT c FROM sbtest5 WHERE id=2101035
	Index Scan using sbtest5_pkey on sbtest5  (cost=0.43..8.45 rows=1 width=121)
	  Index Cond: (id = 2101035)

table 6 : explain SELECT c FROM sbtest6 WHERE id=2801972
	Index Scan using sbtest6_pkey on sbtest6  (cost=0.43..8.45 rows=1 width=121)
	  Index Cond: (id = 2801972)

table 7 : explain SELECT c FROM sbtest7 WHERE id=4014058
	Index Scan using sbtest7_pkey on sbtest7  (cost=0.43..8.45 rows=1 width=121)
	  Index Cond: (id = 4014058)

table 8 : explain SELECT c FROM sbtest8 WHERE id=2540828
	Index Scan using sbtest8_pkey on sbtest8  (cost=0.43..8.45 rows=1 width=121)
	  Index Cond: (id = 2540828)

for point_selects
table 1 : explain SELECT c FROM sbtest1 WHERE id=4864838
	Index Scan using sbtest1_pkey on sbtest1  (cost=0.43..8.45 rows=1 width=121)
	  Index Cond: (id = 4864838)

table 2 : explain SELECT c FROM sbtest2 WHERE id=979097
	Index Scan using sbtest2_pkey on sbtest2  (cost=0.43..8.45 rows=1 width=121)
	  Index Cond: (id = 979097)

table 3 : explain SELECT c FROM sbtest3 WHERE id=8174307
	Index Scan using sbtest3_pkey on sbtest3  (cost=0.43..8.45 rows=1 width=121)
	  Index Cond: (id = 8174307)

table 4 : explain SELECT c FROM sbtest4 WHERE id=4817277
	Index Scan using sbtest4_pkey on sbtest4  (cost=0.43..8.45 rows=1 width=121)
	  Index Cond: (id = 4817277)

table 5 : explain SELECT c FROM sbtest5 WHERE id=9919152
	Index Scan using sbtest5_pkey on sbtest5  (cost=0.43..8.45 rows=1 width=121)
	  Index Cond: (id = 9919152)

table 6 : explain SELECT c FROM sbtest6 WHERE id=4593705
	Index Scan using sbtest6_pkey on sbtest6  (cost=0.43..8.45 rows=1 width=121)
	  Index Cond: (id = 4593705)

table 7 : explain SELECT c FROM sbtest7 WHERE id=2265625
	Index Scan using sbtest7_pkey on sbtest7  (cost=0.43..8.45 rows=1 width=121)
	  Index Cond: (id = 2265625)

table 8 : explain SELECT c FROM sbtest8 WHERE id=5798894
	Index Scan using sbtest8_pkey on sbtest8  (cost=0.43..8.45 rows=1 width=121)
	  Index Cond: (id = 5798894)

for: simple_ranges
table 1 : explain SELECT c FROM sbtest1 WHERE id BETWEEN 2199777 AND 2200776
	Bitmap Heap Scan on sbtest1  (cost=22.20..3682.01 rows=953 width=121)
	  Recheck Cond: ((id >= 2199777) AND (id <= 2200776))
	  ->  Bitmap Index Scan on sbtest1_pkey  (cost=0.00..21.96 rows=953 width=0)
	        Index Cond: ((id >= 2199777) AND (id <= 2200776))

table 2 : explain SELECT c FROM sbtest2 WHERE id BETWEEN 735405 AND 736404
	Bitmap Heap Scan on sbtest2  (cost=22.41..3757.48 rows=973 width=121)
	  Recheck Cond: ((id >= 735405) AND (id <= 736404))
	  ->  Bitmap Index Scan on sbtest2_pkey  (cost=0.00..22.16 rows=973 width=0)
	        Index Cond: ((id >= 735405) AND (id <= 736404))

table 3 : explain SELECT c FROM sbtest3 WHERE id BETWEEN 8469756 AND 8470755
	Bitmap Heap Scan on sbtest3  (cost=27.95..4321.74 rows=1123 width=121)
	  Recheck Cond: ((id >= 8469756) AND (id <= 8470755))
	  ->  Bitmap Index Scan on sbtest3_pkey  (cost=0.00..27.66 rows=1123 width=0)
	        Index Cond: ((id >= 8469756) AND (id <= 8470755))

table 4 : explain SELECT c FROM sbtest4 WHERE id BETWEEN 6239292 AND 6240291
	Bitmap Heap Scan on sbtest4  (cost=22.51..3795.76 rows=983 width=121)
	  Recheck Cond: ((id >= 6239292) AND (id <= 6240291))
	  ->  Bitmap Index Scan on sbtest4_pkey  (cost=0.00..22.26 rows=983 width=0)
	        Index Cond: ((id >= 6239292) AND (id <= 6240291))

table 5 : explain SELECT c FROM sbtest5 WHERE id BETWEEN 3890180 AND 3891179
	Bitmap Heap Scan on sbtest5  (cost=22.94..3953.97 rows=1025 width=121)
	  Recheck Cond: ((id >= 3890180) AND (id <= 3891179))
	  ->  Bitmap Index Scan on sbtest5_pkey  (cost=0.00..22.68 rows=1025 width=0)
	        Index Cond: ((id >= 3890180) AND (id <= 3891179))

table 6 : explain SELECT c FROM sbtest6 WHERE id BETWEEN 2486337 AND 2487336
	Bitmap Heap Scan on sbtest6  (cost=22.90..3939.97 rows=1021 width=121)
	  Recheck Cond: ((id >= 2486337) AND (id <= 2487336))
	  ->  Bitmap Index Scan on sbtest6_pkey  (cost=0.00..22.64 rows=1021 width=0)
	        Index Cond: ((id >= 2486337) AND (id <= 2487336))

table 7 : explain SELECT c FROM sbtest7 WHERE id BETWEEN 5762547 AND 5763546
	Bitmap Heap Scan on sbtest7  (cost=22.13..3656.99 rows=946 width=121)
	  Recheck Cond: ((id >= 5762547) AND (id <= 5763546))
	  ->  Bitmap Index Scan on sbtest7_pkey  (cost=0.00..21.89 rows=946 width=0)
	        Index Cond: ((id >= 5762547) AND (id <= 5763546))

table 8 : explain SELECT c FROM sbtest8 WHERE id BETWEEN 4923119 AND 4924118
	Bitmap Heap Scan on sbtest8  (cost=23.21..4053.60 rows=1051 width=121)
	  Recheck Cond: ((id >= 4923119) AND (id <= 4924118))
	  ->  Bitmap Index Scan on sbtest8_pkey  (cost=0.00..22.94 rows=1051 width=0)
	        Index Cond: ((id >= 4923119) AND (id <= 4924118))

for point_selects
table 1 : explain SELECT c FROM sbtest1 WHERE id=9144885
	Index Scan using sbtest1_pkey on sbtest1  (cost=0.43..8.45 rows=1 width=121)
	  Index Cond: (id = 9144885)

table 2 : explain SELECT c FROM sbtest2 WHERE id=9906186
	Index Scan using sbtest2_pkey on sbtest2  (cost=0.43..8.45 rows=1 width=121)
	  Index Cond: (id = 9906186)

table 3 : explain SELECT c FROM sbtest3 WHERE id=3290849
	Index Scan using sbtest3_pkey on sbtest3  (cost=0.43..8.45 rows=1 width=121)
	  Index Cond: (id = 3290849)

table 4 : explain SELECT c FROM sbtest4 WHERE id=8445901
	Index Scan using sbtest4_pkey on sbtest4  (cost=0.43..8.45 rows=1 width=121)
	  Index Cond: (id = 8445901)

table 5 : explain SELECT c FROM sbtest5 WHERE id=3660816
	Index Scan using sbtest5_pkey on sbtest5  (cost=0.43..8.45 rows=1 width=121)
	  Index Cond: (id = 3660816)

table 6 : explain SELECT c FROM sbtest6 WHERE id=9961831
	Index Scan using sbtest6_pkey on sbtest6  (cost=0.43..8.45 rows=1 width=121)
	  Index Cond: (id = 9961831)

table 7 : explain SELECT c FROM sbtest7 WHERE id=1971633
	Index Scan using sbtest7_pkey on sbtest7  (cost=0.43..8.45 rows=1 width=121)
	  Index Cond: (id = 1971633)

table 8 : explain SELECT c FROM sbtest8 WHERE id=8782531
	Index Scan using sbtest8_pkey on sbtest8  (cost=0.43..8.45 rows=1 width=121)
	  Index Cond: (id = 8782531)

for: sum_ranges
table 1 : explain SELECT SUM(k) FROM sbtest1 WHERE id BETWEEN 8943428 AND 8944427
	Aggregate  (cost=4357.73..4357.74 rows=1 width=8)
	  ->  Bitmap Heap Scan on sbtest1  (cost=28.04..4354.90 rows=1132 width=4)
	        Recheck Cond: ((id >= 8943428) AND (id <= 8944427))
	        ->  Bitmap Index Scan on sbtest1_pkey  (cost=0.00..27.75 rows=1132 width=0)
	              Index Cond: ((id >= 8943428) AND (id <= 8944427))

table 2 : explain SELECT SUM(k) FROM sbtest2 WHERE id BETWEEN 9641944 AND 9642943
	Aggregate  (cost=3771.22..3771.23 rows=1 width=8)
	  ->  Bitmap Heap Scan on sbtest2  (cost=22.44..3768.78 rows=976 width=4)
	        Recheck Cond: ((id >= 9641944) AND (id <= 9642943))
	        ->  Bitmap Index Scan on sbtest2_pkey  (cost=0.00..22.19 rows=976 width=0)
	              Index Cond: ((id >= 9641944) AND (id <= 9642943))

table 3 : explain SELECT SUM(k) FROM sbtest3 WHERE id BETWEEN 1934860 AND 1935859
	Aggregate  (cost=3790.42..3790.43 rows=1 width=8)
	  ->  Bitmap Heap Scan on sbtest3  (cost=22.49..3787.96 rows=981 width=4)
	        Recheck Cond: ((id >= 1934860) AND (id <= 1935859))
	        ->  Bitmap Index Scan on sbtest3_pkey  (cost=0.00..22.25 rows=981 width=0)
	              Index Cond: ((id >= 1934860) AND (id <= 1935859))

table 4 : explain SELECT SUM(k) FROM sbtest4 WHERE id BETWEEN 1723264 AND 1724263
	Aggregate  (cost=4005.30..4005.31 rows=1 width=8)
	  ->  Bitmap Heap Scan on sbtest4  (cost=23.07..4002.71 rows=1038 width=4)
	        Recheck Cond: ((id >= 1723264) AND (id <= 1724263))
	        ->  Bitmap Index Scan on sbtest4_pkey  (cost=0.00..22.82 rows=1038 width=0)
	              Index Cond: ((id >= 1723264) AND (id <= 1724263))

table 5 : explain SELECT SUM(k) FROM sbtest5 WHERE id BETWEEN 8098314 AND 8099313
	Aggregate  (cost=3749.34..3749.35 rows=1 width=8)
	  ->  Bitmap Heap Scan on sbtest5  (cost=22.38..3746.91 rows=970 width=4)
	        Recheck Cond: ((id >= 8098314) AND (id <= 8099313))
	        ->  Bitmap Index Scan on sbtest5_pkey  (cost=0.00..22.14 rows=970 width=0)
	              Index Cond: ((id >= 8098314) AND (id <= 8099313))

table 6 : explain SELECT SUM(k) FROM sbtest6 WHERE id BETWEEN 5890834 AND 5891833
	Aggregate  (cost=4104.32..4104.33 rows=1 width=8)
	  ->  Bitmap Heap Scan on sbtest6  (cost=23.34..4101.66 rows=1064 width=4)
	        Recheck Cond: ((id >= 5890834) AND (id <= 5891833))
	        ->  Bitmap Index Scan on sbtest6_pkey  (cost=0.00..23.07 rows=1064 width=0)
	              Index Cond: ((id >= 5890834) AND (id <= 5891833))

table 7 : explain SELECT SUM(k) FROM sbtest7 WHERE id BETWEEN 7231955 AND 7232954
	Aggregate  (cost=4126.43..4126.44 rows=1 width=8)
	  ->  Bitmap Heap Scan on sbtest7  (cost=23.40..4123.76 rows=1070 width=4)
	        Recheck Cond: ((id >= 7231955) AND (id <= 7232954))
	        ->  Bitmap Index Scan on sbtest7_pkey  (cost=0.00..23.14 rows=1070 width=0)
	              Index Cond: ((id >= 7231955) AND (id <= 7232954))

table 8 : explain SELECT SUM(k) FROM sbtest8 WHERE id BETWEEN 1287873 AND 1288872
	Aggregate  (cost=3743.46..3743.47 rows=1 width=8)
	  ->  Bitmap Heap Scan on sbtest8  (cost=22.36..3741.04 rows=968 width=4)
	        Recheck Cond: ((id >= 1287873) AND (id <= 1288872))
	        ->  Bitmap Index Scan on sbtest8_pkey  (cost=0.00..22.11 rows=968 width=0)
	              Index Cond: ((id >= 1287873) AND (id <= 1288872))

for: sum_ranges
table 1 : explain SELECT SUM(k) FROM sbtest1 WHERE id BETWEEN 9846486 AND 9847485
	Aggregate  (cost=4147.32..4147.33 rows=1 width=8)
	  ->  Bitmap Heap Scan on sbtest1  (cost=23.46..4144.63 rows=1076 width=4)
	        Recheck Cond: ((id >= 9846486) AND (id <= 9847485))
	        ->  Bitmap Index Scan on sbtest1_pkey  (cost=0.00..23.19 rows=1076 width=0)
	              Index Cond: ((id >= 9846486) AND (id <= 9847485))

table 2 : explain SELECT SUM(k) FROM sbtest2 WHERE id BETWEEN 5662585 AND 5663584
	Aggregate  (cost=3899.28..3899.29 rows=1 width=8)
	  ->  Bitmap Heap Scan on sbtest2  (cost=22.79..3896.76 rows=1010 width=4)
	        Recheck Cond: ((id >= 5662585) AND (id <= 5663584))
	        ->  Bitmap Index Scan on sbtest2_pkey  (cost=0.00..22.54 rows=1010 width=0)
	              Index Cond: ((id >= 5662585) AND (id <= 5663584))

table 3 : explain SELECT SUM(k) FROM sbtest3 WHERE id BETWEEN 5305346 AND 5306345
	Aggregate  (cost=3865.76..3865.77 rows=1 width=8)
	  ->  Bitmap Heap Scan on sbtest3  (cost=22.70..3863.26 rows=1001 width=4)
	        Recheck Cond: ((id >= 5305346) AND (id <= 5306345))
	        ->  Bitmap Index Scan on sbtest3_pkey  (cost=0.00..22.44 rows=1001 width=0)
	              Index Cond: ((id >= 5305346) AND (id <= 5306345))

table 4 : explain SELECT SUM(k) FROM sbtest4 WHERE id BETWEEN 6871049 AND 6872048
	Aggregate  (cost=3945.10..3945.11 rows=1 width=8)
	  ->  Bitmap Heap Scan on sbtest4  (cost=22.91..3942.55 rows=1022 width=4)
	        Recheck Cond: ((id >= 6871049) AND (id <= 6872048))
	        ->  Bitmap Index Scan on sbtest4_pkey  (cost=0.00..22.65 rows=1022 width=0)
	              Index Cond: ((id >= 6871049) AND (id <= 6872048))

table 5 : explain SELECT SUM(k) FROM sbtest5 WHERE id BETWEEN 1423786 AND 1424785
	Aggregate  (cost=3749.34..3749.35 rows=1 width=8)
	  ->  Bitmap Heap Scan on sbtest5  (cost=22.38..3746.91 rows=970 width=4)
	        Recheck Cond: ((id >= 1423786) AND (id <= 1424785))
	        ->  Bitmap Index Scan on sbtest5_pkey  (cost=0.00..22.14 rows=970 width=0)
	              Index Cond: ((id >= 1423786) AND (id <= 1424785))

table 6 : explain SELECT SUM(k) FROM sbtest6 WHERE id BETWEEN 212439 AND 213438
	Aggregate  (cost=3995.23..3995.24 rows=1 width=8)
	  ->  Bitmap Heap Scan on sbtest6  (cost=23.04..3992.64 rows=1035 width=4)
	        Recheck Cond: ((id >= 212439) AND (id <= 213438))
	        ->  Bitmap Index Scan on sbtest6_pkey  (cost=0.00..22.79 rows=1035 width=0)
	              Index Cond: ((id >= 212439) AND (id <= 213438))

table 7 : explain SELECT SUM(k) FROM sbtest7 WHERE id BETWEEN 6178944 AND 6179943
	Aggregate  (cost=3727.28..3727.29 rows=1 width=8)
	  ->  Bitmap Heap Scan on sbtest7  (cost=22.32..3724.87 rows=964 width=4)
	        Recheck Cond: ((id >= 6178944) AND (id <= 6179943))
	        ->  Bitmap Index Scan on sbtest7_pkey  (cost=0.00..22.07 rows=964 width=0)
	              Index Cond: ((id >= 6178944) AND (id <= 6179943))

table 8 : explain SELECT SUM(k) FROM sbtest8 WHERE id BETWEEN 6476685 AND 6477684
	Aggregate  (cost=3860.38..3860.39 rows=1 width=8)
	  ->  Bitmap Heap Scan on sbtest8  (cost=22.67..3857.88 rows=999 width=4)
	        Recheck Cond: ((id >= 6476685) AND (id <= 6477684))
	        ->  Bitmap Index Scan on sbtest8_pkey  (cost=0.00..22.43 rows=999 width=0)
	              Index Cond: ((id >= 6476685) AND (id <= 6477684))

explain: for point_selects :: explain SELECT c FROM sbtest%u WHERE id=%u
for: simple_ranges
table 1 : explain SELECT c FROM sbtest1 WHERE id BETWEEN 282797 AND 283796
	Bitmap Heap Scan on sbtest1  (cost=22.71..3866.55 rows=1002 width=121)
	  Recheck Cond: ((id >= 282797) AND (id <= 283796))
	  ->  Bitmap Index Scan on sbtest1_pkey  (cost=0.00..22.45 rows=1002 width=0)
	        Index Cond: ((id >= 282797) AND (id <= 283796))

table 2 : explain SELECT c FROM sbtest2 WHERE id BETWEEN 5240842 AND 5241841
	Bitmap Heap Scan on sbtest2  (cost=22.53..3802.67 rows=985 width=121)
	  Recheck Cond: ((id >= 5240842) AND (id <= 5241841))
	  ->  Bitmap Index Scan on sbtest2_pkey  (cost=0.00..22.29 rows=985 width=0)
	        Index Cond: ((id >= 5240842) AND (id <= 5241841))

table 3 : explain SELECT c FROM sbtest3 WHERE id BETWEEN 1424522 AND 1425521
	Bitmap Heap Scan on sbtest3  (cost=22.27..3708.84 rows=960 width=121)
	  Recheck Cond: ((id >= 1424522) AND (id <= 1425521))
	  ->  Bitmap Index Scan on sbtest3_pkey  (cost=0.00..22.04 rows=960 width=0)
	        Index Cond: ((id >= 1424522) AND (id <= 1425521))

table 4 : explain SELECT c FROM sbtest4 WHERE id BETWEEN 5693761 AND 5694760
	Bitmap Heap Scan on sbtest4  (cost=22.24..3697.79 rows=957 width=121)
	  Recheck Cond: ((id >= 5693761) AND (id <= 5694760))
	  ->  Bitmap Index Scan on sbtest4_pkey  (cost=0.00..22.00 rows=957 width=0)
	        Index Cond: ((id >= 5693761) AND (id <= 5694760))

table 5 : explain SELECT c FROM sbtest5 WHERE id BETWEEN 611664 AND 612663
	Bitmap Heap Scan on sbtest5  (cost=23.00..3976.53 rows=1031 width=121)
	  Recheck Cond: ((id >= 611664) AND (id <= 612663))
	  ->  Bitmap Index Scan on sbtest5_pkey  (cost=0.00..22.75 rows=1031 width=0)
	        Index Cond: ((id >= 611664) AND (id <= 612663))

table 6 : explain SELECT c FROM sbtest6 WHERE id BETWEEN 4659128 AND 4660127
	Bitmap Heap Scan on sbtest6  (cost=21.92..3578.11 rows=925 width=121)
	  Recheck Cond: ((id >= 4659128) AND (id <= 4660127))
	  ->  Bitmap Index Scan on sbtest6_pkey  (cost=0.00..21.68 rows=925 width=0)
	        Index Cond: ((id >= 4659128) AND (id <= 4660127))

table 7 : explain SELECT c FROM sbtest7 WHERE id BETWEEN 6073265 AND 6074264
	Bitmap Heap Scan on sbtest7  (cost=22.48..3785.18 rows=980 width=121)
	  Recheck Cond: ((id >= 6073265) AND (id <= 6074264))
	  ->  Bitmap Index Scan on sbtest7_pkey  (cost=0.00..22.23 rows=980 width=0)
	        Index Cond: ((id >= 6073265) AND (id <= 6074264))

table 8 : explain SELECT c FROM sbtest8 WHERE id BETWEEN 4170206 AND 4171205
	Bitmap Heap Scan on sbtest8  (cost=22.23..3695.78 rows=956 width=121)
	  Recheck Cond: ((id >= 4170206) AND (id <= 4171205))
	  ->  Bitmap Index Scan on sbtest8_pkey  (cost=0.00..22.00 rows=956 width=0)
	        Index Cond: ((id >= 4170206) AND (id <= 4171205))

for: sum_ranges
table 1 : explain SELECT SUM(k) FROM sbtest1 WHERE id BETWEEN 6037315 AND 6038314
	Aggregate  (cost=3590.06..3590.07 rows=1 width=8)
	  ->  Bitmap Heap Scan on sbtest1  (cost=21.95..3587.74 rows=928 width=4)
	        Recheck Cond: ((id >= 6037315) AND (id <= 6038314))
	        ->  Bitmap Index Scan on sbtest1_pkey  (cost=0.00..21.71 rows=928 width=0)
	              Index Cond: ((id >= 6037315) AND (id <= 6038314))

table 2 : explain SELECT SUM(k) FROM sbtest2 WHERE id BETWEEN 497102 AND 498101
	Aggregate  (cost=3605.26..3605.27 rows=1 width=8)
	  ->  Bitmap Heap Scan on sbtest2  (cost=21.99..3602.93 rows=932 width=4)
	        Recheck Cond: ((id >= 497102) AND (id <= 498101))
	        ->  Bitmap Index Scan on sbtest2_pkey  (cost=0.00..21.75 rows=932 width=0)
	              Index Cond: ((id >= 497102) AND (id <= 498101))

table 3 : explain SELECT SUM(k) FROM sbtest3 WHERE id BETWEEN 7527290 AND 7528289
	Aggregate  (cost=3594.26..3594.27 rows=1 width=8)
	  ->  Bitmap Heap Scan on sbtest3  (cost=21.96..3591.94 rows=929 width=4)
	        Recheck Cond: ((id >= 7527290) AND (id <= 7528289))
	        ->  Bitmap Index Scan on sbtest3_pkey  (cost=0.00..21.72 rows=929 width=0)
	              Index Cond: ((id >= 7527290) AND (id <= 7528289))

table 4 : explain SELECT SUM(k) FROM sbtest4 WHERE id BETWEEN 8877989 AND 8878988
	Aggregate  (cost=3798.21..3798.22 rows=1 width=8)
	  ->  Bitmap Heap Scan on sbtest4  (cost=22.51..3795.76 rows=983 width=4)
	        Recheck Cond: ((id >= 8877989) AND (id <= 8878988))
	        ->  Bitmap Index Scan on sbtest4_pkey  (cost=0.00..22.26 rows=983 width=0)
	              Index Cond: ((id >= 8877989) AND (id <= 8878988))

table 5 : explain SELECT SUM(k) FROM sbtest5 WHERE id BETWEEN 1119264 AND 1120263
	Aggregate  (cost=3933.94..3933.95 rows=1 width=8)
	  ->  Bitmap Heap Scan on sbtest5  (cost=22.88..3931.40 rows=1019 width=4)
	        Recheck Cond: ((id >= 1119264) AND (id <= 1120263))
	        ->  Bitmap Index Scan on sbtest5_pkey  (cost=0.00..22.62 rows=1019 width=0)
	              Index Cond: ((id >= 1119264) AND (id <= 1120263))

table 6 : explain SELECT SUM(k) FROM sbtest6 WHERE id BETWEEN 9725723 AND 9726722
	Aggregate  (cost=4062.95..4062.96 rows=1 width=8)
	  ->  Bitmap Heap Scan on sbtest6  (cost=23.23..4060.32 rows=1053 width=4)
	        Recheck Cond: ((id >= 9725723) AND (id <= 9726722))
	        ->  Bitmap Index Scan on sbtest6_pkey  (cost=0.00..22.96 rows=1053 width=0)
	              Index Cond: ((id >= 9725723) AND (id <= 9726722))

table 7 : explain SELECT SUM(k) FROM sbtest7 WHERE id BETWEEN 1380682 AND 1381681
	Aggregate  (cost=3953.39..3953.40 rows=1 width=8)
	  ->  Bitmap Heap Scan on sbtest7  (cost=22.93..3950.83 rows=1024 width=4)
	        Recheck Cond: ((id >= 1380682) AND (id <= 1381681))
	        ->  Bitmap Index Scan on sbtest7_pkey  (cost=0.00..22.68 rows=1024 width=0)
	              Index Cond: ((id >= 1380682) AND (id <= 1381681))

table 8 : explain SELECT SUM(k) FROM sbtest8 WHERE id BETWEEN 3288813 AND 3289812
	Aggregate  (cost=3599.97..3599.98 rows=1 width=8)
	  ->  Bitmap Heap Scan on sbtest8  (cost=21.97..3597.64 rows=930 width=4)
	        Recheck Cond: ((id >= 3288813) AND (id <= 3289812))
	        ->  Bitmap Index Scan on sbtest8_pkey  (cost=0.00..21.73 rows=930 width=0)
	              Index Cond: ((id >= 3288813) AND (id <= 3289812))

for: simple_ranges
table 1 : explain SELECT c FROM sbtest1 WHERE id BETWEEN 7247575 AND 7248574
	Bitmap Heap Scan on sbtest1  (cost=22.94..3953.05 rows=1025 width=121)
	  Recheck Cond: ((id >= 7247575) AND (id <= 7248574))
	  ->  Bitmap Index Scan on sbtest1_pkey  (cost=0.00..22.68 rows=1025 width=0)
	        Index Cond: ((id >= 7247575) AND (id <= 7248574))

table 2 : explain SELECT c FROM sbtest2 WHERE id BETWEEN 9034541 AND 9035540
	Bitmap Heap Scan on sbtest2  (cost=22.77..3889.24 rows=1008 width=121)
	  Recheck Cond: ((id >= 9034541) AND (id <= 9035540))
	  ->  Bitmap Index Scan on sbtest2_pkey  (cost=0.00..22.51 rows=1008 width=0)
	        Index Cond: ((id >= 9034541) AND (id <= 9035540))

table 3 : explain SELECT c FROM sbtest3 WHERE id BETWEEN 8123841 AND 8124840
	Bitmap Heap Scan on sbtest3  (cost=21.78..3527.78 rows=912 width=121)
	  Recheck Cond: ((id >= 8123841) AND (id <= 8124840))
	  ->  Bitmap Index Scan on sbtest3_pkey  (cost=0.00..21.55 rows=912 width=0)
	        Index Cond: ((id >= 8123841) AND (id <= 8124840))

table 4 : explain SELECT c FROM sbtest4 WHERE id BETWEEN 2541224 AND 2542223
	Bitmap Heap Scan on sbtest4  (cost=23.18..4040.29 rows=1048 width=121)
	  Recheck Cond: ((id >= 2541224) AND (id <= 2542223))
	  ->  Bitmap Index Scan on sbtest4_pkey  (cost=0.00..22.91 rows=1048 width=0)
	        Index Cond: ((id >= 2541224) AND (id <= 2542223))

table 5 : explain SELECT c FROM sbtest5 WHERE id BETWEEN 7103062 AND 7104061
	Bitmap Heap Scan on sbtest5  (cost=22.71..3867.43 rows=1002 width=121)
	  Recheck Cond: ((id >= 7103062) AND (id <= 7104061))
	  ->  Bitmap Index Scan on sbtest5_pkey  (cost=0.00..22.45 rows=1002 width=0)
	        Index Cond: ((id >= 7103062) AND (id <= 7104061))

table 6 : explain SELECT c FROM sbtest6 WHERE id BETWEEN 2995698 AND 2996697
	Bitmap Heap Scan on sbtest6  (cost=22.19..3680.00 rows=952 width=121)
	  Recheck Cond: ((id >= 2995698) AND (id <= 2996697))
	  ->  Bitmap Index Scan on sbtest6_pkey  (cost=0.00..21.95 rows=952 width=0)
	        Index Cond: ((id >= 2995698) AND (id <= 2996697))

table 7 : explain SELECT c FROM sbtest7 WHERE id BETWEEN 8113030 AND 8114029
	Bitmap Heap Scan on sbtest7  (cost=22.85..3920.73 rows=1016 width=121)
	  Recheck Cond: ((id >= 8113030) AND (id <= 8114029))
	  ->  Bitmap Index Scan on sbtest7_pkey  (cost=0.00..22.59 rows=1016 width=0)
	        Index Cond: ((id >= 8113030) AND (id <= 8114029))

table 8 : explain SELECT c FROM sbtest8 WHERE id BETWEEN 5612071 AND 5613070
	Bitmap Heap Scan on sbtest8  (cost=21.96..3593.87 rows=929 width=121)
	  Recheck Cond: ((id >= 5612071) AND (id <= 5613070))
	  ->  Bitmap Index Scan on sbtest8_pkey  (cost=0.00..21.72 rows=929 width=0)
	        Index Cond: ((id >= 5612071) AND (id <= 5613070))

for: simple_ranges
table 1 : explain SELECT c FROM sbtest1 WHERE id BETWEEN 3359154 AND 3360153
	Bitmap Heap Scan on sbtest1  (cost=22.65..3847.73 rows=997 width=121)
	  Recheck Cond: ((id >= 3359154) AND (id <= 3360153))
	  ->  Bitmap Index Scan on sbtest1_pkey  (cost=0.00..22.40 rows=997 width=0)
	        Index Cond: ((id >= 3359154) AND (id <= 3360153))

table 2 : explain SELECT c FROM sbtest2 WHERE id BETWEEN 5079414 AND 5080413
	Bitmap Heap Scan on sbtest2  (cost=23.13..4020.83 rows=1043 width=121)
	  Recheck Cond: ((id >= 5079414) AND (id <= 5080413))
	  ->  Bitmap Index Scan on sbtest2_pkey  (cost=0.00..22.86 rows=1043 width=0)
	        Index Cond: ((id >= 5079414) AND (id <= 5080413))

table 3 : explain SELECT c FROM sbtest3 WHERE id BETWEEN 7763067 AND 7764066
	Bitmap Heap Scan on sbtest3  (cost=22.46..3776.66 rows=978 width=121)
	  Recheck Cond: ((id >= 7763067) AND (id <= 7764066))
	  ->  Bitmap Index Scan on sbtest3_pkey  (cost=0.00..22.21 rows=978 width=0)
	        Index Cond: ((id >= 7763067) AND (id <= 7764066))

table 4 : explain SELECT c FROM sbtest4 WHERE id BETWEEN 449613 AND 450612
	Bitmap Heap Scan on sbtest4  (cost=22.07..3633.68 rows=940 width=121)
	  Recheck Cond: ((id >= 449613) AND (id <= 450612))
	  ->  Bitmap Index Scan on sbtest4_pkey  (cost=0.00..21.83 rows=940 width=0)
	        Index Cond: ((id >= 449613) AND (id <= 450612))

table 5 : explain SELECT c FROM sbtest5 WHERE id BETWEEN 3842936 AND 3843935
	Bitmap Heap Scan on sbtest5  (cost=22.74..3878.72 rows=1005 width=121)
	  Recheck Cond: ((id >= 3842936) AND (id <= 3843935))
	  ->  Bitmap Index Scan on sbtest5_pkey  (cost=0.00..22.48 rows=1005 width=0)
	        Index Cond: ((id >= 3842936) AND (id <= 3843935))

table 6 : explain SELECT c FROM sbtest6 WHERE id BETWEEN 1644097 AND 1645096
	Bitmap Heap Scan on sbtest6  (cost=22.91..3943.73 rows=1022 width=121)
	  Recheck Cond: ((id >= 1644097) AND (id <= 1645096))
	  ->  Bitmap Index Scan on sbtest6_pkey  (cost=0.00..22.65 rows=1022 width=0)
	        Index Cond: ((id >= 1644097) AND (id <= 1645096))

table 7 : explain SELECT c FROM sbtest7 WHERE id BETWEEN 9054523 AND 9055522
	Bitmap Heap Scan on sbtest7  (cost=22.82..3909.44 rows=1013 width=121)
	  Recheck Cond: ((id >= 9054523) AND (id <= 9055522))
	  ->  Bitmap Index Scan on sbtest7_pkey  (cost=0.00..22.57 rows=1013 width=0)
	        Index Cond: ((id >= 9054523) AND (id <= 9055522))

table 8 : explain SELECT c FROM sbtest8 WHERE id BETWEEN 4557674 AND 4558673
	Bitmap Heap Scan on sbtest8  (cost=23.27..4076.16 rows=1057 width=121)
	  Recheck Cond: ((id >= 4557674) AND (id <= 4558673))
	  ->  Bitmap Index Scan on sbtest8_pkey  (cost=0.00..23.00 rows=1057 width=0)
	        Index Cond: ((id >= 4557674) AND (id <= 4558673))

for: simple_ranges
table 1 : explain SELECT c FROM sbtest1 WHERE id BETWEEN 5152393 AND 5153392
	Bitmap Heap Scan on sbtest1  (cost=23.00..3975.61 rows=1031 width=121)
	  Recheck Cond: ((id >= 5152393) AND (id <= 5153392))
	  ->  Bitmap Index Scan on sbtest1_pkey  (cost=0.00..22.75 rows=1031 width=0)
	        Index Cond: ((id >= 5152393) AND (id <= 5153392))

table 2 : explain SELECT c FROM sbtest2 WHERE id BETWEEN 9107957 AND 9108956
	Bitmap Heap Scan on sbtest2  (cost=22.77..3889.24 rows=1008 width=121)
	  Recheck Cond: ((id >= 9107957) AND (id <= 9108956))
	  ->  Bitmap Index Scan on sbtest2_pkey  (cost=0.00..22.51 rows=1008 width=0)
	        Index Cond: ((id >= 9107957) AND (id <= 9108956))

table 3 : explain SELECT c FROM sbtest3 WHERE id BETWEEN 5861929 AND 5862928
	Bitmap Heap Scan on sbtest3  (cost=22.65..3848.21 rows=997 width=121)
	  Recheck Cond: ((id >= 5861929) AND (id <= 5862928))
	  ->  Bitmap Index Scan on sbtest3_pkey  (cost=0.00..22.40 rows=997 width=0)
	        Index Cond: ((id >= 5861929) AND (id <= 5862928))

table 4 : explain SELECT c FROM sbtest4 WHERE id BETWEEN 2327456 AND 2328455
	Bitmap Heap Scan on sbtest4  (cost=23.11..4013.99 rows=1041 width=121)
	  Recheck Cond: ((id >= 2327456) AND (id <= 2328455))
	  ->  Bitmap Index Scan on sbtest4_pkey  (cost=0.00..22.84 rows=1041 width=0)
	        Index Cond: ((id >= 2327456) AND (id <= 2328455))

table 5 : explain SELECT c FROM sbtest5 WHERE id BETWEEN 450885 AND 451884
	Bitmap Heap Scan on sbtest5  (cost=23.28..4078.01 rows=1058 width=121)
	  Recheck Cond: ((id >= 450885) AND (id <= 451884))
	  ->  Bitmap Index Scan on sbtest5_pkey  (cost=0.00..23.01 rows=1058 width=0)
	        Index Cond: ((id >= 450885) AND (id <= 451884))

table 6 : explain SELECT c FROM sbtest6 WHERE id BETWEEN 1305676 AND 1306675
	Bitmap Heap Scan on sbtest6  (cost=21.94..3585.66 rows=927 width=121)
	  Recheck Cond: ((id >= 1305676) AND (id <= 1306675))
	  ->  Bitmap Index Scan on sbtest6_pkey  (cost=0.00..21.70 rows=927 width=0)
	        Index Cond: ((id >= 1305676) AND (id <= 1306675))

table 7 : explain SELECT c FROM sbtest7 WHERE id BETWEEN 3892201 AND 3893200
	Bitmap Heap Scan on sbtest7  (cost=22.60..3830.38 rows=992 width=121)
	  Recheck Cond: ((id >= 3892201) AND (id <= 3893200))
	  ->  Bitmap Index Scan on sbtest7_pkey  (cost=0.00..22.36 rows=992 width=0)
	        Index Cond: ((id >= 3892201) AND (id <= 3893200))

table 8 : explain SELECT c FROM sbtest8 WHERE id BETWEEN 1002766 AND 1003765
	Bitmap Heap Scan on sbtest8  (cost=27.96..4328.05 rows=1124 width=121)
	  Recheck Cond: ((id >= 1002766) AND (id <= 1003765))
	  ->  Bitmap Index Scan on sbtest8_pkey  (cost=0.00..27.68 rows=1124 width=0)
	        Index Cond: ((id >= 1002766) AND (id <= 1003765))

for point_selects
table 1 : explain SELECT c FROM sbtest1 WHERE id=4004923
	Index Scan using sbtest1_pkey on sbtest1  (cost=0.43..8.45 rows=1 width=121)
	  Index Cond: (id = 4004923)

table 2 : explain SELECT c FROM sbtest2 WHERE id=6938843
	Index Scan using sbtest2_pkey on sbtest2  (cost=0.43..8.45 rows=1 width=121)
	  Index Cond: (id = 6938843)

table 3 : explain SELECT c FROM sbtest3 WHERE id=8054197
	Index Scan using sbtest3_pkey on sbtest3  (cost=0.43..8.45 rows=1 width=121)
	  Index Cond: (id = 8054197)

table 4 : explain SELECT c FROM sbtest4 WHERE id=41055
	Index Scan using sbtest4_pkey on sbtest4  (cost=0.43..8.45 rows=1 width=121)
	  Index Cond: (id = 41055)

table 5 : explain SELECT c FROM sbtest5 WHERE id=3781876
	Index Scan using sbtest5_pkey on sbtest5  (cost=0.43..8.45 rows=1 width=121)
	  Index Cond: (id = 3781876)

table 6 : explain SELECT c FROM sbtest6 WHERE id=1740981
	Index Scan using sbtest6_pkey on sbtest6  (cost=0.43..8.45 rows=1 width=121)
	  Index Cond: (id = 1740981)

table 7 : explain SELECT c FROM sbtest7 WHERE id=5950073
	Index Scan using sbtest7_pkey on sbtest7  (cost=0.43..8.45 rows=1 width=121)
	  Index Cond: (id = 5950073)

table 8 : explain SELECT c FROM sbtest8 WHERE id=5387647
	Index Scan using sbtest8_pkey on sbtest8  (cost=0.43..8.45 rows=1 width=121)
	  Index Cond: (id = 5387647)

for: order_ranges
table 1 : explain SELECT c FROM sbtest1 WHERE id BETWEEN 9607346 AND 9608345 ORDER BY c
	Sort  (cost=3782.72..3785.14 rows=967 width=121)
	  Sort Key: c
	  ->  Bitmap Heap Scan on sbtest1  (cost=22.35..3734.77 rows=967 width=121)
	        Recheck Cond: ((id >= 9607346) AND (id <= 9608345))
	        ->  Bitmap Index Scan on sbtest1_pkey  (cost=0.00..22.11 rows=967 width=0)
	              Index Cond: ((id >= 9607346) AND (id <= 9608345))

table 2 : explain SELECT c FROM sbtest2 WHERE id BETWEEN 4414020 AND 4415019 ORDER BY c
	Sort  (cost=3897.50..3899.99 rows=997 width=121)
	  Sort Key: c
	  ->  Bitmap Heap Scan on sbtest2  (cost=22.65..3847.84 rows=997 width=121)
	        Recheck Cond: ((id >= 4414020) AND (id <= 4415019))
	        ->  Bitmap Index Scan on sbtest2_pkey  (cost=0.00..22.40 rows=997 width=0)
	              Index Cond: ((id >= 4414020) AND (id <= 4415019))

table 3 : explain SELECT c FROM sbtest3 WHERE id BETWEEN 6407570 AND 6408569 ORDER BY c
	Sort  (cost=3492.12..3494.34 rows=891 width=121)
	  Sort Key: c
	  ->  Bitmap Heap Scan on sbtest3  (cost=21.57..3448.46 rows=891 width=121)
	        Recheck Cond: ((id >= 6407570) AND (id <= 6408569))
	        ->  Bitmap Index Scan on sbtest3_pkey  (cost=0.00..21.34 rows=891 width=0)
	              Index Cond: ((id >= 6407570) AND (id <= 6408569))

table 4 : explain SELECT c FROM sbtest4 WHERE id BETWEEN 1125690 AND 1126689 ORDER BY c
	Sort  (cost=4020.36..4022.93 rows=1029 width=121)
	  Sort Key: c
	  ->  Bitmap Heap Scan on sbtest4  (cost=22.98..3968.87 rows=1029 width=121)
	        Recheck Cond: ((id >= 1125690) AND (id <= 1126689))
	        ->  Bitmap Index Scan on sbtest4_pkey  (cost=0.00..22.72 rows=1029 width=0)
	              Index Cond: ((id >= 1125690) AND (id <= 1126689))

table 5 : explain SELECT c FROM sbtest5 WHERE id BETWEEN 6435575 AND 6436574 ORDER BY c
	Sort  (cost=3526.97..3529.22 rows=900 width=121)
	  Sort Key: c
	  ->  Bitmap Heap Scan on sbtest5  (cost=21.66..3482.80 rows=900 width=121)
	        Recheck Cond: ((id >= 6435575) AND (id <= 6436574))
	        ->  Bitmap Index Scan on sbtest5_pkey  (cost=0.00..21.43 rows=900 width=0)
	              Index Cond: ((id >= 6435575) AND (id <= 6436574))

table 6 : explain SELECT c FROM sbtest6 WHERE id BETWEEN 2964138 AND 2965137 ORDER BY c
	Sort  (cost=3727.10..3729.48 rows=952 width=121)
	  Sort Key: c
	  ->  Bitmap Heap Scan on sbtest6  (cost=22.19..3680.00 rows=952 width=121)
	        Recheck Cond: ((id >= 2964138) AND (id <= 2965137))
	        ->  Bitmap Index Scan on sbtest6_pkey  (cost=0.00..21.95 rows=952 width=0)
	              Index Cond: ((id >= 2964138) AND (id <= 2965137))

table 7 : explain SELECT c FROM sbtest7 WHERE id BETWEEN 4690316 AND 4691315 ORDER BY c
	Sort  (cost=4234.79..4237.50 rows=1085 width=121)
	  Sort Key: c
	  ->  Bitmap Heap Scan on sbtest7  (cost=23.56..4180.09 rows=1085 width=121)
	        Recheck Cond: ((id >= 4690316) AND (id <= 4691315))
	        ->  Bitmap Index Scan on sbtest7_pkey  (cost=0.00..23.29 rows=1085 width=0)
	              Index Cond: ((id >= 4690316) AND (id <= 4691315))

table 8 : explain SELECT c FROM sbtest8 WHERE id BETWEEN 9136933 AND 9137932 ORDER BY c
	Sort  (cost=3850.28..3852.74 rows=984 width=121)
	  Sort Key: c
	  ->  Bitmap Heap Scan on sbtest8  (cost=22.52..3801.36 rows=984 width=121)
	        Recheck Cond: ((id >= 9136933) AND (id <= 9137932))
	        ->  Bitmap Index Scan on sbtest8_pkey  (cost=0.00..22.27 rows=984 width=0)
	              Index Cond: ((id >= 9136933) AND (id <= 9137932))

for: sum_ranges
table 1 : explain SELECT SUM(k) FROM sbtest1 WHERE id BETWEEN 6396574 AND 6397573
	Aggregate  (cost=3902.93..3902.94 rows=1 width=8)
	  ->  Bitmap Heap Scan on sbtest1  (cost=22.80..3900.41 rows=1011 width=4)
	        Recheck Cond: ((id >= 6396574) AND (id <= 6397573))
	        ->  Bitmap Index Scan on sbtest1_pkey  (cost=0.00..22.54 rows=1011 width=0)
	              Index Cond: ((id >= 6396574) AND (id <= 6397573))

table 2 : explain SELECT SUM(k) FROM sbtest2 WHERE id BETWEEN 7688557 AND 7689556
	Aggregate  (cost=3808.90..3808.91 rows=1 width=8)
	  ->  Bitmap Heap Scan on sbtest2  (cost=22.54..3806.44 rows=986 width=4)
	        Recheck Cond: ((id >= 7688557) AND (id <= 7689556))
	        ->  Bitmap Index Scan on sbtest2_pkey  (cost=0.00..22.29 rows=986 width=0)
	              Index Cond: ((id >= 7688557) AND (id <= 7689556))

table 3 : explain SELECT SUM(k) FROM sbtest3 WHERE id BETWEEN 580058 AND 581057
	Aggregate  (cost=4147.86..4147.87 rows=1 width=8)
	  ->  Bitmap Heap Scan on sbtest3  (cost=23.46..4145.17 rows=1076 width=4)
	        Recheck Cond: ((id >= 580058) AND (id <= 581057))
	        ->  Bitmap Index Scan on sbtest3_pkey  (cost=0.00..23.19 rows=1076 width=0)
	              Index Cond: ((id >= 580058) AND (id <= 581057))

table 4 : explain SELECT SUM(k) FROM sbtest4 WHERE id BETWEEN 2363826 AND 2364825
	Aggregate  (cost=4016.59..4016.60 rows=1 width=8)
	  ->  Bitmap Heap Scan on sbtest4  (cost=23.11..4013.99 rows=1041 width=4)
	        Recheck Cond: ((id >= 2363826) AND (id <= 2364825))
	        ->  Bitmap Index Scan on sbtest4_pkey  (cost=0.00..22.84 rows=1041 width=0)
	              Index Cond: ((id >= 2363826) AND (id <= 2364825))

table 5 : explain SELECT SUM(k) FROM sbtest5 WHERE id BETWEEN 9658474 AND 9659473
	Aggregate  (cost=3636.15..3636.16 rows=1 width=8)
	  ->  Bitmap Heap Scan on sbtest5  (cost=22.07..3633.80 rows=940 width=4)
	        Recheck Cond: ((id >= 9658474) AND (id <= 9659473))
	        ->  Bitmap Index Scan on sbtest5_pkey  (cost=0.00..21.83 rows=940 width=0)
	              Index Cond: ((id >= 9658474) AND (id <= 9659473))

table 6 : explain SELECT SUM(k) FROM sbtest6 WHERE id BETWEEN 7452993 AND 7453992
	Aggregate  (cost=3720.12..3720.13 rows=1 width=8)
	  ->  Bitmap Heap Scan on sbtest6  (cost=22.30..3717.72 rows=962 width=4)
	        Recheck Cond: ((id >= 7452993) AND (id <= 7453992))
	        ->  Bitmap Index Scan on sbtest6_pkey  (cost=0.00..22.05 rows=962 width=0)
	              Index Cond: ((id >= 7452993) AND (id <= 7453992))

table 7 : explain SELECT SUM(k) FROM sbtest7 WHERE id BETWEEN 9324997 AND 9325996
	Aggregate  (cost=3942.10..3942.11 rows=1 width=8)
	  ->  Bitmap Heap Scan on sbtest7  (cost=22.90..3939.55 rows=1021 width=4)
	        Recheck Cond: ((id >= 9324997) AND (id <= 9325996))
	        ->  Bitmap Index Scan on sbtest7_pkey  (cost=0.00..22.64 rows=1021 width=0)
	              Index Cond: ((id >= 9324997) AND (id <= 9325996))

table 8 : explain SELECT SUM(k) FROM sbtest8 WHERE id BETWEEN 7450138 AND 7451137
	Aggregate  (cost=4116.65..4116.66 rows=1 width=8)
	  ->  Bitmap Heap Scan on sbtest8  (cost=27.36..4113.99 rows=1066 width=4)
	        Recheck Cond: ((id >= 7450138) AND (id <= 7451137))
	        ->  Bitmap Index Scan on sbtest8_pkey  (cost=0.00..27.09 rows=1066 width=0)
	              Index Cond: ((id >= 7450138) AND (id <= 7451137))

for point_selects
table 1 : explain SELECT c FROM sbtest1 WHERE id=2184123
	Index Scan using sbtest1_pkey on sbtest1  (cost=0.43..8.45 rows=1 width=121)
	  Index Cond: (id = 2184123)

table 2 : explain SELECT c FROM sbtest2 WHERE id=5391418
	Index Scan using sbtest2_pkey on sbtest2  (cost=0.43..8.45 rows=1 width=121)
	  Index Cond: (id = 5391418)

table 3 : explain SELECT c FROM sbtest3 WHERE id=7144694
	Index Scan using sbtest3_pkey on sbtest3  (cost=0.43..8.45 rows=1 width=121)
	  Index Cond: (id = 7144694)

table 4 : explain SELECT c FROM sbtest4 WHERE id=3951332
	Index Scan using sbtest4_pkey on sbtest4  (cost=0.43..8.45 rows=1 width=121)
	  Index Cond: (id = 3951332)

table 5 : explain SELECT c FROM sbtest5 WHERE id=9865104
	Index Scan using sbtest5_pkey on sbtest5  (cost=0.43..8.45 rows=1 width=121)
	  Index Cond: (id = 9865104)

table 6 : explain SELECT c FROM sbtest6 WHERE id=7465586
	Index Scan using sbtest6_pkey on sbtest6  (cost=0.43..8.45 rows=1 width=121)
	  Index Cond: (id = 7465586)

table 7 : explain SELECT c FROM sbtest7 WHERE id=1373790
	Index Scan using sbtest7_pkey on sbtest7  (cost=0.43..8.45 rows=1 width=121)
	  Index Cond: (id = 1373790)

table 8 : explain SELECT c FROM sbtest8 WHERE id=9286906
	Index Scan using sbtest8_pkey on sbtest8  (cost=0.43..8.45 rows=1 width=121)
	  Index Cond: (id = 9286906)

for: simple_ranges
table 1 : explain SELECT c FROM sbtest1 WHERE id BETWEEN 9809268 AND 9810267
	Bitmap Heap Scan on sbtest1  (cost=22.12..3651.86 rows=945 width=121)
	  Recheck Cond: ((id >= 9809268) AND (id <= 9810267))
	  ->  Bitmap Index Scan on sbtest1_pkey  (cost=0.00..21.89 rows=945 width=0)
	        Index Cond: ((id >= 9809268) AND (id <= 9810267))

table 2 : explain SELECT c FROM sbtest2 WHERE id BETWEEN 1538161 AND 1539160
	Bitmap Heap Scan on sbtest2  (cost=22.96..3960.69 rows=1027 width=121)
	  Recheck Cond: ((id >= 1538161) AND (id <= 1539160))
	  ->  Bitmap Index Scan on sbtest2_pkey  (cost=0.00..22.70 rows=1027 width=0)
	        Index Cond: ((id >= 1538161) AND (id <= 1539160))

table 3 : explain SELECT c FROM sbtest3 WHERE id BETWEEN 8177173 AND 8178172
	Bitmap Heap Scan on sbtest3  (cost=21.78..3527.78 rows=912 width=121)
	  Recheck Cond: ((id >= 8177173) AND (id <= 8178172))
	  ->  Bitmap Index Scan on sbtest3_pkey  (cost=0.00..21.55 rows=912 width=0)
	        Index Cond: ((id >= 8177173) AND (id <= 8178172))

table 4 : explain SELECT c FROM sbtest4 WHERE id BETWEEN 6984709 AND 6985708
	Bitmap Heap Scan on sbtest4  (cost=22.53..3803.29 rows=985 width=121)
	  Recheck Cond: ((id >= 6984709) AND (id <= 6985708))
	  ->  Bitmap Index Scan on sbtest4_pkey  (cost=0.00..22.29 rows=985 width=0)
	        Index Cond: ((id >= 6984709) AND (id <= 6985708))

table 5 : explain SELECT c FROM sbtest5 WHERE id BETWEEN 1151794 AND 1152793
	Bitmap Heap Scan on sbtest5  (cost=22.88..3931.40 rows=1019 width=121)
	  Recheck Cond: ((id >= 1151794) AND (id <= 1152793))
	  ->  Bitmap Index Scan on sbtest5_pkey  (cost=0.00..22.62 rows=1019 width=0)
	        Index Cond: ((id >= 1151794) AND (id <= 1152793))

table 6 : explain SELECT c FROM sbtest6 WHERE id BETWEEN 7200000 AND 7200999
	Bitmap Heap Scan on sbtest6  (cost=22.92..3947.49 rows=1023 width=121)
	  Recheck Cond: ((id >= 7200000) AND (id <= 7200999))
	  ->  Bitmap Index Scan on sbtest6_pkey  (cost=0.00..22.66 rows=1023 width=0)
	        Index Cond: ((id >= 7200000) AND (id <= 7200999))

table 7 : explain SELECT c FROM sbtest7 WHERE id BETWEEN 554673 AND 555672
	Bitmap Heap Scan on sbtest7  (cost=21.83..3547.54 rows=917 width=121)
	  Recheck Cond: ((id >= 554673) AND (id <= 555672))
	  ->  Bitmap Index Scan on sbtest7_pkey  (cost=0.00..21.61 rows=917 width=0)
	        Index Cond: ((id >= 554673) AND (id <= 555672))

table 8 : explain SELECT c FROM sbtest8 WHERE id BETWEEN 2567301 AND 2568300
	Bitmap Heap Scan on sbtest8  (cost=22.50..3793.82 rows=982 width=121)
	  Recheck Cond: ((id >= 2567301) AND (id <= 2568300))
	  ->  Bitmap Index Scan on sbtest8_pkey  (cost=0.00..22.25 rows=982 width=0)
	        Index Cond: ((id >= 2567301) AND (id <= 2568300))

explain: for point_selects :: explain SELECT c FROM sbtest%u WHERE id=%u
explain: for point_selects :: explain SELECT c FROM sbtest%u WHERE id=%u
explain: for point_selects :: explain SELECT c FROM sbtest%u WHERE id=%u
for: sum_ranges
table 1 : explain SELECT SUM(k) FROM sbtest1 WHERE id BETWEEN 6735969 AND 6736968
	Aggregate  (cost=3805.02..3805.03 rows=1 width=8)
	  ->  Bitmap Heap Scan on sbtest1  (cost=22.53..3802.56 rows=985 width=4)
	        Recheck Cond: ((id >= 6735969) AND (id <= 6736968))
	        ->  Bitmap Index Scan on sbtest1_pkey  (cost=0.00..22.29 rows=985 width=0)
	              Index Cond: ((id >= 6735969) AND (id <= 6736968))

table 2 : explain SELECT SUM(k) FROM sbtest2 WHERE id BETWEEN 5625758 AND 5626757
	Aggregate  (cost=3899.28..3899.29 rows=1 width=8)
	  ->  Bitmap Heap Scan on sbtest2  (cost=22.79..3896.76 rows=1010 width=4)
	        Recheck Cond: ((id >= 5625758) AND (id <= 5626757))
	        ->  Bitmap Index Scan on sbtest2_pkey  (cost=0.00..22.54 rows=1010 width=0)
	              Index Cond: ((id >= 5625758) AND (id <= 5626757))

table 3 : explain SELECT SUM(k) FROM sbtest3 WHERE id BETWEEN 9744322 AND 9745321
	Aggregate  (cost=3910.95..3910.96 rows=1 width=8)
	  ->  Bitmap Heap Scan on sbtest3  (cost=22.82..3908.41 rows=1013 width=4)
	        Recheck Cond: ((id >= 9744322) AND (id <= 9745321))
	        ->  Bitmap Index Scan on sbtest3_pkey  (cost=0.00..22.57 rows=1013 width=0)
	              Index Cond: ((id >= 9744322) AND (id <= 9745321))

table 4 : explain SELECT SUM(k) FROM sbtest4 WHERE id BETWEEN 8832002 AND 8833001
	Aggregate  (cost=3798.21..3798.22 rows=1 width=8)
	  ->  Bitmap Heap Scan on sbtest4  (cost=22.51..3795.76 rows=983 width=4)
	        Recheck Cond: ((id >= 8832002) AND (id <= 8833001))
	        ->  Bitmap Index Scan on sbtest4_pkey  (cost=0.00..22.26 rows=983 width=0)
	              Index Cond: ((id >= 8832002) AND (id <= 8833001))

table 5 : explain SELECT SUM(k) FROM sbtest5 WHERE id BETWEEN 7195409 AND 7196408
	Aggregate  (cost=3651.25..3651.26 rows=1 width=8)
	  ->  Bitmap Heap Scan on sbtest5  (cost=22.11..3648.89 rows=944 width=4)
	        Recheck Cond: ((id >= 7195409) AND (id <= 7196408))
	        ->  Bitmap Index Scan on sbtest5_pkey  (cost=0.00..21.87 rows=944 width=0)
	              Index Cond: ((id >= 7195409) AND (id <= 7196408))

table 6 : explain SELECT SUM(k) FROM sbtest6 WHERE id BETWEEN 4864458 AND 4865457
	Aggregate  (cost=4156.95..4156.96 rows=1 width=8)
	  ->  Bitmap Heap Scan on sbtest6  (cost=23.48..4154.26 rows=1078 width=4)
	        Recheck Cond: ((id >= 4864458) AND (id <= 4865457))
	        ->  Bitmap Index Scan on sbtest6_pkey  (cost=0.00..23.21 rows=1078 width=0)
	              Index Cond: ((id >= 4864458) AND (id <= 4865457))

table 7 : explain SELECT SUM(k) FROM sbtest7 WHERE id BETWEEN 1704441 AND 1705440
	Aggregate  (cost=3504.48..3504.49 rows=1 width=8)
	  ->  Bitmap Heap Scan on sbtest7  (cost=21.71..3502.21 rows=905 width=4)
	        Recheck Cond: ((id >= 1704441) AND (id <= 1705440))
	        ->  Bitmap Index Scan on sbtest7_pkey  (cost=0.00..21.48 rows=905 width=0)
	              Index Cond: ((id >= 1704441) AND (id <= 1705440))

table 8 : explain SELECT SUM(k) FROM sbtest8 WHERE id BETWEEN 966030 AND 967029
	Aggregate  (cost=4349.63..4349.64 rows=1 width=8)
	  ->  Bitmap Heap Scan on sbtest8  (cost=28.01..4346.80 rows=1129 width=4)
	        Recheck Cond: ((id >= 966030) AND (id <= 967029))
	        ->  Bitmap Index Scan on sbtest8_pkey  (cost=0.00..27.72 rows=1129 width=0)
	              Index Cond: ((id >= 966030) AND (id <= 967029))

for: sum_ranges
table 1 : explain SELECT SUM(k) FROM sbtest1 WHERE id BETWEEN 6075471 AND 6076470
	Aggregate  (cost=3590.06..3590.07 rows=1 width=8)
	  ->  Bitmap Heap Scan on sbtest1  (cost=21.95..3587.74 rows=928 width=4)
	        Recheck Cond: ((id >= 6075471) AND (id <= 6076470))
	        ->  Bitmap Index Scan on sbtest1_pkey  (cost=0.00..21.71 rows=928 width=0)
	              Index Cond: ((id >= 6075471) AND (id <= 6076470))

table 2 : explain SELECT SUM(k) FROM sbtest2 WHERE id BETWEEN 252619 AND 253618
	Aggregate  (cost=4297.86..4297.87 rows=1 width=8)
	  ->  Bitmap Heap Scan on sbtest2  (cost=27.87..4295.07 rows=1116 width=4)
	        Recheck Cond: ((id >= 252619) AND (id <= 253618))
	        ->  Bitmap Index Scan on sbtest2_pkey  (cost=0.00..27.59 rows=1116 width=0)
	              Index Cond: ((id >= 252619) AND (id <= 253618))

table 3 : explain SELECT SUM(k) FROM sbtest3 WHERE id BETWEEN 9869782 AND 9870781
	Aggregate  (cost=3952.35..3952.36 rows=1 width=8)
	  ->  Bitmap Heap Scan on sbtest3  (cost=22.93..3949.79 rows=1024 width=4)
	        Recheck Cond: ((id >= 9869782) AND (id <= 9870781))
	        ->  Bitmap Index Scan on sbtest3_pkey  (cost=0.00..22.68 rows=1024 width=0)
	              Index Cond: ((id >= 9869782) AND (id <= 9870781))

table 4 : explain SELECT SUM(k) FROM sbtest4 WHERE id BETWEEN 7292630 AND 7293629
	Aggregate  (cost=4076.75..4076.76 rows=1 width=8)
	  ->  Bitmap Heap Scan on sbtest4  (cost=23.27..4074.11 rows=1057 width=4)
	        Recheck Cond: ((id >= 7292630) AND (id <= 7293629))
	        ->  Bitmap Index Scan on sbtest4_pkey  (cost=0.00..23.00 rows=1057 width=0)
	              Index Cond: ((id >= 7292630) AND (id <= 7293629))

table 5 : explain SELECT SUM(k) FROM sbtest5 WHERE id BETWEEN 641650 AND 642649
	Aggregate  (cost=3979.11..3979.12 rows=1 width=8)
	  ->  Bitmap Heap Scan on sbtest5  (cost=23.00..3976.53 rows=1031 width=4)
	        Recheck Cond: ((id >= 641650) AND (id <= 642649))
	        ->  Bitmap Index Scan on sbtest5_pkey  (cost=0.00..22.75 rows=1031 width=0)
	              Index Cond: ((id >= 641650) AND (id <= 642649))

table 6 : explain SELECT SUM(k) FROM sbtest6 WHERE id BETWEEN 2707411 AND 2708410
	Aggregate  (cost=3387.55..3387.56 rows=1 width=8)
	  ->  Bitmap Heap Scan on sbtest6  (cost=21.39..3385.36 rows=874 width=4)
	        Recheck Cond: ((id >= 2707411) AND (id <= 2708410))
	        ->  Bitmap Index Scan on sbtest6_pkey  (cost=0.00..21.18 rows=874 width=0)
	              Index Cond: ((id >= 2707411) AND (id <= 2708410))

table 7 : explain SELECT SUM(k) FROM sbtest7 WHERE id BETWEEN 6781585 AND 6782584
	Aggregate  (cost=4066.27..4066.28 rows=1 width=8)
	  ->  Bitmap Heap Scan on sbtest7  (cost=23.24..4063.64 rows=1054 width=4)
	        Recheck Cond: ((id >= 6781585) AND (id <= 6782584))
	        ->  Bitmap Index Scan on sbtest7_pkey  (cost=0.00..22.97 rows=1054 width=0)
	              Index Cond: ((id >= 6781585) AND (id <= 6782584))

table 8 : explain SELECT SUM(k) FROM sbtest8 WHERE id BETWEEN 6943636 AND 6944635
	Aggregate  (cost=3671.74..3671.75 rows=1 width=8)
	  ->  Bitmap Heap Scan on sbtest8  (cost=22.16..3669.37 rows=949 width=4)
	        Recheck Cond: ((id >= 6943636) AND (id <= 6944635))
	        ->  Bitmap Index Scan on sbtest8_pkey  (cost=0.00..21.93 rows=949 width=0)
	              Index Cond: ((id >= 6943636) AND (id <= 6944635))

for: sum_ranges
table 1 : explain SELECT SUM(k) FROM sbtest1 WHERE id BETWEEN 5199853 AND 5200852
	Aggregate  (cost=3767.34..3767.35 rows=1 width=8)
	  ->  Bitmap Heap Scan on sbtest1  (cost=22.43..3764.90 rows=975 width=4)
	        Recheck Cond: ((id >= 5199853) AND (id <= 5200852))
	        ->  Bitmap Index Scan on sbtest1_pkey  (cost=0.00..22.18 rows=975 width=0)
	              Index Cond: ((id >= 5199853) AND (id <= 5200852))

table 2 : explain SELECT SUM(k) FROM sbtest2 WHERE id BETWEEN 2919280 AND 2920279
	Aggregate  (cost=3940.68..3940.69 rows=1 width=8)
	  ->  Bitmap Heap Scan on sbtest2  (cost=22.90..3938.13 rows=1021 width=4)
	        Recheck Cond: ((id >= 2919280) AND (id <= 2920279))
	        ->  Bitmap Index Scan on sbtest2_pkey  (cost=0.00..22.64 rows=1021 width=0)
	              Index Cond: ((id >= 2919280) AND (id <= 2920279))

table 3 : explain SELECT SUM(k) FROM sbtest3 WHERE id BETWEEN 2935002 AND 2936001
	Aggregate  (cost=4226.99..4227.00 rows=1 width=8)
	  ->  Bitmap Heap Scan on sbtest3  (cost=27.68..4224.24 rows=1097 width=4)
	        Recheck Cond: ((id >= 2935002) AND (id <= 2936001))
	        ->  Bitmap Index Scan on sbtest3_pkey  (cost=0.00..27.40 rows=1097 width=0)
	              Index Cond: ((id >= 2935002) AND (id <= 2936001))

table 4 : explain SELECT SUM(k) FROM sbtest4 WHERE id BETWEEN 6014756 AND 6015755
	Aggregate  (cost=4373.62..4373.63 rows=1 width=8)
	  ->  Bitmap Heap Scan on sbtest4  (cost=28.08..4370.78 rows=1136 width=4)
	        Recheck Cond: ((id >= 6014756) AND (id <= 6015755))
	        ->  Bitmap Index Scan on sbtest4_pkey  (cost=0.00..27.79 rows=1136 width=0)
	              Index Cond: ((id >= 6014756) AND (id <= 6015755))

table 5 : explain SELECT SUM(k) FROM sbtest5 WHERE id BETWEEN 8791490 AND 8792489
	Aggregate  (cost=3802.11..3802.12 rows=1 width=8)
	  ->  Bitmap Heap Scan on sbtest5  (cost=22.52..3799.65 rows=984 width=4)
	        Recheck Cond: ((id >= 8791490) AND (id <= 8792489))
	        ->  Bitmap Index Scan on sbtest5_pkey  (cost=0.00..22.27 rows=984 width=0)
	              Index Cond: ((id >= 8791490) AND (id <= 8792489))

table 6 : explain SELECT SUM(k) FROM sbtest6 WHERE id BETWEEN 5099470 AND 5100469
	Aggregate  (cost=3799.33..3799.34 rows=1 width=8)
	  ->  Bitmap Heap Scan on sbtest6  (cost=22.51..3796.87 rows=983 width=4)
	        Recheck Cond: ((id >= 5099470) AND (id <= 5100469))
	        ->  Bitmap Index Scan on sbtest6_pkey  (cost=0.00..22.26 rows=983 width=0)
	              Index Cond: ((id >= 5099470) AND (id <= 5100469))

table 7 : explain SELECT SUM(k) FROM sbtest7 WHERE id BETWEEN 2178834 AND 2179833
	Aggregate  (cost=4137.71..4137.72 rows=1 width=8)
	  ->  Bitmap Heap Scan on sbtest7  (cost=23.43..4135.02 rows=1073 width=4)
	        Recheck Cond: ((id >= 2178834) AND (id <= 2179833))
	        ->  Bitmap Index Scan on sbtest7_pkey  (cost=0.00..23.16 rows=1073 width=0)
	              Index Cond: ((id >= 2178834) AND (id <= 2179833))

table 8 : explain SELECT SUM(k) FROM sbtest8 WHERE id BETWEEN 555004 AND 556003
	Aggregate  (cost=3898.07..3898.08 rows=1 width=8)
	  ->  Bitmap Heap Scan on sbtest8  (cost=22.78..3895.55 rows=1009 width=4)
	        Recheck Cond: ((id >= 555004) AND (id <= 556003))
	        ->  Bitmap Index Scan on sbtest8_pkey  (cost=0.00..22.52 rows=1009 width=0)
	              Index Cond: ((id >= 555004) AND (id <= 556003))

explain: for point_selects :: explain SELECT c FROM sbtest%u WHERE id=%u
explain: for point_selects :: explain SELECT c FROM sbtest%u WHERE id=%u
for: sum_ranges
table 1 : explain SELECT SUM(k) FROM sbtest1 WHERE id BETWEEN 1966228 AND 1967227
	Aggregate  (cost=3974.43..3974.44 rows=1 width=8)
	  ->  Bitmap Heap Scan on sbtest1  (cost=22.99..3971.85 rows=1030 width=4)
	        Recheck Cond: ((id >= 1966228) AND (id <= 1967227))
	        ->  Bitmap Index Scan on sbtest1_pkey  (cost=0.00..22.73 rows=1030 width=0)
	              Index Cond: ((id >= 1966228) AND (id <= 1967227))

table 2 : explain SELECT SUM(k) FROM sbtest2 WHERE id BETWEEN 4679946 AND 4680945
	Aggregate  (cost=3906.81..3906.82 rows=1 width=8)
	  ->  Bitmap Heap Scan on sbtest2  (cost=22.81..3904.28 rows=1012 width=4)
	        Recheck Cond: ((id >= 4679946) AND (id <= 4680945))
	        ->  Bitmap Index Scan on sbtest2_pkey  (cost=0.00..22.55 rows=1012 width=0)
	              Index Cond: ((id >= 4679946) AND (id <= 4680945))

table 3 : explain SELECT SUM(k) FROM sbtest3 WHERE id BETWEEN 7883141 AND 7884140
	Aggregate  (cost=4121.56..4121.57 rows=1 width=8)
	  ->  Bitmap Heap Scan on sbtest3  (cost=23.39..4118.89 rows=1069 width=4)
	        Recheck Cond: ((id >= 7883141) AND (id <= 7884140))
	        ->  Bitmap Index Scan on sbtest3_pkey  (cost=0.00..23.12 rows=1069 width=0)
	              Index Cond: ((id >= 7883141) AND (id <= 7884140))

table 4 : explain SELECT SUM(k) FROM sbtest4 WHERE id BETWEEN 544936 AND 545935
	Aggregate  (cost=4110.58..4110.59 rows=1 width=8)
	  ->  Bitmap Heap Scan on sbtest4  (cost=23.36..4107.92 rows=1066 width=4)
	        Recheck Cond: ((id >= 544936) AND (id <= 545935))
	        ->  Bitmap Index Scan on sbtest4_pkey  (cost=0.00..23.09 rows=1066 width=0)
	              Index Cond: ((id >= 544936) AND (id <= 545935))

table 5 : explain SELECT SUM(k) FROM sbtest5 WHERE id BETWEEN 145095 AND 146094
	Aggregate  (cost=3692.76..3692.77 rows=1 width=8)
	  ->  Bitmap Heap Scan on sbtest5  (cost=22.22..3690.37 rows=955 width=4)
	        Recheck Cond: ((id >= 145095) AND (id <= 146094))
	        ->  Bitmap Index Scan on sbtest5_pkey  (cost=0.00..21.98 rows=955 width=0)
	              Index Cond: ((id >= 145095) AND (id <= 146094))

table 6 : explain SELECT SUM(k) FROM sbtest6 WHERE id BETWEEN 2793354 AND 2794353
	Aggregate  (cost=3387.55..3387.56 rows=1 width=8)
	  ->  Bitmap Heap Scan on sbtest6  (cost=21.39..3385.36 rows=874 width=4)
	        Recheck Cond: ((id >= 2793354) AND (id <= 2794353))
	        ->  Bitmap Index Scan on sbtest6_pkey  (cost=0.00..21.18 rows=874 width=0)
	              Index Cond: ((id >= 2793354) AND (id <= 2794353))

table 7 : explain SELECT SUM(k) FROM sbtest7 WHERE id BETWEEN 9910799 AND 9911798
	Aggregate  (cost=3787.63..3787.64 rows=1 width=8)
	  ->  Bitmap Heap Scan on sbtest7  (cost=22.48..3785.18 rows=980 width=4)
	        Recheck Cond: ((id >= 9910799) AND (id <= 9911798))
	        ->  Bitmap Index Scan on sbtest7_pkey  (cost=0.00..22.23 rows=980 width=0)
	              Index Cond: ((id >= 9910799) AND (id <= 9911798))

table 8 : explain SELECT SUM(k) FROM sbtest8 WHERE id BETWEEN 6148423 AND 6149422
	Aggregate  (cost=4067.51..4067.52 rows=1 width=8)
	  ->  Bitmap Heap Scan on sbtest8  (cost=23.24..4064.88 rows=1054 width=4)
	        Recheck Cond: ((id >= 6148423) AND (id <= 6149422))
	        ->  Bitmap Index Scan on sbtest8_pkey  (cost=0.00..22.97 rows=1054 width=0)
	              Index Cond: ((id >= 6148423) AND (id <= 6149422))

for point_selects
table 1 : explain SELECT c FROM sbtest1 WHERE id=9038613
	Index Scan using sbtest1_pkey on sbtest1  (cost=0.43..8.45 rows=1 width=121)
	  Index Cond: (id = 9038613)

table 2 : explain SELECT c FROM sbtest2 WHERE id=6601547
	Index Scan using sbtest2_pkey on sbtest2  (cost=0.43..8.45 rows=1 width=121)
	  Index Cond: (id = 6601547)

table 3 : explain SELECT c FROM sbtest3 WHERE id=3624403
	Index Scan using sbtest3_pkey on sbtest3  (cost=0.43..8.45 rows=1 width=121)
	  Index Cond: (id = 3624403)

table 4 : explain SELECT c FROM sbtest4 WHERE id=3374624
	Index Scan using sbtest4_pkey on sbtest4  (cost=0.43..8.45 rows=1 width=121)
	  Index Cond: (id = 3374624)

table 5 : explain SELECT c FROM sbtest5 WHERE id=5627099
	Index Scan using sbtest5_pkey on sbtest5  (cost=0.43..8.45 rows=1 width=121)
	  Index Cond: (id = 5627099)

table 6 : explain SELECT c FROM sbtest6 WHERE id=2508355
	Index Scan using sbtest6_pkey on sbtest6  (cost=0.43..8.45 rows=1 width=121)
	  Index Cond: (id = 2508355)

table 7 : explain SELECT c FROM sbtest7 WHERE id=7898761
	Index Scan using sbtest7_pkey on sbtest7  (cost=0.43..8.45 rows=1 width=121)
	  Index Cond: (id = 7898761)

table 8 : explain SELECT c FROM sbtest8 WHERE id=7611430
	Index Scan using sbtest8_pkey on sbtest8  (cost=0.43..8.45 rows=1 width=121)
	  Index Cond: (id = 7611430)

for: order_ranges
table 1 : explain SELECT c FROM sbtest1 WHERE id BETWEEN 9155101 AND 9156100 ORDER BY c
	Sort  (cost=4050.11..4052.70 rows=1037 width=121)
	  Sort Key: c
	  ->  Bitmap Heap Scan on sbtest1  (cost=23.06..3998.16 rows=1037 width=121)
	        Recheck Cond: ((id >= 9155101) AND (id <= 9156100))
	        ->  Bitmap Index Scan on sbtest1_pkey  (cost=0.00..22.80 rows=1037 width=0)
	              Index Cond: ((id >= 9155101) AND (id <= 9156100))

table 2 : explain SELECT c FROM sbtest2 WHERE id BETWEEN 9203415 AND 9204414 ORDER BY c
	Sort  (cost=4054.04..4056.64 rows=1038 width=121)
	  Sort Key: c
	  ->  Bitmap Heap Scan on sbtest2  (cost=23.07..4002.04 rows=1038 width=121)
	        Recheck Cond: ((id >= 9203415) AND (id <= 9204414))
	        ->  Bitmap Index Scan on sbtest2_pkey  (cost=0.00..22.82 rows=1038 width=0)
	              Index Cond: ((id >= 9203415) AND (id <= 9204414))

table 3 : explain SELECT c FROM sbtest3 WHERE id BETWEEN 5491833 AND 5492832 ORDER BY c
	Sort  (cost=3981.90..3984.45 rows=1019 width=121)
	  Sort Key: c
	  ->  Bitmap Heap Scan on sbtest3  (cost=22.88..3930.98 rows=1019 width=121)
	        Recheck Cond: ((id >= 5491833) AND (id <= 5492832))
	        ->  Bitmap Index Scan on sbtest3_pkey  (cost=0.00..22.62 rows=1019 width=0)
	              Index Cond: ((id >= 5491833) AND (id <= 5492832))

table 4 : explain SELECT c FROM sbtest4 WHERE id BETWEEN 4099843 AND 4100842 ORDER BY c
	Sort  (cost=4142.46..4145.11 rows=1061 width=121)
	  Sort Key: c
	  ->  Bitmap Heap Scan on sbtest4  (cost=23.31..4089.14 rows=1061 width=121)
	        Recheck Cond: ((id >= 4099843) AND (id <= 4100842))
	        ->  Bitmap Index Scan on sbtest4_pkey  (cost=0.00..23.04 rows=1061 width=0)
	              Index Cond: ((id >= 4099843) AND (id <= 4100842))

table 5 : explain SELECT c FROM sbtest5 WHERE id BETWEEN 1766441 AND 1767440 ORDER BY c
	Sort  (cost=3523.13..3525.38 rows=899 width=121)
	  Sort Key: c
	  ->  Bitmap Heap Scan on sbtest5  (cost=21.65..3479.03 rows=899 width=121)
	        Recheck Cond: ((id >= 1766441) AND (id <= 1767440))
	        ->  Bitmap Index Scan on sbtest5_pkey  (cost=0.00..21.43 rows=899 width=0)
	              Index Cond: ((id >= 1766441) AND (id <= 1767440))

table 6 : explain SELECT c FROM sbtest6 WHERE id BETWEEN 8985616 AND 8986615 ORDER BY c
	Sort  (cost=3818.96..3821.40 rows=976 width=121)
	  Sort Key: c
	  ->  Bitmap Heap Scan on sbtest6  (cost=22.44..3770.50 rows=976 width=121)
	        Recheck Cond: ((id >= 8985616) AND (id <= 8986615))
	        ->  Bitmap Index Scan on sbtest6_pkey  (cost=0.00..22.19 rows=976 width=0)
	              Index Cond: ((id >= 8985616) AND (id <= 8986615))

table 7 : explain SELECT c FROM sbtest7 WHERE id BETWEEN 385739 AND 386738 ORDER BY c
	Sort  (cost=3634.81..3637.13 rows=928 width=121)
	  Sort Key: c
	  ->  Bitmap Heap Scan on sbtest7  (cost=21.95..3589.07 rows=928 width=121)
	        Recheck Cond: ((id >= 385739) AND (id <= 386738))
	        ->  Bitmap Index Scan on sbtest7_pkey  (cost=0.00..21.71 rows=928 width=0)
	              Index Cond: ((id >= 385739) AND (id <= 386738))

table 8 : explain SELECT c FROM sbtest8 WHERE id BETWEEN 8671474 AND 8672473 ORDER BY c
	Sort  (cost=4201.94..4204.62 rows=1075 width=121)
	  Sort Key: c
	  ->  Bitmap Heap Scan on sbtest8  (cost=27.45..4147.81 rows=1075 width=121)
	        Recheck Cond: ((id >= 8671474) AND (id <= 8672473))
	        ->  Bitmap Index Scan on sbtest8_pkey  (cost=0.00..27.18 rows=1075 width=0)
	              Index Cond: ((id >= 8671474) AND (id <= 8672473))

for point_selects
table 1 : explain SELECT c FROM sbtest1 WHERE id=9708287
	Index Scan using sbtest1_pkey on sbtest1  (cost=0.43..8.45 rows=1 width=121)
	  Index Cond: (id = 9708287)

table 2 : explain SELECT c FROM sbtest2 WHERE id=4846917
	Index Scan using sbtest2_pkey on sbtest2  (cost=0.43..8.45 rows=1 width=121)
	  Index Cond: (id = 4846917)

table 3 : explain SELECT c FROM sbtest3 WHERE id=5346720
	Index Scan using sbtest3_pkey on sbtest3  (cost=0.43..8.45 rows=1 width=121)
	  Index Cond: (id = 5346720)

table 4 : explain SELECT c FROM sbtest4 WHERE id=424506
	Index Scan using sbtest4_pkey on sbtest4  (cost=0.43..8.45 rows=1 width=121)
	  Index Cond: (id = 424506)

table 5 : explain SELECT c FROM sbtest5 WHERE id=300146
	Index Scan using sbtest5_pkey on sbtest5  (cost=0.43..8.45 rows=1 width=121)
	  Index Cond: (id = 300146)

table 6 : explain SELECT c FROM sbtest6 WHERE id=7310626
	Index Scan using sbtest6_pkey on sbtest6  (cost=0.43..8.45 rows=1 width=121)
	  Index Cond: (id = 7310626)

table 7 : explain SELECT c FROM sbtest7 WHERE id=5246418
	Index Scan using sbtest7_pkey on sbtest7  (cost=0.43..8.45 rows=1 width=121)
	  Index Cond: (id = 5246418)

table 8 : explain SELECT c FROM sbtest8 WHERE id=8275855
	Index Scan using sbtest8_pkey on sbtest8  (cost=0.43..8.45 rows=1 width=121)
	  Index Cond: (id = 8275855)

for: order_ranges
table 1 : explain SELECT c FROM sbtest1 WHERE id BETWEEN 9450748 AND 9451747 ORDER BY c
	Sort  (cost=3824.78..3827.22 rows=978 width=121)
	  Sort Key: c
	  ->  Bitmap Heap Scan on sbtest1  (cost=22.46..3776.20 rows=978 width=121)
	        Recheck Cond: ((id >= 9450748) AND (id <= 9451747))
	        ->  Bitmap Index Scan on sbtest1_pkey  (cost=0.00..22.21 rows=978 width=0)
	              Index Cond: ((id >= 9450748) AND (id <= 9451747))

table 2 : explain SELECT c FROM sbtest2 WHERE id BETWEEN 2399800 AND 2400799 ORDER BY c
	Sort  (cost=3614.44..3616.74 rows=923 width=121)
	  Sort Key: c
	  ->  Bitmap Heap Scan on sbtest2  (cost=21.90..3568.98 rows=923 width=121)
	        Recheck Cond: ((id >= 2399800) AND (id <= 2400799))
	        ->  Bitmap Index Scan on sbtest2_pkey  (cost=0.00..21.66 rows=923 width=0)
	              Index Cond: ((id >= 2399800) AND (id <= 2400799))

table 3 : explain SELECT c FROM sbtest3 WHERE id BETWEEN 3170988 AND 3171987 ORDER BY c
	Sort  (cost=3832.89..3835.34 rows=980 width=121)
	  Sort Key: c
	  ->  Bitmap Heap Scan on sbtest3  (cost=22.48..3784.20 rows=980 width=121)
	        Recheck Cond: ((id >= 3170988) AND (id <= 3171987))
	        ->  Bitmap Index Scan on sbtest3_pkey  (cost=0.00..22.23 rows=980 width=0)
	              Index Cond: ((id >= 3170988) AND (id <= 3171987))

table 4 : explain SELECT c FROM sbtest4 WHERE id BETWEEN 497463 AND 498462 ORDER BY c
	Sort  (cost=3680.10..3682.45 rows=940 width=121)
	  Sort Key: c
	  ->  Bitmap Heap Scan on sbtest4  (cost=22.07..3633.68 rows=940 width=121)
	        Recheck Cond: ((id >= 497463) AND (id <= 498462))
	        ->  Bitmap Index Scan on sbtest4_pkey  (cost=0.00..21.83 rows=940 width=0)
	              Index Cond: ((id >= 497463) AND (id <= 498462))

table 5 : explain SELECT c FROM sbtest5 WHERE id BETWEEN 4583987 AND 4584986 ORDER BY c
	Sort  (cost=4138.79..4141.44 rows=1060 width=121)
	  Sort Key: c
	  ->  Bitmap Heap Scan on sbtest5  (cost=23.30..4085.52 rows=1060 width=121)
	        Recheck Cond: ((id >= 4583987) AND (id <= 4584986))
	        ->  Bitmap Index Scan on sbtest5_pkey  (cost=0.00..23.04 rows=1060 width=0)
	              Index Cond: ((id >= 4583987) AND (id <= 4584986))

table 6 : explain SELECT c FROM sbtest6 WHERE id BETWEEN 4688591 AND 4689590 ORDER BY c
	Sort  (cost=3623.68..3625.99 rows=925 width=121)
	  Sort Key: c
	  ->  Bitmap Heap Scan on sbtest6  (cost=21.92..3578.11 rows=925 width=121)
	        Recheck Cond: ((id >= 4688591) AND (id <= 4689590))
	        ->  Bitmap Index Scan on sbtest6_pkey  (cost=0.00..21.68 rows=925 width=0)
	              Index Cond: ((id >= 4688591) AND (id <= 4689590))

table 7 : explain SELECT c FROM sbtest7 WHERE id BETWEEN 4872990 AND 4873989 ORDER BY c
	Sort  (cost=4284.61..4287.35 rows=1098 width=121)
	  Sort Key: c
	  ->  Bitmap Heap Scan on sbtest7  (cost=27.69..4229.15 rows=1098 width=121)
	        Recheck Cond: ((id >= 4872990) AND (id <= 4873989))
	        ->  Bitmap Index Scan on sbtest7_pkey  (cost=0.00..27.41 rows=1098 width=0)
	              Index Cond: ((id >= 4872990) AND (id <= 4873989))

table 8 : explain SELECT c FROM sbtest8 WHERE id BETWEEN 4587840 AND 4588839 ORDER BY c
	Sort  (cost=4129.25..4131.89 rows=1057 width=121)
	  Sort Key: c
	  ->  Bitmap Heap Scan on sbtest8  (cost=23.27..4076.16 rows=1057 width=121)
	        Recheck Cond: ((id >= 4587840) AND (id <= 4588839))
	        ->  Bitmap Index Scan on sbtest8_pkey  (cost=0.00..23.00 rows=1057 width=0)
	              Index Cond: ((id >= 4587840) AND (id <= 4588839))

for: sum_ranges
table 1 : explain SELECT SUM(k) FROM sbtest1 WHERE id BETWEEN 9360746 AND 9361745
	Aggregate  (cost=3944.33..3944.34 rows=1 width=8)
	  ->  Bitmap Heap Scan on sbtest1  (cost=22.91..3941.78 rows=1022 width=4)
	        Recheck Cond: ((id >= 9360746) AND (id <= 9361745))
	        ->  Bitmap Index Scan on sbtest1_pkey  (cost=0.00..22.65 rows=1022 width=0)
	              Index Cond: ((id >= 9360746) AND (id <= 9361745))

table 2 : explain SELECT SUM(k) FROM sbtest2 WHERE id BETWEEN 5471496 AND 5472495
	Aggregate  (cost=3488.18..3488.19 rows=1 width=8)
	  ->  Bitmap Heap Scan on sbtest2  (cost=21.67..3485.93 rows=901 width=4)
	        Recheck Cond: ((id >= 5471496) AND (id <= 5472495))
	        ->  Bitmap Index Scan on sbtest2_pkey  (cost=0.00..21.44 rows=901 width=0)
	              Index Cond: ((id >= 5471496) AND (id <= 5472495))

table 3 : explain SELECT SUM(k) FROM sbtest3 WHERE id BETWEEN 8473316 AND 8474315
	Aggregate  (cost=4324.55..4324.56 rows=1 width=8)
	  ->  Bitmap Heap Scan on sbtest3  (cost=27.95..4321.74 rows=1123 width=4)
	        Recheck Cond: ((id >= 8473316) AND (id <= 8474315))
	        ->  Bitmap Index Scan on sbtest3_pkey  (cost=0.00..27.66 rows=1123 width=0)
	              Index Cond: ((id >= 8473316) AND (id <= 8474315))

table 4 : explain SELECT SUM(k) FROM sbtest4 WHERE id BETWEEN 4798888 AND 4799887
	Aggregate  (cost=3986.49..3986.50 rows=1 width=8)
	  ->  Bitmap Heap Scan on sbtest4  (cost=23.02..3983.91 rows=1033 width=4)
	        Recheck Cond: ((id >= 4798888) AND (id <= 4799887))
	        ->  Bitmap Index Scan on sbtest4_pkey  (cost=0.00..22.76 rows=1033 width=0)
	              Index Cond: ((id >= 4798888) AND (id <= 4799887))

table 5 : explain SELECT SUM(k) FROM sbtest5 WHERE id BETWEEN 1940431 AND 1941430
	Aggregate  (cost=3753.11..3753.12 rows=1 width=8)
	  ->  Bitmap Heap Scan on sbtest5  (cost=22.39..3750.68 rows=971 width=4)
	        Recheck Cond: ((id >= 1940431) AND (id <= 1941430))
	        ->  Bitmap Index Scan on sbtest5_pkey  (cost=0.00..22.14 rows=971 width=0)
	              Index Cond: ((id >= 1940431) AND (id <= 1941430))

table 6 : explain SELECT SUM(k) FROM sbtest6 WHERE id BETWEEN 8464328 AND 8465327
	Aggregate  (cost=3663.51..3663.52 rows=1 width=8)
	  ->  Bitmap Heap Scan on sbtest6  (cost=22.14..3661.14 rows=947 width=4)
	        Recheck Cond: ((id >= 8464328) AND (id <= 8465327))
	        ->  Bitmap Index Scan on sbtest6_pkey  (cost=0.00..21.90 rows=947 width=0)
	              Index Cond: ((id >= 8464328) AND (id <= 8465327))

table 7 : explain SELECT SUM(k) FROM sbtest7 WHERE id BETWEEN 9336341 AND 9337340
	Aggregate  (cost=3942.10..3942.11 rows=1 width=8)
	  ->  Bitmap Heap Scan on sbtest7  (cost=22.90..3939.55 rows=1021 width=4)
	        Recheck Cond: ((id >= 9336341) AND (id <= 9337340))
	        ->  Bitmap Index Scan on sbtest7_pkey  (cost=0.00..22.64 rows=1021 width=0)
	              Index Cond: ((id >= 9336341) AND (id <= 9337340))

table 8 : explain SELECT SUM(k) FROM sbtest8 WHERE id BETWEEN 4662234 AND 4663233
	Aggregate  (cost=3513.02..3513.03 rows=1 width=8)
	  ->  Bitmap Heap Scan on sbtest8  (cost=21.73..3510.76 rows=907 width=4)
	        Recheck Cond: ((id >= 4662234) AND (id <= 4663233))
	        ->  Bitmap Index Scan on sbtest8_pkey  (cost=0.00..21.50 rows=907 width=0)
	              Index Cond: ((id >= 4662234) AND (id <= 4663233))

for: order_ranges
table 1 : explain SELECT c FROM sbtest1 WHERE id BETWEEN 899573 AND 900572 ORDER BY c
	Sort  (cost=3679.42..3681.77 rows=940 width=121)
	  Sort Key: c
	  ->  Bitmap Heap Scan on sbtest1  (cost=22.07..3633.00 rows=940 width=121)
	        Recheck Cond: ((id >= 899573) AND (id <= 900572))
	        ->  Bitmap Index Scan on sbtest1_pkey  (cost=0.00..21.83 rows=940 width=0)
	              Index Cond: ((id >= 899573) AND (id <= 900572))

table 2 : explain SELECT c FROM sbtest2 WHERE id BETWEEN 9744656 AND 9745655 ORDER BY c
	Sort  (cost=3916.60..3919.11 rows=1002 width=121)
	  Sort Key: c
	  ->  Bitmap Heap Scan on sbtest2  (cost=22.71..3866.66 rows=1002 width=121)
	        Recheck Cond: ((id >= 9744656) AND (id <= 9745655))
	        ->  Bitmap Index Scan on sbtest2_pkey  (cost=0.00..22.45 rows=1002 width=0)
	              Index Cond: ((id >= 9744656) AND (id <= 9745655))

table 3 : explain SELECT c FROM sbtest3 WHERE id BETWEEN 7632384 AND 7633383 ORDER BY c
	Sort  (cost=3744.92..3747.31 rows=957 width=121)
	  Sort Key: c
	  ->  Bitmap Heap Scan on sbtest3  (cost=22.24..3697.54 rows=957 width=121)
	        Recheck Cond: ((id >= 7632384) AND (id <= 7633383))
	        ->  Bitmap Index Scan on sbtest3_pkey  (cost=0.00..22.00 rows=957 width=0)
	              Index Cond: ((id >= 7632384) AND (id <= 7633383))

table 4 : explain SELECT c FROM sbtest4 WHERE id BETWEEN 8503794 AND 8504793 ORDER BY c
	Sort  (cost=3821.68..3824.12 rows=977 width=121)
	  Sort Key: c
	  ->  Bitmap Heap Scan on sbtest4  (cost=22.45..3773.16 rows=977 width=121)
	        Recheck Cond: ((id >= 8503794) AND (id <= 8504793))
	        ->  Bitmap Index Scan on sbtest4_pkey  (cost=0.00..22.20 rows=977 width=0)
	              Index Cond: ((id >= 8503794) AND (id <= 8504793))

table 5 : explain SELECT c FROM sbtest5 WHERE id BETWEEN 7591050 AND 7592049 ORDER BY c
	Sort  (cost=3997.59..4000.14 rows=1023 width=121)
	  Sort Key: c
	  ->  Bitmap Heap Scan on sbtest5  (cost=22.92..3946.44 rows=1023 width=121)
	        Recheck Cond: ((id >= 7591050) AND (id <= 7592049))
	        ->  Bitmap Index Scan on sbtest5_pkey  (cost=0.00..22.66 rows=1023 width=0)
	              Index Cond: ((id >= 7591050) AND (id <= 7592049))

table 6 : explain SELECT c FROM sbtest6 WHERE id BETWEEN 7761552 AND 7762551 ORDER BY c
	Sort  (cost=4181.86..4184.54 rows=1071 width=121)
	  Sort Key: c
	  ->  Bitmap Heap Scan on sbtest6  (cost=23.41..4127.96 rows=1071 width=121)
	        Recheck Cond: ((id >= 7761552) AND (id <= 7762551))
	        ->  Bitmap Index Scan on sbtest6_pkey  (cost=0.00..23.14 rows=1071 width=0)
	              Index Cond: ((id >= 7761552) AND (id <= 7762551))

table 7 : explain SELECT c FROM sbtest7 WHERE id BETWEEN 3555564 AND 3556563 ORDER BY c
	Sort  (cost=4238.60..4241.32 rows=1086 width=121)
	  Sort Key: c
	  ->  Bitmap Heap Scan on sbtest7  (cost=23.57..4183.84 rows=1086 width=121)
	        Recheck Cond: ((id >= 3555564) AND (id <= 3556563))
	        ->  Bitmap Index Scan on sbtest7_pkey  (cost=0.00..23.29 rows=1086 width=0)
	              Index Cond: ((id >= 3555564) AND (id <= 3556563))

table 8 : explain SELECT c FROM sbtest8 WHERE id BETWEEN 709553 AND 710552 ORDER BY c
	Sort  (cost=4014.68..4017.25 rows=1027 width=121)
	  Sort Key: c
	  ->  Bitmap Heap Scan on sbtest8  (cost=22.96..3963.31 rows=1027 width=121)
	        Recheck Cond: ((id >= 709553) AND (id <= 710552))
	        ->  Bitmap Index Scan on sbtest8_pkey  (cost=0.00..22.70 rows=1027 width=0)
	              Index Cond: ((id >= 709553) AND (id <= 710552))

explain: for point_selects :: explain SELECT c FROM sbtest%u WHERE id=%u
for: simple_ranges
table 1 : explain SELECT c FROM sbtest1 WHERE id BETWEEN 2404197 AND 2405196
	Bitmap Heap Scan on sbtest1  (cost=23.21..4050.76 rows=1051 width=121)
	  Recheck Cond: ((id >= 2404197) AND (id <= 2405196))
	  ->  Bitmap Index Scan on sbtest1_pkey  (cost=0.00..22.94 rows=1051 width=0)
	        Index Cond: ((id >= 2404197) AND (id <= 2405196))

table 2 : explain SELECT c FROM sbtest2 WHERE id BETWEEN 9951093 AND 9952092
	Bitmap Heap Scan on sbtest2  (cost=22.80..3900.52 rows=1011 width=121)
	  Recheck Cond: ((id >= 9951093) AND (id <= 9952092))
	  ->  Bitmap Index Scan on sbtest2_pkey  (cost=0.00..22.54 rows=1011 width=0)
	        Index Cond: ((id >= 9951093) AND (id <= 9952092))

table 3 : explain SELECT c FROM sbtest3 WHERE id BETWEEN 7402671 AND 7403670
	Bitmap Heap Scan on sbtest3  (cost=22.57..3818.09 rows=989 width=121)
	  Recheck Cond: ((id >= 7402671) AND (id <= 7403670))
	  ->  Bitmap Index Scan on sbtest3_pkey  (cost=0.00..22.32 rows=989 width=0)
	        Index Cond: ((id >= 7402671) AND (id <= 7403670))

table 4 : explain SELECT c FROM sbtest4 WHERE id BETWEEN 9871504 AND 9872503
	Bitmap Heap Scan on sbtest4  (cost=22.43..3765.62 rows=975 width=121)
	  Recheck Cond: ((id >= 9871504) AND (id <= 9872503))
	  ->  Bitmap Index Scan on sbtest4_pkey  (cost=0.00..22.18 rows=975 width=0)
	        Index Cond: ((id >= 9871504) AND (id <= 9872503))

table 5 : explain SELECT c FROM sbtest5 WHERE id BETWEEN 6542302 AND 6543301
	Bitmap Heap Scan on sbtest5  (cost=22.68..3859.90 rows=1000 width=121)
	  Recheck Cond: ((id >= 6542302) AND (id <= 6543301))
	  ->  Bitmap Index Scan on sbtest5_pkey  (cost=0.00..22.43 rows=1000 width=0)
	        Index Cond: ((id >= 6542302) AND (id <= 6543301))

table 6 : explain SELECT c FROM sbtest6 WHERE id BETWEEN 6910645 AND 6911644
	Bitmap Heap Scan on sbtest6  (cost=22.55..3811.95 rows=987 width=121)
	  Recheck Cond: ((id >= 6910645) AND (id <= 6911644))
	  ->  Bitmap Index Scan on sbtest6_pkey  (cost=0.00..22.30 rows=987 width=0)
	        Index Cond: ((id >= 6910645) AND (id <= 6911644))

table 7 : explain SELECT c FROM sbtest7 WHERE id BETWEEN 6488705 AND 6489704
	Bitmap Heap Scan on sbtest7  (cost=22.98..3969.64 rows=1029 width=121)
	  Recheck Cond: ((id >= 6488705) AND (id <= 6489704))
	  ->  Bitmap Index Scan on sbtest7_pkey  (cost=0.00..22.72 rows=1029 width=0)
	        Index Cond: ((id >= 6488705) AND (id <= 6489704))

table 8 : explain SELECT c FROM sbtest8 WHERE id BETWEEN 8611124 AND 8612123
	Bitmap Heap Scan on sbtest8  (cost=27.45..4147.81 rows=1075 width=121)
	  Recheck Cond: ((id >= 8611124) AND (id <= 8612123))
	  ->  Bitmap Index Scan on sbtest8_pkey  (cost=0.00..27.18 rows=1075 width=0)
	        Index Cond: ((id >= 8611124) AND (id <= 8612123))

for: distinct_ranges
table 1 : explain SELECT DISTINCT c FROM sbtest1 WHERE id BETWEEN 557511 AND 558510 ORDER BY c
	Unique  (cost=4153.08..4158.40 rows=1064 width=121)
	  ->  Sort  (cost=4153.08..4155.74 rows=1064 width=121)
	        Sort Key: c
	        ->  Bitmap Heap Scan on sbtest1  (cost=23.34..4099.59 rows=1064 width=121)
	              Recheck Cond: ((id >= 557511) AND (id <= 558510))
	              ->  Bitmap Index Scan on sbtest1_pkey  (cost=0.00..23.07 rows=1064 width=0)
	                    Index Cond: ((id >= 557511) AND (id <= 558510))

table 2 : explain SELECT DISTINCT c FROM sbtest2 WHERE id BETWEEN 3400119 AND 3401118 ORDER BY c
	Unique  (cost=3878.40..3883.36 rows=992 width=121)
	  ->  Sort  (cost=3878.40..3880.88 rows=992 width=121)
	        Sort Key: c
	        ->  Bitmap Heap Scan on sbtest2  (cost=22.60..3829.03 rows=992 width=121)
	              Recheck Cond: ((id >= 3400119) AND (id <= 3401118))
	              ->  Bitmap Index Scan on sbtest2_pkey  (cost=0.00..22.36 rows=992 width=0)
	                    Index Cond: ((id >= 3400119) AND (id <= 3401118))

table 3 : explain SELECT DISTINCT c FROM sbtest3 WHERE id BETWEEN 3447518 AND 3448517 ORDER BY c
	Unique  (cost=4157.42..4162.74 rows=1065 width=121)
	  ->  Sort  (cost=4157.42..4160.08 rows=1065 width=121)
	        Sort Key: c
	        ->  Bitmap Heap Scan on sbtest3  (cost=23.35..4103.86 rows=1065 width=121)
	              Recheck Cond: ((id >= 3447518) AND (id <= 3448517))
	              ->  Bitmap Index Scan on sbtest3_pkey  (cost=0.00..23.08 rows=1065 width=0)
	                    Index Cond: ((id >= 3447518) AND (id <= 3448517))

table 4 : explain SELECT DISTINCT c FROM sbtest4 WHERE id BETWEEN 8113610 AND 8114609 ORDER BY c
	Unique  (cost=3457.82..3462.23 rows=882 width=121)
	  ->  Sort  (cost=3457.82..3460.03 rows=882 width=121)
	        Sort Key: c
	        ->  Bitmap Heap Scan on sbtest4  (cost=21.48..3414.67 rows=882 width=121)
	              Recheck Cond: ((id >= 8113610) AND (id <= 8114609))
	              ->  Bitmap Index Scan on sbtest4_pkey  (cost=0.00..21.25 rows=882 width=0)
	                    Index Cond: ((id >= 8113610) AND (id <= 8114609))

table 5 : explain SELECT DISTINCT c FROM sbtest5 WHERE id BETWEEN 8290108 AND 8291107 ORDER BY c
	Unique  (cost=3638.10..3642.74 rows=929 width=121)
	  ->  Sort  (cost=3638.10..3640.42 rows=929 width=121)
	        Sort Key: c
	        ->  Bitmap Heap Scan on sbtest5  (cost=21.96..3592.30 rows=929 width=121)
	              Recheck Cond: ((id >= 8290108) AND (id <= 8291107))
	              ->  Bitmap Index Scan on sbtest5_pkey  (cost=0.00..21.72 rows=929 width=0)
	                    Index Cond: ((id >= 8290108) AND (id <= 8291107))

table 6 : explain SELECT DISTINCT c FROM sbtest6 WHERE id BETWEEN 9823304 AND 9824303 ORDER BY c
	Unique  (cost=3776.87..3781.69 rows=965 width=121)
	  ->  Sort  (cost=3776.87..3779.28 rows=965 width=121)
	        Sort Key: c
	        ->  Bitmap Heap Scan on sbtest6  (cost=22.33..3729.03 rows=965 width=121)
	              Recheck Cond: ((id >= 9823304) AND (id <= 9824303))
	              ->  Bitmap Index Scan on sbtest6_pkey  (cost=0.00..22.08 rows=965 width=0)
	                    Index Cond: ((id >= 9823304) AND (id <= 9824303))

table 7 : explain SELECT DISTINCT c FROM sbtest7 WHERE id BETWEEN 4789403 AND 4790402 ORDER BY c
	Unique  (cost=3898.87..3903.85 rows=997 width=121)
	  ->  Sort  (cost=3898.87..3901.36 rows=997 width=121)
	        Sort Key: c
	        ->  Bitmap Heap Scan on sbtest7  (cost=22.65..3849.21 rows=997 width=121)
	              Recheck Cond: ((id >= 4789403) AND (id <= 4790402))
	              ->  Bitmap Index Scan on sbtest7_pkey  (cost=0.00..22.40 rows=997 width=0)
	                    Index Cond: ((id >= 4789403) AND (id <= 4790402))

table 8 : explain SELECT DISTINCT c FROM sbtest8 WHERE id BETWEEN 437421 AND 438420 ORDER BY c
	Unique  (cost=3968.82..3973.90 rows=1015 width=121)
	  ->  Sort  (cost=3968.82..3971.36 rows=1015 width=121)
	        Sort Key: c
	        ->  Bitmap Heap Scan on sbtest8  (cost=22.84..3918.14 rows=1015 width=121)
	              Recheck Cond: ((id >= 437421) AND (id <= 438420))
	              ->  Bitmap Index Scan on sbtest8_pkey  (cost=0.00..22.58 rows=1015 width=0)
	                    Index Cond: ((id >= 437421) AND (id <= 438420))

for: order_ranges
table 1 : explain SELECT c FROM sbtest1 WHERE id BETWEEN 1022974 AND 1023973 ORDER BY c
	Sort  (cost=3851.54..3854.00 rows=985 width=121)
	  Sort Key: c
	  ->  Bitmap Heap Scan on sbtest1  (cost=22.53..3802.56 rows=985 width=121)
	        Recheck Cond: ((id >= 1022974) AND (id <= 1023973))
	        ->  Bitmap Index Scan on sbtest1_pkey  (cost=0.00..22.29 rows=985 width=0)
	              Index Cond: ((id >= 1022974) AND (id <= 1023973))

table 2 : explain SELECT c FROM sbtest2 WHERE id BETWEEN 2374131 AND 2375130 ORDER BY c
	Sort  (cost=3614.44..3616.74 rows=923 width=121)
	  Sort Key: c
	  ->  Bitmap Heap Scan on sbtest2  (cost=21.90..3568.98 rows=923 width=121)
	        Recheck Cond: ((id >= 2374131) AND (id <= 2375130))
	        ->  Bitmap Index Scan on sbtest2_pkey  (cost=0.00..21.66 rows=923 width=0)
	              Index Cond: ((id >= 2374131) AND (id <= 2375130))

table 3 : explain SELECT c FROM sbtest3 WHERE id BETWEEN 4326834 AND 4327833 ORDER BY c
	Sort  (cost=3614.76..3617.06 rows=923 width=121)
	  Sort Key: c
	  ->  Bitmap Heap Scan on sbtest3  (cost=21.90..3569.30 rows=923 width=121)
	        Recheck Cond: ((id >= 4326834) AND (id <= 4327833))
	        ->  Bitmap Index Scan on sbtest3_pkey  (cost=0.00..21.66 rows=923 width=0)
	              Index Cond: ((id >= 4326834) AND (id <= 4327833))

table 4 : explain SELECT c FROM sbtest4 WHERE id BETWEEN 6977555 AND 6978554 ORDER BY c
	Sort  (cost=3852.26..3854.73 rows=985 width=121)
	  Sort Key: c
	  ->  Bitmap Heap Scan on sbtest4  (cost=22.53..3803.29 rows=985 width=121)
	        Recheck Cond: ((id >= 6977555) AND (id <= 6978554))
	        ->  Bitmap Index Scan on sbtest4_pkey  (cost=0.00..22.29 rows=985 width=0)
	              Index Cond: ((id >= 6977555) AND (id <= 6978554))

table 5 : explain SELECT c FROM sbtest5 WHERE id BETWEEN 568724 AND 569723 ORDER BY c
	Sort  (cost=3726.16..3728.54 rows=952 width=121)
	  Sort Key: c
	  ->  Bitmap Heap Scan on sbtest5  (cost=22.19..3679.06 rows=952 width=121)
	        Recheck Cond: ((id >= 568724) AND (id <= 569723))
	        ->  Bitmap Index Scan on sbtest5_pkey  (cost=0.00..21.95 rows=952 width=0)
	              Index Cond: ((id >= 568724) AND (id <= 569723))

table 6 : explain SELECT c FROM sbtest6 WHERE id BETWEEN 5554463 AND 5555462 ORDER BY c
	Sort  (cost=3941.32..3943.84 rows=1008 width=121)
	  Sort Key: c
	  ->  Bitmap Heap Scan on sbtest6  (cost=22.77..3891.04 rows=1008 width=121)
	        Recheck Cond: ((id >= 5554463) AND (id <= 5555462))
	        ->  Bitmap Index Scan on sbtest6_pkey  (cost=0.00..22.51 rows=1008 width=0)
	              Index Cond: ((id >= 5554463) AND (id <= 5555462))

table 7 : explain SELECT c FROM sbtest7 WHERE id BETWEEN 2809645 AND 2810644 ORDER BY c
	Sort  (cost=3711.41..3713.78 rows=948 width=121)
	  Sort Key: c
	  ->  Bitmap Heap Scan on sbtest7  (cost=22.15..3664.54 rows=948 width=121)
	        Recheck Cond: ((id >= 2809645) AND (id <= 2810644))
	        ->  Bitmap Index Scan on sbtest7_pkey  (cost=0.00..21.91 rows=948 width=0)
	              Index Cond: ((id >= 2809645) AND (id <= 2810644))

table 8 : explain SELECT c FROM sbtest8 WHERE id BETWEEN 2047745 AND 2048744 ORDER BY c
	Sort  (cost=3681.82..3684.17 rows=940 width=121)
	  Sort Key: c
	  ->  Bitmap Heap Scan on sbtest8  (cost=22.07..3635.40 rows=940 width=121)
	        Recheck Cond: ((id >= 2047745) AND (id <= 2048744))
	        ->  Bitmap Index Scan on sbtest8_pkey  (cost=0.00..21.83 rows=940 width=0)
	              Index Cond: ((id >= 2047745) AND (id <= 2048744))

for: order_ranges
table 1 : explain SELECT c FROM sbtest1 WHERE id BETWEEN 1021179 AND 1022178 ORDER BY c
	Sort  (cost=3851.54..3854.00 rows=985 width=121)
	  Sort Key: c
	  ->  Bitmap Heap Scan on sbtest1  (cost=22.53..3802.56 rows=985 width=121)
	        Recheck Cond: ((id >= 1021179) AND (id <= 1022178))
	        ->  Bitmap Index Scan on sbtest1_pkey  (cost=0.00..22.29 rows=985 width=0)
	              Index Cond: ((id >= 1021179) AND (id <= 1022178))

table 2 : explain SELECT c FROM sbtest2 WHERE id BETWEEN 2945526 AND 2946525 ORDER BY c
	Sort  (cost=3989.16..3991.71 rows=1021 width=121)
	  Sort Key: c
	  ->  Bitmap Heap Scan on sbtest2  (cost=22.90..3938.13 rows=1021 width=121)
	        Recheck Cond: ((id >= 2945526) AND (id <= 2946525))
	        ->  Bitmap Index Scan on sbtest2_pkey  (cost=0.00..22.64 rows=1021 width=0)
	              Index Cond: ((id >= 2945526) AND (id <= 2946525))

table 3 : explain SELECT c FROM sbtest3 WHERE id BETWEEN 9707120 AND 9708119 ORDER BY c
	Sort  (cost=4134.54..4137.18 rows=1059 width=121)
	  Sort Key: c
	  ->  Bitmap Heap Scan on sbtest3  (cost=23.29..4081.33 rows=1059 width=121)
	        Recheck Cond: ((id >= 9707120) AND (id <= 9708119))
	        ->  Bitmap Index Scan on sbtest3_pkey  (cost=0.00..23.02 rows=1059 width=0)
	              Index Cond: ((id >= 9707120) AND (id <= 9708119))

table 4 : explain SELECT c FROM sbtest4 WHERE id BETWEEN 3015175 AND 3016174 ORDER BY c
	Sort  (cost=4092.87..4095.49 rows=1048 width=121)
	  Sort Key: c
	  ->  Bitmap Heap Scan on sbtest4  (cost=23.18..4040.29 rows=1048 width=121)
	        Recheck Cond: ((id >= 3015175) AND (id <= 3016174))
	        ->  Bitmap Index Scan on sbtest4_pkey  (cost=0.00..22.91 rows=1048 width=0)
	              Index Cond: ((id >= 3015175) AND (id <= 3016174))

table 5 : explain SELECT c FROM sbtest5 WHERE id BETWEEN 9707255 AND 9708254 ORDER BY c
	Sort  (cost=3993.77..3996.32 rows=1022 width=121)
	  Sort Key: c
	  ->  Bitmap Heap Scan on sbtest5  (cost=22.91..3942.68 rows=1022 width=121)
	        Recheck Cond: ((id >= 9707255) AND (id <= 9708254))
	        ->  Bitmap Index Scan on sbtest5_pkey  (cost=0.00..22.65 rows=1022 width=0)
	              Index Cond: ((id >= 9707255) AND (id <= 9708254))

table 6 : explain SELECT c FROM sbtest6 WHERE id BETWEEN 6824852 AND 6825851 ORDER BY c
	Sort  (cost=4235.44..4238.15 rows=1084 width=121)
	  Sort Key: c
	  ->  Bitmap Heap Scan on sbtest6  (cost=27.55..4180.79 rows=1084 width=121)
	        Recheck Cond: ((id >= 6824852) AND (id <= 6825851))
	        ->  Bitmap Index Scan on sbtest6_pkey  (cost=0.00..27.27 rows=1084 width=0)
	              Index Cond: ((id >= 6824852) AND (id <= 6825851))

table 7 : explain SELECT c FROM sbtest7 WHERE id BETWEEN 8688483 AND 8689482 ORDER BY c
	Sort  (cost=3914.16..3916.66 rows=1001 width=121)
	  Sort Key: c
	  ->  Bitmap Heap Scan on sbtest7  (cost=22.70..3864.27 rows=1001 width=121)
	        Recheck Cond: ((id >= 8688483) AND (id <= 8689482))
	        ->  Bitmap Index Scan on sbtest7_pkey  (cost=0.00..22.44 rows=1001 width=0)
	              Index Cond: ((id >= 8688483) AND (id <= 8689482))

table 8 : explain SELECT c FROM sbtest8 WHERE id BETWEEN 286422 AND 287421 ORDER BY c
	Sort  (cost=3892.36..3894.84 rows=995 width=121)
	  Sort Key: c
	  ->  Bitmap Heap Scan on sbtest8  (cost=22.63..3842.81 rows=995 width=121)
	        Recheck Cond: ((id >= 286422) AND (id <= 287421))
	        ->  Bitmap Index Scan on sbtest8_pkey  (cost=0.00..22.39 rows=995 width=0)
	              Index Cond: ((id >= 286422) AND (id <= 287421))

for: simple_ranges
table 1 : explain SELECT c FROM sbtest1 WHERE id BETWEEN 1208752 AND 1209751
	Bitmap Heap Scan on sbtest1  (cost=22.40..3753.61 rows=972 width=121)
	  Recheck Cond: ((id >= 1208752) AND (id <= 1209751))
	  ->  Bitmap Index Scan on sbtest1_pkey  (cost=0.00..22.15 rows=972 width=0)
	        Index Cond: ((id >= 1208752) AND (id <= 1209751))

table 2 : explain SELECT c FROM sbtest2 WHERE id BETWEEN 1124577 AND 1125576
	Bitmap Heap Scan on sbtest2  (cost=23.03..3987.01 rows=1034 width=121)
	  Recheck Cond: ((id >= 1124577) AND (id <= 1125576))
	  ->  Bitmap Index Scan on sbtest2_pkey  (cost=0.00..22.77 rows=1034 width=0)
	        Index Cond: ((id >= 1124577) AND (id <= 1125576))

table 3 : explain SELECT c FROM sbtest3 WHERE id BETWEEN 3033269 AND 3034268
	Bitmap Heap Scan on sbtest3  (cost=23.03..3987.39 rows=1034 width=121)
	  Recheck Cond: ((id >= 3033269) AND (id <= 3034268))
	  ->  Bitmap Index Scan on sbtest3_pkey  (cost=0.00..22.77 rows=1034 width=0)
	        Index Cond: ((id >= 3033269) AND (id <= 3034268))

table 4 : explain SELECT c FROM sbtest4 WHERE id BETWEEN 177952 AND 178951
	Bitmap Heap Scan on sbtest4  (cost=22.92..3946.31 rows=1023 width=121)
	  Recheck Cond: ((id >= 177952) AND (id <= 178951))
	  ->  Bitmap Index Scan on sbtest4_pkey  (cost=0.00..22.66 rows=1023 width=0)
	        Index Cond: ((id >= 177952) AND (id <= 178951))

table 5 : explain SELECT c FROM sbtest5 WHERE id BETWEEN 158436 AND 159435
	Bitmap Heap Scan on sbtest5  (cost=22.22..3690.37 rows=955 width=121)
	  Recheck Cond: ((id >= 158436) AND (id <= 159435))
	  ->  Bitmap Index Scan on sbtest5_pkey  (cost=0.00..21.98 rows=955 width=0)
	        Index Cond: ((id >= 158436) AND (id <= 159435))

table 6 : explain SELECT c FROM sbtest6 WHERE id BETWEEN 3419889 AND 3420888
	Bitmap Heap Scan on sbtest6  (cost=22.76..3887.27 rows=1007 width=121)
	  Recheck Cond: ((id >= 3419889) AND (id <= 3420888))
	  ->  Bitmap Index Scan on sbtest6_pkey  (cost=0.00..22.50 rows=1007 width=0)
	        Index Cond: ((id >= 3419889) AND (id <= 3420888))

table 7 : explain SELECT c FROM sbtest7 WHERE id BETWEEN 31692 AND 32691
	Bitmap Heap Scan on sbtest7  (cost=22.44..3770.10 rows=976 width=121)
	  Recheck Cond: ((id >= 31692) AND (id <= 32691))
	  ->  Bitmap Index Scan on sbtest7_pkey  (cost=0.00..22.19 rows=976 width=0)
	        Index Cond: ((id >= 31692) AND (id <= 32691))

table 8 : explain SELECT c FROM sbtest8 WHERE id BETWEEN 8332866 AND 8333865
	Bitmap Heap Scan on sbtest8  (cost=22.53..3805.13 rows=985 width=121)
	  Recheck Cond: ((id >= 8332866) AND (id <= 8333865))
	  ->  Bitmap Index Scan on sbtest8_pkey  (cost=0.00..22.29 rows=985 width=0)
	        Index Cond: ((id >= 8332866) AND (id <= 8333865))

for point_selects
table 1 : explain SELECT c FROM sbtest1 WHERE id=4769834
	Index Scan using sbtest1_pkey on sbtest1  (cost=0.43..8.45 rows=1 width=121)
	  Index Cond: (id = 4769834)

table 2 : explain SELECT c FROM sbtest2 WHERE id=4154311
	Index Scan using sbtest2_pkey on sbtest2  (cost=0.43..8.45 rows=1 width=121)
	  Index Cond: (id = 4154311)

table 3 : explain SELECT c FROM sbtest3 WHERE id=257388
	Index Scan using sbtest3_pkey on sbtest3  (cost=0.43..8.45 rows=1 width=121)
	  Index Cond: (id = 257388)

table 4 : explain SELECT c FROM sbtest4 WHERE id=1809260
	Index Scan using sbtest4_pkey on sbtest4  (cost=0.43..8.45 rows=1 width=121)
	  Index Cond: (id = 1809260)

table 5 : explain SELECT c FROM sbtest5 WHERE id=8832719
	Index Scan using sbtest5_pkey on sbtest5  (cost=0.43..8.45 rows=1 width=121)
	  Index Cond: (id = 8832719)

table 6 : explain SELECT c FROM sbtest6 WHERE id=890566
	Index Scan using sbtest6_pkey on sbtest6  (cost=0.43..8.45 rows=1 width=121)
	  Index Cond: (id = 890566)

table 7 : explain SELECT c FROM sbtest7 WHERE id=9122431
	Index Scan using sbtest7_pkey on sbtest7  (cost=0.43..8.45 rows=1 width=121)
	  Index Cond: (id = 9122431)

table 8 : explain SELECT c FROM sbtest8 WHERE id=3444731
	Index Scan using sbtest8_pkey on sbtest8  (cost=0.43..8.45 rows=1 width=121)
	  Index Cond: (id = 3444731)

for: sum_ranges
table 1 : explain SELECT SUM(k) FROM sbtest1 WHERE id BETWEEN 9673942 AND 9674941
	Aggregate  (cost=3737.19..3737.20 rows=1 width=8)
	  ->  Bitmap Heap Scan on sbtest1  (cost=22.35..3734.77 rows=967 width=4)
	        Recheck Cond: ((id >= 9673942) AND (id <= 9674941))
	        ->  Bitmap Index Scan on sbtest1_pkey  (cost=0.00..22.11 rows=967 width=0)
	              Index Cond: ((id >= 9673942) AND (id <= 9674941))

table 2 : explain SELECT SUM(k) FROM sbtest2 WHERE id BETWEEN 393094 AND 394093
	Aggregate  (cost=3692.05..3692.06 rows=1 width=8)
	  ->  Bitmap Heap Scan on sbtest2  (cost=22.22..3689.66 rows=955 width=4)
	        Recheck Cond: ((id >= 393094) AND (id <= 394093))
	        ->  Bitmap Index Scan on sbtest2_pkey  (cost=0.00..21.98 rows=955 width=0)
	              Index Cond: ((id >= 393094) AND (id <= 394093))

table 3 : explain SELECT SUM(k) FROM sbtest3 WHERE id BETWEEN 6855769 AND 6856768
	Aggregate  (cost=3937.30..3937.31 rows=1 width=8)
	  ->  Bitmap Heap Scan on sbtest3  (cost=22.89..3934.75 rows=1020 width=4)
	        Recheck Cond: ((id >= 6855769) AND (id <= 6856768))
	        ->  Bitmap Index Scan on sbtest3_pkey  (cost=0.00..22.64 rows=1020 width=0)
	              Index Cond: ((id >= 6855769) AND (id <= 6856768))

table 4 : explain SELECT SUM(k) FROM sbtest4 WHERE id BETWEEN 2256463 AND 2257462
	Aggregate  (cost=3933.81..3933.82 rows=1 width=8)
	  ->  Bitmap Heap Scan on sbtest4  (cost=22.88..3931.26 rows=1019 width=4)
	        Recheck Cond: ((id >= 2256463) AND (id <= 2257462))
	        ->  Bitmap Index Scan on sbtest4_pkey  (cost=0.00..22.62 rows=1019 width=0)
	              Index Cond: ((id >= 2256463) AND (id <= 2257462))

table 5 : explain SELECT SUM(k) FROM sbtest5 WHERE id BETWEEN 9850166 AND 9851165
	Aggregate  (cost=3783.27..3783.28 rows=1 width=8)
	  ->  Bitmap Heap Scan on sbtest5  (cost=22.47..3780.82 rows=979 width=4)
	        Recheck Cond: ((id >= 9850166) AND (id <= 9851165))
	        ->  Bitmap Index Scan on sbtest5_pkey  (cost=0.00..22.22 rows=979 width=0)
	              Index Cond: ((id >= 9850166) AND (id <= 9851165))

table 6 : explain SELECT SUM(k) FROM sbtest6 WHERE id BETWEEN 7028797 AND 7029796
	Aggregate  (cost=3953.82..3953.83 rows=1 width=8)
	  ->  Bitmap Heap Scan on sbtest6  (cost=22.93..3951.26 rows=1024 width=4)
	        Recheck Cond: ((id >= 7028797) AND (id <= 7029796))
	        ->  Bitmap Index Scan on sbtest6_pkey  (cost=0.00..22.68 rows=1024 width=0)
	              Index Cond: ((id >= 7028797) AND (id <= 7029796))

table 7 : explain SELECT SUM(k) FROM sbtest7 WHERE id BETWEEN 1707776 AND 1708775
	Aggregate  (cost=3504.48..3504.49 rows=1 width=8)
	  ->  Bitmap Heap Scan on sbtest7  (cost=21.71..3502.21 rows=905 width=4)
	        Recheck Cond: ((id >= 1707776) AND (id <= 1708775))
	        ->  Bitmap Index Scan on sbtest7_pkey  (cost=0.00..21.48 rows=905 width=0)
	              Index Cond: ((id >= 1707776) AND (id <= 1708775))

table 8 : explain SELECT SUM(k) FROM sbtest8 WHERE id BETWEEN 7450618 AND 7451617
	Aggregate  (cost=4116.65..4116.66 rows=1 width=8)
	  ->  Bitmap Heap Scan on sbtest8  (cost=27.36..4113.99 rows=1066 width=4)
	        Recheck Cond: ((id >= 7450618) AND (id <= 7451617))
	        ->  Bitmap Index Scan on sbtest8_pkey  (cost=0.00..27.09 rows=1066 width=0)
	              Index Cond: ((id >= 7450618) AND (id <= 7451617))

for: distinct_ranges
table 1 : explain SELECT DISTINCT c FROM sbtest1 WHERE id BETWEEN 1697299 AND 1698298 ORDER BY c
	Unique  (cost=4313.36..4318.89 rows=1106 width=121)
	  ->  Sort  (cost=4313.36..4316.13 rows=1106 width=121)
	        Sort Key: c
	        ->  Bitmap Heap Scan on sbtest1  (cost=27.77..4257.45 rows=1106 width=121)
	              Recheck Cond: ((id >= 1697299) AND (id <= 1698298))
	              ->  Bitmap Index Scan on sbtest1_pkey  (cost=0.00..27.50 rows=1106 width=0)
	                    Index Cond: ((id >= 1697299) AND (id <= 1698298))

table 2 : explain SELECT DISTINCT c FROM sbtest2 WHERE id BETWEEN 1888859 AND 1889858 ORDER BY c
	Unique  (cost=3756.06..3760.86 rows=960 width=121)
	  ->  Sort  (cost=3756.06..3758.46 rows=960 width=121)
	        Sort Key: c
	        ->  Bitmap Heap Scan on sbtest2  (cost=22.27..3708.50 rows=960 width=121)
	              Recheck Cond: ((id >= 1888859) AND (id <= 1889858))
	              ->  Bitmap Index Scan on sbtest2_pkey  (cost=0.00..22.04 rows=960 width=0)
	                    Index Cond: ((id >= 1888859) AND (id <= 1889858))

table 3 : explain SELECT DISTINCT c FROM sbtest3 WHERE id BETWEEN 5777499 AND 5778498 ORDER BY c
	Unique  (cost=4466.15..4471.88 rows=1146 width=121)
	  ->  Sort  (cost=4466.15..4469.01 rows=1146 width=121)
	        Sort Key: c
	        ->  Bitmap Heap Scan on sbtest3  (cost=28.18..4407.92 rows=1146 width=121)
	              Recheck Cond: ((id >= 5777499) AND (id <= 5778498))
	              ->  Bitmap Index Scan on sbtest3_pkey  (cost=0.00..27.89 rows=1146 width=0)
	                    Index Cond: ((id >= 5777499) AND (id <= 5778498))

table 4 : explain SELECT DISTINCT c FROM sbtest4 WHERE id BETWEEN 4430180 AND 4431179 ORDER BY c
	Unique  (cost=4378.96..4384.57 rows=1123 width=121)
	  ->  Sort  (cost=4378.96..4381.76 rows=1123 width=121)
	        Sort Key: c
	        ->  Bitmap Heap Scan on sbtest4  (cost=27.95..4322.06 rows=1123 width=121)
	              Recheck Cond: ((id >= 4430180) AND (id <= 4431179))
	              ->  Bitmap Index Scan on sbtest4_pkey  (cost=0.00..27.66 rows=1123 width=0)
	                    Index Cond: ((id >= 4430180) AND (id <= 4431179))

table 5 : explain SELECT DISTINCT c FROM sbtest5 WHERE id BETWEEN 348028 AND 349027 ORDER BY c
	Unique  (cost=4356.27..4361.86 rows=1117 width=121)
	  ->  Sort  (cost=4356.27..4359.06 rows=1117 width=121)
	        Sort Key: c
	        ->  Bitmap Heap Scan on sbtest5  (cost=27.88..4299.72 rows=1117 width=121)
	              Recheck Cond: ((id >= 348028) AND (id <= 349027))
	              ->  Bitmap Index Scan on sbtest5_pkey  (cost=0.00..27.61 rows=1117 width=0)
	                    Index Cond: ((id >= 348028) AND (id <= 349027))

table 6 : explain SELECT DISTINCT c FROM sbtest6 WHERE id BETWEEN 7353143 AND 7354142 ORDER BY c
	Unique  (cost=4155.16..4160.48 rows=1064 width=121)
	  ->  Sort  (cost=4155.16..4157.82 rows=1064 width=121)
	        Sort Key: c
	        ->  Bitmap Heap Scan on sbtest6  (cost=23.34..4101.66 rows=1064 width=121)
	              Recheck Cond: ((id >= 7353143) AND (id <= 7354142))
	              ->  Bitmap Index Scan on sbtest6_pkey  (cost=0.00..23.07 rows=1064 width=0)
	                    Index Cond: ((id >= 7353143) AND (id <= 7354142))

table 7 : explain SELECT DISTINCT c FROM sbtest7 WHERE id BETWEEN 3223005 AND 3224004 ORDER BY c
	Unique  (cost=4044.04..4049.21 rows=1035 width=121)
	  ->  Sort  (cost=4044.04..4046.63 rows=1035 width=121)
	        Sort Key: c
	        ->  Bitmap Heap Scan on sbtest7  (cost=23.04..3992.21 rows=1035 width=121)
	              Recheck Cond: ((id >= 3223005) AND (id <= 3224004))
	              ->  Bitmap Index Scan on sbtest7_pkey  (cost=0.00..22.79 rows=1035 width=0)
	                    Index Cond: ((id >= 3223005) AND (id <= 3224004))

table 8 : explain SELECT DISTINCT c FROM sbtest8 WHERE id BETWEEN 9283741 AND 9284740 ORDER BY c
	Unique  (cost=3486.25..3490.70 rows=889 width=121)
	  ->  Sort  (cost=3486.25..3488.47 rows=889 width=121)
	        Sort Key: c
	        ->  Bitmap Heap Scan on sbtest8  (cost=21.55..3442.71 rows=889 width=121)
	              Recheck Cond: ((id >= 9283741) AND (id <= 9284740))
	              ->  Bitmap Index Scan on sbtest8_pkey  (cost=0.00..21.32 rows=889 width=0)
	                    Index Cond: ((id >= 9283741) AND (id <= 9284740))

for: distinct_ranges
table 1 : explain SELECT DISTINCT c FROM sbtest1 WHERE id BETWEEN 53615 AND 54614 ORDER BY c
	Unique  (cost=3583.69..3588.27 rows=915 width=121)
	  ->  Sort  (cost=3583.69..3585.98 rows=915 width=121)
	        Sort Key: c
	        ->  Bitmap Heap Scan on sbtest1  (cost=21.81..3538.69 rows=915 width=121)
	              Recheck Cond: ((id >= 53615) AND (id <= 54614))
	              ->  Bitmap Index Scan on sbtest1_pkey  (cost=0.00..21.58 rows=915 width=0)
	                    Index Cond: ((id >= 53615) AND (id <= 54614))

table 2 : explain SELECT DISTINCT c FROM sbtest2 WHERE id BETWEEN 9778426 AND 9779425 ORDER BY c
	Unique  (cost=3916.60..3921.61 rows=1002 width=121)
	  ->  Sort  (cost=3916.60..3919.11 rows=1002 width=121)
	        Sort Key: c
	        ->  Bitmap Heap Scan on sbtest2  (cost=22.71..3866.66 rows=1002 width=121)
	              Recheck Cond: ((id >= 9778426) AND (id <= 9779425))
	              ->  Bitmap Index Scan on sbtest2_pkey  (cost=0.00..22.45 rows=1002 width=0)
	                    Index Cond: ((id >= 9778426) AND (id <= 9779425))

table 3 : explain SELECT DISTINCT c FROM sbtest3 WHERE id BETWEEN 2647460 AND 2648459 ORDER BY c
	Unique  (cost=4035.34..4040.51 rows=1033 width=121)
	  ->  Sort  (cost=4035.34..4037.93 rows=1033 width=121)
	        Sort Key: c
	        ->  Bitmap Heap Scan on sbtest3  (cost=23.02..3983.63 rows=1033 width=121)
	              Recheck Cond: ((id >= 2647460) AND (id <= 2648459))
	              ->  Bitmap Index Scan on sbtest3_pkey  (cost=0.00..22.76 rows=1033 width=0)
	                    Index Cond: ((id >= 2647460) AND (id <= 2648459))

table 4 : explain SELECT DISTINCT c FROM sbtest4 WHERE id BETWEEN 1253943 AND 1254942 ORDER BY c
	Unique  (cost=4012.72..4017.86 rows=1027 width=121)
	  ->  Sort  (cost=4012.72..4015.29 rows=1027 width=121)
	        Sort Key: c
	        ->  Bitmap Heap Scan on sbtest4  (cost=22.96..3961.35 rows=1027 width=121)
	              Recheck Cond: ((id >= 1253943) AND (id <= 1254942))
	              ->  Bitmap Index Scan on sbtest4_pkey  (cost=0.00..22.70 rows=1027 width=0)
	                    Index Cond: ((id >= 1253943) AND (id <= 1254942))

table 5 : explain SELECT DISTINCT c FROM sbtest5 WHERE id BETWEEN 7162359 AND 7163358 ORDER BY c
	Unique  (cost=3917.37..3922.38 rows=1002 width=121)
	  ->  Sort  (cost=3917.37..3919.88 rows=1002 width=121)
	        Sort Key: c
	        ->  Bitmap Heap Scan on sbtest5  (cost=22.71..3867.43 rows=1002 width=121)
	              Recheck Cond: ((id >= 7162359) AND (id <= 7163358))
	              ->  Bitmap Index Scan on sbtest5_pkey  (cost=0.00..22.45 rows=1002 width=0)
	                    Index Cond: ((id >= 7162359) AND (id <= 7163358))

table 6 : explain SELECT DISTINCT c FROM sbtest6 WHERE id BETWEEN 9248939 AND 9249938 ORDER BY c
	Unique  (cost=4017.73..4022.87 rows=1028 width=121)
	  ->  Sort  (cost=4017.73..4020.30 rows=1028 width=121)
	        Sort Key: c
	        ->  Bitmap Heap Scan on sbtest6  (cost=22.97..3966.31 rows=1028 width=121)
	              Recheck Cond: ((id >= 9248939) AND (id <= 9249938))
	              ->  Bitmap Index Scan on sbtest6_pkey  (cost=0.00..22.71 rows=1028 width=0)
	                    Index Cond: ((id >= 9248939) AND (id <= 9249938))

table 7 : explain SELECT DISTINCT c FROM sbtest7 WHERE id BETWEEN 1069973 AND 1070972 ORDER BY c
	Unique  (cost=4131.82..4137.11 rows=1058 width=121)
	  ->  Sort  (cost=4131.82..4134.47 rows=1058 width=121)
	        Sort Key: c
	        ->  Bitmap Heap Scan on sbtest7  (cost=23.28..4078.67 rows=1058 width=121)
	              Recheck Cond: ((id >= 1069973) AND (id <= 1070972))
	              ->  Bitmap Index Scan on sbtest7_pkey  (cost=0.00..23.01 rows=1058 width=0)
	                    Index Cond: ((id >= 1069973) AND (id <= 1070972))

table 8 : explain SELECT DISTINCT c FROM sbtest8 WHERE id BETWEEN 550507 AND 551506 ORDER BY c
	Unique  (cost=3945.89..3950.93 rows=1009 width=121)
	  ->  Sort  (cost=3945.89..3948.41 rows=1009 width=121)
	        Sort Key: c
	        ->  Bitmap Heap Scan on sbtest8  (cost=22.78..3895.55 rows=1009 width=121)
	              Recheck Cond: ((id >= 550507) AND (id <= 551506))
	              ->  Bitmap Index Scan on sbtest8_pkey  (cost=0.00..22.52 rows=1009 width=0)
	                    Index Cond: ((id >= 550507) AND (id <= 551506))

for: sum_ranges
table 1 : explain SELECT SUM(k) FROM sbtest1 WHERE id BETWEEN 5529697 AND 5530696
	Aggregate  (cost=3620.26..3620.27 rows=1 width=8)
	  ->  Bitmap Heap Scan on sbtest1  (cost=22.03..3617.92 rows=936 width=4)
	        Recheck Cond: ((id >= 5529697) AND (id <= 5530696))
	        ->  Bitmap Index Scan on sbtest1_pkey  (cost=0.00..21.79 rows=936 width=0)
	              Index Cond: ((id >= 5529697) AND (id <= 5530696))

table 2 : explain SELECT SUM(k) FROM sbtest2 WHERE id BETWEEN 6663564 AND 6664563
	Aggregate  (cost=3699.59..3699.60 rows=1 width=8)
	  ->  Bitmap Heap Scan on sbtest2  (cost=22.24..3697.20 rows=957 width=4)
	        Recheck Cond: ((id >= 6663564) AND (id <= 6664563))
	        ->  Bitmap Index Scan on sbtest2_pkey  (cost=0.00..22.00 rows=957 width=0)
	              Index Cond: ((id >= 6663564) AND (id <= 6664563))

table 3 : explain SELECT SUM(k) FROM sbtest3 WHERE id BETWEEN 8872608 AND 8873607
	Aggregate  (cost=3854.46..3854.47 rows=1 width=8)
	  ->  Bitmap Heap Scan on sbtest3  (cost=22.66..3851.97 rows=998 width=4)
	        Recheck Cond: ((id >= 8872608) AND (id <= 8873607))
	        ->  Bitmap Index Scan on sbtest3_pkey  (cost=0.00..22.41 rows=998 width=0)
	              Index Cond: ((id >= 8872608) AND (id <= 8873607))

table 4 : explain SELECT SUM(k) FROM sbtest4 WHERE id BETWEEN 9745826 AND 9746825
	Aggregate  (cost=4264.83..4264.84 rows=1 width=8)
	  ->  Bitmap Heap Scan on sbtest4  (cost=27.78..4262.07 rows=1107 width=4)
	        Recheck Cond: ((id >= 9745826) AND (id <= 9746825))
	        ->  Bitmap Index Scan on sbtest4_pkey  (cost=0.00..27.50 rows=1107 width=0)
	              Index Cond: ((id >= 9745826) AND (id <= 9746825))

table 5 : explain SELECT SUM(k) FROM sbtest5 WHERE id BETWEEN 7864701 AND 7865700
	Aggregate  (cost=3828.49..3828.50 rows=1 width=8)
	  ->  Bitmap Heap Scan on sbtest5  (cost=22.59..3826.01 rows=991 width=4)
	        Recheck Cond: ((id >= 7864701) AND (id <= 7865700))
	        ->  Bitmap Index Scan on sbtest5_pkey  (cost=0.00..22.34 rows=991 width=0)
	              Index Cond: ((id >= 7864701) AND (id <= 7865700))

table 6 : explain SELECT SUM(k) FROM sbtest6 WHERE id BETWEEN 3017522 AND 3018521
	Aggregate  (cost=3995.23..3995.24 rows=1 width=8)
	  ->  Bitmap Heap Scan on sbtest6  (cost=23.04..3992.64 rows=1035 width=4)
	        Recheck Cond: ((id >= 3017522) AND (id <= 3018521))
	        ->  Bitmap Index Scan on sbtest6_pkey  (cost=0.00..22.79 rows=1035 width=0)
	              Index Cond: ((id >= 3017522) AND (id <= 3018521))

table 7 : explain SELECT SUM(k) FROM sbtest7 WHERE id BETWEEN 2165606 AND 2166605
	Aggregate  (cost=4137.71..4137.72 rows=1 width=8)
	  ->  Bitmap Heap Scan on sbtest7  (cost=23.43..4135.02 rows=1073 width=4)
	        Recheck Cond: ((id >= 2165606) AND (id <= 2166605))
	        ->  Bitmap Index Scan on sbtest7_pkey  (cost=0.00..23.16 rows=1073 width=0)
	              Index Cond: ((id >= 2165606) AND (id <= 2166605))

table 8 : explain SELECT SUM(k) FROM sbtest8 WHERE id BETWEEN 2529792 AND 2530791
	Aggregate  (cost=4312.09..4312.10 rows=1 width=8)
	  ->  Bitmap Heap Scan on sbtest8  (cost=27.90..4309.29 rows=1119 width=4)
	        Recheck Cond: ((id >= 2529792) AND (id <= 2530791))
	        ->  Bitmap Index Scan on sbtest8_pkey  (cost=0.00..27.62 rows=1119 width=0)
	              Index Cond: ((id >= 2529792) AND (id <= 2530791))

for: simple_ranges
table 1 : explain SELECT c FROM sbtest1 WHERE id BETWEEN 9270246 AND 9271245
	Bitmap Heap Scan on sbtest1  (cost=27.82..4276.20 rows=1111 width=121)
	  Recheck Cond: ((id >= 9270246) AND (id <= 9271245))
	  ->  Bitmap Index Scan on sbtest1_pkey  (cost=0.00..27.54 rows=1111 width=0)
	        Index Cond: ((id >= 9270246) AND (id <= 9271245))

table 2 : explain SELECT c FROM sbtest2 WHERE id BETWEEN 6412293 AND 6413292
	Bitmap Heap Scan on sbtest2  (cost=23.39..4118.48 rows=1069 width=121)
	  Recheck Cond: ((id >= 6412293) AND (id <= 6413292))
	  ->  Bitmap Index Scan on sbtest2_pkey  (cost=0.00..23.12 rows=1069 width=0)
	        Index Cond: ((id >= 6412293) AND (id <= 6413292))

table 3 : explain SELECT c FROM sbtest3 WHERE id BETWEEN 2900807 AND 2901806
	Bitmap Heap Scan on sbtest3  (cost=27.68..4224.24 rows=1097 width=121)
	  Recheck Cond: ((id >= 2900807) AND (id <= 2901806))
	  ->  Bitmap Index Scan on sbtest3_pkey  (cost=0.00..27.40 rows=1097 width=0)
	        Index Cond: ((id >= 2900807) AND (id <= 2901806))

table 4 : explain SELECT c FROM sbtest4 WHERE id BETWEEN 3817529 AND 3818528
	Bitmap Heap Scan on sbtest4  (cost=23.55..4175.50 rows=1084 width=121)
	  Recheck Cond: ((id >= 3817529) AND (id <= 3818528))
	  ->  Bitmap Index Scan on sbtest4_pkey  (cost=0.00..23.27 rows=1084 width=0)
	        Index Cond: ((id >= 3817529) AND (id <= 3818528))

table 5 : explain SELECT c FROM sbtest5 WHERE id BETWEEN 8624508 AND 8625507
	Bitmap Heap Scan on sbtest5  (cost=22.85..3920.11 rows=1016 width=121)
	  Recheck Cond: ((id >= 8624508) AND (id <= 8625507))
	  ->  Bitmap Index Scan on sbtest5_pkey  (cost=0.00..22.59 rows=1016 width=0)
	        Index Cond: ((id >= 8624508) AND (id <= 8625507))

table 6 : explain SELECT c FROM sbtest6 WHERE id BETWEEN 2463323 AND 2464322
	Bitmap Heap Scan on sbtest6  (cost=23.48..4154.26 rows=1078 width=121)
	  Recheck Cond: ((id >= 2463323) AND (id <= 2464322))
	  ->  Bitmap Index Scan on sbtest6_pkey  (cost=0.00..23.21 rows=1078 width=0)
	        Index Cond: ((id >= 2463323) AND (id <= 2464322))

table 7 : explain SELECT c FROM sbtest7 WHERE id BETWEEN 5244921 AND 5245920
	Bitmap Heap Scan on sbtest7  (cost=21.94..3585.29 rows=927 width=121)
	  Recheck Cond: ((id >= 5244921) AND (id <= 5245920))
	  ->  Bitmap Index Scan on sbtest7_pkey  (cost=0.00..21.70 rows=927 width=0)
	        Index Cond: ((id >= 5244921) AND (id <= 5245920))

table 8 : explain SELECT c FROM sbtest8 WHERE id BETWEEN 4423371 AND 4424370
	Bitmap Heap Scan on sbtest8  (cost=21.74..3514.53 rows=908 width=121)
	  Recheck Cond: ((id >= 4423371) AND (id <= 4424370))
	  ->  Bitmap Index Scan on sbtest8_pkey  (cost=0.00..21.51 rows=908 width=0)
	        Index Cond: ((id >= 4423371) AND (id <= 4424370))

for: distinct_ranges
table 1 : explain SELECT DISTINCT c FROM sbtest1 WHERE id BETWEEN 2830683 AND 2831682 ORDER BY c
	Unique  (cost=3950.86..3955.92 rows=1011 width=121)
	  ->  Sort  (cost=3950.86..3953.39 rows=1011 width=121)
	        Sort Key: c
	        ->  Bitmap Heap Scan on sbtest1  (cost=22.80..3900.41 rows=1011 width=121)
	              Recheck Cond: ((id >= 2830683) AND (id <= 2831682))
	              ->  Bitmap Index Scan on sbtest1_pkey  (cost=0.00..22.54 rows=1011 width=0)
	                    Index Cond: ((id >= 2830683) AND (id <= 2831682))

table 2 : explain SELECT DISTINCT c FROM sbtest2 WHERE id BETWEEN 2500301 AND 2501300 ORDER BY c
	Unique  (cost=4088.38..4093.61 rows=1047 width=121)
	  ->  Sort  (cost=4088.38..4090.99 rows=1047 width=121)
	        Sort Key: c
	        ->  Bitmap Heap Scan on sbtest2  (cost=23.17..4035.86 rows=1047 width=121)
	              Recheck Cond: ((id >= 2500301) AND (id <= 2501300))
	              ->  Bitmap Index Scan on sbtest2_pkey  (cost=0.00..22.90 rows=1047 width=0)
	                    Index Cond: ((id >= 2500301) AND (id <= 2501300))

table 3 : explain SELECT DISTINCT c FROM sbtest3 WHERE id BETWEEN 3494844 AND 3495843 ORDER BY c
	Unique  (cost=4157.42..4162.74 rows=1065 width=121)
	  ->  Sort  (cost=4157.42..4160.08 rows=1065 width=121)
	        Sort Key: c
	        ->  Bitmap Heap Scan on sbtest3  (cost=23.35..4103.86 rows=1065 width=121)
	              Recheck Cond: ((id >= 3494844) AND (id <= 3495843))
	              ->  Bitmap Index Scan on sbtest3_pkey  (cost=0.00..23.08 rows=1065 width=0)
	                    Index Cond: ((id >= 3494844) AND (id <= 3495843))

table 4 : explain SELECT DISTINCT c FROM sbtest4 WHERE id BETWEEN 3396116 AND 3397115 ORDER BY c
	Unique  (cost=3553.69..3558.22 rows=907 width=121)
	  ->  Sort  (cost=3553.69..3555.95 rows=907 width=121)
	        Sort Key: c
	        ->  Bitmap Heap Scan on sbtest4  (cost=21.73..3509.13 rows=907 width=121)
	              Recheck Cond: ((id >= 3396116) AND (id <= 3397115))
	              ->  Bitmap Index Scan on sbtest4_pkey  (cost=0.00..21.50 rows=907 width=0)
	                    Index Cond: ((id >= 3396116) AND (id <= 3397115))

table 5 : explain SELECT DISTINCT c FROM sbtest5 WHERE id BETWEEN 3430082 AND 3431081 ORDER BY c
	Unique  (cost=3882.98..3887.94 rows=993 width=121)
	  ->  Sort  (cost=3882.98..3885.46 rows=993 width=121)
	        Sort Key: c
	        ->  Bitmap Heap Scan on sbtest5  (cost=22.61..3833.55 rows=993 width=121)
	              Recheck Cond: ((id >= 3430082) AND (id <= 3431081))
	              ->  Bitmap Index Scan on sbtest5_pkey  (cost=0.00..22.36 rows=993 width=0)
	                    Index Cond: ((id >= 3430082) AND (id <= 3431081))

table 6 : explain SELECT DISTINCT c FROM sbtest6 WHERE id BETWEEN 3492553 AND 3493552 ORDER BY c
	Unique  (cost=4109.37..4114.63 rows=1052 width=121)
	  ->  Sort  (cost=4109.37..4112.00 rows=1052 width=121)
	        Sort Key: c
	        ->  Bitmap Heap Scan on sbtest6  (cost=23.22..4056.56 rows=1052 width=121)
	              Recheck Cond: ((id >= 3492553) AND (id <= 3493552))
	              ->  Bitmap Index Scan on sbtest6_pkey  (cost=0.00..22.95 rows=1052 width=0)
	                    Index Cond: ((id >= 3492553) AND (id <= 3493552))

table 7 : explain SELECT DISTINCT c FROM sbtest7 WHERE id BETWEEN 8528963 AND 8529962 ORDER BY c
	Unique  (cost=4196.66..4202.04 rows=1075 width=121)
	  ->  Sort  (cost=4196.66..4199.35 rows=1075 width=121)
	        Sort Key: c
	        ->  Bitmap Heap Scan on sbtest7  (cost=23.45..4142.54 rows=1075 width=121)
	              Recheck Cond: ((id >= 8528963) AND (id <= 8529962))
	              ->  Bitmap Index Scan on sbtest7_pkey  (cost=0.00..23.18 rows=1075 width=0)
	                    Index Cond: ((id >= 8528963) AND (id <= 8529962))

table 8 : explain SELECT DISTINCT c FROM sbtest8 WHERE id BETWEEN 6358999 AND 6359998 ORDER BY c
	Unique  (cost=4045.24..4050.42 rows=1035 width=121)
	  ->  Sort  (cost=4045.24..4047.83 rows=1035 width=121)
	        Sort Key: c
	        ->  Bitmap Heap Scan on sbtest8  (cost=23.04..3993.41 rows=1035 width=121)
	              Recheck Cond: ((id >= 6358999) AND (id <= 6359998))
	              ->  Bitmap Index Scan on sbtest8_pkey  (cost=0.00..22.79 rows=1035 width=0)
	                    Index Cond: ((id >= 6358999) AND (id <= 6359998))

for: sum_ranges
table 1 : explain SELECT SUM(k) FROM sbtest1 WHERE id BETWEEN 4788938 AND 4789937
	Aggregate  (cost=4094.73..4094.74 rows=1 width=8)
	  ->  Bitmap Heap Scan on sbtest1  (cost=23.32..4092.08 rows=1062 width=4)
	        Recheck Cond: ((id >= 4788938) AND (id <= 4789937))
	        ->  Bitmap Index Scan on sbtest1_pkey  (cost=0.00..23.05 rows=1062 width=0)
	              Index Cond: ((id >= 4788938) AND (id <= 4789937))

table 2 : explain SELECT SUM(k) FROM sbtest2 WHERE id BETWEEN 9850185 AND 9851184
	Aggregate  (cost=3929.40..3929.41 rows=1 width=8)
	  ->  Bitmap Heap Scan on sbtest2  (cost=22.87..3926.85 rows=1018 width=4)
	        Recheck Cond: ((id >= 9850185) AND (id <= 9851184))
	        ->  Bitmap Index Scan on sbtest2_pkey  (cost=0.00..22.61 rows=1018 width=0)
	              Index Cond: ((id >= 9850185) AND (id <= 9851184))

table 3 : explain SELECT SUM(k) FROM sbtest3 WHERE id BETWEEN 7554356 AND 7555355
	Aggregate  (cost=3594.26..3594.27 rows=1 width=8)
	  ->  Bitmap Heap Scan on sbtest3  (cost=21.96..3591.94 rows=929 width=4)
	        Recheck Cond: ((id >= 7554356) AND (id <= 7555355))
	        ->  Bitmap Index Scan on sbtest3_pkey  (cost=0.00..21.72 rows=929 width=0)
	              Index Cond: ((id >= 7554356) AND (id <= 7555355))

table 4 : explain SELECT SUM(k) FROM sbtest4 WHERE id BETWEEN 4013208 AND 4014207
	Aggregate  (cost=3688.86..3688.87 rows=1 width=8)
	  ->  Bitmap Heap Scan on sbtest4  (cost=22.21..3686.48 rows=954 width=4)
	        Recheck Cond: ((id >= 4013208) AND (id <= 4014207))
	        ->  Bitmap Index Scan on sbtest4_pkey  (cost=0.00..21.97 rows=954 width=0)
	              Index Cond: ((id >= 4013208) AND (id <= 4014207))

table 5 : explain SELECT SUM(k) FROM sbtest5 WHERE id BETWEEN 1451943 AND 1452942
	Aggregate  (cost=3749.34..3749.35 rows=1 width=8)
	  ->  Bitmap Heap Scan on sbtest5  (cost=22.38..3746.91 rows=970 width=4)
	        Recheck Cond: ((id >= 1451943) AND (id <= 1452942))
	        ->  Bitmap Index Scan on sbtest5_pkey  (cost=0.00..22.14 rows=970 width=0)
	              Index Cond: ((id >= 1451943) AND (id <= 1452942))

table 6 : explain SELECT SUM(k) FROM sbtest6 WHERE id BETWEEN 5925742 AND 5926741
	Aggregate  (cost=3621.97..3621.98 rows=1 width=8)
	  ->  Bitmap Heap Scan on sbtest6  (cost=22.03..3619.63 rows=936 width=4)
	        Recheck Cond: ((id >= 5925742) AND (id <= 5926741))
	        ->  Bitmap Index Scan on sbtest6_pkey  (cost=0.00..21.79 rows=936 width=0)
	              Index Cond: ((id >= 5925742) AND (id <= 5926741))

table 7 : explain SELECT SUM(k) FROM sbtest7 WHERE id BETWEEN 4181666 AND 4182665
	Aggregate  (cost=3749.92..3749.93 rows=1 width=8)
	  ->  Bitmap Heap Scan on sbtest7  (cost=22.38..3747.49 rows=970 width=4)
	        Recheck Cond: ((id >= 4181666) AND (id <= 4182665))
	        ->  Bitmap Index Scan on sbtest7_pkey  (cost=0.00..22.14 rows=970 width=0)
	              Index Cond: ((id >= 4181666) AND (id <= 4182665))

table 8 : explain SELECT SUM(k) FROM sbtest8 WHERE id BETWEEN 8924893 AND 8925892
	Aggregate  (cost=3705.72..3705.73 rows=1 width=8)
	  ->  Bitmap Heap Scan on sbtest8  (cost=22.25..3703.32 rows=958 width=4)
	        Recheck Cond: ((id >= 8924893) AND (id <= 8925892))
	        ->  Bitmap Index Scan on sbtest8_pkey  (cost=0.00..22.01 rows=958 width=0)
	              Index Cond: ((id >= 8924893) AND (id <= 8925892))

for point_selects
table 1 : explain SELECT c FROM sbtest1 WHERE id=7003763
	Index Scan using sbtest1_pkey on sbtest1  (cost=0.43..8.45 rows=1 width=121)
	  Index Cond: (id = 7003763)

table 2 : explain SELECT c FROM sbtest2 WHERE id=5391773
	Index Scan using sbtest2_pkey on sbtest2  (cost=0.43..8.45 rows=1 width=121)
	  Index Cond: (id = 5391773)

table 3 : explain SELECT c FROM sbtest3 WHERE id=4969957
	Index Scan using sbtest3_pkey on sbtest3  (cost=0.43..8.45 rows=1 width=121)
	  Index Cond: (id = 4969957)

table 4 : explain SELECT c FROM sbtest4 WHERE id=5980681
	Index Scan using sbtest4_pkey on sbtest4  (cost=0.43..8.45 rows=1 width=121)
	  Index Cond: (id = 5980681)

table 5 : explain SELECT c FROM sbtest5 WHERE id=8147633
	Index Scan using sbtest5_pkey on sbtest5  (cost=0.43..8.45 rows=1 width=121)
	  Index Cond: (id = 8147633)

table 6 : explain SELECT c FROM sbtest6 WHERE id=1456441
	Index Scan using sbtest6_pkey on sbtest6  (cost=0.43..8.45 rows=1 width=121)
	  Index Cond: (id = 1456441)

table 7 : explain SELECT c FROM sbtest7 WHERE id=7621592
	Index Scan using sbtest7_pkey on sbtest7  (cost=0.43..8.45 rows=1 width=121)
	  Index Cond: (id = 7621592)

table 8 : explain SELECT c FROM sbtest8 WHERE id=8713388
	Index Scan using sbtest8_pkey on sbtest8  (cost=0.43..8.45 rows=1 width=121)
	  Index Cond: (id = 8713388)

explain: for point_selects :: explain SELECT c FROM sbtest%u WHERE id=%u
for: order_ranges
table 1 : explain SELECT c FROM sbtest1 WHERE id BETWEEN 6970090 AND 6971089 ORDER BY c
	Sort  (cost=4015.76..4018.33 rows=1028 width=121)
	  Sort Key: c
	  ->  Bitmap Heap Scan on sbtest1  (cost=22.97..3964.33 rows=1028 width=121)
	        Recheck Cond: ((id >= 6970090) AND (id <= 6971089))
	        ->  Bitmap Index Scan on sbtest1_pkey  (cost=0.00..22.71 rows=1028 width=0)
	              Index Cond: ((id >= 6970090) AND (id <= 6971089))

table 2 : explain SELECT c FROM sbtest2 WHERE id BETWEEN 3796048 AND 3797047 ORDER BY c
	Sort  (cost=3901.32..3903.82 rows=998 width=121)
	  Sort Key: c
	  ->  Bitmap Heap Scan on sbtest2  (cost=22.66..3851.61 rows=998 width=121)
	        Recheck Cond: ((id >= 3796048) AND (id <= 3797047))
	        ->  Bitmap Index Scan on sbtest2_pkey  (cost=0.00..22.41 rows=998 width=0)
	              Index Cond: ((id >= 3796048) AND (id <= 3797047))

table 3 : explain SELECT c FROM sbtest3 WHERE id BETWEEN 8740357 AND 8741356 ORDER BY c
	Sort  (cost=3702.82..3705.19 rows=946 width=121)
	  Sort Key: c
	  ->  Bitmap Heap Scan on sbtest3  (cost=22.13..3656.06 rows=946 width=121)
	        Recheck Cond: ((id >= 8740357) AND (id <= 8741356))
	        ->  Bitmap Index Scan on sbtest3_pkey  (cost=0.00..21.89 rows=946 width=0)
	              Index Cond: ((id >= 8740357) AND (id <= 8741356))

table 4 : explain SELECT c FROM sbtest4 WHERE id BETWEEN 4532131 AND 4533130 ORDER BY c
	Sort  (cost=3546.02..3548.28 rows=905 width=121)
	  Sort Key: c
	  ->  Bitmap Heap Scan on sbtest4  (cost=21.71..3501.58 rows=905 width=121)
	        Recheck Cond: ((id >= 4532131) AND (id <= 4533130))
	        ->  Bitmap Index Scan on sbtest4_pkey  (cost=0.00..21.48 rows=905 width=0)
	              Index Cond: ((id >= 4532131) AND (id <= 4533130))

table 5 : explain SELECT c FROM sbtest5 WHERE id BETWEEN 6900043 AND 6901042 ORDER BY c
	Sort  (cost=3844.75..3847.20 rows=983 width=121)
	  Sort Key: c
	  ->  Bitmap Heap Scan on sbtest5  (cost=22.51..3795.89 rows=983 width=121)
	        Recheck Cond: ((id >= 6900043) AND (id <= 6901042))
	        ->  Bitmap Index Scan on sbtest5_pkey  (cost=0.00..22.26 rows=983 width=0)
	              Index Cond: ((id >= 6900043) AND (id <= 6901042))

table 6 : explain SELECT c FROM sbtest6 WHERE id BETWEEN 5244971 AND 5245970 ORDER BY c
	Sort  (cost=3926.03..3928.54 rows=1004 width=121)
	  Sort Key: c
	  ->  Bitmap Heap Scan on sbtest6  (cost=22.73..3875.97 rows=1004 width=121)
	        Recheck Cond: ((id >= 5244971) AND (id <= 5245970))
	        ->  Bitmap Index Scan on sbtest6_pkey  (cost=0.00..22.47 rows=1004 width=0)
	              Index Cond: ((id >= 5244971) AND (id <= 5245970))

table 7 : explain SELECT c FROM sbtest7 WHERE id BETWEEN 9572455 AND 9573454 ORDER BY c
	Sort  (cost=3791.79..3794.21 rows=969 width=121)
	  Sort Key: c
	  ->  Bitmap Heap Scan on sbtest7  (cost=22.37..3743.72 rows=969 width=121)
	        Recheck Cond: ((id >= 9572455) AND (id <= 9573454))
	        ->  Bitmap Index Scan on sbtest7_pkey  (cost=0.00..22.12 rows=969 width=0)
	              Index Cond: ((id >= 9572455) AND (id <= 9573454))

table 8 : explain SELECT c FROM sbtest8 WHERE id BETWEEN 7861818 AND 7862817 ORDER BY c
	Sort  (cost=3708.63..3711.00 rows=947 width=121)
	  Sort Key: c
	  ->  Bitmap Heap Scan on sbtest8  (cost=22.14..3661.82 rows=947 width=121)
	        Recheck Cond: ((id >= 7861818) AND (id <= 7862817))
	        ->  Bitmap Index Scan on sbtest8_pkey  (cost=0.00..21.90 rows=947 width=0)
	              Index Cond: ((id >= 7861818) AND (id <= 7862817))

for: distinct_ranges
table 1 : explain SELECT DISTINCT c FROM sbtest1 WHERE id BETWEEN 8940700 AND 8941699 ORDER BY c
	Unique  (cost=4412.31..4417.97 rows=1132 width=121)
	  ->  Sort  (cost=4412.31..4415.14 rows=1132 width=121)
	        Sort Key: c
	        ->  Bitmap Heap Scan on sbtest1  (cost=28.04..4354.90 rows=1132 width=121)
	              Recheck Cond: ((id >= 8940700) AND (id <= 8941699))
	              ->  Bitmap Index Scan on sbtest1_pkey  (cost=0.00..27.75 rows=1132 width=0)
	                    Index Cond: ((id >= 8940700) AND (id <= 8941699))

table 2 : explain SELECT DISTINCT c FROM sbtest2 WHERE id BETWEEN 4199626 AND 4200625 ORDER BY c
	Unique  (cost=4115.08..4120.35 rows=1054 width=121)
	  ->  Sort  (cost=4115.08..4117.71 rows=1054 width=121)
	        Sort Key: c
	        ->  Bitmap Heap Scan on sbtest2  (cost=23.24..4062.16 rows=1054 width=121)
	              Recheck Cond: ((id >= 4199626) AND (id <= 4200625))
	              ->  Bitmap Index Scan on sbtest2_pkey  (cost=0.00..22.97 rows=1054 width=0)
	                    Index Cond: ((id >= 4199626) AND (id <= 4200625))

table 3 : explain SELECT DISTINCT c FROM sbtest3 WHERE id BETWEEN 3907303 AND 3908302 ORDER BY c
	Unique  (cost=4294.88..4300.38 rows=1101 width=121)
	  ->  Sort  (cost=4294.88..4297.63 rows=1101 width=121)
	        Sort Key: c
	        ->  Bitmap Heap Scan on sbtest3  (cost=27.72..4239.25 rows=1101 width=121)
	              Recheck Cond: ((id >= 3907303) AND (id <= 3908302))
	              ->  Bitmap Index Scan on sbtest3_pkey  (cost=0.00..27.44 rows=1101 width=0)
	                    Index Cond: ((id >= 3907303) AND (id <= 3908302))

table 4 : explain SELECT DISTINCT c FROM sbtest4 WHERE id BETWEEN 9365966 AND 9366965 ORDER BY c
	Unique  (cost=3737.52..3742.29 rows=955 width=121)
	  ->  Sort  (cost=3737.52..3739.90 rows=955 width=121)
	        Sort Key: c
	        ->  Bitmap Heap Scan on sbtest4  (cost=22.22..3690.25 rows=955 width=121)
	              Recheck Cond: ((id >= 9365966) AND (id <= 9366965))
	              ->  Bitmap Index Scan on sbtest4_pkey  (cost=0.00..21.98 rows=955 width=0)
	                    Index Cond: ((id >= 9365966) AND (id <= 9366965))

table 5 : explain SELECT DISTINCT c FROM sbtest5 WHERE id BETWEEN 2420820 AND 2421819 ORDER BY c
	Unique  (cost=4256.97..4262.42 rows=1091 width=121)
	  ->  Sort  (cost=4256.97..4259.69 rows=1091 width=121)
	        Sort Key: c
	        ->  Bitmap Heap Scan on sbtest5  (cost=23.62..4201.92 rows=1091 width=121)
	              Recheck Cond: ((id >= 2420820) AND (id <= 2421819))
	              ->  Bitmap Index Scan on sbtest5_pkey  (cost=0.00..23.34 rows=1091 width=0)
	                    Index Cond: ((id >= 2420820) AND (id <= 2421819))

table 6 : explain SELECT DISTINCT c FROM sbtest6 WHERE id BETWEEN 4956653 AND 4957652 ORDER BY c
	Unique  (cost=3796.00..3800.85 rows=970 width=121)
	  ->  Sort  (cost=3796.00..3798.42 rows=970 width=121)
	        Sort Key: c
	        ->  Bitmap Heap Scan on sbtest6  (cost=22.38..3747.88 rows=970 width=121)
	              Recheck Cond: ((id >= 4956653) AND (id <= 4957652))
	              ->  Bitmap Index Scan on sbtest6_pkey  (cost=0.00..22.14 rows=970 width=0)
	                    Index Cond: ((id >= 4956653) AND (id <= 4957652))

table 7 : explain SELECT DISTINCT c FROM sbtest7 WHERE id BETWEEN 9409864 AND 9410863 ORDER BY c
	Unique  (cost=3565.83..3570.38 rows=910 width=121)
	  ->  Sort  (cost=3565.83..3568.10 rows=910 width=121)
	        Sort Key: c
	        ->  Bitmap Heap Scan on sbtest7  (cost=21.76..3521.10 rows=910 width=121)
	              Recheck Cond: ((id >= 9409864) AND (id <= 9410863))
	              ->  Bitmap Index Scan on sbtest7_pkey  (cost=0.00..21.54 rows=910 width=0)
	                    Index Cond: ((id >= 9409864) AND (id <= 9410863))

table 8 : explain SELECT DISTINCT c FROM sbtest8 WHERE id BETWEEN 5541705 AND 5542704 ORDER BY c
	Unique  (cost=3900.00..3904.99 rows=997 width=121)
	  ->  Sort  (cost=3900.00..3902.50 rows=997 width=121)
	        Sort Key: c
	        ->  Bitmap Heap Scan on sbtest8  (cost=22.65..3850.35 rows=997 width=121)
	              Recheck Cond: ((id >= 5541705) AND (id <= 5542704))
	              ->  Bitmap Index Scan on sbtest8_pkey  (cost=0.00..22.40 rows=997 width=0)
	                    Index Cond: ((id >= 5541705) AND (id <= 5542704))

for: distinct_ranges
table 1 : explain SELECT DISTINCT c FROM sbtest1 WHERE id BETWEEN 7596590 AND 7597589 ORDER BY c
	Unique  (cost=3901.21..3906.20 rows=998 width=121)
	  ->  Sort  (cost=3901.21..3903.70 rows=998 width=121)
	        Sort Key: c
	        ->  Bitmap Heap Scan on sbtest1  (cost=22.66..3851.49 rows=998 width=121)
	              Recheck Cond: ((id >= 7596590) AND (id <= 7597589))
	              ->  Bitmap Index Scan on sbtest1_pkey  (cost=0.00..22.41 rows=998 width=0)
	                    Index Cond: ((id >= 7596590) AND (id <= 7597589))

table 2 : explain SELECT DISTINCT c FROM sbtest2 WHERE id BETWEEN 1919535 AND 1920534 ORDER BY c
	Unique  (cost=3805.77..3810.64 rows=973 width=121)
	  ->  Sort  (cost=3805.77..3808.21 rows=973 width=121)
	        Sort Key: c
	        ->  Bitmap Heap Scan on sbtest2  (cost=22.41..3757.48 rows=973 width=121)
	              Recheck Cond: ((id >= 1919535) AND (id <= 1920534))
	              ->  Bitmap Index Scan on sbtest2_pkey  (cost=0.00..22.16 rows=973 width=0)
	                    Index Cond: ((id >= 1919535) AND (id <= 1920534))

table 3 : explain SELECT DISTINCT c FROM sbtest3 WHERE id BETWEEN 1537807 AND 1538806 ORDER BY c
	Unique  (cost=3392.37..3396.70 rows=865 width=121)
	  ->  Sort  (cost=3392.37..3394.54 rows=865 width=121)
	        Sort Key: c
	        ->  Bitmap Heap Scan on sbtest3  (cost=21.30..3350.18 rows=865 width=121)
	              Recheck Cond: ((id >= 1537807) AND (id <= 1538806))
	              ->  Bitmap Index Scan on sbtest3_pkey  (cost=0.00..21.08 rows=865 width=0)
	                    Index Cond: ((id >= 1537807) AND (id <= 1538806))

table 4 : explain SELECT DISTINCT c FROM sbtest4 WHERE id BETWEEN 3445489 AND 3446488 ORDER BY c
	Unique  (cost=3553.69..3558.22 rows=907 width=121)
	  ->  Sort  (cost=3553.69..3555.95 rows=907 width=121)
	        Sort Key: c
	        ->  Bitmap Heap Scan on sbtest4  (cost=21.73..3509.13 rows=907 width=121)
	              Recheck Cond: ((id >= 3445489) AND (id <= 3446488))
	              ->  Bitmap Index Scan on sbtest4_pkey  (cost=0.00..21.50 rows=907 width=0)
	                    Index Cond: ((id >= 3445489) AND (id <= 3446488))

table 5 : explain SELECT DISTINCT c FROM sbtest5 WHERE id BETWEEN 2208257 AND 2209256 ORDER BY c
	Unique  (cost=3695.54..3700.26 rows=944 width=121)
	  ->  Sort  (cost=3695.54..3697.90 rows=944 width=121)
	        Sort Key: c
	        ->  Bitmap Heap Scan on sbtest5  (cost=22.11..3648.89 rows=944 width=121)
	              Recheck Cond: ((id >= 2208257) AND (id <= 2209256))
	              ->  Bitmap Index Scan on sbtest5_pkey  (cost=0.00..21.87 rows=944 width=0)
	                    Index Cond: ((id >= 2208257) AND (id <= 2209256))

table 6 : explain SELECT DISTINCT c FROM sbtest6 WHERE id BETWEEN 672689 AND 673688 ORDER BY c
	Unique  (cost=3845.73..3850.65 rows=983 width=121)
	  ->  Sort  (cost=3845.73..3848.19 rows=983 width=121)
	        Sort Key: c
	        ->  Bitmap Heap Scan on sbtest6  (cost=22.51..3796.87 rows=983 width=121)
	              Recheck Cond: ((id >= 672689) AND (id <= 673688))
	              ->  Bitmap Index Scan on sbtest6_pkey  (cost=0.00..22.26 rows=983 width=0)
	                    Index Cond: ((id >= 672689) AND (id <= 673688))

table 7 : explain SELECT DISTINCT c FROM sbtest7 WHERE id BETWEEN 5314642 AND 5315641 ORDER BY c
	Unique  (cost=3630.98..3635.61 rows=927 width=121)
	  ->  Sort  (cost=3630.98..3633.30 rows=927 width=121)
	        Sort Key: c
	        ->  Bitmap Heap Scan on sbtest7  (cost=21.94..3585.29 rows=927 width=121)
	              Recheck Cond: ((id >= 5314642) AND (id <= 5315641))
	              ->  Bitmap Index Scan on sbtest7_pkey  (cost=0.00..21.70 rows=927 width=0)
	                    Index Cond: ((id >= 5314642) AND (id <= 5315641))

table 8 : explain SELECT DISTINCT c FROM sbtest8 WHERE id BETWEEN 3443782 AND 3444781 ORDER BY c
	Unique  (cost=3880.88..3885.84 rows=992 width=121)
	  ->  Sort  (cost=3880.88..3883.36 rows=992 width=121)
	        Sort Key: c
	        ->  Bitmap Heap Scan on sbtest8  (cost=22.60..3831.51 rows=992 width=121)
	              Recheck Cond: ((id >= 3443782) AND (id <= 3444781))
	              ->  Bitmap Index Scan on sbtest8_pkey  (cost=0.00..22.36 rows=992 width=0)
	                    Index Cond: ((id >= 3443782) AND (id <= 3444781))

for: simple_ranges
table 1 : explain SELECT c FROM sbtest1 WHERE id BETWEEN 575688 AND 576687
	Bitmap Heap Scan on sbtest1  (cost=23.34..4099.59 rows=1064 width=121)
	  Recheck Cond: ((id >= 575688) AND (id <= 576687))
	  ->  Bitmap Index Scan on sbtest1_pkey  (cost=0.00..23.07 rows=1064 width=0)
	        Index Cond: ((id >= 575688) AND (id <= 576687))

table 2 : explain SELECT c FROM sbtest2 WHERE id BETWEEN 2531458 AND 2532457
	Bitmap Heap Scan on sbtest2  (cost=23.17..4035.86 rows=1047 width=121)
	  Recheck Cond: ((id >= 2531458) AND (id <= 2532457))
	  ->  Bitmap Index Scan on sbtest2_pkey  (cost=0.00..22.90 rows=1047 width=0)
	        Index Cond: ((id >= 2531458) AND (id <= 2532457))

table 3 : explain SELECT c FROM sbtest3 WHERE id BETWEEN 7213122 AND 7214121
	Bitmap Heap Scan on sbtest3  (cost=23.07..4002.42 rows=1038 width=121)
	  Recheck Cond: ((id >= 7213122) AND (id <= 7214121))
	  ->  Bitmap Index Scan on sbtest3_pkey  (cost=0.00..22.82 rows=1038 width=0)
	        Index Cond: ((id >= 7213122) AND (id <= 7214121))

table 4 : explain SELECT c FROM sbtest4 WHERE id BETWEEN 7125878 AND 7126877
	Bitmap Heap Scan on sbtest4  (cost=22.18..3675.17 rows=951 width=121)
	  Recheck Cond: ((id >= 7125878) AND (id <= 7126877))
	  ->  Bitmap Index Scan on sbtest4_pkey  (cost=0.00..21.94 rows=951 width=0)
	        Index Cond: ((id >= 7125878) AND (id <= 7126877))

table 5 : explain SELECT c FROM sbtest5 WHERE id BETWEEN 4764436 AND 4765435
	Bitmap Heap Scan on sbtest5  (cost=21.81..3539.45 rows=915 width=121)
	  Recheck Cond: ((id >= 4764436) AND (id <= 4765435))
	  ->  Bitmap Index Scan on sbtest5_pkey  (cost=0.00..21.58 rows=915 width=0)
	        Index Cond: ((id >= 4764436) AND (id <= 4765435))

table 6 : explain SELECT c FROM sbtest6 WHERE id BETWEEN 3365660 AND 3366659
	Bitmap Heap Scan on sbtest6  (cost=23.30..4086.63 rows=1060 width=121)
	  Recheck Cond: ((id >= 3365660) AND (id <= 3366659))
	  ->  Bitmap Index Scan on sbtest6_pkey  (cost=0.00..23.04 rows=1060 width=0)
	        Index Cond: ((id >= 3365660) AND (id <= 3366659))

table 7 : explain SELECT c FROM sbtest7 WHERE id BETWEEN 289848 AND 290847
	Bitmap Heap Scan on sbtest7  (cost=23.12..4018.53 rows=1042 width=121)
	  Recheck Cond: ((id >= 289848) AND (id <= 290847))
	  ->  Bitmap Index Scan on sbtest7_pkey  (cost=0.00..22.86 rows=1042 width=0)
	        Index Cond: ((id >= 289848) AND (id <= 290847))

table 8 : explain SELECT c FROM sbtest8 WHERE id BETWEEN 719612 AND 720611
	Bitmap Heap Scan on sbtest8  (cost=22.96..3963.31 rows=1027 width=121)
	  Recheck Cond: ((id >= 719612) AND (id <= 720611))
	  ->  Bitmap Index Scan on sbtest8_pkey  (cost=0.00..22.70 rows=1027 width=0)
	        Index Cond: ((id >= 719612) AND (id <= 720611))

for: order_ranges
table 1 : explain SELECT c FROM sbtest1 WHERE id BETWEEN 1132421 AND 1133420 ORDER BY c
	Sort  (cost=3801.84..3804.27 rows=972 width=121)
	  Sort Key: c
	  ->  Bitmap Heap Scan on sbtest1  (cost=22.40..3753.61 rows=972 width=121)
	        Recheck Cond: ((id >= 1132421) AND (id <= 1133420))
	        ->  Bitmap Index Scan on sbtest1_pkey  (cost=0.00..22.15 rows=972 width=0)
	              Index Cond: ((id >= 1132421) AND (id <= 1133420))

table 2 : explain SELECT c FROM sbtest2 WHERE id BETWEEN 9593395 AND 9594394 ORDER BY c
	Sort  (cost=4038.78..4041.36 rows=1034 width=121)
	  Sort Key: c
	  ->  Bitmap Heap Scan on sbtest2  (cost=23.03..3987.01 rows=1034 width=121)
	        Recheck Cond: ((id >= 9593395) AND (id <= 9594394))
	        ->  Bitmap Index Scan on sbtest2_pkey  (cost=0.00..22.77 rows=1034 width=0)
	              Index Cond: ((id >= 9593395) AND (id <= 9594394))

table 3 : explain SELECT c FROM sbtest3 WHERE id BETWEEN 4295258 AND 4296257 ORDER BY c
	Sort  (cost=3614.76..3617.06 rows=923 width=121)
	  Sort Key: c
	  ->  Bitmap Heap Scan on sbtest3  (cost=21.90..3569.30 rows=923 width=121)
	        Recheck Cond: ((id >= 4295258) AND (id <= 4296257))
	        ->  Bitmap Index Scan on sbtest3_pkey  (cost=0.00..21.66 rows=923 width=0)
	              Index Cond: ((id >= 4295258) AND (id <= 4296257))

table 4 : explain SELECT c FROM sbtest4 WHERE id BETWEEN 728966 AND 729965 ORDER BY c
	Sort  (cost=4142.46..4145.11 rows=1061 width=121)
	  Sort Key: c
	  ->  Bitmap Heap Scan on sbtest4  (cost=23.31..4089.14 rows=1061 width=121)
	        Recheck Cond: ((id >= 728966) AND (id <= 729965))
	        ->  Bitmap Index Scan on sbtest4_pkey  (cost=0.00..23.04 rows=1061 width=0)
	              Index Cond: ((id >= 728966) AND (id <= 729965))

table 5 : explain SELECT c FROM sbtest5 WHERE id BETWEEN 3037148 AND 3038147 ORDER BY c
	Sort  (cost=3875.33..3877.81 rows=991 width=121)
	  Sort Key: c
	  ->  Bitmap Heap Scan on sbtest5  (cost=22.59..3826.01 rows=991 width=121)
	        Recheck Cond: ((id >= 3037148) AND (id <= 3038147))
	        ->  Bitmap Index Scan on sbtest5_pkey  (cost=0.00..22.34 rows=991 width=0)
	              Index Cond: ((id >= 3037148) AND (id <= 3038147))

table 6 : explain SELECT c FROM sbtest6 WHERE id BETWEEN 6936952 AND 6937951 ORDER BY c
	Sort  (cost=3861.03..3863.50 rows=987 width=121)
	  Sort Key: c
	  ->  Bitmap Heap Scan on sbtest6  (cost=22.55..3811.95 rows=987 width=121)
	        Recheck Cond: ((id >= 6936952) AND (id <= 6937951))
	        ->  Bitmap Index Scan on sbtest6_pkey  (cost=0.00..22.30 rows=987 width=0)
	              Index Cond: ((id >= 6936952) AND (id <= 6937951))

table 7 : explain SELECT c FROM sbtest7 WHERE id BETWEEN 8124455 AND 8125454 ORDER BY c
	Sort  (cost=3845.34..3847.80 rows=983 width=121)
	  Sort Key: c
	  ->  Bitmap Heap Scan on sbtest7  (cost=22.51..3796.48 rows=983 width=121)
	        Recheck Cond: ((id >= 8124455) AND (id <= 8125454))
	        ->  Bitmap Index Scan on sbtest7_pkey  (cost=0.00..22.26 rows=983 width=0)
	              Index Cond: ((id >= 8124455) AND (id <= 8125454))

table 8 : explain SELECT c FROM sbtest8 WHERE id BETWEEN 9434944 AND 9435943 ORDER BY c
	Sort  (cost=4052.88..4055.47 rows=1037 width=121)
	  Sort Key: c
	  ->  Bitmap Heap Scan on sbtest8  (cost=23.06..4000.94 rows=1037 width=121)
	        Recheck Cond: ((id >= 9434944) AND (id <= 9435943))
	        ->  Bitmap Index Scan on sbtest8_pkey  (cost=0.00..22.80 rows=1037 width=0)
	              Index Cond: ((id >= 9434944) AND (id <= 9435943))

for: simple_ranges
table 1 : explain SELECT c FROM sbtest1 WHERE id BETWEEN 5448013 AND 5449012
	Bitmap Heap Scan on sbtest1  (cost=23.44..4137.13 rows=1074 width=121)
	  Recheck Cond: ((id >= 5448013) AND (id <= 5449012))
	  ->  Bitmap Index Scan on sbtest1_pkey  (cost=0.00..23.18 rows=1074 width=0)
	        Index Cond: ((id >= 5448013) AND (id <= 5449012))

table 2 : explain SELECT c FROM sbtest2 WHERE id BETWEEN 4533639 AND 4534638
	Bitmap Heap Scan on sbtest2  (cost=21.93..3580.30 rows=926 width=121)
	  Recheck Cond: ((id >= 4533639) AND (id <= 4534638))
	  ->  Bitmap Index Scan on sbtest2_pkey  (cost=0.00..21.69 rows=926 width=0)
	        Index Cond: ((id >= 4533639) AND (id <= 4534638))

table 3 : explain SELECT c FROM sbtest3 WHERE id BETWEEN 8158878 AND 8159877
	Bitmap Heap Scan on sbtest3  (cost=21.78..3527.78 rows=912 width=121)
	  Recheck Cond: ((id >= 8158878) AND (id <= 8159877))
	  ->  Bitmap Index Scan on sbtest3_pkey  (cost=0.00..21.55 rows=912 width=0)
	        Index Cond: ((id >= 8158878) AND (id <= 8159877))

table 4 : explain SELECT c FROM sbtest4 WHERE id BETWEEN 9609858 AND 9610857
	Bitmap Heap Scan on sbtest4  (cost=22.35..3735.48 rows=967 width=121)
	  Recheck Cond: ((id >= 9609858) AND (id <= 9610857))
	  ->  Bitmap Index Scan on sbtest4_pkey  (cost=0.00..22.11 rows=967 width=0)
	        Index Cond: ((id >= 9609858) AND (id <= 9610857))

table 5 : explain SELECT c FROM sbtest5 WHERE id BETWEEN 2593532 AND 2594531
	Bitmap Heap Scan on sbtest5  (cost=22.25..3701.68 rows=958 width=121)
	  Recheck Cond: ((id >= 2593532) AND (id <= 2594531))
	  ->  Bitmap Index Scan on sbtest5_pkey  (cost=0.00..22.01 rows=958 width=0)
	        Index Cond: ((id >= 2593532) AND (id <= 2594531))

table 6 : explain SELECT c FROM sbtest6 WHERE id BETWEEN 172438 AND 173437
	Bitmap Heap Scan on sbtest6  (cost=23.00..3977.59 rows=1031 width=121)
	  Recheck Cond: ((id >= 172438) AND (id <= 173437))
	  ->  Bitmap Index Scan on sbtest6_pkey  (cost=0.00..22.75 rows=1031 width=0)
	        Index Cond: ((id >= 172438) AND (id <= 173437))

table 7 : explain SELECT c FROM sbtest7 WHERE id BETWEEN 445984 AND 446983
	Bitmap Heap Scan on sbtest7  (cost=22.81..3905.68 rows=1012 width=121)
	  Recheck Cond: ((id >= 445984) AND (id <= 446983))
	  ->  Bitmap Index Scan on sbtest7_pkey  (cost=0.00..22.55 rows=1012 width=0)
	        Index Cond: ((id >= 445984) AND (id <= 446983))

table 8 : explain SELECT c FROM sbtest8 WHERE id BETWEEN 2970884 AND 2971883
	Bitmap Heap Scan on sbtest8  (cost=27.64..4215.42 rows=1093 width=121)
	  Recheck Cond: ((id >= 2970884) AND (id <= 2971883))
	  ->  Bitmap Index Scan on sbtest8_pkey  (cost=0.00..27.36 rows=1093 width=0)
	        Index Cond: ((id >= 2970884) AND (id <= 2971883))

for point_selects
table 1 : explain SELECT c FROM sbtest1 WHERE id=9810101
	Index Scan using sbtest1_pkey on sbtest1  (cost=0.43..8.45 rows=1 width=121)
	  Index Cond: (id = 9810101)

table 2 : explain SELECT c FROM sbtest2 WHERE id=5512296
	Index Scan using sbtest2_pkey on sbtest2  (cost=0.43..8.45 rows=1 width=121)
	  Index Cond: (id = 5512296)

table 3 : explain SELECT c FROM sbtest3 WHERE id=4504636
	Index Scan using sbtest3_pkey on sbtest3  (cost=0.43..8.45 rows=1 width=121)
	  Index Cond: (id = 4504636)

table 4 : explain SELECT c FROM sbtest4 WHERE id=9737661
	Index Scan using sbtest4_pkey on sbtest4  (cost=0.43..8.45 rows=1 width=121)
	  Index Cond: (id = 9737661)

table 5 : explain SELECT c FROM sbtest5 WHERE id=7366805
	Index Scan using sbtest5_pkey on sbtest5  (cost=0.43..8.45 rows=1 width=121)
	  Index Cond: (id = 7366805)

table 6 : explain SELECT c FROM sbtest6 WHERE id=1005843
	Index Scan using sbtest6_pkey on sbtest6  (cost=0.43..8.45 rows=1 width=121)
	  Index Cond: (id = 1005843)

table 7 : explain SELECT c FROM sbtest7 WHERE id=6023883
	Index Scan using sbtest7_pkey on sbtest7  (cost=0.43..8.45 rows=1 width=121)
	  Index Cond: (id = 6023883)

table 8 : explain SELECT c FROM sbtest8 WHERE id=1319135
	Index Scan using sbtest8_pkey on sbtest8  (cost=0.43..8.45 rows=1 width=121)
	  Index Cond: (id = 1319135)

for: order_ranges
table 1 : explain SELECT c FROM sbtest1 WHERE id BETWEEN 2959991 AND 2960990 ORDER BY c
	Sort  (cost=3541.55..3543.81 rows=904 width=121)
	  Sort Key: c
	  ->  Bitmap Heap Scan on sbtest1  (cost=21.70..3497.16 rows=904 width=121)
	        Recheck Cond: ((id >= 2959991) AND (id <= 2960990))
	        ->  Bitmap Index Scan on sbtest1_pkey  (cost=0.00..21.47 rows=904 width=0)
	              Index Cond: ((id >= 2959991) AND (id <= 2960990))

table 2 : explain SELECT c FROM sbtest2 WHERE id BETWEEN 77124 AND 78123 ORDER BY c
	Sort  (cost=3725.45..3727.83 rows=952 width=121)
	  Sort Key: c
	  ->  Bitmap Heap Scan on sbtest2  (cost=22.19..3678.35 rows=952 width=121)
	        Recheck Cond: ((id >= 77124) AND (id <= 78123))
	        ->  Bitmap Index Scan on sbtest2_pkey  (cost=0.00..21.95 rows=952 width=0)
	              Index Cond: ((id >= 77124) AND (id <= 78123))

table 3 : explain SELECT c FROM sbtest3 WHERE id BETWEEN 3140818 AND 3141817 ORDER BY c
	Sort  (cost=3832.89..3835.34 rows=980 width=121)
	  Sort Key: c
	  ->  Bitmap Heap Scan on sbtest3  (cost=22.48..3784.20 rows=980 width=121)
	        Recheck Cond: ((id >= 3140818) AND (id <= 3141817))
	        ->  Bitmap Index Scan on sbtest3_pkey  (cost=0.00..22.23 rows=980 width=0)
	              Index Cond: ((id >= 3140818) AND (id <= 3141817))

table 4 : explain SELECT c FROM sbtest4 WHERE id BETWEEN 4255225 AND 4256224 ORDER BY c
	Sort  (cost=3706.90..3709.27 rows=947 width=121)
	  Sort Key: c
	  ->  Bitmap Heap Scan on sbtest4  (cost=22.14..3660.08 rows=947 width=121)
	        Recheck Cond: ((id >= 4255225) AND (id <= 4256224))
	        ->  Bitmap Index Scan on sbtest4_pkey  (cost=0.00..21.90 rows=947 width=0)
	              Index Cond: ((id >= 4255225) AND (id <= 4256224))

table 5 : explain SELECT c FROM sbtest5 WHERE id BETWEEN 6905738 AND 6906737 ORDER BY c
	Sort  (cost=3844.75..3847.20 rows=983 width=121)
	  Sort Key: c
	  ->  Bitmap Heap Scan on sbtest5  (cost=22.51..3795.89 rows=983 width=121)
	        Recheck Cond: ((id >= 6905738) AND (id <= 6906737))
	        ->  Bitmap Index Scan on sbtest5_pkey  (cost=0.00..22.26 rows=983 width=0)
	              Index Cond: ((id >= 6905738) AND (id <= 6906737))

table 6 : explain SELECT c FROM sbtest6 WHERE id BETWEEN 824915 AND 825914 ORDER BY c
	Sort  (cost=4094.10..4096.72 rows=1048 width=121)
	  Sort Key: c
	  ->  Bitmap Heap Scan on sbtest6  (cost=23.18..4041.52 rows=1048 width=121)
	        Recheck Cond: ((id >= 824915) AND (id <= 825914))
	        ->  Bitmap Index Scan on sbtest6_pkey  (cost=0.00..22.91 rows=1048 width=0)
	              Index Cond: ((id >= 824915) AND (id <= 825914))

table 7 : explain SELECT c FROM sbtest7 WHERE id BETWEEN 8041525 AND 8042524 ORDER BY c
	Sort  (cost=3971.48..3974.02 rows=1016 width=121)
	  Sort Key: c
	  ->  Bitmap Heap Scan on sbtest7  (cost=22.85..3920.73 rows=1016 width=121)
	        Recheck Cond: ((id >= 8041525) AND (id <= 8042524))
	        ->  Bitmap Index Scan on sbtest7_pkey  (cost=0.00..22.59 rows=1016 width=0)
	              Index Cond: ((id >= 8041525) AND (id <= 8042524))

table 8 : explain SELECT c FROM sbtest8 WHERE id BETWEEN 288238 AND 289237 ORDER BY c
	Sort  (cost=3892.36..3894.84 rows=995 width=121)
	  Sort Key: c
	  ->  Bitmap Heap Scan on sbtest8  (cost=22.63..3842.81 rows=995 width=121)
	        Recheck Cond: ((id >= 288238) AND (id <= 289237))
	        ->  Bitmap Index Scan on sbtest8_pkey  (cost=0.00..22.39 rows=995 width=0)
	              Index Cond: ((id >= 288238) AND (id <= 289237))

for: order_ranges
table 1 : explain SELECT c FROM sbtest1 WHERE id BETWEEN 1029099 AND 1030098 ORDER BY c
	Sort  (cost=3851.54..3854.00 rows=985 width=121)
	  Sort Key: c
	  ->  Bitmap Heap Scan on sbtest1  (cost=22.53..3802.56 rows=985 width=121)
	        Recheck Cond: ((id >= 1029099) AND (id <= 1030098))
	        ->  Bitmap Index Scan on sbtest1_pkey  (cost=0.00..22.29 rows=985 width=0)
	              Index Cond: ((id >= 1029099) AND (id <= 1030098))

table 2 : explain SELECT c FROM sbtest2 WHERE id BETWEEN 8872776 AND 8873775 ORDER BY c
	Sort  (cost=3836.36..3838.81 rows=981 width=121)
	  Sort Key: c
	  ->  Bitmap Heap Scan on sbtest2  (cost=22.49..3787.61 rows=981 width=121)
	        Recheck Cond: ((id >= 8872776) AND (id <= 8873775))
	        ->  Bitmap Index Scan on sbtest2_pkey  (cost=0.00..22.25 rows=981 width=0)
	              Index Cond: ((id >= 8872776) AND (id <= 8873775))

table 3 : explain SELECT c FROM sbtest3 WHERE id BETWEEN 4673597 AND 4674596 ORDER BY c
	Sort  (cost=3706.65..3709.02 rows=947 width=121)
	  Sort Key: c
	  ->  Bitmap Heap Scan on sbtest3  (cost=22.14..3659.84 rows=947 width=121)
	        Recheck Cond: ((id >= 4673597) AND (id <= 4674596))
	        ->  Bitmap Index Scan on sbtest3_pkey  (cost=0.00..21.90 rows=947 width=0)
	              Index Cond: ((id >= 4673597) AND (id <= 4674596))

table 4 : explain SELECT c FROM sbtest4 WHERE id BETWEEN 2700924 AND 2701923 ORDER BY c
	Sort  (cost=3863.73..3866.20 rows=988 width=121)
	  Sort Key: c
	  ->  Bitmap Heap Scan on sbtest4  (cost=22.56..3814.59 rows=988 width=121)
	        Recheck Cond: ((id >= 2700924) AND (id <= 2701923))
	        ->  Bitmap Index Scan on sbtest4_pkey  (cost=0.00..22.32 rows=988 width=0)
	              Index Cond: ((id >= 2700924) AND (id <= 2701923))

table 5 : explain SELECT c FROM sbtest5 WHERE id BETWEEN 5478461 AND 5479460 ORDER BY c
	Sort  (cost=4089.20..4091.81 rows=1047 width=121)
	  Sort Key: c
	  ->  Bitmap Heap Scan on sbtest5  (cost=23.17..4036.68 rows=1047 width=121)
	        Recheck Cond: ((id >= 5478461) AND (id <= 5479460))
	        ->  Bitmap Index Scan on sbtest5_pkey  (cost=0.00..22.90 rows=1047 width=0)
	              Index Cond: ((id >= 5478461) AND (id <= 5479460))

table 6 : explain SELECT c FROM sbtest6 WHERE id BETWEEN 8835104 AND 8836103 ORDER BY c
	Sort  (cost=4033.01..4035.59 rows=1032 width=121)
	  Sort Key: c
	  ->  Bitmap Heap Scan on sbtest6  (cost=23.01..3981.35 rows=1032 width=121)
	        Recheck Cond: ((id >= 8835104) AND (id <= 8836103))
	        ->  Bitmap Index Scan on sbtest6_pkey  (cost=0.00..22.75 rows=1032 width=0)
	              Index Cond: ((id >= 8835104) AND (id <= 8836103))

table 7 : explain SELECT c FROM sbtest7 WHERE id BETWEEN 6563519 AND 6564518 ORDER BY c
	Sort  (cost=4066.94..4069.55 rows=1041 width=121)
	  Sort Key: c
	  ->  Bitmap Heap Scan on sbtest7  (cost=23.11..4014.77 rows=1041 width=121)
	        Recheck Cond: ((id >= 6563519) AND (id <= 6564518))
	        ->  Bitmap Index Scan on sbtest7_pkey  (cost=0.00..22.84 rows=1041 width=0)
	              Index Cond: ((id >= 6563519) AND (id <= 6564518))

table 8 : explain SELECT c FROM sbtest8 WHERE id BETWEEN 752301 AND 753300 ORDER BY c
	Sort  (cost=4014.68..4017.25 rows=1027 width=121)
	  Sort Key: c
	  ->  Bitmap Heap Scan on sbtest8  (cost=22.96..3963.31 rows=1027 width=121)
	        Recheck Cond: ((id >= 752301) AND (id <= 753300))
	        ->  Bitmap Index Scan on sbtest8_pkey  (cost=0.00..22.70 rows=1027 width=0)
	              Index Cond: ((id >= 752301) AND (id <= 753300))

explain: for point_selects :: explain SELECT c FROM sbtest%u WHERE id=%u
for: distinct_ranges
table 1 : explain SELECT DISTINCT c FROM sbtest1 WHERE id BETWEEN 6548124 AND 6549123 ORDER BY c
	Unique  (cost=3610.51..3615.12 rows=922 width=121)
	  ->  Sort  (cost=3610.51..3612.81 rows=922 width=121)
	        Sort Key: c
	        ->  Bitmap Heap Scan on sbtest1  (cost=21.89..3565.10 rows=922 width=121)
	              Recheck Cond: ((id >= 6548124) AND (id <= 6549123))
	              ->  Bitmap Index Scan on sbtest1_pkey  (cost=0.00..21.65 rows=922 width=0)
	                    Index Cond: ((id >= 6548124) AND (id <= 6549123))

table 2 : explain SELECT DISTINCT c FROM sbtest2 WHERE id BETWEEN 9971956 AND 9972955 ORDER BY c
	Unique  (cost=3950.98..3956.03 rows=1011 width=121)
	  ->  Sort  (cost=3950.98..3953.51 rows=1011 width=121)
	        Sort Key: c
	        ->  Bitmap Heap Scan on sbtest2  (cost=22.80..3900.52 rows=1011 width=121)
	              Recheck Cond: ((id >= 9971956) AND (id <= 9972955))
	              ->  Bitmap Index Scan on sbtest2_pkey  (cost=0.00..22.54 rows=1011 width=0)
	                    Index Cond: ((id >= 9971956) AND (id <= 9972955))

table 3 : explain SELECT DISTINCT c FROM sbtest3 WHERE id BETWEEN 6314449 AND 6315448 ORDER BY c
	Unique  (cost=3932.25..3937.28 rows=1006 width=121)
	  ->  Sort  (cost=3932.25..3934.76 rows=1006 width=121)
	        Sort Key: c
	        ->  Bitmap Heap Scan on sbtest3  (cost=22.75..3882.08 rows=1006 width=121)
	              Recheck Cond: ((id >= 6314449) AND (id <= 6315448))
	              ->  Bitmap Index Scan on sbtest3_pkey  (cost=0.00..22.50 rows=1006 width=0)
	                    Index Cond: ((id >= 6314449) AND (id <= 6315448))

table 4 : explain SELECT DISTINCT c FROM sbtest4 WHERE id BETWEEN 1714676 AND 1715675 ORDER BY c
	Unique  (cost=4054.71..4059.90 rows=1038 width=121)
	  ->  Sort  (cost=4054.71..4057.31 rows=1038 width=121)
	        Sort Key: c
	        ->  Bitmap Heap Scan on sbtest4  (cost=23.07..4002.71 rows=1038 width=121)
	              Recheck Cond: ((id >= 1714676) AND (id <= 1715675))
	              ->  Bitmap Index Scan on sbtest4_pkey  (cost=0.00..22.82 rows=1038 width=0)
	                    Index Cond: ((id >= 1714676) AND (id <= 1715675))

table 5 : explain SELECT DISTINCT c FROM sbtest5 WHERE id BETWEEN 4768567 AND 4769566 ORDER BY c
	Unique  (cost=3584.46..3589.04 rows=915 width=121)
	  ->  Sort  (cost=3584.46..3586.75 rows=915 width=121)
	        Sort Key: c
	        ->  Bitmap Heap Scan on sbtest5  (cost=21.81..3539.45 rows=915 width=121)
	              Recheck Cond: ((id >= 4768567) AND (id <= 4769566))
	              ->  Bitmap Index Scan on sbtest5_pkey  (cost=0.00..21.58 rows=915 width=0)
	                    Index Cond: ((id >= 4768567) AND (id <= 4769566))

table 6 : explain SELECT DISTINCT c FROM sbtest6 WHERE id BETWEEN 6978198 AND 6979197 ORDER BY c
	Unique  (cost=3861.03..3865.97 rows=987 width=121)
	  ->  Sort  (cost=3861.03..3863.50 rows=987 width=121)
	        Sort Key: c
	        ->  Bitmap Heap Scan on sbtest6  (cost=22.55..3811.95 rows=987 width=121)
	              Recheck Cond: ((id >= 6978198) AND (id <= 6979197))
	              ->  Bitmap Index Scan on sbtest6_pkey  (cost=0.00..22.30 rows=987 width=0)
	                    Index Cond: ((id >= 6978198) AND (id <= 6979197))

table 7 : explain SELECT DISTINCT c FROM sbtest7 WHERE id BETWEEN 1600287 AND 1601286 ORDER BY c
	Unique  (cost=3561.99..3566.54 rows=909 width=121)
	  ->  Sort  (cost=3561.99..3564.26 rows=909 width=121)
	        Sort Key: c
	        ->  Bitmap Heap Scan on sbtest7  (cost=21.75..3517.32 rows=909 width=121)
	              Recheck Cond: ((id >= 1600287) AND (id <= 1601286))
	              ->  Bitmap Index Scan on sbtest7_pkey  (cost=0.00..21.52 rows=909 width=0)
	                    Index Cond: ((id >= 1600287) AND (id <= 1601286))

table 8 : explain SELECT DISTINCT c FROM sbtest8 WHERE id BETWEEN 6016780 AND 6017779 ORDER BY c
	Unique  (cost=3585.99..3590.57 rows=915 width=121)
	  ->  Sort  (cost=3585.99..3588.28 rows=915 width=121)
	        Sort Key: c
	        ->  Bitmap Heap Scan on sbtest8  (cost=21.81..3540.98 rows=915 width=121)
	              Recheck Cond: ((id >= 6016780) AND (id <= 6017779))
	              ->  Bitmap Index Scan on sbtest8_pkey  (cost=0.00..21.58 rows=915 width=0)
	                    Index Cond: ((id >= 6016780) AND (id <= 6017779))

for: simple_ranges
table 1 : explain SELECT c FROM sbtest1 WHERE id BETWEEN 4859805 AND 4860804
	Bitmap Heap Scan on sbtest1  (cost=28.01..4343.66 rows=1129 width=121)
	  Recheck Cond: ((id >= 4859805) AND (id <= 4860804))
	  ->  Bitmap Index Scan on sbtest1_pkey  (cost=0.00..27.72 rows=1129 width=0)
	        Index Cond: ((id >= 4859805) AND (id <= 4860804))

table 2 : explain SELECT c FROM sbtest2 WHERE id BETWEEN 824321 AND 825320
	Bitmap Heap Scan on sbtest2  (cost=22.07..3633.11 rows=940 width=121)
	  Recheck Cond: ((id >= 824321) AND (id <= 825320))
	  ->  Bitmap Index Scan on sbtest2_pkey  (cost=0.00..21.83 rows=940 width=0)
	        Index Cond: ((id >= 824321) AND (id <= 825320))

table 3 : explain SELECT c FROM sbtest3 WHERE id BETWEEN 9332578 AND 9333577
	Bitmap Heap Scan on sbtest3  (cost=23.28..4077.57 rows=1058 width=121)
	  Recheck Cond: ((id >= 9332578) AND (id <= 9333577))
	  ->  Bitmap Index Scan on sbtest3_pkey  (cost=0.00..23.01 rows=1058 width=0)
	        Index Cond: ((id >= 9332578) AND (id <= 9333577))

table 4 : explain SELECT c FROM sbtest4 WHERE id BETWEEN 1266950 AND 1267949
	Bitmap Heap Scan on sbtest4  (cost=22.96..3961.35 rows=1027 width=121)
	  Recheck Cond: ((id >= 1266950) AND (id <= 1267949))
	  ->  Bitmap Index Scan on sbtest4_pkey  (cost=0.00..22.70 rows=1027 width=0)
	        Index Cond: ((id >= 1266950) AND (id <= 1267949))

table 5 : explain SELECT c FROM sbtest5 WHERE id BETWEEN 201640 AND 202639
	Bitmap Heap Scan on sbtest5  (cost=22.22..3690.37 rows=955 width=121)
	  Recheck Cond: ((id >= 201640) AND (id <= 202639))
	  ->  Bitmap Index Scan on sbtest5_pkey  (cost=0.00..21.98 rows=955 width=0)
	        Index Cond: ((id >= 201640) AND (id <= 202639))

table 6 : explain SELECT c FROM sbtest6 WHERE id BETWEEN 2940914 AND 2941913
	Bitmap Heap Scan on sbtest6  (cost=22.19..3680.00 rows=952 width=121)
	  Recheck Cond: ((id >= 2940914) AND (id <= 2941913))
	  ->  Bitmap Index Scan on sbtest6_pkey  (cost=0.00..21.95 rows=952 width=0)
	        Index Cond: ((id >= 2940914) AND (id <= 2941913))

table 7 : explain SELECT c FROM sbtest7 WHERE id BETWEEN 206429 AND 207428
	Bitmap Heap Scan on sbtest7  (cost=22.16..3668.31 rows=949 width=121)
	  Recheck Cond: ((id >= 206429) AND (id <= 207428))
	  ->  Bitmap Index Scan on sbtest7_pkey  (cost=0.00..21.93 rows=949 width=0)
	        Index Cond: ((id >= 206429) AND (id <= 207428))

table 8 : explain SELECT c FROM sbtest8 WHERE id BETWEEN 4145703 AND 4146702
	Bitmap Heap Scan on sbtest8  (cost=22.23..3695.78 rows=956 width=121)
	  Recheck Cond: ((id >= 4145703) AND (id <= 4146702))
	  ->  Bitmap Index Scan on sbtest8_pkey  (cost=0.00..22.00 rows=956 width=0)
	        Index Cond: ((id >= 4145703) AND (id <= 4146702))

for point_selects
table 1 : explain SELECT c FROM sbtest1 WHERE id=7960767
	Index Scan using sbtest1_pkey on sbtest1  (cost=0.43..8.45 rows=1 width=121)
	  Index Cond: (id = 7960767)

table 2 : explain SELECT c FROM sbtest2 WHERE id=8697589
	Index Scan using sbtest2_pkey on sbtest2  (cost=0.43..8.45 rows=1 width=121)
	  Index Cond: (id = 8697589)

table 3 : explain SELECT c FROM sbtest3 WHERE id=6822577
	Index Scan using sbtest3_pkey on sbtest3  (cost=0.43..8.45 rows=1 width=121)
	  Index Cond: (id = 6822577)

table 4 : explain SELECT c FROM sbtest4 WHERE id=5994175
	Index Scan using sbtest4_pkey on sbtest4  (cost=0.43..8.45 rows=1 width=121)
	  Index Cond: (id = 5994175)

table 5 : explain SELECT c FROM sbtest5 WHERE id=8090573
	Index Scan using sbtest5_pkey on sbtest5  (cost=0.43..8.45 rows=1 width=121)
	  Index Cond: (id = 8090573)

table 6 : explain SELECT c FROM sbtest6 WHERE id=9018865
	Index Scan using sbtest6_pkey on sbtest6  (cost=0.43..8.45 rows=1 width=121)
	  Index Cond: (id = 9018865)

table 7 : explain SELECT c FROM sbtest7 WHERE id=5589441
	Index Scan using sbtest7_pkey on sbtest7  (cost=0.43..8.45 rows=1 width=121)
	  Index Cond: (id = 5589441)

table 8 : explain SELECT c FROM sbtest8 WHERE id=7219001
	Index Scan using sbtest8_pkey on sbtest8  (cost=0.43..8.45 rows=1 width=121)
	  Index Cond: (id = 7219001)

explain: for point_selects :: explain SELECT c FROM sbtest%u WHERE id=%u
explain: for point_selects :: explain SELECT c FROM sbtest%u WHERE id=%u
explain: for point_selects :: explain SELECT c FROM sbtest%u WHERE id=%u
for: distinct_ranges
table 1 : explain SELECT DISTINCT c FROM sbtest1 WHERE id BETWEEN 6647340 AND 6648339 ORDER BY c
	Unique  (cost=3851.54..3856.46 rows=985 width=121)
	  ->  Sort  (cost=3851.54..3854.00 rows=985 width=121)
	        Sort Key: c
	        ->  Bitmap Heap Scan on sbtest1  (cost=22.53..3802.56 rows=985 width=121)
	              Recheck Cond: ((id >= 6647340) AND (id <= 6648339))
	              ->  Bitmap Index Scan on sbtest1_pkey  (cost=0.00..22.29 rows=985 width=0)
	                    Index Cond: ((id >= 6647340) AND (id <= 6648339))

table 2 : explain SELECT DISTINCT c FROM sbtest2 WHERE id BETWEEN 8689203 AND 8690202 ORDER BY c
	Unique  (cost=3947.16..3952.21 rows=1010 width=121)
	  ->  Sort  (cost=3947.16..3949.68 rows=1010 width=121)
	        Sort Key: c
	        ->  Bitmap Heap Scan on sbtest2  (cost=22.79..3896.76 rows=1010 width=121)
	              Recheck Cond: ((id >= 8689203) AND (id <= 8690202))
	              ->  Bitmap Index Scan on sbtest2_pkey  (cost=0.00..22.54 rows=1010 width=0)
	                    Index Cond: ((id >= 8689203) AND (id <= 8690202))

table 3 : explain SELECT DISTINCT c FROM sbtest3 WHERE id BETWEEN 4429368 AND 4430367 ORDER BY c
	Unique  (cost=4031.53..4036.69 rows=1032 width=121)
	  ->  Sort  (cost=4031.53..4034.11 rows=1032 width=121)
	        Sort Key: c
	        ->  Bitmap Heap Scan on sbtest3  (cost=23.01..3979.87 rows=1032 width=121)
	              Recheck Cond: ((id >= 4429368) AND (id <= 4430367))
	              ->  Bitmap Index Scan on sbtest3_pkey  (cost=0.00..22.75 rows=1032 width=0)
	                    Index Cond: ((id >= 4429368) AND (id <= 4430367))

table 4 : explain SELECT DISTINCT c FROM sbtest4 WHERE id BETWEEN 182090 AND 183089 ORDER BY c
	Unique  (cost=3997.45..4002.56 rows=1023 width=121)
	  ->  Sort  (cost=3997.45..4000.01 rows=1023 width=121)
	        Sort Key: c
	        ->  Bitmap Heap Scan on sbtest4  (cost=22.92..3946.31 rows=1023 width=121)
	              Recheck Cond: ((id >= 182090) AND (id <= 183089))
	              ->  Bitmap Index Scan on sbtest4_pkey  (cost=0.00..22.66 rows=1023 width=0)
	                    Index Cond: ((id >= 182090) AND (id <= 183089))

table 5 : explain SELECT DISTINCT c FROM sbtest5 WHERE id BETWEEN 5577907 AND 5578906 ORDER BY c
	Unique  (cost=4367.69..4373.29 rows=1120 width=121)
	  ->  Sort  (cost=4367.69..4370.49 rows=1120 width=121)
	        Sort Key: c
	        ->  Bitmap Heap Scan on sbtest5  (cost=27.92..4310.97 rows=1120 width=121)
	              Recheck Cond: ((id >= 5577907) AND (id <= 5578906))
	              ->  Bitmap Index Scan on sbtest5_pkey  (cost=0.00..27.64 rows=1120 width=0)
	                    Index Cond: ((id >= 5577907) AND (id <= 5578906))

table 6 : explain SELECT DISTINCT c FROM sbtest6 WHERE id BETWEEN 415121 AND 416120 ORDER BY c
	Unique  (cost=4063.56..4068.76 rows=1040 width=121)
	  ->  Sort  (cost=4063.56..4066.16 rows=1040 width=121)
	        Sort Key: c
	        ->  Bitmap Heap Scan on sbtest6  (cost=23.09..4011.44 rows=1040 width=121)
	              Recheck Cond: ((id >= 415121) AND (id <= 416120))
	              ->  Bitmap Index Scan on sbtest6_pkey  (cost=0.00..22.83 rows=1040 width=0)
	                    Index Cond: ((id >= 415121) AND (id <= 416120))

table 7 : explain SELECT DISTINCT c FROM sbtest7 WHERE id BETWEEN 7671327 AND 7672326 ORDER BY c
	Unique  (cost=3830.04..3834.93 rows=979 width=121)
	  ->  Sort  (cost=3830.04..3832.49 rows=979 width=121)
	        Sort Key: c
	        ->  Bitmap Heap Scan on sbtest7  (cost=22.47..3781.41 rows=979 width=121)
	              Recheck Cond: ((id >= 7671327) AND (id <= 7672326))
	              ->  Bitmap Index Scan on sbtest7_pkey  (cost=0.00..22.22 rows=979 width=0)
	                    Index Cond: ((id >= 7671327) AND (id <= 7672326))

table 8 : explain SELECT DISTINCT c FROM sbtest8 WHERE id BETWEEN 7763612 AND 7764611 ORDER BY c
	Unique  (cost=3861.76..3866.69 rows=987 width=121)
	  ->  Sort  (cost=3861.76..3864.22 rows=987 width=121)
	        Sort Key: c
	        ->  Bitmap Heap Scan on sbtest8  (cost=22.55..3812.67 rows=987 width=121)
	              Recheck Cond: ((id >= 7763612) AND (id <= 7764611))
	              ->  Bitmap Index Scan on sbtest8_pkey  (cost=0.00..22.30 rows=987 width=0)
	                    Index Cond: ((id >= 7763612) AND (id <= 7764611))

for point_selects
table 1 : explain SELECT c FROM sbtest1 WHERE id=3514321
	Index Scan using sbtest1_pkey on sbtest1  (cost=0.43..8.45 rows=1 width=121)
	  Index Cond: (id = 3514321)

table 2 : explain SELECT c FROM sbtest2 WHERE id=3363796
	Index Scan using sbtest2_pkey on sbtest2  (cost=0.43..8.45 rows=1 width=121)
	  Index Cond: (id = 3363796)

table 3 : explain SELECT c FROM sbtest3 WHERE id=7382880
	Index Scan using sbtest3_pkey on sbtest3  (cost=0.43..8.45 rows=1 width=121)
	  Index Cond: (id = 7382880)

table 4 : explain SELECT c FROM sbtest4 WHERE id=1630761
	Index Scan using sbtest4_pkey on sbtest4  (cost=0.43..8.45 rows=1 width=121)
	  Index Cond: (id = 1630761)

table 5 : explain SELECT c FROM sbtest5 WHERE id=4319417
	Index Scan using sbtest5_pkey on sbtest5  (cost=0.43..8.45 rows=1 width=121)
	  Index Cond: (id = 4319417)

table 6 : explain SELECT c FROM sbtest6 WHERE id=7187235
	Index Scan using sbtest6_pkey on sbtest6  (cost=0.43..8.45 rows=1 width=121)
	  Index Cond: (id = 7187235)

table 7 : explain SELECT c FROM sbtest7 WHERE id=3464911
	Index Scan using sbtest7_pkey on sbtest7  (cost=0.43..8.45 rows=1 width=121)
	  Index Cond: (id = 3464911)

table 8 : explain SELECT c FROM sbtest8 WHERE id=7894530
	Index Scan using sbtest8_pkey on sbtest8  (cost=0.43..8.45 rows=1 width=121)
	  Index Cond: (id = 7894530)

for: sum_ranges
table 1 : explain SELECT SUM(k) FROM sbtest1 WHERE id BETWEEN 3803622 AND 3804621
	Aggregate  (cost=3472.97..3472.98 rows=1 width=8)
	  ->  Bitmap Heap Scan on sbtest1  (cost=21.63..3470.72 rows=897 width=4)
	        Recheck Cond: ((id >= 3803622) AND (id <= 3804621))
	        ->  Bitmap Index Scan on sbtest1_pkey  (cost=0.00..21.40 rows=897 width=0)
	              Index Cond: ((id >= 3803622) AND (id <= 3804621))

table 2 : explain SELECT SUM(k) FROM sbtest2 WHERE id BETWEEN 5588152 AND 5589151
	Aggregate  (cost=3899.28..3899.29 rows=1 width=8)
	  ->  Bitmap Heap Scan on sbtest2  (cost=22.79..3896.76 rows=1010 width=4)
	        Recheck Cond: ((id >= 5588152) AND (id <= 5589151))
	        ->  Bitmap Index Scan on sbtest2_pkey  (cost=0.00..22.54 rows=1010 width=0)
	              Index Cond: ((id >= 5588152) AND (id <= 5589151))

table 3 : explain SELECT SUM(k) FROM sbtest3 WHERE id BETWEEN 5645609 AND 5646608
	Aggregate  (cost=4053.91..4053.92 rows=1 width=8)
	  ->  Bitmap Heap Scan on sbtest3  (cost=23.21..4051.28 rows=1051 width=4)
	        Recheck Cond: ((id >= 5645609) AND (id <= 5646608))
	        ->  Bitmap Index Scan on sbtest3_pkey  (cost=0.00..22.94 rows=1051 width=0)
	              Index Cond: ((id >= 5645609) AND (id <= 5646608))

table 4 : explain SELECT SUM(k) FROM sbtest4 WHERE id BETWEEN 932896 AND 933895
	Aggregate  (cost=4223.54..4223.55 rows=1 width=8)
	  ->  Bitmap Heap Scan on sbtest4  (cost=27.67..4220.80 rows=1096 width=4)
	        Recheck Cond: ((id >= 932896) AND (id <= 933895))
	        ->  Bitmap Index Scan on sbtest4_pkey  (cost=0.00..27.39 rows=1096 width=0)
	              Index Cond: ((id >= 932896) AND (id <= 933895))

table 5 : explain SELECT SUM(k) FROM sbtest5 WHERE id BETWEEN 5225332 AND 5226331
	Aggregate  (cost=4242.47..4242.48 rows=1 width=8)
	  ->  Bitmap Heap Scan on sbtest5  (cost=27.72..4239.71 rows=1101 width=4)
	        Recheck Cond: ((id >= 5225332) AND (id <= 5226331))
	        ->  Bitmap Index Scan on sbtest5_pkey  (cost=0.00..27.44 rows=1101 width=0)
	              Index Cond: ((id >= 5225332) AND (id <= 5226331))

table 6 : explain SELECT SUM(k) FROM sbtest6 WHERE id BETWEEN 1156419 AND 1157418
	Aggregate  (cost=3644.63..3644.64 rows=1 width=8)
	  ->  Bitmap Heap Scan on sbtest6  (cost=22.09..3642.27 rows=942 width=4)
	        Recheck Cond: ((id >= 1156419) AND (id <= 1157418))
	        ->  Bitmap Index Scan on sbtest6_pkey  (cost=0.00..21.86 rows=942 width=0)
	              Index Cond: ((id >= 1156419) AND (id <= 1157418))

table 7 : explain SELECT SUM(k) FROM sbtest7 WHERE id BETWEEN 6745140 AND 6746139
	Aggregate  (cost=4066.27..4066.28 rows=1 width=8)
	  ->  Bitmap Heap Scan on sbtest7  (cost=23.24..4063.64 rows=1054 width=4)
	        Recheck Cond: ((id >= 6745140) AND (id <= 6746139))
	        ->  Bitmap Index Scan on sbtest7_pkey  (cost=0.00..22.97 rows=1054 width=0)
	              Index Cond: ((id >= 6745140) AND (id <= 6746139))

table 8 : explain SELECT SUM(k) FROM sbtest8 WHERE id BETWEEN 8933566 AND 8934565
	Aggregate  (cost=3705.72..3705.73 rows=1 width=8)
	  ->  Bitmap Heap Scan on sbtest8  (cost=22.25..3703.32 rows=958 width=4)
	        Recheck Cond: ((id >= 8933566) AND (id <= 8934565))
	        ->  Bitmap Index Scan on sbtest8_pkey  (cost=0.00..22.01 rows=958 width=0)
	              Index Cond: ((id >= 8933566) AND (id <= 8934565))

for: simple_ranges
table 1 : explain SELECT c FROM sbtest1 WHERE id BETWEEN 6936668 AND 6937667
	Bitmap Heap Scan on sbtest1  (cost=22.97..3964.33 rows=1028 width=121)
	  Recheck Cond: ((id >= 6936668) AND (id <= 6937667))
	  ->  Bitmap Index Scan on sbtest1_pkey  (cost=0.00..22.71 rows=1028 width=0)
	        Index Cond: ((id >= 6936668) AND (id <= 6937667))

table 2 : explain SELECT c FROM sbtest2 WHERE id BETWEEN 4961051 AND 4962050
	Bitmap Heap Scan on sbtest2  (cost=22.52..3798.91 rows=984 width=121)
	  Recheck Cond: ((id >= 4961051) AND (id <= 4962050))
	  ->  Bitmap Index Scan on sbtest2_pkey  (cost=0.00..22.27 rows=984 width=0)
	        Index Cond: ((id >= 4961051) AND (id <= 4962050))

table 3 : explain SELECT c FROM sbtest3 WHERE id BETWEEN 7510933 AND 7511932
	Bitmap Heap Scan on sbtest3  (cost=21.96..3591.94 rows=929 width=121)
	  Recheck Cond: ((id >= 7510933) AND (id <= 7511932))
	  ->  Bitmap Index Scan on sbtest3_pkey  (cost=0.00..21.72 rows=929 width=0)
	        Index Cond: ((id >= 7510933) AND (id <= 7511932))

table 4 : explain SELECT c FROM sbtest4 WHERE id BETWEEN 4772546 AND 4773545
	Bitmap Heap Scan on sbtest4  (cost=23.02..3983.91 rows=1033 width=121)
	  Recheck Cond: ((id >= 4772546) AND (id <= 4773545))
	  ->  Bitmap Index Scan on sbtest4_pkey  (cost=0.00..22.76 rows=1033 width=0)
	        Index Cond: ((id >= 4772546) AND (id <= 4773545))

table 5 : explain SELECT c FROM sbtest5 WHERE id BETWEEN 1891790 AND 1892789
	Bitmap Heap Scan on sbtest5  (cost=22.39..3750.68 rows=971 width=121)
	  Recheck Cond: ((id >= 1891790) AND (id <= 1892789))
	  ->  Bitmap Index Scan on sbtest5_pkey  (cost=0.00..22.14 rows=971 width=0)
	        Index Cond: ((id >= 1891790) AND (id <= 1892789))

table 6 : explain SELECT c FROM sbtest6 WHERE id BETWEEN 4691440 AND 4692439
	Bitmap Heap Scan on sbtest6  (cost=21.92..3578.11 rows=925 width=121)
	  Recheck Cond: ((id >= 4691440) AND (id <= 4692439))
	  ->  Bitmap Index Scan on sbtest6_pkey  (cost=0.00..21.68 rows=925 width=0)
	        Index Cond: ((id >= 4691440) AND (id <= 4692439))

table 7 : explain SELECT c FROM sbtest7 WHERE id BETWEEN 7420797 AND 7421796
	Bitmap Heap Scan on sbtest7  (cost=23.09..4011.01 rows=1040 width=121)
	  Recheck Cond: ((id >= 7420797) AND (id <= 7421796))
	  ->  Bitmap Index Scan on sbtest7_pkey  (cost=0.00..22.83 rows=1040 width=0)
	        Index Cond: ((id >= 7420797) AND (id <= 7421796))

table 8 : explain SELECT c FROM sbtest8 WHERE id BETWEEN 8377293 AND 8378292
	Bitmap Heap Scan on sbtest8  (cost=22.53..3805.13 rows=985 width=121)
	  Recheck Cond: ((id >= 8377293) AND (id <= 8378292))
	  ->  Bitmap Index Scan on sbtest8_pkey  (cost=0.00..22.29 rows=985 width=0)
	        Index Cond: ((id >= 8377293) AND (id <= 8378292))

explain: for point_selects :: explain SELECT c FROM sbtest%u WHERE id=%u
for: order_ranges
table 1 : explain SELECT c FROM sbtest1 WHERE id BETWEEN 2983463 AND 2984462 ORDER BY c
	Sort  (cost=3541.55..3543.81 rows=904 width=121)
	  Sort Key: c
	  ->  Bitmap Heap Scan on sbtest1  (cost=21.70..3497.16 rows=904 width=121)
	        Recheck Cond: ((id >= 2983463) AND (id <= 2984462))
	        ->  Bitmap Index Scan on sbtest1_pkey  (cost=0.00..21.47 rows=904 width=0)
	              Index Cond: ((id >= 2983463) AND (id <= 2984462))

table 2 : explain SELECT c FROM sbtest2 WHERE id BETWEEN 1484663 AND 1485662 ORDER BY c
	Sort  (cost=3817.24..3819.68 rows=976 width=121)
	  Sort Key: c
	  ->  Bitmap Heap Scan on sbtest2  (cost=22.44..3768.78 rows=976 width=121)
	        Recheck Cond: ((id >= 1484663) AND (id <= 1485662))
	        ->  Bitmap Index Scan on sbtest2_pkey  (cost=0.00..22.19 rows=976 width=0)
	              Index Cond: ((id >= 1484663) AND (id <= 1485662))

table 3 : explain SELECT c FROM sbtest3 WHERE id BETWEEN 6697251 AND 6698250 ORDER BY c
	Sort  (cost=3802.30..3804.73 rows=972 width=121)
	  Sort Key: c
	  ->  Bitmap Heap Scan on sbtest3  (cost=22.40..3754.06 rows=972 width=121)
	        Recheck Cond: ((id >= 6697251) AND (id <= 6698250))
	        ->  Bitmap Index Scan on sbtest3_pkey  (cost=0.00..22.15 rows=972 width=0)
	              Index Cond: ((id >= 6697251) AND (id <= 6698250))

table 4 : explain SELECT c FROM sbtest4 WHERE id BETWEEN 4785432 AND 4786431 ORDER BY c
	Sort  (cost=4035.63..4038.21 rows=1033 width=121)
	  Sort Key: c
	  ->  Bitmap Heap Scan on sbtest4  (cost=23.02..3983.91 rows=1033 width=121)
	        Recheck Cond: ((id >= 4785432) AND (id <= 4786431))
	        ->  Bitmap Index Scan on sbtest4_pkey  (cost=0.00..22.76 rows=1033 width=0)
	              Index Cond: ((id >= 4785432) AND (id <= 4786431))

table 5 : explain SELECT c FROM sbtest5 WHERE id BETWEEN 5352094 AND 5353093 ORDER BY c
	Sort  (cost=3989.95..3992.50 rows=1021 width=121)
	  Sort Key: c
	  ->  Bitmap Heap Scan on sbtest5  (cost=22.90..3938.92 rows=1021 width=121)
	        Recheck Cond: ((id >= 5352094) AND (id <= 5353093))
	        ->  Bitmap Index Scan on sbtest5_pkey  (cost=0.00..22.64 rows=1021 width=0)
	              Index Cond: ((id >= 5352094) AND (id <= 5353093))

table 6 : explain SELECT c FROM sbtest6 WHERE id BETWEEN 2804805 AND 2805804 ORDER BY c
	Sort  (cost=3891.63..3894.11 rows=995 width=121)
	  Sort Key: c
	  ->  Bitmap Heap Scan on sbtest6  (cost=22.63..3842.08 rows=995 width=121)
	        Recheck Cond: ((id >= 2804805) AND (id <= 2805804))
	        ->  Bitmap Index Scan on sbtest6_pkey  (cost=0.00..22.39 rows=995 width=0)
	              Index Cond: ((id >= 2804805) AND (id <= 2805804))

table 7 : explain SELECT c FROM sbtest7 WHERE id BETWEEN 7360645 AND 7361644 ORDER BY c
	Sort  (cost=3650.13..3652.46 rows=932 width=121)
	  Sort Key: c
	  ->  Bitmap Heap Scan on sbtest7  (cost=21.99..3604.17 rows=932 width=121)
	        Recheck Cond: ((id >= 7360645) AND (id <= 7361644))
	        ->  Bitmap Index Scan on sbtest7_pkey  (cost=0.00..21.75 rows=932 width=0)
	              Index Cond: ((id >= 7360645) AND (id <= 7361644))

table 8 : explain SELECT c FROM sbtest8 WHERE id BETWEEN 8446693 AND 8447692 ORDER BY c
	Sort  (cost=3965.00..3967.54 rows=1014 width=121)
	  Sort Key: c
	  ->  Bitmap Heap Scan on sbtest8  (cost=22.83..3914.37 rows=1014 width=121)
	        Recheck Cond: ((id >= 8446693) AND (id <= 8447692))
	        ->  Bitmap Index Scan on sbtest8_pkey  (cost=0.00..22.57 rows=1014 width=0)
	              Index Cond: ((id >= 8446693) AND (id <= 8447692))

explain: for point_selects :: explain SELECT c FROM sbtest%u WHERE id=%u
for: sum_ranges
table 1 : explain SELECT SUM(k) FROM sbtest1 WHERE id BETWEEN 2448652 AND 2449651
	Aggregate  (cost=4053.39..4053.40 rows=1 width=8)
	  ->  Bitmap Heap Scan on sbtest1  (cost=23.21..4050.76 rows=1051 width=4)
	        Recheck Cond: ((id >= 2448652) AND (id <= 2449651))
	        ->  Bitmap Index Scan on sbtest1_pkey  (cost=0.00..22.94 rows=1051 width=0)
	              Index Cond: ((id >= 2448652) AND (id <= 2449651))

table 2 : explain SELECT SUM(k) FROM sbtest2 WHERE id BETWEEN 7637150 AND 7638149
	Aggregate  (cost=3808.90..3808.91 rows=1 width=8)
	  ->  Bitmap Heap Scan on sbtest2  (cost=22.54..3806.44 rows=986 width=4)
	        Recheck Cond: ((id >= 7637150) AND (id <= 7638149))
	        ->  Bitmap Index Scan on sbtest2_pkey  (cost=0.00..22.29 rows=986 width=0)
	              Index Cond: ((id >= 7637150) AND (id <= 7638149))

table 3 : explain SELECT SUM(k) FROM sbtest3 WHERE id BETWEEN 2288867 AND 2289866
	Aggregate  (cost=4038.87..4038.88 rows=1 width=8)
	  ->  Bitmap Heap Scan on sbtest3  (cost=23.17..4036.25 rows=1047 width=4)
	        Recheck Cond: ((id >= 2288867) AND (id <= 2289866))
	        ->  Bitmap Index Scan on sbtest3_pkey  (cost=0.00..22.90 rows=1047 width=0)
	              Index Cond: ((id >= 2288867) AND (id <= 2289866))

table 4 : explain SELECT SUM(k) FROM sbtest4 WHERE id BETWEEN 8183174 AND 8184173
	Aggregate  (cost=3416.88..3416.89 rows=1 width=8)
	  ->  Bitmap Heap Scan on sbtest4  (cost=21.48..3414.67 rows=882 width=4)
	        Recheck Cond: ((id >= 8183174) AND (id <= 8184173))
	        ->  Bitmap Index Scan on sbtest4_pkey  (cost=0.00..21.25 rows=882 width=0)
	              Index Cond: ((id >= 8183174) AND (id <= 8184173))

table 5 : explain SELECT SUM(k) FROM sbtest5 WHERE id BETWEEN 9708356 AND 9709355
	Aggregate  (cost=3945.24..3945.25 rows=1 width=8)
	  ->  Bitmap Heap Scan on sbtest5  (cost=22.91..3942.68 rows=1022 width=4)
	        Recheck Cond: ((id >= 9708356) AND (id <= 9709355))
	        ->  Bitmap Index Scan on sbtest5_pkey  (cost=0.00..22.65 rows=1022 width=0)
	              Index Cond: ((id >= 9708356) AND (id <= 9709355))

table 6 : explain SELECT SUM(k) FROM sbtest6 WHERE id BETWEEN 9035006 AND 9036005
	Aggregate  (cost=3772.94..3772.95 rows=1 width=8)
	  ->  Bitmap Heap Scan on sbtest6  (cost=22.44..3770.50 rows=976 width=4)
	        Recheck Cond: ((id >= 9035006) AND (id <= 9036005))
	        ->  Bitmap Index Scan on sbtest6_pkey  (cost=0.00..22.19 rows=976 width=0)
	              Index Cond: ((id >= 9035006) AND (id <= 9036005))

table 7 : explain SELECT SUM(k) FROM sbtest7 WHERE id BETWEEN 3552682 AND 3553681
	Aggregate  (cost=4186.56..4186.57 rows=1 width=8)
	  ->  Bitmap Heap Scan on sbtest7  (cost=23.57..4183.84 rows=1086 width=4)
	        Recheck Cond: ((id >= 3552682) AND (id <= 3553681))
	        ->  Bitmap Index Scan on sbtest7_pkey  (cost=0.00..23.29 rows=1086 width=0)
	              Index Cond: ((id >= 3552682) AND (id <= 3553681))

table 8 : explain SELECT SUM(k) FROM sbtest8 WHERE id BETWEEN 8423785 AND 8424784
	Aggregate  (cost=3916.91..3916.92 rows=1 width=8)
	  ->  Bitmap Heap Scan on sbtest8  (cost=22.83..3914.37 rows=1014 width=4)
	        Recheck Cond: ((id >= 8423785) AND (id <= 8424784))
	        ->  Bitmap Index Scan on sbtest8_pkey  (cost=0.00..22.57 rows=1014 width=0)
	              Index Cond: ((id >= 8423785) AND (id <= 8424784))

for: sum_ranges
table 1 : explain SELECT SUM(k) FROM sbtest1 WHERE id BETWEEN 1283343 AND 1284342
	Aggregate  (cost=3695.71..3695.72 rows=1 width=8)
	  ->  Bitmap Heap Scan on sbtest1  (cost=22.23..3693.32 rows=956 width=4)
	        Recheck Cond: ((id >= 1283343) AND (id <= 1284342))
	        ->  Bitmap Index Scan on sbtest1_pkey  (cost=0.00..22.00 rows=956 width=0)
	              Index Cond: ((id >= 1283343) AND (id <= 1284342))

table 2 : explain SELECT SUM(k) FROM sbtest2 WHERE id BETWEEN 6186592 AND 6187591
	Aggregate  (cost=3985.83..3985.84 rows=1 width=8)
	  ->  Bitmap Heap Scan on sbtest2  (cost=23.02..3983.25 rows=1033 width=4)
	        Recheck Cond: ((id >= 6186592) AND (id <= 6187591))
	        ->  Bitmap Index Scan on sbtest2_pkey  (cost=0.00..22.76 rows=1033 width=0)
	              Index Cond: ((id >= 6186592) AND (id <= 6187591))

table 3 : explain SELECT SUM(k) FROM sbtest3 WHERE id BETWEEN 1302557 AND 1303556
	Aggregate  (cost=3824.33..3824.34 rows=1 width=8)
	  ->  Bitmap Heap Scan on sbtest3  (cost=22.58..3821.85 rows=990 width=4)
	        Recheck Cond: ((id >= 1302557) AND (id <= 1303556))
	        ->  Bitmap Index Scan on sbtest3_pkey  (cost=0.00..22.33 rows=990 width=0)
	              Index Cond: ((id >= 1302557) AND (id <= 1303556))

table 4 : explain SELECT SUM(k) FROM sbtest4 WHERE id BETWEEN 6606467 AND 6607466
	Aggregate  (cost=3926.28..3926.29 rows=1 width=8)
	  ->  Bitmap Heap Scan on sbtest4  (cost=22.86..3923.74 rows=1017 width=4)
	        Recheck Cond: ((id >= 6606467) AND (id <= 6607466))
	        ->  Bitmap Index Scan on sbtest4_pkey  (cost=0.00..22.61 rows=1017 width=0)
	              Index Cond: ((id >= 6606467) AND (id <= 6607466))

table 5 : explain SELECT SUM(k) FROM sbtest5 WHERE id BETWEEN 9436797 AND 9437796
	Aggregate  (cost=3662.57..3662.58 rows=1 width=8)
	  ->  Bitmap Heap Scan on sbtest5  (cost=22.14..3660.21 rows=947 width=4)
	        Recheck Cond: ((id >= 9436797) AND (id <= 9437796))
	        ->  Bitmap Index Scan on sbtest5_pkey  (cost=0.00..21.90 rows=947 width=0)
	              Index Cond: ((id >= 9436797) AND (id <= 9437796))

table 6 : explain SELECT SUM(k) FROM sbtest6 WHERE id BETWEEN 8099007 AND 8100006
	Aggregate  (cost=3663.51..3663.52 rows=1 width=8)
	  ->  Bitmap Heap Scan on sbtest6  (cost=22.14..3661.14 rows=947 width=4)
	        Recheck Cond: ((id >= 8099007) AND (id <= 8100006))
	        ->  Bitmap Index Scan on sbtest6_pkey  (cost=0.00..21.90 rows=947 width=0)
	              Index Cond: ((id >= 8099007) AND (id <= 8100006))

table 7 : explain SELECT SUM(k) FROM sbtest7 WHERE id BETWEEN 9725723 AND 9726722
	Aggregate  (cost=3496.91..3496.92 rows=1 width=8)
	  ->  Bitmap Heap Scan on sbtest7  (cost=21.69..3494.66 rows=903 width=4)
	        Recheck Cond: ((id >= 9725723) AND (id <= 9726722))
	        ->  Bitmap Index Scan on sbtest7_pkey  (cost=0.00..21.46 rows=903 width=0)
	              Index Cond: ((id >= 9725723) AND (id <= 9726722))

table 8 : explain SELECT SUM(k) FROM sbtest8 WHERE id BETWEEN 6049739 AND 6050738
	Aggregate  (cost=3543.27..3543.28 rows=1 width=8)
	  ->  Bitmap Heap Scan on sbtest8  (cost=21.81..3540.98 rows=915 width=4)
	        Recheck Cond: ((id >= 6049739) AND (id <= 6050738))
	        ->  Bitmap Index Scan on sbtest8_pkey  (cost=0.00..21.58 rows=915 width=0)
	              Index Cond: ((id >= 6049739) AND (id <= 6050738))

for: sum_ranges
table 1 : explain SELECT SUM(k) FROM sbtest1 WHERE id BETWEEN 9474151 AND 9475150
	Aggregate  (cost=3778.65..3778.66 rows=1 width=8)
	  ->  Bitmap Heap Scan on sbtest1  (cost=22.46..3776.20 rows=978 width=4)
	        Recheck Cond: ((id >= 9474151) AND (id <= 9475150))
	        ->  Bitmap Index Scan on sbtest1_pkey  (cost=0.00..22.21 rows=978 width=0)
	              Index Cond: ((id >= 9474151) AND (id <= 9475150))

table 2 : explain SELECT SUM(k) FROM sbtest2 WHERE id BETWEEN 1360294 AND 1361293
	Aggregate  (cost=4143.69..4143.70 rows=1 width=8)
	  ->  Bitmap Heap Scan on sbtest2  (cost=23.45..4141.01 rows=1075 width=4)
	        Recheck Cond: ((id >= 1360294) AND (id <= 1361293))
	        ->  Bitmap Index Scan on sbtest2_pkey  (cost=0.00..23.18 rows=1075 width=0)
	              Index Cond: ((id >= 1360294) AND (id <= 1361293))

table 3 : explain SELECT SUM(k) FROM sbtest3 WHERE id BETWEEN 1705806 AND 1706805
	Aggregate  (cost=3613.14..3613.15 rows=1 width=8)
	  ->  Bitmap Heap Scan on sbtest3  (cost=22.01..3610.80 rows=934 width=4)
	        Recheck Cond: ((id >= 1705806) AND (id <= 1706805))
	        ->  Bitmap Index Scan on sbtest3_pkey  (cost=0.00..21.77 rows=934 width=0)
	              Index Cond: ((id >= 1705806) AND (id <= 1706805))

table 4 : explain SELECT SUM(k) FROM sbtest4 WHERE id BETWEEN 7146140 AND 7147139
	Aggregate  (cost=3677.54..3677.55 rows=1 width=8)
	  ->  Bitmap Heap Scan on sbtest4  (cost=22.18..3675.17 rows=951 width=4)
	        Recheck Cond: ((id >= 7146140) AND (id <= 7147139))
	        ->  Bitmap Index Scan on sbtest4_pkey  (cost=0.00..21.94 rows=951 width=0)
	              Index Cond: ((id >= 7146140) AND (id <= 7147139))

table 5 : explain SELECT SUM(k) FROM sbtest5 WHERE id BETWEEN 5913877 AND 5914876
	Aggregate  (cost=4216.18..4216.19 rows=1 width=8)
	  ->  Bitmap Heap Scan on sbtest5  (cost=27.65..4213.45 rows=1094 width=4)
	        Recheck Cond: ((id >= 5913877) AND (id <= 5914876))
	        ->  Bitmap Index Scan on sbtest5_pkey  (cost=0.00..27.37 rows=1094 width=0)
	              Index Cond: ((id >= 5913877) AND (id <= 5914876))

table 6 : explain SELECT SUM(k) FROM sbtest6 WHERE id BETWEEN 3995143 AND 3996142
	Aggregate  (cost=3603.08..3603.09 rows=1 width=8)
	  ->  Bitmap Heap Scan on sbtest6  (cost=21.98..3600.76 rows=931 width=4)
	        Recheck Cond: ((id >= 3995143) AND (id <= 3996142))
	        ->  Bitmap Index Scan on sbtest6_pkey  (cost=0.00..21.75 rows=931 width=0)
	              Index Cond: ((id >= 3995143) AND (id <= 3996142))

table 7 : explain SELECT SUM(k) FROM sbtest7 WHERE id BETWEEN 5605785 AND 5606784
	Aggregate  (cost=3814.01..3814.02 rows=1 width=8)
	  ->  Bitmap Heap Scan on sbtest7  (cost=22.55..3811.55 rows=987 width=4)
	        Recheck Cond: ((id >= 5605785) AND (id <= 5606784))
	        ->  Bitmap Index Scan on sbtest7_pkey  (cost=0.00..22.30 rows=987 width=0)
	              Index Cond: ((id >= 5605785) AND (id <= 5606784))

table 8 : explain SELECT SUM(k) FROM sbtest8 WHERE id BETWEEN 1651453 AND 1652452
	Aggregate  (cost=3875.46..3875.47 rows=1 width=8)
	  ->  Bitmap Heap Scan on sbtest8  (cost=22.72..3872.95 rows=1003 width=4)
	        Recheck Cond: ((id >= 1651453) AND (id <= 1652452))
	        ->  Bitmap Index Scan on sbtest8_pkey  (cost=0.00..22.46 rows=1003 width=0)
	              Index Cond: ((id >= 1651453) AND (id <= 1652452))

for: order_ranges
table 1 : explain SELECT c FROM sbtest1 WHERE id BETWEEN 5697465 AND 5698464 ORDER BY c
	Sort  (cost=3748.30..3750.69 rows=958 width=121)
	  Sort Key: c
	  ->  Bitmap Heap Scan on sbtest1  (cost=22.25..3700.86 rows=958 width=121)
	        Recheck Cond: ((id >= 5697465) AND (id <= 5698464))
	        ->  Bitmap Index Scan on sbtest1_pkey  (cost=0.00..22.01 rows=958 width=0)
	              Index Cond: ((id >= 5697465) AND (id <= 5698464))

table 2 : explain SELECT c FROM sbtest2 WHERE id BETWEEN 5038768 AND 5039767 ORDER BY c
	Sort  (cost=4073.12..4075.73 rows=1043 width=121)
	  Sort Key: c
	  ->  Bitmap Heap Scan on sbtest2  (cost=23.13..4020.83 rows=1043 width=121)
	        Recheck Cond: ((id >= 5038768) AND (id <= 5039767))
	        ->  Bitmap Index Scan on sbtest2_pkey  (cost=0.00..22.86 rows=1043 width=0)
	              Index Cond: ((id >= 5038768) AND (id <= 5039767))

table 3 : explain SELECT c FROM sbtest3 WHERE id BETWEEN 2918482 AND 2919481 ORDER BY c
	Sort  (cost=4279.64..4282.38 rows=1097 width=121)
	  Sort Key: c
	  ->  Bitmap Heap Scan on sbtest3  (cost=27.68..4224.24 rows=1097 width=121)
	        Recheck Cond: ((id >= 2918482) AND (id <= 2919481))
	        ->  Bitmap Index Scan on sbtest3_pkey  (cost=0.00..27.40 rows=1097 width=0)
	              Index Cond: ((id >= 2918482) AND (id <= 2919481))

table 4 : explain SELECT c FROM sbtest4 WHERE id BETWEEN 8541941 AND 8542940 ORDER BY c
	Sort  (cost=3821.68..3824.12 rows=977 width=121)
	  Sort Key: c
	  ->  Bitmap Heap Scan on sbtest4  (cost=22.45..3773.16 rows=977 width=121)
	        Recheck Cond: ((id >= 8541941) AND (id <= 8542940))
	        ->  Bitmap Index Scan on sbtest4_pkey  (cost=0.00..22.20 rows=977 width=0)
	              Index Cond: ((id >= 8541941) AND (id <= 8542940))

table 5 : explain SELECT c FROM sbtest5 WHERE id BETWEEN 3748711 AND 3749710 ORDER BY c
	Sort  (cost=4077.75..4080.36 rows=1044 width=121)
	  Sort Key: c
	  ->  Bitmap Heap Scan on sbtest5  (cost=23.14..4025.40 rows=1044 width=121)
	        Recheck Cond: ((id >= 3748711) AND (id <= 3749710))
	        ->  Bitmap Index Scan on sbtest5_pkey  (cost=0.00..22.87 rows=1044 width=0)
	              Index Cond: ((id >= 3748711) AND (id <= 3749710))

table 6 : explain SELECT c FROM sbtest6 WHERE id BETWEEN 6321216 AND 6322215 ORDER BY c
	Sort  (cost=4105.55..4108.18 rows=1051 width=121)
	  Sort Key: c
	  ->  Bitmap Heap Scan on sbtest6  (cost=23.21..4052.80 rows=1051 width=121)
	        Recheck Cond: ((id >= 6321216) AND (id <= 6322215))
	        ->  Bitmap Index Scan on sbtest6_pkey  (cost=0.00..22.94 rows=1051 width=0)
	              Index Cond: ((id >= 6321216) AND (id <= 6322215))

table 7 : explain SELECT c FROM sbtest7 WHERE id BETWEEN 2948459 AND 2949458 ORDER BY c
	Sort  (cost=4082.21..4084.83 rows=1045 width=121)
	  Sort Key: c
	  ->  Bitmap Heap Scan on sbtest7  (cost=23.15..4029.81 rows=1045 width=121)
	        Recheck Cond: ((id >= 2948459) AND (id <= 2949458))
	        ->  Bitmap Index Scan on sbtest7_pkey  (cost=0.00..22.89 rows=1045 width=0)
	              Index Cond: ((id >= 2948459) AND (id <= 2949458))

table 8 : explain SELECT c FROM sbtest8 WHERE id BETWEEN 4485181 AND 4486180 ORDER BY c
	Sort  (cost=3945.89..3948.41 rows=1009 width=121)
	  Sort Key: c
	  ->  Bitmap Heap Scan on sbtest8  (cost=22.78..3895.55 rows=1009 width=121)
	        Recheck Cond: ((id >= 4485181) AND (id <= 4486180))
	        ->  Bitmap Index Scan on sbtest8_pkey  (cost=0.00..22.52 rows=1009 width=0)
	              Index Cond: ((id >= 4485181) AND (id <= 4486180))

for: order_ranges
table 1 : explain SELECT c FROM sbtest1 WHERE id BETWEEN 1280150 AND 1281149 ORDER BY c
	Sort  (cost=3740.65..3743.04 rows=956 width=121)
	  Sort Key: c
	  ->  Bitmap Heap Scan on sbtest1  (cost=22.23..3693.32 rows=956 width=121)
	        Recheck Cond: ((id >= 1280150) AND (id <= 1281149))
	        ->  Bitmap Index Scan on sbtest1_pkey  (cost=0.00..22.00 rows=956 width=0)
	              Index Cond: ((id >= 1280150) AND (id <= 1281149))

table 2 : explain SELECT c FROM sbtest2 WHERE id BETWEEN 8188011 AND 8189010 ORDER BY c
	Sort  (cost=3866.93..3869.41 rows=989 width=121)
	  Sort Key: c
	  ->  Bitmap Heap Scan on sbtest2  (cost=22.57..3817.73 rows=989 width=121)
	        Recheck Cond: ((id >= 8188011) AND (id <= 8189010))
	        ->  Bitmap Index Scan on sbtest2_pkey  (cost=0.00..22.32 rows=989 width=0)
	              Index Cond: ((id >= 8188011) AND (id <= 8189010))

table 3 : explain SELECT c FROM sbtest3 WHERE id BETWEEN 2442365 AND 2443364 ORDER BY c
	Sort  (cost=3492.12..3494.34 rows=891 width=121)
	  Sort Key: c
	  ->  Bitmap Heap Scan on sbtest3  (cost=21.57..3448.46 rows=891 width=121)
	        Recheck Cond: ((id >= 2442365) AND (id <= 2443364))
	        ->  Bitmap Index Scan on sbtest3_pkey  (cost=0.00..21.34 rows=891 width=0)
	              Index Cond: ((id >= 2442365) AND (id <= 2443364))

table 4 : explain SELECT c FROM sbtest4 WHERE id BETWEEN 1299029 AND 1300028 ORDER BY c
	Sort  (cost=3695.42..3697.78 rows=944 width=121)
	  Sort Key: c
	  ->  Bitmap Heap Scan on sbtest4  (cost=22.11..3648.77 rows=944 width=121)
	        Recheck Cond: ((id >= 1299029) AND (id <= 1300028))
	        ->  Bitmap Index Scan on sbtest4_pkey  (cost=0.00..21.87 rows=944 width=0)
	              Index Cond: ((id >= 1299029) AND (id <= 1300028))

table 5 : explain SELECT c FROM sbtest5 WHERE id BETWEEN 464812 AND 465811 ORDER BY c
	Sort  (cost=4131.16..4133.81 rows=1058 width=121)
	  Sort Key: c
	  ->  Bitmap Heap Scan on sbtest5  (cost=23.28..4078.01 rows=1058 width=121)
	        Recheck Cond: ((id >= 464812) AND (id <= 465811))
	        ->  Bitmap Index Scan on sbtest5_pkey  (cost=0.00..23.01 rows=1058 width=0)
	              Index Cond: ((id >= 464812) AND (id <= 465811))

table 6 : explain SELECT c FROM sbtest6 WHERE id BETWEEN 6878171 AND 6879170 ORDER BY c
	Sort  (cost=4235.44..4238.15 rows=1084 width=121)
	  Sort Key: c
	  ->  Bitmap Heap Scan on sbtest6  (cost=27.55..4180.79 rows=1084 width=121)
	        Recheck Cond: ((id >= 6878171) AND (id <= 6879170))
	        ->  Bitmap Index Scan on sbtest6_pkey  (cost=0.00..27.27 rows=1084 width=0)
	              Index Cond: ((id >= 6878171) AND (id <= 6879170))

table 7 : explain SELECT c FROM sbtest7 WHERE id BETWEEN 1356413 AND 1357412 ORDER BY c
	Sort  (cost=4002.03..4004.59 rows=1024 width=121)
	  Sort Key: c
	  ->  Bitmap Heap Scan on sbtest7  (cost=22.93..3950.83 rows=1024 width=121)
	        Recheck Cond: ((id >= 1356413) AND (id <= 1357412))
	        ->  Bitmap Index Scan on sbtest7_pkey  (cost=0.00..22.68 rows=1024 width=0)
	              Index Cond: ((id >= 1356413) AND (id <= 1357412))

table 8 : explain SELECT c FROM sbtest8 WHERE id BETWEEN 5128950 AND 5129949 ORDER BY c
	Sort  (cost=3574.49..3576.77 rows=912 width=121)
	  Sort Key: c
	  ->  Bitmap Heap Scan on sbtest8  (cost=21.78..3529.65 rows=912 width=121)
	        Recheck Cond: ((id >= 5128950) AND (id <= 5129949))
	        ->  Bitmap Index Scan on sbtest8_pkey  (cost=0.00..21.55 rows=912 width=0)
	              Index Cond: ((id >= 5128950) AND (id <= 5129949))

for: distinct_ranges
table 1 : explain SELECT DISTINCT c FROM sbtest1 WHERE id BETWEEN 2670669 AND 2671668 ORDER BY c
	Unique  (cost=3958.50..3963.56 rows=1013 width=121)
	  ->  Sort  (cost=3958.50..3961.03 rows=1013 width=121)
	        Sort Key: c
	        ->  Bitmap Heap Scan on sbtest1  (cost=22.82..3907.93 rows=1013 width=121)
	              Recheck Cond: ((id >= 2670669) AND (id <= 2671668))
	              ->  Bitmap Index Scan on sbtest1_pkey  (cost=0.00..22.57 rows=1013 width=0)
	                    Index Cond: ((id >= 2670669) AND (id <= 2671668))

table 2 : explain SELECT DISTINCT c FROM sbtest2 WHERE id BETWEEN 6113396 AND 6114395 ORDER BY c
	Unique  (cost=4034.96..4040.13 rows=1033 width=121)
	  ->  Sort  (cost=4034.96..4037.55 rows=1033 width=121)
	        Sort Key: c
	        ->  Bitmap Heap Scan on sbtest2  (cost=23.02..3983.25 rows=1033 width=121)
	              Recheck Cond: ((id >= 6113396) AND (id <= 6114395))
	              ->  Bitmap Index Scan on sbtest2_pkey  (cost=0.00..22.76 rows=1033 width=0)
	                    Index Cond: ((id >= 6113396) AND (id <= 6114395))

table 3 : explain SELECT DISTINCT c FROM sbtest3 WHERE id BETWEEN 8214492 AND 8215491 ORDER BY c
	Unique  (cost=3572.61..3577.17 rows=912 width=121)
	  ->  Sort  (cost=3572.61..3574.89 rows=912 width=121)
	        Sort Key: c
	        ->  Bitmap Heap Scan on sbtest3  (cost=21.78..3527.78 rows=912 width=121)
	              Recheck Cond: ((id >= 8214492) AND (id <= 8215491))
	              ->  Bitmap Index Scan on sbtest3_pkey  (cost=0.00..21.55 rows=912 width=0)
	                    Index Cond: ((id >= 8214492) AND (id <= 8215491))

table 4 : explain SELECT DISTINCT c FROM sbtest4 WHERE id BETWEEN 294375 AND 295374 ORDER BY c
	Unique  (cost=4005.09..4010.21 rows=1025 width=121)
	  ->  Sort  (cost=4005.09..4007.65 rows=1025 width=121)
	        Sort Key: c
	        ->  Bitmap Heap Scan on sbtest4  (cost=22.94..3953.83 rows=1025 width=121)
	              Recheck Cond: ((id >= 294375) AND (id <= 295374))
	              ->  Bitmap Index Scan on sbtest4_pkey  (cost=0.00..22.68 rows=1025 width=0)
	                    Index Cond: ((id >= 294375) AND (id <= 295374))

table 5 : explain SELECT DISTINCT c FROM sbtest5 WHERE id BETWEEN 1500429 AND 1501428 ORDER BY c
	Unique  (cost=4005.22..4010.35 rows=1025 width=121)
	  ->  Sort  (cost=4005.22..4007.79 rows=1025 width=121)
	        Sort Key: c
	        ->  Bitmap Heap Scan on sbtest5  (cost=22.94..3953.97 rows=1025 width=121)
	              Recheck Cond: ((id >= 1500429) AND (id <= 1501428))
	              ->  Bitmap Index Scan on sbtest5_pkey  (cost=0.00..22.68 rows=1025 width=0)
	                    Index Cond: ((id >= 1500429) AND (id <= 1501428))

table 6 : explain SELECT DISTINCT c FROM sbtest6 WHERE id BETWEEN 2950872 AND 2951871 ORDER BY c
	Unique  (cost=3727.10..3731.86 rows=952 width=121)
	  ->  Sort  (cost=3727.10..3729.48 rows=952 width=121)
	        Sort Key: c
	        ->  Bitmap Heap Scan on sbtest6  (cost=22.19..3680.00 rows=952 width=121)
	              Recheck Cond: ((id >= 2950872) AND (id <= 2951871))
	              ->  Bitmap Index Scan on sbtest6_pkey  (cost=0.00..21.95 rows=952 width=0)
	                    Index Cond: ((id >= 2950872) AND (id <= 2951871))

table 7 : explain SELECT DISTINCT c FROM sbtest7 WHERE id BETWEEN 8750275 AND 8751274 ORDER BY c
	Unique  (cost=4028.77..4033.92 rows=1031 width=121)
	  ->  Sort  (cost=4028.77..4031.34 rows=1031 width=121)
	        Sort Key: c
	        ->  Bitmap Heap Scan on sbtest7  (cost=23.00..3977.17 rows=1031 width=121)
	              Recheck Cond: ((id >= 8750275) AND (id <= 8751274))
	              ->  Bitmap Index Scan on sbtest7_pkey  (cost=0.00..22.75 rows=1031 width=0)
	                    Index Cond: ((id >= 8750275) AND (id <= 8751274))

table 8 : explain SELECT DISTINCT c FROM sbtest8 WHERE id BETWEEN 8370508 AND 8371507 ORDER BY c
	Unique  (cost=3854.10..3859.03 rows=985 width=121)
	  ->  Sort  (cost=3854.10..3856.57 rows=985 width=121)
	        Sort Key: c
	        ->  Bitmap Heap Scan on sbtest8  (cost=22.53..3805.13 rows=985 width=121)
	              Recheck Cond: ((id >= 8370508) AND (id <= 8371507))
	              ->  Bitmap Index Scan on sbtest8_pkey  (cost=0.00..22.29 rows=985 width=0)
	                    Index Cond: ((id >= 8370508) AND (id <= 8371507))

for: sum_ranges
table 1 : explain SELECT SUM(k) FROM sbtest1 WHERE id BETWEEN 3268413 AND 3269412
	Aggregate  (cost=4019.56..4019.57 rows=1 width=8)
	  ->  Bitmap Heap Scan on sbtest1  (cost=23.12..4016.95 rows=1042 width=4)
	        Recheck Cond: ((id >= 3268413) AND (id <= 3269412))
	        ->  Bitmap Index Scan on sbtest1_pkey  (cost=0.00..22.86 rows=1042 width=0)
	              Index Cond: ((id >= 3268413) AND (id <= 3269412))

table 2 : explain SELECT SUM(k) FROM sbtest2 WHERE id BETWEEN 3582039 AND 3583038
	Aggregate  (cost=3627.91..3627.92 rows=1 width=8)
	  ->  Bitmap Heap Scan on sbtest2  (cost=22.05..3625.56 rows=938 width=4)
	        Recheck Cond: ((id >= 3582039) AND (id <= 3583038))
	        ->  Bitmap Index Scan on sbtest2_pkey  (cost=0.00..21.82 rows=938 width=0)
	              Index Cond: ((id >= 3582039) AND (id <= 3583038))

table 3 : explain SELECT SUM(k) FROM sbtest3 WHERE id BETWEEN 122225 AND 123224
	Aggregate  (cost=3835.63..3835.64 rows=1 width=8)
	  ->  Bitmap Heap Scan on sbtest3  (cost=22.61..3833.15 rows=993 width=4)
	        Recheck Cond: ((id >= 122225) AND (id <= 123224))
	        ->  Bitmap Index Scan on sbtest3_pkey  (cost=0.00..22.36 rows=993 width=0)
	              Index Cond: ((id >= 122225) AND (id <= 123224))

table 4 : explain SELECT SUM(k) FROM sbtest4 WHERE id BETWEEN 8823158 AND 8824157
	Aggregate  (cost=3798.21..3798.22 rows=1 width=8)
	  ->  Bitmap Heap Scan on sbtest4  (cost=22.51..3795.76 rows=983 width=4)
	        Recheck Cond: ((id >= 8823158) AND (id <= 8824157))
	        ->  Bitmap Index Scan on sbtest4_pkey  (cost=0.00..22.26 rows=983 width=0)
	              Index Cond: ((id >= 8823158) AND (id <= 8824157))

table 5 : explain SELECT SUM(k) FROM sbtest5 WHERE id BETWEEN 4750058 AND 4751057
	Aggregate  (cost=3541.74..3541.75 rows=1 width=8)
	  ->  Bitmap Heap Scan on sbtest5  (cost=21.81..3539.45 rows=915 width=4)
	        Recheck Cond: ((id >= 4750058) AND (id <= 4751057))
	        ->  Bitmap Index Scan on sbtest5_pkey  (cost=0.00..21.58 rows=915 width=0)
	              Index Cond: ((id >= 4750058) AND (id <= 4751057))

table 6 : explain SELECT SUM(k) FROM sbtest6 WHERE id BETWEEN 3844969 AND 3845968
	Aggregate  (cost=3837.03..3837.04 rows=1 width=8)
	  ->  Bitmap Heap Scan on sbtest6  (cost=22.61..3834.55 rows=993 width=4)
	        Recheck Cond: ((id >= 3844969) AND (id <= 3845968))
	        ->  Bitmap Index Scan on sbtest6_pkey  (cost=0.00..22.36 rows=993 width=0)
	              Index Cond: ((id >= 3844969) AND (id <= 3845968))

table 7 : explain SELECT SUM(k) FROM sbtest7 WHERE id BETWEEN 4106733 AND 4107732
	Aggregate  (cost=3765.00..3765.01 rows=1 width=8)
	  ->  Bitmap Heap Scan on sbtest7  (cost=22.42..3762.57 rows=974 width=4)
	        Recheck Cond: ((id >= 4106733) AND (id <= 4107732))
	        ->  Bitmap Index Scan on sbtest7_pkey  (cost=0.00..22.18 rows=974 width=0)
	              Index Cond: ((id >= 4106733) AND (id <= 4107732))

table 8 : explain SELECT SUM(k) FROM sbtest8 WHERE id BETWEEN 9461903 AND 9462902
	Aggregate  (cost=4003.53..4003.54 rows=1 width=8)
	  ->  Bitmap Heap Scan on sbtest8  (cost=23.06..4000.94 rows=1037 width=4)
	        Recheck Cond: ((id >= 9461903) AND (id <= 9462902))
	        ->  Bitmap Index Scan on sbtest8_pkey  (cost=0.00..22.80 rows=1037 width=0)
	              Index Cond: ((id >= 9461903) AND (id <= 9462902))

for: order_ranges
table 1 : explain SELECT c FROM sbtest1 WHERE id BETWEEN 8442549 AND 8443548 ORDER BY c
	Sort  (cost=3595.18..3597.48 rows=918 width=121)
	  Sort Key: c
	  ->  Bitmap Heap Scan on sbtest1  (cost=21.84..3550.01 rows=918 width=121)
	        Recheck Cond: ((id >= 8442549) AND (id <= 8443548))
	        ->  Bitmap Index Scan on sbtest1_pkey  (cost=0.00..21.61 rows=918 width=0)
	              Index Cond: ((id >= 8442549) AND (id <= 8443548))

table 2 : explain SELECT c FROM sbtest2 WHERE id BETWEEN 3601201 AND 3602200 ORDER BY c
	Sort  (cost=3943.34..3945.86 rows=1009 width=121)
	  Sort Key: c
	  ->  Bitmap Heap Scan on sbtest2  (cost=22.78..3893.00 rows=1009 width=121)
	        Recheck Cond: ((id >= 3601201) AND (id <= 3602200))
	        ->  Bitmap Index Scan on sbtest2_pkey  (cost=0.00..22.52 rows=1009 width=0)
	              Index Cond: ((id >= 3601201) AND (id <= 3602200))

table 3 : explain SELECT c FROM sbtest3 WHERE id BETWEEN 4623877 AND 4624876 ORDER BY c
	Sort  (cost=3905.51..3908.00 rows=999 width=121)
	  Sort Key: c
	  ->  Bitmap Heap Scan on sbtest3  (cost=22.67..3855.73 rows=999 width=121)
	        Recheck Cond: ((id >= 4623877) AND (id <= 4624876))
	        ->  Bitmap Index Scan on sbtest3_pkey  (cost=0.00..22.43 rows=999 width=0)
	              Index Cond: ((id >= 4623877) AND (id <= 4624876))

table 4 : explain SELECT c FROM sbtest4 WHERE id BETWEEN 2066414 AND 2067413 ORDER BY c
	Sort  (cost=4199.65..4202.34 rows=1076 width=121)
	  Sort Key: c
	  ->  Bitmap Heap Scan on sbtest4  (cost=23.46..4145.47 rows=1076 width=121)
	        Recheck Cond: ((id >= 2066414) AND (id <= 2067413))
	        ->  Bitmap Index Scan on sbtest4_pkey  (cost=0.00..23.19 rows=1076 width=0)
	              Index Cond: ((id >= 2066414) AND (id <= 2067413))

table 5 : explain SELECT c FROM sbtest5 WHERE id BETWEEN 7031753 AND 7032752 ORDER BY c
	Sort  (cost=3641.93..3644.25 rows=930 width=121)
	  Sort Key: c
	  ->  Bitmap Heap Scan on sbtest5  (cost=21.97..3596.07 rows=930 width=121)
	        Recheck Cond: ((id >= 7031753) AND (id <= 7032752))
	        ->  Bitmap Index Scan on sbtest5_pkey  (cost=0.00..21.73 rows=930 width=0)
	              Index Cond: ((id >= 7031753) AND (id <= 7032752))

table 6 : explain SELECT c FROM sbtest6 WHERE id BETWEEN 5410649 AND 5411648 ORDER BY c
	Sort  (cost=3665.82..3668.16 rows=936 width=121)
	  Sort Key: c
	  ->  Bitmap Heap Scan on sbtest6  (cost=22.03..3619.63 rows=936 width=121)
	        Recheck Cond: ((id >= 5410649) AND (id <= 5411648))
	        ->  Bitmap Index Scan on sbtest6_pkey  (cost=0.00..21.79 rows=936 width=0)
	              Index Cond: ((id >= 5410649) AND (id <= 5411648))

table 7 : explain SELECT c FROM sbtest7 WHERE id BETWEEN 4078411 AND 4079410 ORDER BY c
	Sort  (cost=3810.91..3813.35 rows=974 width=121)
	  Sort Key: c
	  ->  Bitmap Heap Scan on sbtest7  (cost=22.42..3762.57 rows=974 width=121)
	        Recheck Cond: ((id >= 4078411) AND (id <= 4079410))
	        ->  Bitmap Index Scan on sbtest7_pkey  (cost=0.00..22.18 rows=974 width=0)
	              Index Cond: ((id >= 4078411) AND (id <= 4079410))

table 8 : explain SELECT c FROM sbtest8 WHERE id BETWEEN 4848066 AND 4849065 ORDER BY c
	Sort  (cost=3884.71..3887.19 rows=993 width=121)
	  Sort Key: c
	  ->  Bitmap Heap Scan on sbtest8  (cost=22.61..3835.28 rows=993 width=121)
	        Recheck Cond: ((id >= 4848066) AND (id <= 4849065))
	        ->  Bitmap Index Scan on sbtest8_pkey  (cost=0.00..22.36 rows=993 width=0)
	              Index Cond: ((id >= 4848066) AND (id <= 4849065))

for: distinct_ranges
table 1 : explain SELECT DISTINCT c FROM sbtest1 WHERE id BETWEEN 2412728 AND 2413727 ORDER BY c
	Unique  (cost=4103.51..4108.77 rows=1051 width=121)
	  ->  Sort  (cost=4103.51..4106.14 rows=1051 width=121)
	        Sort Key: c
	        ->  Bitmap Heap Scan on sbtest1  (cost=23.21..4050.76 rows=1051 width=121)
	              Recheck Cond: ((id >= 2412728) AND (id <= 2413727))
	              ->  Bitmap Index Scan on sbtest1_pkey  (cost=0.00..22.94 rows=1051 width=0)
	                    Index Cond: ((id >= 2412728) AND (id <= 2413727))

table 2 : explain SELECT DISTINCT c FROM sbtest2 WHERE id BETWEEN 7332572 AND 7333571 ORDER BY c
	Unique  (cost=4103.63..4108.89 rows=1051 width=121)
	  ->  Sort  (cost=4103.63..4106.26 rows=1051 width=121)
	        Sort Key: c
	        ->  Bitmap Heap Scan on sbtest2  (cost=23.21..4050.89 rows=1051 width=121)
	              Recheck Cond: ((id >= 7332572) AND (id <= 7333571))
	              ->  Bitmap Index Scan on sbtest2_pkey  (cost=0.00..22.94 rows=1051 width=0)
	                    Index Cond: ((id >= 7332572) AND (id <= 7333571))

table 3 : explain SELECT DISTINCT c FROM sbtest3 WHERE id BETWEEN 6280500 AND 6281499 ORDER BY c
	Unique  (cost=3813.77..3818.64 rows=975 width=121)
	  ->  Sort  (cost=3813.77..3816.21 rows=975 width=121)
	        Sort Key: c
	        ->  Bitmap Heap Scan on sbtest3  (cost=22.43..3765.36 rows=975 width=121)
	              Recheck Cond: ((id >= 6280500) AND (id <= 6281499))
	              ->  Bitmap Index Scan on sbtest3_pkey  (cost=0.00..22.18 rows=975 width=0)
	                    Index Cond: ((id >= 6280500) AND (id <= 6281499))

table 4 : explain SELECT DISTINCT c FROM sbtest4 WHERE id BETWEEN 150901 AND 151900 ORDER BY c
	Unique  (cost=3997.45..4002.56 rows=1023 width=121)
	  ->  Sort  (cost=3997.45..4000.01 rows=1023 width=121)
	        Sort Key: c
	        ->  Bitmap Heap Scan on sbtest4  (cost=22.92..3946.31 rows=1023 width=121)
	              Recheck Cond: ((id >= 150901) AND (id <= 151900))
	              ->  Bitmap Index Scan on sbtest4_pkey  (cost=0.00..22.66 rows=1023 width=0)
	                    Index Cond: ((id >= 150901) AND (id <= 151900))

table 5 : explain SELECT DISTINCT c FROM sbtest5 WHERE id BETWEEN 9561765 AND 9562764 ORDER BY c
	Unique  (cost=3909.73..3914.73 rows=1000 width=121)
	  ->  Sort  (cost=3909.73..3912.23 rows=1000 width=121)
	        Sort Key: c
	        ->  Bitmap Heap Scan on sbtest5  (cost=22.68..3859.90 rows=1000 width=121)
	              Recheck Cond: ((id >= 9561765) AND (id <= 9562764))
	              ->  Bitmap Index Scan on sbtest5_pkey  (cost=0.00..22.43 rows=1000 width=0)
	                    Index Cond: ((id >= 9561765) AND (id <= 9562764))

table 6 : explain SELECT DISTINCT c FROM sbtest6 WHERE id BETWEEN 6017250 AND 6018249 ORDER BY c
	Unique  (cost=3765.38..3770.19 rows=962 width=121)
	  ->  Sort  (cost=3765.38..3767.79 rows=962 width=121)
	        Sort Key: c
	        ->  Bitmap Heap Scan on sbtest6  (cost=22.30..3717.72 rows=962 width=121)
	              Recheck Cond: ((id >= 6017250) AND (id <= 6018249))
	              ->  Bitmap Index Scan on sbtest6_pkey  (cost=0.00..22.05 rows=962 width=0)
	                    Index Cond: ((id >= 6017250) AND (id <= 6018249))

table 7 : explain SELECT DISTINCT c FROM sbtest7 WHERE id BETWEEN 4645991 AND 4646990 ORDER BY c
	Unique  (cost=3661.63..3666.30 rows=935 width=121)
	  ->  Sort  (cost=3661.63..3663.96 rows=935 width=121)
	        Sort Key: c
	        ->  Bitmap Heap Scan on sbtest7  (cost=22.02..3615.49 rows=935 width=121)
	              Recheck Cond: ((id >= 4645991) AND (id <= 4646990))
	              ->  Bitmap Index Scan on sbtest7_pkey  (cost=0.00..21.79 rows=935 width=0)
	                    Index Cond: ((id >= 4645991) AND (id <= 4646990))

table 8 : explain SELECT DISTINCT c FROM sbtest8 WHERE id BETWEEN 6192753 AND 6193752 ORDER BY c
	Unique  (cost=4068.16..4073.36 rows=1041 width=121)
	  ->  Sort  (cost=4068.16..4070.76 rows=1041 width=121)
	        Sort Key: c
	        ->  Bitmap Heap Scan on sbtest8  (cost=23.11..4015.98 rows=1041 width=121)
	              Recheck Cond: ((id >= 6192753) AND (id <= 6193752))
	              ->  Bitmap Index Scan on sbtest8_pkey  (cost=0.00..22.84 rows=1041 width=0)
	                    Index Cond: ((id >= 6192753) AND (id <= 6193752))

for: order_ranges
table 1 : explain SELECT c FROM sbtest1 WHERE id BETWEEN 4259975 AND 4260974 ORDER BY c
	Sort  (cost=3633.48..3635.80 rows=928 width=121)
	  Sort Key: c
	  ->  Bitmap Heap Scan on sbtest1  (cost=21.95..3587.74 rows=928 width=121)
	        Recheck Cond: ((id >= 4259975) AND (id <= 4260974))
	        ->  Bitmap Index Scan on sbtest1_pkey  (cost=0.00..21.71 rows=928 width=0)
	              Index Cond: ((id >= 4259975) AND (id <= 4260974))

table 2 : explain SELECT c FROM sbtest2 WHERE id BETWEEN 5306414 AND 5307413 ORDER BY c
	Sort  (cost=3878.40..3880.88 rows=992 width=121)
	  Sort Key: c
	  ->  Bitmap Heap Scan on sbtest2  (cost=22.60..3829.03 rows=992 width=121)
	        Recheck Cond: ((id >= 5306414) AND (id <= 5307413))
	        ->  Bitmap Index Scan on sbtest2_pkey  (cost=0.00..22.36 rows=992 width=0)
	              Index Cond: ((id >= 5306414) AND (id <= 5307413))

table 3 : explain SELECT c FROM sbtest3 WHERE id BETWEEN 9581615 AND 9582614 ORDER BY c
	Sort  (cost=4344.38..4347.16 rows=1114 width=121)
	  Sort Key: c
	  ->  Bitmap Heap Scan on sbtest3  (cost=27.85..4288.00 rows=1114 width=121)
	        Recheck Cond: ((id >= 9581615) AND (id <= 9582614))
	        ->  Bitmap Index Scan on sbtest3_pkey  (cost=0.00..27.57 rows=1114 width=0)
	              Index Cond: ((id >= 9581615) AND (id <= 9582614))

table 4 : explain SELECT c FROM sbtest4 WHERE id BETWEEN 3394012 AND 3395011 ORDER BY c
	Sort  (cost=3553.69..3555.95 rows=907 width=121)
	  Sort Key: c
	  ->  Bitmap Heap Scan on sbtest4  (cost=21.73..3509.13 rows=907 width=121)
	        Recheck Cond: ((id >= 3394012) AND (id <= 3395011))
	        ->  Bitmap Index Scan on sbtest4_pkey  (cost=0.00..21.50 rows=907 width=0)
	              Index Cond: ((id >= 3394012) AND (id <= 3395011))

table 5 : explain SELECT c FROM sbtest5 WHERE id BETWEEN 2480373 AND 2481372 ORDER BY c
	Sort  (cost=3894.44..3896.93 rows=996 width=121)
	  Sort Key: c
	  ->  Bitmap Heap Scan on sbtest5  (cost=22.64..3844.84 rows=996 width=121)
	        Recheck Cond: ((id >= 2480373) AND (id <= 2481372))
	        ->  Bitmap Index Scan on sbtest5_pkey  (cost=0.00..22.39 rows=996 width=0)
	              Index Cond: ((id >= 2480373) AND (id <= 2481372))

table 6 : explain SELECT c FROM sbtest6 WHERE id BETWEEN 6977555 AND 6978554 ORDER BY c
	Sort  (cost=3861.03..3863.50 rows=987 width=121)
	  Sort Key: c
	  ->  Bitmap Heap Scan on sbtest6  (cost=22.55..3811.95 rows=987 width=121)
	        Recheck Cond: ((id >= 6977555) AND (id <= 6978554))
	        ->  Bitmap Index Scan on sbtest6_pkey  (cost=0.00..22.30 rows=987 width=0)
	              Index Cond: ((id >= 6977555) AND (id <= 6978554))

table 7 : explain SELECT c FROM sbtest7 WHERE id BETWEEN 7184870 AND 7185869 ORDER BY c
	Sort  (cost=4238.60..4241.32 rows=1086 width=121)
	  Sort Key: c
	  ->  Bitmap Heap Scan on sbtest7  (cost=23.57..4183.84 rows=1086 width=121)
	        Recheck Cond: ((id >= 7184870) AND (id <= 7185869))
	        ->  Bitmap Index Scan on sbtest7_pkey  (cost=0.00..23.29 rows=1086 width=0)
	              Index Cond: ((id >= 7184870) AND (id <= 7185869))

table 8 : explain SELECT c FROM sbtest8 WHERE id BETWEEN 5542384 AND 5543383 ORDER BY c
	Sort  (cost=3900.00..3902.50 rows=997 width=121)
	  Sort Key: c
	  ->  Bitmap Heap Scan on sbtest8  (cost=22.65..3850.35 rows=997 width=121)
	        Recheck Cond: ((id >= 5542384) AND (id <= 5543383))
	        ->  Bitmap Index Scan on sbtest8_pkey  (cost=0.00..22.40 rows=997 width=0)
	              Index Cond: ((id >= 5542384) AND (id <= 5543383))

for: order_ranges
table 1 : explain SELECT c FROM sbtest1 WHERE id BETWEEN 7255803 AND 7256802 ORDER BY c
	Sort  (cost=4004.31..4006.87 rows=1025 width=121)
	  Sort Key: c
	  ->  Bitmap Heap Scan on sbtest1  (cost=22.94..3953.05 rows=1025 width=121)
	        Recheck Cond: ((id >= 7255803) AND (id <= 7256802))
	        ->  Bitmap Index Scan on sbtest1_pkey  (cost=0.00..22.68 rows=1025 width=0)
	              Index Cond: ((id >= 7255803) AND (id <= 7256802))

table 2 : explain SELECT c FROM sbtest2 WHERE id BETWEEN 9745918 AND 9746917 ORDER BY c
	Sort  (cost=3916.60..3919.11 rows=1002 width=121)
	  Sort Key: c
	  ->  Bitmap Heap Scan on sbtest2  (cost=22.71..3866.66 rows=1002 width=121)
	        Recheck Cond: ((id >= 9745918) AND (id <= 9746917))
	        ->  Bitmap Index Scan on sbtest2_pkey  (cost=0.00..22.45 rows=1002 width=0)
	              Index Cond: ((id >= 9745918) AND (id <= 9746917))

table 3 : explain SELECT c FROM sbtest3 WHERE id BETWEEN 8061926 AND 8062925 ORDER BY c
	Sort  (cost=3855.82..3858.29 rows=986 width=121)
	  Sort Key: c
	  ->  Bitmap Heap Scan on sbtest3  (cost=22.54..3806.79 rows=986 width=121)
	        Recheck Cond: ((id >= 8061926) AND (id <= 8062925))
	        ->  Bitmap Index Scan on sbtest3_pkey  (cost=0.00..22.29 rows=986 width=0)
	              Index Cond: ((id >= 8061926) AND (id <= 8062925))

table 4 : explain SELECT c FROM sbtest4 WHERE id BETWEEN 3946990 AND 3947989 ORDER BY c
	Sort  (cost=3875.20..3877.68 rows=991 width=121)
	  Sort Key: c
	  ->  Bitmap Heap Scan on sbtest4  (cost=22.59..3825.88 rows=991 width=121)
	        Recheck Cond: ((id >= 3946990) AND (id <= 3947989))
	        ->  Bitmap Index Scan on sbtest4_pkey  (cost=0.00..22.34 rows=991 width=0)
	              Index Cond: ((id >= 3946990) AND (id <= 3947989))

table 5 : explain SELECT c FROM sbtest5 WHERE id BETWEEN 3510510 AND 3511509 ORDER BY c
	Sort  (cost=3905.91..3908.40 rows=999 width=121)
	  Sort Key: c
	  ->  Bitmap Heap Scan on sbtest5  (cost=22.67..3856.13 rows=999 width=121)
	        Recheck Cond: ((id >= 3510510) AND (id <= 3511509))
	        ->  Bitmap Index Scan on sbtest5_pkey  (cost=0.00..22.43 rows=999 width=0)
	              Index Cond: ((id >= 3510510) AND (id <= 3511509))

table 6 : explain SELECT c FROM sbtest6 WHERE id BETWEEN 2951091 AND 2952090 ORDER BY c
	Sort  (cost=3727.10..3729.48 rows=952 width=121)
	  Sort Key: c
	  ->  Bitmap Heap Scan on sbtest6  (cost=22.19..3680.00 rows=952 width=121)
	        Recheck Cond: ((id >= 2951091) AND (id <= 2952090))
	        ->  Bitmap Index Scan on sbtest6_pkey  (cost=0.00..21.95 rows=952 width=0)
	              Index Cond: ((id >= 2951091) AND (id <= 2952090))

table 7 : explain SELECT c FROM sbtest7 WHERE id BETWEEN 6045904 AND 6046903 ORDER BY c
	Sort  (cost=3833.86..3836.31 rows=980 width=121)
	  Sort Key: c
	  ->  Bitmap Heap Scan on sbtest7  (cost=22.48..3785.18 rows=980 width=121)
	        Recheck Cond: ((id >= 6045904) AND (id <= 6046903))
	        ->  Bitmap Index Scan on sbtest7_pkey  (cost=0.00..22.23 rows=980 width=0)
	              Index Cond: ((id >= 6045904) AND (id <= 6046903))

table 8 : explain SELECT c FROM sbtest8 WHERE id BETWEEN 4890259 AND 4891258 ORDER BY c
	Sort  (cost=4106.34..4108.97 rows=1051 width=121)
	  Sort Key: c
	  ->  Bitmap Heap Scan on sbtest8  (cost=23.21..4053.60 rows=1051 width=121)
	        Recheck Cond: ((id >= 4890259) AND (id <= 4891258))
	        ->  Bitmap Index Scan on sbtest8_pkey  (cost=0.00..22.94 rows=1051 width=0)
	              Index Cond: ((id >= 4890259) AND (id <= 4891258))

for: simple_ranges
table 1 : explain SELECT c FROM sbtest1 WHERE id BETWEEN 6102288 AND 6103287
	Bitmap Heap Scan on sbtest1  (cost=21.95..3587.74 rows=928 width=121)
	  Recheck Cond: ((id >= 6102288) AND (id <= 6103287))
	  ->  Bitmap Index Scan on sbtest1_pkey  (cost=0.00..21.71 rows=928 width=0)
	        Index Cond: ((id >= 6102288) AND (id <= 6103287))

table 2 : explain SELECT c FROM sbtest2 WHERE id BETWEEN 945926 AND 946925
	Bitmap Heap Scan on sbtest2  (cost=27.86..4291.32 rows=1115 width=121)
	  Recheck Cond: ((id >= 945926) AND (id <= 946925))
	  ->  Bitmap Index Scan on sbtest2_pkey  (cost=0.00..27.58 rows=1115 width=0)
	        Index Cond: ((id >= 945926) AND (id <= 946925))

table 3 : explain SELECT c FROM sbtest3 WHERE id BETWEEN 4086973 AND 4087972
	Bitmap Heap Scan on sbtest3  (cost=27.75..4250.50 rows=1104 width=121)
	  Recheck Cond: ((id >= 4086973) AND (id <= 4087972))
	  ->  Bitmap Index Scan on sbtest3_pkey  (cost=0.00..27.47 rows=1104 width=0)
	        Index Cond: ((id >= 4086973) AND (id <= 4087972))

table 4 : explain SELECT c FROM sbtest4 WHERE id BETWEEN 6033316 AND 6034315
	Bitmap Heap Scan on sbtest4  (cost=28.08..4370.78 rows=1136 width=121)
	  Recheck Cond: ((id >= 6033316) AND (id <= 6034315))
	  ->  Bitmap Index Scan on sbtest4_pkey  (cost=0.00..27.79 rows=1136 width=0)
	        Index Cond: ((id >= 6033316) AND (id <= 6034315))

table 5 : explain SELECT c FROM sbtest5 WHERE id BETWEEN 719525 AND 720524
	Bitmap Heap Scan on sbtest5  (cost=23.58..4186.91 rows=1087 width=121)
	  Recheck Cond: ((id >= 719525) AND (id <= 720524))
	  ->  Bitmap Index Scan on sbtest5_pkey  (cost=0.00..23.30 rows=1087 width=0)
	        Index Cond: ((id >= 719525) AND (id <= 720524))

table 6 : explain SELECT c FROM sbtest6 WHERE id BETWEEN 6945282 AND 6946281
	Bitmap Heap Scan on sbtest6  (cost=22.55..3811.95 rows=987 width=121)
	  Recheck Cond: ((id >= 6945282) AND (id <= 6946281))
	  ->  Bitmap Index Scan on sbtest6_pkey  (cost=0.00..22.30 rows=987 width=0)
	        Index Cond: ((id >= 6945282) AND (id <= 6946281))

table 7 : explain SELECT c FROM sbtest7 WHERE id BETWEEN 6681491 AND 6682490
	Bitmap Heap Scan on sbtest7  (cost=22.41..3758.80 rows=973 width=121)
	  Recheck Cond: ((id >= 6681491) AND (id <= 6682490))
	  ->  Bitmap Index Scan on sbtest7_pkey  (cost=0.00..22.16 rows=973 width=0)
	        Index Cond: ((id >= 6681491) AND (id <= 6682490))

table 8 : explain SELECT c FROM sbtest8 WHERE id BETWEEN 6606393 AND 6607392
	Bitmap Heap Scan on sbtest8  (cost=22.73..3876.72 rows=1004 width=121)
	  Recheck Cond: ((id >= 6606393) AND (id <= 6607392))
	  ->  Bitmap Index Scan on sbtest8_pkey  (cost=0.00..22.47 rows=1004 width=0)
	        Index Cond: ((id >= 6606393) AND (id <= 6607392))

for: order_ranges
table 1 : explain SELECT c FROM sbtest1 WHERE id BETWEEN 1027309 AND 1028308 ORDER BY c
	Sort  (cost=3851.54..3854.00 rows=985 width=121)
	  Sort Key: c
	  ->  Bitmap Heap Scan on sbtest1  (cost=22.53..3802.56 rows=985 width=121)
	        Recheck Cond: ((id >= 1027309) AND (id <= 1028308))
	        ->  Bitmap Index Scan on sbtest1_pkey  (cost=0.00..22.29 rows=985 width=0)
	              Index Cond: ((id >= 1027309) AND (id <= 1028308))

table 2 : explain SELECT c FROM sbtest2 WHERE id BETWEEN 8798971 AND 8799970 ORDER BY c
	Sort  (cost=3599.11..3601.41 rows=919 width=121)
	  Sort Key: c
	  ->  Bitmap Heap Scan on sbtest2  (cost=21.85..3553.88 rows=919 width=121)
	        Recheck Cond: ((id >= 8798971) AND (id <= 8799970))
	        ->  Bitmap Index Scan on sbtest2_pkey  (cost=0.00..21.62 rows=919 width=0)
	              Index Cond: ((id >= 8798971) AND (id <= 8799970))

table 3 : explain SELECT c FROM sbtest3 WHERE id BETWEEN 3000187 AND 3001186 ORDER BY c
	Sort  (cost=4039.16..4041.75 rows=1034 width=121)
	  Sort Key: c
	  ->  Bitmap Heap Scan on sbtest3  (cost=23.03..3987.39 rows=1034 width=121)
	        Recheck Cond: ((id >= 3000187) AND (id <= 3001186))
	        ->  Bitmap Index Scan on sbtest3_pkey  (cost=0.00..22.77 rows=1034 width=0)
	              Index Cond: ((id >= 3000187) AND (id <= 3001186))

table 4 : explain SELECT c FROM sbtest4 WHERE id BETWEEN 1356478 AND 1357477 ORDER BY c
	Sort  (cost=3695.42..3697.78 rows=944 width=121)
	  Sort Key: c
	  ->  Bitmap Heap Scan on sbtest4  (cost=22.11..3648.77 rows=944 width=121)
	        Recheck Cond: ((id >= 1356478) AND (id <= 1357477))
	        ->  Bitmap Index Scan on sbtest4_pkey  (cost=0.00..21.87 rows=944 width=0)
	              Index Cond: ((id >= 1356478) AND (id <= 1357477))

table 5 : explain SELECT c FROM sbtest5 WHERE id BETWEEN 3047055 AND 3048054 ORDER BY c
	Sort  (cost=3875.33..3877.81 rows=991 width=121)
	  Sort Key: c
	  ->  Bitmap Heap Scan on sbtest5  (cost=22.59..3826.01 rows=991 width=121)
	        Recheck Cond: ((id >= 3047055) AND (id <= 3048054))
	        ->  Bitmap Index Scan on sbtest5_pkey  (cost=0.00..22.34 rows=991 width=0)
	              Index Cond: ((id >= 3047055) AND (id <= 3048054))

table 6 : explain SELECT c FROM sbtest6 WHERE id BETWEEN 1533594 AND 1534593 ORDER BY c
	Sort  (cost=3826.61..3829.05 rows=978 width=121)
	  Sort Key: c
	  ->  Bitmap Heap Scan on sbtest6  (cost=22.46..3778.03 rows=978 width=121)
	        Recheck Cond: ((id >= 1533594) AND (id <= 1534593))
	        ->  Bitmap Index Scan on sbtest6_pkey  (cost=0.00..22.21 rows=978 width=0)
	              Index Cond: ((id >= 1533594) AND (id <= 1534593))

table 7 : explain SELECT c FROM sbtest7 WHERE id BETWEEN 6116931 AND 6117930 ORDER BY c
	Sort  (cost=3833.86..3836.31 rows=980 width=121)
	  Sort Key: c
	  ->  Bitmap Heap Scan on sbtest7  (cost=22.48..3785.18 rows=980 width=121)
	        Recheck Cond: ((id >= 6116931) AND (id <= 6117930))
	        ->  Bitmap Index Scan on sbtest7_pkey  (cost=0.00..22.23 rows=980 width=0)
	              Index Cond: ((id >= 6116931) AND (id <= 6117930))

table 8 : explain SELECT c FROM sbtest8 WHERE id BETWEEN 4413646 AND 4414645 ORDER BY c
	Sort  (cost=3559.15..3561.42 rows=908 width=121)
	  Sort Key: c
	  ->  Bitmap Heap Scan on sbtest8  (cost=21.74..3514.53 rows=908 width=121)
	        Recheck Cond: ((id >= 4413646) AND (id <= 4414645))
	        ->  Bitmap Index Scan on sbtest8_pkey  (cost=0.00..21.51 rows=908 width=0)
	              Index Cond: ((id >= 4413646) AND (id <= 4414645))

for point_selects
table 1 : explain SELECT c FROM sbtest1 WHERE id=6064977
	Index Scan using sbtest1_pkey on sbtest1  (cost=0.43..8.45 rows=1 width=121)
	  Index Cond: (id = 6064977)

table 2 : explain SELECT c FROM sbtest2 WHERE id=2367477
	Index Scan using sbtest2_pkey on sbtest2  (cost=0.43..8.45 rows=1 width=121)
	  Index Cond: (id = 2367477)

table 3 : explain SELECT c FROM sbtest3 WHERE id=9392692
	Index Scan using sbtest3_pkey on sbtest3  (cost=0.43..8.45 rows=1 width=121)
	  Index Cond: (id = 9392692)

table 4 : explain SELECT c FROM sbtest4 WHERE id=3016045
	Index Scan using sbtest4_pkey on sbtest4  (cost=0.43..8.45 rows=1 width=121)
	  Index Cond: (id = 3016045)

table 5 : explain SELECT c FROM sbtest5 WHERE id=9251973
	Index Scan using sbtest5_pkey on sbtest5  (cost=0.43..8.45 rows=1 width=121)
	  Index Cond: (id = 9251973)

table 6 : explain SELECT c FROM sbtest6 WHERE id=8427733
	Index Scan using sbtest6_pkey on sbtest6  (cost=0.43..8.45 rows=1 width=121)
	  Index Cond: (id = 8427733)

table 7 : explain SELECT c FROM sbtest7 WHERE id=8910571
	Index Scan using sbtest7_pkey on sbtest7  (cost=0.43..8.45 rows=1 width=121)
	  Index Cond: (id = 8910571)

table 8 : explain SELECT c FROM sbtest8 WHERE id=9643300
	Index Scan using sbtest8_pkey on sbtest8  (cost=0.43..8.45 rows=1 width=121)
	  Index Cond: (id = 9643300)

for: distinct_ranges
table 1 : explain SELECT DISTINCT c FROM sbtest1 WHERE id BETWEEN 9153295 AND 9154294 ORDER BY c
	Unique  (cost=4050.11..4055.29 rows=1037 width=121)
	  ->  Sort  (cost=4050.11..4052.70 rows=1037 width=121)
	        Sort Key: c
	        ->  Bitmap Heap Scan on sbtest1  (cost=23.06..3998.16 rows=1037 width=121)
	              Recheck Cond: ((id >= 9153295) AND (id <= 9154294))
	              ->  Bitmap Index Scan on sbtest1_pkey  (cost=0.00..22.80 rows=1037 width=0)
	                    Index Cond: ((id >= 9153295) AND (id <= 9154294))

table 2 : explain SELECT DISTINCT c FROM sbtest2 WHERE id BETWEEN 7553807 AND 7554806 ORDER BY c
	Unique  (cost=3606.78..3611.38 rows=921 width=121)
	  ->  Sort  (cost=3606.78..3609.08 rows=921 width=121)
	        Sort Key: c
	        ->  Bitmap Heap Scan on sbtest2  (cost=21.88..3561.43 rows=921 width=121)
	              Recheck Cond: ((id >= 7553807) AND (id <= 7554806))
	              ->  Bitmap Index Scan on sbtest2_pkey  (cost=0.00..21.64 rows=921 width=0)
	                    Index Cond: ((id >= 7553807) AND (id <= 7554806))

table 3 : explain SELECT DISTINCT c FROM sbtest3 WHERE id BETWEEN 951085 AND 952084 ORDER BY c
	Unique  (cost=4172.67..4178.01 rows=1069 width=121)
	  ->  Sort  (cost=4172.67..4175.34 rows=1069 width=121)
	        Sort Key: c
	        ->  Bitmap Heap Scan on sbtest3  (cost=23.39..4118.89 rows=1069 width=121)
	              Recheck Cond: ((id >= 951085) AND (id <= 952084))
	              ->  Bitmap Index Scan on sbtest3_pkey  (cost=0.00..23.12 rows=1069 width=0)
	                    Index Cond: ((id >= 951085) AND (id <= 952084))

table 4 : explain SELECT DISTINCT c FROM sbtest4 WHERE id BETWEEN 6594063 AND 6595062 ORDER BY c
	Unique  (cost=3974.54..3979.62 rows=1017 width=121)
	  ->  Sort  (cost=3974.54..3977.08 rows=1017 width=121)
	        Sort Key: c
	        ->  Bitmap Heap Scan on sbtest4  (cost=22.86..3923.74 rows=1017 width=121)
	              Recheck Cond: ((id >= 6594063) AND (id <= 6595062))
	              ->  Bitmap Index Scan on sbtest4_pkey  (cost=0.00..22.61 rows=1017 width=0)
	                    Index Cond: ((id >= 6594063) AND (id <= 6595062))

table 5 : explain SELECT DISTINCT c FROM sbtest5 WHERE id BETWEEN 2833667 AND 2834666 ORDER BY c
	Unique  (cost=3955.58..3960.64 rows=1012 width=121)
	  ->  Sort  (cost=3955.58..3958.11 rows=1012 width=121)
	        Sort Key: c
	        ->  Bitmap Heap Scan on sbtest5  (cost=22.81..3905.06 rows=1012 width=121)
	              Recheck Cond: ((id >= 2833667) AND (id <= 2834666))
	              ->  Bitmap Index Scan on sbtest5_pkey  (cost=0.00..22.55 rows=1012 width=0)
	                    Index Cond: ((id >= 2833667) AND (id <= 2834666))

table 6 : explain SELECT DISTINCT c FROM sbtest6 WHERE id BETWEEN 8429288 AND 8430287 ORDER BY c
	Unique  (cost=3707.96..3712.69 rows=947 width=121)
	  ->  Sort  (cost=3707.96..3710.32 rows=947 width=121)
	        Sort Key: c
	        ->  Bitmap Heap Scan on sbtest6  (cost=22.14..3661.14 rows=947 width=121)
	              Recheck Cond: ((id >= 8429288) AND (id <= 8430287))
	              ->  Bitmap Index Scan on sbtest6_pkey  (cost=0.00..21.90 rows=947 width=0)
	                    Index Cond: ((id >= 8429288) AND (id <= 8430287))

table 7 : explain SELECT DISTINCT c FROM sbtest7 WHERE id BETWEEN 4480361 AND 4481360 ORDER BY c
	Unique  (cost=3868.28..3873.23 rows=989 width=121)
	  ->  Sort  (cost=3868.28..3870.75 rows=989 width=121)
	        Sort Key: c
	        ->  Bitmap Heap Scan on sbtest7  (cost=22.57..3819.08 rows=989 width=121)
	              Recheck Cond: ((id >= 4480361) AND (id <= 4481360))
	              ->  Bitmap Index Scan on sbtest7_pkey  (cost=0.00..22.32 rows=989 width=0)
	                    Index Cond: ((id >= 4480361) AND (id <= 4481360))

table 8 : explain SELECT DISTINCT c FROM sbtest8 WHERE id BETWEEN 7929138 AND 7930137 ORDER BY c
	Unique  (cost=3972.65..3977.73 rows=1016 width=121)
	  ->  Sort  (cost=3972.65..3975.19 rows=1016 width=121)
	        Sort Key: c
	        ->  Bitmap Heap Scan on sbtest8  (cost=22.85..3921.90 rows=1016 width=121)
	              Recheck Cond: ((id >= 7929138) AND (id <= 7930137))
	              ->  Bitmap Index Scan on sbtest8_pkey  (cost=0.00..22.59 rows=1016 width=0)
	                    Index Cond: ((id >= 7929138) AND (id <= 7930137))

for: distinct_ranges
table 1 : explain SELECT DISTINCT c FROM sbtest1 WHERE id BETWEEN 5459256 AND 5460255 ORDER BY c
	Unique  (cost=4191.20..4196.57 rows=1074 width=121)
	  ->  Sort  (cost=4191.20..4193.88 rows=1074 width=121)
	        Sort Key: c
	        ->  Bitmap Heap Scan on sbtest1  (cost=23.44..4137.13 rows=1074 width=121)
	              Recheck Cond: ((id >= 5459256) AND (id <= 5460255))
	              ->  Bitmap Index Scan on sbtest1_pkey  (cost=0.00..23.18 rows=1074 width=0)
	                    Index Cond: ((id >= 5459256) AND (id <= 5460255))

table 2 : explain SELECT DISTINCT c FROM sbtest2 WHERE id BETWEEN 1088393 AND 1089392 ORDER BY c
	Unique  (cost=3920.42..3925.44 rows=1003 width=121)
	  ->  Sort  (cost=3920.42..3922.93 rows=1003 width=121)
	        Sort Key: c
	        ->  Bitmap Heap Scan on sbtest2  (cost=22.72..3870.42 rows=1003 width=121)
	              Recheck Cond: ((id >= 1088393) AND (id <= 1089392))
	              ->  Bitmap Index Scan on sbtest2_pkey  (cost=0.00..22.46 rows=1003 width=0)
	                    Index Cond: ((id >= 1088393) AND (id <= 1089392))

table 3 : explain SELECT DISTINCT c FROM sbtest3 WHERE id BETWEEN 8026094 AND 8027093 ORDER BY c
	Unique  (cost=3855.82..3860.75 rows=986 width=121)
	  ->  Sort  (cost=3855.82..3858.29 rows=986 width=121)
	        Sort Key: c
	        ->  Bitmap Heap Scan on sbtest3  (cost=22.54..3806.79 rows=986 width=121)
	              Recheck Cond: ((id >= 8026094) AND (id <= 8027093))
	              ->  Bitmap Index Scan on sbtest3_pkey  (cost=0.00..22.29 rows=986 width=0)
	                    Index Cond: ((id >= 8026094) AND (id <= 8027093))

table 4 : explain SELECT DISTINCT c FROM sbtest4 WHERE id BETWEEN 7155084 AND 7156083 ORDER BY c
	Unique  (cost=3722.21..3726.96 rows=951 width=121)
	  ->  Sort  (cost=3722.21..3724.59 rows=951 width=121)
	        Sort Key: c
	        ->  Bitmap Heap Scan on sbtest4  (cost=22.18..3675.17 rows=951 width=121)
	              Recheck Cond: ((id >= 7155084) AND (id <= 7156083))
	              ->  Bitmap Index Scan on sbtest4_pkey  (cost=0.00..21.94 rows=951 width=0)
	                    Index Cond: ((id >= 7155084) AND (id <= 7156083))

table 5 : explain SELECT DISTINCT c FROM sbtest5 WHERE id BETWEEN 9133137 AND 9134136 ORDER BY c
	Unique  (cost=3630.44..3635.07 rows=927 width=121)
	  ->  Sort  (cost=3630.44..3632.75 rows=927 width=121)
	        Sort Key: c
	        ->  Bitmap Heap Scan on sbtest5  (cost=21.94..3584.75 rows=927 width=121)
	              Recheck Cond: ((id >= 9133137) AND (id <= 9134136))
	              ->  Bitmap Index Scan on sbtest5_pkey  (cost=0.00..21.70 rows=927 width=0)
	                    Index Cond: ((id >= 9133137) AND (id <= 9134136))

table 6 : explain SELECT DISTINCT c FROM sbtest6 WHERE id BETWEEN 2549937 AND 2550936 ORDER BY c
	Unique  (cost=3990.99..3996.10 rows=1021 width=121)
	  ->  Sort  (cost=3990.99..3993.55 rows=1021 width=121)
	        Sort Key: c
	        ->  Bitmap Heap Scan on sbtest6  (cost=22.90..3939.97 rows=1021 width=121)
	              Recheck Cond: ((id >= 2549937) AND (id <= 2550936))
	              ->  Bitmap Index Scan on sbtest6_pkey  (cost=0.00..22.64 rows=1021 width=0)
	                    Index Cond: ((id >= 2549937) AND (id <= 2550936))

table 7 : explain SELECT DISTINCT c FROM sbtest7 WHERE id BETWEEN 9577004 AND 9578003 ORDER BY c
	Unique  (cost=3791.79..3796.63 rows=969 width=121)
	  ->  Sort  (cost=3791.79..3794.21 rows=969 width=121)
	        Sort Key: c
	        ->  Bitmap Heap Scan on sbtest7  (cost=22.37..3743.72 rows=969 width=121)
	              Recheck Cond: ((id >= 9577004) AND (id <= 9578003))
	              ->  Bitmap Index Scan on sbtest7_pkey  (cost=0.00..22.12 rows=969 width=0)
	                    Index Cond: ((id >= 9577004) AND (id <= 9578003))

table 8 : explain SELECT DISTINCT c FROM sbtest8 WHERE id BETWEEN 3766363 AND 3767362 ORDER BY c
	Unique  (cost=4350.71..4356.29 rows=1115 width=121)
	  ->  Sort  (cost=4350.71..4353.50 rows=1115 width=121)
	        Sort Key: c
	        ->  Bitmap Heap Scan on sbtest8  (cost=27.86..4294.28 rows=1115 width=121)
	              Recheck Cond: ((id >= 3766363) AND (id <= 3767362))
	              ->  Bitmap Index Scan on sbtest8_pkey  (cost=0.00..27.58 rows=1115 width=0)
	                    Index Cond: ((id >= 3766363) AND (id <= 3767362))

for: distinct_ranges
table 1 : explain SELECT DISTINCT c FROM sbtest1 WHERE id BETWEEN 2039370 AND 2040369 ORDER BY c
	Unique  (cost=4031.03..4036.19 rows=1032 width=121)
	  ->  Sort  (cost=4031.03..4033.61 rows=1032 width=121)
	        Sort Key: c
	        ->  Bitmap Heap Scan on sbtest1  (cost=23.01..3979.37 rows=1032 width=121)
	              Recheck Cond: ((id >= 2039370) AND (id <= 2040369))
	              ->  Bitmap Index Scan on sbtest1_pkey  (cost=0.00..22.75 rows=1032 width=0)
	                    Index Cond: ((id >= 2039370) AND (id <= 2040369))

table 2 : explain SELECT DISTINCT c FROM sbtest2 WHERE id BETWEEN 2109023 AND 2110022 ORDER BY c
	Unique  (cost=4042.60..4047.77 rows=1035 width=121)
	  ->  Sort  (cost=4042.60..4045.18 rows=1035 width=121)
	        Sort Key: c
	        ->  Bitmap Heap Scan on sbtest2  (cost=23.04..3990.77 rows=1035 width=121)
	              Recheck Cond: ((id >= 2109023) AND (id <= 2110022))
	              ->  Bitmap Index Scan on sbtest2_pkey  (cost=0.00..22.79 rows=1035 width=0)
	                    Index Cond: ((id >= 2109023) AND (id <= 2110022))

table 3 : explain SELECT DISTINCT c FROM sbtest3 WHERE id BETWEEN 4301275 AND 4302274 ORDER BY c
	Unique  (cost=3614.76..3619.37 rows=923 width=121)
	  ->  Sort  (cost=3614.76..3617.06 rows=923 width=121)
	        Sort Key: c
	        ->  Bitmap Heap Scan on sbtest3  (cost=21.90..3569.30 rows=923 width=121)
	              Recheck Cond: ((id >= 4301275) AND (id <= 4302274))
	              ->  Bitmap Index Scan on sbtest3_pkey  (cost=0.00..21.66 rows=923 width=0)
	                    Index Cond: ((id >= 4301275) AND (id <= 4302274))

table 4 : explain SELECT DISTINCT c FROM sbtest4 WHERE id BETWEEN 9793117 AND 9794116 ORDER BY c
	Unique  (cost=4318.04..4323.57 rows=1107 width=121)
	  ->  Sort  (cost=4318.04..4320.81 rows=1107 width=121)
	        Sort Key: c
	        ->  Bitmap Heap Scan on sbtest4  (cost=27.78..4262.07 rows=1107 width=121)
	              Recheck Cond: ((id >= 9793117) AND (id <= 9794116))
	              ->  Bitmap Index Scan on sbtest4_pkey  (cost=0.00..27.50 rows=1107 width=0)
	                    Index Cond: ((id >= 9793117) AND (id <= 9794116))

table 5 : explain SELECT DISTINCT c FROM sbtest5 WHERE id BETWEEN 1403602 AND 1404601 ORDER BY c
	Unique  (cost=3795.03..3799.88 rows=970 width=121)
	  ->  Sort  (cost=3795.03..3797.46 rows=970 width=121)
	        Sort Key: c
	        ->  Bitmap Heap Scan on sbtest5  (cost=22.38..3746.91 rows=970 width=121)
	              Recheck Cond: ((id >= 1403602) AND (id <= 1404601))
	              ->  Bitmap Index Scan on sbtest5_pkey  (cost=0.00..22.14 rows=970 width=0)
	                    Index Cond: ((id >= 1403602) AND (id <= 1404601))

table 6 : explain SELECT DISTINCT c FROM sbtest6 WHERE id BETWEEN 3396255 AND 3397254 ORDER BY c
	Unique  (cost=3937.50..3942.53 rows=1007 width=121)
	  ->  Sort  (cost=3937.50..3940.02 rows=1007 width=121)
	        Sort Key: c
	        ->  Bitmap Heap Scan on sbtest6  (cost=22.76..3887.27 rows=1007 width=121)
	              Recheck Cond: ((id >= 3396255) AND (id <= 3397254))
	              ->  Bitmap Index Scan on sbtest6_pkey  (cost=0.00..22.50 rows=1007 width=0)
	                    Index Cond: ((id >= 3396255) AND (id <= 3397254))

table 7 : explain SELECT DISTINCT c FROM sbtest7 WHERE id BETWEEN 2996127 AND 2997126 ORDER BY c
	Unique  (cost=4082.21..4087.44 rows=1045 width=121)
	  ->  Sort  (cost=4082.21..4084.83 rows=1045 width=121)
	        Sort Key: c
	        ->  Bitmap Heap Scan on sbtest7  (cost=23.15..4029.81 rows=1045 width=121)
	              Recheck Cond: ((id >= 2996127) AND (id <= 2997126))
	              ->  Bitmap Index Scan on sbtest7_pkey  (cost=0.00..22.89 rows=1045 width=0)
	                    Index Cond: ((id >= 2996127) AND (id <= 2997126))

table 8 : explain SELECT DISTINCT c FROM sbtest8 WHERE id BETWEEN 5860299 AND 5861298 ORDER BY c
	Unique  (cost=4190.49..4195.85 rows=1072 width=121)
	  ->  Sort  (cost=4190.49..4193.17 rows=1072 width=121)
	        Sort Key: c
	        ->  Bitmap Heap Scan on sbtest8  (cost=27.42..4136.54 rows=1072 width=121)
	              Recheck Cond: ((id >= 5860299) AND (id <= 5861298))
	              ->  Bitmap Index Scan on sbtest8_pkey  (cost=0.00..27.15 rows=1072 width=0)
	                    Index Cond: ((id >= 5860299) AND (id <= 5861298))

for: order_ranges
table 1 : explain SELECT c FROM sbtest1 WHERE id BETWEEN 8449239 AND 8450238 ORDER BY c
	Sort  (cost=3595.18..3597.48 rows=918 width=121)
	  Sort Key: c
	  ->  Bitmap Heap Scan on sbtest1  (cost=21.84..3550.01 rows=918 width=121)
	        Recheck Cond: ((id >= 8449239) AND (id <= 8450238))
	        ->  Bitmap Index Scan on sbtest1_pkey  (cost=0.00..21.61 rows=918 width=0)
	              Index Cond: ((id >= 8449239) AND (id <= 8450238))

table 2 : explain SELECT c FROM sbtest2 WHERE id BETWEEN 4658951 AND 4659950 ORDER BY c
	Sort  (cost=3954.80..3957.33 rows=1012 width=121)
	  Sort Key: c
	  ->  Bitmap Heap Scan on sbtest2  (cost=22.81..3904.28 rows=1012 width=121)
	        Recheck Cond: ((id >= 4658951) AND (id <= 4659950))
	        ->  Bitmap Index Scan on sbtest2_pkey  (cost=0.00..22.55 rows=1012 width=0)
	              Index Cond: ((id >= 4658951) AND (id <= 4659950))

table 3 : explain SELECT c FROM sbtest3 WHERE id BETWEEN 5864863 AND 5865862 ORDER BY c
	Sort  (cost=3897.86..3900.36 rows=997 width=121)
	  Sort Key: c
	  ->  Bitmap Heap Scan on sbtest3  (cost=22.65..3848.21 rows=997 width=121)
	        Recheck Cond: ((id >= 5864863) AND (id <= 5865862))
	        ->  Bitmap Index Scan on sbtest3_pkey  (cost=0.00..22.40 rows=997 width=0)
	              Index Cond: ((id >= 5864863) AND (id <= 5865862))

table 4 : explain SELECT c FROM sbtest4 WHERE id BETWEEN 9310181 AND 9311180 ORDER BY c
	Sort  (cost=3943.98..3946.50 rows=1009 width=121)
	  Sort Key: c
	  ->  Bitmap Heap Scan on sbtest4  (cost=22.78..3893.64 rows=1009 width=121)
	        Recheck Cond: ((id >= 9310181) AND (id <= 9311180))
	        ->  Bitmap Index Scan on sbtest4_pkey  (cost=0.00..22.52 rows=1009 width=0)
	              Index Cond: ((id >= 9310181) AND (id <= 9311180))

table 5 : explain SELECT c FROM sbtest5 WHERE id BETWEEN 3936423 AND 3937422 ORDER BY c
	Sort  (cost=4005.22..4007.79 rows=1025 width=121)
	  Sort Key: c
	  ->  Bitmap Heap Scan on sbtest5  (cost=22.94..3953.97 rows=1025 width=121)
	        Recheck Cond: ((id >= 3936423) AND (id <= 3937422))
	        ->  Bitmap Index Scan on sbtest5_pkey  (cost=0.00..22.68 rows=1025 width=0)
	              Index Cond: ((id >= 3936423) AND (id <= 3937422))

table 6 : explain SELECT c FROM sbtest6 WHERE id BETWEEN 605890 AND 606889 ORDER BY c
	Sort  (cost=3845.73..3848.19 rows=983 width=121)
	  Sort Key: c
	  ->  Bitmap Heap Scan on sbtest6  (cost=22.51..3796.87 rows=983 width=121)
	        Recheck Cond: ((id >= 605890) AND (id <= 606889))
	        ->  Bitmap Index Scan on sbtest6_pkey  (cost=0.00..22.26 rows=983 width=0)
	              Index Cond: ((id >= 605890) AND (id <= 606889))

table 7 : explain SELECT c FROM sbtest7 WHERE id BETWEEN 4906389 AND 4907388 ORDER BY c
	Sort  (cost=4284.61..4287.35 rows=1098 width=121)
	  Sort Key: c
	  ->  Bitmap Heap Scan on sbtest7  (cost=27.69..4229.15 rows=1098 width=121)
	        Recheck Cond: ((id >= 4906389) AND (id <= 4907388))
	        ->  Bitmap Index Scan on sbtest7_pkey  (cost=0.00..27.41 rows=1098 width=0)
	              Index Cond: ((id >= 4906389) AND (id <= 4907388))

table 8 : explain SELECT c FROM sbtest8 WHERE id BETWEEN 302131 AND 303130 ORDER BY c
	Sort  (cost=3616.66..3618.97 rows=923 width=121)
	  Sort Key: c
	  ->  Bitmap Heap Scan on sbtest8  (cost=21.90..3571.21 rows=923 width=121)
	        Recheck Cond: ((id >= 302131) AND (id <= 303130))
	        ->  Bitmap Index Scan on sbtest8_pkey  (cost=0.00..21.66 rows=923 width=0)
	              Index Cond: ((id >= 302131) AND (id <= 303130))

for: distinct_ranges
table 1 : explain SELECT DISTINCT c FROM sbtest1 WHERE id BETWEEN 2405996 AND 2406995 ORDER BY c
	Unique  (cost=4103.51..4108.77 rows=1051 width=121)
	  ->  Sort  (cost=4103.51..4106.14 rows=1051 width=121)
	        Sort Key: c
	        ->  Bitmap Heap Scan on sbtest1  (cost=23.21..4050.76 rows=1051 width=121)
	              Recheck Cond: ((id >= 2405996) AND (id <= 2406995))
	              ->  Bitmap Index Scan on sbtest1_pkey  (cost=0.00..22.94 rows=1051 width=0)
	                    Index Cond: ((id >= 2405996) AND (id <= 2406995))

table 2 : explain SELECT DISTINCT c FROM sbtest2 WHERE id BETWEEN 115062 AND 116061 ORDER BY c
	Unique  (cost=3782.83..3787.66 rows=967 width=121)
	  ->  Sort  (cost=3782.83..3785.25 rows=967 width=121)
	        Sort Key: c
	        ->  Bitmap Heap Scan on sbtest2  (cost=22.35..3734.88 rows=967 width=121)
	              Recheck Cond: ((id >= 115062) AND (id <= 116061))
	              ->  Bitmap Index Scan on sbtest2_pkey  (cost=0.00..22.11 rows=967 width=0)
	                    Index Cond: ((id >= 115062) AND (id <= 116061))

table 3 : explain SELECT DISTINCT c FROM sbtest3 WHERE id BETWEEN 5668472 AND 5669471 ORDER BY c
	Unique  (cost=4104.02..4109.28 rows=1051 width=121)
	  ->  Sort  (cost=4104.02..4106.65 rows=1051 width=121)
	        Sort Key: c
	        ->  Bitmap Heap Scan on sbtest3  (cost=23.21..4051.28 rows=1051 width=121)
	              Recheck Cond: ((id >= 5668472) AND (id <= 5669471))
	              ->  Bitmap Index Scan on sbtest3_pkey  (cost=0.00..22.94 rows=1051 width=0)
	                    Index Cond: ((id >= 5668472) AND (id <= 5669471))

table 4 : explain SELECT DISTINCT c FROM sbtest4 WHERE id BETWEEN 4253611 AND 4254610 ORDER BY c
	Unique  (cost=3706.90..3711.63 rows=947 width=121)
	  ->  Sort  (cost=3706.90..3709.27 rows=947 width=121)
	        Sort Key: c
	        ->  Bitmap Heap Scan on sbtest4  (cost=22.14..3660.08 rows=947 width=121)
	              Recheck Cond: ((id >= 4253611) AND (id <= 4254610))
	              ->  Bitmap Index Scan on sbtest4_pkey  (cost=0.00..21.90 rows=947 width=0)
	                    Index Cond: ((id >= 4253611) AND (id <= 4254610))

table 5 : explain SELECT DISTINCT c FROM sbtest5 WHERE id BETWEEN 9225472 AND 9226471 ORDER BY c
	Unique  (cost=4012.86..4017.99 rows=1027 width=121)
	  ->  Sort  (cost=4012.86..4015.43 rows=1027 width=121)
	        Sort Key: c
	        ->  Bitmap Heap Scan on sbtest5  (cost=22.96..3961.49 rows=1027 width=121)
	              Recheck Cond: ((id >= 9225472) AND (id <= 9226471))
	              ->  Bitmap Index Scan on sbtest5_pkey  (cost=0.00..22.70 rows=1027 width=0)
	                    Index Cond: ((id >= 9225472) AND (id <= 9226471))

table 6 : explain SELECT DISTINCT c FROM sbtest6 WHERE id BETWEEN 7300554 AND 7301553 ORDER BY c
	Unique  (cost=4155.16..4160.48 rows=1064 width=121)
	  ->  Sort  (cost=4155.16..4157.82 rows=1064 width=121)
	        Sort Key: c
	        ->  Bitmap Heap Scan on sbtest6  (cost=23.34..4101.66 rows=1064 width=121)
	              Recheck Cond: ((id >= 7300554) AND (id <= 7301553))
	              ->  Bitmap Index Scan on sbtest6_pkey  (cost=0.00..23.07 rows=1064 width=0)
	                    Index Cond: ((id >= 7300554) AND (id <= 7301553))

table 7 : explain SELECT DISTINCT c FROM sbtest7 WHERE id BETWEEN 2132673 AND 2133672 ORDER BY c
	Unique  (cost=3952.37..3957.43 rows=1011 width=121)
	  ->  Sort  (cost=3952.37..3954.90 rows=1011 width=121)
	        Sort Key: c
	        ->  Bitmap Heap Scan on sbtest7  (cost=22.80..3901.92 rows=1011 width=121)
	              Recheck Cond: ((id >= 2132673) AND (id <= 2133672))
	              ->  Bitmap Index Scan on sbtest7_pkey  (cost=0.00..22.54 rows=1011 width=0)
	                    Index Cond: ((id >= 2132673) AND (id <= 2133672))

table 8 : explain SELECT DISTINCT c FROM sbtest8 WHERE id BETWEEN 7722537 AND 7723536 ORDER BY c
	Unique  (cost=3861.76..3866.69 rows=987 width=121)
	  ->  Sort  (cost=3861.76..3864.22 rows=987 width=121)
	        Sort Key: c
	        ->  Bitmap Heap Scan on sbtest8  (cost=22.55..3812.67 rows=987 width=121)
	              Recheck Cond: ((id >= 7722537) AND (id <= 7723536))
	              ->  Bitmap Index Scan on sbtest8_pkey  (cost=0.00..22.30 rows=987 width=0)
	                    Index Cond: ((id >= 7722537) AND (id <= 7723536))

for: distinct_ranges
table 1 : explain SELECT DISTINCT c FROM sbtest1 WHERE id BETWEEN 177574 AND 178573 ORDER BY c
	Unique  (cost=3828.60..3833.50 rows=979 width=121)
	  ->  Sort  (cost=3828.60..3831.05 rows=979 width=121)
	        Sort Key: c
	        ->  Bitmap Heap Scan on sbtest1  (cost=22.47..3779.97 rows=979 width=121)
	              Recheck Cond: ((id >= 177574) AND (id <= 178573))
	              ->  Bitmap Index Scan on sbtest1_pkey  (cost=0.00..22.22 rows=979 width=0)
	                    Index Cond: ((id >= 177574) AND (id <= 178573))

table 2 : explain SELECT DISTINCT c FROM sbtest2 WHERE id BETWEEN 2116617 AND 2117616 ORDER BY c
	Unique  (cost=4042.60..4047.77 rows=1035 width=121)
	  ->  Sort  (cost=4042.60..4045.18 rows=1035 width=121)
	        Sort Key: c
	        ->  Bitmap Heap Scan on sbtest2  (cost=23.04..3990.77 rows=1035 width=121)
	              Recheck Cond: ((id >= 2116617) AND (id <= 2117616))
	              ->  Bitmap Index Scan on sbtest2_pkey  (cost=0.00..22.79 rows=1035 width=0)
	                    Index Cond: ((id >= 2116617) AND (id <= 2117616))

table 3 : explain SELECT DISTINCT c FROM sbtest3 WHERE id BETWEEN 4644226 AND 4645225 ORDER BY c
	Unique  (cost=3706.65..3711.39 rows=947 width=121)
	  ->  Sort  (cost=3706.65..3709.02 rows=947 width=121)
	        Sort Key: c
	        ->  Bitmap Heap Scan on sbtest3  (cost=22.14..3659.84 rows=947 width=121)
	              Recheck Cond: ((id >= 4644226) AND (id <= 4645225))
	              ->  Bitmap Index Scan on sbtest3_pkey  (cost=0.00..21.90 rows=947 width=0)
	                    Index Cond: ((id >= 4644226) AND (id <= 4645225))

table 4 : explain SELECT DISTINCT c FROM sbtest4 WHERE id BETWEEN 3268548 AND 3269547 ORDER BY c
	Unique  (cost=3993.63..3998.74 rows=1022 width=121)
	  ->  Sort  (cost=3993.63..3996.19 rows=1022 width=121)
	        Sort Key: c
	        ->  Bitmap Heap Scan on sbtest4  (cost=22.91..3942.55 rows=1022 width=121)
	              Recheck Cond: ((id >= 3268548) AND (id <= 3269547))
	              ->  Bitmap Index Scan on sbtest4_pkey  (cost=0.00..22.65 rows=1022 width=0)
	                    Index Cond: ((id >= 3268548) AND (id <= 3269547))

table 5 : explain SELECT DISTINCT c FROM sbtest5 WHERE id BETWEEN 3183050 AND 3184049 ORDER BY c
	Unique  (cost=4169.30..4174.64 rows=1068 width=121)
	  ->  Sort  (cost=4169.30..4171.97 rows=1068 width=121)
	        Sort Key: c
	        ->  Bitmap Heap Scan on sbtest5  (cost=23.38..4115.57 rows=1068 width=121)
	              Recheck Cond: ((id >= 3183050) AND (id <= 3184049))
	              ->  Bitmap Index Scan on sbtest5_pkey  (cost=0.00..23.11 rows=1068 width=0)
	                    Index Cond: ((id >= 3183050) AND (id <= 3184049))

table 6 : explain SELECT DISTINCT c FROM sbtest6 WHERE id BETWEEN 7504947 AND 7505946 ORDER BY c
	Unique  (cost=4063.56..4068.76 rows=1040 width=121)
	  ->  Sort  (cost=4063.56..4066.16 rows=1040 width=121)
	        Sort Key: c
	        ->  Bitmap Heap Scan on sbtest6  (cost=23.09..4011.44 rows=1040 width=121)
	              Recheck Cond: ((id >= 7504947) AND (id <= 7505946))
	              ->  Bitmap Index Scan on sbtest6_pkey  (cost=0.00..22.83 rows=1040 width=0)
	                    Index Cond: ((id >= 7504947) AND (id <= 7505946))

table 7 : explain SELECT DISTINCT c FROM sbtest7 WHERE id BETWEEN 4220490 AND 4221489 ORDER BY c
	Unique  (cost=3795.61..3800.46 rows=970 width=121)
	  ->  Sort  (cost=3795.61..3798.04 rows=970 width=121)
	        Sort Key: c
	        ->  Bitmap Heap Scan on sbtest7  (cost=22.38..3747.49 rows=970 width=121)
	              Recheck Cond: ((id >= 4220490) AND (id <= 4221489))
	              ->  Bitmap Index Scan on sbtest7_pkey  (cost=0.00..22.14 rows=970 width=0)
	                    Index Cond: ((id >= 4220490) AND (id <= 4221489))

table 8 : explain SELECT DISTINCT c FROM sbtest8 WHERE id BETWEEN 1844484 AND 1845483 ORDER BY c
	Unique  (cost=4071.98..4077.19 rows=1042 width=121)
	  ->  Sort  (cost=4071.98..4074.58 rows=1042 width=121)
	        Sort Key: c
	        ->  Bitmap Heap Scan on sbtest8  (cost=23.12..4019.75 rows=1042 width=121)
	              Recheck Cond: ((id >= 1844484) AND (id <= 1845483))
	              ->  Bitmap Index Scan on sbtest8_pkey  (cost=0.00..22.86 rows=1042 width=0)
	                    Index Cond: ((id >= 1844484) AND (id <= 1845483))

for: distinct_ranges
table 1 : explain SELECT DISTINCT c FROM sbtest1 WHERE id BETWEEN 339585 AND 340584 ORDER BY c
	Unique  (cost=3947.04..3952.09 rows=1010 width=121)
	  ->  Sort  (cost=3947.04..3949.57 rows=1010 width=121)
	        Sort Key: c
	        ->  Bitmap Heap Scan on sbtest1  (cost=22.79..3896.64 rows=1010 width=121)
	              Recheck Cond: ((id >= 339585) AND (id <= 340584))
	              ->  Bitmap Index Scan on sbtest1_pkey  (cost=0.00..22.54 rows=1010 width=0)
	                    Index Cond: ((id >= 339585) AND (id <= 340584))

table 2 : explain SELECT DISTINCT c FROM sbtest2 WHERE id BETWEEN 3330323 AND 3331322 ORDER BY c
	Unique  (cost=3790.48..3795.32 rows=969 width=121)
	  ->  Sort  (cost=3790.48..3792.90 rows=969 width=121)
	        Sort Key: c
	        ->  Bitmap Heap Scan on sbtest2  (cost=22.37..3742.41 rows=969 width=121)
	              Recheck Cond: ((id >= 3330323) AND (id <= 3331322))
	              ->  Bitmap Index Scan on sbtest2_pkey  (cost=0.00..22.12 rows=969 width=0)
	                    Index Cond: ((id >= 3330323) AND (id <= 3331322))

table 3 : explain SELECT DISTINCT c FROM sbtest3 WHERE id BETWEEN 2333348 AND 2334347 ORDER BY c
	Unique  (cost=4088.77..4094.00 rows=1047 width=121)
	  ->  Sort  (cost=4088.77..4091.38 rows=1047 width=121)
	        Sort Key: c
	        ->  Bitmap Heap Scan on sbtest3  (cost=23.17..4036.25 rows=1047 width=121)
	              Recheck Cond: ((id >= 2333348) AND (id <= 2334347))
	              ->  Bitmap Index Scan on sbtest3_pkey  (cost=0.00..22.90 rows=1047 width=0)
	                    Index Cond: ((id >= 2333348) AND (id <= 2334347))

table 4 : explain SELECT DISTINCT c FROM sbtest4 WHERE id BETWEEN 1330873 AND 1331872 ORDER BY c
	Unique  (cost=3695.42..3700.14 rows=944 width=121)
	  ->  Sort  (cost=3695.42..3697.78 rows=944 width=121)
	        Sort Key: c
	        ->  Bitmap Heap Scan on sbtest4  (cost=22.11..3648.77 rows=944 width=121)
	              Recheck Cond: ((id >= 1330873) AND (id <= 1331872))
	              ->  Bitmap Index Scan on sbtest4_pkey  (cost=0.00..21.87 rows=944 width=0)
	                    Index Cond: ((id >= 1330873) AND (id <= 1331872))

table 5 : explain SELECT DISTINCT c FROM sbtest5 WHERE id BETWEEN 3357552 AND 3358551 ORDER BY c
	Unique  (cost=3825.63..3830.52 rows=978 width=121)
	  ->  Sort  (cost=3825.63..3828.07 rows=978 width=121)
	        Sort Key: c
	        ->  Bitmap Heap Scan on sbtest5  (cost=22.46..3777.05 rows=978 width=121)
	              Recheck Cond: ((id >= 3357552) AND (id <= 3358551))
	              ->  Bitmap Index Scan on sbtest5_pkey  (cost=0.00..22.21 rows=978 width=0)
	                    Index Cond: ((id >= 3357552) AND (id <= 3358551))

table 6 : explain SELECT DISTINCT c FROM sbtest6 WHERE id BETWEEN 2985616 AND 2986615 ORDER BY c
	Unique  (cost=3727.10..3731.86 rows=952 width=121)
	  ->  Sort  (cost=3727.10..3729.48 rows=952 width=121)
	        Sort Key: c
	        ->  Bitmap Heap Scan on sbtest6  (cost=22.19..3680.00 rows=952 width=121)
	              Recheck Cond: ((id >= 2985616) AND (id <= 2986615))
	              ->  Bitmap Index Scan on sbtest6_pkey  (cost=0.00..21.95 rows=952 width=0)
	                    Index Cond: ((id >= 2985616) AND (id <= 2986615))

table 7 : explain SELECT DISTINCT c FROM sbtest7 WHERE id BETWEEN 5281828 AND 5282827 ORDER BY c
	Unique  (cost=3630.98..3635.61 rows=927 width=121)
	  ->  Sort  (cost=3630.98..3633.30 rows=927 width=121)
	        Sort Key: c
	        ->  Bitmap Heap Scan on sbtest7  (cost=21.94..3585.29 rows=927 width=121)
	              Recheck Cond: ((id >= 5281828) AND (id <= 5282827))
	              ->  Bitmap Index Scan on sbtest7_pkey  (cost=0.00..21.70 rows=927 width=0)
	                    Index Cond: ((id >= 5281828) AND (id <= 5282827))

table 8 : explain SELECT DISTINCT c FROM sbtest8 WHERE id BETWEEN 6812103 AND 6813102 ORDER BY c
	Unique  (cost=3953.53..3958.59 rows=1011 width=121)
	  ->  Sort  (cost=3953.53..3956.06 rows=1011 width=121)
	        Sort Key: c
	        ->  Bitmap Heap Scan on sbtest8  (cost=22.80..3903.08 rows=1011 width=121)
	              Recheck Cond: ((id >= 6812103) AND (id <= 6813102))
	              ->  Bitmap Index Scan on sbtest8_pkey  (cost=0.00..22.54 rows=1011 width=0)
	                    Index Cond: ((id >= 6812103) AND (id <= 6813102))

for: distinct_ranges
table 1 : explain SELECT DISTINCT c FROM sbtest1 WHERE id BETWEEN 7198286 AND 7199285 ORDER BY c
	Unique  (cost=4389.49..4395.12 rows=1126 width=121)
	  ->  Sort  (cost=4389.49..4392.30 rows=1126 width=121)
	        Sort Key: c
	        ->  Bitmap Heap Scan on sbtest1  (cost=27.98..4332.42 rows=1126 width=121)
	              Recheck Cond: ((id >= 7198286) AND (id <= 7199285))
	              ->  Bitmap Index Scan on sbtest1_pkey  (cost=0.00..27.69 rows=1126 width=0)
	                    Index Cond: ((id >= 7198286) AND (id <= 7199285))

table 2 : explain SELECT DISTINCT c FROM sbtest2 WHERE id BETWEEN 2873443 AND 2874442 ORDER BY c
	Unique  (cost=3713.97..3718.72 rows=949 width=121)
	  ->  Sort  (cost=3713.97..3716.34 rows=949 width=121)
	        Sort Key: c
	        ->  Bitmap Heap Scan on sbtest2  (cost=22.16..3667.04 rows=949 width=121)
	              Recheck Cond: ((id >= 2873443) AND (id <= 2874442))
	              ->  Bitmap Index Scan on sbtest2_pkey  (cost=0.00..21.93 rows=949 width=0)
	                    Index Cond: ((id >= 2873443) AND (id <= 2874442))

table 3 : explain SELECT DISTINCT c FROM sbtest3 WHERE id BETWEEN 4883282 AND 4884281 ORDER BY c
	Unique  (cost=4526.99..4532.80 rows=1162 width=121)
	  ->  Sort  (cost=4526.99..4529.89 rows=1162 width=121)
	        Sort Key: c
	        ->  Bitmap Heap Scan on sbtest3  (cost=28.35..4467.83 rows=1162 width=121)
	              Recheck Cond: ((id >= 4883282) AND (id <= 4884281))
	              ->  Bitmap Index Scan on sbtest3_pkey  (cost=0.00..28.05 rows=1162 width=0)
	                    Index Cond: ((id >= 4883282) AND (id <= 4884281))

table 4 : explain SELECT DISTINCT c FROM sbtest4 WHERE id BETWEEN 7837083 AND 7838082 ORDER BY c
	Unique  (cost=3840.79..3845.70 rows=982 width=121)
	  ->  Sort  (cost=3840.79..3843.25 rows=982 width=121)
	        Sort Key: c
	        ->  Bitmap Heap Scan on sbtest4  (cost=22.50..3791.99 rows=982 width=121)
	              Recheck Cond: ((id >= 7837083) AND (id <= 7838082))
	              ->  Bitmap Index Scan on sbtest4_pkey  (cost=0.00..22.25 rows=982 width=0)
	                    Index Cond: ((id >= 7837083) AND (id <= 7838082))

table 5 : explain SELECT DISTINCT c FROM sbtest5 WHERE id BETWEEN 634840 AND 635839 ORDER BY c
	Unique  (cost=4028.13..4033.29 rows=1031 width=121)
	  ->  Sort  (cost=4028.13..4030.71 rows=1031 width=121)
	        Sort Key: c
	        ->  Bitmap Heap Scan on sbtest5  (cost=23.00..3976.53 rows=1031 width=121)
	              Recheck Cond: ((id >= 634840) AND (id <= 635839))
	              ->  Bitmap Index Scan on sbtest5_pkey  (cost=0.00..22.75 rows=1031 width=0)
	                    Index Cond: ((id >= 634840) AND (id <= 635839))

table 6 : explain SELECT DISTINCT c FROM sbtest6 WHERE id BETWEEN 6499464 AND 6500463 ORDER BY c
	Unique  (cost=4071.19..4076.40 rows=1042 width=121)
	  ->  Sort  (cost=4071.19..4073.80 rows=1042 width=121)
	        Sort Key: c
	        ->  Bitmap Heap Scan on sbtest6  (cost=23.12..4018.96 rows=1042 width=121)
	              Recheck Cond: ((id >= 6499464) AND (id <= 6500463))
	              ->  Bitmap Index Scan on sbtest6_pkey  (cost=0.00..22.86 rows=1042 width=0)
	                    Index Cond: ((id >= 6499464) AND (id <= 6500463))

table 7 : explain SELECT DISTINCT c FROM sbtest7 WHERE id BETWEEN 5290888 AND 5291887 ORDER BY c
	Unique  (cost=3630.98..3635.61 rows=927 width=121)
	  ->  Sort  (cost=3630.98..3633.30 rows=927 width=121)
	        Sort Key: c
	        ->  Bitmap Heap Scan on sbtest7  (cost=21.94..3585.29 rows=927 width=121)
	              Recheck Cond: ((id >= 5290888) AND (id <= 5291887))
	              ->  Bitmap Index Scan on sbtest7_pkey  (cost=0.00..21.70 rows=927 width=0)
	                    Index Cond: ((id >= 5290888) AND (id <= 5291887))

table 8 : explain SELECT DISTINCT c FROM sbtest8 WHERE id BETWEEN 7593361 AND 7594360 ORDER BY c
	Unique  (cost=3712.46..3717.20 rows=948 width=121)
	  ->  Sort  (cost=3712.46..3714.83 rows=948 width=121)
	        Sort Key: c
	        ->  Bitmap Heap Scan on sbtest8  (cost=22.15..3665.59 rows=948 width=121)
	              Recheck Cond: ((id >= 7593361) AND (id <= 7594360))
	              ->  Bitmap Index Scan on sbtest8_pkey  (cost=0.00..21.91 rows=948 width=0)
	                    Index Cond: ((id >= 7593361) AND (id <= 7594360))

for: simple_ranges
table 1 : explain SELECT c FROM sbtest1 WHERE id BETWEEN 379865 AND 380864
	Bitmap Heap Scan on sbtest1  (cost=22.79..3896.64 rows=1010 width=121)
	  Recheck Cond: ((id >= 379865) AND (id <= 380864))
	  ->  Bitmap Index Scan on sbtest1_pkey  (cost=0.00..22.54 rows=1010 width=0)
	        Index Cond: ((id >= 379865) AND (id <= 380864))

table 2 : explain SELECT c FROM sbtest2 WHERE id BETWEEN 6593194 AND 6594193
	Bitmap Heap Scan on sbtest2  (cost=22.36..3738.65 rows=968 width=121)
	  Recheck Cond: ((id >= 6593194) AND (id <= 6594193))
	  ->  Bitmap Index Scan on sbtest2_pkey  (cost=0.00..22.11 rows=968 width=0)
	        Index Cond: ((id >= 6593194) AND (id <= 6594193))

table 3 : explain SELECT c FROM sbtest3 WHERE id BETWEEN 6515420 AND 6516419
	Bitmap Heap Scan on sbtest3  (cost=27.82..4276.75 rows=1111 width=121)
	  Recheck Cond: ((id >= 6515420) AND (id <= 6516419))
	  ->  Bitmap Index Scan on sbtest3_pkey  (cost=0.00..27.54 rows=1111 width=0)
	        Index Cond: ((id >= 6515420) AND (id <= 6516419))

table 4 : explain SELECT c FROM sbtest4 WHERE id BETWEEN 4420826 AND 4421825
	Bitmap Heap Scan on sbtest4  (cost=27.95..4322.06 rows=1123 width=121)
	  Recheck Cond: ((id >= 4420826) AND (id <= 4421825))
	  ->  Bitmap Index Scan on sbtest4_pkey  (cost=0.00..27.66 rows=1123 width=0)
	        Index Cond: ((id >= 4420826) AND (id <= 4421825))

table 5 : explain SELECT c FROM sbtest5 WHERE id BETWEEN 3680664 AND 3681663
	Bitmap Heap Scan on sbtest5  (cost=23.14..4025.40 rows=1044 width=121)
	  Recheck Cond: ((id >= 3680664) AND (id <= 3681663))
	  ->  Bitmap Index Scan on sbtest5_pkey  (cost=0.00..22.87 rows=1044 width=0)
	        Index Cond: ((id >= 3680664) AND (id <= 3681663))

table 6 : explain SELECT c FROM sbtest6 WHERE id BETWEEN 8067330 AND 8068329
	Bitmap Heap Scan on sbtest6  (cost=22.14..3661.14 rows=947 width=121)
	  Recheck Cond: ((id >= 8067330) AND (id <= 8068329))
	  ->  Bitmap Index Scan on sbtest6_pkey  (cost=0.00..21.90 rows=947 width=0)
	        Index Cond: ((id >= 8067330) AND (id <= 8068329))

table 7 : explain SELECT c FROM sbtest7 WHERE id BETWEEN 3848443 AND 3849442
	Bitmap Heap Scan on sbtest7  (cost=22.60..3830.38 rows=992 width=121)
	  Recheck Cond: ((id >= 3848443) AND (id <= 3849442))
	  ->  Bitmap Index Scan on sbtest7_pkey  (cost=0.00..22.36 rows=992 width=0)
	        Index Cond: ((id >= 3848443) AND (id <= 3849442))

table 8 : explain SELECT c FROM sbtest8 WHERE id BETWEEN 5257106 AND 5258105
	Bitmap Heap Scan on sbtest8  (cost=22.36..3741.04 rows=968 width=121)
	  Recheck Cond: ((id >= 5257106) AND (id <= 5258105))
	  ->  Bitmap Index Scan on sbtest8_pkey  (cost=0.00..22.11 rows=968 width=0)
	        Index Cond: ((id >= 5257106) AND (id <= 5258105))

for point_selects
table 1 : explain SELECT c FROM sbtest1 WHERE id=8659720
	Index Scan using sbtest1_pkey on sbtest1  (cost=0.43..8.45 rows=1 width=121)
	  Index Cond: (id = 8659720)

table 2 : explain SELECT c FROM sbtest2 WHERE id=8275284
	Index Scan using sbtest2_pkey on sbtest2  (cost=0.43..8.45 rows=1 width=121)
	  Index Cond: (id = 8275284)

table 3 : explain SELECT c FROM sbtest3 WHERE id=9919391
	Index Scan using sbtest3_pkey on sbtest3  (cost=0.43..8.45 rows=1 width=121)
	  Index Cond: (id = 9919391)

table 4 : explain SELECT c FROM sbtest4 WHERE id=7864585
	Index Scan using sbtest4_pkey on sbtest4  (cost=0.43..8.45 rows=1 width=121)
	  Index Cond: (id = 7864585)

table 5 : explain SELECT c FROM sbtest5 WHERE id=9036826
	Index Scan using sbtest5_pkey on sbtest5  (cost=0.43..8.45 rows=1 width=121)
	  Index Cond: (id = 9036826)

table 6 : explain SELECT c FROM sbtest6 WHERE id=4735369
	Index Scan using sbtest6_pkey on sbtest6  (cost=0.43..8.45 rows=1 width=121)
	  Index Cond: (id = 4735369)

table 7 : explain SELECT c FROM sbtest7 WHERE id=3553691
	Index Scan using sbtest7_pkey on sbtest7  (cost=0.43..8.45 rows=1 width=121)
	  Index Cond: (id = 3553691)

table 8 : explain SELECT c FROM sbtest8 WHERE id=4901047
	Index Scan using sbtest8_pkey on sbtest8  (cost=0.43..8.45 rows=1 width=121)
	  Index Cond: (id = 4901047)

for: sum_ranges
table 1 : explain SELECT SUM(k) FROM sbtest1 WHERE id BETWEEN 9428289 AND 9429288
	Aggregate  (cost=3778.65..3778.66 rows=1 width=8)
	  ->  Bitmap Heap Scan on sbtest1  (cost=22.46..3776.20 rows=978 width=4)
	        Recheck Cond: ((id >= 9428289) AND (id <= 9429288))
	        ->  Bitmap Index Scan on sbtest1_pkey  (cost=0.00..22.21 rows=978 width=0)
	              Index Cond: ((id >= 9428289) AND (id <= 9429288))

table 2 : explain SELECT SUM(k) FROM sbtest2 WHERE id BETWEEN 7557161 AND 7558160
	Aggregate  (cost=3563.73..3563.74 rows=1 width=8)
	  ->  Bitmap Heap Scan on sbtest2  (cost=21.88..3561.43 rows=921 width=4)
	        Recheck Cond: ((id >= 7557161) AND (id <= 7558160))
	        ->  Bitmap Index Scan on sbtest2_pkey  (cost=0.00..21.64 rows=921 width=0)
	              Index Cond: ((id >= 7557161) AND (id <= 7558160))

table 3 : explain SELECT SUM(k) FROM sbtest3 WHERE id BETWEEN 1276726 AND 1277725
	Aggregate  (cost=3824.33..3824.34 rows=1 width=8)
	  ->  Bitmap Heap Scan on sbtest3  (cost=22.58..3821.85 rows=990 width=4)
	        Recheck Cond: ((id >= 1276726) AND (id <= 1277725))
	        ->  Bitmap Index Scan on sbtest3_pkey  (cost=0.00..22.33 rows=990 width=0)
	              Index Cond: ((id >= 1276726) AND (id <= 1277725))

table 4 : explain SELECT SUM(k) FROM sbtest4 WHERE id BETWEEN 424472 AND 425471
	Aggregate  (cost=3636.03..3636.04 rows=1 width=8)
	  ->  Bitmap Heap Scan on sbtest4  (cost=22.07..3633.68 rows=940 width=4)
	        Recheck Cond: ((id >= 424472) AND (id <= 425471))
	        ->  Bitmap Index Scan on sbtest4_pkey  (cost=0.00..21.83 rows=940 width=0)
	              Index Cond: ((id >= 424472) AND (id <= 425471))

table 5 : explain SELECT SUM(k) FROM sbtest5 WHERE id BETWEEN 9091528 AND 9092527
	Aggregate  (cost=3587.07..3587.08 rows=1 width=8)
	  ->  Bitmap Heap Scan on sbtest5  (cost=21.94..3584.75 rows=927 width=4)
	        Recheck Cond: ((id >= 9091528) AND (id <= 9092527))
	        ->  Bitmap Index Scan on sbtest5_pkey  (cost=0.00..21.70 rows=927 width=0)
	              Index Cond: ((id >= 9091528) AND (id <= 9092527))

table 6 : explain SELECT SUM(k) FROM sbtest6 WHERE id BETWEEN 3704635 AND 3705634
	Aggregate  (cost=4070.48..4070.49 rows=1 width=8)
	  ->  Bitmap Heap Scan on sbtest6  (cost=23.25..4067.84 rows=1055 width=4)
	        Recheck Cond: ((id >= 3704635) AND (id <= 3705634))
	        ->  Bitmap Index Scan on sbtest6_pkey  (cost=0.00..22.98 rows=1055 width=0)
	              Index Cond: ((id >= 3704635) AND (id <= 3705634))

table 7 : explain SELECT SUM(k) FROM sbtest7 WHERE id BETWEEN 1129823 AND 1130822
	Aggregate  (cost=3844.17..3844.18 rows=1 width=8)
	  ->  Bitmap Heap Scan on sbtest7  (cost=22.63..3841.68 rows=995 width=4)
	        Recheck Cond: ((id >= 1129823) AND (id <= 1130822))
	        ->  Bitmap Index Scan on sbtest7_pkey  (cost=0.00..22.39 rows=995 width=0)
	              Index Cond: ((id >= 1129823) AND (id <= 1130822))

table 8 : explain SELECT SUM(k) FROM sbtest8 WHERE id BETWEEN 827120 AND 828119
	Aggregate  (cost=3984.70..3984.71 rows=1 width=8)
	  ->  Bitmap Heap Scan on sbtest8  (cost=23.01..3982.12 rows=1032 width=4)
	        Recheck Cond: ((id >= 827120) AND (id <= 828119))
	        ->  Bitmap Index Scan on sbtest8_pkey  (cost=0.00..22.75 rows=1032 width=0)
	              Index Cond: ((id >= 827120) AND (id <= 828119))

for: sum_ranges
table 1 : explain SELECT SUM(k) FROM sbtest1 WHERE id BETWEEN 680360 AND 681359
	Aggregate  (cost=3865.29..3865.30 rows=1 width=8)
	  ->  Bitmap Heap Scan on sbtest1  (cost=22.70..3862.78 rows=1001 width=4)
	        Recheck Cond: ((id >= 680360) AND (id <= 681359))
	        ->  Bitmap Index Scan on sbtest1_pkey  (cost=0.00..22.44 rows=1001 width=0)
	              Index Cond: ((id >= 680360) AND (id <= 681359))

table 2 : explain SELECT SUM(k) FROM sbtest2 WHERE id BETWEEN 2465932 AND 2466931
	Aggregate  (cost=3997.11..3997.12 rows=1 width=8)
	  ->  Bitmap Heap Scan on sbtest2  (cost=23.05..3994.52 rows=1036 width=4)
	        Recheck Cond: ((id >= 2465932) AND (id <= 2466931))
	        ->  Bitmap Index Scan on sbtest2_pkey  (cost=0.00..22.79 rows=1036 width=0)
	              Index Cond: ((id >= 2465932) AND (id <= 2466931))

table 3 : explain SELECT SUM(k) FROM sbtest3 WHERE id BETWEEN 4255594 AND 4256593
	Aggregate  (cost=3571.61..3571.62 rows=1 width=8)
	  ->  Bitmap Heap Scan on sbtest3  (cost=21.90..3569.30 rows=923 width=4)
	        Recheck Cond: ((id >= 4255594) AND (id <= 4256593))
	        ->  Bitmap Index Scan on sbtest3_pkey  (cost=0.00..21.66 rows=923 width=0)
	              Index Cond: ((id >= 4255594) AND (id <= 4256593))

table 4 : explain SELECT SUM(k) FROM sbtest4 WHERE id BETWEEN 6967676 AND 6968675
	Aggregate  (cost=3884.86..3884.87 rows=1 width=8)
	  ->  Bitmap Heap Scan on sbtest4  (cost=22.75..3882.35 rows=1006 width=4)
	        Recheck Cond: ((id >= 6967676) AND (id <= 6968675))
	        ->  Bitmap Index Scan on sbtest4_pkey  (cost=0.00..22.50 rows=1006 width=0)
	              Index Cond: ((id >= 6967676) AND (id <= 6968675))

table 5 : explain SELECT SUM(k) FROM sbtest5 WHERE id BETWEEN 2933945 AND 2934944
	Aggregate  (cost=4035.53..4035.54 rows=1 width=8)
	  ->  Bitmap Heap Scan on sbtest5  (cost=23.16..4032.92 rows=1046 width=4)
	        Recheck Cond: ((id >= 2933945) AND (id <= 2934944))
	        ->  Bitmap Index Scan on sbtest5_pkey  (cost=0.00..22.89 rows=1046 width=0)
	              Index Cond: ((id >= 2933945) AND (id <= 2934944))

table 6 : explain SELECT SUM(k) FROM sbtest6 WHERE id BETWEEN 1784844 AND 1785843
	Aggregate  (cost=4254.90..4254.91 rows=1 width=8)
	  ->  Bitmap Heap Scan on sbtest6  (cost=27.75..4252.14 rows=1104 width=4)
	        Recheck Cond: ((id >= 1784844) AND (id <= 1785843))
	        ->  Bitmap Index Scan on sbtest6_pkey  (cost=0.00..27.47 rows=1104 width=0)
	              Index Cond: ((id >= 1784844) AND (id <= 1785843))

table 7 : explain SELECT SUM(k) FROM sbtest7 WHERE id BETWEEN 2363387 AND 2364386
	Aggregate  (cost=3591.39..3591.40 rows=1 width=8)
	  ->  Bitmap Heap Scan on sbtest7  (cost=21.95..3589.07 rows=928 width=4)
	        Recheck Cond: ((id >= 2363387) AND (id <= 2364386))
	        ->  Bitmap Index Scan on sbtest7_pkey  (cost=0.00..21.71 rows=928 width=0)
	              Index Cond: ((id >= 2363387) AND (id <= 2364386))

table 8 : explain SELECT SUM(k) FROM sbtest8 WHERE id BETWEEN 1721497 AND 1722496
	Aggregate  (cost=3683.07..3683.08 rows=1 width=8)
	  ->  Bitmap Heap Scan on sbtest8  (cost=22.19..3680.69 rows=952 width=4)
	        Recheck Cond: ((id >= 1721497) AND (id <= 1722496))
	        ->  Bitmap Index Scan on sbtest8_pkey  (cost=0.00..21.95 rows=952 width=0)
	              Index Cond: ((id >= 1721497) AND (id <= 1722496))

for point_selects
table 1 : explain SELECT c FROM sbtest1 WHERE id=8234326
	Index Scan using sbtest1_pkey on sbtest1  (cost=0.43..8.45 rows=1 width=121)
	  Index Cond: (id = 8234326)

table 2 : explain SELECT c FROM sbtest2 WHERE id=1604235
	Index Scan using sbtest2_pkey on sbtest2  (cost=0.43..8.45 rows=1 width=121)
	  Index Cond: (id = 1604235)

table 3 : explain SELECT c FROM sbtest3 WHERE id=1467632
	Index Scan using sbtest3_pkey on sbtest3  (cost=0.43..8.45 rows=1 width=121)
	  Index Cond: (id = 1467632)

table 4 : explain SELECT c FROM sbtest4 WHERE id=6379515
	Index Scan using sbtest4_pkey on sbtest4  (cost=0.43..8.45 rows=1 width=121)
	  Index Cond: (id = 6379515)

table 5 : explain SELECT c FROM sbtest5 WHERE id=3071088
	Index Scan using sbtest5_pkey on sbtest5  (cost=0.43..8.45 rows=1 width=121)
	  Index Cond: (id = 3071088)

table 6 : explain SELECT c FROM sbtest6 WHERE id=1704915
	Index Scan using sbtest6_pkey on sbtest6  (cost=0.43..8.45 rows=1 width=121)
	  Index Cond: (id = 1704915)

table 7 : explain SELECT c FROM sbtest7 WHERE id=4853255
	Index Scan using sbtest7_pkey on sbtest7  (cost=0.43..8.45 rows=1 width=121)
	  Index Cond: (id = 4853255)

table 8 : explain SELECT c FROM sbtest8 WHERE id=6483702
	Index Scan using sbtest8_pkey on sbtest8  (cost=0.43..8.45 rows=1 width=121)
	  Index Cond: (id = 6483702)

for: distinct_ranges
table 1 : explain SELECT DISTINCT c FROM sbtest1 WHERE id BETWEEN 438764 AND 439763 ORDER BY c
	Unique  (cost=3931.77..3936.80 rows=1006 width=121)
	  ->  Sort  (cost=3931.77..3934.28 rows=1006 width=121)
	        Sort Key: c
	        ->  Bitmap Heap Scan on sbtest1  (cost=22.75..3881.60 rows=1006 width=121)
	              Recheck Cond: ((id >= 438764) AND (id <= 439763))
	              ->  Bitmap Index Scan on sbtest1_pkey  (cost=0.00..22.50 rows=1006 width=0)
	                    Index Cond: ((id >= 438764) AND (id <= 439763))

table 2 : explain SELECT DISTINCT c FROM sbtest2 WHERE id BETWEEN 7492596 AND 7493595 ORDER BY c
	Unique  (cost=3606.78..3611.38 rows=921 width=121)
	  ->  Sort  (cost=3606.78..3609.08 rows=921 width=121)
	        Sort Key: c
	        ->  Bitmap Heap Scan on sbtest2  (cost=21.88..3561.43 rows=921 width=121)
	              Recheck Cond: ((id >= 7492596) AND (id <= 7493595))
	              ->  Bitmap Index Scan on sbtest2_pkey  (cost=0.00..21.64 rows=921 width=0)
	                    Index Cond: ((id >= 7492596) AND (id <= 7493595))

table 3 : explain SELECT DISTINCT c FROM sbtest3 WHERE id BETWEEN 5202551 AND 5203550 ORDER BY c
	Unique  (cost=3702.82..3707.55 rows=946 width=121)
	  ->  Sort  (cost=3702.82..3705.19 rows=946 width=121)
	        Sort Key: c
	        ->  Bitmap Heap Scan on sbtest3  (cost=22.13..3656.06 rows=946 width=121)
	              Recheck Cond: ((id >= 5202551) AND (id <= 5203550))
	              ->  Bitmap Index Scan on sbtest3_pkey  (cost=0.00..21.89 rows=946 width=0)
	                    Index Cond: ((id >= 5202551) AND (id <= 5203550))

table 4 : explain SELECT DISTINCT c FROM sbtest4 WHERE id BETWEEN 9198221 AND 9199220 ORDER BY c
	Unique  (cost=3615.00..3619.61 rows=923 width=121)
	  ->  Sort  (cost=3615.00..3617.30 rows=923 width=121)
	        Sort Key: c
	        ->  Bitmap Heap Scan on sbtest4  (cost=21.90..3569.54 rows=923 width=121)
	              Recheck Cond: ((id >= 9198221) AND (id <= 9199220))
	              ->  Bitmap Index Scan on sbtest4_pkey  (cost=0.00..21.66 rows=923 width=0)
	                    Index Cond: ((id >= 9198221) AND (id <= 9199220))

table 5 : explain SELECT DISTINCT c FROM sbtest5 WHERE id BETWEEN 6331837 AND 6332836 ORDER BY c
	Unique  (cost=3618.94..3623.56 rows=924 width=121)
	  ->  Sort  (cost=3618.94..3621.25 rows=924 width=121)
	        Sort Key: c
	        ->  Bitmap Heap Scan on sbtest5  (cost=21.91..3573.43 rows=924 width=121)
	              Recheck Cond: ((id >= 6331837) AND (id <= 6332836))
	              ->  Bitmap Index Scan on sbtest5_pkey  (cost=0.00..21.68 rows=924 width=0)
	                    Index Cond: ((id >= 6331837) AND (id <= 6332836))

table 6 : explain SELECT DISTINCT c FROM sbtest6 WHERE id BETWEEN 3973698 AND 3974697 ORDER BY c
	Unique  (cost=4101.73..4106.98 rows=1050 width=121)
	  ->  Sort  (cost=4101.73..4104.36 rows=1050 width=121)
	        Sort Key: c
	        ->  Bitmap Heap Scan on sbtest6  (cost=23.20..4049.04 rows=1050 width=121)
	              Recheck Cond: ((id >= 3973698) AND (id <= 3974697))
	              ->  Bitmap Index Scan on sbtest6_pkey  (cost=0.00..22.93 rows=1050 width=0)
	                    Index Cond: ((id >= 3973698) AND (id <= 3974697))

table 7 : explain SELECT DISTINCT c FROM sbtest7 WHERE id BETWEEN 8767832 AND 8768831 ORDER BY c
	Unique  (cost=4028.77..4033.92 rows=1031 width=121)
	  ->  Sort  (cost=4028.77..4031.34 rows=1031 width=121)
	        Sort Key: c
	        ->  Bitmap Heap Scan on sbtest7  (cost=23.00..3977.17 rows=1031 width=121)
	              Recheck Cond: ((id >= 8767832) AND (id <= 8768831))
	              ->  Bitmap Index Scan on sbtest7_pkey  (cost=0.00..22.75 rows=1031 width=0)
	                    Index Cond: ((id >= 8767832) AND (id <= 8768831))

table 8 : explain SELECT DISTINCT c FROM sbtest8 WHERE id BETWEEN 6731517 AND 6732516 ORDER BY c
	Unique  (cost=4003.22..4008.34 rows=1024 width=121)
	  ->  Sort  (cost=4003.22..4005.78 rows=1024 width=121)
	        Sort Key: c
	        ->  Bitmap Heap Scan on sbtest8  (cost=22.93..3952.02 rows=1024 width=121)
	              Recheck Cond: ((id >= 6731517) AND (id <= 6732516))
	              ->  Bitmap Index Scan on sbtest8_pkey  (cost=0.00..22.68 rows=1024 width=0)
	                    Index Cond: ((id >= 6731517) AND (id <= 6732516))

for: simple_ranges
table 1 : explain SELECT c FROM sbtest1 WHERE id BETWEEN 4092504 AND 4093503
	Bitmap Heap Scan on sbtest1  (cost=22.95..3956.81 rows=1026 width=121)
	  Recheck Cond: ((id >= 4092504) AND (id <= 4093503))
	  ->  Bitmap Index Scan on sbtest1_pkey  (cost=0.00..22.69 rows=1026 width=0)
	        Index Cond: ((id >= 4092504) AND (id <= 4093503))

table 2 : explain SELECT c FROM sbtest2 WHERE id BETWEEN 6328476 AND 6329475
	Bitmap Heap Scan on sbtest2  (cost=22.13..3655.73 rows=946 width=121)
	  Recheck Cond: ((id >= 6328476) AND (id <= 6329475))
	  ->  Bitmap Index Scan on sbtest2_pkey  (cost=0.00..21.89 rows=946 width=0)
	        Index Cond: ((id >= 6328476) AND (id <= 6329475))

table 3 : explain SELECT c FROM sbtest3 WHERE id BETWEEN 5649750 AND 5650749
	Bitmap Heap Scan on sbtest3  (cost=23.21..4051.28 rows=1051 width=121)
	  Recheck Cond: ((id >= 5649750) AND (id <= 5650749))
	  ->  Bitmap Index Scan on sbtest3_pkey  (cost=0.00..22.94 rows=1051 width=0)
	        Index Cond: ((id >= 5649750) AND (id <= 5650749))

table 4 : explain SELECT c FROM sbtest4 WHERE id BETWEEN 4790660 AND 4791659
	Bitmap Heap Scan on sbtest4  (cost=23.02..3983.91 rows=1033 width=121)
	  Recheck Cond: ((id >= 4790660) AND (id <= 4791659))
	  ->  Bitmap Index Scan on sbtest4_pkey  (cost=0.00..22.76 rows=1033 width=0)
	        Index Cond: ((id >= 4790660) AND (id <= 4791659))

table 5 : explain SELECT c FROM sbtest5 WHERE id BETWEEN 5310238 AND 5311237
	Bitmap Heap Scan on sbtest5  (cost=22.92..3946.44 rows=1023 width=121)
	  Recheck Cond: ((id >= 5310238) AND (id <= 5311237))
	  ->  Bitmap Index Scan on sbtest5_pkey  (cost=0.00..22.66 rows=1023 width=0)
	        Index Cond: ((id >= 5310238) AND (id <= 5311237))

table 6 : explain SELECT c FROM sbtest6 WHERE id BETWEEN 7474712 AND 7475711
	Bitmap Heap Scan on sbtest6  (cost=23.09..4011.44 rows=1040 width=121)
	  Recheck Cond: ((id >= 7474712) AND (id <= 7475711))
	  ->  Bitmap Index Scan on sbtest6_pkey  (cost=0.00..22.83 rows=1040 width=0)
	        Index Cond: ((id >= 7474712) AND (id <= 7475711))

table 7 : explain SELECT c FROM sbtest7 WHERE id BETWEEN 1039107 AND 1040106
	Bitmap Heap Scan on sbtest7  (cost=23.28..4078.67 rows=1058 width=121)
	  Recheck Cond: ((id >= 1039107) AND (id <= 1040106))
	  ->  Bitmap Index Scan on sbtest7_pkey  (cost=0.00..23.01 rows=1058 width=0)
	        Index Cond: ((id >= 1039107) AND (id <= 1040106))

table 8 : explain SELECT c FROM sbtest8 WHERE id BETWEEN 9305707 AND 9306706
	Bitmap Heap Scan on sbtest8  (cost=22.09..3642.95 rows=942 width=121)
	  Recheck Cond: ((id >= 9305707) AND (id <= 9306706))
	  ->  Bitmap Index Scan on sbtest8_pkey  (cost=0.00..21.86 rows=942 width=0)
	        Index Cond: ((id >= 9305707) AND (id <= 9306706))

for: sum_ranges
table 1 : explain SELECT SUM(k) FROM sbtest1 WHERE id BETWEEN 5903529 AND 5904528
	Aggregate  (cost=4166.10..4166.11 rows=1 width=8)
	  ->  Bitmap Heap Scan on sbtest1  (cost=23.52..4163.40 rows=1081 width=4)
	        Recheck Cond: ((id >= 5903529) AND (id <= 5904528))
	        ->  Bitmap Index Scan on sbtest1_pkey  (cost=0.00..23.25 rows=1081 width=0)
	              Index Cond: ((id >= 5903529) AND (id <= 5904528))

table 2 : explain SELECT SUM(k) FROM sbtest2 WHERE id BETWEEN 7761377 AND 7762376
	Aggregate  (cost=3982.07..3982.08 rows=1 width=8)
	  ->  Bitmap Heap Scan on sbtest2  (cost=23.01..3979.49 rows=1032 width=4)
	        Recheck Cond: ((id >= 7761377) AND (id <= 7762376))
	        ->  Bitmap Index Scan on sbtest2_pkey  (cost=0.00..22.75 rows=1032 width=0)
	              Index Cond: ((id >= 7761377) AND (id <= 7762376))

table 3 : explain SELECT SUM(k) FROM sbtest3 WHERE id BETWEEN 5339751 AND 5340750
	Aggregate  (cost=3809.26..3809.27 rows=1 width=8)
	  ->  Bitmap Heap Scan on sbtest3  (cost=22.54..3806.79 rows=986 width=4)
	        Recheck Cond: ((id >= 5339751) AND (id <= 5340750))
	        ->  Bitmap Index Scan on sbtest3_pkey  (cost=0.00..22.29 rows=986 width=0)
	              Index Cond: ((id >= 5339751) AND (id <= 5340750))

table 4 : explain SELECT SUM(k) FROM sbtest4 WHERE id BETWEEN 1488554 AND 1489553
	Aggregate  (cost=3670.00..3670.01 rows=1 width=8)
	  ->  Bitmap Heap Scan on sbtest4  (cost=22.16..3667.63 rows=949 width=4)
	        Recheck Cond: ((id >= 1488554) AND (id <= 1489553))
	        ->  Bitmap Index Scan on sbtest4_pkey  (cost=0.00..21.93 rows=949 width=0)
	              Index Cond: ((id >= 1488554) AND (id <= 1489553))

table 5 : explain SELECT SUM(k) FROM sbtest5 WHERE id BETWEEN 5565405 AND 5566404
	Aggregate  (cost=4313.77..4313.78 rows=1 width=8)
	  ->  Bitmap Heap Scan on sbtest5  (cost=27.92..4310.97 rows=1120 width=4)
	        Recheck Cond: ((id >= 5565405) AND (id <= 5566404))
	        ->  Bitmap Index Scan on sbtest5_pkey  (cost=0.00..27.64 rows=1120 width=0)
	              Index Cond: ((id >= 5565405) AND (id <= 5566404))

table 6 : explain SELECT SUM(k) FROM sbtest6 WHERE id BETWEEN 8775184 AND 8776183
	Aggregate  (cost=3983.93..3983.94 rows=1 width=8)
	  ->  Bitmap Heap Scan on sbtest6  (cost=23.01..3981.35 rows=1032 width=4)
	        Recheck Cond: ((id >= 8775184) AND (id <= 8776183))
	        ->  Bitmap Index Scan on sbtest6_pkey  (cost=0.00..22.75 rows=1032 width=0)
	              Index Cond: ((id >= 8775184) AND (id <= 8776183))

table 7 : explain SELECT SUM(k) FROM sbtest7 WHERE id BETWEEN 8273078 AND 8274077
	Aggregate  (cost=4291.97..4291.98 rows=1 width=8)
	  ->  Bitmap Heap Scan on sbtest7  (cost=27.85..4289.19 rows=1114 width=4)
	        Recheck Cond: ((id >= 8273078) AND (id <= 8274077))
	        ->  Bitmap Index Scan on sbtest7_pkey  (cost=0.00..27.57 rows=1114 width=0)
	              Index Cond: ((id >= 8273078) AND (id <= 8274077))

table 8 : explain SELECT SUM(k) FROM sbtest8 WHERE id BETWEEN 2746495 AND 2747494
	Aggregate  (cost=3407.08..3407.09 rows=1 width=8)
	  ->  Bitmap Heap Scan on sbtest8  (cost=21.44..3404.88 rows=879 width=4)
	        Recheck Cond: ((id >= 2746495) AND (id <= 2747494))
	        ->  Bitmap Index Scan on sbtest8_pkey  (cost=0.00..21.22 rows=879 width=0)
	              Index Cond: ((id >= 2746495) AND (id <= 2747494))

for point_selects
table 1 : explain SELECT c FROM sbtest1 WHERE id=1090822
	Index Scan using sbtest1_pkey on sbtest1  (cost=0.43..8.45 rows=1 width=121)
	  Index Cond: (id = 1090822)

table 2 : explain SELECT c FROM sbtest2 WHERE id=1554422
	Index Scan using sbtest2_pkey on sbtest2  (cost=0.43..8.45 rows=1 width=121)
	  Index Cond: (id = 1554422)

table 3 : explain SELECT c FROM sbtest3 WHERE id=35177
	Index Scan using sbtest3_pkey on sbtest3  (cost=0.43..8.45 rows=1 width=121)
	  Index Cond: (id = 35177)

table 4 : explain SELECT c FROM sbtest4 WHERE id=4289115
	Index Scan using sbtest4_pkey on sbtest4  (cost=0.43..8.45 rows=1 width=121)
	  Index Cond: (id = 4289115)

table 5 : explain SELECT c FROM sbtest5 WHERE id=2148163
	Index Scan using sbtest5_pkey on sbtest5  (cost=0.43..8.45 rows=1 width=121)
	  Index Cond: (id = 2148163)

table 6 : explain SELECT c FROM sbtest6 WHERE id=911155
	Index Scan using sbtest6_pkey on sbtest6  (cost=0.43..8.45 rows=1 width=121)
	  Index Cond: (id = 911155)

table 7 : explain SELECT c FROM sbtest7 WHERE id=8132137
	Index Scan using sbtest7_pkey on sbtest7  (cost=0.43..8.45 rows=1 width=121)
	  Index Cond: (id = 8132137)

table 8 : explain SELECT c FROM sbtest8 WHERE id=7341436
	Index Scan using sbtest8_pkey on sbtest8  (cost=0.43..8.45 rows=1 width=121)
	  Index Cond: (id = 7341436)

for: order_ranges
table 1 : explain SELECT c FROM sbtest1 WHERE id BETWEEN 2248729 AND 2249728 ORDER BY c
	Sort  (cost=3870.64..3873.12 rows=990 width=121)
	  Sort Key: c
	  ->  Bitmap Heap Scan on sbtest1  (cost=22.58..3821.38 rows=990 width=121)
	        Recheck Cond: ((id >= 2248729) AND (id <= 2249728))
	        ->  Bitmap Index Scan on sbtest1_pkey  (cost=0.00..22.33 rows=990 width=0)
	              Index Cond: ((id >= 2248729) AND (id <= 2249728))

table 2 : explain SELECT c FROM sbtest2 WHERE id BETWEEN 7078324 AND 7079323 ORDER BY c
	Sort  (cost=3901.32..3903.82 rows=998 width=121)
	  Sort Key: c
	  ->  Bitmap Heap Scan on sbtest2  (cost=22.66..3851.61 rows=998 width=121)
	        Recheck Cond: ((id >= 7078324) AND (id <= 7079323))
	        ->  Bitmap Index Scan on sbtest2_pkey  (cost=0.00..22.41 rows=998 width=0)
	              Index Cond: ((id >= 7078324) AND (id <= 7079323))

table 3 : explain SELECT c FROM sbtest3 WHERE id BETWEEN 9429121 AND 9430120 ORDER BY c
	Sort  (cost=3775.52..3777.94 rows=965 width=121)
	  Sort Key: c
	  ->  Bitmap Heap Scan on sbtest3  (cost=22.33..3727.69 rows=965 width=121)
	        Recheck Cond: ((id >= 9429121) AND (id <= 9430120))
	        ->  Bitmap Index Scan on sbtest3_pkey  (cost=0.00..22.08 rows=965 width=0)
	              Index Cond: ((id >= 9429121) AND (id <= 9430120))

table 4 : explain SELECT c FROM sbtest4 WHERE id BETWEEN 3386863 AND 3387862 ORDER BY c
	Sort  (cost=3553.69..3555.95 rows=907 width=121)
	  Sort Key: c
	  ->  Bitmap Heap Scan on sbtest4  (cost=21.73..3509.13 rows=907 width=121)
	        Recheck Cond: ((id >= 3386863) AND (id <= 3387862))
	        ->  Bitmap Index Scan on sbtest4_pkey  (cost=0.00..21.50 rows=907 width=0)
	              Index Cond: ((id >= 3386863) AND (id <= 3387862))

table 5 : explain SELECT c FROM sbtest5 WHERE id BETWEEN 3492325 AND 3493324 ORDER BY c
	Sort  (cost=3905.91..3908.40 rows=999 width=121)
	  Sort Key: c
	  ->  Bitmap Heap Scan on sbtest5  (cost=22.67..3856.13 rows=999 width=121)
	        Recheck Cond: ((id >= 3492325) AND (id <= 3493324))
	        ->  Bitmap Index Scan on sbtest5_pkey  (cost=0.00..22.43 rows=999 width=0)
	              Index Cond: ((id >= 3492325) AND (id <= 3493324))

table 6 : explain SELECT c FROM sbtest6 WHERE id BETWEEN 1185930 AND 1186929 ORDER BY c
	Sort  (cost=3688.81..3691.16 rows=942 width=121)
	  Sort Key: c
	  ->  Bitmap Heap Scan on sbtest6  (cost=22.09..3642.27 rows=942 width=121)
	        Recheck Cond: ((id >= 1185930) AND (id <= 1186929))
	        ->  Bitmap Index Scan on sbtest6_pkey  (cost=0.00..21.86 rows=942 width=0)
	              Index Cond: ((id >= 1185930) AND (id <= 1186929))

table 7 : explain SELECT c FROM sbtest7 WHERE id BETWEEN 4067881 AND 4068880 ORDER BY c
	Sort  (cost=3810.91..3813.35 rows=974 width=121)
	  Sort Key: c
	  ->  Bitmap Heap Scan on sbtest7  (cost=22.42..3762.57 rows=974 width=121)
	        Recheck Cond: ((id >= 4067881) AND (id <= 4068880))
	        ->  Bitmap Index Scan on sbtest7_pkey  (cost=0.00..22.18 rows=974 width=0)
	              Index Cond: ((id >= 4067881) AND (id <= 4068880))

table 8 : explain SELECT c FROM sbtest8 WHERE id BETWEEN 851171 AND 852170 ORDER BY c
	Sort  (cost=4033.78..4036.36 rows=1032 width=121)
	  Sort Key: c
	  ->  Bitmap Heap Scan on sbtest8  (cost=23.01..3982.12 rows=1032 width=121)
	        Recheck Cond: ((id >= 851171) AND (id <= 852170))
	        ->  Bitmap Index Scan on sbtest8_pkey  (cost=0.00..22.75 rows=1032 width=0)
	              Index Cond: ((id >= 851171) AND (id <= 852170))

for: simple_ranges
table 1 : explain SELECT c FROM sbtest1 WHERE id BETWEEN 8520093 AND 8521092
	Bitmap Heap Scan on sbtest1  (cost=21.84..3550.01 rows=918 width=121)
	  Recheck Cond: ((id >= 8520093) AND (id <= 8521092))
	  ->  Bitmap Index Scan on sbtest1_pkey  (cost=0.00..21.61 rows=918 width=0)
	        Index Cond: ((id >= 8520093) AND (id <= 8521092))

table 2 : explain SELECT c FROM sbtest2 WHERE id BETWEEN 8945107 AND 8946106
	Bitmap Heap Scan on sbtest2  (cost=22.17..3670.81 rows=950 width=121)
	  Recheck Cond: ((id >= 8945107) AND (id <= 8946106))
	  ->  Bitmap Index Scan on sbtest2_pkey  (cost=0.00..21.93 rows=950 width=0)
	        Index Cond: ((id >= 8945107) AND (id <= 8946106))

table 3 : explain SELECT c FROM sbtest3 WHERE id BETWEEN 6006742 AND 6007741
	Bitmap Heap Scan on sbtest3  (cost=22.80..3900.89 rows=1011 width=121)
	  Recheck Cond: ((id >= 6006742) AND (id <= 6007741))
	  ->  Bitmap Index Scan on sbtest3_pkey  (cost=0.00..22.54 rows=1011 width=0)
	        Index Cond: ((id >= 6006742) AND (id <= 6007741))

table 4 : explain SELECT c FROM sbtest4 WHERE id BETWEEN 9289607 AND 9290606
	Bitmap Heap Scan on sbtest4  (cost=22.78..3893.64 rows=1009 width=121)
	  Recheck Cond: ((id >= 9289607) AND (id <= 9290606))
	  ->  Bitmap Index Scan on sbtest4_pkey  (cost=0.00..22.52 rows=1009 width=0)
	        Index Cond: ((id >= 9289607) AND (id <= 9290606))

table 5 : explain SELECT c FROM sbtest5 WHERE id BETWEEN 5863470 AND 5864469
	Bitmap Heap Scan on sbtest5  (cost=27.65..4213.45 rows=1094 width=121)
	  Recheck Cond: ((id >= 5863470) AND (id <= 5864469))
	  ->  Bitmap Index Scan on sbtest5_pkey  (cost=0.00..27.37 rows=1094 width=0)
	        Index Cond: ((id >= 5863470) AND (id <= 5864469))

table 6 : explain SELECT c FROM sbtest6 WHERE id BETWEEN 6586401 AND 6587400
	Bitmap Heap Scan on sbtest6  (cost=27.56..4184.55 rows=1085 width=121)
	  Recheck Cond: ((id >= 6586401) AND (id <= 6587400))
	  ->  Bitmap Index Scan on sbtest6_pkey  (cost=0.00..27.29 rows=1085 width=0)
	        Index Cond: ((id >= 6586401) AND (id <= 6587400))

table 7 : explain SELECT c FROM sbtest7 WHERE id BETWEEN 8188626 AND 8189625
	Bitmap Heap Scan on sbtest7  (cost=22.51..3796.48 rows=983 width=121)
	  Recheck Cond: ((id >= 8188626) AND (id <= 8189625))
	  ->  Bitmap Index Scan on sbtest7_pkey  (cost=0.00..22.26 rows=983 width=0)
	        Index Cond: ((id >= 8188626) AND (id <= 8189625))

table 8 : explain SELECT c FROM sbtest8 WHERE id BETWEEN 850944 AND 851943
	Bitmap Heap Scan on sbtest8  (cost=23.01..3982.12 rows=1032 width=121)
	  Recheck Cond: ((id >= 850944) AND (id <= 851943))
	  ->  Bitmap Index Scan on sbtest8_pkey  (cost=0.00..22.75 rows=1032 width=0)
	        Index Cond: ((id >= 850944) AND (id <= 851943))

for: order_ranges
table 1 : explain SELECT c FROM sbtest1 WHERE id BETWEEN 9245951 AND 9246950 ORDER BY c
	Sort  (cost=4332.40..4335.18 rows=1111 width=121)
	  Sort Key: c
	  ->  Bitmap Heap Scan on sbtest1  (cost=27.82..4276.20 rows=1111 width=121)
	        Recheck Cond: ((id >= 9245951) AND (id <= 9246950))
	        ->  Bitmap Index Scan on sbtest1_pkey  (cost=0.00..27.54 rows=1111 width=0)
	              Index Cond: ((id >= 9245951) AND (id <= 9246950))

table 2 : explain SELECT c FROM sbtest2 WHERE id BETWEEN 25786 AND 26785 ORDER BY c
	Sort  (cost=3725.45..3727.83 rows=952 width=121)
	  Sort Key: c
	  ->  Bitmap Heap Scan on sbtest2  (cost=22.19..3678.35 rows=952 width=121)
	        Recheck Cond: ((id >= 25786) AND (id <= 26785))
	        ->  Bitmap Index Scan on sbtest2_pkey  (cost=0.00..21.95 rows=952 width=0)
	              Index Cond: ((id >= 25786) AND (id <= 26785))

table 3 : explain SELECT c FROM sbtest3 WHERE id BETWEEN 5774547 AND 5775546 ORDER BY c
	Sort  (cost=4466.15..4469.01 rows=1146 width=121)
	  Sort Key: c
	  ->  Bitmap Heap Scan on sbtest3  (cost=28.18..4407.92 rows=1146 width=121)
	        Recheck Cond: ((id >= 5774547) AND (id <= 5775546))
	        ->  Bitmap Index Scan on sbtest3_pkey  (cost=0.00..27.89 rows=1146 width=0)
	              Index Cond: ((id >= 5774547) AND (id <= 5775546))

table 4 : explain SELECT c FROM sbtest4 WHERE id BETWEEN 7687688 AND 7688687 ORDER BY c
	Sort  (cost=3955.44..3957.97 rows=1012 width=121)
	  Sort Key: c
	  ->  Bitmap Heap Scan on sbtest4  (cost=22.81..3904.93 rows=1012 width=121)
	        Recheck Cond: ((id >= 7687688) AND (id <= 7688687))
	        ->  Bitmap Index Scan on sbtest4_pkey  (cost=0.00..22.55 rows=1012 width=0)
	              Index Cond: ((id >= 7687688) AND (id <= 7688687))

table 5 : explain SELECT c FROM sbtest5 WHERE id BETWEEN 7081549 AND 7082548 ORDER BY c
	Sort  (cost=3917.37..3919.88 rows=1002 width=121)
	  Sort Key: c
	  ->  Bitmap Heap Scan on sbtest5  (cost=22.71..3867.43 rows=1002 width=121)
	        Recheck Cond: ((id >= 7081549) AND (id <= 7082548))
	        ->  Bitmap Index Scan on sbtest5_pkey  (cost=0.00..22.45 rows=1002 width=0)
	              Index Cond: ((id >= 7081549) AND (id <= 7082548))

table 6 : explain SELECT c FROM sbtest6 WHERE id BETWEEN 7742462 AND 7743461 ORDER BY c
	Sort  (cost=4033.01..4035.59 rows=1032 width=121)
	  Sort Key: c
	  ->  Bitmap Heap Scan on sbtest6  (cost=23.01..3981.35 rows=1032 width=121)
	        Recheck Cond: ((id >= 7742462) AND (id <= 7743461))
	        ->  Bitmap Index Scan on sbtest6_pkey  (cost=0.00..22.75 rows=1032 width=0)
	              Index Cond: ((id >= 7742462) AND (id <= 7743461))

table 7 : explain SELECT c FROM sbtest7 WHERE id BETWEEN 7358949 AND 7359948 ORDER BY c
	Sort  (cost=3650.13..3652.46 rows=932 width=121)
	  Sort Key: c
	  ->  Bitmap Heap Scan on sbtest7  (cost=21.99..3604.17 rows=932 width=121)
	        Recheck Cond: ((id >= 7358949) AND (id <= 7359948))
	        ->  Bitmap Index Scan on sbtest7_pkey  (cost=0.00..21.75 rows=932 width=0)
	              Index Cond: ((id >= 7358949) AND (id <= 7359948))

table 8 : explain SELECT c FROM sbtest8 WHERE id BETWEEN 9684140 AND 9685139 ORDER BY c
	Sort  (cost=4125.43..4128.07 rows=1056 width=121)
	  Sort Key: c
	  ->  Bitmap Heap Scan on sbtest8  (cost=23.26..4072.40 rows=1056 width=121)
	        Recheck Cond: ((id >= 9684140) AND (id <= 9685139))
	        ->  Bitmap Index Scan on sbtest8_pkey  (cost=0.00..23.00 rows=1056 width=0)
	              Index Cond: ((id >= 9684140) AND (id <= 9685139))

for point_selects
table 1 : explain SELECT c FROM sbtest1 WHERE id=5912168
	Index Scan using sbtest1_pkey on sbtest1  (cost=0.43..8.45 rows=1 width=121)
	  Index Cond: (id = 5912168)

table 2 : explain SELECT c FROM sbtest2 WHERE id=9089312
	Index Scan using sbtest2_pkey on sbtest2  (cost=0.43..8.45 rows=1 width=121)
	  Index Cond: (id = 9089312)

table 3 : explain SELECT c FROM sbtest3 WHERE id=1167456
	Index Scan using sbtest3_pkey on sbtest3  (cost=0.43..8.45 rows=1 width=121)
	  Index Cond: (id = 1167456)

table 4 : explain SELECT c FROM sbtest4 WHERE id=9595568
	Index Scan using sbtest4_pkey on sbtest4  (cost=0.43..8.45 rows=1 width=121)
	  Index Cond: (id = 9595568)

table 5 : explain SELECT c FROM sbtest5 WHERE id=1636635
	Index Scan using sbtest5_pkey on sbtest5  (cost=0.43..8.45 rows=1 width=121)
	  Index Cond: (id = 1636635)

table 6 : explain SELECT c FROM sbtest6 WHERE id=3856570
	Index Scan using sbtest6_pkey on sbtest6  (cost=0.43..8.45 rows=1 width=121)
	  Index Cond: (id = 3856570)

table 7 : explain SELECT c FROM sbtest7 WHERE id=1065523
	Index Scan using sbtest7_pkey on sbtest7  (cost=0.43..8.45 rows=1 width=121)
	  Index Cond: (id = 1065523)

table 8 : explain SELECT c FROM sbtest8 WHERE id=9636695
	Index Scan using sbtest8_pkey on sbtest8  (cost=0.43..8.45 rows=1 width=121)
	  Index Cond: (id = 9636695)

explain: for point_selects :: explain SELECT c FROM sbtest%u WHERE id=%u
for: simple_ranges
table 1 : explain SELECT c FROM sbtest1 WHERE id BETWEEN 1145954 AND 1146953
	Bitmap Heap Scan on sbtest1  (cost=22.40..3753.61 rows=972 width=121)
	  Recheck Cond: ((id >= 1145954) AND (id <= 1146953))
	  ->  Bitmap Index Scan on sbtest1_pkey  (cost=0.00..22.15 rows=972 width=0)
	        Index Cond: ((id >= 1145954) AND (id <= 1146953))

table 2 : explain SELECT c FROM sbtest2 WHERE id BETWEEN 9953224 AND 9954223
	Bitmap Heap Scan on sbtest2  (cost=22.80..3900.52 rows=1011 width=121)
	  Recheck Cond: ((id >= 9953224) AND (id <= 9954223))
	  ->  Bitmap Index Scan on sbtest2_pkey  (cost=0.00..22.54 rows=1011 width=0)
	        Index Cond: ((id >= 9953224) AND (id <= 9954223))

table 3 : explain SELECT c FROM sbtest3 WHERE id BETWEEN 7699778 AND 7700777
	Bitmap Heap Scan on sbtest3  (cost=22.24..3697.54 rows=957 width=121)
	  Recheck Cond: ((id >= 7699778) AND (id <= 7700777))
	  ->  Bitmap Index Scan on sbtest3_pkey  (cost=0.00..22.00 rows=957 width=0)
	        Index Cond: ((id >= 7699778) AND (id <= 7700777))

table 4 : explain SELECT c FROM sbtest4 WHERE id BETWEEN 8695191 AND 8696190
	Bitmap Heap Scan on sbtest4  (cost=22.64..3844.71 rows=996 width=121)
	  Recheck Cond: ((id >= 8695191) AND (id <= 8696190))
	  ->  Bitmap Index Scan on sbtest4_pkey  (cost=0.00..22.39 rows=996 width=0)
	        Index Cond: ((id >= 8695191) AND (id <= 8696190))

table 5 : explain SELECT c FROM sbtest5 WHERE id BETWEEN 8986656 AND 8987655
	Bitmap Heap Scan on sbtest5  (cost=22.50..3792.12 rows=982 width=121)
	  Recheck Cond: ((id >= 8986656) AND (id <= 8987655))
	  ->  Bitmap Index Scan on sbtest5_pkey  (cost=0.00..22.25 rows=982 width=0)
	        Index Cond: ((id >= 8986656) AND (id <= 8987655))

table 6 : explain SELECT c FROM sbtest6 WHERE id BETWEEN 461241 AND 462240
	Bitmap Heap Scan on sbtest6  (cost=23.09..4011.44 rows=1040 width=121)
	  Recheck Cond: ((id >= 461241) AND (id <= 462240))
	  ->  Bitmap Index Scan on sbtest6_pkey  (cost=0.00..22.83 rows=1040 width=0)
	        Index Cond: ((id >= 461241) AND (id <= 462240))

table 7 : explain SELECT c FROM sbtest7 WHERE id BETWEEN 5366250 AND 5367249
	Bitmap Heap Scan on sbtest7  (cost=23.56..4180.09 rows=1085 width=121)
	  Recheck Cond: ((id >= 5366250) AND (id <= 5367249))
	  ->  Bitmap Index Scan on sbtest7_pkey  (cost=0.00..23.29 rows=1085 width=0)
	        Index Cond: ((id >= 5366250) AND (id <= 5367249))

table 8 : explain SELECT c FROM sbtest8 WHERE id BETWEEN 5057543 AND 5058542
	Bitmap Heap Scan on sbtest8  (cost=21.78..3529.65 rows=912 width=121)
	  Recheck Cond: ((id >= 5057543) AND (id <= 5058542))
	  ->  Bitmap Index Scan on sbtest8_pkey  (cost=0.00..21.55 rows=912 width=0)
	        Index Cond: ((id >= 5057543) AND (id <= 5058542))

for: sum_ranges
table 1 : explain SELECT SUM(k) FROM sbtest1 WHERE id BETWEEN 2828373 AND 2829372
	Aggregate  (cost=3902.93..3902.94 rows=1 width=8)
	  ->  Bitmap Heap Scan on sbtest1  (cost=22.80..3900.41 rows=1011 width=4)
	        Recheck Cond: ((id >= 2828373) AND (id <= 2829372))
	        ->  Bitmap Index Scan on sbtest1_pkey  (cost=0.00..22.54 rows=1011 width=0)
	              Index Cond: ((id >= 2828373) AND (id <= 2829372))

table 2 : explain SELECT SUM(k) FROM sbtest2 WHERE id BETWEEN 4606645 AND 4607644
	Aggregate  (cost=3597.71..3597.72 rows=1 width=8)
	  ->  Bitmap Heap Scan on sbtest2  (cost=21.97..3595.39 rows=930 width=4)
	        Recheck Cond: ((id >= 4606645) AND (id <= 4607644))
	        ->  Bitmap Index Scan on sbtest2_pkey  (cost=0.00..21.73 rows=930 width=0)
	              Index Cond: ((id >= 4606645) AND (id <= 4607644))

table 3 : explain SELECT SUM(k) FROM sbtest3 WHERE id BETWEEN 2495602 AND 2496601
	Aggregate  (cost=3450.69..3450.70 rows=1 width=8)
	  ->  Bitmap Heap Scan on sbtest3  (cost=21.57..3448.46 rows=891 width=4)
	        Recheck Cond: ((id >= 2495602) AND (id <= 2496601))
	        ->  Bitmap Index Scan on sbtest3_pkey  (cost=0.00..21.34 rows=891 width=0)
	              Index Cond: ((id >= 2495602) AND (id <= 2496601))

table 4 : explain SELECT SUM(k) FROM sbtest4 WHERE id BETWEEN 280461 AND 281460
	Aggregate  (cost=3956.39..3956.40 rows=1 width=8)
	  ->  Bitmap Heap Scan on sbtest4  (cost=22.94..3953.83 rows=1025 width=4)
	        Recheck Cond: ((id >= 280461) AND (id <= 281460))
	        ->  Bitmap Index Scan on sbtest4_pkey  (cost=0.00..22.68 rows=1025 width=0)
	              Index Cond: ((id >= 280461) AND (id <= 281460))

table 5 : explain SELECT SUM(k) FROM sbtest5 WHERE id BETWEEN 9324863 AND 9325862
	Aggregate  (cost=4054.34..4054.35 rows=1 width=8)
	  ->  Bitmap Heap Scan on sbtest5  (cost=23.21..4051.71 rows=1051 width=4)
	        Recheck Cond: ((id >= 9324863) AND (id <= 9325862))
	        ->  Bitmap Index Scan on sbtest5_pkey  (cost=0.00..22.94 rows=1051 width=0)
	              Index Cond: ((id >= 9324863) AND (id <= 9325862))

table 6 : explain SELECT SUM(k) FROM sbtest6 WHERE id BETWEEN 954055 AND 955054
	Aggregate  (cost=3550.19..3550.20 rows=1 width=8)
	  ->  Bitmap Heap Scan on sbtest6  (cost=21.83..3547.89 rows=917 width=4)
	        Recheck Cond: ((id >= 954055) AND (id <= 955054))
	        ->  Bitmap Index Scan on sbtest6_pkey  (cost=0.00..21.61 rows=917 width=0)
	              Index Cond: ((id >= 954055) AND (id <= 955054))

table 7 : explain SELECT SUM(k) FROM sbtest7 WHERE id BETWEEN 8578163 AND 8579162
	Aggregate  (cost=4145.22..4145.23 rows=1 width=8)
	  ->  Bitmap Heap Scan on sbtest7  (cost=23.45..4142.54 rows=1075 width=4)
	        Recheck Cond: ((id >= 8578163) AND (id <= 8579162))
	        ->  Bitmap Index Scan on sbtest7_pkey  (cost=0.00..23.18 rows=1075 width=0)
	              Index Cond: ((id >= 8578163) AND (id <= 8579162))

table 8 : explain SELECT SUM(k) FROM sbtest8 WHERE id BETWEEN 2274685 AND 2275684
	Aggregate  (cost=3845.30..3845.31 rows=1 width=8)
	  ->  Bitmap Heap Scan on sbtest8  (cost=22.63..3842.81 rows=995 width=4)
	        Recheck Cond: ((id >= 2274685) AND (id <= 2275684))
	        ->  Bitmap Index Scan on sbtest8_pkey  (cost=0.00..22.39 rows=995 width=0)
	              Index Cond: ((id >= 2274685) AND (id <= 2275684))

for: distinct_ranges
table 1 : explain SELECT DISTINCT c FROM sbtest1 WHERE id BETWEEN 1419976 AND 1420975 ORDER BY c
	Unique  (cost=4004.31..4009.44 rows=1025 width=121)
	  ->  Sort  (cost=4004.31..4006.87 rows=1025 width=121)
	        Sort Key: c
	        ->  Bitmap Heap Scan on sbtest1  (cost=22.94..3953.05 rows=1025 width=121)
	              Recheck Cond: ((id >= 1419976) AND (id <= 1420975))
	              ->  Bitmap Index Scan on sbtest1_pkey  (cost=0.00..22.68 rows=1025 width=0)
	                    Index Cond: ((id >= 1419976) AND (id <= 1420975))

table 2 : explain SELECT DISTINCT c FROM sbtest2 WHERE id BETWEEN 6552749 AND 6553748 ORDER BY c
	Unique  (cost=3786.65..3791.49 rows=968 width=121)
	  ->  Sort  (cost=3786.65..3789.07 rows=968 width=121)
	        Sort Key: c
	        ->  Bitmap Heap Scan on sbtest2  (cost=22.36..3738.65 rows=968 width=121)
	              Recheck Cond: ((id >= 6552749) AND (id <= 6553748))
	              ->  Bitmap Index Scan on sbtest2_pkey  (cost=0.00..22.11 rows=968 width=0)
	                    Index Cond: ((id >= 6552749) AND (id <= 6553748))

table 3 : explain SELECT DISTINCT c FROM sbtest3 WHERE id BETWEEN 6710191 AND 6711190 ORDER BY c
	Unique  (cost=4233.65..4239.07 rows=1085 width=121)
	  ->  Sort  (cost=4233.65..4236.36 rows=1085 width=121)
	        Sort Key: c
	        ->  Bitmap Heap Scan on sbtest3  (cost=23.56..4178.95 rows=1085 width=121)
	              Recheck Cond: ((id >= 6710191) AND (id <= 6711190))
	              ->  Bitmap Index Scan on sbtest3_pkey  (cost=0.00..23.29 rows=1085 width=0)
	                    Index Cond: ((id >= 6710191) AND (id <= 6711190))

table 4 : explain SELECT DISTINCT c FROM sbtest4 WHERE id BETWEEN 6757518 AND 6758517 ORDER BY c
	Unique  (cost=3710.73..3715.47 rows=948 width=121)
	  ->  Sort  (cost=3710.73..3713.10 rows=948 width=121)
	        Sort Key: c
	        ->  Bitmap Heap Scan on sbtest4  (cost=22.15..3663.85 rows=948 width=121)
	              Recheck Cond: ((id >= 6757518) AND (id <= 6758517))
	              ->  Bitmap Index Scan on sbtest4_pkey  (cost=0.00..21.91 rows=948 width=0)
	                    Index Cond: ((id >= 6757518) AND (id <= 6758517))

table 5 : explain SELECT DISTINCT c FROM sbtest5 WHERE id BETWEEN 7341998 AND 7342997 ORDER BY c
	Unique  (cost=4020.50..4025.64 rows=1029 width=121)
	  ->  Sort  (cost=4020.50..4023.07 rows=1029 width=121)
	        Sort Key: c
	        ->  Bitmap Heap Scan on sbtest5  (cost=22.98..3969.01 rows=1029 width=121)
	              Recheck Cond: ((id >= 7341998) AND (id <= 7342997))
	              ->  Bitmap Index Scan on sbtest5_pkey  (cost=0.00..22.72 rows=1029 width=0)
	                    Index Cond: ((id >= 7341998) AND (id <= 7342997))

table 6 : explain SELECT DISTINCT c FROM sbtest6 WHERE id BETWEEN 3977139 AND 3978138 ORDER BY c
	Unique  (cost=3872.51..3877.46 rows=990 width=121)
	  ->  Sort  (cost=3872.51..3874.98 rows=990 width=121)
	        Sort Key: c
	        ->  Bitmap Heap Scan on sbtest6  (cost=22.58..3823.25 rows=990 width=121)
	              Recheck Cond: ((id >= 3977139) AND (id <= 3978138))
	              ->  Bitmap Index Scan on sbtest6_pkey  (cost=0.00..22.33 rows=990 width=0)
	                    Index Cond: ((id >= 3977139) AND (id <= 3978138))

table 7 : explain SELECT DISTINCT c FROM sbtest7 WHERE id BETWEEN 4055659 AND 4056658 ORDER BY c
	Unique  (cost=3810.91..3815.78 rows=974 width=121)
	  ->  Sort  (cost=3810.91..3813.35 rows=974 width=121)
	        Sort Key: c
	        ->  Bitmap Heap Scan on sbtest7  (cost=22.42..3762.57 rows=974 width=121)
	              Recheck Cond: ((id >= 4055659) AND (id <= 4056658))
	              ->  Bitmap Index Scan on sbtest7_pkey  (cost=0.00..22.18 rows=974 width=0)
	                    Index Cond: ((id >= 4055659) AND (id <= 4056658))

table 8 : explain SELECT DISTINCT c FROM sbtest8 WHERE id BETWEEN 127413 AND 128412 ORDER BY c
	Unique  (cost=4232.45..4237.87 rows=1083 width=121)
	  ->  Sort  (cost=4232.45..4235.16 rows=1083 width=121)
	        Sort Key: c
	        ->  Bitmap Heap Scan on sbtest8  (cost=27.54..4177.86 rows=1083 width=121)
	              Recheck Cond: ((id >= 127413) AND (id <= 128412))
	              ->  Bitmap Index Scan on sbtest8_pkey  (cost=0.00..27.26 rows=1083 width=0)
	                    Index Cond: ((id >= 127413) AND (id <= 128412))
for: order_ranges
table 1 : explain SELECT c FROM sbtest1 WHERE id BETWEEN 414113 AND 415112 ORDER BY c
	Sort  (cost=3931.77..3934.28 rows=1006 width=121)
	  Sort Key: c
	  ->  Bitmap Heap Scan on sbtest1  (cost=22.75..3881.60 rows=1006 width=121)
	        Recheck Cond: ((id >= 414113) AND (id <= 415112))
	        ->  Bitmap Index Scan on sbtest1_pkey  (cost=0.00..22.50 rows=1006 width=0)
	              Index Cond: ((id >= 414113) AND (id <= 415112))

table 2 : explain SELECT c FROM sbtest2 WHERE id BETWEEN 8606487 AND 8607486 ORDER BY c
	Sort  (cost=3947.16..3949.68 rows=1010 width=121)
	  Sort Key: c
	  ->  Bitmap Heap Scan on sbtest2  (cost=22.79..3896.76 rows=1010 width=121)
	        Recheck Cond: ((id >= 8606487) AND (id <= 8607486))
	        ->  Bitmap Index Scan on sbtest2_pkey  (cost=0.00..22.54 rows=1010 width=0)
	              Index Cond: ((id >= 8606487) AND (id <= 8607486))

table 3 : explain SELECT c FROM sbtest3 WHERE id BETWEEN 3112637 AND 3113636 ORDER BY c
	Sort  (cost=3886.40..3888.88 rows=994 width=121)
	  Sort Key: c
	  ->  Bitmap Heap Scan on sbtest3  (cost=22.62..3836.91 rows=994 width=121)
	        Recheck Cond: ((id >= 3112637) AND (id <= 3113636))
	        ->  Bitmap Index Scan on sbtest3_pkey  (cost=0.00..22.37 rows=994 width=0)
	              Index Cond: ((id >= 3112637) AND (id <= 3113636))

table 4 : explain SELECT c FROM sbtest4 WHERE id BETWEEN 4165953 AND 4166952 ORDER BY c
	Sort  (cost=3706.90..3709.27 rows=947 width=121)
	  Sort Key: c
	  ->  Bitmap Heap Scan on sbtest4  (cost=22.14..3660.08 rows=947 width=121)
	        Recheck Cond: ((id >= 4165953) AND (id <= 4166952))
	        ->  Bitmap Index Scan on sbtest4_pkey  (cost=0.00..21.90 rows=947 width=0)
	              Index Cond: ((id >= 4165953) AND (id <= 4166952))

table 5 : explain SELECT c FROM sbtest5 WHERE id BETWEEN 3014633 AND 3015632 ORDER BY c
	Sort  (cost=3875.33..3877.81 rows=991 width=121)
	  Sort Key: c
	  ->  Bitmap Heap Scan on sbtest5  (cost=22.59..3826.01 rows=991 width=121)
	        Recheck Cond: ((id >= 3014633) AND (id <= 3015632))
	        ->  Bitmap Index Scan on sbtest5_pkey  (cost=0.00..22.34 rows=991 width=0)
	              Index Cond: ((id >= 3014633) AND (id <= 3015632))

table 6 : explain SELECT c FROM sbtest6 WHERE id BETWEEN 5900018 AND 5901017 ORDER BY c
	Sort  (cost=4155.16..4157.82 rows=1064 width=121)
	  Sort Key: c
	  ->  Bitmap Heap Scan on sbtest6  (cost=23.34..4101.66 rows=1064 width=121)
	        Recheck Cond: ((id >= 5900018) AND (id <= 5901017))
	        ->  Bitmap Index Scan on sbtest6_pkey  (cost=0.00..23.07 rows=1064 width=0)
	              Index Cond: ((id >= 5900018) AND (id <= 5901017))

table 7 : explain SELECT c FROM sbtest7 WHERE id BETWEEN 8637866 AND 8638865 ORDER BY c
	Sort  (cost=3914.16..3916.66 rows=1001 width=121)
	  Sort Key: c
	  ->  Bitmap Heap Scan on sbtest7  (cost=22.70..3864.27 rows=1001 width=121)
	        Recheck Cond: ((id >= 8637866) AND (id <= 8638865))
	        ->  Bitmap Index Scan on sbtest7_pkey  (cost=0.00..22.44 rows=1001 width=0)
	              Index Cond: ((id >= 8637866) AND (id <= 8638865))

table 8 : explain SELECT c FROM sbtest8 WHERE id BETWEEN 2624000 AND 2624999 ORDER BY c
	Sort  (cost=3842.63..3845.08 rows=982 width=121)
	  Sort Key: c
	  ->  Bitmap Heap Scan on sbtest8  (cost=22.50..3793.82 rows=982 width=121)
	        Recheck Cond: ((id >= 2624000) AND (id <= 2624999))
	        ->  Bitmap Index Scan on sbtest8_pkey  (cost=0.00..22.25 rows=982 width=0)
	              Index Cond: ((id >= 2624000) AND (id <= 2624999))


for point_selects
table 1 : explain SELECT c FROM sbtest1 WHERE id=8693237
	Index Scan using sbtest1_pkey on sbtest1  (cost=0.43..8.45 rows=1 width=121)
	  Index Cond: (id = 8693237)

table 2 : explain SELECT c FROM sbtest2 WHERE id=8640598
	Index Scan using sbtest2_pkey on sbtest2  (cost=0.43..8.45 rows=1 width=121)
	  Index Cond: (id = 8640598)

table 3 : explain SELECT c FROM sbtest3 WHERE id=9439272
	Index Scan using sbtest3_pkey on sbtest3  (cost=0.43..8.45 rows=1 width=121)
	  Index Cond: (id = 9439272)

table 4 : explain SELECT c FROM sbtest4 WHERE id=9990828
	Index Scan using sbtest4_pkey on sbtest4  (cost=0.43..8.45 rows=1 width=121)
	  Index Cond: (id = 9990828)

table 5 : explain SELECT c FROM sbtest5 WHERE id=2385845
	Index Scan using sbtest5_pkey on sbtest5  (cost=0.43..8.45 rows=1 width=121)
	  Index Cond: (id = 2385845)

table 6 : explain SELECT c FROM sbtest6 WHERE id=1368023
	Index Scan using sbtest6_pkey on sbtest6  (cost=0.43..8.45 rows=1 width=121)
	  Index Cond: (id = 1368023)

table 7 : explain SELECT c FROM sbtest7 WHERE id=420813
	Index Scan using sbtest7_pkey on sbtest7  (cost=0.43..8.45 rows=1 width=121)
	  Index Cond: (id = 420813)

table 8 : explain SELECT c FROM sbtest8 WHERE id=3416684
	Index Scan using sbtest8_pkey on sbtest8  (cost=0.43..8.45 rows=1 width=121)
	  Index Cond: (id = 3416684)

for: distinct_ranges
table 1 : explain SELECT DISTINCT c FROM sbtest1 WHERE id BETWEEN 7600917 AND 7601916 ORDER BY c
	Unique  (cost=3901.21..3906.20 rows=998 width=121)
	  ->  Sort  (cost=3901.21..3903.70 rows=998 width=121)
	        Sort Key: c
	        ->  Bitmap Heap Scan on sbtest1  (cost=22.66..3851.49 rows=998 width=121)
	              Recheck Cond: ((id >= 7600917) AND (id <= 7601916))
	              ->  Bitmap Index Scan on sbtest1_pkey  (cost=0.00..22.41 rows=998 width=0)
	                    Index Cond: ((id >= 7600917) AND (id <= 7601916))

table 2 : explain SELECT DISTINCT c FROM sbtest2 WHERE id BETWEEN 2292676 AND 2293675 ORDER BY c
	Unique  (cost=3920.42..3925.44 rows=1003 width=121)
	  ->  Sort  (cost=3920.42..3922.93 rows=1003 width=121)
	        Sort Key: c
	        ->  Bitmap Heap Scan on sbtest2  (cost=22.72..3870.42 rows=1003 width=121)
	              Recheck Cond: ((id >= 2292676) AND (id <= 2293675))
	              ->  Bitmap Index Scan on sbtest2_pkey  (cost=0.00..22.46 rows=1003 width=0)
	                    Index Cond: ((id >= 2292676) AND (id <= 2293675))

table 3 : explain SELECT DISTINCT c FROM sbtest3 WHERE id BETWEEN 9797995 AND 9798994 ORDER BY c
	Unique  (cost=3958.99..3964.05 rows=1013 width=121)
	  ->  Sort  (cost=3958.99..3961.52 rows=1013 width=121)
	        Sort Key: c
	        ->  Bitmap Heap Scan on sbtest3  (cost=22.82..3908.41 rows=1013 width=121)
	              Recheck Cond: ((id >= 9797995) AND (id <= 9798994))
	              ->  Bitmap Index Scan on sbtest3_pkey  (cost=0.00..22.57 rows=1013 width=0)
	                    Index Cond: ((id >= 9797995) AND (id <= 9798994))

table 4 : explain SELECT DISTINCT c FROM sbtest4 WHERE id BETWEEN 2366672 AND 2367671 ORDER BY c
	Unique  (cost=4066.16..4071.36 rows=1041 width=121)
	  ->  Sort  (cost=4066.16..4068.76 rows=1041 width=121)
	        Sort Key: c
	        ->  Bitmap Heap Scan on sbtest4  (cost=23.11..4013.99 rows=1041 width=121)
	              Recheck Cond: ((id >= 2366672) AND (id <= 2367671))
	              ->  Bitmap Index Scan on sbtest4_pkey  (cost=0.00..22.84 rows=1041 width=0)
	                    Index Cond: ((id >= 2366672) AND (id <= 2367671))

table 5 : explain SELECT DISTINCT c FROM sbtest5 WHERE id BETWEEN 310884 AND 311883 ORDER BY c
	Unique  (cost=4356.27..4361.86 rows=1117 width=121)
	  ->  Sort  (cost=4356.27..4359.06 rows=1117 width=121)
	        Sort Key: c
	        ->  Bitmap Heap Scan on sbtest5  (cost=27.88..4299.72 rows=1117 width=121)
	              Recheck Cond: ((id >= 310884) AND (id <= 311883))
	              ->  Bitmap Index Scan on sbtest5_pkey  (cost=0.00..27.61 rows=1117 width=0)
	                    Index Cond: ((id >= 310884) AND (id <= 311883))

table 6 : explain SELECT DISTINCT c FROM sbtest6 WHERE id BETWEEN 4308837 AND 4309836 ORDER BY c
	Unique  (cost=3937.50..3942.53 rows=1007 width=121)
	  ->  Sort  (cost=3937.50..3940.02 rows=1007 width=121)
	        Sort Key: c
	        ->  Bitmap Heap Scan on sbtest6  (cost=22.76..3887.27 rows=1007 width=121)
	              Recheck Cond: ((id >= 4308837) AND (id <= 4309836))
	              ->  Bitmap Index Scan on sbtest6_pkey  (cost=0.00..22.50 rows=1007 width=0)
	                    Index Cond: ((id >= 4308837) AND (id <= 4309836))

table 7 : explain SELECT DISTINCT c FROM sbtest7 WHERE id BETWEEN 6541804 AND 6542803 ORDER BY c
	Unique  (cost=4066.94..4072.15 rows=1041 width=121)
	  ->  Sort  (cost=4066.94..4069.55 rows=1041 width=121)
	        Sort Key: c
	        ->  Bitmap Heap Scan on sbtest7  (cost=23.11..4014.77 rows=1041 width=121)
	              Recheck Cond: ((id >= 6541804) AND (id <= 6542803))
	              ->  Bitmap Index Scan on sbtest7_pkey  (cost=0.00..22.84 rows=1041 width=0)
	                    Index Cond: ((id >= 6541804) AND (id <= 6542803))

table 8 : explain SELECT DISTINCT c FROM sbtest8 WHERE id BETWEEN 9082380 AND 9083379 ORDER BY c
	Unique  (cost=3915.30..3920.31 rows=1001 width=121)
	  ->  Sort  (cost=3915.30..3917.80 rows=1001 width=121)
	        Sort Key: c
	        ->  Bitmap Heap Scan on sbtest8  (cost=22.70..3865.42 rows=1001 width=121)
	              Recheck Cond: ((id >= 9082380) AND (id <= 9083379))
	              ->  Bitmap Index Scan on sbtest8_pkey  (cost=0.00..22.44 rows=1001 width=0)
	                    Index Cond: ((id >= 9082380) AND (id <= 9083379))

for: simple_ranges
table 1 : explain SELECT c FROM sbtest1 WHERE id BETWEEN 6856649 AND 6857648
	Bitmap Heap Scan on sbtest1  (cost=22.17..3670.71 rows=950 width=121)
	  Recheck Cond: ((id >= 6856649) AND (id <= 6857648))
	  ->  Bitmap Index Scan on sbtest1_pkey  (cost=0.00..21.93 rows=950 width=0)
	        Index Cond: ((id >= 6856649) AND (id <= 6857648))

table 2 : explain SELECT c FROM sbtest2 WHERE id BETWEEN 7553532 AND 7554531
	Bitmap Heap Scan on sbtest2  (cost=21.88..3561.43 rows=921 width=121)
	  Recheck Cond: ((id >= 7553532) AND (id <= 7554531))
	  ->  Bitmap Index Scan on sbtest2_pkey  (cost=0.00..21.64 rows=921 width=0)
	        Index Cond: ((id >= 7553532) AND (id <= 7554531))

table 3 : explain SELECT c FROM sbtest3 WHERE id BETWEEN 8442682 AND 8443681
	Bitmap Heap Scan on sbtest3  (cost=27.95..4321.74 rows=1123 width=121)
	  Recheck Cond: ((id >= 8442682) AND (id <= 8443681))
	  ->  Bitmap Index Scan on sbtest3_pkey  (cost=0.00..27.66 rows=1123 width=0)
	        Index Cond: ((id >= 8442682) AND (id <= 8443681))

table 4 : explain SELECT c FROM sbtest4 WHERE id BETWEEN 1893862 AND 1894861
	Bitmap Heap Scan on sbtest4  (cost=22.09..3641.23 rows=942 width=121)
	  Recheck Cond: ((id >= 1893862) AND (id <= 1894861))
	  ->  Bitmap Index Scan on sbtest4_pkey  (cost=0.00..21.86 rows=942 width=0)
	        Index Cond: ((id >= 1893862) AND (id <= 1894861))

table 5 : explain SELECT c FROM sbtest5 WHERE id BETWEEN 6655070 AND 6656069
	Bitmap Heap Scan on sbtest5  (cost=21.62..3467.69 rows=896 width=121)
	  Recheck Cond: ((id >= 6655070) AND (id <= 6656069))
	  ->  Bitmap Index Scan on sbtest5_pkey  (cost=0.00..21.39 rows=896 width=0)
	        Index Cond: ((id >= 6655070) AND (id <= 6656069))

table 6 : explain SELECT c FROM sbtest6 WHERE id BETWEEN 3442096 AND 3443095
	Bitmap Heap Scan on sbtest6  (cost=22.76..3887.27 rows=1007 width=121)
	  Recheck Cond: ((id >= 3442096) AND (id <= 3443095))
	  ->  Bitmap Index Scan on sbtest6_pkey  (cost=0.00..22.50 rows=1007 width=0)
	        Index Cond: ((id >= 3442096) AND (id <= 3443095))

table 7 : explain SELECT c FROM sbtest7 WHERE id BETWEEN 3226908 AND 3227907
	Bitmap Heap Scan on sbtest7  (cost=23.04..3992.21 rows=1035 width=121)
	  Recheck Cond: ((id >= 3226908) AND (id <= 3227907))
	  ->  Bitmap Index Scan on sbtest7_pkey  (cost=0.00..22.79 rows=1035 width=0)
	        Index Cond: ((id >= 3226908) AND (id <= 3227907))

table 8 : explain SELECT c FROM sbtest8 WHERE id BETWEEN 7459042 AND 7460041
	Bitmap Heap Scan on sbtest8  (cost=27.36..4113.99 rows=1066 width=121)
	  Recheck Cond: ((id >= 7459042) AND (id <= 7460041))
	  ->  Bitmap Index Scan on sbtest8_pkey  (cost=0.00..27.09 rows=1066 width=0)
	        Index Cond: ((id >= 7459042) AND (id <= 7460041))

for: sum_ranges
table 1 : explain SELECT SUM(k) FROM sbtest1 WHERE id BETWEEN 8744838 AND 8745837
	Aggregate  (cost=3981.95..3981.96 rows=1 width=8)
	  ->  Bitmap Heap Scan on sbtest1  (cost=23.01..3979.37 rows=1032 width=4)
	        Recheck Cond: ((id >= 8744838) AND (id <= 8745837))
	        ->  Bitmap Index Scan on sbtest1_pkey  (cost=0.00..22.75 rows=1032 width=0)
	              Index Cond: ((id >= 8744838) AND (id <= 8745837))

table 2 : explain SELECT SUM(k) FROM sbtest2 WHERE id BETWEEN 1687940 AND 1688939
	Aggregate  (cost=3827.74..3827.75 rows=1 width=8)
	  ->  Bitmap Heap Scan on sbtest2  (cost=22.59..3825.26 rows=991 width=4)
	        Recheck Cond: ((id >= 1687940) AND (id <= 1688939))
	        ->  Bitmap Index Scan on sbtest2_pkey  (cost=0.00..22.34 rows=991 width=0)
	              Index Cond: ((id >= 1687940) AND (id <= 1688939))

table 3 : explain SELECT SUM(k) FROM sbtest3 WHERE id BETWEEN 971901 AND 972900
	Aggregate  (cost=4121.56..4121.57 rows=1 width=8)
	  ->  Bitmap Heap Scan on sbtest3  (cost=23.39..4118.89 rows=1069 width=4)
	        Recheck Cond: ((id >= 971901) AND (id <= 972900))
	        ->  Bitmap Index Scan on sbtest3_pkey  (cost=0.00..23.12 rows=1069 width=0)
	              Index Cond: ((id >= 971901) AND (id <= 972900))

table 4 : explain SELECT SUM(k) FROM sbtest4 WHERE id BETWEEN 2206369 AND 2207368
	Aggregate  (cost=3933.81..3933.82 rows=1 width=8)
	  ->  Bitmap Heap Scan on sbtest4  (cost=22.88..3931.26 rows=1019 width=4)
	        Recheck Cond: ((id >= 2206369) AND (id <= 2207368))
	        ->  Bitmap Index Scan on sbtest4_pkey  (cost=0.00..22.62 rows=1019 width=0)
	              Index Cond: ((id >= 2206369) AND (id <= 2207368))

table 5 : explain SELECT SUM(k) FROM sbtest5 WHERE id BETWEEN 4253658 AND 4254657
	Aggregate  (cost=4118.24..4118.25 rows=1 width=8)
	  ->  Bitmap Heap Scan on sbtest5  (cost=23.38..4115.57 rows=1068 width=4)
	        Recheck Cond: ((id >= 4253658) AND (id <= 4254657))
	        ->  Bitmap Index Scan on sbtest5_pkey  (cost=0.00..23.11 rows=1068 width=0)
	              Index Cond: ((id >= 4253658) AND (id <= 4254657))

table 6 : explain SELECT SUM(k) FROM sbtest6 WHERE id BETWEEN 3401191 AND 3402190
	Aggregate  (cost=3889.79..3889.80 rows=1 width=8)
	  ->  Bitmap Heap Scan on sbtest6  (cost=22.76..3887.27 rows=1007 width=4)
	        Recheck Cond: ((id >= 3401191) AND (id <= 3402190))
	        ->  Bitmap Index Scan on sbtest6_pkey  (cost=0.00..22.50 rows=1007 width=0)
	              Index Cond: ((id >= 3401191) AND (id <= 3402190))

table 7 : explain SELECT SUM(k) FROM sbtest7 WHERE id BETWEEN 9207027 AND 9208026
	Aggregate  (cost=4115.15..4115.16 rows=1 width=8)
	  ->  Bitmap Heap Scan on sbtest7  (cost=23.37..4112.49 rows=1067 width=4)
	        Recheck Cond: ((id >= 9207027) AND (id <= 9208026))
	        ->  Bitmap Index Scan on sbtest7_pkey  (cost=0.00..23.11 rows=1067 width=0)
	              Index Cond: ((id >= 9207027) AND (id <= 9208026))

table 8 : explain SELECT SUM(k) FROM sbtest8 WHERE id BETWEEN 3229835 AND 3230834
	Aggregate  (cost=3988.47..3988.48 rows=1 width=8)
	  ->  Bitmap Heap Scan on sbtest8  (cost=23.02..3985.89 rows=1033 width=4)
	        Recheck Cond: ((id >= 3229835) AND (id <= 3230834))
	        ->  Bitmap Index Scan on sbtest8_pkey  (cost=0.00..22.76 rows=1033 width=0)
	              Index Cond: ((id >= 3229835) AND (id <= 3230834))

for: distinct_ranges
table 1 : explain SELECT DISTINCT c FROM sbtest1 WHERE id BETWEEN 3531462 AND 3532461 ORDER BY c
	Unique  (cost=3824.78..3829.67 rows=978 width=121)
	  ->  Sort  (cost=3824.78..3827.22 rows=978 width=121)
	        Sort Key: c
	        ->  Bitmap Heap Scan on sbtest1  (cost=22.46..3776.20 rows=978 width=121)
	              Recheck Cond: ((id >= 3531462) AND (id <= 3532461))
	              ->  Bitmap Index Scan on sbtest1_pkey  (cost=0.00..22.21 rows=978 width=0)
	                    Index Cond: ((id >= 3531462) AND (id <= 3532461))

table 2 : explain SELECT DISTINCT c FROM sbtest2 WHERE id BETWEEN 964779 AND 965778 ORDER BY c
	Unique  (cost=4347.76..4353.33 rows=1115 width=121)
	  ->  Sort  (cost=4347.76..4350.55 rows=1115 width=121)
	        Sort Key: c
	        ->  Bitmap Heap Scan on sbtest2  (cost=27.86..4291.32 rows=1115 width=121)
	              Recheck Cond: ((id >= 964779) AND (id <= 965778))
	              ->  Bitmap Index Scan on sbtest2_pkey  (cost=0.00..27.58 rows=1115 width=0)
	                    Index Cond: ((id >= 964779) AND (id <= 965778))

table 3 : explain SELECT DISTINCT c FROM sbtest3 WHERE id BETWEEN 6334541 AND 6335540 ORDER BY c
	Unique  (cost=3932.25..3937.28 rows=1006 width=121)
	  ->  Sort  (cost=3932.25..3934.76 rows=1006 width=121)
	        Sort Key: c
	        ->  Bitmap Heap Scan on sbtest3  (cost=22.75..3882.08 rows=1006 width=121)
	              Recheck Cond: ((id >= 6334541) AND (id <= 6335540))
	              ->  Bitmap Index Scan on sbtest3_pkey  (cost=0.00..22.50 rows=1006 width=0)
	                    Index Cond: ((id >= 6334541) AND (id <= 6335540))

table 4 : explain SELECT DISTINCT c FROM sbtest4 WHERE id BETWEEN 2879833 AND 2880832 ORDER BY c
	Unique  (cost=4253.09..4258.54 rows=1091 width=121)
	  ->  Sort  (cost=4253.09..4255.82 rows=1091 width=121)
	        Sort Key: c
	        ->  Bitmap Heap Scan on sbtest4  (cost=23.62..4198.04 rows=1091 width=121)
	              Recheck Cond: ((id >= 2879833) AND (id <= 2880832))
	              ->  Bitmap Index Scan on sbtest4_pkey  (cost=0.00..23.34 rows=1091 width=0)
	                    Index Cond: ((id >= 2879833) AND (id <= 2880832))

table 5 : explain SELECT DISTINCT c FROM sbtest5 WHERE id BETWEEN 2169882 AND 2170881 ORDER BY c
	Unique  (cost=3649.59..3654.25 rows=932 width=121)
	  ->  Sort  (cost=3649.59..3651.92 rows=932 width=121)
	        Sort Key: c
	        ->  Bitmap Heap Scan on sbtest5  (cost=21.99..3603.62 rows=932 width=121)
	              Recheck Cond: ((id >= 2169882) AND (id <= 2170881))
	              ->  Bitmap Index Scan on sbtest5_pkey  (cost=0.00..21.75 rows=932 width=0)
	                    Index Cond: ((id >= 2169882) AND (id <= 2170881))

table 6 : explain SELECT DISTINCT c FROM sbtest6 WHERE id BETWEEN 4303880 AND 4304879 ORDER BY c
	Unique  (cost=3937.50..3942.53 rows=1007 width=121)
	  ->  Sort  (cost=3937.50..3940.02 rows=1007 width=121)
	        Sort Key: c
	        ->  Bitmap Heap Scan on sbtest6  (cost=22.76..3887.27 rows=1007 width=121)
	              Recheck Cond: ((id >= 4303880) AND (id <= 4304879))
	              ->  Bitmap Index Scan on sbtest6_pkey  (cost=0.00..22.50 rows=1007 width=0)
	                    Index Cond: ((id >= 4303880) AND (id <= 4304879))

table 7 : explain SELECT DISTINCT c FROM sbtest7 WHERE id BETWEEN 5326665 AND 5327664 ORDER BY c
	Unique  (cost=3630.98..3635.61 rows=927 width=121)
	  ->  Sort  (cost=3630.98..3633.30 rows=927 width=121)
	        Sort Key: c
	        ->  Bitmap Heap Scan on sbtest7  (cost=21.94..3585.29 rows=927 width=121)
	              Recheck Cond: ((id >= 5326665) AND (id <= 5327664))
	              ->  Bitmap Index Scan on sbtest7_pkey  (cost=0.00..21.70 rows=927 width=0)
	                    Index Cond: ((id >= 5326665) AND (id <= 5327664))

table 8 : explain SELECT DISTINCT c FROM sbtest8 WHERE id BETWEEN 3490903 AND 3491902 ORDER BY c
	Unique  (cost=3846.45..3851.37 rows=983 width=121)
	  ->  Sort  (cost=3846.45..3848.91 rows=983 width=121)
	        Sort Key: c
	        ->  Bitmap Heap Scan on sbtest8  (cost=22.51..3797.59 rows=983 width=121)
	              Recheck Cond: ((id >= 3490903) AND (id <= 3491902))
	              ->  Bitmap Index Scan on sbtest8_pkey  (cost=0.00..22.26 rows=983 width=0)
	                    Index Cond: ((id >= 3490903) AND (id <= 3491902))

for: sum_ranges
table 1 : explain SELECT SUM(k) FROM sbtest1 WHERE id BETWEEN 9806229 AND 9807228
	Aggregate  (cost=3654.22..3654.23 rows=1 width=8)
	  ->  Bitmap Heap Scan on sbtest1  (cost=22.12..3651.86 rows=945 width=4)
	        Recheck Cond: ((id >= 9806229) AND (id <= 9807228))
	        ->  Bitmap Index Scan on sbtest1_pkey  (cost=0.00..21.89 rows=945 width=0)
	              Index Cond: ((id >= 9806229) AND (id <= 9807228))

table 2 : explain SELECT SUM(k) FROM sbtest2 WHERE id BETWEEN 3553339 AND 3554338
	Aggregate  (cost=3627.91..3627.92 rows=1 width=8)
	  ->  Bitmap Heap Scan on sbtest2  (cost=22.05..3625.56 rows=938 width=4)
	        Recheck Cond: ((id >= 3553339) AND (id <= 3554338))
	        ->  Bitmap Index Scan on sbtest2_pkey  (cost=0.00..21.82 rows=938 width=0)
	              Index Cond: ((id >= 3553339) AND (id <= 3554338))

table 3 : explain SELECT SUM(k) FROM sbtest3 WHERE id BETWEEN 3561593 AND 3562592
	Aggregate  (cost=3586.71..3586.72 rows=1 width=8)
	  ->  Bitmap Heap Scan on sbtest3  (cost=21.94..3584.39 rows=927 width=4)
	        Recheck Cond: ((id >= 3561593) AND (id <= 3562592))
	        ->  Bitmap Index Scan on sbtest3_pkey  (cost=0.00..21.70 rows=927 width=0)
	              Index Cond: ((id >= 3561593) AND (id <= 3562592))

table 4 : explain SELECT SUM(k) FROM sbtest4 WHERE id BETWEEN 2746204 AND 2747203
	Aggregate  (cost=3817.06..3817.07 rows=1 width=8)
	  ->  Bitmap Heap Scan on sbtest4  (cost=22.56..3814.59 rows=988 width=4)
	        Recheck Cond: ((id >= 2746204) AND (id <= 2747203))
	        ->  Bitmap Index Scan on sbtest4_pkey  (cost=0.00..22.32 rows=988 width=0)
	              Index Cond: ((id >= 2746204) AND (id <= 2747203))

table 5 : explain SELECT SUM(k) FROM sbtest5 WHERE id BETWEEN 7770009 AND 7771008
	Aggregate  (cost=3605.95..3605.96 rows=1 width=8)
	  ->  Bitmap Heap Scan on sbtest5  (cost=21.99..3603.62 rows=932 width=4)
	        Recheck Cond: ((id >= 7770009) AND (id <= 7771008))
	        ->  Bitmap Index Scan on sbtest5_pkey  (cost=0.00..21.75 rows=932 width=0)
	              Index Cond: ((id >= 7770009) AND (id <= 7771008))

table 6 : explain SELECT SUM(k) FROM sbtest6 WHERE id BETWEEN 5719805 AND 5720804
	Aggregate  (cost=3686.16..3686.17 rows=1 width=8)
	  ->  Bitmap Heap Scan on sbtest6  (cost=22.20..3683.77 rows=953 width=4)
	        Recheck Cond: ((id >= 5719805) AND (id <= 5720804))
	        ->  Bitmap Index Scan on sbtest6_pkey  (cost=0.00..21.96 rows=953 width=0)
	              Index Cond: ((id >= 5719805) AND (id <= 5720804))

table 7 : explain SELECT SUM(k) FROM sbtest7 WHERE id BETWEEN 524298 AND 525297
	Aggregate  (cost=3549.83..3549.84 rows=1 width=8)
	  ->  Bitmap Heap Scan on sbtest7  (cost=21.83..3547.54 rows=917 width=4)
	        Recheck Cond: ((id >= 524298) AND (id <= 525297))
	        ->  Bitmap Index Scan on sbtest7_pkey  (cost=0.00..21.61 rows=917 width=0)
	              Index Cond: ((id >= 524298) AND (id <= 525297))

table 8 : explain SELECT SUM(k) FROM sbtest8 WHERE id BETWEEN 1196319 AND 1197318
	Aggregate  (cost=3935.74..3935.75 rows=1 width=8)
	  ->  Bitmap Heap Scan on sbtest8  (cost=22.88..3933.20 rows=1019 width=4)
	        Recheck Cond: ((id >= 1196319) AND (id <= 1197318))
	        ->  Bitmap Index Scan on sbtest8_pkey  (cost=0.00..22.62 rows=1019 width=0)
	              Index Cond: ((id >= 1196319) AND (id <= 1197318))

for: sum_ranges
table 1 : explain SELECT SUM(k) FROM sbtest1 WHERE id BETWEEN 9190973 AND 9191972
	Aggregate  (cost=4000.75..4000.76 rows=1 width=8)
	  ->  Bitmap Heap Scan on sbtest1  (cost=23.06..3998.16 rows=1037 width=4)
	        Recheck Cond: ((id >= 9190973) AND (id <= 9191972))
	        ->  Bitmap Index Scan on sbtest1_pkey  (cost=0.00..22.80 rows=1037 width=0)
	              Index Cond: ((id >= 9190973) AND (id <= 9191972))

table 2 : explain SELECT SUM(k) FROM sbtest2 WHERE id BETWEEN 3154453 AND 3155452
	Aggregate  (cost=4098.61..4098.62 rows=1 width=8)
	  ->  Bitmap Heap Scan on sbtest2  (cost=23.33..4095.96 rows=1063 width=4)
	        Recheck Cond: ((id >= 3154453) AND (id <= 3155452))
	        ->  Bitmap Index Scan on sbtest2_pkey  (cost=0.00..23.07 rows=1063 width=0)
	              Index Cond: ((id >= 3154453) AND (id <= 3155452))

table 3 : explain SELECT SUM(k) FROM sbtest3 WHERE id BETWEEN 9995798 AND 9996797
	Aggregate  (cost=4042.63..4042.64 rows=1 width=8)
	  ->  Bitmap Heap Scan on sbtest3  (cost=23.18..4040.01 rows=1048 width=4)
	        Recheck Cond: ((id >= 9995798) AND (id <= 9996797))
	        ->  Bitmap Index Scan on sbtest3_pkey  (cost=0.00..22.91 rows=1048 width=0)
	              Index Cond: ((id >= 9995798) AND (id <= 9996797))

table 4 : explain SELECT SUM(k) FROM sbtest4 WHERE id BETWEEN 684143 AND 685142
	Aggregate  (cost=3903.69..3903.70 rows=1 width=8)
	  ->  Bitmap Heap Scan on sbtest4  (cost=22.80..3901.16 rows=1011 width=4)
	        Recheck Cond: ((id >= 684143) AND (id <= 685142))
	        ->  Bitmap Index Scan on sbtest4_pkey  (cost=0.00..22.54 rows=1011 width=0)
	              Index Cond: ((id >= 684143) AND (id <= 685142))

table 5 : explain SELECT SUM(k) FROM sbtest5 WHERE id BETWEEN 2174006 AND 2175005
	Aggregate  (cost=3632.38..3632.39 rows=1 width=8)
	  ->  Bitmap Heap Scan on sbtest5  (cost=22.06..3630.03 rows=939 width=4)
	        Recheck Cond: ((id >= 2174006) AND (id <= 2175005))
	        ->  Bitmap Index Scan on sbtest5_pkey  (cost=0.00..21.82 rows=939 width=0)
	              Index Cond: ((id >= 2174006) AND (id <= 2175005))

table 6 : explain SELECT SUM(k) FROM sbtest6 WHERE id BETWEEN 1357745 AND 1358744
	Aggregate  (cost=3587.97..3587.98 rows=1 width=8)
	  ->  Bitmap Heap Scan on sbtest6  (cost=21.94..3585.66 rows=927 width=4)
	        Recheck Cond: ((id >= 1357745) AND (id <= 1358744))
	        ->  Bitmap Index Scan on sbtest6_pkey  (cost=0.00..21.70 rows=927 width=0)
	              Index Cond: ((id >= 1357745) AND (id <= 1358744))

table 7 : explain SELECT SUM(k) FROM sbtest7 WHERE id BETWEEN 7451803 AND 7452802
	Aggregate  (cost=4013.61..4013.62 rows=1 width=8)
	  ->  Bitmap Heap Scan on sbtest7  (cost=23.09..4011.01 rows=1040 width=4)
	        Recheck Cond: ((id >= 7451803) AND (id <= 7452802))
	        ->  Bitmap Index Scan on sbtest7_pkey  (cost=0.00..22.83 rows=1040 width=0)
	              Index Cond: ((id >= 7451803) AND (id <= 7452802))

table 8 : explain SELECT SUM(k) FROM sbtest8 WHERE id BETWEEN 2894788 AND 2895787
	Aggregate  (cost=3818.91..3818.92 rows=1 width=8)
	  ->  Bitmap Heap Scan on sbtest8  (cost=22.56..3816.44 rows=988 width=4)
	        Recheck Cond: ((id >= 2894788) AND (id <= 2895787))
	        ->  Bitmap Index Scan on sbtest8_pkey  (cost=0.00..22.32 rows=988 width=0)
	              Index Cond: ((id >= 2894788) AND (id <= 2895787))

explain: for point_selects :: explain SELECT c FROM sbtest%u WHERE id=%u
for: sum_ranges
table 1 : explain SELECT SUM(k) FROM sbtest1 WHERE id BETWEEN 6490836 AND 6491835
	Aggregate  (cost=3823.86..3823.87 rows=1 width=8)
	  ->  Bitmap Heap Scan on sbtest1  (cost=22.58..3821.38 rows=990 width=4)
	        Recheck Cond: ((id >= 6490836) AND (id <= 6491835))
	        ->  Bitmap Index Scan on sbtest1_pkey  (cost=0.00..22.33 rows=990 width=0)
	              Index Cond: ((id >= 6490836) AND (id <= 6491835))

table 2 : explain SELECT SUM(k) FROM sbtest2 WHERE id BETWEEN 6483739 AND 6484738
	Aggregate  (cost=4121.16..4121.17 rows=1 width=8)
	  ->  Bitmap Heap Scan on sbtest2  (cost=23.39..4118.48 rows=1069 width=4)
	        Recheck Cond: ((id >= 6483739) AND (id <= 6484738))
	        ->  Bitmap Index Scan on sbtest2_pkey  (cost=0.00..23.12 rows=1069 width=0)
	              Index Cond: ((id >= 6483739) AND (id <= 6484738))

table 3 : explain SELECT SUM(k) FROM sbtest3 WHERE id BETWEEN 4362633 AND 4363632
	Aggregate  (cost=3982.45..3982.46 rows=1 width=8)
	  ->  Bitmap Heap Scan on sbtest3  (cost=23.01..3979.87 rows=1032 width=4)
	        Recheck Cond: ((id >= 4362633) AND (id <= 4363632))
	        ->  Bitmap Index Scan on sbtest3_pkey  (cost=0.00..22.75 rows=1032 width=0)
	              Index Cond: ((id >= 4362633) AND (id <= 4363632))

table 4 : explain SELECT SUM(k) FROM sbtest4 WHERE id BETWEEN 2039909 AND 2040908
	Aggregate  (cost=4148.16..4148.17 rows=1 width=8)
	  ->  Bitmap Heap Scan on sbtest4  (cost=23.46..4145.47 rows=1076 width=4)
	        Recheck Cond: ((id >= 2039909) AND (id <= 2040908))
	        ->  Bitmap Index Scan on sbtest4_pkey  (cost=0.00..23.19 rows=1076 width=0)
	              Index Cond: ((id >= 2039909) AND (id <= 2040908))

table 5 : explain SELECT SUM(k) FROM sbtest5 WHERE id BETWEEN 2282124 AND 2283123
	Aggregate  (cost=3836.03..3836.04 rows=1 width=8)
	  ->  Bitmap Heap Scan on sbtest5  (cost=22.61..3833.55 rows=993 width=4)
	        Recheck Cond: ((id >= 2282124) AND (id <= 2283123))
	        ->  Bitmap Index Scan on sbtest5_pkey  (cost=0.00..22.36 rows=993 width=0)
	              Index Cond: ((id >= 2282124) AND (id <= 2283123))

table 6 : explain SELECT SUM(k) FROM sbtest6 WHERE id BETWEEN 9543847 AND 9544846
	Aggregate  (cost=3663.51..3663.52 rows=1 width=8)
	  ->  Bitmap Heap Scan on sbtest6  (cost=22.14..3661.14 rows=947 width=4)
	        Recheck Cond: ((id >= 9543847) AND (id <= 9544846))
	        ->  Bitmap Index Scan on sbtest6_pkey  (cost=0.00..21.90 rows=947 width=0)
	              Index Cond: ((id >= 9543847) AND (id <= 9544846))

table 7 : explain SELECT SUM(k) FROM sbtest7 WHERE id BETWEEN 3695515 AND 3696514
	Aggregate  (cost=3923.27..3923.28 rows=1 width=8)
	  ->  Bitmap Heap Scan on sbtest7  (cost=22.85..3920.73 rows=1016 width=4)
	        Recheck Cond: ((id >= 3695515) AND (id <= 3696514))
	        ->  Bitmap Index Scan on sbtest7_pkey  (cost=0.00..22.59 rows=1016 width=0)
	              Index Cond: ((id >= 3695515) AND (id <= 3696514))

table 8 : explain SELECT SUM(k) FROM sbtest8 WHERE id BETWEEN 3650825 AND 3651824
	Aggregate  (cost=3950.81..3950.82 rows=1 width=8)
	  ->  Bitmap Heap Scan on sbtest8  (cost=22.92..3948.25 rows=1023 width=4)
	        Recheck Cond: ((id >= 3650825) AND (id <= 3651824))
	        ->  Bitmap Index Scan on sbtest8_pkey  (cost=0.00..22.66 rows=1023 width=0)
	              Index Cond: ((id >= 3650825) AND (id <= 3651824))

for point_selects
table 1 : explain SELECT c FROM sbtest1 WHERE id=7386820
	Index Scan using sbtest1_pkey on sbtest1  (cost=0.43..8.45 rows=1 width=121)
	  Index Cond: (id = 7386820)

table 2 : explain SELECT c FROM sbtest2 WHERE id=4251967
	Index Scan using sbtest2_pkey on sbtest2  (cost=0.43..8.45 rows=1 width=121)
	  Index Cond: (id = 4251967)

table 3 : explain SELECT c FROM sbtest3 WHERE id=1644959
	Index Scan using sbtest3_pkey on sbtest3  (cost=0.43..8.45 rows=1 width=121)
	  Index Cond: (id = 1644959)

table 4 : explain SELECT c FROM sbtest4 WHERE id=1770781
	Index Scan using sbtest4_pkey on sbtest4  (cost=0.43..8.45 rows=1 width=121)
	  Index Cond: (id = 1770781)

table 5 : explain SELECT c FROM sbtest5 WHERE id=850655
	Index Scan using sbtest5_pkey on sbtest5  (cost=0.43..8.45 rows=1 width=121)
	  Index Cond: (id = 850655)

table 6 : explain SELECT c FROM sbtest6 WHERE id=6337942
	Index Scan using sbtest6_pkey on sbtest6  (cost=0.43..8.45 rows=1 width=121)
	  Index Cond: (id = 6337942)

table 7 : explain SELECT c FROM sbtest7 WHERE id=4572931
	Index Scan using sbtest7_pkey on sbtest7  (cost=0.43..8.45 rows=1 width=121)
	  Index Cond: (id = 4572931)

table 8 : explain SELECT c FROM sbtest8 WHERE id=7015381
	Index Scan using sbtest8_pkey on sbtest8  (cost=0.43..8.45 rows=1 width=121)
	  Index Cond: (id = 7015381)

explain: for point_selects :: explain SELECT c FROM sbtest%u WHERE id=%u
for: order_ranges
table 1 : explain SELECT c FROM sbtest1 WHERE id BETWEEN 938424 AND 939423 ORDER BY c
	Sort  (cost=3801.84..3804.27 rows=972 width=121)
	  Sort Key: c
	  ->  Bitmap Heap Scan on sbtest1  (cost=22.40..3753.61 rows=972 width=121)
	        Recheck Cond: ((id >= 938424) AND (id <= 939423))
	        ->  Bitmap Index Scan on sbtest1_pkey  (cost=0.00..22.15 rows=972 width=0)
	              Index Cond: ((id >= 938424) AND (id <= 939423))

table 2 : explain SELECT c FROM sbtest2 WHERE id BETWEEN 4831777 AND 4832776 ORDER BY c
	Sort  (cost=4042.60..4045.18 rows=1035 width=121)
	  Sort Key: c
	  ->  Bitmap Heap Scan on sbtest2  (cost=23.04..3990.77 rows=1035 width=121)
	        Recheck Cond: ((id >= 4831777) AND (id <= 4832776))
	        ->  Bitmap Index Scan on sbtest2_pkey  (cost=0.00..22.79 rows=1035 width=0)
	              Index Cond: ((id >= 4831777) AND (id <= 4832776))

table 3 : explain SELECT c FROM sbtest3 WHERE id BETWEEN 2630927 AND 2631926 ORDER BY c
	Sort  (cost=4035.34..4037.93 rows=1033 width=121)
	  Sort Key: c
	  ->  Bitmap Heap Scan on sbtest3  (cost=23.02..3983.63 rows=1033 width=121)
	        Recheck Cond: ((id >= 2630927) AND (id <= 2631926))
	        ->  Bitmap Index Scan on sbtest3_pkey  (cost=0.00..22.76 rows=1033 width=0)
	              Index Cond: ((id >= 2630927) AND (id <= 2631926))

table 4 : explain SELECT c FROM sbtest4 WHERE id BETWEEN 4342260 AND 4343259 ORDER BY c
	Sort  (cost=3947.80..3950.33 rows=1010 width=121)
	  Sort Key: c
	  ->  Bitmap Heap Scan on sbtest4  (cost=22.79..3897.40 rows=1010 width=121)
	        Recheck Cond: ((id >= 4342260) AND (id <= 4343259))
	        ->  Bitmap Index Scan on sbtest4_pkey  (cost=0.00..22.54 rows=1010 width=0)
	              Index Cond: ((id >= 4342260) AND (id <= 4343259))

table 5 : explain SELECT c FROM sbtest5 WHERE id BETWEEN 6054310 AND 6055309 ORDER BY c
	Sort  (cost=3925.01..3927.52 rows=1004 width=121)
	  Sort Key: c
	  ->  Bitmap Heap Scan on sbtest5  (cost=22.73..3874.96 rows=1004 width=121)
	        Recheck Cond: ((id >= 6054310) AND (id <= 6055309))
	        ->  Bitmap Index Scan on sbtest5_pkey  (cost=0.00..22.47 rows=1004 width=0)
	              Index Cond: ((id >= 6054310) AND (id <= 6055309))

table 6 : explain SELECT c FROM sbtest6 WHERE id BETWEEN 7167417 AND 7168416 ORDER BY c
	Sort  (cost=4292.70..4295.45 rows=1100 width=121)
	  Sort Key: c
	  ->  Bitmap Heap Scan on sbtest6  (cost=27.71..4237.13 rows=1100 width=121)
	        Recheck Cond: ((id >= 7167417) AND (id <= 7168416))
	        ->  Bitmap Index Scan on sbtest6_pkey  (cost=0.00..27.43 rows=1100 width=0)
	              Index Cond: ((id >= 7167417) AND (id <= 7168416))

table 7 : explain SELECT c FROM sbtest7 WHERE id BETWEEN 5328787 AND 5329786 ORDER BY c
	Sort  (cost=3630.98..3633.30 rows=927 width=121)
	  Sort Key: c
	  ->  Bitmap Heap Scan on sbtest7  (cost=21.94..3585.29 rows=927 width=121)
	        Recheck Cond: ((id >= 5328787) AND (id <= 5329786))
	        ->  Bitmap Index Scan on sbtest7_pkey  (cost=0.00..21.70 rows=927 width=0)
	              Index Cond: ((id >= 5328787) AND (id <= 5329786))

table 8 : explain SELECT c FROM sbtest8 WHERE id BETWEEN 9452550 AND 9453549 ORDER BY c
	Sort  (cost=4052.88..4055.47 rows=1037 width=121)
	  Sort Key: c
	  ->  Bitmap Heap Scan on sbtest8  (cost=23.06..4000.94 rows=1037 width=121)
	        Recheck Cond: ((id >= 9452550) AND (id <= 9453549))
	        ->  Bitmap Index Scan on sbtest8_pkey  (cost=0.00..22.80 rows=1037 width=0)
	              Index Cond: ((id >= 9452550) AND (id <= 9453549))

for: simple_ranges
table 1 : explain SELECT c FROM sbtest1 WHERE id BETWEEN 3309735 AND 3310734
	Bitmap Heap Scan on sbtest1  (cost=23.12..4016.95 rows=1042 width=121)
	  Recheck Cond: ((id >= 3309735) AND (id <= 3310734))
	  ->  Bitmap Index Scan on sbtest1_pkey  (cost=0.00..22.86 rows=1042 width=0)
	        Index Cond: ((id >= 3309735) AND (id <= 3310734))

table 2 : explain SELECT c FROM sbtest2 WHERE id BETWEEN 5864533 AND 5865532
	Bitmap Heap Scan on sbtest2  (cost=22.75..3881.71 rows=1006 width=121)
	  Recheck Cond: ((id >= 5864533) AND (id <= 5865532))
	  ->  Bitmap Index Scan on sbtest2_pkey  (cost=0.00..22.50 rows=1006 width=0)
	        Index Cond: ((id >= 5864533) AND (id <= 5865532))

table 3 : explain SELECT c FROM sbtest3 WHERE id BETWEEN 6146935 AND 6147934
	Bitmap Heap Scan on sbtest3  (cost=22.82..3908.41 rows=1013 width=121)
	  Recheck Cond: ((id >= 6146935) AND (id <= 6147934))
	  ->  Bitmap Index Scan on sbtest3_pkey  (cost=0.00..22.57 rows=1013 width=0)
	        Index Cond: ((id >= 6146935) AND (id <= 6147934))

table 4 : explain SELECT c FROM sbtest4 WHERE id BETWEEN 189586 AND 190585
	Bitmap Heap Scan on sbtest4  (cost=22.92..3946.31 rows=1023 width=121)
	  Recheck Cond: ((id >= 189586) AND (id <= 190585))
	  ->  Bitmap Index Scan on sbtest4_pkey  (cost=0.00..22.66 rows=1023 width=0)
	        Index Cond: ((id >= 189586) AND (id <= 190585))

table 5 : explain SELECT c FROM sbtest5 WHERE id BETWEEN 3244687 AND 3245686
	Bitmap Heap Scan on sbtest5  (cost=23.38..4115.57 rows=1068 width=121)
	  Recheck Cond: ((id >= 3244687) AND (id <= 3245686))
	  ->  Bitmap Index Scan on sbtest5_pkey  (cost=0.00..23.11 rows=1068 width=0)
	        Index Cond: ((id >= 3244687) AND (id <= 3245686))

table 6 : explain SELECT c FROM sbtest6 WHERE id BETWEEN 4858734 AND 4859733
	Bitmap Heap Scan on sbtest6  (cost=23.48..4154.26 rows=1078 width=121)
	  Recheck Cond: ((id >= 4858734) AND (id <= 4859733))
	  ->  Bitmap Index Scan on sbtest6_pkey  (cost=0.00..23.21 rows=1078 width=0)
	        Index Cond: ((id >= 4858734) AND (id <= 4859733))

table 7 : explain SELECT c FROM sbtest7 WHERE id BETWEEN 2786961 AND 2787960
	Bitmap Heap Scan on sbtest7  (cost=22.15..3664.54 rows=948 width=121)
	  Recheck Cond: ((id >= 2786961) AND (id <= 2787960))
	  ->  Bitmap Index Scan on sbtest7_pkey  (cost=0.00..21.91 rows=948 width=0)
	        Index Cond: ((id >= 2786961) AND (id <= 2787960))

table 8 : explain SELECT c FROM sbtest8 WHERE id BETWEEN 5563894 AND 5564893
	Bitmap Heap Scan on sbtest8  (cost=21.96..3593.87 rows=929 width=121)
	  Recheck Cond: ((id >= 5563894) AND (id <= 5564893))
	  ->  Bitmap Index Scan on sbtest8_pkey  (cost=0.00..21.72 rows=929 width=0)
	        Index Cond: ((id >= 5563894) AND (id <= 5564893))

for: order_ranges
table 1 : explain SELECT c FROM sbtest1 WHERE id BETWEEN 3708783 AND 3709782 ORDER BY c
	Sort  (cost=3717.69..3720.07 rows=950 width=121)
	  Sort Key: c
	  ->  Bitmap Heap Scan on sbtest1  (cost=22.17..3670.71 rows=950 width=121)
	        Recheck Cond: ((id >= 3708783) AND (id <= 3709782))
	        ->  Bitmap Index Scan on sbtest1_pkey  (cost=0.00..21.93 rows=950 width=0)
	              Index Cond: ((id >= 3708783) AND (id <= 3709782))

table 2 : explain SELECT c FROM sbtest2 WHERE id BETWEEN 8799532 AND 8800531 ORDER BY c
	Sort  (cost=3599.11..3601.41 rows=919 width=121)
	  Sort Key: c
	  ->  Bitmap Heap Scan on sbtest2  (cost=21.85..3553.88 rows=919 width=121)
	        Recheck Cond: ((id >= 8799532) AND (id <= 8800531))
	        ->  Bitmap Index Scan on sbtest2_pkey  (cost=0.00..21.62 rows=919 width=0)
	              Index Cond: ((id >= 8799532) AND (id <= 8800531))

table 3 : explain SELECT c FROM sbtest3 WHERE id BETWEEN 682436 AND 683435 ORDER BY c
	Sort  (cost=3767.87..3770.28 rows=963 width=121)
	  Sort Key: c
	  ->  Bitmap Heap Scan on sbtest3  (cost=22.31..3720.15 rows=963 width=121)
	        Recheck Cond: ((id >= 682436) AND (id <= 683435))
	        ->  Bitmap Index Scan on sbtest3_pkey  (cost=0.00..22.07 rows=963 width=0)
	              Index Cond: ((id >= 682436) AND (id <= 683435))

table 4 : explain SELECT c FROM sbtest4 WHERE id BETWEEN 6367712 AND 6368711 ORDER BY c
	Sort  (cost=3921.06..3923.57 rows=1003 width=121)
	  Sort Key: c
	  ->  Bitmap Heap Scan on sbtest4  (cost=22.72..3871.06 rows=1003 width=121)
	        Recheck Cond: ((id >= 6367712) AND (id <= 6368711))
	        ->  Bitmap Index Scan on sbtest4_pkey  (cost=0.00..22.46 rows=1003 width=0)
	              Index Cond: ((id >= 6367712) AND (id <= 6368711))

table 5 : explain SELECT c FROM sbtest5 WHERE id BETWEEN 6050432 AND 6051431 ORDER BY c
	Sort  (cost=3925.01..3927.52 rows=1004 width=121)
	  Sort Key: c
	  ->  Bitmap Heap Scan on sbtest5  (cost=22.73..3874.96 rows=1004 width=121)
	        Recheck Cond: ((id >= 6050432) AND (id <= 6051431))
	        ->  Bitmap Index Scan on sbtest5_pkey  (cost=0.00..22.47 rows=1004 width=0)
	              Index Cond: ((id >= 6050432) AND (id <= 6051431))

table 6 : explain SELECT c FROM sbtest6 WHERE id BETWEEN 9252608 AND 9253607 ORDER BY c
	Sort  (cost=4017.73..4020.30 rows=1028 width=121)
	  Sort Key: c
	  ->  Bitmap Heap Scan on sbtest6  (cost=22.97..3966.31 rows=1028 width=121)
	        Recheck Cond: ((id >= 9252608) AND (id <= 9253607))
	        ->  Bitmap Index Scan on sbtest6_pkey  (cost=0.00..22.71 rows=1028 width=0)
	              Index Cond: ((id >= 9252608) AND (id <= 9253607))

table 7 : explain SELECT c FROM sbtest7 WHERE id BETWEEN 1064864 AND 1065863 ORDER BY c
	Sort  (cost=4131.82..4134.47 rows=1058 width=121)
	  Sort Key: c
	  ->  Bitmap Heap Scan on sbtest7  (cost=23.28..4078.67 rows=1058 width=121)
	        Recheck Cond: ((id >= 1064864) AND (id <= 1065863))
	        ->  Bitmap Index Scan on sbtest7_pkey  (cost=0.00..23.01 rows=1058 width=0)
	              Index Cond: ((id >= 1064864) AND (id <= 1065863))

table 8 : explain SELECT c FROM sbtest8 WHERE id BETWEEN 9707405 AND 9708404 ORDER BY c
	Sort  (cost=3616.66..3618.97 rows=923 width=121)
	  Sort Key: c
	  ->  Bitmap Heap Scan on sbtest8  (cost=21.90..3571.21 rows=923 width=121)
	        Recheck Cond: ((id >= 9707405) AND (id <= 9708404))
	        ->  Bitmap Index Scan on sbtest8_pkey  (cost=0.00..21.66 rows=923 width=0)
	              Index Cond: ((id >= 9707405) AND (id <= 9708404))

for: order_ranges
table 1 : explain SELECT c FROM sbtest1 WHERE id BETWEEN 9543037 AND 9544036 ORDER BY c
	Sort  (cost=4073.00..4075.60 rows=1043 width=121)
	  Sort Key: c
	  ->  Bitmap Heap Scan on sbtest1  (cost=23.13..4020.71 rows=1043 width=121)
	        Recheck Cond: ((id >= 9543037) AND (id <= 9544036))
	        ->  Bitmap Index Scan on sbtest1_pkey  (cost=0.00..22.86 rows=1043 width=0)
	              Index Cond: ((id >= 9543037) AND (id <= 9544036))

table 2 : explain SELECT c FROM sbtest2 WHERE id BETWEEN 3405486 AND 3406485 ORDER BY c
	Sort  (cost=3878.40..3880.88 rows=992 width=121)
	  Sort Key: c
	  ->  Bitmap Heap Scan on sbtest2  (cost=22.60..3829.03 rows=992 width=121)
	        Recheck Cond: ((id >= 3405486) AND (id <= 3406485))
	        ->  Bitmap Index Scan on sbtest2_pkey  (cost=0.00..22.36 rows=992 width=0)
	              Index Cond: ((id >= 3405486) AND (id <= 3406485))

table 3 : explain SELECT c FROM sbtest3 WHERE id BETWEEN 1780954 AND 1781953 ORDER BY c
	Sort  (cost=3664.54..3666.88 rows=936 width=121)
	  Sort Key: c
	  ->  Bitmap Heap Scan on sbtest3  (cost=22.03..3618.35 rows=936 width=121)
	        Recheck Cond: ((id >= 1780954) AND (id <= 1781953))
	        ->  Bitmap Index Scan on sbtest3_pkey  (cost=0.00..21.79 rows=936 width=0)
	              Index Cond: ((id >= 1780954) AND (id <= 1781953))

table 4 : explain SELECT c FROM sbtest4 WHERE id BETWEEN 9942502 AND 9943501 ORDER BY c
	Sort  (cost=4287.57..4290.31 rows=1099 width=121)
	  Sort Key: c
	  ->  Bitmap Heap Scan on sbtest4  (cost=27.70..4232.06 rows=1099 width=121)
	        Recheck Cond: ((id >= 9942502) AND (id <= 9943501))
	        ->  Bitmap Index Scan on sbtest4_pkey  (cost=0.00..27.43 rows=1099 width=0)
	              Index Cond: ((id >= 9942502) AND (id <= 9943501))

table 5 : explain SELECT c FROM sbtest5 WHERE id BETWEEN 2202760 AND 2203759 ORDER BY c
	Sort  (cost=3695.54..3697.90 rows=944 width=121)
	  Sort Key: c
	  ->  Bitmap Heap Scan on sbtest5  (cost=22.11..3648.89 rows=944 width=121)
	        Recheck Cond: ((id >= 2202760) AND (id <= 2203759))
	        ->  Bitmap Index Scan on sbtest5_pkey  (cost=0.00..21.87 rows=944 width=0)
	              Index Cond: ((id >= 2202760) AND (id <= 2203759))

table 6 : explain SELECT c FROM sbtest6 WHERE id BETWEEN 9712032 AND 9713031 ORDER BY c
	Sort  (cost=4113.18..4115.82 rows=1053 width=121)
	  Sort Key: c
	  ->  Bitmap Heap Scan on sbtest6  (cost=23.23..4060.32 rows=1053 width=121)
	        Recheck Cond: ((id >= 9712032) AND (id <= 9713031))
	        ->  Bitmap Index Scan on sbtest6_pkey  (cost=0.00..22.96 rows=1053 width=0)
	              Index Cond: ((id >= 9712032) AND (id <= 9713031))

table 7 : explain SELECT c FROM sbtest7 WHERE id BETWEEN 7459845 AND 7460844 ORDER BY c
	Sort  (cost=4063.13..4065.73 rows=1040 width=121)
	  Sort Key: c
	  ->  Bitmap Heap Scan on sbtest7  (cost=23.09..4011.01 rows=1040 width=121)
	        Recheck Cond: ((id >= 7459845) AND (id <= 7460844))
	        ->  Bitmap Index Scan on sbtest7_pkey  (cost=0.00..22.83 rows=1040 width=0)
	              Index Cond: ((id >= 7459845) AND (id <= 7460844))

table 8 : explain SELECT c FROM sbtest8 WHERE id BETWEEN 9323565 AND 9324564 ORDER BY c
	Sort  (cost=3689.48..3691.83 rows=942 width=121)
	  Sort Key: c
	  ->  Bitmap Heap Scan on sbtest8  (cost=22.09..3642.95 rows=942 width=121)
	        Recheck Cond: ((id >= 9323565) AND (id <= 9324564))
	        ->  Bitmap Index Scan on sbtest8_pkey  (cost=0.00..21.86 rows=942 width=0)
	              Index Cond: ((id >= 9323565) AND (id <= 9324564))

for: order_ranges
table 1 : explain SELECT c FROM sbtest1 WHERE id BETWEEN 1430196 AND 1431195 ORDER BY c
	Sort  (cost=4080.63..4083.24 rows=1045 width=121)
	  Sort Key: c
	  ->  Bitmap Heap Scan on sbtest1  (cost=23.15..4028.22 rows=1045 width=121)
	        Recheck Cond: ((id >= 1430196) AND (id <= 1431195))
	        ->  Bitmap Index Scan on sbtest1_pkey  (cost=0.00..22.89 rows=1045 width=0)
	              Index Cond: ((id >= 1430196) AND (id <= 1431195))

table 2 : explain SELECT c FROM sbtest2 WHERE id BETWEEN 8958813 AND 8959812 ORDER BY c
	Sort  (cost=3717.80..3720.17 rows=950 width=121)
	  Sort Key: c
	  ->  Bitmap Heap Scan on sbtest2  (cost=22.17..3670.81 rows=950 width=121)
	        Recheck Cond: ((id >= 8958813) AND (id <= 8959812))
	        ->  Bitmap Index Scan on sbtest2_pkey  (cost=0.00..21.93 rows=950 width=0)
	              Index Cond: ((id >= 8958813) AND (id <= 8959812))

table 3 : explain SELECT c FROM sbtest3 WHERE id BETWEEN 887263 AND 888262 ORDER BY c
	Sort  (cost=4157.42..4160.08 rows=1065 width=121)
	  Sort Key: c
	  ->  Bitmap Heap Scan on sbtest3  (cost=23.35..4103.86 rows=1065 width=121)
	        Recheck Cond: ((id >= 887263) AND (id <= 888262))
	        ->  Bitmap Index Scan on sbtest3_pkey  (cost=0.00..23.08 rows=1065 width=0)
	              Index Cond: ((id >= 887263) AND (id <= 888262))

table 4 : explain SELECT c FROM sbtest4 WHERE id BETWEEN 9219894 AND 9220893 ORDER BY c
	Sort  (cost=3943.98..3946.50 rows=1009 width=121)
	  Sort Key: c
	  ->  Bitmap Heap Scan on sbtest4  (cost=22.78..3893.64 rows=1009 width=121)
	        Recheck Cond: ((id >= 9219894) AND (id <= 9220893))
	        ->  Bitmap Index Scan on sbtest4_pkey  (cost=0.00..22.52 rows=1009 width=0)
	              Index Cond: ((id >= 9219894) AND (id <= 9220893))

table 5 : explain SELECT c FROM sbtest5 WHERE id BETWEEN 242409 AND 243408 ORDER BY c
	Sort  (cost=4096.83..4099.45 rows=1049 width=121)
	  Sort Key: c
	  ->  Bitmap Heap Scan on sbtest5  (cost=23.19..4044.19 rows=1049 width=121)
	        Recheck Cond: ((id >= 242409) AND (id <= 243408))
	        ->  Bitmap Index Scan on sbtest5_pkey  (cost=0.00..22.93 rows=1049 width=0)
	              Index Cond: ((id >= 242409) AND (id <= 243408))

table 6 : explain SELECT c FROM sbtest6 WHERE id BETWEEN 819547 AND 820546 ORDER BY c
	Sort  (cost=4094.10..4096.72 rows=1048 width=121)
	  Sort Key: c
	  ->  Bitmap Heap Scan on sbtest6  (cost=23.18..4041.52 rows=1048 width=121)
	        Recheck Cond: ((id >= 819547) AND (id <= 820546))
	        ->  Bitmap Index Scan on sbtest6_pkey  (cost=0.00..22.91 rows=1048 width=0)
	              Index Cond: ((id >= 819547) AND (id <= 820546))

table 7 : explain SELECT c FROM sbtest7 WHERE id BETWEEN 6748556 AND 6749555 ORDER BY c
	Sort  (cost=4116.56..4119.19 rows=1054 width=121)
	  Sort Key: c
	  ->  Bitmap Heap Scan on sbtest7  (cost=23.24..4063.64 rows=1054 width=121)
	        Recheck Cond: ((id >= 6748556) AND (id <= 6749555))
	        ->  Bitmap Index Scan on sbtest7_pkey  (cost=0.00..22.97 rows=1054 width=0)
	              Index Cond: ((id >= 6748556) AND (id <= 6749555))

table 8 : explain SELECT c FROM sbtest8 WHERE id BETWEEN 8579157 AND 8580156 ORDER BY c
	Sort  (cost=3911.48..3913.98 rows=1000 width=121)
	  Sort Key: c
	  ->  Bitmap Heap Scan on sbtest8  (cost=22.68..3861.65 rows=1000 width=121)
	        Recheck Cond: ((id >= 8579157) AND (id <= 8580156))
	        ->  Bitmap Index Scan on sbtest8_pkey  (cost=0.00..22.43 rows=1000 width=0)
	              Index Cond: ((id >= 8579157) AND (id <= 8580156))

explain: for point_selects :: explain SELECT c FROM sbtest%u WHERE id=%u
for: simple_ranges
table 1 : explain SELECT c FROM sbtest1 WHERE id BETWEEN 4364826 AND 4365825
	Bitmap Heap Scan on sbtest1  (cost=23.00..3975.61 rows=1031 width=121)
	  Recheck Cond: ((id >= 4364826) AND (id <= 4365825))
	  ->  Bitmap Index Scan on sbtest1_pkey  (cost=0.00..22.75 rows=1031 width=0)
	        Index Cond: ((id >= 4364826) AND (id <= 4365825))

table 2 : explain SELECT c FROM sbtest2 WHERE id BETWEEN 249898 AND 250897
	Bitmap Heap Scan on sbtest2  (cost=27.87..4295.07 rows=1116 width=121)
	  Recheck Cond: ((id >= 249898) AND (id <= 250897))
	  ->  Bitmap Index Scan on sbtest2_pkey  (cost=0.00..27.59 rows=1116 width=0)
	        Index Cond: ((id >= 249898) AND (id <= 250897))

table 3 : explain SELECT c FROM sbtest3 WHERE id BETWEEN 1617140 AND 1618139
	Bitmap Heap Scan on sbtest3  (cost=23.11..4013.70 rows=1041 width=121)
	  Recheck Cond: ((id >= 1617140) AND (id <= 1618139))
	  ->  Bitmap Index Scan on sbtest3_pkey  (cost=0.00..22.84 rows=1041 width=0)
	        Index Cond: ((id >= 1617140) AND (id <= 1618139))

table 4 : explain SELECT c FROM sbtest4 WHERE id BETWEEN 8113186 AND 8114185
	Bitmap Heap Scan on sbtest4  (cost=21.48..3414.67 rows=882 width=121)
	  Recheck Cond: ((id >= 8113186) AND (id <= 8114185))
	  ->  Bitmap Index Scan on sbtest4_pkey  (cost=0.00..21.25 rows=882 width=0)
	        Index Cond: ((id >= 8113186) AND (id <= 8114185))

table 5 : explain SELECT c FROM sbtest5 WHERE id BETWEEN 4593800 AND 4594799
	Bitmap Heap Scan on sbtest5  (cost=23.30..4085.52 rows=1060 width=121)
	  Recheck Cond: ((id >= 4593800) AND (id <= 4594799))
	  ->  Bitmap Index Scan on sbtest5_pkey  (cost=0.00..23.04 rows=1060 width=0)
	        Index Cond: ((id >= 4593800) AND (id <= 4594799))

table 6 : explain SELECT c FROM sbtest6 WHERE id BETWEEN 8552219 AND 8553218
	Bitmap Heap Scan on sbtest6  (cost=22.83..3913.62 rows=1014 width=121)
	  Recheck Cond: ((id >= 8552219) AND (id <= 8553218))
	  ->  Bitmap Index Scan on sbtest6_pkey  (cost=0.00..22.57 rows=1014 width=0)
	        Index Cond: ((id >= 8552219) AND (id <= 8553218))

table 7 : explain SELECT c FROM sbtest7 WHERE id BETWEEN 9824867 AND 9825866
	Bitmap Heap Scan on sbtest7  (cost=22.94..3954.60 rows=1025 width=121)
	  Recheck Cond: ((id >= 9824867) AND (id <= 9825866))
	  ->  Bitmap Index Scan on sbtest7_pkey  (cost=0.00..22.68 rows=1025 width=0)
	        Index Cond: ((id >= 9824867) AND (id <= 9825866))

table 8 : explain SELECT c FROM sbtest8 WHERE id BETWEEN 9348458 AND 9349457
	Bitmap Heap Scan on sbtest8  (cost=22.09..3642.95 rows=942 width=121)
	  Recheck Cond: ((id >= 9348458) AND (id <= 9349457))
	  ->  Bitmap Index Scan on sbtest8_pkey  (cost=0.00..21.86 rows=942 width=0)
	        Index Cond: ((id >= 9348458) AND (id <= 9349457))

for: distinct_ranges
table 1 : explain SELECT DISTINCT c FROM sbtest1 WHERE id BETWEEN 2409982 AND 2410981 ORDER BY c
	Unique  (cost=4103.51..4108.77 rows=1051 width=121)
	  ->  Sort  (cost=4103.51..4106.14 rows=1051 width=121)
	        Sort Key: c
	        ->  Bitmap Heap Scan on sbtest1  (cost=23.21..4050.76 rows=1051 width=121)
	              Recheck Cond: ((id >= 2409982) AND (id <= 2410981))
	              ->  Bitmap Index Scan on sbtest1_pkey  (cost=0.00..22.94 rows=1051 width=0)
	                    Index Cond: ((id >= 2409982) AND (id <= 2410981))

table 2 : explain SELECT DISTINCT c FROM sbtest2 WHERE id BETWEEN 3607114 AND 3608113 ORDER BY c
	Unique  (cost=3943.34..3948.39 rows=1009 width=121)
	  ->  Sort  (cost=3943.34..3945.86 rows=1009 width=121)
	        Sort Key: c
	        ->  Bitmap Heap Scan on sbtest2  (cost=22.78..3893.00 rows=1009 width=121)
	              Recheck Cond: ((id >= 3607114) AND (id <= 3608113))
	              ->  Bitmap Index Scan on sbtest2_pkey  (cost=0.00..22.52 rows=1009 width=0)
	                    Index Cond: ((id >= 3607114) AND (id <= 3608113))

table 3 : explain SELECT DISTINCT c FROM sbtest3 WHERE id BETWEEN 8566963 AND 8567962 ORDER BY c
	Unique  (cost=3557.29..3561.83 rows=908 width=121)
	  ->  Sort  (cost=3557.29..3559.56 rows=908 width=121)
	        Sort Key: c
	        ->  Bitmap Heap Scan on sbtest3  (cost=21.74..3512.67 rows=908 width=121)
	              Recheck Cond: ((id >= 8566963) AND (id <= 8567962))
	              ->  Bitmap Index Scan on sbtest3_pkey  (cost=0.00..21.51 rows=908 width=0)
	                    Index Cond: ((id >= 8566963) AND (id <= 8567962))

table 4 : explain SELECT DISTINCT c FROM sbtest4 WHERE id BETWEEN 8378654 AND 8379653 ORDER BY c
	Unique  (cost=3989.81..3994.92 rows=1021 width=121)
	  ->  Sort  (cost=3989.81..3992.36 rows=1021 width=121)
	        Sort Key: c
	        ->  Bitmap Heap Scan on sbtest4  (cost=22.90..3938.78 rows=1021 width=121)
	              Recheck Cond: ((id >= 8378654) AND (id <= 8379653))
	              ->  Bitmap Index Scan on sbtest4_pkey  (cost=0.00..22.64 rows=1021 width=0)
	                    Index Cond: ((id >= 8378654) AND (id <= 8379653))

table 5 : explain SELECT DISTINCT c FROM sbtest5 WHERE id BETWEEN 4974725 AND 4975724 ORDER BY c
	Unique  (cost=3530.80..3535.30 rows=901 width=121)
	  ->  Sort  (cost=3530.80..3533.05 rows=901 width=121)
	        Sort Key: c
	        ->  Bitmap Heap Scan on sbtest5  (cost=21.67..3486.58 rows=901 width=121)
	              Recheck Cond: ((id >= 4974725) AND (id <= 4975724))
	              ->  Bitmap Index Scan on sbtest5_pkey  (cost=0.00..21.44 rows=901 width=0)
	                    Index Cond: ((id >= 4974725) AND (id <= 4975724))

table 6 : explain SELECT DISTINCT c FROM sbtest6 WHERE id BETWEEN 3320011 AND 3321010 ORDER BY c
	Unique  (cost=4139.90..4145.20 rows=1060 width=121)
	  ->  Sort  (cost=4139.90..4142.55 rows=1060 width=121)
	        Sort Key: c
	        ->  Bitmap Heap Scan on sbtest6  (cost=23.30..4086.63 rows=1060 width=121)
	              Recheck Cond: ((id >= 3320011) AND (id <= 3321010))
	              ->  Bitmap Index Scan on sbtest6_pkey  (cost=0.00..23.04 rows=1060 width=0)
	                    Index Cond: ((id >= 3320011) AND (id <= 3321010))

table 7 : explain SELECT DISTINCT c FROM sbtest7 WHERE id BETWEEN 9989229 AND 9990228 ORDER BY c
	Unique  (cost=3833.86..3838.76 rows=980 width=121)
	  ->  Sort  (cost=3833.86..3836.31 rows=980 width=121)
	        Sort Key: c
	        ->  Bitmap Heap Scan on sbtest7  (cost=22.48..3785.18 rows=980 width=121)
	              Recheck Cond: ((id >= 9989229) AND (id <= 9990228))
	              ->  Bitmap Index Scan on sbtest7_pkey  (cost=0.00..22.23 rows=980 width=0)
	                    Index Cond: ((id >= 9989229) AND (id <= 9990228))

table 8 : explain SELECT DISTINCT c FROM sbtest8 WHERE id BETWEEN 6521567 AND 6522566 ORDER BY c
	Unique  (cost=3907.65..3912.65 rows=999 width=121)
	  ->  Sort  (cost=3907.65..3910.15 rows=999 width=121)
	        Sort Key: c
	        ->  Bitmap Heap Scan on sbtest8  (cost=22.67..3857.88 rows=999 width=121)
	              Recheck Cond: ((id >= 6521567) AND (id <= 6522566))
	              ->  Bitmap Index Scan on sbtest8_pkey  (cost=0.00..22.43 rows=999 width=0)
	                    Index Cond: ((id >= 6521567) AND (id <= 6522566))

explain: for point_selects :: explain SELECT c FROM sbtest%u WHERE id=%u
for: distinct_ranges
table 1 : explain SELECT DISTINCT c FROM sbtest1 WHERE id BETWEEN 1954793 AND 1955792 ORDER BY c
	Unique  (cost=4023.40..4028.55 rows=1030 width=121)
	  ->  Sort  (cost=4023.40..4025.97 rows=1030 width=121)
	        Sort Key: c
	        ->  Bitmap Heap Scan on sbtest1  (cost=22.99..3971.85 rows=1030 width=121)
	              Recheck Cond: ((id >= 1954793) AND (id <= 1955792))
	              ->  Bitmap Index Scan on sbtest1_pkey  (cost=0.00..22.73 rows=1030 width=0)
	                    Index Cond: ((id >= 1954793) AND (id <= 1955792))

table 2 : explain SELECT DISTINCT c FROM sbtest2 WHERE id BETWEEN 6335453 AND 6336452 ORDER BY c
	Unique  (cost=3702.49..3707.22 rows=946 width=121)
	  ->  Sort  (cost=3702.49..3704.86 rows=946 width=121)
	        Sort Key: c
	        ->  Bitmap Heap Scan on sbtest2  (cost=22.13..3655.73 rows=946 width=121)
	              Recheck Cond: ((id >= 6335453) AND (id <= 6336452))
	              ->  Bitmap Index Scan on sbtest2_pkey  (cost=0.00..21.89 rows=946 width=0)
	                    Index Cond: ((id >= 6335453) AND (id <= 6336452))

table 3 : explain SELECT DISTINCT c FROM sbtest3 WHERE id BETWEEN 6718234 AND 6719233 ORDER BY c
	Unique  (cost=4233.65..4239.07 rows=1085 width=121)
	  ->  Sort  (cost=4233.65..4236.36 rows=1085 width=121)
	        Sort Key: c
	        ->  Bitmap Heap Scan on sbtest3  (cost=23.56..4178.95 rows=1085 width=121)
	              Recheck Cond: ((id >= 6718234) AND (id <= 6719233))
	              ->  Bitmap Index Scan on sbtest3_pkey  (cost=0.00..23.29 rows=1085 width=0)
	                    Index Cond: ((id >= 6718234) AND (id <= 6719233))

table 4 : explain SELECT DISTINCT c FROM sbtest4 WHERE id BETWEEN 1618502 AND 1619501 ORDER BY c
	Unique  (cost=4104.31..4109.57 rows=1051 width=121)
	  ->  Sort  (cost=4104.31..4106.94 rows=1051 width=121)
	        Sort Key: c
	        ->  Bitmap Heap Scan on sbtest4  (cost=23.21..4051.57 rows=1051 width=121)
	              Recheck Cond: ((id >= 1618502) AND (id <= 1619501))
	              ->  Bitmap Index Scan on sbtest4_pkey  (cost=0.00..22.94 rows=1051 width=0)
	                    Index Cond: ((id >= 1618502) AND (id <= 1619501))

table 5 : explain SELECT DISTINCT c FROM sbtest5 WHERE id BETWEEN 9299992 AND 9300991 ORDER BY c
	Unique  (cost=4104.46..4109.71 rows=1051 width=121)
	  ->  Sort  (cost=4104.46..4107.09 rows=1051 width=121)
	        Sort Key: c
	        ->  Bitmap Heap Scan on sbtest5  (cost=23.21..4051.71 rows=1051 width=121)
	              Recheck Cond: ((id >= 9299992) AND (id <= 9300991))
	              ->  Bitmap Index Scan on sbtest5_pkey  (cost=0.00..22.94 rows=1051 width=0)
	                    Index Cond: ((id >= 9299992) AND (id <= 9300991))

table 6 : explain SELECT DISTINCT c FROM sbtest6 WHERE id BETWEEN 7161940 AND 7162939 ORDER BY c
	Unique  (cost=4292.70..4298.20 rows=1100 width=121)
	  ->  Sort  (cost=4292.70..4295.45 rows=1100 width=121)
	        Sort Key: c
	        ->  Bitmap Heap Scan on sbtest6  (cost=27.71..4237.13 rows=1100 width=121)
	              Recheck Cond: ((id >= 7161940) AND (id <= 7162939))
	              ->  Bitmap Index Scan on sbtest6_pkey  (cost=0.00..27.43 rows=1100 width=0)
	                    Index Cond: ((id >= 7161940) AND (id <= 7162939))

table 7 : explain SELECT DISTINCT c FROM sbtest7 WHERE id BETWEEN 5241178 AND 5242177 ORDER BY c
	Unique  (cost=3630.98..3635.61 rows=927 width=121)
	  ->  Sort  (cost=3630.98..3633.30 rows=927 width=121)
	        Sort Key: c
	        ->  Bitmap Heap Scan on sbtest7  (cost=21.94..3585.29 rows=927 width=121)
	              Recheck Cond: ((id >= 5241178) AND (id <= 5242177))
	              ->  Bitmap Index Scan on sbtest7_pkey  (cost=0.00..21.70 rows=927 width=0)
	                    Index Cond: ((id >= 5241178) AND (id <= 5242177))

table 8 : explain SELECT DISTINCT c FROM sbtest8 WHERE id BETWEEN 5127776 AND 5128775 ORDER BY c
	Unique  (cost=3574.49..3579.05 rows=912 width=121)
	  ->  Sort  (cost=3574.49..3576.77 rows=912 width=121)
	        Sort Key: c
	        ->  Bitmap Heap Scan on sbtest8  (cost=21.78..3529.65 rows=912 width=121)
	              Recheck Cond: ((id >= 5127776) AND (id <= 5128775))
	              ->  Bitmap Index Scan on sbtest8_pkey  (cost=0.00..21.55 rows=912 width=0)
	                    Index Cond: ((id >= 5127776) AND (id <= 5128775))

for: distinct_ranges
table 1 : explain SELECT DISTINCT c FROM sbtest1 WHERE id BETWEEN 4888401 AND 4889400 ORDER BY c
	Unique  (cost=4400.90..4406.55 rows=1129 width=121)
	  ->  Sort  (cost=4400.90..4403.72 rows=1129 width=121)
	        Sort Key: c
	        ->  Bitmap Heap Scan on sbtest1  (cost=28.01..4343.66 rows=1129 width=121)
	              Recheck Cond: ((id >= 4888401) AND (id <= 4889400))
	              ->  Bitmap Index Scan on sbtest1_pkey  (cost=0.00..27.72 rows=1129 width=0)
	                    Index Cond: ((id >= 4888401) AND (id <= 4889400))

table 2 : explain SELECT DISTINCT c FROM sbtest2 WHERE id BETWEEN 5741838 AND 5742837 ORDER BY c
	Unique  (cost=3468.80..3473.23 rows=885 width=121)
	  ->  Sort  (cost=3468.80..3471.02 rows=885 width=121)
	        Sort Key: c
	        ->  Bitmap Heap Scan on sbtest2  (cost=21.51..3425.49 rows=885 width=121)
	              Recheck Cond: ((id >= 5741838) AND (id <= 5742837))
	              ->  Bitmap Index Scan on sbtest2_pkey  (cost=0.00..21.29 rows=885 width=0)
	                    Index Cond: ((id >= 5741838) AND (id <= 5742837))

table 3 : explain SELECT DISTINCT c FROM sbtest3 WHERE id BETWEEN 7647236 AND 7648235 ORDER BY c
	Unique  (cost=3744.92..3749.70 rows=957 width=121)
	  ->  Sort  (cost=3744.92..3747.31 rows=957 width=121)
	        Sort Key: c
	        ->  Bitmap Heap Scan on sbtest3  (cost=22.24..3697.54 rows=957 width=121)
	              Recheck Cond: ((id >= 7647236) AND (id <= 7648235))
	              ->  Bitmap Index Scan on sbtest3_pkey  (cost=0.00..22.00 rows=957 width=0)
	                    Index Cond: ((id >= 7647236) AND (id <= 7648235))

table 4 : explain SELECT DISTINCT c FROM sbtest4 WHERE id BETWEEN 3878027 AND 3879026 ORDER BY c
	Unique  (cost=3875.20..3880.15 rows=991 width=121)
	  ->  Sort  (cost=3875.20..3877.68 rows=991 width=121)
	        Sort Key: c
	        ->  Bitmap Heap Scan on sbtest4  (cost=22.59..3825.88 rows=991 width=121)
	              Recheck Cond: ((id >= 3878027) AND (id <= 3879026))
	              ->  Bitmap Index Scan on sbtest4_pkey  (cost=0.00..22.34 rows=991 width=0)
	                    Index Cond: ((id >= 3878027) AND (id <= 3879026))

table 5 : explain SELECT DISTINCT c FROM sbtest5 WHERE id BETWEEN 2512709 AND 2513708 ORDER BY c
	Unique  (cost=3894.44..3899.42 rows=996 width=121)
	  ->  Sort  (cost=3894.44..3896.93 rows=996 width=121)
	        Sort Key: c
	        ->  Bitmap Heap Scan on sbtest5  (cost=22.64..3844.84 rows=996 width=121)
	              Recheck Cond: ((id >= 2512709) AND (id <= 2513708))
	              ->  Bitmap Index Scan on sbtest5_pkey  (cost=0.00..22.39 rows=996 width=0)
	                    Index Cond: ((id >= 2512709) AND (id <= 2513708))

table 6 : explain SELECT DISTINCT c FROM sbtest6 WHERE id BETWEEN 982829 AND 983828 ORDER BY c
	Unique  (cost=3593.01..3597.60 rows=917 width=121)
	  ->  Sort  (cost=3593.01..3595.31 rows=917 width=121)
	        Sort Key: c
	        ->  Bitmap Heap Scan on sbtest6  (cost=21.83..3547.89 rows=917 width=121)
	              Recheck Cond: ((id >= 982829) AND (id <= 983828))
	              ->  Bitmap Index Scan on sbtest6_pkey  (cost=0.00..21.61 rows=917 width=0)
	                    Index Cond: ((id >= 982829) AND (id <= 983828))

table 7 : explain SELECT DISTINCT c FROM sbtest7 WHERE id BETWEEN 2158474 AND 2159473 ORDER BY c
	Unique  (cost=4189.04..4194.40 rows=1073 width=121)
	  ->  Sort  (cost=4189.04..4191.72 rows=1073 width=121)
	        Sort Key: c
	        ->  Bitmap Heap Scan on sbtest7  (cost=23.43..4135.02 rows=1073 width=121)
	              Recheck Cond: ((id >= 2158474) AND (id <= 2159473))
	              ->  Bitmap Index Scan on sbtest7_pkey  (cost=0.00..23.16 rows=1073 width=0)
	                    Index Cond: ((id >= 2158474) AND (id <= 2159473))

table 8 : explain SELECT DISTINCT c FROM sbtest8 WHERE id BETWEEN 2574877 AND 2575876 ORDER BY c
	Unique  (cost=3842.63..3847.54 rows=982 width=121)
	  ->  Sort  (cost=3842.63..3845.08 rows=982 width=121)
	        Sort Key: c
	        ->  Bitmap Heap Scan on sbtest8  (cost=22.50..3793.82 rows=982 width=121)
	              Recheck Cond: ((id >= 2574877) AND (id <= 2575876))
	              ->  Bitmap Index Scan on sbtest8_pkey  (cost=0.00..22.25 rows=982 width=0)
	                    Index Cond: ((id >= 2574877) AND (id <= 2575876))

for: sum_ranges
table 1 : explain SELECT SUM(k) FROM sbtest1 WHERE id BETWEEN 3524219 AND 3525218
	Aggregate  (cost=3778.65..3778.66 rows=1 width=8)
	  ->  Bitmap Heap Scan on sbtest1  (cost=22.46..3776.20 rows=978 width=4)
	        Recheck Cond: ((id >= 3524219) AND (id <= 3525218))
	        ->  Bitmap Index Scan on sbtest1_pkey  (cost=0.00..22.21 rows=978 width=0)
	              Index Cond: ((id >= 3524219) AND (id <= 3525218))

table 2 : explain SELECT SUM(k) FROM sbtest2 WHERE id BETWEEN 2870033 AND 2871032
	Aggregate  (cost=3669.41..3669.42 rows=1 width=8)
	  ->  Bitmap Heap Scan on sbtest2  (cost=22.16..3667.04 rows=949 width=4)
	        Recheck Cond: ((id >= 2870033) AND (id <= 2871032))
	        ->  Bitmap Index Scan on sbtest2_pkey  (cost=0.00..21.93 rows=949 width=0)
	              Index Cond: ((id >= 2870033) AND (id <= 2871032))

table 3 : explain SELECT SUM(k) FROM sbtest3 WHERE id BETWEEN 6311011 AND 6312010
	Aggregate  (cost=3884.59..3884.60 rows=1 width=8)
	  ->  Bitmap Heap Scan on sbtest3  (cost=22.75..3882.08 rows=1006 width=4)
	        Recheck Cond: ((id >= 6311011) AND (id <= 6312010))
	        ->  Bitmap Index Scan on sbtest3_pkey  (cost=0.00..22.50 rows=1006 width=0)
	              Index Cond: ((id >= 6311011) AND (id <= 6312010))

table 4 : explain SELECT SUM(k) FROM sbtest4 WHERE id BETWEEN 5433382 AND 5434381
	Aggregate  (cost=4133.13..4133.14 rows=1 width=8)
	  ->  Bitmap Heap Scan on sbtest4  (cost=23.42..4130.45 rows=1072 width=4)
	        Recheck Cond: ((id >= 5433382) AND (id <= 5434381))
	        ->  Bitmap Index Scan on sbtest4_pkey  (cost=0.00..23.15 rows=1072 width=0)
	              Index Cond: ((id >= 5433382) AND (id <= 5434381))

table 5 : explain SELECT SUM(k) FROM sbtest5 WHERE id BETWEEN 9074043 AND 9075042
	Aggregate  (cost=3794.58..3794.59 rows=1 width=8)
	  ->  Bitmap Heap Scan on sbtest5  (cost=22.50..3792.12 rows=982 width=4)
	        Recheck Cond: ((id >= 9074043) AND (id <= 9075042))
	        ->  Bitmap Index Scan on sbtest5_pkey  (cost=0.00..22.25 rows=982 width=0)
	              Index Cond: ((id >= 9074043) AND (id <= 9075042))

table 6 : explain SELECT SUM(k) FROM sbtest6 WHERE id BETWEEN 2938315 AND 2939314
	Aggregate  (cost=3682.38..3682.39 rows=1 width=8)
	  ->  Bitmap Heap Scan on sbtest6  (cost=22.19..3680.00 rows=952 width=4)
	        Recheck Cond: ((id >= 2938315) AND (id <= 2939314))
	        ->  Bitmap Index Scan on sbtest6_pkey  (cost=0.00..21.95 rows=952 width=0)
	              Index Cond: ((id >= 2938315) AND (id <= 2939314))

table 7 : explain SELECT SUM(k) FROM sbtest7 WHERE id BETWEEN 4853519 AND 4854518
	Aggregate  (cost=4231.90..4231.91 rows=1 width=8)
	  ->  Bitmap Heap Scan on sbtest7  (cost=27.69..4229.15 rows=1098 width=4)
	        Recheck Cond: ((id >= 4853519) AND (id <= 4854518))
	        ->  Bitmap Index Scan on sbtest7_pkey  (cost=0.00..27.41 rows=1098 width=0)
	              Index Cond: ((id >= 4853519) AND (id <= 4854518))

table 8 : explain SELECT SUM(k) FROM sbtest8 WHERE id BETWEEN 8046668 AND 8047667
	Aggregate  (cost=3565.95..3565.96 rows=1 width=8)
	  ->  Bitmap Heap Scan on sbtest8  (cost=21.88..3563.65 rows=921 width=4)
	        Recheck Cond: ((id >= 8046668) AND (id <= 8047667))
	        ->  Bitmap Index Scan on sbtest8_pkey  (cost=0.00..21.64 rows=921 width=0)
	              Index Cond: ((id >= 8046668) AND (id <= 8047667))

for point_selects
table 1 : explain SELECT c FROM sbtest1 WHERE id=5851765
	Index Scan using sbtest1_pkey on sbtest1  (cost=0.43..8.45 rows=1 width=121)
	  Index Cond: (id = 5851765)

table 2 : explain SELECT c FROM sbtest2 WHERE id=1428412
	Index Scan using sbtest2_pkey on sbtest2  (cost=0.43..8.45 rows=1 width=121)
	  Index Cond: (id = 1428412)

table 3 : explain SELECT c FROM sbtest3 WHERE id=5463528
	Index Scan using sbtest3_pkey on sbtest3  (cost=0.43..8.45 rows=1 width=121)
	  Index Cond: (id = 5463528)

table 4 : explain SELECT c FROM sbtest4 WHERE id=6735458
	Index Scan using sbtest4_pkey on sbtest4  (cost=0.43..8.45 rows=1 width=121)
	  Index Cond: (id = 6735458)

table 5 : explain SELECT c FROM sbtest5 WHERE id=6517285
	Index Scan using sbtest5_pkey on sbtest5  (cost=0.43..8.45 rows=1 width=121)
	  Index Cond: (id = 6517285)

table 6 : explain SELECT c FROM sbtest6 WHERE id=9019962
	Index Scan using sbtest6_pkey on sbtest6  (cost=0.43..8.45 rows=1 width=121)
	  Index Cond: (id = 9019962)

table 7 : explain SELECT c FROM sbtest7 WHERE id=9957136
	Index Scan using sbtest7_pkey on sbtest7  (cost=0.43..8.45 rows=1 width=121)
	  Index Cond: (id = 9957136)

table 8 : explain SELECT c FROM sbtest8 WHERE id=1119325
	Index Scan using sbtest8_pkey on sbtest8  (cost=0.43..8.45 rows=1 width=121)
	  Index Cond: (id = 1119325)

for: order_ranges
table 1 : explain SELECT c FROM sbtest1 WHERE id BETWEEN 6397855 AND 6398854 ORDER BY c
	Sort  (cost=3950.86..3953.39 rows=1011 width=121)
	  Sort Key: c
	  ->  Bitmap Heap Scan on sbtest1  (cost=22.80..3900.41 rows=1011 width=121)
	        Recheck Cond: ((id >= 6397855) AND (id <= 6398854))
	        ->  Bitmap Index Scan on sbtest1_pkey  (cost=0.00..22.54 rows=1011 width=0)
	              Index Cond: ((id >= 6397855) AND (id <= 6398854))

table 2 : explain SELECT c FROM sbtest2 WHERE id BETWEEN 4711723 AND 4712722 ORDER BY c
	Sort  (cost=4160.83..4163.49 rows=1066 width=121)
	  Sort Key: c
	  ->  Bitmap Heap Scan on sbtest2  (cost=23.36..4107.22 rows=1066 width=121)
	        Recheck Cond: ((id >= 4711723) AND (id <= 4712722))
	        ->  Bitmap Index Scan on sbtest2_pkey  (cost=0.00..23.09 rows=1066 width=0)
	              Index Cond: ((id >= 4711723) AND (id <= 4712722))

table 3 : explain SELECT c FROM sbtest3 WHERE id BETWEEN 8480452 AND 8481451 ORDER BY c
	Sort  (cost=4378.64..4381.44 rows=1123 width=121)
	  Sort Key: c
	  ->  Bitmap Heap Scan on sbtest3  (cost=27.95..4321.74 rows=1123 width=121)
	        Recheck Cond: ((id >= 8480452) AND (id <= 8481451))
	        ->  Bitmap Index Scan on sbtest3_pkey  (cost=0.00..27.66 rows=1123 width=0)
	              Index Cond: ((id >= 8480452) AND (id <= 8481451))

table 4 : explain SELECT c FROM sbtest4 WHERE id BETWEEN 4891325 AND 4892324 ORDER BY c
	Sort  (cost=3733.69..3736.08 rows=954 width=121)
	  Sort Key: c
	  ->  Bitmap Heap Scan on sbtest4  (cost=22.21..3686.48 rows=954 width=121)
	        Recheck Cond: ((id >= 4891325) AND (id <= 4892324))
	        ->  Bitmap Index Scan on sbtest4_pkey  (cost=0.00..21.97 rows=954 width=0)
	              Index Cond: ((id >= 4891325) AND (id <= 4892324))

table 5 : explain SELECT c FROM sbtest5 WHERE id BETWEEN 3668397 AND 3669396 ORDER BY c
	Sort  (cost=4077.75..4080.36 rows=1044 width=121)
	  Sort Key: c
	  ->  Bitmap Heap Scan on sbtest5  (cost=23.14..4025.40 rows=1044 width=121)
	        Recheck Cond: ((id >= 3668397) AND (id <= 3669396))
	        ->  Bitmap Index Scan on sbtest5_pkey  (cost=0.00..22.87 rows=1044 width=0)
	              Index Cond: ((id >= 3668397) AND (id <= 3669396))

table 6 : explain SELECT c FROM sbtest6 WHERE id BETWEEN 9163733 AND 9164732 ORDER BY c
	Sort  (cost=4055.92..4058.52 rows=1038 width=121)
	  Sort Key: c
	  ->  Bitmap Heap Scan on sbtest6  (cost=23.07..4003.92 rows=1038 width=121)
	        Recheck Cond: ((id >= 9163733) AND (id <= 9164732))
	        ->  Bitmap Index Scan on sbtest6_pkey  (cost=0.00..22.82 rows=1038 width=0)
	              Index Cond: ((id >= 9163733) AND (id <= 9164732))

table 7 : explain SELECT c FROM sbtest7 WHERE id BETWEEN 2151580 AND 2152579 ORDER BY c
	Sort  (cost=4189.04..4191.72 rows=1073 width=121)
	  Sort Key: c
	  ->  Bitmap Heap Scan on sbtest7  (cost=23.43..4135.02 rows=1073 width=121)
	        Recheck Cond: ((id >= 2151580) AND (id <= 2152579))
	        ->  Bitmap Index Scan on sbtest7_pkey  (cost=0.00..23.16 rows=1073 width=0)
	              Index Cond: ((id >= 2151580) AND (id <= 2152579))

table 8 : explain SELECT c FROM sbtest8 WHERE id BETWEEN 2580868 AND 2581867 ORDER BY c
	Sort  (cost=3842.63..3845.08 rows=982 width=121)
	  Sort Key: c
	  ->  Bitmap Heap Scan on sbtest8  (cost=22.50..3793.82 rows=982 width=121)
	        Recheck Cond: ((id >= 2580868) AND (id <= 2581867))
	        ->  Bitmap Index Scan on sbtest8_pkey  (cost=0.00..22.25 rows=982 width=0)
	              Index Cond: ((id >= 2580868) AND (id <= 2581867))

for: distinct_ranges
table 1 : explain SELECT DISTINCT c FROM sbtest1 WHERE id BETWEEN 2550406 AND 2551405 ORDER BY c
	Unique  (cost=3710.04..3714.78 rows=948 width=121)
	  ->  Sort  (cost=3710.04..3712.41 rows=948 width=121)
	        Sort Key: c
	        ->  Bitmap Heap Scan on sbtest1  (cost=22.15..3663.17 rows=948 width=121)
	              Recheck Cond: ((id >= 2550406) AND (id <= 2551405))
	              ->  Bitmap Index Scan on sbtest1_pkey  (cost=0.00..21.91 rows=948 width=0)
	                    Index Cond: ((id >= 2550406) AND (id <= 2551405))

table 2 : explain SELECT DISTINCT c FROM sbtest2 WHERE id BETWEEN 9637081 AND 9638080 ORDER BY c
	Unique  (cost=3817.24..3822.12 rows=976 width=121)
	  ->  Sort  (cost=3817.24..3819.68 rows=976 width=121)
	        Sort Key: c
	        ->  Bitmap Heap Scan on sbtest2  (cost=22.44..3768.78 rows=976 width=121)
	              Recheck Cond: ((id >= 9637081) AND (id <= 9638080))
	              ->  Bitmap Index Scan on sbtest2_pkey  (cost=0.00..22.19 rows=976 width=0)
	                    Index Cond: ((id >= 9637081) AND (id <= 9638080))

table 3 : explain SELECT DISTINCT c FROM sbtest3 WHERE id BETWEEN 58309 AND 59308 ORDER BY c
	Unique  (cost=4176.48..4181.83 rows=1070 width=121)
	  ->  Sort  (cost=4176.48..4179.15 rows=1070 width=121)
	        Sort Key: c
	        ->  Bitmap Heap Scan on sbtest3  (cost=23.40..4122.64 rows=1070 width=121)
	              Recheck Cond: ((id >= 58309) AND (id <= 59308))
	              ->  Bitmap Index Scan on sbtest3_pkey  (cost=0.00..23.14 rows=1070 width=0)
	                    Index Cond: ((id >= 58309) AND (id <= 59308))

table 4 : explain SELECT DISTINCT c FROM sbtest4 WHERE id BETWEEN 7151961 AND 7152960 ORDER BY c
	Unique  (cost=3722.21..3726.96 rows=951 width=121)
	  ->  Sort  (cost=3722.21..3724.59 rows=951 width=121)
	        Sort Key: c
	        ->  Bitmap Heap Scan on sbtest4  (cost=22.18..3675.17 rows=951 width=121)
	              Recheck Cond: ((id >= 7151961) AND (id <= 7152960))
	              ->  Bitmap Index Scan on sbtest4_pkey  (cost=0.00..21.94 rows=951 width=0)
	                    Index Cond: ((id >= 7151961) AND (id <= 7152960))

table 5 : explain SELECT DISTINCT c FROM sbtest5 WHERE id BETWEEN 9960334 AND 9961333 ORDER BY c
	Unique  (cost=3844.75..3849.66 rows=983 width=121)
	  ->  Sort  (cost=3844.75..3847.20 rows=983 width=121)
	        Sort Key: c
	        ->  Bitmap Heap Scan on sbtest5  (cost=22.51..3795.89 rows=983 width=121)
	              Recheck Cond: ((id >= 9960334) AND (id <= 9961333))
	              ->  Bitmap Index Scan on sbtest5_pkey  (cost=0.00..22.26 rows=983 width=0)
	                    Index Cond: ((id >= 9960334) AND (id <= 9961333))

table 6 : explain SELECT DISTINCT c FROM sbtest6 WHERE id BETWEEN 6071265 AND 6072264 ORDER BY c
	Unique  (cost=3765.38..3770.19 rows=962 width=121)
	  ->  Sort  (cost=3765.38..3767.79 rows=962 width=121)
	        Sort Key: c
	        ->  Bitmap Heap Scan on sbtest6  (cost=22.30..3717.72 rows=962 width=121)
	              Recheck Cond: ((id >= 6071265) AND (id <= 6072264))
	              ->  Bitmap Index Scan on sbtest6_pkey  (cost=0.00..22.05 rows=962 width=0)
	                    Index Cond: ((id >= 6071265) AND (id <= 6072264))

table 7 : explain SELECT DISTINCT c FROM sbtest7 WHERE id BETWEEN 2245240 AND 2246239 ORDER BY c
	Unique  (cost=4032.58..4037.74 rows=1032 width=121)
	  ->  Sort  (cost=4032.58..4035.16 rows=1032 width=121)
	        Sort Key: c
	        ->  Bitmap Heap Scan on sbtest7  (cost=23.01..3980.93 rows=1032 width=121)
	              Recheck Cond: ((id >= 2245240) AND (id <= 2246239))
	              ->  Bitmap Index Scan on sbtest7_pkey  (cost=0.00..22.75 rows=1032 width=0)
	                    Index Cond: ((id >= 2245240) AND (id <= 2246239))

table 8 : explain SELECT DISTINCT c FROM sbtest8 WHERE id BETWEEN 8840717 AND 8841716 ORDER BY c
	Unique  (cost=3861.76..3866.69 rows=987 width=121)
	  ->  Sort  (cost=3861.76..3864.22 rows=987 width=121)
	        Sort Key: c
	        ->  Bitmap Heap Scan on sbtest8  (cost=22.55..3812.67 rows=987 width=121)
	              Recheck Cond: ((id >= 8840717) AND (id <= 8841716))
	              ->  Bitmap Index Scan on sbtest8_pkey  (cost=0.00..22.30 rows=987 width=0)
	                    Index Cond: ((id >= 8840717) AND (id <= 8841716))

explain: for point_selects :: explain SELECT c FROM sbtest%u WHERE id=%u
for point_selects
table 1 : explain SELECT c FROM sbtest1 WHERE id=1523635
	Index Scan using sbtest1_pkey on sbtest1  (cost=0.43..8.45 rows=1 width=121)
	  Index Cond: (id = 1523635)

table 2 : explain SELECT c FROM sbtest2 WHERE id=3530038
	Index Scan using sbtest2_pkey on sbtest2  (cost=0.43..8.45 rows=1 width=121)
	  Index Cond: (id = 3530038)

table 3 : explain SELECT c FROM sbtest3 WHERE id=7476668
	Index Scan using sbtest3_pkey on sbtest3  (cost=0.43..8.45 rows=1 width=121)
	  Index Cond: (id = 7476668)

table 4 : explain SELECT c FROM sbtest4 WHERE id=1150953
	Index Scan using sbtest4_pkey on sbtest4  (cost=0.43..8.45 rows=1 width=121)
	  Index Cond: (id = 1150953)

table 5 : explain SELECT c FROM sbtest5 WHERE id=1817401
	Index Scan using sbtest5_pkey on sbtest5  (cost=0.43..8.45 rows=1 width=121)
	  Index Cond: (id = 1817401)

table 6 : explain SELECT c FROM sbtest6 WHERE id=7162670
	Index Scan using sbtest6_pkey on sbtest6  (cost=0.43..8.45 rows=1 width=121)
	  Index Cond: (id = 7162670)

table 7 : explain SELECT c FROM sbtest7 WHERE id=5815521
	Index Scan using sbtest7_pkey on sbtest7  (cost=0.43..8.45 rows=1 width=121)
	  Index Cond: (id = 5815521)

table 8 : explain SELECT c FROM sbtest8 WHERE id=3489094
	Index Scan using sbtest8_pkey on sbtest8  (cost=0.43..8.45 rows=1 width=121)
	  Index Cond: (id = 3489094)

for: sum_ranges
table 1 : explain SELECT SUM(k) FROM sbtest1 WHERE id BETWEEN 9419798 AND 9420797
	Aggregate  (cost=3778.65..3778.66 rows=1 width=8)
	  ->  Bitmap Heap Scan on sbtest1  (cost=22.46..3776.20 rows=978 width=4)
	        Recheck Cond: ((id >= 9419798) AND (id <= 9420797))
	        ->  Bitmap Index Scan on sbtest1_pkey  (cost=0.00..22.21 rows=978 width=0)
	              Index Cond: ((id >= 9419798) AND (id <= 9420797))

table 2 : explain SELECT SUM(k) FROM sbtest2 WHERE id BETWEEN 940459 AND 941458
	Aggregate  (cost=4294.11..4294.12 rows=1 width=8)
	  ->  Bitmap Heap Scan on sbtest2  (cost=27.86..4291.32 rows=1115 width=4)
	        Recheck Cond: ((id >= 940459) AND (id <= 941458))
	        ->  Bitmap Index Scan on sbtest2_pkey  (cost=0.00..27.58 rows=1115 width=0)
	              Index Cond: ((id >= 940459) AND (id <= 941458))

table 3 : explain SELECT SUM(k) FROM sbtest3 WHERE id BETWEEN 8642718 AND 8643717
	Aggregate  (cost=3306.91..3306.92 rows=1 width=8)
	  ->  Bitmap Heap Scan on sbtest3  (cost=21.18..3304.78 rows=853 width=4)
	        Recheck Cond: ((id >= 8642718) AND (id <= 8643717))
	        ->  Bitmap Index Scan on sbtest3_pkey  (cost=0.00..20.96 rows=853 width=0)
	              Index Cond: ((id >= 8642718) AND (id <= 8643717))

table 4 : explain SELECT SUM(k) FROM sbtest4 WHERE id BETWEEN 7154955 AND 7155954
	Aggregate  (cost=3677.54..3677.55 rows=1 width=8)
	  ->  Bitmap Heap Scan on sbtest4  (cost=22.18..3675.17 rows=951 width=4)
	        Recheck Cond: ((id >= 7154955) AND (id <= 7155954))
	        ->  Bitmap Index Scan on sbtest4_pkey  (cost=0.00..21.94 rows=951 width=0)
	              Index Cond: ((id >= 7154955) AND (id <= 7155954))

table 5 : explain SELECT SUM(k) FROM sbtest5 WHERE id BETWEEN 3032390 AND 3033389
	Aggregate  (cost=3828.49..3828.50 rows=1 width=8)
	  ->  Bitmap Heap Scan on sbtest5  (cost=22.59..3826.01 rows=991 width=4)
	        Recheck Cond: ((id >= 3032390) AND (id <= 3033389))
	        ->  Bitmap Index Scan on sbtest5_pkey  (cost=0.00..22.34 rows=991 width=0)
	              Index Cond: ((id >= 3032390) AND (id <= 3033389))

table 6 : explain SELECT SUM(k) FROM sbtest6 WHERE id BETWEEN 8811916 AND 8812915
	Aggregate  (cost=3983.93..3983.94 rows=1 width=8)
	  ->  Bitmap Heap Scan on sbtest6  (cost=23.01..3981.35 rows=1032 width=4)
	        Recheck Cond: ((id >= 8811916) AND (id <= 8812915))
	        ->  Bitmap Index Scan on sbtest6_pkey  (cost=0.00..22.75 rows=1032 width=0)
	              Index Cond: ((id >= 8811916) AND (id <= 8812915))

table 7 : explain SELECT SUM(k) FROM sbtest7 WHERE id BETWEEN 5641141 AND 5642140
	Aggregate  (cost=3814.01..3814.02 rows=1 width=8)
	  ->  Bitmap Heap Scan on sbtest7  (cost=22.55..3811.55 rows=987 width=4)
	        Recheck Cond: ((id >= 5641141) AND (id <= 5642140))
	        ->  Bitmap Index Scan on sbtest7_pkey  (cost=0.00..22.30 rows=987 width=0)
	              Index Cond: ((id >= 5641141) AND (id <= 5642140))

table 8 : explain SELECT SUM(k) FROM sbtest8 WHERE id BETWEEN 2022209 AND 2023208
	Aggregate  (cost=3637.75..3637.76 rows=1 width=8)
	  ->  Bitmap Heap Scan on sbtest8  (cost=22.07..3635.40 rows=940 width=4)
	        Recheck Cond: ((id >= 2022209) AND (id <= 2023208))
	        ->  Bitmap Index Scan on sbtest8_pkey  (cost=0.00..21.83 rows=940 width=0)
	              Index Cond: ((id >= 2022209) AND (id <= 2023208))

for: order_ranges
table 1 : explain SELECT c FROM sbtest1 WHERE id BETWEEN 5012798 AND 5013797 ORDER BY c
	Sort  (cost=3893.57..3896.06 rows=996 width=121)
	  Sort Key: c
	  ->  Bitmap Heap Scan on sbtest1  (cost=22.64..3843.97 rows=996 width=121)
	        Recheck Cond: ((id >= 5012798) AND (id <= 5013797))
	        ->  Bitmap Index Scan on sbtest1_pkey  (cost=0.00..22.39 rows=996 width=0)
	              Index Cond: ((id >= 5012798) AND (id <= 5013797))

table 2 : explain SELECT c FROM sbtest2 WHERE id BETWEEN 3168678 AND 3169677 ORDER BY c
	Sort  (cost=4149.39..4152.05 rows=1063 width=121)
	  Sort Key: c
	  ->  Bitmap Heap Scan on sbtest2  (cost=23.33..4095.96 rows=1063 width=121)
	        Recheck Cond: ((id >= 3168678) AND (id <= 3169677))
	        ->  Bitmap Index Scan on sbtest2_pkey  (cost=0.00..23.07 rows=1063 width=0)
	              Index Cond: ((id >= 3168678) AND (id <= 3169677))

table 3 : explain SELECT c FROM sbtest3 WHERE id BETWEEN 6223757 AND 6224756 ORDER BY c
	Sort  (cost=3813.77..3816.21 rows=975 width=121)
	  Sort Key: c
	  ->  Bitmap Heap Scan on sbtest3  (cost=22.43..3765.36 rows=975 width=121)
	        Recheck Cond: ((id >= 6223757) AND (id <= 6224756))
	        ->  Bitmap Index Scan on sbtest3_pkey  (cost=0.00..22.18 rows=975 width=0)
	              Index Cond: ((id >= 6223757) AND (id <= 6224756))

table 4 : explain SELECT c FROM sbtest4 WHERE id BETWEEN 9359311 AND 9360310 ORDER BY c
	Sort  (cost=3737.52..3739.90 rows=955 width=121)
	  Sort Key: c
	  ->  Bitmap Heap Scan on sbtest4  (cost=22.22..3690.25 rows=955 width=121)
	        Recheck Cond: ((id >= 9359311) AND (id <= 9360310))
	        ->  Bitmap Index Scan on sbtest4_pkey  (cost=0.00..21.98 rows=955 width=0)
	              Index Cond: ((id >= 9359311) AND (id <= 9360310))

table 5 : explain SELECT c FROM sbtest5 WHERE id BETWEEN 8849203 AND 8850202 ORDER BY c
	Sort  (cost=3848.57..3851.03 rows=984 width=121)
	  Sort Key: c
	  ->  Bitmap Heap Scan on sbtest5  (cost=22.52..3799.65 rows=984 width=121)
	        Recheck Cond: ((id >= 8849203) AND (id <= 8850202))
	        ->  Bitmap Index Scan on sbtest5_pkey  (cost=0.00..22.27 rows=984 width=0)
	              Index Cond: ((id >= 8849203) AND (id <= 8850202))

table 6 : explain SELECT c FROM sbtest6 WHERE id BETWEEN 1665634 AND 1666633 ORDER BY c
	Sort  (cost=3994.82..3997.37 rows=1022 width=121)
	  Sort Key: c
	  ->  Bitmap Heap Scan on sbtest6  (cost=22.91..3943.73 rows=1022 width=121)
	        Recheck Cond: ((id >= 1665634) AND (id <= 1666633))
	        ->  Bitmap Index Scan on sbtest6_pkey  (cost=0.00..22.65 rows=1022 width=0)
	              Index Cond: ((id >= 1665634) AND (id <= 1666633))

table 7 : explain SELECT c FROM sbtest7 WHERE id BETWEEN 7698079 AND 7699078 ORDER BY c
	Sort  (cost=3830.04..3832.49 rows=979 width=121)
	  Sort Key: c
	  ->  Bitmap Heap Scan on sbtest7  (cost=22.47..3781.41 rows=979 width=121)
	        Recheck Cond: ((id >= 7698079) AND (id <= 7699078))
	        ->  Bitmap Index Scan on sbtest7_pkey  (cost=0.00..22.22 rows=979 width=0)
	              Index Cond: ((id >= 7698079) AND (id <= 7699078))

table 8 : explain SELECT c FROM sbtest8 WHERE id BETWEEN 2283480 AND 2284479 ORDER BY c
	Sort  (cost=3892.36..3894.84 rows=995 width=121)
	  Sort Key: c
	  ->  Bitmap Heap Scan on sbtest8  (cost=22.63..3842.81 rows=995 width=121)
	        Recheck Cond: ((id >= 2283480) AND (id <= 2284479))
	        ->  Bitmap Index Scan on sbtest8_pkey  (cost=0.00..22.39 rows=995 width=0)
	              Index Cond: ((id >= 2283480) AND (id <= 2284479))

for: simple_ranges
table 1 : explain SELECT c FROM sbtest1 WHERE id BETWEEN 7849080 AND 7850079
	Bitmap Heap Scan on sbtest1  (cost=22.76..3885.36 rows=1007 width=121)
	  Recheck Cond: ((id >= 7849080) AND (id <= 7850079))
	  ->  Bitmap Index Scan on sbtest1_pkey  (cost=0.00..22.50 rows=1007 width=0)
	        Index Cond: ((id >= 7849080) AND (id <= 7850079))

table 2 : explain SELECT c FROM sbtest2 WHERE id BETWEEN 9825277 AND 9826276
	Bitmap Heap Scan on sbtest2  (cost=22.87..3926.85 rows=1018 width=121)
	  Recheck Cond: ((id >= 9825277) AND (id <= 9826276))
	  ->  Bitmap Index Scan on sbtest2_pkey  (cost=0.00..22.61 rows=1018 width=0)
	        Index Cond: ((id >= 9825277) AND (id <= 9826276))

table 3 : explain SELECT c FROM sbtest3 WHERE id BETWEEN 9265581 AND 9266580
	Bitmap Heap Scan on sbtest3  (cost=22.45..3772.90 rows=977 width=121)
	  Recheck Cond: ((id >= 9265581) AND (id <= 9266580))
	  ->  Bitmap Index Scan on sbtest3_pkey  (cost=0.00..22.20 rows=977 width=0)
	        Index Cond: ((id >= 9265581) AND (id <= 9266580))

table 4 : explain SELECT c FROM sbtest4 WHERE id BETWEEN 2579137 AND 2580136
	Bitmap Heap Scan on sbtest4  (cost=22.70..3863.53 rows=1001 width=121)
	  Recheck Cond: ((id >= 2579137) AND (id <= 2580136))
	  ->  Bitmap Index Scan on sbtest4_pkey  (cost=0.00..22.44 rows=1001 width=0)
	        Index Cond: ((id >= 2579137) AND (id <= 2580136))

table 5 : explain SELECT c FROM sbtest5 WHERE id BETWEEN 2163478 AND 2164477
	Bitmap Heap Scan on sbtest5  (cost=21.99..3603.62 rows=932 width=121)
	  Recheck Cond: ((id >= 2163478) AND (id <= 2164477))
	  ->  Bitmap Index Scan on sbtest5_pkey  (cost=0.00..21.75 rows=932 width=0)
	        Index Cond: ((id >= 2163478) AND (id <= 2164477))

table 6 : explain SELECT c FROM sbtest6 WHERE id BETWEEN 1229570 AND 1230569
	Bitmap Heap Scan on sbtest6  (cost=22.17..3672.46 rows=950 width=121)
	  Recheck Cond: ((id >= 1229570) AND (id <= 1230569))
	  ->  Bitmap Index Scan on sbtest6_pkey  (cost=0.00..21.93 rows=950 width=0)
	        Index Cond: ((id >= 1229570) AND (id <= 1230569))

table 7 : explain SELECT c FROM sbtest7 WHERE id BETWEEN 5783324 AND 5784323
	Bitmap Heap Scan on sbtest7  (cost=22.13..3656.99 rows=946 width=121)
	  Recheck Cond: ((id >= 5783324) AND (id <= 5784323))
	  ->  Bitmap Index Scan on sbtest7_pkey  (cost=0.00..21.89 rows=946 width=0)
	        Index Cond: ((id >= 5783324) AND (id <= 5784323))

table 8 : explain SELECT c FROM sbtest8 WHERE id BETWEEN 67468 AND 68467
	Bitmap Heap Scan on sbtest8  (cost=22.75..3884.25 rows=1006 width=121)
	  Recheck Cond: ((id >= 67468) AND (id <= 68467))
	  ->  Bitmap Index Scan on sbtest8_pkey  (cost=0.00..22.50 rows=1006 width=0)
	        Index Cond: ((id >= 67468) AND (id <= 68467))

for point_selects
table 1 : explain SELECT c FROM sbtest1 WHERE id=6616975
	Index Scan using sbtest1_pkey on sbtest1  (cost=0.43..8.45 rows=1 width=121)
	  Index Cond: (id = 6616975)

table 2 : explain SELECT c FROM sbtest2 WHERE id=3843791
	Index Scan using sbtest2_pkey on sbtest2  (cost=0.43..8.45 rows=1 width=121)
	  Index Cond: (id = 3843791)

table 3 : explain SELECT c FROM sbtest3 WHERE id=8665926
	Index Scan using sbtest3_pkey on sbtest3  (cost=0.43..8.45 rows=1 width=121)
	  Index Cond: (id = 8665926)

table 4 : explain SELECT c FROM sbtest4 WHERE id=7789258
	Index Scan using sbtest4_pkey on sbtest4  (cost=0.43..8.45 rows=1 width=121)
	  Index Cond: (id = 7789258)

table 5 : explain SELECT c FROM sbtest5 WHERE id=6118874
	Index Scan using sbtest5_pkey on sbtest5  (cost=0.43..8.45 rows=1 width=121)
	  Index Cond: (id = 6118874)

table 6 : explain SELECT c FROM sbtest6 WHERE id=8095457
	Index Scan using sbtest6_pkey on sbtest6  (cost=0.43..8.45 rows=1 width=121)
	  Index Cond: (id = 8095457)

table 7 : explain SELECT c FROM sbtest7 WHERE id=8518726
	Index Scan using sbtest7_pkey on sbtest7  (cost=0.43..8.45 rows=1 width=121)
	  Index Cond: (id = 8518726)

table 8 : explain SELECT c FROM sbtest8 WHERE id=2935998
	Index Scan using sbtest8_pkey on sbtest8  (cost=0.43..8.45 rows=1 width=121)
	  Index Cond: (id = 2935998)

for point_selects
table 1 : explain SELECT c FROM sbtest1 WHERE id=4039789
	Index Scan using sbtest1_pkey on sbtest1  (cost=0.43..8.45 rows=1 width=121)
	  Index Cond: (id = 4039789)

table 2 : explain SELECT c FROM sbtest2 WHERE id=3635921
	Index Scan using sbtest2_pkey on sbtest2  (cost=0.43..8.45 rows=1 width=121)
	  Index Cond: (id = 3635921)

table 3 : explain SELECT c FROM sbtest3 WHERE id=5605760
	Index Scan using sbtest3_pkey on sbtest3  (cost=0.43..8.45 rows=1 width=121)
	  Index Cond: (id = 5605760)

table 4 : explain SELECT c FROM sbtest4 WHERE id=2560453
	Index Scan using sbtest4_pkey on sbtest4  (cost=0.43..8.45 rows=1 width=121)
	  Index Cond: (id = 2560453)

table 5 : explain SELECT c FROM sbtest5 WHERE id=1687749
	Index Scan using sbtest5_pkey on sbtest5  (cost=0.43..8.45 rows=1 width=121)
	  Index Cond: (id = 1687749)

table 6 : explain SELECT c FROM sbtest6 WHERE id=4205660
	Index Scan using sbtest6_pkey on sbtest6  (cost=0.43..8.45 rows=1 width=121)
	  Index Cond: (id = 4205660)

table 7 : explain SELECT c FROM sbtest7 WHERE id=9417400
	Index Scan using sbtest7_pkey on sbtest7  (cost=0.43..8.45 rows=1 width=121)
	  Index Cond: (id = 9417400)

table 8 : explain SELECT c FROM sbtest8 WHERE id=256210
	Index Scan using sbtest8_pkey on sbtest8  (cost=0.43..8.45 rows=1 width=121)
	  Index Cond: (id = 256210)

for: distinct_ranges
table 1 : explain SELECT DISTINCT c FROM sbtest1 WHERE id BETWEEN 7299566 AND 7300565 ORDER BY c
	Unique  (cost=4004.31..4009.44 rows=1025 width=121)
	  ->  Sort  (cost=4004.31..4006.87 rows=1025 width=121)
	        Sort Key: c
	        ->  Bitmap Heap Scan on sbtest1  (cost=22.94..3953.05 rows=1025 width=121)
	              Recheck Cond: ((id >= 7299566) AND (id <= 7300565))
	              ->  Bitmap Index Scan on sbtest1_pkey  (cost=0.00..22.68 rows=1025 width=0)
	                    Index Cond: ((id >= 7299566) AND (id <= 7300565))

table 2 : explain SELECT DISTINCT c FROM sbtest2 WHERE id BETWEEN 2949178 AND 2950177 ORDER BY c
	Unique  (cost=3989.16..3994.27 rows=1021 width=121)
	  ->  Sort  (cost=3989.16..3991.71 rows=1021 width=121)
	        Sort Key: c
	        ->  Bitmap Heap Scan on sbtest2  (cost=22.90..3938.13 rows=1021 width=121)
	              Recheck Cond: ((id >= 2949178) AND (id <= 2950177))
	              ->  Bitmap Index Scan on sbtest2_pkey  (cost=0.00..22.64 rows=1021 width=0)
	                    Index Cond: ((id >= 2949178) AND (id <= 2950177))

table 3 : explain SELECT DISTINCT c FROM sbtest3 WHERE id BETWEEN 2366416 AND 2367415 ORDER BY c
	Unique  (cost=4329.15..4334.70 rows=1110 width=121)
	  ->  Sort  (cost=4329.15..4331.92 rows=1110 width=121)
	        Sort Key: c
	        ->  Bitmap Heap Scan on sbtest3  (cost=27.81..4273.00 rows=1110 width=121)
	              Recheck Cond: ((id >= 2366416) AND (id <= 2367415))
	              ->  Bitmap Index Scan on sbtest3_pkey  (cost=0.00..27.54 rows=1110 width=0)
	                    Index Cond: ((id >= 2366416) AND (id <= 2367415))

table 4 : explain SELECT DISTINCT c FROM sbtest4 WHERE id BETWEEN 8316137 AND 8317136 ORDER BY c
	Unique  (cost=3989.81..3994.92 rows=1021 width=121)
	  ->  Sort  (cost=3989.81..3992.36 rows=1021 width=121)
	        Sort Key: c
	        ->  Bitmap Heap Scan on sbtest4  (cost=22.90..3938.78 rows=1021 width=121)
	              Recheck Cond: ((id >= 8316137) AND (id <= 8317136))
	              ->  Bitmap Index Scan on sbtest4_pkey  (cost=0.00..22.64 rows=1021 width=0)
	                    Index Cond: ((id >= 8316137) AND (id <= 8317136))

table 5 : explain SELECT DISTINCT c FROM sbtest5 WHERE id BETWEEN 7248321 AND 7249320 ORDER BY c
	Unique  (cost=3695.54..3700.26 rows=944 width=121)
	  ->  Sort  (cost=3695.54..3697.90 rows=944 width=121)
	        Sort Key: c
	        ->  Bitmap Heap Scan on sbtest5  (cost=22.11..3648.89 rows=944 width=121)
	              Recheck Cond: ((id >= 7248321) AND (id <= 7249320))
	              ->  Bitmap Index Scan on sbtest5_pkey  (cost=0.00..21.87 rows=944 width=0)
	                    Index Cond: ((id >= 7248321) AND (id <= 7249320))

table 6 : explain SELECT DISTINCT c FROM sbtest6 WHERE id BETWEEN 8310161 AND 8311160 ORDER BY c
	Unique  (cost=3975.71..3980.80 rows=1017 width=121)
	  ->  Sort  (cost=3975.71..3978.26 rows=1017 width=121)
	        Sort Key: c
	        ->  Bitmap Heap Scan on sbtest6  (cost=22.86..3924.91 rows=1017 width=121)
	              Recheck Cond: ((id >= 8310161) AND (id <= 8311160))
	              ->  Bitmap Index Scan on sbtest6_pkey  (cost=0.00..22.61 rows=1017 width=0)
	                    Index Cond: ((id >= 8310161) AND (id <= 8311160))

table 7 : explain SELECT DISTINCT c FROM sbtest7 WHERE id BETWEEN 4553824 AND 4554823 ORDER BY c
	Unique  (cost=3661.63..3666.30 rows=935 width=121)
	  ->  Sort  (cost=3661.63..3663.96 rows=935 width=121)
	        Sort Key: c
	        ->  Bitmap Heap Scan on sbtest7  (cost=22.02..3615.49 rows=935 width=121)
	              Recheck Cond: ((id >= 4553824) AND (id <= 4554823))
	              ->  Bitmap Index Scan on sbtest7_pkey  (cost=0.00..21.79 rows=935 width=0)
	                    Index Cond: ((id >= 4553824) AND (id <= 4554823))

table 8 : explain SELECT DISTINCT c FROM sbtest8 WHERE id BETWEEN 6275210 AND 6276209 ORDER BY c
	Unique  (cost=4045.24..4050.42 rows=1035 width=121)
	  ->  Sort  (cost=4045.24..4047.83 rows=1035 width=121)
	        Sort Key: c
	        ->  Bitmap Heap Scan on sbtest8  (cost=23.04..3993.41 rows=1035 width=121)
	              Recheck Cond: ((id >= 6275210) AND (id <= 6276209))
	              ->  Bitmap Index Scan on sbtest8_pkey  (cost=0.00..22.79 rows=1035 width=0)
	                    Index Cond: ((id >= 6275210) AND (id <= 6276209))

for: distinct_ranges
table 1 : explain SELECT DISTINCT c FROM sbtest1 WHERE id BETWEEN 9193464 AND 9194463 ORDER BY c
	Unique  (cost=4050.11..4055.29 rows=1037 width=121)
	  ->  Sort  (cost=4050.11..4052.70 rows=1037 width=121)
	        Sort Key: c
	        ->  Bitmap Heap Scan on sbtest1  (cost=23.06..3998.16 rows=1037 width=121)
	              Recheck Cond: ((id >= 9193464) AND (id <= 9194463))
	              ->  Bitmap Index Scan on sbtest1_pkey  (cost=0.00..22.80 rows=1037 width=0)
	                    Index Cond: ((id >= 9193464) AND (id <= 9194463))

table 2 : explain SELECT DISTINCT c FROM sbtest2 WHERE id BETWEEN 1062498 AND 1063497 ORDER BY c
	Unique  (cost=3920.42..3925.44 rows=1003 width=121)
	  ->  Sort  (cost=3920.42..3922.93 rows=1003 width=121)
	        Sort Key: c
	        ->  Bitmap Heap Scan on sbtest2  (cost=22.72..3870.42 rows=1003 width=121)
	              Recheck Cond: ((id >= 1062498) AND (id <= 1063497))
	              ->  Bitmap Index Scan on sbtest2_pkey  (cost=0.00..22.46 rows=1003 width=0)
	                    Index Cond: ((id >= 1062498) AND (id <= 1063497))

table 3 : explain SELECT DISTINCT c FROM sbtest3 WHERE id BETWEEN 3591134 AND 3592133 ORDER BY c
	Unique  (cost=3630.08..3634.71 rows=927 width=121)
	  ->  Sort  (cost=3630.08..3632.40 rows=927 width=121)
	        Sort Key: c
	        ->  Bitmap Heap Scan on sbtest3  (cost=21.94..3584.39 rows=927 width=121)
	              Recheck Cond: ((id >= 3591134) AND (id <= 3592133))
	              ->  Bitmap Index Scan on sbtest3_pkey  (cost=0.00..21.70 rows=927 width=0)
	                    Index Cond: ((id >= 3591134) AND (id <= 3592133))

table 4 : explain SELECT DISTINCT c FROM sbtest4 WHERE id BETWEEN 2122515 AND 2123514 ORDER BY c
	Unique  (cost=3959.26..3964.32 rows=1013 width=121)
	  ->  Sort  (cost=3959.26..3961.79 rows=1013 width=121)
	        Sort Key: c
	        ->  Bitmap Heap Scan on sbtest4  (cost=22.82..3908.69 rows=1013 width=121)
	              Recheck Cond: ((id >= 2122515) AND (id <= 2123514))
	              ->  Bitmap Index Scan on sbtest4_pkey  (cost=0.00..22.57 rows=1013 width=0)
	                    Index Cond: ((id >= 2122515) AND (id <= 2123514))

table 5 : explain SELECT DISTINCT c FROM sbtest5 WHERE id BETWEEN 2708532 AND 2709531 ORDER BY c
	Unique  (cost=4012.86..4017.99 rows=1027 width=121)
	  ->  Sort  (cost=4012.86..4015.43 rows=1027 width=121)
	        Sort Key: c
	        ->  Bitmap Heap Scan on sbtest5  (cost=22.96..3961.49 rows=1027 width=121)
	              Recheck Cond: ((id >= 2708532) AND (id <= 2709531))
	              ->  Bitmap Index Scan on sbtest5_pkey  (cost=0.00..22.70 rows=1027 width=0)
	                    Index Cond: ((id >= 2708532) AND (id <= 2709531))

table 6 : explain SELECT DISTINCT c FROM sbtest6 WHERE id BETWEEN 789591 AND 790590 ORDER BY c
	Unique  (cost=4090.28..4095.52 rows=1047 width=121)
	  ->  Sort  (cost=4090.28..4092.90 rows=1047 width=121)
	        Sort Key: c
	        ->  Bitmap Heap Scan on sbtest6  (cost=23.17..4037.76 rows=1047 width=121)
	              Recheck Cond: ((id >= 789591) AND (id <= 790590))
	              ->  Bitmap Index Scan on sbtest6_pkey  (cost=0.00..22.90 rows=1047 width=0)
	                    Index Cond: ((id >= 789591) AND (id <= 790590))

table 7 : explain SELECT DISTINCT c FROM sbtest7 WHERE id BETWEEN 6733361 AND 6734360 ORDER BY c
	Unique  (cost=3807.09..3811.95 rows=973 width=121)
	  ->  Sort  (cost=3807.09..3809.52 rows=973 width=121)
	        Sort Key: c
	        ->  Bitmap Heap Scan on sbtest7  (cost=22.41..3758.80 rows=973 width=121)
	              Recheck Cond: ((id >= 6733361) AND (id <= 6734360))
	              ->  Bitmap Index Scan on sbtest7_pkey  (cost=0.00..22.16 rows=973 width=0)
	                    Index Cond: ((id >= 6733361) AND (id <= 6734360))

table 8 : explain SELECT DISTINCT c FROM sbtest8 WHERE id BETWEEN 8538881 AND 8539880 ORDER BY c
	Unique  (cost=3911.48..3916.48 rows=1000 width=121)
	  ->  Sort  (cost=3911.48..3913.98 rows=1000 width=121)
	        Sort Key: c
	        ->  Bitmap Heap Scan on sbtest8  (cost=22.68..3861.65 rows=1000 width=121)
	              Recheck Cond: ((id >= 8538881) AND (id <= 8539880))
	              ->  Bitmap Index Scan on sbtest8_pkey  (cost=0.00..22.43 rows=1000 width=0)
	                    Index Cond: ((id >= 8538881) AND (id <= 8539880))

for: simple_ranges
table 1 : explain SELECT c FROM sbtest1 WHERE id BETWEEN 2466327 AND 2467326
	Bitmap Heap Scan on sbtest1  (cost=23.21..4050.76 rows=1051 width=121)
	  Recheck Cond: ((id >= 2466327) AND (id <= 2467326))
	  ->  Bitmap Index Scan on sbtest1_pkey  (cost=0.00..22.94 rows=1051 width=0)
	        Index Cond: ((id >= 2466327) AND (id <= 2467326))

table 2 : explain SELECT c FROM sbtest2 WHERE id BETWEEN 8728065 AND 8729064
	Bitmap Heap Scan on sbtest2  (cost=21.85..3553.88 rows=919 width=121)
	  Recheck Cond: ((id >= 8728065) AND (id <= 8729064))
	  ->  Bitmap Index Scan on sbtest2_pkey  (cost=0.00..21.62 rows=919 width=0)
	        Index Cond: ((id >= 8728065) AND (id <= 8729064))

table 3 : explain SELECT c FROM sbtest3 WHERE id BETWEEN 9346657 AND 9347656
	Bitmap Heap Scan on sbtest3  (cost=23.28..4077.57 rows=1058 width=121)
	  Recheck Cond: ((id >= 9346657) AND (id <= 9347656))
	  ->  Bitmap Index Scan on sbtest3_pkey  (cost=0.00..23.01 rows=1058 width=0)
	        Index Cond: ((id >= 9346657) AND (id <= 9347656))

table 4 : explain SELECT c FROM sbtest4 WHERE id BETWEEN 732584 AND 733583
	Bitmap Heap Scan on sbtest4  (cost=23.31..4089.14 rows=1061 width=121)
	  Recheck Cond: ((id >= 732584) AND (id <= 733583))
	  ->  Bitmap Index Scan on sbtest4_pkey  (cost=0.00..23.04 rows=1061 width=0)
	        Index Cond: ((id >= 732584) AND (id <= 733583))

table 5 : explain SELECT c FROM sbtest5 WHERE id BETWEEN 2192312 AND 2193311
	Bitmap Heap Scan on sbtest5  (cost=22.11..3648.89 rows=944 width=121)
	  Recheck Cond: ((id >= 2192312) AND (id <= 2193311))
	  ->  Bitmap Index Scan on sbtest5_pkey  (cost=0.00..21.87 rows=944 width=0)
	        Index Cond: ((id >= 2192312) AND (id <= 2193311))

table 6 : explain SELECT c FROM sbtest6 WHERE id BETWEEN 3419871 AND 3420870
	Bitmap Heap Scan on sbtest6  (cost=22.76..3887.27 rows=1007 width=121)
	  Recheck Cond: ((id >= 3419871) AND (id <= 3420870))
	  ->  Bitmap Index Scan on sbtest6_pkey  (cost=0.00..22.50 rows=1007 width=0)
	        Index Cond: ((id >= 3419871) AND (id <= 3420870))

table 7 : explain SELECT c FROM sbtest7 WHERE id BETWEEN 9230320 AND 9231319
	Bitmap Heap Scan on sbtest7  (cost=23.37..4112.49 rows=1067 width=121)
	  Recheck Cond: ((id >= 9230320) AND (id <= 9231319))
	  ->  Bitmap Index Scan on sbtest7_pkey  (cost=0.00..23.11 rows=1067 width=0)
	        Index Cond: ((id >= 9230320) AND (id <= 9231319))

table 8 : explain SELECT c FROM sbtest8 WHERE id BETWEEN 610400 AND 611399
	Bitmap Heap Scan on sbtest8  (cost=22.84..3918.14 rows=1015 width=121)
	  Recheck Cond: ((id >= 610400) AND (id <= 611399))
	  ->  Bitmap Index Scan on sbtest8_pkey  (cost=0.00..22.58 rows=1015 width=0)
	        Index Cond: ((id >= 610400) AND (id <= 611399))

for: order_ranges
table 1 : explain SELECT c FROM sbtest1 WHERE id BETWEEN 3024334 AND 3025333 ORDER BY c
	Sort  (cost=3438.03..3440.22 rows=877 width=121)
	  Sort Key: c
	  ->  Bitmap Heap Scan on sbtest1  (cost=21.42..3395.16 rows=877 width=121)
	        Recheck Cond: ((id >= 3024334) AND (id <= 3025333))
	        ->  Bitmap Index Scan on sbtest1_pkey  (cost=0.00..21.20 rows=877 width=0)
	              Index Cond: ((id >= 3024334) AND (id <= 3025333))

table 2 : explain SELECT c FROM sbtest2 WHERE id BETWEEN 7503106 AND 7504105 ORDER BY c
	Sort  (cost=3606.78..3609.08 rows=921 width=121)
	  Sort Key: c
	  ->  Bitmap Heap Scan on sbtest2  (cost=21.88..3561.43 rows=921 width=121)
	        Recheck Cond: ((id >= 7503106) AND (id <= 7504105))
	        ->  Bitmap Index Scan on sbtest2_pkey  (cost=0.00..21.64 rows=921 width=0)
	              Index Cond: ((id >= 7503106) AND (id <= 7504105))

table 3 : explain SELECT c FROM sbtest3 WHERE id BETWEEN 4417150 AND 4418149 ORDER BY c
	Sort  (cost=4031.53..4034.11 rows=1032 width=121)
	  Sort Key: c
	  ->  Bitmap Heap Scan on sbtest3  (cost=23.01..3979.87 rows=1032 width=121)
	        Recheck Cond: ((id >= 4417150) AND (id <= 4418149))
	        ->  Bitmap Index Scan on sbtest3_pkey  (cost=0.00..22.75 rows=1032 width=0)
	              Index Cond: ((id >= 4417150) AND (id <= 4418149))

table 4 : explain SELECT c FROM sbtest4 WHERE id BETWEEN 6074541 AND 6075540 ORDER BY c
	Sort  (cost=3553.69..3555.95 rows=907 width=121)
	  Sort Key: c
	  ->  Bitmap Heap Scan on sbtest4  (cost=21.73..3509.13 rows=907 width=121)
	        Recheck Cond: ((id >= 6074541) AND (id <= 6075540))
	        ->  Bitmap Index Scan on sbtest4_pkey  (cost=0.00..21.50 rows=907 width=0)
	              Index Cond: ((id >= 6074541) AND (id <= 6075540))

table 5 : explain SELECT c FROM sbtest5 WHERE id BETWEEN 3641963 AND 3642962 ORDER BY c
	Sort  (cost=4272.48..4275.22 rows=1095 width=121)
	  Sort Key: c
	  ->  Bitmap Heap Scan on sbtest5  (cost=27.66..4217.20 rows=1095 width=121)
	        Recheck Cond: ((id >= 3641963) AND (id <= 3642962))
	        ->  Bitmap Index Scan on sbtest5_pkey  (cost=0.00..27.39 rows=1095 width=0)
	              Index Cond: ((id >= 3641963) AND (id <= 3642962))

table 6 : explain SELECT c FROM sbtest6 WHERE id BETWEEN 5245784 AND 5246783 ORDER BY c
	Sort  (cost=3926.03..3928.54 rows=1004 width=121)
	  Sort Key: c
	  ->  Bitmap Heap Scan on sbtest6  (cost=22.73..3875.97 rows=1004 width=121)
	        Recheck Cond: ((id >= 5245784) AND (id <= 5246783))
	        ->  Bitmap Index Scan on sbtest6_pkey  (cost=0.00..22.47 rows=1004 width=0)
	              Index Cond: ((id >= 5245784) AND (id <= 5246783))

table 7 : explain SELECT c FROM sbtest7 WHERE id BETWEEN 4830655 AND 4831654 ORDER BY c
	Sort  (cost=3898.87..3901.36 rows=997 width=121)
	  Sort Key: c
	  ->  Bitmap Heap Scan on sbtest7  (cost=22.65..3849.21 rows=997 width=121)
	        Recheck Cond: ((id >= 4830655) AND (id <= 4831654))
	        ->  Bitmap Index Scan on sbtest7_pkey  (cost=0.00..22.40 rows=997 width=0)
	              Index Cond: ((id >= 4830655) AND (id <= 4831654))

table 8 : explain SELECT c FROM sbtest8 WHERE id BETWEEN 8181754 AND 8182753 ORDER BY c
	Sort  (cost=4087.25..4089.87 rows=1046 width=121)
	  Sort Key: c
	  ->  Bitmap Heap Scan on sbtest8  (cost=23.16..4034.79 rows=1046 width=121)
	        Recheck Cond: ((id >= 8181754) AND (id <= 8182753))
	        ->  Bitmap Index Scan on sbtest8_pkey  (cost=0.00..22.89 rows=1046 width=0)
	              Index Cond: ((id >= 8181754) AND (id <= 8182753))

for: simple_ranges
table 1 : explain SELECT c FROM sbtest1 WHERE id BETWEEN 6190763 AND 6191762
	Bitmap Heap Scan on sbtest1  (cost=22.21..3685.78 rows=954 width=121)
	  Recheck Cond: ((id >= 6190763) AND (id <= 6191762))
	  ->  Bitmap Index Scan on sbtest1_pkey  (cost=0.00..21.97 rows=954 width=0)
	        Index Cond: ((id >= 6190763) AND (id <= 6191762))

table 2 : explain SELECT c FROM sbtest2 WHERE id BETWEEN 2055182 AND 2056181
	Bitmap Heap Scan on sbtest2  (cost=22.11..3648.19 rows=944 width=121)
	  Recheck Cond: ((id >= 2055182) AND (id <= 2056181))
	  ->  Bitmap Index Scan on sbtest2_pkey  (cost=0.00..21.87 rows=944 width=0)
	        Index Cond: ((id >= 2055182) AND (id <= 2056181))

table 3 : explain SELECT c FROM sbtest3 WHERE id BETWEEN 5156827 AND 5157826
	Bitmap Heap Scan on sbtest3  (cost=22.13..3656.06 rows=946 width=121)
	  Recheck Cond: ((id >= 5156827) AND (id <= 5157826))
	  ->  Bitmap Index Scan on sbtest3_pkey  (cost=0.00..21.89 rows=946 width=0)
	        Index Cond: ((id >= 5156827) AND (id <= 5157826))

table 4 : explain SELECT c FROM sbtest4 WHERE id BETWEEN 1856827 AND 1857826
	Bitmap Heap Scan on sbtest4  (cost=22.09..3641.23 rows=942 width=121)
	  Recheck Cond: ((id >= 1856827) AND (id <= 1857826))
	  ->  Bitmap Index Scan on sbtest4_pkey  (cost=0.00..21.86 rows=942 width=0)
	        Index Cond: ((id >= 1856827) AND (id <= 1857826))

table 5 : explain SELECT c FROM sbtest5 WHERE id BETWEEN 5131243 AND 5132242
	Bitmap Heap Scan on sbtest5  (cost=22.56..3814.72 rows=988 width=121)
	  Recheck Cond: ((id >= 5131243) AND (id <= 5132242))
	  ->  Bitmap Index Scan on sbtest5_pkey  (cost=0.00..22.32 rows=988 width=0)
	        Index Cond: ((id >= 5131243) AND (id <= 5132242))

table 6 : explain SELECT c FROM sbtest6 WHERE id BETWEEN 176911 AND 177910
	Bitmap Heap Scan on sbtest6  (cost=23.00..3977.59 rows=1031 width=121)
	  Recheck Cond: ((id >= 176911) AND (id <= 177910))
	  ->  Bitmap Index Scan on sbtest6_pkey  (cost=0.00..22.75 rows=1031 width=0)
	        Index Cond: ((id >= 176911) AND (id <= 177910))

table 7 : explain SELECT c FROM sbtest7 WHERE id BETWEEN 5766140 AND 5767139
	Bitmap Heap Scan on sbtest7  (cost=22.13..3656.99 rows=946 width=121)
	  Recheck Cond: ((id >= 5766140) AND (id <= 5767139))
	  ->  Bitmap Index Scan on sbtest7_pkey  (cost=0.00..21.89 rows=946 width=0)
	        Index Cond: ((id >= 5766140) AND (id <= 5767139))

table 8 : explain SELECT c FROM sbtest8 WHERE id BETWEEN 7307824 AND 7308823
	Bitmap Heap Scan on sbtest8  (cost=22.08..3639.17 rows=941 width=121)
	  Recheck Cond: ((id >= 7307824) AND (id <= 7308823))
	  ->  Bitmap Index Scan on sbtest8_pkey  (cost=0.00..21.84 rows=941 width=0)
	        Index Cond: ((id >= 7307824) AND (id <= 7308823))

for: sum_ranges
table 1 : explain SELECT SUM(k) FROM sbtest1 WHERE id BETWEEN 4352109 AND 4353108
	Aggregate  (cost=3978.19..3978.20 rows=1 width=8)
	  ->  Bitmap Heap Scan on sbtest1  (cost=23.00..3975.61 rows=1031 width=4)
	        Recheck Cond: ((id >= 4352109) AND (id <= 4353108))
	        ->  Bitmap Index Scan on sbtest1_pkey  (cost=0.00..22.75 rows=1031 width=0)
	              Index Cond: ((id >= 4352109) AND (id <= 4353108))

table 2 : explain SELECT SUM(k) FROM sbtest2 WHERE id BETWEEN 9503720 AND 9504719
	Aggregate  (cost=3989.59..3989.60 rows=1 width=8)
	  ->  Bitmap Heap Scan on sbtest2  (cost=23.03..3987.01 rows=1034 width=4)
	        Recheck Cond: ((id >= 9503720) AND (id <= 9504719))
	        ->  Bitmap Index Scan on sbtest2_pkey  (cost=0.00..22.77 rows=1034 width=0)
	              Index Cond: ((id >= 9503720) AND (id <= 9504719))

table 3 : explain SELECT SUM(k) FROM sbtest3 WHERE id BETWEEN 3361523 AND 3362522
	Aggregate  (cost=3752.72..3752.73 rows=1 width=8)
	  ->  Bitmap Heap Scan on sbtest3  (cost=22.39..3750.29 rows=971 width=4)
	        Recheck Cond: ((id >= 3361523) AND (id <= 3362522))
	        ->  Bitmap Index Scan on sbtest3_pkey  (cost=0.00..22.14 rows=971 width=0)
	              Index Cond: ((id >= 3361523) AND (id <= 3362522))

table 4 : explain SELECT SUM(k) FROM sbtest4 WHERE id BETWEEN 4446265 AND 4447264
	Aggregate  (cost=3503.84..3503.85 rows=1 width=8)
	  ->  Bitmap Heap Scan on sbtest4  (cost=21.71..3501.58 rows=905 width=4)
	        Recheck Cond: ((id >= 4446265) AND (id <= 4447264))
	        ->  Bitmap Index Scan on sbtest4_pkey  (cost=0.00..21.48 rows=905 width=0)
	              Index Cond: ((id >= 4446265) AND (id <= 4447264))

table 5 : explain SELECT SUM(k) FROM sbtest5 WHERE id BETWEEN 1537394 AND 1538393
	Aggregate  (cost=3956.53..3956.54 rows=1 width=8)
	  ->  Bitmap Heap Scan on sbtest5  (cost=22.94..3953.97 rows=1025 width=4)
	        Recheck Cond: ((id >= 1537394) AND (id <= 1538393))
	        ->  Bitmap Index Scan on sbtest5_pkey  (cost=0.00..22.68 rows=1025 width=0)
	              Index Cond: ((id >= 1537394) AND (id <= 1538393))

table 6 : explain SELECT SUM(k) FROM sbtest6 WHERE id BETWEEN 7361096 AND 7362095
	Aggregate  (cost=4104.32..4104.33 rows=1 width=8)
	  ->  Bitmap Heap Scan on sbtest6  (cost=23.34..4101.66 rows=1064 width=4)
	        Recheck Cond: ((id >= 7361096) AND (id <= 7362095))
	        ->  Bitmap Index Scan on sbtest6_pkey  (cost=0.00..23.07 rows=1064 width=0)
	              Index Cond: ((id >= 7361096) AND (id <= 7362095))

table 7 : explain SELECT SUM(k) FROM sbtest7 WHERE id BETWEEN 1949659 AND 1950658
	Aggregate  (cost=3708.42..3708.43 rows=1 width=8)
	  ->  Bitmap Heap Scan on sbtest7  (cost=22.26..3706.02 rows=959 width=4)
	        Recheck Cond: ((id >= 1949659) AND (id <= 1950658))
	        ->  Bitmap Index Scan on sbtest7_pkey  (cost=0.00..22.02 rows=959 width=0)
	              Index Cond: ((id >= 1949659) AND (id <= 1950658))

table 8 : explain SELECT SUM(k) FROM sbtest8 WHERE id BETWEEN 5016040 AND 5017039
	Aggregate  (cost=3954.58..3954.59 rows=1 width=8)
	  ->  Bitmap Heap Scan on sbtest8  (cost=22.93..3952.02 rows=1024 width=4)
	        Recheck Cond: ((id >= 5016040) AND (id <= 5017039))
	        ->  Bitmap Index Scan on sbtest8_pkey  (cost=0.00..22.68 rows=1024 width=0)
	              Index Cond: ((id >= 5016040) AND (id <= 5017039))

explain: for point_selects :: explain SELECT c FROM sbtest%u WHERE id=%u
for point_selects
table 1 : explain SELECT c FROM sbtest1 WHERE id=5734045
	Index Scan using sbtest1_pkey on sbtest1  (cost=0.43..8.45 rows=1 width=121)
	  Index Cond: (id = 5734045)

table 2 : explain SELECT c FROM sbtest2 WHERE id=7969189
	Index Scan using sbtest2_pkey on sbtest2  (cost=0.43..8.45 rows=1 width=121)
	  Index Cond: (id = 7969189)

table 3 : explain SELECT c FROM sbtest3 WHERE id=8518760
	Index Scan using sbtest3_pkey on sbtest3  (cost=0.43..8.45 rows=1 width=121)
	  Index Cond: (id = 8518760)

table 4 : explain SELECT c FROM sbtest4 WHERE id=275347
	Index Scan using sbtest4_pkey on sbtest4  (cost=0.43..8.45 rows=1 width=121)
	  Index Cond: (id = 275347)

table 5 : explain SELECT c FROM sbtest5 WHERE id=3037166
	Index Scan using sbtest5_pkey on sbtest5  (cost=0.43..8.45 rows=1 width=121)
	  Index Cond: (id = 3037166)

table 6 : explain SELECT c FROM sbtest6 WHERE id=8834754
	Index Scan using sbtest6_pkey on sbtest6  (cost=0.43..8.45 rows=1 width=121)
	  Index Cond: (id = 8834754)

table 7 : explain SELECT c FROM sbtest7 WHERE id=2192345
	Index Scan using sbtest7_pkey on sbtest7  (cost=0.43..8.45 rows=1 width=121)
	  Index Cond: (id = 2192345)

table 8 : explain SELECT c FROM sbtest8 WHERE id=369435
	Index Scan using sbtest8_pkey on sbtest8  (cost=0.43..8.45 rows=1 width=121)
	  Index Cond: (id = 369435)

explain: for point_selects :: explain SELECT c FROM sbtest%u WHERE id=%u
for: simple_ranges
table 1 : explain SELECT c FROM sbtest1 WHERE id BETWEEN 8788935 AND 8789934
	Bitmap Heap Scan on sbtest1  (cost=23.01..3979.37 rows=1032 width=121)
	  Recheck Cond: ((id >= 8788935) AND (id <= 8789934))
	  ->  Bitmap Index Scan on sbtest1_pkey  (cost=0.00..22.75 rows=1032 width=0)
	        Index Cond: ((id >= 8788935) AND (id <= 8789934))

table 2 : explain SELECT c FROM sbtest2 WHERE id BETWEEN 645114 AND 646113
	Bitmap Heap Scan on sbtest2  (cost=22.36..3738.65 rows=968 width=121)
	  Recheck Cond: ((id >= 645114) AND (id <= 646113))
	  ->  Bitmap Index Scan on sbtest2_pkey  (cost=0.00..22.11 rows=968 width=0)
	        Index Cond: ((id >= 645114) AND (id <= 646113))

table 3 : explain SELECT c FROM sbtest3 WHERE id BETWEEN 9706095 AND 9707094
	Bitmap Heap Scan on sbtest3  (cost=23.29..4081.33 rows=1059 width=121)
	  Recheck Cond: ((id >= 9706095) AND (id <= 9707094))
	  ->  Bitmap Index Scan on sbtest3_pkey  (cost=0.00..23.02 rows=1059 width=0)
	        Index Cond: ((id >= 9706095) AND (id <= 9707094))

table 4 : explain SELECT c FROM sbtest4 WHERE id BETWEEN 8734787 AND 8735786
	Bitmap Heap Scan on sbtest4  (cost=22.64..3844.71 rows=996 width=121)
	  Recheck Cond: ((id >= 8734787) AND (id <= 8735786))
	  ->  Bitmap Index Scan on sbtest4_pkey  (cost=0.00..22.39 rows=996 width=0)
	        Index Cond: ((id >= 8734787) AND (id <= 8735786))

table 5 : explain SELECT c FROM sbtest5 WHERE id BETWEEN 9483647 AND 9484646
	Bitmap Heap Scan on sbtest5  (cost=22.14..3660.21 rows=947 width=121)
	  Recheck Cond: ((id >= 9483647) AND (id <= 9484646))
	  ->  Bitmap Index Scan on sbtest5_pkey  (cost=0.00..21.90 rows=947 width=0)
	        Index Cond: ((id >= 9483647) AND (id <= 9484646))

table 6 : explain SELECT c FROM sbtest6 WHERE id BETWEEN 4372709 AND 4373708
	Bitmap Heap Scan on sbtest6  (cost=22.76..3887.27 rows=1007 width=121)
	  Recheck Cond: ((id >= 4372709) AND (id <= 4373708))
	  ->  Bitmap Index Scan on sbtest6_pkey  (cost=0.00..22.50 rows=1007 width=0)
	        Index Cond: ((id >= 4372709) AND (id <= 4373708))

table 7 : explain SELECT c FROM sbtest7 WHERE id BETWEEN 7031662 AND 7032661
	Bitmap Heap Scan on sbtest7  (cost=23.26..4071.16 rows=1056 width=121)
	  Recheck Cond: ((id >= 7031662) AND (id <= 7032661))
	  ->  Bitmap Index Scan on sbtest7_pkey  (cost=0.00..23.00 rows=1056 width=0)
	        Index Cond: ((id >= 7031662) AND (id <= 7032661))

table 8 : explain SELECT c FROM sbtest8 WHERE id BETWEEN 7761098 AND 7762097
	Bitmap Heap Scan on sbtest8  (cost=22.55..3812.67 rows=987 width=121)
	  Recheck Cond: ((id >= 7761098) AND (id <= 7762097))
	  ->  Bitmap Index Scan on sbtest8_pkey  (cost=0.00..22.30 rows=987 width=0)
	        Index Cond: ((id >= 7761098) AND (id <= 7762097))

for: simple_ranges
table 1 : explain SELECT c FROM sbtest1 WHERE id BETWEEN 3763319 AND 3764318
	Bitmap Heap Scan on sbtest1  (cost=21.63..3470.72 rows=897 width=121)
	  Recheck Cond: ((id >= 3763319) AND (id <= 3764318))
	  ->  Bitmap Index Scan on sbtest1_pkey  (cost=0.00..21.40 rows=897 width=0)
	        Index Cond: ((id >= 3763319) AND (id <= 3764318))

table 2 : explain SELECT c FROM sbtest2 WHERE id BETWEEN 1278815 AND 1279814
	Bitmap Heap Scan on sbtest2  (cost=28.25..4433.68 rows=1153 width=121)
	  Recheck Cond: ((id >= 1278815) AND (id <= 1279814))
	  ->  Bitmap Index Scan on sbtest2_pkey  (cost=0.00..27.96 rows=1153 width=0)
	        Index Cond: ((id >= 1278815) AND (id <= 1279814))

table 3 : explain SELECT c FROM sbtest3 WHERE id BETWEEN 8111148 AND 8112147
	Bitmap Heap Scan on sbtest3  (cost=21.78..3527.78 rows=912 width=121)
	  Recheck Cond: ((id >= 8111148) AND (id <= 8112147))
	  ->  Bitmap Index Scan on sbtest3_pkey  (cost=0.00..21.55 rows=912 width=0)
	        Index Cond: ((id >= 8111148) AND (id <= 8112147))

table 4 : explain SELECT c FROM sbtest4 WHERE id BETWEEN 4051418 AND 4052417
	Bitmap Heap Scan on sbtest4  (cost=22.21..3686.48 rows=954 width=121)
	  Recheck Cond: ((id >= 4051418) AND (id <= 4052417))
	  ->  Bitmap Index Scan on sbtest4_pkey  (cost=0.00..21.97 rows=954 width=0)
	        Index Cond: ((id >= 4051418) AND (id <= 4052417))

table 5 : explain SELECT c FROM sbtest5 WHERE id BETWEEN 1248168 AND 1249167
	Bitmap Heap Scan on sbtest5  (cost=22.71..3867.43 rows=1002 width=121)
	  Recheck Cond: ((id >= 1248168) AND (id <= 1249167))
	  ->  Bitmap Index Scan on sbtest5_pkey  (cost=0.00..22.45 rows=1002 width=0)
	        Index Cond: ((id >= 1248168) AND (id <= 1249167))

table 6 : explain SELECT c FROM sbtest6 WHERE id BETWEEN 5726060 AND 5727059
	Bitmap Heap Scan on sbtest6  (cost=22.20..3683.77 rows=953 width=121)
	  Recheck Cond: ((id >= 5726060) AND (id <= 5727059))
	  ->  Bitmap Index Scan on sbtest6_pkey  (cost=0.00..21.96 rows=953 width=0)
	        Index Cond: ((id >= 5726060) AND (id <= 5727059))

table 7 : explain SELECT c FROM sbtest7 WHERE id BETWEEN 7891174 AND 7892173
	Bitmap Heap Scan on sbtest7  (cost=22.85..3920.73 rows=1016 width=121)
	  Recheck Cond: ((id >= 7891174) AND (id <= 7892173))
	  ->  Bitmap Index Scan on sbtest7_pkey  (cost=0.00..22.59 rows=1016 width=0)
	        Index Cond: ((id >= 7891174) AND (id <= 7892173))

table 8 : explain SELECT c FROM sbtest8 WHERE id BETWEEN 1961966 AND 1962965
	Bitmap Heap Scan on sbtest8  (cost=22.07..3635.40 rows=940 width=121)
	  Recheck Cond: ((id >= 1961966) AND (id <= 1962965))
	  ->  Bitmap Index Scan on sbtest8_pkey  (cost=0.00..21.83 rows=940 width=0)
	        Index Cond: ((id >= 1961966) AND (id <= 1962965))

for: sum_ranges
table 1 : explain SELECT SUM(k) FROM sbtest1 WHERE id BETWEEN 8408656 AND 8409655
	Aggregate  (cost=3827.63..3827.64 rows=1 width=8)
	  ->  Bitmap Heap Scan on sbtest1  (cost=22.59..3825.15 rows=991 width=4)
	        Recheck Cond: ((id >= 8408656) AND (id <= 8409655))
	        ->  Bitmap Index Scan on sbtest1_pkey  (cost=0.00..22.34 rows=991 width=0)
	              Index Cond: ((id >= 8408656) AND (id <= 8409655))

table 2 : explain SELECT SUM(k) FROM sbtest2 WHERE id BETWEEN 8504973 AND 8505972
	Aggregate  (cost=3850.34..3850.35 rows=1 width=8)
	  ->  Bitmap Heap Scan on sbtest2  (cost=22.65..3847.84 rows=997 width=4)
	        Recheck Cond: ((id >= 8504973) AND (id <= 8505972))
	        ->  Bitmap Index Scan on sbtest2_pkey  (cost=0.00..22.40 rows=997 width=0)
	              Index Cond: ((id >= 8504973) AND (id <= 8505972))

table 3 : explain SELECT SUM(k) FROM sbtest3 WHERE id BETWEEN 4949384 AND 4950383
	Aggregate  (cost=4204.22..4204.23 rows=1 width=8)
	  ->  Bitmap Heap Scan on sbtest3  (cost=23.63..4201.49 rows=1092 width=4)
	        Recheck Cond: ((id >= 4949384) AND (id <= 4950383))
	        ->  Bitmap Index Scan on sbtest3_pkey  (cost=0.00..23.36 rows=1092 width=0)
	              Index Cond: ((id >= 4949384) AND (id <= 4950383))

table 4 : explain SELECT SUM(k) FROM sbtest4 WHERE id BETWEEN 1546409 AND 1547408
	Aggregate  (cost=3594.50..3594.51 rows=1 width=8)
	  ->  Bitmap Heap Scan on sbtest4  (cost=21.96..3592.18 rows=929 width=4)
	        Recheck Cond: ((id >= 1546409) AND (id <= 1547408))
	        ->  Bitmap Index Scan on sbtest4_pkey  (cost=0.00..21.72 rows=929 width=0)
	              Index Cond: ((id >= 1546409) AND (id <= 1547408))

table 5 : explain SELECT SUM(k) FROM sbtest5 WHERE id BETWEEN 9871084 AND 9872083
	Aggregate  (cost=3783.27..3783.28 rows=1 width=8)
	  ->  Bitmap Heap Scan on sbtest5  (cost=22.47..3780.82 rows=979 width=4)
	        Recheck Cond: ((id >= 9871084) AND (id <= 9872083))
	        ->  Bitmap Index Scan on sbtest5_pkey  (cost=0.00..22.22 rows=979 width=0)
	              Index Cond: ((id >= 9871084) AND (id <= 9872083))

table 6 : explain SELECT SUM(k) FROM sbtest6 WHERE id BETWEEN 3354717 AND 3355716
	Aggregate  (cost=4089.28..4089.29 rows=1 width=8)
	  ->  Bitmap Heap Scan on sbtest6  (cost=23.30..4086.63 rows=1060 width=4)
	        Recheck Cond: ((id >= 3354717) AND (id <= 3355716))
	        ->  Bitmap Index Scan on sbtest6_pkey  (cost=0.00..23.04 rows=1060 width=0)
	              Index Cond: ((id >= 3354717) AND (id <= 3355716))

table 7 : explain SELECT SUM(k) FROM sbtest7 WHERE id BETWEEN 3836488 AND 3837487
	Aggregate  (cost=3802.71..3802.72 rows=1 width=8)
	  ->  Bitmap Heap Scan on sbtest7  (cost=22.52..3800.25 rows=984 width=4)
	        Recheck Cond: ((id >= 3836488) AND (id <= 3837487))
	        ->  Bitmap Index Scan on sbtest7_pkey  (cost=0.00..22.27 rows=984 width=0)
	              Index Cond: ((id >= 3836488) AND (id <= 3837487))

table 8 : explain SELECT SUM(k) FROM sbtest8 WHERE id BETWEEN 949439 AND 950438
	Aggregate  (cost=4349.63..4349.64 rows=1 width=8)
	  ->  Bitmap Heap Scan on sbtest8  (cost=28.01..4346.80 rows=1129 width=4)
	        Recheck Cond: ((id >= 949439) AND (id <= 950438))
	        ->  Bitmap Index Scan on sbtest8_pkey  (cost=0.00..27.72 rows=1129 width=0)
	              Index Cond: ((id >= 949439) AND (id <= 950438))

for: sum_ranges
table 1 : explain SELECT SUM(k) FROM sbtest1 WHERE id BETWEEN 9987708 AND 9988707
	Aggregate  (cost=4098.49..4098.50 rows=1 width=8)
	  ->  Bitmap Heap Scan on sbtest1  (cost=23.33..4095.83 rows=1063 width=4)
	        Recheck Cond: ((id >= 9987708) AND (id <= 9988707))
	        ->  Bitmap Index Scan on sbtest1_pkey  (cost=0.00..23.07 rows=1063 width=0)
	              Index Cond: ((id >= 9987708) AND (id <= 9988707))

table 2 : explain SELECT SUM(k) FROM sbtest2 WHERE id BETWEEN 649291 AND 650290
	Aggregate  (cost=3741.07..3741.08 rows=1 width=8)
	  ->  Bitmap Heap Scan on sbtest2  (cost=22.36..3738.65 rows=968 width=4)
	        Recheck Cond: ((id >= 649291) AND (id <= 650290))
	        ->  Bitmap Index Scan on sbtest2_pkey  (cost=0.00..22.11 rows=968 width=0)
	              Index Cond: ((id >= 649291) AND (id <= 650290))

table 3 : explain SELECT SUM(k) FROM sbtest3 WHERE id BETWEEN 4627618 AND 4628617
	Aggregate  (cost=3858.23..3858.24 rows=1 width=8)
	  ->  Bitmap Heap Scan on sbtest3  (cost=22.67..3855.73 rows=999 width=4)
	        Recheck Cond: ((id >= 4627618) AND (id <= 4628617))
	        ->  Bitmap Index Scan on sbtest3_pkey  (cost=0.00..22.43 rows=999 width=0)
	              Index Cond: ((id >= 4627618) AND (id <= 4628617))

table 4 : explain SELECT SUM(k) FROM sbtest4 WHERE id BETWEEN 8865502 AND 8866501
	Aggregate  (cost=3798.21..3798.22 rows=1 width=8)
	  ->  Bitmap Heap Scan on sbtest4  (cost=22.51..3795.76 rows=983 width=4)
	        Recheck Cond: ((id >= 8865502) AND (id <= 8866501))
	        ->  Bitmap Index Scan on sbtest4_pkey  (cost=0.00..22.26 rows=983 width=0)
	              Index Cond: ((id >= 8865502) AND (id <= 8866501))

table 5 : explain SELECT SUM(k) FROM sbtest5 WHERE id BETWEEN 541209 AND 542208
	Aggregate  (cost=3681.44..3681.45 rows=1 width=8)
	  ->  Bitmap Heap Scan on sbtest5  (cost=22.19..3679.06 rows=952 width=4)
	        Recheck Cond: ((id >= 541209) AND (id <= 542208))
	        ->  Bitmap Index Scan on sbtest5_pkey  (cost=0.00..21.95 rows=952 width=0)
	              Index Cond: ((id >= 541209) AND (id <= 542208))

table 6 : explain SELECT SUM(k) FROM sbtest6 WHERE id BETWEEN 3382666 AND 3383665
	Aggregate  (cost=4089.28..4089.29 rows=1 width=8)
	  ->  Bitmap Heap Scan on sbtest6  (cost=23.30..4086.63 rows=1060 width=4)
	        Recheck Cond: ((id >= 3382666) AND (id <= 3383665))
	        ->  Bitmap Index Scan on sbtest6_pkey  (cost=0.00..23.04 rows=1060 width=0)
	              Index Cond: ((id >= 3382666) AND (id <= 3383665))

table 7 : explain SELECT SUM(k) FROM sbtest7 WHERE id BETWEEN 8713478 AND 8714477
	Aggregate  (cost=3979.74..3979.75 rows=1 width=8)
	  ->  Bitmap Heap Scan on sbtest7  (cost=23.00..3977.17 rows=1031 width=4)
	        Recheck Cond: ((id >= 8713478) AND (id <= 8714477))
	        ->  Bitmap Index Scan on sbtest7_pkey  (cost=0.00..22.75 rows=1031 width=0)
	              Index Cond: ((id >= 8713478) AND (id <= 8714477))

table 8 : explain SELECT SUM(k) FROM sbtest8 WHERE id BETWEEN 5152905 AND 5153904
	Aggregate  (cost=3531.93..3531.94 rows=1 width=8)
	  ->  Bitmap Heap Scan on sbtest8  (cost=21.78..3529.65 rows=912 width=4)
	        Recheck Cond: ((id >= 5152905) AND (id <= 5153904))
	        ->  Bitmap Index Scan on sbtest8_pkey  (cost=0.00..21.55 rows=912 width=0)
	              Index Cond: ((id >= 5152905) AND (id <= 5153904))

for: order_ranges
table 1 : explain SELECT c FROM sbtest1 WHERE id BETWEEN 1089207 AND 1090206 ORDER BY c
	Sort  (cost=3851.54..3854.00 rows=985 width=121)
	  Sort Key: c
	  ->  Bitmap Heap Scan on sbtest1  (cost=22.53..3802.56 rows=985 width=121)
	        Recheck Cond: ((id >= 1089207) AND (id <= 1090206))
	        ->  Bitmap Index Scan on sbtest1_pkey  (cost=0.00..22.29 rows=985 width=0)
	              Index Cond: ((id >= 1089207) AND (id <= 1090206))

table 2 : explain SELECT c FROM sbtest2 WHERE id BETWEEN 1434143 AND 1435142 ORDER BY c
	Sort  (cost=3736.93..3739.32 rows=955 width=121)
	  Sort Key: c
	  ->  Bitmap Heap Scan on sbtest2  (cost=22.22..3689.66 rows=955 width=121)
	        Recheck Cond: ((id >= 1434143) AND (id <= 1435142))
	        ->  Bitmap Index Scan on sbtest2_pkey  (cost=0.00..21.98 rows=955 width=0)
	              Index Cond: ((id >= 1434143) AND (id <= 1435142))

table 3 : explain SELECT c FROM sbtest3 WHERE id BETWEEN 1480408 AND 1481407 ORDER BY c
	Sort  (cost=3392.37..3394.54 rows=865 width=121)
	  Sort Key: c
	  ->  Bitmap Heap Scan on sbtest3  (cost=21.30..3350.18 rows=865 width=121)
	        Recheck Cond: ((id >= 1480408) AND (id <= 1481407))
	        ->  Bitmap Index Scan on sbtest3_pkey  (cost=0.00..21.08 rows=865 width=0)
	              Index Cond: ((id >= 1480408) AND (id <= 1481407))

table 4 : explain SELECT c FROM sbtest4 WHERE id BETWEEN 7065344 AND 7066343 ORDER BY c
	Sort  (cost=3852.26..3854.73 rows=985 width=121)
	  Sort Key: c
	  ->  Bitmap Heap Scan on sbtest4  (cost=22.53..3803.29 rows=985 width=121)
	        Recheck Cond: ((id >= 7065344) AND (id <= 7066343))
	        ->  Bitmap Index Scan on sbtest4_pkey  (cost=0.00..22.29 rows=985 width=0)
	              Index Cond: ((id >= 7065344) AND (id <= 7066343))

table 5 : explain SELECT c FROM sbtest5 WHERE id BETWEEN 3222811 AND 3223810 ORDER BY c
	Sort  (cost=4169.30..4171.97 rows=1068 width=121)
	  Sort Key: c
	  ->  Bitmap Heap Scan on sbtest5  (cost=23.38..4115.57 rows=1068 width=121)
	        Recheck Cond: ((id >= 3222811) AND (id <= 3223810))
	        ->  Bitmap Index Scan on sbtest5_pkey  (cost=0.00..23.11 rows=1068 width=0)
	              Index Cond: ((id >= 3222811) AND (id <= 3223810))

table 6 : explain SELECT c FROM sbtest6 WHERE id BETWEEN 282008 AND 283007 ORDER BY c
	Sort  (cost=4044.47..4047.05 rows=1035 width=121)
	  Sort Key: c
	  ->  Bitmap Heap Scan on sbtest6  (cost=23.04..3992.64 rows=1035 width=121)
	        Recheck Cond: ((id >= 282008) AND (id <= 283007))
	        ->  Bitmap Index Scan on sbtest6_pkey  (cost=0.00..22.79 rows=1035 width=0)
	              Index Cond: ((id >= 282008) AND (id <= 283007))

table 7 : explain SELECT c FROM sbtest7 WHERE id BETWEEN 8456717 AND 8457716 ORDER BY c
	Sort  (cost=3856.81..3859.28 rows=986 width=121)
	  Sort Key: c
	  ->  Bitmap Heap Scan on sbtest7  (cost=22.54..3807.78 rows=986 width=121)
	        Recheck Cond: ((id >= 8456717) AND (id <= 8457716))
	        ->  Bitmap Index Scan on sbtest7_pkey  (cost=0.00..22.29 rows=986 width=0)
	              Index Cond: ((id >= 8456717) AND (id <= 8457716))

table 8 : explain SELECT c FROM sbtest8 WHERE id BETWEEN 4974086 AND 4975085 ORDER BY c
	Sort  (cost=4003.22..4005.78 rows=1024 width=121)
	  Sort Key: c
	  ->  Bitmap Heap Scan on sbtest8  (cost=22.93..3952.02 rows=1024 width=121)
	        Recheck Cond: ((id >= 4974086) AND (id <= 4975085))
	        ->  Bitmap Index Scan on sbtest8_pkey  (cost=0.00..22.68 rows=1024 width=0)
	              Index Cond: ((id >= 4974086) AND (id <= 4975085))

for: distinct_ranges
table 1 : explain SELECT DISTINCT c FROM sbtest1 WHERE id BETWEEN 1634214 AND 1635213 ORDER BY c
	Unique  (cost=4313.36..4318.89 rows=1106 width=121)
	  ->  Sort  (cost=4313.36..4316.13 rows=1106 width=121)
	        Sort Key: c
	        ->  Bitmap Heap Scan on sbtest1  (cost=27.77..4257.45 rows=1106 width=121)
	              Recheck Cond: ((id >= 1634214) AND (id <= 1635213))
	              ->  Bitmap Index Scan on sbtest1_pkey  (cost=0.00..27.50 rows=1106 width=0)
	                    Index Cond: ((id >= 1634214) AND (id <= 1635213))

table 2 : explain SELECT DISTINCT c FROM sbtest2 WHERE id BETWEEN 6896398 AND 6897397 ORDER BY c
	Unique  (cost=4210.38..4215.77 rows=1079 width=121)
	  ->  Sort  (cost=4210.38..4213.08 rows=1079 width=121)
	        Sort Key: c
	        ->  Bitmap Heap Scan on sbtest2  (cost=23.49..4156.02 rows=1079 width=121)
	              Recheck Cond: ((id >= 6896398) AND (id <= 6897397))
	              ->  Bitmap Index Scan on sbtest2_pkey  (cost=0.00..23.22 rows=1079 width=0)
	                    Index Cond: ((id >= 6896398) AND (id <= 6897397))

table 3 : explain SELECT DISTINCT c FROM sbtest3 WHERE id BETWEEN 4703708 AND 4704707 ORDER BY c
	Unique  (cost=3706.65..3711.39 rows=947 width=121)
	  ->  Sort  (cost=3706.65..3709.02 rows=947 width=121)
	        Sort Key: c
	        ->  Bitmap Heap Scan on sbtest3  (cost=22.14..3659.84 rows=947 width=121)
	              Recheck Cond: ((id >= 4703708) AND (id <= 4704707))
	              ->  Bitmap Index Scan on sbtest3_pkey  (cost=0.00..21.90 rows=947 width=0)
	                    Index Cond: ((id >= 4703708) AND (id <= 4704707))

table 4 : explain SELECT DISTINCT c FROM sbtest4 WHERE id BETWEEN 1399743 AND 1400742 ORDER BY c
	Unique  (cost=3714.55..3719.30 rows=949 width=121)
	  ->  Sort  (cost=3714.55..3716.93 rows=949 width=121)
	        Sort Key: c
	        ->  Bitmap Heap Scan on sbtest4  (cost=22.16..3667.63 rows=949 width=121)
	              Recheck Cond: ((id >= 1399743) AND (id <= 1400742))
	              ->  Bitmap Index Scan on sbtest4_pkey  (cost=0.00..21.93 rows=949 width=0)
	                    Index Cond: ((id >= 1399743) AND (id <= 1400742))

table 5 : explain SELECT DISTINCT c FROM sbtest5 WHERE id BETWEEN 9158357 AND 9159356 ORDER BY c
	Unique  (cost=3630.44..3635.07 rows=927 width=121)
	  ->  Sort  (cost=3630.44..3632.75 rows=927 width=121)
	        Sort Key: c
	        ->  Bitmap Heap Scan on sbtest5  (cost=21.94..3584.75 rows=927 width=121)
	              Recheck Cond: ((id >= 9158357) AND (id <= 9159356))
	              ->  Bitmap Index Scan on sbtest5_pkey  (cost=0.00..21.70 rows=927 width=0)
	                    Index Cond: ((id >= 9158357) AND (id <= 9159356))

table 6 : explain SELECT DISTINCT c FROM sbtest6 WHERE id BETWEEN 2087874 AND 2088873 ORDER BY c
	Unique  (cost=4376.51..4382.12 rows=1122 width=121)
	  ->  Sort  (cost=4376.51..4379.32 rows=1122 width=121)
	        Sort Key: c
	        ->  Bitmap Heap Scan on sbtest6  (cost=27.94..4319.67 rows=1122 width=121)
	              Recheck Cond: ((id >= 2087874) AND (id <= 2088873))
	              ->  Bitmap Index Scan on sbtest6_pkey  (cost=0.00..27.65 rows=1122 width=0)
	                    Index Cond: ((id >= 2087874) AND (id <= 2088873))

table 7 : explain SELECT DISTINCT c FROM sbtest7 WHERE id BETWEEN 4736873 AND 4737872 ORDER BY c
	Unique  (cost=4234.79..4240.21 rows=1085 width=121)
	  ->  Sort  (cost=4234.79..4237.50 rows=1085 width=121)
	        Sort Key: c
	        ->  Bitmap Heap Scan on sbtest7  (cost=23.56..4180.09 rows=1085 width=121)
	              Recheck Cond: ((id >= 4736873) AND (id <= 4737872))
	              ->  Bitmap Index Scan on sbtest7_pkey  (cost=0.00..23.29 rows=1085 width=0)
	                    Index Cond: ((id >= 4736873) AND (id <= 4737872))

table 8 : explain SELECT DISTINCT c FROM sbtest8 WHERE id BETWEEN 4983875 AND 4984874 ORDER BY c
	Unique  (cost=4003.22..4008.34 rows=1024 width=121)
	  ->  Sort  (cost=4003.22..4005.78 rows=1024 width=121)
	        Sort Key: c
	        ->  Bitmap Heap Scan on sbtest8  (cost=22.93..3952.02 rows=1024 width=121)
	              Recheck Cond: ((id >= 4983875) AND (id <= 4984874))
	              ->  Bitmap Index Scan on sbtest8_pkey  (cost=0.00..22.68 rows=1024 width=0)
	                    Index Cond: ((id >= 4983875) AND (id <= 4984874))

explain: for point_selects :: explain SELECT c FROM sbtest%u WHERE id=%u
for: distinct_ranges
table 1 : explain SELECT DISTINCT c FROM sbtest1 WHERE id BETWEEN 7378244 AND 7379243 ORDER BY c
	Unique  (cost=4320.98..4326.52 rows=1108 width=121)
	  ->  Sort  (cost=4320.98..4323.75 rows=1108 width=121)
	        Sort Key: c
	        ->  Bitmap Heap Scan on sbtest1  (cost=27.79..4264.95 rows=1108 width=121)
	              Recheck Cond: ((id >= 7378244) AND (id <= 7379243))
	              ->  Bitmap Index Scan on sbtest1_pkey  (cost=0.00..27.51 rows=1108 width=0)
	                    Index Cond: ((id >= 7378244) AND (id <= 7379243))

table 2 : explain SELECT DISTINCT c FROM sbtest2 WHERE id BETWEEN 2730023 AND 2731022 ORDER BY c
	Unique  (cost=4248.56..4254.01 rows=1090 width=121)
	  ->  Sort  (cost=4248.56..4251.29 rows=1090 width=121)
	        Sort Key: c
	        ->  Bitmap Heap Scan on sbtest2  (cost=23.61..4193.57 rows=1090 width=121)
	              Recheck Cond: ((id >= 2730023) AND (id <= 2731022))
	              ->  Bitmap Index Scan on sbtest2_pkey  (cost=0.00..23.33 rows=1090 width=0)
	                    Index Cond: ((id >= 2730023) AND (id <= 2731022))

table 3 : explain SELECT DISTINCT c FROM sbtest3 WHERE id BETWEEN 5319412 AND 5320411 ORDER BY c
	Unique  (cost=3913.15..3918.15 rows=1001 width=121)
	  ->  Sort  (cost=3913.15..3915.65 rows=1001 width=121)
	        Sort Key: c
	        ->  Bitmap Heap Scan on sbtest3  (cost=22.70..3863.26 rows=1001 width=121)
	              Recheck Cond: ((id >= 5319412) AND (id <= 5320411))
	              ->  Bitmap Index Scan on sbtest3_pkey  (cost=0.00..22.44 rows=1001 width=0)
	                    Index Cond: ((id >= 5319412) AND (id <= 5320411))

table 4 : explain SELECT DISTINCT c FROM sbtest4 WHERE id BETWEEN 4641889 AND 4642888 ORDER BY c
	Unique  (cost=3706.90..3711.63 rows=947 width=121)
	  ->  Sort  (cost=3706.90..3709.27 rows=947 width=121)
	        Sort Key: c
	        ->  Bitmap Heap Scan on sbtest4  (cost=22.14..3660.08 rows=947 width=121)
	              Recheck Cond: ((id >= 4641889) AND (id <= 4642888))
	              ->  Bitmap Index Scan on sbtest4_pkey  (cost=0.00..21.90 rows=947 width=0)
	                    Index Cond: ((id >= 4641889) AND (id <= 4642888))

table 5 : explain SELECT DISTINCT c FROM sbtest5 WHERE id BETWEEN 5412850 AND 5413849 ORDER BY c
	Unique  (cost=3982.31..3987.41 rows=1019 width=121)
	  ->  Sort  (cost=3982.31..3984.86 rows=1019 width=121)
	        Sort Key: c
	        ->  Bitmap Heap Scan on sbtest5  (cost=22.88..3931.40 rows=1019 width=121)
	              Recheck Cond: ((id >= 5412850) AND (id <= 5413849))
	              ->  Bitmap Index Scan on sbtest5_pkey  (cost=0.00..22.62 rows=1019 width=0)
	                    Index Cond: ((id >= 5412850) AND (id <= 5413849))

table 6 : explain SELECT DISTINCT c FROM sbtest6 WHERE id BETWEEN 3127496 AND 3128495 ORDER BY c
	Unique  (cost=4193.30..4198.67 rows=1074 width=121)
	  ->  Sort  (cost=4193.30..4195.99 rows=1074 width=121)
	        Sort Key: c
	        ->  Bitmap Heap Scan on sbtest6  (cost=23.44..4139.23 rows=1074 width=121)
	              Recheck Cond: ((id >= 3127496) AND (id <= 3128495))
	              ->  Bitmap Index Scan on sbtest6_pkey  (cost=0.00..23.18 rows=1074 width=0)
	                    Index Cond: ((id >= 3127496) AND (id <= 3128495))

table 7 : explain SELECT DISTINCT c FROM sbtest7 WHERE id BETWEEN 2298359 AND 2299358 ORDER BY c
	Unique  (cost=4032.58..4037.74 rows=1032 width=121)
	  ->  Sort  (cost=4032.58..4035.16 rows=1032 width=121)
	        Sort Key: c
	        ->  Bitmap Heap Scan on sbtest7  (cost=23.01..3980.93 rows=1032 width=121)
	              Recheck Cond: ((id >= 2298359) AND (id <= 2299358))
	              ->  Bitmap Index Scan on sbtest7_pkey  (cost=0.00..22.75 rows=1032 width=0)
	                    Index Cond: ((id >= 2298359) AND (id <= 2299358))

table 8 : explain SELECT DISTINCT c FROM sbtest8 WHERE id BETWEEN 282474 AND 283473 ORDER BY c
	Unique  (cost=3892.36..3897.33 rows=995 width=121)
	  ->  Sort  (cost=3892.36..3894.84 rows=995 width=121)
	        Sort Key: c
	        ->  Bitmap Heap Scan on sbtest8  (cost=22.63..3842.81 rows=995 width=121)
	              Recheck Cond: ((id >= 282474) AND (id <= 283473))
	              ->  Bitmap Index Scan on sbtest8_pkey  (cost=0.00..22.39 rows=995 width=0)
	                    Index Cond: ((id >= 282474) AND (id <= 283473))

for: order_ranges
table 1 : explain SELECT c FROM sbtest1 WHERE id BETWEEN 9906386 AND 9907385 ORDER BY c
	Sort  (cost=4149.27..4151.93 rows=1063 width=121)
	  Sort Key: c
	  ->  Bitmap Heap Scan on sbtest1  (cost=23.33..4095.83 rows=1063 width=121)
	        Recheck Cond: ((id >= 9906386) AND (id <= 9907385))
	        ->  Bitmap Index Scan on sbtest1_pkey  (cost=0.00..23.07 rows=1063 width=0)
	              Index Cond: ((id >= 9906386) AND (id <= 9907385))

table 2 : explain SELECT c FROM sbtest2 WHERE id BETWEEN 1931599 AND 1932598 ORDER BY c
	Sort  (cost=3805.77..3808.21 rows=973 width=121)
	  Sort Key: c
	  ->  Bitmap Heap Scan on sbtest2  (cost=22.41..3757.48 rows=973 width=121)
	        Recheck Cond: ((id >= 1931599) AND (id <= 1932598))
	        ->  Bitmap Index Scan on sbtest2_pkey  (cost=0.00..22.16 rows=973 width=0)
	              Index Cond: ((id >= 1931599) AND (id <= 1932598))

table 3 : explain SELECT c FROM sbtest3 WHERE id BETWEEN 1405276 AND 1406275 ORDER BY c
	Sort  (cost=3756.40..3758.80 rows=960 width=121)
	  Sort Key: c
	  ->  Bitmap Heap Scan on sbtest3  (cost=22.27..3708.84 rows=960 width=121)
	        Recheck Cond: ((id >= 1405276) AND (id <= 1406275))
	        ->  Bitmap Index Scan on sbtest3_pkey  (cost=0.00..22.04 rows=960 width=0)
	              Index Cond: ((id >= 1405276) AND (id <= 1406275))

table 4 : explain SELECT c FROM sbtest4 WHERE id BETWEEN 6862850 AND 6863849 ORDER BY c
	Sort  (cost=4012.72..4015.29 rows=1027 width=121)
	  Sort Key: c
	  ->  Bitmap Heap Scan on sbtest4  (cost=22.96..3961.35 rows=1027 width=121)
	        Recheck Cond: ((id >= 6862850) AND (id <= 6863849))
	        ->  Bitmap Index Scan on sbtest4_pkey  (cost=0.00..22.70 rows=1027 width=0)
	              Index Cond: ((id >= 6862850) AND (id <= 6863849))

table 5 : explain SELECT c FROM sbtest5 WHERE id BETWEEN 1982192 AND 1983191 ORDER BY c
	Sort  (cost=4096.83..4099.45 rows=1049 width=121)
	  Sort Key: c
	  ->  Bitmap Heap Scan on sbtest5  (cost=23.19..4044.19 rows=1049 width=121)
	        Recheck Cond: ((id >= 1982192) AND (id <= 1983191))
	        ->  Bitmap Index Scan on sbtest5_pkey  (cost=0.00..22.93 rows=1049 width=0)
	              Index Cond: ((id >= 1982192) AND (id <= 1983191))

table 6 : explain SELECT c FROM sbtest6 WHERE id BETWEEN 8532337 AND 8533336 ORDER BY c
	Sort  (cost=3964.25..3966.78 rows=1014 width=121)
	  Sort Key: c
	  ->  Bitmap Heap Scan on sbtest6  (cost=22.83..3913.62 rows=1014 width=121)
	        Recheck Cond: ((id >= 8532337) AND (id <= 8533336))
	        ->  Bitmap Index Scan on sbtest6_pkey  (cost=0.00..22.57 rows=1014 width=0)
	              Index Cond: ((id >= 8532337) AND (id <= 8533336))

table 7 : explain SELECT c FROM sbtest7 WHERE id BETWEEN 106332 AND 107331 ORDER BY c
	Sort  (cost=3715.24..3717.61 rows=949 width=121)
	  Sort Key: c
	  ->  Bitmap Heap Scan on sbtest7  (cost=22.16..3668.31 rows=949 width=121)
	        Recheck Cond: ((id >= 106332) AND (id <= 107331))
	        ->  Bitmap Index Scan on sbtest7_pkey  (cost=0.00..21.93 rows=949 width=0)
	              Index Cond: ((id >= 106332) AND (id <= 107331))

table 8 : explain SELECT c FROM sbtest8 WHERE id BETWEEN 4546786 AND 4547785 ORDER BY c
	Sort  (cost=3945.89..3948.41 rows=1009 width=121)
	  Sort Key: c
	  ->  Bitmap Heap Scan on sbtest8  (cost=22.78..3895.55 rows=1009 width=121)
	        Recheck Cond: ((id >= 4546786) AND (id <= 4547785))
	        ->  Bitmap Index Scan on sbtest8_pkey  (cost=0.00..22.52 rows=1009 width=0)
	              Index Cond: ((id >= 4546786) AND (id <= 4547785))

for: sum_ranges
table 1 : explain SELECT SUM(k) FROM sbtest1 WHERE id BETWEEN 1708560 AND 1709559
	Aggregate  (cost=4248.96..4248.97 rows=1 width=8)
	  ->  Bitmap Heap Scan on sbtest1  (cost=27.74..4246.20 rows=1103 width=4)
	        Recheck Cond: ((id >= 1708560) AND (id <= 1709559))
	        ->  Bitmap Index Scan on sbtest1_pkey  (cost=0.00..27.46 rows=1103 width=0)
	              Index Cond: ((id >= 1708560) AND (id <= 1709559))

table 2 : explain SELECT SUM(k) FROM sbtest2 WHERE id BETWEEN 8804362 AND 8805361
	Aggregate  (cost=3556.18..3556.19 rows=1 width=8)
	  ->  Bitmap Heap Scan on sbtest2  (cost=21.85..3553.88 rows=919 width=4)
	        Recheck Cond: ((id >= 8804362) AND (id <= 8805361))
	        ->  Bitmap Index Scan on sbtest2_pkey  (cost=0.00..21.62 rows=919 width=0)
	              Index Cond: ((id >= 8804362) AND (id <= 8805361))

table 3 : explain SELECT SUM(k) FROM sbtest3 WHERE id BETWEEN 7534099 AND 7535098
	Aggregate  (cost=3594.26..3594.27 rows=1 width=8)
	  ->  Bitmap Heap Scan on sbtest3  (cost=21.96..3591.94 rows=929 width=4)
	        Recheck Cond: ((id >= 7534099) AND (id <= 7535098))
	        ->  Bitmap Index Scan on sbtest3_pkey  (cost=0.00..21.72 rows=929 width=0)
	              Index Cond: ((id >= 7534099) AND (id <= 7535098))

table 4 : explain SELECT SUM(k) FROM sbtest4 WHERE id BETWEEN 4510851 AND 4511850
	Aggregate  (cost=3503.84..3503.85 rows=1 width=8)
	  ->  Bitmap Heap Scan on sbtest4  (cost=21.71..3501.58 rows=905 width=4)
	        Recheck Cond: ((id >= 4510851) AND (id <= 4511850))
	        ->  Bitmap Index Scan on sbtest4_pkey  (cost=0.00..21.48 rows=905 width=0)
	              Index Cond: ((id >= 4510851) AND (id <= 4511850))

table 5 : explain SELECT SUM(k) FROM sbtest5 WHERE id BETWEEN 9982687 AND 9983686
	Aggregate  (cost=3798.34..3798.35 rows=1 width=8)
	  ->  Bitmap Heap Scan on sbtest5  (cost=22.51..3795.89 rows=983 width=4)
	        Recheck Cond: ((id >= 9982687) AND (id <= 9983686))
	        ->  Bitmap Index Scan on sbtest5_pkey  (cost=0.00..22.26 rows=983 width=0)
	              Index Cond: ((id >= 9982687) AND (id <= 9983686))

table 6 : explain SELECT SUM(k) FROM sbtest6 WHERE id BETWEEN 2891087 AND 2892086
	Aggregate  (cost=3844.57..3844.58 rows=1 width=8)
	  ->  Bitmap Heap Scan on sbtest6  (cost=22.63..3842.08 rows=995 width=4)
	        Recheck Cond: ((id >= 2891087) AND (id <= 2892086))
	        ->  Bitmap Index Scan on sbtest6_pkey  (cost=0.00..22.39 rows=995 width=0)
	              Index Cond: ((id >= 2891087) AND (id <= 2892086))

table 7 : explain SELECT SUM(k) FROM sbtest7 WHERE id BETWEEN 6470719 AND 6471718
	Aggregate  (cost=3972.22..3972.23 rows=1 width=8)
	  ->  Bitmap Heap Scan on sbtest7  (cost=22.98..3969.64 rows=1029 width=4)
	        Recheck Cond: ((id >= 6470719) AND (id <= 6471718))
	        ->  Bitmap Index Scan on sbtest7_pkey  (cost=0.00..22.72 rows=1029 width=0)
	              Index Cond: ((id >= 6470719) AND (id <= 6471718))

table 8 : explain SELECT SUM(k) FROM sbtest8 WHERE id BETWEEN 5062031 AND 5063030
	Aggregate  (cost=3531.93..3531.94 rows=1 width=8)
	  ->  Bitmap Heap Scan on sbtest8  (cost=21.78..3529.65 rows=912 width=4)
	        Recheck Cond: ((id >= 5062031) AND (id <= 5063030))
	        ->  Bitmap Index Scan on sbtest8_pkey  (cost=0.00..21.55 rows=912 width=0)
	              Index Cond: ((id >= 5062031) AND (id <= 5063030))

for: sum_ranges
table 1 : explain SELECT SUM(k) FROM sbtest1 WHERE id BETWEEN 9801446 AND 9802445
	Aggregate  (cost=3654.22..3654.23 rows=1 width=8)
	  ->  Bitmap Heap Scan on sbtest1  (cost=22.12..3651.86 rows=945 width=4)
	        Recheck Cond: ((id >= 9801446) AND (id <= 9802445))
	        ->  Bitmap Index Scan on sbtest1_pkey  (cost=0.00..21.89 rows=945 width=0)
	              Index Cond: ((id >= 9801446) AND (id <= 9802445))

table 2 : explain SELECT SUM(k) FROM sbtest2 WHERE id BETWEEN 4266509 AND 4267508
	Aggregate  (cost=4064.79..4064.80 rows=1 width=8)
	  ->  Bitmap Heap Scan on sbtest2  (cost=23.24..4062.16 rows=1054 width=4)
	        Recheck Cond: ((id >= 4266509) AND (id <= 4267508))
	        ->  Bitmap Index Scan on sbtest2_pkey  (cost=0.00..22.97 rows=1054 width=0)
	              Index Cond: ((id >= 4266509) AND (id <= 4267508))

table 3 : explain SELECT SUM(k) FROM sbtest3 WHERE id BETWEEN 3114331 AND 3115330
	Aggregate  (cost=3839.40..3839.41 rows=1 width=8)
	  ->  Bitmap Heap Scan on sbtest3  (cost=22.62..3836.91 rows=994 width=4)
	        Recheck Cond: ((id >= 3114331) AND (id <= 3115330))
	        ->  Bitmap Index Scan on sbtest3_pkey  (cost=0.00..22.37 rows=994 width=0)
	              Index Cond: ((id >= 3114331) AND (id <= 3115330))

table 4 : explain SELECT SUM(k) FROM sbtest4 WHERE id BETWEEN 4749448 AND 4750447
	Aggregate  (cost=3907.46..3907.47 rows=1 width=8)
	  ->  Bitmap Heap Scan on sbtest4  (cost=22.81..3904.93 rows=1012 width=4)
	        Recheck Cond: ((id >= 4749448) AND (id <= 4750447))
	        ->  Bitmap Index Scan on sbtest4_pkey  (cost=0.00..22.55 rows=1012 width=0)
	              Index Cond: ((id >= 4749448) AND (id <= 4750447))

table 5 : explain SELECT SUM(k) FROM sbtest5 WHERE id BETWEEN 5986015 AND 5987014
	Aggregate  (cost=3873.70..3873.71 rows=1 width=8)
	  ->  Bitmap Heap Scan on sbtest5  (cost=22.72..3871.19 rows=1003 width=4)
	        Recheck Cond: ((id >= 5986015) AND (id <= 5987014))
	        ->  Bitmap Index Scan on sbtest5_pkey  (cost=0.00..22.46 rows=1003 width=0)
	              Index Cond: ((id >= 5986015) AND (id <= 5987014))

table 6 : explain SELECT SUM(k) FROM sbtest6 WHERE id BETWEEN 9996851 AND 9997850
	Aggregate  (cost=3591.75..3591.76 rows=1 width=8)
	  ->  Bitmap Heap Scan on sbtest6  (cost=21.95..3589.43 rows=928 width=4)
	        Recheck Cond: ((id >= 9996851) AND (id <= 9997850))
	        ->  Bitmap Index Scan on sbtest6_pkey  (cost=0.00..21.71 rows=928 width=0)
	              Index Cond: ((id >= 9996851) AND (id <= 9997850))

table 7 : explain SELECT SUM(k) FROM sbtest7 WHERE id BETWEEN 9919292 AND 9920291
	Aggregate  (cost=3787.63..3787.64 rows=1 width=8)
	  ->  Bitmap Heap Scan on sbtest7  (cost=22.48..3785.18 rows=980 width=4)
	        Recheck Cond: ((id >= 9919292) AND (id <= 9920291))
	        ->  Bitmap Index Scan on sbtest7_pkey  (cost=0.00..22.23 rows=980 width=0)
	              Index Cond: ((id >= 9919292) AND (id <= 9920291))

table 8 : explain SELECT SUM(k) FROM sbtest8 WHERE id BETWEEN 1574547 AND 1575546
	Aggregate  (cost=3875.46..3875.47 rows=1 width=8)
	  ->  Bitmap Heap Scan on sbtest8  (cost=22.72..3872.95 rows=1003 width=4)
	        Recheck Cond: ((id >= 1574547) AND (id <= 1575546))
	        ->  Bitmap Index Scan on sbtest8_pkey  (cost=0.00..22.46 rows=1003 width=0)
	              Index Cond: ((id >= 1574547) AND (id <= 1575546))

for point_selects
table 1 : explain SELECT c FROM sbtest1 WHERE id=3526060
	Index Scan using sbtest1_pkey on sbtest1  (cost=0.43..8.45 rows=1 width=121)
	  Index Cond: (id = 3526060)

table 2 : explain SELECT c FROM sbtest2 WHERE id=2836990
	Index Scan using sbtest2_pkey on sbtest2  (cost=0.43..8.45 rows=1 width=121)
	  Index Cond: (id = 2836990)

table 3 : explain SELECT c FROM sbtest3 WHERE id=3264576
	Index Scan using sbtest3_pkey on sbtest3  (cost=0.43..8.45 rows=1 width=121)
	  Index Cond: (id = 3264576)

table 4 : explain SELECT c FROM sbtest4 WHERE id=8725892
	Index Scan using sbtest4_pkey on sbtest4  (cost=0.43..8.45 rows=1 width=121)
	  Index Cond: (id = 8725892)

table 5 : explain SELECT c FROM sbtest5 WHERE id=2524142
	Index Scan using sbtest5_pkey on sbtest5  (cost=0.43..8.45 rows=1 width=121)
	  Index Cond: (id = 2524142)

table 6 : explain SELECT c FROM sbtest6 WHERE id=9908253
	Index Scan using sbtest6_pkey on sbtest6  (cost=0.43..8.45 rows=1 width=121)
	  Index Cond: (id = 9908253)

table 7 : explain SELECT c FROM sbtest7 WHERE id=6659810
	Index Scan using sbtest7_pkey on sbtest7  (cost=0.43..8.45 rows=1 width=121)
	  Index Cond: (id = 6659810)

table 8 : explain SELECT c FROM sbtest8 WHERE id=4534650
	Index Scan using sbtest8_pkey on sbtest8  (cost=0.43..8.45 rows=1 width=121)
	  Index Cond: (id = 4534650)

for point_selects
table 1 : explain SELECT c FROM sbtest1 WHERE id=6949573
	Index Scan using sbtest1_pkey on sbtest1  (cost=0.43..8.45 rows=1 width=121)
	  Index Cond: (id = 6949573)

table 2 : explain SELECT c FROM sbtest2 WHERE id=1320594
	Index Scan using sbtest2_pkey on sbtest2  (cost=0.43..8.45 rows=1 width=121)
	  Index Cond: (id = 1320594)

table 3 : explain SELECT c FROM sbtest3 WHERE id=1191911
	Index Scan using sbtest3_pkey on sbtest3  (cost=0.43..8.45 rows=1 width=121)
	  Index Cond: (id = 1191911)

table 4 : explain SELECT c FROM sbtest4 WHERE id=1627770
	Index Scan using sbtest4_pkey on sbtest4  (cost=0.43..8.45 rows=1 width=121)
	  Index Cond: (id = 1627770)

table 5 : explain SELECT c FROM sbtest5 WHERE id=8323835
	Index Scan using sbtest5_pkey on sbtest5  (cost=0.43..8.45 rows=1 width=121)
	  Index Cond: (id = 8323835)

table 6 : explain SELECT c FROM sbtest6 WHERE id=209130
	Index Scan using sbtest6_pkey on sbtest6  (cost=0.43..8.45 rows=1 width=121)
	  Index Cond: (id = 209130)

table 7 : explain SELECT c FROM sbtest7 WHERE id=3879728
	Index Scan using sbtest7_pkey on sbtest7  (cost=0.43..8.45 rows=1 width=121)
	  Index Cond: (id = 3879728)

table 8 : explain SELECT c FROM sbtest8 WHERE id=1711329
	Index Scan using sbtest8_pkey on sbtest8  (cost=0.43..8.45 rows=1 width=121)
	  Index Cond: (id = 1711329)

for: distinct_ranges
table 1 : explain SELECT DISTINCT c FROM sbtest1 WHERE id BETWEEN 5664078 AND 5665077 ORDER BY c
	Unique  (cost=3748.30..3753.09 rows=958 width=121)
	  ->  Sort  (cost=3748.30..3750.69 rows=958 width=121)
	        Sort Key: c
	        ->  Bitmap Heap Scan on sbtest1  (cost=22.25..3700.86 rows=958 width=121)
	              Recheck Cond: ((id >= 5664078) AND (id <= 5665077))
	              ->  Bitmap Index Scan on sbtest1_pkey  (cost=0.00..22.01 rows=958 width=0)
	                    Index Cond: ((id >= 5664078) AND (id <= 5665077))

table 2 : explain SELECT DISTINCT c FROM sbtest2 WHERE id BETWEEN 995356 AND 996355 ORDER BY c
	Unique  (cost=4347.76..4353.33 rows=1115 width=121)
	  ->  Sort  (cost=4347.76..4350.55 rows=1115 width=121)
	        Sort Key: c
	        ->  Bitmap Heap Scan on sbtest2  (cost=27.86..4291.32 rows=1115 width=121)
	              Recheck Cond: ((id >= 995356) AND (id <= 996355))
	              ->  Bitmap Index Scan on sbtest2_pkey  (cost=0.00..27.58 rows=1115 width=0)
	                    Index Cond: ((id >= 995356) AND (id <= 996355))

table 3 : explain SELECT DISTINCT c FROM sbtest3 WHERE id BETWEEN 2458505 AND 2459504 ORDER BY c
	Unique  (cost=3492.12..3496.57 rows=891 width=121)
	  ->  Sort  (cost=3492.12..3494.34 rows=891 width=121)
	        Sort Key: c
	        ->  Bitmap Heap Scan on sbtest3  (cost=21.57..3448.46 rows=891 width=121)
	              Recheck Cond: ((id >= 2458505) AND (id <= 2459504))
	              ->  Bitmap Index Scan on sbtest3_pkey  (cost=0.00..21.34 rows=891 width=0)
	                    Index Cond: ((id >= 2458505) AND (id <= 2459504))

table 4 : explain SELECT DISTINCT c FROM sbtest4 WHERE id BETWEEN 9877148 AND 9878147 ORDER BY c
	Unique  (cost=3814.03..3818.90 rows=975 width=121)
	  ->  Sort  (cost=3814.03..3816.47 rows=975 width=121)
	        Sort Key: c
	        ->  Bitmap Heap Scan on sbtest4  (cost=22.43..3765.62 rows=975 width=121)
	              Recheck Cond: ((id >= 9877148) AND (id <= 9878147))
	              ->  Bitmap Index Scan on sbtest4_pkey  (cost=0.00..22.18 rows=975 width=0)
	                    Index Cond: ((id >= 9877148) AND (id <= 9878147))

table 5 : explain SELECT DISTINCT c FROM sbtest5 WHERE id BETWEEN 9304834 AND 9305833 ORDER BY c
	Unique  (cost=4104.46..4109.71 rows=1051 width=121)
	  ->  Sort  (cost=4104.46..4107.09 rows=1051 width=121)
	        Sort Key: c
	        ->  Bitmap Heap Scan on sbtest5  (cost=23.21..4051.71 rows=1051 width=121)
	              Recheck Cond: ((id >= 9304834) AND (id <= 9305833))
	              ->  Bitmap Index Scan on sbtest5_pkey  (cost=0.00..22.94 rows=1051 width=0)
	                    Index Cond: ((id >= 9304834) AND (id <= 9305833))

table 6 : explain SELECT DISTINCT c FROM sbtest6 WHERE id BETWEEN 369405 AND 370404 ORDER BY c
	Unique  (cost=4002.46..4007.58 rows=1024 width=121)
	  ->  Sort  (cost=4002.46..4005.02 rows=1024 width=121)
	        Sort Key: c
	        ->  Bitmap Heap Scan on sbtest6  (cost=22.93..3951.26 rows=1024 width=121)
	              Recheck Cond: ((id >= 369405) AND (id <= 370404))
	              ->  Bitmap Index Scan on sbtest6_pkey  (cost=0.00..22.68 rows=1024 width=0)
	                    Index Cond: ((id >= 369405) AND (id <= 370404))

table 7 : explain SELECT DISTINCT c FROM sbtest7 WHERE id BETWEEN 4983868 AND 4984867 ORDER BY c
	Unique  (cost=3619.48..3624.10 rows=924 width=121)
	  ->  Sort  (cost=3619.48..3621.79 rows=924 width=121)
	        Sort Key: c
	        ->  Bitmap Heap Scan on sbtest7  (cost=21.91..3573.97 rows=924 width=121)
	              Recheck Cond: ((id >= 4983868) AND (id <= 4984867))
	              ->  Bitmap Index Scan on sbtest7_pkey  (cost=0.00..21.68 rows=924 width=0)
	                    Index Cond: ((id >= 4983868) AND (id <= 4984867))

table 8 : explain SELECT DISTINCT c FROM sbtest8 WHERE id BETWEEN 9246906 AND 9247905 ORDER BY c
	Unique  (cost=3486.25..3490.70 rows=889 width=121)
	  ->  Sort  (cost=3486.25..3488.47 rows=889 width=121)
	        Sort Key: c
	        ->  Bitmap Heap Scan on sbtest8  (cost=21.55..3442.71 rows=889 width=121)
	              Recheck Cond: ((id >= 9246906) AND (id <= 9247905))
	              ->  Bitmap Index Scan on sbtest8_pkey  (cost=0.00..21.32 rows=889 width=0)
	                    Index Cond: ((id >= 9246906) AND (id <= 9247905))

explain: for point_selects :: explain SELECT c FROM sbtest%u WHERE id=%u
for: order_ranges
table 1 : explain SELECT c FROM sbtest1 WHERE id BETWEEN 6447459 AND 6448458 ORDER BY c
	Sort  (cost=3870.64..3873.12 rows=990 width=121)
	  Sort Key: c
	  ->  Bitmap Heap Scan on sbtest1  (cost=22.58..3821.38 rows=990 width=121)
	        Recheck Cond: ((id >= 6447459) AND (id <= 6448458))
	        ->  Bitmap Index Scan on sbtest1_pkey  (cost=0.00..22.33 rows=990 width=0)
	              Index Cond: ((id >= 6447459) AND (id <= 6448458))

table 2 : explain SELECT c FROM sbtest2 WHERE id BETWEEN 3913585 AND 3914584 ORDER BY c
	Sort  (cost=3648.90..3651.23 rows=932 width=121)
	  Sort Key: c
	  ->  Bitmap Heap Scan on sbtest2  (cost=21.99..3602.93 rows=932 width=121)
	        Recheck Cond: ((id >= 3913585) AND (id <= 3914584))
	        ->  Bitmap Index Scan on sbtest2_pkey  (cost=0.00..21.75 rows=932 width=0)
	              Index Cond: ((id >= 3913585) AND (id <= 3914584))

table 3 : explain SELECT c FROM sbtest3 WHERE id BETWEEN 769071 AND 770070 ORDER BY c
	Sort  (cost=3526.62..3528.87 rows=900 width=121)
	  Sort Key: c
	  ->  Bitmap Heap Scan on sbtest3  (cost=21.66..3482.46 rows=900 width=121)
	        Recheck Cond: ((id >= 769071) AND (id <= 770070))
	        ->  Bitmap Index Scan on sbtest3_pkey  (cost=0.00..21.43 rows=900 width=0)
	              Index Cond: ((id >= 769071) AND (id <= 770070))

table 4 : explain SELECT c FROM sbtest4 WHERE id BETWEEN 8091672 AND 8092671 ORDER BY c
	Sort  (cost=3457.82..3460.03 rows=882 width=121)
	  Sort Key: c
	  ->  Bitmap Heap Scan on sbtest4  (cost=21.48..3414.67 rows=882 width=121)
	        Recheck Cond: ((id >= 8091672) AND (id <= 8092671))
	        ->  Bitmap Index Scan on sbtest4_pkey  (cost=0.00..21.25 rows=882 width=0)
	              Index Cond: ((id >= 8091672) AND (id <= 8092671))

table 5 : explain SELECT c FROM sbtest5 WHERE id BETWEEN 4754393 AND 4755392 ORDER BY c
	Sort  (cost=3584.46..3586.75 rows=915 width=121)
	  Sort Key: c
	  ->  Bitmap Heap Scan on sbtest5  (cost=21.81..3539.45 rows=915 width=121)
	        Recheck Cond: ((id >= 4754393) AND (id <= 4755392))
	        ->  Bitmap Index Scan on sbtest5_pkey  (cost=0.00..21.58 rows=915 width=0)
	              Index Cond: ((id >= 4754393) AND (id <= 4755392))

table 6 : explain SELECT c FROM sbtest6 WHERE id BETWEEN 1851333 AND 1852332 ORDER BY c
	Sort  (cost=4052.10..4054.70 rows=1037 width=121)
	  Sort Key: c
	  ->  Bitmap Heap Scan on sbtest6  (cost=23.06..4000.16 rows=1037 width=121)
	        Recheck Cond: ((id >= 1851333) AND (id <= 1852332))
	        ->  Bitmap Index Scan on sbtest6_pkey  (cost=0.00..22.80 rows=1037 width=0)
	              Index Cond: ((id >= 1851333) AND (id <= 1852332))

table 7 : explain SELECT c FROM sbtest7 WHERE id BETWEEN 8356072 AND 8357071 ORDER BY c
	Sort  (cost=3982.94..3985.48 rows=1019 width=121)
	  Sort Key: c
	  ->  Bitmap Heap Scan on sbtest7  (cost=22.88..3932.02 rows=1019 width=121)
	        Recheck Cond: ((id >= 8356072) AND (id <= 8357071))
	        ->  Bitmap Index Scan on sbtest7_pkey  (cost=0.00..22.62 rows=1019 width=0)
	              Index Cond: ((id >= 8356072) AND (id <= 8357071))

table 8 : explain SELECT c FROM sbtest8 WHERE id BETWEEN 8973766 AND 8974765 ORDER BY c
	Sort  (cost=3750.76..3753.16 rows=958 width=121)
	  Sort Key: c
	  ->  Bitmap Heap Scan on sbtest8  (cost=22.25..3703.32 rows=958 width=121)
	        Recheck Cond: ((id >= 8973766) AND (id <= 8974765))
	        ->  Bitmap Index Scan on sbtest8_pkey  (cost=0.00..22.01 rows=958 width=0)
	              Index Cond: ((id >= 8973766) AND (id <= 8974765))

for point_selects
table 1 : explain SELECT c FROM sbtest1 WHERE id=6592519
	Index Scan using sbtest1_pkey on sbtest1  (cost=0.43..8.45 rows=1 width=121)
	  Index Cond: (id = 6592519)

table 2 : explain SELECT c FROM sbtest2 WHERE id=7190088
	Index Scan using sbtest2_pkey on sbtest2  (cost=0.43..8.45 rows=1 width=121)
	  Index Cond: (id = 7190088)

table 3 : explain SELECT c FROM sbtest3 WHERE id=7600114
	Index Scan using sbtest3_pkey on sbtest3  (cost=0.43..8.45 rows=1 width=121)
	  Index Cond: (id = 7600114)

table 4 : explain SELECT c FROM sbtest4 WHERE id=8734084
	Index Scan using sbtest4_pkey on sbtest4  (cost=0.43..8.45 rows=1 width=121)
	  Index Cond: (id = 8734084)

table 5 : explain SELECT c FROM sbtest5 WHERE id=5559723
	Index Scan using sbtest5_pkey on sbtest5  (cost=0.43..8.45 rows=1 width=121)
	  Index Cond: (id = 5559723)

table 6 : explain SELECT c FROM sbtest6 WHERE id=2090976
	Index Scan using sbtest6_pkey on sbtest6  (cost=0.43..8.45 rows=1 width=121)
	  Index Cond: (id = 2090976)

table 7 : explain SELECT c FROM sbtest7 WHERE id=9954915
	Index Scan using sbtest7_pkey on sbtest7  (cost=0.43..8.45 rows=1 width=121)
	  Index Cond: (id = 9954915)

table 8 : explain SELECT c FROM sbtest8 WHERE id=7379353
	Index Scan using sbtest8_pkey on sbtest8  (cost=0.43..8.45 rows=1 width=121)
	  Index Cond: (id = 7379353)

for: order_ranges
table 1 : explain SELECT c FROM sbtest1 WHERE id BETWEEN 469225 AND 470224 ORDER BY c
	Sort  (cost=3931.77..3934.28 rows=1006 width=121)
	  Sort Key: c
	  ->  Bitmap Heap Scan on sbtest1  (cost=22.75..3881.60 rows=1006 width=121)
	        Recheck Cond: ((id >= 469225) AND (id <= 470224))
	        ->  Bitmap Index Scan on sbtest1_pkey  (cost=0.00..22.50 rows=1006 width=0)
	              Index Cond: ((id >= 469225) AND (id <= 470224))

table 2 : explain SELECT c FROM sbtest2 WHERE id BETWEEN 1495531 AND 1496530 ORDER BY c
	Sort  (cost=4012.06..4014.63 rows=1027 width=121)
	  Sort Key: c
	  ->  Bitmap Heap Scan on sbtest2  (cost=22.96..3960.69 rows=1027 width=121)
	        Recheck Cond: ((id >= 1495531) AND (id <= 1496530))
	        ->  Bitmap Index Scan on sbtest2_pkey  (cost=0.00..22.70 rows=1027 width=0)
	              Index Cond: ((id >= 1495531) AND (id <= 1496530))

table 3 : explain SELECT c FROM sbtest3 WHERE id BETWEEN 815615 AND 816614 ORDER BY c
	Sort  (cost=3526.62..3528.87 rows=900 width=121)
	  Sort Key: c
	  ->  Bitmap Heap Scan on sbtest3  (cost=21.66..3482.46 rows=900 width=121)
	        Recheck Cond: ((id >= 815615) AND (id <= 816614))
	        ->  Bitmap Index Scan on sbtest3_pkey  (cost=0.00..21.43 rows=900 width=0)
	              Index Cond: ((id >= 815615) AND (id <= 816614))

table 4 : explain SELECT c FROM sbtest4 WHERE id BETWEEN 6066565 AND 6067564 ORDER BY c
	Sort  (cost=3553.69..3555.95 rows=907 width=121)
	  Sort Key: c
	  ->  Bitmap Heap Scan on sbtest4  (cost=21.73..3509.13 rows=907 width=121)
	        Recheck Cond: ((id >= 6066565) AND (id <= 6067564))
	        ->  Bitmap Index Scan on sbtest4_pkey  (cost=0.00..21.50 rows=907 width=0)
	              Index Cond: ((id >= 6066565) AND (id <= 6067564))

table 5 : explain SELECT c FROM sbtest5 WHERE id BETWEEN 6625255 AND 6626254 ORDER BY c
	Sort  (cost=3909.73..3912.23 rows=1000 width=121)
	  Sort Key: c
	  ->  Bitmap Heap Scan on sbtest5  (cost=22.68..3859.90 rows=1000 width=121)
	        Recheck Cond: ((id >= 6625255) AND (id <= 6626254))
	        ->  Bitmap Index Scan on sbtest5_pkey  (cost=0.00..22.43 rows=1000 width=0)
	              Index Cond: ((id >= 6625255) AND (id <= 6626254))

table 6 : explain SELECT c FROM sbtest6 WHERE id BETWEEN 702632 AND 703631 ORDER BY c
	Sort  (cost=4090.28..4092.90 rows=1047 width=121)
	  Sort Key: c
	  ->  Bitmap Heap Scan on sbtest6  (cost=23.17..4037.76 rows=1047 width=121)
	        Recheck Cond: ((id >= 702632) AND (id <= 703631))
	        ->  Bitmap Index Scan on sbtest6_pkey  (cost=0.00..22.90 rows=1047 width=0)
	              Index Cond: ((id >= 702632) AND (id <= 703631))

table 7 : explain SELECT c FROM sbtest7 WHERE id BETWEEN 4956160 AND 4957159 ORDER BY c
	Sort  (cost=3619.48..3621.79 rows=924 width=121)
	  Sort Key: c
	  ->  Bitmap Heap Scan on sbtest7  (cost=21.91..3573.97 rows=924 width=121)
	        Recheck Cond: ((id >= 4956160) AND (id <= 4957159))
	        ->  Bitmap Index Scan on sbtest7_pkey  (cost=0.00..21.68 rows=924 width=0)
	              Index Cond: ((id >= 4956160) AND (id <= 4957159))

table 8 : explain SELECT c FROM sbtest8 WHERE id BETWEEN 9825755 AND 9826754 ORDER BY c
	Sort  (cost=4228.64..4231.34 rows=1082 width=121)
	  Sort Key: c
	  ->  Bitmap Heap Scan on sbtest8  (cost=27.53..4174.11 rows=1082 width=121)
	        Recheck Cond: ((id >= 9825755) AND (id <= 9826754))
	        ->  Bitmap Index Scan on sbtest8_pkey  (cost=0.00..27.25 rows=1082 width=0)
	              Index Cond: ((id >= 9825755) AND (id <= 9826754))

for: order_ranges
table 1 : explain SELECT c FROM sbtest1 WHERE id BETWEEN 7236596 AND 7237595 ORDER BY c
	Sort  (cost=4004.31..4006.87 rows=1025 width=121)
	  Sort Key: c
	  ->  Bitmap Heap Scan on sbtest1  (cost=22.94..3953.05 rows=1025 width=121)
	        Recheck Cond: ((id >= 7236596) AND (id <= 7237595))
	        ->  Bitmap Index Scan on sbtest1_pkey  (cost=0.00..22.68 rows=1025 width=0)
	              Index Cond: ((id >= 7236596) AND (id <= 7237595))

table 2 : explain SELECT c FROM sbtest2 WHERE id BETWEEN 8015880 AND 8016879 ORDER BY c
	Sort  (cost=4225.62..4228.33 rows=1083 width=121)
	  Sort Key: c
	  ->  Bitmap Heap Scan on sbtest2  (cost=23.54..4171.03 rows=1083 width=121)
	        Recheck Cond: ((id >= 8015880) AND (id <= 8016879))
	        ->  Bitmap Index Scan on sbtest2_pkey  (cost=0.00..23.26 rows=1083 width=0)
	              Index Cond: ((id >= 8015880) AND (id <= 8016879))

table 3 : explain SELECT c FROM sbtest3 WHERE id BETWEEN 6028980 AND 6029979 ORDER BY c
	Sort  (cost=3951.35..3953.87 rows=1011 width=121)
	  Sort Key: c
	  ->  Bitmap Heap Scan on sbtest3  (cost=22.80..3900.89 rows=1011 width=121)
	        Recheck Cond: ((id >= 6028980) AND (id <= 6029979))
	        ->  Bitmap Index Scan on sbtest3_pkey  (cost=0.00..22.54 rows=1011 width=0)
	              Index Cond: ((id >= 6028980) AND (id <= 6029979))

table 4 : explain SELECT c FROM sbtest4 WHERE id BETWEEN 2347393 AND 2348392 ORDER BY c
	Sort  (cost=4066.16..4068.76 rows=1041 width=121)
	  Sort Key: c
	  ->  Bitmap Heap Scan on sbtest4  (cost=23.11..4013.99 rows=1041 width=121)
	        Recheck Cond: ((id >= 2347393) AND (id <= 2348392))
	        ->  Bitmap Index Scan on sbtest4_pkey  (cost=0.00..22.84 rows=1041 width=0)
	              Index Cond: ((id >= 2347393) AND (id <= 2348392))

table 5 : explain SELECT c FROM sbtest5 WHERE id BETWEEN 9280518 AND 9281517 ORDER BY c
	Sort  (cost=4012.86..4015.43 rows=1027 width=121)
	  Sort Key: c
	  ->  Bitmap Heap Scan on sbtest5  (cost=22.96..3961.49 rows=1027 width=121)
	        Recheck Cond: ((id >= 9280518) AND (id <= 9281517))
	        ->  Bitmap Index Scan on sbtest5_pkey  (cost=0.00..22.70 rows=1027 width=0)
	              Index Cond: ((id >= 9280518) AND (id <= 9281517))

table 6 : explain SELECT c FROM sbtest6 WHERE id BETWEEN 8025521 AND 8026520 ORDER BY c
	Sort  (cost=3853.38..3855.85 rows=985 width=121)
	  Sort Key: c
	  ->  Bitmap Heap Scan on sbtest6  (cost=22.53..3804.41 rows=985 width=121)
	        Recheck Cond: ((id >= 8025521) AND (id <= 8026520))
	        ->  Bitmap Index Scan on sbtest6_pkey  (cost=0.00..22.29 rows=985 width=0)
	              Index Cond: ((id >= 8025521) AND (id <= 8026520))

table 7 : explain SELECT c FROM sbtest7 WHERE id BETWEEN 5698082 AND 5699081 ORDER BY c
	Sort  (cost=4017.31..4019.88 rows=1028 width=121)
	  Sort Key: c
	  ->  Bitmap Heap Scan on sbtest7  (cost=22.97..3965.88 rows=1028 width=121)
	        Recheck Cond: ((id >= 5698082) AND (id <= 5699081))
	        ->  Bitmap Index Scan on sbtest7_pkey  (cost=0.00..22.71 rows=1028 width=0)
	              Index Cond: ((id >= 5698082) AND (id <= 5699081))

table 8 : explain SELECT c FROM sbtest8 WHERE id BETWEEN 8361052 AND 8362051 ORDER BY c
	Sort  (cost=3854.10..3856.57 rows=985 width=121)
	  Sort Key: c
	  ->  Bitmap Heap Scan on sbtest8  (cost=22.53..3805.13 rows=985 width=121)
	        Recheck Cond: ((id >= 8361052) AND (id <= 8362051))
	        ->  Bitmap Index Scan on sbtest8_pkey  (cost=0.00..22.29 rows=985 width=0)
	              Index Cond: ((id >= 8361052) AND (id <= 8362051))

for: simple_ranges
table 1 : explain SELECT c FROM sbtest1 WHERE id BETWEEN 530021 AND 531020
	Bitmap Heap Scan on sbtest1  (cost=23.34..4099.59 rows=1064 width=121)
	  Recheck Cond: ((id >= 530021) AND (id <= 531020))
	  ->  Bitmap Index Scan on sbtest1_pkey  (cost=0.00..23.07 rows=1064 width=0)
	        Index Cond: ((id >= 530021) AND (id <= 531020))

table 2 : explain SELECT c FROM sbtest2 WHERE id BETWEEN 4144082 AND 4145081
	Bitmap Heap Scan on sbtest2  (cost=22.14..3659.50 rows=947 width=121)
	  Recheck Cond: ((id >= 4144082) AND (id <= 4145081))
	  ->  Bitmap Index Scan on sbtest2_pkey  (cost=0.00..21.90 rows=947 width=0)
	        Index Cond: ((id >= 4144082) AND (id <= 4145081))

table 3 : explain SELECT c FROM sbtest3 WHERE id BETWEEN 9580498 AND 9581497
	Bitmap Heap Scan on sbtest3  (cost=27.85..4288.00 rows=1114 width=121)
	  Recheck Cond: ((id >= 9580498) AND (id <= 9581497))
	  ->  Bitmap Index Scan on sbtest3_pkey  (cost=0.00..27.57 rows=1114 width=0)
	        Index Cond: ((id >= 9580498) AND (id <= 9581497))

table 4 : explain SELECT c FROM sbtest4 WHERE id BETWEEN 9012260 AND 9013259
	Bitmap Heap Scan on sbtest4  (cost=22.17..3671.40 rows=950 width=121)
	  Recheck Cond: ((id >= 9012260) AND (id <= 9013259))
	  ->  Bitmap Index Scan on sbtest4_pkey  (cost=0.00..21.93 rows=950 width=0)
	        Index Cond: ((id >= 9012260) AND (id <= 9013259))

table 5 : explain SELECT c FROM sbtest5 WHERE id BETWEEN 8067267 AND 8068266
	Bitmap Heap Scan on sbtest5  (cost=22.37..3743.14 rows=969 width=121)
	  Recheck Cond: ((id >= 8067267) AND (id <= 8068266))
	  ->  Bitmap Index Scan on sbtest5_pkey  (cost=0.00..22.12 rows=969 width=0)
	        Index Cond: ((id >= 8067267) AND (id <= 8068266))

table 6 : explain SELECT c FROM sbtest6 WHERE id BETWEEN 8157128 AND 8158127
	Bitmap Heap Scan on sbtest6  (cost=22.14..3661.14 rows=947 width=121)
	  Recheck Cond: ((id >= 8157128) AND (id <= 8158127))
	  ->  Bitmap Index Scan on sbtest6_pkey  (cost=0.00..21.90 rows=947 width=0)
	        Index Cond: ((id >= 8157128) AND (id <= 8158127))

table 7 : explain SELECT c FROM sbtest7 WHERE id BETWEEN 3864608 AND 3865607
	Bitmap Heap Scan on sbtest7  (cost=22.60..3830.38 rows=992 width=121)
	  Recheck Cond: ((id >= 3864608) AND (id <= 3865607))
	  ->  Bitmap Index Scan on sbtest7_pkey  (cost=0.00..22.36 rows=992 width=0)
	        Index Cond: ((id >= 3864608) AND (id <= 3865607))

table 8 : explain SELECT c FROM sbtest8 WHERE id BETWEEN 9145967 AND 9146966
	Bitmap Heap Scan on sbtest8  (cost=22.52..3801.36 rows=984 width=121)
	  Recheck Cond: ((id >= 9145967) AND (id <= 9146966))
	  ->  Bitmap Index Scan on sbtest8_pkey  (cost=0.00..22.27 rows=984 width=0)
	        Index Cond: ((id >= 9145967) AND (id <= 9146966))

for: simple_ranges
table 1 : explain SELECT c FROM sbtest1 WHERE id BETWEEN 3674926 AND 3675925
	Bitmap Heap Scan on sbtest1  (cost=22.17..3670.71 rows=950 width=121)
	  Recheck Cond: ((id >= 3674926) AND (id <= 3675925))
	  ->  Bitmap Index Scan on sbtest1_pkey  (cost=0.00..21.93 rows=950 width=0)
	        Index Cond: ((id >= 3674926) AND (id <= 3675925))

table 2 : explain SELECT c FROM sbtest2 WHERE id BETWEEN 2649722 AND 2650721
	Bitmap Heap Scan on sbtest2  (cost=22.22..3689.66 rows=955 width=121)
	  Recheck Cond: ((id >= 2649722) AND (id <= 2650721))
	  ->  Bitmap Index Scan on sbtest2_pkey  (cost=0.00..21.98 rows=955 width=0)
	        Index Cond: ((id >= 2649722) AND (id <= 2650721))

table 3 : explain SELECT c FROM sbtest3 WHERE id BETWEEN 8218834 AND 8219833
	Bitmap Heap Scan on sbtest3  (cost=22.49..3787.96 rows=981 width=121)
	  Recheck Cond: ((id >= 8218834) AND (id <= 8219833))
	  ->  Bitmap Index Scan on sbtest3_pkey  (cost=0.00..22.25 rows=981 width=0)
	        Index Cond: ((id >= 8218834) AND (id <= 8219833))

table 4 : explain SELECT c FROM sbtest4 WHERE id BETWEEN 5344822 AND 5345821
	Bitmap Heap Scan on sbtest4  (cost=21.32..3357.96 rows=867 width=121)
	  Recheck Cond: ((id >= 5344822) AND (id <= 5345821))
	  ->  Bitmap Index Scan on sbtest4_pkey  (cost=0.00..21.11 rows=867 width=0)
	        Index Cond: ((id >= 5344822) AND (id <= 5345821))

table 5 : explain SELECT c FROM sbtest5 WHERE id BETWEEN 856407 AND 857406
	Bitmap Heap Scan on sbtest5  (cost=22.96..3961.49 rows=1027 width=121)
	  Recheck Cond: ((id >= 856407) AND (id <= 857406))
	  ->  Bitmap Index Scan on sbtest5_pkey  (cost=0.00..22.70 rows=1027 width=0)
	        Index Cond: ((id >= 856407) AND (id <= 857406))

table 6 : explain SELECT c FROM sbtest6 WHERE id BETWEEN 254643 AND 255642
	Bitmap Heap Scan on sbtest6  (cost=23.04..3992.64 rows=1035 width=121)
	  Recheck Cond: ((id >= 254643) AND (id <= 255642))
	  ->  Bitmap Index Scan on sbtest6_pkey  (cost=0.00..22.79 rows=1035 width=0)
	        Index Cond: ((id >= 254643) AND (id <= 255642))

table 7 : explain SELECT c FROM sbtest7 WHERE id BETWEEN 1345129 AND 1346128
	Bitmap Heap Scan on sbtest7  (cost=22.93..3950.83 rows=1024 width=121)
	  Recheck Cond: ((id >= 1345129) AND (id <= 1346128))
	  ->  Bitmap Index Scan on sbtest7_pkey  (cost=0.00..22.68 rows=1024 width=0)
	        Index Cond: ((id >= 1345129) AND (id <= 1346128))

table 8 : explain SELECT c FROM sbtest8 WHERE id BETWEEN 3225464 AND 3226463
	Bitmap Heap Scan on sbtest8  (cost=23.02..3985.89 rows=1033 width=121)
	  Recheck Cond: ((id >= 3225464) AND (id <= 3226463))
	  ->  Bitmap Index Scan on sbtest8_pkey  (cost=0.00..22.76 rows=1033 width=0)
	        Index Cond: ((id >= 3225464) AND (id <= 3226463))

explain: for point_selects :: explain SELECT c FROM sbtest%u WHERE id=%u
for: simple_ranges
table 1 : explain SELECT c FROM sbtest1 WHERE id BETWEEN 9255185 AND 9256184
	Bitmap Heap Scan on sbtest1  (cost=27.82..4276.20 rows=1111 width=121)
	  Recheck Cond: ((id >= 9255185) AND (id <= 9256184))
	  ->  Bitmap Index Scan on sbtest1_pkey  (cost=0.00..27.54 rows=1111 width=0)
	        Index Cond: ((id >= 9255185) AND (id <= 9256184))

table 2 : explain SELECT c FROM sbtest2 WHERE id BETWEEN 1141627 AND 1142626
	Bitmap Heap Scan on sbtest2  (cost=23.03..3987.01 rows=1034 width=121)
	  Recheck Cond: ((id >= 1141627) AND (id <= 1142626))
	  ->  Bitmap Index Scan on sbtest2_pkey  (cost=0.00..22.77 rows=1034 width=0)
	        Index Cond: ((id >= 1141627) AND (id <= 1142626))

table 3 : explain SELECT c FROM sbtest3 WHERE id BETWEEN 1532503 AND 1533502
	Bitmap Heap Scan on sbtest3  (cost=21.30..3350.18 rows=865 width=121)
	  Recheck Cond: ((id >= 1532503) AND (id <= 1533502))
	  ->  Bitmap Index Scan on sbtest3_pkey  (cost=0.00..21.08 rows=865 width=0)
	        Index Cond: ((id >= 1532503) AND (id <= 1533502))

table 4 : explain SELECT c FROM sbtest4 WHERE id BETWEEN 4354369 AND 4355368
	Bitmap Heap Scan on sbtest4  (cost=22.79..3897.40 rows=1010 width=121)
	  Recheck Cond: ((id >= 4354369) AND (id <= 4355368))
	  ->  Bitmap Index Scan on sbtest4_pkey  (cost=0.00..22.54 rows=1010 width=0)
	        Index Cond: ((id >= 4354369) AND (id <= 4355368))

table 5 : explain SELECT c FROM sbtest5 WHERE id BETWEEN 4791599 AND 4792598
	Bitmap Heap Scan on sbtest5  (cost=21.81..3539.45 rows=915 width=121)
	  Recheck Cond: ((id >= 4791599) AND (id <= 4792598))
	  ->  Bitmap Index Scan on sbtest5_pkey  (cost=0.00..21.58 rows=915 width=0)
	        Index Cond: ((id >= 4791599) AND (id <= 4792598))

table 6 : explain SELECT c FROM sbtest6 WHERE id BETWEEN 2724232 AND 2725231
	Bitmap Heap Scan on sbtest6  (cost=21.39..3385.36 rows=874 width=121)
	  Recheck Cond: ((id >= 2724232) AND (id <= 2725231))
	  ->  Bitmap Index Scan on sbtest6_pkey  (cost=0.00..21.18 rows=874 width=0)
	        Index Cond: ((id >= 2724232) AND (id <= 2725231))

table 7 : explain SELECT c FROM sbtest7 WHERE id BETWEEN 3259366 AND 3260365
	Bitmap Heap Scan on sbtest7  (cost=22.39..3751.26 rows=971 width=121)
	  Recheck Cond: ((id >= 3259366) AND (id <= 3260365))
	  ->  Bitmap Index Scan on sbtest7_pkey  (cost=0.00..22.14 rows=971 width=0)
	        Index Cond: ((id >= 3259366) AND (id <= 3260365))

table 8 : explain SELECT c FROM sbtest8 WHERE id BETWEEN 841112 AND 842111
	Bitmap Heap Scan on sbtest8  (cost=23.01..3982.12 rows=1032 width=121)
	  Recheck Cond: ((id >= 841112) AND (id <= 842111))
	  ->  Bitmap Index Scan on sbtest8_pkey  (cost=0.00..22.75 rows=1032 width=0)
	        Index Cond: ((id >= 841112) AND (id <= 842111))

for: distinct_ranges
table 1 : explain SELECT DISTINCT c FROM sbtest1 WHERE id BETWEEN 6089373 AND 6090372 ORDER BY c
	Unique  (cost=3633.48..3638.12 rows=928 width=121)
	  ->  Sort  (cost=3633.48..3635.80 rows=928 width=121)
	        Sort Key: c
	        ->  Bitmap Heap Scan on sbtest1  (cost=21.95..3587.74 rows=928 width=121)
	              Recheck Cond: ((id >= 6089373) AND (id <= 6090372))
	              ->  Bitmap Index Scan on sbtest1_pkey  (cost=0.00..21.71 rows=928 width=0)
	                    Index Cond: ((id >= 6089373) AND (id <= 6090372))

table 2 : explain SELECT DISTINCT c FROM sbtest2 WHERE id BETWEEN 4238363 AND 4239362 ORDER BY c
	Unique  (cost=4115.08..4120.35 rows=1054 width=121)
	  ->  Sort  (cost=4115.08..4117.71 rows=1054 width=121)
	        Sort Key: c
	        ->  Bitmap Heap Scan on sbtest2  (cost=23.24..4062.16 rows=1054 width=121)
	              Recheck Cond: ((id >= 4238363) AND (id <= 4239362))
	              ->  Bitmap Index Scan on sbtest2_pkey  (cost=0.00..22.97 rows=1054 width=0)
	                    Index Cond: ((id >= 4238363) AND (id <= 4239362))

table 3 : explain SELECT DISTINCT c FROM sbtest3 WHERE id BETWEEN 8588276 AND 8589275 ORDER BY c
	Unique  (cost=3557.29..3561.83 rows=908 width=121)
	  ->  Sort  (cost=3557.29..3559.56 rows=908 width=121)
	        Sort Key: c
	        ->  Bitmap Heap Scan on sbtest3  (cost=21.74..3512.67 rows=908 width=121)
	              Recheck Cond: ((id >= 8588276) AND (id <= 8589275))
	              ->  Bitmap Index Scan on sbtest3_pkey  (cost=0.00..21.51 rows=908 width=0)
	                    Index Cond: ((id >= 8588276) AND (id <= 8589275))

table 4 : explain SELECT DISTINCT c FROM sbtest4 WHERE id BETWEEN 8496281 AND 8497280 ORDER BY c
	Unique  (cost=3821.68..3826.56 rows=977 width=121)
	  ->  Sort  (cost=3821.68..3824.12 rows=977 width=121)
	        Sort Key: c
	        ->  Bitmap Heap Scan on sbtest4  (cost=22.45..3773.16 rows=977 width=121)
	              Recheck Cond: ((id >= 8496281) AND (id <= 8497280))
	              ->  Bitmap Index Scan on sbtest4_pkey  (cost=0.00..22.20 rows=977 width=0)
	                    Index Cond: ((id >= 8496281) AND (id <= 8497280))

table 5 : explain SELECT DISTINCT c FROM sbtest5 WHERE id BETWEEN 1401972 AND 1402971 ORDER BY c
	Unique  (cost=3795.03..3799.88 rows=970 width=121)
	  ->  Sort  (cost=3795.03..3797.46 rows=970 width=121)
	        Sort Key: c
	        ->  Bitmap Heap Scan on sbtest5  (cost=22.38..3746.91 rows=970 width=121)
	              Recheck Cond: ((id >= 1401972) AND (id <= 1402971))
	              ->  Bitmap Index Scan on sbtest5_pkey  (cost=0.00..22.14 rows=970 width=0)
	                    Index Cond: ((id >= 1401972) AND (id <= 1402971))

table 6 : explain SELECT DISTINCT c FROM sbtest6 WHERE id BETWEEN 5001894 AND 5002893 ORDER BY c
	Unique  (cost=3796.00..3800.85 rows=970 width=121)
	  ->  Sort  (cost=3796.00..3798.42 rows=970 width=121)
	        Sort Key: c
	        ->  Bitmap Heap Scan on sbtest6  (cost=22.38..3747.88 rows=970 width=121)
	              Recheck Cond: ((id >= 5001894) AND (id <= 5002893))
	              ->  Bitmap Index Scan on sbtest6_pkey  (cost=0.00..22.14 rows=970 width=0)
	                    Index Cond: ((id >= 5001894) AND (id <= 5002893))

table 7 : explain SELECT DISTINCT c FROM sbtest7 WHERE id BETWEEN 73599 AND 74598 ORDER BY c
	Unique  (cost=3818.56..3823.44 rows=976 width=121)
	  ->  Sort  (cost=3818.56..3821.00 rows=976 width=121)
	        Sort Key: c
	        ->  Bitmap Heap Scan on sbtest7  (cost=22.44..3770.10 rows=976 width=121)
	              Recheck Cond: ((id >= 73599) AND (id <= 74598))
	              ->  Bitmap Index Scan on sbtest7_pkey  (cost=0.00..22.19 rows=976 width=0)
	                    Index Cond: ((id >= 73599) AND (id <= 74598))

table 8 : explain SELECT DISTINCT c FROM sbtest8 WHERE id BETWEEN 3406502 AND 3407501 ORDER BY c
	Unique  (cost=3880.88..3885.84 rows=992 width=121)
	  ->  Sort  (cost=3880.88..3883.36 rows=992 width=121)
	        Sort Key: c
	        ->  Bitmap Heap Scan on sbtest8  (cost=22.60..3831.51 rows=992 width=121)
	              Recheck Cond: ((id >= 3406502) AND (id <= 3407501))
	              ->  Bitmap Index Scan on sbtest8_pkey  (cost=0.00..22.36 rows=992 width=0)
	                    Index Cond: ((id >= 3406502) AND (id <= 3407501))

for: distinct_ranges
table 1 : explain SELECT DISTINCT c FROM sbtest1 WHERE id BETWEEN 1416293 AND 1417292 ORDER BY c
	Unique  (cost=4004.31..4009.44 rows=1025 width=121)
	  ->  Sort  (cost=4004.31..4006.87 rows=1025 width=121)
	        Sort Key: c
	        ->  Bitmap Heap Scan on sbtest1  (cost=22.94..3953.05 rows=1025 width=121)
	              Recheck Cond: ((id >= 1416293) AND (id <= 1417292))
	              ->  Bitmap Index Scan on sbtest1_pkey  (cost=0.00..22.68 rows=1025 width=0)
	                    Index Cond: ((id >= 1416293) AND (id <= 1417292))

table 2 : explain SELECT DISTINCT c FROM sbtest2 WHERE id BETWEEN 1666812 AND 1667811 ORDER BY c
	Unique  (cost=4050.23..4055.41 rows=1037 width=121)
	  ->  Sort  (cost=4050.23..4052.82 rows=1037 width=121)
	        Sort Key: c
	        ->  Bitmap Heap Scan on sbtest2  (cost=23.06..3998.28 rows=1037 width=121)
	              Recheck Cond: ((id >= 1666812) AND (id <= 1667811))
	              ->  Bitmap Index Scan on sbtest2_pkey  (cost=0.00..22.80 rows=1037 width=0)
	                    Index Cond: ((id >= 1666812) AND (id <= 1667811))

table 3 : explain SELECT DISTINCT c FROM sbtest3 WHERE id BETWEEN 4398528 AND 4399527 ORDER BY c
	Unique  (cost=4031.53..4036.69 rows=1032 width=121)
	  ->  Sort  (cost=4031.53..4034.11 rows=1032 width=121)
	        Sort Key: c
	        ->  Bitmap Heap Scan on sbtest3  (cost=23.01..3979.87 rows=1032 width=121)
	              Recheck Cond: ((id >= 4398528) AND (id <= 4399527))
	              ->  Bitmap Index Scan on sbtest3_pkey  (cost=0.00..22.75 rows=1032 width=0)
	                    Index Cond: ((id >= 4398528) AND (id <= 4399527))

table 4 : explain SELECT DISTINCT c FROM sbtest4 WHERE id BETWEEN 9689858 AND 9690857 ORDER BY c
	Unique  (cost=4176.78..4182.13 rows=1070 width=121)
	  ->  Sort  (cost=4176.78..4179.45 rows=1070 width=121)
	        Sort Key: c
	        ->  Bitmap Heap Scan on sbtest4  (cost=23.40..4122.94 rows=1070 width=121)
	              Recheck Cond: ((id >= 9689858) AND (id <= 9690857))
	              ->  Bitmap Index Scan on sbtest4_pkey  (cost=0.00..23.14 rows=1070 width=0)
	                    Index Cond: ((id >= 9689858) AND (id <= 9690857))

table 5 : explain SELECT DISTINCT c FROM sbtest5 WHERE id BETWEEN 2058209 AND 2059208 ORDER BY c
	Unique  (cost=4096.83..4102.07 rows=1049 width=121)
	  ->  Sort  (cost=4096.83..4099.45 rows=1049 width=121)
	        Sort Key: c
	        ->  Bitmap Heap Scan on sbtest5  (cost=23.19..4044.19 rows=1049 width=121)
	              Recheck Cond: ((id >= 2058209) AND (id <= 2059208))
	              ->  Bitmap Index Scan on sbtest5_pkey  (cost=0.00..22.93 rows=1049 width=0)
	                    Index Cond: ((id >= 2058209) AND (id <= 2059208))

table 6 : explain SELECT DISTINCT c FROM sbtest6 WHERE id BETWEEN 1185459 AND 1186458 ORDER BY c
	Unique  (cost=3688.81..3693.52 rows=942 width=121)
	  ->  Sort  (cost=3688.81..3691.16 rows=942 width=121)
	        Sort Key: c
	        ->  Bitmap Heap Scan on sbtest6  (cost=22.09..3642.27 rows=942 width=121)
	              Recheck Cond: ((id >= 1185459) AND (id <= 1186458))
	              ->  Bitmap Index Scan on sbtest6_pkey  (cost=0.00..21.86 rows=942 width=0)
	                    Index Cond: ((id >= 1185459) AND (id <= 1186458))

table 7 : explain SELECT DISTINCT c FROM sbtest7 WHERE id BETWEEN 7001018 AND 7002017 ORDER BY c
	Unique  (cost=3925.62..3930.64 rows=1004 width=121)
	  ->  Sort  (cost=3925.62..3928.13 rows=1004 width=121)
	        Sort Key: c
	        ->  Bitmap Heap Scan on sbtest7  (cost=22.73..3875.57 rows=1004 width=121)
	              Recheck Cond: ((id >= 7001018) AND (id <= 7002017))
	              ->  Bitmap Index Scan on sbtest7_pkey  (cost=0.00..22.47 rows=1004 width=0)
	                    Index Cond: ((id >= 7001018) AND (id <= 7002017))

table 8 : explain SELECT DISTINCT c FROM sbtest8 WHERE id BETWEEN 6868929 AND 6869928 ORDER BY c
	Unique  (cost=3716.29..3721.04 rows=949 width=121)
	  ->  Sort  (cost=3716.29..3718.67 rows=949 width=121)
	        Sort Key: c
	        ->  Bitmap Heap Scan on sbtest8  (cost=22.16..3669.37 rows=949 width=121)
	              Recheck Cond: ((id >= 6868929) AND (id <= 6869928))
	              ->  Bitmap Index Scan on sbtest8_pkey  (cost=0.00..21.93 rows=949 width=0)
	                    Index Cond: ((id >= 6868929) AND (id <= 6869928))

for point_selects
table 1 : explain SELECT c FROM sbtest1 WHERE id=6575173
	Index Scan using sbtest1_pkey on sbtest1  (cost=0.43..8.45 rows=1 width=121)
	  Index Cond: (id = 6575173)

table 2 : explain SELECT c FROM sbtest2 WHERE id=16991
	Index Scan using sbtest2_pkey on sbtest2  (cost=0.43..8.45 rows=1 width=121)
	  Index Cond: (id = 16991)

table 3 : explain SELECT c FROM sbtest3 WHERE id=6535891
	Index Scan using sbtest3_pkey on sbtest3  (cost=0.43..8.45 rows=1 width=121)
	  Index Cond: (id = 6535891)

table 4 : explain SELECT c FROM sbtest4 WHERE id=2869355
	Index Scan using sbtest4_pkey on sbtest4  (cost=0.43..8.45 rows=1 width=121)
	  Index Cond: (id = 2869355)

table 5 : explain SELECT c FROM sbtest5 WHERE id=7624011
	Index Scan using sbtest5_pkey on sbtest5  (cost=0.43..8.45 rows=1 width=121)
	  Index Cond: (id = 7624011)

table 6 : explain SELECT c FROM sbtest6 WHERE id=9370066
	Index Scan using sbtest6_pkey on sbtest6  (cost=0.43..8.45 rows=1 width=121)
	  Index Cond: (id = 9370066)

table 7 : explain SELECT c FROM sbtest7 WHERE id=9119269
	Index Scan using sbtest7_pkey on sbtest7  (cost=0.43..8.45 rows=1 width=121)
	  Index Cond: (id = 9119269)

table 8 : explain SELECT c FROM sbtest8 WHERE id=5432259
	Index Scan using sbtest8_pkey on sbtest8  (cost=0.43..8.45 rows=1 width=121)
	  Index Cond: (id = 5432259)

explain: for point_selects :: explain SELECT c FROM sbtest%u WHERE id=%u
for: sum_ranges
table 1 : explain SELECT SUM(k) FROM sbtest1 WHERE id BETWEEN 7867369 AND 7868368
	Aggregate  (cost=3887.88..3887.89 rows=1 width=8)
	  ->  Bitmap Heap Scan on sbtest1  (cost=22.76..3885.36 rows=1007 width=4)
	        Recheck Cond: ((id >= 7867369) AND (id <= 7868368))
	        ->  Bitmap Index Scan on sbtest1_pkey  (cost=0.00..22.50 rows=1007 width=0)
	              Index Cond: ((id >= 7867369) AND (id <= 7868368))

table 2 : explain SELECT SUM(k) FROM sbtest2 WHERE id BETWEEN 57702 AND 58701
	Aggregate  (cost=3680.73..3680.74 rows=1 width=8)
	  ->  Bitmap Heap Scan on sbtest2  (cost=22.19..3678.35 rows=952 width=4)
	        Recheck Cond: ((id >= 57702) AND (id <= 58701))
	        ->  Bitmap Index Scan on sbtest2_pkey  (cost=0.00..21.95 rows=952 width=0)
	              Index Cond: ((id >= 57702) AND (id <= 58701))

table 3 : explain SELECT SUM(k) FROM sbtest3 WHERE id BETWEEN 4273152 AND 4274151
	Aggregate  (cost=3571.61..3571.62 rows=1 width=8)
	  ->  Bitmap Heap Scan on sbtest3  (cost=21.90..3569.30 rows=923 width=4)
	        Recheck Cond: ((id >= 4273152) AND (id <= 4274151))
	        ->  Bitmap Index Scan on sbtest3_pkey  (cost=0.00..21.66 rows=923 width=0)
	              Index Cond: ((id >= 4273152) AND (id <= 4274151))

table 4 : explain SELECT SUM(k) FROM sbtest4 WHERE id BETWEEN 558513 AND 559512
	Aggregate  (cost=4110.58..4110.59 rows=1 width=8)
	  ->  Bitmap Heap Scan on sbtest4  (cost=23.36..4107.92 rows=1066 width=4)
	        Recheck Cond: ((id >= 558513) AND (id <= 559512))
	        ->  Bitmap Index Scan on sbtest4_pkey  (cost=0.00..23.09 rows=1066 width=0)
	              Index Cond: ((id >= 558513) AND (id <= 559512))

table 5 : explain SELECT SUM(k) FROM sbtest5 WHERE id BETWEEN 203221 AND 204220
	Aggregate  (cost=3692.76..3692.77 rows=1 width=8)
	  ->  Bitmap Heap Scan on sbtest5  (cost=22.22..3690.37 rows=955 width=4)
	        Recheck Cond: ((id >= 203221) AND (id <= 204220))
	        ->  Bitmap Index Scan on sbtest5_pkey  (cost=0.00..21.98 rows=955 width=0)
	              Index Cond: ((id >= 203221) AND (id <= 204220))

table 6 : explain SELECT SUM(k) FROM sbtest6 WHERE id BETWEEN 158661 AND 159660
	Aggregate  (cost=3980.17..3980.18 rows=1 width=8)
	  ->  Bitmap Heap Scan on sbtest6  (cost=23.00..3977.59 rows=1031 width=4)
	        Recheck Cond: ((id >= 158661) AND (id <= 159660))
	        ->  Bitmap Index Scan on sbtest6_pkey  (cost=0.00..22.75 rows=1031 width=0)
	              Index Cond: ((id >= 158661) AND (id <= 159660))

table 7 : explain SELECT SUM(k) FROM sbtest7 WHERE id BETWEEN 2534845 AND 2535844
	Aggregate  (cost=4002.32..4002.33 rows=1 width=8)
	  ->  Bitmap Heap Scan on sbtest7  (cost=23.06..3999.73 rows=1037 width=4)
	        Recheck Cond: ((id >= 2534845) AND (id <= 2535844))
	        ->  Bitmap Index Scan on sbtest7_pkey  (cost=0.00..22.80 rows=1037 width=0)
	              Index Cond: ((id >= 2534845) AND (id <= 2535844))

table 8 : explain SELECT SUM(k) FROM sbtest8 WHERE id BETWEEN 565077 AND 566076
	Aggregate  (cost=3898.07..3898.08 rows=1 width=8)
	  ->  Bitmap Heap Scan on sbtest8  (cost=22.78..3895.55 rows=1009 width=4)
	        Recheck Cond: ((id >= 565077) AND (id <= 566076))
	        ->  Bitmap Index Scan on sbtest8_pkey  (cost=0.00..22.52 rows=1009 width=0)
	              Index Cond: ((id >= 565077) AND (id <= 566076))

for: sum_ranges
table 1 : explain SELECT SUM(k) FROM sbtest1 WHERE id BETWEEN 9896474 AND 9897473
	Aggregate  (cost=4147.32..4147.33 rows=1 width=8)
	  ->  Bitmap Heap Scan on sbtest1  (cost=23.46..4144.63 rows=1076 width=4)
	        Recheck Cond: ((id >= 9896474) AND (id <= 9897473))
	        ->  Bitmap Index Scan on sbtest1_pkey  (cost=0.00..23.19 rows=1076 width=0)
	              Index Cond: ((id >= 9896474) AND (id <= 9897473))

table 2 : explain SELECT SUM(k) FROM sbtest2 WHERE id BETWEEN 152776 AND 153775
	Aggregate  (cost=3737.30..3737.31 rows=1 width=8)
	  ->  Bitmap Heap Scan on sbtest2  (cost=22.35..3734.88 rows=967 width=4)
	        Recheck Cond: ((id >= 152776) AND (id <= 153775))
	        ->  Bitmap Index Scan on sbtest2_pkey  (cost=0.00..22.11 rows=967 width=0)
	              Index Cond: ((id >= 152776) AND (id <= 153775))

table 3 : explain SELECT SUM(k) FROM sbtest3 WHERE id BETWEEN 3563972 AND 3564971
	Aggregate  (cost=3586.71..3586.72 rows=1 width=8)
	  ->  Bitmap Heap Scan on sbtest3  (cost=21.94..3584.39 rows=927 width=4)
	        Recheck Cond: ((id >= 3563972) AND (id <= 3564971))
	        ->  Bitmap Index Scan on sbtest3_pkey  (cost=0.00..21.70 rows=927 width=0)
	              Index Cond: ((id >= 3563972) AND (id <= 3564971))

table 4 : explain SELECT SUM(k) FROM sbtest4 WHERE id BETWEEN 7290090 AND 7291089
	Aggregate  (cost=4076.75..4076.76 rows=1 width=8)
	  ->  Bitmap Heap Scan on sbtest4  (cost=23.27..4074.11 rows=1057 width=4)
	        Recheck Cond: ((id >= 7290090) AND (id <= 7291089))
	        ->  Bitmap Index Scan on sbtest4_pkey  (cost=0.00..23.00 rows=1057 width=0)
	              Index Cond: ((id >= 7290090) AND (id <= 7291089))

table 5 : explain SELECT SUM(k) FROM sbtest5 WHERE id BETWEEN 4956821 AND 4957820
	Aggregate  (cost=3488.83..3488.84 rows=1 width=8)
	  ->  Bitmap Heap Scan on sbtest5  (cost=21.67..3486.58 rows=901 width=4)
	        Recheck Cond: ((id >= 4956821) AND (id <= 4957820))
	        ->  Bitmap Index Scan on sbtest5_pkey  (cost=0.00..21.44 rows=901 width=0)
	              Index Cond: ((id >= 4956821) AND (id <= 4957820))

table 6 : explain SELECT SUM(k) FROM sbtest6 WHERE id BETWEEN 71628 AND 72627
	Aggregate  (cost=3735.21..3735.22 rows=1 width=8)
	  ->  Bitmap Heap Scan on sbtest6  (cost=22.34..3732.80 rows=966 width=4)
	        Recheck Cond: ((id >= 71628) AND (id <= 72627))
	        ->  Bitmap Index Scan on sbtest6_pkey  (cost=0.00..22.09 rows=966 width=0)
	              Index Cond: ((id >= 71628) AND (id <= 72627))

table 7 : explain SELECT SUM(k) FROM sbtest7 WHERE id BETWEEN 7386965 AND 7387964
	Aggregate  (cost=3606.50..3606.51 rows=1 width=8)
	  ->  Bitmap Heap Scan on sbtest7  (cost=21.99..3604.17 rows=932 width=4)
	        Recheck Cond: ((id >= 7386965) AND (id <= 7387964))
	        ->  Bitmap Index Scan on sbtest7_pkey  (cost=0.00..21.75 rows=932 width=0)
	              Index Cond: ((id >= 7386965) AND (id <= 7387964))

table 8 : explain SELECT SUM(k) FROM sbtest8 WHERE id BETWEEN 2278534 AND 2279533
	Aggregate  (cost=3845.30..3845.31 rows=1 width=8)
	  ->  Bitmap Heap Scan on sbtest8  (cost=22.63..3842.81 rows=995 width=4)
	        Recheck Cond: ((id >= 2278534) AND (id <= 2279533))
	        ->  Bitmap Index Scan on sbtest8_pkey  (cost=0.00..22.39 rows=995 width=0)
	              Index Cond: ((id >= 2278534) AND (id <= 2279533))

for: distinct_ranges
table 1 : explain SELECT DISTINCT c FROM sbtest1 WHERE id BETWEEN 6360817 AND 6361816 ORDER BY c
	Unique  (cost=3950.86..3955.92 rows=1011 width=121)
	  ->  Sort  (cost=3950.86..3953.39 rows=1011 width=121)
	        Sort Key: c
	        ->  Bitmap Heap Scan on sbtest1  (cost=22.80..3900.41 rows=1011 width=121)
	              Recheck Cond: ((id >= 6360817) AND (id <= 6361816))
	              ->  Bitmap Index Scan on sbtest1_pkey  (cost=0.00..22.54 rows=1011 width=0)
	                    Index Cond: ((id >= 6360817) AND (id <= 6361816))

table 2 : explain SELECT DISTINCT c FROM sbtest2 WHERE id BETWEEN 2947426 AND 2948425 ORDER BY c
	Unique  (cost=3989.16..3994.27 rows=1021 width=121)
	  ->  Sort  (cost=3989.16..3991.71 rows=1021 width=121)
	        Sort Key: c
	        ->  Bitmap Heap Scan on sbtest2  (cost=22.90..3938.13 rows=1021 width=121)
	              Recheck Cond: ((id >= 2947426) AND (id <= 2948425))
	              ->  Bitmap Index Scan on sbtest2_pkey  (cost=0.00..22.64 rows=1021 width=0)
	                    Index Cond: ((id >= 2947426) AND (id <= 2948425))

table 3 : explain SELECT DISTINCT c FROM sbtest3 WHERE id BETWEEN 9103180 AND 9104179 ORDER BY c
	Unique  (cost=3871.11..3876.06 rows=990 width=121)
	  ->  Sort  (cost=3871.11..3873.59 rows=990 width=121)
	        Sort Key: c
	        ->  Bitmap Heap Scan on sbtest3  (cost=22.58..3821.85 rows=990 width=121)
	              Recheck Cond: ((id >= 9103180) AND (id <= 9104179))
	              ->  Bitmap Index Scan on sbtest3_pkey  (cost=0.00..22.33 rows=990 width=0)
	                    Index Cond: ((id >= 9103180) AND (id <= 9104179))

table 4 : explain SELECT DISTINCT c FROM sbtest4 WHERE id BETWEEN 1510113 AND 1511112 ORDER BY c
	Unique  (cost=3637.98..3642.62 rows=929 width=121)
	  ->  Sort  (cost=3637.98..3640.30 rows=929 width=121)
	        Sort Key: c
	        ->  Bitmap Heap Scan on sbtest4  (cost=21.96..3592.18 rows=929 width=121)
	              Recheck Cond: ((id >= 1510113) AND (id <= 1511112))
	              ->  Bitmap Index Scan on sbtest4_pkey  (cost=0.00..21.72 rows=929 width=0)
	                    Index Cond: ((id >= 1510113) AND (id <= 1511112))

table 5 : explain SELECT DISTINCT c FROM sbtest5 WHERE id BETWEEN 3619301 AND 3620300 ORDER BY c
	Unique  (cost=4272.48..4277.96 rows=1095 width=121)
	  ->  Sort  (cost=4272.48..4275.22 rows=1095 width=121)
	        Sort Key: c
	        ->  Bitmap Heap Scan on sbtest5  (cost=27.66..4217.20 rows=1095 width=121)
	              Recheck Cond: ((id >= 3619301) AND (id <= 3620300))
	              ->  Bitmap Index Scan on sbtest5_pkey  (cost=0.00..27.39 rows=1095 width=0)
	                    Index Cond: ((id >= 3619301) AND (id <= 3620300))

table 6 : explain SELECT DISTINCT c FROM sbtest6 WHERE id BETWEEN 5222784 AND 5223783 ORDER BY c
	Unique  (cost=3926.03..3931.05 rows=1004 width=121)
	  ->  Sort  (cost=3926.03..3928.54 rows=1004 width=121)
	        Sort Key: c
	        ->  Bitmap Heap Scan on sbtest6  (cost=22.73..3875.97 rows=1004 width=121)
	              Recheck Cond: ((id >= 5222784) AND (id <= 5223783))
	              ->  Bitmap Index Scan on sbtest6_pkey  (cost=0.00..22.47 rows=1004 width=0)
	                    Index Cond: ((id >= 5222784) AND (id <= 5223783))

table 7 : explain SELECT DISTINCT c FROM sbtest7 WHERE id BETWEEN 6057828 AND 6058827 ORDER BY c
	Unique  (cost=3833.86..3838.76 rows=980 width=121)
	  ->  Sort  (cost=3833.86..3836.31 rows=980 width=121)
	        Sort Key: c
	        ->  Bitmap Heap Scan on sbtest7  (cost=22.48..3785.18 rows=980 width=121)
	              Recheck Cond: ((id >= 6057828) AND (id <= 6058827))
	              ->  Bitmap Index Scan on sbtest7_pkey  (cost=0.00..22.23 rows=980 width=0)
	                    Index Cond: ((id >= 6057828) AND (id <= 6058827))

table 8 : explain SELECT DISTINCT c FROM sbtest8 WHERE id BETWEEN 9389448 AND 9390447 ORDER BY c
	Unique  (cost=3689.48..3694.19 rows=942 width=121)
	  ->  Sort  (cost=3689.48..3691.83 rows=942 width=121)
	        Sort Key: c
	        ->  Bitmap Heap Scan on sbtest8  (cost=22.09..3642.95 rows=942 width=121)
	              Recheck Cond: ((id >= 9389448) AND (id <= 9390447))
	              ->  Bitmap Index Scan on sbtest8_pkey  (cost=0.00..21.86 rows=942 width=0)
	                    Index Cond: ((id >= 9389448) AND (id <= 9390447))

for: sum_ranges
table 1 : explain SELECT SUM(k) FROM sbtest1 WHERE id BETWEEN 1479848 AND 1480847
	Aggregate  (cost=4030.84..4030.85 rows=1 width=8)
	  ->  Bitmap Heap Scan on sbtest1  (cost=23.15..4028.22 rows=1045 width=4)
	        Recheck Cond: ((id >= 1479848) AND (id <= 1480847))
	        ->  Bitmap Index Scan on sbtest1_pkey  (cost=0.00..22.89 rows=1045 width=0)
	              Index Cond: ((id >= 1479848) AND (id <= 1480847))

table 2 : explain SELECT SUM(k) FROM sbtest2 WHERE id BETWEEN 2773370 AND 2774369
	Aggregate  (cost=4196.29..4196.30 rows=1 width=8)
	  ->  Bitmap Heap Scan on sbtest2  (cost=23.61..4193.57 rows=1090 width=4)
	        Recheck Cond: ((id >= 2773370) AND (id <= 2774369))
	        ->  Bitmap Index Scan on sbtest2_pkey  (cost=0.00..23.33 rows=1090 width=0)
	              Index Cond: ((id >= 2773370) AND (id <= 2774369))

table 3 : explain SELECT SUM(k) FROM sbtest3 WHERE id BETWEEN 4322390 AND 4323389
	Aggregate  (cost=3571.61..3571.62 rows=1 width=8)
	  ->  Bitmap Heap Scan on sbtest3  (cost=21.90..3569.30 rows=923 width=4)
	        Recheck Cond: ((id >= 4322390) AND (id <= 4323389))
	        ->  Bitmap Index Scan on sbtest3_pkey  (cost=0.00..21.66 rows=923 width=0)
	              Index Cond: ((id >= 4322390) AND (id <= 4323389))

table 4 : explain SELECT SUM(k) FROM sbtest4 WHERE id BETWEEN 8964894 AND 8965893
	Aggregate  (cost=3549.18..3549.19 rows=1 width=8)
	  ->  Bitmap Heap Scan on sbtest4  (cost=21.83..3546.89 rows=917 width=4)
	        Recheck Cond: ((id >= 8964894) AND (id <= 8965893))
	        ->  Bitmap Index Scan on sbtest4_pkey  (cost=0.00..21.61 rows=917 width=0)
	              Index Cond: ((id >= 8964894) AND (id <= 8965893))

table 5 : explain SELECT SUM(k) FROM sbtest5 WHERE id BETWEEN 9580266 AND 9581265
	Aggregate  (cost=3862.40..3862.41 rows=1 width=8)
	  ->  Bitmap Heap Scan on sbtest5  (cost=22.68..3859.90 rows=1000 width=4)
	        Recheck Cond: ((id >= 9580266) AND (id <= 9581265))
	        ->  Bitmap Index Scan on sbtest5_pkey  (cost=0.00..22.43 rows=1000 width=0)
	              Index Cond: ((id >= 9580266) AND (id <= 9581265))

table 6 : explain SELECT SUM(k) FROM sbtest6 WHERE id BETWEEN 1256783 AND 1257782
	Aggregate  (cost=3674.83..3674.84 rows=1 width=8)
	  ->  Bitmap Heap Scan on sbtest6  (cost=22.17..3672.46 rows=950 width=4)
	        Recheck Cond: ((id >= 1256783) AND (id <= 1257782))
	        ->  Bitmap Index Scan on sbtest6_pkey  (cost=0.00..21.93 rows=950 width=0)
	              Index Cond: ((id >= 1256783) AND (id <= 1257782))

table 7 : explain SELECT SUM(k) FROM sbtest7 WHERE id BETWEEN 5050566 AND 5051565
	Aggregate  (cost=3991.03..3991.04 rows=1 width=8)
	  ->  Bitmap Heap Scan on sbtest7  (cost=23.03..3988.45 rows=1034 width=4)
	        Recheck Cond: ((id >= 5050566) AND (id <= 5051565))
	        ->  Bitmap Index Scan on sbtest7_pkey  (cost=0.00..22.77 rows=1034 width=0)
	              Index Cond: ((id >= 5050566) AND (id <= 5051565))

table 8 : explain SELECT SUM(k) FROM sbtest8 WHERE id BETWEEN 6500964 AND 6501963
	Aggregate  (cost=3860.38..3860.39 rows=1 width=8)
	  ->  Bitmap Heap Scan on sbtest8  (cost=22.67..3857.88 rows=999 width=4)
	        Recheck Cond: ((id >= 6500964) AND (id <= 6501963))
	        ->  Bitmap Index Scan on sbtest8_pkey  (cost=0.00..22.43 rows=999 width=0)
	              Index Cond: ((id >= 6500964) AND (id <= 6501963))

for point_selects
table 1 : explain SELECT c FROM sbtest1 WHERE id=1613769
	Index Scan using sbtest1_pkey on sbtest1  (cost=0.43..8.45 rows=1 width=121)
	  Index Cond: (id = 1613769)

table 2 : explain SELECT c FROM sbtest2 WHERE id=806061
	Index Scan using sbtest2_pkey on sbtest2  (cost=0.43..8.45 rows=1 width=121)
	  Index Cond: (id = 806061)

table 3 : explain SELECT c FROM sbtest3 WHERE id=2919075
	Index Scan using sbtest3_pkey on sbtest3  (cost=0.43..8.45 rows=1 width=121)
	  Index Cond: (id = 2919075)

table 4 : explain SELECT c FROM sbtest4 WHERE id=4368013
	Index Scan using sbtest4_pkey on sbtest4  (cost=0.43..8.45 rows=1 width=121)
	  Index Cond: (id = 4368013)

table 5 : explain SELECT c FROM sbtest5 WHERE id=7752181
	Index Scan using sbtest5_pkey on sbtest5  (cost=0.43..8.45 rows=1 width=121)
	  Index Cond: (id = 7752181)

table 6 : explain SELECT c FROM sbtest6 WHERE id=4632139
	Index Scan using sbtest6_pkey on sbtest6  (cost=0.43..8.45 rows=1 width=121)
	  Index Cond: (id = 4632139)

table 7 : explain SELECT c FROM sbtest7 WHERE id=1174274
	Index Scan using sbtest7_pkey on sbtest7  (cost=0.43..8.45 rows=1 width=121)
	  Index Cond: (id = 1174274)

table 8 : explain SELECT c FROM sbtest8 WHERE id=4986366
	Index Scan using sbtest8_pkey on sbtest8  (cost=0.43..8.45 rows=1 width=121)
	  Index Cond: (id = 4986366)

for: simple_ranges
table 1 : explain SELECT c FROM sbtest1 WHERE id BETWEEN 627939 AND 628938
	Bitmap Heap Scan on sbtest1  (cost=22.70..3862.78 rows=1001 width=121)
	  Recheck Cond: ((id >= 627939) AND (id <= 628938))
	  ->  Bitmap Index Scan on sbtest1_pkey  (cost=0.00..22.44 rows=1001 width=0)
	        Index Cond: ((id >= 627939) AND (id <= 628938))

table 2 : explain SELECT c FROM sbtest2 WHERE id BETWEEN 6989115 AND 6990114
	Bitmap Heap Scan on sbtest2  (cost=23.40..4122.24 rows=1070 width=121)
	  Recheck Cond: ((id >= 6989115) AND (id <= 6990114))
	  ->  Bitmap Index Scan on sbtest2_pkey  (cost=0.00..23.14 rows=1070 width=0)
	        Index Cond: ((id >= 6989115) AND (id <= 6990114))

table 3 : explain SELECT c FROM sbtest3 WHERE id BETWEEN 3144569 AND 3145568
	Bitmap Heap Scan on sbtest3  (cost=22.48..3784.20 rows=980 width=121)
	  Recheck Cond: ((id >= 3144569) AND (id <= 3145568))
	  ->  Bitmap Index Scan on sbtest3_pkey  (cost=0.00..22.23 rows=980 width=0)
	        Index Cond: ((id >= 3144569) AND (id <= 3145568))

table 4 : explain SELECT c FROM sbtest4 WHERE id BETWEEN 7691655 AND 7692654
	Bitmap Heap Scan on sbtest4  (cost=22.81..3904.93 rows=1012 width=121)
	  Recheck Cond: ((id >= 7691655) AND (id <= 7692654))
	  ->  Bitmap Index Scan on sbtest4_pkey  (cost=0.00..22.55 rows=1012 width=0)
	        Index Cond: ((id >= 7691655) AND (id <= 7692654))

table 5 : explain SELECT c FROM sbtest5 WHERE id BETWEEN 518841 AND 519840
	Bitmap Heap Scan on sbtest5  (cost=22.19..3679.06 rows=952 width=121)
	  Recheck Cond: ((id >= 518841) AND (id <= 519840))
	  ->  Bitmap Index Scan on sbtest5_pkey  (cost=0.00..21.95 rows=952 width=0)
	        Index Cond: ((id >= 518841) AND (id <= 519840))

table 6 : explain SELECT c FROM sbtest6 WHERE id BETWEEN 1767015 AND 1768014
	Bitmap Heap Scan on sbtest6  (cost=27.75..4252.14 rows=1104 width=121)
	  Recheck Cond: ((id >= 1767015) AND (id <= 1768014))
	  ->  Bitmap Index Scan on sbtest6_pkey  (cost=0.00..27.47 rows=1104 width=0)
	        Index Cond: ((id >= 1767015) AND (id <= 1768014))

table 7 : explain SELECT c FROM sbtest7 WHERE id BETWEEN 5653977 AND 5654976
	Bitmap Heap Scan on sbtest7  (cost=22.97..3965.88 rows=1028 width=121)
	  Recheck Cond: ((id >= 5653977) AND (id <= 5654976))
	  ->  Bitmap Index Scan on sbtest7_pkey  (cost=0.00..22.71 rows=1028 width=0)
	        Index Cond: ((id >= 5653977) AND (id <= 5654976))

table 8 : explain SELECT c FROM sbtest8 WHERE id BETWEEN 880279 AND 881278
	Bitmap Heap Scan on sbtest8  (cost=23.01..3982.12 rows=1032 width=121)
	  Recheck Cond: ((id >= 880279) AND (id <= 881278))
	  ->  Bitmap Index Scan on sbtest8_pkey  (cost=0.00..22.75 rows=1032 width=0)
	        Index Cond: ((id >= 880279) AND (id <= 881278))

explain: for point_selects :: explain SELECT c FROM sbtest%u WHERE id=%u
for: order_ranges
table 1 : explain SELECT c FROM sbtest1 WHERE id BETWEEN 1848064 AND 1849063 ORDER BY c
	Sort  (cost=3595.18..3597.48 rows=918 width=121)
	  Sort Key: c
	  ->  Bitmap Heap Scan on sbtest1  (cost=21.84..3550.01 rows=918 width=121)
	        Recheck Cond: ((id >= 1848064) AND (id <= 1849063))
	        ->  Bitmap Index Scan on sbtest1_pkey  (cost=0.00..21.61 rows=918 width=0)
	              Index Cond: ((id >= 1848064) AND (id <= 1849063))

table 2 : explain SELECT c FROM sbtest2 WHERE id BETWEEN 7123978 AND 7124977 ORDER BY c
	Sort  (cost=4027.33..4029.91 rows=1031 width=121)
	  Sort Key: c
	  ->  Bitmap Heap Scan on sbtest2  (cost=23.00..3975.73 rows=1031 width=121)
	        Recheck Cond: ((id >= 7123978) AND (id <= 7124977))
	        ->  Bitmap Index Scan on sbtest2_pkey  (cost=0.00..22.75 rows=1031 width=0)
	              Index Cond: ((id >= 7123978) AND (id <= 7124977))

table 3 : explain SELECT c FROM sbtest3 WHERE id BETWEEN 3920485 AND 3921484 ORDER BY c
	Sort  (cost=4294.88..4297.63 rows=1101 width=121)
	  Sort Key: c
	  ->  Bitmap Heap Scan on sbtest3  (cost=27.72..4239.25 rows=1101 width=121)
	        Recheck Cond: ((id >= 3920485) AND (id <= 3921484))
	        ->  Bitmap Index Scan on sbtest3_pkey  (cost=0.00..27.44 rows=1101 width=0)
	              Index Cond: ((id >= 3920485) AND (id <= 3921484))

table 4 : explain SELECT c FROM sbtest4 WHERE id BETWEEN 8548809 AND 8549808 ORDER BY c
	Sort  (cost=3821.68..3824.12 rows=977 width=121)
	  Sort Key: c
	  ->  Bitmap Heap Scan on sbtest4  (cost=22.45..3773.16 rows=977 width=121)
	        Recheck Cond: ((id >= 8548809) AND (id <= 8549808))
	        ->  Bitmap Index Scan on sbtest4_pkey  (cost=0.00..22.20 rows=977 width=0)
	              Index Cond: ((id >= 8548809) AND (id <= 8549808))

table 5 : explain SELECT c FROM sbtest5 WHERE id BETWEEN 3298194 AND 3299193 ORDER BY c
	Sort  (cost=3825.63..3828.07 rows=978 width=121)
	  Sort Key: c
	  ->  Bitmap Heap Scan on sbtest5  (cost=22.46..3777.05 rows=978 width=121)
	        Recheck Cond: ((id >= 3298194) AND (id <= 3299193))
	        ->  Bitmap Index Scan on sbtest5_pkey  (cost=0.00..22.21 rows=978 width=0)
	              Index Cond: ((id >= 3298194) AND (id <= 3299193))

table 6 : explain SELECT c FROM sbtest6 WHERE id BETWEEN 476543 AND 477542 ORDER BY c
	Sort  (cost=4063.56..4066.16 rows=1040 width=121)
	  Sort Key: c
	  ->  Bitmap Heap Scan on sbtest6  (cost=23.09..4011.44 rows=1040 width=121)
	        Recheck Cond: ((id >= 476543) AND (id <= 477542))
	        ->  Bitmap Index Scan on sbtest6_pkey  (cost=0.00..22.83 rows=1040 width=0)
	              Index Cond: ((id >= 476543) AND (id <= 477542))

table 7 : explain SELECT c FROM sbtest7 WHERE id BETWEEN 2724492 AND 2725491 ORDER BY c
	Sort  (cost=3684.61..3686.96 rows=941 width=121)
	  Sort Key: c
	  ->  Bitmap Heap Scan on sbtest7  (cost=22.08..3638.13 rows=941 width=121)
	        Recheck Cond: ((id >= 2724492) AND (id <= 2725491))
	        ->  Bitmap Index Scan on sbtest7_pkey  (cost=0.00..21.84 rows=941 width=0)
	              Index Cond: ((id >= 2724492) AND (id <= 2725491))

table 8 : explain SELECT c FROM sbtest8 WHERE id BETWEEN 3953708 AND 3954707 ORDER BY c
	Sort  (cost=3693.31..3695.67 rows=943 width=121)
	  Sort Key: c
	  ->  Bitmap Heap Scan on sbtest8  (cost=22.10..3646.72 rows=943 width=121)
	        Recheck Cond: ((id >= 3953708) AND (id <= 3954707))
	        ->  Bitmap Index Scan on sbtest8_pkey  (cost=0.00..21.86 rows=943 width=0)
	              Index Cond: ((id >= 3953708) AND (id <= 3954707))

for: order_ranges
table 1 : explain SELECT c FROM sbtest1 WHERE id BETWEEN 763017 AND 764016 ORDER BY c
	Sort  (cost=3759.77..3762.18 rows=961 width=121)
	  Sort Key: c
	  ->  Bitmap Heap Scan on sbtest1  (cost=22.29..3712.16 rows=961 width=121)
	        Recheck Cond: ((id >= 763017) AND (id <= 764016))
	        ->  Bitmap Index Scan on sbtest1_pkey  (cost=0.00..22.04 rows=961 width=0)
	              Index Cond: ((id >= 763017) AND (id <= 764016))

table 2 : explain SELECT c FROM sbtest2 WHERE id BETWEEN 3276402 AND 3277401 ORDER BY c
	Sort  (cost=3740.75..3743.14 rows=956 width=121)
	  Sort Key: c
	  ->  Bitmap Heap Scan on sbtest2  (cost=22.23..3693.43 rows=956 width=121)
	        Recheck Cond: ((id >= 3276402) AND (id <= 3277401))
	        ->  Bitmap Index Scan on sbtest2_pkey  (cost=0.00..22.00 rows=956 width=0)
	              Index Cond: ((id >= 3276402) AND (id <= 3277401))

table 3 : explain SELECT c FROM sbtest3 WHERE id BETWEEN 5208874 AND 5209873 ORDER BY c
	Sort  (cost=3702.82..3705.19 rows=946 width=121)
	  Sort Key: c
	  ->  Bitmap Heap Scan on sbtest3  (cost=22.13..3656.06 rows=946 width=121)
	        Recheck Cond: ((id >= 5208874) AND (id <= 5209873))
	        ->  Bitmap Index Scan on sbtest3_pkey  (cost=0.00..21.89 rows=946 width=0)
	              Index Cond: ((id >= 5208874) AND (id <= 5209873))

table 4 : explain SELECT c FROM sbtest4 WHERE id BETWEEN 1415880 AND 1416879 ORDER BY c
	Sort  (cost=3714.55..3716.93 rows=949 width=121)
	  Sort Key: c
	  ->  Bitmap Heap Scan on sbtest4  (cost=22.16..3667.63 rows=949 width=121)
	        Recheck Cond: ((id >= 1415880) AND (id <= 1416879))
	        ->  Bitmap Index Scan on sbtest4_pkey  (cost=0.00..21.93 rows=949 width=0)
	              Index Cond: ((id >= 1415880) AND (id <= 1416879))

table 5 : explain SELECT c FROM sbtest5 WHERE id BETWEEN 7094541 AND 7095540 ORDER BY c
	Sort  (cost=3917.37..3919.88 rows=1002 width=121)
	  Sort Key: c
	  ->  Bitmap Heap Scan on sbtest5  (cost=22.71..3867.43 rows=1002 width=121)
	        Recheck Cond: ((id >= 7094541) AND (id <= 7095540))
	        ->  Bitmap Index Scan on sbtest5_pkey  (cost=0.00..22.45 rows=1002 width=0)
	              Index Cond: ((id >= 7094541) AND (id <= 7095540))

table 6 : explain SELECT c FROM sbtest6 WHERE id BETWEEN 3508975 AND 3509974 ORDER BY c
	Sort  (cost=4109.37..4112.00 rows=1052 width=121)
	  Sort Key: c
	  ->  Bitmap Heap Scan on sbtest6  (cost=23.22..4056.56 rows=1052 width=121)
	        Recheck Cond: ((id >= 3508975) AND (id <= 3509974))
	        ->  Bitmap Index Scan on sbtest6_pkey  (cost=0.00..22.95 rows=1052 width=0)
	              Index Cond: ((id >= 3508975) AND (id <= 3509974))

table 7 : explain SELECT c FROM sbtest7 WHERE id BETWEEN 5897481 AND 5898480 ORDER BY c
	Sort  (cost=4051.67..4054.27 rows=1037 width=121)
	  Sort Key: c
	  ->  Bitmap Heap Scan on sbtest7  (cost=23.06..3999.73 rows=1037 width=121)
	        Recheck Cond: ((id >= 5897481) AND (id <= 5898480))
	        ->  Bitmap Index Scan on sbtest7_pkey  (cost=0.00..22.80 rows=1037 width=0)
	              Index Cond: ((id >= 5897481) AND (id <= 5898480))

table 8 : explain SELECT c FROM sbtest8 WHERE id BETWEEN 6357342 AND 6358341 ORDER BY c
	Sort  (cost=4045.24..4047.83 rows=1035 width=121)
	  Sort Key: c
	  ->  Bitmap Heap Scan on sbtest8  (cost=23.04..3993.41 rows=1035 width=121)
	        Recheck Cond: ((id >= 6357342) AND (id <= 6358341))
	        ->  Bitmap Index Scan on sbtest8_pkey  (cost=0.00..22.79 rows=1035 width=0)
	              Index Cond: ((id >= 6357342) AND (id <= 6358341))

for: order_ranges
table 1 : explain SELECT c FROM sbtest1 WHERE id BETWEEN 3763144 AND 3764143 ORDER BY c
	Sort  (cost=3514.72..3516.96 rows=897 width=121)
	  Sort Key: c
	  ->  Bitmap Heap Scan on sbtest1  (cost=21.63..3470.72 rows=897 width=121)
	        Recheck Cond: ((id >= 3763144) AND (id <= 3764143))
	        ->  Bitmap Index Scan on sbtest1_pkey  (cost=0.00..21.40 rows=897 width=0)
	              Index Cond: ((id >= 3763144) AND (id <= 3764143))

table 2 : explain SELECT c FROM sbtest2 WHERE id BETWEEN 3392206 AND 3393205 ORDER BY c
	Sort  (cost=3878.40..3880.88 rows=992 width=121)
	  Sort Key: c
	  ->  Bitmap Heap Scan on sbtest2  (cost=22.60..3829.03 rows=992 width=121)
	        Recheck Cond: ((id >= 3392206) AND (id <= 3393205))
	        ->  Bitmap Index Scan on sbtest2_pkey  (cost=0.00..22.36 rows=992 width=0)
	              Index Cond: ((id >= 3392206) AND (id <= 3393205))

table 3 : explain SELECT c FROM sbtest3 WHERE id BETWEEN 5711497 AND 5712496 ORDER BY c
	Sort  (cost=4104.02..4106.65 rows=1051 width=121)
	  Sort Key: c
	  ->  Bitmap Heap Scan on sbtest3  (cost=23.21..4051.28 rows=1051 width=121)
	        Recheck Cond: ((id >= 5711497) AND (id <= 5712496))
	        ->  Bitmap Index Scan on sbtest3_pkey  (cost=0.00..22.94 rows=1051 width=0)
	              Index Cond: ((id >= 5711497) AND (id <= 5712496))

table 4 : explain SELECT c FROM sbtest4 WHERE id BETWEEN 1385732 AND 1386731 ORDER BY c
	Sort  (cost=3714.55..3716.93 rows=949 width=121)
	  Sort Key: c
	  ->  Bitmap Heap Scan on sbtest4  (cost=22.16..3667.63 rows=949 width=121)
	        Recheck Cond: ((id >= 1385732) AND (id <= 1386731))
	        ->  Bitmap Index Scan on sbtest4_pkey  (cost=0.00..21.93 rows=949 width=0)
	              Index Cond: ((id >= 1385732) AND (id <= 1386731))

table 5 : explain SELECT c FROM sbtest5 WHERE id BETWEEN 4582181 AND 4583180 ORDER BY c
	Sort  (cost=4138.79..4141.44 rows=1060 width=121)
	  Sort Key: c
	  ->  Bitmap Heap Scan on sbtest5  (cost=23.30..4085.52 rows=1060 width=121)
	        Recheck Cond: ((id >= 4582181) AND (id <= 4583180))
	        ->  Bitmap Index Scan on sbtest5_pkey  (cost=0.00..23.04 rows=1060 width=0)
	              Index Cond: ((id >= 4582181) AND (id <= 4583180))

table 6 : explain SELECT c FROM sbtest6 WHERE id BETWEEN 4037730 AND 4038729 ORDER BY c
	Sort  (cost=3646.67..3649.00 rows=931 width=121)
	  Sort Key: c
	  ->  Bitmap Heap Scan on sbtest6  (cost=21.98..3600.76 rows=931 width=121)
	        Recheck Cond: ((id >= 4037730) AND (id <= 4038729))
	        ->  Bitmap Index Scan on sbtest6_pkey  (cost=0.00..21.75 rows=931 width=0)
	              Index Cond: ((id >= 4037730) AND (id <= 4038729))

table 7 : explain SELECT c FROM sbtest7 WHERE id BETWEEN 7782132 AND 7783131 ORDER BY c
	Sort  (cost=4292.23..4294.98 rows=1100 width=121)
	  Sort Key: c
	  ->  Bitmap Heap Scan on sbtest7  (cost=27.71..4236.66 rows=1100 width=121)
	        Recheck Cond: ((id >= 7782132) AND (id <= 7783131))
	        ->  Bitmap Index Scan on sbtest7_pkey  (cost=0.00..27.43 rows=1100 width=0)
	              Index Cond: ((id >= 7782132) AND (id <= 7783131))

table 8 : explain SELECT c FROM sbtest8 WHERE id BETWEEN 2586064 AND 2587063 ORDER BY c
	Sort  (cost=3842.63..3845.08 rows=982 width=121)
	  Sort Key: c
	  ->  Bitmap Heap Scan on sbtest8  (cost=22.50..3793.82 rows=982 width=121)
	        Recheck Cond: ((id >= 2586064) AND (id <= 2587063))
	        ->  Bitmap Index Scan on sbtest8_pkey  (cost=0.00..22.25 rows=982 width=0)
	              Index Cond: ((id >= 2586064) AND (id <= 2587063))

for: simple_ranges
table 1 : explain SELECT c FROM sbtest1 WHERE id BETWEEN 1600688 AND 1601687
	Bitmap Heap Scan on sbtest1  (cost=22.90..3938.01 rows=1021 width=121)
	  Recheck Cond: ((id >= 1600688) AND (id <= 1601687))
	  ->  Bitmap Index Scan on sbtest1_pkey  (cost=0.00..22.64 rows=1021 width=0)
	        Index Cond: ((id >= 1600688) AND (id <= 1601687))

table 2 : explain SELECT c FROM sbtest2 WHERE id BETWEEN 6955276 AND 6956275
	Bitmap Heap Scan on sbtest2  (cost=23.40..4122.24 rows=1070 width=121)
	  Recheck Cond: ((id >= 6955276) AND (id <= 6956275))
	  ->  Bitmap Index Scan on sbtest2_pkey  (cost=0.00..23.14 rows=1070 width=0)
	        Index Cond: ((id >= 6955276) AND (id <= 6956275))

table 3 : explain SELECT c FROM sbtest3 WHERE id BETWEEN 8384485 AND 8385484
	Bitmap Heap Scan on sbtest3  (cost=23.32..4092.60 rows=1062 width=121)
	  Recheck Cond: ((id >= 8384485) AND (id <= 8385484))
	  ->  Bitmap Index Scan on sbtest3_pkey  (cost=0.00..23.05 rows=1062 width=0)
	        Index Cond: ((id >= 8384485) AND (id <= 8385484))

table 4 : explain SELECT c FROM sbtest4 WHERE id BETWEEN 479725 AND 480724
	Bitmap Heap Scan on sbtest4  (cost=22.07..3633.68 rows=940 width=121)
	  Recheck Cond: ((id >= 479725) AND (id <= 480724))
	  ->  Bitmap Index Scan on sbtest4_pkey  (cost=0.00..21.83 rows=940 width=0)
	        Index Cond: ((id >= 479725) AND (id <= 480724))

table 5 : explain SELECT c FROM sbtest5 WHERE id BETWEEN 3326565 AND 3327564
	Bitmap Heap Scan on sbtest5  (cost=22.46..3777.05 rows=978 width=121)
	  Recheck Cond: ((id >= 3326565) AND (id <= 3327564))
	  ->  Bitmap Index Scan on sbtest5_pkey  (cost=0.00..22.21 rows=978 width=0)
	        Index Cond: ((id >= 3326565) AND (id <= 3327564))

table 6 : explain SELECT c FROM sbtest6 WHERE id BETWEEN 231108 AND 232107
	Bitmap Heap Scan on sbtest6  (cost=23.04..3992.64 rows=1035 width=121)
	  Recheck Cond: ((id >= 231108) AND (id <= 232107))
	  ->  Bitmap Index Scan on sbtest6_pkey  (cost=0.00..22.79 rows=1035 width=0)
	        Index Cond: ((id >= 231108) AND (id <= 232107))

table 7 : explain SELECT c FROM sbtest7 WHERE id BETWEEN 4679002 AND 4680001
	Bitmap Heap Scan on sbtest7  (cost=23.56..4180.09 rows=1085 width=121)
	  Recheck Cond: ((id >= 4679002) AND (id <= 4680001))
	  ->  Bitmap Index Scan on sbtest7_pkey  (cost=0.00..23.29 rows=1085 width=0)
	        Index Cond: ((id >= 4679002) AND (id <= 4680001))

table 8 : explain SELECT c FROM sbtest8 WHERE id BETWEEN 8182342 AND 8183341
	Bitmap Heap Scan on sbtest8  (cost=23.16..4034.79 rows=1046 width=121)
	  Recheck Cond: ((id >= 8182342) AND (id <= 8183341))
	  ->  Bitmap Index Scan on sbtest8_pkey  (cost=0.00..22.89 rows=1046 width=0)
	        Index Cond: ((id >= 8182342) AND (id <= 8183341))

for point_selects
table 1 : explain SELECT c FROM sbtest1 WHERE id=8692537
	Index Scan using sbtest1_pkey on sbtest1  (cost=0.43..8.45 rows=1 width=121)
	  Index Cond: (id = 8692537)

table 2 : explain SELECT c FROM sbtest2 WHERE id=3243799
	Index Scan using sbtest2_pkey on sbtest2  (cost=0.43..8.45 rows=1 width=121)
	  Index Cond: (id = 3243799)

table 3 : explain SELECT c FROM sbtest3 WHERE id=2007221
	Index Scan using sbtest3_pkey on sbtest3  (cost=0.43..8.45 rows=1 width=121)
	  Index Cond: (id = 2007221)

table 4 : explain SELECT c FROM sbtest4 WHERE id=9801739
	Index Scan using sbtest4_pkey on sbtest4  (cost=0.43..8.45 rows=1 width=121)
	  Index Cond: (id = 9801739)

table 5 : explain SELECT c FROM sbtest5 WHERE id=2221345
	Index Scan using sbtest5_pkey on sbtest5  (cost=0.43..8.45 rows=1 width=121)
	  Index Cond: (id = 2221345)

table 6 : explain SELECT c FROM sbtest6 WHERE id=1045063
	Index Scan using sbtest6_pkey on sbtest6  (cost=0.43..8.45 rows=1 width=121)
	  Index Cond: (id = 1045063)

table 7 : explain SELECT c FROM sbtest7 WHERE id=6175521
	Index Scan using sbtest7_pkey on sbtest7  (cost=0.43..8.45 rows=1 width=121)
	  Index Cond: (id = 6175521)

table 8 : explain SELECT c FROM sbtest8 WHERE id=5663214
	Index Scan using sbtest8_pkey on sbtest8  (cost=0.43..8.45 rows=1 width=121)
	  Index Cond: (id = 5663214)

for: sum_ranges
table 1 : explain SELECT SUM(k) FROM sbtest1 WHERE id BETWEEN 7364765 AND 7365764
	Aggregate  (cost=4267.72..4267.73 rows=1 width=8)
	  ->  Bitmap Heap Scan on sbtest1  (cost=27.79..4264.95 rows=1108 width=4)
	        Recheck Cond: ((id >= 7364765) AND (id <= 7365764))
	        ->  Bitmap Index Scan on sbtest1_pkey  (cost=0.00..27.51 rows=1108 width=0)
	              Index Cond: ((id >= 7364765) AND (id <= 7365764))

table 2 : explain SELECT SUM(k) FROM sbtest2 WHERE id BETWEEN 3196667 AND 3197666
	Aggregate  (cost=3695.82..3695.83 rows=1 width=8)
	  ->  Bitmap Heap Scan on sbtest2  (cost=22.23..3693.43 rows=956 width=4)
	        Recheck Cond: ((id >= 3196667) AND (id <= 3197666))
	        ->  Bitmap Index Scan on sbtest2_pkey  (cost=0.00..22.00 rows=956 width=0)
	              Index Cond: ((id >= 3196667) AND (id <= 3197666))

table 3 : explain SELECT SUM(k) FROM sbtest3 WHERE id BETWEEN 1939914 AND 1940913
	Aggregate  (cost=3790.42..3790.43 rows=1 width=8)
	  ->  Bitmap Heap Scan on sbtest3  (cost=22.49..3787.96 rows=981 width=4)
	        Recheck Cond: ((id >= 1939914) AND (id <= 1940913))
	        ->  Bitmap Index Scan on sbtest3_pkey  (cost=0.00..22.25 rows=981 width=0)
	              Index Cond: ((id >= 1939914) AND (id <= 1940913))

table 4 : explain SELECT SUM(k) FROM sbtest4 WHERE id BETWEEN 9670012 AND 9671011
	Aggregate  (cost=4125.61..4125.62 rows=1 width=8)
	  ->  Bitmap Heap Scan on sbtest4  (cost=23.40..4122.94 rows=1070 width=4)
	        Recheck Cond: ((id >= 9670012) AND (id <= 9671011))
	        ->  Bitmap Index Scan on sbtest4_pkey  (cost=0.00..23.14 rows=1070 width=0)
	              Index Cond: ((id >= 9670012) AND (id <= 9671011))

table 5 : explain SELECT SUM(k) FROM sbtest5 WHERE id BETWEEN 7326578 AND 7327577
	Aggregate  (cost=3971.58..3971.59 rows=1 width=8)
	  ->  Bitmap Heap Scan on sbtest5  (cost=22.98..3969.01 rows=1029 width=4)
	        Recheck Cond: ((id >= 7326578) AND (id <= 7327577))
	        ->  Bitmap Index Scan on sbtest5_pkey  (cost=0.00..22.72 rows=1029 width=0)
	              Index Cond: ((id >= 7326578) AND (id <= 7327577))

table 6 : explain SELECT SUM(k) FROM sbtest6 WHERE id BETWEEN 7633458 AND 7634457
	Aggregate  (cost=3938.75..3938.76 rows=1 width=8)
	  ->  Bitmap Heap Scan on sbtest6  (cost=22.89..3936.20 rows=1020 width=4)
	        Recheck Cond: ((id >= 7633458) AND (id <= 7634457))
	        ->  Bitmap Index Scan on sbtest6_pkey  (cost=0.00..22.64 rows=1020 width=0)
	              Index Cond: ((id >= 7633458) AND (id <= 7634457))

table 7 : explain SELECT SUM(k) FROM sbtest7 WHERE id BETWEEN 4514753 AND 4515752
	Aggregate  (cost=3821.55..3821.56 rows=1 width=8)
	  ->  Bitmap Heap Scan on sbtest7  (cost=22.57..3819.08 rows=989 width=4)
	        Recheck Cond: ((id >= 4514753) AND (id <= 4515752))
	        ->  Bitmap Index Scan on sbtest7_pkey  (cost=0.00..22.32 rows=989 width=0)
	              Index Cond: ((id >= 4514753) AND (id <= 4515752))

table 8 : explain SELECT SUM(k) FROM sbtest8 WHERE id BETWEEN 8053798 AND 8054797
	Aggregate  (cost=3565.95..3565.96 rows=1 width=8)
	  ->  Bitmap Heap Scan on sbtest8  (cost=21.88..3563.65 rows=921 width=4)
	        Recheck Cond: ((id >= 8053798) AND (id <= 8054797))
	        ->  Bitmap Index Scan on sbtest8_pkey  (cost=0.00..21.64 rows=921 width=0)
	              Index Cond: ((id >= 8053798) AND (id <= 8054797))

for: distinct_ranges
table 1 : explain SELECT DISTINCT c FROM sbtest1 WHERE id BETWEEN 406852 AND 407851 ORDER BY c
	Unique  (cost=3947.04..3952.09 rows=1010 width=121)
	  ->  Sort  (cost=3947.04..3949.57 rows=1010 width=121)
	        Sort Key: c
	        ->  Bitmap Heap Scan on sbtest1  (cost=22.79..3896.64 rows=1010 width=121)
	              Recheck Cond: ((id >= 406852) AND (id <= 407851))
	              ->  Bitmap Index Scan on sbtest1_pkey  (cost=0.00..22.54 rows=1010 width=0)
	                    Index Cond: ((id >= 406852) AND (id <= 407851))

table 2 : explain SELECT DISTINCT c FROM sbtest2 WHERE id BETWEEN 8655400 AND 8656399 ORDER BY c
	Unique  (cost=3947.16..3952.21 rows=1010 width=121)
	  ->  Sort  (cost=3947.16..3949.68 rows=1010 width=121)
	        Sort Key: c
	        ->  Bitmap Heap Scan on sbtest2  (cost=22.79..3896.76 rows=1010 width=121)
	              Recheck Cond: ((id >= 8655400) AND (id <= 8656399))
	              ->  Bitmap Index Scan on sbtest2_pkey  (cost=0.00..22.54 rows=1010 width=0)
	                    Index Cond: ((id >= 8655400) AND (id <= 8656399))

table 3 : explain SELECT DISTINCT c FROM sbtest3 WHERE id BETWEEN 3241355 AND 3242354 ORDER BY c
	Unique  (cost=4008.62..4013.75 rows=1026 width=121)
	  ->  Sort  (cost=4008.62..4011.19 rows=1026 width=121)
	        Sort Key: c
	        ->  Bitmap Heap Scan on sbtest3  (cost=22.95..3957.31 rows=1026 width=121)
	              Recheck Cond: ((id >= 3241355) AND (id <= 3242354))
	              ->  Bitmap Index Scan on sbtest3_pkey  (cost=0.00..22.69 rows=1026 width=0)
	                    Index Cond: ((id >= 3241355) AND (id <= 3242354))

table 4 : explain SELECT DISTINCT c FROM sbtest4 WHERE id BETWEEN 4590031 AND 4591030 ORDER BY c
	Unique  (cost=3706.90..3711.63 rows=947 width=121)
	  ->  Sort  (cost=3706.90..3709.27 rows=947 width=121)
	        Sort Key: c
	        ->  Bitmap Heap Scan on sbtest4  (cost=22.14..3660.08 rows=947 width=121)
	              Recheck Cond: ((id >= 4590031) AND (id <= 4591030))
	              ->  Bitmap Index Scan on sbtest4_pkey  (cost=0.00..21.90 rows=947 width=0)
	                    Index Cond: ((id >= 4590031) AND (id <= 4591030))

table 5 : explain SELECT DISTINCT c FROM sbtest5 WHERE id BETWEEN 7181604 AND 7182603 ORDER BY c
	Unique  (cost=3695.54..3700.26 rows=944 width=121)
	  ->  Sort  (cost=3695.54..3697.90 rows=944 width=121)
	        Sort Key: c
	        ->  Bitmap Heap Scan on sbtest5  (cost=22.11..3648.89 rows=944 width=121)
	              Recheck Cond: ((id >= 7181604) AND (id <= 7182603))
	              ->  Bitmap Index Scan on sbtest5_pkey  (cost=0.00..21.87 rows=944 width=0)
	                    Index Cond: ((id >= 7181604) AND (id <= 7182603))

table 6 : explain SELECT DISTINCT c FROM sbtest6 WHERE id BETWEEN 664091 AND 665090 ORDER BY c
	Unique  (cost=3845.73..3850.65 rows=983 width=121)
	  ->  Sort  (cost=3845.73..3848.19 rows=983 width=121)
	        Sort Key: c
	        ->  Bitmap Heap Scan on sbtest6  (cost=22.51..3796.87 rows=983 width=121)
	              Recheck Cond: ((id >= 664091) AND (id <= 665090))
	              ->  Bitmap Index Scan on sbtest6_pkey  (cost=0.00..22.26 rows=983 width=0)
	                    Index Cond: ((id >= 664091) AND (id <= 665090))

table 7 : explain SELECT DISTINCT c FROM sbtest7 WHERE id BETWEEN 3418725 AND 3419724 ORDER BY c
	Unique  (cost=3833.86..3838.76 rows=980 width=121)
	  ->  Sort  (cost=3833.86..3836.31 rows=980 width=121)
	        Sort Key: c
	        ->  Bitmap Heap Scan on sbtest7  (cost=22.48..3785.18 rows=980 width=121)
	              Recheck Cond: ((id >= 3418725) AND (id <= 3419724))
	              ->  Bitmap Index Scan on sbtest7_pkey  (cost=0.00..22.23 rows=980 width=0)
	                    Index Cond: ((id >= 3418725) AND (id <= 3419724))

table 8 : explain SELECT DISTINCT c FROM sbtest8 WHERE id BETWEEN 3472890 AND 3473889 ORDER BY c
	Unique  (cost=3846.45..3851.37 rows=983 width=121)
	  ->  Sort  (cost=3846.45..3848.91 rows=983 width=121)
	        Sort Key: c
	        ->  Bitmap Heap Scan on sbtest8  (cost=22.51..3797.59 rows=983 width=121)
	              Recheck Cond: ((id >= 3472890) AND (id <= 3473889))
	              ->  Bitmap Index Scan on sbtest8_pkey  (cost=0.00..22.26 rows=983 width=0)
	                    Index Cond: ((id >= 3472890) AND (id <= 3473889))

for: distinct_ranges
table 1 : explain SELECT DISTINCT c FROM sbtest1 WHERE id BETWEEN 7143722 AND 7144721 ORDER BY c
	Unique  (cost=4389.49..4395.12 rows=1126 width=121)
	  ->  Sort  (cost=4389.49..4392.30 rows=1126 width=121)
	        Sort Key: c
	        ->  Bitmap Heap Scan on sbtest1  (cost=27.98..4332.42 rows=1126 width=121)
	              Recheck Cond: ((id >= 7143722) AND (id <= 7144721))
	              ->  Bitmap Index Scan on sbtest1_pkey  (cost=0.00..27.69 rows=1126 width=0)
	                    Index Cond: ((id >= 7143722) AND (id <= 7144721))

table 2 : explain SELECT DISTINCT c FROM sbtest2 WHERE id BETWEEN 3990555 AND 3991554 ORDER BY c
	Unique  (cost=3648.90..3653.56 rows=932 width=121)
	  ->  Sort  (cost=3648.90..3651.23 rows=932 width=121)
	        Sort Key: c
	        ->  Bitmap Heap Scan on sbtest2  (cost=21.99..3602.93 rows=932 width=121)
	              Recheck Cond: ((id >= 3990555) AND (id <= 3991554))
	              ->  Bitmap Index Scan on sbtest2_pkey  (cost=0.00..21.75 rows=932 width=0)
	                    Index Cond: ((id >= 3990555) AND (id <= 3991554))

table 3 : explain SELECT DISTINCT c FROM sbtest3 WHERE id BETWEEN 7538114 AND 7539113 ORDER BY c
	Unique  (cost=3637.74..3642.38 rows=929 width=121)
	  ->  Sort  (cost=3637.74..3640.06 rows=929 width=121)
	        Sort Key: c
	        ->  Bitmap Heap Scan on sbtest3  (cost=21.96..3591.94 rows=929 width=121)
	              Recheck Cond: ((id >= 7538114) AND (id <= 7539113))
	              ->  Bitmap Index Scan on sbtest3_pkey  (cost=0.00..21.72 rows=929 width=0)
	                    Index Cond: ((id >= 7538114) AND (id <= 7539113))

table 4 : explain SELECT DISTINCT c FROM sbtest4 WHERE id BETWEEN 5864620 AND 5865619 ORDER BY c
	Unique  (cost=4131.02..4136.31 rows=1058 width=121)
	  ->  Sort  (cost=4131.02..4133.66 rows=1058 width=121)
	        Sort Key: c
	        ->  Bitmap Heap Scan on sbtest4  (cost=23.28..4077.87 rows=1058 width=121)
	              Recheck Cond: ((id >= 5864620) AND (id <= 5865619))
	              ->  Bitmap Index Scan on sbtest4_pkey  (cost=0.00..23.01 rows=1058 width=0)
	                    Index Cond: ((id >= 5864620) AND (id <= 5865619))

table 5 : explain SELECT DISTINCT c FROM sbtest5 WHERE id BETWEEN 1451655 AND 1452654 ORDER BY c
	Unique  (cost=3795.03..3799.88 rows=970 width=121)
	  ->  Sort  (cost=3795.03..3797.46 rows=970 width=121)
	        Sort Key: c
	        ->  Bitmap Heap Scan on sbtest5  (cost=22.38..3746.91 rows=970 width=121)
	              Recheck Cond: ((id >= 1451655) AND (id <= 1452654))
	              ->  Bitmap Index Scan on sbtest5_pkey  (cost=0.00..22.14 rows=970 width=0)
	                    Index Cond: ((id >= 1451655) AND (id <= 1452654))

table 6 : explain SELECT DISTINCT c FROM sbtest6 WHERE id BETWEEN 4353897 AND 4354896 ORDER BY c
	Unique  (cost=3937.50..3942.53 rows=1007 width=121)
	  ->  Sort  (cost=3937.50..3940.02 rows=1007 width=121)
	        Sort Key: c
	        ->  Bitmap Heap Scan on sbtest6  (cost=22.76..3887.27 rows=1007 width=121)
	              Recheck Cond: ((id >= 4353897) AND (id <= 4354896))
	              ->  Bitmap Index Scan on sbtest6_pkey  (cost=0.00..22.50 rows=1007 width=0)
	                    Index Cond: ((id >= 4353897) AND (id <= 4354896))

table 7 : explain SELECT DISTINCT c FROM sbtest7 WHERE id BETWEEN 3152485 AND 3153484 ORDER BY c
	Unique  (cost=4044.04..4049.21 rows=1035 width=121)
	  ->  Sort  (cost=4044.04..4046.63 rows=1035 width=121)
	        Sort Key: c
	        ->  Bitmap Heap Scan on sbtest7  (cost=23.04..3992.21 rows=1035 width=121)
	              Recheck Cond: ((id >= 3152485) AND (id <= 3153484))
	              ->  Bitmap Index Scan on sbtest7_pkey  (cost=0.00..22.79 rows=1035 width=0)
	                    Index Cond: ((id >= 3152485) AND (id <= 3153484))

table 8 : explain SELECT DISTINCT c FROM sbtest8 WHERE id BETWEEN 7482904 AND 7483903 ORDER BY c
	Unique  (cost=4037.60..4042.77 rows=1033 width=121)
	  ->  Sort  (cost=4037.60..4040.19 rows=1033 width=121)
	        Sort Key: c
	        ->  Bitmap Heap Scan on sbtest8  (cost=23.02..3985.89 rows=1033 width=121)
	              Recheck Cond: ((id >= 7482904) AND (id <= 7483903))
	              ->  Bitmap Index Scan on sbtest8_pkey  (cost=0.00..22.76 rows=1033 width=0)
	                    Index Cond: ((id >= 7482904) AND (id <= 7483903))

for: distinct_ranges
table 1 : explain SELECT DISTINCT c FROM sbtest1 WHERE id BETWEEN 2516266 AND 2517265 ORDER BY c
	Unique  (cost=3710.04..3714.78 rows=948 width=121)
	  ->  Sort  (cost=3710.04..3712.41 rows=948 width=121)
	        Sort Key: c
	        ->  Bitmap Heap Scan on sbtest1  (cost=22.15..3663.17 rows=948 width=121)
	              Recheck Cond: ((id >= 2516266) AND (id <= 2517265))
	              ->  Bitmap Index Scan on sbtest1_pkey  (cost=0.00..21.91 rows=948 width=0)
	                    Index Cond: ((id >= 2516266) AND (id <= 2517265))

table 2 : explain SELECT DISTINCT c FROM sbtest2 WHERE id BETWEEN 1908103 AND 1909102 ORDER BY c
	Unique  (cost=3805.77..3810.64 rows=973 width=121)
	  ->  Sort  (cost=3805.77..3808.21 rows=973 width=121)
	        Sort Key: c
	        ->  Bitmap Heap Scan on sbtest2  (cost=22.41..3757.48 rows=973 width=121)
	              Recheck Cond: ((id >= 1908103) AND (id <= 1909102))
	              ->  Bitmap Index Scan on sbtest2_pkey  (cost=0.00..22.16 rows=973 width=0)
	                    Index Cond: ((id >= 1908103) AND (id <= 1909102))

table 3 : explain SELECT DISTINCT c FROM sbtest3 WHERE id BETWEEN 7757034 AND 7758033 ORDER BY c
	Unique  (cost=3825.24..3830.13 rows=978 width=121)
	  ->  Sort  (cost=3825.24..3827.68 rows=978 width=121)
	        Sort Key: c
	        ->  Bitmap Heap Scan on sbtest3  (cost=22.46..3776.66 rows=978 width=121)
	              Recheck Cond: ((id >= 7757034) AND (id <= 7758033))
	              ->  Bitmap Index Scan on sbtest3_pkey  (cost=0.00..22.21 rows=978 width=0)
	                    Index Cond: ((id >= 7757034) AND (id <= 7758033))

table 4 : explain SELECT DISTINCT c FROM sbtest4 WHERE id BETWEEN 3669110 AND 3670109 ORDER BY c
	Unique  (cost=3898.13..3903.12 rows=997 width=121)
	  ->  Sort  (cost=3898.13..3900.62 rows=997 width=121)
	        Sort Key: c
	        ->  Bitmap Heap Scan on sbtest4  (cost=22.65..3848.47 rows=997 width=121)
	              Recheck Cond: ((id >= 3669110) AND (id <= 3670109))
	              ->  Bitmap Index Scan on sbtest4_pkey  (cost=0.00..22.40 rows=997 width=0)
	                    Index Cond: ((id >= 3669110) AND (id <= 3670109))

table 5 : explain SELECT DISTINCT c FROM sbtest5 WHERE id BETWEEN 7882336 AND 7883335 ORDER BY c
	Unique  (cost=3840.92..3845.83 rows=982 width=121)
	  ->  Sort  (cost=3840.92..3843.38 rows=982 width=121)
	        Sort Key: c
	        ->  Bitmap Heap Scan on sbtest5  (cost=22.50..3792.12 rows=982 width=121)
	              Recheck Cond: ((id >= 7882336) AND (id <= 7883335))
	              ->  Bitmap Index Scan on sbtest5_pkey  (cost=0.00..22.25 rows=982 width=0)
	                    Index Cond: ((id >= 7882336) AND (id <= 7883335))

table 6 : explain SELECT DISTINCT c FROM sbtest6 WHERE id BETWEEN 525513 AND 526512 ORDER BY c
	Unique  (cost=3558.51..3563.05 rows=908 width=121)
	  ->  Sort  (cost=3558.51..3560.78 rows=908 width=121)
	        Sort Key: c
	        ->  Bitmap Heap Scan on sbtest6  (cost=21.74..3513.90 rows=908 width=121)
	              Recheck Cond: ((id >= 525513) AND (id <= 526512))
	              ->  Bitmap Index Scan on sbtest6_pkey  (cost=0.00..21.51 rows=908 width=0)
	                    Index Cond: ((id >= 525513) AND (id <= 526512))

table 7 : explain SELECT DISTINCT c FROM sbtest7 WHERE id BETWEEN 3452199 AND 3453198 ORDER BY c
	Unique  (cost=4032.58..4037.74 rows=1032 width=121)
	  ->  Sort  (cost=4032.58..4035.16 rows=1032 width=121)
	        Sort Key: c
	        ->  Bitmap Heap Scan on sbtest7  (cost=23.01..3980.93 rows=1032 width=121)
	              Recheck Cond: ((id >= 3452199) AND (id <= 3453198))
	              ->  Bitmap Index Scan on sbtest7_pkey  (cost=0.00..22.75 rows=1032 width=0)
	                    Index Cond: ((id >= 3452199) AND (id <= 3453198))

table 8 : explain SELECT DISTINCT c FROM sbtest8 WHERE id BETWEEN 1563198 AND 1564197 ORDER BY c
	Unique  (cost=3922.95..3927.96 rows=1003 width=121)
	  ->  Sort  (cost=3922.95..3925.46 rows=1003 width=121)
	        Sort Key: c
	        ->  Bitmap Heap Scan on sbtest8  (cost=22.72..3872.95 rows=1003 width=121)
	              Recheck Cond: ((id >= 1563198) AND (id <= 1564197))
	              ->  Bitmap Index Scan on sbtest8_pkey  (cost=0.00..22.46 rows=1003 width=0)
	                    Index Cond: ((id >= 1563198) AND (id <= 1564197))

for: simple_ranges
table 1 : explain SELECT c FROM sbtest1 WHERE id BETWEEN 4410687 AND 4411686
	Bitmap Heap Scan on sbtest1  (cost=23.00..3975.61 rows=1031 width=121)
	  Recheck Cond: ((id >= 4410687) AND (id <= 4411686))
	  ->  Bitmap Index Scan on sbtest1_pkey  (cost=0.00..22.75 rows=1031 width=0)
	        Index Cond: ((id >= 4410687) AND (id <= 4411686))

table 2 : explain SELECT c FROM sbtest2 WHERE id BETWEEN 6954837 AND 6955836
	Bitmap Heap Scan on sbtest2  (cost=23.40..4122.24 rows=1070 width=121)
	  Recheck Cond: ((id >= 6954837) AND (id <= 6955836))
	  ->  Bitmap Index Scan on sbtest2_pkey  (cost=0.00..23.14 rows=1070 width=0)
	        Index Cond: ((id >= 6954837) AND (id <= 6955836))

table 3 : explain SELECT c FROM sbtest3 WHERE id BETWEEN 7150669 AND 7151668
	Bitmap Heap Scan on sbtest3  (cost=23.56..4178.95 rows=1085 width=121)
	  Recheck Cond: ((id >= 7150669) AND (id <= 7151668))
	  ->  Bitmap Index Scan on sbtest3_pkey  (cost=0.00..23.29 rows=1085 width=0)
	        Index Cond: ((id >= 7150669) AND (id <= 7151668))

table 4 : explain SELECT c FROM sbtest4 WHERE id BETWEEN 6945569 AND 6946568
	Bitmap Heap Scan on sbtest4  (cost=22.75..3882.35 rows=1006 width=121)
	  Recheck Cond: ((id >= 6945569) AND (id <= 6946568))
	  ->  Bitmap Index Scan on sbtest4_pkey  (cost=0.00..22.50 rows=1006 width=0)
	        Index Cond: ((id >= 6945569) AND (id <= 6946568))

table 5 : explain SELECT c FROM sbtest5 WHERE id BETWEEN 2113356 AND 2114355
	Bitmap Heap Scan on sbtest5  (cost=21.99..3603.62 rows=932 width=121)
	  Recheck Cond: ((id >= 2113356) AND (id <= 2114355))
	  ->  Bitmap Index Scan on sbtest5_pkey  (cost=0.00..21.75 rows=932 width=0)
	        Index Cond: ((id >= 2113356) AND (id <= 2114355))

table 6 : explain SELECT c FROM sbtest6 WHERE id BETWEEN 5566347 AND 5567346
	Bitmap Heap Scan on sbtest6  (cost=22.77..3891.04 rows=1008 width=121)
	  Recheck Cond: ((id >= 5566347) AND (id <= 5567346))
	  ->  Bitmap Index Scan on sbtest6_pkey  (cost=0.00..22.51 rows=1008 width=0)
	        Index Cond: ((id >= 5566347) AND (id <= 5567346))

table 7 : explain SELECT c FROM sbtest7 WHERE id BETWEEN 7595629 AND 7596628
	Bitmap Heap Scan on sbtest7  (cost=22.03..3619.26 rows=936 width=121)
	  Recheck Cond: ((id >= 7595629) AND (id <= 7596628))
	  ->  Bitmap Index Scan on sbtest7_pkey  (cost=0.00..21.79 rows=936 width=0)
	        Index Cond: ((id >= 7595629) AND (id <= 7596628))

table 8 : explain SELECT c FROM sbtest8 WHERE id BETWEEN 7100443 AND 7101442
	Bitmap Heap Scan on sbtest8  (cost=22.98..3970.84 rows=1029 width=121)
	  Recheck Cond: ((id >= 7100443) AND (id <= 7101442))
	  ->  Bitmap Index Scan on sbtest8_pkey  (cost=0.00..22.72 rows=1029 width=0)
	        Index Cond: ((id >= 7100443) AND (id <= 7101442))

for point_selects
table 1 : explain SELECT c FROM sbtest1 WHERE id=7430776
	Index Scan using sbtest1_pkey on sbtest1  (cost=0.43..8.45 rows=1 width=121)
	  Index Cond: (id = 7430776)

table 2 : explain SELECT c FROM sbtest2 WHERE id=1957762
	Index Scan using sbtest2_pkey on sbtest2  (cost=0.43..8.45 rows=1 width=121)
	  Index Cond: (id = 1957762)

table 3 : explain SELECT c FROM sbtest3 WHERE id=1860649
	Index Scan using sbtest3_pkey on sbtest3  (cost=0.43..8.45 rows=1 width=121)
	  Index Cond: (id = 1860649)

table 4 : explain SELECT c FROM sbtest4 WHERE id=3097871
	Index Scan using sbtest4_pkey on sbtest4  (cost=0.43..8.45 rows=1 width=121)
	  Index Cond: (id = 3097871)

table 5 : explain SELECT c FROM sbtest5 WHERE id=1388093
	Index Scan using sbtest5_pkey on sbtest5  (cost=0.43..8.45 rows=1 width=121)
	  Index Cond: (id = 1388093)

table 6 : explain SELECT c FROM sbtest6 WHERE id=9389891
	Index Scan using sbtest6_pkey on sbtest6  (cost=0.43..8.45 rows=1 width=121)
	  Index Cond: (id = 9389891)

table 7 : explain SELECT c FROM sbtest7 WHERE id=5699398
	Index Scan using sbtest7_pkey on sbtest7  (cost=0.43..8.45 rows=1 width=121)
	  Index Cond: (id = 5699398)

table 8 : explain SELECT c FROM sbtest8 WHERE id=2123587
	Index Scan using sbtest8_pkey on sbtest8  (cost=0.43..8.45 rows=1 width=121)
	  Index Cond: (id = 2123587)

for: sum_ranges
table 1 : explain SELECT SUM(k) FROM sbtest1 WHERE id BETWEEN 9129616 AND 9130615
	Aggregate  (cost=4000.75..4000.76 rows=1 width=8)
	  ->  Bitmap Heap Scan on sbtest1  (cost=23.06..3998.16 rows=1037 width=4)
	        Recheck Cond: ((id >= 9129616) AND (id <= 9130615))
	        ->  Bitmap Index Scan on sbtest1_pkey  (cost=0.00..22.80 rows=1037 width=0)
	              Index Cond: ((id >= 9129616) AND (id <= 9130615))

table 2 : explain SELECT SUM(k) FROM sbtest2 WHERE id BETWEEN 6213983 AND 6214982
	Aggregate  (cost=3778.76..3778.77 rows=1 width=8)
	  ->  Bitmap Heap Scan on sbtest2  (cost=22.46..3776.31 rows=978 width=4)
	        Recheck Cond: ((id >= 6213983) AND (id <= 6214982))
	        ->  Bitmap Index Scan on sbtest2_pkey  (cost=0.00..22.21 rows=978 width=0)
	              Index Cond: ((id >= 6213983) AND (id <= 6214982))

table 3 : explain SELECT SUM(k) FROM sbtest3 WHERE id BETWEEN 8061521 AND 8062520
	Aggregate  (cost=3809.26..3809.27 rows=1 width=8)
	  ->  Bitmap Heap Scan on sbtest3  (cost=22.54..3806.79 rows=986 width=4)
	        Recheck Cond: ((id >= 8061521) AND (id <= 8062520))
	        ->  Bitmap Index Scan on sbtest3_pkey  (cost=0.00..22.29 rows=986 width=0)
	              Index Cond: ((id >= 8061521) AND (id <= 8062520))

table 4 : explain SELECT SUM(k) FROM sbtest4 WHERE id BETWEEN 1540980 AND 1541979
	Aggregate  (cost=3594.50..3594.51 rows=1 width=8)
	  ->  Bitmap Heap Scan on sbtest4  (cost=21.96..3592.18 rows=929 width=4)
	        Recheck Cond: ((id >= 1540980) AND (id <= 1541979))
	        ->  Bitmap Index Scan on sbtest4_pkey  (cost=0.00..21.72 rows=929 width=0)
	              Index Cond: ((id >= 1540980) AND (id <= 1541979))

table 5 : explain SELECT SUM(k) FROM sbtest5 WHERE id BETWEEN 9837788 AND 9838787
	Aggregate  (cost=3783.27..3783.28 rows=1 width=8)
	  ->  Bitmap Heap Scan on sbtest5  (cost=22.47..3780.82 rows=979 width=4)
	        Recheck Cond: ((id >= 9837788) AND (id <= 9838787))
	        ->  Bitmap Index Scan on sbtest5_pkey  (cost=0.00..22.22 rows=979 width=0)
	              Index Cond: ((id >= 9837788) AND (id <= 9838787))

table 6 : explain SELECT SUM(k) FROM sbtest6 WHERE id BETWEEN 9902892 AND 9903891
	Aggregate  (cost=3591.75..3591.76 rows=1 width=8)
	  ->  Bitmap Heap Scan on sbtest6  (cost=21.95..3589.43 rows=928 width=4)
	        Recheck Cond: ((id >= 9902892) AND (id <= 9903891))
	        ->  Bitmap Index Scan on sbtest6_pkey  (cost=0.00..21.71 rows=928 width=0)
	              Index Cond: ((id >= 9902892) AND (id <= 9903891))

table 7 : explain SELECT SUM(k) FROM sbtest7 WHERE id BETWEEN 234104 AND 235103
	Aggregate  (cost=4021.14..4021.15 rows=1 width=8)
	  ->  Bitmap Heap Scan on sbtest7  (cost=23.12..4018.53 rows=1042 width=4)
	        Recheck Cond: ((id >= 234104) AND (id <= 235103))
	        ->  Bitmap Index Scan on sbtest7_pkey  (cost=0.00..22.86 rows=1042 width=0)
	              Index Cond: ((id >= 234104) AND (id <= 235103))

table 8 : explain SELECT SUM(k) FROM sbtest8 WHERE id BETWEEN 1375187 AND 1376186
	Aggregate  (cost=4454.67..4454.68 rows=1 width=8)
	  ->  Bitmap Heap Scan on sbtest8  (cost=28.29..4451.78 rows=1157 width=4)
	        Recheck Cond: ((id >= 1375187) AND (id <= 1376186))
	        ->  Bitmap Index Scan on sbtest8_pkey  (cost=0.00..28.00 rows=1157 width=0)
	              Index Cond: ((id >= 1375187) AND (id <= 1376186))

for: order_ranges
table 1 : explain SELECT c FROM sbtest1 WHERE id BETWEEN 2096667 AND 2097666 ORDER BY c
	Sort  (cost=4031.03..4033.61 rows=1032 width=121)
	  Sort Key: c
	  ->  Bitmap Heap Scan on sbtest1  (cost=23.01..3979.37 rows=1032 width=121)
	        Recheck Cond: ((id >= 2096667) AND (id <= 2097666))
	        ->  Bitmap Index Scan on sbtest1_pkey  (cost=0.00..22.75 rows=1032 width=0)
	              Index Cond: ((id >= 2096667) AND (id <= 2097666))

table 2 : explain SELECT c FROM sbtest2 WHERE id BETWEEN 5467246 AND 5468245 ORDER BY c
	Sort  (cost=3530.15..3532.40 rows=901 width=121)
	  Sort Key: c
	  ->  Bitmap Heap Scan on sbtest2  (cost=21.67..3485.93 rows=901 width=121)
	        Recheck Cond: ((id >= 5467246) AND (id <= 5468245))
	        ->  Bitmap Index Scan on sbtest2_pkey  (cost=0.00..21.44 rows=901 width=0)
	              Index Cond: ((id >= 5467246) AND (id <= 5468245))

table 3 : explain SELECT c FROM sbtest3 WHERE id BETWEEN 4914530 AND 4915529 ORDER BY c
	Sort  (cost=4526.99..4529.89 rows=1162 width=121)
	  Sort Key: c
	  ->  Bitmap Heap Scan on sbtest3  (cost=28.35..4467.83 rows=1162 width=121)
	        Recheck Cond: ((id >= 4914530) AND (id <= 4915529))
	        ->  Bitmap Index Scan on sbtest3_pkey  (cost=0.00..28.05 rows=1162 width=0)
	              Index Cond: ((id >= 4914530) AND (id <= 4915529))

table 4 : explain SELECT c FROM sbtest4 WHERE id BETWEEN 7477195 AND 7478194 ORDER BY c
	Sort  (cost=3714.55..3716.93 rows=949 width=121)
	  Sort Key: c
	  ->  Bitmap Heap Scan on sbtest4  (cost=22.16..3667.63 rows=949 width=121)
	        Recheck Cond: ((id >= 7477195) AND (id <= 7478194))
	        ->  Bitmap Index Scan on sbtest4_pkey  (cost=0.00..21.93 rows=949 width=0)
	              Index Cond: ((id >= 7477195) AND (id <= 7478194))

table 5 : explain SELECT c FROM sbtest5 WHERE id BETWEEN 7792679 AND 7793678 ORDER BY c
	Sort  (cost=3875.33..3877.81 rows=991 width=121)
	  Sort Key: c
	  ->  Bitmap Heap Scan on sbtest5  (cost=22.59..3826.01 rows=991 width=121)
	        Recheck Cond: ((id >= 7792679) AND (id <= 7793678))
	        ->  Bitmap Index Scan on sbtest5_pkey  (cost=0.00..22.34 rows=991 width=0)
	              Index Cond: ((id >= 7792679) AND (id <= 7793678))

table 6 : explain SELECT c FROM sbtest6 WHERE id BETWEEN 204574 AND 205573 ORDER BY c
	Sort  (cost=4044.47..4047.05 rows=1035 width=121)
	  Sort Key: c
	  ->  Bitmap Heap Scan on sbtest6  (cost=23.04..3992.64 rows=1035 width=121)
	        Recheck Cond: ((id >= 204574) AND (id <= 205573))
	        ->  Bitmap Index Scan on sbtest6_pkey  (cost=0.00..22.79 rows=1035 width=0)
	              Index Cond: ((id >= 204574) AND (id <= 205573))

table 7 : explain SELECT c FROM sbtest7 WHERE id BETWEEN 4071656 AND 4072655 ORDER BY c
	Sort  (cost=3810.91..3813.35 rows=974 width=121)
	  Sort Key: c
	  ->  Bitmap Heap Scan on sbtest7  (cost=22.42..3762.57 rows=974 width=121)
	        Recheck Cond: ((id >= 4071656) AND (id <= 4072655))
	        ->  Bitmap Index Scan on sbtest7_pkey  (cost=0.00..22.18 rows=974 width=0)
	              Index Cond: ((id >= 4071656) AND (id <= 4072655))

table 8 : explain SELECT c FROM sbtest8 WHERE id BETWEEN 8145086 AND 8146085 ORDER BY c
	Sort  (cost=4087.25..4089.87 rows=1046 width=121)
	  Sort Key: c
	  ->  Bitmap Heap Scan on sbtest8  (cost=23.16..4034.79 rows=1046 width=121)
	        Recheck Cond: ((id >= 8145086) AND (id <= 8146085))
	        ->  Bitmap Index Scan on sbtest8_pkey  (cost=0.00..22.89 rows=1046 width=0)
	              Index Cond: ((id >= 8145086) AND (id <= 8146085))

for: simple_ranges
table 1 : explain SELECT c FROM sbtest1 WHERE id BETWEEN 2221704 AND 2222703
	Bitmap Heap Scan on sbtest1  (cost=22.58..3821.38 rows=990 width=121)
	  Recheck Cond: ((id >= 2221704) AND (id <= 2222703))
	  ->  Bitmap Index Scan on sbtest1_pkey  (cost=0.00..22.33 rows=990 width=0)
	        Index Cond: ((id >= 2221704) AND (id <= 2222703))

table 2 : explain SELECT c FROM sbtest2 WHERE id BETWEEN 6983574 AND 6984573
	Bitmap Heap Scan on sbtest2  (cost=23.40..4122.24 rows=1070 width=121)
	  Recheck Cond: ((id >= 6983574) AND (id <= 6984573))
	  ->  Bitmap Index Scan on sbtest2_pkey  (cost=0.00..23.14 rows=1070 width=0)
	        Index Cond: ((id >= 6983574) AND (id <= 6984573))

table 3 : explain SELECT c FROM sbtest3 WHERE id BETWEEN 1294934 AND 1295933
	Bitmap Heap Scan on sbtest3  (cost=22.58..3821.85 rows=990 width=121)
	  Recheck Cond: ((id >= 1294934) AND (id <= 1295933))
	  ->  Bitmap Index Scan on sbtest3_pkey  (cost=0.00..22.33 rows=990 width=0)
	        Index Cond: ((id >= 1294934) AND (id <= 1295933))

table 4 : explain SELECT c FROM sbtest4 WHERE id BETWEEN 5051124 AND 5052123
	Bitmap Heap Scan on sbtest4  (cost=23.50..4160.48 rows=1080 width=121)
	  Recheck Cond: ((id >= 5051124) AND (id <= 5052123))
	  ->  Bitmap Index Scan on sbtest4_pkey  (cost=0.00..23.23 rows=1080 width=0)
	        Index Cond: ((id >= 5051124) AND (id <= 5052123))

table 5 : explain SELECT c FROM sbtest5 WHERE id BETWEEN 8929723 AND 8930722
	Bitmap Heap Scan on sbtest5  (cost=23.52..4164.39 rows=1081 width=121)
	  Recheck Cond: ((id >= 8929723) AND (id <= 8930722))
	  ->  Bitmap Index Scan on sbtest5_pkey  (cost=0.00..23.25 rows=1081 width=0)
	        Index Cond: ((id >= 8929723) AND (id <= 8930722))

table 6 : explain SELECT c FROM sbtest6 WHERE id BETWEEN 5592347 AND 5593346
	Bitmap Heap Scan on sbtest6  (cost=22.77..3891.04 rows=1008 width=121)
	  Recheck Cond: ((id >= 5592347) AND (id <= 5593346))
	  ->  Bitmap Index Scan on sbtest6_pkey  (cost=0.00..22.51 rows=1008 width=0)
	        Index Cond: ((id >= 5592347) AND (id <= 5593346))

table 7 : explain SELECT c FROM sbtest7 WHERE id BETWEEN 980812 AND 981811
	Bitmap Heap Scan on sbtest7  (cost=22.39..3751.26 rows=971 width=121)
	  Recheck Cond: ((id >= 980812) AND (id <= 981811))
	  ->  Bitmap Index Scan on sbtest7_pkey  (cost=0.00..22.14 rows=971 width=0)
	        Index Cond: ((id >= 980812) AND (id <= 981811))

table 8 : explain SELECT c FROM sbtest8 WHERE id BETWEEN 4264373 AND 4265372
	Bitmap Heap Scan on sbtest8  (cost=22.06..3631.62 rows=939 width=121)
	  Recheck Cond: ((id >= 4264373) AND (id <= 4265372))
	  ->  Bitmap Index Scan on sbtest8_pkey  (cost=0.00..21.82 rows=939 width=0)
	        Index Cond: ((id >= 4264373) AND (id <= 4265372))

for: sum_ranges
table 1 : explain SELECT SUM(k) FROM sbtest1 WHERE id BETWEEN 9042737 AND 9043736
	Aggregate  (cost=3729.65..3729.66 rows=1 width=8)
	  ->  Bitmap Heap Scan on sbtest1  (cost=22.33..3727.24 rows=965 width=4)
	        Recheck Cond: ((id >= 9042737) AND (id <= 9043736))
	        ->  Bitmap Index Scan on sbtest1_pkey  (cost=0.00..22.08 rows=965 width=0)
	              Index Cond: ((id >= 9042737) AND (id <= 9043736))

table 2 : explain SELECT SUM(k) FROM sbtest2 WHERE id BETWEEN 1711555 AND 1712554
	Aggregate  (cost=3827.74..3827.75 rows=1 width=8)
	  ->  Bitmap Heap Scan on sbtest2  (cost=22.59..3825.26 rows=991 width=4)
	        Recheck Cond: ((id >= 1711555) AND (id <= 1712554))
	        ->  Bitmap Index Scan on sbtest2_pkey  (cost=0.00..22.34 rows=991 width=0)
	              Index Cond: ((id >= 1711555) AND (id <= 1712554))

table 3 : explain SELECT SUM(k) FROM sbtest3 WHERE id BETWEEN 3422826 AND 3423825
	Aggregate  (cost=3752.72..3752.73 rows=1 width=8)
	  ->  Bitmap Heap Scan on sbtest3  (cost=22.39..3750.29 rows=971 width=4)
	        Recheck Cond: ((id >= 3422826) AND (id <= 3423825))
	        ->  Bitmap Index Scan on sbtest3_pkey  (cost=0.00..22.14 rows=971 width=0)
	              Index Cond: ((id >= 3422826) AND (id <= 3423825))

table 4 : explain SELECT SUM(k) FROM sbtest4 WHERE id BETWEEN 3046911 AND 3047910
	Aggregate  (cost=4042.91..4042.92 rows=1 width=8)
	  ->  Bitmap Heap Scan on sbtest4  (cost=23.18..4040.29 rows=1048 width=4)
	        Recheck Cond: ((id >= 3046911) AND (id <= 3047910))
	        ->  Bitmap Index Scan on sbtest4_pkey  (cost=0.00..22.91 rows=1048 width=0)
	              Index Cond: ((id >= 3046911) AND (id <= 3047910))

table 5 : explain SELECT SUM(k) FROM sbtest5 WHERE id BETWEEN 4699843 AND 4700842
	Aggregate  (cost=3907.59..3907.60 rows=1 width=8)
	  ->  Bitmap Heap Scan on sbtest5  (cost=22.81..3905.06 rows=1012 width=4)
	        Recheck Cond: ((id >= 4699843) AND (id <= 4700842))
	        ->  Bitmap Index Scan on sbtest5_pkey  (cost=0.00..22.55 rows=1012 width=0)
	              Index Cond: ((id >= 4699843) AND (id <= 4700842))

table 6 : explain SELECT SUM(k) FROM sbtest6 WHERE id BETWEEN 5892822 AND 5893821
	Aggregate  (cost=4104.32..4104.33 rows=1 width=8)
	  ->  Bitmap Heap Scan on sbtest6  (cost=23.34..4101.66 rows=1064 width=4)
	        Recheck Cond: ((id >= 5892822) AND (id <= 5893821))
	        ->  Bitmap Index Scan on sbtest6_pkey  (cost=0.00..23.07 rows=1064 width=0)
	              Index Cond: ((id >= 5892822) AND (id <= 5893821))

table 7 : explain SELECT SUM(k) FROM sbtest7 WHERE id BETWEEN 5678110 AND 5679109
	Aggregate  (cost=3968.45..3968.46 rows=1 width=8)
	  ->  Bitmap Heap Scan on sbtest7  (cost=22.97..3965.88 rows=1028 width=4)
	        Recheck Cond: ((id >= 5678110) AND (id <= 5679109))
	        ->  Bitmap Index Scan on sbtest7_pkey  (cost=0.00..22.71 rows=1028 width=0)
	              Index Cond: ((id >= 5678110) AND (id <= 5679109))

table 8 : explain SELECT SUM(k) FROM sbtest8 WHERE id BETWEEN 4531463 AND 4532462
	Aggregate  (cost=3898.07..3898.08 rows=1 width=8)
	  ->  Bitmap Heap Scan on sbtest8  (cost=22.78..3895.55 rows=1009 width=4)
	        Recheck Cond: ((id >= 4531463) AND (id <= 4532462))
	        ->  Bitmap Index Scan on sbtest8_pkey  (cost=0.00..22.52 rows=1009 width=0)
	              Index Cond: ((id >= 4531463) AND (id <= 4532462))

for: distinct_ranges
table 1 : explain SELECT DISTINCT c FROM sbtest1 WHERE id BETWEEN 5533751 AND 5534750 ORDER BY c
	Unique  (cost=3664.11..3668.79 rows=936 width=121)
	  ->  Sort  (cost=3664.11..3666.45 rows=936 width=121)
	        Sort Key: c
	        ->  Bitmap Heap Scan on sbtest1  (cost=22.03..3617.92 rows=936 width=121)
	              Recheck Cond: ((id >= 5533751) AND (id <= 5534750))
	              ->  Bitmap Index Scan on sbtest1_pkey  (cost=0.00..21.79 rows=936 width=0)
	                    Index Cond: ((id >= 5533751) AND (id <= 5534750))

table 2 : explain SELECT DISTINCT c FROM sbtest2 WHERE id BETWEEN 9209286 AND 9210285 ORDER BY c
	Unique  (cost=4054.04..4059.23 rows=1038 width=121)
	  ->  Sort  (cost=4054.04..4056.64 rows=1038 width=121)
	        Sort Key: c
	        ->  Bitmap Heap Scan on sbtest2  (cost=23.07..4002.04 rows=1038 width=121)
	              Recheck Cond: ((id >= 9209286) AND (id <= 9210285))
	              ->  Bitmap Index Scan on sbtest2_pkey  (cost=0.00..22.82 rows=1038 width=0)
	                    Index Cond: ((id >= 9209286) AND (id <= 9210285))

table 3 : explain SELECT DISTINCT c FROM sbtest3 WHERE id BETWEEN 5608632 AND 5609631 ORDER BY c
	Unique  (cost=3936.07..3941.10 rows=1007 width=121)
	  ->  Sort  (cost=3936.07..3938.59 rows=1007 width=121)
	        Sort Key: c
	        ->  Bitmap Heap Scan on sbtest3  (cost=22.76..3885.84 rows=1007 width=121)
	              Recheck Cond: ((id >= 5608632) AND (id <= 5609631))
	              ->  Bitmap Index Scan on sbtest3_pkey  (cost=0.00..22.50 rows=1007 width=0)
	                    Index Cond: ((id >= 5608632) AND (id <= 5609631))

table 4 : explain SELECT DISTINCT c FROM sbtest4 WHERE id BETWEEN 238107 AND 239106 ORDER BY c
	Unique  (cost=4005.09..4010.21 rows=1025 width=121)
	  ->  Sort  (cost=4005.09..4007.65 rows=1025 width=121)
	        Sort Key: c
	        ->  Bitmap Heap Scan on sbtest4  (cost=22.94..3953.83 rows=1025 width=121)
	              Recheck Cond: ((id >= 238107) AND (id <= 239106))
	              ->  Bitmap Index Scan on sbtest4_pkey  (cost=0.00..22.68 rows=1025 width=0)
	                    Index Cond: ((id >= 238107) AND (id <= 239106))

table 5 : explain SELECT DISTINCT c FROM sbtest5 WHERE id BETWEEN 2093511 AND 2094510 ORDER BY c
	Unique  (cost=3649.59..3654.25 rows=932 width=121)
	  ->  Sort  (cost=3649.59..3651.92 rows=932 width=121)
	        Sort Key: c
	        ->  Bitmap Heap Scan on sbtest5  (cost=21.99..3603.62 rows=932 width=121)
	              Recheck Cond: ((id >= 2093511) AND (id <= 2094510))
	              ->  Bitmap Index Scan on sbtest5_pkey  (cost=0.00..21.75 rows=932 width=0)
	                    Index Cond: ((id >= 2093511) AND (id <= 2094510))

table 6 : explain SELECT DISTINCT c FROM sbtest6 WHERE id BETWEEN 7046663 AND 7047662 ORDER BY c
	Unique  (cost=4002.46..4007.58 rows=1024 width=121)
	  ->  Sort  (cost=4002.46..4005.02 rows=1024 width=121)
	        Sort Key: c
	        ->  Bitmap Heap Scan on sbtest6  (cost=22.93..3951.26 rows=1024 width=121)
	              Recheck Cond: ((id >= 7046663) AND (id <= 7047662))
	              ->  Bitmap Index Scan on sbtest6_pkey  (cost=0.00..22.68 rows=1024 width=0)
	                    Index Cond: ((id >= 7046663) AND (id <= 7047662))

table 7 : explain SELECT DISTINCT c FROM sbtest7 WHERE id BETWEEN 9259814 AND 9260813 ORDER BY c
	Unique  (cost=4166.15..4171.49 rows=1067 width=121)
	  ->  Sort  (cost=4166.15..4168.82 rows=1067 width=121)
	        Sort Key: c
	        ->  Bitmap Heap Scan on sbtest7  (cost=23.37..4112.49 rows=1067 width=121)
	              Recheck Cond: ((id >= 9259814) AND (id <= 9260813))
	              ->  Bitmap Index Scan on sbtest7_pkey  (cost=0.00..23.11 rows=1067 width=0)
	                    Index Cond: ((id >= 9259814) AND (id <= 9260813))

table 8 : explain SELECT DISTINCT c FROM sbtest8 WHERE id BETWEEN 7780350 AND 7781349 ORDER BY c
	Unique  (cost=3861.76..3866.69 rows=987 width=121)
	  ->  Sort  (cost=3861.76..3864.22 rows=987 width=121)
	        Sort Key: c
	        ->  Bitmap Heap Scan on sbtest8  (cost=22.55..3812.67 rows=987 width=121)
	              Recheck Cond: ((id >= 7780350) AND (id <= 7781349))
	              ->  Bitmap Index Scan on sbtest8_pkey  (cost=0.00..22.30 rows=987 width=0)
	                    Index Cond: ((id >= 7780350) AND (id <= 7781349))

for: order_ranges
table 1 : explain SELECT c FROM sbtest1 WHERE id BETWEEN 8602259 AND 8603258 ORDER BY c
	Sort  (cost=3866.82..3869.29 rows=989 width=121)
	  Sort Key: c
	  ->  Bitmap Heap Scan on sbtest1  (cost=22.57..3817.62 rows=989 width=121)
	        Recheck Cond: ((id >= 8602259) AND (id <= 8603258))
	        ->  Bitmap Index Scan on sbtest1_pkey  (cost=0.00..22.32 rows=989 width=0)
	              Index Cond: ((id >= 8602259) AND (id <= 8603258))

table 2 : explain SELECT c FROM sbtest2 WHERE id BETWEEN 882151 AND 883150 ORDER BY c
	Sort  (cost=3679.53..3681.88 rows=940 width=121)
	  Sort Key: c
	  ->  Bitmap Heap Scan on sbtest2  (cost=22.07..3633.11 rows=940 width=121)
	        Recheck Cond: ((id >= 882151) AND (id <= 883150))
	        ->  Bitmap Index Scan on sbtest2_pkey  (cost=0.00..21.83 rows=940 width=0)
	              Index Cond: ((id >= 882151) AND (id <= 883150))

table 3 : explain SELECT c FROM sbtest3 WHERE id BETWEEN 6432675 AND 6433674 ORDER BY c
	Sort  (cost=3492.12..3494.34 rows=891 width=121)
	  Sort Key: c
	  ->  Bitmap Heap Scan on sbtest3  (cost=21.57..3448.46 rows=891 width=121)
	        Recheck Cond: ((id >= 6432675) AND (id <= 6433674))
	        ->  Bitmap Index Scan on sbtest3_pkey  (cost=0.00..21.34 rows=891 width=0)
	              Index Cond: ((id >= 6432675) AND (id <= 6433674))

table 4 : explain SELECT c FROM sbtest4 WHERE id BETWEEN 813152 AND 814151 ORDER BY c
	Sort  (cost=3836.97..3839.42 rows=981 width=121)
	  Sort Key: c
	  ->  Bitmap Heap Scan on sbtest4  (cost=22.49..3788.22 rows=981 width=121)
	        Recheck Cond: ((id >= 813152) AND (id <= 814151))
	        ->  Bitmap Index Scan on sbtest4_pkey  (cost=0.00..22.25 rows=981 width=0)
	              Index Cond: ((id >= 813152) AND (id <= 814151))

table 5 : explain SELECT c FROM sbtest5 WHERE id BETWEEN 3770845 AND 3771844 ORDER BY c
	Sort  (cost=3928.83..3931.35 rows=1005 width=121)
	  Sort Key: c
	  ->  Bitmap Heap Scan on sbtest5  (cost=22.74..3878.72 rows=1005 width=121)
	        Recheck Cond: ((id >= 3770845) AND (id <= 3771844))
	        ->  Bitmap Index Scan on sbtest5_pkey  (cost=0.00..22.48 rows=1005 width=0)
	              Index Cond: ((id >= 3770845) AND (id <= 3771844))

table 6 : explain SELECT c FROM sbtest6 WHERE id BETWEEN 30459 AND 31458 ORDER BY c
	Sort  (cost=3780.69..3783.11 rows=966 width=121)
	  Sort Key: c
	  ->  Bitmap Heap Scan on sbtest6  (cost=22.34..3732.80 rows=966 width=121)
	        Recheck Cond: ((id >= 30459) AND (id <= 31458))
	        ->  Bitmap Index Scan on sbtest6_pkey  (cost=0.00..22.09 rows=966 width=0)
	              Index Cond: ((id >= 30459) AND (id <= 31458))

table 7 : explain SELECT c FROM sbtest7 WHERE id BETWEEN 6532641 AND 6533640 ORDER BY c
	Sort  (cost=4021.13..4023.70 rows=1029 width=121)
	  Sort Key: c
	  ->  Bitmap Heap Scan on sbtest7  (cost=22.98..3969.64 rows=1029 width=121)
	        Recheck Cond: ((id >= 6532641) AND (id <= 6533640))
	        ->  Bitmap Index Scan on sbtest7_pkey  (cost=0.00..22.72 rows=1029 width=0)
	              Index Cond: ((id >= 6532641) AND (id <= 6533640))

table 8 : explain SELECT c FROM sbtest8 WHERE id BETWEEN 5298736 AND 5299735 ORDER BY c
	Sort  (cost=4018.50..4021.07 rows=1028 width=121)
	  Sort Key: c
	  ->  Bitmap Heap Scan on sbtest8  (cost=22.97..3967.07 rows=1028 width=121)
	        Recheck Cond: ((id >= 5298736) AND (id <= 5299735))
	        ->  Bitmap Index Scan on sbtest8_pkey  (cost=0.00..22.71 rows=1028 width=0)
	              Index Cond: ((id >= 5298736) AND (id <= 5299735))

for: sum_ranges
table 1 : explain SELECT SUM(k) FROM sbtest1 WHERE id BETWEEN 8541890 AND 8542889
	Aggregate  (cost=3820.09..3820.10 rows=1 width=8)
	  ->  Bitmap Heap Scan on sbtest1  (cost=22.57..3817.62 rows=989 width=4)
	        Recheck Cond: ((id >= 8541890) AND (id <= 8542889))
	        ->  Bitmap Index Scan on sbtest1_pkey  (cost=0.00..22.32 rows=989 width=0)
	              Index Cond: ((id >= 8541890) AND (id <= 8542889))

table 2 : explain SELECT SUM(k) FROM sbtest2 WHERE id BETWEEN 3164959 AND 3165958
	Aggregate  (cost=4098.61..4098.62 rows=1 width=8)
	  ->  Bitmap Heap Scan on sbtest2  (cost=23.33..4095.96 rows=1063 width=4)
	        Recheck Cond: ((id >= 3164959) AND (id <= 3165958))
	        ->  Bitmap Index Scan on sbtest2_pkey  (cost=0.00..23.07 rows=1063 width=0)
	              Index Cond: ((id >= 3164959) AND (id <= 3165958))

table 3 : explain SELECT SUM(k) FROM sbtest3 WHERE id BETWEEN 484376 AND 485375
	Aggregate  (cost=3492.27..3492.28 rows=1 width=8)
	  ->  Bitmap Heap Scan on sbtest3  (cost=21.68..3490.01 rows=902 width=4)
	        Recheck Cond: ((id >= 484376) AND (id <= 485375))
	        ->  Bitmap Index Scan on sbtest3_pkey  (cost=0.00..21.45 rows=902 width=0)
	              Index Cond: ((id >= 484376) AND (id <= 485375))

table 4 : explain SELECT SUM(k) FROM sbtest4 WHERE id BETWEEN 7333406 AND 7334405
	Aggregate  (cost=4076.75..4076.76 rows=1 width=8)
	  ->  Bitmap Heap Scan on sbtest4  (cost=23.27..4074.11 rows=1057 width=4)
	        Recheck Cond: ((id >= 7333406) AND (id <= 7334405))
	        ->  Bitmap Index Scan on sbtest4_pkey  (cost=0.00..23.00 rows=1057 width=0)
	              Index Cond: ((id >= 7333406) AND (id <= 7334405))

table 5 : explain SELECT SUM(k) FROM sbtest5 WHERE id BETWEEN 512936 AND 513935
	Aggregate  (cost=3681.44..3681.45 rows=1 width=8)
	  ->  Bitmap Heap Scan on sbtest5  (cost=22.19..3679.06 rows=952 width=4)
	        Recheck Cond: ((id >= 512936) AND (id <= 513935))
	        ->  Bitmap Index Scan on sbtest5_pkey  (cost=0.00..21.95 rows=952 width=0)
	              Index Cond: ((id >= 512936) AND (id <= 513935))

table 6 : explain SELECT SUM(k) FROM sbtest6 WHERE id BETWEEN 2192496 AND 2193495
	Aggregate  (cost=4416.27..4416.28 rows=1 width=8)
	  ->  Bitmap Heap Scan on sbtest6  (cost=28.19..4413.40 rows=1147 width=4)
	        Recheck Cond: ((id >= 2192496) AND (id <= 2193495))
	        ->  Bitmap Index Scan on sbtest6_pkey  (cost=0.00..27.90 rows=1147 width=0)
	              Index Cond: ((id >= 2192496) AND (id <= 2193495))

table 7 : explain SELECT SUM(k) FROM sbtest7 WHERE id BETWEEN 2453588 AND 2454587
	Aggregate  (cost=4002.32..4002.33 rows=1 width=8)
	  ->  Bitmap Heap Scan on sbtest7  (cost=23.06..3999.73 rows=1037 width=4)
	        Recheck Cond: ((id >= 2453588) AND (id <= 2454587))
	        ->  Bitmap Index Scan on sbtest7_pkey  (cost=0.00..22.80 rows=1037 width=0)
	              Index Cond: ((id >= 2453588) AND (id <= 2454587))

table 8 : explain SELECT SUM(k) FROM sbtest8 WHERE id BETWEEN 8190380 AND 8191379
	Aggregate  (cost=4037.41..4037.42 rows=1 width=8)
	  ->  Bitmap Heap Scan on sbtest8  (cost=23.16..4034.79 rows=1046 width=4)
	        Recheck Cond: ((id >= 8190380) AND (id <= 8191379))
	        ->  Bitmap Index Scan on sbtest8_pkey  (cost=0.00..22.89 rows=1046 width=0)
	              Index Cond: ((id >= 8190380) AND (id <= 8191379))

for: order_ranges
table 1 : explain SELECT c FROM sbtest1 WHERE id BETWEEN 9390723 AND 9391722 ORDER BY c
	Sort  (cost=3992.86..3995.42 rows=1022 width=121)
	  Sort Key: c
	  ->  Bitmap Heap Scan on sbtest1  (cost=22.91..3941.78 rows=1022 width=121)
	        Recheck Cond: ((id >= 9390723) AND (id <= 9391722))
	        ->  Bitmap Index Scan on sbtest1_pkey  (cost=0.00..22.65 rows=1022 width=0)
	              Index Cond: ((id >= 9390723) AND (id <= 9391722))

table 2 : explain SELECT c FROM sbtest2 WHERE id BETWEEN 542418 AND 543417 ORDER BY c
	Sort  (cost=3648.90..3651.23 rows=932 width=121)
	  Sort Key: c
	  ->  Bitmap Heap Scan on sbtest2  (cost=21.99..3602.93 rows=932 width=121)
	        Recheck Cond: ((id >= 542418) AND (id <= 543417))
	        ->  Bitmap Index Scan on sbtest2_pkey  (cost=0.00..21.75 rows=932 width=0)
	              Index Cond: ((id >= 542418) AND (id <= 543417))

table 3 : explain SELECT c FROM sbtest3 WHERE id BETWEEN 5518317 AND 5519316 ORDER BY c
	Sort  (cost=3981.90..3984.45 rows=1019 width=121)
	  Sort Key: c
	  ->  Bitmap Heap Scan on sbtest3  (cost=22.88..3930.98 rows=1019 width=121)
	        Recheck Cond: ((id >= 5518317) AND (id <= 5519316))
	        ->  Bitmap Index Scan on sbtest3_pkey  (cost=0.00..22.62 rows=1019 width=0)
	              Index Cond: ((id >= 5518317) AND (id <= 5519316))

table 4 : explain SELECT c FROM sbtest4 WHERE id BETWEEN 6286325 AND 6287324 ORDER BY c
	Sort  (cost=3622.66..3624.97 rows=925 width=121)
	  Sort Key: c
	  ->  Bitmap Heap Scan on sbtest4  (cost=21.92..3577.09 rows=925 width=121)
	        Recheck Cond: ((id >= 6286325) AND (id <= 6287324))
	        ->  Bitmap Index Scan on sbtest4_pkey  (cost=0.00..21.68 rows=925 width=0)
	              Index Cond: ((id >= 6286325) AND (id <= 6287324))

table 5 : explain SELECT c FROM sbtest5 WHERE id BETWEEN 1933382 AND 1934381 ORDER BY c
	Sort  (cost=3798.86..3801.28 rows=971 width=121)
	  Sort Key: c
	  ->  Bitmap Heap Scan on sbtest5  (cost=22.39..3750.68 rows=971 width=121)
	        Recheck Cond: ((id >= 1933382) AND (id <= 1934381))
	        ->  Bitmap Index Scan on sbtest5_pkey  (cost=0.00..22.14 rows=971 width=0)
	              Index Cond: ((id >= 1933382) AND (id <= 1934381))

table 6 : explain SELECT c FROM sbtest6 WHERE id BETWEEN 5355080 AND 5356079 ORDER BY c
	Sort  (cost=4055.92..4058.52 rows=1038 width=121)
	  Sort Key: c
	  ->  Bitmap Heap Scan on sbtest6  (cost=23.07..4003.92 rows=1038 width=121)
	        Recheck Cond: ((id >= 5355080) AND (id <= 5356079))
	        ->  Bitmap Index Scan on sbtest6_pkey  (cost=0.00..22.82 rows=1038 width=0)
	              Index Cond: ((id >= 5355080) AND (id <= 5356079))

table 7 : explain SELECT c FROM sbtest7 WHERE id BETWEEN 5423022 AND 5424021 ORDER BY c
	Sort  (cost=4234.79..4237.50 rows=1085 width=121)
	  Sort Key: c
	  ->  Bitmap Heap Scan on sbtest7  (cost=23.56..4180.09 rows=1085 width=121)
	        Recheck Cond: ((id >= 5423022) AND (id <= 5424021))
	        ->  Bitmap Index Scan on sbtest7_pkey  (cost=0.00..23.29 rows=1085 width=0)
	              Index Cond: ((id >= 5423022) AND (id <= 5424021))

table 8 : explain SELECT c FROM sbtest8 WHERE id BETWEEN 1393774 AND 1394773 ORDER BY c
	Sort  (cost=4510.65..4513.54 rows=1157 width=121)
	  Sort Key: c
	  ->  Bitmap Heap Scan on sbtest8  (cost=28.29..4451.78 rows=1157 width=121)
	        Recheck Cond: ((id >= 1393774) AND (id <= 1394773))
	        ->  Bitmap Index Scan on sbtest8_pkey  (cost=0.00..28.00 rows=1157 width=0)
	              Index Cond: ((id >= 1393774) AND (id <= 1394773))

for: distinct_ranges
table 1 : explain SELECT DISTINCT c FROM sbtest1 WHERE id BETWEEN 4358104 AND 4359103 ORDER BY c
	Unique  (cost=4027.21..4032.37 rows=1031 width=121)
	  ->  Sort  (cost=4027.21..4029.79 rows=1031 width=121)
	        Sort Key: c
	        ->  Bitmap Heap Scan on sbtest1  (cost=23.00..3975.61 rows=1031 width=121)
	              Recheck Cond: ((id >= 4358104) AND (id <= 4359103))
	              ->  Bitmap Index Scan on sbtest1_pkey  (cost=0.00..22.75 rows=1031 width=0)
	                    Index Cond: ((id >= 4358104) AND (id <= 4359103))

table 2 : explain SELECT DISTINCT c FROM sbtest2 WHERE id BETWEEN 3697023 AND 3698022 ORDER BY c
	Unique  (cost=3943.34..3948.39 rows=1009 width=121)
	  ->  Sort  (cost=3943.34..3945.86 rows=1009 width=121)
	        Sort Key: c
	        ->  Bitmap Heap Scan on sbtest2  (cost=22.78..3893.00 rows=1009 width=121)
	              Recheck Cond: ((id >= 3697023) AND (id <= 3698022))
	              ->  Bitmap Index Scan on sbtest2_pkey  (cost=0.00..22.52 rows=1009 width=0)
	                    Index Cond: ((id >= 3697023) AND (id <= 3698022))

table 3 : explain SELECT DISTINCT c FROM sbtest3 WHERE id BETWEEN 7655004 AND 7656003 ORDER BY c
	Unique  (cost=3744.92..3749.70 rows=957 width=121)
	  ->  Sort  (cost=3744.92..3747.31 rows=957 width=121)
	        Sort Key: c
	        ->  Bitmap Heap Scan on sbtest3  (cost=22.24..3697.54 rows=957 width=121)
	              Recheck Cond: ((id >= 7655004) AND (id <= 7656003))
	              ->  Bitmap Index Scan on sbtest3_pkey  (cost=0.00..22.00 rows=957 width=0)
	                    Index Cond: ((id >= 7655004) AND (id <= 7656003))

table 4 : explain SELECT DISTINCT c FROM sbtest4 WHERE id BETWEEN 9315684 AND 9316683 ORDER BY c
	Unique  (cost=3737.52..3742.29 rows=955 width=121)
	  ->  Sort  (cost=3737.52..3739.90 rows=955 width=121)
	        Sort Key: c
	        ->  Bitmap Heap Scan on sbtest4  (cost=22.22..3690.25 rows=955 width=121)
	              Recheck Cond: ((id >= 9315684) AND (id <= 9316683))
	              ->  Bitmap Index Scan on sbtest4_pkey  (cost=0.00..21.98 rows=955 width=0)
	                    Index Cond: ((id >= 9315684) AND (id <= 9316683))

table 5 : explain SELECT DISTINCT c FROM sbtest5 WHERE id BETWEEN 6178728 AND 6179727 ORDER BY c
	Unique  (cost=3875.33..3880.29 rows=991 width=121)
	  ->  Sort  (cost=3875.33..3877.81 rows=991 width=121)
	        Sort Key: c
	        ->  Bitmap Heap Scan on sbtest5  (cost=22.59..3826.01 rows=991 width=121)
	              Recheck Cond: ((id >= 6178728) AND (id <= 6179727))
	              ->  Bitmap Index Scan on sbtest5_pkey  (cost=0.00..22.34 rows=991 width=0)
	                    Index Cond: ((id >= 6178728) AND (id <= 6179727))

table 6 : explain SELECT DISTINCT c FROM sbtest6 WHERE id BETWEEN 9725438 AND 9726437 ORDER BY c
	Unique  (cost=4113.18..4118.45 rows=1053 width=121)
	  ->  Sort  (cost=4113.18..4115.82 rows=1053 width=121)
	        Sort Key: c
	        ->  Bitmap Heap Scan on sbtest6  (cost=23.23..4060.32 rows=1053 width=121)
	              Recheck Cond: ((id >= 9725438) AND (id <= 9726437))
	              ->  Bitmap Index Scan on sbtest6_pkey  (cost=0.00..22.96 rows=1053 width=0)
	                    Index Cond: ((id >= 9725438) AND (id <= 9726437))

table 7 : explain SELECT DISTINCT c FROM sbtest7 WHERE id BETWEEN 2080972 AND 2081971 ORDER BY c
	Unique  (cost=3952.37..3957.43 rows=1011 width=121)
	  ->  Sort  (cost=3952.37..3954.90 rows=1011 width=121)
	        Sort Key: c
	        ->  Bitmap Heap Scan on sbtest7  (cost=22.80..3901.92 rows=1011 width=121)
	              Recheck Cond: ((id >= 2080972) AND (id <= 2081971))
	              ->  Bitmap Index Scan on sbtest7_pkey  (cost=0.00..22.54 rows=1011 width=0)
	                    Index Cond: ((id >= 2080972) AND (id <= 2081971))

table 8 : explain SELECT DISTINCT c FROM sbtest8 WHERE id BETWEEN 8861608 AND 8862607 ORDER BY c
	Unique  (cost=3861.76..3866.69 rows=987 width=121)
	  ->  Sort  (cost=3861.76..3864.22 rows=987 width=121)
	        Sort Key: c
	        ->  Bitmap Heap Scan on sbtest8  (cost=22.55..3812.67 rows=987 width=121)
	              Recheck Cond: ((id >= 8861608) AND (id <= 8862607))
	              ->  Bitmap Index Scan on sbtest8_pkey  (cost=0.00..22.30 rows=987 width=0)
	                    Index Cond: ((id >= 8861608) AND (id <= 8862607))

for: distinct_ranges
table 1 : explain SELECT DISTINCT c FROM sbtest1 WHERE id BETWEEN 1058076 AND 1059075 ORDER BY c
	Unique  (cost=3851.54..3856.46 rows=985 width=121)
	  ->  Sort  (cost=3851.54..3854.00 rows=985 width=121)
	        Sort Key: c
	        ->  Bitmap Heap Scan on sbtest1  (cost=22.53..3802.56 rows=985 width=121)
	              Recheck Cond: ((id >= 1058076) AND (id <= 1059075))
	              ->  Bitmap Index Scan on sbtest1_pkey  (cost=0.00..22.29 rows=985 width=0)
	                    Index Cond: ((id >= 1058076) AND (id <= 1059075))

table 2 : explain SELECT DISTINCT c FROM sbtest2 WHERE id BETWEEN 9093104 AND 9094103 ORDER BY c
	Unique  (cost=3939.52..3944.56 rows=1008 width=121)
	  ->  Sort  (cost=3939.52..3942.04 rows=1008 width=121)
	        Sort Key: c
	        ->  Bitmap Heap Scan on sbtest2  (cost=22.77..3889.24 rows=1008 width=121)
	              Recheck Cond: ((id >= 9093104) AND (id <= 9094103))
	              ->  Bitmap Index Scan on sbtest2_pkey  (cost=0.00..22.51 rows=1008 width=0)
	                    Index Cond: ((id >= 9093104) AND (id <= 9094103))

table 3 : explain SELECT DISTINCT c FROM sbtest3 WHERE id BETWEEN 4913740 AND 4914739 ORDER BY c
	Unique  (cost=4526.99..4532.80 rows=1162 width=121)
	  ->  Sort  (cost=4526.99..4529.89 rows=1162 width=121)
	        Sort Key: c
	        ->  Bitmap Heap Scan on sbtest3  (cost=28.35..4467.83 rows=1162 width=121)
	              Recheck Cond: ((id >= 4913740) AND (id <= 4914739))
	              ->  Bitmap Index Scan on sbtest3_pkey  (cost=0.00..28.05 rows=1162 width=0)
	                    Index Cond: ((id >= 4913740) AND (id <= 4914739))

table 4 : explain SELECT DISTINCT c FROM sbtest4 WHERE id BETWEEN 2363480 AND 2364479 ORDER BY c
	Unique  (cost=4066.16..4071.36 rows=1041 width=121)
	  ->  Sort  (cost=4066.16..4068.76 rows=1041 width=121)
	        Sort Key: c
	        ->  Bitmap Heap Scan on sbtest4  (cost=23.11..4013.99 rows=1041 width=121)
	              Recheck Cond: ((id >= 2363480) AND (id <= 2364479))
	              ->  Bitmap Index Scan on sbtest4_pkey  (cost=0.00..22.84 rows=1041 width=0)
	                    Index Cond: ((id >= 2363480) AND (id <= 2364479))

table 5 : explain SELECT DISTINCT c FROM sbtest5 WHERE id BETWEEN 7077784 AND 7078783 ORDER BY c
	Unique  (cost=3917.37..3922.38 rows=1002 width=121)
	  ->  Sort  (cost=3917.37..3919.88 rows=1002 width=121)
	        Sort Key: c
	        ->  Bitmap Heap Scan on sbtest5  (cost=22.71..3867.43 rows=1002 width=121)
	              Recheck Cond: ((id >= 7077784) AND (id <= 7078783))
	              ->  Bitmap Index Scan on sbtest5_pkey  (cost=0.00..22.45 rows=1002 width=0)
	                    Index Cond: ((id >= 7077784) AND (id <= 7078783))

table 6 : explain SELECT DISTINCT c FROM sbtest6 WHERE id BETWEEN 3599288 AND 3600287 ORDER BY c
	Unique  (cost=3753.90..3758.69 rows=959 width=121)
	  ->  Sort  (cost=3753.90..3756.30 rows=959 width=121)
	        Sort Key: c
	        ->  Bitmap Heap Scan on sbtest6  (cost=22.26..3706.40 rows=959 width=121)
	              Recheck Cond: ((id >= 3599288) AND (id <= 3600287))
	              ->  Bitmap Index Scan on sbtest6_pkey  (cost=0.00..22.02 rows=959 width=0)
	                    Index Cond: ((id >= 3599288) AND (id <= 3600287))

table 7 : explain SELECT DISTINCT c FROM sbtest7 WHERE id BETWEEN 150157 AND 151156 ORDER BY c
	Unique  (cost=3715.24..3719.98 rows=949 width=121)
	  ->  Sort  (cost=3715.24..3717.61 rows=949 width=121)
	        Sort Key: c
	        ->  Bitmap Heap Scan on sbtest7  (cost=22.16..3668.31 rows=949 width=121)
	              Recheck Cond: ((id >= 150157) AND (id <= 151156))
	              ->  Bitmap Index Scan on sbtest7_pkey  (cost=0.00..21.93 rows=949 width=0)
	                    Index Cond: ((id >= 150157) AND (id <= 151156))

table 8 : explain SELECT DISTINCT c FROM sbtest8 WHERE id BETWEEN 4673656 AND 4674655 ORDER BY c
	Unique  (cost=3555.31..3559.85 rows=907 width=121)
	  ->  Sort  (cost=3555.31..3557.58 rows=907 width=121)
	        Sort Key: c
	        ->  Bitmap Heap Scan on sbtest8  (cost=21.73..3510.76 rows=907 width=121)
	              Recheck Cond: ((id >= 4673656) AND (id <= 4674655))
	              ->  Bitmap Index Scan on sbtest8_pkey  (cost=0.00..21.50 rows=907 width=0)
	                    Index Cond: ((id >= 4673656) AND (id <= 4674655))

for: order_ranges
table 1 : explain SELECT c FROM sbtest1 WHERE id BETWEEN 9180705 AND 9181704 ORDER BY c
	Sort  (cost=4050.11..4052.70 rows=1037 width=121)
	  Sort Key: c
	  ->  Bitmap Heap Scan on sbtest1  (cost=23.06..3998.16 rows=1037 width=121)
	        Recheck Cond: ((id >= 9180705) AND (id <= 9181704))
	        ->  Bitmap Index Scan on sbtest1_pkey  (cost=0.00..22.80 rows=1037 width=0)
	              Index Cond: ((id >= 9180705) AND (id <= 9181704))

table 2 : explain SELECT c FROM sbtest2 WHERE id BETWEEN 6576549 AND 6577548 ORDER BY c
	Sort  (cost=3786.65..3789.07 rows=968 width=121)
	  Sort Key: c
	  ->  Bitmap Heap Scan on sbtest2  (cost=22.36..3738.65 rows=968 width=121)
	        Recheck Cond: ((id >= 6576549) AND (id <= 6577548))
	        ->  Bitmap Index Scan on sbtest2_pkey  (cost=0.00..22.11 rows=968 width=0)
	              Index Cond: ((id >= 6576549) AND (id <= 6577548))

table 3 : explain SELECT c FROM sbtest3 WHERE id BETWEEN 6998595 AND 6999594 ORDER BY c
	Sort  (cost=3649.23..3651.56 rows=932 width=121)
	  Sort Key: c
	  ->  Bitmap Heap Scan on sbtest3  (cost=21.99..3603.26 rows=932 width=121)
	        Recheck Cond: ((id >= 6998595) AND (id <= 6999594))
	        ->  Bitmap Index Scan on sbtest3_pkey  (cost=0.00..21.75 rows=932 width=0)
	              Index Cond: ((id >= 6998595) AND (id <= 6999594))

table 4 : explain SELECT c FROM sbtest4 WHERE id BETWEEN 4394176 AND 4395175 ORDER BY c
	Sort  (cost=4378.96..4381.76 rows=1123 width=121)
	  Sort Key: c
	  ->  Bitmap Heap Scan on sbtest4  (cost=27.95..4322.06 rows=1123 width=121)
	        Recheck Cond: ((id >= 4394176) AND (id <= 4395175))
	        ->  Bitmap Index Scan on sbtest4_pkey  (cost=0.00..27.66 rows=1123 width=0)
	              Index Cond: ((id >= 4394176) AND (id <= 4395175))

table 5 : explain SELECT c FROM sbtest5 WHERE id BETWEEN 1516878 AND 1517877 ORDER BY c
	Sort  (cost=4005.22..4007.79 rows=1025 width=121)
	  Sort Key: c
	  ->  Bitmap Heap Scan on sbtest5  (cost=22.94..3953.97 rows=1025 width=121)
	        Recheck Cond: ((id >= 1516878) AND (id <= 1517877))
	        ->  Bitmap Index Scan on sbtest5_pkey  (cost=0.00..22.68 rows=1025 width=0)
	              Index Cond: ((id >= 1516878) AND (id <= 1517877))

table 6 : explain SELECT c FROM sbtest6 WHERE id BETWEEN 4336117 AND 4337116 ORDER BY c
	Sort  (cost=3937.50..3940.02 rows=1007 width=121)
	  Sort Key: c
	  ->  Bitmap Heap Scan on sbtest6  (cost=22.76..3887.27 rows=1007 width=121)
	        Recheck Cond: ((id >= 4336117) AND (id <= 4337116))
	        ->  Bitmap Index Scan on sbtest6_pkey  (cost=0.00..22.50 rows=1007 width=0)
	              Index Cond: ((id >= 4336117) AND (id <= 4337116))

table 7 : explain SELECT c FROM sbtest7 WHERE id BETWEEN 9468521 AND 9469520 ORDER BY c
	Sort  (cost=3565.83..3568.10 rows=910 width=121)
	  Sort Key: c
	  ->  Bitmap Heap Scan on sbtest7  (cost=21.76..3521.10 rows=910 width=121)
	        Recheck Cond: ((id >= 9468521) AND (id <= 9469520))
	        ->  Bitmap Index Scan on sbtest7_pkey  (cost=0.00..21.54 rows=910 width=0)
	              Index Cond: ((id >= 9468521) AND (id <= 9469520))

table 8 : explain SELECT c FROM sbtest8 WHERE id BETWEEN 6497064 AND 6498063 ORDER BY c
	Sort  (cost=3907.65..3910.15 rows=999 width=121)
	  Sort Key: c
	  ->  Bitmap Heap Scan on sbtest8  (cost=22.67..3857.88 rows=999 width=121)
	        Recheck Cond: ((id >= 6497064) AND (id <= 6498063))
	        ->  Bitmap Index Scan on sbtest8_pkey  (cost=0.00..22.43 rows=999 width=0)
	              Index Cond: ((id >= 6497064) AND (id <= 6498063))

for: distinct_ranges
table 1 : explain SELECT DISTINCT c FROM sbtest1 WHERE id BETWEEN 6410006 AND 6411005 ORDER BY c
	Unique  (cost=3950.86..3955.92 rows=1011 width=121)
	  ->  Sort  (cost=3950.86..3953.39 rows=1011 width=121)
	        Sort Key: c
	        ->  Bitmap Heap Scan on sbtest1  (cost=22.80..3900.41 rows=1011 width=121)
	              Recheck Cond: ((id >= 6410006) AND (id <= 6411005))
	              ->  Bitmap Index Scan on sbtest1_pkey  (cost=0.00..22.54 rows=1011 width=0)
	                    Index Cond: ((id >= 6410006) AND (id <= 6411005))

table 2 : explain SELECT DISTINCT c FROM sbtest2 WHERE id BETWEEN 8253778 AND 8254777 ORDER BY c
	Unique  (cost=3847.82..3852.74 rows=984 width=121)
	  ->  Sort  (cost=3847.82..3850.28 rows=984 width=121)
	        Sort Key: c
	        ->  Bitmap Heap Scan on sbtest2  (cost=22.52..3798.91 rows=984 width=121)
	              Recheck Cond: ((id >= 8253778) AND (id <= 8254777))
	              ->  Bitmap Index Scan on sbtest2_pkey  (cost=0.00..22.27 rows=984 width=0)
	                    Index Cond: ((id >= 8253778) AND (id <= 8254777))

table 3 : explain SELECT DISTINCT c FROM sbtest3 WHERE id BETWEEN 3133623 AND 3134622 ORDER BY c
	Unique  (cost=3886.40..3891.37 rows=994 width=121)
	  ->  Sort  (cost=3886.40..3888.88 rows=994 width=121)
	        Sort Key: c
	        ->  Bitmap Heap Scan on sbtest3  (cost=22.62..3836.91 rows=994 width=121)
	              Recheck Cond: ((id >= 3133623) AND (id <= 3134622))
	              ->  Bitmap Index Scan on sbtest3_pkey  (cost=0.00..22.37 rows=994 width=0)
	                    Index Cond: ((id >= 3133623) AND (id <= 3134622))

table 4 : explain SELECT DISTINCT c FROM sbtest4 WHERE id BETWEEN 3920015 AND 3921014 ORDER BY c
	Unique  (cost=3875.20..3880.15 rows=991 width=121)
	  ->  Sort  (cost=3875.20..3877.68 rows=991 width=121)
	        Sort Key: c
	        ->  Bitmap Heap Scan on sbtest4  (cost=22.59..3825.88 rows=991 width=121)
	              Recheck Cond: ((id >= 3920015) AND (id <= 3921014))
	              ->  Bitmap Index Scan on sbtest4_pkey  (cost=0.00..22.34 rows=991 width=0)
	                    Index Cond: ((id >= 3920015) AND (id <= 3921014))

table 5 : explain SELECT DISTINCT c FROM sbtest5 WHERE id BETWEEN 4811474 AND 4812473 ORDER BY c
	Unique  (cost=3584.46..3589.04 rows=915 width=121)
	  ->  Sort  (cost=3584.46..3586.75 rows=915 width=121)
	        Sort Key: c
	        ->  Bitmap Heap Scan on sbtest5  (cost=21.81..3539.45 rows=915 width=121)
	              Recheck Cond: ((id >= 4811474) AND (id <= 4812473))
	              ->  Bitmap Index Scan on sbtest5_pkey  (cost=0.00..21.58 rows=915 width=0)
	                    Index Cond: ((id >= 4811474) AND (id <= 4812473))

table 6 : explain SELECT DISTINCT c FROM sbtest6 WHERE id BETWEEN 7984817 AND 7985816 ORDER BY c
	Unique  (cost=3853.38..3858.31 rows=985 width=121)
	  ->  Sort  (cost=3853.38..3855.85 rows=985 width=121)
	        Sort Key: c
	        ->  Bitmap Heap Scan on sbtest6  (cost=22.53..3804.41 rows=985 width=121)
	              Recheck Cond: ((id >= 7984817) AND (id <= 7985816))
	              ->  Bitmap Index Scan on sbtest6_pkey  (cost=0.00..22.29 rows=985 width=0)
	                    Index Cond: ((id >= 7984817) AND (id <= 7985816))

table 7 : explain SELECT DISTINCT c FROM sbtest7 WHERE id BETWEEN 9290830 AND 9291829 ORDER BY c
	Unique  (cost=3990.58..3995.68 rows=1021 width=121)
	  ->  Sort  (cost=3990.58..3993.13 rows=1021 width=121)
	        Sort Key: c
	        ->  Bitmap Heap Scan on sbtest7  (cost=22.90..3939.55 rows=1021 width=121)
	              Recheck Cond: ((id >= 9290830) AND (id <= 9291829))
	              ->  Bitmap Index Scan on sbtest7_pkey  (cost=0.00..22.64 rows=1021 width=0)
	                    Index Cond: ((id >= 9290830) AND (id <= 9291829))

table 8 : explain SELECT DISTINCT c FROM sbtest8 WHERE id BETWEEN 2495440 AND 2496439 ORDER BY c
	Unique  (cost=4365.96..4371.55 rows=1119 width=121)
	  ->  Sort  (cost=4365.96..4368.75 rows=1119 width=121)
	        Sort Key: c
	        ->  Bitmap Heap Scan on sbtest8  (cost=27.90..4309.29 rows=1119 width=121)
	              Recheck Cond: ((id >= 2495440) AND (id <= 2496439))
	              ->  Bitmap Index Scan on sbtest8_pkey  (cost=0.00..27.62 rows=1119 width=0)
	                    Index Cond: ((id >= 2495440) AND (id <= 2496439))

Threads started!

Warming up for 5 seconds...

SQL statistics:
    queries performed:
        read:                            90898142
        write:                           0
        other:                           16526964
        total:                           107425106
    transactions:                        8263502 (13116.31 per sec.)
    queries:                             107425106 (170511.33 per sec.)
    ignored errors:                      0      (0.00 per sec.)
    reconnects:                          0      (0.00 per sec.)

Throughput:
    events/s (eps):                      13116.3077
    time elapsed:                        630.0176s
    total number of events:              8263502

Latency (ms):
         min:                                    0.52
         avg:                                    3.05
         max:                                   19.19
         95th percentile:                        3.19
         sum:                             25190641.32

Threads fairness:
    events (avg/stddev):           206587.3000/389.14
    execution time (avg/stddev):   629.7660/0.00

