LUA_PATH=/home/mdcallag/git/mytools/bench/sysbench.lua/lua/?.lua /home/mdcallag/git/mytools/bench/sysbench.lua/lua/sysbench --db-driver=mysql --range-size=10 --table-size=10000000 --tables=8 --threads=40 --events=0 --warmup-time=5 --time=930 /home/mdcallag/git/mytools/bench/sysbench.lua/lua/oltp_read_write.lua run --mysql-user=root --mysql-password=pw --mysql-host=127.0.0.1 --mysql-db=test --rand-type=uniform
48 CPUs
sysbench 1.1.0-9072687 (using bundled LuaJIT 2.1.0-beta3)

Running the test with following options:
Number of threads: 40
Warmup time: 5s
Initializing random number generator from current time


Initializing worker threads...

explain: for point_selects :: explain SELECT c FROM sbtest%u WHERE id=%u
explain: for point_selects :: explain SELECT c FROM sbtest%u WHERE id=%u
explain: for point_selects :: explain SELECT c FROM sbtest%u WHERE id=%u
explain: for point_selects :: explain SELECT c FROM sbtest%u WHERE id=%u
explain: for point_selects :: explain SELECT c FROM sbtest%u WHERE id=%u
explain: for point_selects :: explain SELECT c FROM sbtest%u WHERE id=%u
explain: for point_selects :: explain SELECT c FROM sbtest%u WHERE id=%u
explain: for point_selects :: explain SELECT c FROM sbtest%u WHERE id=%u
explain: for point_selects :: explain SELECT c FROM sbtest%u WHERE id=%u
explain: for point_selects :: explain SELECT c FROM sbtest%u WHERE id=%u
explain: for point_selects :: explain SELECT c FROM sbtest%u WHERE id=%u
explain: for point_selects :: explain SELECT c FROM sbtest%u WHERE id=%ufor point_selects
table 1 : explain SELECT c FROM sbtest1 WHERE id=5758610
	-> Rows fetched before execution  (cost=0..0 rows=1)


table 2 : explain SELECT c FROM sbtest2 WHERE id=5885860
	-> Rows fetched before execution  (cost=0..0 rows=1)


table 3 : explain SELECT c FROM sbtest3 WHERE id=8327999
	-> Rows fetched before execution  (cost=0..0 rows=1)


table 4 : explain SELECT c FROM sbtest4 WHERE id=8272910
	-> Rows fetched before execution  (cost=0..0 rows=1)


table 5 : explain SELECT c FROM sbtest5 WHERE id=890017
	-> Rows fetched before execution  (cost=0..0 rows=1)


table 6 : explain SELECT c FROM sbtest6 WHERE id=731418
	-> Rows fetched before execution  (cost=0..0 rows=1)


table 7 : explain SELECT c FROM sbtest7 WHERE id=6756493
	-> Rows fetched before execution  (cost=0..0 rows=1)


table 8 : explain SELECT c FROM sbtest8 WHERE id=3241054
	-> Rows fetched before execution  (cost=0..0 rows=1)

explain: for point_selects :: explain SELECT c FROM sbtest%u WHERE id=%u
explain: for point_selects :: explain SELECT c FROM sbtest%u WHERE id=%u
explain: for point_selects :: explain SELECT c FROM sbtest%u WHERE id=%u
explain: for point_selects :: explain SELECT c FROM sbtest%u WHERE id=%u
explain: for point_selects :: explain SELECT c FROM sbtest%u WHERE id=%u
explain: for point_selects :: explain SELECT c FROM sbtest%u WHERE id=%u
explain: for point_selects :: explain SELECT c FROM sbtest%u WHERE id=%u
for point_selects
table 1 : explain SELECT c FROM sbtest1 WHERE id=6197492
	-> Rows fetched before execution  (cost=0..0 rows=1)


table 2 : explain SELECT c FROM sbtest2 WHERE id=2753998
	-> Rows fetched before execution  (cost=0..0 rows=1)


table 3 : explain SELECT c FROM sbtest3 WHERE id=6851244
	-> Rows fetched before execution  (cost=0..0 rows=1)


table 4 : explain SELECT c FROM sbtest4 WHERE id=6504818
	-> Rows fetched before execution  (cost=0..0 rows=1)


table 5 : explain SELECT c FROM sbtest5 WHERE id=5023035
	-> Rows fetched before execution  (cost=0..0 rows=1)


table 6 : explain SELECT c FROM sbtest6 WHERE id=3636001
	-> Rows fetched before execution  (cost=0..0 rows=1)


table 7 : explain SELECT c FROM sbtest7 WHERE id=4073537
	-> Rows fetched before execution  (cost=0..0 rows=1)


table 8 : explain SELECT c FROM sbtest8 WHERE id=1995875
	-> Rows fetched before execution  (cost=0..0 rows=1)


explain: for point_selects :: explain SELECT c FROM sbtest%u WHERE id=%u
explain: for point_selects :: explain SELECT c FROM sbtest%u WHERE id=%u


explain: for point_selects :: explain SELECT c FROM sbtest%u WHERE id=%u
explain: for point_selects :: explain SELECT c FROM sbtest%u WHERE id=%u
explain: for point_selects :: explain SELECT c FROM sbtest%u WHERE id=%u
explain: for point_selects :: explain SELECT c FROM sbtest%u WHERE id=%u
for point_selects
table 1 : explain SELECT c FROM sbtest1 WHERE id=6968413
	-> Rows fetched before execution  (cost=0..0 rows=1)


table 2 : explain SELECT c FROM sbtest2 WHERE id=7936233
	-> Rows fetched before execution  (cost=0..0 rows=1)


table 3 : explain SELECT c FROM sbtest3 WHERE id=2853279
	-> Rows fetched before execution  (cost=0..0 rows=1)


table 4 : explain SELECT c FROM sbtest4 WHERE id=2606561
	-> Rows fetched before execution  (cost=0..0 rows=1)


table 5 : explain SELECT c FROM sbtest5 WHERE id=7123868
	-> Rows fetched before execution  (cost=0..0 rows=1)


table 6 : explain SELECT c FROM sbtest6 WHERE id=209164
	-> Rows fetched before execution  (cost=0..0 rows=1)


table 7 : explain SELECT c FROM sbtest7 WHERE id=1430369
	-> Rows fetched before execution  (cost=0..0 rows=1)


table 8 : explain SELECT c FROM sbtest8 WHERE id=862339
	-> Rows fetched before execution  (cost=0..0 rows=1)


explain: for point_selects :: explain SELECT c FROM sbtest%u WHERE id=%u
explain: for point_selects :: explain SELECT c FROM sbtest%u WHERE id=%u
explain: for point_selects :: explain SELECT c FROM sbtest%u WHERE id=%u
for point_selects
table 1 : explain SELECT c FROM sbtest1 WHERE id=6870448
	-> Rows fetched before execution  (cost=0..0 rows=1)


table 2 : explain SELECT c FROM sbtest2 WHERE id=4165706
	-> Rows fetched before execution  (cost=0..0 rows=1)


table 3 : explain SELECT c FROM sbtest3 WHERE id=6260990
	-> Rows fetched before execution  (cost=0..0 rows=1)


table 4 : explain SELECT c FROM sbtest4 WHERE id=9403865
	-> Rows fetched before execution  (cost=0..0 rows=1)


table 5 : explain SELECT c FROM sbtest5 WHERE id=2148497
	-> Rows fetched before execution  (cost=0..0 rows=1)


table 6 : explain SELECT c FROM sbtest6 WHERE id=6087507
	-> Rows fetched before execution  (cost=0..0 rows=1)


table 7 : explain SELECT c FROM sbtest7 WHERE id=6326113
	-> Rows fetched before execution  (cost=0..0 rows=1)


table 8 : explain SELECT c FROM sbtest8 WHERE id=8698239
	-> Rows fetched before execution  (cost=0..0 rows=1)


for point_selects
table 1 : explain SELECT c FROM sbtest1 WHERE id=3503559
	-> Rows fetched before execution  (cost=0..0 rows=1)


table 2 : explain SELECT c FROM sbtest2 WHERE id=290876
	-> Rows fetched before execution  (cost=0..0 rows=1)


table 3 : explain SELECT c FROM sbtest3 WHERE id=8289794
	-> Rows fetched before execution  (cost=0..0 rows=1)


table 4 : explain SELECT c FROM sbtest4 WHERE id=8657090
	-> Rows fetched before execution  (cost=0..0 rows=1)


table 5 : explain SELECT c FROM sbtest5 WHERE id=2731071
	-> Rows fetched before execution  (cost=0..0 rows=1)


table 6 : explain SELECT c FROM sbtest6 WHERE id=2527385
	-> Rows fetched before execution  (cost=0..0 rows=1)


table 7 : explain SELECT c FROM sbtest7 WHERE id=9919443
	-> Rows fetched before execution  (cost=0..0 rows=1)


table 8 : explain SELECT c FROM sbtest8 WHERE id=8115522
	-> Rows fetched before execution  (cost=0..0 rows=1)


explain: for point_selects :: explain SELECT c FROM sbtest%u WHERE id=%u
for point_selects
table 1 : explain SELECT c FROM sbtest1 WHERE id=5640215
	-> Rows fetched before execution  (cost=0..0 rows=1)


table 2 : explain SELECT c FROM sbtest2 WHERE id=1881338
	-> Rows fetched before execution  (cost=0..0 rows=1)


table 3 : explain SELECT c FROM sbtest3 WHERE id=4061145
	-> Rows fetched before execution  (cost=0..0 rows=1)


table 4 : explain SELECT c FROM sbtest4 WHERE id=9025384
	-> Rows fetched before execution  (cost=0..0 rows=1)


table 5 : explain SELECT c FROM sbtest5 WHERE id=9488587
	-> Rows fetched before execution  (cost=0..0 rows=1)


table 6 : explain SELECT c FROM sbtest6 WHERE id=4131436
	-> Rows fetched before execution  (cost=0..0 rows=1)


table 7 : explain SELECT c FROM sbtest7 WHERE id=7919583
	-> Rows fetched before execution  (cost=0..0 rows=1)


table 8 : explain SELECT c FROM sbtest8 WHERE id=5401261
	-> Rows fetched before execution  (cost=0..0 rows=1)


explain: for point_selects :: explain SELECT c FROM sbtest%u WHERE id=%u
explain: for point_selects :: explain SELECT c FROM sbtest%u WHERE id=%u
explain: for point_selects :: explain SELECT c FROM sbtest%u WHERE id=%u
explain: for point_selects :: explain SELECT c FROM sbtest%u WHERE id=%u
for point_selects
table 1 : explain SELECT c FROM sbtest1 WHERE id=5026034
	-> Rows fetched before execution  (cost=0..0 rows=1)


table 2 : explain SELECT c FROM sbtest2 WHERE id=7109932
	-> Rows fetched before execution  (cost=0..0 rows=1)


table 3 : explain SELECT c FROM sbtest3 WHERE id=9088135
	-> Rows fetched before execution  (cost=0..0 rows=1)


table 4 : explain SELECT c FROM sbtest4 WHERE id=7932696
	-> Rows fetched before execution  (cost=0..0 rows=1)


table 5 : explain SELECT c FROM sbtest5 WHERE id=437785
	-> Rows fetched before execution  (cost=0..0 rows=1)


table 6 : explain SELECT c FROM sbtest6 WHERE id=4416952
	-> Rows fetched before execution  (cost=0..0 rows=1)


table 7 : explain SELECT c FROM sbtest7 WHERE id=2822219
	-> Rows fetched before execution  (cost=0..0 rows=1)


table 8 : explain SELECT c FROM sbtest8 WHERE id=922558
	-> Rows fetched before execution  (cost=0..0 rows=1)


explain: for point_selects :: explain SELECT c FROM sbtest%u WHERE id=%u
explain: for point_selects :: explain SELECT c FROM sbtest%u WHERE id=%u
for point_selects
table 1 : explain SELECT c FROM sbtest1 WHERE id=8468284
	-> Rows fetched before execution  (cost=0..0 rows=1)


table 2 : explain SELECT c FROM sbtest2 WHERE id=6500355
	-> Rows fetched before execution  (cost=0..0 rows=1)


table 3 : explain SELECT c FROM sbtest3 WHERE id=4646057
	-> Rows fetched before execution  (cost=0..0 rows=1)


table 4 : explain SELECT c FROM sbtest4 WHERE id=621847
	-> Rows fetched before execution  (cost=0..0 rows=1)


table 5 : explain SELECT c FROM sbtest5 WHERE id=4194638
	-> Rows fetched before execution  (cost=0..0 rows=1)


table 6 : explain SELECT c FROM sbtest6 WHERE id=856310
	-> Rows fetched before execution  (cost=0..0 rows=1)


table 7 : explain SELECT c FROM sbtest7 WHERE id=9311838
	-> Rows fetched before execution  (cost=0..0 rows=1)


table 8 : explain SELECT c FROM sbtest8 WHERE id=768015
	-> Rows fetched before execution  (cost=0..0 rows=1)


for point_selects
table 1 : explain SELECT c FROM sbtest1 WHERE id=5519877
	-> Rows fetched before execution  (cost=0..0 rows=1)


table 2 : explain SELECT c FROM sbtest2 WHERE id=721437
	-> Rows fetched before execution  (cost=0..0 rows=1)


table 3 : explain SELECT c FROM sbtest3 WHERE id=6522395
	-> Rows fetched before execution  (cost=0..0 rows=1)


table 4 : explain SELECT c FROM sbtest4 WHERE id=9671326
	-> Rows fetched before execution  (cost=0..0 rows=1)


table 5 : explain SELECT c FROM sbtest5 WHERE id=2357972
	-> Rows fetched before execution  (cost=0..0 rows=1)


table 6 : explain SELECT c FROM sbtest6 WHERE id=131949
	-> Rows fetched before execution  (cost=0..0 rows=1)


table 7 : explain SELECT c FROM sbtest7 WHERE id=8648086
	-> Rows fetched before execution  (cost=0..0 rows=1)


table 8 : explain SELECT c FROM sbtest8 WHERE id=278659
	-> Rows fetched before execution  (cost=0..0 rows=1)


for point_selects
table 1 : explain SELECT c FROM sbtest1 WHERE id=3923858
	-> Rows fetched before execution  (cost=0..0 rows=1)


table 2 : explain SELECT c FROM sbtest2 WHERE id=3057583
	-> Rows fetched before execution  (cost=0..0 rows=1)


table 3 : explain SELECT c FROM sbtest3 WHERE id=4878501
	-> Rows fetched before execution  (cost=0..0 rows=1)


table 4 : explain SELECT c FROM sbtest4 WHERE id=1598749
	-> Rows fetched before execution  (cost=0..0 rows=1)


table 5 : explain SELECT c FROM sbtest5 WHERE id=5867190
	-> Rows fetched before execution  (cost=0..0 rows=1)


table 6 : explain SELECT c FROM sbtest6 WHERE id=2179615
	-> Rows fetched before execution  (cost=0..0 rows=1)


table 7 : explain SELECT c FROM sbtest7 WHERE id=4895558
	-> Rows fetched before execution  (cost=0..0 rows=1)


table 8 : explain SELECT c FROM sbtest8 WHERE id=388442
	-> Rows fetched before execution  (cost=0..0 rows=1)


for point_selects
table 1 : explain SELECT c FROM sbtest1 WHERE id=7902607
	-> Rows fetched before execution  (cost=0..0 rows=1)


table 2 : explain SELECT c FROM sbtest2 WHERE id=2456507
	-> Rows fetched before execution  (cost=0..0 rows=1)


table 3 : explain SELECT c FROM sbtest3 WHERE id=8029498
	-> Rows fetched before execution  (cost=0..0 rows=1)


table 4 : explain SELECT c FROM sbtest4 WHERE id=1703460
	-> Rows fetched before execution  (cost=0..0 rows=1)


table 5 : explain SELECT c FROM sbtest5 WHERE id=1892664
	-> Rows fetched before execution  (cost=0..0 rows=1)


table 6 : explain SELECT c FROM sbtest6 WHERE id=7133195
	-> Rows fetched before execution  (cost=0..0 rows=1)


table 7 : explain SELECT c FROM sbtest7 WHERE id=4921300
	-> Rows fetched before execution  (cost=0..0 rows=1)


table 8 : explain SELECT c FROM sbtest8 WHERE id=8954711
	-> Rows fetched before execution  (cost=0..0 rows=1)


explain: for point_selects :: explain SELECT c FROM sbtest%u WHERE id=%u
for point_selects
table 1 : explain SELECT c FROM sbtest1 WHERE id=6443063
	-> Rows fetched before execution  (cost=0..0 rows=1)


table 2 : explain SELECT c FROM sbtest2 WHERE id=9614520
	-> Rows fetched before execution  (cost=0..0 rows=1)


table 3 : explain SELECT c FROM sbtest3 WHERE id=2379479
	-> Rows fetched before execution  (cost=0..0 rows=1)


table 4 : explain SELECT c FROM sbtest4 WHERE id=6601902
	-> Rows fetched before execution  (cost=0..0 rows=1)


table 5 : explain SELECT c FROM sbtest5 WHERE id=1182398
	-> Rows fetched before execution  (cost=0..0 rows=1)


table 6 : explain SELECT c FROM sbtest6 WHERE id=9945265
	-> Rows fetched before execution  (cost=0..0 rows=1)


table 7 : explain SELECT c FROM sbtest7 WHERE id=3884672
	-> Rows fetched before execution  (cost=0..0 rows=1)


table 8 : explain SELECT c FROM sbtest8 WHERE id=7882767
	-> Rows fetched before execution  (cost=0..0 rows=1)


for point_selects
table 1 : explain SELECT c FROM sbtest1 WHERE id=3351435
	-> Rows fetched before execution  (cost=0..0 rows=1)


table 2 : explain SELECT c FROM sbtest2 WHERE id=2834334
	-> Rows fetched before execution  (cost=0..0 rows=1)


table 3 : explain SELECT c FROM sbtest3 WHERE id=8175870
	-> Rows fetched before execution  (cost=0..0 rows=1)


table 4 : explain SELECT c FROM sbtest4 WHERE id=5951009
	-> Rows fetched before execution  (cost=0..0 rows=1)


table 5 : explain SELECT c FROM sbtest5 WHERE id=3151884
	-> Rows fetched before execution  (cost=0..0 rows=1)


table 6 : explain SELECT c FROM sbtest6 WHERE id=4147321
	-> Rows fetched before execution  (cost=0..0 rows=1)


table 7 : explain SELECT c FROM sbtest7 WHERE id=7873061
	-> Rows fetched before execution  (cost=0..0 rows=1)


table 8 : explain SELECT c FROM sbtest8 WHERE id=6250475
	-> Rows fetched before execution  (cost=0..0 rows=1)


for point_selects
table 1 : explain SELECT c FROM sbtest1 WHERE id=2844003
	-> Rows fetched before execution  (cost=0..0 rows=1)


table 2 : explain SELECT c FROM sbtest2 WHERE id=9238535
	-> Rows fetched before execution  (cost=0..0 rows=1)


table 3 : explain SELECT c FROM sbtest3 WHERE id=4607482
	-> Rows fetched before execution  (cost=0..0 rows=1)


table 4 : explain SELECT c FROM sbtest4 WHERE id=2708077
	-> Rows fetched before execution  (cost=0..0 rows=1)


table 5 : explain SELECT c FROM sbtest5 WHERE id=903845
	-> Rows fetched before execution  (cost=0..0 rows=1)


table 6 : explain SELECT c FROM sbtest6 WHERE id=2513749
	-> Rows fetched before execution  (cost=0..0 rows=1)


table 7 : explain SELECT c FROM sbtest7 WHERE id=9924789
	-> Rows fetched before execution  (cost=0..0 rows=1)


table 8 : explain SELECT c FROM sbtest8 WHERE id=9868166
	-> Rows fetched before execution  (cost=0..0 rows=1)


for point_selects
table 1 : explain SELECT c FROM sbtest1 WHERE id=8547308
	-> Rows fetched before execution  (cost=0..0 rows=1)


table 2 : explain SELECT c FROM sbtest2 WHERE id=4738692
	-> Rows fetched before execution  (cost=0..0 rows=1)


table 3 : explain SELECT c FROM sbtest3 WHERE id=7370209
	-> Rows fetched before execution  (cost=0..0 rows=1)


table 4 : explain SELECT c FROM sbtest4 WHERE id=2665941
	-> Rows fetched before execution  (cost=0..0 rows=1)


table 5 : explain SELECT c FROM sbtest5 WHERE id=1515058
	-> Rows fetched before execution  (cost=0..0 rows=1)


table 6 : explain SELECT c FROM sbtest6 WHERE id=3124025
	-> Rows fetched before execution  (cost=0..0 rows=1)


table 7 : explain SELECT c FROM sbtest7 WHERE id=7656341
	-> Rows fetched before execution  (cost=0..0 rows=1)


table 8 : explain SELECT c FROM sbtest8 WHERE id=8492495
	-> Rows fetched before execution  (cost=0..0 rows=1)


explain: for point_selects :: explain SELECT c FROM sbtest%u WHERE id=%u
for point_selects
table 1 : explain SELECT c FROM sbtest1 WHERE id=1958836
	-> Rows fetched before execution  (cost=0..0 rows=1)


table 2 : explain SELECT c FROM sbtest2 WHERE id=1960527
	-> Rows fetched before execution  (cost=0..0 rows=1)


table 3 : explain SELECT c FROM sbtest3 WHERE id=1791391
	-> Rows fetched before execution  (cost=0..0 rows=1)


table 4 : explain SELECT c FROM sbtest4 WHERE id=6903944
	-> Rows fetched before execution  (cost=0..0 rows=1)


table 5 : explain SELECT c FROM sbtest5 WHERE id=7466044
	-> Rows fetched before execution  (cost=0..0 rows=1)


table 6 : explain SELECT c FROM sbtest6 WHERE id=7510847
	-> Rows fetched before execution  (cost=0..0 rows=1)


table 7 : explain SELECT c FROM sbtest7 WHERE id=7869710
	-> Rows fetched before execution  (cost=0..0 rows=1)


table 8 : explain SELECT c FROM sbtest8 WHERE id=3524082
	-> Rows fetched before execution  (cost=0..0 rows=1)


explain: for point_selects :: explain SELECT c FROM sbtest%u WHERE id=%u
for point_selects
table 1 : explain SELECT c FROM sbtest1 WHERE id=2577100
	-> Rows fetched before execution  (cost=0..0 rows=1)


table 2 : explain SELECT c FROM sbtest2 WHERE id=8082556
	-> Rows fetched before execution  (cost=0..0 rows=1)


table 3 : explain SELECT c FROM sbtest3 WHERE id=7780522
	-> Rows fetched before execution  (cost=0..0 rows=1)


table 4 : explain SELECT c FROM sbtest4 WHERE id=936788
	-> Rows fetched before execution  (cost=0..0 rows=1)


table 5 : explain SELECT c FROM sbtest5 WHERE id=8025231
	-> Rows fetched before execution  (cost=0..0 rows=1)


table 6 : explain SELECT c FROM sbtest6 WHERE id=7014060
	-> Rows fetched before execution  (cost=0..0 rows=1)


table 7 : explain SELECT c FROM sbtest7 WHERE id=4673158
	-> Rows fetched before execution  (cost=0..0 rows=1)


table 8 : explain SELECT c FROM sbtest8 WHERE id=1255294
	-> Rows fetched before execution  (cost=0..0 rows=1)


for point_selects
table 1 : explain SELECT c FROM sbtest1 WHERE id=6130652
	-> Rows fetched before execution  (cost=0..0 rows=1)


table 2 : explain SELECT c FROM sbtest2 WHERE id=2983805
	-> Rows fetched before execution  (cost=0..0 rows=1)


table 3 : explain SELECT c FROM sbtest3 WHERE id=5409004
	-> Rows fetched before execution  (cost=0..0 rows=1)


table 4 : explain SELECT c FROM sbtest4 WHERE id=9783607
	-> Rows fetched before execution  (cost=0..0 rows=1)


table 5 : explain SELECT c FROM sbtest5 WHERE id=2821952
	-> Rows fetched before execution  (cost=0..0 rows=1)


table 6 : explain SELECT c FROM sbtest6 WHERE id=3409338
	-> Rows fetched before execution  (cost=0..0 rows=1)


table 7 : explain SELECT c FROM sbtest7 WHERE id=5720994
	-> Rows fetched before execution  (cost=0..0 rows=1)


table 8 : explain SELECT c FROM sbtest8 WHERE id=7269337
	-> Rows fetched before execution  (cost=0..0 rows=1)


for point_selects
table 1 : explain SELECT c FROM sbtest1 WHERE id=2993124
	-> Rows fetched before execution  (cost=0..0 rows=1)


table 2 : explain SELECT c FROM sbtest2 WHERE id=4442395
	-> Rows fetched before execution  (cost=0..0 rows=1)


table 3 : explain SELECT c FROM sbtest3 WHERE id=2784928
	-> Rows fetched before execution  (cost=0..0 rows=1)


table 4 : explain SELECT c FROM sbtest4 WHERE id=5764747
	-> Rows fetched before execution  (cost=0..0 rows=1)


table 5 : explain SELECT c FROM sbtest5 WHERE id=5036903
	-> Rows fetched before execution  (cost=0..0 rows=1)


table 6 : explain SELECT c FROM sbtest6 WHERE id=7892365
	-> Rows fetched before execution  (cost=0..0 rows=1)


table 7 : explain SELECT c FROM sbtest7 WHERE id=8203948
	-> Rows fetched before execution  (cost=0..0 rows=1)


table 8 : explain SELECT c FROM sbtest8 WHERE id=3910599
	-> Rows fetched before execution  (cost=0..0 rows=1)


for point_selects
table 1 : explain SELECT c FROM sbtest1 WHERE id=1261455
	-> Rows fetched before execution  (cost=0..0 rows=1)


table 2 : explain SELECT c FROM sbtest2 WHERE id=3083470
	-> Rows fetched before execution  (cost=0..0 rows=1)


table 3 : explain SELECT c FROM sbtest3 WHERE id=9458045
	-> Rows fetched before execution  (cost=0..0 rows=1)


table 4 : explain SELECT c FROM sbtest4 WHERE id=9888681
	-> Rows fetched before execution  (cost=0..0 rows=1)


table 5 : explain SELECT c FROM sbtest5 WHERE id=3253128
	-> Rows fetched before execution  (cost=0..0 rows=1)


table 6 : explain SELECT c FROM sbtest6 WHERE id=6837798
	-> Rows fetched before execution  (cost=0..0 rows=1)


table 7 : explain SELECT c FROM sbtest7 WHERE id=1620180
	-> Rows fetched before execution  (cost=0..0 rows=1)


table 8 : explain SELECT c FROM sbtest8 WHERE id=7903726
	-> Rows fetched before execution  (cost=0..0 rows=1)


for point_selects
table 1 : explain SELECT c FROM sbtest1 WHERE id=4971375
	-> Rows fetched before execution  (cost=0..0 rows=1)


table 2 : explain SELECT c FROM sbtest2 WHERE id=7152245
	-> Rows fetched before execution  (cost=0..0 rows=1)


table 3 : explain SELECT c FROM sbtest3 WHERE id=177803
	-> Rows fetched before execution  (cost=0..0 rows=1)


table 4 : explain SELECT c FROM sbtest4 WHERE id=1123562
	-> Rows fetched before execution  (cost=0..0 rows=1)


table 5 : explain SELECT c FROM sbtest5 WHERE id=9499081
	-> Rows fetched before execution  (cost=0..0 rows=1)


table 6 : explain SELECT c FROM sbtest6 WHERE id=9175334
	-> Rows fetched before execution  (cost=0..0 rows=1)


table 7 : explain SELECT c FROM sbtest7 WHERE id=5021682
	-> Rows fetched before execution  (cost=0..0 rows=1)


table 8 : explain SELECT c FROM sbtest8 WHERE id=8407306
	-> Rows fetched before execution  (cost=0..0 rows=1)


explain: for point_selects :: explain SELECT c FROM sbtest%u WHERE id=%u
explain: for point_selects :: explain SELECT c FROM sbtest%u WHERE id=%u
for point_selects
table 1 : explain SELECT c FROM sbtest1 WHERE id=6463760
	-> Rows fetched before execution  (cost=0..0 rows=1)


table 2 : explain SELECT c FROM sbtest2 WHERE id=3616988
	-> Rows fetched before execution  (cost=0..0 rows=1)


table 3 : explain SELECT c FROM sbtest3 WHERE id=5132634
	-> Rows fetched before execution  (cost=0..0 rows=1)


table 4 : explain SELECT c FROM sbtest4 WHERE id=3717526
	-> Rows fetched before execution  (cost=0..0 rows=1)


table 5 : explain SELECT c FROM sbtest5 WHERE id=7601897
	-> Rows fetched before execution  (cost=0..0 rows=1)


table 6 : explain SELECT c FROM sbtest6 WHERE id=5223918
	-> Rows fetched before execution  (cost=0..0 rows=1)


table 7 : explain SELECT c FROM sbtest7 WHERE id=7702206
	-> Rows fetched before execution  (cost=0..0 rows=1)


table 8 : explain SELECT c FROM sbtest8 WHERE id=8630383
	-> Rows fetched before execution  (cost=0..0 rows=1)


for point_selects
table 1 : explain SELECT c FROM sbtest1 WHERE id=5020552
	-> Rows fetched before execution  (cost=0..0 rows=1)


table 2 : explain SELECT c FROM sbtest2 WHERE id=2397583
	-> Rows fetched before execution  (cost=0..0 rows=1)


table 3 : explain SELECT c FROM sbtest3 WHERE id=5561325
	-> Rows fetched before execution  (cost=0..0 rows=1)


table 4 : explain SELECT c FROM sbtest4 WHERE id=5110911
	-> Rows fetched before execution  (cost=0..0 rows=1)


table 5 : explain SELECT c FROM sbtest5 WHERE id=2709775
	-> Rows fetched before execution  (cost=0..0 rows=1)


table 6 : explain SELECT c FROM sbtest6 WHERE id=9674024
	-> Rows fetched before execution  (cost=0..0 rows=1)


table 7 : explain SELECT c FROM sbtest7 WHERE id=9911116
	-> Rows fetched before execution  (cost=0..0 rows=1)


table 8 : explain SELECT c FROM sbtest8 WHERE id=449887
	-> Rows fetched before execution  (cost=0..0 rows=1)


for point_selects
table 1 : explain SELECT c FROM sbtest1 WHERE id=2322808
	-> Rows fetched before execution  (cost=0..0 rows=1)


table 2 : explain SELECT c FROM sbtest2 WHERE id=3176109
	-> Rows fetched before execution  (cost=0..0 rows=1)


table 3 : explain SELECT c FROM sbtest3 WHERE id=9134959
	-> Rows fetched before execution  (cost=0..0 rows=1)


table 4 : explain SELECT c FROM sbtest4 WHERE id=1619715
	-> Rows fetched before execution  (cost=0..0 rows=1)


table 5 : explain SELECT c FROM sbtest5 WHERE id=4112412
	-> Rows fetched before execution  (cost=0..0 rows=1)


table 6 : explain SELECT c FROM sbtest6 WHERE id=6108301
	-> Rows fetched before execution  (cost=0..0 rows=1)


table 7 : explain SELECT c FROM sbtest7 WHERE id=794606
	-> Rows fetched before execution  (cost=0..0 rows=1)


table 8 : explain SELECT c FROM sbtest8 WHERE id=751548
	-> Rows fetched before execution  (cost=0..0 rows=1)


for point_selects
table 1 : explain SELECT c FROM sbtest1 WHERE id=5087238
	-> Rows fetched before execution  (cost=0..0 rows=1)


table 2 : explain SELECT c FROM sbtest2 WHERE id=1717032
	-> Rows fetched before execution  (cost=0..0 rows=1)


table 3 : explain SELECT c FROM sbtest3 WHERE id=8136851
	-> Rows fetched before execution  (cost=0..0 rows=1)


table 4 : explain SELECT c FROM sbtest4 WHERE id=2156864
	-> Rows fetched before execution  (cost=0..0 rows=1)


table 5 : explain SELECT c FROM sbtest5 WHERE id=3515879
	-> Rows fetched before execution  (cost=0..0 rows=1)


table 6 : explain SELECT c FROM sbtest6 WHERE id=7609743
	-> Rows fetched before execution  (cost=0..0 rows=1)


table 7 : explain SELECT c FROM sbtest7 WHERE id=9059608
	-> Rows fetched before execution  (cost=0..0 rows=1)


table 8 : explain SELECT c FROM sbtest8 WHERE id=9206709
	-> Rows fetched before execution  (cost=0..0 rows=1)


for point_selects
table 1 : explain SELECT c FROM sbtest1 WHERE id=1809775
	-> Rows fetched before execution  (cost=0..0 rows=1)


table 2 : explain SELECT c FROM sbtest2 WHERE id=7892830
	-> Rows fetched before execution  (cost=0..0 rows=1)


table 3 : explain SELECT c FROM sbtest3 WHERE id=3073526
	-> Rows fetched before execution  (cost=0..0 rows=1)


table 4 : explain SELECT c FROM sbtest4 WHERE id=4714255
	-> Rows fetched before execution  (cost=0..0 rows=1)


table 5 : explain SELECT c FROM sbtest5 WHERE id=4588795
	-> Rows fetched before execution  (cost=0..0 rows=1)


table 6 : explain SELECT c FROM sbtest6 WHERE id=9603203
	-> Rows fetched before execution  (cost=0..0 rows=1)


table 7 : explain SELECT c FROM sbtest7 WHERE id=948615
	-> Rows fetched before execution  (cost=0..0 rows=1)


table 8 : explain SELECT c FROM sbtest8 WHERE id=7304907
	-> Rows fetched before execution  (cost=0..0 rows=1)


for: simple_ranges
table 1 : explain SELECT c FROM sbtest1 WHERE id BETWEEN 5010203 AND 5010212
	-> Filter: (sbtest1.id between 5010203 and 5010212)  (cost=2.28 rows=10)
    -> Index range scan on sbtest1 using PRIMARY over (5010203 <= id <= 5010212)  (cost=2.28 rows=10)


table 2 : explain SELECT c FROM sbtest2 WHERE id BETWEEN 3458564 AND 3458573
	-> Filter: (sbtest2.id between 3458564 and 3458573)  (cost=2.28 rows=10)
    -> Index range scan on sbtest2 using PRIMARY over (3458564 <= id <= 3458573)  (cost=2.28 rows=10)


table 3 : explain SELECT c FROM sbtest3 WHERE id BETWEEN 5944797 AND 5944806
	-> Filter: (sbtest3.id between 5944797 and 5944806)  (cost=2.28 rows=10)
    -> Index range scan on sbtest3 using PRIMARY over (5944797 <= id <= 5944806)  (cost=2.28 rows=10)


table 4 : explain SELECT c FROM sbtest4 WHERE id BETWEEN 1161602 AND 1161611
	-> Filter: (sbtest4.id between 1161602 and 1161611)  (cost=2.28 rows=10)
    -> Index range scan on sbtest4 using PRIMARY over (1161602 <= id <= 1161611)  (cost=2.28 rows=10)


table 5 : explain SELECT c FROM sbtest5 WHERE id BETWEEN 919595 AND 919604
	-> Filter: (sbtest5.id between 919595 and 919604)  (cost=2.28 rows=10)
    -> Index range scan on sbtest5 using PRIMARY over (919595 <= id <= 919604)  (cost=2.28 rows=10)


table 6 : explain SELECT c FROM sbtest6 WHERE id BETWEEN 4154056 AND 4154065
	-> Filter: (sbtest6.id between 4154056 and 4154065)  (cost=2.28 rows=10)
    -> Index range scan on sbtest6 using PRIMARY over (4154056 <= id <= 4154065)  (cost=2.28 rows=10)


table 7 : explain SELECT c FROM sbtest7 WHERE id BETWEEN 4850452 AND 4850461
	-> Filter: (sbtest7.id between 4850452 and 4850461)  (cost=2.28 rows=10)
    -> Index range scan on sbtest7 using PRIMARY over (4850452 <= id <= 4850461)  (cost=2.28 rows=10)


table 8 : explain SELECT c FROM sbtest8 WHERE id BETWEEN 78671 AND 78680
	-> Filter: (sbtest8.id between 78671 and 78680)  (cost=2.28 rows=10)
    -> Index range scan on sbtest8 using PRIMARY over (78671 <= id <= 78680)  (cost=2.28 rows=10)


for point_selects
table 1 : explain SELECT c FROM sbtest1 WHERE id=5207632
	-> Rows fetched before execution  (cost=0..0 rows=1)


table 2 : explain SELECT c FROM sbtest2 WHERE id=3263301
	-> Rows fetched before execution  (cost=0..0 rows=1)


table 3 : explain SELECT c FROM sbtest3 WHERE id=1219714
	-> Rows fetched before execution  (cost=0..0 rows=1)


table 4 : explain SELECT c FROM sbtest4 WHERE id=7208958
	-> Rows fetched before execution  (cost=0..0 rows=1)


table 5 : explain SELECT c FROM sbtest5 WHERE id=9936961
	-> Rows fetched before execution  (cost=0..0 rows=1)


table 6 : explain SELECT c FROM sbtest6 WHERE id=9408180
	-> Rows fetched before execution  (cost=0..0 rows=1)


table 7 : explain SELECT c FROM sbtest7 WHERE id=3506362
	-> Rows fetched before execution  (cost=0..0 rows=1)


table 8 : explain SELECT c FROM sbtest8 WHERE id=1210192
	-> Rows fetched before execution  (cost=0..0 rows=1)


for point_selects
table 1 : explain SELECT c FROM sbtest1 WHERE id=4106754
	-> Rows fetched before execution  (cost=0..0 rows=1)


table 2 : explain SELECT c FROM sbtest2 WHERE id=6981539
	-> Rows fetched before execution  (cost=0..0 rows=1)


table 3 : explain SELECT c FROM sbtest3 WHERE id=4454034
	-> Rows fetched before execution  (cost=0..0 rows=1)


table 4 : explain SELECT c FROM sbtest4 WHERE id=7280563
	-> Rows fetched before execution  (cost=0..0 rows=1)


table 5 : explain SELECT c FROM sbtest5 WHERE id=6174218
	-> Rows fetched before execution  (cost=0..0 rows=1)


table 6 : explain SELECT c FROM sbtest6 WHERE id=2529304
	-> Rows fetched before execution  (cost=0..0 rows=1)


table 7 : explain SELECT c FROM sbtest7 WHERE id=7172052
	-> Rows fetched before execution  (cost=0..0 rows=1)


table 8 : explain SELECT c FROM sbtest8 WHERE id=4107166
	-> Rows fetched before execution  (cost=0..0 rows=1)


for point_selects
table 1 : explain SELECT c FROM sbtest1 WHERE id=3407627
	-> Rows fetched before execution  (cost=0..0 rows=1)


table 2 : explain SELECT c FROM sbtest2 WHERE id=8924894
	-> Rows fetched before execution  (cost=0..0 rows=1)


table 3 : explain SELECT c FROM sbtest3 WHERE id=7198129
	-> Rows fetched before execution  (cost=0..0 rows=1)


table 4 : explain SELECT c FROM sbtest4 WHERE id=1214357
	-> Rows fetched before execution  (cost=0..0 rows=1)


table 5 : explain SELECT c FROM sbtest5 WHERE id=6185039
	-> Rows fetched before execution  (cost=0..0 rows=1)


table 6 : explain SELECT c FROM sbtest6 WHERE id=9293220
	-> Rows fetched before execution  (cost=0..0 rows=1)


table 7 : explain SELECT c FROM sbtest7 WHERE id=4460076
	-> Rows fetched before execution  (cost=0..0 rows=1)


table 8 : explain SELECT c FROM sbtest8 WHERE id=3267441
	-> Rows fetched before execution  (cost=0..0 rows=1)

for point_selects
table 1 : explain SELECT c FROM sbtest1 WHERE id=5907661
	-> Rows fetched before execution  (cost=0..0 rows=1)


table 2 : explain SELECT c FROM sbtest2 WHERE id=6607326
	-> Rows fetched before execution  (cost=0..0 rows=1)


table 3 : explain SELECT c FROM sbtest3 WHERE id=1821442
	-> Rows fetched before execution  (cost=0..0 rows=1)


table 4 : explain SELECT c FROM sbtest4 WHERE id=4498909
	-> Rows fetched before execution  (cost=0..0 rows=1)


table 5 : explain SELECT c FROM sbtest5 WHERE id=7072156
	-> Rows fetched before execution  (cost=0..0 rows=1)


table 6 : explain SELECT c FROM sbtest6 WHERE id=7842490
	-> Rows fetched before execution  (cost=0..0 rows=1)


table 7 : explain SELECT c FROM sbtest7 WHERE id=7214321
	-> Rows fetched before execution  (cost=0..0 rows=1)


table 8 : explain SELECT c FROM sbtest8 WHERE id=5494026
	-> Rows fetched before execution  (cost=0..0 rows=1)

for point_selects
table 1 : explain SELECT c FROM sbtest1 WHERE id=3584014
	-> Rows fetched before execution  (cost=0..0 rows=1)


table 2 : explain SELECT c FROM sbtest2 WHERE id=7322826
	-> Rows fetched before execution  (cost=0..0 rows=1)


table 3 : explain SELECT c FROM sbtest3 WHERE id=1941371
	-> Rows fetched before execution  (cost=0..0 rows=1)


table 4 : explain SELECT c FROM sbtest4 WHERE id=2175668
	-> Rows fetched before execution  (cost=0..0 rows=1)


table 5 : explain SELECT c FROM sbtest5 WHERE id=2694645
	-> Rows fetched before execution  (cost=0..0 rows=1)


table 6 : explain SELECT c FROM sbtest6 WHERE id=8720563
	-> Rows fetched before execution  (cost=0..0 rows=1)


table 7 : explain SELECT c FROM sbtest7 WHERE id=7550808
	-> Rows fetched before execution  (cost=0..0 rows=1)


table 8 : explain SELECT c FROM sbtest8 WHERE id=5482808
	-> Rows fetched before execution  (cost=0..0 rows=1)


for: simple_ranges
table 1 : explain SELECT c FROM sbtest1 WHERE id BETWEEN 3118217 AND 3118226
	-> Filter: (sbtest1.id between 3118217 and 3118226)  (cost=2.28 rows=10)
    -> Index range scan on sbtest1 using PRIMARY over (3118217 <= id <= 3118226)  (cost=2.28 rows=10)


table 2 : explain SELECT c FROM sbtest2 WHERE id BETWEEN 9133610 AND 9133619
	-> Filter: (sbtest2.id between 9133610 and 9133619)  (cost=2.28 rows=10)
    -> Index range scan on sbtest2 using PRIMARY over (9133610 <= id <= 9133619)  (cost=2.28 rows=10)


table 3 : explain SELECT c FROM sbtest3 WHERE id BETWEEN 3290958 AND 3290967
	-> Filter: (sbtest3.id between 3290958 and 3290967)  (cost=2.28 rows=10)
    -> Index range scan on sbtest3 using PRIMARY over (3290958 <= id <= 3290967)  (cost=2.28 rows=10)


table 4 : explain SELECT c FROM sbtest4 WHERE id BETWEEN 1823719 AND 1823728
	-> Filter: (sbtest4.id between 1823719 and 1823728)  (cost=2.28 rows=10)
    -> Index range scan on sbtest4 using PRIMARY over (1823719 <= id <= 1823728)  (cost=2.28 rows=10)


table 5 : explain SELECT c FROM sbtest5 WHERE id BETWEEN 1800290 AND 1800299
	-> Filter: (sbtest5.id between 1800290 and 1800299)  (cost=2.28 rows=10)
    -> Index range scan on sbtest5 using PRIMARY over (1800290 <= id <= 1800299)  (cost=2.28 rows=10)


table 6 : explain SELECT c FROM sbtest6 WHERE id BETWEEN 213491 AND 213500
	-> Filter: (sbtest6.id between 213491 and 213500)  (cost=2.28 rows=10)
    -> Index range scan on sbtest6 using PRIMARY over (213491 <= id <= 213500)  (cost=2.28 rows=10)


table 7 : explain SELECT c FROM sbtest7 WHERE id BETWEEN 276 AND 285
	-> Filter: (sbtest7.id between 276 and 285)  (cost=2.28 rows=10)
    -> Index range scan on sbtest7 using PRIMARY over (276 <= id <= 285)  (cost=2.28 rows=10)


table 8 : explain SELECT c FROM sbtest8 WHERE id BETWEEN 6911377 AND 6911386
	-> Filter: (sbtest8.id between 6911377 and 6911386)  (cost=2.28 rows=10)
    -> Index range scan on sbtest8 using PRIMARY over (6911377 <= id <= 6911386)  (cost=2.28 rows=10)


for point_selects
table 1 : explain SELECT c FROM sbtest1 WHERE id=8814266
	-> Rows fetched before execution  (cost=0..0 rows=1)


table 2 : explain SELECT c FROM sbtest2 WHERE id=307094
	-> Rows fetched before execution  (cost=0..0 rows=1)


table 3 : explain SELECT c FROM sbtest3 WHERE id=6331437
	-> Rows fetched before execution  (cost=0..0 rows=1)


table 4 : explain SELECT c FROM sbtest4 WHERE id=1489906
	-> Rows fetched before execution  (cost=0..0 rows=1)


table 5 : explain SELECT c FROM sbtest5 WHERE id=2773976
	-> Rows fetched before execution  (cost=0..0 rows=1)


table 6 : explain SELECT c FROM sbtest6 WHERE id=6359969
	-> Rows fetched before execution  (cost=0..0 rows=1)


table 7 : explain SELECT c FROM sbtest7 WHERE id=5683781
	-> Rows fetched before execution  (cost=0..0 rows=1)


table 8 : explain SELECT c FROM sbtest8 WHERE id=5513321
	-> Rows fetched before execution  (cost=0..0 rows=1)



for point_selects
table 1 : explain SELECT c FROM sbtest1 WHERE id=3996394
	-> Rows fetched before execution  (cost=0..0 rows=1)


table 2 : explain SELECT c FROM sbtest2 WHERE id=1765214
	-> Rows fetched before execution  (cost=0..0 rows=1)


table 3 : explain SELECT c FROM sbtest3 WHERE id=4081606
	-> Rows fetched before execution  (cost=0..0 rows=1)


table 4 : explain SELECT c FROM sbtest4 WHERE id=3997425
	-> Rows fetched before execution  (cost=0..0 rows=1)


table 5 : explain SELECT c FROM sbtest5 WHERE id=2879717
	-> Rows fetched before execution  (cost=0..0 rows=1)


table 6 : explain SELECT c FROM sbtest6 WHERE id=9916300
	-> Rows fetched before execution  (cost=0..0 rows=1)


table 7 : explain SELECT c FROM sbtest7 WHERE id=2499142
	-> Rows fetched before execution  (cost=0..0 rows=1)


table 8 : explain SELECT c FROM sbtest8 WHERE id=565566
	-> Rows fetched before execution  (cost=0..0 rows=1)



for point_selects
table 1 : explain SELECT c FROM sbtest1 WHERE id=2263946
	-> Rows fetched before execution  (cost=0..0 rows=1)


table 2 : explain SELECT c FROM sbtest2 WHERE id=4881859
	-> Rows fetched before execution  (cost=0..0 rows=1)


table 3 : explain SELECT c FROM sbtest3 WHERE id=3270741
	-> Rows fetched before execution  (cost=0..0 rows=1)


table 4 : explain SELECT c FROM sbtest4 WHERE id=2217512
	-> Rows fetched before execution  (cost=0..0 rows=1)


table 5 : explain SELECT c FROM sbtest5 WHERE id=457061
	-> Rows fetched before execution  (cost=0..0 rows=1)


table 6 : explain SELECT c FROM sbtest6 WHERE id=1745780
	-> Rows fetched before execution  (cost=0..0 rows=1)


table 7 : explain SELECT c FROM sbtest7 WHERE id=5895785
	-> Rows fetched before execution  (cost=0..0 rows=1)


table 8 : explain SELECT c FROM sbtest8 WHERE id=5243148
	-> Rows fetched before execution  (cost=0..0 rows=1)


for point_selects
table 1 : explain SELECT c FROM sbtest1 WHERE id=4186656
	-> Rows fetched before execution  (cost=0..0 rows=1)


table 2 : explain SELECT c FROM sbtest2 WHERE id=1956925
	-> Rows fetched before execution  (cost=0..0 rows=1)


table 3 : explain SELECT c FROM sbtest3 WHERE id=7615209
	-> Rows fetched before execution  (cost=0..0 rows=1)


table 4 : explain SELECT c FROM sbtest4 WHERE id=3413349
	-> Rows fetched before execution  (cost=0..0 rows=1)


table 5 : explain SELECT c FROM sbtest5 WHERE id=8510181
	-> Rows fetched before execution  (cost=0..0 rows=1)


table 6 : explain SELECT c FROM sbtest6 WHERE id=5714326
	-> Rows fetched before execution  (cost=0..0 rows=1)


table 7 : explain SELECT c FROM sbtest7 WHERE id=2051564
	-> Rows fetched before execution  (cost=0..0 rows=1)


table 8 : explain SELECT c FROM sbtest8 WHERE id=2863983
	-> Rows fetched before execution  (cost=0..0 rows=1)


for point_selects
table 1 : explain SELECT c FROM sbtest1 WHERE id=4835441
	-> Rows fetched before execution  (cost=0..0 rows=1)


table 2 : explain SELECT c FROM sbtest2 WHERE id=9498654
	-> Rows fetched before execution  (cost=0..0 rows=1)


table 3 : explain SELECT c FROM sbtest3 WHERE id=652919
	-> Rows fetched before execution  (cost=0..0 rows=1)


table 4 : explain SELECT c FROM sbtest4 WHERE id=949568
	-> Rows fetched before execution  (cost=0..0 rows=1)


table 5 : explain SELECT c FROM sbtest5 WHERE id=6846427
	-> Rows fetched before execution  (cost=0..0 rows=1)


table 6 : explain SELECT c FROM sbtest6 WHERE id=8228402
	-> Rows fetched before execution  (cost=0..0 rows=1)


table 7 : explain SELECT c FROM sbtest7 WHERE id=3628129
	-> Rows fetched before execution  (cost=0..0 rows=1)


table 8 : explain SELECT c FROM sbtest8 WHERE id=1947016
	-> Rows fetched before execution  (cost=0..0 rows=1)

for: simple_ranges
table 1 : explain SELECT c FROM sbtest1 WHERE id BETWEEN 2078506 AND 2078515
	-> Filter: (sbtest1.id between 2078506 and 2078515)  (cost=2.28 rows=10)
    -> Index range scan on sbtest1 using PRIMARY over (2078506 <= id <= 2078515)  (cost=2.28 rows=10)


table 2 : explain SELECT c FROM sbtest2 WHERE id BETWEEN 2820743 AND 2820752
	-> Filter: (sbtest2.id between 2820743 and 2820752)  (cost=2.28 rows=10)
    -> Index range scan on sbtest2 using PRIMARY over (2820743 <= id <= 2820752)  (cost=2.28 rows=10)


table 3 : explain SELECT c FROM sbtest3 WHERE id BETWEEN 7346694 AND 7346703
	-> Filter: (sbtest3.id between 7346694 and 7346703)  (cost=2.28 rows=10)
    -> Index range scan on sbtest3 using PRIMARY over (7346694 <= id <= 7346703)  (cost=2.28 rows=10)


table 4 : explain SELECT c FROM sbtest4 WHERE id BETWEEN 929945 AND 929954
	-> Filter: (sbtest4.id between 929945 and 929954)  (cost=2.28 rows=10)
    -> Index range scan on sbtest4 using PRIMARY over (929945 <= id <= 929954)  (cost=2.28 rows=10)


table 5 : explain SELECT c FROM sbtest5 WHERE id BETWEEN 8621123 AND 8621132
	-> Filter: (sbtest5.id between 8621123 and 8621132)  (cost=2.28 rows=10)
    -> Index range scan on sbtest5 using PRIMARY over (8621123 <= id <= 8621132)  (cost=2.28 rows=10)


table 6 : explain SELECT c FROM sbtest6 WHERE id BETWEEN 2389991 AND 2390000
	-> Filter: (sbtest6.id between 2389991 and 2390000)  (cost=2.28 rows=10)
    -> Index range scan on sbtest6 using PRIMARY over (2389991 <= id <= 2390000)  (cost=2.28 rows=10)


table 7 : explain SELECT c FROM sbtest7 WHERE id BETWEEN 2357187 AND 2357196
	-> Filter: (sbtest7.id between 2357187 and 2357196)  (cost=2.28 rows=10)
    -> Index range scan on sbtest7 using PRIMARY over (2357187 <= id <= 2357196)  (cost=2.28 rows=10)


table 8 : explain SELECT c FROM sbtest8 WHERE id BETWEEN 350016 AND 350025
	-> Filter: (sbtest8.id between 350016 and 350025)  (cost=2.28 rows=10)
    -> Index range scan on sbtest8 using PRIMARY over (350016 <= id <= 350025)  (cost=2.28 rows=10)


for: simple_ranges
table 1 : explain SELECT c FROM sbtest1 WHERE id BETWEEN 2800139 AND 2800148
	-> Filter: (sbtest1.id between 2800139 and 2800148)  (cost=2.28 rows=10)
    -> Index range scan on sbtest1 using PRIMARY over (2800139 <= id <= 2800148)  (cost=2.28 rows=10)


table 2 : explain SELECT c FROM sbtest2 WHERE id BETWEEN 1610746 AND 1610755
	-> Filter: (sbtest2.id between 1610746 and 1610755)  (cost=2.28 rows=10)
    -> Index range scan on sbtest2 using PRIMARY over (1610746 <= id <= 1610755)  (cost=2.28 rows=10)


table 3 : explain SELECT c FROM sbtest3 WHERE id BETWEEN 1898952 AND 1898961
	-> Filter: (sbtest3.id between 1898952 and 1898961)  (cost=2.28 rows=10)
    -> Index range scan on sbtest3 using PRIMARY over (1898952 <= id <= 1898961)  (cost=2.28 rows=10)


table 4 : explain SELECT c FROM sbtest4 WHERE id BETWEEN 5619172 AND 5619181
	-> Filter: (sbtest4.id between 5619172 and 5619181)  (cost=2.28 rows=10)
    -> Index range scan on sbtest4 using PRIMARY over (5619172 <= id <= 5619181)  (cost=2.28 rows=10)


table 5 : explain SELECT c FROM sbtest5 WHERE id BETWEEN 7319554 AND 7319563
	-> Filter: (sbtest5.id between 7319554 and 7319563)  (cost=2.28 rows=10)
    -> Index range scan on sbtest5 using PRIMARY over (7319554 <= id <= 7319563)  (cost=2.28 rows=10)


table 6 : explain SELECT c FROM sbtest6 WHERE id BETWEEN 8674881 AND 8674890
	-> Filter: (sbtest6.id between 8674881 and 8674890)  (cost=2.28 rows=10)
    -> Index range scan on sbtest6 using PRIMARY over (8674881 <= id <= 8674890)  (cost=2.28 rows=10)


table 7 : explain SELECT c FROM sbtest7 WHERE id BETWEEN 9262917 AND 9262926
	-> Filter: (sbtest7.id between 9262917 and 9262926)  (cost=2.28 rows=10)
    -> Index range scan on sbtest7 using PRIMARY over (9262917 <= id <= 9262926)  (cost=2.28 rows=10)


table 8 : explain SELECT c FROM sbtest8 WHERE id BETWEEN 83199 AND 83208
	-> Filter: (sbtest8.id between 83199 and 83208)  (cost=2.28 rows=10)
    -> Index range scan on sbtest8 using PRIMARY over (83199 <= id <= 83208)  (cost=2.28 rows=10)


for: simple_ranges
table 1 : explain SELECT c FROM sbtest1 WHERE id BETWEEN 4126020 AND 4126029
	-> Filter: (sbtest1.id between 4126020 and 4126029)  (cost=2.28 rows=10)
    -> Index range scan on sbtest1 using PRIMARY over (4126020 <= id <= 4126029)  (cost=2.28 rows=10)


table 2 : explain SELECT c FROM sbtest2 WHERE id BETWEEN 2920014 AND 2920023
	-> Filter: (sbtest2.id between 2920014 and 2920023)  (cost=2.28 rows=10)
    -> Index range scan on sbtest2 using PRIMARY over (2920014 <= id <= 2920023)  (cost=2.28 rows=10)


table 3 : explain SELECT c FROM sbtest3 WHERE id BETWEEN 453081 AND 453090
	-> Filter: (sbtest3.id between 453081 and 453090)  (cost=2.28 rows=10)
    -> Index range scan on sbtest3 using PRIMARY over (453081 <= id <= 453090)  (cost=2.28 rows=10)


table 4 : explain SELECT c FROM sbtest4 WHERE id BETWEEN 5761272 AND 5761281
	-> Filter: (sbtest4.id between 5761272 and 5761281)  (cost=2.28 rows=10)
    -> Index range scan on sbtest4 using PRIMARY over (5761272 <= id <= 5761281)  (cost=2.28 rows=10)


table 5 : explain SELECT c FROM sbtest5 WHERE id BETWEEN 1800209 AND 1800218
	-> Filter: (sbtest5.id between 1800209 and 1800218)  (cost=2.28 rows=10)
    -> Index range scan on sbtest5 using PRIMARY over (1800209 <= id <= 1800218)  (cost=2.28 rows=10)


table 6 : explain SELECT c FROM sbtest6 WHERE id BETWEEN 5907826 AND 5907835
	-> Filter: (sbtest6.id between 5907826 and 5907835)  (cost=2.28 rows=10)
    -> Index range scan on sbtest6 using PRIMARY over (5907826 <= id <= 5907835)  (cost=2.28 rows=10)


table 7 : explain SELECT c FROM sbtest7 WHERE id BETWEEN 6326068 AND 6326077
	-> Filter: (sbtest7.id between 6326068 and 6326077)  (cost=2.28 rows=10)
    -> Index range scan on sbtest7 using PRIMARY over (6326068 <= id <= 6326077)  (cost=2.28 rows=10)


table 8 : explain SELECT c FROM sbtest8 WHERE id BETWEEN 3500250 AND 3500259
	-> Filter: (sbtest8.id between 3500250 and 3500259)  (cost=2.28 rows=10)
    -> Index range scan on sbtest8 using PRIMARY over (3500250 <= id <= 3500259)  (cost=2.28 rows=10)


for: simple_ranges
table 1 : explain SELECT c FROM sbtest1 WHERE id BETWEEN 284145 AND 284154
	-> Filter: (sbtest1.id between 284145 and 284154)  (cost=2.28 rows=10)
    -> Index range scan on sbtest1 using PRIMARY over (284145 <= id <= 284154)  (cost=2.28 rows=10)


table 2 : explain SELECT c FROM sbtest2 WHERE id BETWEEN 9037711 AND 9037720
	-> Filter: (sbtest2.id between 9037711 and 9037720)  (cost=2.28 rows=10)
    -> Index range scan on sbtest2 using PRIMARY over (9037711 <= id <= 9037720)  (cost=2.28 rows=10)


table 3 : explain SELECT c FROM sbtest3 WHERE id BETWEEN 470194 AND 470203
	-> Filter: (sbtest3.id between 470194 and 470203)  (cost=2.28 rows=10)
    -> Index range scan on sbtest3 using PRIMARY over (470194 <= id <= 470203)  (cost=2.28 rows=10)


table 4 : explain SELECT c FROM sbtest4 WHERE id BETWEEN 413872 AND 413881
	-> Filter: (sbtest4.id between 413872 and 413881)  (cost=2.28 rows=10)
    -> Index range scan on sbtest4 using PRIMARY over (413872 <= id <= 413881)  (cost=2.28 rows=10)


table 5 : explain SELECT c FROM sbtest5 WHERE id BETWEEN 3835848 AND 3835857
	-> Filter: (sbtest5.id between 3835848 and 3835857)  (cost=2.28 rows=10)
    -> Index range scan on sbtest5 using PRIMARY over (3835848 <= id <= 3835857)  (cost=2.28 rows=10)


table 6 : explain SELECT c FROM sbtest6 WHERE id BETWEEN 1789079 AND 1789088
	-> Filter: (sbtest6.id between 1789079 and 1789088)  (cost=2.28 rows=10)
    -> Index range scan on sbtest6 using PRIMARY over (1789079 <= id <= 1789088)  (cost=2.28 rows=10)


table 7 : explain SELECT c FROM sbtest7 WHERE id BETWEEN 6361350 AND 6361359
	-> Filter: (sbtest7.id between 6361350 and 6361359)  (cost=2.28 rows=10)
    -> Index range scan on sbtest7 using PRIMARY over (6361350 <= id <= 6361359)  (cost=2.28 rows=10)


table 8 : explain SELECT c FROM sbtest8 WHERE id BETWEEN 788716 AND 788725
	-> Filter: (sbtest8.id between 788716 and 788725)  (cost=2.28 rows=10)
    -> Index range scan on sbtest8 using PRIMARY over (788716 <= id <= 788725)  (cost=2.28 rows=10)



for point_selects
table 1 : explain SELECT c FROM sbtest1 WHERE id=5138627
	-> Rows fetched before execution  (cost=0..0 rows=1)


table 2 : explain SELECT c FROM sbtest2 WHERE id=5481780
	-> Rows fetched before execution  (cost=0..0 rows=1)


table 3 : explain SELECT c FROM sbtest3 WHERE id=2947414
	-> Rows fetched before execution  (cost=0..0 rows=1)


table 4 : explain SELECT c FROM sbtest4 WHERE id=961251
	-> Rows fetched before execution  (cost=0..0 rows=1)


table 5 : explain SELECT c FROM sbtest5 WHERE id=9947512
	-> Rows fetched before execution  (cost=0..0 rows=1)


table 6 : explain SELECT c FROM sbtest6 WHERE id=4174369
	-> Rows fetched before execution  (cost=0..0 rows=1)


table 7 : explain SELECT c FROM sbtest7 WHERE id=9875008
	-> Rows fetched before execution  (cost=0..0 rows=1)


table 8 : explain SELECT c FROM sbtest8 WHERE id=8947388
	-> Rows fetched before execution  (cost=0..0 rows=1)


for point_selects
table 1 : explain SELECT c FROM sbtest1 WHERE id=7344980
	-> Rows fetched before execution  (cost=0..0 rows=1)


table 2 : explain SELECT c FROM sbtest2 WHERE id=2285511
	-> Rows fetched before execution  (cost=0..0 rows=1)


table 3 : explain SELECT c FROM sbtest3 WHERE id=8468967
	-> Rows fetched before execution  (cost=0..0 rows=1)


table 4 : explain SELECT c FROM sbtest4 WHERE id=9642335
	-> Rows fetched before execution  (cost=0..0 rows=1)


table 5 : explain SELECT c FROM sbtest5 WHERE id=9483414
	-> Rows fetched before execution  (cost=0..0 rows=1)


table 6 : explain SELECT c FROM sbtest6 WHERE id=4762152
	-> Rows fetched before execution  (cost=0..0 rows=1)


table 7 : explain SELECT c FROM sbtest7 WHERE id=6903427
	-> Rows fetched before execution  (cost=0..0 rows=1)


table 8 : explain SELECT c FROM sbtest8 WHERE id=2902738
	-> Rows fetched before execution  (cost=0..0 rows=1)


for: simple_ranges
table 1 : explain SELECT c FROM sbtest1 WHERE id BETWEEN 2753842 AND 2753851
	-> Filter: (sbtest1.id between 2753842 and 2753851)  (cost=2.28 rows=10)
    -> Index range scan on sbtest1 using PRIMARY over (2753842 <= id <= 2753851)  (cost=2.28 rows=10)


table 2 : explain SELECT c FROM sbtest2 WHERE id BETWEEN 9247896 AND 9247905
	-> Filter: (sbtest2.id between 9247896 and 9247905)  (cost=2.28 rows=10)
    -> Index range scan on sbtest2 using PRIMARY over (9247896 <= id <= 9247905)  (cost=2.28 rows=10)


table 3 : explain SELECT c FROM sbtest3 WHERE id BETWEEN 3677375 AND 3677384
	-> Filter: (sbtest3.id between 3677375 and 3677384)  (cost=2.28 rows=10)
    -> Index range scan on sbtest3 using PRIMARY over (3677375 <= id <= 3677384)  (cost=2.28 rows=10)


table 4 : explain SELECT c FROM sbtest4 WHERE id BETWEEN 3462061 AND 3462070
	-> Filter: (sbtest4.id between 3462061 and 3462070)  (cost=2.28 rows=10)
    -> Index range scan on sbtest4 using PRIMARY over (3462061 <= id <= 3462070)  (cost=2.28 rows=10)


table 5 : explain SELECT c FROM sbtest5 WHERE id BETWEEN 6773663 AND 6773672
	-> Filter: (sbtest5.id between 6773663 and 6773672)  (cost=2.28 rows=10)
    -> Index range scan on sbtest5 using PRIMARY over (6773663 <= id <= 6773672)  (cost=2.28 rows=10)


table 6 : explain SELECT c FROM sbtest6 WHERE id BETWEEN 6053667 AND 6053676
	-> Filter: (sbtest6.id between 6053667 and 6053676)  (cost=2.28 rows=10)
    -> Index range scan on sbtest6 using PRIMARY over (6053667 <= id <= 6053676)  (cost=2.28 rows=10)


table 7 : explain SELECT c FROM sbtest7 WHERE id BETWEEN 671153 AND 671162
	-> Filter: (sbtest7.id between 671153 and 671162)  (cost=2.28 rows=10)
    -> Index range scan on sbtest7 using PRIMARY over (671153 <= id <= 671162)  (cost=2.28 rows=10)


table 8 : explain SELECT c FROM sbtest8 WHERE id BETWEEN 3031366 AND 3031375
	-> Filter: (sbtest8.id between 3031366 and 3031375)  (cost=2.28 rows=10)
    -> Index range scan on sbtest8 using PRIMARY over (3031366 <= id <= 3031375)  (cost=2.28 rows=10)


for point_selects
table 1 : explain SELECT c FROM sbtest1 WHERE id=4088077
	-> Rows fetched before execution  (cost=0..0 rows=1)


table 2 : explain SELECT c FROM sbtest2 WHERE id=1456910
	-> Rows fetched before execution  (cost=0..0 rows=1)


table 3 : explain SELECT c FROM sbtest3 WHERE id=8351395
	-> Rows fetched before execution  (cost=0..0 rows=1)


table 4 : explain SELECT c FROM sbtest4 WHERE id=5076557
	-> Rows fetched before execution  (cost=0..0 rows=1)


table 5 : explain SELECT c FROM sbtest5 WHERE id=1570846
	-> Rows fetched before execution  (cost=0..0 rows=1)


table 6 : explain SELECT c FROM sbtest6 WHERE id=2853617
	-> Rows fetched before execution  (cost=0..0 rows=1)


table 7 : explain SELECT c FROM sbtest7 WHERE id=5385156
	-> Rows fetched before execution  (cost=0..0 rows=1)


table 8 : explain SELECT c FROM sbtest8 WHERE id=4504075
	-> Rows fetched before execution  (cost=0..0 rows=1)


for: simple_ranges
table 1 : explain SELECT c FROM sbtest1 WHERE id BETWEEN 7832058 AND 7832067
	-> Filter: (sbtest1.id between 7832058 and 7832067)  (cost=2.28 rows=10)
    -> Index range scan on sbtest1 using PRIMARY over (7832058 <= id <= 7832067)  (cost=2.28 rows=10)


table 2 : explain SELECT c FROM sbtest2 WHERE id BETWEEN 9605283 AND 9605292
	-> Filter: (sbtest2.id between 9605283 and 9605292)  (cost=2.28 rows=10)
    -> Index range scan on sbtest2 using PRIMARY over (9605283 <= id <= 9605292)  (cost=2.28 rows=10)


table 3 : explain SELECT c FROM sbtest3 WHERE id BETWEEN 300629 AND 300638
	-> Filter: (sbtest3.id between 300629 and 300638)  (cost=2.28 rows=10)
    -> Index range scan on sbtest3 using PRIMARY over (300629 <= id <= 300638)  (cost=2.28 rows=10)


table 4 : explain SELECT c FROM sbtest4 WHERE id BETWEEN 4658138 AND 4658147
	-> Filter: (sbtest4.id between 4658138 and 4658147)  (cost=2.28 rows=10)
    -> Index range scan on sbtest4 using PRIMARY over (4658138 <= id <= 4658147)  (cost=2.28 rows=10)


table 5 : explain SELECT c FROM sbtest5 WHERE id BETWEEN 4897269 AND 4897278
	-> Filter: (sbtest5.id between 4897269 and 4897278)  (cost=2.28 rows=10)
    -> Index range scan on sbtest5 using PRIMARY over (4897269 <= id <= 4897278)  (cost=2.28 rows=10)


table 6 : explain SELECT c FROM sbtest6 WHERE id BETWEEN 2830104 AND 2830113
	-> Filter: (sbtest6.id between 2830104 and 2830113)  (cost=2.28 rows=10)
    -> Index range scan on sbtest6 using PRIMARY over (2830104 <= id <= 2830113)  (cost=2.28 rows=10)


table 7 : explain SELECT c FROM sbtest7 WHERE id BETWEEN 1543660 AND 1543669
	-> Filter: (sbtest7.id between 1543660 and 1543669)  (cost=2.28 rows=10)
    -> Index range scan on sbtest7 using PRIMARY over (1543660 <= id <= 1543669)  (cost=2.28 rows=10)


table 8 : explain SELECT c FROM sbtest8 WHERE id BETWEEN 3521106 AND 3521115
	-> Filter: (sbtest8.id between 3521106 and 3521115)  (cost=2.28 rows=10)
    -> Index range scan on sbtest8 using PRIMARY over (3521106 <= id <= 3521115)  (cost=2.28 rows=10)


for: simple_ranges
table 1 : explain SELECT c FROM sbtest1 WHERE id BETWEEN 9350434 AND 9350443
	-> Filter: (sbtest1.id between 9350434 and 9350443)  (cost=2.28 rows=10)
    -> Index range scan on sbtest1 using PRIMARY over (9350434 <= id <= 9350443)  (cost=2.28 rows=10)


table 2 : explain SELECT c FROM sbtest2 WHERE id BETWEEN 3437643 AND 3437652
	-> Filter: (sbtest2.id between 3437643 and 3437652)  (cost=2.28 rows=10)
    -> Index range scan on sbtest2 using PRIMARY over (3437643 <= id <= 3437652)  (cost=2.28 rows=10)


table 3 : explain SELECT c FROM sbtest3 WHERE id BETWEEN 8455853 AND 8455862
	-> Filter: (sbtest3.id between 8455853 and 8455862)  (cost=2.28 rows=10)
    -> Index range scan on sbtest3 using PRIMARY over (8455853 <= id <= 8455862)  (cost=2.28 rows=10)


table 4 : explain SELECT c FROM sbtest4 WHERE id BETWEEN 8380131 AND 8380140
	-> Filter: (sbtest4.id between 8380131 and 8380140)  (cost=2.28 rows=10)
    -> Index range scan on sbtest4 using PRIMARY over (8380131 <= id <= 8380140)  (cost=2.28 rows=10)


table 5 : explain SELECT c FROM sbtest5 WHERE id BETWEEN 8946473 AND 8946482
	-> Filter: (sbtest5.id between 8946473 and 8946482)  (cost=2.28 rows=10)
    -> Index range scan on sbtest5 using PRIMARY over (8946473 <= id <= 8946482)  (cost=2.28 rows=10)


table 6 : explain SELECT c FROM sbtest6 WHERE id BETWEEN 7530197 AND 7530206
	-> Filter: (sbtest6.id between 7530197 and 7530206)  (cost=2.28 rows=10)
    -> Index range scan on sbtest6 using PRIMARY over (7530197 <= id <= 7530206)  (cost=2.28 rows=10)


table 7 : explain SELECT c FROM sbtest7 WHERE id BETWEEN 5782713 AND 5782722
	-> Filter: (sbtest7.id between 5782713 and 5782722)  (cost=2.28 rows=10)
    -> Index range scan on sbtest7 using PRIMARY over (5782713 <= id <= 5782722)  (cost=2.28 rows=10)


table 8 : explain SELECT c FROM sbtest8 WHERE id BETWEEN 4172987 AND 4172996
	-> Filter: (sbtest8.id between 4172987 and 4172996)  (cost=2.28 rows=10)
    -> Index range scan on sbtest8 using PRIMARY over (4172987 <= id <= 4172996)  (cost=2.28 rows=10)


for: simple_ranges
table 1 : explain SELECT c FROM sbtest1 WHERE id BETWEEN 1361768 AND 1361777
	-> Filter: (sbtest1.id between 1361768 and 1361777)  (cost=2.28 rows=10)
    -> Index range scan on sbtest1 using PRIMARY over (1361768 <= id <= 1361777)  (cost=2.28 rows=10)


table 2 : explain SELECT c FROM sbtest2 WHERE id BETWEEN 8998256 AND 8998265
	-> Filter: (sbtest2.id between 8998256 and 8998265)  (cost=2.28 rows=10)
    -> Index range scan on sbtest2 using PRIMARY over (8998256 <= id <= 8998265)  (cost=2.28 rows=10)


table 3 : explain SELECT c FROM sbtest3 WHERE id BETWEEN 6053634 AND 6053643
	-> Filter: (sbtest3.id between 6053634 and 6053643)  (cost=2.28 rows=10)
    -> Index range scan on sbtest3 using PRIMARY over (6053634 <= id <= 6053643)  (cost=2.28 rows=10)


table 4 : explain SELECT c FROM sbtest4 WHERE id BETWEEN 7726898 AND 7726907
	-> Filter: (sbtest4.id between 7726898 and 7726907)  (cost=2.28 rows=10)
    -> Index range scan on sbtest4 using PRIMARY over (7726898 <= id <= 7726907)  (cost=2.28 rows=10)


table 5 : explain SELECT c FROM sbtest5 WHERE id BETWEEN 1199209 AND 1199218
	-> Filter: (sbtest5.id between 1199209 and 1199218)  (cost=2.28 rows=10)
    -> Index range scan on sbtest5 using PRIMARY over (1199209 <= id <= 1199218)  (cost=2.28 rows=10)


table 6 : explain SELECT c FROM sbtest6 WHERE id BETWEEN 4105328 AND 4105337
	-> Filter: (sbtest6.id between 4105328 and 4105337)  (cost=2.28 rows=10)
    -> Index range scan on sbtest6 using PRIMARY over (4105328 <= id <= 4105337)  (cost=2.28 rows=10)


table 7 : explain SELECT c FROM sbtest7 WHERE id BETWEEN 4448860 AND 4448869
	-> Filter: (sbtest7.id between 4448860 and 4448869)  (cost=2.28 rows=10)
    -> Index range scan on sbtest7 using PRIMARY over (4448860 <= id <= 4448869)  (cost=2.28 rows=10)


table 8 : explain SELECT c FROM sbtest8 WHERE id BETWEEN 8578096 AND 8578105
	-> Filter: (sbtest8.id between 8578096 and 8578105)  (cost=2.28 rows=10)
    -> Index range scan on sbtest8 using PRIMARY over (8578096 <= id <= 8578105)  (cost=2.28 rows=10)


for: simple_ranges
table 1 : explain SELECT c FROM sbtest1 WHERE id BETWEEN 2058147 AND 2058156
	-> Filter: (sbtest1.id between 2058147 and 2058156)  (cost=2.28 rows=10)
    -> Index range scan on sbtest1 using PRIMARY over (2058147 <= id <= 2058156)  (cost=2.28 rows=10)


table 2 : explain SELECT c FROM sbtest2 WHERE id BETWEEN 8710012 AND 8710021
	-> Filter: (sbtest2.id between 8710012 and 8710021)  (cost=2.28 rows=10)
    -> Index range scan on sbtest2 using PRIMARY over (8710012 <= id <= 8710021)  (cost=2.28 rows=10)


table 3 : explain SELECT c FROM sbtest3 WHERE id BETWEEN 5832875 AND 5832884
	-> Filter: (sbtest3.id between 5832875 and 5832884)  (cost=2.28 rows=10)
    -> Index range scan on sbtest3 using PRIMARY over (5832875 <= id <= 5832884)  (cost=2.28 rows=10)


table 4 : explain SELECT c FROM sbtest4 WHERE id BETWEEN 9719663 AND 9719672
	-> Filter: (sbtest4.id between 9719663 and 9719672)  (cost=2.28 rows=10)
    -> Index range scan on sbtest4 using PRIMARY over (9719663 <= id <= 9719672)  (cost=2.28 rows=10)


table 5 : explain SELECT c FROM sbtest5 WHERE id BETWEEN 6908281 AND 6908290
	-> Filter: (sbtest5.id between 6908281 and 6908290)  (cost=2.28 rows=10)
    -> Index range scan on sbtest5 using PRIMARY over (6908281 <= id <= 6908290)  (cost=2.28 rows=10)


table 6 : explain SELECT c FROM sbtest6 WHERE id BETWEEN 289182 AND 289191
	-> Filter: (sbtest6.id between 289182 and 289191)  (cost=2.28 rows=10)
    -> Index range scan on sbtest6 using PRIMARY over (289182 <= id <= 289191)  (cost=2.28 rows=10)


table 7 : explain SELECT c FROM sbtest7 WHERE id BETWEEN 7681958 AND 7681967
	-> Filter: (sbtest7.id between 7681958 and 7681967)  (cost=2.28 rows=10)
    -> Index range scan on sbtest7 using PRIMARY over (7681958 <= id <= 7681967)  (cost=2.28 rows=10)


table 8 : explain SELECT c FROM sbtest8 WHERE id BETWEEN 8267510 AND 8267519
	-> Filter: (sbtest8.id between 8267510 and 8267519)  (cost=2.28 rows=10)
    -> Index range scan on sbtest8 using PRIMARY over (8267510 <= id <= 8267519)  (cost=2.28 rows=10)


for: simple_ranges
table 1 : explain SELECT c FROM sbtest1 WHERE id BETWEEN 1344370 AND 1344379
	-> Filter: (sbtest1.id between 1344370 and 1344379)  (cost=2.28 rows=10)
    -> Index range scan on sbtest1 using PRIMARY over (1344370 <= id <= 1344379)  (cost=2.28 rows=10)


table 2 : explain SELECT c FROM sbtest2 WHERE id BETWEEN 8355924 AND 8355933
	-> Filter: (sbtest2.id between 8355924 and 8355933)  (cost=2.28 rows=10)
    -> Index range scan on sbtest2 using PRIMARY over (8355924 <= id <= 8355933)  (cost=2.28 rows=10)


table 3 : explain SELECT c FROM sbtest3 WHERE id BETWEEN 4687099 AND 4687108
	-> Filter: (sbtest3.id between 4687099 and 4687108)  (cost=2.28 rows=10)
    -> Index range scan on sbtest3 using PRIMARY over (4687099 <= id <= 4687108)  (cost=2.28 rows=10)


table 4 : explain SELECT c FROM sbtest4 WHERE id BETWEEN 2815091 AND 2815100
	-> Filter: (sbtest4.id between 2815091 and 2815100)  (cost=2.28 rows=10)
    -> Index range scan on sbtest4 using PRIMARY over (2815091 <= id <= 2815100)  (cost=2.28 rows=10)


table 5 : explain SELECT c FROM sbtest5 WHERE id BETWEEN 4228694 AND 4228703
	-> Filter: (sbtest5.id between 4228694 and 4228703)  (cost=2.28 rows=10)
    -> Index range scan on sbtest5 using PRIMARY over (4228694 <= id <= 4228703)  (cost=2.28 rows=10)


table 6 : explain SELECT c FROM sbtest6 WHERE id BETWEEN 717475 AND 717484
	-> Filter: (sbtest6.id between 717475 and 717484)  (cost=2.28 rows=10)
    -> Index range scan on sbtest6 using PRIMARY over (717475 <= id <= 717484)  (cost=2.28 rows=10)


table 7 : explain SELECT c FROM sbtest7 WHERE id BETWEEN 9804636 AND 9804645
	-> Filter: (sbtest7.id between 9804636 and 9804645)  (cost=2.28 rows=10)
    -> Index range scan on sbtest7 using PRIMARY over (9804636 <= id <= 9804645)  (cost=2.28 rows=10)


table 8 : explain SELECT c FROM sbtest8 WHERE id BETWEEN 8691913 AND 8691922
	-> Filter: (sbtest8.id between 8691913 and 8691922)  (cost=2.28 rows=10)
    -> Index range scan on sbtest8 using PRIMARY over (8691913 <= id <= 8691922)  (cost=2.28 rows=10)


for: simple_ranges
table 1 : explain SELECT c FROM sbtest1 WHERE id BETWEEN 2348541 AND 2348550
	-> Filter: (sbtest1.id between 2348541 and 2348550)  (cost=2.28 rows=10)
    -> Index range scan on sbtest1 using PRIMARY over (2348541 <= id <= 2348550)  (cost=2.28 rows=10)


table 2 : explain SELECT c FROM sbtest2 WHERE id BETWEEN 4794909 AND 4794918
	-> Filter: (sbtest2.id between 4794909 and 4794918)  (cost=2.28 rows=10)
    -> Index range scan on sbtest2 using PRIMARY over (4794909 <= id <= 4794918)  (cost=2.28 rows=10)


table 3 : explain SELECT c FROM sbtest3 WHERE id BETWEEN 4840942 AND 4840951
	-> Filter: (sbtest3.id between 4840942 and 4840951)  (cost=2.28 rows=10)
    -> Index range scan on sbtest3 using PRIMARY over (4840942 <= id <= 4840951)  (cost=2.28 rows=10)


table 4 : explain SELECT c FROM sbtest4 WHERE id BETWEEN 7085081 AND 7085090
	-> Filter: (sbtest4.id between 7085081 and 7085090)  (cost=2.28 rows=10)
    -> Index range scan on sbtest4 using PRIMARY over (7085081 <= id <= 7085090)  (cost=2.28 rows=10)


table 5 : explain SELECT c FROM sbtest5 WHERE id BETWEEN 2850474 AND 2850483
	-> Filter: (sbtest5.id between 2850474 and 2850483)  (cost=2.28 rows=10)
    -> Index range scan on sbtest5 using PRIMARY over (2850474 <= id <= 2850483)  (cost=2.28 rows=10)


table 6 : explain SELECT c FROM sbtest6 WHERE id BETWEEN 7678855 AND 7678864
	-> Filter: (sbtest6.id between 7678855 and 7678864)  (cost=2.28 rows=10)
    -> Index range scan on sbtest6 using PRIMARY over (7678855 <= id <= 7678864)  (cost=2.28 rows=10)


table 7 : explain SELECT c FROM sbtest7 WHERE id BETWEEN 5021599 AND 5021608
	-> Filter: (sbtest7.id between 5021599 and 5021608)  (cost=2.28 rows=10)
    -> Index range scan on sbtest7 using PRIMARY over (5021599 <= id <= 5021608)  (cost=2.28 rows=10)


table 8 : explain SELECT c FROM sbtest8 WHERE id BETWEEN 3880136 AND 3880145
	-> Filter: (sbtest8.id between 3880136 and 3880145)  (cost=2.28 rows=10)
    -> Index range scan on sbtest8 using PRIMARY over (3880136 <= id <= 3880145)  (cost=2.28 rows=10)


for: simple_ranges
table 1 : explain SELECT c FROM sbtest1 WHERE id BETWEEN 1545367 AND 1545376
	-> Filter: (sbtest1.id between 1545367 and 1545376)  (cost=2.28 rows=10)
    -> Index range scan on sbtest1 using PRIMARY over (1545367 <= id <= 1545376)  (cost=2.28 rows=10)


table 2 : explain SELECT c FROM sbtest2 WHERE id BETWEEN 2638424 AND 2638433
	-> Filter: (sbtest2.id between 2638424 and 2638433)  (cost=2.28 rows=10)
    -> Index range scan on sbtest2 using PRIMARY over (2638424 <= id <= 2638433)  (cost=2.28 rows=10)


table 3 : explain SELECT c FROM sbtest3 WHERE id BETWEEN 5785362 AND 5785371
	-> Filter: (sbtest3.id between 5785362 and 5785371)  (cost=2.28 rows=10)
    -> Index range scan on sbtest3 using PRIMARY over (5785362 <= id <= 5785371)  (cost=2.28 rows=10)


table 4 : explain SELECT c FROM sbtest4 WHERE id BETWEEN 5909579 AND 5909588
	-> Filter: (sbtest4.id between 5909579 and 5909588)  (cost=2.28 rows=10)
    -> Index range scan on sbtest4 using PRIMARY over (5909579 <= id <= 5909588)  (cost=2.28 rows=10)


table 5 : explain SELECT c FROM sbtest5 WHERE id BETWEEN 6508418 AND 6508427
	-> Filter: (sbtest5.id between 6508418 and 6508427)  (cost=2.28 rows=10)
    -> Index range scan on sbtest5 using PRIMARY over (6508418 <= id <= 6508427)  (cost=2.28 rows=10)


table 6 : explain SELECT c FROM sbtest6 WHERE id BETWEEN 8138542 AND 8138551
	-> Filter: (sbtest6.id between 8138542 and 8138551)  (cost=2.28 rows=10)
    -> Index range scan on sbtest6 using PRIMARY over (8138542 <= id <= 8138551)  (cost=2.28 rows=10)


table 7 : explain SELECT c FROM sbtest7 WHERE id BETWEEN 6152735 AND 6152744
	-> Filter: (sbtest7.id between 6152735 and 6152744)  (cost=2.28 rows=10)
    -> Index range scan on sbtest7 using PRIMARY over (6152735 <= id <= 6152744)  (cost=2.28 rows=10)


table 8 : explain SELECT c FROM sbtest8 WHERE id BETWEEN 6060172 AND 6060181
	-> Filter: (sbtest8.id between 6060172 and 6060181)  (cost=2.28 rows=10)
    -> Index range scan on sbtest8 using PRIMARY over (6060172 <= id <= 6060181)  (cost=2.28 rows=10)

for: simple_ranges
table 1 : explain SELECT c FROM sbtest1 WHERE id BETWEEN 9721772 AND 9721781
	-> Filter: (sbtest1.id between 9721772 and 9721781)  (cost=2.28 rows=10)
    -> Index range scan on sbtest1 using PRIMARY over (9721772 <= id <= 9721781)  (cost=2.28 rows=10)


table 2 : explain SELECT c FROM sbtest2 WHERE id BETWEEN 7950474 AND 7950483
	-> Filter: (sbtest2.id between 7950474 and 7950483)  (cost=2.28 rows=10)
    -> Index range scan on sbtest2 using PRIMARY over (7950474 <= id <= 7950483)  (cost=2.28 rows=10)


table 3 : explain SELECT c FROM sbtest3 WHERE id BETWEEN 6972670 AND 6972679
	-> Filter: (sbtest3.id between 6972670 and 6972679)  (cost=2.28 rows=10)
    -> Index range scan on sbtest3 using PRIMARY over (6972670 <= id <= 6972679)  (cost=2.28 rows=10)


table 4 : explain SELECT c FROM sbtest4 WHERE id BETWEEN 8754283 AND 8754292
	-> Filter: (sbtest4.id between 8754283 and 8754292)  (cost=2.28 rows=10)
    -> Index range scan on sbtest4 using PRIMARY over (8754283 <= id <= 8754292)  (cost=2.28 rows=10)


table 5 : explain SELECT c FROM sbtest5 WHERE id BETWEEN 3699017 AND 3699026
	-> Filter: (sbtest5.id between 3699017 and 3699026)  (cost=2.28 rows=10)
    -> Index range scan on sbtest5 using PRIMARY over (3699017 <= id <= 3699026)  (cost=2.28 rows=10)


table 6 : explain SELECT c FROM sbtest6 WHERE id BETWEEN 3729235 AND 3729244
	-> Filter: (sbtest6.id between 3729235 and 3729244)  (cost=2.28 rows=10)
    -> Index range scan on sbtest6 using PRIMARY over (3729235 <= id <= 3729244)  (cost=2.28 rows=10)


table 7 : explain SELECT c FROM sbtest7 WHERE id BETWEEN 8508072 AND 8508081
	-> Filter: (sbtest7.id between 8508072 and 8508081)  (cost=2.28 rows=10)
    -> Index range scan on sbtest7 using PRIMARY over (8508072 <= id <= 8508081)  (cost=2.28 rows=10)


table 8 : explain SELECT c FROM sbtest8 WHERE id BETWEEN 3071806 AND 3071815
	-> Filter: (sbtest8.id between 3071806 and 3071815)  (cost=2.28 rows=10)
    -> Index range scan on sbtest8 using PRIMARY over (3071806 <= id <= 3071815)  (cost=2.28 rows=10)


for point_selects
table 1 : explain SELECT c FROM sbtest1 WHERE id=2102483
	-> Rows fetched before execution  (cost=0..0 rows=1)


table 2 : explain SELECT c FROM sbtest2 WHERE id=8957299
	-> Rows fetched before execution  (cost=0..0 rows=1)


table 3 : explain SELECT c FROM sbtest3 WHERE id=7797612
	-> Rows fetched before execution  (cost=0..0 rows=1)


table 4 : explain SELECT c FROM sbtest4 WHERE id=7180394
	-> Rows fetched before execution  (cost=0..0 rows=1)


table 5 : explain SELECT c FROM sbtest5 WHERE id=6913688
	-> Rows fetched before execution  (cost=0..0 rows=1)


table 6 : explain SELECT c FROM sbtest6 WHERE id=2158819
	-> Rows fetched before execution  (cost=0..0 rows=1)


table 7 : explain SELECT c FROM sbtest7 WHERE id=6139622
	-> Rows fetched before execution  (cost=0..0 rows=1)


table 8 : explain SELECT c FROM sbtest8 WHERE id=3686897
	-> Rows fetched before execution  (cost=0..0 rows=1)


for: simple_ranges
table 1 : explain SELECT c FROM sbtest1 WHERE id BETWEEN 4269593 AND 4269602
	-> Filter: (sbtest1.id between 4269593 and 4269602)  (cost=2.28 rows=10)
    -> Index range scan on sbtest1 using PRIMARY over (4269593 <= id <= 4269602)  (cost=2.28 rows=10)


table 2 : explain SELECT c FROM sbtest2 WHERE id BETWEEN 815233 AND 815242
	-> Filter: (sbtest2.id between 815233 and 815242)  (cost=2.28 rows=10)
    -> Index range scan on sbtest2 using PRIMARY over (815233 <= id <= 815242)  (cost=2.28 rows=10)


table 3 : explain SELECT c FROM sbtest3 WHERE id BETWEEN 2171080 AND 2171089
	-> Filter: (sbtest3.id between 2171080 and 2171089)  (cost=2.28 rows=10)
    -> Index range scan on sbtest3 using PRIMARY over (2171080 <= id <= 2171089)  (cost=2.28 rows=10)


table 4 : explain SELECT c FROM sbtest4 WHERE id BETWEEN 1161732 AND 1161741
	-> Filter: (sbtest4.id between 1161732 and 1161741)  (cost=2.28 rows=10)
    -> Index range scan on sbtest4 using PRIMARY over (1161732 <= id <= 1161741)  (cost=2.28 rows=10)


table 5 : explain SELECT c FROM sbtest5 WHERE id BETWEEN 5773594 AND 5773603
	-> Filter: (sbtest5.id between 5773594 and 5773603)  (cost=2.28 rows=10)
    -> Index range scan on sbtest5 using PRIMARY over (5773594 <= id <= 5773603)  (cost=2.28 rows=10)


table 6 : explain SELECT c FROM sbtest6 WHERE id BETWEEN 1819414 AND 1819423
	-> Filter: (sbtest6.id between 1819414 and 1819423)  (cost=2.28 rows=10)
    -> Index range scan on sbtest6 using PRIMARY over (1819414 <= id <= 1819423)  (cost=2.28 rows=10)


table 7 : explain SELECT c FROM sbtest7 WHERE id BETWEEN 898168 AND 898177
	-> Filter: (sbtest7.id between 898168 and 898177)  (cost=2.28 rows=10)
    -> Index range scan on sbtest7 using PRIMARY over (898168 <= id <= 898177)  (cost=2.28 rows=10)


table 8 : explain SELECT c FROM sbtest8 WHERE id BETWEEN 4002100 AND 4002109
	-> Filter: (sbtest8.id between 4002100 and 4002109)  (cost=2.28 rows=10)
    -> Index range scan on sbtest8 using PRIMARY over (4002100 <= id <= 4002109)  (cost=2.28 rows=10)


for: simple_ranges
table 1 : explain SELECT c FROM sbtest1 WHERE id BETWEEN 9354192 AND 9354201
	-> Filter: (sbtest1.id between 9354192 and 9354201)  (cost=2.28 rows=10)
    -> Index range scan on sbtest1 using PRIMARY over (9354192 <= id <= 9354201)  (cost=2.28 rows=10)


table 2 : explain SELECT c FROM sbtest2 WHERE id BETWEEN 4587931 AND 4587940
	-> Filter: (sbtest2.id between 4587931 and 4587940)  (cost=2.28 rows=10)
    -> Index range scan on sbtest2 using PRIMARY over (4587931 <= id <= 4587940)  (cost=2.28 rows=10)


table 3 : explain SELECT c FROM sbtest3 WHERE id BETWEEN 3629913 AND 3629922
	-> Filter: (sbtest3.id between 3629913 and 3629922)  (cost=2.28 rows=10)
    -> Index range scan on sbtest3 using PRIMARY over (3629913 <= id <= 3629922)  (cost=2.28 rows=10)


table 4 : explain SELECT c FROM sbtest4 WHERE id BETWEEN 486644 AND 486653
	-> Filter: (sbtest4.id between 486644 and 486653)  (cost=2.28 rows=10)
    -> Index range scan on sbtest4 using PRIMARY over (486644 <= id <= 486653)  (cost=2.28 rows=10)


table 5 : explain SELECT c FROM sbtest5 WHERE id BETWEEN 7172568 AND 7172577
	-> Filter: (sbtest5.id between 7172568 and 7172577)  (cost=2.28 rows=10)
    -> Index range scan on sbtest5 using PRIMARY over (7172568 <= id <= 7172577)  (cost=2.28 rows=10)


table 6 : explain SELECT c FROM sbtest6 WHERE id BETWEEN 931869 AND 931878
	-> Filter: (sbtest6.id between 931869 and 931878)  (cost=2.28 rows=10)
    -> Index range scan on sbtest6 using PRIMARY over (931869 <= id <= 931878)  (cost=2.28 rows=10)


table 7 : explain SELECT c FROM sbtest7 WHERE id BETWEEN 2531449 AND 2531458
	-> Filter: (sbtest7.id between 2531449 and 2531458)  (cost=2.28 rows=10)
    -> Index range scan on sbtest7 using PRIMARY over (2531449 <= id <= 2531458)  (cost=2.28 rows=10)


table 8 : explain SELECT c FROM sbtest8 WHERE id BETWEEN 6545865 AND 6545874
	-> Filter: (sbtest8.id between 6545865 and 6545874)  (cost=2.28 rows=10)
    -> Index range scan on sbtest8 using PRIMARY over (6545865 <= id <= 6545874)  (cost=2.28 rows=10)


for: simple_ranges
table 1 : explain SELECT c FROM sbtest1 WHERE id BETWEEN 1035956 AND 1035965
	-> Filter: (sbtest1.id between 1035956 and 1035965)  (cost=2.28 rows=10)
    -> Index range scan on sbtest1 using PRIMARY over (1035956 <= id <= 1035965)  (cost=2.28 rows=10)


table 2 : explain SELECT c FROM sbtest2 WHERE id BETWEEN 8032223 AND 8032232
	-> Filter: (sbtest2.id between 8032223 and 8032232)  (cost=2.28 rows=10)
    -> Index range scan on sbtest2 using PRIMARY over (8032223 <= id <= 8032232)  (cost=2.28 rows=10)


table 3 : explain SELECT c FROM sbtest3 WHERE id BETWEEN 3525776 AND 3525785
	-> Filter: (sbtest3.id between 3525776 and 3525785)  (cost=2.28 rows=10)
    -> Index range scan on sbtest3 using PRIMARY over (3525776 <= id <= 3525785)  (cost=2.28 rows=10)


table 4 : explain SELECT c FROM sbtest4 WHERE id BETWEEN 6990910 AND 6990919
	-> Filter: (sbtest4.id between 6990910 and 6990919)  (cost=2.28 rows=10)
    -> Index range scan on sbtest4 using PRIMARY over (6990910 <= id <= 6990919)  (cost=2.28 rows=10)


table 5 : explain SELECT c FROM sbtest5 WHERE id BETWEEN 8906577 AND 8906586
	-> Filter: (sbtest5.id between 8906577 and 8906586)  (cost=2.28 rows=10)
    -> Index range scan on sbtest5 using PRIMARY over (8906577 <= id <= 8906586)  (cost=2.28 rows=10)


table 6 : explain SELECT c FROM sbtest6 WHERE id BETWEEN 7817087 AND 7817096
	-> Filter: (sbtest6.id between 7817087 and 7817096)  (cost=2.28 rows=10)
    -> Index range scan on sbtest6 using PRIMARY over (7817087 <= id <= 7817096)  (cost=2.28 rows=10)


table 7 : explain SELECT c FROM sbtest7 WHERE id BETWEEN 7406026 AND 7406035
	-> Filter: (sbtest7.id between 7406026 and 7406035)  (cost=2.28 rows=10)
    -> Index range scan on sbtest7 using PRIMARY over (7406026 <= id <= 7406035)  (cost=2.28 rows=10)


table 8 : explain SELECT c FROM sbtest8 WHERE id BETWEEN 9115093 AND 9115102
	-> Filter: (sbtest8.id between 9115093 and 9115102)  (cost=2.28 rows=10)
    -> Index range scan on sbtest8 using PRIMARY over (9115093 <= id <= 9115102)  (cost=2.28 rows=10)



for: simple_ranges
table 1 : explain SELECT c FROM sbtest1 WHERE id BETWEEN 1262738 AND 1262747
	-> Filter: (sbtest1.id between 1262738 and 1262747)  (cost=2.28 rows=10)
    -> Index range scan on sbtest1 using PRIMARY over (1262738 <= id <= 1262747)  (cost=2.28 rows=10)


table 2 : explain SELECT c FROM sbtest2 WHERE id BETWEEN 9935659 AND 9935668
	-> Filter: (sbtest2.id between 9935659 and 9935668)  (cost=2.28 rows=10)
    -> Index range scan on sbtest2 using PRIMARY over (9935659 <= id <= 9935668)  (cost=2.28 rows=10)


table 3 : explain SELECT c FROM sbtest3 WHERE id BETWEEN 5384455 AND 5384464
	-> Filter: (sbtest3.id between 5384455 and 5384464)  (cost=2.28 rows=10)
    -> Index range scan on sbtest3 using PRIMARY over (5384455 <= id <= 5384464)  (cost=2.28 rows=10)


table 4 : explain SELECT c FROM sbtest4 WHERE id BETWEEN 3070830 AND 3070839
	-> Filter: (sbtest4.id between 3070830 and 3070839)  (cost=2.28 rows=10)
    -> Index range scan on sbtest4 using PRIMARY over (3070830 <= id <= 3070839)  (cost=2.28 rows=10)


table 5 : explain SELECT c FROM sbtest5 WHERE id BETWEEN 6592243 AND 6592252
	-> Filter: (sbtest5.id between 6592243 and 6592252)  (cost=2.28 rows=10)
    -> Index range scan on sbtest5 using PRIMARY over (6592243 <= id <= 6592252)  (cost=2.28 rows=10)


table 6 : explain SELECT c FROM sbtest6 WHERE id BETWEEN 5093029 AND 5093038
	-> Filter: (sbtest6.id between 5093029 and 5093038)  (cost=2.28 rows=10)
    -> Index range scan on sbtest6 using PRIMARY over (5093029 <= id <= 5093038)  (cost=2.28 rows=10)


table 7 : explain SELECT c FROM sbtest7 WHERE id BETWEEN 6759421 AND 6759430
	-> Filter: (sbtest7.id between 6759421 and 6759430)  (cost=2.28 rows=10)
    -> Index range scan on sbtest7 using PRIMARY over (6759421 <= id <= 6759430)  (cost=2.28 rows=10)


table 8 : explain SELECT c FROM sbtest8 WHERE id BETWEEN 9115170 AND 9115179
	-> Filter: (sbtest8.id between 9115170 and 9115179)  (cost=2.28 rows=10)
    -> Index range scan on sbtest8 using PRIMARY over (9115170 <= id <= 9115179)  (cost=2.28 rows=10)


for: simple_ranges
table 1 : explain SELECT c FROM sbtest1 WHERE id BETWEEN 3478316 AND 3478325
	-> Filter: (sbtest1.id between 3478316 and 3478325)  (cost=2.28 rows=10)
    -> Index range scan on sbtest1 using PRIMARY over (3478316 <= id <= 3478325)  (cost=2.28 rows=10)


table 2 : explain SELECT c FROM sbtest2 WHERE id BETWEEN 4382604 AND 4382613
	-> Filter: (sbtest2.id between 4382604 and 4382613)  (cost=2.28 rows=10)
    -> Index range scan on sbtest2 using PRIMARY over (4382604 <= id <= 4382613)  (cost=2.28 rows=10)


table 3 : explain SELECT c FROM sbtest3 WHERE id BETWEEN 9085787 AND 9085796
	-> Filter: (sbtest3.id between 9085787 and 9085796)  (cost=2.28 rows=10)
    -> Index range scan on sbtest3 using PRIMARY over (9085787 <= id <= 9085796)  (cost=2.28 rows=10)


table 4 : explain SELECT c FROM sbtest4 WHERE id BETWEEN 8900176 AND 8900185
	-> Filter: (sbtest4.id between 8900176 and 8900185)  (cost=2.28 rows=10)
    -> Index range scan on sbtest4 using PRIMARY over (8900176 <= id <= 8900185)  (cost=2.28 rows=10)


table 5 : explain SELECT c FROM sbtest5 WHERE id BETWEEN 2217475 AND 2217484
	-> Filter: (sbtest5.id between 2217475 and 2217484)  (cost=2.28 rows=10)
    -> Index range scan on sbtest5 using PRIMARY over (2217475 <= id <= 2217484)  (cost=2.28 rows=10)


table 6 : explain SELECT c FROM sbtest6 WHERE id BETWEEN 2350520 AND 2350529
	-> Filter: (sbtest6.id between 2350520 and 2350529)  (cost=2.28 rows=10)
    -> Index range scan on sbtest6 using PRIMARY over (2350520 <= id <= 2350529)  (cost=2.28 rows=10)


table 7 : explain SELECT c FROM sbtest7 WHERE id BETWEEN 7468620 AND 7468629
	-> Filter: (sbtest7.id between 7468620 and 7468629)  (cost=2.28 rows=10)
    -> Index range scan on sbtest7 using PRIMARY over (7468620 <= id <= 7468629)  (cost=2.28 rows=10)


table 8 : explain SELECT c FROM sbtest8 WHERE id BETWEEN 6846540 AND 6846549
	-> Filter: (sbtest8.id between 6846540 and 6846549)  (cost=2.28 rows=10)
    -> Index range scan on sbtest8 using PRIMARY over (6846540 <= id <= 6846549)  (cost=2.28 rows=10)


for: simple_ranges
table 1 : explain SELECT c FROM sbtest1 WHERE id BETWEEN 6195925 AND 6195934
	-> Filter: (sbtest1.id between 6195925 and 6195934)  (cost=2.28 rows=10)
    -> Index range scan on sbtest1 using PRIMARY over (6195925 <= id <= 6195934)  (cost=2.28 rows=10)


table 2 : explain SELECT c FROM sbtest2 WHERE id BETWEEN 6232775 AND 6232784
	-> Filter: (sbtest2.id between 6232775 and 6232784)  (cost=2.28 rows=10)
    -> Index range scan on sbtest2 using PRIMARY over (6232775 <= id <= 6232784)  (cost=2.28 rows=10)


table 3 : explain SELECT c FROM sbtest3 WHERE id BETWEEN 2480382 AND 2480391
	-> Filter: (sbtest3.id between 2480382 and 2480391)  (cost=2.28 rows=10)
    -> Index range scan on sbtest3 using PRIMARY over (2480382 <= id <= 2480391)  (cost=2.28 rows=10)


table 4 : explain SELECT c FROM sbtest4 WHERE id BETWEEN 5512135 AND 5512144
	-> Filter: (sbtest4.id between 5512135 and 5512144)  (cost=2.28 rows=10)
    -> Index range scan on sbtest4 using PRIMARY over (5512135 <= id <= 5512144)  (cost=2.28 rows=10)


table 5 : explain SELECT c FROM sbtest5 WHERE id BETWEEN 6740817 AND 6740826
	-> Filter: (sbtest5.id between 6740817 and 6740826)  (cost=2.28 rows=10)
    -> Index range scan on sbtest5 using PRIMARY over (6740817 <= id <= 6740826)  (cost=2.28 rows=10)


table 6 : explain SELECT c FROM sbtest6 WHERE id BETWEEN 2196978 AND 2196987
	-> Filter: (sbtest6.id between 2196978 and 2196987)  (cost=2.28 rows=10)
    -> Index range scan on sbtest6 using PRIMARY over (2196978 <= id <= 2196987)  (cost=2.28 rows=10)


table 7 : explain SELECT c FROM sbtest7 WHERE id BETWEEN 2204902 AND 2204911
	-> Filter: (sbtest7.id between 2204902 and 2204911)  (cost=2.28 rows=10)
    -> Index range scan on sbtest7 using PRIMARY over (2204902 <= id <= 2204911)  (cost=2.28 rows=10)


table 8 : explain SELECT c FROM sbtest8 WHERE id BETWEEN 8927798 AND 8927807
	-> Filter: (sbtest8.id between 8927798 and 8927807)  (cost=2.28 rows=10)
    -> Index range scan on sbtest8 using PRIMARY over (8927798 <= id <= 8927807)  (cost=2.28 rows=10)


for: simple_ranges
table 1 : explain SELECT c FROM sbtest1 WHERE id BETWEEN 8764513 AND 8764522
	-> Filter: (sbtest1.id between 8764513 and 8764522)  (cost=2.28 rows=10)
    -> Index range scan on sbtest1 using PRIMARY over (8764513 <= id <= 8764522)  (cost=2.28 rows=10)


table 2 : explain SELECT c FROM sbtest2 WHERE id BETWEEN 8679404 AND 8679413
	-> Filter: (sbtest2.id between 8679404 and 8679413)  (cost=2.28 rows=10)
    -> Index range scan on sbtest2 using PRIMARY over (8679404 <= id <= 8679413)  (cost=2.28 rows=10)


table 3 : explain SELECT c FROM sbtest3 WHERE id BETWEEN 1070822 AND 1070831
	-> Filter: (sbtest3.id between 1070822 and 1070831)  (cost=2.28 rows=10)
    -> Index range scan on sbtest3 using PRIMARY over (1070822 <= id <= 1070831)  (cost=2.28 rows=10)


table 4 : explain SELECT c FROM sbtest4 WHERE id BETWEEN 5873559 AND 5873568
	-> Filter: (sbtest4.id between 5873559 and 5873568)  (cost=2.28 rows=10)
    -> Index range scan on sbtest4 using PRIMARY over (5873559 <= id <= 5873568)  (cost=2.28 rows=10)


table 5 : explain SELECT c FROM sbtest5 WHERE id BETWEEN 4597722 AND 4597731
	-> Filter: (sbtest5.id between 4597722 and 4597731)  (cost=2.28 rows=10)
    -> Index range scan on sbtest5 using PRIMARY over (4597722 <= id <= 4597731)  (cost=2.28 rows=10)


table 6 : explain SELECT c FROM sbtest6 WHERE id BETWEEN 4662821 AND 4662830
	-> Filter: (sbtest6.id between 4662821 and 4662830)  (cost=2.28 rows=10)
    -> Index range scan on sbtest6 using PRIMARY over (4662821 <= id <= 4662830)  (cost=2.28 rows=10)


table 7 : explain SELECT c FROM sbtest7 WHERE id BETWEEN 7515150 AND 7515159
	-> Filter: (sbtest7.id between 7515150 and 7515159)  (cost=2.28 rows=10)
    -> Index range scan on sbtest7 using PRIMARY over (7515150 <= id <= 7515159)  (cost=2.28 rows=10)


table 8 : explain SELECT c FROM sbtest8 WHERE id BETWEEN 8366686 AND 8366695
	-> Filter: (sbtest8.id between 8366686 and 8366695)  (cost=2.28 rows=10)
    -> Index range scan on sbtest8 using PRIMARY over (8366686 <= id <= 8366695)  (cost=2.28 rows=10)


for: simple_ranges
table 1 : explain SELECT c FROM sbtest1 WHERE id BETWEEN 1895244 AND 1895253
	-> Filter: (sbtest1.id between 1895244 and 1895253)  (cost=2.28 rows=10)
    -> Index range scan on sbtest1 using PRIMARY over (1895244 <= id <= 1895253)  (cost=2.28 rows=10)


table 2 : explain SELECT c FROM sbtest2 WHERE id BETWEEN 4607956 AND 4607965
	-> Filter: (sbtest2.id between 4607956 and 4607965)  (cost=2.28 rows=10)
    -> Index range scan on sbtest2 using PRIMARY over (4607956 <= id <= 4607965)  (cost=2.28 rows=10)


table 3 : explain SELECT c FROM sbtest3 WHERE id BETWEEN 2219062 AND 2219071
	-> Filter: (sbtest3.id between 2219062 and 2219071)  (cost=2.28 rows=10)
    -> Index range scan on sbtest3 using PRIMARY over (2219062 <= id <= 2219071)  (cost=2.28 rows=10)


table 4 : explain SELECT c FROM sbtest4 WHERE id BETWEEN 2407614 AND 2407623
	-> Filter: (sbtest4.id between 2407614 and 2407623)  (cost=2.28 rows=10)
    -> Index range scan on sbtest4 using PRIMARY over (2407614 <= id <= 2407623)  (cost=2.28 rows=10)


table 5 : explain SELECT c FROM sbtest5 WHERE id BETWEEN 7059808 AND 7059817
	-> Filter: (sbtest5.id between 7059808 and 7059817)  (cost=2.28 rows=10)
    -> Index range scan on sbtest5 using PRIMARY over (7059808 <= id <= 7059817)  (cost=2.28 rows=10)


table 6 : explain SELECT c FROM sbtest6 WHERE id BETWEEN 292946 AND 292955
	-> Filter: (sbtest6.id between 292946 and 292955)  (cost=2.28 rows=10)
    -> Index range scan on sbtest6 using PRIMARY over (292946 <= id <= 292955)  (cost=2.28 rows=10)


table 7 : explain SELECT c FROM sbtest7 WHERE id BETWEEN 4067863 AND 4067872
	-> Filter: (sbtest7.id between 4067863 and 4067872)  (cost=2.28 rows=10)
    -> Index range scan on sbtest7 using PRIMARY over (4067863 <= id <= 4067872)  (cost=2.28 rows=10)


table 8 : explain SELECT c FROM sbtest8 WHERE id BETWEEN 1701933 AND 1701942
	-> Filter: (sbtest8.id between 1701933 and 1701942)  (cost=2.28 rows=10)
    -> Index range scan on sbtest8 using PRIMARY over (1701933 <= id <= 1701942)  (cost=2.28 rows=10)


for: simple_ranges
table 1 : explain SELECT c FROM sbtest1 WHERE id BETWEEN 2657688 AND 2657697
	-> Filter: (sbtest1.id between 2657688 and 2657697)  (cost=2.28 rows=10)
    -> Index range scan on sbtest1 using PRIMARY over (2657688 <= id <= 2657697)  (cost=2.28 rows=10)


table 2 : explain SELECT c FROM sbtest2 WHERE id BETWEEN 6500889 AND 6500898
	-> Filter: (sbtest2.id between 6500889 and 6500898)  (cost=2.28 rows=10)
    -> Index range scan on sbtest2 using PRIMARY over (6500889 <= id <= 6500898)  (cost=2.28 rows=10)


table 3 : explain SELECT c FROM sbtest3 WHERE id BETWEEN 2255856 AND 2255865
	-> Filter: (sbtest3.id between 2255856 and 2255865)  (cost=2.28 rows=10)
    -> Index range scan on sbtest3 using PRIMARY over (2255856 <= id <= 2255865)  (cost=2.28 rows=10)


table 4 : explain SELECT c FROM sbtest4 WHERE id BETWEEN 7470216 AND 7470225
	-> Filter: (sbtest4.id between 7470216 and 7470225)  (cost=2.28 rows=10)
    -> Index range scan on sbtest4 using PRIMARY over (7470216 <= id <= 7470225)  (cost=2.28 rows=10)


table 5 : explain SELECT c FROM sbtest5 WHERE id BETWEEN 8635230 AND 8635239
	-> Filter: (sbtest5.id between 8635230 and 8635239)  (cost=2.28 rows=10)
    -> Index range scan on sbtest5 using PRIMARY over (8635230 <= id <= 8635239)  (cost=2.28 rows=10)


table 6 : explain SELECT c FROM sbtest6 WHERE id BETWEEN 2532020 AND 2532029
	-> Filter: (sbtest6.id between 2532020 and 2532029)  (cost=2.28 rows=10)
    -> Index range scan on sbtest6 using PRIMARY over (2532020 <= id <= 2532029)  (cost=2.28 rows=10)


table 7 : explain SELECT c FROM sbtest7 WHERE id BETWEEN 9248254 AND 9248263
	-> Filter: (sbtest7.id between 9248254 and 9248263)  (cost=2.28 rows=10)
    -> Index range scan on sbtest7 using PRIMARY over (9248254 <= id <= 9248263)  (cost=2.28 rows=10)


table 8 : explain SELECT c FROM sbtest8 WHERE id BETWEEN 7633910 AND 7633919
	-> Filter: (sbtest8.id between 7633910 and 7633919)  (cost=2.28 rows=10)
    -> Index range scan on sbtest8 using PRIMARY over (7633910 <= id <= 7633919)  (cost=2.28 rows=10)


for: simple_ranges
table 1 : explain SELECT c FROM sbtest1 WHERE id BETWEEN 5469778 AND 5469787
	-> Filter: (sbtest1.id between 5469778 and 5469787)  (cost=2.28 rows=10)
    -> Index range scan on sbtest1 using PRIMARY over (5469778 <= id <= 5469787)  (cost=2.28 rows=10)


table 2 : explain SELECT c FROM sbtest2 WHERE id BETWEEN 5845258 AND 5845267
	-> Filter: (sbtest2.id between 5845258 and 5845267)  (cost=2.28 rows=10)
    -> Index range scan on sbtest2 using PRIMARY over (5845258 <= id <= 5845267)  (cost=2.28 rows=10)


table 3 : explain SELECT c FROM sbtest3 WHERE id BETWEEN 2095116 AND 2095125
	-> Filter: (sbtest3.id between 2095116 and 2095125)  (cost=2.28 rows=10)
    -> Index range scan on sbtest3 using PRIMARY over (2095116 <= id <= 2095125)  (cost=2.28 rows=10)


table 4 : explain SELECT c FROM sbtest4 WHERE id BETWEEN 6667047 AND 6667056
	-> Filter: (sbtest4.id between 6667047 and 6667056)  (cost=2.28 rows=10)
    -> Index range scan on sbtest4 using PRIMARY over (6667047 <= id <= 6667056)  (cost=2.28 rows=10)


table 5 : explain SELECT c FROM sbtest5 WHERE id BETWEEN 2981646 AND 2981655
	-> Filter: (sbtest5.id between 2981646 and 2981655)  (cost=2.28 rows=10)
    -> Index range scan on sbtest5 using PRIMARY over (2981646 <= id <= 2981655)  (cost=2.28 rows=10)


table 6 : explain SELECT c FROM sbtest6 WHERE id BETWEEN 1009397 AND 1009406
	-> Filter: (sbtest6.id between 1009397 and 1009406)  (cost=2.28 rows=10)
    -> Index range scan on sbtest6 using PRIMARY over (1009397 <= id <= 1009406)  (cost=2.28 rows=10)


table 7 : explain SELECT c FROM sbtest7 WHERE id BETWEEN 6119952 AND 6119961
	-> Filter: (sbtest7.id between 6119952 and 6119961)  (cost=2.28 rows=10)
    -> Index range scan on sbtest7 using PRIMARY over (6119952 <= id <= 6119961)  (cost=2.28 rows=10)


table 8 : explain SELECT c FROM sbtest8 WHERE id BETWEEN 3043786 AND 3043795
	-> Filter: (sbtest8.id between 3043786 and 3043795)  (cost=2.28 rows=10)
    -> Index range scan on sbtest8 using PRIMARY over (3043786 <= id <= 3043795)  (cost=2.28 rows=10)


for: simple_ranges
table 1 : explain SELECT c FROM sbtest1 WHERE id BETWEEN 5209868 AND 5209877
	-> Filter: (sbtest1.id between 5209868 and 5209877)  (cost=2.28 rows=10)
    -> Index range scan on sbtest1 using PRIMARY over (5209868 <= id <= 5209877)  (cost=2.28 rows=10)


table 2 : explain SELECT c FROM sbtest2 WHERE id BETWEEN 7769194 AND 7769203
	-> Filter: (sbtest2.id between 7769194 and 7769203)  (cost=2.28 rows=10)
    -> Index range scan on sbtest2 using PRIMARY over (7769194 <= id <= 7769203)  (cost=2.28 rows=10)


table 3 : explain SELECT c FROM sbtest3 WHERE id BETWEEN 6623770 AND 6623779
	-> Filter: (sbtest3.id between 6623770 and 6623779)  (cost=2.28 rows=10)
    -> Index range scan on sbtest3 using PRIMARY over (6623770 <= id <= 6623779)  (cost=2.28 rows=10)


table 4 : explain SELECT c FROM sbtest4 WHERE id BETWEEN 7590151 AND 7590160
	-> Filter: (sbtest4.id between 7590151 and 7590160)  (cost=2.28 rows=10)
    -> Index range scan on sbtest4 using PRIMARY over (7590151 <= id <= 7590160)  (cost=2.28 rows=10)


table 5 : explain SELECT c FROM sbtest5 WHERE id BETWEEN 3670138 AND 3670147
	-> Filter: (sbtest5.id between 3670138 and 3670147)  (cost=2.28 rows=10)
    -> Index range scan on sbtest5 using PRIMARY over (3670138 <= id <= 3670147)  (cost=2.28 rows=10)


table 6 : explain SELECT c FROM sbtest6 WHERE id BETWEEN 6414879 AND 6414888
	-> Filter: (sbtest6.id between 6414879 and 6414888)  (cost=2.28 rows=10)
    -> Index range scan on sbtest6 using PRIMARY over (6414879 <= id <= 6414888)  (cost=2.28 rows=10)


table 7 : explain SELECT c FROM sbtest7 WHERE id BETWEEN 3083945 AND 3083954
	-> Filter: (sbtest7.id between 3083945 and 3083954)  (cost=2.28 rows=10)
    -> Index range scan on sbtest7 using PRIMARY over (3083945 <= id <= 3083954)  (cost=2.28 rows=10)


table 8 : explain SELECT c FROM sbtest8 WHERE id BETWEEN 6851565 AND 6851574
	-> Filter: (sbtest8.id between 6851565 and 6851574)  (cost=2.28 rows=10)
    -> Index range scan on sbtest8 using PRIMARY over (6851565 <= id <= 6851574)  (cost=2.28 rows=10)


for: sum_ranges
table 1 : explain SELECT SUM(k) FROM sbtest1 WHERE id BETWEEN 3453377 AND 3453386
	-> Aggregate: sum(sbtest1.k)  (cost=4.58 rows=1)
    -> Filter: (sbtest1.id between 3453377 and 3453386)  (cost=2.28 rows=10)
        -> Index range scan on sbtest1 using PRIMARY over (3453377 <= id <= 3453386)  (cost=2.28 rows=10)


table 2 : explain SELECT SUM(k) FROM sbtest2 WHERE id BETWEEN 6548916 AND 6548925
	-> Aggregate: sum(sbtest2.k)  (cost=4.58 rows=1)
    -> Filter: (sbtest2.id between 6548916 and 6548925)  (cost=2.28 rows=10)
        -> Index range scan on sbtest2 using PRIMARY over (6548916 <= id <= 6548925)  (cost=2.28 rows=10)


table 3 : explain SELECT SUM(k) FROM sbtest3 WHERE id BETWEEN 3679304 AND 3679313
	-> Aggregate: sum(sbtest3.k)  (cost=4.58 rows=1)
    -> Filter: (sbtest3.id between 3679304 and 3679313)  (cost=2.28 rows=10)
        -> Index range scan on sbtest3 using PRIMARY over (3679304 <= id <= 3679313)  (cost=2.28 rows=10)


table 4 : explain SELECT SUM(k) FROM sbtest4 WHERE id BETWEEN 8618102 AND 8618111
	-> Aggregate: sum(sbtest4.k)  (cost=4.58 rows=1)
    -> Filter: (sbtest4.id between 8618102 and 8618111)  (cost=2.28 rows=10)
        -> Index range scan on sbtest4 using PRIMARY over (8618102 <= id <= 8618111)  (cost=2.28 rows=10)


table 5 : explain SELECT SUM(k) FROM sbtest5 WHERE id BETWEEN 4155593 AND 4155602
	-> Aggregate: sum(sbtest5.k)  (cost=4.58 rows=1)
    -> Filter: (sbtest5.id between 4155593 and 4155602)  (cost=2.28 rows=10)
        -> Index range scan on sbtest5 using PRIMARY over (4155593 <= id <= 4155602)  (cost=2.28 rows=10)


table 6 : explain SELECT SUM(k) FROM sbtest6 WHERE id BETWEEN 3989522 AND 3989531
	-> Aggregate: sum(sbtest6.k)  (cost=4.58 rows=1)
    -> Filter: (sbtest6.id between 3989522 and 3989531)  (cost=2.28 rows=10)
        -> Index range scan on sbtest6 using PRIMARY over (3989522 <= id <= 3989531)  (cost=2.28 rows=10)


table 7 : explain SELECT SUM(k) FROM sbtest7 WHERE id BETWEEN 8964335 AND 8964344
	-> Aggregate: sum(sbtest7.k)  (cost=4.58 rows=1)
    -> Filter: (sbtest7.id between 8964335 and 8964344)  (cost=2.28 rows=10)
        -> Index range scan on sbtest7 using PRIMARY over (8964335 <= id <= 8964344)  (cost=2.28 rows=10)


table 8 : explain SELECT SUM(k) FROM sbtest8 WHERE id BETWEEN 6489284 AND 6489293
	-> Aggregate: sum(sbtest8.k)  (cost=4.58 rows=1)
    -> Filter: (sbtest8.id between 6489284 and 6489293)  (cost=2.28 rows=10)
        -> Index range scan on sbtest8 using PRIMARY over (6489284 <= id <= 6489293)  (cost=2.28 rows=10)


for: sum_ranges
table 1 : explain SELECT SUM(k) FROM sbtest1 WHERE id BETWEEN 3247437 AND 3247446
	-> Aggregate: sum(sbtest1.k)  (cost=4.58 rows=1)
    -> Filter: (sbtest1.id between 3247437 and 3247446)  (cost=2.28 rows=10)
        -> Index range scan on sbtest1 using PRIMARY over (3247437 <= id <= 3247446)  (cost=2.28 rows=10)


table 2 : explain SELECT SUM(k) FROM sbtest2 WHERE id BETWEEN 1965223 AND 1965232
	-> Aggregate: sum(sbtest2.k)  (cost=4.58 rows=1)
    -> Filter: (sbtest2.id between 1965223 and 1965232)  (cost=2.28 rows=10)
        -> Index range scan on sbtest2 using PRIMARY over (1965223 <= id <= 1965232)  (cost=2.28 rows=10)


table 3 : explain SELECT SUM(k) FROM sbtest3 WHERE id BETWEEN 5160050 AND 5160059
	-> Aggregate: sum(sbtest3.k)  (cost=4.58 rows=1)
    -> Filter: (sbtest3.id between 5160050 and 5160059)  (cost=2.28 rows=10)
        -> Index range scan on sbtest3 using PRIMARY over (5160050 <= id <= 5160059)  (cost=2.28 rows=10)


table 4 : explain SELECT SUM(k) FROM sbtest4 WHERE id BETWEEN 9631356 AND 9631365
	-> Aggregate: sum(sbtest4.k)  (cost=4.58 rows=1)
    -> Filter: (sbtest4.id between 9631356 and 9631365)  (cost=2.28 rows=10)
        -> Index range scan on sbtest4 using PRIMARY over (9631356 <= id <= 9631365)  (cost=2.28 rows=10)


table 5 : explain SELECT SUM(k) FROM sbtest5 WHERE id BETWEEN 4136902 AND 4136911
	-> Aggregate: sum(sbtest5.k)  (cost=4.58 rows=1)
    -> Filter: (sbtest5.id between 4136902 and 4136911)  (cost=2.28 rows=10)
        -> Index range scan on sbtest5 using PRIMARY over (4136902 <= id <= 4136911)  (cost=2.28 rows=10)


table 6 : explain SELECT SUM(k) FROM sbtest6 WHERE id BETWEEN 4126860 AND 4126869
	-> Aggregate: sum(sbtest6.k)  (cost=4.58 rows=1)
    -> Filter: (sbtest6.id between 4126860 and 4126869)  (cost=2.28 rows=10)
        -> Index range scan on sbtest6 using PRIMARY over (4126860 <= id <= 4126869)  (cost=2.28 rows=10)


table 7 : explain SELECT SUM(k) FROM sbtest7 WHERE id BETWEEN 2002655 AND 2002664
	-> Aggregate: sum(sbtest7.k)  (cost=4.58 rows=1)
    -> Filter: (sbtest7.id between 2002655 and 2002664)  (cost=2.28 rows=10)
        -> Index range scan on sbtest7 using PRIMARY over (2002655 <= id <= 2002664)  (cost=2.28 rows=10)


table 8 : explain SELECT SUM(k) FROM sbtest8 WHERE id BETWEEN 4498751 AND 4498760
	-> Aggregate: sum(sbtest8.k)  (cost=4.58 rows=1)
    -> Filter: (sbtest8.id between 4498751 and 4498760)  (cost=2.28 rows=10)
        -> Index range scan on sbtest8 using PRIMARY over (4498751 <= id <= 4498760)  (cost=2.28 rows=10)


for: simple_ranges
table 1 : explain SELECT c FROM sbtest1 WHERE id BETWEEN 8651455 AND 8651464
	-> Filter: (sbtest1.id between 8651455 and 8651464)  (cost=2.28 rows=10)
    -> Index range scan on sbtest1 using PRIMARY over (8651455 <= id <= 8651464)  (cost=2.28 rows=10)


table 2 : explain SELECT c FROM sbtest2 WHERE id BETWEEN 8171777 AND 8171786
	-> Filter: (sbtest2.id between 8171777 and 8171786)  (cost=2.28 rows=10)
    -> Index range scan on sbtest2 using PRIMARY over (8171777 <= id <= 8171786)  (cost=2.28 rows=10)


table 3 : explain SELECT c FROM sbtest3 WHERE id BETWEEN 1161247 AND 1161256
	-> Filter: (sbtest3.id between 1161247 and 1161256)  (cost=2.28 rows=10)
    -> Index range scan on sbtest3 using PRIMARY over (1161247 <= id <= 1161256)  (cost=2.28 rows=10)


table 4 : explain SELECT c FROM sbtest4 WHERE id BETWEEN 9508294 AND 9508303
	-> Filter: (sbtest4.id between 9508294 and 9508303)  (cost=2.28 rows=10)
    -> Index range scan on sbtest4 using PRIMARY over (9508294 <= id <= 9508303)  (cost=2.28 rows=10)


table 5 : explain SELECT c FROM sbtest5 WHERE id BETWEEN 2612234 AND 2612243
	-> Filter: (sbtest5.id between 2612234 and 2612243)  (cost=2.28 rows=10)
    -> Index range scan on sbtest5 using PRIMARY over (2612234 <= id <= 2612243)  (cost=2.28 rows=10)


table 6 : explain SELECT c FROM sbtest6 WHERE id BETWEEN 885831 AND 885840
	-> Filter: (sbtest6.id between 885831 and 885840)  (cost=2.28 rows=10)
    -> Index range scan on sbtest6 using PRIMARY over (885831 <= id <= 885840)  (cost=2.28 rows=10)


table 7 : explain SELECT c FROM sbtest7 WHERE id BETWEEN 2118130 AND 2118139
	-> Filter: (sbtest7.id between 2118130 and 2118139)  (cost=2.28 rows=10)
    -> Index range scan on sbtest7 using PRIMARY over (2118130 <= id <= 2118139)  (cost=2.28 rows=10)


table 8 : explain SELECT c FROM sbtest8 WHERE id BETWEEN 2512554 AND 2512563
	-> Filter: (sbtest8.id between 2512554 and 2512563)  (cost=2.28 rows=10)
    -> Index range scan on sbtest8 using PRIMARY over (2512554 <= id <= 2512563)  (cost=2.28 rows=10)


for: simple_ranges
table 1 : explain SELECT c FROM sbtest1 WHERE id BETWEEN 9344534 AND 9344543
	-> Filter: (sbtest1.id between 9344534 and 9344543)  (cost=2.28 rows=10)
    -> Index range scan on sbtest1 using PRIMARY over (9344534 <= id <= 9344543)  (cost=2.28 rows=10)


table 2 : explain SELECT c FROM sbtest2 WHERE id BETWEEN 7800172 AND 7800181
	-> Filter: (sbtest2.id between 7800172 and 7800181)  (cost=2.28 rows=10)
    -> Index range scan on sbtest2 using PRIMARY over (7800172 <= id <= 7800181)  (cost=2.28 rows=10)


table 3 : explain SELECT c FROM sbtest3 WHERE id BETWEEN 7199467 AND 7199476
	-> Filter: (sbtest3.id between 7199467 and 7199476)  (cost=2.28 rows=10)
    -> Index range scan on sbtest3 using PRIMARY over (7199467 <= id <= 7199476)  (cost=2.28 rows=10)


table 4 : explain SELECT c FROM sbtest4 WHERE id BETWEEN 2608623 AND 2608632
	-> Filter: (sbtest4.id between 2608623 and 2608632)  (cost=2.28 rows=10)
    -> Index range scan on sbtest4 using PRIMARY over (2608623 <= id <= 2608632)  (cost=2.28 rows=10)


table 5 : explain SELECT c FROM sbtest5 WHERE id BETWEEN 2108853 AND 2108862
	-> Filter: (sbtest5.id between 2108853 and 2108862)  (cost=2.28 rows=10)
    -> Index range scan on sbtest5 using PRIMARY over (2108853 <= id <= 2108862)  (cost=2.28 rows=10)


table 6 : explain SELECT c FROM sbtest6 WHERE id BETWEEN 4307167 AND 4307176
	-> Filter: (sbtest6.id between 4307167 and 4307176)  (cost=2.28 rows=10)
    -> Index range scan on sbtest6 using PRIMARY over (4307167 <= id <= 4307176)  (cost=2.28 rows=10)


table 7 : explain SELECT c FROM sbtest7 WHERE id BETWEEN 197434 AND 197443
	-> Filter: (sbtest7.id between 197434 and 197443)  (cost=2.28 rows=10)
    -> Index range scan on sbtest7 using PRIMARY over (197434 <= id <= 197443)  (cost=2.28 rows=10)


table 8 : explain SELECT c FROM sbtest8 WHERE id BETWEEN 8806610 AND 8806619
	-> Filter: (sbtest8.id between 8806610 and 8806619)  (cost=2.28 rows=10)
    -> Index range scan on sbtest8 using PRIMARY over (8806610 <= id <= 8806619)  (cost=2.28 rows=10)


for: simple_ranges
table 1 : explain SELECT c FROM sbtest1 WHERE id BETWEEN 7675596 AND 7675605
	-> Filter: (sbtest1.id between 7675596 and 7675605)  (cost=2.28 rows=10)
    -> Index range scan on sbtest1 using PRIMARY over (7675596 <= id <= 7675605)  (cost=2.28 rows=10)


table 2 : explain SELECT c FROM sbtest2 WHERE id BETWEEN 7181239 AND 7181248
	-> Filter: (sbtest2.id between 7181239 and 7181248)  (cost=2.28 rows=10)
    -> Index range scan on sbtest2 using PRIMARY over (7181239 <= id <= 7181248)  (cost=2.28 rows=10)


table 3 : explain SELECT c FROM sbtest3 WHERE id BETWEEN 3895869 AND 3895878
	-> Filter: (sbtest3.id between 3895869 and 3895878)  (cost=2.28 rows=10)
    -> Index range scan on sbtest3 using PRIMARY over (3895869 <= id <= 3895878)  (cost=2.28 rows=10)


table 4 : explain SELECT c FROM sbtest4 WHERE id BETWEEN 6164374 AND 6164383
	-> Filter: (sbtest4.id between 6164374 and 6164383)  (cost=2.28 rows=10)
    -> Index range scan on sbtest4 using PRIMARY over (6164374 <= id <= 6164383)  (cost=2.28 rows=10)


table 5 : explain SELECT c FROM sbtest5 WHERE id BETWEEN 8107303 AND 8107312
	-> Filter: (sbtest5.id between 8107303 and 8107312)  (cost=2.28 rows=10)
    -> Index range scan on sbtest5 using PRIMARY over (8107303 <= id <= 8107312)  (cost=2.28 rows=10)


table 6 : explain SELECT c FROM sbtest6 WHERE id BETWEEN 6871505 AND 6871514
	-> Filter: (sbtest6.id between 6871505 and 6871514)  (cost=2.28 rows=10)
    -> Index range scan on sbtest6 using PRIMARY over (6871505 <= id <= 6871514)  (cost=2.28 rows=10)


table 7 : explain SELECT c FROM sbtest7 WHERE id BETWEEN 5298493 AND 5298502
	-> Filter: (sbtest7.id between 5298493 and 5298502)  (cost=2.28 rows=10)
    -> Index range scan on sbtest7 using PRIMARY over (5298493 <= id <= 5298502)  (cost=2.28 rows=10)


table 8 : explain SELECT c FROM sbtest8 WHERE id BETWEEN 5186267 AND 5186276
	-> Filter: (sbtest8.id between 5186267 and 5186276)  (cost=2.28 rows=10)
    -> Index range scan on sbtest8 using PRIMARY over (5186267 <= id <= 5186276)  (cost=2.28 rows=10)


for: simple_ranges
table 1 : explain SELECT c FROM sbtest1 WHERE id BETWEEN 5262024 AND 5262033
	-> Filter: (sbtest1.id between 5262024 and 5262033)  (cost=2.28 rows=10)
    -> Index range scan on sbtest1 using PRIMARY over (5262024 <= id <= 5262033)  (cost=2.28 rows=10)


table 2 : explain SELECT c FROM sbtest2 WHERE id BETWEEN 1076152 AND 1076161
	-> Filter: (sbtest2.id between 1076152 and 1076161)  (cost=2.28 rows=10)
    -> Index range scan on sbtest2 using PRIMARY over (1076152 <= id <= 1076161)  (cost=2.28 rows=10)


table 3 : explain SELECT c FROM sbtest3 WHERE id BETWEEN 7568935 AND 7568944
	-> Filter: (sbtest3.id between 7568935 and 7568944)  (cost=2.28 rows=10)
    -> Index range scan on sbtest3 using PRIMARY over (7568935 <= id <= 7568944)  (cost=2.28 rows=10)


table 4 : explain SELECT c FROM sbtest4 WHERE id BETWEEN 7321759 AND 7321768
	-> Filter: (sbtest4.id between 7321759 and 7321768)  (cost=2.28 rows=10)
    -> Index range scan on sbtest4 using PRIMARY over (7321759 <= id <= 7321768)  (cost=2.28 rows=10)


table 5 : explain SELECT c FROM sbtest5 WHERE id BETWEEN 760492 AND 760501
	-> Filter: (sbtest5.id between 760492 and 760501)  (cost=2.28 rows=10)
    -> Index range scan on sbtest5 using PRIMARY over (760492 <= id <= 760501)  (cost=2.28 rows=10)


table 6 : explain SELECT c FROM sbtest6 WHERE id BETWEEN 541230 AND 541239
	-> Filter: (sbtest6.id between 541230 and 541239)  (cost=2.28 rows=10)
    -> Index range scan on sbtest6 using PRIMARY over (541230 <= id <= 541239)  (cost=2.28 rows=10)


table 7 : explain SELECT c FROM sbtest7 WHERE id BETWEEN 1475964 AND 1475973
	-> Filter: (sbtest7.id between 1475964 and 1475973)  (cost=2.28 rows=10)
    -> Index range scan on sbtest7 using PRIMARY over (1475964 <= id <= 1475973)  (cost=2.28 rows=10)


table 8 : explain SELECT c FROM sbtest8 WHERE id BETWEEN 3007779 AND 3007788
	-> Filter: (sbtest8.id between 3007779 and 3007788)  (cost=2.28 rows=10)
    -> Index range scan on sbtest8 using PRIMARY over (3007779 <= id <= 3007788)  (cost=2.28 rows=10)


for: simple_ranges
table 1 : explain SELECT c FROM sbtest1 WHERE id BETWEEN 9783270 AND 9783279
	-> Filter: (sbtest1.id between 9783270 and 9783279)  (cost=2.28 rows=10)
    -> Index range scan on sbtest1 using PRIMARY over (9783270 <= id <= 9783279)  (cost=2.28 rows=10)


table 2 : explain SELECT c FROM sbtest2 WHERE id BETWEEN 9912107 AND 9912116
	-> Filter: (sbtest2.id between 9912107 and 9912116)  (cost=2.28 rows=10)
    -> Index range scan on sbtest2 using PRIMARY over (9912107 <= id <= 9912116)  (cost=2.28 rows=10)


table 3 : explain SELECT c FROM sbtest3 WHERE id BETWEEN 5270187 AND 5270196
	-> Filter: (sbtest3.id between 5270187 and 5270196)  (cost=2.28 rows=10)
    -> Index range scan on sbtest3 using PRIMARY over (5270187 <= id <= 5270196)  (cost=2.28 rows=10)


table 4 : explain SELECT c FROM sbtest4 WHERE id BETWEEN 1770656 AND 1770665
	-> Filter: (sbtest4.id between 1770656 and 1770665)  (cost=2.28 rows=10)
    -> Index range scan on sbtest4 using PRIMARY over (1770656 <= id <= 1770665)  (cost=2.28 rows=10)


table 5 : explain SELECT c FROM sbtest5 WHERE id BETWEEN 9523426 AND 9523435
	-> Filter: (sbtest5.id between 9523426 and 9523435)  (cost=2.28 rows=10)
    -> Index range scan on sbtest5 using PRIMARY over (9523426 <= id <= 9523435)  (cost=2.28 rows=10)


table 6 : explain SELECT c FROM sbtest6 WHERE id BETWEEN 6956532 AND 6956541
	-> Filter: (sbtest6.id between 6956532 and 6956541)  (cost=2.28 rows=10)
    -> Index range scan on sbtest6 using PRIMARY over (6956532 <= id <= 6956541)  (cost=2.28 rows=10)


table 7 : explain SELECT c FROM sbtest7 WHERE id BETWEEN 2789207 AND 2789216
	-> Filter: (sbtest7.id between 2789207 and 2789216)  (cost=2.28 rows=10)
    -> Index range scan on sbtest7 using PRIMARY over (2789207 <= id <= 2789216)  (cost=2.28 rows=10)


table 8 : explain SELECT c FROM sbtest8 WHERE id BETWEEN 3102678 AND 3102687
	-> Filter: (sbtest8.id between 3102678 and 3102687)  (cost=2.28 rows=10)
    -> Index range scan on sbtest8 using PRIMARY over (3102678 <= id <= 3102687)  (cost=2.28 rows=10)


for: simple_ranges
table 1 : explain SELECT c FROM sbtest1 WHERE id BETWEEN 5646438 AND 5646447
	-> Filter: (sbtest1.id between 5646438 and 5646447)  (cost=2.28 rows=10)
    -> Index range scan on sbtest1 using PRIMARY over (5646438 <= id <= 5646447)  (cost=2.28 rows=10)


table 2 : explain SELECT c FROM sbtest2 WHERE id BETWEEN 9943249 AND 9943258
	-> Filter: (sbtest2.id between 9943249 and 9943258)  (cost=2.28 rows=10)
    -> Index range scan on sbtest2 using PRIMARY over (9943249 <= id <= 9943258)  (cost=2.28 rows=10)


table 3 : explain SELECT c FROM sbtest3 WHERE id BETWEEN 2184890 AND 2184899
	-> Filter: (sbtest3.id between 2184890 and 2184899)  (cost=2.28 rows=10)
    -> Index range scan on sbtest3 using PRIMARY over (2184890 <= id <= 2184899)  (cost=2.28 rows=10)


table 4 : explain SELECT c FROM sbtest4 WHERE id BETWEEN 6905035 AND 6905044
	-> Filter: (sbtest4.id between 6905035 and 6905044)  (cost=2.28 rows=10)
    -> Index range scan on sbtest4 using PRIMARY over (6905035 <= id <= 6905044)  (cost=2.28 rows=10)


table 5 : explain SELECT c FROM sbtest5 WHERE id BETWEEN 1307912 AND 1307921
	-> Filter: (sbtest5.id between 1307912 and 1307921)  (cost=2.28 rows=10)
    -> Index range scan on sbtest5 using PRIMARY over (1307912 <= id <= 1307921)  (cost=2.28 rows=10)


table 6 : explain SELECT c FROM sbtest6 WHERE id BETWEEN 8839650 AND 8839659
	-> Filter: (sbtest6.id between 8839650 and 8839659)  (cost=2.28 rows=10)
    -> Index range scan on sbtest6 using PRIMARY over (8839650 <= id <= 8839659)  (cost=2.28 rows=10)


table 7 : explain SELECT c FROM sbtest7 WHERE id BETWEEN 7430422 AND 7430431
	-> Filter: (sbtest7.id between 7430422 and 7430431)  (cost=2.28 rows=10)
    -> Index range scan on sbtest7 using PRIMARY over (7430422 <= id <= 7430431)  (cost=2.28 rows=10)


table 8 : explain SELECT c FROM sbtest8 WHERE id BETWEEN 8900256 AND 8900265
	-> Filter: (sbtest8.id between 8900256 and 8900265)  (cost=2.28 rows=10)
    -> Index range scan on sbtest8 using PRIMARY over (8900256 <= id <= 8900265)  (cost=2.28 rows=10)


for: simple_ranges
table 1 : explain SELECT c FROM sbtest1 WHERE id BETWEEN 2800287 AND 2800296
	-> Filter: (sbtest1.id between 2800287 and 2800296)  (cost=2.28 rows=10)
    -> Index range scan on sbtest1 using PRIMARY over (2800287 <= id <= 2800296)  (cost=2.28 rows=10)


table 2 : explain SELECT c FROM sbtest2 WHERE id BETWEEN 4469096 AND 4469105
	-> Filter: (sbtest2.id between 4469096 and 4469105)  (cost=2.28 rows=10)
    -> Index range scan on sbtest2 using PRIMARY over (4469096 <= id <= 4469105)  (cost=2.28 rows=10)


table 3 : explain SELECT c FROM sbtest3 WHERE id BETWEEN 609826 AND 609835
	-> Filter: (sbtest3.id between 609826 and 609835)  (cost=2.28 rows=10)
    -> Index range scan on sbtest3 using PRIMARY over (609826 <= id <= 609835)  (cost=2.28 rows=10)


table 4 : explain SELECT c FROM sbtest4 WHERE id BETWEEN 480530 AND 480539
	-> Filter: (sbtest4.id between 480530 and 480539)  (cost=2.28 rows=10)
    -> Index range scan on sbtest4 using PRIMARY over (480530 <= id <= 480539)  (cost=2.28 rows=10)


table 5 : explain SELECT c FROM sbtest5 WHERE id BETWEEN 2582453 AND 2582462
	-> Filter: (sbtest5.id between 2582453 and 2582462)  (cost=2.28 rows=10)
    -> Index range scan on sbtest5 using PRIMARY over (2582453 <= id <= 2582462)  (cost=2.28 rows=10)


table 6 : explain SELECT c FROM sbtest6 WHERE id BETWEEN 589776 AND 589785
	-> Filter: (sbtest6.id between 589776 and 589785)  (cost=2.28 rows=10)
    -> Index range scan on sbtest6 using PRIMARY over (589776 <= id <= 589785)  (cost=2.28 rows=10)


table 7 : explain SELECT c FROM sbtest7 WHERE id BETWEEN 2739401 AND 2739410
	-> Filter: (sbtest7.id between 2739401 and 2739410)  (cost=2.28 rows=10)
    -> Index range scan on sbtest7 using PRIMARY over (2739401 <= id <= 2739410)  (cost=2.28 rows=10)


table 8 : explain SELECT c FROM sbtest8 WHERE id BETWEEN 4743930 AND 4743939
	-> Filter: (sbtest8.id between 4743930 and 4743939)  (cost=2.28 rows=10)
    -> Index range scan on sbtest8 using PRIMARY over (4743930 <= id <= 4743939)  (cost=2.28 rows=10)


for: simple_ranges
table 1 : explain SELECT c FROM sbtest1 WHERE id BETWEEN 165567 AND 165576
	-> Filter: (sbtest1.id between 165567 and 165576)  (cost=2.28 rows=10)
    -> Index range scan on sbtest1 using PRIMARY over (165567 <= id <= 165576)  (cost=2.28 rows=10)


table 2 : explain SELECT c FROM sbtest2 WHERE id BETWEEN 319830 AND 319839
	-> Filter: (sbtest2.id between 319830 and 319839)  (cost=2.28 rows=10)
    -> Index range scan on sbtest2 using PRIMARY over (319830 <= id <= 319839)  (cost=2.28 rows=10)


table 3 : explain SELECT c FROM sbtest3 WHERE id BETWEEN 8734489 AND 8734498
	-> Filter: (sbtest3.id between 8734489 and 8734498)  (cost=2.28 rows=10)
    -> Index range scan on sbtest3 using PRIMARY over (8734489 <= id <= 8734498)  (cost=2.28 rows=10)


table 4 : explain SELECT c FROM sbtest4 WHERE id BETWEEN 4321778 AND 4321787
	-> Filter: (sbtest4.id between 4321778 and 4321787)  (cost=2.28 rows=10)
    -> Index range scan on sbtest4 using PRIMARY over (4321778 <= id <= 4321787)  (cost=2.28 rows=10)


table 5 : explain SELECT c FROM sbtest5 WHERE id BETWEEN 6864123 AND 6864132
	-> Filter: (sbtest5.id between 6864123 and 6864132)  (cost=2.28 rows=10)
    -> Index range scan on sbtest5 using PRIMARY over (6864123 <= id <= 6864132)  (cost=2.28 rows=10)


table 6 : explain SELECT c FROM sbtest6 WHERE id BETWEEN 1142344 AND 1142353
	-> Filter: (sbtest6.id between 1142344 and 1142353)  (cost=2.28 rows=10)
    -> Index range scan on sbtest6 using PRIMARY over (1142344 <= id <= 1142353)  (cost=2.28 rows=10)


table 7 : explain SELECT c FROM sbtest7 WHERE id BETWEEN 5049431 AND 5049440
	-> Filter: (sbtest7.id between 5049431 and 5049440)  (cost=2.28 rows=10)
    -> Index range scan on sbtest7 using PRIMARY over (5049431 <= id <= 5049440)  (cost=2.28 rows=10)


table 8 : explain SELECT c FROM sbtest8 WHERE id BETWEEN 3328338 AND 3328347
	-> Filter: (sbtest8.id between 3328338 and 3328347)  (cost=2.28 rows=10)
    -> Index range scan on sbtest8 using PRIMARY over (3328338 <= id <= 3328347)  (cost=2.28 rows=10)


for: simple_ranges
table 1 : explain SELECT c FROM sbtest1 WHERE id BETWEEN 3998356 AND 3998365
	-> Filter: (sbtest1.id between 3998356 and 3998365)  (cost=2.28 rows=10)
    -> Index range scan on sbtest1 using PRIMARY over (3998356 <= id <= 3998365)  (cost=2.28 rows=10)


table 2 : explain SELECT c FROM sbtest2 WHERE id BETWEEN 4045648 AND 4045657
	-> Filter: (sbtest2.id between 4045648 and 4045657)  (cost=2.28 rows=10)
    -> Index range scan on sbtest2 using PRIMARY over (4045648 <= id <= 4045657)  (cost=2.28 rows=10)


table 3 : explain SELECT c FROM sbtest3 WHERE id BETWEEN 3633463 AND 3633472
	-> Filter: (sbtest3.id between 3633463 and 3633472)  (cost=2.28 rows=10)
    -> Index range scan on sbtest3 using PRIMARY over (3633463 <= id <= 3633472)  (cost=2.28 rows=10)


table 4 : explain SELECT c FROM sbtest4 WHERE id BETWEEN 8233081 AND 8233090
	-> Filter: (sbtest4.id between 8233081 and 8233090)  (cost=2.28 rows=10)
    -> Index range scan on sbtest4 using PRIMARY over (8233081 <= id <= 8233090)  (cost=2.28 rows=10)


table 5 : explain SELECT c FROM sbtest5 WHERE id BETWEEN 3417048 AND 3417057
	-> Filter: (sbtest5.id between 3417048 and 3417057)  (cost=2.28 rows=10)
    -> Index range scan on sbtest5 using PRIMARY over (3417048 <= id <= 3417057)  (cost=2.28 rows=10)


table 6 : explain SELECT c FROM sbtest6 WHERE id BETWEEN 5010386 AND 5010395
	-> Filter: (sbtest6.id between 5010386 and 5010395)  (cost=2.28 rows=10)
    -> Index range scan on sbtest6 using PRIMARY over (5010386 <= id <= 5010395)  (cost=2.28 rows=10)


table 7 : explain SELECT c FROM sbtest7 WHERE id BETWEEN 5447691 AND 5447700
	-> Filter: (sbtest7.id between 5447691 and 5447700)  (cost=2.28 rows=10)
    -> Index range scan on sbtest7 using PRIMARY over (5447691 <= id <= 5447700)  (cost=2.28 rows=10)


table 8 : explain SELECT c FROM sbtest8 WHERE id BETWEEN 5943250 AND 5943259
	-> Filter: (sbtest8.id between 5943250 and 5943259)  (cost=2.28 rows=10)
    -> Index range scan on sbtest8 using PRIMARY over (5943250 <= id <= 5943259)  (cost=2.28 rows=10)


for: simple_ranges
table 1 : explain SELECT c FROM sbtest1 WHERE id BETWEEN 1133410 AND 1133419
	-> Filter: (sbtest1.id between 1133410 and 1133419)  (cost=2.28 rows=10)
    -> Index range scan on sbtest1 using PRIMARY over (1133410 <= id <= 1133419)  (cost=2.28 rows=10)


table 2 : explain SELECT c FROM sbtest2 WHERE id BETWEEN 601851 AND 601860
	-> Filter: (sbtest2.id between 601851 and 601860)  (cost=2.28 rows=10)
    -> Index range scan on sbtest2 using PRIMARY over (601851 <= id <= 601860)  (cost=2.28 rows=10)


table 3 : explain SELECT c FROM sbtest3 WHERE id BETWEEN 7920275 AND 7920284
	-> Filter: (sbtest3.id between 7920275 and 7920284)  (cost=2.28 rows=10)
    -> Index range scan on sbtest3 using PRIMARY over (7920275 <= id <= 7920284)  (cost=2.28 rows=10)


table 4 : explain SELECT c FROM sbtest4 WHERE id BETWEEN 5482267 AND 5482276
	-> Filter: (sbtest4.id between 5482267 and 5482276)  (cost=2.28 rows=10)
    -> Index range scan on sbtest4 using PRIMARY over (5482267 <= id <= 5482276)  (cost=2.28 rows=10)


table 5 : explain SELECT c FROM sbtest5 WHERE id BETWEEN 6304320 AND 6304329
	-> Filter: (sbtest5.id between 6304320 and 6304329)  (cost=2.28 rows=10)
    -> Index range scan on sbtest5 using PRIMARY over (6304320 <= id <= 6304329)  (cost=2.28 rows=10)


table 6 : explain SELECT c FROM sbtest6 WHERE id BETWEEN 4729430 AND 4729439
	-> Filter: (sbtest6.id between 4729430 and 4729439)  (cost=2.28 rows=10)
    -> Index range scan on sbtest6 using PRIMARY over (4729430 <= id <= 4729439)  (cost=2.28 rows=10)


table 7 : explain SELECT c FROM sbtest7 WHERE id BETWEEN 666713 AND 666722
	-> Filter: (sbtest7.id between 666713 and 666722)  (cost=2.28 rows=10)
    -> Index range scan on sbtest7 using PRIMARY over (666713 <= id <= 666722)  (cost=2.28 rows=10)


table 8 : explain SELECT c FROM sbtest8 WHERE id BETWEEN 862813 AND 862822
	-> Filter: (sbtest8.id between 862813 and 862822)  (cost=2.28 rows=10)
    -> Index range scan on sbtest8 using PRIMARY over (862813 <= id <= 862822)  (cost=2.28 rows=10)


for: sum_ranges
table 1 : explain SELECT SUM(k) FROM sbtest1 WHERE id BETWEEN 3084906 AND 3084915
	-> Aggregate: sum(sbtest1.k)  (cost=4.58 rows=1)
    -> Filter: (sbtest1.id between 3084906 and 3084915)  (cost=2.28 rows=10)
        -> Index range scan on sbtest1 using PRIMARY over (3084906 <= id <= 3084915)  (cost=2.28 rows=10)


table 2 : explain SELECT SUM(k) FROM sbtest2 WHERE id BETWEEN 6285988 AND 6285997
	-> Aggregate: sum(sbtest2.k)  (cost=4.58 rows=1)
    -> Filter: (sbtest2.id between 6285988 and 6285997)  (cost=2.28 rows=10)
        -> Index range scan on sbtest2 using PRIMARY over (6285988 <= id <= 6285997)  (cost=2.28 rows=10)


table 3 : explain SELECT SUM(k) FROM sbtest3 WHERE id BETWEEN 559500 AND 559509
	-> Aggregate: sum(sbtest3.k)  (cost=4.58 rows=1)
    -> Filter: (sbtest3.id between 559500 and 559509)  (cost=2.28 rows=10)
        -> Index range scan on sbtest3 using PRIMARY over (559500 <= id <= 559509)  (cost=2.28 rows=10)


table 4 : explain SELECT SUM(k) FROM sbtest4 WHERE id BETWEEN 4711227 AND 4711236
	-> Aggregate: sum(sbtest4.k)  (cost=4.58 rows=1)
    -> Filter: (sbtest4.id between 4711227 and 4711236)  (cost=2.28 rows=10)
        -> Index range scan on sbtest4 using PRIMARY over (4711227 <= id <= 4711236)  (cost=2.28 rows=10)


table 5 : explain SELECT SUM(k) FROM sbtest5 WHERE id BETWEEN 6400911 AND 6400920
	-> Aggregate: sum(sbtest5.k)  (cost=4.58 rows=1)
    -> Filter: (sbtest5.id between 6400911 and 6400920)  (cost=2.28 rows=10)
        -> Index range scan on sbtest5 using PRIMARY over (6400911 <= id <= 6400920)  (cost=2.28 rows=10)


table 6 : explain SELECT SUM(k) FROM sbtest6 WHERE id BETWEEN 4027156 AND 4027165
	-> Aggregate: sum(sbtest6.k)  (cost=4.58 rows=1)
    -> Filter: (sbtest6.id between 4027156 and 4027165)  (cost=2.28 rows=10)
        -> Index range scan on sbtest6 using PRIMARY over (4027156 <= id <= 4027165)  (cost=2.28 rows=10)


table 7 : explain SELECT SUM(k) FROM sbtest7 WHERE id BETWEEN 3656530 AND 3656539
	-> Aggregate: sum(sbtest7.k)  (cost=4.58 rows=1)
    -> Filter: (sbtest7.id between 3656530 and 3656539)  (cost=2.28 rows=10)
        -> Index range scan on sbtest7 using PRIMARY over (3656530 <= id <= 3656539)  (cost=2.28 rows=10)


table 8 : explain SELECT SUM(k) FROM sbtest8 WHERE id BETWEEN 7873923 AND 7873932
	-> Aggregate: sum(sbtest8.k)  (cost=4.58 rows=1)
    -> Filter: (sbtest8.id between 7873923 and 7873932)  (cost=2.28 rows=10)
        -> Index range scan on sbtest8 using PRIMARY over (7873923 <= id <= 7873932)  (cost=2.28 rows=10)


for: sum_ranges
table 1 : explain SELECT SUM(k) FROM sbtest1 WHERE id BETWEEN 2052577 AND 2052586
	-> Aggregate: sum(sbtest1.k)  (cost=4.58 rows=1)
    -> Filter: (sbtest1.id between 2052577 and 2052586)  (cost=2.28 rows=10)
        -> Index range scan on sbtest1 using PRIMARY over (2052577 <= id <= 2052586)  (cost=2.28 rows=10)


table 2 : explain SELECT SUM(k) FROM sbtest2 WHERE id BETWEEN 9500975 AND 9500984
	-> Aggregate: sum(sbtest2.k)  (cost=4.58 rows=1)
    -> Filter: (sbtest2.id between 9500975 and 9500984)  (cost=2.28 rows=10)
        -> Index range scan on sbtest2 using PRIMARY over (9500975 <= id <= 9500984)  (cost=2.28 rows=10)


table 3 : explain SELECT SUM(k) FROM sbtest3 WHERE id BETWEEN 4232931 AND 4232940
	-> Aggregate: sum(sbtest3.k)  (cost=4.58 rows=1)
    -> Filter: (sbtest3.id between 4232931 and 4232940)  (cost=2.28 rows=10)
        -> Index range scan on sbtest3 using PRIMARY over (4232931 <= id <= 4232940)  (cost=2.28 rows=10)


table 4 : explain SELECT SUM(k) FROM sbtest4 WHERE id BETWEEN 5890747 AND 5890756
	-> Aggregate: sum(sbtest4.k)  (cost=4.58 rows=1)
    -> Filter: (sbtest4.id between 5890747 and 5890756)  (cost=2.28 rows=10)
        -> Index range scan on sbtest4 using PRIMARY over (5890747 <= id <= 5890756)  (cost=2.28 rows=10)


table 5 : explain SELECT SUM(k) FROM sbtest5 WHERE id BETWEEN 6331882 AND 6331891
	-> Aggregate: sum(sbtest5.k)  (cost=4.58 rows=1)
    -> Filter: (sbtest5.id between 6331882 and 6331891)  (cost=2.28 rows=10)
        -> Index range scan on sbtest5 using PRIMARY over (6331882 <= id <= 6331891)  (cost=2.28 rows=10)


table 6 : explain SELECT SUM(k) FROM sbtest6 WHERE id BETWEEN 6671672 AND 6671681
	-> Aggregate: sum(sbtest6.k)  (cost=4.58 rows=1)
    -> Filter: (sbtest6.id between 6671672 and 6671681)  (cost=2.28 rows=10)
        -> Index range scan on sbtest6 using PRIMARY over (6671672 <= id <= 6671681)  (cost=2.28 rows=10)


table 7 : explain SELECT SUM(k) FROM sbtest7 WHERE id BETWEEN 7096735 AND 7096744
	-> Aggregate: sum(sbtest7.k)  (cost=4.58 rows=1)
    -> Filter: (sbtest7.id between 7096735 and 7096744)  (cost=2.28 rows=10)
        -> Index range scan on sbtest7 using PRIMARY over (7096735 <= id <= 7096744)  (cost=2.28 rows=10)


table 8 : explain SELECT SUM(k) FROM sbtest8 WHERE id BETWEEN 5570307 AND 5570316
	-> Aggregate: sum(sbtest8.k)  (cost=4.58 rows=1)
    -> Filter: (sbtest8.id between 5570307 and 5570316)  (cost=2.28 rows=10)
        -> Index range scan on sbtest8 using PRIMARY over (5570307 <= id <= 5570316)  (cost=2.28 rows=10)


for: simple_ranges
table 1 : explain SELECT c FROM sbtest1 WHERE id BETWEEN 968262 AND 968271
	-> Filter: (sbtest1.id between 968262 and 968271)  (cost=2.28 rows=10)
    -> Index range scan on sbtest1 using PRIMARY over (968262 <= id <= 968271)  (cost=2.28 rows=10)


table 2 : explain SELECT c FROM sbtest2 WHERE id BETWEEN 7268657 AND 7268666
	-> Filter: (sbtest2.id between 7268657 and 7268666)  (cost=2.28 rows=10)
    -> Index range scan on sbtest2 using PRIMARY over (7268657 <= id <= 7268666)  (cost=2.28 rows=10)


table 3 : explain SELECT c FROM sbtest3 WHERE id BETWEEN 6960648 AND 6960657
	-> Filter: (sbtest3.id between 6960648 and 6960657)  (cost=2.28 rows=10)
    -> Index range scan on sbtest3 using PRIMARY over (6960648 <= id <= 6960657)  (cost=2.28 rows=10)


table 4 : explain SELECT c FROM sbtest4 WHERE id BETWEEN 6959526 AND 6959535
	-> Filter: (sbtest4.id between 6959526 and 6959535)  (cost=2.28 rows=10)
    -> Index range scan on sbtest4 using PRIMARY over (6959526 <= id <= 6959535)  (cost=2.28 rows=10)


table 5 : explain SELECT c FROM sbtest5 WHERE id BETWEEN 7875211 AND 7875220
	-> Filter: (sbtest5.id between 7875211 and 7875220)  (cost=2.28 rows=10)
    -> Index range scan on sbtest5 using PRIMARY over (7875211 <= id <= 7875220)  (cost=2.28 rows=10)


table 6 : explain SELECT c FROM sbtest6 WHERE id BETWEEN 8854386 AND 8854395
	-> Filter: (sbtest6.id between 8854386 and 8854395)  (cost=2.28 rows=10)
    -> Index range scan on sbtest6 using PRIMARY over (8854386 <= id <= 8854395)  (cost=2.28 rows=10)


table 7 : explain SELECT c FROM sbtest7 WHERE id BETWEEN 4781335 AND 4781344
	-> Filter: (sbtest7.id between 4781335 and 4781344)  (cost=2.28 rows=10)
    -> Index range scan on sbtest7 using PRIMARY over (4781335 <= id <= 4781344)  (cost=2.28 rows=10)


table 8 : explain SELECT c FROM sbtest8 WHERE id BETWEEN 8646368 AND 8646377
	-> Filter: (sbtest8.id between 8646368 and 8646377)  (cost=2.28 rows=10)
    -> Index range scan on sbtest8 using PRIMARY over (8646368 <= id <= 8646377)  (cost=2.28 rows=10)


for: simple_ranges
table 1 : explain SELECT c FROM sbtest1 WHERE id BETWEEN 7621690 AND 7621699
	-> Filter: (sbtest1.id between 7621690 and 7621699)  (cost=2.28 rows=10)
    -> Index range scan on sbtest1 using PRIMARY over (7621690 <= id <= 7621699)  (cost=2.28 rows=10)


table 2 : explain SELECT c FROM sbtest2 WHERE id BETWEEN 9274733 AND 9274742
	-> Filter: (sbtest2.id between 9274733 and 9274742)  (cost=2.28 rows=10)
    -> Index range scan on sbtest2 using PRIMARY over (9274733 <= id <= 9274742)  (cost=2.28 rows=10)


table 3 : explain SELECT c FROM sbtest3 WHERE id BETWEEN 6372777 AND 6372786
	-> Filter: (sbtest3.id between 6372777 and 6372786)  (cost=2.28 rows=10)
    -> Index range scan on sbtest3 using PRIMARY over (6372777 <= id <= 6372786)  (cost=2.28 rows=10)


table 4 : explain SELECT c FROM sbtest4 WHERE id BETWEEN 3658938 AND 3658947
	-> Filter: (sbtest4.id between 3658938 and 3658947)  (cost=2.28 rows=10)
    -> Index range scan on sbtest4 using PRIMARY over (3658938 <= id <= 3658947)  (cost=2.28 rows=10)


table 5 : explain SELECT c FROM sbtest5 WHERE id BETWEEN 8112594 AND 8112603
	-> Filter: (sbtest5.id between 8112594 and 8112603)  (cost=2.28 rows=10)
    -> Index range scan on sbtest5 using PRIMARY over (8112594 <= id <= 8112603)  (cost=2.28 rows=10)


table 6 : explain SELECT c FROM sbtest6 WHERE id BETWEEN 6220739 AND 6220748
	-> Filter: (sbtest6.id between 6220739 and 6220748)  (cost=2.28 rows=10)
    -> Index range scan on sbtest6 using PRIMARY over (6220739 <= id <= 6220748)  (cost=2.28 rows=10)


table 7 : explain SELECT c FROM sbtest7 WHERE id BETWEEN 4822965 AND 4822974
	-> Filter: (sbtest7.id between 4822965 and 4822974)  (cost=2.28 rows=10)
    -> Index range scan on sbtest7 using PRIMARY over (4822965 <= id <= 4822974)  (cost=2.28 rows=10)


table 8 : explain SELECT c FROM sbtest8 WHERE id BETWEEN 676941 AND 676950
	-> Filter: (sbtest8.id between 676941 and 676950)  (cost=2.28 rows=10)
    -> Index range scan on sbtest8 using PRIMARY over (676941 <= id <= 676950)  (cost=2.28 rows=10)


for: sum_ranges
table 1 : explain SELECT SUM(k) FROM sbtest1 WHERE id BETWEEN 3006875 AND 3006884
	-> Aggregate: sum(sbtest1.k)  (cost=4.58 rows=1)
    -> Filter: (sbtest1.id between 3006875 and 3006884)  (cost=2.28 rows=10)
        -> Index range scan on sbtest1 using PRIMARY over (3006875 <= id <= 3006884)  (cost=2.28 rows=10)


table 2 : explain SELECT SUM(k) FROM sbtest2 WHERE id BETWEEN 2811713 AND 2811722
	-> Aggregate: sum(sbtest2.k)  (cost=4.58 rows=1)
    -> Filter: (sbtest2.id between 2811713 and 2811722)  (cost=2.28 rows=10)
        -> Index range scan on sbtest2 using PRIMARY over (2811713 <= id <= 2811722)  (cost=2.28 rows=10)


table 3 : explain SELECT SUM(k) FROM sbtest3 WHERE id BETWEEN 52902 AND 52911
	-> Aggregate: sum(sbtest3.k)  (cost=4.58 rows=1)
    -> Filter: (sbtest3.id between 52902 and 52911)  (cost=2.28 rows=10)
        -> Index range scan on sbtest3 using PRIMARY over (52902 <= id <= 52911)  (cost=2.28 rows=10)


table 4 : explain SELECT SUM(k) FROM sbtest4 WHERE id BETWEEN 580645 AND 580654
	-> Aggregate: sum(sbtest4.k)  (cost=4.58 rows=1)
    -> Filter: (sbtest4.id between 580645 and 580654)  (cost=2.28 rows=10)
        -> Index range scan on sbtest4 using PRIMARY over (580645 <= id <= 580654)  (cost=2.28 rows=10)


table 5 : explain SELECT SUM(k) FROM sbtest5 WHERE id BETWEEN 173076 AND 173085
	-> Aggregate: sum(sbtest5.k)  (cost=4.58 rows=1)
    -> Filter: (sbtest5.id between 173076 and 173085)  (cost=2.28 rows=10)
        -> Index range scan on sbtest5 using PRIMARY over (173076 <= id <= 173085)  (cost=2.28 rows=10)


table 6 : explain SELECT SUM(k) FROM sbtest6 WHERE id BETWEEN 9398934 AND 9398943
	-> Aggregate: sum(sbtest6.k)  (cost=4.58 rows=1)
    -> Filter: (sbtest6.id between 9398934 and 9398943)  (cost=2.28 rows=10)
        -> Index range scan on sbtest6 using PRIMARY over (9398934 <= id <= 9398943)  (cost=2.28 rows=10)


table 7 : explain SELECT SUM(k) FROM sbtest7 WHERE id BETWEEN 3148056 AND 3148065
	-> Aggregate: sum(sbtest7.k)  (cost=4.58 rows=1)
    -> Filter: (sbtest7.id between 3148056 and 3148065)  (cost=2.28 rows=10)
        -> Index range scan on sbtest7 using PRIMARY over (3148056 <= id <= 3148065)  (cost=2.28 rows=10)


table 8 : explain SELECT SUM(k) FROM sbtest8 WHERE id BETWEEN 2078290 AND 2078299
	-> Aggregate: sum(sbtest8.k)  (cost=4.58 rows=1)
    -> Filter: (sbtest8.id between 2078290 and 2078299)  (cost=2.28 rows=10)
        -> Index range scan on sbtest8 using PRIMARY over (2078290 <= id <= 2078299)  (cost=2.28 rows=10)


for: simple_ranges
table 1 : explain SELECT c FROM sbtest1 WHERE id BETWEEN 6642876 AND 6642885
	-> Filter: (sbtest1.id between 6642876 and 6642885)  (cost=2.28 rows=10)
    -> Index range scan on sbtest1 using PRIMARY over (6642876 <= id <= 6642885)  (cost=2.28 rows=10)


table 2 : explain SELECT c FROM sbtest2 WHERE id BETWEEN 7187081 AND 7187090
	-> Filter: (sbtest2.id between 7187081 and 7187090)  (cost=2.28 rows=10)
    -> Index range scan on sbtest2 using PRIMARY over (7187081 <= id <= 7187090)  (cost=2.28 rows=10)


table 3 : explain SELECT c FROM sbtest3 WHERE id BETWEEN 1707308 AND 1707317
	-> Filter: (sbtest3.id between 1707308 and 1707317)  (cost=2.28 rows=10)
    -> Index range scan on sbtest3 using PRIMARY over (1707308 <= id <= 1707317)  (cost=2.28 rows=10)


table 4 : explain SELECT c FROM sbtest4 WHERE id BETWEEN 6068367 AND 6068376
	-> Filter: (sbtest4.id between 6068367 and 6068376)  (cost=2.28 rows=10)
    -> Index range scan on sbtest4 using PRIMARY over (6068367 <= id <= 6068376)  (cost=2.28 rows=10)


table 5 : explain SELECT c FROM sbtest5 WHERE id BETWEEN 7499194 AND 7499203
	-> Filter: (sbtest5.id between 7499194 and 7499203)  (cost=2.28 rows=10)
    -> Index range scan on sbtest5 using PRIMARY over (7499194 <= id <= 7499203)  (cost=2.28 rows=10)


table 6 : explain SELECT c FROM sbtest6 WHERE id BETWEEN 4141199 AND 4141208
	-> Filter: (sbtest6.id between 4141199 and 4141208)  (cost=2.28 rows=10)
    -> Index range scan on sbtest6 using PRIMARY over (4141199 <= id <= 4141208)  (cost=2.28 rows=10)


table 7 : explain SELECT c FROM sbtest7 WHERE id BETWEEN 1340812 AND 1340821
	-> Filter: (sbtest7.id between 1340812 and 1340821)  (cost=2.28 rows=10)
    -> Index range scan on sbtest7 using PRIMARY over (1340812 <= id <= 1340821)  (cost=2.28 rows=10)


table 8 : explain SELECT c FROM sbtest8 WHERE id BETWEEN 8449357 AND 8449366
	-> Filter: (sbtest8.id between 8449357 and 8449366)  (cost=2.28 rows=10)
    -> Index range scan on sbtest8 using PRIMARY over (8449357 <= id <= 8449366)  (cost=2.28 rows=10)


for: sum_ranges
table 1 : explain SELECT SUM(k) FROM sbtest1 WHERE id BETWEEN 8502571 AND 8502580
	-> Aggregate: sum(sbtest1.k)  (cost=4.58 rows=1)
    -> Filter: (sbtest1.id between 8502571 and 8502580)  (cost=2.28 rows=10)
        -> Index range scan on sbtest1 using PRIMARY over (8502571 <= id <= 8502580)  (cost=2.28 rows=10)


table 2 : explain SELECT SUM(k) FROM sbtest2 WHERE id BETWEEN 2373217 AND 2373226
	-> Aggregate: sum(sbtest2.k)  (cost=4.58 rows=1)
    -> Filter: (sbtest2.id between 2373217 and 2373226)  (cost=2.28 rows=10)
        -> Index range scan on sbtest2 using PRIMARY over (2373217 <= id <= 2373226)  (cost=2.28 rows=10)


table 3 : explain SELECT SUM(k) FROM sbtest3 WHERE id BETWEEN 5553299 AND 5553308
	-> Aggregate: sum(sbtest3.k)  (cost=4.58 rows=1)
    -> Filter: (sbtest3.id between 5553299 and 5553308)  (cost=2.28 rows=10)
        -> Index range scan on sbtest3 using PRIMARY over (5553299 <= id <= 5553308)  (cost=2.28 rows=10)


table 4 : explain SELECT SUM(k) FROM sbtest4 WHERE id BETWEEN 8360382 AND 8360391
	-> Aggregate: sum(sbtest4.k)  (cost=4.58 rows=1)
    -> Filter: (sbtest4.id between 8360382 and 8360391)  (cost=2.28 rows=10)
        -> Index range scan on sbtest4 using PRIMARY over (8360382 <= id <= 8360391)  (cost=2.28 rows=10)


table 5 : explain SELECT SUM(k) FROM sbtest5 WHERE id BETWEEN 1755363 AND 1755372
	-> Aggregate: sum(sbtest5.k)  (cost=4.58 rows=1)
    -> Filter: (sbtest5.id between 1755363 and 1755372)  (cost=2.28 rows=10)
        -> Index range scan on sbtest5 using PRIMARY over (1755363 <= id <= 1755372)  (cost=2.28 rows=10)


table 6 : explain SELECT SUM(k) FROM sbtest6 WHERE id BETWEEN 1481785 AND 1481794
	-> Aggregate: sum(sbtest6.k)  (cost=4.58 rows=1)
    -> Filter: (sbtest6.id between 1481785 and 1481794)  (cost=2.28 rows=10)
        -> Index range scan on sbtest6 using PRIMARY over (1481785 <= id <= 1481794)  (cost=2.28 rows=10)


table 7 : explain SELECT SUM(k) FROM sbtest7 WHERE id BETWEEN 7072268 AND 7072277
	-> Aggregate: sum(sbtest7.k)  (cost=4.58 rows=1)
    -> Filter: (sbtest7.id between 7072268 and 7072277)  (cost=2.28 rows=10)
        -> Index range scan on sbtest7 using PRIMARY over (7072268 <= id <= 7072277)  (cost=2.28 rows=10)


table 8 : explain SELECT SUM(k) FROM sbtest8 WHERE id BETWEEN 5451616 AND 5451625
	-> Aggregate: sum(sbtest8.k)  (cost=4.58 rows=1)
    -> Filter: (sbtest8.id between 5451616 and 5451625)  (cost=2.28 rows=10)
        -> Index range scan on sbtest8 using PRIMARY over (5451616 <= id <= 5451625)  (cost=2.28 rows=10)


for: sum_ranges
table 1 : explain SELECT SUM(k) FROM sbtest1 WHERE id BETWEEN 9886026 AND 9886035
	-> Aggregate: sum(sbtest1.k)  (cost=4.58 rows=1)
    -> Filter: (sbtest1.id between 9886026 and 9886035)  (cost=2.28 rows=10)
        -> Index range scan on sbtest1 using PRIMARY over (9886026 <= id <= 9886035)  (cost=2.28 rows=10)


table 2 : explain SELECT SUM(k) FROM sbtest2 WHERE id BETWEEN 44643 AND 44652
	-> Aggregate: sum(sbtest2.k)  (cost=4.58 rows=1)
    -> Filter: (sbtest2.id between 44643 and 44652)  (cost=2.28 rows=10)
        -> Index range scan on sbtest2 using PRIMARY over (44643 <= id <= 44652)  (cost=2.28 rows=10)


table 3 : explain SELECT SUM(k) FROM sbtest3 WHERE id BETWEEN 3628440 AND 3628449
	-> Aggregate: sum(sbtest3.k)  (cost=4.58 rows=1)
    -> Filter: (sbtest3.id between 3628440 and 3628449)  (cost=2.28 rows=10)
        -> Index range scan on sbtest3 using PRIMARY over (3628440 <= id <= 3628449)  (cost=2.28 rows=10)


table 4 : explain SELECT SUM(k) FROM sbtest4 WHERE id BETWEEN 9648220 AND 9648229
	-> Aggregate: sum(sbtest4.k)  (cost=4.58 rows=1)
    -> Filter: (sbtest4.id between 9648220 and 9648229)  (cost=2.28 rows=10)
        -> Index range scan on sbtest4 using PRIMARY over (9648220 <= id <= 9648229)  (cost=2.28 rows=10)


table 5 : explain SELECT SUM(k) FROM sbtest5 WHERE id BETWEEN 2077426 AND 2077435
	-> Aggregate: sum(sbtest5.k)  (cost=4.58 rows=1)
    -> Filter: (sbtest5.id between 2077426 and 2077435)  (cost=2.28 rows=10)
        -> Index range scan on sbtest5 using PRIMARY over (2077426 <= id <= 2077435)  (cost=2.28 rows=10)


table 6 : explain SELECT SUM(k) FROM sbtest6 WHERE id BETWEEN 2637740 AND 2637749
	-> Aggregate: sum(sbtest6.k)  (cost=4.58 rows=1)
    -> Filter: (sbtest6.id between 2637740 and 2637749)  (cost=2.28 rows=10)
        -> Index range scan on sbtest6 using PRIMARY over (2637740 <= id <= 2637749)  (cost=2.28 rows=10)


table 7 : explain SELECT SUM(k) FROM sbtest7 WHERE id BETWEEN 5480875 AND 5480884
	-> Aggregate: sum(sbtest7.k)  (cost=4.58 rows=1)
    -> Filter: (sbtest7.id between 5480875 and 5480884)  (cost=2.28 rows=10)
        -> Index range scan on sbtest7 using PRIMARY over (5480875 <= id <= 5480884)  (cost=2.28 rows=10)


table 8 : explain SELECT SUM(k) FROM sbtest8 WHERE id BETWEEN 302179 AND 302188
	-> Aggregate: sum(sbtest8.k)  (cost=4.58 rows=1)
    -> Filter: (sbtest8.id between 302179 and 302188)  (cost=2.28 rows=10)
        -> Index range scan on sbtest8 using PRIMARY over (302179 <= id <= 302188)  (cost=2.28 rows=10)


for: sum_ranges
table 1 : explain SELECT SUM(k) FROM sbtest1 WHERE id BETWEEN 7644243 AND 7644252
	-> Aggregate: sum(sbtest1.k)  (cost=4.58 rows=1)
    -> Filter: (sbtest1.id between 7644243 and 7644252)  (cost=2.28 rows=10)
        -> Index range scan on sbtest1 using PRIMARY over (7644243 <= id <= 7644252)  (cost=2.28 rows=10)


table 2 : explain SELECT SUM(k) FROM sbtest2 WHERE id BETWEEN 9727449 AND 9727458
	-> Aggregate: sum(sbtest2.k)  (cost=4.58 rows=1)
    -> Filter: (sbtest2.id between 9727449 and 9727458)  (cost=2.28 rows=10)
        -> Index range scan on sbtest2 using PRIMARY over (9727449 <= id <= 9727458)  (cost=2.28 rows=10)


table 3 : explain SELECT SUM(k) FROM sbtest3 WHERE id BETWEEN 1525629 AND 1525638
	-> Aggregate: sum(sbtest3.k)  (cost=4.58 rows=1)
    -> Filter: (sbtest3.id between 1525629 and 1525638)  (cost=2.28 rows=10)
        -> Index range scan on sbtest3 using PRIMARY over (1525629 <= id <= 1525638)  (cost=2.28 rows=10)


table 4 : explain SELECT SUM(k) FROM sbtest4 WHERE id BETWEEN 5386205 AND 5386214
	-> Aggregate: sum(sbtest4.k)  (cost=4.58 rows=1)
    -> Filter: (sbtest4.id between 5386205 and 5386214)  (cost=2.28 rows=10)
        -> Index range scan on sbtest4 using PRIMARY over (5386205 <= id <= 5386214)  (cost=2.28 rows=10)


table 5 : explain SELECT SUM(k) FROM sbtest5 WHERE id BETWEEN 4527572 AND 4527581
	-> Aggregate: sum(sbtest5.k)  (cost=4.58 rows=1)
    -> Filter: (sbtest5.id between 4527572 and 4527581)  (cost=2.28 rows=10)
        -> Index range scan on sbtest5 using PRIMARY over (4527572 <= id <= 4527581)  (cost=2.28 rows=10)


table 6 : explain SELECT SUM(k) FROM sbtest6 WHERE id BETWEEN 5231415 AND 5231424
	-> Aggregate: sum(sbtest6.k)  (cost=4.58 rows=1)
    -> Filter: (sbtest6.id between 5231415 and 5231424)  (cost=2.28 rows=10)
        -> Index range scan on sbtest6 using PRIMARY over (5231415 <= id <= 5231424)  (cost=2.28 rows=10)


table 7 : explain SELECT SUM(k) FROM sbtest7 WHERE id BETWEEN 9525141 AND 9525150
	-> Aggregate: sum(sbtest7.k)  (cost=4.58 rows=1)
    -> Filter: (sbtest7.id between 9525141 and 9525150)  (cost=2.28 rows=10)
        -> Index range scan on sbtest7 using PRIMARY over (9525141 <= id <= 9525150)  (cost=2.28 rows=10)


table 8 : explain SELECT SUM(k) FROM sbtest8 WHERE id BETWEEN 9293639 AND 9293648
	-> Aggregate: sum(sbtest8.k)  (cost=4.58 rows=1)
    -> Filter: (sbtest8.id between 9293639 and 9293648)  (cost=2.28 rows=10)
        -> Index range scan on sbtest8 using PRIMARY over (9293639 <= id <= 9293648)  (cost=2.28 rows=10)


for: sum_ranges
table 1 : explain SELECT SUM(k) FROM sbtest1 WHERE id BETWEEN 835598 AND 835607
	-> Aggregate: sum(sbtest1.k)  (cost=4.58 rows=1)
    -> Filter: (sbtest1.id between 835598 and 835607)  (cost=2.28 rows=10)
        -> Index range scan on sbtest1 using PRIMARY over (835598 <= id <= 835607)  (cost=2.28 rows=10)


table 2 : explain SELECT SUM(k) FROM sbtest2 WHERE id BETWEEN 5146699 AND 5146708
	-> Aggregate: sum(sbtest2.k)  (cost=4.58 rows=1)
    -> Filter: (sbtest2.id between 5146699 and 5146708)  (cost=2.28 rows=10)
        -> Index range scan on sbtest2 using PRIMARY over (5146699 <= id <= 5146708)  (cost=2.28 rows=10)


table 3 : explain SELECT SUM(k) FROM sbtest3 WHERE id BETWEEN 9932194 AND 9932203
	-> Aggregate: sum(sbtest3.k)  (cost=4.58 rows=1)
    -> Filter: (sbtest3.id between 9932194 and 9932203)  (cost=2.28 rows=10)
        -> Index range scan on sbtest3 using PRIMARY over (9932194 <= id <= 9932203)  (cost=2.28 rows=10)


table 4 : explain SELECT SUM(k) FROM sbtest4 WHERE id BETWEEN 8097548 AND 8097557
	-> Aggregate: sum(sbtest4.k)  (cost=4.58 rows=1)
    -> Filter: (sbtest4.id between 8097548 and 8097557)  (cost=2.28 rows=10)
        -> Index range scan on sbtest4 using PRIMARY over (8097548 <= id <= 8097557)  (cost=2.28 rows=10)


table 5 : explain SELECT SUM(k) FROM sbtest5 WHERE id BETWEEN 9764492 AND 9764501
	-> Aggregate: sum(sbtest5.k)  (cost=4.58 rows=1)
    -> Filter: (sbtest5.id between 9764492 and 9764501)  (cost=2.28 rows=10)
        -> Index range scan on sbtest5 using PRIMARY over (9764492 <= id <= 9764501)  (cost=2.28 rows=10)


table 6 : explain SELECT SUM(k) FROM sbtest6 WHERE id BETWEEN 3153424 AND 3153433
	-> Aggregate: sum(sbtest6.k)  (cost=4.58 rows=1)
    -> Filter: (sbtest6.id between 3153424 and 3153433)  (cost=2.28 rows=10)
        -> Index range scan on sbtest6 using PRIMARY over (3153424 <= id <= 3153433)  (cost=2.28 rows=10)


table 7 : explain SELECT SUM(k) FROM sbtest7 WHERE id BETWEEN 3252682 AND 3252691
	-> Aggregate: sum(sbtest7.k)  (cost=4.58 rows=1)
    -> Filter: (sbtest7.id between 3252682 and 3252691)  (cost=2.28 rows=10)
        -> Index range scan on sbtest7 using PRIMARY over (3252682 <= id <= 3252691)  (cost=2.28 rows=10)


table 8 : explain SELECT SUM(k) FROM sbtest8 WHERE id BETWEEN 6040385 AND 6040394
	-> Aggregate: sum(sbtest8.k)  (cost=4.58 rows=1)
    -> Filter: (sbtest8.id between 6040385 and 6040394)  (cost=2.28 rows=10)
        -> Index range scan on sbtest8 using PRIMARY over (6040385 <= id <= 6040394)  (cost=2.28 rows=10)


for: sum_ranges
table 1 : explain SELECT SUM(k) FROM sbtest1 WHERE id BETWEEN 9686169 AND 9686178
	-> Aggregate: sum(sbtest1.k)  (cost=4.58 rows=1)
    -> Filter: (sbtest1.id between 9686169 and 9686178)  (cost=2.28 rows=10)
        -> Index range scan on sbtest1 using PRIMARY over (9686169 <= id <= 9686178)  (cost=2.28 rows=10)


table 2 : explain SELECT SUM(k) FROM sbtest2 WHERE id BETWEEN 7412955 AND 7412964
	-> Aggregate: sum(sbtest2.k)  (cost=4.58 rows=1)
    -> Filter: (sbtest2.id between 7412955 and 7412964)  (cost=2.28 rows=10)
        -> Index range scan on sbtest2 using PRIMARY over (7412955 <= id <= 7412964)  (cost=2.28 rows=10)


table 3 : explain SELECT SUM(k) FROM sbtest3 WHERE id BETWEEN 9267033 AND 9267042
	-> Aggregate: sum(sbtest3.k)  (cost=4.58 rows=1)
    -> Filter: (sbtest3.id between 9267033 and 9267042)  (cost=2.28 rows=10)
        -> Index range scan on sbtest3 using PRIMARY over (9267033 <= id <= 9267042)  (cost=2.28 rows=10)


table 4 : explain SELECT SUM(k) FROM sbtest4 WHERE id BETWEEN 6128836 AND 6128845
	-> Aggregate: sum(sbtest4.k)  (cost=4.58 rows=1)
    -> Filter: (sbtest4.id between 6128836 and 6128845)  (cost=2.28 rows=10)
        -> Index range scan on sbtest4 using PRIMARY over (6128836 <= id <= 6128845)  (cost=2.28 rows=10)


table 5 : explain SELECT SUM(k) FROM sbtest5 WHERE id BETWEEN 7845890 AND 7845899
	-> Aggregate: sum(sbtest5.k)  (cost=4.58 rows=1)
    -> Filter: (sbtest5.id between 7845890 and 7845899)  (cost=2.28 rows=10)
        -> Index range scan on sbtest5 using PRIMARY over (7845890 <= id <= 7845899)  (cost=2.28 rows=10)


table 6 : explain SELECT SUM(k) FROM sbtest6 WHERE id BETWEEN 9675310 AND 9675319
	-> Aggregate: sum(sbtest6.k)  (cost=4.58 rows=1)
    -> Filter: (sbtest6.id between 9675310 and 9675319)  (cost=2.28 rows=10)
        -> Index range scan on sbtest6 using PRIMARY over (9675310 <= id <= 9675319)  (cost=2.28 rows=10)


table 7 : explain SELECT SUM(k) FROM sbtest7 WHERE id BETWEEN 7630477 AND 7630486
	-> Aggregate: sum(sbtest7.k)  (cost=4.58 rows=1)
    -> Filter: (sbtest7.id between 7630477 and 7630486)  (cost=2.28 rows=10)
        -> Index range scan on sbtest7 using PRIMARY over (7630477 <= id <= 7630486)  (cost=2.28 rows=10)


table 8 : explain SELECT SUM(k) FROM sbtest8 WHERE id BETWEEN 9180968 AND 9180977
	-> Aggregate: sum(sbtest8.k)  (cost=4.58 rows=1)
    -> Filter: (sbtest8.id between 9180968 and 9180977)  (cost=2.28 rows=10)
        -> Index range scan on sbtest8 using PRIMARY over (9180968 <= id <= 9180977)  (cost=2.28 rows=10)


for: sum_ranges
table 1 : explain SELECT SUM(k) FROM sbtest1 WHERE id BETWEEN 3302891 AND 3302900
	-> Aggregate: sum(sbtest1.k)  (cost=4.58 rows=1)
    -> Filter: (sbtest1.id between 3302891 and 3302900)  (cost=2.28 rows=10)
        -> Index range scan on sbtest1 using PRIMARY over (3302891 <= id <= 3302900)  (cost=2.28 rows=10)


table 2 : explain SELECT SUM(k) FROM sbtest2 WHERE id BETWEEN 1732880 AND 1732889
	-> Aggregate: sum(sbtest2.k)  (cost=4.58 rows=1)
    -> Filter: (sbtest2.id between 1732880 and 1732889)  (cost=2.28 rows=10)
        -> Index range scan on sbtest2 using PRIMARY over (1732880 <= id <= 1732889)  (cost=2.28 rows=10)


table 3 : explain SELECT SUM(k) FROM sbtest3 WHERE id BETWEEN 6959170 AND 6959179
	-> Aggregate: sum(sbtest3.k)  (cost=4.58 rows=1)
    -> Filter: (sbtest3.id between 6959170 and 6959179)  (cost=2.28 rows=10)
        -> Index range scan on sbtest3 using PRIMARY over (6959170 <= id <= 6959179)  (cost=2.28 rows=10)


table 4 : explain SELECT SUM(k) FROM sbtest4 WHERE id BETWEEN 7110098 AND 7110107
	-> Aggregate: sum(sbtest4.k)  (cost=4.58 rows=1)
    -> Filter: (sbtest4.id between 7110098 and 7110107)  (cost=2.28 rows=10)
        -> Index range scan on sbtest4 using PRIMARY over (7110098 <= id <= 7110107)  (cost=2.28 rows=10)


table 5 : explain SELECT SUM(k) FROM sbtest5 WHERE id BETWEEN 5764495 AND 5764504
	-> Aggregate: sum(sbtest5.k)  (cost=4.58 rows=1)
    -> Filter: (sbtest5.id between 5764495 and 5764504)  (cost=2.28 rows=10)
        -> Index range scan on sbtest5 using PRIMARY over (5764495 <= id <= 5764504)  (cost=2.28 rows=10)


table 6 : explain SELECT SUM(k) FROM sbtest6 WHERE id BETWEEN 8457635 AND 8457644
	-> Aggregate: sum(sbtest6.k)  (cost=4.58 rows=1)
    -> Filter: (sbtest6.id between 8457635 and 8457644)  (cost=2.28 rows=10)
        -> Index range scan on sbtest6 using PRIMARY over (8457635 <= id <= 8457644)  (cost=2.28 rows=10)


table 7 : explain SELECT SUM(k) FROM sbtest7 WHERE id BETWEEN 5883199 AND 5883208
	-> Aggregate: sum(sbtest7.k)  (cost=4.58 rows=1)
    -> Filter: (sbtest7.id between 5883199 and 5883208)  (cost=2.28 rows=10)
        -> Index range scan on sbtest7 using PRIMARY over (5883199 <= id <= 5883208)  (cost=2.28 rows=10)


table 8 : explain SELECT SUM(k) FROM sbtest8 WHERE id BETWEEN 474942 AND 474951
	-> Aggregate: sum(sbtest8.k)  (cost=4.58 rows=1)
    -> Filter: (sbtest8.id between 474942 and 474951)  (cost=2.28 rows=10)
        -> Index range scan on sbtest8 using PRIMARY over (474942 <= id <= 474951)  (cost=2.28 rows=10)


for: sum_ranges
table 1 : explain SELECT SUM(k) FROM sbtest1 WHERE id BETWEEN 7668076 AND 7668085
	-> Aggregate: sum(sbtest1.k)  (cost=4.58 rows=1)
    -> Filter: (sbtest1.id between 7668076 and 7668085)  (cost=2.28 rows=10)
        -> Index range scan on sbtest1 using PRIMARY over (7668076 <= id <= 7668085)  (cost=2.28 rows=10)


table 2 : explain SELECT SUM(k) FROM sbtest2 WHERE id BETWEEN 65424 AND 65433
	-> Aggregate: sum(sbtest2.k)  (cost=4.58 rows=1)
    -> Filter: (sbtest2.id between 65424 and 65433)  (cost=2.28 rows=10)
        -> Index range scan on sbtest2 using PRIMARY over (65424 <= id <= 65433)  (cost=2.28 rows=10)


table 3 : explain SELECT SUM(k) FROM sbtest3 WHERE id BETWEEN 5300002 AND 5300011
	-> Aggregate: sum(sbtest3.k)  (cost=4.58 rows=1)
    -> Filter: (sbtest3.id between 5300002 and 5300011)  (cost=2.28 rows=10)
        -> Index range scan on sbtest3 using PRIMARY over (5300002 <= id <= 5300011)  (cost=2.28 rows=10)


table 4 : explain SELECT SUM(k) FROM sbtest4 WHERE id BETWEEN 7203287 AND 7203296
	-> Aggregate: sum(sbtest4.k)  (cost=4.58 rows=1)
    -> Filter: (sbtest4.id between 7203287 and 7203296)  (cost=2.28 rows=10)
        -> Index range scan on sbtest4 using PRIMARY over (7203287 <= id <= 7203296)  (cost=2.28 rows=10)


table 5 : explain SELECT SUM(k) FROM sbtest5 WHERE id BETWEEN 7339068 AND 7339077
	-> Aggregate: sum(sbtest5.k)  (cost=4.58 rows=1)
    -> Filter: (sbtest5.id between 7339068 and 7339077)  (cost=2.28 rows=10)
        -> Index range scan on sbtest5 using PRIMARY over (7339068 <= id <= 7339077)  (cost=2.28 rows=10)


table 6 : explain SELECT SUM(k) FROM sbtest6 WHERE id BETWEEN 1000352 AND 1000361
	-> Aggregate: sum(sbtest6.k)  (cost=4.58 rows=1)
    -> Filter: (sbtest6.id between 1000352 and 1000361)  (cost=2.28 rows=10)
        -> Index range scan on sbtest6 using PRIMARY over (1000352 <= id <= 1000361)  (cost=2.28 rows=10)


table 7 : explain SELECT SUM(k) FROM sbtest7 WHERE id BETWEEN 4659803 AND 4659812
	-> Aggregate: sum(sbtest7.k)  (cost=4.58 rows=1)
    -> Filter: (sbtest7.id between 4659803 and 4659812)  (cost=2.28 rows=10)
        -> Index range scan on sbtest7 using PRIMARY over (4659803 <= id <= 4659812)  (cost=2.28 rows=10)


table 8 : explain SELECT SUM(k) FROM sbtest8 WHERE id BETWEEN 9912389 AND 9912398
	-> Aggregate: sum(sbtest8.k)  (cost=4.58 rows=1)
    -> Filter: (sbtest8.id between 9912389 and 9912398)  (cost=2.28 rows=10)
        -> Index range scan on sbtest8 using PRIMARY over (9912389 <= id <= 9912398)  (cost=2.28 rows=10)


for: sum_ranges
table 1 : explain SELECT SUM(k) FROM sbtest1 WHERE id BETWEEN 2208133 AND 2208142
	-> Aggregate: sum(sbtest1.k)  (cost=4.58 rows=1)
    -> Filter: (sbtest1.id between 2208133 and 2208142)  (cost=2.28 rows=10)
        -> Index range scan on sbtest1 using PRIMARY over (2208133 <= id <= 2208142)  (cost=2.28 rows=10)


table 2 : explain SELECT SUM(k) FROM sbtest2 WHERE id BETWEEN 2226048 AND 2226057
	-> Aggregate: sum(sbtest2.k)  (cost=4.58 rows=1)
    -> Filter: (sbtest2.id between 2226048 and 2226057)  (cost=2.28 rows=10)
        -> Index range scan on sbtest2 using PRIMARY over (2226048 <= id <= 2226057)  (cost=2.28 rows=10)


table 3 : explain SELECT SUM(k) FROM sbtest3 WHERE id BETWEEN 6583676 AND 6583685
	-> Aggregate: sum(sbtest3.k)  (cost=4.58 rows=1)
    -> Filter: (sbtest3.id between 6583676 and 6583685)  (cost=2.28 rows=10)
        -> Index range scan on sbtest3 using PRIMARY over (6583676 <= id <= 6583685)  (cost=2.28 rows=10)


table 4 : explain SELECT SUM(k) FROM sbtest4 WHERE id BETWEEN 7522897 AND 7522906
	-> Aggregate: sum(sbtest4.k)  (cost=4.58 rows=1)
    -> Filter: (sbtest4.id between 7522897 and 7522906)  (cost=2.28 rows=10)
        -> Index range scan on sbtest4 using PRIMARY over (7522897 <= id <= 7522906)  (cost=2.28 rows=10)


table 5 : explain SELECT SUM(k) FROM sbtest5 WHERE id BETWEEN 345754 AND 345763
	-> Aggregate: sum(sbtest5.k)  (cost=4.58 rows=1)
    -> Filter: (sbtest5.id between 345754 and 345763)  (cost=2.28 rows=10)
        -> Index range scan on sbtest5 using PRIMARY over (345754 <= id <= 345763)  (cost=2.28 rows=10)


table 6 : explain SELECT SUM(k) FROM sbtest6 WHERE id BETWEEN 6524677 AND 6524686
	-> Aggregate: sum(sbtest6.k)  (cost=4.58 rows=1)
    -> Filter: (sbtest6.id between 6524677 and 6524686)  (cost=2.28 rows=10)
        -> Index range scan on sbtest6 using PRIMARY over (6524677 <= id <= 6524686)  (cost=2.28 rows=10)


table 7 : explain SELECT SUM(k) FROM sbtest7 WHERE id BETWEEN 1162411 AND 1162420
	-> Aggregate: sum(sbtest7.k)  (cost=4.58 rows=1)
    -> Filter: (sbtest7.id between 1162411 and 1162420)  (cost=2.28 rows=10)
        -> Index range scan on sbtest7 using PRIMARY over (1162411 <= id <= 1162420)  (cost=2.28 rows=10)


table 8 : explain SELECT SUM(k) FROM sbtest8 WHERE id BETWEEN 8754534 AND 8754543
	-> Aggregate: sum(sbtest8.k)  (cost=4.58 rows=1)
    -> Filter: (sbtest8.id between 8754534 and 8754543)  (cost=2.28 rows=10)
        -> Index range scan on sbtest8 using PRIMARY over (8754534 <= id <= 8754543)  (cost=2.28 rows=10)


for: sum_ranges
table 1 : explain SELECT SUM(k) FROM sbtest1 WHERE id BETWEEN 9194546 AND 9194555
	-> Aggregate: sum(sbtest1.k)  (cost=4.58 rows=1)
    -> Filter: (sbtest1.id between 9194546 and 9194555)  (cost=2.28 rows=10)
        -> Index range scan on sbtest1 using PRIMARY over (9194546 <= id <= 9194555)  (cost=2.28 rows=10)


table 2 : explain SELECT SUM(k) FROM sbtest2 WHERE id BETWEEN 9192357 AND 9192366
	-> Aggregate: sum(sbtest2.k)  (cost=4.58 rows=1)
    -> Filter: (sbtest2.id between 9192357 and 9192366)  (cost=2.28 rows=10)
        -> Index range scan on sbtest2 using PRIMARY over (9192357 <= id <= 9192366)  (cost=2.28 rows=10)


table 3 : explain SELECT SUM(k) FROM sbtest3 WHERE id BETWEEN 987609 AND 987618
	-> Aggregate: sum(sbtest3.k)  (cost=4.58 rows=1)
    -> Filter: (sbtest3.id between 987609 and 987618)  (cost=2.28 rows=10)
        -> Index range scan on sbtest3 using PRIMARY over (987609 <= id <= 987618)  (cost=2.28 rows=10)


table 4 : explain SELECT SUM(k) FROM sbtest4 WHERE id BETWEEN 2246186 AND 2246195
	-> Aggregate: sum(sbtest4.k)  (cost=4.58 rows=1)
    -> Filter: (sbtest4.id between 2246186 and 2246195)  (cost=2.28 rows=10)
        -> Index range scan on sbtest4 using PRIMARY over (2246186 <= id <= 2246195)  (cost=2.28 rows=10)


table 5 : explain SELECT SUM(k) FROM sbtest5 WHERE id BETWEEN 9964146 AND 9964155
	-> Aggregate: sum(sbtest5.k)  (cost=4.58 rows=1)
    -> Filter: (sbtest5.id between 9964146 and 9964155)  (cost=2.28 rows=10)
        -> Index range scan on sbtest5 using PRIMARY over (9964146 <= id <= 9964155)  (cost=2.28 rows=10)


table 6 : explain SELECT SUM(k) FROM sbtest6 WHERE id BETWEEN 3987661 AND 3987670
	-> Aggregate: sum(sbtest6.k)  (cost=4.58 rows=1)
    -> Filter: (sbtest6.id between 3987661 and 3987670)  (cost=2.28 rows=10)
        -> Index range scan on sbtest6 using PRIMARY over (3987661 <= id <= 3987670)  (cost=2.28 rows=10)


table 7 : explain SELECT SUM(k) FROM sbtest7 WHERE id BETWEEN 8941621 AND 8941630
	-> Aggregate: sum(sbtest7.k)  (cost=4.58 rows=1)
    -> Filter: (sbtest7.id between 8941621 and 8941630)  (cost=2.28 rows=10)
        -> Index range scan on sbtest7 using PRIMARY over (8941621 <= id <= 8941630)  (cost=2.28 rows=10)


table 8 : explain SELECT SUM(k) FROM sbtest8 WHERE id BETWEEN 3690692 AND 3690701
	-> Aggregate: sum(sbtest8.k)  (cost=4.58 rows=1)
    -> Filter: (sbtest8.id between 3690692 and 3690701)  (cost=2.28 rows=10)
        -> Index range scan on sbtest8 using PRIMARY over (3690692 <= id <= 3690701)  (cost=2.28 rows=10)


for: sum_ranges
table 1 : explain SELECT SUM(k) FROM sbtest1 WHERE id BETWEEN 5615949 AND 5615958
	-> Aggregate: sum(sbtest1.k)  (cost=4.58 rows=1)
    -> Filter: (sbtest1.id between 5615949 and 5615958)  (cost=2.28 rows=10)
        -> Index range scan on sbtest1 using PRIMARY over (5615949 <= id <= 5615958)  (cost=2.28 rows=10)


table 2 : explain SELECT SUM(k) FROM sbtest2 WHERE id BETWEEN 2699572 AND 2699581
	-> Aggregate: sum(sbtest2.k)  (cost=4.58 rows=1)
    -> Filter: (sbtest2.id between 2699572 and 2699581)  (cost=2.28 rows=10)
        -> Index range scan on sbtest2 using PRIMARY over (2699572 <= id <= 2699581)  (cost=2.28 rows=10)


table 3 : explain SELECT SUM(k) FROM sbtest3 WHERE id BETWEEN 9946449 AND 9946458
	-> Aggregate: sum(sbtest3.k)  (cost=4.58 rows=1)
    -> Filter: (sbtest3.id between 9946449 and 9946458)  (cost=2.28 rows=10)
        -> Index range scan on sbtest3 using PRIMARY over (9946449 <= id <= 9946458)  (cost=2.28 rows=10)


table 4 : explain SELECT SUM(k) FROM sbtest4 WHERE id BETWEEN 3102352 AND 3102361
	-> Aggregate: sum(sbtest4.k)  (cost=4.58 rows=1)
    -> Filter: (sbtest4.id between 3102352 and 3102361)  (cost=2.28 rows=10)
        -> Index range scan on sbtest4 using PRIMARY over (3102352 <= id <= 3102361)  (cost=2.28 rows=10)


table 5 : explain SELECT SUM(k) FROM sbtest5 WHERE id BETWEEN 2962695 AND 2962704
	-> Aggregate: sum(sbtest5.k)  (cost=4.58 rows=1)
    -> Filter: (sbtest5.id between 2962695 and 2962704)  (cost=2.28 rows=10)
        -> Index range scan on sbtest5 using PRIMARY over (2962695 <= id <= 2962704)  (cost=2.28 rows=10)


table 6 : explain SELECT SUM(k) FROM sbtest6 WHERE id BETWEEN 6329583 AND 6329592
	-> Aggregate: sum(sbtest6.k)  (cost=4.58 rows=1)
    -> Filter: (sbtest6.id between 6329583 and 6329592)  (cost=2.28 rows=10)
        -> Index range scan on sbtest6 using PRIMARY over (6329583 <= id <= 6329592)  (cost=2.28 rows=10)


table 7 : explain SELECT SUM(k) FROM sbtest7 WHERE id BETWEEN 5447413 AND 5447422
	-> Aggregate: sum(sbtest7.k)  (cost=4.58 rows=1)
    -> Filter: (sbtest7.id between 5447413 and 5447422)  (cost=2.28 rows=10)
        -> Index range scan on sbtest7 using PRIMARY over (5447413 <= id <= 5447422)  (cost=2.28 rows=10)


table 8 : explain SELECT SUM(k) FROM sbtest8 WHERE id BETWEEN 3391201 AND 3391210
	-> Aggregate: sum(sbtest8.k)  (cost=4.58 rows=1)
    -> Filter: (sbtest8.id between 3391201 and 3391210)  (cost=2.28 rows=10)
        -> Index range scan on sbtest8 using PRIMARY over (3391201 <= id <= 3391210)  (cost=2.28 rows=10)


for: sum_ranges
table 1 : explain SELECT SUM(k) FROM sbtest1 WHERE id BETWEEN 7832494 AND 7832503
	-> Aggregate: sum(sbtest1.k)  (cost=4.58 rows=1)
    -> Filter: (sbtest1.id between 7832494 and 7832503)  (cost=2.28 rows=10)
        -> Index range scan on sbtest1 using PRIMARY over (7832494 <= id <= 7832503)  (cost=2.28 rows=10)


table 2 : explain SELECT SUM(k) FROM sbtest2 WHERE id BETWEEN 6851533 AND 6851542
	-> Aggregate: sum(sbtest2.k)  (cost=4.58 rows=1)
    -> Filter: (sbtest2.id between 6851533 and 6851542)  (cost=2.28 rows=10)
        -> Index range scan on sbtest2 using PRIMARY over (6851533 <= id <= 6851542)  (cost=2.28 rows=10)


table 3 : explain SELECT SUM(k) FROM sbtest3 WHERE id BETWEEN 269766 AND 269775
	-> Aggregate: sum(sbtest3.k)  (cost=4.58 rows=1)
    -> Filter: (sbtest3.id between 269766 and 269775)  (cost=2.28 rows=10)
        -> Index range scan on sbtest3 using PRIMARY over (269766 <= id <= 269775)  (cost=2.28 rows=10)


table 4 : explain SELECT SUM(k) FROM sbtest4 WHERE id BETWEEN 676861 AND 676870
	-> Aggregate: sum(sbtest4.k)  (cost=4.58 rows=1)
    -> Filter: (sbtest4.id between 676861 and 676870)  (cost=2.28 rows=10)
        -> Index range scan on sbtest4 using PRIMARY over (676861 <= id <= 676870)  (cost=2.28 rows=10)


table 5 : explain SELECT SUM(k) FROM sbtest5 WHERE id BETWEEN 8412318 AND 8412327
	-> Aggregate: sum(sbtest5.k)  (cost=4.58 rows=1)
    -> Filter: (sbtest5.id between 8412318 and 8412327)  (cost=2.28 rows=10)
        -> Index range scan on sbtest5 using PRIMARY over (8412318 <= id <= 8412327)  (cost=2.28 rows=10)


table 6 : explain SELECT SUM(k) FROM sbtest6 WHERE id BETWEEN 6229602 AND 6229611
	-> Aggregate: sum(sbtest6.k)  (cost=4.58 rows=1)
    -> Filter: (sbtest6.id between 6229602 and 6229611)  (cost=2.28 rows=10)
        -> Index range scan on sbtest6 using PRIMARY over (6229602 <= id <= 6229611)  (cost=2.28 rows=10)


table 7 : explain SELECT SUM(k) FROM sbtest7 WHERE id BETWEEN 6870719 AND 6870728
	-> Aggregate: sum(sbtest7.k)  (cost=4.58 rows=1)
    -> Filter: (sbtest7.id between 6870719 and 6870728)  (cost=2.28 rows=10)
        -> Index range scan on sbtest7 using PRIMARY over (6870719 <= id <= 6870728)  (cost=2.28 rows=10)


table 8 : explain SELECT SUM(k) FROM sbtest8 WHERE id BETWEEN 834578 AND 834587
	-> Aggregate: sum(sbtest8.k)  (cost=4.58 rows=1)
    -> Filter: (sbtest8.id between 834578 and 834587)  (cost=2.28 rows=10)
        -> Index range scan on sbtest8 using PRIMARY over (834578 <= id <= 834587)  (cost=2.28 rows=10)


for: sum_ranges
table 1 : explain SELECT SUM(k) FROM sbtest1 WHERE id BETWEEN 2289097 AND 2289106
	-> Aggregate: sum(sbtest1.k)  (cost=4.58 rows=1)
    -> Filter: (sbtest1.id between 2289097 and 2289106)  (cost=2.28 rows=10)
        -> Index range scan on sbtest1 using PRIMARY over (2289097 <= id <= 2289106)  (cost=2.28 rows=10)


table 2 : explain SELECT SUM(k) FROM sbtest2 WHERE id BETWEEN 8121774 AND 8121783
	-> Aggregate: sum(sbtest2.k)  (cost=4.58 rows=1)
    -> Filter: (sbtest2.id between 8121774 and 8121783)  (cost=2.28 rows=10)
        -> Index range scan on sbtest2 using PRIMARY over (8121774 <= id <= 8121783)  (cost=2.28 rows=10)


table 3 : explain SELECT SUM(k) FROM sbtest3 WHERE id BETWEEN 2909951 AND 2909960
	-> Aggregate: sum(sbtest3.k)  (cost=4.58 rows=1)
    -> Filter: (sbtest3.id between 2909951 and 2909960)  (cost=2.28 rows=10)
        -> Index range scan on sbtest3 using PRIMARY over (2909951 <= id <= 2909960)  (cost=2.28 rows=10)


table 4 : explain SELECT SUM(k) FROM sbtest4 WHERE id BETWEEN 5281390 AND 5281399
	-> Aggregate: sum(sbtest4.k)  (cost=4.58 rows=1)
    -> Filter: (sbtest4.id between 5281390 and 5281399)  (cost=2.28 rows=10)
        -> Index range scan on sbtest4 using PRIMARY over (5281390 <= id <= 5281399)  (cost=2.28 rows=10)


table 5 : explain SELECT SUM(k) FROM sbtest5 WHERE id BETWEEN 2155350 AND 2155359
	-> Aggregate: sum(sbtest5.k)  (cost=4.58 rows=1)
    -> Filter: (sbtest5.id between 2155350 and 2155359)  (cost=2.28 rows=10)
        -> Index range scan on sbtest5 using PRIMARY over (2155350 <= id <= 2155359)  (cost=2.28 rows=10)


table 6 : explain SELECT SUM(k) FROM sbtest6 WHERE id BETWEEN 952191 AND 952200
	-> Aggregate: sum(sbtest6.k)  (cost=4.58 rows=1)
    -> Filter: (sbtest6.id between 952191 and 952200)  (cost=2.28 rows=10)
        -> Index range scan on sbtest6 using PRIMARY over (952191 <= id <= 952200)  (cost=2.28 rows=10)


table 7 : explain SELECT SUM(k) FROM sbtest7 WHERE id BETWEEN 6740104 AND 6740113
	-> Aggregate: sum(sbtest7.k)  (cost=4.58 rows=1)
    -> Filter: (sbtest7.id between 6740104 and 6740113)  (cost=2.28 rows=10)
        -> Index range scan on sbtest7 using PRIMARY over (6740104 <= id <= 6740113)  (cost=2.28 rows=10)


table 8 : explain SELECT SUM(k) FROM sbtest8 WHERE id BETWEEN 6713929 AND 6713938
	-> Aggregate: sum(sbtest8.k)  (cost=4.58 rows=1)
    -> Filter: (sbtest8.id between 6713929 and 6713938)  (cost=2.28 rows=10)
        -> Index range scan on sbtest8 using PRIMARY over (6713929 <= id <= 6713938)  (cost=2.28 rows=10)


for: sum_ranges
table 1 : explain SELECT SUM(k) FROM sbtest1 WHERE id BETWEEN 8263247 AND 8263256
	-> Aggregate: sum(sbtest1.k)  (cost=4.58 rows=1)
    -> Filter: (sbtest1.id between 8263247 and 8263256)  (cost=2.28 rows=10)
        -> Index range scan on sbtest1 using PRIMARY over (8263247 <= id <= 8263256)  (cost=2.28 rows=10)


table 2 : explain SELECT SUM(k) FROM sbtest2 WHERE id BETWEEN 2847459 AND 2847468
	-> Aggregate: sum(sbtest2.k)  (cost=4.58 rows=1)
    -> Filter: (sbtest2.id between 2847459 and 2847468)  (cost=2.28 rows=10)
        -> Index range scan on sbtest2 using PRIMARY over (2847459 <= id <= 2847468)  (cost=2.28 rows=10)


table 3 : explain SELECT SUM(k) FROM sbtest3 WHERE id BETWEEN 3947975 AND 3947984
	-> Aggregate: sum(sbtest3.k)  (cost=4.58 rows=1)
    -> Filter: (sbtest3.id between 3947975 and 3947984)  (cost=2.28 rows=10)
        -> Index range scan on sbtest3 using PRIMARY over (3947975 <= id <= 3947984)  (cost=2.28 rows=10)


table 4 : explain SELECT SUM(k) FROM sbtest4 WHERE id BETWEEN 4742197 AND 4742206
	-> Aggregate: sum(sbtest4.k)  (cost=4.58 rows=1)
    -> Filter: (sbtest4.id between 4742197 and 4742206)  (cost=2.28 rows=10)
        -> Index range scan on sbtest4 using PRIMARY over (4742197 <= id <= 4742206)  (cost=2.28 rows=10)


table 5 : explain SELECT SUM(k) FROM sbtest5 WHERE id BETWEEN 5762570 AND 5762579
	-> Aggregate: sum(sbtest5.k)  (cost=4.58 rows=1)
    -> Filter: (sbtest5.id between 5762570 and 5762579)  (cost=2.28 rows=10)
        -> Index range scan on sbtest5 using PRIMARY over (5762570 <= id <= 5762579)  (cost=2.28 rows=10)


table 6 : explain SELECT SUM(k) FROM sbtest6 WHERE id BETWEEN 6220585 AND 6220594
	-> Aggregate: sum(sbtest6.k)  (cost=4.58 rows=1)
    -> Filter: (sbtest6.id between 6220585 and 6220594)  (cost=2.28 rows=10)
        -> Index range scan on sbtest6 using PRIMARY over (6220585 <= id <= 6220594)  (cost=2.28 rows=10)


table 7 : explain SELECT SUM(k) FROM sbtest7 WHERE id BETWEEN 3143093 AND 3143102
	-> Aggregate: sum(sbtest7.k)  (cost=4.58 rows=1)
    -> Filter: (sbtest7.id between 3143093 and 3143102)  (cost=2.28 rows=10)
        -> Index range scan on sbtest7 using PRIMARY over (3143093 <= id <= 3143102)  (cost=2.28 rows=10)


table 8 : explain SELECT SUM(k) FROM sbtest8 WHERE id BETWEEN 2376064 AND 2376073
	-> Aggregate: sum(sbtest8.k)  (cost=4.58 rows=1)
    -> Filter: (sbtest8.id between 2376064 and 2376073)  (cost=2.28 rows=10)
        -> Index range scan on sbtest8 using PRIMARY over (2376064 <= id <= 2376073)  (cost=2.28 rows=10)


for: sum_ranges
table 1 : explain SELECT SUM(k) FROM sbtest1 WHERE id BETWEEN 8163148 AND 8163157
	-> Aggregate: sum(sbtest1.k)  (cost=4.58 rows=1)
    -> Filter: (sbtest1.id between 8163148 and 8163157)  (cost=2.28 rows=10)
        -> Index range scan on sbtest1 using PRIMARY over (8163148 <= id <= 8163157)  (cost=2.28 rows=10)


table 2 : explain SELECT SUM(k) FROM sbtest2 WHERE id BETWEEN 5453549 AND 5453558
	-> Aggregate: sum(sbtest2.k)  (cost=4.58 rows=1)
    -> Filter: (sbtest2.id between 5453549 and 5453558)  (cost=2.28 rows=10)
        -> Index range scan on sbtest2 using PRIMARY over (5453549 <= id <= 5453558)  (cost=2.28 rows=10)


table 3 : explain SELECT SUM(k) FROM sbtest3 WHERE id BETWEEN 7098235 AND 7098244
	-> Aggregate: sum(sbtest3.k)  (cost=4.58 rows=1)
    -> Filter: (sbtest3.id between 7098235 and 7098244)  (cost=2.28 rows=10)
        -> Index range scan on sbtest3 using PRIMARY over (7098235 <= id <= 7098244)  (cost=2.28 rows=10)


table 4 : explain SELECT SUM(k) FROM sbtest4 WHERE id BETWEEN 5203297 AND 5203306
	-> Aggregate: sum(sbtest4.k)  (cost=4.58 rows=1)
    -> Filter: (sbtest4.id between 5203297 and 5203306)  (cost=2.28 rows=10)
        -> Index range scan on sbtest4 using PRIMARY over (5203297 <= id <= 5203306)  (cost=2.28 rows=10)


table 5 : explain SELECT SUM(k) FROM sbtest5 WHERE id BETWEEN 3421013 AND 3421022
	-> Aggregate: sum(sbtest5.k)  (cost=4.58 rows=1)
    -> Filter: (sbtest5.id between 3421013 and 3421022)  (cost=2.28 rows=10)
        -> Index range scan on sbtest5 using PRIMARY over (3421013 <= id <= 3421022)  (cost=2.28 rows=10)


table 6 : explain SELECT SUM(k) FROM sbtest6 WHERE id BETWEEN 1536730 AND 1536739
	-> Aggregate: sum(sbtest6.k)  (cost=4.58 rows=1)
    -> Filter: (sbtest6.id between 1536730 and 1536739)  (cost=2.28 rows=10)
        -> Index range scan on sbtest6 using PRIMARY over (1536730 <= id <= 1536739)  (cost=2.28 rows=10)


table 7 : explain SELECT SUM(k) FROM sbtest7 WHERE id BETWEEN 6930445 AND 6930454
	-> Aggregate: sum(sbtest7.k)  (cost=4.58 rows=1)
    -> Filter: (sbtest7.id between 6930445 and 6930454)  (cost=2.28 rows=10)
        -> Index range scan on sbtest7 using PRIMARY over (6930445 <= id <= 6930454)  (cost=2.28 rows=10)


table 8 : explain SELECT SUM(k) FROM sbtest8 WHERE id BETWEEN 7974067 AND 7974076
	-> Aggregate: sum(sbtest8.k)  (cost=4.58 rows=1)
    -> Filter: (sbtest8.id between 7974067 and 7974076)  (cost=2.28 rows=10)
        -> Index range scan on sbtest8 using PRIMARY over (7974067 <= id <= 7974076)  (cost=2.28 rows=10)

for: simple_ranges
table 1 : explain SELECT c FROM sbtest1 WHERE id BETWEEN 5751685 AND 5751694
	-> Filter: (sbtest1.id between 5751685 and 5751694)  (cost=2.28 rows=10)
    -> Index range scan on sbtest1 using PRIMARY over (5751685 <= id <= 5751694)  (cost=2.28 rows=10)


table 2 : explain SELECT c FROM sbtest2 WHERE id BETWEEN 4856294 AND 4856303
	-> Filter: (sbtest2.id between 4856294 and 4856303)  (cost=2.28 rows=10)
    -> Index range scan on sbtest2 using PRIMARY over (4856294 <= id <= 4856303)  (cost=2.28 rows=10)


table 3 : explain SELECT c FROM sbtest3 WHERE id BETWEEN 2243177 AND 2243186
	-> Filter: (sbtest3.id between 2243177 and 2243186)  (cost=2.28 rows=10)
    -> Index range scan on sbtest3 using PRIMARY over (2243177 <= id <= 2243186)  (cost=2.28 rows=10)


table 4 : explain SELECT c FROM sbtest4 WHERE id BETWEEN 4820989 AND 4820998
	-> Filter: (sbtest4.id between 4820989 and 4820998)  (cost=2.28 rows=10)
    -> Index range scan on sbtest4 using PRIMARY over (4820989 <= id <= 4820998)  (cost=2.28 rows=10)


table 5 : explain SELECT c FROM sbtest5 WHERE id BETWEEN 6902596 AND 6902605
	-> Filter: (sbtest5.id between 6902596 and 6902605)  (cost=2.28 rows=10)
    -> Index range scan on sbtest5 using PRIMARY over (6902596 <= id <= 6902605)  (cost=2.28 rows=10)


table 6 : explain SELECT c FROM sbtest6 WHERE id BETWEEN 8338268 AND 8338277
	-> Filter: (sbtest6.id between 8338268 and 8338277)  (cost=2.28 rows=10)
    -> Index range scan on sbtest6 using PRIMARY over (8338268 <= id <= 8338277)  (cost=2.28 rows=10)


table 7 : explain SELECT c FROM sbtest7 WHERE id BETWEEN 899256 AND 899265
	-> Filter: (sbtest7.id between 899256 and 899265)  (cost=2.28 rows=10)
    -> Index range scan on sbtest7 using PRIMARY over (899256 <= id <= 899265)  (cost=2.28 rows=10)


table 8 : explain SELECT c FROM sbtest8 WHERE id BETWEEN 498801 AND 498810
	-> Filter: (sbtest8.id between 498801 and 498810)  (cost=2.28 rows=10)
    -> Index range scan on sbtest8 using PRIMARY over (498801 <= id <= 498810)  (cost=2.28 rows=10)



for: sum_ranges
table 1 : explain SELECT SUM(k) FROM sbtest1 WHERE id BETWEEN 4842399 AND 4842408
	-> Aggregate: sum(sbtest1.k)  (cost=4.58 rows=1)
    -> Filter: (sbtest1.id between 4842399 and 4842408)  (cost=2.28 rows=10)
        -> Index range scan on sbtest1 using PRIMARY over (4842399 <= id <= 4842408)  (cost=2.28 rows=10)


table 2 : explain SELECT SUM(k) FROM sbtest2 WHERE id BETWEEN 241341 AND 241350
	-> Aggregate: sum(sbtest2.k)  (cost=4.58 rows=1)
    -> Filter: (sbtest2.id between 241341 and 241350)  (cost=2.28 rows=10)
        -> Index range scan on sbtest2 using PRIMARY over (241341 <= id <= 241350)  (cost=2.28 rows=10)


table 3 : explain SELECT SUM(k) FROM sbtest3 WHERE id BETWEEN 4034127 AND 4034136
	-> Aggregate: sum(sbtest3.k)  (cost=4.58 rows=1)
    -> Filter: (sbtest3.id between 4034127 and 4034136)  (cost=2.28 rows=10)
        -> Index range scan on sbtest3 using PRIMARY over (4034127 <= id <= 4034136)  (cost=2.28 rows=10)


table 4 : explain SELECT SUM(k) FROM sbtest4 WHERE id BETWEEN 9654553 AND 9654562
	-> Aggregate: sum(sbtest4.k)  (cost=4.58 rows=1)
    -> Filter: (sbtest4.id between 9654553 and 9654562)  (cost=2.28 rows=10)
        -> Index range scan on sbtest4 using PRIMARY over (9654553 <= id <= 9654562)  (cost=2.28 rows=10)


table 5 : explain SELECT SUM(k) FROM sbtest5 WHERE id BETWEEN 8244129 AND 8244138
	-> Aggregate: sum(sbtest5.k)  (cost=4.58 rows=1)
    -> Filter: (sbtest5.id between 8244129 and 8244138)  (cost=2.28 rows=10)
        -> Index range scan on sbtest5 using PRIMARY over (8244129 <= id <= 8244138)  (cost=2.28 rows=10)


table 6 : explain SELECT SUM(k) FROM sbtest6 WHERE id BETWEEN 9787508 AND 9787517
	-> Aggregate: sum(sbtest6.k)  (cost=4.58 rows=1)
    -> Filter: (sbtest6.id between 9787508 and 9787517)  (cost=2.28 rows=10)
        -> Index range scan on sbtest6 using PRIMARY over (9787508 <= id <= 9787517)  (cost=2.28 rows=10)


table 7 : explain SELECT SUM(k) FROM sbtest7 WHERE id BETWEEN 5552751 AND 5552760
	-> Aggregate: sum(sbtest7.k)  (cost=4.58 rows=1)
    -> Filter: (sbtest7.id between 5552751 and 5552760)  (cost=2.28 rows=10)
        -> Index range scan on sbtest7 using PRIMARY over (5552751 <= id <= 5552760)  (cost=2.28 rows=10)


table 8 : explain SELECT SUM(k) FROM sbtest8 WHERE id BETWEEN 9060071 AND 9060080
	-> Aggregate: sum(sbtest8.k)  (cost=4.58 rows=1)
    -> Filter: (sbtest8.id between 9060071 and 9060080)  (cost=2.28 rows=10)
        -> Index range scan on sbtest8 using PRIMARY over (9060071 <= id <= 9060080)  (cost=2.28 rows=10)

for: sum_ranges
table 1 : explain SELECT SUM(k) FROM sbtest1 WHERE id BETWEEN 8739722 AND 8739731
	-> Aggregate: sum(sbtest1.k)  (cost=4.58 rows=1)
    -> Filter: (sbtest1.id between 8739722 and 8739731)  (cost=2.28 rows=10)
        -> Index range scan on sbtest1 using PRIMARY over (8739722 <= id <= 8739731)  (cost=2.28 rows=10)


table 2 : explain SELECT SUM(k) FROM sbtest2 WHERE id BETWEEN 6807800 AND 6807809
	-> Aggregate: sum(sbtest2.k)  (cost=4.58 rows=1)
    -> Filter: (sbtest2.id between 6807800 and 6807809)  (cost=2.28 rows=10)
        -> Index range scan on sbtest2 using PRIMARY over (6807800 <= id <= 6807809)  (cost=2.28 rows=10)


table 3 : explain SELECT SUM(k) FROM sbtest3 WHERE id BETWEEN 5360690 AND 5360699
	-> Aggregate: sum(sbtest3.k)  (cost=4.58 rows=1)
    -> Filter: (sbtest3.id between 5360690 and 5360699)  (cost=2.28 rows=10)
        -> Index range scan on sbtest3 using PRIMARY over (5360690 <= id <= 5360699)  (cost=2.28 rows=10)


table 4 : explain SELECT SUM(k) FROM sbtest4 WHERE id BETWEEN 6296529 AND 6296538
	-> Aggregate: sum(sbtest4.k)  (cost=4.58 rows=1)
    -> Filter: (sbtest4.id between 6296529 and 6296538)  (cost=2.28 rows=10)
        -> Index range scan on sbtest4 using PRIMARY over (6296529 <= id <= 6296538)  (cost=2.28 rows=10)


table 5 : explain SELECT SUM(k) FROM sbtest5 WHERE id BETWEEN 3404407 AND 3404416
	-> Aggregate: sum(sbtest5.k)  (cost=4.58 rows=1)
    -> Filter: (sbtest5.id between 3404407 and 3404416)  (cost=2.28 rows=10)
        -> Index range scan on sbtest5 using PRIMARY over (3404407 <= id <= 3404416)  (cost=2.28 rows=10)


table 6 : explain SELECT SUM(k) FROM sbtest6 WHERE id BETWEEN 1456799 AND 1456808
	-> Aggregate: sum(sbtest6.k)  (cost=4.58 rows=1)
    -> Filter: (sbtest6.id between 1456799 and 1456808)  (cost=2.28 rows=10)
        -> Index range scan on sbtest6 using PRIMARY over (1456799 <= id <= 1456808)  (cost=2.28 rows=10)


table 7 : explain SELECT SUM(k) FROM sbtest7 WHERE id BETWEEN 6288148 AND 6288157
	-> Aggregate: sum(sbtest7.k)  (cost=4.58 rows=1)
    -> Filter: (sbtest7.id between 6288148 and 6288157)  (cost=2.28 rows=10)
        -> Index range scan on sbtest7 using PRIMARY over (6288148 <= id <= 6288157)  (cost=2.28 rows=10)


table 8 : explain SELECT SUM(k) FROM sbtest8 WHERE id BETWEEN 8958977 AND 8958986
	-> Aggregate: sum(sbtest8.k)  (cost=4.58 rows=1)
    -> Filter: (sbtest8.id between 8958977 and 8958986)  (cost=2.28 rows=10)
        -> Index range scan on sbtest8 using PRIMARY over (8958977 <= id <= 8958986)  (cost=2.28 rows=10)



for: sum_ranges
table 1 : explain SELECT SUM(k) FROM sbtest1 WHERE id BETWEEN 8495490 AND 8495499
	-> Aggregate: sum(sbtest1.k)  (cost=4.58 rows=1)
    -> Filter: (sbtest1.id between 8495490 and 8495499)  (cost=2.28 rows=10)
        -> Index range scan on sbtest1 using PRIMARY over (8495490 <= id <= 8495499)  (cost=2.28 rows=10)


table 2 : explain SELECT SUM(k) FROM sbtest2 WHERE id BETWEEN 4129794 AND 4129803
	-> Aggregate: sum(sbtest2.k)  (cost=4.58 rows=1)
    -> Filter: (sbtest2.id between 4129794 and 4129803)  (cost=2.28 rows=10)
        -> Index range scan on sbtest2 using PRIMARY over (4129794 <= id <= 4129803)  (cost=2.28 rows=10)


table 3 : explain SELECT SUM(k) FROM sbtest3 WHERE id BETWEEN 6399025 AND 6399034
	-> Aggregate: sum(sbtest3.k)  (cost=4.58 rows=1)
    -> Filter: (sbtest3.id between 6399025 and 6399034)  (cost=2.28 rows=10)
        -> Index range scan on sbtest3 using PRIMARY over (6399025 <= id <= 6399034)  (cost=2.28 rows=10)


table 4 : explain SELECT SUM(k) FROM sbtest4 WHERE id BETWEEN 4260540 AND 4260549
	-> Aggregate: sum(sbtest4.k)  (cost=4.58 rows=1)
    -> Filter: (sbtest4.id between 4260540 and 4260549)  (cost=2.28 rows=10)
        -> Index range scan on sbtest4 using PRIMARY over (4260540 <= id <= 4260549)  (cost=2.28 rows=10)


table 5 : explain SELECT SUM(k) FROM sbtest5 WHERE id BETWEEN 8539947 AND 8539956
	-> Aggregate: sum(sbtest5.k)  (cost=4.58 rows=1)
    -> Filter: (sbtest5.id between 8539947 and 8539956)  (cost=2.28 rows=10)
        -> Index range scan on sbtest5 using PRIMARY over (8539947 <= id <= 8539956)  (cost=2.28 rows=10)


table 6 : explain SELECT SUM(k) FROM sbtest6 WHERE id BETWEEN 1549715 AND 1549724
	-> Aggregate: sum(sbtest6.k)  (cost=4.58 rows=1)
    -> Filter: (sbtest6.id between 1549715 and 1549724)  (cost=2.28 rows=10)
        -> Index range scan on sbtest6 using PRIMARY over (1549715 <= id <= 1549724)  (cost=2.28 rows=10)


table 7 : explain SELECT SUM(k) FROM sbtest7 WHERE id BETWEEN 5000070 AND 5000079
	-> Aggregate: sum(sbtest7.k)  (cost=4.58 rows=1)
    -> Filter: (sbtest7.id between 5000070 and 5000079)  (cost=2.28 rows=10)
        -> Index range scan on sbtest7 using PRIMARY over (5000070 <= id <= 5000079)  (cost=2.28 rows=10)


table 8 : explain SELECT SUM(k) FROM sbtest8 WHERE id BETWEEN 9912015 AND 9912024
	-> Aggregate: sum(sbtest8.k)  (cost=4.58 rows=1)
    -> Filter: (sbtest8.id between 9912015 and 9912024)  (cost=2.28 rows=10)
        -> Index range scan on sbtest8 using PRIMARY over (9912015 <= id <= 9912024)  (cost=2.28 rows=10)


for: sum_ranges
table 1 : explain SELECT SUM(k) FROM sbtest1 WHERE id BETWEEN 1650233 AND 1650242
	-> Aggregate: sum(sbtest1.k)  (cost=4.58 rows=1)
    -> Filter: (sbtest1.id between 1650233 and 1650242)  (cost=2.28 rows=10)
        -> Index range scan on sbtest1 using PRIMARY over (1650233 <= id <= 1650242)  (cost=2.28 rows=10)


table 2 : explain SELECT SUM(k) FROM sbtest2 WHERE id BETWEEN 9989527 AND 9989536
	-> Aggregate: sum(sbtest2.k)  (cost=4.58 rows=1)
    -> Filter: (sbtest2.id between 9989527 and 9989536)  (cost=2.28 rows=10)
        -> Index range scan on sbtest2 using PRIMARY over (9989527 <= id <= 9989536)  (cost=2.28 rows=10)


table 3 : explain SELECT SUM(k) FROM sbtest3 WHERE id BETWEEN 387904 AND 387913
	-> Aggregate: sum(sbtest3.k)  (cost=4.58 rows=1)
    -> Filter: (sbtest3.id between 387904 and 387913)  (cost=2.28 rows=10)
        -> Index range scan on sbtest3 using PRIMARY over (387904 <= id <= 387913)  (cost=2.28 rows=10)


table 4 : explain SELECT SUM(k) FROM sbtest4 WHERE id BETWEEN 5015219 AND 5015228
	-> Aggregate: sum(sbtest4.k)  (cost=4.58 rows=1)
    -> Filter: (sbtest4.id between 5015219 and 5015228)  (cost=2.28 rows=10)
        -> Index range scan on sbtest4 using PRIMARY over (5015219 <= id <= 5015228)  (cost=2.28 rows=10)


table 5 : explain SELECT SUM(k) FROM sbtest5 WHERE id BETWEEN 6868547 AND 6868556
	-> Aggregate: sum(sbtest5.k)  (cost=4.58 rows=1)
    -> Filter: (sbtest5.id between 6868547 and 6868556)  (cost=2.28 rows=10)
        -> Index range scan on sbtest5 using PRIMARY over (6868547 <= id <= 6868556)  (cost=2.28 rows=10)


table 6 : explain SELECT SUM(k) FROM sbtest6 WHERE id BETWEEN 9833385 AND 9833394
	-> Aggregate: sum(sbtest6.k)  (cost=4.58 rows=1)
    -> Filter: (sbtest6.id between 9833385 and 9833394)  (cost=2.28 rows=10)
        -> Index range scan on sbtest6 using PRIMARY over (9833385 <= id <= 9833394)  (cost=2.28 rows=10)


table 7 : explain SELECT SUM(k) FROM sbtest7 WHERE id BETWEEN 1758629 AND 1758638
	-> Aggregate: sum(sbtest7.k)  (cost=4.58 rows=1)
    -> Filter: (sbtest7.id between 1758629 and 1758638)  (cost=2.28 rows=10)
        -> Index range scan on sbtest7 using PRIMARY over (1758629 <= id <= 1758638)  (cost=2.28 rows=10)


table 8 : explain SELECT SUM(k) FROM sbtest8 WHERE id BETWEEN 5342046 AND 5342055
	-> Aggregate: sum(sbtest8.k)  (cost=4.58 rows=1)
    -> Filter: (sbtest8.id between 5342046 and 5342055)  (cost=2.28 rows=10)
        -> Index range scan on sbtest8 using PRIMARY over (5342046 <= id <= 5342055)  (cost=2.28 rows=10)


for: sum_ranges
table 1 : explain SELECT SUM(k) FROM sbtest1 WHERE id BETWEEN 2821697 AND 2821706
	-> Aggregate: sum(sbtest1.k)  (cost=4.58 rows=1)
    -> Filter: (sbtest1.id between 2821697 and 2821706)  (cost=2.28 rows=10)
        -> Index range scan on sbtest1 using PRIMARY over (2821697 <= id <= 2821706)  (cost=2.28 rows=10)


table 2 : explain SELECT SUM(k) FROM sbtest2 WHERE id BETWEEN 4556470 AND 4556479
	-> Aggregate: sum(sbtest2.k)  (cost=4.58 rows=1)
    -> Filter: (sbtest2.id between 4556470 and 4556479)  (cost=2.28 rows=10)
        -> Index range scan on sbtest2 using PRIMARY over (4556470 <= id <= 4556479)  (cost=2.28 rows=10)


table 3 : explain SELECT SUM(k) FROM sbtest3 WHERE id BETWEEN 5159787 AND 5159796
	-> Aggregate: sum(sbtest3.k)  (cost=4.58 rows=1)
    -> Filter: (sbtest3.id between 5159787 and 5159796)  (cost=2.28 rows=10)
        -> Index range scan on sbtest3 using PRIMARY over (5159787 <= id <= 5159796)  (cost=2.28 rows=10)


table 4 : explain SELECT SUM(k) FROM sbtest4 WHERE id BETWEEN 6494696 AND 6494705
	-> Aggregate: sum(sbtest4.k)  (cost=4.58 rows=1)
    -> Filter: (sbtest4.id between 6494696 and 6494705)  (cost=2.28 rows=10)
        -> Index range scan on sbtest4 using PRIMARY over (6494696 <= id <= 6494705)  (cost=2.28 rows=10)


table 5 : explain SELECT SUM(k) FROM sbtest5 WHERE id BETWEEN 8157426 AND 8157435
	-> Aggregate: sum(sbtest5.k)  (cost=4.58 rows=1)
    -> Filter: (sbtest5.id between 8157426 and 8157435)  (cost=2.28 rows=10)
        -> Index range scan on sbtest5 using PRIMARY over (8157426 <= id <= 8157435)  (cost=2.28 rows=10)


table 6 : explain SELECT SUM(k) FROM sbtest6 WHERE id BETWEEN 7288186 AND 7288195
	-> Aggregate: sum(sbtest6.k)  (cost=4.58 rows=1)
    -> Filter: (sbtest6.id between 7288186 and 7288195)  (cost=2.28 rows=10)
        -> Index range scan on sbtest6 using PRIMARY over (7288186 <= id <= 7288195)  (cost=2.28 rows=10)


table 7 : explain SELECT SUM(k) FROM sbtest7 WHERE id BETWEEN 5900562 AND 5900571
	-> Aggregate: sum(sbtest7.k)  (cost=4.58 rows=1)
    -> Filter: (sbtest7.id between 5900562 and 5900571)  (cost=2.28 rows=10)
        -> Index range scan on sbtest7 using PRIMARY over (5900562 <= id <= 5900571)  (cost=2.28 rows=10)


table 8 : explain SELECT SUM(k) FROM sbtest8 WHERE id BETWEEN 9752159 AND 9752168
	-> Aggregate: sum(sbtest8.k)  (cost=4.58 rows=1)
    -> Filter: (sbtest8.id between 9752159 and 9752168)  (cost=2.28 rows=10)
        -> Index range scan on sbtest8 using PRIMARY over (9752159 <= id <= 9752168)  (cost=2.28 rows=10)


for: sum_ranges
table 1 : explain SELECT SUM(k) FROM sbtest1 WHERE id BETWEEN 3414954 AND 3414963
	-> Aggregate: sum(sbtest1.k)  (cost=4.58 rows=1)
    -> Filter: (sbtest1.id between 3414954 and 3414963)  (cost=2.28 rows=10)
        -> Index range scan on sbtest1 using PRIMARY over (3414954 <= id <= 3414963)  (cost=2.28 rows=10)


table 2 : explain SELECT SUM(k) FROM sbtest2 WHERE id BETWEEN 7529817 AND 7529826
	-> Aggregate: sum(sbtest2.k)  (cost=4.58 rows=1)
    -> Filter: (sbtest2.id between 7529817 and 7529826)  (cost=2.28 rows=10)
        -> Index range scan on sbtest2 using PRIMARY over (7529817 <= id <= 7529826)  (cost=2.28 rows=10)


table 3 : explain SELECT SUM(k) FROM sbtest3 WHERE id BETWEEN 9554611 AND 9554620
	-> Aggregate: sum(sbtest3.k)  (cost=4.58 rows=1)
    -> Filter: (sbtest3.id between 9554611 and 9554620)  (cost=2.28 rows=10)
        -> Index range scan on sbtest3 using PRIMARY over (9554611 <= id <= 9554620)  (cost=2.28 rows=10)


table 4 : explain SELECT SUM(k) FROM sbtest4 WHERE id BETWEEN 6640496 AND 6640505
	-> Aggregate: sum(sbtest4.k)  (cost=4.58 rows=1)
    -> Filter: (sbtest4.id between 6640496 and 6640505)  (cost=2.28 rows=10)
        -> Index range scan on sbtest4 using PRIMARY over (6640496 <= id <= 6640505)  (cost=2.28 rows=10)


table 5 : explain SELECT SUM(k) FROM sbtest5 WHERE id BETWEEN 8368043 AND 8368052
	-> Aggregate: sum(sbtest5.k)  (cost=4.58 rows=1)
    -> Filter: (sbtest5.id between 8368043 and 8368052)  (cost=2.28 rows=10)
        -> Index range scan on sbtest5 using PRIMARY over (8368043 <= id <= 8368052)  (cost=2.28 rows=10)


table 6 : explain SELECT SUM(k) FROM sbtest6 WHERE id BETWEEN 5099076 AND 5099085
	-> Aggregate: sum(sbtest6.k)  (cost=4.58 rows=1)
    -> Filter: (sbtest6.id between 5099076 and 5099085)  (cost=2.28 rows=10)
        -> Index range scan on sbtest6 using PRIMARY over (5099076 <= id <= 5099085)  (cost=2.28 rows=10)


table 7 : explain SELECT SUM(k) FROM sbtest7 WHERE id BETWEEN 4557377 AND 4557386
	-> Aggregate: sum(sbtest7.k)  (cost=4.58 rows=1)
    -> Filter: (sbtest7.id between 4557377 and 4557386)  (cost=2.28 rows=10)
        -> Index range scan on sbtest7 using PRIMARY over (4557377 <= id <= 4557386)  (cost=2.28 rows=10)


table 8 : explain SELECT SUM(k) FROM sbtest8 WHERE id BETWEEN 5857239 AND 5857248
	-> Aggregate: sum(sbtest8.k)  (cost=4.58 rows=1)
    -> Filter: (sbtest8.id between 5857239 and 5857248)  (cost=2.28 rows=10)
        -> Index range scan on sbtest8 using PRIMARY over (5857239 <= id <= 5857248)  (cost=2.28 rows=10)


for: sum_ranges
table 1 : explain SELECT SUM(k) FROM sbtest1 WHERE id BETWEEN 5087610 AND 5087619
	-> Aggregate: sum(sbtest1.k)  (cost=4.58 rows=1)
    -> Filter: (sbtest1.id between 5087610 and 5087619)  (cost=2.28 rows=10)
        -> Index range scan on sbtest1 using PRIMARY over (5087610 <= id <= 5087619)  (cost=2.28 rows=10)


table 2 : explain SELECT SUM(k) FROM sbtest2 WHERE id BETWEEN 2908160 AND 2908169
	-> Aggregate: sum(sbtest2.k)  (cost=4.58 rows=1)
    -> Filter: (sbtest2.id between 2908160 and 2908169)  (cost=2.28 rows=10)
        -> Index range scan on sbtest2 using PRIMARY over (2908160 <= id <= 2908169)  (cost=2.28 rows=10)


table 3 : explain SELECT SUM(k) FROM sbtest3 WHERE id BETWEEN 9440150 AND 9440159
	-> Aggregate: sum(sbtest3.k)  (cost=4.58 rows=1)
    -> Filter: (sbtest3.id between 9440150 and 9440159)  (cost=2.28 rows=10)
        -> Index range scan on sbtest3 using PRIMARY over (9440150 <= id <= 9440159)  (cost=2.28 rows=10)


table 4 : explain SELECT SUM(k) FROM sbtest4 WHERE id BETWEEN 2507015 AND 2507024
	-> Aggregate: sum(sbtest4.k)  (cost=4.58 rows=1)
    -> Filter: (sbtest4.id between 2507015 and 2507024)  (cost=2.28 rows=10)
        -> Index range scan on sbtest4 using PRIMARY over (2507015 <= id <= 2507024)  (cost=2.28 rows=10)


table 5 : explain SELECT SUM(k) FROM sbtest5 WHERE id BETWEEN 8128802 AND 8128811
	-> Aggregate: sum(sbtest5.k)  (cost=4.58 rows=1)
    -> Filter: (sbtest5.id between 8128802 and 8128811)  (cost=2.28 rows=10)
        -> Index range scan on sbtest5 using PRIMARY over (8128802 <= id <= 8128811)  (cost=2.28 rows=10)


table 6 : explain SELECT SUM(k) FROM sbtest6 WHERE id BETWEEN 8722730 AND 8722739
	-> Aggregate: sum(sbtest6.k)  (cost=4.58 rows=1)
    -> Filter: (sbtest6.id between 8722730 and 8722739)  (cost=2.28 rows=10)
        -> Index range scan on sbtest6 using PRIMARY over (8722730 <= id <= 8722739)  (cost=2.28 rows=10)


table 7 : explain SELECT SUM(k) FROM sbtest7 WHERE id BETWEEN 9185085 AND 9185094
	-> Aggregate: sum(sbtest7.k)  (cost=4.58 rows=1)
    -> Filter: (sbtest7.id between 9185085 and 9185094)  (cost=2.28 rows=10)
        -> Index range scan on sbtest7 using PRIMARY over (9185085 <= id <= 9185094)  (cost=2.28 rows=10)


table 8 : explain SELECT SUM(k) FROM sbtest8 WHERE id BETWEEN 9373759 AND 9373768
	-> Aggregate: sum(sbtest8.k)  (cost=4.58 rows=1)
    -> Filter: (sbtest8.id between 9373759 and 9373768)  (cost=2.28 rows=10)
        -> Index range scan on sbtest8 using PRIMARY over (9373759 <= id <= 9373768)  (cost=2.28 rows=10)


for: sum_ranges
table 1 : explain SELECT SUM(k) FROM sbtest1 WHERE id BETWEEN 985962 AND 985971
	-> Aggregate: sum(sbtest1.k)  (cost=4.58 rows=1)
    -> Filter: (sbtest1.id between 985962 and 985971)  (cost=2.28 rows=10)
        -> Index range scan on sbtest1 using PRIMARY over (985962 <= id <= 985971)  (cost=2.28 rows=10)


table 2 : explain SELECT SUM(k) FROM sbtest2 WHERE id BETWEEN 5986942 AND 5986951
	-> Aggregate: sum(sbtest2.k)  (cost=4.58 rows=1)
    -> Filter: (sbtest2.id between 5986942 and 5986951)  (cost=2.28 rows=10)
        -> Index range scan on sbtest2 using PRIMARY over (5986942 <= id <= 5986951)  (cost=2.28 rows=10)


table 3 : explain SELECT SUM(k) FROM sbtest3 WHERE id BETWEEN 2060565 AND 2060574
	-> Aggregate: sum(sbtest3.k)  (cost=4.58 rows=1)
    -> Filter: (sbtest3.id between 2060565 and 2060574)  (cost=2.28 rows=10)
        -> Index range scan on sbtest3 using PRIMARY over (2060565 <= id <= 2060574)  (cost=2.28 rows=10)


table 4 : explain SELECT SUM(k) FROM sbtest4 WHERE id BETWEEN 3556308 AND 3556317
	-> Aggregate: sum(sbtest4.k)  (cost=4.58 rows=1)
    -> Filter: (sbtest4.id between 3556308 and 3556317)  (cost=2.28 rows=10)
        -> Index range scan on sbtest4 using PRIMARY over (3556308 <= id <= 3556317)  (cost=2.28 rows=10)


table 5 : explain SELECT SUM(k) FROM sbtest5 WHERE id BETWEEN 435883 AND 435892
	-> Aggregate: sum(sbtest5.k)  (cost=4.58 rows=1)
    -> Filter: (sbtest5.id between 435883 and 435892)  (cost=2.28 rows=10)
        -> Index range scan on sbtest5 using PRIMARY over (435883 <= id <= 435892)  (cost=2.28 rows=10)


table 6 : explain SELECT SUM(k) FROM sbtest6 WHERE id BETWEEN 6838197 AND 6838206
	-> Aggregate: sum(sbtest6.k)  (cost=4.58 rows=1)
    -> Filter: (sbtest6.id between 6838197 and 6838206)  (cost=2.28 rows=10)
        -> Index range scan on sbtest6 using PRIMARY over (6838197 <= id <= 6838206)  (cost=2.28 rows=10)


table 7 : explain SELECT SUM(k) FROM sbtest7 WHERE id BETWEEN 8115428 AND 8115437
	-> Aggregate: sum(sbtest7.k)  (cost=4.58 rows=1)
    -> Filter: (sbtest7.id between 8115428 and 8115437)  (cost=2.28 rows=10)
        -> Index range scan on sbtest7 using PRIMARY over (8115428 <= id <= 8115437)  (cost=2.28 rows=10)


table 8 : explain SELECT SUM(k) FROM sbtest8 WHERE id BETWEEN 5365860 AND 5365869
	-> Aggregate: sum(sbtest8.k)  (cost=4.58 rows=1)
    -> Filter: (sbtest8.id between 5365860 and 5365869)  (cost=2.28 rows=10)
        -> Index range scan on sbtest8 using PRIMARY over (5365860 <= id <= 5365869)  (cost=2.28 rows=10)


for: sum_ranges
table 1 : explain SELECT SUM(k) FROM sbtest1 WHERE id BETWEEN 3268241 AND 3268250
	-> Aggregate: sum(sbtest1.k)  (cost=4.58 rows=1)
    -> Filter: (sbtest1.id between 3268241 and 3268250)  (cost=2.28 rows=10)
        -> Index range scan on sbtest1 using PRIMARY over (3268241 <= id <= 3268250)  (cost=2.28 rows=10)


table 2 : explain SELECT SUM(k) FROM sbtest2 WHERE id BETWEEN 9693653 AND 9693662
	-> Aggregate: sum(sbtest2.k)  (cost=4.58 rows=1)
    -> Filter: (sbtest2.id between 9693653 and 9693662)  (cost=2.28 rows=10)
        -> Index range scan on sbtest2 using PRIMARY over (9693653 <= id <= 9693662)  (cost=2.28 rows=10)


table 3 : explain SELECT SUM(k) FROM sbtest3 WHERE id BETWEEN 9719632 AND 9719641
	-> Aggregate: sum(sbtest3.k)  (cost=4.58 rows=1)
    -> Filter: (sbtest3.id between 9719632 and 9719641)  (cost=2.28 rows=10)
        -> Index range scan on sbtest3 using PRIMARY over (9719632 <= id <= 9719641)  (cost=2.28 rows=10)


table 4 : explain SELECT SUM(k) FROM sbtest4 WHERE id BETWEEN 2765721 AND 2765730
	-> Aggregate: sum(sbtest4.k)  (cost=4.58 rows=1)
    -> Filter: (sbtest4.id between 2765721 and 2765730)  (cost=2.28 rows=10)
        -> Index range scan on sbtest4 using PRIMARY over (2765721 <= id <= 2765730)  (cost=2.28 rows=10)


table 5 : explain SELECT SUM(k) FROM sbtest5 WHERE id BETWEEN 7294460 AND 7294469
	-> Aggregate: sum(sbtest5.k)  (cost=4.58 rows=1)
    -> Filter: (sbtest5.id between 7294460 and 7294469)  (cost=2.28 rows=10)
        -> Index range scan on sbtest5 using PRIMARY over (7294460 <= id <= 7294469)  (cost=2.28 rows=10)


table 6 : explain SELECT SUM(k) FROM sbtest6 WHERE id BETWEEN 2870795 AND 2870804
	-> Aggregate: sum(sbtest6.k)  (cost=4.58 rows=1)
    -> Filter: (sbtest6.id between 2870795 and 2870804)  (cost=2.28 rows=10)
        -> Index range scan on sbtest6 using PRIMARY over (2870795 <= id <= 2870804)  (cost=2.28 rows=10)


table 7 : explain SELECT SUM(k) FROM sbtest7 WHERE id BETWEEN 2959166 AND 2959175
	-> Aggregate: sum(sbtest7.k)  (cost=4.58 rows=1)
    -> Filter: (sbtest7.id between 2959166 and 2959175)  (cost=2.28 rows=10)
        -> Index range scan on sbtest7 using PRIMARY over (2959166 <= id <= 2959175)  (cost=2.28 rows=10)


table 8 : explain SELECT SUM(k) FROM sbtest8 WHERE id BETWEEN 2391370 AND 2391379
	-> Aggregate: sum(sbtest8.k)  (cost=4.58 rows=1)
    -> Filter: (sbtest8.id between 2391370 and 2391379)  (cost=2.28 rows=10)
        -> Index range scan on sbtest8 using PRIMARY over (2391370 <= id <= 2391379)  (cost=2.28 rows=10)


for: sum_ranges
table 1 : explain SELECT SUM(k) FROM sbtest1 WHERE id BETWEEN 1564427 AND 1564436
	-> Aggregate: sum(sbtest1.k)  (cost=4.58 rows=1)
    -> Filter: (sbtest1.id between 1564427 and 1564436)  (cost=2.28 rows=10)
        -> Index range scan on sbtest1 using PRIMARY over (1564427 <= id <= 1564436)  (cost=2.28 rows=10)


table 2 : explain SELECT SUM(k) FROM sbtest2 WHERE id BETWEEN 7704871 AND 7704880
	-> Aggregate: sum(sbtest2.k)  (cost=4.58 rows=1)
    -> Filter: (sbtest2.id between 7704871 and 7704880)  (cost=2.28 rows=10)
        -> Index range scan on sbtest2 using PRIMARY over (7704871 <= id <= 7704880)  (cost=2.28 rows=10)


table 3 : explain SELECT SUM(k) FROM sbtest3 WHERE id BETWEEN 5219224 AND 5219233
	-> Aggregate: sum(sbtest3.k)  (cost=4.58 rows=1)
    -> Filter: (sbtest3.id between 5219224 and 5219233)  (cost=2.28 rows=10)
        -> Index range scan on sbtest3 using PRIMARY over (5219224 <= id <= 5219233)  (cost=2.28 rows=10)


table 4 : explain SELECT SUM(k) FROM sbtest4 WHERE id BETWEEN 6982689 AND 6982698
	-> Aggregate: sum(sbtest4.k)  (cost=4.58 rows=1)
    -> Filter: (sbtest4.id between 6982689 and 6982698)  (cost=2.28 rows=10)
        -> Index range scan on sbtest4 using PRIMARY over (6982689 <= id <= 6982698)  (cost=2.28 rows=10)


table 5 : explain SELECT SUM(k) FROM sbtest5 WHERE id BETWEEN 8660536 AND 8660545
	-> Aggregate: sum(sbtest5.k)  (cost=4.58 rows=1)
    -> Filter: (sbtest5.id between 8660536 and 8660545)  (cost=2.28 rows=10)
        -> Index range scan on sbtest5 using PRIMARY over (8660536 <= id <= 8660545)  (cost=2.28 rows=10)


table 6 : explain SELECT SUM(k) FROM sbtest6 WHERE id BETWEEN 6451710 AND 6451719
	-> Aggregate: sum(sbtest6.k)  (cost=4.58 rows=1)
    -> Filter: (sbtest6.id between 6451710 and 6451719)  (cost=2.28 rows=10)
        -> Index range scan on sbtest6 using PRIMARY over (6451710 <= id <= 6451719)  (cost=2.28 rows=10)


table 7 : explain SELECT SUM(k) FROM sbtest7 WHERE id BETWEEN 9080234 AND 9080243
	-> Aggregate: sum(sbtest7.k)  (cost=4.58 rows=1)
    -> Filter: (sbtest7.id between 9080234 and 9080243)  (cost=2.28 rows=10)
        -> Index range scan on sbtest7 using PRIMARY over (9080234 <= id <= 9080243)  (cost=2.28 rows=10)


table 8 : explain SELECT SUM(k) FROM sbtest8 WHERE id BETWEEN 8142137 AND 8142146
	-> Aggregate: sum(sbtest8.k)  (cost=4.58 rows=1)
    -> Filter: (sbtest8.id between 8142137 and 8142146)  (cost=2.28 rows=10)
        -> Index range scan on sbtest8 using PRIMARY over (8142137 <= id <= 8142146)  (cost=2.28 rows=10)


for: order_ranges
table 1 : explain SELECT c FROM sbtest1 WHERE id BETWEEN 9780835 AND 9780844 ORDER BY c
	-> Sort: sbtest1.c  (cost=2.28 rows=10)
    -> Filter: (sbtest1.id between 9780835 and 9780844)  (cost=2.28 rows=10)
        -> Index range scan on sbtest1 using PRIMARY over (9780835 <= id <= 9780844)  (cost=2.28 rows=10)


table 2 : explain SELECT c FROM sbtest2 WHERE id BETWEEN 7831353 AND 7831362 ORDER BY c
	-> Sort: sbtest2.c  (cost=2.28 rows=10)
    -> Filter: (sbtest2.id between 7831353 and 7831362)  (cost=2.28 rows=10)
        -> Index range scan on sbtest2 using PRIMARY over (7831353 <= id <= 7831362)  (cost=2.28 rows=10)


table 3 : explain SELECT c FROM sbtest3 WHERE id BETWEEN 5612666 AND 5612675 ORDER BY c
	-> Sort: sbtest3.c  (cost=2.28 rows=10)
    -> Filter: (sbtest3.id between 5612666 and 5612675)  (cost=2.28 rows=10)
        -> Index range scan on sbtest3 using PRIMARY over (5612666 <= id <= 5612675)  (cost=2.28 rows=10)


table 4 : explain SELECT c FROM sbtest4 WHERE id BETWEEN 9899800 AND 9899809 ORDER BY c
	-> Sort: sbtest4.c  (cost=2.28 rows=10)
    -> Filter: (sbtest4.id between 9899800 and 9899809)  (cost=2.28 rows=10)
        -> Index range scan on sbtest4 using PRIMARY over (9899800 <= id <= 9899809)  (cost=2.28 rows=10)


table 5 : explain SELECT c FROM sbtest5 WHERE id BETWEEN 9875805 AND 9875814 ORDER BY c
	-> Sort: sbtest5.c  (cost=2.28 rows=10)
    -> Filter: (sbtest5.id between 9875805 and 9875814)  (cost=2.28 rows=10)
        -> Index range scan on sbtest5 using PRIMARY over (9875805 <= id <= 9875814)  (cost=2.28 rows=10)


table 6 : explain SELECT c FROM sbtest6 WHERE id BETWEEN 255977 AND 255986 ORDER BY c
	-> Sort: sbtest6.c  (cost=2.28 rows=10)
    -> Filter: (sbtest6.id between 255977 and 255986)  (cost=2.28 rows=10)
        -> Index range scan on sbtest6 using PRIMARY over (255977 <= id <= 255986)  (cost=2.28 rows=10)


table 7 : explain SELECT c FROM sbtest7 WHERE id BETWEEN 1239076 AND 1239085 ORDER BY c
	-> Sort: sbtest7.c  (cost=2.28 rows=10)
    -> Filter: (sbtest7.id between 1239076 and 1239085)  (cost=2.28 rows=10)
        -> Index range scan on sbtest7 using PRIMARY over (1239076 <= id <= 1239085)  (cost=2.28 rows=10)


table 8 : explain SELECT c FROM sbtest8 WHERE id BETWEEN 4676269 AND 4676278 ORDER BY c
	-> Sort: sbtest8.c  (cost=2.28 rows=10)
    -> Filter: (sbtest8.id between 4676269 and 4676278)  (cost=2.28 rows=10)
        -> Index range scan on sbtest8 using PRIMARY over (4676269 <= id <= 4676278)  (cost=2.28 rows=10)


for: sum_ranges
table 1 : explain SELECT SUM(k) FROM sbtest1 WHERE id BETWEEN 6033095 AND 6033104
	-> Aggregate: sum(sbtest1.k)  (cost=4.58 rows=1)
    -> Filter: (sbtest1.id between 6033095 and 6033104)  (cost=2.28 rows=10)
        -> Index range scan on sbtest1 using PRIMARY over (6033095 <= id <= 6033104)  (cost=2.28 rows=10)


table 2 : explain SELECT SUM(k) FROM sbtest2 WHERE id BETWEEN 9916566 AND 9916575
	-> Aggregate: sum(sbtest2.k)  (cost=4.58 rows=1)
    -> Filter: (sbtest2.id between 9916566 and 9916575)  (cost=2.28 rows=10)
        -> Index range scan on sbtest2 using PRIMARY over (9916566 <= id <= 9916575)  (cost=2.28 rows=10)


table 3 : explain SELECT SUM(k) FROM sbtest3 WHERE id BETWEEN 6424297 AND 6424306
	-> Aggregate: sum(sbtest3.k)  (cost=4.58 rows=1)
    -> Filter: (sbtest3.id between 6424297 and 6424306)  (cost=2.28 rows=10)
        -> Index range scan on sbtest3 using PRIMARY over (6424297 <= id <= 6424306)  (cost=2.28 rows=10)


table 4 : explain SELECT SUM(k) FROM sbtest4 WHERE id BETWEEN 5907031 AND 5907040
	-> Aggregate: sum(sbtest4.k)  (cost=4.58 rows=1)
    -> Filter: (sbtest4.id between 5907031 and 5907040)  (cost=2.28 rows=10)
        -> Index range scan on sbtest4 using PRIMARY over (5907031 <= id <= 5907040)  (cost=2.28 rows=10)


table 5 : explain SELECT SUM(k) FROM sbtest5 WHERE id BETWEEN 7631819 AND 7631828
	-> Aggregate: sum(sbtest5.k)  (cost=4.58 rows=1)
    -> Filter: (sbtest5.id between 7631819 and 7631828)  (cost=2.28 rows=10)
        -> Index range scan on sbtest5 using PRIMARY over (7631819 <= id <= 7631828)  (cost=2.28 rows=10)


table 6 : explain SELECT SUM(k) FROM sbtest6 WHERE id BETWEEN 8643913 AND 8643922
	-> Aggregate: sum(sbtest6.k)  (cost=4.58 rows=1)
    -> Filter: (sbtest6.id between 8643913 and 8643922)  (cost=2.28 rows=10)
        -> Index range scan on sbtest6 using PRIMARY over (8643913 <= id <= 8643922)  (cost=2.28 rows=10)


table 7 : explain SELECT SUM(k) FROM sbtest7 WHERE id BETWEEN 3091193 AND 3091202
	-> Aggregate: sum(sbtest7.k)  (cost=4.58 rows=1)
    -> Filter: (sbtest7.id between 3091193 and 3091202)  (cost=2.28 rows=10)
        -> Index range scan on sbtest7 using PRIMARY over (3091193 <= id <= 3091202)  (cost=2.28 rows=10)


table 8 : explain SELECT SUM(k) FROM sbtest8 WHERE id BETWEEN 4621725 AND 4621734
	-> Aggregate: sum(sbtest8.k)  (cost=4.58 rows=1)
    -> Filter: (sbtest8.id between 4621725 and 4621734)  (cost=2.28 rows=10)
        -> Index range scan on sbtest8 using PRIMARY over (4621725 <= id <= 4621734)  (cost=2.28 rows=10)


for: sum_ranges
table 1 : explain SELECT SUM(k) FROM sbtest1 WHERE id BETWEEN 4799133 AND 4799142
	-> Aggregate: sum(sbtest1.k)  (cost=4.58 rows=1)
    -> Filter: (sbtest1.id between 4799133 and 4799142)  (cost=2.28 rows=10)
        -> Index range scan on sbtest1 using PRIMARY over (4799133 <= id <= 4799142)  (cost=2.28 rows=10)


table 2 : explain SELECT SUM(k) FROM sbtest2 WHERE id BETWEEN 4730071 AND 4730080
	-> Aggregate: sum(sbtest2.k)  (cost=4.58 rows=1)
    -> Filter: (sbtest2.id between 4730071 and 4730080)  (cost=2.28 rows=10)
        -> Index range scan on sbtest2 using PRIMARY over (4730071 <= id <= 4730080)  (cost=2.28 rows=10)


table 3 : explain SELECT SUM(k) FROM sbtest3 WHERE id BETWEEN 415844 AND 415853
	-> Aggregate: sum(sbtest3.k)  (cost=4.58 rows=1)
    -> Filter: (sbtest3.id between 415844 and 415853)  (cost=2.28 rows=10)
        -> Index range scan on sbtest3 using PRIMARY over (415844 <= id <= 415853)  (cost=2.28 rows=10)


table 4 : explain SELECT SUM(k) FROM sbtest4 WHERE id BETWEEN 1304773 AND 1304782
	-> Aggregate: sum(sbtest4.k)  (cost=4.58 rows=1)
    -> Filter: (sbtest4.id between 1304773 and 1304782)  (cost=2.28 rows=10)
        -> Index range scan on sbtest4 using PRIMARY over (1304773 <= id <= 1304782)  (cost=2.28 rows=10)


table 5 : explain SELECT SUM(k) FROM sbtest5 WHERE id BETWEEN 2841378 AND 2841387
	-> Aggregate: sum(sbtest5.k)  (cost=4.58 rows=1)
    -> Filter: (sbtest5.id between 2841378 and 2841387)  (cost=2.28 rows=10)
        -> Index range scan on sbtest5 using PRIMARY over (2841378 <= id <= 2841387)  (cost=2.28 rows=10)


table 6 : explain SELECT SUM(k) FROM sbtest6 WHERE id BETWEEN 8514598 AND 8514607
	-> Aggregate: sum(sbtest6.k)  (cost=4.58 rows=1)
    -> Filter: (sbtest6.id between 8514598 and 8514607)  (cost=2.28 rows=10)
        -> Index range scan on sbtest6 using PRIMARY over (8514598 <= id <= 8514607)  (cost=2.28 rows=10)


table 7 : explain SELECT SUM(k) FROM sbtest7 WHERE id BETWEEN 4658230 AND 4658239
	-> Aggregate: sum(sbtest7.k)  (cost=4.58 rows=1)
    -> Filter: (sbtest7.id between 4658230 and 4658239)  (cost=2.28 rows=10)
        -> Index range scan on sbtest7 using PRIMARY over (4658230 <= id <= 4658239)  (cost=2.28 rows=10)


table 8 : explain SELECT SUM(k) FROM sbtest8 WHERE id BETWEEN 951956 AND 951965
	-> Aggregate: sum(sbtest8.k)  (cost=4.58 rows=1)
    -> Filter: (sbtest8.id between 951956 and 951965)  (cost=2.28 rows=10)
        -> Index range scan on sbtest8 using PRIMARY over (951956 <= id <= 951965)  (cost=2.28 rows=10)


for: order_ranges
table 1 : explain SELECT c FROM sbtest1 WHERE id BETWEEN 7614792 AND 7614801 ORDER BY c
	-> Sort: sbtest1.c  (cost=2.28 rows=10)
    -> Filter: (sbtest1.id between 7614792 and 7614801)  (cost=2.28 rows=10)
        -> Index range scan on sbtest1 using PRIMARY over (7614792 <= id <= 7614801)  (cost=2.28 rows=10)


table 2 : explain SELECT c FROM sbtest2 WHERE id BETWEEN 6959348 AND 6959357 ORDER BY c
	-> Sort: sbtest2.c  (cost=2.28 rows=10)
    -> Filter: (sbtest2.id between 6959348 and 6959357)  (cost=2.28 rows=10)
        -> Index range scan on sbtest2 using PRIMARY over (6959348 <= id <= 6959357)  (cost=2.28 rows=10)


table 3 : explain SELECT c FROM sbtest3 WHERE id BETWEEN 3304713 AND 3304722 ORDER BY c
	-> Sort: sbtest3.c  (cost=2.28 rows=10)
    -> Filter: (sbtest3.id between 3304713 and 3304722)  (cost=2.28 rows=10)
        -> Index range scan on sbtest3 using PRIMARY over (3304713 <= id <= 3304722)  (cost=2.28 rows=10)


table 4 : explain SELECT c FROM sbtest4 WHERE id BETWEEN 8632617 AND 8632626 ORDER BY c
	-> Sort: sbtest4.c  (cost=2.28 rows=10)
    -> Filter: (sbtest4.id between 8632617 and 8632626)  (cost=2.28 rows=10)
        -> Index range scan on sbtest4 using PRIMARY over (8632617 <= id <= 8632626)  (cost=2.28 rows=10)


table 5 : explain SELECT c FROM sbtest5 WHERE id BETWEEN 2918936 AND 2918945 ORDER BY c
	-> Sort: sbtest5.c  (cost=2.28 rows=10)
    -> Filter: (sbtest5.id between 2918936 and 2918945)  (cost=2.28 rows=10)
        -> Index range scan on sbtest5 using PRIMARY over (2918936 <= id <= 2918945)  (cost=2.28 rows=10)


table 6 : explain SELECT c FROM sbtest6 WHERE id BETWEEN 3757892 AND 3757901 ORDER BY c
	-> Sort: sbtest6.c  (cost=2.28 rows=10)
    -> Filter: (sbtest6.id between 3757892 and 3757901)  (cost=2.28 rows=10)
        -> Index range scan on sbtest6 using PRIMARY over (3757892 <= id <= 3757901)  (cost=2.28 rows=10)


table 7 : explain SELECT c FROM sbtest7 WHERE id BETWEEN 9506301 AND 9506310 ORDER BY c
	-> Sort: sbtest7.c  (cost=2.28 rows=10)
    -> Filter: (sbtest7.id between 9506301 and 9506310)  (cost=2.28 rows=10)
        -> Index range scan on sbtest7 using PRIMARY over (9506301 <= id <= 9506310)  (cost=2.28 rows=10)


table 8 : explain SELECT c FROM sbtest8 WHERE id BETWEEN 5424487 AND 5424496 ORDER BY c
	-> Sort: sbtest8.c  (cost=2.28 rows=10)
    -> Filter: (sbtest8.id between 5424487 and 5424496)  (cost=2.28 rows=10)
        -> Index range scan on sbtest8 using PRIMARY over (5424487 <= id <= 5424496)  (cost=2.28 rows=10)


for: sum_ranges
table 1 : explain SELECT SUM(k) FROM sbtest1 WHERE id BETWEEN 7944460 AND 7944469
	-> Aggregate: sum(sbtest1.k)  (cost=4.58 rows=1)
    -> Filter: (sbtest1.id between 7944460 and 7944469)  (cost=2.28 rows=10)
        -> Index range scan on sbtest1 using PRIMARY over (7944460 <= id <= 7944469)  (cost=2.28 rows=10)


table 2 : explain SELECT SUM(k) FROM sbtest2 WHERE id BETWEEN 6501164 AND 6501173
	-> Aggregate: sum(sbtest2.k)  (cost=4.58 rows=1)
    -> Filter: (sbtest2.id between 6501164 and 6501173)  (cost=2.28 rows=10)
        -> Index range scan on sbtest2 using PRIMARY over (6501164 <= id <= 6501173)  (cost=2.28 rows=10)


table 3 : explain SELECT SUM(k) FROM sbtest3 WHERE id BETWEEN 7559622 AND 7559631
	-> Aggregate: sum(sbtest3.k)  (cost=4.58 rows=1)
    -> Filter: (sbtest3.id between 7559622 and 7559631)  (cost=2.28 rows=10)
        -> Index range scan on sbtest3 using PRIMARY over (7559622 <= id <= 7559631)  (cost=2.28 rows=10)


table 4 : explain SELECT SUM(k) FROM sbtest4 WHERE id BETWEEN 2928683 AND 2928692
	-> Aggregate: sum(sbtest4.k)  (cost=4.58 rows=1)
    -> Filter: (sbtest4.id between 2928683 and 2928692)  (cost=2.28 rows=10)
        -> Index range scan on sbtest4 using PRIMARY over (2928683 <= id <= 2928692)  (cost=2.28 rows=10)


table 5 : explain SELECT SUM(k) FROM sbtest5 WHERE id BETWEEN 3584969 AND 3584978
	-> Aggregate: sum(sbtest5.k)  (cost=4.58 rows=1)
    -> Filter: (sbtest5.id between 3584969 and 3584978)  (cost=2.28 rows=10)
        -> Index range scan on sbtest5 using PRIMARY over (3584969 <= id <= 3584978)  (cost=2.28 rows=10)


table 6 : explain SELECT SUM(k) FROM sbtest6 WHERE id BETWEEN 1557738 AND 1557747
	-> Aggregate: sum(sbtest6.k)  (cost=4.58 rows=1)
    -> Filter: (sbtest6.id between 1557738 and 1557747)  (cost=2.28 rows=10)
        -> Index range scan on sbtest6 using PRIMARY over (1557738 <= id <= 1557747)  (cost=2.28 rows=10)


table 7 : explain SELECT SUM(k) FROM sbtest7 WHERE id BETWEEN 2964372 AND 2964381
	-> Aggregate: sum(sbtest7.k)  (cost=4.58 rows=1)
    -> Filter: (sbtest7.id between 2964372 and 2964381)  (cost=2.28 rows=10)
        -> Index range scan on sbtest7 using PRIMARY over (2964372 <= id <= 2964381)  (cost=2.28 rows=10)


table 8 : explain SELECT SUM(k) FROM sbtest8 WHERE id BETWEEN 5658833 AND 5658842
	-> Aggregate: sum(sbtest8.k)  (cost=4.58 rows=1)
    -> Filter: (sbtest8.id between 5658833 and 5658842)  (cost=2.28 rows=10)
        -> Index range scan on sbtest8 using PRIMARY over (5658833 <= id <= 5658842)  (cost=2.28 rows=10)


for: sum_ranges
table 1 : explain SELECT SUM(k) FROM sbtest1 WHERE id BETWEEN 5894086 AND 5894095
	-> Aggregate: sum(sbtest1.k)  (cost=4.58 rows=1)
    -> Filter: (sbtest1.id between 5894086 and 5894095)  (cost=2.28 rows=10)
        -> Index range scan on sbtest1 using PRIMARY over (5894086 <= id <= 5894095)  (cost=2.28 rows=10)


table 2 : explain SELECT SUM(k) FROM sbtest2 WHERE id BETWEEN 8623165 AND 8623174
	-> Aggregate: sum(sbtest2.k)  (cost=4.58 rows=1)
    -> Filter: (sbtest2.id between 8623165 and 8623174)  (cost=2.28 rows=10)
        -> Index range scan on sbtest2 using PRIMARY over (8623165 <= id <= 8623174)  (cost=2.28 rows=10)


table 3 : explain SELECT SUM(k) FROM sbtest3 WHERE id BETWEEN 2397837 AND 2397846
	-> Aggregate: sum(sbtest3.k)  (cost=4.58 rows=1)
    -> Filter: (sbtest3.id between 2397837 and 2397846)  (cost=2.28 rows=10)
        -> Index range scan on sbtest3 using PRIMARY over (2397837 <= id <= 2397846)  (cost=2.28 rows=10)


table 4 : explain SELECT SUM(k) FROM sbtest4 WHERE id BETWEEN 796964 AND 796973
	-> Aggregate: sum(sbtest4.k)  (cost=4.58 rows=1)
    -> Filter: (sbtest4.id between 796964 and 796973)  (cost=2.28 rows=10)
        -> Index range scan on sbtest4 using PRIMARY over (796964 <= id <= 796973)  (cost=2.28 rows=10)


table 5 : explain SELECT SUM(k) FROM sbtest5 WHERE id BETWEEN 7289094 AND 7289103
	-> Aggregate: sum(sbtest5.k)  (cost=4.58 rows=1)
    -> Filter: (sbtest5.id between 7289094 and 7289103)  (cost=2.28 rows=10)
        -> Index range scan on sbtest5 using PRIMARY over (7289094 <= id <= 7289103)  (cost=2.28 rows=10)


table 6 : explain SELECT SUM(k) FROM sbtest6 WHERE id BETWEEN 396049 AND 396058
	-> Aggregate: sum(sbtest6.k)  (cost=4.58 rows=1)
    -> Filter: (sbtest6.id between 396049 and 396058)  (cost=2.28 rows=10)
        -> Index range scan on sbtest6 using PRIMARY over (396049 <= id <= 396058)  (cost=2.28 rows=10)


table 7 : explain SELECT SUM(k) FROM sbtest7 WHERE id BETWEEN 6071891 AND 6071900
	-> Aggregate: sum(sbtest7.k)  (cost=4.58 rows=1)
    -> Filter: (sbtest7.id between 6071891 and 6071900)  (cost=2.28 rows=10)
        -> Index range scan on sbtest7 using PRIMARY over (6071891 <= id <= 6071900)  (cost=2.28 rows=10)


table 8 : explain SELECT SUM(k) FROM sbtest8 WHERE id BETWEEN 7603935 AND 7603944
	-> Aggregate: sum(sbtest8.k)  (cost=4.58 rows=1)
    -> Filter: (sbtest8.id between 7603935 and 7603944)  (cost=2.28 rows=10)
        -> Index range scan on sbtest8 using PRIMARY over (7603935 <= id <= 7603944)  (cost=2.28 rows=10)


for: sum_ranges
table 1 : explain SELECT SUM(k) FROM sbtest1 WHERE id BETWEEN 5591410 AND 5591419
	-> Aggregate: sum(sbtest1.k)  (cost=4.58 rows=1)
    -> Filter: (sbtest1.id between 5591410 and 5591419)  (cost=2.28 rows=10)
        -> Index range scan on sbtest1 using PRIMARY over (5591410 <= id <= 5591419)  (cost=2.28 rows=10)


table 2 : explain SELECT SUM(k) FROM sbtest2 WHERE id BETWEEN 2448939 AND 2448948
	-> Aggregate: sum(sbtest2.k)  (cost=4.58 rows=1)
    -> Filter: (sbtest2.id between 2448939 and 2448948)  (cost=2.28 rows=10)
        -> Index range scan on sbtest2 using PRIMARY over (2448939 <= id <= 2448948)  (cost=2.28 rows=10)


table 3 : explain SELECT SUM(k) FROM sbtest3 WHERE id BETWEEN 4081001 AND 4081010
	-> Aggregate: sum(sbtest3.k)  (cost=4.58 rows=1)
    -> Filter: (sbtest3.id between 4081001 and 4081010)  (cost=2.28 rows=10)
        -> Index range scan on sbtest3 using PRIMARY over (4081001 <= id <= 4081010)  (cost=2.28 rows=10)


table 4 : explain SELECT SUM(k) FROM sbtest4 WHERE id BETWEEN 6807866 AND 6807875
	-> Aggregate: sum(sbtest4.k)  (cost=4.58 rows=1)
    -> Filter: (sbtest4.id between 6807866 and 6807875)  (cost=2.28 rows=10)
        -> Index range scan on sbtest4 using PRIMARY over (6807866 <= id <= 6807875)  (cost=2.28 rows=10)


table 5 : explain SELECT SUM(k) FROM sbtest5 WHERE id BETWEEN 6644056 AND 6644065
	-> Aggregate: sum(sbtest5.k)  (cost=4.58 rows=1)
    -> Filter: (sbtest5.id between 6644056 and 6644065)  (cost=2.28 rows=10)
        -> Index range scan on sbtest5 using PRIMARY over (6644056 <= id <= 6644065)  (cost=2.28 rows=10)


table 6 : explain SELECT SUM(k) FROM sbtest6 WHERE id BETWEEN 3319322 AND 3319331
	-> Aggregate: sum(sbtest6.k)  (cost=4.58 rows=1)
    -> Filter: (sbtest6.id between 3319322 and 3319331)  (cost=2.28 rows=10)
        -> Index range scan on sbtest6 using PRIMARY over (3319322 <= id <= 3319331)  (cost=2.28 rows=10)


table 7 : explain SELECT SUM(k) FROM sbtest7 WHERE id BETWEEN 161150 AND 161159
	-> Aggregate: sum(sbtest7.k)  (cost=4.58 rows=1)
    -> Filter: (sbtest7.id between 161150 and 161159)  (cost=2.28 rows=10)
        -> Index range scan on sbtest7 using PRIMARY over (161150 <= id <= 161159)  (cost=2.28 rows=10)


table 8 : explain SELECT SUM(k) FROM sbtest8 WHERE id BETWEEN 8485976 AND 8485985
	-> Aggregate: sum(sbtest8.k)  (cost=4.58 rows=1)
    -> Filter: (sbtest8.id between 8485976 and 8485985)  (cost=2.28 rows=10)
        -> Index range scan on sbtest8 using PRIMARY over (8485976 <= id <= 8485985)  (cost=2.28 rows=10)


for: sum_ranges
table 1 : explain SELECT SUM(k) FROM sbtest1 WHERE id BETWEEN 5216717 AND 5216726
	-> Aggregate: sum(sbtest1.k)  (cost=4.58 rows=1)
    -> Filter: (sbtest1.id between 5216717 and 5216726)  (cost=2.28 rows=10)
        -> Index range scan on sbtest1 using PRIMARY over (5216717 <= id <= 5216726)  (cost=2.28 rows=10)


table 2 : explain SELECT SUM(k) FROM sbtest2 WHERE id BETWEEN 5083995 AND 5084004
	-> Aggregate: sum(sbtest2.k)  (cost=4.58 rows=1)
    -> Filter: (sbtest2.id between 5083995 and 5084004)  (cost=2.28 rows=10)
        -> Index range scan on sbtest2 using PRIMARY over (5083995 <= id <= 5084004)  (cost=2.28 rows=10)


table 3 : explain SELECT SUM(k) FROM sbtest3 WHERE id BETWEEN 2742297 AND 2742306
	-> Aggregate: sum(sbtest3.k)  (cost=4.58 rows=1)
    -> Filter: (sbtest3.id between 2742297 and 2742306)  (cost=2.28 rows=10)
        -> Index range scan on sbtest3 using PRIMARY over (2742297 <= id <= 2742306)  (cost=2.28 rows=10)


table 4 : explain SELECT SUM(k) FROM sbtest4 WHERE id BETWEEN 5993176 AND 5993185
	-> Aggregate: sum(sbtest4.k)  (cost=4.58 rows=1)
    -> Filter: (sbtest4.id between 5993176 and 5993185)  (cost=2.28 rows=10)
        -> Index range scan on sbtest4 using PRIMARY over (5993176 <= id <= 5993185)  (cost=2.28 rows=10)


table 5 : explain SELECT SUM(k) FROM sbtest5 WHERE id BETWEEN 2805170 AND 2805179
	-> Aggregate: sum(sbtest5.k)  (cost=4.58 rows=1)
    -> Filter: (sbtest5.id between 2805170 and 2805179)  (cost=2.28 rows=10)
        -> Index range scan on sbtest5 using PRIMARY over (2805170 <= id <= 2805179)  (cost=2.28 rows=10)


table 6 : explain SELECT SUM(k) FROM sbtest6 WHERE id BETWEEN 6790366 AND 6790375
	-> Aggregate: sum(sbtest6.k)  (cost=4.58 rows=1)
    -> Filter: (sbtest6.id between 6790366 and 6790375)  (cost=2.28 rows=10)
        -> Index range scan on sbtest6 using PRIMARY over (6790366 <= id <= 6790375)  (cost=2.28 rows=10)


table 7 : explain SELECT SUM(k) FROM sbtest7 WHERE id BETWEEN 6971135 AND 6971144
	-> Aggregate: sum(sbtest7.k)  (cost=4.58 rows=1)
    -> Filter: (sbtest7.id between 6971135 and 6971144)  (cost=2.28 rows=10)
        -> Index range scan on sbtest7 using PRIMARY over (6971135 <= id <= 6971144)  (cost=2.28 rows=10)


table 8 : explain SELECT SUM(k) FROM sbtest8 WHERE id BETWEEN 8824133 AND 8824142
	-> Aggregate: sum(sbtest8.k)  (cost=4.58 rows=1)
    -> Filter: (sbtest8.id between 8824133 and 8824142)  (cost=2.28 rows=10)
        -> Index range scan on sbtest8 using PRIMARY over (8824133 <= id <= 8824142)  (cost=2.28 rows=10)


for: sum_ranges
table 1 : explain SELECT SUM(k) FROM sbtest1 WHERE id BETWEEN 2083715 AND 2083724
	-> Aggregate: sum(sbtest1.k)  (cost=4.58 rows=1)
    -> Filter: (sbtest1.id between 2083715 and 2083724)  (cost=2.28 rows=10)
        -> Index range scan on sbtest1 using PRIMARY over (2083715 <= id <= 2083724)  (cost=2.28 rows=10)


table 2 : explain SELECT SUM(k) FROM sbtest2 WHERE id BETWEEN 5637902 AND 5637911
	-> Aggregate: sum(sbtest2.k)  (cost=4.58 rows=1)
    -> Filter: (sbtest2.id between 5637902 and 5637911)  (cost=2.28 rows=10)
        -> Index range scan on sbtest2 using PRIMARY over (5637902 <= id <= 5637911)  (cost=2.28 rows=10)


table 3 : explain SELECT SUM(k) FROM sbtest3 WHERE id BETWEEN 2566750 AND 2566759
	-> Aggregate: sum(sbtest3.k)  (cost=4.58 rows=1)
    -> Filter: (sbtest3.id between 2566750 and 2566759)  (cost=2.28 rows=10)
        -> Index range scan on sbtest3 using PRIMARY over (2566750 <= id <= 2566759)  (cost=2.28 rows=10)


table 4 : explain SELECT SUM(k) FROM sbtest4 WHERE id BETWEEN 3003595 AND 3003604
	-> Aggregate: sum(sbtest4.k)  (cost=4.58 rows=1)
    -> Filter: (sbtest4.id between 3003595 and 3003604)  (cost=2.28 rows=10)
        -> Index range scan on sbtest4 using PRIMARY over (3003595 <= id <= 3003604)  (cost=2.28 rows=10)


table 5 : explain SELECT SUM(k) FROM sbtest5 WHERE id BETWEEN 3163446 AND 3163455
	-> Aggregate: sum(sbtest5.k)  (cost=4.58 rows=1)
    -> Filter: (sbtest5.id between 3163446 and 3163455)  (cost=2.28 rows=10)
        -> Index range scan on sbtest5 using PRIMARY over (3163446 <= id <= 3163455)  (cost=2.28 rows=10)


table 6 : explain SELECT SUM(k) FROM sbtest6 WHERE id BETWEEN 1389524 AND 1389533
	-> Aggregate: sum(sbtest6.k)  (cost=4.58 rows=1)
    -> Filter: (sbtest6.id between 1389524 and 1389533)  (cost=2.28 rows=10)
        -> Index range scan on sbtest6 using PRIMARY over (1389524 <= id <= 1389533)  (cost=2.28 rows=10)


table 7 : explain SELECT SUM(k) FROM sbtest7 WHERE id BETWEEN 698740 AND 698749
	-> Aggregate: sum(sbtest7.k)  (cost=4.58 rows=1)
    -> Filter: (sbtest7.id between 698740 and 698749)  (cost=2.28 rows=10)
        -> Index range scan on sbtest7 using PRIMARY over (698740 <= id <= 698749)  (cost=2.28 rows=10)


table 8 : explain SELECT SUM(k) FROM sbtest8 WHERE id BETWEEN 1162064 AND 1162073
	-> Aggregate: sum(sbtest8.k)  (cost=4.58 rows=1)
    -> Filter: (sbtest8.id between 1162064 and 1162073)  (cost=2.28 rows=10)
        -> Index range scan on sbtest8 using PRIMARY over (1162064 <= id <= 1162073)  (cost=2.28 rows=10)


for: sum_ranges
table 1 : explain SELECT SUM(k) FROM sbtest1 WHERE id BETWEEN 1329075 AND 1329084
	-> Aggregate: sum(sbtest1.k)  (cost=4.58 rows=1)
    -> Filter: (sbtest1.id between 1329075 and 1329084)  (cost=2.28 rows=10)
        -> Index range scan on sbtest1 using PRIMARY over (1329075 <= id <= 1329084)  (cost=2.28 rows=10)


table 2 : explain SELECT SUM(k) FROM sbtest2 WHERE id BETWEEN 7226010 AND 7226019
	-> Aggregate: sum(sbtest2.k)  (cost=4.58 rows=1)
    -> Filter: (sbtest2.id between 7226010 and 7226019)  (cost=2.28 rows=10)
        -> Index range scan on sbtest2 using PRIMARY over (7226010 <= id <= 7226019)  (cost=2.28 rows=10)


table 3 : explain SELECT SUM(k) FROM sbtest3 WHERE id BETWEEN 4088553 AND 4088562
	-> Aggregate: sum(sbtest3.k)  (cost=4.58 rows=1)
    -> Filter: (sbtest3.id between 4088553 and 4088562)  (cost=2.28 rows=10)
        -> Index range scan on sbtest3 using PRIMARY over (4088553 <= id <= 4088562)  (cost=2.28 rows=10)


table 4 : explain SELECT SUM(k) FROM sbtest4 WHERE id BETWEEN 4181837 AND 4181846
	-> Aggregate: sum(sbtest4.k)  (cost=4.58 rows=1)
    -> Filter: (sbtest4.id between 4181837 and 4181846)  (cost=2.28 rows=10)
        -> Index range scan on sbtest4 using PRIMARY over (4181837 <= id <= 4181846)  (cost=2.28 rows=10)


table 5 : explain SELECT SUM(k) FROM sbtest5 WHERE id BETWEEN 19615 AND 19624
	-> Aggregate: sum(sbtest5.k)  (cost=4.58 rows=1)
    -> Filter: (sbtest5.id between 19615 and 19624)  (cost=2.28 rows=10)
        -> Index range scan on sbtest5 using PRIMARY over (19615 <= id <= 19624)  (cost=2.28 rows=10)


table 6 : explain SELECT SUM(k) FROM sbtest6 WHERE id BETWEEN 3819768 AND 3819777
	-> Aggregate: sum(sbtest6.k)  (cost=4.58 rows=1)
    -> Filter: (sbtest6.id between 3819768 and 3819777)  (cost=2.28 rows=10)
        -> Index range scan on sbtest6 using PRIMARY over (3819768 <= id <= 3819777)  (cost=2.28 rows=10)


table 7 : explain SELECT SUM(k) FROM sbtest7 WHERE id BETWEEN 9533612 AND 9533621
	-> Aggregate: sum(sbtest7.k)  (cost=4.58 rows=1)
    -> Filter: (sbtest7.id between 9533612 and 9533621)  (cost=2.28 rows=10)
        -> Index range scan on sbtest7 using PRIMARY over (9533612 <= id <= 9533621)  (cost=2.28 rows=10)


table 8 : explain SELECT SUM(k) FROM sbtest8 WHERE id BETWEEN 4920357 AND 4920366
	-> Aggregate: sum(sbtest8.k)  (cost=4.58 rows=1)
    -> Filter: (sbtest8.id between 4920357 and 4920366)  (cost=2.28 rows=10)
        -> Index range scan on sbtest8 using PRIMARY over (4920357 <= id <= 4920366)  (cost=2.28 rows=10)


for: sum_ranges
table 1 : explain SELECT SUM(k) FROM sbtest1 WHERE id BETWEEN 9334308 AND 9334317
	-> Aggregate: sum(sbtest1.k)  (cost=4.58 rows=1)
    -> Filter: (sbtest1.id between 9334308 and 9334317)  (cost=2.28 rows=10)
        -> Index range scan on sbtest1 using PRIMARY over (9334308 <= id <= 9334317)  (cost=2.28 rows=10)


table 2 : explain SELECT SUM(k) FROM sbtest2 WHERE id BETWEEN 7581970 AND 7581979
	-> Aggregate: sum(sbtest2.k)  (cost=4.58 rows=1)
    -> Filter: (sbtest2.id between 7581970 and 7581979)  (cost=2.28 rows=10)
        -> Index range scan on sbtest2 using PRIMARY over (7581970 <= id <= 7581979)  (cost=2.28 rows=10)


table 3 : explain SELECT SUM(k) FROM sbtest3 WHERE id BETWEEN 5200043 AND 5200052
	-> Aggregate: sum(sbtest3.k)  (cost=4.58 rows=1)
    -> Filter: (sbtest3.id between 5200043 and 5200052)  (cost=2.28 rows=10)
        -> Index range scan on sbtest3 using PRIMARY over (5200043 <= id <= 5200052)  (cost=2.28 rows=10)


table 4 : explain SELECT SUM(k) FROM sbtest4 WHERE id BETWEEN 3823188 AND 3823197
	-> Aggregate: sum(sbtest4.k)  (cost=4.58 rows=1)
    -> Filter: (sbtest4.id between 3823188 and 3823197)  (cost=2.28 rows=10)
        -> Index range scan on sbtest4 using PRIMARY over (3823188 <= id <= 3823197)  (cost=2.28 rows=10)


table 5 : explain SELECT SUM(k) FROM sbtest5 WHERE id BETWEEN 4274912 AND 4274921
	-> Aggregate: sum(sbtest5.k)  (cost=4.58 rows=1)
    -> Filter: (sbtest5.id between 4274912 and 4274921)  (cost=2.28 rows=10)
        -> Index range scan on sbtest5 using PRIMARY over (4274912 <= id <= 4274921)  (cost=2.28 rows=10)


table 6 : explain SELECT SUM(k) FROM sbtest6 WHERE id BETWEEN 7073684 AND 7073693
	-> Aggregate: sum(sbtest6.k)  (cost=4.58 rows=1)
    -> Filter: (sbtest6.id between 7073684 and 7073693)  (cost=2.28 rows=10)
        -> Index range scan on sbtest6 using PRIMARY over (7073684 <= id <= 7073693)  (cost=2.28 rows=10)


table 7 : explain SELECT SUM(k) FROM sbtest7 WHERE id BETWEEN 4228292 AND 4228301
	-> Aggregate: sum(sbtest7.k)  (cost=4.58 rows=1)
    -> Filter: (sbtest7.id between 4228292 and 4228301)  (cost=2.28 rows=10)
        -> Index range scan on sbtest7 using PRIMARY over (4228292 <= id <= 4228301)  (cost=2.28 rows=10)


table 8 : explain SELECT SUM(k) FROM sbtest8 WHERE id BETWEEN 226510 AND 226519
	-> Aggregate: sum(sbtest8.k)  (cost=4.58 rows=1)
    -> Filter: (sbtest8.id between 226510 and 226519)  (cost=2.28 rows=10)
        -> Index range scan on sbtest8 using PRIMARY over (226510 <= id <= 226519)  (cost=2.28 rows=10)


for: order_ranges
table 1 : explain SELECT c FROM sbtest1 WHERE id BETWEEN 3839648 AND 3839657 ORDER BY c
	-> Sort: sbtest1.c  (cost=2.28 rows=10)
    -> Filter: (sbtest1.id between 3839648 and 3839657)  (cost=2.28 rows=10)
        -> Index range scan on sbtest1 using PRIMARY over (3839648 <= id <= 3839657)  (cost=2.28 rows=10)


table 2 : explain SELECT c FROM sbtest2 WHERE id BETWEEN 6878858 AND 6878867 ORDER BY c
	-> Sort: sbtest2.c  (cost=2.28 rows=10)
    -> Filter: (sbtest2.id between 6878858 and 6878867)  (cost=2.28 rows=10)
        -> Index range scan on sbtest2 using PRIMARY over (6878858 <= id <= 6878867)  (cost=2.28 rows=10)


table 3 : explain SELECT c FROM sbtest3 WHERE id BETWEEN 4863235 AND 4863244 ORDER BY c
	-> Sort: sbtest3.c  (cost=2.28 rows=10)
    -> Filter: (sbtest3.id between 4863235 and 4863244)  (cost=2.28 rows=10)
        -> Index range scan on sbtest3 using PRIMARY over (4863235 <= id <= 4863244)  (cost=2.28 rows=10)


table 4 : explain SELECT c FROM sbtest4 WHERE id BETWEEN 2597790 AND 2597799 ORDER BY c
	-> Sort: sbtest4.c  (cost=2.28 rows=10)
    -> Filter: (sbtest4.id between 2597790 and 2597799)  (cost=2.28 rows=10)
        -> Index range scan on sbtest4 using PRIMARY over (2597790 <= id <= 2597799)  (cost=2.28 rows=10)


table 5 : explain SELECT c FROM sbtest5 WHERE id BETWEEN 4646988 AND 4646997 ORDER BY c
	-> Sort: sbtest5.c  (cost=2.28 rows=10)
    -> Filter: (sbtest5.id between 4646988 and 4646997)  (cost=2.28 rows=10)
        -> Index range scan on sbtest5 using PRIMARY over (4646988 <= id <= 4646997)  (cost=2.28 rows=10)


table 6 : explain SELECT c FROM sbtest6 WHERE id BETWEEN 2422776 AND 2422785 ORDER BY c
	-> Sort: sbtest6.c  (cost=2.28 rows=10)
    -> Filter: (sbtest6.id between 2422776 and 2422785)  (cost=2.28 rows=10)
        -> Index range scan on sbtest6 using PRIMARY over (2422776 <= id <= 2422785)  (cost=2.28 rows=10)


table 7 : explain SELECT c FROM sbtest7 WHERE id BETWEEN 796148 AND 796157 ORDER BY c
	-> Sort: sbtest7.c  (cost=2.28 rows=10)
    -> Filter: (sbtest7.id between 796148 and 796157)  (cost=2.28 rows=10)
        -> Index range scan on sbtest7 using PRIMARY over (796148 <= id <= 796157)  (cost=2.28 rows=10)


table 8 : explain SELECT c FROM sbtest8 WHERE id BETWEEN 2804296 AND 2804305 ORDER BY c
	-> Sort: sbtest8.c  (cost=2.28 rows=10)
    -> Filter: (sbtest8.id between 2804296 and 2804305)  (cost=2.28 rows=10)
        -> Index range scan on sbtest8 using PRIMARY over (2804296 <= id <= 2804305)  (cost=2.28 rows=10)


for: sum_ranges
table 1 : explain SELECT SUM(k) FROM sbtest1 WHERE id BETWEEN 9787129 AND 9787138
	-> Aggregate: sum(sbtest1.k)  (cost=4.58 rows=1)
    -> Filter: (sbtest1.id between 9787129 and 9787138)  (cost=2.28 rows=10)
        -> Index range scan on sbtest1 using PRIMARY over (9787129 <= id <= 9787138)  (cost=2.28 rows=10)


table 2 : explain SELECT SUM(k) FROM sbtest2 WHERE id BETWEEN 611218 AND 611227
	-> Aggregate: sum(sbtest2.k)  (cost=4.58 rows=1)
    -> Filter: (sbtest2.id between 611218 and 611227)  (cost=2.28 rows=10)
        -> Index range scan on sbtest2 using PRIMARY over (611218 <= id <= 611227)  (cost=2.28 rows=10)


table 3 : explain SELECT SUM(k) FROM sbtest3 WHERE id BETWEEN 8819927 AND 8819936
	-> Aggregate: sum(sbtest3.k)  (cost=4.58 rows=1)
    -> Filter: (sbtest3.id between 8819927 and 8819936)  (cost=2.28 rows=10)
        -> Index range scan on sbtest3 using PRIMARY over (8819927 <= id <= 8819936)  (cost=2.28 rows=10)


table 4 : explain SELECT SUM(k) FROM sbtest4 WHERE id BETWEEN 2780659 AND 2780668
	-> Aggregate: sum(sbtest4.k)  (cost=4.58 rows=1)
    -> Filter: (sbtest4.id between 2780659 and 2780668)  (cost=2.28 rows=10)
        -> Index range scan on sbtest4 using PRIMARY over (2780659 <= id <= 2780668)  (cost=2.28 rows=10)


table 5 : explain SELECT SUM(k) FROM sbtest5 WHERE id BETWEEN 26820 AND 26829
	-> Aggregate: sum(sbtest5.k)  (cost=4.58 rows=1)
    -> Filter: (sbtest5.id between 26820 and 26829)  (cost=2.28 rows=10)
        -> Index range scan on sbtest5 using PRIMARY over (26820 <= id <= 26829)  (cost=2.28 rows=10)


table 6 : explain SELECT SUM(k) FROM sbtest6 WHERE id BETWEEN 8371967 AND 8371976
	-> Aggregate: sum(sbtest6.k)  (cost=4.58 rows=1)
    -> Filter: (sbtest6.id between 8371967 and 8371976)  (cost=2.28 rows=10)
        -> Index range scan on sbtest6 using PRIMARY over (8371967 <= id <= 8371976)  (cost=2.28 rows=10)


table 7 : explain SELECT SUM(k) FROM sbtest7 WHERE id BETWEEN 8162820 AND 8162829
	-> Aggregate: sum(sbtest7.k)  (cost=4.58 rows=1)
    -> Filter: (sbtest7.id between 8162820 and 8162829)  (cost=2.28 rows=10)
        -> Index range scan on sbtest7 using PRIMARY over (8162820 <= id <= 8162829)  (cost=2.28 rows=10)


table 8 : explain SELECT SUM(k) FROM sbtest8 WHERE id BETWEEN 3349302 AND 3349311
	-> Aggregate: sum(sbtest8.k)  (cost=4.58 rows=1)
    -> Filter: (sbtest8.id between 3349302 and 3349311)  (cost=2.28 rows=10)
        -> Index range scan on sbtest8 using PRIMARY over (3349302 <= id <= 3349311)  (cost=2.28 rows=10)


for: order_ranges
table 1 : explain SELECT c FROM sbtest1 WHERE id BETWEEN 7304574 AND 7304583 ORDER BY c
	-> Sort: sbtest1.c  (cost=2.28 rows=10)
    -> Filter: (sbtest1.id between 7304574 and 7304583)  (cost=2.28 rows=10)
        -> Index range scan on sbtest1 using PRIMARY over (7304574 <= id <= 7304583)  (cost=2.28 rows=10)


table 2 : explain SELECT c FROM sbtest2 WHERE id BETWEEN 9919329 AND 9919338 ORDER BY c
	-> Sort: sbtest2.c  (cost=2.28 rows=10)
    -> Filter: (sbtest2.id between 9919329 and 9919338)  (cost=2.28 rows=10)
        -> Index range scan on sbtest2 using PRIMARY over (9919329 <= id <= 9919338)  (cost=2.28 rows=10)


table 3 : explain SELECT c FROM sbtest3 WHERE id BETWEEN 4813200 AND 4813209 ORDER BY c
	-> Sort: sbtest3.c  (cost=2.28 rows=10)
    -> Filter: (sbtest3.id between 4813200 and 4813209)  (cost=2.28 rows=10)
        -> Index range scan on sbtest3 using PRIMARY over (4813200 <= id <= 4813209)  (cost=2.28 rows=10)


table 4 : explain SELECT c FROM sbtest4 WHERE id BETWEEN 1654173 AND 1654182 ORDER BY c
	-> Sort: sbtest4.c  (cost=2.28 rows=10)
    -> Filter: (sbtest4.id between 1654173 and 1654182)  (cost=2.28 rows=10)
        -> Index range scan on sbtest4 using PRIMARY over (1654173 <= id <= 1654182)  (cost=2.28 rows=10)


table 5 : explain SELECT c FROM sbtest5 WHERE id BETWEEN 3765760 AND 3765769 ORDER BY c
	-> Sort: sbtest5.c  (cost=2.28 rows=10)
    -> Filter: (sbtest5.id between 3765760 and 3765769)  (cost=2.28 rows=10)
        -> Index range scan on sbtest5 using PRIMARY over (3765760 <= id <= 3765769)  (cost=2.28 rows=10)


table 6 : explain SELECT c FROM sbtest6 WHERE id BETWEEN 806197 AND 806206 ORDER BY c
	-> Sort: sbtest6.c  (cost=2.28 rows=10)
    -> Filter: (sbtest6.id between 806197 and 806206)  (cost=2.28 rows=10)
        -> Index range scan on sbtest6 using PRIMARY over (806197 <= id <= 806206)  (cost=2.28 rows=10)


table 7 : explain SELECT c FROM sbtest7 WHERE id BETWEEN 3750571 AND 3750580 ORDER BY c
	-> Sort: sbtest7.c  (cost=2.28 rows=10)
    -> Filter: (sbtest7.id between 3750571 and 3750580)  (cost=2.28 rows=10)
        -> Index range scan on sbtest7 using PRIMARY over (3750571 <= id <= 3750580)  (cost=2.28 rows=10)


table 8 : explain SELECT c FROM sbtest8 WHERE id BETWEEN 8510200 AND 8510209 ORDER BY c
	-> Sort: sbtest8.c  (cost=2.28 rows=10)
    -> Filter: (sbtest8.id between 8510200 and 8510209)  (cost=2.28 rows=10)
        -> Index range scan on sbtest8 using PRIMARY over (8510200 <= id <= 8510209)  (cost=2.28 rows=10)


for: order_ranges
table 1 : explain SELECT c FROM sbtest1 WHERE id BETWEEN 7354141 AND 7354150 ORDER BY c
	-> Sort: sbtest1.c  (cost=2.28 rows=10)
    -> Filter: (sbtest1.id between 7354141 and 7354150)  (cost=2.28 rows=10)
        -> Index range scan on sbtest1 using PRIMARY over (7354141 <= id <= 7354150)  (cost=2.28 rows=10)


table 2 : explain SELECT c FROM sbtest2 WHERE id BETWEEN 8888558 AND 8888567 ORDER BY c
	-> Sort: sbtest2.c  (cost=2.28 rows=10)
    -> Filter: (sbtest2.id between 8888558 and 8888567)  (cost=2.28 rows=10)
        -> Index range scan on sbtest2 using PRIMARY over (8888558 <= id <= 8888567)  (cost=2.28 rows=10)


table 3 : explain SELECT c FROM sbtest3 WHERE id BETWEEN 8689409 AND 8689418 ORDER BY c
	-> Sort: sbtest3.c  (cost=2.28 rows=10)
    -> Filter: (sbtest3.id between 8689409 and 8689418)  (cost=2.28 rows=10)
        -> Index range scan on sbtest3 using PRIMARY over (8689409 <= id <= 8689418)  (cost=2.28 rows=10)


table 4 : explain SELECT c FROM sbtest4 WHERE id BETWEEN 1279394 AND 1279403 ORDER BY c
	-> Sort: sbtest4.c  (cost=2.28 rows=10)
    -> Filter: (sbtest4.id between 1279394 and 1279403)  (cost=2.28 rows=10)
        -> Index range scan on sbtest4 using PRIMARY over (1279394 <= id <= 1279403)  (cost=2.28 rows=10)


table 5 : explain SELECT c FROM sbtest5 WHERE id BETWEEN 7901511 AND 7901520 ORDER BY c
	-> Sort: sbtest5.c  (cost=2.28 rows=10)
    -> Filter: (sbtest5.id between 7901511 and 7901520)  (cost=2.28 rows=10)
        -> Index range scan on sbtest5 using PRIMARY over (7901511 <= id <= 7901520)  (cost=2.28 rows=10)


table 6 : explain SELECT c FROM sbtest6 WHERE id BETWEEN 9087191 AND 9087200 ORDER BY c
	-> Sort: sbtest6.c  (cost=2.28 rows=10)
    -> Filter: (sbtest6.id between 9087191 and 9087200)  (cost=2.28 rows=10)
        -> Index range scan on sbtest6 using PRIMARY over (9087191 <= id <= 9087200)  (cost=2.28 rows=10)


table 7 : explain SELECT c FROM sbtest7 WHERE id BETWEEN 9153751 AND 9153760 ORDER BY c
	-> Sort: sbtest7.c  (cost=2.28 rows=10)
    -> Filter: (sbtest7.id between 9153751 and 9153760)  (cost=2.28 rows=10)
        -> Index range scan on sbtest7 using PRIMARY over (9153751 <= id <= 9153760)  (cost=2.28 rows=10)


table 8 : explain SELECT c FROM sbtest8 WHERE id BETWEEN 8493660 AND 8493669 ORDER BY c
	-> Sort: sbtest8.c  (cost=2.28 rows=10)
    -> Filter: (sbtest8.id between 8493660 and 8493669)  (cost=2.28 rows=10)
        -> Index range scan on sbtest8 using PRIMARY over (8493660 <= id <= 8493669)  (cost=2.28 rows=10)


for: order_ranges
table 1 : explain SELECT c FROM sbtest1 WHERE id BETWEEN 8217640 AND 8217649 ORDER BY c
	-> Sort: sbtest1.c  (cost=2.28 rows=10)
    -> Filter: (sbtest1.id between 8217640 and 8217649)  (cost=2.28 rows=10)
        -> Index range scan on sbtest1 using PRIMARY over (8217640 <= id <= 8217649)  (cost=2.28 rows=10)


table 2 : explain SELECT c FROM sbtest2 WHERE id BETWEEN 6571010 AND 6571019 ORDER BY c
	-> Sort: sbtest2.c  (cost=2.28 rows=10)
    -> Filter: (sbtest2.id between 6571010 and 6571019)  (cost=2.28 rows=10)
        -> Index range scan on sbtest2 using PRIMARY over (6571010 <= id <= 6571019)  (cost=2.28 rows=10)


table 3 : explain SELECT c FROM sbtest3 WHERE id BETWEEN 1046979 AND 1046988 ORDER BY c
	-> Sort: sbtest3.c  (cost=2.28 rows=10)
    -> Filter: (sbtest3.id between 1046979 and 1046988)  (cost=2.28 rows=10)
        -> Index range scan on sbtest3 using PRIMARY over (1046979 <= id <= 1046988)  (cost=2.28 rows=10)


table 4 : explain SELECT c FROM sbtest4 WHERE id BETWEEN 6227395 AND 6227404 ORDER BY c
	-> Sort: sbtest4.c  (cost=2.28 rows=10)
    -> Filter: (sbtest4.id between 6227395 and 6227404)  (cost=2.28 rows=10)
        -> Index range scan on sbtest4 using PRIMARY over (6227395 <= id <= 6227404)  (cost=2.28 rows=10)


table 5 : explain SELECT c FROM sbtest5 WHERE id BETWEEN 6078919 AND 6078928 ORDER BY c
	-> Sort: sbtest5.c  (cost=2.28 rows=10)
    -> Filter: (sbtest5.id between 6078919 and 6078928)  (cost=2.28 rows=10)
        -> Index range scan on sbtest5 using PRIMARY over (6078919 <= id <= 6078928)  (cost=2.28 rows=10)


table 6 : explain SELECT c FROM sbtest6 WHERE id BETWEEN 1976095 AND 1976104 ORDER BY c
	-> Sort: sbtest6.c  (cost=2.28 rows=10)
    -> Filter: (sbtest6.id between 1976095 and 1976104)  (cost=2.28 rows=10)
        -> Index range scan on sbtest6 using PRIMARY over (1976095 <= id <= 1976104)  (cost=2.28 rows=10)


table 7 : explain SELECT c FROM sbtest7 WHERE id BETWEEN 3444264 AND 3444273 ORDER BY c
	-> Sort: sbtest7.c  (cost=2.28 rows=10)
    -> Filter: (sbtest7.id between 3444264 and 3444273)  (cost=2.28 rows=10)
        -> Index range scan on sbtest7 using PRIMARY over (3444264 <= id <= 3444273)  (cost=2.28 rows=10)


table 8 : explain SELECT c FROM sbtest8 WHERE id BETWEEN 5636164 AND 5636173 ORDER BY c
	-> Sort: sbtest8.c  (cost=2.28 rows=10)
    -> Filter: (sbtest8.id between 5636164 and 5636173)  (cost=2.28 rows=10)
        -> Index range scan on sbtest8 using PRIMARY over (5636164 <= id <= 5636173)  (cost=2.28 rows=10)


for: order_ranges
table 1 : explain SELECT c FROM sbtest1 WHERE id BETWEEN 8444352 AND 8444361 ORDER BY c
	-> Sort: sbtest1.c  (cost=2.28 rows=10)
    -> Filter: (sbtest1.id between 8444352 and 8444361)  (cost=2.28 rows=10)
        -> Index range scan on sbtest1 using PRIMARY over (8444352 <= id <= 8444361)  (cost=2.28 rows=10)


table 2 : explain SELECT c FROM sbtest2 WHERE id BETWEEN 8008835 AND 8008844 ORDER BY c
	-> Sort: sbtest2.c  (cost=2.28 rows=10)
    -> Filter: (sbtest2.id between 8008835 and 8008844)  (cost=2.28 rows=10)
        -> Index range scan on sbtest2 using PRIMARY over (8008835 <= id <= 8008844)  (cost=2.28 rows=10)


table 3 : explain SELECT c FROM sbtest3 WHERE id BETWEEN 8132889 AND 8132898 ORDER BY c
	-> Sort: sbtest3.c  (cost=2.28 rows=10)
    -> Filter: (sbtest3.id between 8132889 and 8132898)  (cost=2.28 rows=10)
        -> Index range scan on sbtest3 using PRIMARY over (8132889 <= id <= 8132898)  (cost=2.28 rows=10)


table 4 : explain SELECT c FROM sbtest4 WHERE id BETWEEN 5605427 AND 5605436 ORDER BY c
	-> Sort: sbtest4.c  (cost=2.28 rows=10)
    -> Filter: (sbtest4.id between 5605427 and 5605436)  (cost=2.28 rows=10)
        -> Index range scan on sbtest4 using PRIMARY over (5605427 <= id <= 5605436)  (cost=2.28 rows=10)


table 5 : explain SELECT c FROM sbtest5 WHERE id BETWEEN 8618677 AND 8618686 ORDER BY c
	-> Sort: sbtest5.c  (cost=2.28 rows=10)
    -> Filter: (sbtest5.id between 8618677 and 8618686)  (cost=2.28 rows=10)
        -> Index range scan on sbtest5 using PRIMARY over (8618677 <= id <= 8618686)  (cost=2.28 rows=10)


table 6 : explain SELECT c FROM sbtest6 WHERE id BETWEEN 6454850 AND 6454859 ORDER BY c
	-> Sort: sbtest6.c  (cost=2.28 rows=10)
    -> Filter: (sbtest6.id between 6454850 and 6454859)  (cost=2.28 rows=10)
        -> Index range scan on sbtest6 using PRIMARY over (6454850 <= id <= 6454859)  (cost=2.28 rows=10)


table 7 : explain SELECT c FROM sbtest7 WHERE id BETWEEN 1269994 AND 1270003 ORDER BY c
	-> Sort: sbtest7.c  (cost=2.28 rows=10)
    -> Filter: (sbtest7.id between 1269994 and 1270003)  (cost=2.28 rows=10)
        -> Index range scan on sbtest7 using PRIMARY over (1269994 <= id <= 1270003)  (cost=2.28 rows=10)


table 8 : explain SELECT c FROM sbtest8 WHERE id BETWEEN 8421550 AND 8421559 ORDER BY c
	-> Sort: sbtest8.c  (cost=2.28 rows=10)
    -> Filter: (sbtest8.id between 8421550 and 8421559)  (cost=2.28 rows=10)
        -> Index range scan on sbtest8 using PRIMARY over (8421550 <= id <= 8421559)  (cost=2.28 rows=10)


for: order_ranges
table 1 : explain SELECT c FROM sbtest1 WHERE id BETWEEN 2766861 AND 2766870 ORDER BY c
	-> Sort: sbtest1.c  (cost=2.28 rows=10)
    -> Filter: (sbtest1.id between 2766861 and 2766870)  (cost=2.28 rows=10)
        -> Index range scan on sbtest1 using PRIMARY over (2766861 <= id <= 2766870)  (cost=2.28 rows=10)


table 2 : explain SELECT c FROM sbtest2 WHERE id BETWEEN 2986755 AND 2986764 ORDER BY c
	-> Sort: sbtest2.c  (cost=2.28 rows=10)
    -> Filter: (sbtest2.id between 2986755 and 2986764)  (cost=2.28 rows=10)
        -> Index range scan on sbtest2 using PRIMARY over (2986755 <= id <= 2986764)  (cost=2.28 rows=10)


table 3 : explain SELECT c FROM sbtest3 WHERE id BETWEEN 6450307 AND 6450316 ORDER BY c
	-> Sort: sbtest3.c  (cost=2.28 rows=10)
    -> Filter: (sbtest3.id between 6450307 and 6450316)  (cost=2.28 rows=10)
        -> Index range scan on sbtest3 using PRIMARY over (6450307 <= id <= 6450316)  (cost=2.28 rows=10)


table 4 : explain SELECT c FROM sbtest4 WHERE id BETWEEN 6008780 AND 6008789 ORDER BY c
	-> Sort: sbtest4.c  (cost=2.28 rows=10)
    -> Filter: (sbtest4.id between 6008780 and 6008789)  (cost=2.28 rows=10)
        -> Index range scan on sbtest4 using PRIMARY over (6008780 <= id <= 6008789)  (cost=2.28 rows=10)


table 5 : explain SELECT c FROM sbtest5 WHERE id BETWEEN 2553522 AND 2553531 ORDER BY c
	-> Sort: sbtest5.c  (cost=2.28 rows=10)
    -> Filter: (sbtest5.id between 2553522 and 2553531)  (cost=2.28 rows=10)
        -> Index range scan on sbtest5 using PRIMARY over (2553522 <= id <= 2553531)  (cost=2.28 rows=10)


table 6 : explain SELECT c FROM sbtest6 WHERE id BETWEEN 8483917 AND 8483926 ORDER BY c
	-> Sort: sbtest6.c  (cost=2.28 rows=10)
    -> Filter: (sbtest6.id between 8483917 and 8483926)  (cost=2.28 rows=10)
        -> Index range scan on sbtest6 using PRIMARY over (8483917 <= id <= 8483926)  (cost=2.28 rows=10)


table 7 : explain SELECT c FROM sbtest7 WHERE id BETWEEN 292709 AND 292718 ORDER BY c
	-> Sort: sbtest7.c  (cost=2.28 rows=10)
    -> Filter: (sbtest7.id between 292709 and 292718)  (cost=2.28 rows=10)
        -> Index range scan on sbtest7 using PRIMARY over (292709 <= id <= 292718)  (cost=2.28 rows=10)


table 8 : explain SELECT c FROM sbtest8 WHERE id BETWEEN 9496470 AND 9496479 ORDER BY c
	-> Sort: sbtest8.c  (cost=2.28 rows=10)
    -> Filter: (sbtest8.id between 9496470 and 9496479)  (cost=2.28 rows=10)
        -> Index range scan on sbtest8 using PRIMARY over (9496470 <= id <= 9496479)  (cost=2.28 rows=10)


for: order_ranges
table 1 : explain SELECT c FROM sbtest1 WHERE id BETWEEN 7290147 AND 7290156 ORDER BY c
	-> Sort: sbtest1.c  (cost=2.28 rows=10)
    -> Filter: (sbtest1.id between 7290147 and 7290156)  (cost=2.28 rows=10)
        -> Index range scan on sbtest1 using PRIMARY over (7290147 <= id <= 7290156)  (cost=2.28 rows=10)


table 2 : explain SELECT c FROM sbtest2 WHERE id BETWEEN 5408350 AND 5408359 ORDER BY c
	-> Sort: sbtest2.c  (cost=2.28 rows=10)
    -> Filter: (sbtest2.id between 5408350 and 5408359)  (cost=2.28 rows=10)
        -> Index range scan on sbtest2 using PRIMARY over (5408350 <= id <= 5408359)  (cost=2.28 rows=10)


table 3 : explain SELECT c FROM sbtest3 WHERE id BETWEEN 4344443 AND 4344452 ORDER BY c
	-> Sort: sbtest3.c  (cost=2.28 rows=10)
    -> Filter: (sbtest3.id between 4344443 and 4344452)  (cost=2.28 rows=10)
        -> Index range scan on sbtest3 using PRIMARY over (4344443 <= id <= 4344452)  (cost=2.28 rows=10)


table 4 : explain SELECT c FROM sbtest4 WHERE id BETWEEN 5132701 AND 5132710 ORDER BY c
	-> Sort: sbtest4.c  (cost=2.28 rows=10)
    -> Filter: (sbtest4.id between 5132701 and 5132710)  (cost=2.28 rows=10)
        -> Index range scan on sbtest4 using PRIMARY over (5132701 <= id <= 5132710)  (cost=2.28 rows=10)


table 5 : explain SELECT c FROM sbtest5 WHERE id BETWEEN 6443029 AND 6443038 ORDER BY c
	-> Sort: sbtest5.c  (cost=2.28 rows=10)
    -> Filter: (sbtest5.id between 6443029 and 6443038)  (cost=2.28 rows=10)
        -> Index range scan on sbtest5 using PRIMARY over (6443029 <= id <= 6443038)  (cost=2.28 rows=10)


table 6 : explain SELECT c FROM sbtest6 WHERE id BETWEEN 6985557 AND 6985566 ORDER BY c
	-> Sort: sbtest6.c  (cost=2.28 rows=10)
    -> Filter: (sbtest6.id between 6985557 and 6985566)  (cost=2.28 rows=10)
        -> Index range scan on sbtest6 using PRIMARY over (6985557 <= id <= 6985566)  (cost=2.28 rows=10)


table 7 : explain SELECT c FROM sbtest7 WHERE id BETWEEN 4681070 AND 4681079 ORDER BY c
	-> Sort: sbtest7.c  (cost=2.28 rows=10)
    -> Filter: (sbtest7.id between 4681070 and 4681079)  (cost=2.28 rows=10)
        -> Index range scan on sbtest7 using PRIMARY over (4681070 <= id <= 4681079)  (cost=2.28 rows=10)


table 8 : explain SELECT c FROM sbtest8 WHERE id BETWEEN 605292 AND 605301 ORDER BY c
	-> Sort: sbtest8.c  (cost=2.28 rows=10)
    -> Filter: (sbtest8.id between 605292 and 605301)  (cost=2.28 rows=10)
        -> Index range scan on sbtest8 using PRIMARY over (605292 <= id <= 605301)  (cost=2.28 rows=10)


for: order_ranges
table 1 : explain SELECT c FROM sbtest1 WHERE id BETWEEN 5356238 AND 5356247 ORDER BY c
	-> Sort: sbtest1.c  (cost=2.28 rows=10)
    -> Filter: (sbtest1.id between 5356238 and 5356247)  (cost=2.28 rows=10)
        -> Index range scan on sbtest1 using PRIMARY over (5356238 <= id <= 5356247)  (cost=2.28 rows=10)


table 2 : explain SELECT c FROM sbtest2 WHERE id BETWEEN 9588775 AND 9588784 ORDER BY c
	-> Sort: sbtest2.c  (cost=2.28 rows=10)
    -> Filter: (sbtest2.id between 9588775 and 9588784)  (cost=2.28 rows=10)
        -> Index range scan on sbtest2 using PRIMARY over (9588775 <= id <= 9588784)  (cost=2.28 rows=10)


table 3 : explain SELECT c FROM sbtest3 WHERE id BETWEEN 26044 AND 26053 ORDER BY c
	-> Sort: sbtest3.c  (cost=2.28 rows=10)
    -> Filter: (sbtest3.id between 26044 and 26053)  (cost=2.28 rows=10)
        -> Index range scan on sbtest3 using PRIMARY over (26044 <= id <= 26053)  (cost=2.28 rows=10)


table 4 : explain SELECT c FROM sbtest4 WHERE id BETWEEN 2756521 AND 2756530 ORDER BY c
	-> Sort: sbtest4.c  (cost=2.28 rows=10)
    -> Filter: (sbtest4.id between 2756521 and 2756530)  (cost=2.28 rows=10)
        -> Index range scan on sbtest4 using PRIMARY over (2756521 <= id <= 2756530)  (cost=2.28 rows=10)


table 5 : explain SELECT c FROM sbtest5 WHERE id BETWEEN 2609212 AND 2609221 ORDER BY c
	-> Sort: sbtest5.c  (cost=2.28 rows=10)
    -> Filter: (sbtest5.id between 2609212 and 2609221)  (cost=2.28 rows=10)
        -> Index range scan on sbtest5 using PRIMARY over (2609212 <= id <= 2609221)  (cost=2.28 rows=10)


table 6 : explain SELECT c FROM sbtest6 WHERE id BETWEEN 245207 AND 245216 ORDER BY c
	-> Sort: sbtest6.c  (cost=2.28 rows=10)
    -> Filter: (sbtest6.id between 245207 and 245216)  (cost=2.28 rows=10)
        -> Index range scan on sbtest6 using PRIMARY over (245207 <= id <= 245216)  (cost=2.28 rows=10)


table 7 : explain SELECT c FROM sbtest7 WHERE id BETWEEN 429912 AND 429921 ORDER BY c
	-> Sort: sbtest7.c  (cost=2.28 rows=10)
    -> Filter: (sbtest7.id between 429912 and 429921)  (cost=2.28 rows=10)
        -> Index range scan on sbtest7 using PRIMARY over (429912 <= id <= 429921)  (cost=2.28 rows=10)


table 8 : explain SELECT c FROM sbtest8 WHERE id BETWEEN 6925672 AND 6925681 ORDER BY c
	-> Sort: sbtest8.c  (cost=2.28 rows=10)
    -> Filter: (sbtest8.id between 6925672 and 6925681)  (cost=2.28 rows=10)
        -> Index range scan on sbtest8 using PRIMARY over (6925672 <= id <= 6925681)  (cost=2.28 rows=10)


for: order_ranges
table 1 : explain SELECT c FROM sbtest1 WHERE id BETWEEN 8026432 AND 8026441 ORDER BY c
	-> Sort: sbtest1.c  (cost=2.28 rows=10)
    -> Filter: (sbtest1.id between 8026432 and 8026441)  (cost=2.28 rows=10)
        -> Index range scan on sbtest1 using PRIMARY over (8026432 <= id <= 8026441)  (cost=2.28 rows=10)


table 2 : explain SELECT c FROM sbtest2 WHERE id BETWEEN 3549061 AND 3549070 ORDER BY c
	-> Sort: sbtest2.c  (cost=2.28 rows=10)
    -> Filter: (sbtest2.id between 3549061 and 3549070)  (cost=2.28 rows=10)
        -> Index range scan on sbtest2 using PRIMARY over (3549061 <= id <= 3549070)  (cost=2.28 rows=10)


table 3 : explain SELECT c FROM sbtest3 WHERE id BETWEEN 1641985 AND 1641994 ORDER BY c
	-> Sort: sbtest3.c  (cost=2.28 rows=10)
    -> Filter: (sbtest3.id between 1641985 and 1641994)  (cost=2.28 rows=10)
        -> Index range scan on sbtest3 using PRIMARY over (1641985 <= id <= 1641994)  (cost=2.28 rows=10)


table 4 : explain SELECT c FROM sbtest4 WHERE id BETWEEN 8069265 AND 8069274 ORDER BY c
	-> Sort: sbtest4.c  (cost=2.28 rows=10)
    -> Filter: (sbtest4.id between 8069265 and 8069274)  (cost=2.28 rows=10)
        -> Index range scan on sbtest4 using PRIMARY over (8069265 <= id <= 8069274)  (cost=2.28 rows=10)


table 5 : explain SELECT c FROM sbtest5 WHERE id BETWEEN 4298668 AND 4298677 ORDER BY c
	-> Sort: sbtest5.c  (cost=2.28 rows=10)
    -> Filter: (sbtest5.id between 4298668 and 4298677)  (cost=2.28 rows=10)
        -> Index range scan on sbtest5 using PRIMARY over (4298668 <= id <= 4298677)  (cost=2.28 rows=10)


table 6 : explain SELECT c FROM sbtest6 WHERE id BETWEEN 1655981 AND 1655990 ORDER BY c
	-> Sort: sbtest6.c  (cost=2.28 rows=10)
    -> Filter: (sbtest6.id between 1655981 and 1655990)  (cost=2.28 rows=10)
        -> Index range scan on sbtest6 using PRIMARY over (1655981 <= id <= 1655990)  (cost=2.28 rows=10)


table 7 : explain SELECT c FROM sbtest7 WHERE id BETWEEN 4799666 AND 4799675 ORDER BY c
	-> Sort: sbtest7.c  (cost=2.28 rows=10)
    -> Filter: (sbtest7.id between 4799666 and 4799675)  (cost=2.28 rows=10)
        -> Index range scan on sbtest7 using PRIMARY over (4799666 <= id <= 4799675)  (cost=2.28 rows=10)


table 8 : explain SELECT c FROM sbtest8 WHERE id BETWEEN 9221677 AND 9221686 ORDER BY c
	-> Sort: sbtest8.c  (cost=2.28 rows=10)
    -> Filter: (sbtest8.id between 9221677 and 9221686)  (cost=2.28 rows=10)
        -> Index range scan on sbtest8 using PRIMARY over (9221677 <= id <= 9221686)  (cost=2.28 rows=10)


for: order_ranges
table 1 : explain SELECT c FROM sbtest1 WHERE id BETWEEN 568714 AND 568723 ORDER BY c
	-> Sort: sbtest1.c  (cost=2.28 rows=10)
    -> Filter: (sbtest1.id between 568714 and 568723)  (cost=2.28 rows=10)
        -> Index range scan on sbtest1 using PRIMARY over (568714 <= id <= 568723)  (cost=2.28 rows=10)


table 2 : explain SELECT c FROM sbtest2 WHERE id BETWEEN 2373660 AND 2373669 ORDER BY c
	-> Sort: sbtest2.c  (cost=2.28 rows=10)
    -> Filter: (sbtest2.id between 2373660 and 2373669)  (cost=2.28 rows=10)
        -> Index range scan on sbtest2 using PRIMARY over (2373660 <= id <= 2373669)  (cost=2.28 rows=10)


table 3 : explain SELECT c FROM sbtest3 WHERE id BETWEEN 7826959 AND 7826968 ORDER BY c
	-> Sort: sbtest3.c  (cost=2.28 rows=10)
    -> Filter: (sbtest3.id between 7826959 and 7826968)  (cost=2.28 rows=10)
        -> Index range scan on sbtest3 using PRIMARY over (7826959 <= id <= 7826968)  (cost=2.28 rows=10)


table 4 : explain SELECT c FROM sbtest4 WHERE id BETWEEN 3303067 AND 3303076 ORDER BY c
	-> Sort: sbtest4.c  (cost=2.28 rows=10)
    -> Filter: (sbtest4.id between 3303067 and 3303076)  (cost=2.28 rows=10)
        -> Index range scan on sbtest4 using PRIMARY over (3303067 <= id <= 3303076)  (cost=2.28 rows=10)


table 5 : explain SELECT c FROM sbtest5 WHERE id BETWEEN 798777 AND 798786 ORDER BY c
	-> Sort: sbtest5.c  (cost=2.28 rows=10)
    -> Filter: (sbtest5.id between 798777 and 798786)  (cost=2.28 rows=10)
        -> Index range scan on sbtest5 using PRIMARY over (798777 <= id <= 798786)  (cost=2.28 rows=10)


table 6 : explain SELECT c FROM sbtest6 WHERE id BETWEEN 2015111 AND 2015120 ORDER BY c
	-> Sort: sbtest6.c  (cost=2.28 rows=10)
    -> Filter: (sbtest6.id between 2015111 and 2015120)  (cost=2.28 rows=10)
        -> Index range scan on sbtest6 using PRIMARY over (2015111 <= id <= 2015120)  (cost=2.28 rows=10)


table 7 : explain SELECT c FROM sbtest7 WHERE id BETWEEN 6906407 AND 6906416 ORDER BY c
	-> Sort: sbtest7.c  (cost=2.28 rows=10)
    -> Filter: (sbtest7.id between 6906407 and 6906416)  (cost=2.28 rows=10)
        -> Index range scan on sbtest7 using PRIMARY over (6906407 <= id <= 6906416)  (cost=2.28 rows=10)


table 8 : explain SELECT c FROM sbtest8 WHERE id BETWEEN 1034767 AND 1034776 ORDER BY c
	-> Sort: sbtest8.c  (cost=2.28 rows=10)
    -> Filter: (sbtest8.id between 1034767 and 1034776)  (cost=2.28 rows=10)
        -> Index range scan on sbtest8 using PRIMARY over (1034767 <= id <= 1034776)  (cost=2.28 rows=10)

for: order_ranges
table 1 : explain SELECT c FROM sbtest1 WHERE id BETWEEN 6124107 AND 6124116 ORDER BY c
	-> Sort: sbtest1.c  (cost=2.28 rows=10)
    -> Filter: (sbtest1.id between 6124107 and 6124116)  (cost=2.28 rows=10)
        -> Index range scan on sbtest1 using PRIMARY over (6124107 <= id <= 6124116)  (cost=2.28 rows=10)


table 2 : explain SELECT c FROM sbtest2 WHERE id BETWEEN 3930333 AND 3930342 ORDER BY c
	-> Sort: sbtest2.c  (cost=2.28 rows=10)
    -> Filter: (sbtest2.id between 3930333 and 3930342)  (cost=2.28 rows=10)
        -> Index range scan on sbtest2 using PRIMARY over (3930333 <= id <= 3930342)  (cost=2.28 rows=10)


table 3 : explain SELECT c FROM sbtest3 WHERE id BETWEEN 9073440 AND 9073449 ORDER BY c
	-> Sort: sbtest3.c  (cost=2.28 rows=10)
    -> Filter: (sbtest3.id between 9073440 and 9073449)  (cost=2.28 rows=10)
        -> Index range scan on sbtest3 using PRIMARY over (9073440 <= id <= 9073449)  (cost=2.28 rows=10)


table 4 : explain SELECT c FROM sbtest4 WHERE id BETWEEN 9442725 AND 9442734 ORDER BY c
	-> Sort: sbtest4.c  (cost=2.28 rows=10)
    -> Filter: (sbtest4.id between 9442725 and 9442734)  (cost=2.28 rows=10)
        -> Index range scan on sbtest4 using PRIMARY over (9442725 <= id <= 9442734)  (cost=2.28 rows=10)


table 5 : explain SELECT c FROM sbtest5 WHERE id BETWEEN 3727597 AND 3727606 ORDER BY c
	-> Sort: sbtest5.c  (cost=2.28 rows=10)
    -> Filter: (sbtest5.id between 3727597 and 3727606)  (cost=2.28 rows=10)
        -> Index range scan on sbtest5 using PRIMARY over (3727597 <= id <= 3727606)  (cost=2.28 rows=10)


table 6 : explain SELECT c FROM sbtest6 WHERE id BETWEEN 6913916 AND 6913925 ORDER BY c
	-> Sort: sbtest6.c  (cost=2.28 rows=10)
    -> Filter: (sbtest6.id between 6913916 and 6913925)  (cost=2.28 rows=10)
        -> Index range scan on sbtest6 using PRIMARY over (6913916 <= id <= 6913925)  (cost=2.28 rows=10)


table 7 : explain SELECT c FROM sbtest7 WHERE id BETWEEN 8550313 AND 8550322 ORDER BY c
	-> Sort: sbtest7.c  (cost=2.28 rows=10)
    -> Filter: (sbtest7.id between 8550313 and 8550322)  (cost=2.28 rows=10)
        -> Index range scan on sbtest7 using PRIMARY over (8550313 <= id <= 8550322)  (cost=2.28 rows=10)


table 8 : explain SELECT c FROM sbtest8 WHERE id BETWEEN 5382776 AND 5382785 ORDER BY c
	-> Sort: sbtest8.c  (cost=2.28 rows=10)
    -> Filter: (sbtest8.id between 5382776 and 5382785)  (cost=2.28 rows=10)
        -> Index range scan on sbtest8 using PRIMARY over (5382776 <= id <= 5382785)  (cost=2.28 rows=10)


for: order_ranges
table 1 : explain SELECT c FROM sbtest1 WHERE id BETWEEN 8128423 AND 8128432 ORDER BY c
	-> Sort: sbtest1.c  (cost=2.28 rows=10)
    -> Filter: (sbtest1.id between 8128423 and 8128432)  (cost=2.28 rows=10)
        -> Index range scan on sbtest1 using PRIMARY over (8128423 <= id <= 8128432)  (cost=2.28 rows=10)


table 2 : explain SELECT c FROM sbtest2 WHERE id BETWEEN 1657371 AND 1657380 ORDER BY c
	-> Sort: sbtest2.c  (cost=2.28 rows=10)
    -> Filter: (sbtest2.id between 1657371 and 1657380)  (cost=2.28 rows=10)
        -> Index range scan on sbtest2 using PRIMARY over (1657371 <= id <= 1657380)  (cost=2.28 rows=10)


table 3 : explain SELECT c FROM sbtest3 WHERE id BETWEEN 5252740 AND 5252749 ORDER BY c
	-> Sort: sbtest3.c  (cost=2.28 rows=10)
    -> Filter: (sbtest3.id between 5252740 and 5252749)  (cost=2.28 rows=10)
        -> Index range scan on sbtest3 using PRIMARY over (5252740 <= id <= 5252749)  (cost=2.28 rows=10)


table 4 : explain SELECT c FROM sbtest4 WHERE id BETWEEN 9977689 AND 9977698 ORDER BY c
	-> Sort: sbtest4.c  (cost=2.28 rows=10)
    -> Filter: (sbtest4.id between 9977689 and 9977698)  (cost=2.28 rows=10)
        -> Index range scan on sbtest4 using PRIMARY over (9977689 <= id <= 9977698)  (cost=2.28 rows=10)


table 5 : explain SELECT c FROM sbtest5 WHERE id BETWEEN 6630390 AND 6630399 ORDER BY c
	-> Sort: sbtest5.c  (cost=2.28 rows=10)
    -> Filter: (sbtest5.id between 6630390 and 6630399)  (cost=2.28 rows=10)
        -> Index range scan on sbtest5 using PRIMARY over (6630390 <= id <= 6630399)  (cost=2.28 rows=10)


table 6 : explain SELECT c FROM sbtest6 WHERE id BETWEEN 4779473 AND 4779482 ORDER BY c
	-> Sort: sbtest6.c  (cost=2.28 rows=10)
    -> Filter: (sbtest6.id between 4779473 and 4779482)  (cost=2.28 rows=10)
        -> Index range scan on sbtest6 using PRIMARY over (4779473 <= id <= 4779482)  (cost=2.28 rows=10)


table 7 : explain SELECT c FROM sbtest7 WHERE id BETWEEN 3366460 AND 3366469 ORDER BY c
	-> Sort: sbtest7.c  (cost=2.28 rows=10)
    -> Filter: (sbtest7.id between 3366460 and 3366469)  (cost=2.28 rows=10)
        -> Index range scan on sbtest7 using PRIMARY over (3366460 <= id <= 3366469)  (cost=2.28 rows=10)


table 8 : explain SELECT c FROM sbtest8 WHERE id BETWEEN 9771637 AND 9771646 ORDER BY c
	-> Sort: sbtest8.c  (cost=2.28 rows=10)
    -> Filter: (sbtest8.id between 9771637 and 9771646)  (cost=2.28 rows=10)
        -> Index range scan on sbtest8 using PRIMARY over (9771637 <= id <= 9771646)  (cost=2.28 rows=10)


for: order_ranges
table 1 : explain SELECT c FROM sbtest1 WHERE id BETWEEN 7182815 AND 7182824 ORDER BY c
	-> Sort: sbtest1.c  (cost=2.28 rows=10)
    -> Filter: (sbtest1.id between 7182815 and 7182824)  (cost=2.28 rows=10)
        -> Index range scan on sbtest1 using PRIMARY over (7182815 <= id <= 7182824)  (cost=2.28 rows=10)


table 2 : explain SELECT c FROM sbtest2 WHERE id BETWEEN 5878838 AND 5878847 ORDER BY c
	-> Sort: sbtest2.c  (cost=2.28 rows=10)
    -> Filter: (sbtest2.id between 5878838 and 5878847)  (cost=2.28 rows=10)
        -> Index range scan on sbtest2 using PRIMARY over (5878838 <= id <= 5878847)  (cost=2.28 rows=10)


table 3 : explain SELECT c FROM sbtest3 WHERE id BETWEEN 3577600 AND 3577609 ORDER BY c
	-> Sort: sbtest3.c  (cost=2.28 rows=10)
    -> Filter: (sbtest3.id between 3577600 and 3577609)  (cost=2.28 rows=10)
        -> Index range scan on sbtest3 using PRIMARY over (3577600 <= id <= 3577609)  (cost=2.28 rows=10)


table 4 : explain SELECT c FROM sbtest4 WHERE id BETWEEN 7116231 AND 7116240 ORDER BY c
	-> Sort: sbtest4.c  (cost=2.28 rows=10)
    -> Filter: (sbtest4.id between 7116231 and 7116240)  (cost=2.28 rows=10)
        -> Index range scan on sbtest4 using PRIMARY over (7116231 <= id <= 7116240)  (cost=2.28 rows=10)


table 5 : explain SELECT c FROM sbtest5 WHERE id BETWEEN 1660681 AND 1660690 ORDER BY c
	-> Sort: sbtest5.c  (cost=2.28 rows=10)
    -> Filter: (sbtest5.id between 1660681 and 1660690)  (cost=2.28 rows=10)
        -> Index range scan on sbtest5 using PRIMARY over (1660681 <= id <= 1660690)  (cost=2.28 rows=10)


table 6 : explain SELECT c FROM sbtest6 WHERE id BETWEEN 4488010 AND 4488019 ORDER BY c
	-> Sort: sbtest6.c  (cost=2.28 rows=10)
    -> Filter: (sbtest6.id between 4488010 and 4488019)  (cost=2.28 rows=10)
        -> Index range scan on sbtest6 using PRIMARY over (4488010 <= id <= 4488019)  (cost=2.28 rows=10)


table 7 : explain SELECT c FROM sbtest7 WHERE id BETWEEN 206824 AND 206833 ORDER BY c
	-> Sort: sbtest7.c  (cost=2.28 rows=10)
    -> Filter: (sbtest7.id between 206824 and 206833)  (cost=2.28 rows=10)
        -> Index range scan on sbtest7 using PRIMARY over (206824 <= id <= 206833)  (cost=2.28 rows=10)


table 8 : explain SELECT c FROM sbtest8 WHERE id BETWEEN 5579097 AND 5579106 ORDER BY c
	-> Sort: sbtest8.c  (cost=2.28 rows=10)
    -> Filter: (sbtest8.id between 5579097 and 5579106)  (cost=2.28 rows=10)
        -> Index range scan on sbtest8 using PRIMARY over (5579097 <= id <= 5579106)  (cost=2.28 rows=10)



for: order_ranges
table 1 : explain SELECT c FROM sbtest1 WHERE id BETWEEN 6691271 AND 6691280 ORDER BY c
	-> Sort: sbtest1.c  (cost=2.28 rows=10)
    -> Filter: (sbtest1.id between 6691271 and 6691280)  (cost=2.28 rows=10)
        -> Index range scan on sbtest1 using PRIMARY over (6691271 <= id <= 6691280)  (cost=2.28 rows=10)


table 2 : explain SELECT c FROM sbtest2 WHERE id BETWEEN 6385840 AND 6385849 ORDER BY c
	-> Sort: sbtest2.c  (cost=2.28 rows=10)
    -> Filter: (sbtest2.id between 6385840 and 6385849)  (cost=2.28 rows=10)
        -> Index range scan on sbtest2 using PRIMARY over (6385840 <= id <= 6385849)  (cost=2.28 rows=10)


table 3 : explain SELECT c FROM sbtest3 WHERE id BETWEEN 2378547 AND 2378556 ORDER BY c
	-> Sort: sbtest3.c  (cost=2.28 rows=10)
    -> Filter: (sbtest3.id between 2378547 and 2378556)  (cost=2.28 rows=10)
        -> Index range scan on sbtest3 using PRIMARY over (2378547 <= id <= 2378556)  (cost=2.28 rows=10)


table 4 : explain SELECT c FROM sbtest4 WHERE id BETWEEN 2042234 AND 2042243 ORDER BY c
	-> Sort: sbtest4.c  (cost=2.28 rows=10)
    -> Filter: (sbtest4.id between 2042234 and 2042243)  (cost=2.28 rows=10)
        -> Index range scan on sbtest4 using PRIMARY over (2042234 <= id <= 2042243)  (cost=2.28 rows=10)


table 5 : explain SELECT c FROM sbtest5 WHERE id BETWEEN 2979241 AND 2979250 ORDER BY c
	-> Sort: sbtest5.c  (cost=2.28 rows=10)
    -> Filter: (sbtest5.id between 2979241 and 2979250)  (cost=2.28 rows=10)
        -> Index range scan on sbtest5 using PRIMARY over (2979241 <= id <= 2979250)  (cost=2.28 rows=10)


table 6 : explain SELECT c FROM sbtest6 WHERE id BETWEEN 9152253 AND 9152262 ORDER BY c
	-> Sort: sbtest6.c  (cost=2.28 rows=10)
    -> Filter: (sbtest6.id between 9152253 and 9152262)  (cost=2.28 rows=10)
        -> Index range scan on sbtest6 using PRIMARY over (9152253 <= id <= 9152262)  (cost=2.28 rows=10)


table 7 : explain SELECT c FROM sbtest7 WHERE id BETWEEN 4596392 AND 4596401 ORDER BY c
	-> Sort: sbtest7.c  (cost=2.28 rows=10)
    -> Filter: (sbtest7.id between 4596392 and 4596401)  (cost=2.28 rows=10)
        -> Index range scan on sbtest7 using PRIMARY over (4596392 <= id <= 4596401)  (cost=2.28 rows=10)


table 8 : explain SELECT c FROM sbtest8 WHERE id BETWEEN 6515884 AND 6515893 ORDER BY c
	-> Sort: sbtest8.c  (cost=2.28 rows=10)
    -> Filter: (sbtest8.id between 6515884 and 6515893)  (cost=2.28 rows=10)
        -> Index range scan on sbtest8 using PRIMARY over (6515884 <= id <= 6515893)  (cost=2.28 rows=10)


for: order_ranges
table 1 : explain SELECT c FROM sbtest1 WHERE id BETWEEN 8966122 AND 8966131 ORDER BY c
	-> Sort: sbtest1.c  (cost=2.28 rows=10)
    -> Filter: (sbtest1.id between 8966122 and 8966131)  (cost=2.28 rows=10)
        -> Index range scan on sbtest1 using PRIMARY over (8966122 <= id <= 8966131)  (cost=2.28 rows=10)


table 2 : explain SELECT c FROM sbtest2 WHERE id BETWEEN 4226100 AND 4226109 ORDER BY c
	-> Sort: sbtest2.c  (cost=2.28 rows=10)
    -> Filter: (sbtest2.id between 4226100 and 4226109)  (cost=2.28 rows=10)
        -> Index range scan on sbtest2 using PRIMARY over (4226100 <= id <= 4226109)  (cost=2.28 rows=10)


table 3 : explain SELECT c FROM sbtest3 WHERE id BETWEEN 708331 AND 708340 ORDER BY c
	-> Sort: sbtest3.c  (cost=2.28 rows=10)
    -> Filter: (sbtest3.id between 708331 and 708340)  (cost=2.28 rows=10)
        -> Index range scan on sbtest3 using PRIMARY over (708331 <= id <= 708340)  (cost=2.28 rows=10)


table 4 : explain SELECT c FROM sbtest4 WHERE id BETWEEN 7065984 AND 7065993 ORDER BY c
	-> Sort: sbtest4.c  (cost=2.28 rows=10)
    -> Filter: (sbtest4.id between 7065984 and 7065993)  (cost=2.28 rows=10)
        -> Index range scan on sbtest4 using PRIMARY over (7065984 <= id <= 7065993)  (cost=2.28 rows=10)


table 5 : explain SELECT c FROM sbtest5 WHERE id BETWEEN 7184253 AND 7184262 ORDER BY c
	-> Sort: sbtest5.c  (cost=2.28 rows=10)
    -> Filter: (sbtest5.id between 7184253 and 7184262)  (cost=2.28 rows=10)
        -> Index range scan on sbtest5 using PRIMARY over (7184253 <= id <= 7184262)  (cost=2.28 rows=10)


table 6 : explain SELECT c FROM sbtest6 WHERE id BETWEEN 4758723 AND 4758732 ORDER BY c
	-> Sort: sbtest6.c  (cost=2.28 rows=10)
    -> Filter: (sbtest6.id between 4758723 and 4758732)  (cost=2.28 rows=10)
        -> Index range scan on sbtest6 using PRIMARY over (4758723 <= id <= 4758732)  (cost=2.28 rows=10)


table 7 : explain SELECT c FROM sbtest7 WHERE id BETWEEN 3988634 AND 3988643 ORDER BY c
	-> Sort: sbtest7.c  (cost=2.28 rows=10)
    -> Filter: (sbtest7.id between 3988634 and 3988643)  (cost=2.28 rows=10)
        -> Index range scan on sbtest7 using PRIMARY over (3988634 <= id <= 3988643)  (cost=2.28 rows=10)


table 8 : explain SELECT c FROM sbtest8 WHERE id BETWEEN 6960116 AND 6960125 ORDER BY c
	-> Sort: sbtest8.c  (cost=2.28 rows=10)
    -> Filter: (sbtest8.id between 6960116 and 6960125)  (cost=2.28 rows=10)
        -> Index range scan on sbtest8 using PRIMARY over (6960116 <= id <= 6960125)  (cost=2.28 rows=10)


for: order_ranges
table 1 : explain SELECT c FROM sbtest1 WHERE id BETWEEN 6908416 AND 6908425 ORDER BY c
	-> Sort: sbtest1.c  (cost=2.28 rows=10)
    -> Filter: (sbtest1.id between 6908416 and 6908425)  (cost=2.28 rows=10)
        -> Index range scan on sbtest1 using PRIMARY over (6908416 <= id <= 6908425)  (cost=2.28 rows=10)


table 2 : explain SELECT c FROM sbtest2 WHERE id BETWEEN 6320351 AND 6320360 ORDER BY c
	-> Sort: sbtest2.c  (cost=2.28 rows=10)
    -> Filter: (sbtest2.id between 6320351 and 6320360)  (cost=2.28 rows=10)
        -> Index range scan on sbtest2 using PRIMARY over (6320351 <= id <= 6320360)  (cost=2.28 rows=10)


table 3 : explain SELECT c FROM sbtest3 WHERE id BETWEEN 5063325 AND 5063334 ORDER BY c
	-> Sort: sbtest3.c  (cost=2.28 rows=10)
    -> Filter: (sbtest3.id between 5063325 and 5063334)  (cost=2.28 rows=10)
        -> Index range scan on sbtest3 using PRIMARY over (5063325 <= id <= 5063334)  (cost=2.28 rows=10)


table 4 : explain SELECT c FROM sbtest4 WHERE id BETWEEN 3119273 AND 3119282 ORDER BY c
	-> Sort: sbtest4.c  (cost=2.28 rows=10)
    -> Filter: (sbtest4.id between 3119273 and 3119282)  (cost=2.28 rows=10)
        -> Index range scan on sbtest4 using PRIMARY over (3119273 <= id <= 3119282)  (cost=2.28 rows=10)


table 5 : explain SELECT c FROM sbtest5 WHERE id BETWEEN 4469756 AND 4469765 ORDER BY c
	-> Sort: sbtest5.c  (cost=2.28 rows=10)
    -> Filter: (sbtest5.id between 4469756 and 4469765)  (cost=2.28 rows=10)
        -> Index range scan on sbtest5 using PRIMARY over (4469756 <= id <= 4469765)  (cost=2.28 rows=10)


table 6 : explain SELECT c FROM sbtest6 WHERE id BETWEEN 1007736 AND 1007745 ORDER BY c
	-> Sort: sbtest6.c  (cost=2.28 rows=10)
    -> Filter: (sbtest6.id between 1007736 and 1007745)  (cost=2.28 rows=10)
        -> Index range scan on sbtest6 using PRIMARY over (1007736 <= id <= 1007745)  (cost=2.28 rows=10)


table 7 : explain SELECT c FROM sbtest7 WHERE id BETWEEN 3639612 AND 3639621 ORDER BY c
	-> Sort: sbtest7.c  (cost=2.28 rows=10)
    -> Filter: (sbtest7.id between 3639612 and 3639621)  (cost=2.28 rows=10)
        -> Index range scan on sbtest7 using PRIMARY over (3639612 <= id <= 3639621)  (cost=2.28 rows=10)


table 8 : explain SELECT c FROM sbtest8 WHERE id BETWEEN 7191689 AND 7191698 ORDER BY c
	-> Sort: sbtest8.c  (cost=2.28 rows=10)
    -> Filter: (sbtest8.id between 7191689 and 7191698)  (cost=2.28 rows=10)
        -> Index range scan on sbtest8 using PRIMARY over (7191689 <= id <= 7191698)  (cost=2.28 rows=10)


for: order_ranges
table 1 : explain SELECT c FROM sbtest1 WHERE id BETWEEN 5524110 AND 5524119 ORDER BY c
	-> Sort: sbtest1.c  (cost=2.28 rows=10)
    -> Filter: (sbtest1.id between 5524110 and 5524119)  (cost=2.28 rows=10)
        -> Index range scan on sbtest1 using PRIMARY over (5524110 <= id <= 5524119)  (cost=2.28 rows=10)


table 2 : explain SELECT c FROM sbtest2 WHERE id BETWEEN 9655025 AND 9655034 ORDER BY c
	-> Sort: sbtest2.c  (cost=2.28 rows=10)
    -> Filter: (sbtest2.id between 9655025 and 9655034)  (cost=2.28 rows=10)
        -> Index range scan on sbtest2 using PRIMARY over (9655025 <= id <= 9655034)  (cost=2.28 rows=10)


table 3 : explain SELECT c FROM sbtest3 WHERE id BETWEEN 7229707 AND 7229716 ORDER BY c
	-> Sort: sbtest3.c  (cost=2.28 rows=10)
    -> Filter: (sbtest3.id between 7229707 and 7229716)  (cost=2.28 rows=10)
        -> Index range scan on sbtest3 using PRIMARY over (7229707 <= id <= 7229716)  (cost=2.28 rows=10)


table 4 : explain SELECT c FROM sbtest4 WHERE id BETWEEN 1103486 AND 1103495 ORDER BY c
	-> Sort: sbtest4.c  (cost=2.28 rows=10)
    -> Filter: (sbtest4.id between 1103486 and 1103495)  (cost=2.28 rows=10)
        -> Index range scan on sbtest4 using PRIMARY over (1103486 <= id <= 1103495)  (cost=2.28 rows=10)


table 5 : explain SELECT c FROM sbtest5 WHERE id BETWEEN 6631659 AND 6631668 ORDER BY c
	-> Sort: sbtest5.c  (cost=2.28 rows=10)
    -> Filter: (sbtest5.id between 6631659 and 6631668)  (cost=2.28 rows=10)
        -> Index range scan on sbtest5 using PRIMARY over (6631659 <= id <= 6631668)  (cost=2.28 rows=10)


table 6 : explain SELECT c FROM sbtest6 WHERE id BETWEEN 3905112 AND 3905121 ORDER BY c
	-> Sort: sbtest6.c  (cost=2.28 rows=10)
    -> Filter: (sbtest6.id between 3905112 and 3905121)  (cost=2.28 rows=10)
        -> Index range scan on sbtest6 using PRIMARY over (3905112 <= id <= 3905121)  (cost=2.28 rows=10)


table 7 : explain SELECT c FROM sbtest7 WHERE id BETWEEN 7504819 AND 7504828 ORDER BY c
	-> Sort: sbtest7.c  (cost=2.28 rows=10)
    -> Filter: (sbtest7.id between 7504819 and 7504828)  (cost=2.28 rows=10)
        -> Index range scan on sbtest7 using PRIMARY over (7504819 <= id <= 7504828)  (cost=2.28 rows=10)


table 8 : explain SELECT c FROM sbtest8 WHERE id BETWEEN 87486 AND 87495 ORDER BY c
	-> Sort: sbtest8.c  (cost=2.28 rows=10)
    -> Filter: (sbtest8.id between 87486 and 87495)  (cost=2.28 rows=10)
        -> Index range scan on sbtest8 using PRIMARY over (87486 <= id <= 87495)  (cost=2.28 rows=10)


for: order_ranges
table 1 : explain SELECT c FROM sbtest1 WHERE id BETWEEN 4626283 AND 4626292 ORDER BY c
	-> Sort: sbtest1.c  (cost=2.28 rows=10)
    -> Filter: (sbtest1.id between 4626283 and 4626292)  (cost=2.28 rows=10)
        -> Index range scan on sbtest1 using PRIMARY over (4626283 <= id <= 4626292)  (cost=2.28 rows=10)


table 2 : explain SELECT c FROM sbtest2 WHERE id BETWEEN 6170450 AND 6170459 ORDER BY c
	-> Sort: sbtest2.c  (cost=2.28 rows=10)
    -> Filter: (sbtest2.id between 6170450 and 6170459)  (cost=2.28 rows=10)
        -> Index range scan on sbtest2 using PRIMARY over (6170450 <= id <= 6170459)  (cost=2.28 rows=10)


table 3 : explain SELECT c FROM sbtest3 WHERE id BETWEEN 9031486 AND 9031495 ORDER BY c
	-> Sort: sbtest3.c  (cost=2.28 rows=10)
    -> Filter: (sbtest3.id between 9031486 and 9031495)  (cost=2.28 rows=10)
        -> Index range scan on sbtest3 using PRIMARY over (9031486 <= id <= 9031495)  (cost=2.28 rows=10)


table 4 : explain SELECT c FROM sbtest4 WHERE id BETWEEN 6494320 AND 6494329 ORDER BY c
	-> Sort: sbtest4.c  (cost=2.28 rows=10)
    -> Filter: (sbtest4.id between 6494320 and 6494329)  (cost=2.28 rows=10)
        -> Index range scan on sbtest4 using PRIMARY over (6494320 <= id <= 6494329)  (cost=2.28 rows=10)


table 5 : explain SELECT c FROM sbtest5 WHERE id BETWEEN 6907732 AND 6907741 ORDER BY c
	-> Sort: sbtest5.c  (cost=2.28 rows=10)
    -> Filter: (sbtest5.id between 6907732 and 6907741)  (cost=2.28 rows=10)
        -> Index range scan on sbtest5 using PRIMARY over (6907732 <= id <= 6907741)  (cost=2.28 rows=10)


table 6 : explain SELECT c FROM sbtest6 WHERE id BETWEEN 9458773 AND 9458782 ORDER BY c
	-> Sort: sbtest6.c  (cost=2.28 rows=10)
    -> Filter: (sbtest6.id between 9458773 and 9458782)  (cost=2.28 rows=10)
        -> Index range scan on sbtest6 using PRIMARY over (9458773 <= id <= 9458782)  (cost=2.28 rows=10)


table 7 : explain SELECT c FROM sbtest7 WHERE id BETWEEN 8018337 AND 8018346 ORDER BY c
	-> Sort: sbtest7.c  (cost=2.28 rows=10)
    -> Filter: (sbtest7.id between 8018337 and 8018346)  (cost=2.28 rows=10)
        -> Index range scan on sbtest7 using PRIMARY over (8018337 <= id <= 8018346)  (cost=2.28 rows=10)


table 8 : explain SELECT c FROM sbtest8 WHERE id BETWEEN 5632437 AND 5632446 ORDER BY c
	-> Sort: sbtest8.c  (cost=2.28 rows=10)
    -> Filter: (sbtest8.id between 5632437 and 5632446)  (cost=2.28 rows=10)
        -> Index range scan on sbtest8 using PRIMARY over (5632437 <= id <= 5632446)  (cost=2.28 rows=10)


for: sum_ranges
table 1 : explain SELECT SUM(k) FROM sbtest1 WHERE id BETWEEN 3968920 AND 3968929
	-> Aggregate: sum(sbtest1.k)  (cost=4.58 rows=1)
    -> Filter: (sbtest1.id between 3968920 and 3968929)  (cost=2.28 rows=10)
        -> Index range scan on sbtest1 using PRIMARY over (3968920 <= id <= 3968929)  (cost=2.28 rows=10)


table 2 : explain SELECT SUM(k) FROM sbtest2 WHERE id BETWEEN 6020529 AND 6020538
	-> Aggregate: sum(sbtest2.k)  (cost=4.58 rows=1)
    -> Filter: (sbtest2.id between 6020529 and 6020538)  (cost=2.28 rows=10)
        -> Index range scan on sbtest2 using PRIMARY over (6020529 <= id <= 6020538)  (cost=2.28 rows=10)


table 3 : explain SELECT SUM(k) FROM sbtest3 WHERE id BETWEEN 9528567 AND 9528576
	-> Aggregate: sum(sbtest3.k)  (cost=4.58 rows=1)
    -> Filter: (sbtest3.id between 9528567 and 9528576)  (cost=2.28 rows=10)
        -> Index range scan on sbtest3 using PRIMARY over (9528567 <= id <= 9528576)  (cost=2.28 rows=10)


table 4 : explain SELECT SUM(k) FROM sbtest4 WHERE id BETWEEN 937835 AND 937844
	-> Aggregate: sum(sbtest4.k)  (cost=4.58 rows=1)
    -> Filter: (sbtest4.id between 937835 and 937844)  (cost=2.28 rows=10)
        -> Index range scan on sbtest4 using PRIMARY over (937835 <= id <= 937844)  (cost=2.28 rows=10)


table 5 : explain SELECT SUM(k) FROM sbtest5 WHERE id BETWEEN 382114 AND 382123
	-> Aggregate: sum(sbtest5.k)  (cost=4.58 rows=1)
    -> Filter: (sbtest5.id between 382114 and 382123)  (cost=2.28 rows=10)
        -> Index range scan on sbtest5 using PRIMARY over (382114 <= id <= 382123)  (cost=2.28 rows=10)


table 6 : explain SELECT SUM(k) FROM sbtest6 WHERE id BETWEEN 7336640 AND 7336649
	-> Aggregate: sum(sbtest6.k)  (cost=4.58 rows=1)
    -> Filter: (sbtest6.id between 7336640 and 7336649)  (cost=2.28 rows=10)
        -> Index range scan on sbtest6 using PRIMARY over (7336640 <= id <= 7336649)  (cost=2.28 rows=10)


table 7 : explain SELECT SUM(k) FROM sbtest7 WHERE id BETWEEN 60393 AND 60402
	-> Aggregate: sum(sbtest7.k)  (cost=4.58 rows=1)
    -> Filter: (sbtest7.id between 60393 and 60402)  (cost=2.28 rows=10)
        -> Index range scan on sbtest7 using PRIMARY over (60393 <= id <= 60402)  (cost=2.28 rows=10)


table 8 : explain SELECT SUM(k) FROM sbtest8 WHERE id BETWEEN 1419391 AND 1419400
	-> Aggregate: sum(sbtest8.k)  (cost=4.58 rows=1)
    -> Filter: (sbtest8.id between 1419391 and 1419400)  (cost=2.28 rows=10)
        -> Index range scan on sbtest8 using PRIMARY over (1419391 <= id <= 1419400)  (cost=2.28 rows=10)


for: order_ranges
table 1 : explain SELECT c FROM sbtest1 WHERE id BETWEEN 9035499 AND 9035508 ORDER BY c
	-> Sort: sbtest1.c  (cost=2.28 rows=10)
    -> Filter: (sbtest1.id between 9035499 and 9035508)  (cost=2.28 rows=10)
        -> Index range scan on sbtest1 using PRIMARY over (9035499 <= id <= 9035508)  (cost=2.28 rows=10)


table 2 : explain SELECT c FROM sbtest2 WHERE id BETWEEN 195335 AND 195344 ORDER BY c
	-> Sort: sbtest2.c  (cost=2.28 rows=10)
    -> Filter: (sbtest2.id between 195335 and 195344)  (cost=2.28 rows=10)
        -> Index range scan on sbtest2 using PRIMARY over (195335 <= id <= 195344)  (cost=2.28 rows=10)


table 3 : explain SELECT c FROM sbtest3 WHERE id BETWEEN 1341442 AND 1341451 ORDER BY c
	-> Sort: sbtest3.c  (cost=2.28 rows=10)
    -> Filter: (sbtest3.id between 1341442 and 1341451)  (cost=2.28 rows=10)
        -> Index range scan on sbtest3 using PRIMARY over (1341442 <= id <= 1341451)  (cost=2.28 rows=10)


table 4 : explain SELECT c FROM sbtest4 WHERE id BETWEEN 6137803 AND 6137812 ORDER BY c
	-> Sort: sbtest4.c  (cost=2.28 rows=10)
    -> Filter: (sbtest4.id between 6137803 and 6137812)  (cost=2.28 rows=10)
        -> Index range scan on sbtest4 using PRIMARY over (6137803 <= id <= 6137812)  (cost=2.28 rows=10)


table 5 : explain SELECT c FROM sbtest5 WHERE id BETWEEN 7719993 AND 7720002 ORDER BY c
	-> Sort: sbtest5.c  (cost=2.28 rows=10)
    -> Filter: (sbtest5.id between 7719993 and 7720002)  (cost=2.28 rows=10)
        -> Index range scan on sbtest5 using PRIMARY over (7719993 <= id <= 7720002)  (cost=2.28 rows=10)


table 6 : explain SELECT c FROM sbtest6 WHERE id BETWEEN 9388609 AND 9388618 ORDER BY c
	-> Sort: sbtest6.c  (cost=2.28 rows=10)
    -> Filter: (sbtest6.id between 9388609 and 9388618)  (cost=2.28 rows=10)
        -> Index range scan on sbtest6 using PRIMARY over (9388609 <= id <= 9388618)  (cost=2.28 rows=10)


table 7 : explain SELECT c FROM sbtest7 WHERE id BETWEEN 2245344 AND 2245353 ORDER BY c
	-> Sort: sbtest7.c  (cost=2.28 rows=10)
    -> Filter: (sbtest7.id between 2245344 and 2245353)  (cost=2.28 rows=10)
        -> Index range scan on sbtest7 using PRIMARY over (2245344 <= id <= 2245353)  (cost=2.28 rows=10)


table 8 : explain SELECT c FROM sbtest8 WHERE id BETWEEN 8495923 AND 8495932 ORDER BY c
	-> Sort: sbtest8.c  (cost=2.28 rows=10)
    -> Filter: (sbtest8.id between 8495923 and 8495932)  (cost=2.28 rows=10)
        -> Index range scan on sbtest8 using PRIMARY over (8495923 <= id <= 8495932)  (cost=2.28 rows=10)


for: order_ranges
table 1 : explain SELECT c FROM sbtest1 WHERE id BETWEEN 6196532 AND 6196541 ORDER BY c
	-> Sort: sbtest1.c  (cost=2.28 rows=10)
    -> Filter: (sbtest1.id between 6196532 and 6196541)  (cost=2.28 rows=10)
        -> Index range scan on sbtest1 using PRIMARY over (6196532 <= id <= 6196541)  (cost=2.28 rows=10)


table 2 : explain SELECT c FROM sbtest2 WHERE id BETWEEN 3875030 AND 3875039 ORDER BY c
	-> Sort: sbtest2.c  (cost=2.28 rows=10)
    -> Filter: (sbtest2.id between 3875030 and 3875039)  (cost=2.28 rows=10)
        -> Index range scan on sbtest2 using PRIMARY over (3875030 <= id <= 3875039)  (cost=2.28 rows=10)


table 3 : explain SELECT c FROM sbtest3 WHERE id BETWEEN 7387390 AND 7387399 ORDER BY c
	-> Sort: sbtest3.c  (cost=2.28 rows=10)
    -> Filter: (sbtest3.id between 7387390 and 7387399)  (cost=2.28 rows=10)
        -> Index range scan on sbtest3 using PRIMARY over (7387390 <= id <= 7387399)  (cost=2.28 rows=10)


table 4 : explain SELECT c FROM sbtest4 WHERE id BETWEEN 694585 AND 694594 ORDER BY c
	-> Sort: sbtest4.c  (cost=2.28 rows=10)
    -> Filter: (sbtest4.id between 694585 and 694594)  (cost=2.28 rows=10)
        -> Index range scan on sbtest4 using PRIMARY over (694585 <= id <= 694594)  (cost=2.28 rows=10)


table 5 : explain SELECT c FROM sbtest5 WHERE id BETWEEN 995457 AND 995466 ORDER BY c
	-> Sort: sbtest5.c  (cost=2.28 rows=10)
    -> Filter: (sbtest5.id between 995457 and 995466)  (cost=2.28 rows=10)
        -> Index range scan on sbtest5 using PRIMARY over (995457 <= id <= 995466)  (cost=2.28 rows=10)


table 6 : explain SELECT c FROM sbtest6 WHERE id BETWEEN 4984170 AND 4984179 ORDER BY c
	-> Sort: sbtest6.c  (cost=2.28 rows=10)
    -> Filter: (sbtest6.id between 4984170 and 4984179)  (cost=2.28 rows=10)
        -> Index range scan on sbtest6 using PRIMARY over (4984170 <= id <= 4984179)  (cost=2.28 rows=10)


table 7 : explain SELECT c FROM sbtest7 WHERE id BETWEEN 9063098 AND 9063107 ORDER BY c
	-> Sort: sbtest7.c  (cost=2.28 rows=10)
    -> Filter: (sbtest7.id between 9063098 and 9063107)  (cost=2.28 rows=10)
        -> Index range scan on sbtest7 using PRIMARY over (9063098 <= id <= 9063107)  (cost=2.28 rows=10)


table 8 : explain SELECT c FROM sbtest8 WHERE id BETWEEN 2616912 AND 2616921 ORDER BY c
	-> Sort: sbtest8.c  (cost=2.28 rows=10)
    -> Filter: (sbtest8.id between 2616912 and 2616921)  (cost=2.28 rows=10)
        -> Index range scan on sbtest8 using PRIMARY over (2616912 <= id <= 2616921)  (cost=2.28 rows=10)


for: order_ranges
table 1 : explain SELECT c FROM sbtest1 WHERE id BETWEEN 9843008 AND 9843017 ORDER BY c
	-> Sort: sbtest1.c  (cost=2.28 rows=10)
    -> Filter: (sbtest1.id between 9843008 and 9843017)  (cost=2.28 rows=10)
        -> Index range scan on sbtest1 using PRIMARY over (9843008 <= id <= 9843017)  (cost=2.28 rows=10)


table 2 : explain SELECT c FROM sbtest2 WHERE id BETWEEN 7681407 AND 7681416 ORDER BY c
	-> Sort: sbtest2.c  (cost=2.28 rows=10)
    -> Filter: (sbtest2.id between 7681407 and 7681416)  (cost=2.28 rows=10)
        -> Index range scan on sbtest2 using PRIMARY over (7681407 <= id <= 7681416)  (cost=2.28 rows=10)


table 3 : explain SELECT c FROM sbtest3 WHERE id BETWEEN 4637622 AND 4637631 ORDER BY c
	-> Sort: sbtest3.c  (cost=2.28 rows=10)
    -> Filter: (sbtest3.id between 4637622 and 4637631)  (cost=2.28 rows=10)
        -> Index range scan on sbtest3 using PRIMARY over (4637622 <= id <= 4637631)  (cost=2.28 rows=10)


table 4 : explain SELECT c FROM sbtest4 WHERE id BETWEEN 6643427 AND 6643436 ORDER BY c
	-> Sort: sbtest4.c  (cost=2.28 rows=10)
    -> Filter: (sbtest4.id between 6643427 and 6643436)  (cost=2.28 rows=10)
        -> Index range scan on sbtest4 using PRIMARY over (6643427 <= id <= 6643436)  (cost=2.28 rows=10)


table 5 : explain SELECT c FROM sbtest5 WHERE id BETWEEN 9081952 AND 9081961 ORDER BY c
	-> Sort: sbtest5.c  (cost=2.28 rows=10)
    -> Filter: (sbtest5.id between 9081952 and 9081961)  (cost=2.28 rows=10)
        -> Index range scan on sbtest5 using PRIMARY over (9081952 <= id <= 9081961)  (cost=2.28 rows=10)


table 6 : explain SELECT c FROM sbtest6 WHERE id BETWEEN 36399 AND 36408 ORDER BY c
	-> Sort: sbtest6.c  (cost=2.28 rows=10)
    -> Filter: (sbtest6.id between 36399 and 36408)  (cost=2.28 rows=10)
        -> Index range scan on sbtest6 using PRIMARY over (36399 <= id <= 36408)  (cost=2.28 rows=10)


table 7 : explain SELECT c FROM sbtest7 WHERE id BETWEEN 4219627 AND 4219636 ORDER BY c
	-> Sort: sbtest7.c  (cost=2.28 rows=10)
    -> Filter: (sbtest7.id between 4219627 and 4219636)  (cost=2.28 rows=10)
        -> Index range scan on sbtest7 using PRIMARY over (4219627 <= id <= 4219636)  (cost=2.28 rows=10)


table 8 : explain SELECT c FROM sbtest8 WHERE id BETWEEN 9779745 AND 9779754 ORDER BY c
	-> Sort: sbtest8.c  (cost=2.28 rows=10)
    -> Filter: (sbtest8.id between 9779745 and 9779754)  (cost=2.28 rows=10)
        -> Index range scan on sbtest8 using PRIMARY over (9779745 <= id <= 9779754)  (cost=2.28 rows=10)


for: order_ranges
table 1 : explain SELECT c FROM sbtest1 WHERE id BETWEEN 4070197 AND 4070206 ORDER BY c
	-> Sort: sbtest1.c  (cost=2.28 rows=10)
    -> Filter: (sbtest1.id between 4070197 and 4070206)  (cost=2.28 rows=10)
        -> Index range scan on sbtest1 using PRIMARY over (4070197 <= id <= 4070206)  (cost=2.28 rows=10)


table 2 : explain SELECT c FROM sbtest2 WHERE id BETWEEN 4170291 AND 4170300 ORDER BY c
	-> Sort: sbtest2.c  (cost=2.28 rows=10)
    -> Filter: (sbtest2.id between 4170291 and 4170300)  (cost=2.28 rows=10)
        -> Index range scan on sbtest2 using PRIMARY over (4170291 <= id <= 4170300)  (cost=2.28 rows=10)


table 3 : explain SELECT c FROM sbtest3 WHERE id BETWEEN 4420825 AND 4420834 ORDER BY c
	-> Sort: sbtest3.c  (cost=2.28 rows=10)
    -> Filter: (sbtest3.id between 4420825 and 4420834)  (cost=2.28 rows=10)
        -> Index range scan on sbtest3 using PRIMARY over (4420825 <= id <= 4420834)  (cost=2.28 rows=10)


table 4 : explain SELECT c FROM sbtest4 WHERE id BETWEEN 5963845 AND 5963854 ORDER BY c
	-> Sort: sbtest4.c  (cost=2.28 rows=10)
    -> Filter: (sbtest4.id between 5963845 and 5963854)  (cost=2.28 rows=10)
        -> Index range scan on sbtest4 using PRIMARY over (5963845 <= id <= 5963854)  (cost=2.28 rows=10)


table 5 : explain SELECT c FROM sbtest5 WHERE id BETWEEN 3365951 AND 3365960 ORDER BY c
	-> Sort: sbtest5.c  (cost=2.28 rows=10)
    -> Filter: (sbtest5.id between 3365951 and 3365960)  (cost=2.28 rows=10)
        -> Index range scan on sbtest5 using PRIMARY over (3365951 <= id <= 3365960)  (cost=2.28 rows=10)


table 6 : explain SELECT c FROM sbtest6 WHERE id BETWEEN 5097598 AND 5097607 ORDER BY c
	-> Sort: sbtest6.c  (cost=2.28 rows=10)
    -> Filter: (sbtest6.id between 5097598 and 5097607)  (cost=2.28 rows=10)
        -> Index range scan on sbtest6 using PRIMARY over (5097598 <= id <= 5097607)  (cost=2.28 rows=10)


table 7 : explain SELECT c FROM sbtest7 WHERE id BETWEEN 8739950 AND 8739959 ORDER BY c
	-> Sort: sbtest7.c  (cost=2.28 rows=10)
    -> Filter: (sbtest7.id between 8739950 and 8739959)  (cost=2.28 rows=10)
        -> Index range scan on sbtest7 using PRIMARY over (8739950 <= id <= 8739959)  (cost=2.28 rows=10)


table 8 : explain SELECT c FROM sbtest8 WHERE id BETWEEN 8736980 AND 8736989 ORDER BY c
	-> Sort: sbtest8.c  (cost=2.28 rows=10)
    -> Filter: (sbtest8.id between 8736980 and 8736989)  (cost=2.28 rows=10)
        -> Index range scan on sbtest8 using PRIMARY over (8736980 <= id <= 8736989)  (cost=2.28 rows=10)


for: order_ranges
table 1 : explain SELECT c FROM sbtest1 WHERE id BETWEEN 747353 AND 747362 ORDER BY c
	-> Sort: sbtest1.c  (cost=2.28 rows=10)
    -> Filter: (sbtest1.id between 747353 and 747362)  (cost=2.28 rows=10)
        -> Index range scan on sbtest1 using PRIMARY over (747353 <= id <= 747362)  (cost=2.28 rows=10)


table 2 : explain SELECT c FROM sbtest2 WHERE id BETWEEN 6296200 AND 6296209 ORDER BY c
	-> Sort: sbtest2.c  (cost=2.28 rows=10)
    -> Filter: (sbtest2.id between 6296200 and 6296209)  (cost=2.28 rows=10)
        -> Index range scan on sbtest2 using PRIMARY over (6296200 <= id <= 6296209)  (cost=2.28 rows=10)


table 3 : explain SELECT c FROM sbtest3 WHERE id BETWEEN 9182551 AND 9182560 ORDER BY c
	-> Sort: sbtest3.c  (cost=2.28 rows=10)
    -> Filter: (sbtest3.id between 9182551 and 9182560)  (cost=2.28 rows=10)
        -> Index range scan on sbtest3 using PRIMARY over (9182551 <= id <= 9182560)  (cost=2.28 rows=10)


table 4 : explain SELECT c FROM sbtest4 WHERE id BETWEEN 6513609 AND 6513618 ORDER BY c
	-> Sort: sbtest4.c  (cost=2.28 rows=10)
    -> Filter: (sbtest4.id between 6513609 and 6513618)  (cost=2.28 rows=10)
        -> Index range scan on sbtest4 using PRIMARY over (6513609 <= id <= 6513618)  (cost=2.28 rows=10)


table 5 : explain SELECT c FROM sbtest5 WHERE id BETWEEN 1480142 AND 1480151 ORDER BY c
	-> Sort: sbtest5.c  (cost=2.28 rows=10)
    -> Filter: (sbtest5.id between 1480142 and 1480151)  (cost=2.28 rows=10)
        -> Index range scan on sbtest5 using PRIMARY over (1480142 <= id <= 1480151)  (cost=2.28 rows=10)


table 6 : explain SELECT c FROM sbtest6 WHERE id BETWEEN 156616 AND 156625 ORDER BY c
	-> Sort: sbtest6.c  (cost=2.28 rows=10)
    -> Filter: (sbtest6.id between 156616 and 156625)  (cost=2.28 rows=10)
        -> Index range scan on sbtest6 using PRIMARY over (156616 <= id <= 156625)  (cost=2.28 rows=10)


table 7 : explain SELECT c FROM sbtest7 WHERE id BETWEEN 8004418 AND 8004427 ORDER BY c
	-> Sort: sbtest7.c  (cost=2.28 rows=10)
    -> Filter: (sbtest7.id between 8004418 and 8004427)  (cost=2.28 rows=10)
        -> Index range scan on sbtest7 using PRIMARY over (8004418 <= id <= 8004427)  (cost=2.28 rows=10)


table 8 : explain SELECT c FROM sbtest8 WHERE id BETWEEN 8451933 AND 8451942 ORDER BY c
	-> Sort: sbtest8.c  (cost=2.28 rows=10)
    -> Filter: (sbtest8.id between 8451933 and 8451942)  (cost=2.28 rows=10)
        -> Index range scan on sbtest8 using PRIMARY over (8451933 <= id <= 8451942)  (cost=2.28 rows=10)


for: order_ranges
table 1 : explain SELECT c FROM sbtest1 WHERE id BETWEEN 9899133 AND 9899142 ORDER BY c
	-> Sort: sbtest1.c  (cost=2.28 rows=10)
    -> Filter: (sbtest1.id between 9899133 and 9899142)  (cost=2.28 rows=10)
        -> Index range scan on sbtest1 using PRIMARY over (9899133 <= id <= 9899142)  (cost=2.28 rows=10)


table 2 : explain SELECT c FROM sbtest2 WHERE id BETWEEN 2518750 AND 2518759 ORDER BY c
	-> Sort: sbtest2.c  (cost=2.28 rows=10)
    -> Filter: (sbtest2.id between 2518750 and 2518759)  (cost=2.28 rows=10)
        -> Index range scan on sbtest2 using PRIMARY over (2518750 <= id <= 2518759)  (cost=2.28 rows=10)


table 3 : explain SELECT c FROM sbtest3 WHERE id BETWEEN 6336835 AND 6336844 ORDER BY c
	-> Sort: sbtest3.c  (cost=2.28 rows=10)
    -> Filter: (sbtest3.id between 6336835 and 6336844)  (cost=2.28 rows=10)
        -> Index range scan on sbtest3 using PRIMARY over (6336835 <= id <= 6336844)  (cost=2.28 rows=10)


table 4 : explain SELECT c FROM sbtest4 WHERE id BETWEEN 5157488 AND 5157497 ORDER BY c
	-> Sort: sbtest4.c  (cost=2.28 rows=10)
    -> Filter: (sbtest4.id between 5157488 and 5157497)  (cost=2.28 rows=10)
        -> Index range scan on sbtest4 using PRIMARY over (5157488 <= id <= 5157497)  (cost=2.28 rows=10)


table 5 : explain SELECT c FROM sbtest5 WHERE id BETWEEN 4065070 AND 4065079 ORDER BY c
	-> Sort: sbtest5.c  (cost=2.28 rows=10)
    -> Filter: (sbtest5.id between 4065070 and 4065079)  (cost=2.28 rows=10)
        -> Index range scan on sbtest5 using PRIMARY over (4065070 <= id <= 4065079)  (cost=2.28 rows=10)


table 6 : explain SELECT c FROM sbtest6 WHERE id BETWEEN 3826991 AND 3827000 ORDER BY c
	-> Sort: sbtest6.c  (cost=2.28 rows=10)
    -> Filter: (sbtest6.id between 3826991 and 3827000)  (cost=2.28 rows=10)
        -> Index range scan on sbtest6 using PRIMARY over (3826991 <= id <= 3827000)  (cost=2.28 rows=10)


table 7 : explain SELECT c FROM sbtest7 WHERE id BETWEEN 8694931 AND 8694940 ORDER BY c
	-> Sort: sbtest7.c  (cost=2.28 rows=10)
    -> Filter: (sbtest7.id between 8694931 and 8694940)  (cost=2.28 rows=10)
        -> Index range scan on sbtest7 using PRIMARY over (8694931 <= id <= 8694940)  (cost=2.28 rows=10)


table 8 : explain SELECT c FROM sbtest8 WHERE id BETWEEN 2963173 AND 2963182 ORDER BY c
	-> Sort: sbtest8.c  (cost=2.28 rows=10)
    -> Filter: (sbtest8.id between 2963173 and 2963182)  (cost=2.28 rows=10)
        -> Index range scan on sbtest8 using PRIMARY over (2963173 <= id <= 2963182)  (cost=2.28 rows=10)


for: order_ranges
table 1 : explain SELECT c FROM sbtest1 WHERE id BETWEEN 1709518 AND 1709527 ORDER BY c
	-> Sort: sbtest1.c  (cost=2.28 rows=10)
    -> Filter: (sbtest1.id between 1709518 and 1709527)  (cost=2.28 rows=10)
        -> Index range scan on sbtest1 using PRIMARY over (1709518 <= id <= 1709527)  (cost=2.28 rows=10)


table 2 : explain SELECT c FROM sbtest2 WHERE id BETWEEN 4554550 AND 4554559 ORDER BY c
	-> Sort: sbtest2.c  (cost=2.28 rows=10)
    -> Filter: (sbtest2.id between 4554550 and 4554559)  (cost=2.28 rows=10)
        -> Index range scan on sbtest2 using PRIMARY over (4554550 <= id <= 4554559)  (cost=2.28 rows=10)


table 3 : explain SELECT c FROM sbtest3 WHERE id BETWEEN 583948 AND 583957 ORDER BY c
	-> Sort: sbtest3.c  (cost=2.28 rows=10)
    -> Filter: (sbtest3.id between 583948 and 583957)  (cost=2.28 rows=10)
        -> Index range scan on sbtest3 using PRIMARY over (583948 <= id <= 583957)  (cost=2.28 rows=10)


table 4 : explain SELECT c FROM sbtest4 WHERE id BETWEEN 6756973 AND 6756982 ORDER BY c
	-> Sort: sbtest4.c  (cost=2.28 rows=10)
    -> Filter: (sbtest4.id between 6756973 and 6756982)  (cost=2.28 rows=10)
        -> Index range scan on sbtest4 using PRIMARY over (6756973 <= id <= 6756982)  (cost=2.28 rows=10)


table 5 : explain SELECT c FROM sbtest5 WHERE id BETWEEN 5222276 AND 5222285 ORDER BY c
	-> Sort: sbtest5.c  (cost=2.28 rows=10)
    -> Filter: (sbtest5.id between 5222276 and 5222285)  (cost=2.28 rows=10)
        -> Index range scan on sbtest5 using PRIMARY over (5222276 <= id <= 5222285)  (cost=2.28 rows=10)


table 6 : explain SELECT c FROM sbtest6 WHERE id BETWEEN 720118 AND 720127 ORDER BY c
	-> Sort: sbtest6.c  (cost=2.28 rows=10)
    -> Filter: (sbtest6.id between 720118 and 720127)  (cost=2.28 rows=10)
        -> Index range scan on sbtest6 using PRIMARY over (720118 <= id <= 720127)  (cost=2.28 rows=10)


table 7 : explain SELECT c FROM sbtest7 WHERE id BETWEEN 291425 AND 291434 ORDER BY c
	-> Sort: sbtest7.c  (cost=2.28 rows=10)
    -> Filter: (sbtest7.id between 291425 and 291434)  (cost=2.28 rows=10)
        -> Index range scan on sbtest7 using PRIMARY over (291425 <= id <= 291434)  (cost=2.28 rows=10)


table 8 : explain SELECT c FROM sbtest8 WHERE id BETWEEN 5440886 AND 5440895 ORDER BY c
	-> Sort: sbtest8.c  (cost=2.28 rows=10)
    -> Filter: (sbtest8.id between 5440886 and 5440895)  (cost=2.28 rows=10)
        -> Index range scan on sbtest8 using PRIMARY over (5440886 <= id <= 5440895)  (cost=2.28 rows=10)


for: order_ranges
table 1 : explain SELECT c FROM sbtest1 WHERE id BETWEEN 8204601 AND 8204610 ORDER BY c
	-> Sort: sbtest1.c  (cost=2.28 rows=10)
    -> Filter: (sbtest1.id between 8204601 and 8204610)  (cost=2.28 rows=10)
        -> Index range scan on sbtest1 using PRIMARY over (8204601 <= id <= 8204610)  (cost=2.28 rows=10)


table 2 : explain SELECT c FROM sbtest2 WHERE id BETWEEN 2091414 AND 2091423 ORDER BY c
	-> Sort: sbtest2.c  (cost=2.28 rows=10)
    -> Filter: (sbtest2.id between 2091414 and 2091423)  (cost=2.28 rows=10)
        -> Index range scan on sbtest2 using PRIMARY over (2091414 <= id <= 2091423)  (cost=2.28 rows=10)


table 3 : explain SELECT c FROM sbtest3 WHERE id BETWEEN 2012216 AND 2012225 ORDER BY c
	-> Sort: sbtest3.c  (cost=2.28 rows=10)
    -> Filter: (sbtest3.id between 2012216 and 2012225)  (cost=2.28 rows=10)
        -> Index range scan on sbtest3 using PRIMARY over (2012216 <= id <= 2012225)  (cost=2.28 rows=10)


table 4 : explain SELECT c FROM sbtest4 WHERE id BETWEEN 7616541 AND 7616550 ORDER BY c
	-> Sort: sbtest4.c  (cost=2.28 rows=10)
    -> Filter: (sbtest4.id between 7616541 and 7616550)  (cost=2.28 rows=10)
        -> Index range scan on sbtest4 using PRIMARY over (7616541 <= id <= 7616550)  (cost=2.28 rows=10)


table 5 : explain SELECT c FROM sbtest5 WHERE id BETWEEN 745479 AND 745488 ORDER BY c
	-> Sort: sbtest5.c  (cost=2.28 rows=10)
    -> Filter: (sbtest5.id between 745479 and 745488)  (cost=2.28 rows=10)
        -> Index range scan on sbtest5 using PRIMARY over (745479 <= id <= 745488)  (cost=2.28 rows=10)


table 6 : explain SELECT c FROM sbtest6 WHERE id BETWEEN 919586 AND 919595 ORDER BY c
	-> Sort: sbtest6.c  (cost=2.28 rows=10)
    -> Filter: (sbtest6.id between 919586 and 919595)  (cost=2.28 rows=10)
        -> Index range scan on sbtest6 using PRIMARY over (919586 <= id <= 919595)  (cost=2.28 rows=10)


table 7 : explain SELECT c FROM sbtest7 WHERE id BETWEEN 9365844 AND 9365853 ORDER BY c
	-> Sort: sbtest7.c  (cost=2.28 rows=10)
    -> Filter: (sbtest7.id between 9365844 and 9365853)  (cost=2.28 rows=10)
        -> Index range scan on sbtest7 using PRIMARY over (9365844 <= id <= 9365853)  (cost=2.28 rows=10)


table 8 : explain SELECT c FROM sbtest8 WHERE id BETWEEN 9314578 AND 9314587 ORDER BY c
	-> Sort: sbtest8.c  (cost=2.28 rows=10)
    -> Filter: (sbtest8.id between 9314578 and 9314587)  (cost=2.28 rows=10)
        -> Index range scan on sbtest8 using PRIMARY over (9314578 <= id <= 9314587)  (cost=2.28 rows=10)


for: order_ranges
table 1 : explain SELECT c FROM sbtest1 WHERE id BETWEEN 5991911 AND 5991920 ORDER BY c
	-> Sort: sbtest1.c  (cost=2.28 rows=10)
    -> Filter: (sbtest1.id between 5991911 and 5991920)  (cost=2.28 rows=10)
        -> Index range scan on sbtest1 using PRIMARY over (5991911 <= id <= 5991920)  (cost=2.28 rows=10)


table 2 : explain SELECT c FROM sbtest2 WHERE id BETWEEN 477577 AND 477586 ORDER BY c
	-> Sort: sbtest2.c  (cost=2.28 rows=10)
    -> Filter: (sbtest2.id between 477577 and 477586)  (cost=2.28 rows=10)
        -> Index range scan on sbtest2 using PRIMARY over (477577 <= id <= 477586)  (cost=2.28 rows=10)


table 3 : explain SELECT c FROM sbtest3 WHERE id BETWEEN 9038339 AND 9038348 ORDER BY c
	-> Sort: sbtest3.c  (cost=2.28 rows=10)
    -> Filter: (sbtest3.id between 9038339 and 9038348)  (cost=2.28 rows=10)
        -> Index range scan on sbtest3 using PRIMARY over (9038339 <= id <= 9038348)  (cost=2.28 rows=10)


table 4 : explain SELECT c FROM sbtest4 WHERE id BETWEEN 7088455 AND 7088464 ORDER BY c
	-> Sort: sbtest4.c  (cost=2.28 rows=10)
    -> Filter: (sbtest4.id between 7088455 and 7088464)  (cost=2.28 rows=10)
        -> Index range scan on sbtest4 using PRIMARY over (7088455 <= id <= 7088464)  (cost=2.28 rows=10)


table 5 : explain SELECT c FROM sbtest5 WHERE id BETWEEN 8281629 AND 8281638 ORDER BY c
	-> Sort: sbtest5.c  (cost=2.28 rows=10)
    -> Filter: (sbtest5.id between 8281629 and 8281638)  (cost=2.28 rows=10)
        -> Index range scan on sbtest5 using PRIMARY over (8281629 <= id <= 8281638)  (cost=2.28 rows=10)


table 6 : explain SELECT c FROM sbtest6 WHERE id BETWEEN 1445062 AND 1445071 ORDER BY c
	-> Sort: sbtest6.c  (cost=2.28 rows=10)
    -> Filter: (sbtest6.id between 1445062 and 1445071)  (cost=2.28 rows=10)
        -> Index range scan on sbtest6 using PRIMARY over (1445062 <= id <= 1445071)  (cost=2.28 rows=10)


table 7 : explain SELECT c FROM sbtest7 WHERE id BETWEEN 1910460 AND 1910469 ORDER BY c
	-> Sort: sbtest7.c  (cost=2.28 rows=10)
    -> Filter: (sbtest7.id between 1910460 and 1910469)  (cost=2.28 rows=10)
        -> Index range scan on sbtest7 using PRIMARY over (1910460 <= id <= 1910469)  (cost=2.28 rows=10)


table 8 : explain SELECT c FROM sbtest8 WHERE id BETWEEN 9007525 AND 9007534 ORDER BY c
	-> Sort: sbtest8.c  (cost=2.28 rows=10)
    -> Filter: (sbtest8.id between 9007525 and 9007534)  (cost=2.28 rows=10)
        -> Index range scan on sbtest8 using PRIMARY over (9007525 <= id <= 9007534)  (cost=2.28 rows=10)


for: order_ranges
table 1 : explain SELECT c FROM sbtest1 WHERE id BETWEEN 9235966 AND 9235975 ORDER BY c
	-> Sort: sbtest1.c  (cost=2.28 rows=10)
    -> Filter: (sbtest1.id between 9235966 and 9235975)  (cost=2.28 rows=10)
        -> Index range scan on sbtest1 using PRIMARY over (9235966 <= id <= 9235975)  (cost=2.28 rows=10)


table 2 : explain SELECT c FROM sbtest2 WHERE id BETWEEN 6395729 AND 6395738 ORDER BY c
	-> Sort: sbtest2.c  (cost=2.28 rows=10)
    -> Filter: (sbtest2.id between 6395729 and 6395738)  (cost=2.28 rows=10)
        -> Index range scan on sbtest2 using PRIMARY over (6395729 <= id <= 6395738)  (cost=2.28 rows=10)


table 3 : explain SELECT c FROM sbtest3 WHERE id BETWEEN 6590405 AND 6590414 ORDER BY c
	-> Sort: sbtest3.c  (cost=2.28 rows=10)
    -> Filter: (sbtest3.id between 6590405 and 6590414)  (cost=2.28 rows=10)
        -> Index range scan on sbtest3 using PRIMARY over (6590405 <= id <= 6590414)  (cost=2.28 rows=10)


table 4 : explain SELECT c FROM sbtest4 WHERE id BETWEEN 9992565 AND 9992574 ORDER BY c
	-> Sort: sbtest4.c  (cost=2.28 rows=10)
    -> Filter: (sbtest4.id between 9992565 and 9992574)  (cost=2.28 rows=10)
        -> Index range scan on sbtest4 using PRIMARY over (9992565 <= id <= 9992574)  (cost=2.28 rows=10)


table 5 : explain SELECT c FROM sbtest5 WHERE id BETWEEN 8153228 AND 8153237 ORDER BY c
	-> Sort: sbtest5.c  (cost=2.28 rows=10)
    -> Filter: (sbtest5.id between 8153228 and 8153237)  (cost=2.28 rows=10)
        -> Index range scan on sbtest5 using PRIMARY over (8153228 <= id <= 8153237)  (cost=2.28 rows=10)


table 6 : explain SELECT c FROM sbtest6 WHERE id BETWEEN 9852795 AND 9852804 ORDER BY c
	-> Sort: sbtest6.c  (cost=2.28 rows=10)
    -> Filter: (sbtest6.id between 9852795 and 9852804)  (cost=2.28 rows=10)
        -> Index range scan on sbtest6 using PRIMARY over (9852795 <= id <= 9852804)  (cost=2.28 rows=10)


table 7 : explain SELECT c FROM sbtest7 WHERE id BETWEEN 7600481 AND 7600490 ORDER BY c
	-> Sort: sbtest7.c  (cost=2.28 rows=10)
    -> Filter: (sbtest7.id between 7600481 and 7600490)  (cost=2.28 rows=10)
        -> Index range scan on sbtest7 using PRIMARY over (7600481 <= id <= 7600490)  (cost=2.28 rows=10)


table 8 : explain SELECT c FROM sbtest8 WHERE id BETWEEN 6268968 AND 6268977 ORDER BY c
	-> Sort: sbtest8.c  (cost=2.28 rows=10)
    -> Filter: (sbtest8.id between 6268968 and 6268977)  (cost=2.28 rows=10)
        -> Index range scan on sbtest8 using PRIMARY over (6268968 <= id <= 6268977)  (cost=2.28 rows=10)


for: order_ranges
table 1 : explain SELECT c FROM sbtest1 WHERE id BETWEEN 5616494 AND 5616503 ORDER BY c
	-> Sort: sbtest1.c  (cost=2.28 rows=10)
    -> Filter: (sbtest1.id between 5616494 and 5616503)  (cost=2.28 rows=10)
        -> Index range scan on sbtest1 using PRIMARY over (5616494 <= id <= 5616503)  (cost=2.28 rows=10)


table 2 : explain SELECT c FROM sbtest2 WHERE id BETWEEN 3836253 AND 3836262 ORDER BY c
	-> Sort: sbtest2.c  (cost=2.28 rows=10)
    -> Filter: (sbtest2.id between 3836253 and 3836262)  (cost=2.28 rows=10)
        -> Index range scan on sbtest2 using PRIMARY over (3836253 <= id <= 3836262)  (cost=2.28 rows=10)


table 3 : explain SELECT c FROM sbtest3 WHERE id BETWEEN 9739052 AND 9739061 ORDER BY c
	-> Sort: sbtest3.c  (cost=2.28 rows=10)
    -> Filter: (sbtest3.id between 9739052 and 9739061)  (cost=2.28 rows=10)
        -> Index range scan on sbtest3 using PRIMARY over (9739052 <= id <= 9739061)  (cost=2.28 rows=10)


table 4 : explain SELECT c FROM sbtest4 WHERE id BETWEEN 4019324 AND 4019333 ORDER BY c
	-> Sort: sbtest4.c  (cost=2.28 rows=10)
    -> Filter: (sbtest4.id between 4019324 and 4019333)  (cost=2.28 rows=10)
        -> Index range scan on sbtest4 using PRIMARY over (4019324 <= id <= 4019333)  (cost=2.28 rows=10)


table 5 : explain SELECT c FROM sbtest5 WHERE id BETWEEN 5352615 AND 5352624 ORDER BY c
	-> Sort: sbtest5.c  (cost=2.28 rows=10)
    -> Filter: (sbtest5.id between 5352615 and 5352624)  (cost=2.28 rows=10)
        -> Index range scan on sbtest5 using PRIMARY over (5352615 <= id <= 5352624)  (cost=2.28 rows=10)


table 6 : explain SELECT c FROM sbtest6 WHERE id BETWEEN 1152391 AND 1152400 ORDER BY c
	-> Sort: sbtest6.c  (cost=2.28 rows=10)
    -> Filter: (sbtest6.id between 1152391 and 1152400)  (cost=2.28 rows=10)
        -> Index range scan on sbtest6 using PRIMARY over (1152391 <= id <= 1152400)  (cost=2.28 rows=10)


table 7 : explain SELECT c FROM sbtest7 WHERE id BETWEEN 5770751 AND 5770760 ORDER BY c
	-> Sort: sbtest7.c  (cost=2.28 rows=10)
    -> Filter: (sbtest7.id between 5770751 and 5770760)  (cost=2.28 rows=10)
        -> Index range scan on sbtest7 using PRIMARY over (5770751 <= id <= 5770760)  (cost=2.28 rows=10)


table 8 : explain SELECT c FROM sbtest8 WHERE id BETWEEN 8783555 AND 8783564 ORDER BY c
	-> Sort: sbtest8.c  (cost=2.28 rows=10)
    -> Filter: (sbtest8.id between 8783555 and 8783564)  (cost=2.28 rows=10)
        -> Index range scan on sbtest8 using PRIMARY over (8783555 <= id <= 8783564)  (cost=2.28 rows=10)


for: order_ranges
table 1 : explain SELECT c FROM sbtest1 WHERE id BETWEEN 3895529 AND 3895538 ORDER BY c
	-> Sort: sbtest1.c  (cost=2.28 rows=10)
    -> Filter: (sbtest1.id between 3895529 and 3895538)  (cost=2.28 rows=10)
        -> Index range scan on sbtest1 using PRIMARY over (3895529 <= id <= 3895538)  (cost=2.28 rows=10)


table 2 : explain SELECT c FROM sbtest2 WHERE id BETWEEN 8880097 AND 8880106 ORDER BY c
	-> Sort: sbtest2.c  (cost=2.28 rows=10)
    -> Filter: (sbtest2.id between 8880097 and 8880106)  (cost=2.28 rows=10)
        -> Index range scan on sbtest2 using PRIMARY over (8880097 <= id <= 8880106)  (cost=2.28 rows=10)


table 3 : explain SELECT c FROM sbtest3 WHERE id BETWEEN 2613294 AND 2613303 ORDER BY c
	-> Sort: sbtest3.c  (cost=2.28 rows=10)
    -> Filter: (sbtest3.id between 2613294 and 2613303)  (cost=2.28 rows=10)
        -> Index range scan on sbtest3 using PRIMARY over (2613294 <= id <= 2613303)  (cost=2.28 rows=10)


table 4 : explain SELECT c FROM sbtest4 WHERE id BETWEEN 4984810 AND 4984819 ORDER BY c
	-> Sort: sbtest4.c  (cost=2.28 rows=10)
    -> Filter: (sbtest4.id between 4984810 and 4984819)  (cost=2.28 rows=10)
        -> Index range scan on sbtest4 using PRIMARY over (4984810 <= id <= 4984819)  (cost=2.28 rows=10)


table 5 : explain SELECT c FROM sbtest5 WHERE id BETWEEN 210423 AND 210432 ORDER BY c
	-> Sort: sbtest5.c  (cost=2.28 rows=10)
    -> Filter: (sbtest5.id between 210423 and 210432)  (cost=2.28 rows=10)
        -> Index range scan on sbtest5 using PRIMARY over (210423 <= id <= 210432)  (cost=2.28 rows=10)


table 6 : explain SELECT c FROM sbtest6 WHERE id BETWEEN 8363546 AND 8363555 ORDER BY c
	-> Sort: sbtest6.c  (cost=2.28 rows=10)
    -> Filter: (sbtest6.id between 8363546 and 8363555)  (cost=2.28 rows=10)
        -> Index range scan on sbtest6 using PRIMARY over (8363546 <= id <= 8363555)  (cost=2.28 rows=10)


table 7 : explain SELECT c FROM sbtest7 WHERE id BETWEEN 6012547 AND 6012556 ORDER BY c
	-> Sort: sbtest7.c  (cost=2.28 rows=10)
    -> Filter: (sbtest7.id between 6012547 and 6012556)  (cost=2.28 rows=10)
        -> Index range scan on sbtest7 using PRIMARY over (6012547 <= id <= 6012556)  (cost=2.28 rows=10)


table 8 : explain SELECT c FROM sbtest8 WHERE id BETWEEN 7598391 AND 7598400 ORDER BY c
	-> Sort: sbtest8.c  (cost=2.28 rows=10)
    -> Filter: (sbtest8.id between 7598391 and 7598400)  (cost=2.28 rows=10)
        -> Index range scan on sbtest8 using PRIMARY over (7598391 <= id <= 7598400)  (cost=2.28 rows=10)


for: order_ranges
table 1 : explain SELECT c FROM sbtest1 WHERE id BETWEEN 2446187 AND 2446196 ORDER BY c
	-> Sort: sbtest1.c  (cost=2.28 rows=10)
    -> Filter: (sbtest1.id between 2446187 and 2446196)  (cost=2.28 rows=10)
        -> Index range scan on sbtest1 using PRIMARY over (2446187 <= id <= 2446196)  (cost=2.28 rows=10)


table 2 : explain SELECT c FROM sbtest2 WHERE id BETWEEN 2499336 AND 2499345 ORDER BY c
	-> Sort: sbtest2.c  (cost=2.28 rows=10)
    -> Filter: (sbtest2.id between 2499336 and 2499345)  (cost=2.28 rows=10)
        -> Index range scan on sbtest2 using PRIMARY over (2499336 <= id <= 2499345)  (cost=2.28 rows=10)


table 3 : explain SELECT c FROM sbtest3 WHERE id BETWEEN 6867859 AND 6867868 ORDER BY c
	-> Sort: sbtest3.c  (cost=2.28 rows=10)
    -> Filter: (sbtest3.id between 6867859 and 6867868)  (cost=2.28 rows=10)
        -> Index range scan on sbtest3 using PRIMARY over (6867859 <= id <= 6867868)  (cost=2.28 rows=10)


table 4 : explain SELECT c FROM sbtest4 WHERE id BETWEEN 9797670 AND 9797679 ORDER BY c
	-> Sort: sbtest4.c  (cost=2.28 rows=10)
    -> Filter: (sbtest4.id between 9797670 and 9797679)  (cost=2.28 rows=10)
        -> Index range scan on sbtest4 using PRIMARY over (9797670 <= id <= 9797679)  (cost=2.28 rows=10)


table 5 : explain SELECT c FROM sbtest5 WHERE id BETWEEN 257203 AND 257212 ORDER BY c
	-> Sort: sbtest5.c  (cost=2.28 rows=10)
    -> Filter: (sbtest5.id between 257203 and 257212)  (cost=2.28 rows=10)
        -> Index range scan on sbtest5 using PRIMARY over (257203 <= id <= 257212)  (cost=2.28 rows=10)


table 6 : explain SELECT c FROM sbtest6 WHERE id BETWEEN 7566627 AND 7566636 ORDER BY c
	-> Sort: sbtest6.c  (cost=2.28 rows=10)
    -> Filter: (sbtest6.id between 7566627 and 7566636)  (cost=2.28 rows=10)
        -> Index range scan on sbtest6 using PRIMARY over (7566627 <= id <= 7566636)  (cost=2.28 rows=10)


table 7 : explain SELECT c FROM sbtest7 WHERE id BETWEEN 6802141 AND 6802150 ORDER BY c
	-> Sort: sbtest7.c  (cost=2.28 rows=10)
    -> Filter: (sbtest7.id between 6802141 and 6802150)  (cost=2.28 rows=10)
        -> Index range scan on sbtest7 using PRIMARY over (6802141 <= id <= 6802150)  (cost=2.28 rows=10)


table 8 : explain SELECT c FROM sbtest8 WHERE id BETWEEN 4157115 AND 4157124 ORDER BY c
	-> Sort: sbtest8.c  (cost=2.28 rows=10)
    -> Filter: (sbtest8.id between 4157115 and 4157124)  (cost=2.28 rows=10)
        -> Index range scan on sbtest8 using PRIMARY over (4157115 <= id <= 4157124)  (cost=2.28 rows=10)


for: order_ranges
table 1 : explain SELECT c FROM sbtest1 WHERE id BETWEEN 8287099 AND 8287108 ORDER BY c
	-> Sort: sbtest1.c  (cost=2.28 rows=10)
    -> Filter: (sbtest1.id between 8287099 and 8287108)  (cost=2.28 rows=10)
        -> Index range scan on sbtest1 using PRIMARY over (8287099 <= id <= 8287108)  (cost=2.28 rows=10)


table 2 : explain SELECT c FROM sbtest2 WHERE id BETWEEN 2387131 AND 2387140 ORDER BY c
	-> Sort: sbtest2.c  (cost=2.28 rows=10)
    -> Filter: (sbtest2.id between 2387131 and 2387140)  (cost=2.28 rows=10)
        -> Index range scan on sbtest2 using PRIMARY over (2387131 <= id <= 2387140)  (cost=2.28 rows=10)


table 3 : explain SELECT c FROM sbtest3 WHERE id BETWEEN 5959232 AND 5959241 ORDER BY c
	-> Sort: sbtest3.c  (cost=2.28 rows=10)
    -> Filter: (sbtest3.id between 5959232 and 5959241)  (cost=2.28 rows=10)
        -> Index range scan on sbtest3 using PRIMARY over (5959232 <= id <= 5959241)  (cost=2.28 rows=10)


table 4 : explain SELECT c FROM sbtest4 WHERE id BETWEEN 9554324 AND 9554333 ORDER BY c
	-> Sort: sbtest4.c  (cost=2.28 rows=10)
    -> Filter: (sbtest4.id between 9554324 and 9554333)  (cost=2.28 rows=10)
        -> Index range scan on sbtest4 using PRIMARY over (9554324 <= id <= 9554333)  (cost=2.28 rows=10)


table 5 : explain SELECT c FROM sbtest5 WHERE id BETWEEN 2975804 AND 2975813 ORDER BY c
	-> Sort: sbtest5.c  (cost=2.28 rows=10)
    -> Filter: (sbtest5.id between 2975804 and 2975813)  (cost=2.28 rows=10)
        -> Index range scan on sbtest5 using PRIMARY over (2975804 <= id <= 2975813)  (cost=2.28 rows=10)


table 6 : explain SELECT c FROM sbtest6 WHERE id BETWEEN 6184966 AND 6184975 ORDER BY c
	-> Sort: sbtest6.c  (cost=2.28 rows=10)
    -> Filter: (sbtest6.id between 6184966 and 6184975)  (cost=2.28 rows=10)
        -> Index range scan on sbtest6 using PRIMARY over (6184966 <= id <= 6184975)  (cost=2.28 rows=10)


table 7 : explain SELECT c FROM sbtest7 WHERE id BETWEEN 1213864 AND 1213873 ORDER BY c
	-> Sort: sbtest7.c  (cost=2.28 rows=10)
    -> Filter: (sbtest7.id between 1213864 and 1213873)  (cost=2.28 rows=10)
        -> Index range scan on sbtest7 using PRIMARY over (1213864 <= id <= 1213873)  (cost=2.28 rows=10)


table 8 : explain SELECT c FROM sbtest8 WHERE id BETWEEN 1358397 AND 1358406 ORDER BY c
	-> Sort: sbtest8.c  (cost=2.28 rows=10)
    -> Filter: (sbtest8.id between 1358397 and 1358406)  (cost=2.28 rows=10)
        -> Index range scan on sbtest8 using PRIMARY over (1358397 <= id <= 1358406)  (cost=2.28 rows=10)


for: order_ranges
table 1 : explain SELECT c FROM sbtest1 WHERE id BETWEEN 7381630 AND 7381639 ORDER BY c
	-> Sort: sbtest1.c  (cost=2.28 rows=10)
    -> Filter: (sbtest1.id between 7381630 and 7381639)  (cost=2.28 rows=10)
        -> Index range scan on sbtest1 using PRIMARY over (7381630 <= id <= 7381639)  (cost=2.28 rows=10)


table 2 : explain SELECT c FROM sbtest2 WHERE id BETWEEN 5342401 AND 5342410 ORDER BY c
	-> Sort: sbtest2.c  (cost=2.28 rows=10)
    -> Filter: (sbtest2.id between 5342401 and 5342410)  (cost=2.28 rows=10)
        -> Index range scan on sbtest2 using PRIMARY over (5342401 <= id <= 5342410)  (cost=2.28 rows=10)


table 3 : explain SELECT c FROM sbtest3 WHERE id BETWEEN 2396390 AND 2396399 ORDER BY c
	-> Sort: sbtest3.c  (cost=2.28 rows=10)
    -> Filter: (sbtest3.id between 2396390 and 2396399)  (cost=2.28 rows=10)
        -> Index range scan on sbtest3 using PRIMARY over (2396390 <= id <= 2396399)  (cost=2.28 rows=10)


table 4 : explain SELECT c FROM sbtest4 WHERE id BETWEEN 1727713 AND 1727722 ORDER BY c
	-> Sort: sbtest4.c  (cost=2.28 rows=10)
    -> Filter: (sbtest4.id between 1727713 and 1727722)  (cost=2.28 rows=10)
        -> Index range scan on sbtest4 using PRIMARY over (1727713 <= id <= 1727722)  (cost=2.28 rows=10)


table 5 : explain SELECT c FROM sbtest5 WHERE id BETWEEN 7401996 AND 7402005 ORDER BY c
	-> Sort: sbtest5.c  (cost=2.28 rows=10)
    -> Filter: (sbtest5.id between 7401996 and 7402005)  (cost=2.28 rows=10)
        -> Index range scan on sbtest5 using PRIMARY over (7401996 <= id <= 7402005)  (cost=2.28 rows=10)


table 6 : explain SELECT c FROM sbtest6 WHERE id BETWEEN 8920634 AND 8920643 ORDER BY c
	-> Sort: sbtest6.c  (cost=2.28 rows=10)
    -> Filter: (sbtest6.id between 8920634 and 8920643)  (cost=2.28 rows=10)
        -> Index range scan on sbtest6 using PRIMARY over (8920634 <= id <= 8920643)  (cost=2.28 rows=10)


table 7 : explain SELECT c FROM sbtest7 WHERE id BETWEEN 786491 AND 786500 ORDER BY c
	-> Sort: sbtest7.c  (cost=2.28 rows=10)
    -> Filter: (sbtest7.id between 786491 and 786500)  (cost=2.28 rows=10)
        -> Index range scan on sbtest7 using PRIMARY over (786491 <= id <= 786500)  (cost=2.28 rows=10)


table 8 : explain SELECT c FROM sbtest8 WHERE id BETWEEN 5089087 AND 5089096 ORDER BY c
	-> Sort: sbtest8.c  (cost=2.28 rows=10)
    -> Filter: (sbtest8.id between 5089087 and 5089096)  (cost=2.28 rows=10)
        -> Index range scan on sbtest8 using PRIMARY over (5089087 <= id <= 5089096)  (cost=2.28 rows=10)


for: order_ranges
table 1 : explain SELECT c FROM sbtest1 WHERE id BETWEEN 1757350 AND 1757359 ORDER BY c
	-> Sort: sbtest1.c  (cost=2.28 rows=10)
    -> Filter: (sbtest1.id between 1757350 and 1757359)  (cost=2.28 rows=10)
        -> Index range scan on sbtest1 using PRIMARY over (1757350 <= id <= 1757359)  (cost=2.28 rows=10)


table 2 : explain SELECT c FROM sbtest2 WHERE id BETWEEN 178771 AND 178780 ORDER BY c
	-> Sort: sbtest2.c  (cost=2.28 rows=10)
    -> Filter: (sbtest2.id between 178771 and 178780)  (cost=2.28 rows=10)
        -> Index range scan on sbtest2 using PRIMARY over (178771 <= id <= 178780)  (cost=2.28 rows=10)


table 3 : explain SELECT c FROM sbtest3 WHERE id BETWEEN 897092 AND 897101 ORDER BY c
	-> Sort: sbtest3.c  (cost=2.28 rows=10)
    -> Filter: (sbtest3.id between 897092 and 897101)  (cost=2.28 rows=10)
        -> Index range scan on sbtest3 using PRIMARY over (897092 <= id <= 897101)  (cost=2.28 rows=10)


table 4 : explain SELECT c FROM sbtest4 WHERE id BETWEEN 1160951 AND 1160960 ORDER BY c
	-> Sort: sbtest4.c  (cost=2.28 rows=10)
    -> Filter: (sbtest4.id between 1160951 and 1160960)  (cost=2.28 rows=10)
        -> Index range scan on sbtest4 using PRIMARY over (1160951 <= id <= 1160960)  (cost=2.28 rows=10)


table 5 : explain SELECT c FROM sbtest5 WHERE id BETWEEN 6487245 AND 6487254 ORDER BY c
	-> Sort: sbtest5.c  (cost=2.28 rows=10)
    -> Filter: (sbtest5.id between 6487245 and 6487254)  (cost=2.28 rows=10)
        -> Index range scan on sbtest5 using PRIMARY over (6487245 <= id <= 6487254)  (cost=2.28 rows=10)


table 6 : explain SELECT c FROM sbtest6 WHERE id BETWEEN 4900118 AND 4900127 ORDER BY c
	-> Sort: sbtest6.c  (cost=2.28 rows=10)
    -> Filter: (sbtest6.id between 4900118 and 4900127)  (cost=2.28 rows=10)
        -> Index range scan on sbtest6 using PRIMARY over (4900118 <= id <= 4900127)  (cost=2.28 rows=10)


table 7 : explain SELECT c FROM sbtest7 WHERE id BETWEEN 273530 AND 273539 ORDER BY c
	-> Sort: sbtest7.c  (cost=2.28 rows=10)
    -> Filter: (sbtest7.id between 273530 and 273539)  (cost=2.28 rows=10)
        -> Index range scan on sbtest7 using PRIMARY over (273530 <= id <= 273539)  (cost=2.28 rows=10)


table 8 : explain SELECT c FROM sbtest8 WHERE id BETWEEN 9280463 AND 9280472 ORDER BY c
	-> Sort: sbtest8.c  (cost=2.28 rows=10)
    -> Filter: (sbtest8.id between 9280463 and 9280472)  (cost=2.28 rows=10)
        -> Index range scan on sbtest8 using PRIMARY over (9280463 <= id <= 9280472)  (cost=2.28 rows=10)


for: distinct_ranges
table 1 : explain SELECT DISTINCT c FROM sbtest1 WHERE id BETWEEN 7736272 AND 7736281 ORDER BY c
	-> Sort: sbtest1.c
    -> Table scan on <temporary>  (cost=4.84..7.2 rows=10)
        -> Temporary table with deduplication  (cost=4.58..4.58 rows=10)
            -> Filter: (sbtest1.id between 7736272 and 7736281)  (cost=2.28 rows=10)
                -> Index range scan on sbtest1 using PRIMARY over (7736272 <= id <= 7736281)  (cost=2.28 rows=10)


table 2 : explain SELECT DISTINCT c FROM sbtest2 WHERE id BETWEEN 4672136 AND 4672145 ORDER BY c
	-> Sort: sbtest2.c
    -> Table scan on <temporary>  (cost=4.84..7.2 rows=10)
        -> Temporary table with deduplication  (cost=4.58..4.58 rows=10)
            -> Filter: (sbtest2.id between 4672136 and 4672145)  (cost=2.28 rows=10)
                -> Index range scan on sbtest2 using PRIMARY over (4672136 <= id <= 4672145)  (cost=2.28 rows=10)


table 3 : explain SELECT DISTINCT c FROM sbtest3 WHERE id BETWEEN 5920861 AND 5920870 ORDER BY c
	-> Sort: sbtest3.c
    -> Table scan on <temporary>  (cost=4.84..7.2 rows=10)
        -> Temporary table with deduplication  (cost=4.58..4.58 rows=10)
            -> Filter: (sbtest3.id between 5920861 and 5920870)  (cost=2.28 rows=10)
                -> Index range scan on sbtest3 using PRIMARY over (5920861 <= id <= 5920870)  (cost=2.28 rows=10)


table 4 : explain SELECT DISTINCT c FROM sbtest4 WHERE id BETWEEN 3925433 AND 3925442 ORDER BY c
	-> Sort: sbtest4.c
    -> Table scan on <temporary>  (cost=4.84..7.2 rows=10)
        -> Temporary table with deduplication  (cost=4.58..4.58 rows=10)
            -> Filter: (sbtest4.id between 3925433 and 3925442)  (cost=2.28 rows=10)
                -> Index range scan on sbtest4 using PRIMARY over (3925433 <= id <= 3925442)  (cost=2.28 rows=10)


table 5 : explain SELECT DISTINCT c FROM sbtest5 WHERE id BETWEEN 3523177 AND 3523186 ORDER BY c
	-> Sort: sbtest5.c
    -> Table scan on <temporary>  (cost=4.84..7.2 rows=10)
        -> Temporary table with deduplication  (cost=4.58..4.58 rows=10)
            -> Filter: (sbtest5.id between 3523177 and 3523186)  (cost=2.28 rows=10)
                -> Index range scan on sbtest5 using PRIMARY over (3523177 <= id <= 3523186)  (cost=2.28 rows=10)


table 6 : explain SELECT DISTINCT c FROM sbtest6 WHERE id BETWEEN 7724878 AND 7724887 ORDER BY c
	-> Sort: sbtest6.c
    -> Table scan on <temporary>  (cost=4.84..7.2 rows=10)
        -> Temporary table with deduplication  (cost=4.58..4.58 rows=10)
            -> Filter: (sbtest6.id between 7724878 and 7724887)  (cost=2.28 rows=10)
                -> Index range scan on sbtest6 using PRIMARY over (7724878 <= id <= 7724887)  (cost=2.28 rows=10)


table 7 : explain SELECT DISTINCT c FROM sbtest7 WHERE id BETWEEN 2084265 AND 2084274 ORDER BY c
	-> Sort: sbtest7.c
    -> Table scan on <temporary>  (cost=4.84..7.2 rows=10)
        -> Temporary table with deduplication  (cost=4.58..4.58 rows=10)
            -> Filter: (sbtest7.id between 2084265 and 2084274)  (cost=2.28 rows=10)
                -> Index range scan on sbtest7 using PRIMARY over (2084265 <= id <= 2084274)  (cost=2.28 rows=10)


table 8 : explain SELECT DISTINCT c FROM sbtest8 WHERE id BETWEEN 464724 AND 464733 ORDER BY c
	-> Sort: sbtest8.c
    -> Table scan on <temporary>  (cost=4.84..7.2 rows=10)
        -> Temporary table with deduplication  (cost=4.58..4.58 rows=10)
            -> Filter: (sbtest8.id between 464724 and 464733)  (cost=2.28 rows=10)
                -> Index range scan on sbtest8 using PRIMARY over (464724 <= id <= 464733)  (cost=2.28 rows=10)


for: order_ranges
table 1 : explain SELECT c FROM sbtest1 WHERE id BETWEEN 7647892 AND 7647901 ORDER BY c
	-> Sort: sbtest1.c  (cost=2.28 rows=10)
    -> Filter: (sbtest1.id between 7647892 and 7647901)  (cost=2.28 rows=10)
        -> Index range scan on sbtest1 using PRIMARY over (7647892 <= id <= 7647901)  (cost=2.28 rows=10)


table 2 : explain SELECT c FROM sbtest2 WHERE id BETWEEN 4529594 AND 4529603 ORDER BY c
	-> Sort: sbtest2.c  (cost=2.28 rows=10)
    -> Filter: (sbtest2.id between 4529594 and 4529603)  (cost=2.28 rows=10)
        -> Index range scan on sbtest2 using PRIMARY over (4529594 <= id <= 4529603)  (cost=2.28 rows=10)


table 3 : explain SELECT c FROM sbtest3 WHERE id BETWEEN 1884727 AND 1884736 ORDER BY c
	-> Sort: sbtest3.c  (cost=2.28 rows=10)
    -> Filter: (sbtest3.id between 1884727 and 1884736)  (cost=2.28 rows=10)
        -> Index range scan on sbtest3 using PRIMARY over (1884727 <= id <= 1884736)  (cost=2.28 rows=10)


table 4 : explain SELECT c FROM sbtest4 WHERE id BETWEEN 5489573 AND 5489582 ORDER BY c
	-> Sort: sbtest4.c  (cost=2.28 rows=10)
    -> Filter: (sbtest4.id between 5489573 and 5489582)  (cost=2.28 rows=10)
        -> Index range scan on sbtest4 using PRIMARY over (5489573 <= id <= 5489582)  (cost=2.28 rows=10)


table 5 : explain SELECT c FROM sbtest5 WHERE id BETWEEN 4544106 AND 4544115 ORDER BY c
	-> Sort: sbtest5.c  (cost=2.28 rows=10)
    -> Filter: (sbtest5.id between 4544106 and 4544115)  (cost=2.28 rows=10)
        -> Index range scan on sbtest5 using PRIMARY over (4544106 <= id <= 4544115)  (cost=2.28 rows=10)


table 6 : explain SELECT c FROM sbtest6 WHERE id BETWEEN 4980889 AND 4980898 ORDER BY c
	-> Sort: sbtest6.c  (cost=2.28 rows=10)
    -> Filter: (sbtest6.id between 4980889 and 4980898)  (cost=2.28 rows=10)
        -> Index range scan on sbtest6 using PRIMARY over (4980889 <= id <= 4980898)  (cost=2.28 rows=10)


table 7 : explain SELECT c FROM sbtest7 WHERE id BETWEEN 5601590 AND 5601599 ORDER BY c
	-> Sort: sbtest7.c  (cost=2.28 rows=10)
    -> Filter: (sbtest7.id between 5601590 and 5601599)  (cost=2.28 rows=10)
        -> Index range scan on sbtest7 using PRIMARY over (5601590 <= id <= 5601599)  (cost=2.28 rows=10)


table 8 : explain SELECT c FROM sbtest8 WHERE id BETWEEN 5829602 AND 5829611 ORDER BY c
	-> Sort: sbtest8.c  (cost=2.28 rows=10)
    -> Filter: (sbtest8.id between 5829602 and 5829611)  (cost=2.28 rows=10)
        -> Index range scan on sbtest8 using PRIMARY over (5829602 <= id <= 5829611)  (cost=2.28 rows=10)


for: order_ranges
table 1 : explain SELECT c FROM sbtest1 WHERE id BETWEEN 4317858 AND 4317867 ORDER BY c
	-> Sort: sbtest1.c  (cost=2.28 rows=10)
    -> Filter: (sbtest1.id between 4317858 and 4317867)  (cost=2.28 rows=10)
        -> Index range scan on sbtest1 using PRIMARY over (4317858 <= id <= 4317867)  (cost=2.28 rows=10)


table 2 : explain SELECT c FROM sbtest2 WHERE id BETWEEN 9810405 AND 9810414 ORDER BY c
	-> Sort: sbtest2.c  (cost=2.28 rows=10)
    -> Filter: (sbtest2.id between 9810405 and 9810414)  (cost=2.28 rows=10)
        -> Index range scan on sbtest2 using PRIMARY over (9810405 <= id <= 9810414)  (cost=2.28 rows=10)


table 3 : explain SELECT c FROM sbtest3 WHERE id BETWEEN 2706675 AND 2706684 ORDER BY c
	-> Sort: sbtest3.c  (cost=2.28 rows=10)
    -> Filter: (sbtest3.id between 2706675 and 2706684)  (cost=2.28 rows=10)
        -> Index range scan on sbtest3 using PRIMARY over (2706675 <= id <= 2706684)  (cost=2.28 rows=10)


table 4 : explain SELECT c FROM sbtest4 WHERE id BETWEEN 7803810 AND 7803819 ORDER BY c
	-> Sort: sbtest4.c  (cost=2.28 rows=10)
    -> Filter: (sbtest4.id between 7803810 and 7803819)  (cost=2.28 rows=10)
        -> Index range scan on sbtest4 using PRIMARY over (7803810 <= id <= 7803819)  (cost=2.28 rows=10)


table 5 : explain SELECT c FROM sbtest5 WHERE id BETWEEN 357915 AND 357924 ORDER BY c
	-> Sort: sbtest5.c  (cost=2.28 rows=10)
    -> Filter: (sbtest5.id between 357915 and 357924)  (cost=2.28 rows=10)
        -> Index range scan on sbtest5 using PRIMARY over (357915 <= id <= 357924)  (cost=2.28 rows=10)


table 6 : explain SELECT c FROM sbtest6 WHERE id BETWEEN 2641727 AND 2641736 ORDER BY c
	-> Sort: sbtest6.c  (cost=2.28 rows=10)
    -> Filter: (sbtest6.id between 2641727 and 2641736)  (cost=2.28 rows=10)
        -> Index range scan on sbtest6 using PRIMARY over (2641727 <= id <= 2641736)  (cost=2.28 rows=10)


table 7 : explain SELECT c FROM sbtest7 WHERE id BETWEEN 1553881 AND 1553890 ORDER BY c
	-> Sort: sbtest7.c  (cost=2.28 rows=10)
    -> Filter: (sbtest7.id between 1553881 and 1553890)  (cost=2.28 rows=10)
        -> Index range scan on sbtest7 using PRIMARY over (1553881 <= id <= 1553890)  (cost=2.28 rows=10)


table 8 : explain SELECT c FROM sbtest8 WHERE id BETWEEN 7420062 AND 7420071 ORDER BY c
	-> Sort: sbtest8.c  (cost=2.28 rows=10)
    -> Filter: (sbtest8.id between 7420062 and 7420071)  (cost=2.28 rows=10)
        -> Index range scan on sbtest8 using PRIMARY over (7420062 <= id <= 7420071)  (cost=2.28 rows=10)


for: order_ranges
table 1 : explain SELECT c FROM sbtest1 WHERE id BETWEEN 6539907 AND 6539916 ORDER BY c
	-> Sort: sbtest1.c  (cost=2.28 rows=10)
    -> Filter: (sbtest1.id between 6539907 and 6539916)  (cost=2.28 rows=10)
        -> Index range scan on sbtest1 using PRIMARY over (6539907 <= id <= 6539916)  (cost=2.28 rows=10)


table 2 : explain SELECT c FROM sbtest2 WHERE id BETWEEN 2089848 AND 2089857 ORDER BY c
	-> Sort: sbtest2.c  (cost=2.28 rows=10)
    -> Filter: (sbtest2.id between 2089848 and 2089857)  (cost=2.28 rows=10)
        -> Index range scan on sbtest2 using PRIMARY over (2089848 <= id <= 2089857)  (cost=2.28 rows=10)


table 3 : explain SELECT c FROM sbtest3 WHERE id BETWEEN 3164426 AND 3164435 ORDER BY c
	-> Sort: sbtest3.c  (cost=2.28 rows=10)
    -> Filter: (sbtest3.id between 3164426 and 3164435)  (cost=2.28 rows=10)
        -> Index range scan on sbtest3 using PRIMARY over (3164426 <= id <= 3164435)  (cost=2.28 rows=10)


table 4 : explain SELECT c FROM sbtest4 WHERE id BETWEEN 8687948 AND 8687957 ORDER BY c
	-> Sort: sbtest4.c  (cost=2.28 rows=10)
    -> Filter: (sbtest4.id between 8687948 and 8687957)  (cost=2.28 rows=10)
        -> Index range scan on sbtest4 using PRIMARY over (8687948 <= id <= 8687957)  (cost=2.28 rows=10)


table 5 : explain SELECT c FROM sbtest5 WHERE id BETWEEN 6595502 AND 6595511 ORDER BY c
	-> Sort: sbtest5.c  (cost=2.28 rows=10)
    -> Filter: (sbtest5.id between 6595502 and 6595511)  (cost=2.28 rows=10)
        -> Index range scan on sbtest5 using PRIMARY over (6595502 <= id <= 6595511)  (cost=2.28 rows=10)


table 6 : explain SELECT c FROM sbtest6 WHERE id BETWEEN 2998216 AND 2998225 ORDER BY c
	-> Sort: sbtest6.c  (cost=2.28 rows=10)
    -> Filter: (sbtest6.id between 2998216 and 2998225)  (cost=2.28 rows=10)
        -> Index range scan on sbtest6 using PRIMARY over (2998216 <= id <= 2998225)  (cost=2.28 rows=10)


table 7 : explain SELECT c FROM sbtest7 WHERE id BETWEEN 7266307 AND 7266316 ORDER BY c
	-> Sort: sbtest7.c  (cost=2.28 rows=10)
    -> Filter: (sbtest7.id between 7266307 and 7266316)  (cost=2.28 rows=10)
        -> Index range scan on sbtest7 using PRIMARY over (7266307 <= id <= 7266316)  (cost=2.28 rows=10)


table 8 : explain SELECT c FROM sbtest8 WHERE id BETWEEN 8275050 AND 8275059 ORDER BY c
	-> Sort: sbtest8.c  (cost=2.28 rows=10)
    -> Filter: (sbtest8.id between 8275050 and 8275059)  (cost=2.28 rows=10)
        -> Index range scan on sbtest8 using PRIMARY over (8275050 <= id <= 8275059)  (cost=2.28 rows=10)


for: distinct_ranges
table 1 : explain SELECT DISTINCT c FROM sbtest1 WHERE id BETWEEN 3163731 AND 3163740 ORDER BY c
	-> Sort: sbtest1.c
    -> Table scan on <temporary>  (cost=4.84..7.2 rows=10)
        -> Temporary table with deduplication  (cost=4.58..4.58 rows=10)
            -> Filter: (sbtest1.id between 3163731 and 3163740)  (cost=2.28 rows=10)
                -> Index range scan on sbtest1 using PRIMARY over (3163731 <= id <= 3163740)  (cost=2.28 rows=10)


table 2 : explain SELECT DISTINCT c FROM sbtest2 WHERE id BETWEEN 3507848 AND 3507857 ORDER BY c
	-> Sort: sbtest2.c
    -> Table scan on <temporary>  (cost=4.84..7.2 rows=10)
        -> Temporary table with deduplication  (cost=4.58..4.58 rows=10)
            -> Filter: (sbtest2.id between 3507848 and 3507857)  (cost=2.28 rows=10)
                -> Index range scan on sbtest2 using PRIMARY over (3507848 <= id <= 3507857)  (cost=2.28 rows=10)


table 3 : explain SELECT DISTINCT c FROM sbtest3 WHERE id BETWEEN 4683547 AND 4683556 ORDER BY c
	-> Sort: sbtest3.c
    -> Table scan on <temporary>  (cost=4.84..7.2 rows=10)
        -> Temporary table with deduplication  (cost=4.58..4.58 rows=10)
            -> Filter: (sbtest3.id between 4683547 and 4683556)  (cost=2.28 rows=10)
                -> Index range scan on sbtest3 using PRIMARY over (4683547 <= id <= 4683556)  (cost=2.28 rows=10)


table 4 : explain SELECT DISTINCT c FROM sbtest4 WHERE id BETWEEN 8559728 AND 8559737 ORDER BY c
	-> Sort: sbtest4.c
    -> Table scan on <temporary>  (cost=4.84..7.2 rows=10)
        -> Temporary table with deduplication  (cost=4.58..4.58 rows=10)
            -> Filter: (sbtest4.id between 8559728 and 8559737)  (cost=2.28 rows=10)
                -> Index range scan on sbtest4 using PRIMARY over (8559728 <= id <= 8559737)  (cost=2.28 rows=10)


table 5 : explain SELECT DISTINCT c FROM sbtest5 WHERE id BETWEEN 8789941 AND 8789950 ORDER BY c
	-> Sort: sbtest5.c
    -> Table scan on <temporary>  (cost=4.84..7.2 rows=10)
        -> Temporary table with deduplication  (cost=4.58..4.58 rows=10)
            -> Filter: (sbtest5.id between 8789941 and 8789950)  (cost=2.28 rows=10)
                -> Index range scan on sbtest5 using PRIMARY over (8789941 <= id <= 8789950)  (cost=2.28 rows=10)


table 6 : explain SELECT DISTINCT c FROM sbtest6 WHERE id BETWEEN 9533025 AND 9533034 ORDER BY c
	-> Sort: sbtest6.c
    -> Table scan on <temporary>  (cost=4.84..7.2 rows=10)
        -> Temporary table with deduplication  (cost=4.58..4.58 rows=10)
            -> Filter: (sbtest6.id between 9533025 and 9533034)  (cost=2.28 rows=10)
                -> Index range scan on sbtest6 using PRIMARY over (9533025 <= id <= 9533034)  (cost=2.28 rows=10)


table 7 : explain SELECT DISTINCT c FROM sbtest7 WHERE id BETWEEN 4223348 AND 4223357 ORDER BY c
	-> Sort: sbtest7.c
    -> Table scan on <temporary>  (cost=4.84..7.2 rows=10)
        -> Temporary table with deduplication  (cost=4.58..4.58 rows=10)
            -> Filter: (sbtest7.id between 4223348 and 4223357)  (cost=2.28 rows=10)
                -> Index range scan on sbtest7 using PRIMARY over (4223348 <= id <= 4223357)  (cost=2.28 rows=10)


table 8 : explain SELECT DISTINCT c FROM sbtest8 WHERE id BETWEEN 8999005 AND 8999014 ORDER BY c
	-> Sort: sbtest8.c
    -> Table scan on <temporary>  (cost=4.84..7.2 rows=10)
        -> Temporary table with deduplication  (cost=4.58..4.58 rows=10)
            -> Filter: (sbtest8.id between 8999005 and 8999014)  (cost=2.28 rows=10)
                -> Index range scan on sbtest8 using PRIMARY over (8999005 <= id <= 8999014)  (cost=2.28 rows=10)


for: distinct_ranges
table 1 : explain SELECT DISTINCT c FROM sbtest1 WHERE id BETWEEN 9167424 AND 9167433 ORDER BY c
	-> Sort: sbtest1.c
    -> Table scan on <temporary>  (cost=4.84..7.2 rows=10)
        -> Temporary table with deduplication  (cost=4.58..4.58 rows=10)
            -> Filter: (sbtest1.id between 9167424 and 9167433)  (cost=2.28 rows=10)
                -> Index range scan on sbtest1 using PRIMARY over (9167424 <= id <= 9167433)  (cost=2.28 rows=10)


table 2 : explain SELECT DISTINCT c FROM sbtest2 WHERE id BETWEEN 6673739 AND 6673748 ORDER BY c
	-> Sort: sbtest2.c
    -> Table scan on <temporary>  (cost=4.84..7.2 rows=10)
        -> Temporary table with deduplication  (cost=4.58..4.58 rows=10)
            -> Filter: (sbtest2.id between 6673739 and 6673748)  (cost=2.28 rows=10)
                -> Index range scan on sbtest2 using PRIMARY over (6673739 <= id <= 6673748)  (cost=2.28 rows=10)


table 3 : explain SELECT DISTINCT c FROM sbtest3 WHERE id BETWEEN 3568018 AND 3568027 ORDER BY c
	-> Sort: sbtest3.c
    -> Table scan on <temporary>  (cost=4.84..7.2 rows=10)
        -> Temporary table with deduplication  (cost=4.58..4.58 rows=10)
            -> Filter: (sbtest3.id between 3568018 and 3568027)  (cost=2.28 rows=10)
                -> Index range scan on sbtest3 using PRIMARY over (3568018 <= id <= 3568027)  (cost=2.28 rows=10)


table 4 : explain SELECT DISTINCT c FROM sbtest4 WHERE id BETWEEN 2633236 AND 2633245 ORDER BY c
	-> Sort: sbtest4.c
    -> Table scan on <temporary>  (cost=4.84..7.2 rows=10)
        -> Temporary table with deduplication  (cost=4.58..4.58 rows=10)
            -> Filter: (sbtest4.id between 2633236 and 2633245)  (cost=2.28 rows=10)
                -> Index range scan on sbtest4 using PRIMARY over (2633236 <= id <= 2633245)  (cost=2.28 rows=10)


table 5 : explain SELECT DISTINCT c FROM sbtest5 WHERE id BETWEEN 7203122 AND 7203131 ORDER BY c
	-> Sort: sbtest5.c
    -> Table scan on <temporary>  (cost=4.84..7.2 rows=10)
        -> Temporary table with deduplication  (cost=4.58..4.58 rows=10)
            -> Filter: (sbtest5.id between 7203122 and 7203131)  (cost=2.28 rows=10)
                -> Index range scan on sbtest5 using PRIMARY over (7203122 <= id <= 7203131)  (cost=2.28 rows=10)


table 6 : explain SELECT DISTINCT c FROM sbtest6 WHERE id BETWEEN 9977421 AND 9977430 ORDER BY c
	-> Sort: sbtest6.c
    -> Table scan on <temporary>  (cost=4.84..7.2 rows=10)
        -> Temporary table with deduplication  (cost=4.58..4.58 rows=10)
            -> Filter: (sbtest6.id between 9977421 and 9977430)  (cost=2.28 rows=10)
                -> Index range scan on sbtest6 using PRIMARY over (9977421 <= id <= 9977430)  (cost=2.28 rows=10)


table 7 : explain SELECT DISTINCT c FROM sbtest7 WHERE id BETWEEN 523001 AND 523010 ORDER BY c
	-> Sort: sbtest7.c
    -> Table scan on <temporary>  (cost=4.84..7.2 rows=10)
        -> Temporary table with deduplication  (cost=4.58..4.58 rows=10)
            -> Filter: (sbtest7.id between 523001 and 523010)  (cost=2.28 rows=10)
                -> Index range scan on sbtest7 using PRIMARY over (523001 <= id <= 523010)  (cost=2.28 rows=10)


table 8 : explain SELECT DISTINCT c FROM sbtest8 WHERE id BETWEEN 9560542 AND 9560551 ORDER BY c
	-> Sort: sbtest8.c
    -> Table scan on <temporary>  (cost=4.84..7.2 rows=10)
        -> Temporary table with deduplication  (cost=4.58..4.58 rows=10)
            -> Filter: (sbtest8.id between 9560542 and 9560551)  (cost=2.28 rows=10)
                -> Index range scan on sbtest8 using PRIMARY over (9560542 <= id <= 9560551)  (cost=2.28 rows=10)


for: distinct_ranges
table 1 : explain SELECT DISTINCT c FROM sbtest1 WHERE id BETWEEN 4020265 AND 4020274 ORDER BY c
	-> Sort: sbtest1.c
    -> Table scan on <temporary>  (cost=4.84..7.2 rows=10)
        -> Temporary table with deduplication  (cost=4.58..4.58 rows=10)
            -> Filter: (sbtest1.id between 4020265 and 4020274)  (cost=2.28 rows=10)
                -> Index range scan on sbtest1 using PRIMARY over (4020265 <= id <= 4020274)  (cost=2.28 rows=10)


table 2 : explain SELECT DISTINCT c FROM sbtest2 WHERE id BETWEEN 8616724 AND 8616733 ORDER BY c
	-> Sort: sbtest2.c
    -> Table scan on <temporary>  (cost=4.84..7.2 rows=10)
        -> Temporary table with deduplication  (cost=4.58..4.58 rows=10)
            -> Filter: (sbtest2.id between 8616724 and 8616733)  (cost=2.28 rows=10)
                -> Index range scan on sbtest2 using PRIMARY over (8616724 <= id <= 8616733)  (cost=2.28 rows=10)


table 3 : explain SELECT DISTINCT c FROM sbtest3 WHERE id BETWEEN 4570696 AND 4570705 ORDER BY c
	-> Sort: sbtest3.c
    -> Table scan on <temporary>  (cost=4.84..7.2 rows=10)
        -> Temporary table with deduplication  (cost=4.58..4.58 rows=10)
            -> Filter: (sbtest3.id between 4570696 and 4570705)  (cost=2.28 rows=10)
                -> Index range scan on sbtest3 using PRIMARY over (4570696 <= id <= 4570705)  (cost=2.28 rows=10)


table 4 : explain SELECT DISTINCT c FROM sbtest4 WHERE id BETWEEN 869659 AND 869668 ORDER BY c
	-> Sort: sbtest4.c
    -> Table scan on <temporary>  (cost=4.84..7.2 rows=10)
        -> Temporary table with deduplication  (cost=4.58..4.58 rows=10)
            -> Filter: (sbtest4.id between 869659 and 869668)  (cost=2.28 rows=10)
                -> Index range scan on sbtest4 using PRIMARY over (869659 <= id <= 869668)  (cost=2.28 rows=10)


table 5 : explain SELECT DISTINCT c FROM sbtest5 WHERE id BETWEEN 1674638 AND 1674647 ORDER BY c
	-> Sort: sbtest5.c
    -> Table scan on <temporary>  (cost=4.84..7.2 rows=10)
        -> Temporary table with deduplication  (cost=4.58..4.58 rows=10)
            -> Filter: (sbtest5.id between 1674638 and 1674647)  (cost=2.28 rows=10)
                -> Index range scan on sbtest5 using PRIMARY over (1674638 <= id <= 1674647)  (cost=2.28 rows=10)


table 6 : explain SELECT DISTINCT c FROM sbtest6 WHERE id BETWEEN 8682848 AND 8682857 ORDER BY c
	-> Sort: sbtest6.c
    -> Table scan on <temporary>  (cost=4.84..7.2 rows=10)
        -> Temporary table with deduplication  (cost=4.58..4.58 rows=10)
            -> Filter: (sbtest6.id between 8682848 and 8682857)  (cost=2.28 rows=10)
                -> Index range scan on sbtest6 using PRIMARY over (8682848 <= id <= 8682857)  (cost=2.28 rows=10)


table 7 : explain SELECT DISTINCT c FROM sbtest7 WHERE id BETWEEN 2855614 AND 2855623 ORDER BY c
	-> Sort: sbtest7.c
    -> Table scan on <temporary>  (cost=4.84..7.2 rows=10)
        -> Temporary table with deduplication  (cost=4.58..4.58 rows=10)
            -> Filter: (sbtest7.id between 2855614 and 2855623)  (cost=2.28 rows=10)
                -> Index range scan on sbtest7 using PRIMARY over (2855614 <= id <= 2855623)  (cost=2.28 rows=10)


table 8 : explain SELECT DISTINCT c FROM sbtest8 WHERE id BETWEEN 9985258 AND 9985267 ORDER BY c
	-> Sort: sbtest8.c
    -> Table scan on <temporary>  (cost=4.84..7.2 rows=10)
        -> Temporary table with deduplication  (cost=4.58..4.58 rows=10)
            -> Filter: (sbtest8.id between 9985258 and 9985267)  (cost=2.28 rows=10)
                -> Index range scan on sbtest8 using PRIMARY over (9985258 <= id <= 9985267)  (cost=2.28 rows=10)


for: distinct_ranges
table 1 : explain SELECT DISTINCT c FROM sbtest1 WHERE id BETWEEN 4310306 AND 4310315 ORDER BY c
	-> Sort: sbtest1.c
    -> Table scan on <temporary>  (cost=4.84..7.2 rows=10)
        -> Temporary table with deduplication  (cost=4.58..4.58 rows=10)
            -> Filter: (sbtest1.id between 4310306 and 4310315)  (cost=2.28 rows=10)
                -> Index range scan on sbtest1 using PRIMARY over (4310306 <= id <= 4310315)  (cost=2.28 rows=10)


table 2 : explain SELECT DISTINCT c FROM sbtest2 WHERE id BETWEEN 8191960 AND 8191969 ORDER BY c
	-> Sort: sbtest2.c
    -> Table scan on <temporary>  (cost=4.84..7.2 rows=10)
        -> Temporary table with deduplication  (cost=4.58..4.58 rows=10)
            -> Filter: (sbtest2.id between 8191960 and 8191969)  (cost=2.28 rows=10)
                -> Index range scan on sbtest2 using PRIMARY over (8191960 <= id <= 8191969)  (cost=2.28 rows=10)


table 3 : explain SELECT DISTINCT c FROM sbtest3 WHERE id BETWEEN 3227758 AND 3227767 ORDER BY c
	-> Sort: sbtest3.c
    -> Table scan on <temporary>  (cost=4.84..7.2 rows=10)
        -> Temporary table with deduplication  (cost=4.58..4.58 rows=10)
            -> Filter: (sbtest3.id between 3227758 and 3227767)  (cost=2.28 rows=10)
                -> Index range scan on sbtest3 using PRIMARY over (3227758 <= id <= 3227767)  (cost=2.28 rows=10)


table 4 : explain SELECT DISTINCT c FROM sbtest4 WHERE id BETWEEN 7457782 AND 7457791 ORDER BY c
	-> Sort: sbtest4.c
    -> Table scan on <temporary>  (cost=4.84..7.2 rows=10)
        -> Temporary table with deduplication  (cost=4.58..4.58 rows=10)
            -> Filter: (sbtest4.id between 7457782 and 7457791)  (cost=2.28 rows=10)
                -> Index range scan on sbtest4 using PRIMARY over (7457782 <= id <= 7457791)  (cost=2.28 rows=10)


table 5 : explain SELECT DISTINCT c FROM sbtest5 WHERE id BETWEEN 3468327 AND 3468336 ORDER BY c
	-> Sort: sbtest5.c
    -> Table scan on <temporary>  (cost=4.84..7.2 rows=10)
        -> Temporary table with deduplication  (cost=4.58..4.58 rows=10)
            -> Filter: (sbtest5.id between 3468327 and 3468336)  (cost=2.28 rows=10)
                -> Index range scan on sbtest5 using PRIMARY over (3468327 <= id <= 3468336)  (cost=2.28 rows=10)


table 6 : explain SELECT DISTINCT c FROM sbtest6 WHERE id BETWEEN 9203499 AND 9203508 ORDER BY c
	-> Sort: sbtest6.c
    -> Table scan on <temporary>  (cost=4.84..7.2 rows=10)
        -> Temporary table with deduplication  (cost=4.58..4.58 rows=10)
            -> Filter: (sbtest6.id between 9203499 and 9203508)  (cost=2.28 rows=10)
                -> Index range scan on sbtest6 using PRIMARY over (9203499 <= id <= 9203508)  (cost=2.28 rows=10)


table 7 : explain SELECT DISTINCT c FROM sbtest7 WHERE id BETWEEN 544608 AND 544617 ORDER BY c
	-> Sort: sbtest7.c
    -> Table scan on <temporary>  (cost=4.84..7.2 rows=10)
        -> Temporary table with deduplication  (cost=4.58..4.58 rows=10)
            -> Filter: (sbtest7.id between 544608 and 544617)  (cost=2.28 rows=10)
                -> Index range scan on sbtest7 using PRIMARY over (544608 <= id <= 544617)  (cost=2.28 rows=10)


table 8 : explain SELECT DISTINCT c FROM sbtest8 WHERE id BETWEEN 5788444 AND 5788453 ORDER BY c
	-> Sort: sbtest8.c
    -> Table scan on <temporary>  (cost=4.84..7.2 rows=10)
        -> Temporary table with deduplication  (cost=4.58..4.58 rows=10)
            -> Filter: (sbtest8.id between 5788444 and 5788453)  (cost=2.28 rows=10)
                -> Index range scan on sbtest8 using PRIMARY over (5788444 <= id <= 5788453)  (cost=2.28 rows=10)

for: distinct_ranges
table 1 : explain SELECT DISTINCT c FROM sbtest1 WHERE id BETWEEN 5240002 AND 5240011 ORDER BY c
	-> Sort: sbtest1.c
    -> Table scan on <temporary>  (cost=4.84..7.2 rows=10)
        -> Temporary table with deduplication  (cost=4.58..4.58 rows=10)
            -> Filter: (sbtest1.id between 5240002 and 5240011)  (cost=2.28 rows=10)
                -> Index range scan on sbtest1 using PRIMARY over (5240002 <= id <= 5240011)  (cost=2.28 rows=10)


table 2 : explain SELECT DISTINCT c FROM sbtest2 WHERE id BETWEEN 1549401 AND 1549410 ORDER BY c
	-> Sort: sbtest2.c
    -> Table scan on <temporary>  (cost=4.84..7.2 rows=10)
        -> Temporary table with deduplication  (cost=4.58..4.58 rows=10)
            -> Filter: (sbtest2.id between 1549401 and 1549410)  (cost=2.28 rows=10)
                -> Index range scan on sbtest2 using PRIMARY over (1549401 <= id <= 1549410)  (cost=2.28 rows=10)


table 3 : explain SELECT DISTINCT c FROM sbtest3 WHERE id BETWEEN 9859383 AND 9859392 ORDER BY c
	-> Sort: sbtest3.c
    -> Table scan on <temporary>  (cost=4.84..7.2 rows=10)
        -> Temporary table with deduplication  (cost=4.58..4.58 rows=10)
            -> Filter: (sbtest3.id between 9859383 and 9859392)  (cost=2.28 rows=10)
                -> Index range scan on sbtest3 using PRIMARY over (9859383 <= id <= 9859392)  (cost=2.28 rows=10)


table 4 : explain SELECT DISTINCT c FROM sbtest4 WHERE id BETWEEN 8980307 AND 8980316 ORDER BY c
	-> Sort: sbtest4.c
    -> Table scan on <temporary>  (cost=4.84..7.2 rows=10)
        -> Temporary table with deduplication  (cost=4.58..4.58 rows=10)
            -> Filter: (sbtest4.id between 8980307 and 8980316)  (cost=2.28 rows=10)
                -> Index range scan on sbtest4 using PRIMARY over (8980307 <= id <= 8980316)  (cost=2.28 rows=10)


table 5 : explain SELECT DISTINCT c FROM sbtest5 WHERE id BETWEEN 5003375 AND 5003384 ORDER BY c
	-> Sort: sbtest5.c
    -> Table scan on <temporary>  (cost=4.84..7.2 rows=10)
        -> Temporary table with deduplication  (cost=4.58..4.58 rows=10)
            -> Filter: (sbtest5.id between 5003375 and 5003384)  (cost=2.28 rows=10)
                -> Index range scan on sbtest5 using PRIMARY over (5003375 <= id <= 5003384)  (cost=2.28 rows=10)


table 6 : explain SELECT DISTINCT c FROM sbtest6 WHERE id BETWEEN 2051760 AND 2051769 ORDER BY c
	-> Sort: sbtest6.c
    -> Table scan on <temporary>  (cost=4.84..7.2 rows=10)
        -> Temporary table with deduplication  (cost=4.58..4.58 rows=10)
            -> Filter: (sbtest6.id between 2051760 and 2051769)  (cost=2.28 rows=10)
                -> Index range scan on sbtest6 using PRIMARY over (2051760 <= id <= 2051769)  (cost=2.28 rows=10)


table 7 : explain SELECT DISTINCT c FROM sbtest7 WHERE id BETWEEN 5827863 AND 5827872 ORDER BY c
	-> Sort: sbtest7.c
    -> Table scan on <temporary>  (cost=4.84..7.2 rows=10)
        -> Temporary table with deduplication  (cost=4.58..4.58 rows=10)
            -> Filter: (sbtest7.id between 5827863 and 5827872)  (cost=2.28 rows=10)
                -> Index range scan on sbtest7 using PRIMARY over (5827863 <= id <= 5827872)  (cost=2.28 rows=10)


table 8 : explain SELECT DISTINCT c FROM sbtest8 WHERE id BETWEEN 8963261 AND 8963270 ORDER BY c
	-> Sort: sbtest8.c
    -> Table scan on <temporary>  (cost=4.84..7.2 rows=10)
        -> Temporary table with deduplication  (cost=4.58..4.58 rows=10)
            -> Filter: (sbtest8.id between 8963261 and 8963270)  (cost=2.28 rows=10)
                -> Index range scan on sbtest8 using PRIMARY over (8963261 <= id <= 8963270)  (cost=2.28 rows=10)



for: distinct_ranges
table 1 : explain SELECT DISTINCT c FROM sbtest1 WHERE id BETWEEN 9630396 AND 9630405 ORDER BY c
	-> Sort: sbtest1.c
    -> Table scan on <temporary>  (cost=4.84..7.2 rows=10)
        -> Temporary table with deduplication  (cost=4.58..4.58 rows=10)
            -> Filter: (sbtest1.id between 9630396 and 9630405)  (cost=2.28 rows=10)
                -> Index range scan on sbtest1 using PRIMARY over (9630396 <= id <= 9630405)  (cost=2.28 rows=10)


table 2 : explain SELECT DISTINCT c FROM sbtest2 WHERE id BETWEEN 7040303 AND 7040312 ORDER BY c
	-> Sort: sbtest2.c
    -> Table scan on <temporary>  (cost=4.84..7.2 rows=10)
        -> Temporary table with deduplication  (cost=4.58..4.58 rows=10)
            -> Filter: (sbtest2.id between 7040303 and 7040312)  (cost=2.28 rows=10)
                -> Index range scan on sbtest2 using PRIMARY over (7040303 <= id <= 7040312)  (cost=2.28 rows=10)


table 3 : explain SELECT DISTINCT c FROM sbtest3 WHERE id BETWEEN 8415355 AND 8415364 ORDER BY c
	-> Sort: sbtest3.c
    -> Table scan on <temporary>  (cost=4.84..7.2 rows=10)
        -> Temporary table with deduplication  (cost=4.58..4.58 rows=10)
            -> Filter: (sbtest3.id between 8415355 and 8415364)  (cost=2.28 rows=10)
                -> Index range scan on sbtest3 using PRIMARY over (8415355 <= id <= 8415364)  (cost=2.28 rows=10)


table 4 : explain SELECT DISTINCT c FROM sbtest4 WHERE id BETWEEN 4774598 AND 4774607 ORDER BY c
	-> Sort: sbtest4.c
    -> Table scan on <temporary>  (cost=4.84..7.2 rows=10)
        -> Temporary table with deduplication  (cost=4.58..4.58 rows=10)
            -> Filter: (sbtest4.id between 4774598 and 4774607)  (cost=2.28 rows=10)
                -> Index range scan on sbtest4 using PRIMARY over (4774598 <= id <= 4774607)  (cost=2.28 rows=10)


table 5 : explain SELECT DISTINCT c FROM sbtest5 WHERE id BETWEEN 9285564 AND 9285573 ORDER BY c
	-> Sort: sbtest5.c
    -> Table scan on <temporary>  (cost=4.84..7.2 rows=10)
        -> Temporary table with deduplication  (cost=4.58..4.58 rows=10)
            -> Filter: (sbtest5.id between 9285564 and 9285573)  (cost=2.28 rows=10)
                -> Index range scan on sbtest5 using PRIMARY over (9285564 <= id <= 9285573)  (cost=2.28 rows=10)


table 6 : explain SELECT DISTINCT c FROM sbtest6 WHERE id BETWEEN 48699 AND 48708 ORDER BY c
	-> Sort: sbtest6.c
    -> Table scan on <temporary>  (cost=4.84..7.2 rows=10)
        -> Temporary table with deduplication  (cost=4.58..4.58 rows=10)
            -> Filter: (sbtest6.id between 48699 and 48708)  (cost=2.28 rows=10)
                -> Index range scan on sbtest6 using PRIMARY over (48699 <= id <= 48708)  (cost=2.28 rows=10)


table 7 : explain SELECT DISTINCT c FROM sbtest7 WHERE id BETWEEN 9004130 AND 9004139 ORDER BY c
	-> Sort: sbtest7.c
    -> Table scan on <temporary>  (cost=4.84..7.2 rows=10)
        -> Temporary table with deduplication  (cost=4.58..4.58 rows=10)
            -> Filter: (sbtest7.id between 9004130 and 9004139)  (cost=2.28 rows=10)
                -> Index range scan on sbtest7 using PRIMARY over (9004130 <= id <= 9004139)  (cost=2.28 rows=10)


table 8 : explain SELECT DISTINCT c FROM sbtest8 WHERE id BETWEEN 3743592 AND 3743601 ORDER BY c
	-> Sort: sbtest8.c
    -> Table scan on <temporary>  (cost=4.84..7.2 rows=10)
        -> Temporary table with deduplication  (cost=4.58..4.58 rows=10)
            -> Filter: (sbtest8.id between 3743592 and 3743601)  (cost=2.28 rows=10)
                -> Index range scan on sbtest8 using PRIMARY over (3743592 <= id <= 3743601)  (cost=2.28 rows=10)


for: distinct_ranges
table 1 : explain SELECT DISTINCT c FROM sbtest1 WHERE id BETWEEN 7412790 AND 7412799 ORDER BY c
	-> Sort: sbtest1.c
    -> Table scan on <temporary>  (cost=4.84..7.2 rows=10)
        -> Temporary table with deduplication  (cost=4.58..4.58 rows=10)
            -> Filter: (sbtest1.id between 7412790 and 7412799)  (cost=2.28 rows=10)
                -> Index range scan on sbtest1 using PRIMARY over (7412790 <= id <= 7412799)  (cost=2.28 rows=10)


table 2 : explain SELECT DISTINCT c FROM sbtest2 WHERE id BETWEEN 2763805 AND 2763814 ORDER BY c
	-> Sort: sbtest2.c
    -> Table scan on <temporary>  (cost=4.84..7.2 rows=10)
        -> Temporary table with deduplication  (cost=4.58..4.58 rows=10)
            -> Filter: (sbtest2.id between 2763805 and 2763814)  (cost=2.28 rows=10)
                -> Index range scan on sbtest2 using PRIMARY over (2763805 <= id <= 2763814)  (cost=2.28 rows=10)


table 3 : explain SELECT DISTINCT c FROM sbtest3 WHERE id BETWEEN 5900036 AND 5900045 ORDER BY c
	-> Sort: sbtest3.c
    -> Table scan on <temporary>  (cost=4.84..7.2 rows=10)
        -> Temporary table with deduplication  (cost=4.58..4.58 rows=10)
            -> Filter: (sbtest3.id between 5900036 and 5900045)  (cost=2.28 rows=10)
                -> Index range scan on sbtest3 using PRIMARY over (5900036 <= id <= 5900045)  (cost=2.28 rows=10)


table 4 : explain SELECT DISTINCT c FROM sbtest4 WHERE id BETWEEN 4944783 AND 4944792 ORDER BY c
	-> Sort: sbtest4.c
    -> Table scan on <temporary>  (cost=4.84..7.2 rows=10)
        -> Temporary table with deduplication  (cost=4.58..4.58 rows=10)
            -> Filter: (sbtest4.id between 4944783 and 4944792)  (cost=2.28 rows=10)
                -> Index range scan on sbtest4 using PRIMARY over (4944783 <= id <= 4944792)  (cost=2.28 rows=10)


table 5 : explain SELECT DISTINCT c FROM sbtest5 WHERE id BETWEEN 4647760 AND 4647769 ORDER BY c
	-> Sort: sbtest5.c
    -> Table scan on <temporary>  (cost=4.84..7.2 rows=10)
        -> Temporary table with deduplication  (cost=4.58..4.58 rows=10)
            -> Filter: (sbtest5.id between 4647760 and 4647769)  (cost=2.28 rows=10)
                -> Index range scan on sbtest5 using PRIMARY over (4647760 <= id <= 4647769)  (cost=2.28 rows=10)


table 6 : explain SELECT DISTINCT c FROM sbtest6 WHERE id BETWEEN 9852401 AND 9852410 ORDER BY c
	-> Sort: sbtest6.c
    -> Table scan on <temporary>  (cost=4.84..7.2 rows=10)
        -> Temporary table with deduplication  (cost=4.58..4.58 rows=10)
            -> Filter: (sbtest6.id between 9852401 and 9852410)  (cost=2.28 rows=10)
                -> Index range scan on sbtest6 using PRIMARY over (9852401 <= id <= 9852410)  (cost=2.28 rows=10)


table 7 : explain SELECT DISTINCT c FROM sbtest7 WHERE id BETWEEN 1415187 AND 1415196 ORDER BY c
	-> Sort: sbtest7.c
    -> Table scan on <temporary>  (cost=4.84..7.2 rows=10)
        -> Temporary table with deduplication  (cost=4.58..4.58 rows=10)
            -> Filter: (sbtest7.id between 1415187 and 1415196)  (cost=2.28 rows=10)
                -> Index range scan on sbtest7 using PRIMARY over (1415187 <= id <= 1415196)  (cost=2.28 rows=10)


table 8 : explain SELECT DISTINCT c FROM sbtest8 WHERE id BETWEEN 9951549 AND 9951558 ORDER BY c
	-> Sort: sbtest8.c
    -> Table scan on <temporary>  (cost=4.84..7.2 rows=10)
        -> Temporary table with deduplication  (cost=4.58..4.58 rows=10)
            -> Filter: (sbtest8.id between 9951549 and 9951558)  (cost=2.28 rows=10)
                -> Index range scan on sbtest8 using PRIMARY over (9951549 <= id <= 9951558)  (cost=2.28 rows=10)


for: distinct_ranges
table 1 : explain SELECT DISTINCT c FROM sbtest1 WHERE id BETWEEN 6644360 AND 6644369 ORDER BY c
	-> Sort: sbtest1.c
    -> Table scan on <temporary>  (cost=4.84..7.2 rows=10)
        -> Temporary table with deduplication  (cost=4.58..4.58 rows=10)
            -> Filter: (sbtest1.id between 6644360 and 6644369)  (cost=2.28 rows=10)
                -> Index range scan on sbtest1 using PRIMARY over (6644360 <= id <= 6644369)  (cost=2.28 rows=10)


table 2 : explain SELECT DISTINCT c FROM sbtest2 WHERE id BETWEEN 3226844 AND 3226853 ORDER BY c
	-> Sort: sbtest2.c
    -> Table scan on <temporary>  (cost=4.84..7.2 rows=10)
        -> Temporary table with deduplication  (cost=4.58..4.58 rows=10)
            -> Filter: (sbtest2.id between 3226844 and 3226853)  (cost=2.28 rows=10)
                -> Index range scan on sbtest2 using PRIMARY over (3226844 <= id <= 3226853)  (cost=2.28 rows=10)


table 3 : explain SELECT DISTINCT c FROM sbtest3 WHERE id BETWEEN 2873438 AND 2873447 ORDER BY c
	-> Sort: sbtest3.c
    -> Table scan on <temporary>  (cost=4.84..7.2 rows=10)
        -> Temporary table with deduplication  (cost=4.58..4.58 rows=10)
            -> Filter: (sbtest3.id between 2873438 and 2873447)  (cost=2.28 rows=10)
                -> Index range scan on sbtest3 using PRIMARY over (2873438 <= id <= 2873447)  (cost=2.28 rows=10)


table 4 : explain SELECT DISTINCT c FROM sbtest4 WHERE id BETWEEN 1835270 AND 1835279 ORDER BY c
	-> Sort: sbtest4.c
    -> Table scan on <temporary>  (cost=4.84..7.2 rows=10)
        -> Temporary table with deduplication  (cost=4.58..4.58 rows=10)
            -> Filter: (sbtest4.id between 1835270 and 1835279)  (cost=2.28 rows=10)
                -> Index range scan on sbtest4 using PRIMARY over (1835270 <= id <= 1835279)  (cost=2.28 rows=10)


table 5 : explain SELECT DISTINCT c FROM sbtest5 WHERE id BETWEEN 8536321 AND 8536330 ORDER BY c
	-> Sort: sbtest5.c
    -> Table scan on <temporary>  (cost=4.84..7.2 rows=10)
        -> Temporary table with deduplication  (cost=4.58..4.58 rows=10)
            -> Filter: (sbtest5.id between 8536321 and 8536330)  (cost=2.28 rows=10)
                -> Index range scan on sbtest5 using PRIMARY over (8536321 <= id <= 8536330)  (cost=2.28 rows=10)


table 6 : explain SELECT DISTINCT c FROM sbtest6 WHERE id BETWEEN 3628216 AND 3628225 ORDER BY c
	-> Sort: sbtest6.c
    -> Table scan on <temporary>  (cost=4.84..7.2 rows=10)
        -> Temporary table with deduplication  (cost=4.58..4.58 rows=10)
            -> Filter: (sbtest6.id between 3628216 and 3628225)  (cost=2.28 rows=10)
                -> Index range scan on sbtest6 using PRIMARY over (3628216 <= id <= 3628225)  (cost=2.28 rows=10)


table 7 : explain SELECT DISTINCT c FROM sbtest7 WHERE id BETWEEN 1974546 AND 1974555 ORDER BY c
	-> Sort: sbtest7.c
    -> Table scan on <temporary>  (cost=4.84..7.2 rows=10)
        -> Temporary table with deduplication  (cost=4.58..4.58 rows=10)
            -> Filter: (sbtest7.id between 1974546 and 1974555)  (cost=2.28 rows=10)
                -> Index range scan on sbtest7 using PRIMARY over (1974546 <= id <= 1974555)  (cost=2.28 rows=10)


table 8 : explain SELECT DISTINCT c FROM sbtest8 WHERE id BETWEEN 8396520 AND 8396529 ORDER BY c
	-> Sort: sbtest8.c
    -> Table scan on <temporary>  (cost=4.84..7.2 rows=10)
        -> Temporary table with deduplication  (cost=4.58..4.58 rows=10)
            -> Filter: (sbtest8.id between 8396520 and 8396529)  (cost=2.28 rows=10)
                -> Index range scan on sbtest8 using PRIMARY over (8396520 <= id <= 8396529)  (cost=2.28 rows=10)


for: order_ranges
table 1 : explain SELECT c FROM sbtest1 WHERE id BETWEEN 1906456 AND 1906465 ORDER BY c
	-> Sort: sbtest1.c  (cost=2.28 rows=10)
    -> Filter: (sbtest1.id between 1906456 and 1906465)  (cost=2.28 rows=10)
        -> Index range scan on sbtest1 using PRIMARY over (1906456 <= id <= 1906465)  (cost=2.28 rows=10)


table 2 : explain SELECT c FROM sbtest2 WHERE id BETWEEN 1794459 AND 1794468 ORDER BY c
	-> Sort: sbtest2.c  (cost=2.28 rows=10)
    -> Filter: (sbtest2.id between 1794459 and 1794468)  (cost=2.28 rows=10)
        -> Index range scan on sbtest2 using PRIMARY over (1794459 <= id <= 1794468)  (cost=2.28 rows=10)


table 3 : explain SELECT c FROM sbtest3 WHERE id BETWEEN 8593732 AND 8593741 ORDER BY c
	-> Sort: sbtest3.c  (cost=2.28 rows=10)
    -> Filter: (sbtest3.id between 8593732 and 8593741)  (cost=2.28 rows=10)
        -> Index range scan on sbtest3 using PRIMARY over (8593732 <= id <= 8593741)  (cost=2.28 rows=10)


table 4 : explain SELECT c FROM sbtest4 WHERE id BETWEEN 3299623 AND 3299632 ORDER BY c
	-> Sort: sbtest4.c  (cost=2.28 rows=10)
    -> Filter: (sbtest4.id between 3299623 and 3299632)  (cost=2.28 rows=10)
        -> Index range scan on sbtest4 using PRIMARY over (3299623 <= id <= 3299632)  (cost=2.28 rows=10)


table 5 : explain SELECT c FROM sbtest5 WHERE id BETWEEN 4725439 AND 4725448 ORDER BY c
	-> Sort: sbtest5.c  (cost=2.28 rows=10)
    -> Filter: (sbtest5.id between 4725439 and 4725448)  (cost=2.28 rows=10)
        -> Index range scan on sbtest5 using PRIMARY over (4725439 <= id <= 4725448)  (cost=2.28 rows=10)


table 6 : explain SELECT c FROM sbtest6 WHERE id BETWEEN 5865112 AND 5865121 ORDER BY c
	-> Sort: sbtest6.c  (cost=2.28 rows=10)
    -> Filter: (sbtest6.id between 5865112 and 5865121)  (cost=2.28 rows=10)
        -> Index range scan on sbtest6 using PRIMARY over (5865112 <= id <= 5865121)  (cost=2.28 rows=10)


table 7 : explain SELECT c FROM sbtest7 WHERE id BETWEEN 7933275 AND 7933284 ORDER BY c
	-> Sort: sbtest7.c  (cost=2.28 rows=10)
    -> Filter: (sbtest7.id between 7933275 and 7933284)  (cost=2.28 rows=10)
        -> Index range scan on sbtest7 using PRIMARY over (7933275 <= id <= 7933284)  (cost=2.28 rows=10)


table 8 : explain SELECT c FROM sbtest8 WHERE id BETWEEN 993919 AND 993928 ORDER BY c
	-> Sort: sbtest8.c  (cost=2.28 rows=10)
    -> Filter: (sbtest8.id between 993919 and 993928)  (cost=2.28 rows=10)
        -> Index range scan on sbtest8 using PRIMARY over (993919 <= id <= 993928)  (cost=2.28 rows=10)


for: distinct_ranges
table 1 : explain SELECT DISTINCT c FROM sbtest1 WHERE id BETWEEN 8853888 AND 8853897 ORDER BY c
	-> Sort: sbtest1.c
    -> Table scan on <temporary>  (cost=4.84..7.2 rows=10)
        -> Temporary table with deduplication  (cost=4.58..4.58 rows=10)
            -> Filter: (sbtest1.id between 8853888 and 8853897)  (cost=2.28 rows=10)
                -> Index range scan on sbtest1 using PRIMARY over (8853888 <= id <= 8853897)  (cost=2.28 rows=10)


table 2 : explain SELECT DISTINCT c FROM sbtest2 WHERE id BETWEEN 9358452 AND 9358461 ORDER BY c
	-> Sort: sbtest2.c
    -> Table scan on <temporary>  (cost=4.84..7.2 rows=10)
        -> Temporary table with deduplication  (cost=4.58..4.58 rows=10)
            -> Filter: (sbtest2.id between 9358452 and 9358461)  (cost=2.28 rows=10)
                -> Index range scan on sbtest2 using PRIMARY over (9358452 <= id <= 9358461)  (cost=2.28 rows=10)


table 3 : explain SELECT DISTINCT c FROM sbtest3 WHERE id BETWEEN 6795323 AND 6795332 ORDER BY c
	-> Sort: sbtest3.c
    -> Table scan on <temporary>  (cost=4.84..7.2 rows=10)
        -> Temporary table with deduplication  (cost=4.58..4.58 rows=10)
            -> Filter: (sbtest3.id between 6795323 and 6795332)  (cost=2.28 rows=10)
                -> Index range scan on sbtest3 using PRIMARY over (6795323 <= id <= 6795332)  (cost=2.28 rows=10)


table 4 : explain SELECT DISTINCT c FROM sbtest4 WHERE id BETWEEN 5306310 AND 5306319 ORDER BY c
	-> Sort: sbtest4.c
    -> Table scan on <temporary>  (cost=4.84..7.2 rows=10)
        -> Temporary table with deduplication  (cost=4.58..4.58 rows=10)
            -> Filter: (sbtest4.id between 5306310 and 5306319)  (cost=2.28 rows=10)
                -> Index range scan on sbtest4 using PRIMARY over (5306310 <= id <= 5306319)  (cost=2.28 rows=10)


table 5 : explain SELECT DISTINCT c FROM sbtest5 WHERE id BETWEEN 4263679 AND 4263688 ORDER BY c
	-> Sort: sbtest5.c
    -> Table scan on <temporary>  (cost=4.84..7.2 rows=10)
        -> Temporary table with deduplication  (cost=4.58..4.58 rows=10)
            -> Filter: (sbtest5.id between 4263679 and 4263688)  (cost=2.28 rows=10)
                -> Index range scan on sbtest5 using PRIMARY over (4263679 <= id <= 4263688)  (cost=2.28 rows=10)


table 6 : explain SELECT DISTINCT c FROM sbtest6 WHERE id BETWEEN 7274276 AND 7274285 ORDER BY c
	-> Sort: sbtest6.c
    -> Table scan on <temporary>  (cost=4.84..7.2 rows=10)
        -> Temporary table with deduplication  (cost=4.58..4.58 rows=10)
            -> Filter: (sbtest6.id between 7274276 and 7274285)  (cost=2.28 rows=10)
                -> Index range scan on sbtest6 using PRIMARY over (7274276 <= id <= 7274285)  (cost=2.28 rows=10)


table 7 : explain SELECT DISTINCT c FROM sbtest7 WHERE id BETWEEN 9028451 AND 9028460 ORDER BY c
	-> Sort: sbtest7.c
    -> Table scan on <temporary>  (cost=4.84..7.2 rows=10)
        -> Temporary table with deduplication  (cost=4.58..4.58 rows=10)
            -> Filter: (sbtest7.id between 9028451 and 9028460)  (cost=2.28 rows=10)
                -> Index range scan on sbtest7 using PRIMARY over (9028451 <= id <= 9028460)  (cost=2.28 rows=10)


table 8 : explain SELECT DISTINCT c FROM sbtest8 WHERE id BETWEEN 235719 AND 235728 ORDER BY c
	-> Sort: sbtest8.c
    -> Table scan on <temporary>  (cost=4.84..7.2 rows=10)
        -> Temporary table with deduplication  (cost=4.58..4.58 rows=10)
            -> Filter: (sbtest8.id between 235719 and 235728)  (cost=2.28 rows=10)
                -> Index range scan on sbtest8 using PRIMARY over (235719 <= id <= 235728)  (cost=2.28 rows=10)


for: distinct_ranges
table 1 : explain SELECT DISTINCT c FROM sbtest1 WHERE id BETWEEN 2847867 AND 2847876 ORDER BY c
	-> Sort: sbtest1.c
    -> Table scan on <temporary>  (cost=4.84..7.2 rows=10)
        -> Temporary table with deduplication  (cost=4.58..4.58 rows=10)
            -> Filter: (sbtest1.id between 2847867 and 2847876)  (cost=2.28 rows=10)
                -> Index range scan on sbtest1 using PRIMARY over (2847867 <= id <= 2847876)  (cost=2.28 rows=10)


table 2 : explain SELECT DISTINCT c FROM sbtest2 WHERE id BETWEEN 7109764 AND 7109773 ORDER BY c
	-> Sort: sbtest2.c
    -> Table scan on <temporary>  (cost=4.84..7.2 rows=10)
        -> Temporary table with deduplication  (cost=4.58..4.58 rows=10)
            -> Filter: (sbtest2.id between 7109764 and 7109773)  (cost=2.28 rows=10)
                -> Index range scan on sbtest2 using PRIMARY over (7109764 <= id <= 7109773)  (cost=2.28 rows=10)


table 3 : explain SELECT DISTINCT c FROM sbtest3 WHERE id BETWEEN 8158307 AND 8158316 ORDER BY c
	-> Sort: sbtest3.c
    -> Table scan on <temporary>  (cost=4.84..7.2 rows=10)
        -> Temporary table with deduplication  (cost=4.58..4.58 rows=10)
            -> Filter: (sbtest3.id between 8158307 and 8158316)  (cost=2.28 rows=10)
                -> Index range scan on sbtest3 using PRIMARY over (8158307 <= id <= 8158316)  (cost=2.28 rows=10)


table 4 : explain SELECT DISTINCT c FROM sbtest4 WHERE id BETWEEN 4202310 AND 4202319 ORDER BY c
	-> Sort: sbtest4.c
    -> Table scan on <temporary>  (cost=4.84..7.2 rows=10)
        -> Temporary table with deduplication  (cost=4.58..4.58 rows=10)
            -> Filter: (sbtest4.id between 4202310 and 4202319)  (cost=2.28 rows=10)
                -> Index range scan on sbtest4 using PRIMARY over (4202310 <= id <= 4202319)  (cost=2.28 rows=10)


table 5 : explain SELECT DISTINCT c FROM sbtest5 WHERE id BETWEEN 815400 AND 815409 ORDER BY c
	-> Sort: sbtest5.c
    -> Table scan on <temporary>  (cost=4.84..7.2 rows=10)
        -> Temporary table with deduplication  (cost=4.58..4.58 rows=10)
            -> Filter: (sbtest5.id between 815400 and 815409)  (cost=2.28 rows=10)
                -> Index range scan on sbtest5 using PRIMARY over (815400 <= id <= 815409)  (cost=2.28 rows=10)


table 6 : explain SELECT DISTINCT c FROM sbtest6 WHERE id BETWEEN 3780229 AND 3780238 ORDER BY c
	-> Sort: sbtest6.c
    -> Table scan on <temporary>  (cost=4.84..7.2 rows=10)
        -> Temporary table with deduplication  (cost=4.58..4.58 rows=10)
            -> Filter: (sbtest6.id between 3780229 and 3780238)  (cost=2.28 rows=10)
                -> Index range scan on sbtest6 using PRIMARY over (3780229 <= id <= 3780238)  (cost=2.28 rows=10)


table 7 : explain SELECT DISTINCT c FROM sbtest7 WHERE id BETWEEN 5326531 AND 5326540 ORDER BY c
	-> Sort: sbtest7.c
    -> Table scan on <temporary>  (cost=4.84..7.2 rows=10)
        -> Temporary table with deduplication  (cost=4.58..4.58 rows=10)
            -> Filter: (sbtest7.id between 5326531 and 5326540)  (cost=2.28 rows=10)
                -> Index range scan on sbtest7 using PRIMARY over (5326531 <= id <= 5326540)  (cost=2.28 rows=10)


table 8 : explain SELECT DISTINCT c FROM sbtest8 WHERE id BETWEEN 1609685 AND 1609694 ORDER BY c
	-> Sort: sbtest8.c
    -> Table scan on <temporary>  (cost=4.84..7.2 rows=10)
        -> Temporary table with deduplication  (cost=4.58..4.58 rows=10)
            -> Filter: (sbtest8.id between 1609685 and 1609694)  (cost=2.28 rows=10)
                -> Index range scan on sbtest8 using PRIMARY over (1609685 <= id <= 1609694)  (cost=2.28 rows=10)


for: distinct_ranges
table 1 : explain SELECT DISTINCT c FROM sbtest1 WHERE id BETWEEN 2215330 AND 2215339 ORDER BY c
	-> Sort: sbtest1.c
    -> Table scan on <temporary>  (cost=4.84..7.2 rows=10)
        -> Temporary table with deduplication  (cost=4.58..4.58 rows=10)
            -> Filter: (sbtest1.id between 2215330 and 2215339)  (cost=2.28 rows=10)
                -> Index range scan on sbtest1 using PRIMARY over (2215330 <= id <= 2215339)  (cost=2.28 rows=10)


table 2 : explain SELECT DISTINCT c FROM sbtest2 WHERE id BETWEEN 8672481 AND 8672490 ORDER BY c
	-> Sort: sbtest2.c
    -> Table scan on <temporary>  (cost=4.84..7.2 rows=10)
        -> Temporary table with deduplication  (cost=4.58..4.58 rows=10)
            -> Filter: (sbtest2.id between 8672481 and 8672490)  (cost=2.28 rows=10)
                -> Index range scan on sbtest2 using PRIMARY over (8672481 <= id <= 8672490)  (cost=2.28 rows=10)


table 3 : explain SELECT DISTINCT c FROM sbtest3 WHERE id BETWEEN 9757843 AND 9757852 ORDER BY c
	-> Sort: sbtest3.c
    -> Table scan on <temporary>  (cost=4.84..7.2 rows=10)
        -> Temporary table with deduplication  (cost=4.58..4.58 rows=10)
            -> Filter: (sbtest3.id between 9757843 and 9757852)  (cost=2.28 rows=10)
                -> Index range scan on sbtest3 using PRIMARY over (9757843 <= id <= 9757852)  (cost=2.28 rows=10)


table 4 : explain SELECT DISTINCT c FROM sbtest4 WHERE id BETWEEN 7587600 AND 7587609 ORDER BY c
	-> Sort: sbtest4.c
    -> Table scan on <temporary>  (cost=4.84..7.2 rows=10)
        -> Temporary table with deduplication  (cost=4.58..4.58 rows=10)
            -> Filter: (sbtest4.id between 7587600 and 7587609)  (cost=2.28 rows=10)
                -> Index range scan on sbtest4 using PRIMARY over (7587600 <= id <= 7587609)  (cost=2.28 rows=10)


table 5 : explain SELECT DISTINCT c FROM sbtest5 WHERE id BETWEEN 964748 AND 964757 ORDER BY c
	-> Sort: sbtest5.c
    -> Table scan on <temporary>  (cost=4.84..7.2 rows=10)
        -> Temporary table with deduplication  (cost=4.58..4.58 rows=10)
            -> Filter: (sbtest5.id between 964748 and 964757)  (cost=2.28 rows=10)
                -> Index range scan on sbtest5 using PRIMARY over (964748 <= id <= 964757)  (cost=2.28 rows=10)


table 6 : explain SELECT DISTINCT c FROM sbtest6 WHERE id BETWEEN 4803686 AND 4803695 ORDER BY c
	-> Sort: sbtest6.c
    -> Table scan on <temporary>  (cost=4.84..7.2 rows=10)
        -> Temporary table with deduplication  (cost=4.58..4.58 rows=10)
            -> Filter: (sbtest6.id between 4803686 and 4803695)  (cost=2.28 rows=10)
                -> Index range scan on sbtest6 using PRIMARY over (4803686 <= id <= 4803695)  (cost=2.28 rows=10)


table 7 : explain SELECT DISTINCT c FROM sbtest7 WHERE id BETWEEN 7063083 AND 7063092 ORDER BY c
	-> Sort: sbtest7.c
    -> Table scan on <temporary>  (cost=4.84..7.2 rows=10)
        -> Temporary table with deduplication  (cost=4.58..4.58 rows=10)
            -> Filter: (sbtest7.id between 7063083 and 7063092)  (cost=2.28 rows=10)
                -> Index range scan on sbtest7 using PRIMARY over (7063083 <= id <= 7063092)  (cost=2.28 rows=10)


table 8 : explain SELECT DISTINCT c FROM sbtest8 WHERE id BETWEEN 3959933 AND 3959942 ORDER BY c
	-> Sort: sbtest8.c
    -> Table scan on <temporary>  (cost=4.84..7.2 rows=10)
        -> Temporary table with deduplication  (cost=4.58..4.58 rows=10)
            -> Filter: (sbtest8.id between 3959933 and 3959942)  (cost=2.28 rows=10)
                -> Index range scan on sbtest8 using PRIMARY over (3959933 <= id <= 3959942)  (cost=2.28 rows=10)


explain: for index_updates :: explain UPDATE sbtest%u SET k=k+1 WHERE id=%u
explain: for index_updates :: explain UPDATE sbtest%u SET k=k+1 WHERE id=%u
for: distinct_ranges
table 1 : explain SELECT DISTINCT c FROM sbtest1 WHERE id BETWEEN 8459538 AND 8459547 ORDER BY c
	-> Sort: sbtest1.c
    -> Table scan on <temporary>  (cost=4.84..7.2 rows=10)
        -> Temporary table with deduplication  (cost=4.58..4.58 rows=10)
            -> Filter: (sbtest1.id between 8459538 and 8459547)  (cost=2.28 rows=10)
                -> Index range scan on sbtest1 using PRIMARY over (8459538 <= id <= 8459547)  (cost=2.28 rows=10)


table 2 : explain SELECT DISTINCT c FROM sbtest2 WHERE id BETWEEN 8401433 AND 8401442 ORDER BY c
	-> Sort: sbtest2.c
    -> Table scan on <temporary>  (cost=4.84..7.2 rows=10)
        -> Temporary table with deduplication  (cost=4.58..4.58 rows=10)
            -> Filter: (sbtest2.id between 8401433 and 8401442)  (cost=2.28 rows=10)
                -> Index range scan on sbtest2 using PRIMARY over (8401433 <= id <= 8401442)  (cost=2.28 rows=10)


table 3 : explain SELECT DISTINCT c FROM sbtest3 WHERE id BETWEEN 5887965 AND 5887974 ORDER BY c
	-> Sort: sbtest3.c
    -> Table scan on <temporary>  (cost=4.84..7.2 rows=10)
        -> Temporary table with deduplication  (cost=4.58..4.58 rows=10)
            -> Filter: (sbtest3.id between 5887965 and 5887974)  (cost=2.28 rows=10)
                -> Index range scan on sbtest3 using PRIMARY over (5887965 <= id <= 5887974)  (cost=2.28 rows=10)


table 4 : explain SELECT DISTINCT c FROM sbtest4 WHERE id BETWEEN 4411372 AND 4411381 ORDER BY c
	-> Sort: sbtest4.c
    -> Table scan on <temporary>  (cost=4.84..7.2 rows=10)
        -> Temporary table with deduplication  (cost=4.58..4.58 rows=10)
            -> Filter: (sbtest4.id between 4411372 and 4411381)  (cost=2.28 rows=10)
                -> Index range scan on sbtest4 using PRIMARY over (4411372 <= id <= 4411381)  (cost=2.28 rows=10)


table 5 : explain SELECT DISTINCT c FROM sbtest5 WHERE id BETWEEN 4145076 AND 4145085 ORDER BY c
	-> Sort: sbtest5.c
    -> Table scan on <temporary>  (cost=4.84..7.2 rows=10)
        -> Temporary table with deduplication  (cost=4.58..4.58 rows=10)
            -> Filter: (sbtest5.id between 4145076 and 4145085)  (cost=2.28 rows=10)
                -> Index range scan on sbtest5 using PRIMARY over (4145076 <= id <= 4145085)  (cost=2.28 rows=10)


table 6 : explain SELECT DISTINCT c FROM sbtest6 WHERE id BETWEEN 1403178 AND 1403187 ORDER BY c
	-> Sort: sbtest6.c
    -> Table scan on <temporary>  (cost=4.84..7.2 rows=10)
        -> Temporary table with deduplication  (cost=4.58..4.58 rows=10)
            -> Filter: (sbtest6.id between 1403178 and 1403187)  (cost=2.28 rows=10)
                -> Index range scan on sbtest6 using PRIMARY over (1403178 <= id <= 1403187)  (cost=2.28 rows=10)


table 7 : explain SELECT DISTINCT c FROM sbtest7 WHERE id BETWEEN 2651481 AND 2651490 ORDER BY c
	-> Sort: sbtest7.c
    -> Table scan on <temporary>  (cost=4.84..7.2 rows=10)
        -> Temporary table with deduplication  (cost=4.58..4.58 rows=10)
            -> Filter: (sbtest7.id between 2651481 and 2651490)  (cost=2.28 rows=10)
                -> Index range scan on sbtest7 using PRIMARY over (2651481 <= id <= 2651490)  (cost=2.28 rows=10)


table 8 : explain SELECT DISTINCT c FROM sbtest8 WHERE id BETWEEN 2114523 AND 2114532 ORDER BY c
	-> Sort: sbtest8.c
    -> Table scan on <temporary>  (cost=4.84..7.2 rows=10)
        -> Temporary table with deduplication  (cost=4.58..4.58 rows=10)
            -> Filter: (sbtest8.id between 2114523 and 2114532)  (cost=2.28 rows=10)
                -> Index range scan on sbtest8 using PRIMARY over (2114523 <= id <= 2114532)  (cost=2.28 rows=10)


for: distinct_ranges
table 1 : explain SELECT DISTINCT c FROM sbtest1 WHERE id BETWEEN 17436 AND 17445 ORDER BY c
	-> Sort: sbtest1.c
    -> Table scan on <temporary>  (cost=4.84..7.2 rows=10)
        -> Temporary table with deduplication  (cost=4.58..4.58 rows=10)
            -> Filter: (sbtest1.id between 17436 and 17445)  (cost=2.28 rows=10)
                -> Index range scan on sbtest1 using PRIMARY over (17436 <= id <= 17445)  (cost=2.28 rows=10)


table 2 : explain SELECT DISTINCT c FROM sbtest2 WHERE id BETWEEN 386370 AND 386379 ORDER BY c
	-> Sort: sbtest2.c
    -> Table scan on <temporary>  (cost=4.84..7.2 rows=10)
        -> Temporary table with deduplication  (cost=4.58..4.58 rows=10)
            -> Filter: (sbtest2.id between 386370 and 386379)  (cost=2.28 rows=10)
                -> Index range scan on sbtest2 using PRIMARY over (386370 <= id <= 386379)  (cost=2.28 rows=10)


table 3 : explain SELECT DISTINCT c FROM sbtest3 WHERE id BETWEEN 3753549 AND 3753558 ORDER BY c
	-> Sort: sbtest3.c
    -> Table scan on <temporary>  (cost=4.84..7.2 rows=10)
        -> Temporary table with deduplication  (cost=4.58..4.58 rows=10)
            -> Filter: (sbtest3.id between 3753549 and 3753558)  (cost=2.28 rows=10)
                -> Index range scan on sbtest3 using PRIMARY over (3753549 <= id <= 3753558)  (cost=2.28 rows=10)


table 4 : explain SELECT DISTINCT c FROM sbtest4 WHERE id BETWEEN 3145459 AND 3145468 ORDER BY c
	-> Sort: sbtest4.c
    -> Table scan on <temporary>  (cost=4.84..7.2 rows=10)
        -> Temporary table with deduplication  (cost=4.58..4.58 rows=10)
            -> Filter: (sbtest4.id between 3145459 and 3145468)  (cost=2.28 rows=10)
                -> Index range scan on sbtest4 using PRIMARY over (3145459 <= id <= 3145468)  (cost=2.28 rows=10)


table 5 : explain SELECT DISTINCT c FROM sbtest5 WHERE id BETWEEN 8115451 AND 8115460 ORDER BY c
	-> Sort: sbtest5.c
    -> Table scan on <temporary>  (cost=4.84..7.2 rows=10)
        -> Temporary table with deduplication  (cost=4.58..4.58 rows=10)
            -> Filter: (sbtest5.id between 8115451 and 8115460)  (cost=2.28 rows=10)
                -> Index range scan on sbtest5 using PRIMARY over (8115451 <= id <= 8115460)  (cost=2.28 rows=10)


table 6 : explain SELECT DISTINCT c FROM sbtest6 WHERE id BETWEEN 7278396 AND 7278405 ORDER BY c
	-> Sort: sbtest6.c
    -> Table scan on <temporary>  (cost=4.84..7.2 rows=10)
        -> Temporary table with deduplication  (cost=4.58..4.58 rows=10)
            -> Filter: (sbtest6.id between 7278396 and 7278405)  (cost=2.28 rows=10)
                -> Index range scan on sbtest6 using PRIMARY over (7278396 <= id <= 7278405)  (cost=2.28 rows=10)


table 7 : explain SELECT DISTINCT c FROM sbtest7 WHERE id BETWEEN 8742974 AND 8742983 ORDER BY c
	-> Sort: sbtest7.c
    -> Table scan on <temporary>  (cost=4.84..7.2 rows=10)
        -> Temporary table with deduplication  (cost=4.58..4.58 rows=10)
            -> Filter: (sbtest7.id between 8742974 and 8742983)  (cost=2.28 rows=10)
                -> Index range scan on sbtest7 using PRIMARY over (8742974 <= id <= 8742983)  (cost=2.28 rows=10)


table 8 : explain SELECT DISTINCT c FROM sbtest8 WHERE id BETWEEN 5363233 AND 5363242 ORDER BY c
	-> Sort: sbtest8.c
    -> Table scan on <temporary>  (cost=4.84..7.2 rows=10)
        -> Temporary table with deduplication  (cost=4.58..4.58 rows=10)
            -> Filter: (sbtest8.id between 5363233 and 5363242)  (cost=2.28 rows=10)
                -> Index range scan on sbtest8 using PRIMARY over (5363233 <= id <= 5363242)  (cost=2.28 rows=10)


for: distinct_ranges
table 1 : explain SELECT DISTINCT c FROM sbtest1 WHERE id BETWEEN 5727560 AND 5727569 ORDER BY c
	-> Sort: sbtest1.c
    -> Table scan on <temporary>  (cost=4.84..7.2 rows=10)
        -> Temporary table with deduplication  (cost=4.58..4.58 rows=10)
            -> Filter: (sbtest1.id between 5727560 and 5727569)  (cost=2.28 rows=10)
                -> Index range scan on sbtest1 using PRIMARY over (5727560 <= id <= 5727569)  (cost=2.28 rows=10)


table 2 : explain SELECT DISTINCT c FROM sbtest2 WHERE id BETWEEN 4957216 AND 4957225 ORDER BY c
	-> Sort: sbtest2.c
    -> Table scan on <temporary>  (cost=4.84..7.2 rows=10)
        -> Temporary table with deduplication  (cost=4.58..4.58 rows=10)
            -> Filter: (sbtest2.id between 4957216 and 4957225)  (cost=2.28 rows=10)
                -> Index range scan on sbtest2 using PRIMARY over (4957216 <= id <= 4957225)  (cost=2.28 rows=10)


table 3 : explain SELECT DISTINCT c FROM sbtest3 WHERE id BETWEEN 9990890 AND 9990899 ORDER BY c
	-> Sort: sbtest3.c
    -> Table scan on <temporary>  (cost=4.84..7.2 rows=10)
        -> Temporary table with deduplication  (cost=4.58..4.58 rows=10)
            -> Filter: (sbtest3.id between 9990890 and 9990899)  (cost=2.28 rows=10)
                -> Index range scan on sbtest3 using PRIMARY over (9990890 <= id <= 9990899)  (cost=2.28 rows=10)


table 4 : explain SELECT DISTINCT c FROM sbtest4 WHERE id BETWEEN 5812671 AND 5812680 ORDER BY c
	-> Sort: sbtest4.c
    -> Table scan on <temporary>  (cost=4.84..7.2 rows=10)
        -> Temporary table with deduplication  (cost=4.58..4.58 rows=10)
            -> Filter: (sbtest4.id between 5812671 and 5812680)  (cost=2.28 rows=10)
                -> Index range scan on sbtest4 using PRIMARY over (5812671 <= id <= 5812680)  (cost=2.28 rows=10)


table 5 : explain SELECT DISTINCT c FROM sbtest5 WHERE id BETWEEN 669436 AND 669445 ORDER BY c
	-> Sort: sbtest5.c
    -> Table scan on <temporary>  (cost=4.84..7.2 rows=10)
        -> Temporary table with deduplication  (cost=4.58..4.58 rows=10)
            -> Filter: (sbtest5.id between 669436 and 669445)  (cost=2.28 rows=10)
                -> Index range scan on sbtest5 using PRIMARY over (669436 <= id <= 669445)  (cost=2.28 rows=10)


table 6 : explain SELECT DISTINCT c FROM sbtest6 WHERE id BETWEEN 7586897 AND 7586906 ORDER BY c
	-> Sort: sbtest6.c
    -> Table scan on <temporary>  (cost=4.84..7.2 rows=10)
        -> Temporary table with deduplication  (cost=4.58..4.58 rows=10)
            -> Filter: (sbtest6.id between 7586897 and 7586906)  (cost=2.28 rows=10)
                -> Index range scan on sbtest6 using PRIMARY over (7586897 <= id <= 7586906)  (cost=2.28 rows=10)


table 7 : explain SELECT DISTINCT c FROM sbtest7 WHERE id BETWEEN 7211901 AND 7211910 ORDER BY c
	-> Sort: sbtest7.c
    -> Table scan on <temporary>  (cost=4.84..7.2 rows=10)
        -> Temporary table with deduplication  (cost=4.58..4.58 rows=10)
            -> Filter: (sbtest7.id between 7211901 and 7211910)  (cost=2.28 rows=10)
                -> Index range scan on sbtest7 using PRIMARY over (7211901 <= id <= 7211910)  (cost=2.28 rows=10)


table 8 : explain SELECT DISTINCT c FROM sbtest8 WHERE id BETWEEN 3048068 AND 3048077 ORDER BY c
	-> Sort: sbtest8.c
    -> Table scan on <temporary>  (cost=4.84..7.2 rows=10)
        -> Temporary table with deduplication  (cost=4.58..4.58 rows=10)
            -> Filter: (sbtest8.id between 3048068 and 3048077)  (cost=2.28 rows=10)
                -> Index range scan on sbtest8 using PRIMARY over (3048068 <= id <= 3048077)  (cost=2.28 rows=10)


for: distinct_ranges
table 1 : explain SELECT DISTINCT c FROM sbtest1 WHERE id BETWEEN 4863887 AND 4863896 ORDER BY c
	-> Sort: sbtest1.c
    -> Table scan on <temporary>  (cost=4.84..7.2 rows=10)
        -> Temporary table with deduplication  (cost=4.58..4.58 rows=10)
            -> Filter: (sbtest1.id between 4863887 and 4863896)  (cost=2.28 rows=10)
                -> Index range scan on sbtest1 using PRIMARY over (4863887 <= id <= 4863896)  (cost=2.28 rows=10)


table 2 : explain SELECT DISTINCT c FROM sbtest2 WHERE id BETWEEN 3674632 AND 3674641 ORDER BY c
	-> Sort: sbtest2.c
    -> Table scan on <temporary>  (cost=4.84..7.2 rows=10)
        -> Temporary table with deduplication  (cost=4.58..4.58 rows=10)
            -> Filter: (sbtest2.id between 3674632 and 3674641)  (cost=2.28 rows=10)
                -> Index range scan on sbtest2 using PRIMARY over (3674632 <= id <= 3674641)  (cost=2.28 rows=10)


table 3 : explain SELECT DISTINCT c FROM sbtest3 WHERE id BETWEEN 7842369 AND 7842378 ORDER BY c
	-> Sort: sbtest3.c
    -> Table scan on <temporary>  (cost=4.84..7.2 rows=10)
        -> Temporary table with deduplication  (cost=4.58..4.58 rows=10)
            -> Filter: (sbtest3.id between 7842369 and 7842378)  (cost=2.28 rows=10)
                -> Index range scan on sbtest3 using PRIMARY over (7842369 <= id <= 7842378)  (cost=2.28 rows=10)


table 4 : explain SELECT DISTINCT c FROM sbtest4 WHERE id BETWEEN 8099424 AND 8099433 ORDER BY c
	-> Sort: sbtest4.c
    -> Table scan on <temporary>  (cost=4.84..7.2 rows=10)
        -> Temporary table with deduplication  (cost=4.58..4.58 rows=10)
            -> Filter: (sbtest4.id between 8099424 and 8099433)  (cost=2.28 rows=10)
                -> Index range scan on sbtest4 using PRIMARY over (8099424 <= id <= 8099433)  (cost=2.28 rows=10)


table 5 : explain SELECT DISTINCT c FROM sbtest5 WHERE id BETWEEN 9250781 AND 9250790 ORDER BY c
	-> Sort: sbtest5.c
    -> Table scan on <temporary>  (cost=4.84..7.2 rows=10)
        -> Temporary table with deduplication  (cost=4.58..4.58 rows=10)
            -> Filter: (sbtest5.id between 9250781 and 9250790)  (cost=2.28 rows=10)
                -> Index range scan on sbtest5 using PRIMARY over (9250781 <= id <= 9250790)  (cost=2.28 rows=10)


table 6 : explain SELECT DISTINCT c FROM sbtest6 WHERE id BETWEEN 4299640 AND 4299649 ORDER BY c
	-> Sort: sbtest6.c
    -> Table scan on <temporary>  (cost=4.84..7.2 rows=10)
        -> Temporary table with deduplication  (cost=4.58..4.58 rows=10)
            -> Filter: (sbtest6.id between 4299640 and 4299649)  (cost=2.28 rows=10)
                -> Index range scan on sbtest6 using PRIMARY over (4299640 <= id <= 4299649)  (cost=2.28 rows=10)


table 7 : explain SELECT DISTINCT c FROM sbtest7 WHERE id BETWEEN 235251 AND 235260 ORDER BY c
	-> Sort: sbtest7.c
    -> Table scan on <temporary>  (cost=4.84..7.2 rows=10)
        -> Temporary table with deduplication  (cost=4.58..4.58 rows=10)
            -> Filter: (sbtest7.id between 235251 and 235260)  (cost=2.28 rows=10)
                -> Index range scan on sbtest7 using PRIMARY over (235251 <= id <= 235260)  (cost=2.28 rows=10)


table 8 : explain SELECT DISTINCT c FROM sbtest8 WHERE id BETWEEN 8834097 AND 8834106 ORDER BY c
	-> Sort: sbtest8.c
    -> Table scan on <temporary>  (cost=4.84..7.2 rows=10)
        -> Temporary table with deduplication  (cost=4.58..4.58 rows=10)
            -> Filter: (sbtest8.id between 8834097 and 8834106)  (cost=2.28 rows=10)
                -> Index range scan on sbtest8 using PRIMARY over (8834097 <= id <= 8834106)  (cost=2.28 rows=10)

for: distinct_ranges
table 1 : explain SELECT DISTINCT c FROM sbtest1 WHERE id BETWEEN 8889647 AND 8889656 ORDER BY c
	-> Sort: sbtest1.c
    -> Table scan on <temporary>  (cost=4.84..7.2 rows=10)
        -> Temporary table with deduplication  (cost=4.58..4.58 rows=10)
            -> Filter: (sbtest1.id between 8889647 and 8889656)  (cost=2.28 rows=10)
                -> Index range scan on sbtest1 using PRIMARY over (8889647 <= id <= 8889656)  (cost=2.28 rows=10)


table 2 : explain SELECT DISTINCT c FROM sbtest2 WHERE id BETWEEN 9298669 AND 9298678 ORDER BY c
	-> Sort: sbtest2.c
    -> Table scan on <temporary>  (cost=4.84..7.2 rows=10)
        -> Temporary table with deduplication  (cost=4.58..4.58 rows=10)
            -> Filter: (sbtest2.id between 9298669 and 9298678)  (cost=2.28 rows=10)
                -> Index range scan on sbtest2 using PRIMARY over (9298669 <= id <= 9298678)  (cost=2.28 rows=10)


table 3 : explain SELECT DISTINCT c FROM sbtest3 WHERE id BETWEEN 9262809 AND 9262818 ORDER BY c
	-> Sort: sbtest3.c
    -> Table scan on <temporary>  (cost=4.84..7.2 rows=10)
        -> Temporary table with deduplication  (cost=4.58..4.58 rows=10)
            -> Filter: (sbtest3.id between 9262809 and 9262818)  (cost=2.28 rows=10)
                -> Index range scan on sbtest3 using PRIMARY over (9262809 <= id <= 9262818)  (cost=2.28 rows=10)


table 4 : explain SELECT DISTINCT c FROM sbtest4 WHERE id BETWEEN 4670491 AND 4670500 ORDER BY c
	-> Sort: sbtest4.c
    -> Table scan on <temporary>  (cost=4.84..7.2 rows=10)
        -> Temporary table with deduplication  (cost=4.58..4.58 rows=10)
            -> Filter: (sbtest4.id between 4670491 and 4670500)  (cost=2.28 rows=10)
                -> Index range scan on sbtest4 using PRIMARY over (4670491 <= id <= 4670500)  (cost=2.28 rows=10)


table 5 : explain SELECT DISTINCT c FROM sbtest5 WHERE id BETWEEN 1437992 AND 1438001 ORDER BY c
	-> Sort: sbtest5.c
    -> Table scan on <temporary>  (cost=4.84..7.2 rows=10)
        -> Temporary table with deduplication  (cost=4.58..4.58 rows=10)
            -> Filter: (sbtest5.id between 1437992 and 1438001)  (cost=2.28 rows=10)
                -> Index range scan on sbtest5 using PRIMARY over (1437992 <= id <= 1438001)  (cost=2.28 rows=10)


table 6 : explain SELECT DISTINCT c FROM sbtest6 WHERE id BETWEEN 6514918 AND 6514927 ORDER BY c
	-> Sort: sbtest6.c
    -> Table scan on <temporary>  (cost=4.84..7.2 rows=10)
        -> Temporary table with deduplication  (cost=4.58..4.58 rows=10)
            -> Filter: (sbtest6.id between 6514918 and 6514927)  (cost=2.28 rows=10)
                -> Index range scan on sbtest6 using PRIMARY over (6514918 <= id <= 6514927)  (cost=2.28 rows=10)


table 7 : explain SELECT DISTINCT c FROM sbtest7 WHERE id BETWEEN 9006517 AND 9006526 ORDER BY c
	-> Sort: sbtest7.c
    -> Table scan on <temporary>  (cost=4.84..7.2 rows=10)
        -> Temporary table with deduplication  (cost=4.58..4.58 rows=10)
            -> Filter: (sbtest7.id between 9006517 and 9006526)  (cost=2.28 rows=10)
                -> Index range scan on sbtest7 using PRIMARY over (9006517 <= id <= 9006526)  (cost=2.28 rows=10)


table 8 : explain SELECT DISTINCT c FROM sbtest8 WHERE id BETWEEN 7473410 AND 7473419 ORDER BY c
	-> Sort: sbtest8.c
    -> Table scan on <temporary>  (cost=4.84..7.2 rows=10)
        -> Temporary table with deduplication  (cost=4.58..4.58 rows=10)
            -> Filter: (sbtest8.id between 7473410 and 7473419)  (cost=2.28 rows=10)
                -> Index range scan on sbtest8 using PRIMARY over (7473410 <= id <= 7473419)  (cost=2.28 rows=10)



for: distinct_ranges
table 1 : explain SELECT DISTINCT c FROM sbtest1 WHERE id BETWEEN 8365856 AND 8365865 ORDER BY c
	-> Sort: sbtest1.c
    -> Table scan on <temporary>  (cost=4.84..7.2 rows=10)
        -> Temporary table with deduplication  (cost=4.58..4.58 rows=10)
            -> Filter: (sbtest1.id between 8365856 and 8365865)  (cost=2.28 rows=10)
                -> Index range scan on sbtest1 using PRIMARY over (8365856 <= id <= 8365865)  (cost=2.28 rows=10)


table 2 : explain SELECT DISTINCT c FROM sbtest2 WHERE id BETWEEN 9840330 AND 9840339 ORDER BY c
	-> Sort: sbtest2.c
    -> Table scan on <temporary>  (cost=4.84..7.2 rows=10)
        -> Temporary table with deduplication  (cost=4.58..4.58 rows=10)
            -> Filter: (sbtest2.id between 9840330 and 9840339)  (cost=2.28 rows=10)
                -> Index range scan on sbtest2 using PRIMARY over (9840330 <= id <= 9840339)  (cost=2.28 rows=10)


table 3 : explain SELECT DISTINCT c FROM sbtest3 WHERE id BETWEEN 1687748 AND 1687757 ORDER BY c
	-> Sort: sbtest3.c
    -> Table scan on <temporary>  (cost=4.84..7.2 rows=10)
        -> Temporary table with deduplication  (cost=4.58..4.58 rows=10)
            -> Filter: (sbtest3.id between 1687748 and 1687757)  (cost=2.28 rows=10)
                -> Index range scan on sbtest3 using PRIMARY over (1687748 <= id <= 1687757)  (cost=2.28 rows=10)


table 4 : explain SELECT DISTINCT c FROM sbtest4 WHERE id BETWEEN 9924604 AND 9924613 ORDER BY c
	-> Sort: sbtest4.c
    -> Table scan on <temporary>  (cost=4.84..7.2 rows=10)
        -> Temporary table with deduplication  (cost=4.58..4.58 rows=10)
            -> Filter: (sbtest4.id between 9924604 and 9924613)  (cost=2.28 rows=10)
                -> Index range scan on sbtest4 using PRIMARY over (9924604 <= id <= 9924613)  (cost=2.28 rows=10)


table 5 : explain SELECT DISTINCT c FROM sbtest5 WHERE id BETWEEN 6583697 AND 6583706 ORDER BY c
	-> Sort: sbtest5.c
    -> Table scan on <temporary>  (cost=4.84..7.2 rows=10)
        -> Temporary table with deduplication  (cost=4.58..4.58 rows=10)
            -> Filter: (sbtest5.id between 6583697 and 6583706)  (cost=2.28 rows=10)
                -> Index range scan on sbtest5 using PRIMARY over (6583697 <= id <= 6583706)  (cost=2.28 rows=10)


table 6 : explain SELECT DISTINCT c FROM sbtest6 WHERE id BETWEEN 6363592 AND 6363601 ORDER BY c
	-> Sort: sbtest6.c
    -> Table scan on <temporary>  (cost=4.84..7.2 rows=10)
        -> Temporary table with deduplication  (cost=4.58..4.58 rows=10)
            -> Filter: (sbtest6.id between 6363592 and 6363601)  (cost=2.28 rows=10)
                -> Index range scan on sbtest6 using PRIMARY over (6363592 <= id <= 6363601)  (cost=2.28 rows=10)


table 7 : explain SELECT DISTINCT c FROM sbtest7 WHERE id BETWEEN 599243 AND 599252 ORDER BY c
	-> Sort: sbtest7.c
    -> Table scan on <temporary>  (cost=4.84..7.2 rows=10)
        -> Temporary table with deduplication  (cost=4.58..4.58 rows=10)
            -> Filter: (sbtest7.id between 599243 and 599252)  (cost=2.28 rows=10)
                -> Index range scan on sbtest7 using PRIMARY over (599243 <= id <= 599252)  (cost=2.28 rows=10)


table 8 : explain SELECT DISTINCT c FROM sbtest8 WHERE id BETWEEN 3180602 AND 3180611 ORDER BY c
	-> Sort: sbtest8.c
    -> Table scan on <temporary>  (cost=4.84..7.2 rows=10)
        -> Temporary table with deduplication  (cost=4.58..4.58 rows=10)
            -> Filter: (sbtest8.id between 3180602 and 3180611)  (cost=2.28 rows=10)
                -> Index range scan on sbtest8 using PRIMARY over (3180602 <= id <= 3180611)  (cost=2.28 rows=10)


explain: for index_updates :: explain UPDATE sbtest%u SET k=k+1 WHERE id=%u
for: distinct_ranges
table 1 : explain SELECT DISTINCT c FROM sbtest1 WHERE id BETWEEN 4946555 AND 4946564 ORDER BY c
	-> Sort: sbtest1.c
    -> Table scan on <temporary>  (cost=4.84..7.2 rows=10)
        -> Temporary table with deduplication  (cost=4.58..4.58 rows=10)
            -> Filter: (sbtest1.id between 4946555 and 4946564)  (cost=2.28 rows=10)
                -> Index range scan on sbtest1 using PRIMARY over (4946555 <= id <= 4946564)  (cost=2.28 rows=10)


table 2 : explain SELECT DISTINCT c FROM sbtest2 WHERE id BETWEEN 1092851 AND 1092860 ORDER BY c
	-> Sort: sbtest2.c
    -> Table scan on <temporary>  (cost=4.84..7.2 rows=10)
        -> Temporary table with deduplication  (cost=4.58..4.58 rows=10)
            -> Filter: (sbtest2.id between 1092851 and 1092860)  (cost=2.28 rows=10)
                -> Index range scan on sbtest2 using PRIMARY over (1092851 <= id <= 1092860)  (cost=2.28 rows=10)


table 3 : explain SELECT DISTINCT c FROM sbtest3 WHERE id BETWEEN 3101643 AND 3101652 ORDER BY c
	-> Sort: sbtest3.c
    -> Table scan on <temporary>  (cost=4.84..7.2 rows=10)
        -> Temporary table with deduplication  (cost=4.58..4.58 rows=10)
            -> Filter: (sbtest3.id between 3101643 and 3101652)  (cost=2.28 rows=10)
                -> Index range scan on sbtest3 using PRIMARY over (3101643 <= id <= 3101652)  (cost=2.28 rows=10)


table 4 : explain SELECT DISTINCT c FROM sbtest4 WHERE id BETWEEN 7778408 AND 7778417 ORDER BY c
	-> Sort: sbtest4.c
    -> Table scan on <temporary>  (cost=4.84..7.2 rows=10)
        -> Temporary table with deduplication  (cost=4.58..4.58 rows=10)
            -> Filter: (sbtest4.id between 7778408 and 7778417)  (cost=2.28 rows=10)
                -> Index range scan on sbtest4 using PRIMARY over (7778408 <= id <= 7778417)  (cost=2.28 rows=10)


table 5 : explain SELECT DISTINCT c FROM sbtest5 WHERE id BETWEEN 2136577 AND 2136586 ORDER BY c
	-> Sort: sbtest5.c
    -> Table scan on <temporary>  (cost=4.84..7.2 rows=10)
        -> Temporary table with deduplication  (cost=4.58..4.58 rows=10)
            -> Filter: (sbtest5.id between 2136577 and 2136586)  (cost=2.28 rows=10)
                -> Index range scan on sbtest5 using PRIMARY over (2136577 <= id <= 2136586)  (cost=2.28 rows=10)


table 6 : explain SELECT DISTINCT c FROM sbtest6 WHERE id BETWEEN 6093025 AND 6093034 ORDER BY c
	-> Sort: sbtest6.c
    -> Table scan on <temporary>  (cost=4.84..7.2 rows=10)
        -> Temporary table with deduplication  (cost=4.58..4.58 rows=10)
            -> Filter: (sbtest6.id between 6093025 and 6093034)  (cost=2.28 rows=10)
                -> Index range scan on sbtest6 using PRIMARY over (6093025 <= id <= 6093034)  (cost=2.28 rows=10)


table 7 : explain SELECT DISTINCT c FROM sbtest7 WHERE id BETWEEN 3529657 AND 3529666 ORDER BY c
	-> Sort: sbtest7.c
    -> Table scan on <temporary>  (cost=4.84..7.2 rows=10)
        -> Temporary table with deduplication  (cost=4.58..4.58 rows=10)
            -> Filter: (sbtest7.id between 3529657 and 3529666)  (cost=2.28 rows=10)
                -> Index range scan on sbtest7 using PRIMARY over (3529657 <= id <= 3529666)  (cost=2.28 rows=10)


table 8 : explain SELECT DISTINCT c FROM sbtest8 WHERE id BETWEEN 6456380 AND 6456389 ORDER BY c
	-> Sort: sbtest8.c
    -> Table scan on <temporary>  (cost=4.84..7.2 rows=10)
        -> Temporary table with deduplication  (cost=4.58..4.58 rows=10)
            -> Filter: (sbtest8.id between 6456380 and 6456389)  (cost=2.28 rows=10)
                -> Index range scan on sbtest8 using PRIMARY over (6456380 <= id <= 6456389)  (cost=2.28 rows=10)


explain: for index_updates :: explain UPDATE sbtest%u SET k=k+1 WHERE id=%u
for: distinct_ranges
table 1 : explain SELECT DISTINCT c FROM sbtest1 WHERE id BETWEEN 5557824 AND 5557833 ORDER BY c
	-> Sort: sbtest1.c
    -> Table scan on <temporary>  (cost=4.84..7.2 rows=10)
        -> Temporary table with deduplication  (cost=4.58..4.58 rows=10)
            -> Filter: (sbtest1.id between 5557824 and 5557833)  (cost=2.28 rows=10)
                -> Index range scan on sbtest1 using PRIMARY over (5557824 <= id <= 5557833)  (cost=2.28 rows=10)


table 2 : explain SELECT DISTINCT c FROM sbtest2 WHERE id BETWEEN 8570463 AND 8570472 ORDER BY c
	-> Sort: sbtest2.c
    -> Table scan on <temporary>  (cost=4.84..7.2 rows=10)
        -> Temporary table with deduplication  (cost=4.58..4.58 rows=10)
            -> Filter: (sbtest2.id between 8570463 and 8570472)  (cost=2.28 rows=10)
                -> Index range scan on sbtest2 using PRIMARY over (8570463 <= id <= 8570472)  (cost=2.28 rows=10)


table 3 : explain SELECT DISTINCT c FROM sbtest3 WHERE id BETWEEN 1022926 AND 1022935 ORDER BY c
	-> Sort: sbtest3.c
    -> Table scan on <temporary>  (cost=4.84..7.2 rows=10)
        -> Temporary table with deduplication  (cost=4.58..4.58 rows=10)
            -> Filter: (sbtest3.id between 1022926 and 1022935)  (cost=2.28 rows=10)
                -> Index range scan on sbtest3 using PRIMARY over (1022926 <= id <= 1022935)  (cost=2.28 rows=10)


table 4 : explain SELECT DISTINCT c FROM sbtest4 WHERE id BETWEEN 6323967 AND 6323976 ORDER BY c
	-> Sort: sbtest4.c
    -> Table scan on <temporary>  (cost=4.84..7.2 rows=10)
        -> Temporary table with deduplication  (cost=4.58..4.58 rows=10)
            -> Filter: (sbtest4.id between 6323967 and 6323976)  (cost=2.28 rows=10)
                -> Index range scan on sbtest4 using PRIMARY over (6323967 <= id <= 6323976)  (cost=2.28 rows=10)


table 5 : explain SELECT DISTINCT c FROM sbtest5 WHERE id BETWEEN 8773354 AND 8773363 ORDER BY c
	-> Sort: sbtest5.c
    -> Table scan on <temporary>  (cost=4.84..7.2 rows=10)
        -> Temporary table with deduplication  (cost=4.58..4.58 rows=10)
            -> Filter: (sbtest5.id between 8773354 and 8773363)  (cost=2.28 rows=10)
                -> Index range scan on sbtest5 using PRIMARY over (8773354 <= id <= 8773363)  (cost=2.28 rows=10)


table 6 : explain SELECT DISTINCT c FROM sbtest6 WHERE id BETWEEN 4752102 AND 4752111 ORDER BY c
	-> Sort: sbtest6.c
    -> Table scan on <temporary>  (cost=4.84..7.2 rows=10)
        -> Temporary table with deduplication  (cost=4.58..4.58 rows=10)
            -> Filter: (sbtest6.id between 4752102 and 4752111)  (cost=2.28 rows=10)
                -> Index range scan on sbtest6 using PRIMARY over (4752102 <= id <= 4752111)  (cost=2.28 rows=10)


table 7 : explain SELECT DISTINCT c FROM sbtest7 WHERE id BETWEEN 135673 AND 135682 ORDER BY c
	-> Sort: sbtest7.c
    -> Table scan on <temporary>  (cost=4.84..7.2 rows=10)
        -> Temporary table with deduplication  (cost=4.58..4.58 rows=10)
            -> Filter: (sbtest7.id between 135673 and 135682)  (cost=2.28 rows=10)
                -> Index range scan on sbtest7 using PRIMARY over (135673 <= id <= 135682)  (cost=2.28 rows=10)


table 8 : explain SELECT DISTINCT c FROM sbtest8 WHERE id BETWEEN 148342 AND 148351 ORDER BY c
	-> Sort: sbtest8.c
    -> Table scan on <temporary>  (cost=4.84..7.2 rows=10)
        -> Temporary table with deduplication  (cost=4.58..4.58 rows=10)
            -> Filter: (sbtest8.id between 148342 and 148351)  (cost=2.28 rows=10)
                -> Index range scan on sbtest8 using PRIMARY over (148342 <= id <= 148351)  (cost=2.28 rows=10)


for: distinct_ranges
table 1 : explain SELECT DISTINCT c FROM sbtest1 WHERE id BETWEEN 5542388 AND 5542397 ORDER BY c
	-> Sort: sbtest1.c
    -> Table scan on <temporary>  (cost=4.84..7.2 rows=10)
        -> Temporary table with deduplication  (cost=4.58..4.58 rows=10)
            -> Filter: (sbtest1.id between 5542388 and 5542397)  (cost=2.28 rows=10)
                -> Index range scan on sbtest1 using PRIMARY over (5542388 <= id <= 5542397)  (cost=2.28 rows=10)


table 2 : explain SELECT DISTINCT c FROM sbtest2 WHERE id BETWEEN 5046234 AND 5046243 ORDER BY c
	-> Sort: sbtest2.c
    -> Table scan on <temporary>  (cost=4.84..7.2 rows=10)
        -> Temporary table with deduplication  (cost=4.58..4.58 rows=10)
            -> Filter: (sbtest2.id between 5046234 and 5046243)  (cost=2.28 rows=10)
                -> Index range scan on sbtest2 using PRIMARY over (5046234 <= id <= 5046243)  (cost=2.28 rows=10)


table 3 : explain SELECT DISTINCT c FROM sbtest3 WHERE id BETWEEN 6888222 AND 6888231 ORDER BY c
	-> Sort: sbtest3.c
    -> Table scan on <temporary>  (cost=4.84..7.2 rows=10)
        -> Temporary table with deduplication  (cost=4.58..4.58 rows=10)
            -> Filter: (sbtest3.id between 6888222 and 6888231)  (cost=2.28 rows=10)
                -> Index range scan on sbtest3 using PRIMARY over (6888222 <= id <= 6888231)  (cost=2.28 rows=10)


table 4 : explain SELECT DISTINCT c FROM sbtest4 WHERE id BETWEEN 7531312 AND 7531321 ORDER BY c
	-> Sort: sbtest4.c
    -> Table scan on <temporary>  (cost=4.84..7.2 rows=10)
        -> Temporary table with deduplication  (cost=4.58..4.58 rows=10)
            -> Filter: (sbtest4.id between 7531312 and 7531321)  (cost=2.28 rows=10)
                -> Index range scan on sbtest4 using PRIMARY over (7531312 <= id <= 7531321)  (cost=2.28 rows=10)


table 5 : explain SELECT DISTINCT c FROM sbtest5 WHERE id BETWEEN 2310064 AND 2310073 ORDER BY c
	-> Sort: sbtest5.c
    -> Table scan on <temporary>  (cost=4.84..7.2 rows=10)
        -> Temporary table with deduplication  (cost=4.58..4.58 rows=10)
            -> Filter: (sbtest5.id between 2310064 and 2310073)  (cost=2.28 rows=10)
                -> Index range scan on sbtest5 using PRIMARY over (2310064 <= id <= 2310073)  (cost=2.28 rows=10)


table 6 : explain SELECT DISTINCT c FROM sbtest6 WHERE id BETWEEN 1385087 AND 1385096 ORDER BY c
	-> Sort: sbtest6.c
    -> Table scan on <temporary>  (cost=4.84..7.2 rows=10)
        -> Temporary table with deduplication  (cost=4.58..4.58 rows=10)
            -> Filter: (sbtest6.id between 1385087 and 1385096)  (cost=2.28 rows=10)
                -> Index range scan on sbtest6 using PRIMARY over (1385087 <= id <= 1385096)  (cost=2.28 rows=10)


table 7 : explain SELECT DISTINCT c FROM sbtest7 WHERE id BETWEEN 6284495 AND 6284504 ORDER BY c
	-> Sort: sbtest7.c
    -> Table scan on <temporary>  (cost=4.84..7.2 rows=10)
        -> Temporary table with deduplication  (cost=4.58..4.58 rows=10)
            -> Filter: (sbtest7.id between 6284495 and 6284504)  (cost=2.28 rows=10)
                -> Index range scan on sbtest7 using PRIMARY over (6284495 <= id <= 6284504)  (cost=2.28 rows=10)


table 8 : explain SELECT DISTINCT c FROM sbtest8 WHERE id BETWEEN 4717110 AND 4717119 ORDER BY c
	-> Sort: sbtest8.c
    -> Table scan on <temporary>  (cost=4.84..7.2 rows=10)
        -> Temporary table with deduplication  (cost=4.58..4.58 rows=10)
            -> Filter: (sbtest8.id between 4717110 and 4717119)  (cost=2.28 rows=10)
                -> Index range scan on sbtest8 using PRIMARY over (4717110 <= id <= 4717119)  (cost=2.28 rows=10)

explain: for index_updates :: explain UPDATE sbtest%u SET k=k+1 WHERE id=%u

for: distinct_ranges
table 1 : explain SELECT DISTINCT c FROM sbtest1 WHERE id BETWEEN 5305511 AND 5305520 ORDER BY c
	-> Sort: sbtest1.c
    -> Table scan on <temporary>  (cost=4.84..7.2 rows=10)
        -> Temporary table with deduplication  (cost=4.58..4.58 rows=10)
            -> Filter: (sbtest1.id between 5305511 and 5305520)  (cost=2.28 rows=10)
                -> Index range scan on sbtest1 using PRIMARY over (5305511 <= id <= 5305520)  (cost=2.28 rows=10)


table 2 : explain SELECT DISTINCT c FROM sbtest2 WHERE id BETWEEN 108779 AND 108788 ORDER BY c
	-> Sort: sbtest2.c
    -> Table scan on <temporary>  (cost=4.84..7.2 rows=10)
        -> Temporary table with deduplication  (cost=4.58..4.58 rows=10)
            -> Filter: (sbtest2.id between 108779 and 108788)  (cost=2.28 rows=10)
                -> Index range scan on sbtest2 using PRIMARY over (108779 <= id <= 108788)  (cost=2.28 rows=10)


table 3 : explain SELECT DISTINCT c FROM sbtest3 WHERE id BETWEEN 4481185 AND 4481194 ORDER BY c
	-> Sort: sbtest3.c
    -> Table scan on <temporary>  (cost=4.84..7.2 rows=10)
        -> Temporary table with deduplication  (cost=4.58..4.58 rows=10)
            -> Filter: (sbtest3.id between 4481185 and 4481194)  (cost=2.28 rows=10)
                -> Index range scan on sbtest3 using PRIMARY over (4481185 <= id <= 4481194)  (cost=2.28 rows=10)


table 4 : explain SELECT DISTINCT c FROM sbtest4 WHERE id BETWEEN 6512055 AND 6512064 ORDER BY c
	-> Sort: sbtest4.c
    -> Table scan on <temporary>  (cost=4.84..7.2 rows=10)
        -> Temporary table with deduplication  (cost=4.58..4.58 rows=10)
            -> Filter: (sbtest4.id between 6512055 and 6512064)  (cost=2.28 rows=10)
                -> Index range scan on sbtest4 using PRIMARY over (6512055 <= id <= 6512064)  (cost=2.28 rows=10)


table 5 : explain SELECT DISTINCT c FROM sbtest5 WHERE id BETWEEN 3034009 AND 3034018 ORDER BY c
	-> Sort: sbtest5.c
    -> Table scan on <temporary>  (cost=4.84..7.2 rows=10)
        -> Temporary table with deduplication  (cost=4.58..4.58 rows=10)
            -> Filter: (sbtest5.id between 3034009 and 3034018)  (cost=2.28 rows=10)
                -> Index range scan on sbtest5 using PRIMARY over (3034009 <= id <= 3034018)  (cost=2.28 rows=10)


table 6 : explain SELECT DISTINCT c FROM sbtest6 WHERE id BETWEEN 9559023 AND 9559032 ORDER BY c
	-> Sort: sbtest6.c
    -> Table scan on <temporary>  (cost=4.84..7.2 rows=10)
        -> Temporary table with deduplication  (cost=4.58..4.58 rows=10)
            -> Filter: (sbtest6.id between 9559023 and 9559032)  (cost=2.28 rows=10)
                -> Index range scan on sbtest6 using PRIMARY over (9559023 <= id <= 9559032)  (cost=2.28 rows=10)


table 7 : explain SELECT DISTINCT c FROM sbtest7 WHERE id BETWEEN 297215 AND 297224 ORDER BY c
	-> Sort: sbtest7.c
    -> Table scan on <temporary>  (cost=4.84..7.2 rows=10)
        -> Temporary table with deduplication  (cost=4.58..4.58 rows=10)
            -> Filter: (sbtest7.id between 297215 and 297224)  (cost=2.28 rows=10)
                -> Index range scan on sbtest7 using PRIMARY over (297215 <= id <= 297224)  (cost=2.28 rows=10)


table 8 : explain SELECT DISTINCT c FROM sbtest8 WHERE id BETWEEN 5492134 AND 5492143 ORDER BY c
	-> Sort: sbtest8.c
    -> Table scan on <temporary>  (cost=4.84..7.2 rows=10)
        -> Temporary table with deduplication  (cost=4.58..4.58 rows=10)
            -> Filter: (sbtest8.id between 5492134 and 5492143)  (cost=2.28 rows=10)
                -> Index range scan on sbtest8 using PRIMARY over (5492134 <= id <= 5492143)  (cost=2.28 rows=10)


for index_updates
table 1 : explain UPDATE sbtest1 SET k=k+1 WHERE id=9039520
	-> <not executable by iterator executor>


table 2 : explain UPDATE sbtest2 SET k=k+1 WHERE id=5050606
	-> <not executable by iterator executor>


table 3 : explain UPDATE sbtest3 SET k=k+1 WHERE id=490498
	-> <not executable by iterator executor>


table 4 : explain UPDATE sbtest4 SET k=k+1 WHERE id=1488073
	-> <not executable by iterator executor>


table 5 : explain UPDATE sbtest5 SET k=k+1 WHERE id=3320505
	-> <not executable by iterator executor>


table 6 : explain UPDATE sbtest6 SET k=k+1 WHERE id=9840298
	-> <not executable by iterator executor>


table 7 : explain UPDATE sbtest7 SET k=k+1 WHERE id=756669
	-> <not executable by iterator executor>


table 8 : explain UPDATE sbtest8 SET k=k+1 WHERE id=175735
	-> <not executable by iterator executor>


for: distinct_ranges
table 1 : explain SELECT DISTINCT c FROM sbtest1 WHERE id BETWEEN 5655611 AND 5655620 ORDER BY c
	-> Sort: sbtest1.c
    -> Table scan on <temporary>  (cost=4.84..7.2 rows=10)
        -> Temporary table with deduplication  (cost=4.58..4.58 rows=10)
            -> Filter: (sbtest1.id between 5655611 and 5655620)  (cost=2.28 rows=10)
                -> Index range scan on sbtest1 using PRIMARY over (5655611 <= id <= 5655620)  (cost=2.28 rows=10)


table 2 : explain SELECT DISTINCT c FROM sbtest2 WHERE id BETWEEN 1766576 AND 1766585 ORDER BY c
	-> Sort: sbtest2.c
    -> Table scan on <temporary>  (cost=4.84..7.2 rows=10)
        -> Temporary table with deduplication  (cost=4.58..4.58 rows=10)
            -> Filter: (sbtest2.id between 1766576 and 1766585)  (cost=2.28 rows=10)
                -> Index range scan on sbtest2 using PRIMARY over (1766576 <= id <= 1766585)  (cost=2.28 rows=10)


table 3 : explain SELECT DISTINCT c FROM sbtest3 WHERE id BETWEEN 4892293 AND 4892302 ORDER BY c
	-> Sort: sbtest3.c
    -> Table scan on <temporary>  (cost=4.84..7.2 rows=10)
        -> Temporary table with deduplication  (cost=4.58..4.58 rows=10)
            -> Filter: (sbtest3.id between 4892293 and 4892302)  (cost=2.28 rows=10)
                -> Index range scan on sbtest3 using PRIMARY over (4892293 <= id <= 4892302)  (cost=2.28 rows=10)


table 4 : explain SELECT DISTINCT c FROM sbtest4 WHERE id BETWEEN 2011990 AND 2011999 ORDER BY c
	-> Sort: sbtest4.c
    -> Table scan on <temporary>  (cost=4.84..7.2 rows=10)
        -> Temporary table with deduplication  (cost=4.58..4.58 rows=10)
            -> Filter: (sbtest4.id between 2011990 and 2011999)  (cost=2.28 rows=10)
                -> Index range scan on sbtest4 using PRIMARY over (2011990 <= id <= 2011999)  (cost=2.28 rows=10)


table 5 : explain SELECT DISTINCT c FROM sbtest5 WHERE id BETWEEN 2715547 AND 2715556 ORDER BY c
	-> Sort: sbtest5.c
    -> Table scan on <temporary>  (cost=4.84..7.2 rows=10)
        -> Temporary table with deduplication  (cost=4.58..4.58 rows=10)
            -> Filter: (sbtest5.id between 2715547 and 2715556)  (cost=2.28 rows=10)
                -> Index range scan on sbtest5 using PRIMARY over (2715547 <= id <= 2715556)  (cost=2.28 rows=10)


table 6 : explain SELECT DISTINCT c FROM sbtest6 WHERE id BETWEEN 4919186 AND 4919195 ORDER BY c
	-> Sort: sbtest6.c
    -> Table scan on <temporary>  (cost=4.84..7.2 rows=10)
        -> Temporary table with deduplication  (cost=4.58..4.58 rows=10)
            -> Filter: (sbtest6.id between 4919186 and 4919195)  (cost=2.28 rows=10)
                -> Index range scan on sbtest6 using PRIMARY over (4919186 <= id <= 4919195)  (cost=2.28 rows=10)


table 7 : explain SELECT DISTINCT c FROM sbtest7 WHERE id BETWEEN 2181407 AND 2181416 ORDER BY c
	-> Sort: sbtest7.c
    -> Table scan on <temporary>  (cost=4.84..7.2 rows=10)
        -> Temporary table with deduplication  (cost=4.58..4.58 rows=10)
            -> Filter: (sbtest7.id between 2181407 and 2181416)  (cost=2.28 rows=10)
                -> Index range scan on sbtest7 using PRIMARY over (2181407 <= id <= 2181416)  (cost=2.28 rows=10)


table 8 : explain SELECT DISTINCT c FROM sbtest8 WHERE id BETWEEN 9928497 AND 9928506 ORDER BY c
	-> Sort: sbtest8.c
    -> Table scan on <temporary>  (cost=4.84..7.2 rows=10)
        -> Temporary table with deduplication  (cost=4.58..4.58 rows=10)
            -> Filter: (sbtest8.id between 9928497 and 9928506)  (cost=2.28 rows=10)
                -> Index range scan on sbtest8 using PRIMARY over (9928497 <= id <= 9928506)  (cost=2.28 rows=10)


for: distinct_ranges
table 1 : explain SELECT DISTINCT c FROM sbtest1 WHERE id BETWEEN 8884401 AND 8884410 ORDER BY c
	-> Sort: sbtest1.c
    -> Table scan on <temporary>  (cost=4.84..7.2 rows=10)
        -> Temporary table with deduplication  (cost=4.58..4.58 rows=10)
            -> Filter: (sbtest1.id between 8884401 and 8884410)  (cost=2.28 rows=10)
                -> Index range scan on sbtest1 using PRIMARY over (8884401 <= id <= 8884410)  (cost=2.28 rows=10)


table 2 : explain SELECT DISTINCT c FROM sbtest2 WHERE id BETWEEN 6264967 AND 6264976 ORDER BY c
	-> Sort: sbtest2.c
    -> Table scan on <temporary>  (cost=4.84..7.2 rows=10)
        -> Temporary table with deduplication  (cost=4.58..4.58 rows=10)
            -> Filter: (sbtest2.id between 6264967 and 6264976)  (cost=2.28 rows=10)
                -> Index range scan on sbtest2 using PRIMARY over (6264967 <= id <= 6264976)  (cost=2.28 rows=10)


table 3 : explain SELECT DISTINCT c FROM sbtest3 WHERE id BETWEEN 1454754 AND 1454763 ORDER BY c
	-> Sort: sbtest3.c
    -> Table scan on <temporary>  (cost=4.84..7.2 rows=10)
        -> Temporary table with deduplication  (cost=4.58..4.58 rows=10)
            -> Filter: (sbtest3.id between 1454754 and 1454763)  (cost=2.28 rows=10)
                -> Index range scan on sbtest3 using PRIMARY over (1454754 <= id <= 1454763)  (cost=2.28 rows=10)


table 4 : explain SELECT DISTINCT c FROM sbtest4 WHERE id BETWEEN 4028199 AND 4028208 ORDER BY c
	-> Sort: sbtest4.c
    -> Table scan on <temporary>  (cost=4.84..7.2 rows=10)
        -> Temporary table with deduplication  (cost=4.58..4.58 rows=10)
            -> Filter: (sbtest4.id between 4028199 and 4028208)  (cost=2.28 rows=10)
                -> Index range scan on sbtest4 using PRIMARY over (4028199 <= id <= 4028208)  (cost=2.28 rows=10)


table 5 : explain SELECT DISTINCT c FROM sbtest5 WHERE id BETWEEN 3344922 AND 3344931 ORDER BY c
	-> Sort: sbtest5.c
    -> Table scan on <temporary>  (cost=4.84..7.2 rows=10)
        -> Temporary table with deduplication  (cost=4.58..4.58 rows=10)
            -> Filter: (sbtest5.id between 3344922 and 3344931)  (cost=2.28 rows=10)
                -> Index range scan on sbtest5 using PRIMARY over (3344922 <= id <= 3344931)  (cost=2.28 rows=10)


table 6 : explain SELECT DISTINCT c FROM sbtest6 WHERE id BETWEEN 9932540 AND 9932549 ORDER BY c
	-> Sort: sbtest6.c
    -> Table scan on <temporary>  (cost=4.84..7.2 rows=10)
        -> Temporary table with deduplication  (cost=4.58..4.58 rows=10)
            -> Filter: (sbtest6.id between 9932540 and 9932549)  (cost=2.28 rows=10)
                -> Index range scan on sbtest6 using PRIMARY over (9932540 <= id <= 9932549)  (cost=2.28 rows=10)


table 7 : explain SELECT DISTINCT c FROM sbtest7 WHERE id BETWEEN 1244206 AND 1244215 ORDER BY c
	-> Sort: sbtest7.c
    -> Table scan on <temporary>  (cost=4.84..7.2 rows=10)
        -> Temporary table with deduplication  (cost=4.58..4.58 rows=10)
            -> Filter: (sbtest7.id between 1244206 and 1244215)  (cost=2.28 rows=10)
                -> Index range scan on sbtest7 using PRIMARY over (1244206 <= id <= 1244215)  (cost=2.28 rows=10)


table 8 : explain SELECT DISTINCT c FROM sbtest8 WHERE id BETWEEN 6908234 AND 6908243 ORDER BY c
	-> Sort: sbtest8.c
    -> Table scan on <temporary>  (cost=4.84..7.2 rows=10)
        -> Temporary table with deduplication  (cost=4.58..4.58 rows=10)
            -> Filter: (sbtest8.id between 6908234 and 6908243)  (cost=2.28 rows=10)
                -> Index range scan on sbtest8 using PRIMARY over (6908234 <= id <= 6908243)  (cost=2.28 rows=10)


for index_updates
table 1 : explain UPDATE sbtest1 SET k=k+1 WHERE id=826530
	-> <not executable by iterator executor>


table 2 : explain UPDATE sbtest2 SET k=k+1 WHERE id=7897952
	-> <not executable by iterator executor>


table 3 : explain UPDATE sbtest3 SET k=k+1 WHERE id=7257728
	-> <not executable by iterator executor>


table 4 : explain UPDATE sbtest4 SET k=k+1 WHERE id=2472180
	-> <not executable by iterator executor>


table 5 : explain UPDATE sbtest5 SET k=k+1 WHERE id=816693
	-> <not executable by iterator executor>


table 6 : explain UPDATE sbtest6 SET k=k+1 WHERE id=3728798
	-> <not executable by iterator executor>


table 7 : explain UPDATE sbtest7 SET k=k+1 WHERE id=7317410
	-> <not executable by iterator executor>


table 8 : explain UPDATE sbtest8 SET k=k+1 WHERE id=5407369
	-> <not executable by iterator executor>


for: distinct_ranges
table 1 : explain SELECT DISTINCT c FROM sbtest1 WHERE id BETWEEN 1141901 AND 1141910 ORDER BY c
	-> Sort: sbtest1.c
    -> Table scan on <temporary>  (cost=4.84..7.2 rows=10)
        -> Temporary table with deduplication  (cost=4.58..4.58 rows=10)
            -> Filter: (sbtest1.id between 1141901 and 1141910)  (cost=2.28 rows=10)
                -> Index range scan on sbtest1 using PRIMARY over (1141901 <= id <= 1141910)  (cost=2.28 rows=10)


table 2 : explain SELECT DISTINCT c FROM sbtest2 WHERE id BETWEEN 9707646 AND 9707655 ORDER BY c
	-> Sort: sbtest2.c
    -> Table scan on <temporary>  (cost=4.84..7.2 rows=10)
        -> Temporary table with deduplication  (cost=4.58..4.58 rows=10)
            -> Filter: (sbtest2.id between 9707646 and 9707655)  (cost=2.28 rows=10)
                -> Index range scan on sbtest2 using PRIMARY over (9707646 <= id <= 9707655)  (cost=2.28 rows=10)


table 3 : explain SELECT DISTINCT c FROM sbtest3 WHERE id BETWEEN 5745143 AND 5745152 ORDER BY c
	-> Sort: sbtest3.c
    -> Table scan on <temporary>  (cost=4.84..7.2 rows=10)
        -> Temporary table with deduplication  (cost=4.58..4.58 rows=10)
            -> Filter: (sbtest3.id between 5745143 and 5745152)  (cost=2.28 rows=10)
                -> Index range scan on sbtest3 using PRIMARY over (5745143 <= id <= 5745152)  (cost=2.28 rows=10)


table 4 : explain SELECT DISTINCT c FROM sbtest4 WHERE id BETWEEN 4115231 AND 4115240 ORDER BY c
	-> Sort: sbtest4.c
    -> Table scan on <temporary>  (cost=4.84..7.2 rows=10)
        -> Temporary table with deduplication  (cost=4.58..4.58 rows=10)
            -> Filter: (sbtest4.id between 4115231 and 4115240)  (cost=2.28 rows=10)
                -> Index range scan on sbtest4 using PRIMARY over (4115231 <= id <= 4115240)  (cost=2.28 rows=10)


table 5 : explain SELECT DISTINCT c FROM sbtest5 WHERE id BETWEEN 7840522 AND 7840531 ORDER BY c
	-> Sort: sbtest5.c
    -> Table scan on <temporary>  (cost=4.84..7.2 rows=10)
        -> Temporary table with deduplication  (cost=4.58..4.58 rows=10)
            -> Filter: (sbtest5.id between 7840522 and 7840531)  (cost=2.28 rows=10)
                -> Index range scan on sbtest5 using PRIMARY over (7840522 <= id <= 7840531)  (cost=2.28 rows=10)


table 6 : explain SELECT DISTINCT c FROM sbtest6 WHERE id BETWEEN 3500631 AND 3500640 ORDER BY c
	-> Sort: sbtest6.c
    -> Table scan on <temporary>  (cost=4.84..7.2 rows=10)
        -> Temporary table with deduplication  (cost=4.58..4.58 rows=10)
            -> Filter: (sbtest6.id between 3500631 and 3500640)  (cost=2.28 rows=10)
                -> Index range scan on sbtest6 using PRIMARY over (3500631 <= id <= 3500640)  (cost=2.28 rows=10)


table 7 : explain SELECT DISTINCT c FROM sbtest7 WHERE id BETWEEN 5259716 AND 5259725 ORDER BY c
	-> Sort: sbtest7.c
    -> Table scan on <temporary>  (cost=4.84..7.2 rows=10)
        -> Temporary table with deduplication  (cost=4.58..4.58 rows=10)
            -> Filter: (sbtest7.id between 5259716 and 5259725)  (cost=2.28 rows=10)
                -> Index range scan on sbtest7 using PRIMARY over (5259716 <= id <= 5259725)  (cost=2.28 rows=10)


table 8 : explain SELECT DISTINCT c FROM sbtest8 WHERE id BETWEEN 2707700 AND 2707709 ORDER BY c
	-> Sort: sbtest8.c
    -> Table scan on <temporary>  (cost=4.84..7.2 rows=10)
        -> Temporary table with deduplication  (cost=4.58..4.58 rows=10)
            -> Filter: (sbtest8.id between 2707700 and 2707709)  (cost=2.28 rows=10)
                -> Index range scan on sbtest8 using PRIMARY over (2707700 <= id <= 2707709)  (cost=2.28 rows=10)


explain: for index_updates :: explain UPDATE sbtest%u SET k=k+1 WHERE id=%u
for: distinct_ranges
table 1 : explain SELECT DISTINCT c FROM sbtest1 WHERE id BETWEEN 2766250 AND 2766259 ORDER BY c
	-> Sort: sbtest1.c
    -> Table scan on <temporary>  (cost=4.84..7.2 rows=10)
        -> Temporary table with deduplication  (cost=4.58..4.58 rows=10)
            -> Filter: (sbtest1.id between 2766250 and 2766259)  (cost=2.28 rows=10)
                -> Index range scan on sbtest1 using PRIMARY over (2766250 <= id <= 2766259)  (cost=2.28 rows=10)


table 2 : explain SELECT DISTINCT c FROM sbtest2 WHERE id BETWEEN 3619756 AND 3619765 ORDER BY c
	-> Sort: sbtest2.c
    -> Table scan on <temporary>  (cost=4.84..7.2 rows=10)
        -> Temporary table with deduplication  (cost=4.58..4.58 rows=10)
            -> Filter: (sbtest2.id between 3619756 and 3619765)  (cost=2.28 rows=10)
                -> Index range scan on sbtest2 using PRIMARY over (3619756 <= id <= 3619765)  (cost=2.28 rows=10)


table 3 : explain SELECT DISTINCT c FROM sbtest3 WHERE id BETWEEN 5312916 AND 5312925 ORDER BY c
	-> Sort: sbtest3.c
    -> Table scan on <temporary>  (cost=4.84..7.2 rows=10)
        -> Temporary table with deduplication  (cost=4.58..4.58 rows=10)
            -> Filter: (sbtest3.id between 5312916 and 5312925)  (cost=2.28 rows=10)
                -> Index range scan on sbtest3 using PRIMARY over (5312916 <= id <= 5312925)  (cost=2.28 rows=10)


table 4 : explain SELECT DISTINCT c FROM sbtest4 WHERE id BETWEEN 421588 AND 421597 ORDER BY c
	-> Sort: sbtest4.c
    -> Table scan on <temporary>  (cost=4.84..7.2 rows=10)
        -> Temporary table with deduplication  (cost=4.58..4.58 rows=10)
            -> Filter: (sbtest4.id between 421588 and 421597)  (cost=2.28 rows=10)
                -> Index range scan on sbtest4 using PRIMARY over (421588 <= id <= 421597)  (cost=2.28 rows=10)


table 5 : explain SELECT DISTINCT c FROM sbtest5 WHERE id BETWEEN 7783828 AND 7783837 ORDER BY c
	-> Sort: sbtest5.c
    -> Table scan on <temporary>  (cost=4.84..7.2 rows=10)
        -> Temporary table with deduplication  (cost=4.58..4.58 rows=10)
            -> Filter: (sbtest5.id between 7783828 and 7783837)  (cost=2.28 rows=10)
                -> Index range scan on sbtest5 using PRIMARY over (7783828 <= id <= 7783837)  (cost=2.28 rows=10)


table 6 : explain SELECT DISTINCT c FROM sbtest6 WHERE id BETWEEN 9805059 AND 9805068 ORDER BY c
	-> Sort: sbtest6.c
    -> Table scan on <temporary>  (cost=4.84..7.2 rows=10)
        -> Temporary table with deduplication  (cost=4.58..4.58 rows=10)
            -> Filter: (sbtest6.id between 9805059 and 9805068)  (cost=2.28 rows=10)
                -> Index range scan on sbtest6 using PRIMARY over (9805059 <= id <= 9805068)  (cost=2.28 rows=10)


table 7 : explain SELECT DISTINCT c FROM sbtest7 WHERE id BETWEEN 9746402 AND 9746411 ORDER BY c
	-> Sort: sbtest7.c
    -> Table scan on <temporary>  (cost=4.84..7.2 rows=10)
        -> Temporary table with deduplication  (cost=4.58..4.58 rows=10)
            -> Filter: (sbtest7.id between 9746402 and 9746411)  (cost=2.28 rows=10)
                -> Index range scan on sbtest7 using PRIMARY over (9746402 <= id <= 9746411)  (cost=2.28 rows=10)


table 8 : explain SELECT DISTINCT c FROM sbtest8 WHERE id BETWEEN 7769003 AND 7769012 ORDER BY c
	-> Sort: sbtest8.c
    -> Table scan on <temporary>  (cost=4.84..7.2 rows=10)
        -> Temporary table with deduplication  (cost=4.58..4.58 rows=10)
            -> Filter: (sbtest8.id between 7769003 and 7769012)  (cost=2.28 rows=10)
                -> Index range scan on sbtest8 using PRIMARY over (7769003 <= id <= 7769012)  (cost=2.28 rows=10)


explain: for index_updates :: explain UPDATE sbtest%u SET k=k+1 WHERE id=%u
explain: for index_updates :: explain UPDATE sbtest%u SET k=k+1 WHERE id=%u
for: distinct_ranges
table 1 : explain SELECT DISTINCT c FROM sbtest1 WHERE id BETWEEN 2005262 AND 2005271 ORDER BY c
	-> Sort: sbtest1.c
    -> Table scan on <temporary>  (cost=4.84..7.2 rows=10)
        -> Temporary table with deduplication  (cost=4.58..4.58 rows=10)
            -> Filter: (sbtest1.id between 2005262 and 2005271)  (cost=2.28 rows=10)
                -> Index range scan on sbtest1 using PRIMARY over (2005262 <= id <= 2005271)  (cost=2.28 rows=10)


table 2 : explain SELECT DISTINCT c FROM sbtest2 WHERE id BETWEEN 6727356 AND 6727365 ORDER BY c
	-> Sort: sbtest2.c
    -> Table scan on <temporary>  (cost=4.84..7.2 rows=10)
        -> Temporary table with deduplication  (cost=4.58..4.58 rows=10)
            -> Filter: (sbtest2.id between 6727356 and 6727365)  (cost=2.28 rows=10)
                -> Index range scan on sbtest2 using PRIMARY over (6727356 <= id <= 6727365)  (cost=2.28 rows=10)


table 3 : explain SELECT DISTINCT c FROM sbtest3 WHERE id BETWEEN 5019560 AND 5019569 ORDER BY c
	-> Sort: sbtest3.c
    -> Table scan on <temporary>  (cost=4.84..7.2 rows=10)
        -> Temporary table with deduplication  (cost=4.58..4.58 rows=10)
            -> Filter: (sbtest3.id between 5019560 and 5019569)  (cost=2.28 rows=10)
                -> Index range scan on sbtest3 using PRIMARY over (5019560 <= id <= 5019569)  (cost=2.28 rows=10)


table 4 : explain SELECT DISTINCT c FROM sbtest4 WHERE id BETWEEN 74679 AND 74688 ORDER BY c
	-> Sort: sbtest4.c
    -> Table scan on <temporary>  (cost=4.84..7.2 rows=10)
        -> Temporary table with deduplication  (cost=4.58..4.58 rows=10)
            -> Filter: (sbtest4.id between 74679 and 74688)  (cost=2.28 rows=10)
                -> Index range scan on sbtest4 using PRIMARY over (74679 <= id <= 74688)  (cost=2.28 rows=10)


table 5 : explain SELECT DISTINCT c FROM sbtest5 WHERE id BETWEEN 4011830 AND 4011839 ORDER BY c
	-> Sort: sbtest5.c
    -> Table scan on <temporary>  (cost=4.84..7.2 rows=10)
        -> Temporary table with deduplication  (cost=4.58..4.58 rows=10)
            -> Filter: (sbtest5.id between 4011830 and 4011839)  (cost=2.28 rows=10)
                -> Index range scan on sbtest5 using PRIMARY over (4011830 <= id <= 4011839)  (cost=2.28 rows=10)


table 6 : explain SELECT DISTINCT c FROM sbtest6 WHERE id BETWEEN 631633 AND 631642 ORDER BY c
	-> Sort: sbtest6.c
    -> Table scan on <temporary>  (cost=4.84..7.2 rows=10)
        -> Temporary table with deduplication  (cost=4.58..4.58 rows=10)
            -> Filter: (sbtest6.id between 631633 and 631642)  (cost=2.28 rows=10)
                -> Index range scan on sbtest6 using PRIMARY over (631633 <= id <= 631642)  (cost=2.28 rows=10)


table 7 : explain SELECT DISTINCT c FROM sbtest7 WHERE id BETWEEN 274513 AND 274522 ORDER BY c
	-> Sort: sbtest7.c
    -> Table scan on <temporary>  (cost=4.84..7.2 rows=10)
        -> Temporary table with deduplication  (cost=4.58..4.58 rows=10)
            -> Filter: (sbtest7.id between 274513 and 274522)  (cost=2.28 rows=10)
                -> Index range scan on sbtest7 using PRIMARY over (274513 <= id <= 274522)  (cost=2.28 rows=10)


table 8 : explain SELECT DISTINCT c FROM sbtest8 WHERE id BETWEEN 3018096 AND 3018105 ORDER BY c
	-> Sort: sbtest8.c
    -> Table scan on <temporary>  (cost=4.84..7.2 rows=10)
        -> Temporary table with deduplication  (cost=4.58..4.58 rows=10)
            -> Filter: (sbtest8.id between 3018096 and 3018105)  (cost=2.28 rows=10)
                -> Index range scan on sbtest8 using PRIMARY over (3018096 <= id <= 3018105)  (cost=2.28 rows=10)

for index_updates
table 1 : explain UPDATE sbtest1 SET k=k+1 WHERE id=9979018
	-> <not executable by iterator executor>


table 2 : explain UPDATE sbtest2 SET k=k+1 WHERE id=8027284
	-> <not executable by iterator executor>


table 3 : explain UPDATE sbtest3 SET k=k+1 WHERE id=1645765
	-> <not executable by iterator executor>


table 4 : explain UPDATE sbtest4 SET k=k+1 WHERE id=1531847
	-> <not executable by iterator executor>


table 5 : explain UPDATE sbtest5 SET k=k+1 WHERE id=3206238
	-> <not executable by iterator executor>


table 6 : explain UPDATE sbtest6 SET k=k+1 WHERE id=4037953
	-> <not executable by iterator executor>


table 7 : explain UPDATE sbtest7 SET k=k+1 WHERE id=9347126
	-> <not executable by iterator executor>


table 8 : explain UPDATE sbtest8 SET k=k+1 WHERE id=5485742
	-> <not executable by iterator executor>



explain: for index_updates :: explain UPDATE sbtest%u SET k=k+1 WHERE id=%u
for index_updates
table 1 : explain UPDATE sbtest1 SET k=k+1 WHERE id=5555154
	-> <not executable by iterator executor>


table 2 : explain UPDATE sbtest2 SET k=k+1 WHERE id=8968048
	-> <not executable by iterator executor>


table 3 : explain UPDATE sbtest3 SET k=k+1 WHERE id=5888441
	-> <not executable by iterator executor>


table 4 : explain UPDATE sbtest4 SET k=k+1 WHERE id=4695401
	-> <not executable by iterator executor>


table 5 : explain UPDATE sbtest5 SET k=k+1 WHERE id=8215051
	-> <not executable by iterator executor>


table 6 : explain UPDATE sbtest6 SET k=k+1 WHERE id=3927832
	-> <not executable by iterator executor>


table 7 : explain UPDATE sbtest7 SET k=k+1 WHERE id=9039860
	-> <not executable by iterator executor>


table 8 : explain UPDATE sbtest8 SET k=k+1 WHERE id=3250793
	-> <not executable by iterator executor>


for: distinct_ranges
table 1 : explain SELECT DISTINCT c FROM sbtest1 WHERE id BETWEEN 7466026 AND 7466035 ORDER BY c
	-> Sort: sbtest1.c
    -> Table scan on <temporary>  (cost=4.84..7.2 rows=10)
        -> Temporary table with deduplication  (cost=4.58..4.58 rows=10)
            -> Filter: (sbtest1.id between 7466026 and 7466035)  (cost=2.28 rows=10)
                -> Index range scan on sbtest1 using PRIMARY over (7466026 <= id <= 7466035)  (cost=2.28 rows=10)


table 2 : explain SELECT DISTINCT c FROM sbtest2 WHERE id BETWEEN 1203428 AND 1203437 ORDER BY c
	-> Sort: sbtest2.c
    -> Table scan on <temporary>  (cost=4.84..7.2 rows=10)
        -> Temporary table with deduplication  (cost=4.58..4.58 rows=10)
            -> Filter: (sbtest2.id between 1203428 and 1203437)  (cost=2.28 rows=10)
                -> Index range scan on sbtest2 using PRIMARY over (1203428 <= id <= 1203437)  (cost=2.28 rows=10)


table 3 : explain SELECT DISTINCT c FROM sbtest3 WHERE id BETWEEN 8341490 AND 8341499 ORDER BY c
	-> Sort: sbtest3.c
    -> Table scan on <temporary>  (cost=4.84..7.2 rows=10)
        -> Temporary table with deduplication  (cost=4.58..4.58 rows=10)
            -> Filter: (sbtest3.id between 8341490 and 8341499)  (cost=2.28 rows=10)
                -> Index range scan on sbtest3 using PRIMARY over (8341490 <= id <= 8341499)  (cost=2.28 rows=10)


table 4 : explain SELECT DISTINCT c FROM sbtest4 WHERE id BETWEEN 4102359 AND 4102368 ORDER BY c
	-> Sort: sbtest4.c
    -> Table scan on <temporary>  (cost=4.84..7.2 rows=10)
        -> Temporary table with deduplication  (cost=4.58..4.58 rows=10)
            -> Filter: (sbtest4.id between 4102359 and 4102368)  (cost=2.28 rows=10)
                -> Index range scan on sbtest4 using PRIMARY over (4102359 <= id <= 4102368)  (cost=2.28 rows=10)


table 5 : explain SELECT DISTINCT c FROM sbtest5 WHERE id BETWEEN 4109037 AND 4109046 ORDER BY c
	-> Sort: sbtest5.c
    -> Table scan on <temporary>  (cost=4.84..7.2 rows=10)
        -> Temporary table with deduplication  (cost=4.58..4.58 rows=10)
            -> Filter: (sbtest5.id between 4109037 and 4109046)  (cost=2.28 rows=10)
                -> Index range scan on sbtest5 using PRIMARY over (4109037 <= id <= 4109046)  (cost=2.28 rows=10)


table 6 : explain SELECT DISTINCT c FROM sbtest6 WHERE id BETWEEN 3746305 AND 3746314 ORDER BY c
	-> Sort: sbtest6.c
    -> Table scan on <temporary>  (cost=4.84..7.2 rows=10)
        -> Temporary table with deduplication  (cost=4.58..4.58 rows=10)
            -> Filter: (sbtest6.id between 3746305 and 3746314)  (cost=2.28 rows=10)
                -> Index range scan on sbtest6 using PRIMARY over (3746305 <= id <= 3746314)  (cost=2.28 rows=10)


table 7 : explain SELECT DISTINCT c FROM sbtest7 WHERE id BETWEEN 8726672 AND 8726681 ORDER BY c
	-> Sort: sbtest7.c
    -> Table scan on <temporary>  (cost=4.84..7.2 rows=10)
        -> Temporary table with deduplication  (cost=4.58..4.58 rows=10)
            -> Filter: (sbtest7.id between 8726672 and 8726681)  (cost=2.28 rows=10)
                -> Index range scan on sbtest7 using PRIMARY over (8726672 <= id <= 8726681)  (cost=2.28 rows=10)


table 8 : explain SELECT DISTINCT c FROM sbtest8 WHERE id BETWEEN 3108589 AND 3108598 ORDER BY c
	-> Sort: sbtest8.c
    -> Table scan on <temporary>  (cost=4.84..7.2 rows=10)
        -> Temporary table with deduplication  (cost=4.58..4.58 rows=10)
            -> Filter: (sbtest8.id between 3108589 and 3108598)  (cost=2.28 rows=10)
                -> Index range scan on sbtest8 using PRIMARY over (3108589 <= id <= 3108598)  (cost=2.28 rows=10)


explain: for index_updates :: explain UPDATE sbtest%u SET k=k+1 WHERE id=%u
explain: for index_updates :: explain UPDATE sbtest%u SET k=k+1 WHERE id=%u
for index_updates
table 1 : explain UPDATE sbtest1 SET k=k+1 WHERE id=9260216
	-> <not executable by iterator executor>


table 2 : explain UPDATE sbtest2 SET k=k+1 WHERE id=1991347
	-> <not executable by iterator executor>


table 3 : explain UPDATE sbtest3 SET k=k+1 WHERE id=689787
	-> <not executable by iterator executor>


table 4 : explain UPDATE sbtest4 SET k=k+1 WHERE id=9909429
	-> <not executable by iterator executor>


table 5 : explain UPDATE sbtest5 SET k=k+1 WHERE id=3731245
	-> <not executable by iterator executor>


table 6 : explain UPDATE sbtest6 SET k=k+1 WHERE id=7645364
	-> <not executable by iterator executor>


table 7 : explain UPDATE sbtest7 SET k=k+1 WHERE id=5941555
	-> <not executable by iterator executor>


table 8 : explain UPDATE sbtest8 SET k=k+1 WHERE id=6686808
	-> <not executable by iterator executor>


for index_updates
table 1 : explain UPDATE sbtest1 SET k=k+1 WHERE id=157500
	-> <not executable by iterator executor>


table 2 : explain UPDATE sbtest2 SET k=k+1 WHERE id=2568474
	-> <not executable by iterator executor>


table 3 : explain UPDATE sbtest3 SET k=k+1 WHERE id=339237
	-> <not executable by iterator executor>


table 4 : explain UPDATE sbtest4 SET k=k+1 WHERE id=6856717
	-> <not executable by iterator executor>


table 5 : explain UPDATE sbtest5 SET k=k+1 WHERE id=3173451
	-> <not executable by iterator executor>


table 6 : explain UPDATE sbtest6 SET k=k+1 WHERE id=567529
	-> <not executable by iterator executor>


table 7 : explain UPDATE sbtest7 SET k=k+1 WHERE id=8464574
	-> <not executable by iterator executor>


table 8 : explain UPDATE sbtest8 SET k=k+1 WHERE id=5383831
	-> <not executable by iterator executor>


for index_updates
table 1 : explain UPDATE sbtest1 SET k=k+1 WHERE id=5329610
	-> <not executable by iterator executor>


table 2 : explain UPDATE sbtest2 SET k=k+1 WHERE id=3232810
	-> <not executable by iterator executor>


table 3 : explain UPDATE sbtest3 SET k=k+1 WHERE id=6091401
	-> <not executable by iterator executor>


table 4 : explain UPDATE sbtest4 SET k=k+1 WHERE id=3989864
	-> <not executable by iterator executor>


table 5 : explain UPDATE sbtest5 SET k=k+1 WHERE id=6097223
	-> <not executable by iterator executor>


table 6 : explain UPDATE sbtest6 SET k=k+1 WHERE id=213924
	-> <not executable by iterator executor>


table 7 : explain UPDATE sbtest7 SET k=k+1 WHERE id=8894673
	-> <not executable by iterator executor>


table 8 : explain UPDATE sbtest8 SET k=k+1 WHERE id=6431388
	-> <not executable by iterator executor>


explain: for index_updates :: explain UPDATE sbtest%u SET k=k+1 WHERE id=%u
for: distinct_ranges
table 1 : explain SELECT DISTINCT c FROM sbtest1 WHERE id BETWEEN 6659669 AND 6659678 ORDER BY c
	-> Sort: sbtest1.c
    -> Table scan on <temporary>  (cost=4.84..7.2 rows=10)
        -> Temporary table with deduplication  (cost=4.58..4.58 rows=10)
            -> Filter: (sbtest1.id between 6659669 and 6659678)  (cost=2.28 rows=10)
                -> Index range scan on sbtest1 using PRIMARY over (6659669 <= id <= 6659678)  (cost=2.28 rows=10)


table 2 : explain SELECT DISTINCT c FROM sbtest2 WHERE id BETWEEN 2759610 AND 2759619 ORDER BY c
	-> Sort: sbtest2.c
    -> Table scan on <temporary>  (cost=4.84..7.2 rows=10)
        -> Temporary table with deduplication  (cost=4.58..4.58 rows=10)
            -> Filter: (sbtest2.id between 2759610 and 2759619)  (cost=2.28 rows=10)
                -> Index range scan on sbtest2 using PRIMARY over (2759610 <= id <= 2759619)  (cost=2.28 rows=10)


table 3 : explain SELECT DISTINCT c FROM sbtest3 WHERE id BETWEEN 446022 AND 446031 ORDER BY c
	-> Sort: sbtest3.c
    -> Table scan on <temporary>  (cost=4.84..7.2 rows=10)
        -> Temporary table with deduplication  (cost=4.58..4.58 rows=10)
            -> Filter: (sbtest3.id between 446022 and 446031)  (cost=2.28 rows=10)
                -> Index range scan on sbtest3 using PRIMARY over (446022 <= id <= 446031)  (cost=2.28 rows=10)


table 4 : explain SELECT DISTINCT c FROM sbtest4 WHERE id BETWEEN 986761 AND 986770 ORDER BY c
	-> Sort: sbtest4.c
    -> Table scan on <temporary>  (cost=4.84..7.2 rows=10)
        -> Temporary table with deduplication  (cost=4.58..4.58 rows=10)
            -> Filter: (sbtest4.id between 986761 and 986770)  (cost=2.28 rows=10)
                -> Index range scan on sbtest4 using PRIMARY over (986761 <= id <= 986770)  (cost=2.28 rows=10)


table 5 : explain SELECT DISTINCT c FROM sbtest5 WHERE id BETWEEN 8779500 AND 8779509 ORDER BY c
	-> Sort: sbtest5.c
    -> Table scan on <temporary>  (cost=4.84..7.2 rows=10)
        -> Temporary table with deduplication  (cost=4.58..4.58 rows=10)
            -> Filter: (sbtest5.id between 8779500 and 8779509)  (cost=2.28 rows=10)
                -> Index range scan on sbtest5 using PRIMARY over (8779500 <= id <= 8779509)  (cost=2.28 rows=10)


table 6 : explain SELECT DISTINCT c FROM sbtest6 WHERE id BETWEEN 9825530 AND 9825539 ORDER BY c
	-> Sort: sbtest6.c
    -> Table scan on <temporary>  (cost=4.84..7.2 rows=10)
        -> Temporary table with deduplication  (cost=4.58..4.58 rows=10)
            -> Filter: (sbtest6.id between 9825530 and 9825539)  (cost=2.28 rows=10)
                -> Index range scan on sbtest6 using PRIMARY over (9825530 <= id <= 9825539)  (cost=2.28 rows=10)


table 7 : explain SELECT DISTINCT c FROM sbtest7 WHERE id BETWEEN 7912845 AND 7912854 ORDER BY c
	-> Sort: sbtest7.c
    -> Table scan on <temporary>  (cost=4.84..7.2 rows=10)
        -> Temporary table with deduplication  (cost=4.58..4.58 rows=10)
            -> Filter: (sbtest7.id between 7912845 and 7912854)  (cost=2.28 rows=10)
                -> Index range scan on sbtest7 using PRIMARY over (7912845 <= id <= 7912854)  (cost=2.28 rows=10)


table 8 : explain SELECT DISTINCT c FROM sbtest8 WHERE id BETWEEN 8892868 AND 8892877 ORDER BY c
	-> Sort: sbtest8.c
    -> Table scan on <temporary>  (cost=4.84..7.2 rows=10)
        -> Temporary table with deduplication  (cost=4.58..4.58 rows=10)
            -> Filter: (sbtest8.id between 8892868 and 8892877)  (cost=2.28 rows=10)
                -> Index range scan on sbtest8 using PRIMARY over (8892868 <= id <= 8892877)  (cost=2.28 rows=10)


explain: for index_updates :: explain UPDATE sbtest%u SET k=k+1 WHERE id=%u
explain: for index_updates :: explain UPDATE sbtest%u SET k=k+1 WHERE id=%u
for: distinct_ranges
table 1 : explain SELECT DISTINCT c FROM sbtest1 WHERE id BETWEEN 5631697 AND 5631706 ORDER BY c
	-> Sort: sbtest1.c
    -> Table scan on <temporary>  (cost=4.84..7.2 rows=10)
        -> Temporary table with deduplication  (cost=4.58..4.58 rows=10)
            -> Filter: (sbtest1.id between 5631697 and 5631706)  (cost=2.28 rows=10)
                -> Index range scan on sbtest1 using PRIMARY over (5631697 <= id <= 5631706)  (cost=2.28 rows=10)


table 2 : explain SELECT DISTINCT c FROM sbtest2 WHERE id BETWEEN 8148988 AND 8148997 ORDER BY c
	-> Sort: sbtest2.c
    -> Table scan on <temporary>  (cost=4.84..7.2 rows=10)
        -> Temporary table with deduplication  (cost=4.58..4.58 rows=10)
            -> Filter: (sbtest2.id between 8148988 and 8148997)  (cost=2.28 rows=10)
                -> Index range scan on sbtest2 using PRIMARY over (8148988 <= id <= 8148997)  (cost=2.28 rows=10)


table 3 : explain SELECT DISTINCT c FROM sbtest3 WHERE id BETWEEN 2614565 AND 2614574 ORDER BY c
	-> Sort: sbtest3.c
    -> Table scan on <temporary>  (cost=4.84..7.2 rows=10)
        -> Temporary table with deduplication  (cost=4.58..4.58 rows=10)
            -> Filter: (sbtest3.id between 2614565 and 2614574)  (cost=2.28 rows=10)
                -> Index range scan on sbtest3 using PRIMARY over (2614565 <= id <= 2614574)  (cost=2.28 rows=10)


table 4 : explain SELECT DISTINCT c FROM sbtest4 WHERE id BETWEEN 5433200 AND 5433209 ORDER BY c
	-> Sort: sbtest4.c
    -> Table scan on <temporary>  (cost=4.84..7.2 rows=10)
        -> Temporary table with deduplication  (cost=4.58..4.58 rows=10)
            -> Filter: (sbtest4.id between 5433200 and 5433209)  (cost=2.28 rows=10)
                -> Index range scan on sbtest4 using PRIMARY over (5433200 <= id <= 5433209)  (cost=2.28 rows=10)


table 5 : explain SELECT DISTINCT c FROM sbtest5 WHERE id BETWEEN 5636389 AND 5636398 ORDER BY c
	-> Sort: sbtest5.c
    -> Table scan on <temporary>  (cost=4.84..7.2 rows=10)
        -> Temporary table with deduplication  (cost=4.58..4.58 rows=10)
            -> Filter: (sbtest5.id between 5636389 and 5636398)  (cost=2.28 rows=10)
                -> Index range scan on sbtest5 using PRIMARY over (5636389 <= id <= 5636398)  (cost=2.28 rows=10)


table 6 : explain SELECT DISTINCT c FROM sbtest6 WHERE id BETWEEN 2404946 AND 2404955 ORDER BY c
	-> Sort: sbtest6.c
    -> Table scan on <temporary>  (cost=4.84..7.2 rows=10)
        -> Temporary table with deduplication  (cost=4.58..4.58 rows=10)
            -> Filter: (sbtest6.id between 2404946 and 2404955)  (cost=2.28 rows=10)
                -> Index range scan on sbtest6 using PRIMARY over (2404946 <= id <= 2404955)  (cost=2.28 rows=10)


table 7 : explain SELECT DISTINCT c FROM sbtest7 WHERE id BETWEEN 5087081 AND 5087090 ORDER BY c
	-> Sort: sbtest7.c
    -> Table scan on <temporary>  (cost=4.84..7.2 rows=10)
        -> Temporary table with deduplication  (cost=4.58..4.58 rows=10)
            -> Filter: (sbtest7.id between 5087081 and 5087090)  (cost=2.28 rows=10)
                -> Index range scan on sbtest7 using PRIMARY over (5087081 <= id <= 5087090)  (cost=2.28 rows=10)


table 8 : explain SELECT DISTINCT c FROM sbtest8 WHERE id BETWEEN 2003423 AND 2003432 ORDER BY c
	-> Sort: sbtest8.c
    -> Table scan on <temporary>  (cost=4.84..7.2 rows=10)
        -> Temporary table with deduplication  (cost=4.58..4.58 rows=10)
            -> Filter: (sbtest8.id between 2003423 and 2003432)  (cost=2.28 rows=10)
                -> Index range scan on sbtest8 using PRIMARY over (2003423 <= id <= 2003432)  (cost=2.28 rows=10)


for: distinct_ranges
table 1 : explain SELECT DISTINCT c FROM sbtest1 WHERE id BETWEEN 5407971 AND 5407980 ORDER BY c
	-> Sort: sbtest1.c
    -> Table scan on <temporary>  (cost=4.84..7.2 rows=10)
        -> Temporary table with deduplication  (cost=4.58..4.58 rows=10)
            -> Filter: (sbtest1.id between 5407971 and 5407980)  (cost=2.28 rows=10)
                -> Index range scan on sbtest1 using PRIMARY over (5407971 <= id <= 5407980)  (cost=2.28 rows=10)


table 2 : explain SELECT DISTINCT c FROM sbtest2 WHERE id BETWEEN 3183930 AND 3183939 ORDER BY c
	-> Sort: sbtest2.c
    -> Table scan on <temporary>  (cost=4.84..7.2 rows=10)
        -> Temporary table with deduplication  (cost=4.58..4.58 rows=10)
            -> Filter: (sbtest2.id between 3183930 and 3183939)  (cost=2.28 rows=10)
                -> Index range scan on sbtest2 using PRIMARY over (3183930 <= id <= 3183939)  (cost=2.28 rows=10)


table 3 : explain SELECT DISTINCT c FROM sbtest3 WHERE id BETWEEN 8601061 AND 8601070 ORDER BY c
	-> Sort: sbtest3.c
    -> Table scan on <temporary>  (cost=4.84..7.2 rows=10)
        -> Temporary table with deduplication  (cost=4.58..4.58 rows=10)
            -> Filter: (sbtest3.id between 8601061 and 8601070)  (cost=2.28 rows=10)
                -> Index range scan on sbtest3 using PRIMARY over (8601061 <= id <= 8601070)  (cost=2.28 rows=10)


table 4 : explain SELECT DISTINCT c FROM sbtest4 WHERE id BETWEEN 7761204 AND 7761213 ORDER BY c
	-> Sort: sbtest4.c
    -> Table scan on <temporary>  (cost=4.84..7.2 rows=10)
        -> Temporary table with deduplication  (cost=4.58..4.58 rows=10)
            -> Filter: (sbtest4.id between 7761204 and 7761213)  (cost=2.28 rows=10)
                -> Index range scan on sbtest4 using PRIMARY over (7761204 <= id <= 7761213)  (cost=2.28 rows=10)


table 5 : explain SELECT DISTINCT c FROM sbtest5 WHERE id BETWEEN 3618805 AND 3618814 ORDER BY c
	-> Sort: sbtest5.c
    -> Table scan on <temporary>  (cost=4.84..7.2 rows=10)
        -> Temporary table with deduplication  (cost=4.58..4.58 rows=10)
            -> Filter: (sbtest5.id between 3618805 and 3618814)  (cost=2.28 rows=10)
                -> Index range scan on sbtest5 using PRIMARY over (3618805 <= id <= 3618814)  (cost=2.28 rows=10)


table 6 : explain SELECT DISTINCT c FROM sbtest6 WHERE id BETWEEN 5809925 AND 5809934 ORDER BY c
	-> Sort: sbtest6.c
    -> Table scan on <temporary>  (cost=4.84..7.2 rows=10)
        -> Temporary table with deduplication  (cost=4.58..4.58 rows=10)
            -> Filter: (sbtest6.id between 5809925 and 5809934)  (cost=2.28 rows=10)
                -> Index range scan on sbtest6 using PRIMARY over (5809925 <= id <= 5809934)  (cost=2.28 rows=10)


table 7 : explain SELECT DISTINCT c FROM sbtest7 WHERE id BETWEEN 6673349 AND 6673358 ORDER BY c
	-> Sort: sbtest7.c
    -> Table scan on <temporary>  (cost=4.84..7.2 rows=10)
        -> Temporary table with deduplication  (cost=4.58..4.58 rows=10)
            -> Filter: (sbtest7.id between 6673349 and 6673358)  (cost=2.28 rows=10)
                -> Index range scan on sbtest7 using PRIMARY over (6673349 <= id <= 6673358)  (cost=2.28 rows=10)


table 8 : explain SELECT DISTINCT c FROM sbtest8 WHERE id BETWEEN 520583 AND 520592 ORDER BY c
	-> Sort: sbtest8.c
    -> Table scan on <temporary>  (cost=4.84..7.2 rows=10)
        -> Temporary table with deduplication  (cost=4.58..4.58 rows=10)
            -> Filter: (sbtest8.id between 520583 and 520592)  (cost=2.28 rows=10)
                -> Index range scan on sbtest8 using PRIMARY over (520583 <= id <= 520592)  (cost=2.28 rows=10)


for: distinct_ranges
table 1 : explain SELECT DISTINCT c FROM sbtest1 WHERE id BETWEEN 8951215 AND 8951224 ORDER BY c
	-> Sort: sbtest1.c
    -> Table scan on <temporary>  (cost=4.84..7.2 rows=10)
        -> Temporary table with deduplication  (cost=4.58..4.58 rows=10)
            -> Filter: (sbtest1.id between 8951215 and 8951224)  (cost=2.28 rows=10)
                -> Index range scan on sbtest1 using PRIMARY over (8951215 <= id <= 8951224)  (cost=2.28 rows=10)


table 2 : explain SELECT DISTINCT c FROM sbtest2 WHERE id BETWEEN 1692342 AND 1692351 ORDER BY c
	-> Sort: sbtest2.c
    -> Table scan on <temporary>  (cost=4.84..7.2 rows=10)
        -> Temporary table with deduplication  (cost=4.58..4.58 rows=10)
            -> Filter: (sbtest2.id between 1692342 and 1692351)  (cost=2.28 rows=10)
                -> Index range scan on sbtest2 using PRIMARY over (1692342 <= id <= 1692351)  (cost=2.28 rows=10)


table 3 : explain SELECT DISTINCT c FROM sbtest3 WHERE id BETWEEN 2062440 AND 2062449 ORDER BY c
	-> Sort: sbtest3.c
    -> Table scan on <temporary>  (cost=4.84..7.2 rows=10)
        -> Temporary table with deduplication  (cost=4.58..4.58 rows=10)
            -> Filter: (sbtest3.id between 2062440 and 2062449)  (cost=2.28 rows=10)
                -> Index range scan on sbtest3 using PRIMARY over (2062440 <= id <= 2062449)  (cost=2.28 rows=10)


table 4 : explain SELECT DISTINCT c FROM sbtest4 WHERE id BETWEEN 5475743 AND 5475752 ORDER BY c
	-> Sort: sbtest4.c
    -> Table scan on <temporary>  (cost=4.84..7.2 rows=10)
        -> Temporary table with deduplication  (cost=4.58..4.58 rows=10)
            -> Filter: (sbtest4.id between 5475743 and 5475752)  (cost=2.28 rows=10)
                -> Index range scan on sbtest4 using PRIMARY over (5475743 <= id <= 5475752)  (cost=2.28 rows=10)


table 5 : explain SELECT DISTINCT c FROM sbtest5 WHERE id BETWEEN 6254006 AND 6254015 ORDER BY c
	-> Sort: sbtest5.c
    -> Table scan on <temporary>  (cost=4.84..7.2 rows=10)
        -> Temporary table with deduplication  (cost=4.58..4.58 rows=10)
            -> Filter: (sbtest5.id between 6254006 and 6254015)  (cost=2.28 rows=10)
                -> Index range scan on sbtest5 using PRIMARY over (6254006 <= id <= 6254015)  (cost=2.28 rows=10)


table 6 : explain SELECT DISTINCT c FROM sbtest6 WHERE id BETWEEN 3710131 AND 3710140 ORDER BY c
	-> Sort: sbtest6.c
    -> Table scan on <temporary>  (cost=4.84..7.2 rows=10)
        -> Temporary table with deduplication  (cost=4.58..4.58 rows=10)
            -> Filter: (sbtest6.id between 3710131 and 3710140)  (cost=2.28 rows=10)
                -> Index range scan on sbtest6 using PRIMARY over (3710131 <= id <= 3710140)  (cost=2.28 rows=10)


table 7 : explain SELECT DISTINCT c FROM sbtest7 WHERE id BETWEEN 7179292 AND 7179301 ORDER BY c
	-> Sort: sbtest7.c
    -> Table scan on <temporary>  (cost=4.84..7.2 rows=10)
        -> Temporary table with deduplication  (cost=4.58..4.58 rows=10)
            -> Filter: (sbtest7.id between 7179292 and 7179301)  (cost=2.28 rows=10)
                -> Index range scan on sbtest7 using PRIMARY over (7179292 <= id <= 7179301)  (cost=2.28 rows=10)


table 8 : explain SELECT DISTINCT c FROM sbtest8 WHERE id BETWEEN 541378 AND 541387 ORDER BY c
	-> Sort: sbtest8.c
    -> Table scan on <temporary>  (cost=4.84..7.2 rows=10)
        -> Temporary table with deduplication  (cost=4.58..4.58 rows=10)
            -> Filter: (sbtest8.id between 541378 and 541387)  (cost=2.28 rows=10)
                -> Index range scan on sbtest8 using PRIMARY over (541378 <= id <= 541387)  (cost=2.28 rows=10)


explain: for index_updates :: explain UPDATE sbtest%u SET k=k+1 WHERE id=%u
explain: for index_updates :: explain UPDATE sbtest%u SET k=k+1 WHERE id=%u
explain: for index_updates :: explain UPDATE sbtest%u SET k=k+1 WHERE id=%u
explain: for index_updates :: explain UPDATE sbtest%u SET k=k+1 WHERE id=%u
explain: for index_updates :: explain UPDATE sbtest%u SET k=k+1 WHERE id=%u
explain: for index_updates :: explain UPDATE sbtest%u SET k=k+1 WHERE id=%u
for index_updates
table 1 : explain UPDATE sbtest1 SET k=k+1 WHERE id=4464506
	-> <not executable by iterator executor>


table 2 : explain UPDATE sbtest2 SET k=k+1 WHERE id=4468515
	-> <not executable by iterator executor>


table 3 : explain UPDATE sbtest3 SET k=k+1 WHERE id=6689424
	-> <not executable by iterator executor>


table 4 : explain UPDATE sbtest4 SET k=k+1 WHERE id=1437692
	-> <not executable by iterator executor>


table 5 : explain UPDATE sbtest5 SET k=k+1 WHERE id=6597873
	-> <not executable by iterator executor>


table 6 : explain UPDATE sbtest6 SET k=k+1 WHERE id=4543070
	-> <not executable by iterator executor>


table 7 : explain UPDATE sbtest7 SET k=k+1 WHERE id=5482196
	-> <not executable by iterator executor>


table 8 : explain UPDATE sbtest8 SET k=k+1 WHERE id=7027980
	-> <not executable by iterator executor>

for index_updates
table 1 : explain UPDATE sbtest1 SET k=k+1 WHERE id=9670639
	-> <not executable by iterator executor>


table 2 : explain UPDATE sbtest2 SET k=k+1 WHERE id=607586
	-> <not executable by iterator executor>


table 3 : explain UPDATE sbtest3 SET k=k+1 WHERE id=8270470
	-> <not executable by iterator executor>


table 4 : explain UPDATE sbtest4 SET k=k+1 WHERE id=3774769
	-> <not executable by iterator executor>


table 5 : explain UPDATE sbtest5 SET k=k+1 WHERE id=359179
	-> <not executable by iterator executor>


table 6 : explain UPDATE sbtest6 SET k=k+1 WHERE id=5674384
	-> <not executable by iterator executor>


table 7 : explain UPDATE sbtest7 SET k=k+1 WHERE id=5165590
	-> <not executable by iterator executor>


table 8 : explain UPDATE sbtest8 SET k=k+1 WHERE id=4276737
	-> <not executable by iterator executor>



explain: for index_updates :: explain UPDATE sbtest%u SET k=k+1 WHERE id=%u
explain: for index_updates :: explain UPDATE sbtest%u SET k=k+1 WHERE id=%u
for index_updates
table 1 : explain UPDATE sbtest1 SET k=k+1 WHERE id=7954857
	-> <not executable by iterator executor>


table 2 : explain UPDATE sbtest2 SET k=k+1 WHERE id=1450420
	-> <not executable by iterator executor>


table 3 : explain UPDATE sbtest3 SET k=k+1 WHERE id=2696215
	-> <not executable by iterator executor>


table 4 : explain UPDATE sbtest4 SET k=k+1 WHERE id=5171988
	-> <not executable by iterator executor>


table 5 : explain UPDATE sbtest5 SET k=k+1 WHERE id=9533492
	-> <not executable by iterator executor>


table 6 : explain UPDATE sbtest6 SET k=k+1 WHERE id=9985494
	-> <not executable by iterator executor>


table 7 : explain UPDATE sbtest7 SET k=k+1 WHERE id=4569449
	-> <not executable by iterator executor>


table 8 : explain UPDATE sbtest8 SET k=k+1 WHERE id=2118549
	-> <not executable by iterator executor>


explain: for index_updates :: explain UPDATE sbtest%u SET k=k+1 WHERE id=%u
for: distinct_ranges
table 1 : explain SELECT DISTINCT c FROM sbtest1 WHERE id BETWEEN 786 AND 795 ORDER BY c
	-> Sort: sbtest1.c
    -> Table scan on <temporary>  (cost=4.84..7.2 rows=10)
        -> Temporary table with deduplication  (cost=4.58..4.58 rows=10)
            -> Filter: (sbtest1.id between 786 and 795)  (cost=2.28 rows=10)
                -> Index range scan on sbtest1 using PRIMARY over (786 <= id <= 795)  (cost=2.28 rows=10)


table 2 : explain SELECT DISTINCT c FROM sbtest2 WHERE id BETWEEN 8414748 AND 8414757 ORDER BY c
	-> Sort: sbtest2.c
    -> Table scan on <temporary>  (cost=4.84..7.2 rows=10)
        -> Temporary table with deduplication  (cost=4.58..4.58 rows=10)
            -> Filter: (sbtest2.id between 8414748 and 8414757)  (cost=2.28 rows=10)
                -> Index range scan on sbtest2 using PRIMARY over (8414748 <= id <= 8414757)  (cost=2.28 rows=10)


table 3 : explain SELECT DISTINCT c FROM sbtest3 WHERE id BETWEEN 2797659 AND 2797668 ORDER BY c
	-> Sort: sbtest3.c
    -> Table scan on <temporary>  (cost=4.84..7.2 rows=10)
        -> Temporary table with deduplication  (cost=4.58..4.58 rows=10)
            -> Filter: (sbtest3.id between 2797659 and 2797668)  (cost=2.28 rows=10)
                -> Index range scan on sbtest3 using PRIMARY over (2797659 <= id <= 2797668)  (cost=2.28 rows=10)


table 4 : explain SELECT DISTINCT c FROM sbtest4 WHERE id BETWEEN 8642940 AND 8642949 ORDER BY c
	-> Sort: sbtest4.c
    -> Table scan on <temporary>  (cost=4.84..7.2 rows=10)
        -> Temporary table with deduplication  (cost=4.58..4.58 rows=10)
            -> Filter: (sbtest4.id between 8642940 and 8642949)  (cost=2.28 rows=10)
                -> Index range scan on sbtest4 using PRIMARY over (8642940 <= id <= 8642949)  (cost=2.28 rows=10)


table 5 : explain SELECT DISTINCT c FROM sbtest5 WHERE id BETWEEN 2111663 AND 2111672 ORDER BY c
	-> Sort: sbtest5.c
    -> Table scan on <temporary>  (cost=4.84..7.2 rows=10)
        -> Temporary table with deduplication  (cost=4.58..4.58 rows=10)
            -> Filter: (sbtest5.id between 2111663 and 2111672)  (cost=2.28 rows=10)
                -> Index range scan on sbtest5 using PRIMARY over (2111663 <= id <= 2111672)  (cost=2.28 rows=10)


table 6 : explain SELECT DISTINCT c FROM sbtest6 WHERE id BETWEEN 2891293 AND 2891302 ORDER BY c
	-> Sort: sbtest6.c
    -> Table scan on <temporary>  (cost=4.84..7.2 rows=10)
        -> Temporary table with deduplication  (cost=4.58..4.58 rows=10)
            -> Filter: (sbtest6.id between 2891293 and 2891302)  (cost=2.28 rows=10)
                -> Index range scan on sbtest6 using PRIMARY over (2891293 <= id <= 2891302)  (cost=2.28 rows=10)


table 7 : explain SELECT DISTINCT c FROM sbtest7 WHERE id BETWEEN 7917544 AND 7917553 ORDER BY c
	-> Sort: sbtest7.c
    -> Table scan on <temporary>  (cost=4.84..7.2 rows=10)
        -> Temporary table with deduplication  (cost=4.58..4.58 rows=10)
            -> Filter: (sbtest7.id between 7917544 and 7917553)  (cost=2.28 rows=10)
                -> Index range scan on sbtest7 using PRIMARY over (7917544 <= id <= 7917553)  (cost=2.28 rows=10)


table 8 : explain SELECT DISTINCT c FROM sbtest8 WHERE id BETWEEN 8714448 AND 8714457 ORDER BY c
	-> Sort: sbtest8.c
    -> Table scan on <temporary>  (cost=4.84..7.2 rows=10)
        -> Temporary table with deduplication  (cost=4.58..4.58 rows=10)
            -> Filter: (sbtest8.id between 8714448 and 8714457)  (cost=2.28 rows=10)
                -> Index range scan on sbtest8 using PRIMARY over (8714448 <= id <= 8714457)  (cost=2.28 rows=10)


explain: for non_index_updates :: explain UPDATE sbtest%u SET c='foobar' WHERE id=%u
for index_updates
table 1 : explain UPDATE sbtest1 SET k=k+1 WHERE id=2330829
	-> <not executable by iterator executor>


table 2 : explain UPDATE sbtest2 SET k=k+1 WHERE id=8908054
	-> <not executable by iterator executor>


table 3 : explain UPDATE sbtest3 SET k=k+1 WHERE id=8930874
	-> <not executable by iterator executor>


table 4 : explain UPDATE sbtest4 SET k=k+1 WHERE id=8114578
	-> <not executable by iterator executor>


table 5 : explain UPDATE sbtest5 SET k=k+1 WHERE id=6410599
	-> <not executable by iterator executor>


table 6 : explain UPDATE sbtest6 SET k=k+1 WHERE id=4247803
	-> <not executable by iterator executor>


table 7 : explain UPDATE sbtest7 SET k=k+1 WHERE id=1053528
	-> <not executable by iterator executor>


table 8 : explain UPDATE sbtest8 SET k=k+1 WHERE id=9858195
	-> <not executable by iterator executor>


for index_updates
table 1 : explain UPDATE sbtest1 SET k=k+1 WHERE id=436429
	-> <not executable by iterator executor>


table 2 : explain UPDATE sbtest2 SET k=k+1 WHERE id=3360440
	-> <not executable by iterator executor>


table 3 : explain UPDATE sbtest3 SET k=k+1 WHERE id=7384459
	-> <not executable by iterator executor>


table 4 : explain UPDATE sbtest4 SET k=k+1 WHERE id=4844964
	-> <not executable by iterator executor>


table 5 : explain UPDATE sbtest5 SET k=k+1 WHERE id=518781
	-> <not executable by iterator executor>


table 6 : explain UPDATE sbtest6 SET k=k+1 WHERE id=6585398
	-> <not executable by iterator executor>


table 7 : explain UPDATE sbtest7 SET k=k+1 WHERE id=4573467
	-> <not executable by iterator executor>


table 8 : explain UPDATE sbtest8 SET k=k+1 WHERE id=7478624
	-> <not executable by iterator executor>


explain: for index_updates :: explain UPDATE sbtest%u SET k=k+1 WHERE id=%u
for: distinct_ranges
table 1 : explain SELECT DISTINCT c FROM sbtest1 WHERE id BETWEEN 6217998 AND 6218007 ORDER BY c
	-> Sort: sbtest1.c
    -> Table scan on <temporary>  (cost=4.84..7.2 rows=10)
        -> Temporary table with deduplication  (cost=4.58..4.58 rows=10)
            -> Filter: (sbtest1.id between 6217998 and 6218007)  (cost=2.28 rows=10)
                -> Index range scan on sbtest1 using PRIMARY over (6217998 <= id <= 6218007)  (cost=2.28 rows=10)


table 2 : explain SELECT DISTINCT c FROM sbtest2 WHERE id BETWEEN 722218 AND 722227 ORDER BY c
	-> Sort: sbtest2.c
    -> Table scan on <temporary>  (cost=4.84..7.2 rows=10)
        -> Temporary table with deduplication  (cost=4.58..4.58 rows=10)
            -> Filter: (sbtest2.id between 722218 and 722227)  (cost=2.28 rows=10)
                -> Index range scan on sbtest2 using PRIMARY over (722218 <= id <= 722227)  (cost=2.28 rows=10)


table 3 : explain SELECT DISTINCT c FROM sbtest3 WHERE id BETWEEN 7489839 AND 7489848 ORDER BY c
	-> Sort: sbtest3.c
    -> Table scan on <temporary>  (cost=4.84..7.2 rows=10)
        -> Temporary table with deduplication  (cost=4.58..4.58 rows=10)
            -> Filter: (sbtest3.id between 7489839 and 7489848)  (cost=2.28 rows=10)
                -> Index range scan on sbtest3 using PRIMARY over (7489839 <= id <= 7489848)  (cost=2.28 rows=10)


table 4 : explain SELECT DISTINCT c FROM sbtest4 WHERE id BETWEEN 618174 AND 618183 ORDER BY c
	-> Sort: sbtest4.c
    -> Table scan on <temporary>  (cost=4.84..7.2 rows=10)
        -> Temporary table with deduplication  (cost=4.58..4.58 rows=10)
            -> Filter: (sbtest4.id between 618174 and 618183)  (cost=2.28 rows=10)
                -> Index range scan on sbtest4 using PRIMARY over (618174 <= id <= 618183)  (cost=2.28 rows=10)


table 5 : explain SELECT DISTINCT c FROM sbtest5 WHERE id BETWEEN 4729298 AND 4729307 ORDER BY c
	-> Sort: sbtest5.c
    -> Table scan on <temporary>  (cost=4.84..7.2 rows=10)
        -> Temporary table with deduplication  (cost=4.58..4.58 rows=10)
            -> Filter: (sbtest5.id between 4729298 and 4729307)  (cost=2.28 rows=10)
                -> Index range scan on sbtest5 using PRIMARY over (4729298 <= id <= 4729307)  (cost=2.28 rows=10)


table 6 : explain SELECT DISTINCT c FROM sbtest6 WHERE id BETWEEN 6818783 AND 6818792 ORDER BY c
	-> Sort: sbtest6.c
    -> Table scan on <temporary>  (cost=4.84..7.2 rows=10)
        -> Temporary table with deduplication  (cost=4.58..4.58 rows=10)
            -> Filter: (sbtest6.id between 6818783 and 6818792)  (cost=2.28 rows=10)
                -> Index range scan on sbtest6 using PRIMARY over (6818783 <= id <= 6818792)  (cost=2.28 rows=10)


table 7 : explain SELECT DISTINCT c FROM sbtest7 WHERE id BETWEEN 8248434 AND 8248443 ORDER BY c
	-> Sort: sbtest7.c
    -> Table scan on <temporary>  (cost=4.84..7.2 rows=10)
        -> Temporary table with deduplication  (cost=4.58..4.58 rows=10)
            -> Filter: (sbtest7.id between 8248434 and 8248443)  (cost=2.28 rows=10)
                -> Index range scan on sbtest7 using PRIMARY over (8248434 <= id <= 8248443)  (cost=2.28 rows=10)


table 8 : explain SELECT DISTINCT c FROM sbtest8 WHERE id BETWEEN 1642183 AND 1642192 ORDER BY c
	-> Sort: sbtest8.c
    -> Table scan on <temporary>  (cost=4.84..7.2 rows=10)
        -> Temporary table with deduplication  (cost=4.58..4.58 rows=10)
            -> Filter: (sbtest8.id between 1642183 and 1642192)  (cost=2.28 rows=10)
                -> Index range scan on sbtest8 using PRIMARY over (1642183 <= id <= 1642192)  (cost=2.28 rows=10)


explain: for index_updates :: explain UPDATE sbtest%u SET k=k+1 WHERE id=%u
for index_updates
table 1 : explain UPDATE sbtest1 SET k=k+1 WHERE id=7386775
	-> <not executable by iterator executor>


table 2 : explain UPDATE sbtest2 SET k=k+1 WHERE id=4973769
	-> <not executable by iterator executor>


table 3 : explain UPDATE sbtest3 SET k=k+1 WHERE id=2418676
	-> <not executable by iterator executor>


table 4 : explain UPDATE sbtest4 SET k=k+1 WHERE id=4420598
	-> <not executable by iterator executor>


table 5 : explain UPDATE sbtest5 SET k=k+1 WHERE id=1163082
	-> <not executable by iterator executor>


table 6 : explain UPDATE sbtest6 SET k=k+1 WHERE id=3934241
	-> <not executable by iterator executor>


table 7 : explain UPDATE sbtest7 SET k=k+1 WHERE id=8785641
	-> <not executable by iterator executor>


table 8 : explain UPDATE sbtest8 SET k=k+1 WHERE id=5676163
	-> <not executable by iterator executor>

for: distinct_ranges
table 1 : explain SELECT DISTINCT c FROM sbtest1 WHERE id BETWEEN 145472 AND 145481 ORDER BY c
	-> Sort: sbtest1.c
    -> Table scan on <temporary>  (cost=4.84..7.2 rows=10)
        -> Temporary table with deduplication  (cost=4.58..4.58 rows=10)
            -> Filter: (sbtest1.id between 145472 and 145481)  (cost=2.28 rows=10)
                -> Index range scan on sbtest1 using PRIMARY over (145472 <= id <= 145481)  (cost=2.28 rows=10)


table 2 : explain SELECT DISTINCT c FROM sbtest2 WHERE id BETWEEN 4883839 AND 4883848 ORDER BY c
	-> Sort: sbtest2.c
    -> Table scan on <temporary>  (cost=4.84..7.2 rows=10)
        -> Temporary table with deduplication  (cost=4.58..4.58 rows=10)
            -> Filter: (sbtest2.id between 4883839 and 4883848)  (cost=2.28 rows=10)
                -> Index range scan on sbtest2 using PRIMARY over (4883839 <= id <= 4883848)  (cost=2.28 rows=10)


table 3 : explain SELECT DISTINCT c FROM sbtest3 WHERE id BETWEEN 5540004 AND 5540013 ORDER BY c
	-> Sort: sbtest3.c
    -> Table scan on <temporary>  (cost=4.84..7.2 rows=10)
        -> Temporary table with deduplication  (cost=4.58..4.58 rows=10)
            -> Filter: (sbtest3.id between 5540004 and 5540013)  (cost=2.28 rows=10)
                -> Index range scan on sbtest3 using PRIMARY over (5540004 <= id <= 5540013)  (cost=2.28 rows=10)


table 4 : explain SELECT DISTINCT c FROM sbtest4 WHERE id BETWEEN 8959387 AND 8959396 ORDER BY c
	-> Sort: sbtest4.c
    -> Table scan on <temporary>  (cost=4.84..7.2 rows=10)
        -> Temporary table with deduplication  (cost=4.58..4.58 rows=10)
            -> Filter: (sbtest4.id between 8959387 and 8959396)  (cost=2.28 rows=10)
                -> Index range scan on sbtest4 using PRIMARY over (8959387 <= id <= 8959396)  (cost=2.28 rows=10)


table 5 : explain SELECT DISTINCT c FROM sbtest5 WHERE id BETWEEN 7301888 AND 7301897 ORDER BY c
	-> Sort: sbtest5.c
    -> Table scan on <temporary>  (cost=4.84..7.2 rows=10)
        -> Temporary table with deduplication  (cost=4.58..4.58 rows=10)
            -> Filter: (sbtest5.id between 7301888 and 7301897)  (cost=2.28 rows=10)
                -> Index range scan on sbtest5 using PRIMARY over (7301888 <= id <= 7301897)  (cost=2.28 rows=10)


table 6 : explain SELECT DISTINCT c FROM sbtest6 WHERE id BETWEEN 5958341 AND 5958350 ORDER BY c
	-> Sort: sbtest6.c
    -> Table scan on <temporary>  (cost=4.84..7.2 rows=10)
        -> Temporary table with deduplication  (cost=4.58..4.58 rows=10)
            -> Filter: (sbtest6.id between 5958341 and 5958350)  (cost=2.28 rows=10)
                -> Index range scan on sbtest6 using PRIMARY over (5958341 <= id <= 5958350)  (cost=2.28 rows=10)


table 7 : explain SELECT DISTINCT c FROM sbtest7 WHERE id BETWEEN 3585532 AND 3585541 ORDER BY c
	-> Sort: sbtest7.c
    -> Table scan on <temporary>  (cost=4.84..7.2 rows=10)
        -> Temporary table with deduplication  (cost=4.58..4.58 rows=10)
            -> Filter: (sbtest7.id between 3585532 and 3585541)  (cost=2.28 rows=10)
                -> Index range scan on sbtest7 using PRIMARY over (3585532 <= id <= 3585541)  (cost=2.28 rows=10)


table 8 : explain SELECT DISTINCT c FROM sbtest8 WHERE id BETWEEN 5018104 AND 5018113 ORDER BY c
	-> Sort: sbtest8.c
    -> Table scan on <temporary>  (cost=4.84..7.2 rows=10)
        -> Temporary table with deduplication  (cost=4.58..4.58 rows=10)
            -> Filter: (sbtest8.id between 5018104 and 5018113)  (cost=2.28 rows=10)
                -> Index range scan on sbtest8 using PRIMARY over (5018104 <= id <= 5018113)  (cost=2.28 rows=10)


for index_updates
table 1 : explain UPDATE sbtest1 SET k=k+1 WHERE id=3428118
	-> <not executable by iterator executor>


table 2 : explain UPDATE sbtest2 SET k=k+1 WHERE id=4026551
	-> <not executable by iterator executor>


table 3 : explain UPDATE sbtest3 SET k=k+1 WHERE id=8544649
	-> <not executable by iterator executor>


table 4 : explain UPDATE sbtest4 SET k=k+1 WHERE id=5861059
	-> <not executable by iterator executor>


table 5 : explain UPDATE sbtest5 SET k=k+1 WHERE id=8692345
	-> <not executable by iterator executor>


table 6 : explain UPDATE sbtest6 SET k=k+1 WHERE id=6206947
	-> <not executable by iterator executor>


table 7 : explain UPDATE sbtest7 SET k=k+1 WHERE id=6285744
	-> <not executable by iterator executor>


table 8 : explain UPDATE sbtest8 SET k=k+1 WHERE id=6774828
	-> <not executable by iterator executor>


explain: for index_updates :: explain UPDATE sbtest%u SET k=k+1 WHERE id=%u
for: distinct_ranges
table 1 : explain SELECT DISTINCT c FROM sbtest1 WHERE id BETWEEN 3908186 AND 3908195 ORDER BY c
	-> Sort: sbtest1.c
    -> Table scan on <temporary>  (cost=4.84..7.2 rows=10)
        -> Temporary table with deduplication  (cost=4.58..4.58 rows=10)
            -> Filter: (sbtest1.id between 3908186 and 3908195)  (cost=2.28 rows=10)
                -> Index range scan on sbtest1 using PRIMARY over (3908186 <= id <= 3908195)  (cost=2.28 rows=10)


table 2 : explain SELECT DISTINCT c FROM sbtest2 WHERE id BETWEEN 2711698 AND 2711707 ORDER BY c
	-> Sort: sbtest2.c
    -> Table scan on <temporary>  (cost=4.84..7.2 rows=10)
        -> Temporary table with deduplication  (cost=4.58..4.58 rows=10)
            -> Filter: (sbtest2.id between 2711698 and 2711707)  (cost=2.28 rows=10)
                -> Index range scan on sbtest2 using PRIMARY over (2711698 <= id <= 2711707)  (cost=2.28 rows=10)


table 3 : explain SELECT DISTINCT c FROM sbtest3 WHERE id BETWEEN 5584086 AND 5584095 ORDER BY c
	-> Sort: sbtest3.c
    -> Table scan on <temporary>  (cost=4.84..7.2 rows=10)
        -> Temporary table with deduplication  (cost=4.58..4.58 rows=10)
            -> Filter: (sbtest3.id between 5584086 and 5584095)  (cost=2.28 rows=10)
                -> Index range scan on sbtest3 using PRIMARY over (5584086 <= id <= 5584095)  (cost=2.28 rows=10)


table 4 : explain SELECT DISTINCT c FROM sbtest4 WHERE id BETWEEN 7825709 AND 7825718 ORDER BY c
	-> Sort: sbtest4.c
    -> Table scan on <temporary>  (cost=4.84..7.2 rows=10)
        -> Temporary table with deduplication  (cost=4.58..4.58 rows=10)
            -> Filter: (sbtest4.id between 7825709 and 7825718)  (cost=2.28 rows=10)
                -> Index range scan on sbtest4 using PRIMARY over (7825709 <= id <= 7825718)  (cost=2.28 rows=10)


table 5 : explain SELECT DISTINCT c FROM sbtest5 WHERE id BETWEEN 5402078 AND 5402087 ORDER BY c
	-> Sort: sbtest5.c
    -> Table scan on <temporary>  (cost=4.84..7.2 rows=10)
        -> Temporary table with deduplication  (cost=4.58..4.58 rows=10)
            -> Filter: (sbtest5.id between 5402078 and 5402087)  (cost=2.28 rows=10)
                -> Index range scan on sbtest5 using PRIMARY over (5402078 <= id <= 5402087)  (cost=2.28 rows=10)


table 6 : explain SELECT DISTINCT c FROM sbtest6 WHERE id BETWEEN 5676908 AND 5676917 ORDER BY c
	-> Sort: sbtest6.c
    -> Table scan on <temporary>  (cost=4.84..7.2 rows=10)
        -> Temporary table with deduplication  (cost=4.58..4.58 rows=10)
            -> Filter: (sbtest6.id between 5676908 and 5676917)  (cost=2.28 rows=10)
                -> Index range scan on sbtest6 using PRIMARY over (5676908 <= id <= 5676917)  (cost=2.28 rows=10)


table 7 : explain SELECT DISTINCT c FROM sbtest7 WHERE id BETWEEN 1619416 AND 1619425 ORDER BY c
	-> Sort: sbtest7.c
    -> Table scan on <temporary>  (cost=4.84..7.2 rows=10)
        -> Temporary table with deduplication  (cost=4.58..4.58 rows=10)
            -> Filter: (sbtest7.id between 1619416 and 1619425)  (cost=2.28 rows=10)
                -> Index range scan on sbtest7 using PRIMARY over (1619416 <= id <= 1619425)  (cost=2.28 rows=10)


table 8 : explain SELECT DISTINCT c FROM sbtest8 WHERE id BETWEEN 869906 AND 869915 ORDER BY c
	-> Sort: sbtest8.c
    -> Table scan on <temporary>  (cost=4.84..7.2 rows=10)
        -> Temporary table with deduplication  (cost=4.58..4.58 rows=10)
            -> Filter: (sbtest8.id between 869906 and 869915)  (cost=2.28 rows=10)
                -> Index range scan on sbtest8 using PRIMARY over (869906 <= id <= 869915)  (cost=2.28 rows=10)


explain: for index_updates :: explain UPDATE sbtest%u SET k=k+1 WHERE id=%u
explain: for index_updates :: explain UPDATE sbtest%u SET k=k+1 WHERE id=%u
for: distinct_ranges
table 1 : explain SELECT DISTINCT c FROM sbtest1 WHERE id BETWEEN 6784690 AND 6784699 ORDER BY c
	-> Sort: sbtest1.c
    -> Table scan on <temporary>  (cost=4.84..7.2 rows=10)
        -> Temporary table with deduplication  (cost=4.58..4.58 rows=10)
            -> Filter: (sbtest1.id between 6784690 and 6784699)  (cost=2.28 rows=10)
                -> Index range scan on sbtest1 using PRIMARY over (6784690 <= id <= 6784699)  (cost=2.28 rows=10)


table 2 : explain SELECT DISTINCT c FROM sbtest2 WHERE id BETWEEN 3265653 AND 3265662 ORDER BY c
	-> Sort: sbtest2.c
    -> Table scan on <temporary>  (cost=4.84..7.2 rows=10)
        -> Temporary table with deduplication  (cost=4.58..4.58 rows=10)
            -> Filter: (sbtest2.id between 3265653 and 3265662)  (cost=2.28 rows=10)
                -> Index range scan on sbtest2 using PRIMARY over (3265653 <= id <= 3265662)  (cost=2.28 rows=10)


table 3 : explain SELECT DISTINCT c FROM sbtest3 WHERE id BETWEEN 3898086 AND 3898095 ORDER BY c
	-> Sort: sbtest3.c
    -> Table scan on <temporary>  (cost=4.84..7.2 rows=10)
        -> Temporary table with deduplication  (cost=4.58..4.58 rows=10)
            -> Filter: (sbtest3.id between 3898086 and 3898095)  (cost=2.28 rows=10)
                -> Index range scan on sbtest3 using PRIMARY over (3898086 <= id <= 3898095)  (cost=2.28 rows=10)


table 4 : explain SELECT DISTINCT c FROM sbtest4 WHERE id BETWEEN 2825062 AND 2825071 ORDER BY c
	-> Sort: sbtest4.c
    -> Table scan on <temporary>  (cost=4.84..7.2 rows=10)
        -> Temporary table with deduplication  (cost=4.58..4.58 rows=10)
            -> Filter: (sbtest4.id between 2825062 and 2825071)  (cost=2.28 rows=10)
                -> Index range scan on sbtest4 using PRIMARY over (2825062 <= id <= 2825071)  (cost=2.28 rows=10)


table 5 : explain SELECT DISTINCT c FROM sbtest5 WHERE id BETWEEN 1206883 AND 1206892 ORDER BY c
	-> Sort: sbtest5.c
    -> Table scan on <temporary>  (cost=4.84..7.2 rows=10)
        -> Temporary table with deduplication  (cost=4.58..4.58 rows=10)
            -> Filter: (sbtest5.id between 1206883 and 1206892)  (cost=2.28 rows=10)
                -> Index range scan on sbtest5 using PRIMARY over (1206883 <= id <= 1206892)  (cost=2.28 rows=10)


table 6 : explain SELECT DISTINCT c FROM sbtest6 WHERE id BETWEEN 4772885 AND 4772894 ORDER BY c
	-> Sort: sbtest6.c
    -> Table scan on <temporary>  (cost=4.84..7.2 rows=10)
        -> Temporary table with deduplication  (cost=4.58..4.58 rows=10)
            -> Filter: (sbtest6.id between 4772885 and 4772894)  (cost=2.28 rows=10)
                -> Index range scan on sbtest6 using PRIMARY over (4772885 <= id <= 4772894)  (cost=2.28 rows=10)


table 7 : explain SELECT DISTINCT c FROM sbtest7 WHERE id BETWEEN 7840211 AND 7840220 ORDER BY c
	-> Sort: sbtest7.c
    -> Table scan on <temporary>  (cost=4.84..7.2 rows=10)
        -> Temporary table with deduplication  (cost=4.58..4.58 rows=10)
            -> Filter: (sbtest7.id between 7840211 and 7840220)  (cost=2.28 rows=10)
                -> Index range scan on sbtest7 using PRIMARY over (7840211 <= id <= 7840220)  (cost=2.28 rows=10)


table 8 : explain SELECT DISTINCT c FROM sbtest8 WHERE id BETWEEN 5572182 AND 5572191 ORDER BY c
	-> Sort: sbtest8.c
    -> Table scan on <temporary>  (cost=4.84..7.2 rows=10)
        -> Temporary table with deduplication  (cost=4.58..4.58 rows=10)
            -> Filter: (sbtest8.id between 5572182 and 5572191)  (cost=2.28 rows=10)
                -> Index range scan on sbtest8 using PRIMARY over (5572182 <= id <= 5572191)  (cost=2.28 rows=10)



for index_updates
table 1 : explain UPDATE sbtest1 SET k=k+1 WHERE id=4092056
	-> <not executable by iterator executor>


table 2 : explain UPDATE sbtest2 SET k=k+1 WHERE id=9238931
	-> <not executable by iterator executor>


table 3 : explain UPDATE sbtest3 SET k=k+1 WHERE id=2562718
	-> <not executable by iterator executor>


table 4 : explain UPDATE sbtest4 SET k=k+1 WHERE id=9474542
	-> <not executable by iterator executor>


table 5 : explain UPDATE sbtest5 SET k=k+1 WHERE id=3765504
	-> <not executable by iterator executor>


table 6 : explain UPDATE sbtest6 SET k=k+1 WHERE id=3301796
	-> <not executable by iterator executor>


table 7 : explain UPDATE sbtest7 SET k=k+1 WHERE id=9187134
	-> <not executable by iterator executor>


table 8 : explain UPDATE sbtest8 SET k=k+1 WHERE id=1194877
	-> <not executable by iterator executor>


for index_updates
table 1 : explain UPDATE sbtest1 SET k=k+1 WHERE id=5592323
	-> <not executable by iterator executor>


table 2 : explain UPDATE sbtest2 SET k=k+1 WHERE id=4221778
	-> <not executable by iterator executor>


table 3 : explain UPDATE sbtest3 SET k=k+1 WHERE id=2357146
	-> <not executable by iterator executor>


table 4 : explain UPDATE sbtest4 SET k=k+1 WHERE id=710978
	-> <not executable by iterator executor>


table 5 : explain UPDATE sbtest5 SET k=k+1 WHERE id=6211843
	-> <not executable by iterator executor>


table 6 : explain UPDATE sbtest6 SET k=k+1 WHERE id=7130459
	-> <not executable by iterator executor>


table 7 : explain UPDATE sbtest7 SET k=k+1 WHERE id=2089499
	-> <not executable by iterator executor>


table 8 : explain UPDATE sbtest8 SET k=k+1 WHERE id=1931403
	-> <not executable by iterator executor>


for index_updates
table 1 : explain UPDATE sbtest1 SET k=k+1 WHERE id=2537325
	-> <not executable by iterator executor>


table 2 : explain UPDATE sbtest2 SET k=k+1 WHERE id=9163525
	-> <not executable by iterator executor>


table 3 : explain UPDATE sbtest3 SET k=k+1 WHERE id=663347
	-> <not executable by iterator executor>


table 4 : explain UPDATE sbtest4 SET k=k+1 WHERE id=8211022
	-> <not executable by iterator executor>


table 5 : explain UPDATE sbtest5 SET k=k+1 WHERE id=521009
	-> <not executable by iterator executor>


table 6 : explain UPDATE sbtest6 SET k=k+1 WHERE id=1684208
	-> <not executable by iterator executor>


table 7 : explain UPDATE sbtest7 SET k=k+1 WHERE id=7148330
	-> <not executable by iterator executor>


table 8 : explain UPDATE sbtest8 SET k=k+1 WHERE id=8826181
	-> <not executable by iterator executor>


explain: for index_updates :: explain UPDATE sbtest%u SET k=k+1 WHERE id=%u
explain: for index_updates :: explain UPDATE sbtest%u SET k=k+1 WHERE id=%u
for index_updates
table 1 : explain UPDATE sbtest1 SET k=k+1 WHERE id=9126818
	-> <not executable by iterator executor>


table 2 : explain UPDATE sbtest2 SET k=k+1 WHERE id=785687
	-> <not executable by iterator executor>


table 3 : explain UPDATE sbtest3 SET k=k+1 WHERE id=4987932
	-> <not executable by iterator executor>


table 4 : explain UPDATE sbtest4 SET k=k+1 WHERE id=6586445
	-> <not executable by iterator executor>


table 5 : explain UPDATE sbtest5 SET k=k+1 WHERE id=5899491
	-> <not executable by iterator executor>


table 6 : explain UPDATE sbtest6 SET k=k+1 WHERE id=2353277
	-> <not executable by iterator executor>


table 7 : explain UPDATE sbtest7 SET k=k+1 WHERE id=9817333
	-> <not executable by iterator executor>


table 8 : explain UPDATE sbtest8 SET k=k+1 WHERE id=4643654
	-> <not executable by iterator executor>


for index_updates
table 1 : explain UPDATE sbtest1 SET k=k+1 WHERE id=4019032
	-> <not executable by iterator executor>


table 2 : explain UPDATE sbtest2 SET k=k+1 WHERE id=3138076
	-> <not executable by iterator executor>


table 3 : explain UPDATE sbtest3 SET k=k+1 WHERE id=5301779
	-> <not executable by iterator executor>


table 4 : explain UPDATE sbtest4 SET k=k+1 WHERE id=4886897
	-> <not executable by iterator executor>


table 5 : explain UPDATE sbtest5 SET k=k+1 WHERE id=7397644
	-> <not executable by iterator executor>


table 6 : explain UPDATE sbtest6 SET k=k+1 WHERE id=947330
	-> <not executable by iterator executor>


table 7 : explain UPDATE sbtest7 SET k=k+1 WHERE id=3490715
	-> <not executable by iterator executor>


table 8 : explain UPDATE sbtest8 SET k=k+1 WHERE id=145619
	-> <not executable by iterator executor>


explain: for non_index_updates :: explain UPDATE sbtest%u SET c='foobar' WHERE id=%u
explain: for index_updates :: explain UPDATE sbtest%u SET k=k+1 WHERE id=%u
for: distinct_ranges
table 1 : explain SELECT DISTINCT c FROM sbtest1 WHERE id BETWEEN 1002899 AND 1002908 ORDER BY c
	-> Sort: sbtest1.c
    -> Table scan on <temporary>  (cost=4.84..7.2 rows=10)
        -> Temporary table with deduplication  (cost=4.58..4.58 rows=10)
            -> Filter: (sbtest1.id between 1002899 and 1002908)  (cost=2.28 rows=10)
                -> Index range scan on sbtest1 using PRIMARY over (1002899 <= id <= 1002908)  (cost=2.28 rows=10)


table 2 : explain SELECT DISTINCT c FROM sbtest2 WHERE id BETWEEN 3886864 AND 3886873 ORDER BY c
	-> Sort: sbtest2.c
    -> Table scan on <temporary>  (cost=4.84..7.2 rows=10)
        -> Temporary table with deduplication  (cost=4.58..4.58 rows=10)
            -> Filter: (sbtest2.id between 3886864 and 3886873)  (cost=2.28 rows=10)
                -> Index range scan on sbtest2 using PRIMARY over (3886864 <= id <= 3886873)  (cost=2.28 rows=10)


table 3 : explain SELECT DISTINCT c FROM sbtest3 WHERE id BETWEEN 4515776 AND 4515785 ORDER BY c
	-> Sort: sbtest3.c
    -> Table scan on <temporary>  (cost=4.84..7.2 rows=10)
        -> Temporary table with deduplication  (cost=4.58..4.58 rows=10)
            -> Filter: (sbtest3.id between 4515776 and 4515785)  (cost=2.28 rows=10)
                -> Index range scan on sbtest3 using PRIMARY over (4515776 <= id <= 4515785)  (cost=2.28 rows=10)


table 4 : explain SELECT DISTINCT c FROM sbtest4 WHERE id BETWEEN 3912537 AND 3912546 ORDER BY c
	-> Sort: sbtest4.c
    -> Table scan on <temporary>  (cost=4.84..7.2 rows=10)
        -> Temporary table with deduplication  (cost=4.58..4.58 rows=10)
            -> Filter: (sbtest4.id between 3912537 and 3912546)  (cost=2.28 rows=10)
                -> Index range scan on sbtest4 using PRIMARY over (3912537 <= id <= 3912546)  (cost=2.28 rows=10)


table 5 : explain SELECT DISTINCT c FROM sbtest5 WHERE id BETWEEN 5764838 AND 5764847 ORDER BY c
	-> Sort: sbtest5.c
    -> Table scan on <temporary>  (cost=4.84..7.2 rows=10)
        -> Temporary table with deduplication  (cost=4.58..4.58 rows=10)
            -> Filter: (sbtest5.id between 5764838 and 5764847)  (cost=2.28 rows=10)
                -> Index range scan on sbtest5 using PRIMARY over (5764838 <= id <= 5764847)  (cost=2.28 rows=10)


table 6 : explain SELECT DISTINCT c FROM sbtest6 WHERE id BETWEEN 113753 AND 113762 ORDER BY c
	-> Sort: sbtest6.c
    -> Table scan on <temporary>  (cost=4.84..7.2 rows=10)
        -> Temporary table with deduplication  (cost=4.58..4.58 rows=10)
            -> Filter: (sbtest6.id between 113753 and 113762)  (cost=2.28 rows=10)
                -> Index range scan on sbtest6 using PRIMARY over (113753 <= id <= 113762)  (cost=2.28 rows=10)


table 7 : explain SELECT DISTINCT c FROM sbtest7 WHERE id BETWEEN 9930937 AND 9930946 ORDER BY c
	-> Sort: sbtest7.c
    -> Table scan on <temporary>  (cost=4.84..7.2 rows=10)
        -> Temporary table with deduplication  (cost=4.58..4.58 rows=10)
            -> Filter: (sbtest7.id between 9930937 and 9930946)  (cost=2.28 rows=10)
                -> Index range scan on sbtest7 using PRIMARY over (9930937 <= id <= 9930946)  (cost=2.28 rows=10)


table 8 : explain SELECT DISTINCT c FROM sbtest8 WHERE id BETWEEN 6209624 AND 6209633 ORDER BY c
	-> Sort: sbtest8.c
    -> Table scan on <temporary>  (cost=4.84..7.2 rows=10)
        -> Temporary table with deduplication  (cost=4.58..4.58 rows=10)
            -> Filter: (sbtest8.id between 6209624 and 6209633)  (cost=2.28 rows=10)
                -> Index range scan on sbtest8 using PRIMARY over (6209624 <= id <= 6209633)  (cost=2.28 rows=10)


for non_index_updates
table 1 : explain UPDATE sbtest1 SET c='foobar' WHERE id=3436646
	-> <not executable by iterator executor>


table 2 : explain UPDATE sbtest2 SET c='foobar' WHERE id=2098546
	-> <not executable by iterator executor>


table 3 : explain UPDATE sbtest3 SET c='foobar' WHERE id=4776896
	-> <not executable by iterator executor>


table 4 : explain UPDATE sbtest4 SET c='foobar' WHERE id=9557657
	-> <not executable by iterator executor>


table 5 : explain UPDATE sbtest5 SET c='foobar' WHERE id=5808412
	-> <not executable by iterator executor>


table 6 : explain UPDATE sbtest6 SET c='foobar' WHERE id=4806580
	-> <not executable by iterator executor>


table 7 : explain UPDATE sbtest7 SET c='foobar' WHERE id=4948098
	-> <not executable by iterator executor>


table 8 : explain UPDATE sbtest8 SET c='foobar' WHERE id=5219544
	-> <not executable by iterator executor>


explain: for non_index_updates :: explain UPDATE sbtest%u SET c='foobar' WHERE id=%u
for index_updates
table 1 : explain UPDATE sbtest1 SET k=k+1 WHERE id=693406
	-> <not executable by iterator executor>


table 2 : explain UPDATE sbtest2 SET k=k+1 WHERE id=394185
	-> <not executable by iterator executor>


table 3 : explain UPDATE sbtest3 SET k=k+1 WHERE id=3025415
	-> <not executable by iterator executor>


table 4 : explain UPDATE sbtest4 SET k=k+1 WHERE id=1869953
	-> <not executable by iterator executor>


table 5 : explain UPDATE sbtest5 SET k=k+1 WHERE id=2779010
	-> <not executable by iterator executor>


table 6 : explain UPDATE sbtest6 SET k=k+1 WHERE id=6423798
	-> <not executable by iterator executor>


table 7 : explain UPDATE sbtest7 SET k=k+1 WHERE id=7816435
	-> <not executable by iterator executor>


table 8 : explain UPDATE sbtest8 SET k=k+1 WHERE id=372582
	-> <not executable by iterator executor>


for index_updates
table 1 : explain UPDATE sbtest1 SET k=k+1 WHERE id=574952
	-> <not executable by iterator executor>


table 2 : explain UPDATE sbtest2 SET k=k+1 WHERE id=9988454
	-> <not executable by iterator executor>


table 3 : explain UPDATE sbtest3 SET k=k+1 WHERE id=8510632
	-> <not executable by iterator executor>


table 4 : explain UPDATE sbtest4 SET k=k+1 WHERE id=4437681
	-> <not executable by iterator executor>


table 5 : explain UPDATE sbtest5 SET k=k+1 WHERE id=7707595
	-> <not executable by iterator executor>


table 6 : explain UPDATE sbtest6 SET k=k+1 WHERE id=952644
	-> <not executable by iterator executor>


table 7 : explain UPDATE sbtest7 SET k=k+1 WHERE id=1541548
	-> <not executable by iterator executor>


table 8 : explain UPDATE sbtest8 SET k=k+1 WHERE id=4919401
	-> <not executable by iterator executor>


for: distinct_ranges
table 1 : explain SELECT DISTINCT c FROM sbtest1 WHERE id BETWEEN 7421688 AND 7421697 ORDER BY c
	-> Sort: sbtest1.c
    -> Table scan on <temporary>  (cost=4.84..7.2 rows=10)
        -> Temporary table with deduplication  (cost=4.58..4.58 rows=10)
            -> Filter: (sbtest1.id between 7421688 and 7421697)  (cost=2.28 rows=10)
                -> Index range scan on sbtest1 using PRIMARY over (7421688 <= id <= 7421697)  (cost=2.28 rows=10)


table 2 : explain SELECT DISTINCT c FROM sbtest2 WHERE id BETWEEN 5382072 AND 5382081 ORDER BY c
	-> Sort: sbtest2.c
    -> Table scan on <temporary>  (cost=4.84..7.2 rows=10)
        -> Temporary table with deduplication  (cost=4.58..4.58 rows=10)
            -> Filter: (sbtest2.id between 5382072 and 5382081)  (cost=2.28 rows=10)
                -> Index range scan on sbtest2 using PRIMARY over (5382072 <= id <= 5382081)  (cost=2.28 rows=10)


table 3 : explain SELECT DISTINCT c FROM sbtest3 WHERE id BETWEEN 8832494 AND 8832503 ORDER BY c
	-> Sort: sbtest3.c
    -> Table scan on <temporary>  (cost=4.84..7.2 rows=10)
        -> Temporary table with deduplication  (cost=4.58..4.58 rows=10)
            -> Filter: (sbtest3.id between 8832494 and 8832503)  (cost=2.28 rows=10)
                -> Index range scan on sbtest3 using PRIMARY over (8832494 <= id <= 8832503)  (cost=2.28 rows=10)


table 4 : explain SELECT DISTINCT c FROM sbtest4 WHERE id BETWEEN 4887272 AND 4887281 ORDER BY c
	-> Sort: sbtest4.c
    -> Table scan on <temporary>  (cost=4.84..7.2 rows=10)
        -> Temporary table with deduplication  (cost=4.58..4.58 rows=10)
            -> Filter: (sbtest4.id between 4887272 and 4887281)  (cost=2.28 rows=10)
                -> Index range scan on sbtest4 using PRIMARY over (4887272 <= id <= 4887281)  (cost=2.28 rows=10)


table 5 : explain SELECT DISTINCT c FROM sbtest5 WHERE id BETWEEN 2778397 AND 2778406 ORDER BY c
	-> Sort: sbtest5.c
    -> Table scan on <temporary>  (cost=4.84..7.2 rows=10)
        -> Temporary table with deduplication  (cost=4.58..4.58 rows=10)
            -> Filter: (sbtest5.id between 2778397 and 2778406)  (cost=2.28 rows=10)
                -> Index range scan on sbtest5 using PRIMARY over (2778397 <= id <= 2778406)  (cost=2.28 rows=10)


table 6 : explain SELECT DISTINCT c FROM sbtest6 WHERE id BETWEEN 9249345 AND 9249354 ORDER BY c
	-> Sort: sbtest6.c
    -> Table scan on <temporary>  (cost=4.84..7.2 rows=10)
        -> Temporary table with deduplication  (cost=4.58..4.58 rows=10)
            -> Filter: (sbtest6.id between 9249345 and 9249354)  (cost=2.28 rows=10)
                -> Index range scan on sbtest6 using PRIMARY over (9249345 <= id <= 9249354)  (cost=2.28 rows=10)


table 7 : explain SELECT DISTINCT c FROM sbtest7 WHERE id BETWEEN 7743172 AND 7743181 ORDER BY c
	-> Sort: sbtest7.c
    -> Table scan on <temporary>  (cost=4.84..7.2 rows=10)
        -> Temporary table with deduplication  (cost=4.58..4.58 rows=10)
            -> Filter: (sbtest7.id between 7743172 and 7743181)  (cost=2.28 rows=10)
                -> Index range scan on sbtest7 using PRIMARY over (7743172 <= id <= 7743181)  (cost=2.28 rows=10)


table 8 : explain SELECT DISTINCT c FROM sbtest8 WHERE id BETWEEN 4940293 AND 4940302 ORDER BY c
	-> Sort: sbtest8.c
    -> Table scan on <temporary>  (cost=4.84..7.2 rows=10)
        -> Temporary table with deduplication  (cost=4.58..4.58 rows=10)
            -> Filter: (sbtest8.id between 4940293 and 4940302)  (cost=2.28 rows=10)
                -> Index range scan on sbtest8 using PRIMARY over (4940293 <= id <= 4940302)  (cost=2.28 rows=10)


explain: for index_updates :: explain UPDATE sbtest%u SET k=k+1 WHERE id=%u
for index_updates
table 1 : explain UPDATE sbtest1 SET k=k+1 WHERE id=9277485
	-> <not executable by iterator executor>


table 2 : explain UPDATE sbtest2 SET k=k+1 WHERE id=6943598
	-> <not executable by iterator executor>


table 3 : explain UPDATE sbtest3 SET k=k+1 WHERE id=1579812
	-> <not executable by iterator executor>


table 4 : explain UPDATE sbtest4 SET k=k+1 WHERE id=5849461
	-> <not executable by iterator executor>


table 5 : explain UPDATE sbtest5 SET k=k+1 WHERE id=4908001
	-> <not executable by iterator executor>


table 6 : explain UPDATE sbtest6 SET k=k+1 WHERE id=510181
	-> <not executable by iterator executor>


table 7 : explain UPDATE sbtest7 SET k=k+1 WHERE id=4171036
	-> <not executable by iterator executor>


table 8 : explain UPDATE sbtest8 SET k=k+1 WHERE id=2014750
	-> <not executable by iterator executor>


for index_updates
table 1 : explain UPDATE sbtest1 SET k=k+1 WHERE id=7594409
	-> <not executable by iterator executor>


table 2 : explain UPDATE sbtest2 SET k=k+1 WHERE id=7684294
	-> <not executable by iterator executor>


table 3 : explain UPDATE sbtest3 SET k=k+1 WHERE id=1917785
	-> <not executable by iterator executor>


table 4 : explain UPDATE sbtest4 SET k=k+1 WHERE id=8347347
	-> <not executable by iterator executor>


table 5 : explain UPDATE sbtest5 SET k=k+1 WHERE id=5084172
	-> <not executable by iterator executor>


table 6 : explain UPDATE sbtest6 SET k=k+1 WHERE id=3385850
	-> <not executable by iterator executor>


table 7 : explain UPDATE sbtest7 SET k=k+1 WHERE id=9778634
	-> <not executable by iterator executor>


table 8 : explain UPDATE sbtest8 SET k=k+1 WHERE id=1922173
	-> <not executable by iterator executor>


for index_updates
table 1 : explain UPDATE sbtest1 SET k=k+1 WHERE id=9041358
	-> <not executable by iterator executor>


table 2 : explain UPDATE sbtest2 SET k=k+1 WHERE id=4735064
	-> <not executable by iterator executor>


table 3 : explain UPDATE sbtest3 SET k=k+1 WHERE id=5539072
	-> <not executable by iterator executor>


table 4 : explain UPDATE sbtest4 SET k=k+1 WHERE id=4823934
	-> <not executable by iterator executor>


table 5 : explain UPDATE sbtest5 SET k=k+1 WHERE id=2317169
	-> <not executable by iterator executor>


table 6 : explain UPDATE sbtest6 SET k=k+1 WHERE id=7824030
	-> <not executable by iterator executor>


table 7 : explain UPDATE sbtest7 SET k=k+1 WHERE id=9211371
	-> <not executable by iterator executor>


table 8 : explain UPDATE sbtest8 SET k=k+1 WHERE id=8499915
	-> <not executable by iterator executor>


for non_index_updates
table 1 : explain UPDATE sbtest1 SET c='foobar' WHERE id=2025474
	-> <not executable by iterator executor>


table 2 : explain UPDATE sbtest2 SET c='foobar' WHERE id=5949181
	-> <not executable by iterator executor>


table 3 : explain UPDATE sbtest3 SET c='foobar' WHERE id=3707118
	-> <not executable by iterator executor>


table 4 : explain UPDATE sbtest4 SET c='foobar' WHERE id=627807
	-> <not executable by iterator executor>


table 5 : explain UPDATE sbtest5 SET c='foobar' WHERE id=7661911
	-> <not executable by iterator executor>


table 6 : explain UPDATE sbtest6 SET c='foobar' WHERE id=605043
	-> <not executable by iterator executor>


table 7 : explain UPDATE sbtest7 SET c='foobar' WHERE id=8850115
	-> <not executable by iterator executor>


table 8 : explain UPDATE sbtest8 SET c='foobar' WHERE id=8017313
	-> <not executable by iterator executor>


explain: for non_index_updates :: explain UPDATE sbtest%u SET c='foobar' WHERE id=%u
for non_index_updates
table 1 : explain UPDATE sbtest1 SET c='foobar' WHERE id=5517791
	-> <not executable by iterator executor>


table 2 : explain UPDATE sbtest2 SET c='foobar' WHERE id=2257277
	-> <not executable by iterator executor>


table 3 : explain UPDATE sbtest3 SET c='foobar' WHERE id=6270886
	-> <not executable by iterator executor>


table 4 : explain UPDATE sbtest4 SET c='foobar' WHERE id=6597376
	-> <not executable by iterator executor>


table 5 : explain UPDATE sbtest5 SET c='foobar' WHERE id=6939898
	-> <not executable by iterator executor>


table 6 : explain UPDATE sbtest6 SET c='foobar' WHERE id=7630281
	-> <not executable by iterator executor>


table 7 : explain UPDATE sbtest7 SET c='foobar' WHERE id=4077140
	-> <not executable by iterator executor>


table 8 : explain UPDATE sbtest8 SET c='foobar' WHERE id=7252551
	-> <not executable by iterator executor>


for index_updates
table 1 : explain UPDATE sbtest1 SET k=k+1 WHERE id=7454970
	-> <not executable by iterator executor>


table 2 : explain UPDATE sbtest2 SET k=k+1 WHERE id=3806269
	-> <not executable by iterator executor>


table 3 : explain UPDATE sbtest3 SET k=k+1 WHERE id=5475152
	-> <not executable by iterator executor>


table 4 : explain UPDATE sbtest4 SET k=k+1 WHERE id=2880119
	-> <not executable by iterator executor>


table 5 : explain UPDATE sbtest5 SET k=k+1 WHERE id=1717647
	-> <not executable by iterator executor>


table 6 : explain UPDATE sbtest6 SET k=k+1 WHERE id=4814691
	-> <not executable by iterator executor>


table 7 : explain UPDATE sbtest7 SET k=k+1 WHERE id=3350113
	-> <not executable by iterator executor>


table 8 : explain UPDATE sbtest8 SET k=k+1 WHERE id=12233
	-> <not executable by iterator executor>


for index_updates
table 1 : explain UPDATE sbtest1 SET k=k+1 WHERE id=4630268
	-> <not executable by iterator executor>


table 2 : explain UPDATE sbtest2 SET k=k+1 WHERE id=4795435
	-> <not executable by iterator executor>


table 3 : explain UPDATE sbtest3 SET k=k+1 WHERE id=6618602
	-> <not executable by iterator executor>


table 4 : explain UPDATE sbtest4 SET k=k+1 WHERE id=2670448
	-> <not executable by iterator executor>


table 5 : explain UPDATE sbtest5 SET k=k+1 WHERE id=8745436
	-> <not executable by iterator executor>


table 6 : explain UPDATE sbtest6 SET k=k+1 WHERE id=5813604
	-> <not executable by iterator executor>


table 7 : explain UPDATE sbtest7 SET k=k+1 WHERE id=428668
	-> <not executable by iterator executor>


table 8 : explain UPDATE sbtest8 SET k=k+1 WHERE id=722326
	-> <not executable by iterator executor>


explain: for non_index_updates :: explain UPDATE sbtest%u SET c='foobar' WHERE id=%u
explain: for non_index_updates :: explain UPDATE sbtest%u SET c='foobar' WHERE id=%u
for index_updates
table 1 : explain UPDATE sbtest1 SET k=k+1 WHERE id=7316470
	-> <not executable by iterator executor>


table 2 : explain UPDATE sbtest2 SET k=k+1 WHERE id=7009427
	-> <not executable by iterator executor>


table 3 : explain UPDATE sbtest3 SET k=k+1 WHERE id=710114
	-> <not executable by iterator executor>


table 4 : explain UPDATE sbtest4 SET k=k+1 WHERE id=6364470
	-> <not executable by iterator executor>


table 5 : explain UPDATE sbtest5 SET k=k+1 WHERE id=4893356
	-> <not executable by iterator executor>


table 6 : explain UPDATE sbtest6 SET k=k+1 WHERE id=3984188
	-> <not executable by iterator executor>


table 7 : explain UPDATE sbtest7 SET k=k+1 WHERE id=3579787
	-> <not executable by iterator executor>


table 8 : explain UPDATE sbtest8 SET k=k+1 WHERE id=6949175
	-> <not executable by iterator executor>


explain: for index_updates :: explain UPDATE sbtest%u SET k=k+1 WHERE id=%u
for index_updates
table 1 : explain UPDATE sbtest1 SET k=k+1 WHERE id=4128526
	-> <not executable by iterator executor>


table 2 : explain UPDATE sbtest2 SET k=k+1 WHERE id=3980515
	-> <not executable by iterator executor>


table 3 : explain UPDATE sbtest3 SET k=k+1 WHERE id=7791103
	-> <not executable by iterator executor>


table 4 : explain UPDATE sbtest4 SET k=k+1 WHERE id=8138699
	-> <not executable by iterator executor>


table 5 : explain UPDATE sbtest5 SET k=k+1 WHERE id=4017301
	-> <not executable by iterator executor>


table 6 : explain UPDATE sbtest6 SET k=k+1 WHERE id=4251977
	-> <not executable by iterator executor>


table 7 : explain UPDATE sbtest7 SET k=k+1 WHERE id=8063847
	-> <not executable by iterator executor>


table 8 : explain UPDATE sbtest8 SET k=k+1 WHERE id=5069704
	-> <not executable by iterator executor>


for index_updates
table 1 : explain UPDATE sbtest1 SET k=k+1 WHERE id=4150781
	-> <not executable by iterator executor>


table 2 : explain UPDATE sbtest2 SET k=k+1 WHERE id=7726486
	-> <not executable by iterator executor>


table 3 : explain UPDATE sbtest3 SET k=k+1 WHERE id=5506253
	-> <not executable by iterator executor>


table 4 : explain UPDATE sbtest4 SET k=k+1 WHERE id=8566259
	-> <not executable by iterator executor>


table 5 : explain UPDATE sbtest5 SET k=k+1 WHERE id=3815684
	-> <not executable by iterator executor>


table 6 : explain UPDATE sbtest6 SET k=k+1 WHERE id=3489867
	-> <not executable by iterator executor>


table 7 : explain UPDATE sbtest7 SET k=k+1 WHERE id=4676478
	-> <not executable by iterator executor>


table 8 : explain UPDATE sbtest8 SET k=k+1 WHERE id=9665992
	-> <not executable by iterator executor>


for index_updates
table 1 : explain UPDATE sbtest1 SET k=k+1 WHERE id=1095475
	-> <not executable by iterator executor>


table 2 : explain UPDATE sbtest2 SET k=k+1 WHERE id=4470269
	-> <not executable by iterator executor>


table 3 : explain UPDATE sbtest3 SET k=k+1 WHERE id=558554
	-> <not executable by iterator executor>


table 4 : explain UPDATE sbtest4 SET k=k+1 WHERE id=8684949
	-> <not executable by iterator executor>


table 5 : explain UPDATE sbtest5 SET k=k+1 WHERE id=3814883
	-> <not executable by iterator executor>


table 6 : explain UPDATE sbtest6 SET k=k+1 WHERE id=5515503
	-> <not executable by iterator executor>


table 7 : explain UPDATE sbtest7 SET k=k+1 WHERE id=5830374
	-> <not executable by iterator executor>


table 8 : explain UPDATE sbtest8 SET k=k+1 WHERE id=1340154
	-> <not executable by iterator executor>


explain: for non_index_updates :: explain UPDATE sbtest%u SET c='foobar' WHERE id=%u
explain: for index_updates :: explain UPDATE sbtest%u SET k=k+1 WHERE id=%u
for index_updates
table 1 : explain UPDATE sbtest1 SET k=k+1 WHERE id=9284268
	-> <not executable by iterator executor>


table 2 : explain UPDATE sbtest2 SET k=k+1 WHERE id=1053209
	-> <not executable by iterator executor>


table 3 : explain UPDATE sbtest3 SET k=k+1 WHERE id=3089123
	-> <not executable by iterator executor>


table 4 : explain UPDATE sbtest4 SET k=k+1 WHERE id=1896997
	-> <not executable by iterator executor>


table 5 : explain UPDATE sbtest5 SET k=k+1 WHERE id=7144530
	-> <not executable by iterator executor>


table 6 : explain UPDATE sbtest6 SET k=k+1 WHERE id=2316448
	-> <not executable by iterator executor>


table 7 : explain UPDATE sbtest7 SET k=k+1 WHERE id=7460300
	-> <not executable by iterator executor>


table 8 : explain UPDATE sbtest8 SET k=k+1 WHERE id=6148120
	-> <not executable by iterator executor>


explain: for non_index_updates :: explain UPDATE sbtest%u SET c='foobar' WHERE id=%u
explain: for index_updates :: explain UPDATE sbtest%u SET k=k+1 WHERE id=%u
explain: for deletes :: explain DELETE FROM sbtest%u WHERE id=%u
explain: for non_index_updates :: explain UPDATE sbtest%u SET c='foobar' WHERE id=%u
explain: for index_updates :: explain UPDATE sbtest%u SET k=k+1 WHERE id=%u
for index_updates
table 1 : explain UPDATE sbtest1 SET k=k+1 WHERE id=8074121
	-> <not executable by iterator executor>


table 2 : explain UPDATE sbtest2 SET k=k+1 WHERE id=4353338
	-> <not executable by iterator executor>


table 3 : explain UPDATE sbtest3 SET k=k+1 WHERE id=4852489
	-> <not executable by iterator executor>


table 4 : explain UPDATE sbtest4 SET k=k+1 WHERE id=7828058
	-> <not executable by iterator executor>


table 5 : explain UPDATE sbtest5 SET k=k+1 WHERE id=8175247
	-> <not executable by iterator executor>


table 6 : explain UPDATE sbtest6 SET k=k+1 WHERE id=2821184
	-> <not executable by iterator executor>


table 7 : explain UPDATE sbtest7 SET k=k+1 WHERE id=2051072
	-> <not executable by iterator executor>


table 8 : explain UPDATE sbtest8 SET k=k+1 WHERE id=6183931
	-> <not executable by iterator executor>


explain: for non_index_updates :: explain UPDATE sbtest%u SET c='foobar' WHERE id=%u
explain: for index_updates :: explain UPDATE sbtest%u SET k=k+1 WHERE id=%u
for non_index_updates
table 1 : explain UPDATE sbtest1 SET c='foobar' WHERE id=5417751
	-> <not executable by iterator executor>


table 2 : explain UPDATE sbtest2 SET c='foobar' WHERE id=8688565
	-> <not executable by iterator executor>


table 3 : explain UPDATE sbtest3 SET c='foobar' WHERE id=636568
	-> <not executable by iterator executor>


table 4 : explain UPDATE sbtest4 SET c='foobar' WHERE id=3112662
	-> <not executable by iterator executor>


table 5 : explain UPDATE sbtest5 SET c='foobar' WHERE id=8681448
	-> <not executable by iterator executor>


table 6 : explain UPDATE sbtest6 SET c='foobar' WHERE id=7540183
	-> <not executable by iterator executor>


table 7 : explain UPDATE sbtest7 SET c='foobar' WHERE id=4510852
	-> <not executable by iterator executor>


table 8 : explain UPDATE sbtest8 SET c='foobar' WHERE id=705386
	-> <not executable by iterator executor>


explain: for non_index_updates :: explain UPDATE sbtest%u SET c='foobar' WHERE id=%u
explain: for non_index_updates :: explain UPDATE sbtest%u SET c='foobar' WHERE id=%u
for non_index_updates
table 1 : explain UPDATE sbtest1 SET c='foobar' WHERE id=9211263
	-> <not executable by iterator executor>


table 2 : explain UPDATE sbtest2 SET c='foobar' WHERE id=3171657
	-> <not executable by iterator executor>


table 3 : explain UPDATE sbtest3 SET c='foobar' WHERE id=9985837
	-> <not executable by iterator executor>


table 4 : explain UPDATE sbtest4 SET c='foobar' WHERE id=5654759
	-> <not executable by iterator executor>


table 5 : explain UPDATE sbtest5 SET c='foobar' WHERE id=1557651
	-> <not executable by iterator executor>


table 6 : explain UPDATE sbtest6 SET c='foobar' WHERE id=7452605
	-> <not executable by iterator executor>


table 7 : explain UPDATE sbtest7 SET c='foobar' WHERE id=778779
	-> <not executable by iterator executor>


table 8 : explain UPDATE sbtest8 SET c='foobar' WHERE id=7936499
	-> <not executable by iterator executor>


explain: for non_index_updates :: explain UPDATE sbtest%u SET c='foobar' WHERE id=%u
for non_index_updates
table 1 : explain UPDATE sbtest1 SET c='foobar' WHERE id=207612
	-> <not executable by iterator executor>


table 2 : explain UPDATE sbtest2 SET c='foobar' WHERE id=8414744
	-> <not executable by iterator executor>


table 3 : explain UPDATE sbtest3 SET c='foobar' WHERE id=1362834
	-> <not executable by iterator executor>


table 4 : explain UPDATE sbtest4 SET c='foobar' WHERE id=7847767
	-> <not executable by iterator executor>


table 5 : explain UPDATE sbtest5 SET c='foobar' WHERE id=8376659
	-> <not executable by iterator executor>


table 6 : explain UPDATE sbtest6 SET c='foobar' WHERE id=1099418
	-> <not executable by iterator executor>


table 7 : explain UPDATE sbtest7 SET c='foobar' WHERE id=3850688
	-> <not executable by iterator executor>


table 8 : explain UPDATE sbtest8 SET c='foobar' WHERE id=8724810
	-> <not executable by iterator executor>


explain: for index_updates :: explain UPDATE sbtest%u SET k=k+1 WHERE id=%u
for index_updates
table 1 : explain UPDATE sbtest1 SET k=k+1 WHERE id=8448409
	-> <not executable by iterator executor>


table 2 : explain UPDATE sbtest2 SET k=k+1 WHERE id=9244478
	-> <not executable by iterator executor>


table 3 : explain UPDATE sbtest3 SET k=k+1 WHERE id=4936498
	-> <not executable by iterator executor>


table 4 : explain UPDATE sbtest4 SET k=k+1 WHERE id=1536074
	-> <not executable by iterator executor>


table 5 : explain UPDATE sbtest5 SET k=k+1 WHERE id=5615279
	-> <not executable by iterator executor>


table 6 : explain UPDATE sbtest6 SET k=k+1 WHERE id=9551241
	-> <not executable by iterator executor>


table 7 : explain UPDATE sbtest7 SET k=k+1 WHERE id=2890222
	-> <not executable by iterator executor>


table 8 : explain UPDATE sbtest8 SET k=k+1 WHERE id=6509951
	-> <not executable by iterator executor>


for non_index_updates
table 1 : explain UPDATE sbtest1 SET c='foobar' WHERE id=5117823
	-> <not executable by iterator executor>


table 2 : explain UPDATE sbtest2 SET c='foobar' WHERE id=9806234
	-> <not executable by iterator executor>


table 3 : explain UPDATE sbtest3 SET c='foobar' WHERE id=1981568
	-> <not executable by iterator executor>


table 4 : explain UPDATE sbtest4 SET c='foobar' WHERE id=4300973
	-> <not executable by iterator executor>


table 5 : explain UPDATE sbtest5 SET c='foobar' WHERE id=9334954
	-> <not executable by iterator executor>


table 6 : explain UPDATE sbtest6 SET c='foobar' WHERE id=4565416
	-> <not executable by iterator executor>


table 7 : explain UPDATE sbtest7 SET c='foobar' WHERE id=8032227
	-> <not executable by iterator executor>


table 8 : explain UPDATE sbtest8 SET c='foobar' WHERE id=4315372
	-> <not executable by iterator executor>


explain: for non_index_updates :: explain UPDATE sbtest%u SET c='foobar' WHERE id=%u
for deletes
table 1 : explain DELETE FROM sbtest1 WHERE id=5005012
	-> <not executable by iterator executor>


table 2 : explain DELETE FROM sbtest2 WHERE id=7705318
	-> <not executable by iterator executor>


table 3 : explain DELETE FROM sbtest3 WHERE id=9642068
	-> <not executable by iterator executor>


table 4 : explain DELETE FROM sbtest4 WHERE id=4447865
	-> <not executable by iterator executor>


table 5 : explain DELETE FROM sbtest5 WHERE id=5165640
	-> <not executable by iterator executor>


table 6 : explain DELETE FROM sbtest6 WHERE id=2225952
	-> <not executable by iterator executor>


table 7 : explain DELETE FROM sbtest7 WHERE id=8003168
	-> <not executable by iterator executor>


table 8 : explain DELETE FROM sbtest8 WHERE id=3349702
	-> <not executable by iterator executor>


for non_index_updates
table 1 : explain UPDATE sbtest1 SET c='foobar' WHERE id=9927752
	-> <not executable by iterator executor>


table 2 : explain UPDATE sbtest2 SET c='foobar' WHERE id=4737308
	-> <not executable by iterator executor>


table 3 : explain UPDATE sbtest3 SET c='foobar' WHERE id=9126215
	-> <not executable by iterator executor>


table 4 : explain UPDATE sbtest4 SET c='foobar' WHERE id=1888227
	-> <not executable by iterator executor>


table 5 : explain UPDATE sbtest5 SET c='foobar' WHERE id=2455587
	-> <not executable by iterator executor>


table 6 : explain UPDATE sbtest6 SET c='foobar' WHERE id=6069399
	-> <not executable by iterator executor>


table 7 : explain UPDATE sbtest7 SET c='foobar' WHERE id=5198751
	-> <not executable by iterator executor>


table 8 : explain UPDATE sbtest8 SET c='foobar' WHERE id=5059702
	-> <not executable by iterator executor>


explain: for non_index_updates :: explain UPDATE sbtest%u SET c='foobar' WHERE id=%u
explain: for non_index_updates :: explain UPDATE sbtest%u SET c='foobar' WHERE id=%u
for non_index_updates
table 1 : explain UPDATE sbtest1 SET c='foobar' WHERE id=2073455
	-> <not executable by iterator executor>


table 2 : explain UPDATE sbtest2 SET c='foobar' WHERE id=3861032
	-> <not executable by iterator executor>


table 3 : explain UPDATE sbtest3 SET c='foobar' WHERE id=8208335
	-> <not executable by iterator executor>


table 4 : explain UPDATE sbtest4 SET c='foobar' WHERE id=3005440
	-> <not executable by iterator executor>


table 5 : explain UPDATE sbtest5 SET c='foobar' WHERE id=3055959
	-> <not executable by iterator executor>


table 6 : explain UPDATE sbtest6 SET c='foobar' WHERE id=3295426
	-> <not executable by iterator executor>


table 7 : explain UPDATE sbtest7 SET c='foobar' WHERE id=7708144
	-> <not executable by iterator executor>


table 8 : explain UPDATE sbtest8 SET c='foobar' WHERE id=6948768
	-> <not executable by iterator executor>


for index_updates
table 1 : explain UPDATE sbtest1 SET k=k+1 WHERE id=9418044
	-> <not executable by iterator executor>


table 2 : explain UPDATE sbtest2 SET k=k+1 WHERE id=4139766
	-> <not executable by iterator executor>


table 3 : explain UPDATE sbtest3 SET k=k+1 WHERE id=2110756
	-> <not executable by iterator executor>


table 4 : explain UPDATE sbtest4 SET k=k+1 WHERE id=4781631
	-> <not executable by iterator executor>


table 5 : explain UPDATE sbtest5 SET k=k+1 WHERE id=802991
	-> <not executable by iterator executor>


table 6 : explain UPDATE sbtest6 SET k=k+1 WHERE id=4518443
	-> <not executable by iterator executor>


table 7 : explain UPDATE sbtest7 SET k=k+1 WHERE id=6974869
	-> <not executable by iterator executor>


table 8 : explain UPDATE sbtest8 SET k=k+1 WHERE id=7596574
	-> <not executable by iterator executor>


for non_index_updates
table 1 : explain UPDATE sbtest1 SET c='foobar' WHERE id=3764144
	-> <not executable by iterator executor>


table 2 : explain UPDATE sbtest2 SET c='foobar' WHERE id=463386
	-> <not executable by iterator executor>


table 3 : explain UPDATE sbtest3 SET c='foobar' WHERE id=7237719
	-> <not executable by iterator executor>


table 4 : explain UPDATE sbtest4 SET c='foobar' WHERE id=7356878
	-> <not executable by iterator executor>


table 5 : explain UPDATE sbtest5 SET c='foobar' WHERE id=7801149
	-> <not executable by iterator executor>


table 6 : explain UPDATE sbtest6 SET c='foobar' WHERE id=2006716
	-> <not executable by iterator executor>


table 7 : explain UPDATE sbtest7 SET c='foobar' WHERE id=4309810
	-> <not executable by iterator executor>


table 8 : explain UPDATE sbtest8 SET c='foobar' WHERE id=2427833
	-> <not executable by iterator executor>


explain: for deletes :: explain DELETE FROM sbtest%u WHERE id=%u
for: distinct_ranges
table 1 : explain SELECT DISTINCT c FROM sbtest1 WHERE id BETWEEN 887647 AND 887656 ORDER BY c
	-> Sort: sbtest1.c
    -> Table scan on <temporary>  (cost=4.84..7.2 rows=10)
        -> Temporary table with deduplication  (cost=4.58..4.58 rows=10)
            -> Filter: (sbtest1.id between 887647 and 887656)  (cost=2.28 rows=10)
                -> Index range scan on sbtest1 using PRIMARY over (887647 <= id <= 887656)  (cost=2.28 rows=10)


table 2 : explain SELECT DISTINCT c FROM sbtest2 WHERE id BETWEEN 4455657 AND 4455666 ORDER BY c
	-> Sort: sbtest2.c
    -> Table scan on <temporary>  (cost=4.84..7.2 rows=10)
        -> Temporary table with deduplication  (cost=4.58..4.58 rows=10)
            -> Filter: (sbtest2.id between 4455657 and 4455666)  (cost=2.28 rows=10)
                -> Index range scan on sbtest2 using PRIMARY over (4455657 <= id <= 4455666)  (cost=2.28 rows=10)


table 3 : explain SELECT DISTINCT c FROM sbtest3 WHERE id BETWEEN 683355 AND 683364 ORDER BY c
	-> Sort: sbtest3.c
    -> Table scan on <temporary>  (cost=4.84..7.2 rows=10)
        -> Temporary table with deduplication  (cost=4.58..4.58 rows=10)
            -> Filter: (sbtest3.id between 683355 and 683364)  (cost=2.28 rows=10)
                -> Index range scan on sbtest3 using PRIMARY over (683355 <= id <= 683364)  (cost=2.28 rows=10)


table 4 : explain SELECT DISTINCT c FROM sbtest4 WHERE id BETWEEN 8211197 AND 8211206 ORDER BY c
	-> Sort: sbtest4.c
    -> Table scan on <temporary>  (cost=4.84..7.2 rows=10)
        -> Temporary table with deduplication  (cost=4.58..4.58 rows=10)
            -> Filter: (sbtest4.id between 8211197 and 8211206)  (cost=2.28 rows=10)
                -> Index range scan on sbtest4 using PRIMARY over (8211197 <= id <= 8211206)  (cost=2.28 rows=10)


table 5 : explain SELECT DISTINCT c FROM sbtest5 WHERE id BETWEEN 2622270 AND 2622279 ORDER BY c
	-> Sort: sbtest5.c
    -> Table scan on <temporary>  (cost=4.84..7.2 rows=10)
        -> Temporary table with deduplication  (cost=4.58..4.58 rows=10)
            -> Filter: (sbtest5.id between 2622270 and 2622279)  (cost=2.28 rows=10)
                -> Index range scan on sbtest5 using PRIMARY over (2622270 <= id <= 2622279)  (cost=2.28 rows=10)


table 6 : explain SELECT DISTINCT c FROM sbtest6 WHERE id BETWEEN 480661 AND 480670 ORDER BY c
	-> Sort: sbtest6.c
    -> Table scan on <temporary>  (cost=4.84..7.2 rows=10)
        -> Temporary table with deduplication  (cost=4.58..4.58 rows=10)
            -> Filter: (sbtest6.id between 480661 and 480670)  (cost=2.28 rows=10)
                -> Index range scan on sbtest6 using PRIMARY over (480661 <= id <= 480670)  (cost=2.28 rows=10)


table 7 : explain SELECT DISTINCT c FROM sbtest7 WHERE id BETWEEN 7092859 AND 7092868 ORDER BY c
	-> Sort: sbtest7.c
    -> Table scan on <temporary>  (cost=4.84..7.2 rows=10)
        -> Temporary table with deduplication  (cost=4.58..4.58 rows=10)
            -> Filter: (sbtest7.id between 7092859 and 7092868)  (cost=2.28 rows=10)
                -> Index range scan on sbtest7 using PRIMARY over (7092859 <= id <= 7092868)  (cost=2.28 rows=10)


table 8 : explain SELECT DISTINCT c FROM sbtest8 WHERE id BETWEEN 2301880 AND 2301889 ORDER BY c
	-> Sort: sbtest8.c
    -> Table scan on <temporary>  (cost=4.84..7.2 rows=10)
        -> Temporary table with deduplication  (cost=4.58..4.58 rows=10)
            -> Filter: (sbtest8.id between 2301880 and 2301889)  (cost=2.28 rows=10)
                -> Index range scan on sbtest8 using PRIMARY over (2301880 <= id <= 2301889)  (cost=2.28 rows=10)


for index_updates
table 1 : explain UPDATE sbtest1 SET k=k+1 WHERE id=6840318
	-> <not executable by iterator executor>


table 2 : explain UPDATE sbtest2 SET k=k+1 WHERE id=7853549
	-> <not executable by iterator executor>


table 3 : explain UPDATE sbtest3 SET k=k+1 WHERE id=822290
	-> <not executable by iterator executor>


table 4 : explain UPDATE sbtest4 SET k=k+1 WHERE id=2263024
	-> <not executable by iterator executor>


table 5 : explain UPDATE sbtest5 SET k=k+1 WHERE id=91694
	-> <not executable by iterator executor>


table 6 : explain UPDATE sbtest6 SET k=k+1 WHERE id=6876350
	-> <not executable by iterator executor>


table 7 : explain UPDATE sbtest7 SET k=k+1 WHERE id=7043988
	-> <not executable by iterator executor>


table 8 : explain UPDATE sbtest8 SET k=k+1 WHERE id=7907940
	-> <not executable by iterator executor>


explain: for index_updates :: explain UPDATE sbtest%u SET k=k+1 WHERE id=%u
for non_index_updates
table 1 : explain UPDATE sbtest1 SET c='foobar' WHERE id=6195062
	-> <not executable by iterator executor>


table 2 : explain UPDATE sbtest2 SET c='foobar' WHERE id=6260762
	-> <not executable by iterator executor>


table 3 : explain UPDATE sbtest3 SET c='foobar' WHERE id=5340132
	-> <not executable by iterator executor>


table 4 : explain UPDATE sbtest4 SET c='foobar' WHERE id=9102927
	-> <not executable by iterator executor>


table 5 : explain UPDATE sbtest5 SET c='foobar' WHERE id=102984
	-> <not executable by iterator executor>


table 6 : explain UPDATE sbtest6 SET c='foobar' WHERE id=1560413
	-> <not executable by iterator executor>


table 7 : explain UPDATE sbtest7 SET c='foobar' WHERE id=5651164
	-> <not executable by iterator executor>


table 8 : explain UPDATE sbtest8 SET c='foobar' WHERE id=7202671
	-> <not executable by iterator executor>


for index_updates
table 1 : explain UPDATE sbtest1 SET k=k+1 WHERE id=8968550
	-> <not executable by iterator executor>


table 2 : explain UPDATE sbtest2 SET k=k+1 WHERE id=3466229
	-> <not executable by iterator executor>


table 3 : explain UPDATE sbtest3 SET k=k+1 WHERE id=2628303
	-> <not executable by iterator executor>


table 4 : explain UPDATE sbtest4 SET k=k+1 WHERE id=741397
	-> <not executable by iterator executor>


table 5 : explain UPDATE sbtest5 SET k=k+1 WHERE id=9540289
	-> <not executable by iterator executor>


table 6 : explain UPDATE sbtest6 SET k=k+1 WHERE id=5854073
	-> <not executable by iterator executor>


table 7 : explain UPDATE sbtest7 SET k=k+1 WHERE id=7953037
	-> <not executable by iterator executor>


table 8 : explain UPDATE sbtest8 SET k=k+1 WHERE id=7117669
	-> <not executable by iterator executor>


for index_updates
table 1 : explain UPDATE sbtest1 SET k=k+1 WHERE id=1349041
	-> <not executable by iterator executor>


table 2 : explain UPDATE sbtest2 SET k=k+1 WHERE id=5954514
	-> <not executable by iterator executor>


table 3 : explain UPDATE sbtest3 SET k=k+1 WHERE id=6264123
	-> <not executable by iterator executor>


table 4 : explain UPDATE sbtest4 SET k=k+1 WHERE id=9070426
	-> <not executable by iterator executor>


table 5 : explain UPDATE sbtest5 SET k=k+1 WHERE id=9364363
	-> <not executable by iterator executor>


table 6 : explain UPDATE sbtest6 SET k=k+1 WHERE id=2328499
	-> <not executable by iterator executor>


table 7 : explain UPDATE sbtest7 SET k=k+1 WHERE id=366890
	-> <not executable by iterator executor>


table 8 : explain UPDATE sbtest8 SET k=k+1 WHERE id=1969362
	-> <not executable by iterator executor>


explain: for non_index_updates :: explain UPDATE sbtest%u SET c='foobar' WHERE id=%u
for index_updates
table 1 : explain UPDATE sbtest1 SET k=k+1 WHERE id=6599840
	-> <not executable by iterator executor>


table 2 : explain UPDATE sbtest2 SET k=k+1 WHERE id=4257899
	-> <not executable by iterator executor>


table 3 : explain UPDATE sbtest3 SET k=k+1 WHERE id=4597703
	-> <not executable by iterator executor>


table 4 : explain UPDATE sbtest4 SET k=k+1 WHERE id=8512321
	-> <not executable by iterator executor>


table 5 : explain UPDATE sbtest5 SET k=k+1 WHERE id=7883298
	-> <not executable by iterator executor>


table 6 : explain UPDATE sbtest6 SET k=k+1 WHERE id=8449713
	-> <not executable by iterator executor>


table 7 : explain UPDATE sbtest7 SET k=k+1 WHERE id=52529
	-> <not executable by iterator executor>


table 8 : explain UPDATE sbtest8 SET k=k+1 WHERE id=3064719
	-> <not executable by iterator executor>


for non_index_updates
table 1 : explain UPDATE sbtest1 SET c='foobar' WHERE id=6582284
	-> <not executable by iterator executor>


table 2 : explain UPDATE sbtest2 SET c='foobar' WHERE id=42858
	-> <not executable by iterator executor>


table 3 : explain UPDATE sbtest3 SET c='foobar' WHERE id=8955785
	-> <not executable by iterator executor>


table 4 : explain UPDATE sbtest4 SET c='foobar' WHERE id=8477631
	-> <not executable by iterator executor>


table 5 : explain UPDATE sbtest5 SET c='foobar' WHERE id=6866357
	-> <not executable by iterator executor>


table 6 : explain UPDATE sbtest6 SET c='foobar' WHERE id=376303
	-> <not executable by iterator executor>


table 7 : explain UPDATE sbtest7 SET c='foobar' WHERE id=6487745
	-> <not executable by iterator executor>


table 8 : explain UPDATE sbtest8 SET c='foobar' WHERE id=1422529
	-> <not executable by iterator executor>


explain: for non_index_updates :: explain UPDATE sbtest%u SET c='foobar' WHERE id=%u
explain: for non_index_updates :: explain UPDATE sbtest%u SET c='foobar' WHERE id=%u
explain: for non_index_updates :: explain UPDATE sbtest%u SET c='foobar' WHERE id=%u
explain: for non_index_updates :: explain UPDATE sbtest%u SET c='foobar' WHERE id=%u
explain: for non_index_updates :: explain UPDATE sbtest%u SET c='foobar' WHERE id=%u
for non_index_updates
table 1 : explain UPDATE sbtest1 SET c='foobar' WHERE id=9223063
	-> <not executable by iterator executor>


table 2 : explain UPDATE sbtest2 SET c='foobar' WHERE id=5166932
	-> <not executable by iterator executor>


table 3 : explain UPDATE sbtest3 SET c='foobar' WHERE id=981154
	-> <not executable by iterator executor>


table 4 : explain UPDATE sbtest4 SET c='foobar' WHERE id=9954260
	-> <not executable by iterator executor>


table 5 : explain UPDATE sbtest5 SET c='foobar' WHERE id=9808710
	-> <not executable by iterator executor>


table 6 : explain UPDATE sbtest6 SET c='foobar' WHERE id=5155829
	-> <not executable by iterator executor>


table 7 : explain UPDATE sbtest7 SET c='foobar' WHERE id=7107410
	-> <not executable by iterator executor>


table 8 : explain UPDATE sbtest8 SET c='foobar' WHERE id=9635054
	-> <not executable by iterator executor>


for non_index_updates
table 1 : explain UPDATE sbtest1 SET c='foobar' WHERE id=9356737
	-> <not executable by iterator executor>


table 2 : explain UPDATE sbtest2 SET c='foobar' WHERE id=4608524
	-> <not executable by iterator executor>


table 3 : explain UPDATE sbtest3 SET c='foobar' WHERE id=6882800
	-> <not executable by iterator executor>


table 4 : explain UPDATE sbtest4 SET c='foobar' WHERE id=3972661
	-> <not executable by iterator executor>


table 5 : explain UPDATE sbtest5 SET c='foobar' WHERE id=8440152
	-> <not executable by iterator executor>


table 6 : explain UPDATE sbtest6 SET c='foobar' WHERE id=174961
	-> <not executable by iterator executor>


table 7 : explain UPDATE sbtest7 SET c='foobar' WHERE id=2433792
	-> <not executable by iterator executor>


table 8 : explain UPDATE sbtest8 SET c='foobar' WHERE id=3057673
	-> <not executable by iterator executor>

explain: for non_index_updates :: explain UPDATE sbtest%u SET c='foobar' WHERE id=%u

explain: for non_index_updates :: explain UPDATE sbtest%u SET c='foobar' WHERE id=%u
explain: for non_index_updates :: explain UPDATE sbtest%u SET c='foobar' WHERE id=%u
explain: for non_index_updates :: explain UPDATE sbtest%u SET c='foobar' WHERE id=%u
for non_index_updates
table 1 : explain UPDATE sbtest1 SET c='foobar' WHERE id=69483
	-> <not executable by iterator executor>


table 2 : explain UPDATE sbtest2 SET c='foobar' WHERE id=9584483
	-> <not executable by iterator executor>


table 3 : explain UPDATE sbtest3 SET c='foobar' WHERE id=979752
	-> <not executable by iterator executor>


table 4 : explain UPDATE sbtest4 SET c='foobar' WHERE id=4579343
	-> <not executable by iterator executor>


table 5 : explain UPDATE sbtest5 SET c='foobar' WHERE id=956517
	-> <not executable by iterator executor>


table 6 : explain UPDATE sbtest6 SET c='foobar' WHERE id=4380534
	-> <not executable by iterator executor>


table 7 : explain UPDATE sbtest7 SET c='foobar' WHERE id=390680
	-> <not executable by iterator executor>


table 8 : explain UPDATE sbtest8 SET c='foobar' WHERE id=3142744
	-> <not executable by iterator executor>


for non_index_updates
table 1 : explain UPDATE sbtest1 SET c='foobar' WHERE id=3570284
	-> <not executable by iterator executor>


table 2 : explain UPDATE sbtest2 SET c='foobar' WHERE id=9460345
	-> <not executable by iterator executor>


table 3 : explain UPDATE sbtest3 SET c='foobar' WHERE id=6406020
	-> <not executable by iterator executor>


table 4 : explain UPDATE sbtest4 SET c='foobar' WHERE id=2921020
	-> <not executable by iterator executor>


table 5 : explain UPDATE sbtest5 SET c='foobar' WHERE id=1644826
	-> <not executable by iterator executor>


table 6 : explain UPDATE sbtest6 SET c='foobar' WHERE id=8486890
	-> <not executable by iterator executor>


table 7 : explain UPDATE sbtest7 SET c='foobar' WHERE id=2377078
	-> <not executable by iterator executor>


table 8 : explain UPDATE sbtest8 SET c='foobar' WHERE id=4987705
	-> <not executable by iterator executor>


explain: for deletes :: explain DELETE FROM sbtest%u WHERE id=%u
explain: for non_index_updates :: explain UPDATE sbtest%u SET c='foobar' WHERE id=%u
explain: for non_index_updates :: explain UPDATE sbtest%u SET c='foobar' WHERE id=%u
explain: for non_index_updates :: explain UPDATE sbtest%u SET c='foobar' WHERE id=%u
explain: for deletes :: explain DELETE FROM sbtest%u WHERE id=%u
explain: for deletes :: explain DELETE FROM sbtest%u WHERE id=%u
for deletes
table 1 : explain DELETE FROM sbtest1 WHERE id=764957
	-> <not executable by iterator executor>


table 2 : explain DELETE FROM sbtest2 WHERE id=4079002
	-> <not executable by iterator executor>


table 3 : explain DELETE FROM sbtest3 WHERE id=7263737
	-> <not executable by iterator executor>


table 4 : explain DELETE FROM sbtest4 WHERE id=8744194
	-> <not executable by iterator executor>


table 5 : explain DELETE FROM sbtest5 WHERE id=9792714
	-> <not executable by iterator executor>


table 6 : explain DELETE FROM sbtest6 WHERE id=4616666
	-> <not executable by iterator executor>


table 7 : explain DELETE FROM sbtest7 WHERE id=4887434
	-> <not executable by iterator executor>


table 8 : explain DELETE FROM sbtest8 WHERE id=8244045
	-> <not executable by iterator executor>


explain: for non_index_updates :: explain UPDATE sbtest%u SET c='foobar' WHERE id=%u
for non_index_updates
table 1 : explain UPDATE sbtest1 SET c='foobar' WHERE id=8477639
	-> <not executable by iterator executor>


table 2 : explain UPDATE sbtest2 SET c='foobar' WHERE id=5465997
	-> <not executable by iterator executor>


table 3 : explain UPDATE sbtest3 SET c='foobar' WHERE id=3573580
	-> <not executable by iterator executor>


table 4 : explain UPDATE sbtest4 SET c='foobar' WHERE id=3995600
	-> <not executable by iterator executor>


table 5 : explain UPDATE sbtest5 SET c='foobar' WHERE id=7730984
	-> <not executable by iterator executor>


table 6 : explain UPDATE sbtest6 SET c='foobar' WHERE id=9541221
	-> <not executable by iterator executor>


table 7 : explain UPDATE sbtest7 SET c='foobar' WHERE id=291397
	-> <not executable by iterator executor>


table 8 : explain UPDATE sbtest8 SET c='foobar' WHERE id=2865308
	-> <not executable by iterator executor>


for non_index_updates
table 1 : explain UPDATE sbtest1 SET c='foobar' WHERE id=8528156
	-> <not executable by iterator executor>


table 2 : explain UPDATE sbtest2 SET c='foobar' WHERE id=7309619
	-> <not executable by iterator executor>


table 3 : explain UPDATE sbtest3 SET c='foobar' WHERE id=1294100
	-> <not executable by iterator executor>


table 4 : explain UPDATE sbtest4 SET c='foobar' WHERE id=8131808
	-> <not executable by iterator executor>


table 5 : explain UPDATE sbtest5 SET c='foobar' WHERE id=2688020
	-> <not executable by iterator executor>


table 6 : explain UPDATE sbtest6 SET c='foobar' WHERE id=5370259
	-> <not executable by iterator executor>


table 7 : explain UPDATE sbtest7 SET c='foobar' WHERE id=5480645
	-> <not executable by iterator executor>


table 8 : explain UPDATE sbtest8 SET c='foobar' WHERE id=518631
	-> <not executable by iterator executor>


explain: for deletes :: explain DELETE FROM sbtest%u WHERE id=%u
for non_index_updates
table 1 : explain UPDATE sbtest1 SET c='foobar' WHERE id=7257014
	-> <not executable by iterator executor>


table 2 : explain UPDATE sbtest2 SET c='foobar' WHERE id=533492
	-> <not executable by iterator executor>


table 3 : explain UPDATE sbtest3 SET c='foobar' WHERE id=7642979
	-> <not executable by iterator executor>


table 4 : explain UPDATE sbtest4 SET c='foobar' WHERE id=528641
	-> <not executable by iterator executor>


table 5 : explain UPDATE sbtest5 SET c='foobar' WHERE id=9319810
	-> <not executable by iterator executor>


table 6 : explain UPDATE sbtest6 SET c='foobar' WHERE id=9729167
	-> <not executable by iterator executor>


table 7 : explain UPDATE sbtest7 SET c='foobar' WHERE id=153666
	-> <not executable by iterator executor>


table 8 : explain UPDATE sbtest8 SET c='foobar' WHERE id=2960525
	-> <not executable by iterator executor>


explain: for deletes :: explain DELETE FROM sbtest%u WHERE id=%u
explain: for non_index_updates :: explain UPDATE sbtest%u SET c='foobar' WHERE id=%u
for non_index_updates
table 1 : explain UPDATE sbtest1 SET c='foobar' WHERE id=9111097
	-> <not executable by iterator executor>


table 2 : explain UPDATE sbtest2 SET c='foobar' WHERE id=12153
	-> <not executable by iterator executor>


table 3 : explain UPDATE sbtest3 SET c='foobar' WHERE id=6347305
	-> <not executable by iterator executor>


table 4 : explain UPDATE sbtest4 SET c='foobar' WHERE id=642797
	-> <not executable by iterator executor>


table 5 : explain UPDATE sbtest5 SET c='foobar' WHERE id=9640710
	-> <not executable by iterator executor>


table 6 : explain UPDATE sbtest6 SET c='foobar' WHERE id=8448693
	-> <not executable by iterator executor>


table 7 : explain UPDATE sbtest7 SET c='foobar' WHERE id=9396481
	-> <not executable by iterator executor>


table 8 : explain UPDATE sbtest8 SET c='foobar' WHERE id=7129599
	-> <not executable by iterator executor>


for non_index_updates
table 1 : explain UPDATE sbtest1 SET c='foobar' WHERE id=4457984
	-> <not executable by iterator executor>


table 2 : explain UPDATE sbtest2 SET c='foobar' WHERE id=3308432
	-> <not executable by iterator executor>


table 3 : explain UPDATE sbtest3 SET c='foobar' WHERE id=507226
	-> <not executable by iterator executor>


table 4 : explain UPDATE sbtest4 SET c='foobar' WHERE id=5678578
	-> <not executable by iterator executor>


table 5 : explain UPDATE sbtest5 SET c='foobar' WHERE id=3599294
	-> <not executable by iterator executor>


table 6 : explain UPDATE sbtest6 SET c='foobar' WHERE id=188770
	-> <not executable by iterator executor>


table 7 : explain UPDATE sbtest7 SET c='foobar' WHERE id=7657061
	-> <not executable by iterator executor>


table 8 : explain UPDATE sbtest8 SET c='foobar' WHERE id=983481
	-> <not executable by iterator executor>


for non_index_updates
table 1 : explain UPDATE sbtest1 SET c='foobar' WHERE id=9211567
	-> <not executable by iterator executor>


table 2 : explain UPDATE sbtest2 SET c='foobar' WHERE id=4828739
	-> <not executable by iterator executor>


table 3 : explain UPDATE sbtest3 SET c='foobar' WHERE id=8403789
	-> <not executable by iterator executor>


table 4 : explain UPDATE sbtest4 SET c='foobar' WHERE id=1521835
	-> <not executable by iterator executor>


table 5 : explain UPDATE sbtest5 SET c='foobar' WHERE id=1416785
	-> <not executable by iterator executor>


table 6 : explain UPDATE sbtest6 SET c='foobar' WHERE id=7335394
	-> <not executable by iterator executor>


table 7 : explain UPDATE sbtest7 SET c='foobar' WHERE id=5825249
	-> <not executable by iterator executor>


table 8 : explain UPDATE sbtest8 SET c='foobar' WHERE id=327788
	-> <not executable by iterator executor>


explain: for deletes :: explain DELETE FROM sbtest%u WHERE id=%u
explain: for non_index_updates :: explain UPDATE sbtest%u SET c='foobar' WHERE id=%u
for non_index_updates
table 1 : explain UPDATE sbtest1 SET c='foobar' WHERE id=2685811
	-> <not executable by iterator executor>


table 2 : explain UPDATE sbtest2 SET c='foobar' WHERE id=7580157
	-> <not executable by iterator executor>


table 3 : explain UPDATE sbtest3 SET c='foobar' WHERE id=7580473
	-> <not executable by iterator executor>


table 4 : explain UPDATE sbtest4 SET c='foobar' WHERE id=3575359
	-> <not executable by iterator executor>


table 5 : explain UPDATE sbtest5 SET c='foobar' WHERE id=628181
	-> <not executable by iterator executor>


table 6 : explain UPDATE sbtest6 SET c='foobar' WHERE id=2027479
	-> <not executable by iterator executor>


table 7 : explain UPDATE sbtest7 SET c='foobar' WHERE id=288447
	-> <not executable by iterator executor>


table 8 : explain UPDATE sbtest8 SET c='foobar' WHERE id=1153349
	-> <not executable by iterator executor>


for non_index_updates
table 1 : explain UPDATE sbtest1 SET c='foobar' WHERE id=6429894
	-> <not executable by iterator executor>


table 2 : explain UPDATE sbtest2 SET c='foobar' WHERE id=3751894
	-> <not executable by iterator executor>


table 3 : explain UPDATE sbtest3 SET c='foobar' WHERE id=560172
	-> <not executable by iterator executor>


table 4 : explain UPDATE sbtest4 SET c='foobar' WHERE id=1986367
	-> <not executable by iterator executor>


table 5 : explain UPDATE sbtest5 SET c='foobar' WHERE id=8563743
	-> <not executable by iterator executor>


table 6 : explain UPDATE sbtest6 SET c='foobar' WHERE id=515463
	-> <not executable by iterator executor>


table 7 : explain UPDATE sbtest7 SET c='foobar' WHERE id=1945622
	-> <not executable by iterator executor>


table 8 : explain UPDATE sbtest8 SET c='foobar' WHERE id=4847235
	-> <not executable by iterator executor>


explain: for deletes :: explain DELETE FROM sbtest%u WHERE id=%u
for index_updates
table 1 : explain UPDATE sbtest1 SET k=k+1 WHERE id=206084
	-> <not executable by iterator executor>


table 2 : explain UPDATE sbtest2 SET k=k+1 WHERE id=8727591
	-> <not executable by iterator executor>


table 3 : explain UPDATE sbtest3 SET k=k+1 WHERE id=2595076
	-> <not executable by iterator executor>


table 4 : explain UPDATE sbtest4 SET k=k+1 WHERE id=7031292
	-> <not executable by iterator executor>


table 5 : explain UPDATE sbtest5 SET k=k+1 WHERE id=5155202
	-> <not executable by iterator executor>


table 6 : explain UPDATE sbtest6 SET k=k+1 WHERE id=6630249
	-> <not executable by iterator executor>


table 7 : explain UPDATE sbtest7 SET k=k+1 WHERE id=704140
	-> <not executable by iterator executor>


table 8 : explain UPDATE sbtest8 SET k=k+1 WHERE id=4923805
	-> <not executable by iterator executor>


for non_index_updates
table 1 : explain UPDATE sbtest1 SET c='foobar' WHERE id=5784344
	-> <not executable by iterator executor>


table 2 : explain UPDATE sbtest2 SET c='foobar' WHERE id=3666375
	-> <not executable by iterator executor>


table 3 : explain UPDATE sbtest3 SET c='foobar' WHERE id=3813733
	-> <not executable by iterator executor>


table 4 : explain UPDATE sbtest4 SET c='foobar' WHERE id=4010329
	-> <not executable by iterator executor>


table 5 : explain UPDATE sbtest5 SET c='foobar' WHERE id=5814629
	-> <not executable by iterator executor>


table 6 : explain UPDATE sbtest6 SET c='foobar' WHERE id=6684968
	-> <not executable by iterator executor>


table 7 : explain UPDATE sbtest7 SET c='foobar' WHERE id=8988389
	-> <not executable by iterator executor>


table 8 : explain UPDATE sbtest8 SET c='foobar' WHERE id=8295235
	-> <not executable by iterator executor>


for non_index_updates
table 1 : explain UPDATE sbtest1 SET c='foobar' WHERE id=5839873
	-> <not executable by iterator executor>


table 2 : explain UPDATE sbtest2 SET c='foobar' WHERE id=311913
	-> <not executable by iterator executor>


table 3 : explain UPDATE sbtest3 SET c='foobar' WHERE id=870682
	-> <not executable by iterator executor>


table 4 : explain UPDATE sbtest4 SET c='foobar' WHERE id=8239451
	-> <not executable by iterator executor>


table 5 : explain UPDATE sbtest5 SET c='foobar' WHERE id=7450852
	-> <not executable by iterator executor>


table 6 : explain UPDATE sbtest6 SET c='foobar' WHERE id=8456046
	-> <not executable by iterator executor>


table 7 : explain UPDATE sbtest7 SET c='foobar' WHERE id=146254
	-> <not executable by iterator executor>


table 8 : explain UPDATE sbtest8 SET c='foobar' WHERE id=6232083
	-> <not executable by iterator executor>


explain: for deletes :: explain DELETE FROM sbtest%u WHERE id=%u
for non_index_updates
table 1 : explain UPDATE sbtest1 SET c='foobar' WHERE id=1721090
	-> <not executable by iterator executor>


table 2 : explain UPDATE sbtest2 SET c='foobar' WHERE id=2638183
	-> <not executable by iterator executor>


table 3 : explain UPDATE sbtest3 SET c='foobar' WHERE id=4861871
	-> <not executable by iterator executor>


table 4 : explain UPDATE sbtest4 SET c='foobar' WHERE id=4052443
	-> <not executable by iterator executor>


table 5 : explain UPDATE sbtest5 SET c='foobar' WHERE id=5881898
	-> <not executable by iterator executor>


table 6 : explain UPDATE sbtest6 SET c='foobar' WHERE id=1249496
	-> <not executable by iterator executor>


table 7 : explain UPDATE sbtest7 SET c='foobar' WHERE id=6030190
	-> <not executable by iterator executor>


table 8 : explain UPDATE sbtest8 SET c='foobar' WHERE id=7840974
	-> <not executable by iterator executor>


for non_index_updates
table 1 : explain UPDATE sbtest1 SET c='foobar' WHERE id=2333102
	-> <not executable by iterator executor>


table 2 : explain UPDATE sbtest2 SET c='foobar' WHERE id=3230905
	-> <not executable by iterator executor>


table 3 : explain UPDATE sbtest3 SET c='foobar' WHERE id=393127
	-> <not executable by iterator executor>


table 4 : explain UPDATE sbtest4 SET c='foobar' WHERE id=7259510
	-> <not executable by iterator executor>


table 5 : explain UPDATE sbtest5 SET c='foobar' WHERE id=6394916
	-> <not executable by iterator executor>


table 6 : explain UPDATE sbtest6 SET c='foobar' WHERE id=5828997
	-> <not executable by iterator executor>


table 7 : explain UPDATE sbtest7 SET c='foobar' WHERE id=6761
	-> <not executable by iterator executor>


table 8 : explain UPDATE sbtest8 SET c='foobar' WHERE id=1832098
	-> <not executable by iterator executor>


for deletes
table 1 : explain DELETE FROM sbtest1 WHERE id=1263461
	-> <not executable by iterator executor>


table 2 : explain DELETE FROM sbtest2 WHERE id=7668430
	-> <not executable by iterator executor>


table 3 : explain DELETE FROM sbtest3 WHERE id=9274843
	-> <not executable by iterator executor>


table 4 : explain DELETE FROM sbtest4 WHERE id=5600407
	-> <not executable by iterator executor>


table 5 : explain DELETE FROM sbtest5 WHERE id=9685331
	-> <not executable by iterator executor>


table 6 : explain DELETE FROM sbtest6 WHERE id=2655304
	-> <not executable by iterator executor>


table 7 : explain DELETE FROM sbtest7 WHERE id=5517797
	-> <not executable by iterator executor>


table 8 : explain DELETE FROM sbtest8 WHERE id=7487369
	-> <not executable by iterator executor>


for non_index_updates
table 1 : explain UPDATE sbtest1 SET c='foobar' WHERE id=5690368
	-> <not executable by iterator executor>


table 2 : explain UPDATE sbtest2 SET c='foobar' WHERE id=4971696
	-> <not executable by iterator executor>


table 3 : explain UPDATE sbtest3 SET c='foobar' WHERE id=3988742
	-> <not executable by iterator executor>


table 4 : explain UPDATE sbtest4 SET c='foobar' WHERE id=3324221
	-> <not executable by iterator executor>


table 5 : explain UPDATE sbtest5 SET c='foobar' WHERE id=2241179
	-> <not executable by iterator executor>


table 6 : explain UPDATE sbtest6 SET c='foobar' WHERE id=6938631
	-> <not executable by iterator executor>


table 7 : explain UPDATE sbtest7 SET c='foobar' WHERE id=8528476
	-> <not executable by iterator executor>


table 8 : explain UPDATE sbtest8 SET c='foobar' WHERE id=3172827
	-> <not executable by iterator executor>


for deletes
table 1 : explain DELETE FROM sbtest1 WHERE id=8157227
	-> <not executable by iterator executor>


table 2 : explain DELETE FROM sbtest2 WHERE id=1750167
	-> <not executable by iterator executor>


table 3 : explain DELETE FROM sbtest3 WHERE id=5171803
	-> <not executable by iterator executor>


table 4 : explain DELETE FROM sbtest4 WHERE id=4869136
	-> <not executable by iterator executor>


table 5 : explain DELETE FROM sbtest5 WHERE id=4393696
	-> <not executable by iterator executor>


table 6 : explain DELETE FROM sbtest6 WHERE id=4349539
	-> <not executable by iterator executor>


table 7 : explain DELETE FROM sbtest7 WHERE id=96741
	-> <not executable by iterator executor>


table 8 : explain DELETE FROM sbtest8 WHERE id=3573789
	-> <not executable by iterator executor>


explain: for deletes :: explain DELETE FROM sbtest%u WHERE id=%u
for deletes
table 1 : explain DELETE FROM sbtest1 WHERE id=7124654
	-> <not executable by iterator executor>


table 2 : explain DELETE FROM sbtest2 WHERE id=135890
	-> <not executable by iterator executor>


table 3 : explain DELETE FROM sbtest3 WHERE id=4088612
	-> <not executable by iterator executor>


table 4 : explain DELETE FROM sbtest4 WHERE id=2785712
	-> <not executable by iterator executor>


table 5 : explain DELETE FROM sbtest5 WHERE id=4832685
	-> <not executable by iterator executor>


table 6 : explain DELETE FROM sbtest6 WHERE id=8562723
	-> <not executable by iterator executor>


table 7 : explain DELETE FROM sbtest7 WHERE id=6795540
	-> <not executable by iterator executor>


table 8 : explain DELETE FROM sbtest8 WHERE id=7805791
	-> <not executable by iterator executor>


for non_index_updates
table 1 : explain UPDATE sbtest1 SET c='foobar' WHERE id=5701356
	-> <not executable by iterator executor>


table 2 : explain UPDATE sbtest2 SET c='foobar' WHERE id=7539128
	-> <not executable by iterator executor>


table 3 : explain UPDATE sbtest3 SET c='foobar' WHERE id=5901630
	-> <not executable by iterator executor>


table 4 : explain UPDATE sbtest4 SET c='foobar' WHERE id=2093765
	-> <not executable by iterator executor>


table 5 : explain UPDATE sbtest5 SET c='foobar' WHERE id=9797701
	-> <not executable by iterator executor>


table 6 : explain UPDATE sbtest6 SET c='foobar' WHERE id=687040
	-> <not executable by iterator executor>


table 7 : explain UPDATE sbtest7 SET c='foobar' WHERE id=1045194
	-> <not executable by iterator executor>


table 8 : explain UPDATE sbtest8 SET c='foobar' WHERE id=8565688
	-> <not executable by iterator executor>


for deletes
table 1 : explain DELETE FROM sbtest1 WHERE id=2574701
	-> <not executable by iterator executor>


table 2 : explain DELETE FROM sbtest2 WHERE id=3744934
	-> <not executable by iterator executor>


table 3 : explain DELETE FROM sbtest3 WHERE id=6446076
	-> <not executable by iterator executor>


table 4 : explain DELETE FROM sbtest4 WHERE id=8952513
	-> <not executable by iterator executor>


table 5 : explain DELETE FROM sbtest5 WHERE id=2068482
	-> <not executable by iterator executor>


table 6 : explain DELETE FROM sbtest6 WHERE id=6241290
	-> <not executable by iterator executor>


table 7 : explain DELETE FROM sbtest7 WHERE id=3833760
	-> <not executable by iterator executor>


table 8 : explain DELETE FROM sbtest8 WHERE id=8308937
	-> <not executable by iterator executor>


explain: for deletes :: explain DELETE FROM sbtest%u WHERE id=%u
for deletes
table 1 : explain DELETE FROM sbtest1 WHERE id=1193816
	-> <not executable by iterator executor>


table 2 : explain DELETE FROM sbtest2 WHERE id=8661162
	-> <not executable by iterator executor>


table 3 : explain DELETE FROM sbtest3 WHERE id=5966806
	-> <not executable by iterator executor>


table 4 : explain DELETE FROM sbtest4 WHERE id=4716372
	-> <not executable by iterator executor>


table 5 : explain DELETE FROM sbtest5 WHERE id=2870306
	-> <not executable by iterator executor>


table 6 : explain DELETE FROM sbtest6 WHERE id=6057878
	-> <not executable by iterator executor>


table 7 : explain DELETE FROM sbtest7 WHERE id=5424238
	-> <not executable by iterator executor>


table 8 : explain DELETE FROM sbtest8 WHERE id=2828798
	-> <not executable by iterator executor>


for non_index_updates
table 1 : explain UPDATE sbtest1 SET c='foobar' WHERE id=5606656
	-> <not executable by iterator executor>


table 2 : explain UPDATE sbtest2 SET c='foobar' WHERE id=2475518
	-> <not executable by iterator executor>


table 3 : explain UPDATE sbtest3 SET c='foobar' WHERE id=2440182
	-> <not executable by iterator executor>


table 4 : explain UPDATE sbtest4 SET c='foobar' WHERE id=1897686
	-> <not executable by iterator executor>


table 5 : explain UPDATE sbtest5 SET c='foobar' WHERE id=6951692
	-> <not executable by iterator executor>


table 6 : explain UPDATE sbtest6 SET c='foobar' WHERE id=243245
	-> <not executable by iterator executor>


table 7 : explain UPDATE sbtest7 SET c='foobar' WHERE id=7006002
	-> <not executable by iterator executor>


table 8 : explain UPDATE sbtest8 SET c='foobar' WHERE id=8040605
	-> <not executable by iterator executor>


explain: for deletes :: explain DELETE FROM sbtest%u WHERE id=%u
explain: for index_updates :: explain UPDATE sbtest%u SET k=k+1 WHERE id=%u
explain: for deletes :: explain DELETE FROM sbtest%u WHERE id=%u
for deletes
table 1 : explain DELETE FROM sbtest1 WHERE id=8741783
	-> <not executable by iterator executor>


table 2 : explain DELETE FROM sbtest2 WHERE id=3759320
	-> <not executable by iterator executor>


table 3 : explain DELETE FROM sbtest3 WHERE id=6852849
	-> <not executable by iterator executor>


table 4 : explain DELETE FROM sbtest4 WHERE id=2328948
	-> <not executable by iterator executor>


table 5 : explain DELETE FROM sbtest5 WHERE id=9888647
	-> <not executable by iterator executor>


table 6 : explain DELETE FROM sbtest6 WHERE id=837100
	-> <not executable by iterator executor>


table 7 : explain DELETE FROM sbtest7 WHERE id=3350403
	-> <not executable by iterator executor>


table 8 : explain DELETE FROM sbtest8 WHERE id=8033565
	-> <not executable by iterator executor>


for deletes
table 1 : explain DELETE FROM sbtest1 WHERE id=5056920
	-> <not executable by iterator executor>


table 2 : explain DELETE FROM sbtest2 WHERE id=5271983
	-> <not executable by iterator executor>


table 3 : explain DELETE FROM sbtest3 WHERE id=3810791
	-> <not executable by iterator executor>


table 4 : explain DELETE FROM sbtest4 WHERE id=800351
	-> <not executable by iterator executor>


table 5 : explain DELETE FROM sbtest5 WHERE id=7911322
	-> <not executable by iterator executor>


table 6 : explain DELETE FROM sbtest6 WHERE id=4185948
	-> <not executable by iterator executor>


table 7 : explain DELETE FROM sbtest7 WHERE id=4735990
	-> <not executable by iterator executor>


table 8 : explain DELETE FROM sbtest8 WHERE id=3259177
	-> <not executable by iterator executor>

explain: for deletes :: explain DELETE FROM sbtest%u WHERE id=%u

for non_index_updates
table 1 : explain UPDATE sbtest1 SET c='foobar' WHERE id=4444155
	-> <not executable by iterator executor>


table 2 : explain UPDATE sbtest2 SET c='foobar' WHERE id=8078780
	-> <not executable by iterator executor>


table 3 : explain UPDATE sbtest3 SET c='foobar' WHERE id=6339260
	-> <not executable by iterator executor>


table 4 : explain UPDATE sbtest4 SET c='foobar' WHERE id=1122173
	-> <not executable by iterator executor>


table 5 : explain UPDATE sbtest5 SET c='foobar' WHERE id=4839678
	-> <not executable by iterator executor>


table 6 : explain UPDATE sbtest6 SET c='foobar' WHERE id=9243800
	-> <not executable by iterator executor>


table 7 : explain UPDATE sbtest7 SET c='foobar' WHERE id=5957614
	-> <not executable by iterator executor>


table 8 : explain UPDATE sbtest8 SET c='foobar' WHERE id=8297374
	-> <not executable by iterator executor>


explain: for deletes :: explain DELETE FROM sbtest%u WHERE id=%u
explain: for non_index_updates :: explain UPDATE sbtest%u SET c='foobar' WHERE id=%u
explain: for deletes :: explain DELETE FROM sbtest%u WHERE id=%u
explain: for non_index_updates :: explain UPDATE sbtest%u SET c='foobar' WHERE id=%u
for deletes
table 1 : explain DELETE FROM sbtest1 WHERE id=9236815
	-> <not executable by iterator executor>


table 2 : explain DELETE FROM sbtest2 WHERE id=899571
	-> <not executable by iterator executor>


table 3 : explain DELETE FROM sbtest3 WHERE id=9998144
	-> <not executable by iterator executor>


table 4 : explain DELETE FROM sbtest4 WHERE id=1346935
	-> <not executable by iterator executor>


table 5 : explain DELETE FROM sbtest5 WHERE id=6936008
	-> <not executable by iterator executor>


table 6 : explain DELETE FROM sbtest6 WHERE id=1426390
	-> <not executable by iterator executor>


table 7 : explain DELETE FROM sbtest7 WHERE id=7959632
	-> <not executable by iterator executor>


table 8 : explain DELETE FROM sbtest8 WHERE id=2151585
	-> <not executable by iterator executor>


explain: for deletes :: explain DELETE FROM sbtest%u WHERE id=%u
explain: for non_index_updates :: explain UPDATE sbtest%u SET c='foobar' WHERE id=%u
explain: for deletes :: explain DELETE FROM sbtest%u WHERE id=%u
explain: for inserts :: explain INSERT INTO sbtest%u (id, k, c, pad) VALUES (%u, 13, 'foobar', 'foobar')
explain: for deletes :: explain DELETE FROM sbtest%u WHERE id=%u
explain: for non_index_updates :: explain UPDATE sbtest%u SET c='foobar' WHERE id=%u
explain: for non_index_updates :: explain UPDATE sbtest%u SET c='foobar' WHERE id=%u
explain: for deletes :: explain DELETE FROM sbtest%u WHERE id=%u
explain: for deletes :: explain DELETE FROM sbtest%u WHERE id=%u
explain: for non_index_updates :: explain UPDATE sbtest%u SET c='foobar' WHERE id=%u
for deletes
table 1 : explain DELETE FROM sbtest1 WHERE id=3240363
	-> <not executable by iterator executor>


table 2 : explain DELETE FROM sbtest2 WHERE id=6240747
	-> <not executable by iterator executor>


table 3 : explain DELETE FROM sbtest3 WHERE id=7808851
	-> <not executable by iterator executor>


table 4 : explain DELETE FROM sbtest4 WHERE id=161670
	-> <not executable by iterator executor>


table 5 : explain DELETE FROM sbtest5 WHERE id=1388478
	-> <not executable by iterator executor>


table 6 : explain DELETE FROM sbtest6 WHERE id=5979823
	-> <not executable by iterator executor>


table 7 : explain DELETE FROM sbtest7 WHERE id=7897244
	-> <not executable by iterator executor>


table 8 : explain DELETE FROM sbtest8 WHERE id=3247146
	-> <not executable by iterator executor>


explain: for deletes :: explain DELETE FROM sbtest%u WHERE id=%u
explain: for deletes :: explain DELETE FROM sbtest%u WHERE id=%u
explain: for deletes :: explain DELETE FROM sbtest%u WHERE id=%u
explain: for deletes :: explain DELETE FROM sbtest%u WHERE id=%u
for deletes
table 1 : explain DELETE FROM sbtest1 WHERE id=4926490
	-> <not executable by iterator executor>


table 2 : explain DELETE FROM sbtest2 WHERE id=8836585
	-> <not executable by iterator executor>


table 3 : explain DELETE FROM sbtest3 WHERE id=1694414
	-> <not executable by iterator executor>


table 4 : explain DELETE FROM sbtest4 WHERE id=7019597
	-> <not executable by iterator executor>


table 5 : explain DELETE FROM sbtest5 WHERE id=7583386
	-> <not executable by iterator executor>


table 6 : explain DELETE FROM sbtest6 WHERE id=8725031
	-> <not executable by iterator executor>


table 7 : explain DELETE FROM sbtest7 WHERE id=5408149
	-> <not executable by iterator executor>


table 8 : explain DELETE FROM sbtest8 WHERE id=6947546
	-> <not executable by iterator executor>


explain: for deletes :: explain DELETE FROM sbtest%u WHERE id=%u
for deletes
table 1 : explain DELETE FROM sbtest1 WHERE id=8710088
	-> <not executable by iterator executor>


table 2 : explain DELETE FROM sbtest2 WHERE id=8303647
	-> <not executable by iterator executor>


table 3 : explain DELETE FROM sbtest3 WHERE id=679031
	-> <not executable by iterator executor>


table 4 : explain DELETE FROM sbtest4 WHERE id=3058017
	-> <not executable by iterator executor>


table 5 : explain DELETE FROM sbtest5 WHERE id=5260792
	-> <not executable by iterator executor>


table 6 : explain DELETE FROM sbtest6 WHERE id=5954815
	-> <not executable by iterator executor>


table 7 : explain DELETE FROM sbtest7 WHERE id=5602862
	-> <not executable by iterator executor>


table 8 : explain DELETE FROM sbtest8 WHERE id=3970935
	-> <not executable by iterator executor>


explain: for deletes :: explain DELETE FROM sbtest%u WHERE id=%u
explain: for deletes :: explain DELETE FROM sbtest%u WHERE id=%u
for index_updates
table 1 : explain UPDATE sbtest1 SET k=k+1 WHERE id=293473
	-> <not executable by iterator executor>


table 2 : explain UPDATE sbtest2 SET k=k+1 WHERE id=2719272
	-> <not executable by iterator executor>


table 3 : explain UPDATE sbtest3 SET k=k+1 WHERE id=6812392
	-> <not executable by iterator executor>


table 4 : explain UPDATE sbtest4 SET k=k+1 WHERE id=7527601
	-> <not executable by iterator executor>


table 5 : explain UPDATE sbtest5 SET k=k+1 WHERE id=378755
	-> <not executable by iterator executor>


table 6 : explain UPDATE sbtest6 SET k=k+1 WHERE id=4720214
	-> <not executable by iterator executor>


table 7 : explain UPDATE sbtest7 SET k=k+1 WHERE id=220927
	-> <not executable by iterator executor>


table 8 : explain UPDATE sbtest8 SET k=k+1 WHERE id=8476631
	-> <not executable by iterator executor>


for non_index_updates
table 1 : explain UPDATE sbtest1 SET c='foobar' WHERE id=6851697
	-> <not executable by iterator executor>


table 2 : explain UPDATE sbtest2 SET c='foobar' WHERE id=6882795
	-> <not executable by iterator executor>


table 3 : explain UPDATE sbtest3 SET c='foobar' WHERE id=4482341
	-> <not executable by iterator executor>


table 4 : explain UPDATE sbtest4 SET c='foobar' WHERE id=1254909
	-> <not executable by iterator executor>


table 5 : explain UPDATE sbtest5 SET c='foobar' WHERE id=3818907
	-> <not executable by iterator executor>


table 6 : explain UPDATE sbtest6 SET c='foobar' WHERE id=9561885
	-> <not executable by iterator executor>


table 7 : explain UPDATE sbtest7 SET c='foobar' WHERE id=9708978
	-> <not executable by iterator executor>


table 8 : explain UPDATE sbtest8 SET c='foobar' WHERE id=7283924
	-> <not executable by iterator executor>


for deletes
table 1 : explain DELETE FROM sbtest1 WHERE id=9977986
	-> <not executable by iterator executor>


table 2 : explain DELETE FROM sbtest2 WHERE id=3482809
	-> <not executable by iterator executor>


table 3 : explain DELETE FROM sbtest3 WHERE id=906205
	-> <not executable by iterator executor>


table 4 : explain DELETE FROM sbtest4 WHERE id=8671994
	-> <not executable by iterator executor>


table 5 : explain DELETE FROM sbtest5 WHERE id=2573688
	-> <not executable by iterator executor>


table 6 : explain DELETE FROM sbtest6 WHERE id=7133496
	-> <not executable by iterator executor>


table 7 : explain DELETE FROM sbtest7 WHERE id=6644401
	-> <not executable by iterator executor>


table 8 : explain DELETE FROM sbtest8 WHERE id=6200746
	-> <not executable by iterator executor>


for deletes
table 1 : explain DELETE FROM sbtest1 WHERE id=9336623
	-> <not executable by iterator executor>


table 2 : explain DELETE FROM sbtest2 WHERE id=5238231
	-> <not executable by iterator executor>


table 3 : explain DELETE FROM sbtest3 WHERE id=8879966
	-> <not executable by iterator executor>


table 4 : explain DELETE FROM sbtest4 WHERE id=9578221
	-> <not executable by iterator executor>


table 5 : explain DELETE FROM sbtest5 WHERE id=6898205
	-> <not executable by iterator executor>


table 6 : explain DELETE FROM sbtest6 WHERE id=7764989
	-> <not executable by iterator executor>


table 7 : explain DELETE FROM sbtest7 WHERE id=2974343
	-> <not executable by iterator executor>


table 8 : explain DELETE FROM sbtest8 WHERE id=6704287
	-> <not executable by iterator executor>


for deletes
table 1 : explain DELETE FROM sbtest1 WHERE id=4704254
	-> <not executable by iterator executor>


table 2 : explain DELETE FROM sbtest2 WHERE id=410381
	-> <not executable by iterator executor>


table 3 : explain DELETE FROM sbtest3 WHERE id=3728429
	-> <not executable by iterator executor>


table 4 : explain DELETE FROM sbtest4 WHERE id=6544656
	-> <not executable by iterator executor>


table 5 : explain DELETE FROM sbtest5 WHERE id=3761462
	-> <not executable by iterator executor>


table 6 : explain DELETE FROM sbtest6 WHERE id=5481732
	-> <not executable by iterator executor>


table 7 : explain DELETE FROM sbtest7 WHERE id=8262932
	-> <not executable by iterator executor>


table 8 : explain DELETE FROM sbtest8 WHERE id=9439306
	-> <not executable by iterator executor>


for deletes
table 1 : explain DELETE FROM sbtest1 WHERE id=4690248
	-> <not executable by iterator executor>


table 2 : explain DELETE FROM sbtest2 WHERE id=5559213
	-> <not executable by iterator executor>


table 3 : explain DELETE FROM sbtest3 WHERE id=3399584
	-> <not executable by iterator executor>


table 4 : explain DELETE FROM sbtest4 WHERE id=204773
	-> <not executable by iterator executor>


table 5 : explain DELETE FROM sbtest5 WHERE id=391475
	-> <not executable by iterator executor>


table 6 : explain DELETE FROM sbtest6 WHERE id=1863589
	-> <not executable by iterator executor>


table 7 : explain DELETE FROM sbtest7 WHERE id=8807269
	-> <not executable by iterator executor>


table 8 : explain DELETE FROM sbtest8 WHERE id=3004136
	-> <not executable by iterator executor>


for inserts
table 1 : explain INSERT INTO sbtest1 (id, k, c, pad) VALUES (2482822, 13, 'foobar', 'foobar')
	-> Insert into sbtest1
    -> Rows fetched before execution


table 2 : explain INSERT INTO sbtest2 (id, k, c, pad) VALUES (8851188, 13, 'foobar', 'foobar')
	-> Insert into sbtest2
    -> Rows fetched before execution


table 3 : explain INSERT INTO sbtest3 (id, k, c, pad) VALUES (4169757, 13, 'foobar', 'foobar')
	-> Insert into sbtest3
    -> Rows fetched before execution


table 4 : explain INSERT INTO sbtest4 (id, k, c, pad) VALUES (7204193, 13, 'foobar', 'foobar')
	-> Insert into sbtest4
    -> Rows fetched before execution


table 5 : explain INSERT INTO sbtest5 (id, k, c, pad) VALUES (5480715, 13, 'foobar', 'foobar')
	-> Insert into sbtest5
    -> Rows fetched before execution


table 6 : explain INSERT INTO sbtest6 (id, k, c, pad) VALUES (2171268, 13, 'foobar', 'foobar')
	-> Insert into sbtest6
    -> Rows fetched before execution


table 7 : explain INSERT INTO sbtest7 (id, k, c, pad) VALUES (6215645, 13, 'foobar', 'foobar')
	-> Insert into sbtest7
    -> Rows fetched before execution


table 8 : explain INSERT INTO sbtest8 (id, k, c, pad) VALUES (3013833, 13, 'foobar', 'foobar')
	-> Insert into sbtest8
    -> Rows fetched before execution


for deletes
table 1 : explain DELETE FROM sbtest1 WHERE id=6378992
	-> <not executable by iterator executor>


table 2 : explain DELETE FROM sbtest2 WHERE id=3121066
	-> <not executable by iterator executor>


table 3 : explain DELETE FROM sbtest3 WHERE id=3695233
	-> <not executable by iterator executor>


table 4 : explain DELETE FROM sbtest4 WHERE id=7944175
	-> <not executable by iterator executor>


table 5 : explain DELETE FROM sbtest5 WHERE id=1435843
	-> <not executable by iterator executor>


table 6 : explain DELETE FROM sbtest6 WHERE id=4849340
	-> <not executable by iterator executor>


table 7 : explain DELETE FROM sbtest7 WHERE id=1983202
	-> <not executable by iterator executor>


table 8 : explain DELETE FROM sbtest8 WHERE id=9338182
	-> <not executable by iterator executor>


for non_index_updates
table 1 : explain UPDATE sbtest1 SET c='foobar' WHERE id=8913430
	-> <not executable by iterator executor>


table 2 : explain UPDATE sbtest2 SET c='foobar' WHERE id=4775489
	-> <not executable by iterator executor>


table 3 : explain UPDATE sbtest3 SET c='foobar' WHERE id=528283
	-> <not executable by iterator executor>


table 4 : explain UPDATE sbtest4 SET c='foobar' WHERE id=6605807
	-> <not executable by iterator executor>


table 5 : explain UPDATE sbtest5 SET c='foobar' WHERE id=7700159
	-> <not executable by iterator executor>


table 6 : explain UPDATE sbtest6 SET c='foobar' WHERE id=6202773
	-> <not executable by iterator executor>


table 7 : explain UPDATE sbtest7 SET c='foobar' WHERE id=2499306
	-> <not executable by iterator executor>


table 8 : explain UPDATE sbtest8 SET c='foobar' WHERE id=3394612
	-> <not executable by iterator executor>


for deletes
table 1 : explain DELETE FROM sbtest1 WHERE id=6302094
	-> <not executable by iterator executor>


table 2 : explain DELETE FROM sbtest2 WHERE id=7605486
	-> <not executable by iterator executor>


table 3 : explain DELETE FROM sbtest3 WHERE id=6245398
	-> <not executable by iterator executor>


table 4 : explain DELETE FROM sbtest4 WHERE id=2099068
	-> <not executable by iterator executor>


table 5 : explain DELETE FROM sbtest5 WHERE id=4306558
	-> <not executable by iterator executor>


table 6 : explain DELETE FROM sbtest6 WHERE id=5262921
	-> <not executable by iterator executor>


table 7 : explain DELETE FROM sbtest7 WHERE id=5335652
	-> <not executable by iterator executor>


table 8 : explain DELETE FROM sbtest8 WHERE id=2457829
	-> <not executable by iterator executor>


for non_index_updates
table 1 : explain UPDATE sbtest1 SET c='foobar' WHERE id=9472615
	-> <not executable by iterator executor>


table 2 : explain UPDATE sbtest2 SET c='foobar' WHERE id=7540918
	-> <not executable by iterator executor>


table 3 : explain UPDATE sbtest3 SET c='foobar' WHERE id=5641482
	-> <not executable by iterator executor>


table 4 : explain UPDATE sbtest4 SET c='foobar' WHERE id=2040267
	-> <not executable by iterator executor>


table 5 : explain UPDATE sbtest5 SET c='foobar' WHERE id=7172892
	-> <not executable by iterator executor>


table 6 : explain UPDATE sbtest6 SET c='foobar' WHERE id=3017322
	-> <not executable by iterator executor>


table 7 : explain UPDATE sbtest7 SET c='foobar' WHERE id=9895923
	-> <not executable by iterator executor>


table 8 : explain UPDATE sbtest8 SET c='foobar' WHERE id=1193157
	-> <not executable by iterator executor>


for non_index_updates
table 1 : explain UPDATE sbtest1 SET c='foobar' WHERE id=6293771
	-> <not executable by iterator executor>


table 2 : explain UPDATE sbtest2 SET c='foobar' WHERE id=5575859
	-> <not executable by iterator executor>


table 3 : explain UPDATE sbtest3 SET c='foobar' WHERE id=293279
	-> <not executable by iterator executor>


table 4 : explain UPDATE sbtest4 SET c='foobar' WHERE id=1605574
	-> <not executable by iterator executor>


table 5 : explain UPDATE sbtest5 SET c='foobar' WHERE id=3993976
	-> <not executable by iterator executor>


table 6 : explain UPDATE sbtest6 SET c='foobar' WHERE id=3676128
	-> <not executable by iterator executor>


table 7 : explain UPDATE sbtest7 SET c='foobar' WHERE id=1364019
	-> <not executable by iterator executor>


table 8 : explain UPDATE sbtest8 SET c='foobar' WHERE id=5290365
	-> <not executable by iterator executor>


for deletes
table 1 : explain DELETE FROM sbtest1 WHERE id=1713286
	-> <not executable by iterator executor>


table 2 : explain DELETE FROM sbtest2 WHERE id=8854390
	-> <not executable by iterator executor>


table 3 : explain DELETE FROM sbtest3 WHERE id=7162456
	-> <not executable by iterator executor>


table 4 : explain DELETE FROM sbtest4 WHERE id=1930831
	-> <not executable by iterator executor>


table 5 : explain DELETE FROM sbtest5 WHERE id=5557386
	-> <not executable by iterator executor>


table 6 : explain DELETE FROM sbtest6 WHERE id=6555043
	-> <not executable by iterator executor>


table 7 : explain DELETE FROM sbtest7 WHERE id=7180408
	-> <not executable by iterator executor>


table 8 : explain DELETE FROM sbtest8 WHERE id=4087558
	-> <not executable by iterator executor>


for deletes
table 1 : explain DELETE FROM sbtest1 WHERE id=3248471
	-> <not executable by iterator executor>


table 2 : explain DELETE FROM sbtest2 WHERE id=4400543
	-> <not executable by iterator executor>


table 3 : explain DELETE FROM sbtest3 WHERE id=290357
	-> <not executable by iterator executor>


table 4 : explain DELETE FROM sbtest4 WHERE id=6006478
	-> <not executable by iterator executor>


table 5 : explain DELETE FROM sbtest5 WHERE id=3670394
	-> <not executable by iterator executor>


table 6 : explain DELETE FROM sbtest6 WHERE id=3839419
	-> <not executable by iterator executor>


table 7 : explain DELETE FROM sbtest7 WHERE id=2964724
	-> <not executable by iterator executor>


table 8 : explain DELETE FROM sbtest8 WHERE id=1450973
	-> <not executable by iterator executor>


for deletes
table 1 : explain DELETE FROM sbtest1 WHERE id=5363658
	-> <not executable by iterator executor>


table 2 : explain DELETE FROM sbtest2 WHERE id=5855599
	-> <not executable by iterator executor>


table 3 : explain DELETE FROM sbtest3 WHERE id=1725661
	-> <not executable by iterator executor>


table 4 : explain DELETE FROM sbtest4 WHERE id=4059675
	-> <not executable by iterator executor>


table 5 : explain DELETE FROM sbtest5 WHERE id=3803254
	-> <not executable by iterator executor>


table 6 : explain DELETE FROM sbtest6 WHERE id=9791372
	-> <not executable by iterator executor>


table 7 : explain DELETE FROM sbtest7 WHERE id=2939640
	-> <not executable by iterator executor>


table 8 : explain DELETE FROM sbtest8 WHERE id=9105466
	-> <not executable by iterator executor>


for deletes
table 1 : explain DELETE FROM sbtest1 WHERE id=5930156
	-> <not executable by iterator executor>


table 2 : explain DELETE FROM sbtest2 WHERE id=8906053
	-> <not executable by iterator executor>


table 3 : explain DELETE FROM sbtest3 WHERE id=3719685
	-> <not executable by iterator executor>


table 4 : explain DELETE FROM sbtest4 WHERE id=4759157
	-> <not executable by iterator executor>


table 5 : explain DELETE FROM sbtest5 WHERE id=4284551
	-> <not executable by iterator executor>


table 6 : explain DELETE FROM sbtest6 WHERE id=4968462
	-> <not executable by iterator executor>


table 7 : explain DELETE FROM sbtest7 WHERE id=4283704
	-> <not executable by iterator executor>


table 8 : explain DELETE FROM sbtest8 WHERE id=7898015
	-> <not executable by iterator executor>


for non_index_updates
table 1 : explain UPDATE sbtest1 SET c='foobar' WHERE id=1034487
	-> <not executable by iterator executor>


table 2 : explain UPDATE sbtest2 SET c='foobar' WHERE id=4638537
	-> <not executable by iterator executor>


table 3 : explain UPDATE sbtest3 SET c='foobar' WHERE id=6120109
	-> <not executable by iterator executor>


table 4 : explain UPDATE sbtest4 SET c='foobar' WHERE id=2770460
	-> <not executable by iterator executor>


table 5 : explain UPDATE sbtest5 SET c='foobar' WHERE id=3751602
	-> <not executable by iterator executor>


table 6 : explain UPDATE sbtest6 SET c='foobar' WHERE id=4182414
	-> <not executable by iterator executor>


table 7 : explain UPDATE sbtest7 SET c='foobar' WHERE id=4617671
	-> <not executable by iterator executor>


table 8 : explain UPDATE sbtest8 SET c='foobar' WHERE id=8382999
	-> <not executable by iterator executor>


explain: for deletes :: explain DELETE FROM sbtest%u WHERE id=%u
explain: for deletes :: explain DELETE FROM sbtest%u WHERE id=%u
for non_index_updates
table 1 : explain UPDATE sbtest1 SET c='foobar' WHERE id=2138834
	-> <not executable by iterator executor>


table 2 : explain UPDATE sbtest2 SET c='foobar' WHERE id=9274655
	-> <not executable by iterator executor>


table 3 : explain UPDATE sbtest3 SET c='foobar' WHERE id=938541
	-> <not executable by iterator executor>


table 4 : explain UPDATE sbtest4 SET c='foobar' WHERE id=374350
	-> <not executable by iterator executor>


table 5 : explain UPDATE sbtest5 SET c='foobar' WHERE id=4805748
	-> <not executable by iterator executor>


table 6 : explain UPDATE sbtest6 SET c='foobar' WHERE id=4753788
	-> <not executable by iterator executor>


table 7 : explain UPDATE sbtest7 SET c='foobar' WHERE id=6167963
	-> <not executable by iterator executor>


table 8 : explain UPDATE sbtest8 SET c='foobar' WHERE id=3270514
	-> <not executable by iterator executor>


for deletes
table 1 : explain DELETE FROM sbtest1 WHERE id=3569812
	-> <not executable by iterator executor>


table 2 : explain DELETE FROM sbtest2 WHERE id=7428902
	-> <not executable by iterator executor>


table 3 : explain DELETE FROM sbtest3 WHERE id=7282507
	-> <not executable by iterator executor>


table 4 : explain DELETE FROM sbtest4 WHERE id=4001651
	-> <not executable by iterator executor>


table 5 : explain DELETE FROM sbtest5 WHERE id=7714930
	-> <not executable by iterator executor>


table 6 : explain DELETE FROM sbtest6 WHERE id=3954666
	-> <not executable by iterator executor>


table 7 : explain DELETE FROM sbtest7 WHERE id=2232533
	-> <not executable by iterator executor>


table 8 : explain DELETE FROM sbtest8 WHERE id=4942413
	-> <not executable by iterator executor>


for deletes
table 1 : explain DELETE FROM sbtest1 WHERE id=3787994
	-> <not executable by iterator executor>


table 2 : explain DELETE FROM sbtest2 WHERE id=3091031
	-> <not executable by iterator executor>


table 3 : explain DELETE FROM sbtest3 WHERE id=9386327
	-> <not executable by iterator executor>


table 4 : explain DELETE FROM sbtest4 WHERE id=7793960
	-> <not executable by iterator executor>


table 5 : explain DELETE FROM sbtest5 WHERE id=6778655
	-> <not executable by iterator executor>


table 6 : explain DELETE FROM sbtest6 WHERE id=4036711
	-> <not executable by iterator executor>


table 7 : explain DELETE FROM sbtest7 WHERE id=3118552
	-> <not executable by iterator executor>


table 8 : explain DELETE FROM sbtest8 WHERE id=329443
	-> <not executable by iterator executor>


explain: for deletes :: explain DELETE FROM sbtest%u WHERE id=%u
for deletes
table 1 : explain DELETE FROM sbtest1 WHERE id=8829116
	-> <not executable by iterator executor>


table 2 : explain DELETE FROM sbtest2 WHERE id=171763
	-> <not executable by iterator executor>


table 3 : explain DELETE FROM sbtest3 WHERE id=1069453
	-> <not executable by iterator executor>


table 4 : explain DELETE FROM sbtest4 WHERE id=6965681
	-> <not executable by iterator executor>


table 5 : explain DELETE FROM sbtest5 WHERE id=687486
	-> <not executable by iterator executor>


table 6 : explain DELETE FROM sbtest6 WHERE id=6446830
	-> <not executable by iterator executor>


table 7 : explain DELETE FROM sbtest7 WHERE id=2110330
	-> <not executable by iterator executor>


table 8 : explain DELETE FROM sbtest8 WHERE id=4104855
	-> <not executable by iterator executor>


for deletes
table 1 : explain DELETE FROM sbtest1 WHERE id=3658880
	-> <not executable by iterator executor>


table 2 : explain DELETE FROM sbtest2 WHERE id=1674880
	-> <not executable by iterator executor>


table 3 : explain DELETE FROM sbtest3 WHERE id=7812832
	-> <not executable by iterator executor>


table 4 : explain DELETE FROM sbtest4 WHERE id=2506710
	-> <not executable by iterator executor>


table 5 : explain DELETE FROM sbtest5 WHERE id=6812840
	-> <not executable by iterator executor>


table 6 : explain DELETE FROM sbtest6 WHERE id=6459956
	-> <not executable by iterator executor>


table 7 : explain DELETE FROM sbtest7 WHERE id=5552789
	-> <not executable by iterator executor>


table 8 : explain DELETE FROM sbtest8 WHERE id=4979202
	-> <not executable by iterator executor>


for deletes
table 1 : explain DELETE FROM sbtest1 WHERE id=8013123
	-> <not executable by iterator executor>


table 2 : explain DELETE FROM sbtest2 WHERE id=2734911
	-> <not executable by iterator executor>


table 3 : explain DELETE FROM sbtest3 WHERE id=395965
	-> <not executable by iterator executor>


table 4 : explain DELETE FROM sbtest4 WHERE id=8599179
	-> <not executable by iterator executor>


table 5 : explain DELETE FROM sbtest5 WHERE id=1284146
	-> <not executable by iterator executor>


table 6 : explain DELETE FROM sbtest6 WHERE id=3952650
	-> <not executable by iterator executor>


table 7 : explain DELETE FROM sbtest7 WHERE id=1500217
	-> <not executable by iterator executor>


table 8 : explain DELETE FROM sbtest8 WHERE id=7646078
	-> <not executable by iterator executor>


for deletes
table 1 : explain DELETE FROM sbtest1 WHERE id=3266757
	-> <not executable by iterator executor>


table 2 : explain DELETE FROM sbtest2 WHERE id=3561644
	-> <not executable by iterator executor>


table 3 : explain DELETE FROM sbtest3 WHERE id=9202464
	-> <not executable by iterator executor>


table 4 : explain DELETE FROM sbtest4 WHERE id=1912824
	-> <not executable by iterator executor>


table 5 : explain DELETE FROM sbtest5 WHERE id=9691713
	-> <not executable by iterator executor>


table 6 : explain DELETE FROM sbtest6 WHERE id=5050688
	-> <not executable by iterator executor>


table 7 : explain DELETE FROM sbtest7 WHERE id=3315458
	-> <not executable by iterator executor>


table 8 : explain DELETE FROM sbtest8 WHERE id=7399084
	-> <not executable by iterator executor>


explain: for inserts :: explain INSERT INTO sbtest%u (id, k, c, pad) VALUES (%u, 13, 'foobar', 'foobar')
for deletes
table 1 : explain DELETE FROM sbtest1 WHERE id=9266355
	-> <not executable by iterator executor>


table 2 : explain DELETE FROM sbtest2 WHERE id=6102790
	-> <not executable by iterator executor>


table 3 : explain DELETE FROM sbtest3 WHERE id=9514211
	-> <not executable by iterator executor>


table 4 : explain DELETE FROM sbtest4 WHERE id=853393
	-> <not executable by iterator executor>


table 5 : explain DELETE FROM sbtest5 WHERE id=9219526
	-> <not executable by iterator executor>


table 6 : explain DELETE FROM sbtest6 WHERE id=9436913
	-> <not executable by iterator executor>


table 7 : explain DELETE FROM sbtest7 WHERE id=2153116
	-> <not executable by iterator executor>


table 8 : explain DELETE FROM sbtest8 WHERE id=9404159
	-> <not executable by iterator executor>


explain: for non_index_updates :: explain UPDATE sbtest%u SET c='foobar' WHERE id=%u
explain: for inserts :: explain INSERT INTO sbtest%u (id, k, c, pad) VALUES (%u, 13, 'foobar', 'foobar')
for deletes
table 1 : explain DELETE FROM sbtest1 WHERE id=673009
	-> <not executable by iterator executor>


table 2 : explain DELETE FROM sbtest2 WHERE id=8467758
	-> <not executable by iterator executor>


table 3 : explain DELETE FROM sbtest3 WHERE id=1708129
	-> <not executable by iterator executor>


table 4 : explain DELETE FROM sbtest4 WHERE id=3010376
	-> <not executable by iterator executor>


table 5 : explain DELETE FROM sbtest5 WHERE id=4065682
	-> <not executable by iterator executor>


table 6 : explain DELETE FROM sbtest6 WHERE id=8874291
	-> <not executable by iterator executor>


table 7 : explain DELETE FROM sbtest7 WHERE id=9558542
	-> <not executable by iterator executor>


table 8 : explain DELETE FROM sbtest8 WHERE id=6406098
	-> <not executable by iterator executor>


explain: for inserts :: explain INSERT INTO sbtest%u (id, k, c, pad) VALUES (%u, 13, 'foobar', 'foobar')
explain: for inserts :: explain INSERT INTO sbtest%u (id, k, c, pad) VALUES (%u, 13, 'foobar', 'foobar')
explain: for inserts :: explain INSERT INTO sbtest%u (id, k, c, pad) VALUES (%u, 13, 'foobar', 'foobar')
for inserts
table 1 : explain INSERT INTO sbtest1 (id, k, c, pad) VALUES (7533642, 13, 'foobar', 'foobar')
	-> Insert into sbtest1
    -> Rows fetched before execution


table 2 : explain INSERT INTO sbtest2 (id, k, c, pad) VALUES (5313013, 13, 'foobar', 'foobar')
	-> Insert into sbtest2
    -> Rows fetched before execution


table 3 : explain INSERT INTO sbtest3 (id, k, c, pad) VALUES (5886872, 13, 'foobar', 'foobar')
	-> Insert into sbtest3
    -> Rows fetched before execution


table 4 : explain INSERT INTO sbtest4 (id, k, c, pad) VALUES (2709324, 13, 'foobar', 'foobar')
	-> Insert into sbtest4
    -> Rows fetched before execution


table 5 : explain INSERT INTO sbtest5 (id, k, c, pad) VALUES (1174270, 13, 'foobar', 'foobar')
	-> Insert into sbtest5
    -> Rows fetched before execution


table 6 : explain INSERT INTO sbtest6 (id, k, c, pad) VALUES (3839344, 13, 'foobar', 'foobar')
	-> Insert into sbtest6
    -> Rows fetched before execution


table 7 : explain INSERT INTO sbtest7 (id, k, c, pad) VALUES (8614267, 13, 'foobar', 'foobar')
	-> Insert into sbtest7
    -> Rows fetched before execution


table 8 : explain INSERT INTO sbtest8 (id, k, c, pad) VALUES (9800757, 13, 'foobar', 'foobar')
	-> Insert into sbtest8
    -> Rows fetched before execution


for inserts
table 1 : explain INSERT INTO sbtest1 (id, k, c, pad) VALUES (4116790, 13, 'foobar', 'foobar')
	-> Insert into sbtest1
    -> Rows fetched before execution


table 2 : explain INSERT INTO sbtest2 (id, k, c, pad) VALUES (2712307, 13, 'foobar', 'foobar')
	-> Insert into sbtest2
    -> Rows fetched before execution


table 3 : explain INSERT INTO sbtest3 (id, k, c, pad) VALUES (1276289, 13, 'foobar', 'foobar')
	-> Insert into sbtest3
    -> Rows fetched before execution


table 4 : explain INSERT INTO sbtest4 (id, k, c, pad) VALUES (6651114, 13, 'foobar', 'foobar')
	-> Insert into sbtest4
    -> Rows fetched before execution


table 5 : explain INSERT INTO sbtest5 (id, k, c, pad) VALUES (397572, 13, 'foobar', 'foobar')
	-> Insert into sbtest5
    -> Rows fetched before execution


table 6 : explain INSERT INTO sbtest6 (id, k, c, pad) VALUES (248812, 13, 'foobar', 'foobar')
	-> Insert into sbtest6
    -> Rows fetched before execution


table 7 : explain INSERT INTO sbtest7 (id, k, c, pad) VALUES (6650540, 13, 'foobar', 'foobar')
	-> Insert into sbtest7
    -> Rows fetched before execution


table 8 : explain INSERT INTO sbtest8 (id, k, c, pad) VALUES (3275679, 13, 'foobar', 'foobar')
	-> Insert into sbtest8
    -> Rows fetched before execution


explain: for inserts :: explain INSERT INTO sbtest%u (id, k, c, pad) VALUES (%u, 13, 'foobar', 'foobar')
for non_index_updates
table 1 : explain UPDATE sbtest1 SET c='foobar' WHERE id=9412154
	-> <not executable by iterator executor>


table 2 : explain UPDATE sbtest2 SET c='foobar' WHERE id=2162514
	-> <not executable by iterator executor>


table 3 : explain UPDATE sbtest3 SET c='foobar' WHERE id=6161855
	-> <not executable by iterator executor>


table 4 : explain UPDATE sbtest4 SET c='foobar' WHERE id=7560608
	-> <not executable by iterator executor>


table 5 : explain UPDATE sbtest5 SET c='foobar' WHERE id=6178891
	-> <not executable by iterator executor>


table 6 : explain UPDATE sbtest6 SET c='foobar' WHERE id=9312078
	-> <not executable by iterator executor>


table 7 : explain UPDATE sbtest7 SET c='foobar' WHERE id=4269137
	-> <not executable by iterator executor>


table 8 : explain UPDATE sbtest8 SET c='foobar' WHERE id=8954226
	-> <not executable by iterator executor>

for inserts
table 1 : explain INSERT INTO sbtest1 (id, k, c, pad) VALUES (7885014, 13, 'foobar', 'foobar')
	-> Insert into sbtest1
    -> Rows fetched before execution


table 2 : explain INSERT INTO sbtest2 (id, k, c, pad) VALUES (7942703, 13, 'foobar', 'foobar')
	-> Insert into sbtest2
    -> Rows fetched before execution


table 3 : explain INSERT INTO sbtest3 (id, k, c, pad) VALUES (1223064, 13, 'foobar', 'foobar')
	-> Insert into sbtest3
    -> Rows fetched before execution


table 4 : explain INSERT INTO sbtest4 (id, k, c, pad) VALUES (2447615, 13, 'foobar', 'foobar')
	-> Insert into sbtest4
    -> Rows fetched before execution


table 5 : explain INSERT INTO sbtest5 (id, k, c, pad) VALUES (2211560, 13, 'foobar', 'foobar')
	-> Insert into sbtest5
    -> Rows fetched before execution


table 6 : explain INSERT INTO sbtest6 (id, k, c, pad) VALUES (1554800, 13, 'foobar', 'foobar')
	-> Insert into sbtest6
    -> Rows fetched before execution


table 7 : explain INSERT INTO sbtest7 (id, k, c, pad) VALUES (1068316, 13, 'foobar', 'foobar')
	-> Insert into sbtest7
    -> Rows fetched before execution


table 8 : explain INSERT INTO sbtest8 (id, k, c, pad) VALUES (2582956, 13, 'foobar', 'foobar')
	-> Insert into sbtest8
    -> Rows fetched before execution



for deletes
table 1 : explain DELETE FROM sbtest1 WHERE id=9724133
	-> <not executable by iterator executor>


table 2 : explain DELETE FROM sbtest2 WHERE id=3988751
	-> <not executable by iterator executor>


table 3 : explain DELETE FROM sbtest3 WHERE id=934622
	-> <not executable by iterator executor>


table 4 : explain DELETE FROM sbtest4 WHERE id=5801294
	-> <not executable by iterator executor>


table 5 : explain DELETE FROM sbtest5 WHERE id=6516571
	-> <not executable by iterator executor>


table 6 : explain DELETE FROM sbtest6 WHERE id=8896946
	-> <not executable by iterator executor>


table 7 : explain DELETE FROM sbtest7 WHERE id=7161016
	-> <not executable by iterator executor>


table 8 : explain DELETE FROM sbtest8 WHERE id=8012874
	-> <not executable by iterator executor>


explain: for inserts :: explain INSERT INTO sbtest%u (id, k, c, pad) VALUES (%u, 13, 'foobar', 'foobar')
for inserts
table 1 : explain INSERT INTO sbtest1 (id, k, c, pad) VALUES (318729, 13, 'foobar', 'foobar')
	-> Insert into sbtest1
    -> Rows fetched before execution


table 2 : explain INSERT INTO sbtest2 (id, k, c, pad) VALUES (2209007, 13, 'foobar', 'foobar')
	-> Insert into sbtest2
    -> Rows fetched before execution


table 3 : explain INSERT INTO sbtest3 (id, k, c, pad) VALUES (9816015, 13, 'foobar', 'foobar')
	-> Insert into sbtest3
    -> Rows fetched before execution


table 4 : explain INSERT INTO sbtest4 (id, k, c, pad) VALUES (7181676, 13, 'foobar', 'foobar')
	-> Insert into sbtest4
    -> Rows fetched before execution


table 5 : explain INSERT INTO sbtest5 (id, k, c, pad) VALUES (6986623, 13, 'foobar', 'foobar')
	-> Insert into sbtest5
    -> Rows fetched before execution


table 6 : explain INSERT INTO sbtest6 (id, k, c, pad) VALUES (4722617, 13, 'foobar', 'foobar')
	-> Insert into sbtest6
    -> Rows fetched before execution


table 7 : explain INSERT INTO sbtest7 (id, k, c, pad) VALUES (5619272, 13, 'foobar', 'foobar')
	-> Insert into sbtest7
    -> Rows fetched before execution


table 8 : explain INSERT INTO sbtest8 (id, k, c, pad) VALUES (8587917, 13, 'foobar', 'foobar')
	-> Insert into sbtest8
    -> Rows fetched before execution


for inserts
table 1 : explain INSERT INTO sbtest1 (id, k, c, pad) VALUES (8034811, 13, 'foobar', 'foobar')
	-> Insert into sbtest1
    -> Rows fetched before execution


table 2 : explain INSERT INTO sbtest2 (id, k, c, pad) VALUES (692178, 13, 'foobar', 'foobar')
	-> Insert into sbtest2
    -> Rows fetched before execution


table 3 : explain INSERT INTO sbtest3 (id, k, c, pad) VALUES (122682, 13, 'foobar', 'foobar')
	-> Insert into sbtest3
    -> Rows fetched before execution


table 4 : explain INSERT INTO sbtest4 (id, k, c, pad) VALUES (8990398, 13, 'foobar', 'foobar')
	-> Insert into sbtest4
    -> Rows fetched before execution


table 5 : explain INSERT INTO sbtest5 (id, k, c, pad) VALUES (297168, 13, 'foobar', 'foobar')
	-> Insert into sbtest5
    -> Rows fetched before execution


table 6 : explain INSERT INTO sbtest6 (id, k, c, pad) VALUES (4394208, 13, 'foobar', 'foobar')
	-> Insert into sbtest6
    -> Rows fetched before execution


table 7 : explain INSERT INTO sbtest7 (id, k, c, pad) VALUES (7651510, 13, 'foobar', 'foobar')
	-> Insert into sbtest7
    -> Rows fetched before execution


table 8 : explain INSERT INTO sbtest8 (id, k, c, pad) VALUES (2813832, 13, 'foobar', 'foobar')
	-> Insert into sbtest8
    -> Rows fetched before execution


explain: for inserts :: explain INSERT INTO sbtest%u (id, k, c, pad) VALUES (%u, 13, 'foobar', 'foobar')
explain: for inserts :: explain INSERT INTO sbtest%u (id, k, c, pad) VALUES (%u, 13, 'foobar', 'foobar')
explain: for deletes :: explain DELETE FROM sbtest%u WHERE id=%u
explain: for inserts :: explain INSERT INTO sbtest%u (id, k, c, pad) VALUES (%u, 13, 'foobar', 'foobar')explain: for inserts :: explain INSERT INTO sbtest%u (id, k, c, pad) VALUES (%u, 13, 'foobar', 'foobar')
explain: for inserts :: explain INSERT INTO sbtest%u (id, k, c, pad) VALUES (%u, 13, 'foobar', 'foobar')

explain: for deletes :: explain DELETE FROM sbtest%u WHERE id=%u
explain: for non_index_updates :: explain UPDATE sbtest%u SET c='foobar' WHERE id=%u
explain: for inserts :: explain INSERT INTO sbtest%u (id, k, c, pad) VALUES (%u, 13, 'foobar', 'foobar')
explain: for deletes :: explain DELETE FROM sbtest%u WHERE id=%u
for inserts
table 1 : explain INSERT INTO sbtest1 (id, k, c, pad) VALUES (5049446, 13, 'foobar', 'foobar')
	-> Insert into sbtest1
    -> Rows fetched before execution


table 2 : explain INSERT INTO sbtest2 (id, k, c, pad) VALUES (6643925, 13, 'foobar', 'foobar')
	-> Insert into sbtest2
    -> Rows fetched before execution


table 3 : explain INSERT INTO sbtest3 (id, k, c, pad) VALUES (5147372, 13, 'foobar', 'foobar')
	-> Insert into sbtest3
    -> Rows fetched before execution


table 4 : explain INSERT INTO sbtest4 (id, k, c, pad) VALUES (9612515, 13, 'foobar', 'foobar')
	-> Insert into sbtest4
    -> Rows fetched before execution


table 5 : explain INSERT INTO sbtest5 (id, k, c, pad) VALUES (7949473, 13, 'foobar', 'foobar')
	-> Insert into sbtest5
    -> Rows fetched before execution


table 6 : explain INSERT INTO sbtest6 (id, k, c, pad) VALUES (2090611, 13, 'foobar', 'foobar')
	-> Insert into sbtest6
    -> Rows fetched before execution


table 7 : explain INSERT INTO sbtest7 (id, k, c, pad) VALUES (7556541, 13, 'foobar', 'foobar')
	-> Insert into sbtest7
    -> Rows fetched before execution


table 8 : explain INSERT INTO sbtest8 (id, k, c, pad) VALUES (8168928, 13, 'foobar', 'foobar')
	-> Insert into sbtest8
    -> Rows fetched before execution


explain: for inserts :: explain INSERT INTO sbtest%u (id, k, c, pad) VALUES (%u, 13, 'foobar', 'foobar')
explain: for inserts :: explain INSERT INTO sbtest%u (id, k, c, pad) VALUES (%u, 13, 'foobar', 'foobar')
explain: for deletes :: explain DELETE FROM sbtest%u WHERE id=%u
explain: for inserts :: explain INSERT INTO sbtest%u (id, k, c, pad) VALUES (%u, 13, 'foobar', 'foobar')
explain: for deletes :: explain DELETE FROM sbtest%u WHERE id=%u
explain: for deletes :: explain DELETE FROM sbtest%u WHERE id=%u
for inserts
table 1 : explain INSERT INTO sbtest1 (id, k, c, pad) VALUES (9111223, 13, 'foobar', 'foobar')
	-> Insert into sbtest1
    -> Rows fetched before execution


table 2 : explain INSERT INTO sbtest2 (id, k, c, pad) VALUES (7467987, 13, 'foobar', 'foobar')
	-> Insert into sbtest2
    -> Rows fetched before execution


table 3 : explain INSERT INTO sbtest3 (id, k, c, pad) VALUES (7570983, 13, 'foobar', 'foobar')
	-> Insert into sbtest3
    -> Rows fetched before execution


table 4 : explain INSERT INTO sbtest4 (id, k, c, pad) VALUES (5383361, 13, 'foobar', 'foobar')
	-> Insert into sbtest4
    -> Rows fetched before execution


table 5 : explain INSERT INTO sbtest5 (id, k, c, pad) VALUES (9813507, 13, 'foobar', 'foobar')
	-> Insert into sbtest5
    -> Rows fetched before execution


table 6 : explain INSERT INTO sbtest6 (id, k, c, pad) VALUES (7844344, 13, 'foobar', 'foobar')
	-> Insert into sbtest6
    -> Rows fetched before execution


table 7 : explain INSERT INTO sbtest7 (id, k, c, pad) VALUES (5664703, 13, 'foobar', 'foobar')
	-> Insert into sbtest7
    -> Rows fetched before execution


table 8 : explain INSERT INTO sbtest8 (id, k, c, pad) VALUES (4483478, 13, 'foobar', 'foobar')
	-> Insert into sbtest8
    -> Rows fetched before execution


explain: for inserts :: explain INSERT INTO sbtest%u (id, k, c, pad) VALUES (%u, 13, 'foobar', 'foobar')
for inserts
table 1 : explain INSERT INTO sbtest1 (id, k, c, pad) VALUES (3384400, 13, 'foobar', 'foobar')
	-> Insert into sbtest1
    -> Rows fetched before execution


table 2 : explain INSERT INTO sbtest2 (id, k, c, pad) VALUES (7822513, 13, 'foobar', 'foobar')
	-> Insert into sbtest2
    -> Rows fetched before execution


table 3 : explain INSERT INTO sbtest3 (id, k, c, pad) VALUES (7452401, 13, 'foobar', 'foobar')
	-> Insert into sbtest3
    -> Rows fetched before execution


table 4 : explain INSERT INTO sbtest4 (id, k, c, pad) VALUES (5123079, 13, 'foobar', 'foobar')
	-> Insert into sbtest4
    -> Rows fetched before execution


table 5 : explain INSERT INTO sbtest5 (id, k, c, pad) VALUES (780824, 13, 'foobar', 'foobar')
	-> Insert into sbtest5
    -> Rows fetched before execution


table 6 : explain INSERT INTO sbtest6 (id, k, c, pad) VALUES (945340, 13, 'foobar', 'foobar')
	-> Insert into sbtest6
    -> Rows fetched before execution


table 7 : explain INSERT INTO sbtest7 (id, k, c, pad) VALUES (3999773, 13, 'foobar', 'foobar')
	-> Insert into sbtest7
    -> Rows fetched before execution


table 8 : explain INSERT INTO sbtest8 (id, k, c, pad) VALUES (4561695, 13, 'foobar', 'foobar')
	-> Insert into sbtest8
    -> Rows fetched before execution


explain: for inserts :: explain INSERT INTO sbtest%u (id, k, c, pad) VALUES (%u, 13, 'foobar', 'foobar')
for inserts
table 1 : explain INSERT INTO sbtest1 (id, k, c, pad) VALUES (4678411, 13, 'foobar', 'foobar')
	-> Insert into sbtest1
    -> Rows fetched before execution


table 2 : explain INSERT INTO sbtest2 (id, k, c, pad) VALUES (7941534, 13, 'foobar', 'foobar')
	-> Insert into sbtest2
    -> Rows fetched before execution


table 3 : explain INSERT INTO sbtest3 (id, k, c, pad) VALUES (8790826, 13, 'foobar', 'foobar')
	-> Insert into sbtest3
    -> Rows fetched before execution


table 4 : explain INSERT INTO sbtest4 (id, k, c, pad) VALUES (5663905, 13, 'foobar', 'foobar')
	-> Insert into sbtest4
    -> Rows fetched before execution


table 5 : explain INSERT INTO sbtest5 (id, k, c, pad) VALUES (1314016, 13, 'foobar', 'foobar')
	-> Insert into sbtest5
    -> Rows fetched before execution


table 6 : explain INSERT INTO sbtest6 (id, k, c, pad) VALUES (8774649, 13, 'foobar', 'foobar')
	-> Insert into sbtest6
    -> Rows fetched before execution


table 7 : explain INSERT INTO sbtest7 (id, k, c, pad) VALUES (1609112, 13, 'foobar', 'foobar')
	-> Insert into sbtest7
    -> Rows fetched before execution


table 8 : explain INSERT INTO sbtest8 (id, k, c, pad) VALUES (8466318, 13, 'foobar', 'foobar')
	-> Insert into sbtest8
    -> Rows fetched before execution


for inserts
table 1 : explain INSERT INTO sbtest1 (id, k, c, pad) VALUES (3800428, 13, 'foobar', 'foobar')
	-> Insert into sbtest1
    -> Rows fetched before execution


table 2 : explain INSERT INTO sbtest2 (id, k, c, pad) VALUES (7190034, 13, 'foobar', 'foobar')
	-> Insert into sbtest2
    -> Rows fetched before execution


table 3 : explain INSERT INTO sbtest3 (id, k, c, pad) VALUES (9242128, 13, 'foobar', 'foobar')
	-> Insert into sbtest3
    -> Rows fetched before execution


table 4 : explain INSERT INTO sbtest4 (id, k, c, pad) VALUES (5141495, 13, 'foobar', 'foobar')
	-> Insert into sbtest4
    -> Rows fetched before execution


table 5 : explain INSERT INTO sbtest5 (id, k, c, pad) VALUES (4390176, 13, 'foobar', 'foobar')
	-> Insert into sbtest5
    -> Rows fetched before execution


table 6 : explain INSERT INTO sbtest6 (id, k, c, pad) VALUES (2287798, 13, 'foobar', 'foobar')
	-> Insert into sbtest6
    -> Rows fetched before execution


table 7 : explain INSERT INTO sbtest7 (id, k, c, pad) VALUES (4574384, 13, 'foobar', 'foobar')
	-> Insert into sbtest7
    -> Rows fetched before execution


table 8 : explain INSERT INTO sbtest8 (id, k, c, pad) VALUES (8713662, 13, 'foobar', 'foobar')
	-> Insert into sbtest8
    -> Rows fetched before execution


for inserts
table 1 : explain INSERT INTO sbtest1 (id, k, c, pad) VALUES (5514538, 13, 'foobar', 'foobar')
	-> Insert into sbtest1
    -> Rows fetched before execution


table 2 : explain INSERT INTO sbtest2 (id, k, c, pad) VALUES (7089875, 13, 'foobar', 'foobar')
	-> Insert into sbtest2
    -> Rows fetched before execution


table 3 : explain INSERT INTO sbtest3 (id, k, c, pad) VALUES (641820, 13, 'foobar', 'foobar')
	-> Insert into sbtest3
    -> Rows fetched before execution


table 4 : explain INSERT INTO sbtest4 (id, k, c, pad) VALUES (1882005, 13, 'foobar', 'foobar')
	-> Insert into sbtest4
    -> Rows fetched before execution


table 5 : explain INSERT INTO sbtest5 (id, k, c, pad) VALUES (6696375, 13, 'foobar', 'foobar')
	-> Insert into sbtest5
    -> Rows fetched before execution


table 6 : explain INSERT INTO sbtest6 (id, k, c, pad) VALUES (9264794, 13, 'foobar', 'foobar')
	-> Insert into sbtest6
    -> Rows fetched before execution


table 7 : explain INSERT INTO sbtest7 (id, k, c, pad) VALUES (6102153, 13, 'foobar', 'foobar')
	-> Insert into sbtest7
    -> Rows fetched before execution


table 8 : explain INSERT INTO sbtest8 (id, k, c, pad) VALUES (5691477, 13, 'foobar', 'foobar')
	-> Insert into sbtest8
    -> Rows fetched before execution


explain: for inserts :: explain INSERT INTO sbtest%u (id, k, c, pad) VALUES (%u, 13, 'foobar', 'foobar')
for inserts
table 1 : explain INSERT INTO sbtest1 (id, k, c, pad) VALUES (2164868, 13, 'foobar', 'foobar')
	-> Insert into sbtest1
    -> Rows fetched before execution


table 2 : explain INSERT INTO sbtest2 (id, k, c, pad) VALUES (8322767, 13, 'foobar', 'foobar')
	-> Insert into sbtest2
    -> Rows fetched before execution


table 3 : explain INSERT INTO sbtest3 (id, k, c, pad) VALUES (7283170, 13, 'foobar', 'foobar')
	-> Insert into sbtest3
    -> Rows fetched before execution


table 4 : explain INSERT INTO sbtest4 (id, k, c, pad) VALUES (1087410, 13, 'foobar', 'foobar')
	-> Insert into sbtest4
    -> Rows fetched before execution


table 5 : explain INSERT INTO sbtest5 (id, k, c, pad) VALUES (3459473, 13, 'foobar', 'foobar')
	-> Insert into sbtest5
    -> Rows fetched before execution


table 6 : explain INSERT INTO sbtest6 (id, k, c, pad) VALUES (222594, 13, 'foobar', 'foobar')
	-> Insert into sbtest6
    -> Rows fetched before execution


table 7 : explain INSERT INTO sbtest7 (id, k, c, pad) VALUES (6096098, 13, 'foobar', 'foobar')
	-> Insert into sbtest7
    -> Rows fetched before execution


table 8 : explain INSERT INTO sbtest8 (id, k, c, pad) VALUES (6955667, 13, 'foobar', 'foobar')
	-> Insert into sbtest8
    -> Rows fetched before execution

explain: for inserts :: explain INSERT INTO sbtest%u (id, k, c, pad) VALUES (%u, 13, 'foobar', 'foobar')for deletes
table 1 : explain DELETE FROM sbtest1 WHERE id=9484947
	-> <not executable by iterator executor>


table 2 : explain DELETE FROM sbtest2 WHERE id=3687827
	-> <not executable by iterator executor>


table 3 : explain DELETE FROM sbtest3 WHERE id=4911936
	-> <not executable by iterator executor>


table 4 : explain DELETE FROM sbtest4 WHERE id=8593022
	-> <not executable by iterator executor>


table 5 : explain DELETE FROM sbtest5 WHERE id=8121861
	-> <not executable by iterator executor>


table 6 : explain DELETE FROM sbtest6 WHERE id=1315456
	-> <not executable by iterator executor>


table 7 : explain DELETE FROM sbtest7 WHERE id=7148353
	-> <not executable by iterator executor>


table 8 : explain DELETE FROM sbtest8 WHERE id=8147700
	-> <not executable by iterator executor>




explain: for inserts :: explain INSERT INTO sbtest%u (id, k, c, pad) VALUES (%u, 13, 'foobar', 'foobar')
explain: for inserts :: explain INSERT INTO sbtest%u (id, k, c, pad) VALUES (%u, 13, 'foobar', 'foobar')
explain: for inserts :: explain INSERT INTO sbtest%u (id, k, c, pad) VALUES (%u, 13, 'foobar', 'foobar')
for deletes
table 1 : explain DELETE FROM sbtest1 WHERE id=3353753
	-> <not executable by iterator executor>


table 2 : explain DELETE FROM sbtest2 WHERE id=3037703
	-> <not executable by iterator executor>


table 3 : explain DELETE FROM sbtest3 WHERE id=6838150
	-> <not executable by iterator executor>


table 4 : explain DELETE FROM sbtest4 WHERE id=4205417
	-> <not executable by iterator executor>


table 5 : explain DELETE FROM sbtest5 WHERE id=7647521
	-> <not executable by iterator executor>


table 6 : explain DELETE FROM sbtest6 WHERE id=1971623
	-> <not executable by iterator executor>


table 7 : explain DELETE FROM sbtest7 WHERE id=9944439
	-> <not executable by iterator executor>


table 8 : explain DELETE FROM sbtest8 WHERE id=305732
	-> <not executable by iterator executor>


explain: for inserts :: explain INSERT INTO sbtest%u (id, k, c, pad) VALUES (%u, 13, 'foobar', 'foobar')
explain: for inserts :: explain INSERT INTO sbtest%u (id, k, c, pad) VALUES (%u, 13, 'foobar', 'foobar')
explain: for inserts :: explain INSERT INTO sbtest%u (id, k, c, pad) VALUES (%u, 13, 'foobar', 'foobar')
for inserts
table 1 : explain INSERT INTO sbtest1 (id, k, c, pad) VALUES (1990647, 13, 'foobar', 'foobar')
	-> Insert into sbtest1
    -> Rows fetched before execution


table 2 : explain INSERT INTO sbtest2 (id, k, c, pad) VALUES (9276170, 13, 'foobar', 'foobar')
	-> Insert into sbtest2
    -> Rows fetched before execution


table 3 : explain INSERT INTO sbtest3 (id, k, c, pad) VALUES (2672294, 13, 'foobar', 'foobar')
	-> Insert into sbtest3
    -> Rows fetched before execution


table 4 : explain INSERT INTO sbtest4 (id, k, c, pad) VALUES (4135194, 13, 'foobar', 'foobar')
	-> Insert into sbtest4
    -> Rows fetched before execution


table 5 : explain INSERT INTO sbtest5 (id, k, c, pad) VALUES (5020830, 13, 'foobar', 'foobar')
	-> Insert into sbtest5
    -> Rows fetched before execution


table 6 : explain INSERT INTO sbtest6 (id, k, c, pad) VALUES (9159106, 13, 'foobar', 'foobar')
	-> Insert into sbtest6
    -> Rows fetched before execution


table 7 : explain INSERT INTO sbtest7 (id, k, c, pad) VALUES (467446, 13, 'foobar', 'foobar')
	-> Insert into sbtest7
    -> Rows fetched before execution


table 8 : explain INSERT INTO sbtest8 (id, k, c, pad) VALUES (1075253, 13, 'foobar', 'foobar')
	-> Insert into sbtest8
    -> Rows fetched before execution


for non_index_updates
table 1 : explain UPDATE sbtest1 SET c='foobar' WHERE id=7388054
	-> <not executable by iterator executor>


table 2 : explain UPDATE sbtest2 SET c='foobar' WHERE id=1442063
	-> <not executable by iterator executor>


table 3 : explain UPDATE sbtest3 SET c='foobar' WHERE id=3000208
	-> <not executable by iterator executor>


table 4 : explain UPDATE sbtest4 SET c='foobar' WHERE id=3093572
	-> <not executable by iterator executor>


table 5 : explain UPDATE sbtest5 SET c='foobar' WHERE id=9128024
	-> <not executable by iterator executor>


table 6 : explain UPDATE sbtest6 SET c='foobar' WHERE id=5154397
	-> <not executable by iterator executor>


table 7 : explain UPDATE sbtest7 SET c='foobar' WHERE id=9714340
	-> <not executable by iterator executor>


table 8 : explain UPDATE sbtest8 SET c='foobar' WHERE id=8561345
	-> <not executable by iterator executor>


explain: for inserts :: explain INSERT INTO sbtest%u (id, k, c, pad) VALUES (%u, 13, 'foobar', 'foobar')for inserts
table 1 : explain INSERT INTO sbtest1 (id, k, c, pad) VALUES (5571406, 13, 'foobar', 'foobar')
	-> Insert into sbtest1
    -> Rows fetched before execution


table 2 : explain INSERT INTO sbtest2 (id, k, c, pad) VALUES (7566210, 13, 'foobar', 'foobar')
	-> Insert into sbtest2
    -> Rows fetched before execution


table 3 : explain INSERT INTO sbtest3 (id, k, c, pad) VALUES (8047563, 13, 'foobar', 'foobar')
	-> Insert into sbtest3
    -> Rows fetched before execution


table 4 : explain INSERT INTO sbtest4 (id, k, c, pad) VALUES (998028, 13, 'foobar', 'foobar')
	-> Insert into sbtest4
    -> Rows fetched before execution


table 5 : explain INSERT INTO sbtest5 (id, k, c, pad) VALUES (4549695, 13, 'foobar', 'foobar')
	-> Insert into sbtest5
    -> Rows fetched before execution


table 6 : explain INSERT INTO sbtest6 (id, k, c, pad) VALUES (8900514, 13, 'foobar', 'foobar')
	-> Insert into sbtest6
    -> Rows fetched before execution


table 7 : explain INSERT INTO sbtest7 (id, k, c, pad) VALUES (5828736, 13, 'foobar', 'foobar')
	-> Insert into sbtest7
    -> Rows fetched before execution


table 8 : explain INSERT INTO sbtest8 (id, k, c, pad) VALUES (3106570, 13, 'foobar', 'foobar')
	-> Insert into sbtest8
    -> Rows fetched before execution



explain: for inserts :: explain INSERT INTO sbtest%u (id, k, c, pad) VALUES (%u, 13, 'foobar', 'foobar')
for inserts
table 1 : explain INSERT INTO sbtest1 (id, k, c, pad) VALUES (6898218, 13, 'foobar', 'foobar')
	-> Insert into sbtest1
    -> Rows fetched before execution


table 2 : explain INSERT INTO sbtest2 (id, k, c, pad) VALUES (5961405, 13, 'foobar', 'foobar')
	-> Insert into sbtest2
    -> Rows fetched before execution


table 3 : explain INSERT INTO sbtest3 (id, k, c, pad) VALUES (5899386, 13, 'foobar', 'foobar')
	-> Insert into sbtest3
    -> Rows fetched before execution


table 4 : explain INSERT INTO sbtest4 (id, k, c, pad) VALUES (9261767, 13, 'foobar', 'foobar')
	-> Insert into sbtest4
    -> Rows fetched before execution


table 5 : explain INSERT INTO sbtest5 (id, k, c, pad) VALUES (3760960, 13, 'foobar', 'foobar')
	-> Insert into sbtest5
    -> Rows fetched before execution


table 6 : explain INSERT INTO sbtest6 (id, k, c, pad) VALUES (4354648, 13, 'foobar', 'foobar')
	-> Insert into sbtest6
    -> Rows fetched before execution


table 7 : explain INSERT INTO sbtest7 (id, k, c, pad) VALUES (7020816, 13, 'foobar', 'foobar')
	-> Insert into sbtest7
    -> Rows fetched before execution


table 8 : explain INSERT INTO sbtest8 (id, k, c, pad) VALUES (3319673, 13, 'foobar', 'foobar')
	-> Insert into sbtest8
    -> Rows fetched before execution


for inserts
table 1 : explain INSERT INTO sbtest1 (id, k, c, pad) VALUES (8035750, 13, 'foobar', 'foobar')
	-> Insert into sbtest1
    -> Rows fetched before execution


table 2 : explain INSERT INTO sbtest2 (id, k, c, pad) VALUES (7891996, 13, 'foobar', 'foobar')
	-> Insert into sbtest2
    -> Rows fetched before execution


table 3 : explain INSERT INTO sbtest3 (id, k, c, pad) VALUES (9401119, 13, 'foobar', 'foobar')
	-> Insert into sbtest3
    -> Rows fetched before execution


table 4 : explain INSERT INTO sbtest4 (id, k, c, pad) VALUES (1545078, 13, 'foobar', 'foobar')
	-> Insert into sbtest4
    -> Rows fetched before execution


table 5 : explain INSERT INTO sbtest5 (id, k, c, pad) VALUES (1526636, 13, 'foobar', 'foobar')
	-> Insert into sbtest5
    -> Rows fetched before execution


table 6 : explain INSERT INTO sbtest6 (id, k, c, pad) VALUES (8536362, 13, 'foobar', 'foobar')
	-> Insert into sbtest6
    -> Rows fetched before execution


table 7 : explain INSERT INTO sbtest7 (id, k, c, pad) VALUES (834679, 13, 'foobar', 'foobar')
	-> Insert into sbtest7
    -> Rows fetched before execution


table 8 : explain INSERT INTO sbtest8 (id, k, c, pad) VALUES (7768928, 13, 'foobar', 'foobar')
	-> Insert into sbtest8
    -> Rows fetched before execution


explain: for inserts :: explain INSERT INTO sbtest%u (id, k, c, pad) VALUES (%u, 13, 'foobar', 'foobar')
explain: for inserts :: explain INSERT INTO sbtest%u (id, k, c, pad) VALUES (%u, 13, 'foobar', 'foobar')
explain: for deletes :: explain DELETE FROM sbtest%u WHERE id=%u
for inserts
table 1 : explain INSERT INTO sbtest1 (id, k, c, pad) VALUES (8503462, 13, 'foobar', 'foobar')
	-> Insert into sbtest1
    -> Rows fetched before execution


table 2 : explain INSERT INTO sbtest2 (id, k, c, pad) VALUES (9903090, 13, 'foobar', 'foobar')
	-> Insert into sbtest2
    -> Rows fetched before execution


table 3 : explain INSERT INTO sbtest3 (id, k, c, pad) VALUES (1962103, 13, 'foobar', 'foobar')
	-> Insert into sbtest3
    -> Rows fetched before execution


table 4 : explain INSERT INTO sbtest4 (id, k, c, pad) VALUES (9511464, 13, 'foobar', 'foobar')
	-> Insert into sbtest4
    -> Rows fetched before execution


table 5 : explain INSERT INTO sbtest5 (id, k, c, pad) VALUES (5520127, 13, 'foobar', 'foobar')
	-> Insert into sbtest5
    -> Rows fetched before execution


table 6 : explain INSERT INTO sbtest6 (id, k, c, pad) VALUES (7684966, 13, 'foobar', 'foobar')
	-> Insert into sbtest6
    -> Rows fetched before execution


table 7 : explain INSERT INTO sbtest7 (id, k, c, pad) VALUES (6506587, 13, 'foobar', 'foobar')
	-> Insert into sbtest7
    -> Rows fetched before execution


table 8 : explain INSERT INTO sbtest8 (id, k, c, pad) VALUES (4076120, 13, 'foobar', 'foobar')
	-> Insert into sbtest8
    -> Rows fetched before execution


for deletes
table 1 : explain DELETE FROM sbtest1 WHERE id=9213693
	-> <not executable by iterator executor>


table 2 : explain DELETE FROM sbtest2 WHERE id=2523095
	-> <not executable by iterator executor>


table 3 : explain DELETE FROM sbtest3 WHERE id=8049118
	-> <not executable by iterator executor>


table 4 : explain DELETE FROM sbtest4 WHERE id=5067826
	-> <not executable by iterator executor>


table 5 : explain DELETE FROM sbtest5 WHERE id=9687033
	-> <not executable by iterator executor>


table 6 : explain DELETE FROM sbtest6 WHERE id=2040108
	-> <not executable by iterator executor>


table 7 : explain DELETE FROM sbtest7 WHERE id=3771799
	-> <not executable by iterator executor>


table 8 : explain DELETE FROM sbtest8 WHERE id=7927415
	-> <not executable by iterator executor>


for inserts
table 1 : explain INSERT INTO sbtest1 (id, k, c, pad) VALUES (9458359, 13, 'foobar', 'foobar')
	-> Insert into sbtest1
    -> Rows fetched before execution


table 2 : explain INSERT INTO sbtest2 (id, k, c, pad) VALUES (8570395, 13, 'foobar', 'foobar')
	-> Insert into sbtest2
    -> Rows fetched before execution


table 3 : explain INSERT INTO sbtest3 (id, k, c, pad) VALUES (8397333, 13, 'foobar', 'foobar')
	-> Insert into sbtest3
    -> Rows fetched before execution


table 4 : explain INSERT INTO sbtest4 (id, k, c, pad) VALUES (1241459, 13, 'foobar', 'foobar')
	-> Insert into sbtest4
    -> Rows fetched before execution


table 5 : explain INSERT INTO sbtest5 (id, k, c, pad) VALUES (9172245, 13, 'foobar', 'foobar')
	-> Insert into sbtest5
    -> Rows fetched before execution


table 6 : explain INSERT INTO sbtest6 (id, k, c, pad) VALUES (1541299, 13, 'foobar', 'foobar')
	-> Insert into sbtest6
    -> Rows fetched before execution


table 7 : explain INSERT INTO sbtest7 (id, k, c, pad) VALUES (4227646, 13, 'foobar', 'foobar')
	-> Insert into sbtest7
    -> Rows fetched before execution


table 8 : explain INSERT INTO sbtest8 (id, k, c, pad) VALUES (7012226, 13, 'foobar', 'foobar')
	-> Insert into sbtest8
    -> Rows fetched before execution


for deletes
table 1 : explain DELETE FROM sbtest1 WHERE id=3328090
	-> <not executable by iterator executor>


table 2 : explain DELETE FROM sbtest2 WHERE id=4025447
	-> <not executable by iterator executor>


table 3 : explain DELETE FROM sbtest3 WHERE id=4529045
	-> <not executable by iterator executor>


table 4 : explain DELETE FROM sbtest4 WHERE id=5408207
	-> <not executable by iterator executor>


table 5 : explain DELETE FROM sbtest5 WHERE id=2362892
	-> <not executable by iterator executor>


table 6 : explain DELETE FROM sbtest6 WHERE id=2617469
	-> <not executable by iterator executor>


table 7 : explain DELETE FROM sbtest7 WHERE id=1732979
	-> <not executable by iterator executor>


table 8 : explain DELETE FROM sbtest8 WHERE id=9124043
	-> <not executable by iterator executor>


for inserts
table 1 : explain INSERT INTO sbtest1 (id, k, c, pad) VALUES (60323, 13, 'foobar', 'foobar')
	-> Insert into sbtest1
    -> Rows fetched before execution


table 2 : explain INSERT INTO sbtest2 (id, k, c, pad) VALUES (5774135, 13, 'foobar', 'foobar')
	-> Insert into sbtest2
    -> Rows fetched before execution


table 3 : explain INSERT INTO sbtest3 (id, k, c, pad) VALUES (8035218, 13, 'foobar', 'foobar')
	-> Insert into sbtest3
    -> Rows fetched before execution


table 4 : explain INSERT INTO sbtest4 (id, k, c, pad) VALUES (3134233, 13, 'foobar', 'foobar')
	-> Insert into sbtest4
    -> Rows fetched before execution


table 5 : explain INSERT INTO sbtest5 (id, k, c, pad) VALUES (9359499, 13, 'foobar', 'foobar')
	-> Insert into sbtest5
    -> Rows fetched before execution


table 6 : explain INSERT INTO sbtest6 (id, k, c, pad) VALUES (9786990, 13, 'foobar', 'foobar')
	-> Insert into sbtest6
    -> Rows fetched before execution


table 7 : explain INSERT INTO sbtest7 (id, k, c, pad) VALUES (7431880, 13, 'foobar', 'foobar')
	-> Insert into sbtest7
    -> Rows fetched before execution


table 8 : explain INSERT INTO sbtest8 (id, k, c, pad) VALUES (9014607, 13, 'foobar', 'foobar')
	-> Insert into sbtest8
    -> Rows fetched before execution


for inserts
table 1 : explain INSERT INTO sbtest1 (id, k, c, pad) VALUES (5215162, 13, 'foobar', 'foobar')
	-> Insert into sbtest1
    -> Rows fetched before execution


table 2 : explain INSERT INTO sbtest2 (id, k, c, pad) VALUES (3657056, 13, 'foobar', 'foobar')
	-> Insert into sbtest2
    -> Rows fetched before execution


table 3 : explain INSERT INTO sbtest3 (id, k, c, pad) VALUES (4386835, 13, 'foobar', 'foobar')
	-> Insert into sbtest3
    -> Rows fetched before execution


table 4 : explain INSERT INTO sbtest4 (id, k, c, pad) VALUES (1528418, 13, 'foobar', 'foobar')
	-> Insert into sbtest4
    -> Rows fetched before execution


table 5 : explain INSERT INTO sbtest5 (id, k, c, pad) VALUES (5937327, 13, 'foobar', 'foobar')
	-> Insert into sbtest5
    -> Rows fetched before execution


table 6 : explain INSERT INTO sbtest6 (id, k, c, pad) VALUES (933727, 13, 'foobar', 'foobar')
	-> Insert into sbtest6
    -> Rows fetched before execution


table 7 : explain INSERT INTO sbtest7 (id, k, c, pad) VALUES (61354, 13, 'foobar', 'foobar')
	-> Insert into sbtest7
    -> Rows fetched before execution


table 8 : explain INSERT INTO sbtest8 (id, k, c, pad) VALUES (7988053, 13, 'foobar', 'foobar')
	-> Insert into sbtest8
    -> Rows fetched before execution


for inserts
table 1 : explain INSERT INTO sbtest1 (id, k, c, pad) VALUES (8347507, 13, 'foobar', 'foobar')
	-> Insert into sbtest1
    -> Rows fetched before execution


table 2 : explain INSERT INTO sbtest2 (id, k, c, pad) VALUES (3359433, 13, 'foobar', 'foobar')
	-> Insert into sbtest2
    -> Rows fetched before execution


table 3 : explain INSERT INTO sbtest3 (id, k, c, pad) VALUES (2373975, 13, 'foobar', 'foobar')
	-> Insert into sbtest3
    -> Rows fetched before execution


table 4 : explain INSERT INTO sbtest4 (id, k, c, pad) VALUES (3240742, 13, 'foobar', 'foobar')
	-> Insert into sbtest4
    -> Rows fetched before execution


table 5 : explain INSERT INTO sbtest5 (id, k, c, pad) VALUES (2148839, 13, 'foobar', 'foobar')
	-> Insert into sbtest5
    -> Rows fetched before execution


table 6 : explain INSERT INTO sbtest6 (id, k, c, pad) VALUES (7042957, 13, 'foobar', 'foobar')
	-> Insert into sbtest6
    -> Rows fetched before execution


table 7 : explain INSERT INTO sbtest7 (id, k, c, pad) VALUES (2574528, 13, 'foobar', 'foobar')
	-> Insert into sbtest7
    -> Rows fetched before execution


table 8 : explain INSERT INTO sbtest8 (id, k, c, pad) VALUES (7529466, 13, 'foobar', 'foobar')
	-> Insert into sbtest8
    -> Rows fetched before execution


for inserts
table 1 : explain INSERT INTO sbtest1 (id, k, c, pad) VALUES (8167419, 13, 'foobar', 'foobar')
	-> Insert into sbtest1
    -> Rows fetched before execution


table 2 : explain INSERT INTO sbtest2 (id, k, c, pad) VALUES (6076130, 13, 'foobar', 'foobar')
	-> Insert into sbtest2
    -> Rows fetched before execution


table 3 : explain INSERT INTO sbtest3 (id, k, c, pad) VALUES (8052075, 13, 'foobar', 'foobar')
	-> Insert into sbtest3
    -> Rows fetched before execution


table 4 : explain INSERT INTO sbtest4 (id, k, c, pad) VALUES (7683315, 13, 'foobar', 'foobar')
	-> Insert into sbtest4
    -> Rows fetched before execution


table 5 : explain INSERT INTO sbtest5 (id, k, c, pad) VALUES (4044314, 13, 'foobar', 'foobar')
	-> Insert into sbtest5
    -> Rows fetched before execution


table 6 : explain INSERT INTO sbtest6 (id, k, c, pad) VALUES (5110872, 13, 'foobar', 'foobar')
	-> Insert into sbtest6
    -> Rows fetched before execution


table 7 : explain INSERT INTO sbtest7 (id, k, c, pad) VALUES (9010278, 13, 'foobar', 'foobar')
	-> Insert into sbtest7
    -> Rows fetched before execution


table 8 : explain INSERT INTO sbtest8 (id, k, c, pad) VALUES (6974040, 13, 'foobar', 'foobar')
	-> Insert into sbtest8
    -> Rows fetched before execution


explain: for inserts :: explain INSERT INTO sbtest%u (id, k, c, pad) VALUES (%u, 13, 'foobar', 'foobar')
for inserts
table 1 : explain INSERT INTO sbtest1 (id, k, c, pad) VALUES (5076414, 13, 'foobar', 'foobar')
	-> Insert into sbtest1
    -> Rows fetched before execution


table 2 : explain INSERT INTO sbtest2 (id, k, c, pad) VALUES (9339957, 13, 'foobar', 'foobar')
	-> Insert into sbtest2
    -> Rows fetched before execution


table 3 : explain INSERT INTO sbtest3 (id, k, c, pad) VALUES (3094270, 13, 'foobar', 'foobar')
	-> Insert into sbtest3
    -> Rows fetched before execution


table 4 : explain INSERT INTO sbtest4 (id, k, c, pad) VALUES (6936318, 13, 'foobar', 'foobar')
	-> Insert into sbtest4
    -> Rows fetched before execution


table 5 : explain INSERT INTO sbtest5 (id, k, c, pad) VALUES (86636, 13, 'foobar', 'foobar')
	-> Insert into sbtest5
    -> Rows fetched before execution


table 6 : explain INSERT INTO sbtest6 (id, k, c, pad) VALUES (9447657, 13, 'foobar', 'foobar')
	-> Insert into sbtest6
    -> Rows fetched before execution


table 7 : explain INSERT INTO sbtest7 (id, k, c, pad) VALUES (8607906, 13, 'foobar', 'foobar')
	-> Insert into sbtest7
    -> Rows fetched before execution


table 8 : explain INSERT INTO sbtest8 (id, k, c, pad) VALUES (7257312, 13, 'foobar', 'foobar')
	-> Insert into sbtest8
    -> Rows fetched before execution


for deletes
table 1 : explain DELETE FROM sbtest1 WHERE id=1545290
	-> <not executable by iterator executor>


table 2 : explain DELETE FROM sbtest2 WHERE id=2464424
	-> <not executable by iterator executor>


table 3 : explain DELETE FROM sbtest3 WHERE id=7277907
	-> <not executable by iterator executor>


table 4 : explain DELETE FROM sbtest4 WHERE id=9309322
	-> <not executable by iterator executor>


table 5 : explain DELETE FROM sbtest5 WHERE id=2267743
	-> <not executable by iterator executor>


table 6 : explain DELETE FROM sbtest6 WHERE id=3009648
	-> <not executable by iterator executor>


table 7 : explain DELETE FROM sbtest7 WHERE id=4043655
	-> <not executable by iterator executor>


table 8 : explain DELETE FROM sbtest8 WHERE id=1502447
	-> <not executable by iterator executor>


for inserts
table 1 : explain INSERT INTO sbtest1 (id, k, c, pad) VALUES (5836680, 13, 'foobar', 'foobar')
	-> Insert into sbtest1
    -> Rows fetched before execution


table 2 : explain INSERT INTO sbtest2 (id, k, c, pad) VALUES (2648734, 13, 'foobar', 'foobar')
	-> Insert into sbtest2
    -> Rows fetched before execution


table 3 : explain INSERT INTO sbtest3 (id, k, c, pad) VALUES (6767468, 13, 'foobar', 'foobar')
	-> Insert into sbtest3
    -> Rows fetched before execution


table 4 : explain INSERT INTO sbtest4 (id, k, c, pad) VALUES (9266025, 13, 'foobar', 'foobar')
	-> Insert into sbtest4
    -> Rows fetched before execution


table 5 : explain INSERT INTO sbtest5 (id, k, c, pad) VALUES (5389527, 13, 'foobar', 'foobar')
	-> Insert into sbtest5
    -> Rows fetched before execution


table 6 : explain INSERT INTO sbtest6 (id, k, c, pad) VALUES (1876563, 13, 'foobar', 'foobar')
	-> Insert into sbtest6
    -> Rows fetched before execution


table 7 : explain INSERT INTO sbtest7 (id, k, c, pad) VALUES (8822900, 13, 'foobar', 'foobar')
	-> Insert into sbtest7
    -> Rows fetched before execution


table 8 : explain INSERT INTO sbtest8 (id, k, c, pad) VALUES (2149501, 13, 'foobar', 'foobar')
	-> Insert into sbtest8
    -> Rows fetched before execution


for deletes
table 1 : explain DELETE FROM sbtest1 WHERE id=7794589
	-> <not executable by iterator executor>


table 2 : explain DELETE FROM sbtest2 WHERE id=4410024
	-> <not executable by iterator executor>


table 3 : explain DELETE FROM sbtest3 WHERE id=5971652
	-> <not executable by iterator executor>


table 4 : explain DELETE FROM sbtest4 WHERE id=6793180
	-> <not executable by iterator executor>


table 5 : explain DELETE FROM sbtest5 WHERE id=4610739
	-> <not executable by iterator executor>


table 6 : explain DELETE FROM sbtest6 WHERE id=3106853
	-> <not executable by iterator executor>


table 7 : explain DELETE FROM sbtest7 WHERE id=1360202
	-> <not executable by iterator executor>


table 8 : explain DELETE FROM sbtest8 WHERE id=9264183
	-> <not executable by iterator executor>


for inserts
table 1 : explain INSERT INTO sbtest1 (id, k, c, pad) VALUES (4070612, 13, 'foobar', 'foobar')
	-> Insert into sbtest1
    -> Rows fetched before execution


table 2 : explain INSERT INTO sbtest2 (id, k, c, pad) VALUES (1795290, 13, 'foobar', 'foobar')
	-> Insert into sbtest2
    -> Rows fetched before execution


table 3 : explain INSERT INTO sbtest3 (id, k, c, pad) VALUES (5383264, 13, 'foobar', 'foobar')
	-> Insert into sbtest3
    -> Rows fetched before execution


table 4 : explain INSERT INTO sbtest4 (id, k, c, pad) VALUES (9892792, 13, 'foobar', 'foobar')
	-> Insert into sbtest4
    -> Rows fetched before execution


table 5 : explain INSERT INTO sbtest5 (id, k, c, pad) VALUES (9978161, 13, 'foobar', 'foobar')
	-> Insert into sbtest5
    -> Rows fetched before execution


table 6 : explain INSERT INTO sbtest6 (id, k, c, pad) VALUES (5640686, 13, 'foobar', 'foobar')
	-> Insert into sbtest6
    -> Rows fetched before execution


table 7 : explain INSERT INTO sbtest7 (id, k, c, pad) VALUES (516508, 13, 'foobar', 'foobar')
	-> Insert into sbtest7
    -> Rows fetched before execution


table 8 : explain INSERT INTO sbtest8 (id, k, c, pad) VALUES (8439431, 13, 'foobar', 'foobar')
	-> Insert into sbtest8
    -> Rows fetched before execution


for inserts
table 1 : explain INSERT INTO sbtest1 (id, k, c, pad) VALUES (6349711, 13, 'foobar', 'foobar')
	-> Insert into sbtest1
    -> Rows fetched before execution


table 2 : explain INSERT INTO sbtest2 (id, k, c, pad) VALUES (2362819, 13, 'foobar', 'foobar')
	-> Insert into sbtest2
    -> Rows fetched before execution


table 3 : explain INSERT INTO sbtest3 (id, k, c, pad) VALUES (3858935, 13, 'foobar', 'foobar')
	-> Insert into sbtest3
    -> Rows fetched before execution


table 4 : explain INSERT INTO sbtest4 (id, k, c, pad) VALUES (4263760, 13, 'foobar', 'foobar')
	-> Insert into sbtest4
    -> Rows fetched before execution


table 5 : explain INSERT INTO sbtest5 (id, k, c, pad) VALUES (7781854, 13, 'foobar', 'foobar')
	-> Insert into sbtest5
    -> Rows fetched before execution


table 6 : explain INSERT INTO sbtest6 (id, k, c, pad) VALUES (2520617, 13, 'foobar', 'foobar')
	-> Insert into sbtest6
    -> Rows fetched before execution


table 7 : explain INSERT INTO sbtest7 (id, k, c, pad) VALUES (8739054, 13, 'foobar', 'foobar')
	-> Insert into sbtest7
    -> Rows fetched before execution


table 8 : explain INSERT INTO sbtest8 (id, k, c, pad) VALUES (938749, 13, 'foobar', 'foobar')
	-> Insert into sbtest8
    -> Rows fetched before execution


explain: for deletes :: explain DELETE FROM sbtest%u WHERE id=%u
for inserts
table 1 : explain INSERT INTO sbtest1 (id, k, c, pad) VALUES (5098953, 13, 'foobar', 'foobar')
	-> Insert into sbtest1
    -> Rows fetched before execution


table 2 : explain INSERT INTO sbtest2 (id, k, c, pad) VALUES (8651896, 13, 'foobar', 'foobar')
	-> Insert into sbtest2
    -> Rows fetched before execution


table 3 : explain INSERT INTO sbtest3 (id, k, c, pad) VALUES (2358192, 13, 'foobar', 'foobar')
	-> Insert into sbtest3
    -> Rows fetched before execution


table 4 : explain INSERT INTO sbtest4 (id, k, c, pad) VALUES (3816247, 13, 'foobar', 'foobar')
	-> Insert into sbtest4
    -> Rows fetched before execution


table 5 : explain INSERT INTO sbtest5 (id, k, c, pad) VALUES (5764483, 13, 'foobar', 'foobar')
	-> Insert into sbtest5
    -> Rows fetched before execution


table 6 : explain INSERT INTO sbtest6 (id, k, c, pad) VALUES (8212919, 13, 'foobar', 'foobar')
	-> Insert into sbtest6
    -> Rows fetched before execution


table 7 : explain INSERT INTO sbtest7 (id, k, c, pad) VALUES (5203143, 13, 'foobar', 'foobar')
	-> Insert into sbtest7
    -> Rows fetched before execution


table 8 : explain INSERT INTO sbtest8 (id, k, c, pad) VALUES (7302404, 13, 'foobar', 'foobar')
	-> Insert into sbtest8
    -> Rows fetched before execution


for inserts
table 1 : explain INSERT INTO sbtest1 (id, k, c, pad) VALUES (6316200, 13, 'foobar', 'foobar')
	-> Insert into sbtest1
    -> Rows fetched before execution


table 2 : explain INSERT INTO sbtest2 (id, k, c, pad) VALUES (6539469, 13, 'foobar', 'foobar')
	-> Insert into sbtest2
    -> Rows fetched before execution


table 3 : explain INSERT INTO sbtest3 (id, k, c, pad) VALUES (7278351, 13, 'foobar', 'foobar')
	-> Insert into sbtest3
    -> Rows fetched before execution


table 4 : explain INSERT INTO sbtest4 (id, k, c, pad) VALUES (8330885, 13, 'foobar', 'foobar')
	-> Insert into sbtest4
    -> Rows fetched before execution


table 5 : explain INSERT INTO sbtest5 (id, k, c, pad) VALUES (3514249, 13, 'foobar', 'foobar')
	-> Insert into sbtest5
    -> Rows fetched before execution


table 6 : explain INSERT INTO sbtest6 (id, k, c, pad) VALUES (7370435, 13, 'foobar', 'foobar')
	-> Insert into sbtest6
    -> Rows fetched before execution


table 7 : explain INSERT INTO sbtest7 (id, k, c, pad) VALUES (1418537, 13, 'foobar', 'foobar')
	-> Insert into sbtest7
    -> Rows fetched before execution


table 8 : explain INSERT INTO sbtest8 (id, k, c, pad) VALUES (6255328, 13, 'foobar', 'foobar')
	-> Insert into sbtest8
    -> Rows fetched before execution


for inserts
table 1 : explain INSERT INTO sbtest1 (id, k, c, pad) VALUES (6519630, 13, 'foobar', 'foobar')
	-> Insert into sbtest1
    -> Rows fetched before execution


table 2 : explain INSERT INTO sbtest2 (id, k, c, pad) VALUES (7080433, 13, 'foobar', 'foobar')
	-> Insert into sbtest2
    -> Rows fetched before execution


table 3 : explain INSERT INTO sbtest3 (id, k, c, pad) VALUES (626062, 13, 'foobar', 'foobar')
	-> Insert into sbtest3
    -> Rows fetched before execution


table 4 : explain INSERT INTO sbtest4 (id, k, c, pad) VALUES (917557, 13, 'foobar', 'foobar')
	-> Insert into sbtest4
    -> Rows fetched before execution


table 5 : explain INSERT INTO sbtest5 (id, k, c, pad) VALUES (9468761, 13, 'foobar', 'foobar')
	-> Insert into sbtest5
    -> Rows fetched before execution


table 6 : explain INSERT INTO sbtest6 (id, k, c, pad) VALUES (4554864, 13, 'foobar', 'foobar')
	-> Insert into sbtest6
    -> Rows fetched before execution


table 7 : explain INSERT INTO sbtest7 (id, k, c, pad) VALUES (2046872, 13, 'foobar', 'foobar')
	-> Insert into sbtest7
    -> Rows fetched before execution


table 8 : explain INSERT INTO sbtest8 (id, k, c, pad) VALUES (6478990, 13, 'foobar', 'foobar')
	-> Insert into sbtest8
    -> Rows fetched before execution


for inserts
table 1 : explain INSERT INTO sbtest1 (id, k, c, pad) VALUES (4272624, 13, 'foobar', 'foobar')
	-> Insert into sbtest1
    -> Rows fetched before execution


table 2 : explain INSERT INTO sbtest2 (id, k, c, pad) VALUES (5289552, 13, 'foobar', 'foobar')
	-> Insert into sbtest2
    -> Rows fetched before execution


table 3 : explain INSERT INTO sbtest3 (id, k, c, pad) VALUES (3815177, 13, 'foobar', 'foobar')
	-> Insert into sbtest3
    -> Rows fetched before execution


table 4 : explain INSERT INTO sbtest4 (id, k, c, pad) VALUES (4998451, 13, 'foobar', 'foobar')
	-> Insert into sbtest4
    -> Rows fetched before execution


table 5 : explain INSERT INTO sbtest5 (id, k, c, pad) VALUES (1553135, 13, 'foobar', 'foobar')
	-> Insert into sbtest5
    -> Rows fetched before execution


table 6 : explain INSERT INTO sbtest6 (id, k, c, pad) VALUES (5027955, 13, 'foobar', 'foobar')
	-> Insert into sbtest6
    -> Rows fetched before execution


table 7 : explain INSERT INTO sbtest7 (id, k, c, pad) VALUES (96944, 13, 'foobar', 'foobar')
	-> Insert into sbtest7
    -> Rows fetched before execution


table 8 : explain INSERT INTO sbtest8 (id, k, c, pad) VALUES (9960919, 13, 'foobar', 'foobar')
	-> Insert into sbtest8
    -> Rows fetched before execution

for deletes
table 1 : explain DELETE FROM sbtest1 WHERE id=5874758
	-> <not executable by iterator executor>


table 2 : explain DELETE FROM sbtest2 WHERE id=1449542
	-> <not executable by iterator executor>


table 3 : explain DELETE FROM sbtest3 WHERE id=820941
	-> <not executable by iterator executor>


table 4 : explain DELETE FROM sbtest4 WHERE id=8201943
	-> <not executable by iterator executor>


table 5 : explain DELETE FROM sbtest5 WHERE id=2194310
	-> <not executable by iterator executor>


table 6 : explain DELETE FROM sbtest6 WHERE id=7475569
	-> <not executable by iterator executor>


table 7 : explain DELETE FROM sbtest7 WHERE id=538530
	-> <not executable by iterator executor>


table 8 : explain DELETE FROM sbtest8 WHERE id=8428843
	-> <not executable by iterator executor>



explain: for inserts :: explain INSERT INTO sbtest%u (id, k, c, pad) VALUES (%u, 13, 'foobar', 'foobar')
explain: for inserts :: explain INSERT INTO sbtest%u (id, k, c, pad) VALUES (%u, 13, 'foobar', 'foobar')
for inserts
table 1 : explain INSERT INTO sbtest1 (id, k, c, pad) VALUES (5437405, 13, 'foobar', 'foobar')
	-> Insert into sbtest1
    -> Rows fetched before execution


table 2 : explain INSERT INTO sbtest2 (id, k, c, pad) VALUES (7128469, 13, 'foobar', 'foobar')
	-> Insert into sbtest2
    -> Rows fetched before execution


table 3 : explain INSERT INTO sbtest3 (id, k, c, pad) VALUES (4561239, 13, 'foobar', 'foobar')
	-> Insert into sbtest3
    -> Rows fetched before execution


table 4 : explain INSERT INTO sbtest4 (id, k, c, pad) VALUES (5083741, 13, 'foobar', 'foobar')
	-> Insert into sbtest4
    -> Rows fetched before execution


table 5 : explain INSERT INTO sbtest5 (id, k, c, pad) VALUES (8689864, 13, 'foobar', 'foobar')
	-> Insert into sbtest5
    -> Rows fetched before execution


table 6 : explain INSERT INTO sbtest6 (id, k, c, pad) VALUES (3322766, 13, 'foobar', 'foobar')
	-> Insert into sbtest6
    -> Rows fetched before execution


table 7 : explain INSERT INTO sbtest7 (id, k, c, pad) VALUES (5198230, 13, 'foobar', 'foobar')
	-> Insert into sbtest7
    -> Rows fetched before execution


table 8 : explain INSERT INTO sbtest8 (id, k, c, pad) VALUES (5008398, 13, 'foobar', 'foobar')
	-> Insert into sbtest8
    -> Rows fetched before execution


explain: for inserts :: explain INSERT INTO sbtest%u (id, k, c, pad) VALUES (%u, 13, 'foobar', 'foobar')
for deletes
table 1 : explain DELETE FROM sbtest1 WHERE id=3017427
	-> <not executable by iterator executor>


table 2 : explain DELETE FROM sbtest2 WHERE id=5041483
	-> <not executable by iterator executor>


table 3 : explain DELETE FROM sbtest3 WHERE id=9686394
	-> <not executable by iterator executor>


table 4 : explain DELETE FROM sbtest4 WHERE id=5939634
	-> <not executable by iterator executor>


table 5 : explain DELETE FROM sbtest5 WHERE id=3961033
	-> <not executable by iterator executor>


table 6 : explain DELETE FROM sbtest6 WHERE id=2880194
	-> <not executable by iterator executor>


table 7 : explain DELETE FROM sbtest7 WHERE id=8392477
	-> <not executable by iterator executor>


table 8 : explain DELETE FROM sbtest8 WHERE id=5741276
	-> <not executable by iterator executor>


explain: for inserts :: explain INSERT INTO sbtest%u (id, k, c, pad) VALUES (%u, 13, 'foobar', 'foobar')
for inserts
table 1 : explain INSERT INTO sbtest1 (id, k, c, pad) VALUES (7385845, 13, 'foobar', 'foobar')
	-> Insert into sbtest1
    -> Rows fetched before execution


table 2 : explain INSERT INTO sbtest2 (id, k, c, pad) VALUES (2897214, 13, 'foobar', 'foobar')
	-> Insert into sbtest2
    -> Rows fetched before execution


table 3 : explain INSERT INTO sbtest3 (id, k, c, pad) VALUES (5281539, 13, 'foobar', 'foobar')
	-> Insert into sbtest3
    -> Rows fetched before execution


table 4 : explain INSERT INTO sbtest4 (id, k, c, pad) VALUES (6412641, 13, 'foobar', 'foobar')
	-> Insert into sbtest4
    -> Rows fetched before execution


table 5 : explain INSERT INTO sbtest5 (id, k, c, pad) VALUES (4768380, 13, 'foobar', 'foobar')
	-> Insert into sbtest5
    -> Rows fetched before execution


table 6 : explain INSERT INTO sbtest6 (id, k, c, pad) VALUES (1555301, 13, 'foobar', 'foobar')
	-> Insert into sbtest6
    -> Rows fetched before execution


table 7 : explain INSERT INTO sbtest7 (id, k, c, pad) VALUES (7778468, 13, 'foobar', 'foobar')
	-> Insert into sbtest7
    -> Rows fetched before execution


table 8 : explain INSERT INTO sbtest8 (id, k, c, pad) VALUES (4071818, 13, 'foobar', 'foobar')
	-> Insert into sbtest8
    -> Rows fetched before execution


for inserts
table 1 : explain INSERT INTO sbtest1 (id, k, c, pad) VALUES (3874999, 13, 'foobar', 'foobar')
	-> Insert into sbtest1
    -> Rows fetched before execution


table 2 : explain INSERT INTO sbtest2 (id, k, c, pad) VALUES (102202, 13, 'foobar', 'foobar')
	-> Insert into sbtest2
    -> Rows fetched before execution


table 3 : explain INSERT INTO sbtest3 (id, k, c, pad) VALUES (7924483, 13, 'foobar', 'foobar')
	-> Insert into sbtest3
    -> Rows fetched before execution


table 4 : explain INSERT INTO sbtest4 (id, k, c, pad) VALUES (3809976, 13, 'foobar', 'foobar')
	-> Insert into sbtest4
    -> Rows fetched before execution


table 5 : explain INSERT INTO sbtest5 (id, k, c, pad) VALUES (4803114, 13, 'foobar', 'foobar')
	-> Insert into sbtest5
    -> Rows fetched before execution


table 6 : explain INSERT INTO sbtest6 (id, k, c, pad) VALUES (2230018, 13, 'foobar', 'foobar')
	-> Insert into sbtest6
    -> Rows fetched before execution


table 7 : explain INSERT INTO sbtest7 (id, k, c, pad) VALUES (9715578, 13, 'foobar', 'foobar')
	-> Insert into sbtest7
    -> Rows fetched before execution


table 8 : explain INSERT INTO sbtest8 (id, k, c, pad) VALUES (4052616, 13, 'foobar', 'foobar')
	-> Insert into sbtest8
    -> Rows fetched before execution


explain: for inserts :: explain INSERT INTO sbtest%u (id, k, c, pad) VALUES (%u, 13, 'foobar', 'foobar')
explain: for inserts :: explain INSERT INTO sbtest%u (id, k, c, pad) VALUES (%u, 13, 'foobar', 'foobar')
explain: for inserts :: explain INSERT INTO sbtest%u (id, k, c, pad) VALUES (%u, 13, 'foobar', 'foobar')
for inserts
table 1 : explain INSERT INTO sbtest1 (id, k, c, pad) VALUES (4444320, 13, 'foobar', 'foobar')
	-> Insert into sbtest1
    -> Rows fetched before execution


table 2 : explain INSERT INTO sbtest2 (id, k, c, pad) VALUES (8489593, 13, 'foobar', 'foobar')
	-> Insert into sbtest2
    -> Rows fetched before execution


table 3 : explain INSERT INTO sbtest3 (id, k, c, pad) VALUES (334596, 13, 'foobar', 'foobar')
	-> Insert into sbtest3
    -> Rows fetched before execution


table 4 : explain INSERT INTO sbtest4 (id, k, c, pad) VALUES (8919530, 13, 'foobar', 'foobar')
	-> Insert into sbtest4
    -> Rows fetched before execution


table 5 : explain INSERT INTO sbtest5 (id, k, c, pad) VALUES (8864313, 13, 'foobar', 'foobar')
	-> Insert into sbtest5
    -> Rows fetched before execution


table 6 : explain INSERT INTO sbtest6 (id, k, c, pad) VALUES (9222274, 13, 'foobar', 'foobar')
	-> Insert into sbtest6
    -> Rows fetched before execution


table 7 : explain INSERT INTO sbtest7 (id, k, c, pad) VALUES (1173377, 13, 'foobar', 'foobar')
	-> Insert into sbtest7
    -> Rows fetched before execution


table 8 : explain INSERT INTO sbtest8 (id, k, c, pad) VALUES (5106970, 13, 'foobar', 'foobar')
	-> Insert into sbtest8
    -> Rows fetched before execution


for inserts
table 1 : explain INSERT INTO sbtest1 (id, k, c, pad) VALUES (4480884, 13, 'foobar', 'foobar')
	-> Insert into sbtest1
    -> Rows fetched before execution


table 2 : explain INSERT INTO sbtest2 (id, k, c, pad) VALUES (6598273, 13, 'foobar', 'foobar')
	-> Insert into sbtest2
    -> Rows fetched before execution


table 3 : explain INSERT INTO sbtest3 (id, k, c, pad) VALUES (7583131, 13, 'foobar', 'foobar')
	-> Insert into sbtest3
    -> Rows fetched before execution


table 4 : explain INSERT INTO sbtest4 (id, k, c, pad) VALUES (5568633, 13, 'foobar', 'foobar')
	-> Insert into sbtest4
    -> Rows fetched before execution


table 5 : explain INSERT INTO sbtest5 (id, k, c, pad) VALUES (9634461, 13, 'foobar', 'foobar')
	-> Insert into sbtest5
    -> Rows fetched before execution


table 6 : explain INSERT INTO sbtest6 (id, k, c, pad) VALUES (7134790, 13, 'foobar', 'foobar')
	-> Insert into sbtest6
    -> Rows fetched before execution


table 7 : explain INSERT INTO sbtest7 (id, k, c, pad) VALUES (7254229, 13, 'foobar', 'foobar')
	-> Insert into sbtest7
    -> Rows fetched before execution


table 8 : explain INSERT INTO sbtest8 (id, k, c, pad) VALUES (6482860, 13, 'foobar', 'foobar')
	-> Insert into sbtest8
    -> Rows fetched before execution


explain: for inserts :: explain INSERT INTO sbtest%u (id, k, c, pad) VALUES (%u, 13, 'foobar', 'foobar')
for inserts
table 1 : explain INSERT INTO sbtest1 (id, k, c, pad) VALUES (5663450, 13, 'foobar', 'foobar')
	-> Insert into sbtest1
    -> Rows fetched before execution


table 2 : explain INSERT INTO sbtest2 (id, k, c, pad) VALUES (9492325, 13, 'foobar', 'foobar')
	-> Insert into sbtest2
    -> Rows fetched before execution


table 3 : explain INSERT INTO sbtest3 (id, k, c, pad) VALUES (5610935, 13, 'foobar', 'foobar')
	-> Insert into sbtest3
    -> Rows fetched before execution


table 4 : explain INSERT INTO sbtest4 (id, k, c, pad) VALUES (1592536, 13, 'foobar', 'foobar')
	-> Insert into sbtest4
    -> Rows fetched before execution


table 5 : explain INSERT INTO sbtest5 (id, k, c, pad) VALUES (7201644, 13, 'foobar', 'foobar')
	-> Insert into sbtest5
    -> Rows fetched before execution


table 6 : explain INSERT INTO sbtest6 (id, k, c, pad) VALUES (7069492, 13, 'foobar', 'foobar')
	-> Insert into sbtest6
    -> Rows fetched before execution


table 7 : explain INSERT INTO sbtest7 (id, k, c, pad) VALUES (4711054, 13, 'foobar', 'foobar')
	-> Insert into sbtest7
    -> Rows fetched before execution


table 8 : explain INSERT INTO sbtest8 (id, k, c, pad) VALUES (6676211, 13, 'foobar', 'foobar')
	-> Insert into sbtest8
    -> Rows fetched before execution


for inserts
table 1 : explain INSERT INTO sbtest1 (id, k, c, pad) VALUES (1698863, 13, 'foobar', 'foobar')
	-> Insert into sbtest1
    -> Rows fetched before execution


table 2 : explain INSERT INTO sbtest2 (id, k, c, pad) VALUES (3419040, 13, 'foobar', 'foobar')
	-> Insert into sbtest2
    -> Rows fetched before execution


table 3 : explain INSERT INTO sbtest3 (id, k, c, pad) VALUES (3678315, 13, 'foobar', 'foobar')
	-> Insert into sbtest3
    -> Rows fetched before execution


table 4 : explain INSERT INTO sbtest4 (id, k, c, pad) VALUES (8329937, 13, 'foobar', 'foobar')
	-> Insert into sbtest4
    -> Rows fetched before execution


table 5 : explain INSERT INTO sbtest5 (id, k, c, pad) VALUES (1760898, 13, 'foobar', 'foobar')
	-> Insert into sbtest5
    -> Rows fetched before execution


table 6 : explain INSERT INTO sbtest6 (id, k, c, pad) VALUES (5181418, 13, 'foobar', 'foobar')
	-> Insert into sbtest6
    -> Rows fetched before execution


table 7 : explain INSERT INTO sbtest7 (id, k, c, pad) VALUES (7519029, 13, 'foobar', 'foobar')
	-> Insert into sbtest7
    -> Rows fetched before execution


table 8 : explain INSERT INTO sbtest8 (id, k, c, pad) VALUES (3163516, 13, 'foobar', 'foobar')
	-> Insert into sbtest8
    -> Rows fetched before execution


for inserts
table 1 : explain INSERT INTO sbtest1 (id, k, c, pad) VALUES (6379249, 13, 'foobar', 'foobar')
	-> Insert into sbtest1
    -> Rows fetched before execution


table 2 : explain INSERT INTO sbtest2 (id, k, c, pad) VALUES (8127821, 13, 'foobar', 'foobar')
	-> Insert into sbtest2
    -> Rows fetched before execution


table 3 : explain INSERT INTO sbtest3 (id, k, c, pad) VALUES (8562726, 13, 'foobar', 'foobar')
	-> Insert into sbtest3
    -> Rows fetched before execution


table 4 : explain INSERT INTO sbtest4 (id, k, c, pad) VALUES (7840160, 13, 'foobar', 'foobar')
	-> Insert into sbtest4
    -> Rows fetched before execution


table 5 : explain INSERT INTO sbtest5 (id, k, c, pad) VALUES (3575716, 13, 'foobar', 'foobar')
	-> Insert into sbtest5
    -> Rows fetched before execution


table 6 : explain INSERT INTO sbtest6 (id, k, c, pad) VALUES (7445481, 13, 'foobar', 'foobar')
	-> Insert into sbtest6
    -> Rows fetched before execution


table 7 : explain INSERT INTO sbtest7 (id, k, c, pad) VALUES (9223759, 13, 'foobar', 'foobar')
	-> Insert into sbtest7
    -> Rows fetched before execution


table 8 : explain INSERT INTO sbtest8 (id, k, c, pad) VALUES (5878976, 13, 'foobar', 'foobar')
	-> Insert into sbtest8
    -> Rows fetched before execution


for inserts
table 1 : explain INSERT INTO sbtest1 (id, k, c, pad) VALUES (4827320, 13, 'foobar', 'foobar')
	-> Insert into sbtest1
    -> Rows fetched before execution


table 2 : explain INSERT INTO sbtest2 (id, k, c, pad) VALUES (1743418, 13, 'foobar', 'foobar')
	-> Insert into sbtest2
    -> Rows fetched before execution


table 3 : explain INSERT INTO sbtest3 (id, k, c, pad) VALUES (10212, 13, 'foobar', 'foobar')
	-> Insert into sbtest3
    -> Rows fetched before execution


table 4 : explain INSERT INTO sbtest4 (id, k, c, pad) VALUES (2978080, 13, 'foobar', 'foobar')
	-> Insert into sbtest4
    -> Rows fetched before execution


table 5 : explain INSERT INTO sbtest5 (id, k, c, pad) VALUES (5545143, 13, 'foobar', 'foobar')
	-> Insert into sbtest5
    -> Rows fetched before execution


table 6 : explain INSERT INTO sbtest6 (id, k, c, pad) VALUES (8845831, 13, 'foobar', 'foobar')
	-> Insert into sbtest6
    -> Rows fetched before execution


table 7 : explain INSERT INTO sbtest7 (id, k, c, pad) VALUES (6667985, 13, 'foobar', 'foobar')
	-> Insert into sbtest7
    -> Rows fetched before execution


table 8 : explain INSERT INTO sbtest8 (id, k, c, pad) VALUES (699075, 13, 'foobar', 'foobar')
	-> Insert into sbtest8
    -> Rows fetched before execution


Threads started!

Warming up for 5 seconds...

SQL statistics:
    queries performed:
        read:                            250506826
        write:                           71573457
        other:                           35786699
        total:                           357866982
    transactions:                        17893369 (19240.03 per sec.)
    queries:                             357866982 (384800.12 per sec.)
    ignored errors:                      0      (0.00 per sec.)
    reconnects:                          0      (0.00 per sec.)

Throughput:
    events/s (eps):                      19240.0274
    time elapsed:                        930.0076s
    total number of events:              17893369

Latency (ms):
         min:                                    1.36
         avg:                                    2.08
         max:                                  184.64
         95th percentile:                        3.13
         sum:                             37182264.24

Threads fairness:
    events (avg/stddev):           447333.9500/1996.45
    execution time (avg/stddev):   929.5566/0.01

