LUA_PATH=/home/mdcallag/git/mytools/bench/sysbench.lua/lua/?.lua /home/mdcallag/git/mytools/bench/sysbench.lua/lua/sysbench --db-driver=mysql --range-size=100 --table-size=10000000 --tables=8 --threads=40 --events=0 --warmup-time=5 --time=60 /home/mdcallag/git/mytools/bench/sysbench.lua/lua/oltp_scan.lua run --mysql-user=root --mysql-password=pw --mysql-host=127.0.0.1 --mysql-db=test --rand-type=uniform
48 CPUs
sysbench 1.1.0-9072687 (using bundled LuaJIT 2.1.0-beta3)

Running the test with following options:
Number of threads: 40
Warmup time: 5s
Initializing random number generator from current time


Initializing worker threads...

explain: for scan :: explain SELECT * from sbtest%d WHERE LENGTH(c) < 0
explain: for scan :: explain SELECT * from sbtest%d WHERE LENGTH(c) < 0
explain: for scan :: explain SELECT * from sbtest%d WHERE LENGTH(c) < 0
explain: for scan :: explain SELECT * from sbtest%d WHERE LENGTH(c) < 0
explain: for scan :: explain SELECT * from sbtest%d WHERE LENGTH(c) < 0explain: for scan :: explain SELECT * from sbtest%d WHERE LENGTH(c) < 0
explain: for scan :: explain SELECT * from sbtest%d WHERE LENGTH(c) < 0
explain: for scan :: explain SELECT * from sbtest%d WHERE LENGTH(c) < 0
explain: for scan :: explain SELECT * from sbtest%d WHERE LENGTH(c) < 0
explain: for scan :: explain SELECT * from sbtest%d WHERE LENGTH(c) < 0
explain: for scan :: explain SELECT * from sbtest%d WHERE LENGTH(c) < 0
explain: for scan :: explain SELECT * from sbtest%d WHERE LENGTH(c) < 0
explain: for scan :: explain SELECT * from sbtest%d WHERE LENGTH(c) < 0
explain: for scan :: explain SELECT * from sbtest%d WHERE LENGTH(c) < 0explain: for scan :: explain SELECT * from sbtest%d WHERE LENGTH(c) < 0
explain: for scan :: explain SELECT * from sbtest%d WHERE LENGTH(c) < 0
explain: for scan :: explain SELECT * from sbtest%d WHERE LENGTH(c) < 0
explain: for scan :: explain SELECT * from sbtest%d WHERE LENGTH(c) < 0

explain: for scan :: explain SELECT * from sbtest%d WHERE LENGTH(c) < 0

explain: for scan :: explain SELECT * from sbtest%d WHERE LENGTH(c) < 0
explain: for scan :: explain SELECT * from sbtest%d WHERE LENGTH(c) < 0explain: for scan :: explain SELECT * from sbtest%d WHERE LENGTH(c) < 0

explain: for scan :: explain SELECT * from sbtest%d WHERE LENGTH(c) < 0
explain: for scan :: explain SELECT * from sbtest%d WHERE LENGTH(c) < 0
explain: for scan :: explain SELECT * from sbtest%d WHERE LENGTH(c) < 0
for scan
table 1 : explain SELECT * from sbtest1 WHERE LENGTH(c) < 0
	-> Filter: (length(sbtest1.c) < 0)  (cost=1.02e+6 rows=9.86e+6)
    -> Table scan on sbtest1  (cost=1.02e+6 rows=9.86e+6)


table 2 : explain SELECT * from sbtest2 WHERE LENGTH(c) < 0
	-> Filter: (length(sbtest2.c) < 0)  (cost=1.02e+6 rows=9.86e+6)
    -> Table scan on sbtest2  (cost=1.02e+6 rows=9.86e+6)


table 3 : explain SELECT * from sbtest3 WHERE LENGTH(c) < 0
	-> Filter: (length(sbtest3.c) < 0)  (cost=1.02e+6 rows=9.86e+6)
    -> Table scan on sbtest3  (cost=1.02e+6 rows=9.86e+6)


table 4 : explain SELECT * from sbtest4 WHERE LENGTH(c) < 0
	-> Filter: (length(sbtest4.c) < 0)  (cost=1.02e+6 rows=9.86e+6)
    -> Table scan on sbtest4  (cost=1.02e+6 rows=9.86e+6)


table 5 : explain SELECT * from sbtest5 WHERE LENGTH(c) < 0
	-> Filter: (length(sbtest5.c) < 0)  (cost=1.02e+6 rows=9.86e+6)
    -> Table scan on sbtest5  (cost=1.02e+6 rows=9.86e+6)


table 6 : explain SELECT * from sbtest6 WHERE LENGTH(c) < 0
	-> Filter: (length(sbtest6.c) < 0)  (cost=995391 rows=9.61e+6)
    -> Table scan on sbtest6  (cost=995391 rows=9.61e+6)


table 7 : explain SELECT * from sbtest7 WHERE LENGTH(c) < 0
	-> Filter: (length(sbtest7.c) < 0)  (cost=995391 rows=9.61e+6)
    -> Table scan on sbtest7  (cost=995391 rows=9.61e+6)


table 8 : explain SELECT * from sbtest8 WHERE LENGTH(c) < 0
	-> Filter: (length(sbtest8.c) < 0)  (cost=1.02e+6 rows=9.86e+6)
    -> Table scan on sbtest8  (cost=1.02e+6 rows=9.86e+6)


for scan
table 1 : explain SELECT * from sbtest1 WHERE LENGTH(c) < 0
	-> Filter: (length(sbtest1.c) < 0)  (cost=1.02e+6 rows=9.86e+6)
    -> Table scan on sbtest1  (cost=1.02e+6 rows=9.86e+6)


table 2 : explain SELECT * from sbtest2 WHERE LENGTH(c) < 0
	-> Filter: (length(sbtest2.c) < 0)  (cost=1.02e+6 rows=9.86e+6)
    -> Table scan on sbtest2  (cost=1.02e+6 rows=9.86e+6)


table 3 : explain SELECT * from sbtest3 WHERE LENGTH(c) < 0
	-> Filter: (length(sbtest3.c) < 0)  (cost=1.02e+6 rows=9.86e+6)
    -> Table scan on sbtest3  (cost=1.02e+6 rows=9.86e+6)


table 4 : explain SELECT * from sbtest4 WHERE LENGTH(c) < 0
	-> Filter: (length(sbtest4.c) < 0)  (cost=1.02e+6 rows=9.86e+6)
    -> Table scan on sbtest4  (cost=1.02e+6 rows=9.86e+6)


table 5 : explain SELECT * from sbtest5 WHERE LENGTH(c) < 0
	-> Filter: (length(sbtest5.c) < 0)  (cost=1.02e+6 rows=9.86e+6)
    -> Table scan on sbtest5  (cost=1.02e+6 rows=9.86e+6)


table 6 : explain SELECT * from sbtest6 WHERE LENGTH(c) < 0
	-> Filter: (length(sbtest6.c) < 0)  (cost=995391 rows=9.61e+6)
    -> Table scan on sbtest6  (cost=995391 rows=9.61e+6)


table 7 : explain SELECT * from sbtest7 WHERE LENGTH(c) < 0
	-> Filter: (length(sbtest7.c) < 0)  (cost=995391 rows=9.61e+6)
    -> Table scan on sbtest7  (cost=995391 rows=9.61e+6)


table 8 : explain SELECT * from sbtest8 WHERE LENGTH(c) < 0
	-> Filter: (length(sbtest8.c) < 0)  (cost=1.02e+6 rows=9.86e+6)
    -> Table scan on sbtest8  (cost=1.02e+6 rows=9.86e+6)


for scan
table 1 : explain SELECT * from sbtest1 WHERE LENGTH(c) < 0
	-> Filter: (length(sbtest1.c) < 0)  (cost=1.02e+6 rows=9.86e+6)
    -> Table scan on sbtest1  (cost=1.02e+6 rows=9.86e+6)


table 2 : explain SELECT * from sbtest2 WHERE LENGTH(c) < 0
	-> Filter: (length(sbtest2.c) < 0)  (cost=1.02e+6 rows=9.86e+6)
    -> Table scan on sbtest2  (cost=1.02e+6 rows=9.86e+6)


table 3 : explain SELECT * from sbtest3 WHERE LENGTH(c) < 0
	-> Filter: (length(sbtest3.c) < 0)  (cost=1.02e+6 rows=9.86e+6)
    -> Table scan on sbtest3  (cost=1.02e+6 rows=9.86e+6)


table 4 : explain SELECT * from sbtest4 WHERE LENGTH(c) < 0
	-> Filter: (length(sbtest4.c) < 0)  (cost=1.02e+6 rows=9.86e+6)
    -> Table scan on sbtest4  (cost=1.02e+6 rows=9.86e+6)


table 5 : explain SELECT * from sbtest5 WHERE LENGTH(c) < 0
	-> Filter: (length(sbtest5.c) < 0)  (cost=1.02e+6 rows=9.86e+6)
    -> Table scan on sbtest5  (cost=1.02e+6 rows=9.86e+6)


table 6 : explain SELECT * from sbtest6 WHERE LENGTH(c) < 0
	-> Filter: (length(sbtest6.c) < 0)  (cost=995391 rows=9.61e+6)
    -> Table scan on sbtest6  (cost=995391 rows=9.61e+6)


table 7 : explain SELECT * from sbtest7 WHERE LENGTH(c) < 0
	-> Filter: (length(sbtest7.c) < 0)  (cost=995391 rows=9.61e+6)
    -> Table scan on sbtest7  (cost=995391 rows=9.61e+6)


table 8 : explain SELECT * from sbtest8 WHERE LENGTH(c) < 0
	-> Filter: (length(sbtest8.c) < 0)  (cost=1.02e+6 rows=9.86e+6)
    -> Table scan on sbtest8  (cost=1.02e+6 rows=9.86e+6)


for scan
table 1 : explain SELECT * from sbtest1 WHERE LENGTH(c) < 0
	-> Filter: (length(sbtest1.c) < 0)  (cost=1.02e+6 rows=9.86e+6)
    -> Table scan on sbtest1  (cost=1.02e+6 rows=9.86e+6)


table 2 : explain SELECT * from sbtest2 WHERE LENGTH(c) < 0
	-> Filter: (length(sbtest2.c) < 0)  (cost=1.02e+6 rows=9.86e+6)
    -> Table scan on sbtest2  (cost=1.02e+6 rows=9.86e+6)


table 3 : explain SELECT * from sbtest3 WHERE LENGTH(c) < 0
	-> Filter: (length(sbtest3.c) < 0)  (cost=1.02e+6 rows=9.86e+6)
    -> Table scan on sbtest3  (cost=1.02e+6 rows=9.86e+6)


table 4 : explain SELECT * from sbtest4 WHERE LENGTH(c) < 0
	-> Filter: (length(sbtest4.c) < 0)  (cost=1.02e+6 rows=9.86e+6)
    -> Table scan on sbtest4  (cost=1.02e+6 rows=9.86e+6)


table 5 : explain SELECT * from sbtest5 WHERE LENGTH(c) < 0
	-> Filter: (length(sbtest5.c) < 0)  (cost=1.02e+6 rows=9.86e+6)
    -> Table scan on sbtest5  (cost=1.02e+6 rows=9.86e+6)


table 6 : explain SELECT * from sbtest6 WHERE LENGTH(c) < 0
	-> Filter: (length(sbtest6.c) < 0)  (cost=995391 rows=9.61e+6)
    -> Table scan on sbtest6  (cost=995391 rows=9.61e+6)


table 7 : explain SELECT * from sbtest7 WHERE LENGTH(c) < 0
	-> Filter: (length(sbtest7.c) < 0)  (cost=995391 rows=9.61e+6)
    -> Table scan on sbtest7  (cost=995391 rows=9.61e+6)


table 8 : explain SELECT * from sbtest8 WHERE LENGTH(c) < 0
	-> Filter: (length(sbtest8.c) < 0)  (cost=1.02e+6 rows=9.86e+6)
    -> Table scan on sbtest8  (cost=1.02e+6 rows=9.86e+6)

for scan
table 1 : explain SELECT * from sbtest1 WHERE LENGTH(c) < 0
	-> Filter: (length(sbtest1.c) < 0)  (cost=1.02e+6 rows=9.86e+6)
    -> Table scan on sbtest1  (cost=1.02e+6 rows=9.86e+6)


table 2 : explain SELECT * from sbtest2 WHERE LENGTH(c) < 0
	-> Filter: (length(sbtest2.c) < 0)  (cost=1.02e+6 rows=9.86e+6)
    -> Table scan on sbtest2  (cost=1.02e+6 rows=9.86e+6)


table 3 : explain SELECT * from sbtest3 WHERE LENGTH(c) < 0
	-> Filter: (length(sbtest3.c) < 0)  (cost=1.02e+6 rows=9.86e+6)
    -> Table scan on sbtest3  (cost=1.02e+6 rows=9.86e+6)


table 4 : explain SELECT * from sbtest4 WHERE LENGTH(c) < 0
	-> Filter: (length(sbtest4.c) < 0)  (cost=1.02e+6 rows=9.86e+6)
    -> Table scan on sbtest4  (cost=1.02e+6 rows=9.86e+6)


table 5 : explain SELECT * from sbtest5 WHERE LENGTH(c) < 0
	-> Filter: (length(sbtest5.c) < 0)  (cost=1.02e+6 rows=9.86e+6)
    -> Table scan on sbtest5  (cost=1.02e+6 rows=9.86e+6)


table 6 : explain SELECT * from sbtest6 WHERE LENGTH(c) < 0
	-> Filter: (length(sbtest6.c) < 0)  (cost=995391 rows=9.61e+6)
    -> Table scan on sbtest6  (cost=995391 rows=9.61e+6)


table 7 : explain SELECT * from sbtest7 WHERE LENGTH(c) < 0
	-> Filter: (length(sbtest7.c) < 0)  (cost=995391 rows=9.61e+6)
    -> Table scan on sbtest7  (cost=995391 rows=9.61e+6)


table 8 : explain SELECT * from sbtest8 WHERE LENGTH(c) < 0
	-> Filter: (length(sbtest8.c) < 0)  (cost=1.02e+6 rows=9.86e+6)
    -> Table scan on sbtest8  (cost=1.02e+6 rows=9.86e+6)


for scan
table 1 : explain SELECT * from sbtest1 WHERE LENGTH(c) < 0
	-> Filter: (length(sbtest1.c) < 0)  (cost=1.02e+6 rows=9.86e+6)
    -> Table scan on sbtest1  (cost=1.02e+6 rows=9.86e+6)


table 2 : explain SELECT * from sbtest2 WHERE LENGTH(c) < 0
	-> Filter: (length(sbtest2.c) < 0)  (cost=1.02e+6 rows=9.86e+6)
    -> Table scan on sbtest2  (cost=1.02e+6 rows=9.86e+6)


table 3 : explain SELECT * from sbtest3 WHERE LENGTH(c) < 0
	-> Filter: (length(sbtest3.c) < 0)  (cost=1.02e+6 rows=9.86e+6)
    -> Table scan on sbtest3  (cost=1.02e+6 rows=9.86e+6)


table 4 : explain SELECT * from sbtest4 WHERE LENGTH(c) < 0
	-> Filter: (length(sbtest4.c) < 0)  (cost=1.02e+6 rows=9.86e+6)
    -> Table scan on sbtest4  (cost=1.02e+6 rows=9.86e+6)


table 5 : explain SELECT * from sbtest5 WHERE LENGTH(c) < 0
	-> Filter: (length(sbtest5.c) < 0)  (cost=1.02e+6 rows=9.86e+6)
    -> Table scan on sbtest5  (cost=1.02e+6 rows=9.86e+6)


table 6 : explain SELECT * from sbtest6 WHERE LENGTH(c) < 0
	-> Filter: (length(sbtest6.c) < 0)  (cost=995391 rows=9.61e+6)
    -> Table scan on sbtest6  (cost=995391 rows=9.61e+6)


table 7 : explain SELECT * from sbtest7 WHERE LENGTH(c) < 0
	-> Filter: (length(sbtest7.c) < 0)  (cost=995391 rows=9.61e+6)
    -> Table scan on sbtest7  (cost=995391 rows=9.61e+6)


table 8 : explain SELECT * from sbtest8 WHERE LENGTH(c) < 0
	-> Filter: (length(sbtest8.c) < 0)  (cost=1.02e+6 rows=9.86e+6)
    -> Table scan on sbtest8  (cost=1.02e+6 rows=9.86e+6)



for scan
table 1 : explain SELECT * from sbtest1 WHERE LENGTH(c) < 0
	-> Filter: (length(sbtest1.c) < 0)  (cost=1.02e+6 rows=9.86e+6)
    -> Table scan on sbtest1  (cost=1.02e+6 rows=9.86e+6)


table 2 : explain SELECT * from sbtest2 WHERE LENGTH(c) < 0
	-> Filter: (length(sbtest2.c) < 0)  (cost=1.02e+6 rows=9.86e+6)
    -> Table scan on sbtest2  (cost=1.02e+6 rows=9.86e+6)


table 3 : explain SELECT * from sbtest3 WHERE LENGTH(c) < 0
	-> Filter: (length(sbtest3.c) < 0)  (cost=1.02e+6 rows=9.86e+6)
    -> Table scan on sbtest3  (cost=1.02e+6 rows=9.86e+6)


table 4 : explain SELECT * from sbtest4 WHERE LENGTH(c) < 0
	-> Filter: (length(sbtest4.c) < 0)  (cost=1.02e+6 rows=9.86e+6)
    -> Table scan on sbtest4  (cost=1.02e+6 rows=9.86e+6)


table 5 : explain SELECT * from sbtest5 WHERE LENGTH(c) < 0
	-> Filter: (length(sbtest5.c) < 0)  (cost=1.02e+6 rows=9.86e+6)
    -> Table scan on sbtest5  (cost=1.02e+6 rows=9.86e+6)


table 6 : explain SELECT * from sbtest6 WHERE LENGTH(c) < 0
	-> Filter: (length(sbtest6.c) < 0)  (cost=995391 rows=9.61e+6)
    -> Table scan on sbtest6  (cost=995391 rows=9.61e+6)


table 7 : explain SELECT * from sbtest7 WHERE LENGTH(c) < 0
	-> Filter: (length(sbtest7.c) < 0)  (cost=995391 rows=9.61e+6)
    -> Table scan on sbtest7  (cost=995391 rows=9.61e+6)


table 8 : explain SELECT * from sbtest8 WHERE LENGTH(c) < 0
	-> Filter: (length(sbtest8.c) < 0)  (cost=1.02e+6 rows=9.86e+6)
    -> Table scan on sbtest8  (cost=1.02e+6 rows=9.86e+6)

for scan
table 1 : explain SELECT * from sbtest1 WHERE LENGTH(c) < 0
	-> Filter: (length(sbtest1.c) < 0)  (cost=1.02e+6 rows=9.86e+6)
    -> Table scan on sbtest1  (cost=1.02e+6 rows=9.86e+6)


table 2 : explain SELECT * from sbtest2 WHERE LENGTH(c) < 0
	-> Filter: (length(sbtest2.c) < 0)  (cost=1.02e+6 rows=9.86e+6)
    -> Table scan on sbtest2  (cost=1.02e+6 rows=9.86e+6)


table 3 : explain SELECT * from sbtest3 WHERE LENGTH(c) < 0
	-> Filter: (length(sbtest3.c) < 0)  (cost=1.02e+6 rows=9.86e+6)
    -> Table scan on sbtest3  (cost=1.02e+6 rows=9.86e+6)


table 4 : explain SELECT * from sbtest4 WHERE LENGTH(c) < 0
	-> Filter: (length(sbtest4.c) < 0)  (cost=1.02e+6 rows=9.86e+6)
    -> Table scan on sbtest4  (cost=1.02e+6 rows=9.86e+6)


table 5 : explain SELECT * from sbtest5 WHERE LENGTH(c) < 0
	-> Filter: (length(sbtest5.c) < 0)  (cost=1.02e+6 rows=9.86e+6)
    -> Table scan on sbtest5  (cost=1.02e+6 rows=9.86e+6)


table 6 : explain SELECT * from sbtest6 WHERE LENGTH(c) < 0
	-> Filter: (length(sbtest6.c) < 0)  (cost=995391 rows=9.61e+6)
    -> Table scan on sbtest6  (cost=995391 rows=9.61e+6)


table 7 : explain SELECT * from sbtest7 WHERE LENGTH(c) < 0
	-> Filter: (length(sbtest7.c) < 0)  (cost=995391 rows=9.61e+6)
    -> Table scan on sbtest7  (cost=995391 rows=9.61e+6)


table 8 : explain SELECT * from sbtest8 WHERE LENGTH(c) < 0
	-> Filter: (length(sbtest8.c) < 0)  (cost=1.02e+6 rows=9.86e+6)
    -> Table scan on sbtest8  (cost=1.02e+6 rows=9.86e+6)

for scan
table 1 : explain SELECT * from sbtest1 WHERE LENGTH(c) < 0
	-> Filter: (length(sbtest1.c) < 0)  (cost=1.02e+6 rows=9.86e+6)
    -> Table scan on sbtest1  (cost=1.02e+6 rows=9.86e+6)


table 2 : explain SELECT * from sbtest2 WHERE LENGTH(c) < 0
	-> Filter: (length(sbtest2.c) < 0)  (cost=1.02e+6 rows=9.86e+6)
    -> Table scan on sbtest2  (cost=1.02e+6 rows=9.86e+6)


table 3 : explain SELECT * from sbtest3 WHERE LENGTH(c) < 0
	-> Filter: (length(sbtest3.c) < 0)  (cost=1.02e+6 rows=9.86e+6)
    -> Table scan on sbtest3  (cost=1.02e+6 rows=9.86e+6)


table 4 : explain SELECT * from sbtest4 WHERE LENGTH(c) < 0
	-> Filter: (length(sbtest4.c) < 0)  (cost=1.02e+6 rows=9.86e+6)
    -> Table scan on sbtest4  (cost=1.02e+6 rows=9.86e+6)


table 5 : explain SELECT * from sbtest5 WHERE LENGTH(c) < 0
	-> Filter: (length(sbtest5.c) < 0)  (cost=1.02e+6 rows=9.86e+6)
    -> Table scan on sbtest5  (cost=1.02e+6 rows=9.86e+6)


table 6 : explain SELECT * from sbtest6 WHERE LENGTH(c) < 0
	-> Filter: (length(sbtest6.c) < 0)  (cost=995391 rows=9.61e+6)
    -> Table scan on sbtest6  (cost=995391 rows=9.61e+6)


table 7 : explain SELECT * from sbtest7 WHERE LENGTH(c) < 0
	-> Filter: (length(sbtest7.c) < 0)  (cost=995391 rows=9.61e+6)
    -> Table scan on sbtest7  (cost=995391 rows=9.61e+6)


table 8 : explain SELECT * from sbtest8 WHERE LENGTH(c) < 0
	-> Filter: (length(sbtest8.c) < 0)  (cost=1.02e+6 rows=9.86e+6)
    -> Table scan on sbtest8  (cost=1.02e+6 rows=9.86e+6)



explain: for scan :: explain SELECT * from sbtest%d WHERE LENGTH(c) < 0
for scan
table 1 : explain SELECT * from sbtest1 WHERE LENGTH(c) < 0
	-> Filter: (length(sbtest1.c) < 0)  (cost=1.02e+6 rows=9.86e+6)
    -> Table scan on sbtest1  (cost=1.02e+6 rows=9.86e+6)


table 2 : explain SELECT * from sbtest2 WHERE LENGTH(c) < 0
	-> Filter: (length(sbtest2.c) < 0)  (cost=1.02e+6 rows=9.86e+6)
    -> Table scan on sbtest2  (cost=1.02e+6 rows=9.86e+6)


table 3 : explain SELECT * from sbtest3 WHERE LENGTH(c) < 0
	-> Filter: (length(sbtest3.c) < 0)  (cost=1.02e+6 rows=9.86e+6)
    -> Table scan on sbtest3  (cost=1.02e+6 rows=9.86e+6)


table 4 : explain SELECT * from sbtest4 WHERE LENGTH(c) < 0
	-> Filter: (length(sbtest4.c) < 0)  (cost=1.02e+6 rows=9.86e+6)
    -> Table scan on sbtest4  (cost=1.02e+6 rows=9.86e+6)


table 5 : explain SELECT * from sbtest5 WHERE LENGTH(c) < 0
	-> Filter: (length(sbtest5.c) < 0)  (cost=1.02e+6 rows=9.86e+6)
    -> Table scan on sbtest5  (cost=1.02e+6 rows=9.86e+6)


table 6 : explain SELECT * from sbtest6 WHERE LENGTH(c) < 0
	-> Filter: (length(sbtest6.c) < 0)  (cost=995391 rows=9.61e+6)
    -> Table scan on sbtest6  (cost=995391 rows=9.61e+6)


table 7 : explain SELECT * from sbtest7 WHERE LENGTH(c) < 0
	-> Filter: (length(sbtest7.c) < 0)  (cost=995391 rows=9.61e+6)
    -> Table scan on sbtest7  (cost=995391 rows=9.61e+6)


table 8 : explain SELECT * from sbtest8 WHERE LENGTH(c) < 0
	-> Filter: (length(sbtest8.c) < 0)  (cost=1.02e+6 rows=9.86e+6)
    -> Table scan on sbtest8  (cost=1.02e+6 rows=9.86e+6)


explain: for scan :: explain SELECT * from sbtest%d WHERE LENGTH(c) < 0

for scan
table 1 : explain SELECT * from sbtest1 WHERE LENGTH(c) < 0
	-> Filter: (length(sbtest1.c) < 0)  (cost=1.02e+6 rows=9.86e+6)
    -> Table scan on sbtest1  (cost=1.02e+6 rows=9.86e+6)


table 2 : explain SELECT * from sbtest2 WHERE LENGTH(c) < 0
	-> Filter: (length(sbtest2.c) < 0)  (cost=1.02e+6 rows=9.86e+6)
    -> Table scan on sbtest2  (cost=1.02e+6 rows=9.86e+6)


table 3 : explain SELECT * from sbtest3 WHERE LENGTH(c) < 0
	-> Filter: (length(sbtest3.c) < 0)  (cost=1.02e+6 rows=9.86e+6)
    -> Table scan on sbtest3  (cost=1.02e+6 rows=9.86e+6)


table 4 : explain SELECT * from sbtest4 WHERE LENGTH(c) < 0
	-> Filter: (length(sbtest4.c) < 0)  (cost=1.02e+6 rows=9.86e+6)
    -> Table scan on sbtest4  (cost=1.02e+6 rows=9.86e+6)


table 5 : explain SELECT * from sbtest5 WHERE LENGTH(c) < 0
	-> Filter: (length(sbtest5.c) < 0)  (cost=1.02e+6 rows=9.86e+6)
    -> Table scan on sbtest5  (cost=1.02e+6 rows=9.86e+6)


table 6 : explain SELECT * from sbtest6 WHERE LENGTH(c) < 0
	-> Filter: (length(sbtest6.c) < 0)  (cost=995391 rows=9.61e+6)
    -> Table scan on sbtest6  (cost=995391 rows=9.61e+6)


table 7 : explain SELECT * from sbtest7 WHERE LENGTH(c) < 0
	-> Filter: (length(sbtest7.c) < 0)  (cost=995391 rows=9.61e+6)
    -> Table scan on sbtest7  (cost=995391 rows=9.61e+6)


table 8 : explain SELECT * from sbtest8 WHERE LENGTH(c) < 0
	-> Filter: (length(sbtest8.c) < 0)  (cost=1.02e+6 rows=9.86e+6)
    -> Table scan on sbtest8  (cost=1.02e+6 rows=9.86e+6)

for scan
table 1 : explain SELECT * from sbtest1 WHERE LENGTH(c) < 0
	-> Filter: (length(sbtest1.c) < 0)  (cost=1.02e+6 rows=9.86e+6)
    -> Table scan on sbtest1  (cost=1.02e+6 rows=9.86e+6)


table 2 : explain SELECT * from sbtest2 WHERE LENGTH(c) < 0
	-> Filter: (length(sbtest2.c) < 0)  (cost=1.02e+6 rows=9.86e+6)
    -> Table scan on sbtest2  (cost=1.02e+6 rows=9.86e+6)


table 3 : explain SELECT * from sbtest3 WHERE LENGTH(c) < 0
	-> Filter: (length(sbtest3.c) < 0)  (cost=1.02e+6 rows=9.86e+6)
    -> Table scan on sbtest3  (cost=1.02e+6 rows=9.86e+6)


table 4 : explain SELECT * from sbtest4 WHERE LENGTH(c) < 0
	-> Filter: (length(sbtest4.c) < 0)  (cost=1.02e+6 rows=9.86e+6)
    -> Table scan on sbtest4  (cost=1.02e+6 rows=9.86e+6)


table 5 : explain SELECT * from sbtest5 WHERE LENGTH(c) < 0
	-> Filter: (length(sbtest5.c) < 0)  (cost=1.02e+6 rows=9.86e+6)
    -> Table scan on sbtest5  (cost=1.02e+6 rows=9.86e+6)


table 6 : explain SELECT * from sbtest6 WHERE LENGTH(c) < 0
	-> Filter: (length(sbtest6.c) < 0)  (cost=995391 rows=9.61e+6)
    -> Table scan on sbtest6  (cost=995391 rows=9.61e+6)


table 7 : explain SELECT * from sbtest7 WHERE LENGTH(c) < 0
	-> Filter: (length(sbtest7.c) < 0)  (cost=995391 rows=9.61e+6)
    -> Table scan on sbtest7  (cost=995391 rows=9.61e+6)


table 8 : explain SELECT * from sbtest8 WHERE LENGTH(c) < 0
	-> Filter: (length(sbtest8.c) < 0)  (cost=1.02e+6 rows=9.86e+6)
    -> Table scan on sbtest8  (cost=1.02e+6 rows=9.86e+6)


for scan
table 1 : explain SELECT * from sbtest1 WHERE LENGTH(c) < 0
	-> Filter: (length(sbtest1.c) < 0)  (cost=1.02e+6 rows=9.86e+6)
    -> Table scan on sbtest1  (cost=1.02e+6 rows=9.86e+6)


table 2 : explain SELECT * from sbtest2 WHERE LENGTH(c) < 0
	-> Filter: (length(sbtest2.c) < 0)  (cost=1.02e+6 rows=9.86e+6)
    -> Table scan on sbtest2  (cost=1.02e+6 rows=9.86e+6)


table 3 : explain SELECT * from sbtest3 WHERE LENGTH(c) < 0
	-> Filter: (length(sbtest3.c) < 0)  (cost=1.02e+6 rows=9.86e+6)
    -> Table scan on sbtest3  (cost=1.02e+6 rows=9.86e+6)


table 4 : explain SELECT * from sbtest4 WHERE LENGTH(c) < 0
	-> Filter: (length(sbtest4.c) < 0)  (cost=1.02e+6 rows=9.86e+6)
    -> Table scan on sbtest4  (cost=1.02e+6 rows=9.86e+6)


table 5 : explain SELECT * from sbtest5 WHERE LENGTH(c) < 0
	-> Filter: (length(sbtest5.c) < 0)  (cost=1.02e+6 rows=9.86e+6)
    -> Table scan on sbtest5  (cost=1.02e+6 rows=9.86e+6)


table 6 : explain SELECT * from sbtest6 WHERE LENGTH(c) < 0
	-> Filter: (length(sbtest6.c) < 0)  (cost=995391 rows=9.61e+6)
    -> Table scan on sbtest6  (cost=995391 rows=9.61e+6)


table 7 : explain SELECT * from sbtest7 WHERE LENGTH(c) < 0
	-> Filter: (length(sbtest7.c) < 0)  (cost=995391 rows=9.61e+6)
    -> Table scan on sbtest7  (cost=995391 rows=9.61e+6)


table 8 : explain SELECT * from sbtest8 WHERE LENGTH(c) < 0
	-> Filter: (length(sbtest8.c) < 0)  (cost=1.02e+6 rows=9.86e+6)
    -> Table scan on sbtest8  (cost=1.02e+6 rows=9.86e+6)

for scan
table 1 : explain SELECT * from sbtest1 WHERE LENGTH(c) < 0
	-> Filter: (length(sbtest1.c) < 0)  (cost=1.02e+6 rows=9.86e+6)
    -> Table scan on sbtest1  (cost=1.02e+6 rows=9.86e+6)


table 2 : explain SELECT * from sbtest2 WHERE LENGTH(c) < 0
	-> Filter: (length(sbtest2.c) < 0)  (cost=1.02e+6 rows=9.86e+6)
    -> Table scan on sbtest2  (cost=1.02e+6 rows=9.86e+6)


table 3 : explain SELECT * from sbtest3 WHERE LENGTH(c) < 0
	-> Filter: (length(sbtest3.c) < 0)  (cost=1.02e+6 rows=9.86e+6)
    -> Table scan on sbtest3  (cost=1.02e+6 rows=9.86e+6)


table 4 : explain SELECT * from sbtest4 WHERE LENGTH(c) < 0
	-> Filter: (length(sbtest4.c) < 0)  (cost=1.02e+6 rows=9.86e+6)
    -> Table scan on sbtest4  (cost=1.02e+6 rows=9.86e+6)


table 5 : explain SELECT * from sbtest5 WHERE LENGTH(c) < 0
	-> Filter: (length(sbtest5.c) < 0)  (cost=1.02e+6 rows=9.86e+6)
    -> Table scan on sbtest5  (cost=1.02e+6 rows=9.86e+6)


table 6 : explain SELECT * from sbtest6 WHERE LENGTH(c) < 0
	-> Filter: (length(sbtest6.c) < 0)  (cost=995391 rows=9.61e+6)
    -> Table scan on sbtest6  (cost=995391 rows=9.61e+6)


table 7 : explain SELECT * from sbtest7 WHERE LENGTH(c) < 0
	-> Filter: (length(sbtest7.c) < 0)  (cost=995391 rows=9.61e+6)
    -> Table scan on sbtest7  (cost=995391 rows=9.61e+6)


table 8 : explain SELECT * from sbtest8 WHERE LENGTH(c) < 0
	-> Filter: (length(sbtest8.c) < 0)  (cost=1.02e+6 rows=9.86e+6)
    -> Table scan on sbtest8  (cost=1.02e+6 rows=9.86e+6)


explain: for scan :: explain SELECT * from sbtest%d WHERE LENGTH(c) < 0
explain: for scan :: explain SELECT * from sbtest%d WHERE LENGTH(c) < 0for scan
table 1 : explain SELECT * from sbtest1 WHERE LENGTH(c) < 0
	-> Filter: (length(sbtest1.c) < 0)  (cost=1.02e+6 rows=9.86e+6)
    -> Table scan on sbtest1  (cost=1.02e+6 rows=9.86e+6)


table 2 : explain SELECT * from sbtest2 WHERE LENGTH(c) < 0
	-> Filter: (length(sbtest2.c) < 0)  (cost=1.02e+6 rows=9.86e+6)
    -> Table scan on sbtest2  (cost=1.02e+6 rows=9.86e+6)


table 3 : explain SELECT * from sbtest3 WHERE LENGTH(c) < 0
	-> Filter: (length(sbtest3.c) < 0)  (cost=1.02e+6 rows=9.86e+6)
    -> Table scan on sbtest3  (cost=1.02e+6 rows=9.86e+6)


table 4 : explain SELECT * from sbtest4 WHERE LENGTH(c) < 0
	-> Filter: (length(sbtest4.c) < 0)  (cost=1.02e+6 rows=9.86e+6)
    -> Table scan on sbtest4  (cost=1.02e+6 rows=9.86e+6)


table 5 : explain SELECT * from sbtest5 WHERE LENGTH(c) < 0
	-> Filter: (length(sbtest5.c) < 0)  (cost=1.02e+6 rows=9.86e+6)
    -> Table scan on sbtest5  (cost=1.02e+6 rows=9.86e+6)


table 6 : explain SELECT * from sbtest6 WHERE LENGTH(c) < 0
	-> Filter: (length(sbtest6.c) < 0)  (cost=995391 rows=9.61e+6)
    -> Table scan on sbtest6  (cost=995391 rows=9.61e+6)


table 7 : explain SELECT * from sbtest7 WHERE LENGTH(c) < 0
	-> Filter: (length(sbtest7.c) < 0)  (cost=995391 rows=9.61e+6)
    -> Table scan on sbtest7  (cost=995391 rows=9.61e+6)


table 8 : explain SELECT * from sbtest8 WHERE LENGTH(c) < 0
	-> Filter: (length(sbtest8.c) < 0)  (cost=1.02e+6 rows=9.86e+6)
    -> Table scan on sbtest8  (cost=1.02e+6 rows=9.86e+6)


for scan
table 1 : explain SELECT * from sbtest1 WHERE LENGTH(c) < 0
	-> Filter: (length(sbtest1.c) < 0)  (cost=1.02e+6 rows=9.86e+6)
    -> Table scan on sbtest1  (cost=1.02e+6 rows=9.86e+6)


table 2 : explain SELECT * from sbtest2 WHERE LENGTH(c) < 0
	-> Filter: (length(sbtest2.c) < 0)  (cost=1.02e+6 rows=9.86e+6)
    -> Table scan on sbtest2  (cost=1.02e+6 rows=9.86e+6)


table 3 : explain SELECT * from sbtest3 WHERE LENGTH(c) < 0
	-> Filter: (length(sbtest3.c) < 0)  (cost=1.02e+6 rows=9.86e+6)
    -> Table scan on sbtest3  (cost=1.02e+6 rows=9.86e+6)


table 4 : explain SELECT * from sbtest4 WHERE LENGTH(c) < 0
	-> Filter: (length(sbtest4.c) < 0)  (cost=1.02e+6 rows=9.86e+6)
    -> Table scan on sbtest4  (cost=1.02e+6 rows=9.86e+6)


table 5 : explain SELECT * from sbtest5 WHERE LENGTH(c) < 0
	-> Filter: (length(sbtest5.c) < 0)  (cost=1.02e+6 rows=9.86e+6)
    -> Table scan on sbtest5  (cost=1.02e+6 rows=9.86e+6)


table 6 : explain SELECT * from sbtest6 WHERE LENGTH(c) < 0
	-> Filter: (length(sbtest6.c) < 0)  (cost=995391 rows=9.61e+6)
    -> Table scan on sbtest6  (cost=995391 rows=9.61e+6)


table 7 : explain SELECT * from sbtest7 WHERE LENGTH(c) < 0
	-> Filter: (length(sbtest7.c) < 0)  (cost=995391 rows=9.61e+6)
    -> Table scan on sbtest7  (cost=995391 rows=9.61e+6)


table 8 : explain SELECT * from sbtest8 WHERE LENGTH(c) < 0
	-> Filter: (length(sbtest8.c) < 0)  (cost=1.02e+6 rows=9.86e+6)
    -> Table scan on sbtest8  (cost=1.02e+6 rows=9.86e+6)


for scan
table 1 : explain SELECT * from sbtest1 WHERE LENGTH(c) < 0
	-> Filter: (length(sbtest1.c) < 0)  (cost=1.02e+6 rows=9.86e+6)
    -> Table scan on sbtest1  (cost=1.02e+6 rows=9.86e+6)


table 2 : explain SELECT * from sbtest2 WHERE LENGTH(c) < 0
	-> Filter: (length(sbtest2.c) < 0)  (cost=1.02e+6 rows=9.86e+6)
    -> Table scan on sbtest2  (cost=1.02e+6 rows=9.86e+6)


table 3 : explain SELECT * from sbtest3 WHERE LENGTH(c) < 0
	-> Filter: (length(sbtest3.c) < 0)  (cost=1.02e+6 rows=9.86e+6)
    -> Table scan on sbtest3  (cost=1.02e+6 rows=9.86e+6)


table 4 : explain SELECT * from sbtest4 WHERE LENGTH(c) < 0
	-> Filter: (length(sbtest4.c) < 0)  (cost=1.02e+6 rows=9.86e+6)
    -> Table scan on sbtest4  (cost=1.02e+6 rows=9.86e+6)


table 5 : explain SELECT * from sbtest5 WHERE LENGTH(c) < 0
	-> Filter: (length(sbtest5.c) < 0)  (cost=1.02e+6 rows=9.86e+6)
    -> Table scan on sbtest5  (cost=1.02e+6 rows=9.86e+6)


table 6 : explain SELECT * from sbtest6 WHERE LENGTH(c) < 0
	-> Filter: (length(sbtest6.c) < 0)  (cost=995391 rows=9.61e+6)
    -> Table scan on sbtest6  (cost=995391 rows=9.61e+6)


table 7 : explain SELECT * from sbtest7 WHERE LENGTH(c) < 0
	-> Filter: (length(sbtest7.c) < 0)  (cost=995391 rows=9.61e+6)
    -> Table scan on sbtest7  (cost=995391 rows=9.61e+6)


table 8 : explain SELECT * from sbtest8 WHERE LENGTH(c) < 0
	-> Filter: (length(sbtest8.c) < 0)  (cost=1.02e+6 rows=9.86e+6)
    -> Table scan on sbtest8  (cost=1.02e+6 rows=9.86e+6)


explain: for scan :: explain SELECT * from sbtest%d WHERE LENGTH(c) < 0
explain: for scan :: explain SELECT * from sbtest%d WHERE LENGTH(c) < 0

explain: for scan :: explain SELECT * from sbtest%d WHERE LENGTH(c) < 0
explain: for scan :: explain SELECT * from sbtest%d WHERE LENGTH(c) < 0
explain: for scan :: explain SELECT * from sbtest%d WHERE LENGTH(c) < 0


explain: for scan :: explain SELECT * from sbtest%d WHERE LENGTH(c) < 0
explain: for scan :: explain SELECT * from sbtest%d WHERE LENGTH(c) < 0
for scan
table 1 : explain SELECT * from sbtest1 WHERE LENGTH(c) < 0
	-> Filter: (length(sbtest1.c) < 0)  (cost=1.02e+6 rows=9.86e+6)
    -> Table scan on sbtest1  (cost=1.02e+6 rows=9.86e+6)


table 2 : explain SELECT * from sbtest2 WHERE LENGTH(c) < 0
	-> Filter: (length(sbtest2.c) < 0)  (cost=1.02e+6 rows=9.86e+6)
    -> Table scan on sbtest2  (cost=1.02e+6 rows=9.86e+6)


table 3 : explain SELECT * from sbtest3 WHERE LENGTH(c) < 0
	-> Filter: (length(sbtest3.c) < 0)  (cost=1.02e+6 rows=9.86e+6)
    -> Table scan on sbtest3  (cost=1.02e+6 rows=9.86e+6)


table 4 : explain SELECT * from sbtest4 WHERE LENGTH(c) < 0
	-> Filter: (length(sbtest4.c) < 0)  (cost=1.02e+6 rows=9.86e+6)
    -> Table scan on sbtest4  (cost=1.02e+6 rows=9.86e+6)


table 5 : explain SELECT * from sbtest5 WHERE LENGTH(c) < 0
	-> Filter: (length(sbtest5.c) < 0)  (cost=1.02e+6 rows=9.86e+6)
    -> Table scan on sbtest5  (cost=1.02e+6 rows=9.86e+6)


table 6 : explain SELECT * from sbtest6 WHERE LENGTH(c) < 0
	-> Filter: (length(sbtest6.c) < 0)  (cost=995391 rows=9.61e+6)
    -> Table scan on sbtest6  (cost=995391 rows=9.61e+6)


table 7 : explain SELECT * from sbtest7 WHERE LENGTH(c) < 0
	-> Filter: (length(sbtest7.c) < 0)  (cost=995391 rows=9.61e+6)
    -> Table scan on sbtest7  (cost=995391 rows=9.61e+6)


table 8 : explain SELECT * from sbtest8 WHERE LENGTH(c) < 0
	-> Filter: (length(sbtest8.c) < 0)  (cost=1.02e+6 rows=9.86e+6)
    -> Table scan on sbtest8  (cost=1.02e+6 rows=9.86e+6)


explain: for scan :: explain SELECT * from sbtest%d WHERE LENGTH(c) < 0
for scan
table 1 : explain SELECT * from sbtest1 WHERE LENGTH(c) < 0
	-> Filter: (length(sbtest1.c) < 0)  (cost=1.02e+6 rows=9.86e+6)
    -> Table scan on sbtest1  (cost=1.02e+6 rows=9.86e+6)


table 2 : explain SELECT * from sbtest2 WHERE LENGTH(c) < 0
	-> Filter: (length(sbtest2.c) < 0)  (cost=1.02e+6 rows=9.86e+6)
    -> Table scan on sbtest2  (cost=1.02e+6 rows=9.86e+6)


table 3 : explain SELECT * from sbtest3 WHERE LENGTH(c) < 0
	-> Filter: (length(sbtest3.c) < 0)  (cost=1.02e+6 rows=9.86e+6)
    -> Table scan on sbtest3  (cost=1.02e+6 rows=9.86e+6)


table 4 : explain SELECT * from sbtest4 WHERE LENGTH(c) < 0
	-> Filter: (length(sbtest4.c) < 0)  (cost=1.02e+6 rows=9.86e+6)
    -> Table scan on sbtest4  (cost=1.02e+6 rows=9.86e+6)


table 5 : explain SELECT * from sbtest5 WHERE LENGTH(c) < 0
	-> Filter: (length(sbtest5.c) < 0)  (cost=1.02e+6 rows=9.86e+6)
    -> Table scan on sbtest5  (cost=1.02e+6 rows=9.86e+6)


table 6 : explain SELECT * from sbtest6 WHERE LENGTH(c) < 0
	-> Filter: (length(sbtest6.c) < 0)  (cost=995391 rows=9.61e+6)
    -> Table scan on sbtest6  (cost=995391 rows=9.61e+6)


table 7 : explain SELECT * from sbtest7 WHERE LENGTH(c) < 0
	-> Filter: (length(sbtest7.c) < 0)  (cost=995391 rows=9.61e+6)
    -> Table scan on sbtest7  (cost=995391 rows=9.61e+6)


table 8 : explain SELECT * from sbtest8 WHERE LENGTH(c) < 0
	-> Filter: (length(sbtest8.c) < 0)  (cost=1.02e+6 rows=9.86e+6)
    -> Table scan on sbtest8  (cost=1.02e+6 rows=9.86e+6)


for scan
table 1 : explain SELECT * from sbtest1 WHERE LENGTH(c) < 0
	-> Filter: (length(sbtest1.c) < 0)  (cost=1.02e+6 rows=9.86e+6)
    -> Table scan on sbtest1  (cost=1.02e+6 rows=9.86e+6)


table 2 : explain SELECT * from sbtest2 WHERE LENGTH(c) < 0
	-> Filter: (length(sbtest2.c) < 0)  (cost=1.02e+6 rows=9.86e+6)
    -> Table scan on sbtest2  (cost=1.02e+6 rows=9.86e+6)


table 3 : explain SELECT * from sbtest3 WHERE LENGTH(c) < 0
	-> Filter: (length(sbtest3.c) < 0)  (cost=1.02e+6 rows=9.86e+6)
    -> Table scan on sbtest3  (cost=1.02e+6 rows=9.86e+6)


table 4 : explain SELECT * from sbtest4 WHERE LENGTH(c) < 0
	-> Filter: (length(sbtest4.c) < 0)  (cost=1.02e+6 rows=9.86e+6)
    -> Table scan on sbtest4  (cost=1.02e+6 rows=9.86e+6)


table 5 : explain SELECT * from sbtest5 WHERE LENGTH(c) < 0
	-> Filter: (length(sbtest5.c) < 0)  (cost=1.02e+6 rows=9.86e+6)
    -> Table scan on sbtest5  (cost=1.02e+6 rows=9.86e+6)


table 6 : explain SELECT * from sbtest6 WHERE LENGTH(c) < 0
	-> Filter: (length(sbtest6.c) < 0)  (cost=995391 rows=9.61e+6)
    -> Table scan on sbtest6  (cost=995391 rows=9.61e+6)


table 7 : explain SELECT * from sbtest7 WHERE LENGTH(c) < 0
	-> Filter: (length(sbtest7.c) < 0)  (cost=995391 rows=9.61e+6)
    -> Table scan on sbtest7  (cost=995391 rows=9.61e+6)


table 8 : explain SELECT * from sbtest8 WHERE LENGTH(c) < 0
	-> Filter: (length(sbtest8.c) < 0)  (cost=1.02e+6 rows=9.86e+6)
    -> Table scan on sbtest8  (cost=1.02e+6 rows=9.86e+6)


for scan
table 1 : explain SELECT * from sbtest1 WHERE LENGTH(c) < 0
	-> Filter: (length(sbtest1.c) < 0)  (cost=1.02e+6 rows=9.86e+6)
    -> Table scan on sbtest1  (cost=1.02e+6 rows=9.86e+6)


table 2 : explain SELECT * from sbtest2 WHERE LENGTH(c) < 0
	-> Filter: (length(sbtest2.c) < 0)  (cost=1.02e+6 rows=9.86e+6)
    -> Table scan on sbtest2  (cost=1.02e+6 rows=9.86e+6)


table 3 : explain SELECT * from sbtest3 WHERE LENGTH(c) < 0
	-> Filter: (length(sbtest3.c) < 0)  (cost=1.02e+6 rows=9.86e+6)
    -> Table scan on sbtest3  (cost=1.02e+6 rows=9.86e+6)


table 4 : explain SELECT * from sbtest4 WHERE LENGTH(c) < 0
	-> Filter: (length(sbtest4.c) < 0)  (cost=1.02e+6 rows=9.86e+6)
    -> Table scan on sbtest4  (cost=1.02e+6 rows=9.86e+6)


table 5 : explain SELECT * from sbtest5 WHERE LENGTH(c) < 0
	-> Filter: (length(sbtest5.c) < 0)  (cost=1.02e+6 rows=9.86e+6)
    -> Table scan on sbtest5  (cost=1.02e+6 rows=9.86e+6)


table 6 : explain SELECT * from sbtest6 WHERE LENGTH(c) < 0
	-> Filter: (length(sbtest6.c) < 0)  (cost=995391 rows=9.61e+6)
    -> Table scan on sbtest6  (cost=995391 rows=9.61e+6)


table 7 : explain SELECT * from sbtest7 WHERE LENGTH(c) < 0
	-> Filter: (length(sbtest7.c) < 0)  (cost=995391 rows=9.61e+6)
    -> Table scan on sbtest7  (cost=995391 rows=9.61e+6)


table 8 : explain SELECT * from sbtest8 WHERE LENGTH(c) < 0
	-> Filter: (length(sbtest8.c) < 0)  (cost=1.02e+6 rows=9.86e+6)
    -> Table scan on sbtest8  (cost=1.02e+6 rows=9.86e+6)


for scan
table 1 : explain SELECT * from sbtest1 WHERE LENGTH(c) < 0
	-> Filter: (length(sbtest1.c) < 0)  (cost=1.02e+6 rows=9.86e+6)
    -> Table scan on sbtest1  (cost=1.02e+6 rows=9.86e+6)


table 2 : explain SELECT * from sbtest2 WHERE LENGTH(c) < 0
	-> Filter: (length(sbtest2.c) < 0)  (cost=1.02e+6 rows=9.86e+6)
    -> Table scan on sbtest2  (cost=1.02e+6 rows=9.86e+6)


table 3 : explain SELECT * from sbtest3 WHERE LENGTH(c) < 0
	-> Filter: (length(sbtest3.c) < 0)  (cost=1.02e+6 rows=9.86e+6)
    -> Table scan on sbtest3  (cost=1.02e+6 rows=9.86e+6)


table 4 : explain SELECT * from sbtest4 WHERE LENGTH(c) < 0
	-> Filter: (length(sbtest4.c) < 0)  (cost=1.02e+6 rows=9.86e+6)
    -> Table scan on sbtest4  (cost=1.02e+6 rows=9.86e+6)


table 5 : explain SELECT * from sbtest5 WHERE LENGTH(c) < 0
	-> Filter: (length(sbtest5.c) < 0)  (cost=1.02e+6 rows=9.86e+6)
    -> Table scan on sbtest5  (cost=1.02e+6 rows=9.86e+6)


table 6 : explain SELECT * from sbtest6 WHERE LENGTH(c) < 0
	-> Filter: (length(sbtest6.c) < 0)  (cost=995391 rows=9.61e+6)
    -> Table scan on sbtest6  (cost=995391 rows=9.61e+6)


table 7 : explain SELECT * from sbtest7 WHERE LENGTH(c) < 0
	-> Filter: (length(sbtest7.c) < 0)  (cost=995391 rows=9.61e+6)
    -> Table scan on sbtest7  (cost=995391 rows=9.61e+6)


table 8 : explain SELECT * from sbtest8 WHERE LENGTH(c) < 0
	-> Filter: (length(sbtest8.c) < 0)  (cost=1.02e+6 rows=9.86e+6)
    -> Table scan on sbtest8  (cost=1.02e+6 rows=9.86e+6)


explain: for scan :: explain SELECT * from sbtest%d WHERE LENGTH(c) < 0
explain: for scan :: explain SELECT * from sbtest%d WHERE LENGTH(c) < 0
for scan
table 1 : explain SELECT * from sbtest1 WHERE LENGTH(c) < 0
	-> Filter: (length(sbtest1.c) < 0)  (cost=1.02e+6 rows=9.86e+6)
    -> Table scan on sbtest1  (cost=1.02e+6 rows=9.86e+6)


table 2 : explain SELECT * from sbtest2 WHERE LENGTH(c) < 0
	-> Filter: (length(sbtest2.c) < 0)  (cost=1.02e+6 rows=9.86e+6)
    -> Table scan on sbtest2  (cost=1.02e+6 rows=9.86e+6)


table 3 : explain SELECT * from sbtest3 WHERE LENGTH(c) < 0
	-> Filter: (length(sbtest3.c) < 0)  (cost=1.02e+6 rows=9.86e+6)
    -> Table scan on sbtest3  (cost=1.02e+6 rows=9.86e+6)


table 4 : explain SELECT * from sbtest4 WHERE LENGTH(c) < 0
	-> Filter: (length(sbtest4.c) < 0)  (cost=1.02e+6 rows=9.86e+6)
    -> Table scan on sbtest4  (cost=1.02e+6 rows=9.86e+6)


table 5 : explain SELECT * from sbtest5 WHERE LENGTH(c) < 0
	-> Filter: (length(sbtest5.c) < 0)  (cost=1.02e+6 rows=9.86e+6)
    -> Table scan on sbtest5  (cost=1.02e+6 rows=9.86e+6)


table 6 : explain SELECT * from sbtest6 WHERE LENGTH(c) < 0
	-> Filter: (length(sbtest6.c) < 0)  (cost=995391 rows=9.61e+6)
    -> Table scan on sbtest6  (cost=995391 rows=9.61e+6)


table 7 : explain SELECT * from sbtest7 WHERE LENGTH(c) < 0
	-> Filter: (length(sbtest7.c) < 0)  (cost=995391 rows=9.61e+6)
    -> Table scan on sbtest7  (cost=995391 rows=9.61e+6)


table 8 : explain SELECT * from sbtest8 WHERE LENGTH(c) < 0
	-> Filter: (length(sbtest8.c) < 0)  (cost=1.02e+6 rows=9.86e+6)
    -> Table scan on sbtest8  (cost=1.02e+6 rows=9.86e+6)


explain: for scan :: explain SELECT * from sbtest%d WHERE LENGTH(c) < 0
for scan
table 1 : explain SELECT * from sbtest1 WHERE LENGTH(c) < 0
	-> Filter: (length(sbtest1.c) < 0)  (cost=1.02e+6 rows=9.86e+6)
    -> Table scan on sbtest1  (cost=1.02e+6 rows=9.86e+6)


table 2 : explain SELECT * from sbtest2 WHERE LENGTH(c) < 0
	-> Filter: (length(sbtest2.c) < 0)  (cost=1.02e+6 rows=9.86e+6)
    -> Table scan on sbtest2  (cost=1.02e+6 rows=9.86e+6)


table 3 : explain SELECT * from sbtest3 WHERE LENGTH(c) < 0
	-> Filter: (length(sbtest3.c) < 0)  (cost=1.02e+6 rows=9.86e+6)
    -> Table scan on sbtest3  (cost=1.02e+6 rows=9.86e+6)


table 4 : explain SELECT * from sbtest4 WHERE LENGTH(c) < 0
	-> Filter: (length(sbtest4.c) < 0)  (cost=1.02e+6 rows=9.86e+6)
    -> Table scan on sbtest4  (cost=1.02e+6 rows=9.86e+6)


table 5 : explain SELECT * from sbtest5 WHERE LENGTH(c) < 0
	-> Filter: (length(sbtest5.c) < 0)  (cost=1.02e+6 rows=9.86e+6)
    -> Table scan on sbtest5  (cost=1.02e+6 rows=9.86e+6)


table 6 : explain SELECT * from sbtest6 WHERE LENGTH(c) < 0
	-> Filter: (length(sbtest6.c) < 0)  (cost=995391 rows=9.61e+6)
    -> Table scan on sbtest6  (cost=995391 rows=9.61e+6)


table 7 : explain SELECT * from sbtest7 WHERE LENGTH(c) < 0
	-> Filter: (length(sbtest7.c) < 0)  (cost=995391 rows=9.61e+6)
    -> Table scan on sbtest7  (cost=995391 rows=9.61e+6)


table 8 : explain SELECT * from sbtest8 WHERE LENGTH(c) < 0
	-> Filter: (length(sbtest8.c) < 0)  (cost=1.02e+6 rows=9.86e+6)
    -> Table scan on sbtest8  (cost=1.02e+6 rows=9.86e+6)


for scan
table 1 : explain SELECT * from sbtest1 WHERE LENGTH(c) < 0
	-> Filter: (length(sbtest1.c) < 0)  (cost=1.02e+6 rows=9.86e+6)
    -> Table scan on sbtest1  (cost=1.02e+6 rows=9.86e+6)


table 2 : explain SELECT * from sbtest2 WHERE LENGTH(c) < 0
	-> Filter: (length(sbtest2.c) < 0)  (cost=1.02e+6 rows=9.86e+6)
    -> Table scan on sbtest2  (cost=1.02e+6 rows=9.86e+6)


table 3 : explain SELECT * from sbtest3 WHERE LENGTH(c) < 0
	-> Filter: (length(sbtest3.c) < 0)  (cost=1.02e+6 rows=9.86e+6)
    -> Table scan on sbtest3  (cost=1.02e+6 rows=9.86e+6)


table 4 : explain SELECT * from sbtest4 WHERE LENGTH(c) < 0
	-> Filter: (length(sbtest4.c) < 0)  (cost=1.02e+6 rows=9.86e+6)
    -> Table scan on sbtest4  (cost=1.02e+6 rows=9.86e+6)


table 5 : explain SELECT * from sbtest5 WHERE LENGTH(c) < 0
	-> Filter: (length(sbtest5.c) < 0)  (cost=1.02e+6 rows=9.86e+6)
    -> Table scan on sbtest5  (cost=1.02e+6 rows=9.86e+6)


table 6 : explain SELECT * from sbtest6 WHERE LENGTH(c) < 0
	-> Filter: (length(sbtest6.c) < 0)  (cost=995391 rows=9.61e+6)
    -> Table scan on sbtest6  (cost=995391 rows=9.61e+6)


table 7 : explain SELECT * from sbtest7 WHERE LENGTH(c) < 0
	-> Filter: (length(sbtest7.c) < 0)  (cost=995391 rows=9.61e+6)
    -> Table scan on sbtest7  (cost=995391 rows=9.61e+6)


table 8 : explain SELECT * from sbtest8 WHERE LENGTH(c) < 0
	-> Filter: (length(sbtest8.c) < 0)  (cost=1.02e+6 rows=9.86e+6)
    -> Table scan on sbtest8  (cost=1.02e+6 rows=9.86e+6)


for scan
table 1 : explain SELECT * from sbtest1 WHERE LENGTH(c) < 0
	-> Filter: (length(sbtest1.c) < 0)  (cost=1.02e+6 rows=9.86e+6)
    -> Table scan on sbtest1  (cost=1.02e+6 rows=9.86e+6)


table 2 : explain SELECT * from sbtest2 WHERE LENGTH(c) < 0
	-> Filter: (length(sbtest2.c) < 0)  (cost=1.02e+6 rows=9.86e+6)
    -> Table scan on sbtest2  (cost=1.02e+6 rows=9.86e+6)


table 3 : explain SELECT * from sbtest3 WHERE LENGTH(c) < 0
	-> Filter: (length(sbtest3.c) < 0)  (cost=1.02e+6 rows=9.86e+6)
    -> Table scan on sbtest3  (cost=1.02e+6 rows=9.86e+6)


table 4 : explain SELECT * from sbtest4 WHERE LENGTH(c) < 0
	-> Filter: (length(sbtest4.c) < 0)  (cost=1.02e+6 rows=9.86e+6)
    -> Table scan on sbtest4  (cost=1.02e+6 rows=9.86e+6)


table 5 : explain SELECT * from sbtest5 WHERE LENGTH(c) < 0
	-> Filter: (length(sbtest5.c) < 0)  (cost=1.02e+6 rows=9.86e+6)
    -> Table scan on sbtest5  (cost=1.02e+6 rows=9.86e+6)


table 6 : explain SELECT * from sbtest6 WHERE LENGTH(c) < 0
	-> Filter: (length(sbtest6.c) < 0)  (cost=995391 rows=9.61e+6)
    -> Table scan on sbtest6  (cost=995391 rows=9.61e+6)


table 7 : explain SELECT * from sbtest7 WHERE LENGTH(c) < 0
	-> Filter: (length(sbtest7.c) < 0)  (cost=995391 rows=9.61e+6)
    -> Table scan on sbtest7  (cost=995391 rows=9.61e+6)


table 8 : explain SELECT * from sbtest8 WHERE LENGTH(c) < 0
	-> Filter: (length(sbtest8.c) < 0)  (cost=1.02e+6 rows=9.86e+6)
    -> Table scan on sbtest8  (cost=1.02e+6 rows=9.86e+6)


for scan
table 1 : explain SELECT * from sbtest1 WHERE LENGTH(c) < 0
	-> Filter: (length(sbtest1.c) < 0)  (cost=1.02e+6 rows=9.86e+6)
    -> Table scan on sbtest1  (cost=1.02e+6 rows=9.86e+6)


table 2 : explain SELECT * from sbtest2 WHERE LENGTH(c) < 0
	-> Filter: (length(sbtest2.c) < 0)  (cost=1.02e+6 rows=9.86e+6)
    -> Table scan on sbtest2  (cost=1.02e+6 rows=9.86e+6)


table 3 : explain SELECT * from sbtest3 WHERE LENGTH(c) < 0
	-> Filter: (length(sbtest3.c) < 0)  (cost=1.02e+6 rows=9.86e+6)
    -> Table scan on sbtest3  (cost=1.02e+6 rows=9.86e+6)


table 4 : explain SELECT * from sbtest4 WHERE LENGTH(c) < 0
	-> Filter: (length(sbtest4.c) < 0)  (cost=1.02e+6 rows=9.86e+6)
    -> Table scan on sbtest4  (cost=1.02e+6 rows=9.86e+6)


table 5 : explain SELECT * from sbtest5 WHERE LENGTH(c) < 0
	-> Filter: (length(sbtest5.c) < 0)  (cost=1.02e+6 rows=9.86e+6)
    -> Table scan on sbtest5  (cost=1.02e+6 rows=9.86e+6)


table 6 : explain SELECT * from sbtest6 WHERE LENGTH(c) < 0
	-> Filter: (length(sbtest6.c) < 0)  (cost=995391 rows=9.61e+6)
    -> Table scan on sbtest6  (cost=995391 rows=9.61e+6)


table 7 : explain SELECT * from sbtest7 WHERE LENGTH(c) < 0
	-> Filter: (length(sbtest7.c) < 0)  (cost=995391 rows=9.61e+6)
    -> Table scan on sbtest7  (cost=995391 rows=9.61e+6)


table 8 : explain SELECT * from sbtest8 WHERE LENGTH(c) < 0
	-> Filter: (length(sbtest8.c) < 0)  (cost=1.02e+6 rows=9.86e+6)
    -> Table scan on sbtest8  (cost=1.02e+6 rows=9.86e+6)


for scan
table 1 : explain SELECT * from sbtest1 WHERE LENGTH(c) < 0
	-> Filter: (length(sbtest1.c) < 0)  (cost=1.02e+6 rows=9.86e+6)
    -> Table scan on sbtest1  (cost=1.02e+6 rows=9.86e+6)


table 2 : explain SELECT * from sbtest2 WHERE LENGTH(c) < 0
	-> Filter: (length(sbtest2.c) < 0)  (cost=1.02e+6 rows=9.86e+6)
    -> Table scan on sbtest2  (cost=1.02e+6 rows=9.86e+6)


table 3 : explain SELECT * from sbtest3 WHERE LENGTH(c) < 0
	-> Filter: (length(sbtest3.c) < 0)  (cost=1.02e+6 rows=9.86e+6)
    -> Table scan on sbtest3  (cost=1.02e+6 rows=9.86e+6)


table 4 : explain SELECT * from sbtest4 WHERE LENGTH(c) < 0
	-> Filter: (length(sbtest4.c) < 0)  (cost=1.02e+6 rows=9.86e+6)
    -> Table scan on sbtest4  (cost=1.02e+6 rows=9.86e+6)


table 5 : explain SELECT * from sbtest5 WHERE LENGTH(c) < 0
	-> Filter: (length(sbtest5.c) < 0)  (cost=1.02e+6 rows=9.86e+6)
    -> Table scan on sbtest5  (cost=1.02e+6 rows=9.86e+6)


table 6 : explain SELECT * from sbtest6 WHERE LENGTH(c) < 0
	-> Filter: (length(sbtest6.c) < 0)  (cost=995391 rows=9.61e+6)
    -> Table scan on sbtest6  (cost=995391 rows=9.61e+6)


table 7 : explain SELECT * from sbtest7 WHERE LENGTH(c) < 0
	-> Filter: (length(sbtest7.c) < 0)  (cost=995391 rows=9.61e+6)
    -> Table scan on sbtest7  (cost=995391 rows=9.61e+6)


table 8 : explain SELECT * from sbtest8 WHERE LENGTH(c) < 0
	-> Filter: (length(sbtest8.c) < 0)  (cost=1.02e+6 rows=9.86e+6)
    -> Table scan on sbtest8  (cost=1.02e+6 rows=9.86e+6)


for scan
table 1 : explain SELECT * from sbtest1 WHERE LENGTH(c) < 0
	-> Filter: (length(sbtest1.c) < 0)  (cost=1.02e+6 rows=9.86e+6)
    -> Table scan on sbtest1  (cost=1.02e+6 rows=9.86e+6)


table 2 : explain SELECT * from sbtest2 WHERE LENGTH(c) < 0
	-> Filter: (length(sbtest2.c) < 0)  (cost=1.02e+6 rows=9.86e+6)
    -> Table scan on sbtest2  (cost=1.02e+6 rows=9.86e+6)


table 3 : explain SELECT * from sbtest3 WHERE LENGTH(c) < 0
	-> Filter: (length(sbtest3.c) < 0)  (cost=1.02e+6 rows=9.86e+6)
    -> Table scan on sbtest3  (cost=1.02e+6 rows=9.86e+6)


table 4 : explain SELECT * from sbtest4 WHERE LENGTH(c) < 0
	-> Filter: (length(sbtest4.c) < 0)  (cost=1.02e+6 rows=9.86e+6)
    -> Table scan on sbtest4  (cost=1.02e+6 rows=9.86e+6)


table 5 : explain SELECT * from sbtest5 WHERE LENGTH(c) < 0
	-> Filter: (length(sbtest5.c) < 0)  (cost=1.02e+6 rows=9.86e+6)
    -> Table scan on sbtest5  (cost=1.02e+6 rows=9.86e+6)


table 6 : explain SELECT * from sbtest6 WHERE LENGTH(c) < 0
	-> Filter: (length(sbtest6.c) < 0)  (cost=995391 rows=9.61e+6)
    -> Table scan on sbtest6  (cost=995391 rows=9.61e+6)


table 7 : explain SELECT * from sbtest7 WHERE LENGTH(c) < 0
	-> Filter: (length(sbtest7.c) < 0)  (cost=995391 rows=9.61e+6)
    -> Table scan on sbtest7  (cost=995391 rows=9.61e+6)


table 8 : explain SELECT * from sbtest8 WHERE LENGTH(c) < 0
	-> Filter: (length(sbtest8.c) < 0)  (cost=1.02e+6 rows=9.86e+6)
    -> Table scan on sbtest8  (cost=1.02e+6 rows=9.86e+6)


for scan
table 1 : explain SELECT * from sbtest1 WHERE LENGTH(c) < 0
	-> Filter: (length(sbtest1.c) < 0)  (cost=1.02e+6 rows=9.86e+6)
    -> Table scan on sbtest1  (cost=1.02e+6 rows=9.86e+6)


table 2 : explain SELECT * from sbtest2 WHERE LENGTH(c) < 0
	-> Filter: (length(sbtest2.c) < 0)  (cost=1.02e+6 rows=9.86e+6)
    -> Table scan on sbtest2  (cost=1.02e+6 rows=9.86e+6)


table 3 : explain SELECT * from sbtest3 WHERE LENGTH(c) < 0
	-> Filter: (length(sbtest3.c) < 0)  (cost=1.02e+6 rows=9.86e+6)
    -> Table scan on sbtest3  (cost=1.02e+6 rows=9.86e+6)


table 4 : explain SELECT * from sbtest4 WHERE LENGTH(c) < 0
	-> Filter: (length(sbtest4.c) < 0)  (cost=1.02e+6 rows=9.86e+6)
    -> Table scan on sbtest4  (cost=1.02e+6 rows=9.86e+6)


table 5 : explain SELECT * from sbtest5 WHERE LENGTH(c) < 0
	-> Filter: (length(sbtest5.c) < 0)  (cost=1.02e+6 rows=9.86e+6)
    -> Table scan on sbtest5  (cost=1.02e+6 rows=9.86e+6)


table 6 : explain SELECT * from sbtest6 WHERE LENGTH(c) < 0
	-> Filter: (length(sbtest6.c) < 0)  (cost=995391 rows=9.61e+6)
    -> Table scan on sbtest6  (cost=995391 rows=9.61e+6)


table 7 : explain SELECT * from sbtest7 WHERE LENGTH(c) < 0
	-> Filter: (length(sbtest7.c) < 0)  (cost=995391 rows=9.61e+6)
    -> Table scan on sbtest7  (cost=995391 rows=9.61e+6)


table 8 : explain SELECT * from sbtest8 WHERE LENGTH(c) < 0
	-> Filter: (length(sbtest8.c) < 0)  (cost=1.02e+6 rows=9.86e+6)
    -> Table scan on sbtest8  (cost=1.02e+6 rows=9.86e+6)


for scan
table 1 : explain SELECT * from sbtest1 WHERE LENGTH(c) < 0
	-> Filter: (length(sbtest1.c) < 0)  (cost=1.02e+6 rows=9.86e+6)
    -> Table scan on sbtest1  (cost=1.02e+6 rows=9.86e+6)


table 2 : explain SELECT * from sbtest2 WHERE LENGTH(c) < 0
	-> Filter: (length(sbtest2.c) < 0)  (cost=1.02e+6 rows=9.86e+6)
    -> Table scan on sbtest2  (cost=1.02e+6 rows=9.86e+6)


table 3 : explain SELECT * from sbtest3 WHERE LENGTH(c) < 0
	-> Filter: (length(sbtest3.c) < 0)  (cost=1.02e+6 rows=9.86e+6)
    -> Table scan on sbtest3  (cost=1.02e+6 rows=9.86e+6)


table 4 : explain SELECT * from sbtest4 WHERE LENGTH(c) < 0
	-> Filter: (length(sbtest4.c) < 0)  (cost=1.02e+6 rows=9.86e+6)
    -> Table scan on sbtest4  (cost=1.02e+6 rows=9.86e+6)


table 5 : explain SELECT * from sbtest5 WHERE LENGTH(c) < 0
	-> Filter: (length(sbtest5.c) < 0)  (cost=1.02e+6 rows=9.86e+6)
    -> Table scan on sbtest5  (cost=1.02e+6 rows=9.86e+6)


table 6 : explain SELECT * from sbtest6 WHERE LENGTH(c) < 0
	-> Filter: (length(sbtest6.c) < 0)  (cost=995391 rows=9.61e+6)
    -> Table scan on sbtest6  (cost=995391 rows=9.61e+6)


table 7 : explain SELECT * from sbtest7 WHERE LENGTH(c) < 0
	-> Filter: (length(sbtest7.c) < 0)  (cost=995391 rows=9.61e+6)
    -> Table scan on sbtest7  (cost=995391 rows=9.61e+6)


table 8 : explain SELECT * from sbtest8 WHERE LENGTH(c) < 0
	-> Filter: (length(sbtest8.c) < 0)  (cost=1.02e+6 rows=9.86e+6)
    -> Table scan on sbtest8  (cost=1.02e+6 rows=9.86e+6)


for scan
table 1 : explain SELECT * from sbtest1 WHERE LENGTH(c) < 0
	-> Filter: (length(sbtest1.c) < 0)  (cost=1.02e+6 rows=9.86e+6)
    -> Table scan on sbtest1  (cost=1.02e+6 rows=9.86e+6)


table 2 : explain SELECT * from sbtest2 WHERE LENGTH(c) < 0
	-> Filter: (length(sbtest2.c) < 0)  (cost=1.02e+6 rows=9.86e+6)
    -> Table scan on sbtest2  (cost=1.02e+6 rows=9.86e+6)


table 3 : explain SELECT * from sbtest3 WHERE LENGTH(c) < 0
	-> Filter: (length(sbtest3.c) < 0)  (cost=1.02e+6 rows=9.86e+6)
    -> Table scan on sbtest3  (cost=1.02e+6 rows=9.86e+6)


table 4 : explain SELECT * from sbtest4 WHERE LENGTH(c) < 0
	-> Filter: (length(sbtest4.c) < 0)  (cost=1.02e+6 rows=9.86e+6)
    -> Table scan on sbtest4  (cost=1.02e+6 rows=9.86e+6)


table 5 : explain SELECT * from sbtest5 WHERE LENGTH(c) < 0
	-> Filter: (length(sbtest5.c) < 0)  (cost=1.02e+6 rows=9.86e+6)
    -> Table scan on sbtest5  (cost=1.02e+6 rows=9.86e+6)


table 6 : explain SELECT * from sbtest6 WHERE LENGTH(c) < 0
	-> Filter: (length(sbtest6.c) < 0)  (cost=995391 rows=9.61e+6)
    -> Table scan on sbtest6  (cost=995391 rows=9.61e+6)


table 7 : explain SELECT * from sbtest7 WHERE LENGTH(c) < 0
	-> Filter: (length(sbtest7.c) < 0)  (cost=995391 rows=9.61e+6)
    -> Table scan on sbtest7  (cost=995391 rows=9.61e+6)


table 8 : explain SELECT * from sbtest8 WHERE LENGTH(c) < 0
	-> Filter: (length(sbtest8.c) < 0)  (cost=1.02e+6 rows=9.86e+6)
    -> Table scan on sbtest8  (cost=1.02e+6 rows=9.86e+6)


for scan
table 1 : explain SELECT * from sbtest1 WHERE LENGTH(c) < 0
	-> Filter: (length(sbtest1.c) < 0)  (cost=1.02e+6 rows=9.86e+6)
    -> Table scan on sbtest1  (cost=1.02e+6 rows=9.86e+6)


table 2 : explain SELECT * from sbtest2 WHERE LENGTH(c) < 0
	-> Filter: (length(sbtest2.c) < 0)  (cost=1.02e+6 rows=9.86e+6)
    -> Table scan on sbtest2  (cost=1.02e+6 rows=9.86e+6)


table 3 : explain SELECT * from sbtest3 WHERE LENGTH(c) < 0
	-> Filter: (length(sbtest3.c) < 0)  (cost=1.02e+6 rows=9.86e+6)
    -> Table scan on sbtest3  (cost=1.02e+6 rows=9.86e+6)


table 4 : explain SELECT * from sbtest4 WHERE LENGTH(c) < 0
	-> Filter: (length(sbtest4.c) < 0)  (cost=1.02e+6 rows=9.86e+6)
    -> Table scan on sbtest4  (cost=1.02e+6 rows=9.86e+6)


table 5 : explain SELECT * from sbtest5 WHERE LENGTH(c) < 0
	-> Filter: (length(sbtest5.c) < 0)  (cost=1.02e+6 rows=9.86e+6)
    -> Table scan on sbtest5  (cost=1.02e+6 rows=9.86e+6)


table 6 : explain SELECT * from sbtest6 WHERE LENGTH(c) < 0
	-> Filter: (length(sbtest6.c) < 0)  (cost=995391 rows=9.61e+6)
    -> Table scan on sbtest6  (cost=995391 rows=9.61e+6)


table 7 : explain SELECT * from sbtest7 WHERE LENGTH(c) < 0
	-> Filter: (length(sbtest7.c) < 0)  (cost=995391 rows=9.61e+6)
    -> Table scan on sbtest7  (cost=995391 rows=9.61e+6)


table 8 : explain SELECT * from sbtest8 WHERE LENGTH(c) < 0
	-> Filter: (length(sbtest8.c) < 0)  (cost=1.02e+6 rows=9.86e+6)
    -> Table scan on sbtest8  (cost=1.02e+6 rows=9.86e+6)


for scan
table 1 : explain SELECT * from sbtest1 WHERE LENGTH(c) < 0
	-> Filter: (length(sbtest1.c) < 0)  (cost=1.02e+6 rows=9.86e+6)
    -> Table scan on sbtest1  (cost=1.02e+6 rows=9.86e+6)


table 2 : explain SELECT * from sbtest2 WHERE LENGTH(c) < 0
	-> Filter: (length(sbtest2.c) < 0)  (cost=1.02e+6 rows=9.86e+6)
    -> Table scan on sbtest2  (cost=1.02e+6 rows=9.86e+6)


table 3 : explain SELECT * from sbtest3 WHERE LENGTH(c) < 0
	-> Filter: (length(sbtest3.c) < 0)  (cost=1.02e+6 rows=9.86e+6)
    -> Table scan on sbtest3  (cost=1.02e+6 rows=9.86e+6)


table 4 : explain SELECT * from sbtest4 WHERE LENGTH(c) < 0
	-> Filter: (length(sbtest4.c) < 0)  (cost=1.02e+6 rows=9.86e+6)
    -> Table scan on sbtest4  (cost=1.02e+6 rows=9.86e+6)


table 5 : explain SELECT * from sbtest5 WHERE LENGTH(c) < 0
	-> Filter: (length(sbtest5.c) < 0)  (cost=1.02e+6 rows=9.86e+6)
    -> Table scan on sbtest5  (cost=1.02e+6 rows=9.86e+6)


table 6 : explain SELECT * from sbtest6 WHERE LENGTH(c) < 0
	-> Filter: (length(sbtest6.c) < 0)  (cost=995391 rows=9.61e+6)
    -> Table scan on sbtest6  (cost=995391 rows=9.61e+6)


table 7 : explain SELECT * from sbtest7 WHERE LENGTH(c) < 0
	-> Filter: (length(sbtest7.c) < 0)  (cost=995391 rows=9.61e+6)
    -> Table scan on sbtest7  (cost=995391 rows=9.61e+6)


table 8 : explain SELECT * from sbtest8 WHERE LENGTH(c) < 0
	-> Filter: (length(sbtest8.c) < 0)  (cost=1.02e+6 rows=9.86e+6)
    -> Table scan on sbtest8  (cost=1.02e+6 rows=9.86e+6)


for scan
table 1 : explain SELECT * from sbtest1 WHERE LENGTH(c) < 0
	-> Filter: (length(sbtest1.c) < 0)  (cost=1.02e+6 rows=9.86e+6)
    -> Table scan on sbtest1  (cost=1.02e+6 rows=9.86e+6)


table 2 : explain SELECT * from sbtest2 WHERE LENGTH(c) < 0
	-> Filter: (length(sbtest2.c) < 0)  (cost=1.02e+6 rows=9.86e+6)
    -> Table scan on sbtest2  (cost=1.02e+6 rows=9.86e+6)


table 3 : explain SELECT * from sbtest3 WHERE LENGTH(c) < 0
	-> Filter: (length(sbtest3.c) < 0)  (cost=1.02e+6 rows=9.86e+6)
    -> Table scan on sbtest3  (cost=1.02e+6 rows=9.86e+6)


table 4 : explain SELECT * from sbtest4 WHERE LENGTH(c) < 0
	-> Filter: (length(sbtest4.c) < 0)  (cost=1.02e+6 rows=9.86e+6)
    -> Table scan on sbtest4  (cost=1.02e+6 rows=9.86e+6)


table 5 : explain SELECT * from sbtest5 WHERE LENGTH(c) < 0
	-> Filter: (length(sbtest5.c) < 0)  (cost=1.02e+6 rows=9.86e+6)
    -> Table scan on sbtest5  (cost=1.02e+6 rows=9.86e+6)


table 6 : explain SELECT * from sbtest6 WHERE LENGTH(c) < 0
	-> Filter: (length(sbtest6.c) < 0)  (cost=995391 rows=9.61e+6)
    -> Table scan on sbtest6  (cost=995391 rows=9.61e+6)


table 7 : explain SELECT * from sbtest7 WHERE LENGTH(c) < 0
	-> Filter: (length(sbtest7.c) < 0)  (cost=995391 rows=9.61e+6)
    -> Table scan on sbtest7  (cost=995391 rows=9.61e+6)


table 8 : explain SELECT * from sbtest8 WHERE LENGTH(c) < 0
	-> Filter: (length(sbtest8.c) < 0)  (cost=1.02e+6 rows=9.86e+6)
    -> Table scan on sbtest8  (cost=1.02e+6 rows=9.86e+6)


for scan
table 1 : explain SELECT * from sbtest1 WHERE LENGTH(c) < 0
	-> Filter: (length(sbtest1.c) < 0)  (cost=1.02e+6 rows=9.86e+6)
    -> Table scan on sbtest1  (cost=1.02e+6 rows=9.86e+6)


table 2 : explain SELECT * from sbtest2 WHERE LENGTH(c) < 0
	-> Filter: (length(sbtest2.c) < 0)  (cost=1.02e+6 rows=9.86e+6)
    -> Table scan on sbtest2  (cost=1.02e+6 rows=9.86e+6)


table 3 : explain SELECT * from sbtest3 WHERE LENGTH(c) < 0
	-> Filter: (length(sbtest3.c) < 0)  (cost=1.02e+6 rows=9.86e+6)
    -> Table scan on sbtest3  (cost=1.02e+6 rows=9.86e+6)


table 4 : explain SELECT * from sbtest4 WHERE LENGTH(c) < 0
	-> Filter: (length(sbtest4.c) < 0)  (cost=1.02e+6 rows=9.86e+6)
    -> Table scan on sbtest4  (cost=1.02e+6 rows=9.86e+6)


table 5 : explain SELECT * from sbtest5 WHERE LENGTH(c) < 0
	-> Filter: (length(sbtest5.c) < 0)  (cost=1.02e+6 rows=9.86e+6)
    -> Table scan on sbtest5  (cost=1.02e+6 rows=9.86e+6)


table 6 : explain SELECT * from sbtest6 WHERE LENGTH(c) < 0
	-> Filter: (length(sbtest6.c) < 0)  (cost=995391 rows=9.61e+6)
    -> Table scan on sbtest6  (cost=995391 rows=9.61e+6)


table 7 : explain SELECT * from sbtest7 WHERE LENGTH(c) < 0
	-> Filter: (length(sbtest7.c) < 0)  (cost=995391 rows=9.61e+6)
    -> Table scan on sbtest7  (cost=995391 rows=9.61e+6)


table 8 : explain SELECT * from sbtest8 WHERE LENGTH(c) < 0
	-> Filter: (length(sbtest8.c) < 0)  (cost=1.02e+6 rows=9.86e+6)
    -> Table scan on sbtest8  (cost=1.02e+6 rows=9.86e+6)


for scan
table 1 : explain SELECT * from sbtest1 WHERE LENGTH(c) < 0
	-> Filter: (length(sbtest1.c) < 0)  (cost=1.02e+6 rows=9.86e+6)
    -> Table scan on sbtest1  (cost=1.02e+6 rows=9.86e+6)


table 2 : explain SELECT * from sbtest2 WHERE LENGTH(c) < 0
	-> Filter: (length(sbtest2.c) < 0)  (cost=1.02e+6 rows=9.86e+6)
    -> Table scan on sbtest2  (cost=1.02e+6 rows=9.86e+6)


table 3 : explain SELECT * from sbtest3 WHERE LENGTH(c) < 0
	-> Filter: (length(sbtest3.c) < 0)  (cost=1.02e+6 rows=9.86e+6)
    -> Table scan on sbtest3  (cost=1.02e+6 rows=9.86e+6)


table 4 : explain SELECT * from sbtest4 WHERE LENGTH(c) < 0
	-> Filter: (length(sbtest4.c) < 0)  (cost=1.02e+6 rows=9.86e+6)
    -> Table scan on sbtest4  (cost=1.02e+6 rows=9.86e+6)


table 5 : explain SELECT * from sbtest5 WHERE LENGTH(c) < 0
	-> Filter: (length(sbtest5.c) < 0)  (cost=1.02e+6 rows=9.86e+6)
    -> Table scan on sbtest5  (cost=1.02e+6 rows=9.86e+6)


table 6 : explain SELECT * from sbtest6 WHERE LENGTH(c) < 0
	-> Filter: (length(sbtest6.c) < 0)  (cost=995391 rows=9.61e+6)
    -> Table scan on sbtest6  (cost=995391 rows=9.61e+6)


table 7 : explain SELECT * from sbtest7 WHERE LENGTH(c) < 0
	-> Filter: (length(sbtest7.c) < 0)  (cost=995391 rows=9.61e+6)
    -> Table scan on sbtest7  (cost=995391 rows=9.61e+6)


table 8 : explain SELECT * from sbtest8 WHERE LENGTH(c) < 0
	-> Filter: (length(sbtest8.c) < 0)  (cost=1.02e+6 rows=9.86e+6)
    -> Table scan on sbtest8  (cost=1.02e+6 rows=9.86e+6)


for scan
table 1 : explain SELECT * from sbtest1 WHERE LENGTH(c) < 0
	-> Filter: (length(sbtest1.c) < 0)  (cost=1.02e+6 rows=9.86e+6)
    -> Table scan on sbtest1  (cost=1.02e+6 rows=9.86e+6)


table 2 : explain SELECT * from sbtest2 WHERE LENGTH(c) < 0
	-> Filter: (length(sbtest2.c) < 0)  (cost=1.02e+6 rows=9.86e+6)
    -> Table scan on sbtest2  (cost=1.02e+6 rows=9.86e+6)


table 3 : explain SELECT * from sbtest3 WHERE LENGTH(c) < 0
	-> Filter: (length(sbtest3.c) < 0)  (cost=1.02e+6 rows=9.86e+6)
    -> Table scan on sbtest3  (cost=1.02e+6 rows=9.86e+6)


table 4 : explain SELECT * from sbtest4 WHERE LENGTH(c) < 0
	-> Filter: (length(sbtest4.c) < 0)  (cost=1.02e+6 rows=9.86e+6)
    -> Table scan on sbtest4  (cost=1.02e+6 rows=9.86e+6)


table 5 : explain SELECT * from sbtest5 WHERE LENGTH(c) < 0
	-> Filter: (length(sbtest5.c) < 0)  (cost=1.02e+6 rows=9.86e+6)
    -> Table scan on sbtest5  (cost=1.02e+6 rows=9.86e+6)


table 6 : explain SELECT * from sbtest6 WHERE LENGTH(c) < 0
	-> Filter: (length(sbtest6.c) < 0)  (cost=995391 rows=9.61e+6)
    -> Table scan on sbtest6  (cost=995391 rows=9.61e+6)


table 7 : explain SELECT * from sbtest7 WHERE LENGTH(c) < 0
	-> Filter: (length(sbtest7.c) < 0)  (cost=995391 rows=9.61e+6)
    -> Table scan on sbtest7  (cost=995391 rows=9.61e+6)


table 8 : explain SELECT * from sbtest8 WHERE LENGTH(c) < 0
	-> Filter: (length(sbtest8.c) < 0)  (cost=1.02e+6 rows=9.86e+6)
    -> Table scan on sbtest8  (cost=1.02e+6 rows=9.86e+6)


for scan
table 1 : explain SELECT * from sbtest1 WHERE LENGTH(c) < 0
	-> Filter: (length(sbtest1.c) < 0)  (cost=1.02e+6 rows=9.86e+6)
    -> Table scan on sbtest1  (cost=1.02e+6 rows=9.86e+6)


table 2 : explain SELECT * from sbtest2 WHERE LENGTH(c) < 0
	-> Filter: (length(sbtest2.c) < 0)  (cost=1.02e+6 rows=9.86e+6)
    -> Table scan on sbtest2  (cost=1.02e+6 rows=9.86e+6)


table 3 : explain SELECT * from sbtest3 WHERE LENGTH(c) < 0
	-> Filter: (length(sbtest3.c) < 0)  (cost=1.02e+6 rows=9.86e+6)
    -> Table scan on sbtest3  (cost=1.02e+6 rows=9.86e+6)


table 4 : explain SELECT * from sbtest4 WHERE LENGTH(c) < 0
	-> Filter: (length(sbtest4.c) < 0)  (cost=1.02e+6 rows=9.86e+6)
    -> Table scan on sbtest4  (cost=1.02e+6 rows=9.86e+6)


table 5 : explain SELECT * from sbtest5 WHERE LENGTH(c) < 0
	-> Filter: (length(sbtest5.c) < 0)  (cost=1.02e+6 rows=9.86e+6)
    -> Table scan on sbtest5  (cost=1.02e+6 rows=9.86e+6)


table 6 : explain SELECT * from sbtest6 WHERE LENGTH(c) < 0
	-> Filter: (length(sbtest6.c) < 0)  (cost=995391 rows=9.61e+6)
    -> Table scan on sbtest6  (cost=995391 rows=9.61e+6)


table 7 : explain SELECT * from sbtest7 WHERE LENGTH(c) < 0
	-> Filter: (length(sbtest7.c) < 0)  (cost=995391 rows=9.61e+6)
    -> Table scan on sbtest7  (cost=995391 rows=9.61e+6)


table 8 : explain SELECT * from sbtest8 WHERE LENGTH(c) < 0
	-> Filter: (length(sbtest8.c) < 0)  (cost=1.02e+6 rows=9.86e+6)
    -> Table scan on sbtest8  (cost=1.02e+6 rows=9.86e+6)


for scan
table 1 : explain SELECT * from sbtest1 WHERE LENGTH(c) < 0
	-> Filter: (length(sbtest1.c) < 0)  (cost=1.02e+6 rows=9.86e+6)
    -> Table scan on sbtest1  (cost=1.02e+6 rows=9.86e+6)


table 2 : explain SELECT * from sbtest2 WHERE LENGTH(c) < 0
	-> Filter: (length(sbtest2.c) < 0)  (cost=1.02e+6 rows=9.86e+6)
    -> Table scan on sbtest2  (cost=1.02e+6 rows=9.86e+6)


table 3 : explain SELECT * from sbtest3 WHERE LENGTH(c) < 0
	-> Filter: (length(sbtest3.c) < 0)  (cost=1.02e+6 rows=9.86e+6)
    -> Table scan on sbtest3  (cost=1.02e+6 rows=9.86e+6)


table 4 : explain SELECT * from sbtest4 WHERE LENGTH(c) < 0
	-> Filter: (length(sbtest4.c) < 0)  (cost=1.02e+6 rows=9.86e+6)
    -> Table scan on sbtest4  (cost=1.02e+6 rows=9.86e+6)


table 5 : explain SELECT * from sbtest5 WHERE LENGTH(c) < 0
	-> Filter: (length(sbtest5.c) < 0)  (cost=1.02e+6 rows=9.86e+6)
    -> Table scan on sbtest5  (cost=1.02e+6 rows=9.86e+6)


table 6 : explain SELECT * from sbtest6 WHERE LENGTH(c) < 0
	-> Filter: (length(sbtest6.c) < 0)  (cost=995391 rows=9.61e+6)
    -> Table scan on sbtest6  (cost=995391 rows=9.61e+6)


table 7 : explain SELECT * from sbtest7 WHERE LENGTH(c) < 0
	-> Filter: (length(sbtest7.c) < 0)  (cost=995391 rows=9.61e+6)
    -> Table scan on sbtest7  (cost=995391 rows=9.61e+6)


table 8 : explain SELECT * from sbtest8 WHERE LENGTH(c) < 0
	-> Filter: (length(sbtest8.c) < 0)  (cost=1.02e+6 rows=9.86e+6)
    -> Table scan on sbtest8  (cost=1.02e+6 rows=9.86e+6)


Threads started!

Warming up for 5 seconds...

SQL statistics:
    queries performed:
        read:                            1052
        write:                           0
        other:                           0
        total:                           1052
    transactions:                        1052   (16.93 per sec.)
    queries:                             1052   (16.93 per sec.)
    ignored errors:                      0      (0.00 per sec.)
    reconnects:                          0      (0.00 per sec.)

Throughput:
    events/s (eps):                      16.9265
    time elapsed:                        62.1512s
    total number of events:              1052

Latency (ms):
         min:                                 2158.44
         avg:                                 2338.36
         max:                                 2612.75
         95th percentile:                     2405.65
         sum:                              2459950.77

Threads fairness:
    events (avg/stddev):           26.3000/0.56
    execution time (avg/stddev):   61.4988/0.74

