LUA_PATH=/home/mdcallag/git/mytools/bench/sysbench.lua/lua/?.lua /home/mdcallag/git/mytools/bench/sysbench.lua/lua/sysbench --db-driver=mysql --range-size=100 --table-size=10000000 --tables=8 --threads=40 --events=0 --warmup-time=5 --time=630 /home/mdcallag/git/mytools/bench/sysbench.lua/lua/oltp_range_covered.lua run --mysql-user=root --mysql-password=pw --mysql-host=127.0.0.1 --mysql-db=test --rand-type=uniform --random-points=100 --skip-trx --covered=false
48 CPUs
sysbench 1.1.0-9072687 (using bundled LuaJIT 2.1.0-beta3)

Running the test with following options:
Number of threads: 40
Warmup time: 5s
Initializing random number generator from current time


Initializing worker threads...

explain: for range-notcovered :: explain SELECT id, c FROM sbtest%d WHERE id BETWEEN 7021492 AND 7021592
explain: for range-notcovered :: explain SELECT id, c FROM sbtest%d WHERE id BETWEEN 7208830 AND 7208930
explain: for range-notcovered :: explain SELECT id, c FROM sbtest%d WHERE id BETWEEN 3051203 AND 3051303
explain: for range-notcovered :: explain SELECT id, c FROM sbtest%d WHERE id BETWEEN 2798754 AND 2798854
explain: for range-notcovered :: explain SELECT id, c FROM sbtest%d WHERE id BETWEEN 2677039 AND 2677139
explain: for range-notcovered :: explain SELECT id, c FROM sbtest%d WHERE id BETWEEN 3603238 AND 3603338explain: for range-notcovered :: explain SELECT id, c FROM sbtest%d WHERE id BETWEEN 4880599 AND 4880699

explain: for range-notcovered :: explain SELECT id, c FROM sbtest%d WHERE id BETWEEN 8460869 AND 8460969
explain: for range-notcovered :: explain SELECT id, c FROM sbtest%d WHERE id BETWEEN 4201106 AND 4201206
explain: for range-notcovered :: explain SELECT id, c FROM sbtest%d WHERE id BETWEEN 6620110 AND 6620210
explain: for range-notcovered :: explain SELECT id, c FROM sbtest%d WHERE id BETWEEN 5027690 AND 5027790
explain: for range-notcovered :: explain SELECT id, c FROM sbtest%d WHERE id BETWEEN 5767498 AND 5767598
explain: for range-notcovered :: explain SELECT id, c FROM sbtest%d WHERE id BETWEEN 8363538 AND 8363638
explain: for range-notcovered :: explain SELECT id, c FROM sbtest%d WHERE id BETWEEN 8210069 AND 8210169
explain: for range-notcovered :: explain SELECT id, c FROM sbtest%d WHERE id BETWEEN 1765473 AND 1765573
explain: for range-notcovered :: explain SELECT id, c FROM sbtest%d WHERE id BETWEEN 8697513 AND 8697613
explain: for range-notcovered :: explain SELECT id, c FROM sbtest%d WHERE id BETWEEN 2819123 AND 2819223
explain: for range-notcovered :: explain SELECT id, c FROM sbtest%d WHERE id BETWEEN 4567750 AND 4567850
explain: for range-notcovered :: explain SELECT id, c FROM sbtest%d WHERE id BETWEEN 4339851 AND 4339951
explain: for range-notcovered :: explain SELECT id, c FROM sbtest%d WHERE id BETWEEN 2905294 AND 2905394
explain: for range-notcovered :: explain SELECT id, c FROM sbtest%d WHERE id BETWEEN 9304560 AND 9304660
explain: for range-notcovered :: explain SELECT id, c FROM sbtest%d WHERE id BETWEEN 9018896 AND 9018996
explain: for range-notcovered :: explain SELECT id, c FROM sbtest%d WHERE id BETWEEN 2559955 AND 2560055
explain: for range-notcovered :: explain SELECT id, c FROM sbtest%d WHERE id BETWEEN 4118184 AND 4118284
explain: for range-notcovered :: explain SELECT id, c FROM sbtest%d WHERE id BETWEEN 9392832 AND 9392932
explain: for range-notcovered :: explain SELECT id, c FROM sbtest%d WHERE id BETWEEN 7378558 AND 7378658
explain: for range-notcovered :: explain SELECT id, c FROM sbtest%d WHERE id BETWEEN 5102644 AND 5102744
explain: for range-notcovered :: explain SELECT id, c FROM sbtest%d WHERE id BETWEEN 6876452 AND 6876552
for range-notcovered
table 1 : explain SELECT id, c FROM sbtest1 WHERE id BETWEEN 7208830 AND 7208930
	-> Filter: (sbtest1.id between 7208830 and 7208930)  (cost=20.6 rows=101)
    -> Index range scan on sbtest1 using PRIMARY over (7208830 <= id <= 7208930)  (cost=20.6 rows=101)


table 2 : explain SELECT id, c FROM sbtest2 WHERE id BETWEEN 7208830 AND 7208930
	-> Filter: (sbtest2.id between 7208830 and 7208930)  (cost=20.6 rows=101)
    -> Index range scan on sbtest2 using PRIMARY over (7208830 <= id <= 7208930)  (cost=20.6 rows=101)


table 3 : explain SELECT id, c FROM sbtest3 WHERE id BETWEEN 7208830 AND 7208930
	-> Filter: (sbtest3.id between 7208830 and 7208930)  (cost=20.6 rows=101)
    -> Index range scan on sbtest3 using PRIMARY over (7208830 <= id <= 7208930)  (cost=20.6 rows=101)


table 4 : explain SELECT id, c FROM sbtest4 WHERE id BETWEEN 7208830 AND 7208930
	-> Filter: (sbtest4.id between 7208830 and 7208930)  (cost=20.6 rows=101)
    -> Index range scan on sbtest4 using PRIMARY over (7208830 <= id <= 7208930)  (cost=20.6 rows=101)


table 5 : explain SELECT id, c FROM sbtest5 WHERE id BETWEEN 7208830 AND 7208930
	-> Filter: (sbtest5.id between 7208830 and 7208930)  (cost=20.6 rows=101)
    -> Index range scan on sbtest5 using PRIMARY over (7208830 <= id <= 7208930)  (cost=20.6 rows=101)


table 6 : explain SELECT id, c FROM sbtest6 WHERE id BETWEEN 7208830 AND 7208930
	-> Filter: (sbtest6.id between 7208830 and 7208930)  (cost=20.6 rows=101)
    -> Index range scan on sbtest6 using PRIMARY over (7208830 <= id <= 7208930)  (cost=20.6 rows=101)


table 7 : explain SELECT id, c FROM sbtest7 WHERE id BETWEEN 7208830 AND 7208930
	-> Filter: (sbtest7.id between 7208830 and 7208930)  (cost=20.6 rows=101)
    -> Index range scan on sbtest7 using PRIMARY over (7208830 <= id <= 7208930)  (cost=20.6 rows=101)


table 8 : explain SELECT id, c FROM sbtest8 WHERE id BETWEEN 7208830 AND 7208930
	-> Filter: (sbtest8.id between 7208830 and 7208930)  (cost=20.6 rows=101)
    -> Index range scan on sbtest8 using PRIMARY over (7208830 <= id <= 7208930)  (cost=20.6 rows=101)


for range-notcovered
table 1 : explain SELECT id, c FROM sbtest1 WHERE id BETWEEN 3051203 AND 3051303
	-> Filter: (sbtest1.id between 3051203 and 3051303)  (cost=20.6 rows=101)
    -> Index range scan on sbtest1 using PRIMARY over (3051203 <= id <= 3051303)  (cost=20.6 rows=101)


table 2 : explain SELECT id, c FROM sbtest2 WHERE id BETWEEN 3051203 AND 3051303
	-> Filter: (sbtest2.id between 3051203 and 3051303)  (cost=20.6 rows=101)
    -> Index range scan on sbtest2 using PRIMARY over (3051203 <= id <= 3051303)  (cost=20.6 rows=101)


table 3 : explain SELECT id, c FROM sbtest3 WHERE id BETWEEN 3051203 AND 3051303
	-> Filter: (sbtest3.id between 3051203 and 3051303)  (cost=20.6 rows=101)
    -> Index range scan on sbtest3 using PRIMARY over (3051203 <= id <= 3051303)  (cost=20.6 rows=101)


table 4 : explain SELECT id, c FROM sbtest4 WHERE id BETWEEN 3051203 AND 3051303
	-> Filter: (sbtest4.id between 3051203 and 3051303)  (cost=20.6 rows=101)
    -> Index range scan on sbtest4 using PRIMARY over (3051203 <= id <= 3051303)  (cost=20.6 rows=101)


table 5 : explain SELECT id, c FROM sbtest5 WHERE id BETWEEN 3051203 AND 3051303
	-> Filter: (sbtest5.id between 3051203 and 3051303)  (cost=20.6 rows=101)
    -> Index range scan on sbtest5 using PRIMARY over (3051203 <= id <= 3051303)  (cost=20.6 rows=101)


table 6 : explain SELECT id, c FROM sbtest6 WHERE id BETWEEN 3051203 AND 3051303
	-> Filter: (sbtest6.id between 3051203 and 3051303)  (cost=20.6 rows=101)
    -> Index range scan on sbtest6 using PRIMARY over (3051203 <= id <= 3051303)  (cost=20.6 rows=101)


table 7 : explain SELECT id, c FROM sbtest7 WHERE id BETWEEN 3051203 AND 3051303
	-> Filter: (sbtest7.id between 3051203 and 3051303)  (cost=20.6 rows=101)
    -> Index range scan on sbtest7 using PRIMARY over (3051203 <= id <= 3051303)  (cost=20.6 rows=101)


table 8 : explain SELECT id, c FROM sbtest8 WHERE id BETWEEN 3051203 AND 3051303
	-> Filter: (sbtest8.id between 3051203 and 3051303)  (cost=20.6 rows=101)
    -> Index range scan on sbtest8 using PRIMARY over (3051203 <= id <= 3051303)  (cost=20.6 rows=101)


explain: for range-notcovered :: explain SELECT id, c FROM sbtest%d WHERE id BETWEEN 4869755 AND 4869855
for range-notcovered
table 1 : explain SELECT id, c FROM sbtest1 WHERE id BETWEEN 4880599 AND 4880699
	-> Filter: (sbtest1.id between 4880599 and 4880699)  (cost=20.6 rows=101)
    -> Index range scan on sbtest1 using PRIMARY over (4880599 <= id <= 4880699)  (cost=20.6 rows=101)


table 2 : explain SELECT id, c FROM sbtest2 WHERE id BETWEEN 4880599 AND 4880699
	-> Filter: (sbtest2.id between 4880599 and 4880699)  (cost=20.6 rows=101)
    -> Index range scan on sbtest2 using PRIMARY over (4880599 <= id <= 4880699)  (cost=20.6 rows=101)


table 3 : explain SELECT id, c FROM sbtest3 WHERE id BETWEEN 4880599 AND 4880699
	-> Filter: (sbtest3.id between 4880599 and 4880699)  (cost=20.6 rows=101)
    -> Index range scan on sbtest3 using PRIMARY over (4880599 <= id <= 4880699)  (cost=20.6 rows=101)


table 4 : explain SELECT id, c FROM sbtest4 WHERE id BETWEEN 4880599 AND 4880699
	-> Filter: (sbtest4.id between 4880599 and 4880699)  (cost=20.6 rows=101)
    -> Index range scan on sbtest4 using PRIMARY over (4880599 <= id <= 4880699)  (cost=20.6 rows=101)


table 5 : explain SELECT id, c FROM sbtest5 WHERE id BETWEEN 4880599 AND 4880699
	-> Filter: (sbtest5.id between 4880599 and 4880699)  (cost=20.6 rows=101)
    -> Index range scan on sbtest5 using PRIMARY over (4880599 <= id <= 4880699)  (cost=20.6 rows=101)


table 6 : explain SELECT id, c FROM sbtest6 WHERE id BETWEEN 4880599 AND 4880699
	-> Filter: (sbtest6.id between 4880599 and 4880699)  (cost=20.6 rows=101)
    -> Index range scan on sbtest6 using PRIMARY over (4880599 <= id <= 4880699)  (cost=20.6 rows=101)


table 7 : explain SELECT id, c FROM sbtest7 WHERE id BETWEEN 4880599 AND 4880699
	-> Filter: (sbtest7.id between 4880599 and 4880699)  (cost=20.6 rows=101)
    -> Index range scan on sbtest7 using PRIMARY over (4880599 <= id <= 4880699)  (cost=20.6 rows=101)


table 8 : explain SELECT id, c FROM sbtest8 WHERE id BETWEEN 4880599 AND 4880699
	-> Filter: (sbtest8.id between 4880599 and 4880699)  (cost=20.6 rows=101)
    -> Index range scan on sbtest8 using PRIMARY over (4880599 <= id <= 4880699)  (cost=20.6 rows=101)


explain: for range-notcovered :: explain SELECT id, c FROM sbtest%d WHERE id BETWEEN 3730450 AND 3730550for range-notcovered
table 1 : explain SELECT id, c FROM sbtest1 WHERE id BETWEEN 4201106 AND 4201206
	-> Filter: (sbtest1.id between 4201106 and 4201206)  (cost=20.6 rows=101)
    -> Index range scan on sbtest1 using PRIMARY over (4201106 <= id <= 4201206)  (cost=20.6 rows=101)


table 2 : explain SELECT id, c FROM sbtest2 WHERE id BETWEEN 4201106 AND 4201206
	-> Filter: (sbtest2.id between 4201106 and 4201206)  (cost=20.6 rows=101)
    -> Index range scan on sbtest2 using PRIMARY over (4201106 <= id <= 4201206)  (cost=20.6 rows=101)


table 3 : explain SELECT id, c FROM sbtest3 WHERE id BETWEEN 4201106 AND 4201206
	-> Filter: (sbtest3.id between 4201106 and 4201206)  (cost=20.6 rows=101)
    -> Index range scan on sbtest3 using PRIMARY over (4201106 <= id <= 4201206)  (cost=20.6 rows=101)


table 4 : explain SELECT id, c FROM sbtest4 WHERE id BETWEEN 4201106 AND 4201206
	-> Filter: (sbtest4.id between 4201106 and 4201206)  (cost=20.6 rows=101)
    -> Index range scan on sbtest4 using PRIMARY over (4201106 <= id <= 4201206)  (cost=20.6 rows=101)


table 5 : explain SELECT id, c FROM sbtest5 WHERE id BETWEEN 4201106 AND 4201206
	-> Filter: (sbtest5.id between 4201106 and 4201206)  (cost=20.6 rows=101)
    -> Index range scan on sbtest5 using PRIMARY over (4201106 <= id <= 4201206)  (cost=20.6 rows=101)


table 6 : explain SELECT id, c FROM sbtest6 WHERE id BETWEEN 4201106 AND 4201206
	-> Filter: (sbtest6.id between 4201106 and 4201206)  (cost=20.6 rows=101)
    -> Index range scan on sbtest6 using PRIMARY over (4201106 <= id <= 4201206)  (cost=20.6 rows=101)


table 7 : explain SELECT id, c FROM sbtest7 WHERE id BETWEEN 4201106 AND 4201206
	-> Filter: (sbtest7.id between 4201106 and 4201206)  (cost=20.6 rows=101)
    -> Index range scan on sbtest7 using PRIMARY over (4201106 <= id <= 4201206)  (cost=20.6 rows=101)


table 8 : explain SELECT id, c FROM sbtest8 WHERE id BETWEEN 4201106 AND 4201206
	-> Filter: (sbtest8.id between 4201106 and 4201206)  (cost=20.6 rows=101)
    -> Index range scan on sbtest8 using PRIMARY over (4201106 <= id <= 4201206)  (cost=20.6 rows=101)


for range-notcovered
table 1 : explain SELECT id, c FROM sbtest1 WHERE id BETWEEN 2677039 AND 2677139
	-> Filter: (sbtest1.id between 2677039 and 2677139)  (cost=20.6 rows=101)
    -> Index range scan on sbtest1 using PRIMARY over (2677039 <= id <= 2677139)  (cost=20.6 rows=101)


table 2 : explain SELECT id, c FROM sbtest2 WHERE id BETWEEN 2677039 AND 2677139
	-> Filter: (sbtest2.id between 2677039 and 2677139)  (cost=20.6 rows=101)
    -> Index range scan on sbtest2 using PRIMARY over (2677039 <= id <= 2677139)  (cost=20.6 rows=101)


table 3 : explain SELECT id, c FROM sbtest3 WHERE id BETWEEN 2677039 AND 2677139
	-> Filter: (sbtest3.id between 2677039 and 2677139)  (cost=20.6 rows=101)
    -> Index range scan on sbtest3 using PRIMARY over (2677039 <= id <= 2677139)  (cost=20.6 rows=101)


table 4 : explain SELECT id, c FROM sbtest4 WHERE id BETWEEN 2677039 AND 2677139
	-> Filter: (sbtest4.id between 2677039 and 2677139)  (cost=20.6 rows=101)
    -> Index range scan on sbtest4 using PRIMARY over (2677039 <= id <= 2677139)  (cost=20.6 rows=101)


table 5 : explain SELECT id, c FROM sbtest5 WHERE id BETWEEN 2677039 AND 2677139
	-> Filter: (sbtest5.id between 2677039 and 2677139)  (cost=20.6 rows=101)
    -> Index range scan on sbtest5 using PRIMARY over (2677039 <= id <= 2677139)  (cost=20.6 rows=101)


table 6 : explain SELECT id, c FROM sbtest6 WHERE id BETWEEN 2677039 AND 2677139
	-> Filter: (sbtest6.id between 2677039 and 2677139)  (cost=20.6 rows=101)
    -> Index range scan on sbtest6 using PRIMARY over (2677039 <= id <= 2677139)  (cost=20.6 rows=101)


table 7 : explain SELECT id, c FROM sbtest7 WHERE id BETWEEN 2677039 AND 2677139
	-> Filter: (sbtest7.id between 2677039 and 2677139)  (cost=20.6 rows=101)
    -> Index range scan on sbtest7 using PRIMARY over (2677039 <= id <= 2677139)  (cost=20.6 rows=101)


table 8 : explain SELECT id, c FROM sbtest8 WHERE id BETWEEN 2677039 AND 2677139
	-> Filter: (sbtest8.id between 2677039 and 2677139)  (cost=20.6 rows=101)
    -> Index range scan on sbtest8 using PRIMARY over (2677039 <= id <= 2677139)  (cost=20.6 rows=101)


for range-notcovered
table 1 : explain SELECT id, c FROM sbtest1 WHERE id BETWEEN 2798754 AND 2798854
	-> Filter: (sbtest1.id between 2798754 and 2798854)  (cost=20.6 rows=101)
    -> Index range scan on sbtest1 using PRIMARY over (2798754 <= id <= 2798854)  (cost=20.6 rows=101)


table 2 : explain SELECT id, c FROM sbtest2 WHERE id BETWEEN 2798754 AND 2798854
	-> Filter: (sbtest2.id between 2798754 and 2798854)  (cost=20.6 rows=101)
    -> Index range scan on sbtest2 using PRIMARY over (2798754 <= id <= 2798854)  (cost=20.6 rows=101)


table 3 : explain SELECT id, c FROM sbtest3 WHERE id BETWEEN 2798754 AND 2798854
	-> Filter: (sbtest3.id between 2798754 and 2798854)  (cost=20.6 rows=101)
    -> Index range scan on sbtest3 using PRIMARY over (2798754 <= id <= 2798854)  (cost=20.6 rows=101)


table 4 : explain SELECT id, c FROM sbtest4 WHERE id BETWEEN 2798754 AND 2798854
	-> Filter: (sbtest4.id between 2798754 and 2798854)  (cost=20.6 rows=101)
    -> Index range scan on sbtest4 using PRIMARY over (2798754 <= id <= 2798854)  (cost=20.6 rows=101)


table 5 : explain SELECT id, c FROM sbtest5 WHERE id BETWEEN 2798754 AND 2798854
	-> Filter: (sbtest5.id between 2798754 and 2798854)  (cost=20.6 rows=101)
    -> Index range scan on sbtest5 using PRIMARY over (2798754 <= id <= 2798854)  (cost=20.6 rows=101)


table 6 : explain SELECT id, c FROM sbtest6 WHERE id BETWEEN 2798754 AND 2798854
	-> Filter: (sbtest6.id between 2798754 and 2798854)  (cost=20.6 rows=101)
    -> Index range scan on sbtest6 using PRIMARY over (2798754 <= id <= 2798854)  (cost=20.6 rows=101)


table 7 : explain SELECT id, c FROM sbtest7 WHERE id BETWEEN 2798754 AND 2798854
	-> Filter: (sbtest7.id between 2798754 and 2798854)  (cost=20.6 rows=101)
    -> Index range scan on sbtest7 using PRIMARY over (2798754 <= id <= 2798854)  (cost=20.6 rows=101)


table 8 : explain SELECT id, c FROM sbtest8 WHERE id BETWEEN 2798754 AND 2798854
	-> Filter: (sbtest8.id between 2798754 and 2798854)  (cost=20.6 rows=101)
    -> Index range scan on sbtest8 using PRIMARY over (2798754 <= id <= 2798854)  (cost=20.6 rows=101)


for range-notcovered
table 1 : explain SELECT id, c FROM sbtest1 WHERE id BETWEEN 8210069 AND 8210169
	-> Filter: (sbtest1.id between 8210069 and 8210169)  (cost=20.6 rows=101)
    -> Index range scan on sbtest1 using PRIMARY over (8210069 <= id <= 8210169)  (cost=20.6 rows=101)


table 2 : explain SELECT id, c FROM sbtest2 WHERE id BETWEEN 8210069 AND 8210169
	-> Filter: (sbtest2.id between 8210069 and 8210169)  (cost=20.6 rows=101)
    -> Index range scan on sbtest2 using PRIMARY over (8210069 <= id <= 8210169)  (cost=20.6 rows=101)


table 3 : explain SELECT id, c FROM sbtest3 WHERE id BETWEEN 8210069 AND 8210169
	-> Filter: (sbtest3.id between 8210069 and 8210169)  (cost=20.6 rows=101)
    -> Index range scan on sbtest3 using PRIMARY over (8210069 <= id <= 8210169)  (cost=20.6 rows=101)


table 4 : explain SELECT id, c FROM sbtest4 WHERE id BETWEEN 8210069 AND 8210169
	-> Filter: (sbtest4.id between 8210069 and 8210169)  (cost=20.6 rows=101)
    -> Index range scan on sbtest4 using PRIMARY over (8210069 <= id <= 8210169)  (cost=20.6 rows=101)


table 5 : explain SELECT id, c FROM sbtest5 WHERE id BETWEEN 8210069 AND 8210169
	-> Filter: (sbtest5.id between 8210069 and 8210169)  (cost=20.6 rows=101)
    -> Index range scan on sbtest5 using PRIMARY over (8210069 <= id <= 8210169)  (cost=20.6 rows=101)


table 6 : explain SELECT id, c FROM sbtest6 WHERE id BETWEEN 8210069 AND 8210169
	-> Filter: (sbtest6.id between 8210069 and 8210169)  (cost=20.6 rows=101)
    -> Index range scan on sbtest6 using PRIMARY over (8210069 <= id <= 8210169)  (cost=20.6 rows=101)


table 7 : explain SELECT id, c FROM sbtest7 WHERE id BETWEEN 8210069 AND 8210169
	-> Filter: (sbtest7.id between 8210069 and 8210169)  (cost=20.6 rows=101)
    -> Index range scan on sbtest7 using PRIMARY over (8210069 <= id <= 8210169)  (cost=20.6 rows=101)


table 8 : explain SELECT id, c FROM sbtest8 WHERE id BETWEEN 8210069 AND 8210169
	-> Filter: (sbtest8.id between 8210069 and 8210169)  (cost=20.6 rows=101)
    -> Index range scan on sbtest8 using PRIMARY over (8210069 <= id <= 8210169)  (cost=20.6 rows=101)

for range-notcovered
table 1 : explain SELECT id, c FROM sbtest1 WHERE id BETWEEN 8460869 AND 8460969
	-> Filter: (sbtest1.id between 8460869 and 8460969)  (cost=20.6 rows=101)
    -> Index range scan on sbtest1 using PRIMARY over (8460869 <= id <= 8460969)  (cost=20.6 rows=101)


table 2 : explain SELECT id, c FROM sbtest2 WHERE id BETWEEN 8460869 AND 8460969
	-> Filter: (sbtest2.id between 8460869 and 8460969)  (cost=20.6 rows=101)
    -> Index range scan on sbtest2 using PRIMARY over (8460869 <= id <= 8460969)  (cost=20.6 rows=101)


table 3 : explain SELECT id, c FROM sbtest3 WHERE id BETWEEN 8460869 AND 8460969
	-> Filter: (sbtest3.id between 8460869 and 8460969)  (cost=20.6 rows=101)
    -> Index range scan on sbtest3 using PRIMARY over (8460869 <= id <= 8460969)  (cost=20.6 rows=101)


table 4 : explain SELECT id, c FROM sbtest4 WHERE id BETWEEN 8460869 AND 8460969
	-> Filter: (sbtest4.id between 8460869 and 8460969)  (cost=20.6 rows=101)
    -> Index range scan on sbtest4 using PRIMARY over (8460869 <= id <= 8460969)  (cost=20.6 rows=101)


table 5 : explain SELECT id, c FROM sbtest5 WHERE id BETWEEN 8460869 AND 8460969
	-> Filter: (sbtest5.id between 8460869 and 8460969)  (cost=20.6 rows=101)
    -> Index range scan on sbtest5 using PRIMARY over (8460869 <= id <= 8460969)  (cost=20.6 rows=101)


table 6 : explain SELECT id, c FROM sbtest6 WHERE id BETWEEN 8460869 AND 8460969
	-> Filter: (sbtest6.id between 8460869 and 8460969)  (cost=20.6 rows=101)
    -> Index range scan on sbtest6 using PRIMARY over (8460869 <= id <= 8460969)  (cost=20.6 rows=101)


table 7 : explain SELECT id, c FROM sbtest7 WHERE id BETWEEN 8460869 AND 8460969
	-> Filter: (sbtest7.id between 8460869 and 8460969)  (cost=20.6 rows=101)
    -> Index range scan on sbtest7 using PRIMARY over (8460869 <= id <= 8460969)  (cost=20.6 rows=101)


table 8 : explain SELECT id, c FROM sbtest8 WHERE id BETWEEN 8460869 AND 8460969
	-> Filter: (sbtest8.id between 8460869 and 8460969)  (cost=20.6 rows=101)
    -> Index range scan on sbtest8 using PRIMARY over (8460869 <= id <= 8460969)  (cost=20.6 rows=101)


for range-notcovered
table 1 : explain SELECT id, c FROM sbtest1 WHERE id BETWEEN 1765473 AND 1765573
	-> Filter: (sbtest1.id between 1765473 and 1765573)  (cost=20.6 rows=101)
    -> Index range scan on sbtest1 using PRIMARY over (1765473 <= id <= 1765573)  (cost=20.6 rows=101)


table 2 : explain SELECT id, c FROM sbtest2 WHERE id BETWEEN 1765473 AND 1765573
	-> Filter: (sbtest2.id between 1765473 and 1765573)  (cost=20.6 rows=101)
    -> Index range scan on sbtest2 using PRIMARY over (1765473 <= id <= 1765573)  (cost=20.6 rows=101)


table 3 : explain SELECT id, c FROM sbtest3 WHERE id BETWEEN 1765473 AND 1765573
	-> Filter: (sbtest3.id between 1765473 and 1765573)  (cost=20.6 rows=101)
    -> Index range scan on sbtest3 using PRIMARY over (1765473 <= id <= 1765573)  (cost=20.6 rows=101)


table 4 : explain SELECT id, c FROM sbtest4 WHERE id BETWEEN 1765473 AND 1765573
	-> Filter: (sbtest4.id between 1765473 and 1765573)  (cost=20.6 rows=101)
    -> Index range scan on sbtest4 using PRIMARY over (1765473 <= id <= 1765573)  (cost=20.6 rows=101)


table 5 : explain SELECT id, c FROM sbtest5 WHERE id BETWEEN 1765473 AND 1765573
	-> Filter: (sbtest5.id between 1765473 and 1765573)  (cost=20.6 rows=101)
    -> Index range scan on sbtest5 using PRIMARY over (1765473 <= id <= 1765573)  (cost=20.6 rows=101)


table 6 : explain SELECT id, c FROM sbtest6 WHERE id BETWEEN 1765473 AND 1765573
	-> Filter: (sbtest6.id between 1765473 and 1765573)  (cost=20.6 rows=101)
    -> Index range scan on sbtest6 using PRIMARY over (1765473 <= id <= 1765573)  (cost=20.6 rows=101)


table 7 : explain SELECT id, c FROM sbtest7 WHERE id BETWEEN 1765473 AND 1765573
	-> Filter: (sbtest7.id between 1765473 and 1765573)  (cost=20.6 rows=101)
    -> Index range scan on sbtest7 using PRIMARY over (1765473 <= id <= 1765573)  (cost=20.6 rows=101)


table 8 : explain SELECT id, c FROM sbtest8 WHERE id BETWEEN 1765473 AND 1765573
	-> Filter: (sbtest8.id between 1765473 and 1765573)  (cost=20.6 rows=101)
    -> Index range scan on sbtest8 using PRIMARY over (1765473 <= id <= 1765573)  (cost=20.6 rows=101)


explain: for range-notcovered :: explain SELECT id, c FROM sbtest%d WHERE id BETWEEN 7208830 AND 7208930
for range-notcovered
table 1 : explain SELECT id, c FROM sbtest1 WHERE id BETWEEN 3603238 AND 3603338
	-> Filter: (sbtest1.id between 3603238 and 3603338)  (cost=20.6 rows=101)
    -> Index range scan on sbtest1 using PRIMARY over (3603238 <= id <= 3603338)  (cost=20.6 rows=101)


table 2 : explain SELECT id, c FROM sbtest2 WHERE id BETWEEN 3603238 AND 3603338
	-> Filter: (sbtest2.id between 3603238 and 3603338)  (cost=20.6 rows=101)
    -> Index range scan on sbtest2 using PRIMARY over (3603238 <= id <= 3603338)  (cost=20.6 rows=101)


table 3 : explain SELECT id, c FROM sbtest3 WHERE id BETWEEN 3603238 AND 3603338
	-> Filter: (sbtest3.id between 3603238 and 3603338)  (cost=20.6 rows=101)
    -> Index range scan on sbtest3 using PRIMARY over (3603238 <= id <= 3603338)  (cost=20.6 rows=101)


table 4 : explain SELECT id, c FROM sbtest4 WHERE id BETWEEN 3603238 AND 3603338
	-> Filter: (sbtest4.id between 3603238 and 3603338)  (cost=20.6 rows=101)
    -> Index range scan on sbtest4 using PRIMARY over (3603238 <= id <= 3603338)  (cost=20.6 rows=101)


table 5 : explain SELECT id, c FROM sbtest5 WHERE id BETWEEN 3603238 AND 3603338
	-> Filter: (sbtest5.id between 3603238 and 3603338)  (cost=20.6 rows=101)
    -> Index range scan on sbtest5 using PRIMARY over (3603238 <= id <= 3603338)  (cost=20.6 rows=101)


table 6 : explain SELECT id, c FROM sbtest6 WHERE id BETWEEN 3603238 AND 3603338
	-> Filter: (sbtest6.id between 3603238 and 3603338)  (cost=20.6 rows=101)
    -> Index range scan on sbtest6 using PRIMARY over (3603238 <= id <= 3603338)  (cost=20.6 rows=101)


table 7 : explain SELECT id, c FROM sbtest7 WHERE id BETWEEN 3603238 AND 3603338
	-> Filter: (sbtest7.id between 3603238 and 3603338)  (cost=20.6 rows=101)
    -> Index range scan on sbtest7 using PRIMARY over (3603238 <= id <= 3603338)  (cost=20.6 rows=101)


table 8 : explain SELECT id, c FROM sbtest8 WHERE id BETWEEN 3603238 AND 3603338
	-> Filter: (sbtest8.id between 3603238 and 3603338)  (cost=20.6 rows=101)
    -> Index range scan on sbtest8 using PRIMARY over (3603238 <= id <= 3603338)  (cost=20.6 rows=101)


explain: for range-notcovered :: explain SELECT id, c FROM sbtest%d WHERE id BETWEEN 4201106 AND 4201206for range-notcovered
table 1 : explain SELECT id, c FROM sbtest1 WHERE id BETWEEN 8697513 AND 8697613
	-> Filter: (sbtest1.id between 8697513 and 8697613)  (cost=20.6 rows=101)
    -> Index range scan on sbtest1 using PRIMARY over (8697513 <= id <= 8697613)  (cost=20.6 rows=101)


table 2 : explain SELECT id, c FROM sbtest2 WHERE id BETWEEN 8697513 AND 8697613
	-> Filter: (sbtest2.id between 8697513 and 8697613)  (cost=20.6 rows=101)
    -> Index range scan on sbtest2 using PRIMARY over (8697513 <= id <= 8697613)  (cost=20.6 rows=101)


table 3 : explain SELECT id, c FROM sbtest3 WHERE id BETWEEN 8697513 AND 8697613
	-> Filter: (sbtest3.id between 8697513 and 8697613)  (cost=20.6 rows=101)
    -> Index range scan on sbtest3 using PRIMARY over (8697513 <= id <= 8697613)  (cost=20.6 rows=101)


table 4 : explain SELECT id, c FROM sbtest4 WHERE id BETWEEN 8697513 AND 8697613
	-> Filter: (sbtest4.id between 8697513 and 8697613)  (cost=20.6 rows=101)
    -> Index range scan on sbtest4 using PRIMARY over (8697513 <= id <= 8697613)  (cost=20.6 rows=101)


table 5 : explain SELECT id, c FROM sbtest5 WHERE id BETWEEN 8697513 AND 8697613
	-> Filter: (sbtest5.id between 8697513 and 8697613)  (cost=20.6 rows=101)
    -> Index range scan on sbtest5 using PRIMARY over (8697513 <= id <= 8697613)  (cost=20.6 rows=101)


table 6 : explain SELECT id, c FROM sbtest6 WHERE id BETWEEN 8697513 AND 8697613
	-> Filter: (sbtest6.id between 8697513 and 8697613)  (cost=20.6 rows=101)
    -> Index range scan on sbtest6 using PRIMARY over (8697513 <= id <= 8697613)  (cost=20.6 rows=101)


table 7 : explain SELECT id, c FROM sbtest7 WHERE id BETWEEN 8697513 AND 8697613
	-> Filter: (sbtest7.id between 8697513 and 8697613)  (cost=20.6 rows=101)
    -> Index range scan on sbtest7 using PRIMARY over (8697513 <= id <= 8697613)  (cost=20.6 rows=101)


table 8 : explain SELECT id, c FROM sbtest8 WHERE id BETWEEN 8697513 AND 8697613
	-> Filter: (sbtest8.id between 8697513 and 8697613)  (cost=20.6 rows=101)
    -> Index range scan on sbtest8 using PRIMARY over (8697513 <= id <= 8697613)  (cost=20.6 rows=101)

explain: for range-notcovered :: explain SELECT id, c FROM sbtest%d WHERE id BETWEEN 4880599 AND 4880699
explain: for range-notcovered :: explain SELECT id, c FROM sbtest%d WHERE id BETWEEN 4270236 AND 4270336

for range-notcovered
table 1 : explain SELECT id, c FROM sbtest1 WHERE id BETWEEN 9018896 AND 9018996
	-> Filter: (sbtest1.id between 9018896 and 9018996)  (cost=20.6 rows=101)
    -> Index range scan on sbtest1 using PRIMARY over (9018896 <= id <= 9018996)  (cost=20.6 rows=101)


table 2 : explain SELECT id, c FROM sbtest2 WHERE id BETWEEN 9018896 AND 9018996
	-> Filter: (sbtest2.id between 9018896 and 9018996)  (cost=20.6 rows=101)
    -> Index range scan on sbtest2 using PRIMARY over (9018896 <= id <= 9018996)  (cost=20.6 rows=101)


table 3 : explain SELECT id, c FROM sbtest3 WHERE id BETWEEN 9018896 AND 9018996
	-> Filter: (sbtest3.id between 9018896 and 9018996)  (cost=20.6 rows=101)
    -> Index range scan on sbtest3 using PRIMARY over (9018896 <= id <= 9018996)  (cost=20.6 rows=101)


table 4 : explain SELECT id, c FROM sbtest4 WHERE id BETWEEN 9018896 AND 9018996
	-> Filter: (sbtest4.id between 9018896 and 9018996)  (cost=20.6 rows=101)
    -> Index range scan on sbtest4 using PRIMARY over (9018896 <= id <= 9018996)  (cost=20.6 rows=101)


table 5 : explain SELECT id, c FROM sbtest5 WHERE id BETWEEN 9018896 AND 9018996
	-> Filter: (sbtest5.id between 9018896 and 9018996)  (cost=20.6 rows=101)
    -> Index range scan on sbtest5 using PRIMARY over (9018896 <= id <= 9018996)  (cost=20.6 rows=101)


table 6 : explain SELECT id, c FROM sbtest6 WHERE id BETWEEN 9018896 AND 9018996
	-> Filter: (sbtest6.id between 9018896 and 9018996)  (cost=20.6 rows=101)
    -> Index range scan on sbtest6 using PRIMARY over (9018896 <= id <= 9018996)  (cost=20.6 rows=101)


table 7 : explain SELECT id, c FROM sbtest7 WHERE id BETWEEN 9018896 AND 9018996
	-> Filter: (sbtest7.id between 9018896 and 9018996)  (cost=20.6 rows=101)
    -> Index range scan on sbtest7 using PRIMARY over (9018896 <= id <= 9018996)  (cost=20.6 rows=101)


table 8 : explain SELECT id, c FROM sbtest8 WHERE id BETWEEN 9018896 AND 9018996
	-> Filter: (sbtest8.id between 9018896 and 9018996)  (cost=20.6 rows=101)
    -> Index range scan on sbtest8 using PRIMARY over (9018896 <= id <= 9018996)  (cost=20.6 rows=101)



for range-notcovered
table 1 : explain SELECT id, c FROM sbtest1 WHERE id BETWEEN 7021492 AND 7021592
	-> Filter: (sbtest1.id between 7021492 and 7021592)  (cost=20.6 rows=101)
    -> Index range scan on sbtest1 using PRIMARY over (7021492 <= id <= 7021592)  (cost=20.6 rows=101)


table 2 : explain SELECT id, c FROM sbtest2 WHERE id BETWEEN 7021492 AND 7021592
	-> Filter: (sbtest2.id between 7021492 and 7021592)  (cost=20.6 rows=101)
    -> Index range scan on sbtest2 using PRIMARY over (7021492 <= id <= 7021592)  (cost=20.6 rows=101)


table 3 : explain SELECT id, c FROM sbtest3 WHERE id BETWEEN 7021492 AND 7021592
	-> Filter: (sbtest3.id between 7021492 and 7021592)  (cost=20.6 rows=101)
    -> Index range scan on sbtest3 using PRIMARY over (7021492 <= id <= 7021592)  (cost=20.6 rows=101)


table 4 : explain SELECT id, c FROM sbtest4 WHERE id BETWEEN 7021492 AND 7021592
	-> Filter: (sbtest4.id between 7021492 and 7021592)  (cost=20.6 rows=101)
    -> Index range scan on sbtest4 using PRIMARY over (7021492 <= id <= 7021592)  (cost=20.6 rows=101)


table 5 : explain SELECT id, c FROM sbtest5 WHERE id BETWEEN 7021492 AND 7021592
	-> Filter: (sbtest5.id between 7021492 and 7021592)  (cost=20.6 rows=101)
    -> Index range scan on sbtest5 using PRIMARY over (7021492 <= id <= 7021592)  (cost=20.6 rows=101)


table 6 : explain SELECT id, c FROM sbtest6 WHERE id BETWEEN 7021492 AND 7021592
	-> Filter: (sbtest6.id between 7021492 and 7021592)  (cost=20.6 rows=101)
    -> Index range scan on sbtest6 using PRIMARY over (7021492 <= id <= 7021592)  (cost=20.6 rows=101)


table 7 : explain SELECT id, c FROM sbtest7 WHERE id BETWEEN 7021492 AND 7021592
	-> Filter: (sbtest7.id between 7021492 and 7021592)  (cost=20.6 rows=101)
    -> Index range scan on sbtest7 using PRIMARY over (7021492 <= id <= 7021592)  (cost=20.6 rows=101)


table 8 : explain SELECT id, c FROM sbtest8 WHERE id BETWEEN 7021492 AND 7021592
	-> Filter: (sbtest8.id between 7021492 and 7021592)  (cost=20.6 rows=101)
    -> Index range scan on sbtest8 using PRIMARY over (7021492 <= id <= 7021592)  (cost=20.6 rows=101)


explain: for range-notcovered :: explain SELECT id, c FROM sbtest%d WHERE id BETWEEN 5728658 AND 5728758
explain: for range-notcovered :: explain SELECT id, c FROM sbtest%d WHERE id BETWEEN 3051203 AND 3051303
for range-notcovered
table 1 : explain SELECT id, c FROM sbtest1 WHERE id BETWEEN 6620110 AND 6620210
	-> Filter: (sbtest1.id between 6620110 and 6620210)  (cost=20.6 rows=101)
    -> Index range scan on sbtest1 using PRIMARY over (6620110 <= id <= 6620210)  (cost=20.6 rows=101)


table 2 : explain SELECT id, c FROM sbtest2 WHERE id BETWEEN 6620110 AND 6620210
	-> Filter: (sbtest2.id between 6620110 and 6620210)  (cost=20.6 rows=101)
    -> Index range scan on sbtest2 using PRIMARY over (6620110 <= id <= 6620210)  (cost=20.6 rows=101)


table 3 : explain SELECT id, c FROM sbtest3 WHERE id BETWEEN 6620110 AND 6620210
	-> Filter: (sbtest3.id between 6620110 and 6620210)  (cost=20.6 rows=101)
    -> Index range scan on sbtest3 using PRIMARY over (6620110 <= id <= 6620210)  (cost=20.6 rows=101)


table 4 : explain SELECT id, c FROM sbtest4 WHERE id BETWEEN 6620110 AND 6620210
	-> Filter: (sbtest4.id between 6620110 and 6620210)  (cost=20.6 rows=101)
    -> Index range scan on sbtest4 using PRIMARY over (6620110 <= id <= 6620210)  (cost=20.6 rows=101)


table 5 : explain SELECT id, c FROM sbtest5 WHERE id BETWEEN 6620110 AND 6620210
	-> Filter: (sbtest5.id between 6620110 and 6620210)  (cost=20.6 rows=101)
    -> Index range scan on sbtest5 using PRIMARY over (6620110 <= id <= 6620210)  (cost=20.6 rows=101)


table 6 : explain SELECT id, c FROM sbtest6 WHERE id BETWEEN 6620110 AND 6620210
	-> Filter: (sbtest6.id between 6620110 and 6620210)  (cost=20.6 rows=101)
    -> Index range scan on sbtest6 using PRIMARY over (6620110 <= id <= 6620210)  (cost=20.6 rows=101)


table 7 : explain SELECT id, c FROM sbtest7 WHERE id BETWEEN 6620110 AND 6620210
	-> Filter: (sbtest7.id between 6620110 and 6620210)  (cost=20.6 rows=101)
    -> Index range scan on sbtest7 using PRIMARY over (6620110 <= id <= 6620210)  (cost=20.6 rows=101)


table 8 : explain SELECT id, c FROM sbtest8 WHERE id BETWEEN 6620110 AND 6620210
	-> Filter: (sbtest8.id between 6620110 and 6620210)  (cost=20.6 rows=101)
    -> Index range scan on sbtest8 using PRIMARY over (6620110 <= id <= 6620210)  (cost=20.6 rows=101)


explain: for range-notcovered :: explain SELECT id, c FROM sbtest%d WHERE id BETWEEN 2677039 AND 2677139


for range-notcovered
table 1 : explain SELECT id, c FROM sbtest1 WHERE id BETWEEN 8363538 AND 8363638
	-> Filter: (sbtest1.id between 8363538 and 8363638)  (cost=20.6 rows=101)
    -> Index range scan on sbtest1 using PRIMARY over (8363538 <= id <= 8363638)  (cost=20.6 rows=101)


table 2 : explain SELECT id, c FROM sbtest2 WHERE id BETWEEN 8363538 AND 8363638
	-> Filter: (sbtest2.id between 8363538 and 8363638)  (cost=20.6 rows=101)
    -> Index range scan on sbtest2 using PRIMARY over (8363538 <= id <= 8363638)  (cost=20.6 rows=101)


table 3 : explain SELECT id, c FROM sbtest3 WHERE id BETWEEN 8363538 AND 8363638
	-> Filter: (sbtest3.id between 8363538 and 8363638)  (cost=20.6 rows=101)
    -> Index range scan on sbtest3 using PRIMARY over (8363538 <= id <= 8363638)  (cost=20.6 rows=101)


table 4 : explain SELECT id, c FROM sbtest4 WHERE id BETWEEN 8363538 AND 8363638
	-> Filter: (sbtest4.id between 8363538 and 8363638)  (cost=20.6 rows=101)
    -> Index range scan on sbtest4 using PRIMARY over (8363538 <= id <= 8363638)  (cost=20.6 rows=101)


table 5 : explain SELECT id, c FROM sbtest5 WHERE id BETWEEN 8363538 AND 8363638
	-> Filter: (sbtest5.id between 8363538 and 8363638)  (cost=20.6 rows=101)
    -> Index range scan on sbtest5 using PRIMARY over (8363538 <= id <= 8363638)  (cost=20.6 rows=101)


table 6 : explain SELECT id, c FROM sbtest6 WHERE id BETWEEN 8363538 AND 8363638
	-> Filter: (sbtest6.id between 8363538 and 8363638)  (cost=20.6 rows=101)
    -> Index range scan on sbtest6 using PRIMARY over (8363538 <= id <= 8363638)  (cost=20.6 rows=101)


table 7 : explain SELECT id, c FROM sbtest7 WHERE id BETWEEN 8363538 AND 8363638
	-> Filter: (sbtest7.id between 8363538 and 8363638)  (cost=20.6 rows=101)
    -> Index range scan on sbtest7 using PRIMARY over (8363538 <= id <= 8363638)  (cost=20.6 rows=101)


table 8 : explain SELECT id, c FROM sbtest8 WHERE id BETWEEN 8363538 AND 8363638
	-> Filter: (sbtest8.id between 8363538 and 8363638)  (cost=20.6 rows=101)
    -> Index range scan on sbtest8 using PRIMARY over (8363538 <= id <= 8363638)  (cost=20.6 rows=101)


for range-notcovered
table 1 : explain SELECT id, c FROM sbtest1 WHERE id BETWEEN 5027690 AND 5027790
	-> Filter: (sbtest1.id between 5027690 and 5027790)  (cost=20.6 rows=101)
    -> Index range scan on sbtest1 using PRIMARY over (5027690 <= id <= 5027790)  (cost=20.6 rows=101)


table 2 : explain SELECT id, c FROM sbtest2 WHERE id BETWEEN 5027690 AND 5027790
	-> Filter: (sbtest2.id between 5027690 and 5027790)  (cost=20.6 rows=101)
    -> Index range scan on sbtest2 using PRIMARY over (5027690 <= id <= 5027790)  (cost=20.6 rows=101)


table 3 : explain SELECT id, c FROM sbtest3 WHERE id BETWEEN 5027690 AND 5027790
	-> Filter: (sbtest3.id between 5027690 and 5027790)  (cost=20.6 rows=101)
    -> Index range scan on sbtest3 using PRIMARY over (5027690 <= id <= 5027790)  (cost=20.6 rows=101)


table 4 : explain SELECT id, c FROM sbtest4 WHERE id BETWEEN 5027690 AND 5027790
	-> Filter: (sbtest4.id between 5027690 and 5027790)  (cost=20.6 rows=101)
    -> Index range scan on sbtest4 using PRIMARY over (5027690 <= id <= 5027790)  (cost=20.6 rows=101)


table 5 : explain SELECT id, c FROM sbtest5 WHERE id BETWEEN 5027690 AND 5027790
	-> Filter: (sbtest5.id between 5027690 and 5027790)  (cost=20.6 rows=101)
    -> Index range scan on sbtest5 using PRIMARY over (5027690 <= id <= 5027790)  (cost=20.6 rows=101)


table 6 : explain SELECT id, c FROM sbtest6 WHERE id BETWEEN 5027690 AND 5027790
	-> Filter: (sbtest6.id between 5027690 and 5027790)  (cost=20.6 rows=101)
    -> Index range scan on sbtest6 using PRIMARY over (5027690 <= id <= 5027790)  (cost=20.6 rows=101)


table 7 : explain SELECT id, c FROM sbtest7 WHERE id BETWEEN 5027690 AND 5027790
	-> Filter: (sbtest7.id between 5027690 and 5027790)  (cost=20.6 rows=101)
    -> Index range scan on sbtest7 using PRIMARY over (5027690 <= id <= 5027790)  (cost=20.6 rows=101)


table 8 : explain SELECT id, c FROM sbtest8 WHERE id BETWEEN 5027690 AND 5027790
	-> Filter: (sbtest8.id between 5027690 and 5027790)  (cost=20.6 rows=101)
    -> Index range scan on sbtest8 using PRIMARY over (5027690 <= id <= 5027790)  (cost=20.6 rows=101)


explain: for range-notcovered :: explain SELECT id, c FROM sbtest%d WHERE id BETWEEN 2798754 AND 2798854
for range-notcovered
table 1 : explain SELECT id, c FROM sbtest1 WHERE id BETWEEN 4339851 AND 4339951
	-> Filter: (sbtest1.id between 4339851 and 4339951)  (cost=20.6 rows=101)
    -> Index range scan on sbtest1 using PRIMARY over (4339851 <= id <= 4339951)  (cost=20.6 rows=101)


table 2 : explain SELECT id, c FROM sbtest2 WHERE id BETWEEN 4339851 AND 4339951
	-> Filter: (sbtest2.id between 4339851 and 4339951)  (cost=20.6 rows=101)
    -> Index range scan on sbtest2 using PRIMARY over (4339851 <= id <= 4339951)  (cost=20.6 rows=101)


table 3 : explain SELECT id, c FROM sbtest3 WHERE id BETWEEN 4339851 AND 4339951
	-> Filter: (sbtest3.id between 4339851 and 4339951)  (cost=20.6 rows=101)
    -> Index range scan on sbtest3 using PRIMARY over (4339851 <= id <= 4339951)  (cost=20.6 rows=101)


table 4 : explain SELECT id, c FROM sbtest4 WHERE id BETWEEN 4339851 AND 4339951
	-> Filter: (sbtest4.id between 4339851 and 4339951)  (cost=20.6 rows=101)
    -> Index range scan on sbtest4 using PRIMARY over (4339851 <= id <= 4339951)  (cost=20.6 rows=101)


table 5 : explain SELECT id, c FROM sbtest5 WHERE id BETWEEN 4339851 AND 4339951
	-> Filter: (sbtest5.id between 4339851 and 4339951)  (cost=20.6 rows=101)
    -> Index range scan on sbtest5 using PRIMARY over (4339851 <= id <= 4339951)  (cost=20.6 rows=101)


table 6 : explain SELECT id, c FROM sbtest6 WHERE id BETWEEN 4339851 AND 4339951
	-> Filter: (sbtest6.id between 4339851 and 4339951)  (cost=20.6 rows=101)
    -> Index range scan on sbtest6 using PRIMARY over (4339851 <= id <= 4339951)  (cost=20.6 rows=101)


table 7 : explain SELECT id, c FROM sbtest7 WHERE id BETWEEN 4339851 AND 4339951
	-> Filter: (sbtest7.id between 4339851 and 4339951)  (cost=20.6 rows=101)
    -> Index range scan on sbtest7 using PRIMARY over (4339851 <= id <= 4339951)  (cost=20.6 rows=101)


table 8 : explain SELECT id, c FROM sbtest8 WHERE id BETWEEN 4339851 AND 4339951
	-> Filter: (sbtest8.id between 4339851 and 4339951)  (cost=20.6 rows=101)
    -> Index range scan on sbtest8 using PRIMARY over (4339851 <= id <= 4339951)  (cost=20.6 rows=101)


explain: for range-notcovered :: explain SELECT id, c FROM sbtest%d WHERE id BETWEEN 8460869 AND 8460969
for range-notcovered
table 1 : explain SELECT id, c FROM sbtest1 WHERE id BETWEEN 9304560 AND 9304660
	-> Filter: (sbtest1.id between 9304560 and 9304660)  (cost=20.6 rows=101)
    -> Index range scan on sbtest1 using PRIMARY over (9304560 <= id <= 9304660)  (cost=20.6 rows=101)


table 2 : explain SELECT id, c FROM sbtest2 WHERE id BETWEEN 9304560 AND 9304660
	-> Filter: (sbtest2.id between 9304560 and 9304660)  (cost=20.6 rows=101)
    -> Index range scan on sbtest2 using PRIMARY over (9304560 <= id <= 9304660)  (cost=20.6 rows=101)


table 3 : explain SELECT id, c FROM sbtest3 WHERE id BETWEEN 9304560 AND 9304660
	-> Filter: (sbtest3.id between 9304560 and 9304660)  (cost=20.6 rows=101)
    -> Index range scan on sbtest3 using PRIMARY over (9304560 <= id <= 9304660)  (cost=20.6 rows=101)


table 4 : explain SELECT id, c FROM sbtest4 WHERE id BETWEEN 9304560 AND 9304660
	-> Filter: (sbtest4.id between 9304560 and 9304660)  (cost=20.6 rows=101)
    -> Index range scan on sbtest4 using PRIMARY over (9304560 <= id <= 9304660)  (cost=20.6 rows=101)


table 5 : explain SELECT id, c FROM sbtest5 WHERE id BETWEEN 9304560 AND 9304660
	-> Filter: (sbtest5.id between 9304560 and 9304660)  (cost=20.6 rows=101)
    -> Index range scan on sbtest5 using PRIMARY over (9304560 <= id <= 9304660)  (cost=20.6 rows=101)


table 6 : explain SELECT id, c FROM sbtest6 WHERE id BETWEEN 9304560 AND 9304660
	-> Filter: (sbtest6.id between 9304560 and 9304660)  (cost=20.6 rows=101)
    -> Index range scan on sbtest6 using PRIMARY over (9304560 <= id <= 9304660)  (cost=20.6 rows=101)


table 7 : explain SELECT id, c FROM sbtest7 WHERE id BETWEEN 9304560 AND 9304660
	-> Filter: (sbtest7.id between 9304560 and 9304660)  (cost=20.6 rows=101)
    -> Index range scan on sbtest7 using PRIMARY over (9304560 <= id <= 9304660)  (cost=20.6 rows=101)


table 8 : explain SELECT id, c FROM sbtest8 WHERE id BETWEEN 9304560 AND 9304660
	-> Filter: (sbtest8.id between 9304560 and 9304660)  (cost=20.6 rows=101)
    -> Index range scan on sbtest8 using PRIMARY over (9304560 <= id <= 9304660)  (cost=20.6 rows=101)


for range-notcovered
table 1 : explain SELECT id, c FROM sbtest1 WHERE id BETWEEN 2819123 AND 2819223
	-> Filter: (sbtest1.id between 2819123 and 2819223)  (cost=20.6 rows=101)
    -> Index range scan on sbtest1 using PRIMARY over (2819123 <= id <= 2819223)  (cost=20.6 rows=101)


table 2 : explain SELECT id, c FROM sbtest2 WHERE id BETWEEN 2819123 AND 2819223
	-> Filter: (sbtest2.id between 2819123 and 2819223)  (cost=20.6 rows=101)
    -> Index range scan on sbtest2 using PRIMARY over (2819123 <= id <= 2819223)  (cost=20.6 rows=101)


table 3 : explain SELECT id, c FROM sbtest3 WHERE id BETWEEN 2819123 AND 2819223
	-> Filter: (sbtest3.id between 2819123 and 2819223)  (cost=20.6 rows=101)
    -> Index range scan on sbtest3 using PRIMARY over (2819123 <= id <= 2819223)  (cost=20.6 rows=101)


table 4 : explain SELECT id, c FROM sbtest4 WHERE id BETWEEN 2819123 AND 2819223
	-> Filter: (sbtest4.id between 2819123 and 2819223)  (cost=20.6 rows=101)
    -> Index range scan on sbtest4 using PRIMARY over (2819123 <= id <= 2819223)  (cost=20.6 rows=101)


table 5 : explain SELECT id, c FROM sbtest5 WHERE id BETWEEN 2819123 AND 2819223
	-> Filter: (sbtest5.id between 2819123 and 2819223)  (cost=20.6 rows=101)
    -> Index range scan on sbtest5 using PRIMARY over (2819123 <= id <= 2819223)  (cost=20.6 rows=101)


table 6 : explain SELECT id, c FROM sbtest6 WHERE id BETWEEN 2819123 AND 2819223
	-> Filter: (sbtest6.id between 2819123 and 2819223)  (cost=20.6 rows=101)
    -> Index range scan on sbtest6 using PRIMARY over (2819123 <= id <= 2819223)  (cost=20.6 rows=101)


table 7 : explain SELECT id, c FROM sbtest7 WHERE id BETWEEN 2819123 AND 2819223
	-> Filter: (sbtest7.id between 2819123 and 2819223)  (cost=20.6 rows=101)
    -> Index range scan on sbtest7 using PRIMARY over (2819123 <= id <= 2819223)  (cost=20.6 rows=101)


table 8 : explain SELECT id, c FROM sbtest8 WHERE id BETWEEN 2819123 AND 2819223
	-> Filter: (sbtest8.id between 2819123 and 2819223)  (cost=20.6 rows=101)
    -> Index range scan on sbtest8 using PRIMARY over (2819123 <= id <= 2819223)  (cost=20.6 rows=101)


explain: for range-notcovered :: explain SELECT id, c FROM sbtest%d WHERE id BETWEEN 5031544 AND 5031644
explain: for range-notcovered :: explain SELECT id, c FROM sbtest%d WHERE id BETWEEN 1765473 AND 1765573
explain: for range-notcovered :: explain SELECT id, c FROM sbtest%d WHERE id BETWEEN 4992126 AND 4992226
explain: for range-notcovered :: explain SELECT id, c FROM sbtest%d WHERE id BETWEEN 7869894 AND 7869994explain: for range-notcovered :: explain SELECT id, c FROM sbtest%d WHERE id BETWEEN 5652495 AND 5652595for range-notcovered
table 1 : explain SELECT id, c FROM sbtest1 WHERE id BETWEEN 2905294 AND 2905394
	-> Filter: (sbtest1.id between 2905294 and 2905394)  (cost=20.6 rows=101)
    -> Index range scan on sbtest1 using PRIMARY over (2905294 <= id <= 2905394)  (cost=20.6 rows=101)


table 2 : explain SELECT id, c FROM sbtest2 WHERE id BETWEEN 2905294 AND 2905394
	-> Filter: (sbtest2.id between 2905294 and 2905394)  (cost=20.6 rows=101)
    -> Index range scan on sbtest2 using PRIMARY over (2905294 <= id <= 2905394)  (cost=20.6 rows=101)


table 3 : explain SELECT id, c FROM sbtest3 WHERE id BETWEEN 2905294 AND 2905394
	-> Filter: (sbtest3.id between 2905294 and 2905394)  (cost=20.6 rows=101)
    -> Index range scan on sbtest3 using PRIMARY over (2905294 <= id <= 2905394)  (cost=20.6 rows=101)


table 4 : explain SELECT id, c FROM sbtest4 WHERE id BETWEEN 2905294 AND 2905394
	-> Filter: (sbtest4.id between 2905294 and 2905394)  (cost=20.6 rows=101)
    -> Index range scan on sbtest4 using PRIMARY over (2905294 <= id <= 2905394)  (cost=20.6 rows=101)


table 5 : explain SELECT id, c FROM sbtest5 WHERE id BETWEEN 2905294 AND 2905394
	-> Filter: (sbtest5.id between 2905294 and 2905394)  (cost=20.6 rows=101)
    -> Index range scan on sbtest5 using PRIMARY over (2905294 <= id <= 2905394)  (cost=20.6 rows=101)


table 6 : explain SELECT id, c FROM sbtest6 WHERE id BETWEEN 2905294 AND 2905394
	-> Filter: (sbtest6.id between 2905294 and 2905394)  (cost=20.6 rows=101)
    -> Index range scan on sbtest6 using PRIMARY over (2905294 <= id <= 2905394)  (cost=20.6 rows=101)


table 7 : explain SELECT id, c FROM sbtest7 WHERE id BETWEEN 2905294 AND 2905394
	-> Filter: (sbtest7.id between 2905294 and 2905394)  (cost=20.6 rows=101)
    -> Index range scan on sbtest7 using PRIMARY over (2905294 <= id <= 2905394)  (cost=20.6 rows=101)


table 8 : explain SELECT id, c FROM sbtest8 WHERE id BETWEEN 2905294 AND 2905394
	-> Filter: (sbtest8.id between 2905294 and 2905394)  (cost=20.6 rows=101)
    -> Index range scan on sbtest8 using PRIMARY over (2905294 <= id <= 2905394)  (cost=20.6 rows=101)


for range-notcovered
table 1 : explain SELECT id, c FROM sbtest1 WHERE id BETWEEN 5767498 AND 5767598
	-> Filter: (sbtest1.id between 5767498 and 5767598)  (cost=20.6 rows=101)
    -> Index range scan on sbtest1 using PRIMARY over (5767498 <= id <= 5767598)  (cost=20.6 rows=101)


table 2 : explain SELECT id, c FROM sbtest2 WHERE id BETWEEN 5767498 AND 5767598
	-> Filter: (sbtest2.id between 5767498 and 5767598)  (cost=20.6 rows=101)
    -> Index range scan on sbtest2 using PRIMARY over (5767498 <= id <= 5767598)  (cost=20.6 rows=101)


table 3 : explain SELECT id, c FROM sbtest3 WHERE id BETWEEN 5767498 AND 5767598
	-> Filter: (sbtest3.id between 5767498 and 5767598)  (cost=20.6 rows=101)
    -> Index range scan on sbtest3 using PRIMARY over (5767498 <= id <= 5767598)  (cost=20.6 rows=101)


table 4 : explain SELECT id, c FROM sbtest4 WHERE id BETWEEN 5767498 AND 5767598
	-> Filter: (sbtest4.id between 5767498 and 5767598)  (cost=20.6 rows=101)
    -> Index range scan on sbtest4 using PRIMARY over (5767498 <= id <= 5767598)  (cost=20.6 rows=101)


table 5 : explain SELECT id, c FROM sbtest5 WHERE id BETWEEN 5767498 AND 5767598
	-> Filter: (sbtest5.id between 5767498 and 5767598)  (cost=20.6 rows=101)
    -> Index range scan on sbtest5 using PRIMARY over (5767498 <= id <= 5767598)  (cost=20.6 rows=101)


table 6 : explain SELECT id, c FROM sbtest6 WHERE id BETWEEN 5767498 AND 5767598
	-> Filter: (sbtest6.id between 5767498 and 5767598)  (cost=20.6 rows=101)
    -> Index range scan on sbtest6 using PRIMARY over (5767498 <= id <= 5767598)  (cost=20.6 rows=101)


table 7 : explain SELECT id, c FROM sbtest7 WHERE id BETWEEN 5767498 AND 5767598
	-> Filter: (sbtest7.id between 5767498 and 5767598)  (cost=20.6 rows=101)
    -> Index range scan on sbtest7 using PRIMARY over (5767498 <= id <= 5767598)  (cost=20.6 rows=101)


table 8 : explain SELECT id, c FROM sbtest8 WHERE id BETWEEN 5767498 AND 5767598
	-> Filter: (sbtest8.id between 5767498 and 5767598)  (cost=20.6 rows=101)
    -> Index range scan on sbtest8 using PRIMARY over (5767498 <= id <= 5767598)  (cost=20.6 rows=101)


explain: for range-notcovered :: explain SELECT id, c FROM sbtest%d WHERE id BETWEEN 6860914 AND 6861014
explain: for range-notcovered :: explain SELECT id, c FROM sbtest%d WHERE id BETWEEN 9018896 AND 9018996
explain: for range-notcovered :: explain SELECT id, c FROM sbtest%d WHERE id BETWEEN 8210069 AND 8210169explain: for range-notcovered :: explain SELECT id, c FROM sbtest%d WHERE id BETWEEN 7956413 AND 7956513
explain: for range-notcovered :: explain SELECT id, c FROM sbtest%d WHERE id BETWEEN 7021492 AND 7021592
explain: for range-notcovered :: explain SELECT id, c FROM sbtest%d WHERE id BETWEEN 8697513 AND 8697613
explain: for range-notcovered :: explain SELECT id, c FROM sbtest%d WHERE id BETWEEN 8773081 AND 8773181
explain: for range-notcovered :: explain SELECT id, c FROM sbtest%d WHERE id BETWEEN 2905294 AND 2905394
for range-notcovered
table 1 : explain SELECT id, c FROM sbtest1 WHERE id BETWEEN 7208830 AND 7208930
	-> Filter: (sbtest1.id between 7208830 and 7208930)  (cost=20.6 rows=101)
    -> Index range scan on sbtest1 using PRIMARY over (7208830 <= id <= 7208930)  (cost=20.6 rows=101)


table 2 : explain SELECT id, c FROM sbtest2 WHERE id BETWEEN 7208830 AND 7208930
	-> Filter: (sbtest2.id between 7208830 and 7208930)  (cost=20.6 rows=101)
    -> Index range scan on sbtest2 using PRIMARY over (7208830 <= id <= 7208930)  (cost=20.6 rows=101)


table 3 : explain SELECT id, c FROM sbtest3 WHERE id BETWEEN 7208830 AND 7208930
	-> Filter: (sbtest3.id between 7208830 and 7208930)  (cost=20.6 rows=101)
    -> Index range scan on sbtest3 using PRIMARY over (7208830 <= id <= 7208930)  (cost=20.6 rows=101)


table 4 : explain SELECT id, c FROM sbtest4 WHERE id BETWEEN 7208830 AND 7208930
	-> Filter: (sbtest4.id between 7208830 and 7208930)  (cost=20.6 rows=101)
    -> Index range scan on sbtest4 using PRIMARY over (7208830 <= id <= 7208930)  (cost=20.6 rows=101)


table 5 : explain SELECT id, c FROM sbtest5 WHERE id BETWEEN 7208830 AND 7208930
	-> Filter: (sbtest5.id between 7208830 and 7208930)  (cost=20.6 rows=101)
    -> Index range scan on sbtest5 using PRIMARY over (7208830 <= id <= 7208930)  (cost=20.6 rows=101)


table 6 : explain SELECT id, c FROM sbtest6 WHERE id BETWEEN 7208830 AND 7208930
	-> Filter: (sbtest6.id between 7208830 and 7208930)  (cost=20.6 rows=101)
    -> Index range scan on sbtest6 using PRIMARY over (7208830 <= id <= 7208930)  (cost=20.6 rows=101)


table 7 : explain SELECT id, c FROM sbtest7 WHERE id BETWEEN 7208830 AND 7208930
	-> Filter: (sbtest7.id between 7208830 and 7208930)  (cost=20.6 rows=101)
    -> Index range scan on sbtest7 using PRIMARY over (7208830 <= id <= 7208930)  (cost=20.6 rows=101)


table 8 : explain SELECT id, c FROM sbtest8 WHERE id BETWEEN 7208830 AND 7208930
	-> Filter: (sbtest8.id between 7208830 and 7208930)  (cost=20.6 rows=101)
    -> Index range scan on sbtest8 using PRIMARY over (7208830 <= id <= 7208930)  (cost=20.6 rows=101)


explain: for range-notcovered :: explain SELECT id, c FROM sbtest%d WHERE id BETWEEN 961745 AND 961845
for range-notcovered
table 1 : explain SELECT id, c FROM sbtest1 WHERE id BETWEEN 4869755 AND 4869855
	-> Filter: (sbtest1.id between 4869755 and 4869855)  (cost=20.6 rows=101)
    -> Index range scan on sbtest1 using PRIMARY over (4869755 <= id <= 4869855)  (cost=20.6 rows=101)


table 2 : explain SELECT id, c FROM sbtest2 WHERE id BETWEEN 4869755 AND 4869855
	-> Filter: (sbtest2.id between 4869755 and 4869855)  (cost=20.6 rows=101)
    -> Index range scan on sbtest2 using PRIMARY over (4869755 <= id <= 4869855)  (cost=20.6 rows=101)


table 3 : explain SELECT id, c FROM sbtest3 WHERE id BETWEEN 4869755 AND 4869855
	-> Filter: (sbtest3.id between 4869755 and 4869855)  (cost=20.6 rows=101)
    -> Index range scan on sbtest3 using PRIMARY over (4869755 <= id <= 4869855)  (cost=20.6 rows=101)


table 4 : explain SELECT id, c FROM sbtest4 WHERE id BETWEEN 4869755 AND 4869855
	-> Filter: (sbtest4.id between 4869755 and 4869855)  (cost=20.6 rows=101)
    -> Index range scan on sbtest4 using PRIMARY over (4869755 <= id <= 4869855)  (cost=20.6 rows=101)


table 5 : explain SELECT id, c FROM sbtest5 WHERE id BETWEEN 4869755 AND 4869855
	-> Filter: (sbtest5.id between 4869755 and 4869855)  (cost=20.6 rows=101)
    -> Index range scan on sbtest5 using PRIMARY over (4869755 <= id <= 4869855)  (cost=20.6 rows=101)


table 6 : explain SELECT id, c FROM sbtest6 WHERE id BETWEEN 4869755 AND 4869855
	-> Filter: (sbtest6.id between 4869755 and 4869855)  (cost=20.6 rows=101)
    -> Index range scan on sbtest6 using PRIMARY over (4869755 <= id <= 4869855)  (cost=20.6 rows=101)


table 7 : explain SELECT id, c FROM sbtest7 WHERE id BETWEEN 4869755 AND 4869855
	-> Filter: (sbtest7.id between 4869755 and 4869855)  (cost=20.6 rows=101)
    -> Index range scan on sbtest7 using PRIMARY over (4869755 <= id <= 4869855)  (cost=20.6 rows=101)


table 8 : explain SELECT id, c FROM sbtest8 WHERE id BETWEEN 4869755 AND 4869855
	-> Filter: (sbtest8.id between 4869755 and 4869855)  (cost=20.6 rows=101)
    -> Index range scan on sbtest8 using PRIMARY over (4869755 <= id <= 4869855)  (cost=20.6 rows=101)


explain: for range-notcovered :: explain SELECT id, c FROM sbtest%d WHERE id BETWEEN 5027690 AND 5027790
for range-notcovered
table 1 : explain SELECT id, c FROM sbtest1 WHERE id BETWEEN 4118184 AND 4118284
	-> Filter: (sbtest1.id between 4118184 and 4118284)  (cost=20.6 rows=101)
    -> Index range scan on sbtest1 using PRIMARY over (4118184 <= id <= 4118284)  (cost=20.6 rows=101)


table 2 : explain SELECT id, c FROM sbtest2 WHERE id BETWEEN 4118184 AND 4118284
	-> Filter: (sbtest2.id between 4118184 and 4118284)  (cost=20.6 rows=101)
    -> Index range scan on sbtest2 using PRIMARY over (4118184 <= id <= 4118284)  (cost=20.6 rows=101)


table 3 : explain SELECT id, c FROM sbtest3 WHERE id BETWEEN 4118184 AND 4118284
	-> Filter: (sbtest3.id between 4118184 and 4118284)  (cost=20.6 rows=101)
    -> Index range scan on sbtest3 using PRIMARY over (4118184 <= id <= 4118284)  (cost=20.6 rows=101)


table 4 : explain SELECT id, c FROM sbtest4 WHERE id BETWEEN 4118184 AND 4118284
	-> Filter: (sbtest4.id between 4118184 and 4118284)  (cost=20.6 rows=101)
    -> Index range scan on sbtest4 using PRIMARY over (4118184 <= id <= 4118284)  (cost=20.6 rows=101)


table 5 : explain SELECT id, c FROM sbtest5 WHERE id BETWEEN 4118184 AND 4118284
	-> Filter: (sbtest5.id between 4118184 and 4118284)  (cost=20.6 rows=101)
    -> Index range scan on sbtest5 using PRIMARY over (4118184 <= id <= 4118284)  (cost=20.6 rows=101)


table 6 : explain SELECT id, c FROM sbtest6 WHERE id BETWEEN 4118184 AND 4118284
	-> Filter: (sbtest6.id between 4118184 and 4118284)  (cost=20.6 rows=101)
    -> Index range scan on sbtest6 using PRIMARY over (4118184 <= id <= 4118284)  (cost=20.6 rows=101)


table 7 : explain SELECT id, c FROM sbtest7 WHERE id BETWEEN 4118184 AND 4118284
	-> Filter: (sbtest7.id between 4118184 and 4118284)  (cost=20.6 rows=101)
    -> Index range scan on sbtest7 using PRIMARY over (4118184 <= id <= 4118284)  (cost=20.6 rows=101)


table 8 : explain SELECT id, c FROM sbtest8 WHERE id BETWEEN 4118184 AND 4118284
	-> Filter: (sbtest8.id between 4118184 and 4118284)  (cost=20.6 rows=101)
    -> Index range scan on sbtest8 using PRIMARY over (4118184 <= id <= 4118284)  (cost=20.6 rows=101)


explain: for range-notcovered :: explain SELECT id, c FROM sbtest%d WHERE id BETWEEN 4339851 AND 4339951
for range-notcovered
table 1 : explain SELECT id, c FROM sbtest1 WHERE id BETWEEN 9392832 AND 9392932
	-> Filter: (sbtest1.id between 9392832 and 9392932)  (cost=20.6 rows=101)
    -> Index range scan on sbtest1 using PRIMARY over (9392832 <= id <= 9392932)  (cost=20.6 rows=101)


table 2 : explain SELECT id, c FROM sbtest2 WHERE id BETWEEN 9392832 AND 9392932
	-> Filter: (sbtest2.id between 9392832 and 9392932)  (cost=20.6 rows=101)
    -> Index range scan on sbtest2 using PRIMARY over (9392832 <= id <= 9392932)  (cost=20.6 rows=101)


table 3 : explain SELECT id, c FROM sbtest3 WHERE id BETWEEN 9392832 AND 9392932
	-> Filter: (sbtest3.id between 9392832 and 9392932)  (cost=20.6 rows=101)
    -> Index range scan on sbtest3 using PRIMARY over (9392832 <= id <= 9392932)  (cost=20.6 rows=101)


table 4 : explain SELECT id, c FROM sbtest4 WHERE id BETWEEN 9392832 AND 9392932
	-> Filter: (sbtest4.id between 9392832 and 9392932)  (cost=20.6 rows=101)
    -> Index range scan on sbtest4 using PRIMARY over (9392832 <= id <= 9392932)  (cost=20.6 rows=101)


table 5 : explain SELECT id, c FROM sbtest5 WHERE id BETWEEN 9392832 AND 9392932
	-> Filter: (sbtest5.id between 9392832 and 9392932)  (cost=20.6 rows=101)
    -> Index range scan on sbtest5 using PRIMARY over (9392832 <= id <= 9392932)  (cost=20.6 rows=101)


table 6 : explain SELECT id, c FROM sbtest6 WHERE id BETWEEN 9392832 AND 9392932
	-> Filter: (sbtest6.id between 9392832 and 9392932)  (cost=20.6 rows=101)
    -> Index range scan on sbtest6 using PRIMARY over (9392832 <= id <= 9392932)  (cost=20.6 rows=101)


table 7 : explain SELECT id, c FROM sbtest7 WHERE id BETWEEN 9392832 AND 9392932
	-> Filter: (sbtest7.id between 9392832 and 9392932)  (cost=20.6 rows=101)
    -> Index range scan on sbtest7 using PRIMARY over (9392832 <= id <= 9392932)  (cost=20.6 rows=101)


table 8 : explain SELECT id, c FROM sbtest8 WHERE id BETWEEN 9392832 AND 9392932
	-> Filter: (sbtest8.id between 9392832 and 9392932)  (cost=20.6 rows=101)
    -> Index range scan on sbtest8 using PRIMARY over (9392832 <= id <= 9392932)  (cost=20.6 rows=101)


for range-notcovered
table 1 : explain SELECT id, c FROM sbtest1 WHERE id BETWEEN 2559955 AND 2560055
	-> Filter: (sbtest1.id between 2559955 and 2560055)  (cost=20.6 rows=101)
    -> Index range scan on sbtest1 using PRIMARY over (2559955 <= id <= 2560055)  (cost=20.6 rows=101)


table 2 : explain SELECT id, c FROM sbtest2 WHERE id BETWEEN 2559955 AND 2560055
	-> Filter: (sbtest2.id between 2559955 and 2560055)  (cost=20.6 rows=101)
    -> Index range scan on sbtest2 using PRIMARY over (2559955 <= id <= 2560055)  (cost=20.6 rows=101)


table 3 : explain SELECT id, c FROM sbtest3 WHERE id BETWEEN 2559955 AND 2560055
	-> Filter: (sbtest3.id between 2559955 and 2560055)  (cost=20.6 rows=101)
    -> Index range scan on sbtest3 using PRIMARY over (2559955 <= id <= 2560055)  (cost=20.6 rows=101)


table 4 : explain SELECT id, c FROM sbtest4 WHERE id BETWEEN 2559955 AND 2560055
	-> Filter: (sbtest4.id between 2559955 and 2560055)  (cost=20.6 rows=101)
    -> Index range scan on sbtest4 using PRIMARY over (2559955 <= id <= 2560055)  (cost=20.6 rows=101)


table 5 : explain SELECT id, c FROM sbtest5 WHERE id BETWEEN 2559955 AND 2560055
	-> Filter: (sbtest5.id between 2559955 and 2560055)  (cost=20.6 rows=101)
    -> Index range scan on sbtest5 using PRIMARY over (2559955 <= id <= 2560055)  (cost=20.6 rows=101)


table 6 : explain SELECT id, c FROM sbtest6 WHERE id BETWEEN 2559955 AND 2560055
	-> Filter: (sbtest6.id between 2559955 and 2560055)  (cost=20.6 rows=101)
    -> Index range scan on sbtest6 using PRIMARY over (2559955 <= id <= 2560055)  (cost=20.6 rows=101)


table 7 : explain SELECT id, c FROM sbtest7 WHERE id BETWEEN 2559955 AND 2560055
	-> Filter: (sbtest7.id between 2559955 and 2560055)  (cost=20.6 rows=101)
    -> Index range scan on sbtest7 using PRIMARY over (2559955 <= id <= 2560055)  (cost=20.6 rows=101)


table 8 : explain SELECT id, c FROM sbtest8 WHERE id BETWEEN 2559955 AND 2560055
	-> Filter: (sbtest8.id between 2559955 and 2560055)  (cost=20.6 rows=101)
    -> Index range scan on sbtest8 using PRIMARY over (2559955 <= id <= 2560055)  (cost=20.6 rows=101)


for range-notcovered
table 1 : explain SELECT id, c FROM sbtest1 WHERE id BETWEEN 7378558 AND 7378658
	-> Filter: (sbtest1.id between 7378558 and 7378658)  (cost=20.6 rows=101)
    -> Index range scan on sbtest1 using PRIMARY over (7378558 <= id <= 7378658)  (cost=20.6 rows=101)


table 2 : explain SELECT id, c FROM sbtest2 WHERE id BETWEEN 7378558 AND 7378658
	-> Filter: (sbtest2.id between 7378558 and 7378658)  (cost=20.6 rows=101)
    -> Index range scan on sbtest2 using PRIMARY over (7378558 <= id <= 7378658)  (cost=20.6 rows=101)


table 3 : explain SELECT id, c FROM sbtest3 WHERE id BETWEEN 7378558 AND 7378658
	-> Filter: (sbtest3.id between 7378558 and 7378658)  (cost=20.6 rows=101)
    -> Index range scan on sbtest3 using PRIMARY over (7378558 <= id <= 7378658)  (cost=20.6 rows=101)


table 4 : explain SELECT id, c FROM sbtest4 WHERE id BETWEEN 7378558 AND 7378658
	-> Filter: (sbtest4.id between 7378558 and 7378658)  (cost=20.6 rows=101)
    -> Index range scan on sbtest4 using PRIMARY over (7378558 <= id <= 7378658)  (cost=20.6 rows=101)


table 5 : explain SELECT id, c FROM sbtest5 WHERE id BETWEEN 7378558 AND 7378658
	-> Filter: (sbtest5.id between 7378558 and 7378658)  (cost=20.6 rows=101)
    -> Index range scan on sbtest5 using PRIMARY over (7378558 <= id <= 7378658)  (cost=20.6 rows=101)


table 6 : explain SELECT id, c FROM sbtest6 WHERE id BETWEEN 7378558 AND 7378658
	-> Filter: (sbtest6.id between 7378558 and 7378658)  (cost=20.6 rows=101)
    -> Index range scan on sbtest6 using PRIMARY over (7378558 <= id <= 7378658)  (cost=20.6 rows=101)


table 7 : explain SELECT id, c FROM sbtest7 WHERE id BETWEEN 7378558 AND 7378658
	-> Filter: (sbtest7.id between 7378558 and 7378658)  (cost=20.6 rows=101)
    -> Index range scan on sbtest7 using PRIMARY over (7378558 <= id <= 7378658)  (cost=20.6 rows=101)


table 8 : explain SELECT id, c FROM sbtest8 WHERE id BETWEEN 7378558 AND 7378658
	-> Filter: (sbtest8.id between 7378558 and 7378658)  (cost=20.6 rows=101)
    -> Index range scan on sbtest8 using PRIMARY over (7378558 <= id <= 7378658)  (cost=20.6 rows=101)


explain: for range-notcovered :: explain SELECT id, c FROM sbtest%d WHERE id BETWEEN 9304560 AND 9304660
explain: for range-notcovered :: explain SELECT id, c FROM sbtest%d WHERE id BETWEEN 2819123 AND 2819223

explain: for range-notcovered :: explain SELECT id, c FROM sbtest%d WHERE id BETWEEN 4869755 AND 4869855
explain: for range-notcovered :: explain SELECT id, c FROM sbtest%d WHERE id BETWEEN 4118184 AND 4118284
explain: for range-notcovered :: explain SELECT id, c FROM sbtest%d WHERE id BETWEEN 3603238 AND 3603338

for range-notcovered
table 1 : explain SELECT id, c FROM sbtest1 WHERE id BETWEEN 4567750 AND 4567850
	-> Filter: (sbtest1.id between 4567750 and 4567850)  (cost=20.6 rows=101)
    -> Index range scan on sbtest1 using PRIMARY over (4567750 <= id <= 4567850)  (cost=20.6 rows=101)


table 2 : explain SELECT id, c FROM sbtest2 WHERE id BETWEEN 4567750 AND 4567850
	-> Filter: (sbtest2.id between 4567750 and 4567850)  (cost=20.6 rows=101)
    -> Index range scan on sbtest2 using PRIMARY over (4567750 <= id <= 4567850)  (cost=20.6 rows=101)


table 3 : explain SELECT id, c FROM sbtest3 WHERE id BETWEEN 4567750 AND 4567850
	-> Filter: (sbtest3.id between 4567750 and 4567850)  (cost=20.6 rows=101)
    -> Index range scan on sbtest3 using PRIMARY over (4567750 <= id <= 4567850)  (cost=20.6 rows=101)


table 4 : explain SELECT id, c FROM sbtest4 WHERE id BETWEEN 4567750 AND 4567850
	-> Filter: (sbtest4.id between 4567750 and 4567850)  (cost=20.6 rows=101)
    -> Index range scan on sbtest4 using PRIMARY over (4567750 <= id <= 4567850)  (cost=20.6 rows=101)


table 5 : explain SELECT id, c FROM sbtest5 WHERE id BETWEEN 4567750 AND 4567850
	-> Filter: (sbtest5.id between 4567750 and 4567850)  (cost=20.6 rows=101)
    -> Index range scan on sbtest5 using PRIMARY over (4567750 <= id <= 4567850)  (cost=20.6 rows=101)


table 6 : explain SELECT id, c FROM sbtest6 WHERE id BETWEEN 4567750 AND 4567850
	-> Filter: (sbtest6.id between 4567750 and 4567850)  (cost=20.6 rows=101)
    -> Index range scan on sbtest6 using PRIMARY over (4567750 <= id <= 4567850)  (cost=20.6 rows=101)


table 7 : explain SELECT id, c FROM sbtest7 WHERE id BETWEEN 4567750 AND 4567850
	-> Filter: (sbtest7.id between 4567750 and 4567850)  (cost=20.6 rows=101)
    -> Index range scan on sbtest7 using PRIMARY over (4567750 <= id <= 4567850)  (cost=20.6 rows=101)


table 8 : explain SELECT id, c FROM sbtest8 WHERE id BETWEEN 4567750 AND 4567850
	-> Filter: (sbtest8.id between 4567750 and 4567850)  (cost=20.6 rows=101)
    -> Index range scan on sbtest8 using PRIMARY over (4567750 <= id <= 4567850)  (cost=20.6 rows=101)


for range-notcovered
table 1 : explain SELECT id, c FROM sbtest1 WHERE id BETWEEN 6876452 AND 6876552
	-> Filter: (sbtest1.id between 6876452 and 6876552)  (cost=20.6 rows=101)
    -> Index range scan on sbtest1 using PRIMARY over (6876452 <= id <= 6876552)  (cost=20.6 rows=101)


table 2 : explain SELECT id, c FROM sbtest2 WHERE id BETWEEN 6876452 AND 6876552
	-> Filter: (sbtest2.id between 6876452 and 6876552)  (cost=20.6 rows=101)
    -> Index range scan on sbtest2 using PRIMARY over (6876452 <= id <= 6876552)  (cost=20.6 rows=101)


table 3 : explain SELECT id, c FROM sbtest3 WHERE id BETWEEN 6876452 AND 6876552
	-> Filter: (sbtest3.id between 6876452 and 6876552)  (cost=20.6 rows=101)
    -> Index range scan on sbtest3 using PRIMARY over (6876452 <= id <= 6876552)  (cost=20.6 rows=101)


table 4 : explain SELECT id, c FROM sbtest4 WHERE id BETWEEN 6876452 AND 6876552
	-> Filter: (sbtest4.id between 6876452 and 6876552)  (cost=20.6 rows=101)
    -> Index range scan on sbtest4 using PRIMARY over (6876452 <= id <= 6876552)  (cost=20.6 rows=101)


table 5 : explain SELECT id, c FROM sbtest5 WHERE id BETWEEN 6876452 AND 6876552
	-> Filter: (sbtest5.id between 6876452 and 6876552)  (cost=20.6 rows=101)
    -> Index range scan on sbtest5 using PRIMARY over (6876452 <= id <= 6876552)  (cost=20.6 rows=101)


table 6 : explain SELECT id, c FROM sbtest6 WHERE id BETWEEN 6876452 AND 6876552
	-> Filter: (sbtest6.id between 6876452 and 6876552)  (cost=20.6 rows=101)
    -> Index range scan on sbtest6 using PRIMARY over (6876452 <= id <= 6876552)  (cost=20.6 rows=101)


table 7 : explain SELECT id, c FROM sbtest7 WHERE id BETWEEN 6876452 AND 6876552
	-> Filter: (sbtest7.id between 6876452 and 6876552)  (cost=20.6 rows=101)
    -> Index range scan on sbtest7 using PRIMARY over (6876452 <= id <= 6876552)  (cost=20.6 rows=101)


table 8 : explain SELECT id, c FROM sbtest8 WHERE id BETWEEN 6876452 AND 6876552
	-> Filter: (sbtest8.id between 6876452 and 6876552)  (cost=20.6 rows=101)
    -> Index range scan on sbtest8 using PRIMARY over (6876452 <= id <= 6876552)  (cost=20.6 rows=101)


explain: for range-notcovered :: explain SELECT id, c FROM sbtest%d WHERE id BETWEEN 6620110 AND 6620210
explain: for range-notcovered :: explain SELECT id, c FROM sbtest%d WHERE id BETWEEN 8363538 AND 8363638
explain: for range-notcovered :: explain SELECT id, c FROM sbtest%d WHERE id BETWEEN 5767498 AND 5767598
for range-notcovered
table 1 : explain SELECT id, c FROM sbtest1 WHERE id BETWEEN 5102644 AND 5102744
	-> Filter: (sbtest1.id between 5102644 and 5102744)  (cost=20.6 rows=101)
    -> Index range scan on sbtest1 using PRIMARY over (5102644 <= id <= 5102744)  (cost=20.6 rows=101)


table 2 : explain SELECT id, c FROM sbtest2 WHERE id BETWEEN 5102644 AND 5102744
	-> Filter: (sbtest2.id between 5102644 and 5102744)  (cost=20.6 rows=101)
    -> Index range scan on sbtest2 using PRIMARY over (5102644 <= id <= 5102744)  (cost=20.6 rows=101)


table 3 : explain SELECT id, c FROM sbtest3 WHERE id BETWEEN 5102644 AND 5102744
	-> Filter: (sbtest3.id between 5102644 and 5102744)  (cost=20.6 rows=101)
    -> Index range scan on sbtest3 using PRIMARY over (5102644 <= id <= 5102744)  (cost=20.6 rows=101)


table 4 : explain SELECT id, c FROM sbtest4 WHERE id BETWEEN 5102644 AND 5102744
	-> Filter: (sbtest4.id between 5102644 and 5102744)  (cost=20.6 rows=101)
    -> Index range scan on sbtest4 using PRIMARY over (5102644 <= id <= 5102744)  (cost=20.6 rows=101)


table 5 : explain SELECT id, c FROM sbtest5 WHERE id BETWEEN 5102644 AND 5102744
	-> Filter: (sbtest5.id between 5102644 and 5102744)  (cost=20.6 rows=101)
    -> Index range scan on sbtest5 using PRIMARY over (5102644 <= id <= 5102744)  (cost=20.6 rows=101)


table 6 : explain SELECT id, c FROM sbtest6 WHERE id BETWEEN 5102644 AND 5102744
	-> Filter: (sbtest6.id between 5102644 and 5102744)  (cost=20.6 rows=101)
    -> Index range scan on sbtest6 using PRIMARY over (5102644 <= id <= 5102744)  (cost=20.6 rows=101)


table 7 : explain SELECT id, c FROM sbtest7 WHERE id BETWEEN 5102644 AND 5102744
	-> Filter: (sbtest7.id between 5102644 and 5102744)  (cost=20.6 rows=101)
    -> Index range scan on sbtest7 using PRIMARY over (5102644 <= id <= 5102744)  (cost=20.6 rows=101)


table 8 : explain SELECT id, c FROM sbtest8 WHERE id BETWEEN 5102644 AND 5102744
	-> Filter: (sbtest8.id between 5102644 and 5102744)  (cost=20.6 rows=101)
    -> Index range scan on sbtest8 using PRIMARY over (5102644 <= id <= 5102744)  (cost=20.6 rows=101)


explain: for range-notcovered :: explain SELECT id, c FROM sbtest%d WHERE id BETWEEN 7208830 AND 7208930

for range-notcovered
table 1 : explain SELECT id, c FROM sbtest1 WHERE id BETWEEN 4880599 AND 4880699
	-> Filter: (sbtest1.id between 4880599 and 4880699)  (cost=20.6 rows=101)
    -> Index range scan on sbtest1 using PRIMARY over (4880599 <= id <= 4880699)  (cost=20.6 rows=101)


table 2 : explain SELECT id, c FROM sbtest2 WHERE id BETWEEN 4880599 AND 4880699
	-> Filter: (sbtest2.id between 4880599 and 4880699)  (cost=20.6 rows=101)
    -> Index range scan on sbtest2 using PRIMARY over (4880599 <= id <= 4880699)  (cost=20.6 rows=101)


table 3 : explain SELECT id, c FROM sbtest3 WHERE id BETWEEN 4880599 AND 4880699
	-> Filter: (sbtest3.id between 4880599 and 4880699)  (cost=20.6 rows=101)
    -> Index range scan on sbtest3 using PRIMARY over (4880599 <= id <= 4880699)  (cost=20.6 rows=101)


table 4 : explain SELECT id, c FROM sbtest4 WHERE id BETWEEN 4880599 AND 4880699
	-> Filter: (sbtest4.id between 4880599 and 4880699)  (cost=20.6 rows=101)
    -> Index range scan on sbtest4 using PRIMARY over (4880599 <= id <= 4880699)  (cost=20.6 rows=101)


table 5 : explain SELECT id, c FROM sbtest5 WHERE id BETWEEN 4880599 AND 4880699
	-> Filter: (sbtest5.id between 4880599 and 4880699)  (cost=20.6 rows=101)
    -> Index range scan on sbtest5 using PRIMARY over (4880599 <= id <= 4880699)  (cost=20.6 rows=101)


table 6 : explain SELECT id, c FROM sbtest6 WHERE id BETWEEN 4880599 AND 4880699
	-> Filter: (sbtest6.id between 4880599 and 4880699)  (cost=20.6 rows=101)
    -> Index range scan on sbtest6 using PRIMARY over (4880599 <= id <= 4880699)  (cost=20.6 rows=101)


table 7 : explain SELECT id, c FROM sbtest7 WHERE id BETWEEN 4880599 AND 4880699
	-> Filter: (sbtest7.id between 4880599 and 4880699)  (cost=20.6 rows=101)
    -> Index range scan on sbtest7 using PRIMARY over (4880599 <= id <= 4880699)  (cost=20.6 rows=101)


table 8 : explain SELECT id, c FROM sbtest8 WHERE id BETWEEN 4880599 AND 4880699
	-> Filter: (sbtest8.id between 4880599 and 4880699)  (cost=20.6 rows=101)
    -> Index range scan on sbtest8 using PRIMARY over (4880599 <= id <= 4880699)  (cost=20.6 rows=101)


explain: for range-notcovered :: explain SELECT id, c FROM sbtest%d WHERE id BETWEEN 9392832 AND 9392932
explain: for range-notcovered :: explain SELECT id, c FROM sbtest%d WHERE id BETWEEN 7378558 AND 7378658
explain: for range-notcovered :: explain SELECT id, c FROM sbtest%d WHERE id BETWEEN 2559955 AND 2560055
explain: for range-notcovered :: explain SELECT id, c FROM sbtest%d WHERE id BETWEEN 4567750 AND 4567850
explain: for range-notcovered :: explain SELECT id, c FROM sbtest%d WHERE id BETWEEN 6876452 AND 6876552
explain: for range-notcovered :: explain SELECT id, c FROM sbtest%d WHERE id BETWEEN 5102644 AND 5102744
explain: for range-notcovered :: explain SELECT id, c FROM sbtest%d WHERE id BETWEEN 4880599 AND 4880699
for range-notcovered
table 1 : explain SELECT id, c FROM sbtest1 WHERE id BETWEEN 3051203 AND 3051303
	-> Filter: (sbtest1.id between 3051203 and 3051303)  (cost=20.6 rows=101)
    -> Index range scan on sbtest1 using PRIMARY over (3051203 <= id <= 3051303)  (cost=20.6 rows=101)


table 2 : explain SELECT id, c FROM sbtest2 WHERE id BETWEEN 3051203 AND 3051303
	-> Filter: (sbtest2.id between 3051203 and 3051303)  (cost=20.6 rows=101)
    -> Index range scan on sbtest2 using PRIMARY over (3051203 <= id <= 3051303)  (cost=20.6 rows=101)


table 3 : explain SELECT id, c FROM sbtest3 WHERE id BETWEEN 3051203 AND 3051303
	-> Filter: (sbtest3.id between 3051203 and 3051303)  (cost=20.6 rows=101)
    -> Index range scan on sbtest3 using PRIMARY over (3051203 <= id <= 3051303)  (cost=20.6 rows=101)


table 4 : explain SELECT id, c FROM sbtest4 WHERE id BETWEEN 3051203 AND 3051303
	-> Filter: (sbtest4.id between 3051203 and 3051303)  (cost=20.6 rows=101)
    -> Index range scan on sbtest4 using PRIMARY over (3051203 <= id <= 3051303)  (cost=20.6 rows=101)


table 5 : explain SELECT id, c FROM sbtest5 WHERE id BETWEEN 3051203 AND 3051303
	-> Filter: (sbtest5.id between 3051203 and 3051303)  (cost=20.6 rows=101)
    -> Index range scan on sbtest5 using PRIMARY over (3051203 <= id <= 3051303)  (cost=20.6 rows=101)


table 6 : explain SELECT id, c FROM sbtest6 WHERE id BETWEEN 3051203 AND 3051303
	-> Filter: (sbtest6.id between 3051203 and 3051303)  (cost=20.6 rows=101)
    -> Index range scan on sbtest6 using PRIMARY over (3051203 <= id <= 3051303)  (cost=20.6 rows=101)


table 7 : explain SELECT id, c FROM sbtest7 WHERE id BETWEEN 3051203 AND 3051303
	-> Filter: (sbtest7.id between 3051203 and 3051303)  (cost=20.6 rows=101)
    -> Index range scan on sbtest7 using PRIMARY over (3051203 <= id <= 3051303)  (cost=20.6 rows=101)


table 8 : explain SELECT id, c FROM sbtest8 WHERE id BETWEEN 3051203 AND 3051303
	-> Filter: (sbtest8.id between 3051203 and 3051303)  (cost=20.6 rows=101)
    -> Index range scan on sbtest8 using PRIMARY over (3051203 <= id <= 3051303)  (cost=20.6 rows=101)


for range-notcovered
table 1 : explain SELECT id, c FROM sbtest1 WHERE id BETWEEN 3730450 AND 3730550
	-> Filter: (sbtest1.id between 3730450 and 3730550)  (cost=20.6 rows=101)
    -> Index range scan on sbtest1 using PRIMARY over (3730450 <= id <= 3730550)  (cost=20.6 rows=101)


table 2 : explain SELECT id, c FROM sbtest2 WHERE id BETWEEN 3730450 AND 3730550
	-> Filter: (sbtest2.id between 3730450 and 3730550)  (cost=20.6 rows=101)
    -> Index range scan on sbtest2 using PRIMARY over (3730450 <= id <= 3730550)  (cost=20.6 rows=101)


table 3 : explain SELECT id, c FROM sbtest3 WHERE id BETWEEN 3730450 AND 3730550
	-> Filter: (sbtest3.id between 3730450 and 3730550)  (cost=20.6 rows=101)
    -> Index range scan on sbtest3 using PRIMARY over (3730450 <= id <= 3730550)  (cost=20.6 rows=101)


table 4 : explain SELECT id, c FROM sbtest4 WHERE id BETWEEN 3730450 AND 3730550
	-> Filter: (sbtest4.id between 3730450 and 3730550)  (cost=20.6 rows=101)
    -> Index range scan on sbtest4 using PRIMARY over (3730450 <= id <= 3730550)  (cost=20.6 rows=101)


table 5 : explain SELECT id, c FROM sbtest5 WHERE id BETWEEN 3730450 AND 3730550
	-> Filter: (sbtest5.id between 3730450 and 3730550)  (cost=20.6 rows=101)
    -> Index range scan on sbtest5 using PRIMARY over (3730450 <= id <= 3730550)  (cost=20.6 rows=101)


table 6 : explain SELECT id, c FROM sbtest6 WHERE id BETWEEN 3730450 AND 3730550
	-> Filter: (sbtest6.id between 3730450 and 3730550)  (cost=20.6 rows=101)
    -> Index range scan on sbtest6 using PRIMARY over (3730450 <= id <= 3730550)  (cost=20.6 rows=101)


table 7 : explain SELECT id, c FROM sbtest7 WHERE id BETWEEN 3730450 AND 3730550
	-> Filter: (sbtest7.id between 3730450 and 3730550)  (cost=20.6 rows=101)
    -> Index range scan on sbtest7 using PRIMARY over (3730450 <= id <= 3730550)  (cost=20.6 rows=101)


table 8 : explain SELECT id, c FROM sbtest8 WHERE id BETWEEN 3730450 AND 3730550
	-> Filter: (sbtest8.id between 3730450 and 3730550)  (cost=20.6 rows=101)
    -> Index range scan on sbtest8 using PRIMARY over (3730450 <= id <= 3730550)  (cost=20.6 rows=101)


for range-notcovered
table 1 : explain SELECT id, c FROM sbtest1 WHERE id BETWEEN 2677039 AND 2677139
	-> Filter: (sbtest1.id between 2677039 and 2677139)  (cost=20.6 rows=101)
    -> Index range scan on sbtest1 using PRIMARY over (2677039 <= id <= 2677139)  (cost=20.6 rows=101)


table 2 : explain SELECT id, c FROM sbtest2 WHERE id BETWEEN 2677039 AND 2677139
	-> Filter: (sbtest2.id between 2677039 and 2677139)  (cost=20.6 rows=101)
    -> Index range scan on sbtest2 using PRIMARY over (2677039 <= id <= 2677139)  (cost=20.6 rows=101)


table 3 : explain SELECT id, c FROM sbtest3 WHERE id BETWEEN 2677039 AND 2677139
	-> Filter: (sbtest3.id between 2677039 and 2677139)  (cost=20.6 rows=101)
    -> Index range scan on sbtest3 using PRIMARY over (2677039 <= id <= 2677139)  (cost=20.6 rows=101)


table 4 : explain SELECT id, c FROM sbtest4 WHERE id BETWEEN 2677039 AND 2677139
	-> Filter: (sbtest4.id between 2677039 and 2677139)  (cost=20.6 rows=101)
    -> Index range scan on sbtest4 using PRIMARY over (2677039 <= id <= 2677139)  (cost=20.6 rows=101)


table 5 : explain SELECT id, c FROM sbtest5 WHERE id BETWEEN 2677039 AND 2677139
	-> Filter: (sbtest5.id between 2677039 and 2677139)  (cost=20.6 rows=101)
    -> Index range scan on sbtest5 using PRIMARY over (2677039 <= id <= 2677139)  (cost=20.6 rows=101)


table 6 : explain SELECT id, c FROM sbtest6 WHERE id BETWEEN 2677039 AND 2677139
	-> Filter: (sbtest6.id between 2677039 and 2677139)  (cost=20.6 rows=101)
    -> Index range scan on sbtest6 using PRIMARY over (2677039 <= id <= 2677139)  (cost=20.6 rows=101)


table 7 : explain SELECT id, c FROM sbtest7 WHERE id BETWEEN 2677039 AND 2677139
	-> Filter: (sbtest7.id between 2677039 and 2677139)  (cost=20.6 rows=101)
    -> Index range scan on sbtest7 using PRIMARY over (2677039 <= id <= 2677139)  (cost=20.6 rows=101)


table 8 : explain SELECT id, c FROM sbtest8 WHERE id BETWEEN 2677039 AND 2677139
	-> Filter: (sbtest8.id between 2677039 and 2677139)  (cost=20.6 rows=101)
    -> Index range scan on sbtest8 using PRIMARY over (2677039 <= id <= 2677139)  (cost=20.6 rows=101)


for range-notcovered
table 1 : explain SELECT id, c FROM sbtest1 WHERE id BETWEEN 5728658 AND 5728758
	-> Filter: (sbtest1.id between 5728658 and 5728758)  (cost=20.6 rows=101)
    -> Index range scan on sbtest1 using PRIMARY over (5728658 <= id <= 5728758)  (cost=20.6 rows=101)


table 2 : explain SELECT id, c FROM sbtest2 WHERE id BETWEEN 5728658 AND 5728758
	-> Filter: (sbtest2.id between 5728658 and 5728758)  (cost=20.6 rows=101)
    -> Index range scan on sbtest2 using PRIMARY over (5728658 <= id <= 5728758)  (cost=20.6 rows=101)


table 3 : explain SELECT id, c FROM sbtest3 WHERE id BETWEEN 5728658 AND 5728758
	-> Filter: (sbtest3.id between 5728658 and 5728758)  (cost=20.6 rows=101)
    -> Index range scan on sbtest3 using PRIMARY over (5728658 <= id <= 5728758)  (cost=20.6 rows=101)


table 4 : explain SELECT id, c FROM sbtest4 WHERE id BETWEEN 5728658 AND 5728758
	-> Filter: (sbtest4.id between 5728658 and 5728758)  (cost=20.6 rows=101)
    -> Index range scan on sbtest4 using PRIMARY over (5728658 <= id <= 5728758)  (cost=20.6 rows=101)


table 5 : explain SELECT id, c FROM sbtest5 WHERE id BETWEEN 5728658 AND 5728758
	-> Filter: (sbtest5.id between 5728658 and 5728758)  (cost=20.6 rows=101)
    -> Index range scan on sbtest5 using PRIMARY over (5728658 <= id <= 5728758)  (cost=20.6 rows=101)


table 6 : explain SELECT id, c FROM sbtest6 WHERE id BETWEEN 5728658 AND 5728758
	-> Filter: (sbtest6.id between 5728658 and 5728758)  (cost=20.6 rows=101)
    -> Index range scan on sbtest6 using PRIMARY over (5728658 <= id <= 5728758)  (cost=20.6 rows=101)


table 7 : explain SELECT id, c FROM sbtest7 WHERE id BETWEEN 5728658 AND 5728758
	-> Filter: (sbtest7.id between 5728658 and 5728758)  (cost=20.6 rows=101)
    -> Index range scan on sbtest7 using PRIMARY over (5728658 <= id <= 5728758)  (cost=20.6 rows=101)


table 8 : explain SELECT id, c FROM sbtest8 WHERE id BETWEEN 5728658 AND 5728758
	-> Filter: (sbtest8.id between 5728658 and 5728758)  (cost=20.6 rows=101)
    -> Index range scan on sbtest8 using PRIMARY over (5728658 <= id <= 5728758)  (cost=20.6 rows=101)


for range-notcovered
table 1 : explain SELECT id, c FROM sbtest1 WHERE id BETWEEN 4201106 AND 4201206
	-> Filter: (sbtest1.id between 4201106 and 4201206)  (cost=20.6 rows=101)
    -> Index range scan on sbtest1 using PRIMARY over (4201106 <= id <= 4201206)  (cost=20.6 rows=101)


table 2 : explain SELECT id, c FROM sbtest2 WHERE id BETWEEN 4201106 AND 4201206
	-> Filter: (sbtest2.id between 4201106 and 4201206)  (cost=20.6 rows=101)
    -> Index range scan on sbtest2 using PRIMARY over (4201106 <= id <= 4201206)  (cost=20.6 rows=101)


table 3 : explain SELECT id, c FROM sbtest3 WHERE id BETWEEN 4201106 AND 4201206
	-> Filter: (sbtest3.id between 4201106 and 4201206)  (cost=20.6 rows=101)
    -> Index range scan on sbtest3 using PRIMARY over (4201106 <= id <= 4201206)  (cost=20.6 rows=101)


table 4 : explain SELECT id, c FROM sbtest4 WHERE id BETWEEN 4201106 AND 4201206
	-> Filter: (sbtest4.id between 4201106 and 4201206)  (cost=20.6 rows=101)
    -> Index range scan on sbtest4 using PRIMARY over (4201106 <= id <= 4201206)  (cost=20.6 rows=101)


table 5 : explain SELECT id, c FROM sbtest5 WHERE id BETWEEN 4201106 AND 4201206
	-> Filter: (sbtest5.id between 4201106 and 4201206)  (cost=20.6 rows=101)
    -> Index range scan on sbtest5 using PRIMARY over (4201106 <= id <= 4201206)  (cost=20.6 rows=101)


table 6 : explain SELECT id, c FROM sbtest6 WHERE id BETWEEN 4201106 AND 4201206
	-> Filter: (sbtest6.id between 4201106 and 4201206)  (cost=20.6 rows=101)
    -> Index range scan on sbtest6 using PRIMARY over (4201106 <= id <= 4201206)  (cost=20.6 rows=101)


table 7 : explain SELECT id, c FROM sbtest7 WHERE id BETWEEN 4201106 AND 4201206
	-> Filter: (sbtest7.id between 4201106 and 4201206)  (cost=20.6 rows=101)
    -> Index range scan on sbtest7 using PRIMARY over (4201106 <= id <= 4201206)  (cost=20.6 rows=101)


table 8 : explain SELECT id, c FROM sbtest8 WHERE id BETWEEN 4201106 AND 4201206
	-> Filter: (sbtest8.id between 4201106 and 4201206)  (cost=20.6 rows=101)
    -> Index range scan on sbtest8 using PRIMARY over (4201106 <= id <= 4201206)  (cost=20.6 rows=101)


explain: for range-notcovered :: explain SELECT id, c FROM sbtest%d WHERE id BETWEEN 2677039 AND 2677139
explain: for range-notcovered :: explain SELECT id, c FROM sbtest%d WHERE id BETWEEN 3730450 AND 3730550
for range-notcovered
table 1 : explain SELECT id, c FROM sbtest1 WHERE id BETWEEN 2798754 AND 2798854
	-> Filter: (sbtest1.id between 2798754 and 2798854)  (cost=20.6 rows=101)
    -> Index range scan on sbtest1 using PRIMARY over (2798754 <= id <= 2798854)  (cost=20.6 rows=101)


table 2 : explain SELECT id, c FROM sbtest2 WHERE id BETWEEN 2798754 AND 2798854
	-> Filter: (sbtest2.id between 2798754 and 2798854)  (cost=20.6 rows=101)
    -> Index range scan on sbtest2 using PRIMARY over (2798754 <= id <= 2798854)  (cost=20.6 rows=101)


table 3 : explain SELECT id, c FROM sbtest3 WHERE id BETWEEN 2798754 AND 2798854
	-> Filter: (sbtest3.id between 2798754 and 2798854)  (cost=20.6 rows=101)
    -> Index range scan on sbtest3 using PRIMARY over (2798754 <= id <= 2798854)  (cost=20.6 rows=101)


table 4 : explain SELECT id, c FROM sbtest4 WHERE id BETWEEN 2798754 AND 2798854
	-> Filter: (sbtest4.id between 2798754 and 2798854)  (cost=20.6 rows=101)
    -> Index range scan on sbtest4 using PRIMARY over (2798754 <= id <= 2798854)  (cost=20.6 rows=101)


table 5 : explain SELECT id, c FROM sbtest5 WHERE id BETWEEN 2798754 AND 2798854
	-> Filter: (sbtest5.id between 2798754 and 2798854)  (cost=20.6 rows=101)
    -> Index range scan on sbtest5 using PRIMARY over (2798754 <= id <= 2798854)  (cost=20.6 rows=101)


table 6 : explain SELECT id, c FROM sbtest6 WHERE id BETWEEN 2798754 AND 2798854
	-> Filter: (sbtest6.id between 2798754 and 2798854)  (cost=20.6 rows=101)
    -> Index range scan on sbtest6 using PRIMARY over (2798754 <= id <= 2798854)  (cost=20.6 rows=101)


table 7 : explain SELECT id, c FROM sbtest7 WHERE id BETWEEN 2798754 AND 2798854
	-> Filter: (sbtest7.id between 2798754 and 2798854)  (cost=20.6 rows=101)
    -> Index range scan on sbtest7 using PRIMARY over (2798754 <= id <= 2798854)  (cost=20.6 rows=101)


table 8 : explain SELECT id, c FROM sbtest8 WHERE id BETWEEN 2798754 AND 2798854
	-> Filter: (sbtest8.id between 2798754 and 2798854)  (cost=20.6 rows=101)
    -> Index range scan on sbtest8 using PRIMARY over (2798754 <= id <= 2798854)  (cost=20.6 rows=101)


explain: for range-notcovered :: explain SELECT id, c FROM sbtest%d WHERE id BETWEEN 3051203 AND 3051303
explain: for range-notcovered :: explain SELECT id, c FROM sbtest%d WHERE id BETWEEN 5728658 AND 5728758
for range-notcovered
table 1 : explain SELECT id, c FROM sbtest1 WHERE id BETWEEN 8460869 AND 8460969
	-> Filter: (sbtest1.id between 8460869 and 8460969)  (cost=20.6 rows=101)
    -> Index range scan on sbtest1 using PRIMARY over (8460869 <= id <= 8460969)  (cost=20.6 rows=101)


table 2 : explain SELECT id, c FROM sbtest2 WHERE id BETWEEN 8460869 AND 8460969
	-> Filter: (sbtest2.id between 8460869 and 8460969)  (cost=20.6 rows=101)
    -> Index range scan on sbtest2 using PRIMARY over (8460869 <= id <= 8460969)  (cost=20.6 rows=101)


table 3 : explain SELECT id, c FROM sbtest3 WHERE id BETWEEN 8460869 AND 8460969
	-> Filter: (sbtest3.id between 8460869 and 8460969)  (cost=20.6 rows=101)
    -> Index range scan on sbtest3 using PRIMARY over (8460869 <= id <= 8460969)  (cost=20.6 rows=101)


table 4 : explain SELECT id, c FROM sbtest4 WHERE id BETWEEN 8460869 AND 8460969
	-> Filter: (sbtest4.id between 8460869 and 8460969)  (cost=20.6 rows=101)
    -> Index range scan on sbtest4 using PRIMARY over (8460869 <= id <= 8460969)  (cost=20.6 rows=101)


table 5 : explain SELECT id, c FROM sbtest5 WHERE id BETWEEN 8460869 AND 8460969
	-> Filter: (sbtest5.id between 8460869 and 8460969)  (cost=20.6 rows=101)
    -> Index range scan on sbtest5 using PRIMARY over (8460869 <= id <= 8460969)  (cost=20.6 rows=101)


table 6 : explain SELECT id, c FROM sbtest6 WHERE id BETWEEN 8460869 AND 8460969
	-> Filter: (sbtest6.id between 8460869 and 8460969)  (cost=20.6 rows=101)
    -> Index range scan on sbtest6 using PRIMARY over (8460869 <= id <= 8460969)  (cost=20.6 rows=101)


table 7 : explain SELECT id, c FROM sbtest7 WHERE id BETWEEN 8460869 AND 8460969
	-> Filter: (sbtest7.id between 8460869 and 8460969)  (cost=20.6 rows=101)
    -> Index range scan on sbtest7 using PRIMARY over (8460869 <= id <= 8460969)  (cost=20.6 rows=101)


table 8 : explain SELECT id, c FROM sbtest8 WHERE id BETWEEN 8460869 AND 8460969
	-> Filter: (sbtest8.id between 8460869 and 8460969)  (cost=20.6 rows=101)
    -> Index range scan on sbtest8 using PRIMARY over (8460869 <= id <= 8460969)  (cost=20.6 rows=101)


explain: for range-notcovered :: explain SELECT id, c FROM sbtest%d WHERE id BETWEEN 4201106 AND 4201206
explain: for range-notcovered :: explain SELECT id, c FROM sbtest%d WHERE id BETWEEN 2798754 AND 2798854
explain: for range-notcovered :: explain SELECT id, c FROM sbtest%d WHERE id BETWEEN 8460869 AND 8460969
for range-notcovered
table 1 : explain SELECT id, c FROM sbtest1 WHERE id BETWEEN 4270236 AND 4270336
	-> Filter: (sbtest1.id between 4270236 and 4270336)  (cost=20.6 rows=101)
    -> Index range scan on sbtest1 using PRIMARY over (4270236 <= id <= 4270336)  (cost=20.6 rows=101)


table 2 : explain SELECT id, c FROM sbtest2 WHERE id BETWEEN 4270236 AND 4270336
	-> Filter: (sbtest2.id between 4270236 and 4270336)  (cost=20.6 rows=101)
    -> Index range scan on sbtest2 using PRIMARY over (4270236 <= id <= 4270336)  (cost=20.6 rows=101)


table 3 : explain SELECT id, c FROM sbtest3 WHERE id BETWEEN 4270236 AND 4270336
	-> Filter: (sbtest3.id between 4270236 and 4270336)  (cost=20.6 rows=101)
    -> Index range scan on sbtest3 using PRIMARY over (4270236 <= id <= 4270336)  (cost=20.6 rows=101)


table 4 : explain SELECT id, c FROM sbtest4 WHERE id BETWEEN 4270236 AND 4270336
	-> Filter: (sbtest4.id between 4270236 and 4270336)  (cost=20.6 rows=101)
    -> Index range scan on sbtest4 using PRIMARY over (4270236 <= id <= 4270336)  (cost=20.6 rows=101)


table 5 : explain SELECT id, c FROM sbtest5 WHERE id BETWEEN 4270236 AND 4270336
	-> Filter: (sbtest5.id between 4270236 and 4270336)  (cost=20.6 rows=101)
    -> Index range scan on sbtest5 using PRIMARY over (4270236 <= id <= 4270336)  (cost=20.6 rows=101)


table 6 : explain SELECT id, c FROM sbtest6 WHERE id BETWEEN 4270236 AND 4270336
	-> Filter: (sbtest6.id between 4270236 and 4270336)  (cost=20.6 rows=101)
    -> Index range scan on sbtest6 using PRIMARY over (4270236 <= id <= 4270336)  (cost=20.6 rows=101)


table 7 : explain SELECT id, c FROM sbtest7 WHERE id BETWEEN 4270236 AND 4270336
	-> Filter: (sbtest7.id between 4270236 and 4270336)  (cost=20.6 rows=101)
    -> Index range scan on sbtest7 using PRIMARY over (4270236 <= id <= 4270336)  (cost=20.6 rows=101)


table 8 : explain SELECT id, c FROM sbtest8 WHERE id BETWEEN 4270236 AND 4270336
	-> Filter: (sbtest8.id between 4270236 and 4270336)  (cost=20.6 rows=101)
    -> Index range scan on sbtest8 using PRIMARY over (4270236 <= id <= 4270336)  (cost=20.6 rows=101)


for range-notcovered
table 1 : explain SELECT id, c FROM sbtest1 WHERE id BETWEEN 5031544 AND 5031644
	-> Filter: (sbtest1.id between 5031544 and 5031644)  (cost=20.6 rows=101)
    -> Index range scan on sbtest1 using PRIMARY over (5031544 <= id <= 5031644)  (cost=20.6 rows=101)


table 2 : explain SELECT id, c FROM sbtest2 WHERE id BETWEEN 5031544 AND 5031644
	-> Filter: (sbtest2.id between 5031544 and 5031644)  (cost=20.6 rows=101)
    -> Index range scan on sbtest2 using PRIMARY over (5031544 <= id <= 5031644)  (cost=20.6 rows=101)


table 3 : explain SELECT id, c FROM sbtest3 WHERE id BETWEEN 5031544 AND 5031644
	-> Filter: (sbtest3.id between 5031544 and 5031644)  (cost=20.6 rows=101)
    -> Index range scan on sbtest3 using PRIMARY over (5031544 <= id <= 5031644)  (cost=20.6 rows=101)


table 4 : explain SELECT id, c FROM sbtest4 WHERE id BETWEEN 5031544 AND 5031644
	-> Filter: (sbtest4.id between 5031544 and 5031644)  (cost=20.6 rows=101)
    -> Index range scan on sbtest4 using PRIMARY over (5031544 <= id <= 5031644)  (cost=20.6 rows=101)


table 5 : explain SELECT id, c FROM sbtest5 WHERE id BETWEEN 5031544 AND 5031644
	-> Filter: (sbtest5.id between 5031544 and 5031644)  (cost=20.6 rows=101)
    -> Index range scan on sbtest5 using PRIMARY over (5031544 <= id <= 5031644)  (cost=20.6 rows=101)


table 6 : explain SELECT id, c FROM sbtest6 WHERE id BETWEEN 5031544 AND 5031644
	-> Filter: (sbtest6.id between 5031544 and 5031644)  (cost=20.6 rows=101)
    -> Index range scan on sbtest6 using PRIMARY over (5031544 <= id <= 5031644)  (cost=20.6 rows=101)


table 7 : explain SELECT id, c FROM sbtest7 WHERE id BETWEEN 5031544 AND 5031644
	-> Filter: (sbtest7.id between 5031544 and 5031644)  (cost=20.6 rows=101)
    -> Index range scan on sbtest7 using PRIMARY over (5031544 <= id <= 5031644)  (cost=20.6 rows=101)


table 8 : explain SELECT id, c FROM sbtest8 WHERE id BETWEEN 5031544 AND 5031644
	-> Filter: (sbtest8.id between 5031544 and 5031644)  (cost=20.6 rows=101)
    -> Index range scan on sbtest8 using PRIMARY over (5031544 <= id <= 5031644)  (cost=20.6 rows=101)


for range-notcovered
table 1 : explain SELECT id, c FROM sbtest1 WHERE id BETWEEN 9018896 AND 9018996
	-> Filter: (sbtest1.id between 9018896 and 9018996)  (cost=20.6 rows=101)
    -> Index range scan on sbtest1 using PRIMARY over (9018896 <= id <= 9018996)  (cost=20.6 rows=101)


table 2 : explain SELECT id, c FROM sbtest2 WHERE id BETWEEN 9018896 AND 9018996
	-> Filter: (sbtest2.id between 9018896 and 9018996)  (cost=20.6 rows=101)
    -> Index range scan on sbtest2 using PRIMARY over (9018896 <= id <= 9018996)  (cost=20.6 rows=101)


table 3 : explain SELECT id, c FROM sbtest3 WHERE id BETWEEN 9018896 AND 9018996
	-> Filter: (sbtest3.id between 9018896 and 9018996)  (cost=20.6 rows=101)
    -> Index range scan on sbtest3 using PRIMARY over (9018896 <= id <= 9018996)  (cost=20.6 rows=101)


table 4 : explain SELECT id, c FROM sbtest4 WHERE id BETWEEN 9018896 AND 9018996
	-> Filter: (sbtest4.id between 9018896 and 9018996)  (cost=20.6 rows=101)
    -> Index range scan on sbtest4 using PRIMARY over (9018896 <= id <= 9018996)  (cost=20.6 rows=101)


table 5 : explain SELECT id, c FROM sbtest5 WHERE id BETWEEN 9018896 AND 9018996
	-> Filter: (sbtest5.id between 9018896 and 9018996)  (cost=20.6 rows=101)
    -> Index range scan on sbtest5 using PRIMARY over (9018896 <= id <= 9018996)  (cost=20.6 rows=101)


table 6 : explain SELECT id, c FROM sbtest6 WHERE id BETWEEN 9018896 AND 9018996
	-> Filter: (sbtest6.id between 9018896 and 9018996)  (cost=20.6 rows=101)
    -> Index range scan on sbtest6 using PRIMARY over (9018896 <= id <= 9018996)  (cost=20.6 rows=101)


table 7 : explain SELECT id, c FROM sbtest7 WHERE id BETWEEN 9018896 AND 9018996
	-> Filter: (sbtest7.id between 9018896 and 9018996)  (cost=20.6 rows=101)
    -> Index range scan on sbtest7 using PRIMARY over (9018896 <= id <= 9018996)  (cost=20.6 rows=101)


table 8 : explain SELECT id, c FROM sbtest8 WHERE id BETWEEN 9018896 AND 9018996
	-> Filter: (sbtest8.id between 9018896 and 9018996)  (cost=20.6 rows=101)
    -> Index range scan on sbtest8 using PRIMARY over (9018896 <= id <= 9018996)  (cost=20.6 rows=101)


for range-notcovered
table 1 : explain SELECT id, c FROM sbtest1 WHERE id BETWEEN 1765473 AND 1765573
	-> Filter: (sbtest1.id between 1765473 and 1765573)  (cost=20.6 rows=101)
    -> Index range scan on sbtest1 using PRIMARY over (1765473 <= id <= 1765573)  (cost=20.6 rows=101)


table 2 : explain SELECT id, c FROM sbtest2 WHERE id BETWEEN 1765473 AND 1765573
	-> Filter: (sbtest2.id between 1765473 and 1765573)  (cost=20.6 rows=101)
    -> Index range scan on sbtest2 using PRIMARY over (1765473 <= id <= 1765573)  (cost=20.6 rows=101)


table 3 : explain SELECT id, c FROM sbtest3 WHERE id BETWEEN 1765473 AND 1765573
	-> Filter: (sbtest3.id between 1765473 and 1765573)  (cost=20.6 rows=101)
    -> Index range scan on sbtest3 using PRIMARY over (1765473 <= id <= 1765573)  (cost=20.6 rows=101)


table 4 : explain SELECT id, c FROM sbtest4 WHERE id BETWEEN 1765473 AND 1765573
	-> Filter: (sbtest4.id between 1765473 and 1765573)  (cost=20.6 rows=101)
    -> Index range scan on sbtest4 using PRIMARY over (1765473 <= id <= 1765573)  (cost=20.6 rows=101)


table 5 : explain SELECT id, c FROM sbtest5 WHERE id BETWEEN 1765473 AND 1765573
	-> Filter: (sbtest5.id between 1765473 and 1765573)  (cost=20.6 rows=101)
    -> Index range scan on sbtest5 using PRIMARY over (1765473 <= id <= 1765573)  (cost=20.6 rows=101)


table 6 : explain SELECT id, c FROM sbtest6 WHERE id BETWEEN 1765473 AND 1765573
	-> Filter: (sbtest6.id between 1765473 and 1765573)  (cost=20.6 rows=101)
    -> Index range scan on sbtest6 using PRIMARY over (1765473 <= id <= 1765573)  (cost=20.6 rows=101)


table 7 : explain SELECT id, c FROM sbtest7 WHERE id BETWEEN 1765473 AND 1765573
	-> Filter: (sbtest7.id between 1765473 and 1765573)  (cost=20.6 rows=101)
    -> Index range scan on sbtest7 using PRIMARY over (1765473 <= id <= 1765573)  (cost=20.6 rows=101)


table 8 : explain SELECT id, c FROM sbtest8 WHERE id BETWEEN 1765473 AND 1765573
	-> Filter: (sbtest8.id between 1765473 and 1765573)  (cost=20.6 rows=101)
    -> Index range scan on sbtest8 using PRIMARY over (1765473 <= id <= 1765573)  (cost=20.6 rows=101)


explain: for range-notcovered :: explain SELECT id, c FROM sbtest%d WHERE id BETWEEN 9018896 AND 9018996
for range-notcovered
table 1 : explain SELECT id, c FROM sbtest1 WHERE id BETWEEN 7021492 AND 7021592
	-> Filter: (sbtest1.id between 7021492 and 7021592)  (cost=20.6 rows=101)
    -> Index range scan on sbtest1 using PRIMARY over (7021492 <= id <= 7021592)  (cost=20.6 rows=101)


table 2 : explain SELECT id, c FROM sbtest2 WHERE id BETWEEN 7021492 AND 7021592
	-> Filter: (sbtest2.id between 7021492 and 7021592)  (cost=20.6 rows=101)
    -> Index range scan on sbtest2 using PRIMARY over (7021492 <= id <= 7021592)  (cost=20.6 rows=101)


table 3 : explain SELECT id, c FROM sbtest3 WHERE id BETWEEN 7021492 AND 7021592
	-> Filter: (sbtest3.id between 7021492 and 7021592)  (cost=20.6 rows=101)
    -> Index range scan on sbtest3 using PRIMARY over (7021492 <= id <= 7021592)  (cost=20.6 rows=101)


table 4 : explain SELECT id, c FROM sbtest4 WHERE id BETWEEN 7021492 AND 7021592
	-> Filter: (sbtest4.id between 7021492 and 7021592)  (cost=20.6 rows=101)
    -> Index range scan on sbtest4 using PRIMARY over (7021492 <= id <= 7021592)  (cost=20.6 rows=101)


table 5 : explain SELECT id, c FROM sbtest5 WHERE id BETWEEN 7021492 AND 7021592
	-> Filter: (sbtest5.id between 7021492 and 7021592)  (cost=20.6 rows=101)
    -> Index range scan on sbtest5 using PRIMARY over (7021492 <= id <= 7021592)  (cost=20.6 rows=101)


table 6 : explain SELECT id, c FROM sbtest6 WHERE id BETWEEN 7021492 AND 7021592
	-> Filter: (sbtest6.id between 7021492 and 7021592)  (cost=20.6 rows=101)
    -> Index range scan on sbtest6 using PRIMARY over (7021492 <= id <= 7021592)  (cost=20.6 rows=101)


table 7 : explain SELECT id, c FROM sbtest7 WHERE id BETWEEN 7021492 AND 7021592
	-> Filter: (sbtest7.id between 7021492 and 7021592)  (cost=20.6 rows=101)
    -> Index range scan on sbtest7 using PRIMARY over (7021492 <= id <= 7021592)  (cost=20.6 rows=101)


table 8 : explain SELECT id, c FROM sbtest8 WHERE id BETWEEN 7021492 AND 7021592
	-> Filter: (sbtest8.id between 7021492 and 7021592)  (cost=20.6 rows=101)
    -> Index range scan on sbtest8 using PRIMARY over (7021492 <= id <= 7021592)  (cost=20.6 rows=101)


explain: for range-notcovered :: explain SELECT id, c FROM sbtest%d WHERE id BETWEEN 5031544 AND 5031644
for range-notcovered
table 1 : explain SELECT id, c FROM sbtest1 WHERE id BETWEEN 4339851 AND 4339951
	-> Filter: (sbtest1.id between 4339851 and 4339951)  (cost=20.6 rows=101)
    -> Index range scan on sbtest1 using PRIMARY over (4339851 <= id <= 4339951)  (cost=20.6 rows=101)


table 2 : explain SELECT id, c FROM sbtest2 WHERE id BETWEEN 4339851 AND 4339951
	-> Filter: (sbtest2.id between 4339851 and 4339951)  (cost=20.6 rows=101)
    -> Index range scan on sbtest2 using PRIMARY over (4339851 <= id <= 4339951)  (cost=20.6 rows=101)


table 3 : explain SELECT id, c FROM sbtest3 WHERE id BETWEEN 4339851 AND 4339951
	-> Filter: (sbtest3.id between 4339851 and 4339951)  (cost=20.6 rows=101)
    -> Index range scan on sbtest3 using PRIMARY over (4339851 <= id <= 4339951)  (cost=20.6 rows=101)


table 4 : explain SELECT id, c FROM sbtest4 WHERE id BETWEEN 4339851 AND 4339951
	-> Filter: (sbtest4.id between 4339851 and 4339951)  (cost=20.6 rows=101)
    -> Index range scan on sbtest4 using PRIMARY over (4339851 <= id <= 4339951)  (cost=20.6 rows=101)


table 5 : explain SELECT id, c FROM sbtest5 WHERE id BETWEEN 4339851 AND 4339951
	-> Filter: (sbtest5.id between 4339851 and 4339951)  (cost=20.6 rows=101)
    -> Index range scan on sbtest5 using PRIMARY over (4339851 <= id <= 4339951)  (cost=20.6 rows=101)


table 6 : explain SELECT id, c FROM sbtest6 WHERE id BETWEEN 4339851 AND 4339951
	-> Filter: (sbtest6.id between 4339851 and 4339951)  (cost=20.6 rows=101)
    -> Index range scan on sbtest6 using PRIMARY over (4339851 <= id <= 4339951)  (cost=20.6 rows=101)


table 7 : explain SELECT id, c FROM sbtest7 WHERE id BETWEEN 4339851 AND 4339951
	-> Filter: (sbtest7.id between 4339851 and 4339951)  (cost=20.6 rows=101)
    -> Index range scan on sbtest7 using PRIMARY over (4339851 <= id <= 4339951)  (cost=20.6 rows=101)


table 8 : explain SELECT id, c FROM sbtest8 WHERE id BETWEEN 4339851 AND 4339951
	-> Filter: (sbtest8.id between 4339851 and 4339951)  (cost=20.6 rows=101)
    -> Index range scan on sbtest8 using PRIMARY over (4339851 <= id <= 4339951)  (cost=20.6 rows=101)


for range-notcovered
table 1 : explain SELECT id, c FROM sbtest1 WHERE id BETWEEN 8697513 AND 8697613
	-> Filter: (sbtest1.id between 8697513 and 8697613)  (cost=20.6 rows=101)
    -> Index range scan on sbtest1 using PRIMARY over (8697513 <= id <= 8697613)  (cost=20.6 rows=101)


table 2 : explain SELECT id, c FROM sbtest2 WHERE id BETWEEN 8697513 AND 8697613
	-> Filter: (sbtest2.id between 8697513 and 8697613)  (cost=20.6 rows=101)
    -> Index range scan on sbtest2 using PRIMARY over (8697513 <= id <= 8697613)  (cost=20.6 rows=101)


table 3 : explain SELECT id, c FROM sbtest3 WHERE id BETWEEN 8697513 AND 8697613
	-> Filter: (sbtest3.id between 8697513 and 8697613)  (cost=20.6 rows=101)
    -> Index range scan on sbtest3 using PRIMARY over (8697513 <= id <= 8697613)  (cost=20.6 rows=101)


table 4 : explain SELECT id, c FROM sbtest4 WHERE id BETWEEN 8697513 AND 8697613
	-> Filter: (sbtest4.id between 8697513 and 8697613)  (cost=20.6 rows=101)
    -> Index range scan on sbtest4 using PRIMARY over (8697513 <= id <= 8697613)  (cost=20.6 rows=101)


table 5 : explain SELECT id, c FROM sbtest5 WHERE id BETWEEN 8697513 AND 8697613
	-> Filter: (sbtest5.id between 8697513 and 8697613)  (cost=20.6 rows=101)
    -> Index range scan on sbtest5 using PRIMARY over (8697513 <= id <= 8697613)  (cost=20.6 rows=101)


table 6 : explain SELECT id, c FROM sbtest6 WHERE id BETWEEN 8697513 AND 8697613
	-> Filter: (sbtest6.id between 8697513 and 8697613)  (cost=20.6 rows=101)
    -> Index range scan on sbtest6 using PRIMARY over (8697513 <= id <= 8697613)  (cost=20.6 rows=101)


table 7 : explain SELECT id, c FROM sbtest7 WHERE id BETWEEN 8697513 AND 8697613
	-> Filter: (sbtest7.id between 8697513 and 8697613)  (cost=20.6 rows=101)
    -> Index range scan on sbtest7 using PRIMARY over (8697513 <= id <= 8697613)  (cost=20.6 rows=101)


table 8 : explain SELECT id, c FROM sbtest8 WHERE id BETWEEN 8697513 AND 8697613
	-> Filter: (sbtest8.id between 8697513 and 8697613)  (cost=20.6 rows=101)
    -> Index range scan on sbtest8 using PRIMARY over (8697513 <= id <= 8697613)  (cost=20.6 rows=101)


explain: for range-notcovered :: explain SELECT id, c FROM sbtest%d WHERE id BETWEEN 4270236 AND 4270336
for range-notcovered
table 1 : explain SELECT id, c FROM sbtest1 WHERE id BETWEEN 2819123 AND 2819223
	-> Filter: (sbtest1.id between 2819123 and 2819223)  (cost=20.6 rows=101)
    -> Index range scan on sbtest1 using PRIMARY over (2819123 <= id <= 2819223)  (cost=20.6 rows=101)


table 2 : explain SELECT id, c FROM sbtest2 WHERE id BETWEEN 2819123 AND 2819223
	-> Filter: (sbtest2.id between 2819123 and 2819223)  (cost=20.6 rows=101)
    -> Index range scan on sbtest2 using PRIMARY over (2819123 <= id <= 2819223)  (cost=20.6 rows=101)


table 3 : explain SELECT id, c FROM sbtest3 WHERE id BETWEEN 2819123 AND 2819223
	-> Filter: (sbtest3.id between 2819123 and 2819223)  (cost=20.6 rows=101)
    -> Index range scan on sbtest3 using PRIMARY over (2819123 <= id <= 2819223)  (cost=20.6 rows=101)


table 4 : explain SELECT id, c FROM sbtest4 WHERE id BETWEEN 2819123 AND 2819223
	-> Filter: (sbtest4.id between 2819123 and 2819223)  (cost=20.6 rows=101)
    -> Index range scan on sbtest4 using PRIMARY over (2819123 <= id <= 2819223)  (cost=20.6 rows=101)


table 5 : explain SELECT id, c FROM sbtest5 WHERE id BETWEEN 2819123 AND 2819223
	-> Filter: (sbtest5.id between 2819123 and 2819223)  (cost=20.6 rows=101)
    -> Index range scan on sbtest5 using PRIMARY over (2819123 <= id <= 2819223)  (cost=20.6 rows=101)


table 6 : explain SELECT id, c FROM sbtest6 WHERE id BETWEEN 2819123 AND 2819223
	-> Filter: (sbtest6.id between 2819123 and 2819223)  (cost=20.6 rows=101)
    -> Index range scan on sbtest6 using PRIMARY over (2819123 <= id <= 2819223)  (cost=20.6 rows=101)


table 7 : explain SELECT id, c FROM sbtest7 WHERE id BETWEEN 2819123 AND 2819223
	-> Filter: (sbtest7.id between 2819123 and 2819223)  (cost=20.6 rows=101)
    -> Index range scan on sbtest7 using PRIMARY over (2819123 <= id <= 2819223)  (cost=20.6 rows=101)


table 8 : explain SELECT id, c FROM sbtest8 WHERE id BETWEEN 2819123 AND 2819223
	-> Filter: (sbtest8.id between 2819123 and 2819223)  (cost=20.6 rows=101)
    -> Index range scan on sbtest8 using PRIMARY over (2819123 <= id <= 2819223)  (cost=20.6 rows=101)


explain: for range-notcovered :: explain SELECT id, c FROM sbtest%d WHERE id BETWEEN 7021492 AND 7021592
explain: for range-notcovered :: explain SELECT id, c FROM sbtest%d WHERE id BETWEEN 1765473 AND 1765573
for range-notcovered
table 1 : explain SELECT id, c FROM sbtest1 WHERE id BETWEEN 8210069 AND 8210169
	-> Filter: (sbtest1.id between 8210069 and 8210169)  (cost=20.6 rows=101)
    -> Index range scan on sbtest1 using PRIMARY over (8210069 <= id <= 8210169)  (cost=20.6 rows=101)


table 2 : explain SELECT id, c FROM sbtest2 WHERE id BETWEEN 8210069 AND 8210169
	-> Filter: (sbtest2.id between 8210069 and 8210169)  (cost=20.6 rows=101)
    -> Index range scan on sbtest2 using PRIMARY over (8210069 <= id <= 8210169)  (cost=20.6 rows=101)


table 3 : explain SELECT id, c FROM sbtest3 WHERE id BETWEEN 8210069 AND 8210169
	-> Filter: (sbtest3.id between 8210069 and 8210169)  (cost=20.6 rows=101)
    -> Index range scan on sbtest3 using PRIMARY over (8210069 <= id <= 8210169)  (cost=20.6 rows=101)


table 4 : explain SELECT id, c FROM sbtest4 WHERE id BETWEEN 8210069 AND 8210169
	-> Filter: (sbtest4.id between 8210069 and 8210169)  (cost=20.6 rows=101)
    -> Index range scan on sbtest4 using PRIMARY over (8210069 <= id <= 8210169)  (cost=20.6 rows=101)


table 5 : explain SELECT id, c FROM sbtest5 WHERE id BETWEEN 8210069 AND 8210169
	-> Filter: (sbtest5.id between 8210069 and 8210169)  (cost=20.6 rows=101)
    -> Index range scan on sbtest5 using PRIMARY over (8210069 <= id <= 8210169)  (cost=20.6 rows=101)


table 6 : explain SELECT id, c FROM sbtest6 WHERE id BETWEEN 8210069 AND 8210169
	-> Filter: (sbtest6.id between 8210069 and 8210169)  (cost=20.6 rows=101)
    -> Index range scan on sbtest6 using PRIMARY over (8210069 <= id <= 8210169)  (cost=20.6 rows=101)


table 7 : explain SELECT id, c FROM sbtest7 WHERE id BETWEEN 8210069 AND 8210169
	-> Filter: (sbtest7.id between 8210069 and 8210169)  (cost=20.6 rows=101)
    -> Index range scan on sbtest7 using PRIMARY over (8210069 <= id <= 8210169)  (cost=20.6 rows=101)


table 8 : explain SELECT id, c FROM sbtest8 WHERE id BETWEEN 8210069 AND 8210169
	-> Filter: (sbtest8.id between 8210069 and 8210169)  (cost=20.6 rows=101)
    -> Index range scan on sbtest8 using PRIMARY over (8210069 <= id <= 8210169)  (cost=20.6 rows=101)


for range-notcovered
table 1 : explain SELECT id, c FROM sbtest1 WHERE id BETWEEN 4869755 AND 4869855
	-> Filter: (sbtest1.id between 4869755 and 4869855)  (cost=20.6 rows=101)
    -> Index range scan on sbtest1 using PRIMARY over (4869755 <= id <= 4869855)  (cost=20.6 rows=101)


table 2 : explain SELECT id, c FROM sbtest2 WHERE id BETWEEN 4869755 AND 4869855
	-> Filter: (sbtest2.id between 4869755 and 4869855)  (cost=20.6 rows=101)
    -> Index range scan on sbtest2 using PRIMARY over (4869755 <= id <= 4869855)  (cost=20.6 rows=101)


table 3 : explain SELECT id, c FROM sbtest3 WHERE id BETWEEN 4869755 AND 4869855
	-> Filter: (sbtest3.id between 4869755 and 4869855)  (cost=20.6 rows=101)
    -> Index range scan on sbtest3 using PRIMARY over (4869755 <= id <= 4869855)  (cost=20.6 rows=101)


table 4 : explain SELECT id, c FROM sbtest4 WHERE id BETWEEN 4869755 AND 4869855
	-> Filter: (sbtest4.id between 4869755 and 4869855)  (cost=20.6 rows=101)
    -> Index range scan on sbtest4 using PRIMARY over (4869755 <= id <= 4869855)  (cost=20.6 rows=101)


table 5 : explain SELECT id, c FROM sbtest5 WHERE id BETWEEN 4869755 AND 4869855
	-> Filter: (sbtest5.id between 4869755 and 4869855)  (cost=20.6 rows=101)
    -> Index range scan on sbtest5 using PRIMARY over (4869755 <= id <= 4869855)  (cost=20.6 rows=101)


table 6 : explain SELECT id, c FROM sbtest6 WHERE id BETWEEN 4869755 AND 4869855
	-> Filter: (sbtest6.id between 4869755 and 4869855)  (cost=20.6 rows=101)
    -> Index range scan on sbtest6 using PRIMARY over (4869755 <= id <= 4869855)  (cost=20.6 rows=101)


table 7 : explain SELECT id, c FROM sbtest7 WHERE id BETWEEN 4869755 AND 4869855
	-> Filter: (sbtest7.id between 4869755 and 4869855)  (cost=20.6 rows=101)
    -> Index range scan on sbtest7 using PRIMARY over (4869755 <= id <= 4869855)  (cost=20.6 rows=101)


table 8 : explain SELECT id, c FROM sbtest8 WHERE id BETWEEN 4869755 AND 4869855
	-> Filter: (sbtest8.id between 4869755 and 4869855)  (cost=20.6 rows=101)
    -> Index range scan on sbtest8 using PRIMARY over (4869755 <= id <= 4869855)  (cost=20.6 rows=101)


explain: for range-notcovered :: explain SELECT id, c FROM sbtest%d WHERE id BETWEEN 8697513 AND 8697613
for range-notcovered
table 1 : explain SELECT id, c FROM sbtest1 WHERE id BETWEEN 6860914 AND 6861014
	-> Filter: (sbtest1.id between 6860914 and 6861014)  (cost=20.6 rows=101)
    -> Index range scan on sbtest1 using PRIMARY over (6860914 <= id <= 6861014)  (cost=20.6 rows=101)


table 2 : explain SELECT id, c FROM sbtest2 WHERE id BETWEEN 6860914 AND 6861014
	-> Filter: (sbtest2.id between 6860914 and 6861014)  (cost=20.6 rows=101)
    -> Index range scan on sbtest2 using PRIMARY over (6860914 <= id <= 6861014)  (cost=20.6 rows=101)


table 3 : explain SELECT id, c FROM sbtest3 WHERE id BETWEEN 6860914 AND 6861014
	-> Filter: (sbtest3.id between 6860914 and 6861014)  (cost=20.6 rows=101)
    -> Index range scan on sbtest3 using PRIMARY over (6860914 <= id <= 6861014)  (cost=20.6 rows=101)


table 4 : explain SELECT id, c FROM sbtest4 WHERE id BETWEEN 6860914 AND 6861014
	-> Filter: (sbtest4.id between 6860914 and 6861014)  (cost=20.6 rows=101)
    -> Index range scan on sbtest4 using PRIMARY over (6860914 <= id <= 6861014)  (cost=20.6 rows=101)


table 5 : explain SELECT id, c FROM sbtest5 WHERE id BETWEEN 6860914 AND 6861014
	-> Filter: (sbtest5.id between 6860914 and 6861014)  (cost=20.6 rows=101)
    -> Index range scan on sbtest5 using PRIMARY over (6860914 <= id <= 6861014)  (cost=20.6 rows=101)


table 6 : explain SELECT id, c FROM sbtest6 WHERE id BETWEEN 6860914 AND 6861014
	-> Filter: (sbtest6.id between 6860914 and 6861014)  (cost=20.6 rows=101)
    -> Index range scan on sbtest6 using PRIMARY over (6860914 <= id <= 6861014)  (cost=20.6 rows=101)


table 7 : explain SELECT id, c FROM sbtest7 WHERE id BETWEEN 6860914 AND 6861014
	-> Filter: (sbtest7.id between 6860914 and 6861014)  (cost=20.6 rows=101)
    -> Index range scan on sbtest7 using PRIMARY over (6860914 <= id <= 6861014)  (cost=20.6 rows=101)


table 8 : explain SELECT id, c FROM sbtest8 WHERE id BETWEEN 6860914 AND 6861014
	-> Filter: (sbtest8.id between 6860914 and 6861014)  (cost=20.6 rows=101)
    -> Index range scan on sbtest8 using PRIMARY over (6860914 <= id <= 6861014)  (cost=20.6 rows=101)

for range-notcovered
table 1 : explain SELECT id, c FROM sbtest1 WHERE id BETWEEN 4992126 AND 4992226
	-> Filter: (sbtest1.id between 4992126 and 4992226)  (cost=20.6 rows=101)
    -> Index range scan on sbtest1 using PRIMARY over (4992126 <= id <= 4992226)  (cost=20.6 rows=101)


table 2 : explain SELECT id, c FROM sbtest2 WHERE id BETWEEN 4992126 AND 4992226
	-> Filter: (sbtest2.id between 4992126 and 4992226)  (cost=20.6 rows=101)
    -> Index range scan on sbtest2 using PRIMARY over (4992126 <= id <= 4992226)  (cost=20.6 rows=101)


table 3 : explain SELECT id, c FROM sbtest3 WHERE id BETWEEN 4992126 AND 4992226
	-> Filter: (sbtest3.id between 4992126 and 4992226)  (cost=20.6 rows=101)
    -> Index range scan on sbtest3 using PRIMARY over (4992126 <= id <= 4992226)  (cost=20.6 rows=101)


table 4 : explain SELECT id, c FROM sbtest4 WHERE id BETWEEN 4992126 AND 4992226
	-> Filter: (sbtest4.id between 4992126 and 4992226)  (cost=20.6 rows=101)
    -> Index range scan on sbtest4 using PRIMARY over (4992126 <= id <= 4992226)  (cost=20.6 rows=101)


table 5 : explain SELECT id, c FROM sbtest5 WHERE id BETWEEN 4992126 AND 4992226
	-> Filter: (sbtest5.id between 4992126 and 4992226)  (cost=20.6 rows=101)
    -> Index range scan on sbtest5 using PRIMARY over (4992126 <= id <= 4992226)  (cost=20.6 rows=101)


table 6 : explain SELECT id, c FROM sbtest6 WHERE id BETWEEN 4992126 AND 4992226
	-> Filter: (sbtest6.id between 4992126 and 4992226)  (cost=20.6 rows=101)
    -> Index range scan on sbtest6 using PRIMARY over (4992126 <= id <= 4992226)  (cost=20.6 rows=101)


table 7 : explain SELECT id, c FROM sbtest7 WHERE id BETWEEN 4992126 AND 4992226
	-> Filter: (sbtest7.id between 4992126 and 4992226)  (cost=20.6 rows=101)
    -> Index range scan on sbtest7 using PRIMARY over (4992126 <= id <= 4992226)  (cost=20.6 rows=101)


table 8 : explain SELECT id, c FROM sbtest8 WHERE id BETWEEN 4992126 AND 4992226
	-> Filter: (sbtest8.id between 4992126 and 4992226)  (cost=20.6 rows=101)
    -> Index range scan on sbtest8 using PRIMARY over (4992126 <= id <= 4992226)  (cost=20.6 rows=101)



explain: for range-notcovered :: explain SELECT id, c FROM sbtest%d WHERE id BETWEEN 8210069 AND 8210169
explain: for range-notcovered :: explain SELECT id, c FROM sbtest%d WHERE id BETWEEN 2819123 AND 2819223
for range-notcovered
table 1 : explain SELECT id, c FROM sbtest1 WHERE id BETWEEN 4567750 AND 4567850
	-> Filter: (sbtest1.id between 4567750 and 4567850)  (cost=20.6 rows=101)
    -> Index range scan on sbtest1 using PRIMARY over (4567750 <= id <= 4567850)  (cost=20.6 rows=101)


table 2 : explain SELECT id, c FROM sbtest2 WHERE id BETWEEN 4567750 AND 4567850
	-> Filter: (sbtest2.id between 4567750 and 4567850)  (cost=20.6 rows=101)
    -> Index range scan on sbtest2 using PRIMARY over (4567750 <= id <= 4567850)  (cost=20.6 rows=101)


table 3 : explain SELECT id, c FROM sbtest3 WHERE id BETWEEN 4567750 AND 4567850
	-> Filter: (sbtest3.id between 4567750 and 4567850)  (cost=20.6 rows=101)
    -> Index range scan on sbtest3 using PRIMARY over (4567750 <= id <= 4567850)  (cost=20.6 rows=101)


table 4 : explain SELECT id, c FROM sbtest4 WHERE id BETWEEN 4567750 AND 4567850
	-> Filter: (sbtest4.id between 4567750 and 4567850)  (cost=20.6 rows=101)
    -> Index range scan on sbtest4 using PRIMARY over (4567750 <= id <= 4567850)  (cost=20.6 rows=101)


table 5 : explain SELECT id, c FROM sbtest5 WHERE id BETWEEN 4567750 AND 4567850
	-> Filter: (sbtest5.id between 4567750 and 4567850)  (cost=20.6 rows=101)
    -> Index range scan on sbtest5 using PRIMARY over (4567750 <= id <= 4567850)  (cost=20.6 rows=101)


table 6 : explain SELECT id, c FROM sbtest6 WHERE id BETWEEN 4567750 AND 4567850
	-> Filter: (sbtest6.id between 4567750 and 4567850)  (cost=20.6 rows=101)
    -> Index range scan on sbtest6 using PRIMARY over (4567750 <= id <= 4567850)  (cost=20.6 rows=101)


table 7 : explain SELECT id, c FROM sbtest7 WHERE id BETWEEN 4567750 AND 4567850
	-> Filter: (sbtest7.id between 4567750 and 4567850)  (cost=20.6 rows=101)
    -> Index range scan on sbtest7 using PRIMARY over (4567750 <= id <= 4567850)  (cost=20.6 rows=101)


table 8 : explain SELECT id, c FROM sbtest8 WHERE id BETWEEN 4567750 AND 4567850
	-> Filter: (sbtest8.id between 4567750 and 4567850)  (cost=20.6 rows=101)
    -> Index range scan on sbtest8 using PRIMARY over (4567750 <= id <= 4567850)  (cost=20.6 rows=101)


explain: for range-notcovered :: explain SELECT id, c FROM sbtest%d WHERE id BETWEEN 4869755 AND 4869855
for range-notcovered
table 1 : explain SELECT id, c FROM sbtest1 WHERE id BETWEEN 2905294 AND 2905394
	-> Filter: (sbtest1.id between 2905294 and 2905394)  (cost=20.6 rows=101)
    -> Index range scan on sbtest1 using PRIMARY over (2905294 <= id <= 2905394)  (cost=20.6 rows=101)


table 2 : explain SELECT id, c FROM sbtest2 WHERE id BETWEEN 2905294 AND 2905394
	-> Filter: (sbtest2.id between 2905294 and 2905394)  (cost=20.6 rows=101)
    -> Index range scan on sbtest2 using PRIMARY over (2905294 <= id <= 2905394)  (cost=20.6 rows=101)


table 3 : explain SELECT id, c FROM sbtest3 WHERE id BETWEEN 2905294 AND 2905394
	-> Filter: (sbtest3.id between 2905294 and 2905394)  (cost=20.6 rows=101)
    -> Index range scan on sbtest3 using PRIMARY over (2905294 <= id <= 2905394)  (cost=20.6 rows=101)


table 4 : explain SELECT id, c FROM sbtest4 WHERE id BETWEEN 2905294 AND 2905394
	-> Filter: (sbtest4.id between 2905294 and 2905394)  (cost=20.6 rows=101)
    -> Index range scan on sbtest4 using PRIMARY over (2905294 <= id <= 2905394)  (cost=20.6 rows=101)


table 5 : explain SELECT id, c FROM sbtest5 WHERE id BETWEEN 2905294 AND 2905394
	-> Filter: (sbtest5.id between 2905294 and 2905394)  (cost=20.6 rows=101)
    -> Index range scan on sbtest5 using PRIMARY over (2905294 <= id <= 2905394)  (cost=20.6 rows=101)


table 6 : explain SELECT id, c FROM sbtest6 WHERE id BETWEEN 2905294 AND 2905394
	-> Filter: (sbtest6.id between 2905294 and 2905394)  (cost=20.6 rows=101)
    -> Index range scan on sbtest6 using PRIMARY over (2905294 <= id <= 2905394)  (cost=20.6 rows=101)


table 7 : explain SELECT id, c FROM sbtest7 WHERE id BETWEEN 2905294 AND 2905394
	-> Filter: (sbtest7.id between 2905294 and 2905394)  (cost=20.6 rows=101)
    -> Index range scan on sbtest7 using PRIMARY over (2905294 <= id <= 2905394)  (cost=20.6 rows=101)


table 8 : explain SELECT id, c FROM sbtest8 WHERE id BETWEEN 2905294 AND 2905394
	-> Filter: (sbtest8.id between 2905294 and 2905394)  (cost=20.6 rows=101)
    -> Index range scan on sbtest8 using PRIMARY over (2905294 <= id <= 2905394)  (cost=20.6 rows=101)


for range-notcovered
table 1 : explain SELECT id, c FROM sbtest1 WHERE id BETWEEN 4880599 AND 4880699
	-> Filter: (sbtest1.id between 4880599 and 4880699)  (cost=20.6 rows=101)
    -> Index range scan on sbtest1 using PRIMARY over (4880599 <= id <= 4880699)  (cost=20.6 rows=101)


table 2 : explain SELECT id, c FROM sbtest2 WHERE id BETWEEN 4880599 AND 4880699
	-> Filter: (sbtest2.id between 4880599 and 4880699)  (cost=20.6 rows=101)
    -> Index range scan on sbtest2 using PRIMARY over (4880599 <= id <= 4880699)  (cost=20.6 rows=101)


table 3 : explain SELECT id, c FROM sbtest3 WHERE id BETWEEN 4880599 AND 4880699
	-> Filter: (sbtest3.id between 4880599 and 4880699)  (cost=20.6 rows=101)
    -> Index range scan on sbtest3 using PRIMARY over (4880599 <= id <= 4880699)  (cost=20.6 rows=101)


table 4 : explain SELECT id, c FROM sbtest4 WHERE id BETWEEN 4880599 AND 4880699
	-> Filter: (sbtest4.id between 4880599 and 4880699)  (cost=20.6 rows=101)
    -> Index range scan on sbtest4 using PRIMARY over (4880599 <= id <= 4880699)  (cost=20.6 rows=101)


table 5 : explain SELECT id, c FROM sbtest5 WHERE id BETWEEN 4880599 AND 4880699
	-> Filter: (sbtest5.id between 4880599 and 4880699)  (cost=20.6 rows=101)
    -> Index range scan on sbtest5 using PRIMARY over (4880599 <= id <= 4880699)  (cost=20.6 rows=101)


table 6 : explain SELECT id, c FROM sbtest6 WHERE id BETWEEN 4880599 AND 4880699
	-> Filter: (sbtest6.id between 4880599 and 4880699)  (cost=20.6 rows=101)
    -> Index range scan on sbtest6 using PRIMARY over (4880599 <= id <= 4880699)  (cost=20.6 rows=101)


table 7 : explain SELECT id, c FROM sbtest7 WHERE id BETWEEN 4880599 AND 4880699
	-> Filter: (sbtest7.id between 4880599 and 4880699)  (cost=20.6 rows=101)
    -> Index range scan on sbtest7 using PRIMARY over (4880599 <= id <= 4880699)  (cost=20.6 rows=101)


table 8 : explain SELECT id, c FROM sbtest8 WHERE id BETWEEN 4880599 AND 4880699
	-> Filter: (sbtest8.id between 4880599 and 4880699)  (cost=20.6 rows=101)
    -> Index range scan on sbtest8 using PRIMARY over (4880599 <= id <= 4880699)  (cost=20.6 rows=101)

for range-notcovered
table 1 : explain SELECT id, c FROM sbtest1 WHERE id BETWEEN 7208830 AND 7208930
	-> Filter: (sbtest1.id between 7208830 and 7208930)  (cost=20.6 rows=101)
    -> Index range scan on sbtest1 using PRIMARY over (7208830 <= id <= 7208930)  (cost=20.6 rows=101)


table 2 : explain SELECT id, c FROM sbtest2 WHERE id BETWEEN 7208830 AND 7208930
	-> Filter: (sbtest2.id between 7208830 and 7208930)  (cost=20.6 rows=101)
    -> Index range scan on sbtest2 using PRIMARY over (7208830 <= id <= 7208930)  (cost=20.6 rows=101)


table 3 : explain SELECT id, c FROM sbtest3 WHERE id BETWEEN 7208830 AND 7208930
	-> Filter: (sbtest3.id between 7208830 and 7208930)  (cost=20.6 rows=101)
    -> Index range scan on sbtest3 using PRIMARY over (7208830 <= id <= 7208930)  (cost=20.6 rows=101)


table 4 : explain SELECT id, c FROM sbtest4 WHERE id BETWEEN 7208830 AND 7208930
	-> Filter: (sbtest4.id between 7208830 and 7208930)  (cost=20.6 rows=101)
    -> Index range scan on sbtest4 using PRIMARY over (7208830 <= id <= 7208930)  (cost=20.6 rows=101)


table 5 : explain SELECT id, c FROM sbtest5 WHERE id BETWEEN 7208830 AND 7208930
	-> Filter: (sbtest5.id between 7208830 and 7208930)  (cost=20.6 rows=101)
    -> Index range scan on sbtest5 using PRIMARY over (7208830 <= id <= 7208930)  (cost=20.6 rows=101)


table 6 : explain SELECT id, c FROM sbtest6 WHERE id BETWEEN 7208830 AND 7208930
	-> Filter: (sbtest6.id between 7208830 and 7208930)  (cost=20.6 rows=101)
    -> Index range scan on sbtest6 using PRIMARY over (7208830 <= id <= 7208930)  (cost=20.6 rows=101)


table 7 : explain SELECT id, c FROM sbtest7 WHERE id BETWEEN 7208830 AND 7208930
	-> Filter: (sbtest7.id between 7208830 and 7208930)  (cost=20.6 rows=101)
    -> Index range scan on sbtest7 using PRIMARY over (7208830 <= id <= 7208930)  (cost=20.6 rows=101)


table 8 : explain SELECT id, c FROM sbtest8 WHERE id BETWEEN 7208830 AND 7208930
	-> Filter: (sbtest8.id between 7208830 and 7208930)  (cost=20.6 rows=101)
    -> Index range scan on sbtest8 using PRIMARY over (7208830 <= id <= 7208930)  (cost=20.6 rows=101)



explain: for range-notcovered :: explain SELECT id, c FROM sbtest%d WHERE id BETWEEN 4567750 AND 4567850
for range-notcovered
table 1 : explain SELECT id, c FROM sbtest1 WHERE id BETWEEN 6620110 AND 6620210
	-> Filter: (sbtest1.id between 6620110 and 6620210)  (cost=20.6 rows=101)
    -> Index range scan on sbtest1 using PRIMARY over (6620110 <= id <= 6620210)  (cost=20.6 rows=101)


table 2 : explain SELECT id, c FROM sbtest2 WHERE id BETWEEN 6620110 AND 6620210
	-> Filter: (sbtest2.id between 6620110 and 6620210)  (cost=20.6 rows=101)
    -> Index range scan on sbtest2 using PRIMARY over (6620110 <= id <= 6620210)  (cost=20.6 rows=101)


table 3 : explain SELECT id, c FROM sbtest3 WHERE id BETWEEN 6620110 AND 6620210
	-> Filter: (sbtest3.id between 6620110 and 6620210)  (cost=20.6 rows=101)
    -> Index range scan on sbtest3 using PRIMARY over (6620110 <= id <= 6620210)  (cost=20.6 rows=101)


table 4 : explain SELECT id, c FROM sbtest4 WHERE id BETWEEN 6620110 AND 6620210
	-> Filter: (sbtest4.id between 6620110 and 6620210)  (cost=20.6 rows=101)
    -> Index range scan on sbtest4 using PRIMARY over (6620110 <= id <= 6620210)  (cost=20.6 rows=101)


table 5 : explain SELECT id, c FROM sbtest5 WHERE id BETWEEN 6620110 AND 6620210
	-> Filter: (sbtest5.id between 6620110 and 6620210)  (cost=20.6 rows=101)
    -> Index range scan on sbtest5 using PRIMARY over (6620110 <= id <= 6620210)  (cost=20.6 rows=101)


table 6 : explain SELECT id, c FROM sbtest6 WHERE id BETWEEN 6620110 AND 6620210
	-> Filter: (sbtest6.id between 6620110 and 6620210)  (cost=20.6 rows=101)
    -> Index range scan on sbtest6 using PRIMARY over (6620110 <= id <= 6620210)  (cost=20.6 rows=101)


table 7 : explain SELECT id, c FROM sbtest7 WHERE id BETWEEN 6620110 AND 6620210
	-> Filter: (sbtest7.id between 6620110 and 6620210)  (cost=20.6 rows=101)
    -> Index range scan on sbtest7 using PRIMARY over (6620110 <= id <= 6620210)  (cost=20.6 rows=101)


table 8 : explain SELECT id, c FROM sbtest8 WHERE id BETWEEN 6620110 AND 6620210
	-> Filter: (sbtest8.id between 6620110 and 6620210)  (cost=20.6 rows=101)
    -> Index range scan on sbtest8 using PRIMARY over (6620110 <= id <= 6620210)  (cost=20.6 rows=101)

explain: for range-notcovered :: explain SELECT id, c FROM sbtest%d WHERE id BETWEEN 6860914 AND 6861014
for range-notcovered
table 1 : explain SELECT id, c FROM sbtest1 WHERE id BETWEEN 3603238 AND 3603338
	-> Filter: (sbtest1.id between 3603238 and 3603338)  (cost=20.6 rows=101)
    -> Index range scan on sbtest1 using PRIMARY over (3603238 <= id <= 3603338)  (cost=20.6 rows=101)


table 2 : explain SELECT id, c FROM sbtest2 WHERE id BETWEEN 3603238 AND 3603338
	-> Filter: (sbtest2.id between 3603238 and 3603338)  (cost=20.6 rows=101)
    -> Index range scan on sbtest2 using PRIMARY over (3603238 <= id <= 3603338)  (cost=20.6 rows=101)


table 3 : explain SELECT id, c FROM sbtest3 WHERE id BETWEEN 3603238 AND 3603338
	-> Filter: (sbtest3.id between 3603238 and 3603338)  (cost=20.6 rows=101)
    -> Index range scan on sbtest3 using PRIMARY over (3603238 <= id <= 3603338)  (cost=20.6 rows=101)


table 4 : explain SELECT id, c FROM sbtest4 WHERE id BETWEEN 3603238 AND 3603338
	-> Filter: (sbtest4.id between 3603238 and 3603338)  (cost=20.6 rows=101)
    -> Index range scan on sbtest4 using PRIMARY over (3603238 <= id <= 3603338)  (cost=20.6 rows=101)


table 5 : explain SELECT id, c FROM sbtest5 WHERE id BETWEEN 3603238 AND 3603338
	-> Filter: (sbtest5.id between 3603238 and 3603338)  (cost=20.6 rows=101)
    -> Index range scan on sbtest5 using PRIMARY over (3603238 <= id <= 3603338)  (cost=20.6 rows=101)


table 6 : explain SELECT id, c FROM sbtest6 WHERE id BETWEEN 3603238 AND 3603338
	-> Filter: (sbtest6.id between 3603238 and 3603338)  (cost=20.6 rows=101)
    -> Index range scan on sbtest6 using PRIMARY over (3603238 <= id <= 3603338)  (cost=20.6 rows=101)


table 7 : explain SELECT id, c FROM sbtest7 WHERE id BETWEEN 3603238 AND 3603338
	-> Filter: (sbtest7.id between 3603238 and 3603338)  (cost=20.6 rows=101)
    -> Index range scan on sbtest7 using PRIMARY over (3603238 <= id <= 3603338)  (cost=20.6 rows=101)


table 8 : explain SELECT id, c FROM sbtest8 WHERE id BETWEEN 3603238 AND 3603338
	-> Filter: (sbtest8.id between 3603238 and 3603338)  (cost=20.6 rows=101)
    -> Index range scan on sbtest8 using PRIMARY over (3603238 <= id <= 3603338)  (cost=20.6 rows=101)

for range-notcovered
table 1 : explain SELECT id, c FROM sbtest1 WHERE id BETWEEN 9392832 AND 9392932
	-> Filter: (sbtest1.id between 9392832 and 9392932)  (cost=20.6 rows=101)
    -> Index range scan on sbtest1 using PRIMARY over (9392832 <= id <= 9392932)  (cost=20.6 rows=101)


table 2 : explain SELECT id, c FROM sbtest2 WHERE id BETWEEN 9392832 AND 9392932
	-> Filter: (sbtest2.id between 9392832 and 9392932)  (cost=20.6 rows=101)
    -> Index range scan on sbtest2 using PRIMARY over (9392832 <= id <= 9392932)  (cost=20.6 rows=101)


table 3 : explain SELECT id, c FROM sbtest3 WHERE id BETWEEN 9392832 AND 9392932
	-> Filter: (sbtest3.id between 9392832 and 9392932)  (cost=20.6 rows=101)
    -> Index range scan on sbtest3 using PRIMARY over (9392832 <= id <= 9392932)  (cost=20.6 rows=101)


table 4 : explain SELECT id, c FROM sbtest4 WHERE id BETWEEN 9392832 AND 9392932
	-> Filter: (sbtest4.id between 9392832 and 9392932)  (cost=20.6 rows=101)
    -> Index range scan on sbtest4 using PRIMARY over (9392832 <= id <= 9392932)  (cost=20.6 rows=101)


table 5 : explain SELECT id, c FROM sbtest5 WHERE id BETWEEN 9392832 AND 9392932
	-> Filter: (sbtest5.id between 9392832 and 9392932)  (cost=20.6 rows=101)
    -> Index range scan on sbtest5 using PRIMARY over (9392832 <= id <= 9392932)  (cost=20.6 rows=101)


table 6 : explain SELECT id, c FROM sbtest6 WHERE id BETWEEN 9392832 AND 9392932
	-> Filter: (sbtest6.id between 9392832 and 9392932)  (cost=20.6 rows=101)
    -> Index range scan on sbtest6 using PRIMARY over (9392832 <= id <= 9392932)  (cost=20.6 rows=101)


table 7 : explain SELECT id, c FROM sbtest7 WHERE id BETWEEN 9392832 AND 9392932
	-> Filter: (sbtest7.id between 9392832 and 9392932)  (cost=20.6 rows=101)
    -> Index range scan on sbtest7 using PRIMARY over (9392832 <= id <= 9392932)  (cost=20.6 rows=101)


table 8 : explain SELECT id, c FROM sbtest8 WHERE id BETWEEN 9392832 AND 9392932
	-> Filter: (sbtest8.id between 9392832 and 9392932)  (cost=20.6 rows=101)
    -> Index range scan on sbtest8 using PRIMARY over (9392832 <= id <= 9392932)  (cost=20.6 rows=101)



for range-notcovered
table 1 : explain SELECT id, c FROM sbtest1 WHERE id BETWEEN 5767498 AND 5767598
	-> Filter: (sbtest1.id between 5767498 and 5767598)  (cost=20.6 rows=101)
    -> Index range scan on sbtest1 using PRIMARY over (5767498 <= id <= 5767598)  (cost=20.6 rows=101)


table 2 : explain SELECT id, c FROM sbtest2 WHERE id BETWEEN 5767498 AND 5767598
	-> Filter: (sbtest2.id between 5767498 and 5767598)  (cost=20.6 rows=101)
    -> Index range scan on sbtest2 using PRIMARY over (5767498 <= id <= 5767598)  (cost=20.6 rows=101)


table 3 : explain SELECT id, c FROM sbtest3 WHERE id BETWEEN 5767498 AND 5767598
	-> Filter: (sbtest3.id between 5767498 and 5767598)  (cost=20.6 rows=101)
    -> Index range scan on sbtest3 using PRIMARY over (5767498 <= id <= 5767598)  (cost=20.6 rows=101)


table 4 : explain SELECT id, c FROM sbtest4 WHERE id BETWEEN 5767498 AND 5767598
	-> Filter: (sbtest4.id between 5767498 and 5767598)  (cost=20.6 rows=101)
    -> Index range scan on sbtest4 using PRIMARY over (5767498 <= id <= 5767598)  (cost=20.6 rows=101)


table 5 : explain SELECT id, c FROM sbtest5 WHERE id BETWEEN 5767498 AND 5767598
	-> Filter: (sbtest5.id between 5767498 and 5767598)  (cost=20.6 rows=101)
    -> Index range scan on sbtest5 using PRIMARY over (5767498 <= id <= 5767598)  (cost=20.6 rows=101)


table 6 : explain SELECT id, c FROM sbtest6 WHERE id BETWEEN 5767498 AND 5767598
	-> Filter: (sbtest6.id between 5767498 and 5767598)  (cost=20.6 rows=101)
    -> Index range scan on sbtest6 using PRIMARY over (5767498 <= id <= 5767598)  (cost=20.6 rows=101)


table 7 : explain SELECT id, c FROM sbtest7 WHERE id BETWEEN 5767498 AND 5767598
	-> Filter: (sbtest7.id between 5767498 and 5767598)  (cost=20.6 rows=101)
    -> Index range scan on sbtest7 using PRIMARY over (5767498 <= id <= 5767598)  (cost=20.6 rows=101)


table 8 : explain SELECT id, c FROM sbtest8 WHERE id BETWEEN 5767498 AND 5767598
	-> Filter: (sbtest8.id between 5767498 and 5767598)  (cost=20.6 rows=101)
    -> Index range scan on sbtest8 using PRIMARY over (5767498 <= id <= 5767598)  (cost=20.6 rows=101)


for range-notcovered
table 1 : explain SELECT id, c FROM sbtest1 WHERE id BETWEEN 3730450 AND 3730550
	-> Filter: (sbtest1.id between 3730450 and 3730550)  (cost=20.6 rows=101)
    -> Index range scan on sbtest1 using PRIMARY over (3730450 <= id <= 3730550)  (cost=20.6 rows=101)


table 2 : explain SELECT id, c FROM sbtest2 WHERE id BETWEEN 3730450 AND 3730550
	-> Filter: (sbtest2.id between 3730450 and 3730550)  (cost=20.6 rows=101)
    -> Index range scan on sbtest2 using PRIMARY over (3730450 <= id <= 3730550)  (cost=20.6 rows=101)


table 3 : explain SELECT id, c FROM sbtest3 WHERE id BETWEEN 3730450 AND 3730550
	-> Filter: (sbtest3.id between 3730450 and 3730550)  (cost=20.6 rows=101)
    -> Index range scan on sbtest3 using PRIMARY over (3730450 <= id <= 3730550)  (cost=20.6 rows=101)


table 4 : explain SELECT id, c FROM sbtest4 WHERE id BETWEEN 3730450 AND 3730550
	-> Filter: (sbtest4.id between 3730450 and 3730550)  (cost=20.6 rows=101)
    -> Index range scan on sbtest4 using PRIMARY over (3730450 <= id <= 3730550)  (cost=20.6 rows=101)


table 5 : explain SELECT id, c FROM sbtest5 WHERE id BETWEEN 3730450 AND 3730550
	-> Filter: (sbtest5.id between 3730450 and 3730550)  (cost=20.6 rows=101)
    -> Index range scan on sbtest5 using PRIMARY over (3730450 <= id <= 3730550)  (cost=20.6 rows=101)


table 6 : explain SELECT id, c FROM sbtest6 WHERE id BETWEEN 3730450 AND 3730550
	-> Filter: (sbtest6.id between 3730450 and 3730550)  (cost=20.6 rows=101)
    -> Index range scan on sbtest6 using PRIMARY over (3730450 <= id <= 3730550)  (cost=20.6 rows=101)


table 7 : explain SELECT id, c FROM sbtest7 WHERE id BETWEEN 3730450 AND 3730550
	-> Filter: (sbtest7.id between 3730450 and 3730550)  (cost=20.6 rows=101)
    -> Index range scan on sbtest7 using PRIMARY over (3730450 <= id <= 3730550)  (cost=20.6 rows=101)


table 8 : explain SELECT id, c FROM sbtest8 WHERE id BETWEEN 3730450 AND 3730550
	-> Filter: (sbtest8.id between 3730450 and 3730550)  (cost=20.6 rows=101)
    -> Index range scan on sbtest8 using PRIMARY over (3730450 <= id <= 3730550)  (cost=20.6 rows=101)


for range-notcovered
table 1 : explain SELECT id, c FROM sbtest1 WHERE id BETWEEN 4118184 AND 4118284
	-> Filter: (sbtest1.id between 4118184 and 4118284)  (cost=20.6 rows=101)
    -> Index range scan on sbtest1 using PRIMARY over (4118184 <= id <= 4118284)  (cost=20.6 rows=101)


table 2 : explain SELECT id, c FROM sbtest2 WHERE id BETWEEN 4118184 AND 4118284
	-> Filter: (sbtest2.id between 4118184 and 4118284)  (cost=20.6 rows=101)
    -> Index range scan on sbtest2 using PRIMARY over (4118184 <= id <= 4118284)  (cost=20.6 rows=101)


table 3 : explain SELECT id, c FROM sbtest3 WHERE id BETWEEN 4118184 AND 4118284
	-> Filter: (sbtest3.id between 4118184 and 4118284)  (cost=20.6 rows=101)
    -> Index range scan on sbtest3 using PRIMARY over (4118184 <= id <= 4118284)  (cost=20.6 rows=101)


table 4 : explain SELECT id, c FROM sbtest4 WHERE id BETWEEN 4118184 AND 4118284
	-> Filter: (sbtest4.id between 4118184 and 4118284)  (cost=20.6 rows=101)
    -> Index range scan on sbtest4 using PRIMARY over (4118184 <= id <= 4118284)  (cost=20.6 rows=101)


table 5 : explain SELECT id, c FROM sbtest5 WHERE id BETWEEN 4118184 AND 4118284
	-> Filter: (sbtest5.id between 4118184 and 4118284)  (cost=20.6 rows=101)
    -> Index range scan on sbtest5 using PRIMARY over (4118184 <= id <= 4118284)  (cost=20.6 rows=101)


table 6 : explain SELECT id, c FROM sbtest6 WHERE id BETWEEN 4118184 AND 4118284
	-> Filter: (sbtest6.id between 4118184 and 4118284)  (cost=20.6 rows=101)
    -> Index range scan on sbtest6 using PRIMARY over (4118184 <= id <= 4118284)  (cost=20.6 rows=101)


table 7 : explain SELECT id, c FROM sbtest7 WHERE id BETWEEN 4118184 AND 4118284
	-> Filter: (sbtest7.id between 4118184 and 4118284)  (cost=20.6 rows=101)
    -> Index range scan on sbtest7 using PRIMARY over (4118184 <= id <= 4118284)  (cost=20.6 rows=101)


table 8 : explain SELECT id, c FROM sbtest8 WHERE id BETWEEN 4118184 AND 4118284
	-> Filter: (sbtest8.id between 4118184 and 4118284)  (cost=20.6 rows=101)
    -> Index range scan on sbtest8 using PRIMARY over (4118184 <= id <= 4118284)  (cost=20.6 rows=101)


explain: for range-notcovered :: explain SELECT id, c FROM sbtest%d WHERE id BETWEEN 6620110 AND 6620210
for range-notcovered
table 1 : explain SELECT id, c FROM sbtest1 WHERE id BETWEEN 8363538 AND 8363638
	-> Filter: (sbtest1.id between 8363538 and 8363638)  (cost=20.6 rows=101)
    -> Index range scan on sbtest1 using PRIMARY over (8363538 <= id <= 8363638)  (cost=20.6 rows=101)


table 2 : explain SELECT id, c FROM sbtest2 WHERE id BETWEEN 8363538 AND 8363638
	-> Filter: (sbtest2.id between 8363538 and 8363638)  (cost=20.6 rows=101)
    -> Index range scan on sbtest2 using PRIMARY over (8363538 <= id <= 8363638)  (cost=20.6 rows=101)


table 3 : explain SELECT id, c FROM sbtest3 WHERE id BETWEEN 8363538 AND 8363638
	-> Filter: (sbtest3.id between 8363538 and 8363638)  (cost=20.6 rows=101)
    -> Index range scan on sbtest3 using PRIMARY over (8363538 <= id <= 8363638)  (cost=20.6 rows=101)


table 4 : explain SELECT id, c FROM sbtest4 WHERE id BETWEEN 8363538 AND 8363638
	-> Filter: (sbtest4.id between 8363538 and 8363638)  (cost=20.6 rows=101)
    -> Index range scan on sbtest4 using PRIMARY over (8363538 <= id <= 8363638)  (cost=20.6 rows=101)


table 5 : explain SELECT id, c FROM sbtest5 WHERE id BETWEEN 8363538 AND 8363638
	-> Filter: (sbtest5.id between 8363538 and 8363638)  (cost=20.6 rows=101)
    -> Index range scan on sbtest5 using PRIMARY over (8363538 <= id <= 8363638)  (cost=20.6 rows=101)


table 6 : explain SELECT id, c FROM sbtest6 WHERE id BETWEEN 8363538 AND 8363638
	-> Filter: (sbtest6.id between 8363538 and 8363638)  (cost=20.6 rows=101)
    -> Index range scan on sbtest6 using PRIMARY over (8363538 <= id <= 8363638)  (cost=20.6 rows=101)


table 7 : explain SELECT id, c FROM sbtest7 WHERE id BETWEEN 8363538 AND 8363638
	-> Filter: (sbtest7.id between 8363538 and 8363638)  (cost=20.6 rows=101)
    -> Index range scan on sbtest7 using PRIMARY over (8363538 <= id <= 8363638)  (cost=20.6 rows=101)


table 8 : explain SELECT id, c FROM sbtest8 WHERE id BETWEEN 8363538 AND 8363638
	-> Filter: (sbtest8.id between 8363538 and 8363638)  (cost=20.6 rows=101)
    -> Index range scan on sbtest8 using PRIMARY over (8363538 <= id <= 8363638)  (cost=20.6 rows=101)


explain: for range-notcovered :: explain SELECT id, c FROM sbtest%d WHERE id BETWEEN 4992126 AND 4992226
explain: for range-notcovered :: explain SELECT id, c FROM sbtest%d WHERE id BETWEEN 4880599 AND 4880699
for range-notcovered
table 1 : explain SELECT id, c FROM sbtest1 WHERE id BETWEEN 5652495 AND 5652595
	-> Filter: (sbtest1.id between 5652495 and 5652595)  (cost=20.6 rows=101)
    -> Index range scan on sbtest1 using PRIMARY over (5652495 <= id <= 5652595)  (cost=20.6 rows=101)


table 2 : explain SELECT id, c FROM sbtest2 WHERE id BETWEEN 5652495 AND 5652595
	-> Filter: (sbtest2.id between 5652495 and 5652595)  (cost=20.6 rows=101)
    -> Index range scan on sbtest2 using PRIMARY over (5652495 <= id <= 5652595)  (cost=20.6 rows=101)


table 3 : explain SELECT id, c FROM sbtest3 WHERE id BETWEEN 5652495 AND 5652595
	-> Filter: (sbtest3.id between 5652495 and 5652595)  (cost=20.6 rows=101)
    -> Index range scan on sbtest3 using PRIMARY over (5652495 <= id <= 5652595)  (cost=20.6 rows=101)


table 4 : explain SELECT id, c FROM sbtest4 WHERE id BETWEEN 5652495 AND 5652595
	-> Filter: (sbtest4.id between 5652495 and 5652595)  (cost=20.6 rows=101)
    -> Index range scan on sbtest4 using PRIMARY over (5652495 <= id <= 5652595)  (cost=20.6 rows=101)


table 5 : explain SELECT id, c FROM sbtest5 WHERE id BETWEEN 5652495 AND 5652595
	-> Filter: (sbtest5.id between 5652495 and 5652595)  (cost=20.6 rows=101)
    -> Index range scan on sbtest5 using PRIMARY over (5652495 <= id <= 5652595)  (cost=20.6 rows=101)


table 6 : explain SELECT id, c FROM sbtest6 WHERE id BETWEEN 5652495 AND 5652595
	-> Filter: (sbtest6.id between 5652495 and 5652595)  (cost=20.6 rows=101)
    -> Index range scan on sbtest6 using PRIMARY over (5652495 <= id <= 5652595)  (cost=20.6 rows=101)


table 7 : explain SELECT id, c FROM sbtest7 WHERE id BETWEEN 5652495 AND 5652595
	-> Filter: (sbtest7.id between 5652495 and 5652595)  (cost=20.6 rows=101)
    -> Index range scan on sbtest7 using PRIMARY over (5652495 <= id <= 5652595)  (cost=20.6 rows=101)


table 8 : explain SELECT id, c FROM sbtest8 WHERE id BETWEEN 5652495 AND 5652595
	-> Filter: (sbtest8.id between 5652495 and 5652595)  (cost=20.6 rows=101)
    -> Index range scan on sbtest8 using PRIMARY over (5652495 <= id <= 5652595)  (cost=20.6 rows=101)


for range-notcovered
table 1 : explain SELECT id, c FROM sbtest1 WHERE id BETWEEN 6876452 AND 6876552
	-> Filter: (sbtest1.id between 6876452 and 6876552)  (cost=20.6 rows=101)
    -> Index range scan on sbtest1 using PRIMARY over (6876452 <= id <= 6876552)  (cost=20.6 rows=101)


table 2 : explain SELECT id, c FROM sbtest2 WHERE id BETWEEN 6876452 AND 6876552
	-> Filter: (sbtest2.id between 6876452 and 6876552)  (cost=20.6 rows=101)
    -> Index range scan on sbtest2 using PRIMARY over (6876452 <= id <= 6876552)  (cost=20.6 rows=101)


table 3 : explain SELECT id, c FROM sbtest3 WHERE id BETWEEN 6876452 AND 6876552
	-> Filter: (sbtest3.id between 6876452 and 6876552)  (cost=20.6 rows=101)
    -> Index range scan on sbtest3 using PRIMARY over (6876452 <= id <= 6876552)  (cost=20.6 rows=101)


table 4 : explain SELECT id, c FROM sbtest4 WHERE id BETWEEN 6876452 AND 6876552
	-> Filter: (sbtest4.id between 6876452 and 6876552)  (cost=20.6 rows=101)
    -> Index range scan on sbtest4 using PRIMARY over (6876452 <= id <= 6876552)  (cost=20.6 rows=101)


table 5 : explain SELECT id, c FROM sbtest5 WHERE id BETWEEN 6876452 AND 6876552
	-> Filter: (sbtest5.id between 6876452 and 6876552)  (cost=20.6 rows=101)
    -> Index range scan on sbtest5 using PRIMARY over (6876452 <= id <= 6876552)  (cost=20.6 rows=101)


table 6 : explain SELECT id, c FROM sbtest6 WHERE id BETWEEN 6876452 AND 6876552
	-> Filter: (sbtest6.id between 6876452 and 6876552)  (cost=20.6 rows=101)
    -> Index range scan on sbtest6 using PRIMARY over (6876452 <= id <= 6876552)  (cost=20.6 rows=101)


table 7 : explain SELECT id, c FROM sbtest7 WHERE id BETWEEN 6876452 AND 6876552
	-> Filter: (sbtest7.id between 6876452 and 6876552)  (cost=20.6 rows=101)
    -> Index range scan on sbtest7 using PRIMARY over (6876452 <= id <= 6876552)  (cost=20.6 rows=101)


table 8 : explain SELECT id, c FROM sbtest8 WHERE id BETWEEN 6876452 AND 6876552
	-> Filter: (sbtest8.id between 6876452 and 6876552)  (cost=20.6 rows=101)
    -> Index range scan on sbtest8 using PRIMARY over (6876452 <= id <= 6876552)  (cost=20.6 rows=101)


for range-notcovered
table 1 : explain SELECT id, c FROM sbtest1 WHERE id BETWEEN 5027690 AND 5027790
	-> Filter: (sbtest1.id between 5027690 and 5027790)  (cost=20.6 rows=101)
    -> Index range scan on sbtest1 using PRIMARY over (5027690 <= id <= 5027790)  (cost=20.6 rows=101)


table 2 : explain SELECT id, c FROM sbtest2 WHERE id BETWEEN 5027690 AND 5027790
	-> Filter: (sbtest2.id between 5027690 and 5027790)  (cost=20.6 rows=101)
    -> Index range scan on sbtest2 using PRIMARY over (5027690 <= id <= 5027790)  (cost=20.6 rows=101)


table 3 : explain SELECT id, c FROM sbtest3 WHERE id BETWEEN 5027690 AND 5027790
	-> Filter: (sbtest3.id between 5027690 and 5027790)  (cost=20.6 rows=101)
    -> Index range scan on sbtest3 using PRIMARY over (5027690 <= id <= 5027790)  (cost=20.6 rows=101)


table 4 : explain SELECT id, c FROM sbtest4 WHERE id BETWEEN 5027690 AND 5027790
	-> Filter: (sbtest4.id between 5027690 and 5027790)  (cost=20.6 rows=101)
    -> Index range scan on sbtest4 using PRIMARY over (5027690 <= id <= 5027790)  (cost=20.6 rows=101)


table 5 : explain SELECT id, c FROM sbtest5 WHERE id BETWEEN 5027690 AND 5027790
	-> Filter: (sbtest5.id between 5027690 and 5027790)  (cost=20.6 rows=101)
    -> Index range scan on sbtest5 using PRIMARY over (5027690 <= id <= 5027790)  (cost=20.6 rows=101)


table 6 : explain SELECT id, c FROM sbtest6 WHERE id BETWEEN 5027690 AND 5027790
	-> Filter: (sbtest6.id between 5027690 and 5027790)  (cost=20.6 rows=101)
    -> Index range scan on sbtest6 using PRIMARY over (5027690 <= id <= 5027790)  (cost=20.6 rows=101)


table 7 : explain SELECT id, c FROM sbtest7 WHERE id BETWEEN 5027690 AND 5027790
	-> Filter: (sbtest7.id between 5027690 and 5027790)  (cost=20.6 rows=101)
    -> Index range scan on sbtest7 using PRIMARY over (5027690 <= id <= 5027790)  (cost=20.6 rows=101)


table 8 : explain SELECT id, c FROM sbtest8 WHERE id BETWEEN 5027690 AND 5027790
	-> Filter: (sbtest8.id between 5027690 and 5027790)  (cost=20.6 rows=101)
    -> Index range scan on sbtest8 using PRIMARY over (5027690 <= id <= 5027790)  (cost=20.6 rows=101)


explain: for range-notcovered :: explain SELECT id, c FROM sbtest%d WHERE id BETWEEN 9392832 AND 9392932
for range-notcovered
table 1 : explain SELECT id, c FROM sbtest1 WHERE id BETWEEN 2677039 AND 2677139
	-> Filter: (sbtest1.id between 2677039 and 2677139)  (cost=20.6 rows=101)
    -> Index range scan on sbtest1 using PRIMARY over (2677039 <= id <= 2677139)  (cost=20.6 rows=101)


table 2 : explain SELECT id, c FROM sbtest2 WHERE id BETWEEN 2677039 AND 2677139
	-> Filter: (sbtest2.id between 2677039 and 2677139)  (cost=20.6 rows=101)
    -> Index range scan on sbtest2 using PRIMARY over (2677039 <= id <= 2677139)  (cost=20.6 rows=101)


table 3 : explain SELECT id, c FROM sbtest3 WHERE id BETWEEN 2677039 AND 2677139
	-> Filter: (sbtest3.id between 2677039 and 2677139)  (cost=20.6 rows=101)
    -> Index range scan on sbtest3 using PRIMARY over (2677039 <= id <= 2677139)  (cost=20.6 rows=101)


table 4 : explain SELECT id, c FROM sbtest4 WHERE id BETWEEN 2677039 AND 2677139
	-> Filter: (sbtest4.id between 2677039 and 2677139)  (cost=20.6 rows=101)
    -> Index range scan on sbtest4 using PRIMARY over (2677039 <= id <= 2677139)  (cost=20.6 rows=101)


table 5 : explain SELECT id, c FROM sbtest5 WHERE id BETWEEN 2677039 AND 2677139
	-> Filter: (sbtest5.id between 2677039 and 2677139)  (cost=20.6 rows=101)
    -> Index range scan on sbtest5 using PRIMARY over (2677039 <= id <= 2677139)  (cost=20.6 rows=101)


table 6 : explain SELECT id, c FROM sbtest6 WHERE id BETWEEN 2677039 AND 2677139
	-> Filter: (sbtest6.id between 2677039 and 2677139)  (cost=20.6 rows=101)
    -> Index range scan on sbtest6 using PRIMARY over (2677039 <= id <= 2677139)  (cost=20.6 rows=101)


table 7 : explain SELECT id, c FROM sbtest7 WHERE id BETWEEN 2677039 AND 2677139
	-> Filter: (sbtest7.id between 2677039 and 2677139)  (cost=20.6 rows=101)
    -> Index range scan on sbtest7 using PRIMARY over (2677039 <= id <= 2677139)  (cost=20.6 rows=101)


table 8 : explain SELECT id, c FROM sbtest8 WHERE id BETWEEN 2677039 AND 2677139
	-> Filter: (sbtest8.id between 2677039 and 2677139)  (cost=20.6 rows=101)
    -> Index range scan on sbtest8 using PRIMARY over (2677039 <= id <= 2677139)  (cost=20.6 rows=101)


explain: for range-notcovered :: explain SELECT id, c FROM sbtest%d WHERE id BETWEEN 5767498 AND 5767598

for range-notcovered
table 1 : explain SELECT id, c FROM sbtest1 WHERE id BETWEEN 961745 AND 961845
	-> Filter: (sbtest1.id between 961745 and 961845)  (cost=20.6 rows=101)
    -> Index range scan on sbtest1 using PRIMARY over (961745 <= id <= 961845)  (cost=20.6 rows=101)


table 2 : explain SELECT id, c FROM sbtest2 WHERE id BETWEEN 961745 AND 961845
	-> Filter: (sbtest2.id between 961745 and 961845)  (cost=20.6 rows=101)
    -> Index range scan on sbtest2 using PRIMARY over (961745 <= id <= 961845)  (cost=20.6 rows=101)


table 3 : explain SELECT id, c FROM sbtest3 WHERE id BETWEEN 961745 AND 961845
	-> Filter: (sbtest3.id between 961745 and 961845)  (cost=20.6 rows=101)
    -> Index range scan on sbtest3 using PRIMARY over (961745 <= id <= 961845)  (cost=20.6 rows=101)


table 4 : explain SELECT id, c FROM sbtest4 WHERE id BETWEEN 961745 AND 961845
	-> Filter: (sbtest4.id between 961745 and 961845)  (cost=20.6 rows=101)
    -> Index range scan on sbtest4 using PRIMARY over (961745 <= id <= 961845)  (cost=20.6 rows=101)


table 5 : explain SELECT id, c FROM sbtest5 WHERE id BETWEEN 961745 AND 961845
	-> Filter: (sbtest5.id between 961745 and 961845)  (cost=20.6 rows=101)
    -> Index range scan on sbtest5 using PRIMARY over (961745 <= id <= 961845)  (cost=20.6 rows=101)


table 6 : explain SELECT id, c FROM sbtest6 WHERE id BETWEEN 961745 AND 961845
	-> Filter: (sbtest6.id between 961745 and 961845)  (cost=20.6 rows=101)
    -> Index range scan on sbtest6 using PRIMARY over (961745 <= id <= 961845)  (cost=20.6 rows=101)


table 7 : explain SELECT id, c FROM sbtest7 WHERE id BETWEEN 961745 AND 961845
	-> Filter: (sbtest7.id between 961745 and 961845)  (cost=20.6 rows=101)
    -> Index range scan on sbtest7 using PRIMARY over (961745 <= id <= 961845)  (cost=20.6 rows=101)


table 8 : explain SELECT id, c FROM sbtest8 WHERE id BETWEEN 961745 AND 961845
	-> Filter: (sbtest8.id between 961745 and 961845)  (cost=20.6 rows=101)
    -> Index range scan on sbtest8 using PRIMARY over (961745 <= id <= 961845)  (cost=20.6 rows=101)


explain: for range-notcovered :: explain SELECT id, c FROM sbtest%d WHERE id BETWEEN 3730450 AND 3730550explain: for range-notcovered :: explain SELECT id, c FROM sbtest%d WHERE id BETWEEN 5652495 AND 5652595
for range-notcovered
table 1 : explain SELECT id, c FROM sbtest1 WHERE id BETWEEN 9304560 AND 9304660
	-> Filter: (sbtest1.id between 9304560 and 9304660)  (cost=20.6 rows=101)
    -> Index range scan on sbtest1 using PRIMARY over (9304560 <= id <= 9304660)  (cost=20.6 rows=101)


table 2 : explain SELECT id, c FROM sbtest2 WHERE id BETWEEN 9304560 AND 9304660
	-> Filter: (sbtest2.id between 9304560 and 9304660)  (cost=20.6 rows=101)
    -> Index range scan on sbtest2 using PRIMARY over (9304560 <= id <= 9304660)  (cost=20.6 rows=101)


table 3 : explain SELECT id, c FROM sbtest3 WHERE id BETWEEN 9304560 AND 9304660
	-> Filter: (sbtest3.id between 9304560 and 9304660)  (cost=20.6 rows=101)
    -> Index range scan on sbtest3 using PRIMARY over (9304560 <= id <= 9304660)  (cost=20.6 rows=101)


table 4 : explain SELECT id, c FROM sbtest4 WHERE id BETWEEN 9304560 AND 9304660
	-> Filter: (sbtest4.id between 9304560 and 9304660)  (cost=20.6 rows=101)
    -> Index range scan on sbtest4 using PRIMARY over (9304560 <= id <= 9304660)  (cost=20.6 rows=101)


table 5 : explain SELECT id, c FROM sbtest5 WHERE id BETWEEN 9304560 AND 9304660
	-> Filter: (sbtest5.id between 9304560 and 9304660)  (cost=20.6 rows=101)
    -> Index range scan on sbtest5 using PRIMARY over (9304560 <= id <= 9304660)  (cost=20.6 rows=101)


table 6 : explain SELECT id, c FROM sbtest6 WHERE id BETWEEN 9304560 AND 9304660
	-> Filter: (sbtest6.id between 9304560 and 9304660)  (cost=20.6 rows=101)
    -> Index range scan on sbtest6 using PRIMARY over (9304560 <= id <= 9304660)  (cost=20.6 rows=101)


table 7 : explain SELECT id, c FROM sbtest7 WHERE id BETWEEN 9304560 AND 9304660
	-> Filter: (sbtest7.id between 9304560 and 9304660)  (cost=20.6 rows=101)
    -> Index range scan on sbtest7 using PRIMARY over (9304560 <= id <= 9304660)  (cost=20.6 rows=101)


table 8 : explain SELECT id, c FROM sbtest8 WHERE id BETWEEN 9304560 AND 9304660
	-> Filter: (sbtest8.id between 9304560 and 9304660)  (cost=20.6 rows=101)
    -> Index range scan on sbtest8 using PRIMARY over (9304560 <= id <= 9304660)  (cost=20.6 rows=101)


explain: for range-notcovered :: explain SELECT id, c FROM sbtest%d WHERE id BETWEEN 2905294 AND 2905394
explain: for range-notcovered :: explain SELECT id, c FROM sbtest%d WHERE id BETWEEN 3603238 AND 3603338
for range-notcovered
table 1 : explain SELECT id, c FROM sbtest1 WHERE id BETWEEN 7956413 AND 7956513
	-> Filter: (sbtest1.id between 7956413 and 7956513)  (cost=20.6 rows=101)
    -> Index range scan on sbtest1 using PRIMARY over (7956413 <= id <= 7956513)  (cost=20.6 rows=101)


table 2 : explain SELECT id, c FROM sbtest2 WHERE id BETWEEN 7956413 AND 7956513
	-> Filter: (sbtest2.id between 7956413 and 7956513)  (cost=20.6 rows=101)
    -> Index range scan on sbtest2 using PRIMARY over (7956413 <= id <= 7956513)  (cost=20.6 rows=101)


table 3 : explain SELECT id, c FROM sbtest3 WHERE id BETWEEN 7956413 AND 7956513
	-> Filter: (sbtest3.id between 7956413 and 7956513)  (cost=20.6 rows=101)
    -> Index range scan on sbtest3 using PRIMARY over (7956413 <= id <= 7956513)  (cost=20.6 rows=101)


table 4 : explain SELECT id, c FROM sbtest4 WHERE id BETWEEN 7956413 AND 7956513
	-> Filter: (sbtest4.id between 7956413 and 7956513)  (cost=20.6 rows=101)
    -> Index range scan on sbtest4 using PRIMARY over (7956413 <= id <= 7956513)  (cost=20.6 rows=101)


table 5 : explain SELECT id, c FROM sbtest5 WHERE id BETWEEN 7956413 AND 7956513
	-> Filter: (sbtest5.id between 7956413 and 7956513)  (cost=20.6 rows=101)
    -> Index range scan on sbtest5 using PRIMARY over (7956413 <= id <= 7956513)  (cost=20.6 rows=101)


table 6 : explain SELECT id, c FROM sbtest6 WHERE id BETWEEN 7956413 AND 7956513
	-> Filter: (sbtest6.id between 7956413 and 7956513)  (cost=20.6 rows=101)
    -> Index range scan on sbtest6 using PRIMARY over (7956413 <= id <= 7956513)  (cost=20.6 rows=101)


table 7 : explain SELECT id, c FROM sbtest7 WHERE id BETWEEN 7956413 AND 7956513
	-> Filter: (sbtest7.id between 7956413 and 7956513)  (cost=20.6 rows=101)
    -> Index range scan on sbtest7 using PRIMARY over (7956413 <= id <= 7956513)  (cost=20.6 rows=101)


table 8 : explain SELECT id, c FROM sbtest8 WHERE id BETWEEN 7956413 AND 7956513
	-> Filter: (sbtest8.id between 7956413 and 7956513)  (cost=20.6 rows=101)
    -> Index range scan on sbtest8 using PRIMARY over (7956413 <= id <= 7956513)  (cost=20.6 rows=101)


for range-notcovered
table 1 : explain SELECT id, c FROM sbtest1 WHERE id BETWEEN 4201106 AND 4201206
	-> Filter: (sbtest1.id between 4201106 and 4201206)  (cost=20.6 rows=101)
    -> Index range scan on sbtest1 using PRIMARY over (4201106 <= id <= 4201206)  (cost=20.6 rows=101)


table 2 : explain SELECT id, c FROM sbtest2 WHERE id BETWEEN 4201106 AND 4201206
	-> Filter: (sbtest2.id between 4201106 and 4201206)  (cost=20.6 rows=101)
    -> Index range scan on sbtest2 using PRIMARY over (4201106 <= id <= 4201206)  (cost=20.6 rows=101)


table 3 : explain SELECT id, c FROM sbtest3 WHERE id BETWEEN 4201106 AND 4201206
	-> Filter: (sbtest3.id between 4201106 and 4201206)  (cost=20.6 rows=101)
    -> Index range scan on sbtest3 using PRIMARY over (4201106 <= id <= 4201206)  (cost=20.6 rows=101)


table 4 : explain SELECT id, c FROM sbtest4 WHERE id BETWEEN 4201106 AND 4201206
	-> Filter: (sbtest4.id between 4201106 and 4201206)  (cost=20.6 rows=101)
    -> Index range scan on sbtest4 using PRIMARY over (4201106 <= id <= 4201206)  (cost=20.6 rows=101)


table 5 : explain SELECT id, c FROM sbtest5 WHERE id BETWEEN 4201106 AND 4201206
	-> Filter: (sbtest5.id between 4201106 and 4201206)  (cost=20.6 rows=101)
    -> Index range scan on sbtest5 using PRIMARY over (4201106 <= id <= 4201206)  (cost=20.6 rows=101)


table 6 : explain SELECT id, c FROM sbtest6 WHERE id BETWEEN 4201106 AND 4201206
	-> Filter: (sbtest6.id between 4201106 and 4201206)  (cost=20.6 rows=101)
    -> Index range scan on sbtest6 using PRIMARY over (4201106 <= id <= 4201206)  (cost=20.6 rows=101)


table 7 : explain SELECT id, c FROM sbtest7 WHERE id BETWEEN 4201106 AND 4201206
	-> Filter: (sbtest7.id between 4201106 and 4201206)  (cost=20.6 rows=101)
    -> Index range scan on sbtest7 using PRIMARY over (4201106 <= id <= 4201206)  (cost=20.6 rows=101)


table 8 : explain SELECT id, c FROM sbtest8 WHERE id BETWEEN 4201106 AND 4201206
	-> Filter: (sbtest8.id between 4201106 and 4201206)  (cost=20.6 rows=101)
    -> Index range scan on sbtest8 using PRIMARY over (4201106 <= id <= 4201206)  (cost=20.6 rows=101)


explain: for range-notcovered :: explain SELECT id, c FROM sbtest%d WHERE id BETWEEN 8363538 AND 8363638
for range-notcovered
table 1 : explain SELECT id, c FROM sbtest1 WHERE id BETWEEN 8460869 AND 8460969
	-> Filter: (sbtest1.id between 8460869 and 8460969)  (cost=20.6 rows=101)
    -> Index range scan on sbtest1 using PRIMARY over (8460869 <= id <= 8460969)  (cost=20.6 rows=101)


table 2 : explain SELECT id, c FROM sbtest2 WHERE id BETWEEN 8460869 AND 8460969
	-> Filter: (sbtest2.id between 8460869 and 8460969)  (cost=20.6 rows=101)
    -> Index range scan on sbtest2 using PRIMARY over (8460869 <= id <= 8460969)  (cost=20.6 rows=101)


table 3 : explain SELECT id, c FROM sbtest3 WHERE id BETWEEN 8460869 AND 8460969
	-> Filter: (sbtest3.id between 8460869 and 8460969)  (cost=20.6 rows=101)
    -> Index range scan on sbtest3 using PRIMARY over (8460869 <= id <= 8460969)  (cost=20.6 rows=101)


table 4 : explain SELECT id, c FROM sbtest4 WHERE id BETWEEN 8460869 AND 8460969
	-> Filter: (sbtest4.id between 8460869 and 8460969)  (cost=20.6 rows=101)
    -> Index range scan on sbtest4 using PRIMARY over (8460869 <= id <= 8460969)  (cost=20.6 rows=101)


table 5 : explain SELECT id, c FROM sbtest5 WHERE id BETWEEN 8460869 AND 8460969
	-> Filter: (sbtest5.id between 8460869 and 8460969)  (cost=20.6 rows=101)
    -> Index range scan on sbtest5 using PRIMARY over (8460869 <= id <= 8460969)  (cost=20.6 rows=101)


table 6 : explain SELECT id, c FROM sbtest6 WHERE id BETWEEN 8460869 AND 8460969
	-> Filter: (sbtest6.id between 8460869 and 8460969)  (cost=20.6 rows=101)
    -> Index range scan on sbtest6 using PRIMARY over (8460869 <= id <= 8460969)  (cost=20.6 rows=101)


table 7 : explain SELECT id, c FROM sbtest7 WHERE id BETWEEN 8460869 AND 8460969
	-> Filter: (sbtest7.id between 8460869 and 8460969)  (cost=20.6 rows=101)
    -> Index range scan on sbtest7 using PRIMARY over (8460869 <= id <= 8460969)  (cost=20.6 rows=101)


table 8 : explain SELECT id, c FROM sbtest8 WHERE id BETWEEN 8460869 AND 8460969
	-> Filter: (sbtest8.id between 8460869 and 8460969)  (cost=20.6 rows=101)
    -> Index range scan on sbtest8 using PRIMARY over (8460869 <= id <= 8460969)  (cost=20.6 rows=101)


for range-notcovered
table 1 : explain SELECT id, c FROM sbtest1 WHERE id BETWEEN 2798754 AND 2798854
	-> Filter: (sbtest1.id between 2798754 and 2798854)  (cost=20.6 rows=101)
    -> Index range scan on sbtest1 using PRIMARY over (2798754 <= id <= 2798854)  (cost=20.6 rows=101)


table 2 : explain SELECT id, c FROM sbtest2 WHERE id BETWEEN 2798754 AND 2798854
	-> Filter: (sbtest2.id between 2798754 and 2798854)  (cost=20.6 rows=101)
    -> Index range scan on sbtest2 using PRIMARY over (2798754 <= id <= 2798854)  (cost=20.6 rows=101)


table 3 : explain SELECT id, c FROM sbtest3 WHERE id BETWEEN 2798754 AND 2798854
	-> Filter: (sbtest3.id between 2798754 and 2798854)  (cost=20.6 rows=101)
    -> Index range scan on sbtest3 using PRIMARY over (2798754 <= id <= 2798854)  (cost=20.6 rows=101)


table 4 : explain SELECT id, c FROM sbtest4 WHERE id BETWEEN 2798754 AND 2798854
	-> Filter: (sbtest4.id between 2798754 and 2798854)  (cost=20.6 rows=101)
    -> Index range scan on sbtest4 using PRIMARY over (2798754 <= id <= 2798854)  (cost=20.6 rows=101)


table 5 : explain SELECT id, c FROM sbtest5 WHERE id BETWEEN 2798754 AND 2798854
	-> Filter: (sbtest5.id between 2798754 and 2798854)  (cost=20.6 rows=101)
    -> Index range scan on sbtest5 using PRIMARY over (2798754 <= id <= 2798854)  (cost=20.6 rows=101)


table 6 : explain SELECT id, c FROM sbtest6 WHERE id BETWEEN 2798754 AND 2798854
	-> Filter: (sbtest6.id between 2798754 and 2798854)  (cost=20.6 rows=101)
    -> Index range scan on sbtest6 using PRIMARY over (2798754 <= id <= 2798854)  (cost=20.6 rows=101)


table 7 : explain SELECT id, c FROM sbtest7 WHERE id BETWEEN 2798754 AND 2798854
	-> Filter: (sbtest7.id between 2798754 and 2798854)  (cost=20.6 rows=101)
    -> Index range scan on sbtest7 using PRIMARY over (2798754 <= id <= 2798854)  (cost=20.6 rows=101)


table 8 : explain SELECT id, c FROM sbtest8 WHERE id BETWEEN 2798754 AND 2798854
	-> Filter: (sbtest8.id between 2798754 and 2798854)  (cost=20.6 rows=101)
    -> Index range scan on sbtest8 using PRIMARY over (2798754 <= id <= 2798854)  (cost=20.6 rows=101)


for range-notcovered
table 1 : explain SELECT id, c FROM sbtest1 WHERE id BETWEEN 2559955 AND 2560055
	-> Filter: (sbtest1.id between 2559955 and 2560055)  (cost=20.6 rows=101)
    -> Index range scan on sbtest1 using PRIMARY over (2559955 <= id <= 2560055)  (cost=20.6 rows=101)


table 2 : explain SELECT id, c FROM sbtest2 WHERE id BETWEEN 2559955 AND 2560055
	-> Filter: (sbtest2.id between 2559955 and 2560055)  (cost=20.6 rows=101)
    -> Index range scan on sbtest2 using PRIMARY over (2559955 <= id <= 2560055)  (cost=20.6 rows=101)


table 3 : explain SELECT id, c FROM sbtest3 WHERE id BETWEEN 2559955 AND 2560055
	-> Filter: (sbtest3.id between 2559955 and 2560055)  (cost=20.6 rows=101)
    -> Index range scan on sbtest3 using PRIMARY over (2559955 <= id <= 2560055)  (cost=20.6 rows=101)


table 4 : explain SELECT id, c FROM sbtest4 WHERE id BETWEEN 2559955 AND 2560055
	-> Filter: (sbtest4.id between 2559955 and 2560055)  (cost=20.6 rows=101)
    -> Index range scan on sbtest4 using PRIMARY over (2559955 <= id <= 2560055)  (cost=20.6 rows=101)


table 5 : explain SELECT id, c FROM sbtest5 WHERE id BETWEEN 2559955 AND 2560055
	-> Filter: (sbtest5.id between 2559955 and 2560055)  (cost=20.6 rows=101)
    -> Index range scan on sbtest5 using PRIMARY over (2559955 <= id <= 2560055)  (cost=20.6 rows=101)


table 6 : explain SELECT id, c FROM sbtest6 WHERE id BETWEEN 2559955 AND 2560055
	-> Filter: (sbtest6.id between 2559955 and 2560055)  (cost=20.6 rows=101)
    -> Index range scan on sbtest6 using PRIMARY over (2559955 <= id <= 2560055)  (cost=20.6 rows=101)


table 7 : explain SELECT id, c FROM sbtest7 WHERE id BETWEEN 2559955 AND 2560055
	-> Filter: (sbtest7.id between 2559955 and 2560055)  (cost=20.6 rows=101)
    -> Index range scan on sbtest7 using PRIMARY over (2559955 <= id <= 2560055)  (cost=20.6 rows=101)


table 8 : explain SELECT id, c FROM sbtest8 WHERE id BETWEEN 2559955 AND 2560055
	-> Filter: (sbtest8.id between 2559955 and 2560055)  (cost=20.6 rows=101)
    -> Index range scan on sbtest8 using PRIMARY over (2559955 <= id <= 2560055)  (cost=20.6 rows=101)


for range-notcovered
table 1 : explain SELECT id, c FROM sbtest1 WHERE id BETWEEN 5102644 AND 5102744
	-> Filter: (sbtest1.id between 5102644 and 5102744)  (cost=20.6 rows=101)
    -> Index range scan on sbtest1 using PRIMARY over (5102644 <= id <= 5102744)  (cost=20.6 rows=101)


table 2 : explain SELECT id, c FROM sbtest2 WHERE id BETWEEN 5102644 AND 5102744
	-> Filter: (sbtest2.id between 5102644 and 5102744)  (cost=20.6 rows=101)
    -> Index range scan on sbtest2 using PRIMARY over (5102644 <= id <= 5102744)  (cost=20.6 rows=101)


table 3 : explain SELECT id, c FROM sbtest3 WHERE id BETWEEN 5102644 AND 5102744
	-> Filter: (sbtest3.id between 5102644 and 5102744)  (cost=20.6 rows=101)
    -> Index range scan on sbtest3 using PRIMARY over (5102644 <= id <= 5102744)  (cost=20.6 rows=101)


table 4 : explain SELECT id, c FROM sbtest4 WHERE id BETWEEN 5102644 AND 5102744
	-> Filter: (sbtest4.id between 5102644 and 5102744)  (cost=20.6 rows=101)
    -> Index range scan on sbtest4 using PRIMARY over (5102644 <= id <= 5102744)  (cost=20.6 rows=101)


table 5 : explain SELECT id, c FROM sbtest5 WHERE id BETWEEN 5102644 AND 5102744
	-> Filter: (sbtest5.id between 5102644 and 5102744)  (cost=20.6 rows=101)
    -> Index range scan on sbtest5 using PRIMARY over (5102644 <= id <= 5102744)  (cost=20.6 rows=101)


table 6 : explain SELECT id, c FROM sbtest6 WHERE id BETWEEN 5102644 AND 5102744
	-> Filter: (sbtest6.id between 5102644 and 5102744)  (cost=20.6 rows=101)
    -> Index range scan on sbtest6 using PRIMARY over (5102644 <= id <= 5102744)  (cost=20.6 rows=101)


table 7 : explain SELECT id, c FROM sbtest7 WHERE id BETWEEN 5102644 AND 5102744
	-> Filter: (sbtest7.id between 5102644 and 5102744)  (cost=20.6 rows=101)
    -> Index range scan on sbtest7 using PRIMARY over (5102644 <= id <= 5102744)  (cost=20.6 rows=101)


table 8 : explain SELECT id, c FROM sbtest8 WHERE id BETWEEN 5102644 AND 5102744
	-> Filter: (sbtest8.id between 5102644 and 5102744)  (cost=20.6 rows=101)
    -> Index range scan on sbtest8 using PRIMARY over (5102644 <= id <= 5102744)  (cost=20.6 rows=101)


explain: for range-notcovered :: explain SELECT id, c FROM sbtest%d WHERE id BETWEEN 7956413 AND 7956513
for range-notcovered
table 1 : explain SELECT id, c FROM sbtest1 WHERE id BETWEEN 3051203 AND 3051303
	-> Filter: (sbtest1.id between 3051203 and 3051303)  (cost=20.6 rows=101)
    -> Index range scan on sbtest1 using PRIMARY over (3051203 <= id <= 3051303)  (cost=20.6 rows=101)


table 2 : explain SELECT id, c FROM sbtest2 WHERE id BETWEEN 3051203 AND 3051303
	-> Filter: (sbtest2.id between 3051203 and 3051303)  (cost=20.6 rows=101)
    -> Index range scan on sbtest2 using PRIMARY over (3051203 <= id <= 3051303)  (cost=20.6 rows=101)


table 3 : explain SELECT id, c FROM sbtest3 WHERE id BETWEEN 3051203 AND 3051303
	-> Filter: (sbtest3.id between 3051203 and 3051303)  (cost=20.6 rows=101)
    -> Index range scan on sbtest3 using PRIMARY over (3051203 <= id <= 3051303)  (cost=20.6 rows=101)


table 4 : explain SELECT id, c FROM sbtest4 WHERE id BETWEEN 3051203 AND 3051303
	-> Filter: (sbtest4.id between 3051203 and 3051303)  (cost=20.6 rows=101)
    -> Index range scan on sbtest4 using PRIMARY over (3051203 <= id <= 3051303)  (cost=20.6 rows=101)


table 5 : explain SELECT id, c FROM sbtest5 WHERE id BETWEEN 3051203 AND 3051303
	-> Filter: (sbtest5.id between 3051203 and 3051303)  (cost=20.6 rows=101)
    -> Index range scan on sbtest5 using PRIMARY over (3051203 <= id <= 3051303)  (cost=20.6 rows=101)


table 6 : explain SELECT id, c FROM sbtest6 WHERE id BETWEEN 3051203 AND 3051303
	-> Filter: (sbtest6.id between 3051203 and 3051303)  (cost=20.6 rows=101)
    -> Index range scan on sbtest6 using PRIMARY over (3051203 <= id <= 3051303)  (cost=20.6 rows=101)


table 7 : explain SELECT id, c FROM sbtest7 WHERE id BETWEEN 3051203 AND 3051303
	-> Filter: (sbtest7.id between 3051203 and 3051303)  (cost=20.6 rows=101)
    -> Index range scan on sbtest7 using PRIMARY over (3051203 <= id <= 3051303)  (cost=20.6 rows=101)


table 8 : explain SELECT id, c FROM sbtest8 WHERE id BETWEEN 3051203 AND 3051303
	-> Filter: (sbtest8.id between 3051203 and 3051303)  (cost=20.6 rows=101)
    -> Index range scan on sbtest8 using PRIMARY over (3051203 <= id <= 3051303)  (cost=20.6 rows=101)

for range-notcovered
table 1 : explain SELECT id, c FROM sbtest1 WHERE id BETWEEN 9018896 AND 9018996
	-> Filter: (sbtest1.id between 9018896 and 9018996)  (cost=20.6 rows=101)
    -> Index range scan on sbtest1 using PRIMARY over (9018896 <= id <= 9018996)  (cost=20.6 rows=101)


table 2 : explain SELECT id, c FROM sbtest2 WHERE id BETWEEN 9018896 AND 9018996
	-> Filter: (sbtest2.id between 9018896 and 9018996)  (cost=20.6 rows=101)
    -> Index range scan on sbtest2 using PRIMARY over (9018896 <= id <= 9018996)  (cost=20.6 rows=101)


table 3 : explain SELECT id, c FROM sbtest3 WHERE id BETWEEN 9018896 AND 9018996
	-> Filter: (sbtest3.id between 9018896 and 9018996)  (cost=20.6 rows=101)
    -> Index range scan on sbtest3 using PRIMARY over (9018896 <= id <= 9018996)  (cost=20.6 rows=101)


table 4 : explain SELECT id, c FROM sbtest4 WHERE id BETWEEN 9018896 AND 9018996
	-> Filter: (sbtest4.id between 9018896 and 9018996)  (cost=20.6 rows=101)
    -> Index range scan on sbtest4 using PRIMARY over (9018896 <= id <= 9018996)  (cost=20.6 rows=101)


table 5 : explain SELECT id, c FROM sbtest5 WHERE id BETWEEN 9018896 AND 9018996
	-> Filter: (sbtest5.id between 9018896 and 9018996)  (cost=20.6 rows=101)
    -> Index range scan on sbtest5 using PRIMARY over (9018896 <= id <= 9018996)  (cost=20.6 rows=101)


table 6 : explain SELECT id, c FROM sbtest6 WHERE id BETWEEN 9018896 AND 9018996
	-> Filter: (sbtest6.id between 9018896 and 9018996)  (cost=20.6 rows=101)
    -> Index range scan on sbtest6 using PRIMARY over (9018896 <= id <= 9018996)  (cost=20.6 rows=101)


table 7 : explain SELECT id, c FROM sbtest7 WHERE id BETWEEN 9018896 AND 9018996
	-> Filter: (sbtest7.id between 9018896 and 9018996)  (cost=20.6 rows=101)
    -> Index range scan on sbtest7 using PRIMARY over (9018896 <= id <= 9018996)  (cost=20.6 rows=101)


table 8 : explain SELECT id, c FROM sbtest8 WHERE id BETWEEN 9018896 AND 9018996
	-> Filter: (sbtest8.id between 9018896 and 9018996)  (cost=20.6 rows=101)
    -> Index range scan on sbtest8 using PRIMARY over (9018896 <= id <= 9018996)  (cost=20.6 rows=101)


explain: for range-notcovered :: explain SELECT id, c FROM sbtest%d WHERE id BETWEEN 5027690 AND 5027790

explain: for range-notcovered :: explain SELECT id, c FROM sbtest%d WHERE id BETWEEN 7208830 AND 7208930
for range-notcovered
table 1 : explain SELECT id, c FROM sbtest1 WHERE id BETWEEN 7869894 AND 7869994
	-> Filter: (sbtest1.id between 7869894 and 7869994)  (cost=20.6 rows=101)
    -> Index range scan on sbtest1 using PRIMARY over (7869894 <= id <= 7869994)  (cost=20.6 rows=101)


table 2 : explain SELECT id, c FROM sbtest2 WHERE id BETWEEN 7869894 AND 7869994
	-> Filter: (sbtest2.id between 7869894 and 7869994)  (cost=20.6 rows=101)
    -> Index range scan on sbtest2 using PRIMARY over (7869894 <= id <= 7869994)  (cost=20.6 rows=101)


table 3 : explain SELECT id, c FROM sbtest3 WHERE id BETWEEN 7869894 AND 7869994
	-> Filter: (sbtest3.id between 7869894 and 7869994)  (cost=20.6 rows=101)
    -> Index range scan on sbtest3 using PRIMARY over (7869894 <= id <= 7869994)  (cost=20.6 rows=101)


table 4 : explain SELECT id, c FROM sbtest4 WHERE id BETWEEN 7869894 AND 7869994
	-> Filter: (sbtest4.id between 7869894 and 7869994)  (cost=20.6 rows=101)
    -> Index range scan on sbtest4 using PRIMARY over (7869894 <= id <= 7869994)  (cost=20.6 rows=101)


table 5 : explain SELECT id, c FROM sbtest5 WHERE id BETWEEN 7869894 AND 7869994
	-> Filter: (sbtest5.id between 7869894 and 7869994)  (cost=20.6 rows=101)
    -> Index range scan on sbtest5 using PRIMARY over (7869894 <= id <= 7869994)  (cost=20.6 rows=101)


table 6 : explain SELECT id, c FROM sbtest6 WHERE id BETWEEN 7869894 AND 7869994
	-> Filter: (sbtest6.id between 7869894 and 7869994)  (cost=20.6 rows=101)
    -> Index range scan on sbtest6 using PRIMARY over (7869894 <= id <= 7869994)  (cost=20.6 rows=101)


table 7 : explain SELECT id, c FROM sbtest7 WHERE id BETWEEN 7869894 AND 7869994
	-> Filter: (sbtest7.id between 7869894 and 7869994)  (cost=20.6 rows=101)
    -> Index range scan on sbtest7 using PRIMARY over (7869894 <= id <= 7869994)  (cost=20.6 rows=101)


table 8 : explain SELECT id, c FROM sbtest8 WHERE id BETWEEN 7869894 AND 7869994
	-> Filter: (sbtest8.id between 7869894 and 7869994)  (cost=20.6 rows=101)
    -> Index range scan on sbtest8 using PRIMARY over (7869894 <= id <= 7869994)  (cost=20.6 rows=101)

explain: for range-notcovered :: explain SELECT id, c FROM sbtest%d WHERE id BETWEEN 2559955 AND 2560055for range-notcovered
table 1 : explain SELECT id, c FROM sbtest1 WHERE id BETWEEN 2819123 AND 2819223
	-> Filter: (sbtest1.id between 2819123 and 2819223)  (cost=20.6 rows=101)
    -> Index range scan on sbtest1 using PRIMARY over (2819123 <= id <= 2819223)  (cost=20.6 rows=101)


table 2 : explain SELECT id, c FROM sbtest2 WHERE id BETWEEN 2819123 AND 2819223
	-> Filter: (sbtest2.id between 2819123 and 2819223)  (cost=20.6 rows=101)
    -> Index range scan on sbtest2 using PRIMARY over (2819123 <= id <= 2819223)  (cost=20.6 rows=101)


table 3 : explain SELECT id, c FROM sbtest3 WHERE id BETWEEN 2819123 AND 2819223
	-> Filter: (sbtest3.id between 2819123 and 2819223)  (cost=20.6 rows=101)
    -> Index range scan on sbtest3 using PRIMARY over (2819123 <= id <= 2819223)  (cost=20.6 rows=101)


table 4 : explain SELECT id, c FROM sbtest4 WHERE id BETWEEN 2819123 AND 2819223
	-> Filter: (sbtest4.id between 2819123 and 2819223)  (cost=20.6 rows=101)
    -> Index range scan on sbtest4 using PRIMARY over (2819123 <= id <= 2819223)  (cost=20.6 rows=101)


table 5 : explain SELECT id, c FROM sbtest5 WHERE id BETWEEN 2819123 AND 2819223
	-> Filter: (sbtest5.id between 2819123 and 2819223)  (cost=20.6 rows=101)
    -> Index range scan on sbtest5 using PRIMARY over (2819123 <= id <= 2819223)  (cost=20.6 rows=101)


table 6 : explain SELECT id, c FROM sbtest6 WHERE id BETWEEN 2819123 AND 2819223
	-> Filter: (sbtest6.id between 2819123 and 2819223)  (cost=20.6 rows=101)
    -> Index range scan on sbtest6 using PRIMARY over (2819123 <= id <= 2819223)  (cost=20.6 rows=101)


table 7 : explain SELECT id, c FROM sbtest7 WHERE id BETWEEN 2819123 AND 2819223
	-> Filter: (sbtest7.id between 2819123 and 2819223)  (cost=20.6 rows=101)
    -> Index range scan on sbtest7 using PRIMARY over (2819123 <= id <= 2819223)  (cost=20.6 rows=101)


table 8 : explain SELECT id, c FROM sbtest8 WHERE id BETWEEN 2819123 AND 2819223
	-> Filter: (sbtest8.id between 2819123 and 2819223)  (cost=20.6 rows=101)
    -> Index range scan on sbtest8 using PRIMARY over (2819123 <= id <= 2819223)  (cost=20.6 rows=101)


explain: for range-notcovered :: explain SELECT id, c FROM sbtest%d WHERE id BETWEEN 5102644 AND 5102744
explain: for range-notcovered :: explain SELECT id, c FROM sbtest%d WHERE id BETWEEN 4339851 AND 4339951
for range-notcovered
table 1 : explain SELECT id, c FROM sbtest1 WHERE id BETWEEN 5031544 AND 5031644
	-> Filter: (sbtest1.id between 5031544 and 5031644)  (cost=20.6 rows=101)
    -> Index range scan on sbtest1 using PRIMARY over (5031544 <= id <= 5031644)  (cost=20.6 rows=101)


table 2 : explain SELECT id, c FROM sbtest2 WHERE id BETWEEN 5031544 AND 5031644
	-> Filter: (sbtest2.id between 5031544 and 5031644)  (cost=20.6 rows=101)
    -> Index range scan on sbtest2 using PRIMARY over (5031544 <= id <= 5031644)  (cost=20.6 rows=101)


table 3 : explain SELECT id, c FROM sbtest3 WHERE id BETWEEN 5031544 AND 5031644
	-> Filter: (sbtest3.id between 5031544 and 5031644)  (cost=20.6 rows=101)
    -> Index range scan on sbtest3 using PRIMARY over (5031544 <= id <= 5031644)  (cost=20.6 rows=101)


table 4 : explain SELECT id, c FROM sbtest4 WHERE id BETWEEN 5031544 AND 5031644
	-> Filter: (sbtest4.id between 5031544 and 5031644)  (cost=20.6 rows=101)
    -> Index range scan on sbtest4 using PRIMARY over (5031544 <= id <= 5031644)  (cost=20.6 rows=101)


table 5 : explain SELECT id, c FROM sbtest5 WHERE id BETWEEN 5031544 AND 5031644
	-> Filter: (sbtest5.id between 5031544 and 5031644)  (cost=20.6 rows=101)
    -> Index range scan on sbtest5 using PRIMARY over (5031544 <= id <= 5031644)  (cost=20.6 rows=101)


table 6 : explain SELECT id, c FROM sbtest6 WHERE id BETWEEN 5031544 AND 5031644
	-> Filter: (sbtest6.id between 5031544 and 5031644)  (cost=20.6 rows=101)
    -> Index range scan on sbtest6 using PRIMARY over (5031544 <= id <= 5031644)  (cost=20.6 rows=101)


table 7 : explain SELECT id, c FROM sbtest7 WHERE id BETWEEN 5031544 AND 5031644
	-> Filter: (sbtest7.id between 5031544 and 5031644)  (cost=20.6 rows=101)
    -> Index range scan on sbtest7 using PRIMARY over (5031544 <= id <= 5031644)  (cost=20.6 rows=101)


table 8 : explain SELECT id, c FROM sbtest8 WHERE id BETWEEN 5031544 AND 5031644
	-> Filter: (sbtest8.id between 5031544 and 5031644)  (cost=20.6 rows=101)
    -> Index range scan on sbtest8 using PRIMARY over (5031544 <= id <= 5031644)  (cost=20.6 rows=101)

for range-notcovered
table 1 : explain SELECT id, c FROM sbtest1 WHERE id BETWEEN 4567750 AND 4567850
	-> Filter: (sbtest1.id between 4567750 and 4567850)  (cost=20.6 rows=101)
    -> Index range scan on sbtest1 using PRIMARY over (4567750 <= id <= 4567850)  (cost=20.6 rows=101)


table 2 : explain SELECT id, c FROM sbtest2 WHERE id BETWEEN 4567750 AND 4567850
	-> Filter: (sbtest2.id between 4567750 and 4567850)  (cost=20.6 rows=101)
    -> Index range scan on sbtest2 using PRIMARY over (4567750 <= id <= 4567850)  (cost=20.6 rows=101)


table 3 : explain SELECT id, c FROM sbtest3 WHERE id BETWEEN 4567750 AND 4567850
	-> Filter: (sbtest3.id between 4567750 and 4567850)  (cost=20.6 rows=101)
    -> Index range scan on sbtest3 using PRIMARY over (4567750 <= id <= 4567850)  (cost=20.6 rows=101)


table 4 : explain SELECT id, c FROM sbtest4 WHERE id BETWEEN 4567750 AND 4567850
	-> Filter: (sbtest4.id between 4567750 and 4567850)  (cost=20.6 rows=101)
    -> Index range scan on sbtest4 using PRIMARY over (4567750 <= id <= 4567850)  (cost=20.6 rows=101)


table 5 : explain SELECT id, c FROM sbtest5 WHERE id BETWEEN 4567750 AND 4567850
	-> Filter: (sbtest5.id between 4567750 and 4567850)  (cost=20.6 rows=101)
    -> Index range scan on sbtest5 using PRIMARY over (4567750 <= id <= 4567850)  (cost=20.6 rows=101)


table 6 : explain SELECT id, c FROM sbtest6 WHERE id BETWEEN 4567750 AND 4567850
	-> Filter: (sbtest6.id between 4567750 and 4567850)  (cost=20.6 rows=101)
    -> Index range scan on sbtest6 using PRIMARY over (4567750 <= id <= 4567850)  (cost=20.6 rows=101)


table 7 : explain SELECT id, c FROM sbtest7 WHERE id BETWEEN 4567750 AND 4567850
	-> Filter: (sbtest7.id between 4567750 and 4567850)  (cost=20.6 rows=101)
    -> Index range scan on sbtest7 using PRIMARY over (4567750 <= id <= 4567850)  (cost=20.6 rows=101)


table 8 : explain SELECT id, c FROM sbtest8 WHERE id BETWEEN 4567750 AND 4567850
	-> Filter: (sbtest8.id between 4567750 and 4567850)  (cost=20.6 rows=101)
    -> Index range scan on sbtest8 using PRIMARY over (4567750 <= id <= 4567850)  (cost=20.6 rows=101)


explain: for range-notcovered :: explain SELECT id, c FROM sbtest%d WHERE id BETWEEN 9304560 AND 9304660
explain: for range-notcovered :: explain SELECT id, c FROM sbtest%d WHERE id BETWEEN 8460869 AND 8460969

explain: for range-notcovered :: explain SELECT id, c FROM sbtest%d WHERE id BETWEEN 6876452 AND 6876552
explain: for range-notcovered :: explain SELECT id, c FROM sbtest%d WHERE id BETWEEN 9018896 AND 9018996
for range-notcovered
table 1 : explain SELECT id, c FROM sbtest1 WHERE id BETWEEN 7021492 AND 7021592
	-> Filter: (sbtest1.id between 7021492 and 7021592)  (cost=20.6 rows=101)
    -> Index range scan on sbtest1 using PRIMARY over (7021492 <= id <= 7021592)  (cost=20.6 rows=101)


table 2 : explain SELECT id, c FROM sbtest2 WHERE id BETWEEN 7021492 AND 7021592
	-> Filter: (sbtest2.id between 7021492 and 7021592)  (cost=20.6 rows=101)
    -> Index range scan on sbtest2 using PRIMARY over (7021492 <= id <= 7021592)  (cost=20.6 rows=101)


table 3 : explain SELECT id, c FROM sbtest3 WHERE id BETWEEN 7021492 AND 7021592
	-> Filter: (sbtest3.id between 7021492 and 7021592)  (cost=20.6 rows=101)
    -> Index range scan on sbtest3 using PRIMARY over (7021492 <= id <= 7021592)  (cost=20.6 rows=101)


table 4 : explain SELECT id, c FROM sbtest4 WHERE id BETWEEN 7021492 AND 7021592
	-> Filter: (sbtest4.id between 7021492 and 7021592)  (cost=20.6 rows=101)
    -> Index range scan on sbtest4 using PRIMARY over (7021492 <= id <= 7021592)  (cost=20.6 rows=101)


table 5 : explain SELECT id, c FROM sbtest5 WHERE id BETWEEN 7021492 AND 7021592
	-> Filter: (sbtest5.id between 7021492 and 7021592)  (cost=20.6 rows=101)
    -> Index range scan on sbtest5 using PRIMARY over (7021492 <= id <= 7021592)  (cost=20.6 rows=101)


table 6 : explain SELECT id, c FROM sbtest6 WHERE id BETWEEN 7021492 AND 7021592
	-> Filter: (sbtest6.id between 7021492 and 7021592)  (cost=20.6 rows=101)
    -> Index range scan on sbtest6 using PRIMARY over (7021492 <= id <= 7021592)  (cost=20.6 rows=101)


table 7 : explain SELECT id, c FROM sbtest7 WHERE id BETWEEN 7021492 AND 7021592
	-> Filter: (sbtest7.id between 7021492 and 7021592)  (cost=20.6 rows=101)
    -> Index range scan on sbtest7 using PRIMARY over (7021492 <= id <= 7021592)  (cost=20.6 rows=101)


table 8 : explain SELECT id, c FROM sbtest8 WHERE id BETWEEN 7021492 AND 7021592
	-> Filter: (sbtest8.id between 7021492 and 7021592)  (cost=20.6 rows=101)
    -> Index range scan on sbtest8 using PRIMARY over (7021492 <= id <= 7021592)  (cost=20.6 rows=101)


for range-notcovered
table 1 : explain SELECT id, c FROM sbtest1 WHERE id BETWEEN 8697513 AND 8697613
	-> Filter: (sbtest1.id between 8697513 and 8697613)  (cost=20.6 rows=101)
    -> Index range scan on sbtest1 using PRIMARY over (8697513 <= id <= 8697613)  (cost=20.6 rows=101)


table 2 : explain SELECT id, c FROM sbtest2 WHERE id BETWEEN 8697513 AND 8697613
	-> Filter: (sbtest2.id between 8697513 and 8697613)  (cost=20.6 rows=101)
    -> Index range scan on sbtest2 using PRIMARY over (8697513 <= id <= 8697613)  (cost=20.6 rows=101)


table 3 : explain SELECT id, c FROM sbtest3 WHERE id BETWEEN 8697513 AND 8697613
	-> Filter: (sbtest3.id between 8697513 and 8697613)  (cost=20.6 rows=101)
    -> Index range scan on sbtest3 using PRIMARY over (8697513 <= id <= 8697613)  (cost=20.6 rows=101)


table 4 : explain SELECT id, c FROM sbtest4 WHERE id BETWEEN 8697513 AND 8697613
	-> Filter: (sbtest4.id between 8697513 and 8697613)  (cost=20.6 rows=101)
    -> Index range scan on sbtest4 using PRIMARY over (8697513 <= id <= 8697613)  (cost=20.6 rows=101)


table 5 : explain SELECT id, c FROM sbtest5 WHERE id BETWEEN 8697513 AND 8697613
	-> Filter: (sbtest5.id between 8697513 and 8697613)  (cost=20.6 rows=101)
    -> Index range scan on sbtest5 using PRIMARY over (8697513 <= id <= 8697613)  (cost=20.6 rows=101)


table 6 : explain SELECT id, c FROM sbtest6 WHERE id BETWEEN 8697513 AND 8697613
	-> Filter: (sbtest6.id between 8697513 and 8697613)  (cost=20.6 rows=101)
    -> Index range scan on sbtest6 using PRIMARY over (8697513 <= id <= 8697613)  (cost=20.6 rows=101)


table 7 : explain SELECT id, c FROM sbtest7 WHERE id BETWEEN 8697513 AND 8697613
	-> Filter: (sbtest7.id between 8697513 and 8697613)  (cost=20.6 rows=101)
    -> Index range scan on sbtest7 using PRIMARY over (8697513 <= id <= 8697613)  (cost=20.6 rows=101)


table 8 : explain SELECT id, c FROM sbtest8 WHERE id BETWEEN 8697513 AND 8697613
	-> Filter: (sbtest8.id between 8697513 and 8697613)  (cost=20.6 rows=101)
    -> Index range scan on sbtest8 using PRIMARY over (8697513 <= id <= 8697613)  (cost=20.6 rows=101)




explain: for range-notcovered :: explain SELECT id, c FROM sbtest%d WHERE id BETWEEN 3051203 AND 3051303
for range-notcovered
table 1 : explain SELECT id, c FROM sbtest1 WHERE id BETWEEN 8210069 AND 8210169
	-> Filter: (sbtest1.id between 8210069 and 8210169)  (cost=20.6 rows=101)
    -> Index range scan on sbtest1 using PRIMARY over (8210069 <= id <= 8210169)  (cost=20.6 rows=101)


table 2 : explain SELECT id, c FROM sbtest2 WHERE id BETWEEN 8210069 AND 8210169
	-> Filter: (sbtest2.id between 8210069 and 8210169)  (cost=20.6 rows=101)
    -> Index range scan on sbtest2 using PRIMARY over (8210069 <= id <= 8210169)  (cost=20.6 rows=101)


table 3 : explain SELECT id, c FROM sbtest3 WHERE id BETWEEN 8210069 AND 8210169
	-> Filter: (sbtest3.id between 8210069 and 8210169)  (cost=20.6 rows=101)
    -> Index range scan on sbtest3 using PRIMARY over (8210069 <= id <= 8210169)  (cost=20.6 rows=101)


table 4 : explain SELECT id, c FROM sbtest4 WHERE id BETWEEN 8210069 AND 8210169
	-> Filter: (sbtest4.id between 8210069 and 8210169)  (cost=20.6 rows=101)
    -> Index range scan on sbtest4 using PRIMARY over (8210069 <= id <= 8210169)  (cost=20.6 rows=101)


table 5 : explain SELECT id, c FROM sbtest5 WHERE id BETWEEN 8210069 AND 8210169
	-> Filter: (sbtest5.id between 8210069 and 8210169)  (cost=20.6 rows=101)
    -> Index range scan on sbtest5 using PRIMARY over (8210069 <= id <= 8210169)  (cost=20.6 rows=101)


table 6 : explain SELECT id, c FROM sbtest6 WHERE id BETWEEN 8210069 AND 8210169
	-> Filter: (sbtest6.id between 8210069 and 8210169)  (cost=20.6 rows=101)
    -> Index range scan on sbtest6 using PRIMARY over (8210069 <= id <= 8210169)  (cost=20.6 rows=101)


table 7 : explain SELECT id, c FROM sbtest7 WHERE id BETWEEN 8210069 AND 8210169
	-> Filter: (sbtest7.id between 8210069 and 8210169)  (cost=20.6 rows=101)
    -> Index range scan on sbtest7 using PRIMARY over (8210069 <= id <= 8210169)  (cost=20.6 rows=101)


table 8 : explain SELECT id, c FROM sbtest8 WHERE id BETWEEN 8210069 AND 8210169
	-> Filter: (sbtest8.id between 8210069 and 8210169)  (cost=20.6 rows=101)
    -> Index range scan on sbtest8 using PRIMARY over (8210069 <= id <= 8210169)  (cost=20.6 rows=101)


for range-notcovered
table 1 : explain SELECT id, c FROM sbtest1 WHERE id BETWEEN 8773081 AND 8773181
	-> Filter: (sbtest1.id between 8773081 and 8773181)  (cost=20.6 rows=101)
    -> Index range scan on sbtest1 using PRIMARY over (8773081 <= id <= 8773181)  (cost=20.6 rows=101)


table 2 : explain SELECT id, c FROM sbtest2 WHERE id BETWEEN 8773081 AND 8773181
	-> Filter: (sbtest2.id between 8773081 and 8773181)  (cost=20.6 rows=101)
    -> Index range scan on sbtest2 using PRIMARY over (8773081 <= id <= 8773181)  (cost=20.6 rows=101)


table 3 : explain SELECT id, c FROM sbtest3 WHERE id BETWEEN 8773081 AND 8773181
	-> Filter: (sbtest3.id between 8773081 and 8773181)  (cost=20.6 rows=101)
    -> Index range scan on sbtest3 using PRIMARY over (8773081 <= id <= 8773181)  (cost=20.6 rows=101)


table 4 : explain SELECT id, c FROM sbtest4 WHERE id BETWEEN 8773081 AND 8773181
	-> Filter: (sbtest4.id between 8773081 and 8773181)  (cost=20.6 rows=101)
    -> Index range scan on sbtest4 using PRIMARY over (8773081 <= id <= 8773181)  (cost=20.6 rows=101)


table 5 : explain SELECT id, c FROM sbtest5 WHERE id BETWEEN 8773081 AND 8773181
	-> Filter: (sbtest5.id between 8773081 and 8773181)  (cost=20.6 rows=101)
    -> Index range scan on sbtest5 using PRIMARY over (8773081 <= id <= 8773181)  (cost=20.6 rows=101)


table 6 : explain SELECT id, c FROM sbtest6 WHERE id BETWEEN 8773081 AND 8773181
	-> Filter: (sbtest6.id between 8773081 and 8773181)  (cost=20.6 rows=101)
    -> Index range scan on sbtest6 using PRIMARY over (8773081 <= id <= 8773181)  (cost=20.6 rows=101)


table 7 : explain SELECT id, c FROM sbtest7 WHERE id BETWEEN 8773081 AND 8773181
	-> Filter: (sbtest7.id between 8773081 and 8773181)  (cost=20.6 rows=101)
    -> Index range scan on sbtest7 using PRIMARY over (8773081 <= id <= 8773181)  (cost=20.6 rows=101)


table 8 : explain SELECT id, c FROM sbtest8 WHERE id BETWEEN 8773081 AND 8773181
	-> Filter: (sbtest8.id between 8773081 and 8773181)  (cost=20.6 rows=101)
    -> Index range scan on sbtest8 using PRIMARY over (8773081 <= id <= 8773181)  (cost=20.6 rows=101)


explain: for range-notcovered :: explain SELECT id, c FROM sbtest%d WHERE id BETWEEN 7021492 AND 7021592
for range-notcovered
table 1 : explain SELECT id, c FROM sbtest1 WHERE id BETWEEN 4270236 AND 4270336
	-> Filter: (sbtest1.id between 4270236 and 4270336)  (cost=20.6 rows=101)
    -> Index range scan on sbtest1 using PRIMARY over (4270236 <= id <= 4270336)  (cost=20.6 rows=101)


table 2 : explain SELECT id, c FROM sbtest2 WHERE id BETWEEN 4270236 AND 4270336
	-> Filter: (sbtest2.id between 4270236 and 4270336)  (cost=20.6 rows=101)
    -> Index range scan on sbtest2 using PRIMARY over (4270236 <= id <= 4270336)  (cost=20.6 rows=101)


table 3 : explain SELECT id, c FROM sbtest3 WHERE id BETWEEN 4270236 AND 4270336
	-> Filter: (sbtest3.id between 4270236 and 4270336)  (cost=20.6 rows=101)
    -> Index range scan on sbtest3 using PRIMARY over (4270236 <= id <= 4270336)  (cost=20.6 rows=101)


table 4 : explain SELECT id, c FROM sbtest4 WHERE id BETWEEN 4270236 AND 4270336
	-> Filter: (sbtest4.id between 4270236 and 4270336)  (cost=20.6 rows=101)
    -> Index range scan on sbtest4 using PRIMARY over (4270236 <= id <= 4270336)  (cost=20.6 rows=101)


table 5 : explain SELECT id, c FROM sbtest5 WHERE id BETWEEN 4270236 AND 4270336
	-> Filter: (sbtest5.id between 4270236 and 4270336)  (cost=20.6 rows=101)
    -> Index range scan on sbtest5 using PRIMARY over (4270236 <= id <= 4270336)  (cost=20.6 rows=101)


table 6 : explain SELECT id, c FROM sbtest6 WHERE id BETWEEN 4270236 AND 4270336
	-> Filter: (sbtest6.id between 4270236 and 4270336)  (cost=20.6 rows=101)
    -> Index range scan on sbtest6 using PRIMARY over (4270236 <= id <= 4270336)  (cost=20.6 rows=101)


table 7 : explain SELECT id, c FROM sbtest7 WHERE id BETWEEN 4270236 AND 4270336
	-> Filter: (sbtest7.id between 4270236 and 4270336)  (cost=20.6 rows=101)
    -> Index range scan on sbtest7 using PRIMARY over (4270236 <= id <= 4270336)  (cost=20.6 rows=101)


table 8 : explain SELECT id, c FROM sbtest8 WHERE id BETWEEN 4270236 AND 4270336
	-> Filter: (sbtest8.id between 4270236 and 4270336)  (cost=20.6 rows=101)
    -> Index range scan on sbtest8 using PRIMARY over (4270236 <= id <= 4270336)  (cost=20.6 rows=101)


explain: for range-notcovered :: explain SELECT id, c FROM sbtest%d WHERE id BETWEEN 4118184 AND 4118284

explain: for range-notcovered :: explain SELECT id, c FROM sbtest%d WHERE id BETWEEN 8210069 AND 8210169
explain: for range-notcovered :: explain SELECT id, c FROM sbtest%d WHERE id BETWEEN 961745 AND 961845
explain: for range-notcovered :: explain SELECT id, c FROM sbtest%d WHERE id BETWEEN 4201106 AND 4201206
explain: for range-notcovered :: explain SELECT id, c FROM sbtest%d WHERE id BETWEEN 2819123 AND 2819223
explain: for range-notcovered :: explain SELECT id, c FROM sbtest%d WHERE id BETWEEN 4567750 AND 4567850
for range-notcovered
table 1 : explain SELECT id, c FROM sbtest1 WHERE id BETWEEN 1765473 AND 1765573
	-> Filter: (sbtest1.id between 1765473 and 1765573)  (cost=20.6 rows=101)
    -> Index range scan on sbtest1 using PRIMARY over (1765473 <= id <= 1765573)  (cost=20.6 rows=101)


table 2 : explain SELECT id, c FROM sbtest2 WHERE id BETWEEN 1765473 AND 1765573
	-> Filter: (sbtest2.id between 1765473 and 1765573)  (cost=20.6 rows=101)
    -> Index range scan on sbtest2 using PRIMARY over (1765473 <= id <= 1765573)  (cost=20.6 rows=101)


table 3 : explain SELECT id, c FROM sbtest3 WHERE id BETWEEN 1765473 AND 1765573
	-> Filter: (sbtest3.id between 1765473 and 1765573)  (cost=20.6 rows=101)
    -> Index range scan on sbtest3 using PRIMARY over (1765473 <= id <= 1765573)  (cost=20.6 rows=101)


table 4 : explain SELECT id, c FROM sbtest4 WHERE id BETWEEN 1765473 AND 1765573
	-> Filter: (sbtest4.id between 1765473 and 1765573)  (cost=20.6 rows=101)
    -> Index range scan on sbtest4 using PRIMARY over (1765473 <= id <= 1765573)  (cost=20.6 rows=101)


table 5 : explain SELECT id, c FROM sbtest5 WHERE id BETWEEN 1765473 AND 1765573
	-> Filter: (sbtest5.id between 1765473 and 1765573)  (cost=20.6 rows=101)
    -> Index range scan on sbtest5 using PRIMARY over (1765473 <= id <= 1765573)  (cost=20.6 rows=101)


table 6 : explain SELECT id, c FROM sbtest6 WHERE id BETWEEN 1765473 AND 1765573
	-> Filter: (sbtest6.id between 1765473 and 1765573)  (cost=20.6 rows=101)
    -> Index range scan on sbtest6 using PRIMARY over (1765473 <= id <= 1765573)  (cost=20.6 rows=101)


table 7 : explain SELECT id, c FROM sbtest7 WHERE id BETWEEN 1765473 AND 1765573
	-> Filter: (sbtest7.id between 1765473 and 1765573)  (cost=20.6 rows=101)
    -> Index range scan on sbtest7 using PRIMARY over (1765473 <= id <= 1765573)  (cost=20.6 rows=101)


table 8 : explain SELECT id, c FROM sbtest8 WHERE id BETWEEN 1765473 AND 1765573
	-> Filter: (sbtest8.id between 1765473 and 1765573)  (cost=20.6 rows=101)
    -> Index range scan on sbtest8 using PRIMARY over (1765473 <= id <= 1765573)  (cost=20.6 rows=101)


explain: for range-notcovered :: explain SELECT id, c FROM sbtest%d WHERE id BETWEEN 2798754 AND 2798854
for range-notcovered
table 1 : explain SELECT id, c FROM sbtest1 WHERE id BETWEEN 5728658 AND 5728758
	-> Filter: (sbtest1.id between 5728658 and 5728758)  (cost=20.6 rows=101)
    -> Index range scan on sbtest1 using PRIMARY over (5728658 <= id <= 5728758)  (cost=20.6 rows=101)


table 2 : explain SELECT id, c FROM sbtest2 WHERE id BETWEEN 5728658 AND 5728758
	-> Filter: (sbtest2.id between 5728658 and 5728758)  (cost=20.6 rows=101)
    -> Index range scan on sbtest2 using PRIMARY over (5728658 <= id <= 5728758)  (cost=20.6 rows=101)


table 3 : explain SELECT id, c FROM sbtest3 WHERE id BETWEEN 5728658 AND 5728758
	-> Filter: (sbtest3.id between 5728658 and 5728758)  (cost=20.6 rows=101)
    -> Index range scan on sbtest3 using PRIMARY over (5728658 <= id <= 5728758)  (cost=20.6 rows=101)


table 4 : explain SELECT id, c FROM sbtest4 WHERE id BETWEEN 5728658 AND 5728758
	-> Filter: (sbtest4.id between 5728658 and 5728758)  (cost=20.6 rows=101)
    -> Index range scan on sbtest4 using PRIMARY over (5728658 <= id <= 5728758)  (cost=20.6 rows=101)


table 5 : explain SELECT id, c FROM sbtest5 WHERE id BETWEEN 5728658 AND 5728758
	-> Filter: (sbtest5.id between 5728658 and 5728758)  (cost=20.6 rows=101)
    -> Index range scan on sbtest5 using PRIMARY over (5728658 <= id <= 5728758)  (cost=20.6 rows=101)


table 6 : explain SELECT id, c FROM sbtest6 WHERE id BETWEEN 5728658 AND 5728758
	-> Filter: (sbtest6.id between 5728658 and 5728758)  (cost=20.6 rows=101)
    -> Index range scan on sbtest6 using PRIMARY over (5728658 <= id <= 5728758)  (cost=20.6 rows=101)


table 7 : explain SELECT id, c FROM sbtest7 WHERE id BETWEEN 5728658 AND 5728758
	-> Filter: (sbtest7.id between 5728658 and 5728758)  (cost=20.6 rows=101)
    -> Index range scan on sbtest7 using PRIMARY over (5728658 <= id <= 5728758)  (cost=20.6 rows=101)


table 8 : explain SELECT id, c FROM sbtest8 WHERE id BETWEEN 5728658 AND 5728758
	-> Filter: (sbtest8.id between 5728658 and 5728758)  (cost=20.6 rows=101)
    -> Index range scan on sbtest8 using PRIMARY over (5728658 <= id <= 5728758)  (cost=20.6 rows=101)


explain: for range-notcovered :: explain SELECT id, c FROM sbtest%d WHERE id BETWEEN 2677039 AND 2677139
explain: for range-notcovered :: explain SELECT id, c FROM sbtest%d WHERE id BETWEEN 8773081 AND 8773181
for range-notcovered
table 1 : explain SELECT id, c FROM sbtest1 WHERE id BETWEEN 6860914 AND 6861014
	-> Filter: (sbtest1.id between 6860914 and 6861014)  (cost=20.6 rows=101)
    -> Index range scan on sbtest1 using PRIMARY over (6860914 <= id <= 6861014)  (cost=20.6 rows=101)


table 2 : explain SELECT id, c FROM sbtest2 WHERE id BETWEEN 6860914 AND 6861014
	-> Filter: (sbtest2.id between 6860914 and 6861014)  (cost=20.6 rows=101)
    -> Index range scan on sbtest2 using PRIMARY over (6860914 <= id <= 6861014)  (cost=20.6 rows=101)


table 3 : explain SELECT id, c FROM sbtest3 WHERE id BETWEEN 6860914 AND 6861014
	-> Filter: (sbtest3.id between 6860914 and 6861014)  (cost=20.6 rows=101)
    -> Index range scan on sbtest3 using PRIMARY over (6860914 <= id <= 6861014)  (cost=20.6 rows=101)


table 4 : explain SELECT id, c FROM sbtest4 WHERE id BETWEEN 6860914 AND 6861014
	-> Filter: (sbtest4.id between 6860914 and 6861014)  (cost=20.6 rows=101)
    -> Index range scan on sbtest4 using PRIMARY over (6860914 <= id <= 6861014)  (cost=20.6 rows=101)


table 5 : explain SELECT id, c FROM sbtest5 WHERE id BETWEEN 6860914 AND 6861014
	-> Filter: (sbtest5.id between 6860914 and 6861014)  (cost=20.6 rows=101)
    -> Index range scan on sbtest5 using PRIMARY over (6860914 <= id <= 6861014)  (cost=20.6 rows=101)


table 6 : explain SELECT id, c FROM sbtest6 WHERE id BETWEEN 6860914 AND 6861014
	-> Filter: (sbtest6.id between 6860914 and 6861014)  (cost=20.6 rows=101)
    -> Index range scan on sbtest6 using PRIMARY over (6860914 <= id <= 6861014)  (cost=20.6 rows=101)


table 7 : explain SELECT id, c FROM sbtest7 WHERE id BETWEEN 6860914 AND 6861014
	-> Filter: (sbtest7.id between 6860914 and 6861014)  (cost=20.6 rows=101)
    -> Index range scan on sbtest7 using PRIMARY over (6860914 <= id <= 6861014)  (cost=20.6 rows=101)


table 8 : explain SELECT id, c FROM sbtest8 WHERE id BETWEEN 6860914 AND 6861014
	-> Filter: (sbtest8.id between 6860914 and 6861014)  (cost=20.6 rows=101)
    -> Index range scan on sbtest8 using PRIMARY over (6860914 <= id <= 6861014)  (cost=20.6 rows=101)


for range-notcovered
table 1 : explain SELECT id, c FROM sbtest1 WHERE id BETWEEN 4869755 AND 4869855
	-> Filter: (sbtest1.id between 4869755 and 4869855)  (cost=20.6 rows=101)
    -> Index range scan on sbtest1 using PRIMARY over (4869755 <= id <= 4869855)  (cost=20.6 rows=101)


table 2 : explain SELECT id, c FROM sbtest2 WHERE id BETWEEN 4869755 AND 4869855
	-> Filter: (sbtest2.id between 4869755 and 4869855)  (cost=20.6 rows=101)
    -> Index range scan on sbtest2 using PRIMARY over (4869755 <= id <= 4869855)  (cost=20.6 rows=101)


table 3 : explain SELECT id, c FROM sbtest3 WHERE id BETWEEN 4869755 AND 4869855
	-> Filter: (sbtest3.id between 4869755 and 4869855)  (cost=20.6 rows=101)
    -> Index range scan on sbtest3 using PRIMARY over (4869755 <= id <= 4869855)  (cost=20.6 rows=101)


table 4 : explain SELECT id, c FROM sbtest4 WHERE id BETWEEN 4869755 AND 4869855
	-> Filter: (sbtest4.id between 4869755 and 4869855)  (cost=20.6 rows=101)
    -> Index range scan on sbtest4 using PRIMARY over (4869755 <= id <= 4869855)  (cost=20.6 rows=101)


table 5 : explain SELECT id, c FROM sbtest5 WHERE id BETWEEN 4869755 AND 4869855
	-> Filter: (sbtest5.id between 4869755 and 4869855)  (cost=20.6 rows=101)
    -> Index range scan on sbtest5 using PRIMARY over (4869755 <= id <= 4869855)  (cost=20.6 rows=101)


table 6 : explain SELECT id, c FROM sbtest6 WHERE id BETWEEN 4869755 AND 4869855
	-> Filter: (sbtest6.id between 4869755 and 4869855)  (cost=20.6 rows=101)
    -> Index range scan on sbtest6 using PRIMARY over (4869755 <= id <= 4869855)  (cost=20.6 rows=101)


table 7 : explain SELECT id, c FROM sbtest7 WHERE id BETWEEN 4869755 AND 4869855
	-> Filter: (sbtest7.id between 4869755 and 4869855)  (cost=20.6 rows=101)
    -> Index range scan on sbtest7 using PRIMARY over (4869755 <= id <= 4869855)  (cost=20.6 rows=101)


table 8 : explain SELECT id, c FROM sbtest8 WHERE id BETWEEN 4869755 AND 4869855
	-> Filter: (sbtest8.id between 4869755 and 4869855)  (cost=20.6 rows=101)
    -> Index range scan on sbtest8 using PRIMARY over (4869755 <= id <= 4869855)  (cost=20.6 rows=101)


explain: for range-notcovered :: explain SELECT id, c FROM sbtest%d WHERE id BETWEEN 7869894 AND 7869994
explain: for range-notcovered :: explain SELECT id, c FROM sbtest%d WHERE id BETWEEN 5031544 AND 5031644
explain: for range-notcovered :: explain SELECT id, c FROM sbtest%d WHERE id BETWEEN 4270236 AND 4270336
explain: for range-notcovered :: explain SELECT id, c FROM sbtest%d WHERE id BETWEEN 6860914 AND 6861014
for range-notcovered
table 1 : explain SELECT id, c FROM sbtest1 WHERE id BETWEEN 7378558 AND 7378658
	-> Filter: (sbtest1.id between 7378558 and 7378658)  (cost=20.6 rows=101)
    -> Index range scan on sbtest1 using PRIMARY over (7378558 <= id <= 7378658)  (cost=20.6 rows=101)


table 2 : explain SELECT id, c FROM sbtest2 WHERE id BETWEEN 7378558 AND 7378658
	-> Filter: (sbtest2.id between 7378558 and 7378658)  (cost=20.6 rows=101)
    -> Index range scan on sbtest2 using PRIMARY over (7378558 <= id <= 7378658)  (cost=20.6 rows=101)


table 3 : explain SELECT id, c FROM sbtest3 WHERE id BETWEEN 7378558 AND 7378658
	-> Filter: (sbtest3.id between 7378558 and 7378658)  (cost=20.6 rows=101)
    -> Index range scan on sbtest3 using PRIMARY over (7378558 <= id <= 7378658)  (cost=20.6 rows=101)


table 4 : explain SELECT id, c FROM sbtest4 WHERE id BETWEEN 7378558 AND 7378658
	-> Filter: (sbtest4.id between 7378558 and 7378658)  (cost=20.6 rows=101)
    -> Index range scan on sbtest4 using PRIMARY over (7378558 <= id <= 7378658)  (cost=20.6 rows=101)


table 5 : explain SELECT id, c FROM sbtest5 WHERE id BETWEEN 7378558 AND 7378658
	-> Filter: (sbtest5.id between 7378558 and 7378658)  (cost=20.6 rows=101)
    -> Index range scan on sbtest5 using PRIMARY over (7378558 <= id <= 7378658)  (cost=20.6 rows=101)


table 6 : explain SELECT id, c FROM sbtest6 WHERE id BETWEEN 7378558 AND 7378658
	-> Filter: (sbtest6.id between 7378558 and 7378658)  (cost=20.6 rows=101)
    -> Index range scan on sbtest6 using PRIMARY over (7378558 <= id <= 7378658)  (cost=20.6 rows=101)


table 7 : explain SELECT id, c FROM sbtest7 WHERE id BETWEEN 7378558 AND 7378658
	-> Filter: (sbtest7.id between 7378558 and 7378658)  (cost=20.6 rows=101)
    -> Index range scan on sbtest7 using PRIMARY over (7378558 <= id <= 7378658)  (cost=20.6 rows=101)


table 8 : explain SELECT id, c FROM sbtest8 WHERE id BETWEEN 7378558 AND 7378658
	-> Filter: (sbtest8.id between 7378558 and 7378658)  (cost=20.6 rows=101)
    -> Index range scan on sbtest8 using PRIMARY over (7378558 <= id <= 7378658)  (cost=20.6 rows=101)


explain: for range-notcovered :: explain SELECT id, c FROM sbtest%d WHERE id BETWEEN 5728658 AND 5728758
explain: for range-notcovered :: explain SELECT id, c FROM sbtest%d WHERE id BETWEEN 8697513 AND 8697613
explain: for range-notcovered :: explain SELECT id, c FROM sbtest%d WHERE id BETWEEN 4869755 AND 4869855
explain: for range-notcovered :: explain SELECT id, c FROM sbtest%d WHERE id BETWEEN 1765473 AND 1765573
for range-notcovered
table 1 : explain SELECT id, c FROM sbtest1 WHERE id BETWEEN 4880599 AND 4880699
	-> Filter: (sbtest1.id between 4880599 and 4880699)  (cost=20.6 rows=101)
    -> Index range scan on sbtest1 using PRIMARY over (4880599 <= id <= 4880699)  (cost=20.6 rows=101)


table 2 : explain SELECT id, c FROM sbtest2 WHERE id BETWEEN 4880599 AND 4880699
	-> Filter: (sbtest2.id between 4880599 and 4880699)  (cost=20.6 rows=101)
    -> Index range scan on sbtest2 using PRIMARY over (4880599 <= id <= 4880699)  (cost=20.6 rows=101)


table 3 : explain SELECT id, c FROM sbtest3 WHERE id BETWEEN 4880599 AND 4880699
	-> Filter: (sbtest3.id between 4880599 and 4880699)  (cost=20.6 rows=101)
    -> Index range scan on sbtest3 using PRIMARY over (4880599 <= id <= 4880699)  (cost=20.6 rows=101)


table 4 : explain SELECT id, c FROM sbtest4 WHERE id BETWEEN 4880599 AND 4880699
	-> Filter: (sbtest4.id between 4880599 and 4880699)  (cost=20.6 rows=101)
    -> Index range scan on sbtest4 using PRIMARY over (4880599 <= id <= 4880699)  (cost=20.6 rows=101)


table 5 : explain SELECT id, c FROM sbtest5 WHERE id BETWEEN 4880599 AND 4880699
	-> Filter: (sbtest5.id between 4880599 and 4880699)  (cost=20.6 rows=101)
    -> Index range scan on sbtest5 using PRIMARY over (4880599 <= id <= 4880699)  (cost=20.6 rows=101)


table 6 : explain SELECT id, c FROM sbtest6 WHERE id BETWEEN 4880599 AND 4880699
	-> Filter: (sbtest6.id between 4880599 and 4880699)  (cost=20.6 rows=101)
    -> Index range scan on sbtest6 using PRIMARY over (4880599 <= id <= 4880699)  (cost=20.6 rows=101)


table 7 : explain SELECT id, c FROM sbtest7 WHERE id BETWEEN 4880599 AND 4880699
	-> Filter: (sbtest7.id between 4880599 and 4880699)  (cost=20.6 rows=101)
    -> Index range scan on sbtest7 using PRIMARY over (4880599 <= id <= 4880699)  (cost=20.6 rows=101)


table 8 : explain SELECT id, c FROM sbtest8 WHERE id BETWEEN 4880599 AND 4880699
	-> Filter: (sbtest8.id between 4880599 and 4880699)  (cost=20.6 rows=101)
    -> Index range scan on sbtest8 using PRIMARY over (4880599 <= id <= 4880699)  (cost=20.6 rows=101)


explain: for range-notcovered :: explain SELECT id, c FROM sbtest%d WHERE id BETWEEN 7378558 AND 7378658
for range-notcovered
table 1 : explain SELECT id, c FROM sbtest1 WHERE id BETWEEN 4992126 AND 4992226
	-> Filter: (sbtest1.id between 4992126 and 4992226)  (cost=20.6 rows=101)
    -> Index range scan on sbtest1 using PRIMARY over (4992126 <= id <= 4992226)  (cost=20.6 rows=101)


table 2 : explain SELECT id, c FROM sbtest2 WHERE id BETWEEN 4992126 AND 4992226
	-> Filter: (sbtest2.id between 4992126 and 4992226)  (cost=20.6 rows=101)
    -> Index range scan on sbtest2 using PRIMARY over (4992126 <= id <= 4992226)  (cost=20.6 rows=101)


table 3 : explain SELECT id, c FROM sbtest3 WHERE id BETWEEN 4992126 AND 4992226
	-> Filter: (sbtest3.id between 4992126 and 4992226)  (cost=20.6 rows=101)
    -> Index range scan on sbtest3 using PRIMARY over (4992126 <= id <= 4992226)  (cost=20.6 rows=101)


table 4 : explain SELECT id, c FROM sbtest4 WHERE id BETWEEN 4992126 AND 4992226
	-> Filter: (sbtest4.id between 4992126 and 4992226)  (cost=20.6 rows=101)
    -> Index range scan on sbtest4 using PRIMARY over (4992126 <= id <= 4992226)  (cost=20.6 rows=101)


table 5 : explain SELECT id, c FROM sbtest5 WHERE id BETWEEN 4992126 AND 4992226
	-> Filter: (sbtest5.id between 4992126 and 4992226)  (cost=20.6 rows=101)
    -> Index range scan on sbtest5 using PRIMARY over (4992126 <= id <= 4992226)  (cost=20.6 rows=101)


table 6 : explain SELECT id, c FROM sbtest6 WHERE id BETWEEN 4992126 AND 4992226
	-> Filter: (sbtest6.id between 4992126 and 4992226)  (cost=20.6 rows=101)
    -> Index range scan on sbtest6 using PRIMARY over (4992126 <= id <= 4992226)  (cost=20.6 rows=101)


table 7 : explain SELECT id, c FROM sbtest7 WHERE id BETWEEN 4992126 AND 4992226
	-> Filter: (sbtest7.id between 4992126 and 4992226)  (cost=20.6 rows=101)
    -> Index range scan on sbtest7 using PRIMARY over (4992126 <= id <= 4992226)  (cost=20.6 rows=101)


table 8 : explain SELECT id, c FROM sbtest8 WHERE id BETWEEN 4992126 AND 4992226
	-> Filter: (sbtest8.id between 4992126 and 4992226)  (cost=20.6 rows=101)
    -> Index range scan on sbtest8 using PRIMARY over (4992126 <= id <= 4992226)  (cost=20.6 rows=101)


explain: for range-notcovered :: explain SELECT id, c FROM sbtest%d WHERE id BETWEEN 4880599 AND 4880699
for range-notcovered
table 1 : explain SELECT id, c FROM sbtest1 WHERE id BETWEEN 6620110 AND 6620210
	-> Filter: (sbtest1.id between 6620110 and 6620210)  (cost=20.6 rows=101)
    -> Index range scan on sbtest1 using PRIMARY over (6620110 <= id <= 6620210)  (cost=20.6 rows=101)


table 2 : explain SELECT id, c FROM sbtest2 WHERE id BETWEEN 6620110 AND 6620210
	-> Filter: (sbtest2.id between 6620110 and 6620210)  (cost=20.6 rows=101)
    -> Index range scan on sbtest2 using PRIMARY over (6620110 <= id <= 6620210)  (cost=20.6 rows=101)


table 3 : explain SELECT id, c FROM sbtest3 WHERE id BETWEEN 6620110 AND 6620210
	-> Filter: (sbtest3.id between 6620110 and 6620210)  (cost=20.6 rows=101)
    -> Index range scan on sbtest3 using PRIMARY over (6620110 <= id <= 6620210)  (cost=20.6 rows=101)


table 4 : explain SELECT id, c FROM sbtest4 WHERE id BETWEEN 6620110 AND 6620210
	-> Filter: (sbtest4.id between 6620110 and 6620210)  (cost=20.6 rows=101)
    -> Index range scan on sbtest4 using PRIMARY over (6620110 <= id <= 6620210)  (cost=20.6 rows=101)


table 5 : explain SELECT id, c FROM sbtest5 WHERE id BETWEEN 6620110 AND 6620210
	-> Filter: (sbtest5.id between 6620110 and 6620210)  (cost=20.6 rows=101)
    -> Index range scan on sbtest5 using PRIMARY over (6620110 <= id <= 6620210)  (cost=20.6 rows=101)


table 6 : explain SELECT id, c FROM sbtest6 WHERE id BETWEEN 6620110 AND 6620210
	-> Filter: (sbtest6.id between 6620110 and 6620210)  (cost=20.6 rows=101)
    -> Index range scan on sbtest6 using PRIMARY over (6620110 <= id <= 6620210)  (cost=20.6 rows=101)


table 7 : explain SELECT id, c FROM sbtest7 WHERE id BETWEEN 6620110 AND 6620210
	-> Filter: (sbtest7.id between 6620110 and 6620210)  (cost=20.6 rows=101)
    -> Index range scan on sbtest7 using PRIMARY over (6620110 <= id <= 6620210)  (cost=20.6 rows=101)


table 8 : explain SELECT id, c FROM sbtest8 WHERE id BETWEEN 6620110 AND 6620210
	-> Filter: (sbtest8.id between 6620110 and 6620210)  (cost=20.6 rows=101)
    -> Index range scan on sbtest8 using PRIMARY over (6620110 <= id <= 6620210)  (cost=20.6 rows=101)


for range-notcovered
table 1 : explain SELECT id, c FROM sbtest1 WHERE id BETWEEN 9392832 AND 9392932
	-> Filter: (sbtest1.id between 9392832 and 9392932)  (cost=20.6 rows=101)
    -> Index range scan on sbtest1 using PRIMARY over (9392832 <= id <= 9392932)  (cost=20.6 rows=101)


table 2 : explain SELECT id, c FROM sbtest2 WHERE id BETWEEN 9392832 AND 9392932
	-> Filter: (sbtest2.id between 9392832 and 9392932)  (cost=20.6 rows=101)
    -> Index range scan on sbtest2 using PRIMARY over (9392832 <= id <= 9392932)  (cost=20.6 rows=101)


table 3 : explain SELECT id, c FROM sbtest3 WHERE id BETWEEN 9392832 AND 9392932
	-> Filter: (sbtest3.id between 9392832 and 9392932)  (cost=20.6 rows=101)
    -> Index range scan on sbtest3 using PRIMARY over (9392832 <= id <= 9392932)  (cost=20.6 rows=101)


table 4 : explain SELECT id, c FROM sbtest4 WHERE id BETWEEN 9392832 AND 9392932
	-> Filter: (sbtest4.id between 9392832 and 9392932)  (cost=20.6 rows=101)
    -> Index range scan on sbtest4 using PRIMARY over (9392832 <= id <= 9392932)  (cost=20.6 rows=101)


table 5 : explain SELECT id, c FROM sbtest5 WHERE id BETWEEN 9392832 AND 9392932
	-> Filter: (sbtest5.id between 9392832 and 9392932)  (cost=20.6 rows=101)
    -> Index range scan on sbtest5 using PRIMARY over (9392832 <= id <= 9392932)  (cost=20.6 rows=101)


table 6 : explain SELECT id, c FROM sbtest6 WHERE id BETWEEN 9392832 AND 9392932
	-> Filter: (sbtest6.id between 9392832 and 9392932)  (cost=20.6 rows=101)
    -> Index range scan on sbtest6 using PRIMARY over (9392832 <= id <= 9392932)  (cost=20.6 rows=101)


table 7 : explain SELECT id, c FROM sbtest7 WHERE id BETWEEN 9392832 AND 9392932
	-> Filter: (sbtest7.id between 9392832 and 9392932)  (cost=20.6 rows=101)
    -> Index range scan on sbtest7 using PRIMARY over (9392832 <= id <= 9392932)  (cost=20.6 rows=101)


table 8 : explain SELECT id, c FROM sbtest8 WHERE id BETWEEN 9392832 AND 9392932
	-> Filter: (sbtest8.id between 9392832 and 9392932)  (cost=20.6 rows=101)
    -> Index range scan on sbtest8 using PRIMARY over (9392832 <= id <= 9392932)  (cost=20.6 rows=101)

for range-notcovered
table 1 : explain SELECT id, c FROM sbtest1 WHERE id BETWEEN 5652495 AND 5652595
	-> Filter: (sbtest1.id between 5652495 and 5652595)  (cost=20.6 rows=101)
    -> Index range scan on sbtest1 using PRIMARY over (5652495 <= id <= 5652595)  (cost=20.6 rows=101)


table 2 : explain SELECT id, c FROM sbtest2 WHERE id BETWEEN 5652495 AND 5652595
	-> Filter: (sbtest2.id between 5652495 and 5652595)  (cost=20.6 rows=101)
    -> Index range scan on sbtest2 using PRIMARY over (5652495 <= id <= 5652595)  (cost=20.6 rows=101)


table 3 : explain SELECT id, c FROM sbtest3 WHERE id BETWEEN 5652495 AND 5652595
	-> Filter: (sbtest3.id between 5652495 and 5652595)  (cost=20.6 rows=101)
    -> Index range scan on sbtest3 using PRIMARY over (5652495 <= id <= 5652595)  (cost=20.6 rows=101)


table 4 : explain SELECT id, c FROM sbtest4 WHERE id BETWEEN 5652495 AND 5652595
	-> Filter: (sbtest4.id between 5652495 and 5652595)  (cost=20.6 rows=101)
    -> Index range scan on sbtest4 using PRIMARY over (5652495 <= id <= 5652595)  (cost=20.6 rows=101)


table 5 : explain SELECT id, c FROM sbtest5 WHERE id BETWEEN 5652495 AND 5652595
	-> Filter: (sbtest5.id between 5652495 and 5652595)  (cost=20.6 rows=101)
    -> Index range scan on sbtest5 using PRIMARY over (5652495 <= id <= 5652595)  (cost=20.6 rows=101)


table 6 : explain SELECT id, c FROM sbtest6 WHERE id BETWEEN 5652495 AND 5652595
	-> Filter: (sbtest6.id between 5652495 and 5652595)  (cost=20.6 rows=101)
    -> Index range scan on sbtest6 using PRIMARY over (5652495 <= id <= 5652595)  (cost=20.6 rows=101)


table 7 : explain SELECT id, c FROM sbtest7 WHERE id BETWEEN 5652495 AND 5652595
	-> Filter: (sbtest7.id between 5652495 and 5652595)  (cost=20.6 rows=101)
    -> Index range scan on sbtest7 using PRIMARY over (5652495 <= id <= 5652595)  (cost=20.6 rows=101)


table 8 : explain SELECT id, c FROM sbtest8 WHERE id BETWEEN 5652495 AND 5652595
	-> Filter: (sbtest8.id between 5652495 and 5652595)  (cost=20.6 rows=101)
    -> Index range scan on sbtest8 using PRIMARY over (5652495 <= id <= 5652595)  (cost=20.6 rows=101)


for range-notcovered
table 1 : explain SELECT id, c FROM sbtest1 WHERE id BETWEEN 5767498 AND 5767598
	-> Filter: (sbtest1.id between 5767498 and 5767598)  (cost=20.6 rows=101)
    -> Index range scan on sbtest1 using PRIMARY over (5767498 <= id <= 5767598)  (cost=20.6 rows=101)


table 2 : explain SELECT id, c FROM sbtest2 WHERE id BETWEEN 5767498 AND 5767598
	-> Filter: (sbtest2.id between 5767498 and 5767598)  (cost=20.6 rows=101)
    -> Index range scan on sbtest2 using PRIMARY over (5767498 <= id <= 5767598)  (cost=20.6 rows=101)


table 3 : explain SELECT id, c FROM sbtest3 WHERE id BETWEEN 5767498 AND 5767598
	-> Filter: (sbtest3.id between 5767498 and 5767598)  (cost=20.6 rows=101)
    -> Index range scan on sbtest3 using PRIMARY over (5767498 <= id <= 5767598)  (cost=20.6 rows=101)


table 4 : explain SELECT id, c FROM sbtest4 WHERE id BETWEEN 5767498 AND 5767598
	-> Filter: (sbtest4.id between 5767498 and 5767598)  (cost=20.6 rows=101)
    -> Index range scan on sbtest4 using PRIMARY over (5767498 <= id <= 5767598)  (cost=20.6 rows=101)


table 5 : explain SELECT id, c FROM sbtest5 WHERE id BETWEEN 5767498 AND 5767598
	-> Filter: (sbtest5.id between 5767498 and 5767598)  (cost=20.6 rows=101)
    -> Index range scan on sbtest5 using PRIMARY over (5767498 <= id <= 5767598)  (cost=20.6 rows=101)


table 6 : explain SELECT id, c FROM sbtest6 WHERE id BETWEEN 5767498 AND 5767598
	-> Filter: (sbtest6.id between 5767498 and 5767598)  (cost=20.6 rows=101)
    -> Index range scan on sbtest6 using PRIMARY over (5767498 <= id <= 5767598)  (cost=20.6 rows=101)


table 7 : explain SELECT id, c FROM sbtest7 WHERE id BETWEEN 5767498 AND 5767598
	-> Filter: (sbtest7.id between 5767498 and 5767598)  (cost=20.6 rows=101)
    -> Index range scan on sbtest7 using PRIMARY over (5767498 <= id <= 5767598)  (cost=20.6 rows=101)


table 8 : explain SELECT id, c FROM sbtest8 WHERE id BETWEEN 5767498 AND 5767598
	-> Filter: (sbtest8.id between 5767498 and 5767598)  (cost=20.6 rows=101)
    -> Index range scan on sbtest8 using PRIMARY over (5767498 <= id <= 5767598)  (cost=20.6 rows=101)


for range-notcovered
table 1 : explain SELECT id, c FROM sbtest1 WHERE id BETWEEN 3730450 AND 3730550
	-> Filter: (sbtest1.id between 3730450 and 3730550)  (cost=20.6 rows=101)
    -> Index range scan on sbtest1 using PRIMARY over (3730450 <= id <= 3730550)  (cost=20.6 rows=101)


table 2 : explain SELECT id, c FROM sbtest2 WHERE id BETWEEN 3730450 AND 3730550
	-> Filter: (sbtest2.id between 3730450 and 3730550)  (cost=20.6 rows=101)
    -> Index range scan on sbtest2 using PRIMARY over (3730450 <= id <= 3730550)  (cost=20.6 rows=101)


table 3 : explain SELECT id, c FROM sbtest3 WHERE id BETWEEN 3730450 AND 3730550
	-> Filter: (sbtest3.id between 3730450 and 3730550)  (cost=20.6 rows=101)
    -> Index range scan on sbtest3 using PRIMARY over (3730450 <= id <= 3730550)  (cost=20.6 rows=101)


table 4 : explain SELECT id, c FROM sbtest4 WHERE id BETWEEN 3730450 AND 3730550
	-> Filter: (sbtest4.id between 3730450 and 3730550)  (cost=20.6 rows=101)
    -> Index range scan on sbtest4 using PRIMARY over (3730450 <= id <= 3730550)  (cost=20.6 rows=101)


table 5 : explain SELECT id, c FROM sbtest5 WHERE id BETWEEN 3730450 AND 3730550
	-> Filter: (sbtest5.id between 3730450 and 3730550)  (cost=20.6 rows=101)
    -> Index range scan on sbtest5 using PRIMARY over (3730450 <= id <= 3730550)  (cost=20.6 rows=101)


table 6 : explain SELECT id, c FROM sbtest6 WHERE id BETWEEN 3730450 AND 3730550
	-> Filter: (sbtest6.id between 3730450 and 3730550)  (cost=20.6 rows=101)
    -> Index range scan on sbtest6 using PRIMARY over (3730450 <= id <= 3730550)  (cost=20.6 rows=101)


table 7 : explain SELECT id, c FROM sbtest7 WHERE id BETWEEN 3730450 AND 3730550
	-> Filter: (sbtest7.id between 3730450 and 3730550)  (cost=20.6 rows=101)
    -> Index range scan on sbtest7 using PRIMARY over (3730450 <= id <= 3730550)  (cost=20.6 rows=101)


table 8 : explain SELECT id, c FROM sbtest8 WHERE id BETWEEN 3730450 AND 3730550
	-> Filter: (sbtest8.id between 3730450 and 3730550)  (cost=20.6 rows=101)
    -> Index range scan on sbtest8 using PRIMARY over (3730450 <= id <= 3730550)  (cost=20.6 rows=101)


explain: for range-notcovered :: explain SELECT id, c FROM sbtest%d WHERE id BETWEEN 4992126 AND 4992226
for range-notcovered
table 1 : explain SELECT id, c FROM sbtest1 WHERE id BETWEEN 3603238 AND 3603338
	-> Filter: (sbtest1.id between 3603238 and 3603338)  (cost=20.6 rows=101)
    -> Index range scan on sbtest1 using PRIMARY over (3603238 <= id <= 3603338)  (cost=20.6 rows=101)


table 2 : explain SELECT id, c FROM sbtest2 WHERE id BETWEEN 3603238 AND 3603338
	-> Filter: (sbtest2.id between 3603238 and 3603338)  (cost=20.6 rows=101)
    -> Index range scan on sbtest2 using PRIMARY over (3603238 <= id <= 3603338)  (cost=20.6 rows=101)


table 3 : explain SELECT id, c FROM sbtest3 WHERE id BETWEEN 3603238 AND 3603338
	-> Filter: (sbtest3.id between 3603238 and 3603338)  (cost=20.6 rows=101)
    -> Index range scan on sbtest3 using PRIMARY over (3603238 <= id <= 3603338)  (cost=20.6 rows=101)


table 4 : explain SELECT id, c FROM sbtest4 WHERE id BETWEEN 3603238 AND 3603338
	-> Filter: (sbtest4.id between 3603238 and 3603338)  (cost=20.6 rows=101)
    -> Index range scan on sbtest4 using PRIMARY over (3603238 <= id <= 3603338)  (cost=20.6 rows=101)


table 5 : explain SELECT id, c FROM sbtest5 WHERE id BETWEEN 3603238 AND 3603338
	-> Filter: (sbtest5.id between 3603238 and 3603338)  (cost=20.6 rows=101)
    -> Index range scan on sbtest5 using PRIMARY over (3603238 <= id <= 3603338)  (cost=20.6 rows=101)


table 6 : explain SELECT id, c FROM sbtest6 WHERE id BETWEEN 3603238 AND 3603338
	-> Filter: (sbtest6.id between 3603238 and 3603338)  (cost=20.6 rows=101)
    -> Index range scan on sbtest6 using PRIMARY over (3603238 <= id <= 3603338)  (cost=20.6 rows=101)


table 7 : explain SELECT id, c FROM sbtest7 WHERE id BETWEEN 3603238 AND 3603338
	-> Filter: (sbtest7.id between 3603238 and 3603338)  (cost=20.6 rows=101)
    -> Index range scan on sbtest7 using PRIMARY over (3603238 <= id <= 3603338)  (cost=20.6 rows=101)


table 8 : explain SELECT id, c FROM sbtest8 WHERE id BETWEEN 3603238 AND 3603338
	-> Filter: (sbtest8.id between 3603238 and 3603338)  (cost=20.6 rows=101)
    -> Index range scan on sbtest8 using PRIMARY over (3603238 <= id <= 3603338)  (cost=20.6 rows=101)


explain: for range-notcovered :: explain SELECT id, c FROM sbtest%d WHERE id BETWEEN 6620110 AND 6620210

for range-notcovered
table 1 : explain SELECT id, c FROM sbtest1 WHERE id BETWEEN 8363538 AND 8363638
	-> Filter: (sbtest1.id between 8363538 and 8363638)  (cost=20.6 rows=101)
    -> Index range scan on sbtest1 using PRIMARY over (8363538 <= id <= 8363638)  (cost=20.6 rows=101)


table 2 : explain SELECT id, c FROM sbtest2 WHERE id BETWEEN 8363538 AND 8363638
	-> Filter: (sbtest2.id between 8363538 and 8363638)  (cost=20.6 rows=101)
    -> Index range scan on sbtest2 using PRIMARY over (8363538 <= id <= 8363638)  (cost=20.6 rows=101)


table 3 : explain SELECT id, c FROM sbtest3 WHERE id BETWEEN 8363538 AND 8363638
	-> Filter: (sbtest3.id between 8363538 and 8363638)  (cost=20.6 rows=101)
    -> Index range scan on sbtest3 using PRIMARY over (8363538 <= id <= 8363638)  (cost=20.6 rows=101)


table 4 : explain SELECT id, c FROM sbtest4 WHERE id BETWEEN 8363538 AND 8363638
	-> Filter: (sbtest4.id between 8363538 and 8363638)  (cost=20.6 rows=101)
    -> Index range scan on sbtest4 using PRIMARY over (8363538 <= id <= 8363638)  (cost=20.6 rows=101)


table 5 : explain SELECT id, c FROM sbtest5 WHERE id BETWEEN 8363538 AND 8363638
	-> Filter: (sbtest5.id between 8363538 and 8363638)  (cost=20.6 rows=101)
    -> Index range scan on sbtest5 using PRIMARY over (8363538 <= id <= 8363638)  (cost=20.6 rows=101)


table 6 : explain SELECT id, c FROM sbtest6 WHERE id BETWEEN 8363538 AND 8363638
	-> Filter: (sbtest6.id between 8363538 and 8363638)  (cost=20.6 rows=101)
    -> Index range scan on sbtest6 using PRIMARY over (8363538 <= id <= 8363638)  (cost=20.6 rows=101)


table 7 : explain SELECT id, c FROM sbtest7 WHERE id BETWEEN 8363538 AND 8363638
	-> Filter: (sbtest7.id between 8363538 and 8363638)  (cost=20.6 rows=101)
    -> Index range scan on sbtest7 using PRIMARY over (8363538 <= id <= 8363638)  (cost=20.6 rows=101)


table 8 : explain SELECT id, c FROM sbtest8 WHERE id BETWEEN 8363538 AND 8363638
	-> Filter: (sbtest8.id between 8363538 and 8363638)  (cost=20.6 rows=101)
    -> Index range scan on sbtest8 using PRIMARY over (8363538 <= id <= 8363638)  (cost=20.6 rows=101)

for range-notcovered
table 1 : explain SELECT id, c FROM sbtest1 WHERE id BETWEEN 7956413 AND 7956513
	-> Filter: (sbtest1.id between 7956413 and 7956513)  (cost=20.6 rows=101)
    -> Index range scan on sbtest1 using PRIMARY over (7956413 <= id <= 7956513)  (cost=20.6 rows=101)


table 2 : explain SELECT id, c FROM sbtest2 WHERE id BETWEEN 7956413 AND 7956513
	-> Filter: (sbtest2.id between 7956413 and 7956513)  (cost=20.6 rows=101)
    -> Index range scan on sbtest2 using PRIMARY over (7956413 <= id <= 7956513)  (cost=20.6 rows=101)


table 3 : explain SELECT id, c FROM sbtest3 WHERE id BETWEEN 7956413 AND 7956513
	-> Filter: (sbtest3.id between 7956413 and 7956513)  (cost=20.6 rows=101)
    -> Index range scan on sbtest3 using PRIMARY over (7956413 <= id <= 7956513)  (cost=20.6 rows=101)


table 4 : explain SELECT id, c FROM sbtest4 WHERE id BETWEEN 7956413 AND 7956513
	-> Filter: (sbtest4.id between 7956413 and 7956513)  (cost=20.6 rows=101)
    -> Index range scan on sbtest4 using PRIMARY over (7956413 <= id <= 7956513)  (cost=20.6 rows=101)


table 5 : explain SELECT id, c FROM sbtest5 WHERE id BETWEEN 7956413 AND 7956513
	-> Filter: (sbtest5.id between 7956413 and 7956513)  (cost=20.6 rows=101)
    -> Index range scan on sbtest5 using PRIMARY over (7956413 <= id <= 7956513)  (cost=20.6 rows=101)


table 6 : explain SELECT id, c FROM sbtest6 WHERE id BETWEEN 7956413 AND 7956513
	-> Filter: (sbtest6.id between 7956413 and 7956513)  (cost=20.6 rows=101)
    -> Index range scan on sbtest6 using PRIMARY over (7956413 <= id <= 7956513)  (cost=20.6 rows=101)


table 7 : explain SELECT id, c FROM sbtest7 WHERE id BETWEEN 7956413 AND 7956513
	-> Filter: (sbtest7.id between 7956413 and 7956513)  (cost=20.6 rows=101)
    -> Index range scan on sbtest7 using PRIMARY over (7956413 <= id <= 7956513)  (cost=20.6 rows=101)


table 8 : explain SELECT id, c FROM sbtest8 WHERE id BETWEEN 7956413 AND 7956513
	-> Filter: (sbtest8.id between 7956413 and 7956513)  (cost=20.6 rows=101)
    -> Index range scan on sbtest8 using PRIMARY over (7956413 <= id <= 7956513)  (cost=20.6 rows=101)

explain: for range-notcovered :: explain SELECT id, c FROM sbtest%d WHERE id BETWEEN 5767498 AND 5767598
explain: for range-notcovered :: explain SELECT id, c FROM sbtest%d WHERE id BETWEEN 3730450 AND 3730550
explain: for range-notcovered :: explain SELECT id, c FROM sbtest%d WHERE id BETWEEN 5652495 AND 5652595


explain: for range-notcovered :: explain SELECT id, c FROM sbtest%d WHERE id BETWEEN 3603238 AND 3603338
for range-notcovered
table 1 : explain SELECT id, c FROM sbtest1 WHERE id BETWEEN 8460869 AND 8460969
	-> Filter: (sbtest1.id between 8460869 and 8460969)  (cost=20.6 rows=101)
    -> Index range scan on sbtest1 using PRIMARY over (8460869 <= id <= 8460969)  (cost=20.6 rows=101)


table 2 : explain SELECT id, c FROM sbtest2 WHERE id BETWEEN 8460869 AND 8460969
	-> Filter: (sbtest2.id between 8460869 and 8460969)  (cost=20.6 rows=101)
    -> Index range scan on sbtest2 using PRIMARY over (8460869 <= id <= 8460969)  (cost=20.6 rows=101)


table 3 : explain SELECT id, c FROM sbtest3 WHERE id BETWEEN 8460869 AND 8460969
	-> Filter: (sbtest3.id between 8460869 and 8460969)  (cost=20.6 rows=101)
    -> Index range scan on sbtest3 using PRIMARY over (8460869 <= id <= 8460969)  (cost=20.6 rows=101)


table 4 : explain SELECT id, c FROM sbtest4 WHERE id BETWEEN 8460869 AND 8460969
	-> Filter: (sbtest4.id between 8460869 and 8460969)  (cost=20.6 rows=101)
    -> Index range scan on sbtest4 using PRIMARY over (8460869 <= id <= 8460969)  (cost=20.6 rows=101)


table 5 : explain SELECT id, c FROM sbtest5 WHERE id BETWEEN 8460869 AND 8460969
	-> Filter: (sbtest5.id between 8460869 and 8460969)  (cost=20.6 rows=101)
    -> Index range scan on sbtest5 using PRIMARY over (8460869 <= id <= 8460969)  (cost=20.6 rows=101)


table 6 : explain SELECT id, c FROM sbtest6 WHERE id BETWEEN 8460869 AND 8460969
	-> Filter: (sbtest6.id between 8460869 and 8460969)  (cost=20.6 rows=101)
    -> Index range scan on sbtest6 using PRIMARY over (8460869 <= id <= 8460969)  (cost=20.6 rows=101)


table 7 : explain SELECT id, c FROM sbtest7 WHERE id BETWEEN 8460869 AND 8460969
	-> Filter: (sbtest7.id between 8460869 and 8460969)  (cost=20.6 rows=101)
    -> Index range scan on sbtest7 using PRIMARY over (8460869 <= id <= 8460969)  (cost=20.6 rows=101)


table 8 : explain SELECT id, c FROM sbtest8 WHERE id BETWEEN 8460869 AND 8460969
	-> Filter: (sbtest8.id between 8460869 and 8460969)  (cost=20.6 rows=101)
    -> Index range scan on sbtest8 using PRIMARY over (8460869 <= id <= 8460969)  (cost=20.6 rows=101)


explain: for range-notcovered :: explain SELECT id, c FROM sbtest%d WHERE id BETWEEN 8460869 AND 8460969
explain: for range-notcovered :: explain SELECT id, c FROM sbtest%d WHERE id BETWEEN 8363538 AND 8363638explain: for range-notcovered :: explain SELECT id, c FROM sbtest%d WHERE id BETWEEN 7956413 AND 7956513
for range-notcovered
table 1 : explain SELECT id, c FROM sbtest1 WHERE id BETWEEN 5102644 AND 5102744
	-> Filter: (sbtest1.id between 5102644 and 5102744)  (cost=20.6 rows=101)
    -> Index range scan on sbtest1 using PRIMARY over (5102644 <= id <= 5102744)  (cost=20.6 rows=101)


table 2 : explain SELECT id, c FROM sbtest2 WHERE id BETWEEN 5102644 AND 5102744
	-> Filter: (sbtest2.id between 5102644 and 5102744)  (cost=20.6 rows=101)
    -> Index range scan on sbtest2 using PRIMARY over (5102644 <= id <= 5102744)  (cost=20.6 rows=101)


table 3 : explain SELECT id, c FROM sbtest3 WHERE id BETWEEN 5102644 AND 5102744
	-> Filter: (sbtest3.id between 5102644 and 5102744)  (cost=20.6 rows=101)
    -> Index range scan on sbtest3 using PRIMARY over (5102644 <= id <= 5102744)  (cost=20.6 rows=101)


table 4 : explain SELECT id, c FROM sbtest4 WHERE id BETWEEN 5102644 AND 5102744
	-> Filter: (sbtest4.id between 5102644 and 5102744)  (cost=20.6 rows=101)
    -> Index range scan on sbtest4 using PRIMARY over (5102644 <= id <= 5102744)  (cost=20.6 rows=101)


table 5 : explain SELECT id, c FROM sbtest5 WHERE id BETWEEN 5102644 AND 5102744
	-> Filter: (sbtest5.id between 5102644 and 5102744)  (cost=20.6 rows=101)
    -> Index range scan on sbtest5 using PRIMARY over (5102644 <= id <= 5102744)  (cost=20.6 rows=101)


table 6 : explain SELECT id, c FROM sbtest6 WHERE id BETWEEN 5102644 AND 5102744
	-> Filter: (sbtest6.id between 5102644 and 5102744)  (cost=20.6 rows=101)
    -> Index range scan on sbtest6 using PRIMARY over (5102644 <= id <= 5102744)  (cost=20.6 rows=101)


table 7 : explain SELECT id, c FROM sbtest7 WHERE id BETWEEN 5102644 AND 5102744
	-> Filter: (sbtest7.id between 5102644 and 5102744)  (cost=20.6 rows=101)
    -> Index range scan on sbtest7 using PRIMARY over (5102644 <= id <= 5102744)  (cost=20.6 rows=101)


table 8 : explain SELECT id, c FROM sbtest8 WHERE id BETWEEN 5102644 AND 5102744
	-> Filter: (sbtest8.id between 5102644 and 5102744)  (cost=20.6 rows=101)
    -> Index range scan on sbtest8 using PRIMARY over (5102644 <= id <= 5102744)  (cost=20.6 rows=101)


for range-notcovered
table 1 : explain SELECT id, c FROM sbtest1 WHERE id BETWEEN 9018896 AND 9018996
	-> Filter: (sbtest1.id between 9018896 and 9018996)  (cost=20.6 rows=101)
    -> Index range scan on sbtest1 using PRIMARY over (9018896 <= id <= 9018996)  (cost=20.6 rows=101)


table 2 : explain SELECT id, c FROM sbtest2 WHERE id BETWEEN 9018896 AND 9018996
	-> Filter: (sbtest2.id between 9018896 and 9018996)  (cost=20.6 rows=101)
    -> Index range scan on sbtest2 using PRIMARY over (9018896 <= id <= 9018996)  (cost=20.6 rows=101)


table 3 : explain SELECT id, c FROM sbtest3 WHERE id BETWEEN 9018896 AND 9018996
	-> Filter: (sbtest3.id between 9018896 and 9018996)  (cost=20.6 rows=101)
    -> Index range scan on sbtest3 using PRIMARY over (9018896 <= id <= 9018996)  (cost=20.6 rows=101)


table 4 : explain SELECT id, c FROM sbtest4 WHERE id BETWEEN 9018896 AND 9018996
	-> Filter: (sbtest4.id between 9018896 and 9018996)  (cost=20.6 rows=101)
    -> Index range scan on sbtest4 using PRIMARY over (9018896 <= id <= 9018996)  (cost=20.6 rows=101)


table 5 : explain SELECT id, c FROM sbtest5 WHERE id BETWEEN 9018896 AND 9018996
	-> Filter: (sbtest5.id between 9018896 and 9018996)  (cost=20.6 rows=101)
    -> Index range scan on sbtest5 using PRIMARY over (9018896 <= id <= 9018996)  (cost=20.6 rows=101)


table 6 : explain SELECT id, c FROM sbtest6 WHERE id BETWEEN 9018896 AND 9018996
	-> Filter: (sbtest6.id between 9018896 and 9018996)  (cost=20.6 rows=101)
    -> Index range scan on sbtest6 using PRIMARY over (9018896 <= id <= 9018996)  (cost=20.6 rows=101)


table 7 : explain SELECT id, c FROM sbtest7 WHERE id BETWEEN 9018896 AND 9018996
	-> Filter: (sbtest7.id between 9018896 and 9018996)  (cost=20.6 rows=101)
    -> Index range scan on sbtest7 using PRIMARY over (9018896 <= id <= 9018996)  (cost=20.6 rows=101)


table 8 : explain SELECT id, c FROM sbtest8 WHERE id BETWEEN 9018896 AND 9018996
	-> Filter: (sbtest8.id between 9018896 and 9018996)  (cost=20.6 rows=101)
    -> Index range scan on sbtest8 using PRIMARY over (9018896 <= id <= 9018996)  (cost=20.6 rows=101)



for range-notcovered
table 1 : explain SELECT id, c FROM sbtest1 WHERE id BETWEEN 9304560 AND 9304660
	-> Filter: (sbtest1.id between 9304560 and 9304660)  (cost=20.6 rows=101)
    -> Index range scan on sbtest1 using PRIMARY over (9304560 <= id <= 9304660)  (cost=20.6 rows=101)


table 2 : explain SELECT id, c FROM sbtest2 WHERE id BETWEEN 9304560 AND 9304660
	-> Filter: (sbtest2.id between 9304560 and 9304660)  (cost=20.6 rows=101)
    -> Index range scan on sbtest2 using PRIMARY over (9304560 <= id <= 9304660)  (cost=20.6 rows=101)


table 3 : explain SELECT id, c FROM sbtest3 WHERE id BETWEEN 9304560 AND 9304660
	-> Filter: (sbtest3.id between 9304560 and 9304660)  (cost=20.6 rows=101)
    -> Index range scan on sbtest3 using PRIMARY over (9304560 <= id <= 9304660)  (cost=20.6 rows=101)


table 4 : explain SELECT id, c FROM sbtest4 WHERE id BETWEEN 9304560 AND 9304660
	-> Filter: (sbtest4.id between 9304560 and 9304660)  (cost=20.6 rows=101)
    -> Index range scan on sbtest4 using PRIMARY over (9304560 <= id <= 9304660)  (cost=20.6 rows=101)


table 5 : explain SELECT id, c FROM sbtest5 WHERE id BETWEEN 9304560 AND 9304660
	-> Filter: (sbtest5.id between 9304560 and 9304660)  (cost=20.6 rows=101)
    -> Index range scan on sbtest5 using PRIMARY over (9304560 <= id <= 9304660)  (cost=20.6 rows=101)


table 6 : explain SELECT id, c FROM sbtest6 WHERE id BETWEEN 9304560 AND 9304660
	-> Filter: (sbtest6.id between 9304560 and 9304660)  (cost=20.6 rows=101)
    -> Index range scan on sbtest6 using PRIMARY over (9304560 <= id <= 9304660)  (cost=20.6 rows=101)


table 7 : explain SELECT id, c FROM sbtest7 WHERE id BETWEEN 9304560 AND 9304660
	-> Filter: (sbtest7.id between 9304560 and 9304660)  (cost=20.6 rows=101)
    -> Index range scan on sbtest7 using PRIMARY over (9304560 <= id <= 9304660)  (cost=20.6 rows=101)


table 8 : explain SELECT id, c FROM sbtest8 WHERE id BETWEEN 9304560 AND 9304660
	-> Filter: (sbtest8.id between 9304560 and 9304660)  (cost=20.6 rows=101)
    -> Index range scan on sbtest8 using PRIMARY over (9304560 <= id <= 9304660)  (cost=20.6 rows=101)


explain: for range-notcovered :: explain SELECT id, c FROM sbtest%d WHERE id BETWEEN 9392832 AND 9392932for range-notcovered
table 1 : explain SELECT id, c FROM sbtest1 WHERE id BETWEEN 2905294 AND 2905394
	-> Filter: (sbtest1.id between 2905294 and 2905394)  (cost=20.6 rows=101)
    -> Index range scan on sbtest1 using PRIMARY over (2905294 <= id <= 2905394)  (cost=20.6 rows=101)


table 2 : explain SELECT id, c FROM sbtest2 WHERE id BETWEEN 2905294 AND 2905394
	-> Filter: (sbtest2.id between 2905294 and 2905394)  (cost=20.6 rows=101)
    -> Index range scan on sbtest2 using PRIMARY over (2905294 <= id <= 2905394)  (cost=20.6 rows=101)


table 3 : explain SELECT id, c FROM sbtest3 WHERE id BETWEEN 2905294 AND 2905394
	-> Filter: (sbtest3.id between 2905294 and 2905394)  (cost=20.6 rows=101)
    -> Index range scan on sbtest3 using PRIMARY over (2905294 <= id <= 2905394)  (cost=20.6 rows=101)


table 4 : explain SELECT id, c FROM sbtest4 WHERE id BETWEEN 2905294 AND 2905394
	-> Filter: (sbtest4.id between 2905294 and 2905394)  (cost=20.6 rows=101)
    -> Index range scan on sbtest4 using PRIMARY over (2905294 <= id <= 2905394)  (cost=20.6 rows=101)


table 5 : explain SELECT id, c FROM sbtest5 WHERE id BETWEEN 2905294 AND 2905394
	-> Filter: (sbtest5.id between 2905294 and 2905394)  (cost=20.6 rows=101)
    -> Index range scan on sbtest5 using PRIMARY over (2905294 <= id <= 2905394)  (cost=20.6 rows=101)


table 6 : explain SELECT id, c FROM sbtest6 WHERE id BETWEEN 2905294 AND 2905394
	-> Filter: (sbtest6.id between 2905294 and 2905394)  (cost=20.6 rows=101)
    -> Index range scan on sbtest6 using PRIMARY over (2905294 <= id <= 2905394)  (cost=20.6 rows=101)


table 7 : explain SELECT id, c FROM sbtest7 WHERE id BETWEEN 2905294 AND 2905394
	-> Filter: (sbtest7.id between 2905294 and 2905394)  (cost=20.6 rows=101)
    -> Index range scan on sbtest7 using PRIMARY over (2905294 <= id <= 2905394)  (cost=20.6 rows=101)


table 8 : explain SELECT id, c FROM sbtest8 WHERE id BETWEEN 2905294 AND 2905394
	-> Filter: (sbtest8.id between 2905294 and 2905394)  (cost=20.6 rows=101)
    -> Index range scan on sbtest8 using PRIMARY over (2905294 <= id <= 2905394)  (cost=20.6 rows=101)

for range-notcovered
table 1 : explain SELECT id, c FROM sbtest1 WHERE id BETWEEN 7208830 AND 7208930
	-> Filter: (sbtest1.id between 7208830 and 7208930)  (cost=20.6 rows=101)
    -> Index range scan on sbtest1 using PRIMARY over (7208830 <= id <= 7208930)  (cost=20.6 rows=101)


table 2 : explain SELECT id, c FROM sbtest2 WHERE id BETWEEN 7208830 AND 7208930
	-> Filter: (sbtest2.id between 7208830 and 7208930)  (cost=20.6 rows=101)
    -> Index range scan on sbtest2 using PRIMARY over (7208830 <= id <= 7208930)  (cost=20.6 rows=101)


table 3 : explain SELECT id, c FROM sbtest3 WHERE id BETWEEN 7208830 AND 7208930
	-> Filter: (sbtest3.id between 7208830 and 7208930)  (cost=20.6 rows=101)
    -> Index range scan on sbtest3 using PRIMARY over (7208830 <= id <= 7208930)  (cost=20.6 rows=101)


table 4 : explain SELECT id, c FROM sbtest4 WHERE id BETWEEN 7208830 AND 7208930
	-> Filter: (sbtest4.id between 7208830 and 7208930)  (cost=20.6 rows=101)
    -> Index range scan on sbtest4 using PRIMARY over (7208830 <= id <= 7208930)  (cost=20.6 rows=101)


table 5 : explain SELECT id, c FROM sbtest5 WHERE id BETWEEN 7208830 AND 7208930
	-> Filter: (sbtest5.id between 7208830 and 7208930)  (cost=20.6 rows=101)
    -> Index range scan on sbtest5 using PRIMARY over (7208830 <= id <= 7208930)  (cost=20.6 rows=101)


table 6 : explain SELECT id, c FROM sbtest6 WHERE id BETWEEN 7208830 AND 7208930
	-> Filter: (sbtest6.id between 7208830 and 7208930)  (cost=20.6 rows=101)
    -> Index range scan on sbtest6 using PRIMARY over (7208830 <= id <= 7208930)  (cost=20.6 rows=101)


table 7 : explain SELECT id, c FROM sbtest7 WHERE id BETWEEN 7208830 AND 7208930
	-> Filter: (sbtest7.id between 7208830 and 7208930)  (cost=20.6 rows=101)
    -> Index range scan on sbtest7 using PRIMARY over (7208830 <= id <= 7208930)  (cost=20.6 rows=101)


table 8 : explain SELECT id, c FROM sbtest8 WHERE id BETWEEN 7208830 AND 7208930
	-> Filter: (sbtest8.id between 7208830 and 7208930)  (cost=20.6 rows=101)
    -> Index range scan on sbtest8 using PRIMARY over (7208830 <= id <= 7208930)  (cost=20.6 rows=101)


for range-notcovered
table 1 : explain SELECT id, c FROM sbtest1 WHERE id BETWEEN 7021492 AND 7021592
	-> Filter: (sbtest1.id between 7021492 and 7021592)  (cost=20.6 rows=101)
    -> Index range scan on sbtest1 using PRIMARY over (7021492 <= id <= 7021592)  (cost=20.6 rows=101)


table 2 : explain SELECT id, c FROM sbtest2 WHERE id BETWEEN 7021492 AND 7021592
	-> Filter: (sbtest2.id between 7021492 and 7021592)  (cost=20.6 rows=101)
    -> Index range scan on sbtest2 using PRIMARY over (7021492 <= id <= 7021592)  (cost=20.6 rows=101)


table 3 : explain SELECT id, c FROM sbtest3 WHERE id BETWEEN 7021492 AND 7021592
	-> Filter: (sbtest3.id between 7021492 and 7021592)  (cost=20.6 rows=101)
    -> Index range scan on sbtest3 using PRIMARY over (7021492 <= id <= 7021592)  (cost=20.6 rows=101)


table 4 : explain SELECT id, c FROM sbtest4 WHERE id BETWEEN 7021492 AND 7021592
	-> Filter: (sbtest4.id between 7021492 and 7021592)  (cost=20.6 rows=101)
    -> Index range scan on sbtest4 using PRIMARY over (7021492 <= id <= 7021592)  (cost=20.6 rows=101)


table 5 : explain SELECT id, c FROM sbtest5 WHERE id BETWEEN 7021492 AND 7021592
	-> Filter: (sbtest5.id between 7021492 and 7021592)  (cost=20.6 rows=101)
    -> Index range scan on sbtest5 using PRIMARY over (7021492 <= id <= 7021592)  (cost=20.6 rows=101)


table 6 : explain SELECT id, c FROM sbtest6 WHERE id BETWEEN 7021492 AND 7021592
	-> Filter: (sbtest6.id between 7021492 and 7021592)  (cost=20.6 rows=101)
    -> Index range scan on sbtest6 using PRIMARY over (7021492 <= id <= 7021592)  (cost=20.6 rows=101)


table 7 : explain SELECT id, c FROM sbtest7 WHERE id BETWEEN 7021492 AND 7021592
	-> Filter: (sbtest7.id between 7021492 and 7021592)  (cost=20.6 rows=101)
    -> Index range scan on sbtest7 using PRIMARY over (7021492 <= id <= 7021592)  (cost=20.6 rows=101)


table 8 : explain SELECT id, c FROM sbtest8 WHERE id BETWEEN 7021492 AND 7021592
	-> Filter: (sbtest8.id between 7021492 and 7021592)  (cost=20.6 rows=101)
    -> Index range scan on sbtest8 using PRIMARY over (7021492 <= id <= 7021592)  (cost=20.6 rows=101)


for range-notcovered
table 1 : explain SELECT id, c FROM sbtest1 WHERE id BETWEEN 2559955 AND 2560055
	-> Filter: (sbtest1.id between 2559955 and 2560055)  (cost=20.6 rows=101)
    -> Index range scan on sbtest1 using PRIMARY over (2559955 <= id <= 2560055)  (cost=20.6 rows=101)


table 2 : explain SELECT id, c FROM sbtest2 WHERE id BETWEEN 2559955 AND 2560055
	-> Filter: (sbtest2.id between 2559955 and 2560055)  (cost=20.6 rows=101)
    -> Index range scan on sbtest2 using PRIMARY over (2559955 <= id <= 2560055)  (cost=20.6 rows=101)


table 3 : explain SELECT id, c FROM sbtest3 WHERE id BETWEEN 2559955 AND 2560055
	-> Filter: (sbtest3.id between 2559955 and 2560055)  (cost=20.6 rows=101)
    -> Index range scan on sbtest3 using PRIMARY over (2559955 <= id <= 2560055)  (cost=20.6 rows=101)


table 4 : explain SELECT id, c FROM sbtest4 WHERE id BETWEEN 2559955 AND 2560055
	-> Filter: (sbtest4.id between 2559955 and 2560055)  (cost=20.6 rows=101)
    -> Index range scan on sbtest4 using PRIMARY over (2559955 <= id <= 2560055)  (cost=20.6 rows=101)


table 5 : explain SELECT id, c FROM sbtest5 WHERE id BETWEEN 2559955 AND 2560055
	-> Filter: (sbtest5.id between 2559955 and 2560055)  (cost=20.6 rows=101)
    -> Index range scan on sbtest5 using PRIMARY over (2559955 <= id <= 2560055)  (cost=20.6 rows=101)


table 6 : explain SELECT id, c FROM sbtest6 WHERE id BETWEEN 2559955 AND 2560055
	-> Filter: (sbtest6.id between 2559955 and 2560055)  (cost=20.6 rows=101)
    -> Index range scan on sbtest6 using PRIMARY over (2559955 <= id <= 2560055)  (cost=20.6 rows=101)


table 7 : explain SELECT id, c FROM sbtest7 WHERE id BETWEEN 2559955 AND 2560055
	-> Filter: (sbtest7.id between 2559955 and 2560055)  (cost=20.6 rows=101)
    -> Index range scan on sbtest7 using PRIMARY over (2559955 <= id <= 2560055)  (cost=20.6 rows=101)


table 8 : explain SELECT id, c FROM sbtest8 WHERE id BETWEEN 2559955 AND 2560055
	-> Filter: (sbtest8.id between 2559955 and 2560055)  (cost=20.6 rows=101)
    -> Index range scan on sbtest8 using PRIMARY over (2559955 <= id <= 2560055)  (cost=20.6 rows=101)


for range-notcovered
table 1 : explain SELECT id, c FROM sbtest1 WHERE id BETWEEN 3051203 AND 3051303
	-> Filter: (sbtest1.id between 3051203 and 3051303)  (cost=20.6 rows=101)
    -> Index range scan on sbtest1 using PRIMARY over (3051203 <= id <= 3051303)  (cost=20.6 rows=101)


table 2 : explain SELECT id, c FROM sbtest2 WHERE id BETWEEN 3051203 AND 3051303
	-> Filter: (sbtest2.id between 3051203 and 3051303)  (cost=20.6 rows=101)
    -> Index range scan on sbtest2 using PRIMARY over (3051203 <= id <= 3051303)  (cost=20.6 rows=101)


table 3 : explain SELECT id, c FROM sbtest3 WHERE id BETWEEN 3051203 AND 3051303
	-> Filter: (sbtest3.id between 3051203 and 3051303)  (cost=20.6 rows=101)
    -> Index range scan on sbtest3 using PRIMARY over (3051203 <= id <= 3051303)  (cost=20.6 rows=101)


table 4 : explain SELECT id, c FROM sbtest4 WHERE id BETWEEN 3051203 AND 3051303
	-> Filter: (sbtest4.id between 3051203 and 3051303)  (cost=20.6 rows=101)
    -> Index range scan on sbtest4 using PRIMARY over (3051203 <= id <= 3051303)  (cost=20.6 rows=101)


table 5 : explain SELECT id, c FROM sbtest5 WHERE id BETWEEN 3051203 AND 3051303
	-> Filter: (sbtest5.id between 3051203 and 3051303)  (cost=20.6 rows=101)
    -> Index range scan on sbtest5 using PRIMARY over (3051203 <= id <= 3051303)  (cost=20.6 rows=101)


table 6 : explain SELECT id, c FROM sbtest6 WHERE id BETWEEN 3051203 AND 3051303
	-> Filter: (sbtest6.id between 3051203 and 3051303)  (cost=20.6 rows=101)
    -> Index range scan on sbtest6 using PRIMARY over (3051203 <= id <= 3051303)  (cost=20.6 rows=101)


table 7 : explain SELECT id, c FROM sbtest7 WHERE id BETWEEN 3051203 AND 3051303
	-> Filter: (sbtest7.id between 3051203 and 3051303)  (cost=20.6 rows=101)
    -> Index range scan on sbtest7 using PRIMARY over (3051203 <= id <= 3051303)  (cost=20.6 rows=101)


table 8 : explain SELECT id, c FROM sbtest8 WHERE id BETWEEN 3051203 AND 3051303
	-> Filter: (sbtest8.id between 3051203 and 3051303)  (cost=20.6 rows=101)
    -> Index range scan on sbtest8 using PRIMARY over (3051203 <= id <= 3051303)  (cost=20.6 rows=101)


for range-notcovered
table 1 : explain SELECT id, c FROM sbtest1 WHERE id BETWEEN 2819123 AND 2819223
	-> Filter: (sbtest1.id between 2819123 and 2819223)  (cost=20.6 rows=101)
    -> Index range scan on sbtest1 using PRIMARY over (2819123 <= id <= 2819223)  (cost=20.6 rows=101)


table 2 : explain SELECT id, c FROM sbtest2 WHERE id BETWEEN 2819123 AND 2819223
	-> Filter: (sbtest2.id between 2819123 and 2819223)  (cost=20.6 rows=101)
    -> Index range scan on sbtest2 using PRIMARY over (2819123 <= id <= 2819223)  (cost=20.6 rows=101)


table 3 : explain SELECT id, c FROM sbtest3 WHERE id BETWEEN 2819123 AND 2819223
	-> Filter: (sbtest3.id between 2819123 and 2819223)  (cost=20.6 rows=101)
    -> Index range scan on sbtest3 using PRIMARY over (2819123 <= id <= 2819223)  (cost=20.6 rows=101)


table 4 : explain SELECT id, c FROM sbtest4 WHERE id BETWEEN 2819123 AND 2819223
	-> Filter: (sbtest4.id between 2819123 and 2819223)  (cost=20.6 rows=101)
    -> Index range scan on sbtest4 using PRIMARY over (2819123 <= id <= 2819223)  (cost=20.6 rows=101)


table 5 : explain SELECT id, c FROM sbtest5 WHERE id BETWEEN 2819123 AND 2819223
	-> Filter: (sbtest5.id between 2819123 and 2819223)  (cost=20.6 rows=101)
    -> Index range scan on sbtest5 using PRIMARY over (2819123 <= id <= 2819223)  (cost=20.6 rows=101)


table 6 : explain SELECT id, c FROM sbtest6 WHERE id BETWEEN 2819123 AND 2819223
	-> Filter: (sbtest6.id between 2819123 and 2819223)  (cost=20.6 rows=101)
    -> Index range scan on sbtest6 using PRIMARY over (2819123 <= id <= 2819223)  (cost=20.6 rows=101)


table 7 : explain SELECT id, c FROM sbtest7 WHERE id BETWEEN 2819123 AND 2819223
	-> Filter: (sbtest7.id between 2819123 and 2819223)  (cost=20.6 rows=101)
    -> Index range scan on sbtest7 using PRIMARY over (2819123 <= id <= 2819223)  (cost=20.6 rows=101)


table 8 : explain SELECT id, c FROM sbtest8 WHERE id BETWEEN 2819123 AND 2819223
	-> Filter: (sbtest8.id between 2819123 and 2819223)  (cost=20.6 rows=101)
    -> Index range scan on sbtest8 using PRIMARY over (2819123 <= id <= 2819223)  (cost=20.6 rows=101)


explain: for range-notcovered :: explain SELECT id, c FROM sbtest%d WHERE id BETWEEN 7208830 AND 7208930
explain: for range-notcovered :: explain SELECT id, c FROM sbtest%d WHERE id BETWEEN 7021492 AND 7021592
for range-notcovered
table 1 : explain SELECT id, c FROM sbtest1 WHERE id BETWEEN 4201106 AND 4201206
	-> Filter: (sbtest1.id between 4201106 and 4201206)  (cost=20.6 rows=101)
    -> Index range scan on sbtest1 using PRIMARY over (4201106 <= id <= 4201206)  (cost=20.6 rows=101)


table 2 : explain SELECT id, c FROM sbtest2 WHERE id BETWEEN 4201106 AND 4201206
	-> Filter: (sbtest2.id between 4201106 and 4201206)  (cost=20.6 rows=101)
    -> Index range scan on sbtest2 using PRIMARY over (4201106 <= id <= 4201206)  (cost=20.6 rows=101)


table 3 : explain SELECT id, c FROM sbtest3 WHERE id BETWEEN 4201106 AND 4201206
	-> Filter: (sbtest3.id between 4201106 and 4201206)  (cost=20.6 rows=101)
    -> Index range scan on sbtest3 using PRIMARY over (4201106 <= id <= 4201206)  (cost=20.6 rows=101)


table 4 : explain SELECT id, c FROM sbtest4 WHERE id BETWEEN 4201106 AND 4201206
	-> Filter: (sbtest4.id between 4201106 and 4201206)  (cost=20.6 rows=101)
    -> Index range scan on sbtest4 using PRIMARY over (4201106 <= id <= 4201206)  (cost=20.6 rows=101)


table 5 : explain SELECT id, c FROM sbtest5 WHERE id BETWEEN 4201106 AND 4201206
	-> Filter: (sbtest5.id between 4201106 and 4201206)  (cost=20.6 rows=101)
    -> Index range scan on sbtest5 using PRIMARY over (4201106 <= id <= 4201206)  (cost=20.6 rows=101)


table 6 : explain SELECT id, c FROM sbtest6 WHERE id BETWEEN 4201106 AND 4201206
	-> Filter: (sbtest6.id between 4201106 and 4201206)  (cost=20.6 rows=101)
    -> Index range scan on sbtest6 using PRIMARY over (4201106 <= id <= 4201206)  (cost=20.6 rows=101)


table 7 : explain SELECT id, c FROM sbtest7 WHERE id BETWEEN 4201106 AND 4201206
	-> Filter: (sbtest7.id between 4201106 and 4201206)  (cost=20.6 rows=101)
    -> Index range scan on sbtest7 using PRIMARY over (4201106 <= id <= 4201206)  (cost=20.6 rows=101)


table 8 : explain SELECT id, c FROM sbtest8 WHERE id BETWEEN 4201106 AND 4201206
	-> Filter: (sbtest8.id between 4201106 and 4201206)  (cost=20.6 rows=101)
    -> Index range scan on sbtest8 using PRIMARY over (4201106 <= id <= 4201206)  (cost=20.6 rows=101)


explain: for range-notcovered :: explain SELECT id, c FROM sbtest%d WHERE id BETWEEN 9018896 AND 9018996for range-notcovered
table 1 : explain SELECT id, c FROM sbtest1 WHERE id BETWEEN 8210069 AND 8210169
	-> Filter: (sbtest1.id between 8210069 and 8210169)  (cost=20.6 rows=101)
    -> Index range scan on sbtest1 using PRIMARY over (8210069 <= id <= 8210169)  (cost=20.6 rows=101)


table 2 : explain SELECT id, c FROM sbtest2 WHERE id BETWEEN 8210069 AND 8210169
	-> Filter: (sbtest2.id between 8210069 and 8210169)  (cost=20.6 rows=101)
    -> Index range scan on sbtest2 using PRIMARY over (8210069 <= id <= 8210169)  (cost=20.6 rows=101)


table 3 : explain SELECT id, c FROM sbtest3 WHERE id BETWEEN 8210069 AND 8210169
	-> Filter: (sbtest3.id between 8210069 and 8210169)  (cost=20.6 rows=101)
    -> Index range scan on sbtest3 using PRIMARY over (8210069 <= id <= 8210169)  (cost=20.6 rows=101)


table 4 : explain SELECT id, c FROM sbtest4 WHERE id BETWEEN 8210069 AND 8210169
	-> Filter: (sbtest4.id between 8210069 and 8210169)  (cost=20.6 rows=101)
    -> Index range scan on sbtest4 using PRIMARY over (8210069 <= id <= 8210169)  (cost=20.6 rows=101)


table 5 : explain SELECT id, c FROM sbtest5 WHERE id BETWEEN 8210069 AND 8210169
	-> Filter: (sbtest5.id between 8210069 and 8210169)  (cost=20.6 rows=101)
    -> Index range scan on sbtest5 using PRIMARY over (8210069 <= id <= 8210169)  (cost=20.6 rows=101)


table 6 : explain SELECT id, c FROM sbtest6 WHERE id BETWEEN 8210069 AND 8210169
	-> Filter: (sbtest6.id between 8210069 and 8210169)  (cost=20.6 rows=101)
    -> Index range scan on sbtest6 using PRIMARY over (8210069 <= id <= 8210169)  (cost=20.6 rows=101)


table 7 : explain SELECT id, c FROM sbtest7 WHERE id BETWEEN 8210069 AND 8210169
	-> Filter: (sbtest7.id between 8210069 and 8210169)  (cost=20.6 rows=101)
    -> Index range scan on sbtest7 using PRIMARY over (8210069 <= id <= 8210169)  (cost=20.6 rows=101)


table 8 : explain SELECT id, c FROM sbtest8 WHERE id BETWEEN 8210069 AND 8210169
	-> Filter: (sbtest8.id between 8210069 and 8210169)  (cost=20.6 rows=101)
    -> Index range scan on sbtest8 using PRIMARY over (8210069 <= id <= 8210169)  (cost=20.6 rows=101)



for range-notcovered
table 1 : explain SELECT id, c FROM sbtest1 WHERE id BETWEEN 5027690 AND 5027790
	-> Filter: (sbtest1.id between 5027690 and 5027790)  (cost=20.6 rows=101)
    -> Index range scan on sbtest1 using PRIMARY over (5027690 <= id <= 5027790)  (cost=20.6 rows=101)


table 2 : explain SELECT id, c FROM sbtest2 WHERE id BETWEEN 5027690 AND 5027790
	-> Filter: (sbtest2.id between 5027690 and 5027790)  (cost=20.6 rows=101)
    -> Index range scan on sbtest2 using PRIMARY over (5027690 <= id <= 5027790)  (cost=20.6 rows=101)


table 3 : explain SELECT id, c FROM sbtest3 WHERE id BETWEEN 5027690 AND 5027790
	-> Filter: (sbtest3.id between 5027690 and 5027790)  (cost=20.6 rows=101)
    -> Index range scan on sbtest3 using PRIMARY over (5027690 <= id <= 5027790)  (cost=20.6 rows=101)


table 4 : explain SELECT id, c FROM sbtest4 WHERE id BETWEEN 5027690 AND 5027790
	-> Filter: (sbtest4.id between 5027690 and 5027790)  (cost=20.6 rows=101)
    -> Index range scan on sbtest4 using PRIMARY over (5027690 <= id <= 5027790)  (cost=20.6 rows=101)


table 5 : explain SELECT id, c FROM sbtest5 WHERE id BETWEEN 5027690 AND 5027790
	-> Filter: (sbtest5.id between 5027690 and 5027790)  (cost=20.6 rows=101)
    -> Index range scan on sbtest5 using PRIMARY over (5027690 <= id <= 5027790)  (cost=20.6 rows=101)


table 6 : explain SELECT id, c FROM sbtest6 WHERE id BETWEEN 5027690 AND 5027790
	-> Filter: (sbtest6.id between 5027690 and 5027790)  (cost=20.6 rows=101)
    -> Index range scan on sbtest6 using PRIMARY over (5027690 <= id <= 5027790)  (cost=20.6 rows=101)


table 7 : explain SELECT id, c FROM sbtest7 WHERE id BETWEEN 5027690 AND 5027790
	-> Filter: (sbtest7.id between 5027690 and 5027790)  (cost=20.6 rows=101)
    -> Index range scan on sbtest7 using PRIMARY over (5027690 <= id <= 5027790)  (cost=20.6 rows=101)


table 8 : explain SELECT id, c FROM sbtest8 WHERE id BETWEEN 5027690 AND 5027790
	-> Filter: (sbtest8.id between 5027690 and 5027790)  (cost=20.6 rows=101)
    -> Index range scan on sbtest8 using PRIMARY over (5027690 <= id <= 5027790)  (cost=20.6 rows=101)

explain: for range-notcovered :: explain SELECT id, c FROM sbtest%d WHERE id BETWEEN 5102644 AND 5102744for range-notcovered
table 1 : explain SELECT id, c FROM sbtest1 WHERE id BETWEEN 5031544 AND 5031644
	-> Filter: (sbtest1.id between 5031544 and 5031644)  (cost=20.6 rows=101)
    -> Index range scan on sbtest1 using PRIMARY over (5031544 <= id <= 5031644)  (cost=20.6 rows=101)


table 2 : explain SELECT id, c FROM sbtest2 WHERE id BETWEEN 5031544 AND 5031644
	-> Filter: (sbtest2.id between 5031544 and 5031644)  (cost=20.6 rows=101)
    -> Index range scan on sbtest2 using PRIMARY over (5031544 <= id <= 5031644)  (cost=20.6 rows=101)


table 3 : explain SELECT id, c FROM sbtest3 WHERE id BETWEEN 5031544 AND 5031644
	-> Filter: (sbtest3.id between 5031544 and 5031644)  (cost=20.6 rows=101)
    -> Index range scan on sbtest3 using PRIMARY over (5031544 <= id <= 5031644)  (cost=20.6 rows=101)


table 4 : explain SELECT id, c FROM sbtest4 WHERE id BETWEEN 5031544 AND 5031644
	-> Filter: (sbtest4.id between 5031544 and 5031644)  (cost=20.6 rows=101)
    -> Index range scan on sbtest4 using PRIMARY over (5031544 <= id <= 5031644)  (cost=20.6 rows=101)


table 5 : explain SELECT id, c FROM sbtest5 WHERE id BETWEEN 5031544 AND 5031644
	-> Filter: (sbtest5.id between 5031544 and 5031644)  (cost=20.6 rows=101)
    -> Index range scan on sbtest5 using PRIMARY over (5031544 <= id <= 5031644)  (cost=20.6 rows=101)


table 6 : explain SELECT id, c FROM sbtest6 WHERE id BETWEEN 5031544 AND 5031644
	-> Filter: (sbtest6.id between 5031544 and 5031644)  (cost=20.6 rows=101)
    -> Index range scan on sbtest6 using PRIMARY over (5031544 <= id <= 5031644)  (cost=20.6 rows=101)


table 7 : explain SELECT id, c FROM sbtest7 WHERE id BETWEEN 5031544 AND 5031644
	-> Filter: (sbtest7.id between 5031544 and 5031644)  (cost=20.6 rows=101)
    -> Index range scan on sbtest7 using PRIMARY over (5031544 <= id <= 5031644)  (cost=20.6 rows=101)


table 8 : explain SELECT id, c FROM sbtest8 WHERE id BETWEEN 5031544 AND 5031644
	-> Filter: (sbtest8.id between 5031544 and 5031644)  (cost=20.6 rows=101)
    -> Index range scan on sbtest8 using PRIMARY over (5031544 <= id <= 5031644)  (cost=20.6 rows=101)

for range-notcovered
table 1 : explain SELECT id, c FROM sbtest1 WHERE id BETWEEN 6860914 AND 6861014
	-> Filter: (sbtest1.id between 6860914 and 6861014)  (cost=20.6 rows=101)
    -> Index range scan on sbtest1 using PRIMARY over (6860914 <= id <= 6861014)  (cost=20.6 rows=101)


table 2 : explain SELECT id, c FROM sbtest2 WHERE id BETWEEN 6860914 AND 6861014
	-> Filter: (sbtest2.id between 6860914 and 6861014)  (cost=20.6 rows=101)
    -> Index range scan on sbtest2 using PRIMARY over (6860914 <= id <= 6861014)  (cost=20.6 rows=101)


table 3 : explain SELECT id, c FROM sbtest3 WHERE id BETWEEN 6860914 AND 6861014
	-> Filter: (sbtest3.id between 6860914 and 6861014)  (cost=20.6 rows=101)
    -> Index range scan on sbtest3 using PRIMARY over (6860914 <= id <= 6861014)  (cost=20.6 rows=101)


table 4 : explain SELECT id, c FROM sbtest4 WHERE id BETWEEN 6860914 AND 6861014
	-> Filter: (sbtest4.id between 6860914 and 6861014)  (cost=20.6 rows=101)
    -> Index range scan on sbtest4 using PRIMARY over (6860914 <= id <= 6861014)  (cost=20.6 rows=101)


table 5 : explain SELECT id, c FROM sbtest5 WHERE id BETWEEN 6860914 AND 6861014
	-> Filter: (sbtest5.id between 6860914 and 6861014)  (cost=20.6 rows=101)
    -> Index range scan on sbtest5 using PRIMARY over (6860914 <= id <= 6861014)  (cost=20.6 rows=101)


table 6 : explain SELECT id, c FROM sbtest6 WHERE id BETWEEN 6860914 AND 6861014
	-> Filter: (sbtest6.id between 6860914 and 6861014)  (cost=20.6 rows=101)
    -> Index range scan on sbtest6 using PRIMARY over (6860914 <= id <= 6861014)  (cost=20.6 rows=101)


table 7 : explain SELECT id, c FROM sbtest7 WHERE id BETWEEN 6860914 AND 6861014
	-> Filter: (sbtest7.id between 6860914 and 6861014)  (cost=20.6 rows=101)
    -> Index range scan on sbtest7 using PRIMARY over (6860914 <= id <= 6861014)  (cost=20.6 rows=101)


table 8 : explain SELECT id, c FROM sbtest8 WHERE id BETWEEN 6860914 AND 6861014
	-> Filter: (sbtest8.id between 6860914 and 6861014)  (cost=20.6 rows=101)
    -> Index range scan on sbtest8 using PRIMARY over (6860914 <= id <= 6861014)  (cost=20.6 rows=101)

for range-notcovered
table 1 : explain SELECT id, c FROM sbtest1 WHERE id BETWEEN 961745 AND 961845
	-> Filter: (sbtest1.id between 961745 and 961845)  (cost=20.6 rows=101)
    -> Index range scan on sbtest1 using PRIMARY over (961745 <= id <= 961845)  (cost=20.6 rows=101)


table 2 : explain SELECT id, c FROM sbtest2 WHERE id BETWEEN 961745 AND 961845
	-> Filter: (sbtest2.id between 961745 and 961845)  (cost=20.6 rows=101)
    -> Index range scan on sbtest2 using PRIMARY over (961745 <= id <= 961845)  (cost=20.6 rows=101)


table 3 : explain SELECT id, c FROM sbtest3 WHERE id BETWEEN 961745 AND 961845
	-> Filter: (sbtest3.id between 961745 and 961845)  (cost=20.6 rows=101)
    -> Index range scan on sbtest3 using PRIMARY over (961745 <= id <= 961845)  (cost=20.6 rows=101)


table 4 : explain SELECT id, c FROM sbtest4 WHERE id BETWEEN 961745 AND 961845
	-> Filter: (sbtest4.id between 961745 and 961845)  (cost=20.6 rows=101)
    -> Index range scan on sbtest4 using PRIMARY over (961745 <= id <= 961845)  (cost=20.6 rows=101)


table 5 : explain SELECT id, c FROM sbtest5 WHERE id BETWEEN 961745 AND 961845
	-> Filter: (sbtest5.id between 961745 and 961845)  (cost=20.6 rows=101)
    -> Index range scan on sbtest5 using PRIMARY over (961745 <= id <= 961845)  (cost=20.6 rows=101)


table 6 : explain SELECT id, c FROM sbtest6 WHERE id BETWEEN 961745 AND 961845
	-> Filter: (sbtest6.id between 961745 and 961845)  (cost=20.6 rows=101)
    -> Index range scan on sbtest6 using PRIMARY over (961745 <= id <= 961845)  (cost=20.6 rows=101)


table 7 : explain SELECT id, c FROM sbtest7 WHERE id BETWEEN 961745 AND 961845
	-> Filter: (sbtest7.id between 961745 and 961845)  (cost=20.6 rows=101)
    -> Index range scan on sbtest7 using PRIMARY over (961745 <= id <= 961845)  (cost=20.6 rows=101)


table 8 : explain SELECT id, c FROM sbtest8 WHERE id BETWEEN 961745 AND 961845
	-> Filter: (sbtest8.id between 961745 and 961845)  (cost=20.6 rows=101)
    -> Index range scan on sbtest8 using PRIMARY over (961745 <= id <= 961845)  (cost=20.6 rows=101)



explain: for range-notcovered :: explain SELECT id, c FROM sbtest%d WHERE id BETWEEN 2559955 AND 2560055explain: for range-notcovered :: explain SELECT id, c FROM sbtest%d WHERE id BETWEEN 3051203 AND 3051303explain: for range-notcovered :: explain SELECT id, c FROM sbtest%d WHERE id BETWEEN 2819123 AND 2819223
for range-notcovered
table 1 : explain SELECT id, c FROM sbtest1 WHERE id BETWEEN 4118184 AND 4118284
	-> Filter: (sbtest1.id between 4118184 and 4118284)  (cost=20.6 rows=101)
    -> Index range scan on sbtest1 using PRIMARY over (4118184 <= id <= 4118284)  (cost=20.6 rows=101)


table 2 : explain SELECT id, c FROM sbtest2 WHERE id BETWEEN 4118184 AND 4118284
	-> Filter: (sbtest2.id between 4118184 and 4118284)  (cost=20.6 rows=101)
    -> Index range scan on sbtest2 using PRIMARY over (4118184 <= id <= 4118284)  (cost=20.6 rows=101)


table 3 : explain SELECT id, c FROM sbtest3 WHERE id BETWEEN 4118184 AND 4118284
	-> Filter: (sbtest3.id between 4118184 and 4118284)  (cost=20.6 rows=101)
    -> Index range scan on sbtest3 using PRIMARY over (4118184 <= id <= 4118284)  (cost=20.6 rows=101)


table 4 : explain SELECT id, c FROM sbtest4 WHERE id BETWEEN 4118184 AND 4118284
	-> Filter: (sbtest4.id between 4118184 and 4118284)  (cost=20.6 rows=101)
    -> Index range scan on sbtest4 using PRIMARY over (4118184 <= id <= 4118284)  (cost=20.6 rows=101)


table 5 : explain SELECT id, c FROM sbtest5 WHERE id BETWEEN 4118184 AND 4118284
	-> Filter: (sbtest5.id between 4118184 and 4118284)  (cost=20.6 rows=101)
    -> Index range scan on sbtest5 using PRIMARY over (4118184 <= id <= 4118284)  (cost=20.6 rows=101)


table 6 : explain SELECT id, c FROM sbtest6 WHERE id BETWEEN 4118184 AND 4118284
	-> Filter: (sbtest6.id between 4118184 and 4118284)  (cost=20.6 rows=101)
    -> Index range scan on sbtest6 using PRIMARY over (4118184 <= id <= 4118284)  (cost=20.6 rows=101)


table 7 : explain SELECT id, c FROM sbtest7 WHERE id BETWEEN 4118184 AND 4118284
	-> Filter: (sbtest7.id between 4118184 and 4118284)  (cost=20.6 rows=101)
    -> Index range scan on sbtest7 using PRIMARY over (4118184 <= id <= 4118284)  (cost=20.6 rows=101)


table 8 : explain SELECT id, c FROM sbtest8 WHERE id BETWEEN 4118184 AND 4118284
	-> Filter: (sbtest8.id between 4118184 and 4118284)  (cost=20.6 rows=101)
    -> Index range scan on sbtest8 using PRIMARY over (4118184 <= id <= 4118284)  (cost=20.6 rows=101)


for range-notcovered
table 1 : explain SELECT id, c FROM sbtest1 WHERE id BETWEEN 4869755 AND 4869855
	-> Filter: (sbtest1.id between 4869755 and 4869855)  (cost=20.6 rows=101)
    -> Index range scan on sbtest1 using PRIMARY over (4869755 <= id <= 4869855)  (cost=20.6 rows=101)


table 2 : explain SELECT id, c FROM sbtest2 WHERE id BETWEEN 4869755 AND 4869855
	-> Filter: (sbtest2.id between 4869755 and 4869855)  (cost=20.6 rows=101)
    -> Index range scan on sbtest2 using PRIMARY over (4869755 <= id <= 4869855)  (cost=20.6 rows=101)


table 3 : explain SELECT id, c FROM sbtest3 WHERE id BETWEEN 4869755 AND 4869855
	-> Filter: (sbtest3.id between 4869755 and 4869855)  (cost=20.6 rows=101)
    -> Index range scan on sbtest3 using PRIMARY over (4869755 <= id <= 4869855)  (cost=20.6 rows=101)


table 4 : explain SELECT id, c FROM sbtest4 WHERE id BETWEEN 4869755 AND 4869855
	-> Filter: (sbtest4.id between 4869755 and 4869855)  (cost=20.6 rows=101)
    -> Index range scan on sbtest4 using PRIMARY over (4869755 <= id <= 4869855)  (cost=20.6 rows=101)


table 5 : explain SELECT id, c FROM sbtest5 WHERE id BETWEEN 4869755 AND 4869855
	-> Filter: (sbtest5.id between 4869755 and 4869855)  (cost=20.6 rows=101)
    -> Index range scan on sbtest5 using PRIMARY over (4869755 <= id <= 4869855)  (cost=20.6 rows=101)


table 6 : explain SELECT id, c FROM sbtest6 WHERE id BETWEEN 4869755 AND 4869855
	-> Filter: (sbtest6.id between 4869755 and 4869855)  (cost=20.6 rows=101)
    -> Index range scan on sbtest6 using PRIMARY over (4869755 <= id <= 4869855)  (cost=20.6 rows=101)


table 7 : explain SELECT id, c FROM sbtest7 WHERE id BETWEEN 4869755 AND 4869855
	-> Filter: (sbtest7.id between 4869755 and 4869855)  (cost=20.6 rows=101)
    -> Index range scan on sbtest7 using PRIMARY over (4869755 <= id <= 4869855)  (cost=20.6 rows=101)


table 8 : explain SELECT id, c FROM sbtest8 WHERE id BETWEEN 4869755 AND 4869855
	-> Filter: (sbtest8.id between 4869755 and 4869855)  (cost=20.6 rows=101)
    -> Index range scan on sbtest8 using PRIMARY over (4869755 <= id <= 4869855)  (cost=20.6 rows=101)


for range-notcovered
table 1 : explain SELECT id, c FROM sbtest1 WHERE id BETWEEN 5728658 AND 5728758
	-> Filter: (sbtest1.id between 5728658 and 5728758)  (cost=20.6 rows=101)
    -> Index range scan on sbtest1 using PRIMARY over (5728658 <= id <= 5728758)  (cost=20.6 rows=101)


table 2 : explain SELECT id, c FROM sbtest2 WHERE id BETWEEN 5728658 AND 5728758
	-> Filter: (sbtest2.id between 5728658 and 5728758)  (cost=20.6 rows=101)
    -> Index range scan on sbtest2 using PRIMARY over (5728658 <= id <= 5728758)  (cost=20.6 rows=101)


table 3 : explain SELECT id, c FROM sbtest3 WHERE id BETWEEN 5728658 AND 5728758
	-> Filter: (sbtest3.id between 5728658 and 5728758)  (cost=20.6 rows=101)
    -> Index range scan on sbtest3 using PRIMARY over (5728658 <= id <= 5728758)  (cost=20.6 rows=101)


table 4 : explain SELECT id, c FROM sbtest4 WHERE id BETWEEN 5728658 AND 5728758
	-> Filter: (sbtest4.id between 5728658 and 5728758)  (cost=20.6 rows=101)
    -> Index range scan on sbtest4 using PRIMARY over (5728658 <= id <= 5728758)  (cost=20.6 rows=101)


table 5 : explain SELECT id, c FROM sbtest5 WHERE id BETWEEN 5728658 AND 5728758
	-> Filter: (sbtest5.id between 5728658 and 5728758)  (cost=20.6 rows=101)
    -> Index range scan on sbtest5 using PRIMARY over (5728658 <= id <= 5728758)  (cost=20.6 rows=101)


table 6 : explain SELECT id, c FROM sbtest6 WHERE id BETWEEN 5728658 AND 5728758
	-> Filter: (sbtest6.id between 5728658 and 5728758)  (cost=20.6 rows=101)
    -> Index range scan on sbtest6 using PRIMARY over (5728658 <= id <= 5728758)  (cost=20.6 rows=101)


table 7 : explain SELECT id, c FROM sbtest7 WHERE id BETWEEN 5728658 AND 5728758
	-> Filter: (sbtest7.id between 5728658 and 5728758)  (cost=20.6 rows=101)
    -> Index range scan on sbtest7 using PRIMARY over (5728658 <= id <= 5728758)  (cost=20.6 rows=101)


table 8 : explain SELECT id, c FROM sbtest8 WHERE id BETWEEN 5728658 AND 5728758
	-> Filter: (sbtest8.id between 5728658 and 5728758)  (cost=20.6 rows=101)
    -> Index range scan on sbtest8 using PRIMARY over (5728658 <= id <= 5728758)  (cost=20.6 rows=101)



explain: for range-notcovered :: explain SELECT id, c FROM sbtest%d WHERE id BETWEEN 9304560 AND 9304660




explain: for range-notcovered :: explain SELECT id, c FROM sbtest%d WHERE id BETWEEN 4201106 AND 4201206for range-notcovered
table 1 : explain SELECT id, c FROM sbtest1 WHERE id BETWEEN 4880599 AND 4880699
	-> Filter: (sbtest1.id between 4880599 and 4880699)  (cost=20.6 rows=101)
    -> Index range scan on sbtest1 using PRIMARY over (4880599 <= id <= 4880699)  (cost=20.6 rows=101)


table 2 : explain SELECT id, c FROM sbtest2 WHERE id BETWEEN 4880599 AND 4880699
	-> Filter: (sbtest2.id between 4880599 and 4880699)  (cost=20.6 rows=101)
    -> Index range scan on sbtest2 using PRIMARY over (4880599 <= id <= 4880699)  (cost=20.6 rows=101)


table 3 : explain SELECT id, c FROM sbtest3 WHERE id BETWEEN 4880599 AND 4880699
	-> Filter: (sbtest3.id between 4880599 and 4880699)  (cost=20.6 rows=101)
    -> Index range scan on sbtest3 using PRIMARY over (4880599 <= id <= 4880699)  (cost=20.6 rows=101)


table 4 : explain SELECT id, c FROM sbtest4 WHERE id BETWEEN 4880599 AND 4880699
	-> Filter: (sbtest4.id between 4880599 and 4880699)  (cost=20.6 rows=101)
    -> Index range scan on sbtest4 using PRIMARY over (4880599 <= id <= 4880699)  (cost=20.6 rows=101)


table 5 : explain SELECT id, c FROM sbtest5 WHERE id BETWEEN 4880599 AND 4880699
	-> Filter: (sbtest5.id between 4880599 and 4880699)  (cost=20.6 rows=101)
    -> Index range scan on sbtest5 using PRIMARY over (4880599 <= id <= 4880699)  (cost=20.6 rows=101)


table 6 : explain SELECT id, c FROM sbtest6 WHERE id BETWEEN 4880599 AND 4880699
	-> Filter: (sbtest6.id between 4880599 and 4880699)  (cost=20.6 rows=101)
    -> Index range scan on sbtest6 using PRIMARY over (4880599 <= id <= 4880699)  (cost=20.6 rows=101)


table 7 : explain SELECT id, c FROM sbtest7 WHERE id BETWEEN 4880599 AND 4880699
	-> Filter: (sbtest7.id between 4880599 and 4880699)  (cost=20.6 rows=101)
    -> Index range scan on sbtest7 using PRIMARY over (4880599 <= id <= 4880699)  (cost=20.6 rows=101)


table 8 : explain SELECT id, c FROM sbtest8 WHERE id BETWEEN 4880599 AND 4880699
	-> Filter: (sbtest8.id between 4880599 and 4880699)  (cost=20.6 rows=101)
    -> Index range scan on sbtest8 using PRIMARY over (4880599 <= id <= 4880699)  (cost=20.6 rows=101)


explain: for range-notcovered :: explain SELECT id, c FROM sbtest%d WHERE id BETWEEN 8210069 AND 8210169


for range-notcovered
table 1 : explain SELECT id, c FROM sbtest1 WHERE id BETWEEN 6876452 AND 6876552
	-> Filter: (sbtest1.id between 6876452 and 6876552)  (cost=20.6 rows=101)
    -> Index range scan on sbtest1 using PRIMARY over (6876452 <= id <= 6876552)  (cost=20.6 rows=101)


table 2 : explain SELECT id, c FROM sbtest2 WHERE id BETWEEN 6876452 AND 6876552
	-> Filter: (sbtest2.id between 6876452 and 6876552)  (cost=20.6 rows=101)
    -> Index range scan on sbtest2 using PRIMARY over (6876452 <= id <= 6876552)  (cost=20.6 rows=101)


table 3 : explain SELECT id, c FROM sbtest3 WHERE id BETWEEN 6876452 AND 6876552
	-> Filter: (sbtest3.id between 6876452 and 6876552)  (cost=20.6 rows=101)
    -> Index range scan on sbtest3 using PRIMARY over (6876452 <= id <= 6876552)  (cost=20.6 rows=101)


table 4 : explain SELECT id, c FROM sbtest4 WHERE id BETWEEN 6876452 AND 6876552
	-> Filter: (sbtest4.id between 6876452 and 6876552)  (cost=20.6 rows=101)
    -> Index range scan on sbtest4 using PRIMARY over (6876452 <= id <= 6876552)  (cost=20.6 rows=101)


table 5 : explain SELECT id, c FROM sbtest5 WHERE id BETWEEN 6876452 AND 6876552
	-> Filter: (sbtest5.id between 6876452 and 6876552)  (cost=20.6 rows=101)
    -> Index range scan on sbtest5 using PRIMARY over (6876452 <= id <= 6876552)  (cost=20.6 rows=101)


table 6 : explain SELECT id, c FROM sbtest6 WHERE id BETWEEN 6876452 AND 6876552
	-> Filter: (sbtest6.id between 6876452 and 6876552)  (cost=20.6 rows=101)
    -> Index range scan on sbtest6 using PRIMARY over (6876452 <= id <= 6876552)  (cost=20.6 rows=101)


table 7 : explain SELECT id, c FROM sbtest7 WHERE id BETWEEN 6876452 AND 6876552
	-> Filter: (sbtest7.id between 6876452 and 6876552)  (cost=20.6 rows=101)
    -> Index range scan on sbtest7 using PRIMARY over (6876452 <= id <= 6876552)  (cost=20.6 rows=101)


table 8 : explain SELECT id, c FROM sbtest8 WHERE id BETWEEN 6876452 AND 6876552
	-> Filter: (sbtest8.id between 6876452 and 6876552)  (cost=20.6 rows=101)
    -> Index range scan on sbtest8 using PRIMARY over (6876452 <= id <= 6876552)  (cost=20.6 rows=101)

explain: for range-notcovered :: explain SELECT id, c FROM sbtest%d WHERE id BETWEEN 5728658 AND 5728758
for range-notcovered
table 1 : explain SELECT id, c FROM sbtest1 WHERE id BETWEEN 4567750 AND 4567850
	-> Filter: (sbtest1.id between 4567750 and 4567850)  (cost=20.6 rows=101)
    -> Index range scan on sbtest1 using PRIMARY over (4567750 <= id <= 4567850)  (cost=20.6 rows=101)


table 2 : explain SELECT id, c FROM sbtest2 WHERE id BETWEEN 4567750 AND 4567850
	-> Filter: (sbtest2.id between 4567750 and 4567850)  (cost=20.6 rows=101)
    -> Index range scan on sbtest2 using PRIMARY over (4567750 <= id <= 4567850)  (cost=20.6 rows=101)


table 3 : explain SELECT id, c FROM sbtest3 WHERE id BETWEEN 4567750 AND 4567850
	-> Filter: (sbtest3.id between 4567750 and 4567850)  (cost=20.6 rows=101)
    -> Index range scan on sbtest3 using PRIMARY over (4567750 <= id <= 4567850)  (cost=20.6 rows=101)


table 4 : explain SELECT id, c FROM sbtest4 WHERE id BETWEEN 4567750 AND 4567850
	-> Filter: (sbtest4.id between 4567750 and 4567850)  (cost=20.6 rows=101)
    -> Index range scan on sbtest4 using PRIMARY over (4567750 <= id <= 4567850)  (cost=20.6 rows=101)


table 5 : explain SELECT id, c FROM sbtest5 WHERE id BETWEEN 4567750 AND 4567850
	-> Filter: (sbtest5.id between 4567750 and 4567850)  (cost=20.6 rows=101)
    -> Index range scan on sbtest5 using PRIMARY over (4567750 <= id <= 4567850)  (cost=20.6 rows=101)


table 6 : explain SELECT id, c FROM sbtest6 WHERE id BETWEEN 4567750 AND 4567850
	-> Filter: (sbtest6.id between 4567750 and 4567850)  (cost=20.6 rows=101)
    -> Index range scan on sbtest6 using PRIMARY over (4567750 <= id <= 4567850)  (cost=20.6 rows=101)


table 7 : explain SELECT id, c FROM sbtest7 WHERE id BETWEEN 4567750 AND 4567850
	-> Filter: (sbtest7.id between 4567750 and 4567850)  (cost=20.6 rows=101)
    -> Index range scan on sbtest7 using PRIMARY over (4567750 <= id <= 4567850)  (cost=20.6 rows=101)


table 8 : explain SELECT id, c FROM sbtest8 WHERE id BETWEEN 4567750 AND 4567850
	-> Filter: (sbtest8.id between 4567750 and 4567850)  (cost=20.6 rows=101)
    -> Index range scan on sbtest8 using PRIMARY over (4567750 <= id <= 4567850)  (cost=20.6 rows=101)


explain: for range-notcovered :: explain SELECT id, c FROM sbtest%d WHERE id BETWEEN 961745 AND 961845
explain: for range-notcovered :: explain SELECT id, c FROM sbtest%d WHERE id BETWEEN 4869755 AND 4869855for range-notcovered
table 1 : explain SELECT id, c FROM sbtest1 WHERE id BETWEEN 4270236 AND 4270336
	-> Filter: (sbtest1.id between 4270236 and 4270336)  (cost=20.6 rows=101)
    -> Index range scan on sbtest1 using PRIMARY over (4270236 <= id <= 4270336)  (cost=20.6 rows=101)


table 2 : explain SELECT id, c FROM sbtest2 WHERE id BETWEEN 4270236 AND 4270336
	-> Filter: (sbtest2.id between 4270236 and 4270336)  (cost=20.6 rows=101)
    -> Index range scan on sbtest2 using PRIMARY over (4270236 <= id <= 4270336)  (cost=20.6 rows=101)


table 3 : explain SELECT id, c FROM sbtest3 WHERE id BETWEEN 4270236 AND 4270336
	-> Filter: (sbtest3.id between 4270236 and 4270336)  (cost=20.6 rows=101)
    -> Index range scan on sbtest3 using PRIMARY over (4270236 <= id <= 4270336)  (cost=20.6 rows=101)


table 4 : explain SELECT id, c FROM sbtest4 WHERE id BETWEEN 4270236 AND 4270336
	-> Filter: (sbtest4.id between 4270236 and 4270336)  (cost=20.6 rows=101)
    -> Index range scan on sbtest4 using PRIMARY over (4270236 <= id <= 4270336)  (cost=20.6 rows=101)


table 5 : explain SELECT id, c FROM sbtest5 WHERE id BETWEEN 4270236 AND 4270336
	-> Filter: (sbtest5.id between 4270236 and 4270336)  (cost=20.6 rows=101)
    -> Index range scan on sbtest5 using PRIMARY over (4270236 <= id <= 4270336)  (cost=20.6 rows=101)


table 6 : explain SELECT id, c FROM sbtest6 WHERE id BETWEEN 4270236 AND 4270336
	-> Filter: (sbtest6.id between 4270236 and 4270336)  (cost=20.6 rows=101)
    -> Index range scan on sbtest6 using PRIMARY over (4270236 <= id <= 4270336)  (cost=20.6 rows=101)


table 7 : explain SELECT id, c FROM sbtest7 WHERE id BETWEEN 4270236 AND 4270336
	-> Filter: (sbtest7.id between 4270236 and 4270336)  (cost=20.6 rows=101)
    -> Index range scan on sbtest7 using PRIMARY over (4270236 <= id <= 4270336)  (cost=20.6 rows=101)


table 8 : explain SELECT id, c FROM sbtest8 WHERE id BETWEEN 4270236 AND 4270336
	-> Filter: (sbtest8.id between 4270236 and 4270336)  (cost=20.6 rows=101)
    -> Index range scan on sbtest8 using PRIMARY over (4270236 <= id <= 4270336)  (cost=20.6 rows=101)


for range-notcovered
table 1 : explain SELECT id, c FROM sbtest1 WHERE id BETWEEN 4339851 AND 4339951
	-> Filter: (sbtest1.id between 4339851 and 4339951)  (cost=20.6 rows=101)
    -> Index range scan on sbtest1 using PRIMARY over (4339851 <= id <= 4339951)  (cost=20.6 rows=101)


table 2 : explain SELECT id, c FROM sbtest2 WHERE id BETWEEN 4339851 AND 4339951
	-> Filter: (sbtest2.id between 4339851 and 4339951)  (cost=20.6 rows=101)
    -> Index range scan on sbtest2 using PRIMARY over (4339851 <= id <= 4339951)  (cost=20.6 rows=101)


table 3 : explain SELECT id, c FROM sbtest3 WHERE id BETWEEN 4339851 AND 4339951
	-> Filter: (sbtest3.id between 4339851 and 4339951)  (cost=20.6 rows=101)
    -> Index range scan on sbtest3 using PRIMARY over (4339851 <= id <= 4339951)  (cost=20.6 rows=101)


table 4 : explain SELECT id, c FROM sbtest4 WHERE id BETWEEN 4339851 AND 4339951
	-> Filter: (sbtest4.id between 4339851 and 4339951)  (cost=20.6 rows=101)
    -> Index range scan on sbtest4 using PRIMARY over (4339851 <= id <= 4339951)  (cost=20.6 rows=101)


table 5 : explain SELECT id, c FROM sbtest5 WHERE id BETWEEN 4339851 AND 4339951
	-> Filter: (sbtest5.id between 4339851 and 4339951)  (cost=20.6 rows=101)
    -> Index range scan on sbtest5 using PRIMARY over (4339851 <= id <= 4339951)  (cost=20.6 rows=101)


table 6 : explain SELECT id, c FROM sbtest6 WHERE id BETWEEN 4339851 AND 4339951
	-> Filter: (sbtest6.id between 4339851 and 4339951)  (cost=20.6 rows=101)
    -> Index range scan on sbtest6 using PRIMARY over (4339851 <= id <= 4339951)  (cost=20.6 rows=101)


table 7 : explain SELECT id, c FROM sbtest7 WHERE id BETWEEN 4339851 AND 4339951
	-> Filter: (sbtest7.id between 4339851 and 4339951)  (cost=20.6 rows=101)
    -> Index range scan on sbtest7 using PRIMARY over (4339851 <= id <= 4339951)  (cost=20.6 rows=101)


table 8 : explain SELECT id, c FROM sbtest8 WHERE id BETWEEN 4339851 AND 4339951
	-> Filter: (sbtest8.id between 4339851 and 4339951)  (cost=20.6 rows=101)
    -> Index range scan on sbtest8 using PRIMARY over (4339851 <= id <= 4339951)  (cost=20.6 rows=101)


for range-notcovered
table 1 : explain SELECT id, c FROM sbtest1 WHERE id BETWEEN 1765473 AND 1765573
	-> Filter: (sbtest1.id between 1765473 and 1765573)  (cost=20.6 rows=101)
    -> Index range scan on sbtest1 using PRIMARY over (1765473 <= id <= 1765573)  (cost=20.6 rows=101)


table 2 : explain SELECT id, c FROM sbtest2 WHERE id BETWEEN 1765473 AND 1765573
	-> Filter: (sbtest2.id between 1765473 and 1765573)  (cost=20.6 rows=101)
    -> Index range scan on sbtest2 using PRIMARY over (1765473 <= id <= 1765573)  (cost=20.6 rows=101)


table 3 : explain SELECT id, c FROM sbtest3 WHERE id BETWEEN 1765473 AND 1765573
	-> Filter: (sbtest3.id between 1765473 and 1765573)  (cost=20.6 rows=101)
    -> Index range scan on sbtest3 using PRIMARY over (1765473 <= id <= 1765573)  (cost=20.6 rows=101)


table 4 : explain SELECT id, c FROM sbtest4 WHERE id BETWEEN 1765473 AND 1765573
	-> Filter: (sbtest4.id between 1765473 and 1765573)  (cost=20.6 rows=101)
    -> Index range scan on sbtest4 using PRIMARY over (1765473 <= id <= 1765573)  (cost=20.6 rows=101)


table 5 : explain SELECT id, c FROM sbtest5 WHERE id BETWEEN 1765473 AND 1765573
	-> Filter: (sbtest5.id between 1765473 and 1765573)  (cost=20.6 rows=101)
    -> Index range scan on sbtest5 using PRIMARY over (1765473 <= id <= 1765573)  (cost=20.6 rows=101)


table 6 : explain SELECT id, c FROM sbtest6 WHERE id BETWEEN 1765473 AND 1765573
	-> Filter: (sbtest6.id between 1765473 and 1765573)  (cost=20.6 rows=101)
    -> Index range scan on sbtest6 using PRIMARY over (1765473 <= id <= 1765573)  (cost=20.6 rows=101)


table 7 : explain SELECT id, c FROM sbtest7 WHERE id BETWEEN 1765473 AND 1765573
	-> Filter: (sbtest7.id between 1765473 and 1765573)  (cost=20.6 rows=101)
    -> Index range scan on sbtest7 using PRIMARY over (1765473 <= id <= 1765573)  (cost=20.6 rows=101)


table 8 : explain SELECT id, c FROM sbtest8 WHERE id BETWEEN 1765473 AND 1765573
	-> Filter: (sbtest8.id between 1765473 and 1765573)  (cost=20.6 rows=101)
    -> Index range scan on sbtest8 using PRIMARY over (1765473 <= id <= 1765573)  (cost=20.6 rows=101)


explain: for range-notcovered :: explain SELECT id, c FROM sbtest%d WHERE id BETWEEN 5031544 AND 5031644
explain: for range-notcovered :: explain SELECT id, c FROM sbtest%d WHERE id BETWEEN 6860914 AND 6861014

for range-notcovered
table 1 : explain SELECT id, c FROM sbtest1 WHERE id BETWEEN 2798754 AND 2798854
	-> Filter: (sbtest1.id between 2798754 and 2798854)  (cost=20.6 rows=101)
    -> Index range scan on sbtest1 using PRIMARY over (2798754 <= id <= 2798854)  (cost=20.6 rows=101)


table 2 : explain SELECT id, c FROM sbtest2 WHERE id BETWEEN 2798754 AND 2798854
	-> Filter: (sbtest2.id between 2798754 and 2798854)  (cost=20.6 rows=101)
    -> Index range scan on sbtest2 using PRIMARY over (2798754 <= id <= 2798854)  (cost=20.6 rows=101)


table 3 : explain SELECT id, c FROM sbtest3 WHERE id BETWEEN 2798754 AND 2798854
	-> Filter: (sbtest3.id between 2798754 and 2798854)  (cost=20.6 rows=101)
    -> Index range scan on sbtest3 using PRIMARY over (2798754 <= id <= 2798854)  (cost=20.6 rows=101)


table 4 : explain SELECT id, c FROM sbtest4 WHERE id BETWEEN 2798754 AND 2798854
	-> Filter: (sbtest4.id between 2798754 and 2798854)  (cost=20.6 rows=101)
    -> Index range scan on sbtest4 using PRIMARY over (2798754 <= id <= 2798854)  (cost=20.6 rows=101)


table 5 : explain SELECT id, c FROM sbtest5 WHERE id BETWEEN 2798754 AND 2798854
	-> Filter: (sbtest5.id between 2798754 and 2798854)  (cost=20.6 rows=101)
    -> Index range scan on sbtest5 using PRIMARY over (2798754 <= id <= 2798854)  (cost=20.6 rows=101)


table 6 : explain SELECT id, c FROM sbtest6 WHERE id BETWEEN 2798754 AND 2798854
	-> Filter: (sbtest6.id between 2798754 and 2798854)  (cost=20.6 rows=101)
    -> Index range scan on sbtest6 using PRIMARY over (2798754 <= id <= 2798854)  (cost=20.6 rows=101)


table 7 : explain SELECT id, c FROM sbtest7 WHERE id BETWEEN 2798754 AND 2798854
	-> Filter: (sbtest7.id between 2798754 and 2798854)  (cost=20.6 rows=101)
    -> Index range scan on sbtest7 using PRIMARY over (2798754 <= id <= 2798854)  (cost=20.6 rows=101)


table 8 : explain SELECT id, c FROM sbtest8 WHERE id BETWEEN 2798754 AND 2798854
	-> Filter: (sbtest8.id between 2798754 and 2798854)  (cost=20.6 rows=101)
    -> Index range scan on sbtest8 using PRIMARY over (2798754 <= id <= 2798854)  (cost=20.6 rows=101)


for range-notcovered
table 1 : explain SELECT id, c FROM sbtest1 WHERE id BETWEEN 8773081 AND 8773181
	-> Filter: (sbtest1.id between 8773081 and 8773181)  (cost=20.6 rows=101)
    -> Index range scan on sbtest1 using PRIMARY over (8773081 <= id <= 8773181)  (cost=20.6 rows=101)


table 2 : explain SELECT id, c FROM sbtest2 WHERE id BETWEEN 8773081 AND 8773181
	-> Filter: (sbtest2.id between 8773081 and 8773181)  (cost=20.6 rows=101)
    -> Index range scan on sbtest2 using PRIMARY over (8773081 <= id <= 8773181)  (cost=20.6 rows=101)


table 3 : explain SELECT id, c FROM sbtest3 WHERE id BETWEEN 8773081 AND 8773181
	-> Filter: (sbtest3.id between 8773081 and 8773181)  (cost=20.6 rows=101)
    -> Index range scan on sbtest3 using PRIMARY over (8773081 <= id <= 8773181)  (cost=20.6 rows=101)


table 4 : explain SELECT id, c FROM sbtest4 WHERE id BETWEEN 8773081 AND 8773181
	-> Filter: (sbtest4.id between 8773081 and 8773181)  (cost=20.6 rows=101)
    -> Index range scan on sbtest4 using PRIMARY over (8773081 <= id <= 8773181)  (cost=20.6 rows=101)


table 5 : explain SELECT id, c FROM sbtest5 WHERE id BETWEEN 8773081 AND 8773181
	-> Filter: (sbtest5.id between 8773081 and 8773181)  (cost=20.6 rows=101)
    -> Index range scan on sbtest5 using PRIMARY over (8773081 <= id <= 8773181)  (cost=20.6 rows=101)


table 6 : explain SELECT id, c FROM sbtest6 WHERE id BETWEEN 8773081 AND 8773181
	-> Filter: (sbtest6.id between 8773081 and 8773181)  (cost=20.6 rows=101)
    -> Index range scan on sbtest6 using PRIMARY over (8773081 <= id <= 8773181)  (cost=20.6 rows=101)


table 7 : explain SELECT id, c FROM sbtest7 WHERE id BETWEEN 8773081 AND 8773181
	-> Filter: (sbtest7.id between 8773081 and 8773181)  (cost=20.6 rows=101)
    -> Index range scan on sbtest7 using PRIMARY over (8773081 <= id <= 8773181)  (cost=20.6 rows=101)


table 8 : explain SELECT id, c FROM sbtest8 WHERE id BETWEEN 8773081 AND 8773181
	-> Filter: (sbtest8.id between 8773081 and 8773181)  (cost=20.6 rows=101)
    -> Index range scan on sbtest8 using PRIMARY over (8773081 <= id <= 8773181)  (cost=20.6 rows=101)


explain: for range-notcovered :: explain SELECT id, c FROM sbtest%d WHERE id BETWEEN 4118184 AND 4118284
explain: for range-notcovered :: explain SELECT id, c FROM sbtest%d WHERE id BETWEEN 1765473 AND 1765573explain: for range-notcovered :: explain SELECT id, c FROM sbtest%d WHERE id BETWEEN 2905294 AND 2905394
explain: for range-notcovered :: explain SELECT id, c FROM sbtest%d WHERE id BETWEEN 4880599 AND 4880699
for range-notcovered
table 1 : explain SELECT id, c FROM sbtest1 WHERE id BETWEEN 8697513 AND 8697613
	-> Filter: (sbtest1.id between 8697513 and 8697613)  (cost=20.6 rows=101)
    -> Index range scan on sbtest1 using PRIMARY over (8697513 <= id <= 8697613)  (cost=20.6 rows=101)


table 2 : explain SELECT id, c FROM sbtest2 WHERE id BETWEEN 8697513 AND 8697613
	-> Filter: (sbtest2.id between 8697513 and 8697613)  (cost=20.6 rows=101)
    -> Index range scan on sbtest2 using PRIMARY over (8697513 <= id <= 8697613)  (cost=20.6 rows=101)


table 3 : explain SELECT id, c FROM sbtest3 WHERE id BETWEEN 8697513 AND 8697613
	-> Filter: (sbtest3.id between 8697513 and 8697613)  (cost=20.6 rows=101)
    -> Index range scan on sbtest3 using PRIMARY over (8697513 <= id <= 8697613)  (cost=20.6 rows=101)


table 4 : explain SELECT id, c FROM sbtest4 WHERE id BETWEEN 8697513 AND 8697613
	-> Filter: (sbtest4.id between 8697513 and 8697613)  (cost=20.6 rows=101)
    -> Index range scan on sbtest4 using PRIMARY over (8697513 <= id <= 8697613)  (cost=20.6 rows=101)


table 5 : explain SELECT id, c FROM sbtest5 WHERE id BETWEEN 8697513 AND 8697613
	-> Filter: (sbtest5.id between 8697513 and 8697613)  (cost=20.6 rows=101)
    -> Index range scan on sbtest5 using PRIMARY over (8697513 <= id <= 8697613)  (cost=20.6 rows=101)


table 6 : explain SELECT id, c FROM sbtest6 WHERE id BETWEEN 8697513 AND 8697613
	-> Filter: (sbtest6.id between 8697513 and 8697613)  (cost=20.6 rows=101)
    -> Index range scan on sbtest6 using PRIMARY over (8697513 <= id <= 8697613)  (cost=20.6 rows=101)


table 7 : explain SELECT id, c FROM sbtest7 WHERE id BETWEEN 8697513 AND 8697613
	-> Filter: (sbtest7.id between 8697513 and 8697613)  (cost=20.6 rows=101)
    -> Index range scan on sbtest7 using PRIMARY over (8697513 <= id <= 8697613)  (cost=20.6 rows=101)


table 8 : explain SELECT id, c FROM sbtest8 WHERE id BETWEEN 8697513 AND 8697613
	-> Filter: (sbtest8.id between 8697513 and 8697613)  (cost=20.6 rows=101)
    -> Index range scan on sbtest8 using PRIMARY over (8697513 <= id <= 8697613)  (cost=20.6 rows=101)


for range-notcovered
table 1 : explain SELECT id, c FROM sbtest1 WHERE id BETWEEN 2677039 AND 2677139
	-> Filter: (sbtest1.id between 2677039 and 2677139)  (cost=20.6 rows=101)
    -> Index range scan on sbtest1 using PRIMARY over (2677039 <= id <= 2677139)  (cost=20.6 rows=101)


table 2 : explain SELECT id, c FROM sbtest2 WHERE id BETWEEN 2677039 AND 2677139
	-> Filter: (sbtest2.id between 2677039 and 2677139)  (cost=20.6 rows=101)
    -> Index range scan on sbtest2 using PRIMARY over (2677039 <= id <= 2677139)  (cost=20.6 rows=101)


table 3 : explain SELECT id, c FROM sbtest3 WHERE id BETWEEN 2677039 AND 2677139
	-> Filter: (sbtest3.id between 2677039 and 2677139)  (cost=20.6 rows=101)
    -> Index range scan on sbtest3 using PRIMARY over (2677039 <= id <= 2677139)  (cost=20.6 rows=101)


table 4 : explain SELECT id, c FROM sbtest4 WHERE id BETWEEN 2677039 AND 2677139
	-> Filter: (sbtest4.id between 2677039 and 2677139)  (cost=20.6 rows=101)
    -> Index range scan on sbtest4 using PRIMARY over (2677039 <= id <= 2677139)  (cost=20.6 rows=101)


table 5 : explain SELECT id, c FROM sbtest5 WHERE id BETWEEN 2677039 AND 2677139
	-> Filter: (sbtest5.id between 2677039 and 2677139)  (cost=20.6 rows=101)
    -> Index range scan on sbtest5 using PRIMARY over (2677039 <= id <= 2677139)  (cost=20.6 rows=101)


table 6 : explain SELECT id, c FROM sbtest6 WHERE id BETWEEN 2677039 AND 2677139
	-> Filter: (sbtest6.id between 2677039 and 2677139)  (cost=20.6 rows=101)
    -> Index range scan on sbtest6 using PRIMARY over (2677039 <= id <= 2677139)  (cost=20.6 rows=101)


table 7 : explain SELECT id, c FROM sbtest7 WHERE id BETWEEN 2677039 AND 2677139
	-> Filter: (sbtest7.id between 2677039 and 2677139)  (cost=20.6 rows=101)
    -> Index range scan on sbtest7 using PRIMARY over (2677039 <= id <= 2677139)  (cost=20.6 rows=101)


table 8 : explain SELECT id, c FROM sbtest8 WHERE id BETWEEN 2677039 AND 2677139
	-> Filter: (sbtest8.id between 2677039 and 2677139)  (cost=20.6 rows=101)
    -> Index range scan on sbtest8 using PRIMARY over (2677039 <= id <= 2677139)  (cost=20.6 rows=101)

for range-notcovered
table 1 : explain SELECT id, c FROM sbtest1 WHERE id BETWEEN 4992126 AND 4992226
	-> Filter: (sbtest1.id between 4992126 and 4992226)  (cost=20.6 rows=101)
    -> Index range scan on sbtest1 using PRIMARY over (4992126 <= id <= 4992226)  (cost=20.6 rows=101)


table 2 : explain SELECT id, c FROM sbtest2 WHERE id BETWEEN 4992126 AND 4992226
	-> Filter: (sbtest2.id between 4992126 and 4992226)  (cost=20.6 rows=101)
    -> Index range scan on sbtest2 using PRIMARY over (4992126 <= id <= 4992226)  (cost=20.6 rows=101)


table 3 : explain SELECT id, c FROM sbtest3 WHERE id BETWEEN 4992126 AND 4992226
	-> Filter: (sbtest3.id between 4992126 and 4992226)  (cost=20.6 rows=101)
    -> Index range scan on sbtest3 using PRIMARY over (4992126 <= id <= 4992226)  (cost=20.6 rows=101)


table 4 : explain SELECT id, c FROM sbtest4 WHERE id BETWEEN 4992126 AND 4992226
	-> Filter: (sbtest4.id between 4992126 and 4992226)  (cost=20.6 rows=101)
    -> Index range scan on sbtest4 using PRIMARY over (4992126 <= id <= 4992226)  (cost=20.6 rows=101)


table 5 : explain SELECT id, c FROM sbtest5 WHERE id BETWEEN 4992126 AND 4992226
	-> Filter: (sbtest5.id between 4992126 and 4992226)  (cost=20.6 rows=101)
    -> Index range scan on sbtest5 using PRIMARY over (4992126 <= id <= 4992226)  (cost=20.6 rows=101)


table 6 : explain SELECT id, c FROM sbtest6 WHERE id BETWEEN 4992126 AND 4992226
	-> Filter: (sbtest6.id between 4992126 and 4992226)  (cost=20.6 rows=101)
    -> Index range scan on sbtest6 using PRIMARY over (4992126 <= id <= 4992226)  (cost=20.6 rows=101)


table 7 : explain SELECT id, c FROM sbtest7 WHERE id BETWEEN 4992126 AND 4992226
	-> Filter: (sbtest7.id between 4992126 and 4992226)  (cost=20.6 rows=101)
    -> Index range scan on sbtest7 using PRIMARY over (4992126 <= id <= 4992226)  (cost=20.6 rows=101)


table 8 : explain SELECT id, c FROM sbtest8 WHERE id BETWEEN 4992126 AND 4992226
	-> Filter: (sbtest8.id between 4992126 and 4992226)  (cost=20.6 rows=101)
    -> Index range scan on sbtest8 using PRIMARY over (4992126 <= id <= 4992226)  (cost=20.6 rows=101)




for range-notcovered
table 1 : explain SELECT id, c FROM sbtest1 WHERE id BETWEEN 6620110 AND 6620210
	-> Filter: (sbtest1.id between 6620110 and 6620210)  (cost=20.6 rows=101)
    -> Index range scan on sbtest1 using PRIMARY over (6620110 <= id <= 6620210)  (cost=20.6 rows=101)


table 2 : explain SELECT id, c FROM sbtest2 WHERE id BETWEEN 6620110 AND 6620210
	-> Filter: (sbtest2.id between 6620110 and 6620210)  (cost=20.6 rows=101)
    -> Index range scan on sbtest2 using PRIMARY over (6620110 <= id <= 6620210)  (cost=20.6 rows=101)


table 3 : explain SELECT id, c FROM sbtest3 WHERE id BETWEEN 6620110 AND 6620210
	-> Filter: (sbtest3.id between 6620110 and 6620210)  (cost=20.6 rows=101)
    -> Index range scan on sbtest3 using PRIMARY over (6620110 <= id <= 6620210)  (cost=20.6 rows=101)


table 4 : explain SELECT id, c FROM sbtest4 WHERE id BETWEEN 6620110 AND 6620210
	-> Filter: (sbtest4.id between 6620110 and 6620210)  (cost=20.6 rows=101)
    -> Index range scan on sbtest4 using PRIMARY over (6620110 <= id <= 6620210)  (cost=20.6 rows=101)


table 5 : explain SELECT id, c FROM sbtest5 WHERE id BETWEEN 6620110 AND 6620210
	-> Filter: (sbtest5.id between 6620110 and 6620210)  (cost=20.6 rows=101)
    -> Index range scan on sbtest5 using PRIMARY over (6620110 <= id <= 6620210)  (cost=20.6 rows=101)


table 6 : explain SELECT id, c FROM sbtest6 WHERE id BETWEEN 6620110 AND 6620210
	-> Filter: (sbtest6.id between 6620110 and 6620210)  (cost=20.6 rows=101)
    -> Index range scan on sbtest6 using PRIMARY over (6620110 <= id <= 6620210)  (cost=20.6 rows=101)


table 7 : explain SELECT id, c FROM sbtest7 WHERE id BETWEEN 6620110 AND 6620210
	-> Filter: (sbtest7.id between 6620110 and 6620210)  (cost=20.6 rows=101)
    -> Index range scan on sbtest7 using PRIMARY over (6620110 <= id <= 6620210)  (cost=20.6 rows=101)


table 8 : explain SELECT id, c FROM sbtest8 WHERE id BETWEEN 6620110 AND 6620210
	-> Filter: (sbtest8.id between 6620110 and 6620210)  (cost=20.6 rows=101)
    -> Index range scan on sbtest8 using PRIMARY over (6620110 <= id <= 6620210)  (cost=20.6 rows=101)


for range-notcovered
table 1 : explain SELECT id, c FROM sbtest1 WHERE id BETWEEN 3730450 AND 3730550
	-> Filter: (sbtest1.id between 3730450 and 3730550)  (cost=20.6 rows=101)
    -> Index range scan on sbtest1 using PRIMARY over (3730450 <= id <= 3730550)  (cost=20.6 rows=101)


table 2 : explain SELECT id, c FROM sbtest2 WHERE id BETWEEN 3730450 AND 3730550
	-> Filter: (sbtest2.id between 3730450 and 3730550)  (cost=20.6 rows=101)
    -> Index range scan on sbtest2 using PRIMARY over (3730450 <= id <= 3730550)  (cost=20.6 rows=101)


table 3 : explain SELECT id, c FROM sbtest3 WHERE id BETWEEN 3730450 AND 3730550
	-> Filter: (sbtest3.id between 3730450 and 3730550)  (cost=20.6 rows=101)
    -> Index range scan on sbtest3 using PRIMARY over (3730450 <= id <= 3730550)  (cost=20.6 rows=101)


table 4 : explain SELECT id, c FROM sbtest4 WHERE id BETWEEN 3730450 AND 3730550
	-> Filter: (sbtest4.id between 3730450 and 3730550)  (cost=20.6 rows=101)
    -> Index range scan on sbtest4 using PRIMARY over (3730450 <= id <= 3730550)  (cost=20.6 rows=101)


table 5 : explain SELECT id, c FROM sbtest5 WHERE id BETWEEN 3730450 AND 3730550
	-> Filter: (sbtest5.id between 3730450 and 3730550)  (cost=20.6 rows=101)
    -> Index range scan on sbtest5 using PRIMARY over (3730450 <= id <= 3730550)  (cost=20.6 rows=101)


table 6 : explain SELECT id, c FROM sbtest6 WHERE id BETWEEN 3730450 AND 3730550
	-> Filter: (sbtest6.id between 3730450 and 3730550)  (cost=20.6 rows=101)
    -> Index range scan on sbtest6 using PRIMARY over (3730450 <= id <= 3730550)  (cost=20.6 rows=101)


table 7 : explain SELECT id, c FROM sbtest7 WHERE id BETWEEN 3730450 AND 3730550
	-> Filter: (sbtest7.id between 3730450 and 3730550)  (cost=20.6 rows=101)
    -> Index range scan on sbtest7 using PRIMARY over (3730450 <= id <= 3730550)  (cost=20.6 rows=101)


table 8 : explain SELECT id, c FROM sbtest8 WHERE id BETWEEN 3730450 AND 3730550
	-> Filter: (sbtest8.id between 3730450 and 3730550)  (cost=20.6 rows=101)
    -> Index range scan on sbtest8 using PRIMARY over (3730450 <= id <= 3730550)  (cost=20.6 rows=101)


explain: for range-notcovered :: explain SELECT id, c FROM sbtest%d WHERE id BETWEEN 8697513 AND 8697613
explain: for range-notcovered :: explain SELECT id, c FROM sbtest%d WHERE id BETWEEN 2798754 AND 2798854
explain: for range-notcovered :: explain SELECT id, c FROM sbtest%d WHERE id BETWEEN 8773081 AND 8773181for range-notcovered
table 1 : explain SELECT id, c FROM sbtest1 WHERE id BETWEEN 7378558 AND 7378658
	-> Filter: (sbtest1.id between 7378558 and 7378658)  (cost=20.6 rows=101)
    -> Index range scan on sbtest1 using PRIMARY over (7378558 <= id <= 7378658)  (cost=20.6 rows=101)


table 2 : explain SELECT id, c FROM sbtest2 WHERE id BETWEEN 7378558 AND 7378658
	-> Filter: (sbtest2.id between 7378558 and 7378658)  (cost=20.6 rows=101)
    -> Index range scan on sbtest2 using PRIMARY over (7378558 <= id <= 7378658)  (cost=20.6 rows=101)


table 3 : explain SELECT id, c FROM sbtest3 WHERE id BETWEEN 7378558 AND 7378658
	-> Filter: (sbtest3.id between 7378558 and 7378658)  (cost=20.6 rows=101)
    -> Index range scan on sbtest3 using PRIMARY over (7378558 <= id <= 7378658)  (cost=20.6 rows=101)


table 4 : explain SELECT id, c FROM sbtest4 WHERE id BETWEEN 7378558 AND 7378658
	-> Filter: (sbtest4.id between 7378558 and 7378658)  (cost=20.6 rows=101)
    -> Index range scan on sbtest4 using PRIMARY over (7378558 <= id <= 7378658)  (cost=20.6 rows=101)


table 5 : explain SELECT id, c FROM sbtest5 WHERE id BETWEEN 7378558 AND 7378658
	-> Filter: (sbtest5.id between 7378558 and 7378658)  (cost=20.6 rows=101)
    -> Index range scan on sbtest5 using PRIMARY over (7378558 <= id <= 7378658)  (cost=20.6 rows=101)


table 6 : explain SELECT id, c FROM sbtest6 WHERE id BETWEEN 7378558 AND 7378658
	-> Filter: (sbtest6.id between 7378558 and 7378658)  (cost=20.6 rows=101)
    -> Index range scan on sbtest6 using PRIMARY over (7378558 <= id <= 7378658)  (cost=20.6 rows=101)


table 7 : explain SELECT id, c FROM sbtest7 WHERE id BETWEEN 7378558 AND 7378658
	-> Filter: (sbtest7.id between 7378558 and 7378658)  (cost=20.6 rows=101)
    -> Index range scan on sbtest7 using PRIMARY over (7378558 <= id <= 7378658)  (cost=20.6 rows=101)


table 8 : explain SELECT id, c FROM sbtest8 WHERE id BETWEEN 7378558 AND 7378658
	-> Filter: (sbtest8.id between 7378558 and 7378658)  (cost=20.6 rows=101)
    -> Index range scan on sbtest8 using PRIMARY over (7378558 <= id <= 7378658)  (cost=20.6 rows=101)


explain: for range-notcovered :: explain SELECT id, c FROM sbtest%d WHERE id BETWEEN 4567750 AND 4567850explain: for range-notcovered :: explain SELECT id, c FROM sbtest%d WHERE id BETWEEN 4992126 AND 4992226explain: for range-notcovered :: explain SELECT id, c FROM sbtest%d WHERE id BETWEEN 5027690 AND 5027790
explain: for range-notcovered :: explain SELECT id, c FROM sbtest%d WHERE id BETWEEN 4339851 AND 4339951
explain: for range-notcovered :: explain SELECT id, c FROM sbtest%d WHERE id BETWEEN 6620110 AND 6620210

for range-notcovered
table 1 : explain SELECT id, c FROM sbtest1 WHERE id BETWEEN 8460869 AND 8460969
	-> Filter: (sbtest1.id between 8460869 and 8460969)  (cost=20.6 rows=101)
    -> Index range scan on sbtest1 using PRIMARY over (8460869 <= id <= 8460969)  (cost=20.6 rows=101)


table 2 : explain SELECT id, c FROM sbtest2 WHERE id BETWEEN 8460869 AND 8460969
	-> Filter: (sbtest2.id between 8460869 and 8460969)  (cost=20.6 rows=101)
    -> Index range scan on sbtest2 using PRIMARY over (8460869 <= id <= 8460969)  (cost=20.6 rows=101)


table 3 : explain SELECT id, c FROM sbtest3 WHERE id BETWEEN 8460869 AND 8460969
	-> Filter: (sbtest3.id between 8460869 and 8460969)  (cost=20.6 rows=101)
    -> Index range scan on sbtest3 using PRIMARY over (8460869 <= id <= 8460969)  (cost=20.6 rows=101)


table 4 : explain SELECT id, c FROM sbtest4 WHERE id BETWEEN 8460869 AND 8460969
	-> Filter: (sbtest4.id between 8460869 and 8460969)  (cost=20.6 rows=101)
    -> Index range scan on sbtest4 using PRIMARY over (8460869 <= id <= 8460969)  (cost=20.6 rows=101)


table 5 : explain SELECT id, c FROM sbtest5 WHERE id BETWEEN 8460869 AND 8460969
	-> Filter: (sbtest5.id between 8460869 and 8460969)  (cost=20.6 rows=101)
    -> Index range scan on sbtest5 using PRIMARY over (8460869 <= id <= 8460969)  (cost=20.6 rows=101)


table 6 : explain SELECT id, c FROM sbtest6 WHERE id BETWEEN 8460869 AND 8460969
	-> Filter: (sbtest6.id between 8460869 and 8460969)  (cost=20.6 rows=101)
    -> Index range scan on sbtest6 using PRIMARY over (8460869 <= id <= 8460969)  (cost=20.6 rows=101)


table 7 : explain SELECT id, c FROM sbtest7 WHERE id BETWEEN 8460869 AND 8460969
	-> Filter: (sbtest7.id between 8460869 and 8460969)  (cost=20.6 rows=101)
    -> Index range scan on sbtest7 using PRIMARY over (8460869 <= id <= 8460969)  (cost=20.6 rows=101)


table 8 : explain SELECT id, c FROM sbtest8 WHERE id BETWEEN 8460869 AND 8460969
	-> Filter: (sbtest8.id between 8460869 and 8460969)  (cost=20.6 rows=101)
    -> Index range scan on sbtest8 using PRIMARY over (8460869 <= id <= 8460969)  (cost=20.6 rows=101)

for range-notcovered
table 1 : explain SELECT id, c FROM sbtest1 WHERE id BETWEEN 3603238 AND 3603338
	-> Filter: (sbtest1.id between 3603238 and 3603338)  (cost=20.6 rows=101)
    -> Index range scan on sbtest1 using PRIMARY over (3603238 <= id <= 3603338)  (cost=20.6 rows=101)


table 2 : explain SELECT id, c FROM sbtest2 WHERE id BETWEEN 3603238 AND 3603338
	-> Filter: (sbtest2.id between 3603238 and 3603338)  (cost=20.6 rows=101)
    -> Index range scan on sbtest2 using PRIMARY over (3603238 <= id <= 3603338)  (cost=20.6 rows=101)


table 3 : explain SELECT id, c FROM sbtest3 WHERE id BETWEEN 3603238 AND 3603338
	-> Filter: (sbtest3.id between 3603238 and 3603338)  (cost=20.6 rows=101)
    -> Index range scan on sbtest3 using PRIMARY over (3603238 <= id <= 3603338)  (cost=20.6 rows=101)


table 4 : explain SELECT id, c FROM sbtest4 WHERE id BETWEEN 3603238 AND 3603338
	-> Filter: (sbtest4.id between 3603238 and 3603338)  (cost=20.6 rows=101)
    -> Index range scan on sbtest4 using PRIMARY over (3603238 <= id <= 3603338)  (cost=20.6 rows=101)


table 5 : explain SELECT id, c FROM sbtest5 WHERE id BETWEEN 3603238 AND 3603338
	-> Filter: (sbtest5.id between 3603238 and 3603338)  (cost=20.6 rows=101)
    -> Index range scan on sbtest5 using PRIMARY over (3603238 <= id <= 3603338)  (cost=20.6 rows=101)


table 6 : explain SELECT id, c FROM sbtest6 WHERE id BETWEEN 3603238 AND 3603338
	-> Filter: (sbtest6.id between 3603238 and 3603338)  (cost=20.6 rows=101)
    -> Index range scan on sbtest6 using PRIMARY over (3603238 <= id <= 3603338)  (cost=20.6 rows=101)


table 7 : explain SELECT id, c FROM sbtest7 WHERE id BETWEEN 3603238 AND 3603338
	-> Filter: (sbtest7.id between 3603238 and 3603338)  (cost=20.6 rows=101)
    -> Index range scan on sbtest7 using PRIMARY over (3603238 <= id <= 3603338)  (cost=20.6 rows=101)


table 8 : explain SELECT id, c FROM sbtest8 WHERE id BETWEEN 3603238 AND 3603338
	-> Filter: (sbtest8.id between 3603238 and 3603338)  (cost=20.6 rows=101)
    -> Index range scan on sbtest8 using PRIMARY over (3603238 <= id <= 3603338)  (cost=20.6 rows=101)

explain: for range-notcovered :: explain SELECT id, c FROM sbtest%d WHERE id BETWEEN 7378558 AND 7378658

explain: for range-notcovered :: explain SELECT id, c FROM sbtest%d WHERE id BETWEEN 3730450 AND 3730550

for range-notcovered
table 1 : explain SELECT id, c FROM sbtest1 WHERE id BETWEEN 5652495 AND 5652595
	-> Filter: (sbtest1.id between 5652495 and 5652595)  (cost=20.6 rows=101)
    -> Index range scan on sbtest1 using PRIMARY over (5652495 <= id <= 5652595)  (cost=20.6 rows=101)


table 2 : explain SELECT id, c FROM sbtest2 WHERE id BETWEEN 5652495 AND 5652595
	-> Filter: (sbtest2.id between 5652495 and 5652595)  (cost=20.6 rows=101)
    -> Index range scan on sbtest2 using PRIMARY over (5652495 <= id <= 5652595)  (cost=20.6 rows=101)


table 3 : explain SELECT id, c FROM sbtest3 WHERE id BETWEEN 5652495 AND 5652595
	-> Filter: (sbtest3.id between 5652495 and 5652595)  (cost=20.6 rows=101)
    -> Index range scan on sbtest3 using PRIMARY over (5652495 <= id <= 5652595)  (cost=20.6 rows=101)


table 4 : explain SELECT id, c FROM sbtest4 WHERE id BETWEEN 5652495 AND 5652595
	-> Filter: (sbtest4.id between 5652495 and 5652595)  (cost=20.6 rows=101)
    -> Index range scan on sbtest4 using PRIMARY over (5652495 <= id <= 5652595)  (cost=20.6 rows=101)


table 5 : explain SELECT id, c FROM sbtest5 WHERE id BETWEEN 5652495 AND 5652595
	-> Filter: (sbtest5.id between 5652495 and 5652595)  (cost=20.6 rows=101)
    -> Index range scan on sbtest5 using PRIMARY over (5652495 <= id <= 5652595)  (cost=20.6 rows=101)


table 6 : explain SELECT id, c FROM sbtest6 WHERE id BETWEEN 5652495 AND 5652595
	-> Filter: (sbtest6.id between 5652495 and 5652595)  (cost=20.6 rows=101)
    -> Index range scan on sbtest6 using PRIMARY over (5652495 <= id <= 5652595)  (cost=20.6 rows=101)


table 7 : explain SELECT id, c FROM sbtest7 WHERE id BETWEEN 5652495 AND 5652595
	-> Filter: (sbtest7.id between 5652495 and 5652595)  (cost=20.6 rows=101)
    -> Index range scan on sbtest7 using PRIMARY over (5652495 <= id <= 5652595)  (cost=20.6 rows=101)


table 8 : explain SELECT id, c FROM sbtest8 WHERE id BETWEEN 5652495 AND 5652595
	-> Filter: (sbtest8.id between 5652495 and 5652595)  (cost=20.6 rows=101)
    -> Index range scan on sbtest8 using PRIMARY over (5652495 <= id <= 5652595)  (cost=20.6 rows=101)

explain: for range-notcovered :: explain SELECT id, c FROM sbtest%d WHERE id BETWEEN 6876452 AND 6876552



for range-notcovered
table 1 : explain SELECT id, c FROM sbtest1 WHERE id BETWEEN 5767498 AND 5767598
	-> Filter: (sbtest1.id between 5767498 and 5767598)  (cost=20.6 rows=101)
    -> Index range scan on sbtest1 using PRIMARY over (5767498 <= id <= 5767598)  (cost=20.6 rows=101)


table 2 : explain SELECT id, c FROM sbtest2 WHERE id BETWEEN 5767498 AND 5767598
	-> Filter: (sbtest2.id between 5767498 and 5767598)  (cost=20.6 rows=101)
    -> Index range scan on sbtest2 using PRIMARY over (5767498 <= id <= 5767598)  (cost=20.6 rows=101)


table 3 : explain SELECT id, c FROM sbtest3 WHERE id BETWEEN 5767498 AND 5767598
	-> Filter: (sbtest3.id between 5767498 and 5767598)  (cost=20.6 rows=101)
    -> Index range scan on sbtest3 using PRIMARY over (5767498 <= id <= 5767598)  (cost=20.6 rows=101)


table 4 : explain SELECT id, c FROM sbtest4 WHERE id BETWEEN 5767498 AND 5767598
	-> Filter: (sbtest4.id between 5767498 and 5767598)  (cost=20.6 rows=101)
    -> Index range scan on sbtest4 using PRIMARY over (5767498 <= id <= 5767598)  (cost=20.6 rows=101)


table 5 : explain SELECT id, c FROM sbtest5 WHERE id BETWEEN 5767498 AND 5767598
	-> Filter: (sbtest5.id between 5767498 and 5767598)  (cost=20.6 rows=101)
    -> Index range scan on sbtest5 using PRIMARY over (5767498 <= id <= 5767598)  (cost=20.6 rows=101)


table 6 : explain SELECT id, c FROM sbtest6 WHERE id BETWEEN 5767498 AND 5767598
	-> Filter: (sbtest6.id between 5767498 and 5767598)  (cost=20.6 rows=101)
    -> Index range scan on sbtest6 using PRIMARY over (5767498 <= id <= 5767598)  (cost=20.6 rows=101)


table 7 : explain SELECT id, c FROM sbtest7 WHERE id BETWEEN 5767498 AND 5767598
	-> Filter: (sbtest7.id between 5767498 and 5767598)  (cost=20.6 rows=101)
    -> Index range scan on sbtest7 using PRIMARY over (5767498 <= id <= 5767598)  (cost=20.6 rows=101)


table 8 : explain SELECT id, c FROM sbtest8 WHERE id BETWEEN 5767498 AND 5767598
	-> Filter: (sbtest8.id between 5767498 and 5767598)  (cost=20.6 rows=101)
    -> Index range scan on sbtest8 using PRIMARY over (5767498 <= id <= 5767598)  (cost=20.6 rows=101)


for range-notcovered
table 1 : explain SELECT id, c FROM sbtest1 WHERE id BETWEEN 7956413 AND 7956513
	-> Filter: (sbtest1.id between 7956413 and 7956513)  (cost=20.6 rows=101)
    -> Index range scan on sbtest1 using PRIMARY over (7956413 <= id <= 7956513)  (cost=20.6 rows=101)


table 2 : explain SELECT id, c FROM sbtest2 WHERE id BETWEEN 7956413 AND 7956513
	-> Filter: (sbtest2.id between 7956413 and 7956513)  (cost=20.6 rows=101)
    -> Index range scan on sbtest2 using PRIMARY over (7956413 <= id <= 7956513)  (cost=20.6 rows=101)


table 3 : explain SELECT id, c FROM sbtest3 WHERE id BETWEEN 7956413 AND 7956513
	-> Filter: (sbtest3.id between 7956413 and 7956513)  (cost=20.6 rows=101)
    -> Index range scan on sbtest3 using PRIMARY over (7956413 <= id <= 7956513)  (cost=20.6 rows=101)


table 4 : explain SELECT id, c FROM sbtest4 WHERE id BETWEEN 7956413 AND 7956513
	-> Filter: (sbtest4.id between 7956413 and 7956513)  (cost=20.6 rows=101)
    -> Index range scan on sbtest4 using PRIMARY over (7956413 <= id <= 7956513)  (cost=20.6 rows=101)


table 5 : explain SELECT id, c FROM sbtest5 WHERE id BETWEEN 7956413 AND 7956513
	-> Filter: (sbtest5.id between 7956413 and 7956513)  (cost=20.6 rows=101)
    -> Index range scan on sbtest5 using PRIMARY over (7956413 <= id <= 7956513)  (cost=20.6 rows=101)


table 6 : explain SELECT id, c FROM sbtest6 WHERE id BETWEEN 7956413 AND 7956513
	-> Filter: (sbtest6.id between 7956413 and 7956513)  (cost=20.6 rows=101)
    -> Index range scan on sbtest6 using PRIMARY over (7956413 <= id <= 7956513)  (cost=20.6 rows=101)


table 7 : explain SELECT id, c FROM sbtest7 WHERE id BETWEEN 7956413 AND 7956513
	-> Filter: (sbtest7.id between 7956413 and 7956513)  (cost=20.6 rows=101)
    -> Index range scan on sbtest7 using PRIMARY over (7956413 <= id <= 7956513)  (cost=20.6 rows=101)


table 8 : explain SELECT id, c FROM sbtest8 WHERE id BETWEEN 7956413 AND 7956513
	-> Filter: (sbtest8.id between 7956413 and 7956513)  (cost=20.6 rows=101)
    -> Index range scan on sbtest8 using PRIMARY over (7956413 <= id <= 7956513)  (cost=20.6 rows=101)


explain: for range-notcovered :: explain SELECT id, c FROM sbtest%d WHERE id BETWEEN 2677039 AND 2677139
for range-notcovered
table 1 : explain SELECT id, c FROM sbtest1 WHERE id BETWEEN 7021492 AND 7021592
	-> Filter: (sbtest1.id between 7021492 and 7021592)  (cost=20.6 rows=101)
    -> Index range scan on sbtest1 using PRIMARY over (7021492 <= id <= 7021592)  (cost=20.6 rows=101)


table 2 : explain SELECT id, c FROM sbtest2 WHERE id BETWEEN 7021492 AND 7021592
	-> Filter: (sbtest2.id between 7021492 and 7021592)  (cost=20.6 rows=101)
    -> Index range scan on sbtest2 using PRIMARY over (7021492 <= id <= 7021592)  (cost=20.6 rows=101)


table 3 : explain SELECT id, c FROM sbtest3 WHERE id BETWEEN 7021492 AND 7021592
	-> Filter: (sbtest3.id between 7021492 and 7021592)  (cost=20.6 rows=101)
    -> Index range scan on sbtest3 using PRIMARY over (7021492 <= id <= 7021592)  (cost=20.6 rows=101)


table 4 : explain SELECT id, c FROM sbtest4 WHERE id BETWEEN 7021492 AND 7021592
	-> Filter: (sbtest4.id between 7021492 and 7021592)  (cost=20.6 rows=101)
    -> Index range scan on sbtest4 using PRIMARY over (7021492 <= id <= 7021592)  (cost=20.6 rows=101)


table 5 : explain SELECT id, c FROM sbtest5 WHERE id BETWEEN 7021492 AND 7021592
	-> Filter: (sbtest5.id between 7021492 and 7021592)  (cost=20.6 rows=101)
    -> Index range scan on sbtest5 using PRIMARY over (7021492 <= id <= 7021592)  (cost=20.6 rows=101)


table 6 : explain SELECT id, c FROM sbtest6 WHERE id BETWEEN 7021492 AND 7021592
	-> Filter: (sbtest6.id between 7021492 and 7021592)  (cost=20.6 rows=101)
    -> Index range scan on sbtest6 using PRIMARY over (7021492 <= id <= 7021592)  (cost=20.6 rows=101)


table 7 : explain SELECT id, c FROM sbtest7 WHERE id BETWEEN 7021492 AND 7021592
	-> Filter: (sbtest7.id between 7021492 and 7021592)  (cost=20.6 rows=101)
    -> Index range scan on sbtest7 using PRIMARY over (7021492 <= id <= 7021592)  (cost=20.6 rows=101)


table 8 : explain SELECT id, c FROM sbtest8 WHERE id BETWEEN 7021492 AND 7021592
	-> Filter: (sbtest8.id between 7021492 and 7021592)  (cost=20.6 rows=101)
    -> Index range scan on sbtest8 using PRIMARY over (7021492 <= id <= 7021592)  (cost=20.6 rows=101)

for range-notcovered
table 1 : explain SELECT id, c FROM sbtest1 WHERE id BETWEEN 7869894 AND 7869994
	-> Filter: (sbtest1.id between 7869894 and 7869994)  (cost=20.6 rows=101)
    -> Index range scan on sbtest1 using PRIMARY over (7869894 <= id <= 7869994)  (cost=20.6 rows=101)


table 2 : explain SELECT id, c FROM sbtest2 WHERE id BETWEEN 7869894 AND 7869994
	-> Filter: (sbtest2.id between 7869894 and 7869994)  (cost=20.6 rows=101)
    -> Index range scan on sbtest2 using PRIMARY over (7869894 <= id <= 7869994)  (cost=20.6 rows=101)


table 3 : explain SELECT id, c FROM sbtest3 WHERE id BETWEEN 7869894 AND 7869994
	-> Filter: (sbtest3.id between 7869894 and 7869994)  (cost=20.6 rows=101)
    -> Index range scan on sbtest3 using PRIMARY over (7869894 <= id <= 7869994)  (cost=20.6 rows=101)


table 4 : explain SELECT id, c FROM sbtest4 WHERE id BETWEEN 7869894 AND 7869994
	-> Filter: (sbtest4.id between 7869894 and 7869994)  (cost=20.6 rows=101)
    -> Index range scan on sbtest4 using PRIMARY over (7869894 <= id <= 7869994)  (cost=20.6 rows=101)


table 5 : explain SELECT id, c FROM sbtest5 WHERE id BETWEEN 7869894 AND 7869994
	-> Filter: (sbtest5.id between 7869894 and 7869994)  (cost=20.6 rows=101)
    -> Index range scan on sbtest5 using PRIMARY over (7869894 <= id <= 7869994)  (cost=20.6 rows=101)


table 6 : explain SELECT id, c FROM sbtest6 WHERE id BETWEEN 7869894 AND 7869994
	-> Filter: (sbtest6.id between 7869894 and 7869994)  (cost=20.6 rows=101)
    -> Index range scan on sbtest6 using PRIMARY over (7869894 <= id <= 7869994)  (cost=20.6 rows=101)


table 7 : explain SELECT id, c FROM sbtest7 WHERE id BETWEEN 7869894 AND 7869994
	-> Filter: (sbtest7.id between 7869894 and 7869994)  (cost=20.6 rows=101)
    -> Index range scan on sbtest7 using PRIMARY over (7869894 <= id <= 7869994)  (cost=20.6 rows=101)


table 8 : explain SELECT id, c FROM sbtest8 WHERE id BETWEEN 7869894 AND 7869994
	-> Filter: (sbtest8.id between 7869894 and 7869994)  (cost=20.6 rows=101)
    -> Index range scan on sbtest8 using PRIMARY over (7869894 <= id <= 7869994)  (cost=20.6 rows=101)


for range-notcovered
table 1 : explain SELECT id, c FROM sbtest1 WHERE id BETWEEN 8363538 AND 8363638
	-> Filter: (sbtest1.id between 8363538 and 8363638)  (cost=20.6 rows=101)
    -> Index range scan on sbtest1 using PRIMARY over (8363538 <= id <= 8363638)  (cost=20.6 rows=101)


table 2 : explain SELECT id, c FROM sbtest2 WHERE id BETWEEN 8363538 AND 8363638
	-> Filter: (sbtest2.id between 8363538 and 8363638)  (cost=20.6 rows=101)
    -> Index range scan on sbtest2 using PRIMARY over (8363538 <= id <= 8363638)  (cost=20.6 rows=101)


table 3 : explain SELECT id, c FROM sbtest3 WHERE id BETWEEN 8363538 AND 8363638
	-> Filter: (sbtest3.id between 8363538 and 8363638)  (cost=20.6 rows=101)
    -> Index range scan on sbtest3 using PRIMARY over (8363538 <= id <= 8363638)  (cost=20.6 rows=101)


table 4 : explain SELECT id, c FROM sbtest4 WHERE id BETWEEN 8363538 AND 8363638
	-> Filter: (sbtest4.id between 8363538 and 8363638)  (cost=20.6 rows=101)
    -> Index range scan on sbtest4 using PRIMARY over (8363538 <= id <= 8363638)  (cost=20.6 rows=101)


table 5 : explain SELECT id, c FROM sbtest5 WHERE id BETWEEN 8363538 AND 8363638
	-> Filter: (sbtest5.id between 8363538 and 8363638)  (cost=20.6 rows=101)
    -> Index range scan on sbtest5 using PRIMARY over (8363538 <= id <= 8363638)  (cost=20.6 rows=101)


table 6 : explain SELECT id, c FROM sbtest6 WHERE id BETWEEN 8363538 AND 8363638
	-> Filter: (sbtest6.id between 8363538 and 8363638)  (cost=20.6 rows=101)
    -> Index range scan on sbtest6 using PRIMARY over (8363538 <= id <= 8363638)  (cost=20.6 rows=101)


table 7 : explain SELECT id, c FROM sbtest7 WHERE id BETWEEN 8363538 AND 8363638
	-> Filter: (sbtest7.id between 8363538 and 8363638)  (cost=20.6 rows=101)
    -> Index range scan on sbtest7 using PRIMARY over (8363538 <= id <= 8363638)  (cost=20.6 rows=101)


table 8 : explain SELECT id, c FROM sbtest8 WHERE id BETWEEN 8363538 AND 8363638
	-> Filter: (sbtest8.id between 8363538 and 8363638)  (cost=20.6 rows=101)
    -> Index range scan on sbtest8 using PRIMARY over (8363538 <= id <= 8363638)  (cost=20.6 rows=101)


explain: for range-notcovered :: explain SELECT id, c FROM sbtest%d WHERE id BETWEEN 3603238 AND 3603338explain: for range-notcovered :: explain SELECT id, c FROM sbtest%d WHERE id BETWEEN 4270236 AND 4270336for range-notcovered
table 1 : explain SELECT id, c FROM sbtest1 WHERE id BETWEEN 7208830 AND 7208930
	-> Filter: (sbtest1.id between 7208830 and 7208930)  (cost=20.6 rows=101)
    -> Index range scan on sbtest1 using PRIMARY over (7208830 <= id <= 7208930)  (cost=20.6 rows=101)


table 2 : explain SELECT id, c FROM sbtest2 WHERE id BETWEEN 7208830 AND 7208930
	-> Filter: (sbtest2.id between 7208830 and 7208930)  (cost=20.6 rows=101)
    -> Index range scan on sbtest2 using PRIMARY over (7208830 <= id <= 7208930)  (cost=20.6 rows=101)


table 3 : explain SELECT id, c FROM sbtest3 WHERE id BETWEEN 7208830 AND 7208930
	-> Filter: (sbtest3.id between 7208830 and 7208930)  (cost=20.6 rows=101)
    -> Index range scan on sbtest3 using PRIMARY over (7208830 <= id <= 7208930)  (cost=20.6 rows=101)


table 4 : explain SELECT id, c FROM sbtest4 WHERE id BETWEEN 7208830 AND 7208930
	-> Filter: (sbtest4.id between 7208830 and 7208930)  (cost=20.6 rows=101)
    -> Index range scan on sbtest4 using PRIMARY over (7208830 <= id <= 7208930)  (cost=20.6 rows=101)


table 5 : explain SELECT id, c FROM sbtest5 WHERE id BETWEEN 7208830 AND 7208930
	-> Filter: (sbtest5.id between 7208830 and 7208930)  (cost=20.6 rows=101)
    -> Index range scan on sbtest5 using PRIMARY over (7208830 <= id <= 7208930)  (cost=20.6 rows=101)


table 6 : explain SELECT id, c FROM sbtest6 WHERE id BETWEEN 7208830 AND 7208930
	-> Filter: (sbtest6.id between 7208830 and 7208930)  (cost=20.6 rows=101)
    -> Index range scan on sbtest6 using PRIMARY over (7208830 <= id <= 7208930)  (cost=20.6 rows=101)


table 7 : explain SELECT id, c FROM sbtest7 WHERE id BETWEEN 7208830 AND 7208930
	-> Filter: (sbtest7.id between 7208830 and 7208930)  (cost=20.6 rows=101)
    -> Index range scan on sbtest7 using PRIMARY over (7208830 <= id <= 7208930)  (cost=20.6 rows=101)


table 8 : explain SELECT id, c FROM sbtest8 WHERE id BETWEEN 7208830 AND 7208930
	-> Filter: (sbtest8.id between 7208830 and 7208930)  (cost=20.6 rows=101)
    -> Index range scan on sbtest8 using PRIMARY over (7208830 <= id <= 7208930)  (cost=20.6 rows=101)


explain: for range-notcovered :: explain SELECT id, c FROM sbtest%d WHERE id BETWEEN 5767498 AND 5767598

explain: for range-notcovered :: explain SELECT id, c FROM sbtest%d WHERE id BETWEEN 7956413 AND 7956513
explain: for range-notcovered :: explain SELECT id, c FROM sbtest%d WHERE id BETWEEN 8363538 AND 8363638

explain: for range-notcovered :: explain SELECT id, c FROM sbtest%d WHERE id BETWEEN 7208830 AND 7208930
for range-notcovered
table 1 : explain SELECT id, c FROM sbtest1 WHERE id BETWEEN 9018896 AND 9018996
	-> Filter: (sbtest1.id between 9018896 and 9018996)  (cost=20.6 rows=101)
    -> Index range scan on sbtest1 using PRIMARY over (9018896 <= id <= 9018996)  (cost=20.6 rows=101)


table 2 : explain SELECT id, c FROM sbtest2 WHERE id BETWEEN 9018896 AND 9018996
	-> Filter: (sbtest2.id between 9018896 and 9018996)  (cost=20.6 rows=101)
    -> Index range scan on sbtest2 using PRIMARY over (9018896 <= id <= 9018996)  (cost=20.6 rows=101)


table 3 : explain SELECT id, c FROM sbtest3 WHERE id BETWEEN 9018896 AND 9018996
	-> Filter: (sbtest3.id between 9018896 and 9018996)  (cost=20.6 rows=101)
    -> Index range scan on sbtest3 using PRIMARY over (9018896 <= id <= 9018996)  (cost=20.6 rows=101)


table 4 : explain SELECT id, c FROM sbtest4 WHERE id BETWEEN 9018896 AND 9018996
	-> Filter: (sbtest4.id between 9018896 and 9018996)  (cost=20.6 rows=101)
    -> Index range scan on sbtest4 using PRIMARY over (9018896 <= id <= 9018996)  (cost=20.6 rows=101)


table 5 : explain SELECT id, c FROM sbtest5 WHERE id BETWEEN 9018896 AND 9018996
	-> Filter: (sbtest5.id between 9018896 and 9018996)  (cost=20.6 rows=101)
    -> Index range scan on sbtest5 using PRIMARY over (9018896 <= id <= 9018996)  (cost=20.6 rows=101)


table 6 : explain SELECT id, c FROM sbtest6 WHERE id BETWEEN 9018896 AND 9018996
	-> Filter: (sbtest6.id between 9018896 and 9018996)  (cost=20.6 rows=101)
    -> Index range scan on sbtest6 using PRIMARY over (9018896 <= id <= 9018996)  (cost=20.6 rows=101)


table 7 : explain SELECT id, c FROM sbtest7 WHERE id BETWEEN 9018896 AND 9018996
	-> Filter: (sbtest7.id between 9018896 and 9018996)  (cost=20.6 rows=101)
    -> Index range scan on sbtest7 using PRIMARY over (9018896 <= id <= 9018996)  (cost=20.6 rows=101)


table 8 : explain SELECT id, c FROM sbtest8 WHERE id BETWEEN 9018896 AND 9018996
	-> Filter: (sbtest8.id between 9018896 and 9018996)  (cost=20.6 rows=101)
    -> Index range scan on sbtest8 using PRIMARY over (9018896 <= id <= 9018996)  (cost=20.6 rows=101)


for range-notcovered
table 1 : explain SELECT id, c FROM sbtest1 WHERE id BETWEEN 9392832 AND 9392932
	-> Filter: (sbtest1.id between 9392832 and 9392932)  (cost=20.6 rows=101)
    -> Index range scan on sbtest1 using PRIMARY over (9392832 <= id <= 9392932)  (cost=20.6 rows=101)


table 2 : explain SELECT id, c FROM sbtest2 WHERE id BETWEEN 9392832 AND 9392932
	-> Filter: (sbtest2.id between 9392832 and 9392932)  (cost=20.6 rows=101)
    -> Index range scan on sbtest2 using PRIMARY over (9392832 <= id <= 9392932)  (cost=20.6 rows=101)


table 3 : explain SELECT id, c FROM sbtest3 WHERE id BETWEEN 9392832 AND 9392932
	-> Filter: (sbtest3.id between 9392832 and 9392932)  (cost=20.6 rows=101)
    -> Index range scan on sbtest3 using PRIMARY over (9392832 <= id <= 9392932)  (cost=20.6 rows=101)


table 4 : explain SELECT id, c FROM sbtest4 WHERE id BETWEEN 9392832 AND 9392932
	-> Filter: (sbtest4.id between 9392832 and 9392932)  (cost=20.6 rows=101)
    -> Index range scan on sbtest4 using PRIMARY over (9392832 <= id <= 9392932)  (cost=20.6 rows=101)


table 5 : explain SELECT id, c FROM sbtest5 WHERE id BETWEEN 9392832 AND 9392932
	-> Filter: (sbtest5.id between 9392832 and 9392932)  (cost=20.6 rows=101)
    -> Index range scan on sbtest5 using PRIMARY over (9392832 <= id <= 9392932)  (cost=20.6 rows=101)


table 6 : explain SELECT id, c FROM sbtest6 WHERE id BETWEEN 9392832 AND 9392932
	-> Filter: (sbtest6.id between 9392832 and 9392932)  (cost=20.6 rows=101)
    -> Index range scan on sbtest6 using PRIMARY over (9392832 <= id <= 9392932)  (cost=20.6 rows=101)


table 7 : explain SELECT id, c FROM sbtest7 WHERE id BETWEEN 9392832 AND 9392932
	-> Filter: (sbtest7.id between 9392832 and 9392932)  (cost=20.6 rows=101)
    -> Index range scan on sbtest7 using PRIMARY over (9392832 <= id <= 9392932)  (cost=20.6 rows=101)


table 8 : explain SELECT id, c FROM sbtest8 WHERE id BETWEEN 9392832 AND 9392932
	-> Filter: (sbtest8.id between 9392832 and 9392932)  (cost=20.6 rows=101)
    -> Index range scan on sbtest8 using PRIMARY over (9392832 <= id <= 9392932)  (cost=20.6 rows=101)




for range-notcovered
table 1 : explain SELECT id, c FROM sbtest1 WHERE id BETWEEN 2819123 AND 2819223
	-> Filter: (sbtest1.id between 2819123 and 2819223)  (cost=20.6 rows=101)
    -> Index range scan on sbtest1 using PRIMARY over (2819123 <= id <= 2819223)  (cost=20.6 rows=101)


table 2 : explain SELECT id, c FROM sbtest2 WHERE id BETWEEN 2819123 AND 2819223
	-> Filter: (sbtest2.id between 2819123 and 2819223)  (cost=20.6 rows=101)
    -> Index range scan on sbtest2 using PRIMARY over (2819123 <= id <= 2819223)  (cost=20.6 rows=101)


table 3 : explain SELECT id, c FROM sbtest3 WHERE id BETWEEN 2819123 AND 2819223
	-> Filter: (sbtest3.id between 2819123 and 2819223)  (cost=20.6 rows=101)
    -> Index range scan on sbtest3 using PRIMARY over (2819123 <= id <= 2819223)  (cost=20.6 rows=101)


table 4 : explain SELECT id, c FROM sbtest4 WHERE id BETWEEN 2819123 AND 2819223
	-> Filter: (sbtest4.id between 2819123 and 2819223)  (cost=20.6 rows=101)
    -> Index range scan on sbtest4 using PRIMARY over (2819123 <= id <= 2819223)  (cost=20.6 rows=101)


table 5 : explain SELECT id, c FROM sbtest5 WHERE id BETWEEN 2819123 AND 2819223
	-> Filter: (sbtest5.id between 2819123 and 2819223)  (cost=20.6 rows=101)
    -> Index range scan on sbtest5 using PRIMARY over (2819123 <= id <= 2819223)  (cost=20.6 rows=101)


table 6 : explain SELECT id, c FROM sbtest6 WHERE id BETWEEN 2819123 AND 2819223
	-> Filter: (sbtest6.id between 2819123 and 2819223)  (cost=20.6 rows=101)
    -> Index range scan on sbtest6 using PRIMARY over (2819123 <= id <= 2819223)  (cost=20.6 rows=101)


table 7 : explain SELECT id, c FROM sbtest7 WHERE id BETWEEN 2819123 AND 2819223
	-> Filter: (sbtest7.id between 2819123 and 2819223)  (cost=20.6 rows=101)
    -> Index range scan on sbtest7 using PRIMARY over (2819123 <= id <= 2819223)  (cost=20.6 rows=101)


table 8 : explain SELECT id, c FROM sbtest8 WHERE id BETWEEN 2819123 AND 2819223
	-> Filter: (sbtest8.id between 2819123 and 2819223)  (cost=20.6 rows=101)
    -> Index range scan on sbtest8 using PRIMARY over (2819123 <= id <= 2819223)  (cost=20.6 rows=101)



explain: for range-notcovered :: explain SELECT id, c FROM sbtest%d WHERE id BETWEEN 9018896 AND 9018996
explain: for range-notcovered :: explain SELECT id, c FROM sbtest%d WHERE id BETWEEN 7869894 AND 7869994
explain: for range-notcovered :: explain SELECT id, c FROM sbtest%d WHERE id BETWEEN 7021492 AND 7021592
for range-notcovered
table 1 : explain SELECT id, c FROM sbtest1 WHERE id BETWEEN 5102644 AND 5102744
	-> Filter: (sbtest1.id between 5102644 and 5102744)  (cost=20.6 rows=101)
    -> Index range scan on sbtest1 using PRIMARY over (5102644 <= id <= 5102744)  (cost=20.6 rows=101)


table 2 : explain SELECT id, c FROM sbtest2 WHERE id BETWEEN 5102644 AND 5102744
	-> Filter: (sbtest2.id between 5102644 and 5102744)  (cost=20.6 rows=101)
    -> Index range scan on sbtest2 using PRIMARY over (5102644 <= id <= 5102744)  (cost=20.6 rows=101)


table 3 : explain SELECT id, c FROM sbtest3 WHERE id BETWEEN 5102644 AND 5102744
	-> Filter: (sbtest3.id between 5102644 and 5102744)  (cost=20.6 rows=101)
    -> Index range scan on sbtest3 using PRIMARY over (5102644 <= id <= 5102744)  (cost=20.6 rows=101)


table 4 : explain SELECT id, c FROM sbtest4 WHERE id BETWEEN 5102644 AND 5102744
	-> Filter: (sbtest4.id between 5102644 and 5102744)  (cost=20.6 rows=101)
    -> Index range scan on sbtest4 using PRIMARY over (5102644 <= id <= 5102744)  (cost=20.6 rows=101)


table 5 : explain SELECT id, c FROM sbtest5 WHERE id BETWEEN 5102644 AND 5102744
	-> Filter: (sbtest5.id between 5102644 and 5102744)  (cost=20.6 rows=101)
    -> Index range scan on sbtest5 using PRIMARY over (5102644 <= id <= 5102744)  (cost=20.6 rows=101)


table 6 : explain SELECT id, c FROM sbtest6 WHERE id BETWEEN 5102644 AND 5102744
	-> Filter: (sbtest6.id between 5102644 and 5102744)  (cost=20.6 rows=101)
    -> Index range scan on sbtest6 using PRIMARY over (5102644 <= id <= 5102744)  (cost=20.6 rows=101)


table 7 : explain SELECT id, c FROM sbtest7 WHERE id BETWEEN 5102644 AND 5102744
	-> Filter: (sbtest7.id between 5102644 and 5102744)  (cost=20.6 rows=101)
    -> Index range scan on sbtest7 using PRIMARY over (5102644 <= id <= 5102744)  (cost=20.6 rows=101)


table 8 : explain SELECT id, c FROM sbtest8 WHERE id BETWEEN 5102644 AND 5102744
	-> Filter: (sbtest8.id between 5102644 and 5102744)  (cost=20.6 rows=101)
    -> Index range scan on sbtest8 using PRIMARY over (5102644 <= id <= 5102744)  (cost=20.6 rows=101)


explain: for range-notcovered :: explain SELECT id, c FROM sbtest%d WHERE id BETWEEN 2819123 AND 2819223explain: for range-notcovered :: explain SELECT id, c FROM sbtest%d WHERE id BETWEEN 8460869 AND 8460969

for range-notcovered
table 1 : explain SELECT id, c FROM sbtest1 WHERE id BETWEEN 8210069 AND 8210169
	-> Filter: (sbtest1.id between 8210069 and 8210169)  (cost=20.6 rows=101)
    -> Index range scan on sbtest1 using PRIMARY over (8210069 <= id <= 8210169)  (cost=20.6 rows=101)


table 2 : explain SELECT id, c FROM sbtest2 WHERE id BETWEEN 8210069 AND 8210169
	-> Filter: (sbtest2.id between 8210069 and 8210169)  (cost=20.6 rows=101)
    -> Index range scan on sbtest2 using PRIMARY over (8210069 <= id <= 8210169)  (cost=20.6 rows=101)


table 3 : explain SELECT id, c FROM sbtest3 WHERE id BETWEEN 8210069 AND 8210169
	-> Filter: (sbtest3.id between 8210069 and 8210169)  (cost=20.6 rows=101)
    -> Index range scan on sbtest3 using PRIMARY over (8210069 <= id <= 8210169)  (cost=20.6 rows=101)


table 4 : explain SELECT id, c FROM sbtest4 WHERE id BETWEEN 8210069 AND 8210169
	-> Filter: (sbtest4.id between 8210069 and 8210169)  (cost=20.6 rows=101)
    -> Index range scan on sbtest4 using PRIMARY over (8210069 <= id <= 8210169)  (cost=20.6 rows=101)


table 5 : explain SELECT id, c FROM sbtest5 WHERE id BETWEEN 8210069 AND 8210169
	-> Filter: (sbtest5.id between 8210069 and 8210169)  (cost=20.6 rows=101)
    -> Index range scan on sbtest5 using PRIMARY over (8210069 <= id <= 8210169)  (cost=20.6 rows=101)


table 6 : explain SELECT id, c FROM sbtest6 WHERE id BETWEEN 8210069 AND 8210169
	-> Filter: (sbtest6.id between 8210069 and 8210169)  (cost=20.6 rows=101)
    -> Index range scan on sbtest6 using PRIMARY over (8210069 <= id <= 8210169)  (cost=20.6 rows=101)


table 7 : explain SELECT id, c FROM sbtest7 WHERE id BETWEEN 8210069 AND 8210169
	-> Filter: (sbtest7.id between 8210069 and 8210169)  (cost=20.6 rows=101)
    -> Index range scan on sbtest7 using PRIMARY over (8210069 <= id <= 8210169)  (cost=20.6 rows=101)


table 8 : explain SELECT id, c FROM sbtest8 WHERE id BETWEEN 8210069 AND 8210169
	-> Filter: (sbtest8.id between 8210069 and 8210169)  (cost=20.6 rows=101)
    -> Index range scan on sbtest8 using PRIMARY over (8210069 <= id <= 8210169)  (cost=20.6 rows=101)


explain: for range-notcovered :: explain SELECT id, c FROM sbtest%d WHERE id BETWEEN 5102644 AND 5102744
for range-notcovered
table 1 : explain SELECT id, c FROM sbtest1 WHERE id BETWEEN 4869755 AND 4869855
	-> Filter: (sbtest1.id between 4869755 and 4869855)  (cost=20.6 rows=101)
    -> Index range scan on sbtest1 using PRIMARY over (4869755 <= id <= 4869855)  (cost=20.6 rows=101)


table 2 : explain SELECT id, c FROM sbtest2 WHERE id BETWEEN 4869755 AND 4869855
	-> Filter: (sbtest2.id between 4869755 and 4869855)  (cost=20.6 rows=101)
    -> Index range scan on sbtest2 using PRIMARY over (4869755 <= id <= 4869855)  (cost=20.6 rows=101)


table 3 : explain SELECT id, c FROM sbtest3 WHERE id BETWEEN 4869755 AND 4869855
	-> Filter: (sbtest3.id between 4869755 and 4869855)  (cost=20.6 rows=101)
    -> Index range scan on sbtest3 using PRIMARY over (4869755 <= id <= 4869855)  (cost=20.6 rows=101)


table 4 : explain SELECT id, c FROM sbtest4 WHERE id BETWEEN 4869755 AND 4869855
	-> Filter: (sbtest4.id between 4869755 and 4869855)  (cost=20.6 rows=101)
    -> Index range scan on sbtest4 using PRIMARY over (4869755 <= id <= 4869855)  (cost=20.6 rows=101)


table 5 : explain SELECT id, c FROM sbtest5 WHERE id BETWEEN 4869755 AND 4869855
	-> Filter: (sbtest5.id between 4869755 and 4869855)  (cost=20.6 rows=101)
    -> Index range scan on sbtest5 using PRIMARY over (4869755 <= id <= 4869855)  (cost=20.6 rows=101)


table 6 : explain SELECT id, c FROM sbtest6 WHERE id BETWEEN 4869755 AND 4869855
	-> Filter: (sbtest6.id between 4869755 and 4869855)  (cost=20.6 rows=101)
    -> Index range scan on sbtest6 using PRIMARY over (4869755 <= id <= 4869855)  (cost=20.6 rows=101)


table 7 : explain SELECT id, c FROM sbtest7 WHERE id BETWEEN 4869755 AND 4869855
	-> Filter: (sbtest7.id between 4869755 and 4869855)  (cost=20.6 rows=101)
    -> Index range scan on sbtest7 using PRIMARY over (4869755 <= id <= 4869855)  (cost=20.6 rows=101)


table 8 : explain SELECT id, c FROM sbtest8 WHERE id BETWEEN 4869755 AND 4869855
	-> Filter: (sbtest8.id between 4869755 and 4869855)  (cost=20.6 rows=101)
    -> Index range scan on sbtest8 using PRIMARY over (4869755 <= id <= 4869855)  (cost=20.6 rows=101)


explain: for range-notcovered :: explain SELECT id, c FROM sbtest%d WHERE id BETWEEN 9392832 AND 9392932
explain: for range-notcovered :: explain SELECT id, c FROM sbtest%d WHERE id BETWEEN 8210069 AND 8210169
for range-notcovered
table 1 : explain SELECT id, c FROM sbtest1 WHERE id BETWEEN 6860914 AND 6861014
	-> Filter: (sbtest1.id between 6860914 and 6861014)  (cost=20.6 rows=101)
    -> Index range scan on sbtest1 using PRIMARY over (6860914 <= id <= 6861014)  (cost=20.6 rows=101)


table 2 : explain SELECT id, c FROM sbtest2 WHERE id BETWEEN 6860914 AND 6861014
	-> Filter: (sbtest2.id between 6860914 and 6861014)  (cost=20.6 rows=101)
    -> Index range scan on sbtest2 using PRIMARY over (6860914 <= id <= 6861014)  (cost=20.6 rows=101)


table 3 : explain SELECT id, c FROM sbtest3 WHERE id BETWEEN 6860914 AND 6861014
	-> Filter: (sbtest3.id between 6860914 and 6861014)  (cost=20.6 rows=101)
    -> Index range scan on sbtest3 using PRIMARY over (6860914 <= id <= 6861014)  (cost=20.6 rows=101)


table 4 : explain SELECT id, c FROM sbtest4 WHERE id BETWEEN 6860914 AND 6861014
	-> Filter: (sbtest4.id between 6860914 and 6861014)  (cost=20.6 rows=101)
    -> Index range scan on sbtest4 using PRIMARY over (6860914 <= id <= 6861014)  (cost=20.6 rows=101)


table 5 : explain SELECT id, c FROM sbtest5 WHERE id BETWEEN 6860914 AND 6861014
	-> Filter: (sbtest5.id between 6860914 and 6861014)  (cost=20.6 rows=101)
    -> Index range scan on sbtest5 using PRIMARY over (6860914 <= id <= 6861014)  (cost=20.6 rows=101)


table 6 : explain SELECT id, c FROM sbtest6 WHERE id BETWEEN 6860914 AND 6861014
	-> Filter: (sbtest6.id between 6860914 and 6861014)  (cost=20.6 rows=101)
    -> Index range scan on sbtest6 using PRIMARY over (6860914 <= id <= 6861014)  (cost=20.6 rows=101)


table 7 : explain SELECT id, c FROM sbtest7 WHERE id BETWEEN 6860914 AND 6861014
	-> Filter: (sbtest7.id between 6860914 and 6861014)  (cost=20.6 rows=101)
    -> Index range scan on sbtest7 using PRIMARY over (6860914 <= id <= 6861014)  (cost=20.6 rows=101)


table 8 : explain SELECT id, c FROM sbtest8 WHERE id BETWEEN 6860914 AND 6861014
	-> Filter: (sbtest8.id between 6860914 and 6861014)  (cost=20.6 rows=101)
    -> Index range scan on sbtest8 using PRIMARY over (6860914 <= id <= 6861014)  (cost=20.6 rows=101)


explain: for range-notcovered :: explain SELECT id, c FROM sbtest%d WHERE id BETWEEN 4869755 AND 4869855
for range-notcovered
table 1 : explain SELECT id, c FROM sbtest1 WHERE id BETWEEN 5031544 AND 5031644
	-> Filter: (sbtest1.id between 5031544 and 5031644)  (cost=20.6 rows=101)
    -> Index range scan on sbtest1 using PRIMARY over (5031544 <= id <= 5031644)  (cost=20.6 rows=101)


table 2 : explain SELECT id, c FROM sbtest2 WHERE id BETWEEN 5031544 AND 5031644
	-> Filter: (sbtest2.id between 5031544 and 5031644)  (cost=20.6 rows=101)
    -> Index range scan on sbtest2 using PRIMARY over (5031544 <= id <= 5031644)  (cost=20.6 rows=101)


table 3 : explain SELECT id, c FROM sbtest3 WHERE id BETWEEN 5031544 AND 5031644
	-> Filter: (sbtest3.id between 5031544 and 5031644)  (cost=20.6 rows=101)
    -> Index range scan on sbtest3 using PRIMARY over (5031544 <= id <= 5031644)  (cost=20.6 rows=101)


table 4 : explain SELECT id, c FROM sbtest4 WHERE id BETWEEN 5031544 AND 5031644
	-> Filter: (sbtest4.id between 5031544 and 5031644)  (cost=20.6 rows=101)
    -> Index range scan on sbtest4 using PRIMARY over (5031544 <= id <= 5031644)  (cost=20.6 rows=101)


table 5 : explain SELECT id, c FROM sbtest5 WHERE id BETWEEN 5031544 AND 5031644
	-> Filter: (sbtest5.id between 5031544 and 5031644)  (cost=20.6 rows=101)
    -> Index range scan on sbtest5 using PRIMARY over (5031544 <= id <= 5031644)  (cost=20.6 rows=101)


table 6 : explain SELECT id, c FROM sbtest6 WHERE id BETWEEN 5031544 AND 5031644
	-> Filter: (sbtest6.id between 5031544 and 5031644)  (cost=20.6 rows=101)
    -> Index range scan on sbtest6 using PRIMARY over (5031544 <= id <= 5031644)  (cost=20.6 rows=101)


table 7 : explain SELECT id, c FROM sbtest7 WHERE id BETWEEN 5031544 AND 5031644
	-> Filter: (sbtest7.id between 5031544 and 5031644)  (cost=20.6 rows=101)
    -> Index range scan on sbtest7 using PRIMARY over (5031544 <= id <= 5031644)  (cost=20.6 rows=101)


table 8 : explain SELECT id, c FROM sbtest8 WHERE id BETWEEN 5031544 AND 5031644
	-> Filter: (sbtest8.id between 5031544 and 5031644)  (cost=20.6 rows=101)
    -> Index range scan on sbtest8 using PRIMARY over (5031544 <= id <= 5031644)  (cost=20.6 rows=101)


for range-notcovered
table 1 : explain SELECT id, c FROM sbtest1 WHERE id BETWEEN 5728658 AND 5728758
	-> Filter: (sbtest1.id between 5728658 and 5728758)  (cost=20.6 rows=101)
    -> Index range scan on sbtest1 using PRIMARY over (5728658 <= id <= 5728758)  (cost=20.6 rows=101)


table 2 : explain SELECT id, c FROM sbtest2 WHERE id BETWEEN 5728658 AND 5728758
	-> Filter: (sbtest2.id between 5728658 and 5728758)  (cost=20.6 rows=101)
    -> Index range scan on sbtest2 using PRIMARY over (5728658 <= id <= 5728758)  (cost=20.6 rows=101)


table 3 : explain SELECT id, c FROM sbtest3 WHERE id BETWEEN 5728658 AND 5728758
	-> Filter: (sbtest3.id between 5728658 and 5728758)  (cost=20.6 rows=101)
    -> Index range scan on sbtest3 using PRIMARY over (5728658 <= id <= 5728758)  (cost=20.6 rows=101)


table 4 : explain SELECT id, c FROM sbtest4 WHERE id BETWEEN 5728658 AND 5728758
	-> Filter: (sbtest4.id between 5728658 and 5728758)  (cost=20.6 rows=101)
    -> Index range scan on sbtest4 using PRIMARY over (5728658 <= id <= 5728758)  (cost=20.6 rows=101)


table 5 : explain SELECT id, c FROM sbtest5 WHERE id BETWEEN 5728658 AND 5728758
	-> Filter: (sbtest5.id between 5728658 and 5728758)  (cost=20.6 rows=101)
    -> Index range scan on sbtest5 using PRIMARY over (5728658 <= id <= 5728758)  (cost=20.6 rows=101)


table 6 : explain SELECT id, c FROM sbtest6 WHERE id BETWEEN 5728658 AND 5728758
	-> Filter: (sbtest6.id between 5728658 and 5728758)  (cost=20.6 rows=101)
    -> Index range scan on sbtest6 using PRIMARY over (5728658 <= id <= 5728758)  (cost=20.6 rows=101)


table 7 : explain SELECT id, c FROM sbtest7 WHERE id BETWEEN 5728658 AND 5728758
	-> Filter: (sbtest7.id between 5728658 and 5728758)  (cost=20.6 rows=101)
    -> Index range scan on sbtest7 using PRIMARY over (5728658 <= id <= 5728758)  (cost=20.6 rows=101)


table 8 : explain SELECT id, c FROM sbtest8 WHERE id BETWEEN 5728658 AND 5728758
	-> Filter: (sbtest8.id between 5728658 and 5728758)  (cost=20.6 rows=101)
    -> Index range scan on sbtest8 using PRIMARY over (5728658 <= id <= 5728758)  (cost=20.6 rows=101)

for range-notcovered
table 1 : explain SELECT id, c FROM sbtest1 WHERE id BETWEEN 961745 AND 961845
	-> Filter: (sbtest1.id between 961745 and 961845)  (cost=20.6 rows=101)
    -> Index range scan on sbtest1 using PRIMARY over (961745 <= id <= 961845)  (cost=20.6 rows=101)


table 2 : explain SELECT id, c FROM sbtest2 WHERE id BETWEEN 961745 AND 961845
	-> Filter: (sbtest2.id between 961745 and 961845)  (cost=20.6 rows=101)
    -> Index range scan on sbtest2 using PRIMARY over (961745 <= id <= 961845)  (cost=20.6 rows=101)


table 3 : explain SELECT id, c FROM sbtest3 WHERE id BETWEEN 961745 AND 961845
	-> Filter: (sbtest3.id between 961745 and 961845)  (cost=20.6 rows=101)
    -> Index range scan on sbtest3 using PRIMARY over (961745 <= id <= 961845)  (cost=20.6 rows=101)


table 4 : explain SELECT id, c FROM sbtest4 WHERE id BETWEEN 961745 AND 961845
	-> Filter: (sbtest4.id between 961745 and 961845)  (cost=20.6 rows=101)
    -> Index range scan on sbtest4 using PRIMARY over (961745 <= id <= 961845)  (cost=20.6 rows=101)


table 5 : explain SELECT id, c FROM sbtest5 WHERE id BETWEEN 961745 AND 961845
	-> Filter: (sbtest5.id between 961745 and 961845)  (cost=20.6 rows=101)
    -> Index range scan on sbtest5 using PRIMARY over (961745 <= id <= 961845)  (cost=20.6 rows=101)


table 6 : explain SELECT id, c FROM sbtest6 WHERE id BETWEEN 961745 AND 961845
	-> Filter: (sbtest6.id between 961745 and 961845)  (cost=20.6 rows=101)
    -> Index range scan on sbtest6 using PRIMARY over (961745 <= id <= 961845)  (cost=20.6 rows=101)


table 7 : explain SELECT id, c FROM sbtest7 WHERE id BETWEEN 961745 AND 961845
	-> Filter: (sbtest7.id between 961745 and 961845)  (cost=20.6 rows=101)
    -> Index range scan on sbtest7 using PRIMARY over (961745 <= id <= 961845)  (cost=20.6 rows=101)


table 8 : explain SELECT id, c FROM sbtest8 WHERE id BETWEEN 961745 AND 961845
	-> Filter: (sbtest8.id between 961745 and 961845)  (cost=20.6 rows=101)
    -> Index range scan on sbtest8 using PRIMARY over (961745 <= id <= 961845)  (cost=20.6 rows=101)


for range-notcovered
table 1 : explain SELECT id, c FROM sbtest1 WHERE id BETWEEN 2559955 AND 2560055
	-> Filter: (sbtest1.id between 2559955 and 2560055)  (cost=20.6 rows=101)
    -> Index range scan on sbtest1 using PRIMARY over (2559955 <= id <= 2560055)  (cost=20.6 rows=101)


table 2 : explain SELECT id, c FROM sbtest2 WHERE id BETWEEN 2559955 AND 2560055
	-> Filter: (sbtest2.id between 2559955 and 2560055)  (cost=20.6 rows=101)
    -> Index range scan on sbtest2 using PRIMARY over (2559955 <= id <= 2560055)  (cost=20.6 rows=101)


table 3 : explain SELECT id, c FROM sbtest3 WHERE id BETWEEN 2559955 AND 2560055
	-> Filter: (sbtest3.id between 2559955 and 2560055)  (cost=20.6 rows=101)
    -> Index range scan on sbtest3 using PRIMARY over (2559955 <= id <= 2560055)  (cost=20.6 rows=101)


table 4 : explain SELECT id, c FROM sbtest4 WHERE id BETWEEN 2559955 AND 2560055
	-> Filter: (sbtest4.id between 2559955 and 2560055)  (cost=20.6 rows=101)
    -> Index range scan on sbtest4 using PRIMARY over (2559955 <= id <= 2560055)  (cost=20.6 rows=101)


table 5 : explain SELECT id, c FROM sbtest5 WHERE id BETWEEN 2559955 AND 2560055
	-> Filter: (sbtest5.id between 2559955 and 2560055)  (cost=20.6 rows=101)
    -> Index range scan on sbtest5 using PRIMARY over (2559955 <= id <= 2560055)  (cost=20.6 rows=101)


table 6 : explain SELECT id, c FROM sbtest6 WHERE id BETWEEN 2559955 AND 2560055
	-> Filter: (sbtest6.id between 2559955 and 2560055)  (cost=20.6 rows=101)
    -> Index range scan on sbtest6 using PRIMARY over (2559955 <= id <= 2560055)  (cost=20.6 rows=101)


table 7 : explain SELECT id, c FROM sbtest7 WHERE id BETWEEN 2559955 AND 2560055
	-> Filter: (sbtest7.id between 2559955 and 2560055)  (cost=20.6 rows=101)
    -> Index range scan on sbtest7 using PRIMARY over (2559955 <= id <= 2560055)  (cost=20.6 rows=101)


table 8 : explain SELECT id, c FROM sbtest8 WHERE id BETWEEN 2559955 AND 2560055
	-> Filter: (sbtest8.id between 2559955 and 2560055)  (cost=20.6 rows=101)
    -> Index range scan on sbtest8 using PRIMARY over (2559955 <= id <= 2560055)  (cost=20.6 rows=101)

explain: for range-notcovered :: explain SELECT id, c FROM sbtest%d WHERE id BETWEEN 6860914 AND 6861014
for range-notcovered
table 1 : explain SELECT id, c FROM sbtest1 WHERE id BETWEEN 1765473 AND 1765573
	-> Filter: (sbtest1.id between 1765473 and 1765573)  (cost=20.6 rows=101)
    -> Index range scan on sbtest1 using PRIMARY over (1765473 <= id <= 1765573)  (cost=20.6 rows=101)


table 2 : explain SELECT id, c FROM sbtest2 WHERE id BETWEEN 1765473 AND 1765573
	-> Filter: (sbtest2.id between 1765473 and 1765573)  (cost=20.6 rows=101)
    -> Index range scan on sbtest2 using PRIMARY over (1765473 <= id <= 1765573)  (cost=20.6 rows=101)


table 3 : explain SELECT id, c FROM sbtest3 WHERE id BETWEEN 1765473 AND 1765573
	-> Filter: (sbtest3.id between 1765473 and 1765573)  (cost=20.6 rows=101)
    -> Index range scan on sbtest3 using PRIMARY over (1765473 <= id <= 1765573)  (cost=20.6 rows=101)


table 4 : explain SELECT id, c FROM sbtest4 WHERE id BETWEEN 1765473 AND 1765573
	-> Filter: (sbtest4.id between 1765473 and 1765573)  (cost=20.6 rows=101)
    -> Index range scan on sbtest4 using PRIMARY over (1765473 <= id <= 1765573)  (cost=20.6 rows=101)


table 5 : explain SELECT id, c FROM sbtest5 WHERE id BETWEEN 1765473 AND 1765573
	-> Filter: (sbtest5.id between 1765473 and 1765573)  (cost=20.6 rows=101)
    -> Index range scan on sbtest5 using PRIMARY over (1765473 <= id <= 1765573)  (cost=20.6 rows=101)


table 6 : explain SELECT id, c FROM sbtest6 WHERE id BETWEEN 1765473 AND 1765573
	-> Filter: (sbtest6.id between 1765473 and 1765573)  (cost=20.6 rows=101)
    -> Index range scan on sbtest6 using PRIMARY over (1765473 <= id <= 1765573)  (cost=20.6 rows=101)


table 7 : explain SELECT id, c FROM sbtest7 WHERE id BETWEEN 1765473 AND 1765573
	-> Filter: (sbtest7.id between 1765473 and 1765573)  (cost=20.6 rows=101)
    -> Index range scan on sbtest7 using PRIMARY over (1765473 <= id <= 1765573)  (cost=20.6 rows=101)


table 8 : explain SELECT id, c FROM sbtest8 WHERE id BETWEEN 1765473 AND 1765573
	-> Filter: (sbtest8.id between 1765473 and 1765573)  (cost=20.6 rows=101)
    -> Index range scan on sbtest8 using PRIMARY over (1765473 <= id <= 1765573)  (cost=20.6 rows=101)


explain: for range-notcovered :: explain SELECT id, c FROM sbtest%d WHERE id BETWEEN 5031544 AND 5031644


for range-notcovered
table 1 : explain SELECT id, c FROM sbtest1 WHERE id BETWEEN 3051203 AND 3051303
	-> Filter: (sbtest1.id between 3051203 and 3051303)  (cost=20.6 rows=101)
    -> Index range scan on sbtest1 using PRIMARY over (3051203 <= id <= 3051303)  (cost=20.6 rows=101)


table 2 : explain SELECT id, c FROM sbtest2 WHERE id BETWEEN 3051203 AND 3051303
	-> Filter: (sbtest2.id between 3051203 and 3051303)  (cost=20.6 rows=101)
    -> Index range scan on sbtest2 using PRIMARY over (3051203 <= id <= 3051303)  (cost=20.6 rows=101)


table 3 : explain SELECT id, c FROM sbtest3 WHERE id BETWEEN 3051203 AND 3051303
	-> Filter: (sbtest3.id between 3051203 and 3051303)  (cost=20.6 rows=101)
    -> Index range scan on sbtest3 using PRIMARY over (3051203 <= id <= 3051303)  (cost=20.6 rows=101)


table 4 : explain SELECT id, c FROM sbtest4 WHERE id BETWEEN 3051203 AND 3051303
	-> Filter: (sbtest4.id between 3051203 and 3051303)  (cost=20.6 rows=101)
    -> Index range scan on sbtest4 using PRIMARY over (3051203 <= id <= 3051303)  (cost=20.6 rows=101)


table 5 : explain SELECT id, c FROM sbtest5 WHERE id BETWEEN 3051203 AND 3051303
	-> Filter: (sbtest5.id between 3051203 and 3051303)  (cost=20.6 rows=101)
    -> Index range scan on sbtest5 using PRIMARY over (3051203 <= id <= 3051303)  (cost=20.6 rows=101)


table 6 : explain SELECT id, c FROM sbtest6 WHERE id BETWEEN 3051203 AND 3051303
	-> Filter: (sbtest6.id between 3051203 and 3051303)  (cost=20.6 rows=101)
    -> Index range scan on sbtest6 using PRIMARY over (3051203 <= id <= 3051303)  (cost=20.6 rows=101)


table 7 : explain SELECT id, c FROM sbtest7 WHERE id BETWEEN 3051203 AND 3051303
	-> Filter: (sbtest7.id between 3051203 and 3051303)  (cost=20.6 rows=101)
    -> Index range scan on sbtest7 using PRIMARY over (3051203 <= id <= 3051303)  (cost=20.6 rows=101)


table 8 : explain SELECT id, c FROM sbtest8 WHERE id BETWEEN 3051203 AND 3051303
	-> Filter: (sbtest8.id between 3051203 and 3051303)  (cost=20.6 rows=101)
    -> Index range scan on sbtest8 using PRIMARY over (3051203 <= id <= 3051303)  (cost=20.6 rows=101)


explain: for range-notcovered :: explain SELECT id, c FROM sbtest%d WHERE id BETWEEN 5728658 AND 5728758
explain: for range-notcovered :: explain SELECT id, c FROM sbtest%d WHERE id BETWEEN 5652495 AND 5652595
for range-notcovered
table 1 : explain SELECT id, c FROM sbtest1 WHERE id BETWEEN 3730450 AND 3730550
	-> Filter: (sbtest1.id between 3730450 and 3730550)  (cost=20.6 rows=101)
    -> Index range scan on sbtest1 using PRIMARY over (3730450 <= id <= 3730550)  (cost=20.6 rows=101)


table 2 : explain SELECT id, c FROM sbtest2 WHERE id BETWEEN 3730450 AND 3730550
	-> Filter: (sbtest2.id between 3730450 and 3730550)  (cost=20.6 rows=101)
    -> Index range scan on sbtest2 using PRIMARY over (3730450 <= id <= 3730550)  (cost=20.6 rows=101)


table 3 : explain SELECT id, c FROM sbtest3 WHERE id BETWEEN 3730450 AND 3730550
	-> Filter: (sbtest3.id between 3730450 and 3730550)  (cost=20.6 rows=101)
    -> Index range scan on sbtest3 using PRIMARY over (3730450 <= id <= 3730550)  (cost=20.6 rows=101)


table 4 : explain SELECT id, c FROM sbtest4 WHERE id BETWEEN 3730450 AND 3730550
	-> Filter: (sbtest4.id between 3730450 and 3730550)  (cost=20.6 rows=101)
    -> Index range scan on sbtest4 using PRIMARY over (3730450 <= id <= 3730550)  (cost=20.6 rows=101)


table 5 : explain SELECT id, c FROM sbtest5 WHERE id BETWEEN 3730450 AND 3730550
	-> Filter: (sbtest5.id between 3730450 and 3730550)  (cost=20.6 rows=101)
    -> Index range scan on sbtest5 using PRIMARY over (3730450 <= id <= 3730550)  (cost=20.6 rows=101)


table 6 : explain SELECT id, c FROM sbtest6 WHERE id BETWEEN 3730450 AND 3730550
	-> Filter: (sbtest6.id between 3730450 and 3730550)  (cost=20.6 rows=101)
    -> Index range scan on sbtest6 using PRIMARY over (3730450 <= id <= 3730550)  (cost=20.6 rows=101)


table 7 : explain SELECT id, c FROM sbtest7 WHERE id BETWEEN 3730450 AND 3730550
	-> Filter: (sbtest7.id between 3730450 and 3730550)  (cost=20.6 rows=101)
    -> Index range scan on sbtest7 using PRIMARY over (3730450 <= id <= 3730550)  (cost=20.6 rows=101)


table 8 : explain SELECT id, c FROM sbtest8 WHERE id BETWEEN 3730450 AND 3730550
	-> Filter: (sbtest8.id between 3730450 and 3730550)  (cost=20.6 rows=101)
    -> Index range scan on sbtest8 using PRIMARY over (3730450 <= id <= 3730550)  (cost=20.6 rows=101)

explain: for range-notcovered :: explain SELECT id, c FROM sbtest%d WHERE id BETWEEN 1765473 AND 1765573
for range-notcovered
table 1 : explain SELECT id, c FROM sbtest1 WHERE id BETWEEN 4118184 AND 4118284
	-> Filter: (sbtest1.id between 4118184 and 4118284)  (cost=20.6 rows=101)
    -> Index range scan on sbtest1 using PRIMARY over (4118184 <= id <= 4118284)  (cost=20.6 rows=101)


table 2 : explain SELECT id, c FROM sbtest2 WHERE id BETWEEN 4118184 AND 4118284
	-> Filter: (sbtest2.id between 4118184 and 4118284)  (cost=20.6 rows=101)
    -> Index range scan on sbtest2 using PRIMARY over (4118184 <= id <= 4118284)  (cost=20.6 rows=101)


table 3 : explain SELECT id, c FROM sbtest3 WHERE id BETWEEN 4118184 AND 4118284
	-> Filter: (sbtest3.id between 4118184 and 4118284)  (cost=20.6 rows=101)
    -> Index range scan on sbtest3 using PRIMARY over (4118184 <= id <= 4118284)  (cost=20.6 rows=101)


table 4 : explain SELECT id, c FROM sbtest4 WHERE id BETWEEN 4118184 AND 4118284
	-> Filter: (sbtest4.id between 4118184 and 4118284)  (cost=20.6 rows=101)
    -> Index range scan on sbtest4 using PRIMARY over (4118184 <= id <= 4118284)  (cost=20.6 rows=101)


table 5 : explain SELECT id, c FROM sbtest5 WHERE id BETWEEN 4118184 AND 4118284
	-> Filter: (sbtest5.id between 4118184 and 4118284)  (cost=20.6 rows=101)
    -> Index range scan on sbtest5 using PRIMARY over (4118184 <= id <= 4118284)  (cost=20.6 rows=101)


table 6 : explain SELECT id, c FROM sbtest6 WHERE id BETWEEN 4118184 AND 4118284
	-> Filter: (sbtest6.id between 4118184 and 4118284)  (cost=20.6 rows=101)
    -> Index range scan on sbtest6 using PRIMARY over (4118184 <= id <= 4118284)  (cost=20.6 rows=101)


table 7 : explain SELECT id, c FROM sbtest7 WHERE id BETWEEN 4118184 AND 4118284
	-> Filter: (sbtest7.id between 4118184 and 4118284)  (cost=20.6 rows=101)
    -> Index range scan on sbtest7 using PRIMARY over (4118184 <= id <= 4118284)  (cost=20.6 rows=101)


table 8 : explain SELECT id, c FROM sbtest8 WHERE id BETWEEN 4118184 AND 4118284
	-> Filter: (sbtest8.id between 4118184 and 4118284)  (cost=20.6 rows=101)
    -> Index range scan on sbtest8 using PRIMARY over (4118184 <= id <= 4118284)  (cost=20.6 rows=101)


explain: for range-notcovered :: explain SELECT id, c FROM sbtest%d WHERE id BETWEEN 961745 AND 961845
for range-notcovered
table 1 : explain SELECT id, c FROM sbtest1 WHERE id BETWEEN 4880599 AND 4880699
	-> Filter: (sbtest1.id between 4880599 and 4880699)  (cost=20.6 rows=101)
    -> Index range scan on sbtest1 using PRIMARY over (4880599 <= id <= 4880699)  (cost=20.6 rows=101)


table 2 : explain SELECT id, c FROM sbtest2 WHERE id BETWEEN 4880599 AND 4880699
	-> Filter: (sbtest2.id between 4880599 and 4880699)  (cost=20.6 rows=101)
    -> Index range scan on sbtest2 using PRIMARY over (4880599 <= id <= 4880699)  (cost=20.6 rows=101)


table 3 : explain SELECT id, c FROM sbtest3 WHERE id BETWEEN 4880599 AND 4880699
	-> Filter: (sbtest3.id between 4880599 and 4880699)  (cost=20.6 rows=101)
    -> Index range scan on sbtest3 using PRIMARY over (4880599 <= id <= 4880699)  (cost=20.6 rows=101)


table 4 : explain SELECT id, c FROM sbtest4 WHERE id BETWEEN 4880599 AND 4880699
	-> Filter: (sbtest4.id between 4880599 and 4880699)  (cost=20.6 rows=101)
    -> Index range scan on sbtest4 using PRIMARY over (4880599 <= id <= 4880699)  (cost=20.6 rows=101)


table 5 : explain SELECT id, c FROM sbtest5 WHERE id BETWEEN 4880599 AND 4880699
	-> Filter: (sbtest5.id between 4880599 and 4880699)  (cost=20.6 rows=101)
    -> Index range scan on sbtest5 using PRIMARY over (4880599 <= id <= 4880699)  (cost=20.6 rows=101)


table 6 : explain SELECT id, c FROM sbtest6 WHERE id BETWEEN 4880599 AND 4880699
	-> Filter: (sbtest6.id between 4880599 and 4880699)  (cost=20.6 rows=101)
    -> Index range scan on sbtest6 using PRIMARY over (4880599 <= id <= 4880699)  (cost=20.6 rows=101)


table 7 : explain SELECT id, c FROM sbtest7 WHERE id BETWEEN 4880599 AND 4880699
	-> Filter: (sbtest7.id between 4880599 and 4880699)  (cost=20.6 rows=101)
    -> Index range scan on sbtest7 using PRIMARY over (4880599 <= id <= 4880699)  (cost=20.6 rows=101)


table 8 : explain SELECT id, c FROM sbtest8 WHERE id BETWEEN 4880599 AND 4880699
	-> Filter: (sbtest8.id between 4880599 and 4880699)  (cost=20.6 rows=101)
    -> Index range scan on sbtest8 using PRIMARY over (4880599 <= id <= 4880699)  (cost=20.6 rows=101)



for range-notcovered
table 1 : explain SELECT id, c FROM sbtest1 WHERE id BETWEEN 8697513 AND 8697613
	-> Filter: (sbtest1.id between 8697513 and 8697613)  (cost=20.6 rows=101)
    -> Index range scan on sbtest1 using PRIMARY over (8697513 <= id <= 8697613)  (cost=20.6 rows=101)


table 2 : explain SELECT id, c FROM sbtest2 WHERE id BETWEEN 8697513 AND 8697613
	-> Filter: (sbtest2.id between 8697513 and 8697613)  (cost=20.6 rows=101)
    -> Index range scan on sbtest2 using PRIMARY over (8697513 <= id <= 8697613)  (cost=20.6 rows=101)


table 3 : explain SELECT id, c FROM sbtest3 WHERE id BETWEEN 8697513 AND 8697613
	-> Filter: (sbtest3.id between 8697513 and 8697613)  (cost=20.6 rows=101)
    -> Index range scan on sbtest3 using PRIMARY over (8697513 <= id <= 8697613)  (cost=20.6 rows=101)


table 4 : explain SELECT id, c FROM sbtest4 WHERE id BETWEEN 8697513 AND 8697613
	-> Filter: (sbtest4.id between 8697513 and 8697613)  (cost=20.6 rows=101)
    -> Index range scan on sbtest4 using PRIMARY over (8697513 <= id <= 8697613)  (cost=20.6 rows=101)


table 5 : explain SELECT id, c FROM sbtest5 WHERE id BETWEEN 8697513 AND 8697613
	-> Filter: (sbtest5.id between 8697513 and 8697613)  (cost=20.6 rows=101)
    -> Index range scan on sbtest5 using PRIMARY over (8697513 <= id <= 8697613)  (cost=20.6 rows=101)


table 6 : explain SELECT id, c FROM sbtest6 WHERE id BETWEEN 8697513 AND 8697613
	-> Filter: (sbtest6.id between 8697513 and 8697613)  (cost=20.6 rows=101)
    -> Index range scan on sbtest6 using PRIMARY over (8697513 <= id <= 8697613)  (cost=20.6 rows=101)


table 7 : explain SELECT id, c FROM sbtest7 WHERE id BETWEEN 8697513 AND 8697613
	-> Filter: (sbtest7.id between 8697513 and 8697613)  (cost=20.6 rows=101)
    -> Index range scan on sbtest7 using PRIMARY over (8697513 <= id <= 8697613)  (cost=20.6 rows=101)


table 8 : explain SELECT id, c FROM sbtest8 WHERE id BETWEEN 8697513 AND 8697613
	-> Filter: (sbtest8.id between 8697513 and 8697613)  (cost=20.6 rows=101)
    -> Index range scan on sbtest8 using PRIMARY over (8697513 <= id <= 8697613)  (cost=20.6 rows=101)


explain: for range-notcovered :: explain SELECT id, c FROM sbtest%d WHERE id BETWEEN 3051203 AND 3051303
explain: for range-notcovered :: explain SELECT id, c FROM sbtest%d WHERE id BETWEEN 2559955 AND 2560055
for range-notcovered
table 1 : explain SELECT id, c FROM sbtest1 WHERE id BETWEEN 9304560 AND 9304660
	-> Filter: (sbtest1.id between 9304560 and 9304660)  (cost=20.6 rows=101)
    -> Index range scan on sbtest1 using PRIMARY over (9304560 <= id <= 9304660)  (cost=20.6 rows=101)


table 2 : explain SELECT id, c FROM sbtest2 WHERE id BETWEEN 9304560 AND 9304660
	-> Filter: (sbtest2.id between 9304560 and 9304660)  (cost=20.6 rows=101)
    -> Index range scan on sbtest2 using PRIMARY over (9304560 <= id <= 9304660)  (cost=20.6 rows=101)


table 3 : explain SELECT id, c FROM sbtest3 WHERE id BETWEEN 9304560 AND 9304660
	-> Filter: (sbtest3.id between 9304560 and 9304660)  (cost=20.6 rows=101)
    -> Index range scan on sbtest3 using PRIMARY over (9304560 <= id <= 9304660)  (cost=20.6 rows=101)


table 4 : explain SELECT id, c FROM sbtest4 WHERE id BETWEEN 9304560 AND 9304660
	-> Filter: (sbtest4.id between 9304560 and 9304660)  (cost=20.6 rows=101)
    -> Index range scan on sbtest4 using PRIMARY over (9304560 <= id <= 9304660)  (cost=20.6 rows=101)


table 5 : explain SELECT id, c FROM sbtest5 WHERE id BETWEEN 9304560 AND 9304660
	-> Filter: (sbtest5.id between 9304560 and 9304660)  (cost=20.6 rows=101)
    -> Index range scan on sbtest5 using PRIMARY over (9304560 <= id <= 9304660)  (cost=20.6 rows=101)


table 6 : explain SELECT id, c FROM sbtest6 WHERE id BETWEEN 9304560 AND 9304660
	-> Filter: (sbtest6.id between 9304560 and 9304660)  (cost=20.6 rows=101)
    -> Index range scan on sbtest6 using PRIMARY over (9304560 <= id <= 9304660)  (cost=20.6 rows=101)


table 7 : explain SELECT id, c FROM sbtest7 WHERE id BETWEEN 9304560 AND 9304660
	-> Filter: (sbtest7.id between 9304560 and 9304660)  (cost=20.6 rows=101)
    -> Index range scan on sbtest7 using PRIMARY over (9304560 <= id <= 9304660)  (cost=20.6 rows=101)


table 8 : explain SELECT id, c FROM sbtest8 WHERE id BETWEEN 9304560 AND 9304660
	-> Filter: (sbtest8.id between 9304560 and 9304660)  (cost=20.6 rows=101)
    -> Index range scan on sbtest8 using PRIMARY over (9304560 <= id <= 9304660)  (cost=20.6 rows=101)


for range-notcovered
table 1 : explain SELECT id, c FROM sbtest1 WHERE id BETWEEN 2798754 AND 2798854
	-> Filter: (sbtest1.id between 2798754 and 2798854)  (cost=20.6 rows=101)
    -> Index range scan on sbtest1 using PRIMARY over (2798754 <= id <= 2798854)  (cost=20.6 rows=101)


table 2 : explain SELECT id, c FROM sbtest2 WHERE id BETWEEN 2798754 AND 2798854
	-> Filter: (sbtest2.id between 2798754 and 2798854)  (cost=20.6 rows=101)
    -> Index range scan on sbtest2 using PRIMARY over (2798754 <= id <= 2798854)  (cost=20.6 rows=101)


table 3 : explain SELECT id, c FROM sbtest3 WHERE id BETWEEN 2798754 AND 2798854
	-> Filter: (sbtest3.id between 2798754 and 2798854)  (cost=20.6 rows=101)
    -> Index range scan on sbtest3 using PRIMARY over (2798754 <= id <= 2798854)  (cost=20.6 rows=101)


table 4 : explain SELECT id, c FROM sbtest4 WHERE id BETWEEN 2798754 AND 2798854
	-> Filter: (sbtest4.id between 2798754 and 2798854)  (cost=20.6 rows=101)
    -> Index range scan on sbtest4 using PRIMARY over (2798754 <= id <= 2798854)  (cost=20.6 rows=101)


table 5 : explain SELECT id, c FROM sbtest5 WHERE id BETWEEN 2798754 AND 2798854
	-> Filter: (sbtest5.id between 2798754 and 2798854)  (cost=20.6 rows=101)
    -> Index range scan on sbtest5 using PRIMARY over (2798754 <= id <= 2798854)  (cost=20.6 rows=101)


table 6 : explain SELECT id, c FROM sbtest6 WHERE id BETWEEN 2798754 AND 2798854
	-> Filter: (sbtest6.id between 2798754 and 2798854)  (cost=20.6 rows=101)
    -> Index range scan on sbtest6 using PRIMARY over (2798754 <= id <= 2798854)  (cost=20.6 rows=101)


table 7 : explain SELECT id, c FROM sbtest7 WHERE id BETWEEN 2798754 AND 2798854
	-> Filter: (sbtest7.id between 2798754 and 2798854)  (cost=20.6 rows=101)
    -> Index range scan on sbtest7 using PRIMARY over (2798754 <= id <= 2798854)  (cost=20.6 rows=101)


table 8 : explain SELECT id, c FROM sbtest8 WHERE id BETWEEN 2798754 AND 2798854
	-> Filter: (sbtest8.id between 2798754 and 2798854)  (cost=20.6 rows=101)
    -> Index range scan on sbtest8 using PRIMARY over (2798754 <= id <= 2798854)  (cost=20.6 rows=101)


explain: for range-notcovered :: explain SELECT id, c FROM sbtest%d WHERE id BETWEEN 4118184 AND 4118284
for range-notcovered
table 1 : explain SELECT id, c FROM sbtest1 WHERE id BETWEEN 2677039 AND 2677139
	-> Filter: (sbtest1.id between 2677039 and 2677139)  (cost=20.6 rows=101)
    -> Index range scan on sbtest1 using PRIMARY over (2677039 <= id <= 2677139)  (cost=20.6 rows=101)


table 2 : explain SELECT id, c FROM sbtest2 WHERE id BETWEEN 2677039 AND 2677139
	-> Filter: (sbtest2.id between 2677039 and 2677139)  (cost=20.6 rows=101)
    -> Index range scan on sbtest2 using PRIMARY over (2677039 <= id <= 2677139)  (cost=20.6 rows=101)


table 3 : explain SELECT id, c FROM sbtest3 WHERE id BETWEEN 2677039 AND 2677139
	-> Filter: (sbtest3.id between 2677039 and 2677139)  (cost=20.6 rows=101)
    -> Index range scan on sbtest3 using PRIMARY over (2677039 <= id <= 2677139)  (cost=20.6 rows=101)


table 4 : explain SELECT id, c FROM sbtest4 WHERE id BETWEEN 2677039 AND 2677139
	-> Filter: (sbtest4.id between 2677039 and 2677139)  (cost=20.6 rows=101)
    -> Index range scan on sbtest4 using PRIMARY over (2677039 <= id <= 2677139)  (cost=20.6 rows=101)


table 5 : explain SELECT id, c FROM sbtest5 WHERE id BETWEEN 2677039 AND 2677139
	-> Filter: (sbtest5.id between 2677039 and 2677139)  (cost=20.6 rows=101)
    -> Index range scan on sbtest5 using PRIMARY over (2677039 <= id <= 2677139)  (cost=20.6 rows=101)


table 6 : explain SELECT id, c FROM sbtest6 WHERE id BETWEEN 2677039 AND 2677139
	-> Filter: (sbtest6.id between 2677039 and 2677139)  (cost=20.6 rows=101)
    -> Index range scan on sbtest6 using PRIMARY over (2677039 <= id <= 2677139)  (cost=20.6 rows=101)


table 7 : explain SELECT id, c FROM sbtest7 WHERE id BETWEEN 2677039 AND 2677139
	-> Filter: (sbtest7.id between 2677039 and 2677139)  (cost=20.6 rows=101)
    -> Index range scan on sbtest7 using PRIMARY over (2677039 <= id <= 2677139)  (cost=20.6 rows=101)


table 8 : explain SELECT id, c FROM sbtest8 WHERE id BETWEEN 2677039 AND 2677139
	-> Filter: (sbtest8.id between 2677039 and 2677139)  (cost=20.6 rows=101)
    -> Index range scan on sbtest8 using PRIMARY over (2677039 <= id <= 2677139)  (cost=20.6 rows=101)


explain: for range-notcovered :: explain SELECT id, c FROM sbtest%d WHERE id BETWEEN 3730450 AND 3730550
explain: for range-notcovered :: explain SELECT id, c FROM sbtest%d WHERE id BETWEEN 4880599 AND 4880699
explain: for range-notcovered :: explain SELECT id, c FROM sbtest%d WHERE id BETWEEN 8697513 AND 8697613
explain: for range-notcovered :: explain SELECT id, c FROM sbtest%d WHERE id BETWEEN 2798754 AND 2798854for range-notcovered
table 1 : explain SELECT id, c FROM sbtest1 WHERE id BETWEEN 4992126 AND 4992226
	-> Filter: (sbtest1.id between 4992126 and 4992226)  (cost=20.6 rows=101)
    -> Index range scan on sbtest1 using PRIMARY over (4992126 <= id <= 4992226)  (cost=20.6 rows=101)


table 2 : explain SELECT id, c FROM sbtest2 WHERE id BETWEEN 4992126 AND 4992226
	-> Filter: (sbtest2.id between 4992126 and 4992226)  (cost=20.6 rows=101)
    -> Index range scan on sbtest2 using PRIMARY over (4992126 <= id <= 4992226)  (cost=20.6 rows=101)


table 3 : explain SELECT id, c FROM sbtest3 WHERE id BETWEEN 4992126 AND 4992226
	-> Filter: (sbtest3.id between 4992126 and 4992226)  (cost=20.6 rows=101)
    -> Index range scan on sbtest3 using PRIMARY over (4992126 <= id <= 4992226)  (cost=20.6 rows=101)


table 4 : explain SELECT id, c FROM sbtest4 WHERE id BETWEEN 4992126 AND 4992226
	-> Filter: (sbtest4.id between 4992126 and 4992226)  (cost=20.6 rows=101)
    -> Index range scan on sbtest4 using PRIMARY over (4992126 <= id <= 4992226)  (cost=20.6 rows=101)


table 5 : explain SELECT id, c FROM sbtest5 WHERE id BETWEEN 4992126 AND 4992226
	-> Filter: (sbtest5.id between 4992126 and 4992226)  (cost=20.6 rows=101)
    -> Index range scan on sbtest5 using PRIMARY over (4992126 <= id <= 4992226)  (cost=20.6 rows=101)


table 6 : explain SELECT id, c FROM sbtest6 WHERE id BETWEEN 4992126 AND 4992226
	-> Filter: (sbtest6.id between 4992126 and 4992226)  (cost=20.6 rows=101)
    -> Index range scan on sbtest6 using PRIMARY over (4992126 <= id <= 4992226)  (cost=20.6 rows=101)


table 7 : explain SELECT id, c FROM sbtest7 WHERE id BETWEEN 4992126 AND 4992226
	-> Filter: (sbtest7.id between 4992126 and 4992226)  (cost=20.6 rows=101)
    -> Index range scan on sbtest7 using PRIMARY over (4992126 <= id <= 4992226)  (cost=20.6 rows=101)


table 8 : explain SELECT id, c FROM sbtest8 WHERE id BETWEEN 4992126 AND 4992226
	-> Filter: (sbtest8.id between 4992126 and 4992226)  (cost=20.6 rows=101)
    -> Index range scan on sbtest8 using PRIMARY over (4992126 <= id <= 4992226)  (cost=20.6 rows=101)


explain: for range-notcovered :: explain SELECT id, c FROM sbtest%d WHERE id BETWEEN 2677039 AND 2677139
for range-notcovered
table 1 : explain SELECT id, c FROM sbtest1 WHERE id BETWEEN 4201106 AND 4201206
	-> Filter: (sbtest1.id between 4201106 and 4201206)  (cost=20.6 rows=101)
    -> Index range scan on sbtest1 using PRIMARY over (4201106 <= id <= 4201206)  (cost=20.6 rows=101)


table 2 : explain SELECT id, c FROM sbtest2 WHERE id BETWEEN 4201106 AND 4201206
	-> Filter: (sbtest2.id between 4201106 and 4201206)  (cost=20.6 rows=101)
    -> Index range scan on sbtest2 using PRIMARY over (4201106 <= id <= 4201206)  (cost=20.6 rows=101)


table 3 : explain SELECT id, c FROM sbtest3 WHERE id BETWEEN 4201106 AND 4201206
	-> Filter: (sbtest3.id between 4201106 and 4201206)  (cost=20.6 rows=101)
    -> Index range scan on sbtest3 using PRIMARY over (4201106 <= id <= 4201206)  (cost=20.6 rows=101)


table 4 : explain SELECT id, c FROM sbtest4 WHERE id BETWEEN 4201106 AND 4201206
	-> Filter: (sbtest4.id between 4201106 and 4201206)  (cost=20.6 rows=101)
    -> Index range scan on sbtest4 using PRIMARY over (4201106 <= id <= 4201206)  (cost=20.6 rows=101)


table 5 : explain SELECT id, c FROM sbtest5 WHERE id BETWEEN 4201106 AND 4201206
	-> Filter: (sbtest5.id between 4201106 and 4201206)  (cost=20.6 rows=101)
    -> Index range scan on sbtest5 using PRIMARY over (4201106 <= id <= 4201206)  (cost=20.6 rows=101)


table 6 : explain SELECT id, c FROM sbtest6 WHERE id BETWEEN 4201106 AND 4201206
	-> Filter: (sbtest6.id between 4201106 and 4201206)  (cost=20.6 rows=101)
    -> Index range scan on sbtest6 using PRIMARY over (4201106 <= id <= 4201206)  (cost=20.6 rows=101)


table 7 : explain SELECT id, c FROM sbtest7 WHERE id BETWEEN 4201106 AND 4201206
	-> Filter: (sbtest7.id between 4201106 and 4201206)  (cost=20.6 rows=101)
    -> Index range scan on sbtest7 using PRIMARY over (4201106 <= id <= 4201206)  (cost=20.6 rows=101)


table 8 : explain SELECT id, c FROM sbtest8 WHERE id BETWEEN 4201106 AND 4201206
	-> Filter: (sbtest8.id between 4201106 and 4201206)  (cost=20.6 rows=101)
    -> Index range scan on sbtest8 using PRIMARY over (4201106 <= id <= 4201206)  (cost=20.6 rows=101)

for range-notcovered
table 1 : explain SELECT id, c FROM sbtest1 WHERE id BETWEEN 8773081 AND 8773181
	-> Filter: (sbtest1.id between 8773081 and 8773181)  (cost=20.6 rows=101)
    -> Index range scan on sbtest1 using PRIMARY over (8773081 <= id <= 8773181)  (cost=20.6 rows=101)


table 2 : explain SELECT id, c FROM sbtest2 WHERE id BETWEEN 8773081 AND 8773181
	-> Filter: (sbtest2.id between 8773081 and 8773181)  (cost=20.6 rows=101)
    -> Index range scan on sbtest2 using PRIMARY over (8773081 <= id <= 8773181)  (cost=20.6 rows=101)


table 3 : explain SELECT id, c FROM sbtest3 WHERE id BETWEEN 8773081 AND 8773181
	-> Filter: (sbtest3.id between 8773081 and 8773181)  (cost=20.6 rows=101)
    -> Index range scan on sbtest3 using PRIMARY over (8773081 <= id <= 8773181)  (cost=20.6 rows=101)


table 4 : explain SELECT id, c FROM sbtest4 WHERE id BETWEEN 8773081 AND 8773181
	-> Filter: (sbtest4.id between 8773081 and 8773181)  (cost=20.6 rows=101)
    -> Index range scan on sbtest4 using PRIMARY over (8773081 <= id <= 8773181)  (cost=20.6 rows=101)


table 5 : explain SELECT id, c FROM sbtest5 WHERE id BETWEEN 8773081 AND 8773181
	-> Filter: (sbtest5.id between 8773081 and 8773181)  (cost=20.6 rows=101)
    -> Index range scan on sbtest5 using PRIMARY over (8773081 <= id <= 8773181)  (cost=20.6 rows=101)


table 6 : explain SELECT id, c FROM sbtest6 WHERE id BETWEEN 8773081 AND 8773181
	-> Filter: (sbtest6.id between 8773081 and 8773181)  (cost=20.6 rows=101)
    -> Index range scan on sbtest6 using PRIMARY over (8773081 <= id <= 8773181)  (cost=20.6 rows=101)


table 7 : explain SELECT id, c FROM sbtest7 WHERE id BETWEEN 8773081 AND 8773181
	-> Filter: (sbtest7.id between 8773081 and 8773181)  (cost=20.6 rows=101)
    -> Index range scan on sbtest7 using PRIMARY over (8773081 <= id <= 8773181)  (cost=20.6 rows=101)


table 8 : explain SELECT id, c FROM sbtest8 WHERE id BETWEEN 8773081 AND 8773181
	-> Filter: (sbtest8.id between 8773081 and 8773181)  (cost=20.6 rows=101)
    -> Index range scan on sbtest8 using PRIMARY over (8773081 <= id <= 8773181)  (cost=20.6 rows=101)


explain: for range-notcovered :: explain SELECT id, c FROM sbtest%d WHERE id BETWEEN 9304560 AND 9304660
for range-notcovered
table 1 : explain SELECT id, c FROM sbtest1 WHERE id BETWEEN 2905294 AND 2905394
	-> Filter: (sbtest1.id between 2905294 and 2905394)  (cost=20.6 rows=101)
    -> Index range scan on sbtest1 using PRIMARY over (2905294 <= id <= 2905394)  (cost=20.6 rows=101)


table 2 : explain SELECT id, c FROM sbtest2 WHERE id BETWEEN 2905294 AND 2905394
	-> Filter: (sbtest2.id between 2905294 and 2905394)  (cost=20.6 rows=101)
    -> Index range scan on sbtest2 using PRIMARY over (2905294 <= id <= 2905394)  (cost=20.6 rows=101)


table 3 : explain SELECT id, c FROM sbtest3 WHERE id BETWEEN 2905294 AND 2905394
	-> Filter: (sbtest3.id between 2905294 and 2905394)  (cost=20.6 rows=101)
    -> Index range scan on sbtest3 using PRIMARY over (2905294 <= id <= 2905394)  (cost=20.6 rows=101)


table 4 : explain SELECT id, c FROM sbtest4 WHERE id BETWEEN 2905294 AND 2905394
	-> Filter: (sbtest4.id between 2905294 and 2905394)  (cost=20.6 rows=101)
    -> Index range scan on sbtest4 using PRIMARY over (2905294 <= id <= 2905394)  (cost=20.6 rows=101)


table 5 : explain SELECT id, c FROM sbtest5 WHERE id BETWEEN 2905294 AND 2905394
	-> Filter: (sbtest5.id between 2905294 and 2905394)  (cost=20.6 rows=101)
    -> Index range scan on sbtest5 using PRIMARY over (2905294 <= id <= 2905394)  (cost=20.6 rows=101)


table 6 : explain SELECT id, c FROM sbtest6 WHERE id BETWEEN 2905294 AND 2905394
	-> Filter: (sbtest6.id between 2905294 and 2905394)  (cost=20.6 rows=101)
    -> Index range scan on sbtest6 using PRIMARY over (2905294 <= id <= 2905394)  (cost=20.6 rows=101)


table 7 : explain SELECT id, c FROM sbtest7 WHERE id BETWEEN 2905294 AND 2905394
	-> Filter: (sbtest7.id between 2905294 and 2905394)  (cost=20.6 rows=101)
    -> Index range scan on sbtest7 using PRIMARY over (2905294 <= id <= 2905394)  (cost=20.6 rows=101)


table 8 : explain SELECT id, c FROM sbtest8 WHERE id BETWEEN 2905294 AND 2905394
	-> Filter: (sbtest8.id between 2905294 and 2905394)  (cost=20.6 rows=101)
    -> Index range scan on sbtest8 using PRIMARY over (2905294 <= id <= 2905394)  (cost=20.6 rows=101)


for range-notcovered
table 1 : explain SELECT id, c FROM sbtest1 WHERE id BETWEEN 4567750 AND 4567850
	-> Filter: (sbtest1.id between 4567750 and 4567850)  (cost=20.6 rows=101)
    -> Index range scan on sbtest1 using PRIMARY over (4567750 <= id <= 4567850)  (cost=20.6 rows=101)


table 2 : explain SELECT id, c FROM sbtest2 WHERE id BETWEEN 4567750 AND 4567850
	-> Filter: (sbtest2.id between 4567750 and 4567850)  (cost=20.6 rows=101)
    -> Index range scan on sbtest2 using PRIMARY over (4567750 <= id <= 4567850)  (cost=20.6 rows=101)


table 3 : explain SELECT id, c FROM sbtest3 WHERE id BETWEEN 4567750 AND 4567850
	-> Filter: (sbtest3.id between 4567750 and 4567850)  (cost=20.6 rows=101)
    -> Index range scan on sbtest3 using PRIMARY over (4567750 <= id <= 4567850)  (cost=20.6 rows=101)


table 4 : explain SELECT id, c FROM sbtest4 WHERE id BETWEEN 4567750 AND 4567850
	-> Filter: (sbtest4.id between 4567750 and 4567850)  (cost=20.6 rows=101)
    -> Index range scan on sbtest4 using PRIMARY over (4567750 <= id <= 4567850)  (cost=20.6 rows=101)


table 5 : explain SELECT id, c FROM sbtest5 WHERE id BETWEEN 4567750 AND 4567850
	-> Filter: (sbtest5.id between 4567750 and 4567850)  (cost=20.6 rows=101)
    -> Index range scan on sbtest5 using PRIMARY over (4567750 <= id <= 4567850)  (cost=20.6 rows=101)


table 6 : explain SELECT id, c FROM sbtest6 WHERE id BETWEEN 4567750 AND 4567850
	-> Filter: (sbtest6.id between 4567750 and 4567850)  (cost=20.6 rows=101)
    -> Index range scan on sbtest6 using PRIMARY over (4567750 <= id <= 4567850)  (cost=20.6 rows=101)


table 7 : explain SELECT id, c FROM sbtest7 WHERE id BETWEEN 4567750 AND 4567850
	-> Filter: (sbtest7.id between 4567750 and 4567850)  (cost=20.6 rows=101)
    -> Index range scan on sbtest7 using PRIMARY over (4567750 <= id <= 4567850)  (cost=20.6 rows=101)


table 8 : explain SELECT id, c FROM sbtest8 WHERE id BETWEEN 4567750 AND 4567850
	-> Filter: (sbtest8.id between 4567750 and 4567850)  (cost=20.6 rows=101)
    -> Index range scan on sbtest8 using PRIMARY over (4567750 <= id <= 4567850)  (cost=20.6 rows=101)



explain: for range-notcovered :: explain SELECT id, c FROM sbtest%d WHERE id BETWEEN 4992126 AND 4992226

for range-notcovered
table 1 : explain SELECT id, c FROM sbtest1 WHERE id BETWEEN 6876452 AND 6876552
	-> Filter: (sbtest1.id between 6876452 and 6876552)  (cost=20.6 rows=101)
    -> Index range scan on sbtest1 using PRIMARY over (6876452 <= id <= 6876552)  (cost=20.6 rows=101)


table 2 : explain SELECT id, c FROM sbtest2 WHERE id BETWEEN 6876452 AND 6876552
	-> Filter: (sbtest2.id between 6876452 and 6876552)  (cost=20.6 rows=101)
    -> Index range scan on sbtest2 using PRIMARY over (6876452 <= id <= 6876552)  (cost=20.6 rows=101)


table 3 : explain SELECT id, c FROM sbtest3 WHERE id BETWEEN 6876452 AND 6876552
	-> Filter: (sbtest3.id between 6876452 and 6876552)  (cost=20.6 rows=101)
    -> Index range scan on sbtest3 using PRIMARY over (6876452 <= id <= 6876552)  (cost=20.6 rows=101)


table 4 : explain SELECT id, c FROM sbtest4 WHERE id BETWEEN 6876452 AND 6876552
	-> Filter: (sbtest4.id between 6876452 and 6876552)  (cost=20.6 rows=101)
    -> Index range scan on sbtest4 using PRIMARY over (6876452 <= id <= 6876552)  (cost=20.6 rows=101)


table 5 : explain SELECT id, c FROM sbtest5 WHERE id BETWEEN 6876452 AND 6876552
	-> Filter: (sbtest5.id between 6876452 and 6876552)  (cost=20.6 rows=101)
    -> Index range scan on sbtest5 using PRIMARY over (6876452 <= id <= 6876552)  (cost=20.6 rows=101)


table 6 : explain SELECT id, c FROM sbtest6 WHERE id BETWEEN 6876452 AND 6876552
	-> Filter: (sbtest6.id between 6876452 and 6876552)  (cost=20.6 rows=101)
    -> Index range scan on sbtest6 using PRIMARY over (6876452 <= id <= 6876552)  (cost=20.6 rows=101)


table 7 : explain SELECT id, c FROM sbtest7 WHERE id BETWEEN 6876452 AND 6876552
	-> Filter: (sbtest7.id between 6876452 and 6876552)  (cost=20.6 rows=101)
    -> Index range scan on sbtest7 using PRIMARY over (6876452 <= id <= 6876552)  (cost=20.6 rows=101)


table 8 : explain SELECT id, c FROM sbtest8 WHERE id BETWEEN 6876452 AND 6876552
	-> Filter: (sbtest8.id between 6876452 and 6876552)  (cost=20.6 rows=101)
    -> Index range scan on sbtest8 using PRIMARY over (6876452 <= id <= 6876552)  (cost=20.6 rows=101)


explain: for range-notcovered :: explain SELECT id, c FROM sbtest%d WHERE id BETWEEN 4567750 AND 4567850
explain: for range-notcovered :: explain SELECT id, c FROM sbtest%d WHERE id BETWEEN 8773081 AND 8773181
for range-notcovered
table 1 : explain SELECT id, c FROM sbtest1 WHERE id BETWEEN 6620110 AND 6620210
	-> Filter: (sbtest1.id between 6620110 and 6620210)  (cost=20.6 rows=101)
    -> Index range scan on sbtest1 using PRIMARY over (6620110 <= id <= 6620210)  (cost=20.6 rows=101)


table 2 : explain SELECT id, c FROM sbtest2 WHERE id BETWEEN 6620110 AND 6620210
	-> Filter: (sbtest2.id between 6620110 and 6620210)  (cost=20.6 rows=101)
    -> Index range scan on sbtest2 using PRIMARY over (6620110 <= id <= 6620210)  (cost=20.6 rows=101)


table 3 : explain SELECT id, c FROM sbtest3 WHERE id BETWEEN 6620110 AND 6620210
	-> Filter: (sbtest3.id between 6620110 and 6620210)  (cost=20.6 rows=101)
    -> Index range scan on sbtest3 using PRIMARY over (6620110 <= id <= 6620210)  (cost=20.6 rows=101)


table 4 : explain SELECT id, c FROM sbtest4 WHERE id BETWEEN 6620110 AND 6620210
	-> Filter: (sbtest4.id between 6620110 and 6620210)  (cost=20.6 rows=101)
    -> Index range scan on sbtest4 using PRIMARY over (6620110 <= id <= 6620210)  (cost=20.6 rows=101)


table 5 : explain SELECT id, c FROM sbtest5 WHERE id BETWEEN 6620110 AND 6620210
	-> Filter: (sbtest5.id between 6620110 and 6620210)  (cost=20.6 rows=101)
    -> Index range scan on sbtest5 using PRIMARY over (6620110 <= id <= 6620210)  (cost=20.6 rows=101)


table 6 : explain SELECT id, c FROM sbtest6 WHERE id BETWEEN 6620110 AND 6620210
	-> Filter: (sbtest6.id between 6620110 and 6620210)  (cost=20.6 rows=101)
    -> Index range scan on sbtest6 using PRIMARY over (6620110 <= id <= 6620210)  (cost=20.6 rows=101)


table 7 : explain SELECT id, c FROM sbtest7 WHERE id BETWEEN 6620110 AND 6620210
	-> Filter: (sbtest7.id between 6620110 and 6620210)  (cost=20.6 rows=101)
    -> Index range scan on sbtest7 using PRIMARY over (6620110 <= id <= 6620210)  (cost=20.6 rows=101)


table 8 : explain SELECT id, c FROM sbtest8 WHERE id BETWEEN 6620110 AND 6620210
	-> Filter: (sbtest8.id between 6620110 and 6620210)  (cost=20.6 rows=101)
    -> Index range scan on sbtest8 using PRIMARY over (6620110 <= id <= 6620210)  (cost=20.6 rows=101)

for range-notcovered
table 1 : explain SELECT id, c FROM sbtest1 WHERE id BETWEEN 8363538 AND 8363638
	-> Filter: (sbtest1.id between 8363538 and 8363638)  (cost=20.6 rows=101)
    -> Index range scan on sbtest1 using PRIMARY over (8363538 <= id <= 8363638)  (cost=20.6 rows=101)


table 2 : explain SELECT id, c FROM sbtest2 WHERE id BETWEEN 8363538 AND 8363638
	-> Filter: (sbtest2.id between 8363538 and 8363638)  (cost=20.6 rows=101)
    -> Index range scan on sbtest2 using PRIMARY over (8363538 <= id <= 8363638)  (cost=20.6 rows=101)


table 3 : explain SELECT id, c FROM sbtest3 WHERE id BETWEEN 8363538 AND 8363638
	-> Filter: (sbtest3.id between 8363538 and 8363638)  (cost=20.6 rows=101)
    -> Index range scan on sbtest3 using PRIMARY over (8363538 <= id <= 8363638)  (cost=20.6 rows=101)


table 4 : explain SELECT id, c FROM sbtest4 WHERE id BETWEEN 8363538 AND 8363638
	-> Filter: (sbtest4.id between 8363538 and 8363638)  (cost=20.6 rows=101)
    -> Index range scan on sbtest4 using PRIMARY over (8363538 <= id <= 8363638)  (cost=20.6 rows=101)


table 5 : explain SELECT id, c FROM sbtest5 WHERE id BETWEEN 8363538 AND 8363638
	-> Filter: (sbtest5.id between 8363538 and 8363638)  (cost=20.6 rows=101)
    -> Index range scan on sbtest5 using PRIMARY over (8363538 <= id <= 8363638)  (cost=20.6 rows=101)


table 6 : explain SELECT id, c FROM sbtest6 WHERE id BETWEEN 8363538 AND 8363638
	-> Filter: (sbtest6.id between 8363538 and 8363638)  (cost=20.6 rows=101)
    -> Index range scan on sbtest6 using PRIMARY over (8363538 <= id <= 8363638)  (cost=20.6 rows=101)


table 7 : explain SELECT id, c FROM sbtest7 WHERE id BETWEEN 8363538 AND 8363638
	-> Filter: (sbtest7.id between 8363538 and 8363638)  (cost=20.6 rows=101)
    -> Index range scan on sbtest7 using PRIMARY over (8363538 <= id <= 8363638)  (cost=20.6 rows=101)


table 8 : explain SELECT id, c FROM sbtest8 WHERE id BETWEEN 8363538 AND 8363638
	-> Filter: (sbtest8.id between 8363538 and 8363638)  (cost=20.6 rows=101)
    -> Index range scan on sbtest8 using PRIMARY over (8363538 <= id <= 8363638)  (cost=20.6 rows=101)


for range-notcovered
table 1 : explain SELECT id, c FROM sbtest1 WHERE id BETWEEN 3603238 AND 3603338
	-> Filter: (sbtest1.id between 3603238 and 3603338)  (cost=20.6 rows=101)
    -> Index range scan on sbtest1 using PRIMARY over (3603238 <= id <= 3603338)  (cost=20.6 rows=101)


table 2 : explain SELECT id, c FROM sbtest2 WHERE id BETWEEN 3603238 AND 3603338
	-> Filter: (sbtest2.id between 3603238 and 3603338)  (cost=20.6 rows=101)
    -> Index range scan on sbtest2 using PRIMARY over (3603238 <= id <= 3603338)  (cost=20.6 rows=101)


table 3 : explain SELECT id, c FROM sbtest3 WHERE id BETWEEN 3603238 AND 3603338
	-> Filter: (sbtest3.id between 3603238 and 3603338)  (cost=20.6 rows=101)
    -> Index range scan on sbtest3 using PRIMARY over (3603238 <= id <= 3603338)  (cost=20.6 rows=101)


table 4 : explain SELECT id, c FROM sbtest4 WHERE id BETWEEN 3603238 AND 3603338
	-> Filter: (sbtest4.id between 3603238 and 3603338)  (cost=20.6 rows=101)
    -> Index range scan on sbtest4 using PRIMARY over (3603238 <= id <= 3603338)  (cost=20.6 rows=101)


table 5 : explain SELECT id, c FROM sbtest5 WHERE id BETWEEN 3603238 AND 3603338
	-> Filter: (sbtest5.id between 3603238 and 3603338)  (cost=20.6 rows=101)
    -> Index range scan on sbtest5 using PRIMARY over (3603238 <= id <= 3603338)  (cost=20.6 rows=101)


table 6 : explain SELECT id, c FROM sbtest6 WHERE id BETWEEN 3603238 AND 3603338
	-> Filter: (sbtest6.id between 3603238 and 3603338)  (cost=20.6 rows=101)
    -> Index range scan on sbtest6 using PRIMARY over (3603238 <= id <= 3603338)  (cost=20.6 rows=101)


table 7 : explain SELECT id, c FROM sbtest7 WHERE id BETWEEN 3603238 AND 3603338
	-> Filter: (sbtest7.id between 3603238 and 3603338)  (cost=20.6 rows=101)
    -> Index range scan on sbtest7 using PRIMARY over (3603238 <= id <= 3603338)  (cost=20.6 rows=101)


table 8 : explain SELECT id, c FROM sbtest8 WHERE id BETWEEN 3603238 AND 3603338
	-> Filter: (sbtest8.id between 3603238 and 3603338)  (cost=20.6 rows=101)
    -> Index range scan on sbtest8 using PRIMARY over (3603238 <= id <= 3603338)  (cost=20.6 rows=101)



explain: for range-notcovered :: explain SELECT id, c FROM sbtest%d WHERE id BETWEEN 2905294 AND 2905394
for range-notcovered
table 1 : explain SELECT id, c FROM sbtest1 WHERE id BETWEEN 7208830 AND 7208930
	-> Filter: (sbtest1.id between 7208830 and 7208930)  (cost=20.6 rows=101)
    -> Index range scan on sbtest1 using PRIMARY over (7208830 <= id <= 7208930)  (cost=20.6 rows=101)


table 2 : explain SELECT id, c FROM sbtest2 WHERE id BETWEEN 7208830 AND 7208930
	-> Filter: (sbtest2.id between 7208830 and 7208930)  (cost=20.6 rows=101)
    -> Index range scan on sbtest2 using PRIMARY over (7208830 <= id <= 7208930)  (cost=20.6 rows=101)


table 3 : explain SELECT id, c FROM sbtest3 WHERE id BETWEEN 7208830 AND 7208930
	-> Filter: (sbtest3.id between 7208830 and 7208930)  (cost=20.6 rows=101)
    -> Index range scan on sbtest3 using PRIMARY over (7208830 <= id <= 7208930)  (cost=20.6 rows=101)


table 4 : explain SELECT id, c FROM sbtest4 WHERE id BETWEEN 7208830 AND 7208930
	-> Filter: (sbtest4.id between 7208830 and 7208930)  (cost=20.6 rows=101)
    -> Index range scan on sbtest4 using PRIMARY over (7208830 <= id <= 7208930)  (cost=20.6 rows=101)


table 5 : explain SELECT id, c FROM sbtest5 WHERE id BETWEEN 7208830 AND 7208930
	-> Filter: (sbtest5.id between 7208830 and 7208930)  (cost=20.6 rows=101)
    -> Index range scan on sbtest5 using PRIMARY over (7208830 <= id <= 7208930)  (cost=20.6 rows=101)


table 6 : explain SELECT id, c FROM sbtest6 WHERE id BETWEEN 7208830 AND 7208930
	-> Filter: (sbtest6.id between 7208830 and 7208930)  (cost=20.6 rows=101)
    -> Index range scan on sbtest6 using PRIMARY over (7208830 <= id <= 7208930)  (cost=20.6 rows=101)


table 7 : explain SELECT id, c FROM sbtest7 WHERE id BETWEEN 7208830 AND 7208930
	-> Filter: (sbtest7.id between 7208830 and 7208930)  (cost=20.6 rows=101)
    -> Index range scan on sbtest7 using PRIMARY over (7208830 <= id <= 7208930)  (cost=20.6 rows=101)


table 8 : explain SELECT id, c FROM sbtest8 WHERE id BETWEEN 7208830 AND 7208930
	-> Filter: (sbtest8.id between 7208830 and 7208930)  (cost=20.6 rows=101)
    -> Index range scan on sbtest8 using PRIMARY over (7208830 <= id <= 7208930)  (cost=20.6 rows=101)


explain: for range-notcovered :: explain SELECT id, c FROM sbtest%d WHERE id BETWEEN 6876452 AND 6876552
explain: for range-notcovered :: explain SELECT id, c FROM sbtest%d WHERE id BETWEEN 8363538 AND 8363638
for range-notcovered
table 1 : explain SELECT id, c FROM sbtest1 WHERE id BETWEEN 7021492 AND 7021592
	-> Filter: (sbtest1.id between 7021492 and 7021592)  (cost=20.6 rows=101)
    -> Index range scan on sbtest1 using PRIMARY over (7021492 <= id <= 7021592)  (cost=20.6 rows=101)


table 2 : explain SELECT id, c FROM sbtest2 WHERE id BETWEEN 7021492 AND 7021592
	-> Filter: (sbtest2.id between 7021492 and 7021592)  (cost=20.6 rows=101)
    -> Index range scan on sbtest2 using PRIMARY over (7021492 <= id <= 7021592)  (cost=20.6 rows=101)


table 3 : explain SELECT id, c FROM sbtest3 WHERE id BETWEEN 7021492 AND 7021592
	-> Filter: (sbtest3.id between 7021492 and 7021592)  (cost=20.6 rows=101)
    -> Index range scan on sbtest3 using PRIMARY over (7021492 <= id <= 7021592)  (cost=20.6 rows=101)


table 4 : explain SELECT id, c FROM sbtest4 WHERE id BETWEEN 7021492 AND 7021592
	-> Filter: (sbtest4.id between 7021492 and 7021592)  (cost=20.6 rows=101)
    -> Index range scan on sbtest4 using PRIMARY over (7021492 <= id <= 7021592)  (cost=20.6 rows=101)


table 5 : explain SELECT id, c FROM sbtest5 WHERE id BETWEEN 7021492 AND 7021592
	-> Filter: (sbtest5.id between 7021492 and 7021592)  (cost=20.6 rows=101)
    -> Index range scan on sbtest5 using PRIMARY over (7021492 <= id <= 7021592)  (cost=20.6 rows=101)


table 6 : explain SELECT id, c FROM sbtest6 WHERE id BETWEEN 7021492 AND 7021592
	-> Filter: (sbtest6.id between 7021492 and 7021592)  (cost=20.6 rows=101)
    -> Index range scan on sbtest6 using PRIMARY over (7021492 <= id <= 7021592)  (cost=20.6 rows=101)


table 7 : explain SELECT id, c FROM sbtest7 WHERE id BETWEEN 7021492 AND 7021592
	-> Filter: (sbtest7.id between 7021492 and 7021592)  (cost=20.6 rows=101)
    -> Index range scan on sbtest7 using PRIMARY over (7021492 <= id <= 7021592)  (cost=20.6 rows=101)


table 8 : explain SELECT id, c FROM sbtest8 WHERE id BETWEEN 7021492 AND 7021592
	-> Filter: (sbtest8.id between 7021492 and 7021592)  (cost=20.6 rows=101)
    -> Index range scan on sbtest8 using PRIMARY over (7021492 <= id <= 7021592)  (cost=20.6 rows=101)

for range-notcovered
table 1 : explain SELECT id, c FROM sbtest1 WHERE id BETWEEN 4339851 AND 4339951
	-> Filter: (sbtest1.id between 4339851 and 4339951)  (cost=20.6 rows=101)
    -> Index range scan on sbtest1 using PRIMARY over (4339851 <= id <= 4339951)  (cost=20.6 rows=101)


table 2 : explain SELECT id, c FROM sbtest2 WHERE id BETWEEN 4339851 AND 4339951
	-> Filter: (sbtest2.id between 4339851 and 4339951)  (cost=20.6 rows=101)
    -> Index range scan on sbtest2 using PRIMARY over (4339851 <= id <= 4339951)  (cost=20.6 rows=101)


table 3 : explain SELECT id, c FROM sbtest3 WHERE id BETWEEN 4339851 AND 4339951
	-> Filter: (sbtest3.id between 4339851 and 4339951)  (cost=20.6 rows=101)
    -> Index range scan on sbtest3 using PRIMARY over (4339851 <= id <= 4339951)  (cost=20.6 rows=101)


table 4 : explain SELECT id, c FROM sbtest4 WHERE id BETWEEN 4339851 AND 4339951
	-> Filter: (sbtest4.id between 4339851 and 4339951)  (cost=20.6 rows=101)
    -> Index range scan on sbtest4 using PRIMARY over (4339851 <= id <= 4339951)  (cost=20.6 rows=101)


table 5 : explain SELECT id, c FROM sbtest5 WHERE id BETWEEN 4339851 AND 4339951
	-> Filter: (sbtest5.id between 4339851 and 4339951)  (cost=20.6 rows=101)
    -> Index range scan on sbtest5 using PRIMARY over (4339851 <= id <= 4339951)  (cost=20.6 rows=101)


table 6 : explain SELECT id, c FROM sbtest6 WHERE id BETWEEN 4339851 AND 4339951
	-> Filter: (sbtest6.id between 4339851 and 4339951)  (cost=20.6 rows=101)
    -> Index range scan on sbtest6 using PRIMARY over (4339851 <= id <= 4339951)  (cost=20.6 rows=101)


table 7 : explain SELECT id, c FROM sbtest7 WHERE id BETWEEN 4339851 AND 4339951
	-> Filter: (sbtest7.id between 4339851 and 4339951)  (cost=20.6 rows=101)
    -> Index range scan on sbtest7 using PRIMARY over (4339851 <= id <= 4339951)  (cost=20.6 rows=101)


table 8 : explain SELECT id, c FROM sbtest8 WHERE id BETWEEN 4339851 AND 4339951
	-> Filter: (sbtest8.id between 4339851 and 4339951)  (cost=20.6 rows=101)
    -> Index range scan on sbtest8 using PRIMARY over (4339851 <= id <= 4339951)  (cost=20.6 rows=101)

explain: for range-notcovered :: explain SELECT id, c FROM sbtest%d WHERE id BETWEEN 6620110 AND 6620210
for range-notcovered
table 1 : explain SELECT id, c FROM sbtest1 WHERE id BETWEEN 7869894 AND 7869994
	-> Filter: (sbtest1.id between 7869894 and 7869994)  (cost=20.6 rows=101)
    -> Index range scan on sbtest1 using PRIMARY over (7869894 <= id <= 7869994)  (cost=20.6 rows=101)


table 2 : explain SELECT id, c FROM sbtest2 WHERE id BETWEEN 7869894 AND 7869994
	-> Filter: (sbtest2.id between 7869894 and 7869994)  (cost=20.6 rows=101)
    -> Index range scan on sbtest2 using PRIMARY over (7869894 <= id <= 7869994)  (cost=20.6 rows=101)


table 3 : explain SELECT id, c FROM sbtest3 WHERE id BETWEEN 7869894 AND 7869994
	-> Filter: (sbtest3.id between 7869894 and 7869994)  (cost=20.6 rows=101)
    -> Index range scan on sbtest3 using PRIMARY over (7869894 <= id <= 7869994)  (cost=20.6 rows=101)


table 4 : explain SELECT id, c FROM sbtest4 WHERE id BETWEEN 7869894 AND 7869994
	-> Filter: (sbtest4.id between 7869894 and 7869994)  (cost=20.6 rows=101)
    -> Index range scan on sbtest4 using PRIMARY over (7869894 <= id <= 7869994)  (cost=20.6 rows=101)


table 5 : explain SELECT id, c FROM sbtest5 WHERE id BETWEEN 7869894 AND 7869994
	-> Filter: (sbtest5.id between 7869894 and 7869994)  (cost=20.6 rows=101)
    -> Index range scan on sbtest5 using PRIMARY over (7869894 <= id <= 7869994)  (cost=20.6 rows=101)


table 6 : explain SELECT id, c FROM sbtest6 WHERE id BETWEEN 7869894 AND 7869994
	-> Filter: (sbtest6.id between 7869894 and 7869994)  (cost=20.6 rows=101)
    -> Index range scan on sbtest6 using PRIMARY over (7869894 <= id <= 7869994)  (cost=20.6 rows=101)


table 7 : explain SELECT id, c FROM sbtest7 WHERE id BETWEEN 7869894 AND 7869994
	-> Filter: (sbtest7.id between 7869894 and 7869994)  (cost=20.6 rows=101)
    -> Index range scan on sbtest7 using PRIMARY over (7869894 <= id <= 7869994)  (cost=20.6 rows=101)


table 8 : explain SELECT id, c FROM sbtest8 WHERE id BETWEEN 7869894 AND 7869994
	-> Filter: (sbtest8.id between 7869894 and 7869994)  (cost=20.6 rows=101)
    -> Index range scan on sbtest8 using PRIMARY over (7869894 <= id <= 7869994)  (cost=20.6 rows=101)

explain: for range-notcovered :: explain SELECT id, c FROM sbtest%d WHERE id BETWEEN 7208830 AND 7208930for range-notcovered
table 1 : explain SELECT id, c FROM sbtest1 WHERE id BETWEEN 8460869 AND 8460969
	-> Filter: (sbtest1.id between 8460869 and 8460969)  (cost=20.6 rows=101)
    -> Index range scan on sbtest1 using PRIMARY over (8460869 <= id <= 8460969)  (cost=20.6 rows=101)


table 2 : explain SELECT id, c FROM sbtest2 WHERE id BETWEEN 8460869 AND 8460969
	-> Filter: (sbtest2.id between 8460869 and 8460969)  (cost=20.6 rows=101)
    -> Index range scan on sbtest2 using PRIMARY over (8460869 <= id <= 8460969)  (cost=20.6 rows=101)


table 3 : explain SELECT id, c FROM sbtest3 WHERE id BETWEEN 8460869 AND 8460969
	-> Filter: (sbtest3.id between 8460869 and 8460969)  (cost=20.6 rows=101)
    -> Index range scan on sbtest3 using PRIMARY over (8460869 <= id <= 8460969)  (cost=20.6 rows=101)


table 4 : explain SELECT id, c FROM sbtest4 WHERE id BETWEEN 8460869 AND 8460969
	-> Filter: (sbtest4.id between 8460869 and 8460969)  (cost=20.6 rows=101)
    -> Index range scan on sbtest4 using PRIMARY over (8460869 <= id <= 8460969)  (cost=20.6 rows=101)


table 5 : explain SELECT id, c FROM sbtest5 WHERE id BETWEEN 8460869 AND 8460969
	-> Filter: (sbtest5.id between 8460869 and 8460969)  (cost=20.6 rows=101)
    -> Index range scan on sbtest5 using PRIMARY over (8460869 <= id <= 8460969)  (cost=20.6 rows=101)


table 6 : explain SELECT id, c FROM sbtest6 WHERE id BETWEEN 8460869 AND 8460969
	-> Filter: (sbtest6.id between 8460869 and 8460969)  (cost=20.6 rows=101)
    -> Index range scan on sbtest6 using PRIMARY over (8460869 <= id <= 8460969)  (cost=20.6 rows=101)


table 7 : explain SELECT id, c FROM sbtest7 WHERE id BETWEEN 8460869 AND 8460969
	-> Filter: (sbtest7.id between 8460869 and 8460969)  (cost=20.6 rows=101)
    -> Index range scan on sbtest7 using PRIMARY over (8460869 <= id <= 8460969)  (cost=20.6 rows=101)


table 8 : explain SELECT id, c FROM sbtest8 WHERE id BETWEEN 8460869 AND 8460969
	-> Filter: (sbtest8.id between 8460869 and 8460969)  (cost=20.6 rows=101)
    -> Index range scan on sbtest8 using PRIMARY over (8460869 <= id <= 8460969)  (cost=20.6 rows=101)


explain: for range-notcovered :: explain SELECT id, c FROM sbtest%d WHERE id BETWEEN 3603238 AND 3603338

for range-notcovered
table 1 : explain SELECT id, c FROM sbtest1 WHERE id BETWEEN 5027690 AND 5027790
	-> Filter: (sbtest1.id between 5027690 and 5027790)  (cost=20.6 rows=101)
    -> Index range scan on sbtest1 using PRIMARY over (5027690 <= id <= 5027790)  (cost=20.6 rows=101)


table 2 : explain SELECT id, c FROM sbtest2 WHERE id BETWEEN 5027690 AND 5027790
	-> Filter: (sbtest2.id between 5027690 and 5027790)  (cost=20.6 rows=101)
    -> Index range scan on sbtest2 using PRIMARY over (5027690 <= id <= 5027790)  (cost=20.6 rows=101)


table 3 : explain SELECT id, c FROM sbtest3 WHERE id BETWEEN 5027690 AND 5027790
	-> Filter: (sbtest3.id between 5027690 and 5027790)  (cost=20.6 rows=101)
    -> Index range scan on sbtest3 using PRIMARY over (5027690 <= id <= 5027790)  (cost=20.6 rows=101)


table 4 : explain SELECT id, c FROM sbtest4 WHERE id BETWEEN 5027690 AND 5027790
	-> Filter: (sbtest4.id between 5027690 and 5027790)  (cost=20.6 rows=101)
    -> Index range scan on sbtest4 using PRIMARY over (5027690 <= id <= 5027790)  (cost=20.6 rows=101)


table 5 : explain SELECT id, c FROM sbtest5 WHERE id BETWEEN 5027690 AND 5027790
	-> Filter: (sbtest5.id between 5027690 and 5027790)  (cost=20.6 rows=101)
    -> Index range scan on sbtest5 using PRIMARY over (5027690 <= id <= 5027790)  (cost=20.6 rows=101)


table 6 : explain SELECT id, c FROM sbtest6 WHERE id BETWEEN 5027690 AND 5027790
	-> Filter: (sbtest6.id between 5027690 and 5027790)  (cost=20.6 rows=101)
    -> Index range scan on sbtest6 using PRIMARY over (5027690 <= id <= 5027790)  (cost=20.6 rows=101)


table 7 : explain SELECT id, c FROM sbtest7 WHERE id BETWEEN 5027690 AND 5027790
	-> Filter: (sbtest7.id between 5027690 and 5027790)  (cost=20.6 rows=101)
    -> Index range scan on sbtest7 using PRIMARY over (5027690 <= id <= 5027790)  (cost=20.6 rows=101)


table 8 : explain SELECT id, c FROM sbtest8 WHERE id BETWEEN 5027690 AND 5027790
	-> Filter: (sbtest8.id between 5027690 and 5027790)  (cost=20.6 rows=101)
    -> Index range scan on sbtest8 using PRIMARY over (5027690 <= id <= 5027790)  (cost=20.6 rows=101)


for range-notcovered
table 1 : explain SELECT id, c FROM sbtest1 WHERE id BETWEEN 7378558 AND 7378658
	-> Filter: (sbtest1.id between 7378558 and 7378658)  (cost=20.6 rows=101)
    -> Index range scan on sbtest1 using PRIMARY over (7378558 <= id <= 7378658)  (cost=20.6 rows=101)


table 2 : explain SELECT id, c FROM sbtest2 WHERE id BETWEEN 7378558 AND 7378658
	-> Filter: (sbtest2.id between 7378558 and 7378658)  (cost=20.6 rows=101)
    -> Index range scan on sbtest2 using PRIMARY over (7378558 <= id <= 7378658)  (cost=20.6 rows=101)


table 3 : explain SELECT id, c FROM sbtest3 WHERE id BETWEEN 7378558 AND 7378658
	-> Filter: (sbtest3.id between 7378558 and 7378658)  (cost=20.6 rows=101)
    -> Index range scan on sbtest3 using PRIMARY over (7378558 <= id <= 7378658)  (cost=20.6 rows=101)


table 4 : explain SELECT id, c FROM sbtest4 WHERE id BETWEEN 7378558 AND 7378658
	-> Filter: (sbtest4.id between 7378558 and 7378658)  (cost=20.6 rows=101)
    -> Index range scan on sbtest4 using PRIMARY over (7378558 <= id <= 7378658)  (cost=20.6 rows=101)


table 5 : explain SELECT id, c FROM sbtest5 WHERE id BETWEEN 7378558 AND 7378658
	-> Filter: (sbtest5.id between 7378558 and 7378658)  (cost=20.6 rows=101)
    -> Index range scan on sbtest5 using PRIMARY over (7378558 <= id <= 7378658)  (cost=20.6 rows=101)


table 6 : explain SELECT id, c FROM sbtest6 WHERE id BETWEEN 7378558 AND 7378658
	-> Filter: (sbtest6.id between 7378558 and 7378658)  (cost=20.6 rows=101)
    -> Index range scan on sbtest6 using PRIMARY over (7378558 <= id <= 7378658)  (cost=20.6 rows=101)


table 7 : explain SELECT id, c FROM sbtest7 WHERE id BETWEEN 7378558 AND 7378658
	-> Filter: (sbtest7.id between 7378558 and 7378658)  (cost=20.6 rows=101)
    -> Index range scan on sbtest7 using PRIMARY over (7378558 <= id <= 7378658)  (cost=20.6 rows=101)


table 8 : explain SELECT id, c FROM sbtest8 WHERE id BETWEEN 7378558 AND 7378658
	-> Filter: (sbtest8.id between 7378558 and 7378658)  (cost=20.6 rows=101)
    -> Index range scan on sbtest8 using PRIMARY over (7378558 <= id <= 7378658)  (cost=20.6 rows=101)



for range-notcovered
table 1 : explain SELECT id, c FROM sbtest1 WHERE id BETWEEN 2819123 AND 2819223
	-> Filter: (sbtest1.id between 2819123 and 2819223)  (cost=20.6 rows=101)
    -> Index range scan on sbtest1 using PRIMARY over (2819123 <= id <= 2819223)  (cost=20.6 rows=101)


table 2 : explain SELECT id, c FROM sbtest2 WHERE id BETWEEN 2819123 AND 2819223
	-> Filter: (sbtest2.id between 2819123 and 2819223)  (cost=20.6 rows=101)
    -> Index range scan on sbtest2 using PRIMARY over (2819123 <= id <= 2819223)  (cost=20.6 rows=101)


table 3 : explain SELECT id, c FROM sbtest3 WHERE id BETWEEN 2819123 AND 2819223
	-> Filter: (sbtest3.id between 2819123 and 2819223)  (cost=20.6 rows=101)
    -> Index range scan on sbtest3 using PRIMARY over (2819123 <= id <= 2819223)  (cost=20.6 rows=101)


table 4 : explain SELECT id, c FROM sbtest4 WHERE id BETWEEN 2819123 AND 2819223
	-> Filter: (sbtest4.id between 2819123 and 2819223)  (cost=20.6 rows=101)
    -> Index range scan on sbtest4 using PRIMARY over (2819123 <= id <= 2819223)  (cost=20.6 rows=101)


table 5 : explain SELECT id, c FROM sbtest5 WHERE id BETWEEN 2819123 AND 2819223
	-> Filter: (sbtest5.id between 2819123 and 2819223)  (cost=20.6 rows=101)
    -> Index range scan on sbtest5 using PRIMARY over (2819123 <= id <= 2819223)  (cost=20.6 rows=101)


table 6 : explain SELECT id, c FROM sbtest6 WHERE id BETWEEN 2819123 AND 2819223
	-> Filter: (sbtest6.id between 2819123 and 2819223)  (cost=20.6 rows=101)
    -> Index range scan on sbtest6 using PRIMARY over (2819123 <= id <= 2819223)  (cost=20.6 rows=101)


table 7 : explain SELECT id, c FROM sbtest7 WHERE id BETWEEN 2819123 AND 2819223
	-> Filter: (sbtest7.id between 2819123 and 2819223)  (cost=20.6 rows=101)
    -> Index range scan on sbtest7 using PRIMARY over (2819123 <= id <= 2819223)  (cost=20.6 rows=101)


table 8 : explain SELECT id, c FROM sbtest8 WHERE id BETWEEN 2819123 AND 2819223
	-> Filter: (sbtest8.id between 2819123 and 2819223)  (cost=20.6 rows=101)
    -> Index range scan on sbtest8 using PRIMARY over (2819123 <= id <= 2819223)  (cost=20.6 rows=101)

for range-notcovered
table 1 : explain SELECT id, c FROM sbtest1 WHERE id BETWEEN 7956413 AND 7956513
	-> Filter: (sbtest1.id between 7956413 and 7956513)  (cost=20.6 rows=101)
    -> Index range scan on sbtest1 using PRIMARY over (7956413 <= id <= 7956513)  (cost=20.6 rows=101)


table 2 : explain SELECT id, c FROM sbtest2 WHERE id BETWEEN 7956413 AND 7956513
	-> Filter: (sbtest2.id between 7956413 and 7956513)  (cost=20.6 rows=101)
    -> Index range scan on sbtest2 using PRIMARY over (7956413 <= id <= 7956513)  (cost=20.6 rows=101)


table 3 : explain SELECT id, c FROM sbtest3 WHERE id BETWEEN 7956413 AND 7956513
	-> Filter: (sbtest3.id between 7956413 and 7956513)  (cost=20.6 rows=101)
    -> Index range scan on sbtest3 using PRIMARY over (7956413 <= id <= 7956513)  (cost=20.6 rows=101)


table 4 : explain SELECT id, c FROM sbtest4 WHERE id BETWEEN 7956413 AND 7956513
	-> Filter: (sbtest4.id between 7956413 and 7956513)  (cost=20.6 rows=101)
    -> Index range scan on sbtest4 using PRIMARY over (7956413 <= id <= 7956513)  (cost=20.6 rows=101)


table 5 : explain SELECT id, c FROM sbtest5 WHERE id BETWEEN 7956413 AND 7956513
	-> Filter: (sbtest5.id between 7956413 and 7956513)  (cost=20.6 rows=101)
    -> Index range scan on sbtest5 using PRIMARY over (7956413 <= id <= 7956513)  (cost=20.6 rows=101)


table 6 : explain SELECT id, c FROM sbtest6 WHERE id BETWEEN 7956413 AND 7956513
	-> Filter: (sbtest6.id between 7956413 and 7956513)  (cost=20.6 rows=101)
    -> Index range scan on sbtest6 using PRIMARY over (7956413 <= id <= 7956513)  (cost=20.6 rows=101)


table 7 : explain SELECT id, c FROM sbtest7 WHERE id BETWEEN 7956413 AND 7956513
	-> Filter: (sbtest7.id between 7956413 and 7956513)  (cost=20.6 rows=101)
    -> Index range scan on sbtest7 using PRIMARY over (7956413 <= id <= 7956513)  (cost=20.6 rows=101)


table 8 : explain SELECT id, c FROM sbtest8 WHERE id BETWEEN 7956413 AND 7956513
	-> Filter: (sbtest8.id between 7956413 and 7956513)  (cost=20.6 rows=101)
    -> Index range scan on sbtest8 using PRIMARY over (7956413 <= id <= 7956513)  (cost=20.6 rows=101)

for range-notcovered
table 1 : explain SELECT id, c FROM sbtest1 WHERE id BETWEEN 4869755 AND 4869855
	-> Filter: (sbtest1.id between 4869755 and 4869855)  (cost=20.6 rows=101)
    -> Index range scan on sbtest1 using PRIMARY over (4869755 <= id <= 4869855)  (cost=20.6 rows=101)


table 2 : explain SELECT id, c FROM sbtest2 WHERE id BETWEEN 4869755 AND 4869855
	-> Filter: (sbtest2.id between 4869755 and 4869855)  (cost=20.6 rows=101)
    -> Index range scan on sbtest2 using PRIMARY over (4869755 <= id <= 4869855)  (cost=20.6 rows=101)


table 3 : explain SELECT id, c FROM sbtest3 WHERE id BETWEEN 4869755 AND 4869855
	-> Filter: (sbtest3.id between 4869755 and 4869855)  (cost=20.6 rows=101)
    -> Index range scan on sbtest3 using PRIMARY over (4869755 <= id <= 4869855)  (cost=20.6 rows=101)


table 4 : explain SELECT id, c FROM sbtest4 WHERE id BETWEEN 4869755 AND 4869855
	-> Filter: (sbtest4.id between 4869755 and 4869855)  (cost=20.6 rows=101)
    -> Index range scan on sbtest4 using PRIMARY over (4869755 <= id <= 4869855)  (cost=20.6 rows=101)


table 5 : explain SELECT id, c FROM sbtest5 WHERE id BETWEEN 4869755 AND 4869855
	-> Filter: (sbtest5.id between 4869755 and 4869855)  (cost=20.6 rows=101)
    -> Index range scan on sbtest5 using PRIMARY over (4869755 <= id <= 4869855)  (cost=20.6 rows=101)


table 6 : explain SELECT id, c FROM sbtest6 WHERE id BETWEEN 4869755 AND 4869855
	-> Filter: (sbtest6.id between 4869755 and 4869855)  (cost=20.6 rows=101)
    -> Index range scan on sbtest6 using PRIMARY over (4869755 <= id <= 4869855)  (cost=20.6 rows=101)


table 7 : explain SELECT id, c FROM sbtest7 WHERE id BETWEEN 4869755 AND 4869855
	-> Filter: (sbtest7.id between 4869755 and 4869855)  (cost=20.6 rows=101)
    -> Index range scan on sbtest7 using PRIMARY over (4869755 <= id <= 4869855)  (cost=20.6 rows=101)


table 8 : explain SELECT id, c FROM sbtest8 WHERE id BETWEEN 4869755 AND 4869855
	-> Filter: (sbtest8.id between 4869755 and 4869855)  (cost=20.6 rows=101)
    -> Index range scan on sbtest8 using PRIMARY over (4869755 <= id <= 4869855)  (cost=20.6 rows=101)




explain: for range-notcovered :: explain SELECT id, c FROM sbtest%d WHERE id BETWEEN 8460869 AND 8460969explain: for range-notcovered :: explain SELECT id, c FROM sbtest%d WHERE id BETWEEN 7378558 AND 7378658

for range-notcovered
table 1 : explain SELECT id, c FROM sbtest1 WHERE id BETWEEN 9018896 AND 9018996
	-> Filter: (sbtest1.id between 9018896 and 9018996)  (cost=20.6 rows=101)
    -> Index range scan on sbtest1 using PRIMARY over (9018896 <= id <= 9018996)  (cost=20.6 rows=101)


table 2 : explain SELECT id, c FROM sbtest2 WHERE id BETWEEN 9018896 AND 9018996
	-> Filter: (sbtest2.id between 9018896 and 9018996)  (cost=20.6 rows=101)
    -> Index range scan on sbtest2 using PRIMARY over (9018896 <= id <= 9018996)  (cost=20.6 rows=101)


table 3 : explain SELECT id, c FROM sbtest3 WHERE id BETWEEN 9018896 AND 9018996
	-> Filter: (sbtest3.id between 9018896 and 9018996)  (cost=20.6 rows=101)
    -> Index range scan on sbtest3 using PRIMARY over (9018896 <= id <= 9018996)  (cost=20.6 rows=101)


table 4 : explain SELECT id, c FROM sbtest4 WHERE id BETWEEN 9018896 AND 9018996
	-> Filter: (sbtest4.id between 9018896 and 9018996)  (cost=20.6 rows=101)
    -> Index range scan on sbtest4 using PRIMARY over (9018896 <= id <= 9018996)  (cost=20.6 rows=101)


table 5 : explain SELECT id, c FROM sbtest5 WHERE id BETWEEN 9018896 AND 9018996
	-> Filter: (sbtest5.id between 9018896 and 9018996)  (cost=20.6 rows=101)
    -> Index range scan on sbtest5 using PRIMARY over (9018896 <= id <= 9018996)  (cost=20.6 rows=101)


table 6 : explain SELECT id, c FROM sbtest6 WHERE id BETWEEN 9018896 AND 9018996
	-> Filter: (sbtest6.id between 9018896 and 9018996)  (cost=20.6 rows=101)
    -> Index range scan on sbtest6 using PRIMARY over (9018896 <= id <= 9018996)  (cost=20.6 rows=101)


table 7 : explain SELECT id, c FROM sbtest7 WHERE id BETWEEN 9018896 AND 9018996
	-> Filter: (sbtest7.id between 9018896 and 9018996)  (cost=20.6 rows=101)
    -> Index range scan on sbtest7 using PRIMARY over (9018896 <= id <= 9018996)  (cost=20.6 rows=101)


table 8 : explain SELECT id, c FROM sbtest8 WHERE id BETWEEN 9018896 AND 9018996
	-> Filter: (sbtest8.id between 9018896 and 9018996)  (cost=20.6 rows=101)
    -> Index range scan on sbtest8 using PRIMARY over (9018896 <= id <= 9018996)  (cost=20.6 rows=101)


explain: for range-notcovered :: explain SELECT id, c FROM sbtest%d WHERE id BETWEEN 4869755 AND 4869855
explain: for range-notcovered :: explain SELECT id, c FROM sbtest%d WHERE id BETWEEN 2819123 AND 2819223
for range-notcovered
table 1 : explain SELECT id, c FROM sbtest1 WHERE id BETWEEN 6860914 AND 6861014
	-> Filter: (sbtest1.id between 6860914 and 6861014)  (cost=20.6 rows=101)
    -> Index range scan on sbtest1 using PRIMARY over (6860914 <= id <= 6861014)  (cost=20.6 rows=101)


table 2 : explain SELECT id, c FROM sbtest2 WHERE id BETWEEN 6860914 AND 6861014
	-> Filter: (sbtest2.id between 6860914 and 6861014)  (cost=20.6 rows=101)
    -> Index range scan on sbtest2 using PRIMARY over (6860914 <= id <= 6861014)  (cost=20.6 rows=101)


table 3 : explain SELECT id, c FROM sbtest3 WHERE id BETWEEN 6860914 AND 6861014
	-> Filter: (sbtest3.id between 6860914 and 6861014)  (cost=20.6 rows=101)
    -> Index range scan on sbtest3 using PRIMARY over (6860914 <= id <= 6861014)  (cost=20.6 rows=101)


table 4 : explain SELECT id, c FROM sbtest4 WHERE id BETWEEN 6860914 AND 6861014
	-> Filter: (sbtest4.id between 6860914 and 6861014)  (cost=20.6 rows=101)
    -> Index range scan on sbtest4 using PRIMARY over (6860914 <= id <= 6861014)  (cost=20.6 rows=101)


table 5 : explain SELECT id, c FROM sbtest5 WHERE id BETWEEN 6860914 AND 6861014
	-> Filter: (sbtest5.id between 6860914 and 6861014)  (cost=20.6 rows=101)
    -> Index range scan on sbtest5 using PRIMARY over (6860914 <= id <= 6861014)  (cost=20.6 rows=101)


table 6 : explain SELECT id, c FROM sbtest6 WHERE id BETWEEN 6860914 AND 6861014
	-> Filter: (sbtest6.id between 6860914 and 6861014)  (cost=20.6 rows=101)
    -> Index range scan on sbtest6 using PRIMARY over (6860914 <= id <= 6861014)  (cost=20.6 rows=101)


table 7 : explain SELECT id, c FROM sbtest7 WHERE id BETWEEN 6860914 AND 6861014
	-> Filter: (sbtest7.id between 6860914 and 6861014)  (cost=20.6 rows=101)
    -> Index range scan on sbtest7 using PRIMARY over (6860914 <= id <= 6861014)  (cost=20.6 rows=101)


table 8 : explain SELECT id, c FROM sbtest8 WHERE id BETWEEN 6860914 AND 6861014
	-> Filter: (sbtest8.id between 6860914 and 6861014)  (cost=20.6 rows=101)
    -> Index range scan on sbtest8 using PRIMARY over (6860914 <= id <= 6861014)  (cost=20.6 rows=101)


for range-notcovered
table 1 : explain SELECT id, c FROM sbtest1 WHERE id BETWEEN 5728658 AND 5728758
	-> Filter: (sbtest1.id between 5728658 and 5728758)  (cost=20.6 rows=101)
    -> Index range scan on sbtest1 using PRIMARY over (5728658 <= id <= 5728758)  (cost=20.6 rows=101)


table 2 : explain SELECT id, c FROM sbtest2 WHERE id BETWEEN 5728658 AND 5728758
	-> Filter: (sbtest2.id between 5728658 and 5728758)  (cost=20.6 rows=101)
    -> Index range scan on sbtest2 using PRIMARY over (5728658 <= id <= 5728758)  (cost=20.6 rows=101)


table 3 : explain SELECT id, c FROM sbtest3 WHERE id BETWEEN 5728658 AND 5728758
	-> Filter: (sbtest3.id between 5728658 and 5728758)  (cost=20.6 rows=101)
    -> Index range scan on sbtest3 using PRIMARY over (5728658 <= id <= 5728758)  (cost=20.6 rows=101)


table 4 : explain SELECT id, c FROM sbtest4 WHERE id BETWEEN 5728658 AND 5728758
	-> Filter: (sbtest4.id between 5728658 and 5728758)  (cost=20.6 rows=101)
    -> Index range scan on sbtest4 using PRIMARY over (5728658 <= id <= 5728758)  (cost=20.6 rows=101)


table 5 : explain SELECT id, c FROM sbtest5 WHERE id BETWEEN 5728658 AND 5728758
	-> Filter: (sbtest5.id between 5728658 and 5728758)  (cost=20.6 rows=101)
    -> Index range scan on sbtest5 using PRIMARY over (5728658 <= id <= 5728758)  (cost=20.6 rows=101)


table 6 : explain SELECT id, c FROM sbtest6 WHERE id BETWEEN 5728658 AND 5728758
	-> Filter: (sbtest6.id between 5728658 and 5728758)  (cost=20.6 rows=101)
    -> Index range scan on sbtest6 using PRIMARY over (5728658 <= id <= 5728758)  (cost=20.6 rows=101)


table 7 : explain SELECT id, c FROM sbtest7 WHERE id BETWEEN 5728658 AND 5728758
	-> Filter: (sbtest7.id between 5728658 and 5728758)  (cost=20.6 rows=101)
    -> Index range scan on sbtest7 using PRIMARY over (5728658 <= id <= 5728758)  (cost=20.6 rows=101)


table 8 : explain SELECT id, c FROM sbtest8 WHERE id BETWEEN 5728658 AND 5728758
	-> Filter: (sbtest8.id between 5728658 and 5728758)  (cost=20.6 rows=101)
    -> Index range scan on sbtest8 using PRIMARY over (5728658 <= id <= 5728758)  (cost=20.6 rows=101)



explain: for range-notcovered :: explain SELECT id, c FROM sbtest%d WHERE id BETWEEN 7869894 AND 7869994explain: for range-notcovered :: explain SELECT id, c FROM sbtest%d WHERE id BETWEEN 9018896 AND 9018996for range-notcovered
table 1 : explain SELECT id, c FROM sbtest1 WHERE id BETWEEN 5031544 AND 5031644
	-> Filter: (sbtest1.id between 5031544 and 5031644)  (cost=20.6 rows=101)
    -> Index range scan on sbtest1 using PRIMARY over (5031544 <= id <= 5031644)  (cost=20.6 rows=101)


table 2 : explain SELECT id, c FROM sbtest2 WHERE id BETWEEN 5031544 AND 5031644
	-> Filter: (sbtest2.id between 5031544 and 5031644)  (cost=20.6 rows=101)
    -> Index range scan on sbtest2 using PRIMARY over (5031544 <= id <= 5031644)  (cost=20.6 rows=101)


table 3 : explain SELECT id, c FROM sbtest3 WHERE id BETWEEN 5031544 AND 5031644
	-> Filter: (sbtest3.id between 5031544 and 5031644)  (cost=20.6 rows=101)
    -> Index range scan on sbtest3 using PRIMARY over (5031544 <= id <= 5031644)  (cost=20.6 rows=101)


table 4 : explain SELECT id, c FROM sbtest4 WHERE id BETWEEN 5031544 AND 5031644
	-> Filter: (sbtest4.id between 5031544 and 5031644)  (cost=20.6 rows=101)
    -> Index range scan on sbtest4 using PRIMARY over (5031544 <= id <= 5031644)  (cost=20.6 rows=101)


table 5 : explain SELECT id, c FROM sbtest5 WHERE id BETWEEN 5031544 AND 5031644
	-> Filter: (sbtest5.id between 5031544 and 5031644)  (cost=20.6 rows=101)
    -> Index range scan on sbtest5 using PRIMARY over (5031544 <= id <= 5031644)  (cost=20.6 rows=101)


table 6 : explain SELECT id, c FROM sbtest6 WHERE id BETWEEN 5031544 AND 5031644
	-> Filter: (sbtest6.id between 5031544 and 5031644)  (cost=20.6 rows=101)
    -> Index range scan on sbtest6 using PRIMARY over (5031544 <= id <= 5031644)  (cost=20.6 rows=101)


table 7 : explain SELECT id, c FROM sbtest7 WHERE id BETWEEN 5031544 AND 5031644
	-> Filter: (sbtest7.id between 5031544 and 5031644)  (cost=20.6 rows=101)
    -> Index range scan on sbtest7 using PRIMARY over (5031544 <= id <= 5031644)  (cost=20.6 rows=101)


table 8 : explain SELECT id, c FROM sbtest8 WHERE id BETWEEN 5031544 AND 5031644
	-> Filter: (sbtest8.id between 5031544 and 5031644)  (cost=20.6 rows=101)
    -> Index range scan on sbtest8 using PRIMARY over (5031544 <= id <= 5031644)  (cost=20.6 rows=101)


explain: for range-notcovered :: explain SELECT id, c FROM sbtest%d WHERE id BETWEEN 4339851 AND 4339951
for range-notcovered
table 1 : explain SELECT id, c FROM sbtest1 WHERE id BETWEEN 8210069 AND 8210169
	-> Filter: (sbtest1.id between 8210069 and 8210169)  (cost=20.6 rows=101)
    -> Index range scan on sbtest1 using PRIMARY over (8210069 <= id <= 8210169)  (cost=20.6 rows=101)


table 2 : explain SELECT id, c FROM sbtest2 WHERE id BETWEEN 8210069 AND 8210169
	-> Filter: (sbtest2.id between 8210069 and 8210169)  (cost=20.6 rows=101)
    -> Index range scan on sbtest2 using PRIMARY over (8210069 <= id <= 8210169)  (cost=20.6 rows=101)


table 3 : explain SELECT id, c FROM sbtest3 WHERE id BETWEEN 8210069 AND 8210169
	-> Filter: (sbtest3.id between 8210069 and 8210169)  (cost=20.6 rows=101)
    -> Index range scan on sbtest3 using PRIMARY over (8210069 <= id <= 8210169)  (cost=20.6 rows=101)


table 4 : explain SELECT id, c FROM sbtest4 WHERE id BETWEEN 8210069 AND 8210169
	-> Filter: (sbtest4.id between 8210069 and 8210169)  (cost=20.6 rows=101)
    -> Index range scan on sbtest4 using PRIMARY over (8210069 <= id <= 8210169)  (cost=20.6 rows=101)


table 5 : explain SELECT id, c FROM sbtest5 WHERE id BETWEEN 8210069 AND 8210169
	-> Filter: (sbtest5.id between 8210069 and 8210169)  (cost=20.6 rows=101)
    -> Index range scan on sbtest5 using PRIMARY over (8210069 <= id <= 8210169)  (cost=20.6 rows=101)


table 6 : explain SELECT id, c FROM sbtest6 WHERE id BETWEEN 8210069 AND 8210169
	-> Filter: (sbtest6.id between 8210069 and 8210169)  (cost=20.6 rows=101)
    -> Index range scan on sbtest6 using PRIMARY over (8210069 <= id <= 8210169)  (cost=20.6 rows=101)


table 7 : explain SELECT id, c FROM sbtest7 WHERE id BETWEEN 8210069 AND 8210169
	-> Filter: (sbtest7.id between 8210069 and 8210169)  (cost=20.6 rows=101)
    -> Index range scan on sbtest7 using PRIMARY over (8210069 <= id <= 8210169)  (cost=20.6 rows=101)


table 8 : explain SELECT id, c FROM sbtest8 WHERE id BETWEEN 8210069 AND 8210169
	-> Filter: (sbtest8.id between 8210069 and 8210169)  (cost=20.6 rows=101)
    -> Index range scan on sbtest8 using PRIMARY over (8210069 <= id <= 8210169)  (cost=20.6 rows=101)



explain: for range-notcovered :: explain SELECT id, c FROM sbtest%d WHERE id BETWEEN 5027690 AND 5027790

explain: for range-notcovered :: explain SELECT id, c FROM sbtest%d WHERE id BETWEEN 7021492 AND 7021592
explain: for range-notcovered :: explain SELECT id, c FROM sbtest%d WHERE id BETWEEN 8210069 AND 8210169
for range-notcovered
table 1 : explain SELECT id, c FROM sbtest1 WHERE id BETWEEN 5102644 AND 5102744
	-> Filter: (sbtest1.id between 5102644 and 5102744)  (cost=20.6 rows=101)
    -> Index range scan on sbtest1 using PRIMARY over (5102644 <= id <= 5102744)  (cost=20.6 rows=101)


table 2 : explain SELECT id, c FROM sbtest2 WHERE id BETWEEN 5102644 AND 5102744
	-> Filter: (sbtest2.id between 5102644 and 5102744)  (cost=20.6 rows=101)
    -> Index range scan on sbtest2 using PRIMARY over (5102644 <= id <= 5102744)  (cost=20.6 rows=101)


table 3 : explain SELECT id, c FROM sbtest3 WHERE id BETWEEN 5102644 AND 5102744
	-> Filter: (sbtest3.id between 5102644 and 5102744)  (cost=20.6 rows=101)
    -> Index range scan on sbtest3 using PRIMARY over (5102644 <= id <= 5102744)  (cost=20.6 rows=101)


table 4 : explain SELECT id, c FROM sbtest4 WHERE id BETWEEN 5102644 AND 5102744
	-> Filter: (sbtest4.id between 5102644 and 5102744)  (cost=20.6 rows=101)
    -> Index range scan on sbtest4 using PRIMARY over (5102644 <= id <= 5102744)  (cost=20.6 rows=101)


table 5 : explain SELECT id, c FROM sbtest5 WHERE id BETWEEN 5102644 AND 5102744
	-> Filter: (sbtest5.id between 5102644 and 5102744)  (cost=20.6 rows=101)
    -> Index range scan on sbtest5 using PRIMARY over (5102644 <= id <= 5102744)  (cost=20.6 rows=101)


table 6 : explain SELECT id, c FROM sbtest6 WHERE id BETWEEN 5102644 AND 5102744
	-> Filter: (sbtest6.id between 5102644 and 5102744)  (cost=20.6 rows=101)
    -> Index range scan on sbtest6 using PRIMARY over (5102644 <= id <= 5102744)  (cost=20.6 rows=101)


table 7 : explain SELECT id, c FROM sbtest7 WHERE id BETWEEN 5102644 AND 5102744
	-> Filter: (sbtest7.id between 5102644 and 5102744)  (cost=20.6 rows=101)
    -> Index range scan on sbtest7 using PRIMARY over (5102644 <= id <= 5102744)  (cost=20.6 rows=101)


table 8 : explain SELECT id, c FROM sbtest8 WHERE id BETWEEN 5102644 AND 5102744
	-> Filter: (sbtest8.id between 5102644 and 5102744)  (cost=20.6 rows=101)
    -> Index range scan on sbtest8 using PRIMARY over (5102644 <= id <= 5102744)  (cost=20.6 rows=101)


explain: for range-notcovered :: explain SELECT id, c FROM sbtest%d WHERE id BETWEEN 5728658 AND 5728758
explain: for range-notcovered :: explain SELECT id, c FROM sbtest%d WHERE id BETWEEN 5031544 AND 5031644
for range-notcovered
table 1 : explain SELECT id, c FROM sbtest1 WHERE id BETWEEN 2559955 AND 2560055
	-> Filter: (sbtest1.id between 2559955 and 2560055)  (cost=20.6 rows=101)
    -> Index range scan on sbtest1 using PRIMARY over (2559955 <= id <= 2560055)  (cost=20.6 rows=101)


table 2 : explain SELECT id, c FROM sbtest2 WHERE id BETWEEN 2559955 AND 2560055
	-> Filter: (sbtest2.id between 2559955 and 2560055)  (cost=20.6 rows=101)
    -> Index range scan on sbtest2 using PRIMARY over (2559955 <= id <= 2560055)  (cost=20.6 rows=101)


table 3 : explain SELECT id, c FROM sbtest3 WHERE id BETWEEN 2559955 AND 2560055
	-> Filter: (sbtest3.id between 2559955 and 2560055)  (cost=20.6 rows=101)
    -> Index range scan on sbtest3 using PRIMARY over (2559955 <= id <= 2560055)  (cost=20.6 rows=101)


table 4 : explain SELECT id, c FROM sbtest4 WHERE id BETWEEN 2559955 AND 2560055
	-> Filter: (sbtest4.id between 2559955 and 2560055)  (cost=20.6 rows=101)
    -> Index range scan on sbtest4 using PRIMARY over (2559955 <= id <= 2560055)  (cost=20.6 rows=101)


table 5 : explain SELECT id, c FROM sbtest5 WHERE id BETWEEN 2559955 AND 2560055
	-> Filter: (sbtest5.id between 2559955 and 2560055)  (cost=20.6 rows=101)
    -> Index range scan on sbtest5 using PRIMARY over (2559955 <= id <= 2560055)  (cost=20.6 rows=101)


table 6 : explain SELECT id, c FROM sbtest6 WHERE id BETWEEN 2559955 AND 2560055
	-> Filter: (sbtest6.id between 2559955 and 2560055)  (cost=20.6 rows=101)
    -> Index range scan on sbtest6 using PRIMARY over (2559955 <= id <= 2560055)  (cost=20.6 rows=101)


table 7 : explain SELECT id, c FROM sbtest7 WHERE id BETWEEN 2559955 AND 2560055
	-> Filter: (sbtest7.id between 2559955 and 2560055)  (cost=20.6 rows=101)
    -> Index range scan on sbtest7 using PRIMARY over (2559955 <= id <= 2560055)  (cost=20.6 rows=101)


table 8 : explain SELECT id, c FROM sbtest8 WHERE id BETWEEN 2559955 AND 2560055
	-> Filter: (sbtest8.id between 2559955 and 2560055)  (cost=20.6 rows=101)
    -> Index range scan on sbtest8 using PRIMARY over (2559955 <= id <= 2560055)  (cost=20.6 rows=101)


for range-notcovered
table 1 : explain SELECT id, c FROM sbtest1 WHERE id BETWEEN 1765473 AND 1765573
	-> Filter: (sbtest1.id between 1765473 and 1765573)  (cost=20.6 rows=101)
    -> Index range scan on sbtest1 using PRIMARY over (1765473 <= id <= 1765573)  (cost=20.6 rows=101)


table 2 : explain SELECT id, c FROM sbtest2 WHERE id BETWEEN 1765473 AND 1765573
	-> Filter: (sbtest2.id between 1765473 and 1765573)  (cost=20.6 rows=101)
    -> Index range scan on sbtest2 using PRIMARY over (1765473 <= id <= 1765573)  (cost=20.6 rows=101)


table 3 : explain SELECT id, c FROM sbtest3 WHERE id BETWEEN 1765473 AND 1765573
	-> Filter: (sbtest3.id between 1765473 and 1765573)  (cost=20.6 rows=101)
    -> Index range scan on sbtest3 using PRIMARY over (1765473 <= id <= 1765573)  (cost=20.6 rows=101)


table 4 : explain SELECT id, c FROM sbtest4 WHERE id BETWEEN 1765473 AND 1765573
	-> Filter: (sbtest4.id between 1765473 and 1765573)  (cost=20.6 rows=101)
    -> Index range scan on sbtest4 using PRIMARY over (1765473 <= id <= 1765573)  (cost=20.6 rows=101)


table 5 : explain SELECT id, c FROM sbtest5 WHERE id BETWEEN 1765473 AND 1765573
	-> Filter: (sbtest5.id between 1765473 and 1765573)  (cost=20.6 rows=101)
    -> Index range scan on sbtest5 using PRIMARY over (1765473 <= id <= 1765573)  (cost=20.6 rows=101)


table 6 : explain SELECT id, c FROM sbtest6 WHERE id BETWEEN 1765473 AND 1765573
	-> Filter: (sbtest6.id between 1765473 and 1765573)  (cost=20.6 rows=101)
    -> Index range scan on sbtest6 using PRIMARY over (1765473 <= id <= 1765573)  (cost=20.6 rows=101)


table 7 : explain SELECT id, c FROM sbtest7 WHERE id BETWEEN 1765473 AND 1765573
	-> Filter: (sbtest7.id between 1765473 and 1765573)  (cost=20.6 rows=101)
    -> Index range scan on sbtest7 using PRIMARY over (1765473 <= id <= 1765573)  (cost=20.6 rows=101)


table 8 : explain SELECT id, c FROM sbtest8 WHERE id BETWEEN 1765473 AND 1765573
	-> Filter: (sbtest8.id between 1765473 and 1765573)  (cost=20.6 rows=101)
    -> Index range scan on sbtest8 using PRIMARY over (1765473 <= id <= 1765573)  (cost=20.6 rows=101)


explain: for range-notcovered :: explain SELECT id, c FROM sbtest%d WHERE id BETWEEN 7956413 AND 7956513

for range-notcovered
table 1 : explain SELECT id, c FROM sbtest1 WHERE id BETWEEN 3051203 AND 3051303
	-> Filter: (sbtest1.id between 3051203 and 3051303)  (cost=20.6 rows=101)
    -> Index range scan on sbtest1 using PRIMARY over (3051203 <= id <= 3051303)  (cost=20.6 rows=101)


table 2 : explain SELECT id, c FROM sbtest2 WHERE id BETWEEN 3051203 AND 3051303
	-> Filter: (sbtest2.id between 3051203 and 3051303)  (cost=20.6 rows=101)
    -> Index range scan on sbtest2 using PRIMARY over (3051203 <= id <= 3051303)  (cost=20.6 rows=101)


table 3 : explain SELECT id, c FROM sbtest3 WHERE id BETWEEN 3051203 AND 3051303
	-> Filter: (sbtest3.id between 3051203 and 3051303)  (cost=20.6 rows=101)
    -> Index range scan on sbtest3 using PRIMARY over (3051203 <= id <= 3051303)  (cost=20.6 rows=101)


table 4 : explain SELECT id, c FROM sbtest4 WHERE id BETWEEN 3051203 AND 3051303
	-> Filter: (sbtest4.id between 3051203 and 3051303)  (cost=20.6 rows=101)
    -> Index range scan on sbtest4 using PRIMARY over (3051203 <= id <= 3051303)  (cost=20.6 rows=101)


table 5 : explain SELECT id, c FROM sbtest5 WHERE id BETWEEN 3051203 AND 3051303
	-> Filter: (sbtest5.id between 3051203 and 3051303)  (cost=20.6 rows=101)
    -> Index range scan on sbtest5 using PRIMARY over (3051203 <= id <= 3051303)  (cost=20.6 rows=101)


table 6 : explain SELECT id, c FROM sbtest6 WHERE id BETWEEN 3051203 AND 3051303
	-> Filter: (sbtest6.id between 3051203 and 3051303)  (cost=20.6 rows=101)
    -> Index range scan on sbtest6 using PRIMARY over (3051203 <= id <= 3051303)  (cost=20.6 rows=101)


table 7 : explain SELECT id, c FROM sbtest7 WHERE id BETWEEN 3051203 AND 3051303
	-> Filter: (sbtest7.id between 3051203 and 3051303)  (cost=20.6 rows=101)
    -> Index range scan on sbtest7 using PRIMARY over (3051203 <= id <= 3051303)  (cost=20.6 rows=101)


table 8 : explain SELECT id, c FROM sbtest8 WHERE id BETWEEN 3051203 AND 3051303
	-> Filter: (sbtest8.id between 3051203 and 3051303)  (cost=20.6 rows=101)
    -> Index range scan on sbtest8 using PRIMARY over (3051203 <= id <= 3051303)  (cost=20.6 rows=101)


for range-notcovered
table 1 : explain SELECT id, c FROM sbtest1 WHERE id BETWEEN 5767498 AND 5767598
	-> Filter: (sbtest1.id between 5767498 and 5767598)  (cost=20.6 rows=101)
    -> Index range scan on sbtest1 using PRIMARY over (5767498 <= id <= 5767598)  (cost=20.6 rows=101)


table 2 : explain SELECT id, c FROM sbtest2 WHERE id BETWEEN 5767498 AND 5767598
	-> Filter: (sbtest2.id between 5767498 and 5767598)  (cost=20.6 rows=101)
    -> Index range scan on sbtest2 using PRIMARY over (5767498 <= id <= 5767598)  (cost=20.6 rows=101)


table 3 : explain SELECT id, c FROM sbtest3 WHERE id BETWEEN 5767498 AND 5767598
	-> Filter: (sbtest3.id between 5767498 and 5767598)  (cost=20.6 rows=101)
    -> Index range scan on sbtest3 using PRIMARY over (5767498 <= id <= 5767598)  (cost=20.6 rows=101)


table 4 : explain SELECT id, c FROM sbtest4 WHERE id BETWEEN 5767498 AND 5767598
	-> Filter: (sbtest4.id between 5767498 and 5767598)  (cost=20.6 rows=101)
    -> Index range scan on sbtest4 using PRIMARY over (5767498 <= id <= 5767598)  (cost=20.6 rows=101)


table 5 : explain SELECT id, c FROM sbtest5 WHERE id BETWEEN 5767498 AND 5767598
	-> Filter: (sbtest5.id between 5767498 and 5767598)  (cost=20.6 rows=101)
    -> Index range scan on sbtest5 using PRIMARY over (5767498 <= id <= 5767598)  (cost=20.6 rows=101)


table 6 : explain SELECT id, c FROM sbtest6 WHERE id BETWEEN 5767498 AND 5767598
	-> Filter: (sbtest6.id between 5767498 and 5767598)  (cost=20.6 rows=101)
    -> Index range scan on sbtest6 using PRIMARY over (5767498 <= id <= 5767598)  (cost=20.6 rows=101)


table 7 : explain SELECT id, c FROM sbtest7 WHERE id BETWEEN 5767498 AND 5767598
	-> Filter: (sbtest7.id between 5767498 and 5767598)  (cost=20.6 rows=101)
    -> Index range scan on sbtest7 using PRIMARY over (5767498 <= id <= 5767598)  (cost=20.6 rows=101)


table 8 : explain SELECT id, c FROM sbtest8 WHERE id BETWEEN 5767498 AND 5767598
	-> Filter: (sbtest8.id between 5767498 and 5767598)  (cost=20.6 rows=101)
    -> Index range scan on sbtest8 using PRIMARY over (5767498 <= id <= 5767598)  (cost=20.6 rows=101)


for range-notcovered
table 1 : explain SELECT id, c FROM sbtest1 WHERE id BETWEEN 961745 AND 961845
	-> Filter: (sbtest1.id between 961745 and 961845)  (cost=20.6 rows=101)
    -> Index range scan on sbtest1 using PRIMARY over (961745 <= id <= 961845)  (cost=20.6 rows=101)


table 2 : explain SELECT id, c FROM sbtest2 WHERE id BETWEEN 961745 AND 961845
	-> Filter: (sbtest2.id between 961745 and 961845)  (cost=20.6 rows=101)
    -> Index range scan on sbtest2 using PRIMARY over (961745 <= id <= 961845)  (cost=20.6 rows=101)


table 3 : explain SELECT id, c FROM sbtest3 WHERE id BETWEEN 961745 AND 961845
	-> Filter: (sbtest3.id between 961745 and 961845)  (cost=20.6 rows=101)
    -> Index range scan on sbtest3 using PRIMARY over (961745 <= id <= 961845)  (cost=20.6 rows=101)


table 4 : explain SELECT id, c FROM sbtest4 WHERE id BETWEEN 961745 AND 961845
	-> Filter: (sbtest4.id between 961745 and 961845)  (cost=20.6 rows=101)
    -> Index range scan on sbtest4 using PRIMARY over (961745 <= id <= 961845)  (cost=20.6 rows=101)


table 5 : explain SELECT id, c FROM sbtest5 WHERE id BETWEEN 961745 AND 961845
	-> Filter: (sbtest5.id between 961745 and 961845)  (cost=20.6 rows=101)
    -> Index range scan on sbtest5 using PRIMARY over (961745 <= id <= 961845)  (cost=20.6 rows=101)


table 6 : explain SELECT id, c FROM sbtest6 WHERE id BETWEEN 961745 AND 961845
	-> Filter: (sbtest6.id between 961745 and 961845)  (cost=20.6 rows=101)
    -> Index range scan on sbtest6 using PRIMARY over (961745 <= id <= 961845)  (cost=20.6 rows=101)


table 7 : explain SELECT id, c FROM sbtest7 WHERE id BETWEEN 961745 AND 961845
	-> Filter: (sbtest7.id between 961745 and 961845)  (cost=20.6 rows=101)
    -> Index range scan on sbtest7 using PRIMARY over (961745 <= id <= 961845)  (cost=20.6 rows=101)


table 8 : explain SELECT id, c FROM sbtest8 WHERE id BETWEEN 961745 AND 961845
	-> Filter: (sbtest8.id between 961745 and 961845)  (cost=20.6 rows=101)
    -> Index range scan on sbtest8 using PRIMARY over (961745 <= id <= 961845)  (cost=20.6 rows=101)


for range-notcovered
table 1 : explain SELECT id, c FROM sbtest1 WHERE id BETWEEN 3730450 AND 3730550
	-> Filter: (sbtest1.id between 3730450 and 3730550)  (cost=20.6 rows=101)
    -> Index range scan on sbtest1 using PRIMARY over (3730450 <= id <= 3730550)  (cost=20.6 rows=101)


table 2 : explain SELECT id, c FROM sbtest2 WHERE id BETWEEN 3730450 AND 3730550
	-> Filter: (sbtest2.id between 3730450 and 3730550)  (cost=20.6 rows=101)
    -> Index range scan on sbtest2 using PRIMARY over (3730450 <= id <= 3730550)  (cost=20.6 rows=101)


table 3 : explain SELECT id, c FROM sbtest3 WHERE id BETWEEN 3730450 AND 3730550
	-> Filter: (sbtest3.id between 3730450 and 3730550)  (cost=20.6 rows=101)
    -> Index range scan on sbtest3 using PRIMARY over (3730450 <= id <= 3730550)  (cost=20.6 rows=101)


table 4 : explain SELECT id, c FROM sbtest4 WHERE id BETWEEN 3730450 AND 3730550
	-> Filter: (sbtest4.id between 3730450 and 3730550)  (cost=20.6 rows=101)
    -> Index range scan on sbtest4 using PRIMARY over (3730450 <= id <= 3730550)  (cost=20.6 rows=101)


table 5 : explain SELECT id, c FROM sbtest5 WHERE id BETWEEN 3730450 AND 3730550
	-> Filter: (sbtest5.id between 3730450 and 3730550)  (cost=20.6 rows=101)
    -> Index range scan on sbtest5 using PRIMARY over (3730450 <= id <= 3730550)  (cost=20.6 rows=101)


table 6 : explain SELECT id, c FROM sbtest6 WHERE id BETWEEN 3730450 AND 3730550
	-> Filter: (sbtest6.id between 3730450 and 3730550)  (cost=20.6 rows=101)
    -> Index range scan on sbtest6 using PRIMARY over (3730450 <= id <= 3730550)  (cost=20.6 rows=101)


table 7 : explain SELECT id, c FROM sbtest7 WHERE id BETWEEN 3730450 AND 3730550
	-> Filter: (sbtest7.id between 3730450 and 3730550)  (cost=20.6 rows=101)
    -> Index range scan on sbtest7 using PRIMARY over (3730450 <= id <= 3730550)  (cost=20.6 rows=101)


table 8 : explain SELECT id, c FROM sbtest8 WHERE id BETWEEN 3730450 AND 3730550
	-> Filter: (sbtest8.id between 3730450 and 3730550)  (cost=20.6 rows=101)
    -> Index range scan on sbtest8 using PRIMARY over (3730450 <= id <= 3730550)  (cost=20.6 rows=101)


explain: for range-notcovered :: explain SELECT id, c FROM sbtest%d WHERE id BETWEEN 5767498 AND 5767598
for range-notcovered
table 1 : explain SELECT id, c FROM sbtest1 WHERE id BETWEEN 4567750 AND 4567850
	-> Filter: (sbtest1.id between 4567750 and 4567850)  (cost=20.6 rows=101)
    -> Index range scan on sbtest1 using PRIMARY over (4567750 <= id <= 4567850)  (cost=20.6 rows=101)


table 2 : explain SELECT id, c FROM sbtest2 WHERE id BETWEEN 4567750 AND 4567850
	-> Filter: (sbtest2.id between 4567750 and 4567850)  (cost=20.6 rows=101)
    -> Index range scan on sbtest2 using PRIMARY over (4567750 <= id <= 4567850)  (cost=20.6 rows=101)


table 3 : explain SELECT id, c FROM sbtest3 WHERE id BETWEEN 4567750 AND 4567850
	-> Filter: (sbtest3.id between 4567750 and 4567850)  (cost=20.6 rows=101)
    -> Index range scan on sbtest3 using PRIMARY over (4567750 <= id <= 4567850)  (cost=20.6 rows=101)


table 4 : explain SELECT id, c FROM sbtest4 WHERE id BETWEEN 4567750 AND 4567850
	-> Filter: (sbtest4.id between 4567750 and 4567850)  (cost=20.6 rows=101)
    -> Index range scan on sbtest4 using PRIMARY over (4567750 <= id <= 4567850)  (cost=20.6 rows=101)


table 5 : explain SELECT id, c FROM sbtest5 WHERE id BETWEEN 4567750 AND 4567850
	-> Filter: (sbtest5.id between 4567750 and 4567850)  (cost=20.6 rows=101)
    -> Index range scan on sbtest5 using PRIMARY over (4567750 <= id <= 4567850)  (cost=20.6 rows=101)


table 6 : explain SELECT id, c FROM sbtest6 WHERE id BETWEEN 4567750 AND 4567850
	-> Filter: (sbtest6.id between 4567750 and 4567850)  (cost=20.6 rows=101)
    -> Index range scan on sbtest6 using PRIMARY over (4567750 <= id <= 4567850)  (cost=20.6 rows=101)


table 7 : explain SELECT id, c FROM sbtest7 WHERE id BETWEEN 4567750 AND 4567850
	-> Filter: (sbtest7.id between 4567750 and 4567850)  (cost=20.6 rows=101)
    -> Index range scan on sbtest7 using PRIMARY over (4567750 <= id <= 4567850)  (cost=20.6 rows=101)


table 8 : explain SELECT id, c FROM sbtest8 WHERE id BETWEEN 4567750 AND 4567850
	-> Filter: (sbtest8.id between 4567750 and 4567850)  (cost=20.6 rows=101)
    -> Index range scan on sbtest8 using PRIMARY over (4567750 <= id <= 4567850)  (cost=20.6 rows=101)


explain: for range-notcovered :: explain SELECT id, c FROM sbtest%d WHERE id BETWEEN 5102644 AND 5102744explain: for range-notcovered :: explain SELECT id, c FROM sbtest%d WHERE id BETWEEN 3730450 AND 3730550explain: for range-notcovered :: explain SELECT id, c FROM sbtest%d WHERE id BETWEEN 2559955 AND 2560055for range-notcovered
table 1 : explain SELECT id, c FROM sbtest1 WHERE id BETWEEN 2677039 AND 2677139
	-> Filter: (sbtest1.id between 2677039 and 2677139)  (cost=20.6 rows=101)
    -> Index range scan on sbtest1 using PRIMARY over (2677039 <= id <= 2677139)  (cost=20.6 rows=101)


table 2 : explain SELECT id, c FROM sbtest2 WHERE id BETWEEN 2677039 AND 2677139
	-> Filter: (sbtest2.id between 2677039 and 2677139)  (cost=20.6 rows=101)
    -> Index range scan on sbtest2 using PRIMARY over (2677039 <= id <= 2677139)  (cost=20.6 rows=101)


table 3 : explain SELECT id, c FROM sbtest3 WHERE id BETWEEN 2677039 AND 2677139
	-> Filter: (sbtest3.id between 2677039 and 2677139)  (cost=20.6 rows=101)
    -> Index range scan on sbtest3 using PRIMARY over (2677039 <= id <= 2677139)  (cost=20.6 rows=101)


table 4 : explain SELECT id, c FROM sbtest4 WHERE id BETWEEN 2677039 AND 2677139
	-> Filter: (sbtest4.id between 2677039 and 2677139)  (cost=20.6 rows=101)
    -> Index range scan on sbtest4 using PRIMARY over (2677039 <= id <= 2677139)  (cost=20.6 rows=101)


table 5 : explain SELECT id, c FROM sbtest5 WHERE id BETWEEN 2677039 AND 2677139
	-> Filter: (sbtest5.id between 2677039 and 2677139)  (cost=20.6 rows=101)
    -> Index range scan on sbtest5 using PRIMARY over (2677039 <= id <= 2677139)  (cost=20.6 rows=101)


table 6 : explain SELECT id, c FROM sbtest6 WHERE id BETWEEN 2677039 AND 2677139
	-> Filter: (sbtest6.id between 2677039 and 2677139)  (cost=20.6 rows=101)
    -> Index range scan on sbtest6 using PRIMARY over (2677039 <= id <= 2677139)  (cost=20.6 rows=101)


table 7 : explain SELECT id, c FROM sbtest7 WHERE id BETWEEN 2677039 AND 2677139
	-> Filter: (sbtest7.id between 2677039 and 2677139)  (cost=20.6 rows=101)
    -> Index range scan on sbtest7 using PRIMARY over (2677039 <= id <= 2677139)  (cost=20.6 rows=101)


table 8 : explain SELECT id, c FROM sbtest8 WHERE id BETWEEN 2677039 AND 2677139
	-> Filter: (sbtest8.id between 2677039 and 2677139)  (cost=20.6 rows=101)
    -> Index range scan on sbtest8 using PRIMARY over (2677039 <= id <= 2677139)  (cost=20.6 rows=101)


explain: for range-notcovered :: explain SELECT id, c FROM sbtest%d WHERE id BETWEEN 6860914 AND 6861014for range-notcovered
table 1 : explain SELECT id, c FROM sbtest1 WHERE id BETWEEN 8773081 AND 8773181
	-> Filter: (sbtest1.id between 8773081 and 8773181)  (cost=20.6 rows=101)
    -> Index range scan on sbtest1 using PRIMARY over (8773081 <= id <= 8773181)  (cost=20.6 rows=101)


table 2 : explain SELECT id, c FROM sbtest2 WHERE id BETWEEN 8773081 AND 8773181
	-> Filter: (sbtest2.id between 8773081 and 8773181)  (cost=20.6 rows=101)
    -> Index range scan on sbtest2 using PRIMARY over (8773081 <= id <= 8773181)  (cost=20.6 rows=101)


table 3 : explain SELECT id, c FROM sbtest3 WHERE id BETWEEN 8773081 AND 8773181
	-> Filter: (sbtest3.id between 8773081 and 8773181)  (cost=20.6 rows=101)
    -> Index range scan on sbtest3 using PRIMARY over (8773081 <= id <= 8773181)  (cost=20.6 rows=101)


table 4 : explain SELECT id, c FROM sbtest4 WHERE id BETWEEN 8773081 AND 8773181
	-> Filter: (sbtest4.id between 8773081 and 8773181)  (cost=20.6 rows=101)
    -> Index range scan on sbtest4 using PRIMARY over (8773081 <= id <= 8773181)  (cost=20.6 rows=101)


table 5 : explain SELECT id, c FROM sbtest5 WHERE id BETWEEN 8773081 AND 8773181
	-> Filter: (sbtest5.id between 8773081 and 8773181)  (cost=20.6 rows=101)
    -> Index range scan on sbtest5 using PRIMARY over (8773081 <= id <= 8773181)  (cost=20.6 rows=101)


table 6 : explain SELECT id, c FROM sbtest6 WHERE id BETWEEN 8773081 AND 8773181
	-> Filter: (sbtest6.id between 8773081 and 8773181)  (cost=20.6 rows=101)
    -> Index range scan on sbtest6 using PRIMARY over (8773081 <= id <= 8773181)  (cost=20.6 rows=101)


table 7 : explain SELECT id, c FROM sbtest7 WHERE id BETWEEN 8773081 AND 8773181
	-> Filter: (sbtest7.id between 8773081 and 8773181)  (cost=20.6 rows=101)
    -> Index range scan on sbtest7 using PRIMARY over (8773081 <= id <= 8773181)  (cost=20.6 rows=101)


table 8 : explain SELECT id, c FROM sbtest8 WHERE id BETWEEN 8773081 AND 8773181
	-> Filter: (sbtest8.id between 8773081 and 8773181)  (cost=20.6 rows=101)
    -> Index range scan on sbtest8 using PRIMARY over (8773081 <= id <= 8773181)  (cost=20.6 rows=101)



for range-notcovered
table 1 : explain SELECT id, c FROM sbtest1 WHERE id BETWEEN 4880599 AND 4880699
	-> Filter: (sbtest1.id between 4880599 and 4880699)  (cost=20.6 rows=101)
    -> Index range scan on sbtest1 using PRIMARY over (4880599 <= id <= 4880699)  (cost=20.6 rows=101)


table 2 : explain SELECT id, c FROM sbtest2 WHERE id BETWEEN 4880599 AND 4880699
	-> Filter: (sbtest2.id between 4880599 and 4880699)  (cost=20.6 rows=101)
    -> Index range scan on sbtest2 using PRIMARY over (4880599 <= id <= 4880699)  (cost=20.6 rows=101)


table 3 : explain SELECT id, c FROM sbtest3 WHERE id BETWEEN 4880599 AND 4880699
	-> Filter: (sbtest3.id between 4880599 and 4880699)  (cost=20.6 rows=101)
    -> Index range scan on sbtest3 using PRIMARY over (4880599 <= id <= 4880699)  (cost=20.6 rows=101)


table 4 : explain SELECT id, c FROM sbtest4 WHERE id BETWEEN 4880599 AND 4880699
	-> Filter: (sbtest4.id between 4880599 and 4880699)  (cost=20.6 rows=101)
    -> Index range scan on sbtest4 using PRIMARY over (4880599 <= id <= 4880699)  (cost=20.6 rows=101)


table 5 : explain SELECT id, c FROM sbtest5 WHERE id BETWEEN 4880599 AND 4880699
	-> Filter: (sbtest5.id between 4880599 and 4880699)  (cost=20.6 rows=101)
    -> Index range scan on sbtest5 using PRIMARY over (4880599 <= id <= 4880699)  (cost=20.6 rows=101)


table 6 : explain SELECT id, c FROM sbtest6 WHERE id BETWEEN 4880599 AND 4880699
	-> Filter: (sbtest6.id between 4880599 and 4880699)  (cost=20.6 rows=101)
    -> Index range scan on sbtest6 using PRIMARY over (4880599 <= id <= 4880699)  (cost=20.6 rows=101)


table 7 : explain SELECT id, c FROM sbtest7 WHERE id BETWEEN 4880599 AND 4880699
	-> Filter: (sbtest7.id between 4880599 and 4880699)  (cost=20.6 rows=101)
    -> Index range scan on sbtest7 using PRIMARY over (4880599 <= id <= 4880699)  (cost=20.6 rows=101)


table 8 : explain SELECT id, c FROM sbtest8 WHERE id BETWEEN 4880599 AND 4880699
	-> Filter: (sbtest8.id between 4880599 and 4880699)  (cost=20.6 rows=101)
    -> Index range scan on sbtest8 using PRIMARY over (4880599 <= id <= 4880699)  (cost=20.6 rows=101)


for range-notcovered
table 1 : explain SELECT id, c FROM sbtest1 WHERE id BETWEEN 2798754 AND 2798854
	-> Filter: (sbtest1.id between 2798754 and 2798854)  (cost=20.6 rows=101)
    -> Index range scan on sbtest1 using PRIMARY over (2798754 <= id <= 2798854)  (cost=20.6 rows=101)


table 2 : explain SELECT id, c FROM sbtest2 WHERE id BETWEEN 2798754 AND 2798854
	-> Filter: (sbtest2.id between 2798754 and 2798854)  (cost=20.6 rows=101)
    -> Index range scan on sbtest2 using PRIMARY over (2798754 <= id <= 2798854)  (cost=20.6 rows=101)


table 3 : explain SELECT id, c FROM sbtest3 WHERE id BETWEEN 2798754 AND 2798854
	-> Filter: (sbtest3.id between 2798754 and 2798854)  (cost=20.6 rows=101)
    -> Index range scan on sbtest3 using PRIMARY over (2798754 <= id <= 2798854)  (cost=20.6 rows=101)


table 4 : explain SELECT id, c FROM sbtest4 WHERE id BETWEEN 2798754 AND 2798854
	-> Filter: (sbtest4.id between 2798754 and 2798854)  (cost=20.6 rows=101)
    -> Index range scan on sbtest4 using PRIMARY over (2798754 <= id <= 2798854)  (cost=20.6 rows=101)


table 5 : explain SELECT id, c FROM sbtest5 WHERE id BETWEEN 2798754 AND 2798854
	-> Filter: (sbtest5.id between 2798754 and 2798854)  (cost=20.6 rows=101)
    -> Index range scan on sbtest5 using PRIMARY over (2798754 <= id <= 2798854)  (cost=20.6 rows=101)


table 6 : explain SELECT id, c FROM sbtest6 WHERE id BETWEEN 2798754 AND 2798854
	-> Filter: (sbtest6.id between 2798754 and 2798854)  (cost=20.6 rows=101)
    -> Index range scan on sbtest6 using PRIMARY over (2798754 <= id <= 2798854)  (cost=20.6 rows=101)


table 7 : explain SELECT id, c FROM sbtest7 WHERE id BETWEEN 2798754 AND 2798854
	-> Filter: (sbtest7.id between 2798754 and 2798854)  (cost=20.6 rows=101)
    -> Index range scan on sbtest7 using PRIMARY over (2798754 <= id <= 2798854)  (cost=20.6 rows=101)


table 8 : explain SELECT id, c FROM sbtest8 WHERE id BETWEEN 2798754 AND 2798854
	-> Filter: (sbtest8.id between 2798754 and 2798854)  (cost=20.6 rows=101)
    -> Index range scan on sbtest8 using PRIMARY over (2798754 <= id <= 2798854)  (cost=20.6 rows=101)



explain: for range-notcovered :: explain SELECT id, c FROM sbtest%d WHERE id BETWEEN 2677039 AND 2677139

explain: for range-notcovered :: explain SELECT id, c FROM sbtest%d WHERE id BETWEEN 8773081 AND 8773181
explain: for range-notcovered :: explain SELECT id, c FROM sbtest%d WHERE id BETWEEN 1765473 AND 1765573
for range-notcovered
table 1 : explain SELECT id, c FROM sbtest1 WHERE id BETWEEN 9392832 AND 9392932
	-> Filter: (sbtest1.id between 9392832 and 9392932)  (cost=20.6 rows=101)
    -> Index range scan on sbtest1 using PRIMARY over (9392832 <= id <= 9392932)  (cost=20.6 rows=101)


table 2 : explain SELECT id, c FROM sbtest2 WHERE id BETWEEN 9392832 AND 9392932
	-> Filter: (sbtest2.id between 9392832 and 9392932)  (cost=20.6 rows=101)
    -> Index range scan on sbtest2 using PRIMARY over (9392832 <= id <= 9392932)  (cost=20.6 rows=101)


table 3 : explain SELECT id, c FROM sbtest3 WHERE id BETWEEN 9392832 AND 9392932
	-> Filter: (sbtest3.id between 9392832 and 9392932)  (cost=20.6 rows=101)
    -> Index range scan on sbtest3 using PRIMARY over (9392832 <= id <= 9392932)  (cost=20.6 rows=101)


table 4 : explain SELECT id, c FROM sbtest4 WHERE id BETWEEN 9392832 AND 9392932
	-> Filter: (sbtest4.id between 9392832 and 9392932)  (cost=20.6 rows=101)
    -> Index range scan on sbtest4 using PRIMARY over (9392832 <= id <= 9392932)  (cost=20.6 rows=101)


table 5 : explain SELECT id, c FROM sbtest5 WHERE id BETWEEN 9392832 AND 9392932
	-> Filter: (sbtest5.id between 9392832 and 9392932)  (cost=20.6 rows=101)
    -> Index range scan on sbtest5 using PRIMARY over (9392832 <= id <= 9392932)  (cost=20.6 rows=101)


table 6 : explain SELECT id, c FROM sbtest6 WHERE id BETWEEN 9392832 AND 9392932
	-> Filter: (sbtest6.id between 9392832 and 9392932)  (cost=20.6 rows=101)
    -> Index range scan on sbtest6 using PRIMARY over (9392832 <= id <= 9392932)  (cost=20.6 rows=101)


table 7 : explain SELECT id, c FROM sbtest7 WHERE id BETWEEN 9392832 AND 9392932
	-> Filter: (sbtest7.id between 9392832 and 9392932)  (cost=20.6 rows=101)
    -> Index range scan on sbtest7 using PRIMARY over (9392832 <= id <= 9392932)  (cost=20.6 rows=101)


table 8 : explain SELECT id, c FROM sbtest8 WHERE id BETWEEN 9392832 AND 9392932
	-> Filter: (sbtest8.id between 9392832 and 9392932)  (cost=20.6 rows=101)
    -> Index range scan on sbtest8 using PRIMARY over (9392832 <= id <= 9392932)  (cost=20.6 rows=101)


explain: for range-notcovered :: explain SELECT id, c FROM sbtest%d WHERE id BETWEEN 3051203 AND 3051303
for range-notcovered
table 1 : explain SELECT id, c FROM sbtest1 WHERE id BETWEEN 4992126 AND 4992226
	-> Filter: (sbtest1.id between 4992126 and 4992226)  (cost=20.6 rows=101)
    -> Index range scan on sbtest1 using PRIMARY over (4992126 <= id <= 4992226)  (cost=20.6 rows=101)


table 2 : explain SELECT id, c FROM sbtest2 WHERE id BETWEEN 4992126 AND 4992226
	-> Filter: (sbtest2.id between 4992126 and 4992226)  (cost=20.6 rows=101)
    -> Index range scan on sbtest2 using PRIMARY over (4992126 <= id <= 4992226)  (cost=20.6 rows=101)


table 3 : explain SELECT id, c FROM sbtest3 WHERE id BETWEEN 4992126 AND 4992226
	-> Filter: (sbtest3.id between 4992126 and 4992226)  (cost=20.6 rows=101)
    -> Index range scan on sbtest3 using PRIMARY over (4992126 <= id <= 4992226)  (cost=20.6 rows=101)


table 4 : explain SELECT id, c FROM sbtest4 WHERE id BETWEEN 4992126 AND 4992226
	-> Filter: (sbtest4.id between 4992126 and 4992226)  (cost=20.6 rows=101)
    -> Index range scan on sbtest4 using PRIMARY over (4992126 <= id <= 4992226)  (cost=20.6 rows=101)


table 5 : explain SELECT id, c FROM sbtest5 WHERE id BETWEEN 4992126 AND 4992226
	-> Filter: (sbtest5.id between 4992126 and 4992226)  (cost=20.6 rows=101)
    -> Index range scan on sbtest5 using PRIMARY over (4992126 <= id <= 4992226)  (cost=20.6 rows=101)


table 6 : explain SELECT id, c FROM sbtest6 WHERE id BETWEEN 4992126 AND 4992226
	-> Filter: (sbtest6.id between 4992126 and 4992226)  (cost=20.6 rows=101)
    -> Index range scan on sbtest6 using PRIMARY over (4992126 <= id <= 4992226)  (cost=20.6 rows=101)


table 7 : explain SELECT id, c FROM sbtest7 WHERE id BETWEEN 4992126 AND 4992226
	-> Filter: (sbtest7.id between 4992126 and 4992226)  (cost=20.6 rows=101)
    -> Index range scan on sbtest7 using PRIMARY over (4992126 <= id <= 4992226)  (cost=20.6 rows=101)


table 8 : explain SELECT id, c FROM sbtest8 WHERE id BETWEEN 4992126 AND 4992226
	-> Filter: (sbtest8.id between 4992126 and 4992226)  (cost=20.6 rows=101)
    -> Index range scan on sbtest8 using PRIMARY over (4992126 <= id <= 4992226)  (cost=20.6 rows=101)


for range-notcovered
table 1 : explain SELECT id, c FROM sbtest1 WHERE id BETWEEN 8363538 AND 8363638
	-> Filter: (sbtest1.id between 8363538 and 8363638)  (cost=20.6 rows=101)
    -> Index range scan on sbtest1 using PRIMARY over (8363538 <= id <= 8363638)  (cost=20.6 rows=101)


table 2 : explain SELECT id, c FROM sbtest2 WHERE id BETWEEN 8363538 AND 8363638
	-> Filter: (sbtest2.id between 8363538 and 8363638)  (cost=20.6 rows=101)
    -> Index range scan on sbtest2 using PRIMARY over (8363538 <= id <= 8363638)  (cost=20.6 rows=101)


table 3 : explain SELECT id, c FROM sbtest3 WHERE id BETWEEN 8363538 AND 8363638
	-> Filter: (sbtest3.id between 8363538 and 8363638)  (cost=20.6 rows=101)
    -> Index range scan on sbtest3 using PRIMARY over (8363538 <= id <= 8363638)  (cost=20.6 rows=101)


table 4 : explain SELECT id, c FROM sbtest4 WHERE id BETWEEN 8363538 AND 8363638
	-> Filter: (sbtest4.id between 8363538 and 8363638)  (cost=20.6 rows=101)
    -> Index range scan on sbtest4 using PRIMARY over (8363538 <= id <= 8363638)  (cost=20.6 rows=101)


table 5 : explain SELECT id, c FROM sbtest5 WHERE id BETWEEN 8363538 AND 8363638
	-> Filter: (sbtest5.id between 8363538 and 8363638)  (cost=20.6 rows=101)
    -> Index range scan on sbtest5 using PRIMARY over (8363538 <= id <= 8363638)  (cost=20.6 rows=101)


table 6 : explain SELECT id, c FROM sbtest6 WHERE id BETWEEN 8363538 AND 8363638
	-> Filter: (sbtest6.id between 8363538 and 8363638)  (cost=20.6 rows=101)
    -> Index range scan on sbtest6 using PRIMARY over (8363538 <= id <= 8363638)  (cost=20.6 rows=101)


table 7 : explain SELECT id, c FROM sbtest7 WHERE id BETWEEN 8363538 AND 8363638
	-> Filter: (sbtest7.id between 8363538 and 8363638)  (cost=20.6 rows=101)
    -> Index range scan on sbtest7 using PRIMARY over (8363538 <= id <= 8363638)  (cost=20.6 rows=101)


table 8 : explain SELECT id, c FROM sbtest8 WHERE id BETWEEN 8363538 AND 8363638
	-> Filter: (sbtest8.id between 8363538 and 8363638)  (cost=20.6 rows=101)
    -> Index range scan on sbtest8 using PRIMARY over (8363538 <= id <= 8363638)  (cost=20.6 rows=101)


for range-notcovered
table 1 : explain SELECT id, c FROM sbtest1 WHERE id BETWEEN 5652495 AND 5652595
	-> Filter: (sbtest1.id between 5652495 and 5652595)  (cost=20.6 rows=101)
    -> Index range scan on sbtest1 using PRIMARY over (5652495 <= id <= 5652595)  (cost=20.6 rows=101)


table 2 : explain SELECT id, c FROM sbtest2 WHERE id BETWEEN 5652495 AND 5652595
	-> Filter: (sbtest2.id between 5652495 and 5652595)  (cost=20.6 rows=101)
    -> Index range scan on sbtest2 using PRIMARY over (5652495 <= id <= 5652595)  (cost=20.6 rows=101)


table 3 : explain SELECT id, c FROM sbtest3 WHERE id BETWEEN 5652495 AND 5652595
	-> Filter: (sbtest3.id between 5652495 and 5652595)  (cost=20.6 rows=101)
    -> Index range scan on sbtest3 using PRIMARY over (5652495 <= id <= 5652595)  (cost=20.6 rows=101)


table 4 : explain SELECT id, c FROM sbtest4 WHERE id BETWEEN 5652495 AND 5652595
	-> Filter: (sbtest4.id between 5652495 and 5652595)  (cost=20.6 rows=101)
    -> Index range scan on sbtest4 using PRIMARY over (5652495 <= id <= 5652595)  (cost=20.6 rows=101)


table 5 : explain SELECT id, c FROM sbtest5 WHERE id BETWEEN 5652495 AND 5652595
	-> Filter: (sbtest5.id between 5652495 and 5652595)  (cost=20.6 rows=101)
    -> Index range scan on sbtest5 using PRIMARY over (5652495 <= id <= 5652595)  (cost=20.6 rows=101)


table 6 : explain SELECT id, c FROM sbtest6 WHERE id BETWEEN 5652495 AND 5652595
	-> Filter: (sbtest6.id between 5652495 and 5652595)  (cost=20.6 rows=101)
    -> Index range scan on sbtest6 using PRIMARY over (5652495 <= id <= 5652595)  (cost=20.6 rows=101)


table 7 : explain SELECT id, c FROM sbtest7 WHERE id BETWEEN 5652495 AND 5652595
	-> Filter: (sbtest7.id between 5652495 and 5652595)  (cost=20.6 rows=101)
    -> Index range scan on sbtest7 using PRIMARY over (5652495 <= id <= 5652595)  (cost=20.6 rows=101)


table 8 : explain SELECT id, c FROM sbtest8 WHERE id BETWEEN 5652495 AND 5652595
	-> Filter: (sbtest8.id between 5652495 and 5652595)  (cost=20.6 rows=101)
    -> Index range scan on sbtest8 using PRIMARY over (5652495 <= id <= 5652595)  (cost=20.6 rows=101)


explain: for range-notcovered :: explain SELECT id, c FROM sbtest%d WHERE id BETWEEN 4567750 AND 4567850for range-notcovered
table 1 : explain SELECT id, c FROM sbtest1 WHERE id BETWEEN 9304560 AND 9304660
	-> Filter: (sbtest1.id between 9304560 and 9304660)  (cost=20.6 rows=101)
    -> Index range scan on sbtest1 using PRIMARY over (9304560 <= id <= 9304660)  (cost=20.6 rows=101)


table 2 : explain SELECT id, c FROM sbtest2 WHERE id BETWEEN 9304560 AND 9304660
	-> Filter: (sbtest2.id between 9304560 and 9304660)  (cost=20.6 rows=101)
    -> Index range scan on sbtest2 using PRIMARY over (9304560 <= id <= 9304660)  (cost=20.6 rows=101)


table 3 : explain SELECT id, c FROM sbtest3 WHERE id BETWEEN 9304560 AND 9304660
	-> Filter: (sbtest3.id between 9304560 and 9304660)  (cost=20.6 rows=101)
    -> Index range scan on sbtest3 using PRIMARY over (9304560 <= id <= 9304660)  (cost=20.6 rows=101)


table 4 : explain SELECT id, c FROM sbtest4 WHERE id BETWEEN 9304560 AND 9304660
	-> Filter: (sbtest4.id between 9304560 and 9304660)  (cost=20.6 rows=101)
    -> Index range scan on sbtest4 using PRIMARY over (9304560 <= id <= 9304660)  (cost=20.6 rows=101)


table 5 : explain SELECT id, c FROM sbtest5 WHERE id BETWEEN 9304560 AND 9304660
	-> Filter: (sbtest5.id between 9304560 and 9304660)  (cost=20.6 rows=101)
    -> Index range scan on sbtest5 using PRIMARY over (9304560 <= id <= 9304660)  (cost=20.6 rows=101)


table 6 : explain SELECT id, c FROM sbtest6 WHERE id BETWEEN 9304560 AND 9304660
	-> Filter: (sbtest6.id between 9304560 and 9304660)  (cost=20.6 rows=101)
    -> Index range scan on sbtest6 using PRIMARY over (9304560 <= id <= 9304660)  (cost=20.6 rows=101)


table 7 : explain SELECT id, c FROM sbtest7 WHERE id BETWEEN 9304560 AND 9304660
	-> Filter: (sbtest7.id between 9304560 and 9304660)  (cost=20.6 rows=101)
    -> Index range scan on sbtest7 using PRIMARY over (9304560 <= id <= 9304660)  (cost=20.6 rows=101)


table 8 : explain SELECT id, c FROM sbtest8 WHERE id BETWEEN 9304560 AND 9304660
	-> Filter: (sbtest8.id between 9304560 and 9304660)  (cost=20.6 rows=101)
    -> Index range scan on sbtest8 using PRIMARY over (9304560 <= id <= 9304660)  (cost=20.6 rows=101)



explain: for range-notcovered :: explain SELECT id, c FROM sbtest%d WHERE id BETWEEN 4201106 AND 4201206
for range-notcovered
table 1 : explain SELECT id, c FROM sbtest1 WHERE id BETWEEN 4118184 AND 4118284
	-> Filter: (sbtest1.id between 4118184 and 4118284)  (cost=20.6 rows=101)
    -> Index range scan on sbtest1 using PRIMARY over (4118184 <= id <= 4118284)  (cost=20.6 rows=101)


table 2 : explain SELECT id, c FROM sbtest2 WHERE id BETWEEN 4118184 AND 4118284
	-> Filter: (sbtest2.id between 4118184 and 4118284)  (cost=20.6 rows=101)
    -> Index range scan on sbtest2 using PRIMARY over (4118184 <= id <= 4118284)  (cost=20.6 rows=101)


table 3 : explain SELECT id, c FROM sbtest3 WHERE id BETWEEN 4118184 AND 4118284
	-> Filter: (sbtest3.id between 4118184 and 4118284)  (cost=20.6 rows=101)
    -> Index range scan on sbtest3 using PRIMARY over (4118184 <= id <= 4118284)  (cost=20.6 rows=101)


table 4 : explain SELECT id, c FROM sbtest4 WHERE id BETWEEN 4118184 AND 4118284
	-> Filter: (sbtest4.id between 4118184 and 4118284)  (cost=20.6 rows=101)
    -> Index range scan on sbtest4 using PRIMARY over (4118184 <= id <= 4118284)  (cost=20.6 rows=101)


table 5 : explain SELECT id, c FROM sbtest5 WHERE id BETWEEN 4118184 AND 4118284
	-> Filter: (sbtest5.id between 4118184 and 4118284)  (cost=20.6 rows=101)
    -> Index range scan on sbtest5 using PRIMARY over (4118184 <= id <= 4118284)  (cost=20.6 rows=101)


table 6 : explain SELECT id, c FROM sbtest6 WHERE id BETWEEN 4118184 AND 4118284
	-> Filter: (sbtest6.id between 4118184 and 4118284)  (cost=20.6 rows=101)
    -> Index range scan on sbtest6 using PRIMARY over (4118184 <= id <= 4118284)  (cost=20.6 rows=101)


table 7 : explain SELECT id, c FROM sbtest7 WHERE id BETWEEN 4118184 AND 4118284
	-> Filter: (sbtest7.id between 4118184 and 4118284)  (cost=20.6 rows=101)
    -> Index range scan on sbtest7 using PRIMARY over (4118184 <= id <= 4118284)  (cost=20.6 rows=101)


table 8 : explain SELECT id, c FROM sbtest8 WHERE id BETWEEN 4118184 AND 4118284
	-> Filter: (sbtest8.id between 4118184 and 4118284)  (cost=20.6 rows=101)
    -> Index range scan on sbtest8 using PRIMARY over (4118184 <= id <= 4118284)  (cost=20.6 rows=101)

explain: for range-notcovered :: explain SELECT id, c FROM sbtest%d WHERE id BETWEEN 961745 AND 961845
for range-notcovered
table 1 : explain SELECT id, c FROM sbtest1 WHERE id BETWEEN 4270236 AND 4270336
	-> Filter: (sbtest1.id between 4270236 and 4270336)  (cost=20.6 rows=101)
    -> Index range scan on sbtest1 using PRIMARY over (4270236 <= id <= 4270336)  (cost=20.6 rows=101)


table 2 : explain SELECT id, c FROM sbtest2 WHERE id BETWEEN 4270236 AND 4270336
	-> Filter: (sbtest2.id between 4270236 and 4270336)  (cost=20.6 rows=101)
    -> Index range scan on sbtest2 using PRIMARY over (4270236 <= id <= 4270336)  (cost=20.6 rows=101)


table 3 : explain SELECT id, c FROM sbtest3 WHERE id BETWEEN 4270236 AND 4270336
	-> Filter: (sbtest3.id between 4270236 and 4270336)  (cost=20.6 rows=101)
    -> Index range scan on sbtest3 using PRIMARY over (4270236 <= id <= 4270336)  (cost=20.6 rows=101)


table 4 : explain SELECT id, c FROM sbtest4 WHERE id BETWEEN 4270236 AND 4270336
	-> Filter: (sbtest4.id between 4270236 and 4270336)  (cost=20.6 rows=101)
    -> Index range scan on sbtest4 using PRIMARY over (4270236 <= id <= 4270336)  (cost=20.6 rows=101)


table 5 : explain SELECT id, c FROM sbtest5 WHERE id BETWEEN 4270236 AND 4270336
	-> Filter: (sbtest5.id between 4270236 and 4270336)  (cost=20.6 rows=101)
    -> Index range scan on sbtest5 using PRIMARY over (4270236 <= id <= 4270336)  (cost=20.6 rows=101)


table 6 : explain SELECT id, c FROM sbtest6 WHERE id BETWEEN 4270236 AND 4270336
	-> Filter: (sbtest6.id between 4270236 and 4270336)  (cost=20.6 rows=101)
    -> Index range scan on sbtest6 using PRIMARY over (4270236 <= id <= 4270336)  (cost=20.6 rows=101)


table 7 : explain SELECT id, c FROM sbtest7 WHERE id BETWEEN 4270236 AND 4270336
	-> Filter: (sbtest7.id between 4270236 and 4270336)  (cost=20.6 rows=101)
    -> Index range scan on sbtest7 using PRIMARY over (4270236 <= id <= 4270336)  (cost=20.6 rows=101)


table 8 : explain SELECT id, c FROM sbtest8 WHERE id BETWEEN 4270236 AND 4270336
	-> Filter: (sbtest8.id between 4270236 and 4270336)  (cost=20.6 rows=101)
    -> Index range scan on sbtest8 using PRIMARY over (4270236 <= id <= 4270336)  (cost=20.6 rows=101)


for range-notcovered
table 1 : explain SELECT id, c FROM sbtest1 WHERE id BETWEEN 8697513 AND 8697613
	-> Filter: (sbtest1.id between 8697513 and 8697613)  (cost=20.6 rows=101)
    -> Index range scan on sbtest1 using PRIMARY over (8697513 <= id <= 8697613)  (cost=20.6 rows=101)


table 2 : explain SELECT id, c FROM sbtest2 WHERE id BETWEEN 8697513 AND 8697613
	-> Filter: (sbtest2.id between 8697513 and 8697613)  (cost=20.6 rows=101)
    -> Index range scan on sbtest2 using PRIMARY over (8697513 <= id <= 8697613)  (cost=20.6 rows=101)


table 3 : explain SELECT id, c FROM sbtest3 WHERE id BETWEEN 8697513 AND 8697613
	-> Filter: (sbtest3.id between 8697513 and 8697613)  (cost=20.6 rows=101)
    -> Index range scan on sbtest3 using PRIMARY over (8697513 <= id <= 8697613)  (cost=20.6 rows=101)


table 4 : explain SELECT id, c FROM sbtest4 WHERE id BETWEEN 8697513 AND 8697613
	-> Filter: (sbtest4.id between 8697513 and 8697613)  (cost=20.6 rows=101)
    -> Index range scan on sbtest4 using PRIMARY over (8697513 <= id <= 8697613)  (cost=20.6 rows=101)


table 5 : explain SELECT id, c FROM sbtest5 WHERE id BETWEEN 8697513 AND 8697613
	-> Filter: (sbtest5.id between 8697513 and 8697613)  (cost=20.6 rows=101)
    -> Index range scan on sbtest5 using PRIMARY over (8697513 <= id <= 8697613)  (cost=20.6 rows=101)


table 6 : explain SELECT id, c FROM sbtest6 WHERE id BETWEEN 8697513 AND 8697613
	-> Filter: (sbtest6.id between 8697513 and 8697613)  (cost=20.6 rows=101)
    -> Index range scan on sbtest6 using PRIMARY over (8697513 <= id <= 8697613)  (cost=20.6 rows=101)


table 7 : explain SELECT id, c FROM sbtest7 WHERE id BETWEEN 8697513 AND 8697613
	-> Filter: (sbtest7.id between 8697513 and 8697613)  (cost=20.6 rows=101)
    -> Index range scan on sbtest7 using PRIMARY over (8697513 <= id <= 8697613)  (cost=20.6 rows=101)


table 8 : explain SELECT id, c FROM sbtest8 WHERE id BETWEEN 8697513 AND 8697613
	-> Filter: (sbtest8.id between 8697513 and 8697613)  (cost=20.6 rows=101)
    -> Index range scan on sbtest8 using PRIMARY over (8697513 <= id <= 8697613)  (cost=20.6 rows=101)


for range-notcovered
table 1 : explain SELECT id, c FROM sbtest1 WHERE id BETWEEN 6876452 AND 6876552
	-> Filter: (sbtest1.id between 6876452 and 6876552)  (cost=20.6 rows=101)
    -> Index range scan on sbtest1 using PRIMARY over (6876452 <= id <= 6876552)  (cost=20.6 rows=101)


table 2 : explain SELECT id, c FROM sbtest2 WHERE id BETWEEN 6876452 AND 6876552
	-> Filter: (sbtest2.id between 6876452 and 6876552)  (cost=20.6 rows=101)
    -> Index range scan on sbtest2 using PRIMARY over (6876452 <= id <= 6876552)  (cost=20.6 rows=101)


table 3 : explain SELECT id, c FROM sbtest3 WHERE id BETWEEN 6876452 AND 6876552
	-> Filter: (sbtest3.id between 6876452 and 6876552)  (cost=20.6 rows=101)
    -> Index range scan on sbtest3 using PRIMARY over (6876452 <= id <= 6876552)  (cost=20.6 rows=101)


table 4 : explain SELECT id, c FROM sbtest4 WHERE id BETWEEN 6876452 AND 6876552
	-> Filter: (sbtest4.id between 6876452 and 6876552)  (cost=20.6 rows=101)
    -> Index range scan on sbtest4 using PRIMARY over (6876452 <= id <= 6876552)  (cost=20.6 rows=101)


table 5 : explain SELECT id, c FROM sbtest5 WHERE id BETWEEN 6876452 AND 6876552
	-> Filter: (sbtest5.id between 6876452 and 6876552)  (cost=20.6 rows=101)
    -> Index range scan on sbtest5 using PRIMARY over (6876452 <= id <= 6876552)  (cost=20.6 rows=101)


table 6 : explain SELECT id, c FROM sbtest6 WHERE id BETWEEN 6876452 AND 6876552
	-> Filter: (sbtest6.id between 6876452 and 6876552)  (cost=20.6 rows=101)
    -> Index range scan on sbtest6 using PRIMARY over (6876452 <= id <= 6876552)  (cost=20.6 rows=101)


table 7 : explain SELECT id, c FROM sbtest7 WHERE id BETWEEN 6876452 AND 6876552
	-> Filter: (sbtest7.id between 6876452 and 6876552)  (cost=20.6 rows=101)
    -> Index range scan on sbtest7 using PRIMARY over (6876452 <= id <= 6876552)  (cost=20.6 rows=101)


table 8 : explain SELECT id, c FROM sbtest8 WHERE id BETWEEN 6876452 AND 6876552
	-> Filter: (sbtest8.id between 6876452 and 6876552)  (cost=20.6 rows=101)
    -> Index range scan on sbtest8 using PRIMARY over (6876452 <= id <= 6876552)  (cost=20.6 rows=101)


explain: for range-notcovered :: explain SELECT id, c FROM sbtest%d WHERE id BETWEEN 2798754 AND 2798854
explain: for range-notcovered :: explain SELECT id, c FROM sbtest%d WHERE id BETWEEN 9392832 AND 9392932
explain: for range-notcovered :: explain SELECT id, c FROM sbtest%d WHERE id BETWEEN 4270236 AND 4270336
for range-notcovered
table 1 : explain SELECT id, c FROM sbtest1 WHERE id BETWEEN 4869755 AND 4869855
	-> Filter: (sbtest1.id between 4869755 and 4869855)  (cost=20.6 rows=101)
    -> Index range scan on sbtest1 using PRIMARY over (4869755 <= id <= 4869855)  (cost=20.6 rows=101)


table 2 : explain SELECT id, c FROM sbtest2 WHERE id BETWEEN 4869755 AND 4869855
	-> Filter: (sbtest2.id between 4869755 and 4869855)  (cost=20.6 rows=101)
    -> Index range scan on sbtest2 using PRIMARY over (4869755 <= id <= 4869855)  (cost=20.6 rows=101)


table 3 : explain SELECT id, c FROM sbtest3 WHERE id BETWEEN 4869755 AND 4869855
	-> Filter: (sbtest3.id between 4869755 and 4869855)  (cost=20.6 rows=101)
    -> Index range scan on sbtest3 using PRIMARY over (4869755 <= id <= 4869855)  (cost=20.6 rows=101)


table 4 : explain SELECT id, c FROM sbtest4 WHERE id BETWEEN 4869755 AND 4869855
	-> Filter: (sbtest4.id between 4869755 and 4869855)  (cost=20.6 rows=101)
    -> Index range scan on sbtest4 using PRIMARY over (4869755 <= id <= 4869855)  (cost=20.6 rows=101)


table 5 : explain SELECT id, c FROM sbtest5 WHERE id BETWEEN 4869755 AND 4869855
	-> Filter: (sbtest5.id between 4869755 and 4869855)  (cost=20.6 rows=101)
    -> Index range scan on sbtest5 using PRIMARY over (4869755 <= id <= 4869855)  (cost=20.6 rows=101)


table 6 : explain SELECT id, c FROM sbtest6 WHERE id BETWEEN 4869755 AND 4869855
	-> Filter: (sbtest6.id between 4869755 and 4869855)  (cost=20.6 rows=101)
    -> Index range scan on sbtest6 using PRIMARY over (4869755 <= id <= 4869855)  (cost=20.6 rows=101)


table 7 : explain SELECT id, c FROM sbtest7 WHERE id BETWEEN 4869755 AND 4869855
	-> Filter: (sbtest7.id between 4869755 and 4869855)  (cost=20.6 rows=101)
    -> Index range scan on sbtest7 using PRIMARY over (4869755 <= id <= 4869855)  (cost=20.6 rows=101)


table 8 : explain SELECT id, c FROM sbtest8 WHERE id BETWEEN 4869755 AND 4869855
	-> Filter: (sbtest8.id between 4869755 and 4869855)  (cost=20.6 rows=101)
    -> Index range scan on sbtest8 using PRIMARY over (4869755 <= id <= 4869855)  (cost=20.6 rows=101)


explain: for range-notcovered :: explain SELECT id, c FROM sbtest%d WHERE id BETWEEN 6876452 AND 6876552

explain: for range-notcovered :: explain SELECT id, c FROM sbtest%d WHERE id BETWEEN 4880599 AND 4880699
explain: for range-notcovered :: explain SELECT id, c FROM sbtest%d WHERE id BETWEEN 8363538 AND 8363638

explain: for range-notcovered :: explain SELECT id, c FROM sbtest%d WHERE id BETWEEN 4869755 AND 4869855explain: for range-notcovered :: explain SELECT id, c FROM sbtest%d WHERE id BETWEEN 5652495 AND 5652595
explain: for range-notcovered :: explain SELECT id, c FROM sbtest%d WHERE id BETWEEN 4992126 AND 4992226
for range-notcovered
table 1 : explain SELECT id, c FROM sbtest1 WHERE id BETWEEN 6620110 AND 6620210
	-> Filter: (sbtest1.id between 6620110 and 6620210)  (cost=20.6 rows=101)
    -> Index range scan on sbtest1 using PRIMARY over (6620110 <= id <= 6620210)  (cost=20.6 rows=101)


table 2 : explain SELECT id, c FROM sbtest2 WHERE id BETWEEN 6620110 AND 6620210
	-> Filter: (sbtest2.id between 6620110 and 6620210)  (cost=20.6 rows=101)
    -> Index range scan on sbtest2 using PRIMARY over (6620110 <= id <= 6620210)  (cost=20.6 rows=101)


table 3 : explain SELECT id, c FROM sbtest3 WHERE id BETWEEN 6620110 AND 6620210
	-> Filter: (sbtest3.id between 6620110 and 6620210)  (cost=20.6 rows=101)
    -> Index range scan on sbtest3 using PRIMARY over (6620110 <= id <= 6620210)  (cost=20.6 rows=101)


table 4 : explain SELECT id, c FROM sbtest4 WHERE id BETWEEN 6620110 AND 6620210
	-> Filter: (sbtest4.id between 6620110 and 6620210)  (cost=20.6 rows=101)
    -> Index range scan on sbtest4 using PRIMARY over (6620110 <= id <= 6620210)  (cost=20.6 rows=101)


table 5 : explain SELECT id, c FROM sbtest5 WHERE id BETWEEN 6620110 AND 6620210
	-> Filter: (sbtest5.id between 6620110 and 6620210)  (cost=20.6 rows=101)
    -> Index range scan on sbtest5 using PRIMARY over (6620110 <= id <= 6620210)  (cost=20.6 rows=101)


table 6 : explain SELECT id, c FROM sbtest6 WHERE id BETWEEN 6620110 AND 6620210
	-> Filter: (sbtest6.id between 6620110 and 6620210)  (cost=20.6 rows=101)
    -> Index range scan on sbtest6 using PRIMARY over (6620110 <= id <= 6620210)  (cost=20.6 rows=101)


table 7 : explain SELECT id, c FROM sbtest7 WHERE id BETWEEN 6620110 AND 6620210
	-> Filter: (sbtest7.id between 6620110 and 6620210)  (cost=20.6 rows=101)
    -> Index range scan on sbtest7 using PRIMARY over (6620110 <= id <= 6620210)  (cost=20.6 rows=101)


table 8 : explain SELECT id, c FROM sbtest8 WHERE id BETWEEN 6620110 AND 6620210
	-> Filter: (sbtest8.id between 6620110 and 6620210)  (cost=20.6 rows=101)
    -> Index range scan on sbtest8 using PRIMARY over (6620110 <= id <= 6620210)  (cost=20.6 rows=101)


for range-notcovered
table 1 : explain SELECT id, c FROM sbtest1 WHERE id BETWEEN 7208830 AND 7208930
	-> Filter: (sbtest1.id between 7208830 and 7208930)  (cost=20.6 rows=101)
    -> Index range scan on sbtest1 using PRIMARY over (7208830 <= id <= 7208930)  (cost=20.6 rows=101)


table 2 : explain SELECT id, c FROM sbtest2 WHERE id BETWEEN 7208830 AND 7208930
	-> Filter: (sbtest2.id between 7208830 and 7208930)  (cost=20.6 rows=101)
    -> Index range scan on sbtest2 using PRIMARY over (7208830 <= id <= 7208930)  (cost=20.6 rows=101)


table 3 : explain SELECT id, c FROM sbtest3 WHERE id BETWEEN 7208830 AND 7208930
	-> Filter: (sbtest3.id between 7208830 and 7208930)  (cost=20.6 rows=101)
    -> Index range scan on sbtest3 using PRIMARY over (7208830 <= id <= 7208930)  (cost=20.6 rows=101)


table 4 : explain SELECT id, c FROM sbtest4 WHERE id BETWEEN 7208830 AND 7208930
	-> Filter: (sbtest4.id between 7208830 and 7208930)  (cost=20.6 rows=101)
    -> Index range scan on sbtest4 using PRIMARY over (7208830 <= id <= 7208930)  (cost=20.6 rows=101)


table 5 : explain SELECT id, c FROM sbtest5 WHERE id BETWEEN 7208830 AND 7208930
	-> Filter: (sbtest5.id between 7208830 and 7208930)  (cost=20.6 rows=101)
    -> Index range scan on sbtest5 using PRIMARY over (7208830 <= id <= 7208930)  (cost=20.6 rows=101)


table 6 : explain SELECT id, c FROM sbtest6 WHERE id BETWEEN 7208830 AND 7208930
	-> Filter: (sbtest6.id between 7208830 and 7208930)  (cost=20.6 rows=101)
    -> Index range scan on sbtest6 using PRIMARY over (7208830 <= id <= 7208930)  (cost=20.6 rows=101)


table 7 : explain SELECT id, c FROM sbtest7 WHERE id BETWEEN 7208830 AND 7208930
	-> Filter: (sbtest7.id between 7208830 and 7208930)  (cost=20.6 rows=101)
    -> Index range scan on sbtest7 using PRIMARY over (7208830 <= id <= 7208930)  (cost=20.6 rows=101)


table 8 : explain SELECT id, c FROM sbtest8 WHERE id BETWEEN 7208830 AND 7208930
	-> Filter: (sbtest8.id between 7208830 and 7208930)  (cost=20.6 rows=101)
    -> Index range scan on sbtest8 using PRIMARY over (7208830 <= id <= 7208930)  (cost=20.6 rows=101)


for range-notcovered
table 1 : explain SELECT id, c FROM sbtest1 WHERE id BETWEEN 3603238 AND 3603338
	-> Filter: (sbtest1.id between 3603238 and 3603338)  (cost=20.6 rows=101)
    -> Index range scan on sbtest1 using PRIMARY over (3603238 <= id <= 3603338)  (cost=20.6 rows=101)


table 2 : explain SELECT id, c FROM sbtest2 WHERE id BETWEEN 3603238 AND 3603338
	-> Filter: (sbtest2.id between 3603238 and 3603338)  (cost=20.6 rows=101)
    -> Index range scan on sbtest2 using PRIMARY over (3603238 <= id <= 3603338)  (cost=20.6 rows=101)


table 3 : explain SELECT id, c FROM sbtest3 WHERE id BETWEEN 3603238 AND 3603338
	-> Filter: (sbtest3.id between 3603238 and 3603338)  (cost=20.6 rows=101)
    -> Index range scan on sbtest3 using PRIMARY over (3603238 <= id <= 3603338)  (cost=20.6 rows=101)


table 4 : explain SELECT id, c FROM sbtest4 WHERE id BETWEEN 3603238 AND 3603338
	-> Filter: (sbtest4.id between 3603238 and 3603338)  (cost=20.6 rows=101)
    -> Index range scan on sbtest4 using PRIMARY over (3603238 <= id <= 3603338)  (cost=20.6 rows=101)


table 5 : explain SELECT id, c FROM sbtest5 WHERE id BETWEEN 3603238 AND 3603338
	-> Filter: (sbtest5.id between 3603238 and 3603338)  (cost=20.6 rows=101)
    -> Index range scan on sbtest5 using PRIMARY over (3603238 <= id <= 3603338)  (cost=20.6 rows=101)


table 6 : explain SELECT id, c FROM sbtest6 WHERE id BETWEEN 3603238 AND 3603338
	-> Filter: (sbtest6.id between 3603238 and 3603338)  (cost=20.6 rows=101)
    -> Index range scan on sbtest6 using PRIMARY over (3603238 <= id <= 3603338)  (cost=20.6 rows=101)


table 7 : explain SELECT id, c FROM sbtest7 WHERE id BETWEEN 3603238 AND 3603338
	-> Filter: (sbtest7.id between 3603238 and 3603338)  (cost=20.6 rows=101)
    -> Index range scan on sbtest7 using PRIMARY over (3603238 <= id <= 3603338)  (cost=20.6 rows=101)


table 8 : explain SELECT id, c FROM sbtest8 WHERE id BETWEEN 3603238 AND 3603338
	-> Filter: (sbtest8.id between 3603238 and 3603338)  (cost=20.6 rows=101)
    -> Index range scan on sbtest8 using PRIMARY over (3603238 <= id <= 3603338)  (cost=20.6 rows=101)


for range-notcovered
table 1 : explain SELECT id, c FROM sbtest1 WHERE id BETWEEN 8460869 AND 8460969
	-> Filter: (sbtest1.id between 8460869 and 8460969)  (cost=20.6 rows=101)
    -> Index range scan on sbtest1 using PRIMARY over (8460869 <= id <= 8460969)  (cost=20.6 rows=101)


table 2 : explain SELECT id, c FROM sbtest2 WHERE id BETWEEN 8460869 AND 8460969
	-> Filter: (sbtest2.id between 8460869 and 8460969)  (cost=20.6 rows=101)
    -> Index range scan on sbtest2 using PRIMARY over (8460869 <= id <= 8460969)  (cost=20.6 rows=101)


table 3 : explain SELECT id, c FROM sbtest3 WHERE id BETWEEN 8460869 AND 8460969
	-> Filter: (sbtest3.id between 8460869 and 8460969)  (cost=20.6 rows=101)
    -> Index range scan on sbtest3 using PRIMARY over (8460869 <= id <= 8460969)  (cost=20.6 rows=101)


table 4 : explain SELECT id, c FROM sbtest4 WHERE id BETWEEN 8460869 AND 8460969
	-> Filter: (sbtest4.id between 8460869 and 8460969)  (cost=20.6 rows=101)
    -> Index range scan on sbtest4 using PRIMARY over (8460869 <= id <= 8460969)  (cost=20.6 rows=101)


table 5 : explain SELECT id, c FROM sbtest5 WHERE id BETWEEN 8460869 AND 8460969
	-> Filter: (sbtest5.id between 8460869 and 8460969)  (cost=20.6 rows=101)
    -> Index range scan on sbtest5 using PRIMARY over (8460869 <= id <= 8460969)  (cost=20.6 rows=101)


table 6 : explain SELECT id, c FROM sbtest6 WHERE id BETWEEN 8460869 AND 8460969
	-> Filter: (sbtest6.id between 8460869 and 8460969)  (cost=20.6 rows=101)
    -> Index range scan on sbtest6 using PRIMARY over (8460869 <= id <= 8460969)  (cost=20.6 rows=101)


table 7 : explain SELECT id, c FROM sbtest7 WHERE id BETWEEN 8460869 AND 8460969
	-> Filter: (sbtest7.id between 8460869 and 8460969)  (cost=20.6 rows=101)
    -> Index range scan on sbtest7 using PRIMARY over (8460869 <= id <= 8460969)  (cost=20.6 rows=101)


table 8 : explain SELECT id, c FROM sbtest8 WHERE id BETWEEN 8460869 AND 8460969
	-> Filter: (sbtest8.id between 8460869 and 8460969)  (cost=20.6 rows=101)
    -> Index range scan on sbtest8 using PRIMARY over (8460869 <= id <= 8460969)  (cost=20.6 rows=101)


explain: for range-notcovered :: explain SELECT id, c FROM sbtest%d WHERE id BETWEEN 9304560 AND 9304660for range-notcovered
table 1 : explain SELECT id, c FROM sbtest1 WHERE id BETWEEN 2819123 AND 2819223
	-> Filter: (sbtest1.id between 2819123 and 2819223)  (cost=20.6 rows=101)
    -> Index range scan on sbtest1 using PRIMARY over (2819123 <= id <= 2819223)  (cost=20.6 rows=101)


table 2 : explain SELECT id, c FROM sbtest2 WHERE id BETWEEN 2819123 AND 2819223
	-> Filter: (sbtest2.id between 2819123 and 2819223)  (cost=20.6 rows=101)
    -> Index range scan on sbtest2 using PRIMARY over (2819123 <= id <= 2819223)  (cost=20.6 rows=101)


table 3 : explain SELECT id, c FROM sbtest3 WHERE id BETWEEN 2819123 AND 2819223
	-> Filter: (sbtest3.id between 2819123 and 2819223)  (cost=20.6 rows=101)
    -> Index range scan on sbtest3 using PRIMARY over (2819123 <= id <= 2819223)  (cost=20.6 rows=101)


table 4 : explain SELECT id, c FROM sbtest4 WHERE id BETWEEN 2819123 AND 2819223
	-> Filter: (sbtest4.id between 2819123 and 2819223)  (cost=20.6 rows=101)
    -> Index range scan on sbtest4 using PRIMARY over (2819123 <= id <= 2819223)  (cost=20.6 rows=101)


table 5 : explain SELECT id, c FROM sbtest5 WHERE id BETWEEN 2819123 AND 2819223
	-> Filter: (sbtest5.id between 2819123 and 2819223)  (cost=20.6 rows=101)
    -> Index range scan on sbtest5 using PRIMARY over (2819123 <= id <= 2819223)  (cost=20.6 rows=101)


table 6 : explain SELECT id, c FROM sbtest6 WHERE id BETWEEN 2819123 AND 2819223
	-> Filter: (sbtest6.id between 2819123 and 2819223)  (cost=20.6 rows=101)
    -> Index range scan on sbtest6 using PRIMARY over (2819123 <= id <= 2819223)  (cost=20.6 rows=101)


table 7 : explain SELECT id, c FROM sbtest7 WHERE id BETWEEN 2819123 AND 2819223
	-> Filter: (sbtest7.id between 2819123 and 2819223)  (cost=20.6 rows=101)
    -> Index range scan on sbtest7 using PRIMARY over (2819123 <= id <= 2819223)  (cost=20.6 rows=101)


table 8 : explain SELECT id, c FROM sbtest8 WHERE id BETWEEN 2819123 AND 2819223
	-> Filter: (sbtest8.id between 2819123 and 2819223)  (cost=20.6 rows=101)
    -> Index range scan on sbtest8 using PRIMARY over (2819123 <= id <= 2819223)  (cost=20.6 rows=101)


for range-notcovered
table 1 : explain SELECT id, c FROM sbtest1 WHERE id BETWEEN 9018896 AND 9018996
	-> Filter: (sbtest1.id between 9018896 and 9018996)  (cost=20.6 rows=101)
    -> Index range scan on sbtest1 using PRIMARY over (9018896 <= id <= 9018996)  (cost=20.6 rows=101)


table 2 : explain SELECT id, c FROM sbtest2 WHERE id BETWEEN 9018896 AND 9018996
	-> Filter: (sbtest2.id between 9018896 and 9018996)  (cost=20.6 rows=101)
    -> Index range scan on sbtest2 using PRIMARY over (9018896 <= id <= 9018996)  (cost=20.6 rows=101)


table 3 : explain SELECT id, c FROM sbtest3 WHERE id BETWEEN 9018896 AND 9018996
	-> Filter: (sbtest3.id between 9018896 and 9018996)  (cost=20.6 rows=101)
    -> Index range scan on sbtest3 using PRIMARY over (9018896 <= id <= 9018996)  (cost=20.6 rows=101)


table 4 : explain SELECT id, c FROM sbtest4 WHERE id BETWEEN 9018896 AND 9018996
	-> Filter: (sbtest4.id between 9018896 and 9018996)  (cost=20.6 rows=101)
    -> Index range scan on sbtest4 using PRIMARY over (9018896 <= id <= 9018996)  (cost=20.6 rows=101)


table 5 : explain SELECT id, c FROM sbtest5 WHERE id BETWEEN 9018896 AND 9018996
	-> Filter: (sbtest5.id between 9018896 and 9018996)  (cost=20.6 rows=101)
    -> Index range scan on sbtest5 using PRIMARY over (9018896 <= id <= 9018996)  (cost=20.6 rows=101)


table 6 : explain SELECT id, c FROM sbtest6 WHERE id BETWEEN 9018896 AND 9018996
	-> Filter: (sbtest6.id between 9018896 and 9018996)  (cost=20.6 rows=101)
    -> Index range scan on sbtest6 using PRIMARY over (9018896 <= id <= 9018996)  (cost=20.6 rows=101)


table 7 : explain SELECT id, c FROM sbtest7 WHERE id BETWEEN 9018896 AND 9018996
	-> Filter: (sbtest7.id between 9018896 and 9018996)  (cost=20.6 rows=101)
    -> Index range scan on sbtest7 using PRIMARY over (9018896 <= id <= 9018996)  (cost=20.6 rows=101)


table 8 : explain SELECT id, c FROM sbtest8 WHERE id BETWEEN 9018896 AND 9018996
	-> Filter: (sbtest8.id between 9018896 and 9018996)  (cost=20.6 rows=101)
    -> Index range scan on sbtest8 using PRIMARY over (9018896 <= id <= 9018996)  (cost=20.6 rows=101)

explain: for range-notcovered :: explain SELECT id, c FROM sbtest%d WHERE id BETWEEN 6620110 AND 6620210

for range-notcovered
table 1 : explain SELECT id, c FROM sbtest1 WHERE id BETWEEN 7378558 AND 7378658
	-> Filter: (sbtest1.id between 7378558 and 7378658)  (cost=20.6 rows=101)
    -> Index range scan on sbtest1 using PRIMARY over (7378558 <= id <= 7378658)  (cost=20.6 rows=101)


table 2 : explain SELECT id, c FROM sbtest2 WHERE id BETWEEN 7378558 AND 7378658
	-> Filter: (sbtest2.id between 7378558 and 7378658)  (cost=20.6 rows=101)
    -> Index range scan on sbtest2 using PRIMARY over (7378558 <= id <= 7378658)  (cost=20.6 rows=101)


table 3 : explain SELECT id, c FROM sbtest3 WHERE id BETWEEN 7378558 AND 7378658
	-> Filter: (sbtest3.id between 7378558 and 7378658)  (cost=20.6 rows=101)
    -> Index range scan on sbtest3 using PRIMARY over (7378558 <= id <= 7378658)  (cost=20.6 rows=101)


table 4 : explain SELECT id, c FROM sbtest4 WHERE id BETWEEN 7378558 AND 7378658
	-> Filter: (sbtest4.id between 7378558 and 7378658)  (cost=20.6 rows=101)
    -> Index range scan on sbtest4 using PRIMARY over (7378558 <= id <= 7378658)  (cost=20.6 rows=101)


table 5 : explain SELECT id, c FROM sbtest5 WHERE id BETWEEN 7378558 AND 7378658
	-> Filter: (sbtest5.id between 7378558 and 7378658)  (cost=20.6 rows=101)
    -> Index range scan on sbtest5 using PRIMARY over (7378558 <= id <= 7378658)  (cost=20.6 rows=101)


table 6 : explain SELECT id, c FROM sbtest6 WHERE id BETWEEN 7378558 AND 7378658
	-> Filter: (sbtest6.id between 7378558 and 7378658)  (cost=20.6 rows=101)
    -> Index range scan on sbtest6 using PRIMARY over (7378558 <= id <= 7378658)  (cost=20.6 rows=101)


table 7 : explain SELECT id, c FROM sbtest7 WHERE id BETWEEN 7378558 AND 7378658
	-> Filter: (sbtest7.id between 7378558 and 7378658)  (cost=20.6 rows=101)
    -> Index range scan on sbtest7 using PRIMARY over (7378558 <= id <= 7378658)  (cost=20.6 rows=101)


table 8 : explain SELECT id, c FROM sbtest8 WHERE id BETWEEN 7378558 AND 7378658
	-> Filter: (sbtest8.id between 7378558 and 7378658)  (cost=20.6 rows=101)
    -> Index range scan on sbtest8 using PRIMARY over (7378558 <= id <= 7378658)  (cost=20.6 rows=101)

explain: for range-notcovered :: explain SELECT id, c FROM sbtest%d WHERE id BETWEEN 7208830 AND 7208930

explain: for range-notcovered :: explain SELECT id, c FROM sbtest%d WHERE id BETWEEN 8460869 AND 8460969

for range-notcovered
table 1 : explain SELECT id, c FROM sbtest1 WHERE id BETWEEN 4339851 AND 4339951
	-> Filter: (sbtest1.id between 4339851 and 4339951)  (cost=20.6 rows=101)
    -> Index range scan on sbtest1 using PRIMARY over (4339851 <= id <= 4339951)  (cost=20.6 rows=101)


table 2 : explain SELECT id, c FROM sbtest2 WHERE id BETWEEN 4339851 AND 4339951
	-> Filter: (sbtest2.id between 4339851 and 4339951)  (cost=20.6 rows=101)
    -> Index range scan on sbtest2 using PRIMARY over (4339851 <= id <= 4339951)  (cost=20.6 rows=101)


table 3 : explain SELECT id, c FROM sbtest3 WHERE id BETWEEN 4339851 AND 4339951
	-> Filter: (sbtest3.id between 4339851 and 4339951)  (cost=20.6 rows=101)
    -> Index range scan on sbtest3 using PRIMARY over (4339851 <= id <= 4339951)  (cost=20.6 rows=101)


table 4 : explain SELECT id, c FROM sbtest4 WHERE id BETWEEN 4339851 AND 4339951
	-> Filter: (sbtest4.id between 4339851 and 4339951)  (cost=20.6 rows=101)
    -> Index range scan on sbtest4 using PRIMARY over (4339851 <= id <= 4339951)  (cost=20.6 rows=101)


table 5 : explain SELECT id, c FROM sbtest5 WHERE id BETWEEN 4339851 AND 4339951
	-> Filter: (sbtest5.id between 4339851 and 4339951)  (cost=20.6 rows=101)
    -> Index range scan on sbtest5 using PRIMARY over (4339851 <= id <= 4339951)  (cost=20.6 rows=101)


table 6 : explain SELECT id, c FROM sbtest6 WHERE id BETWEEN 4339851 AND 4339951
	-> Filter: (sbtest6.id between 4339851 and 4339951)  (cost=20.6 rows=101)
    -> Index range scan on sbtest6 using PRIMARY over (4339851 <= id <= 4339951)  (cost=20.6 rows=101)


table 7 : explain SELECT id, c FROM sbtest7 WHERE id BETWEEN 4339851 AND 4339951
	-> Filter: (sbtest7.id between 4339851 and 4339951)  (cost=20.6 rows=101)
    -> Index range scan on sbtest7 using PRIMARY over (4339851 <= id <= 4339951)  (cost=20.6 rows=101)


table 8 : explain SELECT id, c FROM sbtest8 WHERE id BETWEEN 4339851 AND 4339951
	-> Filter: (sbtest8.id between 4339851 and 4339951)  (cost=20.6 rows=101)
    -> Index range scan on sbtest8 using PRIMARY over (4339851 <= id <= 4339951)  (cost=20.6 rows=101)

explain: for range-notcovered :: explain SELECT id, c FROM sbtest%d WHERE id BETWEEN 3603238 AND 3603338
for range-notcovered
table 1 : explain SELECT id, c FROM sbtest1 WHERE id BETWEEN 7021492 AND 7021592
	-> Filter: (sbtest1.id between 7021492 and 7021592)  (cost=20.6 rows=101)
    -> Index range scan on sbtest1 using PRIMARY over (7021492 <= id <= 7021592)  (cost=20.6 rows=101)


table 2 : explain SELECT id, c FROM sbtest2 WHERE id BETWEEN 7021492 AND 7021592
	-> Filter: (sbtest2.id between 7021492 and 7021592)  (cost=20.6 rows=101)
    -> Index range scan on sbtest2 using PRIMARY over (7021492 <= id <= 7021592)  (cost=20.6 rows=101)


table 3 : explain SELECT id, c FROM sbtest3 WHERE id BETWEEN 7021492 AND 7021592
	-> Filter: (sbtest3.id between 7021492 and 7021592)  (cost=20.6 rows=101)
    -> Index range scan on sbtest3 using PRIMARY over (7021492 <= id <= 7021592)  (cost=20.6 rows=101)


table 4 : explain SELECT id, c FROM sbtest4 WHERE id BETWEEN 7021492 AND 7021592
	-> Filter: (sbtest4.id between 7021492 and 7021592)  (cost=20.6 rows=101)
    -> Index range scan on sbtest4 using PRIMARY over (7021492 <= id <= 7021592)  (cost=20.6 rows=101)


table 5 : explain SELECT id, c FROM sbtest5 WHERE id BETWEEN 7021492 AND 7021592
	-> Filter: (sbtest5.id between 7021492 and 7021592)  (cost=20.6 rows=101)
    -> Index range scan on sbtest5 using PRIMARY over (7021492 <= id <= 7021592)  (cost=20.6 rows=101)


table 6 : explain SELECT id, c FROM sbtest6 WHERE id BETWEEN 7021492 AND 7021592
	-> Filter: (sbtest6.id between 7021492 and 7021592)  (cost=20.6 rows=101)
    -> Index range scan on sbtest6 using PRIMARY over (7021492 <= id <= 7021592)  (cost=20.6 rows=101)


table 7 : explain SELECT id, c FROM sbtest7 WHERE id BETWEEN 7021492 AND 7021592
	-> Filter: (sbtest7.id between 7021492 and 7021592)  (cost=20.6 rows=101)
    -> Index range scan on sbtest7 using PRIMARY over (7021492 <= id <= 7021592)  (cost=20.6 rows=101)


table 8 : explain SELECT id, c FROM sbtest8 WHERE id BETWEEN 7021492 AND 7021592
	-> Filter: (sbtest8.id between 7021492 and 7021592)  (cost=20.6 rows=101)
    -> Index range scan on sbtest8 using PRIMARY over (7021492 <= id <= 7021592)  (cost=20.6 rows=101)

for range-notcovered
table 1 : explain SELECT id, c FROM sbtest1 WHERE id BETWEEN 5027690 AND 5027790
	-> Filter: (sbtest1.id between 5027690 and 5027790)  (cost=20.6 rows=101)
    -> Index range scan on sbtest1 using PRIMARY over (5027690 <= id <= 5027790)  (cost=20.6 rows=101)


table 2 : explain SELECT id, c FROM sbtest2 WHERE id BETWEEN 5027690 AND 5027790
	-> Filter: (sbtest2.id between 5027690 and 5027790)  (cost=20.6 rows=101)
    -> Index range scan on sbtest2 using PRIMARY over (5027690 <= id <= 5027790)  (cost=20.6 rows=101)


table 3 : explain SELECT id, c FROM sbtest3 WHERE id BETWEEN 5027690 AND 5027790
	-> Filter: (sbtest3.id between 5027690 and 5027790)  (cost=20.6 rows=101)
    -> Index range scan on sbtest3 using PRIMARY over (5027690 <= id <= 5027790)  (cost=20.6 rows=101)


table 4 : explain SELECT id, c FROM sbtest4 WHERE id BETWEEN 5027690 AND 5027790
	-> Filter: (sbtest4.id between 5027690 and 5027790)  (cost=20.6 rows=101)
    -> Index range scan on sbtest4 using PRIMARY over (5027690 <= id <= 5027790)  (cost=20.6 rows=101)


table 5 : explain SELECT id, c FROM sbtest5 WHERE id BETWEEN 5027690 AND 5027790
	-> Filter: (sbtest5.id between 5027690 and 5027790)  (cost=20.6 rows=101)
    -> Index range scan on sbtest5 using PRIMARY over (5027690 <= id <= 5027790)  (cost=20.6 rows=101)


table 6 : explain SELECT id, c FROM sbtest6 WHERE id BETWEEN 5027690 AND 5027790
	-> Filter: (sbtest6.id between 5027690 and 5027790)  (cost=20.6 rows=101)
    -> Index range scan on sbtest6 using PRIMARY over (5027690 <= id <= 5027790)  (cost=20.6 rows=101)


table 7 : explain SELECT id, c FROM sbtest7 WHERE id BETWEEN 5027690 AND 5027790
	-> Filter: (sbtest7.id between 5027690 and 5027790)  (cost=20.6 rows=101)
    -> Index range scan on sbtest7 using PRIMARY over (5027690 <= id <= 5027790)  (cost=20.6 rows=101)


table 8 : explain SELECT id, c FROM sbtest8 WHERE id BETWEEN 5027690 AND 5027790
	-> Filter: (sbtest8.id between 5027690 and 5027790)  (cost=20.6 rows=101)
    -> Index range scan on sbtest8 using PRIMARY over (5027690 <= id <= 5027790)  (cost=20.6 rows=101)

for range-notcovered
table 1 : explain SELECT id, c FROM sbtest1 WHERE id BETWEEN 5031544 AND 5031644
	-> Filter: (sbtest1.id between 5031544 and 5031644)  (cost=20.6 rows=101)
    -> Index range scan on sbtest1 using PRIMARY over (5031544 <= id <= 5031644)  (cost=20.6 rows=101)


table 2 : explain SELECT id, c FROM sbtest2 WHERE id BETWEEN 5031544 AND 5031644
	-> Filter: (sbtest2.id between 5031544 and 5031644)  (cost=20.6 rows=101)
    -> Index range scan on sbtest2 using PRIMARY over (5031544 <= id <= 5031644)  (cost=20.6 rows=101)


table 3 : explain SELECT id, c FROM sbtest3 WHERE id BETWEEN 5031544 AND 5031644
	-> Filter: (sbtest3.id between 5031544 and 5031644)  (cost=20.6 rows=101)
    -> Index range scan on sbtest3 using PRIMARY over (5031544 <= id <= 5031644)  (cost=20.6 rows=101)


table 4 : explain SELECT id, c FROM sbtest4 WHERE id BETWEEN 5031544 AND 5031644
	-> Filter: (sbtest4.id between 5031544 and 5031644)  (cost=20.6 rows=101)
    -> Index range scan on sbtest4 using PRIMARY over (5031544 <= id <= 5031644)  (cost=20.6 rows=101)


table 5 : explain SELECT id, c FROM sbtest5 WHERE id BETWEEN 5031544 AND 5031644
	-> Filter: (sbtest5.id between 5031544 and 5031644)  (cost=20.6 rows=101)
    -> Index range scan on sbtest5 using PRIMARY over (5031544 <= id <= 5031644)  (cost=20.6 rows=101)


table 6 : explain SELECT id, c FROM sbtest6 WHERE id BETWEEN 5031544 AND 5031644
	-> Filter: (sbtest6.id between 5031544 and 5031644)  (cost=20.6 rows=101)
    -> Index range scan on sbtest6 using PRIMARY over (5031544 <= id <= 5031644)  (cost=20.6 rows=101)


table 7 : explain SELECT id, c FROM sbtest7 WHERE id BETWEEN 5031544 AND 5031644
	-> Filter: (sbtest7.id between 5031544 and 5031644)  (cost=20.6 rows=101)
    -> Index range scan on sbtest7 using PRIMARY over (5031544 <= id <= 5031644)  (cost=20.6 rows=101)


table 8 : explain SELECT id, c FROM sbtest8 WHERE id BETWEEN 5031544 AND 5031644
	-> Filter: (sbtest8.id between 5031544 and 5031644)  (cost=20.6 rows=101)
    -> Index range scan on sbtest8 using PRIMARY over (5031544 <= id <= 5031644)  (cost=20.6 rows=101)


explain: for range-notcovered :: explain SELECT id, c FROM sbtest%d WHERE id BETWEEN 8697513 AND 8697613
explain: for range-notcovered :: explain SELECT id, c FROM sbtest%d WHERE id BETWEEN 2819123 AND 2819223
for range-notcovered
table 1 : explain SELECT id, c FROM sbtest1 WHERE id BETWEEN 5728658 AND 5728758
	-> Filter: (sbtest1.id between 5728658 and 5728758)  (cost=20.6 rows=101)
    -> Index range scan on sbtest1 using PRIMARY over (5728658 <= id <= 5728758)  (cost=20.6 rows=101)


table 2 : explain SELECT id, c FROM sbtest2 WHERE id BETWEEN 5728658 AND 5728758
	-> Filter: (sbtest2.id between 5728658 and 5728758)  (cost=20.6 rows=101)
    -> Index range scan on sbtest2 using PRIMARY over (5728658 <= id <= 5728758)  (cost=20.6 rows=101)


table 3 : explain SELECT id, c FROM sbtest3 WHERE id BETWEEN 5728658 AND 5728758
	-> Filter: (sbtest3.id between 5728658 and 5728758)  (cost=20.6 rows=101)
    -> Index range scan on sbtest3 using PRIMARY over (5728658 <= id <= 5728758)  (cost=20.6 rows=101)


table 4 : explain SELECT id, c FROM sbtest4 WHERE id BETWEEN 5728658 AND 5728758
	-> Filter: (sbtest4.id between 5728658 and 5728758)  (cost=20.6 rows=101)
    -> Index range scan on sbtest4 using PRIMARY over (5728658 <= id <= 5728758)  (cost=20.6 rows=101)


table 5 : explain SELECT id, c FROM sbtest5 WHERE id BETWEEN 5728658 AND 5728758
	-> Filter: (sbtest5.id between 5728658 and 5728758)  (cost=20.6 rows=101)
    -> Index range scan on sbtest5 using PRIMARY over (5728658 <= id <= 5728758)  (cost=20.6 rows=101)


table 6 : explain SELECT id, c FROM sbtest6 WHERE id BETWEEN 5728658 AND 5728758
	-> Filter: (sbtest6.id between 5728658 and 5728758)  (cost=20.6 rows=101)
    -> Index range scan on sbtest6 using PRIMARY over (5728658 <= id <= 5728758)  (cost=20.6 rows=101)


table 7 : explain SELECT id, c FROM sbtest7 WHERE id BETWEEN 5728658 AND 5728758
	-> Filter: (sbtest7.id between 5728658 and 5728758)  (cost=20.6 rows=101)
    -> Index range scan on sbtest7 using PRIMARY over (5728658 <= id <= 5728758)  (cost=20.6 rows=101)


table 8 : explain SELECT id, c FROM sbtest8 WHERE id BETWEEN 5728658 AND 5728758
	-> Filter: (sbtest8.id between 5728658 and 5728758)  (cost=20.6 rows=101)
    -> Index range scan on sbtest8 using PRIMARY over (5728658 <= id <= 5728758)  (cost=20.6 rows=101)



for range-notcovered
table 1 : explain SELECT id, c FROM sbtest1 WHERE id BETWEEN 7869894 AND 7869994
	-> Filter: (sbtest1.id between 7869894 and 7869994)  (cost=20.6 rows=101)
    -> Index range scan on sbtest1 using PRIMARY over (7869894 <= id <= 7869994)  (cost=20.6 rows=101)


table 2 : explain SELECT id, c FROM sbtest2 WHERE id BETWEEN 7869894 AND 7869994
	-> Filter: (sbtest2.id between 7869894 and 7869994)  (cost=20.6 rows=101)
    -> Index range scan on sbtest2 using PRIMARY over (7869894 <= id <= 7869994)  (cost=20.6 rows=101)


table 3 : explain SELECT id, c FROM sbtest3 WHERE id BETWEEN 7869894 AND 7869994
	-> Filter: (sbtest3.id between 7869894 and 7869994)  (cost=20.6 rows=101)
    -> Index range scan on sbtest3 using PRIMARY over (7869894 <= id <= 7869994)  (cost=20.6 rows=101)


table 4 : explain SELECT id, c FROM sbtest4 WHERE id BETWEEN 7869894 AND 7869994
	-> Filter: (sbtest4.id between 7869894 and 7869994)  (cost=20.6 rows=101)
    -> Index range scan on sbtest4 using PRIMARY over (7869894 <= id <= 7869994)  (cost=20.6 rows=101)


table 5 : explain SELECT id, c FROM sbtest5 WHERE id BETWEEN 7869894 AND 7869994
	-> Filter: (sbtest5.id between 7869894 and 7869994)  (cost=20.6 rows=101)
    -> Index range scan on sbtest5 using PRIMARY over (7869894 <= id <= 7869994)  (cost=20.6 rows=101)


table 6 : explain SELECT id, c FROM sbtest6 WHERE id BETWEEN 7869894 AND 7869994
	-> Filter: (sbtest6.id between 7869894 and 7869994)  (cost=20.6 rows=101)
    -> Index range scan on sbtest6 using PRIMARY over (7869894 <= id <= 7869994)  (cost=20.6 rows=101)


table 7 : explain SELECT id, c FROM sbtest7 WHERE id BETWEEN 7869894 AND 7869994
	-> Filter: (sbtest7.id between 7869894 and 7869994)  (cost=20.6 rows=101)
    -> Index range scan on sbtest7 using PRIMARY over (7869894 <= id <= 7869994)  (cost=20.6 rows=101)


table 8 : explain SELECT id, c FROM sbtest8 WHERE id BETWEEN 7869894 AND 7869994
	-> Filter: (sbtest8.id between 7869894 and 7869994)  (cost=20.6 rows=101)
    -> Index range scan on sbtest8 using PRIMARY over (7869894 <= id <= 7869994)  (cost=20.6 rows=101)




explain: for range-notcovered :: explain SELECT id, c FROM sbtest%d WHERE id BETWEEN 9018896 AND 9018996
explain: for range-notcovered :: explain SELECT id, c FROM sbtest%d WHERE id BETWEEN 5031544 AND 5031644
for range-notcovered
table 1 : explain SELECT id, c FROM sbtest1 WHERE id BETWEEN 8210069 AND 8210169
	-> Filter: (sbtest1.id between 8210069 and 8210169)  (cost=20.6 rows=101)
    -> Index range scan on sbtest1 using PRIMARY over (8210069 <= id <= 8210169)  (cost=20.6 rows=101)


table 2 : explain SELECT id, c FROM sbtest2 WHERE id BETWEEN 8210069 AND 8210169
	-> Filter: (sbtest2.id between 8210069 and 8210169)  (cost=20.6 rows=101)
    -> Index range scan on sbtest2 using PRIMARY over (8210069 <= id <= 8210169)  (cost=20.6 rows=101)


table 3 : explain SELECT id, c FROM sbtest3 WHERE id BETWEEN 8210069 AND 8210169
	-> Filter: (sbtest3.id between 8210069 and 8210169)  (cost=20.6 rows=101)
    -> Index range scan on sbtest3 using PRIMARY over (8210069 <= id <= 8210169)  (cost=20.6 rows=101)


table 4 : explain SELECT id, c FROM sbtest4 WHERE id BETWEEN 8210069 AND 8210169
	-> Filter: (sbtest4.id between 8210069 and 8210169)  (cost=20.6 rows=101)
    -> Index range scan on sbtest4 using PRIMARY over (8210069 <= id <= 8210169)  (cost=20.6 rows=101)


table 5 : explain SELECT id, c FROM sbtest5 WHERE id BETWEEN 8210069 AND 8210169
	-> Filter: (sbtest5.id between 8210069 and 8210169)  (cost=20.6 rows=101)
    -> Index range scan on sbtest5 using PRIMARY over (8210069 <= id <= 8210169)  (cost=20.6 rows=101)


table 6 : explain SELECT id, c FROM sbtest6 WHERE id BETWEEN 8210069 AND 8210169
	-> Filter: (sbtest6.id between 8210069 and 8210169)  (cost=20.6 rows=101)
    -> Index range scan on sbtest6 using PRIMARY over (8210069 <= id <= 8210169)  (cost=20.6 rows=101)


table 7 : explain SELECT id, c FROM sbtest7 WHERE id BETWEEN 8210069 AND 8210169
	-> Filter: (sbtest7.id between 8210069 and 8210169)  (cost=20.6 rows=101)
    -> Index range scan on sbtest7 using PRIMARY over (8210069 <= id <= 8210169)  (cost=20.6 rows=101)


table 8 : explain SELECT id, c FROM sbtest8 WHERE id BETWEEN 8210069 AND 8210169
	-> Filter: (sbtest8.id between 8210069 and 8210169)  (cost=20.6 rows=101)
    -> Index range scan on sbtest8 using PRIMARY over (8210069 <= id <= 8210169)  (cost=20.6 rows=101)


for range-notcovered
table 1 : explain SELECT id, c FROM sbtest1 WHERE id BETWEEN 7956413 AND 7956513
	-> Filter: (sbtest1.id between 7956413 and 7956513)  (cost=20.6 rows=101)
    -> Index range scan on sbtest1 using PRIMARY over (7956413 <= id <= 7956513)  (cost=20.6 rows=101)


table 2 : explain SELECT id, c FROM sbtest2 WHERE id BETWEEN 7956413 AND 7956513
	-> Filter: (sbtest2.id between 7956413 and 7956513)  (cost=20.6 rows=101)
    -> Index range scan on sbtest2 using PRIMARY over (7956413 <= id <= 7956513)  (cost=20.6 rows=101)


table 3 : explain SELECT id, c FROM sbtest3 WHERE id BETWEEN 7956413 AND 7956513
	-> Filter: (sbtest3.id between 7956413 and 7956513)  (cost=20.6 rows=101)
    -> Index range scan on sbtest3 using PRIMARY over (7956413 <= id <= 7956513)  (cost=20.6 rows=101)


table 4 : explain SELECT id, c FROM sbtest4 WHERE id BETWEEN 7956413 AND 7956513
	-> Filter: (sbtest4.id between 7956413 and 7956513)  (cost=20.6 rows=101)
    -> Index range scan on sbtest4 using PRIMARY over (7956413 <= id <= 7956513)  (cost=20.6 rows=101)


table 5 : explain SELECT id, c FROM sbtest5 WHERE id BETWEEN 7956413 AND 7956513
	-> Filter: (sbtest5.id between 7956413 and 7956513)  (cost=20.6 rows=101)
    -> Index range scan on sbtest5 using PRIMARY over (7956413 <= id <= 7956513)  (cost=20.6 rows=101)


table 6 : explain SELECT id, c FROM sbtest6 WHERE id BETWEEN 7956413 AND 7956513
	-> Filter: (sbtest6.id between 7956413 and 7956513)  (cost=20.6 rows=101)
    -> Index range scan on sbtest6 using PRIMARY over (7956413 <= id <= 7956513)  (cost=20.6 rows=101)


table 7 : explain SELECT id, c FROM sbtest7 WHERE id BETWEEN 7956413 AND 7956513
	-> Filter: (sbtest7.id between 7956413 and 7956513)  (cost=20.6 rows=101)
    -> Index range scan on sbtest7 using PRIMARY over (7956413 <= id <= 7956513)  (cost=20.6 rows=101)


table 8 : explain SELECT id, c FROM sbtest8 WHERE id BETWEEN 7956413 AND 7956513
	-> Filter: (sbtest8.id between 7956413 and 7956513)  (cost=20.6 rows=101)
    -> Index range scan on sbtest8 using PRIMARY over (7956413 <= id <= 7956513)  (cost=20.6 rows=101)

explain: for range-notcovered :: explain SELECT id, c FROM sbtest%d WHERE id BETWEEN 5728658 AND 5728758for range-notcovered
table 1 : explain SELECT id, c FROM sbtest1 WHERE id BETWEEN 2905294 AND 2905394
	-> Filter: (sbtest1.id between 2905294 and 2905394)  (cost=20.6 rows=101)
    -> Index range scan on sbtest1 using PRIMARY over (2905294 <= id <= 2905394)  (cost=20.6 rows=101)


table 2 : explain SELECT id, c FROM sbtest2 WHERE id BETWEEN 2905294 AND 2905394
	-> Filter: (sbtest2.id between 2905294 and 2905394)  (cost=20.6 rows=101)
    -> Index range scan on sbtest2 using PRIMARY over (2905294 <= id <= 2905394)  (cost=20.6 rows=101)


table 3 : explain SELECT id, c FROM sbtest3 WHERE id BETWEEN 2905294 AND 2905394
	-> Filter: (sbtest3.id between 2905294 and 2905394)  (cost=20.6 rows=101)
    -> Index range scan on sbtest3 using PRIMARY over (2905294 <= id <= 2905394)  (cost=20.6 rows=101)


table 4 : explain SELECT id, c FROM sbtest4 WHERE id BETWEEN 2905294 AND 2905394
	-> Filter: (sbtest4.id between 2905294 and 2905394)  (cost=20.6 rows=101)
    -> Index range scan on sbtest4 using PRIMARY over (2905294 <= id <= 2905394)  (cost=20.6 rows=101)


table 5 : explain SELECT id, c FROM sbtest5 WHERE id BETWEEN 2905294 AND 2905394
	-> Filter: (sbtest5.id between 2905294 and 2905394)  (cost=20.6 rows=101)
    -> Index range scan on sbtest5 using PRIMARY over (2905294 <= id <= 2905394)  (cost=20.6 rows=101)


table 6 : explain SELECT id, c FROM sbtest6 WHERE id BETWEEN 2905294 AND 2905394
	-> Filter: (sbtest6.id between 2905294 and 2905394)  (cost=20.6 rows=101)
    -> Index range scan on sbtest6 using PRIMARY over (2905294 <= id <= 2905394)  (cost=20.6 rows=101)


table 7 : explain SELECT id, c FROM sbtest7 WHERE id BETWEEN 2905294 AND 2905394
	-> Filter: (sbtest7.id between 2905294 and 2905394)  (cost=20.6 rows=101)
    -> Index range scan on sbtest7 using PRIMARY over (2905294 <= id <= 2905394)  (cost=20.6 rows=101)


table 8 : explain SELECT id, c FROM sbtest8 WHERE id BETWEEN 2905294 AND 2905394
	-> Filter: (sbtest8.id between 2905294 and 2905394)  (cost=20.6 rows=101)
    -> Index range scan on sbtest8 using PRIMARY over (2905294 <= id <= 2905394)  (cost=20.6 rows=101)



explain: for range-notcovered :: explain SELECT id, c FROM sbtest%d WHERE id BETWEEN 4339851 AND 4339951

explain: for range-notcovered :: explain SELECT id, c FROM sbtest%d WHERE id BETWEEN 7869894 AND 7869994
explain: for range-notcovered :: explain SELECT id, c FROM sbtest%d WHERE id BETWEEN 7021492 AND 7021592

for range-notcovered
table 1 : explain SELECT id, c FROM sbtest1 WHERE id BETWEEN 2677039 AND 2677139
	-> Filter: (sbtest1.id between 2677039 and 2677139)  (cost=20.6 rows=101)
    -> Index range scan on sbtest1 using PRIMARY over (2677039 <= id <= 2677139)  (cost=20.6 rows=101)


table 2 : explain SELECT id, c FROM sbtest2 WHERE id BETWEEN 2677039 AND 2677139
	-> Filter: (sbtest2.id between 2677039 and 2677139)  (cost=20.6 rows=101)
    -> Index range scan on sbtest2 using PRIMARY over (2677039 <= id <= 2677139)  (cost=20.6 rows=101)


table 3 : explain SELECT id, c FROM sbtest3 WHERE id BETWEEN 2677039 AND 2677139
	-> Filter: (sbtest3.id between 2677039 and 2677139)  (cost=20.6 rows=101)
    -> Index range scan on sbtest3 using PRIMARY over (2677039 <= id <= 2677139)  (cost=20.6 rows=101)


table 4 : explain SELECT id, c FROM sbtest4 WHERE id BETWEEN 2677039 AND 2677139
	-> Filter: (sbtest4.id between 2677039 and 2677139)  (cost=20.6 rows=101)
    -> Index range scan on sbtest4 using PRIMARY over (2677039 <= id <= 2677139)  (cost=20.6 rows=101)


table 5 : explain SELECT id, c FROM sbtest5 WHERE id BETWEEN 2677039 AND 2677139
	-> Filter: (sbtest5.id between 2677039 and 2677139)  (cost=20.6 rows=101)
    -> Index range scan on sbtest5 using PRIMARY over (2677039 <= id <= 2677139)  (cost=20.6 rows=101)


table 6 : explain SELECT id, c FROM sbtest6 WHERE id BETWEEN 2677039 AND 2677139
	-> Filter: (sbtest6.id between 2677039 and 2677139)  (cost=20.6 rows=101)
    -> Index range scan on sbtest6 using PRIMARY over (2677039 <= id <= 2677139)  (cost=20.6 rows=101)


table 7 : explain SELECT id, c FROM sbtest7 WHERE id BETWEEN 2677039 AND 2677139
	-> Filter: (sbtest7.id between 2677039 and 2677139)  (cost=20.6 rows=101)
    -> Index range scan on sbtest7 using PRIMARY over (2677039 <= id <= 2677139)  (cost=20.6 rows=101)


table 8 : explain SELECT id, c FROM sbtest8 WHERE id BETWEEN 2677039 AND 2677139
	-> Filter: (sbtest8.id between 2677039 and 2677139)  (cost=20.6 rows=101)
    -> Index range scan on sbtest8 using PRIMARY over (2677039 <= id <= 2677139)  (cost=20.6 rows=101)


explain: for range-notcovered :: explain SELECT id, c FROM sbtest%d WHERE id BETWEEN 5027690 AND 5027790
for range-notcovered
table 1 : explain SELECT id, c FROM sbtest1 WHERE id BETWEEN 3730450 AND 3730550
	-> Filter: (sbtest1.id between 3730450 and 3730550)  (cost=20.6 rows=101)
    -> Index range scan on sbtest1 using PRIMARY over (3730450 <= id <= 3730550)  (cost=20.6 rows=101)


table 2 : explain SELECT id, c FROM sbtest2 WHERE id BETWEEN 3730450 AND 3730550
	-> Filter: (sbtest2.id between 3730450 and 3730550)  (cost=20.6 rows=101)
    -> Index range scan on sbtest2 using PRIMARY over (3730450 <= id <= 3730550)  (cost=20.6 rows=101)


table 3 : explain SELECT id, c FROM sbtest3 WHERE id BETWEEN 3730450 AND 3730550
	-> Filter: (sbtest3.id between 3730450 and 3730550)  (cost=20.6 rows=101)
    -> Index range scan on sbtest3 using PRIMARY over (3730450 <= id <= 3730550)  (cost=20.6 rows=101)


table 4 : explain SELECT id, c FROM sbtest4 WHERE id BETWEEN 3730450 AND 3730550
	-> Filter: (sbtest4.id between 3730450 and 3730550)  (cost=20.6 rows=101)
    -> Index range scan on sbtest4 using PRIMARY over (3730450 <= id <= 3730550)  (cost=20.6 rows=101)


table 5 : explain SELECT id, c FROM sbtest5 WHERE id BETWEEN 3730450 AND 3730550
	-> Filter: (sbtest5.id between 3730450 and 3730550)  (cost=20.6 rows=101)
    -> Index range scan on sbtest5 using PRIMARY over (3730450 <= id <= 3730550)  (cost=20.6 rows=101)


table 6 : explain SELECT id, c FROM sbtest6 WHERE id BETWEEN 3730450 AND 3730550
	-> Filter: (sbtest6.id between 3730450 and 3730550)  (cost=20.6 rows=101)
    -> Index range scan on sbtest6 using PRIMARY over (3730450 <= id <= 3730550)  (cost=20.6 rows=101)


table 7 : explain SELECT id, c FROM sbtest7 WHERE id BETWEEN 3730450 AND 3730550
	-> Filter: (sbtest7.id between 3730450 and 3730550)  (cost=20.6 rows=101)
    -> Index range scan on sbtest7 using PRIMARY over (3730450 <= id <= 3730550)  (cost=20.6 rows=101)


table 8 : explain SELECT id, c FROM sbtest8 WHERE id BETWEEN 3730450 AND 3730550
	-> Filter: (sbtest8.id between 3730450 and 3730550)  (cost=20.6 rows=101)
    -> Index range scan on sbtest8 using PRIMARY over (3730450 <= id <= 3730550)  (cost=20.6 rows=101)


explain: for range-notcovered :: explain SELECT id, c FROM sbtest%d WHERE id BETWEEN 4118184 AND 4118284for range-notcovered
table 1 : explain SELECT id, c FROM sbtest1 WHERE id BETWEEN 5102644 AND 5102744
	-> Filter: (sbtest1.id between 5102644 and 5102744)  (cost=20.6 rows=101)
    -> Index range scan on sbtest1 using PRIMARY over (5102644 <= id <= 5102744)  (cost=20.6 rows=101)


table 2 : explain SELECT id, c FROM sbtest2 WHERE id BETWEEN 5102644 AND 5102744
	-> Filter: (sbtest2.id between 5102644 and 5102744)  (cost=20.6 rows=101)
    -> Index range scan on sbtest2 using PRIMARY over (5102644 <= id <= 5102744)  (cost=20.6 rows=101)


table 3 : explain SELECT id, c FROM sbtest3 WHERE id BETWEEN 5102644 AND 5102744
	-> Filter: (sbtest3.id between 5102644 and 5102744)  (cost=20.6 rows=101)
    -> Index range scan on sbtest3 using PRIMARY over (5102644 <= id <= 5102744)  (cost=20.6 rows=101)


table 4 : explain SELECT id, c FROM sbtest4 WHERE id BETWEEN 5102644 AND 5102744
	-> Filter: (sbtest4.id between 5102644 and 5102744)  (cost=20.6 rows=101)
    -> Index range scan on sbtest4 using PRIMARY over (5102644 <= id <= 5102744)  (cost=20.6 rows=101)


table 5 : explain SELECT id, c FROM sbtest5 WHERE id BETWEEN 5102644 AND 5102744
	-> Filter: (sbtest5.id between 5102644 and 5102744)  (cost=20.6 rows=101)
    -> Index range scan on sbtest5 using PRIMARY over (5102644 <= id <= 5102744)  (cost=20.6 rows=101)


table 6 : explain SELECT id, c FROM sbtest6 WHERE id BETWEEN 5102644 AND 5102744
	-> Filter: (sbtest6.id between 5102644 and 5102744)  (cost=20.6 rows=101)
    -> Index range scan on sbtest6 using PRIMARY over (5102644 <= id <= 5102744)  (cost=20.6 rows=101)


table 7 : explain SELECT id, c FROM sbtest7 WHERE id BETWEEN 5102644 AND 5102744
	-> Filter: (sbtest7.id between 5102644 and 5102744)  (cost=20.6 rows=101)
    -> Index range scan on sbtest7 using PRIMARY over (5102644 <= id <= 5102744)  (cost=20.6 rows=101)


table 8 : explain SELECT id, c FROM sbtest8 WHERE id BETWEEN 5102644 AND 5102744
	-> Filter: (sbtest8.id between 5102644 and 5102744)  (cost=20.6 rows=101)
    -> Index range scan on sbtest8 using PRIMARY over (5102644 <= id <= 5102744)  (cost=20.6 rows=101)


for range-notcovered
table 1 : explain SELECT id, c FROM sbtest1 WHERE id BETWEEN 5767498 AND 5767598
	-> Filter: (sbtest1.id between 5767498 and 5767598)  (cost=20.6 rows=101)
    -> Index range scan on sbtest1 using PRIMARY over (5767498 <= id <= 5767598)  (cost=20.6 rows=101)


table 2 : explain SELECT id, c FROM sbtest2 WHERE id BETWEEN 5767498 AND 5767598
	-> Filter: (sbtest2.id between 5767498 and 5767598)  (cost=20.6 rows=101)
    -> Index range scan on sbtest2 using PRIMARY over (5767498 <= id <= 5767598)  (cost=20.6 rows=101)


table 3 : explain SELECT id, c FROM sbtest3 WHERE id BETWEEN 5767498 AND 5767598
	-> Filter: (sbtest3.id between 5767498 and 5767598)  (cost=20.6 rows=101)
    -> Index range scan on sbtest3 using PRIMARY over (5767498 <= id <= 5767598)  (cost=20.6 rows=101)


table 4 : explain SELECT id, c FROM sbtest4 WHERE id BETWEEN 5767498 AND 5767598
	-> Filter: (sbtest4.id between 5767498 and 5767598)  (cost=20.6 rows=101)
    -> Index range scan on sbtest4 using PRIMARY over (5767498 <= id <= 5767598)  (cost=20.6 rows=101)


table 5 : explain SELECT id, c FROM sbtest5 WHERE id BETWEEN 5767498 AND 5767598
	-> Filter: (sbtest5.id between 5767498 and 5767598)  (cost=20.6 rows=101)
    -> Index range scan on sbtest5 using PRIMARY over (5767498 <= id <= 5767598)  (cost=20.6 rows=101)


table 6 : explain SELECT id, c FROM sbtest6 WHERE id BETWEEN 5767498 AND 5767598
	-> Filter: (sbtest6.id between 5767498 and 5767598)  (cost=20.6 rows=101)
    -> Index range scan on sbtest6 using PRIMARY over (5767498 <= id <= 5767598)  (cost=20.6 rows=101)


table 7 : explain SELECT id, c FROM sbtest7 WHERE id BETWEEN 5767498 AND 5767598
	-> Filter: (sbtest7.id between 5767498 and 5767598)  (cost=20.6 rows=101)
    -> Index range scan on sbtest7 using PRIMARY over (5767498 <= id <= 5767598)  (cost=20.6 rows=101)


table 8 : explain SELECT id, c FROM sbtest8 WHERE id BETWEEN 5767498 AND 5767598
	-> Filter: (sbtest8.id between 5767498 and 5767598)  (cost=20.6 rows=101)
    -> Index range scan on sbtest8 using PRIMARY over (5767498 <= id <= 5767598)  (cost=20.6 rows=101)


explain: for range-notcovered :: explain SELECT id, c FROM sbtest%d WHERE id BETWEEN 2677039 AND 2677139
explain: for range-notcovered :: explain SELECT id, c FROM sbtest%d WHERE id BETWEEN 8210069 AND 8210169
explain: for range-notcovered :: explain SELECT id, c FROM sbtest%d WHERE id BETWEEN 7956413 AND 7956513
explain: for range-notcovered :: explain SELECT id, c FROM sbtest%d WHERE id BETWEEN 7378558 AND 7378658
explain: for range-notcovered :: explain SELECT id, c FROM sbtest%d WHERE id BETWEEN 3730450 AND 3730550
explain: for range-notcovered :: explain SELECT id, c FROM sbtest%d WHERE id BETWEEN 2905294 AND 2905394
for range-notcovered
table 1 : explain SELECT id, c FROM sbtest1 WHERE id BETWEEN 1765473 AND 1765573
	-> Filter: (sbtest1.id between 1765473 and 1765573)  (cost=20.6 rows=101)
    -> Index range scan on sbtest1 using PRIMARY over (1765473 <= id <= 1765573)  (cost=20.6 rows=101)


table 2 : explain SELECT id, c FROM sbtest2 WHERE id BETWEEN 1765473 AND 1765573
	-> Filter: (sbtest2.id between 1765473 and 1765573)  (cost=20.6 rows=101)
    -> Index range scan on sbtest2 using PRIMARY over (1765473 <= id <= 1765573)  (cost=20.6 rows=101)


table 3 : explain SELECT id, c FROM sbtest3 WHERE id BETWEEN 1765473 AND 1765573
	-> Filter: (sbtest3.id between 1765473 and 1765573)  (cost=20.6 rows=101)
    -> Index range scan on sbtest3 using PRIMARY over (1765473 <= id <= 1765573)  (cost=20.6 rows=101)


table 4 : explain SELECT id, c FROM sbtest4 WHERE id BETWEEN 1765473 AND 1765573
	-> Filter: (sbtest4.id between 1765473 and 1765573)  (cost=20.6 rows=101)
    -> Index range scan on sbtest4 using PRIMARY over (1765473 <= id <= 1765573)  (cost=20.6 rows=101)


table 5 : explain SELECT id, c FROM sbtest5 WHERE id BETWEEN 1765473 AND 1765573
	-> Filter: (sbtest5.id between 1765473 and 1765573)  (cost=20.6 rows=101)
    -> Index range scan on sbtest5 using PRIMARY over (1765473 <= id <= 1765573)  (cost=20.6 rows=101)


table 6 : explain SELECT id, c FROM sbtest6 WHERE id BETWEEN 1765473 AND 1765573
	-> Filter: (sbtest6.id between 1765473 and 1765573)  (cost=20.6 rows=101)
    -> Index range scan on sbtest6 using PRIMARY over (1765473 <= id <= 1765573)  (cost=20.6 rows=101)


table 7 : explain SELECT id, c FROM sbtest7 WHERE id BETWEEN 1765473 AND 1765573
	-> Filter: (sbtest7.id between 1765473 and 1765573)  (cost=20.6 rows=101)
    -> Index range scan on sbtest7 using PRIMARY over (1765473 <= id <= 1765573)  (cost=20.6 rows=101)


table 8 : explain SELECT id, c FROM sbtest8 WHERE id BETWEEN 1765473 AND 1765573
	-> Filter: (sbtest8.id between 1765473 and 1765573)  (cost=20.6 rows=101)
    -> Index range scan on sbtest8 using PRIMARY over (1765473 <= id <= 1765573)  (cost=20.6 rows=101)

for range-notcovered
table 1 : explain SELECT id, c FROM sbtest1 WHERE id BETWEEN 3051203 AND 3051303
	-> Filter: (sbtest1.id between 3051203 and 3051303)  (cost=20.6 rows=101)
    -> Index range scan on sbtest1 using PRIMARY over (3051203 <= id <= 3051303)  (cost=20.6 rows=101)


table 2 : explain SELECT id, c FROM sbtest2 WHERE id BETWEEN 3051203 AND 3051303
	-> Filter: (sbtest2.id between 3051203 and 3051303)  (cost=20.6 rows=101)
    -> Index range scan on sbtest2 using PRIMARY over (3051203 <= id <= 3051303)  (cost=20.6 rows=101)


table 3 : explain SELECT id, c FROM sbtest3 WHERE id BETWEEN 3051203 AND 3051303
	-> Filter: (sbtest3.id between 3051203 and 3051303)  (cost=20.6 rows=101)
    -> Index range scan on sbtest3 using PRIMARY over (3051203 <= id <= 3051303)  (cost=20.6 rows=101)


table 4 : explain SELECT id, c FROM sbtest4 WHERE id BETWEEN 3051203 AND 3051303
	-> Filter: (sbtest4.id between 3051203 and 3051303)  (cost=20.6 rows=101)
    -> Index range scan on sbtest4 using PRIMARY over (3051203 <= id <= 3051303)  (cost=20.6 rows=101)


table 5 : explain SELECT id, c FROM sbtest5 WHERE id BETWEEN 3051203 AND 3051303
	-> Filter: (sbtest5.id between 3051203 and 3051303)  (cost=20.6 rows=101)
    -> Index range scan on sbtest5 using PRIMARY over (3051203 <= id <= 3051303)  (cost=20.6 rows=101)


table 6 : explain SELECT id, c FROM sbtest6 WHERE id BETWEEN 3051203 AND 3051303
	-> Filter: (sbtest6.id between 3051203 and 3051303)  (cost=20.6 rows=101)
    -> Index range scan on sbtest6 using PRIMARY over (3051203 <= id <= 3051303)  (cost=20.6 rows=101)


table 7 : explain SELECT id, c FROM sbtest7 WHERE id BETWEEN 3051203 AND 3051303
	-> Filter: (sbtest7.id between 3051203 and 3051303)  (cost=20.6 rows=101)
    -> Index range scan on sbtest7 using PRIMARY over (3051203 <= id <= 3051303)  (cost=20.6 rows=101)


table 8 : explain SELECT id, c FROM sbtest8 WHERE id BETWEEN 3051203 AND 3051303
	-> Filter: (sbtest8.id between 3051203 and 3051303)  (cost=20.6 rows=101)
    -> Index range scan on sbtest8 using PRIMARY over (3051203 <= id <= 3051303)  (cost=20.6 rows=101)

explain: for range-notcovered :: explain SELECT id, c FROM sbtest%d WHERE id BETWEEN 5102644 AND 5102744

for range-notcovered
table 1 : explain SELECT id, c FROM sbtest1 WHERE id BETWEEN 8773081 AND 8773181
	-> Filter: (sbtest1.id between 8773081 and 8773181)  (cost=20.6 rows=101)
    -> Index range scan on sbtest1 using PRIMARY over (8773081 <= id <= 8773181)  (cost=20.6 rows=101)


table 2 : explain SELECT id, c FROM sbtest2 WHERE id BETWEEN 8773081 AND 8773181
	-> Filter: (sbtest2.id between 8773081 and 8773181)  (cost=20.6 rows=101)
    -> Index range scan on sbtest2 using PRIMARY over (8773081 <= id <= 8773181)  (cost=20.6 rows=101)


table 3 : explain SELECT id, c FROM sbtest3 WHERE id BETWEEN 8773081 AND 8773181
	-> Filter: (sbtest3.id between 8773081 and 8773181)  (cost=20.6 rows=101)
    -> Index range scan on sbtest3 using PRIMARY over (8773081 <= id <= 8773181)  (cost=20.6 rows=101)


table 4 : explain SELECT id, c FROM sbtest4 WHERE id BETWEEN 8773081 AND 8773181
	-> Filter: (sbtest4.id between 8773081 and 8773181)  (cost=20.6 rows=101)
    -> Index range scan on sbtest4 using PRIMARY over (8773081 <= id <= 8773181)  (cost=20.6 rows=101)


table 5 : explain SELECT id, c FROM sbtest5 WHERE id BETWEEN 8773081 AND 8773181
	-> Filter: (sbtest5.id between 8773081 and 8773181)  (cost=20.6 rows=101)
    -> Index range scan on sbtest5 using PRIMARY over (8773081 <= id <= 8773181)  (cost=20.6 rows=101)


table 6 : explain SELECT id, c FROM sbtest6 WHERE id BETWEEN 8773081 AND 8773181
	-> Filter: (sbtest6.id between 8773081 and 8773181)  (cost=20.6 rows=101)
    -> Index range scan on sbtest6 using PRIMARY over (8773081 <= id <= 8773181)  (cost=20.6 rows=101)


table 7 : explain SELECT id, c FROM sbtest7 WHERE id BETWEEN 8773081 AND 8773181
	-> Filter: (sbtest7.id between 8773081 and 8773181)  (cost=20.6 rows=101)
    -> Index range scan on sbtest7 using PRIMARY over (8773081 <= id <= 8773181)  (cost=20.6 rows=101)


table 8 : explain SELECT id, c FROM sbtest8 WHERE id BETWEEN 8773081 AND 8773181
	-> Filter: (sbtest8.id between 8773081 and 8773181)  (cost=20.6 rows=101)
    -> Index range scan on sbtest8 using PRIMARY over (8773081 <= id <= 8773181)  (cost=20.6 rows=101)



explain: for range-notcovered :: explain SELECT id, c FROM sbtest%d WHERE id BETWEEN 5767498 AND 5767598
explain: for range-notcovered :: explain SELECT id, c FROM sbtest%d WHERE id BETWEEN 1765473 AND 1765573
for range-notcovered
table 1 : explain SELECT id, c FROM sbtest1 WHERE id BETWEEN 2559955 AND 2560055
	-> Filter: (sbtest1.id between 2559955 and 2560055)  (cost=20.6 rows=101)
    -> Index range scan on sbtest1 using PRIMARY over (2559955 <= id <= 2560055)  (cost=20.6 rows=101)


table 2 : explain SELECT id, c FROM sbtest2 WHERE id BETWEEN 2559955 AND 2560055
	-> Filter: (sbtest2.id between 2559955 and 2560055)  (cost=20.6 rows=101)
    -> Index range scan on sbtest2 using PRIMARY over (2559955 <= id <= 2560055)  (cost=20.6 rows=101)


table 3 : explain SELECT id, c FROM sbtest3 WHERE id BETWEEN 2559955 AND 2560055
	-> Filter: (sbtest3.id between 2559955 and 2560055)  (cost=20.6 rows=101)
    -> Index range scan on sbtest3 using PRIMARY over (2559955 <= id <= 2560055)  (cost=20.6 rows=101)


table 4 : explain SELECT id, c FROM sbtest4 WHERE id BETWEEN 2559955 AND 2560055
	-> Filter: (sbtest4.id between 2559955 and 2560055)  (cost=20.6 rows=101)
    -> Index range scan on sbtest4 using PRIMARY over (2559955 <= id <= 2560055)  (cost=20.6 rows=101)


table 5 : explain SELECT id, c FROM sbtest5 WHERE id BETWEEN 2559955 AND 2560055
	-> Filter: (sbtest5.id between 2559955 and 2560055)  (cost=20.6 rows=101)
    -> Index range scan on sbtest5 using PRIMARY over (2559955 <= id <= 2560055)  (cost=20.6 rows=101)


table 6 : explain SELECT id, c FROM sbtest6 WHERE id BETWEEN 2559955 AND 2560055
	-> Filter: (sbtest6.id between 2559955 and 2560055)  (cost=20.6 rows=101)
    -> Index range scan on sbtest6 using PRIMARY over (2559955 <= id <= 2560055)  (cost=20.6 rows=101)


table 7 : explain SELECT id, c FROM sbtest7 WHERE id BETWEEN 2559955 AND 2560055
	-> Filter: (sbtest7.id between 2559955 and 2560055)  (cost=20.6 rows=101)
    -> Index range scan on sbtest7 using PRIMARY over (2559955 <= id <= 2560055)  (cost=20.6 rows=101)


table 8 : explain SELECT id, c FROM sbtest8 WHERE id BETWEEN 2559955 AND 2560055
	-> Filter: (sbtest8.id between 2559955 and 2560055)  (cost=20.6 rows=101)
    -> Index range scan on sbtest8 using PRIMARY over (2559955 <= id <= 2560055)  (cost=20.6 rows=101)


explain: for range-notcovered :: explain SELECT id, c FROM sbtest%d WHERE id BETWEEN 8773081 AND 8773181
for range-notcovered
table 1 : explain SELECT id, c FROM sbtest1 WHERE id BETWEEN 6860914 AND 6861014
	-> Filter: (sbtest1.id between 6860914 and 6861014)  (cost=20.6 rows=101)
    -> Index range scan on sbtest1 using PRIMARY over (6860914 <= id <= 6861014)  (cost=20.6 rows=101)


table 2 : explain SELECT id, c FROM sbtest2 WHERE id BETWEEN 6860914 AND 6861014
	-> Filter: (sbtest2.id between 6860914 and 6861014)  (cost=20.6 rows=101)
    -> Index range scan on sbtest2 using PRIMARY over (6860914 <= id <= 6861014)  (cost=20.6 rows=101)


table 3 : explain SELECT id, c FROM sbtest3 WHERE id BETWEEN 6860914 AND 6861014
	-> Filter: (sbtest3.id between 6860914 and 6861014)  (cost=20.6 rows=101)
    -> Index range scan on sbtest3 using PRIMARY over (6860914 <= id <= 6861014)  (cost=20.6 rows=101)


table 4 : explain SELECT id, c FROM sbtest4 WHERE id BETWEEN 6860914 AND 6861014
	-> Filter: (sbtest4.id between 6860914 and 6861014)  (cost=20.6 rows=101)
    -> Index range scan on sbtest4 using PRIMARY over (6860914 <= id <= 6861014)  (cost=20.6 rows=101)


table 5 : explain SELECT id, c FROM sbtest5 WHERE id BETWEEN 6860914 AND 6861014
	-> Filter: (sbtest5.id between 6860914 and 6861014)  (cost=20.6 rows=101)
    -> Index range scan on sbtest5 using PRIMARY over (6860914 <= id <= 6861014)  (cost=20.6 rows=101)


table 6 : explain SELECT id, c FROM sbtest6 WHERE id BETWEEN 6860914 AND 6861014
	-> Filter: (sbtest6.id between 6860914 and 6861014)  (cost=20.6 rows=101)
    -> Index range scan on sbtest6 using PRIMARY over (6860914 <= id <= 6861014)  (cost=20.6 rows=101)


table 7 : explain SELECT id, c FROM sbtest7 WHERE id BETWEEN 6860914 AND 6861014
	-> Filter: (sbtest7.id between 6860914 and 6861014)  (cost=20.6 rows=101)
    -> Index range scan on sbtest7 using PRIMARY over (6860914 <= id <= 6861014)  (cost=20.6 rows=101)


table 8 : explain SELECT id, c FROM sbtest8 WHERE id BETWEEN 6860914 AND 6861014
	-> Filter: (sbtest8.id between 6860914 and 6861014)  (cost=20.6 rows=101)
    -> Index range scan on sbtest8 using PRIMARY over (6860914 <= id <= 6861014)  (cost=20.6 rows=101)


explain: for range-notcovered :: explain SELECT id, c FROM sbtest%d WHERE id BETWEEN 3051203 AND 3051303
explain: for range-notcovered :: explain SELECT id, c FROM sbtest%d WHERE id BETWEEN 2559955 AND 2560055
explain: for range-notcovered :: explain SELECT id, c FROM sbtest%d WHERE id BETWEEN 6860914 AND 6861014
for range-notcovered
table 1 : explain SELECT id, c FROM sbtest1 WHERE id BETWEEN 2798754 AND 2798854
	-> Filter: (sbtest1.id between 2798754 and 2798854)  (cost=20.6 rows=101)
    -> Index range scan on sbtest1 using PRIMARY over (2798754 <= id <= 2798854)  (cost=20.6 rows=101)


table 2 : explain SELECT id, c FROM sbtest2 WHERE id BETWEEN 2798754 AND 2798854
	-> Filter: (sbtest2.id between 2798754 and 2798854)  (cost=20.6 rows=101)
    -> Index range scan on sbtest2 using PRIMARY over (2798754 <= id <= 2798854)  (cost=20.6 rows=101)


table 3 : explain SELECT id, c FROM sbtest3 WHERE id BETWEEN 2798754 AND 2798854
	-> Filter: (sbtest3.id between 2798754 and 2798854)  (cost=20.6 rows=101)
    -> Index range scan on sbtest3 using PRIMARY over (2798754 <= id <= 2798854)  (cost=20.6 rows=101)


table 4 : explain SELECT id, c FROM sbtest4 WHERE id BETWEEN 2798754 AND 2798854
	-> Filter: (sbtest4.id between 2798754 and 2798854)  (cost=20.6 rows=101)
    -> Index range scan on sbtest4 using PRIMARY over (2798754 <= id <= 2798854)  (cost=20.6 rows=101)


table 5 : explain SELECT id, c FROM sbtest5 WHERE id BETWEEN 2798754 AND 2798854
	-> Filter: (sbtest5.id between 2798754 and 2798854)  (cost=20.6 rows=101)
    -> Index range scan on sbtest5 using PRIMARY over (2798754 <= id <= 2798854)  (cost=20.6 rows=101)


table 6 : explain SELECT id, c FROM sbtest6 WHERE id BETWEEN 2798754 AND 2798854
	-> Filter: (sbtest6.id between 2798754 and 2798854)  (cost=20.6 rows=101)
    -> Index range scan on sbtest6 using PRIMARY over (2798754 <= id <= 2798854)  (cost=20.6 rows=101)


table 7 : explain SELECT id, c FROM sbtest7 WHERE id BETWEEN 2798754 AND 2798854
	-> Filter: (sbtest7.id between 2798754 and 2798854)  (cost=20.6 rows=101)
    -> Index range scan on sbtest7 using PRIMARY over (2798754 <= id <= 2798854)  (cost=20.6 rows=101)


table 8 : explain SELECT id, c FROM sbtest8 WHERE id BETWEEN 2798754 AND 2798854
	-> Filter: (sbtest8.id between 2798754 and 2798854)  (cost=20.6 rows=101)
    -> Index range scan on sbtest8 using PRIMARY over (2798754 <= id <= 2798854)  (cost=20.6 rows=101)



for range-notcovered
table 1 : explain SELECT id, c FROM sbtest1 WHERE id BETWEEN 5652495 AND 5652595
	-> Filter: (sbtest1.id between 5652495 and 5652595)  (cost=20.6 rows=101)
    -> Index range scan on sbtest1 using PRIMARY over (5652495 <= id <= 5652595)  (cost=20.6 rows=101)


table 2 : explain SELECT id, c FROM sbtest2 WHERE id BETWEEN 5652495 AND 5652595
	-> Filter: (sbtest2.id between 5652495 and 5652595)  (cost=20.6 rows=101)
    -> Index range scan on sbtest2 using PRIMARY over (5652495 <= id <= 5652595)  (cost=20.6 rows=101)


table 3 : explain SELECT id, c FROM sbtest3 WHERE id BETWEEN 5652495 AND 5652595
	-> Filter: (sbtest3.id between 5652495 and 5652595)  (cost=20.6 rows=101)
    -> Index range scan on sbtest3 using PRIMARY over (5652495 <= id <= 5652595)  (cost=20.6 rows=101)


table 4 : explain SELECT id, c FROM sbtest4 WHERE id BETWEEN 5652495 AND 5652595
	-> Filter: (sbtest4.id between 5652495 and 5652595)  (cost=20.6 rows=101)
    -> Index range scan on sbtest4 using PRIMARY over (5652495 <= id <= 5652595)  (cost=20.6 rows=101)


table 5 : explain SELECT id, c FROM sbtest5 WHERE id BETWEEN 5652495 AND 5652595
	-> Filter: (sbtest5.id between 5652495 and 5652595)  (cost=20.6 rows=101)
    -> Index range scan on sbtest5 using PRIMARY over (5652495 <= id <= 5652595)  (cost=20.6 rows=101)


table 6 : explain SELECT id, c FROM sbtest6 WHERE id BETWEEN 5652495 AND 5652595
	-> Filter: (sbtest6.id between 5652495 and 5652595)  (cost=20.6 rows=101)
    -> Index range scan on sbtest6 using PRIMARY over (5652495 <= id <= 5652595)  (cost=20.6 rows=101)


table 7 : explain SELECT id, c FROM sbtest7 WHERE id BETWEEN 5652495 AND 5652595
	-> Filter: (sbtest7.id between 5652495 and 5652595)  (cost=20.6 rows=101)
    -> Index range scan on sbtest7 using PRIMARY over (5652495 <= id <= 5652595)  (cost=20.6 rows=101)


table 8 : explain SELECT id, c FROM sbtest8 WHERE id BETWEEN 5652495 AND 5652595
	-> Filter: (sbtest8.id between 5652495 and 5652595)  (cost=20.6 rows=101)
    -> Index range scan on sbtest8 using PRIMARY over (5652495 <= id <= 5652595)  (cost=20.6 rows=101)


for range-notcovered
table 1 : explain SELECT id, c FROM sbtest1 WHERE id BETWEEN 6876452 AND 6876552
	-> Filter: (sbtest1.id between 6876452 and 6876552)  (cost=20.6 rows=101)
    -> Index range scan on sbtest1 using PRIMARY over (6876452 <= id <= 6876552)  (cost=20.6 rows=101)


table 2 : explain SELECT id, c FROM sbtest2 WHERE id BETWEEN 6876452 AND 6876552
	-> Filter: (sbtest2.id between 6876452 and 6876552)  (cost=20.6 rows=101)
    -> Index range scan on sbtest2 using PRIMARY over (6876452 <= id <= 6876552)  (cost=20.6 rows=101)


table 3 : explain SELECT id, c FROM sbtest3 WHERE id BETWEEN 6876452 AND 6876552
	-> Filter: (sbtest3.id between 6876452 and 6876552)  (cost=20.6 rows=101)
    -> Index range scan on sbtest3 using PRIMARY over (6876452 <= id <= 6876552)  (cost=20.6 rows=101)


table 4 : explain SELECT id, c FROM sbtest4 WHERE id BETWEEN 6876452 AND 6876552
	-> Filter: (sbtest4.id between 6876452 and 6876552)  (cost=20.6 rows=101)
    -> Index range scan on sbtest4 using PRIMARY over (6876452 <= id <= 6876552)  (cost=20.6 rows=101)


table 5 : explain SELECT id, c FROM sbtest5 WHERE id BETWEEN 6876452 AND 6876552
	-> Filter: (sbtest5.id between 6876452 and 6876552)  (cost=20.6 rows=101)
    -> Index range scan on sbtest5 using PRIMARY over (6876452 <= id <= 6876552)  (cost=20.6 rows=101)


table 6 : explain SELECT id, c FROM sbtest6 WHERE id BETWEEN 6876452 AND 6876552
	-> Filter: (sbtest6.id between 6876452 and 6876552)  (cost=20.6 rows=101)
    -> Index range scan on sbtest6 using PRIMARY over (6876452 <= id <= 6876552)  (cost=20.6 rows=101)


table 7 : explain SELECT id, c FROM sbtest7 WHERE id BETWEEN 6876452 AND 6876552
	-> Filter: (sbtest7.id between 6876452 and 6876552)  (cost=20.6 rows=101)
    -> Index range scan on sbtest7 using PRIMARY over (6876452 <= id <= 6876552)  (cost=20.6 rows=101)


table 8 : explain SELECT id, c FROM sbtest8 WHERE id BETWEEN 6876452 AND 6876552
	-> Filter: (sbtest8.id between 6876452 and 6876552)  (cost=20.6 rows=101)
    -> Index range scan on sbtest8 using PRIMARY over (6876452 <= id <= 6876552)  (cost=20.6 rows=101)

for range-notcovered
table 1 : explain SELECT id, c FROM sbtest1 WHERE id BETWEEN 4201106 AND 4201206
	-> Filter: (sbtest1.id between 4201106 and 4201206)  (cost=20.6 rows=101)
    -> Index range scan on sbtest1 using PRIMARY over (4201106 <= id <= 4201206)  (cost=20.6 rows=101)


table 2 : explain SELECT id, c FROM sbtest2 WHERE id BETWEEN 4201106 AND 4201206
	-> Filter: (sbtest2.id between 4201106 and 4201206)  (cost=20.6 rows=101)
    -> Index range scan on sbtest2 using PRIMARY over (4201106 <= id <= 4201206)  (cost=20.6 rows=101)


table 3 : explain SELECT id, c FROM sbtest3 WHERE id BETWEEN 4201106 AND 4201206
	-> Filter: (sbtest3.id between 4201106 and 4201206)  (cost=20.6 rows=101)
    -> Index range scan on sbtest3 using PRIMARY over (4201106 <= id <= 4201206)  (cost=20.6 rows=101)


table 4 : explain SELECT id, c FROM sbtest4 WHERE id BETWEEN 4201106 AND 4201206
	-> Filter: (sbtest4.id between 4201106 and 4201206)  (cost=20.6 rows=101)
    -> Index range scan on sbtest4 using PRIMARY over (4201106 <= id <= 4201206)  (cost=20.6 rows=101)


table 5 : explain SELECT id, c FROM sbtest5 WHERE id BETWEEN 4201106 AND 4201206
	-> Filter: (sbtest5.id between 4201106 and 4201206)  (cost=20.6 rows=101)
    -> Index range scan on sbtest5 using PRIMARY over (4201106 <= id <= 4201206)  (cost=20.6 rows=101)


table 6 : explain SELECT id, c FROM sbtest6 WHERE id BETWEEN 4201106 AND 4201206
	-> Filter: (sbtest6.id between 4201106 and 4201206)  (cost=20.6 rows=101)
    -> Index range scan on sbtest6 using PRIMARY over (4201106 <= id <= 4201206)  (cost=20.6 rows=101)


table 7 : explain SELECT id, c FROM sbtest7 WHERE id BETWEEN 4201106 AND 4201206
	-> Filter: (sbtest7.id between 4201106 and 4201206)  (cost=20.6 rows=101)
    -> Index range scan on sbtest7 using PRIMARY over (4201106 <= id <= 4201206)  (cost=20.6 rows=101)


table 8 : explain SELECT id, c FROM sbtest8 WHERE id BETWEEN 4201106 AND 4201206
	-> Filter: (sbtest8.id between 4201106 and 4201206)  (cost=20.6 rows=101)
    -> Index range scan on sbtest8 using PRIMARY over (4201106 <= id <= 4201206)  (cost=20.6 rows=101)


explain: for range-notcovered :: explain SELECT id, c FROM sbtest%d WHERE id BETWEEN 2798754 AND 2798854

for range-notcovered
table 1 : explain SELECT id, c FROM sbtest1 WHERE id BETWEEN 4567750 AND 4567850
	-> Filter: (sbtest1.id between 4567750 and 4567850)  (cost=20.6 rows=101)
    -> Index range scan on sbtest1 using PRIMARY over (4567750 <= id <= 4567850)  (cost=20.6 rows=101)


table 2 : explain SELECT id, c FROM sbtest2 WHERE id BETWEEN 4567750 AND 4567850
	-> Filter: (sbtest2.id between 4567750 and 4567850)  (cost=20.6 rows=101)
    -> Index range scan on sbtest2 using PRIMARY over (4567750 <= id <= 4567850)  (cost=20.6 rows=101)


table 3 : explain SELECT id, c FROM sbtest3 WHERE id BETWEEN 4567750 AND 4567850
	-> Filter: (sbtest3.id between 4567750 and 4567850)  (cost=20.6 rows=101)
    -> Index range scan on sbtest3 using PRIMARY over (4567750 <= id <= 4567850)  (cost=20.6 rows=101)


table 4 : explain SELECT id, c FROM sbtest4 WHERE id BETWEEN 4567750 AND 4567850
	-> Filter: (sbtest4.id between 4567750 and 4567850)  (cost=20.6 rows=101)
    -> Index range scan on sbtest4 using PRIMARY over (4567750 <= id <= 4567850)  (cost=20.6 rows=101)


table 5 : explain SELECT id, c FROM sbtest5 WHERE id BETWEEN 4567750 AND 4567850
	-> Filter: (sbtest5.id between 4567750 and 4567850)  (cost=20.6 rows=101)
    -> Index range scan on sbtest5 using PRIMARY over (4567750 <= id <= 4567850)  (cost=20.6 rows=101)


table 6 : explain SELECT id, c FROM sbtest6 WHERE id BETWEEN 4567750 AND 4567850
	-> Filter: (sbtest6.id between 4567750 and 4567850)  (cost=20.6 rows=101)
    -> Index range scan on sbtest6 using PRIMARY over (4567750 <= id <= 4567850)  (cost=20.6 rows=101)


table 7 : explain SELECT id, c FROM sbtest7 WHERE id BETWEEN 4567750 AND 4567850
	-> Filter: (sbtest7.id between 4567750 and 4567850)  (cost=20.6 rows=101)
    -> Index range scan on sbtest7 using PRIMARY over (4567750 <= id <= 4567850)  (cost=20.6 rows=101)


table 8 : explain SELECT id, c FROM sbtest8 WHERE id BETWEEN 4567750 AND 4567850
	-> Filter: (sbtest8.id between 4567750 and 4567850)  (cost=20.6 rows=101)
    -> Index range scan on sbtest8 using PRIMARY over (4567750 <= id <= 4567850)  (cost=20.6 rows=101)


explain: for range-notcovered :: explain SELECT id, c FROM sbtest%d WHERE id BETWEEN 4201106 AND 4201206
explain: for range-notcovered :: explain SELECT id, c FROM sbtest%d WHERE id BETWEEN 6876452 AND 6876552
explain: for range-notcovered :: explain SELECT id, c FROM sbtest%d WHERE id BETWEEN 4567750 AND 4567850
for range-notcovered
table 1 : explain SELECT id, c FROM sbtest1 WHERE id BETWEEN 8460869 AND 8460969
	-> Filter: (sbtest1.id between 8460869 and 8460969)  (cost=20.6 rows=101)
    -> Index range scan on sbtest1 using PRIMARY over (8460869 <= id <= 8460969)  (cost=20.6 rows=101)


table 2 : explain SELECT id, c FROM sbtest2 WHERE id BETWEEN 8460869 AND 8460969
	-> Filter: (sbtest2.id between 8460869 and 8460969)  (cost=20.6 rows=101)
    -> Index range scan on sbtest2 using PRIMARY over (8460869 <= id <= 8460969)  (cost=20.6 rows=101)


table 3 : explain SELECT id, c FROM sbtest3 WHERE id BETWEEN 8460869 AND 8460969
	-> Filter: (sbtest3.id between 8460869 and 8460969)  (cost=20.6 rows=101)
    -> Index range scan on sbtest3 using PRIMARY over (8460869 <= id <= 8460969)  (cost=20.6 rows=101)


table 4 : explain SELECT id, c FROM sbtest4 WHERE id BETWEEN 8460869 AND 8460969
	-> Filter: (sbtest4.id between 8460869 and 8460969)  (cost=20.6 rows=101)
    -> Index range scan on sbtest4 using PRIMARY over (8460869 <= id <= 8460969)  (cost=20.6 rows=101)


table 5 : explain SELECT id, c FROM sbtest5 WHERE id BETWEEN 8460869 AND 8460969
	-> Filter: (sbtest5.id between 8460869 and 8460969)  (cost=20.6 rows=101)
    -> Index range scan on sbtest5 using PRIMARY over (8460869 <= id <= 8460969)  (cost=20.6 rows=101)


table 6 : explain SELECT id, c FROM sbtest6 WHERE id BETWEEN 8460869 AND 8460969
	-> Filter: (sbtest6.id between 8460869 and 8460969)  (cost=20.6 rows=101)
    -> Index range scan on sbtest6 using PRIMARY over (8460869 <= id <= 8460969)  (cost=20.6 rows=101)


table 7 : explain SELECT id, c FROM sbtest7 WHERE id BETWEEN 8460869 AND 8460969
	-> Filter: (sbtest7.id between 8460869 and 8460969)  (cost=20.6 rows=101)
    -> Index range scan on sbtest7 using PRIMARY over (8460869 <= id <= 8460969)  (cost=20.6 rows=101)


table 8 : explain SELECT id, c FROM sbtest8 WHERE id BETWEEN 8460869 AND 8460969
	-> Filter: (sbtest8.id between 8460869 and 8460969)  (cost=20.6 rows=101)
    -> Index range scan on sbtest8 using PRIMARY over (8460869 <= id <= 8460969)  (cost=20.6 rows=101)


for range-notcovered
table 1 : explain SELECT id, c FROM sbtest1 WHERE id BETWEEN 961745 AND 961845
	-> Filter: (sbtest1.id between 961745 and 961845)  (cost=20.6 rows=101)
    -> Index range scan on sbtest1 using PRIMARY over (961745 <= id <= 961845)  (cost=20.6 rows=101)


table 2 : explain SELECT id, c FROM sbtest2 WHERE id BETWEEN 961745 AND 961845
	-> Filter: (sbtest2.id between 961745 and 961845)  (cost=20.6 rows=101)
    -> Index range scan on sbtest2 using PRIMARY over (961745 <= id <= 961845)  (cost=20.6 rows=101)


table 3 : explain SELECT id, c FROM sbtest3 WHERE id BETWEEN 961745 AND 961845
	-> Filter: (sbtest3.id between 961745 and 961845)  (cost=20.6 rows=101)
    -> Index range scan on sbtest3 using PRIMARY over (961745 <= id <= 961845)  (cost=20.6 rows=101)


table 4 : explain SELECT id, c FROM sbtest4 WHERE id BETWEEN 961745 AND 961845
	-> Filter: (sbtest4.id between 961745 and 961845)  (cost=20.6 rows=101)
    -> Index range scan on sbtest4 using PRIMARY over (961745 <= id <= 961845)  (cost=20.6 rows=101)


table 5 : explain SELECT id, c FROM sbtest5 WHERE id BETWEEN 961745 AND 961845
	-> Filter: (sbtest5.id between 961745 and 961845)  (cost=20.6 rows=101)
    -> Index range scan on sbtest5 using PRIMARY over (961745 <= id <= 961845)  (cost=20.6 rows=101)


table 6 : explain SELECT id, c FROM sbtest6 WHERE id BETWEEN 961745 AND 961845
	-> Filter: (sbtest6.id between 961745 and 961845)  (cost=20.6 rows=101)
    -> Index range scan on sbtest6 using PRIMARY over (961745 <= id <= 961845)  (cost=20.6 rows=101)


table 7 : explain SELECT id, c FROM sbtest7 WHERE id BETWEEN 961745 AND 961845
	-> Filter: (sbtest7.id between 961745 and 961845)  (cost=20.6 rows=101)
    -> Index range scan on sbtest7 using PRIMARY over (961745 <= id <= 961845)  (cost=20.6 rows=101)


table 8 : explain SELECT id, c FROM sbtest8 WHERE id BETWEEN 961745 AND 961845
	-> Filter: (sbtest8.id between 961745 and 961845)  (cost=20.6 rows=101)
    -> Index range scan on sbtest8 using PRIMARY over (961745 <= id <= 961845)  (cost=20.6 rows=101)


for range-notcovered
table 1 : explain SELECT id, c FROM sbtest1 WHERE id BETWEEN 4869755 AND 4869855
	-> Filter: (sbtest1.id between 4869755 and 4869855)  (cost=20.6 rows=101)
    -> Index range scan on sbtest1 using PRIMARY over (4869755 <= id <= 4869855)  (cost=20.6 rows=101)


table 2 : explain SELECT id, c FROM sbtest2 WHERE id BETWEEN 4869755 AND 4869855
	-> Filter: (sbtest2.id between 4869755 and 4869855)  (cost=20.6 rows=101)
    -> Index range scan on sbtest2 using PRIMARY over (4869755 <= id <= 4869855)  (cost=20.6 rows=101)


table 3 : explain SELECT id, c FROM sbtest3 WHERE id BETWEEN 4869755 AND 4869855
	-> Filter: (sbtest3.id between 4869755 and 4869855)  (cost=20.6 rows=101)
    -> Index range scan on sbtest3 using PRIMARY over (4869755 <= id <= 4869855)  (cost=20.6 rows=101)


table 4 : explain SELECT id, c FROM sbtest4 WHERE id BETWEEN 4869755 AND 4869855
	-> Filter: (sbtest4.id between 4869755 and 4869855)  (cost=20.6 rows=101)
    -> Index range scan on sbtest4 using PRIMARY over (4869755 <= id <= 4869855)  (cost=20.6 rows=101)


table 5 : explain SELECT id, c FROM sbtest5 WHERE id BETWEEN 4869755 AND 4869855
	-> Filter: (sbtest5.id between 4869755 and 4869855)  (cost=20.6 rows=101)
    -> Index range scan on sbtest5 using PRIMARY over (4869755 <= id <= 4869855)  (cost=20.6 rows=101)


table 6 : explain SELECT id, c FROM sbtest6 WHERE id BETWEEN 4869755 AND 4869855
	-> Filter: (sbtest6.id between 4869755 and 4869855)  (cost=20.6 rows=101)
    -> Index range scan on sbtest6 using PRIMARY over (4869755 <= id <= 4869855)  (cost=20.6 rows=101)


table 7 : explain SELECT id, c FROM sbtest7 WHERE id BETWEEN 4869755 AND 4869855
	-> Filter: (sbtest7.id between 4869755 and 4869855)  (cost=20.6 rows=101)
    -> Index range scan on sbtest7 using PRIMARY over (4869755 <= id <= 4869855)  (cost=20.6 rows=101)


table 8 : explain SELECT id, c FROM sbtest8 WHERE id BETWEEN 4869755 AND 4869855
	-> Filter: (sbtest8.id between 4869755 and 4869855)  (cost=20.6 rows=101)
    -> Index range scan on sbtest8 using PRIMARY over (4869755 <= id <= 4869855)  (cost=20.6 rows=101)


explain: for range-notcovered :: explain SELECT id, c FROM sbtest%d WHERE id BETWEEN 5652495 AND 5652595
for range-notcovered
table 1 : explain SELECT id, c FROM sbtest1 WHERE id BETWEEN 8363538 AND 8363638
	-> Filter: (sbtest1.id between 8363538 and 8363638)  (cost=20.6 rows=101)
    -> Index range scan on sbtest1 using PRIMARY over (8363538 <= id <= 8363638)  (cost=20.6 rows=101)


table 2 : explain SELECT id, c FROM sbtest2 WHERE id BETWEEN 8363538 AND 8363638
	-> Filter: (sbtest2.id between 8363538 and 8363638)  (cost=20.6 rows=101)
    -> Index range scan on sbtest2 using PRIMARY over (8363538 <= id <= 8363638)  (cost=20.6 rows=101)


table 3 : explain SELECT id, c FROM sbtest3 WHERE id BETWEEN 8363538 AND 8363638
	-> Filter: (sbtest3.id between 8363538 and 8363638)  (cost=20.6 rows=101)
    -> Index range scan on sbtest3 using PRIMARY over (8363538 <= id <= 8363638)  (cost=20.6 rows=101)


table 4 : explain SELECT id, c FROM sbtest4 WHERE id BETWEEN 8363538 AND 8363638
	-> Filter: (sbtest4.id between 8363538 and 8363638)  (cost=20.6 rows=101)
    -> Index range scan on sbtest4 using PRIMARY over (8363538 <= id <= 8363638)  (cost=20.6 rows=101)


table 5 : explain SELECT id, c FROM sbtest5 WHERE id BETWEEN 8363538 AND 8363638
	-> Filter: (sbtest5.id between 8363538 and 8363638)  (cost=20.6 rows=101)
    -> Index range scan on sbtest5 using PRIMARY over (8363538 <= id <= 8363638)  (cost=20.6 rows=101)


table 6 : explain SELECT id, c FROM sbtest6 WHERE id BETWEEN 8363538 AND 8363638
	-> Filter: (sbtest6.id between 8363538 and 8363638)  (cost=20.6 rows=101)
    -> Index range scan on sbtest6 using PRIMARY over (8363538 <= id <= 8363638)  (cost=20.6 rows=101)


table 7 : explain SELECT id, c FROM sbtest7 WHERE id BETWEEN 8363538 AND 8363638
	-> Filter: (sbtest7.id between 8363538 and 8363638)  (cost=20.6 rows=101)
    -> Index range scan on sbtest7 using PRIMARY over (8363538 <= id <= 8363638)  (cost=20.6 rows=101)


table 8 : explain SELECT id, c FROM sbtest8 WHERE id BETWEEN 8363538 AND 8363638
	-> Filter: (sbtest8.id between 8363538 and 8363638)  (cost=20.6 rows=101)
    -> Index range scan on sbtest8 using PRIMARY over (8363538 <= id <= 8363638)  (cost=20.6 rows=101)


for range-notcovered
table 1 : explain SELECT id, c FROM sbtest1 WHERE id BETWEEN 7208830 AND 7208930
	-> Filter: (sbtest1.id between 7208830 and 7208930)  (cost=20.6 rows=101)
    -> Index range scan on sbtest1 using PRIMARY over (7208830 <= id <= 7208930)  (cost=20.6 rows=101)


table 2 : explain SELECT id, c FROM sbtest2 WHERE id BETWEEN 7208830 AND 7208930
	-> Filter: (sbtest2.id between 7208830 and 7208930)  (cost=20.6 rows=101)
    -> Index range scan on sbtest2 using PRIMARY over (7208830 <= id <= 7208930)  (cost=20.6 rows=101)


table 3 : explain SELECT id, c FROM sbtest3 WHERE id BETWEEN 7208830 AND 7208930
	-> Filter: (sbtest3.id between 7208830 and 7208930)  (cost=20.6 rows=101)
    -> Index range scan on sbtest3 using PRIMARY over (7208830 <= id <= 7208930)  (cost=20.6 rows=101)


table 4 : explain SELECT id, c FROM sbtest4 WHERE id BETWEEN 7208830 AND 7208930
	-> Filter: (sbtest4.id between 7208830 and 7208930)  (cost=20.6 rows=101)
    -> Index range scan on sbtest4 using PRIMARY over (7208830 <= id <= 7208930)  (cost=20.6 rows=101)


table 5 : explain SELECT id, c FROM sbtest5 WHERE id BETWEEN 7208830 AND 7208930
	-> Filter: (sbtest5.id between 7208830 and 7208930)  (cost=20.6 rows=101)
    -> Index range scan on sbtest5 using PRIMARY over (7208830 <= id <= 7208930)  (cost=20.6 rows=101)


table 6 : explain SELECT id, c FROM sbtest6 WHERE id BETWEEN 7208830 AND 7208930
	-> Filter: (sbtest6.id between 7208830 and 7208930)  (cost=20.6 rows=101)
    -> Index range scan on sbtest6 using PRIMARY over (7208830 <= id <= 7208930)  (cost=20.6 rows=101)


table 7 : explain SELECT id, c FROM sbtest7 WHERE id BETWEEN 7208830 AND 7208930
	-> Filter: (sbtest7.id between 7208830 and 7208930)  (cost=20.6 rows=101)
    -> Index range scan on sbtest7 using PRIMARY over (7208830 <= id <= 7208930)  (cost=20.6 rows=101)


table 8 : explain SELECT id, c FROM sbtest8 WHERE id BETWEEN 7208830 AND 7208930
	-> Filter: (sbtest8.id between 7208830 and 7208930)  (cost=20.6 rows=101)
    -> Index range scan on sbtest8 using PRIMARY over (7208830 <= id <= 7208930)  (cost=20.6 rows=101)

for range-notcovered
table 1 : explain SELECT id, c FROM sbtest1 WHERE id BETWEEN 9018896 AND 9018996
	-> Filter: (sbtest1.id between 9018896 and 9018996)  (cost=20.6 rows=101)
    -> Index range scan on sbtest1 using PRIMARY over (9018896 <= id <= 9018996)  (cost=20.6 rows=101)


table 2 : explain SELECT id, c FROM sbtest2 WHERE id BETWEEN 9018896 AND 9018996
	-> Filter: (sbtest2.id between 9018896 and 9018996)  (cost=20.6 rows=101)
    -> Index range scan on sbtest2 using PRIMARY over (9018896 <= id <= 9018996)  (cost=20.6 rows=101)


table 3 : explain SELECT id, c FROM sbtest3 WHERE id BETWEEN 9018896 AND 9018996
	-> Filter: (sbtest3.id between 9018896 and 9018996)  (cost=20.6 rows=101)
    -> Index range scan on sbtest3 using PRIMARY over (9018896 <= id <= 9018996)  (cost=20.6 rows=101)


table 4 : explain SELECT id, c FROM sbtest4 WHERE id BETWEEN 9018896 AND 9018996
	-> Filter: (sbtest4.id between 9018896 and 9018996)  (cost=20.6 rows=101)
    -> Index range scan on sbtest4 using PRIMARY over (9018896 <= id <= 9018996)  (cost=20.6 rows=101)


table 5 : explain SELECT id, c FROM sbtest5 WHERE id BETWEEN 9018896 AND 9018996
	-> Filter: (sbtest5.id between 9018896 and 9018996)  (cost=20.6 rows=101)
    -> Index range scan on sbtest5 using PRIMARY over (9018896 <= id <= 9018996)  (cost=20.6 rows=101)


table 6 : explain SELECT id, c FROM sbtest6 WHERE id BETWEEN 9018896 AND 9018996
	-> Filter: (sbtest6.id between 9018896 and 9018996)  (cost=20.6 rows=101)
    -> Index range scan on sbtest6 using PRIMARY over (9018896 <= id <= 9018996)  (cost=20.6 rows=101)


table 7 : explain SELECT id, c FROM sbtest7 WHERE id BETWEEN 9018896 AND 9018996
	-> Filter: (sbtest7.id between 9018896 and 9018996)  (cost=20.6 rows=101)
    -> Index range scan on sbtest7 using PRIMARY over (9018896 <= id <= 9018996)  (cost=20.6 rows=101)


table 8 : explain SELECT id, c FROM sbtest8 WHERE id BETWEEN 9018896 AND 9018996
	-> Filter: (sbtest8.id between 9018896 and 9018996)  (cost=20.6 rows=101)
    -> Index range scan on sbtest8 using PRIMARY over (9018896 <= id <= 9018996)  (cost=20.6 rows=101)


for range-notcovered
table 1 : explain SELECT id, c FROM sbtest1 WHERE id BETWEEN 6620110 AND 6620210
	-> Filter: (sbtest1.id between 6620110 and 6620210)  (cost=20.6 rows=101)
    -> Index range scan on sbtest1 using PRIMARY over (6620110 <= id <= 6620210)  (cost=20.6 rows=101)


table 2 : explain SELECT id, c FROM sbtest2 WHERE id BETWEEN 6620110 AND 6620210
	-> Filter: (sbtest2.id between 6620110 and 6620210)  (cost=20.6 rows=101)
    -> Index range scan on sbtest2 using PRIMARY over (6620110 <= id <= 6620210)  (cost=20.6 rows=101)


table 3 : explain SELECT id, c FROM sbtest3 WHERE id BETWEEN 6620110 AND 6620210
	-> Filter: (sbtest3.id between 6620110 and 6620210)  (cost=20.6 rows=101)
    -> Index range scan on sbtest3 using PRIMARY over (6620110 <= id <= 6620210)  (cost=20.6 rows=101)


table 4 : explain SELECT id, c FROM sbtest4 WHERE id BETWEEN 6620110 AND 6620210
	-> Filter: (sbtest4.id between 6620110 and 6620210)  (cost=20.6 rows=101)
    -> Index range scan on sbtest4 using PRIMARY over (6620110 <= id <= 6620210)  (cost=20.6 rows=101)


table 5 : explain SELECT id, c FROM sbtest5 WHERE id BETWEEN 6620110 AND 6620210
	-> Filter: (sbtest5.id between 6620110 and 6620210)  (cost=20.6 rows=101)
    -> Index range scan on sbtest5 using PRIMARY over (6620110 <= id <= 6620210)  (cost=20.6 rows=101)


table 6 : explain SELECT id, c FROM sbtest6 WHERE id BETWEEN 6620110 AND 6620210
	-> Filter: (sbtest6.id between 6620110 and 6620210)  (cost=20.6 rows=101)
    -> Index range scan on sbtest6 using PRIMARY over (6620110 <= id <= 6620210)  (cost=20.6 rows=101)


table 7 : explain SELECT id, c FROM sbtest7 WHERE id BETWEEN 6620110 AND 6620210
	-> Filter: (sbtest7.id between 6620110 and 6620210)  (cost=20.6 rows=101)
    -> Index range scan on sbtest7 using PRIMARY over (6620110 <= id <= 6620210)  (cost=20.6 rows=101)


table 8 : explain SELECT id, c FROM sbtest8 WHERE id BETWEEN 6620110 AND 6620210
	-> Filter: (sbtest8.id between 6620110 and 6620210)  (cost=20.6 rows=101)
    -> Index range scan on sbtest8 using PRIMARY over (6620110 <= id <= 6620210)  (cost=20.6 rows=101)


for range-notcovered
table 1 : explain SELECT id, c FROM sbtest1 WHERE id BETWEEN 9392832 AND 9392932
	-> Filter: (sbtest1.id between 9392832 and 9392932)  (cost=20.6 rows=101)
    -> Index range scan on sbtest1 using PRIMARY over (9392832 <= id <= 9392932)  (cost=20.6 rows=101)


table 2 : explain SELECT id, c FROM sbtest2 WHERE id BETWEEN 9392832 AND 9392932
	-> Filter: (sbtest2.id between 9392832 and 9392932)  (cost=20.6 rows=101)
    -> Index range scan on sbtest2 using PRIMARY over (9392832 <= id <= 9392932)  (cost=20.6 rows=101)


table 3 : explain SELECT id, c FROM sbtest3 WHERE id BETWEEN 9392832 AND 9392932
	-> Filter: (sbtest3.id between 9392832 and 9392932)  (cost=20.6 rows=101)
    -> Index range scan on sbtest3 using PRIMARY over (9392832 <= id <= 9392932)  (cost=20.6 rows=101)


table 4 : explain SELECT id, c FROM sbtest4 WHERE id BETWEEN 9392832 AND 9392932
	-> Filter: (sbtest4.id between 9392832 and 9392932)  (cost=20.6 rows=101)
    -> Index range scan on sbtest4 using PRIMARY over (9392832 <= id <= 9392932)  (cost=20.6 rows=101)


table 5 : explain SELECT id, c FROM sbtest5 WHERE id BETWEEN 9392832 AND 9392932
	-> Filter: (sbtest5.id between 9392832 and 9392932)  (cost=20.6 rows=101)
    -> Index range scan on sbtest5 using PRIMARY over (9392832 <= id <= 9392932)  (cost=20.6 rows=101)


table 6 : explain SELECT id, c FROM sbtest6 WHERE id BETWEEN 9392832 AND 9392932
	-> Filter: (sbtest6.id between 9392832 and 9392932)  (cost=20.6 rows=101)
    -> Index range scan on sbtest6 using PRIMARY over (9392832 <= id <= 9392932)  (cost=20.6 rows=101)


table 7 : explain SELECT id, c FROM sbtest7 WHERE id BETWEEN 9392832 AND 9392932
	-> Filter: (sbtest7.id between 9392832 and 9392932)  (cost=20.6 rows=101)
    -> Index range scan on sbtest7 using PRIMARY over (9392832 <= id <= 9392932)  (cost=20.6 rows=101)


table 8 : explain SELECT id, c FROM sbtest8 WHERE id BETWEEN 9392832 AND 9392932
	-> Filter: (sbtest8.id between 9392832 and 9392932)  (cost=20.6 rows=101)
    -> Index range scan on sbtest8 using PRIMARY over (9392832 <= id <= 9392932)  (cost=20.6 rows=101)


for range-notcovered
table 1 : explain SELECT id, c FROM sbtest1 WHERE id BETWEEN 2819123 AND 2819223
	-> Filter: (sbtest1.id between 2819123 and 2819223)  (cost=20.6 rows=101)
    -> Index range scan on sbtest1 using PRIMARY over (2819123 <= id <= 2819223)  (cost=20.6 rows=101)


table 2 : explain SELECT id, c FROM sbtest2 WHERE id BETWEEN 2819123 AND 2819223
	-> Filter: (sbtest2.id between 2819123 and 2819223)  (cost=20.6 rows=101)
    -> Index range scan on sbtest2 using PRIMARY over (2819123 <= id <= 2819223)  (cost=20.6 rows=101)


table 3 : explain SELECT id, c FROM sbtest3 WHERE id BETWEEN 2819123 AND 2819223
	-> Filter: (sbtest3.id between 2819123 and 2819223)  (cost=20.6 rows=101)
    -> Index range scan on sbtest3 using PRIMARY over (2819123 <= id <= 2819223)  (cost=20.6 rows=101)


table 4 : explain SELECT id, c FROM sbtest4 WHERE id BETWEEN 2819123 AND 2819223
	-> Filter: (sbtest4.id between 2819123 and 2819223)  (cost=20.6 rows=101)
    -> Index range scan on sbtest4 using PRIMARY over (2819123 <= id <= 2819223)  (cost=20.6 rows=101)


table 5 : explain SELECT id, c FROM sbtest5 WHERE id BETWEEN 2819123 AND 2819223
	-> Filter: (sbtest5.id between 2819123 and 2819223)  (cost=20.6 rows=101)
    -> Index range scan on sbtest5 using PRIMARY over (2819123 <= id <= 2819223)  (cost=20.6 rows=101)


table 6 : explain SELECT id, c FROM sbtest6 WHERE id BETWEEN 2819123 AND 2819223
	-> Filter: (sbtest6.id between 2819123 and 2819223)  (cost=20.6 rows=101)
    -> Index range scan on sbtest6 using PRIMARY over (2819123 <= id <= 2819223)  (cost=20.6 rows=101)


table 7 : explain SELECT id, c FROM sbtest7 WHERE id BETWEEN 2819123 AND 2819223
	-> Filter: (sbtest7.id between 2819123 and 2819223)  (cost=20.6 rows=101)
    -> Index range scan on sbtest7 using PRIMARY over (2819123 <= id <= 2819223)  (cost=20.6 rows=101)


table 8 : explain SELECT id, c FROM sbtest8 WHERE id BETWEEN 2819123 AND 2819223
	-> Filter: (sbtest8.id between 2819123 and 2819223)  (cost=20.6 rows=101)
    -> Index range scan on sbtest8 using PRIMARY over (2819123 <= id <= 2819223)  (cost=20.6 rows=101)


for range-notcovered
table 1 : explain SELECT id, c FROM sbtest1 WHERE id BETWEEN 3603238 AND 3603338
	-> Filter: (sbtest1.id between 3603238 and 3603338)  (cost=20.6 rows=101)
    -> Index range scan on sbtest1 using PRIMARY over (3603238 <= id <= 3603338)  (cost=20.6 rows=101)


table 2 : explain SELECT id, c FROM sbtest2 WHERE id BETWEEN 3603238 AND 3603338
	-> Filter: (sbtest2.id between 3603238 and 3603338)  (cost=20.6 rows=101)
    -> Index range scan on sbtest2 using PRIMARY over (3603238 <= id <= 3603338)  (cost=20.6 rows=101)


table 3 : explain SELECT id, c FROM sbtest3 WHERE id BETWEEN 3603238 AND 3603338
	-> Filter: (sbtest3.id between 3603238 and 3603338)  (cost=20.6 rows=101)
    -> Index range scan on sbtest3 using PRIMARY over (3603238 <= id <= 3603338)  (cost=20.6 rows=101)


table 4 : explain SELECT id, c FROM sbtest4 WHERE id BETWEEN 3603238 AND 3603338
	-> Filter: (sbtest4.id between 3603238 and 3603338)  (cost=20.6 rows=101)
    -> Index range scan on sbtest4 using PRIMARY over (3603238 <= id <= 3603338)  (cost=20.6 rows=101)


table 5 : explain SELECT id, c FROM sbtest5 WHERE id BETWEEN 3603238 AND 3603338
	-> Filter: (sbtest5.id between 3603238 and 3603338)  (cost=20.6 rows=101)
    -> Index range scan on sbtest5 using PRIMARY over (3603238 <= id <= 3603338)  (cost=20.6 rows=101)


table 6 : explain SELECT id, c FROM sbtest6 WHERE id BETWEEN 3603238 AND 3603338
	-> Filter: (sbtest6.id between 3603238 and 3603338)  (cost=20.6 rows=101)
    -> Index range scan on sbtest6 using PRIMARY over (3603238 <= id <= 3603338)  (cost=20.6 rows=101)


table 7 : explain SELECT id, c FROM sbtest7 WHERE id BETWEEN 3603238 AND 3603338
	-> Filter: (sbtest7.id between 3603238 and 3603338)  (cost=20.6 rows=101)
    -> Index range scan on sbtest7 using PRIMARY over (3603238 <= id <= 3603338)  (cost=20.6 rows=101)


table 8 : explain SELECT id, c FROM sbtest8 WHERE id BETWEEN 3603238 AND 3603338
	-> Filter: (sbtest8.id between 3603238 and 3603338)  (cost=20.6 rows=101)
    -> Index range scan on sbtest8 using PRIMARY over (3603238 <= id <= 3603338)  (cost=20.6 rows=101)


for range-notcovered
table 1 : explain SELECT id, c FROM sbtest1 WHERE id BETWEEN 4880599 AND 4880699
	-> Filter: (sbtest1.id between 4880599 and 4880699)  (cost=20.6 rows=101)
    -> Index range scan on sbtest1 using PRIMARY over (4880599 <= id <= 4880699)  (cost=20.6 rows=101)


table 2 : explain SELECT id, c FROM sbtest2 WHERE id BETWEEN 4880599 AND 4880699
	-> Filter: (sbtest2.id between 4880599 and 4880699)  (cost=20.6 rows=101)
    -> Index range scan on sbtest2 using PRIMARY over (4880599 <= id <= 4880699)  (cost=20.6 rows=101)


table 3 : explain SELECT id, c FROM sbtest3 WHERE id BETWEEN 4880599 AND 4880699
	-> Filter: (sbtest3.id between 4880599 and 4880699)  (cost=20.6 rows=101)
    -> Index range scan on sbtest3 using PRIMARY over (4880599 <= id <= 4880699)  (cost=20.6 rows=101)


table 4 : explain SELECT id, c FROM sbtest4 WHERE id BETWEEN 4880599 AND 4880699
	-> Filter: (sbtest4.id between 4880599 and 4880699)  (cost=20.6 rows=101)
    -> Index range scan on sbtest4 using PRIMARY over (4880599 <= id <= 4880699)  (cost=20.6 rows=101)


table 5 : explain SELECT id, c FROM sbtest5 WHERE id BETWEEN 4880599 AND 4880699
	-> Filter: (sbtest5.id between 4880599 and 4880699)  (cost=20.6 rows=101)
    -> Index range scan on sbtest5 using PRIMARY over (4880599 <= id <= 4880699)  (cost=20.6 rows=101)


table 6 : explain SELECT id, c FROM sbtest6 WHERE id BETWEEN 4880599 AND 4880699
	-> Filter: (sbtest6.id between 4880599 and 4880699)  (cost=20.6 rows=101)
    -> Index range scan on sbtest6 using PRIMARY over (4880599 <= id <= 4880699)  (cost=20.6 rows=101)


table 7 : explain SELECT id, c FROM sbtest7 WHERE id BETWEEN 4880599 AND 4880699
	-> Filter: (sbtest7.id between 4880599 and 4880699)  (cost=20.6 rows=101)
    -> Index range scan on sbtest7 using PRIMARY over (4880599 <= id <= 4880699)  (cost=20.6 rows=101)


table 8 : explain SELECT id, c FROM sbtest8 WHERE id BETWEEN 4880599 AND 4880699
	-> Filter: (sbtest8.id between 4880599 and 4880699)  (cost=20.6 rows=101)
    -> Index range scan on sbtest8 using PRIMARY over (4880599 <= id <= 4880699)  (cost=20.6 rows=101)


for range-notcovered
table 1 : explain SELECT id, c FROM sbtest1 WHERE id BETWEEN 4270236 AND 4270336
	-> Filter: (sbtest1.id between 4270236 and 4270336)  (cost=20.6 rows=101)
    -> Index range scan on sbtest1 using PRIMARY over (4270236 <= id <= 4270336)  (cost=20.6 rows=101)


table 2 : explain SELECT id, c FROM sbtest2 WHERE id BETWEEN 4270236 AND 4270336
	-> Filter: (sbtest2.id between 4270236 and 4270336)  (cost=20.6 rows=101)
    -> Index range scan on sbtest2 using PRIMARY over (4270236 <= id <= 4270336)  (cost=20.6 rows=101)


table 3 : explain SELECT id, c FROM sbtest3 WHERE id BETWEEN 4270236 AND 4270336
	-> Filter: (sbtest3.id between 4270236 and 4270336)  (cost=20.6 rows=101)
    -> Index range scan on sbtest3 using PRIMARY over (4270236 <= id <= 4270336)  (cost=20.6 rows=101)


table 4 : explain SELECT id, c FROM sbtest4 WHERE id BETWEEN 4270236 AND 4270336
	-> Filter: (sbtest4.id between 4270236 and 4270336)  (cost=20.6 rows=101)
    -> Index range scan on sbtest4 using PRIMARY over (4270236 <= id <= 4270336)  (cost=20.6 rows=101)


table 5 : explain SELECT id, c FROM sbtest5 WHERE id BETWEEN 4270236 AND 4270336
	-> Filter: (sbtest5.id between 4270236 and 4270336)  (cost=20.6 rows=101)
    -> Index range scan on sbtest5 using PRIMARY over (4270236 <= id <= 4270336)  (cost=20.6 rows=101)


table 6 : explain SELECT id, c FROM sbtest6 WHERE id BETWEEN 4270236 AND 4270336
	-> Filter: (sbtest6.id between 4270236 and 4270336)  (cost=20.6 rows=101)
    -> Index range scan on sbtest6 using PRIMARY over (4270236 <= id <= 4270336)  (cost=20.6 rows=101)


table 7 : explain SELECT id, c FROM sbtest7 WHERE id BETWEEN 4270236 AND 4270336
	-> Filter: (sbtest7.id between 4270236 and 4270336)  (cost=20.6 rows=101)
    -> Index range scan on sbtest7 using PRIMARY over (4270236 <= id <= 4270336)  (cost=20.6 rows=101)


table 8 : explain SELECT id, c FROM sbtest8 WHERE id BETWEEN 4270236 AND 4270336
	-> Filter: (sbtest8.id between 4270236 and 4270336)  (cost=20.6 rows=101)
    -> Index range scan on sbtest8 using PRIMARY over (4270236 <= id <= 4270336)  (cost=20.6 rows=101)


explain: for range-notcovered :: explain SELECT id, c FROM sbtest%d WHERE id BETWEEN 961745 AND 961845
for range-notcovered
table 1 : explain SELECT id, c FROM sbtest1 WHERE id BETWEEN 4992126 AND 4992226
	-> Filter: (sbtest1.id between 4992126 and 4992226)  (cost=20.6 rows=101)
    -> Index range scan on sbtest1 using PRIMARY over (4992126 <= id <= 4992226)  (cost=20.6 rows=101)


table 2 : explain SELECT id, c FROM sbtest2 WHERE id BETWEEN 4992126 AND 4992226
	-> Filter: (sbtest2.id between 4992126 and 4992226)  (cost=20.6 rows=101)
    -> Index range scan on sbtest2 using PRIMARY over (4992126 <= id <= 4992226)  (cost=20.6 rows=101)


table 3 : explain SELECT id, c FROM sbtest3 WHERE id BETWEEN 4992126 AND 4992226
	-> Filter: (sbtest3.id between 4992126 and 4992226)  (cost=20.6 rows=101)
    -> Index range scan on sbtest3 using PRIMARY over (4992126 <= id <= 4992226)  (cost=20.6 rows=101)


table 4 : explain SELECT id, c FROM sbtest4 WHERE id BETWEEN 4992126 AND 4992226
	-> Filter: (sbtest4.id between 4992126 and 4992226)  (cost=20.6 rows=101)
    -> Index range scan on sbtest4 using PRIMARY over (4992126 <= id <= 4992226)  (cost=20.6 rows=101)


table 5 : explain SELECT id, c FROM sbtest5 WHERE id BETWEEN 4992126 AND 4992226
	-> Filter: (sbtest5.id between 4992126 and 4992226)  (cost=20.6 rows=101)
    -> Index range scan on sbtest5 using PRIMARY over (4992126 <= id <= 4992226)  (cost=20.6 rows=101)


table 6 : explain SELECT id, c FROM sbtest6 WHERE id BETWEEN 4992126 AND 4992226
	-> Filter: (sbtest6.id between 4992126 and 4992226)  (cost=20.6 rows=101)
    -> Index range scan on sbtest6 using PRIMARY over (4992126 <= id <= 4992226)  (cost=20.6 rows=101)


table 7 : explain SELECT id, c FROM sbtest7 WHERE id BETWEEN 4992126 AND 4992226
	-> Filter: (sbtest7.id between 4992126 and 4992226)  (cost=20.6 rows=101)
    -> Index range scan on sbtest7 using PRIMARY over (4992126 <= id <= 4992226)  (cost=20.6 rows=101)


table 8 : explain SELECT id, c FROM sbtest8 WHERE id BETWEEN 4992126 AND 4992226
	-> Filter: (sbtest8.id between 4992126 and 4992226)  (cost=20.6 rows=101)
    -> Index range scan on sbtest8 using PRIMARY over (4992126 <= id <= 4992226)  (cost=20.6 rows=101)


for range-notcovered
table 1 : explain SELECT id, c FROM sbtest1 WHERE id BETWEEN 7021492 AND 7021592
	-> Filter: (sbtest1.id between 7021492 and 7021592)  (cost=20.6 rows=101)
    -> Index range scan on sbtest1 using PRIMARY over (7021492 <= id <= 7021592)  (cost=20.6 rows=101)


table 2 : explain SELECT id, c FROM sbtest2 WHERE id BETWEEN 7021492 AND 7021592
	-> Filter: (sbtest2.id between 7021492 and 7021592)  (cost=20.6 rows=101)
    -> Index range scan on sbtest2 using PRIMARY over (7021492 <= id <= 7021592)  (cost=20.6 rows=101)


table 3 : explain SELECT id, c FROM sbtest3 WHERE id BETWEEN 7021492 AND 7021592
	-> Filter: (sbtest3.id between 7021492 and 7021592)  (cost=20.6 rows=101)
    -> Index range scan on sbtest3 using PRIMARY over (7021492 <= id <= 7021592)  (cost=20.6 rows=101)


table 4 : explain SELECT id, c FROM sbtest4 WHERE id BETWEEN 7021492 AND 7021592
	-> Filter: (sbtest4.id between 7021492 and 7021592)  (cost=20.6 rows=101)
    -> Index range scan on sbtest4 using PRIMARY over (7021492 <= id <= 7021592)  (cost=20.6 rows=101)


table 5 : explain SELECT id, c FROM sbtest5 WHERE id BETWEEN 7021492 AND 7021592
	-> Filter: (sbtest5.id between 7021492 and 7021592)  (cost=20.6 rows=101)
    -> Index range scan on sbtest5 using PRIMARY over (7021492 <= id <= 7021592)  (cost=20.6 rows=101)


table 6 : explain SELECT id, c FROM sbtest6 WHERE id BETWEEN 7021492 AND 7021592
	-> Filter: (sbtest6.id between 7021492 and 7021592)  (cost=20.6 rows=101)
    -> Index range scan on sbtest6 using PRIMARY over (7021492 <= id <= 7021592)  (cost=20.6 rows=101)


table 7 : explain SELECT id, c FROM sbtest7 WHERE id BETWEEN 7021492 AND 7021592
	-> Filter: (sbtest7.id between 7021492 and 7021592)  (cost=20.6 rows=101)
    -> Index range scan on sbtest7 using PRIMARY over (7021492 <= id <= 7021592)  (cost=20.6 rows=101)


table 8 : explain SELECT id, c FROM sbtest8 WHERE id BETWEEN 7021492 AND 7021592
	-> Filter: (sbtest8.id between 7021492 and 7021592)  (cost=20.6 rows=101)
    -> Index range scan on sbtest8 using PRIMARY over (7021492 <= id <= 7021592)  (cost=20.6 rows=101)



explain: for range-notcovered :: explain SELECT id, c FROM sbtest%d WHERE id BETWEEN 6620110 AND 6620210for range-notcovered
table 1 : explain SELECT id, c FROM sbtest1 WHERE id BETWEEN 3730450 AND 3730550
	-> Filter: (sbtest1.id between 3730450 and 3730550)  (cost=20.6 rows=101)
    -> Index range scan on sbtest1 using PRIMARY over (3730450 <= id <= 3730550)  (cost=20.6 rows=101)


table 2 : explain SELECT id, c FROM sbtest2 WHERE id BETWEEN 3730450 AND 3730550
	-> Filter: (sbtest2.id between 3730450 and 3730550)  (cost=20.6 rows=101)
    -> Index range scan on sbtest2 using PRIMARY over (3730450 <= id <= 3730550)  (cost=20.6 rows=101)


table 3 : explain SELECT id, c FROM sbtest3 WHERE id BETWEEN 3730450 AND 3730550
	-> Filter: (sbtest3.id between 3730450 and 3730550)  (cost=20.6 rows=101)
    -> Index range scan on sbtest3 using PRIMARY over (3730450 <= id <= 3730550)  (cost=20.6 rows=101)


table 4 : explain SELECT id, c FROM sbtest4 WHERE id BETWEEN 3730450 AND 3730550
	-> Filter: (sbtest4.id between 3730450 and 3730550)  (cost=20.6 rows=101)
    -> Index range scan on sbtest4 using PRIMARY over (3730450 <= id <= 3730550)  (cost=20.6 rows=101)


table 5 : explain SELECT id, c FROM sbtest5 WHERE id BETWEEN 3730450 AND 3730550
	-> Filter: (sbtest5.id between 3730450 and 3730550)  (cost=20.6 rows=101)
    -> Index range scan on sbtest5 using PRIMARY over (3730450 <= id <= 3730550)  (cost=20.6 rows=101)


table 6 : explain SELECT id, c FROM sbtest6 WHERE id BETWEEN 3730450 AND 3730550
	-> Filter: (sbtest6.id between 3730450 and 3730550)  (cost=20.6 rows=101)
    -> Index range scan on sbtest6 using PRIMARY over (3730450 <= id <= 3730550)  (cost=20.6 rows=101)


table 7 : explain SELECT id, c FROM sbtest7 WHERE id BETWEEN 3730450 AND 3730550
	-> Filter: (sbtest7.id between 3730450 and 3730550)  (cost=20.6 rows=101)
    -> Index range scan on sbtest7 using PRIMARY over (3730450 <= id <= 3730550)  (cost=20.6 rows=101)


table 8 : explain SELECT id, c FROM sbtest8 WHERE id BETWEEN 3730450 AND 3730550
	-> Filter: (sbtest8.id between 3730450 and 3730550)  (cost=20.6 rows=101)
    -> Index range scan on sbtest8 using PRIMARY over (3730450 <= id <= 3730550)  (cost=20.6 rows=101)

explain: for range-notcovered :: explain SELECT id, c FROM sbtest%d WHERE id BETWEEN 4270236 AND 4270336explain: for range-notcovered :: explain SELECT id, c FROM sbtest%d WHERE id BETWEEN 8363538 AND 8363638
for range-notcovered
table 1 : explain SELECT id, c FROM sbtest1 WHERE id BETWEEN 7378558 AND 7378658
	-> Filter: (sbtest1.id between 7378558 and 7378658)  (cost=20.6 rows=101)
    -> Index range scan on sbtest1 using PRIMARY over (7378558 <= id <= 7378658)  (cost=20.6 rows=101)


table 2 : explain SELECT id, c FROM sbtest2 WHERE id BETWEEN 7378558 AND 7378658
	-> Filter: (sbtest2.id between 7378558 and 7378658)  (cost=20.6 rows=101)
    -> Index range scan on sbtest2 using PRIMARY over (7378558 <= id <= 7378658)  (cost=20.6 rows=101)


table 3 : explain SELECT id, c FROM sbtest3 WHERE id BETWEEN 7378558 AND 7378658
	-> Filter: (sbtest3.id between 7378558 and 7378658)  (cost=20.6 rows=101)
    -> Index range scan on sbtest3 using PRIMARY over (7378558 <= id <= 7378658)  (cost=20.6 rows=101)


table 4 : explain SELECT id, c FROM sbtest4 WHERE id BETWEEN 7378558 AND 7378658
	-> Filter: (sbtest4.id between 7378558 and 7378658)  (cost=20.6 rows=101)
    -> Index range scan on sbtest4 using PRIMARY over (7378558 <= id <= 7378658)  (cost=20.6 rows=101)


table 5 : explain SELECT id, c FROM sbtest5 WHERE id BETWEEN 7378558 AND 7378658
	-> Filter: (sbtest5.id between 7378558 and 7378658)  (cost=20.6 rows=101)
    -> Index range scan on sbtest5 using PRIMARY over (7378558 <= id <= 7378658)  (cost=20.6 rows=101)


table 6 : explain SELECT id, c FROM sbtest6 WHERE id BETWEEN 7378558 AND 7378658
	-> Filter: (sbtest6.id between 7378558 and 7378658)  (cost=20.6 rows=101)
    -> Index range scan on sbtest6 using PRIMARY over (7378558 <= id <= 7378658)  (cost=20.6 rows=101)


table 7 : explain SELECT id, c FROM sbtest7 WHERE id BETWEEN 7378558 AND 7378658
	-> Filter: (sbtest7.id between 7378558 and 7378658)  (cost=20.6 rows=101)
    -> Index range scan on sbtest7 using PRIMARY over (7378558 <= id <= 7378658)  (cost=20.6 rows=101)


table 8 : explain SELECT id, c FROM sbtest8 WHERE id BETWEEN 7378558 AND 7378658
	-> Filter: (sbtest8.id between 7378558 and 7378658)  (cost=20.6 rows=101)
    -> Index range scan on sbtest8 using PRIMARY over (7378558 <= id <= 7378658)  (cost=20.6 rows=101)



for range-notcovered
table 1 : explain SELECT id, c FROM sbtest1 WHERE id BETWEEN 2677039 AND 2677139
	-> Filter: (sbtest1.id between 2677039 and 2677139)  (cost=20.6 rows=101)
    -> Index range scan on sbtest1 using PRIMARY over (2677039 <= id <= 2677139)  (cost=20.6 rows=101)


table 2 : explain SELECT id, c FROM sbtest2 WHERE id BETWEEN 2677039 AND 2677139
	-> Filter: (sbtest2.id between 2677039 and 2677139)  (cost=20.6 rows=101)
    -> Index range scan on sbtest2 using PRIMARY over (2677039 <= id <= 2677139)  (cost=20.6 rows=101)


table 3 : explain SELECT id, c FROM sbtest3 WHERE id BETWEEN 2677039 AND 2677139
	-> Filter: (sbtest3.id between 2677039 and 2677139)  (cost=20.6 rows=101)
    -> Index range scan on sbtest3 using PRIMARY over (2677039 <= id <= 2677139)  (cost=20.6 rows=101)


table 4 : explain SELECT id, c FROM sbtest4 WHERE id BETWEEN 2677039 AND 2677139
	-> Filter: (sbtest4.id between 2677039 and 2677139)  (cost=20.6 rows=101)
    -> Index range scan on sbtest4 using PRIMARY over (2677039 <= id <= 2677139)  (cost=20.6 rows=101)


table 5 : explain SELECT id, c FROM sbtest5 WHERE id BETWEEN 2677039 AND 2677139
	-> Filter: (sbtest5.id between 2677039 and 2677139)  (cost=20.6 rows=101)
    -> Index range scan on sbtest5 using PRIMARY over (2677039 <= id <= 2677139)  (cost=20.6 rows=101)


table 6 : explain SELECT id, c FROM sbtest6 WHERE id BETWEEN 2677039 AND 2677139
	-> Filter: (sbtest6.id between 2677039 and 2677139)  (cost=20.6 rows=101)
    -> Index range scan on sbtest6 using PRIMARY over (2677039 <= id <= 2677139)  (cost=20.6 rows=101)


table 7 : explain SELECT id, c FROM sbtest7 WHERE id BETWEEN 2677039 AND 2677139
	-> Filter: (sbtest7.id between 2677039 and 2677139)  (cost=20.6 rows=101)
    -> Index range scan on sbtest7 using PRIMARY over (2677039 <= id <= 2677139)  (cost=20.6 rows=101)


table 8 : explain SELECT id, c FROM sbtest8 WHERE id BETWEEN 2677039 AND 2677139
	-> Filter: (sbtest8.id between 2677039 and 2677139)  (cost=20.6 rows=101)
    -> Index range scan on sbtest8 using PRIMARY over (2677039 <= id <= 2677139)  (cost=20.6 rows=101)


explain: for range-notcovered :: explain SELECT id, c FROM sbtest%d WHERE id BETWEEN 9392832 AND 9392932for range-notcovered
table 1 : explain SELECT id, c FROM sbtest1 WHERE id BETWEEN 7956413 AND 7956513
	-> Filter: (sbtest1.id between 7956413 and 7956513)  (cost=20.6 rows=101)
    -> Index range scan on sbtest1 using PRIMARY over (7956413 <= id <= 7956513)  (cost=20.6 rows=101)


table 2 : explain SELECT id, c FROM sbtest2 WHERE id BETWEEN 7956413 AND 7956513
	-> Filter: (sbtest2.id between 7956413 and 7956513)  (cost=20.6 rows=101)
    -> Index range scan on sbtest2 using PRIMARY over (7956413 <= id <= 7956513)  (cost=20.6 rows=101)


table 3 : explain SELECT id, c FROM sbtest3 WHERE id BETWEEN 7956413 AND 7956513
	-> Filter: (sbtest3.id between 7956413 and 7956513)  (cost=20.6 rows=101)
    -> Index range scan on sbtest3 using PRIMARY over (7956413 <= id <= 7956513)  (cost=20.6 rows=101)


table 4 : explain SELECT id, c FROM sbtest4 WHERE id BETWEEN 7956413 AND 7956513
	-> Filter: (sbtest4.id between 7956413 and 7956513)  (cost=20.6 rows=101)
    -> Index range scan on sbtest4 using PRIMARY over (7956413 <= id <= 7956513)  (cost=20.6 rows=101)


table 5 : explain SELECT id, c FROM sbtest5 WHERE id BETWEEN 7956413 AND 7956513
	-> Filter: (sbtest5.id between 7956413 and 7956513)  (cost=20.6 rows=101)
    -> Index range scan on sbtest5 using PRIMARY over (7956413 <= id <= 7956513)  (cost=20.6 rows=101)


table 6 : explain SELECT id, c FROM sbtest6 WHERE id BETWEEN 7956413 AND 7956513
	-> Filter: (sbtest6.id between 7956413 and 7956513)  (cost=20.6 rows=101)
    -> Index range scan on sbtest6 using PRIMARY over (7956413 <= id <= 7956513)  (cost=20.6 rows=101)


table 7 : explain SELECT id, c FROM sbtest7 WHERE id BETWEEN 7956413 AND 7956513
	-> Filter: (sbtest7.id between 7956413 and 7956513)  (cost=20.6 rows=101)
    -> Index range scan on sbtest7 using PRIMARY over (7956413 <= id <= 7956513)  (cost=20.6 rows=101)


table 8 : explain SELECT id, c FROM sbtest8 WHERE id BETWEEN 7956413 AND 7956513
	-> Filter: (sbtest8.id between 7956413 and 7956513)  (cost=20.6 rows=101)
    -> Index range scan on sbtest8 using PRIMARY over (7956413 <= id <= 7956513)  (cost=20.6 rows=101)

explain: for range-notcovered :: explain SELECT id, c FROM sbtest%d WHERE id BETWEEN 4992126 AND 4992226for range-notcovered
table 1 : explain SELECT id, c FROM sbtest1 WHERE id BETWEEN 5728658 AND 5728758
	-> Filter: (sbtest1.id between 5728658 and 5728758)  (cost=20.6 rows=101)
    -> Index range scan on sbtest1 using PRIMARY over (5728658 <= id <= 5728758)  (cost=20.6 rows=101)


table 2 : explain SELECT id, c FROM sbtest2 WHERE id BETWEEN 5728658 AND 5728758
	-> Filter: (sbtest2.id between 5728658 and 5728758)  (cost=20.6 rows=101)
    -> Index range scan on sbtest2 using PRIMARY over (5728658 <= id <= 5728758)  (cost=20.6 rows=101)


table 3 : explain SELECT id, c FROM sbtest3 WHERE id BETWEEN 5728658 AND 5728758
	-> Filter: (sbtest3.id between 5728658 and 5728758)  (cost=20.6 rows=101)
    -> Index range scan on sbtest3 using PRIMARY over (5728658 <= id <= 5728758)  (cost=20.6 rows=101)


table 4 : explain SELECT id, c FROM sbtest4 WHERE id BETWEEN 5728658 AND 5728758
	-> Filter: (sbtest4.id between 5728658 and 5728758)  (cost=20.6 rows=101)
    -> Index range scan on sbtest4 using PRIMARY over (5728658 <= id <= 5728758)  (cost=20.6 rows=101)


table 5 : explain SELECT id, c FROM sbtest5 WHERE id BETWEEN 5728658 AND 5728758
	-> Filter: (sbtest5.id between 5728658 and 5728758)  (cost=20.6 rows=101)
    -> Index range scan on sbtest5 using PRIMARY over (5728658 <= id <= 5728758)  (cost=20.6 rows=101)


table 6 : explain SELECT id, c FROM sbtest6 WHERE id BETWEEN 5728658 AND 5728758
	-> Filter: (sbtest6.id between 5728658 and 5728758)  (cost=20.6 rows=101)
    -> Index range scan on sbtest6 using PRIMARY over (5728658 <= id <= 5728758)  (cost=20.6 rows=101)


table 7 : explain SELECT id, c FROM sbtest7 WHERE id BETWEEN 5728658 AND 5728758
	-> Filter: (sbtest7.id between 5728658 and 5728758)  (cost=20.6 rows=101)
    -> Index range scan on sbtest7 using PRIMARY over (5728658 <= id <= 5728758)  (cost=20.6 rows=101)


table 8 : explain SELECT id, c FROM sbtest8 WHERE id BETWEEN 5728658 AND 5728758
	-> Filter: (sbtest8.id between 5728658 and 5728758)  (cost=20.6 rows=101)
    -> Index range scan on sbtest8 using PRIMARY over (5728658 <= id <= 5728758)  (cost=20.6 rows=101)


explain: for range-notcovered :: explain SELECT id, c FROM sbtest%d WHERE id BETWEEN 3603238 AND 3603338
for range-notcovered
table 1 : explain SELECT id, c FROM sbtest1 WHERE id BETWEEN 7869894 AND 7869994
	-> Filter: (sbtest1.id between 7869894 and 7869994)  (cost=20.6 rows=101)
    -> Index range scan on sbtest1 using PRIMARY over (7869894 <= id <= 7869994)  (cost=20.6 rows=101)


table 2 : explain SELECT id, c FROM sbtest2 WHERE id BETWEEN 7869894 AND 7869994
	-> Filter: (sbtest2.id between 7869894 and 7869994)  (cost=20.6 rows=101)
    -> Index range scan on sbtest2 using PRIMARY over (7869894 <= id <= 7869994)  (cost=20.6 rows=101)


table 3 : explain SELECT id, c FROM sbtest3 WHERE id BETWEEN 7869894 AND 7869994
	-> Filter: (sbtest3.id between 7869894 and 7869994)  (cost=20.6 rows=101)
    -> Index range scan on sbtest3 using PRIMARY over (7869894 <= id <= 7869994)  (cost=20.6 rows=101)


table 4 : explain SELECT id, c FROM sbtest4 WHERE id BETWEEN 7869894 AND 7869994
	-> Filter: (sbtest4.id between 7869894 and 7869994)  (cost=20.6 rows=101)
    -> Index range scan on sbtest4 using PRIMARY over (7869894 <= id <= 7869994)  (cost=20.6 rows=101)


table 5 : explain SELECT id, c FROM sbtest5 WHERE id BETWEEN 7869894 AND 7869994
	-> Filter: (sbtest5.id between 7869894 and 7869994)  (cost=20.6 rows=101)
    -> Index range scan on sbtest5 using PRIMARY over (7869894 <= id <= 7869994)  (cost=20.6 rows=101)


table 6 : explain SELECT id, c FROM sbtest6 WHERE id BETWEEN 7869894 AND 7869994
	-> Filter: (sbtest6.id between 7869894 and 7869994)  (cost=20.6 rows=101)
    -> Index range scan on sbtest6 using PRIMARY over (7869894 <= id <= 7869994)  (cost=20.6 rows=101)


table 7 : explain SELECT id, c FROM sbtest7 WHERE id BETWEEN 7869894 AND 7869994
	-> Filter: (sbtest7.id between 7869894 and 7869994)  (cost=20.6 rows=101)
    -> Index range scan on sbtest7 using PRIMARY over (7869894 <= id <= 7869994)  (cost=20.6 rows=101)


table 8 : explain SELECT id, c FROM sbtest8 WHERE id BETWEEN 7869894 AND 7869994
	-> Filter: (sbtest8.id between 7869894 and 7869994)  (cost=20.6 rows=101)
    -> Index range scan on sbtest8 using PRIMARY over (7869894 <= id <= 7869994)  (cost=20.6 rows=101)


for range-notcovered
table 1 : explain SELECT id, c FROM sbtest1 WHERE id BETWEEN 5027690 AND 5027790
	-> Filter: (sbtest1.id between 5027690 and 5027790)  (cost=20.6 rows=101)
    -> Index range scan on sbtest1 using PRIMARY over (5027690 <= id <= 5027790)  (cost=20.6 rows=101)


table 2 : explain SELECT id, c FROM sbtest2 WHERE id BETWEEN 5027690 AND 5027790
	-> Filter: (sbtest2.id between 5027690 and 5027790)  (cost=20.6 rows=101)
    -> Index range scan on sbtest2 using PRIMARY over (5027690 <= id <= 5027790)  (cost=20.6 rows=101)


table 3 : explain SELECT id, c FROM sbtest3 WHERE id BETWEEN 5027690 AND 5027790
	-> Filter: (sbtest3.id between 5027690 and 5027790)  (cost=20.6 rows=101)
    -> Index range scan on sbtest3 using PRIMARY over (5027690 <= id <= 5027790)  (cost=20.6 rows=101)


table 4 : explain SELECT id, c FROM sbtest4 WHERE id BETWEEN 5027690 AND 5027790
	-> Filter: (sbtest4.id between 5027690 and 5027790)  (cost=20.6 rows=101)
    -> Index range scan on sbtest4 using PRIMARY over (5027690 <= id <= 5027790)  (cost=20.6 rows=101)


table 5 : explain SELECT id, c FROM sbtest5 WHERE id BETWEEN 5027690 AND 5027790
	-> Filter: (sbtest5.id between 5027690 and 5027790)  (cost=20.6 rows=101)
    -> Index range scan on sbtest5 using PRIMARY over (5027690 <= id <= 5027790)  (cost=20.6 rows=101)


table 6 : explain SELECT id, c FROM sbtest6 WHERE id BETWEEN 5027690 AND 5027790
	-> Filter: (sbtest6.id between 5027690 and 5027790)  (cost=20.6 rows=101)
    -> Index range scan on sbtest6 using PRIMARY over (5027690 <= id <= 5027790)  (cost=20.6 rows=101)


table 7 : explain SELECT id, c FROM sbtest7 WHERE id BETWEEN 5027690 AND 5027790
	-> Filter: (sbtest7.id between 5027690 and 5027790)  (cost=20.6 rows=101)
    -> Index range scan on sbtest7 using PRIMARY over (5027690 <= id <= 5027790)  (cost=20.6 rows=101)


table 8 : explain SELECT id, c FROM sbtest8 WHERE id BETWEEN 5027690 AND 5027790
	-> Filter: (sbtest8.id between 5027690 and 5027790)  (cost=20.6 rows=101)
    -> Index range scan on sbtest8 using PRIMARY over (5027690 <= id <= 5027790)  (cost=20.6 rows=101)




for range-notcovered
table 1 : explain SELECT id, c FROM sbtest1 WHERE id BETWEEN 9304560 AND 9304660
	-> Filter: (sbtest1.id between 9304560 and 9304660)  (cost=20.6 rows=101)
    -> Index range scan on sbtest1 using PRIMARY over (9304560 <= id <= 9304660)  (cost=20.6 rows=101)


table 2 : explain SELECT id, c FROM sbtest2 WHERE id BETWEEN 9304560 AND 9304660
	-> Filter: (sbtest2.id between 9304560 and 9304660)  (cost=20.6 rows=101)
    -> Index range scan on sbtest2 using PRIMARY over (9304560 <= id <= 9304660)  (cost=20.6 rows=101)


table 3 : explain SELECT id, c FROM sbtest3 WHERE id BETWEEN 9304560 AND 9304660
	-> Filter: (sbtest3.id between 9304560 and 9304660)  (cost=20.6 rows=101)
    -> Index range scan on sbtest3 using PRIMARY over (9304560 <= id <= 9304660)  (cost=20.6 rows=101)


table 4 : explain SELECT id, c FROM sbtest4 WHERE id BETWEEN 9304560 AND 9304660
	-> Filter: (sbtest4.id between 9304560 and 9304660)  (cost=20.6 rows=101)
    -> Index range scan on sbtest4 using PRIMARY over (9304560 <= id <= 9304660)  (cost=20.6 rows=101)


table 5 : explain SELECT id, c FROM sbtest5 WHERE id BETWEEN 9304560 AND 9304660
	-> Filter: (sbtest5.id between 9304560 and 9304660)  (cost=20.6 rows=101)
    -> Index range scan on sbtest5 using PRIMARY over (9304560 <= id <= 9304660)  (cost=20.6 rows=101)


table 6 : explain SELECT id, c FROM sbtest6 WHERE id BETWEEN 9304560 AND 9304660
	-> Filter: (sbtest6.id between 9304560 and 9304660)  (cost=20.6 rows=101)
    -> Index range scan on sbtest6 using PRIMARY over (9304560 <= id <= 9304660)  (cost=20.6 rows=101)


table 7 : explain SELECT id, c FROM sbtest7 WHERE id BETWEEN 9304560 AND 9304660
	-> Filter: (sbtest7.id between 9304560 and 9304660)  (cost=20.6 rows=101)
    -> Index range scan on sbtest7 using PRIMARY over (9304560 <= id <= 9304660)  (cost=20.6 rows=101)


table 8 : explain SELECT id, c FROM sbtest8 WHERE id BETWEEN 9304560 AND 9304660
	-> Filter: (sbtest8.id between 9304560 and 9304660)  (cost=20.6 rows=101)
    -> Index range scan on sbtest8 using PRIMARY over (9304560 <= id <= 9304660)  (cost=20.6 rows=101)


explain: for range-notcovered :: explain SELECT id, c FROM sbtest%d WHERE id BETWEEN 5728658 AND 5728758

explain: for range-notcovered :: explain SELECT id, c FROM sbtest%d WHERE id BETWEEN 7378558 AND 7378658
for range-notcovered
table 1 : explain SELECT id, c FROM sbtest1 WHERE id BETWEEN 5031544 AND 5031644
	-> Filter: (sbtest1.id between 5031544 and 5031644)  (cost=20.6 rows=101)
    -> Index range scan on sbtest1 using PRIMARY over (5031544 <= id <= 5031644)  (cost=20.6 rows=101)


table 2 : explain SELECT id, c FROM sbtest2 WHERE id BETWEEN 5031544 AND 5031644
	-> Filter: (sbtest2.id between 5031544 and 5031644)  (cost=20.6 rows=101)
    -> Index range scan on sbtest2 using PRIMARY over (5031544 <= id <= 5031644)  (cost=20.6 rows=101)


table 3 : explain SELECT id, c FROM sbtest3 WHERE id BETWEEN 5031544 AND 5031644
	-> Filter: (sbtest3.id between 5031544 and 5031644)  (cost=20.6 rows=101)
    -> Index range scan on sbtest3 using PRIMARY over (5031544 <= id <= 5031644)  (cost=20.6 rows=101)


table 4 : explain SELECT id, c FROM sbtest4 WHERE id BETWEEN 5031544 AND 5031644
	-> Filter: (sbtest4.id between 5031544 and 5031644)  (cost=20.6 rows=101)
    -> Index range scan on sbtest4 using PRIMARY over (5031544 <= id <= 5031644)  (cost=20.6 rows=101)


table 5 : explain SELECT id, c FROM sbtest5 WHERE id BETWEEN 5031544 AND 5031644
	-> Filter: (sbtest5.id between 5031544 and 5031644)  (cost=20.6 rows=101)
    -> Index range scan on sbtest5 using PRIMARY over (5031544 <= id <= 5031644)  (cost=20.6 rows=101)


table 6 : explain SELECT id, c FROM sbtest6 WHERE id BETWEEN 5031544 AND 5031644
	-> Filter: (sbtest6.id between 5031544 and 5031644)  (cost=20.6 rows=101)
    -> Index range scan on sbtest6 using PRIMARY over (5031544 <= id <= 5031644)  (cost=20.6 rows=101)


table 7 : explain SELECT id, c FROM sbtest7 WHERE id BETWEEN 5031544 AND 5031644
	-> Filter: (sbtest7.id between 5031544 and 5031644)  (cost=20.6 rows=101)
    -> Index range scan on sbtest7 using PRIMARY over (5031544 <= id <= 5031644)  (cost=20.6 rows=101)


table 8 : explain SELECT id, c FROM sbtest8 WHERE id BETWEEN 5031544 AND 5031644
	-> Filter: (sbtest8.id between 5031544 and 5031644)  (cost=20.6 rows=101)
    -> Index range scan on sbtest8 using PRIMARY over (5031544 <= id <= 5031644)  (cost=20.6 rows=101)


for range-notcovered
table 1 : explain SELECT id, c FROM sbtest1 WHERE id BETWEEN 8210069 AND 8210169
	-> Filter: (sbtest1.id between 8210069 and 8210169)  (cost=20.6 rows=101)
    -> Index range scan on sbtest1 using PRIMARY over (8210069 <= id <= 8210169)  (cost=20.6 rows=101)


table 2 : explain SELECT id, c FROM sbtest2 WHERE id BETWEEN 8210069 AND 8210169
	-> Filter: (sbtest2.id between 8210069 and 8210169)  (cost=20.6 rows=101)
    -> Index range scan on sbtest2 using PRIMARY over (8210069 <= id <= 8210169)  (cost=20.6 rows=101)


table 3 : explain SELECT id, c FROM sbtest3 WHERE id BETWEEN 8210069 AND 8210169
	-> Filter: (sbtest3.id between 8210069 and 8210169)  (cost=20.6 rows=101)
    -> Index range scan on sbtest3 using PRIMARY over (8210069 <= id <= 8210169)  (cost=20.6 rows=101)


table 4 : explain SELECT id, c FROM sbtest4 WHERE id BETWEEN 8210069 AND 8210169
	-> Filter: (sbtest4.id between 8210069 and 8210169)  (cost=20.6 rows=101)
    -> Index range scan on sbtest4 using PRIMARY over (8210069 <= id <= 8210169)  (cost=20.6 rows=101)


table 5 : explain SELECT id, c FROM sbtest5 WHERE id BETWEEN 8210069 AND 8210169
	-> Filter: (sbtest5.id between 8210069 and 8210169)  (cost=20.6 rows=101)
    -> Index range scan on sbtest5 using PRIMARY over (8210069 <= id <= 8210169)  (cost=20.6 rows=101)


table 6 : explain SELECT id, c FROM sbtest6 WHERE id BETWEEN 8210069 AND 8210169
	-> Filter: (sbtest6.id between 8210069 and 8210169)  (cost=20.6 rows=101)
    -> Index range scan on sbtest6 using PRIMARY over (8210069 <= id <= 8210169)  (cost=20.6 rows=101)


table 7 : explain SELECT id, c FROM sbtest7 WHERE id BETWEEN 8210069 AND 8210169
	-> Filter: (sbtest7.id between 8210069 and 8210169)  (cost=20.6 rows=101)
    -> Index range scan on sbtest7 using PRIMARY over (8210069 <= id <= 8210169)  (cost=20.6 rows=101)


table 8 : explain SELECT id, c FROM sbtest8 WHERE id BETWEEN 8210069 AND 8210169
	-> Filter: (sbtest8.id between 8210069 and 8210169)  (cost=20.6 rows=101)
    -> Index range scan on sbtest8 using PRIMARY over (8210069 <= id <= 8210169)  (cost=20.6 rows=101)

explain: for range-notcovered :: explain SELECT id, c FROM sbtest%d WHERE id BETWEEN 7869894 AND 7869994

for range-notcovered
table 1 : explain SELECT id, c FROM sbtest1 WHERE id BETWEEN 5102644 AND 5102744
	-> Filter: (sbtest1.id between 5102644 and 5102744)  (cost=20.6 rows=101)
    -> Index range scan on sbtest1 using PRIMARY over (5102644 <= id <= 5102744)  (cost=20.6 rows=101)


table 2 : explain SELECT id, c FROM sbtest2 WHERE id BETWEEN 5102644 AND 5102744
	-> Filter: (sbtest2.id between 5102644 and 5102744)  (cost=20.6 rows=101)
    -> Index range scan on sbtest2 using PRIMARY over (5102644 <= id <= 5102744)  (cost=20.6 rows=101)


table 3 : explain SELECT id, c FROM sbtest3 WHERE id BETWEEN 5102644 AND 5102744
	-> Filter: (sbtest3.id between 5102644 and 5102744)  (cost=20.6 rows=101)
    -> Index range scan on sbtest3 using PRIMARY over (5102644 <= id <= 5102744)  (cost=20.6 rows=101)


table 4 : explain SELECT id, c FROM sbtest4 WHERE id BETWEEN 5102644 AND 5102744
	-> Filter: (sbtest4.id between 5102644 and 5102744)  (cost=20.6 rows=101)
    -> Index range scan on sbtest4 using PRIMARY over (5102644 <= id <= 5102744)  (cost=20.6 rows=101)


table 5 : explain SELECT id, c FROM sbtest5 WHERE id BETWEEN 5102644 AND 5102744
	-> Filter: (sbtest5.id between 5102644 and 5102744)  (cost=20.6 rows=101)
    -> Index range scan on sbtest5 using PRIMARY over (5102644 <= id <= 5102744)  (cost=20.6 rows=101)


table 6 : explain SELECT id, c FROM sbtest6 WHERE id BETWEEN 5102644 AND 5102744
	-> Filter: (sbtest6.id between 5102644 and 5102744)  (cost=20.6 rows=101)
    -> Index range scan on sbtest6 using PRIMARY over (5102644 <= id <= 5102744)  (cost=20.6 rows=101)


table 7 : explain SELECT id, c FROM sbtest7 WHERE id BETWEEN 5102644 AND 5102744
	-> Filter: (sbtest7.id between 5102644 and 5102744)  (cost=20.6 rows=101)
    -> Index range scan on sbtest7 using PRIMARY over (5102644 <= id <= 5102744)  (cost=20.6 rows=101)


table 8 : explain SELECT id, c FROM sbtest8 WHERE id BETWEEN 5102644 AND 5102744
	-> Filter: (sbtest8.id between 5102644 and 5102744)  (cost=20.6 rows=101)
    -> Index range scan on sbtest8 using PRIMARY over (5102644 <= id <= 5102744)  (cost=20.6 rows=101)


for range-notcovered
table 1 : explain SELECT id, c FROM sbtest1 WHERE id BETWEEN 2559955 AND 2560055
	-> Filter: (sbtest1.id between 2559955 and 2560055)  (cost=20.6 rows=101)
    -> Index range scan on sbtest1 using PRIMARY over (2559955 <= id <= 2560055)  (cost=20.6 rows=101)


table 2 : explain SELECT id, c FROM sbtest2 WHERE id BETWEEN 2559955 AND 2560055
	-> Filter: (sbtest2.id between 2559955 and 2560055)  (cost=20.6 rows=101)
    -> Index range scan on sbtest2 using PRIMARY over (2559955 <= id <= 2560055)  (cost=20.6 rows=101)


table 3 : explain SELECT id, c FROM sbtest3 WHERE id BETWEEN 2559955 AND 2560055
	-> Filter: (sbtest3.id between 2559955 and 2560055)  (cost=20.6 rows=101)
    -> Index range scan on sbtest3 using PRIMARY over (2559955 <= id <= 2560055)  (cost=20.6 rows=101)


table 4 : explain SELECT id, c FROM sbtest4 WHERE id BETWEEN 2559955 AND 2560055
	-> Filter: (sbtest4.id between 2559955 and 2560055)  (cost=20.6 rows=101)
    -> Index range scan on sbtest4 using PRIMARY over (2559955 <= id <= 2560055)  (cost=20.6 rows=101)


table 5 : explain SELECT id, c FROM sbtest5 WHERE id BETWEEN 2559955 AND 2560055
	-> Filter: (sbtest5.id between 2559955 and 2560055)  (cost=20.6 rows=101)
    -> Index range scan on sbtest5 using PRIMARY over (2559955 <= id <= 2560055)  (cost=20.6 rows=101)


table 6 : explain SELECT id, c FROM sbtest6 WHERE id BETWEEN 2559955 AND 2560055
	-> Filter: (sbtest6.id between 2559955 and 2560055)  (cost=20.6 rows=101)
    -> Index range scan on sbtest6 using PRIMARY over (2559955 <= id <= 2560055)  (cost=20.6 rows=101)


table 7 : explain SELECT id, c FROM sbtest7 WHERE id BETWEEN 2559955 AND 2560055
	-> Filter: (sbtest7.id between 2559955 and 2560055)  (cost=20.6 rows=101)
    -> Index range scan on sbtest7 using PRIMARY over (2559955 <= id <= 2560055)  (cost=20.6 rows=101)


table 8 : explain SELECT id, c FROM sbtest8 WHERE id BETWEEN 2559955 AND 2560055
	-> Filter: (sbtest8.id between 2559955 and 2560055)  (cost=20.6 rows=101)
    -> Index range scan on sbtest8 using PRIMARY over (2559955 <= id <= 2560055)  (cost=20.6 rows=101)


explain: for range-notcovered :: explain SELECT id, c FROM sbtest%d WHERE id BETWEEN 5027690 AND 5027790

for range-notcovered
table 1 : explain SELECT id, c FROM sbtest1 WHERE id BETWEEN 1765473 AND 1765573
	-> Filter: (sbtest1.id between 1765473 and 1765573)  (cost=20.6 rows=101)
    -> Index range scan on sbtest1 using PRIMARY over (1765473 <= id <= 1765573)  (cost=20.6 rows=101)


table 2 : explain SELECT id, c FROM sbtest2 WHERE id BETWEEN 1765473 AND 1765573
	-> Filter: (sbtest2.id between 1765473 and 1765573)  (cost=20.6 rows=101)
    -> Index range scan on sbtest2 using PRIMARY over (1765473 <= id <= 1765573)  (cost=20.6 rows=101)


table 3 : explain SELECT id, c FROM sbtest3 WHERE id BETWEEN 1765473 AND 1765573
	-> Filter: (sbtest3.id between 1765473 and 1765573)  (cost=20.6 rows=101)
    -> Index range scan on sbtest3 using PRIMARY over (1765473 <= id <= 1765573)  (cost=20.6 rows=101)


table 4 : explain SELECT id, c FROM sbtest4 WHERE id BETWEEN 1765473 AND 1765573
	-> Filter: (sbtest4.id between 1765473 and 1765573)  (cost=20.6 rows=101)
    -> Index range scan on sbtest4 using PRIMARY over (1765473 <= id <= 1765573)  (cost=20.6 rows=101)


table 5 : explain SELECT id, c FROM sbtest5 WHERE id BETWEEN 1765473 AND 1765573
	-> Filter: (sbtest5.id between 1765473 and 1765573)  (cost=20.6 rows=101)
    -> Index range scan on sbtest5 using PRIMARY over (1765473 <= id <= 1765573)  (cost=20.6 rows=101)


table 6 : explain SELECT id, c FROM sbtest6 WHERE id BETWEEN 1765473 AND 1765573
	-> Filter: (sbtest6.id between 1765473 and 1765573)  (cost=20.6 rows=101)
    -> Index range scan on sbtest6 using PRIMARY over (1765473 <= id <= 1765573)  (cost=20.6 rows=101)


table 7 : explain SELECT id, c FROM sbtest7 WHERE id BETWEEN 1765473 AND 1765573
	-> Filter: (sbtest7.id between 1765473 and 1765573)  (cost=20.6 rows=101)
    -> Index range scan on sbtest7 using PRIMARY over (1765473 <= id <= 1765573)  (cost=20.6 rows=101)


table 8 : explain SELECT id, c FROM sbtest8 WHERE id BETWEEN 1765473 AND 1765573
	-> Filter: (sbtest8.id between 1765473 and 1765573)  (cost=20.6 rows=101)
    -> Index range scan on sbtest8 using PRIMARY over (1765473 <= id <= 1765573)  (cost=20.6 rows=101)

for range-notcovered
table 1 : explain SELECT id, c FROM sbtest1 WHERE id BETWEEN 2905294 AND 2905394
	-> Filter: (sbtest1.id between 2905294 and 2905394)  (cost=20.6 rows=101)
    -> Index range scan on sbtest1 using PRIMARY over (2905294 <= id <= 2905394)  (cost=20.6 rows=101)


table 2 : explain SELECT id, c FROM sbtest2 WHERE id BETWEEN 2905294 AND 2905394
	-> Filter: (sbtest2.id between 2905294 and 2905394)  (cost=20.6 rows=101)
    -> Index range scan on sbtest2 using PRIMARY over (2905294 <= id <= 2905394)  (cost=20.6 rows=101)


table 3 : explain SELECT id, c FROM sbtest3 WHERE id BETWEEN 2905294 AND 2905394
	-> Filter: (sbtest3.id between 2905294 and 2905394)  (cost=20.6 rows=101)
    -> Index range scan on sbtest3 using PRIMARY over (2905294 <= id <= 2905394)  (cost=20.6 rows=101)


table 4 : explain SELECT id, c FROM sbtest4 WHERE id BETWEEN 2905294 AND 2905394
	-> Filter: (sbtest4.id between 2905294 and 2905394)  (cost=20.6 rows=101)
    -> Index range scan on sbtest4 using PRIMARY over (2905294 <= id <= 2905394)  (cost=20.6 rows=101)


table 5 : explain SELECT id, c FROM sbtest5 WHERE id BETWEEN 2905294 AND 2905394
	-> Filter: (sbtest5.id between 2905294 and 2905394)  (cost=20.6 rows=101)
    -> Index range scan on sbtest5 using PRIMARY over (2905294 <= id <= 2905394)  (cost=20.6 rows=101)


table 6 : explain SELECT id, c FROM sbtest6 WHERE id BETWEEN 2905294 AND 2905394
	-> Filter: (sbtest6.id between 2905294 and 2905394)  (cost=20.6 rows=101)
    -> Index range scan on sbtest6 using PRIMARY over (2905294 <= id <= 2905394)  (cost=20.6 rows=101)


table 7 : explain SELECT id, c FROM sbtest7 WHERE id BETWEEN 2905294 AND 2905394
	-> Filter: (sbtest7.id between 2905294 and 2905394)  (cost=20.6 rows=101)
    -> Index range scan on sbtest7 using PRIMARY over (2905294 <= id <= 2905394)  (cost=20.6 rows=101)


table 8 : explain SELECT id, c FROM sbtest8 WHERE id BETWEEN 2905294 AND 2905394
	-> Filter: (sbtest8.id between 2905294 and 2905394)  (cost=20.6 rows=101)
    -> Index range scan on sbtest8 using PRIMARY over (2905294 <= id <= 2905394)  (cost=20.6 rows=101)


for range-notcovered
table 1 : explain SELECT id, c FROM sbtest1 WHERE id BETWEEN 8773081 AND 8773181
	-> Filter: (sbtest1.id between 8773081 and 8773181)  (cost=20.6 rows=101)
    -> Index range scan on sbtest1 using PRIMARY over (8773081 <= id <= 8773181)  (cost=20.6 rows=101)


table 2 : explain SELECT id, c FROM sbtest2 WHERE id BETWEEN 8773081 AND 8773181
	-> Filter: (sbtest2.id between 8773081 and 8773181)  (cost=20.6 rows=101)
    -> Index range scan on sbtest2 using PRIMARY over (8773081 <= id <= 8773181)  (cost=20.6 rows=101)


table 3 : explain SELECT id, c FROM sbtest3 WHERE id BETWEEN 8773081 AND 8773181
	-> Filter: (sbtest3.id between 8773081 and 8773181)  (cost=20.6 rows=101)
    -> Index range scan on sbtest3 using PRIMARY over (8773081 <= id <= 8773181)  (cost=20.6 rows=101)


table 4 : explain SELECT id, c FROM sbtest4 WHERE id BETWEEN 8773081 AND 8773181
	-> Filter: (sbtest4.id between 8773081 and 8773181)  (cost=20.6 rows=101)
    -> Index range scan on sbtest4 using PRIMARY over (8773081 <= id <= 8773181)  (cost=20.6 rows=101)


table 5 : explain SELECT id, c FROM sbtest5 WHERE id BETWEEN 8773081 AND 8773181
	-> Filter: (sbtest5.id between 8773081 and 8773181)  (cost=20.6 rows=101)
    -> Index range scan on sbtest5 using PRIMARY over (8773081 <= id <= 8773181)  (cost=20.6 rows=101)


table 6 : explain SELECT id, c FROM sbtest6 WHERE id BETWEEN 8773081 AND 8773181
	-> Filter: (sbtest6.id between 8773081 and 8773181)  (cost=20.6 rows=101)
    -> Index range scan on sbtest6 using PRIMARY over (8773081 <= id <= 8773181)  (cost=20.6 rows=101)


table 7 : explain SELECT id, c FROM sbtest7 WHERE id BETWEEN 8773081 AND 8773181
	-> Filter: (sbtest7.id between 8773081 and 8773181)  (cost=20.6 rows=101)
    -> Index range scan on sbtest7 using PRIMARY over (8773081 <= id <= 8773181)  (cost=20.6 rows=101)


table 8 : explain SELECT id, c FROM sbtest8 WHERE id BETWEEN 8773081 AND 8773181
	-> Filter: (sbtest8.id between 8773081 and 8773181)  (cost=20.6 rows=101)
    -> Index range scan on sbtest8 using PRIMARY over (8773081 <= id <= 8773181)  (cost=20.6 rows=101)


for range-notcovered
table 1 : explain SELECT id, c FROM sbtest1 WHERE id BETWEEN 3051203 AND 3051303
	-> Filter: (sbtest1.id between 3051203 and 3051303)  (cost=20.6 rows=101)
    -> Index range scan on sbtest1 using PRIMARY over (3051203 <= id <= 3051303)  (cost=20.6 rows=101)


table 2 : explain SELECT id, c FROM sbtest2 WHERE id BETWEEN 3051203 AND 3051303
	-> Filter: (sbtest2.id between 3051203 and 3051303)  (cost=20.6 rows=101)
    -> Index range scan on sbtest2 using PRIMARY over (3051203 <= id <= 3051303)  (cost=20.6 rows=101)


table 3 : explain SELECT id, c FROM sbtest3 WHERE id BETWEEN 3051203 AND 3051303
	-> Filter: (sbtest3.id between 3051203 and 3051303)  (cost=20.6 rows=101)
    -> Index range scan on sbtest3 using PRIMARY over (3051203 <= id <= 3051303)  (cost=20.6 rows=101)


table 4 : explain SELECT id, c FROM sbtest4 WHERE id BETWEEN 3051203 AND 3051303
	-> Filter: (sbtest4.id between 3051203 and 3051303)  (cost=20.6 rows=101)
    -> Index range scan on sbtest4 using PRIMARY over (3051203 <= id <= 3051303)  (cost=20.6 rows=101)


table 5 : explain SELECT id, c FROM sbtest5 WHERE id BETWEEN 3051203 AND 3051303
	-> Filter: (sbtest5.id between 3051203 and 3051303)  (cost=20.6 rows=101)
    -> Index range scan on sbtest5 using PRIMARY over (3051203 <= id <= 3051303)  (cost=20.6 rows=101)


table 6 : explain SELECT id, c FROM sbtest6 WHERE id BETWEEN 3051203 AND 3051303
	-> Filter: (sbtest6.id between 3051203 and 3051303)  (cost=20.6 rows=101)
    -> Index range scan on sbtest6 using PRIMARY over (3051203 <= id <= 3051303)  (cost=20.6 rows=101)


table 7 : explain SELECT id, c FROM sbtest7 WHERE id BETWEEN 3051203 AND 3051303
	-> Filter: (sbtest7.id between 3051203 and 3051303)  (cost=20.6 rows=101)
    -> Index range scan on sbtest7 using PRIMARY over (3051203 <= id <= 3051303)  (cost=20.6 rows=101)


table 8 : explain SELECT id, c FROM sbtest8 WHERE id BETWEEN 3051203 AND 3051303
	-> Filter: (sbtest8.id between 3051203 and 3051303)  (cost=20.6 rows=101)
    -> Index range scan on sbtest8 using PRIMARY over (3051203 <= id <= 3051303)  (cost=20.6 rows=101)


for range-notcovered
table 1 : explain SELECT id, c FROM sbtest1 WHERE id BETWEEN 4339851 AND 4339951
	-> Filter: (sbtest1.id between 4339851 and 4339951)  (cost=20.6 rows=101)
    -> Index range scan on sbtest1 using PRIMARY over (4339851 <= id <= 4339951)  (cost=20.6 rows=101)


table 2 : explain SELECT id, c FROM sbtest2 WHERE id BETWEEN 4339851 AND 4339951
	-> Filter: (sbtest2.id between 4339851 and 4339951)  (cost=20.6 rows=101)
    -> Index range scan on sbtest2 using PRIMARY over (4339851 <= id <= 4339951)  (cost=20.6 rows=101)


table 3 : explain SELECT id, c FROM sbtest3 WHERE id BETWEEN 4339851 AND 4339951
	-> Filter: (sbtest3.id between 4339851 and 4339951)  (cost=20.6 rows=101)
    -> Index range scan on sbtest3 using PRIMARY over (4339851 <= id <= 4339951)  (cost=20.6 rows=101)


table 4 : explain SELECT id, c FROM sbtest4 WHERE id BETWEEN 4339851 AND 4339951
	-> Filter: (sbtest4.id between 4339851 and 4339951)  (cost=20.6 rows=101)
    -> Index range scan on sbtest4 using PRIMARY over (4339851 <= id <= 4339951)  (cost=20.6 rows=101)


table 5 : explain SELECT id, c FROM sbtest5 WHERE id BETWEEN 4339851 AND 4339951
	-> Filter: (sbtest5.id between 4339851 and 4339951)  (cost=20.6 rows=101)
    -> Index range scan on sbtest5 using PRIMARY over (4339851 <= id <= 4339951)  (cost=20.6 rows=101)


table 6 : explain SELECT id, c FROM sbtest6 WHERE id BETWEEN 4339851 AND 4339951
	-> Filter: (sbtest6.id between 4339851 and 4339951)  (cost=20.6 rows=101)
    -> Index range scan on sbtest6 using PRIMARY over (4339851 <= id <= 4339951)  (cost=20.6 rows=101)


table 7 : explain SELECT id, c FROM sbtest7 WHERE id BETWEEN 4339851 AND 4339951
	-> Filter: (sbtest7.id between 4339851 and 4339951)  (cost=20.6 rows=101)
    -> Index range scan on sbtest7 using PRIMARY over (4339851 <= id <= 4339951)  (cost=20.6 rows=101)


table 8 : explain SELECT id, c FROM sbtest8 WHERE id BETWEEN 4339851 AND 4339951
	-> Filter: (sbtest8.id between 4339851 and 4339951)  (cost=20.6 rows=101)
    -> Index range scan on sbtest8 using PRIMARY over (4339851 <= id <= 4339951)  (cost=20.6 rows=101)


explain: for range-notcovered :: explain SELECT id, c FROM sbtest%d WHERE id BETWEEN 5031544 AND 5031644

explain: for range-notcovered :: explain SELECT id, c FROM sbtest%d WHERE id BETWEEN 9304560 AND 9304660
explain: for range-notcovered :: explain SELECT id, c FROM sbtest%d WHERE id BETWEEN 7956413 AND 7956513

explain: for range-notcovered :: explain SELECT id, c FROM sbtest%d WHERE id BETWEEN 5102644 AND 5102744for range-notcovered
table 1 : explain SELECT id, c FROM sbtest1 WHERE id BETWEEN 5767498 AND 5767598
	-> Filter: (sbtest1.id between 5767498 and 5767598)  (cost=20.6 rows=101)
    -> Index range scan on sbtest1 using PRIMARY over (5767498 <= id <= 5767598)  (cost=20.6 rows=101)


table 2 : explain SELECT id, c FROM sbtest2 WHERE id BETWEEN 5767498 AND 5767598
	-> Filter: (sbtest2.id between 5767498 and 5767598)  (cost=20.6 rows=101)
    -> Index range scan on sbtest2 using PRIMARY over (5767498 <= id <= 5767598)  (cost=20.6 rows=101)


table 3 : explain SELECT id, c FROM sbtest3 WHERE id BETWEEN 5767498 AND 5767598
	-> Filter: (sbtest3.id between 5767498 and 5767598)  (cost=20.6 rows=101)
    -> Index range scan on sbtest3 using PRIMARY over (5767498 <= id <= 5767598)  (cost=20.6 rows=101)


table 4 : explain SELECT id, c FROM sbtest4 WHERE id BETWEEN 5767498 AND 5767598
	-> Filter: (sbtest4.id between 5767498 and 5767598)  (cost=20.6 rows=101)
    -> Index range scan on sbtest4 using PRIMARY over (5767498 <= id <= 5767598)  (cost=20.6 rows=101)


table 5 : explain SELECT id, c FROM sbtest5 WHERE id BETWEEN 5767498 AND 5767598
	-> Filter: (sbtest5.id between 5767498 and 5767598)  (cost=20.6 rows=101)
    -> Index range scan on sbtest5 using PRIMARY over (5767498 <= id <= 5767598)  (cost=20.6 rows=101)


table 6 : explain SELECT id, c FROM sbtest6 WHERE id BETWEEN 5767498 AND 5767598
	-> Filter: (sbtest6.id between 5767498 and 5767598)  (cost=20.6 rows=101)
    -> Index range scan on sbtest6 using PRIMARY over (5767498 <= id <= 5767598)  (cost=20.6 rows=101)


table 7 : explain SELECT id, c FROM sbtest7 WHERE id BETWEEN 5767498 AND 5767598
	-> Filter: (sbtest7.id between 5767498 and 5767598)  (cost=20.6 rows=101)
    -> Index range scan on sbtest7 using PRIMARY over (5767498 <= id <= 5767598)  (cost=20.6 rows=101)


table 8 : explain SELECT id, c FROM sbtest8 WHERE id BETWEEN 5767498 AND 5767598
	-> Filter: (sbtest8.id between 5767498 and 5767598)  (cost=20.6 rows=101)
    -> Index range scan on sbtest8 using PRIMARY over (5767498 <= id <= 5767598)  (cost=20.6 rows=101)


explain: for range-notcovered :: explain SELECT id, c FROM sbtest%d WHERE id BETWEEN 2905294 AND 2905394

explain: for range-notcovered :: explain SELECT id, c FROM sbtest%d WHERE id BETWEEN 8773081 AND 8773181
for range-notcovered
table 1 : explain SELECT id, c FROM sbtest1 WHERE id BETWEEN 6860914 AND 6861014
	-> Filter: (sbtest1.id between 6860914 and 6861014)  (cost=20.6 rows=101)
    -> Index range scan on sbtest1 using PRIMARY over (6860914 <= id <= 6861014)  (cost=20.6 rows=101)


table 2 : explain SELECT id, c FROM sbtest2 WHERE id BETWEEN 6860914 AND 6861014
	-> Filter: (sbtest2.id between 6860914 and 6861014)  (cost=20.6 rows=101)
    -> Index range scan on sbtest2 using PRIMARY over (6860914 <= id <= 6861014)  (cost=20.6 rows=101)


table 3 : explain SELECT id, c FROM sbtest3 WHERE id BETWEEN 6860914 AND 6861014
	-> Filter: (sbtest3.id between 6860914 and 6861014)  (cost=20.6 rows=101)
    -> Index range scan on sbtest3 using PRIMARY over (6860914 <= id <= 6861014)  (cost=20.6 rows=101)


table 4 : explain SELECT id, c FROM sbtest4 WHERE id BETWEEN 6860914 AND 6861014
	-> Filter: (sbtest4.id between 6860914 and 6861014)  (cost=20.6 rows=101)
    -> Index range scan on sbtest4 using PRIMARY over (6860914 <= id <= 6861014)  (cost=20.6 rows=101)


table 5 : explain SELECT id, c FROM sbtest5 WHERE id BETWEEN 6860914 AND 6861014
	-> Filter: (sbtest5.id between 6860914 and 6861014)  (cost=20.6 rows=101)
    -> Index range scan on sbtest5 using PRIMARY over (6860914 <= id <= 6861014)  (cost=20.6 rows=101)


table 6 : explain SELECT id, c FROM sbtest6 WHERE id BETWEEN 6860914 AND 6861014
	-> Filter: (sbtest6.id between 6860914 and 6861014)  (cost=20.6 rows=101)
    -> Index range scan on sbtest6 using PRIMARY over (6860914 <= id <= 6861014)  (cost=20.6 rows=101)


table 7 : explain SELECT id, c FROM sbtest7 WHERE id BETWEEN 6860914 AND 6861014
	-> Filter: (sbtest7.id between 6860914 and 6861014)  (cost=20.6 rows=101)
    -> Index range scan on sbtest7 using PRIMARY over (6860914 <= id <= 6861014)  (cost=20.6 rows=101)


table 8 : explain SELECT id, c FROM sbtest8 WHERE id BETWEEN 6860914 AND 6861014
	-> Filter: (sbtest8.id between 6860914 and 6861014)  (cost=20.6 rows=101)
    -> Index range scan on sbtest8 using PRIMARY over (6860914 <= id <= 6861014)  (cost=20.6 rows=101)


explain: for range-notcovered :: explain SELECT id, c FROM sbtest%d WHERE id BETWEEN 4339851 AND 4339951
explain: for range-notcovered :: explain SELECT id, c FROM sbtest%d WHERE id BETWEEN 2559955 AND 2560055
explain: for range-notcovered :: explain SELECT id, c FROM sbtest%d WHERE id BETWEEN 5767498 AND 5767598
explain: for range-notcovered :: explain SELECT id, c FROM sbtest%d WHERE id BETWEEN 6860914 AND 6861014
for range-notcovered
table 1 : explain SELECT id, c FROM sbtest1 WHERE id BETWEEN 4567750 AND 4567850
	-> Filter: (sbtest1.id between 4567750 and 4567850)  (cost=20.6 rows=101)
    -> Index range scan on sbtest1 using PRIMARY over (4567750 <= id <= 4567850)  (cost=20.6 rows=101)


table 2 : explain SELECT id, c FROM sbtest2 WHERE id BETWEEN 4567750 AND 4567850
	-> Filter: (sbtest2.id between 4567750 and 4567850)  (cost=20.6 rows=101)
    -> Index range scan on sbtest2 using PRIMARY over (4567750 <= id <= 4567850)  (cost=20.6 rows=101)


table 3 : explain SELECT id, c FROM sbtest3 WHERE id BETWEEN 4567750 AND 4567850
	-> Filter: (sbtest3.id between 4567750 and 4567850)  (cost=20.6 rows=101)
    -> Index range scan on sbtest3 using PRIMARY over (4567750 <= id <= 4567850)  (cost=20.6 rows=101)


table 4 : explain SELECT id, c FROM sbtest4 WHERE id BETWEEN 4567750 AND 4567850
	-> Filter: (sbtest4.id between 4567750 and 4567850)  (cost=20.6 rows=101)
    -> Index range scan on sbtest4 using PRIMARY over (4567750 <= id <= 4567850)  (cost=20.6 rows=101)


table 5 : explain SELECT id, c FROM sbtest5 WHERE id BETWEEN 4567750 AND 4567850
	-> Filter: (sbtest5.id between 4567750 and 4567850)  (cost=20.6 rows=101)
    -> Index range scan on sbtest5 using PRIMARY over (4567750 <= id <= 4567850)  (cost=20.6 rows=101)


table 6 : explain SELECT id, c FROM sbtest6 WHERE id BETWEEN 4567750 AND 4567850
	-> Filter: (sbtest6.id between 4567750 and 4567850)  (cost=20.6 rows=101)
    -> Index range scan on sbtest6 using PRIMARY over (4567750 <= id <= 4567850)  (cost=20.6 rows=101)


table 7 : explain SELECT id, c FROM sbtest7 WHERE id BETWEEN 4567750 AND 4567850
	-> Filter: (sbtest7.id between 4567750 and 4567850)  (cost=20.6 rows=101)
    -> Index range scan on sbtest7 using PRIMARY over (4567750 <= id <= 4567850)  (cost=20.6 rows=101)


table 8 : explain SELECT id, c FROM sbtest8 WHERE id BETWEEN 4567750 AND 4567850
	-> Filter: (sbtest8.id between 4567750 and 4567850)  (cost=20.6 rows=101)
    -> Index range scan on sbtest8 using PRIMARY over (4567750 <= id <= 4567850)  (cost=20.6 rows=101)


for range-notcovered
table 1 : explain SELECT id, c FROM sbtest1 WHERE id BETWEEN 6876452 AND 6876552
	-> Filter: (sbtest1.id between 6876452 and 6876552)  (cost=20.6 rows=101)
    -> Index range scan on sbtest1 using PRIMARY over (6876452 <= id <= 6876552)  (cost=20.6 rows=101)


table 2 : explain SELECT id, c FROM sbtest2 WHERE id BETWEEN 6876452 AND 6876552
	-> Filter: (sbtest2.id between 6876452 and 6876552)  (cost=20.6 rows=101)
    -> Index range scan on sbtest2 using PRIMARY over (6876452 <= id <= 6876552)  (cost=20.6 rows=101)


table 3 : explain SELECT id, c FROM sbtest3 WHERE id BETWEEN 6876452 AND 6876552
	-> Filter: (sbtest3.id between 6876452 and 6876552)  (cost=20.6 rows=101)
    -> Index range scan on sbtest3 using PRIMARY over (6876452 <= id <= 6876552)  (cost=20.6 rows=101)


table 4 : explain SELECT id, c FROM sbtest4 WHERE id BETWEEN 6876452 AND 6876552
	-> Filter: (sbtest4.id between 6876452 and 6876552)  (cost=20.6 rows=101)
    -> Index range scan on sbtest4 using PRIMARY over (6876452 <= id <= 6876552)  (cost=20.6 rows=101)


table 5 : explain SELECT id, c FROM sbtest5 WHERE id BETWEEN 6876452 AND 6876552
	-> Filter: (sbtest5.id between 6876452 and 6876552)  (cost=20.6 rows=101)
    -> Index range scan on sbtest5 using PRIMARY over (6876452 <= id <= 6876552)  (cost=20.6 rows=101)


table 6 : explain SELECT id, c FROM sbtest6 WHERE id BETWEEN 6876452 AND 6876552
	-> Filter: (sbtest6.id between 6876452 and 6876552)  (cost=20.6 rows=101)
    -> Index range scan on sbtest6 using PRIMARY over (6876452 <= id <= 6876552)  (cost=20.6 rows=101)


table 7 : explain SELECT id, c FROM sbtest7 WHERE id BETWEEN 6876452 AND 6876552
	-> Filter: (sbtest7.id between 6876452 and 6876552)  (cost=20.6 rows=101)
    -> Index range scan on sbtest7 using PRIMARY over (6876452 <= id <= 6876552)  (cost=20.6 rows=101)


table 8 : explain SELECT id, c FROM sbtest8 WHERE id BETWEEN 6876452 AND 6876552
	-> Filter: (sbtest8.id between 6876452 and 6876552)  (cost=20.6 rows=101)
    -> Index range scan on sbtest8 using PRIMARY over (6876452 <= id <= 6876552)  (cost=20.6 rows=101)


for range-notcovered
table 1 : explain SELECT id, c FROM sbtest1 WHERE id BETWEEN 5652495 AND 5652595
	-> Filter: (sbtest1.id between 5652495 and 5652595)  (cost=20.6 rows=101)
    -> Index range scan on sbtest1 using PRIMARY over (5652495 <= id <= 5652595)  (cost=20.6 rows=101)


table 2 : explain SELECT id, c FROM sbtest2 WHERE id BETWEEN 5652495 AND 5652595
	-> Filter: (sbtest2.id between 5652495 and 5652595)  (cost=20.6 rows=101)
    -> Index range scan on sbtest2 using PRIMARY over (5652495 <= id <= 5652595)  (cost=20.6 rows=101)


table 3 : explain SELECT id, c FROM sbtest3 WHERE id BETWEEN 5652495 AND 5652595
	-> Filter: (sbtest3.id between 5652495 and 5652595)  (cost=20.6 rows=101)
    -> Index range scan on sbtest3 using PRIMARY over (5652495 <= id <= 5652595)  (cost=20.6 rows=101)


table 4 : explain SELECT id, c FROM sbtest4 WHERE id BETWEEN 5652495 AND 5652595
	-> Filter: (sbtest4.id between 5652495 and 5652595)  (cost=20.6 rows=101)
    -> Index range scan on sbtest4 using PRIMARY over (5652495 <= id <= 5652595)  (cost=20.6 rows=101)


table 5 : explain SELECT id, c FROM sbtest5 WHERE id BETWEEN 5652495 AND 5652595
	-> Filter: (sbtest5.id between 5652495 and 5652595)  (cost=20.6 rows=101)
    -> Index range scan on sbtest5 using PRIMARY over (5652495 <= id <= 5652595)  (cost=20.6 rows=101)


table 6 : explain SELECT id, c FROM sbtest6 WHERE id BETWEEN 5652495 AND 5652595
	-> Filter: (sbtest6.id between 5652495 and 5652595)  (cost=20.6 rows=101)
    -> Index range scan on sbtest6 using PRIMARY over (5652495 <= id <= 5652595)  (cost=20.6 rows=101)


table 7 : explain SELECT id, c FROM sbtest7 WHERE id BETWEEN 5652495 AND 5652595
	-> Filter: (sbtest7.id between 5652495 and 5652595)  (cost=20.6 rows=101)
    -> Index range scan on sbtest7 using PRIMARY over (5652495 <= id <= 5652595)  (cost=20.6 rows=101)


table 8 : explain SELECT id, c FROM sbtest8 WHERE id BETWEEN 5652495 AND 5652595
	-> Filter: (sbtest8.id between 5652495 and 5652595)  (cost=20.6 rows=101)
    -> Index range scan on sbtest8 using PRIMARY over (5652495 <= id <= 5652595)  (cost=20.6 rows=101)


for range-notcovered
table 1 : explain SELECT id, c FROM sbtest1 WHERE id BETWEEN 4118184 AND 4118284
	-> Filter: (sbtest1.id between 4118184 and 4118284)  (cost=20.6 rows=101)
    -> Index range scan on sbtest1 using PRIMARY over (4118184 <= id <= 4118284)  (cost=20.6 rows=101)


table 2 : explain SELECT id, c FROM sbtest2 WHERE id BETWEEN 4118184 AND 4118284
	-> Filter: (sbtest2.id between 4118184 and 4118284)  (cost=20.6 rows=101)
    -> Index range scan on sbtest2 using PRIMARY over (4118184 <= id <= 4118284)  (cost=20.6 rows=101)


table 3 : explain SELECT id, c FROM sbtest3 WHERE id BETWEEN 4118184 AND 4118284
	-> Filter: (sbtest3.id between 4118184 and 4118284)  (cost=20.6 rows=101)
    -> Index range scan on sbtest3 using PRIMARY over (4118184 <= id <= 4118284)  (cost=20.6 rows=101)


table 4 : explain SELECT id, c FROM sbtest4 WHERE id BETWEEN 4118184 AND 4118284
	-> Filter: (sbtest4.id between 4118184 and 4118284)  (cost=20.6 rows=101)
    -> Index range scan on sbtest4 using PRIMARY over (4118184 <= id <= 4118284)  (cost=20.6 rows=101)


table 5 : explain SELECT id, c FROM sbtest5 WHERE id BETWEEN 4118184 AND 4118284
	-> Filter: (sbtest5.id between 4118184 and 4118284)  (cost=20.6 rows=101)
    -> Index range scan on sbtest5 using PRIMARY over (4118184 <= id <= 4118284)  (cost=20.6 rows=101)


table 6 : explain SELECT id, c FROM sbtest6 WHERE id BETWEEN 4118184 AND 4118284
	-> Filter: (sbtest6.id between 4118184 and 4118284)  (cost=20.6 rows=101)
    -> Index range scan on sbtest6 using PRIMARY over (4118184 <= id <= 4118284)  (cost=20.6 rows=101)


table 7 : explain SELECT id, c FROM sbtest7 WHERE id BETWEEN 4118184 AND 4118284
	-> Filter: (sbtest7.id between 4118184 and 4118284)  (cost=20.6 rows=101)
    -> Index range scan on sbtest7 using PRIMARY over (4118184 <= id <= 4118284)  (cost=20.6 rows=101)


table 8 : explain SELECT id, c FROM sbtest8 WHERE id BETWEEN 4118184 AND 4118284
	-> Filter: (sbtest8.id between 4118184 and 4118284)  (cost=20.6 rows=101)
    -> Index range scan on sbtest8 using PRIMARY over (4118184 <= id <= 4118284)  (cost=20.6 rows=101)


explain: for range-notcovered :: explain SELECT id, c FROM sbtest%d WHERE id BETWEEN 6876452 AND 6876552
for range-notcovered
table 1 : explain SELECT id, c FROM sbtest1 WHERE id BETWEEN 2798754 AND 2798854
	-> Filter: (sbtest1.id between 2798754 and 2798854)  (cost=20.6 rows=101)
    -> Index range scan on sbtest1 using PRIMARY over (2798754 <= id <= 2798854)  (cost=20.6 rows=101)


table 2 : explain SELECT id, c FROM sbtest2 WHERE id BETWEEN 2798754 AND 2798854
	-> Filter: (sbtest2.id between 2798754 and 2798854)  (cost=20.6 rows=101)
    -> Index range scan on sbtest2 using PRIMARY over (2798754 <= id <= 2798854)  (cost=20.6 rows=101)


table 3 : explain SELECT id, c FROM sbtest3 WHERE id BETWEEN 2798754 AND 2798854
	-> Filter: (sbtest3.id between 2798754 and 2798854)  (cost=20.6 rows=101)
    -> Index range scan on sbtest3 using PRIMARY over (2798754 <= id <= 2798854)  (cost=20.6 rows=101)


table 4 : explain SELECT id, c FROM sbtest4 WHERE id BETWEEN 2798754 AND 2798854
	-> Filter: (sbtest4.id between 2798754 and 2798854)  (cost=20.6 rows=101)
    -> Index range scan on sbtest4 using PRIMARY over (2798754 <= id <= 2798854)  (cost=20.6 rows=101)


table 5 : explain SELECT id, c FROM sbtest5 WHERE id BETWEEN 2798754 AND 2798854
	-> Filter: (sbtest5.id between 2798754 and 2798854)  (cost=20.6 rows=101)
    -> Index range scan on sbtest5 using PRIMARY over (2798754 <= id <= 2798854)  (cost=20.6 rows=101)


table 6 : explain SELECT id, c FROM sbtest6 WHERE id BETWEEN 2798754 AND 2798854
	-> Filter: (sbtest6.id between 2798754 and 2798854)  (cost=20.6 rows=101)
    -> Index range scan on sbtest6 using PRIMARY over (2798754 <= id <= 2798854)  (cost=20.6 rows=101)


table 7 : explain SELECT id, c FROM sbtest7 WHERE id BETWEEN 2798754 AND 2798854
	-> Filter: (sbtest7.id between 2798754 and 2798854)  (cost=20.6 rows=101)
    -> Index range scan on sbtest7 using PRIMARY over (2798754 <= id <= 2798854)  (cost=20.6 rows=101)


table 8 : explain SELECT id, c FROM sbtest8 WHERE id BETWEEN 2798754 AND 2798854
	-> Filter: (sbtest8.id between 2798754 and 2798854)  (cost=20.6 rows=101)
    -> Index range scan on sbtest8 using PRIMARY over (2798754 <= id <= 2798854)  (cost=20.6 rows=101)


explain: for range-notcovered :: explain SELECT id, c FROM sbtest%d WHERE id BETWEEN 5652495 AND 5652595
explain: for range-notcovered :: explain SELECT id, c FROM sbtest%d WHERE id BETWEEN 4118184 AND 4118284
for range-notcovered
table 1 : explain SELECT id, c FROM sbtest1 WHERE id BETWEEN 4201106 AND 4201206
	-> Filter: (sbtest1.id between 4201106 and 4201206)  (cost=20.6 rows=101)
    -> Index range scan on sbtest1 using PRIMARY over (4201106 <= id <= 4201206)  (cost=20.6 rows=101)


table 2 : explain SELECT id, c FROM sbtest2 WHERE id BETWEEN 4201106 AND 4201206
	-> Filter: (sbtest2.id between 4201106 and 4201206)  (cost=20.6 rows=101)
    -> Index range scan on sbtest2 using PRIMARY over (4201106 <= id <= 4201206)  (cost=20.6 rows=101)


table 3 : explain SELECT id, c FROM sbtest3 WHERE id BETWEEN 4201106 AND 4201206
	-> Filter: (sbtest3.id between 4201106 and 4201206)  (cost=20.6 rows=101)
    -> Index range scan on sbtest3 using PRIMARY over (4201106 <= id <= 4201206)  (cost=20.6 rows=101)


table 4 : explain SELECT id, c FROM sbtest4 WHERE id BETWEEN 4201106 AND 4201206
	-> Filter: (sbtest4.id between 4201106 and 4201206)  (cost=20.6 rows=101)
    -> Index range scan on sbtest4 using PRIMARY over (4201106 <= id <= 4201206)  (cost=20.6 rows=101)


table 5 : explain SELECT id, c FROM sbtest5 WHERE id BETWEEN 4201106 AND 4201206
	-> Filter: (sbtest5.id between 4201106 and 4201206)  (cost=20.6 rows=101)
    -> Index range scan on sbtest5 using PRIMARY over (4201106 <= id <= 4201206)  (cost=20.6 rows=101)


table 6 : explain SELECT id, c FROM sbtest6 WHERE id BETWEEN 4201106 AND 4201206
	-> Filter: (sbtest6.id between 4201106 and 4201206)  (cost=20.6 rows=101)
    -> Index range scan on sbtest6 using PRIMARY over (4201106 <= id <= 4201206)  (cost=20.6 rows=101)


table 7 : explain SELECT id, c FROM sbtest7 WHERE id BETWEEN 4201106 AND 4201206
	-> Filter: (sbtest7.id between 4201106 and 4201206)  (cost=20.6 rows=101)
    -> Index range scan on sbtest7 using PRIMARY over (4201106 <= id <= 4201206)  (cost=20.6 rows=101)


table 8 : explain SELECT id, c FROM sbtest8 WHERE id BETWEEN 4201106 AND 4201206
	-> Filter: (sbtest8.id between 4201106 and 4201206)  (cost=20.6 rows=101)
    -> Index range scan on sbtest8 using PRIMARY over (4201106 <= id <= 4201206)  (cost=20.6 rows=101)


for range-notcovered
table 1 : explain SELECT id, c FROM sbtest1 WHERE id BETWEEN 6620110 AND 6620210
	-> Filter: (sbtest1.id between 6620110 and 6620210)  (cost=20.6 rows=101)
    -> Index range scan on sbtest1 using PRIMARY over (6620110 <= id <= 6620210)  (cost=20.6 rows=101)


table 2 : explain SELECT id, c FROM sbtest2 WHERE id BETWEEN 6620110 AND 6620210
	-> Filter: (sbtest2.id between 6620110 and 6620210)  (cost=20.6 rows=101)
    -> Index range scan on sbtest2 using PRIMARY over (6620110 <= id <= 6620210)  (cost=20.6 rows=101)


table 3 : explain SELECT id, c FROM sbtest3 WHERE id BETWEEN 6620110 AND 6620210
	-> Filter: (sbtest3.id between 6620110 and 6620210)  (cost=20.6 rows=101)
    -> Index range scan on sbtest3 using PRIMARY over (6620110 <= id <= 6620210)  (cost=20.6 rows=101)


table 4 : explain SELECT id, c FROM sbtest4 WHERE id BETWEEN 6620110 AND 6620210
	-> Filter: (sbtest4.id between 6620110 and 6620210)  (cost=20.6 rows=101)
    -> Index range scan on sbtest4 using PRIMARY over (6620110 <= id <= 6620210)  (cost=20.6 rows=101)


table 5 : explain SELECT id, c FROM sbtest5 WHERE id BETWEEN 6620110 AND 6620210
	-> Filter: (sbtest5.id between 6620110 and 6620210)  (cost=20.6 rows=101)
    -> Index range scan on sbtest5 using PRIMARY over (6620110 <= id <= 6620210)  (cost=20.6 rows=101)


table 6 : explain SELECT id, c FROM sbtest6 WHERE id BETWEEN 6620110 AND 6620210
	-> Filter: (sbtest6.id between 6620110 and 6620210)  (cost=20.6 rows=101)
    -> Index range scan on sbtest6 using PRIMARY over (6620110 <= id <= 6620210)  (cost=20.6 rows=101)


table 7 : explain SELECT id, c FROM sbtest7 WHERE id BETWEEN 6620110 AND 6620210
	-> Filter: (sbtest7.id between 6620110 and 6620210)  (cost=20.6 rows=101)
    -> Index range scan on sbtest7 using PRIMARY over (6620110 <= id <= 6620210)  (cost=20.6 rows=101)


table 8 : explain SELECT id, c FROM sbtest8 WHERE id BETWEEN 6620110 AND 6620210
	-> Filter: (sbtest8.id between 6620110 and 6620210)  (cost=20.6 rows=101)
    -> Index range scan on sbtest8 using PRIMARY over (6620110 <= id <= 6620210)  (cost=20.6 rows=101)


for range-notcovered
table 1 : explain SELECT id, c FROM sbtest1 WHERE id BETWEEN 961745 AND 961845
	-> Filter: (sbtest1.id between 961745 and 961845)  (cost=20.6 rows=101)
    -> Index range scan on sbtest1 using PRIMARY over (961745 <= id <= 961845)  (cost=20.6 rows=101)


table 2 : explain SELECT id, c FROM sbtest2 WHERE id BETWEEN 961745 AND 961845
	-> Filter: (sbtest2.id between 961745 and 961845)  (cost=20.6 rows=101)
    -> Index range scan on sbtest2 using PRIMARY over (961745 <= id <= 961845)  (cost=20.6 rows=101)


table 3 : explain SELECT id, c FROM sbtest3 WHERE id BETWEEN 961745 AND 961845
	-> Filter: (sbtest3.id between 961745 and 961845)  (cost=20.6 rows=101)
    -> Index range scan on sbtest3 using PRIMARY over (961745 <= id <= 961845)  (cost=20.6 rows=101)


table 4 : explain SELECT id, c FROM sbtest4 WHERE id BETWEEN 961745 AND 961845
	-> Filter: (sbtest4.id between 961745 and 961845)  (cost=20.6 rows=101)
    -> Index range scan on sbtest4 using PRIMARY over (961745 <= id <= 961845)  (cost=20.6 rows=101)


table 5 : explain SELECT id, c FROM sbtest5 WHERE id BETWEEN 961745 AND 961845
	-> Filter: (sbtest5.id between 961745 and 961845)  (cost=20.6 rows=101)
    -> Index range scan on sbtest5 using PRIMARY over (961745 <= id <= 961845)  (cost=20.6 rows=101)


table 6 : explain SELECT id, c FROM sbtest6 WHERE id BETWEEN 961745 AND 961845
	-> Filter: (sbtest6.id between 961745 and 961845)  (cost=20.6 rows=101)
    -> Index range scan on sbtest6 using PRIMARY over (961745 <= id <= 961845)  (cost=20.6 rows=101)


table 7 : explain SELECT id, c FROM sbtest7 WHERE id BETWEEN 961745 AND 961845
	-> Filter: (sbtest7.id between 961745 and 961845)  (cost=20.6 rows=101)
    -> Index range scan on sbtest7 using PRIMARY over (961745 <= id <= 961845)  (cost=20.6 rows=101)


table 8 : explain SELECT id, c FROM sbtest8 WHERE id BETWEEN 961745 AND 961845
	-> Filter: (sbtest8.id between 961745 and 961845)  (cost=20.6 rows=101)
    -> Index range scan on sbtest8 using PRIMARY over (961745 <= id <= 961845)  (cost=20.6 rows=101)


for range-notcovered
table 1 : explain SELECT id, c FROM sbtest1 WHERE id BETWEEN 8363538 AND 8363638
	-> Filter: (sbtest1.id between 8363538 and 8363638)  (cost=20.6 rows=101)
    -> Index range scan on sbtest1 using PRIMARY over (8363538 <= id <= 8363638)  (cost=20.6 rows=101)


table 2 : explain SELECT id, c FROM sbtest2 WHERE id BETWEEN 8363538 AND 8363638
	-> Filter: (sbtest2.id between 8363538 and 8363638)  (cost=20.6 rows=101)
    -> Index range scan on sbtest2 using PRIMARY over (8363538 <= id <= 8363638)  (cost=20.6 rows=101)


table 3 : explain SELECT id, c FROM sbtest3 WHERE id BETWEEN 8363538 AND 8363638
	-> Filter: (sbtest3.id between 8363538 and 8363638)  (cost=20.6 rows=101)
    -> Index range scan on sbtest3 using PRIMARY over (8363538 <= id <= 8363638)  (cost=20.6 rows=101)


table 4 : explain SELECT id, c FROM sbtest4 WHERE id BETWEEN 8363538 AND 8363638
	-> Filter: (sbtest4.id between 8363538 and 8363638)  (cost=20.6 rows=101)
    -> Index range scan on sbtest4 using PRIMARY over (8363538 <= id <= 8363638)  (cost=20.6 rows=101)


table 5 : explain SELECT id, c FROM sbtest5 WHERE id BETWEEN 8363538 AND 8363638
	-> Filter: (sbtest5.id between 8363538 and 8363638)  (cost=20.6 rows=101)
    -> Index range scan on sbtest5 using PRIMARY over (8363538 <= id <= 8363638)  (cost=20.6 rows=101)


table 6 : explain SELECT id, c FROM sbtest6 WHERE id BETWEEN 8363538 AND 8363638
	-> Filter: (sbtest6.id between 8363538 and 8363638)  (cost=20.6 rows=101)
    -> Index range scan on sbtest6 using PRIMARY over (8363538 <= id <= 8363638)  (cost=20.6 rows=101)


table 7 : explain SELECT id, c FROM sbtest7 WHERE id BETWEEN 8363538 AND 8363638
	-> Filter: (sbtest7.id between 8363538 and 8363638)  (cost=20.6 rows=101)
    -> Index range scan on sbtest7 using PRIMARY over (8363538 <= id <= 8363638)  (cost=20.6 rows=101)


table 8 : explain SELECT id, c FROM sbtest8 WHERE id BETWEEN 8363538 AND 8363638
	-> Filter: (sbtest8.id between 8363538 and 8363638)  (cost=20.6 rows=101)
    -> Index range scan on sbtest8 using PRIMARY over (8363538 <= id <= 8363638)  (cost=20.6 rows=101)


explain: for range-notcovered :: explain SELECT id, c FROM sbtest%d WHERE id BETWEEN 4201106 AND 4201206
for range-notcovered
table 1 : explain SELECT id, c FROM sbtest1 WHERE id BETWEEN 7869894 AND 7869994
	-> Filter: (sbtest1.id between 7869894 and 7869994)  (cost=20.6 rows=101)
    -> Index range scan on sbtest1 using PRIMARY over (7869894 <= id <= 7869994)  (cost=20.6 rows=101)


table 2 : explain SELECT id, c FROM sbtest2 WHERE id BETWEEN 7869894 AND 7869994
	-> Filter: (sbtest2.id between 7869894 and 7869994)  (cost=20.6 rows=101)
    -> Index range scan on sbtest2 using PRIMARY over (7869894 <= id <= 7869994)  (cost=20.6 rows=101)


table 3 : explain SELECT id, c FROM sbtest3 WHERE id BETWEEN 7869894 AND 7869994
	-> Filter: (sbtest3.id between 7869894 and 7869994)  (cost=20.6 rows=101)
    -> Index range scan on sbtest3 using PRIMARY over (7869894 <= id <= 7869994)  (cost=20.6 rows=101)


table 4 : explain SELECT id, c FROM sbtest4 WHERE id BETWEEN 7869894 AND 7869994
	-> Filter: (sbtest4.id between 7869894 and 7869994)  (cost=20.6 rows=101)
    -> Index range scan on sbtest4 using PRIMARY over (7869894 <= id <= 7869994)  (cost=20.6 rows=101)


table 5 : explain SELECT id, c FROM sbtest5 WHERE id BETWEEN 7869894 AND 7869994
	-> Filter: (sbtest5.id between 7869894 and 7869994)  (cost=20.6 rows=101)
    -> Index range scan on sbtest5 using PRIMARY over (7869894 <= id <= 7869994)  (cost=20.6 rows=101)


table 6 : explain SELECT id, c FROM sbtest6 WHERE id BETWEEN 7869894 AND 7869994
	-> Filter: (sbtest6.id between 7869894 and 7869994)  (cost=20.6 rows=101)
    -> Index range scan on sbtest6 using PRIMARY over (7869894 <= id <= 7869994)  (cost=20.6 rows=101)


table 7 : explain SELECT id, c FROM sbtest7 WHERE id BETWEEN 7869894 AND 7869994
	-> Filter: (sbtest7.id between 7869894 and 7869994)  (cost=20.6 rows=101)
    -> Index range scan on sbtest7 using PRIMARY over (7869894 <= id <= 7869994)  (cost=20.6 rows=101)


table 8 : explain SELECT id, c FROM sbtest8 WHERE id BETWEEN 7869894 AND 7869994
	-> Filter: (sbtest8.id between 7869894 and 7869994)  (cost=20.6 rows=101)
    -> Index range scan on sbtest8 using PRIMARY over (7869894 <= id <= 7869994)  (cost=20.6 rows=101)


for range-notcovered
table 1 : explain SELECT id, c FROM sbtest1 WHERE id BETWEEN 9392832 AND 9392932
	-> Filter: (sbtest1.id between 9392832 and 9392932)  (cost=20.6 rows=101)
    -> Index range scan on sbtest1 using PRIMARY over (9392832 <= id <= 9392932)  (cost=20.6 rows=101)


table 2 : explain SELECT id, c FROM sbtest2 WHERE id BETWEEN 9392832 AND 9392932
	-> Filter: (sbtest2.id between 9392832 and 9392932)  (cost=20.6 rows=101)
    -> Index range scan on sbtest2 using PRIMARY over (9392832 <= id <= 9392932)  (cost=20.6 rows=101)


table 3 : explain SELECT id, c FROM sbtest3 WHERE id BETWEEN 9392832 AND 9392932
	-> Filter: (sbtest3.id between 9392832 and 9392932)  (cost=20.6 rows=101)
    -> Index range scan on sbtest3 using PRIMARY over (9392832 <= id <= 9392932)  (cost=20.6 rows=101)


table 4 : explain SELECT id, c FROM sbtest4 WHERE id BETWEEN 9392832 AND 9392932
	-> Filter: (sbtest4.id between 9392832 and 9392932)  (cost=20.6 rows=101)
    -> Index range scan on sbtest4 using PRIMARY over (9392832 <= id <= 9392932)  (cost=20.6 rows=101)


table 5 : explain SELECT id, c FROM sbtest5 WHERE id BETWEEN 9392832 AND 9392932
	-> Filter: (sbtest5.id between 9392832 and 9392932)  (cost=20.6 rows=101)
    -> Index range scan on sbtest5 using PRIMARY over (9392832 <= id <= 9392932)  (cost=20.6 rows=101)


table 6 : explain SELECT id, c FROM sbtest6 WHERE id BETWEEN 9392832 AND 9392932
	-> Filter: (sbtest6.id between 9392832 and 9392932)  (cost=20.6 rows=101)
    -> Index range scan on sbtest6 using PRIMARY over (9392832 <= id <= 9392932)  (cost=20.6 rows=101)


table 7 : explain SELECT id, c FROM sbtest7 WHERE id BETWEEN 9392832 AND 9392932
	-> Filter: (sbtest7.id between 9392832 and 9392932)  (cost=20.6 rows=101)
    -> Index range scan on sbtest7 using PRIMARY over (9392832 <= id <= 9392932)  (cost=20.6 rows=101)


table 8 : explain SELECT id, c FROM sbtest8 WHERE id BETWEEN 9392832 AND 9392932
	-> Filter: (sbtest8.id between 9392832 and 9392932)  (cost=20.6 rows=101)
    -> Index range scan on sbtest8 using PRIMARY over (9392832 <= id <= 9392932)  (cost=20.6 rows=101)

for range-notcovered
table 1 : explain SELECT id, c FROM sbtest1 WHERE id BETWEEN 3603238 AND 3603338
	-> Filter: (sbtest1.id between 3603238 and 3603338)  (cost=20.6 rows=101)
    -> Index range scan on sbtest1 using PRIMARY over (3603238 <= id <= 3603338)  (cost=20.6 rows=101)


table 2 : explain SELECT id, c FROM sbtest2 WHERE id BETWEEN 3603238 AND 3603338
	-> Filter: (sbtest2.id between 3603238 and 3603338)  (cost=20.6 rows=101)
    -> Index range scan on sbtest2 using PRIMARY over (3603238 <= id <= 3603338)  (cost=20.6 rows=101)


table 3 : explain SELECT id, c FROM sbtest3 WHERE id BETWEEN 3603238 AND 3603338
	-> Filter: (sbtest3.id between 3603238 and 3603338)  (cost=20.6 rows=101)
    -> Index range scan on sbtest3 using PRIMARY over (3603238 <= id <= 3603338)  (cost=20.6 rows=101)


table 4 : explain SELECT id, c FROM sbtest4 WHERE id BETWEEN 3603238 AND 3603338
	-> Filter: (sbtest4.id between 3603238 and 3603338)  (cost=20.6 rows=101)
    -> Index range scan on sbtest4 using PRIMARY over (3603238 <= id <= 3603338)  (cost=20.6 rows=101)


table 5 : explain SELECT id, c FROM sbtest5 WHERE id BETWEEN 3603238 AND 3603338
	-> Filter: (sbtest5.id between 3603238 and 3603338)  (cost=20.6 rows=101)
    -> Index range scan on sbtest5 using PRIMARY over (3603238 <= id <= 3603338)  (cost=20.6 rows=101)


table 6 : explain SELECT id, c FROM sbtest6 WHERE id BETWEEN 3603238 AND 3603338
	-> Filter: (sbtest6.id between 3603238 and 3603338)  (cost=20.6 rows=101)
    -> Index range scan on sbtest6 using PRIMARY over (3603238 <= id <= 3603338)  (cost=20.6 rows=101)


table 7 : explain SELECT id, c FROM sbtest7 WHERE id BETWEEN 3603238 AND 3603338
	-> Filter: (sbtest7.id between 3603238 and 3603338)  (cost=20.6 rows=101)
    -> Index range scan on sbtest7 using PRIMARY over (3603238 <= id <= 3603338)  (cost=20.6 rows=101)


table 8 : explain SELECT id, c FROM sbtest8 WHERE id BETWEEN 3603238 AND 3603338
	-> Filter: (sbtest8.id between 3603238 and 3603338)  (cost=20.6 rows=101)
    -> Index range scan on sbtest8 using PRIMARY over (3603238 <= id <= 3603338)  (cost=20.6 rows=101)

for range-notcovered
table 1 : explain SELECT id, c FROM sbtest1 WHERE id BETWEEN 8697513 AND 8697613
	-> Filter: (sbtest1.id between 8697513 and 8697613)  (cost=20.6 rows=101)
    -> Index range scan on sbtest1 using PRIMARY over (8697513 <= id <= 8697613)  (cost=20.6 rows=101)


table 2 : explain SELECT id, c FROM sbtest2 WHERE id BETWEEN 8697513 AND 8697613
	-> Filter: (sbtest2.id between 8697513 and 8697613)  (cost=20.6 rows=101)
    -> Index range scan on sbtest2 using PRIMARY over (8697513 <= id <= 8697613)  (cost=20.6 rows=101)


table 3 : explain SELECT id, c FROM sbtest3 WHERE id BETWEEN 8697513 AND 8697613
	-> Filter: (sbtest3.id between 8697513 and 8697613)  (cost=20.6 rows=101)
    -> Index range scan on sbtest3 using PRIMARY over (8697513 <= id <= 8697613)  (cost=20.6 rows=101)


table 4 : explain SELECT id, c FROM sbtest4 WHERE id BETWEEN 8697513 AND 8697613
	-> Filter: (sbtest4.id between 8697513 and 8697613)  (cost=20.6 rows=101)
    -> Index range scan on sbtest4 using PRIMARY over (8697513 <= id <= 8697613)  (cost=20.6 rows=101)


table 5 : explain SELECT id, c FROM sbtest5 WHERE id BETWEEN 8697513 AND 8697613
	-> Filter: (sbtest5.id between 8697513 and 8697613)  (cost=20.6 rows=101)
    -> Index range scan on sbtest5 using PRIMARY over (8697513 <= id <= 8697613)  (cost=20.6 rows=101)


table 6 : explain SELECT id, c FROM sbtest6 WHERE id BETWEEN 8697513 AND 8697613
	-> Filter: (sbtest6.id between 8697513 and 8697613)  (cost=20.6 rows=101)
    -> Index range scan on sbtest6 using PRIMARY over (8697513 <= id <= 8697613)  (cost=20.6 rows=101)


table 7 : explain SELECT id, c FROM sbtest7 WHERE id BETWEEN 8697513 AND 8697613
	-> Filter: (sbtest7.id between 8697513 and 8697613)  (cost=20.6 rows=101)
    -> Index range scan on sbtest7 using PRIMARY over (8697513 <= id <= 8697613)  (cost=20.6 rows=101)


table 8 : explain SELECT id, c FROM sbtest8 WHERE id BETWEEN 8697513 AND 8697613
	-> Filter: (sbtest8.id between 8697513 and 8697613)  (cost=20.6 rows=101)
    -> Index range scan on sbtest8 using PRIMARY over (8697513 <= id <= 8697613)  (cost=20.6 rows=101)


for range-notcovered
table 1 : explain SELECT id, c FROM sbtest1 WHERE id BETWEEN 4992126 AND 4992226
	-> Filter: (sbtest1.id between 4992126 and 4992226)  (cost=20.6 rows=101)
    -> Index range scan on sbtest1 using PRIMARY over (4992126 <= id <= 4992226)  (cost=20.6 rows=101)


table 2 : explain SELECT id, c FROM sbtest2 WHERE id BETWEEN 4992126 AND 4992226
	-> Filter: (sbtest2.id between 4992126 and 4992226)  (cost=20.6 rows=101)
    -> Index range scan on sbtest2 using PRIMARY over (4992126 <= id <= 4992226)  (cost=20.6 rows=101)


table 3 : explain SELECT id, c FROM sbtest3 WHERE id BETWEEN 4992126 AND 4992226
	-> Filter: (sbtest3.id between 4992126 and 4992226)  (cost=20.6 rows=101)
    -> Index range scan on sbtest3 using PRIMARY over (4992126 <= id <= 4992226)  (cost=20.6 rows=101)


table 4 : explain SELECT id, c FROM sbtest4 WHERE id BETWEEN 4992126 AND 4992226
	-> Filter: (sbtest4.id between 4992126 and 4992226)  (cost=20.6 rows=101)
    -> Index range scan on sbtest4 using PRIMARY over (4992126 <= id <= 4992226)  (cost=20.6 rows=101)


table 5 : explain SELECT id, c FROM sbtest5 WHERE id BETWEEN 4992126 AND 4992226
	-> Filter: (sbtest5.id between 4992126 and 4992226)  (cost=20.6 rows=101)
    -> Index range scan on sbtest5 using PRIMARY over (4992126 <= id <= 4992226)  (cost=20.6 rows=101)


table 6 : explain SELECT id, c FROM sbtest6 WHERE id BETWEEN 4992126 AND 4992226
	-> Filter: (sbtest6.id between 4992126 and 4992226)  (cost=20.6 rows=101)
    -> Index range scan on sbtest6 using PRIMARY over (4992126 <= id <= 4992226)  (cost=20.6 rows=101)


table 7 : explain SELECT id, c FROM sbtest7 WHERE id BETWEEN 4992126 AND 4992226
	-> Filter: (sbtest7.id between 4992126 and 4992226)  (cost=20.6 rows=101)
    -> Index range scan on sbtest7 using PRIMARY over (4992126 <= id <= 4992226)  (cost=20.6 rows=101)


table 8 : explain SELECT id, c FROM sbtest8 WHERE id BETWEEN 4992126 AND 4992226
	-> Filter: (sbtest8.id between 4992126 and 4992226)  (cost=20.6 rows=101)
    -> Index range scan on sbtest8 using PRIMARY over (4992126 <= id <= 4992226)  (cost=20.6 rows=101)



explain: for range-notcovered :: explain SELECT id, c FROM sbtest%d WHERE id BETWEEN 7869894 AND 7869994
for range-notcovered
table 1 : explain SELECT id, c FROM sbtest1 WHERE id BETWEEN 7378558 AND 7378658
	-> Filter: (sbtest1.id between 7378558 and 7378658)  (cost=20.6 rows=101)
    -> Index range scan on sbtest1 using PRIMARY over (7378558 <= id <= 7378658)  (cost=20.6 rows=101)


table 2 : explain SELECT id, c FROM sbtest2 WHERE id BETWEEN 7378558 AND 7378658
	-> Filter: (sbtest2.id between 7378558 and 7378658)  (cost=20.6 rows=101)
    -> Index range scan on sbtest2 using PRIMARY over (7378558 <= id <= 7378658)  (cost=20.6 rows=101)


table 3 : explain SELECT id, c FROM sbtest3 WHERE id BETWEEN 7378558 AND 7378658
	-> Filter: (sbtest3.id between 7378558 and 7378658)  (cost=20.6 rows=101)
    -> Index range scan on sbtest3 using PRIMARY over (7378558 <= id <= 7378658)  (cost=20.6 rows=101)


table 4 : explain SELECT id, c FROM sbtest4 WHERE id BETWEEN 7378558 AND 7378658
	-> Filter: (sbtest4.id between 7378558 and 7378658)  (cost=20.6 rows=101)
    -> Index range scan on sbtest4 using PRIMARY over (7378558 <= id <= 7378658)  (cost=20.6 rows=101)


table 5 : explain SELECT id, c FROM sbtest5 WHERE id BETWEEN 7378558 AND 7378658
	-> Filter: (sbtest5.id between 7378558 and 7378658)  (cost=20.6 rows=101)
    -> Index range scan on sbtest5 using PRIMARY over (7378558 <= id <= 7378658)  (cost=20.6 rows=101)


table 6 : explain SELECT id, c FROM sbtest6 WHERE id BETWEEN 7378558 AND 7378658
	-> Filter: (sbtest6.id between 7378558 and 7378658)  (cost=20.6 rows=101)
    -> Index range scan on sbtest6 using PRIMARY over (7378558 <= id <= 7378658)  (cost=20.6 rows=101)


table 7 : explain SELECT id, c FROM sbtest7 WHERE id BETWEEN 7378558 AND 7378658
	-> Filter: (sbtest7.id between 7378558 and 7378658)  (cost=20.6 rows=101)
    -> Index range scan on sbtest7 using PRIMARY over (7378558 <= id <= 7378658)  (cost=20.6 rows=101)


table 8 : explain SELECT id, c FROM sbtest8 WHERE id BETWEEN 7378558 AND 7378658
	-> Filter: (sbtest8.id between 7378558 and 7378658)  (cost=20.6 rows=101)
    -> Index range scan on sbtest8 using PRIMARY over (7378558 <= id <= 7378658)  (cost=20.6 rows=101)

explain: for range-notcovered :: explain SELECT id, c FROM sbtest%d WHERE id BETWEEN 961745 AND 961845


for range-notcovered
table 1 : explain SELECT id, c FROM sbtest1 WHERE id BETWEEN 5027690 AND 5027790
	-> Filter: (sbtest1.id between 5027690 and 5027790)  (cost=20.6 rows=101)
    -> Index range scan on sbtest1 using PRIMARY over (5027690 <= id <= 5027790)  (cost=20.6 rows=101)


table 2 : explain SELECT id, c FROM sbtest2 WHERE id BETWEEN 5027690 AND 5027790
	-> Filter: (sbtest2.id between 5027690 and 5027790)  (cost=20.6 rows=101)
    -> Index range scan on sbtest2 using PRIMARY over (5027690 <= id <= 5027790)  (cost=20.6 rows=101)


table 3 : explain SELECT id, c FROM sbtest3 WHERE id BETWEEN 5027690 AND 5027790
	-> Filter: (sbtest3.id between 5027690 and 5027790)  (cost=20.6 rows=101)
    -> Index range scan on sbtest3 using PRIMARY over (5027690 <= id <= 5027790)  (cost=20.6 rows=101)


table 4 : explain SELECT id, c FROM sbtest4 WHERE id BETWEEN 5027690 AND 5027790
	-> Filter: (sbtest4.id between 5027690 and 5027790)  (cost=20.6 rows=101)
    -> Index range scan on sbtest4 using PRIMARY over (5027690 <= id <= 5027790)  (cost=20.6 rows=101)


table 5 : explain SELECT id, c FROM sbtest5 WHERE id BETWEEN 5027690 AND 5027790
	-> Filter: (sbtest5.id between 5027690 and 5027790)  (cost=20.6 rows=101)
    -> Index range scan on sbtest5 using PRIMARY over (5027690 <= id <= 5027790)  (cost=20.6 rows=101)


table 6 : explain SELECT id, c FROM sbtest6 WHERE id BETWEEN 5027690 AND 5027790
	-> Filter: (sbtest6.id between 5027690 and 5027790)  (cost=20.6 rows=101)
    -> Index range scan on sbtest6 using PRIMARY over (5027690 <= id <= 5027790)  (cost=20.6 rows=101)


table 7 : explain SELECT id, c FROM sbtest7 WHERE id BETWEEN 5027690 AND 5027790
	-> Filter: (sbtest7.id between 5027690 and 5027790)  (cost=20.6 rows=101)
    -> Index range scan on sbtest7 using PRIMARY over (5027690 <= id <= 5027790)  (cost=20.6 rows=101)


table 8 : explain SELECT id, c FROM sbtest8 WHERE id BETWEEN 5027690 AND 5027790
	-> Filter: (sbtest8.id between 5027690 and 5027790)  (cost=20.6 rows=101)
    -> Index range scan on sbtest8 using PRIMARY over (5027690 <= id <= 5027790)  (cost=20.6 rows=101)


for range-notcovered
table 1 : explain SELECT id, c FROM sbtest1 WHERE id BETWEEN 9304560 AND 9304660
	-> Filter: (sbtest1.id between 9304560 and 9304660)  (cost=20.6 rows=101)
    -> Index range scan on sbtest1 using PRIMARY over (9304560 <= id <= 9304660)  (cost=20.6 rows=101)


table 2 : explain SELECT id, c FROM sbtest2 WHERE id BETWEEN 9304560 AND 9304660
	-> Filter: (sbtest2.id between 9304560 and 9304660)  (cost=20.6 rows=101)
    -> Index range scan on sbtest2 using PRIMARY over (9304560 <= id <= 9304660)  (cost=20.6 rows=101)


table 3 : explain SELECT id, c FROM sbtest3 WHERE id BETWEEN 9304560 AND 9304660
	-> Filter: (sbtest3.id between 9304560 and 9304660)  (cost=20.6 rows=101)
    -> Index range scan on sbtest3 using PRIMARY over (9304560 <= id <= 9304660)  (cost=20.6 rows=101)


table 4 : explain SELECT id, c FROM sbtest4 WHERE id BETWEEN 9304560 AND 9304660
	-> Filter: (sbtest4.id between 9304560 and 9304660)  (cost=20.6 rows=101)
    -> Index range scan on sbtest4 using PRIMARY over (9304560 <= id <= 9304660)  (cost=20.6 rows=101)


table 5 : explain SELECT id, c FROM sbtest5 WHERE id BETWEEN 9304560 AND 9304660
	-> Filter: (sbtest5.id between 9304560 and 9304660)  (cost=20.6 rows=101)
    -> Index range scan on sbtest5 using PRIMARY over (9304560 <= id <= 9304660)  (cost=20.6 rows=101)


table 6 : explain SELECT id, c FROM sbtest6 WHERE id BETWEEN 9304560 AND 9304660
	-> Filter: (sbtest6.id between 9304560 and 9304660)  (cost=20.6 rows=101)
    -> Index range scan on sbtest6 using PRIMARY over (9304560 <= id <= 9304660)  (cost=20.6 rows=101)


table 7 : explain SELECT id, c FROM sbtest7 WHERE id BETWEEN 9304560 AND 9304660
	-> Filter: (sbtest7.id between 9304560 and 9304660)  (cost=20.6 rows=101)
    -> Index range scan on sbtest7 using PRIMARY over (9304560 <= id <= 9304660)  (cost=20.6 rows=101)


table 8 : explain SELECT id, c FROM sbtest8 WHERE id BETWEEN 9304560 AND 9304660
	-> Filter: (sbtest8.id between 9304560 and 9304660)  (cost=20.6 rows=101)
    -> Index range scan on sbtest8 using PRIMARY over (9304560 <= id <= 9304660)  (cost=20.6 rows=101)

for range-notcovered
table 1 : explain SELECT id, c FROM sbtest1 WHERE id BETWEEN 2905294 AND 2905394
	-> Filter: (sbtest1.id between 2905294 and 2905394)  (cost=20.6 rows=101)
    -> Index range scan on sbtest1 using PRIMARY over (2905294 <= id <= 2905394)  (cost=20.6 rows=101)


table 2 : explain SELECT id, c FROM sbtest2 WHERE id BETWEEN 2905294 AND 2905394
	-> Filter: (sbtest2.id between 2905294 and 2905394)  (cost=20.6 rows=101)
    -> Index range scan on sbtest2 using PRIMARY over (2905294 <= id <= 2905394)  (cost=20.6 rows=101)


table 3 : explain SELECT id, c FROM sbtest3 WHERE id BETWEEN 2905294 AND 2905394
	-> Filter: (sbtest3.id between 2905294 and 2905394)  (cost=20.6 rows=101)
    -> Index range scan on sbtest3 using PRIMARY over (2905294 <= id <= 2905394)  (cost=20.6 rows=101)


table 4 : explain SELECT id, c FROM sbtest4 WHERE id BETWEEN 2905294 AND 2905394
	-> Filter: (sbtest4.id between 2905294 and 2905394)  (cost=20.6 rows=101)
    -> Index range scan on sbtest4 using PRIMARY over (2905294 <= id <= 2905394)  (cost=20.6 rows=101)


table 5 : explain SELECT id, c FROM sbtest5 WHERE id BETWEEN 2905294 AND 2905394
	-> Filter: (sbtest5.id between 2905294 and 2905394)  (cost=20.6 rows=101)
    -> Index range scan on sbtest5 using PRIMARY over (2905294 <= id <= 2905394)  (cost=20.6 rows=101)


table 6 : explain SELECT id, c FROM sbtest6 WHERE id BETWEEN 2905294 AND 2905394
	-> Filter: (sbtest6.id between 2905294 and 2905394)  (cost=20.6 rows=101)
    -> Index range scan on sbtest6 using PRIMARY over (2905294 <= id <= 2905394)  (cost=20.6 rows=101)


table 7 : explain SELECT id, c FROM sbtest7 WHERE id BETWEEN 2905294 AND 2905394
	-> Filter: (sbtest7.id between 2905294 and 2905394)  (cost=20.6 rows=101)
    -> Index range scan on sbtest7 using PRIMARY over (2905294 <= id <= 2905394)  (cost=20.6 rows=101)


table 8 : explain SELECT id, c FROM sbtest8 WHERE id BETWEEN 2905294 AND 2905394
	-> Filter: (sbtest8.id between 2905294 and 2905394)  (cost=20.6 rows=101)
    -> Index range scan on sbtest8 using PRIMARY over (2905294 <= id <= 2905394)  (cost=20.6 rows=101)

for range-notcovered
table 1 : explain SELECT id, c FROM sbtest1 WHERE id BETWEEN 5102644 AND 5102744
	-> Filter: (sbtest1.id between 5102644 and 5102744)  (cost=20.6 rows=101)
    -> Index range scan on sbtest1 using PRIMARY over (5102644 <= id <= 5102744)  (cost=20.6 rows=101)


table 2 : explain SELECT id, c FROM sbtest2 WHERE id BETWEEN 5102644 AND 5102744
	-> Filter: (sbtest2.id between 5102644 and 5102744)  (cost=20.6 rows=101)
    -> Index range scan on sbtest2 using PRIMARY over (5102644 <= id <= 5102744)  (cost=20.6 rows=101)


table 3 : explain SELECT id, c FROM sbtest3 WHERE id BETWEEN 5102644 AND 5102744
	-> Filter: (sbtest3.id between 5102644 and 5102744)  (cost=20.6 rows=101)
    -> Index range scan on sbtest3 using PRIMARY over (5102644 <= id <= 5102744)  (cost=20.6 rows=101)


table 4 : explain SELECT id, c FROM sbtest4 WHERE id BETWEEN 5102644 AND 5102744
	-> Filter: (sbtest4.id between 5102644 and 5102744)  (cost=20.6 rows=101)
    -> Index range scan on sbtest4 using PRIMARY over (5102644 <= id <= 5102744)  (cost=20.6 rows=101)


table 5 : explain SELECT id, c FROM sbtest5 WHERE id BETWEEN 5102644 AND 5102744
	-> Filter: (sbtest5.id between 5102644 and 5102744)  (cost=20.6 rows=101)
    -> Index range scan on sbtest5 using PRIMARY over (5102644 <= id <= 5102744)  (cost=20.6 rows=101)


table 6 : explain SELECT id, c FROM sbtest6 WHERE id BETWEEN 5102644 AND 5102744
	-> Filter: (sbtest6.id between 5102644 and 5102744)  (cost=20.6 rows=101)
    -> Index range scan on sbtest6 using PRIMARY over (5102644 <= id <= 5102744)  (cost=20.6 rows=101)


table 7 : explain SELECT id, c FROM sbtest7 WHERE id BETWEEN 5102644 AND 5102744
	-> Filter: (sbtest7.id between 5102644 and 5102744)  (cost=20.6 rows=101)
    -> Index range scan on sbtest7 using PRIMARY over (5102644 <= id <= 5102744)  (cost=20.6 rows=101)


table 8 : explain SELECT id, c FROM sbtest8 WHERE id BETWEEN 5102644 AND 5102744
	-> Filter: (sbtest8.id between 5102644 and 5102744)  (cost=20.6 rows=101)
    -> Index range scan on sbtest8 using PRIMARY over (5102644 <= id <= 5102744)  (cost=20.6 rows=101)



for range-notcovered
table 1 : explain SELECT id, c FROM sbtest1 WHERE id BETWEEN 2559955 AND 2560055
	-> Filter: (sbtest1.id between 2559955 and 2560055)  (cost=20.6 rows=101)
    -> Index range scan on sbtest1 using PRIMARY over (2559955 <= id <= 2560055)  (cost=20.6 rows=101)


table 2 : explain SELECT id, c FROM sbtest2 WHERE id BETWEEN 2559955 AND 2560055
	-> Filter: (sbtest2.id between 2559955 and 2560055)  (cost=20.6 rows=101)
    -> Index range scan on sbtest2 using PRIMARY over (2559955 <= id <= 2560055)  (cost=20.6 rows=101)


table 3 : explain SELECT id, c FROM sbtest3 WHERE id BETWEEN 2559955 AND 2560055
	-> Filter: (sbtest3.id between 2559955 and 2560055)  (cost=20.6 rows=101)
    -> Index range scan on sbtest3 using PRIMARY over (2559955 <= id <= 2560055)  (cost=20.6 rows=101)


table 4 : explain SELECT id, c FROM sbtest4 WHERE id BETWEEN 2559955 AND 2560055
	-> Filter: (sbtest4.id between 2559955 and 2560055)  (cost=20.6 rows=101)
    -> Index range scan on sbtest4 using PRIMARY over (2559955 <= id <= 2560055)  (cost=20.6 rows=101)


table 5 : explain SELECT id, c FROM sbtest5 WHERE id BETWEEN 2559955 AND 2560055
	-> Filter: (sbtest5.id between 2559955 and 2560055)  (cost=20.6 rows=101)
    -> Index range scan on sbtest5 using PRIMARY over (2559955 <= id <= 2560055)  (cost=20.6 rows=101)


table 6 : explain SELECT id, c FROM sbtest6 WHERE id BETWEEN 2559955 AND 2560055
	-> Filter: (sbtest6.id between 2559955 and 2560055)  (cost=20.6 rows=101)
    -> Index range scan on sbtest6 using PRIMARY over (2559955 <= id <= 2560055)  (cost=20.6 rows=101)


table 7 : explain SELECT id, c FROM sbtest7 WHERE id BETWEEN 2559955 AND 2560055
	-> Filter: (sbtest7.id between 2559955 and 2560055)  (cost=20.6 rows=101)
    -> Index range scan on sbtest7 using PRIMARY over (2559955 <= id <= 2560055)  (cost=20.6 rows=101)


table 8 : explain SELECT id, c FROM sbtest8 WHERE id BETWEEN 2559955 AND 2560055
	-> Filter: (sbtest8.id between 2559955 and 2560055)  (cost=20.6 rows=101)
    -> Index range scan on sbtest8 using PRIMARY over (2559955 <= id <= 2560055)  (cost=20.6 rows=101)


for range-notcovered
table 1 : explain SELECT id, c FROM sbtest1 WHERE id BETWEEN 7956413 AND 7956513
	-> Filter: (sbtest1.id between 7956413 and 7956513)  (cost=20.6 rows=101)
    -> Index range scan on sbtest1 using PRIMARY over (7956413 <= id <= 7956513)  (cost=20.6 rows=101)


table 2 : explain SELECT id, c FROM sbtest2 WHERE id BETWEEN 7956413 AND 7956513
	-> Filter: (sbtest2.id between 7956413 and 7956513)  (cost=20.6 rows=101)
    -> Index range scan on sbtest2 using PRIMARY over (7956413 <= id <= 7956513)  (cost=20.6 rows=101)


table 3 : explain SELECT id, c FROM sbtest3 WHERE id BETWEEN 7956413 AND 7956513
	-> Filter: (sbtest3.id between 7956413 and 7956513)  (cost=20.6 rows=101)
    -> Index range scan on sbtest3 using PRIMARY over (7956413 <= id <= 7956513)  (cost=20.6 rows=101)


table 4 : explain SELECT id, c FROM sbtest4 WHERE id BETWEEN 7956413 AND 7956513
	-> Filter: (sbtest4.id between 7956413 and 7956513)  (cost=20.6 rows=101)
    -> Index range scan on sbtest4 using PRIMARY over (7956413 <= id <= 7956513)  (cost=20.6 rows=101)


table 5 : explain SELECT id, c FROM sbtest5 WHERE id BETWEEN 7956413 AND 7956513
	-> Filter: (sbtest5.id between 7956413 and 7956513)  (cost=20.6 rows=101)
    -> Index range scan on sbtest5 using PRIMARY over (7956413 <= id <= 7956513)  (cost=20.6 rows=101)


table 6 : explain SELECT id, c FROM sbtest6 WHERE id BETWEEN 7956413 AND 7956513
	-> Filter: (sbtest6.id between 7956413 and 7956513)  (cost=20.6 rows=101)
    -> Index range scan on sbtest6 using PRIMARY over (7956413 <= id <= 7956513)  (cost=20.6 rows=101)


table 7 : explain SELECT id, c FROM sbtest7 WHERE id BETWEEN 7956413 AND 7956513
	-> Filter: (sbtest7.id between 7956413 and 7956513)  (cost=20.6 rows=101)
    -> Index range scan on sbtest7 using PRIMARY over (7956413 <= id <= 7956513)  (cost=20.6 rows=101)


table 8 : explain SELECT id, c FROM sbtest8 WHERE id BETWEEN 7956413 AND 7956513
	-> Filter: (sbtest8.id between 7956413 and 7956513)  (cost=20.6 rows=101)
    -> Index range scan on sbtest8 using PRIMARY over (7956413 <= id <= 7956513)  (cost=20.6 rows=101)



explain: for range-notcovered :: explain SELECT id, c FROM sbtest%d WHERE id BETWEEN 5027690 AND 5027790
for range-notcovered
table 1 : explain SELECT id, c FROM sbtest1 WHERE id BETWEEN 5031544 AND 5031644
	-> Filter: (sbtest1.id between 5031544 and 5031644)  (cost=20.6 rows=101)
    -> Index range scan on sbtest1 using PRIMARY over (5031544 <= id <= 5031644)  (cost=20.6 rows=101)


table 2 : explain SELECT id, c FROM sbtest2 WHERE id BETWEEN 5031544 AND 5031644
	-> Filter: (sbtest2.id between 5031544 and 5031644)  (cost=20.6 rows=101)
    -> Index range scan on sbtest2 using PRIMARY over (5031544 <= id <= 5031644)  (cost=20.6 rows=101)


table 3 : explain SELECT id, c FROM sbtest3 WHERE id BETWEEN 5031544 AND 5031644
	-> Filter: (sbtest3.id between 5031544 and 5031644)  (cost=20.6 rows=101)
    -> Index range scan on sbtest3 using PRIMARY over (5031544 <= id <= 5031644)  (cost=20.6 rows=101)


table 4 : explain SELECT id, c FROM sbtest4 WHERE id BETWEEN 5031544 AND 5031644
	-> Filter: (sbtest4.id between 5031544 and 5031644)  (cost=20.6 rows=101)
    -> Index range scan on sbtest4 using PRIMARY over (5031544 <= id <= 5031644)  (cost=20.6 rows=101)


table 5 : explain SELECT id, c FROM sbtest5 WHERE id BETWEEN 5031544 AND 5031644
	-> Filter: (sbtest5.id between 5031544 and 5031644)  (cost=20.6 rows=101)
    -> Index range scan on sbtest5 using PRIMARY over (5031544 <= id <= 5031644)  (cost=20.6 rows=101)


table 6 : explain SELECT id, c FROM sbtest6 WHERE id BETWEEN 5031544 AND 5031644
	-> Filter: (sbtest6.id between 5031544 and 5031644)  (cost=20.6 rows=101)
    -> Index range scan on sbtest6 using PRIMARY over (5031544 <= id <= 5031644)  (cost=20.6 rows=101)


table 7 : explain SELECT id, c FROM sbtest7 WHERE id BETWEEN 5031544 AND 5031644
	-> Filter: (sbtest7.id between 5031544 and 5031644)  (cost=20.6 rows=101)
    -> Index range scan on sbtest7 using PRIMARY over (5031544 <= id <= 5031644)  (cost=20.6 rows=101)


table 8 : explain SELECT id, c FROM sbtest8 WHERE id BETWEEN 5031544 AND 5031644
	-> Filter: (sbtest8.id between 5031544 and 5031644)  (cost=20.6 rows=101)
    -> Index range scan on sbtest8 using PRIMARY over (5031544 <= id <= 5031644)  (cost=20.6 rows=101)


for range-notcovered
table 1 : explain SELECT id, c FROM sbtest1 WHERE id BETWEEN 8773081 AND 8773181
	-> Filter: (sbtest1.id between 8773081 and 8773181)  (cost=20.6 rows=101)
    -> Index range scan on sbtest1 using PRIMARY over (8773081 <= id <= 8773181)  (cost=20.6 rows=101)


table 2 : explain SELECT id, c FROM sbtest2 WHERE id BETWEEN 8773081 AND 8773181
	-> Filter: (sbtest2.id between 8773081 and 8773181)  (cost=20.6 rows=101)
    -> Index range scan on sbtest2 using PRIMARY over (8773081 <= id <= 8773181)  (cost=20.6 rows=101)


table 3 : explain SELECT id, c FROM sbtest3 WHERE id BETWEEN 8773081 AND 8773181
	-> Filter: (sbtest3.id between 8773081 and 8773181)  (cost=20.6 rows=101)
    -> Index range scan on sbtest3 using PRIMARY over (8773081 <= id <= 8773181)  (cost=20.6 rows=101)


table 4 : explain SELECT id, c FROM sbtest4 WHERE id BETWEEN 8773081 AND 8773181
	-> Filter: (sbtest4.id between 8773081 and 8773181)  (cost=20.6 rows=101)
    -> Index range scan on sbtest4 using PRIMARY over (8773081 <= id <= 8773181)  (cost=20.6 rows=101)


table 5 : explain SELECT id, c FROM sbtest5 WHERE id BETWEEN 8773081 AND 8773181
	-> Filter: (sbtest5.id between 8773081 and 8773181)  (cost=20.6 rows=101)
    -> Index range scan on sbtest5 using PRIMARY over (8773081 <= id <= 8773181)  (cost=20.6 rows=101)


table 6 : explain SELECT id, c FROM sbtest6 WHERE id BETWEEN 8773081 AND 8773181
	-> Filter: (sbtest6.id between 8773081 and 8773181)  (cost=20.6 rows=101)
    -> Index range scan on sbtest6 using PRIMARY over (8773081 <= id <= 8773181)  (cost=20.6 rows=101)


table 7 : explain SELECT id, c FROM sbtest7 WHERE id BETWEEN 8773081 AND 8773181
	-> Filter: (sbtest7.id between 8773081 and 8773181)  (cost=20.6 rows=101)
    -> Index range scan on sbtest7 using PRIMARY over (8773081 <= id <= 8773181)  (cost=20.6 rows=101)


table 8 : explain SELECT id, c FROM sbtest8 WHERE id BETWEEN 8773081 AND 8773181
	-> Filter: (sbtest8.id between 8773081 and 8773181)  (cost=20.6 rows=101)
    -> Index range scan on sbtest8 using PRIMARY over (8773081 <= id <= 8773181)  (cost=20.6 rows=101)


explain: for range-notcovered :: explain SELECT id, c FROM sbtest%d WHERE id BETWEEN 4992126 AND 4992226
explain: for range-notcovered :: explain SELECT id, c FROM sbtest%d WHERE id BETWEEN 8697513 AND 8697613explain: for range-notcovered :: explain SELECT id, c FROM sbtest%d WHERE id BETWEEN 7956413 AND 7956513explain: for range-notcovered :: explain SELECT id, c FROM sbtest%d WHERE id BETWEEN 7378558 AND 7378658for range-notcovered
table 1 : explain SELECT id, c FROM sbtest1 WHERE id BETWEEN 5767498 AND 5767598
	-> Filter: (sbtest1.id between 5767498 and 5767598)  (cost=20.6 rows=101)
    -> Index range scan on sbtest1 using PRIMARY over (5767498 <= id <= 5767598)  (cost=20.6 rows=101)


table 2 : explain SELECT id, c FROM sbtest2 WHERE id BETWEEN 5767498 AND 5767598
	-> Filter: (sbtest2.id between 5767498 and 5767598)  (cost=20.6 rows=101)
    -> Index range scan on sbtest2 using PRIMARY over (5767498 <= id <= 5767598)  (cost=20.6 rows=101)


table 3 : explain SELECT id, c FROM sbtest3 WHERE id BETWEEN 5767498 AND 5767598
	-> Filter: (sbtest3.id between 5767498 and 5767598)  (cost=20.6 rows=101)
    -> Index range scan on sbtest3 using PRIMARY over (5767498 <= id <= 5767598)  (cost=20.6 rows=101)


table 4 : explain SELECT id, c FROM sbtest4 WHERE id BETWEEN 5767498 AND 5767598
	-> Filter: (sbtest4.id between 5767498 and 5767598)  (cost=20.6 rows=101)
    -> Index range scan on sbtest4 using PRIMARY over (5767498 <= id <= 5767598)  (cost=20.6 rows=101)


table 5 : explain SELECT id, c FROM sbtest5 WHERE id BETWEEN 5767498 AND 5767598
	-> Filter: (sbtest5.id between 5767498 and 5767598)  (cost=20.6 rows=101)
    -> Index range scan on sbtest5 using PRIMARY over (5767498 <= id <= 5767598)  (cost=20.6 rows=101)


table 6 : explain SELECT id, c FROM sbtest6 WHERE id BETWEEN 5767498 AND 5767598
	-> Filter: (sbtest6.id between 5767498 and 5767598)  (cost=20.6 rows=101)
    -> Index range scan on sbtest6 using PRIMARY over (5767498 <= id <= 5767598)  (cost=20.6 rows=101)


table 7 : explain SELECT id, c FROM sbtest7 WHERE id BETWEEN 5767498 AND 5767598
	-> Filter: (sbtest7.id between 5767498 and 5767598)  (cost=20.6 rows=101)
    -> Index range scan on sbtest7 using PRIMARY over (5767498 <= id <= 5767598)  (cost=20.6 rows=101)


table 8 : explain SELECT id, c FROM sbtest8 WHERE id BETWEEN 5767498 AND 5767598
	-> Filter: (sbtest8.id between 5767498 and 5767598)  (cost=20.6 rows=101)
    -> Index range scan on sbtest8 using PRIMARY over (5767498 <= id <= 5767598)  (cost=20.6 rows=101)


for range-notcovered
table 1 : explain SELECT id, c FROM sbtest1 WHERE id BETWEEN 5728658 AND 5728758
	-> Filter: (sbtest1.id between 5728658 and 5728758)  (cost=20.6 rows=101)
    -> Index range scan on sbtest1 using PRIMARY over (5728658 <= id <= 5728758)  (cost=20.6 rows=101)


table 2 : explain SELECT id, c FROM sbtest2 WHERE id BETWEEN 5728658 AND 5728758
	-> Filter: (sbtest2.id between 5728658 and 5728758)  (cost=20.6 rows=101)
    -> Index range scan on sbtest2 using PRIMARY over (5728658 <= id <= 5728758)  (cost=20.6 rows=101)


table 3 : explain SELECT id, c FROM sbtest3 WHERE id BETWEEN 5728658 AND 5728758
	-> Filter: (sbtest3.id between 5728658 and 5728758)  (cost=20.6 rows=101)
    -> Index range scan on sbtest3 using PRIMARY over (5728658 <= id <= 5728758)  (cost=20.6 rows=101)


table 4 : explain SELECT id, c FROM sbtest4 WHERE id BETWEEN 5728658 AND 5728758
	-> Filter: (sbtest4.id between 5728658 and 5728758)  (cost=20.6 rows=101)
    -> Index range scan on sbtest4 using PRIMARY over (5728658 <= id <= 5728758)  (cost=20.6 rows=101)


table 5 : explain SELECT id, c FROM sbtest5 WHERE id BETWEEN 5728658 AND 5728758
	-> Filter: (sbtest5.id between 5728658 and 5728758)  (cost=20.6 rows=101)
    -> Index range scan on sbtest5 using PRIMARY over (5728658 <= id <= 5728758)  (cost=20.6 rows=101)


table 6 : explain SELECT id, c FROM sbtest6 WHERE id BETWEEN 5728658 AND 5728758
	-> Filter: (sbtest6.id between 5728658 and 5728758)  (cost=20.6 rows=101)
    -> Index range scan on sbtest6 using PRIMARY over (5728658 <= id <= 5728758)  (cost=20.6 rows=101)


table 7 : explain SELECT id, c FROM sbtest7 WHERE id BETWEEN 5728658 AND 5728758
	-> Filter: (sbtest7.id between 5728658 and 5728758)  (cost=20.6 rows=101)
    -> Index range scan on sbtest7 using PRIMARY over (5728658 <= id <= 5728758)  (cost=20.6 rows=101)


table 8 : explain SELECT id, c FROM sbtest8 WHERE id BETWEEN 5728658 AND 5728758
	-> Filter: (sbtest8.id between 5728658 and 5728758)  (cost=20.6 rows=101)
    -> Index range scan on sbtest8 using PRIMARY over (5728658 <= id <= 5728758)  (cost=20.6 rows=101)

for range-notcovered
table 1 : explain SELECT id, c FROM sbtest1 WHERE id BETWEEN 6860914 AND 6861014
	-> Filter: (sbtest1.id between 6860914 and 6861014)  (cost=20.6 rows=101)
    -> Index range scan on sbtest1 using PRIMARY over (6860914 <= id <= 6861014)  (cost=20.6 rows=101)


table 2 : explain SELECT id, c FROM sbtest2 WHERE id BETWEEN 6860914 AND 6861014
	-> Filter: (sbtest2.id between 6860914 and 6861014)  (cost=20.6 rows=101)
    -> Index range scan on sbtest2 using PRIMARY over (6860914 <= id <= 6861014)  (cost=20.6 rows=101)


table 3 : explain SELECT id, c FROM sbtest3 WHERE id BETWEEN 6860914 AND 6861014
	-> Filter: (sbtest3.id between 6860914 and 6861014)  (cost=20.6 rows=101)
    -> Index range scan on sbtest3 using PRIMARY over (6860914 <= id <= 6861014)  (cost=20.6 rows=101)


table 4 : explain SELECT id, c FROM sbtest4 WHERE id BETWEEN 6860914 AND 6861014
	-> Filter: (sbtest4.id between 6860914 and 6861014)  (cost=20.6 rows=101)
    -> Index range scan on sbtest4 using PRIMARY over (6860914 <= id <= 6861014)  (cost=20.6 rows=101)


table 5 : explain SELECT id, c FROM sbtest5 WHERE id BETWEEN 6860914 AND 6861014
	-> Filter: (sbtest5.id between 6860914 and 6861014)  (cost=20.6 rows=101)
    -> Index range scan on sbtest5 using PRIMARY over (6860914 <= id <= 6861014)  (cost=20.6 rows=101)


table 6 : explain SELECT id, c FROM sbtest6 WHERE id BETWEEN 6860914 AND 6861014
	-> Filter: (sbtest6.id between 6860914 and 6861014)  (cost=20.6 rows=101)
    -> Index range scan on sbtest6 using PRIMARY over (6860914 <= id <= 6861014)  (cost=20.6 rows=101)


table 7 : explain SELECT id, c FROM sbtest7 WHERE id BETWEEN 6860914 AND 6861014
	-> Filter: (sbtest7.id between 6860914 and 6861014)  (cost=20.6 rows=101)
    -> Index range scan on sbtest7 using PRIMARY over (6860914 <= id <= 6861014)  (cost=20.6 rows=101)


table 8 : explain SELECT id, c FROM sbtest8 WHERE id BETWEEN 6860914 AND 6861014
	-> Filter: (sbtest8.id between 6860914 and 6861014)  (cost=20.6 rows=101)
    -> Index range scan on sbtest8 using PRIMARY over (6860914 <= id <= 6861014)  (cost=20.6 rows=101)


explain: for range-notcovered :: explain SELECT id, c FROM sbtest%d WHERE id BETWEEN 9304560 AND 9304660

explain: for range-notcovered :: explain SELECT id, c FROM sbtest%d WHERE id BETWEEN 2905294 AND 2905394


explain: for range-notcovered :: explain SELECT id, c FROM sbtest%d WHERE id BETWEEN 9392832 AND 9392932

for range-notcovered
table 1 : explain SELECT id, c FROM sbtest1 WHERE id BETWEEN 4339851 AND 4339951
	-> Filter: (sbtest1.id between 4339851 and 4339951)  (cost=20.6 rows=101)
    -> Index range scan on sbtest1 using PRIMARY over (4339851 <= id <= 4339951)  (cost=20.6 rows=101)


table 2 : explain SELECT id, c FROM sbtest2 WHERE id BETWEEN 4339851 AND 4339951
	-> Filter: (sbtest2.id between 4339851 and 4339951)  (cost=20.6 rows=101)
    -> Index range scan on sbtest2 using PRIMARY over (4339851 <= id <= 4339951)  (cost=20.6 rows=101)


table 3 : explain SELECT id, c FROM sbtest3 WHERE id BETWEEN 4339851 AND 4339951
	-> Filter: (sbtest3.id between 4339851 and 4339951)  (cost=20.6 rows=101)
    -> Index range scan on sbtest3 using PRIMARY over (4339851 <= id <= 4339951)  (cost=20.6 rows=101)


table 4 : explain SELECT id, c FROM sbtest4 WHERE id BETWEEN 4339851 AND 4339951
	-> Filter: (sbtest4.id between 4339851 and 4339951)  (cost=20.6 rows=101)
    -> Index range scan on sbtest4 using PRIMARY over (4339851 <= id <= 4339951)  (cost=20.6 rows=101)


table 5 : explain SELECT id, c FROM sbtest5 WHERE id BETWEEN 4339851 AND 4339951
	-> Filter: (sbtest5.id between 4339851 and 4339951)  (cost=20.6 rows=101)
    -> Index range scan on sbtest5 using PRIMARY over (4339851 <= id <= 4339951)  (cost=20.6 rows=101)


table 6 : explain SELECT id, c FROM sbtest6 WHERE id BETWEEN 4339851 AND 4339951
	-> Filter: (sbtest6.id between 4339851 and 4339951)  (cost=20.6 rows=101)
    -> Index range scan on sbtest6 using PRIMARY over (4339851 <= id <= 4339951)  (cost=20.6 rows=101)


table 7 : explain SELECT id, c FROM sbtest7 WHERE id BETWEEN 4339851 AND 4339951
	-> Filter: (sbtest7.id between 4339851 and 4339951)  (cost=20.6 rows=101)
    -> Index range scan on sbtest7 using PRIMARY over (4339851 <= id <= 4339951)  (cost=20.6 rows=101)


table 8 : explain SELECT id, c FROM sbtest8 WHERE id BETWEEN 4339851 AND 4339951
	-> Filter: (sbtest8.id between 4339851 and 4339951)  (cost=20.6 rows=101)
    -> Index range scan on sbtest8 using PRIMARY over (4339851 <= id <= 4339951)  (cost=20.6 rows=101)


explain: for range-notcovered :: explain SELECT id, c FROM sbtest%d WHERE id BETWEEN 8773081 AND 8773181
for range-notcovered
table 1 : explain SELECT id, c FROM sbtest1 WHERE id BETWEEN 6876452 AND 6876552
	-> Filter: (sbtest1.id between 6876452 and 6876552)  (cost=20.6 rows=101)
    -> Index range scan on sbtest1 using PRIMARY over (6876452 <= id <= 6876552)  (cost=20.6 rows=101)


table 2 : explain SELECT id, c FROM sbtest2 WHERE id BETWEEN 6876452 AND 6876552
	-> Filter: (sbtest2.id between 6876452 and 6876552)  (cost=20.6 rows=101)
    -> Index range scan on sbtest2 using PRIMARY over (6876452 <= id <= 6876552)  (cost=20.6 rows=101)


table 3 : explain SELECT id, c FROM sbtest3 WHERE id BETWEEN 6876452 AND 6876552
	-> Filter: (sbtest3.id between 6876452 and 6876552)  (cost=20.6 rows=101)
    -> Index range scan on sbtest3 using PRIMARY over (6876452 <= id <= 6876552)  (cost=20.6 rows=101)


table 4 : explain SELECT id, c FROM sbtest4 WHERE id BETWEEN 6876452 AND 6876552
	-> Filter: (sbtest4.id between 6876452 and 6876552)  (cost=20.6 rows=101)
    -> Index range scan on sbtest4 using PRIMARY over (6876452 <= id <= 6876552)  (cost=20.6 rows=101)


table 5 : explain SELECT id, c FROM sbtest5 WHERE id BETWEEN 6876452 AND 6876552
	-> Filter: (sbtest5.id between 6876452 and 6876552)  (cost=20.6 rows=101)
    -> Index range scan on sbtest5 using PRIMARY over (6876452 <= id <= 6876552)  (cost=20.6 rows=101)


table 6 : explain SELECT id, c FROM sbtest6 WHERE id BETWEEN 6876452 AND 6876552
	-> Filter: (sbtest6.id between 6876452 and 6876552)  (cost=20.6 rows=101)
    -> Index range scan on sbtest6 using PRIMARY over (6876452 <= id <= 6876552)  (cost=20.6 rows=101)


table 7 : explain SELECT id, c FROM sbtest7 WHERE id BETWEEN 6876452 AND 6876552
	-> Filter: (sbtest7.id between 6876452 and 6876552)  (cost=20.6 rows=101)
    -> Index range scan on sbtest7 using PRIMARY over (6876452 <= id <= 6876552)  (cost=20.6 rows=101)


table 8 : explain SELECT id, c FROM sbtest8 WHERE id BETWEEN 6876452 AND 6876552
	-> Filter: (sbtest8.id between 6876452 and 6876552)  (cost=20.6 rows=101)
    -> Index range scan on sbtest8 using PRIMARY over (6876452 <= id <= 6876552)  (cost=20.6 rows=101)

for range-notcovered
table 1 : explain SELECT id, c FROM sbtest1 WHERE id BETWEEN 5652495 AND 5652595
	-> Filter: (sbtest1.id between 5652495 and 5652595)  (cost=20.6 rows=101)
    -> Index range scan on sbtest1 using PRIMARY over (5652495 <= id <= 5652595)  (cost=20.6 rows=101)


table 2 : explain SELECT id, c FROM sbtest2 WHERE id BETWEEN 5652495 AND 5652595
	-> Filter: (sbtest2.id between 5652495 and 5652595)  (cost=20.6 rows=101)
    -> Index range scan on sbtest2 using PRIMARY over (5652495 <= id <= 5652595)  (cost=20.6 rows=101)


table 3 : explain SELECT id, c FROM sbtest3 WHERE id BETWEEN 5652495 AND 5652595
	-> Filter: (sbtest3.id between 5652495 and 5652595)  (cost=20.6 rows=101)
    -> Index range scan on sbtest3 using PRIMARY over (5652495 <= id <= 5652595)  (cost=20.6 rows=101)


table 4 : explain SELECT id, c FROM sbtest4 WHERE id BETWEEN 5652495 AND 5652595
	-> Filter: (sbtest4.id between 5652495 and 5652595)  (cost=20.6 rows=101)
    -> Index range scan on sbtest4 using PRIMARY over (5652495 <= id <= 5652595)  (cost=20.6 rows=101)


table 5 : explain SELECT id, c FROM sbtest5 WHERE id BETWEEN 5652495 AND 5652595
	-> Filter: (sbtest5.id between 5652495 and 5652595)  (cost=20.6 rows=101)
    -> Index range scan on sbtest5 using PRIMARY over (5652495 <= id <= 5652595)  (cost=20.6 rows=101)


table 6 : explain SELECT id, c FROM sbtest6 WHERE id BETWEEN 5652495 AND 5652595
	-> Filter: (sbtest6.id between 5652495 and 5652595)  (cost=20.6 rows=101)
    -> Index range scan on sbtest6 using PRIMARY over (5652495 <= id <= 5652595)  (cost=20.6 rows=101)


table 7 : explain SELECT id, c FROM sbtest7 WHERE id BETWEEN 5652495 AND 5652595
	-> Filter: (sbtest7.id between 5652495 and 5652595)  (cost=20.6 rows=101)
    -> Index range scan on sbtest7 using PRIMARY over (5652495 <= id <= 5652595)  (cost=20.6 rows=101)


table 8 : explain SELECT id, c FROM sbtest8 WHERE id BETWEEN 5652495 AND 5652595
	-> Filter: (sbtest8.id between 5652495 and 5652595)  (cost=20.6 rows=101)
    -> Index range scan on sbtest8 using PRIMARY over (5652495 <= id <= 5652595)  (cost=20.6 rows=101)



explain: for range-notcovered :: explain SELECT id, c FROM sbtest%d WHERE id BETWEEN 4339851 AND 4339951
explain: for range-notcovered :: explain SELECT id, c FROM sbtest%d WHERE id BETWEEN 5652495 AND 5652595
for range-notcovered
table 1 : explain SELECT id, c FROM sbtest1 WHERE id BETWEEN 4118184 AND 4118284
	-> Filter: (sbtest1.id between 4118184 and 4118284)  (cost=20.6 rows=101)
    -> Index range scan on sbtest1 using PRIMARY over (4118184 <= id <= 4118284)  (cost=20.6 rows=101)


table 2 : explain SELECT id, c FROM sbtest2 WHERE id BETWEEN 4118184 AND 4118284
	-> Filter: (sbtest2.id between 4118184 and 4118284)  (cost=20.6 rows=101)
    -> Index range scan on sbtest2 using PRIMARY over (4118184 <= id <= 4118284)  (cost=20.6 rows=101)


table 3 : explain SELECT id, c FROM sbtest3 WHERE id BETWEEN 4118184 AND 4118284
	-> Filter: (sbtest3.id between 4118184 and 4118284)  (cost=20.6 rows=101)
    -> Index range scan on sbtest3 using PRIMARY over (4118184 <= id <= 4118284)  (cost=20.6 rows=101)


table 4 : explain SELECT id, c FROM sbtest4 WHERE id BETWEEN 4118184 AND 4118284
	-> Filter: (sbtest4.id between 4118184 and 4118284)  (cost=20.6 rows=101)
    -> Index range scan on sbtest4 using PRIMARY over (4118184 <= id <= 4118284)  (cost=20.6 rows=101)


table 5 : explain SELECT id, c FROM sbtest5 WHERE id BETWEEN 4118184 AND 4118284
	-> Filter: (sbtest5.id between 4118184 and 4118284)  (cost=20.6 rows=101)
    -> Index range scan on sbtest5 using PRIMARY over (4118184 <= id <= 4118284)  (cost=20.6 rows=101)


table 6 : explain SELECT id, c FROM sbtest6 WHERE id BETWEEN 4118184 AND 4118284
	-> Filter: (sbtest6.id between 4118184 and 4118284)  (cost=20.6 rows=101)
    -> Index range scan on sbtest6 using PRIMARY over (4118184 <= id <= 4118284)  (cost=20.6 rows=101)


table 7 : explain SELECT id, c FROM sbtest7 WHERE id BETWEEN 4118184 AND 4118284
	-> Filter: (sbtest7.id between 4118184 and 4118284)  (cost=20.6 rows=101)
    -> Index range scan on sbtest7 using PRIMARY over (4118184 <= id <= 4118284)  (cost=20.6 rows=101)


table 8 : explain SELECT id, c FROM sbtest8 WHERE id BETWEEN 4118184 AND 4118284
	-> Filter: (sbtest8.id between 4118184 and 4118284)  (cost=20.6 rows=101)
    -> Index range scan on sbtest8 using PRIMARY over (4118184 <= id <= 4118284)  (cost=20.6 rows=101)


for range-notcovered
table 1 : explain SELECT id, c FROM sbtest1 WHERE id BETWEEN 4270236 AND 4270336
	-> Filter: (sbtest1.id between 4270236 and 4270336)  (cost=20.6 rows=101)
    -> Index range scan on sbtest1 using PRIMARY over (4270236 <= id <= 4270336)  (cost=20.6 rows=101)


table 2 : explain SELECT id, c FROM sbtest2 WHERE id BETWEEN 4270236 AND 4270336
	-> Filter: (sbtest2.id between 4270236 and 4270336)  (cost=20.6 rows=101)
    -> Index range scan on sbtest2 using PRIMARY over (4270236 <= id <= 4270336)  (cost=20.6 rows=101)


table 3 : explain SELECT id, c FROM sbtest3 WHERE id BETWEEN 4270236 AND 4270336
	-> Filter: (sbtest3.id between 4270236 and 4270336)  (cost=20.6 rows=101)
    -> Index range scan on sbtest3 using PRIMARY over (4270236 <= id <= 4270336)  (cost=20.6 rows=101)


table 4 : explain SELECT id, c FROM sbtest4 WHERE id BETWEEN 4270236 AND 4270336
	-> Filter: (sbtest4.id between 4270236 and 4270336)  (cost=20.6 rows=101)
    -> Index range scan on sbtest4 using PRIMARY over (4270236 <= id <= 4270336)  (cost=20.6 rows=101)


table 5 : explain SELECT id, c FROM sbtest5 WHERE id BETWEEN 4270236 AND 4270336
	-> Filter: (sbtest5.id between 4270236 and 4270336)  (cost=20.6 rows=101)
    -> Index range scan on sbtest5 using PRIMARY over (4270236 <= id <= 4270336)  (cost=20.6 rows=101)


table 6 : explain SELECT id, c FROM sbtest6 WHERE id BETWEEN 4270236 AND 4270336
	-> Filter: (sbtest6.id between 4270236 and 4270336)  (cost=20.6 rows=101)
    -> Index range scan on sbtest6 using PRIMARY over (4270236 <= id <= 4270336)  (cost=20.6 rows=101)


table 7 : explain SELECT id, c FROM sbtest7 WHERE id BETWEEN 4270236 AND 4270336
	-> Filter: (sbtest7.id between 4270236 and 4270336)  (cost=20.6 rows=101)
    -> Index range scan on sbtest7 using PRIMARY over (4270236 <= id <= 4270336)  (cost=20.6 rows=101)


table 8 : explain SELECT id, c FROM sbtest8 WHERE id BETWEEN 4270236 AND 4270336
	-> Filter: (sbtest8.id between 4270236 and 4270336)  (cost=20.6 rows=101)
    -> Index range scan on sbtest8 using PRIMARY over (4270236 <= id <= 4270336)  (cost=20.6 rows=101)


explain: for range-notcovered :: explain SELECT id, c FROM sbtest%d WHERE id BETWEEN 4118184 AND 4118284
explain: for range-notcovered :: explain SELECT id, c FROM sbtest%d WHERE id BETWEEN 4270236 AND 4270336
for range-notcovered
table 1 : explain SELECT id, c FROM sbtest1 WHERE id BETWEEN 4201106 AND 4201206
	-> Filter: (sbtest1.id between 4201106 and 4201206)  (cost=20.6 rows=101)
    -> Index range scan on sbtest1 using PRIMARY over (4201106 <= id <= 4201206)  (cost=20.6 rows=101)


table 2 : explain SELECT id, c FROM sbtest2 WHERE id BETWEEN 4201106 AND 4201206
	-> Filter: (sbtest2.id between 4201106 and 4201206)  (cost=20.6 rows=101)
    -> Index range scan on sbtest2 using PRIMARY over (4201106 <= id <= 4201206)  (cost=20.6 rows=101)


table 3 : explain SELECT id, c FROM sbtest3 WHERE id BETWEEN 4201106 AND 4201206
	-> Filter: (sbtest3.id between 4201106 and 4201206)  (cost=20.6 rows=101)
    -> Index range scan on sbtest3 using PRIMARY over (4201106 <= id <= 4201206)  (cost=20.6 rows=101)


table 4 : explain SELECT id, c FROM sbtest4 WHERE id BETWEEN 4201106 AND 4201206
	-> Filter: (sbtest4.id between 4201106 and 4201206)  (cost=20.6 rows=101)
    -> Index range scan on sbtest4 using PRIMARY over (4201106 <= id <= 4201206)  (cost=20.6 rows=101)


table 5 : explain SELECT id, c FROM sbtest5 WHERE id BETWEEN 4201106 AND 4201206
	-> Filter: (sbtest5.id between 4201106 and 4201206)  (cost=20.6 rows=101)
    -> Index range scan on sbtest5 using PRIMARY over (4201106 <= id <= 4201206)  (cost=20.6 rows=101)


table 6 : explain SELECT id, c FROM sbtest6 WHERE id BETWEEN 4201106 AND 4201206
	-> Filter: (sbtest6.id between 4201106 and 4201206)  (cost=20.6 rows=101)
    -> Index range scan on sbtest6 using PRIMARY over (4201106 <= id <= 4201206)  (cost=20.6 rows=101)


table 7 : explain SELECT id, c FROM sbtest7 WHERE id BETWEEN 4201106 AND 4201206
	-> Filter: (sbtest7.id between 4201106 and 4201206)  (cost=20.6 rows=101)
    -> Index range scan on sbtest7 using PRIMARY over (4201106 <= id <= 4201206)  (cost=20.6 rows=101)


table 8 : explain SELECT id, c FROM sbtest8 WHERE id BETWEEN 4201106 AND 4201206
	-> Filter: (sbtest8.id between 4201106 and 4201206)  (cost=20.6 rows=101)
    -> Index range scan on sbtest8 using PRIMARY over (4201106 <= id <= 4201206)  (cost=20.6 rows=101)


for range-notcovered
table 1 : explain SELECT id, c FROM sbtest1 WHERE id BETWEEN 7869894 AND 7869994
	-> Filter: (sbtest1.id between 7869894 and 7869994)  (cost=20.6 rows=101)
    -> Index range scan on sbtest1 using PRIMARY over (7869894 <= id <= 7869994)  (cost=20.6 rows=101)


table 2 : explain SELECT id, c FROM sbtest2 WHERE id BETWEEN 7869894 AND 7869994
	-> Filter: (sbtest2.id between 7869894 and 7869994)  (cost=20.6 rows=101)
    -> Index range scan on sbtest2 using PRIMARY over (7869894 <= id <= 7869994)  (cost=20.6 rows=101)


table 3 : explain SELECT id, c FROM sbtest3 WHERE id BETWEEN 7869894 AND 7869994
	-> Filter: (sbtest3.id between 7869894 and 7869994)  (cost=20.6 rows=101)
    -> Index range scan on sbtest3 using PRIMARY over (7869894 <= id <= 7869994)  (cost=20.6 rows=101)


table 4 : explain SELECT id, c FROM sbtest4 WHERE id BETWEEN 7869894 AND 7869994
	-> Filter: (sbtest4.id between 7869894 and 7869994)  (cost=20.6 rows=101)
    -> Index range scan on sbtest4 using PRIMARY over (7869894 <= id <= 7869994)  (cost=20.6 rows=101)


table 5 : explain SELECT id, c FROM sbtest5 WHERE id BETWEEN 7869894 AND 7869994
	-> Filter: (sbtest5.id between 7869894 and 7869994)  (cost=20.6 rows=101)
    -> Index range scan on sbtest5 using PRIMARY over (7869894 <= id <= 7869994)  (cost=20.6 rows=101)


table 6 : explain SELECT id, c FROM sbtest6 WHERE id BETWEEN 7869894 AND 7869994
	-> Filter: (sbtest6.id between 7869894 and 7869994)  (cost=20.6 rows=101)
    -> Index range scan on sbtest6 using PRIMARY over (7869894 <= id <= 7869994)  (cost=20.6 rows=101)


table 7 : explain SELECT id, c FROM sbtest7 WHERE id BETWEEN 7869894 AND 7869994
	-> Filter: (sbtest7.id between 7869894 and 7869994)  (cost=20.6 rows=101)
    -> Index range scan on sbtest7 using PRIMARY over (7869894 <= id <= 7869994)  (cost=20.6 rows=101)


table 8 : explain SELECT id, c FROM sbtest8 WHERE id BETWEEN 7869894 AND 7869994
	-> Filter: (sbtest8.id between 7869894 and 7869994)  (cost=20.6 rows=101)
    -> Index range scan on sbtest8 using PRIMARY over (7869894 <= id <= 7869994)  (cost=20.6 rows=101)


explain: for range-notcovered :: explain SELECT id, c FROM sbtest%d WHERE id BETWEEN 7869894 AND 7869994
for range-notcovered
table 1 : explain SELECT id, c FROM sbtest1 WHERE id BETWEEN 961745 AND 961845
	-> Filter: (sbtest1.id between 961745 and 961845)  (cost=20.6 rows=101)
    -> Index range scan on sbtest1 using PRIMARY over (961745 <= id <= 961845)  (cost=20.6 rows=101)


table 2 : explain SELECT id, c FROM sbtest2 WHERE id BETWEEN 961745 AND 961845
	-> Filter: (sbtest2.id between 961745 and 961845)  (cost=20.6 rows=101)
    -> Index range scan on sbtest2 using PRIMARY over (961745 <= id <= 961845)  (cost=20.6 rows=101)


table 3 : explain SELECT id, c FROM sbtest3 WHERE id BETWEEN 961745 AND 961845
	-> Filter: (sbtest3.id between 961745 and 961845)  (cost=20.6 rows=101)
    -> Index range scan on sbtest3 using PRIMARY over (961745 <= id <= 961845)  (cost=20.6 rows=101)


table 4 : explain SELECT id, c FROM sbtest4 WHERE id BETWEEN 961745 AND 961845
	-> Filter: (sbtest4.id between 961745 and 961845)  (cost=20.6 rows=101)
    -> Index range scan on sbtest4 using PRIMARY over (961745 <= id <= 961845)  (cost=20.6 rows=101)


table 5 : explain SELECT id, c FROM sbtest5 WHERE id BETWEEN 961745 AND 961845
	-> Filter: (sbtest5.id between 961745 and 961845)  (cost=20.6 rows=101)
    -> Index range scan on sbtest5 using PRIMARY over (961745 <= id <= 961845)  (cost=20.6 rows=101)


table 6 : explain SELECT id, c FROM sbtest6 WHERE id BETWEEN 961745 AND 961845
	-> Filter: (sbtest6.id between 961745 and 961845)  (cost=20.6 rows=101)
    -> Index range scan on sbtest6 using PRIMARY over (961745 <= id <= 961845)  (cost=20.6 rows=101)


table 7 : explain SELECT id, c FROM sbtest7 WHERE id BETWEEN 961745 AND 961845
	-> Filter: (sbtest7.id between 961745 and 961845)  (cost=20.6 rows=101)
    -> Index range scan on sbtest7 using PRIMARY over (961745 <= id <= 961845)  (cost=20.6 rows=101)


table 8 : explain SELECT id, c FROM sbtest8 WHERE id BETWEEN 961745 AND 961845
	-> Filter: (sbtest8.id between 961745 and 961845)  (cost=20.6 rows=101)
    -> Index range scan on sbtest8 using PRIMARY over (961745 <= id <= 961845)  (cost=20.6 rows=101)


for range-notcovered
table 1 : explain SELECT id, c FROM sbtest1 WHERE id BETWEEN 5027690 AND 5027790
	-> Filter: (sbtest1.id between 5027690 and 5027790)  (cost=20.6 rows=101)
    -> Index range scan on sbtest1 using PRIMARY over (5027690 <= id <= 5027790)  (cost=20.6 rows=101)


table 2 : explain SELECT id, c FROM sbtest2 WHERE id BETWEEN 5027690 AND 5027790
	-> Filter: (sbtest2.id between 5027690 and 5027790)  (cost=20.6 rows=101)
    -> Index range scan on sbtest2 using PRIMARY over (5027690 <= id <= 5027790)  (cost=20.6 rows=101)


table 3 : explain SELECT id, c FROM sbtest3 WHERE id BETWEEN 5027690 AND 5027790
	-> Filter: (sbtest3.id between 5027690 and 5027790)  (cost=20.6 rows=101)
    -> Index range scan on sbtest3 using PRIMARY over (5027690 <= id <= 5027790)  (cost=20.6 rows=101)


table 4 : explain SELECT id, c FROM sbtest4 WHERE id BETWEEN 5027690 AND 5027790
	-> Filter: (sbtest4.id between 5027690 and 5027790)  (cost=20.6 rows=101)
    -> Index range scan on sbtest4 using PRIMARY over (5027690 <= id <= 5027790)  (cost=20.6 rows=101)


table 5 : explain SELECT id, c FROM sbtest5 WHERE id BETWEEN 5027690 AND 5027790
	-> Filter: (sbtest5.id between 5027690 and 5027790)  (cost=20.6 rows=101)
    -> Index range scan on sbtest5 using PRIMARY over (5027690 <= id <= 5027790)  (cost=20.6 rows=101)


table 6 : explain SELECT id, c FROM sbtest6 WHERE id BETWEEN 5027690 AND 5027790
	-> Filter: (sbtest6.id between 5027690 and 5027790)  (cost=20.6 rows=101)
    -> Index range scan on sbtest6 using PRIMARY over (5027690 <= id <= 5027790)  (cost=20.6 rows=101)


table 7 : explain SELECT id, c FROM sbtest7 WHERE id BETWEEN 5027690 AND 5027790
	-> Filter: (sbtest7.id between 5027690 and 5027790)  (cost=20.6 rows=101)
    -> Index range scan on sbtest7 using PRIMARY over (5027690 <= id <= 5027790)  (cost=20.6 rows=101)


table 8 : explain SELECT id, c FROM sbtest8 WHERE id BETWEEN 5027690 AND 5027790
	-> Filter: (sbtest8.id between 5027690 and 5027790)  (cost=20.6 rows=101)
    -> Index range scan on sbtest8 using PRIMARY over (5027690 <= id <= 5027790)  (cost=20.6 rows=101)


explain: for range-notcovered :: explain SELECT id, c FROM sbtest%d WHERE id BETWEEN 961745 AND 961845
for range-notcovered
table 1 : explain SELECT id, c FROM sbtest1 WHERE id BETWEEN 4992126 AND 4992226
	-> Filter: (sbtest1.id between 4992126 and 4992226)  (cost=20.6 rows=101)
    -> Index range scan on sbtest1 using PRIMARY over (4992126 <= id <= 4992226)  (cost=20.6 rows=101)


table 2 : explain SELECT id, c FROM sbtest2 WHERE id BETWEEN 4992126 AND 4992226
	-> Filter: (sbtest2.id between 4992126 and 4992226)  (cost=20.6 rows=101)
    -> Index range scan on sbtest2 using PRIMARY over (4992126 <= id <= 4992226)  (cost=20.6 rows=101)


table 3 : explain SELECT id, c FROM sbtest3 WHERE id BETWEEN 4992126 AND 4992226
	-> Filter: (sbtest3.id between 4992126 and 4992226)  (cost=20.6 rows=101)
    -> Index range scan on sbtest3 using PRIMARY over (4992126 <= id <= 4992226)  (cost=20.6 rows=101)


table 4 : explain SELECT id, c FROM sbtest4 WHERE id BETWEEN 4992126 AND 4992226
	-> Filter: (sbtest4.id between 4992126 and 4992226)  (cost=20.6 rows=101)
    -> Index range scan on sbtest4 using PRIMARY over (4992126 <= id <= 4992226)  (cost=20.6 rows=101)


table 5 : explain SELECT id, c FROM sbtest5 WHERE id BETWEEN 4992126 AND 4992226
	-> Filter: (sbtest5.id between 4992126 and 4992226)  (cost=20.6 rows=101)
    -> Index range scan on sbtest5 using PRIMARY over (4992126 <= id <= 4992226)  (cost=20.6 rows=101)


table 6 : explain SELECT id, c FROM sbtest6 WHERE id BETWEEN 4992126 AND 4992226
	-> Filter: (sbtest6.id between 4992126 and 4992226)  (cost=20.6 rows=101)
    -> Index range scan on sbtest6 using PRIMARY over (4992126 <= id <= 4992226)  (cost=20.6 rows=101)


table 7 : explain SELECT id, c FROM sbtest7 WHERE id BETWEEN 4992126 AND 4992226
	-> Filter: (sbtest7.id between 4992126 and 4992226)  (cost=20.6 rows=101)
    -> Index range scan on sbtest7 using PRIMARY over (4992126 <= id <= 4992226)  (cost=20.6 rows=101)


table 8 : explain SELECT id, c FROM sbtest8 WHERE id BETWEEN 4992126 AND 4992226
	-> Filter: (sbtest8.id between 4992126 and 4992226)  (cost=20.6 rows=101)
    -> Index range scan on sbtest8 using PRIMARY over (4992126 <= id <= 4992226)  (cost=20.6 rows=101)


for range-notcovered
table 1 : explain SELECT id, c FROM sbtest1 WHERE id BETWEEN 9304560 AND 9304660
	-> Filter: (sbtest1.id between 9304560 and 9304660)  (cost=20.6 rows=101)
    -> Index range scan on sbtest1 using PRIMARY over (9304560 <= id <= 9304660)  (cost=20.6 rows=101)


table 2 : explain SELECT id, c FROM sbtest2 WHERE id BETWEEN 9304560 AND 9304660
	-> Filter: (sbtest2.id between 9304560 and 9304660)  (cost=20.6 rows=101)
    -> Index range scan on sbtest2 using PRIMARY over (9304560 <= id <= 9304660)  (cost=20.6 rows=101)


table 3 : explain SELECT id, c FROM sbtest3 WHERE id BETWEEN 9304560 AND 9304660
	-> Filter: (sbtest3.id between 9304560 and 9304660)  (cost=20.6 rows=101)
    -> Index range scan on sbtest3 using PRIMARY over (9304560 <= id <= 9304660)  (cost=20.6 rows=101)


table 4 : explain SELECT id, c FROM sbtest4 WHERE id BETWEEN 9304560 AND 9304660
	-> Filter: (sbtest4.id between 9304560 and 9304660)  (cost=20.6 rows=101)
    -> Index range scan on sbtest4 using PRIMARY over (9304560 <= id <= 9304660)  (cost=20.6 rows=101)


table 5 : explain SELECT id, c FROM sbtest5 WHERE id BETWEEN 9304560 AND 9304660
	-> Filter: (sbtest5.id between 9304560 and 9304660)  (cost=20.6 rows=101)
    -> Index range scan on sbtest5 using PRIMARY over (9304560 <= id <= 9304660)  (cost=20.6 rows=101)


table 6 : explain SELECT id, c FROM sbtest6 WHERE id BETWEEN 9304560 AND 9304660
	-> Filter: (sbtest6.id between 9304560 and 9304660)  (cost=20.6 rows=101)
    -> Index range scan on sbtest6 using PRIMARY over (9304560 <= id <= 9304660)  (cost=20.6 rows=101)


table 7 : explain SELECT id, c FROM sbtest7 WHERE id BETWEEN 9304560 AND 9304660
	-> Filter: (sbtest7.id between 9304560 and 9304660)  (cost=20.6 rows=101)
    -> Index range scan on sbtest7 using PRIMARY over (9304560 <= id <= 9304660)  (cost=20.6 rows=101)


table 8 : explain SELECT id, c FROM sbtest8 WHERE id BETWEEN 9304560 AND 9304660
	-> Filter: (sbtest8.id between 9304560 and 9304660)  (cost=20.6 rows=101)
    -> Index range scan on sbtest8 using PRIMARY over (9304560 <= id <= 9304660)  (cost=20.6 rows=101)


for range-notcovered
table 1 : explain SELECT id, c FROM sbtest1 WHERE id BETWEEN 7956413 AND 7956513
	-> Filter: (sbtest1.id between 7956413 and 7956513)  (cost=20.6 rows=101)
    -> Index range scan on sbtest1 using PRIMARY over (7956413 <= id <= 7956513)  (cost=20.6 rows=101)


table 2 : explain SELECT id, c FROM sbtest2 WHERE id BETWEEN 7956413 AND 7956513
	-> Filter: (sbtest2.id between 7956413 and 7956513)  (cost=20.6 rows=101)
    -> Index range scan on sbtest2 using PRIMARY over (7956413 <= id <= 7956513)  (cost=20.6 rows=101)


table 3 : explain SELECT id, c FROM sbtest3 WHERE id BETWEEN 7956413 AND 7956513
	-> Filter: (sbtest3.id between 7956413 and 7956513)  (cost=20.6 rows=101)
    -> Index range scan on sbtest3 using PRIMARY over (7956413 <= id <= 7956513)  (cost=20.6 rows=101)


table 4 : explain SELECT id, c FROM sbtest4 WHERE id BETWEEN 7956413 AND 7956513
	-> Filter: (sbtest4.id between 7956413 and 7956513)  (cost=20.6 rows=101)
    -> Index range scan on sbtest4 using PRIMARY over (7956413 <= id <= 7956513)  (cost=20.6 rows=101)


table 5 : explain SELECT id, c FROM sbtest5 WHERE id BETWEEN 7956413 AND 7956513
	-> Filter: (sbtest5.id between 7956413 and 7956513)  (cost=20.6 rows=101)
    -> Index range scan on sbtest5 using PRIMARY over (7956413 <= id <= 7956513)  (cost=20.6 rows=101)


table 6 : explain SELECT id, c FROM sbtest6 WHERE id BETWEEN 7956413 AND 7956513
	-> Filter: (sbtest6.id between 7956413 and 7956513)  (cost=20.6 rows=101)
    -> Index range scan on sbtest6 using PRIMARY over (7956413 <= id <= 7956513)  (cost=20.6 rows=101)


table 7 : explain SELECT id, c FROM sbtest7 WHERE id BETWEEN 7956413 AND 7956513
	-> Filter: (sbtest7.id between 7956413 and 7956513)  (cost=20.6 rows=101)
    -> Index range scan on sbtest7 using PRIMARY over (7956413 <= id <= 7956513)  (cost=20.6 rows=101)


table 8 : explain SELECT id, c FROM sbtest8 WHERE id BETWEEN 7956413 AND 7956513
	-> Filter: (sbtest8.id between 7956413 and 7956513)  (cost=20.6 rows=101)
    -> Index range scan on sbtest8 using PRIMARY over (7956413 <= id <= 7956513)  (cost=20.6 rows=101)


for range-notcovered
table 1 : explain SELECT id, c FROM sbtest1 WHERE id BETWEEN 2905294 AND 2905394
	-> Filter: (sbtest1.id between 2905294 and 2905394)  (cost=20.6 rows=101)
    -> Index range scan on sbtest1 using PRIMARY over (2905294 <= id <= 2905394)  (cost=20.6 rows=101)


table 2 : explain SELECT id, c FROM sbtest2 WHERE id BETWEEN 2905294 AND 2905394
	-> Filter: (sbtest2.id between 2905294 and 2905394)  (cost=20.6 rows=101)
    -> Index range scan on sbtest2 using PRIMARY over (2905294 <= id <= 2905394)  (cost=20.6 rows=101)


table 3 : explain SELECT id, c FROM sbtest3 WHERE id BETWEEN 2905294 AND 2905394
	-> Filter: (sbtest3.id between 2905294 and 2905394)  (cost=20.6 rows=101)
    -> Index range scan on sbtest3 using PRIMARY over (2905294 <= id <= 2905394)  (cost=20.6 rows=101)


table 4 : explain SELECT id, c FROM sbtest4 WHERE id BETWEEN 2905294 AND 2905394
	-> Filter: (sbtest4.id between 2905294 and 2905394)  (cost=20.6 rows=101)
    -> Index range scan on sbtest4 using PRIMARY over (2905294 <= id <= 2905394)  (cost=20.6 rows=101)


table 5 : explain SELECT id, c FROM sbtest5 WHERE id BETWEEN 2905294 AND 2905394
	-> Filter: (sbtest5.id between 2905294 and 2905394)  (cost=20.6 rows=101)
    -> Index range scan on sbtest5 using PRIMARY over (2905294 <= id <= 2905394)  (cost=20.6 rows=101)


table 6 : explain SELECT id, c FROM sbtest6 WHERE id BETWEEN 2905294 AND 2905394
	-> Filter: (sbtest6.id between 2905294 and 2905394)  (cost=20.6 rows=101)
    -> Index range scan on sbtest6 using PRIMARY over (2905294 <= id <= 2905394)  (cost=20.6 rows=101)


table 7 : explain SELECT id, c FROM sbtest7 WHERE id BETWEEN 2905294 AND 2905394
	-> Filter: (sbtest7.id between 2905294 and 2905394)  (cost=20.6 rows=101)
    -> Index range scan on sbtest7 using PRIMARY over (2905294 <= id <= 2905394)  (cost=20.6 rows=101)


table 8 : explain SELECT id, c FROM sbtest8 WHERE id BETWEEN 2905294 AND 2905394
	-> Filter: (sbtest8.id between 2905294 and 2905394)  (cost=20.6 rows=101)
    -> Index range scan on sbtest8 using PRIMARY over (2905294 <= id <= 2905394)  (cost=20.6 rows=101)


for range-notcovered
table 1 : explain SELECT id, c FROM sbtest1 WHERE id BETWEEN 7378558 AND 7378658
	-> Filter: (sbtest1.id between 7378558 and 7378658)  (cost=20.6 rows=101)
    -> Index range scan on sbtest1 using PRIMARY over (7378558 <= id <= 7378658)  (cost=20.6 rows=101)


table 2 : explain SELECT id, c FROM sbtest2 WHERE id BETWEEN 7378558 AND 7378658
	-> Filter: (sbtest2.id between 7378558 and 7378658)  (cost=20.6 rows=101)
    -> Index range scan on sbtest2 using PRIMARY over (7378558 <= id <= 7378658)  (cost=20.6 rows=101)


table 3 : explain SELECT id, c FROM sbtest3 WHERE id BETWEEN 7378558 AND 7378658
	-> Filter: (sbtest3.id between 7378558 and 7378658)  (cost=20.6 rows=101)
    -> Index range scan on sbtest3 using PRIMARY over (7378558 <= id <= 7378658)  (cost=20.6 rows=101)


table 4 : explain SELECT id, c FROM sbtest4 WHERE id BETWEEN 7378558 AND 7378658
	-> Filter: (sbtest4.id between 7378558 and 7378658)  (cost=20.6 rows=101)
    -> Index range scan on sbtest4 using PRIMARY over (7378558 <= id <= 7378658)  (cost=20.6 rows=101)


table 5 : explain SELECT id, c FROM sbtest5 WHERE id BETWEEN 7378558 AND 7378658
	-> Filter: (sbtest5.id between 7378558 and 7378658)  (cost=20.6 rows=101)
    -> Index range scan on sbtest5 using PRIMARY over (7378558 <= id <= 7378658)  (cost=20.6 rows=101)


table 6 : explain SELECT id, c FROM sbtest6 WHERE id BETWEEN 7378558 AND 7378658
	-> Filter: (sbtest6.id between 7378558 and 7378658)  (cost=20.6 rows=101)
    -> Index range scan on sbtest6 using PRIMARY over (7378558 <= id <= 7378658)  (cost=20.6 rows=101)


table 7 : explain SELECT id, c FROM sbtest7 WHERE id BETWEEN 7378558 AND 7378658
	-> Filter: (sbtest7.id between 7378558 and 7378658)  (cost=20.6 rows=101)
    -> Index range scan on sbtest7 using PRIMARY over (7378558 <= id <= 7378658)  (cost=20.6 rows=101)


table 8 : explain SELECT id, c FROM sbtest8 WHERE id BETWEEN 7378558 AND 7378658
	-> Filter: (sbtest8.id between 7378558 and 7378658)  (cost=20.6 rows=101)
    -> Index range scan on sbtest8 using PRIMARY over (7378558 <= id <= 7378658)  (cost=20.6 rows=101)


for range-notcovered
table 1 : explain SELECT id, c FROM sbtest1 WHERE id BETWEEN 8773081 AND 8773181
	-> Filter: (sbtest1.id between 8773081 and 8773181)  (cost=20.6 rows=101)
    -> Index range scan on sbtest1 using PRIMARY over (8773081 <= id <= 8773181)  (cost=20.6 rows=101)


table 2 : explain SELECT id, c FROM sbtest2 WHERE id BETWEEN 8773081 AND 8773181
	-> Filter: (sbtest2.id between 8773081 and 8773181)  (cost=20.6 rows=101)
    -> Index range scan on sbtest2 using PRIMARY over (8773081 <= id <= 8773181)  (cost=20.6 rows=101)


table 3 : explain SELECT id, c FROM sbtest3 WHERE id BETWEEN 8773081 AND 8773181
	-> Filter: (sbtest3.id between 8773081 and 8773181)  (cost=20.6 rows=101)
    -> Index range scan on sbtest3 using PRIMARY over (8773081 <= id <= 8773181)  (cost=20.6 rows=101)


table 4 : explain SELECT id, c FROM sbtest4 WHERE id BETWEEN 8773081 AND 8773181
	-> Filter: (sbtest4.id between 8773081 and 8773181)  (cost=20.6 rows=101)
    -> Index range scan on sbtest4 using PRIMARY over (8773081 <= id <= 8773181)  (cost=20.6 rows=101)


table 5 : explain SELECT id, c FROM sbtest5 WHERE id BETWEEN 8773081 AND 8773181
	-> Filter: (sbtest5.id between 8773081 and 8773181)  (cost=20.6 rows=101)
    -> Index range scan on sbtest5 using PRIMARY over (8773081 <= id <= 8773181)  (cost=20.6 rows=101)


table 6 : explain SELECT id, c FROM sbtest6 WHERE id BETWEEN 8773081 AND 8773181
	-> Filter: (sbtest6.id between 8773081 and 8773181)  (cost=20.6 rows=101)
    -> Index range scan on sbtest6 using PRIMARY over (8773081 <= id <= 8773181)  (cost=20.6 rows=101)


table 7 : explain SELECT id, c FROM sbtest7 WHERE id BETWEEN 8773081 AND 8773181
	-> Filter: (sbtest7.id between 8773081 and 8773181)  (cost=20.6 rows=101)
    -> Index range scan on sbtest7 using PRIMARY over (8773081 <= id <= 8773181)  (cost=20.6 rows=101)


table 8 : explain SELECT id, c FROM sbtest8 WHERE id BETWEEN 8773081 AND 8773181
	-> Filter: (sbtest8.id between 8773081 and 8773181)  (cost=20.6 rows=101)
    -> Index range scan on sbtest8 using PRIMARY over (8773081 <= id <= 8773181)  (cost=20.6 rows=101)


for range-notcovered
table 1 : explain SELECT id, c FROM sbtest1 WHERE id BETWEEN 8697513 AND 8697613
	-> Filter: (sbtest1.id between 8697513 and 8697613)  (cost=20.6 rows=101)
    -> Index range scan on sbtest1 using PRIMARY over (8697513 <= id <= 8697613)  (cost=20.6 rows=101)


table 2 : explain SELECT id, c FROM sbtest2 WHERE id BETWEEN 8697513 AND 8697613
	-> Filter: (sbtest2.id between 8697513 and 8697613)  (cost=20.6 rows=101)
    -> Index range scan on sbtest2 using PRIMARY over (8697513 <= id <= 8697613)  (cost=20.6 rows=101)


table 3 : explain SELECT id, c FROM sbtest3 WHERE id BETWEEN 8697513 AND 8697613
	-> Filter: (sbtest3.id between 8697513 and 8697613)  (cost=20.6 rows=101)
    -> Index range scan on sbtest3 using PRIMARY over (8697513 <= id <= 8697613)  (cost=20.6 rows=101)


table 4 : explain SELECT id, c FROM sbtest4 WHERE id BETWEEN 8697513 AND 8697613
	-> Filter: (sbtest4.id between 8697513 and 8697613)  (cost=20.6 rows=101)
    -> Index range scan on sbtest4 using PRIMARY over (8697513 <= id <= 8697613)  (cost=20.6 rows=101)


table 5 : explain SELECT id, c FROM sbtest5 WHERE id BETWEEN 8697513 AND 8697613
	-> Filter: (sbtest5.id between 8697513 and 8697613)  (cost=20.6 rows=101)
    -> Index range scan on sbtest5 using PRIMARY over (8697513 <= id <= 8697613)  (cost=20.6 rows=101)


table 6 : explain SELECT id, c FROM sbtest6 WHERE id BETWEEN 8697513 AND 8697613
	-> Filter: (sbtest6.id between 8697513 and 8697613)  (cost=20.6 rows=101)
    -> Index range scan on sbtest6 using PRIMARY over (8697513 <= id <= 8697613)  (cost=20.6 rows=101)


table 7 : explain SELECT id, c FROM sbtest7 WHERE id BETWEEN 8697513 AND 8697613
	-> Filter: (sbtest7.id between 8697513 and 8697613)  (cost=20.6 rows=101)
    -> Index range scan on sbtest7 using PRIMARY over (8697513 <= id <= 8697613)  (cost=20.6 rows=101)


table 8 : explain SELECT id, c FROM sbtest8 WHERE id BETWEEN 8697513 AND 8697613
	-> Filter: (sbtest8.id between 8697513 and 8697613)  (cost=20.6 rows=101)
    -> Index range scan on sbtest8 using PRIMARY over (8697513 <= id <= 8697613)  (cost=20.6 rows=101)


for range-notcovered
table 1 : explain SELECT id, c FROM sbtest1 WHERE id BETWEEN 9392832 AND 9392932
	-> Filter: (sbtest1.id between 9392832 and 9392932)  (cost=20.6 rows=101)
    -> Index range scan on sbtest1 using PRIMARY over (9392832 <= id <= 9392932)  (cost=20.6 rows=101)


table 2 : explain SELECT id, c FROM sbtest2 WHERE id BETWEEN 9392832 AND 9392932
	-> Filter: (sbtest2.id between 9392832 and 9392932)  (cost=20.6 rows=101)
    -> Index range scan on sbtest2 using PRIMARY over (9392832 <= id <= 9392932)  (cost=20.6 rows=101)


table 3 : explain SELECT id, c FROM sbtest3 WHERE id BETWEEN 9392832 AND 9392932
	-> Filter: (sbtest3.id between 9392832 and 9392932)  (cost=20.6 rows=101)
    -> Index range scan on sbtest3 using PRIMARY over (9392832 <= id <= 9392932)  (cost=20.6 rows=101)


table 4 : explain SELECT id, c FROM sbtest4 WHERE id BETWEEN 9392832 AND 9392932
	-> Filter: (sbtest4.id between 9392832 and 9392932)  (cost=20.6 rows=101)
    -> Index range scan on sbtest4 using PRIMARY over (9392832 <= id <= 9392932)  (cost=20.6 rows=101)


table 5 : explain SELECT id, c FROM sbtest5 WHERE id BETWEEN 9392832 AND 9392932
	-> Filter: (sbtest5.id between 9392832 and 9392932)  (cost=20.6 rows=101)
    -> Index range scan on sbtest5 using PRIMARY over (9392832 <= id <= 9392932)  (cost=20.6 rows=101)


table 6 : explain SELECT id, c FROM sbtest6 WHERE id BETWEEN 9392832 AND 9392932
	-> Filter: (sbtest6.id between 9392832 and 9392932)  (cost=20.6 rows=101)
    -> Index range scan on sbtest6 using PRIMARY over (9392832 <= id <= 9392932)  (cost=20.6 rows=101)


table 7 : explain SELECT id, c FROM sbtest7 WHERE id BETWEEN 9392832 AND 9392932
	-> Filter: (sbtest7.id between 9392832 and 9392932)  (cost=20.6 rows=101)
    -> Index range scan on sbtest7 using PRIMARY over (9392832 <= id <= 9392932)  (cost=20.6 rows=101)


table 8 : explain SELECT id, c FROM sbtest8 WHERE id BETWEEN 9392832 AND 9392932
	-> Filter: (sbtest8.id between 9392832 and 9392932)  (cost=20.6 rows=101)
    -> Index range scan on sbtest8 using PRIMARY over (9392832 <= id <= 9392932)  (cost=20.6 rows=101)


for range-notcovered
table 1 : explain SELECT id, c FROM sbtest1 WHERE id BETWEEN 4339851 AND 4339951
	-> Filter: (sbtest1.id between 4339851 and 4339951)  (cost=20.6 rows=101)
    -> Index range scan on sbtest1 using PRIMARY over (4339851 <= id <= 4339951)  (cost=20.6 rows=101)


table 2 : explain SELECT id, c FROM sbtest2 WHERE id BETWEEN 4339851 AND 4339951
	-> Filter: (sbtest2.id between 4339851 and 4339951)  (cost=20.6 rows=101)
    -> Index range scan on sbtest2 using PRIMARY over (4339851 <= id <= 4339951)  (cost=20.6 rows=101)


table 3 : explain SELECT id, c FROM sbtest3 WHERE id BETWEEN 4339851 AND 4339951
	-> Filter: (sbtest3.id between 4339851 and 4339951)  (cost=20.6 rows=101)
    -> Index range scan on sbtest3 using PRIMARY over (4339851 <= id <= 4339951)  (cost=20.6 rows=101)


table 4 : explain SELECT id, c FROM sbtest4 WHERE id BETWEEN 4339851 AND 4339951
	-> Filter: (sbtest4.id between 4339851 and 4339951)  (cost=20.6 rows=101)
    -> Index range scan on sbtest4 using PRIMARY over (4339851 <= id <= 4339951)  (cost=20.6 rows=101)


table 5 : explain SELECT id, c FROM sbtest5 WHERE id BETWEEN 4339851 AND 4339951
	-> Filter: (sbtest5.id between 4339851 and 4339951)  (cost=20.6 rows=101)
    -> Index range scan on sbtest5 using PRIMARY over (4339851 <= id <= 4339951)  (cost=20.6 rows=101)


table 6 : explain SELECT id, c FROM sbtest6 WHERE id BETWEEN 4339851 AND 4339951
	-> Filter: (sbtest6.id between 4339851 and 4339951)  (cost=20.6 rows=101)
    -> Index range scan on sbtest6 using PRIMARY over (4339851 <= id <= 4339951)  (cost=20.6 rows=101)


table 7 : explain SELECT id, c FROM sbtest7 WHERE id BETWEEN 4339851 AND 4339951
	-> Filter: (sbtest7.id between 4339851 and 4339951)  (cost=20.6 rows=101)
    -> Index range scan on sbtest7 using PRIMARY over (4339851 <= id <= 4339951)  (cost=20.6 rows=101)


table 8 : explain SELECT id, c FROM sbtest8 WHERE id BETWEEN 4339851 AND 4339951
	-> Filter: (sbtest8.id between 4339851 and 4339951)  (cost=20.6 rows=101)
    -> Index range scan on sbtest8 using PRIMARY over (4339851 <= id <= 4339951)  (cost=20.6 rows=101)


for range-notcovered
table 1 : explain SELECT id, c FROM sbtest1 WHERE id BETWEEN 5652495 AND 5652595
	-> Filter: (sbtest1.id between 5652495 and 5652595)  (cost=20.6 rows=101)
    -> Index range scan on sbtest1 using PRIMARY over (5652495 <= id <= 5652595)  (cost=20.6 rows=101)


table 2 : explain SELECT id, c FROM sbtest2 WHERE id BETWEEN 5652495 AND 5652595
	-> Filter: (sbtest2.id between 5652495 and 5652595)  (cost=20.6 rows=101)
    -> Index range scan on sbtest2 using PRIMARY over (5652495 <= id <= 5652595)  (cost=20.6 rows=101)


table 3 : explain SELECT id, c FROM sbtest3 WHERE id BETWEEN 5652495 AND 5652595
	-> Filter: (sbtest3.id between 5652495 and 5652595)  (cost=20.6 rows=101)
    -> Index range scan on sbtest3 using PRIMARY over (5652495 <= id <= 5652595)  (cost=20.6 rows=101)


table 4 : explain SELECT id, c FROM sbtest4 WHERE id BETWEEN 5652495 AND 5652595
	-> Filter: (sbtest4.id between 5652495 and 5652595)  (cost=20.6 rows=101)
    -> Index range scan on sbtest4 using PRIMARY over (5652495 <= id <= 5652595)  (cost=20.6 rows=101)


table 5 : explain SELECT id, c FROM sbtest5 WHERE id BETWEEN 5652495 AND 5652595
	-> Filter: (sbtest5.id between 5652495 and 5652595)  (cost=20.6 rows=101)
    -> Index range scan on sbtest5 using PRIMARY over (5652495 <= id <= 5652595)  (cost=20.6 rows=101)


table 6 : explain SELECT id, c FROM sbtest6 WHERE id BETWEEN 5652495 AND 5652595
	-> Filter: (sbtest6.id between 5652495 and 5652595)  (cost=20.6 rows=101)
    -> Index range scan on sbtest6 using PRIMARY over (5652495 <= id <= 5652595)  (cost=20.6 rows=101)


table 7 : explain SELECT id, c FROM sbtest7 WHERE id BETWEEN 5652495 AND 5652595
	-> Filter: (sbtest7.id between 5652495 and 5652595)  (cost=20.6 rows=101)
    -> Index range scan on sbtest7 using PRIMARY over (5652495 <= id <= 5652595)  (cost=20.6 rows=101)


table 8 : explain SELECT id, c FROM sbtest8 WHERE id BETWEEN 5652495 AND 5652595
	-> Filter: (sbtest8.id between 5652495 and 5652595)  (cost=20.6 rows=101)
    -> Index range scan on sbtest8 using PRIMARY over (5652495 <= id <= 5652595)  (cost=20.6 rows=101)


for range-notcovered
table 1 : explain SELECT id, c FROM sbtest1 WHERE id BETWEEN 4118184 AND 4118284
	-> Filter: (sbtest1.id between 4118184 and 4118284)  (cost=20.6 rows=101)
    -> Index range scan on sbtest1 using PRIMARY over (4118184 <= id <= 4118284)  (cost=20.6 rows=101)


table 2 : explain SELECT id, c FROM sbtest2 WHERE id BETWEEN 4118184 AND 4118284
	-> Filter: (sbtest2.id between 4118184 and 4118284)  (cost=20.6 rows=101)
    -> Index range scan on sbtest2 using PRIMARY over (4118184 <= id <= 4118284)  (cost=20.6 rows=101)


table 3 : explain SELECT id, c FROM sbtest3 WHERE id BETWEEN 4118184 AND 4118284
	-> Filter: (sbtest3.id between 4118184 and 4118284)  (cost=20.6 rows=101)
    -> Index range scan on sbtest3 using PRIMARY over (4118184 <= id <= 4118284)  (cost=20.6 rows=101)


table 4 : explain SELECT id, c FROM sbtest4 WHERE id BETWEEN 4118184 AND 4118284
	-> Filter: (sbtest4.id between 4118184 and 4118284)  (cost=20.6 rows=101)
    -> Index range scan on sbtest4 using PRIMARY over (4118184 <= id <= 4118284)  (cost=20.6 rows=101)


table 5 : explain SELECT id, c FROM sbtest5 WHERE id BETWEEN 4118184 AND 4118284
	-> Filter: (sbtest5.id between 4118184 and 4118284)  (cost=20.6 rows=101)
    -> Index range scan on sbtest5 using PRIMARY over (4118184 <= id <= 4118284)  (cost=20.6 rows=101)


table 6 : explain SELECT id, c FROM sbtest6 WHERE id BETWEEN 4118184 AND 4118284
	-> Filter: (sbtest6.id between 4118184 and 4118284)  (cost=20.6 rows=101)
    -> Index range scan on sbtest6 using PRIMARY over (4118184 <= id <= 4118284)  (cost=20.6 rows=101)


table 7 : explain SELECT id, c FROM sbtest7 WHERE id BETWEEN 4118184 AND 4118284
	-> Filter: (sbtest7.id between 4118184 and 4118284)  (cost=20.6 rows=101)
    -> Index range scan on sbtest7 using PRIMARY over (4118184 <= id <= 4118284)  (cost=20.6 rows=101)


table 8 : explain SELECT id, c FROM sbtest8 WHERE id BETWEEN 4118184 AND 4118284
	-> Filter: (sbtest8.id between 4118184 and 4118284)  (cost=20.6 rows=101)
    -> Index range scan on sbtest8 using PRIMARY over (4118184 <= id <= 4118284)  (cost=20.6 rows=101)


for range-notcovered
table 1 : explain SELECT id, c FROM sbtest1 WHERE id BETWEEN 4270236 AND 4270336
	-> Filter: (sbtest1.id between 4270236 and 4270336)  (cost=20.6 rows=101)
    -> Index range scan on sbtest1 using PRIMARY over (4270236 <= id <= 4270336)  (cost=20.6 rows=101)


table 2 : explain SELECT id, c FROM sbtest2 WHERE id BETWEEN 4270236 AND 4270336
	-> Filter: (sbtest2.id between 4270236 and 4270336)  (cost=20.6 rows=101)
    -> Index range scan on sbtest2 using PRIMARY over (4270236 <= id <= 4270336)  (cost=20.6 rows=101)


table 3 : explain SELECT id, c FROM sbtest3 WHERE id BETWEEN 4270236 AND 4270336
	-> Filter: (sbtest3.id between 4270236 and 4270336)  (cost=20.6 rows=101)
    -> Index range scan on sbtest3 using PRIMARY over (4270236 <= id <= 4270336)  (cost=20.6 rows=101)


table 4 : explain SELECT id, c FROM sbtest4 WHERE id BETWEEN 4270236 AND 4270336
	-> Filter: (sbtest4.id between 4270236 and 4270336)  (cost=20.6 rows=101)
    -> Index range scan on sbtest4 using PRIMARY over (4270236 <= id <= 4270336)  (cost=20.6 rows=101)


table 5 : explain SELECT id, c FROM sbtest5 WHERE id BETWEEN 4270236 AND 4270336
	-> Filter: (sbtest5.id between 4270236 and 4270336)  (cost=20.6 rows=101)
    -> Index range scan on sbtest5 using PRIMARY over (4270236 <= id <= 4270336)  (cost=20.6 rows=101)


table 6 : explain SELECT id, c FROM sbtest6 WHERE id BETWEEN 4270236 AND 4270336
	-> Filter: (sbtest6.id between 4270236 and 4270336)  (cost=20.6 rows=101)
    -> Index range scan on sbtest6 using PRIMARY over (4270236 <= id <= 4270336)  (cost=20.6 rows=101)


table 7 : explain SELECT id, c FROM sbtest7 WHERE id BETWEEN 4270236 AND 4270336
	-> Filter: (sbtest7.id between 4270236 and 4270336)  (cost=20.6 rows=101)
    -> Index range scan on sbtest7 using PRIMARY over (4270236 <= id <= 4270336)  (cost=20.6 rows=101)


table 8 : explain SELECT id, c FROM sbtest8 WHERE id BETWEEN 4270236 AND 4270336
	-> Filter: (sbtest8.id between 4270236 and 4270336)  (cost=20.6 rows=101)
    -> Index range scan on sbtest8 using PRIMARY over (4270236 <= id <= 4270336)  (cost=20.6 rows=101)


explain: for range-notcovered :: explain SELECT id, c FROM sbtest%d WHERE id BETWEEN 4270236 AND 4270336
for range-notcovered
table 1 : explain SELECT id, c FROM sbtest1 WHERE id BETWEEN 7869894 AND 7869994
	-> Filter: (sbtest1.id between 7869894 and 7869994)  (cost=20.6 rows=101)
    -> Index range scan on sbtest1 using PRIMARY over (7869894 <= id <= 7869994)  (cost=20.6 rows=101)


table 2 : explain SELECT id, c FROM sbtest2 WHERE id BETWEEN 7869894 AND 7869994
	-> Filter: (sbtest2.id between 7869894 and 7869994)  (cost=20.6 rows=101)
    -> Index range scan on sbtest2 using PRIMARY over (7869894 <= id <= 7869994)  (cost=20.6 rows=101)


table 3 : explain SELECT id, c FROM sbtest3 WHERE id BETWEEN 7869894 AND 7869994
	-> Filter: (sbtest3.id between 7869894 and 7869994)  (cost=20.6 rows=101)
    -> Index range scan on sbtest3 using PRIMARY over (7869894 <= id <= 7869994)  (cost=20.6 rows=101)


table 4 : explain SELECT id, c FROM sbtest4 WHERE id BETWEEN 7869894 AND 7869994
	-> Filter: (sbtest4.id between 7869894 and 7869994)  (cost=20.6 rows=101)
    -> Index range scan on sbtest4 using PRIMARY over (7869894 <= id <= 7869994)  (cost=20.6 rows=101)


table 5 : explain SELECT id, c FROM sbtest5 WHERE id BETWEEN 7869894 AND 7869994
	-> Filter: (sbtest5.id between 7869894 and 7869994)  (cost=20.6 rows=101)
    -> Index range scan on sbtest5 using PRIMARY over (7869894 <= id <= 7869994)  (cost=20.6 rows=101)


table 6 : explain SELECT id, c FROM sbtest6 WHERE id BETWEEN 7869894 AND 7869994
	-> Filter: (sbtest6.id between 7869894 and 7869994)  (cost=20.6 rows=101)
    -> Index range scan on sbtest6 using PRIMARY over (7869894 <= id <= 7869994)  (cost=20.6 rows=101)


table 7 : explain SELECT id, c FROM sbtest7 WHERE id BETWEEN 7869894 AND 7869994
	-> Filter: (sbtest7.id between 7869894 and 7869994)  (cost=20.6 rows=101)
    -> Index range scan on sbtest7 using PRIMARY over (7869894 <= id <= 7869994)  (cost=20.6 rows=101)


table 8 : explain SELECT id, c FROM sbtest8 WHERE id BETWEEN 7869894 AND 7869994
	-> Filter: (sbtest8.id between 7869894 and 7869994)  (cost=20.6 rows=101)
    -> Index range scan on sbtest8 using PRIMARY over (7869894 <= id <= 7869994)  (cost=20.6 rows=101)


for range-notcovered
table 1 : explain SELECT id, c FROM sbtest1 WHERE id BETWEEN 961745 AND 961845
	-> Filter: (sbtest1.id between 961745 and 961845)  (cost=20.6 rows=101)
    -> Index range scan on sbtest1 using PRIMARY over (961745 <= id <= 961845)  (cost=20.6 rows=101)


table 2 : explain SELECT id, c FROM sbtest2 WHERE id BETWEEN 961745 AND 961845
	-> Filter: (sbtest2.id between 961745 and 961845)  (cost=20.6 rows=101)
    -> Index range scan on sbtest2 using PRIMARY over (961745 <= id <= 961845)  (cost=20.6 rows=101)


table 3 : explain SELECT id, c FROM sbtest3 WHERE id BETWEEN 961745 AND 961845
	-> Filter: (sbtest3.id between 961745 and 961845)  (cost=20.6 rows=101)
    -> Index range scan on sbtest3 using PRIMARY over (961745 <= id <= 961845)  (cost=20.6 rows=101)


table 4 : explain SELECT id, c FROM sbtest4 WHERE id BETWEEN 961745 AND 961845
	-> Filter: (sbtest4.id between 961745 and 961845)  (cost=20.6 rows=101)
    -> Index range scan on sbtest4 using PRIMARY over (961745 <= id <= 961845)  (cost=20.6 rows=101)


table 5 : explain SELECT id, c FROM sbtest5 WHERE id BETWEEN 961745 AND 961845
	-> Filter: (sbtest5.id between 961745 and 961845)  (cost=20.6 rows=101)
    -> Index range scan on sbtest5 using PRIMARY over (961745 <= id <= 961845)  (cost=20.6 rows=101)


table 6 : explain SELECT id, c FROM sbtest6 WHERE id BETWEEN 961745 AND 961845
	-> Filter: (sbtest6.id between 961745 and 961845)  (cost=20.6 rows=101)
    -> Index range scan on sbtest6 using PRIMARY over (961745 <= id <= 961845)  (cost=20.6 rows=101)


table 7 : explain SELECT id, c FROM sbtest7 WHERE id BETWEEN 961745 AND 961845
	-> Filter: (sbtest7.id between 961745 and 961845)  (cost=20.6 rows=101)
    -> Index range scan on sbtest7 using PRIMARY over (961745 <= id <= 961845)  (cost=20.6 rows=101)


table 8 : explain SELECT id, c FROM sbtest8 WHERE id BETWEEN 961745 AND 961845
	-> Filter: (sbtest8.id between 961745 and 961845)  (cost=20.6 rows=101)
    -> Index range scan on sbtest8 using PRIMARY over (961745 <= id <= 961845)  (cost=20.6 rows=101)


for range-notcovered
table 1 : explain SELECT id, c FROM sbtest1 WHERE id BETWEEN 4270236 AND 4270336
	-> Filter: (sbtest1.id between 4270236 and 4270336)  (cost=20.6 rows=101)
    -> Index range scan on sbtest1 using PRIMARY over (4270236 <= id <= 4270336)  (cost=20.6 rows=101)


table 2 : explain SELECT id, c FROM sbtest2 WHERE id BETWEEN 4270236 AND 4270336
	-> Filter: (sbtest2.id between 4270236 and 4270336)  (cost=20.6 rows=101)
    -> Index range scan on sbtest2 using PRIMARY over (4270236 <= id <= 4270336)  (cost=20.6 rows=101)


table 3 : explain SELECT id, c FROM sbtest3 WHERE id BETWEEN 4270236 AND 4270336
	-> Filter: (sbtest3.id between 4270236 and 4270336)  (cost=20.6 rows=101)
    -> Index range scan on sbtest3 using PRIMARY over (4270236 <= id <= 4270336)  (cost=20.6 rows=101)


table 4 : explain SELECT id, c FROM sbtest4 WHERE id BETWEEN 4270236 AND 4270336
	-> Filter: (sbtest4.id between 4270236 and 4270336)  (cost=20.6 rows=101)
    -> Index range scan on sbtest4 using PRIMARY over (4270236 <= id <= 4270336)  (cost=20.6 rows=101)


table 5 : explain SELECT id, c FROM sbtest5 WHERE id BETWEEN 4270236 AND 4270336
	-> Filter: (sbtest5.id between 4270236 and 4270336)  (cost=20.6 rows=101)
    -> Index range scan on sbtest5 using PRIMARY over (4270236 <= id <= 4270336)  (cost=20.6 rows=101)


table 6 : explain SELECT id, c FROM sbtest6 WHERE id BETWEEN 4270236 AND 4270336
	-> Filter: (sbtest6.id between 4270236 and 4270336)  (cost=20.6 rows=101)
    -> Index range scan on sbtest6 using PRIMARY over (4270236 <= id <= 4270336)  (cost=20.6 rows=101)


table 7 : explain SELECT id, c FROM sbtest7 WHERE id BETWEEN 4270236 AND 4270336
	-> Filter: (sbtest7.id between 4270236 and 4270336)  (cost=20.6 rows=101)
    -> Index range scan on sbtest7 using PRIMARY over (4270236 <= id <= 4270336)  (cost=20.6 rows=101)


table 8 : explain SELECT id, c FROM sbtest8 WHERE id BETWEEN 4270236 AND 4270336
	-> Filter: (sbtest8.id between 4270236 and 4270336)  (cost=20.6 rows=101)
    -> Index range scan on sbtest8 using PRIMARY over (4270236 <= id <= 4270336)  (cost=20.6 rows=101)


Threads started!

Warming up for 5 seconds...

SQL statistics:
    queries performed:
        read:                            207286598
        write:                           0
        other:                           0
        total:                           207286598
    transactions:                        207286598 (329024.21 per sec.)
    queries:                             207286598 (329024.21 per sec.)
    ignored errors:                      0      (0.00 per sec.)
    reconnects:                          0      (0.00 per sec.)

Throughput:
    events/s (eps):                      329024.2113
    time elapsed:                        630.0042s
    total number of events:              207286598

Latency (ms):
         min:                                    0.08
         avg:                                    0.12
         max:                                   24.13
         95th percentile:                        0.13
         sum:                             25123299.62

Threads fairness:
    events (avg/stddev):           5182157.8000/16706.83
    execution time (avg/stddev):   628.0825/0.04

