LUA_PATH=/home/mdcallag/git/mytools/bench/sysbench.lua/lua/?.lua /home/mdcallag/git/mytools/bench/sysbench.lua/lua/sysbench --db-driver=mysql --range-size=1000 --table-size=10000000 --tables=8 --threads=40 --events=0 --warmup-time=5 --time=630 /home/mdcallag/git/mytools/bench/sysbench.lua/lua/oltp_read_only.lua run --mysql-user=root --mysql-password=pw --mysql-host=127.0.0.1 --mysql-db=test --rand-type=uniform --simple-ranges=0 --sum-ranges=0 --order-ranges=0 --distinct-ranges=1
48 CPUs
sysbench 1.1.0-9072687 (using bundled LuaJIT 2.1.0-beta3)

Running the test with following options:
Number of threads: 40
Warmup time: 5s
Initializing random number generator from current time


Initializing worker threads...

explain: for point_selects :: explain SELECT c FROM sbtest%u WHERE id=%u
explain: for point_selects :: explain SELECT c FROM sbtest%u WHERE id=%u
explain: for point_selects :: explain SELECT c FROM sbtest%u WHERE id=%u
explain: for point_selects :: explain SELECT c FROM sbtest%u WHERE id=%u
explain: for point_selects :: explain SELECT c FROM sbtest%u WHERE id=%u
explain: for point_selects :: explain SELECT c FROM sbtest%u WHERE id=%u
explain: for point_selects :: explain SELECT c FROM sbtest%u WHERE id=%u
explain: for point_selects :: explain SELECT c FROM sbtest%u WHERE id=%u
explain: for point_selects :: explain SELECT c FROM sbtest%u WHERE id=%u
explain: for point_selects :: explain SELECT c FROM sbtest%u WHERE id=%u
explain: for point_selects :: explain SELECT c FROM sbtest%u WHERE id=%u
explain: for point_selects :: explain SELECT c FROM sbtest%u WHERE id=%u
explain: for point_selects :: explain SELECT c FROM sbtest%u WHERE id=%u
explain: for point_selects :: explain SELECT c FROM sbtest%u WHERE id=%u
explain: for point_selects :: explain SELECT c FROM sbtest%u WHERE id=%u
explain: for point_selects :: explain SELECT c FROM sbtest%u WHERE id=%u
explain: for point_selects :: explain SELECT c FROM sbtest%u WHERE id=%u
explain: for point_selects :: explain SELECT c FROM sbtest%u WHERE id=%u
explain: for point_selects :: explain SELECT c FROM sbtest%u WHERE id=%u
explain: for point_selects :: explain SELECT c FROM sbtest%u WHERE id=%u
explain: for point_selects :: explain SELECT c FROM sbtest%u WHERE id=%u
explain: for point_selects :: explain SELECT c FROM sbtest%u WHERE id=%u
explain: for point_selects :: explain SELECT c FROM sbtest%u WHERE id=%u
explain: for point_selects :: explain SELECT c FROM sbtest%u WHERE id=%u
explain: for point_selects :: explain SELECT c FROM sbtest%u WHERE id=%u
explain: for point_selects :: explain SELECT c FROM sbtest%u WHERE id=%u
for point_selects
table 1 : explain SELECT c FROM sbtest1 WHERE id=4814472
	-> Rows fetched before execution  (cost=0..0 rows=1)


table 2 : explain SELECT c FROM sbtest2 WHERE id=4823152
	-> Rows fetched before execution  (cost=0..0 rows=1)


table 3 : explain SELECT c FROM sbtest3 WHERE id=7374764
	-> Rows fetched before execution  (cost=0..0 rows=1)


table 4 : explain SELECT c FROM sbtest4 WHERE id=2658644
	-> Rows fetched before execution  (cost=0..0 rows=1)


table 5 : explain SELECT c FROM sbtest5 WHERE id=7561493
	-> Rows fetched before execution  (cost=0..0 rows=1)


table 6 : explain SELECT c FROM sbtest6 WHERE id=3562181
	-> Rows fetched before execution  (cost=0..0 rows=1)


table 7 : explain SELECT c FROM sbtest7 WHERE id=2850500
	-> Rows fetched before execution  (cost=0..0 rows=1)


table 8 : explain SELECT c FROM sbtest8 WHERE id=1752207
	-> Rows fetched before execution  (cost=0..0 rows=1)


explain: for point_selects :: explain SELECT c FROM sbtest%u WHERE id=%u
for point_selects
table 1 : explain SELECT c FROM sbtest1 WHERE id=2125662
	-> Rows fetched before execution  (cost=0..0 rows=1)


table 2 : explain SELECT c FROM sbtest2 WHERE id=1753164
	-> Rows fetched before execution  (cost=0..0 rows=1)


table 3 : explain SELECT c FROM sbtest3 WHERE id=6361918
	-> Rows fetched before execution  (cost=0..0 rows=1)


table 4 : explain SELECT c FROM sbtest4 WHERE id=8781384
	-> Rows fetched before execution  (cost=0..0 rows=1)


table 5 : explain SELECT c FROM sbtest5 WHERE id=7357232
	-> Rows fetched before execution  (cost=0..0 rows=1)


table 6 : explain SELECT c FROM sbtest6 WHERE id=4556013
	-> Rows fetched before execution  (cost=0..0 rows=1)


table 7 : explain SELECT c FROM sbtest7 WHERE id=7102022
	-> Rows fetched before execution  (cost=0..0 rows=1)


table 8 : explain SELECT c FROM sbtest8 WHERE id=3919533
	-> Rows fetched before execution  (cost=0..0 rows=1)


for point_selects
table 1 : explain SELECT c FROM sbtest1 WHERE id=2201735
	-> Rows fetched before execution  (cost=0..0 rows=1)


table 2 : explain SELECT c FROM sbtest2 WHERE id=5279435
	-> Rows fetched before execution  (cost=0..0 rows=1)


table 3 : explain SELECT c FROM sbtest3 WHERE id=5414883
	-> Rows fetched before execution  (cost=0..0 rows=1)


table 4 : explain SELECT c FROM sbtest4 WHERE id=6418460
	-> Rows fetched before execution  (cost=0..0 rows=1)


table 5 : explain SELECT c FROM sbtest5 WHERE id=3768087
	-> Rows fetched before execution  (cost=0..0 rows=1)


table 6 : explain SELECT c FROM sbtest6 WHERE id=8913384
	-> Rows fetched before execution  (cost=0..0 rows=1)


table 7 : explain SELECT c FROM sbtest7 WHERE id=2955164
	-> Rows fetched before execution  (cost=0..0 rows=1)


table 8 : explain SELECT c FROM sbtest8 WHERE id=6176413
	-> Rows fetched before execution  (cost=0..0 rows=1)


for point_selects
table 1 : explain SELECT c FROM sbtest1 WHERE id=6679455
	-> Rows fetched before execution  (cost=0..0 rows=1)


table 2 : explain SELECT c FROM sbtest2 WHERE id=7141643
	-> Rows fetched before execution  (cost=0..0 rows=1)


table 3 : explain SELECT c FROM sbtest3 WHERE id=4288575
	-> Rows fetched before execution  (cost=0..0 rows=1)


table 4 : explain SELECT c FROM sbtest4 WHERE id=3688478
	-> Rows fetched before execution  (cost=0..0 rows=1)


table 5 : explain SELECT c FROM sbtest5 WHERE id=7005992
	-> Rows fetched before execution  (cost=0..0 rows=1)


table 6 : explain SELECT c FROM sbtest6 WHERE id=2843800
	-> Rows fetched before execution  (cost=0..0 rows=1)


table 7 : explain SELECT c FROM sbtest7 WHERE id=4720762
	-> Rows fetched before execution  (cost=0..0 rows=1)


table 8 : explain SELECT c FROM sbtest8 WHERE id=4611960
	-> Rows fetched before execution  (cost=0..0 rows=1)


for point_selects
table 1 : explain SELECT c FROM sbtest1 WHERE id=3666478
	-> Rows fetched before execution  (cost=0..0 rows=1)


table 2 : explain SELECT c FROM sbtest2 WHERE id=9489689
	-> Rows fetched before execution  (cost=0..0 rows=1)


table 3 : explain SELECT c FROM sbtest3 WHERE id=6519366
	-> Rows fetched before execution  (cost=0..0 rows=1)


table 4 : explain SELECT c FROM sbtest4 WHERE id=1420509
	-> Rows fetched before execution  (cost=0..0 rows=1)


table 5 : explain SELECT c FROM sbtest5 WHERE id=7141040
	-> Rows fetched before execution  (cost=0..0 rows=1)


table 6 : explain SELECT c FROM sbtest6 WHERE id=9340388
	-> Rows fetched before execution  (cost=0..0 rows=1)


table 7 : explain SELECT c FROM sbtest7 WHERE id=2313689
	-> Rows fetched before execution  (cost=0..0 rows=1)


table 8 : explain SELECT c FROM sbtest8 WHERE id=8280935
	-> Rows fetched before execution  (cost=0..0 rows=1)


explain: for point_selects :: explain SELECT c FROM sbtest%u WHERE id=%ufor point_selects
table 1 : explain SELECT c FROM sbtest1 WHERE id=2632285
	-> Rows fetched before execution  (cost=0..0 rows=1)


table 2 : explain SELECT c FROM sbtest2 WHERE id=4126598
	-> Rows fetched before execution  (cost=0..0 rows=1)


table 3 : explain SELECT c FROM sbtest3 WHERE id=7873660
	-> Rows fetched before execution  (cost=0..0 rows=1)


table 4 : explain SELECT c FROM sbtest4 WHERE id=6662409
	-> Rows fetched before execution  (cost=0..0 rows=1)


table 5 : explain SELECT c FROM sbtest5 WHERE id=1590839
	-> Rows fetched before execution  (cost=0..0 rows=1)


table 6 : explain SELECT c FROM sbtest6 WHERE id=256898
	-> Rows fetched before execution  (cost=0..0 rows=1)


table 7 : explain SELECT c FROM sbtest7 WHERE id=6997779
	-> Rows fetched before execution  (cost=0..0 rows=1)


table 8 : explain SELECT c FROM sbtest8 WHERE id=3450556
	-> Rows fetched before execution  (cost=0..0 rows=1)


explain: for point_selects :: explain SELECT c FROM sbtest%u WHERE id=%uexplain: for point_selects :: explain SELECT c FROM sbtest%u WHERE id=%u
for point_selects
table 1 : explain SELECT c FROM sbtest1 WHERE id=1040644
	-> Rows fetched before execution  (cost=0..0 rows=1)


table 2 : explain SELECT c FROM sbtest2 WHERE id=4277052
	-> Rows fetched before execution  (cost=0..0 rows=1)


table 3 : explain SELECT c FROM sbtest3 WHERE id=8473020
	-> Rows fetched before execution  (cost=0..0 rows=1)


table 4 : explain SELECT c FROM sbtest4 WHERE id=3086287
	-> Rows fetched before execution  (cost=0..0 rows=1)


table 5 : explain SELECT c FROM sbtest5 WHERE id=5505473
	-> Rows fetched before execution  (cost=0..0 rows=1)


table 6 : explain SELECT c FROM sbtest6 WHERE id=603591
	-> Rows fetched before execution  (cost=0..0 rows=1)


table 7 : explain SELECT c FROM sbtest7 WHERE id=7458492
	-> Rows fetched before execution  (cost=0..0 rows=1)


table 8 : explain SELECT c FROM sbtest8 WHERE id=1985363
	-> Rows fetched before execution  (cost=0..0 rows=1)


for point_selects
table 1 : explain SELECT c FROM sbtest1 WHERE id=2790179
	-> Rows fetched before execution  (cost=0..0 rows=1)


table 2 : explain SELECT c FROM sbtest2 WHERE id=4103570
	-> Rows fetched before execution  (cost=0..0 rows=1)


table 3 : explain SELECT c FROM sbtest3 WHERE id=3921359
	-> Rows fetched before execution  (cost=0..0 rows=1)


table 4 : explain SELECT c FROM sbtest4 WHERE id=3842790
	-> Rows fetched before execution  (cost=0..0 rows=1)


table 5 : explain SELECT c FROM sbtest5 WHERE id=4533705
	-> Rows fetched before execution  (cost=0..0 rows=1)


table 6 : explain SELECT c FROM sbtest6 WHERE id=7470388
	-> Rows fetched before execution  (cost=0..0 rows=1)


table 7 : explain SELECT c FROM sbtest7 WHERE id=3583828
	-> Rows fetched before execution  (cost=0..0 rows=1)


table 8 : explain SELECT c FROM sbtest8 WHERE id=7991266
	-> Rows fetched before execution  (cost=0..0 rows=1)


explain: for point_selects :: explain SELECT c FROM sbtest%u WHERE id=%u
for point_selects
table 1 : explain SELECT c FROM sbtest1 WHERE id=8714545
	-> Rows fetched before execution  (cost=0..0 rows=1)


table 2 : explain SELECT c FROM sbtest2 WHERE id=6921399
	-> Rows fetched before execution  (cost=0..0 rows=1)


table 3 : explain SELECT c FROM sbtest3 WHERE id=3400145
	-> Rows fetched before execution  (cost=0..0 rows=1)


table 4 : explain SELECT c FROM sbtest4 WHERE id=8925702
	-> Rows fetched before execution  (cost=0..0 rows=1)


table 5 : explain SELECT c FROM sbtest5 WHERE id=3364162
	-> Rows fetched before execution  (cost=0..0 rows=1)


table 6 : explain SELECT c FROM sbtest6 WHERE id=6197258
	-> Rows fetched before execution  (cost=0..0 rows=1)


table 7 : explain SELECT c FROM sbtest7 WHERE id=8109078
	-> Rows fetched before execution  (cost=0..0 rows=1)


table 8 : explain SELECT c FROM sbtest8 WHERE id=9729668
	-> Rows fetched before execution  (cost=0..0 rows=1)

for point_selects
table 1 : explain SELECT c FROM sbtest1 WHERE id=2745164
	-> Rows fetched before execution  (cost=0..0 rows=1)


table 2 : explain SELECT c FROM sbtest2 WHERE id=1122694
	-> Rows fetched before execution  (cost=0..0 rows=1)


table 3 : explain SELECT c FROM sbtest3 WHERE id=7972527
	-> Rows fetched before execution  (cost=0..0 rows=1)


table 4 : explain SELECT c FROM sbtest4 WHERE id=1220818
	-> Rows fetched before execution  (cost=0..0 rows=1)


table 5 : explain SELECT c FROM sbtest5 WHERE id=53242
	-> Rows fetched before execution  (cost=0..0 rows=1)


table 6 : explain SELECT c FROM sbtest6 WHERE id=8299570
	-> Rows fetched before execution  (cost=0..0 rows=1)


table 7 : explain SELECT c FROM sbtest7 WHERE id=3168303
	-> Rows fetched before execution  (cost=0..0 rows=1)


table 8 : explain SELECT c FROM sbtest8 WHERE id=3146558
	-> Rows fetched before execution  (cost=0..0 rows=1)



for point_selects
table 1 : explain SELECT c FROM sbtest1 WHERE id=1738307
	-> Rows fetched before execution  (cost=0..0 rows=1)


table 2 : explain SELECT c FROM sbtest2 WHERE id=6458523
	-> Rows fetched before execution  (cost=0..0 rows=1)


table 3 : explain SELECT c FROM sbtest3 WHERE id=4178011
	-> Rows fetched before execution  (cost=0..0 rows=1)


table 4 : explain SELECT c FROM sbtest4 WHERE id=3188330
	-> Rows fetched before execution  (cost=0..0 rows=1)


table 5 : explain SELECT c FROM sbtest5 WHERE id=3437910
	-> Rows fetched before execution  (cost=0..0 rows=1)


table 6 : explain SELECT c FROM sbtest6 WHERE id=5356574
	-> Rows fetched before execution  (cost=0..0 rows=1)


table 7 : explain SELECT c FROM sbtest7 WHERE id=1505944
	-> Rows fetched before execution  (cost=0..0 rows=1)


table 8 : explain SELECT c FROM sbtest8 WHERE id=5709636
	-> Rows fetched before execution  (cost=0..0 rows=1)


explain: for point_selects :: explain SELECT c FROM sbtest%u WHERE id=%u
for point_selects
table 1 : explain SELECT c FROM sbtest1 WHERE id=3896360
	-> Rows fetched before execution  (cost=0..0 rows=1)


table 2 : explain SELECT c FROM sbtest2 WHERE id=2650535
	-> Rows fetched before execution  (cost=0..0 rows=1)


table 3 : explain SELECT c FROM sbtest3 WHERE id=69648
	-> Rows fetched before execution  (cost=0..0 rows=1)


table 4 : explain SELECT c FROM sbtest4 WHERE id=8227833
	-> Rows fetched before execution  (cost=0..0 rows=1)


table 5 : explain SELECT c FROM sbtest5 WHERE id=4407317
	-> Rows fetched before execution  (cost=0..0 rows=1)


table 6 : explain SELECT c FROM sbtest6 WHERE id=4194951
	-> Rows fetched before execution  (cost=0..0 rows=1)


table 7 : explain SELECT c FROM sbtest7 WHERE id=4444332
	-> Rows fetched before execution  (cost=0..0 rows=1)


table 8 : explain SELECT c FROM sbtest8 WHERE id=4661092
	-> Rows fetched before execution  (cost=0..0 rows=1)

for point_selects
table 1 : explain SELECT c FROM sbtest1 WHERE id=905590
	-> Rows fetched before execution  (cost=0..0 rows=1)


table 2 : explain SELECT c FROM sbtest2 WHERE id=1995577
	-> Rows fetched before execution  (cost=0..0 rows=1)


table 3 : explain SELECT c FROM sbtest3 WHERE id=6582295
	-> Rows fetched before execution  (cost=0..0 rows=1)


table 4 : explain SELECT c FROM sbtest4 WHERE id=3709931
	-> Rows fetched before execution  (cost=0..0 rows=1)


table 5 : explain SELECT c FROM sbtest5 WHERE id=3305338
	-> Rows fetched before execution  (cost=0..0 rows=1)


table 6 : explain SELECT c FROM sbtest6 WHERE id=1836057
	-> Rows fetched before execution  (cost=0..0 rows=1)


table 7 : explain SELECT c FROM sbtest7 WHERE id=8946353
	-> Rows fetched before execution  (cost=0..0 rows=1)


table 8 : explain SELECT c FROM sbtest8 WHERE id=4968190
	-> Rows fetched before execution  (cost=0..0 rows=1)


for point_selects
table 1 : explain SELECT c FROM sbtest1 WHERE id=9454355
	-> Rows fetched before execution  (cost=0..0 rows=1)


table 2 : explain SELECT c FROM sbtest2 WHERE id=9967700
	-> Rows fetched before execution  (cost=0..0 rows=1)


table 3 : explain SELECT c FROM sbtest3 WHERE id=5088389
	-> Rows fetched before execution  (cost=0..0 rows=1)


table 4 : explain SELECT c FROM sbtest4 WHERE id=5862543
	-> Rows fetched before execution  (cost=0..0 rows=1)


table 5 : explain SELECT c FROM sbtest5 WHERE id=9749972
	-> Rows fetched before execution  (cost=0..0 rows=1)


table 6 : explain SELECT c FROM sbtest6 WHERE id=9650927
	-> Rows fetched before execution  (cost=0..0 rows=1)


table 7 : explain SELECT c FROM sbtest7 WHERE id=7105865
	-> Rows fetched before execution  (cost=0..0 rows=1)


table 8 : explain SELECT c FROM sbtest8 WHERE id=4052328
	-> Rows fetched before execution  (cost=0..0 rows=1)


for point_selects
table 1 : explain SELECT c FROM sbtest1 WHERE id=4685122
	-> Rows fetched before execution  (cost=0..0 rows=1)


table 2 : explain SELECT c FROM sbtest2 WHERE id=3974951
	-> Rows fetched before execution  (cost=0..0 rows=1)


table 3 : explain SELECT c FROM sbtest3 WHERE id=1288443
	-> Rows fetched before execution  (cost=0..0 rows=1)


table 4 : explain SELECT c FROM sbtest4 WHERE id=1798945
	-> Rows fetched before execution  (cost=0..0 rows=1)


table 5 : explain SELECT c FROM sbtest5 WHERE id=6336686
	-> Rows fetched before execution  (cost=0..0 rows=1)


table 6 : explain SELECT c FROM sbtest6 WHERE id=4876432
	-> Rows fetched before execution  (cost=0..0 rows=1)


table 7 : explain SELECT c FROM sbtest7 WHERE id=1847842
	-> Rows fetched before execution  (cost=0..0 rows=1)


table 8 : explain SELECT c FROM sbtest8 WHERE id=267775
	-> Rows fetched before execution  (cost=0..0 rows=1)


for point_selects
table 1 : explain SELECT c FROM sbtest1 WHERE id=2003136
	-> Rows fetched before execution  (cost=0..0 rows=1)


table 2 : explain SELECT c FROM sbtest2 WHERE id=7726453
	-> Rows fetched before execution  (cost=0..0 rows=1)


table 3 : explain SELECT c FROM sbtest3 WHERE id=9277073
	-> Rows fetched before execution  (cost=0..0 rows=1)


table 4 : explain SELECT c FROM sbtest4 WHERE id=323585
	-> Rows fetched before execution  (cost=0..0 rows=1)


table 5 : explain SELECT c FROM sbtest5 WHERE id=8801323
	-> Rows fetched before execution  (cost=0..0 rows=1)


table 6 : explain SELECT c FROM sbtest6 WHERE id=9403451
	-> Rows fetched before execution  (cost=0..0 rows=1)


table 7 : explain SELECT c FROM sbtest7 WHERE id=5683897
	-> Rows fetched before execution  (cost=0..0 rows=1)


table 8 : explain SELECT c FROM sbtest8 WHERE id=3260555
	-> Rows fetched before execution  (cost=0..0 rows=1)


for point_selects
table 1 : explain SELECT c FROM sbtest1 WHERE id=2632501
	-> Rows fetched before execution  (cost=0..0 rows=1)


table 2 : explain SELECT c FROM sbtest2 WHERE id=8297570
	-> Rows fetched before execution  (cost=0..0 rows=1)


table 3 : explain SELECT c FROM sbtest3 WHERE id=6220163
	-> Rows fetched before execution  (cost=0..0 rows=1)


table 4 : explain SELECT c FROM sbtest4 WHERE id=6619940
	-> Rows fetched before execution  (cost=0..0 rows=1)


table 5 : explain SELECT c FROM sbtest5 WHERE id=7206742
	-> Rows fetched before execution  (cost=0..0 rows=1)


table 6 : explain SELECT c FROM sbtest6 WHERE id=812151
	-> Rows fetched before execution  (cost=0..0 rows=1)


table 7 : explain SELECT c FROM sbtest7 WHERE id=9358057
	-> Rows fetched before execution  (cost=0..0 rows=1)


table 8 : explain SELECT c FROM sbtest8 WHERE id=1703978
	-> Rows fetched before execution  (cost=0..0 rows=1)



for point_selects
table 1 : explain SELECT c FROM sbtest1 WHERE id=1445011
	-> Rows fetched before execution  (cost=0..0 rows=1)


table 2 : explain SELECT c FROM sbtest2 WHERE id=1168900
	-> Rows fetched before execution  (cost=0..0 rows=1)


table 3 : explain SELECT c FROM sbtest3 WHERE id=5506986
	-> Rows fetched before execution  (cost=0..0 rows=1)


table 4 : explain SELECT c FROM sbtest4 WHERE id=1675484
	-> Rows fetched before execution  (cost=0..0 rows=1)


table 5 : explain SELECT c FROM sbtest5 WHERE id=6155410
	-> Rows fetched before execution  (cost=0..0 rows=1)


table 6 : explain SELECT c FROM sbtest6 WHERE id=960011
	-> Rows fetched before execution  (cost=0..0 rows=1)


table 7 : explain SELECT c FROM sbtest7 WHERE id=8454046
	-> Rows fetched before execution  (cost=0..0 rows=1)


table 8 : explain SELECT c FROM sbtest8 WHERE id=9442841
	-> Rows fetched before execution  (cost=0..0 rows=1)


for point_selects
table 1 : explain SELECT c FROM sbtest1 WHERE id=3938082
	-> Rows fetched before execution  (cost=0..0 rows=1)


table 2 : explain SELECT c FROM sbtest2 WHERE id=7088755
	-> Rows fetched before execution  (cost=0..0 rows=1)


table 3 : explain SELECT c FROM sbtest3 WHERE id=6321282
	-> Rows fetched before execution  (cost=0..0 rows=1)


table 4 : explain SELECT c FROM sbtest4 WHERE id=3513040
	-> Rows fetched before execution  (cost=0..0 rows=1)


table 5 : explain SELECT c FROM sbtest5 WHERE id=2056485
	-> Rows fetched before execution  (cost=0..0 rows=1)


table 6 : explain SELECT c FROM sbtest6 WHERE id=2157027
	-> Rows fetched before execution  (cost=0..0 rows=1)


table 7 : explain SELECT c FROM sbtest7 WHERE id=2795275
	-> Rows fetched before execution  (cost=0..0 rows=1)


table 8 : explain SELECT c FROM sbtest8 WHERE id=8182420
	-> Rows fetched before execution  (cost=0..0 rows=1)


explain: for point_selects :: explain SELECT c FROM sbtest%u WHERE id=%u
for point_selects
table 1 : explain SELECT c FROM sbtest1 WHERE id=8106923
	-> Rows fetched before execution  (cost=0..0 rows=1)


table 2 : explain SELECT c FROM sbtest2 WHERE id=4285657
	-> Rows fetched before execution  (cost=0..0 rows=1)


table 3 : explain SELECT c FROM sbtest3 WHERE id=9916436
	-> Rows fetched before execution  (cost=0..0 rows=1)


table 4 : explain SELECT c FROM sbtest4 WHERE id=7375558
	-> Rows fetched before execution  (cost=0..0 rows=1)


table 5 : explain SELECT c FROM sbtest5 WHERE id=6859330
	-> Rows fetched before execution  (cost=0..0 rows=1)


table 6 : explain SELECT c FROM sbtest6 WHERE id=7196884
	-> Rows fetched before execution  (cost=0..0 rows=1)


table 7 : explain SELECT c FROM sbtest7 WHERE id=3162395
	-> Rows fetched before execution  (cost=0..0 rows=1)


table 8 : explain SELECT c FROM sbtest8 WHERE id=966785
	-> Rows fetched before execution  (cost=0..0 rows=1)


for point_selects
table 1 : explain SELECT c FROM sbtest1 WHERE id=1243230
	-> Rows fetched before execution  (cost=0..0 rows=1)


table 2 : explain SELECT c FROM sbtest2 WHERE id=7748523
	-> Rows fetched before execution  (cost=0..0 rows=1)


table 3 : explain SELECT c FROM sbtest3 WHERE id=9697399
	-> Rows fetched before execution  (cost=0..0 rows=1)


table 4 : explain SELECT c FROM sbtest4 WHERE id=2221025
	-> Rows fetched before execution  (cost=0..0 rows=1)


table 5 : explain SELECT c FROM sbtest5 WHERE id=3886557
	-> Rows fetched before execution  (cost=0..0 rows=1)


table 6 : explain SELECT c FROM sbtest6 WHERE id=3415096
	-> Rows fetched before execution  (cost=0..0 rows=1)


table 7 : explain SELECT c FROM sbtest7 WHERE id=2787769
	-> Rows fetched before execution  (cost=0..0 rows=1)


table 8 : explain SELECT c FROM sbtest8 WHERE id=880958
	-> Rows fetched before execution  (cost=0..0 rows=1)



for point_selects
table 1 : explain SELECT c FROM sbtest1 WHERE id=6197103
	-> Rows fetched before execution  (cost=0..0 rows=1)


table 2 : explain SELECT c FROM sbtest2 WHERE id=3701903
	-> Rows fetched before execution  (cost=0..0 rows=1)


table 3 : explain SELECT c FROM sbtest3 WHERE id=6800083
	-> Rows fetched before execution  (cost=0..0 rows=1)


table 4 : explain SELECT c FROM sbtest4 WHERE id=8748338
	-> Rows fetched before execution  (cost=0..0 rows=1)


table 5 : explain SELECT c FROM sbtest5 WHERE id=4806143
	-> Rows fetched before execution  (cost=0..0 rows=1)


table 6 : explain SELECT c FROM sbtest6 WHERE id=9748169
	-> Rows fetched before execution  (cost=0..0 rows=1)


table 7 : explain SELECT c FROM sbtest7 WHERE id=6437408
	-> Rows fetched before execution  (cost=0..0 rows=1)


table 8 : explain SELECT c FROM sbtest8 WHERE id=6337330
	-> Rows fetched before execution  (cost=0..0 rows=1)


for point_selects
table 1 : explain SELECT c FROM sbtest1 WHERE id=8032204
	-> Rows fetched before execution  (cost=0..0 rows=1)


table 2 : explain SELECT c FROM sbtest2 WHERE id=9965185
	-> Rows fetched before execution  (cost=0..0 rows=1)


table 3 : explain SELECT c FROM sbtest3 WHERE id=8616598
	-> Rows fetched before execution  (cost=0..0 rows=1)


table 4 : explain SELECT c FROM sbtest4 WHERE id=977914
	-> Rows fetched before execution  (cost=0..0 rows=1)


table 5 : explain SELECT c FROM sbtest5 WHERE id=3676026
	-> Rows fetched before execution  (cost=0..0 rows=1)


table 6 : explain SELECT c FROM sbtest6 WHERE id=1838979
	-> Rows fetched before execution  (cost=0..0 rows=1)


table 7 : explain SELECT c FROM sbtest7 WHERE id=7070347
	-> Rows fetched before execution  (cost=0..0 rows=1)


table 8 : explain SELECT c FROM sbtest8 WHERE id=3697013
	-> Rows fetched before execution  (cost=0..0 rows=1)


for point_selects
table 1 : explain SELECT c FROM sbtest1 WHERE id=5985974
	-> Rows fetched before execution  (cost=0..0 rows=1)


table 2 : explain SELECT c FROM sbtest2 WHERE id=8048517
	-> Rows fetched before execution  (cost=0..0 rows=1)


table 3 : explain SELECT c FROM sbtest3 WHERE id=3044690
	-> Rows fetched before execution  (cost=0..0 rows=1)


table 4 : explain SELECT c FROM sbtest4 WHERE id=5243025
	-> Rows fetched before execution  (cost=0..0 rows=1)


table 5 : explain SELECT c FROM sbtest5 WHERE id=720589
	-> Rows fetched before execution  (cost=0..0 rows=1)


table 6 : explain SELECT c FROM sbtest6 WHERE id=744989
	-> Rows fetched before execution  (cost=0..0 rows=1)


table 7 : explain SELECT c FROM sbtest7 WHERE id=515689
	-> Rows fetched before execution  (cost=0..0 rows=1)


table 8 : explain SELECT c FROM sbtest8 WHERE id=7311845
	-> Rows fetched before execution  (cost=0..0 rows=1)



for point_selects
table 1 : explain SELECT c FROM sbtest1 WHERE id=7548771
	-> Rows fetched before execution  (cost=0..0 rows=1)


table 2 : explain SELECT c FROM sbtest2 WHERE id=9756893
	-> Rows fetched before execution  (cost=0..0 rows=1)


table 3 : explain SELECT c FROM sbtest3 WHERE id=7003016
	-> Rows fetched before execution  (cost=0..0 rows=1)


table 4 : explain SELECT c FROM sbtest4 WHERE id=502491
	-> Rows fetched before execution  (cost=0..0 rows=1)


table 5 : explain SELECT c FROM sbtest5 WHERE id=2761284
	-> Rows fetched before execution  (cost=0..0 rows=1)


table 6 : explain SELECT c FROM sbtest6 WHERE id=1453690
	-> Rows fetched before execution  (cost=0..0 rows=1)


table 7 : explain SELECT c FROM sbtest7 WHERE id=6818199
	-> Rows fetched before execution  (cost=0..0 rows=1)


table 8 : explain SELECT c FROM sbtest8 WHERE id=6086366
	-> Rows fetched before execution  (cost=0..0 rows=1)


explain: for point_selects :: explain SELECT c FROM sbtest%u WHERE id=%u
for point_selects
table 1 : explain SELECT c FROM sbtest1 WHERE id=6461617
	-> Rows fetched before execution  (cost=0..0 rows=1)


table 2 : explain SELECT c FROM sbtest2 WHERE id=3987117
	-> Rows fetched before execution  (cost=0..0 rows=1)


table 3 : explain SELECT c FROM sbtest3 WHERE id=4212519
	-> Rows fetched before execution  (cost=0..0 rows=1)


table 4 : explain SELECT c FROM sbtest4 WHERE id=7489597
	-> Rows fetched before execution  (cost=0..0 rows=1)


table 5 : explain SELECT c FROM sbtest5 WHERE id=9357557
	-> Rows fetched before execution  (cost=0..0 rows=1)


table 6 : explain SELECT c FROM sbtest6 WHERE id=3256775
	-> Rows fetched before execution  (cost=0..0 rows=1)


table 7 : explain SELECT c FROM sbtest7 WHERE id=8084304
	-> Rows fetched before execution  (cost=0..0 rows=1)


table 8 : explain SELECT c FROM sbtest8 WHERE id=8194917
	-> Rows fetched before execution  (cost=0..0 rows=1)


for point_selects
table 1 : explain SELECT c FROM sbtest1 WHERE id=3769375
	-> Rows fetched before execution  (cost=0..0 rows=1)


table 2 : explain SELECT c FROM sbtest2 WHERE id=4997323
	-> Rows fetched before execution  (cost=0..0 rows=1)


table 3 : explain SELECT c FROM sbtest3 WHERE id=7746310
	-> Rows fetched before execution  (cost=0..0 rows=1)


table 4 : explain SELECT c FROM sbtest4 WHERE id=7267962
	-> Rows fetched before execution  (cost=0..0 rows=1)


table 5 : explain SELECT c FROM sbtest5 WHERE id=6897374
	-> Rows fetched before execution  (cost=0..0 rows=1)


table 6 : explain SELECT c FROM sbtest6 WHERE id=1067385
	-> Rows fetched before execution  (cost=0..0 rows=1)


table 7 : explain SELECT c FROM sbtest7 WHERE id=3728020
	-> Rows fetched before execution  (cost=0..0 rows=1)


table 8 : explain SELECT c FROM sbtest8 WHERE id=297704
	-> Rows fetched before execution  (cost=0..0 rows=1)

explain: for point_selects :: explain SELECT c FROM sbtest%u WHERE id=%uexplain: for point_selects :: explain SELECT c FROM sbtest%u WHERE id=%u
explain: for point_selects :: explain SELECT c FROM sbtest%u WHERE id=%u


for point_selects
table 1 : explain SELECT c FROM sbtest1 WHERE id=1402135
	-> Rows fetched before execution  (cost=0..0 rows=1)


table 2 : explain SELECT c FROM sbtest2 WHERE id=4126810
	-> Rows fetched before execution  (cost=0..0 rows=1)


table 3 : explain SELECT c FROM sbtest3 WHERE id=2919128
	-> Rows fetched before execution  (cost=0..0 rows=1)


table 4 : explain SELECT c FROM sbtest4 WHERE id=8114621
	-> Rows fetched before execution  (cost=0..0 rows=1)


table 5 : explain SELECT c FROM sbtest5 WHERE id=982743
	-> Rows fetched before execution  (cost=0..0 rows=1)


table 6 : explain SELECT c FROM sbtest6 WHERE id=1923593
	-> Rows fetched before execution  (cost=0..0 rows=1)


table 7 : explain SELECT c FROM sbtest7 WHERE id=1977467
	-> Rows fetched before execution  (cost=0..0 rows=1)


table 8 : explain SELECT c FROM sbtest8 WHERE id=7991053
	-> Rows fetched before execution  (cost=0..0 rows=1)


for point_selects
table 1 : explain SELECT c FROM sbtest1 WHERE id=3735432
	-> Rows fetched before execution  (cost=0..0 rows=1)


table 2 : explain SELECT c FROM sbtest2 WHERE id=7007209
	-> Rows fetched before execution  (cost=0..0 rows=1)


table 3 : explain SELECT c FROM sbtest3 WHERE id=5702998
	-> Rows fetched before execution  (cost=0..0 rows=1)


table 4 : explain SELECT c FROM sbtest4 WHERE id=3747511
	-> Rows fetched before execution  (cost=0..0 rows=1)


table 5 : explain SELECT c FROM sbtest5 WHERE id=4209968
	-> Rows fetched before execution  (cost=0..0 rows=1)


table 6 : explain SELECT c FROM sbtest6 WHERE id=5146536
	-> Rows fetched before execution  (cost=0..0 rows=1)


table 7 : explain SELECT c FROM sbtest7 WHERE id=2206676
	-> Rows fetched before execution  (cost=0..0 rows=1)


table 8 : explain SELECT c FROM sbtest8 WHERE id=3168497
	-> Rows fetched before execution  (cost=0..0 rows=1)


explain: for point_selects :: explain SELECT c FROM sbtest%u WHERE id=%u
for point_selects
table 1 : explain SELECT c FROM sbtest1 WHERE id=3491887
	-> Rows fetched before execution  (cost=0..0 rows=1)


table 2 : explain SELECT c FROM sbtest2 WHERE id=7903353
	-> Rows fetched before execution  (cost=0..0 rows=1)


table 3 : explain SELECT c FROM sbtest3 WHERE id=4605390
	-> Rows fetched before execution  (cost=0..0 rows=1)


table 4 : explain SELECT c FROM sbtest4 WHERE id=4030327
	-> Rows fetched before execution  (cost=0..0 rows=1)


table 5 : explain SELECT c FROM sbtest5 WHERE id=3093077
	-> Rows fetched before execution  (cost=0..0 rows=1)


table 6 : explain SELECT c FROM sbtest6 WHERE id=1332716
	-> Rows fetched before execution  (cost=0..0 rows=1)


table 7 : explain SELECT c FROM sbtest7 WHERE id=9261924
	-> Rows fetched before execution  (cost=0..0 rows=1)


table 8 : explain SELECT c FROM sbtest8 WHERE id=3905355
	-> Rows fetched before execution  (cost=0..0 rows=1)


for point_selects
table 1 : explain SELECT c FROM sbtest1 WHERE id=4962604
	-> Rows fetched before execution  (cost=0..0 rows=1)


table 2 : explain SELECT c FROM sbtest2 WHERE id=1995188
	-> Rows fetched before execution  (cost=0..0 rows=1)


table 3 : explain SELECT c FROM sbtest3 WHERE id=888692
	-> Rows fetched before execution  (cost=0..0 rows=1)


table 4 : explain SELECT c FROM sbtest4 WHERE id=4833515
	-> Rows fetched before execution  (cost=0..0 rows=1)


table 5 : explain SELECT c FROM sbtest5 WHERE id=5335708
	-> Rows fetched before execution  (cost=0..0 rows=1)


table 6 : explain SELECT c FROM sbtest6 WHERE id=2517318
	-> Rows fetched before execution  (cost=0..0 rows=1)


table 7 : explain SELECT c FROM sbtest7 WHERE id=6377180
	-> Rows fetched before execution  (cost=0..0 rows=1)


table 8 : explain SELECT c FROM sbtest8 WHERE id=4666805
	-> Rows fetched before execution  (cost=0..0 rows=1)


for: simple_ranges
table 1 : explain SELECT c FROM sbtest1 WHERE id BETWEEN 6662657 AND 6663656
	-> Filter: (sbtest1.id between 6662657 and 6663656)  (cost=371 rows=1838)
    -> Index range scan on sbtest1 using PRIMARY over (6662657 <= id <= 6663656)  (cost=371 rows=1838)


table 2 : explain SELECT c FROM sbtest2 WHERE id BETWEEN 9245576 AND 9246575
	-> Filter: (sbtest2.id between 9245576 and 9246575)  (cost=378 rows=1872)
    -> Index range scan on sbtest2 using PRIMARY over (9245576 <= id <= 9246575)  (cost=378 rows=1872)


table 3 : explain SELECT c FROM sbtest3 WHERE id BETWEEN 5053857 AND 5054856
	-> Filter: (sbtest3.id between 5053857 and 5054856)  (cost=371 rows=1838)
    -> Index range scan on sbtest3 using PRIMARY over (5053857 <= id <= 5054856)  (cost=371 rows=1838)


table 4 : explain SELECT c FROM sbtest4 WHERE id BETWEEN 1223498 AND 1224497
	-> Filter: (sbtest4.id between 1223498 and 1224497)  (cost=371 rows=1838)
    -> Index range scan on sbtest4 using PRIMARY over (1223498 <= id <= 1224497)  (cost=371 rows=1838)


table 5 : explain SELECT c FROM sbtest5 WHERE id BETWEEN 2815963 AND 2816962
	-> Filter: (sbtest5.id between 2815963 and 2816962)  (cost=371 rows=1838)
    -> Index range scan on sbtest5 using PRIMARY over (2815963 <= id <= 2816962)  (cost=371 rows=1838)


table 6 : explain SELECT c FROM sbtest6 WHERE id BETWEEN 3134846 AND 3135845
	-> Filter: (sbtest6.id between 3134846 and 3135845)  (cost=371 rows=1838)
    -> Index range scan on sbtest6 using PRIMARY over (3134846 <= id <= 3135845)  (cost=371 rows=1838)


table 7 : explain SELECT c FROM sbtest7 WHERE id BETWEEN 7197161 AND 7198160
	-> Filter: (sbtest7.id between 7197161 and 7198160)  (cost=371 rows=1838)
    -> Index range scan on sbtest7 using PRIMARY over (7197161 <= id <= 7198160)  (cost=371 rows=1838)


table 8 : explain SELECT c FROM sbtest8 WHERE id BETWEEN 8240444 AND 8241443
	-> Filter: (sbtest8.id between 8240444 and 8241443)  (cost=378 rows=1872)
    -> Index range scan on sbtest8 using PRIMARY over (8240444 <= id <= 8241443)  (cost=378 rows=1872)


for: simple_ranges
table 1 : explain SELECT c FROM sbtest1 WHERE id BETWEEN 9956498 AND 9957497
	-> Filter: (sbtest1.id between 9956498 and 9957497)  (cost=371 rows=1838)
    -> Index range scan on sbtest1 using PRIMARY over (9956498 <= id <= 9957497)  (cost=371 rows=1838)


table 2 : explain SELECT c FROM sbtest2 WHERE id BETWEEN 672371 AND 673370
	-> Filter: (sbtest2.id between 672371 and 673370)  (cost=378 rows=1872)
    -> Index range scan on sbtest2 using PRIMARY over (672371 <= id <= 673370)  (cost=378 rows=1872)


table 3 : explain SELECT c FROM sbtest3 WHERE id BETWEEN 216666 AND 217665
	-> Filter: (sbtest3.id between 216666 and 217665)  (cost=371 rows=1838)
    -> Index range scan on sbtest3 using PRIMARY over (216666 <= id <= 217665)  (cost=371 rows=1838)


table 4 : explain SELECT c FROM sbtest4 WHERE id BETWEEN 1434043 AND 1435042
	-> Filter: (sbtest4.id between 1434043 and 1435042)  (cost=371 rows=1838)
    -> Index range scan on sbtest4 using PRIMARY over (1434043 <= id <= 1435042)  (cost=371 rows=1838)


table 5 : explain SELECT c FROM sbtest5 WHERE id BETWEEN 5014243 AND 5015242
	-> Filter: (sbtest5.id between 5014243 and 5015242)  (cost=371 rows=1838)
    -> Index range scan on sbtest5 using PRIMARY over (5014243 <= id <= 5015242)  (cost=371 rows=1838)


table 6 : explain SELECT c FROM sbtest6 WHERE id BETWEEN 4088008 AND 4089007
	-> Filter: (sbtest6.id between 4088008 and 4089007)  (cost=371 rows=1838)
    -> Index range scan on sbtest6 using PRIMARY over (4088008 <= id <= 4089007)  (cost=371 rows=1838)


table 7 : explain SELECT c FROM sbtest7 WHERE id BETWEEN 7565325 AND 7566324
	-> Filter: (sbtest7.id between 7565325 and 7566324)  (cost=378 rows=1872)
    -> Index range scan on sbtest7 using PRIMARY over (7565325 <= id <= 7566324)  (cost=378 rows=1872)


table 8 : explain SELECT c FROM sbtest8 WHERE id BETWEEN 2329657 AND 2330656
	-> Filter: (sbtest8.id between 2329657 and 2330656)  (cost=371 rows=1838)
    -> Index range scan on sbtest8 using PRIMARY over (2329657 <= id <= 2330656)  (cost=371 rows=1838)


explain: for point_selects :: explain SELECT c FROM sbtest%u WHERE id=%u
for: simple_ranges
table 1 : explain SELECT c FROM sbtest1 WHERE id BETWEEN 328380 AND 329379
	-> Filter: (sbtest1.id between 328380 and 329379)  (cost=371 rows=1838)
    -> Index range scan on sbtest1 using PRIMARY over (328380 <= id <= 329379)  (cost=371 rows=1838)


table 2 : explain SELECT c FROM sbtest2 WHERE id BETWEEN 2724576 AND 2725575
	-> Filter: (sbtest2.id between 2724576 and 2725575)  (cost=371 rows=1838)
    -> Index range scan on sbtest2 using PRIMARY over (2724576 <= id <= 2725575)  (cost=371 rows=1838)


table 3 : explain SELECT c FROM sbtest3 WHERE id BETWEEN 217749 AND 218748
	-> Filter: (sbtest3.id between 217749 and 218748)  (cost=371 rows=1838)
    -> Index range scan on sbtest3 using PRIMARY over (217749 <= id <= 218748)  (cost=371 rows=1838)


table 4 : explain SELECT c FROM sbtest4 WHERE id BETWEEN 394208 AND 395207
	-> Filter: (sbtest4.id between 394208 and 395207)  (cost=371 rows=1838)
    -> Index range scan on sbtest4 using PRIMARY over (394208 <= id <= 395207)  (cost=371 rows=1838)


table 5 : explain SELECT c FROM sbtest5 WHERE id BETWEEN 9947179 AND 9948178
	-> Filter: (sbtest5.id between 9947179 and 9948178)  (cost=378 rows=1872)
    -> Index range scan on sbtest5 using PRIMARY over (9947179 <= id <= 9948178)  (cost=378 rows=1872)


table 6 : explain SELECT c FROM sbtest6 WHERE id BETWEEN 3970299 AND 3971298
	-> Filter: (sbtest6.id between 3970299 and 3971298)  (cost=378 rows=1872)
    -> Index range scan on sbtest6 using PRIMARY over (3970299 <= id <= 3971298)  (cost=378 rows=1872)


table 7 : explain SELECT c FROM sbtest7 WHERE id BETWEEN 111439 AND 112438
	-> Filter: (sbtest7.id between 111439 and 112438)  (cost=378 rows=1872)
    -> Index range scan on sbtest7 using PRIMARY over (111439 <= id <= 112438)  (cost=378 rows=1872)


table 8 : explain SELECT c FROM sbtest8 WHERE id BETWEEN 4623590 AND 4624589
	-> Filter: (sbtest8.id between 4623590 and 4624589)  (cost=371 rows=1838)
    -> Index range scan on sbtest8 using PRIMARY over (4623590 <= id <= 4624589)  (cost=371 rows=1838)


for: simple_ranges
table 1 : explain SELECT c FROM sbtest1 WHERE id BETWEEN 9977747 AND 9978746
	-> Filter: (sbtest1.id between 9977747 and 9978746)  (cost=371 rows=1838)
    -> Index range scan on sbtest1 using PRIMARY over (9977747 <= id <= 9978746)  (cost=371 rows=1838)


table 2 : explain SELECT c FROM sbtest2 WHERE id BETWEEN 8538800 AND 8539799
	-> Filter: (sbtest2.id between 8538800 and 8539799)  (cost=371 rows=1838)
    -> Index range scan on sbtest2 using PRIMARY over (8538800 <= id <= 8539799)  (cost=371 rows=1838)


table 3 : explain SELECT c FROM sbtest3 WHERE id BETWEEN 2752718 AND 2753717
	-> Filter: (sbtest3.id between 2752718 and 2753717)  (cost=371 rows=1838)
    -> Index range scan on sbtest3 using PRIMARY over (2752718 <= id <= 2753717)  (cost=371 rows=1838)


table 4 : explain SELECT c FROM sbtest4 WHERE id BETWEEN 6072336 AND 6073335
	-> Filter: (sbtest4.id between 6072336 and 6073335)  (cost=378 rows=1872)
    -> Index range scan on sbtest4 using PRIMARY over (6072336 <= id <= 6073335)  (cost=378 rows=1872)


table 5 : explain SELECT c FROM sbtest5 WHERE id BETWEEN 4478464 AND 4479463
	-> Filter: (sbtest5.id between 4478464 and 4479463)  (cost=371 rows=1838)
    -> Index range scan on sbtest5 using PRIMARY over (4478464 <= id <= 4479463)  (cost=371 rows=1838)


table 6 : explain SELECT c FROM sbtest6 WHERE id BETWEEN 6334813 AND 6335812
	-> Filter: (sbtest6.id between 6334813 and 6335812)  (cost=371 rows=1838)
    -> Index range scan on sbtest6 using PRIMARY over (6334813 <= id <= 6335812)  (cost=371 rows=1838)


table 7 : explain SELECT c FROM sbtest7 WHERE id BETWEEN 2727094 AND 2728093
	-> Filter: (sbtest7.id between 2727094 and 2728093)  (cost=371 rows=1838)
    -> Index range scan on sbtest7 using PRIMARY over (2727094 <= id <= 2728093)  (cost=371 rows=1838)


table 8 : explain SELECT c FROM sbtest8 WHERE id BETWEEN 3437141 AND 3438140
	-> Filter: (sbtest8.id between 3437141 and 3438140)  (cost=371 rows=1838)
    -> Index range scan on sbtest8 using PRIMARY over (3437141 <= id <= 3438140)  (cost=371 rows=1838)


explain: for point_selects :: explain SELECT c FROM sbtest%u WHERE id=%u
for point_selects
table 1 : explain SELECT c FROM sbtest1 WHERE id=3192038
	-> Rows fetched before execution  (cost=0..0 rows=1)


table 2 : explain SELECT c FROM sbtest2 WHERE id=7793721
	-> Rows fetched before execution  (cost=0..0 rows=1)


table 3 : explain SELECT c FROM sbtest3 WHERE id=7410369
	-> Rows fetched before execution  (cost=0..0 rows=1)


table 4 : explain SELECT c FROM sbtest4 WHERE id=9849376
	-> Rows fetched before execution  (cost=0..0 rows=1)


table 5 : explain SELECT c FROM sbtest5 WHERE id=3647645
	-> Rows fetched before execution  (cost=0..0 rows=1)


table 6 : explain SELECT c FROM sbtest6 WHERE id=7937869
	-> Rows fetched before execution  (cost=0..0 rows=1)


table 7 : explain SELECT c FROM sbtest7 WHERE id=3973690
	-> Rows fetched before execution  (cost=0..0 rows=1)


table 8 : explain SELECT c FROM sbtest8 WHERE id=9300085
	-> Rows fetched before execution  (cost=0..0 rows=1)


for point_selects
table 1 : explain SELECT c FROM sbtest1 WHERE id=6396892
	-> Rows fetched before execution  (cost=0..0 rows=1)


table 2 : explain SELECT c FROM sbtest2 WHERE id=6088223
	-> Rows fetched before execution  (cost=0..0 rows=1)


table 3 : explain SELECT c FROM sbtest3 WHERE id=3417426
	-> Rows fetched before execution  (cost=0..0 rows=1)


table 4 : explain SELECT c FROM sbtest4 WHERE id=3786926
	-> Rows fetched before execution  (cost=0..0 rows=1)


table 5 : explain SELECT c FROM sbtest5 WHERE id=6639863
	-> Rows fetched before execution  (cost=0..0 rows=1)


table 6 : explain SELECT c FROM sbtest6 WHERE id=8977177
	-> Rows fetched before execution  (cost=0..0 rows=1)


table 7 : explain SELECT c FROM sbtest7 WHERE id=8593412
	-> Rows fetched before execution  (cost=0..0 rows=1)


table 8 : explain SELECT c FROM sbtest8 WHERE id=6133798
	-> Rows fetched before execution  (cost=0..0 rows=1)


for: simple_ranges
table 1 : explain SELECT c FROM sbtest1 WHERE id BETWEEN 5878442 AND 5879441
	-> Filter: (sbtest1.id between 5878442 and 5879441)  (cost=378 rows=1872)
    -> Index range scan on sbtest1 using PRIMARY over (5878442 <= id <= 5879441)  (cost=378 rows=1872)


table 2 : explain SELECT c FROM sbtest2 WHERE id BETWEEN 2980915 AND 2981914
	-> Filter: (sbtest2.id between 2980915 and 2981914)  (cost=371 rows=1838)
    -> Index range scan on sbtest2 using PRIMARY over (2980915 <= id <= 2981914)  (cost=371 rows=1838)


table 3 : explain SELECT c FROM sbtest3 WHERE id BETWEEN 5029087 AND 5030086
	-> Filter: (sbtest3.id between 5029087 and 5030086)  (cost=378 rows=1872)
    -> Index range scan on sbtest3 using PRIMARY over (5029087 <= id <= 5030086)  (cost=378 rows=1872)


table 4 : explain SELECT c FROM sbtest4 WHERE id BETWEEN 3616092 AND 3617091
	-> Filter: (sbtest4.id between 3616092 and 3617091)  (cost=371 rows=1840)
    -> Index range scan on sbtest4 using PRIMARY over (3616092 <= id <= 3617091)  (cost=371 rows=1840)


table 5 : explain SELECT c FROM sbtest5 WHERE id BETWEEN 7176839 AND 7177838
	-> Filter: (sbtest5.id between 7176839 and 7177838)  (cost=371 rows=1838)
    -> Index range scan on sbtest5 using PRIMARY over (7176839 <= id <= 7177838)  (cost=371 rows=1838)


table 6 : explain SELECT c FROM sbtest6 WHERE id BETWEEN 6834496 AND 6835495
	-> Filter: (sbtest6.id between 6834496 and 6835495)  (cost=371 rows=1838)
    -> Index range scan on sbtest6 using PRIMARY over (6834496 <= id <= 6835495)  (cost=371 rows=1838)


table 7 : explain SELECT c FROM sbtest7 WHERE id BETWEEN 1635057 AND 1636056
	-> Filter: (sbtest7.id between 1635057 and 1636056)  (cost=371 rows=1838)
    -> Index range scan on sbtest7 using PRIMARY over (1635057 <= id <= 1636056)  (cost=371 rows=1838)


table 8 : explain SELECT c FROM sbtest8 WHERE id BETWEEN 8111161 AND 8112160
	-> Filter: (sbtest8.id between 8111161 and 8112160)  (cost=378 rows=1872)
    -> Index range scan on sbtest8 using PRIMARY over (8111161 <= id <= 8112160)  (cost=378 rows=1872)


for point_selects
table 1 : explain SELECT c FROM sbtest1 WHERE id=6937062
	-> Rows fetched before execution  (cost=0..0 rows=1)


table 2 : explain SELECT c FROM sbtest2 WHERE id=9969871
	-> Rows fetched before execution  (cost=0..0 rows=1)


table 3 : explain SELECT c FROM sbtest3 WHERE id=9640477
	-> Rows fetched before execution  (cost=0..0 rows=1)


table 4 : explain SELECT c FROM sbtest4 WHERE id=9057763
	-> Rows fetched before execution  (cost=0..0 rows=1)


table 5 : explain SELECT c FROM sbtest5 WHERE id=1159196
	-> Rows fetched before execution  (cost=0..0 rows=1)


table 6 : explain SELECT c FROM sbtest6 WHERE id=1325099
	-> Rows fetched before execution  (cost=0..0 rows=1)


table 7 : explain SELECT c FROM sbtest7 WHERE id=2060463
	-> Rows fetched before execution  (cost=0..0 rows=1)


table 8 : explain SELECT c FROM sbtest8 WHERE id=5152283
	-> Rows fetched before execution  (cost=0..0 rows=1)


for point_selects
table 1 : explain SELECT c FROM sbtest1 WHERE id=5339784
	-> Rows fetched before execution  (cost=0..0 rows=1)


table 2 : explain SELECT c FROM sbtest2 WHERE id=6910194
	-> Rows fetched before execution  (cost=0..0 rows=1)


table 3 : explain SELECT c FROM sbtest3 WHERE id=5226324
	-> Rows fetched before execution  (cost=0..0 rows=1)


table 4 : explain SELECT c FROM sbtest4 WHERE id=5072997
	-> Rows fetched before execution  (cost=0..0 rows=1)


table 5 : explain SELECT c FROM sbtest5 WHERE id=4572624
	-> Rows fetched before execution  (cost=0..0 rows=1)


table 6 : explain SELECT c FROM sbtest6 WHERE id=6024225
	-> Rows fetched before execution  (cost=0..0 rows=1)


table 7 : explain SELECT c FROM sbtest7 WHERE id=2966275
	-> Rows fetched before execution  (cost=0..0 rows=1)


table 8 : explain SELECT c FROM sbtest8 WHERE id=6189682
	-> Rows fetched before execution  (cost=0..0 rows=1)


for: simple_ranges
table 1 : explain SELECT c FROM sbtest1 WHERE id BETWEEN 8035971 AND 8036970
	-> Filter: (sbtest1.id between 8035971 and 8036970)  (cost=378 rows=1872)
    -> Index range scan on sbtest1 using PRIMARY over (8035971 <= id <= 8036970)  (cost=378 rows=1872)


table 2 : explain SELECT c FROM sbtest2 WHERE id BETWEEN 233777 AND 234776
	-> Filter: (sbtest2.id between 233777 and 234776)  (cost=371 rows=1838)
    -> Index range scan on sbtest2 using PRIMARY over (233777 <= id <= 234776)  (cost=371 rows=1838)


table 3 : explain SELECT c FROM sbtest3 WHERE id BETWEEN 8142871 AND 8143870
	-> Filter: (sbtest3.id between 8142871 and 8143870)  (cost=371 rows=1838)
    -> Index range scan on sbtest3 using PRIMARY over (8142871 <= id <= 8143870)  (cost=371 rows=1838)


table 4 : explain SELECT c FROM sbtest4 WHERE id BETWEEN 402647 AND 403646
	-> Filter: (sbtest4.id between 402647 and 403646)  (cost=378 rows=1872)
    -> Index range scan on sbtest4 using PRIMARY over (402647 <= id <= 403646)  (cost=378 rows=1872)


table 5 : explain SELECT c FROM sbtest5 WHERE id BETWEEN 5464189 AND 5465188
	-> Filter: (sbtest5.id between 5464189 and 5465188)  (cost=371 rows=1838)
    -> Index range scan on sbtest5 using PRIMARY over (5464189 <= id <= 5465188)  (cost=371 rows=1838)


table 6 : explain SELECT c FROM sbtest6 WHERE id BETWEEN 8471896 AND 8472895
	-> Filter: (sbtest6.id between 8471896 and 8472895)  (cost=371 rows=1838)
    -> Index range scan on sbtest6 using PRIMARY over (8471896 <= id <= 8472895)  (cost=371 rows=1838)


table 7 : explain SELECT c FROM sbtest7 WHERE id BETWEEN 1618450 AND 1619449
	-> Filter: (sbtest7.id between 1618450 and 1619449)  (cost=378 rows=1872)
    -> Index range scan on sbtest7 using PRIMARY over (1618450 <= id <= 1619449)  (cost=378 rows=1872)


table 8 : explain SELECT c FROM sbtest8 WHERE id BETWEEN 3658339 AND 3659338
	-> Filter: (sbtest8.id between 3658339 and 3659338)  (cost=371 rows=1838)
    -> Index range scan on sbtest8 using PRIMARY over (3658339 <= id <= 3659338)  (cost=371 rows=1838)


for point_selects
table 1 : explain SELECT c FROM sbtest1 WHERE id=6768149
	-> Rows fetched before execution  (cost=0..0 rows=1)


table 2 : explain SELECT c FROM sbtest2 WHERE id=6513140
	-> Rows fetched before execution  (cost=0..0 rows=1)


table 3 : explain SELECT c FROM sbtest3 WHERE id=92431
	-> Rows fetched before execution  (cost=0..0 rows=1)


table 4 : explain SELECT c FROM sbtest4 WHERE id=5559561
	-> Rows fetched before execution  (cost=0..0 rows=1)


table 5 : explain SELECT c FROM sbtest5 WHERE id=1166293
	-> Rows fetched before execution  (cost=0..0 rows=1)


table 6 : explain SELECT c FROM sbtest6 WHERE id=6908456
	-> Rows fetched before execution  (cost=0..0 rows=1)


table 7 : explain SELECT c FROM sbtest7 WHERE id=8493355
	-> Rows fetched before execution  (cost=0..0 rows=1)


table 8 : explain SELECT c FROM sbtest8 WHERE id=7507930
	-> Rows fetched before execution  (cost=0..0 rows=1)


for point_selects
table 1 : explain SELECT c FROM sbtest1 WHERE id=7957241
	-> Rows fetched before execution  (cost=0..0 rows=1)


table 2 : explain SELECT c FROM sbtest2 WHERE id=1849837
	-> Rows fetched before execution  (cost=0..0 rows=1)


table 3 : explain SELECT c FROM sbtest3 WHERE id=6608701
	-> Rows fetched before execution  (cost=0..0 rows=1)


table 4 : explain SELECT c FROM sbtest4 WHERE id=1604395
	-> Rows fetched before execution  (cost=0..0 rows=1)


table 5 : explain SELECT c FROM sbtest5 WHERE id=4985241
	-> Rows fetched before execution  (cost=0..0 rows=1)


table 6 : explain SELECT c FROM sbtest6 WHERE id=5877505
	-> Rows fetched before execution  (cost=0..0 rows=1)


table 7 : explain SELECT c FROM sbtest7 WHERE id=9365886
	-> Rows fetched before execution  (cost=0..0 rows=1)


table 8 : explain SELECT c FROM sbtest8 WHERE id=6181015
	-> Rows fetched before execution  (cost=0..0 rows=1)


for point_selects
table 1 : explain SELECT c FROM sbtest1 WHERE id=4946973
	-> Rows fetched before execution  (cost=0..0 rows=1)


table 2 : explain SELECT c FROM sbtest2 WHERE id=7041865
	-> Rows fetched before execution  (cost=0..0 rows=1)


table 3 : explain SELECT c FROM sbtest3 WHERE id=3812250
	-> Rows fetched before execution  (cost=0..0 rows=1)


table 4 : explain SELECT c FROM sbtest4 WHERE id=7152915
	-> Rows fetched before execution  (cost=0..0 rows=1)


table 5 : explain SELECT c FROM sbtest5 WHERE id=5753997
	-> Rows fetched before execution  (cost=0..0 rows=1)


table 6 : explain SELECT c FROM sbtest6 WHERE id=3183510
	-> Rows fetched before execution  (cost=0..0 rows=1)


table 7 : explain SELECT c FROM sbtest7 WHERE id=6175489
	-> Rows fetched before execution  (cost=0..0 rows=1)


table 8 : explain SELECT c FROM sbtest8 WHERE id=5902095
	-> Rows fetched before execution  (cost=0..0 rows=1)


for: simple_ranges
table 1 : explain SELECT c FROM sbtest1 WHERE id BETWEEN 523497 AND 524496
	-> Filter: (sbtest1.id between 523497 and 524496)  (cost=371 rows=1838)
    -> Index range scan on sbtest1 using PRIMARY over (523497 <= id <= 524496)  (cost=371 rows=1838)


table 2 : explain SELECT c FROM sbtest2 WHERE id BETWEEN 1169757 AND 1170756
	-> Filter: (sbtest2.id between 1169757 and 1170756)  (cost=371 rows=1838)
    -> Index range scan on sbtest2 using PRIMARY over (1169757 <= id <= 1170756)  (cost=371 rows=1838)


table 3 : explain SELECT c FROM sbtest3 WHERE id BETWEEN 5298154 AND 5299153
	-> Filter: (sbtest3.id between 5298154 and 5299153)  (cost=371 rows=1838)
    -> Index range scan on sbtest3 using PRIMARY over (5298154 <= id <= 5299153)  (cost=371 rows=1838)


table 4 : explain SELECT c FROM sbtest4 WHERE id BETWEEN 7649887 AND 7650886
	-> Filter: (sbtest4.id between 7649887 and 7650886)  (cost=371 rows=1838)
    -> Index range scan on sbtest4 using PRIMARY over (7649887 <= id <= 7650886)  (cost=371 rows=1838)


table 5 : explain SELECT c FROM sbtest5 WHERE id BETWEEN 8212434 AND 8213433
	-> Filter: (sbtest5.id between 8212434 and 8213433)  (cost=371 rows=1838)
    -> Index range scan on sbtest5 using PRIMARY over (8212434 <= id <= 8213433)  (cost=371 rows=1838)


table 6 : explain SELECT c FROM sbtest6 WHERE id BETWEEN 2198052 AND 2199051
	-> Filter: (sbtest6.id between 2198052 and 2199051)  (cost=371 rows=1838)
    -> Index range scan on sbtest6 using PRIMARY over (2198052 <= id <= 2199051)  (cost=371 rows=1838)


table 7 : explain SELECT c FROM sbtest7 WHERE id BETWEEN 9720402 AND 9721401
	-> Filter: (sbtest7.id between 9720402 and 9721401)  (cost=371 rows=1838)
    -> Index range scan on sbtest7 using PRIMARY over (9720402 <= id <= 9721401)  (cost=371 rows=1838)


table 8 : explain SELECT c FROM sbtest8 WHERE id BETWEEN 2444944 AND 2445943
	-> Filter: (sbtest8.id between 2444944 and 2445943)  (cost=371 rows=1838)
    -> Index range scan on sbtest8 using PRIMARY over (2444944 <= id <= 2445943)  (cost=371 rows=1838)


for: simple_ranges
table 1 : explain SELECT c FROM sbtest1 WHERE id BETWEEN 7398156 AND 7399155
	-> Filter: (sbtest1.id between 7398156 and 7399155)  (cost=378 rows=1872)
    -> Index range scan on sbtest1 using PRIMARY over (7398156 <= id <= 7399155)  (cost=378 rows=1872)


table 2 : explain SELECT c FROM sbtest2 WHERE id BETWEEN 4815987 AND 4816986
	-> Filter: (sbtest2.id between 4815987 and 4816986)  (cost=371 rows=1838)
    -> Index range scan on sbtest2 using PRIMARY over (4815987 <= id <= 4816986)  (cost=371 rows=1838)


table 3 : explain SELECT c FROM sbtest3 WHERE id BETWEEN 1165572 AND 1166571
	-> Filter: (sbtest3.id between 1165572 and 1166571)  (cost=378 rows=1872)
    -> Index range scan on sbtest3 using PRIMARY over (1165572 <= id <= 1166571)  (cost=378 rows=1872)


table 4 : explain SELECT c FROM sbtest4 WHERE id BETWEEN 8029874 AND 8030873
	-> Filter: (sbtest4.id between 8029874 and 8030873)  (cost=371 rows=1838)
    -> Index range scan on sbtest4 using PRIMARY over (8029874 <= id <= 8030873)  (cost=371 rows=1838)


table 5 : explain SELECT c FROM sbtest5 WHERE id BETWEEN 308174 AND 309173
	-> Filter: (sbtest5.id between 308174 and 309173)  (cost=378 rows=1872)
    -> Index range scan on sbtest5 using PRIMARY over (308174 <= id <= 309173)  (cost=378 rows=1872)


table 6 : explain SELECT c FROM sbtest6 WHERE id BETWEEN 4406592 AND 4407591
	-> Filter: (sbtest6.id between 4406592 and 4407591)  (cost=371 rows=1838)
    -> Index range scan on sbtest6 using PRIMARY over (4406592 <= id <= 4407591)  (cost=371 rows=1838)


table 7 : explain SELECT c FROM sbtest7 WHERE id BETWEEN 5200227 AND 5201226
	-> Filter: (sbtest7.id between 5200227 and 5201226)  (cost=371 rows=1838)
    -> Index range scan on sbtest7 using PRIMARY over (5200227 <= id <= 5201226)  (cost=371 rows=1838)


table 8 : explain SELECT c FROM sbtest8 WHERE id BETWEEN 74765 AND 75764
	-> Filter: (sbtest8.id between 74765 and 75764)  (cost=371 rows=1838)
    -> Index range scan on sbtest8 using PRIMARY over (74765 <= id <= 75764)  (cost=371 rows=1838)


for: simple_ranges
table 1 : explain SELECT c FROM sbtest1 WHERE id BETWEEN 7765857 AND 7766856
	-> Filter: (sbtest1.id between 7765857 and 7766856)  (cost=378 rows=1872)
    -> Index range scan on sbtest1 using PRIMARY over (7765857 <= id <= 7766856)  (cost=378 rows=1872)


table 2 : explain SELECT c FROM sbtest2 WHERE id BETWEEN 6887873 AND 6888872
	-> Filter: (sbtest2.id between 6887873 and 6888872)  (cost=371 rows=1838)
    -> Index range scan on sbtest2 using PRIMARY over (6887873 <= id <= 6888872)  (cost=371 rows=1838)


table 3 : explain SELECT c FROM sbtest3 WHERE id BETWEEN 5797714 AND 5798713
	-> Filter: (sbtest3.id between 5797714 and 5798713)  (cost=378 rows=1872)
    -> Index range scan on sbtest3 using PRIMARY over (5797714 <= id <= 5798713)  (cost=378 rows=1872)


table 4 : explain SELECT c FROM sbtest4 WHERE id BETWEEN 5106222 AND 5107221
	-> Filter: (sbtest4.id between 5106222 and 5107221)  (cost=371 rows=1838)
    -> Index range scan on sbtest4 using PRIMARY over (5106222 <= id <= 5107221)  (cost=371 rows=1838)


table 5 : explain SELECT c FROM sbtest5 WHERE id BETWEEN 5517232 AND 5518231
	-> Filter: (sbtest5.id between 5517232 and 5518231)  (cost=378 rows=1872)
    -> Index range scan on sbtest5 using PRIMARY over (5517232 <= id <= 5518231)  (cost=378 rows=1872)


table 6 : explain SELECT c FROM sbtest6 WHERE id BETWEEN 9293874 AND 9294873
	-> Filter: (sbtest6.id between 9293874 and 9294873)  (cost=371 rows=1838)
    -> Index range scan on sbtest6 using PRIMARY over (9293874 <= id <= 9294873)  (cost=371 rows=1838)


table 7 : explain SELECT c FROM sbtest7 WHERE id BETWEEN 4995583 AND 4996582
	-> Filter: (sbtest7.id between 4995583 and 4996582)  (cost=378 rows=1872)
    -> Index range scan on sbtest7 using PRIMARY over (4995583 <= id <= 4996582)  (cost=378 rows=1872)


table 8 : explain SELECT c FROM sbtest8 WHERE id BETWEEN 4496599 AND 4497598
	-> Filter: (sbtest8.id between 4496599 and 4497598)  (cost=371 rows=1838)
    -> Index range scan on sbtest8 using PRIMARY over (4496599 <= id <= 4497598)  (cost=371 rows=1838)


for: simple_ranges
table 1 : explain SELECT c FROM sbtest1 WHERE id BETWEEN 2135709 AND 2136708
	-> Filter: (sbtest1.id between 2135709 and 2136708)  (cost=371 rows=1838)
    -> Index range scan on sbtest1 using PRIMARY over (2135709 <= id <= 2136708)  (cost=371 rows=1838)


table 2 : explain SELECT c FROM sbtest2 WHERE id BETWEEN 3210585 AND 3211584
	-> Filter: (sbtest2.id between 3210585 and 3211584)  (cost=378 rows=1872)
    -> Index range scan on sbtest2 using PRIMARY over (3210585 <= id <= 3211584)  (cost=378 rows=1872)


table 3 : explain SELECT c FROM sbtest3 WHERE id BETWEEN 4576801 AND 4577800
	-> Filter: (sbtest3.id between 4576801 and 4577800)  (cost=371 rows=1838)
    -> Index range scan on sbtest3 using PRIMARY over (4576801 <= id <= 4577800)  (cost=371 rows=1838)


table 4 : explain SELECT c FROM sbtest4 WHERE id BETWEEN 6641716 AND 6642715
	-> Filter: (sbtest4.id between 6641716 and 6642715)  (cost=371 rows=1838)
    -> Index range scan on sbtest4 using PRIMARY over (6641716 <= id <= 6642715)  (cost=371 rows=1838)


table 5 : explain SELECT c FROM sbtest5 WHERE id BETWEEN 638038 AND 639037
	-> Filter: (sbtest5.id between 638038 and 639037)  (cost=371 rows=1838)
    -> Index range scan on sbtest5 using PRIMARY over (638038 <= id <= 639037)  (cost=371 rows=1838)


table 6 : explain SELECT c FROM sbtest6 WHERE id BETWEEN 8947101 AND 8948100
	-> Filter: (sbtest6.id between 8947101 and 8948100)  (cost=371 rows=1838)
    -> Index range scan on sbtest6 using PRIMARY over (8947101 <= id <= 8948100)  (cost=371 rows=1838)


table 7 : explain SELECT c FROM sbtest7 WHERE id BETWEEN 2042456 AND 2043455
	-> Filter: (sbtest7.id between 2042456 and 2043455)  (cost=371 rows=1838)
    -> Index range scan on sbtest7 using PRIMARY over (2042456 <= id <= 2043455)  (cost=371 rows=1838)


table 8 : explain SELECT c FROM sbtest8 WHERE id BETWEEN 2199715 AND 2200714
	-> Filter: (sbtest8.id between 2199715 and 2200714)  (cost=371 rows=1838)
    -> Index range scan on sbtest8 using PRIMARY over (2199715 <= id <= 2200714)  (cost=371 rows=1838)


for: simple_ranges
table 1 : explain SELECT c FROM sbtest1 WHERE id BETWEEN 6486518 AND 6487517
	-> Filter: (sbtest1.id between 6486518 and 6487517)  (cost=371 rows=1838)
    -> Index range scan on sbtest1 using PRIMARY over (6486518 <= id <= 6487517)  (cost=371 rows=1838)


table 2 : explain SELECT c FROM sbtest2 WHERE id BETWEEN 6645829 AND 6646828
	-> Filter: (sbtest2.id between 6645829 and 6646828)  (cost=378 rows=1872)
    -> Index range scan on sbtest2 using PRIMARY over (6645829 <= id <= 6646828)  (cost=378 rows=1872)


table 3 : explain SELECT c FROM sbtest3 WHERE id BETWEEN 8713910 AND 8714909
	-> Filter: (sbtest3.id between 8713910 and 8714909)  (cost=378 rows=1872)
    -> Index range scan on sbtest3 using PRIMARY over (8713910 <= id <= 8714909)  (cost=378 rows=1872)


table 4 : explain SELECT c FROM sbtest4 WHERE id BETWEEN 8932276 AND 8933275
	-> Filter: (sbtest4.id between 8932276 and 8933275)  (cost=371 rows=1838)
    -> Index range scan on sbtest4 using PRIMARY over (8932276 <= id <= 8933275)  (cost=371 rows=1838)


table 5 : explain SELECT c FROM sbtest5 WHERE id BETWEEN 798140 AND 799139
	-> Filter: (sbtest5.id between 798140 and 799139)  (cost=371 rows=1838)
    -> Index range scan on sbtest5 using PRIMARY over (798140 <= id <= 799139)  (cost=371 rows=1838)


table 6 : explain SELECT c FROM sbtest6 WHERE id BETWEEN 5322754 AND 5323753
	-> Filter: (sbtest6.id between 5322754 and 5323753)  (cost=371 rows=1838)
    -> Index range scan on sbtest6 using PRIMARY over (5322754 <= id <= 5323753)  (cost=371 rows=1838)


table 7 : explain SELECT c FROM sbtest7 WHERE id BETWEEN 2778715 AND 2779714
	-> Filter: (sbtest7.id between 2778715 and 2779714)  (cost=378 rows=1872)
    -> Index range scan on sbtest7 using PRIMARY over (2778715 <= id <= 2779714)  (cost=378 rows=1872)


table 8 : explain SELECT c FROM sbtest8 WHERE id BETWEEN 3130296 AND 3131295
	-> Filter: (sbtest8.id between 3130296 and 3131295)  (cost=378 rows=1872)
    -> Index range scan on sbtest8 using PRIMARY over (3130296 <= id <= 3131295)  (cost=378 rows=1872)


for: simple_ranges
table 1 : explain SELECT c FROM sbtest1 WHERE id BETWEEN 7487311 AND 7488310
	-> Filter: (sbtest1.id between 7487311 and 7488310)  (cost=371 rows=1838)
    -> Index range scan on sbtest1 using PRIMARY over (7487311 <= id <= 7488310)  (cost=371 rows=1838)


table 2 : explain SELECT c FROM sbtest2 WHERE id BETWEEN 9435648 AND 9436647
	-> Filter: (sbtest2.id between 9435648 and 9436647)  (cost=371 rows=1838)
    -> Index range scan on sbtest2 using PRIMARY over (9435648 <= id <= 9436647)  (cost=371 rows=1838)


table 3 : explain SELECT c FROM sbtest3 WHERE id BETWEEN 718422 AND 719421
	-> Filter: (sbtest3.id between 718422 and 719421)  (cost=371 rows=1838)
    -> Index range scan on sbtest3 using PRIMARY over (718422 <= id <= 719421)  (cost=371 rows=1838)


table 4 : explain SELECT c FROM sbtest4 WHERE id BETWEEN 4084941 AND 4085940
	-> Filter: (sbtest4.id between 4084941 and 4085940)  (cost=371 rows=1838)
    -> Index range scan on sbtest4 using PRIMARY over (4084941 <= id <= 4085940)  (cost=371 rows=1838)


table 5 : explain SELECT c FROM sbtest5 WHERE id BETWEEN 8561770 AND 8562769
	-> Filter: (sbtest5.id between 8561770 and 8562769)  (cost=378 rows=1872)
    -> Index range scan on sbtest5 using PRIMARY over (8561770 <= id <= 8562769)  (cost=378 rows=1872)


table 6 : explain SELECT c FROM sbtest6 WHERE id BETWEEN 3459949 AND 3460948
	-> Filter: (sbtest6.id between 3459949 and 3460948)  (cost=378 rows=1872)
    -> Index range scan on sbtest6 using PRIMARY over (3459949 <= id <= 3460948)  (cost=378 rows=1872)


table 7 : explain SELECT c FROM sbtest7 WHERE id BETWEEN 5476370 AND 5477369
	-> Filter: (sbtest7.id between 5476370 and 5477369)  (cost=378 rows=1872)
    -> Index range scan on sbtest7 using PRIMARY over (5476370 <= id <= 5477369)  (cost=378 rows=1872)


table 8 : explain SELECT c FROM sbtest8 WHERE id BETWEEN 2428448 AND 2429447
	-> Filter: (sbtest8.id between 2428448 and 2429447)  (cost=371 rows=1838)
    -> Index range scan on sbtest8 using PRIMARY over (2428448 <= id <= 2429447)  (cost=371 rows=1838)


for: simple_ranges
table 1 : explain SELECT c FROM sbtest1 WHERE id BETWEEN 4424458 AND 4425457
	-> Filter: (sbtest1.id between 4424458 and 4425457)  (cost=371 rows=1838)
    -> Index range scan on sbtest1 using PRIMARY over (4424458 <= id <= 4425457)  (cost=371 rows=1838)


table 2 : explain SELECT c FROM sbtest2 WHERE id BETWEEN 8948452 AND 8949451
	-> Filter: (sbtest2.id between 8948452 and 8949451)  (cost=378 rows=1872)
    -> Index range scan on sbtest2 using PRIMARY over (8948452 <= id <= 8949451)  (cost=378 rows=1872)


table 3 : explain SELECT c FROM sbtest3 WHERE id BETWEEN 1629581 AND 1630580
	-> Filter: (sbtest3.id between 1629581 and 1630580)  (cost=371 rows=1838)
    -> Index range scan on sbtest3 using PRIMARY over (1629581 <= id <= 1630580)  (cost=371 rows=1838)


table 4 : explain SELECT c FROM sbtest4 WHERE id BETWEEN 5570339 AND 5571338
	-> Filter: (sbtest4.id between 5570339 and 5571338)  (cost=371 rows=1838)
    -> Index range scan on sbtest4 using PRIMARY over (5570339 <= id <= 5571338)  (cost=371 rows=1838)


table 5 : explain SELECT c FROM sbtest5 WHERE id BETWEEN 7935911 AND 7936910
	-> Filter: (sbtest5.id between 7935911 and 7936910)  (cost=371 rows=1838)
    -> Index range scan on sbtest5 using PRIMARY over (7935911 <= id <= 7936910)  (cost=371 rows=1838)


table 6 : explain SELECT c FROM sbtest6 WHERE id BETWEEN 2399454 AND 2400453
	-> Filter: (sbtest6.id between 2399454 and 2400453)  (cost=371 rows=1838)
    -> Index range scan on sbtest6 using PRIMARY over (2399454 <= id <= 2400453)  (cost=371 rows=1838)


table 7 : explain SELECT c FROM sbtest7 WHERE id BETWEEN 8669580 AND 8670579
	-> Filter: (sbtest7.id between 8669580 and 8670579)  (cost=371 rows=1838)
    -> Index range scan on sbtest7 using PRIMARY over (8669580 <= id <= 8670579)  (cost=371 rows=1838)


table 8 : explain SELECT c FROM sbtest8 WHERE id BETWEEN 3225269 AND 3226268
	-> Filter: (sbtest8.id between 3225269 and 3226268)  (cost=378 rows=1872)
    -> Index range scan on sbtest8 using PRIMARY over (3225269 <= id <= 3226268)  (cost=378 rows=1872)


for: simple_ranges
table 1 : explain SELECT c FROM sbtest1 WHERE id BETWEEN 1370312 AND 1371311
	-> Filter: (sbtest1.id between 1370312 and 1371311)  (cost=371 rows=1838)
    -> Index range scan on sbtest1 using PRIMARY over (1370312 <= id <= 1371311)  (cost=371 rows=1838)


table 2 : explain SELECT c FROM sbtest2 WHERE id BETWEEN 8744692 AND 8745691
	-> Filter: (sbtest2.id between 8744692 and 8745691)  (cost=371 rows=1838)
    -> Index range scan on sbtest2 using PRIMARY over (8744692 <= id <= 8745691)  (cost=371 rows=1838)


table 3 : explain SELECT c FROM sbtest3 WHERE id BETWEEN 631148 AND 632147
	-> Filter: (sbtest3.id between 631148 and 632147)  (cost=371 rows=1838)
    -> Index range scan on sbtest3 using PRIMARY over (631148 <= id <= 632147)  (cost=371 rows=1838)


table 4 : explain SELECT c FROM sbtest4 WHERE id BETWEEN 9591203 AND 9592202
	-> Filter: (sbtest4.id between 9591203 and 9592202)  (cost=371 rows=1838)
    -> Index range scan on sbtest4 using PRIMARY over (9591203 <= id <= 9592202)  (cost=371 rows=1838)


table 5 : explain SELECT c FROM sbtest5 WHERE id BETWEEN 8176180 AND 8177179
	-> Filter: (sbtest5.id between 8176180 and 8177179)  (cost=371 rows=1838)
    -> Index range scan on sbtest5 using PRIMARY over (8176180 <= id <= 8177179)  (cost=371 rows=1838)


table 6 : explain SELECT c FROM sbtest6 WHERE id BETWEEN 2697263 AND 2698262
	-> Filter: (sbtest6.id between 2697263 and 2698262)  (cost=378 rows=1872)
    -> Index range scan on sbtest6 using PRIMARY over (2697263 <= id <= 2698262)  (cost=378 rows=1872)


table 7 : explain SELECT c FROM sbtest7 WHERE id BETWEEN 9440622 AND 9441621
	-> Filter: (sbtest7.id between 9440622 and 9441621)  (cost=378 rows=1872)
    -> Index range scan on sbtest7 using PRIMARY over (9440622 <= id <= 9441621)  (cost=378 rows=1872)


table 8 : explain SELECT c FROM sbtest8 WHERE id BETWEEN 9250786 AND 9251785
	-> Filter: (sbtest8.id between 9250786 and 9251785)  (cost=371 rows=1838)
    -> Index range scan on sbtest8 using PRIMARY over (9250786 <= id <= 9251785)  (cost=371 rows=1838)


for: simple_ranges
table 1 : explain SELECT c FROM sbtest1 WHERE id BETWEEN 9522008 AND 9523007
	-> Filter: (sbtest1.id between 9522008 and 9523007)  (cost=371 rows=1838)
    -> Index range scan on sbtest1 using PRIMARY over (9522008 <= id <= 9523007)  (cost=371 rows=1838)


table 2 : explain SELECT c FROM sbtest2 WHERE id BETWEEN 7893675 AND 7894674
	-> Filter: (sbtest2.id between 7893675 and 7894674)  (cost=378 rows=1872)
    -> Index range scan on sbtest2 using PRIMARY over (7893675 <= id <= 7894674)  (cost=378 rows=1872)


table 3 : explain SELECT c FROM sbtest3 WHERE id BETWEEN 132899 AND 133898
	-> Filter: (sbtest3.id between 132899 and 133898)  (cost=378 rows=1872)
    -> Index range scan on sbtest3 using PRIMARY over (132899 <= id <= 133898)  (cost=378 rows=1872)


table 4 : explain SELECT c FROM sbtest4 WHERE id BETWEEN 6931072 AND 6932071
	-> Filter: (sbtest4.id between 6931072 and 6932071)  (cost=371 rows=1838)
    -> Index range scan on sbtest4 using PRIMARY over (6931072 <= id <= 6932071)  (cost=371 rows=1838)


table 5 : explain SELECT c FROM sbtest5 WHERE id BETWEEN 2699782 AND 2700781
	-> Filter: (sbtest5.id between 2699782 and 2700781)  (cost=371 rows=1838)
    -> Index range scan on sbtest5 using PRIMARY over (2699782 <= id <= 2700781)  (cost=371 rows=1838)


table 6 : explain SELECT c FROM sbtest6 WHERE id BETWEEN 1916336 AND 1917335
	-> Filter: (sbtest6.id between 1916336 and 1917335)  (cost=371 rows=1838)
    -> Index range scan on sbtest6 using PRIMARY over (1916336 <= id <= 1917335)  (cost=371 rows=1838)


table 7 : explain SELECT c FROM sbtest7 WHERE id BETWEEN 2813443 AND 2814442
	-> Filter: (sbtest7.id between 2813443 and 2814442)  (cost=371 rows=1838)
    -> Index range scan on sbtest7 using PRIMARY over (2813443 <= id <= 2814442)  (cost=371 rows=1838)


table 8 : explain SELECT c FROM sbtest8 WHERE id BETWEEN 1733080 AND 1734079
	-> Filter: (sbtest8.id between 1733080 and 1734079)  (cost=371 rows=1838)
    -> Index range scan on sbtest8 using PRIMARY over (1733080 <= id <= 1734079)  (cost=371 rows=1838)


for: simple_ranges
table 1 : explain SELECT c FROM sbtest1 WHERE id BETWEEN 2331681 AND 2332680
	-> Filter: (sbtest1.id between 2331681 and 2332680)  (cost=371 rows=1838)
    -> Index range scan on sbtest1 using PRIMARY over (2331681 <= id <= 2332680)  (cost=371 rows=1838)


table 2 : explain SELECT c FROM sbtest2 WHERE id BETWEEN 2435390 AND 2436389
	-> Filter: (sbtest2.id between 2435390 and 2436389)  (cost=371 rows=1840)
    -> Index range scan on sbtest2 using PRIMARY over (2435390 <= id <= 2436389)  (cost=371 rows=1840)


table 3 : explain SELECT c FROM sbtest3 WHERE id BETWEEN 4720494 AND 4721493
	-> Filter: (sbtest3.id between 4720494 and 4721493)  (cost=371 rows=1838)
    -> Index range scan on sbtest3 using PRIMARY over (4720494 <= id <= 4721493)  (cost=371 rows=1838)


table 4 : explain SELECT c FROM sbtest4 WHERE id BETWEEN 7344007 AND 7345006
	-> Filter: (sbtest4.id between 7344007 and 7345006)  (cost=371 rows=1838)
    -> Index range scan on sbtest4 using PRIMARY over (7344007 <= id <= 7345006)  (cost=371 rows=1838)


table 5 : explain SELECT c FROM sbtest5 WHERE id BETWEEN 5706536 AND 5707535
	-> Filter: (sbtest5.id between 5706536 and 5707535)  (cost=378 rows=1872)
    -> Index range scan on sbtest5 using PRIMARY over (5706536 <= id <= 5707535)  (cost=378 rows=1872)


table 6 : explain SELECT c FROM sbtest6 WHERE id BETWEEN 8498504 AND 8499503
	-> Filter: (sbtest6.id between 8498504 and 8499503)  (cost=371 rows=1838)
    -> Index range scan on sbtest6 using PRIMARY over (8498504 <= id <= 8499503)  (cost=371 rows=1838)


table 7 : explain SELECT c FROM sbtest7 WHERE id BETWEEN 2957903 AND 2958902
	-> Filter: (sbtest7.id between 2957903 and 2958902)  (cost=371 rows=1838)
    -> Index range scan on sbtest7 using PRIMARY over (2957903 <= id <= 2958902)  (cost=371 rows=1838)


table 8 : explain SELECT c FROM sbtest8 WHERE id BETWEEN 3027323 AND 3028322
	-> Filter: (sbtest8.id between 3027323 and 3028322)  (cost=371 rows=1838)
    -> Index range scan on sbtest8 using PRIMARY over (3027323 <= id <= 3028322)  (cost=371 rows=1838)


for point_selects
table 1 : explain SELECT c FROM sbtest1 WHERE id=8747751
	-> Rows fetched before execution  (cost=0..0 rows=1)


table 2 : explain SELECT c FROM sbtest2 WHERE id=1203778
	-> Rows fetched before execution  (cost=0..0 rows=1)


table 3 : explain SELECT c FROM sbtest3 WHERE id=2867104
	-> Rows fetched before execution  (cost=0..0 rows=1)


table 4 : explain SELECT c FROM sbtest4 WHERE id=3429724
	-> Rows fetched before execution  (cost=0..0 rows=1)


table 5 : explain SELECT c FROM sbtest5 WHERE id=4435181
	-> Rows fetched before execution  (cost=0..0 rows=1)


table 6 : explain SELECT c FROM sbtest6 WHERE id=3230122
	-> Rows fetched before execution  (cost=0..0 rows=1)


table 7 : explain SELECT c FROM sbtest7 WHERE id=5333056
	-> Rows fetched before execution  (cost=0..0 rows=1)


table 8 : explain SELECT c FROM sbtest8 WHERE id=8617925
	-> Rows fetched before execution  (cost=0..0 rows=1)


for: simple_ranges
table 1 : explain SELECT c FROM sbtest1 WHERE id BETWEEN 3480490 AND 3481489
	-> Filter: (sbtest1.id between 3480490 and 3481489)  (cost=371 rows=1838)
    -> Index range scan on sbtest1 using PRIMARY over (3480490 <= id <= 3481489)  (cost=371 rows=1838)


table 2 : explain SELECT c FROM sbtest2 WHERE id BETWEEN 2325252 AND 2326251
	-> Filter: (sbtest2.id between 2325252 and 2326251)  (cost=378 rows=1872)
    -> Index range scan on sbtest2 using PRIMARY over (2325252 <= id <= 2326251)  (cost=378 rows=1872)


table 3 : explain SELECT c FROM sbtest3 WHERE id BETWEEN 1487867 AND 1488866
	-> Filter: (sbtest3.id between 1487867 and 1488866)  (cost=378 rows=1872)
    -> Index range scan on sbtest3 using PRIMARY over (1487867 <= id <= 1488866)  (cost=378 rows=1872)


table 4 : explain SELECT c FROM sbtest4 WHERE id BETWEEN 8165837 AND 8166836
	-> Filter: (sbtest4.id between 8165837 and 8166836)  (cost=378 rows=1872)
    -> Index range scan on sbtest4 using PRIMARY over (8165837 <= id <= 8166836)  (cost=378 rows=1872)


table 5 : explain SELECT c FROM sbtest5 WHERE id BETWEEN 5870839 AND 5871838
	-> Filter: (sbtest5.id between 5870839 and 5871838)  (cost=371 rows=1838)
    -> Index range scan on sbtest5 using PRIMARY over (5870839 <= id <= 5871838)  (cost=371 rows=1838)


table 6 : explain SELECT c FROM sbtest6 WHERE id BETWEEN 7222984 AND 7223983
	-> Filter: (sbtest6.id between 7222984 and 7223983)  (cost=371 rows=1838)
    -> Index range scan on sbtest6 using PRIMARY over (7222984 <= id <= 7223983)  (cost=371 rows=1838)


table 7 : explain SELECT c FROM sbtest7 WHERE id BETWEEN 6533069 AND 6534068
	-> Filter: (sbtest7.id between 6533069 and 6534068)  (cost=371 rows=1838)
    -> Index range scan on sbtest7 using PRIMARY over (6533069 <= id <= 6534068)  (cost=371 rows=1838)


table 8 : explain SELECT c FROM sbtest8 WHERE id BETWEEN 1617519 AND 1618518
	-> Filter: (sbtest8.id between 1617519 and 1618518)  (cost=378 rows=1872)
    -> Index range scan on sbtest8 using PRIMARY over (1617519 <= id <= 1618518)  (cost=378 rows=1872)


for: simple_ranges
table 1 : explain SELECT c FROM sbtest1 WHERE id BETWEEN 5042457 AND 5043456
	-> Filter: (sbtest1.id between 5042457 and 5043456)  (cost=378 rows=1872)
    -> Index range scan on sbtest1 using PRIMARY over (5042457 <= id <= 5043456)  (cost=378 rows=1872)


table 2 : explain SELECT c FROM sbtest2 WHERE id BETWEEN 851954 AND 852953
	-> Filter: (sbtest2.id between 851954 and 852953)  (cost=378 rows=1872)
    -> Index range scan on sbtest2 using PRIMARY over (851954 <= id <= 852953)  (cost=378 rows=1872)


table 3 : explain SELECT c FROM sbtest3 WHERE id BETWEEN 7182784 AND 7183783
	-> Filter: (sbtest3.id between 7182784 and 7183783)  (cost=371 rows=1838)
    -> Index range scan on sbtest3 using PRIMARY over (7182784 <= id <= 7183783)  (cost=371 rows=1838)


table 4 : explain SELECT c FROM sbtest4 WHERE id BETWEEN 1487961 AND 1488960
	-> Filter: (sbtest4.id between 1487961 and 1488960)  (cost=371 rows=1838)
    -> Index range scan on sbtest4 using PRIMARY over (1487961 <= id <= 1488960)  (cost=371 rows=1838)


table 5 : explain SELECT c FROM sbtest5 WHERE id BETWEEN 8319871 AND 8320870
	-> Filter: (sbtest5.id between 8319871 and 8320870)  (cost=371 rows=1838)
    -> Index range scan on sbtest5 using PRIMARY over (8319871 <= id <= 8320870)  (cost=371 rows=1838)


table 6 : explain SELECT c FROM sbtest6 WHERE id BETWEEN 1162440 AND 1163439
	-> Filter: (sbtest6.id between 1162440 and 1163439)  (cost=371 rows=1838)
    -> Index range scan on sbtest6 using PRIMARY over (1162440 <= id <= 1163439)  (cost=371 rows=1838)


table 7 : explain SELECT c FROM sbtest7 WHERE id BETWEEN 3287402 AND 3288401
	-> Filter: (sbtest7.id between 3287402 and 3288401)  (cost=371 rows=1838)
    -> Index range scan on sbtest7 using PRIMARY over (3287402 <= id <= 3288401)  (cost=371 rows=1838)


table 8 : explain SELECT c FROM sbtest8 WHERE id BETWEEN 1497139 AND 1498138
	-> Filter: (sbtest8.id between 1497139 and 1498138)  (cost=378 rows=1872)
    -> Index range scan on sbtest8 using PRIMARY over (1497139 <= id <= 1498138)  (cost=378 rows=1872)


for: simple_ranges
table 1 : explain SELECT c FROM sbtest1 WHERE id BETWEEN 9972461 AND 9973460
	-> Filter: (sbtest1.id between 9972461 and 9973460)  (cost=371 rows=1838)
    -> Index range scan on sbtest1 using PRIMARY over (9972461 <= id <= 9973460)  (cost=371 rows=1838)


table 2 : explain SELECT c FROM sbtest2 WHERE id BETWEEN 2602453 AND 2603452
	-> Filter: (sbtest2.id between 2602453 and 2603452)  (cost=371 rows=1838)
    -> Index range scan on sbtest2 using PRIMARY over (2602453 <= id <= 2603452)  (cost=371 rows=1838)


table 3 : explain SELECT c FROM sbtest3 WHERE id BETWEEN 8685489 AND 8686488
	-> Filter: (sbtest3.id between 8685489 and 8686488)  (cost=371 rows=1838)
    -> Index range scan on sbtest3 using PRIMARY over (8685489 <= id <= 8686488)  (cost=371 rows=1838)


table 4 : explain SELECT c FROM sbtest4 WHERE id BETWEEN 7747733 AND 7748732
	-> Filter: (sbtest4.id between 7747733 and 7748732)  (cost=371 rows=1838)
    -> Index range scan on sbtest4 using PRIMARY over (7747733 <= id <= 7748732)  (cost=371 rows=1838)


table 5 : explain SELECT c FROM sbtest5 WHERE id BETWEEN 2824862 AND 2825861
	-> Filter: (sbtest5.id between 2824862 and 2825861)  (cost=378 rows=1872)
    -> Index range scan on sbtest5 using PRIMARY over (2824862 <= id <= 2825861)  (cost=378 rows=1872)


table 6 : explain SELECT c FROM sbtest6 WHERE id BETWEEN 6349713 AND 6350712
	-> Filter: (sbtest6.id between 6349713 and 6350712)  (cost=371 rows=1838)
    -> Index range scan on sbtest6 using PRIMARY over (6349713 <= id <= 6350712)  (cost=371 rows=1838)


table 7 : explain SELECT c FROM sbtest7 WHERE id BETWEEN 5231901 AND 5232900
	-> Filter: (sbtest7.id between 5231901 and 5232900)  (cost=371 rows=1838)
    -> Index range scan on sbtest7 using PRIMARY over (5231901 <= id <= 5232900)  (cost=371 rows=1838)


table 8 : explain SELECT c FROM sbtest8 WHERE id BETWEEN 6146372 AND 6147371
	-> Filter: (sbtest8.id between 6146372 and 6147371)  (cost=371 rows=1838)
    -> Index range scan on sbtest8 using PRIMARY over (6146372 <= id <= 6147371)  (cost=371 rows=1838)


for: simple_ranges
table 1 : explain SELECT c FROM sbtest1 WHERE id BETWEEN 9403518 AND 9404517
	-> Filter: (sbtest1.id between 9403518 and 9404517)  (cost=371 rows=1838)
    -> Index range scan on sbtest1 using PRIMARY over (9403518 <= id <= 9404517)  (cost=371 rows=1838)


table 2 : explain SELECT c FROM sbtest2 WHERE id BETWEEN 9520421 AND 9521420
	-> Filter: (sbtest2.id between 9520421 and 9521420)  (cost=378 rows=1872)
    -> Index range scan on sbtest2 using PRIMARY over (9520421 <= id <= 9521420)  (cost=378 rows=1872)


table 3 : explain SELECT c FROM sbtest3 WHERE id BETWEEN 8480013 AND 8481012
	-> Filter: (sbtest3.id between 8480013 and 8481012)  (cost=378 rows=1872)
    -> Index range scan on sbtest3 using PRIMARY over (8480013 <= id <= 8481012)  (cost=378 rows=1872)


table 4 : explain SELECT c FROM sbtest4 WHERE id BETWEEN 6908362 AND 6909361
	-> Filter: (sbtest4.id between 6908362 and 6909361)  (cost=371 rows=1838)
    -> Index range scan on sbtest4 using PRIMARY over (6908362 <= id <= 6909361)  (cost=371 rows=1838)


table 5 : explain SELECT c FROM sbtest5 WHERE id BETWEEN 3138058 AND 3139057
	-> Filter: (sbtest5.id between 3138058 and 3139057)  (cost=371 rows=1838)
    -> Index range scan on sbtest5 using PRIMARY over (3138058 <= id <= 3139057)  (cost=371 rows=1838)


table 6 : explain SELECT c FROM sbtest6 WHERE id BETWEEN 4961381 AND 4962380
	-> Filter: (sbtest6.id between 4961381 and 4962380)  (cost=371 rows=1838)
    -> Index range scan on sbtest6 using PRIMARY over (4961381 <= id <= 4962380)  (cost=371 rows=1838)


table 7 : explain SELECT c FROM sbtest7 WHERE id BETWEEN 9578964 AND 9579963
	-> Filter: (sbtest7.id between 9578964 and 9579963)  (cost=378 rows=1872)
    -> Index range scan on sbtest7 using PRIMARY over (9578964 <= id <= 9579963)  (cost=378 rows=1872)


table 8 : explain SELECT c FROM sbtest8 WHERE id BETWEEN 2323514 AND 2324513
	-> Filter: (sbtest8.id between 2323514 and 2324513)  (cost=371 rows=1838)
    -> Index range scan on sbtest8 using PRIMARY over (2323514 <= id <= 2324513)  (cost=371 rows=1838)

for: simple_ranges
table 1 : explain SELECT c FROM sbtest1 WHERE id BETWEEN 472909 AND 473908
	-> Filter: (sbtest1.id between 472909 and 473908)  (cost=371 rows=1838)
    -> Index range scan on sbtest1 using PRIMARY over (472909 <= id <= 473908)  (cost=371 rows=1838)


table 2 : explain SELECT c FROM sbtest2 WHERE id BETWEEN 579593 AND 580592
	-> Filter: (sbtest2.id between 579593 and 580592)  (cost=378 rows=1872)
    -> Index range scan on sbtest2 using PRIMARY over (579593 <= id <= 580592)  (cost=378 rows=1872)


table 3 : explain SELECT c FROM sbtest3 WHERE id BETWEEN 7717423 AND 7718422
	-> Filter: (sbtest3.id between 7717423 and 7718422)  (cost=371 rows=1838)
    -> Index range scan on sbtest3 using PRIMARY over (7717423 <= id <= 7718422)  (cost=371 rows=1838)


table 4 : explain SELECT c FROM sbtest4 WHERE id BETWEEN 3090099 AND 3091098
	-> Filter: (sbtest4.id between 3090099 and 3091098)  (cost=371 rows=1838)
    -> Index range scan on sbtest4 using PRIMARY over (3090099 <= id <= 3091098)  (cost=371 rows=1838)


table 5 : explain SELECT c FROM sbtest5 WHERE id BETWEEN 3127182 AND 3128181
	-> Filter: (sbtest5.id between 3127182 and 3128181)  (cost=371 rows=1838)
    -> Index range scan on sbtest5 using PRIMARY over (3127182 <= id <= 3128181)  (cost=371 rows=1838)


table 6 : explain SELECT c FROM sbtest6 WHERE id BETWEEN 8663253 AND 8664252
	-> Filter: (sbtest6.id between 8663253 and 8664252)  (cost=378 rows=1872)
    -> Index range scan on sbtest6 using PRIMARY over (8663253 <= id <= 8664252)  (cost=378 rows=1872)


table 7 : explain SELECT c FROM sbtest7 WHERE id BETWEEN 3046655 AND 3047654
	-> Filter: (sbtest7.id between 3046655 and 3047654)  (cost=371 rows=1838)
    -> Index range scan on sbtest7 using PRIMARY over (3046655 <= id <= 3047654)  (cost=371 rows=1838)


table 8 : explain SELECT c FROM sbtest8 WHERE id BETWEEN 5982350 AND 5983349
	-> Filter: (sbtest8.id between 5982350 and 5983349)  (cost=371 rows=1838)
    -> Index range scan on sbtest8 using PRIMARY over (5982350 <= id <= 5983349)  (cost=371 rows=1838)


for point_selects
table 1 : explain SELECT c FROM sbtest1 WHERE id=5231427
	-> Rows fetched before execution  (cost=0..0 rows=1)


table 2 : explain SELECT c FROM sbtest2 WHERE id=7407305
	-> Rows fetched before execution  (cost=0..0 rows=1)


table 3 : explain SELECT c FROM sbtest3 WHERE id=1256679
	-> Rows fetched before execution  (cost=0..0 rows=1)


table 4 : explain SELECT c FROM sbtest4 WHERE id=9590180
	-> Rows fetched before execution  (cost=0..0 rows=1)


table 5 : explain SELECT c FROM sbtest5 WHERE id=3592307
	-> Rows fetched before execution  (cost=0..0 rows=1)


table 6 : explain SELECT c FROM sbtest6 WHERE id=5804915
	-> Rows fetched before execution  (cost=0..0 rows=1)


table 7 : explain SELECT c FROM sbtest7 WHERE id=4028231
	-> Rows fetched before execution  (cost=0..0 rows=1)


table 8 : explain SELECT c FROM sbtest8 WHERE id=7498874
	-> Rows fetched before execution  (cost=0..0 rows=1)


for: simple_ranges
table 1 : explain SELECT c FROM sbtest1 WHERE id BETWEEN 3065001 AND 3066000
	-> Filter: (sbtest1.id between 3065001 and 3066000)  (cost=371 rows=1838)
    -> Index range scan on sbtest1 using PRIMARY over (3065001 <= id <= 3066000)  (cost=371 rows=1838)


table 2 : explain SELECT c FROM sbtest2 WHERE id BETWEEN 2336342 AND 2337341
	-> Filter: (sbtest2.id between 2336342 and 2337341)  (cost=378 rows=1872)
    -> Index range scan on sbtest2 using PRIMARY over (2336342 <= id <= 2337341)  (cost=378 rows=1872)


table 3 : explain SELECT c FROM sbtest3 WHERE id BETWEEN 4516181 AND 4517180
	-> Filter: (sbtest3.id between 4516181 and 4517180)  (cost=371 rows=1838)
    -> Index range scan on sbtest3 using PRIMARY over (4516181 <= id <= 4517180)  (cost=371 rows=1838)


table 4 : explain SELECT c FROM sbtest4 WHERE id BETWEEN 9166261 AND 9167260
	-> Filter: (sbtest4.id between 9166261 and 9167260)  (cost=371 rows=1838)
    -> Index range scan on sbtest4 using PRIMARY over (9166261 <= id <= 9167260)  (cost=371 rows=1838)


table 5 : explain SELECT c FROM sbtest5 WHERE id BETWEEN 4976964 AND 4977963
	-> Filter: (sbtest5.id between 4976964 and 4977963)  (cost=378 rows=1872)
    -> Index range scan on sbtest5 using PRIMARY over (4976964 <= id <= 4977963)  (cost=378 rows=1872)


table 6 : explain SELECT c FROM sbtest6 WHERE id BETWEEN 9008067 AND 9009066
	-> Filter: (sbtest6.id between 9008067 and 9009066)  (cost=371 rows=1838)
    -> Index range scan on sbtest6 using PRIMARY over (9008067 <= id <= 9009066)  (cost=371 rows=1838)


table 7 : explain SELECT c FROM sbtest7 WHERE id BETWEEN 9375215 AND 9376214
	-> Filter: (sbtest7.id between 9375215 and 9376214)  (cost=378 rows=1872)
    -> Index range scan on sbtest7 using PRIMARY over (9375215 <= id <= 9376214)  (cost=378 rows=1872)


table 8 : explain SELECT c FROM sbtest8 WHERE id BETWEEN 6730407 AND 6731406
	-> Filter: (sbtest8.id between 6730407 and 6731406)  (cost=371 rows=1838)
    -> Index range scan on sbtest8 using PRIMARY over (6730407 <= id <= 6731406)  (cost=371 rows=1838)


for: simple_ranges
table 1 : explain SELECT c FROM sbtest1 WHERE id BETWEEN 6278531 AND 6279530
	-> Filter: (sbtest1.id between 6278531 and 6279530)  (cost=371 rows=1838)
    -> Index range scan on sbtest1 using PRIMARY over (6278531 <= id <= 6279530)  (cost=371 rows=1838)


table 2 : explain SELECT c FROM sbtest2 WHERE id BETWEEN 5233893 AND 5234892
	-> Filter: (sbtest2.id between 5233893 and 5234892)  (cost=371 rows=1838)
    -> Index range scan on sbtest2 using PRIMARY over (5233893 <= id <= 5234892)  (cost=371 rows=1838)


table 3 : explain SELECT c FROM sbtest3 WHERE id BETWEEN 6484862 AND 6485861
	-> Filter: (sbtest3.id between 6484862 and 6485861)  (cost=378 rows=1872)
    -> Index range scan on sbtest3 using PRIMARY over (6484862 <= id <= 6485861)  (cost=378 rows=1872)


table 4 : explain SELECT c FROM sbtest4 WHERE id BETWEEN 2660934 AND 2661933
	-> Filter: (sbtest4.id between 2660934 and 2661933)  (cost=371 rows=1838)
    -> Index range scan on sbtest4 using PRIMARY over (2660934 <= id <= 2661933)  (cost=371 rows=1838)


table 5 : explain SELECT c FROM sbtest5 WHERE id BETWEEN 9129115 AND 9130114
	-> Filter: (sbtest5.id between 9129115 and 9130114)  (cost=371 rows=1838)
    -> Index range scan on sbtest5 using PRIMARY over (9129115 <= id <= 9130114)  (cost=371 rows=1838)


table 6 : explain SELECT c FROM sbtest6 WHERE id BETWEEN 5628588 AND 5629587
	-> Filter: (sbtest6.id between 5628588 and 5629587)  (cost=371 rows=1838)
    -> Index range scan on sbtest6 using PRIMARY over (5628588 <= id <= 5629587)  (cost=371 rows=1838)


table 7 : explain SELECT c FROM sbtest7 WHERE id BETWEEN 4426474 AND 4427473
	-> Filter: (sbtest7.id between 4426474 and 4427473)  (cost=378 rows=1872)
    -> Index range scan on sbtest7 using PRIMARY over (4426474 <= id <= 4427473)  (cost=378 rows=1872)


table 8 : explain SELECT c FROM sbtest8 WHERE id BETWEEN 3559381 AND 3560380
	-> Filter: (sbtest8.id between 3559381 and 3560380)  (cost=378 rows=1872)
    -> Index range scan on sbtest8 using PRIMARY over (3559381 <= id <= 3560380)  (cost=378 rows=1872)



for: sum_ranges
table 1 : explain SELECT SUM(k) FROM sbtest1 WHERE id BETWEEN 7330612 AND 7331611
	-> Aggregate: sum(sbtest1.k)  (cost=794 rows=1)
    -> Filter: (sbtest1.id between 7330612 and 7331611)  (cost=371 rows=1838)
        -> Index range scan on sbtest1 using PRIMARY over (7330612 <= id <= 7331611)  (cost=371 rows=1838)


table 2 : explain SELECT SUM(k) FROM sbtest2 WHERE id BETWEEN 979346 AND 980345
	-> Aggregate: sum(sbtest2.k)  (cost=809 rows=1)
    -> Filter: (sbtest2.id between 979346 and 980345)  (cost=378 rows=1872)
        -> Index range scan on sbtest2 using PRIMARY over (979346 <= id <= 980345)  (cost=378 rows=1872)


table 3 : explain SELECT SUM(k) FROM sbtest3 WHERE id BETWEEN 9435811 AND 9436810
	-> Aggregate: sum(sbtest3.k)  (cost=809 rows=1)
    -> Filter: (sbtest3.id between 9435811 and 9436810)  (cost=378 rows=1872)
        -> Index range scan on sbtest3 using PRIMARY over (9435811 <= id <= 9436810)  (cost=378 rows=1872)


table 4 : explain SELECT SUM(k) FROM sbtest4 WHERE id BETWEEN 5864616 AND 5865615
	-> Aggregate: sum(sbtest4.k)  (cost=794 rows=1)
    -> Filter: (sbtest4.id between 5864616 and 5865615)  (cost=371 rows=1838)
        -> Index range scan on sbtest4 using PRIMARY over (5864616 <= id <= 5865615)  (cost=371 rows=1838)


table 5 : explain SELECT SUM(k) FROM sbtest5 WHERE id BETWEEN 1284591 AND 1285590
	-> Aggregate: sum(sbtest5.k)  (cost=794 rows=1)
    -> Filter: (sbtest5.id between 1284591 and 1285590)  (cost=371 rows=1838)
        -> Index range scan on sbtest5 using PRIMARY over (1284591 <= id <= 1285590)  (cost=371 rows=1838)


table 6 : explain SELECT SUM(k) FROM sbtest6 WHERE id BETWEEN 289440 AND 290439
	-> Aggregate: sum(sbtest6.k)  (cost=794 rows=1)
    -> Filter: (sbtest6.id between 289440 and 290439)  (cost=371 rows=1838)
        -> Index range scan on sbtest6 using PRIMARY over (289440 <= id <= 290439)  (cost=371 rows=1838)


table 7 : explain SELECT SUM(k) FROM sbtest7 WHERE id BETWEEN 5092861 AND 5093860
	-> Aggregate: sum(sbtest7.k)  (cost=794 rows=1)
    -> Filter: (sbtest7.id between 5092861 and 5093860)  (cost=371 rows=1838)
        -> Index range scan on sbtest7 using PRIMARY over (5092861 <= id <= 5093860)  (cost=371 rows=1838)


table 8 : explain SELECT SUM(k) FROM sbtest8 WHERE id BETWEEN 8168046 AND 8169045
	-> Aggregate: sum(sbtest8.k)  (cost=794 rows=1)
    -> Filter: (sbtest8.id between 8168046 and 8169045)  (cost=371 rows=1838)
        -> Index range scan on sbtest8 using PRIMARY over (8168046 <= id <= 8169045)  (cost=371 rows=1838)


for: simple_ranges
table 1 : explain SELECT c FROM sbtest1 WHERE id BETWEEN 6247128 AND 6248127
	-> Filter: (sbtest1.id between 6247128 and 6248127)  (cost=371 rows=1838)
    -> Index range scan on sbtest1 using PRIMARY over (6247128 <= id <= 6248127)  (cost=371 rows=1838)


table 2 : explain SELECT c FROM sbtest2 WHERE id BETWEEN 9173420 AND 9174419
	-> Filter: (sbtest2.id between 9173420 and 9174419)  (cost=371 rows=1838)
    -> Index range scan on sbtest2 using PRIMARY over (9173420 <= id <= 9174419)  (cost=371 rows=1838)


table 3 : explain SELECT c FROM sbtest3 WHERE id BETWEEN 4358986 AND 4359985
	-> Filter: (sbtest3.id between 4358986 and 4359985)  (cost=371 rows=1838)
    -> Index range scan on sbtest3 using PRIMARY over (4358986 <= id <= 4359985)  (cost=371 rows=1838)


table 4 : explain SELECT c FROM sbtest4 WHERE id BETWEEN 1396456 AND 1397455
	-> Filter: (sbtest4.id between 1396456 and 1397455)  (cost=378 rows=1872)
    -> Index range scan on sbtest4 using PRIMARY over (1396456 <= id <= 1397455)  (cost=378 rows=1872)


table 5 : explain SELECT c FROM sbtest5 WHERE id BETWEEN 2588065 AND 2589064
	-> Filter: (sbtest5.id between 2588065 and 2589064)  (cost=371 rows=1838)
    -> Index range scan on sbtest5 using PRIMARY over (2588065 <= id <= 2589064)  (cost=371 rows=1838)


table 6 : explain SELECT c FROM sbtest6 WHERE id BETWEEN 3499362 AND 3500361
	-> Filter: (sbtest6.id between 3499362 and 3500361)  (cost=371 rows=1838)
    -> Index range scan on sbtest6 using PRIMARY over (3499362 <= id <= 3500361)  (cost=371 rows=1838)


table 7 : explain SELECT c FROM sbtest7 WHERE id BETWEEN 1949727 AND 1950726
	-> Filter: (sbtest7.id between 1949727 and 1950726)  (cost=378 rows=1872)
    -> Index range scan on sbtest7 using PRIMARY over (1949727 <= id <= 1950726)  (cost=378 rows=1872)


table 8 : explain SELECT c FROM sbtest8 WHERE id BETWEEN 1547973 AND 1548972
	-> Filter: (sbtest8.id between 1547973 and 1548972)  (cost=371 rows=1838)
    -> Index range scan on sbtest8 using PRIMARY over (1547973 <= id <= 1548972)  (cost=371 rows=1838)


for: simple_ranges
table 1 : explain SELECT c FROM sbtest1 WHERE id BETWEEN 1740594 AND 1741593
	-> Filter: (sbtest1.id between 1740594 and 1741593)  (cost=378 rows=1872)
    -> Index range scan on sbtest1 using PRIMARY over (1740594 <= id <= 1741593)  (cost=378 rows=1872)


table 2 : explain SELECT c FROM sbtest2 WHERE id BETWEEN 6877105 AND 6878104
	-> Filter: (sbtest2.id between 6877105 and 6878104)  (cost=371 rows=1838)
    -> Index range scan on sbtest2 using PRIMARY over (6877105 <= id <= 6878104)  (cost=371 rows=1838)


table 3 : explain SELECT c FROM sbtest3 WHERE id BETWEEN 3210288 AND 3211287
	-> Filter: (sbtest3.id between 3210288 and 3211287)  (cost=378 rows=1872)
    -> Index range scan on sbtest3 using PRIMARY over (3210288 <= id <= 3211287)  (cost=378 rows=1872)


table 4 : explain SELECT c FROM sbtest4 WHERE id BETWEEN 6780327 AND 6781326
	-> Filter: (sbtest4.id between 6780327 and 6781326)  (cost=371 rows=1838)
    -> Index range scan on sbtest4 using PRIMARY over (6780327 <= id <= 6781326)  (cost=371 rows=1838)


table 5 : explain SELECT c FROM sbtest5 WHERE id BETWEEN 568335 AND 569334
	-> Filter: (sbtest5.id between 568335 and 569334)  (cost=371 rows=1838)
    -> Index range scan on sbtest5 using PRIMARY over (568335 <= id <= 569334)  (cost=371 rows=1838)


table 6 : explain SELECT c FROM sbtest6 WHERE id BETWEEN 3673015 AND 3674014
	-> Filter: (sbtest6.id between 3673015 and 3674014)  (cost=371 rows=1838)
    -> Index range scan on sbtest6 using PRIMARY over (3673015 <= id <= 3674014)  (cost=371 rows=1838)


table 7 : explain SELECT c FROM sbtest7 WHERE id BETWEEN 5450139 AND 5451138
	-> Filter: (sbtest7.id between 5450139 and 5451138)  (cost=371 rows=1838)
    -> Index range scan on sbtest7 using PRIMARY over (5450139 <= id <= 5451138)  (cost=371 rows=1838)


table 8 : explain SELECT c FROM sbtest8 WHERE id BETWEEN 9893103 AND 9894102
	-> Filter: (sbtest8.id between 9893103 and 9894102)  (cost=371 rows=1838)
    -> Index range scan on sbtest8 using PRIMARY over (9893103 <= id <= 9894102)  (cost=371 rows=1838)


for: sum_ranges
table 1 : explain SELECT SUM(k) FROM sbtest1 WHERE id BETWEEN 9603229 AND 9604228
	-> Aggregate: sum(sbtest1.k)  (cost=794 rows=1)
    -> Filter: (sbtest1.id between 9603229 and 9604228)  (cost=371 rows=1838)
        -> Index range scan on sbtest1 using PRIMARY over (9603229 <= id <= 9604228)  (cost=371 rows=1838)


table 2 : explain SELECT SUM(k) FROM sbtest2 WHERE id BETWEEN 6765984 AND 6766983
	-> Aggregate: sum(sbtest2.k)  (cost=809 rows=1)
    -> Filter: (sbtest2.id between 6765984 and 6766983)  (cost=378 rows=1872)
        -> Index range scan on sbtest2 using PRIMARY over (6765984 <= id <= 6766983)  (cost=378 rows=1872)


table 3 : explain SELECT SUM(k) FROM sbtest3 WHERE id BETWEEN 1968329 AND 1969328
	-> Aggregate: sum(sbtest3.k)  (cost=794 rows=1)
    -> Filter: (sbtest3.id between 1968329 and 1969328)  (cost=371 rows=1838)
        -> Index range scan on sbtest3 using PRIMARY over (1968329 <= id <= 1969328)  (cost=371 rows=1838)


table 4 : explain SELECT SUM(k) FROM sbtest4 WHERE id BETWEEN 3192550 AND 3193549
	-> Aggregate: sum(sbtest4.k)  (cost=809 rows=1)
    -> Filter: (sbtest4.id between 3192550 and 3193549)  (cost=378 rows=1872)
        -> Index range scan on sbtest4 using PRIMARY over (3192550 <= id <= 3193549)  (cost=378 rows=1872)


table 5 : explain SELECT SUM(k) FROM sbtest5 WHERE id BETWEEN 4480267 AND 4481266
	-> Aggregate: sum(sbtest5.k)  (cost=809 rows=1)
    -> Filter: (sbtest5.id between 4480267 and 4481266)  (cost=378 rows=1872)
        -> Index range scan on sbtest5 using PRIMARY over (4480267 <= id <= 4481266)  (cost=378 rows=1872)


table 6 : explain SELECT SUM(k) FROM sbtest6 WHERE id BETWEEN 7195861 AND 7196860
	-> Aggregate: sum(sbtest6.k)  (cost=794 rows=1)
    -> Filter: (sbtest6.id between 7195861 and 7196860)  (cost=371 rows=1838)
        -> Index range scan on sbtest6 using PRIMARY over (7195861 <= id <= 7196860)  (cost=371 rows=1838)


table 7 : explain SELECT SUM(k) FROM sbtest7 WHERE id BETWEEN 6783258 AND 6784257
	-> Aggregate: sum(sbtest7.k)  (cost=794 rows=1)
    -> Filter: (sbtest7.id between 6783258 and 6784257)  (cost=371 rows=1838)
        -> Index range scan on sbtest7 using PRIMARY over (6783258 <= id <= 6784257)  (cost=371 rows=1838)


table 8 : explain SELECT SUM(k) FROM sbtest8 WHERE id BETWEEN 7118463 AND 7119462
	-> Aggregate: sum(sbtest8.k)  (cost=794 rows=1)
    -> Filter: (sbtest8.id between 7118463 and 7119462)  (cost=371 rows=1838)
        -> Index range scan on sbtest8 using PRIMARY over (7118463 <= id <= 7119462)  (cost=371 rows=1838)


for: sum_ranges
table 1 : explain SELECT SUM(k) FROM sbtest1 WHERE id BETWEEN 2910008 AND 2911007
	-> Aggregate: sum(sbtest1.k)  (cost=794 rows=1)
    -> Filter: (sbtest1.id between 2910008 and 2911007)  (cost=371 rows=1838)
        -> Index range scan on sbtest1 using PRIMARY over (2910008 <= id <= 2911007)  (cost=371 rows=1838)


table 2 : explain SELECT SUM(k) FROM sbtest2 WHERE id BETWEEN 3507265 AND 3508264
	-> Aggregate: sum(sbtest2.k)  (cost=809 rows=1)
    -> Filter: (sbtest2.id between 3507265 and 3508264)  (cost=378 rows=1872)
        -> Index range scan on sbtest2 using PRIMARY over (3507265 <= id <= 3508264)  (cost=378 rows=1872)


table 3 : explain SELECT SUM(k) FROM sbtest3 WHERE id BETWEEN 6407512 AND 6408511
	-> Aggregate: sum(sbtest3.k)  (cost=794 rows=1)
    -> Filter: (sbtest3.id between 6407512 and 6408511)  (cost=371 rows=1838)
        -> Index range scan on sbtest3 using PRIMARY over (6407512 <= id <= 6408511)  (cost=371 rows=1838)


table 4 : explain SELECT SUM(k) FROM sbtest4 WHERE id BETWEEN 8890800 AND 8891799
	-> Aggregate: sum(sbtest4.k)  (cost=809 rows=1)
    -> Filter: (sbtest4.id between 8890800 and 8891799)  (cost=378 rows=1872)
        -> Index range scan on sbtest4 using PRIMARY over (8890800 <= id <= 8891799)  (cost=378 rows=1872)


table 5 : explain SELECT SUM(k) FROM sbtest5 WHERE id BETWEEN 6422071 AND 6423070
	-> Aggregate: sum(sbtest5.k)  (cost=809 rows=1)
    -> Filter: (sbtest5.id between 6422071 and 6423070)  (cost=378 rows=1872)
        -> Index range scan on sbtest5 using PRIMARY over (6422071 <= id <= 6423070)  (cost=378 rows=1872)


table 6 : explain SELECT SUM(k) FROM sbtest6 WHERE id BETWEEN 1342208 AND 1343207
	-> Aggregate: sum(sbtest6.k)  (cost=794 rows=1)
    -> Filter: (sbtest6.id between 1342208 and 1343207)  (cost=371 rows=1838)
        -> Index range scan on sbtest6 using PRIMARY over (1342208 <= id <= 1343207)  (cost=371 rows=1838)


table 7 : explain SELECT SUM(k) FROM sbtest7 WHERE id BETWEEN 4619375 AND 4620374
	-> Aggregate: sum(sbtest7.k)  (cost=794 rows=1)
    -> Filter: (sbtest7.id between 4619375 and 4620374)  (cost=371 rows=1838)
        -> Index range scan on sbtest7 using PRIMARY over (4619375 <= id <= 4620374)  (cost=371 rows=1838)


table 8 : explain SELECT SUM(k) FROM sbtest8 WHERE id BETWEEN 5995510 AND 5996509
	-> Aggregate: sum(sbtest8.k)  (cost=794 rows=1)
    -> Filter: (sbtest8.id between 5995510 and 5996509)  (cost=371 rows=1838)
        -> Index range scan on sbtest8 using PRIMARY over (5995510 <= id <= 5996509)  (cost=371 rows=1838)


for: simple_ranges
table 1 : explain SELECT c FROM sbtest1 WHERE id BETWEEN 2836056 AND 2837055
	-> Filter: (sbtest1.id between 2836056 and 2837055)  (cost=371 rows=1838)
    -> Index range scan on sbtest1 using PRIMARY over (2836056 <= id <= 2837055)  (cost=371 rows=1838)


table 2 : explain SELECT c FROM sbtest2 WHERE id BETWEEN 6900871 AND 6901870
	-> Filter: (sbtest2.id between 6900871 and 6901870)  (cost=371 rows=1838)
    -> Index range scan on sbtest2 using PRIMARY over (6900871 <= id <= 6901870)  (cost=371 rows=1838)


table 3 : explain SELECT c FROM sbtest3 WHERE id BETWEEN 2480824 AND 2481823
	-> Filter: (sbtest3.id between 2480824 and 2481823)  (cost=371 rows=1838)
    -> Index range scan on sbtest3 using PRIMARY over (2480824 <= id <= 2481823)  (cost=371 rows=1838)


table 4 : explain SELECT c FROM sbtest4 WHERE id BETWEEN 853632 AND 854631
	-> Filter: (sbtest4.id between 853632 and 854631)  (cost=378 rows=1872)
    -> Index range scan on sbtest4 using PRIMARY over (853632 <= id <= 854631)  (cost=378 rows=1872)


table 5 : explain SELECT c FROM sbtest5 WHERE id BETWEEN 7813837 AND 7814836
	-> Filter: (sbtest5.id between 7813837 and 7814836)  (cost=371 rows=1838)
    -> Index range scan on sbtest5 using PRIMARY over (7813837 <= id <= 7814836)  (cost=371 rows=1838)


table 6 : explain SELECT c FROM sbtest6 WHERE id BETWEEN 1261989 AND 1262988
	-> Filter: (sbtest6.id between 1261989 and 1262988)  (cost=378 rows=1872)
    -> Index range scan on sbtest6 using PRIMARY over (1261989 <= id <= 1262988)  (cost=378 rows=1872)


table 7 : explain SELECT c FROM sbtest7 WHERE id BETWEEN 4279579 AND 4280578
	-> Filter: (sbtest7.id between 4279579 and 4280578)  (cost=371 rows=1838)
    -> Index range scan on sbtest7 using PRIMARY over (4279579 <= id <= 4280578)  (cost=371 rows=1838)


table 8 : explain SELECT c FROM sbtest8 WHERE id BETWEEN 8109003 AND 8110002
	-> Filter: (sbtest8.id between 8109003 and 8110002)  (cost=371 rows=1838)
    -> Index range scan on sbtest8 using PRIMARY over (8109003 <= id <= 8110002)  (cost=371 rows=1838)


for: sum_ranges
table 1 : explain SELECT SUM(k) FROM sbtest1 WHERE id BETWEEN 4442652 AND 4443651
	-> Aggregate: sum(sbtest1.k)  (cost=794 rows=1)
    -> Filter: (sbtest1.id between 4442652 and 4443651)  (cost=371 rows=1838)
        -> Index range scan on sbtest1 using PRIMARY over (4442652 <= id <= 4443651)  (cost=371 rows=1838)


table 2 : explain SELECT SUM(k) FROM sbtest2 WHERE id BETWEEN 5037183 AND 5038182
	-> Aggregate: sum(sbtest2.k)  (cost=795 rows=1)
    -> Filter: (sbtest2.id between 5037183 and 5038182)  (cost=371 rows=1840)
        -> Index range scan on sbtest2 using PRIMARY over (5037183 <= id <= 5038182)  (cost=371 rows=1840)


table 3 : explain SELECT SUM(k) FROM sbtest3 WHERE id BETWEEN 3003019 AND 3004018
	-> Aggregate: sum(sbtest3.k)  (cost=794 rows=1)
    -> Filter: (sbtest3.id between 3003019 and 3004018)  (cost=371 rows=1838)
        -> Index range scan on sbtest3 using PRIMARY over (3003019 <= id <= 3004018)  (cost=371 rows=1838)


table 4 : explain SELECT SUM(k) FROM sbtest4 WHERE id BETWEEN 5994374 AND 5995373
	-> Aggregate: sum(sbtest4.k)  (cost=809 rows=1)
    -> Filter: (sbtest4.id between 5994374 and 5995373)  (cost=378 rows=1872)
        -> Index range scan on sbtest4 using PRIMARY over (5994374 <= id <= 5995373)  (cost=378 rows=1872)


table 5 : explain SELECT SUM(k) FROM sbtest5 WHERE id BETWEEN 3253421 AND 3254420
	-> Aggregate: sum(sbtest5.k)  (cost=794 rows=1)
    -> Filter: (sbtest5.id between 3253421 and 3254420)  (cost=371 rows=1838)
        -> Index range scan on sbtest5 using PRIMARY over (3253421 <= id <= 3254420)  (cost=371 rows=1838)


table 6 : explain SELECT SUM(k) FROM sbtest6 WHERE id BETWEEN 3515433 AND 3516432
	-> Aggregate: sum(sbtest6.k)  (cost=809 rows=1)
    -> Filter: (sbtest6.id between 3515433 and 3516432)  (cost=378 rows=1872)
        -> Index range scan on sbtest6 using PRIMARY over (3515433 <= id <= 3516432)  (cost=378 rows=1872)


table 7 : explain SELECT SUM(k) FROM sbtest7 WHERE id BETWEEN 2409707 AND 2410706
	-> Aggregate: sum(sbtest7.k)  (cost=809 rows=1)
    -> Filter: (sbtest7.id between 2409707 and 2410706)  (cost=378 rows=1872)
        -> Index range scan on sbtest7 using PRIMARY over (2409707 <= id <= 2410706)  (cost=378 rows=1872)


table 8 : explain SELECT SUM(k) FROM sbtest8 WHERE id BETWEEN 6568255 AND 6569254
	-> Aggregate: sum(sbtest8.k)  (cost=794 rows=1)
    -> Filter: (sbtest8.id between 6568255 and 6569254)  (cost=371 rows=1838)
        -> Index range scan on sbtest8 using PRIMARY over (6568255 <= id <= 6569254)  (cost=371 rows=1838)


for: simple_ranges
table 1 : explain SELECT c FROM sbtest1 WHERE id BETWEEN 1090775 AND 1091774
	-> Filter: (sbtest1.id between 1090775 and 1091774)  (cost=371 rows=1838)
    -> Index range scan on sbtest1 using PRIMARY over (1090775 <= id <= 1091774)  (cost=371 rows=1838)


table 2 : explain SELECT c FROM sbtest2 WHERE id BETWEEN 6633645 AND 6634644
	-> Filter: (sbtest2.id between 6633645 and 6634644)  (cost=371 rows=1838)
    -> Index range scan on sbtest2 using PRIMARY over (6633645 <= id <= 6634644)  (cost=371 rows=1838)


table 3 : explain SELECT c FROM sbtest3 WHERE id BETWEEN 4535981 AND 4536980
	-> Filter: (sbtest3.id between 4535981 and 4536980)  (cost=378 rows=1872)
    -> Index range scan on sbtest3 using PRIMARY over (4535981 <= id <= 4536980)  (cost=378 rows=1872)


table 4 : explain SELECT c FROM sbtest4 WHERE id BETWEEN 6646527 AND 6647526
	-> Filter: (sbtest4.id between 6646527 and 6647526)  (cost=371 rows=1838)
    -> Index range scan on sbtest4 using PRIMARY over (6646527 <= id <= 6647526)  (cost=371 rows=1838)


table 5 : explain SELECT c FROM sbtest5 WHERE id BETWEEN 2868006 AND 2869005
	-> Filter: (sbtest5.id between 2868006 and 2869005)  (cost=378 rows=1872)
    -> Index range scan on sbtest5 using PRIMARY over (2868006 <= id <= 2869005)  (cost=378 rows=1872)


table 6 : explain SELECT c FROM sbtest6 WHERE id BETWEEN 8263222 AND 8264221
	-> Filter: (sbtest6.id between 8263222 and 8264221)  (cost=371 rows=1838)
    -> Index range scan on sbtest6 using PRIMARY over (8263222 <= id <= 8264221)  (cost=371 rows=1838)


table 7 : explain SELECT c FROM sbtest7 WHERE id BETWEEN 5815385 AND 5816384
	-> Filter: (sbtest7.id between 5815385 and 5816384)  (cost=378 rows=1872)
    -> Index range scan on sbtest7 using PRIMARY over (5815385 <= id <= 5816384)  (cost=378 rows=1872)


table 8 : explain SELECT c FROM sbtest8 WHERE id BETWEEN 562905 AND 563904
	-> Filter: (sbtest8.id between 562905 and 563904)  (cost=371 rows=1838)
    -> Index range scan on sbtest8 using PRIMARY over (562905 <= id <= 563904)  (cost=371 rows=1838)


for: simple_ranges
table 1 : explain SELECT c FROM sbtest1 WHERE id BETWEEN 5754515 AND 5755514
	-> Filter: (sbtest1.id between 5754515 and 5755514)  (cost=371 rows=1838)
    -> Index range scan on sbtest1 using PRIMARY over (5754515 <= id <= 5755514)  (cost=371 rows=1838)


table 2 : explain SELECT c FROM sbtest2 WHERE id BETWEEN 7600037 AND 7601036
	-> Filter: (sbtest2.id between 7600037 and 7601036)  (cost=371 rows=1838)
    -> Index range scan on sbtest2 using PRIMARY over (7600037 <= id <= 7601036)  (cost=371 rows=1838)


table 3 : explain SELECT c FROM sbtest3 WHERE id BETWEEN 3854862 AND 3855861
	-> Filter: (sbtest3.id between 3854862 and 3855861)  (cost=371 rows=1838)
    -> Index range scan on sbtest3 using PRIMARY over (3854862 <= id <= 3855861)  (cost=371 rows=1838)


table 4 : explain SELECT c FROM sbtest4 WHERE id BETWEEN 88134 AND 89133
	-> Filter: (sbtest4.id between 88134 and 89133)  (cost=371 rows=1838)
    -> Index range scan on sbtest4 using PRIMARY over (88134 <= id <= 89133)  (cost=371 rows=1838)


table 5 : explain SELECT c FROM sbtest5 WHERE id BETWEEN 7343659 AND 7344658
	-> Filter: (sbtest5.id between 7343659 and 7344658)  (cost=371 rows=1838)
    -> Index range scan on sbtest5 using PRIMARY over (7343659 <= id <= 7344658)  (cost=371 rows=1838)


table 6 : explain SELECT c FROM sbtest6 WHERE id BETWEEN 8018104 AND 8019103
	-> Filter: (sbtest6.id between 8018104 and 8019103)  (cost=371 rows=1838)
    -> Index range scan on sbtest6 using PRIMARY over (8018104 <= id <= 8019103)  (cost=371 rows=1838)


table 7 : explain SELECT c FROM sbtest7 WHERE id BETWEEN 6477850 AND 6478849
	-> Filter: (sbtest7.id between 6477850 and 6478849)  (cost=378 rows=1872)
    -> Index range scan on sbtest7 using PRIMARY over (6477850 <= id <= 6478849)  (cost=378 rows=1872)


table 8 : explain SELECT c FROM sbtest8 WHERE id BETWEEN 3541854 AND 3542853
	-> Filter: (sbtest8.id between 3541854 and 3542853)  (cost=378 rows=1872)
    -> Index range scan on sbtest8 using PRIMARY over (3541854 <= id <= 3542853)  (cost=378 rows=1872)


for: simple_ranges
table 1 : explain SELECT c FROM sbtest1 WHERE id BETWEEN 3766701 AND 3767700
	-> Filter: (sbtest1.id between 3766701 and 3767700)  (cost=378 rows=1872)
    -> Index range scan on sbtest1 using PRIMARY over (3766701 <= id <= 3767700)  (cost=378 rows=1872)


table 2 : explain SELECT c FROM sbtest2 WHERE id BETWEEN 9237861 AND 9238860
	-> Filter: (sbtest2.id between 9237861 and 9238860)  (cost=371 rows=1838)
    -> Index range scan on sbtest2 using PRIMARY over (9237861 <= id <= 9238860)  (cost=371 rows=1838)


table 3 : explain SELECT c FROM sbtest3 WHERE id BETWEEN 3526033 AND 3527032
	-> Filter: (sbtest3.id between 3526033 and 3527032)  (cost=371 rows=1838)
    -> Index range scan on sbtest3 using PRIMARY over (3526033 <= id <= 3527032)  (cost=371 rows=1838)


table 4 : explain SELECT c FROM sbtest4 WHERE id BETWEEN 3691498 AND 3692497
	-> Filter: (sbtest4.id between 3691498 and 3692497)  (cost=371 rows=1838)
    -> Index range scan on sbtest4 using PRIMARY over (3691498 <= id <= 3692497)  (cost=371 rows=1838)


table 5 : explain SELECT c FROM sbtest5 WHERE id BETWEEN 1844546 AND 1845545
	-> Filter: (sbtest5.id between 1844546 and 1845545)  (cost=378 rows=1872)
    -> Index range scan on sbtest5 using PRIMARY over (1844546 <= id <= 1845545)  (cost=378 rows=1872)


table 6 : explain SELECT c FROM sbtest6 WHERE id BETWEEN 9417238 AND 9418237
	-> Filter: (sbtest6.id between 9417238 and 9418237)  (cost=371 rows=1838)
    -> Index range scan on sbtest6 using PRIMARY over (9417238 <= id <= 9418237)  (cost=371 rows=1838)


table 7 : explain SELECT c FROM sbtest7 WHERE id BETWEEN 8361965 AND 8362964
	-> Filter: (sbtest7.id between 8361965 and 8362964)  (cost=371 rows=1838)
    -> Index range scan on sbtest7 using PRIMARY over (8361965 <= id <= 8362964)  (cost=371 rows=1838)


table 8 : explain SELECT c FROM sbtest8 WHERE id BETWEEN 9175347 AND 9176346
	-> Filter: (sbtest8.id between 9175347 and 9176346)  (cost=378 rows=1872)
    -> Index range scan on sbtest8 using PRIMARY over (9175347 <= id <= 9176346)  (cost=378 rows=1872)


for: simple_ranges
table 1 : explain SELECT c FROM sbtest1 WHERE id BETWEEN 644865 AND 645864
	-> Filter: (sbtest1.id between 644865 and 645864)  (cost=378 rows=1872)
    -> Index range scan on sbtest1 using PRIMARY over (644865 <= id <= 645864)  (cost=378 rows=1872)


table 2 : explain SELECT c FROM sbtest2 WHERE id BETWEEN 6339181 AND 6340180
	-> Filter: (sbtest2.id between 6339181 and 6340180)  (cost=371 rows=1838)
    -> Index range scan on sbtest2 using PRIMARY over (6339181 <= id <= 6340180)  (cost=371 rows=1838)


table 3 : explain SELECT c FROM sbtest3 WHERE id BETWEEN 5647941 AND 5648940
	-> Filter: (sbtest3.id between 5647941 and 5648940)  (cost=371 rows=1838)
    -> Index range scan on sbtest3 using PRIMARY over (5647941 <= id <= 5648940)  (cost=371 rows=1838)


table 4 : explain SELECT c FROM sbtest4 WHERE id BETWEEN 6090885 AND 6091884
	-> Filter: (sbtest4.id between 6090885 and 6091884)  (cost=378 rows=1872)
    -> Index range scan on sbtest4 using PRIMARY over (6090885 <= id <= 6091884)  (cost=378 rows=1872)


table 5 : explain SELECT c FROM sbtest5 WHERE id BETWEEN 3437119 AND 3438118
	-> Filter: (sbtest5.id between 3437119 and 3438118)  (cost=371 rows=1838)
    -> Index range scan on sbtest5 using PRIMARY over (3437119 <= id <= 3438118)  (cost=371 rows=1838)


table 6 : explain SELECT c FROM sbtest6 WHERE id BETWEEN 7924398 AND 7925397
	-> Filter: (sbtest6.id between 7924398 and 7925397)  (cost=371 rows=1838)
    -> Index range scan on sbtest6 using PRIMARY over (7924398 <= id <= 7925397)  (cost=371 rows=1838)


table 7 : explain SELECT c FROM sbtest7 WHERE id BETWEEN 4253372 AND 4254371
	-> Filter: (sbtest7.id between 4253372 and 4254371)  (cost=371 rows=1838)
    -> Index range scan on sbtest7 using PRIMARY over (4253372 <= id <= 4254371)  (cost=371 rows=1838)


table 8 : explain SELECT c FROM sbtest8 WHERE id BETWEEN 2238112 AND 2239111
	-> Filter: (sbtest8.id between 2238112 and 2239111)  (cost=371 rows=1838)
    -> Index range scan on sbtest8 using PRIMARY over (2238112 <= id <= 2239111)  (cost=371 rows=1838)


for: simple_ranges
table 1 : explain SELECT c FROM sbtest1 WHERE id BETWEEN 8632110 AND 8633109
	-> Filter: (sbtest1.id between 8632110 and 8633109)  (cost=371 rows=1838)
    -> Index range scan on sbtest1 using PRIMARY over (8632110 <= id <= 8633109)  (cost=371 rows=1838)


table 2 : explain SELECT c FROM sbtest2 WHERE id BETWEEN 7369510 AND 7370509
	-> Filter: (sbtest2.id between 7369510 and 7370509)  (cost=371 rows=1838)
    -> Index range scan on sbtest2 using PRIMARY over (7369510 <= id <= 7370509)  (cost=371 rows=1838)


table 3 : explain SELECT c FROM sbtest3 WHERE id BETWEEN 4643011 AND 4644010
	-> Filter: (sbtest3.id between 4643011 and 4644010)  (cost=371 rows=1838)
    -> Index range scan on sbtest3 using PRIMARY over (4643011 <= id <= 4644010)  (cost=371 rows=1838)


table 4 : explain SELECT c FROM sbtest4 WHERE id BETWEEN 3437599 AND 3438598
	-> Filter: (sbtest4.id between 3437599 and 3438598)  (cost=371 rows=1838)
    -> Index range scan on sbtest4 using PRIMARY over (3437599 <= id <= 3438598)  (cost=371 rows=1838)


table 5 : explain SELECT c FROM sbtest5 WHERE id BETWEEN 8885464 AND 8886463
	-> Filter: (sbtest5.id between 8885464 and 8886463)  (cost=378 rows=1872)
    -> Index range scan on sbtest5 using PRIMARY over (8885464 <= id <= 8886463)  (cost=378 rows=1872)


table 6 : explain SELECT c FROM sbtest6 WHERE id BETWEEN 2294954 AND 2295953
	-> Filter: (sbtest6.id between 2294954 and 2295953)  (cost=378 rows=1872)
    -> Index range scan on sbtest6 using PRIMARY over (2294954 <= id <= 2295953)  (cost=378 rows=1872)


table 7 : explain SELECT c FROM sbtest7 WHERE id BETWEEN 4309120 AND 4310119
	-> Filter: (sbtest7.id between 4309120 and 4310119)  (cost=371 rows=1838)
    -> Index range scan on sbtest7 using PRIMARY over (4309120 <= id <= 4310119)  (cost=371 rows=1838)


table 8 : explain SELECT c FROM sbtest8 WHERE id BETWEEN 9791341 AND 9792340
	-> Filter: (sbtest8.id between 9791341 and 9792340)  (cost=371 rows=1838)
    -> Index range scan on sbtest8 using PRIMARY over (9791341 <= id <= 9792340)  (cost=371 rows=1838)


for: sum_ranges
table 1 : explain SELECT SUM(k) FROM sbtest1 WHERE id BETWEEN 2260330 AND 2261329
	-> Aggregate: sum(sbtest1.k)  (cost=794 rows=1)
    -> Filter: (sbtest1.id between 2260330 and 2261329)  (cost=371 rows=1838)
        -> Index range scan on sbtest1 using PRIMARY over (2260330 <= id <= 2261329)  (cost=371 rows=1838)


table 2 : explain SELECT SUM(k) FROM sbtest2 WHERE id BETWEEN 4840627 AND 4841626
	-> Aggregate: sum(sbtest2.k)  (cost=794 rows=1)
    -> Filter: (sbtest2.id between 4840627 and 4841626)  (cost=371 rows=1838)
        -> Index range scan on sbtest2 using PRIMARY over (4840627 <= id <= 4841626)  (cost=371 rows=1838)


table 3 : explain SELECT SUM(k) FROM sbtest3 WHERE id BETWEEN 4678557 AND 4679556
	-> Aggregate: sum(sbtest3.k)  (cost=794 rows=1)
    -> Filter: (sbtest3.id between 4678557 and 4679556)  (cost=371 rows=1838)
        -> Index range scan on sbtest3 using PRIMARY over (4678557 <= id <= 4679556)  (cost=371 rows=1838)


table 4 : explain SELECT SUM(k) FROM sbtest4 WHERE id BETWEEN 5761539 AND 5762538
	-> Aggregate: sum(sbtest4.k)  (cost=794 rows=1)
    -> Filter: (sbtest4.id between 5761539 and 5762538)  (cost=371 rows=1838)
        -> Index range scan on sbtest4 using PRIMARY over (5761539 <= id <= 5762538)  (cost=371 rows=1838)


table 5 : explain SELECT SUM(k) FROM sbtest5 WHERE id BETWEEN 844516 AND 845515
	-> Aggregate: sum(sbtest5.k)  (cost=809 rows=1)
    -> Filter: (sbtest5.id between 844516 and 845515)  (cost=378 rows=1872)
        -> Index range scan on sbtest5 using PRIMARY over (844516 <= id <= 845515)  (cost=378 rows=1872)


table 6 : explain SELECT SUM(k) FROM sbtest6 WHERE id BETWEEN 5342119 AND 5343118
	-> Aggregate: sum(sbtest6.k)  (cost=809 rows=1)
    -> Filter: (sbtest6.id between 5342119 and 5343118)  (cost=378 rows=1872)
        -> Index range scan on sbtest6 using PRIMARY over (5342119 <= id <= 5343118)  (cost=378 rows=1872)


table 7 : explain SELECT SUM(k) FROM sbtest7 WHERE id BETWEEN 1999556 AND 2000555
	-> Aggregate: sum(sbtest7.k)  (cost=794 rows=1)
    -> Filter: (sbtest7.id between 1999556 and 2000555)  (cost=371 rows=1838)
        -> Index range scan on sbtest7 using PRIMARY over (1999556 <= id <= 2000555)  (cost=371 rows=1838)


table 8 : explain SELECT SUM(k) FROM sbtest8 WHERE id BETWEEN 5069026 AND 5070025
	-> Aggregate: sum(sbtest8.k)  (cost=809 rows=1)
    -> Filter: (sbtest8.id between 5069026 and 5070025)  (cost=378 rows=1872)
        -> Index range scan on sbtest8 using PRIMARY over (5069026 <= id <= 5070025)  (cost=378 rows=1872)


for: sum_ranges
table 1 : explain SELECT SUM(k) FROM sbtest1 WHERE id BETWEEN 7243769 AND 7244768
	-> Aggregate: sum(sbtest1.k)  (cost=809 rows=1)
    -> Filter: (sbtest1.id between 7243769 and 7244768)  (cost=378 rows=1872)
        -> Index range scan on sbtest1 using PRIMARY over (7243769 <= id <= 7244768)  (cost=378 rows=1872)


table 2 : explain SELECT SUM(k) FROM sbtest2 WHERE id BETWEEN 7437904 AND 7438903
	-> Aggregate: sum(sbtest2.k)  (cost=794 rows=1)
    -> Filter: (sbtest2.id between 7437904 and 7438903)  (cost=371 rows=1838)
        -> Index range scan on sbtest2 using PRIMARY over (7437904 <= id <= 7438903)  (cost=371 rows=1838)


table 3 : explain SELECT SUM(k) FROM sbtest3 WHERE id BETWEEN 9328931 AND 9329930
	-> Aggregate: sum(sbtest3.k)  (cost=809 rows=1)
    -> Filter: (sbtest3.id between 9328931 and 9329930)  (cost=378 rows=1872)
        -> Index range scan on sbtest3 using PRIMARY over (9328931 <= id <= 9329930)  (cost=378 rows=1872)


table 4 : explain SELECT SUM(k) FROM sbtest4 WHERE id BETWEEN 3504164 AND 3505163
	-> Aggregate: sum(sbtest4.k)  (cost=794 rows=1)
    -> Filter: (sbtest4.id between 3504164 and 3505163)  (cost=371 rows=1838)
        -> Index range scan on sbtest4 using PRIMARY over (3504164 <= id <= 3505163)  (cost=371 rows=1838)


table 5 : explain SELECT SUM(k) FROM sbtest5 WHERE id BETWEEN 13295 AND 14294
	-> Aggregate: sum(sbtest5.k)  (cost=794 rows=1)
    -> Filter: (sbtest5.id between 13295 and 14294)  (cost=371 rows=1838)
        -> Index range scan on sbtest5 using PRIMARY over (13295 <= id <= 14294)  (cost=371 rows=1838)


table 6 : explain SELECT SUM(k) FROM sbtest6 WHERE id BETWEEN 9393031 AND 9394030
	-> Aggregate: sum(sbtest6.k)  (cost=809 rows=1)
    -> Filter: (sbtest6.id between 9393031 and 9394030)  (cost=378 rows=1872)
        -> Index range scan on sbtest6 using PRIMARY over (9393031 <= id <= 9394030)  (cost=378 rows=1872)


table 7 : explain SELECT SUM(k) FROM sbtest7 WHERE id BETWEEN 9350058 AND 9351057
	-> Aggregate: sum(sbtest7.k)  (cost=794 rows=1)
    -> Filter: (sbtest7.id between 9350058 and 9351057)  (cost=371 rows=1838)
        -> Index range scan on sbtest7 using PRIMARY over (9350058 <= id <= 9351057)  (cost=371 rows=1838)


table 8 : explain SELECT SUM(k) FROM sbtest8 WHERE id BETWEEN 91073 AND 92072
	-> Aggregate: sum(sbtest8.k)  (cost=809 rows=1)
    -> Filter: (sbtest8.id between 91073 and 92072)  (cost=378 rows=1872)
        -> Index range scan on sbtest8 using PRIMARY over (91073 <= id <= 92072)  (cost=378 rows=1872)


for: sum_ranges
table 1 : explain SELECT SUM(k) FROM sbtest1 WHERE id BETWEEN 6588826 AND 6589825
	-> Aggregate: sum(sbtest1.k)  (cost=794 rows=1)
    -> Filter: (sbtest1.id between 6588826 and 6589825)  (cost=371 rows=1838)
        -> Index range scan on sbtest1 using PRIMARY over (6588826 <= id <= 6589825)  (cost=371 rows=1838)


table 2 : explain SELECT SUM(k) FROM sbtest2 WHERE id BETWEEN 9027393 AND 9028392
	-> Aggregate: sum(sbtest2.k)  (cost=794 rows=1)
    -> Filter: (sbtest2.id between 9027393 and 9028392)  (cost=371 rows=1838)
        -> Index range scan on sbtest2 using PRIMARY over (9027393 <= id <= 9028392)  (cost=371 rows=1838)


table 3 : explain SELECT SUM(k) FROM sbtest3 WHERE id BETWEEN 5507757 AND 5508756
	-> Aggregate: sum(sbtest3.k)  (cost=809 rows=1)
    -> Filter: (sbtest3.id between 5507757 and 5508756)  (cost=378 rows=1872)
        -> Index range scan on sbtest3 using PRIMARY over (5507757 <= id <= 5508756)  (cost=378 rows=1872)


table 4 : explain SELECT SUM(k) FROM sbtest4 WHERE id BETWEEN 5217841 AND 5218840
	-> Aggregate: sum(sbtest4.k)  (cost=794 rows=1)
    -> Filter: (sbtest4.id between 5217841 and 5218840)  (cost=371 rows=1838)
        -> Index range scan on sbtest4 using PRIMARY over (5217841 <= id <= 5218840)  (cost=371 rows=1838)


table 5 : explain SELECT SUM(k) FROM sbtest5 WHERE id BETWEEN 6711187 AND 6712186
	-> Aggregate: sum(sbtest5.k)  (cost=794 rows=1)
    -> Filter: (sbtest5.id between 6711187 and 6712186)  (cost=371 rows=1838)
        -> Index range scan on sbtest5 using PRIMARY over (6711187 <= id <= 6712186)  (cost=371 rows=1838)


table 6 : explain SELECT SUM(k) FROM sbtest6 WHERE id BETWEEN 3576198 AND 3577197
	-> Aggregate: sum(sbtest6.k)  (cost=794 rows=1)
    -> Filter: (sbtest6.id between 3576198 and 3577197)  (cost=371 rows=1838)
        -> Index range scan on sbtest6 using PRIMARY over (3576198 <= id <= 3577197)  (cost=371 rows=1838)


table 7 : explain SELECT SUM(k) FROM sbtest7 WHERE id BETWEEN 1762798 AND 1763797
	-> Aggregate: sum(sbtest7.k)  (cost=794 rows=1)
    -> Filter: (sbtest7.id between 1762798 and 1763797)  (cost=371 rows=1838)
        -> Index range scan on sbtest7 using PRIMARY over (1762798 <= id <= 1763797)  (cost=371 rows=1838)


table 8 : explain SELECT SUM(k) FROM sbtest8 WHERE id BETWEEN 4228278 AND 4229277
	-> Aggregate: sum(sbtest8.k)  (cost=809 rows=1)
    -> Filter: (sbtest8.id between 4228278 and 4229277)  (cost=378 rows=1872)
        -> Index range scan on sbtest8 using PRIMARY over (4228278 <= id <= 4229277)  (cost=378 rows=1872)


for: simple_ranges
table 1 : explain SELECT c FROM sbtest1 WHERE id BETWEEN 8635892 AND 8636891
	-> Filter: (sbtest1.id between 8635892 and 8636891)  (cost=371 rows=1838)
    -> Index range scan on sbtest1 using PRIMARY over (8635892 <= id <= 8636891)  (cost=371 rows=1838)


table 2 : explain SELECT c FROM sbtest2 WHERE id BETWEEN 9494942 AND 9495941
	-> Filter: (sbtest2.id between 9494942 and 9495941)  (cost=378 rows=1872)
    -> Index range scan on sbtest2 using PRIMARY over (9494942 <= id <= 9495941)  (cost=378 rows=1872)


table 3 : explain SELECT c FROM sbtest3 WHERE id BETWEEN 6957633 AND 6958632
	-> Filter: (sbtest3.id between 6957633 and 6958632)  (cost=371 rows=1838)
    -> Index range scan on sbtest3 using PRIMARY over (6957633 <= id <= 6958632)  (cost=371 rows=1838)


table 4 : explain SELECT c FROM sbtest4 WHERE id BETWEEN 3272582 AND 3273581
	-> Filter: (sbtest4.id between 3272582 and 3273581)  (cost=371 rows=1838)
    -> Index range scan on sbtest4 using PRIMARY over (3272582 <= id <= 3273581)  (cost=371 rows=1838)


table 5 : explain SELECT c FROM sbtest5 WHERE id BETWEEN 3937559 AND 3938558
	-> Filter: (sbtest5.id between 3937559 and 3938558)  (cost=371 rows=1838)
    -> Index range scan on sbtest5 using PRIMARY over (3937559 <= id <= 3938558)  (cost=371 rows=1838)


table 6 : explain SELECT c FROM sbtest6 WHERE id BETWEEN 3811293 AND 3812292
	-> Filter: (sbtest6.id between 3811293 and 3812292)  (cost=371 rows=1838)
    -> Index range scan on sbtest6 using PRIMARY over (3811293 <= id <= 3812292)  (cost=371 rows=1838)


table 7 : explain SELECT c FROM sbtest7 WHERE id BETWEEN 3874121 AND 3875120
	-> Filter: (sbtest7.id between 3874121 and 3875120)  (cost=371 rows=1838)
    -> Index range scan on sbtest7 using PRIMARY over (3874121 <= id <= 3875120)  (cost=371 rows=1838)


table 8 : explain SELECT c FROM sbtest8 WHERE id BETWEEN 826237 AND 827236
	-> Filter: (sbtest8.id between 826237 and 827236)  (cost=371 rows=1838)
    -> Index range scan on sbtest8 using PRIMARY over (826237 <= id <= 827236)  (cost=371 rows=1838)


for: simple_ranges
table 1 : explain SELECT c FROM sbtest1 WHERE id BETWEEN 4882133 AND 4883132
	-> Filter: (sbtest1.id between 4882133 and 4883132)  (cost=378 rows=1872)
    -> Index range scan on sbtest1 using PRIMARY over (4882133 <= id <= 4883132)  (cost=378 rows=1872)


table 2 : explain SELECT c FROM sbtest2 WHERE id BETWEEN 4986063 AND 4987062
	-> Filter: (sbtest2.id between 4986063 and 4987062)  (cost=371 rows=1838)
    -> Index range scan on sbtest2 using PRIMARY over (4986063 <= id <= 4987062)  (cost=371 rows=1838)


table 3 : explain SELECT c FROM sbtest3 WHERE id BETWEEN 8861767 AND 8862766
	-> Filter: (sbtest3.id between 8861767 and 8862766)  (cost=371 rows=1838)
    -> Index range scan on sbtest3 using PRIMARY over (8861767 <= id <= 8862766)  (cost=371 rows=1838)


table 4 : explain SELECT c FROM sbtest4 WHERE id BETWEEN 5541623 AND 5542622
	-> Filter: (sbtest4.id between 5541623 and 5542622)  (cost=378 rows=1872)
    -> Index range scan on sbtest4 using PRIMARY over (5541623 <= id <= 5542622)  (cost=378 rows=1872)


table 5 : explain SELECT c FROM sbtest5 WHERE id BETWEEN 2049883 AND 2050882
	-> Filter: (sbtest5.id between 2049883 and 2050882)  (cost=378 rows=1872)
    -> Index range scan on sbtest5 using PRIMARY over (2049883 <= id <= 2050882)  (cost=378 rows=1872)


table 6 : explain SELECT c FROM sbtest6 WHERE id BETWEEN 1557316 AND 1558315
	-> Filter: (sbtest6.id between 1557316 and 1558315)  (cost=371 rows=1838)
    -> Index range scan on sbtest6 using PRIMARY over (1557316 <= id <= 1558315)  (cost=371 rows=1838)


table 7 : explain SELECT c FROM sbtest7 WHERE id BETWEEN 1900949 AND 1901948
	-> Filter: (sbtest7.id between 1900949 and 1901948)  (cost=371 rows=1838)
    -> Index range scan on sbtest7 using PRIMARY over (1900949 <= id <= 1901948)  (cost=371 rows=1838)


table 8 : explain SELECT c FROM sbtest8 WHERE id BETWEEN 2526361 AND 2527360
	-> Filter: (sbtest8.id between 2526361 and 2527360)  (cost=378 rows=1872)
    -> Index range scan on sbtest8 using PRIMARY over (2526361 <= id <= 2527360)  (cost=378 rows=1872)


for: simple_ranges
table 1 : explain SELECT c FROM sbtest1 WHERE id BETWEEN 6253077 AND 6254076
	-> Filter: (sbtest1.id between 6253077 and 6254076)  (cost=378 rows=1872)
    -> Index range scan on sbtest1 using PRIMARY over (6253077 <= id <= 6254076)  (cost=378 rows=1872)


table 2 : explain SELECT c FROM sbtest2 WHERE id BETWEEN 3595855 AND 3596854
	-> Filter: (sbtest2.id between 3595855 and 3596854)  (cost=371 rows=1838)
    -> Index range scan on sbtest2 using PRIMARY over (3595855 <= id <= 3596854)  (cost=371 rows=1838)


table 3 : explain SELECT c FROM sbtest3 WHERE id BETWEEN 8006338 AND 8007337
	-> Filter: (sbtest3.id between 8006338 and 8007337)  (cost=371 rows=1838)
    -> Index range scan on sbtest3 using PRIMARY over (8006338 <= id <= 8007337)  (cost=371 rows=1838)


table 4 : explain SELECT c FROM sbtest4 WHERE id BETWEEN 8594410 AND 8595409
	-> Filter: (sbtest4.id between 8594410 and 8595409)  (cost=378 rows=1872)
    -> Index range scan on sbtest4 using PRIMARY over (8594410 <= id <= 8595409)  (cost=378 rows=1872)


table 5 : explain SELECT c FROM sbtest5 WHERE id BETWEEN 5789692 AND 5790691
	-> Filter: (sbtest5.id between 5789692 and 5790691)  (cost=371 rows=1838)
    -> Index range scan on sbtest5 using PRIMARY over (5789692 <= id <= 5790691)  (cost=371 rows=1838)


table 6 : explain SELECT c FROM sbtest6 WHERE id BETWEEN 7188631 AND 7189630
	-> Filter: (sbtest6.id between 7188631 and 7189630)  (cost=371 rows=1838)
    -> Index range scan on sbtest6 using PRIMARY over (7188631 <= id <= 7189630)  (cost=371 rows=1838)


table 7 : explain SELECT c FROM sbtest7 WHERE id BETWEEN 585080 AND 586079
	-> Filter: (sbtest7.id between 585080 and 586079)  (cost=378 rows=1872)
    -> Index range scan on sbtest7 using PRIMARY over (585080 <= id <= 586079)  (cost=378 rows=1872)


table 8 : explain SELECT c FROM sbtest8 WHERE id BETWEEN 645311 AND 646310
	-> Filter: (sbtest8.id between 645311 and 646310)  (cost=371 rows=1838)
    -> Index range scan on sbtest8 using PRIMARY over (645311 <= id <= 646310)  (cost=371 rows=1838)


for: simple_ranges
table 1 : explain SELECT c FROM sbtest1 WHERE id BETWEEN 7650753 AND 7651752
	-> Filter: (sbtest1.id between 7650753 and 7651752)  (cost=371 rows=1838)
    -> Index range scan on sbtest1 using PRIMARY over (7650753 <= id <= 7651752)  (cost=371 rows=1838)


table 2 : explain SELECT c FROM sbtest2 WHERE id BETWEEN 9959872 AND 9960871
	-> Filter: (sbtest2.id between 9959872 and 9960871)  (cost=378 rows=1872)
    -> Index range scan on sbtest2 using PRIMARY over (9959872 <= id <= 9960871)  (cost=378 rows=1872)


table 3 : explain SELECT c FROM sbtest3 WHERE id BETWEEN 5350922 AND 5351921
	-> Filter: (sbtest3.id between 5350922 and 5351921)  (cost=371 rows=1838)
    -> Index range scan on sbtest3 using PRIMARY over (5350922 <= id <= 5351921)  (cost=371 rows=1838)


table 4 : explain SELECT c FROM sbtest4 WHERE id BETWEEN 4815062 AND 4816061
	-> Filter: (sbtest4.id between 4815062 and 4816061)  (cost=378 rows=1872)
    -> Index range scan on sbtest4 using PRIMARY over (4815062 <= id <= 4816061)  (cost=378 rows=1872)


table 5 : explain SELECT c FROM sbtest5 WHERE id BETWEEN 9386278 AND 9387277
	-> Filter: (sbtest5.id between 9386278 and 9387277)  (cost=371 rows=1838)
    -> Index range scan on sbtest5 using PRIMARY over (9386278 <= id <= 9387277)  (cost=371 rows=1838)


table 6 : explain SELECT c FROM sbtest6 WHERE id BETWEEN 9881436 AND 9882435
	-> Filter: (sbtest6.id between 9881436 and 9882435)  (cost=371 rows=1838)
    -> Index range scan on sbtest6 using PRIMARY over (9881436 <= id <= 9882435)  (cost=371 rows=1838)


table 7 : explain SELECT c FROM sbtest7 WHERE id BETWEEN 511485 AND 512484
	-> Filter: (sbtest7.id between 511485 and 512484)  (cost=378 rows=1872)
    -> Index range scan on sbtest7 using PRIMARY over (511485 <= id <= 512484)  (cost=378 rows=1872)


table 8 : explain SELECT c FROM sbtest8 WHERE id BETWEEN 6531954 AND 6532953
	-> Filter: (sbtest8.id between 6531954 and 6532953)  (cost=371 rows=1838)
    -> Index range scan on sbtest8 using PRIMARY over (6531954 <= id <= 6532953)  (cost=371 rows=1838)


for: sum_ranges
table 1 : explain SELECT SUM(k) FROM sbtest1 WHERE id BETWEEN 8784976 AND 8785975
	-> Aggregate: sum(sbtest1.k)  (cost=794 rows=1)
    -> Filter: (sbtest1.id between 8784976 and 8785975)  (cost=371 rows=1838)
        -> Index range scan on sbtest1 using PRIMARY over (8784976 <= id <= 8785975)  (cost=371 rows=1838)


table 2 : explain SELECT SUM(k) FROM sbtest2 WHERE id BETWEEN 7008002 AND 7009001
	-> Aggregate: sum(sbtest2.k)  (cost=794 rows=1)
    -> Filter: (sbtest2.id between 7008002 and 7009001)  (cost=371 rows=1838)
        -> Index range scan on sbtest2 using PRIMARY over (7008002 <= id <= 7009001)  (cost=371 rows=1838)


table 3 : explain SELECT SUM(k) FROM sbtest3 WHERE id BETWEEN 9746087 AND 9747086
	-> Aggregate: sum(sbtest3.k)  (cost=794 rows=1)
    -> Filter: (sbtest3.id between 9746087 and 9747086)  (cost=371 rows=1838)
        -> Index range scan on sbtest3 using PRIMARY over (9746087 <= id <= 9747086)  (cost=371 rows=1838)


table 4 : explain SELECT SUM(k) FROM sbtest4 WHERE id BETWEEN 8103470 AND 8104469
	-> Aggregate: sum(sbtest4.k)  (cost=794 rows=1)
    -> Filter: (sbtest4.id between 8103470 and 8104469)  (cost=371 rows=1838)
        -> Index range scan on sbtest4 using PRIMARY over (8103470 <= id <= 8104469)  (cost=371 rows=1838)


table 5 : explain SELECT SUM(k) FROM sbtest5 WHERE id BETWEEN 7073394 AND 7074393
	-> Aggregate: sum(sbtest5.k)  (cost=809 rows=1)
    -> Filter: (sbtest5.id between 7073394 and 7074393)  (cost=378 rows=1872)
        -> Index range scan on sbtest5 using PRIMARY over (7073394 <= id <= 7074393)  (cost=378 rows=1872)


table 6 : explain SELECT SUM(k) FROM sbtest6 WHERE id BETWEEN 6048819 AND 6049818
	-> Aggregate: sum(sbtest6.k)  (cost=809 rows=1)
    -> Filter: (sbtest6.id between 6048819 and 6049818)  (cost=378 rows=1872)
        -> Index range scan on sbtest6 using PRIMARY over (6048819 <= id <= 6049818)  (cost=378 rows=1872)


table 7 : explain SELECT SUM(k) FROM sbtest7 WHERE id BETWEEN 2399482 AND 2400481
	-> Aggregate: sum(sbtest7.k)  (cost=809 rows=1)
    -> Filter: (sbtest7.id between 2399482 and 2400481)  (cost=378 rows=1872)
        -> Index range scan on sbtest7 using PRIMARY over (2399482 <= id <= 2400481)  (cost=378 rows=1872)


table 8 : explain SELECT SUM(k) FROM sbtest8 WHERE id BETWEEN 4915045 AND 4916044
	-> Aggregate: sum(sbtest8.k)  (cost=794 rows=1)
    -> Filter: (sbtest8.id between 4915045 and 4916044)  (cost=371 rows=1838)
        -> Index range scan on sbtest8 using PRIMARY over (4915045 <= id <= 4916044)  (cost=371 rows=1838)


for: simple_ranges
table 1 : explain SELECT c FROM sbtest1 WHERE id BETWEEN 2222149 AND 2223148
	-> Filter: (sbtest1.id between 2222149 and 2223148)  (cost=371 rows=1838)
    -> Index range scan on sbtest1 using PRIMARY over (2222149 <= id <= 2223148)  (cost=371 rows=1838)


table 2 : explain SELECT c FROM sbtest2 WHERE id BETWEEN 8091728 AND 8092727
	-> Filter: (sbtest2.id between 8091728 and 8092727)  (cost=378 rows=1872)
    -> Index range scan on sbtest2 using PRIMARY over (8091728 <= id <= 8092727)  (cost=378 rows=1872)


table 3 : explain SELECT c FROM sbtest3 WHERE id BETWEEN 4292830 AND 4293829
	-> Filter: (sbtest3.id between 4292830 and 4293829)  (cost=371 rows=1838)
    -> Index range scan on sbtest3 using PRIMARY over (4292830 <= id <= 4293829)  (cost=371 rows=1838)


table 4 : explain SELECT c FROM sbtest4 WHERE id BETWEEN 6776180 AND 6777179
	-> Filter: (sbtest4.id between 6776180 and 6777179)  (cost=371 rows=1838)
    -> Index range scan on sbtest4 using PRIMARY over (6776180 <= id <= 6777179)  (cost=371 rows=1838)


table 5 : explain SELECT c FROM sbtest5 WHERE id BETWEEN 3783306 AND 3784305
	-> Filter: (sbtest5.id between 3783306 and 3784305)  (cost=371 rows=1838)
    -> Index range scan on sbtest5 using PRIMARY over (3783306 <= id <= 3784305)  (cost=371 rows=1838)


table 6 : explain SELECT c FROM sbtest6 WHERE id BETWEEN 6202429 AND 6203428
	-> Filter: (sbtest6.id between 6202429 and 6203428)  (cost=378 rows=1872)
    -> Index range scan on sbtest6 using PRIMARY over (6202429 <= id <= 6203428)  (cost=378 rows=1872)


table 7 : explain SELECT c FROM sbtest7 WHERE id BETWEEN 9725957 AND 9726956
	-> Filter: (sbtest7.id between 9725957 and 9726956)  (cost=371 rows=1838)
    -> Index range scan on sbtest7 using PRIMARY over (9725957 <= id <= 9726956)  (cost=371 rows=1838)


table 8 : explain SELECT c FROM sbtest8 WHERE id BETWEEN 9762612 AND 9763611
	-> Filter: (sbtest8.id between 9762612 and 9763611)  (cost=371 rows=1838)
    -> Index range scan on sbtest8 using PRIMARY over (9762612 <= id <= 9763611)  (cost=371 rows=1838)


for: sum_ranges
table 1 : explain SELECT SUM(k) FROM sbtest1 WHERE id BETWEEN 203809 AND 204808
	-> Aggregate: sum(sbtest1.k)  (cost=794 rows=1)
    -> Filter: (sbtest1.id between 203809 and 204808)  (cost=371 rows=1838)
        -> Index range scan on sbtest1 using PRIMARY over (203809 <= id <= 204808)  (cost=371 rows=1838)


table 2 : explain SELECT SUM(k) FROM sbtest2 WHERE id BETWEEN 6814931 AND 6815930
	-> Aggregate: sum(sbtest2.k)  (cost=794 rows=1)
    -> Filter: (sbtest2.id between 6814931 and 6815930)  (cost=371 rows=1838)
        -> Index range scan on sbtest2 using PRIMARY over (6814931 <= id <= 6815930)  (cost=371 rows=1838)


table 3 : explain SELECT SUM(k) FROM sbtest3 WHERE id BETWEEN 1689892 AND 1690891
	-> Aggregate: sum(sbtest3.k)  (cost=794 rows=1)
    -> Filter: (sbtest3.id between 1689892 and 1690891)  (cost=371 rows=1838)
        -> Index range scan on sbtest3 using PRIMARY over (1689892 <= id <= 1690891)  (cost=371 rows=1838)


table 4 : explain SELECT SUM(k) FROM sbtest4 WHERE id BETWEEN 717017 AND 718016
	-> Aggregate: sum(sbtest4.k)  (cost=794 rows=1)
    -> Filter: (sbtest4.id between 717017 and 718016)  (cost=371 rows=1838)
        -> Index range scan on sbtest4 using PRIMARY over (717017 <= id <= 718016)  (cost=371 rows=1838)


table 5 : explain SELECT SUM(k) FROM sbtest5 WHERE id BETWEEN 3530269 AND 3531268
	-> Aggregate: sum(sbtest5.k)  (cost=794 rows=1)
    -> Filter: (sbtest5.id between 3530269 and 3531268)  (cost=371 rows=1838)
        -> Index range scan on sbtest5 using PRIMARY over (3530269 <= id <= 3531268)  (cost=371 rows=1838)


table 6 : explain SELECT SUM(k) FROM sbtest6 WHERE id BETWEEN 7445494 AND 7446493
	-> Aggregate: sum(sbtest6.k)  (cost=794 rows=1)
    -> Filter: (sbtest6.id between 7445494 and 7446493)  (cost=371 rows=1838)
        -> Index range scan on sbtest6 using PRIMARY over (7445494 <= id <= 7446493)  (cost=371 rows=1838)


table 7 : explain SELECT SUM(k) FROM sbtest7 WHERE id BETWEEN 644860 AND 645859
	-> Aggregate: sum(sbtest7.k)  (cost=809 rows=1)
    -> Filter: (sbtest7.id between 644860 and 645859)  (cost=378 rows=1872)
        -> Index range scan on sbtest7 using PRIMARY over (644860 <= id <= 645859)  (cost=378 rows=1872)


table 8 : explain SELECT SUM(k) FROM sbtest8 WHERE id BETWEEN 5522522 AND 5523521
	-> Aggregate: sum(sbtest8.k)  (cost=794 rows=1)
    -> Filter: (sbtest8.id between 5522522 and 5523521)  (cost=371 rows=1838)
        -> Index range scan on sbtest8 using PRIMARY over (5522522 <= id <= 5523521)  (cost=371 rows=1838)


for: sum_ranges
table 1 : explain SELECT SUM(k) FROM sbtest1 WHERE id BETWEEN 7559451 AND 7560450
	-> Aggregate: sum(sbtest1.k)  (cost=794 rows=1)
    -> Filter: (sbtest1.id between 7559451 and 7560450)  (cost=371 rows=1838)
        -> Index range scan on sbtest1 using PRIMARY over (7559451 <= id <= 7560450)  (cost=371 rows=1838)


table 2 : explain SELECT SUM(k) FROM sbtest2 WHERE id BETWEEN 6736828 AND 6737827
	-> Aggregate: sum(sbtest2.k)  (cost=794 rows=1)
    -> Filter: (sbtest2.id between 6736828 and 6737827)  (cost=371 rows=1838)
        -> Index range scan on sbtest2 using PRIMARY over (6736828 <= id <= 6737827)  (cost=371 rows=1838)


table 3 : explain SELECT SUM(k) FROM sbtest3 WHERE id BETWEEN 5603618 AND 5604617
	-> Aggregate: sum(sbtest3.k)  (cost=794 rows=1)
    -> Filter: (sbtest3.id between 5603618 and 5604617)  (cost=371 rows=1838)
        -> Index range scan on sbtest3 using PRIMARY over (5603618 <= id <= 5604617)  (cost=371 rows=1838)


table 4 : explain SELECT SUM(k) FROM sbtest4 WHERE id BETWEEN 6741581 AND 6742580
	-> Aggregate: sum(sbtest4.k)  (cost=794 rows=1)
    -> Filter: (sbtest4.id between 6741581 and 6742580)  (cost=371 rows=1838)
        -> Index range scan on sbtest4 using PRIMARY over (6741581 <= id <= 6742580)  (cost=371 rows=1838)


table 5 : explain SELECT SUM(k) FROM sbtest5 WHERE id BETWEEN 9008880 AND 9009879
	-> Aggregate: sum(sbtest5.k)  (cost=794 rows=1)
    -> Filter: (sbtest5.id between 9008880 and 9009879)  (cost=371 rows=1838)
        -> Index range scan on sbtest5 using PRIMARY over (9008880 <= id <= 9009879)  (cost=371 rows=1838)


table 6 : explain SELECT SUM(k) FROM sbtest6 WHERE id BETWEEN 5979270 AND 5980269
	-> Aggregate: sum(sbtest6.k)  (cost=809 rows=1)
    -> Filter: (sbtest6.id between 5979270 and 5980269)  (cost=378 rows=1872)
        -> Index range scan on sbtest6 using PRIMARY over (5979270 <= id <= 5980269)  (cost=378 rows=1872)


table 7 : explain SELECT SUM(k) FROM sbtest7 WHERE id BETWEEN 9473543 AND 9474542
	-> Aggregate: sum(sbtest7.k)  (cost=809 rows=1)
    -> Filter: (sbtest7.id between 9473543 and 9474542)  (cost=378 rows=1872)
        -> Index range scan on sbtest7 using PRIMARY over (9473543 <= id <= 9474542)  (cost=378 rows=1872)


table 8 : explain SELECT SUM(k) FROM sbtest8 WHERE id BETWEEN 1200741 AND 1201740
	-> Aggregate: sum(sbtest8.k)  (cost=795 rows=1)
    -> Filter: (sbtest8.id between 1200741 and 1201740)  (cost=371 rows=1840)
        -> Index range scan on sbtest8 using PRIMARY over (1200741 <= id <= 1201740)  (cost=371 rows=1840)


for: simple_ranges
table 1 : explain SELECT c FROM sbtest1 WHERE id BETWEEN 8292064 AND 8293063
	-> Filter: (sbtest1.id between 8292064 and 8293063)  (cost=371 rows=1838)
    -> Index range scan on sbtest1 using PRIMARY over (8292064 <= id <= 8293063)  (cost=371 rows=1838)


table 2 : explain SELECT c FROM sbtest2 WHERE id BETWEEN 2676214 AND 2677213
	-> Filter: (sbtest2.id between 2676214 and 2677213)  (cost=371 rows=1838)
    -> Index range scan on sbtest2 using PRIMARY over (2676214 <= id <= 2677213)  (cost=371 rows=1838)


table 3 : explain SELECT c FROM sbtest3 WHERE id BETWEEN 2890742 AND 2891741
	-> Filter: (sbtest3.id between 2890742 and 2891741)  (cost=371 rows=1838)
    -> Index range scan on sbtest3 using PRIMARY over (2890742 <= id <= 2891741)  (cost=371 rows=1838)


table 4 : explain SELECT c FROM sbtest4 WHERE id BETWEEN 634460 AND 635459
	-> Filter: (sbtest4.id between 634460 and 635459)  (cost=371 rows=1838)
    -> Index range scan on sbtest4 using PRIMARY over (634460 <= id <= 635459)  (cost=371 rows=1838)


table 5 : explain SELECT c FROM sbtest5 WHERE id BETWEEN 8216555 AND 8217554
	-> Filter: (sbtest5.id between 8216555 and 8217554)  (cost=378 rows=1872)
    -> Index range scan on sbtest5 using PRIMARY over (8216555 <= id <= 8217554)  (cost=378 rows=1872)


table 6 : explain SELECT c FROM sbtest6 WHERE id BETWEEN 7779048 AND 7780047
	-> Filter: (sbtest6.id between 7779048 and 7780047)  (cost=371 rows=1838)
    -> Index range scan on sbtest6 using PRIMARY over (7779048 <= id <= 7780047)  (cost=371 rows=1838)


table 7 : explain SELECT c FROM sbtest7 WHERE id BETWEEN 3299658 AND 3300657
	-> Filter: (sbtest7.id between 3299658 and 3300657)  (cost=378 rows=1872)
    -> Index range scan on sbtest7 using PRIMARY over (3299658 <= id <= 3300657)  (cost=378 rows=1872)


table 8 : explain SELECT c FROM sbtest8 WHERE id BETWEEN 1298697 AND 1299696
	-> Filter: (sbtest8.id between 1298697 and 1299696)  (cost=371 rows=1838)
    -> Index range scan on sbtest8 using PRIMARY over (1298697 <= id <= 1299696)  (cost=371 rows=1838)


for: sum_ranges
table 1 : explain SELECT SUM(k) FROM sbtest1 WHERE id BETWEEN 4226926 AND 4227925
	-> Aggregate: sum(sbtest1.k)  (cost=794 rows=1)
    -> Filter: (sbtest1.id between 4226926 and 4227925)  (cost=371 rows=1838)
        -> Index range scan on sbtest1 using PRIMARY over (4226926 <= id <= 4227925)  (cost=371 rows=1838)


table 2 : explain SELECT SUM(k) FROM sbtest2 WHERE id BETWEEN 9254516 AND 9255515
	-> Aggregate: sum(sbtest2.k)  (cost=794 rows=1)
    -> Filter: (sbtest2.id between 9254516 and 9255515)  (cost=371 rows=1838)
        -> Index range scan on sbtest2 using PRIMARY over (9254516 <= id <= 9255515)  (cost=371 rows=1838)


table 3 : explain SELECT SUM(k) FROM sbtest3 WHERE id BETWEEN 2598762 AND 2599761
	-> Aggregate: sum(sbtest3.k)  (cost=794 rows=1)
    -> Filter: (sbtest3.id between 2598762 and 2599761)  (cost=371 rows=1838)
        -> Index range scan on sbtest3 using PRIMARY over (2598762 <= id <= 2599761)  (cost=371 rows=1838)


table 4 : explain SELECT SUM(k) FROM sbtest4 WHERE id BETWEEN 8742838 AND 8743837
	-> Aggregate: sum(sbtest4.k)  (cost=794 rows=1)
    -> Filter: (sbtest4.id between 8742838 and 8743837)  (cost=371 rows=1838)
        -> Index range scan on sbtest4 using PRIMARY over (8742838 <= id <= 8743837)  (cost=371 rows=1838)


table 5 : explain SELECT SUM(k) FROM sbtest5 WHERE id BETWEEN 7106820 AND 7107819
	-> Aggregate: sum(sbtest5.k)  (cost=809 rows=1)
    -> Filter: (sbtest5.id between 7106820 and 7107819)  (cost=378 rows=1872)
        -> Index range scan on sbtest5 using PRIMARY over (7106820 <= id <= 7107819)  (cost=378 rows=1872)


table 6 : explain SELECT SUM(k) FROM sbtest6 WHERE id BETWEEN 9504705 AND 9505704
	-> Aggregate: sum(sbtest6.k)  (cost=794 rows=1)
    -> Filter: (sbtest6.id between 9504705 and 9505704)  (cost=371 rows=1838)
        -> Index range scan on sbtest6 using PRIMARY over (9504705 <= id <= 9505704)  (cost=371 rows=1838)


table 7 : explain SELECT SUM(k) FROM sbtest7 WHERE id BETWEEN 7027688 AND 7028687
	-> Aggregate: sum(sbtest7.k)  (cost=809 rows=1)
    -> Filter: (sbtest7.id between 7027688 and 7028687)  (cost=378 rows=1872)
        -> Index range scan on sbtest7 using PRIMARY over (7027688 <= id <= 7028687)  (cost=378 rows=1872)


table 8 : explain SELECT SUM(k) FROM sbtest8 WHERE id BETWEEN 4442506 AND 4443505
	-> Aggregate: sum(sbtest8.k)  (cost=794 rows=1)
    -> Filter: (sbtest8.id between 4442506 and 4443505)  (cost=371 rows=1838)
        -> Index range scan on sbtest8 using PRIMARY over (4442506 <= id <= 4443505)  (cost=371 rows=1838)


for: sum_ranges
table 1 : explain SELECT SUM(k) FROM sbtest1 WHERE id BETWEEN 3707707 AND 3708706
	-> Aggregate: sum(sbtest1.k)  (cost=795 rows=1)
    -> Filter: (sbtest1.id between 3707707 and 3708706)  (cost=371 rows=1840)
        -> Index range scan on sbtest1 using PRIMARY over (3707707 <= id <= 3708706)  (cost=371 rows=1840)


table 2 : explain SELECT SUM(k) FROM sbtest2 WHERE id BETWEEN 7732849 AND 7733848
	-> Aggregate: sum(sbtest2.k)  (cost=794 rows=1)
    -> Filter: (sbtest2.id between 7732849 and 7733848)  (cost=371 rows=1838)
        -> Index range scan on sbtest2 using PRIMARY over (7732849 <= id <= 7733848)  (cost=371 rows=1838)


table 3 : explain SELECT SUM(k) FROM sbtest3 WHERE id BETWEEN 1369801 AND 1370800
	-> Aggregate: sum(sbtest3.k)  (cost=794 rows=1)
    -> Filter: (sbtest3.id between 1369801 and 1370800)  (cost=371 rows=1838)
        -> Index range scan on sbtest3 using PRIMARY over (1369801 <= id <= 1370800)  (cost=371 rows=1838)


table 4 : explain SELECT SUM(k) FROM sbtest4 WHERE id BETWEEN 4239240 AND 4240239
	-> Aggregate: sum(sbtest4.k)  (cost=809 rows=1)
    -> Filter: (sbtest4.id between 4239240 and 4240239)  (cost=378 rows=1872)
        -> Index range scan on sbtest4 using PRIMARY over (4239240 <= id <= 4240239)  (cost=378 rows=1872)


table 5 : explain SELECT SUM(k) FROM sbtest5 WHERE id BETWEEN 6105626 AND 6106625
	-> Aggregate: sum(sbtest5.k)  (cost=809 rows=1)
    -> Filter: (sbtest5.id between 6105626 and 6106625)  (cost=378 rows=1872)
        -> Index range scan on sbtest5 using PRIMARY over (6105626 <= id <= 6106625)  (cost=378 rows=1872)


table 6 : explain SELECT SUM(k) FROM sbtest6 WHERE id BETWEEN 1243832 AND 1244831
	-> Aggregate: sum(sbtest6.k)  (cost=809 rows=1)
    -> Filter: (sbtest6.id between 1243832 and 1244831)  (cost=378 rows=1872)
        -> Index range scan on sbtest6 using PRIMARY over (1243832 <= id <= 1244831)  (cost=378 rows=1872)


table 7 : explain SELECT SUM(k) FROM sbtest7 WHERE id BETWEEN 2517670 AND 2518669
	-> Aggregate: sum(sbtest7.k)  (cost=809 rows=1)
    -> Filter: (sbtest7.id between 2517670 and 2518669)  (cost=378 rows=1872)
        -> Index range scan on sbtest7 using PRIMARY over (2517670 <= id <= 2518669)  (cost=378 rows=1872)


table 8 : explain SELECT SUM(k) FROM sbtest8 WHERE id BETWEEN 6283483 AND 6284482
	-> Aggregate: sum(sbtest8.k)  (cost=794 rows=1)
    -> Filter: (sbtest8.id between 6283483 and 6284482)  (cost=371 rows=1838)
        -> Index range scan on sbtest8 using PRIMARY over (6283483 <= id <= 6284482)  (cost=371 rows=1838)


for: simple_ranges
table 1 : explain SELECT c FROM sbtest1 WHERE id BETWEEN 8431206 AND 8432205
	-> Filter: (sbtest1.id between 8431206 and 8432205)  (cost=371 rows=1838)
    -> Index range scan on sbtest1 using PRIMARY over (8431206 <= id <= 8432205)  (cost=371 rows=1838)


table 2 : explain SELECT c FROM sbtest2 WHERE id BETWEEN 1076442 AND 1077441
	-> Filter: (sbtest2.id between 1076442 and 1077441)  (cost=378 rows=1872)
    -> Index range scan on sbtest2 using PRIMARY over (1076442 <= id <= 1077441)  (cost=378 rows=1872)


table 3 : explain SELECT c FROM sbtest3 WHERE id BETWEEN 2946825 AND 2947824
	-> Filter: (sbtest3.id between 2946825 and 2947824)  (cost=371 rows=1838)
    -> Index range scan on sbtest3 using PRIMARY over (2946825 <= id <= 2947824)  (cost=371 rows=1838)


table 4 : explain SELECT c FROM sbtest4 WHERE id BETWEEN 8562528 AND 8563527
	-> Filter: (sbtest4.id between 8562528 and 8563527)  (cost=371 rows=1838)
    -> Index range scan on sbtest4 using PRIMARY over (8562528 <= id <= 8563527)  (cost=371 rows=1838)


table 5 : explain SELECT c FROM sbtest5 WHERE id BETWEEN 4970234 AND 4971233
	-> Filter: (sbtest5.id between 4970234 and 4971233)  (cost=371 rows=1838)
    -> Index range scan on sbtest5 using PRIMARY over (4970234 <= id <= 4971233)  (cost=371 rows=1838)


table 6 : explain SELECT c FROM sbtest6 WHERE id BETWEEN 9688848 AND 9689847
	-> Filter: (sbtest6.id between 9688848 and 9689847)  (cost=371 rows=1838)
    -> Index range scan on sbtest6 using PRIMARY over (9688848 <= id <= 9689847)  (cost=371 rows=1838)


table 7 : explain SELECT c FROM sbtest7 WHERE id BETWEEN 5251951 AND 5252950
	-> Filter: (sbtest7.id between 5251951 and 5252950)  (cost=378 rows=1872)
    -> Index range scan on sbtest7 using PRIMARY over (5251951 <= id <= 5252950)  (cost=378 rows=1872)


table 8 : explain SELECT c FROM sbtest8 WHERE id BETWEEN 7599358 AND 7600357
	-> Filter: (sbtest8.id between 7599358 and 7600357)  (cost=378 rows=1872)
    -> Index range scan on sbtest8 using PRIMARY over (7599358 <= id <= 7600357)  (cost=378 rows=1872)


for: sum_ranges
table 1 : explain SELECT SUM(k) FROM sbtest1 WHERE id BETWEEN 789844 AND 790843
	-> Aggregate: sum(sbtest1.k)  (cost=809 rows=1)
    -> Filter: (sbtest1.id between 789844 and 790843)  (cost=378 rows=1872)
        -> Index range scan on sbtest1 using PRIMARY over (789844 <= id <= 790843)  (cost=378 rows=1872)


table 2 : explain SELECT SUM(k) FROM sbtest2 WHERE id BETWEEN 6388406 AND 6389405
	-> Aggregate: sum(sbtest2.k)  (cost=794 rows=1)
    -> Filter: (sbtest2.id between 6388406 and 6389405)  (cost=371 rows=1838)
        -> Index range scan on sbtest2 using PRIMARY over (6388406 <= id <= 6389405)  (cost=371 rows=1838)


table 3 : explain SELECT SUM(k) FROM sbtest3 WHERE id BETWEEN 3054323 AND 3055322
	-> Aggregate: sum(sbtest3.k)  (cost=794 rows=1)
    -> Filter: (sbtest3.id between 3054323 and 3055322)  (cost=371 rows=1838)
        -> Index range scan on sbtest3 using PRIMARY over (3054323 <= id <= 3055322)  (cost=371 rows=1838)


table 4 : explain SELECT SUM(k) FROM sbtest4 WHERE id BETWEEN 5705742 AND 5706741
	-> Aggregate: sum(sbtest4.k)  (cost=794 rows=1)
    -> Filter: (sbtest4.id between 5705742 and 5706741)  (cost=371 rows=1838)
        -> Index range scan on sbtest4 using PRIMARY over (5705742 <= id <= 5706741)  (cost=371 rows=1838)


table 5 : explain SELECT SUM(k) FROM sbtest5 WHERE id BETWEEN 4624314 AND 4625313
	-> Aggregate: sum(sbtest5.k)  (cost=809 rows=1)
    -> Filter: (sbtest5.id between 4624314 and 4625313)  (cost=378 rows=1872)
        -> Index range scan on sbtest5 using PRIMARY over (4624314 <= id <= 4625313)  (cost=378 rows=1872)


table 6 : explain SELECT SUM(k) FROM sbtest6 WHERE id BETWEEN 8525233 AND 8526232
	-> Aggregate: sum(sbtest6.k)  (cost=794 rows=1)
    -> Filter: (sbtest6.id between 8525233 and 8526232)  (cost=371 rows=1838)
        -> Index range scan on sbtest6 using PRIMARY over (8525233 <= id <= 8526232)  (cost=371 rows=1838)


table 7 : explain SELECT SUM(k) FROM sbtest7 WHERE id BETWEEN 9471309 AND 9472308
	-> Aggregate: sum(sbtest7.k)  (cost=794 rows=1)
    -> Filter: (sbtest7.id between 9471309 and 9472308)  (cost=371 rows=1838)
        -> Index range scan on sbtest7 using PRIMARY over (9471309 <= id <= 9472308)  (cost=371 rows=1838)


table 8 : explain SELECT SUM(k) FROM sbtest8 WHERE id BETWEEN 9349972 AND 9350971
	-> Aggregate: sum(sbtest8.k)  (cost=809 rows=1)
    -> Filter: (sbtest8.id between 9349972 and 9350971)  (cost=378 rows=1872)
        -> Index range scan on sbtest8 using PRIMARY over (9349972 <= id <= 9350971)  (cost=378 rows=1872)


for: sum_ranges
table 1 : explain SELECT SUM(k) FROM sbtest1 WHERE id BETWEEN 1935321 AND 1936320
	-> Aggregate: sum(sbtest1.k)  (cost=794 rows=1)
    -> Filter: (sbtest1.id between 1935321 and 1936320)  (cost=371 rows=1838)
        -> Index range scan on sbtest1 using PRIMARY over (1935321 <= id <= 1936320)  (cost=371 rows=1838)


table 2 : explain SELECT SUM(k) FROM sbtest2 WHERE id BETWEEN 4049285 AND 4050284
	-> Aggregate: sum(sbtest2.k)  (cost=809 rows=1)
    -> Filter: (sbtest2.id between 4049285 and 4050284)  (cost=378 rows=1872)
        -> Index range scan on sbtest2 using PRIMARY over (4049285 <= id <= 4050284)  (cost=378 rows=1872)


table 3 : explain SELECT SUM(k) FROM sbtest3 WHERE id BETWEEN 3515615 AND 3516614
	-> Aggregate: sum(sbtest3.k)  (cost=794 rows=1)
    -> Filter: (sbtest3.id between 3515615 and 3516614)  (cost=371 rows=1838)
        -> Index range scan on sbtest3 using PRIMARY over (3515615 <= id <= 3516614)  (cost=371 rows=1838)


table 4 : explain SELECT SUM(k) FROM sbtest4 WHERE id BETWEEN 4507148 AND 4508147
	-> Aggregate: sum(sbtest4.k)  (cost=809 rows=1)
    -> Filter: (sbtest4.id between 4507148 and 4508147)  (cost=378 rows=1872)
        -> Index range scan on sbtest4 using PRIMARY over (4507148 <= id <= 4508147)  (cost=378 rows=1872)


table 5 : explain SELECT SUM(k) FROM sbtest5 WHERE id BETWEEN 9179824 AND 9180823
	-> Aggregate: sum(sbtest5.k)  (cost=794 rows=1)
    -> Filter: (sbtest5.id between 9179824 and 9180823)  (cost=371 rows=1838)
        -> Index range scan on sbtest5 using PRIMARY over (9179824 <= id <= 9180823)  (cost=371 rows=1838)


table 6 : explain SELECT SUM(k) FROM sbtest6 WHERE id BETWEEN 660237 AND 661236
	-> Aggregate: sum(sbtest6.k)  (cost=794 rows=1)
    -> Filter: (sbtest6.id between 660237 and 661236)  (cost=371 rows=1838)
        -> Index range scan on sbtest6 using PRIMARY over (660237 <= id <= 661236)  (cost=371 rows=1838)


table 7 : explain SELECT SUM(k) FROM sbtest7 WHERE id BETWEEN 510704 AND 511703
	-> Aggregate: sum(sbtest7.k)  (cost=794 rows=1)
    -> Filter: (sbtest7.id between 510704 and 511703)  (cost=371 rows=1838)
        -> Index range scan on sbtest7 using PRIMARY over (510704 <= id <= 511703)  (cost=371 rows=1838)


table 8 : explain SELECT SUM(k) FROM sbtest8 WHERE id BETWEEN 8992595 AND 8993594
	-> Aggregate: sum(sbtest8.k)  (cost=794 rows=1)
    -> Filter: (sbtest8.id between 8992595 and 8993594)  (cost=371 rows=1838)
        -> Index range scan on sbtest8 using PRIMARY over (8992595 <= id <= 8993594)  (cost=371 rows=1838)


for: sum_ranges
table 1 : explain SELECT SUM(k) FROM sbtest1 WHERE id BETWEEN 2102808 AND 2103807
	-> Aggregate: sum(sbtest1.k)  (cost=809 rows=1)
    -> Filter: (sbtest1.id between 2102808 and 2103807)  (cost=378 rows=1872)
        -> Index range scan on sbtest1 using PRIMARY over (2102808 <= id <= 2103807)  (cost=378 rows=1872)


table 2 : explain SELECT SUM(k) FROM sbtest2 WHERE id BETWEEN 3631011 AND 3632010
	-> Aggregate: sum(sbtest2.k)  (cost=794 rows=1)
    -> Filter: (sbtest2.id between 3631011 and 3632010)  (cost=371 rows=1838)
        -> Index range scan on sbtest2 using PRIMARY over (3631011 <= id <= 3632010)  (cost=371 rows=1838)


table 3 : explain SELECT SUM(k) FROM sbtest3 WHERE id BETWEEN 6659515 AND 6660514
	-> Aggregate: sum(sbtest3.k)  (cost=794 rows=1)
    -> Filter: (sbtest3.id between 6659515 and 6660514)  (cost=371 rows=1838)
        -> Index range scan on sbtest3 using PRIMARY over (6659515 <= id <= 6660514)  (cost=371 rows=1838)


table 4 : explain SELECT SUM(k) FROM sbtest4 WHERE id BETWEEN 7304047 AND 7305046
	-> Aggregate: sum(sbtest4.k)  (cost=794 rows=1)
    -> Filter: (sbtest4.id between 7304047 and 7305046)  (cost=371 rows=1838)
        -> Index range scan on sbtest4 using PRIMARY over (7304047 <= id <= 7305046)  (cost=371 rows=1838)


table 5 : explain SELECT SUM(k) FROM sbtest5 WHERE id BETWEEN 4632472 AND 4633471
	-> Aggregate: sum(sbtest5.k)  (cost=809 rows=1)
    -> Filter: (sbtest5.id between 4632472 and 4633471)  (cost=378 rows=1872)
        -> Index range scan on sbtest5 using PRIMARY over (4632472 <= id <= 4633471)  (cost=378 rows=1872)


table 6 : explain SELECT SUM(k) FROM sbtest6 WHERE id BETWEEN 7471666 AND 7472665
	-> Aggregate: sum(sbtest6.k)  (cost=809 rows=1)
    -> Filter: (sbtest6.id between 7471666 and 7472665)  (cost=378 rows=1872)
        -> Index range scan on sbtest6 using PRIMARY over (7471666 <= id <= 7472665)  (cost=378 rows=1872)


table 7 : explain SELECT SUM(k) FROM sbtest7 WHERE id BETWEEN 6300984 AND 6301983
	-> Aggregate: sum(sbtest7.k)  (cost=794 rows=1)
    -> Filter: (sbtest7.id between 6300984 and 6301983)  (cost=371 rows=1838)
        -> Index range scan on sbtest7 using PRIMARY over (6300984 <= id <= 6301983)  (cost=371 rows=1838)


table 8 : explain SELECT SUM(k) FROM sbtest8 WHERE id BETWEEN 534723 AND 535722
	-> Aggregate: sum(sbtest8.k)  (cost=794 rows=1)
    -> Filter: (sbtest8.id between 534723 and 535722)  (cost=371 rows=1838)
        -> Index range scan on sbtest8 using PRIMARY over (534723 <= id <= 535722)  (cost=371 rows=1838)


for: sum_ranges
table 1 : explain SELECT SUM(k) FROM sbtest1 WHERE id BETWEEN 7059043 AND 7060042
	-> Aggregate: sum(sbtest1.k)  (cost=794 rows=1)
    -> Filter: (sbtest1.id between 7059043 and 7060042)  (cost=371 rows=1838)
        -> Index range scan on sbtest1 using PRIMARY over (7059043 <= id <= 7060042)  (cost=371 rows=1838)


table 2 : explain SELECT SUM(k) FROM sbtest2 WHERE id BETWEEN 4306948 AND 4307947
	-> Aggregate: sum(sbtest2.k)  (cost=794 rows=1)
    -> Filter: (sbtest2.id between 4306948 and 4307947)  (cost=371 rows=1838)
        -> Index range scan on sbtest2 using PRIMARY over (4306948 <= id <= 4307947)  (cost=371 rows=1838)


table 3 : explain SELECT SUM(k) FROM sbtest3 WHERE id BETWEEN 9420813 AND 9421812
	-> Aggregate: sum(sbtest3.k)  (cost=794 rows=1)
    -> Filter: (sbtest3.id between 9420813 and 9421812)  (cost=371 rows=1838)
        -> Index range scan on sbtest3 using PRIMARY over (9420813 <= id <= 9421812)  (cost=371 rows=1838)


table 4 : explain SELECT SUM(k) FROM sbtest4 WHERE id BETWEEN 8995289 AND 8996288
	-> Aggregate: sum(sbtest4.k)  (cost=794 rows=1)
    -> Filter: (sbtest4.id between 8995289 and 8996288)  (cost=371 rows=1838)
        -> Index range scan on sbtest4 using PRIMARY over (8995289 <= id <= 8996288)  (cost=371 rows=1838)


table 5 : explain SELECT SUM(k) FROM sbtest5 WHERE id BETWEEN 9539153 AND 9540152
	-> Aggregate: sum(sbtest5.k)  (cost=794 rows=1)
    -> Filter: (sbtest5.id between 9539153 and 9540152)  (cost=371 rows=1838)
        -> Index range scan on sbtest5 using PRIMARY over (9539153 <= id <= 9540152)  (cost=371 rows=1838)


table 6 : explain SELECT SUM(k) FROM sbtest6 WHERE id BETWEEN 2783825 AND 2784824
	-> Aggregate: sum(sbtest6.k)  (cost=809 rows=1)
    -> Filter: (sbtest6.id between 2783825 and 2784824)  (cost=378 rows=1872)
        -> Index range scan on sbtest6 using PRIMARY over (2783825 <= id <= 2784824)  (cost=378 rows=1872)


table 7 : explain SELECT SUM(k) FROM sbtest7 WHERE id BETWEEN 8145979 AND 8146978
	-> Aggregate: sum(sbtest7.k)  (cost=809 rows=1)
    -> Filter: (sbtest7.id between 8145979 and 8146978)  (cost=378 rows=1872)
        -> Index range scan on sbtest7 using PRIMARY over (8145979 <= id <= 8146978)  (cost=378 rows=1872)


table 8 : explain SELECT SUM(k) FROM sbtest8 WHERE id BETWEEN 8770172 AND 8771171
	-> Aggregate: sum(sbtest8.k)  (cost=794 rows=1)
    -> Filter: (sbtest8.id between 8770172 and 8771171)  (cost=371 rows=1838)
        -> Index range scan on sbtest8 using PRIMARY over (8770172 <= id <= 8771171)  (cost=371 rows=1838)


for: simple_ranges
table 1 : explain SELECT c FROM sbtest1 WHERE id BETWEEN 9315700 AND 9316699
	-> Filter: (sbtest1.id between 9315700 and 9316699)  (cost=371 rows=1838)
    -> Index range scan on sbtest1 using PRIMARY over (9315700 <= id <= 9316699)  (cost=371 rows=1838)


table 2 : explain SELECT c FROM sbtest2 WHERE id BETWEEN 4973542 AND 4974541
	-> Filter: (sbtest2.id between 4973542 and 4974541)  (cost=378 rows=1872)
    -> Index range scan on sbtest2 using PRIMARY over (4973542 <= id <= 4974541)  (cost=378 rows=1872)


table 3 : explain SELECT c FROM sbtest3 WHERE id BETWEEN 6036139 AND 6037138
	-> Filter: (sbtest3.id between 6036139 and 6037138)  (cost=371 rows=1838)
    -> Index range scan on sbtest3 using PRIMARY over (6036139 <= id <= 6037138)  (cost=371 rows=1838)


table 4 : explain SELECT c FROM sbtest4 WHERE id BETWEEN 3797712 AND 3798711
	-> Filter: (sbtest4.id between 3797712 and 3798711)  (cost=371 rows=1838)
    -> Index range scan on sbtest4 using PRIMARY over (3797712 <= id <= 3798711)  (cost=371 rows=1838)


table 5 : explain SELECT c FROM sbtest5 WHERE id BETWEEN 9022240 AND 9023239
	-> Filter: (sbtest5.id between 9022240 and 9023239)  (cost=371 rows=1838)
    -> Index range scan on sbtest5 using PRIMARY over (9022240 <= id <= 9023239)  (cost=371 rows=1838)


table 6 : explain SELECT c FROM sbtest6 WHERE id BETWEEN 4886704 AND 4887703
	-> Filter: (sbtest6.id between 4886704 and 4887703)  (cost=371 rows=1838)
    -> Index range scan on sbtest6 using PRIMARY over (4886704 <= id <= 4887703)  (cost=371 rows=1838)


table 7 : explain SELECT c FROM sbtest7 WHERE id BETWEEN 1875939 AND 1876938
	-> Filter: (sbtest7.id between 1875939 and 1876938)  (cost=378 rows=1872)
    -> Index range scan on sbtest7 using PRIMARY over (1875939 <= id <= 1876938)  (cost=378 rows=1872)


table 8 : explain SELECT c FROM sbtest8 WHERE id BETWEEN 7100002 AND 7101001
	-> Filter: (sbtest8.id between 7100002 and 7101001)  (cost=371 rows=1838)
    -> Index range scan on sbtest8 using PRIMARY over (7100002 <= id <= 7101001)  (cost=371 rows=1838)


for: sum_ranges
table 1 : explain SELECT SUM(k) FROM sbtest1 WHERE id BETWEEN 9652633 AND 9653632
	-> Aggregate: sum(sbtest1.k)  (cost=794 rows=1)
    -> Filter: (sbtest1.id between 9652633 and 9653632)  (cost=371 rows=1838)
        -> Index range scan on sbtest1 using PRIMARY over (9652633 <= id <= 9653632)  (cost=371 rows=1838)


table 2 : explain SELECT SUM(k) FROM sbtest2 WHERE id BETWEEN 768958 AND 769957
	-> Aggregate: sum(sbtest2.k)  (cost=809 rows=1)
    -> Filter: (sbtest2.id between 768958 and 769957)  (cost=378 rows=1872)
        -> Index range scan on sbtest2 using PRIMARY over (768958 <= id <= 769957)  (cost=378 rows=1872)


table 3 : explain SELECT SUM(k) FROM sbtest3 WHERE id BETWEEN 9849407 AND 9850406
	-> Aggregate: sum(sbtest3.k)  (cost=794 rows=1)
    -> Filter: (sbtest3.id between 9849407 and 9850406)  (cost=371 rows=1838)
        -> Index range scan on sbtest3 using PRIMARY over (9849407 <= id <= 9850406)  (cost=371 rows=1838)


table 4 : explain SELECT SUM(k) FROM sbtest4 WHERE id BETWEEN 7827283 AND 7828282
	-> Aggregate: sum(sbtest4.k)  (cost=794 rows=1)
    -> Filter: (sbtest4.id between 7827283 and 7828282)  (cost=371 rows=1838)
        -> Index range scan on sbtest4 using PRIMARY over (7827283 <= id <= 7828282)  (cost=371 rows=1838)


table 5 : explain SELECT SUM(k) FROM sbtest5 WHERE id BETWEEN 2758541 AND 2759540
	-> Aggregate: sum(sbtest5.k)  (cost=794 rows=1)
    -> Filter: (sbtest5.id between 2758541 and 2759540)  (cost=371 rows=1838)
        -> Index range scan on sbtest5 using PRIMARY over (2758541 <= id <= 2759540)  (cost=371 rows=1838)


table 6 : explain SELECT SUM(k) FROM sbtest6 WHERE id BETWEEN 856837 AND 857836
	-> Aggregate: sum(sbtest6.k)  (cost=794 rows=1)
    -> Filter: (sbtest6.id between 856837 and 857836)  (cost=371 rows=1838)
        -> Index range scan on sbtest6 using PRIMARY over (856837 <= id <= 857836)  (cost=371 rows=1838)


table 7 : explain SELECT SUM(k) FROM sbtest7 WHERE id BETWEEN 7523649 AND 7524648
	-> Aggregate: sum(sbtest7.k)  (cost=809 rows=1)
    -> Filter: (sbtest7.id between 7523649 and 7524648)  (cost=378 rows=1872)
        -> Index range scan on sbtest7 using PRIMARY over (7523649 <= id <= 7524648)  (cost=378 rows=1872)


table 8 : explain SELECT SUM(k) FROM sbtest8 WHERE id BETWEEN 3942058 AND 3943057
	-> Aggregate: sum(sbtest8.k)  (cost=809 rows=1)
    -> Filter: (sbtest8.id between 3942058 and 3943057)  (cost=378 rows=1872)
        -> Index range scan on sbtest8 using PRIMARY over (3942058 <= id <= 3943057)  (cost=378 rows=1872)


for: sum_ranges
table 1 : explain SELECT SUM(k) FROM sbtest1 WHERE id BETWEEN 5700693 AND 5701692
	-> Aggregate: sum(sbtest1.k)  (cost=809 rows=1)
    -> Filter: (sbtest1.id between 5700693 and 5701692)  (cost=378 rows=1872)
        -> Index range scan on sbtest1 using PRIMARY over (5700693 <= id <= 5701692)  (cost=378 rows=1872)


table 2 : explain SELECT SUM(k) FROM sbtest2 WHERE id BETWEEN 7393673 AND 7394672
	-> Aggregate: sum(sbtest2.k)  (cost=794 rows=1)
    -> Filter: (sbtest2.id between 7393673 and 7394672)  (cost=371 rows=1838)
        -> Index range scan on sbtest2 using PRIMARY over (7393673 <= id <= 7394672)  (cost=371 rows=1838)


table 3 : explain SELECT SUM(k) FROM sbtest3 WHERE id BETWEEN 213197 AND 214196
	-> Aggregate: sum(sbtest3.k)  (cost=795 rows=1)
    -> Filter: (sbtest3.id between 213197 and 214196)  (cost=371 rows=1840)
        -> Index range scan on sbtest3 using PRIMARY over (213197 <= id <= 214196)  (cost=371 rows=1840)


table 4 : explain SELECT SUM(k) FROM sbtest4 WHERE id BETWEEN 6759139 AND 6760138
	-> Aggregate: sum(sbtest4.k)  (cost=794 rows=1)
    -> Filter: (sbtest4.id between 6759139 and 6760138)  (cost=371 rows=1838)
        -> Index range scan on sbtest4 using PRIMARY over (6759139 <= id <= 6760138)  (cost=371 rows=1838)


table 5 : explain SELECT SUM(k) FROM sbtest5 WHERE id BETWEEN 5401729 AND 5402728
	-> Aggregate: sum(sbtest5.k)  (cost=794 rows=1)
    -> Filter: (sbtest5.id between 5401729 and 5402728)  (cost=371 rows=1838)
        -> Index range scan on sbtest5 using PRIMARY over (5401729 <= id <= 5402728)  (cost=371 rows=1838)


table 6 : explain SELECT SUM(k) FROM sbtest6 WHERE id BETWEEN 9008384 AND 9009383
	-> Aggregate: sum(sbtest6.k)  (cost=809 rows=1)
    -> Filter: (sbtest6.id between 9008384 and 9009383)  (cost=378 rows=1872)
        -> Index range scan on sbtest6 using PRIMARY over (9008384 <= id <= 9009383)  (cost=378 rows=1872)


table 7 : explain SELECT SUM(k) FROM sbtest7 WHERE id BETWEEN 1860741 AND 1861740
	-> Aggregate: sum(sbtest7.k)  (cost=809 rows=1)
    -> Filter: (sbtest7.id between 1860741 and 1861740)  (cost=378 rows=1872)
        -> Index range scan on sbtest7 using PRIMARY over (1860741 <= id <= 1861740)  (cost=378 rows=1872)


table 8 : explain SELECT SUM(k) FROM sbtest8 WHERE id BETWEEN 9809443 AND 9810442
	-> Aggregate: sum(sbtest8.k)  (cost=794 rows=1)
    -> Filter: (sbtest8.id between 9809443 and 9810442)  (cost=371 rows=1838)
        -> Index range scan on sbtest8 using PRIMARY over (9809443 <= id <= 9810442)  (cost=371 rows=1838)


for: sum_ranges
table 1 : explain SELECT SUM(k) FROM sbtest1 WHERE id BETWEEN 6622431 AND 6623430
	-> Aggregate: sum(sbtest1.k)  (cost=794 rows=1)
    -> Filter: (sbtest1.id between 6622431 and 6623430)  (cost=371 rows=1838)
        -> Index range scan on sbtest1 using PRIMARY over (6622431 <= id <= 6623430)  (cost=371 rows=1838)


table 2 : explain SELECT SUM(k) FROM sbtest2 WHERE id BETWEEN 1575020 AND 1576019
	-> Aggregate: sum(sbtest2.k)  (cost=809 rows=1)
    -> Filter: (sbtest2.id between 1575020 and 1576019)  (cost=378 rows=1872)
        -> Index range scan on sbtest2 using PRIMARY over (1575020 <= id <= 1576019)  (cost=378 rows=1872)


table 3 : explain SELECT SUM(k) FROM sbtest3 WHERE id BETWEEN 4337110 AND 4338109
	-> Aggregate: sum(sbtest3.k)  (cost=794 rows=1)
    -> Filter: (sbtest3.id between 4337110 and 4338109)  (cost=371 rows=1838)
        -> Index range scan on sbtest3 using PRIMARY over (4337110 <= id <= 4338109)  (cost=371 rows=1838)


table 4 : explain SELECT SUM(k) FROM sbtest4 WHERE id BETWEEN 9900901 AND 9901900
	-> Aggregate: sum(sbtest4.k)  (cost=809 rows=1)
    -> Filter: (sbtest4.id between 9900901 and 9901900)  (cost=378 rows=1872)
        -> Index range scan on sbtest4 using PRIMARY over (9900901 <= id <= 9901900)  (cost=378 rows=1872)


table 5 : explain SELECT SUM(k) FROM sbtest5 WHERE id BETWEEN 6078363 AND 6079362
	-> Aggregate: sum(sbtest5.k)  (cost=794 rows=1)
    -> Filter: (sbtest5.id between 6078363 and 6079362)  (cost=371 rows=1838)
        -> Index range scan on sbtest5 using PRIMARY over (6078363 <= id <= 6079362)  (cost=371 rows=1838)


table 6 : explain SELECT SUM(k) FROM sbtest6 WHERE id BETWEEN 4165043 AND 4166042
	-> Aggregate: sum(sbtest6.k)  (cost=794 rows=1)
    -> Filter: (sbtest6.id between 4165043 and 4166042)  (cost=371 rows=1838)
        -> Index range scan on sbtest6 using PRIMARY over (4165043 <= id <= 4166042)  (cost=371 rows=1838)


table 7 : explain SELECT SUM(k) FROM sbtest7 WHERE id BETWEEN 5633451 AND 5634450
	-> Aggregate: sum(sbtest7.k)  (cost=809 rows=1)
    -> Filter: (sbtest7.id between 5633451 and 5634450)  (cost=378 rows=1872)
        -> Index range scan on sbtest7 using PRIMARY over (5633451 <= id <= 5634450)  (cost=378 rows=1872)


table 8 : explain SELECT SUM(k) FROM sbtest8 WHERE id BETWEEN 9944298 AND 9945297
	-> Aggregate: sum(sbtest8.k)  (cost=794 rows=1)
    -> Filter: (sbtest8.id between 9944298 and 9945297)  (cost=371 rows=1838)
        -> Index range scan on sbtest8 using PRIMARY over (9944298 <= id <= 9945297)  (cost=371 rows=1838)


for: sum_ranges
table 1 : explain SELECT SUM(k) FROM sbtest1 WHERE id BETWEEN 5074698 AND 5075697
	-> Aggregate: sum(sbtest1.k)  (cost=794 rows=1)
    -> Filter: (sbtest1.id between 5074698 and 5075697)  (cost=371 rows=1838)
        -> Index range scan on sbtest1 using PRIMARY over (5074698 <= id <= 5075697)  (cost=371 rows=1838)


table 2 : explain SELECT SUM(k) FROM sbtest2 WHERE id BETWEEN 5265554 AND 5266553
	-> Aggregate: sum(sbtest2.k)  (cost=794 rows=1)
    -> Filter: (sbtest2.id between 5265554 and 5266553)  (cost=371 rows=1838)
        -> Index range scan on sbtest2 using PRIMARY over (5265554 <= id <= 5266553)  (cost=371 rows=1838)


table 3 : explain SELECT SUM(k) FROM sbtest3 WHERE id BETWEEN 8138113 AND 8139112
	-> Aggregate: sum(sbtest3.k)  (cost=794 rows=1)
    -> Filter: (sbtest3.id between 8138113 and 8139112)  (cost=371 rows=1838)
        -> Index range scan on sbtest3 using PRIMARY over (8138113 <= id <= 8139112)  (cost=371 rows=1838)


table 4 : explain SELECT SUM(k) FROM sbtest4 WHERE id BETWEEN 8488167 AND 8489166
	-> Aggregate: sum(sbtest4.k)  (cost=794 rows=1)
    -> Filter: (sbtest4.id between 8488167 and 8489166)  (cost=371 rows=1838)
        -> Index range scan on sbtest4 using PRIMARY over (8488167 <= id <= 8489166)  (cost=371 rows=1838)


table 5 : explain SELECT SUM(k) FROM sbtest5 WHERE id BETWEEN 7418400 AND 7419399
	-> Aggregate: sum(sbtest5.k)  (cost=794 rows=1)
    -> Filter: (sbtest5.id between 7418400 and 7419399)  (cost=371 rows=1838)
        -> Index range scan on sbtest5 using PRIMARY over (7418400 <= id <= 7419399)  (cost=371 rows=1838)


table 6 : explain SELECT SUM(k) FROM sbtest6 WHERE id BETWEEN 1961048 AND 1962047
	-> Aggregate: sum(sbtest6.k)  (cost=809 rows=1)
    -> Filter: (sbtest6.id between 1961048 and 1962047)  (cost=378 rows=1872)
        -> Index range scan on sbtest6 using PRIMARY over (1961048 <= id <= 1962047)  (cost=378 rows=1872)


table 7 : explain SELECT SUM(k) FROM sbtest7 WHERE id BETWEEN 7449200 AND 7450199
	-> Aggregate: sum(sbtest7.k)  (cost=794 rows=1)
    -> Filter: (sbtest7.id between 7449200 and 7450199)  (cost=371 rows=1838)
        -> Index range scan on sbtest7 using PRIMARY over (7449200 <= id <= 7450199)  (cost=371 rows=1838)


table 8 : explain SELECT SUM(k) FROM sbtest8 WHERE id BETWEEN 2058739 AND 2059738
	-> Aggregate: sum(sbtest8.k)  (cost=794 rows=1)
    -> Filter: (sbtest8.id between 2058739 and 2059738)  (cost=371 rows=1838)
        -> Index range scan on sbtest8 using PRIMARY over (2058739 <= id <= 2059738)  (cost=371 rows=1838)


for: sum_ranges
table 1 : explain SELECT SUM(k) FROM sbtest1 WHERE id BETWEEN 8583556 AND 8584555
	-> Aggregate: sum(sbtest1.k)  (cost=794 rows=1)
    -> Filter: (sbtest1.id between 8583556 and 8584555)  (cost=371 rows=1838)
        -> Index range scan on sbtest1 using PRIMARY over (8583556 <= id <= 8584555)  (cost=371 rows=1838)


table 2 : explain SELECT SUM(k) FROM sbtest2 WHERE id BETWEEN 7364843 AND 7365842
	-> Aggregate: sum(sbtest2.k)  (cost=794 rows=1)
    -> Filter: (sbtest2.id between 7364843 and 7365842)  (cost=371 rows=1838)
        -> Index range scan on sbtest2 using PRIMARY over (7364843 <= id <= 7365842)  (cost=371 rows=1838)


table 3 : explain SELECT SUM(k) FROM sbtest3 WHERE id BETWEEN 3413916 AND 3414915
	-> Aggregate: sum(sbtest3.k)  (cost=794 rows=1)
    -> Filter: (sbtest3.id between 3413916 and 3414915)  (cost=371 rows=1838)
        -> Index range scan on sbtest3 using PRIMARY over (3413916 <= id <= 3414915)  (cost=371 rows=1838)


table 4 : explain SELECT SUM(k) FROM sbtest4 WHERE id BETWEEN 2404015 AND 2405014
	-> Aggregate: sum(sbtest4.k)  (cost=809 rows=1)
    -> Filter: (sbtest4.id between 2404015 and 2405014)  (cost=378 rows=1872)
        -> Index range scan on sbtest4 using PRIMARY over (2404015 <= id <= 2405014)  (cost=378 rows=1872)


table 5 : explain SELECT SUM(k) FROM sbtest5 WHERE id BETWEEN 9371596 AND 9372595
	-> Aggregate: sum(sbtest5.k)  (cost=794 rows=1)
    -> Filter: (sbtest5.id between 9371596 and 9372595)  (cost=371 rows=1838)
        -> Index range scan on sbtest5 using PRIMARY over (9371596 <= id <= 9372595)  (cost=371 rows=1838)


table 6 : explain SELECT SUM(k) FROM sbtest6 WHERE id BETWEEN 5890925 AND 5891924
	-> Aggregate: sum(sbtest6.k)  (cost=809 rows=1)
    -> Filter: (sbtest6.id between 5890925 and 5891924)  (cost=378 rows=1872)
        -> Index range scan on sbtest6 using PRIMARY over (5890925 <= id <= 5891924)  (cost=378 rows=1872)


table 7 : explain SELECT SUM(k) FROM sbtest7 WHERE id BETWEEN 3105719 AND 3106718
	-> Aggregate: sum(sbtest7.k)  (cost=794 rows=1)
    -> Filter: (sbtest7.id between 3105719 and 3106718)  (cost=371 rows=1838)
        -> Index range scan on sbtest7 using PRIMARY over (3105719 <= id <= 3106718)  (cost=371 rows=1838)


table 8 : explain SELECT SUM(k) FROM sbtest8 WHERE id BETWEEN 414639 AND 415638
	-> Aggregate: sum(sbtest8.k)  (cost=794 rows=1)
    -> Filter: (sbtest8.id between 414639 and 415638)  (cost=371 rows=1838)
        -> Index range scan on sbtest8 using PRIMARY over (414639 <= id <= 415638)  (cost=371 rows=1838)


for: sum_ranges
table 1 : explain SELECT SUM(k) FROM sbtest1 WHERE id BETWEEN 6728251 AND 6729250
	-> Aggregate: sum(sbtest1.k)  (cost=794 rows=1)
    -> Filter: (sbtest1.id between 6728251 and 6729250)  (cost=371 rows=1838)
        -> Index range scan on sbtest1 using PRIMARY over (6728251 <= id <= 6729250)  (cost=371 rows=1838)


table 2 : explain SELECT SUM(k) FROM sbtest2 WHERE id BETWEEN 2792121 AND 2793120
	-> Aggregate: sum(sbtest2.k)  (cost=794 rows=1)
    -> Filter: (sbtest2.id between 2792121 and 2793120)  (cost=371 rows=1838)
        -> Index range scan on sbtest2 using PRIMARY over (2792121 <= id <= 2793120)  (cost=371 rows=1838)


table 3 : explain SELECT SUM(k) FROM sbtest3 WHERE id BETWEEN 8085124 AND 8086123
	-> Aggregate: sum(sbtest3.k)  (cost=794 rows=1)
    -> Filter: (sbtest3.id between 8085124 and 8086123)  (cost=371 rows=1838)
        -> Index range scan on sbtest3 using PRIMARY over (8085124 <= id <= 8086123)  (cost=371 rows=1838)


table 4 : explain SELECT SUM(k) FROM sbtest4 WHERE id BETWEEN 2696704 AND 2697703
	-> Aggregate: sum(sbtest4.k)  (cost=794 rows=1)
    -> Filter: (sbtest4.id between 2696704 and 2697703)  (cost=371 rows=1838)
        -> Index range scan on sbtest4 using PRIMARY over (2696704 <= id <= 2697703)  (cost=371 rows=1838)


table 5 : explain SELECT SUM(k) FROM sbtest5 WHERE id BETWEEN 4298677 AND 4299676
	-> Aggregate: sum(sbtest5.k)  (cost=794 rows=1)
    -> Filter: (sbtest5.id between 4298677 and 4299676)  (cost=371 rows=1838)
        -> Index range scan on sbtest5 using PRIMARY over (4298677 <= id <= 4299676)  (cost=371 rows=1838)


table 6 : explain SELECT SUM(k) FROM sbtest6 WHERE id BETWEEN 8221091 AND 8222090
	-> Aggregate: sum(sbtest6.k)  (cost=809 rows=1)
    -> Filter: (sbtest6.id between 8221091 and 8222090)  (cost=378 rows=1872)
        -> Index range scan on sbtest6 using PRIMARY over (8221091 <= id <= 8222090)  (cost=378 rows=1872)


table 7 : explain SELECT SUM(k) FROM sbtest7 WHERE id BETWEEN 8481290 AND 8482289
	-> Aggregate: sum(sbtest7.k)  (cost=794 rows=1)
    -> Filter: (sbtest7.id between 8481290 and 8482289)  (cost=371 rows=1838)
        -> Index range scan on sbtest7 using PRIMARY over (8481290 <= id <= 8482289)  (cost=371 rows=1838)


table 8 : explain SELECT SUM(k) FROM sbtest8 WHERE id BETWEEN 3215791 AND 3216790
	-> Aggregate: sum(sbtest8.k)  (cost=794 rows=1)
    -> Filter: (sbtest8.id between 3215791 and 3216790)  (cost=371 rows=1838)
        -> Index range scan on sbtest8 using PRIMARY over (3215791 <= id <= 3216790)  (cost=371 rows=1838)


for: sum_ranges
table 1 : explain SELECT SUM(k) FROM sbtest1 WHERE id BETWEEN 345286 AND 346285
	-> Aggregate: sum(sbtest1.k)  (cost=794 rows=1)
    -> Filter: (sbtest1.id between 345286 and 346285)  (cost=371 rows=1838)
        -> Index range scan on sbtest1 using PRIMARY over (345286 <= id <= 346285)  (cost=371 rows=1838)


table 2 : explain SELECT SUM(k) FROM sbtest2 WHERE id BETWEEN 7620287 AND 7621286
	-> Aggregate: sum(sbtest2.k)  (cost=794 rows=1)
    -> Filter: (sbtest2.id between 7620287 and 7621286)  (cost=371 rows=1838)
        -> Index range scan on sbtest2 using PRIMARY over (7620287 <= id <= 7621286)  (cost=371 rows=1838)


table 3 : explain SELECT SUM(k) FROM sbtest3 WHERE id BETWEEN 7677490 AND 7678489
	-> Aggregate: sum(sbtest3.k)  (cost=794 rows=1)
    -> Filter: (sbtest3.id between 7677490 and 7678489)  (cost=371 rows=1838)
        -> Index range scan on sbtest3 using PRIMARY over (7677490 <= id <= 7678489)  (cost=371 rows=1838)


table 4 : explain SELECT SUM(k) FROM sbtest4 WHERE id BETWEEN 4121939 AND 4122938
	-> Aggregate: sum(sbtest4.k)  (cost=794 rows=1)
    -> Filter: (sbtest4.id between 4121939 and 4122938)  (cost=371 rows=1838)
        -> Index range scan on sbtest4 using PRIMARY over (4121939 <= id <= 4122938)  (cost=371 rows=1838)


table 5 : explain SELECT SUM(k) FROM sbtest5 WHERE id BETWEEN 8465062 AND 8466061
	-> Aggregate: sum(sbtest5.k)  (cost=809 rows=1)
    -> Filter: (sbtest5.id between 8465062 and 8466061)  (cost=378 rows=1872)
        -> Index range scan on sbtest5 using PRIMARY over (8465062 <= id <= 8466061)  (cost=378 rows=1872)


table 6 : explain SELECT SUM(k) FROM sbtest6 WHERE id BETWEEN 1451686 AND 1452685
	-> Aggregate: sum(sbtest6.k)  (cost=794 rows=1)
    -> Filter: (sbtest6.id between 1451686 and 1452685)  (cost=371 rows=1838)
        -> Index range scan on sbtest6 using PRIMARY over (1451686 <= id <= 1452685)  (cost=371 rows=1838)


table 7 : explain SELECT SUM(k) FROM sbtest7 WHERE id BETWEEN 4820811 AND 4821810
	-> Aggregate: sum(sbtest7.k)  (cost=795 rows=1)
    -> Filter: (sbtest7.id between 4820811 and 4821810)  (cost=371 rows=1840)
        -> Index range scan on sbtest7 using PRIMARY over (4820811 <= id <= 4821810)  (cost=371 rows=1840)


table 8 : explain SELECT SUM(k) FROM sbtest8 WHERE id BETWEEN 1408212 AND 1409211
	-> Aggregate: sum(sbtest8.k)  (cost=809 rows=1)
    -> Filter: (sbtest8.id between 1408212 and 1409211)  (cost=378 rows=1872)
        -> Index range scan on sbtest8 using PRIMARY over (1408212 <= id <= 1409211)  (cost=378 rows=1872)


for: sum_ranges
table 1 : explain SELECT SUM(k) FROM sbtest1 WHERE id BETWEEN 3309977 AND 3310976
	-> Aggregate: sum(sbtest1.k)  (cost=794 rows=1)
    -> Filter: (sbtest1.id between 3309977 and 3310976)  (cost=371 rows=1838)
        -> Index range scan on sbtest1 using PRIMARY over (3309977 <= id <= 3310976)  (cost=371 rows=1838)


table 2 : explain SELECT SUM(k) FROM sbtest2 WHERE id BETWEEN 3328108 AND 3329107
	-> Aggregate: sum(sbtest2.k)  (cost=809 rows=1)
    -> Filter: (sbtest2.id between 3328108 and 3329107)  (cost=378 rows=1872)
        -> Index range scan on sbtest2 using PRIMARY over (3328108 <= id <= 3329107)  (cost=378 rows=1872)


table 3 : explain SELECT SUM(k) FROM sbtest3 WHERE id BETWEEN 8110020 AND 8111019
	-> Aggregate: sum(sbtest3.k)  (cost=794 rows=1)
    -> Filter: (sbtest3.id between 8110020 and 8111019)  (cost=371 rows=1838)
        -> Index range scan on sbtest3 using PRIMARY over (8110020 <= id <= 8111019)  (cost=371 rows=1838)


table 4 : explain SELECT SUM(k) FROM sbtest4 WHERE id BETWEEN 5448973 AND 5449972
	-> Aggregate: sum(sbtest4.k)  (cost=794 rows=1)
    -> Filter: (sbtest4.id between 5448973 and 5449972)  (cost=371 rows=1838)
        -> Index range scan on sbtest4 using PRIMARY over (5448973 <= id <= 5449972)  (cost=371 rows=1838)


table 5 : explain SELECT SUM(k) FROM sbtest5 WHERE id BETWEEN 8126287 AND 8127286
	-> Aggregate: sum(sbtest5.k)  (cost=794 rows=1)
    -> Filter: (sbtest5.id between 8126287 and 8127286)  (cost=371 rows=1838)
        -> Index range scan on sbtest5 using PRIMARY over (8126287 <= id <= 8127286)  (cost=371 rows=1838)


table 6 : explain SELECT SUM(k) FROM sbtest6 WHERE id BETWEEN 7321279 AND 7322278
	-> Aggregate: sum(sbtest6.k)  (cost=794 rows=1)
    -> Filter: (sbtest6.id between 7321279 and 7322278)  (cost=371 rows=1838)
        -> Index range scan on sbtest6 using PRIMARY over (7321279 <= id <= 7322278)  (cost=371 rows=1838)


table 7 : explain SELECT SUM(k) FROM sbtest7 WHERE id BETWEEN 5621666 AND 5622665
	-> Aggregate: sum(sbtest7.k)  (cost=794 rows=1)
    -> Filter: (sbtest7.id between 5621666 and 5622665)  (cost=371 rows=1838)
        -> Index range scan on sbtest7 using PRIMARY over (5621666 <= id <= 5622665)  (cost=371 rows=1838)


table 8 : explain SELECT SUM(k) FROM sbtest8 WHERE id BETWEEN 4595352 AND 4596351
	-> Aggregate: sum(sbtest8.k)  (cost=794 rows=1)
    -> Filter: (sbtest8.id between 4595352 and 4596351)  (cost=371 rows=1838)
        -> Index range scan on sbtest8 using PRIMARY over (4595352 <= id <= 4596351)  (cost=371 rows=1838)


for: sum_ranges
table 1 : explain SELECT SUM(k) FROM sbtest1 WHERE id BETWEEN 7433667 AND 7434666
	-> Aggregate: sum(sbtest1.k)  (cost=794 rows=1)
    -> Filter: (sbtest1.id between 7433667 and 7434666)  (cost=371 rows=1838)
        -> Index range scan on sbtest1 using PRIMARY over (7433667 <= id <= 7434666)  (cost=371 rows=1838)


table 2 : explain SELECT SUM(k) FROM sbtest2 WHERE id BETWEEN 3996867 AND 3997866
	-> Aggregate: sum(sbtest2.k)  (cost=809 rows=1)
    -> Filter: (sbtest2.id between 3996867 and 3997866)  (cost=378 rows=1872)
        -> Index range scan on sbtest2 using PRIMARY over (3996867 <= id <= 3997866)  (cost=378 rows=1872)


table 3 : explain SELECT SUM(k) FROM sbtest3 WHERE id BETWEEN 6414116 AND 6415115
	-> Aggregate: sum(sbtest3.k)  (cost=809 rows=1)
    -> Filter: (sbtest3.id between 6414116 and 6415115)  (cost=378 rows=1872)
        -> Index range scan on sbtest3 using PRIMARY over (6414116 <= id <= 6415115)  (cost=378 rows=1872)


table 4 : explain SELECT SUM(k) FROM sbtest4 WHERE id BETWEEN 7667648 AND 7668647
	-> Aggregate: sum(sbtest4.k)  (cost=794 rows=1)
    -> Filter: (sbtest4.id between 7667648 and 7668647)  (cost=371 rows=1838)
        -> Index range scan on sbtest4 using PRIMARY over (7667648 <= id <= 7668647)  (cost=371 rows=1838)


table 5 : explain SELECT SUM(k) FROM sbtest5 WHERE id BETWEEN 8856687 AND 8857686
	-> Aggregate: sum(sbtest5.k)  (cost=794 rows=1)
    -> Filter: (sbtest5.id between 8856687 and 8857686)  (cost=371 rows=1838)
        -> Index range scan on sbtest5 using PRIMARY over (8856687 <= id <= 8857686)  (cost=371 rows=1838)


table 6 : explain SELECT SUM(k) FROM sbtest6 WHERE id BETWEEN 563142 AND 564141
	-> Aggregate: sum(sbtest6.k)  (cost=794 rows=1)
    -> Filter: (sbtest6.id between 563142 and 564141)  (cost=371 rows=1838)
        -> Index range scan on sbtest6 using PRIMARY over (563142 <= id <= 564141)  (cost=371 rows=1838)


table 7 : explain SELECT SUM(k) FROM sbtest7 WHERE id BETWEEN 2163701 AND 2164700
	-> Aggregate: sum(sbtest7.k)  (cost=809 rows=1)
    -> Filter: (sbtest7.id between 2163701 and 2164700)  (cost=378 rows=1872)
        -> Index range scan on sbtest7 using PRIMARY over (2163701 <= id <= 2164700)  (cost=378 rows=1872)


table 8 : explain SELECT SUM(k) FROM sbtest8 WHERE id BETWEEN 740757 AND 741756
	-> Aggregate: sum(sbtest8.k)  (cost=794 rows=1)
    -> Filter: (sbtest8.id between 740757 and 741756)  (cost=371 rows=1838)
        -> Index range scan on sbtest8 using PRIMARY over (740757 <= id <= 741756)  (cost=371 rows=1838)


for: sum_ranges
table 1 : explain SELECT SUM(k) FROM sbtest1 WHERE id BETWEEN 2285224 AND 2286223
	-> Aggregate: sum(sbtest1.k)  (cost=794 rows=1)
    -> Filter: (sbtest1.id between 2285224 and 2286223)  (cost=371 rows=1838)
        -> Index range scan on sbtest1 using PRIMARY over (2285224 <= id <= 2286223)  (cost=371 rows=1838)


table 2 : explain SELECT SUM(k) FROM sbtest2 WHERE id BETWEEN 2582959 AND 2583958
	-> Aggregate: sum(sbtest2.k)  (cost=794 rows=1)
    -> Filter: (sbtest2.id between 2582959 and 2583958)  (cost=371 rows=1838)
        -> Index range scan on sbtest2 using PRIMARY over (2582959 <= id <= 2583958)  (cost=371 rows=1838)


table 3 : explain SELECT SUM(k) FROM sbtest3 WHERE id BETWEEN 8813875 AND 8814874
	-> Aggregate: sum(sbtest3.k)  (cost=794 rows=1)
    -> Filter: (sbtest3.id between 8813875 and 8814874)  (cost=371 rows=1838)
        -> Index range scan on sbtest3 using PRIMARY over (8813875 <= id <= 8814874)  (cost=371 rows=1838)


table 4 : explain SELECT SUM(k) FROM sbtest4 WHERE id BETWEEN 7708889 AND 7709888
	-> Aggregate: sum(sbtest4.k)  (cost=794 rows=1)
    -> Filter: (sbtest4.id between 7708889 and 7709888)  (cost=371 rows=1838)
        -> Index range scan on sbtest4 using PRIMARY over (7708889 <= id <= 7709888)  (cost=371 rows=1838)


table 5 : explain SELECT SUM(k) FROM sbtest5 WHERE id BETWEEN 7640246 AND 7641245
	-> Aggregate: sum(sbtest5.k)  (cost=794 rows=1)
    -> Filter: (sbtest5.id between 7640246 and 7641245)  (cost=371 rows=1838)
        -> Index range scan on sbtest5 using PRIMARY over (7640246 <= id <= 7641245)  (cost=371 rows=1838)


table 6 : explain SELECT SUM(k) FROM sbtest6 WHERE id BETWEEN 8103631 AND 8104630
	-> Aggregate: sum(sbtest6.k)  (cost=809 rows=1)
    -> Filter: (sbtest6.id between 8103631 and 8104630)  (cost=378 rows=1872)
        -> Index range scan on sbtest6 using PRIMARY over (8103631 <= id <= 8104630)  (cost=378 rows=1872)


table 7 : explain SELECT SUM(k) FROM sbtest7 WHERE id BETWEEN 7838340 AND 7839339
	-> Aggregate: sum(sbtest7.k)  (cost=809 rows=1)
    -> Filter: (sbtest7.id between 7838340 and 7839339)  (cost=378 rows=1872)
        -> Index range scan on sbtest7 using PRIMARY over (7838340 <= id <= 7839339)  (cost=378 rows=1872)


table 8 : explain SELECT SUM(k) FROM sbtest8 WHERE id BETWEEN 3285854 AND 3286853
	-> Aggregate: sum(sbtest8.k)  (cost=809 rows=1)
    -> Filter: (sbtest8.id between 3285854 and 3286853)  (cost=378 rows=1872)
        -> Index range scan on sbtest8 using PRIMARY over (3285854 <= id <= 3286853)  (cost=378 rows=1872)


for: sum_ranges
table 1 : explain SELECT SUM(k) FROM sbtest1 WHERE id BETWEEN 1749385 AND 1750384
	-> Aggregate: sum(sbtest1.k)  (cost=794 rows=1)
    -> Filter: (sbtest1.id between 1749385 and 1750384)  (cost=371 rows=1838)
        -> Index range scan on sbtest1 using PRIMARY over (1749385 <= id <= 1750384)  (cost=371 rows=1838)


table 2 : explain SELECT SUM(k) FROM sbtest2 WHERE id BETWEEN 8161576 AND 8162575
	-> Aggregate: sum(sbtest2.k)  (cost=794 rows=1)
    -> Filter: (sbtest2.id between 8161576 and 8162575)  (cost=371 rows=1838)
        -> Index range scan on sbtest2 using PRIMARY over (8161576 <= id <= 8162575)  (cost=371 rows=1838)


table 3 : explain SELECT SUM(k) FROM sbtest3 WHERE id BETWEEN 9774468 AND 9775467
	-> Aggregate: sum(sbtest3.k)  (cost=794 rows=1)
    -> Filter: (sbtest3.id between 9774468 and 9775467)  (cost=371 rows=1838)
        -> Index range scan on sbtest3 using PRIMARY over (9774468 <= id <= 9775467)  (cost=371 rows=1838)


table 4 : explain SELECT SUM(k) FROM sbtest4 WHERE id BETWEEN 8764354 AND 8765353
	-> Aggregate: sum(sbtest4.k)  (cost=809 rows=1)
    -> Filter: (sbtest4.id between 8764354 and 8765353)  (cost=378 rows=1872)
        -> Index range scan on sbtest4 using PRIMARY over (8764354 <= id <= 8765353)  (cost=378 rows=1872)


table 5 : explain SELECT SUM(k) FROM sbtest5 WHERE id BETWEEN 4551004 AND 4552003
	-> Aggregate: sum(sbtest5.k)  (cost=809 rows=1)
    -> Filter: (sbtest5.id between 4551004 and 4552003)  (cost=378 rows=1872)
        -> Index range scan on sbtest5 using PRIMARY over (4551004 <= id <= 4552003)  (cost=378 rows=1872)


table 6 : explain SELECT SUM(k) FROM sbtest6 WHERE id BETWEEN 1839264 AND 1840263
	-> Aggregate: sum(sbtest6.k)  (cost=794 rows=1)
    -> Filter: (sbtest6.id between 1839264 and 1840263)  (cost=371 rows=1838)
        -> Index range scan on sbtest6 using PRIMARY over (1839264 <= id <= 1840263)  (cost=371 rows=1838)


table 7 : explain SELECT SUM(k) FROM sbtest7 WHERE id BETWEEN 821799 AND 822798
	-> Aggregate: sum(sbtest7.k)  (cost=809 rows=1)
    -> Filter: (sbtest7.id between 821799 and 822798)  (cost=378 rows=1872)
        -> Index range scan on sbtest7 using PRIMARY over (821799 <= id <= 822798)  (cost=378 rows=1872)


table 8 : explain SELECT SUM(k) FROM sbtest8 WHERE id BETWEEN 3626464 AND 3627463
	-> Aggregate: sum(sbtest8.k)  (cost=809 rows=1)
    -> Filter: (sbtest8.id between 3626464 and 3627463)  (cost=378 rows=1872)
        -> Index range scan on sbtest8 using PRIMARY over (3626464 <= id <= 3627463)  (cost=378 rows=1872)


for: sum_ranges
table 1 : explain SELECT SUM(k) FROM sbtest1 WHERE id BETWEEN 1863731 AND 1864730
	-> Aggregate: sum(sbtest1.k)  (cost=809 rows=1)
    -> Filter: (sbtest1.id between 1863731 and 1864730)  (cost=378 rows=1872)
        -> Index range scan on sbtest1 using PRIMARY over (1863731 <= id <= 1864730)  (cost=378 rows=1872)


table 2 : explain SELECT SUM(k) FROM sbtest2 WHERE id BETWEEN 787380 AND 788379
	-> Aggregate: sum(sbtest2.k)  (cost=794 rows=1)
    -> Filter: (sbtest2.id between 787380 and 788379)  (cost=371 rows=1838)
        -> Index range scan on sbtest2 using PRIMARY over (787380 <= id <= 788379)  (cost=371 rows=1838)


table 3 : explain SELECT SUM(k) FROM sbtest3 WHERE id BETWEEN 2796867 AND 2797866
	-> Aggregate: sum(sbtest3.k)  (cost=794 rows=1)
    -> Filter: (sbtest3.id between 2796867 and 2797866)  (cost=371 rows=1838)
        -> Index range scan on sbtest3 using PRIMARY over (2796867 <= id <= 2797866)  (cost=371 rows=1838)


table 4 : explain SELECT SUM(k) FROM sbtest4 WHERE id BETWEEN 7454222 AND 7455221
	-> Aggregate: sum(sbtest4.k)  (cost=809 rows=1)
    -> Filter: (sbtest4.id between 7454222 and 7455221)  (cost=378 rows=1872)
        -> Index range scan on sbtest4 using PRIMARY over (7454222 <= id <= 7455221)  (cost=378 rows=1872)


table 5 : explain SELECT SUM(k) FROM sbtest5 WHERE id BETWEEN 8080219 AND 8081218
	-> Aggregate: sum(sbtest5.k)  (cost=794 rows=1)
    -> Filter: (sbtest5.id between 8080219 and 8081218)  (cost=371 rows=1838)
        -> Index range scan on sbtest5 using PRIMARY over (8080219 <= id <= 8081218)  (cost=371 rows=1838)


table 6 : explain SELECT SUM(k) FROM sbtest6 WHERE id BETWEEN 1483777 AND 1484776
	-> Aggregate: sum(sbtest6.k)  (cost=809 rows=1)
    -> Filter: (sbtest6.id between 1483777 and 1484776)  (cost=378 rows=1872)
        -> Index range scan on sbtest6 using PRIMARY over (1483777 <= id <= 1484776)  (cost=378 rows=1872)


table 7 : explain SELECT SUM(k) FROM sbtest7 WHERE id BETWEEN 9763685 AND 9764684
	-> Aggregate: sum(sbtest7.k)  (cost=794 rows=1)
    -> Filter: (sbtest7.id between 9763685 and 9764684)  (cost=371 rows=1838)
        -> Index range scan on sbtest7 using PRIMARY over (9763685 <= id <= 9764684)  (cost=371 rows=1838)


table 8 : explain SELECT SUM(k) FROM sbtest8 WHERE id BETWEEN 2945062 AND 2946061
	-> Aggregate: sum(sbtest8.k)  (cost=794 rows=1)
    -> Filter: (sbtest8.id between 2945062 and 2946061)  (cost=371 rows=1838)
        -> Index range scan on sbtest8 using PRIMARY over (2945062 <= id <= 2946061)  (cost=371 rows=1838)


for: sum_ranges
table 1 : explain SELECT SUM(k) FROM sbtest1 WHERE id BETWEEN 1308852 AND 1309851
	-> Aggregate: sum(sbtest1.k)  (cost=794 rows=1)
    -> Filter: (sbtest1.id between 1308852 and 1309851)  (cost=371 rows=1838)
        -> Index range scan on sbtest1 using PRIMARY over (1308852 <= id <= 1309851)  (cost=371 rows=1838)


table 2 : explain SELECT SUM(k) FROM sbtest2 WHERE id BETWEEN 4364869 AND 4365868
	-> Aggregate: sum(sbtest2.k)  (cost=809 rows=1)
    -> Filter: (sbtest2.id between 4364869 and 4365868)  (cost=378 rows=1872)
        -> Index range scan on sbtest2 using PRIMARY over (4364869 <= id <= 4365868)  (cost=378 rows=1872)


table 3 : explain SELECT SUM(k) FROM sbtest3 WHERE id BETWEEN 7932320 AND 7933319
	-> Aggregate: sum(sbtest3.k)  (cost=794 rows=1)
    -> Filter: (sbtest3.id between 7932320 and 7933319)  (cost=371 rows=1838)
        -> Index range scan on sbtest3 using PRIMARY over (7932320 <= id <= 7933319)  (cost=371 rows=1838)


table 4 : explain SELECT SUM(k) FROM sbtest4 WHERE id BETWEEN 8375686 AND 8376685
	-> Aggregate: sum(sbtest4.k)  (cost=794 rows=1)
    -> Filter: (sbtest4.id between 8375686 and 8376685)  (cost=371 rows=1838)
        -> Index range scan on sbtest4 using PRIMARY over (8375686 <= id <= 8376685)  (cost=371 rows=1838)


table 5 : explain SELECT SUM(k) FROM sbtest5 WHERE id BETWEEN 5039891 AND 5040890
	-> Aggregate: sum(sbtest5.k)  (cost=809 rows=1)
    -> Filter: (sbtest5.id between 5039891 and 5040890)  (cost=378 rows=1872)
        -> Index range scan on sbtest5 using PRIMARY over (5039891 <= id <= 5040890)  (cost=378 rows=1872)


table 6 : explain SELECT SUM(k) FROM sbtest6 WHERE id BETWEEN 7032094 AND 7033093
	-> Aggregate: sum(sbtest6.k)  (cost=794 rows=1)
    -> Filter: (sbtest6.id between 7032094 and 7033093)  (cost=371 rows=1838)
        -> Index range scan on sbtest6 using PRIMARY over (7032094 <= id <= 7033093)  (cost=371 rows=1838)


table 7 : explain SELECT SUM(k) FROM sbtest7 WHERE id BETWEEN 3068030 AND 3069029
	-> Aggregate: sum(sbtest7.k)  (cost=809 rows=1)
    -> Filter: (sbtest7.id between 3068030 and 3069029)  (cost=378 rows=1872)
        -> Index range scan on sbtest7 using PRIMARY over (3068030 <= id <= 3069029)  (cost=378 rows=1872)


table 8 : explain SELECT SUM(k) FROM sbtest8 WHERE id BETWEEN 8253378 AND 8254377
	-> Aggregate: sum(sbtest8.k)  (cost=794 rows=1)
    -> Filter: (sbtest8.id between 8253378 and 8254377)  (cost=371 rows=1838)
        -> Index range scan on sbtest8 using PRIMARY over (8253378 <= id <= 8254377)  (cost=371 rows=1838)


for: sum_ranges
table 1 : explain SELECT SUM(k) FROM sbtest1 WHERE id BETWEEN 4801359 AND 4802358
	-> Aggregate: sum(sbtest1.k)  (cost=794 rows=1)
    -> Filter: (sbtest1.id between 4801359 and 4802358)  (cost=371 rows=1838)
        -> Index range scan on sbtest1 using PRIMARY over (4801359 <= id <= 4802358)  (cost=371 rows=1838)


table 2 : explain SELECT SUM(k) FROM sbtest2 WHERE id BETWEEN 9542910 AND 9543909
	-> Aggregate: sum(sbtest2.k)  (cost=809 rows=1)
    -> Filter: (sbtest2.id between 9542910 and 9543909)  (cost=378 rows=1872)
        -> Index range scan on sbtest2 using PRIMARY over (9542910 <= id <= 9543909)  (cost=378 rows=1872)


table 3 : explain SELECT SUM(k) FROM sbtest3 WHERE id BETWEEN 4156061 AND 4157060
	-> Aggregate: sum(sbtest3.k)  (cost=794 rows=1)
    -> Filter: (sbtest3.id between 4156061 and 4157060)  (cost=371 rows=1838)
        -> Index range scan on sbtest3 using PRIMARY over (4156061 <= id <= 4157060)  (cost=371 rows=1838)


table 4 : explain SELECT SUM(k) FROM sbtest4 WHERE id BETWEEN 7227940 AND 7228939
	-> Aggregate: sum(sbtest4.k)  (cost=794 rows=1)
    -> Filter: (sbtest4.id between 7227940 and 7228939)  (cost=371 rows=1838)
        -> Index range scan on sbtest4 using PRIMARY over (7227940 <= id <= 7228939)  (cost=371 rows=1838)


table 5 : explain SELECT SUM(k) FROM sbtest5 WHERE id BETWEEN 8243974 AND 8244973
	-> Aggregate: sum(sbtest5.k)  (cost=794 rows=1)
    -> Filter: (sbtest5.id between 8243974 and 8244973)  (cost=371 rows=1838)
        -> Index range scan on sbtest5 using PRIMARY over (8243974 <= id <= 8244973)  (cost=371 rows=1838)


table 6 : explain SELECT SUM(k) FROM sbtest6 WHERE id BETWEEN 404479 AND 405478
	-> Aggregate: sum(sbtest6.k)  (cost=809 rows=1)
    -> Filter: (sbtest6.id between 404479 and 405478)  (cost=378 rows=1872)
        -> Index range scan on sbtest6 using PRIMARY over (404479 <= id <= 405478)  (cost=378 rows=1872)


table 7 : explain SELECT SUM(k) FROM sbtest7 WHERE id BETWEEN 7708538 AND 7709537
	-> Aggregate: sum(sbtest7.k)  (cost=794 rows=1)
    -> Filter: (sbtest7.id between 7708538 and 7709537)  (cost=371 rows=1838)
        -> Index range scan on sbtest7 using PRIMARY over (7708538 <= id <= 7709537)  (cost=371 rows=1838)


table 8 : explain SELECT SUM(k) FROM sbtest8 WHERE id BETWEEN 5161501 AND 5162500
	-> Aggregate: sum(sbtest8.k)  (cost=794 rows=1)
    -> Filter: (sbtest8.id between 5161501 and 5162500)  (cost=371 rows=1838)
        -> Index range scan on sbtest8 using PRIMARY over (5161501 <= id <= 5162500)  (cost=371 rows=1838)

for: sum_ranges
table 1 : explain SELECT SUM(k) FROM sbtest1 WHERE id BETWEEN 1606030 AND 1607029
	-> Aggregate: sum(sbtest1.k)  (cost=794 rows=1)
    -> Filter: (sbtest1.id between 1606030 and 1607029)  (cost=371 rows=1838)
        -> Index range scan on sbtest1 using PRIMARY over (1606030 <= id <= 1607029)  (cost=371 rows=1838)


table 2 : explain SELECT SUM(k) FROM sbtest2 WHERE id BETWEEN 7501361 AND 7502360
	-> Aggregate: sum(sbtest2.k)  (cost=794 rows=1)
    -> Filter: (sbtest2.id between 7501361 and 7502360)  (cost=371 rows=1838)
        -> Index range scan on sbtest2 using PRIMARY over (7501361 <= id <= 7502360)  (cost=371 rows=1838)


table 3 : explain SELECT SUM(k) FROM sbtest3 WHERE id BETWEEN 5669745 AND 5670744
	-> Aggregate: sum(sbtest3.k)  (cost=809 rows=1)
    -> Filter: (sbtest3.id between 5669745 and 5670744)  (cost=378 rows=1872)
        -> Index range scan on sbtest3 using PRIMARY over (5669745 <= id <= 5670744)  (cost=378 rows=1872)


table 4 : explain SELECT SUM(k) FROM sbtest4 WHERE id BETWEEN 9688536 AND 9689535
	-> Aggregate: sum(sbtest4.k)  (cost=809 rows=1)
    -> Filter: (sbtest4.id between 9688536 and 9689535)  (cost=378 rows=1872)
        -> Index range scan on sbtest4 using PRIMARY over (9688536 <= id <= 9689535)  (cost=378 rows=1872)


table 5 : explain SELECT SUM(k) FROM sbtest5 WHERE id BETWEEN 3899224 AND 3900223
	-> Aggregate: sum(sbtest5.k)  (cost=794 rows=1)
    -> Filter: (sbtest5.id between 3899224 and 3900223)  (cost=371 rows=1838)
        -> Index range scan on sbtest5 using PRIMARY over (3899224 <= id <= 3900223)  (cost=371 rows=1838)


table 6 : explain SELECT SUM(k) FROM sbtest6 WHERE id BETWEEN 9127830 AND 9128829
	-> Aggregate: sum(sbtest6.k)  (cost=809 rows=1)
    -> Filter: (sbtest6.id between 9127830 and 9128829)  (cost=378 rows=1872)
        -> Index range scan on sbtest6 using PRIMARY over (9127830 <= id <= 9128829)  (cost=378 rows=1872)


table 7 : explain SELECT SUM(k) FROM sbtest7 WHERE id BETWEEN 568214 AND 569213
	-> Aggregate: sum(sbtest7.k)  (cost=809 rows=1)
    -> Filter: (sbtest7.id between 568214 and 569213)  (cost=378 rows=1872)
        -> Index range scan on sbtest7 using PRIMARY over (568214 <= id <= 569213)  (cost=378 rows=1872)


table 8 : explain SELECT SUM(k) FROM sbtest8 WHERE id BETWEEN 8306465 AND 8307464
	-> Aggregate: sum(sbtest8.k)  (cost=794 rows=1)
    -> Filter: (sbtest8.id between 8306465 and 8307464)  (cost=371 rows=1838)
        -> Index range scan on sbtest8 using PRIMARY over (8306465 <= id <= 8307464)  (cost=371 rows=1838)


for: order_ranges
table 1 : explain SELECT c FROM sbtest1 WHERE id BETWEEN 3337769 AND 3338768 ORDER BY c
	-> Sort: sbtest1.c  (cost=371 rows=1838)
    -> Filter: (sbtest1.id between 3337769 and 3338768)  (cost=371 rows=1838)
        -> Index range scan on sbtest1 using PRIMARY over (3337769 <= id <= 3338768)  (cost=371 rows=1838)


table 2 : explain SELECT c FROM sbtest2 WHERE id BETWEEN 7522357 AND 7523356 ORDER BY c
	-> Sort: sbtest2.c  (cost=371 rows=1838)
    -> Filter: (sbtest2.id between 7522357 and 7523356)  (cost=371 rows=1838)
        -> Index range scan on sbtest2 using PRIMARY over (7522357 <= id <= 7523356)  (cost=371 rows=1838)


table 3 : explain SELECT c FROM sbtest3 WHERE id BETWEEN 9651482 AND 9652481 ORDER BY c
	-> Sort: sbtest3.c  (cost=371 rows=1838)
    -> Filter: (sbtest3.id between 9651482 and 9652481)  (cost=371 rows=1838)
        -> Index range scan on sbtest3 using PRIMARY over (9651482 <= id <= 9652481)  (cost=371 rows=1838)


table 4 : explain SELECT c FROM sbtest4 WHERE id BETWEEN 1052189 AND 1053188 ORDER BY c
	-> Sort: sbtest4.c  (cost=378 rows=1872)
    -> Filter: (sbtest4.id between 1052189 and 1053188)  (cost=378 rows=1872)
        -> Index range scan on sbtest4 using PRIMARY over (1052189 <= id <= 1053188)  (cost=378 rows=1872)


table 5 : explain SELECT c FROM sbtest5 WHERE id BETWEEN 475281 AND 476280 ORDER BY c
	-> Sort: sbtest5.c  (cost=378 rows=1872)
    -> Filter: (sbtest5.id between 475281 and 476280)  (cost=378 rows=1872)
        -> Index range scan on sbtest5 using PRIMARY over (475281 <= id <= 476280)  (cost=378 rows=1872)


table 6 : explain SELECT c FROM sbtest6 WHERE id BETWEEN 9334766 AND 9335765 ORDER BY c
	-> Sort: sbtest6.c  (cost=371 rows=1840)
    -> Filter: (sbtest6.id between 9334766 and 9335765)  (cost=371 rows=1840)
        -> Index range scan on sbtest6 using PRIMARY over (9334766 <= id <= 9335765)  (cost=371 rows=1840)


table 7 : explain SELECT c FROM sbtest7 WHERE id BETWEEN 1747864 AND 1748863 ORDER BY c
	-> Sort: sbtest7.c  (cost=371 rows=1838)
    -> Filter: (sbtest7.id between 1747864 and 1748863)  (cost=371 rows=1838)
        -> Index range scan on sbtest7 using PRIMARY over (1747864 <= id <= 1748863)  (cost=371 rows=1838)


table 8 : explain SELECT c FROM sbtest8 WHERE id BETWEEN 9926043 AND 9927042 ORDER BY c
	-> Sort: sbtest8.c  (cost=371 rows=1838)
    -> Filter: (sbtest8.id between 9926043 and 9927042)  (cost=371 rows=1838)
        -> Index range scan on sbtest8 using PRIMARY over (9926043 <= id <= 9927042)  (cost=371 rows=1838)



for: sum_ranges
table 1 : explain SELECT SUM(k) FROM sbtest1 WHERE id BETWEEN 120559 AND 121558
	-> Aggregate: sum(sbtest1.k)  (cost=794 rows=1)
    -> Filter: (sbtest1.id between 120559 and 121558)  (cost=371 rows=1838)
        -> Index range scan on sbtest1 using PRIMARY over (120559 <= id <= 121558)  (cost=371 rows=1838)


table 2 : explain SELECT SUM(k) FROM sbtest2 WHERE id BETWEEN 6382602 AND 6383601
	-> Aggregate: sum(sbtest2.k)  (cost=794 rows=1)
    -> Filter: (sbtest2.id between 6382602 and 6383601)  (cost=371 rows=1838)
        -> Index range scan on sbtest2 using PRIMARY over (6382602 <= id <= 6383601)  (cost=371 rows=1838)


table 3 : explain SELECT SUM(k) FROM sbtest3 WHERE id BETWEEN 6324631 AND 6325630
	-> Aggregate: sum(sbtest3.k)  (cost=809 rows=1)
    -> Filter: (sbtest3.id between 6324631 and 6325630)  (cost=378 rows=1872)
        -> Index range scan on sbtest3 using PRIMARY over (6324631 <= id <= 6325630)  (cost=378 rows=1872)


table 4 : explain SELECT SUM(k) FROM sbtest4 WHERE id BETWEEN 7366171 AND 7367170
	-> Aggregate: sum(sbtest4.k)  (cost=794 rows=1)
    -> Filter: (sbtest4.id between 7366171 and 7367170)  (cost=371 rows=1838)
        -> Index range scan on sbtest4 using PRIMARY over (7366171 <= id <= 7367170)  (cost=371 rows=1838)


table 5 : explain SELECT SUM(k) FROM sbtest5 WHERE id BETWEEN 5375773 AND 5376772
	-> Aggregate: sum(sbtest5.k)  (cost=809 rows=1)
    -> Filter: (sbtest5.id between 5375773 and 5376772)  (cost=378 rows=1872)
        -> Index range scan on sbtest5 using PRIMARY over (5375773 <= id <= 5376772)  (cost=378 rows=1872)


table 6 : explain SELECT SUM(k) FROM sbtest6 WHERE id BETWEEN 1295226 AND 1296225
	-> Aggregate: sum(sbtest6.k)  (cost=794 rows=1)
    -> Filter: (sbtest6.id between 1295226 and 1296225)  (cost=371 rows=1838)
        -> Index range scan on sbtest6 using PRIMARY over (1295226 <= id <= 1296225)  (cost=371 rows=1838)


table 7 : explain SELECT SUM(k) FROM sbtest7 WHERE id BETWEEN 3197707 AND 3198706
	-> Aggregate: sum(sbtest7.k)  (cost=794 rows=1)
    -> Filter: (sbtest7.id between 3197707 and 3198706)  (cost=371 rows=1838)
        -> Index range scan on sbtest7 using PRIMARY over (3197707 <= id <= 3198706)  (cost=371 rows=1838)


table 8 : explain SELECT SUM(k) FROM sbtest8 WHERE id BETWEEN 1855623 AND 1856622
	-> Aggregate: sum(sbtest8.k)  (cost=794 rows=1)
    -> Filter: (sbtest8.id between 1855623 and 1856622)  (cost=371 rows=1838)
        -> Index range scan on sbtest8 using PRIMARY over (1855623 <= id <= 1856622)  (cost=371 rows=1838)


for: sum_ranges
table 1 : explain SELECT SUM(k) FROM sbtest1 WHERE id BETWEEN 5998049 AND 5999048
	-> Aggregate: sum(sbtest1.k)  (cost=794 rows=1)
    -> Filter: (sbtest1.id between 5998049 and 5999048)  (cost=371 rows=1838)
        -> Index range scan on sbtest1 using PRIMARY over (5998049 <= id <= 5999048)  (cost=371 rows=1838)


table 2 : explain SELECT SUM(k) FROM sbtest2 WHERE id BETWEEN 3397045 AND 3398044
	-> Aggregate: sum(sbtest2.k)  (cost=794 rows=1)
    -> Filter: (sbtest2.id between 3397045 and 3398044)  (cost=371 rows=1838)
        -> Index range scan on sbtest2 using PRIMARY over (3397045 <= id <= 3398044)  (cost=371 rows=1838)


table 3 : explain SELECT SUM(k) FROM sbtest3 WHERE id BETWEEN 9731001 AND 9732000
	-> Aggregate: sum(sbtest3.k)  (cost=794 rows=1)
    -> Filter: (sbtest3.id between 9731001 and 9732000)  (cost=371 rows=1838)
        -> Index range scan on sbtest3 using PRIMARY over (9731001 <= id <= 9732000)  (cost=371 rows=1838)


table 4 : explain SELECT SUM(k) FROM sbtest4 WHERE id BETWEEN 4741021 AND 4742020
	-> Aggregate: sum(sbtest4.k)  (cost=794 rows=1)
    -> Filter: (sbtest4.id between 4741021 and 4742020)  (cost=371 rows=1838)
        -> Index range scan on sbtest4 using PRIMARY over (4741021 <= id <= 4742020)  (cost=371 rows=1838)


table 5 : explain SELECT SUM(k) FROM sbtest5 WHERE id BETWEEN 7862872 AND 7863871
	-> Aggregate: sum(sbtest5.k)  (cost=809 rows=1)
    -> Filter: (sbtest5.id between 7862872 and 7863871)  (cost=378 rows=1872)
        -> Index range scan on sbtest5 using PRIMARY over (7862872 <= id <= 7863871)  (cost=378 rows=1872)


table 6 : explain SELECT SUM(k) FROM sbtest6 WHERE id BETWEEN 6057999 AND 6058998
	-> Aggregate: sum(sbtest6.k)  (cost=794 rows=1)
    -> Filter: (sbtest6.id between 6057999 and 6058998)  (cost=371 rows=1838)
        -> Index range scan on sbtest6 using PRIMARY over (6057999 <= id <= 6058998)  (cost=371 rows=1838)


table 7 : explain SELECT SUM(k) FROM sbtest7 WHERE id BETWEEN 6083474 AND 6084473
	-> Aggregate: sum(sbtest7.k)  (cost=794 rows=1)
    -> Filter: (sbtest7.id between 6083474 and 6084473)  (cost=371 rows=1838)
        -> Index range scan on sbtest7 using PRIMARY over (6083474 <= id <= 6084473)  (cost=371 rows=1838)


table 8 : explain SELECT SUM(k) FROM sbtest8 WHERE id BETWEEN 2970024 AND 2971023
	-> Aggregate: sum(sbtest8.k)  (cost=794 rows=1)
    -> Filter: (sbtest8.id between 2970024 and 2971023)  (cost=371 rows=1838)
        -> Index range scan on sbtest8 using PRIMARY over (2970024 <= id <= 2971023)  (cost=371 rows=1838)


for: simple_ranges
table 1 : explain SELECT c FROM sbtest1 WHERE id BETWEEN 5586802 AND 5587801
	-> Filter: (sbtest1.id between 5586802 and 5587801)  (cost=378 rows=1872)
    -> Index range scan on sbtest1 using PRIMARY over (5586802 <= id <= 5587801)  (cost=378 rows=1872)


table 2 : explain SELECT c FROM sbtest2 WHERE id BETWEEN 4928705 AND 4929704
	-> Filter: (sbtest2.id between 4928705 and 4929704)  (cost=371 rows=1840)
    -> Index range scan on sbtest2 using PRIMARY over (4928705 <= id <= 4929704)  (cost=371 rows=1840)


table 3 : explain SELECT c FROM sbtest3 WHERE id BETWEEN 1310633 AND 1311632
	-> Filter: (sbtest3.id between 1310633 and 1311632)  (cost=371 rows=1838)
    -> Index range scan on sbtest3 using PRIMARY over (1310633 <= id <= 1311632)  (cost=371 rows=1838)


table 4 : explain SELECT c FROM sbtest4 WHERE id BETWEEN 3848033 AND 3849032
	-> Filter: (sbtest4.id between 3848033 and 3849032)  (cost=378 rows=1872)
    -> Index range scan on sbtest4 using PRIMARY over (3848033 <= id <= 3849032)  (cost=378 rows=1872)


table 5 : explain SELECT c FROM sbtest5 WHERE id BETWEEN 4815359 AND 4816358
	-> Filter: (sbtest5.id between 4815359 and 4816358)  (cost=371 rows=1838)
    -> Index range scan on sbtest5 using PRIMARY over (4815359 <= id <= 4816358)  (cost=371 rows=1838)


table 6 : explain SELECT c FROM sbtest6 WHERE id BETWEEN 2666307 AND 2667306
	-> Filter: (sbtest6.id between 2666307 and 2667306)  (cost=378 rows=1872)
    -> Index range scan on sbtest6 using PRIMARY over (2666307 <= id <= 2667306)  (cost=378 rows=1872)


table 7 : explain SELECT c FROM sbtest7 WHERE id BETWEEN 386677 AND 387676
	-> Filter: (sbtest7.id between 386677 and 387676)  (cost=371 rows=1838)
    -> Index range scan on sbtest7 using PRIMARY over (386677 <= id <= 387676)  (cost=371 rows=1838)


table 8 : explain SELECT c FROM sbtest8 WHERE id BETWEEN 4968841 AND 4969840
	-> Filter: (sbtest8.id between 4968841 and 4969840)  (cost=371 rows=1838)
    -> Index range scan on sbtest8 using PRIMARY over (4968841 <= id <= 4969840)  (cost=371 rows=1838)


for: order_ranges
table 1 : explain SELECT c FROM sbtest1 WHERE id BETWEEN 530105 AND 531104 ORDER BY c
	-> Sort: sbtest1.c  (cost=378 rows=1872)
    -> Filter: (sbtest1.id between 530105 and 531104)  (cost=378 rows=1872)
        -> Index range scan on sbtest1 using PRIMARY over (530105 <= id <= 531104)  (cost=378 rows=1872)


table 2 : explain SELECT c FROM sbtest2 WHERE id BETWEEN 2306852 AND 2307851 ORDER BY c
	-> Sort: sbtest2.c  (cost=378 rows=1872)
    -> Filter: (sbtest2.id between 2306852 and 2307851)  (cost=378 rows=1872)
        -> Index range scan on sbtest2 using PRIMARY over (2306852 <= id <= 2307851)  (cost=378 rows=1872)


table 3 : explain SELECT c FROM sbtest3 WHERE id BETWEEN 3050443 AND 3051442 ORDER BY c
	-> Sort: sbtest3.c  (cost=371 rows=1838)
    -> Filter: (sbtest3.id between 3050443 and 3051442)  (cost=371 rows=1838)
        -> Index range scan on sbtest3 using PRIMARY over (3050443 <= id <= 3051442)  (cost=371 rows=1838)


table 4 : explain SELECT c FROM sbtest4 WHERE id BETWEEN 7974281 AND 7975280 ORDER BY c
	-> Sort: sbtest4.c  (cost=378 rows=1872)
    -> Filter: (sbtest4.id between 7974281 and 7975280)  (cost=378 rows=1872)
        -> Index range scan on sbtest4 using PRIMARY over (7974281 <= id <= 7975280)  (cost=378 rows=1872)


table 5 : explain SELECT c FROM sbtest5 WHERE id BETWEEN 7565898 AND 7566897 ORDER BY c
	-> Sort: sbtest5.c  (cost=371 rows=1838)
    -> Filter: (sbtest5.id between 7565898 and 7566897)  (cost=371 rows=1838)
        -> Index range scan on sbtest5 using PRIMARY over (7565898 <= id <= 7566897)  (cost=371 rows=1838)


table 6 : explain SELECT c FROM sbtest6 WHERE id BETWEEN 7918362 AND 7919361 ORDER BY c
	-> Sort: sbtest6.c  (cost=378 rows=1872)
    -> Filter: (sbtest6.id between 7918362 and 7919361)  (cost=378 rows=1872)
        -> Index range scan on sbtest6 using PRIMARY over (7918362 <= id <= 7919361)  (cost=378 rows=1872)


table 7 : explain SELECT c FROM sbtest7 WHERE id BETWEEN 7566492 AND 7567491 ORDER BY c
	-> Sort: sbtest7.c  (cost=378 rows=1872)
    -> Filter: (sbtest7.id between 7566492 and 7567491)  (cost=378 rows=1872)
        -> Index range scan on sbtest7 using PRIMARY over (7566492 <= id <= 7567491)  (cost=378 rows=1872)


table 8 : explain SELECT c FROM sbtest8 WHERE id BETWEEN 3907603 AND 3908602 ORDER BY c
	-> Sort: sbtest8.c  (cost=378 rows=1872)
    -> Filter: (sbtest8.id between 3907603 and 3908602)  (cost=378 rows=1872)
        -> Index range scan on sbtest8 using PRIMARY over (3907603 <= id <= 3908602)  (cost=378 rows=1872)


for: sum_ranges
table 1 : explain SELECT SUM(k) FROM sbtest1 WHERE id BETWEEN 5309983 AND 5310982
	-> Aggregate: sum(sbtest1.k)  (cost=794 rows=1)
    -> Filter: (sbtest1.id between 5309983 and 5310982)  (cost=371 rows=1838)
        -> Index range scan on sbtest1 using PRIMARY over (5309983 <= id <= 5310982)  (cost=371 rows=1838)


table 2 : explain SELECT SUM(k) FROM sbtest2 WHERE id BETWEEN 2932896 AND 2933895
	-> Aggregate: sum(sbtest2.k)  (cost=809 rows=1)
    -> Filter: (sbtest2.id between 2932896 and 2933895)  (cost=378 rows=1872)
        -> Index range scan on sbtest2 using PRIMARY over (2932896 <= id <= 2933895)  (cost=378 rows=1872)


table 3 : explain SELECT SUM(k) FROM sbtest3 WHERE id BETWEEN 5091805 AND 5092804
	-> Aggregate: sum(sbtest3.k)  (cost=809 rows=1)
    -> Filter: (sbtest3.id between 5091805 and 5092804)  (cost=378 rows=1872)
        -> Index range scan on sbtest3 using PRIMARY over (5091805 <= id <= 5092804)  (cost=378 rows=1872)


table 4 : explain SELECT SUM(k) FROM sbtest4 WHERE id BETWEEN 6900718 AND 6901717
	-> Aggregate: sum(sbtest4.k)  (cost=794 rows=1)
    -> Filter: (sbtest4.id between 6900718 and 6901717)  (cost=371 rows=1838)
        -> Index range scan on sbtest4 using PRIMARY over (6900718 <= id <= 6901717)  (cost=371 rows=1838)


table 5 : explain SELECT SUM(k) FROM sbtest5 WHERE id BETWEEN 3298115 AND 3299114
	-> Aggregate: sum(sbtest5.k)  (cost=809 rows=1)
    -> Filter: (sbtest5.id between 3298115 and 3299114)  (cost=378 rows=1872)
        -> Index range scan on sbtest5 using PRIMARY over (3298115 <= id <= 3299114)  (cost=378 rows=1872)


table 6 : explain SELECT SUM(k) FROM sbtest6 WHERE id BETWEEN 2292581 AND 2293580
	-> Aggregate: sum(sbtest6.k)  (cost=794 rows=1)
    -> Filter: (sbtest6.id between 2292581 and 2293580)  (cost=371 rows=1838)
        -> Index range scan on sbtest6 using PRIMARY over (2292581 <= id <= 2293580)  (cost=371 rows=1838)


table 7 : explain SELECT SUM(k) FROM sbtest7 WHERE id BETWEEN 2317725 AND 2318724
	-> Aggregate: sum(sbtest7.k)  (cost=809 rows=1)
    -> Filter: (sbtest7.id between 2317725 and 2318724)  (cost=378 rows=1872)
        -> Index range scan on sbtest7 using PRIMARY over (2317725 <= id <= 2318724)  (cost=378 rows=1872)


table 8 : explain SELECT SUM(k) FROM sbtest8 WHERE id BETWEEN 9369821 AND 9370820
	-> Aggregate: sum(sbtest8.k)  (cost=809 rows=1)
    -> Filter: (sbtest8.id between 9369821 and 9370820)  (cost=378 rows=1872)
        -> Index range scan on sbtest8 using PRIMARY over (9369821 <= id <= 9370820)  (cost=378 rows=1872)


for: order_ranges
table 1 : explain SELECT c FROM sbtest1 WHERE id BETWEEN 4624017 AND 4625016 ORDER BY c
	-> Sort: sbtest1.c  (cost=378 rows=1872)
    -> Filter: (sbtest1.id between 4624017 and 4625016)  (cost=378 rows=1872)
        -> Index range scan on sbtest1 using PRIMARY over (4624017 <= id <= 4625016)  (cost=378 rows=1872)


table 2 : explain SELECT c FROM sbtest2 WHERE id BETWEEN 8597066 AND 8598065 ORDER BY c
	-> Sort: sbtest2.c  (cost=371 rows=1838)
    -> Filter: (sbtest2.id between 8597066 and 8598065)  (cost=371 rows=1838)
        -> Index range scan on sbtest2 using PRIMARY over (8597066 <= id <= 8598065)  (cost=371 rows=1838)


table 3 : explain SELECT c FROM sbtest3 WHERE id BETWEEN 4191427 AND 4192426 ORDER BY c
	-> Sort: sbtest3.c  (cost=378 rows=1872)
    -> Filter: (sbtest3.id between 4191427 and 4192426)  (cost=378 rows=1872)
        -> Index range scan on sbtest3 using PRIMARY over (4191427 <= id <= 4192426)  (cost=378 rows=1872)


table 4 : explain SELECT c FROM sbtest4 WHERE id BETWEEN 2766810 AND 2767809 ORDER BY c
	-> Sort: sbtest4.c  (cost=371 rows=1840)
    -> Filter: (sbtest4.id between 2766810 and 2767809)  (cost=371 rows=1840)
        -> Index range scan on sbtest4 using PRIMARY over (2766810 <= id <= 2767809)  (cost=371 rows=1840)


table 5 : explain SELECT c FROM sbtest5 WHERE id BETWEEN 5042636 AND 5043635 ORDER BY c
	-> Sort: sbtest5.c  (cost=371 rows=1838)
    -> Filter: (sbtest5.id between 5042636 and 5043635)  (cost=371 rows=1838)
        -> Index range scan on sbtest5 using PRIMARY over (5042636 <= id <= 5043635)  (cost=371 rows=1838)


table 6 : explain SELECT c FROM sbtest6 WHERE id BETWEEN 1531039 AND 1532038 ORDER BY c
	-> Sort: sbtest6.c  (cost=371 rows=1838)
    -> Filter: (sbtest6.id between 1531039 and 1532038)  (cost=371 rows=1838)
        -> Index range scan on sbtest6 using PRIMARY over (1531039 <= id <= 1532038)  (cost=371 rows=1838)


table 7 : explain SELECT c FROM sbtest7 WHERE id BETWEEN 3758120 AND 3759119 ORDER BY c
	-> Sort: sbtest7.c  (cost=371 rows=1838)
    -> Filter: (sbtest7.id between 3758120 and 3759119)  (cost=371 rows=1838)
        -> Index range scan on sbtest7 using PRIMARY over (3758120 <= id <= 3759119)  (cost=371 rows=1838)


table 8 : explain SELECT c FROM sbtest8 WHERE id BETWEEN 7635342 AND 7636341 ORDER BY c
	-> Sort: sbtest8.c  (cost=378 rows=1872)
    -> Filter: (sbtest8.id between 7635342 and 7636341)  (cost=378 rows=1872)
        -> Index range scan on sbtest8 using PRIMARY over (7635342 <= id <= 7636341)  (cost=378 rows=1872)


for: order_ranges
table 1 : explain SELECT c FROM sbtest1 WHERE id BETWEEN 2412305 AND 2413304 ORDER BY c
	-> Sort: sbtest1.c  (cost=371 rows=1838)
    -> Filter: (sbtest1.id between 2412305 and 2413304)  (cost=371 rows=1838)
        -> Index range scan on sbtest1 using PRIMARY over (2412305 <= id <= 2413304)  (cost=371 rows=1838)


table 2 : explain SELECT c FROM sbtest2 WHERE id BETWEEN 760534 AND 761533 ORDER BY c
	-> Sort: sbtest2.c  (cost=371 rows=1838)
    -> Filter: (sbtest2.id between 760534 and 761533)  (cost=371 rows=1838)
        -> Index range scan on sbtest2 using PRIMARY over (760534 <= id <= 761533)  (cost=371 rows=1838)


table 3 : explain SELECT c FROM sbtest3 WHERE id BETWEEN 3700555 AND 3701554 ORDER BY c
	-> Sort: sbtest3.c  (cost=378 rows=1872)
    -> Filter: (sbtest3.id between 3700555 and 3701554)  (cost=378 rows=1872)
        -> Index range scan on sbtest3 using PRIMARY over (3700555 <= id <= 3701554)  (cost=378 rows=1872)


table 4 : explain SELECT c FROM sbtest4 WHERE id BETWEEN 6924366 AND 6925365 ORDER BY c
	-> Sort: sbtest4.c  (cost=371 rows=1838)
    -> Filter: (sbtest4.id between 6924366 and 6925365)  (cost=371 rows=1838)
        -> Index range scan on sbtest4 using PRIMARY over (6924366 <= id <= 6925365)  (cost=371 rows=1838)


table 5 : explain SELECT c FROM sbtest5 WHERE id BETWEEN 6600023 AND 6601022 ORDER BY c
	-> Sort: sbtest5.c  (cost=371 rows=1838)
    -> Filter: (sbtest5.id between 6600023 and 6601022)  (cost=371 rows=1838)
        -> Index range scan on sbtest5 using PRIMARY over (6600023 <= id <= 6601022)  (cost=371 rows=1838)


table 6 : explain SELECT c FROM sbtest6 WHERE id BETWEEN 5393974 AND 5394973 ORDER BY c
	-> Sort: sbtest6.c  (cost=371 rows=1838)
    -> Filter: (sbtest6.id between 5393974 and 5394973)  (cost=371 rows=1838)
        -> Index range scan on sbtest6 using PRIMARY over (5393974 <= id <= 5394973)  (cost=371 rows=1838)


table 7 : explain SELECT c FROM sbtest7 WHERE id BETWEEN 1736190 AND 1737189 ORDER BY c
	-> Sort: sbtest7.c  (cost=371 rows=1838)
    -> Filter: (sbtest7.id between 1736190 and 1737189)  (cost=371 rows=1838)
        -> Index range scan on sbtest7 using PRIMARY over (1736190 <= id <= 1737189)  (cost=371 rows=1838)


table 8 : explain SELECT c FROM sbtest8 WHERE id BETWEEN 3499084 AND 3500083 ORDER BY c
	-> Sort: sbtest8.c  (cost=378 rows=1872)
    -> Filter: (sbtest8.id between 3499084 and 3500083)  (cost=378 rows=1872)
        -> Index range scan on sbtest8 using PRIMARY over (3499084 <= id <= 3500083)  (cost=378 rows=1872)


for: sum_ranges
table 1 : explain SELECT SUM(k) FROM sbtest1 WHERE id BETWEEN 1329362 AND 1330361
	-> Aggregate: sum(sbtest1.k)  (cost=794 rows=1)
    -> Filter: (sbtest1.id between 1329362 and 1330361)  (cost=371 rows=1838)
        -> Index range scan on sbtest1 using PRIMARY over (1329362 <= id <= 1330361)  (cost=371 rows=1838)


table 2 : explain SELECT SUM(k) FROM sbtest2 WHERE id BETWEEN 2277676 AND 2278675
	-> Aggregate: sum(sbtest2.k)  (cost=794 rows=1)
    -> Filter: (sbtest2.id between 2277676 and 2278675)  (cost=371 rows=1838)
        -> Index range scan on sbtest2 using PRIMARY over (2277676 <= id <= 2278675)  (cost=371 rows=1838)


table 3 : explain SELECT SUM(k) FROM sbtest3 WHERE id BETWEEN 1897086 AND 1898085
	-> Aggregate: sum(sbtest3.k)  (cost=794 rows=1)
    -> Filter: (sbtest3.id between 1897086 and 1898085)  (cost=371 rows=1838)
        -> Index range scan on sbtest3 using PRIMARY over (1897086 <= id <= 1898085)  (cost=371 rows=1838)


table 4 : explain SELECT SUM(k) FROM sbtest4 WHERE id BETWEEN 8683677 AND 8684676
	-> Aggregate: sum(sbtest4.k)  (cost=794 rows=1)
    -> Filter: (sbtest4.id between 8683677 and 8684676)  (cost=371 rows=1838)
        -> Index range scan on sbtest4 using PRIMARY over (8683677 <= id <= 8684676)  (cost=371 rows=1838)


table 5 : explain SELECT SUM(k) FROM sbtest5 WHERE id BETWEEN 799811 AND 800810
	-> Aggregate: sum(sbtest5.k)  (cost=794 rows=1)
    -> Filter: (sbtest5.id between 799811 and 800810)  (cost=371 rows=1838)
        -> Index range scan on sbtest5 using PRIMARY over (799811 <= id <= 800810)  (cost=371 rows=1838)


table 6 : explain SELECT SUM(k) FROM sbtest6 WHERE id BETWEEN 4536854 AND 4537853
	-> Aggregate: sum(sbtest6.k)  (cost=809 rows=1)
    -> Filter: (sbtest6.id between 4536854 and 4537853)  (cost=378 rows=1872)
        -> Index range scan on sbtest6 using PRIMARY over (4536854 <= id <= 4537853)  (cost=378 rows=1872)


table 7 : explain SELECT SUM(k) FROM sbtest7 WHERE id BETWEEN 1347519 AND 1348518
	-> Aggregate: sum(sbtest7.k)  (cost=794 rows=1)
    -> Filter: (sbtest7.id between 1347519 and 1348518)  (cost=371 rows=1838)
        -> Index range scan on sbtest7 using PRIMARY over (1347519 <= id <= 1348518)  (cost=371 rows=1838)


table 8 : explain SELECT SUM(k) FROM sbtest8 WHERE id BETWEEN 8082844 AND 8083843
	-> Aggregate: sum(sbtest8.k)  (cost=794 rows=1)
    -> Filter: (sbtest8.id between 8082844 and 8083843)  (cost=371 rows=1838)
        -> Index range scan on sbtest8 using PRIMARY over (8082844 <= id <= 8083843)  (cost=371 rows=1838)


for: sum_ranges
table 1 : explain SELECT SUM(k) FROM sbtest1 WHERE id BETWEEN 6805647 AND 6806646
	-> Aggregate: sum(sbtest1.k)  (cost=794 rows=1)
    -> Filter: (sbtest1.id between 6805647 and 6806646)  (cost=371 rows=1838)
        -> Index range scan on sbtest1 using PRIMARY over (6805647 <= id <= 6806646)  (cost=371 rows=1838)


table 2 : explain SELECT SUM(k) FROM sbtest2 WHERE id BETWEEN 2471230 AND 2472229
	-> Aggregate: sum(sbtest2.k)  (cost=794 rows=1)
    -> Filter: (sbtest2.id between 2471230 and 2472229)  (cost=371 rows=1838)
        -> Index range scan on sbtest2 using PRIMARY over (2471230 <= id <= 2472229)  (cost=371 rows=1838)


table 3 : explain SELECT SUM(k) FROM sbtest3 WHERE id BETWEEN 2007592 AND 2008591
	-> Aggregate: sum(sbtest3.k)  (cost=794 rows=1)
    -> Filter: (sbtest3.id between 2007592 and 2008591)  (cost=371 rows=1838)
        -> Index range scan on sbtest3 using PRIMARY over (2007592 <= id <= 2008591)  (cost=371 rows=1838)


table 4 : explain SELECT SUM(k) FROM sbtest4 WHERE id BETWEEN 7352325 AND 7353324
	-> Aggregate: sum(sbtest4.k)  (cost=809 rows=1)
    -> Filter: (sbtest4.id between 7352325 and 7353324)  (cost=378 rows=1872)
        -> Index range scan on sbtest4 using PRIMARY over (7352325 <= id <= 7353324)  (cost=378 rows=1872)


table 5 : explain SELECT SUM(k) FROM sbtest5 WHERE id BETWEEN 7044315 AND 7045314
	-> Aggregate: sum(sbtest5.k)  (cost=794 rows=1)
    -> Filter: (sbtest5.id between 7044315 and 7045314)  (cost=371 rows=1838)
        -> Index range scan on sbtest5 using PRIMARY over (7044315 <= id <= 7045314)  (cost=371 rows=1838)


table 6 : explain SELECT SUM(k) FROM sbtest6 WHERE id BETWEEN 4478651 AND 4479650
	-> Aggregate: sum(sbtest6.k)  (cost=794 rows=1)
    -> Filter: (sbtest6.id between 4478651 and 4479650)  (cost=371 rows=1838)
        -> Index range scan on sbtest6 using PRIMARY over (4478651 <= id <= 4479650)  (cost=371 rows=1838)


table 7 : explain SELECT SUM(k) FROM sbtest7 WHERE id BETWEEN 1868698 AND 1869697
	-> Aggregate: sum(sbtest7.k)  (cost=809 rows=1)
    -> Filter: (sbtest7.id between 1868698 and 1869697)  (cost=378 rows=1872)
        -> Index range scan on sbtest7 using PRIMARY over (1868698 <= id <= 1869697)  (cost=378 rows=1872)


table 8 : explain SELECT SUM(k) FROM sbtest8 WHERE id BETWEEN 3634092 AND 3635091
	-> Aggregate: sum(sbtest8.k)  (cost=794 rows=1)
    -> Filter: (sbtest8.id between 3634092 and 3635091)  (cost=371 rows=1838)
        -> Index range scan on sbtest8 using PRIMARY over (3634092 <= id <= 3635091)  (cost=371 rows=1838)


for: order_ranges
table 1 : explain SELECT c FROM sbtest1 WHERE id BETWEEN 9367594 AND 9368593 ORDER BY c
	-> Sort: sbtest1.c  (cost=371 rows=1838)
    -> Filter: (sbtest1.id between 9367594 and 9368593)  (cost=371 rows=1838)
        -> Index range scan on sbtest1 using PRIMARY over (9367594 <= id <= 9368593)  (cost=371 rows=1838)


table 2 : explain SELECT c FROM sbtest2 WHERE id BETWEEN 8667833 AND 8668832 ORDER BY c
	-> Sort: sbtest2.c  (cost=371 rows=1838)
    -> Filter: (sbtest2.id between 8667833 and 8668832)  (cost=371 rows=1838)
        -> Index range scan on sbtest2 using PRIMARY over (8667833 <= id <= 8668832)  (cost=371 rows=1838)


table 3 : explain SELECT c FROM sbtest3 WHERE id BETWEEN 8732200 AND 8733199 ORDER BY c
	-> Sort: sbtest3.c  (cost=371 rows=1838)
    -> Filter: (sbtest3.id between 8732200 and 8733199)  (cost=371 rows=1838)
        -> Index range scan on sbtest3 using PRIMARY over (8732200 <= id <= 8733199)  (cost=371 rows=1838)


table 4 : explain SELECT c FROM sbtest4 WHERE id BETWEEN 2368341 AND 2369340 ORDER BY c
	-> Sort: sbtest4.c  (cost=371 rows=1838)
    -> Filter: (sbtest4.id between 2368341 and 2369340)  (cost=371 rows=1838)
        -> Index range scan on sbtest4 using PRIMARY over (2368341 <= id <= 2369340)  (cost=371 rows=1838)


table 5 : explain SELECT c FROM sbtest5 WHERE id BETWEEN 5427107 AND 5428106 ORDER BY c
	-> Sort: sbtest5.c  (cost=371 rows=1838)
    -> Filter: (sbtest5.id between 5427107 and 5428106)  (cost=371 rows=1838)
        -> Index range scan on sbtest5 using PRIMARY over (5427107 <= id <= 5428106)  (cost=371 rows=1838)


table 6 : explain SELECT c FROM sbtest6 WHERE id BETWEEN 6912998 AND 6913997 ORDER BY c
	-> Sort: sbtest6.c  (cost=378 rows=1872)
    -> Filter: (sbtest6.id between 6912998 and 6913997)  (cost=378 rows=1872)
        -> Index range scan on sbtest6 using PRIMARY over (6912998 <= id <= 6913997)  (cost=378 rows=1872)


table 7 : explain SELECT c FROM sbtest7 WHERE id BETWEEN 4417842 AND 4418841 ORDER BY c
	-> Sort: sbtest7.c  (cost=371 rows=1838)
    -> Filter: (sbtest7.id between 4417842 and 4418841)  (cost=371 rows=1838)
        -> Index range scan on sbtest7 using PRIMARY over (4417842 <= id <= 4418841)  (cost=371 rows=1838)


table 8 : explain SELECT c FROM sbtest8 WHERE id BETWEEN 6565222 AND 6566221 ORDER BY c
	-> Sort: sbtest8.c  (cost=378 rows=1872)
    -> Filter: (sbtest8.id between 6565222 and 6566221)  (cost=378 rows=1872)
        -> Index range scan on sbtest8 using PRIMARY over (6565222 <= id <= 6566221)  (cost=378 rows=1872)


for: order_ranges
table 1 : explain SELECT c FROM sbtest1 WHERE id BETWEEN 9338165 AND 9339164 ORDER BY c
	-> Sort: sbtest1.c  (cost=371 rows=1838)
    -> Filter: (sbtest1.id between 9338165 and 9339164)  (cost=371 rows=1838)
        -> Index range scan on sbtest1 using PRIMARY over (9338165 <= id <= 9339164)  (cost=371 rows=1838)


table 2 : explain SELECT c FROM sbtest2 WHERE id BETWEEN 3479488 AND 3480487 ORDER BY c
	-> Sort: sbtest2.c  (cost=371 rows=1838)
    -> Filter: (sbtest2.id between 3479488 and 3480487)  (cost=371 rows=1838)
        -> Index range scan on sbtest2 using PRIMARY over (3479488 <= id <= 3480487)  (cost=371 rows=1838)


table 3 : explain SELECT c FROM sbtest3 WHERE id BETWEEN 1607285 AND 1608284 ORDER BY c
	-> Sort: sbtest3.c  (cost=378 rows=1872)
    -> Filter: (sbtest3.id between 1607285 and 1608284)  (cost=378 rows=1872)
        -> Index range scan on sbtest3 using PRIMARY over (1607285 <= id <= 1608284)  (cost=378 rows=1872)


table 4 : explain SELECT c FROM sbtest4 WHERE id BETWEEN 3490941 AND 3491940 ORDER BY c
	-> Sort: sbtest4.c  (cost=371 rows=1838)
    -> Filter: (sbtest4.id between 3490941 and 3491940)  (cost=371 rows=1838)
        -> Index range scan on sbtest4 using PRIMARY over (3490941 <= id <= 3491940)  (cost=371 rows=1838)


table 5 : explain SELECT c FROM sbtest5 WHERE id BETWEEN 5032796 AND 5033795 ORDER BY c
	-> Sort: sbtest5.c  (cost=371 rows=1838)
    -> Filter: (sbtest5.id between 5032796 and 5033795)  (cost=371 rows=1838)
        -> Index range scan on sbtest5 using PRIMARY over (5032796 <= id <= 5033795)  (cost=371 rows=1838)


table 6 : explain SELECT c FROM sbtest6 WHERE id BETWEEN 713597 AND 714596 ORDER BY c
	-> Sort: sbtest6.c  (cost=371 rows=1838)
    -> Filter: (sbtest6.id between 713597 and 714596)  (cost=371 rows=1838)
        -> Index range scan on sbtest6 using PRIMARY over (713597 <= id <= 714596)  (cost=371 rows=1838)


table 7 : explain SELECT c FROM sbtest7 WHERE id BETWEEN 5816010 AND 5817009 ORDER BY c
	-> Sort: sbtest7.c  (cost=371 rows=1838)
    -> Filter: (sbtest7.id between 5816010 and 5817009)  (cost=371 rows=1838)
        -> Index range scan on sbtest7 using PRIMARY over (5816010 <= id <= 5817009)  (cost=371 rows=1838)


table 8 : explain SELECT c FROM sbtest8 WHERE id BETWEEN 4194194 AND 4195193 ORDER BY c
	-> Sort: sbtest8.c  (cost=378 rows=1872)
    -> Filter: (sbtest8.id between 4194194 and 4195193)  (cost=378 rows=1872)
        -> Index range scan on sbtest8 using PRIMARY over (4194194 <= id <= 4195193)  (cost=378 rows=1872)


for: order_ranges
table 1 : explain SELECT c FROM sbtest1 WHERE id BETWEEN 9345910 AND 9346909 ORDER BY c
	-> Sort: sbtest1.c  (cost=371 rows=1838)
    -> Filter: (sbtest1.id between 9345910 and 9346909)  (cost=371 rows=1838)
        -> Index range scan on sbtest1 using PRIMARY over (9345910 <= id <= 9346909)  (cost=371 rows=1838)


table 2 : explain SELECT c FROM sbtest2 WHERE id BETWEEN 1434962 AND 1435961 ORDER BY c
	-> Sort: sbtest2.c  (cost=371 rows=1838)
    -> Filter: (sbtest2.id between 1434962 and 1435961)  (cost=371 rows=1838)
        -> Index range scan on sbtest2 using PRIMARY over (1434962 <= id <= 1435961)  (cost=371 rows=1838)


table 3 : explain SELECT c FROM sbtest3 WHERE id BETWEEN 4844474 AND 4845473 ORDER BY c
	-> Sort: sbtest3.c  (cost=378 rows=1872)
    -> Filter: (sbtest3.id between 4844474 and 4845473)  (cost=378 rows=1872)
        -> Index range scan on sbtest3 using PRIMARY over (4844474 <= id <= 4845473)  (cost=378 rows=1872)


table 4 : explain SELECT c FROM sbtest4 WHERE id BETWEEN 6864828 AND 6865827 ORDER BY c
	-> Sort: sbtest4.c  (cost=378 rows=1872)
    -> Filter: (sbtest4.id between 6864828 and 6865827)  (cost=378 rows=1872)
        -> Index range scan on sbtest4 using PRIMARY over (6864828 <= id <= 6865827)  (cost=378 rows=1872)


table 5 : explain SELECT c FROM sbtest5 WHERE id BETWEEN 8388785 AND 8389784 ORDER BY c
	-> Sort: sbtest5.c  (cost=371 rows=1838)
    -> Filter: (sbtest5.id between 8388785 and 8389784)  (cost=371 rows=1838)
        -> Index range scan on sbtest5 using PRIMARY over (8388785 <= id <= 8389784)  (cost=371 rows=1838)


table 6 : explain SELECT c FROM sbtest6 WHERE id BETWEEN 793235 AND 794234 ORDER BY c
	-> Sort: sbtest6.c  (cost=371 rows=1838)
    -> Filter: (sbtest6.id between 793235 and 794234)  (cost=371 rows=1838)
        -> Index range scan on sbtest6 using PRIMARY over (793235 <= id <= 794234)  (cost=371 rows=1838)


table 7 : explain SELECT c FROM sbtest7 WHERE id BETWEEN 5590512 AND 5591511 ORDER BY c
	-> Sort: sbtest7.c  (cost=371 rows=1838)
    -> Filter: (sbtest7.id between 5590512 and 5591511)  (cost=371 rows=1838)
        -> Index range scan on sbtest7 using PRIMARY over (5590512 <= id <= 5591511)  (cost=371 rows=1838)


table 8 : explain SELECT c FROM sbtest8 WHERE id BETWEEN 1240717 AND 1241716 ORDER BY c
	-> Sort: sbtest8.c  (cost=371 rows=1838)
    -> Filter: (sbtest8.id between 1240717 and 1241716)  (cost=371 rows=1838)
        -> Index range scan on sbtest8 using PRIMARY over (1240717 <= id <= 1241716)  (cost=371 rows=1838)


for: order_ranges
table 1 : explain SELECT c FROM sbtest1 WHERE id BETWEEN 4489880 AND 4490879 ORDER BY c
	-> Sort: sbtest1.c  (cost=371 rows=1838)
    -> Filter: (sbtest1.id between 4489880 and 4490879)  (cost=371 rows=1838)
        -> Index range scan on sbtest1 using PRIMARY over (4489880 <= id <= 4490879)  (cost=371 rows=1838)


table 2 : explain SELECT c FROM sbtest2 WHERE id BETWEEN 2387485 AND 2388484 ORDER BY c
	-> Sort: sbtest2.c  (cost=371 rows=1838)
    -> Filter: (sbtest2.id between 2387485 and 2388484)  (cost=371 rows=1838)
        -> Index range scan on sbtest2 using PRIMARY over (2387485 <= id <= 2388484)  (cost=371 rows=1838)


table 3 : explain SELECT c FROM sbtest3 WHERE id BETWEEN 7140296 AND 7141295 ORDER BY c
	-> Sort: sbtest3.c  (cost=371 rows=1838)
    -> Filter: (sbtest3.id between 7140296 and 7141295)  (cost=371 rows=1838)
        -> Index range scan on sbtest3 using PRIMARY over (7140296 <= id <= 7141295)  (cost=371 rows=1838)


table 4 : explain SELECT c FROM sbtest4 WHERE id BETWEEN 3840149 AND 3841148 ORDER BY c
	-> Sort: sbtest4.c  (cost=378 rows=1872)
    -> Filter: (sbtest4.id between 3840149 and 3841148)  (cost=378 rows=1872)
        -> Index range scan on sbtest4 using PRIMARY over (3840149 <= id <= 3841148)  (cost=378 rows=1872)


table 5 : explain SELECT c FROM sbtest5 WHERE id BETWEEN 9900449 AND 9901448 ORDER BY c
	-> Sort: sbtest5.c  (cost=378 rows=1872)
    -> Filter: (sbtest5.id between 9900449 and 9901448)  (cost=378 rows=1872)
        -> Index range scan on sbtest5 using PRIMARY over (9900449 <= id <= 9901448)  (cost=378 rows=1872)


table 6 : explain SELECT c FROM sbtest6 WHERE id BETWEEN 7164346 AND 7165345 ORDER BY c
	-> Sort: sbtest6.c  (cost=378 rows=1872)
    -> Filter: (sbtest6.id between 7164346 and 7165345)  (cost=378 rows=1872)
        -> Index range scan on sbtest6 using PRIMARY over (7164346 <= id <= 7165345)  (cost=378 rows=1872)


table 7 : explain SELECT c FROM sbtest7 WHERE id BETWEEN 4182344 AND 4183343 ORDER BY c
	-> Sort: sbtest7.c  (cost=371 rows=1838)
    -> Filter: (sbtest7.id between 4182344 and 4183343)  (cost=371 rows=1838)
        -> Index range scan on sbtest7 using PRIMARY over (4182344 <= id <= 4183343)  (cost=371 rows=1838)


table 8 : explain SELECT c FROM sbtest8 WHERE id BETWEEN 1220995 AND 1221994 ORDER BY c
	-> Sort: sbtest8.c  (cost=371 rows=1838)
    -> Filter: (sbtest8.id between 1220995 and 1221994)  (cost=371 rows=1838)
        -> Index range scan on sbtest8 using PRIMARY over (1220995 <= id <= 1221994)  (cost=371 rows=1838)


for: order_ranges
table 1 : explain SELECT c FROM sbtest1 WHERE id BETWEEN 8587940 AND 8588939 ORDER BY c
	-> Sort: sbtest1.c  (cost=371 rows=1838)
    -> Filter: (sbtest1.id between 8587940 and 8588939)  (cost=371 rows=1838)
        -> Index range scan on sbtest1 using PRIMARY over (8587940 <= id <= 8588939)  (cost=371 rows=1838)


table 2 : explain SELECT c FROM sbtest2 WHERE id BETWEEN 203434 AND 204433 ORDER BY c
	-> Sort: sbtest2.c  (cost=378 rows=1872)
    -> Filter: (sbtest2.id between 203434 and 204433)  (cost=378 rows=1872)
        -> Index range scan on sbtest2 using PRIMARY over (203434 <= id <= 204433)  (cost=378 rows=1872)


table 3 : explain SELECT c FROM sbtest3 WHERE id BETWEEN 1760489 AND 1761488 ORDER BY c
	-> Sort: sbtest3.c  (cost=371 rows=1838)
    -> Filter: (sbtest3.id between 1760489 and 1761488)  (cost=371 rows=1838)
        -> Index range scan on sbtest3 using PRIMARY over (1760489 <= id <= 1761488)  (cost=371 rows=1838)


table 4 : explain SELECT c FROM sbtest4 WHERE id BETWEEN 6587121 AND 6588120 ORDER BY c
	-> Sort: sbtest4.c  (cost=378 rows=1872)
    -> Filter: (sbtest4.id between 6587121 and 6588120)  (cost=378 rows=1872)
        -> Index range scan on sbtest4 using PRIMARY over (6587121 <= id <= 6588120)  (cost=378 rows=1872)


table 5 : explain SELECT c FROM sbtest5 WHERE id BETWEEN 6782757 AND 6783756 ORDER BY c
	-> Sort: sbtest5.c  (cost=371 rows=1838)
    -> Filter: (sbtest5.id between 6782757 and 6783756)  (cost=371 rows=1838)
        -> Index range scan on sbtest5 using PRIMARY over (6782757 <= id <= 6783756)  (cost=371 rows=1838)


table 6 : explain SELECT c FROM sbtest6 WHERE id BETWEEN 4329794 AND 4330793 ORDER BY c
	-> Sort: sbtest6.c  (cost=371 rows=1838)
    -> Filter: (sbtest6.id between 4329794 and 4330793)  (cost=371 rows=1838)
        -> Index range scan on sbtest6 using PRIMARY over (4329794 <= id <= 4330793)  (cost=371 rows=1838)


table 7 : explain SELECT c FROM sbtest7 WHERE id BETWEEN 3089284 AND 3090283 ORDER BY c
	-> Sort: sbtest7.c  (cost=371 rows=1838)
    -> Filter: (sbtest7.id between 3089284 and 3090283)  (cost=371 rows=1838)
        -> Index range scan on sbtest7 using PRIMARY over (3089284 <= id <= 3090283)  (cost=371 rows=1838)


table 8 : explain SELECT c FROM sbtest8 WHERE id BETWEEN 4846863 AND 4847862 ORDER BY c
	-> Sort: sbtest8.c  (cost=371 rows=1838)
    -> Filter: (sbtest8.id between 4846863 and 4847862)  (cost=371 rows=1838)
        -> Index range scan on sbtest8 using PRIMARY over (4846863 <= id <= 4847862)  (cost=371 rows=1838)


for: sum_ranges
table 1 : explain SELECT SUM(k) FROM sbtest1 WHERE id BETWEEN 8045600 AND 8046599
	-> Aggregate: sum(sbtest1.k)  (cost=809 rows=1)
    -> Filter: (sbtest1.id between 8045600 and 8046599)  (cost=378 rows=1872)
        -> Index range scan on sbtest1 using PRIMARY over (8045600 <= id <= 8046599)  (cost=378 rows=1872)


table 2 : explain SELECT SUM(k) FROM sbtest2 WHERE id BETWEEN 3149977 AND 3150976
	-> Aggregate: sum(sbtest2.k)  (cost=794 rows=1)
    -> Filter: (sbtest2.id between 3149977 and 3150976)  (cost=371 rows=1838)
        -> Index range scan on sbtest2 using PRIMARY over (3149977 <= id <= 3150976)  (cost=371 rows=1838)


table 3 : explain SELECT SUM(k) FROM sbtest3 WHERE id BETWEEN 5444022 AND 5445021
	-> Aggregate: sum(sbtest3.k)  (cost=809 rows=1)
    -> Filter: (sbtest3.id between 5444022 and 5445021)  (cost=378 rows=1872)
        -> Index range scan on sbtest3 using PRIMARY over (5444022 <= id <= 5445021)  (cost=378 rows=1872)


table 4 : explain SELECT SUM(k) FROM sbtest4 WHERE id BETWEEN 5355688 AND 5356687
	-> Aggregate: sum(sbtest4.k)  (cost=809 rows=1)
    -> Filter: (sbtest4.id between 5355688 and 5356687)  (cost=378 rows=1872)
        -> Index range scan on sbtest4 using PRIMARY over (5355688 <= id <= 5356687)  (cost=378 rows=1872)


table 5 : explain SELECT SUM(k) FROM sbtest5 WHERE id BETWEEN 753481 AND 754480
	-> Aggregate: sum(sbtest5.k)  (cost=809 rows=1)
    -> Filter: (sbtest5.id between 753481 and 754480)  (cost=378 rows=1872)
        -> Index range scan on sbtest5 using PRIMARY over (753481 <= id <= 754480)  (cost=378 rows=1872)


table 6 : explain SELECT SUM(k) FROM sbtest6 WHERE id BETWEEN 5645514 AND 5646513
	-> Aggregate: sum(sbtest6.k)  (cost=809 rows=1)
    -> Filter: (sbtest6.id between 5645514 and 5646513)  (cost=378 rows=1872)
        -> Index range scan on sbtest6 using PRIMARY over (5645514 <= id <= 5646513)  (cost=378 rows=1872)


table 7 : explain SELECT SUM(k) FROM sbtest7 WHERE id BETWEEN 6587190 AND 6588189
	-> Aggregate: sum(sbtest7.k)  (cost=794 rows=1)
    -> Filter: (sbtest7.id between 6587190 and 6588189)  (cost=371 rows=1838)
        -> Index range scan on sbtest7 using PRIMARY over (6587190 <= id <= 6588189)  (cost=371 rows=1838)


table 8 : explain SELECT SUM(k) FROM sbtest8 WHERE id BETWEEN 2289539 AND 2290538
	-> Aggregate: sum(sbtest8.k)  (cost=809 rows=1)
    -> Filter: (sbtest8.id between 2289539 and 2290538)  (cost=378 rows=1872)
        -> Index range scan on sbtest8 using PRIMARY over (2289539 <= id <= 2290538)  (cost=378 rows=1872)


for: order_ranges
table 1 : explain SELECT c FROM sbtest1 WHERE id BETWEEN 5599329 AND 5600328 ORDER BY c
	-> Sort: sbtest1.c  (cost=371 rows=1838)
    -> Filter: (sbtest1.id between 5599329 and 5600328)  (cost=371 rows=1838)
        -> Index range scan on sbtest1 using PRIMARY over (5599329 <= id <= 5600328)  (cost=371 rows=1838)


table 2 : explain SELECT c FROM sbtest2 WHERE id BETWEEN 6376546 AND 6377545 ORDER BY c
	-> Sort: sbtest2.c  (cost=371 rows=1838)
    -> Filter: (sbtest2.id between 6376546 and 6377545)  (cost=371 rows=1838)
        -> Index range scan on sbtest2 using PRIMARY over (6376546 <= id <= 6377545)  (cost=371 rows=1838)


table 3 : explain SELECT c FROM sbtest3 WHERE id BETWEEN 339251 AND 340250 ORDER BY c
	-> Sort: sbtest3.c  (cost=371 rows=1838)
    -> Filter: (sbtest3.id between 339251 and 340250)  (cost=371 rows=1838)
        -> Index range scan on sbtest3 using PRIMARY over (339251 <= id <= 340250)  (cost=371 rows=1838)


table 4 : explain SELECT c FROM sbtest4 WHERE id BETWEEN 847943 AND 848942 ORDER BY c
	-> Sort: sbtest4.c  (cost=378 rows=1872)
    -> Filter: (sbtest4.id between 847943 and 848942)  (cost=378 rows=1872)
        -> Index range scan on sbtest4 using PRIMARY over (847943 <= id <= 848942)  (cost=378 rows=1872)


table 5 : explain SELECT c FROM sbtest5 WHERE id BETWEEN 6380947 AND 6381946 ORDER BY c
	-> Sort: sbtest5.c  (cost=371 rows=1838)
    -> Filter: (sbtest5.id between 6380947 and 6381946)  (cost=371 rows=1838)
        -> Index range scan on sbtest5 using PRIMARY over (6380947 <= id <= 6381946)  (cost=371 rows=1838)


table 6 : explain SELECT c FROM sbtest6 WHERE id BETWEEN 8307078 AND 8308077 ORDER BY c
	-> Sort: sbtest6.c  (cost=378 rows=1872)
    -> Filter: (sbtest6.id between 8307078 and 8308077)  (cost=378 rows=1872)
        -> Index range scan on sbtest6 using PRIMARY over (8307078 <= id <= 8308077)  (cost=378 rows=1872)


table 7 : explain SELECT c FROM sbtest7 WHERE id BETWEEN 3628179 AND 3629178 ORDER BY c
	-> Sort: sbtest7.c  (cost=371 rows=1838)
    -> Filter: (sbtest7.id between 3628179 and 3629178)  (cost=371 rows=1838)
        -> Index range scan on sbtest7 using PRIMARY over (3628179 <= id <= 3629178)  (cost=371 rows=1838)


table 8 : explain SELECT c FROM sbtest8 WHERE id BETWEEN 5683787 AND 5684786 ORDER BY c
	-> Sort: sbtest8.c  (cost=371 rows=1838)
    -> Filter: (sbtest8.id between 5683787 and 5684786)  (cost=371 rows=1838)
        -> Index range scan on sbtest8 using PRIMARY over (5683787 <= id <= 5684786)  (cost=371 rows=1838)


for: sum_ranges
table 1 : explain SELECT SUM(k) FROM sbtest1 WHERE id BETWEEN 1647094 AND 1648093
	-> Aggregate: sum(sbtest1.k)  (cost=794 rows=1)
    -> Filter: (sbtest1.id between 1647094 and 1648093)  (cost=371 rows=1838)
        -> Index range scan on sbtest1 using PRIMARY over (1647094 <= id <= 1648093)  (cost=371 rows=1838)


table 2 : explain SELECT SUM(k) FROM sbtest2 WHERE id BETWEEN 4826916 AND 4827915
	-> Aggregate: sum(sbtest2.k)  (cost=794 rows=1)
    -> Filter: (sbtest2.id between 4826916 and 4827915)  (cost=371 rows=1838)
        -> Index range scan on sbtest2 using PRIMARY over (4826916 <= id <= 4827915)  (cost=371 rows=1838)


table 3 : explain SELECT SUM(k) FROM sbtest3 WHERE id BETWEEN 4740555 AND 4741554
	-> Aggregate: sum(sbtest3.k)  (cost=794 rows=1)
    -> Filter: (sbtest3.id between 4740555 and 4741554)  (cost=371 rows=1838)
        -> Index range scan on sbtest3 using PRIMARY over (4740555 <= id <= 4741554)  (cost=371 rows=1838)


table 4 : explain SELECT SUM(k) FROM sbtest4 WHERE id BETWEEN 9494621 AND 9495620
	-> Aggregate: sum(sbtest4.k)  (cost=794 rows=1)
    -> Filter: (sbtest4.id between 9494621 and 9495620)  (cost=371 rows=1838)
        -> Index range scan on sbtest4 using PRIMARY over (9494621 <= id <= 9495620)  (cost=371 rows=1838)


table 5 : explain SELECT SUM(k) FROM sbtest5 WHERE id BETWEEN 6637512 AND 6638511
	-> Aggregate: sum(sbtest5.k)  (cost=794 rows=1)
    -> Filter: (sbtest5.id between 6637512 and 6638511)  (cost=371 rows=1838)
        -> Index range scan on sbtest5 using PRIMARY over (6637512 <= id <= 6638511)  (cost=371 rows=1838)


table 6 : explain SELECT SUM(k) FROM sbtest6 WHERE id BETWEEN 7120264 AND 7121263
	-> Aggregate: sum(sbtest6.k)  (cost=794 rows=1)
    -> Filter: (sbtest6.id between 7120264 and 7121263)  (cost=371 rows=1838)
        -> Index range scan on sbtest6 using PRIMARY over (7120264 <= id <= 7121263)  (cost=371 rows=1838)


table 7 : explain SELECT SUM(k) FROM sbtest7 WHERE id BETWEEN 4567160 AND 4568159
	-> Aggregate: sum(sbtest7.k)  (cost=794 rows=1)
    -> Filter: (sbtest7.id between 4567160 and 4568159)  (cost=371 rows=1838)
        -> Index range scan on sbtest7 using PRIMARY over (4567160 <= id <= 4568159)  (cost=371 rows=1838)


table 8 : explain SELECT SUM(k) FROM sbtest8 WHERE id BETWEEN 4828781 AND 4829780
	-> Aggregate: sum(sbtest8.k)  (cost=809 rows=1)
    -> Filter: (sbtest8.id between 4828781 and 4829780)  (cost=378 rows=1872)
        -> Index range scan on sbtest8 using PRIMARY over (4828781 <= id <= 4829780)  (cost=378 rows=1872)


for: order_ranges
table 1 : explain SELECT c FROM sbtest1 WHERE id BETWEEN 6200433 AND 6201432 ORDER BY c
	-> Sort: sbtest1.c  (cost=371 rows=1838)
    -> Filter: (sbtest1.id between 6200433 and 6201432)  (cost=371 rows=1838)
        -> Index range scan on sbtest1 using PRIMARY over (6200433 <= id <= 6201432)  (cost=371 rows=1838)


table 2 : explain SELECT c FROM sbtest2 WHERE id BETWEEN 216956 AND 217955 ORDER BY c
	-> Sort: sbtest2.c  (cost=371 rows=1838)
    -> Filter: (sbtest2.id between 216956 and 217955)  (cost=371 rows=1838)
        -> Index range scan on sbtest2 using PRIMARY over (216956 <= id <= 217955)  (cost=371 rows=1838)


table 3 : explain SELECT c FROM sbtest3 WHERE id BETWEEN 7625089 AND 7626088 ORDER BY c
	-> Sort: sbtest3.c  (cost=371 rows=1838)
    -> Filter: (sbtest3.id between 7625089 and 7626088)  (cost=371 rows=1838)
        -> Index range scan on sbtest3 using PRIMARY over (7625089 <= id <= 7626088)  (cost=371 rows=1838)


table 4 : explain SELECT c FROM sbtest4 WHERE id BETWEEN 822973 AND 823972 ORDER BY c
	-> Sort: sbtest4.c  (cost=378 rows=1872)
    -> Filter: (sbtest4.id between 822973 and 823972)  (cost=378 rows=1872)
        -> Index range scan on sbtest4 using PRIMARY over (822973 <= id <= 823972)  (cost=378 rows=1872)


table 5 : explain SELECT c FROM sbtest5 WHERE id BETWEEN 588630 AND 589629 ORDER BY c
	-> Sort: sbtest5.c  (cost=371 rows=1838)
    -> Filter: (sbtest5.id between 588630 and 589629)  (cost=371 rows=1838)
        -> Index range scan on sbtest5 using PRIMARY over (588630 <= id <= 589629)  (cost=371 rows=1838)


table 6 : explain SELECT c FROM sbtest6 WHERE id BETWEEN 3757891 AND 3758890 ORDER BY c
	-> Sort: sbtest6.c  (cost=371 rows=1838)
    -> Filter: (sbtest6.id between 3757891 and 3758890)  (cost=371 rows=1838)
        -> Index range scan on sbtest6 using PRIMARY over (3757891 <= id <= 3758890)  (cost=371 rows=1838)


table 7 : explain SELECT c FROM sbtest7 WHERE id BETWEEN 9728438 AND 9729437 ORDER BY c
	-> Sort: sbtest7.c  (cost=371 rows=1838)
    -> Filter: (sbtest7.id between 9728438 and 9729437)  (cost=371 rows=1838)
        -> Index range scan on sbtest7 using PRIMARY over (9728438 <= id <= 9729437)  (cost=371 rows=1838)


table 8 : explain SELECT c FROM sbtest8 WHERE id BETWEEN 8435987 AND 8436986 ORDER BY c
	-> Sort: sbtest8.c  (cost=371 rows=1838)
    -> Filter: (sbtest8.id between 8435987 and 8436986)  (cost=371 rows=1838)
        -> Index range scan on sbtest8 using PRIMARY over (8435987 <= id <= 8436986)  (cost=371 rows=1838)


for: sum_ranges
table 1 : explain SELECT SUM(k) FROM sbtest1 WHERE id BETWEEN 6949263 AND 6950262
	-> Aggregate: sum(sbtest1.k)  (cost=794 rows=1)
    -> Filter: (sbtest1.id between 6949263 and 6950262)  (cost=371 rows=1838)
        -> Index range scan on sbtest1 using PRIMARY over (6949263 <= id <= 6950262)  (cost=371 rows=1838)


table 2 : explain SELECT SUM(k) FROM sbtest2 WHERE id BETWEEN 4892811 AND 4893810
	-> Aggregate: sum(sbtest2.k)  (cost=809 rows=1)
    -> Filter: (sbtest2.id between 4892811 and 4893810)  (cost=378 rows=1872)
        -> Index range scan on sbtest2 using PRIMARY over (4892811 <= id <= 4893810)  (cost=378 rows=1872)


table 3 : explain SELECT SUM(k) FROM sbtest3 WHERE id BETWEEN 5389116 AND 5390115
	-> Aggregate: sum(sbtest3.k)  (cost=795 rows=1)
    -> Filter: (sbtest3.id between 5389116 and 5390115)  (cost=371 rows=1840)
        -> Index range scan on sbtest3 using PRIMARY over (5389116 <= id <= 5390115)  (cost=371 rows=1840)


table 4 : explain SELECT SUM(k) FROM sbtest4 WHERE id BETWEEN 889704 AND 890703
	-> Aggregate: sum(sbtest4.k)  (cost=809 rows=1)
    -> Filter: (sbtest4.id between 889704 and 890703)  (cost=378 rows=1872)
        -> Index range scan on sbtest4 using PRIMARY over (889704 <= id <= 890703)  (cost=378 rows=1872)


table 5 : explain SELECT SUM(k) FROM sbtest5 WHERE id BETWEEN 9837440 AND 9838439
	-> Aggregate: sum(sbtest5.k)  (cost=794 rows=1)
    -> Filter: (sbtest5.id between 9837440 and 9838439)  (cost=371 rows=1838)
        -> Index range scan on sbtest5 using PRIMARY over (9837440 <= id <= 9838439)  (cost=371 rows=1838)


table 6 : explain SELECT SUM(k) FROM sbtest6 WHERE id BETWEEN 3946850 AND 3947849
	-> Aggregate: sum(sbtest6.k)  (cost=794 rows=1)
    -> Filter: (sbtest6.id between 3946850 and 3947849)  (cost=371 rows=1838)
        -> Index range scan on sbtest6 using PRIMARY over (3946850 <= id <= 3947849)  (cost=371 rows=1838)


table 7 : explain SELECT SUM(k) FROM sbtest7 WHERE id BETWEEN 9923796 AND 9924795
	-> Aggregate: sum(sbtest7.k)  (cost=794 rows=1)
    -> Filter: (sbtest7.id between 9923796 and 9924795)  (cost=371 rows=1838)
        -> Index range scan on sbtest7 using PRIMARY over (9923796 <= id <= 9924795)  (cost=371 rows=1838)


table 8 : explain SELECT SUM(k) FROM sbtest8 WHERE id BETWEEN 4365781 AND 4366780
	-> Aggregate: sum(sbtest8.k)  (cost=794 rows=1)
    -> Filter: (sbtest8.id between 4365781 and 4366780)  (cost=371 rows=1838)
        -> Index range scan on sbtest8 using PRIMARY over (4365781 <= id <= 4366780)  (cost=371 rows=1838)


for: order_ranges
table 1 : explain SELECT c FROM sbtest1 WHERE id BETWEEN 746001 AND 747000 ORDER BY c
	-> Sort: sbtest1.c  (cost=371 rows=1838)
    -> Filter: (sbtest1.id between 746001 and 747000)  (cost=371 rows=1838)
        -> Index range scan on sbtest1 using PRIMARY over (746001 <= id <= 747000)  (cost=371 rows=1838)


table 2 : explain SELECT c FROM sbtest2 WHERE id BETWEEN 7042763 AND 7043762 ORDER BY c
	-> Sort: sbtest2.c  (cost=371 rows=1838)
    -> Filter: (sbtest2.id between 7042763 and 7043762)  (cost=371 rows=1838)
        -> Index range scan on sbtest2 using PRIMARY over (7042763 <= id <= 7043762)  (cost=371 rows=1838)


table 3 : explain SELECT c FROM sbtest3 WHERE id BETWEEN 6254991 AND 6255990 ORDER BY c
	-> Sort: sbtest3.c  (cost=378 rows=1872)
    -> Filter: (sbtest3.id between 6254991 and 6255990)  (cost=378 rows=1872)
        -> Index range scan on sbtest3 using PRIMARY over (6254991 <= id <= 6255990)  (cost=378 rows=1872)


table 4 : explain SELECT c FROM sbtest4 WHERE id BETWEEN 3758762 AND 3759761 ORDER BY c
	-> Sort: sbtest4.c  (cost=371 rows=1838)
    -> Filter: (sbtest4.id between 3758762 and 3759761)  (cost=371 rows=1838)
        -> Index range scan on sbtest4 using PRIMARY over (3758762 <= id <= 3759761)  (cost=371 rows=1838)


table 5 : explain SELECT c FROM sbtest5 WHERE id BETWEEN 2168653 AND 2169652 ORDER BY c
	-> Sort: sbtest5.c  (cost=378 rows=1872)
    -> Filter: (sbtest5.id between 2168653 and 2169652)  (cost=378 rows=1872)
        -> Index range scan on sbtest5 using PRIMARY over (2168653 <= id <= 2169652)  (cost=378 rows=1872)


table 6 : explain SELECT c FROM sbtest6 WHERE id BETWEEN 279290 AND 280289 ORDER BY c
	-> Sort: sbtest6.c  (cost=371 rows=1838)
    -> Filter: (sbtest6.id between 279290 and 280289)  (cost=371 rows=1838)
        -> Index range scan on sbtest6 using PRIMARY over (279290 <= id <= 280289)  (cost=371 rows=1838)


table 7 : explain SELECT c FROM sbtest7 WHERE id BETWEEN 9208073 AND 9209072 ORDER BY c
	-> Sort: sbtest7.c  (cost=371 rows=1838)
    -> Filter: (sbtest7.id between 9208073 and 9209072)  (cost=371 rows=1838)
        -> Index range scan on sbtest7 using PRIMARY over (9208073 <= id <= 9209072)  (cost=371 rows=1838)


table 8 : explain SELECT c FROM sbtest8 WHERE id BETWEEN 7631394 AND 7632393 ORDER BY c
	-> Sort: sbtest8.c  (cost=378 rows=1872)
    -> Filter: (sbtest8.id between 7631394 and 7632393)  (cost=378 rows=1872)
        -> Index range scan on sbtest8 using PRIMARY over (7631394 <= id <= 7632393)  (cost=378 rows=1872)


for: order_ranges
table 1 : explain SELECT c FROM sbtest1 WHERE id BETWEEN 2606033 AND 2607032 ORDER BY c
	-> Sort: sbtest1.c  (cost=371 rows=1838)
    -> Filter: (sbtest1.id between 2606033 and 2607032)  (cost=371 rows=1838)
        -> Index range scan on sbtest1 using PRIMARY over (2606033 <= id <= 2607032)  (cost=371 rows=1838)


table 2 : explain SELECT c FROM sbtest2 WHERE id BETWEEN 1846815 AND 1847814 ORDER BY c
	-> Sort: sbtest2.c  (cost=371 rows=1838)
    -> Filter: (sbtest2.id between 1846815 and 1847814)  (cost=371 rows=1838)
        -> Index range scan on sbtest2 using PRIMARY over (1846815 <= id <= 1847814)  (cost=371 rows=1838)


table 3 : explain SELECT c FROM sbtest3 WHERE id BETWEEN 6615205 AND 6616204 ORDER BY c
	-> Sort: sbtest3.c  (cost=371 rows=1838)
    -> Filter: (sbtest3.id between 6615205 and 6616204)  (cost=371 rows=1838)
        -> Index range scan on sbtest3 using PRIMARY over (6615205 <= id <= 6616204)  (cost=371 rows=1838)


table 4 : explain SELECT c FROM sbtest4 WHERE id BETWEEN 866818 AND 867817 ORDER BY c
	-> Sort: sbtest4.c  (cost=371 rows=1838)
    -> Filter: (sbtest4.id between 866818 and 867817)  (cost=371 rows=1838)
        -> Index range scan on sbtest4 using PRIMARY over (866818 <= id <= 867817)  (cost=371 rows=1838)


table 5 : explain SELECT c FROM sbtest5 WHERE id BETWEEN 1603290 AND 1604289 ORDER BY c
	-> Sort: sbtest5.c  (cost=371 rows=1838)
    -> Filter: (sbtest5.id between 1603290 and 1604289)  (cost=371 rows=1838)
        -> Index range scan on sbtest5 using PRIMARY over (1603290 <= id <= 1604289)  (cost=371 rows=1838)


table 6 : explain SELECT c FROM sbtest6 WHERE id BETWEEN 1946813 AND 1947812 ORDER BY c
	-> Sort: sbtest6.c  (cost=378 rows=1872)
    -> Filter: (sbtest6.id between 1946813 and 1947812)  (cost=378 rows=1872)
        -> Index range scan on sbtest6 using PRIMARY over (1946813 <= id <= 1947812)  (cost=378 rows=1872)


table 7 : explain SELECT c FROM sbtest7 WHERE id BETWEEN 8310374 AND 8311373 ORDER BY c
	-> Sort: sbtest7.c  (cost=378 rows=1872)
    -> Filter: (sbtest7.id between 8310374 and 8311373)  (cost=378 rows=1872)
        -> Index range scan on sbtest7 using PRIMARY over (8310374 <= id <= 8311373)  (cost=378 rows=1872)


table 8 : explain SELECT c FROM sbtest8 WHERE id BETWEEN 5487110 AND 5488109 ORDER BY c
	-> Sort: sbtest8.c  (cost=371 rows=1838)
    -> Filter: (sbtest8.id between 5487110 and 5488109)  (cost=371 rows=1838)
        -> Index range scan on sbtest8 using PRIMARY over (5487110 <= id <= 5488109)  (cost=371 rows=1838)


for: order_ranges
table 1 : explain SELECT c FROM sbtest1 WHERE id BETWEEN 3728092 AND 3729091 ORDER BY c
	-> Sort: sbtest1.c  (cost=378 rows=1872)
    -> Filter: (sbtest1.id between 3728092 and 3729091)  (cost=378 rows=1872)
        -> Index range scan on sbtest1 using PRIMARY over (3728092 <= id <= 3729091)  (cost=378 rows=1872)


table 2 : explain SELECT c FROM sbtest2 WHERE id BETWEEN 1793044 AND 1794043 ORDER BY c
	-> Sort: sbtest2.c  (cost=371 rows=1838)
    -> Filter: (sbtest2.id between 1793044 and 1794043)  (cost=371 rows=1838)
        -> Index range scan on sbtest2 using PRIMARY over (1793044 <= id <= 1794043)  (cost=371 rows=1838)


table 3 : explain SELECT c FROM sbtest3 WHERE id BETWEEN 7374298 AND 7375297 ORDER BY c
	-> Sort: sbtest3.c  (cost=378 rows=1872)
    -> Filter: (sbtest3.id between 7374298 and 7375297)  (cost=378 rows=1872)
        -> Index range scan on sbtest3 using PRIMARY over (7374298 <= id <= 7375297)  (cost=378 rows=1872)


table 4 : explain SELECT c FROM sbtest4 WHERE id BETWEEN 471639 AND 472638 ORDER BY c
	-> Sort: sbtest4.c  (cost=378 rows=1872)
    -> Filter: (sbtest4.id between 471639 and 472638)  (cost=378 rows=1872)
        -> Index range scan on sbtest4 using PRIMARY over (471639 <= id <= 472638)  (cost=378 rows=1872)


table 5 : explain SELECT c FROM sbtest5 WHERE id BETWEEN 9828257 AND 9829256 ORDER BY c
	-> Sort: sbtest5.c  (cost=378 rows=1872)
    -> Filter: (sbtest5.id between 9828257 and 9829256)  (cost=378 rows=1872)
        -> Index range scan on sbtest5 using PRIMARY over (9828257 <= id <= 9829256)  (cost=378 rows=1872)


table 6 : explain SELECT c FROM sbtest6 WHERE id BETWEEN 2490285 AND 2491284 ORDER BY c
	-> Sort: sbtest6.c  (cost=371 rows=1838)
    -> Filter: (sbtest6.id between 2490285 and 2491284)  (cost=371 rows=1838)
        -> Index range scan on sbtest6 using PRIMARY over (2490285 <= id <= 2491284)  (cost=371 rows=1838)


table 7 : explain SELECT c FROM sbtest7 WHERE id BETWEEN 2552769 AND 2553768 ORDER BY c
	-> Sort: sbtest7.c  (cost=371 rows=1838)
    -> Filter: (sbtest7.id between 2552769 and 2553768)  (cost=371 rows=1838)
        -> Index range scan on sbtest7 using PRIMARY over (2552769 <= id <= 2553768)  (cost=371 rows=1838)


table 8 : explain SELECT c FROM sbtest8 WHERE id BETWEEN 1912407 AND 1913406 ORDER BY c
	-> Sort: sbtest8.c  (cost=371 rows=1838)
    -> Filter: (sbtest8.id between 1912407 and 1913406)  (cost=371 rows=1838)
        -> Index range scan on sbtest8 using PRIMARY over (1912407 <= id <= 1913406)  (cost=371 rows=1838)


for: order_ranges
table 1 : explain SELECT c FROM sbtest1 WHERE id BETWEEN 4968925 AND 4969924 ORDER BY c
	-> Sort: sbtest1.c  (cost=371 rows=1838)
    -> Filter: (sbtest1.id between 4968925 and 4969924)  (cost=371 rows=1838)
        -> Index range scan on sbtest1 using PRIMARY over (4968925 <= id <= 4969924)  (cost=371 rows=1838)


table 2 : explain SELECT c FROM sbtest2 WHERE id BETWEEN 3729220 AND 3730219 ORDER BY c
	-> Sort: sbtest2.c  (cost=371 rows=1838)
    -> Filter: (sbtest2.id between 3729220 and 3730219)  (cost=371 rows=1838)
        -> Index range scan on sbtest2 using PRIMARY over (3729220 <= id <= 3730219)  (cost=371 rows=1838)


table 3 : explain SELECT c FROM sbtest3 WHERE id BETWEEN 7656049 AND 7657048 ORDER BY c
	-> Sort: sbtest3.c  (cost=371 rows=1838)
    -> Filter: (sbtest3.id between 7656049 and 7657048)  (cost=371 rows=1838)
        -> Index range scan on sbtest3 using PRIMARY over (7656049 <= id <= 7657048)  (cost=371 rows=1838)


table 4 : explain SELECT c FROM sbtest4 WHERE id BETWEEN 1660912 AND 1661911 ORDER BY c
	-> Sort: sbtest4.c  (cost=371 rows=1838)
    -> Filter: (sbtest4.id between 1660912 and 1661911)  (cost=371 rows=1838)
        -> Index range scan on sbtest4 using PRIMARY over (1660912 <= id <= 1661911)  (cost=371 rows=1838)


table 5 : explain SELECT c FROM sbtest5 WHERE id BETWEEN 2713252 AND 2714251 ORDER BY c
	-> Sort: sbtest5.c  (cost=371 rows=1838)
    -> Filter: (sbtest5.id between 2713252 and 2714251)  (cost=371 rows=1838)
        -> Index range scan on sbtest5 using PRIMARY over (2713252 <= id <= 2714251)  (cost=371 rows=1838)


table 6 : explain SELECT c FROM sbtest6 WHERE id BETWEEN 8137962 AND 8138961 ORDER BY c
	-> Sort: sbtest6.c  (cost=371 rows=1838)
    -> Filter: (sbtest6.id between 8137962 and 8138961)  (cost=371 rows=1838)
        -> Index range scan on sbtest6 using PRIMARY over (8137962 <= id <= 8138961)  (cost=371 rows=1838)


table 7 : explain SELECT c FROM sbtest7 WHERE id BETWEEN 5536098 AND 5537097 ORDER BY c
	-> Sort: sbtest7.c  (cost=371 rows=1838)
    -> Filter: (sbtest7.id between 5536098 and 5537097)  (cost=371 rows=1838)
        -> Index range scan on sbtest7 using PRIMARY over (5536098 <= id <= 5537097)  (cost=371 rows=1838)


table 8 : explain SELECT c FROM sbtest8 WHERE id BETWEEN 9640430 AND 9641429 ORDER BY c
	-> Sort: sbtest8.c  (cost=378 rows=1872)
    -> Filter: (sbtest8.id between 9640430 and 9641429)  (cost=378 rows=1872)
        -> Index range scan on sbtest8 using PRIMARY over (9640430 <= id <= 9641429)  (cost=378 rows=1872)


for: order_ranges
table 1 : explain SELECT c FROM sbtest1 WHERE id BETWEEN 604035 AND 605034 ORDER BY c
	-> Sort: sbtest1.c  (cost=371 rows=1838)
    -> Filter: (sbtest1.id between 604035 and 605034)  (cost=371 rows=1838)
        -> Index range scan on sbtest1 using PRIMARY over (604035 <= id <= 605034)  (cost=371 rows=1838)


table 2 : explain SELECT c FROM sbtest2 WHERE id BETWEEN 8828356 AND 8829355 ORDER BY c
	-> Sort: sbtest2.c  (cost=371 rows=1838)
    -> Filter: (sbtest2.id between 8828356 and 8829355)  (cost=371 rows=1838)
        -> Index range scan on sbtest2 using PRIMARY over (8828356 <= id <= 8829355)  (cost=371 rows=1838)


table 3 : explain SELECT c FROM sbtest3 WHERE id BETWEEN 2032800 AND 2033799 ORDER BY c
	-> Sort: sbtest3.c  (cost=378 rows=1872)
    -> Filter: (sbtest3.id between 2032800 and 2033799)  (cost=378 rows=1872)
        -> Index range scan on sbtest3 using PRIMARY over (2032800 <= id <= 2033799)  (cost=378 rows=1872)


table 4 : explain SELECT c FROM sbtest4 WHERE id BETWEEN 7732554 AND 7733553 ORDER BY c
	-> Sort: sbtest4.c  (cost=371 rows=1838)
    -> Filter: (sbtest4.id between 7732554 and 7733553)  (cost=371 rows=1838)
        -> Index range scan on sbtest4 using PRIMARY over (7732554 <= id <= 7733553)  (cost=371 rows=1838)


table 5 : explain SELECT c FROM sbtest5 WHERE id BETWEEN 6889474 AND 6890473 ORDER BY c
	-> Sort: sbtest5.c  (cost=371 rows=1838)
    -> Filter: (sbtest5.id between 6889474 and 6890473)  (cost=371 rows=1838)
        -> Index range scan on sbtest5 using PRIMARY over (6889474 <= id <= 6890473)  (cost=371 rows=1838)


table 6 : explain SELECT c FROM sbtest6 WHERE id BETWEEN 7614140 AND 7615139 ORDER BY c
	-> Sort: sbtest6.c  (cost=371 rows=1838)
    -> Filter: (sbtest6.id between 7614140 and 7615139)  (cost=371 rows=1838)
        -> Index range scan on sbtest6 using PRIMARY over (7614140 <= id <= 7615139)  (cost=371 rows=1838)


table 7 : explain SELECT c FROM sbtest7 WHERE id BETWEEN 4941458 AND 4942457 ORDER BY c
	-> Sort: sbtest7.c  (cost=371 rows=1838)
    -> Filter: (sbtest7.id between 4941458 and 4942457)  (cost=371 rows=1838)
        -> Index range scan on sbtest7 using PRIMARY over (4941458 <= id <= 4942457)  (cost=371 rows=1838)


table 8 : explain SELECT c FROM sbtest8 WHERE id BETWEEN 1324508 AND 1325507 ORDER BY c
	-> Sort: sbtest8.c  (cost=371 rows=1838)
    -> Filter: (sbtest8.id between 1324508 and 1325507)  (cost=371 rows=1838)
        -> Index range scan on sbtest8 using PRIMARY over (1324508 <= id <= 1325507)  (cost=371 rows=1838)


for: order_ranges
table 1 : explain SELECT c FROM sbtest1 WHERE id BETWEEN 6894206 AND 6895205 ORDER BY c
	-> Sort: sbtest1.c  (cost=371 rows=1838)
    -> Filter: (sbtest1.id between 6894206 and 6895205)  (cost=371 rows=1838)
        -> Index range scan on sbtest1 using PRIMARY over (6894206 <= id <= 6895205)  (cost=371 rows=1838)


table 2 : explain SELECT c FROM sbtest2 WHERE id BETWEEN 5904181 AND 5905180 ORDER BY c
	-> Sort: sbtest2.c  (cost=371 rows=1838)
    -> Filter: (sbtest2.id between 5904181 and 5905180)  (cost=371 rows=1838)
        -> Index range scan on sbtest2 using PRIMARY over (5904181 <= id <= 5905180)  (cost=371 rows=1838)


table 3 : explain SELECT c FROM sbtest3 WHERE id BETWEEN 4457846 AND 4458845 ORDER BY c
	-> Sort: sbtest3.c  (cost=371 rows=1838)
    -> Filter: (sbtest3.id between 4457846 and 4458845)  (cost=371 rows=1838)
        -> Index range scan on sbtest3 using PRIMARY over (4457846 <= id <= 4458845)  (cost=371 rows=1838)


table 4 : explain SELECT c FROM sbtest4 WHERE id BETWEEN 5373657 AND 5374656 ORDER BY c
	-> Sort: sbtest4.c  (cost=378 rows=1872)
    -> Filter: (sbtest4.id between 5373657 and 5374656)  (cost=378 rows=1872)
        -> Index range scan on sbtest4 using PRIMARY over (5373657 <= id <= 5374656)  (cost=378 rows=1872)


table 5 : explain SELECT c FROM sbtest5 WHERE id BETWEEN 1495452 AND 1496451 ORDER BY c
	-> Sort: sbtest5.c  (cost=378 rows=1872)
    -> Filter: (sbtest5.id between 1495452 and 1496451)  (cost=378 rows=1872)
        -> Index range scan on sbtest5 using PRIMARY over (1495452 <= id <= 1496451)  (cost=378 rows=1872)


table 6 : explain SELECT c FROM sbtest6 WHERE id BETWEEN 3157527 AND 3158526 ORDER BY c
	-> Sort: sbtest6.c  (cost=378 rows=1872)
    -> Filter: (sbtest6.id between 3157527 and 3158526)  (cost=378 rows=1872)
        -> Index range scan on sbtest6 using PRIMARY over (3157527 <= id <= 3158526)  (cost=378 rows=1872)


table 7 : explain SELECT c FROM sbtest7 WHERE id BETWEEN 8660449 AND 8661448 ORDER BY c
	-> Sort: sbtest7.c  (cost=371 rows=1838)
    -> Filter: (sbtest7.id between 8660449 and 8661448)  (cost=371 rows=1838)
        -> Index range scan on sbtest7 using PRIMARY over (8660449 <= id <= 8661448)  (cost=371 rows=1838)


table 8 : explain SELECT c FROM sbtest8 WHERE id BETWEEN 8766086 AND 8767085 ORDER BY c
	-> Sort: sbtest8.c  (cost=371 rows=1838)
    -> Filter: (sbtest8.id between 8766086 and 8767085)  (cost=371 rows=1838)
        -> Index range scan on sbtest8 using PRIMARY over (8766086 <= id <= 8767085)  (cost=371 rows=1838)


for: order_ranges
table 1 : explain SELECT c FROM sbtest1 WHERE id BETWEEN 8472595 AND 8473594 ORDER BY c
	-> Sort: sbtest1.c  (cost=371 rows=1838)
    -> Filter: (sbtest1.id between 8472595 and 8473594)  (cost=371 rows=1838)
        -> Index range scan on sbtest1 using PRIMARY over (8472595 <= id <= 8473594)  (cost=371 rows=1838)


table 2 : explain SELECT c FROM sbtest2 WHERE id BETWEEN 675591 AND 676590 ORDER BY c
	-> Sort: sbtest2.c  (cost=378 rows=1872)
    -> Filter: (sbtest2.id between 675591 and 676590)  (cost=378 rows=1872)
        -> Index range scan on sbtest2 using PRIMARY over (675591 <= id <= 676590)  (cost=378 rows=1872)


table 3 : explain SELECT c FROM sbtest3 WHERE id BETWEEN 9421178 AND 9422177 ORDER BY c
	-> Sort: sbtest3.c  (cost=371 rows=1838)
    -> Filter: (sbtest3.id between 9421178 and 9422177)  (cost=371 rows=1838)
        -> Index range scan on sbtest3 using PRIMARY over (9421178 <= id <= 9422177)  (cost=371 rows=1838)


table 4 : explain SELECT c FROM sbtest4 WHERE id BETWEEN 6603708 AND 6604707 ORDER BY c
	-> Sort: sbtest4.c  (cost=378 rows=1872)
    -> Filter: (sbtest4.id between 6603708 and 6604707)  (cost=378 rows=1872)
        -> Index range scan on sbtest4 using PRIMARY over (6603708 <= id <= 6604707)  (cost=378 rows=1872)


table 5 : explain SELECT c FROM sbtest5 WHERE id BETWEEN 5123523 AND 5124522 ORDER BY c
	-> Sort: sbtest5.c  (cost=371 rows=1838)
    -> Filter: (sbtest5.id between 5123523 and 5124522)  (cost=371 rows=1838)
        -> Index range scan on sbtest5 using PRIMARY over (5123523 <= id <= 5124522)  (cost=371 rows=1838)


table 6 : explain SELECT c FROM sbtest6 WHERE id BETWEEN 2372352 AND 2373351 ORDER BY c
	-> Sort: sbtest6.c  (cost=371 rows=1838)
    -> Filter: (sbtest6.id between 2372352 and 2373351)  (cost=371 rows=1838)
        -> Index range scan on sbtest6 using PRIMARY over (2372352 <= id <= 2373351)  (cost=371 rows=1838)


table 7 : explain SELECT c FROM sbtest7 WHERE id BETWEEN 3299521 AND 3300520 ORDER BY c
	-> Sort: sbtest7.c  (cost=371 rows=1838)
    -> Filter: (sbtest7.id between 3299521 and 3300520)  (cost=371 rows=1838)
        -> Index range scan on sbtest7 using PRIMARY over (3299521 <= id <= 3300520)  (cost=371 rows=1838)


table 8 : explain SELECT c FROM sbtest8 WHERE id BETWEEN 7539330 AND 7540329 ORDER BY c
	-> Sort: sbtest8.c  (cost=371 rows=1838)
    -> Filter: (sbtest8.id between 7539330 and 7540329)  (cost=371 rows=1838)
        -> Index range scan on sbtest8 using PRIMARY over (7539330 <= id <= 7540329)  (cost=371 rows=1838)

for: order_ranges
table 1 : explain SELECT c FROM sbtest1 WHERE id BETWEEN 1423891 AND 1424890 ORDER BY c
	-> Sort: sbtest1.c  (cost=371 rows=1838)
    -> Filter: (sbtest1.id between 1423891 and 1424890)  (cost=371 rows=1838)
        -> Index range scan on sbtest1 using PRIMARY over (1423891 <= id <= 1424890)  (cost=371 rows=1838)


table 2 : explain SELECT c FROM sbtest2 WHERE id BETWEEN 5467756 AND 5468755 ORDER BY c
	-> Sort: sbtest2.c  (cost=378 rows=1872)
    -> Filter: (sbtest2.id between 5467756 and 5468755)  (cost=378 rows=1872)
        -> Index range scan on sbtest2 using PRIMARY over (5467756 <= id <= 5468755)  (cost=378 rows=1872)


table 3 : explain SELECT c FROM sbtest3 WHERE id BETWEEN 6834031 AND 6835030 ORDER BY c
	-> Sort: sbtest3.c  (cost=371 rows=1838)
    -> Filter: (sbtest3.id between 6834031 and 6835030)  (cost=371 rows=1838)
        -> Index range scan on sbtest3 using PRIMARY over (6834031 <= id <= 6835030)  (cost=371 rows=1838)


table 4 : explain SELECT c FROM sbtest4 WHERE id BETWEEN 6812384 AND 6813383 ORDER BY c
	-> Sort: sbtest4.c  (cost=371 rows=1838)
    -> Filter: (sbtest4.id between 6812384 and 6813383)  (cost=371 rows=1838)
        -> Index range scan on sbtest4 using PRIMARY over (6812384 <= id <= 6813383)  (cost=371 rows=1838)


table 5 : explain SELECT c FROM sbtest5 WHERE id BETWEEN 529149 AND 530148 ORDER BY c
	-> Sort: sbtest5.c  (cost=378 rows=1872)
    -> Filter: (sbtest5.id between 529149 and 530148)  (cost=378 rows=1872)
        -> Index range scan on sbtest5 using PRIMARY over (529149 <= id <= 530148)  (cost=378 rows=1872)


table 6 : explain SELECT c FROM sbtest6 WHERE id BETWEEN 7681582 AND 7682581 ORDER BY c
	-> Sort: sbtest6.c  (cost=371 rows=1838)
    -> Filter: (sbtest6.id between 7681582 and 7682581)  (cost=371 rows=1838)
        -> Index range scan on sbtest6 using PRIMARY over (7681582 <= id <= 7682581)  (cost=371 rows=1838)


table 7 : explain SELECT c FROM sbtest7 WHERE id BETWEEN 6627444 AND 6628443 ORDER BY c
	-> Sort: sbtest7.c  (cost=371 rows=1838)
    -> Filter: (sbtest7.id between 6627444 and 6628443)  (cost=371 rows=1838)
        -> Index range scan on sbtest7 using PRIMARY over (6627444 <= id <= 6628443)  (cost=371 rows=1838)


table 8 : explain SELECT c FROM sbtest8 WHERE id BETWEEN 7247774 AND 7248773 ORDER BY c
	-> Sort: sbtest8.c  (cost=378 rows=1872)
    -> Filter: (sbtest8.id between 7247774 and 7248773)  (cost=378 rows=1872)
        -> Index range scan on sbtest8 using PRIMARY over (7247774 <= id <= 7248773)  (cost=378 rows=1872)



for: order_ranges
table 1 : explain SELECT c FROM sbtest1 WHERE id BETWEEN 9413534 AND 9414533 ORDER BY c
	-> Sort: sbtest1.c  (cost=378 rows=1872)
    -> Filter: (sbtest1.id between 9413534 and 9414533)  (cost=378 rows=1872)
        -> Index range scan on sbtest1 using PRIMARY over (9413534 <= id <= 9414533)  (cost=378 rows=1872)


table 2 : explain SELECT c FROM sbtest2 WHERE id BETWEEN 6009801 AND 6010800 ORDER BY c
	-> Sort: sbtest2.c  (cost=371 rows=1838)
    -> Filter: (sbtest2.id between 6009801 and 6010800)  (cost=371 rows=1838)
        -> Index range scan on sbtest2 using PRIMARY over (6009801 <= id <= 6010800)  (cost=371 rows=1838)


table 3 : explain SELECT c FROM sbtest3 WHERE id BETWEEN 2815813 AND 2816812 ORDER BY c
	-> Sort: sbtest3.c  (cost=378 rows=1872)
    -> Filter: (sbtest3.id between 2815813 and 2816812)  (cost=378 rows=1872)
        -> Index range scan on sbtest3 using PRIMARY over (2815813 <= id <= 2816812)  (cost=378 rows=1872)


table 4 : explain SELECT c FROM sbtest4 WHERE id BETWEEN 5349331 AND 5350330 ORDER BY c
	-> Sort: sbtest4.c  (cost=371 rows=1840)
    -> Filter: (sbtest4.id between 5349331 and 5350330)  (cost=371 rows=1840)
        -> Index range scan on sbtest4 using PRIMARY over (5349331 <= id <= 5350330)  (cost=371 rows=1840)


table 5 : explain SELECT c FROM sbtest5 WHERE id BETWEEN 9877709 AND 9878708 ORDER BY c
	-> Sort: sbtest5.c  (cost=371 rows=1838)
    -> Filter: (sbtest5.id between 9877709 and 9878708)  (cost=371 rows=1838)
        -> Index range scan on sbtest5 using PRIMARY over (9877709 <= id <= 9878708)  (cost=371 rows=1838)


table 6 : explain SELECT c FROM sbtest6 WHERE id BETWEEN 92883 AND 93882 ORDER BY c
	-> Sort: sbtest6.c  (cost=371 rows=1838)
    -> Filter: (sbtest6.id between 92883 and 93882)  (cost=371 rows=1838)
        -> Index range scan on sbtest6 using PRIMARY over (92883 <= id <= 93882)  (cost=371 rows=1838)


table 7 : explain SELECT c FROM sbtest7 WHERE id BETWEEN 9355119 AND 9356118 ORDER BY c
	-> Sort: sbtest7.c  (cost=371 rows=1838)
    -> Filter: (sbtest7.id between 9355119 and 9356118)  (cost=371 rows=1838)
        -> Index range scan on sbtest7 using PRIMARY over (9355119 <= id <= 9356118)  (cost=371 rows=1838)


table 8 : explain SELECT c FROM sbtest8 WHERE id BETWEEN 2003342 AND 2004341 ORDER BY c
	-> Sort: sbtest8.c  (cost=371 rows=1838)
    -> Filter: (sbtest8.id between 2003342 and 2004341)  (cost=371 rows=1838)
        -> Index range scan on sbtest8 using PRIMARY over (2003342 <= id <= 2004341)  (cost=371 rows=1838)


for: order_ranges
table 1 : explain SELECT c FROM sbtest1 WHERE id BETWEEN 2382916 AND 2383915 ORDER BY c
	-> Sort: sbtest1.c  (cost=378 rows=1872)
    -> Filter: (sbtest1.id between 2382916 and 2383915)  (cost=378 rows=1872)
        -> Index range scan on sbtest1 using PRIMARY over (2382916 <= id <= 2383915)  (cost=378 rows=1872)


table 2 : explain SELECT c FROM sbtest2 WHERE id BETWEEN 2555396 AND 2556395 ORDER BY c
	-> Sort: sbtest2.c  (cost=371 rows=1838)
    -> Filter: (sbtest2.id between 2555396 and 2556395)  (cost=371 rows=1838)
        -> Index range scan on sbtest2 using PRIMARY over (2555396 <= id <= 2556395)  (cost=371 rows=1838)


table 3 : explain SELECT c FROM sbtest3 WHERE id BETWEEN 6740017 AND 6741016 ORDER BY c
	-> Sort: sbtest3.c  (cost=371 rows=1838)
    -> Filter: (sbtest3.id between 6740017 and 6741016)  (cost=371 rows=1838)
        -> Index range scan on sbtest3 using PRIMARY over (6740017 <= id <= 6741016)  (cost=371 rows=1838)


table 4 : explain SELECT c FROM sbtest4 WHERE id BETWEEN 6593635 AND 6594634 ORDER BY c
	-> Sort: sbtest4.c  (cost=378 rows=1872)
    -> Filter: (sbtest4.id between 6593635 and 6594634)  (cost=378 rows=1872)
        -> Index range scan on sbtest4 using PRIMARY over (6593635 <= id <= 6594634)  (cost=378 rows=1872)


table 5 : explain SELECT c FROM sbtest5 WHERE id BETWEEN 6987109 AND 6988108 ORDER BY c
	-> Sort: sbtest5.c  (cost=371 rows=1838)
    -> Filter: (sbtest5.id between 6987109 and 6988108)  (cost=371 rows=1838)
        -> Index range scan on sbtest5 using PRIMARY over (6987109 <= id <= 6988108)  (cost=371 rows=1838)


table 6 : explain SELECT c FROM sbtest6 WHERE id BETWEEN 9571615 AND 9572614 ORDER BY c
	-> Sort: sbtest6.c  (cost=371 rows=1838)
    -> Filter: (sbtest6.id between 9571615 and 9572614)  (cost=371 rows=1838)
        -> Index range scan on sbtest6 using PRIMARY over (9571615 <= id <= 9572614)  (cost=371 rows=1838)


table 7 : explain SELECT c FROM sbtest7 WHERE id BETWEEN 3292379 AND 3293378 ORDER BY c
	-> Sort: sbtest7.c  (cost=371 rows=1838)
    -> Filter: (sbtest7.id between 3292379 and 3293378)  (cost=371 rows=1838)
        -> Index range scan on sbtest7 using PRIMARY over (3292379 <= id <= 3293378)  (cost=371 rows=1838)


table 8 : explain SELECT c FROM sbtest8 WHERE id BETWEEN 3445365 AND 3446364 ORDER BY c
	-> Sort: sbtest8.c  (cost=378 rows=1872)
    -> Filter: (sbtest8.id between 3445365 and 3446364)  (cost=378 rows=1872)
        -> Index range scan on sbtest8 using PRIMARY over (3445365 <= id <= 3446364)  (cost=378 rows=1872)


for: order_ranges
table 1 : explain SELECT c FROM sbtest1 WHERE id BETWEEN 1650898 AND 1651897 ORDER BY c
	-> Sort: sbtest1.c  (cost=371 rows=1838)
    -> Filter: (sbtest1.id between 1650898 and 1651897)  (cost=371 rows=1838)
        -> Index range scan on sbtest1 using PRIMARY over (1650898 <= id <= 1651897)  (cost=371 rows=1838)


table 2 : explain SELECT c FROM sbtest2 WHERE id BETWEEN 9540447 AND 9541446 ORDER BY c
	-> Sort: sbtest2.c  (cost=371 rows=1838)
    -> Filter: (sbtest2.id between 9540447 and 9541446)  (cost=371 rows=1838)
        -> Index range scan on sbtest2 using PRIMARY over (9540447 <= id <= 9541446)  (cost=371 rows=1838)


table 3 : explain SELECT c FROM sbtest3 WHERE id BETWEEN 9461480 AND 9462479 ORDER BY c
	-> Sort: sbtest3.c  (cost=371 rows=1838)
    -> Filter: (sbtest3.id between 9461480 and 9462479)  (cost=371 rows=1838)
        -> Index range scan on sbtest3 using PRIMARY over (9461480 <= id <= 9462479)  (cost=371 rows=1838)


table 4 : explain SELECT c FROM sbtest4 WHERE id BETWEEN 1733873 AND 1734872 ORDER BY c
	-> Sort: sbtest4.c  (cost=378 rows=1872)
    -> Filter: (sbtest4.id between 1733873 and 1734872)  (cost=378 rows=1872)
        -> Index range scan on sbtest4 using PRIMARY over (1733873 <= id <= 1734872)  (cost=378 rows=1872)


table 5 : explain SELECT c FROM sbtest5 WHERE id BETWEEN 2580523 AND 2581522 ORDER BY c
	-> Sort: sbtest5.c  (cost=378 rows=1872)
    -> Filter: (sbtest5.id between 2580523 and 2581522)  (cost=378 rows=1872)
        -> Index range scan on sbtest5 using PRIMARY over (2580523 <= id <= 2581522)  (cost=378 rows=1872)


table 6 : explain SELECT c FROM sbtest6 WHERE id BETWEEN 9877755 AND 9878754 ORDER BY c
	-> Sort: sbtest6.c  (cost=378 rows=1872)
    -> Filter: (sbtest6.id between 9877755 and 9878754)  (cost=378 rows=1872)
        -> Index range scan on sbtest6 using PRIMARY over (9877755 <= id <= 9878754)  (cost=378 rows=1872)


table 7 : explain SELECT c FROM sbtest7 WHERE id BETWEEN 4787222 AND 4788221 ORDER BY c
	-> Sort: sbtest7.c  (cost=371 rows=1838)
    -> Filter: (sbtest7.id between 4787222 and 4788221)  (cost=371 rows=1838)
        -> Index range scan on sbtest7 using PRIMARY over (4787222 <= id <= 4788221)  (cost=371 rows=1838)


table 8 : explain SELECT c FROM sbtest8 WHERE id BETWEEN 5348417 AND 5349416 ORDER BY c
	-> Sort: sbtest8.c  (cost=371 rows=1838)
    -> Filter: (sbtest8.id between 5348417 and 5349416)  (cost=371 rows=1838)
        -> Index range scan on sbtest8 using PRIMARY over (5348417 <= id <= 5349416)  (cost=371 rows=1838)


for: order_ranges
table 1 : explain SELECT c FROM sbtest1 WHERE id BETWEEN 4284967 AND 4285966 ORDER BY c
	-> Sort: sbtest1.c  (cost=371 rows=1838)
    -> Filter: (sbtest1.id between 4284967 and 4285966)  (cost=371 rows=1838)
        -> Index range scan on sbtest1 using PRIMARY over (4284967 <= id <= 4285966)  (cost=371 rows=1838)


table 2 : explain SELECT c FROM sbtest2 WHERE id BETWEEN 4152121 AND 4153120 ORDER BY c
	-> Sort: sbtest2.c  (cost=371 rows=1838)
    -> Filter: (sbtest2.id between 4152121 and 4153120)  (cost=371 rows=1838)
        -> Index range scan on sbtest2 using PRIMARY over (4152121 <= id <= 4153120)  (cost=371 rows=1838)


table 3 : explain SELECT c FROM sbtest3 WHERE id BETWEEN 8764612 AND 8765611 ORDER BY c
	-> Sort: sbtest3.c  (cost=371 rows=1838)
    -> Filter: (sbtest3.id between 8764612 and 8765611)  (cost=371 rows=1838)
        -> Index range scan on sbtest3 using PRIMARY over (8764612 <= id <= 8765611)  (cost=371 rows=1838)


table 4 : explain SELECT c FROM sbtest4 WHERE id BETWEEN 5416274 AND 5417273 ORDER BY c
	-> Sort: sbtest4.c  (cost=378 rows=1872)
    -> Filter: (sbtest4.id between 5416274 and 5417273)  (cost=378 rows=1872)
        -> Index range scan on sbtest4 using PRIMARY over (5416274 <= id <= 5417273)  (cost=378 rows=1872)


table 5 : explain SELECT c FROM sbtest5 WHERE id BETWEEN 2019587 AND 2020586 ORDER BY c
	-> Sort: sbtest5.c  (cost=378 rows=1872)
    -> Filter: (sbtest5.id between 2019587 and 2020586)  (cost=378 rows=1872)
        -> Index range scan on sbtest5 using PRIMARY over (2019587 <= id <= 2020586)  (cost=378 rows=1872)


table 6 : explain SELECT c FROM sbtest6 WHERE id BETWEEN 959615 AND 960614 ORDER BY c
	-> Sort: sbtest6.c  (cost=371 rows=1838)
    -> Filter: (sbtest6.id between 959615 and 960614)  (cost=371 rows=1838)
        -> Index range scan on sbtest6 using PRIMARY over (959615 <= id <= 960614)  (cost=371 rows=1838)


table 7 : explain SELECT c FROM sbtest7 WHERE id BETWEEN 1176568 AND 1177567 ORDER BY c
	-> Sort: sbtest7.c  (cost=371 rows=1838)
    -> Filter: (sbtest7.id between 1176568 and 1177567)  (cost=371 rows=1838)
        -> Index range scan on sbtest7 using PRIMARY over (1176568 <= id <= 1177567)  (cost=371 rows=1838)


table 8 : explain SELECT c FROM sbtest8 WHERE id BETWEEN 8936514 AND 8937513 ORDER BY c
	-> Sort: sbtest8.c  (cost=371 rows=1838)
    -> Filter: (sbtest8.id between 8936514 and 8937513)  (cost=371 rows=1838)
        -> Index range scan on sbtest8 using PRIMARY over (8936514 <= id <= 8937513)  (cost=371 rows=1838)


for: order_ranges
table 1 : explain SELECT c FROM sbtest1 WHERE id BETWEEN 7889168 AND 7890167 ORDER BY c
	-> Sort: sbtest1.c  (cost=378 rows=1872)
    -> Filter: (sbtest1.id between 7889168 and 7890167)  (cost=378 rows=1872)
        -> Index range scan on sbtest1 using PRIMARY over (7889168 <= id <= 7890167)  (cost=378 rows=1872)


table 2 : explain SELECT c FROM sbtest2 WHERE id BETWEEN 4673973 AND 4674972 ORDER BY c
	-> Sort: sbtest2.c  (cost=371 rows=1838)
    -> Filter: (sbtest2.id between 4673973 and 4674972)  (cost=371 rows=1838)
        -> Index range scan on sbtest2 using PRIMARY over (4673973 <= id <= 4674972)  (cost=371 rows=1838)


table 3 : explain SELECT c FROM sbtest3 WHERE id BETWEEN 6323604 AND 6324603 ORDER BY c
	-> Sort: sbtest3.c  (cost=378 rows=1872)
    -> Filter: (sbtest3.id between 6323604 and 6324603)  (cost=378 rows=1872)
        -> Index range scan on sbtest3 using PRIMARY over (6323604 <= id <= 6324603)  (cost=378 rows=1872)


table 4 : explain SELECT c FROM sbtest4 WHERE id BETWEEN 4536463 AND 4537462 ORDER BY c
	-> Sort: sbtest4.c  (cost=371 rows=1838)
    -> Filter: (sbtest4.id between 4536463 and 4537462)  (cost=371 rows=1838)
        -> Index range scan on sbtest4 using PRIMARY over (4536463 <= id <= 4537462)  (cost=371 rows=1838)


table 5 : explain SELECT c FROM sbtest5 WHERE id BETWEEN 6012468 AND 6013467 ORDER BY c
	-> Sort: sbtest5.c  (cost=378 rows=1872)
    -> Filter: (sbtest5.id between 6012468 and 6013467)  (cost=378 rows=1872)
        -> Index range scan on sbtest5 using PRIMARY over (6012468 <= id <= 6013467)  (cost=378 rows=1872)


table 6 : explain SELECT c FROM sbtest6 WHERE id BETWEEN 6596375 AND 6597374 ORDER BY c
	-> Sort: sbtest6.c  (cost=371 rows=1838)
    -> Filter: (sbtest6.id between 6596375 and 6597374)  (cost=371 rows=1838)
        -> Index range scan on sbtest6 using PRIMARY over (6596375 <= id <= 6597374)  (cost=371 rows=1838)


table 7 : explain SELECT c FROM sbtest7 WHERE id BETWEEN 9802518 AND 9803517 ORDER BY c
	-> Sort: sbtest7.c  (cost=371 rows=1838)
    -> Filter: (sbtest7.id between 9802518 and 9803517)  (cost=371 rows=1838)
        -> Index range scan on sbtest7 using PRIMARY over (9802518 <= id <= 9803517)  (cost=371 rows=1838)


table 8 : explain SELECT c FROM sbtest8 WHERE id BETWEEN 4206587 AND 4207586 ORDER BY c
	-> Sort: sbtest8.c  (cost=371 rows=1838)
    -> Filter: (sbtest8.id between 4206587 and 4207586)  (cost=371 rows=1838)
        -> Index range scan on sbtest8 using PRIMARY over (4206587 <= id <= 4207586)  (cost=371 rows=1838)


for: order_ranges
table 1 : explain SELECT c FROM sbtest1 WHERE id BETWEEN 1791002 AND 1792001 ORDER BY c
	-> Sort: sbtest1.c  (cost=371 rows=1838)
    -> Filter: (sbtest1.id between 1791002 and 1792001)  (cost=371 rows=1838)
        -> Index range scan on sbtest1 using PRIMARY over (1791002 <= id <= 1792001)  (cost=371 rows=1838)


table 2 : explain SELECT c FROM sbtest2 WHERE id BETWEEN 3925452 AND 3926451 ORDER BY c
	-> Sort: sbtest2.c  (cost=371 rows=1838)
    -> Filter: (sbtest2.id between 3925452 and 3926451)  (cost=371 rows=1838)
        -> Index range scan on sbtest2 using PRIMARY over (3925452 <= id <= 3926451)  (cost=371 rows=1838)


table 3 : explain SELECT c FROM sbtest3 WHERE id BETWEEN 5362421 AND 5363420 ORDER BY c
	-> Sort: sbtest3.c  (cost=371 rows=1838)
    -> Filter: (sbtest3.id between 5362421 and 5363420)  (cost=371 rows=1838)
        -> Index range scan on sbtest3 using PRIMARY over (5362421 <= id <= 5363420)  (cost=371 rows=1838)


table 4 : explain SELECT c FROM sbtest4 WHERE id BETWEEN 8090724 AND 8091723 ORDER BY c
	-> Sort: sbtest4.c  (cost=371 rows=1838)
    -> Filter: (sbtest4.id between 8090724 and 8091723)  (cost=371 rows=1838)
        -> Index range scan on sbtest4 using PRIMARY over (8090724 <= id <= 8091723)  (cost=371 rows=1838)


table 5 : explain SELECT c FROM sbtest5 WHERE id BETWEEN 156827 AND 157826 ORDER BY c
	-> Sort: sbtest5.c  (cost=371 rows=1838)
    -> Filter: (sbtest5.id between 156827 and 157826)  (cost=371 rows=1838)
        -> Index range scan on sbtest5 using PRIMARY over (156827 <= id <= 157826)  (cost=371 rows=1838)


table 6 : explain SELECT c FROM sbtest6 WHERE id BETWEEN 7172916 AND 7173915 ORDER BY c
	-> Sort: sbtest6.c  (cost=371 rows=1838)
    -> Filter: (sbtest6.id between 7172916 and 7173915)  (cost=371 rows=1838)
        -> Index range scan on sbtest6 using PRIMARY over (7172916 <= id <= 7173915)  (cost=371 rows=1838)


table 7 : explain SELECT c FROM sbtest7 WHERE id BETWEEN 6543772 AND 6544771 ORDER BY c
	-> Sort: sbtest7.c  (cost=378 rows=1872)
    -> Filter: (sbtest7.id between 6543772 and 6544771)  (cost=378 rows=1872)
        -> Index range scan on sbtest7 using PRIMARY over (6543772 <= id <= 6544771)  (cost=378 rows=1872)


table 8 : explain SELECT c FROM sbtest8 WHERE id BETWEEN 9282015 AND 9283014 ORDER BY c
	-> Sort: sbtest8.c  (cost=371 rows=1838)
    -> Filter: (sbtest8.id between 9282015 and 9283014)  (cost=371 rows=1838)
        -> Index range scan on sbtest8 using PRIMARY over (9282015 <= id <= 9283014)  (cost=371 rows=1838)


for: order_ranges
table 1 : explain SELECT c FROM sbtest1 WHERE id BETWEEN 8197481 AND 8198480 ORDER BY c
	-> Sort: sbtest1.c  (cost=371 rows=1838)
    -> Filter: (sbtest1.id between 8197481 and 8198480)  (cost=371 rows=1838)
        -> Index range scan on sbtest1 using PRIMARY over (8197481 <= id <= 8198480)  (cost=371 rows=1838)


table 2 : explain SELECT c FROM sbtest2 WHERE id BETWEEN 7736511 AND 7737510 ORDER BY c
	-> Sort: sbtest2.c  (cost=378 rows=1872)
    -> Filter: (sbtest2.id between 7736511 and 7737510)  (cost=378 rows=1872)
        -> Index range scan on sbtest2 using PRIMARY over (7736511 <= id <= 7737510)  (cost=378 rows=1872)


table 3 : explain SELECT c FROM sbtest3 WHERE id BETWEEN 2411132 AND 2412131 ORDER BY c
	-> Sort: sbtest3.c  (cost=371 rows=1838)
    -> Filter: (sbtest3.id between 2411132 and 2412131)  (cost=371 rows=1838)
        -> Index range scan on sbtest3 using PRIMARY over (2411132 <= id <= 2412131)  (cost=371 rows=1838)


table 4 : explain SELECT c FROM sbtest4 WHERE id BETWEEN 3870250 AND 3871249 ORDER BY c
	-> Sort: sbtest4.c  (cost=371 rows=1838)
    -> Filter: (sbtest4.id between 3870250 and 3871249)  (cost=371 rows=1838)
        -> Index range scan on sbtest4 using PRIMARY over (3870250 <= id <= 3871249)  (cost=371 rows=1838)


table 5 : explain SELECT c FROM sbtest5 WHERE id BETWEEN 962730 AND 963729 ORDER BY c
	-> Sort: sbtest5.c  (cost=371 rows=1838)
    -> Filter: (sbtest5.id between 962730 and 963729)  (cost=371 rows=1838)
        -> Index range scan on sbtest5 using PRIMARY over (962730 <= id <= 963729)  (cost=371 rows=1838)


table 6 : explain SELECT c FROM sbtest6 WHERE id BETWEEN 6878935 AND 6879934 ORDER BY c
	-> Sort: sbtest6.c  (cost=371 rows=1838)
    -> Filter: (sbtest6.id between 6878935 and 6879934)  (cost=371 rows=1838)
        -> Index range scan on sbtest6 using PRIMARY over (6878935 <= id <= 6879934)  (cost=371 rows=1838)


table 7 : explain SELECT c FROM sbtest7 WHERE id BETWEEN 6859759 AND 6860758 ORDER BY c
	-> Sort: sbtest7.c  (cost=371 rows=1838)
    -> Filter: (sbtest7.id between 6859759 and 6860758)  (cost=371 rows=1838)
        -> Index range scan on sbtest7 using PRIMARY over (6859759 <= id <= 6860758)  (cost=371 rows=1838)


table 8 : explain SELECT c FROM sbtest8 WHERE id BETWEEN 3203166 AND 3204165 ORDER BY c
	-> Sort: sbtest8.c  (cost=371 rows=1838)
    -> Filter: (sbtest8.id between 3203166 and 3204165)  (cost=371 rows=1838)
        -> Index range scan on sbtest8 using PRIMARY over (3203166 <= id <= 3204165)  (cost=371 rows=1838)


for: order_ranges
table 1 : explain SELECT c FROM sbtest1 WHERE id BETWEEN 8477976 AND 8478975 ORDER BY c
	-> Sort: sbtest1.c  (cost=378 rows=1872)
    -> Filter: (sbtest1.id between 8477976 and 8478975)  (cost=378 rows=1872)
        -> Index range scan on sbtest1 using PRIMARY over (8477976 <= id <= 8478975)  (cost=378 rows=1872)


table 2 : explain SELECT c FROM sbtest2 WHERE id BETWEEN 7574714 AND 7575713 ORDER BY c
	-> Sort: sbtest2.c  (cost=371 rows=1838)
    -> Filter: (sbtest2.id between 7574714 and 7575713)  (cost=371 rows=1838)
        -> Index range scan on sbtest2 using PRIMARY over (7574714 <= id <= 7575713)  (cost=371 rows=1838)


table 3 : explain SELECT c FROM sbtest3 WHERE id BETWEEN 752423 AND 753422 ORDER BY c
	-> Sort: sbtest3.c  (cost=371 rows=1838)
    -> Filter: (sbtest3.id between 752423 and 753422)  (cost=371 rows=1838)
        -> Index range scan on sbtest3 using PRIMARY over (752423 <= id <= 753422)  (cost=371 rows=1838)


table 4 : explain SELECT c FROM sbtest4 WHERE id BETWEEN 1436340 AND 1437339 ORDER BY c
	-> Sort: sbtest4.c  (cost=371 rows=1838)
    -> Filter: (sbtest4.id between 1436340 and 1437339)  (cost=371 rows=1838)
        -> Index range scan on sbtest4 using PRIMARY over (1436340 <= id <= 1437339)  (cost=371 rows=1838)


table 5 : explain SELECT c FROM sbtest5 WHERE id BETWEEN 1364497 AND 1365496 ORDER BY c
	-> Sort: sbtest5.c  (cost=378 rows=1872)
    -> Filter: (sbtest5.id between 1364497 and 1365496)  (cost=378 rows=1872)
        -> Index range scan on sbtest5 using PRIMARY over (1364497 <= id <= 1365496)  (cost=378 rows=1872)


table 6 : explain SELECT c FROM sbtest6 WHERE id BETWEEN 3213292 AND 3214291 ORDER BY c
	-> Sort: sbtest6.c  (cost=378 rows=1872)
    -> Filter: (sbtest6.id between 3213292 and 3214291)  (cost=378 rows=1872)
        -> Index range scan on sbtest6 using PRIMARY over (3213292 <= id <= 3214291)  (cost=378 rows=1872)


table 7 : explain SELECT c FROM sbtest7 WHERE id BETWEEN 8808676 AND 8809675 ORDER BY c
	-> Sort: sbtest7.c  (cost=378 rows=1872)
    -> Filter: (sbtest7.id between 8808676 and 8809675)  (cost=378 rows=1872)
        -> Index range scan on sbtest7 using PRIMARY over (8808676 <= id <= 8809675)  (cost=378 rows=1872)


table 8 : explain SELECT c FROM sbtest8 WHERE id BETWEEN 4853817 AND 4854816 ORDER BY c
	-> Sort: sbtest8.c  (cost=378 rows=1872)
    -> Filter: (sbtest8.id between 4853817 and 4854816)  (cost=378 rows=1872)
        -> Index range scan on sbtest8 using PRIMARY over (4853817 <= id <= 4854816)  (cost=378 rows=1872)


for: distinct_ranges
table 1 : explain SELECT DISTINCT c FROM sbtest1 WHERE id BETWEEN 9810052 AND 9811051 ORDER BY c
	-> Sort: sbtest1.c
    -> Table scan on <temporary>  (cost=794..820 rows=1838)
        -> Temporary table with deduplication  (cost=794..794 rows=1838)
            -> Filter: (sbtest1.id between 9810052 and 9811051)  (cost=371 rows=1838)
                -> Index range scan on sbtest1 using PRIMARY over (9810052 <= id <= 9811051)  (cost=371 rows=1838)


table 2 : explain SELECT DISTINCT c FROM sbtest2 WHERE id BETWEEN 416906 AND 417905 ORDER BY c
	-> Sort: sbtest2.c
    -> Table scan on <temporary>  (cost=794..820 rows=1838)
        -> Temporary table with deduplication  (cost=794..794 rows=1838)
            -> Filter: (sbtest2.id between 416906 and 417905)  (cost=371 rows=1838)
                -> Index range scan on sbtest2 using PRIMARY over (416906 <= id <= 417905)  (cost=371 rows=1838)


table 3 : explain SELECT DISTINCT c FROM sbtest3 WHERE id BETWEEN 3999191 AND 4000190 ORDER BY c
	-> Sort: sbtest3.c
    -> Table scan on <temporary>  (cost=794..820 rows=1838)
        -> Temporary table with deduplication  (cost=794..794 rows=1838)
            -> Filter: (sbtest3.id between 3999191 and 4000190)  (cost=371 rows=1838)
                -> Index range scan on sbtest3 using PRIMARY over (3999191 <= id <= 4000190)  (cost=371 rows=1838)


table 4 : explain SELECT DISTINCT c FROM sbtest4 WHERE id BETWEEN 8798240 AND 8799239 ORDER BY c
	-> Sort: sbtest4.c
    -> Table scan on <temporary>  (cost=794..820 rows=1838)
        -> Temporary table with deduplication  (cost=794..794 rows=1838)
            -> Filter: (sbtest4.id between 8798240 and 8799239)  (cost=371 rows=1838)
                -> Index range scan on sbtest4 using PRIMARY over (8798240 <= id <= 8799239)  (cost=371 rows=1838)


table 5 : explain SELECT DISTINCT c FROM sbtest5 WHERE id BETWEEN 2716676 AND 2717675 ORDER BY c
	-> Sort: sbtest5.c
    -> Table scan on <temporary>  (cost=809..835 rows=1872)
        -> Temporary table with deduplication  (cost=809..809 rows=1872)
            -> Filter: (sbtest5.id between 2716676 and 2717675)  (cost=378 rows=1872)
                -> Index range scan on sbtest5 using PRIMARY over (2716676 <= id <= 2717675)  (cost=378 rows=1872)


table 6 : explain SELECT DISTINCT c FROM sbtest6 WHERE id BETWEEN 7235167 AND 7236166 ORDER BY c
	-> Sort: sbtest6.c
    -> Table scan on <temporary>  (cost=794..820 rows=1838)
        -> Temporary table with deduplication  (cost=794..794 rows=1838)
            -> Filter: (sbtest6.id between 7235167 and 7236166)  (cost=371 rows=1838)
                -> Index range scan on sbtest6 using PRIMARY over (7235167 <= id <= 7236166)  (cost=371 rows=1838)


table 7 : explain SELECT DISTINCT c FROM sbtest7 WHERE id BETWEEN 7583634 AND 7584633 ORDER BY c
	-> Sort: sbtest7.c
    -> Table scan on <temporary>  (cost=794..820 rows=1838)
        -> Temporary table with deduplication  (cost=794..794 rows=1838)
            -> Filter: (sbtest7.id between 7583634 and 7584633)  (cost=371 rows=1838)
                -> Index range scan on sbtest7 using PRIMARY over (7583634 <= id <= 7584633)  (cost=371 rows=1838)


table 8 : explain SELECT DISTINCT c FROM sbtest8 WHERE id BETWEEN 2352739 AND 2353738 ORDER BY c
	-> Sort: sbtest8.c
    -> Table scan on <temporary>  (cost=794..820 rows=1838)
        -> Temporary table with deduplication  (cost=794..794 rows=1838)
            -> Filter: (sbtest8.id between 2352739 and 2353738)  (cost=371 rows=1838)
                -> Index range scan on sbtest8 using PRIMARY over (2352739 <= id <= 2353738)  (cost=371 rows=1838)


for: distinct_ranges
table 1 : explain SELECT DISTINCT c FROM sbtest1 WHERE id BETWEEN 8944034 AND 8945033 ORDER BY c
	-> Sort: sbtest1.c
    -> Table scan on <temporary>  (cost=794..820 rows=1838)
        -> Temporary table with deduplication  (cost=794..794 rows=1838)
            -> Filter: (sbtest1.id between 8944034 and 8945033)  (cost=371 rows=1838)
                -> Index range scan on sbtest1 using PRIMARY over (8944034 <= id <= 8945033)  (cost=371 rows=1838)


table 2 : explain SELECT DISTINCT c FROM sbtest2 WHERE id BETWEEN 2312194 AND 2313193 ORDER BY c
	-> Sort: sbtest2.c
    -> Table scan on <temporary>  (cost=794..820 rows=1838)
        -> Temporary table with deduplication  (cost=794..794 rows=1838)
            -> Filter: (sbtest2.id between 2312194 and 2313193)  (cost=371 rows=1838)
                -> Index range scan on sbtest2 using PRIMARY over (2312194 <= id <= 2313193)  (cost=371 rows=1838)


table 3 : explain SELECT DISTINCT c FROM sbtest3 WHERE id BETWEEN 6249028 AND 6250027 ORDER BY c
	-> Sort: sbtest3.c
    -> Table scan on <temporary>  (cost=794..820 rows=1838)
        -> Temporary table with deduplication  (cost=794..794 rows=1838)
            -> Filter: (sbtest3.id between 6249028 and 6250027)  (cost=371 rows=1838)
                -> Index range scan on sbtest3 using PRIMARY over (6249028 <= id <= 6250027)  (cost=371 rows=1838)


table 4 : explain SELECT DISTINCT c FROM sbtest4 WHERE id BETWEEN 7218211 AND 7219210 ORDER BY c
	-> Sort: sbtest4.c
    -> Table scan on <temporary>  (cost=809..835 rows=1872)
        -> Temporary table with deduplication  (cost=809..809 rows=1872)
            -> Filter: (sbtest4.id between 7218211 and 7219210)  (cost=378 rows=1872)
                -> Index range scan on sbtest4 using PRIMARY over (7218211 <= id <= 7219210)  (cost=378 rows=1872)


table 5 : explain SELECT DISTINCT c FROM sbtest5 WHERE id BETWEEN 4325620 AND 4326619 ORDER BY c
	-> Sort: sbtest5.c
    -> Table scan on <temporary>  (cost=794..820 rows=1838)
        -> Temporary table with deduplication  (cost=794..794 rows=1838)
            -> Filter: (sbtest5.id between 4325620 and 4326619)  (cost=371 rows=1838)
                -> Index range scan on sbtest5 using PRIMARY over (4325620 <= id <= 4326619)  (cost=371 rows=1838)


table 6 : explain SELECT DISTINCT c FROM sbtest6 WHERE id BETWEEN 4746543 AND 4747542 ORDER BY c
	-> Sort: sbtest6.c
    -> Table scan on <temporary>  (cost=794..820 rows=1838)
        -> Temporary table with deduplication  (cost=794..794 rows=1838)
            -> Filter: (sbtest6.id between 4746543 and 4747542)  (cost=371 rows=1838)
                -> Index range scan on sbtest6 using PRIMARY over (4746543 <= id <= 4747542)  (cost=371 rows=1838)


table 7 : explain SELECT DISTINCT c FROM sbtest7 WHERE id BETWEEN 6272527 AND 6273526 ORDER BY c
	-> Sort: sbtest7.c
    -> Table scan on <temporary>  (cost=794..820 rows=1838)
        -> Temporary table with deduplication  (cost=794..794 rows=1838)
            -> Filter: (sbtest7.id between 6272527 and 6273526)  (cost=371 rows=1838)
                -> Index range scan on sbtest7 using PRIMARY over (6272527 <= id <= 6273526)  (cost=371 rows=1838)


table 8 : explain SELECT DISTINCT c FROM sbtest8 WHERE id BETWEEN 8411569 AND 8412568 ORDER BY c
	-> Sort: sbtest8.c
    -> Table scan on <temporary>  (cost=794..820 rows=1838)
        -> Temporary table with deduplication  (cost=794..794 rows=1838)
            -> Filter: (sbtest8.id between 8411569 and 8412568)  (cost=371 rows=1838)
                -> Index range scan on sbtest8 using PRIMARY over (8411569 <= id <= 8412568)  (cost=371 rows=1838)


for: order_ranges
table 1 : explain SELECT c FROM sbtest1 WHERE id BETWEEN 5799991 AND 5800990 ORDER BY c
	-> Sort: sbtest1.c  (cost=371 rows=1838)
    -> Filter: (sbtest1.id between 5799991 and 5800990)  (cost=371 rows=1838)
        -> Index range scan on sbtest1 using PRIMARY over (5799991 <= id <= 5800990)  (cost=371 rows=1838)


table 2 : explain SELECT c FROM sbtest2 WHERE id BETWEEN 2381072 AND 2382071 ORDER BY c
	-> Sort: sbtest2.c  (cost=371 rows=1838)
    -> Filter: (sbtest2.id between 2381072 and 2382071)  (cost=371 rows=1838)
        -> Index range scan on sbtest2 using PRIMARY over (2381072 <= id <= 2382071)  (cost=371 rows=1838)


table 3 : explain SELECT c FROM sbtest3 WHERE id BETWEEN 750605 AND 751604 ORDER BY c
	-> Sort: sbtest3.c  (cost=371 rows=1838)
    -> Filter: (sbtest3.id between 750605 and 751604)  (cost=371 rows=1838)
        -> Index range scan on sbtest3 using PRIMARY over (750605 <= id <= 751604)  (cost=371 rows=1838)


table 4 : explain SELECT c FROM sbtest4 WHERE id BETWEEN 3605014 AND 3606013 ORDER BY c
	-> Sort: sbtest4.c  (cost=378 rows=1872)
    -> Filter: (sbtest4.id between 3605014 and 3606013)  (cost=378 rows=1872)
        -> Index range scan on sbtest4 using PRIMARY over (3605014 <= id <= 3606013)  (cost=378 rows=1872)


table 5 : explain SELECT c FROM sbtest5 WHERE id BETWEEN 5863826 AND 5864825 ORDER BY c
	-> Sort: sbtest5.c  (cost=371 rows=1838)
    -> Filter: (sbtest5.id between 5863826 and 5864825)  (cost=371 rows=1838)
        -> Index range scan on sbtest5 using PRIMARY over (5863826 <= id <= 5864825)  (cost=371 rows=1838)


table 6 : explain SELECT c FROM sbtest6 WHERE id BETWEEN 1540241 AND 1541240 ORDER BY c
	-> Sort: sbtest6.c  (cost=371 rows=1838)
    -> Filter: (sbtest6.id between 1540241 and 1541240)  (cost=371 rows=1838)
        -> Index range scan on sbtest6 using PRIMARY over (1540241 <= id <= 1541240)  (cost=371 rows=1838)


table 7 : explain SELECT c FROM sbtest7 WHERE id BETWEEN 769567 AND 770566 ORDER BY c
	-> Sort: sbtest7.c  (cost=371 rows=1838)
    -> Filter: (sbtest7.id between 769567 and 770566)  (cost=371 rows=1838)
        -> Index range scan on sbtest7 using PRIMARY over (769567 <= id <= 770566)  (cost=371 rows=1838)


table 8 : explain SELECT c FROM sbtest8 WHERE id BETWEEN 788044 AND 789043 ORDER BY c
	-> Sort: sbtest8.c  (cost=371 rows=1838)
    -> Filter: (sbtest8.id between 788044 and 789043)  (cost=371 rows=1838)
        -> Index range scan on sbtest8 using PRIMARY over (788044 <= id <= 789043)  (cost=371 rows=1838)


for: order_ranges
table 1 : explain SELECT c FROM sbtest1 WHERE id BETWEEN 4451086 AND 4452085 ORDER BY c
	-> Sort: sbtest1.c  (cost=378 rows=1872)
    -> Filter: (sbtest1.id between 4451086 and 4452085)  (cost=378 rows=1872)
        -> Index range scan on sbtest1 using PRIMARY over (4451086 <= id <= 4452085)  (cost=378 rows=1872)


table 2 : explain SELECT c FROM sbtest2 WHERE id BETWEEN 2055104 AND 2056103 ORDER BY c
	-> Sort: sbtest2.c  (cost=371 rows=1838)
    -> Filter: (sbtest2.id between 2055104 and 2056103)  (cost=371 rows=1838)
        -> Index range scan on sbtest2 using PRIMARY over (2055104 <= id <= 2056103)  (cost=371 rows=1838)


table 3 : explain SELECT c FROM sbtest3 WHERE id BETWEEN 6104126 AND 6105125 ORDER BY c
	-> Sort: sbtest3.c  (cost=371 rows=1838)
    -> Filter: (sbtest3.id between 6104126 and 6105125)  (cost=371 rows=1838)
        -> Index range scan on sbtest3 using PRIMARY over (6104126 <= id <= 6105125)  (cost=371 rows=1838)


table 4 : explain SELECT c FROM sbtest4 WHERE id BETWEEN 405120 AND 406119 ORDER BY c
	-> Sort: sbtest4.c  (cost=378 rows=1872)
    -> Filter: (sbtest4.id between 405120 and 406119)  (cost=378 rows=1872)
        -> Index range scan on sbtest4 using PRIMARY over (405120 <= id <= 406119)  (cost=378 rows=1872)


table 5 : explain SELECT c FROM sbtest5 WHERE id BETWEEN 6302734 AND 6303733 ORDER BY c
	-> Sort: sbtest5.c  (cost=371 rows=1838)
    -> Filter: (sbtest5.id between 6302734 and 6303733)  (cost=371 rows=1838)
        -> Index range scan on sbtest5 using PRIMARY over (6302734 <= id <= 6303733)  (cost=371 rows=1838)


table 6 : explain SELECT c FROM sbtest6 WHERE id BETWEEN 3214997 AND 3215996 ORDER BY c
	-> Sort: sbtest6.c  (cost=371 rows=1838)
    -> Filter: (sbtest6.id between 3214997 and 3215996)  (cost=371 rows=1838)
        -> Index range scan on sbtest6 using PRIMARY over (3214997 <= id <= 3215996)  (cost=371 rows=1838)


table 7 : explain SELECT c FROM sbtest7 WHERE id BETWEEN 6052070 AND 6053069 ORDER BY c
	-> Sort: sbtest7.c  (cost=371 rows=1838)
    -> Filter: (sbtest7.id between 6052070 and 6053069)  (cost=371 rows=1838)
        -> Index range scan on sbtest7 using PRIMARY over (6052070 <= id <= 6053069)  (cost=371 rows=1838)


table 8 : explain SELECT c FROM sbtest8 WHERE id BETWEEN 6802610 AND 6803609 ORDER BY c
	-> Sort: sbtest8.c  (cost=371 rows=1838)
    -> Filter: (sbtest8.id between 6802610 and 6803609)  (cost=371 rows=1838)
        -> Index range scan on sbtest8 using PRIMARY over (6802610 <= id <= 6803609)  (cost=371 rows=1838)


for: order_ranges
table 1 : explain SELECT c FROM sbtest1 WHERE id BETWEEN 6127823 AND 6128822 ORDER BY c
	-> Sort: sbtest1.c  (cost=378 rows=1872)
    -> Filter: (sbtest1.id between 6127823 and 6128822)  (cost=378 rows=1872)
        -> Index range scan on sbtest1 using PRIMARY over (6127823 <= id <= 6128822)  (cost=378 rows=1872)


table 2 : explain SELECT c FROM sbtest2 WHERE id BETWEEN 3239038 AND 3240037 ORDER BY c
	-> Sort: sbtest2.c  (cost=371 rows=1838)
    -> Filter: (sbtest2.id between 3239038 and 3240037)  (cost=371 rows=1838)
        -> Index range scan on sbtest2 using PRIMARY over (3239038 <= id <= 3240037)  (cost=371 rows=1838)


table 3 : explain SELECT c FROM sbtest3 WHERE id BETWEEN 3718690 AND 3719689 ORDER BY c
	-> Sort: sbtest3.c  (cost=371 rows=1838)
    -> Filter: (sbtest3.id between 3718690 and 3719689)  (cost=371 rows=1838)
        -> Index range scan on sbtest3 using PRIMARY over (3718690 <= id <= 3719689)  (cost=371 rows=1838)


table 4 : explain SELECT c FROM sbtest4 WHERE id BETWEEN 9200431 AND 9201430 ORDER BY c
	-> Sort: sbtest4.c  (cost=371 rows=1838)
    -> Filter: (sbtest4.id between 9200431 and 9201430)  (cost=371 rows=1838)
        -> Index range scan on sbtest4 using PRIMARY over (9200431 <= id <= 9201430)  (cost=371 rows=1838)


table 5 : explain SELECT c FROM sbtest5 WHERE id BETWEEN 8301512 AND 8302511 ORDER BY c
	-> Sort: sbtest5.c  (cost=371 rows=1838)
    -> Filter: (sbtest5.id between 8301512 and 8302511)  (cost=371 rows=1838)
        -> Index range scan on sbtest5 using PRIMARY over (8301512 <= id <= 8302511)  (cost=371 rows=1838)


table 6 : explain SELECT c FROM sbtest6 WHERE id BETWEEN 6570021 AND 6571020 ORDER BY c
	-> Sort: sbtest6.c  (cost=371 rows=1838)
    -> Filter: (sbtest6.id between 6570021 and 6571020)  (cost=371 rows=1838)
        -> Index range scan on sbtest6 using PRIMARY over (6570021 <= id <= 6571020)  (cost=371 rows=1838)


table 7 : explain SELECT c FROM sbtest7 WHERE id BETWEEN 9794642 AND 9795641 ORDER BY c
	-> Sort: sbtest7.c  (cost=371 rows=1838)
    -> Filter: (sbtest7.id between 9794642 and 9795641)  (cost=371 rows=1838)
        -> Index range scan on sbtest7 using PRIMARY over (9794642 <= id <= 9795641)  (cost=371 rows=1838)


table 8 : explain SELECT c FROM sbtest8 WHERE id BETWEEN 3245304 AND 3246303 ORDER BY c
	-> Sort: sbtest8.c  (cost=371 rows=1838)
    -> Filter: (sbtest8.id between 3245304 and 3246303)  (cost=371 rows=1838)
        -> Index range scan on sbtest8 using PRIMARY over (3245304 <= id <= 3246303)  (cost=371 rows=1838)


for: order_ranges
table 1 : explain SELECT c FROM sbtest1 WHERE id BETWEEN 8425136 AND 8426135 ORDER BY c
	-> Sort: sbtest1.c  (cost=371 rows=1838)
    -> Filter: (sbtest1.id between 8425136 and 8426135)  (cost=371 rows=1838)
        -> Index range scan on sbtest1 using PRIMARY over (8425136 <= id <= 8426135)  (cost=371 rows=1838)


table 2 : explain SELECT c FROM sbtest2 WHERE id BETWEEN 7806715 AND 7807714 ORDER BY c
	-> Sort: sbtest2.c  (cost=371 rows=1838)
    -> Filter: (sbtest2.id between 7806715 and 7807714)  (cost=371 rows=1838)
        -> Index range scan on sbtest2 using PRIMARY over (7806715 <= id <= 7807714)  (cost=371 rows=1838)


table 3 : explain SELECT c FROM sbtest3 WHERE id BETWEEN 3880067 AND 3881066 ORDER BY c
	-> Sort: sbtest3.c  (cost=378 rows=1872)
    -> Filter: (sbtest3.id between 3880067 and 3881066)  (cost=378 rows=1872)
        -> Index range scan on sbtest3 using PRIMARY over (3880067 <= id <= 3881066)  (cost=378 rows=1872)


table 4 : explain SELECT c FROM sbtest4 WHERE id BETWEEN 2719930 AND 2720929 ORDER BY c
	-> Sort: sbtest4.c  (cost=371 rows=1838)
    -> Filter: (sbtest4.id between 2719930 and 2720929)  (cost=371 rows=1838)
        -> Index range scan on sbtest4 using PRIMARY over (2719930 <= id <= 2720929)  (cost=371 rows=1838)


table 5 : explain SELECT c FROM sbtest5 WHERE id BETWEEN 3316125 AND 3317124 ORDER BY c
	-> Sort: sbtest5.c  (cost=371 rows=1838)
    -> Filter: (sbtest5.id between 3316125 and 3317124)  (cost=371 rows=1838)
        -> Index range scan on sbtest5 using PRIMARY over (3316125 <= id <= 3317124)  (cost=371 rows=1838)


table 6 : explain SELECT c FROM sbtest6 WHERE id BETWEEN 2387214 AND 2388213 ORDER BY c
	-> Sort: sbtest6.c  (cost=378 rows=1872)
    -> Filter: (sbtest6.id between 2387214 and 2388213)  (cost=378 rows=1872)
        -> Index range scan on sbtest6 using PRIMARY over (2387214 <= id <= 2388213)  (cost=378 rows=1872)


table 7 : explain SELECT c FROM sbtest7 WHERE id BETWEEN 6330021 AND 6331020 ORDER BY c
	-> Sort: sbtest7.c  (cost=378 rows=1872)
    -> Filter: (sbtest7.id between 6330021 and 6331020)  (cost=378 rows=1872)
        -> Index range scan on sbtest7 using PRIMARY over (6330021 <= id <= 6331020)  (cost=378 rows=1872)


table 8 : explain SELECT c FROM sbtest8 WHERE id BETWEEN 5108424 AND 5109423 ORDER BY c
	-> Sort: sbtest8.c  (cost=371 rows=1838)
    -> Filter: (sbtest8.id between 5108424 and 5109423)  (cost=371 rows=1838)
        -> Index range scan on sbtest8 using PRIMARY over (5108424 <= id <= 5109423)  (cost=371 rows=1838)


for: order_ranges
table 1 : explain SELECT c FROM sbtest1 WHERE id BETWEEN 1666977 AND 1667976 ORDER BY c
	-> Sort: sbtest1.c  (cost=371 rows=1838)
    -> Filter: (sbtest1.id between 1666977 and 1667976)  (cost=371 rows=1838)
        -> Index range scan on sbtest1 using PRIMARY over (1666977 <= id <= 1667976)  (cost=371 rows=1838)


table 2 : explain SELECT c FROM sbtest2 WHERE id BETWEEN 7419564 AND 7420563 ORDER BY c
	-> Sort: sbtest2.c  (cost=371 rows=1838)
    -> Filter: (sbtest2.id between 7419564 and 7420563)  (cost=371 rows=1838)
        -> Index range scan on sbtest2 using PRIMARY over (7419564 <= id <= 7420563)  (cost=371 rows=1838)


table 3 : explain SELECT c FROM sbtest3 WHERE id BETWEEN 4378518 AND 4379517 ORDER BY c
	-> Sort: sbtest3.c  (cost=378 rows=1872)
    -> Filter: (sbtest3.id between 4378518 and 4379517)  (cost=378 rows=1872)
        -> Index range scan on sbtest3 using PRIMARY over (4378518 <= id <= 4379517)  (cost=378 rows=1872)


table 4 : explain SELECT c FROM sbtest4 WHERE id BETWEEN 3155496 AND 3156495 ORDER BY c
	-> Sort: sbtest4.c  (cost=371 rows=1838)
    -> Filter: (sbtest4.id between 3155496 and 3156495)  (cost=371 rows=1838)
        -> Index range scan on sbtest4 using PRIMARY over (3155496 <= id <= 3156495)  (cost=371 rows=1838)


table 5 : explain SELECT c FROM sbtest5 WHERE id BETWEEN 9091906 AND 9092905 ORDER BY c
	-> Sort: sbtest5.c  (cost=378 rows=1872)
    -> Filter: (sbtest5.id between 9091906 and 9092905)  (cost=378 rows=1872)
        -> Index range scan on sbtest5 using PRIMARY over (9091906 <= id <= 9092905)  (cost=378 rows=1872)


table 6 : explain SELECT c FROM sbtest6 WHERE id BETWEEN 6343664 AND 6344663 ORDER BY c
	-> Sort: sbtest6.c  (cost=371 rows=1840)
    -> Filter: (sbtest6.id between 6343664 and 6344663)  (cost=371 rows=1840)
        -> Index range scan on sbtest6 using PRIMARY over (6343664 <= id <= 6344663)  (cost=371 rows=1840)


table 7 : explain SELECT c FROM sbtest7 WHERE id BETWEEN 6190773 AND 6191772 ORDER BY c
	-> Sort: sbtest7.c  (cost=371 rows=1838)
    -> Filter: (sbtest7.id between 6190773 and 6191772)  (cost=371 rows=1838)
        -> Index range scan on sbtest7 using PRIMARY over (6190773 <= id <= 6191772)  (cost=371 rows=1838)


table 8 : explain SELECT c FROM sbtest8 WHERE id BETWEEN 4011975 AND 4012974 ORDER BY c
	-> Sort: sbtest8.c  (cost=378 rows=1872)
    -> Filter: (sbtest8.id between 4011975 and 4012974)  (cost=378 rows=1872)
        -> Index range scan on sbtest8 using PRIMARY over (4011975 <= id <= 4012974)  (cost=378 rows=1872)


for: distinct_ranges
table 1 : explain SELECT DISTINCT c FROM sbtest1 WHERE id BETWEEN 4829811 AND 4830810 ORDER BY c
	-> Sort: sbtest1.c
    -> Table scan on <temporary>  (cost=809..835 rows=1872)
        -> Temporary table with deduplication  (cost=809..809 rows=1872)
            -> Filter: (sbtest1.id between 4829811 and 4830810)  (cost=378 rows=1872)
                -> Index range scan on sbtest1 using PRIMARY over (4829811 <= id <= 4830810)  (cost=378 rows=1872)


table 2 : explain SELECT DISTINCT c FROM sbtest2 WHERE id BETWEEN 7812540 AND 7813539 ORDER BY c
	-> Sort: sbtest2.c
    -> Table scan on <temporary>  (cost=794..820 rows=1838)
        -> Temporary table with deduplication  (cost=794..794 rows=1838)
            -> Filter: (sbtest2.id between 7812540 and 7813539)  (cost=371 rows=1838)
                -> Index range scan on sbtest2 using PRIMARY over (7812540 <= id <= 7813539)  (cost=371 rows=1838)


table 3 : explain SELECT DISTINCT c FROM sbtest3 WHERE id BETWEEN 8420993 AND 8421992 ORDER BY c
	-> Sort: sbtest3.c
    -> Table scan on <temporary>  (cost=794..820 rows=1838)
        -> Temporary table with deduplication  (cost=794..794 rows=1838)
            -> Filter: (sbtest3.id between 8420993 and 8421992)  (cost=371 rows=1838)
                -> Index range scan on sbtest3 using PRIMARY over (8420993 <= id <= 8421992)  (cost=371 rows=1838)


table 4 : explain SELECT DISTINCT c FROM sbtest4 WHERE id BETWEEN 5218722 AND 5219721 ORDER BY c
	-> Sort: sbtest4.c
    -> Table scan on <temporary>  (cost=794..820 rows=1838)
        -> Temporary table with deduplication  (cost=794..794 rows=1838)
            -> Filter: (sbtest4.id between 5218722 and 5219721)  (cost=371 rows=1838)
                -> Index range scan on sbtest4 using PRIMARY over (5218722 <= id <= 5219721)  (cost=371 rows=1838)


table 5 : explain SELECT DISTINCT c FROM sbtest5 WHERE id BETWEEN 4353956 AND 4354955 ORDER BY c
	-> Sort: sbtest5.c
    -> Table scan on <temporary>  (cost=794..820 rows=1838)
        -> Temporary table with deduplication  (cost=794..794 rows=1838)
            -> Filter: (sbtest5.id between 4353956 and 4354955)  (cost=371 rows=1838)
                -> Index range scan on sbtest5 using PRIMARY over (4353956 <= id <= 4354955)  (cost=371 rows=1838)


table 6 : explain SELECT DISTINCT c FROM sbtest6 WHERE id BETWEEN 4586235 AND 4587234 ORDER BY c
	-> Sort: sbtest6.c
    -> Table scan on <temporary>  (cost=794..820 rows=1838)
        -> Temporary table with deduplication  (cost=794..794 rows=1838)
            -> Filter: (sbtest6.id between 4586235 and 4587234)  (cost=371 rows=1838)
                -> Index range scan on sbtest6 using PRIMARY over (4586235 <= id <= 4587234)  (cost=371 rows=1838)


table 7 : explain SELECT DISTINCT c FROM sbtest7 WHERE id BETWEEN 53145 AND 54144 ORDER BY c
	-> Sort: sbtest7.c
    -> Table scan on <temporary>  (cost=794..820 rows=1838)
        -> Temporary table with deduplication  (cost=794..794 rows=1838)
            -> Filter: (sbtest7.id between 53145 and 54144)  (cost=371 rows=1838)
                -> Index range scan on sbtest7 using PRIMARY over (53145 <= id <= 54144)  (cost=371 rows=1838)


table 8 : explain SELECT DISTINCT c FROM sbtest8 WHERE id BETWEEN 4627836 AND 4628835 ORDER BY c
	-> Sort: sbtest8.c
    -> Table scan on <temporary>  (cost=794..820 rows=1838)
        -> Temporary table with deduplication  (cost=794..794 rows=1838)
            -> Filter: (sbtest8.id between 4627836 and 4628835)  (cost=371 rows=1838)
                -> Index range scan on sbtest8 using PRIMARY over (4627836 <= id <= 4628835)  (cost=371 rows=1838)


for: order_ranges
table 1 : explain SELECT c FROM sbtest1 WHERE id BETWEEN 3056901 AND 3057900 ORDER BY c
	-> Sort: sbtest1.c  (cost=371 rows=1838)
    -> Filter: (sbtest1.id between 3056901 and 3057900)  (cost=371 rows=1838)
        -> Index range scan on sbtest1 using PRIMARY over (3056901 <= id <= 3057900)  (cost=371 rows=1838)


table 2 : explain SELECT c FROM sbtest2 WHERE id BETWEEN 878888 AND 879887 ORDER BY c
	-> Sort: sbtest2.c  (cost=378 rows=1872)
    -> Filter: (sbtest2.id between 878888 and 879887)  (cost=378 rows=1872)
        -> Index range scan on sbtest2 using PRIMARY over (878888 <= id <= 879887)  (cost=378 rows=1872)


table 3 : explain SELECT c FROM sbtest3 WHERE id BETWEEN 9180449 AND 9181448 ORDER BY c
	-> Sort: sbtest3.c  (cost=378 rows=1872)
    -> Filter: (sbtest3.id between 9180449 and 9181448)  (cost=378 rows=1872)
        -> Index range scan on sbtest3 using PRIMARY over (9180449 <= id <= 9181448)  (cost=378 rows=1872)


table 4 : explain SELECT c FROM sbtest4 WHERE id BETWEEN 8286170 AND 8287169 ORDER BY c
	-> Sort: sbtest4.c  (cost=371 rows=1838)
    -> Filter: (sbtest4.id between 8286170 and 8287169)  (cost=371 rows=1838)
        -> Index range scan on sbtest4 using PRIMARY over (8286170 <= id <= 8287169)  (cost=371 rows=1838)


table 5 : explain SELECT c FROM sbtest5 WHERE id BETWEEN 9923650 AND 9924649 ORDER BY c
	-> Sort: sbtest5.c  (cost=371 rows=1838)
    -> Filter: (sbtest5.id between 9923650 and 9924649)  (cost=371 rows=1838)
        -> Index range scan on sbtest5 using PRIMARY over (9923650 <= id <= 9924649)  (cost=371 rows=1838)


table 6 : explain SELECT c FROM sbtest6 WHERE id BETWEEN 7368273 AND 7369272 ORDER BY c
	-> Sort: sbtest6.c  (cost=371 rows=1838)
    -> Filter: (sbtest6.id between 7368273 and 7369272)  (cost=371 rows=1838)
        -> Index range scan on sbtest6 using PRIMARY over (7368273 <= id <= 7369272)  (cost=371 rows=1838)


table 7 : explain SELECT c FROM sbtest7 WHERE id BETWEEN 6407408 AND 6408407 ORDER BY c
	-> Sort: sbtest7.c  (cost=378 rows=1872)
    -> Filter: (sbtest7.id between 6407408 and 6408407)  (cost=378 rows=1872)
        -> Index range scan on sbtest7 using PRIMARY over (6407408 <= id <= 6408407)  (cost=378 rows=1872)


table 8 : explain SELECT c FROM sbtest8 WHERE id BETWEEN 9704732 AND 9705731 ORDER BY c
	-> Sort: sbtest8.c  (cost=378 rows=1872)
    -> Filter: (sbtest8.id between 9704732 and 9705731)  (cost=378 rows=1872)
        -> Index range scan on sbtest8 using PRIMARY over (9704732 <= id <= 9705731)  (cost=378 rows=1872)


for: sum_ranges
table 1 : explain SELECT SUM(k) FROM sbtest1 WHERE id BETWEEN 766699 AND 767698
	-> Aggregate: sum(sbtest1.k)  (cost=809 rows=1)
    -> Filter: (sbtest1.id between 766699 and 767698)  (cost=378 rows=1872)
        -> Index range scan on sbtest1 using PRIMARY over (766699 <= id <= 767698)  (cost=378 rows=1872)


table 2 : explain SELECT SUM(k) FROM sbtest2 WHERE id BETWEEN 1434556 AND 1435555
	-> Aggregate: sum(sbtest2.k)  (cost=794 rows=1)
    -> Filter: (sbtest2.id between 1434556 and 1435555)  (cost=371 rows=1838)
        -> Index range scan on sbtest2 using PRIMARY over (1434556 <= id <= 1435555)  (cost=371 rows=1838)


table 3 : explain SELECT SUM(k) FROM sbtest3 WHERE id BETWEEN 445880 AND 446879
	-> Aggregate: sum(sbtest3.k)  (cost=794 rows=1)
    -> Filter: (sbtest3.id between 445880 and 446879)  (cost=371 rows=1838)
        -> Index range scan on sbtest3 using PRIMARY over (445880 <= id <= 446879)  (cost=371 rows=1838)


table 4 : explain SELECT SUM(k) FROM sbtest4 WHERE id BETWEEN 7248037 AND 7249036
	-> Aggregate: sum(sbtest4.k)  (cost=794 rows=1)
    -> Filter: (sbtest4.id between 7248037 and 7249036)  (cost=371 rows=1838)
        -> Index range scan on sbtest4 using PRIMARY over (7248037 <= id <= 7249036)  (cost=371 rows=1838)


table 5 : explain SELECT SUM(k) FROM sbtest5 WHERE id BETWEEN 5960931 AND 5961930
	-> Aggregate: sum(sbtest5.k)  (cost=809 rows=1)
    -> Filter: (sbtest5.id between 5960931 and 5961930)  (cost=378 rows=1872)
        -> Index range scan on sbtest5 using PRIMARY over (5960931 <= id <= 5961930)  (cost=378 rows=1872)


table 6 : explain SELECT SUM(k) FROM sbtest6 WHERE id BETWEEN 6858039 AND 6859038
	-> Aggregate: sum(sbtest6.k)  (cost=809 rows=1)
    -> Filter: (sbtest6.id between 6858039 and 6859038)  (cost=378 rows=1872)
        -> Index range scan on sbtest6 using PRIMARY over (6858039 <= id <= 6859038)  (cost=378 rows=1872)


table 7 : explain SELECT SUM(k) FROM sbtest7 WHERE id BETWEEN 358618 AND 359617
	-> Aggregate: sum(sbtest7.k)  (cost=809 rows=1)
    -> Filter: (sbtest7.id between 358618 and 359617)  (cost=378 rows=1872)
        -> Index range scan on sbtest7 using PRIMARY over (358618 <= id <= 359617)  (cost=378 rows=1872)


table 8 : explain SELECT SUM(k) FROM sbtest8 WHERE id BETWEEN 3403258 AND 3404257
	-> Aggregate: sum(sbtest8.k)  (cost=794 rows=1)
    -> Filter: (sbtest8.id between 3403258 and 3404257)  (cost=371 rows=1838)
        -> Index range scan on sbtest8 using PRIMARY over (3403258 <= id <= 3404257)  (cost=371 rows=1838)


for: order_ranges
table 1 : explain SELECT c FROM sbtest1 WHERE id BETWEEN 6037204 AND 6038203 ORDER BY c
	-> Sort: sbtest1.c  (cost=371 rows=1838)
    -> Filter: (sbtest1.id between 6037204 and 6038203)  (cost=371 rows=1838)
        -> Index range scan on sbtest1 using PRIMARY over (6037204 <= id <= 6038203)  (cost=371 rows=1838)


table 2 : explain SELECT c FROM sbtest2 WHERE id BETWEEN 1064875 AND 1065874 ORDER BY c
	-> Sort: sbtest2.c  (cost=371 rows=1838)
    -> Filter: (sbtest2.id between 1064875 and 1065874)  (cost=371 rows=1838)
        -> Index range scan on sbtest2 using PRIMARY over (1064875 <= id <= 1065874)  (cost=371 rows=1838)


table 3 : explain SELECT c FROM sbtest3 WHERE id BETWEEN 4718350 AND 4719349 ORDER BY c
	-> Sort: sbtest3.c  (cost=371 rows=1838)
    -> Filter: (sbtest3.id between 4718350 and 4719349)  (cost=371 rows=1838)
        -> Index range scan on sbtest3 using PRIMARY over (4718350 <= id <= 4719349)  (cost=371 rows=1838)


table 4 : explain SELECT c FROM sbtest4 WHERE id BETWEEN 6292757 AND 6293756 ORDER BY c
	-> Sort: sbtest4.c  (cost=371 rows=1838)
    -> Filter: (sbtest4.id between 6292757 and 6293756)  (cost=371 rows=1838)
        -> Index range scan on sbtest4 using PRIMARY over (6292757 <= id <= 6293756)  (cost=371 rows=1838)


table 5 : explain SELECT c FROM sbtest5 WHERE id BETWEEN 1526941 AND 1527940 ORDER BY c
	-> Sort: sbtest5.c  (cost=371 rows=1838)
    -> Filter: (sbtest5.id between 1526941 and 1527940)  (cost=371 rows=1838)
        -> Index range scan on sbtest5 using PRIMARY over (1526941 <= id <= 1527940)  (cost=371 rows=1838)


table 6 : explain SELECT c FROM sbtest6 WHERE id BETWEEN 7243004 AND 7244003 ORDER BY c
	-> Sort: sbtest6.c  (cost=371 rows=1838)
    -> Filter: (sbtest6.id between 7243004 and 7244003)  (cost=371 rows=1838)
        -> Index range scan on sbtest6 using PRIMARY over (7243004 <= id <= 7244003)  (cost=371 rows=1838)


table 7 : explain SELECT c FROM sbtest7 WHERE id BETWEEN 2298047 AND 2299046 ORDER BY c
	-> Sort: sbtest7.c  (cost=371 rows=1838)
    -> Filter: (sbtest7.id between 2298047 and 2299046)  (cost=371 rows=1838)
        -> Index range scan on sbtest7 using PRIMARY over (2298047 <= id <= 2299046)  (cost=371 rows=1838)


table 8 : explain SELECT c FROM sbtest8 WHERE id BETWEEN 4679269 AND 4680268 ORDER BY c
	-> Sort: sbtest8.c  (cost=378 rows=1872)
    -> Filter: (sbtest8.id between 4679269 and 4680268)  (cost=378 rows=1872)
        -> Index range scan on sbtest8 using PRIMARY over (4679269 <= id <= 4680268)  (cost=378 rows=1872)


for: order_ranges
table 1 : explain SELECT c FROM sbtest1 WHERE id BETWEEN 1549567 AND 1550566 ORDER BY c
	-> Sort: sbtest1.c  (cost=371 rows=1838)
    -> Filter: (sbtest1.id between 1549567 and 1550566)  (cost=371 rows=1838)
        -> Index range scan on sbtest1 using PRIMARY over (1549567 <= id <= 1550566)  (cost=371 rows=1838)


table 2 : explain SELECT c FROM sbtest2 WHERE id BETWEEN 4319621 AND 4320620 ORDER BY c
	-> Sort: sbtest2.c  (cost=371 rows=1838)
    -> Filter: (sbtest2.id between 4319621 and 4320620)  (cost=371 rows=1838)
        -> Index range scan on sbtest2 using PRIMARY over (4319621 <= id <= 4320620)  (cost=371 rows=1838)


table 3 : explain SELECT c FROM sbtest3 WHERE id BETWEEN 5733872 AND 5734871 ORDER BY c
	-> Sort: sbtest3.c  (cost=371 rows=1838)
    -> Filter: (sbtest3.id between 5733872 and 5734871)  (cost=371 rows=1838)
        -> Index range scan on sbtest3 using PRIMARY over (5733872 <= id <= 5734871)  (cost=371 rows=1838)


table 4 : explain SELECT c FROM sbtest4 WHERE id BETWEEN 9018404 AND 9019403 ORDER BY c
	-> Sort: sbtest4.c  (cost=378 rows=1872)
    -> Filter: (sbtest4.id between 9018404 and 9019403)  (cost=378 rows=1872)
        -> Index range scan on sbtest4 using PRIMARY over (9018404 <= id <= 9019403)  (cost=378 rows=1872)


table 5 : explain SELECT c FROM sbtest5 WHERE id BETWEEN 3720074 AND 3721073 ORDER BY c
	-> Sort: sbtest5.c  (cost=371 rows=1838)
    -> Filter: (sbtest5.id between 3720074 and 3721073)  (cost=371 rows=1838)
        -> Index range scan on sbtest5 using PRIMARY over (3720074 <= id <= 3721073)  (cost=371 rows=1838)


table 6 : explain SELECT c FROM sbtest6 WHERE id BETWEEN 3360395 AND 3361394 ORDER BY c
	-> Sort: sbtest6.c  (cost=378 rows=1872)
    -> Filter: (sbtest6.id between 3360395 and 3361394)  (cost=378 rows=1872)
        -> Index range scan on sbtest6 using PRIMARY over (3360395 <= id <= 3361394)  (cost=378 rows=1872)


table 7 : explain SELECT c FROM sbtest7 WHERE id BETWEEN 6482526 AND 6483525 ORDER BY c
	-> Sort: sbtest7.c  (cost=378 rows=1872)
    -> Filter: (sbtest7.id between 6482526 and 6483525)  (cost=378 rows=1872)
        -> Index range scan on sbtest7 using PRIMARY over (6482526 <= id <= 6483525)  (cost=378 rows=1872)


table 8 : explain SELECT c FROM sbtest8 WHERE id BETWEEN 5074385 AND 5075384 ORDER BY c
	-> Sort: sbtest8.c  (cost=371 rows=1838)
    -> Filter: (sbtest8.id between 5074385 and 5075384)  (cost=371 rows=1838)
        -> Index range scan on sbtest8 using PRIMARY over (5074385 <= id <= 5075384)  (cost=371 rows=1838)


for: order_ranges
table 1 : explain SELECT c FROM sbtest1 WHERE id BETWEEN 3165805 AND 3166804 ORDER BY c
	-> Sort: sbtest1.c  (cost=371 rows=1838)
    -> Filter: (sbtest1.id between 3165805 and 3166804)  (cost=371 rows=1838)
        -> Index range scan on sbtest1 using PRIMARY over (3165805 <= id <= 3166804)  (cost=371 rows=1838)


table 2 : explain SELECT c FROM sbtest2 WHERE id BETWEEN 7319985 AND 7320984 ORDER BY c
	-> Sort: sbtest2.c  (cost=378 rows=1872)
    -> Filter: (sbtest2.id between 7319985 and 7320984)  (cost=378 rows=1872)
        -> Index range scan on sbtest2 using PRIMARY over (7319985 <= id <= 7320984)  (cost=378 rows=1872)


table 3 : explain SELECT c FROM sbtest3 WHERE id BETWEEN 4537815 AND 4538814 ORDER BY c
	-> Sort: sbtest3.c  (cost=371 rows=1838)
    -> Filter: (sbtest3.id between 4537815 and 4538814)  (cost=371 rows=1838)
        -> Index range scan on sbtest3 using PRIMARY over (4537815 <= id <= 4538814)  (cost=371 rows=1838)


table 4 : explain SELECT c FROM sbtest4 WHERE id BETWEEN 6989752 AND 6990751 ORDER BY c
	-> Sort: sbtest4.c  (cost=371 rows=1838)
    -> Filter: (sbtest4.id between 6989752 and 6990751)  (cost=371 rows=1838)
        -> Index range scan on sbtest4 using PRIMARY over (6989752 <= id <= 6990751)  (cost=371 rows=1838)


table 5 : explain SELECT c FROM sbtest5 WHERE id BETWEEN 4880664 AND 4881663 ORDER BY c
	-> Sort: sbtest5.c  (cost=371 rows=1838)
    -> Filter: (sbtest5.id between 4880664 and 4881663)  (cost=371 rows=1838)
        -> Index range scan on sbtest5 using PRIMARY over (4880664 <= id <= 4881663)  (cost=371 rows=1838)


table 6 : explain SELECT c FROM sbtest6 WHERE id BETWEEN 5066218 AND 5067217 ORDER BY c
	-> Sort: sbtest6.c  (cost=371 rows=1838)
    -> Filter: (sbtest6.id between 5066218 and 5067217)  (cost=371 rows=1838)
        -> Index range scan on sbtest6 using PRIMARY over (5066218 <= id <= 5067217)  (cost=371 rows=1838)


table 7 : explain SELECT c FROM sbtest7 WHERE id BETWEEN 4925039 AND 4926038 ORDER BY c
	-> Sort: sbtest7.c  (cost=371 rows=1838)
    -> Filter: (sbtest7.id between 4925039 and 4926038)  (cost=371 rows=1838)
        -> Index range scan on sbtest7 using PRIMARY over (4925039 <= id <= 4926038)  (cost=371 rows=1838)


table 8 : explain SELECT c FROM sbtest8 WHERE id BETWEEN 391656 AND 392655 ORDER BY c
	-> Sort: sbtest8.c  (cost=371 rows=1838)
    -> Filter: (sbtest8.id between 391656 and 392655)  (cost=371 rows=1838)
        -> Index range scan on sbtest8 using PRIMARY over (391656 <= id <= 392655)  (cost=371 rows=1838)


for: order_ranges
table 1 : explain SELECT c FROM sbtest1 WHERE id BETWEEN 880089 AND 881088 ORDER BY c
	-> Sort: sbtest1.c  (cost=371 rows=1838)
    -> Filter: (sbtest1.id between 880089 and 881088)  (cost=371 rows=1838)
        -> Index range scan on sbtest1 using PRIMARY over (880089 <= id <= 881088)  (cost=371 rows=1838)


table 2 : explain SELECT c FROM sbtest2 WHERE id BETWEEN 6716841 AND 6717840 ORDER BY c
	-> Sort: sbtest2.c  (cost=378 rows=1872)
    -> Filter: (sbtest2.id between 6716841 and 6717840)  (cost=378 rows=1872)
        -> Index range scan on sbtest2 using PRIMARY over (6716841 <= id <= 6717840)  (cost=378 rows=1872)


table 3 : explain SELECT c FROM sbtest3 WHERE id BETWEEN 1204044 AND 1205043 ORDER BY c
	-> Sort: sbtest3.c  (cost=378 rows=1872)
    -> Filter: (sbtest3.id between 1204044 and 1205043)  (cost=378 rows=1872)
        -> Index range scan on sbtest3 using PRIMARY over (1204044 <= id <= 1205043)  (cost=378 rows=1872)


table 4 : explain SELECT c FROM sbtest4 WHERE id BETWEEN 7795668 AND 7796667 ORDER BY c
	-> Sort: sbtest4.c  (cost=371 rows=1838)
    -> Filter: (sbtest4.id between 7795668 and 7796667)  (cost=371 rows=1838)
        -> Index range scan on sbtest4 using PRIMARY over (7795668 <= id <= 7796667)  (cost=371 rows=1838)


table 5 : explain SELECT c FROM sbtest5 WHERE id BETWEEN 2551487 AND 2552486 ORDER BY c
	-> Sort: sbtest5.c  (cost=371 rows=1838)
    -> Filter: (sbtest5.id between 2551487 and 2552486)  (cost=371 rows=1838)
        -> Index range scan on sbtest5 using PRIMARY over (2551487 <= id <= 2552486)  (cost=371 rows=1838)


table 6 : explain SELECT c FROM sbtest6 WHERE id BETWEEN 4372905 AND 4373904 ORDER BY c
	-> Sort: sbtest6.c  (cost=378 rows=1872)
    -> Filter: (sbtest6.id between 4372905 and 4373904)  (cost=378 rows=1872)
        -> Index range scan on sbtest6 using PRIMARY over (4372905 <= id <= 4373904)  (cost=378 rows=1872)


table 7 : explain SELECT c FROM sbtest7 WHERE id BETWEEN 4754346 AND 4755345 ORDER BY c
	-> Sort: sbtest7.c  (cost=371 rows=1838)
    -> Filter: (sbtest7.id between 4754346 and 4755345)  (cost=371 rows=1838)
        -> Index range scan on sbtest7 using PRIMARY over (4754346 <= id <= 4755345)  (cost=371 rows=1838)


table 8 : explain SELECT c FROM sbtest8 WHERE id BETWEEN 3572703 AND 3573702 ORDER BY c
	-> Sort: sbtest8.c  (cost=371 rows=1838)
    -> Filter: (sbtest8.id between 3572703 and 3573702)  (cost=371 rows=1838)
        -> Index range scan on sbtest8 using PRIMARY over (3572703 <= id <= 3573702)  (cost=371 rows=1838)


for: distinct_ranges
table 1 : explain SELECT DISTINCT c FROM sbtest1 WHERE id BETWEEN 7952367 AND 7953366 ORDER BY c
	-> Sort: sbtest1.c
    -> Table scan on <temporary>  (cost=809..835 rows=1872)
        -> Temporary table with deduplication  (cost=809..809 rows=1872)
            -> Filter: (sbtest1.id between 7952367 and 7953366)  (cost=378 rows=1872)
                -> Index range scan on sbtest1 using PRIMARY over (7952367 <= id <= 7953366)  (cost=378 rows=1872)


table 2 : explain SELECT DISTINCT c FROM sbtest2 WHERE id BETWEEN 9795047 AND 9796046 ORDER BY c
	-> Sort: sbtest2.c
    -> Table scan on <temporary>  (cost=809..835 rows=1872)
        -> Temporary table with deduplication  (cost=809..809 rows=1872)
            -> Filter: (sbtest2.id between 9795047 and 9796046)  (cost=378 rows=1872)
                -> Index range scan on sbtest2 using PRIMARY over (9795047 <= id <= 9796046)  (cost=378 rows=1872)


table 3 : explain SELECT DISTINCT c FROM sbtest3 WHERE id BETWEEN 548552 AND 549551 ORDER BY c
	-> Sort: sbtest3.c
    -> Table scan on <temporary>  (cost=794..820 rows=1838)
        -> Temporary table with deduplication  (cost=794..794 rows=1838)
            -> Filter: (sbtest3.id between 548552 and 549551)  (cost=371 rows=1838)
                -> Index range scan on sbtest3 using PRIMARY over (548552 <= id <= 549551)  (cost=371 rows=1838)


table 4 : explain SELECT DISTINCT c FROM sbtest4 WHERE id BETWEEN 7239512 AND 7240511 ORDER BY c
	-> Sort: sbtest4.c
    -> Table scan on <temporary>  (cost=794..820 rows=1838)
        -> Temporary table with deduplication  (cost=794..794 rows=1838)
            -> Filter: (sbtest4.id between 7239512 and 7240511)  (cost=371 rows=1838)
                -> Index range scan on sbtest4 using PRIMARY over (7239512 <= id <= 7240511)  (cost=371 rows=1838)


table 5 : explain SELECT DISTINCT c FROM sbtest5 WHERE id BETWEEN 8306166 AND 8307165 ORDER BY c
	-> Sort: sbtest5.c
    -> Table scan on <temporary>  (cost=794..820 rows=1838)
        -> Temporary table with deduplication  (cost=794..794 rows=1838)
            -> Filter: (sbtest5.id between 8306166 and 8307165)  (cost=371 rows=1838)
                -> Index range scan on sbtest5 using PRIMARY over (8306166 <= id <= 8307165)  (cost=371 rows=1838)


table 6 : explain SELECT DISTINCT c FROM sbtest6 WHERE id BETWEEN 1732884 AND 1733883 ORDER BY c
	-> Sort: sbtest6.c
    -> Table scan on <temporary>  (cost=794..820 rows=1838)
        -> Temporary table with deduplication  (cost=794..794 rows=1838)
            -> Filter: (sbtest6.id between 1732884 and 1733883)  (cost=371 rows=1838)
                -> Index range scan on sbtest6 using PRIMARY over (1732884 <= id <= 1733883)  (cost=371 rows=1838)


table 7 : explain SELECT DISTINCT c FROM sbtest7 WHERE id BETWEEN 8007297 AND 8008296 ORDER BY c
	-> Sort: sbtest7.c
    -> Table scan on <temporary>  (cost=794..820 rows=1838)
        -> Temporary table with deduplication  (cost=794..794 rows=1838)
            -> Filter: (sbtest7.id between 8007297 and 8008296)  (cost=371 rows=1838)
                -> Index range scan on sbtest7 using PRIMARY over (8007297 <= id <= 8008296)  (cost=371 rows=1838)


table 8 : explain SELECT DISTINCT c FROM sbtest8 WHERE id BETWEEN 4867150 AND 4868149 ORDER BY c
	-> Sort: sbtest8.c
    -> Table scan on <temporary>  (cost=794..820 rows=1838)
        -> Temporary table with deduplication  (cost=794..794 rows=1838)
            -> Filter: (sbtest8.id between 4867150 and 4868149)  (cost=371 rows=1838)
                -> Index range scan on sbtest8 using PRIMARY over (4867150 <= id <= 4868149)  (cost=371 rows=1838)


for: distinct_ranges
table 1 : explain SELECT DISTINCT c FROM sbtest1 WHERE id BETWEEN 8095967 AND 8096966 ORDER BY c
	-> Sort: sbtest1.c
    -> Table scan on <temporary>  (cost=809..835 rows=1872)
        -> Temporary table with deduplication  (cost=809..809 rows=1872)
            -> Filter: (sbtest1.id between 8095967 and 8096966)  (cost=378 rows=1872)
                -> Index range scan on sbtest1 using PRIMARY over (8095967 <= id <= 8096966)  (cost=378 rows=1872)


table 2 : explain SELECT DISTINCT c FROM sbtest2 WHERE id BETWEEN 917607 AND 918606 ORDER BY c
	-> Sort: sbtest2.c
    -> Table scan on <temporary>  (cost=794..820 rows=1838)
        -> Temporary table with deduplication  (cost=794..794 rows=1838)
            -> Filter: (sbtest2.id between 917607 and 918606)  (cost=371 rows=1838)
                -> Index range scan on sbtest2 using PRIMARY over (917607 <= id <= 918606)  (cost=371 rows=1838)


table 3 : explain SELECT DISTINCT c FROM sbtest3 WHERE id BETWEEN 4473532 AND 4474531 ORDER BY c
	-> Sort: sbtest3.c
    -> Table scan on <temporary>  (cost=794..820 rows=1838)
        -> Temporary table with deduplication  (cost=794..794 rows=1838)
            -> Filter: (sbtest3.id between 4473532 and 4474531)  (cost=371 rows=1838)
                -> Index range scan on sbtest3 using PRIMARY over (4473532 <= id <= 4474531)  (cost=371 rows=1838)


table 4 : explain SELECT DISTINCT c FROM sbtest4 WHERE id BETWEEN 9510363 AND 9511362 ORDER BY c
	-> Sort: sbtest4.c
    -> Table scan on <temporary>  (cost=794..820 rows=1838)
        -> Temporary table with deduplication  (cost=794..794 rows=1838)
            -> Filter: (sbtest4.id between 9510363 and 9511362)  (cost=371 rows=1838)
                -> Index range scan on sbtest4 using PRIMARY over (9510363 <= id <= 9511362)  (cost=371 rows=1838)


table 5 : explain SELECT DISTINCT c FROM sbtest5 WHERE id BETWEEN 9639421 AND 9640420 ORDER BY c
	-> Sort: sbtest5.c
    -> Table scan on <temporary>  (cost=794..820 rows=1838)
        -> Temporary table with deduplication  (cost=794..794 rows=1838)
            -> Filter: (sbtest5.id between 9639421 and 9640420)  (cost=371 rows=1838)
                -> Index range scan on sbtest5 using PRIMARY over (9639421 <= id <= 9640420)  (cost=371 rows=1838)


table 6 : explain SELECT DISTINCT c FROM sbtest6 WHERE id BETWEEN 2600228 AND 2601227 ORDER BY c
	-> Sort: sbtest6.c
    -> Table scan on <temporary>  (cost=809..835 rows=1872)
        -> Temporary table with deduplication  (cost=809..809 rows=1872)
            -> Filter: (sbtest6.id between 2600228 and 2601227)  (cost=378 rows=1872)
                -> Index range scan on sbtest6 using PRIMARY over (2600228 <= id <= 2601227)  (cost=378 rows=1872)


table 7 : explain SELECT DISTINCT c FROM sbtest7 WHERE id BETWEEN 2014239 AND 2015238 ORDER BY c
	-> Sort: sbtest7.c
    -> Table scan on <temporary>  (cost=794..820 rows=1838)
        -> Temporary table with deduplication  (cost=794..794 rows=1838)
            -> Filter: (sbtest7.id between 2014239 and 2015238)  (cost=371 rows=1838)
                -> Index range scan on sbtest7 using PRIMARY over (2014239 <= id <= 2015238)  (cost=371 rows=1838)


table 8 : explain SELECT DISTINCT c FROM sbtest8 WHERE id BETWEEN 1691267 AND 1692266 ORDER BY c
	-> Sort: sbtest8.c
    -> Table scan on <temporary>  (cost=794..820 rows=1838)
        -> Temporary table with deduplication  (cost=794..794 rows=1838)
            -> Filter: (sbtest8.id between 1691267 and 1692266)  (cost=371 rows=1838)
                -> Index range scan on sbtest8 using PRIMARY over (1691267 <= id <= 1692266)  (cost=371 rows=1838)


for: order_ranges
table 1 : explain SELECT c FROM sbtest1 WHERE id BETWEEN 6982329 AND 6983328 ORDER BY c
	-> Sort: sbtest1.c  (cost=371 rows=1838)
    -> Filter: (sbtest1.id between 6982329 and 6983328)  (cost=371 rows=1838)
        -> Index range scan on sbtest1 using PRIMARY over (6982329 <= id <= 6983328)  (cost=371 rows=1838)


table 2 : explain SELECT c FROM sbtest2 WHERE id BETWEEN 8315590 AND 8316589 ORDER BY c
	-> Sort: sbtest2.c  (cost=371 rows=1838)
    -> Filter: (sbtest2.id between 8315590 and 8316589)  (cost=371 rows=1838)
        -> Index range scan on sbtest2 using PRIMARY over (8315590 <= id <= 8316589)  (cost=371 rows=1838)


table 3 : explain SELECT c FROM sbtest3 WHERE id BETWEEN 6340862 AND 6341861 ORDER BY c
	-> Sort: sbtest3.c  (cost=371 rows=1838)
    -> Filter: (sbtest3.id between 6340862 and 6341861)  (cost=371 rows=1838)
        -> Index range scan on sbtest3 using PRIMARY over (6340862 <= id <= 6341861)  (cost=371 rows=1838)


table 4 : explain SELECT c FROM sbtest4 WHERE id BETWEEN 8782322 AND 8783321 ORDER BY c
	-> Sort: sbtest4.c  (cost=378 rows=1872)
    -> Filter: (sbtest4.id between 8782322 and 8783321)  (cost=378 rows=1872)
        -> Index range scan on sbtest4 using PRIMARY over (8782322 <= id <= 8783321)  (cost=378 rows=1872)


table 5 : explain SELECT c FROM sbtest5 WHERE id BETWEEN 1346113 AND 1347112 ORDER BY c
	-> Sort: sbtest5.c  (cost=371 rows=1838)
    -> Filter: (sbtest5.id between 1346113 and 1347112)  (cost=371 rows=1838)
        -> Index range scan on sbtest5 using PRIMARY over (1346113 <= id <= 1347112)  (cost=371 rows=1838)


table 6 : explain SELECT c FROM sbtest6 WHERE id BETWEEN 1446621 AND 1447620 ORDER BY c
	-> Sort: sbtest6.c  (cost=378 rows=1872)
    -> Filter: (sbtest6.id between 1446621 and 1447620)  (cost=378 rows=1872)
        -> Index range scan on sbtest6 using PRIMARY over (1446621 <= id <= 1447620)  (cost=378 rows=1872)


table 7 : explain SELECT c FROM sbtest7 WHERE id BETWEEN 8194910 AND 8195909 ORDER BY c
	-> Sort: sbtest7.c  (cost=371 rows=1838)
    -> Filter: (sbtest7.id between 8194910 and 8195909)  (cost=371 rows=1838)
        -> Index range scan on sbtest7 using PRIMARY over (8194910 <= id <= 8195909)  (cost=371 rows=1838)


table 8 : explain SELECT c FROM sbtest8 WHERE id BETWEEN 9839202 AND 9840201 ORDER BY c
	-> Sort: sbtest8.c  (cost=378 rows=1872)
    -> Filter: (sbtest8.id between 9839202 and 9840201)  (cost=378 rows=1872)
        -> Index range scan on sbtest8 using PRIMARY over (9839202 <= id <= 9840201)  (cost=378 rows=1872)


for: order_ranges
table 1 : explain SELECT c FROM sbtest1 WHERE id BETWEEN 3375623 AND 3376622 ORDER BY c
	-> Sort: sbtest1.c  (cost=371 rows=1838)
    -> Filter: (sbtest1.id between 3375623 and 3376622)  (cost=371 rows=1838)
        -> Index range scan on sbtest1 using PRIMARY over (3375623 <= id <= 3376622)  (cost=371 rows=1838)


table 2 : explain SELECT c FROM sbtest2 WHERE id BETWEEN 3606776 AND 3607775 ORDER BY c
	-> Sort: sbtest2.c  (cost=371 rows=1838)
    -> Filter: (sbtest2.id between 3606776 and 3607775)  (cost=371 rows=1838)
        -> Index range scan on sbtest2 using PRIMARY over (3606776 <= id <= 3607775)  (cost=371 rows=1838)


table 3 : explain SELECT c FROM sbtest3 WHERE id BETWEEN 7216280 AND 7217279 ORDER BY c
	-> Sort: sbtest3.c  (cost=371 rows=1838)
    -> Filter: (sbtest3.id between 7216280 and 7217279)  (cost=371 rows=1838)
        -> Index range scan on sbtest3 using PRIMARY over (7216280 <= id <= 7217279)  (cost=371 rows=1838)


table 4 : explain SELECT c FROM sbtest4 WHERE id BETWEEN 7541714 AND 7542713 ORDER BY c
	-> Sort: sbtest4.c  (cost=371 rows=1838)
    -> Filter: (sbtest4.id between 7541714 and 7542713)  (cost=371 rows=1838)
        -> Index range scan on sbtest4 using PRIMARY over (7541714 <= id <= 7542713)  (cost=371 rows=1838)


table 5 : explain SELECT c FROM sbtest5 WHERE id BETWEEN 268790 AND 269789 ORDER BY c
	-> Sort: sbtest5.c  (cost=371 rows=1838)
    -> Filter: (sbtest5.id between 268790 and 269789)  (cost=371 rows=1838)
        -> Index range scan on sbtest5 using PRIMARY over (268790 <= id <= 269789)  (cost=371 rows=1838)


table 6 : explain SELECT c FROM sbtest6 WHERE id BETWEEN 229604 AND 230603 ORDER BY c
	-> Sort: sbtest6.c  (cost=371 rows=1838)
    -> Filter: (sbtest6.id between 229604 and 230603)  (cost=371 rows=1838)
        -> Index range scan on sbtest6 using PRIMARY over (229604 <= id <= 230603)  (cost=371 rows=1838)


table 7 : explain SELECT c FROM sbtest7 WHERE id BETWEEN 8695583 AND 8696582 ORDER BY c
	-> Sort: sbtest7.c  (cost=378 rows=1872)
    -> Filter: (sbtest7.id between 8695583 and 8696582)  (cost=378 rows=1872)
        -> Index range scan on sbtest7 using PRIMARY over (8695583 <= id <= 8696582)  (cost=378 rows=1872)


table 8 : explain SELECT c FROM sbtest8 WHERE id BETWEEN 3696579 AND 3697578 ORDER BY c
	-> Sort: sbtest8.c  (cost=371 rows=1838)
    -> Filter: (sbtest8.id between 3696579 and 3697578)  (cost=371 rows=1838)
        -> Index range scan on sbtest8 using PRIMARY over (3696579 <= id <= 3697578)  (cost=371 rows=1838)


for: distinct_ranges
table 1 : explain SELECT DISTINCT c FROM sbtest1 WHERE id BETWEEN 1367169 AND 1368168 ORDER BY c
	-> Sort: sbtest1.c
    -> Table scan on <temporary>  (cost=794..820 rows=1838)
        -> Temporary table with deduplication  (cost=794..794 rows=1838)
            -> Filter: (sbtest1.id between 1367169 and 1368168)  (cost=371 rows=1838)
                -> Index range scan on sbtest1 using PRIMARY over (1367169 <= id <= 1368168)  (cost=371 rows=1838)


table 2 : explain SELECT DISTINCT c FROM sbtest2 WHERE id BETWEEN 1286332 AND 1287331 ORDER BY c
	-> Sort: sbtest2.c
    -> Table scan on <temporary>  (cost=794..820 rows=1838)
        -> Temporary table with deduplication  (cost=794..794 rows=1838)
            -> Filter: (sbtest2.id between 1286332 and 1287331)  (cost=371 rows=1838)
                -> Index range scan on sbtest2 using PRIMARY over (1286332 <= id <= 1287331)  (cost=371 rows=1838)


table 3 : explain SELECT DISTINCT c FROM sbtest3 WHERE id BETWEEN 3963384 AND 3964383 ORDER BY c
	-> Sort: sbtest3.c
    -> Table scan on <temporary>  (cost=794..820 rows=1838)
        -> Temporary table with deduplication  (cost=794..794 rows=1838)
            -> Filter: (sbtest3.id between 3963384 and 3964383)  (cost=371 rows=1838)
                -> Index range scan on sbtest3 using PRIMARY over (3963384 <= id <= 3964383)  (cost=371 rows=1838)


table 4 : explain SELECT DISTINCT c FROM sbtest4 WHERE id BETWEEN 9306445 AND 9307444 ORDER BY c
	-> Sort: sbtest4.c
    -> Table scan on <temporary>  (cost=809..835 rows=1872)
        -> Temporary table with deduplication  (cost=809..809 rows=1872)
            -> Filter: (sbtest4.id between 9306445 and 9307444)  (cost=378 rows=1872)
                -> Index range scan on sbtest4 using PRIMARY over (9306445 <= id <= 9307444)  (cost=378 rows=1872)


table 5 : explain SELECT DISTINCT c FROM sbtest5 WHERE id BETWEEN 342913 AND 343912 ORDER BY c
	-> Sort: sbtest5.c
    -> Table scan on <temporary>  (cost=794..820 rows=1838)
        -> Temporary table with deduplication  (cost=794..794 rows=1838)
            -> Filter: (sbtest5.id between 342913 and 343912)  (cost=371 rows=1838)
                -> Index range scan on sbtest5 using PRIMARY over (342913 <= id <= 343912)  (cost=371 rows=1838)


table 6 : explain SELECT DISTINCT c FROM sbtest6 WHERE id BETWEEN 2712627 AND 2713626 ORDER BY c
	-> Sort: sbtest6.c
    -> Table scan on <temporary>  (cost=794..820 rows=1838)
        -> Temporary table with deduplication  (cost=794..794 rows=1838)
            -> Filter: (sbtest6.id between 2712627 and 2713626)  (cost=371 rows=1838)
                -> Index range scan on sbtest6 using PRIMARY over (2712627 <= id <= 2713626)  (cost=371 rows=1838)


table 7 : explain SELECT DISTINCT c FROM sbtest7 WHERE id BETWEEN 127218 AND 128217 ORDER BY c
	-> Sort: sbtest7.c
    -> Table scan on <temporary>  (cost=809..835 rows=1872)
        -> Temporary table with deduplication  (cost=809..809 rows=1872)
            -> Filter: (sbtest7.id between 127218 and 128217)  (cost=378 rows=1872)
                -> Index range scan on sbtest7 using PRIMARY over (127218 <= id <= 128217)  (cost=378 rows=1872)


table 8 : explain SELECT DISTINCT c FROM sbtest8 WHERE id BETWEEN 6262306 AND 6263305 ORDER BY c
	-> Sort: sbtest8.c
    -> Table scan on <temporary>  (cost=794..820 rows=1838)
        -> Temporary table with deduplication  (cost=794..794 rows=1838)
            -> Filter: (sbtest8.id between 6262306 and 6263305)  (cost=371 rows=1838)
                -> Index range scan on sbtest8 using PRIMARY over (6262306 <= id <= 6263305)  (cost=371 rows=1838)


for: distinct_ranges
table 1 : explain SELECT DISTINCT c FROM sbtest1 WHERE id BETWEEN 7705854 AND 7706853 ORDER BY c
	-> Sort: sbtest1.c
    -> Table scan on <temporary>  (cost=809..835 rows=1872)
        -> Temporary table with deduplication  (cost=809..809 rows=1872)
            -> Filter: (sbtest1.id between 7705854 and 7706853)  (cost=378 rows=1872)
                -> Index range scan on sbtest1 using PRIMARY over (7705854 <= id <= 7706853)  (cost=378 rows=1872)


table 2 : explain SELECT DISTINCT c FROM sbtest2 WHERE id BETWEEN 6022377 AND 6023376 ORDER BY c
	-> Sort: sbtest2.c
    -> Table scan on <temporary>  (cost=794..820 rows=1838)
        -> Temporary table with deduplication  (cost=794..794 rows=1838)
            -> Filter: (sbtest2.id between 6022377 and 6023376)  (cost=371 rows=1838)
                -> Index range scan on sbtest2 using PRIMARY over (6022377 <= id <= 6023376)  (cost=371 rows=1838)


table 3 : explain SELECT DISTINCT c FROM sbtest3 WHERE id BETWEEN 1056851 AND 1057850 ORDER BY c
	-> Sort: sbtest3.c
    -> Table scan on <temporary>  (cost=794..820 rows=1838)
        -> Temporary table with deduplication  (cost=794..794 rows=1838)
            -> Filter: (sbtest3.id between 1056851 and 1057850)  (cost=371 rows=1838)
                -> Index range scan on sbtest3 using PRIMARY over (1056851 <= id <= 1057850)  (cost=371 rows=1838)


table 4 : explain SELECT DISTINCT c FROM sbtest4 WHERE id BETWEEN 2877918 AND 2878917 ORDER BY c
	-> Sort: sbtest4.c
    -> Table scan on <temporary>  (cost=809..835 rows=1872)
        -> Temporary table with deduplication  (cost=809..809 rows=1872)
            -> Filter: (sbtest4.id between 2877918 and 2878917)  (cost=378 rows=1872)
                -> Index range scan on sbtest4 using PRIMARY over (2877918 <= id <= 2878917)  (cost=378 rows=1872)


table 5 : explain SELECT DISTINCT c FROM sbtest5 WHERE id BETWEEN 6758939 AND 6759938 ORDER BY c
	-> Sort: sbtest5.c
    -> Table scan on <temporary>  (cost=794..820 rows=1838)
        -> Temporary table with deduplication  (cost=794..794 rows=1838)
            -> Filter: (sbtest5.id between 6758939 and 6759938)  (cost=371 rows=1838)
                -> Index range scan on sbtest5 using PRIMARY over (6758939 <= id <= 6759938)  (cost=371 rows=1838)


table 6 : explain SELECT DISTINCT c FROM sbtest6 WHERE id BETWEEN 9892645 AND 9893644 ORDER BY c
	-> Sort: sbtest6.c
    -> Table scan on <temporary>  (cost=809..835 rows=1872)
        -> Temporary table with deduplication  (cost=809..809 rows=1872)
            -> Filter: (sbtest6.id between 9892645 and 9893644)  (cost=378 rows=1872)
                -> Index range scan on sbtest6 using PRIMARY over (9892645 <= id <= 9893644)  (cost=378 rows=1872)


table 7 : explain SELECT DISTINCT c FROM sbtest7 WHERE id BETWEEN 7317839 AND 7318838 ORDER BY c
	-> Sort: sbtest7.c
    -> Table scan on <temporary>  (cost=794..820 rows=1838)
        -> Temporary table with deduplication  (cost=794..794 rows=1838)
            -> Filter: (sbtest7.id between 7317839 and 7318838)  (cost=371 rows=1838)
                -> Index range scan on sbtest7 using PRIMARY over (7317839 <= id <= 7318838)  (cost=371 rows=1838)


table 8 : explain SELECT DISTINCT c FROM sbtest8 WHERE id BETWEEN 4541301 AND 4542300 ORDER BY c
	-> Sort: sbtest8.c
    -> Table scan on <temporary>  (cost=809..835 rows=1872)
        -> Temporary table with deduplication  (cost=809..809 rows=1872)
            -> Filter: (sbtest8.id between 4541301 and 4542300)  (cost=378 rows=1872)
                -> Index range scan on sbtest8 using PRIMARY over (4541301 <= id <= 4542300)  (cost=378 rows=1872)


for: distinct_ranges
table 1 : explain SELECT DISTINCT c FROM sbtest1 WHERE id BETWEEN 6901883 AND 6902882 ORDER BY c
	-> Sort: sbtest1.c
    -> Table scan on <temporary>  (cost=794..820 rows=1838)
        -> Temporary table with deduplication  (cost=794..794 rows=1838)
            -> Filter: (sbtest1.id between 6901883 and 6902882)  (cost=371 rows=1838)
                -> Index range scan on sbtest1 using PRIMARY over (6901883 <= id <= 6902882)  (cost=371 rows=1838)


table 2 : explain SELECT DISTINCT c FROM sbtest2 WHERE id BETWEEN 2488329 AND 2489328 ORDER BY c
	-> Sort: sbtest2.c
    -> Table scan on <temporary>  (cost=809..835 rows=1872)
        -> Temporary table with deduplication  (cost=809..809 rows=1872)
            -> Filter: (sbtest2.id between 2488329 and 2489328)  (cost=378 rows=1872)
                -> Index range scan on sbtest2 using PRIMARY over (2488329 <= id <= 2489328)  (cost=378 rows=1872)


table 3 : explain SELECT DISTINCT c FROM sbtest3 WHERE id BETWEEN 8275724 AND 8276723 ORDER BY c
	-> Sort: sbtest3.c
    -> Table scan on <temporary>  (cost=794..820 rows=1838)
        -> Temporary table with deduplication  (cost=794..794 rows=1838)
            -> Filter: (sbtest3.id between 8275724 and 8276723)  (cost=371 rows=1838)
                -> Index range scan on sbtest3 using PRIMARY over (8275724 <= id <= 8276723)  (cost=371 rows=1838)


table 4 : explain SELECT DISTINCT c FROM sbtest4 WHERE id BETWEEN 9121621 AND 9122620 ORDER BY c
	-> Sort: sbtest4.c
    -> Table scan on <temporary>  (cost=809..835 rows=1872)
        -> Temporary table with deduplication  (cost=809..809 rows=1872)
            -> Filter: (sbtest4.id between 9121621 and 9122620)  (cost=378 rows=1872)
                -> Index range scan on sbtest4 using PRIMARY over (9121621 <= id <= 9122620)  (cost=378 rows=1872)


table 5 : explain SELECT DISTINCT c FROM sbtest5 WHERE id BETWEEN 7049425 AND 7050424 ORDER BY c
	-> Sort: sbtest5.c
    -> Table scan on <temporary>  (cost=794..820 rows=1838)
        -> Temporary table with deduplication  (cost=794..794 rows=1838)
            -> Filter: (sbtest5.id between 7049425 and 7050424)  (cost=371 rows=1838)
                -> Index range scan on sbtest5 using PRIMARY over (7049425 <= id <= 7050424)  (cost=371 rows=1838)


table 6 : explain SELECT DISTINCT c FROM sbtest6 WHERE id BETWEEN 7745013 AND 7746012 ORDER BY c
	-> Sort: sbtest6.c
    -> Table scan on <temporary>  (cost=794..820 rows=1838)
        -> Temporary table with deduplication  (cost=794..794 rows=1838)
            -> Filter: (sbtest6.id between 7745013 and 7746012)  (cost=371 rows=1838)
                -> Index range scan on sbtest6 using PRIMARY over (7745013 <= id <= 7746012)  (cost=371 rows=1838)


table 7 : explain SELECT DISTINCT c FROM sbtest7 WHERE id BETWEEN 8524594 AND 8525593 ORDER BY c
	-> Sort: sbtest7.c
    -> Table scan on <temporary>  (cost=794..820 rows=1838)
        -> Temporary table with deduplication  (cost=794..794 rows=1838)
            -> Filter: (sbtest7.id between 8524594 and 8525593)  (cost=371 rows=1838)
                -> Index range scan on sbtest7 using PRIMARY over (8524594 <= id <= 8525593)  (cost=371 rows=1838)


table 8 : explain SELECT DISTINCT c FROM sbtest8 WHERE id BETWEEN 1971816 AND 1972815 ORDER BY c
	-> Sort: sbtest8.c
    -> Table scan on <temporary>  (cost=794..820 rows=1838)
        -> Temporary table with deduplication  (cost=794..794 rows=1838)
            -> Filter: (sbtest8.id between 1971816 and 1972815)  (cost=371 rows=1838)
                -> Index range scan on sbtest8 using PRIMARY over (1971816 <= id <= 1972815)  (cost=371 rows=1838)


for: distinct_ranges
table 1 : explain SELECT DISTINCT c FROM sbtest1 WHERE id BETWEEN 2141123 AND 2142122 ORDER BY c
	-> Sort: sbtest1.c
    -> Table scan on <temporary>  (cost=794..820 rows=1838)
        -> Temporary table with deduplication  (cost=794..794 rows=1838)
            -> Filter: (sbtest1.id between 2141123 and 2142122)  (cost=371 rows=1838)
                -> Index range scan on sbtest1 using PRIMARY over (2141123 <= id <= 2142122)  (cost=371 rows=1838)


table 2 : explain SELECT DISTINCT c FROM sbtest2 WHERE id BETWEEN 4335012 AND 4336011 ORDER BY c
	-> Sort: sbtest2.c
    -> Table scan on <temporary>  (cost=809..835 rows=1872)
        -> Temporary table with deduplication  (cost=809..809 rows=1872)
            -> Filter: (sbtest2.id between 4335012 and 4336011)  (cost=378 rows=1872)
                -> Index range scan on sbtest2 using PRIMARY over (4335012 <= id <= 4336011)  (cost=378 rows=1872)


table 3 : explain SELECT DISTINCT c FROM sbtest3 WHERE id BETWEEN 3237935 AND 3238934 ORDER BY c
	-> Sort: sbtest3.c
    -> Table scan on <temporary>  (cost=794..820 rows=1838)
        -> Temporary table with deduplication  (cost=794..794 rows=1838)
            -> Filter: (sbtest3.id between 3237935 and 3238934)  (cost=371 rows=1838)
                -> Index range scan on sbtest3 using PRIMARY over (3237935 <= id <= 3238934)  (cost=371 rows=1838)


table 4 : explain SELECT DISTINCT c FROM sbtest4 WHERE id BETWEEN 9421550 AND 9422549 ORDER BY c
	-> Sort: sbtest4.c
    -> Table scan on <temporary>  (cost=794..820 rows=1838)
        -> Temporary table with deduplication  (cost=794..794 rows=1838)
            -> Filter: (sbtest4.id between 9421550 and 9422549)  (cost=371 rows=1838)
                -> Index range scan on sbtest4 using PRIMARY over (9421550 <= id <= 9422549)  (cost=371 rows=1838)


table 5 : explain SELECT DISTINCT c FROM sbtest5 WHERE id BETWEEN 9447767 AND 9448766 ORDER BY c
	-> Sort: sbtest5.c
    -> Table scan on <temporary>  (cost=794..820 rows=1838)
        -> Temporary table with deduplication  (cost=794..794 rows=1838)
            -> Filter: (sbtest5.id between 9447767 and 9448766)  (cost=371 rows=1838)
                -> Index range scan on sbtest5 using PRIMARY over (9447767 <= id <= 9448766)  (cost=371 rows=1838)


table 6 : explain SELECT DISTINCT c FROM sbtest6 WHERE id BETWEEN 8355482 AND 8356481 ORDER BY c
	-> Sort: sbtest6.c
    -> Table scan on <temporary>  (cost=809..835 rows=1872)
        -> Temporary table with deduplication  (cost=809..809 rows=1872)
            -> Filter: (sbtest6.id between 8355482 and 8356481)  (cost=378 rows=1872)
                -> Index range scan on sbtest6 using PRIMARY over (8355482 <= id <= 8356481)  (cost=378 rows=1872)


table 7 : explain SELECT DISTINCT c FROM sbtest7 WHERE id BETWEEN 7118958 AND 7119957 ORDER BY c
	-> Sort: sbtest7.c
    -> Table scan on <temporary>  (cost=794..820 rows=1838)
        -> Temporary table with deduplication  (cost=794..794 rows=1838)
            -> Filter: (sbtest7.id between 7118958 and 7119957)  (cost=371 rows=1838)
                -> Index range scan on sbtest7 using PRIMARY over (7118958 <= id <= 7119957)  (cost=371 rows=1838)


table 8 : explain SELECT DISTINCT c FROM sbtest8 WHERE id BETWEEN 3499704 AND 3500703 ORDER BY c
	-> Sort: sbtest8.c
    -> Table scan on <temporary>  (cost=794..820 rows=1838)
        -> Temporary table with deduplication  (cost=794..794 rows=1838)
            -> Filter: (sbtest8.id between 3499704 and 3500703)  (cost=371 rows=1838)
                -> Index range scan on sbtest8 using PRIMARY over (3499704 <= id <= 3500703)  (cost=371 rows=1838)


for: distinct_ranges
table 1 : explain SELECT DISTINCT c FROM sbtest1 WHERE id BETWEEN 4661842 AND 4662841 ORDER BY c
	-> Sort: sbtest1.c
    -> Table scan on <temporary>  (cost=794..820 rows=1838)
        -> Temporary table with deduplication  (cost=794..794 rows=1838)
            -> Filter: (sbtest1.id between 4661842 and 4662841)  (cost=371 rows=1838)
                -> Index range scan on sbtest1 using PRIMARY over (4661842 <= id <= 4662841)  (cost=371 rows=1838)


table 2 : explain SELECT DISTINCT c FROM sbtest2 WHERE id BETWEEN 3057664 AND 3058663 ORDER BY c
	-> Sort: sbtest2.c
    -> Table scan on <temporary>  (cost=809..835 rows=1872)
        -> Temporary table with deduplication  (cost=809..809 rows=1872)
            -> Filter: (sbtest2.id between 3057664 and 3058663)  (cost=378 rows=1872)
                -> Index range scan on sbtest2 using PRIMARY over (3057664 <= id <= 3058663)  (cost=378 rows=1872)


table 3 : explain SELECT DISTINCT c FROM sbtest3 WHERE id BETWEEN 2219380 AND 2220379 ORDER BY c
	-> Sort: sbtest3.c
    -> Table scan on <temporary>  (cost=794..820 rows=1838)
        -> Temporary table with deduplication  (cost=794..794 rows=1838)
            -> Filter: (sbtest3.id between 2219380 and 2220379)  (cost=371 rows=1838)
                -> Index range scan on sbtest3 using PRIMARY over (2219380 <= id <= 2220379)  (cost=371 rows=1838)


table 4 : explain SELECT DISTINCT c FROM sbtest4 WHERE id BETWEEN 1313412 AND 1314411 ORDER BY c
	-> Sort: sbtest4.c
    -> Table scan on <temporary>  (cost=794..820 rows=1838)
        -> Temporary table with deduplication  (cost=794..794 rows=1838)
            -> Filter: (sbtest4.id between 1313412 and 1314411)  (cost=371 rows=1838)
                -> Index range scan on sbtest4 using PRIMARY over (1313412 <= id <= 1314411)  (cost=371 rows=1838)


table 5 : explain SELECT DISTINCT c FROM sbtest5 WHERE id BETWEEN 7736993 AND 7737992 ORDER BY c
	-> Sort: sbtest5.c
    -> Table scan on <temporary>  (cost=794..820 rows=1838)
        -> Temporary table with deduplication  (cost=794..794 rows=1838)
            -> Filter: (sbtest5.id between 7736993 and 7737992)  (cost=371 rows=1838)
                -> Index range scan on sbtest5 using PRIMARY over (7736993 <= id <= 7737992)  (cost=371 rows=1838)


table 6 : explain SELECT DISTINCT c FROM sbtest6 WHERE id BETWEEN 9167071 AND 9168070 ORDER BY c
	-> Sort: sbtest6.c
    -> Table scan on <temporary>  (cost=794..820 rows=1838)
        -> Temporary table with deduplication  (cost=794..794 rows=1838)
            -> Filter: (sbtest6.id between 9167071 and 9168070)  (cost=371 rows=1838)
                -> Index range scan on sbtest6 using PRIMARY over (9167071 <= id <= 9168070)  (cost=371 rows=1838)


table 7 : explain SELECT DISTINCT c FROM sbtest7 WHERE id BETWEEN 5748136 AND 5749135 ORDER BY c
	-> Sort: sbtest7.c
    -> Table scan on <temporary>  (cost=809..835 rows=1872)
        -> Temporary table with deduplication  (cost=809..809 rows=1872)
            -> Filter: (sbtest7.id between 5748136 and 5749135)  (cost=378 rows=1872)
                -> Index range scan on sbtest7 using PRIMARY over (5748136 <= id <= 5749135)  (cost=378 rows=1872)


table 8 : explain SELECT DISTINCT c FROM sbtest8 WHERE id BETWEEN 7810282 AND 7811281 ORDER BY c
	-> Sort: sbtest8.c
    -> Table scan on <temporary>  (cost=794..820 rows=1838)
        -> Temporary table with deduplication  (cost=794..794 rows=1838)
            -> Filter: (sbtest8.id between 7810282 and 7811281)  (cost=371 rows=1838)
                -> Index range scan on sbtest8 using PRIMARY over (7810282 <= id <= 7811281)  (cost=371 rows=1838)


for: distinct_ranges
table 1 : explain SELECT DISTINCT c FROM sbtest1 WHERE id BETWEEN 8215094 AND 8216093 ORDER BY c
	-> Sort: sbtest1.c
    -> Table scan on <temporary>  (cost=809..835 rows=1872)
        -> Temporary table with deduplication  (cost=809..809 rows=1872)
            -> Filter: (sbtest1.id between 8215094 and 8216093)  (cost=378 rows=1872)
                -> Index range scan on sbtest1 using PRIMARY over (8215094 <= id <= 8216093)  (cost=378 rows=1872)


table 2 : explain SELECT DISTINCT c FROM sbtest2 WHERE id BETWEEN 8224741 AND 8225740 ORDER BY c
	-> Sort: sbtest2.c
    -> Table scan on <temporary>  (cost=809..835 rows=1872)
        -> Temporary table with deduplication  (cost=809..809 rows=1872)
            -> Filter: (sbtest2.id between 8224741 and 8225740)  (cost=378 rows=1872)
                -> Index range scan on sbtest2 using PRIMARY over (8224741 <= id <= 8225740)  (cost=378 rows=1872)


table 3 : explain SELECT DISTINCT c FROM sbtest3 WHERE id BETWEEN 6253052 AND 6254051 ORDER BY c
	-> Sort: sbtest3.c
    -> Table scan on <temporary>  (cost=794..820 rows=1838)
        -> Temporary table with deduplication  (cost=794..794 rows=1838)
            -> Filter: (sbtest3.id between 6253052 and 6254051)  (cost=371 rows=1838)
                -> Index range scan on sbtest3 using PRIMARY over (6253052 <= id <= 6254051)  (cost=371 rows=1838)


table 4 : explain SELECT DISTINCT c FROM sbtest4 WHERE id BETWEEN 6663703 AND 6664702 ORDER BY c
	-> Sort: sbtest4.c
    -> Table scan on <temporary>  (cost=809..835 rows=1872)
        -> Temporary table with deduplication  (cost=809..809 rows=1872)
            -> Filter: (sbtest4.id between 6663703 and 6664702)  (cost=378 rows=1872)
                -> Index range scan on sbtest4 using PRIMARY over (6663703 <= id <= 6664702)  (cost=378 rows=1872)


table 5 : explain SELECT DISTINCT c FROM sbtest5 WHERE id BETWEEN 1320434 AND 1321433 ORDER BY c
	-> Sort: sbtest5.c
    -> Table scan on <temporary>  (cost=794..820 rows=1838)
        -> Temporary table with deduplication  (cost=794..794 rows=1838)
            -> Filter: (sbtest5.id between 1320434 and 1321433)  (cost=371 rows=1838)
                -> Index range scan on sbtest5 using PRIMARY over (1320434 <= id <= 1321433)  (cost=371 rows=1838)


table 6 : explain SELECT DISTINCT c FROM sbtest6 WHERE id BETWEEN 5131483 AND 5132482 ORDER BY c
	-> Sort: sbtest6.c
    -> Table scan on <temporary>  (cost=794..820 rows=1838)
        -> Temporary table with deduplication  (cost=794..794 rows=1838)
            -> Filter: (sbtest6.id between 5131483 and 5132482)  (cost=371 rows=1838)
                -> Index range scan on sbtest6 using PRIMARY over (5131483 <= id <= 5132482)  (cost=371 rows=1838)


table 7 : explain SELECT DISTINCT c FROM sbtest7 WHERE id BETWEEN 2068135 AND 2069134 ORDER BY c
	-> Sort: sbtest7.c
    -> Table scan on <temporary>  (cost=809..835 rows=1872)
        -> Temporary table with deduplication  (cost=809..809 rows=1872)
            -> Filter: (sbtest7.id between 2068135 and 2069134)  (cost=378 rows=1872)
                -> Index range scan on sbtest7 using PRIMARY over (2068135 <= id <= 2069134)  (cost=378 rows=1872)


table 8 : explain SELECT DISTINCT c FROM sbtest8 WHERE id BETWEEN 5129084 AND 5130083 ORDER BY c
	-> Sort: sbtest8.c
    -> Table scan on <temporary>  (cost=794..820 rows=1838)
        -> Temporary table with deduplication  (cost=794..794 rows=1838)
            -> Filter: (sbtest8.id between 5129084 and 5130083)  (cost=371 rows=1838)
                -> Index range scan on sbtest8 using PRIMARY over (5129084 <= id <= 5130083)  (cost=371 rows=1838)


for: distinct_ranges
table 1 : explain SELECT DISTINCT c FROM sbtest1 WHERE id BETWEEN 3946004 AND 3947003 ORDER BY c
	-> Sort: sbtest1.c
    -> Table scan on <temporary>  (cost=794..820 rows=1838)
        -> Temporary table with deduplication  (cost=794..794 rows=1838)
            -> Filter: (sbtest1.id between 3946004 and 3947003)  (cost=371 rows=1838)
                -> Index range scan on sbtest1 using PRIMARY over (3946004 <= id <= 3947003)  (cost=371 rows=1838)


table 2 : explain SELECT DISTINCT c FROM sbtest2 WHERE id BETWEEN 3339765 AND 3340764 ORDER BY c
	-> Sort: sbtest2.c
    -> Table scan on <temporary>  (cost=794..820 rows=1838)
        -> Temporary table with deduplication  (cost=794..794 rows=1838)
            -> Filter: (sbtest2.id between 3339765 and 3340764)  (cost=371 rows=1838)
                -> Index range scan on sbtest2 using PRIMARY over (3339765 <= id <= 3340764)  (cost=371 rows=1838)


table 3 : explain SELECT DISTINCT c FROM sbtest3 WHERE id BETWEEN 5226839 AND 5227838 ORDER BY c
	-> Sort: sbtest3.c
    -> Table scan on <temporary>  (cost=809..835 rows=1872)
        -> Temporary table with deduplication  (cost=809..809 rows=1872)
            -> Filter: (sbtest3.id between 5226839 and 5227838)  (cost=378 rows=1872)
                -> Index range scan on sbtest3 using PRIMARY over (5226839 <= id <= 5227838)  (cost=378 rows=1872)


table 4 : explain SELECT DISTINCT c FROM sbtest4 WHERE id BETWEEN 7122839 AND 7123838 ORDER BY c
	-> Sort: sbtest4.c
    -> Table scan on <temporary>  (cost=794..820 rows=1838)
        -> Temporary table with deduplication  (cost=794..794 rows=1838)
            -> Filter: (sbtest4.id between 7122839 and 7123838)  (cost=371 rows=1838)
                -> Index range scan on sbtest4 using PRIMARY over (7122839 <= id <= 7123838)  (cost=371 rows=1838)


table 5 : explain SELECT DISTINCT c FROM sbtest5 WHERE id BETWEEN 7719524 AND 7720523 ORDER BY c
	-> Sort: sbtest5.c
    -> Table scan on <temporary>  (cost=794..820 rows=1838)
        -> Temporary table with deduplication  (cost=794..794 rows=1838)
            -> Filter: (sbtest5.id between 7719524 and 7720523)  (cost=371 rows=1838)
                -> Index range scan on sbtest5 using PRIMARY over (7719524 <= id <= 7720523)  (cost=371 rows=1838)


table 6 : explain SELECT DISTINCT c FROM sbtest6 WHERE id BETWEEN 4025467 AND 4026466 ORDER BY c
	-> Sort: sbtest6.c
    -> Table scan on <temporary>  (cost=794..820 rows=1838)
        -> Temporary table with deduplication  (cost=794..794 rows=1838)
            -> Filter: (sbtest6.id between 4025467 and 4026466)  (cost=371 rows=1838)
                -> Index range scan on sbtest6 using PRIMARY over (4025467 <= id <= 4026466)  (cost=371 rows=1838)


table 7 : explain SELECT DISTINCT c FROM sbtest7 WHERE id BETWEEN 4549897 AND 4550896 ORDER BY c
	-> Sort: sbtest7.c
    -> Table scan on <temporary>  (cost=794..820 rows=1838)
        -> Temporary table with deduplication  (cost=794..794 rows=1838)
            -> Filter: (sbtest7.id between 4549897 and 4550896)  (cost=371 rows=1838)
                -> Index range scan on sbtest7 using PRIMARY over (4549897 <= id <= 4550896)  (cost=371 rows=1838)


table 8 : explain SELECT DISTINCT c FROM sbtest8 WHERE id BETWEEN 6587710 AND 6588709 ORDER BY c
	-> Sort: sbtest8.c
    -> Table scan on <temporary>  (cost=809..835 rows=1872)
        -> Temporary table with deduplication  (cost=809..809 rows=1872)
            -> Filter: (sbtest8.id between 6587710 and 6588709)  (cost=378 rows=1872)
                -> Index range scan on sbtest8 using PRIMARY over (6587710 <= id <= 6588709)  (cost=378 rows=1872)


for: distinct_ranges
table 1 : explain SELECT DISTINCT c FROM sbtest1 WHERE id BETWEEN 7132268 AND 7133267 ORDER BY c
	-> Sort: sbtest1.c
    -> Table scan on <temporary>  (cost=794..820 rows=1838)
        -> Temporary table with deduplication  (cost=794..794 rows=1838)
            -> Filter: (sbtest1.id between 7132268 and 7133267)  (cost=371 rows=1838)
                -> Index range scan on sbtest1 using PRIMARY over (7132268 <= id <= 7133267)  (cost=371 rows=1838)


table 2 : explain SELECT DISTINCT c FROM sbtest2 WHERE id BETWEEN 4604169 AND 4605168 ORDER BY c
	-> Sort: sbtest2.c
    -> Table scan on <temporary>  (cost=809..835 rows=1872)
        -> Temporary table with deduplication  (cost=809..809 rows=1872)
            -> Filter: (sbtest2.id between 4604169 and 4605168)  (cost=378 rows=1872)
                -> Index range scan on sbtest2 using PRIMARY over (4604169 <= id <= 4605168)  (cost=378 rows=1872)


table 3 : explain SELECT DISTINCT c FROM sbtest3 WHERE id BETWEEN 1496342 AND 1497341 ORDER BY c
	-> Sort: sbtest3.c
    -> Table scan on <temporary>  (cost=794..820 rows=1838)
        -> Temporary table with deduplication  (cost=794..794 rows=1838)
            -> Filter: (sbtest3.id between 1496342 and 1497341)  (cost=371 rows=1838)
                -> Index range scan on sbtest3 using PRIMARY over (1496342 <= id <= 1497341)  (cost=371 rows=1838)


table 4 : explain SELECT DISTINCT c FROM sbtest4 WHERE id BETWEEN 2548691 AND 2549690 ORDER BY c
	-> Sort: sbtest4.c
    -> Table scan on <temporary>  (cost=809..835 rows=1872)
        -> Temporary table with deduplication  (cost=809..809 rows=1872)
            -> Filter: (sbtest4.id between 2548691 and 2549690)  (cost=378 rows=1872)
                -> Index range scan on sbtest4 using PRIMARY over (2548691 <= id <= 2549690)  (cost=378 rows=1872)


table 5 : explain SELECT DISTINCT c FROM sbtest5 WHERE id BETWEEN 5663126 AND 5664125 ORDER BY c
	-> Sort: sbtest5.c
    -> Table scan on <temporary>  (cost=794..820 rows=1838)
        -> Temporary table with deduplication  (cost=794..794 rows=1838)
            -> Filter: (sbtest5.id between 5663126 and 5664125)  (cost=371 rows=1838)
                -> Index range scan on sbtest5 using PRIMARY over (5663126 <= id <= 5664125)  (cost=371 rows=1838)


table 6 : explain SELECT DISTINCT c FROM sbtest6 WHERE id BETWEEN 136977 AND 137976 ORDER BY c
	-> Sort: sbtest6.c
    -> Table scan on <temporary>  (cost=794..820 rows=1838)
        -> Temporary table with deduplication  (cost=794..794 rows=1838)
            -> Filter: (sbtest6.id between 136977 and 137976)  (cost=371 rows=1838)
                -> Index range scan on sbtest6 using PRIMARY over (136977 <= id <= 137976)  (cost=371 rows=1838)


table 7 : explain SELECT DISTINCT c FROM sbtest7 WHERE id BETWEEN 8796330 AND 8797329 ORDER BY c
	-> Sort: sbtest7.c
    -> Table scan on <temporary>  (cost=809..835 rows=1872)
        -> Temporary table with deduplication  (cost=809..809 rows=1872)
            -> Filter: (sbtest7.id between 8796330 and 8797329)  (cost=378 rows=1872)
                -> Index range scan on sbtest7 using PRIMARY over (8796330 <= id <= 8797329)  (cost=378 rows=1872)


table 8 : explain SELECT DISTINCT c FROM sbtest8 WHERE id BETWEEN 7614524 AND 7615523 ORDER BY c
	-> Sort: sbtest8.c
    -> Table scan on <temporary>  (cost=809..835 rows=1872)
        -> Temporary table with deduplication  (cost=809..809 rows=1872)
            -> Filter: (sbtest8.id between 7614524 and 7615523)  (cost=378 rows=1872)
                -> Index range scan on sbtest8 using PRIMARY over (7614524 <= id <= 7615523)  (cost=378 rows=1872)


for: distinct_ranges
table 1 : explain SELECT DISTINCT c FROM sbtest1 WHERE id BETWEEN 440879 AND 441878 ORDER BY c
	-> Sort: sbtest1.c
    -> Table scan on <temporary>  (cost=794..820 rows=1838)
        -> Temporary table with deduplication  (cost=794..794 rows=1838)
            -> Filter: (sbtest1.id between 440879 and 441878)  (cost=371 rows=1838)
                -> Index range scan on sbtest1 using PRIMARY over (440879 <= id <= 441878)  (cost=371 rows=1838)


table 2 : explain SELECT DISTINCT c FROM sbtest2 WHERE id BETWEEN 1795908 AND 1796907 ORDER BY c
	-> Sort: sbtest2.c
    -> Table scan on <temporary>  (cost=794..820 rows=1838)
        -> Temporary table with deduplication  (cost=794..794 rows=1838)
            -> Filter: (sbtest2.id between 1795908 and 1796907)  (cost=371 rows=1838)
                -> Index range scan on sbtest2 using PRIMARY over (1795908 <= id <= 1796907)  (cost=371 rows=1838)


table 3 : explain SELECT DISTINCT c FROM sbtest3 WHERE id BETWEEN 2505641 AND 2506640 ORDER BY c
	-> Sort: sbtest3.c
    -> Table scan on <temporary>  (cost=794..820 rows=1838)
        -> Temporary table with deduplication  (cost=794..794 rows=1838)
            -> Filter: (sbtest3.id between 2505641 and 2506640)  (cost=371 rows=1838)
                -> Index range scan on sbtest3 using PRIMARY over (2505641 <= id <= 2506640)  (cost=371 rows=1838)


table 4 : explain SELECT DISTINCT c FROM sbtest4 WHERE id BETWEEN 4491517 AND 4492516 ORDER BY c
	-> Sort: sbtest4.c
    -> Table scan on <temporary>  (cost=809..835 rows=1872)
        -> Temporary table with deduplication  (cost=809..809 rows=1872)
            -> Filter: (sbtest4.id between 4491517 and 4492516)  (cost=378 rows=1872)
                -> Index range scan on sbtest4 using PRIMARY over (4491517 <= id <= 4492516)  (cost=378 rows=1872)


table 5 : explain SELECT DISTINCT c FROM sbtest5 WHERE id BETWEEN 594342 AND 595341 ORDER BY c
	-> Sort: sbtest5.c
    -> Table scan on <temporary>  (cost=809..835 rows=1872)
        -> Temporary table with deduplication  (cost=809..809 rows=1872)
            -> Filter: (sbtest5.id between 594342 and 595341)  (cost=378 rows=1872)
                -> Index range scan on sbtest5 using PRIMARY over (594342 <= id <= 595341)  (cost=378 rows=1872)


table 6 : explain SELECT DISTINCT c FROM sbtest6 WHERE id BETWEEN 6846731 AND 6847730 ORDER BY c
	-> Sort: sbtest6.c
    -> Table scan on <temporary>  (cost=794..820 rows=1838)
        -> Temporary table with deduplication  (cost=794..794 rows=1838)
            -> Filter: (sbtest6.id between 6846731 and 6847730)  (cost=371 rows=1838)
                -> Index range scan on sbtest6 using PRIMARY over (6846731 <= id <= 6847730)  (cost=371 rows=1838)


table 7 : explain SELECT DISTINCT c FROM sbtest7 WHERE id BETWEEN 6620165 AND 6621164 ORDER BY c
	-> Sort: sbtest7.c
    -> Table scan on <temporary>  (cost=794..820 rows=1838)
        -> Temporary table with deduplication  (cost=794..794 rows=1838)
            -> Filter: (sbtest7.id between 6620165 and 6621164)  (cost=371 rows=1838)
                -> Index range scan on sbtest7 using PRIMARY over (6620165 <= id <= 6621164)  (cost=371 rows=1838)


table 8 : explain SELECT DISTINCT c FROM sbtest8 WHERE id BETWEEN 9914753 AND 9915752 ORDER BY c
	-> Sort: sbtest8.c
    -> Table scan on <temporary>  (cost=809..835 rows=1872)
        -> Temporary table with deduplication  (cost=809..809 rows=1872)
            -> Filter: (sbtest8.id between 9914753 and 9915752)  (cost=378 rows=1872)
                -> Index range scan on sbtest8 using PRIMARY over (9914753 <= id <= 9915752)  (cost=378 rows=1872)


for: distinct_ranges
table 1 : explain SELECT DISTINCT c FROM sbtest1 WHERE id BETWEEN 5233446 AND 5234445 ORDER BY c
	-> Sort: sbtest1.c
    -> Table scan on <temporary>  (cost=794..820 rows=1838)
        -> Temporary table with deduplication  (cost=794..794 rows=1838)
            -> Filter: (sbtest1.id between 5233446 and 5234445)  (cost=371 rows=1838)
                -> Index range scan on sbtest1 using PRIMARY over (5233446 <= id <= 5234445)  (cost=371 rows=1838)


table 2 : explain SELECT DISTINCT c FROM sbtest2 WHERE id BETWEEN 5093720 AND 5094719 ORDER BY c
	-> Sort: sbtest2.c
    -> Table scan on <temporary>  (cost=794..820 rows=1838)
        -> Temporary table with deduplication  (cost=794..794 rows=1838)
            -> Filter: (sbtest2.id between 5093720 and 5094719)  (cost=371 rows=1838)
                -> Index range scan on sbtest2 using PRIMARY over (5093720 <= id <= 5094719)  (cost=371 rows=1838)


table 3 : explain SELECT DISTINCT c FROM sbtest3 WHERE id BETWEEN 9244772 AND 9245771 ORDER BY c
	-> Sort: sbtest3.c
    -> Table scan on <temporary>  (cost=809..835 rows=1872)
        -> Temporary table with deduplication  (cost=809..809 rows=1872)
            -> Filter: (sbtest3.id between 9244772 and 9245771)  (cost=378 rows=1872)
                -> Index range scan on sbtest3 using PRIMARY over (9244772 <= id <= 9245771)  (cost=378 rows=1872)


table 4 : explain SELECT DISTINCT c FROM sbtest4 WHERE id BETWEEN 1937853 AND 1938852 ORDER BY c
	-> Sort: sbtest4.c
    -> Table scan on <temporary>  (cost=794..820 rows=1838)
        -> Temporary table with deduplication  (cost=794..794 rows=1838)
            -> Filter: (sbtest4.id between 1937853 and 1938852)  (cost=371 rows=1838)
                -> Index range scan on sbtest4 using PRIMARY over (1937853 <= id <= 1938852)  (cost=371 rows=1838)


table 5 : explain SELECT DISTINCT c FROM sbtest5 WHERE id BETWEEN 6415123 AND 6416122 ORDER BY c
	-> Sort: sbtest5.c
    -> Table scan on <temporary>  (cost=794..820 rows=1838)
        -> Temporary table with deduplication  (cost=794..794 rows=1838)
            -> Filter: (sbtest5.id between 6415123 and 6416122)  (cost=371 rows=1838)
                -> Index range scan on sbtest5 using PRIMARY over (6415123 <= id <= 6416122)  (cost=371 rows=1838)


table 6 : explain SELECT DISTINCT c FROM sbtest6 WHERE id BETWEEN 4011613 AND 4012612 ORDER BY c
	-> Sort: sbtest6.c
    -> Table scan on <temporary>  (cost=809..835 rows=1872)
        -> Temporary table with deduplication  (cost=809..809 rows=1872)
            -> Filter: (sbtest6.id between 4011613 and 4012612)  (cost=378 rows=1872)
                -> Index range scan on sbtest6 using PRIMARY over (4011613 <= id <= 4012612)  (cost=378 rows=1872)


table 7 : explain SELECT DISTINCT c FROM sbtest7 WHERE id BETWEEN 9446931 AND 9447930 ORDER BY c
	-> Sort: sbtest7.c
    -> Table scan on <temporary>  (cost=794..820 rows=1838)
        -> Temporary table with deduplication  (cost=794..794 rows=1838)
            -> Filter: (sbtest7.id between 9446931 and 9447930)  (cost=371 rows=1838)
                -> Index range scan on sbtest7 using PRIMARY over (9446931 <= id <= 9447930)  (cost=371 rows=1838)


table 8 : explain SELECT DISTINCT c FROM sbtest8 WHERE id BETWEEN 5375261 AND 5376260 ORDER BY c
	-> Sort: sbtest8.c
    -> Table scan on <temporary>  (cost=809..835 rows=1872)
        -> Temporary table with deduplication  (cost=809..809 rows=1872)
            -> Filter: (sbtest8.id between 5375261 and 5376260)  (cost=378 rows=1872)
                -> Index range scan on sbtest8 using PRIMARY over (5375261 <= id <= 5376260)  (cost=378 rows=1872)


for: distinct_ranges
table 1 : explain SELECT DISTINCT c FROM sbtest1 WHERE id BETWEEN 1533379 AND 1534378 ORDER BY c
	-> Sort: sbtest1.c
    -> Table scan on <temporary>  (cost=794..820 rows=1838)
        -> Temporary table with deduplication  (cost=794..794 rows=1838)
            -> Filter: (sbtest1.id between 1533379 and 1534378)  (cost=371 rows=1838)
                -> Index range scan on sbtest1 using PRIMARY over (1533379 <= id <= 1534378)  (cost=371 rows=1838)


table 2 : explain SELECT DISTINCT c FROM sbtest2 WHERE id BETWEEN 5655728 AND 5656727 ORDER BY c
	-> Sort: sbtest2.c
    -> Table scan on <temporary>  (cost=809..835 rows=1872)
        -> Temporary table with deduplication  (cost=809..809 rows=1872)
            -> Filter: (sbtest2.id between 5655728 and 5656727)  (cost=378 rows=1872)
                -> Index range scan on sbtest2 using PRIMARY over (5655728 <= id <= 5656727)  (cost=378 rows=1872)


table 3 : explain SELECT DISTINCT c FROM sbtest3 WHERE id BETWEEN 8012769 AND 8013768 ORDER BY c
	-> Sort: sbtest3.c
    -> Table scan on <temporary>  (cost=794..820 rows=1838)
        -> Temporary table with deduplication  (cost=794..794 rows=1838)
            -> Filter: (sbtest3.id between 8012769 and 8013768)  (cost=371 rows=1838)
                -> Index range scan on sbtest3 using PRIMARY over (8012769 <= id <= 8013768)  (cost=371 rows=1838)


table 4 : explain SELECT DISTINCT c FROM sbtest4 WHERE id BETWEEN 2823587 AND 2824586 ORDER BY c
	-> Sort: sbtest4.c
    -> Table scan on <temporary>  (cost=794..820 rows=1838)
        -> Temporary table with deduplication  (cost=794..794 rows=1838)
            -> Filter: (sbtest4.id between 2823587 and 2824586)  (cost=371 rows=1838)
                -> Index range scan on sbtest4 using PRIMARY over (2823587 <= id <= 2824586)  (cost=371 rows=1838)


table 5 : explain SELECT DISTINCT c FROM sbtest5 WHERE id BETWEEN 8005728 AND 8006727 ORDER BY c
	-> Sort: sbtest5.c
    -> Table scan on <temporary>  (cost=795..821 rows=1840)
        -> Temporary table with deduplication  (cost=795..795 rows=1840)
            -> Filter: (sbtest5.id between 8005728 and 8006727)  (cost=371 rows=1840)
                -> Index range scan on sbtest5 using PRIMARY over (8005728 <= id <= 8006727)  (cost=371 rows=1840)


table 6 : explain SELECT DISTINCT c FROM sbtest6 WHERE id BETWEEN 1012732 AND 1013731 ORDER BY c
	-> Sort: sbtest6.c
    -> Table scan on <temporary>  (cost=794..820 rows=1838)
        -> Temporary table with deduplication  (cost=794..794 rows=1838)
            -> Filter: (sbtest6.id between 1012732 and 1013731)  (cost=371 rows=1838)
                -> Index range scan on sbtest6 using PRIMARY over (1012732 <= id <= 1013731)  (cost=371 rows=1838)


table 7 : explain SELECT DISTINCT c FROM sbtest7 WHERE id BETWEEN 2069958 AND 2070957 ORDER BY c
	-> Sort: sbtest7.c
    -> Table scan on <temporary>  (cost=809..835 rows=1872)
        -> Temporary table with deduplication  (cost=809..809 rows=1872)
            -> Filter: (sbtest7.id between 2069958 and 2070957)  (cost=378 rows=1872)
                -> Index range scan on sbtest7 using PRIMARY over (2069958 <= id <= 2070957)  (cost=378 rows=1872)


table 8 : explain SELECT DISTINCT c FROM sbtest8 WHERE id BETWEEN 497054 AND 498053 ORDER BY c
	-> Sort: sbtest8.c
    -> Table scan on <temporary>  (cost=794..820 rows=1838)
        -> Temporary table with deduplication  (cost=794..794 rows=1838)
            -> Filter: (sbtest8.id between 497054 and 498053)  (cost=371 rows=1838)
                -> Index range scan on sbtest8 using PRIMARY over (497054 <= id <= 498053)  (cost=371 rows=1838)


for: distinct_ranges
table 1 : explain SELECT DISTINCT c FROM sbtest1 WHERE id BETWEEN 9031416 AND 9032415 ORDER BY c
	-> Sort: sbtest1.c
    -> Table scan on <temporary>  (cost=794..820 rows=1838)
        -> Temporary table with deduplication  (cost=794..794 rows=1838)
            -> Filter: (sbtest1.id between 9031416 and 9032415)  (cost=371 rows=1838)
                -> Index range scan on sbtest1 using PRIMARY over (9031416 <= id <= 9032415)  (cost=371 rows=1838)


table 2 : explain SELECT DISTINCT c FROM sbtest2 WHERE id BETWEEN 5781907 AND 5782906 ORDER BY c
	-> Sort: sbtest2.c
    -> Table scan on <temporary>  (cost=794..820 rows=1838)
        -> Temporary table with deduplication  (cost=794..794 rows=1838)
            -> Filter: (sbtest2.id between 5781907 and 5782906)  (cost=371 rows=1838)
                -> Index range scan on sbtest2 using PRIMARY over (5781907 <= id <= 5782906)  (cost=371 rows=1838)


table 3 : explain SELECT DISTINCT c FROM sbtest3 WHERE id BETWEEN 5827687 AND 5828686 ORDER BY c
	-> Sort: sbtest3.c
    -> Table scan on <temporary>  (cost=794..820 rows=1838)
        -> Temporary table with deduplication  (cost=794..794 rows=1838)
            -> Filter: (sbtest3.id between 5827687 and 5828686)  (cost=371 rows=1838)
                -> Index range scan on sbtest3 using PRIMARY over (5827687 <= id <= 5828686)  (cost=371 rows=1838)


table 4 : explain SELECT DISTINCT c FROM sbtest4 WHERE id BETWEEN 7050092 AND 7051091 ORDER BY c
	-> Sort: sbtest4.c
    -> Table scan on <temporary>  (cost=809..835 rows=1872)
        -> Temporary table with deduplication  (cost=809..809 rows=1872)
            -> Filter: (sbtest4.id between 7050092 and 7051091)  (cost=378 rows=1872)
                -> Index range scan on sbtest4 using PRIMARY over (7050092 <= id <= 7051091)  (cost=378 rows=1872)


table 5 : explain SELECT DISTINCT c FROM sbtest5 WHERE id BETWEEN 5097662 AND 5098661 ORDER BY c
	-> Sort: sbtest5.c
    -> Table scan on <temporary>  (cost=794..820 rows=1838)
        -> Temporary table with deduplication  (cost=794..794 rows=1838)
            -> Filter: (sbtest5.id between 5097662 and 5098661)  (cost=371 rows=1838)
                -> Index range scan on sbtest5 using PRIMARY over (5097662 <= id <= 5098661)  (cost=371 rows=1838)


table 6 : explain SELECT DISTINCT c FROM sbtest6 WHERE id BETWEEN 6144386 AND 6145385 ORDER BY c
	-> Sort: sbtest6.c
    -> Table scan on <temporary>  (cost=809..835 rows=1872)
        -> Temporary table with deduplication  (cost=809..809 rows=1872)
            -> Filter: (sbtest6.id between 6144386 and 6145385)  (cost=378 rows=1872)
                -> Index range scan on sbtest6 using PRIMARY over (6144386 <= id <= 6145385)  (cost=378 rows=1872)


table 7 : explain SELECT DISTINCT c FROM sbtest7 WHERE id BETWEEN 8339786 AND 8340785 ORDER BY c
	-> Sort: sbtest7.c
    -> Table scan on <temporary>  (cost=809..835 rows=1872)
        -> Temporary table with deduplication  (cost=809..809 rows=1872)
            -> Filter: (sbtest7.id between 8339786 and 8340785)  (cost=378 rows=1872)
                -> Index range scan on sbtest7 using PRIMARY over (8339786 <= id <= 8340785)  (cost=378 rows=1872)


table 8 : explain SELECT DISTINCT c FROM sbtest8 WHERE id BETWEEN 6890774 AND 6891773 ORDER BY c
	-> Sort: sbtest8.c
    -> Table scan on <temporary>  (cost=794..820 rows=1838)
        -> Temporary table with deduplication  (cost=794..794 rows=1838)
            -> Filter: (sbtest8.id between 6890774 and 6891773)  (cost=371 rows=1838)
                -> Index range scan on sbtest8 using PRIMARY over (6890774 <= id <= 6891773)  (cost=371 rows=1838)


for: distinct_ranges
table 1 : explain SELECT DISTINCT c FROM sbtest1 WHERE id BETWEEN 9906702 AND 9907701 ORDER BY c
	-> Sort: sbtest1.c
    -> Table scan on <temporary>  (cost=794..820 rows=1838)
        -> Temporary table with deduplication  (cost=794..794 rows=1838)
            -> Filter: (sbtest1.id between 9906702 and 9907701)  (cost=371 rows=1838)
                -> Index range scan on sbtest1 using PRIMARY over (9906702 <= id <= 9907701)  (cost=371 rows=1838)


table 2 : explain SELECT DISTINCT c FROM sbtest2 WHERE id BETWEEN 8266685 AND 8267684 ORDER BY c
	-> Sort: sbtest2.c
    -> Table scan on <temporary>  (cost=794..820 rows=1838)
        -> Temporary table with deduplication  (cost=794..794 rows=1838)
            -> Filter: (sbtest2.id between 8266685 and 8267684)  (cost=371 rows=1838)
                -> Index range scan on sbtest2 using PRIMARY over (8266685 <= id <= 8267684)  (cost=371 rows=1838)


table 3 : explain SELECT DISTINCT c FROM sbtest3 WHERE id BETWEEN 358455 AND 359454 ORDER BY c
	-> Sort: sbtest3.c
    -> Table scan on <temporary>  (cost=794..820 rows=1838)
        -> Temporary table with deduplication  (cost=794..794 rows=1838)
            -> Filter: (sbtest3.id between 358455 and 359454)  (cost=371 rows=1838)
                -> Index range scan on sbtest3 using PRIMARY over (358455 <= id <= 359454)  (cost=371 rows=1838)


table 4 : explain SELECT DISTINCT c FROM sbtest4 WHERE id BETWEEN 709828 AND 710827 ORDER BY c
	-> Sort: sbtest4.c
    -> Table scan on <temporary>  (cost=809..835 rows=1872)
        -> Temporary table with deduplication  (cost=809..809 rows=1872)
            -> Filter: (sbtest4.id between 709828 and 710827)  (cost=378 rows=1872)
                -> Index range scan on sbtest4 using PRIMARY over (709828 <= id <= 710827)  (cost=378 rows=1872)


table 5 : explain SELECT DISTINCT c FROM sbtest5 WHERE id BETWEEN 3078005 AND 3079004 ORDER BY c
	-> Sort: sbtest5.c
    -> Table scan on <temporary>  (cost=794..820 rows=1838)
        -> Temporary table with deduplication  (cost=794..794 rows=1838)
            -> Filter: (sbtest5.id between 3078005 and 3079004)  (cost=371 rows=1838)
                -> Index range scan on sbtest5 using PRIMARY over (3078005 <= id <= 3079004)  (cost=371 rows=1838)


table 6 : explain SELECT DISTINCT c FROM sbtest6 WHERE id BETWEEN 4100308 AND 4101307 ORDER BY c
	-> Sort: sbtest6.c
    -> Table scan on <temporary>  (cost=809..835 rows=1872)
        -> Temporary table with deduplication  (cost=809..809 rows=1872)
            -> Filter: (sbtest6.id between 4100308 and 4101307)  (cost=378 rows=1872)
                -> Index range scan on sbtest6 using PRIMARY over (4100308 <= id <= 4101307)  (cost=378 rows=1872)


table 7 : explain SELECT DISTINCT c FROM sbtest7 WHERE id BETWEEN 1504158 AND 1505157 ORDER BY c
	-> Sort: sbtest7.c
    -> Table scan on <temporary>  (cost=794..820 rows=1838)
        -> Temporary table with deduplication  (cost=794..794 rows=1838)
            -> Filter: (sbtest7.id between 1504158 and 1505157)  (cost=371 rows=1838)
                -> Index range scan on sbtest7 using PRIMARY over (1504158 <= id <= 1505157)  (cost=371 rows=1838)


table 8 : explain SELECT DISTINCT c FROM sbtest8 WHERE id BETWEEN 9565785 AND 9566784 ORDER BY c
	-> Sort: sbtest8.c
    -> Table scan on <temporary>  (cost=794..820 rows=1838)
        -> Temporary table with deduplication  (cost=794..794 rows=1838)
            -> Filter: (sbtest8.id between 9565785 and 9566784)  (cost=371 rows=1838)
                -> Index range scan on sbtest8 using PRIMARY over (9565785 <= id <= 9566784)  (cost=371 rows=1838)


for: distinct_ranges
table 1 : explain SELECT DISTINCT c FROM sbtest1 WHERE id BETWEEN 2119961 AND 2120960 ORDER BY c
	-> Sort: sbtest1.c
    -> Table scan on <temporary>  (cost=809..835 rows=1872)
        -> Temporary table with deduplication  (cost=809..809 rows=1872)
            -> Filter: (sbtest1.id between 2119961 and 2120960)  (cost=378 rows=1872)
                -> Index range scan on sbtest1 using PRIMARY over (2119961 <= id <= 2120960)  (cost=378 rows=1872)


table 2 : explain SELECT DISTINCT c FROM sbtest2 WHERE id BETWEEN 8263379 AND 8264378 ORDER BY c
	-> Sort: sbtest2.c
    -> Table scan on <temporary>  (cost=794..820 rows=1838)
        -> Temporary table with deduplication  (cost=794..794 rows=1838)
            -> Filter: (sbtest2.id between 8263379 and 8264378)  (cost=371 rows=1838)
                -> Index range scan on sbtest2 using PRIMARY over (8263379 <= id <= 8264378)  (cost=371 rows=1838)


table 3 : explain SELECT DISTINCT c FROM sbtest3 WHERE id BETWEEN 7990405 AND 7991404 ORDER BY c
	-> Sort: sbtest3.c
    -> Table scan on <temporary>  (cost=809..835 rows=1872)
        -> Temporary table with deduplication  (cost=809..809 rows=1872)
            -> Filter: (sbtest3.id between 7990405 and 7991404)  (cost=378 rows=1872)
                -> Index range scan on sbtest3 using PRIMARY over (7990405 <= id <= 7991404)  (cost=378 rows=1872)


table 4 : explain SELECT DISTINCT c FROM sbtest4 WHERE id BETWEEN 5493648 AND 5494647 ORDER BY c
	-> Sort: sbtest4.c
    -> Table scan on <temporary>  (cost=794..820 rows=1838)
        -> Temporary table with deduplication  (cost=794..794 rows=1838)
            -> Filter: (sbtest4.id between 5493648 and 5494647)  (cost=371 rows=1838)
                -> Index range scan on sbtest4 using PRIMARY over (5493648 <= id <= 5494647)  (cost=371 rows=1838)


table 5 : explain SELECT DISTINCT c FROM sbtest5 WHERE id BETWEEN 2718034 AND 2719033 ORDER BY c
	-> Sort: sbtest5.c
    -> Table scan on <temporary>  (cost=794..820 rows=1838)
        -> Temporary table with deduplication  (cost=794..794 rows=1838)
            -> Filter: (sbtest5.id between 2718034 and 2719033)  (cost=371 rows=1838)
                -> Index range scan on sbtest5 using PRIMARY over (2718034 <= id <= 2719033)  (cost=371 rows=1838)


table 6 : explain SELECT DISTINCT c FROM sbtest6 WHERE id BETWEEN 8864668 AND 8865667 ORDER BY c
	-> Sort: sbtest6.c
    -> Table scan on <temporary>  (cost=809..835 rows=1872)
        -> Temporary table with deduplication  (cost=809..809 rows=1872)
            -> Filter: (sbtest6.id between 8864668 and 8865667)  (cost=378 rows=1872)
                -> Index range scan on sbtest6 using PRIMARY over (8864668 <= id <= 8865667)  (cost=378 rows=1872)


table 7 : explain SELECT DISTINCT c FROM sbtest7 WHERE id BETWEEN 4841016 AND 4842015 ORDER BY c
	-> Sort: sbtest7.c
    -> Table scan on <temporary>  (cost=794..820 rows=1838)
        -> Temporary table with deduplication  (cost=794..794 rows=1838)
            -> Filter: (sbtest7.id between 4841016 and 4842015)  (cost=371 rows=1838)
                -> Index range scan on sbtest7 using PRIMARY over (4841016 <= id <= 4842015)  (cost=371 rows=1838)


table 8 : explain SELECT DISTINCT c FROM sbtest8 WHERE id BETWEEN 9608077 AND 9609076 ORDER BY c
	-> Sort: sbtest8.c
    -> Table scan on <temporary>  (cost=794..820 rows=1838)
        -> Temporary table with deduplication  (cost=794..794 rows=1838)
            -> Filter: (sbtest8.id between 9608077 and 9609076)  (cost=371 rows=1838)
                -> Index range scan on sbtest8 using PRIMARY over (9608077 <= id <= 9609076)  (cost=371 rows=1838)

for: distinct_ranges
table 1 : explain SELECT DISTINCT c FROM sbtest1 WHERE id BETWEEN 2741123 AND 2742122 ORDER BY c
	-> Sort: sbtest1.c
    -> Table scan on <temporary>  (cost=809..835 rows=1872)
        -> Temporary table with deduplication  (cost=809..809 rows=1872)
            -> Filter: (sbtest1.id between 2741123 and 2742122)  (cost=378 rows=1872)
                -> Index range scan on sbtest1 using PRIMARY over (2741123 <= id <= 2742122)  (cost=378 rows=1872)


table 2 : explain SELECT DISTINCT c FROM sbtest2 WHERE id BETWEEN 970255 AND 971254 ORDER BY c
	-> Sort: sbtest2.c
    -> Table scan on <temporary>  (cost=794..820 rows=1838)
        -> Temporary table with deduplication  (cost=794..794 rows=1838)
            -> Filter: (sbtest2.id between 970255 and 971254)  (cost=371 rows=1838)
                -> Index range scan on sbtest2 using PRIMARY over (970255 <= id <= 971254)  (cost=371 rows=1838)


table 3 : explain SELECT DISTINCT c FROM sbtest3 WHERE id BETWEEN 6621312 AND 6622311 ORDER BY c
	-> Sort: sbtest3.c
    -> Table scan on <temporary>  (cost=794..820 rows=1838)
        -> Temporary table with deduplication  (cost=794..794 rows=1838)
            -> Filter: (sbtest3.id between 6621312 and 6622311)  (cost=371 rows=1838)
                -> Index range scan on sbtest3 using PRIMARY over (6621312 <= id <= 6622311)  (cost=371 rows=1838)


table 4 : explain SELECT DISTINCT c FROM sbtest4 WHERE id BETWEEN 5779485 AND 5780484 ORDER BY c
	-> Sort: sbtest4.c
    -> Table scan on <temporary>  (cost=794..820 rows=1838)
        -> Temporary table with deduplication  (cost=794..794 rows=1838)
            -> Filter: (sbtest4.id between 5779485 and 5780484)  (cost=371 rows=1838)
                -> Index range scan on sbtest4 using PRIMARY over (5779485 <= id <= 5780484)  (cost=371 rows=1838)


table 5 : explain SELECT DISTINCT c FROM sbtest5 WHERE id BETWEEN 5592534 AND 5593533 ORDER BY c
	-> Sort: sbtest5.c
    -> Table scan on <temporary>  (cost=794..820 rows=1838)
        -> Temporary table with deduplication  (cost=794..794 rows=1838)
            -> Filter: (sbtest5.id between 5592534 and 5593533)  (cost=371 rows=1838)
                -> Index range scan on sbtest5 using PRIMARY over (5592534 <= id <= 5593533)  (cost=371 rows=1838)


table 6 : explain SELECT DISTINCT c FROM sbtest6 WHERE id BETWEEN 1163925 AND 1164924 ORDER BY c
	-> Sort: sbtest6.c
    -> Table scan on <temporary>  (cost=794..820 rows=1838)
        -> Temporary table with deduplication  (cost=794..794 rows=1838)
            -> Filter: (sbtest6.id between 1163925 and 1164924)  (cost=371 rows=1838)
                -> Index range scan on sbtest6 using PRIMARY over (1163925 <= id <= 1164924)  (cost=371 rows=1838)


table 7 : explain SELECT DISTINCT c FROM sbtest7 WHERE id BETWEEN 4227052 AND 4228051 ORDER BY c
	-> Sort: sbtest7.c
    -> Table scan on <temporary>  (cost=794..820 rows=1838)
        -> Temporary table with deduplication  (cost=794..794 rows=1838)
            -> Filter: (sbtest7.id between 4227052 and 4228051)  (cost=371 rows=1838)
                -> Index range scan on sbtest7 using PRIMARY over (4227052 <= id <= 4228051)  (cost=371 rows=1838)


table 8 : explain SELECT DISTINCT c FROM sbtest8 WHERE id BETWEEN 6366337 AND 6367336 ORDER BY c
	-> Sort: sbtest8.c
    -> Table scan on <temporary>  (cost=794..820 rows=1838)
        -> Temporary table with deduplication  (cost=794..794 rows=1838)
            -> Filter: (sbtest8.id between 6366337 and 6367336)  (cost=371 rows=1838)
                -> Index range scan on sbtest8 using PRIMARY over (6366337 <= id <= 6367336)  (cost=371 rows=1838)



for: distinct_ranges
table 1 : explain SELECT DISTINCT c FROM sbtest1 WHERE id BETWEEN 748542 AND 749541 ORDER BY c
	-> Sort: sbtest1.c
    -> Table scan on <temporary>  (cost=794..820 rows=1838)
        -> Temporary table with deduplication  (cost=794..794 rows=1838)
            -> Filter: (sbtest1.id between 748542 and 749541)  (cost=371 rows=1838)
                -> Index range scan on sbtest1 using PRIMARY over (748542 <= id <= 749541)  (cost=371 rows=1838)


table 2 : explain SELECT DISTINCT c FROM sbtest2 WHERE id BETWEEN 2165941 AND 2166940 ORDER BY c
	-> Sort: sbtest2.c
    -> Table scan on <temporary>  (cost=794..820 rows=1838)
        -> Temporary table with deduplication  (cost=794..794 rows=1838)
            -> Filter: (sbtest2.id between 2165941 and 2166940)  (cost=371 rows=1838)
                -> Index range scan on sbtest2 using PRIMARY over (2165941 <= id <= 2166940)  (cost=371 rows=1838)


table 3 : explain SELECT DISTINCT c FROM sbtest3 WHERE id BETWEEN 2530520 AND 2531519 ORDER BY c
	-> Sort: sbtest3.c
    -> Table scan on <temporary>  (cost=809..835 rows=1872)
        -> Temporary table with deduplication  (cost=809..809 rows=1872)
            -> Filter: (sbtest3.id between 2530520 and 2531519)  (cost=378 rows=1872)
                -> Index range scan on sbtest3 using PRIMARY over (2530520 <= id <= 2531519)  (cost=378 rows=1872)


table 4 : explain SELECT DISTINCT c FROM sbtest4 WHERE id BETWEEN 6151327 AND 6152326 ORDER BY c
	-> Sort: sbtest4.c
    -> Table scan on <temporary>  (cost=809..835 rows=1872)
        -> Temporary table with deduplication  (cost=809..809 rows=1872)
            -> Filter: (sbtest4.id between 6151327 and 6152326)  (cost=378 rows=1872)
                -> Index range scan on sbtest4 using PRIMARY over (6151327 <= id <= 6152326)  (cost=378 rows=1872)


table 5 : explain SELECT DISTINCT c FROM sbtest5 WHERE id BETWEEN 6446685 AND 6447684 ORDER BY c
	-> Sort: sbtest5.c
    -> Table scan on <temporary>  (cost=809..835 rows=1872)
        -> Temporary table with deduplication  (cost=809..809 rows=1872)
            -> Filter: (sbtest5.id between 6446685 and 6447684)  (cost=378 rows=1872)
                -> Index range scan on sbtest5 using PRIMARY over (6446685 <= id <= 6447684)  (cost=378 rows=1872)


table 6 : explain SELECT DISTINCT c FROM sbtest6 WHERE id BETWEEN 9221377 AND 9222376 ORDER BY c
	-> Sort: sbtest6.c
    -> Table scan on <temporary>  (cost=794..820 rows=1838)
        -> Temporary table with deduplication  (cost=794..794 rows=1838)
            -> Filter: (sbtest6.id between 9221377 and 9222376)  (cost=371 rows=1838)
                -> Index range scan on sbtest6 using PRIMARY over (9221377 <= id <= 9222376)  (cost=371 rows=1838)


table 7 : explain SELECT DISTINCT c FROM sbtest7 WHERE id BETWEEN 3585782 AND 3586781 ORDER BY c
	-> Sort: sbtest7.c
    -> Table scan on <temporary>  (cost=794..820 rows=1838)
        -> Temporary table with deduplication  (cost=794..794 rows=1838)
            -> Filter: (sbtest7.id between 3585782 and 3586781)  (cost=371 rows=1838)
                -> Index range scan on sbtest7 using PRIMARY over (3585782 <= id <= 3586781)  (cost=371 rows=1838)


table 8 : explain SELECT DISTINCT c FROM sbtest8 WHERE id BETWEEN 5131499 AND 5132498 ORDER BY c
	-> Sort: sbtest8.c
    -> Table scan on <temporary>  (cost=795..821 rows=1840)
        -> Temporary table with deduplication  (cost=795..795 rows=1840)
            -> Filter: (sbtest8.id between 5131499 and 5132498)  (cost=371 rows=1840)
                -> Index range scan on sbtest8 using PRIMARY over (5131499 <= id <= 5132498)  (cost=371 rows=1840)


for: distinct_ranges
table 1 : explain SELECT DISTINCT c FROM sbtest1 WHERE id BETWEEN 6929409 AND 6930408 ORDER BY c
	-> Sort: sbtest1.c
    -> Table scan on <temporary>  (cost=794..820 rows=1838)
        -> Temporary table with deduplication  (cost=794..794 rows=1838)
            -> Filter: (sbtest1.id between 6929409 and 6930408)  (cost=371 rows=1838)
                -> Index range scan on sbtest1 using PRIMARY over (6929409 <= id <= 6930408)  (cost=371 rows=1838)


table 2 : explain SELECT DISTINCT c FROM sbtest2 WHERE id BETWEEN 8419433 AND 8420432 ORDER BY c
	-> Sort: sbtest2.c
    -> Table scan on <temporary>  (cost=809..835 rows=1872)
        -> Temporary table with deduplication  (cost=809..809 rows=1872)
            -> Filter: (sbtest2.id between 8419433 and 8420432)  (cost=378 rows=1872)
                -> Index range scan on sbtest2 using PRIMARY over (8419433 <= id <= 8420432)  (cost=378 rows=1872)


table 3 : explain SELECT DISTINCT c FROM sbtest3 WHERE id BETWEEN 2694426 AND 2695425 ORDER BY c
	-> Sort: sbtest3.c
    -> Table scan on <temporary>  (cost=794..820 rows=1838)
        -> Temporary table with deduplication  (cost=794..794 rows=1838)
            -> Filter: (sbtest3.id between 2694426 and 2695425)  (cost=371 rows=1838)
                -> Index range scan on sbtest3 using PRIMARY over (2694426 <= id <= 2695425)  (cost=371 rows=1838)


table 4 : explain SELECT DISTINCT c FROM sbtest4 WHERE id BETWEEN 2353418 AND 2354417 ORDER BY c
	-> Sort: sbtest4.c
    -> Table scan on <temporary>  (cost=809..835 rows=1872)
        -> Temporary table with deduplication  (cost=809..809 rows=1872)
            -> Filter: (sbtest4.id between 2353418 and 2354417)  (cost=378 rows=1872)
                -> Index range scan on sbtest4 using PRIMARY over (2353418 <= id <= 2354417)  (cost=378 rows=1872)


table 5 : explain SELECT DISTINCT c FROM sbtest5 WHERE id BETWEEN 6994368 AND 6995367 ORDER BY c
	-> Sort: sbtest5.c
    -> Table scan on <temporary>  (cost=794..820 rows=1838)
        -> Temporary table with deduplication  (cost=794..794 rows=1838)
            -> Filter: (sbtest5.id between 6994368 and 6995367)  (cost=371 rows=1838)
                -> Index range scan on sbtest5 using PRIMARY over (6994368 <= id <= 6995367)  (cost=371 rows=1838)


table 6 : explain SELECT DISTINCT c FROM sbtest6 WHERE id BETWEEN 5959975 AND 5960974 ORDER BY c
	-> Sort: sbtest6.c
    -> Table scan on <temporary>  (cost=794..820 rows=1838)
        -> Temporary table with deduplication  (cost=794..794 rows=1838)
            -> Filter: (sbtest6.id between 5959975 and 5960974)  (cost=371 rows=1838)
                -> Index range scan on sbtest6 using PRIMARY over (5959975 <= id <= 5960974)  (cost=371 rows=1838)


table 7 : explain SELECT DISTINCT c FROM sbtest7 WHERE id BETWEEN 4763972 AND 4764971 ORDER BY c
	-> Sort: sbtest7.c
    -> Table scan on <temporary>  (cost=794..820 rows=1838)
        -> Temporary table with deduplication  (cost=794..794 rows=1838)
            -> Filter: (sbtest7.id between 4763972 and 4764971)  (cost=371 rows=1838)
                -> Index range scan on sbtest7 using PRIMARY over (4763972 <= id <= 4764971)  (cost=371 rows=1838)


table 8 : explain SELECT DISTINCT c FROM sbtest8 WHERE id BETWEEN 7536534 AND 7537533 ORDER BY c
	-> Sort: sbtest8.c
    -> Table scan on <temporary>  (cost=794..820 rows=1838)
        -> Temporary table with deduplication  (cost=794..794 rows=1838)
            -> Filter: (sbtest8.id between 7536534 and 7537533)  (cost=371 rows=1838)
                -> Index range scan on sbtest8 using PRIMARY over (7536534 <= id <= 7537533)  (cost=371 rows=1838)


for: distinct_ranges
table 1 : explain SELECT DISTINCT c FROM sbtest1 WHERE id BETWEEN 6713356 AND 6714355 ORDER BY c
	-> Sort: sbtest1.c
    -> Table scan on <temporary>  (cost=809..835 rows=1872)
        -> Temporary table with deduplication  (cost=809..809 rows=1872)
            -> Filter: (sbtest1.id between 6713356 and 6714355)  (cost=378 rows=1872)
                -> Index range scan on sbtest1 using PRIMARY over (6713356 <= id <= 6714355)  (cost=378 rows=1872)


table 2 : explain SELECT DISTINCT c FROM sbtest2 WHERE id BETWEEN 8160152 AND 8161151 ORDER BY c
	-> Sort: sbtest2.c
    -> Table scan on <temporary>  (cost=794..820 rows=1838)
        -> Temporary table with deduplication  (cost=794..794 rows=1838)
            -> Filter: (sbtest2.id between 8160152 and 8161151)  (cost=371 rows=1838)
                -> Index range scan on sbtest2 using PRIMARY over (8160152 <= id <= 8161151)  (cost=371 rows=1838)


table 3 : explain SELECT DISTINCT c FROM sbtest3 WHERE id BETWEEN 3253191 AND 3254190 ORDER BY c
	-> Sort: sbtest3.c
    -> Table scan on <temporary>  (cost=794..820 rows=1838)
        -> Temporary table with deduplication  (cost=794..794 rows=1838)
            -> Filter: (sbtest3.id between 3253191 and 3254190)  (cost=371 rows=1838)
                -> Index range scan on sbtest3 using PRIMARY over (3253191 <= id <= 3254190)  (cost=371 rows=1838)


table 4 : explain SELECT DISTINCT c FROM sbtest4 WHERE id BETWEEN 2259378 AND 2260377 ORDER BY c
	-> Sort: sbtest4.c
    -> Table scan on <temporary>  (cost=794..820 rows=1838)
        -> Temporary table with deduplication  (cost=794..794 rows=1838)
            -> Filter: (sbtest4.id between 2259378 and 2260377)  (cost=371 rows=1838)
                -> Index range scan on sbtest4 using PRIMARY over (2259378 <= id <= 2260377)  (cost=371 rows=1838)


table 5 : explain SELECT DISTINCT c FROM sbtest5 WHERE id BETWEEN 8259595 AND 8260594 ORDER BY c
	-> Sort: sbtest5.c
    -> Table scan on <temporary>  (cost=794..820 rows=1838)
        -> Temporary table with deduplication  (cost=794..794 rows=1838)
            -> Filter: (sbtest5.id between 8259595 and 8260594)  (cost=371 rows=1838)
                -> Index range scan on sbtest5 using PRIMARY over (8259595 <= id <= 8260594)  (cost=371 rows=1838)


table 6 : explain SELECT DISTINCT c FROM sbtest6 WHERE id BETWEEN 4999115 AND 5000114 ORDER BY c
	-> Sort: sbtest6.c
    -> Table scan on <temporary>  (cost=794..820 rows=1838)
        -> Temporary table with deduplication  (cost=794..794 rows=1838)
            -> Filter: (sbtest6.id between 4999115 and 5000114)  (cost=371 rows=1838)
                -> Index range scan on sbtest6 using PRIMARY over (4999115 <= id <= 5000114)  (cost=371 rows=1838)


table 7 : explain SELECT DISTINCT c FROM sbtest7 WHERE id BETWEEN 170920 AND 171919 ORDER BY c
	-> Sort: sbtest7.c
    -> Table scan on <temporary>  (cost=794..820 rows=1838)
        -> Temporary table with deduplication  (cost=794..794 rows=1838)
            -> Filter: (sbtest7.id between 170920 and 171919)  (cost=371 rows=1838)
                -> Index range scan on sbtest7 using PRIMARY over (170920 <= id <= 171919)  (cost=371 rows=1838)


table 8 : explain SELECT DISTINCT c FROM sbtest8 WHERE id BETWEEN 4563169 AND 4564168 ORDER BY c
	-> Sort: sbtest8.c
    -> Table scan on <temporary>  (cost=794..820 rows=1838)
        -> Temporary table with deduplication  (cost=794..794 rows=1838)
            -> Filter: (sbtest8.id between 4563169 and 4564168)  (cost=371 rows=1838)
                -> Index range scan on sbtest8 using PRIMARY over (4563169 <= id <= 4564168)  (cost=371 rows=1838)


for: distinct_ranges
table 1 : explain SELECT DISTINCT c FROM sbtest1 WHERE id BETWEEN 3988365 AND 3989364 ORDER BY c
	-> Sort: sbtest1.c
    -> Table scan on <temporary>  (cost=794..820 rows=1838)
        -> Temporary table with deduplication  (cost=794..794 rows=1838)
            -> Filter: (sbtest1.id between 3988365 and 3989364)  (cost=371 rows=1838)
                -> Index range scan on sbtest1 using PRIMARY over (3988365 <= id <= 3989364)  (cost=371 rows=1838)


table 2 : explain SELECT DISTINCT c FROM sbtest2 WHERE id BETWEEN 6737694 AND 6738693 ORDER BY c
	-> Sort: sbtest2.c
    -> Table scan on <temporary>  (cost=794..820 rows=1838)
        -> Temporary table with deduplication  (cost=794..794 rows=1838)
            -> Filter: (sbtest2.id between 6737694 and 6738693)  (cost=371 rows=1838)
                -> Index range scan on sbtest2 using PRIMARY over (6737694 <= id <= 6738693)  (cost=371 rows=1838)


table 3 : explain SELECT DISTINCT c FROM sbtest3 WHERE id BETWEEN 1337694 AND 1338693 ORDER BY c
	-> Sort: sbtest3.c
    -> Table scan on <temporary>  (cost=809..835 rows=1872)
        -> Temporary table with deduplication  (cost=809..809 rows=1872)
            -> Filter: (sbtest3.id between 1337694 and 1338693)  (cost=378 rows=1872)
                -> Index range scan on sbtest3 using PRIMARY over (1337694 <= id <= 1338693)  (cost=378 rows=1872)


table 4 : explain SELECT DISTINCT c FROM sbtest4 WHERE id BETWEEN 1843933 AND 1844932 ORDER BY c
	-> Sort: sbtest4.c
    -> Table scan on <temporary>  (cost=794..820 rows=1838)
        -> Temporary table with deduplication  (cost=794..794 rows=1838)
            -> Filter: (sbtest4.id between 1843933 and 1844932)  (cost=371 rows=1838)
                -> Index range scan on sbtest4 using PRIMARY over (1843933 <= id <= 1844932)  (cost=371 rows=1838)


table 5 : explain SELECT DISTINCT c FROM sbtest5 WHERE id BETWEEN 1779475 AND 1780474 ORDER BY c
	-> Sort: sbtest5.c
    -> Table scan on <temporary>  (cost=794..820 rows=1838)
        -> Temporary table with deduplication  (cost=794..794 rows=1838)
            -> Filter: (sbtest5.id between 1779475 and 1780474)  (cost=371 rows=1838)
                -> Index range scan on sbtest5 using PRIMARY over (1779475 <= id <= 1780474)  (cost=371 rows=1838)


table 6 : explain SELECT DISTINCT c FROM sbtest6 WHERE id BETWEEN 5195806 AND 5196805 ORDER BY c
	-> Sort: sbtest6.c
    -> Table scan on <temporary>  (cost=794..820 rows=1838)
        -> Temporary table with deduplication  (cost=794..794 rows=1838)
            -> Filter: (sbtest6.id between 5195806 and 5196805)  (cost=371 rows=1838)
                -> Index range scan on sbtest6 using PRIMARY over (5195806 <= id <= 5196805)  (cost=371 rows=1838)


table 7 : explain SELECT DISTINCT c FROM sbtest7 WHERE id BETWEEN 6278715 AND 6279714 ORDER BY c
	-> Sort: sbtest7.c
    -> Table scan on <temporary>  (cost=809..835 rows=1872)
        -> Temporary table with deduplication  (cost=809..809 rows=1872)
            -> Filter: (sbtest7.id between 6278715 and 6279714)  (cost=378 rows=1872)
                -> Index range scan on sbtest7 using PRIMARY over (6278715 <= id <= 6279714)  (cost=378 rows=1872)


table 8 : explain SELECT DISTINCT c FROM sbtest8 WHERE id BETWEEN 2582532 AND 2583531 ORDER BY c
	-> Sort: sbtest8.c
    -> Table scan on <temporary>  (cost=794..820 rows=1838)
        -> Temporary table with deduplication  (cost=794..794 rows=1838)
            -> Filter: (sbtest8.id between 2582532 and 2583531)  (cost=371 rows=1838)
                -> Index range scan on sbtest8 using PRIMARY over (2582532 <= id <= 2583531)  (cost=371 rows=1838)


for: distinct_ranges
table 1 : explain SELECT DISTINCT c FROM sbtest1 WHERE id BETWEEN 7567835 AND 7568834 ORDER BY c
	-> Sort: sbtest1.c
    -> Table scan on <temporary>  (cost=794..820 rows=1838)
        -> Temporary table with deduplication  (cost=794..794 rows=1838)
            -> Filter: (sbtest1.id between 7567835 and 7568834)  (cost=371 rows=1838)
                -> Index range scan on sbtest1 using PRIMARY over (7567835 <= id <= 7568834)  (cost=371 rows=1838)


table 2 : explain SELECT DISTINCT c FROM sbtest2 WHERE id BETWEEN 6865237 AND 6866236 ORDER BY c
	-> Sort: sbtest2.c
    -> Table scan on <temporary>  (cost=794..820 rows=1838)
        -> Temporary table with deduplication  (cost=794..794 rows=1838)
            -> Filter: (sbtest2.id between 6865237 and 6866236)  (cost=371 rows=1838)
                -> Index range scan on sbtest2 using PRIMARY over (6865237 <= id <= 6866236)  (cost=371 rows=1838)


table 3 : explain SELECT DISTINCT c FROM sbtest3 WHERE id BETWEEN 6182439 AND 6183438 ORDER BY c
	-> Sort: sbtest3.c
    -> Table scan on <temporary>  (cost=794..820 rows=1838)
        -> Temporary table with deduplication  (cost=794..794 rows=1838)
            -> Filter: (sbtest3.id between 6182439 and 6183438)  (cost=371 rows=1838)
                -> Index range scan on sbtest3 using PRIMARY over (6182439 <= id <= 6183438)  (cost=371 rows=1838)


table 4 : explain SELECT DISTINCT c FROM sbtest4 WHERE id BETWEEN 1890732 AND 1891731 ORDER BY c
	-> Sort: sbtest4.c
    -> Table scan on <temporary>  (cost=794..820 rows=1838)
        -> Temporary table with deduplication  (cost=794..794 rows=1838)
            -> Filter: (sbtest4.id between 1890732 and 1891731)  (cost=371 rows=1838)
                -> Index range scan on sbtest4 using PRIMARY over (1890732 <= id <= 1891731)  (cost=371 rows=1838)


table 5 : explain SELECT DISTINCT c FROM sbtest5 WHERE id BETWEEN 5497967 AND 5498966 ORDER BY c
	-> Sort: sbtest5.c
    -> Table scan on <temporary>  (cost=809..835 rows=1872)
        -> Temporary table with deduplication  (cost=809..809 rows=1872)
            -> Filter: (sbtest5.id between 5497967 and 5498966)  (cost=378 rows=1872)
                -> Index range scan on sbtest5 using PRIMARY over (5497967 <= id <= 5498966)  (cost=378 rows=1872)


table 6 : explain SELECT DISTINCT c FROM sbtest6 WHERE id BETWEEN 5813078 AND 5814077 ORDER BY c
	-> Sort: sbtest6.c
    -> Table scan on <temporary>  (cost=794..820 rows=1838)
        -> Temporary table with deduplication  (cost=794..794 rows=1838)
            -> Filter: (sbtest6.id between 5813078 and 5814077)  (cost=371 rows=1838)
                -> Index range scan on sbtest6 using PRIMARY over (5813078 <= id <= 5814077)  (cost=371 rows=1838)


table 7 : explain SELECT DISTINCT c FROM sbtest7 WHERE id BETWEEN 5244560 AND 5245559 ORDER BY c
	-> Sort: sbtest7.c
    -> Table scan on <temporary>  (cost=794..820 rows=1838)
        -> Temporary table with deduplication  (cost=794..794 rows=1838)
            -> Filter: (sbtest7.id between 5244560 and 5245559)  (cost=371 rows=1838)
                -> Index range scan on sbtest7 using PRIMARY over (5244560 <= id <= 5245559)  (cost=371 rows=1838)


table 8 : explain SELECT DISTINCT c FROM sbtest8 WHERE id BETWEEN 8113512 AND 8114511 ORDER BY c
	-> Sort: sbtest8.c
    -> Table scan on <temporary>  (cost=794..820 rows=1838)
        -> Temporary table with deduplication  (cost=794..794 rows=1838)
            -> Filter: (sbtest8.id between 8113512 and 8114511)  (cost=371 rows=1838)
                -> Index range scan on sbtest8 using PRIMARY over (8113512 <= id <= 8114511)  (cost=371 rows=1838)


for: distinct_ranges
table 1 : explain SELECT DISTINCT c FROM sbtest1 WHERE id BETWEEN 2749823 AND 2750822 ORDER BY c
	-> Sort: sbtest1.c
    -> Table scan on <temporary>  (cost=809..835 rows=1872)
        -> Temporary table with deduplication  (cost=809..809 rows=1872)
            -> Filter: (sbtest1.id between 2749823 and 2750822)  (cost=378 rows=1872)
                -> Index range scan on sbtest1 using PRIMARY over (2749823 <= id <= 2750822)  (cost=378 rows=1872)


table 2 : explain SELECT DISTINCT c FROM sbtest2 WHERE id BETWEEN 570771 AND 571770 ORDER BY c
	-> Sort: sbtest2.c
    -> Table scan on <temporary>  (cost=809..835 rows=1872)
        -> Temporary table with deduplication  (cost=809..809 rows=1872)
            -> Filter: (sbtest2.id between 570771 and 571770)  (cost=378 rows=1872)
                -> Index range scan on sbtest2 using PRIMARY over (570771 <= id <= 571770)  (cost=378 rows=1872)


table 3 : explain SELECT DISTINCT c FROM sbtest3 WHERE id BETWEEN 644201 AND 645200 ORDER BY c
	-> Sort: sbtest3.c
    -> Table scan on <temporary>  (cost=809..835 rows=1872)
        -> Temporary table with deduplication  (cost=809..809 rows=1872)
            -> Filter: (sbtest3.id between 644201 and 645200)  (cost=378 rows=1872)
                -> Index range scan on sbtest3 using PRIMARY over (644201 <= id <= 645200)  (cost=378 rows=1872)


table 4 : explain SELECT DISTINCT c FROM sbtest4 WHERE id BETWEEN 3138825 AND 3139824 ORDER BY c
	-> Sort: sbtest4.c
    -> Table scan on <temporary>  (cost=809..835 rows=1872)
        -> Temporary table with deduplication  (cost=809..809 rows=1872)
            -> Filter: (sbtest4.id between 3138825 and 3139824)  (cost=378 rows=1872)
                -> Index range scan on sbtest4 using PRIMARY over (3138825 <= id <= 3139824)  (cost=378 rows=1872)


table 5 : explain SELECT DISTINCT c FROM sbtest5 WHERE id BETWEEN 9886105 AND 9887104 ORDER BY c
	-> Sort: sbtest5.c
    -> Table scan on <temporary>  (cost=794..820 rows=1838)
        -> Temporary table with deduplication  (cost=794..794 rows=1838)
            -> Filter: (sbtest5.id between 9886105 and 9887104)  (cost=371 rows=1838)
                -> Index range scan on sbtest5 using PRIMARY over (9886105 <= id <= 9887104)  (cost=371 rows=1838)


table 6 : explain SELECT DISTINCT c FROM sbtest6 WHERE id BETWEEN 2484490 AND 2485489 ORDER BY c
	-> Sort: sbtest6.c
    -> Table scan on <temporary>  (cost=794..820 rows=1838)
        -> Temporary table with deduplication  (cost=794..794 rows=1838)
            -> Filter: (sbtest6.id between 2484490 and 2485489)  (cost=371 rows=1838)
                -> Index range scan on sbtest6 using PRIMARY over (2484490 <= id <= 2485489)  (cost=371 rows=1838)


table 7 : explain SELECT DISTINCT c FROM sbtest7 WHERE id BETWEEN 5408388 AND 5409387 ORDER BY c
	-> Sort: sbtest7.c
    -> Table scan on <temporary>  (cost=795..821 rows=1840)
        -> Temporary table with deduplication  (cost=795..795 rows=1840)
            -> Filter: (sbtest7.id between 5408388 and 5409387)  (cost=371 rows=1840)
                -> Index range scan on sbtest7 using PRIMARY over (5408388 <= id <= 5409387)  (cost=371 rows=1840)


table 8 : explain SELECT DISTINCT c FROM sbtest8 WHERE id BETWEEN 9469101 AND 9470100 ORDER BY c
	-> Sort: sbtest8.c
    -> Table scan on <temporary>  (cost=809..835 rows=1872)
        -> Temporary table with deduplication  (cost=809..809 rows=1872)
            -> Filter: (sbtest8.id between 9469101 and 9470100)  (cost=378 rows=1872)
                -> Index range scan on sbtest8 using PRIMARY over (9469101 <= id <= 9470100)  (cost=378 rows=1872)


for: distinct_ranges
table 1 : explain SELECT DISTINCT c FROM sbtest1 WHERE id BETWEEN 7892494 AND 7893493 ORDER BY c
	-> Sort: sbtest1.c
    -> Table scan on <temporary>  (cost=794..820 rows=1838)
        -> Temporary table with deduplication  (cost=794..794 rows=1838)
            -> Filter: (sbtest1.id between 7892494 and 7893493)  (cost=371 rows=1838)
                -> Index range scan on sbtest1 using PRIMARY over (7892494 <= id <= 7893493)  (cost=371 rows=1838)


table 2 : explain SELECT DISTINCT c FROM sbtest2 WHERE id BETWEEN 5343423 AND 5344422 ORDER BY c
	-> Sort: sbtest2.c
    -> Table scan on <temporary>  (cost=809..835 rows=1872)
        -> Temporary table with deduplication  (cost=809..809 rows=1872)
            -> Filter: (sbtest2.id between 5343423 and 5344422)  (cost=378 rows=1872)
                -> Index range scan on sbtest2 using PRIMARY over (5343423 <= id <= 5344422)  (cost=378 rows=1872)


table 3 : explain SELECT DISTINCT c FROM sbtest3 WHERE id BETWEEN 7423559 AND 7424558 ORDER BY c
	-> Sort: sbtest3.c
    -> Table scan on <temporary>  (cost=809..835 rows=1872)
        -> Temporary table with deduplication  (cost=809..809 rows=1872)
            -> Filter: (sbtest3.id between 7423559 and 7424558)  (cost=378 rows=1872)
                -> Index range scan on sbtest3 using PRIMARY over (7423559 <= id <= 7424558)  (cost=378 rows=1872)


table 4 : explain SELECT DISTINCT c FROM sbtest4 WHERE id BETWEEN 5155931 AND 5156930 ORDER BY c
	-> Sort: sbtest4.c
    -> Table scan on <temporary>  (cost=794..820 rows=1838)
        -> Temporary table with deduplication  (cost=794..794 rows=1838)
            -> Filter: (sbtest4.id between 5155931 and 5156930)  (cost=371 rows=1838)
                -> Index range scan on sbtest4 using PRIMARY over (5155931 <= id <= 5156930)  (cost=371 rows=1838)


table 5 : explain SELECT DISTINCT c FROM sbtest5 WHERE id BETWEEN 6066962 AND 6067961 ORDER BY c
	-> Sort: sbtest5.c
    -> Table scan on <temporary>  (cost=794..820 rows=1838)
        -> Temporary table with deduplication  (cost=794..794 rows=1838)
            -> Filter: (sbtest5.id between 6066962 and 6067961)  (cost=371 rows=1838)
                -> Index range scan on sbtest5 using PRIMARY over (6066962 <= id <= 6067961)  (cost=371 rows=1838)


table 6 : explain SELECT DISTINCT c FROM sbtest6 WHERE id BETWEEN 5983765 AND 5984764 ORDER BY c
	-> Sort: sbtest6.c
    -> Table scan on <temporary>  (cost=794..820 rows=1838)
        -> Temporary table with deduplication  (cost=794..794 rows=1838)
            -> Filter: (sbtest6.id between 5983765 and 5984764)  (cost=371 rows=1838)
                -> Index range scan on sbtest6 using PRIMARY over (5983765 <= id <= 5984764)  (cost=371 rows=1838)


table 7 : explain SELECT DISTINCT c FROM sbtest7 WHERE id BETWEEN 99545 AND 100544 ORDER BY c
	-> Sort: sbtest7.c
    -> Table scan on <temporary>  (cost=809..835 rows=1872)
        -> Temporary table with deduplication  (cost=809..809 rows=1872)
            -> Filter: (sbtest7.id between 99545 and 100544)  (cost=378 rows=1872)
                -> Index range scan on sbtest7 using PRIMARY over (99545 <= id <= 100544)  (cost=378 rows=1872)


table 8 : explain SELECT DISTINCT c FROM sbtest8 WHERE id BETWEEN 4028758 AND 4029757 ORDER BY c
	-> Sort: sbtest8.c
    -> Table scan on <temporary>  (cost=794..820 rows=1838)
        -> Temporary table with deduplication  (cost=794..794 rows=1838)
            -> Filter: (sbtest8.id between 4028758 and 4029757)  (cost=371 rows=1838)
                -> Index range scan on sbtest8 using PRIMARY over (4028758 <= id <= 4029757)  (cost=371 rows=1838)


for: distinct_ranges
table 1 : explain SELECT DISTINCT c FROM sbtest1 WHERE id BETWEEN 111863 AND 112862 ORDER BY c
	-> Sort: sbtest1.c
    -> Table scan on <temporary>  (cost=794..820 rows=1838)
        -> Temporary table with deduplication  (cost=794..794 rows=1838)
            -> Filter: (sbtest1.id between 111863 and 112862)  (cost=371 rows=1838)
                -> Index range scan on sbtest1 using PRIMARY over (111863 <= id <= 112862)  (cost=371 rows=1838)


table 2 : explain SELECT DISTINCT c FROM sbtest2 WHERE id BETWEEN 9054420 AND 9055419 ORDER BY c
	-> Sort: sbtest2.c
    -> Table scan on <temporary>  (cost=794..820 rows=1838)
        -> Temporary table with deduplication  (cost=794..794 rows=1838)
            -> Filter: (sbtest2.id between 9054420 and 9055419)  (cost=371 rows=1838)
                -> Index range scan on sbtest2 using PRIMARY over (9054420 <= id <= 9055419)  (cost=371 rows=1838)


table 3 : explain SELECT DISTINCT c FROM sbtest3 WHERE id BETWEEN 5383446 AND 5384445 ORDER BY c
	-> Sort: sbtest3.c
    -> Table scan on <temporary>  (cost=794..820 rows=1838)
        -> Temporary table with deduplication  (cost=794..794 rows=1838)
            -> Filter: (sbtest3.id between 5383446 and 5384445)  (cost=371 rows=1838)
                -> Index range scan on sbtest3 using PRIMARY over (5383446 <= id <= 5384445)  (cost=371 rows=1838)


table 4 : explain SELECT DISTINCT c FROM sbtest4 WHERE id BETWEEN 7569835 AND 7570834 ORDER BY c
	-> Sort: sbtest4.c
    -> Table scan on <temporary>  (cost=794..820 rows=1838)
        -> Temporary table with deduplication  (cost=794..794 rows=1838)
            -> Filter: (sbtest4.id between 7569835 and 7570834)  (cost=371 rows=1838)
                -> Index range scan on sbtest4 using PRIMARY over (7569835 <= id <= 7570834)  (cost=371 rows=1838)


table 5 : explain SELECT DISTINCT c FROM sbtest5 WHERE id BETWEEN 3724075 AND 3725074 ORDER BY c
	-> Sort: sbtest5.c
    -> Table scan on <temporary>  (cost=809..835 rows=1872)
        -> Temporary table with deduplication  (cost=809..809 rows=1872)
            -> Filter: (sbtest5.id between 3724075 and 3725074)  (cost=378 rows=1872)
                -> Index range scan on sbtest5 using PRIMARY over (3724075 <= id <= 3725074)  (cost=378 rows=1872)


table 6 : explain SELECT DISTINCT c FROM sbtest6 WHERE id BETWEEN 4809605 AND 4810604 ORDER BY c
	-> Sort: sbtest6.c
    -> Table scan on <temporary>  (cost=794..820 rows=1838)
        -> Temporary table with deduplication  (cost=794..794 rows=1838)
            -> Filter: (sbtest6.id between 4809605 and 4810604)  (cost=371 rows=1838)
                -> Index range scan on sbtest6 using PRIMARY over (4809605 <= id <= 4810604)  (cost=371 rows=1838)


table 7 : explain SELECT DISTINCT c FROM sbtest7 WHERE id BETWEEN 6080630 AND 6081629 ORDER BY c
	-> Sort: sbtest7.c
    -> Table scan on <temporary>  (cost=794..820 rows=1838)
        -> Temporary table with deduplication  (cost=794..794 rows=1838)
            -> Filter: (sbtest7.id between 6080630 and 6081629)  (cost=371 rows=1838)
                -> Index range scan on sbtest7 using PRIMARY over (6080630 <= id <= 6081629)  (cost=371 rows=1838)


table 8 : explain SELECT DISTINCT c FROM sbtest8 WHERE id BETWEEN 8930385 AND 8931384 ORDER BY c
	-> Sort: sbtest8.c
    -> Table scan on <temporary>  (cost=794..820 rows=1838)
        -> Temporary table with deduplication  (cost=794..794 rows=1838)
            -> Filter: (sbtest8.id between 8930385 and 8931384)  (cost=371 rows=1838)
                -> Index range scan on sbtest8 using PRIMARY over (8930385 <= id <= 8931384)  (cost=371 rows=1838)


for: distinct_ranges
table 1 : explain SELECT DISTINCT c FROM sbtest1 WHERE id BETWEEN 3211653 AND 3212652 ORDER BY c
	-> Sort: sbtest1.c
    -> Table scan on <temporary>  (cost=794..820 rows=1838)
        -> Temporary table with deduplication  (cost=794..794 rows=1838)
            -> Filter: (sbtest1.id between 3211653 and 3212652)  (cost=371 rows=1838)
                -> Index range scan on sbtest1 using PRIMARY over (3211653 <= id <= 3212652)  (cost=371 rows=1838)


table 2 : explain SELECT DISTINCT c FROM sbtest2 WHERE id BETWEEN 8149159 AND 8150158 ORDER BY c
	-> Sort: sbtest2.c
    -> Table scan on <temporary>  (cost=794..820 rows=1838)
        -> Temporary table with deduplication  (cost=794..794 rows=1838)
            -> Filter: (sbtest2.id between 8149159 and 8150158)  (cost=371 rows=1838)
                -> Index range scan on sbtest2 using PRIMARY over (8149159 <= id <= 8150158)  (cost=371 rows=1838)


table 3 : explain SELECT DISTINCT c FROM sbtest3 WHERE id BETWEEN 6918991 AND 6919990 ORDER BY c
	-> Sort: sbtest3.c
    -> Table scan on <temporary>  (cost=809..835 rows=1872)
        -> Temporary table with deduplication  (cost=809..809 rows=1872)
            -> Filter: (sbtest3.id between 6918991 and 6919990)  (cost=378 rows=1872)
                -> Index range scan on sbtest3 using PRIMARY over (6918991 <= id <= 6919990)  (cost=378 rows=1872)


table 4 : explain SELECT DISTINCT c FROM sbtest4 WHERE id BETWEEN 4700086 AND 4701085 ORDER BY c
	-> Sort: sbtest4.c
    -> Table scan on <temporary>  (cost=809..835 rows=1872)
        -> Temporary table with deduplication  (cost=809..809 rows=1872)
            -> Filter: (sbtest4.id between 4700086 and 4701085)  (cost=378 rows=1872)
                -> Index range scan on sbtest4 using PRIMARY over (4700086 <= id <= 4701085)  (cost=378 rows=1872)


table 5 : explain SELECT DISTINCT c FROM sbtest5 WHERE id BETWEEN 5902212 AND 5903211 ORDER BY c
	-> Sort: sbtest5.c
    -> Table scan on <temporary>  (cost=794..820 rows=1838)
        -> Temporary table with deduplication  (cost=794..794 rows=1838)
            -> Filter: (sbtest5.id between 5902212 and 5903211)  (cost=371 rows=1838)
                -> Index range scan on sbtest5 using PRIMARY over (5902212 <= id <= 5903211)  (cost=371 rows=1838)


table 6 : explain SELECT DISTINCT c FROM sbtest6 WHERE id BETWEEN 5833561 AND 5834560 ORDER BY c
	-> Sort: sbtest6.c
    -> Table scan on <temporary>  (cost=809..835 rows=1872)
        -> Temporary table with deduplication  (cost=809..809 rows=1872)
            -> Filter: (sbtest6.id between 5833561 and 5834560)  (cost=378 rows=1872)
                -> Index range scan on sbtest6 using PRIMARY over (5833561 <= id <= 5834560)  (cost=378 rows=1872)


table 7 : explain SELECT DISTINCT c FROM sbtest7 WHERE id BETWEEN 7883050 AND 7884049 ORDER BY c
	-> Sort: sbtest7.c
    -> Table scan on <temporary>  (cost=794..820 rows=1838)
        -> Temporary table with deduplication  (cost=794..794 rows=1838)
            -> Filter: (sbtest7.id between 7883050 and 7884049)  (cost=371 rows=1838)
                -> Index range scan on sbtest7 using PRIMARY over (7883050 <= id <= 7884049)  (cost=371 rows=1838)


table 8 : explain SELECT DISTINCT c FROM sbtest8 WHERE id BETWEEN 5661154 AND 5662153 ORDER BY c
	-> Sort: sbtest8.c
    -> Table scan on <temporary>  (cost=794..820 rows=1838)
        -> Temporary table with deduplication  (cost=794..794 rows=1838)
            -> Filter: (sbtest8.id between 5661154 and 5662153)  (cost=371 rows=1838)
                -> Index range scan on sbtest8 using PRIMARY over (5661154 <= id <= 5662153)  (cost=371 rows=1838)


for: distinct_ranges
table 1 : explain SELECT DISTINCT c FROM sbtest1 WHERE id BETWEEN 6847879 AND 6848878 ORDER BY c
	-> Sort: sbtest1.c
    -> Table scan on <temporary>  (cost=809..835 rows=1872)
        -> Temporary table with deduplication  (cost=809..809 rows=1872)
            -> Filter: (sbtest1.id between 6847879 and 6848878)  (cost=378 rows=1872)
                -> Index range scan on sbtest1 using PRIMARY over (6847879 <= id <= 6848878)  (cost=378 rows=1872)


table 2 : explain SELECT DISTINCT c FROM sbtest2 WHERE id BETWEEN 610765 AND 611764 ORDER BY c
	-> Sort: sbtest2.c
    -> Table scan on <temporary>  (cost=809..835 rows=1872)
        -> Temporary table with deduplication  (cost=809..809 rows=1872)
            -> Filter: (sbtest2.id between 610765 and 611764)  (cost=378 rows=1872)
                -> Index range scan on sbtest2 using PRIMARY over (610765 <= id <= 611764)  (cost=378 rows=1872)


table 3 : explain SELECT DISTINCT c FROM sbtest3 WHERE id BETWEEN 1827983 AND 1828982 ORDER BY c
	-> Sort: sbtest3.c
    -> Table scan on <temporary>  (cost=794..820 rows=1838)
        -> Temporary table with deduplication  (cost=794..794 rows=1838)
            -> Filter: (sbtest3.id between 1827983 and 1828982)  (cost=371 rows=1838)
                -> Index range scan on sbtest3 using PRIMARY over (1827983 <= id <= 1828982)  (cost=371 rows=1838)


table 4 : explain SELECT DISTINCT c FROM sbtest4 WHERE id BETWEEN 6758664 AND 6759663 ORDER BY c
	-> Sort: sbtest4.c
    -> Table scan on <temporary>  (cost=794..820 rows=1838)
        -> Temporary table with deduplication  (cost=794..794 rows=1838)
            -> Filter: (sbtest4.id between 6758664 and 6759663)  (cost=371 rows=1838)
                -> Index range scan on sbtest4 using PRIMARY over (6758664 <= id <= 6759663)  (cost=371 rows=1838)


table 5 : explain SELECT DISTINCT c FROM sbtest5 WHERE id BETWEEN 9722593 AND 9723592 ORDER BY c
	-> Sort: sbtest5.c
    -> Table scan on <temporary>  (cost=794..820 rows=1838)
        -> Temporary table with deduplication  (cost=794..794 rows=1838)
            -> Filter: (sbtest5.id between 9722593 and 9723592)  (cost=371 rows=1838)
                -> Index range scan on sbtest5 using PRIMARY over (9722593 <= id <= 9723592)  (cost=371 rows=1838)


table 6 : explain SELECT DISTINCT c FROM sbtest6 WHERE id BETWEEN 1688667 AND 1689666 ORDER BY c
	-> Sort: sbtest6.c
    -> Table scan on <temporary>  (cost=794..820 rows=1838)
        -> Temporary table with deduplication  (cost=794..794 rows=1838)
            -> Filter: (sbtest6.id between 1688667 and 1689666)  (cost=371 rows=1838)
                -> Index range scan on sbtest6 using PRIMARY over (1688667 <= id <= 1689666)  (cost=371 rows=1838)


table 7 : explain SELECT DISTINCT c FROM sbtest7 WHERE id BETWEEN 685472 AND 686471 ORDER BY c
	-> Sort: sbtest7.c
    -> Table scan on <temporary>  (cost=794..820 rows=1838)
        -> Temporary table with deduplication  (cost=794..794 rows=1838)
            -> Filter: (sbtest7.id between 685472 and 686471)  (cost=371 rows=1838)
                -> Index range scan on sbtest7 using PRIMARY over (685472 <= id <= 686471)  (cost=371 rows=1838)


table 8 : explain SELECT DISTINCT c FROM sbtest8 WHERE id BETWEEN 4315859 AND 4316858 ORDER BY c
	-> Sort: sbtest8.c
    -> Table scan on <temporary>  (cost=794..820 rows=1838)
        -> Temporary table with deduplication  (cost=794..794 rows=1838)
            -> Filter: (sbtest8.id between 4315859 and 4316858)  (cost=371 rows=1838)
                -> Index range scan on sbtest8 using PRIMARY over (4315859 <= id <= 4316858)  (cost=371 rows=1838)


for: distinct_ranges
table 1 : explain SELECT DISTINCT c FROM sbtest1 WHERE id BETWEEN 9037922 AND 9038921 ORDER BY c
	-> Sort: sbtest1.c
    -> Table scan on <temporary>  (cost=794..820 rows=1838)
        -> Temporary table with deduplication  (cost=794..794 rows=1838)
            -> Filter: (sbtest1.id between 9037922 and 9038921)  (cost=371 rows=1838)
                -> Index range scan on sbtest1 using PRIMARY over (9037922 <= id <= 9038921)  (cost=371 rows=1838)


table 2 : explain SELECT DISTINCT c FROM sbtest2 WHERE id BETWEEN 5907423 AND 5908422 ORDER BY c
	-> Sort: sbtest2.c
    -> Table scan on <temporary>  (cost=809..835 rows=1872)
        -> Temporary table with deduplication  (cost=809..809 rows=1872)
            -> Filter: (sbtest2.id between 5907423 and 5908422)  (cost=378 rows=1872)
                -> Index range scan on sbtest2 using PRIMARY over (5907423 <= id <= 5908422)  (cost=378 rows=1872)


table 3 : explain SELECT DISTINCT c FROM sbtest3 WHERE id BETWEEN 5000356 AND 5001355 ORDER BY c
	-> Sort: sbtest3.c
    -> Table scan on <temporary>  (cost=794..820 rows=1838)
        -> Temporary table with deduplication  (cost=794..794 rows=1838)
            -> Filter: (sbtest3.id between 5000356 and 5001355)  (cost=371 rows=1838)
                -> Index range scan on sbtest3 using PRIMARY over (5000356 <= id <= 5001355)  (cost=371 rows=1838)


table 4 : explain SELECT DISTINCT c FROM sbtest4 WHERE id BETWEEN 9065966 AND 9066965 ORDER BY c
	-> Sort: sbtest4.c
    -> Table scan on <temporary>  (cost=794..820 rows=1838)
        -> Temporary table with deduplication  (cost=794..794 rows=1838)
            -> Filter: (sbtest4.id between 9065966 and 9066965)  (cost=371 rows=1838)
                -> Index range scan on sbtest4 using PRIMARY over (9065966 <= id <= 9066965)  (cost=371 rows=1838)


table 5 : explain SELECT DISTINCT c FROM sbtest5 WHERE id BETWEEN 7826571 AND 7827570 ORDER BY c
	-> Sort: sbtest5.c
    -> Table scan on <temporary>  (cost=794..820 rows=1838)
        -> Temporary table with deduplication  (cost=794..794 rows=1838)
            -> Filter: (sbtest5.id between 7826571 and 7827570)  (cost=371 rows=1838)
                -> Index range scan on sbtest5 using PRIMARY over (7826571 <= id <= 7827570)  (cost=371 rows=1838)


table 6 : explain SELECT DISTINCT c FROM sbtest6 WHERE id BETWEEN 4884692 AND 4885691 ORDER BY c
	-> Sort: sbtest6.c
    -> Table scan on <temporary>  (cost=809..835 rows=1872)
        -> Temporary table with deduplication  (cost=809..809 rows=1872)
            -> Filter: (sbtest6.id between 4884692 and 4885691)  (cost=378 rows=1872)
                -> Index range scan on sbtest6 using PRIMARY over (4884692 <= id <= 4885691)  (cost=378 rows=1872)


table 7 : explain SELECT DISTINCT c FROM sbtest7 WHERE id BETWEEN 100259 AND 101258 ORDER BY c
	-> Sort: sbtest7.c
    -> Table scan on <temporary>  (cost=794..820 rows=1838)
        -> Temporary table with deduplication  (cost=794..794 rows=1838)
            -> Filter: (sbtest7.id between 100259 and 101258)  (cost=371 rows=1838)
                -> Index range scan on sbtest7 using PRIMARY over (100259 <= id <= 101258)  (cost=371 rows=1838)


table 8 : explain SELECT DISTINCT c FROM sbtest8 WHERE id BETWEEN 1723183 AND 1724182 ORDER BY c
	-> Sort: sbtest8.c
    -> Table scan on <temporary>  (cost=794..820 rows=1838)
        -> Temporary table with deduplication  (cost=794..794 rows=1838)
            -> Filter: (sbtest8.id between 1723183 and 1724182)  (cost=371 rows=1838)
                -> Index range scan on sbtest8 using PRIMARY over (1723183 <= id <= 1724182)  (cost=371 rows=1838)


for: distinct_ranges
table 1 : explain SELECT DISTINCT c FROM sbtest1 WHERE id BETWEEN 2371055 AND 2372054 ORDER BY c
	-> Sort: sbtest1.c
    -> Table scan on <temporary>  (cost=794..820 rows=1838)
        -> Temporary table with deduplication  (cost=794..794 rows=1838)
            -> Filter: (sbtest1.id between 2371055 and 2372054)  (cost=371 rows=1838)
                -> Index range scan on sbtest1 using PRIMARY over (2371055 <= id <= 2372054)  (cost=371 rows=1838)


table 2 : explain SELECT DISTINCT c FROM sbtest2 WHERE id BETWEEN 5177813 AND 5178812 ORDER BY c
	-> Sort: sbtest2.c
    -> Table scan on <temporary>  (cost=794..820 rows=1838)
        -> Temporary table with deduplication  (cost=794..794 rows=1838)
            -> Filter: (sbtest2.id between 5177813 and 5178812)  (cost=371 rows=1838)
                -> Index range scan on sbtest2 using PRIMARY over (5177813 <= id <= 5178812)  (cost=371 rows=1838)


table 3 : explain SELECT DISTINCT c FROM sbtest3 WHERE id BETWEEN 9430058 AND 9431057 ORDER BY c
	-> Sort: sbtest3.c
    -> Table scan on <temporary>  (cost=794..820 rows=1838)
        -> Temporary table with deduplication  (cost=794..794 rows=1838)
            -> Filter: (sbtest3.id between 9430058 and 9431057)  (cost=371 rows=1838)
                -> Index range scan on sbtest3 using PRIMARY over (9430058 <= id <= 9431057)  (cost=371 rows=1838)


table 4 : explain SELECT DISTINCT c FROM sbtest4 WHERE id BETWEEN 4733824 AND 4734823 ORDER BY c
	-> Sort: sbtest4.c
    -> Table scan on <temporary>  (cost=794..820 rows=1838)
        -> Temporary table with deduplication  (cost=794..794 rows=1838)
            -> Filter: (sbtest4.id between 4733824 and 4734823)  (cost=371 rows=1838)
                -> Index range scan on sbtest4 using PRIMARY over (4733824 <= id <= 4734823)  (cost=371 rows=1838)


table 5 : explain SELECT DISTINCT c FROM sbtest5 WHERE id BETWEEN 3949983 AND 3950982 ORDER BY c
	-> Sort: sbtest5.c
    -> Table scan on <temporary>  (cost=794..820 rows=1838)
        -> Temporary table with deduplication  (cost=794..794 rows=1838)
            -> Filter: (sbtest5.id between 3949983 and 3950982)  (cost=371 rows=1838)
                -> Index range scan on sbtest5 using PRIMARY over (3949983 <= id <= 3950982)  (cost=371 rows=1838)


table 6 : explain SELECT DISTINCT c FROM sbtest6 WHERE id BETWEEN 3622905 AND 3623904 ORDER BY c
	-> Sort: sbtest6.c
    -> Table scan on <temporary>  (cost=794..820 rows=1838)
        -> Temporary table with deduplication  (cost=794..794 rows=1838)
            -> Filter: (sbtest6.id between 3622905 and 3623904)  (cost=371 rows=1838)
                -> Index range scan on sbtest6 using PRIMARY over (3622905 <= id <= 3623904)  (cost=371 rows=1838)


table 7 : explain SELECT DISTINCT c FROM sbtest7 WHERE id BETWEEN 6705939 AND 6706938 ORDER BY c
	-> Sort: sbtest7.c
    -> Table scan on <temporary>  (cost=794..820 rows=1838)
        -> Temporary table with deduplication  (cost=794..794 rows=1838)
            -> Filter: (sbtest7.id between 6705939 and 6706938)  (cost=371 rows=1838)
                -> Index range scan on sbtest7 using PRIMARY over (6705939 <= id <= 6706938)  (cost=371 rows=1838)


table 8 : explain SELECT DISTINCT c FROM sbtest8 WHERE id BETWEEN 8466510 AND 8467509 ORDER BY c
	-> Sort: sbtest8.c
    -> Table scan on <temporary>  (cost=809..835 rows=1872)
        -> Temporary table with deduplication  (cost=809..809 rows=1872)
            -> Filter: (sbtest8.id between 8466510 and 8467509)  (cost=378 rows=1872)
                -> Index range scan on sbtest8 using PRIMARY over (8466510 <= id <= 8467509)  (cost=378 rows=1872)


for: distinct_ranges
table 1 : explain SELECT DISTINCT c FROM sbtest1 WHERE id BETWEEN 8154394 AND 8155393 ORDER BY c
	-> Sort: sbtest1.c
    -> Table scan on <temporary>  (cost=794..820 rows=1838)
        -> Temporary table with deduplication  (cost=794..794 rows=1838)
            -> Filter: (sbtest1.id between 8154394 and 8155393)  (cost=371 rows=1838)
                -> Index range scan on sbtest1 using PRIMARY over (8154394 <= id <= 8155393)  (cost=371 rows=1838)


table 2 : explain SELECT DISTINCT c FROM sbtest2 WHERE id BETWEEN 4413039 AND 4414038 ORDER BY c
	-> Sort: sbtest2.c
    -> Table scan on <temporary>  (cost=809..835 rows=1872)
        -> Temporary table with deduplication  (cost=809..809 rows=1872)
            -> Filter: (sbtest2.id between 4413039 and 4414038)  (cost=378 rows=1872)
                -> Index range scan on sbtest2 using PRIMARY over (4413039 <= id <= 4414038)  (cost=378 rows=1872)


table 3 : explain SELECT DISTINCT c FROM sbtest3 WHERE id BETWEEN 1539777 AND 1540776 ORDER BY c
	-> Sort: sbtest3.c
    -> Table scan on <temporary>  (cost=794..820 rows=1838)
        -> Temporary table with deduplication  (cost=794..794 rows=1838)
            -> Filter: (sbtest3.id between 1539777 and 1540776)  (cost=371 rows=1838)
                -> Index range scan on sbtest3 using PRIMARY over (1539777 <= id <= 1540776)  (cost=371 rows=1838)


table 4 : explain SELECT DISTINCT c FROM sbtest4 WHERE id BETWEEN 3879656 AND 3880655 ORDER BY c
	-> Sort: sbtest4.c
    -> Table scan on <temporary>  (cost=794..820 rows=1838)
        -> Temporary table with deduplication  (cost=794..794 rows=1838)
            -> Filter: (sbtest4.id between 3879656 and 3880655)  (cost=371 rows=1838)
                -> Index range scan on sbtest4 using PRIMARY over (3879656 <= id <= 3880655)  (cost=371 rows=1838)


table 5 : explain SELECT DISTINCT c FROM sbtest5 WHERE id BETWEEN 1372240 AND 1373239 ORDER BY c
	-> Sort: sbtest5.c
    -> Table scan on <temporary>  (cost=809..835 rows=1872)
        -> Temporary table with deduplication  (cost=809..809 rows=1872)
            -> Filter: (sbtest5.id between 1372240 and 1373239)  (cost=378 rows=1872)
                -> Index range scan on sbtest5 using PRIMARY over (1372240 <= id <= 1373239)  (cost=378 rows=1872)


table 6 : explain SELECT DISTINCT c FROM sbtest6 WHERE id BETWEEN 3552380 AND 3553379 ORDER BY c
	-> Sort: sbtest6.c
    -> Table scan on <temporary>  (cost=809..835 rows=1872)
        -> Temporary table with deduplication  (cost=809..809 rows=1872)
            -> Filter: (sbtest6.id between 3552380 and 3553379)  (cost=378 rows=1872)
                -> Index range scan on sbtest6 using PRIMARY over (3552380 <= id <= 3553379)  (cost=378 rows=1872)


table 7 : explain SELECT DISTINCT c FROM sbtest7 WHERE id BETWEEN 9769851 AND 9770850 ORDER BY c
	-> Sort: sbtest7.c
    -> Table scan on <temporary>  (cost=809..835 rows=1872)
        -> Temporary table with deduplication  (cost=809..809 rows=1872)
            -> Filter: (sbtest7.id between 9769851 and 9770850)  (cost=378 rows=1872)
                -> Index range scan on sbtest7 using PRIMARY over (9769851 <= id <= 9770850)  (cost=378 rows=1872)


table 8 : explain SELECT DISTINCT c FROM sbtest8 WHERE id BETWEEN 9376156 AND 9377155 ORDER BY c
	-> Sort: sbtest8.c
    -> Table scan on <temporary>  (cost=794..820 rows=1838)
        -> Temporary table with deduplication  (cost=794..794 rows=1838)
            -> Filter: (sbtest8.id between 9376156 and 9377155)  (cost=371 rows=1838)
                -> Index range scan on sbtest8 using PRIMARY over (9376156 <= id <= 9377155)  (cost=371 rows=1838)


for: distinct_ranges
table 1 : explain SELECT DISTINCT c FROM sbtest1 WHERE id BETWEEN 7870859 AND 7871858 ORDER BY c
	-> Sort: sbtest1.c
    -> Table scan on <temporary>  (cost=794..820 rows=1838)
        -> Temporary table with deduplication  (cost=794..794 rows=1838)
            -> Filter: (sbtest1.id between 7870859 and 7871858)  (cost=371 rows=1838)
                -> Index range scan on sbtest1 using PRIMARY over (7870859 <= id <= 7871858)  (cost=371 rows=1838)


table 2 : explain SELECT DISTINCT c FROM sbtest2 WHERE id BETWEEN 538025 AND 539024 ORDER BY c
	-> Sort: sbtest2.c
    -> Table scan on <temporary>  (cost=794..820 rows=1838)
        -> Temporary table with deduplication  (cost=794..794 rows=1838)
            -> Filter: (sbtest2.id between 538025 and 539024)  (cost=371 rows=1838)
                -> Index range scan on sbtest2 using PRIMARY over (538025 <= id <= 539024)  (cost=371 rows=1838)


table 3 : explain SELECT DISTINCT c FROM sbtest3 WHERE id BETWEEN 9744416 AND 9745415 ORDER BY c
	-> Sort: sbtest3.c
    -> Table scan on <temporary>  (cost=794..820 rows=1838)
        -> Temporary table with deduplication  (cost=794..794 rows=1838)
            -> Filter: (sbtest3.id between 9744416 and 9745415)  (cost=371 rows=1838)
                -> Index range scan on sbtest3 using PRIMARY over (9744416 <= id <= 9745415)  (cost=371 rows=1838)


table 4 : explain SELECT DISTINCT c FROM sbtest4 WHERE id BETWEEN 9552940 AND 9553939 ORDER BY c
	-> Sort: sbtest4.c
    -> Table scan on <temporary>  (cost=794..820 rows=1838)
        -> Temporary table with deduplication  (cost=794..794 rows=1838)
            -> Filter: (sbtest4.id between 9552940 and 9553939)  (cost=371 rows=1838)
                -> Index range scan on sbtest4 using PRIMARY over (9552940 <= id <= 9553939)  (cost=371 rows=1838)


table 5 : explain SELECT DISTINCT c FROM sbtest5 WHERE id BETWEEN 8604370 AND 8605369 ORDER BY c
	-> Sort: sbtest5.c
    -> Table scan on <temporary>  (cost=794..820 rows=1838)
        -> Temporary table with deduplication  (cost=794..794 rows=1838)
            -> Filter: (sbtest5.id between 8604370 and 8605369)  (cost=371 rows=1838)
                -> Index range scan on sbtest5 using PRIMARY over (8604370 <= id <= 8605369)  (cost=371 rows=1838)


table 6 : explain SELECT DISTINCT c FROM sbtest6 WHERE id BETWEEN 4414910 AND 4415909 ORDER BY c
	-> Sort: sbtest6.c
    -> Table scan on <temporary>  (cost=794..820 rows=1838)
        -> Temporary table with deduplication  (cost=794..794 rows=1838)
            -> Filter: (sbtest6.id between 4414910 and 4415909)  (cost=371 rows=1838)
                -> Index range scan on sbtest6 using PRIMARY over (4414910 <= id <= 4415909)  (cost=371 rows=1838)


table 7 : explain SELECT DISTINCT c FROM sbtest7 WHERE id BETWEEN 1429761 AND 1430760 ORDER BY c
	-> Sort: sbtest7.c
    -> Table scan on <temporary>  (cost=809..835 rows=1872)
        -> Temporary table with deduplication  (cost=809..809 rows=1872)
            -> Filter: (sbtest7.id between 1429761 and 1430760)  (cost=378 rows=1872)
                -> Index range scan on sbtest7 using PRIMARY over (1429761 <= id <= 1430760)  (cost=378 rows=1872)


table 8 : explain SELECT DISTINCT c FROM sbtest8 WHERE id BETWEEN 7143749 AND 7144748 ORDER BY c
	-> Sort: sbtest8.c
    -> Table scan on <temporary>  (cost=809..835 rows=1872)
        -> Temporary table with deduplication  (cost=809..809 rows=1872)
            -> Filter: (sbtest8.id between 7143749 and 7144748)  (cost=378 rows=1872)
                -> Index range scan on sbtest8 using PRIMARY over (7143749 <= id <= 7144748)  (cost=378 rows=1872)


for: distinct_ranges
table 1 : explain SELECT DISTINCT c FROM sbtest1 WHERE id BETWEEN 3135684 AND 3136683 ORDER BY c
	-> Sort: sbtest1.c
    -> Table scan on <temporary>  (cost=809..835 rows=1872)
        -> Temporary table with deduplication  (cost=809..809 rows=1872)
            -> Filter: (sbtest1.id between 3135684 and 3136683)  (cost=378 rows=1872)
                -> Index range scan on sbtest1 using PRIMARY over (3135684 <= id <= 3136683)  (cost=378 rows=1872)


table 2 : explain SELECT DISTINCT c FROM sbtest2 WHERE id BETWEEN 8178362 AND 8179361 ORDER BY c
	-> Sort: sbtest2.c
    -> Table scan on <temporary>  (cost=794..820 rows=1838)
        -> Temporary table with deduplication  (cost=794..794 rows=1838)
            -> Filter: (sbtest2.id between 8178362 and 8179361)  (cost=371 rows=1838)
                -> Index range scan on sbtest2 using PRIMARY over (8178362 <= id <= 8179361)  (cost=371 rows=1838)


table 3 : explain SELECT DISTINCT c FROM sbtest3 WHERE id BETWEEN 574930 AND 575929 ORDER BY c
	-> Sort: sbtest3.c
    -> Table scan on <temporary>  (cost=809..835 rows=1872)
        -> Temporary table with deduplication  (cost=809..809 rows=1872)
            -> Filter: (sbtest3.id between 574930 and 575929)  (cost=378 rows=1872)
                -> Index range scan on sbtest3 using PRIMARY over (574930 <= id <= 575929)  (cost=378 rows=1872)


table 4 : explain SELECT DISTINCT c FROM sbtest4 WHERE id BETWEEN 8387769 AND 8388768 ORDER BY c
	-> Sort: sbtest4.c
    -> Table scan on <temporary>  (cost=794..820 rows=1838)
        -> Temporary table with deduplication  (cost=794..794 rows=1838)
            -> Filter: (sbtest4.id between 8387769 and 8388768)  (cost=371 rows=1838)
                -> Index range scan on sbtest4 using PRIMARY over (8387769 <= id <= 8388768)  (cost=371 rows=1838)


table 5 : explain SELECT DISTINCT c FROM sbtest5 WHERE id BETWEEN 1274109 AND 1275108 ORDER BY c
	-> Sort: sbtest5.c
    -> Table scan on <temporary>  (cost=809..835 rows=1872)
        -> Temporary table with deduplication  (cost=809..809 rows=1872)
            -> Filter: (sbtest5.id between 1274109 and 1275108)  (cost=378 rows=1872)
                -> Index range scan on sbtest5 using PRIMARY over (1274109 <= id <= 1275108)  (cost=378 rows=1872)


table 6 : explain SELECT DISTINCT c FROM sbtest6 WHERE id BETWEEN 9325859 AND 9326858 ORDER BY c
	-> Sort: sbtest6.c
    -> Table scan on <temporary>  (cost=794..820 rows=1838)
        -> Temporary table with deduplication  (cost=794..794 rows=1838)
            -> Filter: (sbtest6.id between 9325859 and 9326858)  (cost=371 rows=1838)
                -> Index range scan on sbtest6 using PRIMARY over (9325859 <= id <= 9326858)  (cost=371 rows=1838)


table 7 : explain SELECT DISTINCT c FROM sbtest7 WHERE id BETWEEN 4953951 AND 4954950 ORDER BY c
	-> Sort: sbtest7.c
    -> Table scan on <temporary>  (cost=794..820 rows=1838)
        -> Temporary table with deduplication  (cost=794..794 rows=1838)
            -> Filter: (sbtest7.id between 4953951 and 4954950)  (cost=371 rows=1838)
                -> Index range scan on sbtest7 using PRIMARY over (4953951 <= id <= 4954950)  (cost=371 rows=1838)


table 8 : explain SELECT DISTINCT c FROM sbtest8 WHERE id BETWEEN 7276361 AND 7277360 ORDER BY c
	-> Sort: sbtest8.c
    -> Table scan on <temporary>  (cost=794..820 rows=1838)
        -> Temporary table with deduplication  (cost=794..794 rows=1838)
            -> Filter: (sbtest8.id between 7276361 and 7277360)  (cost=371 rows=1838)
                -> Index range scan on sbtest8 using PRIMARY over (7276361 <= id <= 7277360)  (cost=371 rows=1838)


for: distinct_ranges
table 1 : explain SELECT DISTINCT c FROM sbtest1 WHERE id BETWEEN 4219238 AND 4220237 ORDER BY c
	-> Sort: sbtest1.c
    -> Table scan on <temporary>  (cost=809..835 rows=1872)
        -> Temporary table with deduplication  (cost=809..809 rows=1872)
            -> Filter: (sbtest1.id between 4219238 and 4220237)  (cost=378 rows=1872)
                -> Index range scan on sbtest1 using PRIMARY over (4219238 <= id <= 4220237)  (cost=378 rows=1872)


table 2 : explain SELECT DISTINCT c FROM sbtest2 WHERE id BETWEEN 5146446 AND 5147445 ORDER BY c
	-> Sort: sbtest2.c
    -> Table scan on <temporary>  (cost=794..820 rows=1838)
        -> Temporary table with deduplication  (cost=794..794 rows=1838)
            -> Filter: (sbtest2.id between 5146446 and 5147445)  (cost=371 rows=1838)
                -> Index range scan on sbtest2 using PRIMARY over (5146446 <= id <= 5147445)  (cost=371 rows=1838)


table 3 : explain SELECT DISTINCT c FROM sbtest3 WHERE id BETWEEN 6076393 AND 6077392 ORDER BY c
	-> Sort: sbtest3.c
    -> Table scan on <temporary>  (cost=794..820 rows=1838)
        -> Temporary table with deduplication  (cost=794..794 rows=1838)
            -> Filter: (sbtest3.id between 6076393 and 6077392)  (cost=371 rows=1838)
                -> Index range scan on sbtest3 using PRIMARY over (6076393 <= id <= 6077392)  (cost=371 rows=1838)


table 4 : explain SELECT DISTINCT c FROM sbtest4 WHERE id BETWEEN 8400520 AND 8401519 ORDER BY c
	-> Sort: sbtest4.c
    -> Table scan on <temporary>  (cost=809..835 rows=1872)
        -> Temporary table with deduplication  (cost=809..809 rows=1872)
            -> Filter: (sbtest4.id between 8400520 and 8401519)  (cost=378 rows=1872)
                -> Index range scan on sbtest4 using PRIMARY over (8400520 <= id <= 8401519)  (cost=378 rows=1872)


table 5 : explain SELECT DISTINCT c FROM sbtest5 WHERE id BETWEEN 8770821 AND 8771820 ORDER BY c
	-> Sort: sbtest5.c
    -> Table scan on <temporary>  (cost=794..820 rows=1838)
        -> Temporary table with deduplication  (cost=794..794 rows=1838)
            -> Filter: (sbtest5.id between 8770821 and 8771820)  (cost=371 rows=1838)
                -> Index range scan on sbtest5 using PRIMARY over (8770821 <= id <= 8771820)  (cost=371 rows=1838)


table 6 : explain SELECT DISTINCT c FROM sbtest6 WHERE id BETWEEN 4234690 AND 4235689 ORDER BY c
	-> Sort: sbtest6.c
    -> Table scan on <temporary>  (cost=794..820 rows=1838)
        -> Temporary table with deduplication  (cost=794..794 rows=1838)
            -> Filter: (sbtest6.id between 4234690 and 4235689)  (cost=371 rows=1838)
                -> Index range scan on sbtest6 using PRIMARY over (4234690 <= id <= 4235689)  (cost=371 rows=1838)


table 7 : explain SELECT DISTINCT c FROM sbtest7 WHERE id BETWEEN 9086387 AND 9087386 ORDER BY c
	-> Sort: sbtest7.c
    -> Table scan on <temporary>  (cost=794..820 rows=1838)
        -> Temporary table with deduplication  (cost=794..794 rows=1838)
            -> Filter: (sbtest7.id between 9086387 and 9087386)  (cost=371 rows=1838)
                -> Index range scan on sbtest7 using PRIMARY over (9086387 <= id <= 9087386)  (cost=371 rows=1838)


table 8 : explain SELECT DISTINCT c FROM sbtest8 WHERE id BETWEEN 4811472 AND 4812471 ORDER BY c
	-> Sort: sbtest8.c
    -> Table scan on <temporary>  (cost=809..835 rows=1872)
        -> Temporary table with deduplication  (cost=809..809 rows=1872)
            -> Filter: (sbtest8.id between 4811472 and 4812471)  (cost=378 rows=1872)
                -> Index range scan on sbtest8 using PRIMARY over (4811472 <= id <= 4812471)  (cost=378 rows=1872)


for: distinct_ranges
table 1 : explain SELECT DISTINCT c FROM sbtest1 WHERE id BETWEEN 3154928 AND 3155927 ORDER BY c
	-> Sort: sbtest1.c
    -> Table scan on <temporary>  (cost=794..820 rows=1838)
        -> Temporary table with deduplication  (cost=794..794 rows=1838)
            -> Filter: (sbtest1.id between 3154928 and 3155927)  (cost=371 rows=1838)
                -> Index range scan on sbtest1 using PRIMARY over (3154928 <= id <= 3155927)  (cost=371 rows=1838)


table 2 : explain SELECT DISTINCT c FROM sbtest2 WHERE id BETWEEN 8108142 AND 8109141 ORDER BY c
	-> Sort: sbtest2.c
    -> Table scan on <temporary>  (cost=794..820 rows=1838)
        -> Temporary table with deduplication  (cost=794..794 rows=1838)
            -> Filter: (sbtest2.id between 8108142 and 8109141)  (cost=371 rows=1838)
                -> Index range scan on sbtest2 using PRIMARY over (8108142 <= id <= 8109141)  (cost=371 rows=1838)


table 3 : explain SELECT DISTINCT c FROM sbtest3 WHERE id BETWEEN 7304731 AND 7305730 ORDER BY c
	-> Sort: sbtest3.c
    -> Table scan on <temporary>  (cost=809..835 rows=1872)
        -> Temporary table with deduplication  (cost=809..809 rows=1872)
            -> Filter: (sbtest3.id between 7304731 and 7305730)  (cost=378 rows=1872)
                -> Index range scan on sbtest3 using PRIMARY over (7304731 <= id <= 7305730)  (cost=378 rows=1872)


table 4 : explain SELECT DISTINCT c FROM sbtest4 WHERE id BETWEEN 8909448 AND 8910447 ORDER BY c
	-> Sort: sbtest4.c
    -> Table scan on <temporary>  (cost=794..820 rows=1838)
        -> Temporary table with deduplication  (cost=794..794 rows=1838)
            -> Filter: (sbtest4.id between 8909448 and 8910447)  (cost=371 rows=1838)
                -> Index range scan on sbtest4 using PRIMARY over (8909448 <= id <= 8910447)  (cost=371 rows=1838)


table 5 : explain SELECT DISTINCT c FROM sbtest5 WHERE id BETWEEN 8097470 AND 8098469 ORDER BY c
	-> Sort: sbtest5.c
    -> Table scan on <temporary>  (cost=794..820 rows=1838)
        -> Temporary table with deduplication  (cost=794..794 rows=1838)
            -> Filter: (sbtest5.id between 8097470 and 8098469)  (cost=371 rows=1838)
                -> Index range scan on sbtest5 using PRIMARY over (8097470 <= id <= 8098469)  (cost=371 rows=1838)


table 6 : explain SELECT DISTINCT c FROM sbtest6 WHERE id BETWEEN 8763836 AND 8764835 ORDER BY c
	-> Sort: sbtest6.c
    -> Table scan on <temporary>  (cost=809..835 rows=1872)
        -> Temporary table with deduplication  (cost=809..809 rows=1872)
            -> Filter: (sbtest6.id between 8763836 and 8764835)  (cost=378 rows=1872)
                -> Index range scan on sbtest6 using PRIMARY over (8763836 <= id <= 8764835)  (cost=378 rows=1872)


table 7 : explain SELECT DISTINCT c FROM sbtest7 WHERE id BETWEEN 6861268 AND 6862267 ORDER BY c
	-> Sort: sbtest7.c
    -> Table scan on <temporary>  (cost=794..820 rows=1838)
        -> Temporary table with deduplication  (cost=794..794 rows=1838)
            -> Filter: (sbtest7.id between 6861268 and 6862267)  (cost=371 rows=1838)
                -> Index range scan on sbtest7 using PRIMARY over (6861268 <= id <= 6862267)  (cost=371 rows=1838)


table 8 : explain SELECT DISTINCT c FROM sbtest8 WHERE id BETWEEN 2740811 AND 2741810 ORDER BY c
	-> Sort: sbtest8.c
    -> Table scan on <temporary>  (cost=794..820 rows=1838)
        -> Temporary table with deduplication  (cost=794..794 rows=1838)
            -> Filter: (sbtest8.id between 2740811 and 2741810)  (cost=371 rows=1838)
                -> Index range scan on sbtest8 using PRIMARY over (2740811 <= id <= 2741810)  (cost=371 rows=1838)


for: distinct_ranges
table 1 : explain SELECT DISTINCT c FROM sbtest1 WHERE id BETWEEN 3797820 AND 3798819 ORDER BY c
	-> Sort: sbtest1.c
    -> Table scan on <temporary>  (cost=794..820 rows=1838)
        -> Temporary table with deduplication  (cost=794..794 rows=1838)
            -> Filter: (sbtest1.id between 3797820 and 3798819)  (cost=371 rows=1838)
                -> Index range scan on sbtest1 using PRIMARY over (3797820 <= id <= 3798819)  (cost=371 rows=1838)


table 2 : explain SELECT DISTINCT c FROM sbtest2 WHERE id BETWEEN 651559 AND 652558 ORDER BY c
	-> Sort: sbtest2.c
    -> Table scan on <temporary>  (cost=794..820 rows=1838)
        -> Temporary table with deduplication  (cost=794..794 rows=1838)
            -> Filter: (sbtest2.id between 651559 and 652558)  (cost=371 rows=1838)
                -> Index range scan on sbtest2 using PRIMARY over (651559 <= id <= 652558)  (cost=371 rows=1838)


table 3 : explain SELECT DISTINCT c FROM sbtest3 WHERE id BETWEEN 4168234 AND 4169233 ORDER BY c
	-> Sort: sbtest3.c
    -> Table scan on <temporary>  (cost=794..820 rows=1838)
        -> Temporary table with deduplication  (cost=794..794 rows=1838)
            -> Filter: (sbtest3.id between 4168234 and 4169233)  (cost=371 rows=1838)
                -> Index range scan on sbtest3 using PRIMARY over (4168234 <= id <= 4169233)  (cost=371 rows=1838)


table 4 : explain SELECT DISTINCT c FROM sbtest4 WHERE id BETWEEN 1653188 AND 1654187 ORDER BY c
	-> Sort: sbtest4.c
    -> Table scan on <temporary>  (cost=794..820 rows=1838)
        -> Temporary table with deduplication  (cost=794..794 rows=1838)
            -> Filter: (sbtest4.id between 1653188 and 1654187)  (cost=371 rows=1838)
                -> Index range scan on sbtest4 using PRIMARY over (1653188 <= id <= 1654187)  (cost=371 rows=1838)


table 5 : explain SELECT DISTINCT c FROM sbtest5 WHERE id BETWEEN 3706782 AND 3707781 ORDER BY c
	-> Sort: sbtest5.c
    -> Table scan on <temporary>  (cost=794..820 rows=1838)
        -> Temporary table with deduplication  (cost=794..794 rows=1838)
            -> Filter: (sbtest5.id between 3706782 and 3707781)  (cost=371 rows=1838)
                -> Index range scan on sbtest5 using PRIMARY over (3706782 <= id <= 3707781)  (cost=371 rows=1838)


table 6 : explain SELECT DISTINCT c FROM sbtest6 WHERE id BETWEEN 6606546 AND 6607545 ORDER BY c
	-> Sort: sbtest6.c
    -> Table scan on <temporary>  (cost=809..835 rows=1872)
        -> Temporary table with deduplication  (cost=809..809 rows=1872)
            -> Filter: (sbtest6.id between 6606546 and 6607545)  (cost=378 rows=1872)
                -> Index range scan on sbtest6 using PRIMARY over (6606546 <= id <= 6607545)  (cost=378 rows=1872)


table 7 : explain SELECT DISTINCT c FROM sbtest7 WHERE id BETWEEN 9807621 AND 9808620 ORDER BY c
	-> Sort: sbtest7.c
    -> Table scan on <temporary>  (cost=794..820 rows=1838)
        -> Temporary table with deduplication  (cost=794..794 rows=1838)
            -> Filter: (sbtest7.id between 9807621 and 9808620)  (cost=371 rows=1838)
                -> Index range scan on sbtest7 using PRIMARY over (9807621 <= id <= 9808620)  (cost=371 rows=1838)


table 8 : explain SELECT DISTINCT c FROM sbtest8 WHERE id BETWEEN 4284036 AND 4285035 ORDER BY c
	-> Sort: sbtest8.c
    -> Table scan on <temporary>  (cost=794..820 rows=1838)
        -> Temporary table with deduplication  (cost=794..794 rows=1838)
            -> Filter: (sbtest8.id between 4284036 and 4285035)  (cost=371 rows=1838)
                -> Index range scan on sbtest8 using PRIMARY over (4284036 <= id <= 4285035)  (cost=371 rows=1838)


for: distinct_ranges
table 1 : explain SELECT DISTINCT c FROM sbtest1 WHERE id BETWEEN 7164832 AND 7165831 ORDER BY c
	-> Sort: sbtest1.c
    -> Table scan on <temporary>  (cost=794..820 rows=1838)
        -> Temporary table with deduplication  (cost=794..794 rows=1838)
            -> Filter: (sbtest1.id between 7164832 and 7165831)  (cost=371 rows=1838)
                -> Index range scan on sbtest1 using PRIMARY over (7164832 <= id <= 7165831)  (cost=371 rows=1838)


table 2 : explain SELECT DISTINCT c FROM sbtest2 WHERE id BETWEEN 6251345 AND 6252344 ORDER BY c
	-> Sort: sbtest2.c
    -> Table scan on <temporary>  (cost=794..820 rows=1838)
        -> Temporary table with deduplication  (cost=794..794 rows=1838)
            -> Filter: (sbtest2.id between 6251345 and 6252344)  (cost=371 rows=1838)
                -> Index range scan on sbtest2 using PRIMARY over (6251345 <= id <= 6252344)  (cost=371 rows=1838)


table 3 : explain SELECT DISTINCT c FROM sbtest3 WHERE id BETWEEN 624612 AND 625611 ORDER BY c
	-> Sort: sbtest3.c
    -> Table scan on <temporary>  (cost=794..820 rows=1838)
        -> Temporary table with deduplication  (cost=794..794 rows=1838)
            -> Filter: (sbtest3.id between 624612 and 625611)  (cost=371 rows=1838)
                -> Index range scan on sbtest3 using PRIMARY over (624612 <= id <= 625611)  (cost=371 rows=1838)


table 4 : explain SELECT DISTINCT c FROM sbtest4 WHERE id BETWEEN 7603793 AND 7604792 ORDER BY c
	-> Sort: sbtest4.c
    -> Table scan on <temporary>  (cost=809..835 rows=1872)
        -> Temporary table with deduplication  (cost=809..809 rows=1872)
            -> Filter: (sbtest4.id between 7603793 and 7604792)  (cost=378 rows=1872)
                -> Index range scan on sbtest4 using PRIMARY over (7603793 <= id <= 7604792)  (cost=378 rows=1872)


table 5 : explain SELECT DISTINCT c FROM sbtest5 WHERE id BETWEEN 5463488 AND 5464487 ORDER BY c
	-> Sort: sbtest5.c
    -> Table scan on <temporary>  (cost=794..820 rows=1838)
        -> Temporary table with deduplication  (cost=794..794 rows=1838)
            -> Filter: (sbtest5.id between 5463488 and 5464487)  (cost=371 rows=1838)
                -> Index range scan on sbtest5 using PRIMARY over (5463488 <= id <= 5464487)  (cost=371 rows=1838)


table 6 : explain SELECT DISTINCT c FROM sbtest6 WHERE id BETWEEN 9874513 AND 9875512 ORDER BY c
	-> Sort: sbtest6.c
    -> Table scan on <temporary>  (cost=794..820 rows=1838)
        -> Temporary table with deduplication  (cost=794..794 rows=1838)
            -> Filter: (sbtest6.id between 9874513 and 9875512)  (cost=371 rows=1838)
                -> Index range scan on sbtest6 using PRIMARY over (9874513 <= id <= 9875512)  (cost=371 rows=1838)


table 7 : explain SELECT DISTINCT c FROM sbtest7 WHERE id BETWEEN 4577520 AND 4578519 ORDER BY c
	-> Sort: sbtest7.c
    -> Table scan on <temporary>  (cost=809..835 rows=1872)
        -> Temporary table with deduplication  (cost=809..809 rows=1872)
            -> Filter: (sbtest7.id between 4577520 and 4578519)  (cost=378 rows=1872)
                -> Index range scan on sbtest7 using PRIMARY over (4577520 <= id <= 4578519)  (cost=378 rows=1872)


table 8 : explain SELECT DISTINCT c FROM sbtest8 WHERE id BETWEEN 3407671 AND 3408670 ORDER BY c
	-> Sort: sbtest8.c
    -> Table scan on <temporary>  (cost=794..820 rows=1838)
        -> Temporary table with deduplication  (cost=794..794 rows=1838)
            -> Filter: (sbtest8.id between 3407671 and 3408670)  (cost=371 rows=1838)
                -> Index range scan on sbtest8 using PRIMARY over (3407671 <= id <= 3408670)  (cost=371 rows=1838)


for: order_ranges
table 1 : explain SELECT c FROM sbtest1 WHERE id BETWEEN 3862004 AND 3863003 ORDER BY c
	-> Sort: sbtest1.c  (cost=371 rows=1838)
    -> Filter: (sbtest1.id between 3862004 and 3863003)  (cost=371 rows=1838)
        -> Index range scan on sbtest1 using PRIMARY over (3862004 <= id <= 3863003)  (cost=371 rows=1838)


table 2 : explain SELECT c FROM sbtest2 WHERE id BETWEEN 2041954 AND 2042953 ORDER BY c
	-> Sort: sbtest2.c  (cost=371 rows=1838)
    -> Filter: (sbtest2.id between 2041954 and 2042953)  (cost=371 rows=1838)
        -> Index range scan on sbtest2 using PRIMARY over (2041954 <= id <= 2042953)  (cost=371 rows=1838)


table 3 : explain SELECT c FROM sbtest3 WHERE id BETWEEN 6845744 AND 6846743 ORDER BY c
	-> Sort: sbtest3.c  (cost=371 rows=1838)
    -> Filter: (sbtest3.id between 6845744 and 6846743)  (cost=371 rows=1838)
        -> Index range scan on sbtest3 using PRIMARY over (6845744 <= id <= 6846743)  (cost=371 rows=1838)


table 4 : explain SELECT c FROM sbtest4 WHERE id BETWEEN 5834789 AND 5835788 ORDER BY c
	-> Sort: sbtest4.c  (cost=378 rows=1872)
    -> Filter: (sbtest4.id between 5834789 and 5835788)  (cost=378 rows=1872)
        -> Index range scan on sbtest4 using PRIMARY over (5834789 <= id <= 5835788)  (cost=378 rows=1872)


table 5 : explain SELECT c FROM sbtest5 WHERE id BETWEEN 3004522 AND 3005521 ORDER BY c
	-> Sort: sbtest5.c  (cost=371 rows=1838)
    -> Filter: (sbtest5.id between 3004522 and 3005521)  (cost=371 rows=1838)
        -> Index range scan on sbtest5 using PRIMARY over (3004522 <= id <= 3005521)  (cost=371 rows=1838)


table 6 : explain SELECT c FROM sbtest6 WHERE id BETWEEN 9053738 AND 9054737 ORDER BY c
	-> Sort: sbtest6.c  (cost=378 rows=1872)
    -> Filter: (sbtest6.id between 9053738 and 9054737)  (cost=378 rows=1872)
        -> Index range scan on sbtest6 using PRIMARY over (9053738 <= id <= 9054737)  (cost=378 rows=1872)


table 7 : explain SELECT c FROM sbtest7 WHERE id BETWEEN 736982 AND 737981 ORDER BY c
	-> Sort: sbtest7.c  (cost=378 rows=1872)
    -> Filter: (sbtest7.id between 736982 and 737981)  (cost=378 rows=1872)
        -> Index range scan on sbtest7 using PRIMARY over (736982 <= id <= 737981)  (cost=378 rows=1872)


table 8 : explain SELECT c FROM sbtest8 WHERE id BETWEEN 7701368 AND 7702367 ORDER BY c
	-> Sort: sbtest8.c  (cost=371 rows=1838)
    -> Filter: (sbtest8.id between 7701368 and 7702367)  (cost=371 rows=1838)
        -> Index range scan on sbtest8 using PRIMARY over (7701368 <= id <= 7702367)  (cost=371 rows=1838)


for: distinct_ranges
table 1 : explain SELECT DISTINCT c FROM sbtest1 WHERE id BETWEEN 805460 AND 806459 ORDER BY c
	-> Sort: sbtest1.c
    -> Table scan on <temporary>  (cost=809..835 rows=1872)
        -> Temporary table with deduplication  (cost=809..809 rows=1872)
            -> Filter: (sbtest1.id between 805460 and 806459)  (cost=378 rows=1872)
                -> Index range scan on sbtest1 using PRIMARY over (805460 <= id <= 806459)  (cost=378 rows=1872)


table 2 : explain SELECT DISTINCT c FROM sbtest2 WHERE id BETWEEN 3349109 AND 3350108 ORDER BY c
	-> Sort: sbtest2.c
    -> Table scan on <temporary>  (cost=794..820 rows=1838)
        -> Temporary table with deduplication  (cost=794..794 rows=1838)
            -> Filter: (sbtest2.id between 3349109 and 3350108)  (cost=371 rows=1838)
                -> Index range scan on sbtest2 using PRIMARY over (3349109 <= id <= 3350108)  (cost=371 rows=1838)


table 3 : explain SELECT DISTINCT c FROM sbtest3 WHERE id BETWEEN 2697436 AND 2698435 ORDER BY c
	-> Sort: sbtest3.c
    -> Table scan on <temporary>  (cost=794..820 rows=1838)
        -> Temporary table with deduplication  (cost=794..794 rows=1838)
            -> Filter: (sbtest3.id between 2697436 and 2698435)  (cost=371 rows=1838)
                -> Index range scan on sbtest3 using PRIMARY over (2697436 <= id <= 2698435)  (cost=371 rows=1838)


table 4 : explain SELECT DISTINCT c FROM sbtest4 WHERE id BETWEEN 3758143 AND 3759142 ORDER BY c
	-> Sort: sbtest4.c
    -> Table scan on <temporary>  (cost=794..820 rows=1838)
        -> Temporary table with deduplication  (cost=794..794 rows=1838)
            -> Filter: (sbtest4.id between 3758143 and 3759142)  (cost=371 rows=1838)
                -> Index range scan on sbtest4 using PRIMARY over (3758143 <= id <= 3759142)  (cost=371 rows=1838)


table 5 : explain SELECT DISTINCT c FROM sbtest5 WHERE id BETWEEN 1275943 AND 1276942 ORDER BY c
	-> Sort: sbtest5.c
    -> Table scan on <temporary>  (cost=809..835 rows=1872)
        -> Temporary table with deduplication  (cost=809..809 rows=1872)
            -> Filter: (sbtest5.id between 1275943 and 1276942)  (cost=378 rows=1872)
                -> Index range scan on sbtest5 using PRIMARY over (1275943 <= id <= 1276942)  (cost=378 rows=1872)


table 6 : explain SELECT DISTINCT c FROM sbtest6 WHERE id BETWEEN 6923245 AND 6924244 ORDER BY c
	-> Sort: sbtest6.c
    -> Table scan on <temporary>  (cost=794..820 rows=1838)
        -> Temporary table with deduplication  (cost=794..794 rows=1838)
            -> Filter: (sbtest6.id between 6923245 and 6924244)  (cost=371 rows=1838)
                -> Index range scan on sbtest6 using PRIMARY over (6923245 <= id <= 6924244)  (cost=371 rows=1838)


table 7 : explain SELECT DISTINCT c FROM sbtest7 WHERE id BETWEEN 9715445 AND 9716444 ORDER BY c
	-> Sort: sbtest7.c
    -> Table scan on <temporary>  (cost=794..820 rows=1838)
        -> Temporary table with deduplication  (cost=794..794 rows=1838)
            -> Filter: (sbtest7.id between 9715445 and 9716444)  (cost=371 rows=1838)
                -> Index range scan on sbtest7 using PRIMARY over (9715445 <= id <= 9716444)  (cost=371 rows=1838)


table 8 : explain SELECT DISTINCT c FROM sbtest8 WHERE id BETWEEN 6484573 AND 6485572 ORDER BY c
	-> Sort: sbtest8.c
    -> Table scan on <temporary>  (cost=809..835 rows=1872)
        -> Temporary table with deduplication  (cost=809..809 rows=1872)
            -> Filter: (sbtest8.id between 6484573 and 6485572)  (cost=378 rows=1872)
                -> Index range scan on sbtest8 using PRIMARY over (6484573 <= id <= 6485572)  (cost=378 rows=1872)


Threads started!

Warming up for 5 seconds...

SQL statistics:
    queries performed:
        read:                            151274698
        write:                           0
        other:                           27504507
        total:                           178779205
    transactions:                        13752273 (21828.50 per sec.)
    queries:                             178779205 (283769.91 per sec.)
    ignored errors:                      0      (0.00 per sec.)
    reconnects:                          0      (0.00 per sec.)

Throughput:
    events/s (eps):                      21828.4969
    time elapsed:                        630.0148s
    total number of events:              13752273

Latency (ms):
         min:                                    0.70
         avg:                                    1.83
         max:                                   17.91
         95th percentile:                        1.89
         sum:                             25185924.27

Threads fairness:
    events (avg/stddev):           343806.4000/1151.16
    execution time (avg/stddev):   629.6481/0.00

